core   0: 0x00001000 (0x00000297) auipc   t0, 0x0
core   0: 3 0x00001000 (0x00000297) x 5 0x00001000
core   0: 0x00001004 (0x02028593) addi    a1, t0, 32
core   0: 3 0x00001004 (0x02028593) x11 0x00001020
core   0: 0x00001008 (0xf1402573) csrr    a0, mhartid
core   0: 3 0x00001008 (0xf1402573) x10 0x00000000
core   0: 0x0000100c (0x0182a283) lw      t0, 24(t0)
core   0: 3 0x0000100c (0x0182a283) x 5 0x80000000 mem 0x00001018
core   0: 0x00001010 (0x00028067) jr      t0
core   0: 3 0x00001010 (0x00028067)
core   0: 0x80000000 (0xf14022f3) csrr    t0, mhartid
core   0: 3 0x80000000 (0xf14022f3) x 5 0x00000000
core   0: 0x80000004 (0x00004301) c.li    t1, 0
core   0: 3 0x80000004 (0x4301) x 6 0x00000000
core   0: 0x80000006 (0x00628263) beq     t0, t1, pc + 4
core   0: 3 0x80000006 (0x00628263)
core   0: 0x8000000a (0x00000517) auipc   a0, 0x0
core   0: 3 0x8000000a (0x00000517) x10 0x8000000a
core   0: 0x8000000e (0x00c50513) addi    a0, a0, 12
core   0: 3 0x8000000e (0x00c50513) x10 0x80000016
core   0: 0x80000012 (0x00050067) jr      a0
core   0: 3 0x80000012 (0x00050067)
core   0: 0x80000016 (0x40001337) lui     t1, 0x40001
core   0: 3 0x80000016 (0x40001337) x 6 0x40001000
core   0: 0x8000001a (0x10430313) addi    t1, t1, 260
core   0: 3 0x8000001a (0x10430313) x 6 0x40001104
core   0: 0x8000001e (0x30131073) csrw    misa, t1
core   0: 3 0x8000001e (0x30131073) c769_misa 0x40141104
core   0: 0x80000022 (0x0002ac97) auipc   s9, 0x2a
core   0: 3 0x80000022 (0x0002ac97) x25 0x8002a022
core   0: 0x80000026 (0xcc2c8c93) addi    s9, s9, -830
core   0: 3 0x80000026 (0xcc2c8c93) x25 0x80029ce4
core   0: 0x8000002a (0x00010317) auipc   t1, 0x10
core   0: 3 0x8000002a (0x00010317) x 6 0x8001002a
core   0: 0x8000002e (0x99630313) addi    t1, t1, -1642
core   0: 3 0x8000002e (0x99630313) x 6 0x8000f9c0
core   0: 0x80000032 (0x00136313) ori     t1, t1, 1
core   0: 3 0x80000032 (0x00136313) x 6 0x8000f9c1
core   0: 0x80000036 (0x30531073) csrw    mtvec, t1
core   0: 3 0x80000036 (0x30531073) c773_mtvec 0x8000f9c1
core   0: 0x8000003a (0x00000317) auipc   t1, 0x0
core   0: 3 0x8000003a (0x00000317) x 6 0x8000003a
core   0: 0x8000003e (0x02430313) addi    t1, t1, 36
core   0: 3 0x8000003e (0x02430313) x 6 0x8000005e
core   0: 0x80000042 (0x34131073) csrw    mepc, t1
core   0: 3 0x80000042 (0x34131073) c833_mepc 0x8000005e
core   0: 0x80000046 (0x00000001) c.nop
core   0: 3 0x80000046 (0x0001)
core   0: 0x80000048 (0x00002337) lui     t1, 0x2
core   0: 3 0x80000048 (0x00002337) x 6 0x00002000
core   0: 0x8000004c (0x80030313) addi    t1, t1, -2048
core   0: 3 0x8000004c (0x80030313) x 6 0x00001800
core   0: 0x80000050 (0x30031073) csrw    mstatus, t1
core   0: 3 0x80000050 (0x30031073) c768_mstatus 0x00001800
core   0: 0x80000054 (0x00004301) c.li    t1, 0
core   0: 3 0x80000054 (0x4301) x 6 0x00000000
core   0: 0x80000056 (0x30431073) csrw    mie, t1
core   0: 3 0x80000056 (0x30431073) c772_mie 0x00000000
core   0: 0x8000005a (0x30200073) mret
core   0: 3 0x8000005a (0x30200073) c768_mstatus 0x00000080
core   0: >>>>  init
core   0: 0x8000005e (0x00600013) li      zero, 6
core   0: 3 0x8000005e (0x00600013)
core   0: 0x80000062 (0x000040b1) c.li    ra, 12
core   0: 3 0x80000062 (0x40b1) x 1 0x0000000c
core   0: 0x80000064 (0x00004101) c.li    sp, 0
core   0: 3 0x80000064 (0x4101) x 2 0x00000000
core   0: 0x80000066 (0xfc7951b7) lui     gp, 0xfc795
core   0: 3 0x80000066 (0xfc7951b7) x 3 0xfc795000
core   0: 0x8000006a (0xc7818193) addi    gp, gp, -904
core   0: 3 0x8000006a (0xc7818193) x 3 0xfc794c78
core   0: 0x8000006e (0x80000237) lui     tp, 0x80000
core   0: 3 0x8000006e (0x80000237) x 4 0x80000000
core   0: 0x80000072 (0x00004281) c.li    t0, 0
core   0: 3 0x80000072 (0x4281) x 5 0x00000000
core   0: 0x80000074 (0x80000337) lui     t1, 0x80000
core   0: 3 0x80000074 (0x80000337) x 6 0x80000000
core   0: 0x80000078 (0x00004381) c.li    t2, 0
core   0: 3 0x80000078 (0x4381) x 7 0x00000000
core   0: 0x8000007a (0xf7457437) lui     s0, 0xf7457
core   0: 3 0x8000007a (0xf7457437) x 8 0xf7457000
core   0: 0x8000007e (0x0ae40413) addi    s0, s0, 174
core   0: 3 0x8000007e (0x0ae40413) x 8 0xf74570ae
core   0: 0x80000082 (0x0a2024b7) lui     s1, 0xa202
core   0: 3 0x80000082 (0x0a2024b7) x 9 0x0a202000
core   0: 0x80000086 (0x52448493) addi    s1, s1, 1316
core   0: 3 0x80000086 (0x52448493) x 9 0x0a202524
core   0: 0x8000008a (0x00004535) c.li    a0, 13
core   0: 3 0x8000008a (0x4535) x10 0x0000000d
core   0: 0x8000008c (0xf45dc5b7) lui     a1, 0xf45dc
core   0: 3 0x8000008c (0xf45dc5b7) x11 0xf45dc000
core   0: 0x80000090 (0x96858593) addi    a1, a1, -1688
core   0: 3 0x80000090 (0x96858593) x11 0xf45db968
core   0: 0x80000094 (0x00004601) c.li    a2, 0
core   0: 3 0x80000094 (0x4601) x12 0x00000000
core   0: 0x80000096 (0x958ee6b7) lui     a3, 0x958ee
core   0: 3 0x80000096 (0x958ee6b7) x13 0x958ee000
core   0: 0x8000009a (0x43b68693) addi    a3, a3, 1083
core   0: 3 0x8000009a (0x43b68693) x13 0x958ee43b
core   0: 0x8000009e (0x00004701) c.li    a4, 0
core   0: 3 0x8000009e (0x4701) x14 0x00000000
core   0: 0x800000a0 (0x800007b7) lui     a5, 0x80000
core   0: 3 0x800000a0 (0x800007b7) x15 0x80000000
core   0: 0x800000a4 (0x00004825) c.li    a6, 9
core   0: 3 0x800000a4 (0x4825) x16 0x00000009
core   0: 0x800000a6 (0x00004905) c.li    s2, 1
core   0: 3 0x800000a6 (0x4905) x18 0x00000001
core   0: 0x800000a8 (0x00004985) c.li    s3, 1
core   0: 3 0x800000a8 (0x4985) x19 0x00000001
core   0: 0x800000aa (0x80000a37) lui     s4, 0x80000
core   0: 3 0x800000aa (0x80000a37) x20 0x80000000
core   0: 0x800000ae (0xa4f02ab7) lui     s5, 0xa4f02
core   0: 3 0x800000ae (0xa4f02ab7) x21 0xa4f02000
core   0: 0x800000b2 (0x459a8a93) addi    s5, s5, 1113
core   0: 3 0x800000b2 (0x459a8a93) x21 0xa4f02459
core   0: 0x800000b6 (0x00004b01) c.li    s6, 0
core   0: 3 0x800000b6 (0x4b01) x22 0x00000000
core   0: 0x800000b8 (0xdaa12bb7) lui     s7, 0xdaa12
core   0: 3 0x800000b8 (0xdaa12bb7) x23 0xdaa12000
core   0: 0x800000bc (0x0c5b8b93) addi    s7, s7, 197
core   0: 3 0x800000bc (0x0c5b8b93) x23 0xdaa120c5
core   0: 0x800000c0 (0xbf482c37) lui     s8, 0xbf482
core   0: 3 0x800000c0 (0xbf482c37) x24 0xbf482000
core   0: 0x800000c4 (0xa8ec0c13) addi    s8, s8, -1394
core   0: 3 0x800000c4 (0xa8ec0c13) x24 0xbf481a8e
core   0: 0x800000c8 (0xfc914d37) lui     s10, 0xfc914
core   0: 3 0x800000c8 (0xfc914d37) x26 0xfc914000
core   0: 0x800000cc (0x919d0d13) addi    s10, s10, -1767
core   0: 3 0x800000cc (0x919d0d13) x26 0xfc913919
core   0: 0x800000d0 (0xfcc53db7) lui     s11, 0xfcc53
core   0: 3 0x800000d0 (0xfcc53db7) x27 0xfcc53000
core   0: 0x800000d4 (0xfb9d8d93) addi    s11, s11, -71
core   0: 3 0x800000d4 (0xfb9d8d93) x27 0xfcc52fb9
core   0: 0x800000d8 (0x00004e01) c.li    t3, 0
core   0: 3 0x800000d8 (0x4e01) x28 0x00000000
core   0: 0x800000da (0x00004e81) c.li    t4, 0
core   0: 3 0x800000da (0x4e81) x29 0x00000000
core   0: 0x800000dc (0x00004f01) c.li    t5, 0
core   0: 3 0x800000dc (0x4f01) x30 0x00000000
core   0: 0x800000de (0x00004f91) c.li    t6, 4
core   0: 3 0x800000de (0x4f91) x31 0x00000004
core   0: 0x800000e0 (0x00026897) auipc   a7, 0x26
core   0: 3 0x800000e0 (0x00026897) x17 0x800260e0
core   0: 0x800000e4 (0xd8488893) addi    a7, a7, -636
core   0: 3 0x800000e4 (0xd8488893) x17 0x80025e64
core   0: 0x800000e8 (0x033e35b3) mulhu   a1, t3, s3
core   0: 3 0x800000e8 (0x033e35b3) x11 0x00000000
core   0: 0x800000ec (0x008517b3) sll     a5, a0, s0
core   0: 3 0x800000ec (0x008517b3) x15 0x00034000
core   0: 0x800000f0 (0x412fd5b3) sra     a1, t6, s2
core   0: 3 0x800000f0 (0x412fd5b3) x11 0x00000002
core   0: 0x800000f4 (0x00367933) and     s2, a2, gp
core   0: 3 0x800000f4 (0x00367933) x18 0x00000000
core   0: 0x800000f8 (0x0000d397) auipc   t2, 0xd
core   0: 3 0x800000f8 (0x0000d397) x 7 0x8000d0f8
core   0: 0x800000fc (0xd8238393) addi    t2, t2, -638
core   0: 3 0x800000fc (0xd8238393) x 7 0x8000ce7a
core   0: 0x80000100 (0x000003d1) c.addi  t2, 20
core   0: 3 0x80000100 (0x03d1) x 7 0x8000ce8e
core   0: 0x80000102 (0x0175c463) blt     a1, s7, pc + 8
core   0: 3 0x80000102 (0x0175c463)
core   0: 0x80000106 (0x0312be33) mulhu   t3, t0, a7
core   0: 3 0x80000106 (0x0312be33) x28 0x00000000
core   0: 0x8000010a (0xfed38667) jalr    a2, t2, -19
core   0: 3 0x8000010a (0xfed38667) x12 0x8000010e
core   0: 0x8000ce7a (0x000081de) c.mv    gp, s7
core   0: 3 0x8000ce7a (0x81de) x 3 0xdaa120c5
core   0: 0x8000ce7c (0x01eb64b3) or      s1, s6, t5
core   0: 3 0x8000ce7c (0x01eb64b3) x 9 0x00000000
core   0: 0x8000ce80 (0x027cce33) div     t3, s9, t2
core   0: 3 0x8000ce80 (0x027cce33) x28 0x00000000
core   0: 0x8000ce84 (0xfd488893) addi    a7, a7, -44
core   0: 3 0x8000ce84 (0xfd488893) x17 0x80025e38
core   0: 0x8000ce88 (0x0000610d) c.addi16sp sp, 160
core   0: 3 0x8000ce88 (0x610d) x 2 0x000000a0
core   0: 0x8000ce8a (0x00008efd) c.and   a3, a5
core   0: 3 0x8000ce8a (0x8efd) x13 0x00024000
core   0: 0x8000ce8c (0x00c8a223) sw      a2, 4(a7)
core   0: 3 0x8000ce8c (0x00c8a223) mem 0x80025e3c 0x8000010e
core   0: 0x8000ce90 (0x000010fd) c.addi  ra, -1
core   0: 3 0x8000ce90 (0x10fd) x 1 0x0000000b
core   0: 0x8000ce92 (0x00008b76) c.mv    s6, t4
core   0: 3 0x8000ce92 (0x8b76) x22 0x00000000
core   0: 0x8000ce94 (0x0aa17193) andi    gp, sp, 170
core   0: 3 0x8000ce94 (0x0aa17193) x 3 0x000000a0
core   0: 0x8000ce98 (0x0000717d) c.addi16sp sp, -16
core   0: 3 0x8000ce98 (0x717d) x 2 0x00000090
core   0: 0x8000ce9a (0x00004797) auipc   a5, 0x4
core   0: 3 0x8000ce9a (0x00004797) x15 0x80010e9a
core   0: 0x8000ce9e (0xd6378793) addi    a5, a5, -669
core   0: 3 0x8000ce9e (0xd6378793) x15 0x80010bfd
core   0: 0x8000cea2 (0x174a7f93) andi    t6, s4, 372
core   0: 3 0x8000cea2 (0x174a7f93) x31 0x00000000
core   0: 0x8000cea6 (0x00d6efb3) or      t6, a3, a3
core   0: 3 0x8000cea6 (0x00d6efb3) x31 0x00024000
core   0: 0x8000ceaa (0x00d6cc33) xor     s8, a3, a3
core   0: 3 0x8000ceaa (0x00d6cc33) x24 0x00000000
core   0: 0x8000ceae (0x7446b593) sltiu   a1, a3, 1860
core   0: 3 0x8000ceae (0x7446b593) x11 0x00000000
core   0: 0x8000ceb2 (0x40dc5a33) sra     s4, s8, a3
core   0: 3 0x8000ceb2 (0x40dc5a33) x20 0x00000000
core   0: 0x8000ceb6 (0x24d79fa3) sh      a3, 607(a5)
core   0: 3 0x8000ceb6 (0x24d79fa3) mem 0x80010e5c 0x4000
core   0: 0x8000ceba (0x9aa78483) lb      s1, -1622(a5)
core   0: 3 0x8000ceba (0x9aa78483) x 9 0x0000005c mem 0x800105a7
core   0: 0x8000cebe (0x2d978683) lb      a3, 729(a5)
core   0: 3 0x8000cebe (0x2d978683) x13 0xffffff8d mem 0x80010ed6
core   0: 0x8000cec2 (0xa49790a3) sh      s1, -1471(a5)
core   0: 3 0x8000cec2 (0xa49790a3) mem 0x8001063e 0x005c
core   0: 0x8000cec6 (0xb0b790a3) sh      a1, -1279(a5)
core   0: 3 0x8000cec6 (0xb0b790a3) mem 0x800106fe 0x0000
core   0: 0x8000ceca (0x000055fd) c.li    a1, -1
core   0: 3 0x8000ceca (0x55fd) x11 0xffffffff
core   0: 0x8000cecc (0x00dfda13) srli    s4, t6, 13
core   0: 3 0x8000cecc (0x00dfda13) x20 0x00000012
core   0: 0x8000ced0 (0x00000c7a) c.slli  s8, 30
core   0: 3 0x8000ced0 (0x0c7a) x24 0x00000000
core   0: 0x8000ced2 (0xb8e7c683) lbu     a3, -1138(a5)
core   0: 3 0x8000ced2 (0xb8e7c683) x13 0x00000040 mem 0x8001078b
core   0: 0x8000ced6 (0xd1a78a03) lb      s4, -742(a5)
core   0: 3 0x8000ced6 (0xd1a78a03) x20 0xffffffcc mem 0x80010917
core   0: 0x8000ceda (0x3e57d483) lhu     s1, 997(a5)
core   0: 3 0x8000ceda (0x3e57d483) x 9 0x00009899 mem 0x80010fe2
core   0: 0x8000cede (0xd7a78f83) lb      t6, -646(a5)
core   0: 3 0x8000cede (0xd7a78f83) x31 0x0000002c mem 0x80010977
core   0: 0x8000cee2 (0x41c7c483) lbu     s1, 1052(a5)
core   0: 3 0x8000cee2 (0x41c7c483) x 9 0x000000d2 mem 0x80011019
core   0: 0x8000cee6 (0x87878ca3) sb      s8, -1927(a5)
core   0: 3 0x8000cee6 (0x87878ca3) mem 0x80010476 0x0
core   0: 0x8000ceea (0x40dc0c33) sub     s8, s8, a3
core   0: 3 0x8000ceea (0x40dc0c33) x24 0xffffffc0
core   0: 0x8000ceee (0xdaa7cf83) lbu     t6, -598(a5)
core   0: 3 0x8000ceee (0xdaa7cf83) x31 0x0000005c mem 0x800109a7
core   0: 0x8000cef2 (0x0186c4b3) xor     s1, a3, s8
core   0: 3 0x8000cef2 (0x0186c4b3) x 9 0xffffff80
core   0: 0x8000cef6 (0x0295aa33) mulhsu  s4, a1, s1
core   0: 3 0x8000cef6 (0x0295aa33) x20 0xffffffff
core   0: 0x8000cefa (0xf8d78ba3) sb      a3, -105(a5)
core   0: 3 0x8000cefa (0xf8d78ba3) mem 0x80010b94 0x40
core   0: 0x8000cefe (0xd477af83) lw      t6, -697(a5)
core   0: 3 0x8000cefe (0xd477af83) x31 0xfcfdfeff mem 0x80010944
core   0: 0x8000cf02 (0x02dfa6b3) mulhsu  a3, t6, a3
core   0: 3 0x8000cf02 (0x02dfa6b3) x13 0xffffffff
core   0: 0x8000cf06 (0x00008dc5) c.or    a1, s1
core   0: 3 0x8000cf06 (0x8dc5) x11 0xffffffff
core   0: 0x8000cf08 (0x98b787a3) sb      a1, -1649(a5)
core   0: 3 0x8000cf08 (0x98b787a3) mem 0x8001058c 0xff
core   0: 0x8000cf0c (0x13179c03) lh      s8, 305(a5)
core   0: 3 0x8000cf0c (0x13179c03) x24 0xffffe4e5 mem 0x80010d2e
core   0: 0x8000cf10 (0x00009a52) c.add   s4, s4
core   0: 3 0x8000cf10 (0x9a52) x20 0xfffffffe
core   0: 0x8000cf12 (0xbb2fea13) ori     s4, t6, -1102
core   0: 3 0x8000cf12 (0xbb2fea13) x20 0xffffffff
core   0: 0x8000cf16 (0x1a179c03) lh      s8, 417(a5)
core   0: 3 0x8000cf16 (0x1a179c03) x24 0x00005455 mem 0x80010d9e
core   0: 0x8000cf1a (0xdd87a7a3) sw      s8, -561(a5)
core   0: 3 0x8000cf1a (0xdd87a7a3) mem 0x800109cc 0x00005455
core   0: 0x8000cf1e (0xde179a03) lh      s4, -543(a5)
core   0: 3 0x8000cf1e (0xde179a03) x20 0xffff9495 mem 0x800109de
core   0: 0x8000cf22 (0x44e6aa13) slti    s4, a3, 1102
core   0: 3 0x8000cf22 (0x44e6aa13) x20 0x00000001
core   0: 0x8000cf26 (0x0c579583) lh      a1, 197(a5)
core   0: 3 0x8000cf26 (0x0c579583) x11 0x00007879 mem 0x80010cc2
core   0: 0x8000cf2a (0x00000001) c.nop
core   0: 3 0x8000cf2a (0x0001)
core   0: 0x8000cf2c (0x2b07cf83) lbu     t6, 688(a5)
core   0: 3 0x8000cf2c (0x2b07cf83) x31 0x00000066 mem 0x80010ead
core   0: 0x8000cf30 (0x000080a5) c.srli  s1, 9
core   0: 3 0x8000cf30 (0x80a5) x 9 0x007fffff
core   0: 0x8000cf32 (0x00000001) c.nop
core   0: 3 0x8000cf32 (0x0001)
core   0: 0x8000cf34 (0x009685b3) add     a1, a3, s1
core   0: 3 0x8000cf34 (0x009685b3) x11 0x007ffffe
core   0: 0x8000cf38 (0xccd78da3) sb      a3, -805(a5)
core   0: 3 0x8000cf38 (0xccd78da3) mem 0x800108d8 0xff
core   0: 0x8000cf3c (0x00008fb6) c.mv    t6, a3
core   0: 3 0x8000cf3c (0x8fb6) x31 0xffffffff
core   0: 0x8000cf3e (0x9e978123) sb      s1, -1566(a5)
core   0: 3 0x8000cf3e (0x9e978123) mem 0x800105df 0xff
core   0: 0x8000cf42 (0x90978a23) sb      s1, -1772(a5)
core   0: 3 0x8000cf42 (0x90978a23) mem 0x80010511 0xff
core   0: 0x8000cf46 (0x0397c583) lbu     a1, 57(a5)
core   0: 3 0x8000cf46 (0x0397c583) x11 0x000000ed mem 0x80010c36
core   0: 0x8000cf4a (0x00004117) auipc   sp, 0x4
core   0: 3 0x8000cf4a (0x00004117) x 2 0x80010f4a
core   0: 0x8000cf4e (0xe9f10113) addi    sp, sp, -353
core   0: 3 0x8000cf4e (0xe9f10113) x 2 0x80010de9
core   0: 0x8000cf52 (0x02810203) lb      tp, 40(sp)
core   0: 3 0x8000cf52 (0x02810203) x 4 0xffffffca mem 0x80010e11
core   0: 0x8000cf56 (0x000001b2) c.slli  gp, 12
core   0: 3 0x8000cf56 (0x01b2) x 3 0x000a0000
core   0: 0x8000cf58 (0x02810283) lb      t0, 40(sp)
core   0: 3 0x8000cf58 (0x02810283) x 5 0xffffffca mem 0x80010e11
core   0: 0x8000cf5c (0xff114583) lbu     a1, -15(sp)
core   0: 3 0x8000cf5c (0xff114583) x11 0x00000091 mem 0x80010dda
core   0: 0x8000cf60 (0xfe4118a3) sh      tp, -15(sp)
core   0: 3 0x8000cf60 (0xfe4118a3) mem 0x80010dda 0xffca
core   0: 0x8000cf64 (0xfd910ea3) sb      s9, -35(sp)
core   0: 3 0x8000cf64 (0xfd910ea3) mem 0x80010dc6 0xe4
core   0: 0x8000cf68 (0xfdd15583) lhu     a1, -35(sp)
core   0: 3 0x8000cf68 (0xfdd15583) x11 0x00007ce4 mem 0x80010dc6
core   0: 0x8000cf6c (0xfcf11ea3) sh      a5, -35(sp)
core   0: 3 0x8000cf6c (0xfcf11ea3) mem 0x80010dc6 0x0bfd
core   0: 0x8000cf70 (0xfdd11b03) lh      s6, -35(sp)
core   0: 3 0x8000cf70 (0xfdd11b03) x22 0x00000bfd mem 0x80010dc6
core   0: 0x8000cf74 (0x033beeb3) rem     t4, s7, s3
core   0: 3 0x8000cf74 (0x033beeb3) x29 0x00000000
core   0: 0x8000cf78 (0xfdd15c03) lhu     s8, -35(sp)
core   0: 3 0x8000cf78 (0xfdd15c03) x24 0x00000bfd mem 0x80010dc6
core   0: 0x8000cf7c (0x000083b6) c.mv    t2, a3
core   0: 3 0x8000cf7c (0x83b6) x 7 0xffffffff
core   0: 0x8000cf7e (0xfdd10283) lb      t0, -35(sp)
core   0: 3 0x8000cf7e (0xfdd10283) x 5 0xfffffffd mem 0x80010dc6
core   0: 0x8000cf82 (0xfdd10803) lb      a6, -35(sp)
core   0: 3 0x8000cf82 (0xfdd10803) x16 0xfffffffd mem 0x80010dc6
core   0: 0x8000cf86 (0xfdd10683) lb      a3, -35(sp)
core   0: 3 0x8000cf86 (0xfdd10683) x13 0xfffffffd mem 0x80010dc6
core   0: 0x8000cf8a (0xfdd15403) lhu     s0, -35(sp)
core   0: 3 0x8000cf8a (0xfdd15403) x 8 0x00000bfd mem 0x80010dc6
core   0: 0x8000cf8e (0xfdd14603) lbu     a2, -35(sp)
core   0: 3 0x8000cf8e (0xfdd14603) x12 0x000000fd mem 0x80010dc6
core   0: 0x8000cf92 (0xfdd11603) lh      a2, -35(sp)
core   0: 3 0x8000cf92 (0xfdd11603) x12 0x00000bfd mem 0x80010dc6
core   0: 0x8000cf96 (0xfdd10003) lb      zero, -35(sp)
core   0: 3 0x8000cf96 (0xfdd10003) mem 0x80010dc6
core   0: 0x8000cf9a (0xfdd11683) lh      a3, -35(sp)
core   0: 3 0x8000cf9a (0xfdd11683) x13 0x00000bfd mem 0x80010dc6
core   0: 0x8000cf9e (0xfc811ea3) sh      s0, -35(sp)
core   0: 3 0x8000cf9e (0xfc811ea3) mem 0x80010dc6 0x0bfd
core   0: 0x8000cfa2 (0xfca11ea3) sh      a0, -35(sp)
core   0: 3 0x8000cfa2 (0xfca11ea3) mem 0x80010dc6 0x000d
core   0: 0x8000cfa6 (0xfdd15983) lhu     s3, -35(sp)
core   0: 3 0x8000cfa6 (0xfdd15983) x19 0x0000000d mem 0x80010dc6
core   0: 0x8000cfaa (0x01c0066f) jal     a2, pc + 0x1c
core   0: 3 0x8000cfaa (0x01c0066f) x12 0x8000cfae
core   0: 0x8000cfc6 (0x0000bfcd) c.j     pc - 14
core   0: 3 0x8000cfc6 (0xbfcd)
core   0: 0x8000cfb8 (0x0000a019) c.j     pc + 6
core   0: 3 0x8000cfb8 (0xa019)
core   0: 0x8000cfbe (0x0000bff5) c.j     pc - 4
core   0: 3 0x8000cfbe (0xbff5)
core   0: 0x8000cfba (0xff5ff0ef) jal     pc - 0xc
core   0: 3 0x8000cfba (0xff5ff0ef) x 1 0x8000cfbe
core   0: 0x8000cfae (0x016004ef) jal     s1, pc + 0x16
core   0: 3 0x8000cfae (0x016004ef) x 9 0x8000cfb2
core   0: 0x8000cfc4 (0x0000bfcd) c.j     pc - 14
core   0: 3 0x8000cfc4 (0xbfcd)
core   0: 0x8000cfb6 (0x00002029) c.jal   pc + 10
core   0: 3 0x8000cfb6 (0x2029) x 1 0x8000cfb8
core   0: 0x8000cfc0 (0x0000a009) c.j     pc + 2
core   0: 3 0x8000cfc0 (0xa009)
core   0: 0x8000cfc2 (0x00003fc5) c.jal   pc - 16
core   0: 3 0x8000cfc2 (0x3fc5) x 1 0x8000cfc4
core   0: 0x8000cfb2 (0x016000ef) jal     pc + 0x16
core   0: 3 0x8000cfb2 (0x016000ef) x 1 0x8000cfb6
core   0: 0x8000cfc8 (0x416b55b3) sra     a1, s6, s6
core   0: 3 0x8000cfc8 (0x416b55b3) x11 0x00000000
core   0: 0x8000cfcc (0x00004117) auipc   sp, 0x4
core   0: 3 0x8000cfcc (0x00004117) x 2 0x80010fcc
core   0: 0x8000cfd0 (0xbd010113) addi    sp, sp, -1072
core   0: 3 0x8000cfd0 (0xbd010113) x 2 0x80010b9c
core   0: 0x8000cfd4 (0xfea10423) sb      a0, -24(sp)
core   0: 3 0x8000cfd4 (0xfea10423) mem 0x80010b84 0xd
core   0: 0x8000cfd8 (0xff810423) sb      s8, -24(sp)
core   0: 3 0x8000cfd8 (0xff810423) mem 0x80010b84 0xfd
core   0: 0x8000cfdc (0xfe812e83) lw      t4, -24(sp)
core   0: 3 0x8000cfdc (0xfe812e83) x29 0x3c3d3efd mem 0x80010b84
core   0: 0x8000cfe0 (0xfe810383) lb      t2, -24(sp)
core   0: 3 0x8000cfe0 (0xfe810383) x 7 0xfffffffd mem 0x80010b84
core   0: 0x8000cfe4 (0xfe814283) lbu     t0, -24(sp)
core   0: 3 0x8000cfe4 (0xfe814283) x 5 0x000000fd mem 0x80010b84
core   0: 0x8000cfe8 (0xfe810583) lb      a1, -24(sp)
core   0: 3 0x8000cfe8 (0xfe810583) x11 0xfffffffd mem 0x80010b84
core   0: 0x8000cfec (0xfcc11f23) sh      a2, -34(sp)
core   0: 3 0x8000cfec (0xfcc11f23) mem 0x80010b7a 0xcfae
core   0: 0x8000cff0 (0xfcf11f23) sh      a5, -34(sp)
core   0: 3 0x8000cff0 (0xfcf11f23) mem 0x80010b7a 0x0bfd
core   0: 0x8000cff4 (0xfde10783) lb      a5, -34(sp)
core   0: 3 0x8000cff4 (0xfde10783) x15 0xfffffffd mem 0x80010b7a
core   0: 0x8000cff8 (0xff6106a3) sb      s6, -19(sp)
core   0: 3 0x8000cff8 (0xff6106a3) mem 0x80010b89 0xfd
core   0: 0x8000cffc (0xfec106a3) sb      a2, -19(sp)
core   0: 3 0x8000cffc (0xfec106a3) mem 0x80010b89 0xae
core   0: 0x8000d000 (0xfee106a3) sb      a4, -19(sp)
core   0: 3 0x8000d000 (0xfee106a3) mem 0x80010b89 0x0
core   0: 0x8000d004 (0xffb106a3) sb      s11, -19(sp)
core   0: 3 0x8000d004 (0xffb106a3) mem 0x80010b89 0xb9
core   0: 0x8000d008 (0xfed14483) lbu     s1, -19(sp)
core   0: 3 0x8000d008 (0xfed14483) x 9 0x000000b9 mem 0x80010b89
core   0: 0x8000d00c (0xfed10a83) lb      s5, -19(sp)
core   0: 3 0x8000d00c (0xfed10a83) x21 0xffffffb9 mem 0x80010b89
core   0: 0x8000d010 (0x01d479b3) and     s3, s0, t4
core   0: 3 0x8000d010 (0x01d479b3) x19 0x00000afd
core   0: 0x8000d014 (0x00008299) c.srli  a3, 6
core   0: 3 0x8000d014 (0x8299) x13 0x0000002f
core   0: 0x8000d016 (0xfed14683) lbu     a3, -19(sp)
core   0: 3 0x8000d016 (0xfed14683) x13 0x000000b9 mem 0x80010b89
core   0: 0x8000d01a (0xfed14083) lbu     ra, -19(sp)
core   0: 3 0x8000d01a (0xfed14083) x 1 0x000000b9 mem 0x80010b89
core   0: 0x8000d01e (0x0000aa97) auipc   s5, 0xa
core   0: 3 0x8000d01e (0x0000aa97) x21 0x8001701e
core   0: 0x8000d022 (0x6fda8a93) addi    s5, s5, 1789
core   0: 3 0x8000d022 (0x6fda8a93) x21 0x8001771b
core   0: 0x8000d026 (0x252a8303) lb      t1, 594(s5)
core   0: 3 0x8000d026 (0x252a8303) x 6 0x00000026 mem 0x8001796d
core   0: 0x8000d02a (0x00008d8d) c.sub   a1, a1
core   0: 3 0x8000d02a (0x8d8d) x11 0x00000000
core   0: 0x8000d02c (0x58aa8303) lb      t1, 1418(s5)
core   0: 3 0x8000d02c (0x58aa8303) x 6 0x0000005e mem 0x80017ca5
core   0: 0x8000d030 (0x912acc03) lbu     s8, -1774(s5)
core   0: 3 0x8000d030 (0x912acc03) x24 0x000000e6 mem 0x8001702d
core   0: 0x8000d034 (0x0ff0000f) fence   iorw,iorw
core   0: 3 0x8000d034 (0x0ff0000f)
core   0: 0x8000d038 (0x00008599) c.srai  a1, 6
core   0: 3 0x8000d038 (0x8599) x11 0x00000000
core   0: 0x8000d03a (0x00000c12) c.slli  s8, 4
core   0: 3 0x8000d03a (0x0c12) x24 0x00000e60
core   0: 0x8000d03c (0xb77ac983) lbu     s3, -1161(s5)
core   0: 3 0x8000d03c (0xb77ac983) x19 0x00000049 mem 0x80017292
core   0: 0x8000d040 (0x000059fd) c.li    s3, -1
core   0: 3 0x8000d040 (0x59fd) x19 0xffffffff
core   0: 0x8000d042 (0x533a8f23) sb      s3, 1342(s5)
core   0: 3 0x8000d042 (0x533a8f23) mem 0x80017c59 0xff
core   0: 0x8000d046 (0x0000858e) c.mv    a1, gp
core   0: 3 0x8000d046 (0x858e) x11 0x000a0000
core   0: 0x8000d048 (0x4009d5b3) sra     a1, s3, zero
core   0: 3 0x8000d048 (0x4009d5b3) x11 0xffffffff
core   0: 0x8000d04c (0x77cadc17) auipc   s8, 0x77cad
core   0: 3 0x8000d04c (0x77cadc17) x24 0xf7cba04c
core   0: 0x8000d050 (0x1819ac13) slti    s8, s3, 385
core   0: 3 0x8000d050 (0x1819ac13) x24 0x00000001
core   0: 0x8000d054 (0x9e9ac583) lbu     a1, -1559(s5)
core   0: 3 0x8000d054 (0x9e9ac583) x11 0x000000bf mem 0x80017104
core   0: 0x8000d058 (0x99d8a597) auipc   a1, 0x99d8a
core   0: 3 0x8000d058 (0x99d8a597) x11 0x19d97058
core   0: 0x8000d05c (0x01f01593) slli    a1, zero, 31
core   0: 3 0x8000d05c (0x01f01593) x11 0x00000000
core   0: 0x8000d060 (0x93eac303) lbu     t1, -1730(s5)
core   0: 3 0x8000d060 (0x93eac303) x 6 0x00000012 mem 0x80017059
core   0: 0x8000d064 (0x00008d8d) c.sub   a1, a1
core   0: 3 0x8000d064 (0x8d8d) x11 0x00000000
core   0: 0x8000d066 (0x023c05b3) mul     a1, s8, gp
core   0: 3 0x8000d066 (0x023c05b3) x11 0x000a0000
core   0: 0x8000d06a (0x0261a333) mulhsu  t1, gp, t1
core   0: 3 0x8000d06a (0x0261a333) x 6 0x00000000
core   0: 0x8000d06e (0x000019fd) c.addi  s3, -1
core   0: 3 0x8000d06e (0x19fd) x19 0xfffffffe
core   0: 0x8000d070 (0x00000001) c.nop
core   0: 3 0x8000d070 (0x0001)
core   0: 0x8000d072 (0x000009e2) c.slli  s3, 24
core   0: 3 0x8000d072 (0x09e2) x19 0xfe000000
core   0: 0x8000d074 (0x5fbacc03) lbu     s8, 1531(s5)
core   0: 3 0x8000d074 (0x5fbacc03) x24 0x000000cd mem 0x80017d16
core   0: 0x8000d078 (0x0000100f) fence.i
core   0: 3 0x8000d078 (0x0000100f)
core   0: 0x8000d07c (0x026c45b3) div     a1, s8, t1
core   0: 3 0x8000d07c (0x026c45b3) x11 0xffffffff
core   0: 0x8000d080 (0x0000537d) c.li    t1, -1
core   0: 3 0x8000d080 (0x537d) x 6 0xffffffff
core   0: 0x8000d082 (0x038339b3) mulhu   s3, t1, s8
core   0: 3 0x8000d082 (0x038339b3) x19 0x000000cc
core   0: 0x8000d086 (0x41435193) srai    gp, t1, 20
core   0: 3 0x8000d086 (0x41435193) x 3 0xffffffff
core   0: 0x8000d08a (0xc06a8003) lb      zero, -1018(s5)
core   0: 3 0x8000d08a (0xc06a8003) mem 0x80017321
core   0: 0x8000d08e (0x0ff0000f) fence   iorw,iorw
core   0: 3 0x8000d08e (0x0ff0000f)
core   0: 0x8000d092 (0x0000834e) c.mv    t1, s3
core   0: 3 0x8000d092 (0x834e) x 6 0x000000cc
core   0: 0x8000d094 (0x00008362) c.mv    t1, s8
core   0: 3 0x8000d094 (0x8362) x 6 0x000000cd
core   0: 0x8000d096 (0x00008dad) c.xor   a1, a1
core   0: 3 0x8000d096 (0x8dad) x11 0x00000000
core   0: 0x8000d098 (0x853a8303) lb      t1, -1965(s5)
core   0: 3 0x8000d098 (0x853a8303) x 6 0x00000025 mem 0x80016f6e
core   0: 0x8000d09c (0x01705993) srli    s3, zero, 23
core   0: 3 0x8000d09c (0x01705993) x19 0x00000000
core   0: 0x8000d0a0 (0x00101c13) slli    s8, zero, 1
core   0: 3 0x8000d0a0 (0x00101c13) x24 0x00000000
core   0: 0x8000d0a4 (0x40ca8303) lb      t1, 1036(s5)
core   0: 3 0x8000d0a4 (0x40ca8303) x 6 0xffffffdc mem 0x80017b27
core   0: 0x8000d0a8 (0x127ad183) lhu     gp, 295(s5)
core   0: 3 0x8000d0a8 (0x127ad183) x 3 0x0000f8f9 mem 0x80017842
core   0: 0x8000d0ac (0x820a9da3) sh      zero, -1989(s5)
core   0: 3 0x8000d0ac (0x820a9da3) mem 0x80016f56 0x0000
core   0: 0x8000d0b0 (0xfc1a8c03) lb      s8, -63(s5)
core   0: 3 0x8000d0b0 (0xfc1a8c03) x24 0xffffff97 mem 0x800176dc
core   0: 0x8000d0b4 (0x00013d17) auipc   s10, 0x13
core   0: 3 0x8000d0b4 (0x00013d17) x26 0x800200b4
core   0: 0x8000d0b8 (0x807d0d13) addi    s10, s10, -2041
core   0: 3 0x8000d0b8 (0x807d0d13) x26 0x8001f8bb
core   0: 0x8000d0bc (0x0000d697) auipc   a3, 0xd
core   0: 3 0x8000d0bc (0x0000d697) x13 0x8001a0bc
core   0: 0x8000d0c0 (0x96168693) addi    a3, a3, -1695
core   0: 3 0x8000d0c0 (0x96168693) x13 0x80019a1d
core   0: 0x8000d0c4 (0x0000d417) auipc   s0, 0xd
core   0: 3 0x8000d0c4 (0x0000d417) x 8 0x8001a0c4
core   0: 0x8000d0c8 (0x99540413) addi    s0, s0, -1643
core   0: 3 0x8000d0c8 (0x99540413) x 8 0x80019a59
core   0: 0x8000d0cc (0xfecd0523) sb      a2, -22(s10)
core   0: 3 0x8000d0cc (0xfecd0523) mem 0x8001f8a5 0xae
core   0: 0x8000d0d0 (0x9f040523) sb      a6, -1558(s0)
core   0: 3 0x8000d0d0 (0x9f040523) mem 0x80019443 0xfd
core   0: 0x8000d0d4 (0x02169903) lh      s2, 33(a3)
core   0: 3 0x8000d0d4 (0x02169903) x18 0xfffff4f5 mem 0x80019a3e
core   0: 0x8000d0d8 (0x17644803) lbu     a6, 374(s0)
core   0: 3 0x8000d0d8 (0x17644803) x16 0x00000084 mem 0x80019bcf
core   0: 0x8000d0dc (0x9b540d23) sb      s5, -1606(s0)
core   0: 3 0x8000d0dc (0x9b540d23) mem 0x80019413 0x1b
core   0: 0x8000d0e0 (0x00cd4903) lbu     s2, 12(s10)
core   0: 3 0x8000d0e0 (0x00cd4903) x18 0x0000007c mem 0x8001f8c7
core   0: 0x8000d0e4 (0x02168623) sb      ra, 44(a3)
core   0: 3 0x8000d0e4 (0x02168623) mem 0x80019a49 0xb9
core   0: 0x8000d0e8 (0x0246cf83) lbu     t6, 36(a3)
core   0: 3 0x8000d0e8 (0x0246cf83) x31 0x000000fa mem 0x80019a41
core   0: 0x8000d0ec (0xfc5d2583) lw      a1, -59(s10)
core   0: 3 0x8000d0ec (0xfc5d2583) x11 0x38393a3b mem 0x8001f880
core   0: 0x8000d0f0 (0x9fd45903) lhu     s2, -1539(s0)
core   0: 3 0x8000d0f0 (0x9fd45903) x18 0x00000c0d mem 0x80019456
core   0: 0x8000d0f4 (0x008d28a3) sw      s0, 17(s10)
core   0: 3 0x8000d0f4 (0x008d28a3) mem 0x8001f8cc 0x80019a59
core   0: 0x8000d0f8 (0x1e540523) sb      t0, 490(s0)
core   0: 3 0x8000d0f8 (0x1e540523) mem 0x80019c43 0xfd
core   0: 0x8000d0fc (0xff5d4383) lbu     t2, -11(s10)
core   0: 3 0x8000d0fc (0xff5d4383) x 7 0x0000006b mem 0x8001f8b0
core   0: 0x8000d100 (0xbc440603) lb      a2, -1084(s0)
core   0: 3 0x8000d100 (0xbc440603) x12 0xffffffd6 mem 0x8001961d
core   0: 0x8000d104 (0xfc1d0c23) sb      ra, -40(s10)
core   0: 3 0x8000d104 (0xfc1d0c23) mem 0x8001f893 0xb9
core   0: 0x8000d108 (0x013d0b03) lb      s6, 19(s10)
core   0: 3 0x8000d108 (0x013d0b03) x22 0x00000001 mem 0x8001f8ce
core   0: 0x8000d10c (0x3f944303) lbu     t1, 1017(s0)
core   0: 3 0x8000d10c (0x3f944303) x 6 0x00000009 mem 0x80019e52
core   0: 0x8000d110 (0x0056ce83) lbu     t4, 5(a3)
core   0: 3 0x8000d110 (0x0056ce83) x29 0x000000d9 mem 0x80019a22
core   0: 0x8000d114 (0x020688a3) sb      zero, 49(a3)
core   0: 3 0x8000d114 (0x020688a3) mem 0x80019a4e 0x0
core   0: 0x8000d118 (0xfdfd4203) lbu     tp, -33(s10)
core   0: 3 0x8000d118 (0xfdfd4203) x 4 0x00000051 mem 0x8001f89a
core   0: 0x8000d11c (0xff800493) li      s1, -8
core   0: 3 0x8000d11c (0xff800493) x 9 0xfffffff8
core   0: 0x8000d120 (0x00b00c13) li      s8, 11
core   0: 3 0x8000d120 (0x00b00c13) x24 0x0000000b
core   0: 0x8000d124 (0x00e42ab3) slt     s5, s0, a4
core   0: 3 0x8000d124 (0x00e42ab3) x21 0x00000001
core   0: 0x8000d128 (0x000085e9) c.srai  a1, 26
core   0: 3 0x8000d128 (0x85e9) x11 0x0000000e
core   0: 0x8000d12a (0x00000491) c.addi  s1, 4
core   0: 3 0x8000d12a (0x0491) x 9 0xfffffffc
core   0: 0x8000d12c (0x00800613) li      a2, 8
core   0: 3 0x8000d12c (0x00800613) x12 0x00000008
core   0: 0x8000d130 (0x00800f93) li      t6, 8
core   0: 3 0x8000d130 (0x00800f93) x31 0x00000008
core   0: 0x8000d134 (0x00008771) c.srai  a4, 28
core   0: 3 0x8000d134 (0x8771) x14 0x00000000
core   0: 0x8000d136 (0x03b566b3) rem     a3, a0, s11
core   0: 3 0x8000d136 (0x03b566b3) x13 0x0000000d
core   0: 0x8000d13a (0x0000166d) c.addi  a2, -5
core   0: 3 0x8000d13a (0x166d) x12 0x00000003
core   0: 0x8000d13c (0xfff67de3) bgeu    a2, t6, pc - 6
core   0: 3 0x8000d13c (0xfff67de3)
core   0: 0x8000d140 (0xff84c2e3) blt     s1, s8, pc - 28
core   0: 3 0x8000d140 (0xff84c2e3)
core   0: 0x8000d124 (0x00e42ab3) slt     s5, s0, a4
core   0: 3 0x8000d124 (0x00e42ab3) x21 0x00000001
core   0: 0x8000d128 (0x000085e9) c.srai  a1, 26
core   0: 3 0x8000d128 (0x85e9) x11 0x00000000
core   0: 0x8000d12a (0x00000491) c.addi  s1, 4
core   0: 3 0x8000d12a (0x0491) x 9 0x00000000
core   0: 0x8000d12c (0x00800613) li      a2, 8
core   0: 3 0x8000d12c (0x00800613) x12 0x00000008
core   0: 0x8000d130 (0x00800f93) li      t6, 8
core   0: 3 0x8000d130 (0x00800f93) x31 0x00000008
core   0: 0x8000d134 (0x00008771) c.srai  a4, 28
core   0: 3 0x8000d134 (0x8771) x14 0x00000000
core   0: 0x8000d136 (0x03b566b3) rem     a3, a0, s11
core   0: 3 0x8000d136 (0x03b566b3) x13 0x0000000d
core   0: 0x8000d13a (0x0000166d) c.addi  a2, -5
core   0: 3 0x8000d13a (0x166d) x12 0x00000003
core   0: 0x8000d13c (0xfff67de3) bgeu    a2, t6, pc - 6
core   0: 3 0x8000d13c (0xfff67de3)
core   0: 0x8000d140 (0xff84c2e3) blt     s1, s8, pc - 28
core   0: 3 0x8000d140 (0xff84c2e3)
core   0: 0x8000d124 (0x00e42ab3) slt     s5, s0, a4
core   0: 3 0x8000d124 (0x00e42ab3) x21 0x00000001
core   0: 0x8000d128 (0x000085e9) c.srai  a1, 26
core   0: 3 0x8000d128 (0x85e9) x11 0x00000000
core   0: 0x8000d12a (0x00000491) c.addi  s1, 4
core   0: 3 0x8000d12a (0x0491) x 9 0x00000004
core   0: 0x8000d12c (0x00800613) li      a2, 8
core   0: 3 0x8000d12c (0x00800613) x12 0x00000008
core   0: 0x8000d130 (0x00800f93) li      t6, 8
core   0: 3 0x8000d130 (0x00800f93) x31 0x00000008
core   0: 0x8000d134 (0x00008771) c.srai  a4, 28
core   0: 3 0x8000d134 (0x8771) x14 0x00000000
core   0: 0x8000d136 (0x03b566b3) rem     a3, a0, s11
core   0: 3 0x8000d136 (0x03b566b3) x13 0x0000000d
core   0: 0x8000d13a (0x0000166d) c.addi  a2, -5
core   0: 3 0x8000d13a (0x166d) x12 0x00000003
core   0: 0x8000d13c (0xfff67de3) bgeu    a2, t6, pc - 6
core   0: 3 0x8000d13c (0xfff67de3)
core   0: 0x8000d140 (0xff84c2e3) blt     s1, s8, pc - 28
core   0: 3 0x8000d140 (0xff84c2e3)
core   0: 0x8000d124 (0x00e42ab3) slt     s5, s0, a4
core   0: 3 0x8000d124 (0x00e42ab3) x21 0x00000001
core   0: 0x8000d128 (0x000085e9) c.srai  a1, 26
core   0: 3 0x8000d128 (0x85e9) x11 0x00000000
core   0: 0x8000d12a (0x00000491) c.addi  s1, 4
core   0: 3 0x8000d12a (0x0491) x 9 0x00000008
core   0: 0x8000d12c (0x00800613) li      a2, 8
core   0: 3 0x8000d12c (0x00800613) x12 0x00000008
core   0: 0x8000d130 (0x00800f93) li      t6, 8
core   0: 3 0x8000d130 (0x00800f93) x31 0x00000008
core   0: 0x8000d134 (0x00008771) c.srai  a4, 28
core   0: 3 0x8000d134 (0x8771) x14 0x00000000
core   0: 0x8000d136 (0x03b566b3) rem     a3, a0, s11
core   0: 3 0x8000d136 (0x03b566b3) x13 0x0000000d
core   0: 0x8000d13a (0x0000166d) c.addi  a2, -5
core   0: 3 0x8000d13a (0x166d) x12 0x00000003
core   0: 0x8000d13c (0xfff67de3) bgeu    a2, t6, pc - 6
core   0: 3 0x8000d13c (0xfff67de3)
core   0: 0x8000d140 (0xff84c2e3) blt     s1, s8, pc - 28
core   0: 3 0x8000d140 (0xff84c2e3)
core   0: 0x8000d124 (0x00e42ab3) slt     s5, s0, a4
core   0: 3 0x8000d124 (0x00e42ab3) x21 0x00000001
core   0: 0x8000d128 (0x000085e9) c.srai  a1, 26
core   0: 3 0x8000d128 (0x85e9) x11 0x00000000
core   0: 0x8000d12a (0x00000491) c.addi  s1, 4
core   0: 3 0x8000d12a (0x0491) x 9 0x0000000c
core   0: 0x8000d12c (0x00800613) li      a2, 8
core   0: 3 0x8000d12c (0x00800613) x12 0x00000008
core   0: 0x8000d130 (0x00800f93) li      t6, 8
core   0: 3 0x8000d130 (0x00800f93) x31 0x00000008
core   0: 0x8000d134 (0x00008771) c.srai  a4, 28
core   0: 3 0x8000d134 (0x8771) x14 0x00000000
core   0: 0x8000d136 (0x03b566b3) rem     a3, a0, s11
core   0: 3 0x8000d136 (0x03b566b3) x13 0x0000000d
core   0: 0x8000d13a (0x0000166d) c.addi  a2, -5
core   0: 3 0x8000d13a (0x166d) x12 0x00000003
core   0: 0x8000d13c (0xfff67de3) bgeu    a2, t6, pc - 6
core   0: 3 0x8000d13c (0xfff67de3)
core   0: 0x8000d140 (0xff84c2e3) blt     s1, s8, pc - 28
core   0: 3 0x8000d140 (0xff84c2e3)
core   0: 0x8000d144 (0x129e2e93) slti    t4, t3, 297
core   0: 3 0x8000d144 (0x129e2e93) x29 0x00000001
core   0: 0x8000d148 (0x00003d97) auipc   s11, 0x3
core   0: 3 0x8000d148 (0x00003d97) x27 0x80010148
core   0: 0x8000d14c (0x0d6d8d93) addi    s11, s11, 214
core   0: 3 0x8000d14c (0x0d6d8d93) x27 0x8001021e
core   0: 0x8000d150 (0x023d8d23) sb      gp, 58(s11)
core   0: 3 0x8000d150 (0x023d8d23) mem 0x80010258 0xf9
core   0: 0x8000d154 (0x020e0d33) mul     s10, t3, zero
core   0: 3 0x8000d154 (0x020e0d33) x26 0x00000000
core   0: 0x8000d158 (0xeb5fe693) ori     a3, t6, -331
core   0: 3 0x8000d158 (0xeb5fe693) x13 0xfffffebd
core   0: 0x8000d15c (0xe1fd0797) auipc   a5, 0xe1fd0
core   0: 3 0x8000d15c (0xe1fd0797) x15 0x61fdd15c
core   0: 0x8000d160 (0x01630833) add     a6, t1, s6
core   0: 3 0x8000d160 (0x01630833) x16 0x0000000a
core   0: 0x8000d164 (0x018593b3) sll     t2, a1, s8
core   0: 3 0x8000d164 (0x018593b3) x 7 0x00000000
core   0: 0x8000d168 (0x038d81a3) sb      s8, 35(s11)
core   0: 3 0x8000d168 (0x038d81a3) mem 0x80010241 0xb
core   0: 0x8000d16c (0x000009c6) c.slli  s3, 17
core   0: 3 0x8000d16c (0x09c6) x19 0x00000000
core   0: 0x8000d16e (0x02c479b3) remu    s3, s0, a2
core   0: 3 0x8000d16e (0x02c479b3) x19 0x00000000
core   0: 0x8000d172 (0x000069d5) c.lui   s3, 0x15
core   0: 3 0x8000d172 (0x69d5) x19 0x00015000
core   0: 0x8000d174 (0x03512333) mulhsu  t1, sp, s5
core   0: 3 0x8000d174 (0x03512333) x 6 0xffffffff
core   0: 0x8000d178 (0x0053aa33) slt     s4, t2, t0
core   0: 3 0x8000d178 (0x0053aa33) x20 0x00000001
core   0: 0x8000d17c (0x00008edd) c.or    a3, a5
core   0: 3 0x8000d17c (0x8edd) x13 0xfffffffd
core   0: 0x8000d17e (0x27bd2a13) slti    s4, s10, 635
core   0: 3 0x8000d17e (0x27bd2a13) x20 0x00000001
core   0: 0x8000d182 (0x00000001) c.nop
core   0: 3 0x8000d182 (0x0001)
core   0: 0x8000d184 (0x00000001) c.nop
core   0: 3 0x8000d184 (0x0001)
core   0: 0x8000d186 (0x014dc783) lbu     a5, 20(s11)
core   0: 3 0x8000d186 (0x014dc783) x15 0x000000e9 mem 0x80010232
core   0: 0x8000d18a (0x412b8e33) sub     t3, s7, s2
core   0: 3 0x8000d18a (0x412b8e33) x28 0xdaa114b8
core   0: 0x8000d18e (0x032b9a33) mulh    s4, s7, s2
core   0: 3 0x8000d18e (0x032b9a33) x20 0xfffffe3d
core   0: 0x8000d192 (0x01dd8c03) lb      s8, 29(s11)
core   0: 3 0x8000d192 (0x01dd8c03) x24 0xfffffff0 mem 0x8001023b
core   0: 0x8000d196 (0x00000001) c.nop
core   0: 3 0x8000d196 (0x0001)
core   0: 0x8000d198 (0x0023f333) and     t1, t2, sp
core   0: 3 0x8000d198 (0x0023f333) x 6 0x00000000
core   0: 0x8000d19c (0x03c46e33) rem     t3, s0, t3
core   0: 3 0x8000d19c (0x03c46e33) x28 0xf01e5c31
core   0: 0x8000d1a0 (0x49076913) ori     s2, a4, 1168
core   0: 3 0x8000d1a0 (0x49076913) x18 0x00000490
core   0: 0x8000d1a4 (0xffad8403) lb      s0, -6(s11)
core   0: 3 0x8000d1a4 (0xffad8403) x 8 0xffffffd3 mem 0x80010218
core   0: 0x8000d1a8 (0x000065ed) c.lui   a1, 0x1b
core   0: 3 0x8000d1a8 (0x65ed) x11 0x0001b000
core   0: 0x8000d1aa (0x000063c9) c.lui   t2, 0x12
core   0: 3 0x8000d1aa (0x63c9) x 7 0x00012000
core   0: 0x8000d1ac (0x00008f89) c.sub   a5, a0
core   0: 3 0x8000d1ac (0x8f89) x15 0x000000dc
core   0: 0x8000d1ae (0xfe0d82a3) sb      zero, -27(s11)
core   0: 3 0x8000d1ae (0xfe0d82a3) mem 0x80010203 0x0
core   0: 0x8000d1b2 (0xff1dc983) lbu     s3, -15(s11)
core   0: 3 0x8000d1b2 (0xff1dc983) x19 0x000000c4 mem 0x8001020f
core   0: 0x8000d1b6 (0x414e06b3) sub     a3, t3, s4
core   0: 3 0x8000d1b6 (0x414e06b3) x13 0xf01e5df4
core   0: 0x8000d1ba (0x02adce83) lbu     t4, 42(s11)
core   0: 3 0x8000d1ba (0x02adce83) x29 0x00000003 mem 0x80010248
core   0: 0x8000d1be (0xfccddb03) lhu     s6, -52(s11)
core   0: 3 0x8000d1be (0xfccddb03) x22 0x0000a0a1 mem 0x800101ea
core   0: 0x8000d1c2 (0x0000100f) fence.i
core   0: 3 0x8000d1c2 (0x0000100f)
core   0: 0x8000d1c6 (0xfc5dc103) lbu     sp, -59(s11)
core   0: 3 0x8000d1c6 (0xfc5dc103) x 2 0x00000098 mem 0x800101e3
core   0: 0x8000d1ca (0x0000100f) fence.i
core   0: 3 0x8000d1ca (0x0000100f)
core   0: 0x8000d1ce (0x00006149) c.addi16sp sp, 144
core   0: 3 0x8000d1ce (0x6149) x 2 0x00000128
core   0: 0x8000d1d0 (0xe4f0f717) auipc   a4, 0xe4f0f
core   0: 3 0x8000d1d0 (0xe4f0f717) x14 0x64f1c1d0
core   0: 0x8000d1d4 (0x010dc083) lbu     ra, 16(s11)
core   0: 3 0x8000d1d4 (0x010dc083) x 1 0x000000e5 mem 0x8001022e
core   0: 0x8000d1d8 (0xfced86a3) sb      a4, -51(s11)
core   0: 3 0x8000d1d8 (0xfced86a3) mem 0x800101eb 0xd0
core   0: 0x8000d1dc (0x00003d97) auipc   s11, 0x3
core   0: 3 0x8000d1dc (0x00003d97) x27 0x800101dc
core   0: 0x8000d1e0 (0x44ad8d93) addi    s11, s11, 1098
core   0: 3 0x8000d1e0 (0x44ad8d93) x27 0x80010626
core   0: 0x8000d1e4 (0x00009b97) auipc   s7, 0x9
core   0: 3 0x8000d1e4 (0x00009b97) x23 0x800161e4
core   0: 0x8000d1e8 (0xafcb8b93) addi    s7, s7, -1284
core   0: 3 0x8000d1e8 (0xafcb8b93) x23 0x80015ce0
core   0: 0x8000d1ec (0x00fbcb03) lbu     s6, 15(s7)
core   0: 3 0x8000d1ec (0x00fbcb03) x22 0x000000a4 mem 0x80015cef
core   0: 0x8000d1f0 (0x006b8723) sb      t1, 14(s7)
core   0: 3 0x8000d1f0 (0x006b8723) mem 0x80015cee 0x0
core   0: 0x8000d1f4 (0xd12d8e03) lb      t3, -750(s11)
core   0: 3 0x8000d1f4 (0xd12d8e03) x28 0xfffffff3 mem 0x80010338
core   0: 0x8000d1f8 (0xffeb9c23) sh      t5, -8(s7)
core   0: 3 0x8000d1f8 (0xffeb9c23) mem 0x80015cd8 0x0000
core   0: 0x8000d1fc (0x4f5dcd03) lbu     s10, 1269(s11)
core   0: 3 0x8000d1fc (0x4f5dcd03) x26 0x000000d0 mem 0x80010b1b
core   0: 0x8000d200 (0x2b6d88a3) sb      s6, 689(s11)
core   0: 3 0x8000d200 (0x2b6d88a3) mem 0x800108d7 0xa4
core   0: 0x8000d204 (0xfefb8a23) sb      a5, -12(s7)
core   0: 3 0x8000d204 (0xfefb8a23) mem 0x80015cd4 0xdc
core   0: 0x8000d208 (0xff9b8303) lb      t1, -7(s7)
core   0: 3 0x8000d208 (0xff9b8303) x 6 0x00000000 mem 0x80015cd9
core   0: 0x8000d20c (0x218dca03) lbu     s4, 536(s11)
core   0: 3 0x8000d20c (0x218dca03) x20 0x000000f5 mem 0x8001083e
core   0: 0x8000d210 (0xc10d9203) lh      tp, -1008(s11)
core   0: 3 0x8000d210 (0xc10d9203) x 4 0xffffeced mem 0x80010236
core   0: 0x8000d214 (0xfebb8fa3) sb      a1, -1(s7)
core   0: 3 0x8000d214 (0xfebb8fa3) mem 0x80015cdf 0x0
core   0: 0x8000d218 (0x70ddc603) lbu     a2, 1805(s11)
core   0: 3 0x8000d218 (0x70ddc603) x12 0x000000e8 mem 0x80010d33
core   0: 0x8000d21c (0x00ab8e03) lb      t3, 10(s7)
core   0: 3 0x8000d21c (0x00ab8e03) x28 0xffffffa1 mem 0x80015cea
core   0: 0x8000d220 (0xd91d8fa3) sb      a7, -609(s11)
core   0: 3 0x8000d220 (0xd91d8fa3) mem 0x800103c5 0x38
core   0: 0x8000d224 (0xc85d8a83) lb      s5, -891(s11)
core   0: 3 0x8000d224 (0xc85d8a83) x21 0x00000060 mem 0x800102ab
core   0: 0x8000d228 (0xfefb8f23) sb      a5, -2(s7)
core   0: 3 0x8000d228 (0xfefb8f23) mem 0x80015cde 0xdc
core   0: 0x8000d22c (0x63cdd103) lhu     sp, 1596(s11)
core   0: 3 0x8000d22c (0x63cdd103) x 2 0x00001819 mem 0x80010c62
core   0: 0x8000d230 (0xd85dce03) lbu     t3, -635(s11)
core   0: 3 0x8000d230 (0xd85dce03) x28 0x00000060 mem 0x800103ab
core   0: 0x8000d234 (0x00eb8d03) lb      s10, 14(s7)
core   0: 3 0x8000d234 (0x00eb8d03) x26 0x00000000 mem 0x80015cee
core   0: 0x8000d238 (0x00004617) auipc   a2, 0x4
core   0: 3 0x8000d238 (0x00004617) x12 0x80011238
core   0: 0x8000d23c (0xcef60613) addi    a2, a2, -785
core   0: 3 0x8000d23c (0xcef60613) x12 0x80010f27
core   0: 0x8000d240 (0x00003117) auipc   sp, 0x3
core   0: 3 0x8000d240 (0x00003117) x 2 0x80010240
core   0: 0x8000d244 (0x69710113) addi    sp, sp, 1687
core   0: 3 0x8000d244 (0x69710113) x 2 0x800108d7
core   0: 0x8000d248 (0xfe060f23) sb      zero, -2(a2)
core   0: 3 0x8000d248 (0xfe060f23) mem 0x80010f25 0x0
core   0: 0x8000d24c (0x01a10223) sb      s10, 4(sp)
core   0: 3 0x8000d24c (0x01a10223) mem 0x800108db 0x0
core   0: 0x8000d250 (0xff565583) lhu     a1, -11(a2)
core   0: 3 0x8000d250 (0xff565583) x11 0x0000d6d7 mem 0x80010f1c
core   0: 0x8000d254 (0x00010383) lb      t2, 0(sp)
core   0: 3 0x8000d254 (0x00010383) x 7 0xffffffa4 mem 0x800108d7
core   0: 0x8000d258 (0x00c14783) lbu     a5, 12(sp)
core   0: 3 0x8000d258 (0x00c14783) x15 0x00000098 mem 0x800108e3
core   0: 0x8000d25c (0x00114a03) lbu     s4, 1(sp)
core   0: 3 0x8000d25c (0x00114a03) x20 0x000000ff mem 0x800108d8
core   0: 0x8000d260 (0xffb61283) lh      t0, -5(a2)
core   0: 3 0x8000d260 (0xffb61283) x 5 0xffffd8d9 mem 0x80010f22
core   0: 0x8000d264 (0x00860483) lb      s1, 8(a2)
core   0: 3 0x8000d264 (0x00860483) x 9 0xffffffe4 mem 0x80010f2f
core   0: 0x8000d268 (0x00c10f83) lb      t6, 12(sp)
core   0: 3 0x8000d268 (0x00c10f83) x31 0xffffff98 mem 0x800108e3
core   0: 0x8000d26c (0x00f10423) sb      a5, 8(sp)
core   0: 3 0x8000d26c (0x00f10423) mem 0x800108df 0x98
core   0: 0x8000d270 (0x00565f83) lhu     t6, 5(a2)
core   0: 3 0x8000d270 (0x00565f83) x31 0x0000e6e7 mem 0x80010f2c
core   0: 0x8000d274 (0xfe511ba3) sh      t0, -9(sp)
core   0: 3 0x8000d274 (0xfe511ba3) mem 0x800108ce 0xd8d9
core   0: 0x8000d278 (0x00a100a3) sb      a0, 1(sp)
core   0: 3 0x8000d278 (0x00a100a3) mem 0x800108d8 0xd
core   0: 0x8000d27c (0xfe260da3) sb      sp, -5(a2)
core   0: 3 0x8000d27c (0xfe260da3) mem 0x80010f22 0xd7
core   0: 0x8000d280 (0xfe161ba3) sh      ra, -9(a2)
core   0: 3 0x8000d280 (0xfe161ba3) mem 0x80010f1e 0x00e5
core   0: 0x8000d284 (0x00311d83) lh      s11, 3(sp)
core   0: 3 0x8000d284 (0x00311d83) x27 0x00000091 mem 0x800108da
core   0: 0x8000d288 (0x00004197) auipc   gp, 0x4
core   0: 3 0x8000d288 (0x00004197) x 3 0x80011288
core   0: 0x8000d28c (0xb9718193) addi    gp, gp, -1129
core   0: 3 0x8000d28c (0xb9718193) x 3 0x80010e1f
core   0: 0x8000d290 (0x0aa18b23) sb      a0, 182(gp)
core   0: 3 0x8000d290 (0x0aa18b23) mem 0x80010ed5 0xd
core   0: 0x8000d294 (0x00007997) auipc   s3, 0x7
core   0: 3 0x8000d294 (0x00007997) x19 0x80014294
core   0: 0x8000d298 (0x42a98993) addi    s3, s3, 1066
core   0: 3 0x8000d298 (0x42a98993) x19 0x800146be
core   0: 0x8000d29c (0xfe398ea3) sb      gp, -3(s3)
core   0: 3 0x8000d29c (0xfe398ea3) mem 0x800146bb 0x1f
core   0: 0x8000d2a0 (0xfe61c283) lbu     t0, -26(gp)
core   0: 3 0x8000d2a0 (0xfe61c283) x 5 0x000000be mem 0x80010e05
core   0: 0x8000d2a4 (0xff899403) lh      s0, -8(s3)
core   0: 3 0x8000d2a4 (0xff899403) x 8 0x00006c6d mem 0x800146b6
core   0: 0x8000d2a8 (0x0ff1dd03) lhu     s10, 255(gp)
core   0: 3 0x8000d2a8 (0x0ff1dd03) x26 0x000000e5 mem 0x80010f1e
core   0: 0x8000d2ac (0xff69a703) lw      a4, -10(s3)
core   0: 3 0x8000d2ac (0xff69a703) x14 0x6c6d6e6f mem 0x800146b4
core   0: 0x8000d2b0 (0x01318683) lb      a3, 19(gp)
core   0: 3 0x8000d2b0 (0x01318683) x13 0xffffffe9 mem 0x80010e32
core   0: 0x8000d2b4 (0x0059c403) lbu     s0, 5(s3)
core   0: 3 0x8000d2b4 (0x0059c403) x 8 0x00000078 mem 0x800146c3
core   0: 0x8000d2b8 (0x05f18fa3) sb      t6, 95(gp)
core   0: 3 0x8000d2b8 (0x05f18fa3) mem 0x80010e7e 0xe7
core   0: 0x8000d2bc (0xffc9c383) lbu     t2, -4(s3)
core   0: 3 0x8000d2bc (0xffc9c383) x 7 0x00000071 mem 0x800146ba
core   0: 0x8000d2c0 (0xf571d283) lhu     t0, -169(gp)
core   0: 3 0x8000d2c0 (0xf571d283) x 5 0x00002c2d mem 0x80010d76
core   0: 0x8000d2c4 (0x0d61cc03) lbu     s8, 214(gp)
core   0: 3 0x8000d2c4 (0x0d61cc03) x24 0x000000ae mem 0x80010ef5
core   0: 0x8000d2c8 (0x0fb19003) lh      zero, 251(gp)
core   0: 3 0x8000d2c8 (0x0fb19003) mem 0x80010f1a
core   0: 0x8000d2cc (0x0281c083) lbu     ra, 40(gp)
core   0: 3 0x8000d2cc (0x0281c083) x 1 0x000000fc mem 0x80010e47
core   0: 0x8000d2d0 (0x006982a3) sb      t1, 5(s3)
core   0: 3 0x8000d2d0 (0x006982a3) mem 0x800146c3 0x0
core   0: 0x8000d2d4 (0x00499403) lh      s0, 4(s3)
core   0: 3 0x8000d2d4 (0x00499403) x 8 0x00000079 mem 0x800146c2
core   0: 0x8000d2d8 (0xffc00413) li      s0, -4
core   0: 3 0x8000d2d8 (0xffc00413) x 8 0xfffffffc
core   0: 0x8000d2dc (0x00000001) c.nop
core   0: 3 0x8000d2dc (0x0001)
core   0: 0x8000d2de (0x33e0af93) slti    t6, ra, 830
core   0: 3 0x8000d2de (0x33e0af93) x31 0x00000001
core   0: 0x8000d2e2 (0x00000405) c.addi  s0, 1
core   0: 3 0x8000d2e2 (0x0405) x 8 0xfffffffd
core   0: 0x8000d2e4 (0x0000fc6d) c.bnez  s0, pc - 6
core   0: 3 0x8000d2e4 (0xfc6d)
core   0: 0x8000d2de (0x33e0af93) slti    t6, ra, 830
core   0: 3 0x8000d2de (0x33e0af93) x31 0x00000001
core   0: 0x8000d2e2 (0x00000405) c.addi  s0, 1
core   0: 3 0x8000d2e2 (0x0405) x 8 0xfffffffe
core   0: 0x8000d2e4 (0x0000fc6d) c.bnez  s0, pc - 6
core   0: 3 0x8000d2e4 (0xfc6d)
core   0: 0x8000d2de (0x33e0af93) slti    t6, ra, 830
core   0: 3 0x8000d2de (0x33e0af93) x31 0x00000001
core   0: 0x8000d2e2 (0x00000405) c.addi  s0, 1
core   0: 3 0x8000d2e2 (0x0405) x 8 0xffffffff
core   0: 0x8000d2e4 (0x0000fc6d) c.bnez  s0, pc - 6
core   0: 3 0x8000d2e4 (0xfc6d)
core   0: 0x8000d2de (0x33e0af93) slti    t6, ra, 830
core   0: 3 0x8000d2de (0x33e0af93) x31 0x00000001
core   0: 0x8000d2e2 (0x00000405) c.addi  s0, 1
core   0: 3 0x8000d2e2 (0x0405) x 8 0x00000000
core   0: 0x8000d2e4 (0x0000fc6d) c.bnez  s0, pc - 6
core   0: 3 0x8000d2e4 (0xfc6d)
core   0: 0x8000d2e6 (0x00008dcd) c.or    a1, a1
core   0: 3 0x8000d2e6 (0x8dcd) x11 0x0000d6d7
core   0: 0x8000d2e8 (0x0200066f) jal     a2, pc + 0x20
core   0: 3 0x8000d2e8 (0x0200066f) x12 0x8000d2ec
core   0: 0x8000d308 (0x0000b7e5) c.j     pc - 24
core   0: 3 0x8000d308 (0xb7e5)
core   0: 0x8000d2f0 (0x00002819) c.jal   pc + 22
core   0: 3 0x8000d2f0 (0x2819) x 1 0x8000d2f2
core   0: 0x8000d306 (0x00002011) c.jal   pc + 4
core   0: 3 0x8000d306 (0x2011) x 1 0x8000d308
core   0: 0x8000d30a (0x00003fd5) c.jal   pc - 12
core   0: 3 0x8000d30a (0x3fd5) x 1 0x8000d30c
core   0: 0x8000d2fe (0x004000ef) jal     pc + 0x4
core   0: 3 0x8000d2fe (0x004000ef) x 1 0x8000d302
core   0: 0x8000d302 (0x00003fed) c.jal   pc - 6
core   0: 3 0x8000d302 (0x3fed) x 1 0x8000d304
core   0: 0x8000d2fc (0x00003fe5) c.jal   pc - 8
core   0: 3 0x8000d2fc (0x3fe5) x 1 0x8000d2fe
core   0: 0x8000d2f4 (0x00002009) c.jal   pc + 2
core   0: 3 0x8000d2f4 (0x2009) x 1 0x8000d2f6
core   0: 0x8000d2f6 (0xffdff36f) jal     t1, pc - 0x4
core   0: 3 0x8000d2f6 (0xffdff36f) x 6 0x8000d2fa
core   0: 0x8000d2f2 (0x0000bfed) c.j     pc - 6
core   0: 3 0x8000d2f2 (0xbfed)
core   0: 0x8000d2ec (0x00e0066f) jal     a2, pc + 0xe
core   0: 3 0x8000d2ec (0x00e0066f) x12 0x8000d2f0
core   0: 0x8000d2fa (0x0000a029) c.j     pc + 10
core   0: 3 0x8000d2fa (0xa029)
core   0: 0x8000d304 (0x0000a021) c.j     pc + 8
core   0: 3 0x8000d304 (0xa021)
core   0: 0x8000d30c (0x001951b3) srl     gp, s2, ra
core   0: 3 0x8000d30c (0x001951b3) x 3 0x00000000
core   0: 0x8000d310 (0x00003797) auipc   a5, 0x3
core   0: 3 0x8000d310 (0x00003797) x15 0x80010310
core   0: 0x8000d314 (0x4e878793) addi    a5, a5, 1256
core   0: 3 0x8000d314 (0x4e878793) x15 0x800107f8
core   0: 0x8000d318 (0x0000a997) auipc   s3, 0xa
core   0: 3 0x8000d318 (0x0000a997) x19 0x80017318
core   0: 0x8000d31c (0x3d898993) addi    s3, s3, 984
core   0: 3 0x8000d31c (0x3d898993) x19 0x800176f0
core   0: 0x8000d320 (0xfdd98d83) lb      s11, -35(s3)
core   0: 3 0x8000d320 (0xfdd98d83) x27 0xffffff86 mem 0x800176cd
core   0: 0x8000d324 (0x09299483) lh      s1, 146(s3)
core   0: 3 0x8000d324 (0x09299483) x 9 0x00003839 mem 0x80017782
core   0: 0x8000d328 (0x0819c483) lbu     s1, 129(s3)
core   0: 3 0x8000d328 (0x0819c483) x 9 0x0000002a mem 0x80017771
core   0: 0x8000d32c (0xfa978b03) lb      s6, -87(a5)
core   0: 3 0x8000d32c (0xfa978b03) x22 0x0000005a mem 0x800107a1
core   0: 0x8000d330 (0x07a98d83) lb      s11, 122(s3)
core   0: 3 0x8000d330 (0x07a98d83) x27 0x00000021 mem 0x8001776a
core   0: 0x8000d334 (0xf7f7ca83) lbu     s5, -129(a5)
core   0: 3 0x8000d334 (0xf7f7ca83) x21 0x0000002c mem 0x80010777
core   0: 0x8000d338 (0xf3b98fa3) sb      s11, -193(s3)
core   0: 3 0x8000d338 (0xf3b98fa3) mem 0x8001762f 0x21
core   0: 0x8000d33c (0x0f6987a3) sb      s6, 239(s3)
core   0: 3 0x8000d33c (0x0f6987a3) mem 0x800177df 0x5a
core   0: 0x8000d340 (0xf1178c03) lb      s8, -239(a5)
core   0: 3 0x8000d340 (0xf1178c03) x24 0xffffffc2 mem 0x80010709
core   0: 0x8000d344 (0xf6c980a3) sb      a2, -159(s3)
core   0: 3 0x8000d344 (0xf6c980a3) mem 0x80017651 0xf0
core   0: 0x8000d348 (0xfdd7a423) sw      t4, -56(a5)
core   0: 3 0x8000d348 (0xfdd7a423) mem 0x800107c0 0x00000003
core   0: 0x8000d34c (0x0fe98d03) lb      s10, 254(s3)
core   0: 3 0x8000d34c (0x0fe98d03) x26 0xffffffa5 mem 0x800177ee
core   0: 0x8000d350 (0xff578903) lb      s2, -11(a5)
core   0: 3 0x8000d350 (0xff578903) x18 0xffffffa6 mem 0x800107ed
core   0: 0x8000d354 (0xfed983a3) sb      a3, -25(s3)
core   0: 3 0x8000d354 (0xfed983a3) mem 0x800176d7 0xe9
core   0: 0x8000d358 (0xf9c78b23) sb      t3, -106(a5)
core   0: 3 0x8000d358 (0xf9c78b23) mem 0x8001078e 0x60
core   0: 0x8000d35c (0x0e579c23) sh      t0, 248(a5)
core   0: 3 0x8000d35c (0x0e579c23) mem 0x800108f0 0x2c2d
core   0: 0x8000d360 (0x01178f23) sb      a7, 30(a5)
core   0: 3 0x8000d360 (0x01178f23) mem 0x80010816 0x38
core   0: 0x8000d364 (0xf5d9c403) lbu     s0, -163(s3)
core   0: 3 0x8000d364 (0xf5d9c403) x 8 0x00000006 mem 0x8001764d
core   0: 0x8000d368 (0x02a0066f) jal     a2, pc + 0x2a
core   0: 3 0x8000d368 (0x02a0066f) x12 0x8000d36c
core   0: 0x8000d392 (0xfdfff36f) jal     t1, pc - 0x22
core   0: 3 0x8000d392 (0xfdfff36f) x 6 0x8000d396
core   0: 0x8000d370 (0x00400def) jal     s11, pc + 0x4
core   0: 3 0x8000d370 (0x00400def) x27 0x8000d374
core   0: 0x8000d374 (0x0120036f) jal     t1, pc + 0x12
core   0: 3 0x8000d374 (0x0120036f) x 6 0x8000d378
core   0: 0x8000d386 (0x00003fed) c.jal   pc - 6
core   0: 3 0x8000d386 (0x3fed) x 1 0x8000d388
core   0: 0x8000d380 (0x00002801) c.jal   pc + 16
core   0: 3 0x8000d380 (0x2801) x 1 0x8000d382
core   0: 0x8000d390 (0x00003ff1) c.jal   pc - 36
core   0: 3 0x8000d390 (0x3ff1) x 1 0x8000d392
core   0: 0x8000d36c (0x0000a819) c.j     pc + 22
core   0: 3 0x8000d36c (0xa819)
core   0: 0x8000d382 (0x0180036f) jal     t1, pc + 0x18
core   0: 3 0x8000d382 (0x0180036f) x 6 0x8000d386
core   0: 0x8000d39a (0x00003fd5) c.jal   pc - 12
core   0: 3 0x8000d39a (0x3fd5) x 1 0x8000d39c
core   0: 0x8000d38e (0x00002801) c.jal   pc + 16
core   0: 3 0x8000d38e (0x2801) x 1 0x8000d390
core   0: 0x8000d39e (0xfdbff0ef) jal     pc - 0x26
core   0: 3 0x8000d39e (0xfdbff0ef) x 1 0x8000d3a2
core   0: 0x8000d378 (0x0000a801) c.j     pc + 16
core   0: 3 0x8000d378 (0xa801)
core   0: 0x8000d388 (0x00002801) c.jal   pc + 16
core   0: 3 0x8000d388 (0x2801) x 1 0x8000d38a
core   0: 0x8000d398 (0x0000a011) c.j     pc + 4
core   0: 3 0x8000d398 (0xa011)
core   0: 0x8000d39c (0x0000a019) c.j     pc + 6
core   0: 3 0x8000d39c (0xa019)
core   0: 0x8000d3a2 (0x00003ff1) c.jal   pc - 36
core   0: 3 0x8000d3a2 (0x3ff1) x 1 0x8000d3a4
core   0: 0x8000d37e (0x0000a031) c.j     pc + 12
core   0: 3 0x8000d37e (0xa031)
core   0: 0x8000d38a (0xfe5ff0ef) jal     pc - 0x1c
core   0: 3 0x8000d38a (0xfe5ff0ef) x 1 0x8000d38e
core   0: 0x8000d36e (0x00002025) c.jal   pc + 40
core   0: 3 0x8000d36e (0x2025) x 1 0x8000d370
core   0: 0x8000d396 (0x0000b7d5) c.j     pc - 28
core   0: 3 0x8000d396 (0xb7d5)
core   0: 0x8000d37a (0x02a000ef) jal     pc + 0x2a
core   0: 3 0x8000d37a (0x02a000ef) x 1 0x8000d37e
core   0: 0x8000d3a4 (0x020f87b3) mul     a5, t6, zero
core   0: 3 0x8000d3a4 (0x020f87b3) x15 0x00000000
core   0: 0x8000d3a8 (0x0000fa17) auipc   s4, 0xf
core   0: 3 0x8000d3a8 (0x0000fa17) x20 0x8001c3a8
core   0: 0x8000d3ac (0x3d8a0a13) addi    s4, s4, 984
core   0: 3 0x8000d3ac (0x3d8a0a13) x20 0x8001c780
core   0: 0x8000d3b0 (0x0ff0000f) fence   iorw,iorw
core   0: 3 0x8000d3b0 (0x0ff0000f)
core   0: 0x8000d3b4 (0xbb4a1703) lh      a4, -1100(s4)
core   0: 3 0x8000d3b4 (0xbb4a1703) x14 0xffffeeef mem 0x8001c334
core   0: 0x8000d3b8 (0xea1a4a83) lbu     s5, -351(s4)
core   0: 3 0x8000d3b8 (0xea1a4a83) x21 0x000000da mem 0x8001c621
core   0: 0x8000d3bc (0x665a4783) lbu     a5, 1637(s4)
core   0: 3 0x8000d3bc (0x665a4783) x15 0x0000009e mem 0x8001cde5
core   0: 0x8000d3c0 (0x00ead713) srli    a4, s5, 14
core   0: 3 0x8000d3c0 (0x00ead713) x14 0x00000000
core   0: 0x8000d3c4 (0x00000a8e) c.slli  s5, 3
core   0: 3 0x8000d3c4 (0x0a8e) x21 0x000006d0
core   0: 0x8000d3c6 (0x4a0a2183) lw      gp, 1184(s4)
core   0: 3 0x8000d3c6 (0x4a0a2183) x 3 0xd8d9dadb mem 0x8001cc20
core   0: 0x8000d3ca (0x455a2a23) sw      s5, 1108(s4)
core   0: 3 0x8000d3ca (0x455a2a23) mem 0x8001cbd4 0x000006d0
core   0: 0x8000d3ce (0x32fa06a3) sb      a5, 813(s4)
core   0: 3 0x8000d3ce (0x32fa06a3) mem 0x8001caad 0x9e
core   0: 0x8000d3d2 (0x897a0a83) lb      s5, -1897(s4)
core   0: 3 0x8000d3d2 (0x897a0a83) x21 0xffffffcc mem 0x8001c017
core   0: 0x8000d3d6 (0x7d8a1783) lh      a5, 2008(s4)
core   0: 3 0x8000d3d6 (0x7d8a1783) x15 0x00001213 mem 0x8001cf58
core   0: 0x8000d3da (0x996a1a83) lh      s5, -1642(s4)
core   0: 3 0x8000d3da (0x996a1a83) x21 0xffffcccd mem 0x8001c116
core   0: 0x8000d3de (0x44fa0ea3) sb      a5, 1117(s4)
core   0: 3 0x8000d3de (0x44fa0ea3) mem 0x8001cbdd 0x13
core   0: 0x8000d3e2 (0x7cfa4a83) lbu     s5, 1999(s4)
core   0: 3 0x8000d3e2 (0x7cfa4a83) x21 0x00000004 mem 0x8001cf4f
core   0: 0x8000d3e6 (0xe6f04717) auipc   a4, 0xe6f04
core   0: 3 0x8000d3e6 (0xe6f04717) x14 0x66f113e6
core   0: 0x8000d3ea (0x0293f3b3) remu    t2, t2, s1
core   0: 3 0x8000d3ea (0x0293f3b3) x 7 0x0000001d
core   0: 0x8000d3ee (0x000080e9) c.srli  s1, 26
core   0: 3 0x8000d3ee (0x80e9) x 9 0x00000000
core   0: 0x8000d3f0 (0x06ea4a83) lbu     s5, 110(s4)
core   0: 3 0x8000d3f0 (0x06ea4a83) x21 0x000000a5 mem 0x8001c7ee
core   0: 0x8000d3f4 (0x29ba4703) lbu     a4, 667(s4)
core   0: 3 0x8000d3f4 (0x29ba4703) x14 0x000000d0 mem 0x8001ca1b
core   0: 0x8000d3f8 (0xf5fa4383) lbu     t2, -161(s4)
core   0: 3 0x8000d3f8 (0xf5fa4383) x 7 0x00000094 mem 0x8001c6df
core   0: 0x8000d3fc (0x272a0383) lb      t2, 626(s4)
core   0: 3 0x8000d3fc (0x272a0383) x 7 0xffffffa9 mem 0x8001c9f2
core   0: 0x8000d400 (0x070a0483) lb      s1, 112(s4)
core   0: 3 0x8000d400 (0x070a0483) x 9 0xffffffab mem 0x8001c7f0
core   0: 0x8000d404 (0x02f731b3) mulhu   gp, a4, a5
core   0: 3 0x8000d404 (0x02f731b3) x 3 0x00000000
core   0: 0x8000d408 (0x00e707b3) add     a5, a4, a4
core   0: 3 0x8000d408 (0x00e707b3) x15 0x000001a0
core   0: 0x8000d40c (0x035af4b3) remu    s1, s5, s5
core   0: 3 0x8000d40c (0x035af4b3) x 9 0x00000000
core   0: 0x8000d410 (0x0000832d) c.srli  a4, 11
core   0: 3 0x8000d410 (0x832d) x14 0x00000000
core   0: 0x8000d412 (0x715a0ca3) sb      s5, 1817(s4)
core   0: 3 0x8000d412 (0x715a0ca3) mem 0x8001ce99 0xa5
core   0: 0x8000d416 (0x00008759) c.srai  a4, 22
core   0: 3 0x8000d416 (0x8759) x14 0x00000000
core   0: 0x8000d418 (0x3dfa0183) lb      gp, 991(s4)
core   0: 3 0x8000d418 (0x3dfa0183) x 3 0x00000014 mem 0x8001cb5f
core   0: 0x8000d41c (0x00008fbd) c.xor   a5, a5
core   0: 3 0x8000d41c (0x8fbd) x15 0x00000000
core   0: 0x8000d41e (0x00008cb9) c.xor   s1, a4
core   0: 3 0x8000d41e (0x8cb9) x 9 0x00000000
core   0: 0x8000d420 (0x00008aba) c.mv    s5, a4
core   0: 3 0x8000d420 (0x8aba) x21 0x00000000
core   0: 0x8000d422 (0x02771733) mulh    a4, a4, t2
core   0: 3 0x8000d422 (0x02771733) x14 0x00000000
core   0: 0x8000d426 (0x3a3a2a23) sw      gp, 948(s4)
core   0: 3 0x8000d426 (0x3a3a2a23) mem 0x8001cb34 0x00000014
core   0: 0x8000d42a (0xa8ca4483) lbu     s1, -1396(s4)
core   0: 3 0x8000d42a (0xa8ca4483) x 9 0x000000c7 mem 0x8001c20c
core   0: 0x8000d42e (0x296a4483) lbu     s1, 662(s4)
core   0: 3 0x8000d42e (0x296a4483) x 9 0x000000cd mem 0x8001ca16
core   0: 0x8000d432 (0x00975393) srli    t2, a4, 9
core   0: 3 0x8000d432 (0x00975393) x 7 0x00000000
core   0: 0x8000d436 (0x00378733) add     a4, a5, gp
core   0: 3 0x8000d436 (0x00378733) x14 0x00000014
core   0: 0x8000d43a (0x8e5a4703) lbu     a4, -1819(s4)
core   0: 3 0x8000d43a (0x8e5a4703) x14 0x0000001e mem 0x8001c065
core   0: 0x8000d43e (0x2efa0aa3) sb      a5, 757(s4)
core   0: 3 0x8000d43e (0x2efa0aa3) mem 0x8001ca75 0x0
core   0: 0x8000d442 (0x00009b17) auipc   s6, 0x9
core   0: 3 0x8000d442 (0x00009b17) x22 0x80016442
core   0: 0x8000d446 (0x03bb0b13) addi    s6, s6, 59
core   0: 3 0x8000d446 (0x03bb0b13) x22 0x8001647d
core   0: 0x8000d44a (0x8a7b0983) lb      s3, -1881(s6)
core   0: 3 0x8000d44a (0x8a7b0983) x19 0xffffffdf mem 0x80015d24
core   0: 0x8000d44e (0x8e4b0a83) lb      s5, -1820(s6)
core   0: 3 0x8000d44e (0x8e4b0a83) x21 0x0000001a mem 0x80015d61
core   0: 0x8000d452 (0x143a0593) addi    a1, s4, 323
core   0: 3 0x8000d452 (0x143a0593) x11 0x8001c8c3
core   0: 0x8000d456 (0x60cb0903) lb      s2, 1548(s6)
core   0: 3 0x8000d456 (0x60cb0903) x18 0x00000042 mem 0x80016a89
core   0: 0x8000d45a (0xaeeb04a3) sb      a4, -1303(s6)
core   0: 3 0x8000d45a (0xaeeb04a3) mem 0x80015f66 0x1e
core   0: 0x8000d45e (0x00008d66) c.mv    s10, s9
core   0: 3 0x8000d45e (0x8d66) x26 0x80029ce4
core   0: 0x8000d460 (0xd6db5403) lhu     s0, -659(s6)
core   0: 3 0x8000d460 (0xd6db5403) x 8 0x0000a0a1 mem 0x800161ea
core   0: 0x8000d464 (0xc63b4e03) lbu     t3, -925(s6)
core   0: 3 0x8000d464 (0xc63b4e03) x28 0x0000009b mem 0x800160e0
core   0: 0x8000d468 (0x96cb4803) lbu     a6, -1684(s6)
core   0: 3 0x8000d468 (0x96cb4803) x16 0x000000a2 mem 0x80015de9
core   0: 0x8000d46c (0x786b0e03) lb      t3, 1926(s6)
core   0: 3 0x8000d46c (0x786b0e03) x28 0xffffffb8 mem 0x80016c03
core   0: 0x8000d470 (0x0350b5b3) mulhu   a1, ra, s5
core   0: 3 0x8000d470 (0x0350b5b3) x11 0x0000000d
core   0: 0x8000d474 (0x103b5083) lhu     ra, 259(s6)
core   0: 3 0x8000d474 (0x103b5083) x 1 0x00003a3b mem 0x80016580
core   0: 0x8000d478 (0x00008eb1) c.xor   a3, a2
core   0: 3 0x8000d478 (0x8eb1) x13 0x7fff2c85
core   0: 0x8000d47a (0x7cab0983) lb      s3, 1994(s6)
core   0: 3 0x8000d47a (0x7cab0983) x19 0xfffffffc mem 0x80016c47
core   0: 0x8000d47e (0x528b0123) sb      s0, 1314(s6)
core   0: 3 0x8000d47e (0x528b0123) mem 0x8001699f 0xa1
core   0: 0x8000d482 (0x0000060e) c.slli  a2, 3
core   0: 3 0x8000d482 (0x060e) x12 0x00069b60
core   0: 0x8000d484 (0x03d75133) divu    sp, a4, t4
core   0: 3 0x8000d484 (0x03d75133) x 2 0x0000000a
core   0: 0x8000d488 (0xd5ab09a3) sb      s10, -685(s6)
core   0: 3 0x8000d488 (0xd5ab09a3) mem 0x800161d0 0xe4
core   0: 0x8000d48c (0x00008409) c.srai  s0, 2
core   0: 3 0x8000d48c (0x8409) x 8 0x00002828
core   0: 0x8000d48e (0x0232c833) div     a6, t0, gp
core   0: 3 0x8000d48e (0x0232c833) x16 0x00000235
core   0: 0x8000d492 (0x22484413) xori    s0, a6, 548
core   0: 3 0x8000d492 (0x22484413) x 8 0x00000011
core   0: 0x8000d496 (0x00000f00) c.addi4spn s0, sp, 912
core   0: 3 0x8000d496 (0x0f00) x 8 0x0000039a
core   0: 0x8000d498 (0x41d3de33) sra     t3, t2, t4
core   0: 3 0x8000d498 (0x41d3de33) x28 0x00000000
core   0: 0x8000d49c (0x57db4203) lbu     tp, 1405(s6)
core   0: 3 0x8000d49c (0x57db4203) x 4 0x000000b1 mem 0x800169fa
core   0: 0x8000d4a0 (0xcedb5083) lhu     ra, -787(s6)
core   0: 3 0x8000d4a0 (0xcedb5083) x 1 0x00002021 mem 0x8001616a
core   0: 0x8000d4a4 (0x02238f33) mul     t5, t2, sp
core   0: 3 0x8000d4a4 (0x02238f33) x30 0x00000000
core   0: 0x8000d4a8 (0x0000100f) fence.i
core   0: 3 0x8000d4a8 (0x0000100f)
core   0: 0x8000d4ac (0xa0ab00a3) sb      a0, -1535(s6)
core   0: 3 0x8000d4ac (0xa0ab00a3) mem 0x80015e7e 0xd
core   0: 0x8000d4b0 (0xe6fb0123) sb      a5, -414(s6)
core   0: 3 0x8000d4b0 (0xe6fb0123) mem 0x800162df 0x0
core   0: 0x8000d4b4 (0x00109633) sll     a2, ra, ra
core   0: 3 0x8000d4b4 (0x00109633) x12 0x00004042
core   0: 0x8000d4b8 (0x004092b3) sll     t0, ra, tp
core   0: 3 0x8000d4b8 (0x004092b3) x 5 0x40420000
core   0: 0x8000d4bc (0x0ff0000f) fence   iorw,iorw
core   0: 3 0x8000d4bc (0x0ff0000f)
core   0: 0x8000d4c0 (0x03848a33) mul     s4, s1, s8
core   0: 3 0x8000d4c0 (0x03848a33) x20 0xffffce5a
core   0: 0x8000d4c4 (0xcc8b0183) lb      gp, -824(s6)
core   0: 3 0x8000d4c4 (0xcc8b0183) x 3 0xfffffffe mem 0x80016145
core   0: 0x8000d4c8 (0x039cac33) mulhsu  s8, s9, s9
core   0: 3 0x8000d4c8 (0x039cac33) x24 0xc0000006
core   0: 0x8000d4cc (0x4feb0d03) lb      s10, 1278(s6)
core   0: 3 0x8000d4cc (0x4feb0d03) x26 0x00000030 mem 0x8001697b
core   0: 0x8000d4d0 (0x00004117) auipc   sp, 0x4
core   0: 3 0x8000d4d0 (0x00004117) x 2 0x800114d0
core   0: 0x8000d4d4 (0xa0c10113) addi    sp, sp, -1524
core   0: 3 0x8000d4d4 (0xa0c10113) x 2 0x80010edc
core   0: 0x8000d4d8 (0x0c510f83) lb      t6, 197(sp)
core   0: 3 0x8000d4d8 (0x0c510f83) x31 0x0000005a mem 0x80010fa1
core   0: 0x8000d4dc (0x028bf333) remu    t1, s7, s0
core   0: 3 0x8000d4dc (0x028bf333) x 6 0x00000304
core   0: 0x8000d4e0 (0x0c510e83) lb      t4, 197(sp)
core   0: 3 0x8000d4e0 (0x0c510e83) x29 0x0000005a mem 0x80010fa1
core   0: 0x8000d4e4 (0xf9c11023) sh      t3, -128(sp)
core   0: 3 0x8000d4e4 (0xf9c11023) mem 0x80010e5c 0x0000
core   0: 0x8000d4e8 (0x000099fd) c.andi  a1, -1
core   0: 3 0x8000d4e8 (0x99fd) x11 0x0000000d
core   0: 0x8000d4ea (0xf8014403) lbu     s0, -128(sp)
core   0: 3 0x8000d4ea (0xf8014403) x 8 0x00000000 mem 0x80010e5c
core   0: 0x8000d4ee (0xf8011303) lh      t1, -128(sp)
core   0: 3 0x8000d4ee (0xf8011303) x 6 0x00000000 mem 0x80010e5c
core   0: 0x8000d4f2 (0xf8512023) sw      t0, -128(sp)
core   0: 3 0x8000d4f2 (0xf8512023) mem 0x80010e5c 0x40420000
core   0: 0x8000d4f6 (0x01210c03) lb      s8, 18(sp)
core   0: 3 0x8000d4f6 (0x01210c03) x24 0xffffffa5 mem 0x80010eee
core   0: 0x8000d4fa (0x03abfb33) remu    s6, s7, s10
core   0: 3 0x8000d4fa (0x03abfb33) x22 0x00000010
core   0: 0x8000d4fe (0x01211383) lh      t2, 18(sp)
core   0: 3 0x8000d4fe (0x01211383) x 7 0xffffa4a5 mem 0x80010eee
core   0: 0x8000d502 (0x01214d03) lbu     s10, 18(sp)
core   0: 3 0x8000d502 (0x01214d03) x26 0x000000a5 mem 0x80010eee
core   0: 0x8000d506 (0x01215303) lhu     t1, 18(sp)
core   0: 3 0x8000d506 (0x01215303) x 6 0x0000a4a5 mem 0x80010eee
core   0: 0x8000d50a (0x01510923) sb      s5, 18(sp)
core   0: 3 0x8000d50a (0x01510923) mem 0x80010eee 0x1a
core   0: 0x8000d50e (0x01210903) lb      s2, 18(sp)
core   0: 3 0x8000d50e (0x01210903) x18 0x0000001a mem 0x80010eee
core   0: 0x8000d512 (0x000083e9) c.srli  a5, 26
core   0: 3 0x8000d512 (0x83e9) x15 0x00000000
core   0: 0x8000d514 (0xa4f34913) xori    s2, t1, -1457
core   0: 3 0x8000d514 (0xa4f34913) x18 0xffff5eea
core   0: 0x8000d518 (0x00310923) sb      gp, 18(sp)
core   0: 3 0x8000d518 (0x00310923) mem 0x80010eee 0xfe
core   0: 0x8000d51c (0xffc00d13) li      s10, -4
core   0: 3 0x8000d51c (0xffc00d13) x26 0xfffffffc
core   0: 0x8000d520 (0x00d0b4b3) sltu    s1, ra, a3
core   0: 3 0x8000d520 (0x00d0b4b3) x 9 0x00000001
core   0: 0x8000d524 (0x03628133) mul     sp, t0, s6
core   0: 3 0x8000d524 (0x03628133) x 2 0x04200000
core   0: 0x8000d528 (0x004a5413) srli    s0, s4, 4
core   0: 3 0x8000d528 (0x004a5413) x 8 0x0ffffce5
core   0: 0x8000d52c (0x01bec193) xori    gp, t4, 27
core   0: 3 0x8000d52c (0x01bec193) x 3 0x00000041
core   0: 0x8000d530 (0x9d23b713) sltiu   a4, t2, -1582
core   0: 3 0x8000d530 (0x9d23b713) x14 0x00000001
core   0: 0x8000d534 (0x000087e1) c.srai  a5, 24
core   0: 3 0x8000d534 (0x87e1) x15 0x00000000
core   0: 0x8000d536 (0x419a5193) srai    gp, s4, 25
core   0: 3 0x8000d536 (0x419a5193) x 3 0xffffffff
core   0: 0x8000d53a (0x00300c13) li      s8, 3
core   0: 3 0x8000d53a (0x00300c13) x24 0x00000003
core   0: 0x8000d53e (0x00cebeb3) sltu    t4, t4, a2
core   0: 3 0x8000d53e (0x00cebeb3) x29 0x00000001
core   0: 0x8000d542 (0x0000972a) c.add   a4, a0
core   0: 3 0x8000d542 (0x972a) x14 0x0000000e
core   0: 0x8000d544 (0x00008731) c.srai  a4, 12
core   0: 3 0x8000d544 (0x8731) x14 0x00000000
core   0: 0x8000d546 (0x00000498) c.addi4spn a4, sp, 576
core   0: 3 0x8000d546 (0x0498) x14 0x04200240
core   0: 0x8000d548 (0x00a76833) or      a6, a4, a0
core   0: 3 0x8000d548 (0x00a76833) x16 0x0420024d
core   0: 0x8000d54c (0x41bed093) srai    ra, t4, 27
core   0: 3 0x8000d54c (0x41bed093) x 1 0x00000000
core   0: 0x8000d550 (0x00000d1d) c.addi  s10, 7
core   0: 3 0x8000d550 (0x0d1d) x26 0x00000003
core   0: 0x8000d552 (0x00008069) c.srli  s0, 26
core   0: 3 0x8000d552 (0x8069) x 8 0x00000003
core   0: 0x8000d554 (0x035ab2b3) mulhu   t0, s5, s5
core   0: 3 0x8000d554 (0x035ab2b3) x 5 0x00000000
core   0: 0x8000d558 (0xff8d67e3) bltu    s10, s8, pc - 18
core   0: 3 0x8000d558 (0xff8d67e3)
core   0: 0x8000d55c (0x01389613) slli    a2, a7, 19
core   0: 3 0x8000d55c (0x01389613) x12 0xf1c00000
core   0: 0x8000d560 (0x00006717) auipc   a4, 0x6
core   0: 3 0x8000d560 (0x00006717) x14 0x80013560
core   0: 0x8000d564 (0x29170713) addi    a4, a4, 657
core   0: 3 0x8000d564 (0x29170713) x14 0x800137f1
core   0: 0x8000d568 (0xffa74483) lbu     s1, -6(a4)
core   0: 3 0x8000d568 (0xffa74483) x 9 0x000000a0 mem 0x800137eb
core   0: 0x8000d56c (0x00009997) auipc   s3, 0x9
core   0: 3 0x8000d56c (0x00009997) x19 0x8001656c
core   0: 0x8000d570 (0x1ac98993) addi    s3, s3, 428
core   0: 3 0x8000d570 (0x1ac98993) x19 0x80016718
core   0: 0x8000d574 (0x00004d97) auipc   s11, 0x4
core   0: 3 0x8000d574 (0x00004d97) x27 0x80011574
core   0: 0x8000d578 (0x19ed8d93) addi    s11, s11, 414
core   0: 3 0x8000d578 (0x19ed8d93) x27 0x80011712
core   0: 0x8000d57c (0xff470f03) lb      t5, -12(a4)
core   0: 3 0x8000d57c (0xff470f03) x30 0xffffff9e mem 0x800137e5
core   0: 0x8000d580 (0x016983a3) sb      s6, 7(s3)
core   0: 3 0x8000d580 (0x016983a3) mem 0x8001671f 0x10
core   0: 0x8000d584 (0xfc2d81a3) sb      sp, -61(s11)
core   0: 3 0x8000d584 (0xfc2d81a3) mem 0x800116d5 0x0
core   0: 0x8000d588 (0xfe598a23) sb      t0, -12(s3)
core   0: 3 0x8000d588 (0xfe598a23) mem 0x8001670c 0x0
core   0: 0x8000d58c (0xfe4dce03) lbu     t3, -28(s11)
core   0: 3 0x8000d58c (0xfe4dce03) x28 0x000000ad mem 0x800116f6
core   0: 0x8000d590 (0x02cd88a3) sb      a2, 49(s11)
core   0: 3 0x8000d590 (0x02cd88a3) mem 0x80011743 0x0
core   0: 0x8000d594 (0x0069c603) lbu     a2, 6(s3)
core   0: 3 0x8000d594 (0x0069c603) x12 0x000000d5 mem 0x8001671e
core   0: 0x8000d598 (0x00670323) sb      t1, 6(a4)
core   0: 3 0x8000d598 (0x00670323) mem 0x800137f7 0xa5
core   0: 0x8000d59c (0xff698f23) sb      s6, -2(s3)
core   0: 3 0x8000d59c (0xff698f23) mem 0x80016716 0x10
core   0: 0x8000d5a0 (0x00e98783) lb      a5, 14(s3)
core   0: 3 0x8000d5a0 (0x00e98783) x15 0xffffffdd mem 0x80016726
core   0: 0x8000d5a4 (0xff299b03) lh      s6, -14(s3)
core   0: 3 0x8000d5a4 (0xff299b03) x22 0xffffc0c1 mem 0x8001670a
core   0: 0x8000d5a8 (0xfc7dca83) lbu     s5, -57(s11)
core   0: 3 0x8000d5a8 (0xfc7dca83) x21 0x00000092 mem 0x800116d9
core   0: 0x8000d5ac (0x00874303) lbu     t1, 8(a4)
core   0: 3 0x8000d5ac (0x00874303) x 6 0x000000b2 mem 0x800137f9
core   0: 0x8000d5b0 (0x00998683) lb      a3, 9(s3)
core   0: 3 0x8000d5b0 (0x00998683) x13 0xffffffda mem 0x80016721
core   0: 0x8000d5b4 (0x027dca83) lbu     s5, 39(s11)
core   0: 3 0x8000d5b4 (0x027dca83) x21 0x000000f2 mem 0x80011739
core   0: 0x8000d5b8 (0x03ad9a83) lh      s5, 58(s11)
core   0: 3 0x8000d5b8 (0x03ad9a83) x21 0x00000607 mem 0x8001174c
core   0: 0x8000d5bc (0xfff9ca03) lbu     s4, -1(s3)
core   0: 3 0x8000d5bc (0xfff9ca03) x20 0x000000cc mem 0x80016717
core   0: 0x8000d5c0 (0x01074f83) lbu     t6, 16(a4)
core   0: 3 0x8000d5c0 (0x01074f83) x31 0x000000ba mem 0x80013801
core   0: 0x8000d5c4 (0xff772403) lw      s0, -9(a4)
core   0: 3 0x8000d5c4 (0xff772403) x 8 0xa0a1a2a3 mem 0x800137e8
core   0: 0x8000d5c8 (0xfd4dda03) lhu     s4, -44(s11)
core   0: 3 0x8000d5c8 (0xfd4dda03) x20 0x00009c9d mem 0x800116e6
core   0: 0x8000d5cc (0x023d8283) lb      t0, 35(s11)
core   0: 3 0x8000d5cc (0x023d8283) x 5 0xffffffee mem 0x80011735
core   0: 0x8000d5d0 (0x00009246) c.add   tp, a7
core   0: 3 0x8000d5d0 (0x9246) x 4 0x80025ee9
core   0: 0x8000d5d2 (0x40b65a33) sra     s4, a2, a1
core   0: 3 0x8000d5d2 (0x40b65a33) x20 0x00000000
core   0: 0x8000d5d6 (0x0000947a) c.add   s0, t5
core   0: 3 0x8000d5d6 (0x947a) x 8 0xa0a1a241
core   0: 0x8000d5d8 (0x00006c39) c.lui   s8, 0xe
core   0: 3 0x8000d5d8 (0x6c39) x24 0x0000e000
core   0: 0x8000d5da (0xd8e07993) andi    s3, zero, -626
core   0: 3 0x8000d5da (0xd8e07993) x19 0x00000000
core   0: 0x8000d5de (0x7cc15497) auipc   s1, 0x7cc15
core   0: 3 0x8000d5de (0x7cc15497) x 9 0xfcc225de
core   0: 0x8000d5e2 (0xe6140f93) addi    t6, s0, -415
core   0: 3 0x8000d5e2 (0xe6140f93) x31 0xa0a1a0a2
core   0: 0x8000d5e6 (0x400e8e33) sub     t3, t4, zero
core   0: 3 0x8000d5e6 (0x400e8e33) x28 0x00000001
core   0: 0x8000d5ea (0x01137263) bgeu    t1, a7, pc + 4
core   0: 3 0x8000d5ea (0x01137263)
core   0: 0x8000d5ee (0x0102d933) srl     s2, t0, a6
core   0: 3 0x8000d5ee (0x0102d933) x18 0x0007ffff
core   0: 0x8000d5f2 (0x00008df1) c.and   a1, a2
core   0: 3 0x8000d5f2 (0x8df1) x11 0x00000005
core   0: 0x8000d5f4 (0x3ca32113) slti    sp, t1, 970
core   0: 3 0x8000d5f4 (0x3ca32113) x 2 0x00000001
core   0: 0x8000d5f8 (0x3eeb0a13) addi    s4, s6, 1006
core   0: 3 0x8000d5f8 (0x3eeb0a13) x20 0xffffc4af
core   0: 0x8000d5fc (0x0078aa33) slt     s4, a7, t2
core   0: 3 0x8000d5fc (0x0078aa33) x20 0x00000001
core   0: 0x8000d600 (0x3973a237) lui     tp, 0x3973a
core   0: 3 0x8000d600 (0x3973a237) x 4 0x3973a000
core   0: 0x8000d604 (0x0000100f) fence.i
core   0: 3 0x8000d604 (0x0000100f)
core   0: 0x8000d608 (0x00008ccd) c.or    s1, a1
core   0: 3 0x8000d608 (0x8ccd) x 9 0xfcc225df
core   0: 0x8000d60a (0x0000947e) c.add   s0, t6
core   0: 3 0x8000d60a (0x947e) x 8 0x414342e3
core   0: 0x8000d60c (0x0000994e) c.add   s2, s3
core   0: 3 0x8000d60c (0x994e) x18 0x0007ffff
core   0: 0x8000d60e (0x00448d63) beq     s1, tp, pc + 26
core   0: 3 0x8000d60e (0x00448d63)
core   0: 0x8000d612 (0x00008631) c.srai  a2, 12
core   0: 3 0x8000d612 (0x8631) x12 0x00000000
core   0: 0x8000d614 (0x00000001) c.nop
core   0: 3 0x8000d614 (0x0001)
core   0: 0x8000d616 (0x01fae563) bltu    s5, t6, pc + 10
core   0: 3 0x8000d616 (0x01fae563)
core   0: 0x8000d620 (0x00000325) c.addi  t1, 9
core   0: 3 0x8000d620 (0x0325) x 6 0x000000bb
core   0: 0x8000d622 (0x00008dd9) c.or    a1, a4
core   0: 3 0x8000d622 (0x8dd9) x11 0x800137f5
core   0: 0x8000d624 (0xe8fc7d13) andi    s10, s8, -369
core   0: 3 0x8000d624 (0xe8fc7d13) x26 0x0000e000
core   0: 0x8000d628 (0x00008009) c.srli  s0, 2
core   0: 3 0x8000d628 (0x8009) x 8 0x1050d0b8
core   0: 0x8000d62a (0x000065ed) c.lui   a1, 0x1b
core   0: 3 0x8000d62a (0x65ed) x11 0x0001b000
core   0: 0x8000d62c (0x00008ead) c.xor   a3, a1
core   0: 3 0x8000d62c (0x8ead) x13 0xfffe4fda
core   0: 0x8000d62e (0x01b39993) slli    s3, t2, 27
core   0: 3 0x8000d62e (0x01b39993) x19 0x28000000
core   0: 0x8000d632 (0x001c9e63) bne     s9, ra, pc + 28
core   0: 3 0x8000d632 (0x001c9e63)
core   0: 0x8000d64e (0x00254263) blt     a0, sp, pc + 4
core   0: 3 0x8000d64e (0x00254263)
core   0: 0x8000d652 (0x00006d0d) c.lui   s10, 0x3
core   0: 3 0x8000d652 (0x6d0d) x26 0x00003000
core   0: 0x8000d654 (0x000005be) c.slli  a1, 15
core   0: 3 0x8000d654 (0x05be) x11 0xd8000000
core   0: 0x8000d656 (0x00008e71) c.and   a2, a2
core   0: 3 0x8000d656 (0x8e71) x12 0x00000000
core   0: 0x8000d658 (0x0000100f) fence.i
core   0: 3 0x8000d658 (0x0000100f)
core   0: 0x8000d65c (0x01dff833) and     a6, t6, t4
core   0: 3 0x8000d65c (0x01dff833) x16 0x00000000
core   0: 0x8000d660 (0x69bb3913) sltiu   s2, s6, 1691
core   0: 3 0x8000d660 (0x69bb3913) x18 0x00000000
core   0: 0x8000d664 (0x00008fc1) c.or    a5, s0
core   0: 3 0x8000d664 (0x8fc1) x15 0xfffffffd
core   0: 0x8000d666 (0x00000001) c.nop
core   0: 3 0x8000d666 (0x0001)
core   0: 0x8000d668 (0x01a9abb3) slt     s7, s3, s10
core   0: 3 0x8000d668 (0x01a9abb3) x23 0x00000000
core   0: 0x8000d66c (0x03521a63) bne     tp, s5, pc + 52
core   0: 3 0x8000d66c (0x03521a63)
core   0: 0x8000d6a0 (0x029be463) bltu    s7, s1, pc + 40
core   0: 3 0x8000d6a0 (0x029be463)
core   0: 0x8000d6c8 (0x3517ed13) ori     s10, a5, 849
core   0: 3 0x8000d6c8 (0x3517ed13) x26 0xfffffffd
core   0: 0x8000d6cc (0x00008f09) c.sub   a4, a0
core   0: 3 0x8000d6cc (0x8f09) x14 0x800137e4
core   0: 0x8000d6ce (0xeff896b7) lui     a3, 0xeff89
core   0: 3 0x8000d6ce (0xeff896b7) x13 0xeff89000
core   0: 0x8000d6d2 (0x1efe7397) auipc   t2, 0x1efe7
core   0: 3 0x8000d6d2 (0x1efe7397) x 7 0x9eff46d2
core   0: 0x8000d6d6 (0xece47f97) auipc   t6, 0xece47
core   0: 3 0x8000d6d6 (0xece47f97) x31 0x6ce546d6
core   0: 0x8000d6da (0x00008a79) c.andi  a2, 30
core   0: 3 0x8000d6da (0x8a79) x12 0x00000000
core   0: 0x8000d6dc (0x02a9bb33) mulhu   s6, s3, a0
core   0: 3 0x8000d6dc (0x02a9bb33) x22 0x00000002
core   0: 0x8000d6e0 (0x033919b3) mulh    s3, s2, s3
core   0: 3 0x8000d6e0 (0x033919b3) x19 0x00000000
core   0: 0x8000d6e4 (0x037ce663) bltu    s9, s7, pc + 44
core   0: 3 0x8000d6e4 (0x037ce663)
core   0: 0x8000d6e8 (0x1e43c413) xori    s0, t2, 484
core   0: 3 0x8000d6e8 (0x1e43c413) x 8 0x9eff4736
core   0: 0x8000d6ec (0x0000100f) fence.i
core   0: 3 0x8000d6ec (0x0000100f)
core   0: 0x8000d6f0 (0x038d99b3) mulh    s3, s11, s8
core   0: 3 0x8000d6f0 (0x038d99b3) x19 0xffff9000
core   0: 0x8000d6f4 (0xf86de593) ori     a1, s11, -122
core   0: 3 0x8000d6f4 (0xf86de593) x11 0xffffff96
core   0: 0x8000d6f8 (0x0186fa63) bgeu    a3, s8, pc + 20
core   0: 3 0x8000d6f8 (0x0186fa63)
core   0: 0x8000d70c (0x00008dd9) c.or    a1, a4
core   0: 3 0x8000d70c (0x8dd9) x11 0xfffffff6
core   0: 0x8000d70e (0x00008c6d) c.and   s0, a1
core   0: 3 0x8000d70e (0x8c6d) x 8 0x9eff4736
core   0: 0x8000d710 (0x0160ef33) or      t5, ra, s6
core   0: 3 0x8000d710 (0x0160ef33) x30 0x00000002
core   0: 0x8000d714 (0x00000326) c.slli  t1, 9
core   0: 3 0x8000d714 (0x0326) x 6 0x00017600
core   0: 0x8000d716 (0x02e70f33) mul     t5, a4, a4
core   0: 3 0x8000d716 (0x02e70f33) x30 0x7bfbc310
core   0: 0x8000d71a (0x03b7fb63) bgeu    a5, s11, pc + 54
core   0: 3 0x8000d71a (0x03b7fb63)
core   0: 0x8000d750 (0xc3eb4113) xori    sp, s6, -962
core   0: 3 0x8000d750 (0xc3eb4113) x 2 0xfffffc3c
core   0: 0x8000d754 (0x03d99433) mulh    s0, s3, t4
core   0: 3 0x8000d754 (0x03d99433) x 8 0xffffffff
core   0: 0x8000d758 (0x006fa6b3) slt     a3, t6, t1
core   0: 3 0x8000d758 (0x006fa6b3) x13 0x00000000
core   0: 0x8000d75c (0x4ea34613) xori    a2, t1, 1258
core   0: 3 0x8000d75c (0x4ea34613) x12 0x000172ea
core   0: 0x8000d760 (0x026f0033) mul     zero, t5, t1
core   0: 3 0x8000d760 (0x026f0033)
core   0: 0x8000d764 (0x40af0633) sub     a2, t5, a0
core   0: 3 0x8000d764 (0x40af0633) x12 0x7bfbc303
core   0: 0x8000d768 (0x000059fd) c.li    s3, -1
core   0: 3 0x8000d768 (0x59fd) x19 0xffffffff
core   0: 0x8000d76a (0x00008bc1) c.andi  a5, 16
core   0: 3 0x8000d76a (0x8bc1) x15 0x00000010
core   0: 0x8000d76c (0x0000e705) c.bnez  a4, pc + 40
core   0: 3 0x8000d76c (0xe705)
core   0: 0x8000d794 (0x014ca1b3) slt     gp, s9, s4
core   0: 3 0x8000d794 (0x014ca1b3) x 3 0x00000001
core   0: 0x8000d798 (0x00008e61) c.and   a2, s0
core   0: 3 0x8000d798 (0x8e61) x12 0x7bfbc303
core   0: 0x8000d79a (0x2aa4c097) auipc   ra, 0x2aa4c
core   0: 3 0x8000d79a (0x2aa4c097) x 1 0xaaa5979a
core   0: 0x8000d79e (0x00008b9d) c.andi  a5, 7
core   0: 3 0x8000d79e (0x8b9d) x15 0x00000000
core   0: 0x8000d7a0 (0x6e479b37) lui     s6, 0x6e479
core   0: 3 0x8000d7a0 (0x6e479b37) x22 0x6e479000
core   0: 0x8000d7a4 (0x00034963) bltz    t1, pc + 18
core   0: 3 0x8000d7a4 (0x00034963)
core   0: 0x8000d7a8 (0x40655933) sra     s2, a0, t1
core   0: 3 0x8000d7a8 (0x40655933) x18 0x0000000d
core   0: 0x8000d7ac (0x02cdc263) blt     s11, a2, pc + 36
core   0: 3 0x8000d7ac (0x02cdc263)
core   0: 0x8000d7d0 (0x00009f62) c.add   t5, s8
core   0: 3 0x8000d7d0 (0x9f62) x30 0x7bfca310
core   0: 0x8000d7d2 (0xbac20f13) addi    t5, tp, -1108
core   0: 3 0x8000d7d2 (0xbac20f13) x30 0x39739bac
core   0: 0x8000d7d6 (0x00006a75) c.lui   s4, 0x1d
core   0: 3 0x8000d7d6 (0x6a75) x20 0x0001d000
core   0: 0x8000d7d8 (0x03ca6663) bltu    s4, t3, pc + 44
core   0: 3 0x8000d7d8 (0x03ca6663)
core   0: 0x8000d7dc (0x00001f7d) c.addi  t5, -1
core   0: 3 0x8000d7dc (0x1f7d) x30 0x39739bab
core   0: 0x8000d7de (0x0b982413) slti    s0, a6, 185
core   0: 3 0x8000d7de (0x0b982413) x 8 0x00000001
core   0: 0x8000d7e2 (0x025e3db3) mulhu   s11, t3, t0
core   0: 3 0x8000d7e2 (0x025e3db3) x27 0x00000000
core   0: 0x8000d7e6 (0x052e8563) beq     t4, s2, pc + 74
core   0: 3 0x8000d7e6 (0x052e8563)
core   0: 0x8000d7ea (0x00008749) c.srai  a4, 18
core   0: 3 0x8000d7ea (0x8749) x14 0xffffe000
core   0: 0x8000d7ec (0x039ad3b3) divu    t2, s5, s9
core   0: 3 0x8000d7ec (0x039ad3b3) x 7 0x00000000
core   0: 0x8000d7f0 (0x3cb2b213) sltiu   tp, t0, 971
core   0: 3 0x8000d7f0 (0x3cb2b213) x 4 0x00000000
core   0: 0x8000d7f4 (0x41a15b93) srai    s7, sp, 26
core   0: 3 0x8000d7f4 (0x41a15b93) x23 0xffffffff
core   0: 0x8000d7f8 (0x03d5e1b3) rem     gp, a1, t4
core   0: 3 0x8000d7f8 (0x03d5e1b3) x 3 0x00000000
core   0: 0x8000d7fc (0x000085b9) c.srai  a1, 14
core   0: 3 0x8000d7fc (0x85b9) x11 0xffffffff
core   0: 0x8000d7fe (0xe2e44937) lui     s2, 0xe2e44
core   0: 3 0x8000d7fe (0xe2e44937) x18 0xe2e44000
core   0: 0x8000d802 (0x00000fe9) c.addi  t6, 26
core   0: 3 0x8000d802 (0x0fe9) x31 0x6ce546f0
core   0: 0x8000d804 (0x011f0663) beq     t5, a7, pc + 12
core   0: 3 0x8000d804 (0x011f0663)
core   0: 0x8000d808 (0x01ade933) or      s2, s11, s10
core   0: 3 0x8000d808 (0x01ade933) x18 0xfffffffd
core   0: 0x8000d80c (0x027f6d33) rem     s10, t5, t2
core   0: 3 0x8000d80c (0x027f6d33) x26 0x39739bab
core   0: 0x8000d810 (0x019c16b3) sll     a3, s8, s9
core   0: 3 0x8000d810 (0x019c16b3) x13 0x000e0000
core   0: 0x8000d814 (0x40ab8033) sub     zero, s7, a0
core   0: 3 0x8000d814 (0x40ab8033)
core   0: 0x8000d818 (0x0451c163) blt     gp, t0, pc + 66
core   0: 3 0x8000d818 (0x0451c163)
core   0: 0x8000d81c (0x40b58833) sub     a6, a1, a1
core   0: 3 0x8000d81c (0x40b58833) x16 0x00000000
core   0: 0x8000d820 (0x030f8a63) beq     t6, a6, pc + 52
core   0: 3 0x8000d820 (0x030f8a63)
core   0: 0x8000d824 (0x40c1d613) srai    a2, gp, 12
core   0: 3 0x8000d824 (0x40c1d613) x12 0x00000000
core   0: 0x8000d828 (0x0362aa33) mulhsu  s4, t0, s6
core   0: 3 0x8000d828 (0x0362aa33) x20 0xfffffff8
core   0: 0x8000d82c (0x01f3ff33) and     t5, t2, t6
core   0: 3 0x8000d82c (0x01f3ff33) x30 0x00000000
core   0: 0x8000d830 (0x00008df5) c.and   a1, a3
core   0: 3 0x8000d830 (0x8df5) x11 0x000e0000
core   0: 0x8000d832 (0x02479033) mulh    zero, a5, tp
core   0: 3 0x8000d832 (0x02479033)
core   0: 0x8000d836 (0xcc5b7413) andi    s0, s6, -827
core   0: 3 0x8000d836 (0xcc5b7413) x 8 0x6e479000
core   0: 0x8000d83a (0xd8256017) auipc   zero, 0xd8256
core   0: 3 0x8000d83a (0xd8256017)
core   0: 0x8000d83e (0x00001d80) c.addi4spn s0, sp, 752
core   0: 3 0x8000d83e (0x1d80) x 8 0xffffff2c
core   0: 0x8000d840 (0x0393f733) remu    a4, t2, s9
core   0: 3 0x8000d840 (0x0393f733) x14 0x00000000
core   0: 0x8000d844 (0x00e31093) slli    ra, t1, 14
core   0: 3 0x8000d844 (0x00e31093) x 1 0x5d800000
core   0: 0x8000d848 (0x00009792) c.add   a5, tp
core   0: 3 0x8000d848 (0x9792) x15 0x00000000
core   0: 0x8000d84a (0x02a2fbb3) remu    s7, t0, a0
core   0: 3 0x8000d84a (0x02a2fbb3) x23 0x00000004
core   0: 0x8000d84e (0x0000eb8d) c.bnez  a5, pc + 50
core   0: 3 0x8000d84e (0xeb8d)
core   0: 0x8000d850 (0x00bae6b3) or      a3, s5, a1
core   0: 3 0x8000d850 (0x00bae6b3) x13 0x000e0607
core   0: 0x8000d854 (0x00000001) c.nop
core   0: 3 0x8000d854 (0x0001)
core   0: 0x8000d856 (0xf9fc5697) auipc   a3, 0xf9fc5
core   0: 3 0x8000d856 (0xf9fc5697) x13 0x79fd2856
core   0: 0x8000d85a (0x03d003b3) mul     t2, zero, t4
core   0: 3 0x8000d85a (0x03d003b3) x 7 0x00000000
core   0: 0x8000d85e (0xbe30a713) slti    a4, ra, -1053
core   0: 3 0x8000d85e (0xbe30a713) x14 0x00000000
core   0: 0x8000d862 (0x36522c13) slti    s8, tp, 869
core   0: 3 0x8000d862 (0x36522c13) x24 0x00000001
core   0: 0x8000d866 (0x0c90ea93) ori     s5, ra, 201
core   0: 3 0x8000d866 (0x0c90ea93) x21 0x5d8000c9
core   0: 0x8000d86a (0x017ec133) xor     sp, t4, s7
core   0: 3 0x8000d86a (0x017ec133) x 2 0x00000005
core   0: 0x8000d86e (0x8fe4c193) xori    gp, s1, -1794
core   0: 3 0x8000d86e (0x8fe4c193) x 3 0x033ddd21
core   0: 0x8000d872 (0x02580433) mul     s0, a6, t0
core   0: 3 0x8000d872 (0x02580433) x 8 0x00000000
core   0: 0x8000d876 (0x00009a36) c.add   s4, a3
core   0: 3 0x8000d876 (0x9a36) x20 0x79fd284e
core   0: 0x8000d878 (0x01268bb3) add     s7, a3, s2
core   0: 3 0x8000d878 (0x01268bb3) x23 0x79fd2853
core   0: 0x8000d87c (0x01c28fb3) add     t6, t0, t3
core   0: 3 0x8000d87c (0x01c28fb3) x31 0xffffffef
core   0: 0x8000d880 (0x026e5233) divu    tp, t3, t1
core   0: 3 0x8000d880 (0x026e5233) x 4 0x00000000
core   0: 0x8000d884 (0x02587863) bgeu    a6, t0, pc + 48
core   0: 3 0x8000d884 (0x02587863)
core   0: 0x8000d888 (0x003bf733) and     a4, s7, gp
core   0: 3 0x8000d888 (0x003bf733) x14 0x013d0801
core   0: 0x8000d88c (0x0000c411) c.beqz  s0, pc + 12
core   0: 3 0x8000d88c (0xc411)
core   0: 0x8000d898 (0x02f2c4b3) div     s1, t0, a5
core   0: 3 0x8000d898 (0x02f2c4b3) x 9 0xffffffff
core   0: 0x8000d89c (0x00879663) bne     a5, s0, pc + 12
core   0: 3 0x8000d89c (0x00879663)
core   0: 0x8000d8a0 (0x01b97eb3) and     t4, s2, s11
core   0: 3 0x8000d8a0 (0x01b97eb3) x29 0x00000000
core   0: 0x8000d8a4 (0x0106cd33) xor     s10, a3, a6
core   0: 3 0x8000d8a4 (0x0106cd33) x26 0x79fd2856
core   0: 0x8000d8a8 (0x000082f9) c.srli  a3, 30
core   0: 3 0x8000d8a8 (0x82f9) x13 0x00000001
core   0: 0x8000d8aa (0x01c034b3) snez    s1, t3
core   0: 3 0x8000d8aa (0x01c034b3) x 9 0x00000001
core   0: 0x8000d8ae (0x01950e33) add     t3, a0, s9
core   0: 3 0x8000d8ae (0x01950e33) x28 0x80029cf1
core   0: 0x8000d8b2 (0x000065fd) c.lui   a1, 0x1f
core   0: 3 0x8000d8b2 (0x65fd) x11 0x0001f000
core   0: 0x8000d8b4 (0x00008a36) c.mv    s4, a3
core   0: 3 0x8000d8b4 (0x8a36) x20 0x00000001
core   0: 0x8000d8b6 (0x00000266) c.slli  tp, 25
core   0: 3 0x8000d8b6 (0x0266) x 4 0x00000000
core   0: 0x8000d8b8 (0x00000636) c.slli  a2, 13
core   0: 3 0x8000d8b8 (0x0636) x12 0x00000000
core   0: 0x8000d8ba (0x0262c433) div     s0, t0, t1
core   0: 3 0x8000d8ba (0x0262c433) x 8 0x00000000
core   0: 0x8000d8be (0x7ea53d93) sltiu   s11, a0, 2026
core   0: 3 0x8000d8be (0x7ea53d93) x27 0x00000001
core   0: 0x8000d8c2 (0x00839eb3) sll     t4, t2, s0
core   0: 3 0x8000d8c2 (0x00839eb3) x29 0x00000000
core   0: 0x8000d8c6 (0x41db5213) srai    tp, s6, 29
core   0: 3 0x8000d8c6 (0x41db5213) x 4 0x00000003
core   0: 0x8000d8ca (0x00000c4e) c.slli  s8, 19
core   0: 3 0x8000d8ca (0x0c4e) x24 0x00080000
core   0: 0x8000d8cc (0x00009d06) c.add   s10, ra
core   0: 3 0x8000d8cc (0x9d06) x26 0xd77d2856
core   0: 0x8000d8ce (0x00008d86) c.mv    s11, ra
core   0: 3 0x8000d8ce (0x8d86) x27 0x5d800000
core   0: 0x8000d8d0 (0x00d03fb3) snez    t6, a3
core   0: 3 0x8000d8d0 (0x00d03fb3) x31 0x00000001
core   0: 0x8000d8d4 (0x02bd1163) bne     s10, a1, pc + 34
core   0: 3 0x8000d8d4 (0x02bd1163)
core   0: 0x8000d8f6 (0x02225a33) divu    s4, tp, sp
core   0: 3 0x8000d8f6 (0x02225a33) x20 0x00000000
core   0: 0x8000d8fa (0x022a0863) beq     s4, sp, pc + 48
core   0: 3 0x8000d8fa (0x022a0863)
core   0: 0x8000d8fe (0x00000f14) c.addi4spn a3, sp, 912
core   0: 3 0x8000d8fe (0x0f14) x13 0x00000395
core   0: 0x8000d900 (0x00000001) c.nop
core   0: 3 0x8000d900 (0x0001)
core   0: 0x8000d902 (0x02d049b3) div     s3, zero, a3
core   0: 3 0x8000d902 (0x02d049b3) x19 0x00000000
core   0: 0x8000d906 (0x03a9a133) mulhsu  sp, s3, s10
core   0: 3 0x8000d906 (0x03a9a133) x 2 0x00000000
core   0: 0x8000d90a (0x01270833) add     a6, a4, s2
core   0: 3 0x8000d90a (0x01270833) x16 0x013d07fe
core   0: 0x8000d90e (0x00009a7d) c.andi  a2, -1
core   0: 3 0x8000d90e (0x9a7d) x12 0x00000000
core   0: 0x8000d910 (0x00d85713) srli    a4, a6, 13
core   0: 3 0x8000d910 (0x00d85713) x14 0x000009e8
core   0: 0x8000d914 (0x0226f7b3) remu    a5, a3, sp
core   0: 3 0x8000d914 (0x0226f7b3) x15 0x00000395
core   0: 0x8000d918 (0xecc50293) addi    t0, a0, -308
core   0: 3 0x8000d918 (0xecc50293) x 5 0xfffffed9
core   0: 0x8000d91c (0x00159093) slli    ra, a1, 1
core   0: 3 0x8000d91c (0x00159093) x 1 0x0003e000
core   0: 0x8000d920 (0x00008376) c.mv    t1, t4
core   0: 3 0x8000d920 (0x8376) x 6 0x00000000
core   0: 0x8000d922 (0x035fb033) mulhu   zero, t6, s5
core   0: 3 0x8000d922 (0x035fb033)
core   0: 0x8000d926 (0x008fc263) blt     t6, s0, pc + 4
core   0: 3 0x8000d926 (0x008fc263)
core   0: 0x8000d92a (0x01c91593) slli    a1, s2, 28
core   0: 3 0x8000d92a (0x01c91593) x11 0xd0000000
core   0: 0x8000d92e (0x00000784) c.addi4spn s1, sp, 960
core   0: 3 0x8000d92e (0x0784) x 9 0x000003c0
core   0: 0x8000d930 (0x23438737) lui     a4, 0x23438
core   0: 3 0x8000d930 (0x23438737) x14 0x23438000
core   0: 0x8000d934 (0x0000c011) c.beqz  s0, pc + 4
core   0: 3 0x8000d934 (0xc011)
core   0: 0x8000d938 (0x00008b19) c.andi  a4, 6
core   0: 3 0x8000d938 (0x8b19) x14 0x00000000
core   0: 0x8000d93a (0x032ea6b3) mulhsu  a3, t4, s2
core   0: 3 0x8000d93a (0x032ea6b3) x13 0x00000000
core   0: 0x8000d93e (0x02883a33) mulhu   s4, a6, s0
core   0: 3 0x8000d93e (0x02883a33) x20 0x00000000
core   0: 0x8000d942 (0x00000001) c.nop
core   0: 3 0x8000d942 (0x0001)
core   0: 0x8000d944 (0x01d3bc33) sltu    s8, t2, t4
core   0: 3 0x8000d944 (0x01d3bc33) x24 0x00000000
core   0: 0x8000d948 (0x4029d913) srai    s2, s3, 2
core   0: 3 0x8000d948 (0x4029d913) x18 0x00000000
core   0: 0x8000d94c (0x00008e9d) c.sub   a3, a5
core   0: 3 0x8000d94c (0x8e9d) x13 0xfffffc6b
core   0: 0x8000d94e (0x7f710f93) addi    t6, sp, 2039
core   0: 3 0x8000d94e (0x7f710f93) x31 0x000007f7
core   0: 0x8000d952 (0x00008de1) c.and   a1, s0
core   0: 3 0x8000d952 (0x8de1) x11 0x00000000
core   0: 0x8000d954 (0x00009baa) c.add   s7, a0
core   0: 3 0x8000d954 (0x9baa) x23 0x79fd2860
core   0: 0x8000d956 (0x00006859) c.lui   a6, 0x16
core   0: 3 0x8000d956 (0x6859) x16 0x00016000
core   0: 0x8000d958 (0x00008e1d) c.sub   a2, a5
core   0: 3 0x8000d958 (0x8e1d) x12 0xfffffc6b
core   0: 0x8000d95a (0x00008ce1) c.and   s1, s0
core   0: 3 0x8000d95a (0x8ce1) x 9 0x00000000
core   0: 0x8000d95c (0x41590333) sub     t1, s2, s5
core   0: 3 0x8000d95c (0x41590333) x 6 0xa27fff37
core   0: 0x8000d960 (0x02f76bb3) rem     s7, a4, a5
core   0: 3 0x8000d960 (0x02f76bb3) x23 0x00000000
core   0: 0x8000d964 (0x1adf3093) sltiu   ra, t5, 429
core   0: 3 0x8000d964 (0x1adf3093) x 1 0x00000001
core   0: 0x8000d968 (0x0000897e) c.mv    s2, t6
core   0: 3 0x8000d968 (0x897e) x18 0x000007f7
core   0: 0x8000d96a (0x40fed5b3) sra     a1, t4, a5
core   0: 3 0x8000d96a (0x40fed5b3) x11 0x00000000
core   0: 0x8000d96e (0x000041bd) c.li    gp, 15
core   0: 3 0x8000d96e (0x41bd) x 3 0x0000000f
core   0: 0x8000d970 (0x0276f363) bgeu    a3, t2, pc + 38
core   0: 3 0x8000d970 (0x0276f363)
core   0: 0x8000d996 (0x01c0ee33) or      t3, ra, t3
core   0: 3 0x8000d996 (0x01c0ee33) x28 0x80029cf1
core   0: 0x8000d99a (0x1f930093) addi    ra, t1, 505
core   0: 3 0x8000d99a (0x1f930093) x 1 0xa2800130
core   0: 0x8000d99e (0x91c0cd37) lui     s10, 0x91c0c
core   0: 3 0x8000d99e (0x91c0cd37) x26 0x91c0c000
core   0: 0x8000d9a2 (0x01931e63) bne     t1, s9, pc + 28
core   0: 3 0x8000d9a2 (0x01931e63)
core   0: 0x8000d9be (0x41c3d733) sra     a4, t2, t3
core   0: 3 0x8000d9be (0x41c3d733) x14 0x00000000
core   0: 0x8000d9c2 (0x606c6093) ori     ra, s8, 1542
core   0: 3 0x8000d9c2 (0x606c6093) x 1 0x00000606
core   0: 0x8000d9c6 (0x00a69493) slli    s1, a3, 10
core   0: 3 0x8000d9c6 (0x00a69493) x 9 0xfff1ac00
core   0: 0x8000d9ca (0x03a7c9b3) div     s3, a5, s10
core   0: 3 0x8000d9ca (0x03a7c9b3) x19 0x00000000
core   0: 0x8000d9ce (0x03401a63) bne     zero, s4, pc + 52
core   0: 3 0x8000d9ce (0x03401a63)
core   0: 0x8000d9d2 (0x34533293) sltiu   t0, t1, 837
core   0: 3 0x8000d9d2 (0x34533293) x 5 0x00000000
core   0: 0x8000d9d6 (0x00008e15) c.sub   a2, a3
core   0: 3 0x8000d9d6 (0x8e15) x12 0x00000000
core   0: 0x8000d9d8 (0x000081a9) c.srli  a1, 10
core   0: 3 0x8000d9d8 (0x81a9) x11 0x00000000
core   0: 0x8000d9da (0x03386a63) bltu    a6, s3, pc + 52
core   0: 3 0x8000d9da (0x03386a63)
core   0: 0x8000d9de (0x00aa8663) beq     s5, a0, pc + 12
core   0: 3 0x8000d9de (0x00aa8663)
core   0: 0x8000d9e2 (0x7b15a213) slti    tp, a1, 1969
core   0: 3 0x8000d9e2 (0x7b15a213) x 4 0x00000001
core   0: 0x8000d9e6 (0x032444b3) div     s1, s0, s2
core   0: 3 0x8000d9e6 (0x032444b3) x 9 0x00000000
core   0: 0x8000d9ea (0x03ad4f33) div     t5, s10, s10
core   0: 3 0x8000d9ea (0x03ad4f33) x30 0x00000001
core   0: 0x8000d9ee (0x018f0133) add     sp, t5, s8
core   0: 3 0x8000d9ee (0x018f0133) x 2 0x00000001
core   0: 0x8000d9f2 (0x033f7363) bgeu    t5, s3, pc + 38
core   0: 3 0x8000d9f2 (0x033f7363)
core   0: 0x8000da18 (0x01a15913) srli    s2, sp, 26
core   0: 3 0x8000da18 (0x01a15913) x18 0x00000000
core   0: 0x8000da1c (0x00008e8d) c.sub   a3, a1
core   0: 3 0x8000da1c (0x8e8d) x13 0xfffffc6b
core   0: 0x8000da1e (0x02e54d63) blt     a0, a4, pc + 58
core   0: 3 0x8000da1e (0x02e54d63)
core   0: 0x8000da22 (0x0000861d) c.srai  a2, 7
core   0: 3 0x8000da22 (0x861d) x12 0x00000000
core   0: 0x8000da24 (0x01df9ab3) sll     s5, t6, t4
core   0: 3 0x8000da24 (0x01df9ab3) x21 0x000007f7
core   0: 0x8000da28 (0x0000100f) fence.i
core   0: 3 0x8000da28 (0x0000100f)
core   0: 0x8000da2c (0x00b98263) beq     s3, a1, pc + 4
core   0: 3 0x8000da2c (0x00b98263)
core   0: 0x8000da30 (0x0000e089) c.bnez  s1, pc + 2
core   0: 3 0x8000da30 (0xe089)
core   0: 0x8000da32 (0x00326733) or      a4, tp, gp
core   0: 3 0x8000da32 (0x00326733) x14 0x0000000f
core   0: 0x8000da36 (0x0000e695) c.bnez  a3, pc + 44
core   0: 3 0x8000da36 (0xe695)
core   0: 0x8000da62 (0x0361d9b3) divu    s3, gp, s6
core   0: 3 0x8000da62 (0x0361d9b3) x19 0x00000000
core   0: 0x8000da66 (0x0000832d) c.srli  a4, 11
core   0: 3 0x8000da66 (0x832d) x14 0x00000000
core   0: 0x8000da68 (0x00008f1d) c.sub   a4, a5
core   0: 3 0x8000da68 (0x8f1d) x14 0xfffffc6b
core   0: 0x8000da6a (0x00001d90) c.addi4spn a2, sp, 752
core   0: 3 0x8000da6a (0x1d90) x12 0x000002f1
core   0: 0x8000da6c (0x00006145) c.addi16sp sp, 48
core   0: 3 0x8000da6c (0x6145) x 2 0x00000031
core   0: 0x8000da6e (0x41630db3) sub     s11, t1, s6
core   0: 3 0x8000da6e (0x41630db3) x27 0x34386f37
core   0: 0x8000da72 (0x0000100f) fence.i
core   0: 3 0x8000da72 (0x0000100f)
core   0: 0x8000da76 (0x000089f9) c.andi  a1, 30
core   0: 3 0x8000da76 (0x89f9) x11 0x00000000
core   0: 0x8000da78 (0x00008ac1) c.andi  a3, 16
core   0: 3 0x8000da78 (0x8ac1) x13 0x00000000
core   0: 0x8000da7a (0x000002e6) c.slli  t0, 25
core   0: 3 0x8000da7a (0x02e6) x 5 0x00000000
core   0: 0x8000da7c (0x046dc063) blt     s11, t1, pc + 64
core   0: 3 0x8000da7c (0x046dc063)
core   0: 0x8000da80 (0x3571a013) slti    zero, gp, 855
core   0: 3 0x8000da80 (0x3571a013)
core   0: 0x8000da84 (0x01872833) slt     a6, a4, s8
core   0: 3 0x8000da84 (0x01872833) x16 0x00000001
core   0: 0x8000da88 (0x0353eb33) rem     s6, t2, s5
core   0: 3 0x8000da88 (0x0353eb33) x22 0x00000000
core   0: 0x8000da8c (0x008aa233) slt     tp, s5, s0
core   0: 3 0x8000da8c (0x008aa233) x 4 0x00000000
core   0: 0x8000da90 (0x00008f61) c.and   a4, s0
core   0: 3 0x8000da90 (0x8f61) x14 0x00000000
core   0: 0x8000da92 (0x00008efd) c.and   a3, a5
core   0: 3 0x8000da92 (0x8efd) x13 0x00000000
core   0: 0x8000da94 (0x00000001) c.nop
core   0: 3 0x8000da94 (0x0001)
core   0: 0x8000da96 (0x000001ea) c.slli  gp, 26
core   0: 3 0x8000da96 (0x01ea) x 3 0x3c000000
core   0: 0x8000da98 (0xb287a413) slti    s0, a5, -1240
core   0: 3 0x8000da98 (0xb287a413) x 8 0x00000000
core   0: 0x8000da9c (0x03e341b3) div     gp, t1, t5
core   0: 3 0x8000da9c (0x03e341b3) x 3 0xa27fff37
core   0: 0x8000daa0 (0x97bdbf93) sltiu   t6, s11, -1669
core   0: 3 0x8000daa0 (0x97bdbf93) x31 0x00000001
core   0: 0x8000daa4 (0x00628b33) add     s6, t0, t1
core   0: 3 0x8000daa4 (0x00628b33) x22 0xa27fff37
core   0: 0x8000daa8 (0x00009b2a) c.add   s6, a0
core   0: 3 0x8000daa8 (0x9b2a) x22 0xa27fff44
core   0: 0x8000daaa (0xfb348493) addi    s1, s1, -77
core   0: 3 0x8000daaa (0xfb348493) x 9 0xffffffb3
core   0: 0x8000daae (0x0000717d) c.addi16sp sp, -16
core   0: 3 0x8000daae (0x717d) x 2 0x00000021
core   0: 0x8000dab0 (0x0000ce85) c.beqz  a3, pc + 56
core   0: 3 0x8000dab0 (0xce85)
core   0: 0x8000dae8 (0x017b12b3) sll     t0, s6, s7
core   0: 3 0x8000dae8 (0x017b12b3) x 5 0xa27fff44
core   0: 0x8000daec (0x00978233) add     tp, a5, s1
core   0: 3 0x8000daec (0x00978233) x 4 0x00000348
core   0: 0x8000daf0 (0x024e4f33) div     t5, t3, tp
core   0: 3 0x8000daf0 (0x024e4f33) x30 0xffd8fe5c
core   0: 0x8000daf4 (0x13e84db7) lui     s11, 0x13e84
core   0: 3 0x8000daf4 (0x13e84db7) x27 0x13e84000
core   0: 0x8000daf8 (0x0000987d) c.andi  s0, -1
core   0: 3 0x8000daf8 (0x987d) x 8 0x00000000
core   0: 0x8000dafa (0x0000e599) c.bnez  a1, pc + 14
core   0: 3 0x8000dafa (0xe599)
core   0: 0x8000dafc (0x02f04a63) blt     zero, a5, pc + 52
core   0: 3 0x8000dafc (0x02f04a63)
core   0: 0x8000db30 (0xd8fc6713) ori     a4, s8, -625
core   0: 3 0x8000db30 (0xd8fc6713) x14 0xfffffd8f
core   0: 0x8000db34 (0x009af133) and     sp, s5, s1
core   0: 3 0x8000db34 (0x009af133) x 2 0x000007b3
core   0: 0x8000db38 (0xaccc4993) xori    s3, s8, -1332
core   0: 3 0x8000db38 (0xaccc4993) x19 0xfffffacc
core   0: 0x8000db3c (0x03e9a833) mulhsu  a6, s3, t5
core   0: 3 0x8000db3c (0x03e9a833) x16 0xfffffacc
core   0: 0x8000db40 (0x00008c29) c.xor   s0, a0
core   0: 3 0x8000db40 (0x8c29) x 8 0x0000000d
core   0: 0x8000db42 (0x000066f1) c.lui   a3, 0x1c
core   0: 3 0x8000db42 (0x66f1) x13 0x0001c000
core   0: 0x8000db44 (0x00124e63) blt     tp, ra, pc + 28
core   0: 3 0x8000db44 (0x00124e63)
core   0: 0x8000db60 (0x008dcfb3) xor     t6, s11, s0
core   0: 3 0x8000db60 (0x008dcfb3) x31 0x13e8400d
core   0: 0x8000db64 (0x00008c41) c.or    s0, s0
core   0: 3 0x8000db64 (0x8c41) x 8 0x0000000d
core   0: 0x8000db66 (0x01f3af33) slt     t5, t2, t6
core   0: 3 0x8000db66 (0x01f3af33) x30 0x00000001
core   0: 0x8000db6a (0x90beeb93) ori     s7, t4, -1781
core   0: 3 0x8000db6a (0x90beeb93) x23 0xfffff90b
core   0: 0x8000db6e (0x0000992e) c.add   s2, a1
core   0: 3 0x8000db6e (0x992e) x18 0x00000000
core   0: 0x8000db70 (0xe8be2e93) slti    t4, t3, -373
core   0: 3 0x8000db70 (0xe8be2e93) x29 0x00000001
core   0: 0x8000db74 (0x76ec3393) sltiu   t2, s8, 1902
core   0: 3 0x8000db74 (0x76ec3393) x 7 0x00000001
core   0: 0x8000db78 (0x0079d413) srli    s0, s3, 7
core   0: 3 0x8000db78 (0x0079d413) x 8 0x01fffff5
core   0: 0x8000db7c (0x00255bb3) srl     s7, a0, sp
core   0: 3 0x8000db7c (0x00255bb3) x23 0x00000000
core   0: 0x8000db80 (0x00004f35) c.li    t5, 13
core   0: 3 0x8000db80 (0x4f35) x30 0x0000000d
core   0: 0x8000db82 (0x000098fd) c.andi  s1, -1
core   0: 3 0x8000db82 (0x98fd) x 9 0xffffffb3
core   0: 0x8000db84 (0xc86af793) andi    a5, s5, -890
core   0: 3 0x8000db84 (0xc86af793) x15 0x00000486
core   0: 0x8000db88 (0x02bf77b3) remu    a5, t5, a1
core   0: 3 0x8000db88 (0x02bf77b3) x15 0x0000000d
core   0: 0x8000db8c (0x00075333) srl     t1, a4, zero
core   0: 3 0x8000db8c (0x00075333) x 6 0xfffffd8f
core   0: 0x8000db90 (0x01e70fb3) add     t6, a4, t5
core   0: 3 0x8000db90 (0x01e70fb3) x31 0xfffffd9c
core   0: 0x8000db94 (0x000085d9) c.srai  a1, 22
core   0: 3 0x8000db94 (0x85d9) x11 0x00000000
core   0: 0x8000db96 (0x00000001) c.nop
core   0: 3 0x8000db96 (0x0001)
core   0: 0x8000db98 (0x000089fe) c.mv    s3, t6
core   0: 3 0x8000db98 (0x89fe) x19 0xfffffd9c
core   0: 0x8000db9a (0x03e19463) bne     gp, t5, pc + 40
core   0: 3 0x8000db9a (0x03e19463)
core   0: 0x8000dbc2 (0x000080cd) c.srli  s1, 19
core   0: 3 0x8000dbc2 (0x80cd) x 9 0x00001fff
core   0: 0x8000dbc4 (0x2441f417) auipc   s0, 0x2441f
core   0: 3 0x8000dbc4 (0x2441f417) x 8 0xa442cbc4
core   0: 0x8000dbc8 (0xeaea3793) sltiu   a5, s4, -338
core   0: 3 0x8000dbc8 (0xeaea3793) x15 0x00000001
core   0: 0x8000dbcc (0x00ce6e33) or      t3, t3, a2
core   0: 3 0x8000dbcc (0x00ce6e33) x28 0x80029ef1
core   0: 0x8000dbd0 (0x0157ffb3) and     t6, a5, s5
core   0: 3 0x8000dbd0 (0x0157ffb3) x31 0x00000001
core   0: 0x8000dbd4 (0x001ad4b3) srl     s1, s5, ra
core   0: 3 0x8000dbd4 (0x001ad4b3) x 9 0x0000001f
core   0: 0x8000dbd8 (0x00f48d63) beq     s1, a5, pc + 26
core   0: 3 0x8000dbd8 (0x00f48d63)
core   0: 0x8000dbdc (0x019bf433) and     s0, s7, s9
core   0: 3 0x8000dbdc (0x019bf433) x 8 0x00000000
core   0: 0x8000dbe0 (0x00000001) c.nop
core   0: 3 0x8000dbe0 (0x0001)
core   0: 0x8000dbe2 (0x01e95493) srli    s1, s2, 30
core   0: 3 0x8000dbe2 (0x01e95493) x 9 0x00000000
core   0: 0x8000dbe6 (0x00008ef9) c.and   a3, a4
core   0: 3 0x8000dbe6 (0x8ef9) x13 0x0001c000
core   0: 0x8000dbe8 (0x75edfc13) andi    s8, s11, 1886
core   0: 3 0x8000dbe8 (0x75edfc13) x24 0x00000000
core   0: 0x8000dbec (0x00c155b3) srl     a1, sp, a2
core   0: 3 0x8000dbec (0x00c155b3) x11 0x00000000
core   0: 0x8000dbf0 (0x00008259) c.srli  a2, 22
core   0: 3 0x8000dbf0 (0x8259) x12 0x00000000
core   0: 0x8000dbf2 (0x00006105) c.addi16sp sp, 32
core   0: 3 0x8000dbf2 (0x6105) x 2 0x000007d3
core   0: 0x8000dbf4 (0x03093333) mulhu   t1, s2, a6
core   0: 3 0x8000dbf4 (0x03093333) x 6 0x00000000
core   0: 0x8000dbf8 (0x01cbd433) srl     s0, s7, t3
core   0: 3 0x8000dbf8 (0x01cbd433) x 8 0x00000000
core   0: 0x8000dbfc (0x01ef0fb3) add     t6, t5, t5
core   0: 3 0x8000dbfc (0x01ef0fb3) x31 0x0000001a
core   0: 0x8000dc00 (0x00006105) c.addi16sp sp, 32
core   0: 3 0x8000dc00 (0x6105) x 2 0x000007f3
core   0: 0x8000dc02 (0x00008e1d) c.sub   a2, a5
core   0: 3 0x8000dc02 (0x8e1d) x12 0xffffffff
core   0: 0x8000dc04 (0x02107433) remu    s0, zero, ra
core   0: 3 0x8000dc04 (0x02107433) x 8 0x00000000
core   0: 0x8000dc08 (0x00008fe1) c.and   a5, s0
core   0: 3 0x8000dc08 (0x8fe1) x15 0x00000000
core   0: 0x8000dc0a (0x000080b6) c.mv    ra, a3
core   0: 3 0x8000dc0a (0x80b6) x 1 0x0001c000
core   0: 0x8000dc0c (0x01554033) xor     zero, a0, s5
core   0: 3 0x8000dc0c (0x01554033)
core   0: 0x8000dc10 (0x01089593) slli    a1, a7, 16
core   0: 3 0x8000dc10 (0x01089593) x11 0x5e380000
core   0: 0x8000dc14 (0x00008e45) c.or    a2, s1
core   0: 3 0x8000dc14 (0x8e45) x12 0xffffffff
core   0: 0x8000dc16 (0x00008c7d) c.and   s0, a5
core   0: 3 0x8000dc16 (0x8c7d) x 8 0x00000000
core   0: 0x8000dc18 (0x00b1b133) sltu    sp, gp, a1
core   0: 3 0x8000dc18 (0x00b1b133) x 2 0x00000000
core   0: 0x8000dc1c (0x018bc863) blt     s7, s8, pc + 16
core   0: 3 0x8000dc1c (0x018bc863)
core   0: 0x8000dc20 (0x4186d033) sra     zero, a3, s8
core   0: 3 0x8000dc20 (0x4186d033)
core   0: 0x8000dc24 (0x010df733) and     a4, s11, a6
core   0: 3 0x8000dc24 (0x010df733) x14 0x13e84000
core   0: 0x8000dc28 (0x000086dd) c.srai  a3, 23
core   0: 3 0x8000dc28 (0x86dd) x13 0x00000000
core   0: 0x8000dc2a (0x00008891) c.andi  s1, 4
core   0: 3 0x8000dc2a (0x8891) x 9 0x00000000
core   0: 0x8000dc2c (0x54dfcb93) xori    s7, t6, 1357
core   0: 3 0x8000dc2c (0x54dfcb93) x23 0x00000557
core   0: 0x8000dc30 (0x0047d613) srli    a2, a5, 4
core   0: 3 0x8000dc30 (0x0047d613) x12 0x00000000
core   0: 0x8000dc34 (0x0166f863) bgeu    a3, s6, pc + 16
core   0: 3 0x8000dc34 (0x0166f863)
core   0: 0x8000dc38 (0x029c30b3) mulhu   ra, s8, s1
core   0: 3 0x8000dc38 (0x029c30b3) x 1 0x00000000
core   0: 0x8000dc3c (0x00006169) c.addi16sp sp, 208
core   0: 3 0x8000dc3c (0x6169) x 2 0x000000d0
core   0: 0x8000dc3e (0x0000e329) c.bnez  a4, pc + 66
core   0: 3 0x8000dc3e (0xe329)
core   0: 0x8000dc80 (0x0000c209) c.beqz  a2, pc + 2
core   0: 3 0x8000dc80 (0xc209)
core   0: 0x8000dc82 (0x00fb1e63) bne     s6, a5, pc + 28
core   0: 3 0x8000dc82 (0x00fb1e63)
core   0: 0x8000dc9e (0x00008669) c.srai  a2, 26
core   0: 3 0x8000dc9e (0x8669) x12 0x00000000
core   0: 0x8000dca0 (0x0000869d) c.srai  a3, 7
core   0: 3 0x8000dca0 (0x869d) x13 0x00000000
core   0: 0x8000dca2 (0x00008f1d) c.sub   a4, a5
core   0: 3 0x8000dca2 (0x8f1d) x14 0x13e84000
core   0: 0x8000dca4 (0x000b0433) add     s0, s6, zero
core   0: 3 0x8000dca4 (0x000b0433) x 8 0xa27fff44
core   0: 0x8000dca8 (0x00003497) auipc   s1, 0x3
core   0: 3 0x8000dca8 (0x00003497) x 9 0x80010ca8
core   0: 0x8000dcac (0xf3148493) addi    s1, s1, -207
core   0: 3 0x8000dcac (0xf3148493) x 9 0x80010bd9
core   0: 0x8000dcb0 (0x03073fb3) mulhu   t6, a4, a6
core   0: 3 0x8000dcb0 (0x03073fb3) x31 0x13e83f98
core   0: 0x8000dcb4 (0x02076433) rem     s0, a4, zero
core   0: 3 0x8000dcb4 (0x02076433) x 8 0x13e84000
core   0: 0x8000dcb8 (0xf9148703) lb      a4, -111(s1)
core   0: 3 0x8000dcb8 (0xf9148703) x14 0x00000021 mem 0x80010b6a
core   0: 0x8000dcbc (0x00000001) c.nop
core   0: 3 0x8000dcbc (0x0001)
core   0: 0x8000dcbe (0x0304ca83) lbu     s5, 48(s1)
core   0: 3 0x8000dcbe (0x0304ca83) x21 0x000000c2 mem 0x80010c09
core   0: 0x8000dcc2 (0xfb648703) lb      a4, -74(s1)
core   0: 3 0x8000dcc2 (0xfb648703) x14 0x00000044 mem 0x80010b8f
core   0: 0x8000dcc6 (0x00008c71) c.and   s0, a2
core   0: 3 0x8000dcc6 (0x8c71) x 8 0x00000000
core   0: 0x8000dcc8 (0x02815eb3) divu    t4, sp, s0
core   0: 3 0x8000dcc8 (0x02815eb3) x29 0xffffffff
core   0: 0x8000dccc (0x0624cf03) lbu     t5, 98(s1)
core   0: 3 0x8000dccc (0x0624cf03) x30 0x000000f0 mem 0x80010c3b
core   0: 0x8000dcd0 (0x00813333) sltu    t1, sp, s0
core   0: 3 0x8000dcd0 (0x00813333) x 6 0x00000000
core   0: 0x8000dcd4 (0x03545333) divu    t1, s0, s5
core   0: 3 0x8000dcd4 (0x03545333) x 6 0x00000000
core   0: 0x8000dcd8 (0xff949683) lh      a3, -7(s1)
core   0: 3 0x8000dcd8 (0xff949683) x13 0xffff8889 mem 0x80010bd2
core   0: 0x8000dcdc (0x4488e917) auipc   s2, 0x4488e
core   0: 3 0x8000dcdc (0x4488e917) x18 0xc489bcdc
core   0: 0x8000dce0 (0x5ebded93) ori     s11, s11, 1515
core   0: 3 0x8000dce0 (0x5ebded93) x27 0x13e845eb
core   0: 0x8000dce4 (0x0043cab3) xor     s5, t2, tp
core   0: 3 0x8000dce4 (0x0043cab3) x21 0x00000349
core   0: 0x8000dce8 (0x0de48a03) lb      s4, 222(s1)
core   0: 3 0x8000dce8 (0x0de48a03) x20 0x0000006c mem 0x80010cb7
core   0: 0x8000dcec (0xf1549d03) lh      s10, -235(s1)
core   0: 3 0x8000dcec (0xf1549d03) x26 0xffffa4a5 mem 0x80010aee
core   0: 0x8000dcf0 (0x05e48403) lb      s0, 94(s1)
core   0: 3 0x8000dcf0 (0x05e48403) x 8 0xffffffec mem 0x80010c37
core   0: 0x8000dcf4 (0xfa7487a3) sb      t2, -81(s1)
core   0: 3 0x8000dcf4 (0xfa7487a3) mem 0x80010b88 0x1
core   0: 0x8000dcf8 (0xfdb49703) lh      a4, -37(s1)
core   0: 3 0x8000dcf8 (0xfdb49703) x14 0x00006e6f mem 0x80010bb4
core   0: 0x8000dcfc (0xf474d583) lhu     a1, -185(s1)
core   0: 3 0x8000dcfc (0xf474d583) x11 0x0000dadb mem 0x80010b20
core   0: 0x8000dd00 (0x0b148e03) lb      t3, 177(s1)
core   0: 3 0x8000dd00 (0x0b148e03) x28 0x00000041 mem 0x80010c8a
core   0: 0x8000dd04 (0x0984ce03) lbu     t3, 152(s1)
core   0: 3 0x8000dd04 (0x0984ce03) x28 0x0000002a mem 0x80010c71
core   0: 0x8000dd08 (0x0ad4ce83) lbu     t4, 173(s1)
core   0: 3 0x8000dd08 (0x0ad4ce83) x29 0x0000003d mem 0x80010c86
core   0: 0x8000dd0c (0xf6b48f83) lb      t6, -149(s1)
core   0: 3 0x8000dd0c (0xf6b48f83) x31 0xffffffff mem 0x80010b44
core   0: 0x8000dd10 (0xf5a4c983) lbu     s3, -166(s1)
core   0: 3 0x8000dd10 (0xf5a4c983) x19 0x000000e8 mem 0x80010b33
core   0: 0x8000dd14 (0x027957b3) divu    a5, s2, t2
core   0: 3 0x8000dd14 (0x027957b3) x15 0xc489bcdc
core   0: 0x8000dd18 (0x00c4c583) lbu     a1, 12(s1)
core   0: 3 0x8000dd18 (0x00c4c583) x11 0x0000009e mem 0x80010be5
core   0: 0x8000dd1c (0x0ad49203) lh      tp, 173(s1)
core   0: 3 0x8000dd1c (0x0ad49203) x 4 0x00003c3d mem 0x80010c86
core   0: 0x8000dd20 (0xf0648323) sb      t1, -250(s1)
core   0: 3 0x8000dd20 (0xf0648323) mem 0x80010adf 0x0
core   0: 0x8000dd24 (0x02ab2833) mulhsu  a6, s6, a0
core   0: 3 0x8000dd24 (0x02ab2833) x16 0xfffffffb
core   0: 0x8000dd28 (0xfe748323) sb      t2, -26(s1)
core   0: 3 0x8000dd28 (0xfe748323) mem 0x80010bbf 0x1
core   0: 0x8000dd2c (0x4f803693) sltiu   a3, zero, 1272
core   0: 3 0x8000dd2c (0x4f803693) x13 0x00000001
core   0: 0x8000dd30 (0x019acab3) xor     s5, s5, s9
core   0: 3 0x8000dd30 (0x019acab3) x21 0x80029fad
core   0: 0x8000dd34 (0x000092a6) c.add   t0, s1
core   0: 3 0x8000dd34 (0x92a6) x 5 0x22810b1d
core   0: 0x8000dd36 (0x00000001) c.nop
core   0: 3 0x8000dd36 (0x0001)
core   0: 0x8000dd38 (0x00111393) slli    t2, sp, 1
core   0: 3 0x8000dd38 (0x00111393) x 7 0x000001a0
core   0: 0x8000dd3c (0x05f49103) lh      sp, 95(s1)
core   0: 3 0x8000dd3c (0x05f49103) x 2 0xfffff2f3 mem 0x80010c38
core   0: 0x8000dd40 (0x017e2f33) slt     t5, t3, s7
core   0: 3 0x8000dd40 (0x017e2f33) x30 0x00000001
core   0: 0x8000dd44 (0x00008431) c.srai  s0, 12
core   0: 3 0x8000dd44 (0x8431) x 8 0xffffffff
core   0: 0x8000dd46 (0x41155c13) srai    s8, a0, 17
core   0: 3 0x8000dd46 (0x41155c13) x24 0x00000000
core   0: 0x8000dd4a (0x412fd0b3) sra     ra, t6, s2
core   0: 3 0x8000dd4a (0x412fd0b3) x 1 0xffffffff
core   0: 0x8000dd4e (0x015cfa33) and     s4, s9, s5
core   0: 3 0x8000dd4e (0x015cfa33) x20 0x80029ca4
core   0: 0x8000dd52 (0x00e06833) or      a6, zero, a4
core   0: 3 0x8000dd52 (0x00e06833) x16 0x00006e6f
core   0: 0x8000dd56 (0x0000717d) c.addi16sp sp, -16
core   0: 3 0x8000dd56 (0x717d) x 2 0xfffff2e3
core   0: 0x8000dd58 (0x63dbf117) auipc   sp, 0x63dbf
core   0: 3 0x8000dd58 (0x63dbf117) x 2 0xe3dccd58
core   0: 0x8000dd5c (0x00008fd1) c.or    a5, a2
core   0: 3 0x8000dd5c (0x8fd1) x15 0xc489bcdc
core   0: 0x8000dd5e (0x039487b3) mul     a5, s1, s9
core   0: 3 0x8000dd5e (0x039487b3) x15 0x3bd8c944
core   0: 0x8000dd62 (0x00b6a1b3) slt     gp, a3, a1
core   0: 3 0x8000dd62 (0x00b6a1b3) x 3 0x00000001
core   0: 0x8000dd66 (0x00c33f33) sltu    t5, t1, a2
core   0: 3 0x8000dd66 (0x00c33f33) x30 0x00000000
core   0: 0x8000dd6a (0x000086ba) c.mv    a3, a4
core   0: 3 0x8000dd6a (0x86ba) x13 0x00006e6f
core   0: 0x8000dd6c (0x01fcd193) srli    gp, s9, 31
core   0: 3 0x8000dd6c (0x01fcd193) x 3 0x00000001
core   0: 0x8000dd70 (0x0000807d) c.srli  s0, 31
core   0: 3 0x8000dd70 (0x807d) x 8 0x00000001
core   0: 0x8000dd72 (0x01dcf463) bgeu    s9, t4, pc + 8
core   0: 3 0x8000dd72 (0x01dcf463)
core   0: 0x8000dd7a (0x0000100f) fence.i
core   0: 3 0x8000dd7a (0x0000100f)
core   0: 0x8000dd7e (0x00008869) c.andi  s0, 26
core   0: 3 0x8000dd7e (0x8869) x 8 0x00000000
core   0: 0x8000dd80 (0x00009b7d) c.andi  a4, -1
core   0: 3 0x8000dd80 (0x9b7d) x14 0x00006e6f
core   0: 0x8000dd82 (0x02dd2633) mulhsu  a2, s10, a3
core   0: 3 0x8000dd82 (0x02dd2633) x12 0xffffffff
core   0: 0x8000dd86 (0x00001018) c.addi4spn a4, sp, 32
core   0: 3 0x8000dd86 (0x1018) x14 0xe3dccd78
core   0: 0x8000dd88 (0x0383ba33) mulhu   s4, t2, s8
core   0: 3 0x8000dd88 (0x0383ba33) x20 0x00000000
core   0: 0x8000dd8c (0x00a6e263) bltu    a3, a0, pc + 4
core   0: 3 0x8000dd8c (0x00a6e263)
core   0: 0x8000dd90 (0x03bf9433) mulh    s0, t6, s11
core   0: 3 0x8000dd90 (0x03bf9433) x 8 0xffffffff
core   0: 0x8000dd94 (0x01811a63) bne     sp, s8, pc + 20
core   0: 3 0x8000dd94 (0x01811a63)
core   0: 0x8000dda8 (0x000085b5) c.srai  a1, 13
core   0: 3 0x8000dda8 (0x85b5) x11 0x00000000
core   0: 0x8000ddaa (0x03b04963) blt     zero, s11, pc + 50
core   0: 3 0x8000ddaa (0x03b04963)
core   0: 0x8000dddc (0x011c5b63) bge     s8, a7, pc + 22
core   0: 3 0x8000dddc (0x011c5b63)
core   0: 0x8000ddf2 (0x7e78ab17) auipc   s6, 0x7e78a
core   0: 3 0x8000ddf2 (0x7e78ab17) x22 0xfe797df2
core   0: 0x8000ddf6 (0x003ca7b3) slt     a5, s9, gp
core   0: 3 0x8000ddf6 (0x003ca7b3) x15 0x00000001
core   0: 0x8000ddfa (0x406a5293) srai    t0, s4, 6
core   0: 3 0x8000ddfa (0x406a5293) x 5 0x00000000
core   0: 0x8000ddfe (0x00000001) c.nop
core   0: 3 0x8000ddfe (0x0001)
core   0: 0x8000de00 (0x010c6ab3) or      s5, s8, a6
core   0: 3 0x8000de00 (0x010c6ab3) x21 0x00006e6f
core   0: 0x8000de04 (0x000013fd) c.addi  t2, -1
core   0: 3 0x8000de04 (0x13fd) x 7 0x0000019f
core   0: 0x8000de06 (0x107bb013) sltiu   zero, s7, 263
core   0: 3 0x8000de06 (0x107bb013)
core   0: 0x8000de0a (0x00000836) c.slli  a6, 13
core   0: 3 0x8000de0a (0x0836) x16 0x0dcde000
core   0: 0x8000de0c (0x406703b3) sub     t2, a4, t1
core   0: 3 0x8000de0c (0x406703b3) x 7 0xe3dccd78
core   0: 0x8000de10 (0x00ab62b3) or      t0, s6, a0
core   0: 3 0x8000de10 (0x00ab62b3) x 5 0xfe797dff
core   0: 0x8000de14 (0x01d0dd93) srli    s11, ra, 29
core   0: 3 0x8000de14 (0x01d0dd93) x27 0x00000007
core   0: 0x8000de18 (0x402c5633) sra     a2, s8, sp
core   0: 3 0x8000de18 (0x402c5633) x12 0x00000000
core   0: 0x8000de1c (0x000091c2) c.add   gp, a6
core   0: 3 0x8000de1c (0x91c2) x 3 0x0dcde001
core   0: 0x8000de1e (0x03c94033) div     zero, s2, t3
core   0: 3 0x8000de1e (0x03c94033)
core   0: 0x8000de22 (0x417100b3) sub     ra, sp, s7
core   0: 3 0x8000de22 (0x417100b3) x 1 0xe3dcc801
core   0: 0x8000de26 (0x0062b6b3) sltu    a3, t0, t1
core   0: 3 0x8000de26 (0x0062b6b3) x13 0x00000000
core   0: 0x8000de2a (0x02d56963) bltu    a0, a3, pc + 50
core   0: 3 0x8000de2a (0x02d56963)
core   0: 0x8000de2e (0x035369b3) rem     s3, t1, s5
core   0: 3 0x8000de2e (0x035369b3) x19 0x00000000
core   0: 0x8000de32 (0x00008dbd) c.xor   a1, a5
core   0: 3 0x8000de32 (0x8dbd) x11 0x00000001
core   0: 0x8000de34 (0x01849c33) sll     s8, s1, s8
core   0: 3 0x8000de34 (0x01849c33) x24 0x80010bd9
core   0: 0x8000de38 (0x4004d033) sra     zero, s1, zero
core   0: 3 0x8000de38 (0x4004d033)
core   0: 0x8000de3c (0x015b7433) and     s0, s6, s5
core   0: 3 0x8000de3c (0x015b7433) x 8 0x00006c62
core   0: 0x8000de40 (0x00000001) c.nop
core   0: 3 0x8000de40 (0x0001)
core   0: 0x8000de42 (0x02517633) remu    a2, sp, t0
core   0: 3 0x8000de42 (0x02517633) x12 0xe3dccd58
core   0: 0x8000de46 (0x0ff0000f) fence   iorw,iorw
core   0: 3 0x8000de46 (0x0ff0000f)
core   0: 0x8000de4a (0x0000986a) c.add   a6, s10
core   0: 3 0x8000de4a (0x986a) x16 0x0dcd84a5
core   0: 0x8000de4c (0x028a4333) div     t1, s4, s0
core   0: 3 0x8000de4c (0x028a4333) x 6 0x00000000
core   0: 0x8000de50 (0x021d9db3) mulh    s11, s11, ra
core   0: 3 0x8000de50 (0x021d9db3) x27 0xffffffff
core   0: 0x8000de54 (0x2a010f13) addi    t5, sp, 672
core   0: 3 0x8000de54 (0x2a010f13) x30 0xe3dccff8
core   0: 0x8000de58 (0x0384fb33) remu    s6, s1, s8
core   0: 3 0x8000de58 (0x0384fb33) x22 0x00000000
core   0: 0x8000de5c (0x02958763) beq     a1, s1, pc + 46
core   0: 3 0x8000de5c (0x02958763)
core   0: 0x8000de60 (0x01b28233) add     tp, t0, s11
core   0: 3 0x8000de60 (0x01b28233) x 4 0xfe797dfe
core   0: 0x8000de64 (0x004b1433) sll     s0, s6, tp
core   0: 3 0x8000de64 (0x004b1433) x 8 0x00000000
core   0: 0x8000de68 (0x0000e70d) c.bnez  a4, pc + 42
core   0: 3 0x8000de68 (0xe70d)
core   0: 0x8000de92 (0x032c0b63) beq     s8, s2, pc + 54
core   0: 3 0x8000de92 (0x032c0b63)
core   0: 0x8000de96 (0x00000142) c.slli  sp, 16
core   0: 3 0x8000de96 (0x0142) x 2 0xcd580000
core   0: 0x8000de98 (0x000085c9) c.srai  a1, 18
core   0: 3 0x8000de98 (0x85c9) x11 0x00000000
core   0: 0x8000de9a (0x5cdbf713) andi    a4, s7, 1485
core   0: 3 0x8000de9a (0x5cdbf713) x14 0x00000545
core   0: 0x8000de9e (0x4f6f6793) ori     a5, t5, 1270
core   0: 3 0x8000de9e (0x4f6f6793) x15 0xe3dccffe
core   0: 0x8000dea2 (0x41f1d3b3) sra     t2, gp, t6
core   0: 3 0x8000dea2 (0x41f1d3b3) x 7 0x00000000
core   0: 0x8000dea6 (0x03959363) bne     a1, s9, pc + 38
core   0: 3 0x8000dea6 (0x03959363)
core   0: 0x8000decc (0x68cfed93) ori     s11, t6, 1676
core   0: 3 0x8000decc (0x68cfed93) x27 0xffffffff
core   0: 0x8000ded0 (0x28e4c593) xori    a1, s1, 654
core   0: 3 0x8000ded0 (0x28e4c593) x11 0x80010957
core   0: 0x8000ded4 (0x01bb0133) add     sp, s6, s11
core   0: 3 0x8000ded4 (0x01bb0133) x 2 0xffffffff
core   0: 0x8000ded8 (0x03e317b3) mulh    a5, t1, t5
core   0: 3 0x8000ded8 (0x03e317b3) x15 0x00000000
core   0: 0x8000dedc (0x00008d32) c.mv    s10, a2
core   0: 3 0x8000dedc (0x8d32) x26 0xe3dccd58
core   0: 0x8000dede (0x01649133) sll     sp, s1, s6
core   0: 3 0x8000dede (0x01649133) x 2 0x80010bd9
core   0: 0x8000dee2 (0x416d5733) sra     a4, s10, s6
core   0: 3 0x8000dee2 (0x416d5733) x14 0xe3dccd58
core   0: 0x8000dee6 (0x00c327b3) slt     a5, t1, a2
core   0: 3 0x8000dee6 (0x00c327b3) x15 0x00000000
core   0: 0x8000deea (0x00bfd963) bge     t6, a1, pc + 18
core   0: 3 0x8000deea (0x00bfd963)
core   0: 0x8000defc (0x00008b55) c.andi  a4, 21
core   0: 3 0x8000defc (0x8b55) x14 0x00000010
core   0: 0x8000defe (0x417a5db3) sra     s11, s4, s7
core   0: 3 0x8000defe (0x417a5db3) x27 0x00000000
core   0: 0x8000df02 (0x0332d033) divu    zero, t0, s3
core   0: 3 0x8000df02 (0x0332d033)
core   0: 0x8000df06 (0x00008b59) c.andi  a4, 22
core   0: 3 0x8000df06 (0x8b59) x14 0x00000010
core   0: 0x8000df08 (0x00008fa5) c.xor   a5, s1
core   0: 3 0x8000df08 (0x8fa5) x15 0x80010bd9
core   0: 0x8000df0a (0x02acf263) bgeu    s9, a0, pc + 36
core   0: 3 0x8000df0a (0x02acf263)
core   0: 0x8000df2e (0x03e0d763) bge     ra, t5, pc + 46
core   0: 3 0x8000df2e (0x03e0d763)
core   0: 0x8000df32 (0x03c69433) mulh    s0, a3, t3
core   0: 3 0x8000df32 (0x03c69433) x 8 0x00000000
core   0: 0x8000df36 (0x0ff0000f) fence   iorw,iorw
core   0: 3 0x8000df36 (0x0ff0000f)
core   0: 0x8000df3a (0x01b74033) xor     zero, a4, s11
core   0: 3 0x8000df3a (0x01b74033)
core   0: 0x8000df3e (0x007820b3) slt     ra, a6, t2
core   0: 3 0x8000df3e (0x007820b3) x 1 0x00000000
core   0: 0x8000df42 (0x00009f56) c.add   t5, s5
core   0: 3 0x8000df42 (0x9f56) x30 0xe3dd3e67
core   0: 0x8000df44 (0x4077d593) srai    a1, a5, 7
core   0: 3 0x8000df44 (0x4077d593) x11 0xff000217
core   0: 0x8000df48 (0x00008dbd) c.xor   a1, a5
core   0: 3 0x8000df48 (0x8dbd) x11 0x7f0109ce
core   0: 0x8000df4a (0x8b0d4d97) auipc   s11, 0x8b0d4
core   0: 3 0x8000df4a (0x8b0d4d97) x27 0x0b0e1f4a
core   0: 0x8000df4e (0x00193733) sltu    a4, s2, ra
core   0: 3 0x8000df4e (0x00193733) x14 0x00000000
core   0: 0x8000df52 (0x00d710b3) sll     ra, a4, a3
core   0: 3 0x8000df52 (0x00d710b3) x 1 0x00000000
core   0: 0x8000df56 (0x02ca2f33) mulhsu  t5, s4, a2
core   0: 3 0x8000df56 (0x02ca2f33) x30 0x00000000
core   0: 0x8000df5a (0x00008fe9) c.and   a5, a0
core   0: 3 0x8000df5a (0x8fe9) x15 0x00000009
core   0: 0x8000df5c (0x00b79263) bne     a5, a1, pc + 4
core   0: 3 0x8000df5c (0x00b79263)
core   0: 0x8000df60 (0x02869033) mulh    zero, a3, s0
core   0: 3 0x8000df60 (0x02869033)
core   0: 0x8000df64 (0x86950613) addi    a2, a0, -1943
core   0: 3 0x8000df64 (0x86950613) x12 0xfffff876
core   0: 0x8000df68 (0x0000c489) c.beqz  s1, pc + 10
core   0: 3 0x8000df68 (0xc489)
core   0: 0x8000df6a (0x0185cd63) blt     a1, s8, pc + 26
core   0: 3 0x8000df6a (0x0185cd63)
core   0: 0x8000df6e (0x01f25363) bge     tp, t6, pc + 6
core   0: 3 0x8000df6e (0x01f25363)
core   0: 0x8000df72 (0x0000ea05) c.bnez  a2, pc + 48
core   0: 3 0x8000df72 (0xea05)
core   0: 0x8000dfa2 (0x03650363) beq     a0, s6, pc + 38
core   0: 3 0x8000dfa2 (0x03650363)
core   0: 0x8000dfa6 (0x922d7d37) lui     s10, 0x922d7
core   0: 3 0x8000dfa6 (0x922d7d37) x26 0x922d7000
core   0: 0x8000dfaa (0xbb1ac4b7) lui     s1, 0xbb1ac
core   0: 3 0x8000dfaa (0xbb1ac4b7) x 9 0xbb1ac000
core   0: 0x8000dfae (0x02f70163) beq     a4, a5, pc + 34
core   0: 3 0x8000dfae (0x02f70163)
core   0: 0x8000dfb2 (0x016adb33) srl     s6, s5, s6
core   0: 3 0x8000dfb2 (0x016adb33) x22 0x00006e6f
core   0: 0x8000dfb6 (0x00eb0333) add     t1, s6, a4
core   0: 3 0x8000dfb6 (0x00eb0333) x 6 0x00006e6f
core   0: 0x8000dfba (0x75103f93) sltiu   t6, zero, 1873
core   0: 3 0x8000dfba (0x75103f93) x31 0x00000001
core   0: 0x8000dfbe (0x003315b3) sll     a1, t1, gp
core   0: 3 0x8000dfbe (0x003315b3) x11 0x0000dcde
core   0: 0x8000dfc2 (0x019a3333) sltu    t1, s4, s9
core   0: 3 0x8000dfc2 (0x019a3333) x 6 0x00000001
core   0: 0x8000dfc6 (0x00000c18) c.addi4spn a4, sp, 528
core   0: 3 0x8000dfc6 (0x0c18) x14 0x80010de9
core   0: 0x8000dfc8 (0x0000c309) c.beqz  a4, pc + 2
core   0: 3 0x8000dfc8 (0xc309)
core   0: 0x8000dfca (0x00000b66) c.slli  s6, 25
core   0: 3 0x8000dfca (0x0b66) x22 0xde000000
core   0: 0x8000dfcc (0xe2da4393) xori    t2, s4, -467
core   0: 3 0x8000dfcc (0xe2da4393) x 7 0xfffffe2d
core   0: 0x8000dfd0 (0x00008429) c.srai  s0, 10
core   0: 3 0x8000dfd0 (0x8429) x 8 0x00000000
core   0: 0x8000dfd2 (0x00008ce1) c.and   s1, s0
core   0: 3 0x8000dfd2 (0x8ce1) x 9 0x00000000
core   0: 0x8000dfd4 (0x000092c6) c.add   t0, a7
core   0: 3 0x8000dfd4 (0x92c6) x 5 0x7e7bdc37
core   0: 0x8000dfd6 (0x00006a35) c.lui   s4, 0xd
core   0: 3 0x8000dfd6 (0x6a35) x20 0x0000d000
core   0: 0x8000dfd8 (0x00000001) c.nop
core   0: 3 0x8000dfd8 (0x0001)
core   0: 0x8000dfda (0x00000f8c) c.addi4spn a1, sp, 976
core   0: 3 0x8000dfda (0x0f8c) x11 0x80010fa9
core   0: 0x8000dfdc (0x0193c5b3) xor     a1, t2, s9
core   0: 3 0x8000dfdc (0x0193c5b3) x11 0x7ffd62c9
core   0: 0x8000dfe0 (0x020a1f33) mulh    t5, s4, zero
core   0: 3 0x8000dfe0 (0x020a1f33) x30 0x00000000
core   0: 0x8000dfe4 (0x00008f21) c.xor   a4, s0
core   0: 3 0x8000dfe4 (0x8f21) x14 0x80010de9
core   0: 0x8000dfe6 (0x04b8d163) bge     a7, a1, pc + 66
core   0: 3 0x8000dfe6 (0x04b8d163)
core   0: 0x8000dfea (0x00008b6d) c.andi  a4, 27
core   0: 3 0x8000dfea (0x8b6d) x14 0x00000009
core   0: 0x8000dfec (0x00008ccd) c.or    s1, a1
core   0: 3 0x8000dfec (0x8ccd) x 9 0x7ffd62c9
core   0: 0x8000dfee (0x6e41bc13) sltiu   s8, gp, 1764
core   0: 3 0x8000dfee (0x6e41bc13) x24 0x00000000
core   0: 0x8000dff2 (0x00c21633) sll     a2, tp, a2
core   0: 3 0x8000dff2 (0x00c21633) x12 0x7f800000
core   0: 0x8000dff6 (0x0370e233) rem     tp, ra, s7
core   0: 3 0x8000dff6 (0x0370e233) x 4 0x00000000
core   0: 0x8000dffa (0x03824d33) div     s10, tp, s8
core   0: 3 0x8000dffa (0x03824d33) x26 0xffffffff
core   0: 0x8000dffe (0x00008fb9) c.xor   a5, a4
core   0: 3 0x8000dffe (0x8fb9) x15 0x00000000
core   0: 0x8000e000 (0x00009dd2) c.add   s11, s4
core   0: 3 0x8000e000 (0x9dd2) x27 0x0b0eef4a
core   0: 0x8000e002 (0x00258db3) add     s11, a1, sp
core   0: 3 0x8000e002 (0x00258db3) x27 0xfffe6ea2
core   0: 0x8000e006 (0x011a27b3) slt     a5, s4, a7
core   0: 3 0x8000e006 (0x011a27b3) x15 0x00000000
core   0: 0x8000e00a (0x00df2d33) slt     s10, t5, a3
core   0: 3 0x8000e00a (0x00df2d33) x26 0x00000000
core   0: 0x8000e00e (0x01a6cfb3) xor     t6, a3, s10
core   0: 3 0x8000e00e (0x01a6cfb3) x31 0x00000000
core   0: 0x8000e012 (0x0000c61d) c.beqz  a2, pc + 46
core   0: 3 0x8000e012 (0xc61d)
core   0: 0x8000e014 (0x0000802d) c.srli  s0, 11
core   0: 3 0x8000e014 (0x802d) x 8 0x00000000
core   0: 0x8000e016 (0x036bf963) bgeu    s7, s6, pc + 50
core   0: 3 0x8000e016 (0x036bf963)
core   0: 0x8000e01a (0x002ddd93) srli    s11, s11, 2
core   0: 3 0x8000e01a (0x002ddd93) x27 0x3fff9ba8
core   0: 0x8000e01e (0x016ce563) bltu    s9, s6, pc + 10
core   0: 3 0x8000e01e (0x016ce563)
core   0: 0x8000e028 (0x4103d4b3) sra     s1, t2, a6
core   0: 3 0x8000e028 (0x4103d4b3) x 9 0xfffffff1
core   0: 0x8000e02c (0x00596a33) or      s4, s2, t0
core   0: 3 0x8000e02c (0x00596a33) x20 0xfefbfcff
core   0: 0x8000e030 (0x02422433) mulhsu  s0, tp, tp
core   0: 3 0x8000e030 (0x02422433) x 8 0x00000000
core   0: 0x8000e034 (0xbf5fba13) sltiu   s4, t6, -1035
core   0: 3 0x8000e034 (0xbf5fba13) x20 0x00000001
core   0: 0x8000e038 (0x0000187d) c.addi  a6, -1
core   0: 3 0x8000e038 (0x187d) x16 0x0dcd84a4
core   0: 0x8000e03a (0x5f188a13) addi    s4, a7, 1521
core   0: 3 0x8000e03a (0x5f188a13) x20 0x80026429
core   0: 0x8000e03e (0x00009b9a) c.add   s7, t1
core   0: 3 0x8000e03e (0x9b9a) x23 0x00000558
core   0: 0x8000e040 (0x002771b3) and     gp, a4, sp
core   0: 3 0x8000e040 (0x002771b3) x 3 0x00000009
core   0: 0x8000e044 (0x00471a63) bne     a4, tp, pc + 20
core   0: 3 0x8000e044 (0x00471a63)
core   0: 0x8000e058 (0x0000100f) fence.i
core   0: 3 0x8000e058 (0x0000100f)
core   0: 0x8000e05c (0x000098fd) c.andi  s1, -1
core   0: 3 0x8000e05c (0x98fd) x 9 0xfffffff1
core   0: 0x8000e05e (0x02a85eb3) divu    t4, a6, a0
core   0: 3 0x8000e05e (0x02a85eb3) x29 0x010fcf20
core   0: 0x8000e062 (0x00702f33) slt     t5, zero, t2
core   0: 3 0x8000e062 (0x00702f33) x30 0x00000000
core   0: 0x8000e066 (0x03d24563) blt     tp, t4, pc + 42
core   0: 3 0x8000e066 (0x03d24563)
core   0: 0x8000e090 (0x02fe7ab3) remu    s5, t3, a5
core   0: 3 0x8000e090 (0x02fe7ab3) x21 0x0000002a
core   0: 0x8000e094 (0x0669e713) ori     a4, s3, 102
core   0: 3 0x8000e094 (0x0669e713) x14 0x00000066
core   0: 0x8000e098 (0x40923e93) sltiu   t4, tp, 1033
core   0: 3 0x8000e098 (0x40923e93) x29 0x00000001
core   0: 0x8000e09c (0x0000100f) fence.i
core   0: 3 0x8000e09c (0x0000100f)
core   0: 0x8000e0a0 (0x02a309b3) mul     s3, t1, a0
core   0: 3 0x8000e0a0 (0x02a309b3) x19 0x0000000d
core   0: 0x8000e0a4 (0x0140ec33) or      s8, ra, s4
core   0: 3 0x8000e0a4 (0x0140ec33) x24 0x80026429
core   0: 0x8000e0a8 (0x000a7eb3) and     t4, s4, zero
core   0: 3 0x8000e0a8 (0x000a7eb3) x29 0x00000000
core   0: 0x8000e0ac (0x00000990) c.addi4spn a2, sp, 208
core   0: 3 0x8000e0ac (0x0990) x12 0x80010ca9
core   0: 0x8000e0ae (0xe87a0613) addi    a2, s4, -377
core   0: 3 0x8000e0ae (0xe87a0613) x12 0x800262b0
core   0: 0x8000e0b2 (0x0387a0b3) mulhsu  ra, a5, s8
core   0: 3 0x8000e0b2 (0x0387a0b3) x 1 0x00000000
core   0: 0x8000e0b6 (0x01a7e133) or      sp, a5, s10
core   0: 3 0x8000e0b6 (0x01a7e133) x 2 0x00000000
core   0: 0x8000e0ba (0x0057df33) srl     t5, a5, t0
core   0: 3 0x8000e0ba (0x0057df33) x30 0x00000000
core   0: 0x8000e0be (0x02f3e333) rem     t1, t2, a5
core   0: 3 0x8000e0be (0x02f3e333) x 6 0xfffffe2d
core   0: 0x8000e0c2 (0x00008cb1) c.xor   s1, a2
core   0: 3 0x8000e0c2 (0x8cb1) x 9 0x7ffd9d41
core   0: 0x8000e0c4 (0x00006171) c.addi16sp sp, 336
core   0: 3 0x8000e0c4 (0x6171) x 2 0x00000150
core   0: 0x8000e0c6 (0xf4b3ee37) lui     t3, 0xf4b3e
core   0: 3 0x8000e0c6 (0xf4b3ee37) x28 0xf4b3e000
core   0: 0x8000e0ca (0x0000100f) fence.i
core   0: 3 0x8000e0ca (0x0000100f)
core   0: 0x8000e0ce (0x02354d63) blt     a0, gp, pc + 58
core   0: 3 0x8000e0ce (0x02354d63)
core   0: 0x8000e0d2 (0x02ab6163) bltu    s6, a0, pc + 34
core   0: 3 0x8000e0d2 (0x02ab6163)
core   0: 0x8000e0d6 (0x0000100f) fence.i
core   0: 3 0x8000e0d6 (0x0000100f)
core   0: 0x8000e0da (0x417b09b3) sub     s3, s6, s7
core   0: 3 0x8000e0da (0x417b09b3) x19 0xddfffaa8
core   0: 0x8000e0de (0x018affb3) and     t6, s5, s8
core   0: 3 0x8000e0de (0x018affb3) x31 0x00000028
core   0: 0x8000e0e2 (0x9c564013) xori    zero, a2, -1595
core   0: 3 0x8000e0e2 (0x9c564013)
core   0: 0x8000e0e6 (0x6078bd13) sltiu   s10, a7, 1543
core   0: 3 0x8000e0e6 (0x6078bd13) x26 0x00000000
core   0: 0x8000e0ea (0x028f4a33) div     s4, t5, s0
core   0: 3 0x8000e0ea (0x028f4a33) x20 0xffffffff
core   0: 0x8000e0ee (0x00008696) c.mv    a3, t0
core   0: 3 0x8000e0ee (0x8696) x13 0x7e7bdc37
core   0: 0x8000e0f0 (0x03c56963) bltu    a0, t3, pc + 50
core   0: 3 0x8000e0f0 (0x03c56963)
core   0: 0x8000e122 (0x0334e363) bltu    s1, s3, pc + 38
core   0: 3 0x8000e122 (0x0334e363)
core   0: 0x8000e148 (0x0000ed89) c.bnez  a1, pc + 26
core   0: 3 0x8000e148 (0xed89)
core   0: 0x8000e162 (0x014a9e93) slli    t4, s5, 20
core   0: 3 0x8000e162 (0x014a9e93) x29 0x02a00000
core   0: 0x8000e166 (0x66a88c13) addi    s8, a7, 1642
core   0: 3 0x8000e166 (0x66a88c13) x24 0x800264a2
core   0: 0x8000e16a (0x601f2e13) slti    t3, t5, 1537
core   0: 3 0x8000e16a (0x601f2e13) x28 0x00000001
core   0: 0x8000e16e (0x02a97933) remu    s2, s2, a0
core   0: 3 0x8000e16e (0x02a97933) x18 0x0000000a
core   0: 0x8000e172 (0x020f1233) mulh    tp, t5, zero
core   0: 3 0x8000e172 (0x020f1233) x 4 0x00000000
core   0: 0x8000e176 (0x036e3133) mulhu   sp, t3, s6
core   0: 3 0x8000e176 (0x036e3133) x 2 0x00000000
core   0: 0x8000e17a (0x03a666b3) rem     a3, a2, s10
core   0: 3 0x8000e17a (0x03a666b3) x13 0x800262b0
core   0: 0x8000e17e (0x025dc933) div     s2, s11, t0
core   0: 3 0x8000e17e (0x025dc933) x18 0x00000000
core   0: 0x8000e182 (0x41995a13) srai    s4, s2, 25
core   0: 3 0x8000e182 (0x41995a13) x20 0x00000000
core   0: 0x8000e186 (0x415454b3) sra     s1, s0, s5
core   0: 3 0x8000e186 (0x415454b3) x 9 0x00000000
core   0: 0x8000e18a (0x56810117) auipc   sp, 0x56810
core   0: 3 0x8000e18a (0x56810117) x 2 0xd681e18a
core   0: 0x8000e18e (0x00008c3d) c.xor   s0, a5
core   0: 3 0x8000e18e (0x8c3d) x 8 0x00000000
core   0: 0x8000e190 (0x0258fd63) bgeu    a7, t0, pc + 58
core   0: 3 0x8000e190 (0x0258fd63)
core   0: 0x8000e1ca (0x01780d33) add     s10, a6, s7
core   0: 3 0x8000e1ca (0x01780d33) x26 0x0dcd89fc
core   0: 0x8000e1ce (0x40ae5a33) sra     s4, t3, a0
core   0: 3 0x8000e1ce (0x40ae5a33) x20 0x00000000
core   0: 0x8000e1d2 (0x02b60963) beq     a2, a1, pc + 50
core   0: 3 0x8000e1d2 (0x02b60963)
core   0: 0x8000e1d6 (0x233b6437) lui     s0, 0x233b6
core   0: 3 0x8000e1d6 (0x233b6437) x 8 0x233b6000
core   0: 0x8000e1da (0x0000ca19) c.beqz  a2, pc + 22
core   0: 3 0x8000e1da (0xca19)
core   0: 0x8000e1dc (0x0000c485) c.beqz  s1, pc + 40
core   0: 3 0x8000e1dc (0xc485)
core   0: 0x8000e204 (0x00000956) c.slli  s2, 21
core   0: 3 0x8000e204 (0x0956) x18 0x00000000
core   0: 0x8000e206 (0x02ad3833) mulhu   a6, s10, a0
core   0: 3 0x8000e206 (0x02ad3833) x16 0x00000000
core   0: 0x8000e20a (0x3821e3b7) lui     t2, 0x3821e
core   0: 3 0x8000e20a (0x3821e3b7) x 7 0x3821e000
core   0: 0x8000e20e (0x0032fbb3) and     s7, t0, gp
core   0: 3 0x8000e20e (0x0032fbb3) x23 0x00000001
core   0: 0x8000e212 (0x00008f8d) c.sub   a5, a1
core   0: 3 0x8000e212 (0x8f8d) x15 0x80029d37
core   0: 0x8000e214 (0x0000ef19) c.bnez  a4, pc + 30
core   0: 3 0x8000e214 (0xef19)
core   0: 0x8000e232 (0xb916c393) xori    t2, a3, -1135
core   0: 3 0x8000e232 (0xb916c393) x 7 0x7ffd9921
core   0: 0x8000e236 (0x03eedfb3) divu    t6, t4, t5
core   0: 3 0x8000e236 (0x03eedfb3) x31 0xffffffff
core   0: 0x8000e23a (0x00000001) c.nop
core   0: 3 0x8000e23a (0x0001)
core   0: 0x8000e23c (0x01ad64b3) or      s1, s10, s10
core   0: 3 0x8000e23c (0x01ad64b3) x 9 0x0dcd89fc
core   0: 0x8000e240 (0x0228dab3) divu    s5, a7, sp
core   0: 3 0x8000e240 (0x0228dab3) x21 0x00000000
core   0: 0x8000e244 (0x00009af2) c.add   s5, t3
core   0: 3 0x8000e244 (0x9af2) x21 0x00000001
core   0: 0x8000e246 (0x0000717d) c.addi16sp sp, -16
core   0: 3 0x8000e246 (0x717d) x 2 0xd681e17a
core   0: 0x8000e248 (0x00008e59) c.or    a2, a4
core   0: 3 0x8000e248 (0x8e59) x12 0x800262f6
core   0: 0x8000e24a (0x000062c5) c.lui   t0, 0x11
core   0: 3 0x8000e24a (0x62c5) x 5 0x00011000
core   0: 0x8000e24c (0x00008e19) c.sub   a2, a4
core   0: 3 0x8000e24c (0x8e19) x12 0x80026290
core   0: 0x8000e24e (0xec08ee93) ori     t4, a7, -320
core   0: 3 0x8000e24e (0xec08ee93) x29 0xfffffef8
core   0: 0x8000e252 (0x00abf933) and     s2, s7, a0
core   0: 3 0x8000e252 (0x00abf933) x18 0x00000001
core   0: 0x8000e256 (0x00008c61) c.and   s0, s0
core   0: 3 0x8000e256 (0x8c61) x 8 0x233b6000
core   0: 0x8000e258 (0x02e697b3) mulh    a5, a3, a4
core   0: 3 0x8000e258 (0x02e697b3) x15 0xffffffcd
core   0: 0x8000e25c (0x039d1fb3) mulh    t6, s10, s9
core   0: 3 0x8000e25c (0x039d1fb3) x31 0xf9195f12
core   0: 0x8000e260 (0x006ed363) bge     t4, t1, pc + 6
core   0: 3 0x8000e260 (0x006ed363)
core   0: 0x8000e266 (0x01def133) and     sp, t4, t4
core   0: 3 0x8000e266 (0x01def133) x 2 0xfffffef8
core   0: 0x8000e26a (0x0048a603) lw      a2, 4(a7)
core   0: 3 0x8000e26a (0x0048a603) x12 0x8000010e mem 0x80025e3c
core   0: 0x8000e26e (0x0000033a) c.slli  t1, 14
core   0: 3 0x8000e26e (0x033a) x 6 0xff8b4000
core   0: 0x8000e270 (0x415387b3) sub     a5, t2, s5
core   0: 3 0x8000e270 (0x415387b3) x15 0x7ffd9920
core   0: 0x8000e274 (0xd5ca8093) addi    ra, s5, -676
core   0: 3 0x8000e274 (0xd5ca8093) x 1 0xfffffd5d
core   0: 0x8000e278 (0x02c88893) addi    a7, a7, 44
core   0: 3 0x8000e278 (0x02c88893) x17 0x80025e64
core   0: 0x8000e27c (0x40c55c13) srai    s8, a0, 12
core   0: 3 0x8000e27c (0x40c55c13) x24 0x00000000
core   0: 0x8000e280 (0x00060393) mv      t2, a2
core   0: 3 0x8000e280 (0x00060393) x 7 0x8000010e
core   0: 0x8000e284 (0x00008382) c.jr    t2
core   0: 3 0x8000e284 (0x8382)
core   0: 0x8000010e (0x00500793) li      a5, 5
core   0: 3 0x8000010e (0x00500793) x15 0x00000005
core   0: 0x80000112 (0xffa00a93) li      s5, -6
core   0: 3 0x80000112 (0xffa00a93) x21 0xfffffffa
core   0: 0x80000116 (0x40ba5013) srai    zero, s4, 11
core   0: 3 0x80000116 (0x40ba5013)
core   0: 0x8000011a (0x02e9dd33) divu    s10, s3, a4
core   0: 3 0x8000011a (0x02e9dd33) x26 0x022d2d1f
core   0: 0x8000011e (0x00008f65) c.and   a4, s1
core   0: 3 0x8000011e (0x8f65) x14 0x00000064
core   0: 0x80000120 (0x00000001) c.nop
core   0: 3 0x80000120 (0x0001)
core   0: 0x80000122 (0x41bd8e33) sub     t3, s11, s11
core   0: 3 0x80000122 (0x41bd8e33) x28 0x00000000
core   0: 0x80000126 (0x00008315) c.srli  a4, 5
core   0: 3 0x80000126 (0x8315) x14 0x00000003
core   0: 0x80000128 (0x01e28433) add     s0, t0, t5
core   0: 3 0x80000128 (0x01e28433) x 8 0x00011000
core   0: 0x8000012c (0x00004951) c.li    s2, 20
core   0: 3 0x8000012c (0x4951) x18 0x00000014
core   0: 0x8000012e (0x692dee93) ori     t4, s11, 1682
core   0: 3 0x8000012e (0x692dee93) x29 0x3fff9fba
core   0: 0x80000132 (0x0000100f) fence.i
core   0: 3 0x80000132 (0x0000100f)
core   0: 0x80000136 (0x000017f5) c.addi  a5, -3
core   0: 3 0x80000136 (0x17f5) x15 0x00000002
core   0: 0x80000138 (0x00e33933) sltu    s2, t1, a4
core   0: 3 0x80000138 (0x00e33933) x18 0x00000000
core   0: 0x8000013c (0xff57d3e3) bge     a5, s5, pc - 26
core   0: 3 0x8000013c (0xff57d3e3)
core   0: 0x80000122 (0x41bd8e33) sub     t3, s11, s11
core   0: 3 0x80000122 (0x41bd8e33) x28 0x00000000
core   0: 0x80000126 (0x00008315) c.srli  a4, 5
core   0: 3 0x80000126 (0x8315) x14 0x00000000
core   0: 0x80000128 (0x01e28433) add     s0, t0, t5
core   0: 3 0x80000128 (0x01e28433) x 8 0x00011000
core   0: 0x8000012c (0x00004951) c.li    s2, 20
core   0: 3 0x8000012c (0x4951) x18 0x00000014
core   0: 0x8000012e (0x692dee93) ori     t4, s11, 1682
core   0: 3 0x8000012e (0x692dee93) x29 0x3fff9fba
core   0: 0x80000132 (0x0000100f) fence.i
core   0: 3 0x80000132 (0x0000100f)
core   0: 0x80000136 (0x000017f5) c.addi  a5, -3
core   0: 3 0x80000136 (0x17f5) x15 0xffffffff
core   0: 0x80000138 (0x00e33933) sltu    s2, t1, a4
core   0: 3 0x80000138 (0x00e33933) x18 0x00000000
core   0: 0x8000013c (0xff57d3e3) bge     a5, s5, pc - 26
core   0: 3 0x8000013c (0xff57d3e3)
core   0: 0x80000122 (0x41bd8e33) sub     t3, s11, s11
core   0: 3 0x80000122 (0x41bd8e33) x28 0x00000000
core   0: 0x80000126 (0x00008315) c.srli  a4, 5
core   0: 3 0x80000126 (0x8315) x14 0x00000000
core   0: 0x80000128 (0x01e28433) add     s0, t0, t5
core   0: 3 0x80000128 (0x01e28433) x 8 0x00011000
core   0: 0x8000012c (0x00004951) c.li    s2, 20
core   0: 3 0x8000012c (0x4951) x18 0x00000014
core   0: 0x8000012e (0x692dee93) ori     t4, s11, 1682
core   0: 3 0x8000012e (0x692dee93) x29 0x3fff9fba
core   0: 0x80000132 (0x0000100f) fence.i
core   0: 3 0x80000132 (0x0000100f)
core   0: 0x80000136 (0x000017f5) c.addi  a5, -3
core   0: 3 0x80000136 (0x17f5) x15 0xfffffffc
core   0: 0x80000138 (0x00e33933) sltu    s2, t1, a4
core   0: 3 0x80000138 (0x00e33933) x18 0x00000000
core   0: 0x8000013c (0xff57d3e3) bge     a5, s5, pc - 26
core   0: 3 0x8000013c (0xff57d3e3)
core   0: 0x80000122 (0x41bd8e33) sub     t3, s11, s11
core   0: 3 0x80000122 (0x41bd8e33) x28 0x00000000
core   0: 0x80000126 (0x00008315) c.srli  a4, 5
core   0: 3 0x80000126 (0x8315) x14 0x00000000
core   0: 0x80000128 (0x01e28433) add     s0, t0, t5
core   0: 3 0x80000128 (0x01e28433) x 8 0x00011000
core   0: 0x8000012c (0x00004951) c.li    s2, 20
core   0: 3 0x8000012c (0x4951) x18 0x00000014
core   0: 0x8000012e (0x692dee93) ori     t4, s11, 1682
core   0: 3 0x8000012e (0x692dee93) x29 0x3fff9fba
core   0: 0x80000132 (0x0000100f) fence.i
core   0: 3 0x80000132 (0x0000100f)
core   0: 0x80000136 (0x000017f5) c.addi  a5, -3
core   0: 3 0x80000136 (0x17f5) x15 0xfffffff9
core   0: 0x80000138 (0x00e33933) sltu    s2, t1, a4
core   0: 3 0x80000138 (0x00e33933) x18 0x00000000
core   0: 0x8000013c (0xff57d3e3) bge     a5, s5, pc - 26
core   0: 3 0x8000013c (0xff57d3e3)
core   0: 0x80000140 (0x02504e33) div     t3, zero, t0
core   0: 3 0x80000140 (0x02504e33) x28 0x00000000
core   0: 0x80000144 (0x00013117) auipc   sp, 0x13
core   0: 3 0x80000144 (0x00013117) x 2 0x80013144
core   0: 0x80000148 (0xfc910113) addi    sp, sp, -55
core   0: 3 0x80000148 (0xfc910113) x 2 0x8001310d
core   0: 0x8000014c (0x04f11a03) lh      s4, 79(sp)
core   0: 3 0x8000014c (0x04f11a03) x20 0x00001617 mem 0x8001315c
core   0: 0x80000150 (0x033026b7) lui     a3, 0x3302
core   0: 3 0x80000150 (0x033026b7) x13 0x03302000
core   0: 0x80000154 (0xfd210523) sb      s2, -54(sp)
core   0: 3 0x80000154 (0xfd210523) mem 0x800130d7 0x0
core   0: 0x80000158 (0xfca14403) lbu     s0, -54(sp)
core   0: 3 0x80000158 (0xfca14403) x 8 0x00000000 mem 0x800130d7
core   0: 0x8000015c (0x01eef2b3) and     t0, t4, t5
core   0: 3 0x8000015c (0x01eef2b3) x 5 0x00000000
core   0: 0x80000160 (0x0b8101a3) sb      s8, 163(sp)
core   0: 3 0x80000160 (0x0b8101a3) mem 0x800131b0 0x0
core   0: 0x80000164 (0x0b3101a3) sb      s3, 163(sp)
core   0: 3 0x80000164 (0x0b3101a3) mem 0x800131b0 0xa8
core   0: 0x80000168 (0x0a310683) lb      a3, 163(sp)
core   0: 3 0x80000168 (0x0a310683) x13 0xffffffa8 mem 0x800131b0
core   0: 0x8000016c (0xf3b12283) lw      t0, -197(sp)
core   0: 3 0x8000016c (0xf3b12283) x 5 0x00010203 mem 0x80013048
core   0: 0x80000170 (0xf2110da3) sb      ra, -197(sp)
core   0: 3 0x80000170 (0xf2110da3) mem 0x80013048 0x5d
core   0: 0x80000174 (0xfb214003) lbu     zero, -78(sp)
core   0: 3 0x80000174 (0xfb214003) mem 0x800130bf
core   0: 0x80000178 (0x41c65c13) srai    s8, a2, 28
core   0: 3 0x80000178 (0x41c65c13) x24 0xfffffff8
core   0: 0x8000017c (0xf4a10583) lb      a1, -182(sp)
core   0: 3 0x8000017c (0xf4a10583) x11 0x0000000c mem 0x80013057
core   0: 0x80000180 (0xf4a10a03) lb      s4, -182(sp)
core   0: 3 0x80000180 (0xf4a10a03) x20 0x0000000c mem 0x80013057
core   0: 0x80000184 (0xf4a10e03) lb      t3, -182(sp)
core   0: 3 0x80000184 (0xf4a10e03) x28 0x0000000c mem 0x80013057
core   0: 0x80000188 (0x0c712283) lw      t0, 199(sp)
core   0: 3 0x80000188 (0x0c712283) x 5 0x8c8d8e8f mem 0x800131d4
core   0: 0x8000018c (0x0c712a83) lw      s5, 199(sp)
core   0: 3 0x8000018c (0x0c712a83) x21 0x8c8d8e8f mem 0x800131d4
core   0: 0x80000190 (0x00ad9c33) sll     s8, s11, a0
core   0: 3 0x80000190 (0x00ad9c33) x24 0xf3750000
core   0: 0x80000194 (0x09f15d83) lhu     s11, 159(sp)
core   0: 3 0x80000194 (0x09f15d83) x27 0x00006667 mem 0x800131ac
core   0: 0x80000198 (0x09f15283) lhu     t0, 159(sp)
core   0: 3 0x80000198 (0x09f15283) x 5 0x00006667 mem 0x800131ac
core   0: 0x8000019c (0x09f10d83) lb      s11, 159(sp)
core   0: 3 0x8000019c (0x09f10d83) x27 0x00000067 mem 0x800131ac
core   0: 0x800001a0 (0x0040066f) jal     a2, pc + 0x4
core   0: 3 0x800001a0 (0x0040066f) x12 0x800001a4
core   0: 0x800001a4 (0x00002021) c.jal   pc + 8
core   0: 3 0x800001a4 (0x2021) x 1 0x800001a6
core   0: 0x800001ac (0x032006ef) jal     a3, pc + 0x32
core   0: 3 0x800001ac (0x032006ef) x13 0x800001b0
core   0: 0x800001de (0x0000bfe5) c.j     pc - 8
core   0: 3 0x800001de (0xbfe5)
core   0: 0x800001d6 (0xfdfff0ef) jal     pc - 0x22
core   0: 3 0x800001d6 (0xfdfff0ef) x 1 0x800001da
core   0: 0x800001b4 (0x0000a039) c.j     pc + 14
core   0: 3 0x800001b4 (0xa039)
core   0: 0x800001c2 (0x0040086f) jal     a6, pc + 0x4
core   0: 3 0x800001c2 (0x0040086f) x16 0x800001c6
core   0: 0x800001c6 (0x00003fe5) c.jal   pc - 8
core   0: 3 0x800001c6 (0x3fe5) x 1 0x800001c8
core   0: 0x800001be (0x0000a809) c.j     pc + 18
core   0: 3 0x800001be (0xa809)
core   0: 0x800001d0 (0x00c000ef) jal     pc + 0xc
core   0: 3 0x800001d0 (0x00c000ef) x 1 0x800001d4
core   0: 0x800001dc (0x0000bff9) c.j     pc - 34
core   0: 3 0x800001dc (0xbff9)
core   0: 0x800001ba (0xff7ff0ef) jal     pc - 0xa
core   0: 3 0x800001ba (0xff7ff0ef) x 1 0x800001be
core   0: 0x800001b0 (0xff7ffbef) jal     s7, pc - 0xa
core   0: 3 0x800001b0 (0xff7ffbef) x23 0x800001b4
core   0: 0x800001a6 (0x00002025) c.jal   pc + 40
core   0: 3 0x800001a6 (0x2025) x 1 0x800001a8
core   0: 0x800001ce (0x00003fed) c.jal   pc - 6
core   0: 3 0x800001ce (0x3fed) x 1 0x800001d0
core   0: 0x800001c8 (0xfe1ffa6f) jal     s4, pc - 0x20
core   0: 3 0x800001c8 (0xfe1ffa6f) x20 0x800001cc
core   0: 0x800001a8 (0x032005ef) jal     a1, pc + 0x32
core   0: 3 0x800001a8 (0x032005ef) x11 0x800001ac
core   0: 0x800001da (0x0000bff1) c.j     pc - 36
core   0: 3 0x800001da (0xbff1)
core   0: 0x800001b6 (0x016000ef) jal     pc + 0x16
core   0: 3 0x800001b6 (0x016000ef) x 1 0x800001ba
core   0: 0x800001cc (0x0000a021) c.j     pc + 8
core   0: 3 0x800001cc (0xa021)
core   0: 0x800001d4 (0x000037f5) c.jal   pc - 20
core   0: 3 0x800001d4 (0x37f5) x 1 0x800001d6
core   0: 0x800001c0 (0x00002005) c.jal   pc + 32
core   0: 3 0x800001c0 (0x2005) x 1 0x800001c2
core   0: 0x800001e0 (0x01649b93) slli    s7, s1, 22
core   0: 3 0x800001e0 (0x01649b93) x23 0x7f000000
core   0: 0x800001e4 (0x00010a97) auipc   s5, 0x10
core   0: 3 0x800001e4 (0x00010a97) x21 0x800101e4
core   0: 0x800001e8 (0x175a8a93) addi    s5, s5, 373
core   0: 3 0x800001e8 (0x175a8a93) x21 0x80010359
core   0: 0x800001ec (0x0001a317) auipc   t1, 0x1a
core   0: 3 0x800001ec (0x0001a317) x 6 0x8001a1ec
core   0: 0x800001f0 (0xa7130313) addi    t1, t1, -1423
core   0: 3 0x800001f0 (0xa7130313) x 6 0x80019c5d
core   0: 0x800001f4 (0x4d5aa7a3) sw      s5, 1231(s5)
core   0: 3 0x800001f4 (0x4d5aa7a3) mem 0x80010828 0x80010359
core   0: 0x800001f8 (0x02b30483) lb      s1, 43(t1)
core   0: 3 0x800001f8 (0x02b30483) x 9 0x00000043 mem 0x80019c88
core   0: 0x800001fc (0xd59a8b23) sb      s9, -682(s5)
core   0: 3 0x800001fc (0xd59a8b23) mem 0x800100af 0xe4
core   0: 0x80000200 (0xfec34c03) lbu     s8, -20(t1)
core   0: 3 0x80000200 (0xfec34c03) x24 0x00000002 mem 0x80019c49
core   0: 0x80000204 (0x4a3ad403) lhu     s0, 1187(s5)
core   0: 3 0x80000204 (0x4a3ad403) x 8 0x0000b6b7 mem 0x800107fc
core   0: 0x80000208 (0x4c8a8f83) lb      t6, 1224(s5)
core   0: 3 0x80000208 (0x4c8a8f83) x31 0xffffffda mem 0x80010821
core   0: 0x8000020c (0x55bad083) lhu     ra, 1371(s5)
core   0: 3 0x8000020c (0x55bad083) x 1 0x00006e6f mem 0x800108b4
core   0: 0x80000210 (0x1a6aca03) lbu     s4, 422(s5)
core   0: 3 0x80000210 (0x1a6aca03) x20 0x000000b4 mem 0x800104ff
core   0: 0x80000214 (0x02b30d23) sb      a1, 58(t1)
core   0: 3 0x80000214 (0x02b30d23) mem 0x80019c97 0xac
core   0: 0x80000218 (0xd76a8423) sb      s6, -664(s5)
core   0: 3 0x80000218 (0xd76a8423) mem 0x800100c1 0x0
core   0: 0x8000021c (0x022ac983) lbu     s3, 34(s5)
core   0: 3 0x8000021c (0x022ac983) x19 0x00000030 mem 0x8001037b
core   0: 0x80000220 (0xff2309a3) sb      s2, -13(t1)
core   0: 3 0x80000220 (0xff2309a3) mem 0x80019c50 0x0
core   0: 0x80000224 (0xda2ac683) lbu     a3, -606(s5)
core   0: 3 0x80000224 (0xda2ac683) x13 0x000000b0 mem 0x800100fb
core   0: 0x80000228 (0xfe530423) sb      t0, -24(t1)
core   0: 3 0x80000228 (0xfe530423) mem 0x80019c45 0x67
core   0: 0x8000022c (0xfe930423) sb      s1, -24(t1)
core   0: 3 0x8000022c (0xfe930423) mem 0x80019c45 0x43
core   0: 0x80000230 (0xefda9803) lh      a6, -259(s5)
core   0: 3 0x80000230 (0xefda9803) x16 0x00000c0d mem 0x80010256
core   0: 0x80000234 (0x01935d03) lhu     s10, 25(t1)
core   0: 3 0x80000234 (0x01935d03) x26 0x00002c2d mem 0x80019c76
core   0: 0x80000238 (0x00011797) auipc   a5, 0x11
core   0: 3 0x80000238 (0x00011797) x15 0x80011238
core   0: 0x8000023c (0x89178793) addi    a5, a5, -1903
core   0: 3 0x8000023c (0x89178793) x15 0x80010ac9
core   0: 0x80000240 (0xfe678183) lb      gp, -26(a5)
core   0: 3 0x80000240 (0xfe678183) x 3 0x00000064 mem 0x80010aaf
core   0: 0x80000244 (0x87a78f03) lb      t5, -1926(a5)
core   0: 3 0x80000244 (0x87a78f03) x30 0xfffffff8 mem 0x80010343
core   0: 0x80000248 (0x2a97c203) lbu     tp, 681(a5)
core   0: 3 0x80000248 (0x2a97c203) x 4 0x00000029 mem 0x80010d72
core   0: 0x8000024c (0x8b878383) lb      t2, -1864(a5)
core   0: 3 0x8000024c (0x8b878383) x 7 0x0000003a mem 0x80010381
core   0: 0x80000250 (0xd0178023) sb      ra, -768(a5)
core   0: 3 0x80000250 (0xd0178023) mem 0x800107c9 0x6f
core   0: 0x80000254 (0xb1f7aa03) lw      s4, -1249(a5)
core   0: 3 0x80000254 (0xb1f7aa03) x20 0xa0a1a2a3 mem 0x800105e8
core   0: 0x80000258 (0xf6e7ca83) lbu     s5, -146(a5)
core   0: 3 0x80000258 (0xf6e7ca83) x21 0x000000ec mem 0x80010a37
core   0: 0x8000025c (0xe3c789a3) sb      t3, -461(a5)
core   0: 3 0x8000025c (0xe3c789a3) mem 0x800108fc 0xc
core   0: 0x80000260 (0x02c8b3b3) mulhu   t2, a7, a2
core   0: 3 0x80000260 (0x02c8b3b3) x 7 0x40013004
core   0: 0x80000264 (0xee6790a3) sh      t1, -287(a5)
core   0: 3 0x80000264 (0xee6790a3) mem 0x800109aa 0x9c5d
core   0: 0x80000268 (0xc487c483) lbu     s1, -952(a5)
core   0: 3 0x80000268 (0xc487c483) x 9 0x000000ca mem 0x80010711
core   0: 0x8000026c (0x141d7db7) lui     s11, 0x141d7
core   0: 3 0x8000026c (0x141d7db7) x27 0x141d7000
core   0: 0x80000270 (0xfd978b23) sb      s9, -42(a5)
core   0: 3 0x80000270 (0xfd978b23) mem 0x80010a9f 0xe4
core   0: 0x80000274 (0x1be57313) andi    t1, a0, 446
core   0: 3 0x80000274 (0x1be57313) x 6 0x0000000c
core   0: 0x80000278 (0x47478603) lb      a2, 1140(a5)
core   0: 3 0x80000278 (0x47478603) x12 0xfffffff6 mem 0x80010f3d
core   0: 0x8000027c (0x02d58433) mul     s0, a1, a3
core   0: 3 0x8000027c (0x02d58433) x 8 0x00012640
core   0: 0x80000280 (0x00006159) c.addi16sp sp, 400
core   0: 3 0x80000280 (0x6159) x 2 0x8001329d
core   0: 0x80000282 (0x0225dd33) divu    s10, a1, sp
core   0: 3 0x80000282 (0x0225dd33) x26 0x00000000
core   0: 0x80000286 (0xc6e78ca3) sb      a4, -903(a5)
core   0: 3 0x80000286 (0xc6e78ca3) mem 0x80010742 0x0
core   0: 0x8000028a (0x00000001) c.nop
core   0: 3 0x8000028a (0x0001)
core   0: 0x8000028c (0xf9a7c303) lbu     t1, -102(a5)
core   0: 3 0x8000028c (0xf9a7c303) x 6 0x00000018 mem 0x80010a63
core   0: 0x80000290 (0xd2978123) sb      s1, -734(a5)
core   0: 3 0x80000290 (0xd2978123) mem 0x800107eb 0xca
core   0: 0x80000294 (0x20278a83) lb      s5, 514(a5)
core   0: 3 0x80000294 (0x20278a83) x21 0xffffff80 mem 0x80010ccb
core   0: 0x80000298 (0x87f79a83) lh      s5, -1921(a5)
core   0: 3 0x80000298 (0x87f79a83) x21 0x00000203 mem 0x80010348
core   0: 0x8000029c (0x0320be33) mulhu   t3, ra, s2
core   0: 3 0x8000029c (0x0320be33) x28 0x00000000
core   0: 0x800002a0 (0x8f278623) sb      s2, -1812(a5)
core   0: 3 0x800002a0 (0x8f278623) mem 0x800103b5 0x0
core   0: 0x800002a4 (0xaff7cd83) lbu     s11, -1281(a5)
core   0: 3 0x800002a4 (0xaff7cd83) x27 0x00000083 mem 0x800105c8
core   0: 0x800002a8 (0xce678303) lb      t1, -794(a5)
core   0: 3 0x800002a8 (0xce678303) x 6 0x00000064 mem 0x800107af
core   0: 0x800002ac (0x000042b5) c.li    t0, 13
core   0: 3 0x800002ac (0x42b5) x 5 0x0000000d
core   0: 0x800002ae (0x5107ce83) lbu     t4, 1296(a5)
core   0: 3 0x800002ae (0x5107ce83) x29 0x00000092 mem 0x80010fd9
core   0: 0x800002b2 (0x90478f03) lb      t5, -1788(a5)
core   0: 3 0x800002b2 (0x90478f03) x30 0xffffff86 mem 0x800103cd
core   0: 0x800002b6 (0xc2779f03) lh      t5, -985(a5)
core   0: 3 0x800002b6 (0xc2779f03) x30 0xffffaaab mem 0x800106f0
core   0: 0x800002ba (0x9afb4393) xori    t2, s6, -1617
core   0: 3 0x800002ba (0x9afb4393) x 7 0x21fff9af
core   0: 0x800002be (0x0c87c683) lbu     a3, 200(a5)
core   0: 3 0x800002be (0x0c87c683) x13 0x0000004a mem 0x80010b91
core   0: 0x800002c2 (0xb9b7cd03) lbu     s10, -1125(a5)
core   0: 3 0x800002c2 (0xb9b7cd03) x26 0x0000001f mem 0x80010664
core   0: 0x800002c6 (0xfe178083) lb      ra, -31(a5)
core   0: 3 0x800002c6 (0xfe178083) x 1 0x00000061 mem 0x80010aaa
core   0: 0x800002ca (0xb78793a3) sh      s8, -1177(a5)
core   0: 3 0x800002ca (0xb78793a3) mem 0x80010630 0x0002
core   0: 0x800002ce (0x0001d117) auipc   sp, 0x1d
core   0: 3 0x800002ce (0x0001d117) x 2 0x8001d2ce
core   0: 0x800002d2 (0xba310113) addi    sp, sp, -1117
core   0: 3 0x800002d2 (0xba310113) x 2 0x8001ce71
core   0: 0x800002d6 (0xce614d83) lbu     s11, -794(sp)
core   0: 3 0x800002d6 (0xce614d83) x27 0x0000000c mem 0x8001cb57
core   0: 0x800002da (0x5a614b03) lbu     s6, 1446(sp)
core   0: 3 0x800002da (0x5a614b03) x22 0x000000cc mem 0x8001d417
core   0: 0x800002de (0x5a610283) lb      t0, 1446(sp)
core   0: 3 0x800002de (0x5a610283) x 5 0xffffffcc mem 0x8001d417
core   0: 0x800002e2 (0x5a110323) sb      ra, 1446(sp)
core   0: 3 0x800002e2 (0x5a110323) mem 0x8001d417 0x61
core   0: 0x800002e6 (0x8f210403) lb      s0, -1806(sp)
core   0: 3 0x800002e6 (0x8f210403) x 8 0x00000018 mem 0x8001c763
core   0: 0x800002ea (0x02e5f233) remu    tp, a1, a4
core   0: 3 0x800002ea (0x02e5f233) x 4 0x800001ac
core   0: 0x800002ee (0x8f214083) lbu     ra, -1806(sp)
core   0: 3 0x800002ee (0x8f214083) x 1 0x00000018 mem 0x8001c763
core   0: 0x800002f2 (0x01bd1eb3) sll     t4, s10, s11
core   0: 3 0x800002f2 (0x01bd1eb3) x29 0x0001f000
core   0: 0x800002f6 (0x9cf104a3) sb      a5, -1591(sp)
core   0: 3 0x800002f6 (0x9cf104a3) mem 0x8001c83a 0xc9
core   0: 0x800002fa (0x0b512fa3) sw      s5, 191(sp)
core   0: 3 0x800002fa (0x0b512fa3) mem 0x8001cf30 0x00000203
core   0: 0x800002fe (0x301106a3) sb      ra, 781(sp)
core   0: 3 0x800002fe (0x301106a3) mem 0x8001d17e 0x18
core   0: 0x80000302 (0x00814203) lbu     tp, 8(sp)
core   0: 3 0x80000302 (0x00814203) x 4 0x00000032 mem 0x8001ce79
core   0: 0x80000306 (0xeb610c03) lb      s8, -330(sp)
core   0: 3 0x80000306 (0xeb610c03) x24 0xffffffdc mem 0x8001cd27
core   0: 0x8000030a (0xebc10b23) sb      t3, -330(sp)
core   0: 3 0x8000030a (0xebc10b23) mem 0x8001cd27 0x0
core   0: 0x8000030e (0x0359ff33) remu    t5, s3, s5
core   0: 3 0x8000030e (0x0359ff33) x30 0x00000030
core   0: 0x80000312 (0x1991f813) andi    a6, gp, 409
core   0: 3 0x80000312 (0x1991f813) x16 0x00000000
core   0: 0x80000316 (0x00000001) c.nop
core   0: 3 0x80000316 (0x0001)
core   0: 0x80000318 (0x27aeb393) sltiu   t2, t4, 634
core   0: 3 0x80000318 (0x27aeb393) x 7 0x00000000
core   0: 0x8000031c (0x0e315a03) lhu     s4, 227(sp)
core   0: 3 0x8000031c (0x0e315a03) x20 0x00000e0f mem 0x8001cf54
core   0: 0x80000320 (0xe2e14703) lbu     a4, -466(sp)
core   0: 3 0x80000320 (0xe2e14703) x14 0x00000054 mem 0x8001cc9f
core   0: 0x80000324 (0x86f10fa3) sb      a5, -1921(sp)
core   0: 3 0x80000324 (0x86f10fa3) mem 0x8001c6f0 0xc9
core   0: 0x80000328 (0x00020417) auipc   s0, 0x20
core   0: 3 0x80000328 (0x00020417) x 8 0x80020328
core   0: 0x8000032c (0xe7a40413) addi    s0, s0, -390
core   0: 3 0x8000032c (0xe7a40413) x 8 0x800201a2
core   0: 0x80000330 (0x0001db97) auipc   s7, 0x1d
core   0: 3 0x80000330 (0x0001db97) x23 0x8001d330
core   0: 0x80000334 (0xa6cb8b93) addi    s7, s7, -1428
core   0: 3 0x80000334 (0xa6cb8b93) x23 0x8001cd9c
core   0: 0x80000338 (0x00011f97) auipc   t6, 0x11
core   0: 3 0x80000338 (0x00011f97) x31 0x80011338
core   0: 0x8000033c (0x5a6f8f93) addi    t6, t6, 1446
core   0: 3 0x8000033c (0x5a6f8f93) x31 0x800118de
core   0: 0x80000340 (0xf4f44283) lbu     t0, -177(s0)
core   0: 3 0x80000340 (0xf4f44283) x 5 0x000000aa mem 0x800200f1
core   0: 0x80000344 (0x00016697) auipc   a3, 0x16
core   0: 3 0x80000344 (0x00016697) x13 0x80016344
core   0: 0x80000348 (0x9a768693) addi    a3, a3, -1625
core   0: 3 0x80000348 (0x9a768693) x13 0x80015ceb
core   0: 0x8000034c (0xae0f8083) lb      ra, -1312(t6)
core   0: 3 0x8000034c (0xae0f8083) x 1 0x00000075 mem 0x800113be
core   0: 0x80000350 (0x02d44383) lbu     t2, 45(s0)
core   0: 3 0x80000350 (0x02d44383) x 7 0x00000084 mem 0x800201cf
core   0: 0x80000354 (0x9cffc303) lbu     t1, -1585(t6)
core   0: 3 0x80000354 (0x9cffc303) x 6 0x00000066 mem 0x800112ad
core   0: 0x80000358 (0x2e468f23) sb      tp, 766(a3)
core   0: 3 0x80000358 (0x2e468f23) mem 0x80015fe9 0x32
core   0: 0x8000035c (0x0001c797) auipc   a5, 0x1c
core   0: 3 0x8000035c (0x0001c797) x15 0x8001c35c
core   0: 0x80000360 (0xcd378793) addi    a5, a5, -813
core   0: 3 0x80000360 (0xcd378793) x15 0x8001c02f
core   0: 0x80000364 (0x0a045983) lhu     s3, 160(s0)
core   0: 3 0x80000364 (0x0a045983) x19 0x0000f8f9 mem 0x80020242
core   0: 0x80000368 (0x5a9fc383) lbu     t2, 1449(t6)
core   0: 3 0x80000368 (0x5a9fc383) x 7 0x0000003c mem 0x80011e87
core   0: 0x8000036c (0x0b078183) lb      gp, 176(a5)
core   0: 3 0x8000036c (0x0b078183) x 3 0xffffff94 mem 0x8001c0df
core   0: 0x80000370 (0x5ba683a3) sb      s10, 1447(a3)
core   0: 3 0x80000370 (0x5ba683a3) mem 0x80016292 0x1f
core   0: 0x80000374 (0x23ef9f03) lh      t5, 574(t6)
core   0: 3 0x80000374 (0x23ef9f03) x30 0xffffd6d7 mem 0x80011b1c
core   0: 0x80000378 (0xea1f8a23) sb      ra, -332(t6)
core   0: 3 0x80000378 (0xea1f8a23) mem 0x80011792 0x75
core   0: 0x8000037c (0x48ef8983) lb      s3, 1166(t6)
core   0: 3 0x8000037c (0x48ef8983) x19 0x00000027 mem 0x80011d6c
core   0: 0x80000380 (0xc80fc003) lbu     zero, -896(t6)
core   0: 3 0x80000380 (0xc80fc003) mem 0x8001155e
core   0: 0x80000384 (0xf637da83) lhu     s5, -157(a5)
core   0: 3 0x80000384 (0xf637da83) x21 0x00004849 mem 0x8001bf92
core   0: 0x80000388 (0xff0bc003) lbu     zero, -16(s7)
core   0: 3 0x80000388 (0xff0bc003) mem 0x8001cd8c
core   0: 0x8000038c (0xf7744c03) lbu     s8, -137(s0)
core   0: 3 0x8000038c (0xf7744c03) x24 0x000000d2 mem 0x80020119
core   0: 0x80000390 (0x09d7aa83) lw      s5, 157(a5)
core   0: 3 0x80000390 (0x09d7aa83) x21 0x84858687 mem 0x8001c0cc
core   0: 0x80000394 (0x0fd79703) lh      a4, 253(a5)
core   0: 3 0x80000394 (0x0fd79703) x14 0xffffe6e7 mem 0x8001c12c
core   0: 0x80000398 (0x64cf8303) lb      t1, 1612(t6)
core   0: 3 0x80000398 (0x64cf8303) x 6 0xffffffe1 mem 0x80011f2a
core   0: 0x8000039c (0xe2e6cf03) lbu     t5, -466(a3)
core   0: 3 0x8000039c (0xe2e6cf03) x30 0x000000d2 mem 0x80015b19
core   0: 0x800003a0 (0x00d44b03) lbu     s6, 13(s0)
core   0: 3 0x800003a0 (0x00d44b03) x22 0x00000064 mem 0x800201af
core   0: 0x800003a4 (0x001b8903) lb      s2, 1(s7)
core   0: 3 0x800003a4 (0x001b8903) x18 0x00000056 mem 0x8001cd9d
core   0: 0x800003a8 (0xf3078b23) sb      a6, -202(a5)
core   0: 3 0x800003a8 (0xf3078b23) mem 0x8001bf65 0x0
core   0: 0x800003ac (0x0c6400a3) sb      t1, 193(s0)
core   0: 3 0x800003ac (0x0c6400a3) mem 0x80020263 0xe1
core   0: 0x800003b0 (0x7596dc03) lhu     s8, 1881(a3)
core   0: 3 0x800003b0 (0x7596dc03) x24 0x0000feff mem 0x80016444
core   0: 0x800003b4 (0x01fb83a3) sb      t6, 7(s7)
core   0: 3 0x800003b4 (0x01fb83a3) mem 0x8001cda3 0xde
core   0: 0x800003b8 (0xadc6c583) lbu     a1, -1316(a3)
core   0: 3 0x800003b8 (0xadc6c583) x11 0x0000007c mem 0x800157c7
core   0: 0x800003bc (0xf9e44983) lbu     s3, -98(s0)
core   0: 3 0x800003bc (0xf9e44983) x19 0x000000fb mem 0x80020140
core   0: 0x800003c0 (0x00ab8c03) lb      s8, 10(s7)
core   0: 3 0x800003c0 (0x00ab8c03) x24 0x0000005d mem 0x8001cda6
core   0: 0x800003c4 (0xfa778c23) sb      t2, -72(a5)
core   0: 3 0x800003c4 (0xfa778c23) mem 0x8001bfe7 0x3c
core   0: 0x800003c8 (0xcba68603) lb      a2, -838(a3)
core   0: 3 0x800003c8 (0xcba68603) x12 0x0000005e mem 0x800159a5
core   0: 0x800003cc (0xff9bc003) lbu     zero, -7(s7)
core   0: 3 0x800003cc (0xff9bc003) mem 0x8001cd95
core   0: 0x800003d0 (0xf18f8e83) lb      t4, -232(t6)
core   0: 3 0x800003d0 (0xf18f8e83) x29 0xffffffad mem 0x800117f6
core   0: 0x800003d4 (0xf7e42a83) lw      s5, -130(s0)
core   0: 3 0x800003d4 (0xf7e42a83) x21 0xd8d9dadb mem 0x80020120
core   0: 0x800003d8 (0x0ed681a3) sb      a3, 227(a3)
core   0: 3 0x800003d8 (0x0ed681a3) mem 0x80015dce 0xeb
core   0: 0x800003dc (0x007bcb03) lbu     s6, 7(s7)
core   0: 3 0x800003dc (0x007bcb03) x22 0x000000de mem 0x8001cda3
core   0: 0x800003e0 (0xe146c703) lbu     a4, -492(a3)
core   0: 3 0x800003e0 (0xe146c703) x14 0x000000b4 mem 0x80015aff
core   0: 0x800003e4 (0xff6b9e83) lh      t4, -10(s7)
core   0: 3 0x800003e4 (0xff6b9e83) x29 0x00004849 mem 0x8001cd92
core   0: 0x800003e8 (0xf1a784a3) sb      s10, -247(a5)
core   0: 3 0x800003e8 (0xf1a784a3) mem 0x8001bf38 0x1f
core   0: 0x800003ec (0x007bc903) lbu     s2, 7(s7)
core   0: 3 0x800003ec (0x007bc903) x18 0x000000de mem 0x8001cda3
core   0: 0x800003f0 (0xff6b9c03) lh      s8, -10(s7)
core   0: 3 0x800003f0 (0xff6b9c03) x24 0x00004849 mem 0x8001cd92
core   0: 0x800003f4 (0xf6678f03) lb      t5, -154(a5)
core   0: 3 0x800003f4 (0xf6678f03) x30 0x0000004e mem 0x8001bf95
core   0: 0x800003f8 (0x00019617) auipc   a2, 0x19
core   0: 3 0x800003f8 (0x00019617) x12 0x800193f8
core   0: 0x800003fc (0x6ea60613) addi    a2, a2, 1770
core   0: 3 0x800003fc (0x6ea60613) x12 0x80019ae2
core   0: 0x80000400 (0x42964e03) lbu     t3, 1065(a2)
core   0: 3 0x80000400 (0x42964e03) x28 0x000000c0 mem 0x80019f0b
core   0: 0x80000404 (0x33460ba3) sb      s4, 823(a2)
core   0: 3 0x80000404 (0x33460ba3) mem 0x80019e19 0xf
core   0: 0x80000408 (0x00008e1e) c.mv    t3, t2
core   0: 3 0x80000408 (0x8e1e) x28 0x0000003c
core   0: 0x8000040a (0x0273f433) remu    s0, t2, t2
core   0: 3 0x8000040a (0x0273f433) x 8 0x00000000
core   0: 0x8000040e (0x00006b3d) c.lui   s6, 0xf
core   0: 3 0x8000040e (0x6b3d) x22 0x0000f000
core   0: 0x80000410 (0x034a2e33) mulhsu  t3, s4, s4
core   0: 3 0x80000410 (0x034a2e33) x28 0x00000000
core   0: 0x80000414 (0xc0261403) lh      s0, -1022(a2)
core   0: 3 0x80000414 (0xc0261403) x 8 0xffff9e9f mem 0x800196e4
core   0: 0x80000418 (0x08364483) lbu     s1, 131(a2)
core   0: 3 0x80000418 (0x08364483) x 9 0x0000001e mem 0x80019b65
core   0: 0x8000041c (0xae860823) sb      s0, -1296(a2)
core   0: 3 0x8000041c (0xae860823) mem 0x800195d2 0x9f
core   0: 0x80000420 (0x034a73b3) remu    t2, s4, s4
core   0: 3 0x80000420 (0x034a73b3) x 7 0x00000000
core   0: 0x80000424 (0x8ad64483) lbu     s1, -1875(a2)
core   0: 3 0x80000424 (0x8ad64483) x 9 0x00000044 mem 0x8001938f
core   0: 0x80000428 (0x000098fd) c.andi  s1, -1
core   0: 3 0x80000428 (0x98fd) x 9 0x00000044
core   0: 0x8000042a (0xddc61383) lh      t2, -548(a2)
core   0: 3 0x8000042a (0xddc61383) x 7 0x00007475 mem 0x800198be
core   0: 0x8000042e (0xea860ca3) sb      s0, -327(a2)
core   0: 3 0x8000042e (0xea860ca3) mem 0x8001999b 0x9f
core   0: 0x80000432 (0xa2a64e03) lbu     t3, -1494(a2)
core   0: 3 0x80000432 (0xa2a64e03) x28 0x000000c7 mem 0x8001950c
core   0: 0x80000436 (0x668607a3) sb      s0, 1647(a2)
core   0: 3 0x80000436 (0x668607a3) mem 0x8001a151 0x9f
core   0: 0x8000043a (0xb4660403) lb      s0, -1210(a2)
core   0: 3 0x8000043a (0xb4660403) x 8 0xffffffe3 mem 0x80019628
core   0: 0x8000043e (0xa4760a23) sb      t2, -1452(a2)
core   0: 3 0x8000043e (0xa4760a23) mem 0x80019536 0x75
core   0: 0x80000442 (0x0e8600a3) sb      s0, 225(a2)
core   0: 3 0x80000442 (0x0e8600a3) mem 0x80019bc3 0xe3
core   0: 0x80000446 (0x0283e4b3) rem     s1, t2, s0
core   0: 3 0x80000446 (0x0283e4b3) x 9 0x00000001
core   0: 0x8000044a (0x71160403) lb      s0, 1809(a2)
core   0: 3 0x8000044a (0x71160403) x 8 0xffffffa8 mem 0x8001a1f3
core   0: 0x8000044e (0xee964483) lbu     s1, -279(a2)
core   0: 3 0x8000044e (0xee964483) x 9 0x00000080 mem 0x800199cb
core   0: 0x80000452 (0x578a6e13) ori     t3, s4, 1400
core   0: 3 0x80000452 (0x578a6e13) x28 0x00000f7f
core   0: 0x80000456 (0x409403b3) sub     t2, s0, s1
core   0: 3 0x80000456 (0x409403b3) x 7 0xffffff28
core   0: 0x8000045a (0x01c464b3) or      s1, s0, t3
core   0: 3 0x8000045a (0x01c464b3) x 9 0xffffffff
core   0: 0x8000045e (0x01c38b33) add     s6, t2, t3
core   0: 3 0x8000045e (0x01c38b33) x22 0x00000ea7
core   0: 0x80000462 (0x1c860e03) lb      t3, 456(a2)
core   0: 3 0x80000462 (0x1c860e03) x28 0x00000061 mem 0x80019caa
core   0: 0x80000466 (0x7d6600a3) sb      s6, 1985(a2)
core   0: 3 0x80000466 (0x7d6600a3) mem 0x8001a2a3 0xa7
core   0: 0x8000046a (0xb0160403) lb      s0, -1279(a2)
core   0: 3 0x8000046a (0xb0160403) x 8 0xffffff98 mem 0x800195e3
core   0: 0x8000046e (0x5e1b4b37) lui     s6, 0x5e1b4
core   0: 3 0x8000046e (0x5e1b4b37) x22 0x5e1b4000
core   0: 0x80000472 (0x00006b41) c.lui   s6, 0x10
core   0: 3 0x80000472 (0x6b41) x22 0x00010000
core   0: 0x80000474 (0xae164e03) lbu     t3, -1311(a2)
core   0: 3 0x80000474 (0xae164e03) x28 0x00000078 mem 0x800195c3
core   0: 0x80000478 (0x01c3cb33) xor     s6, t2, t3
core   0: 3 0x80000478 (0x01c3cb33) x22 0xffffff50
core   0: 0x8000047c (0xac160a03) lb      s4, -1343(a2)
core   0: 3 0x8000047c (0xac160a03) x20 0x00000058 mem 0x800195a3
core   0: 0x80000480 (0x80d60483) lb      s1, -2035(a2)
core   0: 3 0x80000480 (0x80d60483) x 9 0xffffffa4 mem 0x800192ef
core   0: 0x80000484 (0x6b160b03) lb      s6, 1713(a2)
core   0: 3 0x80000484 (0x6b160b03) x22 0x00000048 mem 0x8001a193
core   0: 0x80000488 (0x01c414b3) sll     s1, s0, t3
core   0: 3 0x80000488 (0x01c414b3) x 9 0x98000000
core   0: 0x8000048c (0x0e460e03) lb      t3, 228(a2)
core   0: 3 0x8000048c (0x0e460e03) x28 0x0000007d mem 0x80019bc6
core   0: 0x80000490 (0xb1f64383) lbu     t2, -1249(a2)
core   0: 3 0x80000490 (0xb1f64383) x 7 0x000000ba mem 0x80019601
core   0: 0x80000494 (0x314607a3) sb      s4, 783(a2)
core   0: 3 0x80000494 (0x314607a3) mem 0x80019df1 0x58
core   0: 0x80000498 (0x647609a3) sb      t2, 1619(a2)
core   0: 3 0x80000498 (0x647609a3) mem 0x8001a135 0xba
core   0: 0x8000049c (0x13a64483) lbu     s1, 314(a2)
core   0: 3 0x8000049c (0x13a64483) x 9 0x000000d7 mem 0x80019c1c
core   0: 0x800004a0 (0x34764b03) lbu     s6, 839(a2)
core   0: 3 0x800004a0 (0x34764b03) x22 0x000000e2 mem 0x80019e29
core   0: 0x800004a4 (0x908608a3) sb      s0, -1775(a2)
core   0: 3 0x800004a4 (0x908608a3) mem 0x800193f3 0x98
core   0: 0x800004a8 (0x00013397) auipc   t2, 0x13
core   0: 3 0x800004a8 (0x00013397) x 7 0x800134a8
core   0: 0x800004ac (0xa9538393) addi    t2, t2, -1387
core   0: 3 0x800004ac (0xa9538393) x 7 0x80012f3d
core   0: 0x800004b0 (0x0313de83) lhu     t4, 49(t2)
core   0: 3 0x800004b0 (0x0313de83) x29 0x00002425 mem 0x80012f6e
core   0: 0x800004b4 (0x0e6393a3) sh      t1, 231(t2)
core   0: 3 0x800004b4 (0x0e6393a3) mem 0x80013024 0xffe1
core   0: 0x800004b8 (0x01bbddb3) srl     s11, s7, s11
core   0: 3 0x800004b8 (0x01bbddb3) x27 0x0008001c
core   0: 0x800004bc (0x07b38283) lb      t0, 123(t2)
core   0: 3 0x800004bc (0x07b38283) x 5 0x00000073 mem 0x80012fb8
core   0: 0x800004c0 (0x0274aa33) mulhsu  s4, s1, t2
core   0: 3 0x800004c0 (0x0274aa33) x20 0x0000006b
core   0: 0x800004c4 (0xfad3ada3) sw      a3, -69(t2)
core   0: 3 0x800004c4 (0xfad3ada3) mem 0x80012ef8 0x80015ceb
core   0: 0x800004c8 (0xf83386a3) sb      gp, -115(t2)
core   0: 3 0x800004c8 (0xf83386a3) mem 0x80012eca 0x94
core   0: 0x800004cc (0x01d7f233) and     tp, a5, t4
core   0: 3 0x800004cc (0x01d7f233) x 4 0x00000025
core   0: 0x800004d0 (0xffb386a3) sb      s11, -19(t2)
core   0: 3 0x800004d0 (0xffb386a3) mem 0x80012f2a 0x1c
core   0: 0x800004d4 (0x01a38d83) lb      s11, 26(t2)
core   0: 3 0x800004d4 (0x01a38d83) x27 0x0000000c mem 0x80012f57
core   0: 0x800004d8 (0xfb63c603) lbu     a2, -74(t2)
core   0: 3 0x800004d8 (0xfb63c603) x12 0x000000a8 mem 0x80012ef3
core   0: 0x800004dc (0xf3a3cb83) lbu     s7, -198(t2)
core   0: 3 0x800004dc (0xf3a3cb83) x23 0x0000002c mem 0x80012e77
core   0: 0x800004e0 (0x000086a9) c.srai  a3, 10
core   0: 3 0x800004e0 (0x86a9) x13 0xffe00057
core   0: 0x800004e2 (0x00000c0c) c.addi4spn a1, sp, 528
core   0: 3 0x800004e2 (0x0c0c) x11 0x8001d081
core   0: 0x800004e4 (0x013c8db3) add     s11, s9, s3
core   0: 3 0x800004e4 (0x013c8db3) x27 0x80029ddf
core   0: 0x800004e8 (0x02d7fbb3) remu    s7, a5, a3
core   0: 3 0x800004e8 (0x02d7fbb3) x23 0x8001c02f
core   0: 0x800004ec (0xf99386a3) sb      s9, -115(t2)
core   0: 3 0x800004ec (0xf99386a3) mem 0x80012eca 0xe4
core   0: 0x800004f0 (0x03b65a33) divu    s4, a2, s11
core   0: 3 0x800004f0 (0x03b65a33) x20 0x00000000
core   0: 0x800004f4 (0xf8338823) sb      gp, -112(t2)
core   0: 3 0x800004f4 (0xf8338823) mem 0x80012ecd 0x94
core   0: 0x800004f8 (0xf3d3c183) lbu     gp, -195(t2)
core   0: 3 0x800004f8 (0xf3d3c183) x 3 0x00000031 mem 0x80012e7a
core   0: 0x800004fc (0x0000807d) c.srli  s0, 31
core   0: 3 0x800004fc (0x807d) x 8 0x00000001
core   0: 0x800004fe (0x0dd3d703) lhu     a4, 221(t2)
core   0: 3 0x800004fe (0x0dd3d703) x14 0x0000d0d1 mem 0x8001301a
core   0: 0x80000502 (0x0bc38923) sb      t3, 178(t2)
core   0: 3 0x80000502 (0x0bc38923) mem 0x80012fef 0x7d
core   0: 0x80000506 (0x0933ae83) lw      t4, 147(t2)
core   0: 3 0x80000506 (0x0933ae83) x29 0x88898a8b mem 0x80012fd0
core   0: 0x8000050a (0x025b5033) divu    zero, s6, t0
core   0: 3 0x8000050a (0x025b5033)
core   0: 0x8000050e (0x034cbdb3) mulhu   s11, s9, s4
core   0: 3 0x8000050e (0x034cbdb3) x27 0x00000000
core   0: 0x80000512 (0x05d38b83) lb      s7, 93(t2)
core   0: 3 0x80000512 (0x05d38b83) x23 0x00000051 mem 0x80012f9a
core   0: 0x80000516 (0x07138803) lb      a6, 113(t2)
core   0: 3 0x80000516 (0x07138803) x16 0x00000065 mem 0x80012fae
core   0: 0x8000051a (0x00008ff5) c.and   a5, a3
core   0: 3 0x8000051a (0x8ff5) x15 0x80000007
core   0: 0x8000051c (0x012a9a13) slli    s4, s5, 18
core   0: 3 0x8000051c (0x012a9a13) x20 0x6b6c0000
core   0: 0x80000520 (0x01651433) sll     s0, a0, s6
core   0: 3 0x80000520 (0x01651433) x 8 0x00000034
core   0: 0x80000524 (0x00008116) c.mv    sp, t0
core   0: 3 0x80000524 (0x8116) x 2 0x00000073
core   0: 0x80000526 (0xf67380a3) sb      t2, -159(t2)
core   0: 3 0x80000526 (0xf67380a3) mem 0x80012e9e 0x3d
core   0: 0x8000052a (0xf343c803) lbu     a6, -204(t2)
core   0: 3 0x8000052a (0xf343c803) x16 0x0000002a mem 0x80012e71
core   0: 0x8000052e (0x00000001) c.nop
core   0: 3 0x8000052e (0x0001)
core   0: 0x80000530 (0xf8938a23) sb      s1, -108(t2)
core   0: 3 0x80000530 (0xf8938a23) mem 0x80012ed1 0xd7
core   0: 0x80000534 (0x08238303) lb      t1, 130(t2)
core   0: 3 0x80000534 (0x08238303) x 6 0x00000074 mem 0x80012fbf
core   0: 0x80000538 (0x000094d2) c.add   s1, s4
core   0: 3 0x80000538 (0x94d2) x 9 0x6b6c00d7
core   0: 0x8000053a (0x00e8e2b3) or      t0, a7, a4
core   0: 3 0x8000053a (0x00e8e2b3) x 5 0x8002def5
core   0: 0x8000053e (0x403e01b3) sub     gp, t3, gp
core   0: 3 0x8000053e (0x403e01b3) x 3 0x0000004c
core   0: 0x80000542 (0x01b3cb83) lbu     s7, 27(t2)
core   0: 3 0x80000542 (0x01b3cb83) x23 0x00000013 mem 0x80012f58
core   0: 0x80000546 (0xbb022493) slti    s1, tp, -1104
core   0: 3 0x80000546 (0xbb022493) x 9 0x00000000
core   0: 0x8000054a (0x0ff0000f) fence   iorw,iorw
core   0: 3 0x8000054a (0x0ff0000f)
core   0: 0x8000054e (0x01fbc833) xor     a6, s7, t6
core   0: 3 0x8000054e (0x01fbc833) x16 0x800118cd
core   0: 0x80000552 (0xfd63c403) lbu     s0, -42(t2)
core   0: 3 0x80000552 (0xfd63c403) x 8 0x000000c8 mem 0x80012f13
core   0: 0x80000556 (0xf13380a3) sb      s3, -255(t2)
core   0: 3 0x80000556 (0xf13380a3) mem 0x80012e3e 0xfb
core   0: 0x8000055a (0xec2d0493) addi    s1, s10, -318
core   0: 3 0x8000055a (0xec2d0493) x 9 0xfffffee1
core   0: 0x8000055e (0x0000167d) c.addi  a2, -1
core   0: 3 0x8000055e (0x167d) x12 0x000000a7
core   0: 0x80000560 (0x0143c983) lbu     s3, 20(t2)
core   0: 3 0x80000560 (0x0143c983) x19 0x0000000a mem 0x80012f51
core   0: 0x80000564 (0xf7c38203) lb      tp, -132(t2)
core   0: 3 0x80000564 (0xf7c38203) x 4 0x00000072 mem 0x80012eb9
core   0: 0x80000568 (0x00018117) auipc   sp, 0x18
core   0: 3 0x80000568 (0x00018117) x 2 0x80018568
core   0: 0x8000056c (0x8b110113) addi    sp, sp, -1871
core   0: 3 0x8000056c (0x8b110113) x 2 0x80017e19
core   0: 0x80000570 (0xf1b110a3) sh      s11, -255(sp)
core   0: 3 0x80000570 (0xf1b110a3) mem 0x80017d1a 0x0000
core   0: 0x80000574 (0x000090ca) c.add   ra, s2
core   0: 3 0x80000574 (0x90ca) x 1 0x00000153
core   0: 0x80000576 (0x00000286) c.slli  t0, 1
core   0: 3 0x80000576 (0x0286) x 5 0x0005bdea
core   0: 0x80000578 (0x8f510183) lb      gp, -1803(sp)
core   0: 3 0x80000578 (0x8f510183) x 3 0xffffffc5 mem 0x8001770e
core   0: 0x8000057c (0x00000392) c.slli  t2, 4
core   0: 3 0x8000057c (0x0392) x 7 0x0012f3d0
core   0: 0x8000057e (0x02316d93) ori     s11, sp, 35
core   0: 3 0x8000057e (0x02316d93) x27 0x80017e3b
core   0: 0x80000582 (0x01191e93) slli    t4, s2, 17
core   0: 3 0x80000582 (0x01191e93) x29 0x01bc0000
core   0: 0x80000586 (0xe5314203) lbu     tp, -429(sp)
core   0: 3 0x80000586 (0xe5314203) x 4 0x00000027 mem 0x80017c6c
core   0: 0x8000058a (0x030097b3) mulh    a5, ra, a6
core   0: 3 0x8000058a (0x030097b3) x15 0xffffff56
core   0: 0x8000058e (0x01ea5e93) srli    t4, s4, 30
core   0: 3 0x8000058e (0x01ea5e93) x29 0x00000001
core   0: 0x80000592 (0x03647eb3) remu    t4, s0, s6
core   0: 3 0x80000592 (0x03647eb3) x29 0x000000c8
core   0: 0x80000596 (0x03714633) div     a2, sp, s7
core   0: 3 0x80000596 (0x03714633) x12 0xf943726e
core   0: 0x8000059a (0x07014d03) lbu     s10, 112(sp)
core   0: 3 0x8000059a (0x07014d03) x26 0x00000042 mem 0x80017e89
core   0: 0x8000059e (0x7af10723) sb      a5, 1966(sp)
core   0: 3 0x8000059e (0x7af10723) mem 0x800185c7 0x56
core   0: 0x800005a2 (0x00008e55) c.or    a2, a3
core   0: 3 0x800005a2 (0x8e55) x12 0xffe3727f
core   0: 0x800005a4 (0x57f66917) auipc   s2, 0x57f66
core   0: 3 0x800005a4 (0x57f66917) x18 0xd7f665a4
core   0: 0x800005a8 (0x40b38333) sub     t1, t2, a1
core   0: 3 0x800005a8 (0x40b38333) x 6 0x8011234f
core   0: 0x800005ac (0x23315083) lhu     ra, 563(sp)
core   0: 3 0x800005ac (0x23315083) x 1 0x00000607 mem 0x8001804c
core   0: 0x800005b0 (0x40315193) srai    gp, sp, 3
core   0: 3 0x800005b0 (0x40315193) x 3 0xf0002fc3
core   0: 0x800005b4 (0x01930e33) add     t3, t1, s9
core   0: 3 0x800005b4 (0x01930e33) x28 0x0013c033
core   0: 0x800005b8 (0xef312803) lw      a6, -269(sp)
core   0: 3 0x800005b8 (0xef312803) x16 0xc4c5c6c7 mem 0x80017d0c
core   0: 0x800005bc (0x00e785b3) add     a1, a5, a4
core   0: 3 0x800005bc (0x00e785b3) x11 0x0000d027
core   0: 0x800005c0 (0x0396c433) div     s0, a3, s9
core   0: 3 0x800005c0 (0x0396c433) x 8 0x00000000
core   0: 0x800005c4 (0x09f15703) lhu     a4, 159(sp)
core   0: 3 0x800005c4 (0x09f15703) x14 0x00007273 mem 0x80017eb8
core   0: 0x800005c8 (0x00008b41) c.andi  a4, 16
core   0: 3 0x800005c8 (0x8b41) x14 0x00000010
core   0: 0x800005ca (0x00009eb2) c.add   t4, a2
core   0: 3 0x800005ca (0x9eb2) x29 0xffe37347
core   0: 0x800005cc (0x00210023) sb      sp, 0(sp)
core   0: 3 0x800005cc (0x00210023) mem 0x80017e19 0x19
core   0: 0x800005d0 (0x035f0c33) mul     s8, t5, s5
core   0: 3 0x800005d0 (0x035f0c33) x24 0x1260aeba
core   0: 0x800005d4 (0x59a10983) lb      s3, 1434(sp)
core   0: 3 0x800005d4 (0x59a10983) x19 0x00000068 mem 0x800183b3
core   0: 0x800005d8 (0xab710b23) sb      s7, -1354(sp)
core   0: 3 0x800005d8 (0xab710b23) mem 0x800178cf 0x13
core   0: 0x800005dc (0x0001ba17) auipc   s4, 0x1b
core   0: 3 0x800005dc (0x0001ba17) x20 0x8001b5dc
core   0: 0x800005e0 (0x333a0a13) addi    s4, s4, 819
core   0: 3 0x800005e0 (0x333a0a13) x20 0x8001b90f
core   0: 0x800005e4 (0x03ba0aa3) sb      s11, 53(s4)
core   0: 3 0x800005e4 (0x03ba0aa3) mem 0x8001b944 0x3b
core   0: 0x800005e8 (0x00010b17) auipc   s6, 0x10
core   0: 3 0x800005e8 (0x00010b17) x22 0x800105e8
core   0: 0x800005ec (0xe94b0b13) addi    s6, s6, -364
core   0: 3 0x800005ec (0xe94b0b13) x22 0x8001047c
core   0: 0x800005f0 (0xfe6a0903) lb      s2, -26(s4)
core   0: 3 0x800005f0 (0xfe6a0903) x18 0xffffffae mem 0x8001b8f5
core   0: 0x800005f4 (0xf3eb1d03) lh      s10, -194(s6)
core   0: 3 0x800005f4 (0xf3eb1d03) x26 0x00007071 mem 0x800103ba
core   0: 0x800005f8 (0xfbfb0903) lb      s2, -65(s6)
core   0: 3 0x800005f8 (0xfbfb0903) x18 0xfffffff0 mem 0x8001043b
core   0: 0x800005fc (0x03aa4b83) lbu     s7, 58(s4)
core   0: 3 0x800005fc (0x03aa4b83) x23 0x00000002 mem 0x8001b949
core   0: 0x80000600 (0x020a2ea3) sw      zero, 61(s4)
core   0: 3 0x80000600 (0x020a2ea3) mem 0x8001b94c 0x00000000
core   0: 0x80000604 (0xfc9a5783) lhu     a5, -55(s4)
core   0: 3 0x80000604 (0xfc9a5783) x15 0x00009293 mem 0x8001b8d8
core   0: 0x80000608 (0xf71b1323) sh      a7, -154(s6)
core   0: 3 0x80000608 (0xf71b1323) mem 0x800103e2 0x5e64
core   0: 0x8000060c (0xfe0a0b23) sb      zero, -10(s4)
core   0: 3 0x8000060c (0xfe0a0b23) mem 0x8001b905 0x0
core   0: 0x80000610 (0x0beb5703) lhu     a4, 190(s6)
core   0: 3 0x80000610 (0x0beb5703) x14 0x0000f0f1 mem 0x8001053a
core   0: 0x80000614 (0x0e2b5f03) lhu     t5, 226(s6)
core   0: 3 0x80000614 (0x0e2b5f03) x30 0x00001415 mem 0x8001055e
core   0: 0x80000618 (0x00012117) auipc   sp, 0x12
core   0: 3 0x80000618 (0x00012117) x 2 0x80012618
core   0: 0x8000061c (0xd6210113) addi    sp, sp, -670
core   0: 3 0x8000061c (0xd6210113) x 2 0x8001237a
core   0: 0x80000620 (0xef015983) lhu     s3, -272(sp)
core   0: 3 0x80000620 (0xef015983) x19 0x00002021 mem 0x8001226a
core   0: 0x80000624 (0x2d5e8193) addi    gp, t4, 725
core   0: 3 0x80000624 (0x2d5e8193) x 3 0xffe3761c
core   0: 0x80000628 (0x4041de13) srai    t3, gp, 4
core   0: 3 0x80000628 (0x4041de13) x28 0xfffe3761
core   0: 0x8000062c (0xee710823) sb      t2, -272(sp)
core   0: 3 0x8000062c (0xee710823) mem 0x8001226a 0xd0
core   0: 0x80000630 (0xef015703) lhu     a4, -272(sp)
core   0: 3 0x80000630 (0xef015703) x14 0x000020d0 mem 0x8001226a
core   0: 0x80000634 (0x00ed9433) sll     s0, s11, a4
core   0: 3 0x80000634 (0x00ed9433) x 8 0x7e3b0000
core   0: 0x80000638 (0xef015603) lhu     a2, -272(sp)
core   0: 3 0x80000638 (0xef015603) x12 0x000020d0 mem 0x8001226a
core   0: 0x8000063c (0xc7412d23) sw      s4, -902(sp)
core   0: 3 0x8000063c (0xc7412d23) mem 0x80011ff4 0x8001b90f
core   0: 0x80000640 (0x000911b3) sll     gp, s2, zero
core   0: 3 0x80000640 (0x000911b3) x 3 0xfffffff0
core   0: 0x80000644 (0xc7a12f03) lw      t5, -902(sp)
core   0: 3 0x80000644 (0xc7a12f03) x30 0x8001b90f mem 0x80011ff4
core   0: 0x80000648 (0x80815f03) lhu     t5, -2040(sp)
core   0: 3 0x80000648 (0x80815f03) x30 0x00003839 mem 0x80011b82
core   0: 0x8000064c (0x81110423) sb      a7, -2040(sp)
core   0: 3 0x8000064c (0x81110423) mem 0x80011b82 0x64
core   0: 0x80000650 (0x80710423) sb      t2, -2040(sp)
core   0: 3 0x80000650 (0x80710423) mem 0x80011b82 0xd0
core   0: 0x80000654 (0x80811d03) lh      s10, -2040(sp)
core   0: 3 0x80000654 (0x80811d03) x26 0x000038d0 mem 0x80011b82
core   0: 0x80000658 (0x80811203) lh      tp, -2040(sp)
core   0: 3 0x80000658 (0x80811203) x 4 0x000038d0 mem 0x80011b82
core   0: 0x8000065c (0x80c11423) sh      a2, -2040(sp)
core   0: 3 0x8000065c (0x80c11423) mem 0x80011b82 0x20d0
core   0: 0x80000660 (0x00011397) auipc   t2, 0x11
core   0: 3 0x80000660 (0x00011397) x 7 0x80011660
core   0: 0x80000664 (0x82a38393) addi    t2, t2, -2006
core   0: 3 0x80000664 (0x82a38393) x 7 0x80010e8a
core   0: 0x80000668 (0x0344ac33) mulhsu  s8, s1, s4
core   0: 3 0x80000668 (0x0344ac33) x24 0xffffff70
core   0: 0x8000066c (0xcea3da83) lhu     s5, -790(t2)
core   0: 3 0x8000066c (0xcea3da83) x21 0x00002e2f mem 0x80010b74
core   0: 0x80000670 (0x034a1e33) mulh    t3, s4, s4
core   0: 3 0x80000670 (0x034a1e33) x28 0x3ffe46f3
core   0: 0x80000674 (0xb3c38823) sb      t3, -1232(t2)
core   0: 3 0x80000674 (0xb3c38823) mem 0x800109ba 0xf3
core   0: 0x80000678 (0x006a1713) slli    a4, s4, 6
core   0: 3 0x80000678 (0x006a1713) x14 0x006e43c0
core   0: 0x8000067c (0x00005afd) c.li    s5, -1
core   0: 3 0x8000067c (0x5afd) x21 0xffffffff
core   0: 0x8000067e (0x0bf3ca83) lbu     s5, 191(t2)
core   0: 3 0x8000067e (0x0bf3ca83) x21 0x00000002 mem 0x80010f49
core   0: 0x80000682 (0x034a9c33) mulh    s8, s5, s4
core   0: 3 0x80000682 (0x034a9c33) x24 0xffffffff
core   0: 0x80000686 (0xa4239a03) lh      s4, -1470(t2)
core   0: 3 0x80000686 (0xa4239a03) x20 0xffff8687 mem 0x800108cc
core   0: 0x8000068a (0x00008f79) c.and   a4, a4
core   0: 3 0x8000068a (0x8f79) x14 0x006e43c0
core   0: 0x8000068c (0xb993cc03) lbu     s8, -1127(t2)
core   0: 3 0x8000068c (0xb993cc03) x24 0x000000d8 mem 0x80010a23
core   0: 0x80000690 (0x8e9386a3) sb      s1, -1811(t2)
core   0: 3 0x80000690 (0x8e9386a3) mem 0x80010777 0xe1
core   0: 0x80000694 (0x000094d6) c.add   s1, s5
core   0: 3 0x80000694 (0x94d6) x 9 0xfffffee3
core   0: 0x80000696 (0x4074dc13) srai    s8, s1, 7
core   0: 3 0x80000696 (0x4074dc13) x24 0xfffffffd
core   0: 0x8000069a (0x0384e4b3) rem     s1, s1, s8
core   0: 3 0x8000069a (0x0384e4b3) x 9 0x00000000
core   0: 0x8000069e (0x24cab493) sltiu   s1, s5, 588
core   0: 3 0x8000069e (0x24cab493) x 9 0x00000001
core   0: 0x800006a2 (0xc8e254b7) lui     s1, 0xc8e25
core   0: 3 0x800006a2 (0xc8e254b7) x 9 0xc8e25000
core   0: 0x800006a6 (0x98bc3e13) sltiu   t3, s8, -1653
core   0: 3 0x800006a6 (0x98bc3e13) x28 0x00000000
core   0: 0x800006aa (0xbd4383a3) sb      s4, -1081(t2)
core   0: 3 0x800006aa (0xbd4383a3) mem 0x80010a51 0x87
core   0: 0x800006ae (0x000084f1) c.srai  s1, 28
core   0: 3 0x800006ae (0x84f1) x 9 0xfffffffc
core   0: 0x800006b0 (0x886aa493) slti    s1, s5, -1914
core   0: 3 0x800006b0 (0x886aa493) x 9 0x00000000
core   0: 0x800006b4 (0x00571a13) slli    s4, a4, 5
core   0: 3 0x800006b4 (0x00571a13) x20 0x0dc87800
core   0: 0x800006b8 (0xd8bc4c13) xori    s8, s8, -629
core   0: 3 0x800006b8 (0xd8bc4c13) x24 0x00000276
core   0: 0x800006bc (0x00000001) c.nop
core   0: 3 0x800006bc (0x0001)
core   0: 0x800006be (0x07838da3) sb      s8, 123(t2)
core   0: 3 0x800006be (0x07838da3) mem 0x80010f05 0x76
core   0: 0x800006c2 (0xf753c703) lbu     a4, -139(t2)
core   0: 3 0x800006c2 (0xf753c703) x14 0x000000b4 mem 0x80010dff
core   0: 0x800006c6 (0x02ec1a33) mulh    s4, s8, a4
core   0: 3 0x800006c6 (0x02ec1a33) x20 0x00000000
core   0: 0x800006ca (0x0000073a) c.slli  a4, 14
core   0: 3 0x800006ca (0x073a) x14 0x002d0000
core   0: 0x800006cc (0x00ea44b3) xor     s1, s4, a4
core   0: 3 0x800006cc (0x00ea44b3) x 9 0x002d0000
core   0: 0x800006d0 (0x01ca0733) add     a4, s4, t3
core   0: 3 0x800006d0 (0x01ca0733) x14 0x00000000
core   0: 0x800006d4 (0x9f23da03) lhu     s4, -1550(t2)
core   0: 3 0x800006d4 (0x9f23da03) x20 0x00003637 mem 0x8001087c
core   0: 0x800006d8 (0x00000001) c.nop
core   0: 3 0x800006d8 (0x0001)
core   0: 0x800006da (0xc313c703) lbu     a4, -975(t2)
core   0: 3 0x800006da (0xc313c703) x14 0x00000070 mem 0x80010abb
core   0: 0x800006de (0x00020f97) auipc   t6, 0x20
core   0: 3 0x800006de (0x00020f97) x31 0x800206de
core   0: 0x800006e2 (0x174f8f93) addi    t6, t6, 372
core   0: 3 0x800006e2 (0x174f8f93) x31 0x80020852
core   0: 0x800006e6 (0x00000f5e) c.slli  t5, 23
core   0: 3 0x800006e6 (0x0f5e) x30 0x1c800000
core   0: 0x800006e8 (0xff0fcd03) lbu     s10, -16(t6)
core   0: 3 0x800006e8 (0xff0fcd03) x26 0x000000f9 mem 0x80020842
core   0: 0x800006ec (0x0000100f) fence.i
core   0: 3 0x800006ec (0x0000100f)
core   0: 0x800006f0 (0xfe0f8aa3) sb      zero, -11(t6)
core   0: 3 0x800006f0 (0xfe0f8aa3) mem 0x80020847 0x0
core   0: 0x800006f4 (0xfecf8f23) sb      a2, -2(t6)
core   0: 3 0x800006f4 (0xfecf8f23) mem 0x80020850 0xd0
core   0: 0x800006f8 (0xff8f9d03) lh      s10, -8(t6)
core   0: 3 0x800006f8 (0xff8f9d03) x26 0x00000001 mem 0x8002084a
core   0: 0x800006fc (0x00ca3033) sltu    zero, s4, a2
core   0: 3 0x800006fc (0x00ca3033)
core   0: 0x80000700 (0xff0fdf03) lhu     t5, -16(t6)
core   0: 3 0x80000700 (0xff0fdf03) x30 0x0000f8f9 mem 0x80020842
core   0: 0x80000704 (0x00008c51) c.or    s0, a2
core   0: 3 0x80000704 (0x8c51) x 8 0x7e3b20d0
core   0: 0x80000706 (0xffcf9403) lh      s0, -4(t6)
core   0: 3 0x80000706 (0xffcf9403) x 8 0x00000405 mem 0x8002084e
core   0: 0x8000070a (0x855bad17) auipc   s10, 0x855ba
core   0: 3 0x8000070a (0x855bad17) x26 0x055ba70a
core   0: 0x8000070e (0x00000001) c.nop
core   0: 3 0x8000070e (0x0001)
core   0: 0x80000710 (0xfe8f8ca3) sb      s0, -7(t6)
core   0: 3 0x80000710 (0xfe8f8ca3) mem 0x8002084b 0x5
core   0: 0x80000714 (0x008f8d03) lb      s10, 8(t6)
core   0: 3 0x80000714 (0x008f8d03) x26 0x00000011 mem 0x8002085a
core   0: 0x80000718 (0x0000100f) fence.i
core   0: 3 0x80000718 (0x0000100f)
core   0: 0x8000071c (0xd2762f13) slti    t5, a2, -729
core   0: 3 0x8000071c (0xd2762f13) x30 0x00000000
core   0: 0x80000720 (0x03e64a33) div     s4, a2, t5
core   0: 3 0x80000720 (0x03e64a33) x20 0xffffffff
core   0: 0x80000724 (0xffdf8d03) lb      s10, -3(t6)
core   0: 3 0x80000724 (0xffdf8d03) x26 0x00000004 mem 0x8002084f
core   0: 0x80000728 (0x003fc603) lbu     a2, 3(t6)
core   0: 3 0x80000728 (0x003fc603) x12 0x0000000e mem 0x80020855
core   0: 0x8000072c (0x00008e01) c.sub   a2, s0
core   0: 3 0x8000072c (0x8e01) x12 0xfffffc09
core   0: 0x8000072e (0xffefa003) lw      zero, -2(t6)
core   0: 3 0x8000072e (0xffefa003) mem 0x80020850
core   0: 0x80000732 (0xffefa603) lw      a2, -2(t6)
core   0: 3 0x80000732 (0xffefa603) x12 0x08090ad0 mem 0x80020850
core   0: 0x80000736 (0xffbfcd03) lbu     s10, -5(t6)
core   0: 3 0x80000736 (0xffbfcd03) x26 0x00000006 mem 0x8002084d
core   0: 0x8000073a (0xffdf8d03) lb      s10, -3(t6)
core   0: 3 0x8000073a (0xffdf8d03) x26 0x00000004 mem 0x8002084f
core   0: 0x8000073e (0xffef9003) lh      zero, -2(t6)
core   0: 3 0x8000073e (0xffef9003) mem 0x80020850
core   0: 0x80000742 (0x00006a69) c.lui   s4, 0x1a
core   0: 3 0x80000742 (0x6a69) x20 0x0001a000
core   0: 0x80000744 (0x002fdf03) lhu     t5, 2(t6)
core   0: 3 0x80000744 (0x002fdf03) x30 0x00000e0f mem 0x80020854
core   0: 0x80000748 (0x00cf5d33) srl     s10, t5, a2
core   0: 3 0x80000748 (0x00cf5d33) x26 0x00000000
core   0: 0x8000074c (0x0000846a) c.mv    s0, s10
core   0: 3 0x8000074c (0x846a) x 8 0x00000000
core   0: 0x8000074e (0x0000862d) c.srai  a2, 11
core   0: 3 0x8000074e (0x862d) x12 0x00010121
core   0: 0x80000750 (0x00afdd03) lhu     s10, 10(t6)
core   0: 3 0x80000750 (0x00afdd03) x26 0x00001617 mem 0x8002085c
core   0: 0x80000754 (0xffaf8da3) sb      s10, -5(t6)
core   0: 3 0x80000754 (0xffaf8da3) mem 0x8002084d 0x17
core   0: 0x80000758 (0x00008c11) c.sub   s0, a2
core   0: 3 0x80000758 (0x8c11) x 8 0xfffefedf
core   0: 0x8000075a (0x40065433) sra     s0, a2, zero
core   0: 3 0x8000075a (0x40065433) x 8 0x00010121
core   0: 0x8000075e (0xffefdd03) lhu     s10, -2(t6)
core   0: 3 0x8000075e (0xffefdd03) x26 0x00000ad0 mem 0x80020850
core   0: 0x80000762 (0xffffc003) lbu     zero, -1(t6)
core   0: 3 0x80000762 (0xffffc003) mem 0x80020851
core   0: 0x80000766 (0x007fc603) lbu     a2, 7(t6)
core   0: 3 0x80000766 (0x007fc603) x12 0x00000012 mem 0x80020859
core   0: 0x8000076a (0x020a5f33) divu    t5, s4, zero
core   0: 3 0x8000076a (0x020a5f33) x30 0xffffffff
core   0: 0x8000076e (0x01ef9523) sh      t5, 10(t6)
core   0: 3 0x8000076e (0x01ef9523) mem 0x8002085c 0xffff
core   0: 0x80000772 (0x03e66433) rem     s0, a2, t5
core   0: 3 0x80000772 (0x03e66433) x 8 0x00000000
core   0: 0x80000776 (0x005fc003) lbu     zero, 5(t6)
core   0: 3 0x80000776 (0x005fc003) mem 0x80020857
core   0: 0x8000077a (0x034a4033) div     zero, s4, s4
core   0: 3 0x8000077a (0x034a4033)
core   0: 0x8000077e (0x00006a15) c.lui   s4, 0x5
core   0: 3 0x8000077e (0x6a15) x20 0x00005000
core   0: 0x80000780 (0xff0fdd03) lhu     s10, -16(t6)
core   0: 3 0x80000780 (0xff0fdd03) x26 0x0000f8f9 mem 0x80020842
core   0: 0x80000784 (0x9c2aaf37) lui     t5, 0x9c2aa
core   0: 3 0x80000784 (0x9c2aaf37) x30 0x9c2aa000
core   0: 0x80000788 (0x01e60a33) add     s4, a2, t5
core   0: 3 0x80000788 (0x01e60a33) x20 0x9c2aa012
core   0: 0x8000078c (0xff1f8003) lb      zero, -15(t6)
core   0: 3 0x8000078c (0xff1f8003) mem 0x80020843
core   0: 0x80000790 (0x00009a22) c.add   s4, s0
core   0: 3 0x80000790 (0x9a22) x20 0x9c2aa012
core   0: 0x80000792 (0x6d3a4a13) xori    s4, s4, 1747
core   0: 3 0x80000792 (0x6d3a4a13) x20 0x9c2aa6c1
core   0: 0x80000796 (0x028a0433) mul     s0, s4, s0
core   0: 3 0x80000796 (0x028a0433) x 8 0x00000000
core   0: 0x8000079a (0x00009d22) c.add   s10, s0
core   0: 3 0x8000079a (0x9d22) x26 0x0000f8f9
core   0: 0x8000079c (0xff4f8ca3) sb      s4, -7(t6)
core   0: 3 0x8000079c (0xff4f8ca3) mem 0x8002084b 0xc1
core   0: 0x800007a0 (0x65306013) ori     zero, zero, 1619
core   0: 3 0x800007a0 (0x65306013)
core   0: 0x800007a4 (0xffef8aa3) sb      t5, -11(t6)
core   0: 3 0x800007a4 (0xffef8aa3) mem 0x80020847 0x0
core   0: 0x800007a8 (0x0001eb97) auipc   s7, 0x1e
core   0: 3 0x800007a8 (0x0001eb97) x23 0x8001e7a8
core   0: 0x800007ac (0xcd8b8b93) addi    s7, s7, -808
core   0: 3 0x800007ac (0xcd8b8b93) x23 0x8001e480
core   0: 0x800007b0 (0xffdb8f03) lb      t5, -3(s7)
core   0: 3 0x800007b0 (0xffdb8f03) x30 0x00000036 mem 0x8001e47d
core   0: 0x800007b4 (0xfd8b9a83) lh      s5, -40(s7)
core   0: 3 0x800007b4 (0xfd8b9a83) x21 0x00001213 mem 0x8001e458
core   0: 0x800007b8 (0xfcbb8c23) sb      a1, -40(s7)
core   0: 3 0x800007b8 (0xfcbb8c23) mem 0x8001e458 0x27
core   0: 0x800007bc (0x00008459) c.srai  s0, 22
core   0: 3 0x800007bc (0x8459) x 8 0x00000000
core   0: 0x800007be (0xff2bd183) lhu     gp, -14(s7)
core   0: 3 0x800007be (0xff2bd183) x 3 0x00002829 mem 0x8001e472
core   0: 0x800007c2 (0xfe8ba583) lw      a1, -24(s7)
core   0: 3 0x800007c2 (0xfe8ba583) x11 0x20212223 mem 0x8001e468
core   0: 0x800007c6 (0xfe8b8983) lb      s3, -24(s7)
core   0: 3 0x800007c6 (0xfe8b8983) x19 0x00000023 mem 0x8001e468
core   0: 0x800007ca (0xfe8ba483) lw      s1, -24(s7)
core   0: 3 0x800007ca (0xfe8ba483) x 9 0x20212223 mem 0x8001e468
core   0: 0x800007ce (0xfebb9423) sh      a1, -24(s7)
core   0: 3 0x800007ce (0xfebb9423) mem 0x8001e468 0x2223
core   0: 0x800007d2 (0xff4b9a23) sh      s4, -12(s7)
core   0: 3 0x800007d2 (0xff4b9a23) mem 0x8001e474 0xa6c1
core   0: 0x800007d6 (0xffcb8723) sb      t3, -18(s7)
core   0: 3 0x800007d6 (0xffcb8723) mem 0x8001e46e 0x0
core   0: 0x800007da (0x011b83a3) sb      a7, 7(s7)
core   0: 3 0x800007da (0x011b83a3) mem 0x8001e487 0x64
core   0: 0x800007de (0x009b8803) lb      a6, 9(s7)
core   0: 3 0x800007de (0x009b8803) x16 0x00000042 mem 0x8001e489
core   0: 0x800007e2 (0xff7b8da3) sb      s7, -5(s7)
core   0: 3 0x800007e2 (0xff7b8da3) mem 0x8001e47b 0x80
core   0: 0x800007e6 (0xfe2b84a3) sb      sp, -23(s7)
core   0: 3 0x800007e6 (0xfe2b84a3) mem 0x8001e469 0x7a
core   0: 0x800007ea (0xfe4b84a3) sb      tp, -23(s7)
core   0: 3 0x800007ea (0xfe4b84a3) mem 0x8001e469 0xd0
core   0: 0x800007ee (0x405e50b3) sra     ra, t3, t0
core   0: 3 0x800007ee (0x405e50b3) x 1 0x00000000
core   0: 0x800007f2 (0xfe9bcb03) lbu     s6, -23(s7)
core   0: 3 0x800007f2 (0xfe9bcb03) x22 0x000000d0 mem 0x8001e469
core   0: 0x800007f6 (0x40e75593) srai    a1, a4, 14
core   0: 3 0x800007f6 (0x40e75593) x11 0x00000000
core   0: 0x800007fa (0xfddbc083) lbu     ra, -35(s7)
core   0: 3 0x800007fa (0xfddbc083) x 1 0x00000016 mem 0x8001e45d
core   0: 0x800007fe (0x5825aab7) lui     s5, 0x5825a
core   0: 3 0x800007fe (0x5825aab7) x21 0x5825a000
core   0: 0x80000802 (0xfddb8f03) lb      t5, -35(s7)
core   0: 3 0x80000802 (0xfddb8f03) x30 0x00000016 mem 0x8001e45d
core   0: 0x80000806 (0xafd36693) ori     a3, t1, -1283
core   0: 3 0x80000806 (0xafd36693) x13 0xfffffbff
core   0: 0x8000080a (0x008bd803) lhu     a6, 8(s7)
core   0: 3 0x8000080a (0x008bd803) x16 0x00004243 mem 0x8001e488
core   0: 0x8000080e (0x026effb3) remu    t6, t4, t1
core   0: 3 0x8000080e (0x026effb3) x31 0x7fd24ff8
core   0: 0x80000812 (0x014b80a3) sb      s4, 1(s7)
core   0: 3 0x80000812 (0x014b80a3) mem 0x8001e481 0xc1
core   0: 0x80000816 (0x00010397) auipc   t2, 0x10
core   0: 3 0x80000816 (0x00010397) x 7 0x80010816
core   0: 0x8000081a (0x76238393) addi    t2, t2, 1890
core   0: 3 0x8000081a (0x76238393) x 7 0x80010f78
core   0: 0x8000081e (0x00010e97) auipc   t4, 0x10
core   0: 3 0x8000081e (0x00010e97) x29 0x8001081e
core   0: 0x80000822 (0xa3de8e93) addi    t4, t4, -1475
core   0: 3 0x80000822 (0xa3de8e93) x29 0x8001025b
core   0: 0x80000826 (0x00010617) auipc   a2, 0x10
core   0: 3 0x80000826 (0x00010617) x12 0x80010826
core   0: 0x8000082a (0x2c360613) addi    a2, a2, 707
core   0: 3 0x8000082a (0x2c360613) x12 0x80010ae9
core   0: 0x8000082e (0xf6760523) sb      t2, -150(a2)
core   0: 3 0x8000082e (0xf6760523) mem 0x80010a53 0x78
core   0: 0x80000832 (0xfec38923) sb      a2, -14(t2)
core   0: 3 0x80000832 (0xfec38923) mem 0x80010f6a 0xe9
core   0: 0x80000836 (0xf18ec483) lbu     s1, -232(t4)
core   0: 3 0x80000836 (0xf18ec483) x 9 0x00000028 mem 0x80010173
core   0: 0x8000083a (0xfbd60c03) lb      s8, -67(a2)
core   0: 3 0x8000083a (0xfbd60c03) x24 0x0000005d mem 0x80010aa6
core   0: 0x8000083e (0xff13cd83) lbu     s11, -15(t2)
core   0: 3 0x8000083e (0xff13cd83) x27 0x00000022 mem 0x80010f69
core   0: 0x80000842 (0xff438483) lb      s1, -12(t2)
core   0: 3 0x80000842 (0xff438483) x 9 0x00000027 mem 0x80010f6c
core   0: 0x80000846 (0x233e8a83) lb      s5, 563(t4)
core   0: 3 0x80000846 (0x233e8a83) x21 0x00000045 mem 0x8001048e
core   0: 0x8000084a (0x055600a3) sb      s5, 65(a2)
core   0: 3 0x8000084a (0x055600a3) mem 0x80010b2a 0x45
core   0: 0x8000084e (0xf7960a23) sb      s9, -140(a2)
core   0: 3 0x8000084e (0xf7960a23) mem 0x80010a5d 0xe4
core   0: 0x80000852 (0x055e9403) lh      s0, 85(t4)
core   0: 3 0x80000852 (0x055e9403) x 8 0x00006a6b mem 0x800102b0
core   0: 0x80000856 (0x00d3c083) lbu     ra, 13(t2)
core   0: 3 0x80000856 (0x00d3c083) x 1 0x0000003e mem 0x80010f85
core   0: 0x8000085a (0x501ea783) lw      a5, 1281(t4)
core   0: 3 0x8000085a (0x501ea783) x15 0x14151617 mem 0x8001075c
core   0: 0x8000085e (0xffe3da83) lhu     s5, -2(t2)
core   0: 3 0x8000085e (0xffe3da83) x21 0x00002c2d mem 0x80010f76
core   0: 0x80000862 (0x55ee99a3) sh      t5, 1363(t4)
core   0: 3 0x80000862 (0x55ee99a3) mem 0x800107ae 0x0016
core   0: 0x80000866 (0xffa3c803) lbu     a6, -6(t2)
core   0: 3 0x80000866 (0xffa3c803) x16 0x00000029 mem 0x80010f72
core   0: 0x8000086a (0xf91eaa03) lw      s4, -111(t4)
core   0: 3 0x8000086a (0xf91eaa03) x20 0xa4a5a6a7 mem 0x800101ec
core   0: 0x8000086e (0xf0660723) sb      t1, -242(a2)
core   0: 3 0x8000086e (0xf0660723) mem 0x800109f7 0x4f
core   0: 0x80000872 (0xfa961783) lh      a5, -87(a2)
core   0: 3 0x80000872 (0xfa961783) x15 0x00004849 mem 0x80010a92
core   0: 0x80000876 (0xf1161a83) lh      s5, -239(a2)
core   0: 3 0x80000876 (0xf1161a83) x21 0xffffb0b1 mem 0x800109fa
core   0: 0x8000087a (0x00b38783) lb      a5, 11(t2)
core   0: 3 0x8000087a (0x00b38783) x15 0x00000038 mem 0x80010f83
core   0: 0x8000087e (0x00a3df83) lhu     t6, 10(t2)
core   0: 3 0x8000087e (0x00a3df83) x31 0x00003839 mem 0x80010f82
core   0: 0x80000882 (0x00a3c783) lbu     a5, 10(t2)
core   0: 3 0x80000882 (0x00a3c783) x15 0x00000039 mem 0x80010f82
core   0: 0x80000886 (0xfc165203) lhu     tp, -63(a2)
core   0: 3 0x80000886 (0xfc165203) x 4 0x00006061 mem 0x80010aaa
core   0: 0x8000088a (0x0063c183) lbu     gp, 6(t2)
core   0: 3 0x8000088a (0x0063c183) x 3 0x00000035 mem 0x80010f7e
core   0: 0x8000088e (0x7f3e8a23) sb      s3, 2036(t4)
core   0: 3 0x8000088e (0x7f3e8a23) mem 0x80010a4f 0x23
core   0: 0x80000892 (0x18bed903) lhu     s2, 395(t4)
core   0: 3 0x80000892 (0x18bed903) x18 0x00009c9d mem 0x800103e6
core   0: 0x80000896 (0x02fe8b23) sb      a5, 54(t4)
core   0: 3 0x80000896 (0x02fe8b23) mem 0x80010291 0x39
core   0: 0x8000089a (0xffd00713) li      a4, -3
core   0: 3 0x8000089a (0xffd00713) x14 0xfffffffd
core   0: 0x8000089e (0x41365193) srai    gp, a2, 19
core   0: 3 0x8000089e (0x41365193) x 3 0xfffff000
core   0: 0x800008a2 (0x00000001) c.nop
core   0: 3 0x800008a2 (0x0001)
core   0: 0x800008a4 (0x00008079) c.srli  s0, 30
core   0: 3 0x800008a4 (0x8079) x 8 0x00000000
core   0: 0x800008a6 (0x2580d197) auipc   gp, 0x2580d
core   0: 3 0x800008a6 (0x2580d197) x 3 0xa580d8a6
core   0: 0x800008aa (0x473db213) sltiu   tp, s11, 1139
core   0: 3 0x800008aa (0x473db213) x 4 0x00000001
core   0: 0x800008ae (0x00005efd) c.li    t4, -1
core   0: 3 0x800008ae (0x5efd) x29 0xffffffff
core   0: 0x800008b0 (0x00000705) c.addi  a4, 1
core   0: 3 0x800008b0 (0x0705) x14 0xfffffffe
core   0: 0x800008b2 (0x67befe93) andi    t4, t4, 1659
core   0: 3 0x800008b2 (0x67befe93) x29 0x0000067b
core   0: 0x800008b6 (0x00a00a13) li      s4, 10
core   0: 3 0x800008b6 (0x00a00a13) x20 0x0000000a
core   0: 0x800008ba (0x00a00993) li      s3, 10
core   0: 3 0x800008ba (0x00a00993) x19 0x0000000a
core   0: 0x800008be (0x4051dc13) srai    s8, gp, 5
core   0: 3 0x800008be (0x4051dc13) x24 0xfd2c06c5
core   0: 0x800008c2 (0x02fff0b3) remu    ra, t6, a5
core   0: 3 0x800008c2 (0x02fff0b3) x 1 0x0000001d
core   0: 0x800008c6 (0x00001a5d) c.addi  s4, -9
core   0: 3 0x800008c6 (0x1a5d) x20 0x00000001
core   0: 0x800008c8 (0x0000009c) c.addi4spn a5, sp, 64
core   0: 3 0x800008c8 (0x009c) x15 0x800123ba
core   0: 0x800008ca (0x000013fd) c.addi  t2, -1
core   0: 3 0x800008ca (0x13fd) x 7 0x80010f77
core   0: 0x800008cc (0xff3a7be3) bgeu    s4, s3, pc - 10
core   0: 3 0x800008cc (0xff3a7be3)
core   0: 0x800008d0 (0x0037b833) sltu    a6, a5, gp
core   0: 3 0x800008d0 (0x0037b833) x16 0x00000001
core   0: 0x800008d4 (0x0000187d) c.addi  a6, -1
core   0: 3 0x800008d4 (0x187d) x16 0x00000000
core   0: 0x800008d6 (0xa82a8f13) addi    t5, s5, -1406
core   0: 3 0x800008d6 (0xa82a8f13) x30 0xffffab33
core   0: 0x800008da (0x000082f1) c.srli  a3, 28
core   0: 3 0x800008da (0x82f1) x13 0x0000000f
core   0: 0x800008dc (0x0000db69) c.beqz  a4, pc - 46
core   0: 3 0x800008dc (0xdb69)
core   0: 0x800008de (0x00004dad) c.li    s11, 11
core   0: 3 0x800008de (0x4dad) x27 0x0000000b
core   0: 0x800008e0 (0x00016617) auipc   a2, 0x16
core   0: 3 0x800008e0 (0x00016617) x12 0x800168e0
core   0: 0x800008e4 (0xb8460613) addi    a2, a2, -1148
core   0: 3 0x800008e4 (0xb8460613) x12 0x80016464
core   0: 0x800008e8 (0xfd9608a3) sb      s9, -47(a2)
core   0: 3 0x800008e8 (0xfd9608a3) mem 0x80016435 0xe4
core   0: 0x800008ec (0xfda61923) sh      s10, -46(a2)
core   0: 3 0x800008ec (0xfda61923) mem 0x80016436 0xf8f9
core   0: 0x800008f0 (0x01160a83) lb      s5, 17(a2)
core   0: 3 0x800008f0 (0x01160a83) x21 0x0000002e mem 0x80016475
core   0: 0x800008f4 (0x01160903) lb      s2, 17(a2)
core   0: 3 0x800008f4 (0x01160903) x18 0x0000002e mem 0x80016475
core   0: 0x800008f8 (0xfdf61f23) sh      t6, -34(a2)
core   0: 3 0x800008f8 (0xfdf61f23) mem 0x80016442 0x3839
core   0: 0x800008fc (0xff661483) lh      s1, -10(a2)
core   0: 3 0x800008fc (0xff661483) x 9 0x00001011 mem 0x8001645a
core   0: 0x80000900 (0x03560583) lb      a1, 53(a2)
core   0: 3 0x80000900 (0x03560583) x11 0x00000052 mem 0x80016499
core   0: 0x80000904 (0x016601a3) sb      s6, 3(a2)
core   0: 3 0x80000904 (0x016601a3) mem 0x80016467 0xd0
core   0: 0x80000908 (0x019601a3) sb      s9, 3(a2)
core   0: 3 0x80000908 (0x019601a3) mem 0x80016467 0xe4
core   0: 0x8000090c (0x03364b83) lbu     s7, 51(a2)
core   0: 3 0x8000090c (0x03364b83) x23 0x0000004c mem 0x80016497
core   0: 0x80000910 (0x03b61523) sh      s11, 42(a2)
core   0: 3 0x80000910 (0x03b61523) mem 0x8001648e 0x000b
core   0: 0x80000914 (0x00f64b03) lbu     s6, 15(a2)
core   0: 3 0x80000914 (0x00f64b03) x22 0x00000028 mem 0x80016473
core   0: 0x80000918 (0x0000ca08) c.sw    a0, 16(a2)
core   0: 3 0x80000918 (0xca08) mem 0x80016474 0x0000000d
core   0: 0x8000091a (0x00008696) c.mv    a3, t0
core   0: 3 0x8000091a (0x8696) x13 0x0005bdea
core   0: 0x8000091c (0x0985af93) slti    t6, a1, 152
core   0: 3 0x8000091c (0x0985af93) x31 0x00000001
core   0: 0x80000920 (0x00006451) c.lui   s0, 0x14
core   0: 3 0x80000920 (0x6451) x 8 0x00014000
core   0: 0x80000922 (0x000005f5) c.addi  a1, 29
core   0: 3 0x80000922 (0x05f5) x11 0x0000006f
core   0: 0x80000924 (0x0ff0000f) fence   iorw,iorw
core   0: 3 0x80000924 (0x0ff0000f)
core   0: 0x80000928 (0x01964e03) lbu     t3, 25(a2)
core   0: 3 0x80000928 (0x01964e03) x28 0x00000036 mem 0x8001647d
core   0: 0x8000092c (0x02964803) lbu     a6, 41(a2)
core   0: 3 0x8000092c (0x02964803) x16 0x00000046 mem 0x8001648d
core   0: 0x80000930 (0x01661403) lh      s0, 22(a2)
core   0: 3 0x80000930 (0x01661403) x 8 0x00003031 mem 0x8001647a
core   0: 0x80000934 (0xfc364483) lbu     s1, -61(a2)
core   0: 3 0x80000934 (0xfc364483) x 9 0x000000dc mem 0x80016427
core   0: 0x80000938 (0xfdc601a3) sb      t3, -61(a2)
core   0: 3 0x80000938 (0xfdc601a3) mem 0x80016427 0x36
core   0: 0x8000093c (0x00015717) auipc   a4, 0x15
core   0: 3 0x8000093c (0x00015717) x14 0x8001593c
core   0: 0x80000940 (0xa8870713) addi    a4, a4, -1400
core   0: 3 0x80000940 (0xa8870713) x14 0x800153c4
core   0: 0x80000944 (0x01570823) sb      s5, 16(a4)
core   0: 3 0x80000944 (0x01570823) mem 0x800153d4 0x2e
core   0: 0x80000948 (0xff374983) lbu     s3, -13(a4)
core   0: 3 0x80000948 (0xff374983) x19 0x0000006c mem 0x800153b7
core   0: 0x8000094c (0xff370483) lb      s1, -13(a4)
core   0: 3 0x8000094c (0xff370483) x 9 0x0000006c mem 0x800153b7
core   0: 0x80000950 (0xff374c03) lbu     s8, -13(a4)
core   0: 3 0x80000950 (0xff374c03) x24 0x0000006c mem 0x800153b7
core   0: 0x80000954 (0x000085c1) c.srai  a1, 16
core   0: 3 0x80000954 (0x85c1) x11 0x00000000
core   0: 0x80000956 (0xff670923) sb      s6, -14(a4)
core   0: 3 0x80000956 (0xff670923) mem 0x800153b6 0x28
core   0: 0x8000095a (0xff274003) lbu     zero, -14(a4)
core   0: 3 0x8000095a (0xff274003) mem 0x800153b6
core   0: 0x8000095e (0xfe370823) sb      gp, -16(a4)
core   0: 3 0x8000095e (0xfe370823) mem 0x800153b4 0xa6
core   0: 0x80000962 (0xff071203) lh      tp, -16(a4)
core   0: 3 0x80000962 (0xff071203) x 4 0x00006ea6 mem 0x800153b4
core   0: 0x80000966 (0xff471823) sh      s4, -16(a4)
core   0: 3 0x80000966 (0xff471823) mem 0x800153b4 0x0001
core   0: 0x8000096a (0xff075003) lhu     zero, -16(a4)
core   0: 3 0x8000096a (0xff075003) mem 0x800153b4
core   0: 0x8000096e (0x00a71623) sh      a0, 12(a4)
core   0: 3 0x8000096e (0x00a71623) mem 0x800153d0 0x000d
core   0: 0x80000972 (0x00b74e83) lbu     t4, 11(a4)
core   0: 3 0x80000972 (0x00b74e83) x29 0x00000084 mem 0x800153cf
core   0: 0x80000976 (0x014705a3) sb      s4, 11(a4)
core   0: 3 0x80000976 (0x014705a3) mem 0x800153cf 0x1
core   0: 0x8000097a (0xffc71823) sh      t3, -16(a4)
core   0: 3 0x8000097a (0xffc71823) mem 0x800153b4 0x0036
core   0: 0x8000097e (0xfe5709a3) sb      t0, -13(a4)
core   0: 3 0x8000097e (0xfe5709a3) mem 0x800153b7 0xea
core   0: 0x80000982 (0xff370583) lb      a1, -13(a4)
core   0: 3 0x80000982 (0xff370583) x11 0xffffffea mem 0x800153b7
core   0: 0x80000986 (0xff071403) lh      s0, -16(a4)
core   0: 3 0x80000986 (0xff071403) x 8 0x00000036 mem 0x800153b4
core   0: 0x8000098a (0xffe74b03) lbu     s6, -2(a4)
core   0: 3 0x8000098a (0xffe74b03) x22 0x00000079 mem 0x800153c2
core   0: 0x8000098e (0xffe71f23) sh      t5, -2(a4)
core   0: 3 0x8000098e (0xffe71f23) mem 0x800153c2 0xab33
core   0: 0x80000992 (0x00019117) auipc   sp, 0x19
core   0: 3 0x80000992 (0x00019117) x 2 0x80019992
core   0: 0x80000996 (0x25910113) addi    sp, sp, 601
core   0: 3 0x80000996 (0x25910113) x 2 0x80019beb
core   0: 0x8000099a (0x03f10923) sb      t6, 50(sp)
core   0: 3 0x8000099a (0x03f10923) mem 0x80019c1d 0x1
core   0: 0x8000099e (0xfe115703) lhu     a4, -31(sp)
core   0: 3 0x8000099e (0xfe115703) x14 0x00008687 mem 0x80019bcc
core   0: 0x800009a2 (0x41740c33) sub     s8, s0, s7
core   0: 3 0x800009a2 (0x41740c33) x24 0xffffffea
core   0: 0x800009a6 (0xfca10403) lb      s0, -54(sp)
core   0: 3 0x800009a6 (0xfca10403) x 8 0x0000006e mem 0x80019bb5
core   0: 0x800009aa (0xfcb10523) sb      a1, -54(sp)
core   0: 3 0x800009aa (0xfcb10523) mem 0x80019bb5 0xea
core   0: 0x800009ae (0x01f10e23) sb      t6, 28(sp)
core   0: 3 0x800009ae (0x01f10e23) mem 0x80019c07 0x1
core   0: 0x800009b2 (0xff810e03) lb      t3, -8(sp)
core   0: 3 0x800009b2 (0xff810e03) x28 0xffffff98 mem 0x80019be3
core   0: 0x800009b6 (0x01e10c23) sb      t5, 24(sp)
core   0: 3 0x800009b6 (0x01e10c23) mem 0x80019c03 0x33
core   0: 0x800009ba (0x00b10023) sb      a1, 0(sp)
core   0: 3 0x800009ba (0x00b10023) mem 0x80019beb 0xea
core   0: 0x800009be (0x06d37713) andi    a4, t1, 109
core   0: 3 0x800009be (0x06d37713) x14 0x0000004d
core   0: 0x800009c2 (0x00000499) c.addi  s1, 6
core   0: 3 0x800009c2 (0x0499) x 9 0x00000072
core   0: 0x800009c4 (0x00db5f33) srl     t5, s6, a3
core   0: 3 0x800009c4 (0x00db5f33) x30 0x00000000
core   0: 0x800009c8 (0x00010c03) lb      s8, 0(sp)
core   0: 3 0x800009c8 (0x00010c03) x24 0xffffffea mem 0x80019beb
core   0: 0x800009cc (0xfda128a3) sw      s10, -47(sp)
core   0: 3 0x800009cc (0xfda128a3) mem 0x80019bbc 0x0000f8f9
core   0: 0x800009d0 (0x00019597) auipc   a1, 0x19
core   0: 3 0x800009d0 (0x00019597) x11 0x800199d0
core   0: 0x800009d4 (0x5fa58593) addi    a1, a1, 1530
core   0: 3 0x800009d4 (0x5fa58593) x11 0x80019fca
core   0: 0x800009d8 (0xffe58ba3) sb      t5, -9(a1)
core   0: 3 0x800009d8 (0xffe58ba3) mem 0x80019fc1 0x0
core   0: 0x800009dc (0xff758d83) lb      s11, -9(a1)
core   0: 3 0x800009dc (0xff758d83) x27 0x00000000 mem 0x80019fc1
core   0: 0x800009e0 (0xff758383) lb      t2, -9(a1)
core   0: 3 0x800009e0 (0xff758383) x 7 0x00000000 mem 0x80019fc1
core   0: 0x800009e4 (0x00e59783) lh      a5, 14(a1)
core   0: 3 0x800009e4 (0x00e59783) x15 0xffff9293 mem 0x80019fd8
core   0: 0x800009e8 (0x00e5de83) lhu     t4, 14(a1)
core   0: 3 0x800009e8 (0x00e5de83) x29 0x00009293 mem 0x80019fd8
core   0: 0x800009ec (0x00008fdd) c.or    a5, a5
core   0: 3 0x800009ec (0x8fdd) x15 0xffff9293
core   0: 0x800009ee (0x0035a723) sw      gp, 14(a1)
core   0: 3 0x800009ee (0x0035a723) mem 0x80019fd8 0xa580d8a6
core   0: 0x800009f2 (0x00159723) sh      ra, 14(a1)
core   0: 3 0x800009f2 (0x00159723) mem 0x80019fd8 0x001d
core   0: 0x800009f6 (0x0035a723) sw      gp, 14(a1)
core   0: 3 0x800009f6 (0x0035a723) mem 0x80019fd8 0xa580d8a6
core   0: 0x800009fa (0x00e5ce83) lbu     t4, 14(a1)
core   0: 3 0x800009fa (0x00e5ce83) x29 0x000000a6 mem 0x80019fd8
core   0: 0x800009fe (0x00d5a723) sw      a3, 14(a1)
core   0: 3 0x800009fe (0x00d5a723) mem 0x80019fd8 0x0005bdea
core   0: 0x80000a02 (0x00e59483) lh      s1, 14(a1)
core   0: 3 0x80000a02 (0x00e59483) x 9 0xffffbdea mem 0x80019fd8
core   0: 0x80000a06 (0x0000fd97) auipc   s11, 0xf
core   0: 3 0x80000a06 (0x0000fd97) x27 0x8000fa06
core   0: 0x80000a0a (0x69cd8d93) addi    s11, s11, 1692
core   0: 3 0x80000a0a (0x69cd8d93) x27 0x800100a2
core   0: 0x80000a0e (0x57addd03) lhu     s10, 1402(s11)
core   0: 3 0x80000a0e (0x57addd03) x26 0x0000d6d7 mem 0x8001061c
core   0: 0x80000a12 (0x0001ce17) auipc   t3, 0x1c
core   0: 3 0x80000a12 (0x0001ce17) x28 0x8001ca12
core   0: 0x80000a16 (0x885e0e13) addi    t3, t3, -1915
core   0: 3 0x80000a16 (0x885e0e13) x28 0x8001c297
core   0: 0x80000a1a (0x219d80a3) sb      s9, 513(s11)
core   0: 3 0x80000a1a (0x219d80a3) mem 0x800102a3 0xe4
core   0: 0x80000a1e (0x02fe4083) lbu     ra, 47(t3)
core   0: 3 0x80000a1e (0x02fe4083) x 1 0x0000007d mem 0x8001c2c6
core   0: 0x80000a22 (0x375dc383) lbu     t2, 885(s11)
core   0: 3 0x80000a22 (0x375dc383) x 7 0x000000cc mem 0x80010417
core   0: 0x80000a26 (0x179dc103) lbu     sp, 377(s11)
core   0: 3 0x80000a26 (0x179dc103) x 2 0x000000d0 mem 0x8001021b
core   0: 0x80000a2a (0x33bd9d23) sh      s11, 826(s11)
core   0: 3 0x80000a2a (0x33bd9d23) mem 0x800103dc 0x00a2
core   0: 0x80000a2e (0xf33e4683) lbu     a3, -205(t3)
core   0: 3 0x80000a2e (0xf33e4683) x13 0x00000081 mem 0x8001c1ca
core   0: 0x80000a32 (0x5bdd9523) sh      t4, 1450(s11)
core   0: 3 0x80000a32 (0x5bdd9523) mem 0x8001064c 0x00a6
core   0: 0x80000a36 (0xf8fe1fa3) sh      a5, -97(t3)
core   0: 3 0x80000a36 (0xf8fe1fa3) mem 0x8001c236 0x9293
core   0: 0x80000a3a (0x1ebd8023) sb      a1, 480(s11)
core   0: 3 0x80000a3a (0x1ebd8023) mem 0x80010282 0xca
core   0: 0x80000a3e (0x0e1e2483) lw      s1, 225(t3)
core   0: 3 0x80000a3e (0x0e1e2483) x 9 0x30313233 mem 0x8001c378
core   0: 0x80000a42 (0x65cdd083) lhu     ra, 1628(s11)
core   0: 3 0x80000a42 (0x65cdd083) x 1 0x00000000 mem 0x800106fe
core   0: 0x80000a46 (0x008e4f03) lbu     t5, 8(t3)
core   0: 3 0x80000a46 (0x008e4f03) x30 0x00000054 mem 0x8001c29f
core   0: 0x80000a4a (0x0fde0b03) lb      s6, 253(t3)
core   0: 3 0x80000a4a (0x0fde0b03) x22 0x0000004f mem 0x8001c394
core   0: 0x80000a4e (0xfd0e0823) sb      a6, -48(t3)
core   0: 3 0x80000a4e (0xfd0e0823) mem 0x8001c267 0x46
core   0: 0x80000a52 (0x00a0066f) jal     a2, pc + 0xa
core   0: 3 0x80000a52 (0x00a0066f) x12 0x80000a56
core   0: 0x80000a5c (0x0000a031) c.j     pc + 12
core   0: 3 0x80000a5c (0xa031)
core   0: 0x80000a68 (0x0000a00d) c.j     pc + 34
core   0: 3 0x80000a68 (0xa00d)
core   0: 0x80000a8a (0xfefff16f) jal     sp, pc - 0x12
core   0: 3 0x80000a8a (0xfefff16f) x 2 0x80000a8e
core   0: 0x80000a78 (0x004000ef) jal     pc + 0x4
core   0: 3 0x80000a78 (0x004000ef) x 1 0x80000a7c
core   0: 0x80000a7c (0x01400b6f) jal     s6, pc + 0x14
core   0: 3 0x80000a7c (0x01400b6f) x22 0x80000a80
core   0: 0x80000a90 (0x0000bfe9) c.j     pc - 38
core   0: 3 0x80000a90 (0xbfe9)
core   0: 0x80000a6a (0x0000bfed) c.j     pc - 6
core   0: 3 0x80000a6a (0xbfed)
core   0: 0x80000a64 (0x0000a029) c.j     pc + 10
core   0: 3 0x80000a64 (0xa029)
core   0: 0x80000a6e (0xfffff0ef) jal     pc - 0x2
core   0: 3 0x80000a6e (0xfffff0ef) x 1 0x80000a72
core   0: 0x80000a6c (0x00003fd5) c.jal   pc - 12
core   0: 3 0x80000a6c (0x3fd5) x 1 0x80000a6e
core   0: 0x80000a60 (0x0000280d) c.jal   pc + 50
core   0: 3 0x80000a60 (0x280d) x 1 0x80000a62
core   0: 0x80000a92 (0x0000b7c5) c.j     pc - 32
core   0: 3 0x80000a92 (0xb7c5)
core   0: 0x80000a72 (0x0000200d) c.jal   pc + 34
core   0: 3 0x80000a72 (0x200d) x 1 0x80000a74
core   0: 0x80000a94 (0x0000bfcd) c.j     pc - 14
core   0: 3 0x80000a94 (0xbfcd)
core   0: 0x80000a86 (0xffbff0ef) jal     pc - 0x6
core   0: 3 0x80000a86 (0xffbff0ef) x 1 0x80000a8a
core   0: 0x80000a80 (0x00e000ef) jal     pc + 0xe
core   0: 3 0x80000a80 (0x00e000ef) x 1 0x80000a84
core   0: 0x80000a8e (0x00003fd1) c.jal   pc - 44
core   0: 3 0x80000a8e (0x3fd1) x 1 0x80000a90
core   0: 0x80000a62 (0x0000a809) c.j     pc + 18
core   0: 3 0x80000a62 (0xa809)
core   0: 0x80000a74 (0xff3ff0ef) jal     pc - 0xe
core   0: 3 0x80000a74 (0xff3ff0ef) x 1 0x80000a78
core   0: 0x80000a66 (0x0000bfe5) c.j     pc - 8
core   0: 3 0x80000a66 (0xbfe5)
core   0: 0x80000a5e (0x0000a01d) c.j     pc + 38
core   0: 3 0x80000a5e (0xa01d)
core   0: 0x80000a84 (0x0000bfd9) c.j     pc - 42
core   0: 3 0x80000a84 (0xbfd9)
core   0: 0x80000a5a (0x0000bff5) c.j     pc - 4
core   0: 3 0x80000a5a (0xbff5)
core   0: 0x80000a56 (0x040000ef) jal     pc + 0x40
core   0: 3 0x80000a56 (0x040000ef) x 1 0x80000a5a
core   0: 0x80000a96 (0x00000001) c.nop
core   0: 3 0x80000a96 (0x0001)
core   0: 0x80000a98 (0x00600813) li      a6, 6
core   0: 3 0x80000a98 (0x00600813) x16 0x00000006
core   0: 0x80000a9c (0x00008eed) c.and   a3, a1
core   0: 3 0x80000a9c (0x8eed) x13 0x00000080
core   0: 0x80000a9e (0x001bdeb3) srl     t4, s7, ra
core   0: 3 0x80000a9e (0x001bdeb3) x29 0x00000000
core   0: 0x80000aa2 (0xffc00313) li      t1, -4
core   0: 3 0x80000aa2 (0xffc00313) x 6 0xfffffffc
core   0: 0x80000aa6 (0x0ff0000f) fence   iorw,iorw
core   0: 3 0x80000aa6 (0x0ff0000f)
core   0: 0x80000aaa (0x00630ab3) add     s5, t1, t1
core   0: 3 0x80000aaa (0x00630ab3) x21 0xfffffff8
core   0: 0x80000aae (0x0000610d) c.addi16sp sp, 160
core   0: 3 0x80000aae (0x610d) x 2 0x80000b2e
core   0: 0x80000ab0 (0x41c80ab3) sub     s5, a6, t3
core   0: 3 0x80000ab0 (0x41c80ab3) x21 0x7ffe3d6f
core   0: 0x80000ab4 (0x43caab13) slti    s6, s5, 1084
core   0: 3 0x80000ab4 (0x43caab13) x22 0x00000000
core   0: 0x80000ab8 (0x0350ab33) mulhsu  s6, ra, s5
core   0: 3 0x80000ab8 (0x0350ab33) x22 0xc000e675
core   0: 0x80000abc (0xb3088493) addi    s1, a7, -1232
core   0: 3 0x80000abc (0xb3088493) x 9 0x80025994
core   0: 0x80000ac0 (0x01d79d33) sll     s10, a5, t4
core   0: 3 0x80000ac0 (0x01d79d33) x26 0xffff9293
core   0: 0x80000ac4 (0x00001859) c.addi  a6, -10
core   0: 3 0x80000ac4 (0x1859) x16 0xfffffffc
core   0: 0x80000ac6 (0xffc00593) li      a1, -4
core   0: 3 0x80000ac6 (0xffc00593) x11 0xfffffffc
core   0: 0x80000aca (0x020eb933) mulhu   s2, t4, zero
core   0: 3 0x80000aca (0x020eb933) x18 0x00000000
core   0: 0x80000ace (0xffe00d93) li      s11, -2
core   0: 3 0x80000ace (0xffe00d93) x27 0xfffffffe
core   0: 0x80000ad2 (0x02fff3b3) remu    t2, t6, a5
core   0: 3 0x80000ad2 (0x02fff3b3) x 7 0x00000001
core   0: 0x80000ad6 (0x00001e7d) c.addi  t3, -1
core   0: 3 0x80000ad6 (0x1e7d) x28 0x8001c296
core   0: 0x80000ad8 (0x741a6097) auipc   ra, 0x741a6
core   0: 3 0x80000ad8 (0x741a6097) x 1 0xf41a6ad8
core   0: 0x80000adc (0x62b83493) sltiu   s1, a6, 1579
core   0: 3 0x80000adc (0x62b83493) x 9 0x00000000
core   0: 0x80000ae0 (0x01f27fb3) and     t6, tp, t6
core   0: 3 0x80000ae0 (0x01f27fb3) x31 0x00000000
core   0: 0x80000ae4 (0x00000585) c.addi  a1, 1
core   0: 3 0x80000ae4 (0x0585) x11 0xfffffffd
core   0: 0x80000ae6 (0x000080a9) c.srli  s1, 10
core   0: 3 0x80000ae6 (0x80a9) x 9 0x00000000
core   0: 0x80000ae8 (0xffb597e3) bne     a1, s11, pc - 18
core   0: 3 0x80000ae8 (0xffb597e3)
core   0: 0x80000ad6 (0x00001e7d) c.addi  t3, -1
core   0: 3 0x80000ad6 (0x1e7d) x28 0x8001c295
core   0: 0x80000ad8 (0x741a6097) auipc   ra, 0x741a6
core   0: 3 0x80000ad8 (0x741a6097) x 1 0xf41a6ad8
core   0: 0x80000adc (0x62b83493) sltiu   s1, a6, 1579
core   0: 3 0x80000adc (0x62b83493) x 9 0x00000000
core   0: 0x80000ae0 (0x01f27fb3) and     t6, tp, t6
core   0: 3 0x80000ae0 (0x01f27fb3) x31 0x00000000
core   0: 0x80000ae4 (0x00000585) c.addi  a1, 1
core   0: 3 0x80000ae4 (0x0585) x11 0xfffffffe
core   0: 0x80000ae6 (0x000080a9) c.srli  s1, 10
core   0: 3 0x80000ae6 (0x80a9) x 9 0x00000000
core   0: 0x80000ae8 (0xffb597e3) bne     a1, s11, pc - 18
core   0: 3 0x80000ae8 (0xffb597e3)
core   0: 0x80000aec (0x0264c4b3) div     s1, s1, t1
core   0: 3 0x80000aec (0x0264c4b3) x 9 0x00000000
core   0: 0x80000af0 (0x1b2e6b13) ori     s6, t3, 434
core   0: 3 0x80000af0 (0x1b2e6b13) x22 0x8001c3b7
core   0: 0x80000af4 (0x00000001) c.nop
core   0: 3 0x80000af4 (0x0001)
core   0: 0x80000af6 (0x05f3e497) auipc   s1, 0x5f3e
core   0: 3 0x80000af6 (0x05f3e497) x 9 0x85f3eaf6
core   0: 0x80000afa (0x010edb93) srli    s7, t4, 16
core   0: 3 0x80000afa (0x010edb93) x23 0x00000000
core   0: 0x80000afe (0x00008335) c.srli  a4, 13
core   0: 3 0x80000afe (0x8335) x14 0x00000000
core   0: 0x80000b00 (0x402e0ab3) sub     s5, t3, sp
core   0: 3 0x80000b00 (0x402e0ab3) x21 0x0001b767
core   0: 0x80000b04 (0xfa681ae3) bne     a6, t1, pc - 76
core   0: 3 0x80000b04 (0xfa681ae3)
core   0: 0x80000b08 (0xad78e393) ori     t2, a7, -1321
core   0: 3 0x80000b08 (0xad78e393) x 7 0xfffffef7
core   0: 0x80000b0c (0x0000f117) auipc   sp, 0xf
core   0: 3 0x80000b0c (0x0000f117) x 2 0x8000fb0c
core   0: 0x80000b10 (0x61610113) addi    sp, sp, 1558
core   0: 3 0x80000b10 (0x61610113) x 2 0x80010122
core   0: 0x80000b14 (0x404b57b3) sra     a5, s6, tp
core   0: 3 0x80000b14 (0x404b57b3) x15 0xfe00070e
core   0: 0x80000b18 (0x03f30633) mul     a2, t1, t6
core   0: 3 0x80000b18 (0x03f30633) x12 0x00000000
core   0: 0x80000b1c (0x00000335) c.addi  t1, 13
core   0: 3 0x80000b1c (0x0335) x 6 0x00000009
core   0: 0x80000b1e (0x03f14f83) lbu     t6, 63(sp)
core   0: 3 0x80000b1e (0x03f14f83) x31 0x0000001a mem 0x80010161
core   0: 0x80000b22 (0x07f10783) lb      a5, 127(sp)
core   0: 3 0x80000b22 (0x07f10783) x15 0x0000005a mem 0x800101a1
core   0: 0x80000b26 (0x026b4b33) div     s6, s6, t1
core   0: 3 0x80000b26 (0x026b4b33) x22 0xf1c74ea3
core   0: 0x80000b2a (0xf4410b23) sb      tp, -170(sp)
core   0: 3 0x80000b2a (0xf4410b23) mem 0x80010078 0xa6
core   0: 0x80000b2e (0xfba15203) lhu     tp, -70(sp)
core   0: 3 0x80000b2e (0xfba15203) x 4 0x00009697 mem 0x800100dc
core   0: 0x80000b32 (0x04e11783) lh      a5, 78(sp)
core   0: 3 0x80000b32 (0x04e11783) x15 0x00002a2b mem 0x80010170
core   0: 0x80000b36 (0x000017fd) c.addi  a5, -1
core   0: 3 0x80000b36 (0x17fd) x15 0x00002a2a
core   0: 0x80000b38 (0x416b0fb3) sub     t6, s6, s6
core   0: 3 0x80000b38 (0x416b0fb3) x31 0x00000000
core   0: 0x80000b3c (0x02c36233) rem     tp, t1, a2
core   0: 3 0x80000b3c (0x02c36233) x 4 0x00000009
core   0: 0x80000b40 (0x016b4b33) xor     s6, s6, s6
core   0: 3 0x80000b40 (0x016b4b33) x22 0x00000000
core   0: 0x80000b44 (0x0000100f) fence.i
core   0: 3 0x80000b44 (0x0000100f)
core   0: 0x80000b48 (0xf9611723) sh      s6, -114(sp)
core   0: 3 0x80000b48 (0xf9611723) mem 0x800100b0 0x0000
core   0: 0x80000b4c (0x06c103a3) sb      a2, 103(sp)
core   0: 3 0x80000b4c (0x06c103a3) mem 0x80010189 0x0
core   0: 0x80000b50 (0x02c109a3) sb      a2, 51(sp)
core   0: 3 0x80000b50 (0x02c109a3) mem 0x80010155 0x0
core   0: 0x80000b54 (0xf4914783) lbu     a5, -183(sp)
core   0: 3 0x80000b54 (0xf4914783) x15 0x00000020 mem 0x8001006b
core   0: 0x80000b58 (0x41678333) sub     t1, a5, s6
core   0: 3 0x80000b58 (0x41678333) x 6 0x00000020
core   0: 0x80000b5c (0xf8914303) lbu     t1, -119(sp)
core   0: 3 0x80000b5c (0xf8914303) x 6 0x00000060 mem 0x800100ab
core   0: 0x80000b60 (0x00000001) c.nop
core   0: 3 0x80000b60 (0x0001)
core   0: 0x80000b62 (0xf2c14f83) lbu     t6, -212(sp)
core   0: 3 0x80000b62 (0xf2c14f83) x31 0x00000005 mem 0x8001004e
core   0: 0x80000b66 (0x0d415303) lhu     t1, 212(sp)
core   0: 3 0x80000b66 (0x0d415303) x 6 0x0000acad mem 0x800101f6
core   0: 0x80000b6a (0x036f87b3) mul     a5, t6, s6
core   0: 3 0x80000b6a (0x036f87b3) x15 0x00000000
core   0: 0x80000b6e (0x01626233) or      tp, tp, s6
core   0: 3 0x80000b6e (0x01626233) x 4 0x00000009
core   0: 0x80000b72 (0xe79b0313) addi    t1, s6, -391
core   0: 3 0x80000b72 (0xe79b0313) x 6 0xfffffe79
core   0: 0x80000b76 (0x68f66613) ori     a2, a2, 1679
core   0: 3 0x80000b76 (0x68f66613) x12 0x0000068f
core   0: 0x80000b7a (0xf3114f83) lbu     t6, -207(sp)
core   0: 3 0x80000b7a (0xf3114f83) x31 0x00000008 mem 0x80010053
core   0: 0x80000b7e (0x0d710b03) lb      s6, 215(sp)
core   0: 3 0x80000b7e (0x0d710b03) x22 0xffffffb2 mem 0x800101f9
core   0: 0x80000b82 (0x01414203) lbu     tp, 20(sp)
core   0: 3 0x80000b82 (0x01414203) x 4 0x000000ed mem 0x80010136
core   0: 0x80000b86 (0x0eb14783) lbu     a5, 235(sp)
core   0: 3 0x80000b86 (0x0eb14783) x15 0x000000c6 mem 0x8001020d
core   0: 0x80000b8a (0xfc010f83) lb      t6, -64(sp)
core   0: 3 0x80000b8a (0xfc010f83) x31 0xffffff99 mem 0x800100e2
core   0: 0x80000b8e (0xc7426793) ori     a5, tp, -908
core   0: 3 0x80000b8e (0xc7426793) x15 0xfffffcfd
core   0: 0x80000b92 (0x0ec11b23) sh      a2, 246(sp)
core   0: 3 0x80000b92 (0x0ec11b23) mem 0x80010218 0x068f
core   0: 0x80000b96 (0x0000100f) fence.i
core   0: 3 0x80000b96 (0x0000100f)
core   0: 0x80000b9a (0x00009f9a) c.add   t6, t1
core   0: 3 0x80000b9a (0x9f9a) x31 0xfffffe12
core   0: 0x80000b9c (0x0247c333) div     t1, a5, tp
core   0: 3 0x80000b9c (0x0247c333) x 6 0xfffffffd
core   0: 0x80000ba0 (0x0000860d) c.srai  a2, 3
core   0: 3 0x80000ba0 (0x860d) x12 0x000000d1
core   0: 0x80000ba2 (0x03fb7633) remu    a2, s6, t6
core   0: 3 0x80000ba2 (0x03fb7633) x12 0x000001a0
core   0: 0x80000ba6 (0x000083a1) c.srli  a5, 8
core   0: 3 0x80000ba6 (0x83a1) x15 0x00fffffc
core   0: 0x80000ba8 (0xc9e64b13) xori    s6, a2, -866
core   0: 3 0x80000ba8 (0xc9e64b13) x22 0xfffffd3e
core   0: 0x80000bac (0xf8f11023) sh      a5, -128(sp)
core   0: 3 0x80000bac (0xf8f11023) mem 0x800100a2 0xfffc
core   0: 0x80000bb0 (0x52c7a793) slti    a5, a5, 1324
core   0: 3 0x80000bb0 (0x52c7a793) x15 0x00000000
core   0: 0x80000bb4 (0x00f61233) sll     tp, a2, a5
core   0: 3 0x80000bb4 (0x00f61233) x 4 0x000001a0
core   0: 0x80000bb8 (0x06110783) lb      a5, 97(sp)
core   0: 3 0x80000bb8 (0x06110783) x15 0x00000038 mem 0x80010183
core   0: 0x80000bbc (0x0b615603) lhu     a2, 182(sp)
core   0: 3 0x80000bbc (0x0b615603) x12 0x00009293 mem 0x800101d8
core   0: 0x80000bc0 (0x00000001) c.nop
core   0: 3 0x80000bc0 (0x0001)
core   0: 0x80000bc2 (0x00008a69) c.andi  a2, 26
core   0: 3 0x80000bc2 (0x8a69) x12 0x00000012
core   0: 0x80000bc4 (0x02f657b3) divu    a5, a2, a5
core   0: 3 0x80000bc4 (0x02f657b3) x15 0x00000000
core   0: 0x80000bc8 (0x00008e11) c.sub   a2, a2
core   0: 3 0x80000bc8 (0x8e11) x12 0x00000000
core   0: 0x80000bca (0x01f64333) xor     t1, a2, t6
core   0: 3 0x80000bca (0x01f64333) x 6 0xfffffe12
core   0: 0x80000bce (0xf6914783) lbu     a5, -151(sp)
core   0: 3 0x80000bce (0xf6914783) x15 0x00000040 mem 0x8001008b
core   0: 0x80000bd2 (0x0001e297) auipc   t0, 0x1e
core   0: 3 0x80000bd2 (0x0001e297) x 5 0x8001ebd2
core   0: 0x80000bd6 (0x0c428293) addi    t0, t0, 196
core   0: 3 0x80000bd6 (0x0c428293) x 5 0x8001ec96
core   0: 0x80000bda (0x00015417) auipc   s0, 0x15
core   0: 3 0x80000bda (0x00015417) x 8 0x80015bda
core   0: 0x80000bde (0x70b40413) addi    s0, s0, 1803
core   0: 3 0x80000bde (0x70b40413) x 8 0x800162e5
core   0: 0x80000be2 (0xe4c44e03) lbu     t3, -436(s0)
core   0: 3 0x80000be2 (0xe4c44e03) x28 0x000000ea mem 0x80016131
core   0: 0x80000be6 (0xf7e2d483) lhu     s1, -130(t0)
core   0: 3 0x80000be6 (0xf7e2d483) x 9 0x0000cecf mem 0x8001ec14
core   0: 0x80000bea (0xf022d083) lhu     ra, -254(t0)
core   0: 3 0x80000bea (0xf022d083) x 1 0x00005253 mem 0x8001eb98
core   0: 0x80000bee (0x0001e617) auipc   a2, 0x1e
core   0: 3 0x80000bee (0x0001e617) x12 0x8001ebee
core   0: 0x80000bf2 (0x2b260613) addi    a2, a2, 690
core   0: 3 0x80000bf2 (0x2b260613) x12 0x8001eea0
core   0: 0x80000bf6 (0xff060e23) sb      a6, -4(a2)
core   0: 3 0x80000bf6 (0xff060e23) mem 0x8001ee9c 0xfc
core   0: 0x80000bfa (0x03b2c983) lbu     s3, 59(t0)
core   0: 3 0x80000bfa (0x03b2c983) x19 0x0000008a mem 0x8001ecd1
core   0: 0x80000bfe (0x71f41383) lh      t2, 1823(s0)
core   0: 3 0x80000bfe (0x71f41383) x 7 0xffffbebf mem 0x80016a04
core   0: 0x80000c02 (0x1d444103) lbu     sp, 468(s0)
core   0: 3 0x80000c02 (0x1d444103) x 2 0x00000072 mem 0x800164b9
core   0: 0x80000c06 (0xcaf407a3) sb      a5, -849(s0)
core   0: 3 0x80000c06 (0xcaf407a3) mem 0x80015f94 0x40
core   0: 0x80000c0a (0x0ee2c583) lbu     a1, 238(t0)
core   0: 3 0x80000c0a (0x0ee2c583) x11 0x0000003f mem 0x8001ed84
core   0: 0x80000c0e (0xfe260ca3) sb      sp, -7(a2)
core   0: 3 0x80000c0e (0xfe260ca3) mem 0x8001ee99 0x72
core   0: 0x80000c12 (0xf6a40723) sb      a0, -146(s0)
core   0: 3 0x80000c12 (0xf6a40723) mem 0x80016253 0xd
core   0: 0x80000c16 (0x0e528a83) lb      s5, 229(t0)
core   0: 3 0x80000c16 (0x0e528a83) x21 0x00000030 mem 0x8001ed7b
core   0: 0x80000c1a (0xffa60ca3) sb      s10, -7(a2)
core   0: 3 0x80000c1a (0xffa60ca3) mem 0x8001ee99 0x93
core   0: 0x80000c1e (0xfff60083) lb      ra, -1(a2)
core   0: 3 0x80000c1e (0xfff60083) x 1 0x00000054 mem 0x8001ee9f
core   0: 0x80000c22 (0x45144703) lbu     a4, 1105(s0)
core   0: 3 0x80000c22 (0x45144703) x14 0x000000ed mem 0x80016736
core   0: 0x80000c26 (0x00d60383) lb      t2, 13(a2)
core   0: 3 0x80000c26 (0x00d60383) x 7 0x00000066 mem 0x8001eead
core   0: 0x80000c2a (0xf07288a3) sb      t2, -239(t0)
core   0: 3 0x80000c2a (0xf07288a3) mem 0x8001eba7 0x66
core   0: 0x80000c2e (0xa5f402a3) sb      t6, -1467(s0)
core   0: 3 0x80000c2e (0xa5f402a3) mem 0x80015d2a 0x12
core   0: 0x80000c32 (0xf202c583) lbu     a1, -224(t0)
core   0: 3 0x80000c32 (0xf202c583) x11 0x0000006d mem 0x8001ebb6
core   0: 0x80000c36 (0x00564c03) lbu     s8, 5(a2)
core   0: 3 0x80000c36 (0x00564c03) x24 0x0000005e mem 0x8001eea5
core   0: 0x80000c3a (0x00010317) auipc   t1, 0x10
core   0: 3 0x80000c3a (0x00010317) x 6 0x80010c3a
core   0: 0x80000c3e (0x2b630313) addi    t1, t1, 694
core   0: 3 0x80000c3e (0x2b630313) x 6 0x80010ef0
core   0: 0x80000c42 (0x96c89497) auipc   s1, 0x96c89
core   0: 3 0x80000c42 (0x96c89497) x 9 0x16c89c42
core   0: 0x80000c46 (0x00008c99) c.sub   s1, a4
core   0: 3 0x80000c46 (0x8c99) x 9 0x16c89b55
core   0: 0x80000c48 (0x00134703) lbu     a4, 1(t1)
core   0: 3 0x80000c48 (0x00134703) x14 0x000000aa mem 0x80010ef1
core   0: 0x80000c4c (0xff534483) lbu     s1, -11(t1)
core   0: 3 0x80000c4c (0xff534483) x 9 0x0000009e mem 0x80010ee5
core   0: 0x80000c50 (0x00000001) c.nop
core   0: 3 0x80000c50 (0x0001)
core   0: 0x80000c52 (0x01430323) sb      s4, 6(t1)
core   0: 3 0x80000c52 (0x01430323) mem 0x80010ef6 0x1
core   0: 0x80000c56 (0x00b34003) lbu     zero, 11(t1)
core   0: 3 0x80000c56 (0x00b34003) mem 0x80010efb
core   0: 0x80000c5a (0x55ea6013) ori     zero, s4, 1374
core   0: 3 0x80000c5a (0x55ea6013)
core   0: 0x80000c5e (0x00b34a03) lbu     s4, 11(t1)
core   0: 3 0x80000c5e (0x00b34a03) x20 0x000000b0 mem 0x80010efb
core   0: 0x80000c62 (0xacca4293) xori    t0, s4, -1332
core   0: 3 0x80000c62 (0xacca4293) x 5 0xfffffa7c
core   0: 0x80000c66 (0x00d34a03) lbu     s4, 13(t1)
core   0: 3 0x80000c66 (0x00d34a03) x20 0x000000b6 mem 0x80010efd
core   0: 0x80000c6a (0xffa30a03) lb      s4, -6(t1)
core   0: 3 0x80000c6a (0xffa30a03) x20 0xffffffa1 mem 0x80010eea
core   0: 0x80000c6e (0xff334203) lbu     tp, -13(t1)
core   0: 3 0x80000c6e (0xff334203) x 4 0x00000098 mem 0x80010ee3
core   0: 0x80000c72 (0x00c34283) lbu     t0, 12(t1)
core   0: 3 0x80000c72 (0x00c34283) x 5 0x000000b7 mem 0x80010efc
core   0: 0x80000c76 (0xffd34483) lbu     s1, -3(t1)
core   0: 3 0x80000c76 (0xffd34483) x 9 0x000000a6 mem 0x80010eed
core   0: 0x80000c7a (0x014a04b3) add     s1, s4, s4
core   0: 3 0x80000c7a (0x014a04b3) x 9 0xffffff42
core   0: 0x80000c7e (0x014307a3) sb      s4, 15(t1)
core   0: 3 0x80000c7e (0x014307a3) mem 0x80010eff 0xa1
core   0: 0x80000c82 (0x02407733) remu    a4, zero, tp
core   0: 3 0x80000c82 (0x02407733) x14 0x00000000
core   0: 0x80000c86 (0x00430703) lb      a4, 4(t1)
core   0: 3 0x80000c86 (0x00430703) x14 0xffffffaf mem 0x80010ef4
core   0: 0x80000c8a (0x00008f59) c.or    a4, a4
core   0: 3 0x80000c8a (0x8f59) x14 0xffffffaf
core   0: 0x80000c8c (0x029a2233) mulhsu  tp, s4, s1
core   0: 3 0x80000c8c (0x029a2233) x 4 0xffffffa1
core   0: 0x80000c90 (0x00930283) lb      t0, 9(t1)
core   0: 3 0x80000c90 (0x00930283) x 5 0xffffffb2 mem 0x80010ef9
core   0: 0x80000c94 (0xffb34a03) lbu     s4, -5(t1)
core   0: 3 0x80000c94 (0xffb34a03) x20 0x000000a0 mem 0x80010eeb
core   0: 0x80000c98 (0x00000001) c.nop
core   0: 3 0x80000c98 (0x0001)
core   0: 0x80000c9a (0x00334703) lbu     a4, 3(t1)
core   0: 3 0x80000c9a (0x00334703) x14 0x000000a8 mem 0x80010ef3
core   0: 0x80000c9e (0xffb34283) lbu     t0, -5(t1)
core   0: 3 0x80000c9e (0xffb34283) x 5 0x000000a0 mem 0x80010eeb
core   0: 0x80000ca2 (0x00e303a3) sb      a4, 7(t1)
core   0: 3 0x80000ca2 (0x00e303a3) mem 0x80010ef7 0xa8
core   0: 0x80000ca6 (0x00d30003) lb      zero, 13(t1)
core   0: 3 0x80000ca6 (0x00d30003) mem 0x80010efd
core   0: 0x80000caa (0x00635703) lhu     a4, 6(t1)
core   0: 3 0x80000caa (0x00635703) x14 0x0000a801 mem 0x80010ef6
core   0: 0x80000cae (0x00a30a03) lb      s4, 10(t1)
core   0: 3 0x80000cae (0x00a30a03) x20 0xffffffb1 mem 0x80010efa
core   0: 0x80000cb2 (0x00d34a03) lbu     s4, 13(t1)
core   0: 3 0x80000cb2 (0x00d34a03) x20 0x000000b6 mem 0x80010efd
core   0: 0x80000cb6 (0x000044c5) c.li    s1, 17
core   0: 3 0x80000cb6 (0x44c5) x 9 0x00000011
core   0: 0x80000cb8 (0x005a32b3) sltu    t0, s4, t0
core   0: 3 0x80000cb8 (0x005a32b3) x 5 0x00000000
core   0: 0x80000cbc (0x00477a33) and     s4, a4, tp
core   0: 3 0x80000cbc (0x00477a33) x20 0x0000a801
core   0: 0x80000cc0 (0x014a32b3) sltu    t0, s4, s4
core   0: 3 0x80000cc0 (0x014a32b3) x 5 0x00000000
core   0: 0x80000cc4 (0x00830a03) lb      s4, 8(t1)
core   0: 3 0x80000cc4 (0x00830a03) x20 0xffffffb3 mem 0x80010ef8
core   0: 0x80000cc8 (0xc7a27213) andi    tp, tp, -902
core   0: 3 0x80000cc8 (0xc7a27213) x 4 0xfffffc20
core   0: 0x80000ccc (0x00734a03) lbu     s4, 7(t1)
core   0: 3 0x80000ccc (0x00734a03) x20 0x000000a8 mem 0x80010ef7
core   0: 0x80000cd0 (0x03420233) mul     tp, tp, s4
core   0: 3 0x80000cd0 (0x03420233) x 4 0xfffd7500
core   0: 0x80000cd4 (0x00008f39) c.xor   a4, a4
core   0: 3 0x80000cd4 (0x8f39) x14 0x00000000
core   0: 0x80000cd6 (0xff530703) lb      a4, -11(t1)
core   0: 3 0x80000cd6 (0xff530703) x14 0xffffff9e mem 0x80010ee5
core   0: 0x80000cda (0xfe532823) sw      t0, -16(t1)
core   0: 3 0x80000cda (0xfe532823) mem 0x80010ee0 0x00000000
core   0: 0x80000cde (0x57807713) andi    a4, zero, 1400
core   0: 3 0x80000cde (0x57807713) x14 0x00000000
core   0: 0x80000ce2 (0x00008f59) c.or    a4, a4
core   0: 3 0x80000ce2 (0x8f59) x14 0x00000000
core   0: 0x80000ce4 (0xff334703) lbu     a4, -13(t1)
core   0: 3 0x80000ce4 (0xff334703) x14 0x00000000 mem 0x80010ee3
core   0: 0x80000ce8 (0x00032283) lw      t0, 0(t1)
core   0: 3 0x80000ce8 (0x00032283) x 5 0xa8a9aaab mem 0x80010ef0
core   0: 0x80000cec (0x00008f59) c.or    a4, a4
core   0: 3 0x80000cec (0x8f59) x14 0x00000000
core   0: 0x80000cee (0x00000a7a) c.slli  s4, 30
core   0: 3 0x80000cee (0x0a7a) x20 0x00000000
core   0: 0x80000cf0 (0x000304a3) sb      zero, 9(t1)
core   0: 3 0x80000cf0 (0x000304a3) mem 0x80010ef9 0x0
core   0: 0x80000cf4 (0xd8c4a293) slti    t0, s1, -628
core   0: 3 0x80000cf4 (0xd8c4a293) x 5 0x00000000
core   0: 0x80000cf8 (0x0142f4b3) and     s1, t0, s4
core   0: 3 0x80000cf8 (0x0142f4b3) x 9 0x00000000
core   0: 0x80000cfc (0x00134483) lbu     s1, 1(t1)
core   0: 3 0x80000cfc (0x00134483) x 9 0x000000aa mem 0x80010ef1
core   0: 0x80000d00 (0x0001d117) auipc   sp, 0x1d
core   0: 3 0x80000d00 (0x0001d117) x 2 0x8001dd00
core   0: 0x80000d04 (0xb6d10113) addi    sp, sp, -1171
core   0: 3 0x80000d04 (0xb6d10113) x 2 0x8001d86d
core   0: 0x80000d08 (0x02bd0d33) mul     s10, s10, a1
core   0: 3 0x80000d08 (0x02bd0d33) x26 0xffd16897
core   0: 0x80000d0c (0x84910203) lb      tp, -1975(sp)
core   0: 3 0x80000d0c (0x84910203) x 4 0x0000006d mem 0x8001d0b6
core   0: 0x80000d10 (0xd1f14583) lbu     a1, -737(sp)
core   0: 3 0x80000d10 (0xd1f14583) x11 0x00000047 mem 0x8001d58c
core   0: 0x80000d14 (0x000085ea) c.mv    a1, s10
core   0: 3 0x80000d14 (0x85ea) x11 0xffd16897
core   0: 0x80000d16 (0xd0614783) lbu     a5, -762(sp)
core   0: 3 0x80000d16 (0xd0614783) x15 0x00000028 mem 0x8001d573
core   0: 0x80000d1a (0x00008ba9) c.andi  a5, 10
core   0: 3 0x80000d1a (0x8ba9) x15 0x00000008
core   0: 0x80000d1c (0x024d3d33) mulhu   s10, s10, tp
core   0: 3 0x80000d1c (0x024d3d33) x26 0x0000006c
core   0: 0x80000d20 (0x000087a9) c.srai  a5, 10
core   0: 3 0x80000d20 (0x87a9) x15 0x00000000
core   0: 0x80000d22 (0x000063a9) c.lui   t2, 0xa
core   0: 3 0x80000d22 (0x63a9) x 7 0x0000a000
core   0: 0x80000d24 (0x187111a3) sh      t2, 387(sp)
core   0: 3 0x80000d24 (0x187111a3) mem 0x8001d9f0 0xa000
core   0: 0x80000d28 (0x000d1d13) slli    s10, s10, 0
core   0: 3 0x80000d28 (0x000d1d13) x26 0x0000006c
core   0: 0x80000d2c (0x00b3a4b3) slt     s1, t2, a1
core   0: 3 0x80000d2c (0x00b3a4b3) x 9 0x00000000
core   0: 0x80000d30 (0x9a410923) sb      tp, -1614(sp)
core   0: 3 0x80000d30 (0x9a410923) mem 0x8001d21f 0x6d
core   0: 0x80000d34 (0xafa11ca3) sh      s10, -1287(sp)
core   0: 3 0x80000d34 (0xafa11ca3) mem 0x8001d366 0x006c
core   0: 0x80000d38 (0xb58d0793) addi    a5, s10, -1192
core   0: 3 0x80000d38 (0xb58d0793) x15 0xfffffbc4
core   0: 0x80000d3c (0xb9914203) lbu     tp, -1127(sp)
core   0: 3 0x80000d3c (0xb9914203) x 4 0x000000bd mem 0x8001d406
core   0: 0x80000d40 (0x57fd2d13) slti    s10, s10, 1407
core   0: 3 0x80000d40 (0x57fd2d13) x26 0x00000001
core   0: 0x80000d44 (0x004233b3) sltu    t2, tp, tp
core   0: 3 0x80000d44 (0x004233b3) x 7 0x00000000
core   0: 0x80000d48 (0x00000001) c.nop
core   0: 3 0x80000d48 (0x0001)
core   0: 0x80000d4a (0xd2910583) lb      a1, -727(sp)
core   0: 3 0x80000d4a (0xd2910583) x11 0x0000004d mem 0x8001d596
core   0: 0x80000d4e (0x54915203) lhu     tp, 1353(sp)
core   0: 3 0x80000d4e (0x54915203) x 4 0x00006c6d mem 0x8001ddb6
core   0: 0x80000d52 (0x0000821e) c.mv    tp, t2
core   0: 3 0x80000d52 (0x821e) x 4 0x00000000
core   0: 0x80000d54 (0x00925d33) srl     s10, tp, s1
core   0: 3 0x80000d54 (0x00925d33) x26 0x00000000
core   0: 0x80000d58 (0xeb779497) auipc   s1, 0xeb779
core   0: 3 0x80000d58 (0xeb779497) x 9 0x6b779d58
core   0: 0x80000d5c (0x009d1793) slli    a5, s10, 9
core   0: 3 0x80000d5c (0x009d1793) x15 0x00000000
core   0: 0x80000d60 (0x749103a3) sb      s1, 1863(sp)
core   0: 3 0x80000d60 (0x749103a3) mem 0x8001dfb4 0x58
core   0: 0x80000d64 (0x00008d2e) c.mv    s10, a1
core   0: 3 0x80000d64 (0x8d2e) x26 0x0000004d
core   0: 0x80000d66 (0x00000221) c.addi  tp, 8
core   0: 3 0x80000d66 (0x0221) x 4 0x00000008
core   0: 0x80000d68 (0x000083d5) c.srli  a5, 21
core   0: 3 0x80000d68 (0x83d5) x15 0x00000000
core   0: 0x80000d6a (0x000080b9) c.srli  s1, 14
core   0: 3 0x80000d6a (0x80b9) x 9 0x0001adde
core   0: 0x80000d6c (0x02948d33) mul     s10, s1, s1
core   0: 3 0x80000d6c (0x02948d33) x26 0xd1d1cc84
core   0: 0x80000d70 (0x75f23d13) sltiu   s10, tp, 1887
core   0: 3 0x80000d70 (0x75f23d13) x26 0x00000001
core   0: 0x80000d74 (0x0ff0000f) fence   iorw,iorw
core   0: 3 0x80000d74 (0x0ff0000f)
core   0: 0x80000d78 (0x9967a213) slti    tp, a5, -1642
core   0: 3 0x80000d78 (0x9967a213) x 4 0x00000000
core   0: 0x80000d7c (0x759d7d13) andi    s10, s10, 1881
core   0: 3 0x80000d7c (0x759d7d13) x26 0x00000001
core   0: 0x80000d80 (0x007d07b3) add     a5, s10, t2
core   0: 3 0x80000d80 (0x007d07b3) x15 0x00000001
core   0: 0x80000d84 (0xf8f10923) sb      a5, -110(sp)
core   0: 3 0x80000d84 (0xf8f10923) mem 0x8001d7ff 0x1
core   0: 0x80000d88 (0x00bd2d33) slt     s10, s10, a1
core   0: 3 0x80000d88 (0x00bd2d33) x26 0x00000001
core   0: 0x80000d8c (0x40fd54b3) sra     s1, s10, a5
core   0: 3 0x80000d8c (0x40fd54b3) x 9 0x00000000
core   0: 0x80000d90 (0x00006395) c.lui   t2, 0x5
core   0: 3 0x80000d90 (0x6395) x 7 0x00005000
core   0: 0x80000d92 (0x0097e233) or      tp, a5, s1
core   0: 3 0x80000d92 (0x0097e233) x 4 0x00000001
core   0: 0x80000d96 (0x4a912fa3) sw      s1, 1215(sp)
core   0: 3 0x80000d96 (0x4a912fa3) mem 0x8001dd2c 0x00000000
core   0: 0x80000d9a (0x00014117) auipc   sp, 0x14
core   0: 3 0x80000d9a (0x00014117) x 2 0x80014d9a
core   0: 0x80000d9e (0x86210113) addi    sp, sp, -1950
core   0: 3 0x80000d9e (0x86210113) x 2 0x800145fc
core   0: 0x80000da2 (0xc3910383) lb      t2, -967(sp)
core   0: 3 0x80000da2 (0xc3910383) x 7 0xffffffee mem 0x80014235
core   0: 0x80000da6 (0x02b1be33) mulhu   t3, gp, a1
core   0: 3 0x80000da6 (0x02b1be33) x28 0x00000031
core   0: 0x80000daa (0x46812183) lw      gp, 1128(sp)
core   0: 3 0x80000daa (0x46812183) x 3 0x1c1d1e1f mem 0x80014a64
core   0: 0x80000dae (0x2c510383) lb      t2, 709(sp)
core   0: 3 0x80000dae (0x2c510383) x 7 0x0000007a mem 0x800148c1
core   0: 0x80000db2 (0x6dc104a3) sb      t3, 1737(sp)
core   0: 3 0x80000db2 (0x6dc104a3) mem 0x80014cc5 0x31
core   0: 0x80000db6 (0x84099e17) auipc   t3, 0x84099
core   0: 3 0x80000db6 (0x84099e17) x28 0x04099db6
core   0: 0x80000dba (0x000085b1) c.srai  a1, 12
core   0: 3 0x80000dba (0x85b1) x11 0x00000000
core   0: 0x80000dbc (0x02f815b3) mulh    a1, a6, a5
core   0: 3 0x80000dbc (0x02f815b3) x11 0xffffffff
core   0: 0x80000dc0 (0x0000100f) fence.i
core   0: 3 0x80000dc0 (0x0000100f)
core   0: 0x80000dc4 (0x3f914783) lbu     a5, 1017(sp)
core   0: 3 0x80000dc4 (0x3f914783) x15 0x000000ae mem 0x800149f5
core   0: 0x80000dc8 (0xee710ba3) sb      t2, -265(sp)
core   0: 3 0x80000dc8 (0xee710ba3) mem 0x800144f3 0x7a
core   0: 0x80000dcc (0x00008dad) c.xor   a1, a1
core   0: 3 0x80000dcc (0x8dad) x11 0x00000000
core   0: 0x80000dce (0x010e5593) srli    a1, t3, 16
core   0: 3 0x80000dce (0x010e5593) x11 0x00000409
core   0: 0x80000dd2 (0xc9c10123) sb      t3, -894(sp)
core   0: 3 0x80000dd2 (0xc9c10123) mem 0x8001427e 0xb6
core   0: 0x80000dd6 (0x03c5b833) mulhu   a6, a1, t3
core   0: 3 0x80000dd6 (0x03c5b833) x16 0x00000010
core   0: 0x80000dda (0xf0414583) lbu     a1, -252(sp)
core   0: 3 0x80000dda (0xf0414583) x11 0x000000bb mem 0x80014500
core   0: 0x80000dde (0xc3b14383) lbu     t2, -965(sp)
core   0: 3 0x80000dde (0xc3b14383) x 7 0x000000ec mem 0x80014237
core   0: 0x80000de2 (0x12a10803) lb      a6, 298(sp)
core   0: 3 0x80000de2 (0x12a10803) x16 0xffffffdd mem 0x80014726
core   0: 0x80000de6 (0x37010623) sb      a6, 876(sp)
core   0: 3 0x80000de6 (0x37010623) mem 0x80014968 0xdd
core   0: 0x80000dea (0x00008bf1) c.andi  a5, 28
core   0: 3 0x80000dea (0x8bf1) x15 0x0000000c
core   0: 0x80000dec (0x02f7f3b3) remu    t2, a5, a5
core   0: 3 0x80000dec (0x02f7f3b3) x 7 0x00000000
core   0: 0x80000df0 (0x9f011623) sh      a6, -1556(sp)
core   0: 3 0x80000df0 (0x9f011623) mem 0x80013fe8 0xffdd
core   0: 0x80000df4 (0x0000587d) c.li    a6, -1
core   0: 3 0x80000df4 (0x587d) x16 0xffffffff
core   0: 0x80000df6 (0x0233b7b3) mulhu   a5, t2, gp
core   0: 3 0x80000df6 (0x0233b7b3) x15 0x00000000
core   0: 0x80000dfa (0xba710803) lb      a6, -1113(sp)
core   0: 3 0x80000dfa (0xba710803) x16 0x00000058 mem 0x800141a3
core   0: 0x80000dfe (0xaf45c193) xori    gp, a1, -1292
core   0: 3 0x80000dfe (0xaf45c193) x 3 0xfffffa4f
core   0: 0x80000e02 (0x96114e03) lbu     t3, -1695(sp)
core   0: 3 0x80000e02 (0x96114e03) x28 0x00000016 mem 0x80013f5d
core   0: 0x80000e06 (0x62b10b23) sb      a1, 1590(sp)
core   0: 3 0x80000e06 (0x62b10b23) mem 0x80014c32 0xbb
core   0: 0x80000e0a (0x410e5833) sra     a6, t3, a6
core   0: 3 0x80000e0a (0x410e5833) x16 0x00000000
core   0: 0x80000e0e (0x000095f2) c.add   a1, t3
core   0: 3 0x80000e0e (0x95f2) x11 0x000000d1
core   0: 0x80000e10 (0x00000001) c.nop
core   0: 3 0x80000e10 (0x0001)
core   0: 0x80000e12 (0x02f593b3) mulh    t2, a1, a5
core   0: 3 0x80000e12 (0x02f593b3) x 7 0x00000000
core   0: 0x80000e16 (0x000013fd) c.addi  t2, -1
core   0: 3 0x80000e16 (0x13fd) x 7 0xffffffff
core   0: 0x80000e18 (0x0ff0000f) fence   iorw,iorw
core   0: 3 0x80000e18 (0x0ff0000f)
core   0: 0x80000e1c (0xe9110583) lb      a1, -367(sp)
core   0: 3 0x80000e1c (0xe9110583) x11 0x00000046 mem 0x8001448d
core   0: 0x80000e20 (0x0180066f) jal     a2, pc + 0x18
core   0: 3 0x80000e20 (0x0180066f) x12 0x80000e24
core   0: 0x80000e38 (0xff7ff0ef) jal     pc - 0xa
core   0: 3 0x80000e38 (0xff7ff0ef) x 1 0x80000e3c
core   0: 0x80000e2e (0x0000bffd) c.j     pc - 2
core   0: 3 0x80000e2e (0xbffd)
core   0: 0x80000e2c (0x00003ffd) c.jal   pc - 2
core   0: 3 0x80000e2c (0x3ffd) x 1 0x80000e2e
core   0: 0x80000e2a (0x0000a829) c.j     pc + 26
core   0: 3 0x80000e2a (0xa829)
core   0: 0x80000e44 (0x00003fcd) c.jal   pc - 14
core   0: 3 0x80000e44 (0x3fcd) x 1 0x80000e46
core   0: 0x80000e36 (0x00003ff5) c.jal   pc - 4
core   0: 3 0x80000e36 (0x3ff5) x 1 0x80000e38
core   0: 0x80000e32 (0xff7ff36f) jal     t1, pc - 0xa
core   0: 3 0x80000e32 (0xff7ff36f) x 6 0x80000e36
core   0: 0x80000e28 (0x00002819) c.jal   pc + 22
core   0: 3 0x80000e28 (0x2819) x 1 0x80000e2a
core   0: 0x80000e3e (0x00002011) c.jal   pc + 4
core   0: 3 0x80000e3e (0x2011) x 1 0x80000e40
core   0: 0x80000e42 (0x00003ffd) c.jal   pc - 2
core   0: 3 0x80000e42 (0x3ffd) x 1 0x80000e44
core   0: 0x80000e40 (0x00003ff5) c.jal   pc - 4
core   0: 3 0x80000e40 (0x3ff5) x 1 0x80000e42
core   0: 0x80000e3c (0x0000b7e5) c.j     pc - 24
core   0: 3 0x80000e3c (0xb7e5)
core   0: 0x80000e24 (0x00c0026f) jal     tp, pc + 0xc
core   0: 3 0x80000e24 (0x00c0026f) x 4 0x80000e28
core   0: 0x80000e30 (0x00002819) c.jal   pc + 22
core   0: 3 0x80000e30 (0x2819) x 1 0x80000e32
core   0: 0x80000e46 (0xb96c9fb7) lui     t6, 0xb96c9
core   0: 3 0x80000e46 (0xb96c9fb7) x31 0xb96c9000
core   0: 0x80000e4a (0x00015e17) auipc   t3, 0x15
core   0: 3 0x80000e4a (0x00015e17) x28 0x80015e4a
core   0: 0x80000e4e (0x50ee0e13) addi    t3, t3, 1294
core   0: 3 0x80000e4e (0x50ee0e13) x28 0x80016358
core   0: 0x80000e52 (0x00010e97) auipc   t4, 0x10
core   0: 3 0x80000e52 (0x00010e97) x29 0x80010e52
core   0: 0x80000e56 (0xeb7e8e93) addi    t4, t4, -329
core   0: 3 0x80000e56 (0xeb7e8e93) x29 0x80010d09
core   0: 0x80000e5a (0xf98e1c23) sh      s8, -104(t3)
core   0: 3 0x80000e5a (0xf98e1c23) mem 0x800162f0 0x005e
core   0: 0x80000e5e (0x004e8103) lb      sp, 4(t4)
core   0: 3 0x80000e5e (0x004e8103) x 2 0xffffffc6 mem 0x80010d0d
core   0: 0x80000e62 (0xfbce5383) lhu     t2, -68(t3)
core   0: 3 0x80000e62 (0xfbce5383) x 7 0x0000cecf mem 0x80016314
core   0: 0x80000e66 (0x001ecf03) lbu     t5, 1(t4)
core   0: 3 0x80000e66 (0x001ecf03) x30 0x000000c1 mem 0x80010d0a
core   0: 0x80000e6a (0xf48e0fa3) sb      s0, -161(t3)
core   0: 3 0x80000e6a (0xf48e0fa3) mem 0x800162b7 0xe5
core   0: 0x80000e6e (0x00aea7a3) sw      a0, 15(t4)
core   0: 3 0x80000e6e (0x00aea7a3) mem 0x80010d18 0x0000000d
core   0: 0x80000e72 (0x015e0ca3) sb      s5, 25(t3)
core   0: 3 0x80000e72 (0x015e0ca3) mem 0x80016371 0x30
core   0: 0x80000e76 (0x00eeca83) lbu     s5, 14(t4)
core   0: 3 0x80000e76 (0x00eeca83) x21 0x000000cc mem 0x80010d17
core   0: 0x80000e7a (0xf55e1b23) sh      s5, -170(t3)
core   0: 3 0x80000e7a (0xf55e1b23) mem 0x800162ae 0x00cc
core   0: 0x80000e7e (0x013e8223) sb      s3, 4(t4)
core   0: 3 0x80000e7e (0x013e8223) mem 0x80010d0d 0x8a
core   0: 0x80000e82 (0xfc3e4f03) lbu     t5, -61(t3)
core   0: 3 0x80000e82 (0xfc3e4f03) x30 0x000000d0 mem 0x8001631b
core   0: 0x80000e86 (0xf43e4203) lbu     tp, -189(t3)
core   0: 3 0x80000e86 (0xf43e4203) x 4 0x00000050 mem 0x8001629b
core   0: 0x80000e8a (0x00ae8a83) lb      s5, 10(t4)
core   0: 3 0x80000e8a (0x00ae8a83) x21 0xffffffc8 mem 0x80010d13
core   0: 0x80000e8e (0xfffe88a3) sb      t6, -15(t4)
core   0: 3 0x80000e8e (0xfffe88a3) mem 0x80010cfa 0x0
core   0: 0x80000e92 (0xf0de0603) lb      a2, -243(t3)
core   0: 3 0x80000e92 (0xf0de0603) x12 0x0000001e mem 0x80016265
core   0: 0x80000e96 (0x002e8083) lb      ra, 2(t4)
core   0: 3 0x80000e96 (0x002e8083) x 1 0xffffffc0 mem 0x80010d0b
core   0: 0x80000e9a (0x071e0423) sb      a7, 104(t3)
core   0: 3 0x80000e9a (0x071e0423) mem 0x800163c0 0x64
core   0: 0x80000e9e (0x005ed583) lhu     a1, 5(t4)
core   0: 3 0x80000e9e (0x005ed583) x11 0x0000c4c5 mem 0x80010d0e
core   0: 0x80000ea2 (0x01be0683) lb      a3, 27(t3)
core   0: 3 0x80000ea2 (0x01be0683) x13 0x00000028 mem 0x80016373
core   0: 0x80000ea6 (0x0200066f) jal     a2, pc + 0x20
core   0: 3 0x80000ea6 (0x0200066f) x12 0x80000eaa
core   0: 0x80000ec6 (0xfedff0ef) jal     pc - 0x14
core   0: 3 0x80000ec6 (0xfedff0ef) x 1 0x80000eca
core   0: 0x80000eb2 (0x0000a821) c.j     pc + 24
core   0: 3 0x80000eb2 (0xa821)
core   0: 0x80000eca (0x0000a801) c.j     pc + 16
core   0: 3 0x80000eca (0xa801)
core   0: 0x80000eda (0xfe3ff0ef) jal     pc - 0x1e
core   0: 3 0x80000eda (0xfe3ff0ef) x 1 0x80000ede
core   0: 0x80000ebc (0x00002011) c.jal   pc + 4
core   0: 3 0x80000ebc (0x2011) x 1 0x80000ebe
core   0: 0x80000ec0 (0x0000a009) c.j     pc + 2
core   0: 3 0x80000ec0 (0xa009)
core   0: 0x80000ec2 (0x022000ef) jal     pc + 0x22
core   0: 3 0x80000ec2 (0x022000ef) x 1 0x80000ec6
core   0: 0x80000ee4 (0x000037ed) c.jal   pc - 22
core   0: 3 0x80000ee4 (0x37ed) x 1 0x80000ee6
core   0: 0x80000ece (0x0000bff9) c.j     pc - 34
core   0: 3 0x80000ece (0xbff9)
core   0: 0x80000eac (0x0000202d) c.jal   pc + 42
core   0: 3 0x80000eac (0x202d) x 1 0x80000eae
core   0: 0x80000ed6 (0x008000ef) jal     pc + 0x8
core   0: 3 0x80000ed6 (0x008000ef) x 1 0x80000eda
core   0: 0x80000ede (0x0000a009) c.j     pc + 2
core   0: 3 0x80000ede (0xa009)
core   0: 0x80000ee0 (0x0000bfc1) c.j     pc - 48
core   0: 3 0x80000ee0 (0xbfc1)
core   0: 0x80000eb0 (0x00002039) c.jal   pc + 14
core   0: 3 0x80000eb0 (0x2039) x 1 0x80000eb2
core   0: 0x80000ebe (0x0000bfe5) c.j     pc - 8
core   0: 3 0x80000ebe (0xbfe5)
core   0: 0x80000eb6 (0x0300036f) jal     t1, pc + 0x30
core   0: 3 0x80000eb6 (0x0300036f) x 6 0x80000eba
core   0: 0x80000ee6 (0x000037e1) c.jal   pc - 56
core   0: 3 0x80000ee6 (0x37e1) x 1 0x80000ee8
core   0: 0x80000eae (0x00002815) c.jal   pc + 52
core   0: 3 0x80000eae (0x2815) x 1 0x80000eb0
core   0: 0x80000ee2 (0x00003fc5) c.jal   pc - 16
core   0: 3 0x80000ee2 (0x3fc5) x 1 0x80000ee4
core   0: 0x80000ed2 (0xfe9ff26f) jal     tp, pc - 0x18
core   0: 3 0x80000ed2 (0xfe9ff26f) x 4 0x80000ed6
core   0: 0x80000eba (0x0000a809) c.j     pc + 18
core   0: 3 0x80000eba (0xa809)
core   0: 0x80000ecc (0x0000b7e5) c.j     pc - 24
core   0: 3 0x80000ecc (0xb7e5)
core   0: 0x80000eb4 (0x00003fdd) c.jal   pc - 10
core   0: 3 0x80000eb4 (0x3fdd) x 1 0x80000eb6
core   0: 0x80000eaa (0x0000a01d) c.j     pc + 38
core   0: 3 0x80000eaa (0xa01d)
core   0: 0x80000ed0 (0x0000a821) c.j     pc + 24
core   0: 3 0x80000ed0 (0xa821)
core   0: 0x80000ee8 (0x0000408d) c.li    ra, 3
core   0: 3 0x80000ee8 (0x408d) x 1 0x00000003
core   0: 0x80000eea (0x0001e497) auipc   s1, 0x1e
core   0: 3 0x80000eea (0x0001e497) x 9 0x8001eeea
core   0: 0x80000eee (0x5bf48493) addi    s1, s1, 1471
core   0: 3 0x80000eee (0x5bf48493) x 9 0x8001f4a9
core   0: 0x80000ef2 (0x00010e97) auipc   t4, 0x10
core   0: 3 0x80000ef2 (0x00010e97) x29 0x80010ef2
core   0: 0x80000ef6 (0x9bce8e93) addi    t4, t4, -1604
core   0: 3 0x80000ef6 (0x9bce8e93) x29 0x800108ae
core   0: 0x80000efa (0x0cee8ba3) sb      a4, 215(t4)
core   0: 3 0x80000efa (0x0cee8ba3) mem 0x80010985 0x0
core   0: 0x80000efe (0xfed48923) sb      a3, -14(s1)
core   0: 3 0x80000efe (0xfed48923) mem 0x8001f49b 0x28
core   0: 0x80000f02 (0xff848e03) lb      t3, -8(s1)
core   0: 3 0x80000f02 (0xff848e03) x28 0x0000005a mem 0x8001f4a1
core   0: 0x80000f06 (0xff64cb83) lbu     s7, -10(s1)
core   0: 3 0x80000f06 (0xff64cb83) x23 0x00000054 mem 0x8001f49f
core   0: 0x80000f0a (0x0014cd03) lbu     s10, 1(s1)
core   0: 3 0x80000f0a (0x0014cd03) x26 0x00000061 mem 0x8001f4aa
core   0: 0x80000f0e (0x0d5ec783) lbu     a5, 213(t4)
core   0: 3 0x80000f0e (0x0d5ec783) x15 0x00000038 mem 0x80010983
core   0: 0x80000f12 (0x0004c183) lbu     gp, 0(s1)
core   0: 3 0x80000f12 (0x0004c183) x 3 0x00000062 mem 0x8001f4a9
core   0: 0x80000f16 (0x08fec083) lbu     ra, 143(t4)
core   0: 3 0x80000f16 (0x08fec083) x 1 0x000000f6 mem 0x8001093d
core   0: 0x80000f1a (0xffd4dd03) lhu     s10, -3(s1)
core   0: 3 0x80000f1a (0xffd4dd03) x26 0x00005c5d mem 0x8001f4a6
core   0: 0x80000f1e (0x0c4edf03) lhu     t5, 196(t4)
core   0: 3 0x80000f1e (0x0c4edf03) x30 0x00002829 mem 0x80010972
core   0: 0x80000f22 (0xf1de8983) lb      s3, -227(t4)
core   0: 3 0x80000f22 (0xf1de8983) x19 0xffffff80 mem 0x800107cb
core   0: 0x80000f26 (0x01948323) sb      s9, 6(s1)
core   0: 3 0x80000f26 (0x01948323) mem 0x8001f4af 0xe4
core   0: 0x80000f2a (0xf3ae8083) lb      ra, -198(t4)
core   0: 3 0x80000f2a (0xf3ae8083) x 1 0xffffffa3 mem 0x800107e8
core   0: 0x80000f2e (0x01c48123) sb      t3, 2(s1)
core   0: 3 0x80000f2e (0x01c48123) mem 0x8001f4ab 0x5a
core   0: 0x80000f32 (0x00548823) sb      t0, 16(s1)
core   0: 3 0x80000f32 (0x00548823) mem 0x8001f4b9 0x0
core   0: 0x80000f36 (0x049ece03) lbu     t3, 73(t4)
core   0: 3 0x80000f36 (0x049ece03) x28 0x000000ac mem 0x800108f7
core   0: 0x80000f3a (0xffb00e13) li      t3, -5
core   0: 3 0x80000f3a (0xffb00e13) x28 0xfffffffb
core   0: 0x80000f3e (0x00009926) c.add   s2, s1
core   0: 3 0x80000f3e (0x9926) x18 0x8001f4a9
core   0: 0x80000f40 (0x01ede133) or      sp, s11, t5
core   0: 3 0x80000f40 (0x01ede133) x 2 0xffffffff
core   0: 0x80000f44 (0x00f00193) li      gp, 15
core   0: 3 0x80000f44 (0x00f00193) x 3 0x0000000f
core   0: 0x80000f48 (0x000010fd) c.addi  ra, -1
core   0: 3 0x80000f48 (0x10fd) x 1 0xffffffa2
core   0: 0x80000f4a (0x00001c1c) c.addi4spn a5, sp, 560
core   0: 3 0x80000f4a (0x1c1c) x15 0x0000022f
core   0: 0x80000f4c (0x00000e11) c.addi  t3, 4
core   0: 3 0x80000f4c (0x0e11) x28 0xffffffff
core   0: 0x80000f4e (0x00008b5e) c.mv    s6, s7
core   0: 3 0x80000f4e (0x8b5e) x22 0x00000054
core   0: 0x80000f50 (0x00000413) li      s0, 0
core   0: 3 0x80000f50 (0x00000413) x 8 0x00000000
core   0: 0x80000f54 (0x01400393) li      t2, 20
core   0: 3 0x80000f54 (0x01400393) x 7 0x00000014
core   0: 0x80000f58 (0x03c6d133) divu    sp, a3, t3
core   0: 3 0x80000f58 (0x03c6d133) x 2 0x00000000
core   0: 0x80000f5c (0x00008665) c.srai  a2, 25
core   0: 3 0x80000f5c (0x8665) x12 0xffffffc0
core   0: 0x80000f5e (0x00000c36) c.slli  s8, 13
core   0: 3 0x80000f5e (0x0c36) x24 0x000bc000
core   0: 0x80000f60 (0x93889f17) auipc   t5, 0x93889
core   0: 3 0x80000f60 (0x93889f17) x30 0x13889f60
core   0: 0x80000f64 (0x00009a7d) c.andi  a2, -1
core   0: 3 0x80000f64 (0x9a7d) x12 0xffffffc0
core   0: 0x80000f66 (0x00009dfa) c.add   s11, t5
core   0: 3 0x80000f66 (0x9dfa) x27 0x13889f5e
core   0: 0x80000f68 (0x00000001) c.nop
core   0: 3 0x80000f68 (0x0001)
core   0: 0x80000f6a (0x00000409) c.addi  s0, 2
core   0: 3 0x80000f6a (0x0409) x 8 0x00000002
core   0: 0x80000f6c (0x00008cfd) c.and   s1, a5
core   0: 3 0x80000f6c (0x8cfd) x 9 0x00000029
core   0: 0x80000f6e (0xfe7419e3) bne     s0, t2, pc - 14
core   0: 3 0x80000f6e (0xfe7419e3)
core   0: 0x80000f60 (0x93889f17) auipc   t5, 0x93889
core   0: 3 0x80000f60 (0x93889f17) x30 0x13889f60
core   0: 0x80000f64 (0x00009a7d) c.andi  a2, -1
core   0: 3 0x80000f64 (0x9a7d) x12 0xffffffc0
core   0: 0x80000f66 (0x00009dfa) c.add   s11, t5
core   0: 3 0x80000f66 (0x9dfa) x27 0x27113ebe
core   0: 0x80000f68 (0x00000001) c.nop
core   0: 3 0x80000f68 (0x0001)
core   0: 0x80000f6a (0x00000409) c.addi  s0, 2
core   0: 3 0x80000f6a (0x0409) x 8 0x00000004
core   0: 0x80000f6c (0x00008cfd) c.and   s1, a5
core   0: 3 0x80000f6c (0x8cfd) x 9 0x00000029
core   0: 0x80000f6e (0xfe7419e3) bne     s0, t2, pc - 14
core   0: 3 0x80000f6e (0xfe7419e3)
core   0: 0x80000f60 (0x93889f17) auipc   t5, 0x93889
core   0: 3 0x80000f60 (0x93889f17) x30 0x13889f60
core   0: 0x80000f64 (0x00009a7d) c.andi  a2, -1
core   0: 3 0x80000f64 (0x9a7d) x12 0xffffffc0
core   0: 0x80000f66 (0x00009dfa) c.add   s11, t5
core   0: 3 0x80000f66 (0x9dfa) x27 0x3a99de1e
core   0: 0x80000f68 (0x00000001) c.nop
core   0: 3 0x80000f68 (0x0001)
core   0: 0x80000f6a (0x00000409) c.addi  s0, 2
core   0: 3 0x80000f6a (0x0409) x 8 0x00000006
core   0: 0x80000f6c (0x00008cfd) c.and   s1, a5
core   0: 3 0x80000f6c (0x8cfd) x 9 0x00000029
core   0: 0x80000f6e (0xfe7419e3) bne     s0, t2, pc - 14
core   0: 3 0x80000f6e (0xfe7419e3)
core   0: 0x80000f60 (0x93889f17) auipc   t5, 0x93889
core   0: 3 0x80000f60 (0x93889f17) x30 0x13889f60
core   0: 0x80000f64 (0x00009a7d) c.andi  a2, -1
core   0: 3 0x80000f64 (0x9a7d) x12 0xffffffc0
core   0: 0x80000f66 (0x00009dfa) c.add   s11, t5
core   0: 3 0x80000f66 (0x9dfa) x27 0x4e227d7e
core   0: 0x80000f68 (0x00000001) c.nop
core   0: 3 0x80000f68 (0x0001)
core   0: 0x80000f6a (0x00000409) c.addi  s0, 2
core   0: 3 0x80000f6a (0x0409) x 8 0x00000008
core   0: 0x80000f6c (0x00008cfd) c.and   s1, a5
core   0: 3 0x80000f6c (0x8cfd) x 9 0x00000029
core   0: 0x80000f6e (0xfe7419e3) bne     s0, t2, pc - 14
core   0: 3 0x80000f6e (0xfe7419e3)
core   0: 0x80000f60 (0x93889f17) auipc   t5, 0x93889
core   0: 3 0x80000f60 (0x93889f17) x30 0x13889f60
core   0: 0x80000f64 (0x00009a7d) c.andi  a2, -1
core   0: 3 0x80000f64 (0x9a7d) x12 0xffffffc0
core   0: 0x80000f66 (0x00009dfa) c.add   s11, t5
core   0: 3 0x80000f66 (0x9dfa) x27 0x61ab1cde
core   0: 0x80000f68 (0x00000001) c.nop
core   0: 3 0x80000f68 (0x0001)
core   0: 0x80000f6a (0x00000409) c.addi  s0, 2
core   0: 3 0x80000f6a (0x0409) x 8 0x0000000a
core   0: 0x80000f6c (0x00008cfd) c.and   s1, a5
core   0: 3 0x80000f6c (0x8cfd) x 9 0x00000029
core   0: 0x80000f6e (0xfe7419e3) bne     s0, t2, pc - 14
core   0: 3 0x80000f6e (0xfe7419e3)
core   0: 0x80000f60 (0x93889f17) auipc   t5, 0x93889
core   0: 3 0x80000f60 (0x93889f17) x30 0x13889f60
core   0: 0x80000f64 (0x00009a7d) c.andi  a2, -1
core   0: 3 0x80000f64 (0x9a7d) x12 0xffffffc0
core   0: 0x80000f66 (0x00009dfa) c.add   s11, t5
core   0: 3 0x80000f66 (0x9dfa) x27 0x7533bc3e
core   0: 0x80000f68 (0x00000001) c.nop
core   0: 3 0x80000f68 (0x0001)
core   0: 0x80000f6a (0x00000409) c.addi  s0, 2
core   0: 3 0x80000f6a (0x0409) x 8 0x0000000c
core   0: 0x80000f6c (0x00008cfd) c.and   s1, a5
core   0: 3 0x80000f6c (0x8cfd) x 9 0x00000029
core   0: 0x80000f6e (0xfe7419e3) bne     s0, t2, pc - 14
core   0: 3 0x80000f6e (0xfe7419e3)
core   0: 0x80000f60 (0x93889f17) auipc   t5, 0x93889
core   0: 3 0x80000f60 (0x93889f17) x30 0x13889f60
core   0: 0x80000f64 (0x00009a7d) c.andi  a2, -1
core   0: 3 0x80000f64 (0x9a7d) x12 0xffffffc0
core   0: 0x80000f66 (0x00009dfa) c.add   s11, t5
core   0: 3 0x80000f66 (0x9dfa) x27 0x88bc5b9e
core   0: 0x80000f68 (0x00000001) c.nop
core   0: 3 0x80000f68 (0x0001)
core   0: 0x80000f6a (0x00000409) c.addi  s0, 2
core   0: 3 0x80000f6a (0x0409) x 8 0x0000000e
core   0: 0x80000f6c (0x00008cfd) c.and   s1, a5
core   0: 3 0x80000f6c (0x8cfd) x 9 0x00000029
core   0: 0x80000f6e (0xfe7419e3) bne     s0, t2, pc - 14
core   0: 3 0x80000f6e (0xfe7419e3)
core   0: 0x80000f60 (0x93889f17) auipc   t5, 0x93889
core   0: 3 0x80000f60 (0x93889f17) x30 0x13889f60
core   0: 0x80000f64 (0x00009a7d) c.andi  a2, -1
core   0: 3 0x80000f64 (0x9a7d) x12 0xffffffc0
core   0: 0x80000f66 (0x00009dfa) c.add   s11, t5
core   0: 3 0x80000f66 (0x9dfa) x27 0x9c44fafe
core   0: 0x80000f68 (0x00000001) c.nop
core   0: 3 0x80000f68 (0x0001)
core   0: 0x80000f6a (0x00000409) c.addi  s0, 2
core   0: 3 0x80000f6a (0x0409) x 8 0x00000010
core   0: 0x80000f6c (0x00008cfd) c.and   s1, a5
core   0: 3 0x80000f6c (0x8cfd) x 9 0x00000029
core   0: 0x80000f6e (0xfe7419e3) bne     s0, t2, pc - 14
core   0: 3 0x80000f6e (0xfe7419e3)
core   0: 0x80000f60 (0x93889f17) auipc   t5, 0x93889
core   0: 3 0x80000f60 (0x93889f17) x30 0x13889f60
core   0: 0x80000f64 (0x00009a7d) c.andi  a2, -1
core   0: 3 0x80000f64 (0x9a7d) x12 0xffffffc0
core   0: 0x80000f66 (0x00009dfa) c.add   s11, t5
core   0: 3 0x80000f66 (0x9dfa) x27 0xafcd9a5e
core   0: 0x80000f68 (0x00000001) c.nop
core   0: 3 0x80000f68 (0x0001)
core   0: 0x80000f6a (0x00000409) c.addi  s0, 2
core   0: 3 0x80000f6a (0x0409) x 8 0x00000012
core   0: 0x80000f6c (0x00008cfd) c.and   s1, a5
core   0: 3 0x80000f6c (0x8cfd) x 9 0x00000029
core   0: 0x80000f6e (0xfe7419e3) bne     s0, t2, pc - 14
core   0: 3 0x80000f6e (0xfe7419e3)
core   0: 0x80000f60 (0x93889f17) auipc   t5, 0x93889
core   0: 3 0x80000f60 (0x93889f17) x30 0x13889f60
core   0: 0x80000f64 (0x00009a7d) c.andi  a2, -1
core   0: 3 0x80000f64 (0x9a7d) x12 0xffffffc0
core   0: 0x80000f66 (0x00009dfa) c.add   s11, t5
core   0: 3 0x80000f66 (0x9dfa) x27 0xc35639be
core   0: 0x80000f68 (0x00000001) c.nop
core   0: 3 0x80000f68 (0x0001)
core   0: 0x80000f6a (0x00000409) c.addi  s0, 2
core   0: 3 0x80000f6a (0x0409) x 8 0x00000014
core   0: 0x80000f6c (0x00008cfd) c.and   s1, a5
core   0: 3 0x80000f6c (0x8cfd) x 9 0x00000029
core   0: 0x80000f6e (0xfe7419e3) bne     s0, t2, pc - 14
core   0: 3 0x80000f6e (0xfe7419e3)
core   0: 0x80000f72 (0xc855f113) andi    sp, a1, -891
core   0: 3 0x80000f72 (0xc855f113) x 2 0x0000c485
core   0: 0x80000f76 (0xfc3e1ae3) bne     t3, gp, pc - 44
core   0: 3 0x80000f76 (0xfc3e1ae3)
core   0: 0x80000f4a (0x00001c1c) c.addi4spn a5, sp, 560
core   0: 3 0x80000f4a (0x1c1c) x15 0x0000c6b5
core   0: 0x80000f4c (0x00000e11) c.addi  t3, 4
core   0: 3 0x80000f4c (0x0e11) x28 0x00000003
core   0: 0x80000f4e (0x00008b5e) c.mv    s6, s7
core   0: 3 0x80000f4e (0x8b5e) x22 0x00000054
core   0: 0x80000f50 (0x00000413) li      s0, 0
core   0: 3 0x80000f50 (0x00000413) x 8 0x00000000
core   0: 0x80000f54 (0x01400393) li      t2, 20
core   0: 3 0x80000f54 (0x01400393) x 7 0x00000014
core   0: 0x80000f58 (0x03c6d133) divu    sp, a3, t3
core   0: 3 0x80000f58 (0x03c6d133) x 2 0x0000000d
core   0: 0x80000f5c (0x00008665) c.srai  a2, 25
core   0: 3 0x80000f5c (0x8665) x12 0xffffffff
core   0: 0x80000f5e (0x00000c36) c.slli  s8, 13
core   0: 3 0x80000f5e (0x0c36) x24 0x78000000
core   0: 0x80000f60 (0x93889f17) auipc   t5, 0x93889
core   0: 3 0x80000f60 (0x93889f17) x30 0x13889f60
core   0: 0x80000f64 (0x00009a7d) c.andi  a2, -1
core   0: 3 0x80000f64 (0x9a7d) x12 0xffffffff
core   0: 0x80000f66 (0x00009dfa) c.add   s11, t5
core   0: 3 0x80000f66 (0x9dfa) x27 0xd6ded91e
core   0: 0x80000f68 (0x00000001) c.nop
core   0: 3 0x80000f68 (0x0001)
core   0: 0x80000f6a (0x00000409) c.addi  s0, 2
core   0: 3 0x80000f6a (0x0409) x 8 0x00000002
core   0: 0x80000f6c (0x00008cfd) c.and   s1, a5
core   0: 3 0x80000f6c (0x8cfd) x 9 0x00000021
core   0: 0x80000f6e (0xfe7419e3) bne     s0, t2, pc - 14
core   0: 3 0x80000f6e (0xfe7419e3)
core   0: 0x80000f60 (0x93889f17) auipc   t5, 0x93889
core   0: 3 0x80000f60 (0x93889f17) x30 0x13889f60
core   0: 0x80000f64 (0x00009a7d) c.andi  a2, -1
core   0: 3 0x80000f64 (0x9a7d) x12 0xffffffff
core   0: 0x80000f66 (0x00009dfa) c.add   s11, t5
core   0: 3 0x80000f66 (0x9dfa) x27 0xea67787e
core   0: 0x80000f68 (0x00000001) c.nop
core   0: 3 0x80000f68 (0x0001)
core   0: 0x80000f6a (0x00000409) c.addi  s0, 2
core   0: 3 0x80000f6a (0x0409) x 8 0x00000004
core   0: 0x80000f6c (0x00008cfd) c.and   s1, a5
core   0: 3 0x80000f6c (0x8cfd) x 9 0x00000021
core   0: 0x80000f6e (0xfe7419e3) bne     s0, t2, pc - 14
core   0: 3 0x80000f6e (0xfe7419e3)
core   0: 0x80000f60 (0x93889f17) auipc   t5, 0x93889
core   0: 3 0x80000f60 (0x93889f17) x30 0x13889f60
core   0: 0x80000f64 (0x00009a7d) c.andi  a2, -1
core   0: 3 0x80000f64 (0x9a7d) x12 0xffffffff
core   0: 0x80000f66 (0x00009dfa) c.add   s11, t5
core   0: 3 0x80000f66 (0x9dfa) x27 0xfdf017de
core   0: 0x80000f68 (0x00000001) c.nop
core   0: 3 0x80000f68 (0x0001)
core   0: 0x80000f6a (0x00000409) c.addi  s0, 2
core   0: 3 0x80000f6a (0x0409) x 8 0x00000006
core   0: 0x80000f6c (0x00008cfd) c.and   s1, a5
core   0: 3 0x80000f6c (0x8cfd) x 9 0x00000021
core   0: 0x80000f6e (0xfe7419e3) bne     s0, t2, pc - 14
core   0: 3 0x80000f6e (0xfe7419e3)
core   0: 0x80000f60 (0x93889f17) auipc   t5, 0x93889
core   0: 3 0x80000f60 (0x93889f17) x30 0x13889f60
core   0: 0x80000f64 (0x00009a7d) c.andi  a2, -1
core   0: 3 0x80000f64 (0x9a7d) x12 0xffffffff
core   0: 0x80000f66 (0x00009dfa) c.add   s11, t5
core   0: 3 0x80000f66 (0x9dfa) x27 0x1178b73e
core   0: 0x80000f68 (0x00000001) c.nop
core   0: 3 0x80000f68 (0x0001)
core   0: 0x80000f6a (0x00000409) c.addi  s0, 2
core   0: 3 0x80000f6a (0x0409) x 8 0x00000008
core   0: 0x80000f6c (0x00008cfd) c.and   s1, a5
core   0: 3 0x80000f6c (0x8cfd) x 9 0x00000021
core   0: 0x80000f6e (0xfe7419e3) bne     s0, t2, pc - 14
core   0: 3 0x80000f6e (0xfe7419e3)
core   0: 0x80000f60 (0x93889f17) auipc   t5, 0x93889
core   0: 3 0x80000f60 (0x93889f17) x30 0x13889f60
core   0: 0x80000f64 (0x00009a7d) c.andi  a2, -1
core   0: 3 0x80000f64 (0x9a7d) x12 0xffffffff
core   0: 0x80000f66 (0x00009dfa) c.add   s11, t5
core   0: 3 0x80000f66 (0x9dfa) x27 0x2501569e
core   0: 0x80000f68 (0x00000001) c.nop
core   0: 3 0x80000f68 (0x0001)
core   0: 0x80000f6a (0x00000409) c.addi  s0, 2
core   0: 3 0x80000f6a (0x0409) x 8 0x0000000a
core   0: 0x80000f6c (0x00008cfd) c.and   s1, a5
core   0: 3 0x80000f6c (0x8cfd) x 9 0x00000021
core   0: 0x80000f6e (0xfe7419e3) bne     s0, t2, pc - 14
core   0: 3 0x80000f6e (0xfe7419e3)
core   0: 0x80000f60 (0x93889f17) auipc   t5, 0x93889
core   0: 3 0x80000f60 (0x93889f17) x30 0x13889f60
core   0: 0x80000f64 (0x00009a7d) c.andi  a2, -1
core   0: 3 0x80000f64 (0x9a7d) x12 0xffffffff
core   0: 0x80000f66 (0x00009dfa) c.add   s11, t5
core   0: 3 0x80000f66 (0x9dfa) x27 0x3889f5fe
core   0: 0x80000f68 (0x00000001) c.nop
core   0: 3 0x80000f68 (0x0001)
core   0: 0x80000f6a (0x00000409) c.addi  s0, 2
core   0: 3 0x80000f6a (0x0409) x 8 0x0000000c
core   0: 0x80000f6c (0x00008cfd) c.and   s1, a5
core   0: 3 0x80000f6c (0x8cfd) x 9 0x00000021
core   0: 0x80000f6e (0xfe7419e3) bne     s0, t2, pc - 14
core   0: 3 0x80000f6e (0xfe7419e3)
core   0: 0x80000f60 (0x93889f17) auipc   t5, 0x93889
core   0: 3 0x80000f60 (0x93889f17) x30 0x13889f60
core   0: 0x80000f64 (0x00009a7d) c.andi  a2, -1
core   0: 3 0x80000f64 (0x9a7d) x12 0xffffffff
core   0: 0x80000f66 (0x00009dfa) c.add   s11, t5
core   0: 3 0x80000f66 (0x9dfa) x27 0x4c12955e
core   0: 0x80000f68 (0x00000001) c.nop
core   0: 3 0x80000f68 (0x0001)
core   0: 0x80000f6a (0x00000409) c.addi  s0, 2
core   0: 3 0x80000f6a (0x0409) x 8 0x0000000e
core   0: 0x80000f6c (0x00008cfd) c.and   s1, a5
core   0: 3 0x80000f6c (0x8cfd) x 9 0x00000021
core   0: 0x80000f6e (0xfe7419e3) bne     s0, t2, pc - 14
core   0: 3 0x80000f6e (0xfe7419e3)
core   0: 0x80000f60 (0x93889f17) auipc   t5, 0x93889
core   0: 3 0x80000f60 (0x93889f17) x30 0x13889f60
core   0: 0x80000f64 (0x00009a7d) c.andi  a2, -1
core   0: 3 0x80000f64 (0x9a7d) x12 0xffffffff
core   0: 0x80000f66 (0x00009dfa) c.add   s11, t5
core   0: 3 0x80000f66 (0x9dfa) x27 0x5f9b34be
core   0: 0x80000f68 (0x00000001) c.nop
core   0: 3 0x80000f68 (0x0001)
core   0: 0x80000f6a (0x00000409) c.addi  s0, 2
core   0: 3 0x80000f6a (0x0409) x 8 0x00000010
core   0: 0x80000f6c (0x00008cfd) c.and   s1, a5
core   0: 3 0x80000f6c (0x8cfd) x 9 0x00000021
core   0: 0x80000f6e (0xfe7419e3) bne     s0, t2, pc - 14
core   0: 3 0x80000f6e (0xfe7419e3)
core   0: 0x80000f60 (0x93889f17) auipc   t5, 0x93889
core   0: 3 0x80000f60 (0x93889f17) x30 0x13889f60
core   0: 0x80000f64 (0x00009a7d) c.andi  a2, -1
core   0: 3 0x80000f64 (0x9a7d) x12 0xffffffff
core   0: 0x80000f66 (0x00009dfa) c.add   s11, t5
core   0: 3 0x80000f66 (0x9dfa) x27 0x7323d41e
core   0: 0x80000f68 (0x00000001) c.nop
core   0: 3 0x80000f68 (0x0001)
core   0: 0x80000f6a (0x00000409) c.addi  s0, 2
core   0: 3 0x80000f6a (0x0409) x 8 0x00000012
core   0: 0x80000f6c (0x00008cfd) c.and   s1, a5
core   0: 3 0x80000f6c (0x8cfd) x 9 0x00000021
core   0: 0x80000f6e (0xfe7419e3) bne     s0, t2, pc - 14
core   0: 3 0x80000f6e (0xfe7419e3)
core   0: 0x80000f60 (0x93889f17) auipc   t5, 0x93889
core   0: 3 0x80000f60 (0x93889f17) x30 0x13889f60
core   0: 0x80000f64 (0x00009a7d) c.andi  a2, -1
core   0: 3 0x80000f64 (0x9a7d) x12 0xffffffff
core   0: 0x80000f66 (0x00009dfa) c.add   s11, t5
core   0: 3 0x80000f66 (0x9dfa) x27 0x86ac737e
core   0: 0x80000f68 (0x00000001) c.nop
core   0: 3 0x80000f68 (0x0001)
core   0: 0x80000f6a (0x00000409) c.addi  s0, 2
core   0: 3 0x80000f6a (0x0409) x 8 0x00000014
core   0: 0x80000f6c (0x00008cfd) c.and   s1, a5
core   0: 3 0x80000f6c (0x8cfd) x 9 0x00000021
core   0: 0x80000f6e (0xfe7419e3) bne     s0, t2, pc - 14
core   0: 3 0x80000f6e (0xfe7419e3)
core   0: 0x80000f72 (0xc855f113) andi    sp, a1, -891
core   0: 3 0x80000f72 (0xc855f113) x 2 0x0000c485
core   0: 0x80000f76 (0xfc3e1ae3) bne     t3, gp, pc - 44
core   0: 3 0x80000f76 (0xfc3e1ae3)
core   0: 0x80000f4a (0x00001c1c) c.addi4spn a5, sp, 560
core   0: 3 0x80000f4a (0x1c1c) x15 0x0000c6b5
core   0: 0x80000f4c (0x00000e11) c.addi  t3, 4
core   0: 3 0x80000f4c (0x0e11) x28 0x00000007
core   0: 0x80000f4e (0x00008b5e) c.mv    s6, s7
core   0: 3 0x80000f4e (0x8b5e) x22 0x00000054
core   0: 0x80000f50 (0x00000413) li      s0, 0
core   0: 3 0x80000f50 (0x00000413) x 8 0x00000000
core   0: 0x80000f54 (0x01400393) li      t2, 20
core   0: 3 0x80000f54 (0x01400393) x 7 0x00000014
core   0: 0x80000f58 (0x03c6d133) divu    sp, a3, t3
core   0: 3 0x80000f58 (0x03c6d133) x 2 0x00000005
core   0: 0x80000f5c (0x00008665) c.srai  a2, 25
core   0: 3 0x80000f5c (0x8665) x12 0xffffffff
core   0: 0x80000f5e (0x00000c36) c.slli  s8, 13
core   0: 3 0x80000f5e (0x0c36) x24 0x00000000
core   0: 0x80000f60 (0x93889f17) auipc   t5, 0x93889
core   0: 3 0x80000f60 (0x93889f17) x30 0x13889f60
core   0: 0x80000f64 (0x00009a7d) c.andi  a2, -1
core   0: 3 0x80000f64 (0x9a7d) x12 0xffffffff
core   0: 0x80000f66 (0x00009dfa) c.add   s11, t5
core   0: 3 0x80000f66 (0x9dfa) x27 0x9a3512de
core   0: 0x80000f68 (0x00000001) c.nop
core   0: 3 0x80000f68 (0x0001)
core   0: 0x80000f6a (0x00000409) c.addi  s0, 2
core   0: 3 0x80000f6a (0x0409) x 8 0x00000002
core   0: 0x80000f6c (0x00008cfd) c.and   s1, a5
core   0: 3 0x80000f6c (0x8cfd) x 9 0x00000021
core   0: 0x80000f6e (0xfe7419e3) bne     s0, t2, pc - 14
core   0: 3 0x80000f6e (0xfe7419e3)
core   0: 0x80000f60 (0x93889f17) auipc   t5, 0x93889
core   0: 3 0x80000f60 (0x93889f17) x30 0x13889f60
core   0: 0x80000f64 (0x00009a7d) c.andi  a2, -1
core   0: 3 0x80000f64 (0x9a7d) x12 0xffffffff
core   0: 0x80000f66 (0x00009dfa) c.add   s11, t5
core   0: 3 0x80000f66 (0x9dfa) x27 0xadbdb23e
core   0: 0x80000f68 (0x00000001) c.nop
core   0: 3 0x80000f68 (0x0001)
core   0: 0x80000f6a (0x00000409) c.addi  s0, 2
core   0: 3 0x80000f6a (0x0409) x 8 0x00000004
core   0: 0x80000f6c (0x00008cfd) c.and   s1, a5
core   0: 3 0x80000f6c (0x8cfd) x 9 0x00000021
core   0: 0x80000f6e (0xfe7419e3) bne     s0, t2, pc - 14
core   0: 3 0x80000f6e (0xfe7419e3)
core   0: 0x80000f60 (0x93889f17) auipc   t5, 0x93889
core   0: 3 0x80000f60 (0x93889f17) x30 0x13889f60
core   0: 0x80000f64 (0x00009a7d) c.andi  a2, -1
core   0: 3 0x80000f64 (0x9a7d) x12 0xffffffff
core   0: 0x80000f66 (0x00009dfa) c.add   s11, t5
core   0: 3 0x80000f66 (0x9dfa) x27 0xc146519e
core   0: 0x80000f68 (0x00000001) c.nop
core   0: 3 0x80000f68 (0x0001)
core   0: 0x80000f6a (0x00000409) c.addi  s0, 2
core   0: 3 0x80000f6a (0x0409) x 8 0x00000006
core   0: 0x80000f6c (0x00008cfd) c.and   s1, a5
core   0: 3 0x80000f6c (0x8cfd) x 9 0x00000021
core   0: 0x80000f6e (0xfe7419e3) bne     s0, t2, pc - 14
core   0: 3 0x80000f6e (0xfe7419e3)
core   0: 0x80000f60 (0x93889f17) auipc   t5, 0x93889
core   0: 3 0x80000f60 (0x93889f17) x30 0x13889f60
core   0: 0x80000f64 (0x00009a7d) c.andi  a2, -1
core   0: 3 0x80000f64 (0x9a7d) x12 0xffffffff
core   0: 0x80000f66 (0x00009dfa) c.add   s11, t5
core   0: 3 0x80000f66 (0x9dfa) x27 0xd4cef0fe
core   0: 0x80000f68 (0x00000001) c.nop
core   0: 3 0x80000f68 (0x0001)
core   0: 0x80000f6a (0x00000409) c.addi  s0, 2
core   0: 3 0x80000f6a (0x0409) x 8 0x00000008
core   0: 0x80000f6c (0x00008cfd) c.and   s1, a5
core   0: 3 0x80000f6c (0x8cfd) x 9 0x00000021
core   0: 0x80000f6e (0xfe7419e3) bne     s0, t2, pc - 14
core   0: 3 0x80000f6e (0xfe7419e3)
core   0: 0x80000f60 (0x93889f17) auipc   t5, 0x93889
core   0: 3 0x80000f60 (0x93889f17) x30 0x13889f60
core   0: 0x80000f64 (0x00009a7d) c.andi  a2, -1
core   0: 3 0x80000f64 (0x9a7d) x12 0xffffffff
core   0: 0x80000f66 (0x00009dfa) c.add   s11, t5
core   0: 3 0x80000f66 (0x9dfa) x27 0xe857905e
core   0: 0x80000f68 (0x00000001) c.nop
core   0: 3 0x80000f68 (0x0001)
core   0: 0x80000f6a (0x00000409) c.addi  s0, 2
core   0: 3 0x80000f6a (0x0409) x 8 0x0000000a
core   0: 0x80000f6c (0x00008cfd) c.and   s1, a5
core   0: 3 0x80000f6c (0x8cfd) x 9 0x00000021
core   0: 0x80000f6e (0xfe7419e3) bne     s0, t2, pc - 14
core   0: 3 0x80000f6e (0xfe7419e3)
core   0: 0x80000f60 (0x93889f17) auipc   t5, 0x93889
core   0: 3 0x80000f60 (0x93889f17) x30 0x13889f60
core   0: 0x80000f64 (0x00009a7d) c.andi  a2, -1
core   0: 3 0x80000f64 (0x9a7d) x12 0xffffffff
core   0: 0x80000f66 (0x00009dfa) c.add   s11, t5
core   0: 3 0x80000f66 (0x9dfa) x27 0xfbe02fbe
core   0: 0x80000f68 (0x00000001) c.nop
core   0: 3 0x80000f68 (0x0001)
core   0: 0x80000f6a (0x00000409) c.addi  s0, 2
core   0: 3 0x80000f6a (0x0409) x 8 0x0000000c
core   0: 0x80000f6c (0x00008cfd) c.and   s1, a5
core   0: 3 0x80000f6c (0x8cfd) x 9 0x00000021
core   0: 0x80000f6e (0xfe7419e3) bne     s0, t2, pc - 14
core   0: 3 0x80000f6e (0xfe7419e3)
core   0: 0x80000f60 (0x93889f17) auipc   t5, 0x93889
core   0: 3 0x80000f60 (0x93889f17) x30 0x13889f60
core   0: 0x80000f64 (0x00009a7d) c.andi  a2, -1
core   0: 3 0x80000f64 (0x9a7d) x12 0xffffffff
core   0: 0x80000f66 (0x00009dfa) c.add   s11, t5
core   0: 3 0x80000f66 (0x9dfa) x27 0x0f68cf1e
core   0: 0x80000f68 (0x00000001) c.nop
core   0: 3 0x80000f68 (0x0001)
core   0: 0x80000f6a (0x00000409) c.addi  s0, 2
core   0: 3 0x80000f6a (0x0409) x 8 0x0000000e
core   0: 0x80000f6c (0x00008cfd) c.and   s1, a5
core   0: 3 0x80000f6c (0x8cfd) x 9 0x00000021
core   0: 0x80000f6e (0xfe7419e3) bne     s0, t2, pc - 14
core   0: 3 0x80000f6e (0xfe7419e3)
core   0: 0x80000f60 (0x93889f17) auipc   t5, 0x93889
core   0: 3 0x80000f60 (0x93889f17) x30 0x13889f60
core   0: 0x80000f64 (0x00009a7d) c.andi  a2, -1
core   0: 3 0x80000f64 (0x9a7d) x12 0xffffffff
core   0: 0x80000f66 (0x00009dfa) c.add   s11, t5
core   0: 3 0x80000f66 (0x9dfa) x27 0x22f16e7e
core   0: 0x80000f68 (0x00000001) c.nop
core   0: 3 0x80000f68 (0x0001)
core   0: 0x80000f6a (0x00000409) c.addi  s0, 2
core   0: 3 0x80000f6a (0x0409) x 8 0x00000010
core   0: 0x80000f6c (0x00008cfd) c.and   s1, a5
core   0: 3 0x80000f6c (0x8cfd) x 9 0x00000021
core   0: 0x80000f6e (0xfe7419e3) bne     s0, t2, pc - 14
core   0: 3 0x80000f6e (0xfe7419e3)
core   0: 0x80000f60 (0x93889f17) auipc   t5, 0x93889
core   0: 3 0x80000f60 (0x93889f17) x30 0x13889f60
core   0: 0x80000f64 (0x00009a7d) c.andi  a2, -1
core   0: 3 0x80000f64 (0x9a7d) x12 0xffffffff
core   0: 0x80000f66 (0x00009dfa) c.add   s11, t5
core   0: 3 0x80000f66 (0x9dfa) x27 0x367a0dde
core   0: 0x80000f68 (0x00000001) c.nop
core   0: 3 0x80000f68 (0x0001)
core   0: 0x80000f6a (0x00000409) c.addi  s0, 2
core   0: 3 0x80000f6a (0x0409) x 8 0x00000012
core   0: 0x80000f6c (0x00008cfd) c.and   s1, a5
core   0: 3 0x80000f6c (0x8cfd) x 9 0x00000021
core   0: 0x80000f6e (0xfe7419e3) bne     s0, t2, pc - 14
core   0: 3 0x80000f6e (0xfe7419e3)
core   0: 0x80000f60 (0x93889f17) auipc   t5, 0x93889
core   0: 3 0x80000f60 (0x93889f17) x30 0x13889f60
core   0: 0x80000f64 (0x00009a7d) c.andi  a2, -1
core   0: 3 0x80000f64 (0x9a7d) x12 0xffffffff
core   0: 0x80000f66 (0x00009dfa) c.add   s11, t5
core   0: 3 0x80000f66 (0x9dfa) x27 0x4a02ad3e
core   0: 0x80000f68 (0x00000001) c.nop
core   0: 3 0x80000f68 (0x0001)
core   0: 0x80000f6a (0x00000409) c.addi  s0, 2
core   0: 3 0x80000f6a (0x0409) x 8 0x00000014
core   0: 0x80000f6c (0x00008cfd) c.and   s1, a5
core   0: 3 0x80000f6c (0x8cfd) x 9 0x00000021
core   0: 0x80000f6e (0xfe7419e3) bne     s0, t2, pc - 14
core   0: 3 0x80000f6e (0xfe7419e3)
core   0: 0x80000f72 (0xc855f113) andi    sp, a1, -891
core   0: 3 0x80000f72 (0xc855f113) x 2 0x0000c485
core   0: 0x80000f76 (0xfc3e1ae3) bne     t3, gp, pc - 44
core   0: 3 0x80000f76 (0xfc3e1ae3)
core   0: 0x80000f4a (0x00001c1c) c.addi4spn a5, sp, 560
core   0: 3 0x80000f4a (0x1c1c) x15 0x0000c6b5
core   0: 0x80000f4c (0x00000e11) c.addi  t3, 4
core   0: 3 0x80000f4c (0x0e11) x28 0x0000000b
core   0: 0x80000f4e (0x00008b5e) c.mv    s6, s7
core   0: 3 0x80000f4e (0x8b5e) x22 0x00000054
core   0: 0x80000f50 (0x00000413) li      s0, 0
core   0: 3 0x80000f50 (0x00000413) x 8 0x00000000
core   0: 0x80000f54 (0x01400393) li      t2, 20
core   0: 3 0x80000f54 (0x01400393) x 7 0x00000014
core   0: 0x80000f58 (0x03c6d133) divu    sp, a3, t3
core   0: 3 0x80000f58 (0x03c6d133) x 2 0x00000003
core   0: 0x80000f5c (0x00008665) c.srai  a2, 25
core   0: 3 0x80000f5c (0x8665) x12 0xffffffff
core   0: 0x80000f5e (0x00000c36) c.slli  s8, 13
core   0: 3 0x80000f5e (0x0c36) x24 0x00000000
core   0: 0x80000f60 (0x93889f17) auipc   t5, 0x93889
core   0: 3 0x80000f60 (0x93889f17) x30 0x13889f60
core   0: 0x80000f64 (0x00009a7d) c.andi  a2, -1
core   0: 3 0x80000f64 (0x9a7d) x12 0xffffffff
core   0: 0x80000f66 (0x00009dfa) c.add   s11, t5
core   0: 3 0x80000f66 (0x9dfa) x27 0x5d8b4c9e
core   0: 0x80000f68 (0x00000001) c.nop
core   0: 3 0x80000f68 (0x0001)
core   0: 0x80000f6a (0x00000409) c.addi  s0, 2
core   0: 3 0x80000f6a (0x0409) x 8 0x00000002
core   0: 0x80000f6c (0x00008cfd) c.and   s1, a5
core   0: 3 0x80000f6c (0x8cfd) x 9 0x00000021
core   0: 0x80000f6e (0xfe7419e3) bne     s0, t2, pc - 14
core   0: 3 0x80000f6e (0xfe7419e3)
core   0: 0x80000f60 (0x93889f17) auipc   t5, 0x93889
core   0: 3 0x80000f60 (0x93889f17) x30 0x13889f60
core   0: 0x80000f64 (0x00009a7d) c.andi  a2, -1
core   0: 3 0x80000f64 (0x9a7d) x12 0xffffffff
core   0: 0x80000f66 (0x00009dfa) c.add   s11, t5
core   0: 3 0x80000f66 (0x9dfa) x27 0x7113ebfe
core   0: 0x80000f68 (0x00000001) c.nop
core   0: 3 0x80000f68 (0x0001)
core   0: 0x80000f6a (0x00000409) c.addi  s0, 2
core   0: 3 0x80000f6a (0x0409) x 8 0x00000004
core   0: 0x80000f6c (0x00008cfd) c.and   s1, a5
core   0: 3 0x80000f6c (0x8cfd) x 9 0x00000021
core   0: 0x80000f6e (0xfe7419e3) bne     s0, t2, pc - 14
core   0: 3 0x80000f6e (0xfe7419e3)
core   0: 0x80000f60 (0x93889f17) auipc   t5, 0x93889
core   0: 3 0x80000f60 (0x93889f17) x30 0x13889f60
core   0: 0x80000f64 (0x00009a7d) c.andi  a2, -1
core   0: 3 0x80000f64 (0x9a7d) x12 0xffffffff
core   0: 0x80000f66 (0x00009dfa) c.add   s11, t5
core   0: 3 0x80000f66 (0x9dfa) x27 0x849c8b5e
core   0: 0x80000f68 (0x00000001) c.nop
core   0: 3 0x80000f68 (0x0001)
core   0: 0x80000f6a (0x00000409) c.addi  s0, 2
core   0: 3 0x80000f6a (0x0409) x 8 0x00000006
core   0: 0x80000f6c (0x00008cfd) c.and   s1, a5
core   0: 3 0x80000f6c (0x8cfd) x 9 0x00000021
core   0: 0x80000f6e (0xfe7419e3) bne     s0, t2, pc - 14
core   0: 3 0x80000f6e (0xfe7419e3)
core   0: 0x80000f60 (0x93889f17) auipc   t5, 0x93889
core   0: 3 0x80000f60 (0x93889f17) x30 0x13889f60
core   0: 0x80000f64 (0x00009a7d) c.andi  a2, -1
core   0: 3 0x80000f64 (0x9a7d) x12 0xffffffff
core   0: 0x80000f66 (0x00009dfa) c.add   s11, t5
core   0: 3 0x80000f66 (0x9dfa) x27 0x98252abe
core   0: 0x80000f68 (0x00000001) c.nop
core   0: 3 0x80000f68 (0x0001)
core   0: 0x80000f6a (0x00000409) c.addi  s0, 2
core   0: 3 0x80000f6a (0x0409) x 8 0x00000008
core   0: 0x80000f6c (0x00008cfd) c.and   s1, a5
core   0: 3 0x80000f6c (0x8cfd) x 9 0x00000021
core   0: 0x80000f6e (0xfe7419e3) bne     s0, t2, pc - 14
core   0: 3 0x80000f6e (0xfe7419e3)
core   0: 0x80000f60 (0x93889f17) auipc   t5, 0x93889
core   0: 3 0x80000f60 (0x93889f17) x30 0x13889f60
core   0: 0x80000f64 (0x00009a7d) c.andi  a2, -1
core   0: 3 0x80000f64 (0x9a7d) x12 0xffffffff
core   0: 0x80000f66 (0x00009dfa) c.add   s11, t5
core   0: 3 0x80000f66 (0x9dfa) x27 0xabadca1e
core   0: 0x80000f68 (0x00000001) c.nop
core   0: 3 0x80000f68 (0x0001)
core   0: 0x80000f6a (0x00000409) c.addi  s0, 2
core   0: 3 0x80000f6a (0x0409) x 8 0x0000000a
core   0: 0x80000f6c (0x00008cfd) c.and   s1, a5
core   0: 3 0x80000f6c (0x8cfd) x 9 0x00000021
core   0: 0x80000f6e (0xfe7419e3) bne     s0, t2, pc - 14
core   0: 3 0x80000f6e (0xfe7419e3)
core   0: 0x80000f60 (0x93889f17) auipc   t5, 0x93889
core   0: 3 0x80000f60 (0x93889f17) x30 0x13889f60
core   0: 0x80000f64 (0x00009a7d) c.andi  a2, -1
core   0: 3 0x80000f64 (0x9a7d) x12 0xffffffff
core   0: 0x80000f66 (0x00009dfa) c.add   s11, t5
core   0: 3 0x80000f66 (0x9dfa) x27 0xbf36697e
core   0: 0x80000f68 (0x00000001) c.nop
core   0: 3 0x80000f68 (0x0001)
core   0: 0x80000f6a (0x00000409) c.addi  s0, 2
core   0: 3 0x80000f6a (0x0409) x 8 0x0000000c
core   0: 0x80000f6c (0x00008cfd) c.and   s1, a5
core   0: 3 0x80000f6c (0x8cfd) x 9 0x00000021
core   0: 0x80000f6e (0xfe7419e3) bne     s0, t2, pc - 14
core   0: 3 0x80000f6e (0xfe7419e3)
core   0: 0x80000f60 (0x93889f17) auipc   t5, 0x93889
core   0: 3 0x80000f60 (0x93889f17) x30 0x13889f60
core   0: 0x80000f64 (0x00009a7d) c.andi  a2, -1
core   0: 3 0x80000f64 (0x9a7d) x12 0xffffffff
core   0: 0x80000f66 (0x00009dfa) c.add   s11, t5
core   0: 3 0x80000f66 (0x9dfa) x27 0xd2bf08de
core   0: 0x80000f68 (0x00000001) c.nop
core   0: 3 0x80000f68 (0x0001)
core   0: 0x80000f6a (0x00000409) c.addi  s0, 2
core   0: 3 0x80000f6a (0x0409) x 8 0x0000000e
core   0: 0x80000f6c (0x00008cfd) c.and   s1, a5
core   0: 3 0x80000f6c (0x8cfd) x 9 0x00000021
core   0: 0x80000f6e (0xfe7419e3) bne     s0, t2, pc - 14
core   0: 3 0x80000f6e (0xfe7419e3)
core   0: 0x80000f60 (0x93889f17) auipc   t5, 0x93889
core   0: 3 0x80000f60 (0x93889f17) x30 0x13889f60
core   0: 0x80000f64 (0x00009a7d) c.andi  a2, -1
core   0: 3 0x80000f64 (0x9a7d) x12 0xffffffff
core   0: 0x80000f66 (0x00009dfa) c.add   s11, t5
core   0: 3 0x80000f66 (0x9dfa) x27 0xe647a83e
core   0: 0x80000f68 (0x00000001) c.nop
core   0: 3 0x80000f68 (0x0001)
core   0: 0x80000f6a (0x00000409) c.addi  s0, 2
core   0: 3 0x80000f6a (0x0409) x 8 0x00000010
core   0: 0x80000f6c (0x00008cfd) c.and   s1, a5
core   0: 3 0x80000f6c (0x8cfd) x 9 0x00000021
core   0: 0x80000f6e (0xfe7419e3) bne     s0, t2, pc - 14
core   0: 3 0x80000f6e (0xfe7419e3)
core   0: 0x80000f60 (0x93889f17) auipc   t5, 0x93889
core   0: 3 0x80000f60 (0x93889f17) x30 0x13889f60
core   0: 0x80000f64 (0x00009a7d) c.andi  a2, -1
core   0: 3 0x80000f64 (0x9a7d) x12 0xffffffff
core   0: 0x80000f66 (0x00009dfa) c.add   s11, t5
core   0: 3 0x80000f66 (0x9dfa) x27 0xf9d0479e
core   0: 0x80000f68 (0x00000001) c.nop
core   0: 3 0x80000f68 (0x0001)
core   0: 0x80000f6a (0x00000409) c.addi  s0, 2
core   0: 3 0x80000f6a (0x0409) x 8 0x00000012
core   0: 0x80000f6c (0x00008cfd) c.and   s1, a5
core   0: 3 0x80000f6c (0x8cfd) x 9 0x00000021
core   0: 0x80000f6e (0xfe7419e3) bne     s0, t2, pc - 14
core   0: 3 0x80000f6e (0xfe7419e3)
core   0: 0x80000f60 (0x93889f17) auipc   t5, 0x93889
core   0: 3 0x80000f60 (0x93889f17) x30 0x13889f60
core   0: 0x80000f64 (0x00009a7d) c.andi  a2, -1
core   0: 3 0x80000f64 (0x9a7d) x12 0xffffffff
core   0: 0x80000f66 (0x00009dfa) c.add   s11, t5
core   0: 3 0x80000f66 (0x9dfa) x27 0x0d58e6fe
core   0: 0x80000f68 (0x00000001) c.nop
core   0: 3 0x80000f68 (0x0001)
core   0: 0x80000f6a (0x00000409) c.addi  s0, 2
core   0: 3 0x80000f6a (0x0409) x 8 0x00000014
core   0: 0x80000f6c (0x00008cfd) c.and   s1, a5
core   0: 3 0x80000f6c (0x8cfd) x 9 0x00000021
core   0: 0x80000f6e (0xfe7419e3) bne     s0, t2, pc - 14
core   0: 3 0x80000f6e (0xfe7419e3)
core   0: 0x80000f72 (0xc855f113) andi    sp, a1, -891
core   0: 3 0x80000f72 (0xc855f113) x 2 0x0000c485
core   0: 0x80000f76 (0xfc3e1ae3) bne     t3, gp, pc - 44
core   0: 3 0x80000f76 (0xfc3e1ae3)
core   0: 0x80000f4a (0x00001c1c) c.addi4spn a5, sp, 560
core   0: 3 0x80000f4a (0x1c1c) x15 0x0000c6b5
core   0: 0x80000f4c (0x00000e11) c.addi  t3, 4
core   0: 3 0x80000f4c (0x0e11) x28 0x0000000f
core   0: 0x80000f4e (0x00008b5e) c.mv    s6, s7
core   0: 3 0x80000f4e (0x8b5e) x22 0x00000054
core   0: 0x80000f50 (0x00000413) li      s0, 0
core   0: 3 0x80000f50 (0x00000413) x 8 0x00000000
core   0: 0x80000f54 (0x01400393) li      t2, 20
core   0: 3 0x80000f54 (0x01400393) x 7 0x00000014
core   0: 0x80000f58 (0x03c6d133) divu    sp, a3, t3
core   0: 3 0x80000f58 (0x03c6d133) x 2 0x00000002
core   0: 0x80000f5c (0x00008665) c.srai  a2, 25
core   0: 3 0x80000f5c (0x8665) x12 0xffffffff
core   0: 0x80000f5e (0x00000c36) c.slli  s8, 13
core   0: 3 0x80000f5e (0x0c36) x24 0x00000000
core   0: 0x80000f60 (0x93889f17) auipc   t5, 0x93889
core   0: 3 0x80000f60 (0x93889f17) x30 0x13889f60
core   0: 0x80000f64 (0x00009a7d) c.andi  a2, -1
core   0: 3 0x80000f64 (0x9a7d) x12 0xffffffff
core   0: 0x80000f66 (0x00009dfa) c.add   s11, t5
core   0: 3 0x80000f66 (0x9dfa) x27 0x20e1865e
core   0: 0x80000f68 (0x00000001) c.nop
core   0: 3 0x80000f68 (0x0001)
core   0: 0x80000f6a (0x00000409) c.addi  s0, 2
core   0: 3 0x80000f6a (0x0409) x 8 0x00000002
core   0: 0x80000f6c (0x00008cfd) c.and   s1, a5
core   0: 3 0x80000f6c (0x8cfd) x 9 0x00000021
core   0: 0x80000f6e (0xfe7419e3) bne     s0, t2, pc - 14
core   0: 3 0x80000f6e (0xfe7419e3)
core   0: 0x80000f60 (0x93889f17) auipc   t5, 0x93889
core   0: 3 0x80000f60 (0x93889f17) x30 0x13889f60
core   0: 0x80000f64 (0x00009a7d) c.andi  a2, -1
core   0: 3 0x80000f64 (0x9a7d) x12 0xffffffff
core   0: 0x80000f66 (0x00009dfa) c.add   s11, t5
core   0: 3 0x80000f66 (0x9dfa) x27 0x346a25be
core   0: 0x80000f68 (0x00000001) c.nop
core   0: 3 0x80000f68 (0x0001)
core   0: 0x80000f6a (0x00000409) c.addi  s0, 2
core   0: 3 0x80000f6a (0x0409) x 8 0x00000004
core   0: 0x80000f6c (0x00008cfd) c.and   s1, a5
core   0: 3 0x80000f6c (0x8cfd) x 9 0x00000021
core   0: 0x80000f6e (0xfe7419e3) bne     s0, t2, pc - 14
core   0: 3 0x80000f6e (0xfe7419e3)
core   0: 0x80000f60 (0x93889f17) auipc   t5, 0x93889
core   0: 3 0x80000f60 (0x93889f17) x30 0x13889f60
core   0: 0x80000f64 (0x00009a7d) c.andi  a2, -1
core   0: 3 0x80000f64 (0x9a7d) x12 0xffffffff
core   0: 0x80000f66 (0x00009dfa) c.add   s11, t5
core   0: 3 0x80000f66 (0x9dfa) x27 0x47f2c51e
core   0: 0x80000f68 (0x00000001) c.nop
core   0: 3 0x80000f68 (0x0001)
core   0: 0x80000f6a (0x00000409) c.addi  s0, 2
core   0: 3 0x80000f6a (0x0409) x 8 0x00000006
core   0: 0x80000f6c (0x00008cfd) c.and   s1, a5
core   0: 3 0x80000f6c (0x8cfd) x 9 0x00000021
core   0: 0x80000f6e (0xfe7419e3) bne     s0, t2, pc - 14
core   0: 3 0x80000f6e (0xfe7419e3)
core   0: 0x80000f60 (0x93889f17) auipc   t5, 0x93889
core   0: 3 0x80000f60 (0x93889f17) x30 0x13889f60
core   0: 0x80000f64 (0x00009a7d) c.andi  a2, -1
core   0: 3 0x80000f64 (0x9a7d) x12 0xffffffff
core   0: 0x80000f66 (0x00009dfa) c.add   s11, t5
core   0: 3 0x80000f66 (0x9dfa) x27 0x5b7b647e
core   0: 0x80000f68 (0x00000001) c.nop
core   0: 3 0x80000f68 (0x0001)
core   0: 0x80000f6a (0x00000409) c.addi  s0, 2
core   0: 3 0x80000f6a (0x0409) x 8 0x00000008
core   0: 0x80000f6c (0x00008cfd) c.and   s1, a5
core   0: 3 0x80000f6c (0x8cfd) x 9 0x00000021
core   0: 0x80000f6e (0xfe7419e3) bne     s0, t2, pc - 14
core   0: 3 0x80000f6e (0xfe7419e3)
core   0: 0x80000f60 (0x93889f17) auipc   t5, 0x93889
core   0: 3 0x80000f60 (0x93889f17) x30 0x13889f60
core   0: 0x80000f64 (0x00009a7d) c.andi  a2, -1
core   0: 3 0x80000f64 (0x9a7d) x12 0xffffffff
core   0: 0x80000f66 (0x00009dfa) c.add   s11, t5
core   0: 3 0x80000f66 (0x9dfa) x27 0x6f0403de
core   0: 0x80000f68 (0x00000001) c.nop
core   0: 3 0x80000f68 (0x0001)
core   0: 0x80000f6a (0x00000409) c.addi  s0, 2
core   0: 3 0x80000f6a (0x0409) x 8 0x0000000a
core   0: 0x80000f6c (0x00008cfd) c.and   s1, a5
core   0: 3 0x80000f6c (0x8cfd) x 9 0x00000021
core   0: 0x80000f6e (0xfe7419e3) bne     s0, t2, pc - 14
core   0: 3 0x80000f6e (0xfe7419e3)
core   0: 0x80000f60 (0x93889f17) auipc   t5, 0x93889
core   0: 3 0x80000f60 (0x93889f17) x30 0x13889f60
core   0: 0x80000f64 (0x00009a7d) c.andi  a2, -1
core   0: 3 0x80000f64 (0x9a7d) x12 0xffffffff
core   0: 0x80000f66 (0x00009dfa) c.add   s11, t5
core   0: 3 0x80000f66 (0x9dfa) x27 0x828ca33e
core   0: 0x80000f68 (0x00000001) c.nop
core   0: 3 0x80000f68 (0x0001)
core   0: 0x80000f6a (0x00000409) c.addi  s0, 2
core   0: 3 0x80000f6a (0x0409) x 8 0x0000000c
core   0: 0x80000f6c (0x00008cfd) c.and   s1, a5
core   0: 3 0x80000f6c (0x8cfd) x 9 0x00000021
core   0: 0x80000f6e (0xfe7419e3) bne     s0, t2, pc - 14
core   0: 3 0x80000f6e (0xfe7419e3)
core   0: 0x80000f60 (0x93889f17) auipc   t5, 0x93889
core   0: 3 0x80000f60 (0x93889f17) x30 0x13889f60
core   0: 0x80000f64 (0x00009a7d) c.andi  a2, -1
core   0: 3 0x80000f64 (0x9a7d) x12 0xffffffff
core   0: 0x80000f66 (0x00009dfa) c.add   s11, t5
core   0: 3 0x80000f66 (0x9dfa) x27 0x9615429e
core   0: 0x80000f68 (0x00000001) c.nop
core   0: 3 0x80000f68 (0x0001)
core   0: 0x80000f6a (0x00000409) c.addi  s0, 2
core   0: 3 0x80000f6a (0x0409) x 8 0x0000000e
core   0: 0x80000f6c (0x00008cfd) c.and   s1, a5
core   0: 3 0x80000f6c (0x8cfd) x 9 0x00000021
core   0: 0x80000f6e (0xfe7419e3) bne     s0, t2, pc - 14
core   0: 3 0x80000f6e (0xfe7419e3)
core   0: 0x80000f60 (0x93889f17) auipc   t5, 0x93889
core   0: 3 0x80000f60 (0x93889f17) x30 0x13889f60
core   0: 0x80000f64 (0x00009a7d) c.andi  a2, -1
core   0: 3 0x80000f64 (0x9a7d) x12 0xffffffff
core   0: 0x80000f66 (0x00009dfa) c.add   s11, t5
core   0: 3 0x80000f66 (0x9dfa) x27 0xa99de1fe
core   0: 0x80000f68 (0x00000001) c.nop
core   0: 3 0x80000f68 (0x0001)
core   0: 0x80000f6a (0x00000409) c.addi  s0, 2
core   0: 3 0x80000f6a (0x0409) x 8 0x00000010
core   0: 0x80000f6c (0x00008cfd) c.and   s1, a5
core   0: 3 0x80000f6c (0x8cfd) x 9 0x00000021
core   0: 0x80000f6e (0xfe7419e3) bne     s0, t2, pc - 14
core   0: 3 0x80000f6e (0xfe7419e3)
core   0: 0x80000f60 (0x93889f17) auipc   t5, 0x93889
core   0: 3 0x80000f60 (0x93889f17) x30 0x13889f60
core   0: 0x80000f64 (0x00009a7d) c.andi  a2, -1
core   0: 3 0x80000f64 (0x9a7d) x12 0xffffffff
core   0: 0x80000f66 (0x00009dfa) c.add   s11, t5
core   0: 3 0x80000f66 (0x9dfa) x27 0xbd26815e
core   0: 0x80000f68 (0x00000001) c.nop
core   0: 3 0x80000f68 (0x0001)
core   0: 0x80000f6a (0x00000409) c.addi  s0, 2
core   0: 3 0x80000f6a (0x0409) x 8 0x00000012
core   0: 0x80000f6c (0x00008cfd) c.and   s1, a5
core   0: 3 0x80000f6c (0x8cfd) x 9 0x00000021
core   0: 0x80000f6e (0xfe7419e3) bne     s0, t2, pc - 14
core   0: 3 0x80000f6e (0xfe7419e3)
core   0: 0x80000f60 (0x93889f17) auipc   t5, 0x93889
core   0: 3 0x80000f60 (0x93889f17) x30 0x13889f60
core   0: 0x80000f64 (0x00009a7d) c.andi  a2, -1
core   0: 3 0x80000f64 (0x9a7d) x12 0xffffffff
core   0: 0x80000f66 (0x00009dfa) c.add   s11, t5
core   0: 3 0x80000f66 (0x9dfa) x27 0xd0af20be
core   0: 0x80000f68 (0x00000001) c.nop
core   0: 3 0x80000f68 (0x0001)
core   0: 0x80000f6a (0x00000409) c.addi  s0, 2
core   0: 3 0x80000f6a (0x0409) x 8 0x00000014
core   0: 0x80000f6c (0x00008cfd) c.and   s1, a5
core   0: 3 0x80000f6c (0x8cfd) x 9 0x00000021
core   0: 0x80000f6e (0xfe7419e3) bne     s0, t2, pc - 14
core   0: 3 0x80000f6e (0xfe7419e3)
core   0: 0x80000f72 (0xc855f113) andi    sp, a1, -891
core   0: 3 0x80000f72 (0xc855f113) x 2 0x0000c485
core   0: 0x80000f76 (0xfc3e1ae3) bne     t3, gp, pc - 44
core   0: 3 0x80000f76 (0xfc3e1ae3)
core   0: 0x80000f7a (0x00000001) c.nop
core   0: 3 0x80000f7a (0x0001)
core   0: 0x80000f7c (0x0001d117) auipc   sp, 0x1d
core   0: 3 0x80000f7c (0x0001d117) x 2 0x8001df7c
core   0: 0x80000f80 (0x29510113) addi    sp, sp, 661
core   0: 3 0x80000f80 (0x29510113) x 2 0x8001e211
core   0: 0x80000f84 (0x00814f03) lbu     t5, 8(sp)
core   0: 3 0x80000f84 (0x00814f03) x30 0x000000d2 mem 0x8001e219
core   0: 0x80000f88 (0x00c10023) sb      a2, 0(sp)
core   0: 3 0x80000f88 (0x00c10023) mem 0x8001e211 0xff
core   0: 0x80000f8c (0x00014003) lbu     zero, 0(sp)
core   0: 3 0x80000f8c (0x00014003) mem 0x8001e211
core   0: 0x80000f90 (0x00410b83) lb      s7, 4(sp)
core   0: 3 0x80000f90 (0x00410b83) x23 0xffffffce mem 0x8001e215
core   0: 0x80000f94 (0x00e10123) sb      a4, 2(sp)
core   0: 3 0x80000f94 (0x00e10123) mem 0x8001e213 0x0
core   0: 0x80000f98 (0x00e10283) lb      t0, 14(sp)
core   0: 3 0x80000f98 (0x00e10283) x 5 0xffffffd4 mem 0x8001e21f
core   0: 0x80000f9c (0xff614f83) lbu     t6, -10(sp)
core   0: 3 0x80000f9c (0xff614f83) x31 0x000000bc mem 0x8001e207
core   0: 0x80000fa0 (0xff614a83) lbu     s5, -10(sp)
core   0: 3 0x80000fa0 (0xff614a83) x21 0x000000bc mem 0x8001e207
core   0: 0x80000fa4 (0xff614303) lbu     t1, -10(sp)
core   0: 3 0x80000fa4 (0xff614303) x 6 0x000000bc mem 0x8001e207
core   0: 0x80000fa8 (0x00210623) sb      sp, 12(sp)
core   0: 3 0x80000fa8 (0x00210623) mem 0x8001e21d 0x11
core   0: 0x80000fac (0x00008e61) c.and   a2, s0
core   0: 3 0x80000fac (0x8e61) x12 0x00000014
core   0: 0x80000fae (0x00410623) sb      tp, 12(sp)
core   0: 3 0x80000fae (0x00410623) mem 0x8001e21d 0xd6
core   0: 0x80000fb2 (0x00c14603) lbu     a2, 12(sp)
core   0: 3 0x80000fb2 (0x00c14603) x12 0x000000d6 mem 0x8001e21d
core   0: 0x80000fb6 (0x01a10623) sb      s10, 12(sp)
core   0: 3 0x80000fb6 (0x01a10623) mem 0x8001e21d 0x5d
core   0: 0x80000fba (0x00d10623) sb      a3, 12(sp)
core   0: 3 0x80000fba (0x00d10623) mem 0x8001e21d 0x28
core   0: 0x80000fbe (0x00c14283) lbu     t0, 12(sp)
core   0: 3 0x80000fbe (0x00c14283) x 5 0x00000028 mem 0x8001e21d
core   0: 0x80000fc2 (0x00c10583) lb      a1, 12(sp)
core   0: 3 0x80000fc2 (0x00c10583) x11 0x00000028 mem 0x8001e21d
core   0: 0x80000fc6 (0x00310623) sb      gp, 12(sp)
core   0: 3 0x80000fc6 (0x00310623) mem 0x8001e21d 0xf
core   0: 0x80000fca (0x00210623) sb      sp, 12(sp)
core   0: 3 0x80000fca (0x00210623) mem 0x8001e21d 0x11
core   0: 0x80000fce (0xffa10c23) sb      s10, -8(sp)
core   0: 3 0x80000fce (0xffa10c23) mem 0x8001e209 0x5d
core   0: 0x80000fd2 (0x00310703) lb      a4, 3(sp)
core   0: 3 0x80000fd2 (0x00310703) x14 0xffffffcf mem 0x8001e214
core   0: 0x80000fd6 (0x00018a17) auipc   s4, 0x18
core   0: 3 0x80000fd6 (0x00018a17) x20 0x80018fd6
core   0: 0x80000fda (0x284a0a13) addi    s4, s4, 644
core   0: 3 0x80000fda (0x284a0a13) x20 0x8001925a
core   0: 0x80000fde (0x01aa04a3) sb      s10, 9(s4)
core   0: 3 0x80000fde (0x01aa04a3) mem 0x80019263 0x5d
core   0: 0x80000fe2 (0x009a0a83) lb      s5, 9(s4)
core   0: 3 0x80000fe2 (0x009a0a83) x21 0x0000005d mem 0x80019263
core   0: 0x80000fe6 (0xf3ba0083) lb      ra, -197(s4)
core   0: 3 0x80000fe6 (0xf3ba0083) x 1 0x0000004e mem 0x80019195
core   0: 0x80000fea (0xfd7a4c03) lbu     s8, -41(s4)
core   0: 3 0x80000fea (0xfd7a4c03) x24 0x000000ea mem 0x80019231
core   0: 0x80000fee (0xf88a5983) lhu     s3, -120(s4)
core   0: 3 0x80000fee (0xf88a5983) x19 0x00009899 mem 0x800191e2
core   0: 0x80000ff2 (0x08ba4083) lbu     ra, 139(s4)
core   0: 3 0x80000ff2 (0x08ba4083) x 1 0x0000009e mem 0x800192e5
core   0: 0x80000ff6 (0xfd4a5183) lhu     gp, -44(s4)
core   0: 3 0x80000ff6 (0xfd4a5183) x 3 0x0000e4e5 mem 0x8001922e
core   0: 0x80000ffa (0x09ca1f03) lh      t5, 156(s4)
core   0: 3 0x80000ffa (0x09ca1f03) x30 0xffffacad mem 0x800192f6
core   0: 0x80000ffe (0x09ca0d83) lb      s11, 156(s4)
core   0: 3 0x80000ffe (0x09ca0d83) x27 0xffffffad mem 0x800192f6
core   0: 0x80001002 (0x000002aa) c.slli  t0, 10
core   0: 3 0x80001002 (0x02aa) x 5 0x0000a000
core   0: 0x80001004 (0x01ea4603) lbu     a2, 30(s4)
core   0: 3 0x80001004 (0x01ea4603) x12 0x00000033 mem 0x80019278
core   0: 0x80001008 (0x000a1f23) sh      zero, 30(s4)
core   0: 3 0x80001008 (0x000a1f23) mem 0x80019278 0x0000
core   0: 0x8000100c (0x00fa2323) sw      a5, 6(s4)
core   0: 3 0x8000100c (0x00fa2323) mem 0x80019260 0x0000c6b5
core   0: 0x80001010 (0x0001c117) auipc   sp, 0x1c
core   0: 3 0x80001010 (0x0001c117) x 2 0x8001d010
core   0: 0x80001014 (0x15e10113) addi    sp, sp, 350
core   0: 3 0x80001014 (0x15e10113) x 2 0x8001d16e
core   0: 0x80001018 (0x03610823) sb      s6, 48(sp)
core   0: 3 0x80001018 (0x03610823) mem 0x8001d19e 0x54
core   0: 0x8000101c (0x03b10983) lb      s3, 59(sp)
core   0: 3 0x8000101c (0x03b10983) x19 0x00000062 mem 0x8001d1a9
core   0: 0x80001020 (0x04010203) lb      tp, 64(sp)
core   0: 3 0x80001020 (0x04010203) x 4 0x00000065 mem 0x8001d1ae
core   0: 0x80001024 (0x00000d39) c.addi  s10, 14
core   0: 3 0x80001024 (0x0d39) x26 0x00005c6b
core   0: 0x80001026 (0x01c10223) sb      t3, 4(sp)
core   0: 3 0x80001026 (0x01c10223) mem 0x8001d172 0xf
core   0: 0x8000102a (0x01d10903) lb      s2, 29(sp)
core   0: 3 0x8000102a (0x01d10903) x18 0x00000040 mem 0x8001d18b
core   0: 0x8000102e (0xfd2101a3) sb      s2, -61(sp)
core   0: 3 0x8000102e (0xfd2101a3) mem 0x8001d131 0x40
core   0: 0x80001032 (0x003109a3) sb      gp, 19(sp)
core   0: 3 0x80001032 (0x003109a3) mem 0x8001d181 0xe5
core   0: 0x80001036 (0x007520b3) slt     ra, a0, t2
core   0: 3 0x80001036 (0x007520b3) x 1 0x00000001
core   0: 0x8000103a (0xfe410603) lb      a2, -28(sp)
core   0: 3 0x8000103a (0xfe410603) x12 0x00000009 mem 0x8001d152
core   0: 0x8000103e (0x000101a3) sb      zero, 3(sp)
core   0: 3 0x8000103e (0x000101a3) mem 0x8001d171 0x0
core   0: 0x80001042 (0xff714283) lbu     t0, -9(sp)
core   0: 3 0x80001042 (0xff714283) x 5 0x0000001e mem 0x8001d165
core   0: 0x80001046 (0x005102a3) sb      t0, 5(sp)
core   0: 3 0x80001046 (0x005102a3) mem 0x8001d173 0x1e
core   0: 0x8000104a (0x028107a3) sb      s0, 47(sp)
core   0: 3 0x8000104a (0x028107a3) mem 0x8001d19d 0x14
core   0: 0x8000104e (0x30184d13) xori    s10, a6, 769
core   0: 3 0x8000104e (0x30184d13) x26 0x00000301
core   0: 0x80001052 (0xfd214a03) lbu     s4, -46(sp)
core   0: 3 0x80001052 (0xfd214a03) x20 0x000000fb mem 0x8001d140
core   0: 0x80001056 (0xfc610d23) sb      t1, -38(sp)
core   0: 3 0x80001056 (0xfc610d23) mem 0x8001d148 0xbc
core   0: 0x8000105a (0x41955a33) sra     s4, a0, s9
core   0: 3 0x8000105a (0x41955a33) x20 0x00000000
core   0: 0x8000105e (0x00b10a03) lb      s4, 11(sp)
core   0: 3 0x8000105e (0x00b10a03) x20 0x00000032 mem 0x8001d179
core   0: 0x80001062 (0xfdd10e23) sb      t4, -36(sp)
core   0: 3 0x80001062 (0xfdd10e23) mem 0x8001d14a 0xae
core   0: 0x80001066 (0x00c97333) and     t1, s2, a2
core   0: 3 0x80001066 (0x00c97333) x 6 0x00000000
core   0: 0x8000106a (0x03b10ea3) sb      s11, 61(sp)
core   0: 3 0x8000106a (0x03b10ea3) mem 0x8001d1ab 0xad
core   0: 0x8000106e (0xfe112323) sw      ra, -26(sp)
core   0: 3 0x8000106e (0xfe112323) mem 0x8001d154 0x00000001
core   0: 0x80001072 (0x00c9feb3) and     t4, s3, a2
core   0: 3 0x80001072 (0x00c9feb3) x29 0x00000000
core   0: 0x80001076 (0x00006805) c.lui   a6, 0x1
core   0: 3 0x80001076 (0x6805) x16 0x00001000
core   0: 0x80001078 (0x01a53633) sltu    a2, a0, s10
core   0: 3 0x80001078 (0x01a53633) x12 0x00000001
core   0: 0x8000107c (0xffe10083) lb      ra, -2(sp)
core   0: 3 0x8000107c (0xffe10083) x 1 0x00000027 mem 0x8001d16c
core   0: 0x80001080 (0x00714183) lbu     gp, 7(sp)
core   0: 3 0x80001080 (0x00714183) x 3 0x0000002e mem 0x8001d175
core   0: 0x80001084 (0x00008ccd) c.or    s1, a1
core   0: 3 0x80001084 (0x8ccd) x 9 0x00000029
core   0: 0x80001086 (0x03410f23) sb      s4, 62(sp)
core   0: 3 0x80001086 (0x03410f23) mem 0x8001d1ac 0x32
core   0: 0x8000108a (0xff1107a3) sb      a7, -17(sp)
core   0: 3 0x8000108a (0xff1107a3) mem 0x8001d15d 0x64
core   0: 0x8000108e (0xff615d83) lhu     s11, -10(sp)
core   0: 3 0x8000108e (0xff615d83) x27 0x00001e1f mem 0x8001d164
core   0: 0x80001092 (0x01414a83) lbu     s5, 20(sp)
core   0: 3 0x80001092 (0x01414a83) x21 0x00000039 mem 0x8001d182
core   0: 0x80001096 (0x03110203) lb      tp, 49(sp)
core   0: 3 0x80001096 (0x03110203) x 4 0x00000054 mem 0x8001d19f
core   0: 0x8000109a (0xfd414e03) lbu     t3, -44(sp)
core   0: 3 0x8000109a (0xfd414e03) x28 0x000000f9 mem 0x8001d142
core   0: 0x8000109e (0x03410283) lb      t0, 52(sp)
core   0: 3 0x8000109e (0x03410283) x 5 0x00000059 mem 0x8001d1a2
core   0: 0x800010a2 (0x00c10403) lb      s0, 12(sp)
core   0: 3 0x800010a2 (0x00c10403) x 8 0x00000031 mem 0x8001d17a
core   0: 0x800010a6 (0x01df1a93) slli    s5, t5, 29
core   0: 3 0x800010a6 (0x01df1a93) x21 0xa0000000
core   0: 0x800010aa (0x00514703) lbu     a4, 5(sp)
core   0: 3 0x800010aa (0x00514703) x14 0x0000001e mem 0x8001d173
core   0: 0x800010ae (0x00a00b93) li      s7, 10
core   0: 3 0x800010ae (0x00a00b93) x23 0x0000000a
core   0: 0x800010b2 (0x0ac28993) addi    s3, t0, 172
core   0: 3 0x800010b2 (0x0ac28993) x19 0x00000105
core   0: 0x800010b6 (0x03d3ceb3) div     t4, t2, t4
core   0: 3 0x800010b6 (0x03d3ceb3) x29 0xffffffff
core   0: 0x800010ba (0x55358117) auipc   sp, 0x55358
core   0: 3 0x800010ba (0x55358117) x 2 0xd53590ba
core   0: 0x800010be (0x0000898e) c.mv    s3, gp
core   0: 3 0x800010be (0x898e) x19 0x0000002e
core   0: 0x800010c0 (0x6cfb3f13) sltiu   t5, s6, 1743
core   0: 3 0x800010c0 (0x6cfb3f13) x30 0x00000001
core   0: 0x800010c4 (0x00a00413) li      s0, 10
core   0: 3 0x800010c4 (0x00a00413) x 8 0x0000000a
core   0: 0x800010c8 (0x0368d4b3) divu    s1, a7, s6
core   0: 3 0x800010c8 (0x0368d4b3) x 9 0x01861f99
core   0: 0x800010cc (0x0021e733) or      a4, gp, sp
core   0: 3 0x800010cc (0x0021e733) x14 0xd53590be
core   0: 0x800010d0 (0x00001bf5) c.addi  s7, -3
core   0: 3 0x800010d0 (0x1bf5) x23 0x00000007
core   0: 0x800010d2 (0x00000d56) c.slli  s10, 21
core   0: 3 0x800010d2 (0x0d56) x26 0x60200000
core   0: 0x800010d4 (0x00000001) c.nop
core   0: 3 0x800010d4 (0x0001)
core   0: 0x800010d6 (0x00008b51) c.andi  a4, 20
core   0: 3 0x800010d6 (0x8b51) x14 0x00000014
core   0: 0x800010d8 (0x000082f6) c.mv    t0, t4
core   0: 3 0x800010d8 (0x82f6) x 5 0xffffffff
core   0: 0x800010da (0xfe8bf7e3) bgeu    s7, s0, pc - 18
core   0: 3 0x800010da (0xfe8bf7e3)
core   0: 0x800010de (0x00006175) c.addi16sp sp, 368
core   0: 3 0x800010de (0x6175) x 2 0xd535922a
core   0: 0x800010e0 (0x0180066f) jal     a2, pc + 0x18
core   0: 3 0x800010e0 (0x0180066f) x12 0x800010e4
core   0: 0x800010f8 (0x0000a019) c.j     pc + 6
core   0: 3 0x800010f8 (0xa019)
core   0: 0x800010fe (0x0000b7fd) c.j     pc - 18
core   0: 3 0x800010fe (0xb7fd)
core   0: 0x800010ec (0x00a00b6f) jal     s6, pc + 0xa
core   0: 3 0x800010ec (0x00a00b6f) x22 0x800010f0
core   0: 0x800010f6 (0x0000a031) c.j     pc + 12
core   0: 3 0x800010f6 (0xa031)
core   0: 0x80001102 (0x00002019) c.jal   pc + 6
core   0: 3 0x80001102 (0x2019) x 1 0x80001104
core   0: 0x80001108 (0x00003ffd) c.jal   pc - 2
core   0: 3 0x80001108 (0x3ffd) x 1 0x8000110a
core   0: 0x80001106 (0x0000a021) c.j     pc + 8
core   0: 3 0x80001106 (0xa021)
core   0: 0x8000110e (0x0000bff5) c.j     pc - 4
core   0: 3 0x8000110e (0xbff5)
core   0: 0x8000110a (0x008000ef) jal     pc + 0x8
core   0: 3 0x8000110a (0x008000ef) x 1 0x8000110e
core   0: 0x80001112 (0x00003fc9) c.jal   pc - 46
core   0: 3 0x80001112 (0x3fc9) x 1 0x80001114
core   0: 0x800010e4 (0x00c00fef) jal     t6, pc + 0xc
core   0: 3 0x800010e4 (0x00c00fef) x31 0x800010e8
core   0: 0x800010f0 (0x00002031) c.jal   pc + 12
core   0: 3 0x800010f0 (0x2031) x 1 0x800010f2
core   0: 0x800010fc (0x0000a811) c.j     pc + 20
core   0: 3 0x800010fc (0xa811)
core   0: 0x80001110 (0x000037cd) c.jal   pc - 30
core   0: 3 0x80001110 (0x37cd) x 1 0x80001112
core   0: 0x800010f2 (0xff7ff26f) jal     tp, pc - 0xa
core   0: 3 0x800010f2 (0xff7ff26f) x 4 0x800010f6
core   0: 0x800010e8 (0x018000ef) jal     pc + 0x18
core   0: 3 0x800010e8 (0x018000ef) x 1 0x800010ec
core   0: 0x80001100 (0x0000bfed) c.j     pc - 6
core   0: 3 0x80001100 (0xbfed)
core   0: 0x800010fa (0x0000a829) c.j     pc + 26
core   0: 3 0x800010fa (0xa829)
core   0: 0x80001114 (0xff1ff0ef) jal     pc - 0x10
core   0: 3 0x80001114 (0xff1ff0ef) x 1 0x80001118
core   0: 0x80001104 (0x00002811) c.jal   pc + 20
core   0: 3 0x80001104 (0x2811) x 1 0x80001106
core   0: 0x80001118 (0x00000001) c.nop
core   0: 3 0x80001118 (0x0001)
core   0: 0x8000111a (0x00013417) auipc   s0, 0x13
core   0: 3 0x8000111a (0x00013417) x 8 0x8001411a
core   0: 0x8000111e (0xdac40413) addi    s0, s0, -596
core   0: 3 0x8000111e (0xdac40413) x 8 0x80013ec6
core   0: 0x80001122 (0x68644a83) lbu     s5, 1670(s0)
core   0: 3 0x80001122 (0x68644a83) x21 0x00000007 mem 0x8001454c
core   0: 0x80001126 (0x0000f917) auipc   s2, 0xf
core   0: 3 0x80001126 (0x0000f917) x18 0x80010126
core   0: 0x8000112a (0x11890913) addi    s2, s2, 280
core   0: 3 0x8000112a (0x11890913) x18 0x8001023e
core   0: 0x8000112e (0xe2641023) sh      t1, -480(s0)
core   0: 3 0x8000112e (0xe2641023) mem 0x80013ce6 0x0000
core   0: 0x80001132 (0xf3044703) lbu     a4, -208(s0)
core   0: 3 0x80001132 (0xf3044703) x14 0x000000ad mem 0x80013df6
core   0: 0x80001136 (0x36c90aa3) sb      a2, 885(s2)
core   0: 3 0x80001136 (0x36c90aa3) mem 0x800105b3 0xe4
core   0: 0x8000113a (0x78091c23) sh      zero, 1944(s2)
core   0: 3 0x8000113a (0x78091c23) mem 0x800109d6 0x0000
core   0: 0x8000113e (0xd8141e23) sh      ra, -612(s0)
core   0: 3 0x8000113e (0xd8141e23) mem 0x80013c62 0x1106
core   0: 0x80001142 (0x62390e23) sb      gp, 1596(s2)
core   0: 3 0x80001142 (0x62390e23) mem 0x8001087a 0x2e
core   0: 0x80001146 (0x42190f03) lb      t5, 1057(s2)
core   0: 3 0x80001146 (0x42190f03) x30 0x00000014 mem 0x8001065f
core   0: 0x8000114a (0x0e790ea3) sb      t2, 253(s2)
core   0: 3 0x8000114a (0x0e790ea3) mem 0x8001033b 0x14
core   0: 0x8000114e (0x85f40e83) lb      t4, -1953(s0)
core   0: 3 0x8000114e (0x85f40e83) x29 0xffffffde mem 0x80013725
core   0: 0x80001152 (0xec144703) lbu     a4, -319(s0)
core   0: 3 0x80001152 (0xec144703) x14 0x0000003c mem 0x80013d87
core   0: 0x80001156 (0xe4f91823) sh      a5, -432(s2)
core   0: 3 0x80001156 (0xe4f91823) mem 0x8001008e 0xc6b5
core   0: 0x8000115a (0x37495983) lhu     s3, 884(s2)
core   0: 3 0x8000115a (0x37495983) x19 0x0000e469 mem 0x800105b2
core   0: 0x8000115e (0xb8241f03) lh      t5, -1150(s0)
core   0: 3 0x8000115e (0xb8241f03) x30 0x00000203 mem 0x80013a48
core   0: 0x80001162 (0x64c41a83) lh      s5, 1612(s0)
core   0: 3 0x80001162 (0x64c41a83) x21 0xffffc8c9 mem 0x80014512
core   0: 0x80001166 (0x50491103) lh      sp, 1284(s2)
core   0: 3 0x80001166 (0x50491103) x 2 0xfffff800 mem 0x80010742
core   0: 0x8000116a (0xd0d40b03) lb      s6, -755(s0)
core   0: 3 0x8000116a (0xd0d40b03) x22 0xffffff88 mem 0x80013bd3
core   0: 0x8000116e (0x0c695a03) lhu     s4, 198(s2)
core   0: 3 0x8000116e (0x0c695a03) x20 0x0000bebf mem 0x80010304
core   0: 0x80001172 (0x0000f297) auipc   t0, 0xf
core   0: 3 0x80001172 (0x0000f297) x 5 0x80010172
core   0: 0x80001176 (0x3ba28293) addi    t0, t0, 954
core   0: 3 0x80001176 (0x3ba28293) x 5 0x8001052c
core   0: 0x8000117a (0xffa2d383) lhu     t2, -6(t0)
core   0: 3 0x8000117a (0xffa2d383) x 7 0x0000dcdd mem 0x80010526
core   0: 0x8000117e (0xffa29203) lh      tp, -6(t0)
core   0: 3 0x8000117e (0xffa29203) x 4 0xffffdcdd mem 0x80010526
core   0: 0x80001182 (0x03231333) mulh    t1, t1, s2
core   0: 3 0x80001182 (0x03231333) x 6 0x00000000
core   0: 0x80001186 (0xffe28f83) lb      t6, -2(t0)
core   0: 3 0x80001186 (0xffe28f83) x31 0xffffffe1 mem 0x8001052a
core   0: 0x8000118a (0x1bdba813) slti    a6, s7, 445
core   0: 3 0x8000118a (0x1bdba813) x16 0x00000001
core   0: 0x8000118e (0xffe2ca03) lbu     s4, -2(t0)
core   0: 3 0x8000118e (0xffe2ca03) x20 0x000000e1 mem 0x8001052a
core   0: 0x80001192 (0xfe729f23) sh      t2, -2(t0)
core   0: 3 0x80001192 (0xfe729f23) mem 0x8001052a 0xdcdd
core   0: 0x80001196 (0xffe29f23) sh      t5, -2(t0)
core   0: 3 0x80001196 (0xffe29f23) mem 0x8001052a 0x0203
core   0: 0x8000119a (0xffe2d683) lhu     a3, -2(t0)
core   0: 3 0x8000119a (0xffe2d683) x13 0x00000203 mem 0x8001052a
core   0: 0x8000119e (0xffe2d483) lhu     s1, -2(t0)
core   0: 3 0x8000119e (0xffe2d483) x 9 0x00000203 mem 0x8001052a
core   0: 0x800011a2 (0x01f0e433) or      s0, ra, t6
core   0: 3 0x800011a2 (0x01f0e433) x 8 0xffffffe7
core   0: 0x800011a6 (0xfe829f23) sh      s0, -2(t0)
core   0: 3 0x800011a6 (0xfe829f23) mem 0x8001052a 0xffe7
core   0: 0x800011aa (0x00528383) lb      t2, 5(t0)
core   0: 3 0x800011aa (0x00528383) x 7 0xffffffea mem 0x80010531
core   0: 0x800011ae (0x412a05b3) sub     a1, s4, s2
core   0: 3 0x800011ae (0x412a05b3) x11 0x7ffefea3
core   0: 0x800011b2 (0x000083d1) c.srli  a5, 20
core   0: 3 0x800011b2 (0x83d1) x15 0x00000000
core   0: 0x800011b4 (0x01f29123) sh      t6, 2(t0)
core   0: 3 0x800011b4 (0x01f29123) mem 0x8001052e 0xffe1
core   0: 0x800011b8 (0x00008ac2) c.mv    s5, a6
core   0: 3 0x800011b8 (0x8ac2) x21 0x00000001
core   0: 0x800011ba (0x00228103) lb      sp, 2(t0)
core   0: 3 0x800011ba (0x00228103) x 2 0xffffffe1 mem 0x8001052e
core   0: 0x800011be (0x00229303) lh      t1, 2(t0)
core   0: 3 0x800011be (0x00229303) x 6 0xffffffe1 mem 0x8001052e
core   0: 0x800011c2 (0x0012cc03) lbu     s8, 1(t0)
core   0: 3 0x800011c2 (0x0012cc03) x24 0x000000e6 mem 0x8001052d
core   0: 0x800011c6 (0xe5376713) ori     a4, a4, -429
core   0: 3 0x800011c6 (0xe5376713) x14 0xfffffe7f
core   0: 0x800011ca (0x01128523) sb      a7, 10(t0)
core   0: 3 0x800011ca (0x01128523) mem 0x80010536 0x64
core   0: 0x800011ce (0x00a28683) lb      a3, 10(t0)
core   0: 3 0x800011ce (0x00a28683) x13 0x00000064 mem 0x80010536
core   0: 0x800011d2 (0x00a2cd03) lbu     s10, 10(t0)
core   0: 3 0x800011d2 (0x00a2cd03) x26 0x00000064 mem 0x80010536
core   0: 0x800011d6 (0x0052cf03) lbu     t5, 5(t0)
core   0: 3 0x800011d6 (0x0052cf03) x30 0x000000ea mem 0x80010531
core   0: 0x800011da (0x00800593) li      a1, 8
core   0: 3 0x800011da (0x00800593) x11 0x00000008
core   0: 0x800011de (0xa264c2b7) lui     t0, 0xa264c
core   0: 3 0x800011de (0xa264c2b7) x 5 0xa264c000
core   0: 0x800011e2 (0x00008f81) c.sub   a5, s0
core   0: 3 0x800011e2 (0x8f81) x15 0x00000019
core   0: 0x800011e4 (0x00f00613) li      a2, 15
core   0: 3 0x800011e4 (0x00f00613) x12 0x0000000f
core   0: 0x800011e8 (0x01197433) and     s0, s2, a7
core   0: 3 0x800011e8 (0x01197433) x 8 0x80000224
core   0: 0x800011ec (0x8d5f6d13) ori     s10, t5, -1835
core   0: 3 0x800011ec (0x8d5f6d13) x26 0xfffff8ff
core   0: 0x800011f0 (0xe9bc3813) sltiu   a6, s8, -357
core   0: 3 0x800011f0 (0xe9bc3813) x16 0x00000001
core   0: 0x800011f4 (0x00895ab3) srl     s5, s2, s0
core   0: 3 0x800011f4 (0x00895ab3) x21 0x08001023
core   0: 0x800011f8 (0x00000585) c.addi  a1, 1
core   0: 3 0x800011f8 (0x0585) x11 0x00000009
core   0: 0x800011fa (0x00800093) li      ra, 8
core   0: 3 0x800011fa (0x00800093) x 1 0x00000008
core   0: 0x800011fe (0x01300193) li      gp, 19
core   0: 3 0x800011fe (0x01300193) x 3 0x00000013
core   0: 0x80001202 (0x914b7d93) andi    s11, s6, -1772
core   0: 3 0x80001202 (0x914b7d93) x27 0xfffff900
core   0: 0x80001206 (0x000086b2) c.mv    a3, a2
core   0: 3 0x80001206 (0x86b2) x13 0x0000000f
core   0: 0x80001208 (0xd7160237) lui     tp, 0xd7160
core   0: 3 0x80001208 (0xd7160237) x 4 0xd7160000
core   0: 0x8000120c (0x00000085) c.addi  ra, 1
core   0: 3 0x8000120c (0x0085) x 1 0x00000009
core   0: 0x8000120e (0x000d8bb3) add     s7, s11, zero
core   0: 3 0x8000120e (0x000d8bb3) x23 0xfffff900
core   0: 0x80001212 (0x02ad17b3) mulh    a5, s10, a0
core   0: 3 0x80001212 (0x02ad17b3) x15 0xffffffff
core   0: 0x80001216 (0xfe3088e3) beq     ra, gp, pc - 16
core   0: 3 0x80001216 (0xfe3088e3)
core   0: 0x8000121a (0x00fa0db3) add     s11, s4, a5
core   0: 3 0x8000121a (0x00fa0db3) x27 0x000000e0
core   0: 0x8000121e (0x00008976) c.mv    s2, t4
core   0: 3 0x8000121e (0x8976) x18 0xffffffde
core   0: 0x80001220 (0xfcc598e3) bne     a1, a2, pc - 48
core   0: 3 0x80001220 (0xfcc598e3)
core   0: 0x800011f0 (0xe9bc3813) sltiu   a6, s8, -357
core   0: 3 0x800011f0 (0xe9bc3813) x16 0x00000001
core   0: 0x800011f4 (0x00895ab3) srl     s5, s2, s0
core   0: 3 0x800011f4 (0x00895ab3) x21 0x0ffffffd
core   0: 0x800011f8 (0x00000585) c.addi  a1, 1
core   0: 3 0x800011f8 (0x0585) x11 0x0000000a
core   0: 0x800011fa (0x00800093) li      ra, 8
core   0: 3 0x800011fa (0x00800093) x 1 0x00000008
core   0: 0x800011fe (0x01300193) li      gp, 19
core   0: 3 0x800011fe (0x01300193) x 3 0x00000013
core   0: 0x80001202 (0x914b7d93) andi    s11, s6, -1772
core   0: 3 0x80001202 (0x914b7d93) x27 0xfffff900
core   0: 0x80001206 (0x000086b2) c.mv    a3, a2
core   0: 3 0x80001206 (0x86b2) x13 0x0000000f
core   0: 0x80001208 (0xd7160237) lui     tp, 0xd7160
core   0: 3 0x80001208 (0xd7160237) x 4 0xd7160000
core   0: 0x8000120c (0x00000085) c.addi  ra, 1
core   0: 3 0x8000120c (0x0085) x 1 0x00000009
core   0: 0x8000120e (0x000d8bb3) add     s7, s11, zero
core   0: 3 0x8000120e (0x000d8bb3) x23 0xfffff900
core   0: 0x80001212 (0x02ad17b3) mulh    a5, s10, a0
core   0: 3 0x80001212 (0x02ad17b3) x15 0xffffffff
core   0: 0x80001216 (0xfe3088e3) beq     ra, gp, pc - 16
core   0: 3 0x80001216 (0xfe3088e3)
core   0: 0x8000121a (0x00fa0db3) add     s11, s4, a5
core   0: 3 0x8000121a (0x00fa0db3) x27 0x000000e0
core   0: 0x8000121e (0x00008976) c.mv    s2, t4
core   0: 3 0x8000121e (0x8976) x18 0xffffffde
core   0: 0x80001220 (0xfcc598e3) bne     a1, a2, pc - 48
core   0: 3 0x80001220 (0xfcc598e3)
core   0: 0x800011f0 (0xe9bc3813) sltiu   a6, s8, -357
core   0: 3 0x800011f0 (0xe9bc3813) x16 0x00000001
core   0: 0x800011f4 (0x00895ab3) srl     s5, s2, s0
core   0: 3 0x800011f4 (0x00895ab3) x21 0x0ffffffd
core   0: 0x800011f8 (0x00000585) c.addi  a1, 1
core   0: 3 0x800011f8 (0x0585) x11 0x0000000b
core   0: 0x800011fa (0x00800093) li      ra, 8
core   0: 3 0x800011fa (0x00800093) x 1 0x00000008
core   0: 0x800011fe (0x01300193) li      gp, 19
core   0: 3 0x800011fe (0x01300193) x 3 0x00000013
core   0: 0x80001202 (0x914b7d93) andi    s11, s6, -1772
core   0: 3 0x80001202 (0x914b7d93) x27 0xfffff900
core   0: 0x80001206 (0x000086b2) c.mv    a3, a2
core   0: 3 0x80001206 (0x86b2) x13 0x0000000f
core   0: 0x80001208 (0xd7160237) lui     tp, 0xd7160
core   0: 3 0x80001208 (0xd7160237) x 4 0xd7160000
core   0: 0x8000120c (0x00000085) c.addi  ra, 1
core   0: 3 0x8000120c (0x0085) x 1 0x00000009
core   0: 0x8000120e (0x000d8bb3) add     s7, s11, zero
core   0: 3 0x8000120e (0x000d8bb3) x23 0xfffff900
core   0: 0x80001212 (0x02ad17b3) mulh    a5, s10, a0
core   0: 3 0x80001212 (0x02ad17b3) x15 0xffffffff
core   0: 0x80001216 (0xfe3088e3) beq     ra, gp, pc - 16
core   0: 3 0x80001216 (0xfe3088e3)
core   0: 0x8000121a (0x00fa0db3) add     s11, s4, a5
core   0: 3 0x8000121a (0x00fa0db3) x27 0x000000e0
core   0: 0x8000121e (0x00008976) c.mv    s2, t4
core   0: 3 0x8000121e (0x8976) x18 0xffffffde
core   0: 0x80001220 (0xfcc598e3) bne     a1, a2, pc - 48
core   0: 3 0x80001220 (0xfcc598e3)
core   0: 0x800011f0 (0xe9bc3813) sltiu   a6, s8, -357
core   0: 3 0x800011f0 (0xe9bc3813) x16 0x00000001
core   0: 0x800011f4 (0x00895ab3) srl     s5, s2, s0
core   0: 3 0x800011f4 (0x00895ab3) x21 0x0ffffffd
core   0: 0x800011f8 (0x00000585) c.addi  a1, 1
core   0: 3 0x800011f8 (0x0585) x11 0x0000000c
core   0: 0x800011fa (0x00800093) li      ra, 8
core   0: 3 0x800011fa (0x00800093) x 1 0x00000008
core   0: 0x800011fe (0x01300193) li      gp, 19
core   0: 3 0x800011fe (0x01300193) x 3 0x00000013
core   0: 0x80001202 (0x914b7d93) andi    s11, s6, -1772
core   0: 3 0x80001202 (0x914b7d93) x27 0xfffff900
core   0: 0x80001206 (0x000086b2) c.mv    a3, a2
core   0: 3 0x80001206 (0x86b2) x13 0x0000000f
core   0: 0x80001208 (0xd7160237) lui     tp, 0xd7160
core   0: 3 0x80001208 (0xd7160237) x 4 0xd7160000
core   0: 0x8000120c (0x00000085) c.addi  ra, 1
core   0: 3 0x8000120c (0x0085) x 1 0x00000009
core   0: 0x8000120e (0x000d8bb3) add     s7, s11, zero
core   0: 3 0x8000120e (0x000d8bb3) x23 0xfffff900
core   0: 0x80001212 (0x02ad17b3) mulh    a5, s10, a0
core   0: 3 0x80001212 (0x02ad17b3) x15 0xffffffff
core   0: 0x80001216 (0xfe3088e3) beq     ra, gp, pc - 16
core   0: 3 0x80001216 (0xfe3088e3)
core   0: 0x8000121a (0x00fa0db3) add     s11, s4, a5
core   0: 3 0x8000121a (0x00fa0db3) x27 0x000000e0
core   0: 0x8000121e (0x00008976) c.mv    s2, t4
core   0: 3 0x8000121e (0x8976) x18 0xffffffde
core   0: 0x80001220 (0xfcc598e3) bne     a1, a2, pc - 48
core   0: 3 0x80001220 (0xfcc598e3)
core   0: 0x800011f0 (0xe9bc3813) sltiu   a6, s8, -357
core   0: 3 0x800011f0 (0xe9bc3813) x16 0x00000001
core   0: 0x800011f4 (0x00895ab3) srl     s5, s2, s0
core   0: 3 0x800011f4 (0x00895ab3) x21 0x0ffffffd
core   0: 0x800011f8 (0x00000585) c.addi  a1, 1
core   0: 3 0x800011f8 (0x0585) x11 0x0000000d
core   0: 0x800011fa (0x00800093) li      ra, 8
core   0: 3 0x800011fa (0x00800093) x 1 0x00000008
core   0: 0x800011fe (0x01300193) li      gp, 19
core   0: 3 0x800011fe (0x01300193) x 3 0x00000013
core   0: 0x80001202 (0x914b7d93) andi    s11, s6, -1772
core   0: 3 0x80001202 (0x914b7d93) x27 0xfffff900
core   0: 0x80001206 (0x000086b2) c.mv    a3, a2
core   0: 3 0x80001206 (0x86b2) x13 0x0000000f
core   0: 0x80001208 (0xd7160237) lui     tp, 0xd7160
core   0: 3 0x80001208 (0xd7160237) x 4 0xd7160000
core   0: 0x8000120c (0x00000085) c.addi  ra, 1
core   0: 3 0x8000120c (0x0085) x 1 0x00000009
core   0: 0x8000120e (0x000d8bb3) add     s7, s11, zero
core   0: 3 0x8000120e (0x000d8bb3) x23 0xfffff900
core   0: 0x80001212 (0x02ad17b3) mulh    a5, s10, a0
core   0: 3 0x80001212 (0x02ad17b3) x15 0xffffffff
core   0: 0x80001216 (0xfe3088e3) beq     ra, gp, pc - 16
core   0: 3 0x80001216 (0xfe3088e3)
core   0: 0x8000121a (0x00fa0db3) add     s11, s4, a5
core   0: 3 0x8000121a (0x00fa0db3) x27 0x000000e0
core   0: 0x8000121e (0x00008976) c.mv    s2, t4
core   0: 3 0x8000121e (0x8976) x18 0xffffffde
core   0: 0x80001220 (0xfcc598e3) bne     a1, a2, pc - 48
core   0: 3 0x80001220 (0xfcc598e3)
core   0: 0x800011f0 (0xe9bc3813) sltiu   a6, s8, -357
core   0: 3 0x800011f0 (0xe9bc3813) x16 0x00000001
core   0: 0x800011f4 (0x00895ab3) srl     s5, s2, s0
core   0: 3 0x800011f4 (0x00895ab3) x21 0x0ffffffd
core   0: 0x800011f8 (0x00000585) c.addi  a1, 1
core   0: 3 0x800011f8 (0x0585) x11 0x0000000e
core   0: 0x800011fa (0x00800093) li      ra, 8
core   0: 3 0x800011fa (0x00800093) x 1 0x00000008
core   0: 0x800011fe (0x01300193) li      gp, 19
core   0: 3 0x800011fe (0x01300193) x 3 0x00000013
core   0: 0x80001202 (0x914b7d93) andi    s11, s6, -1772
core   0: 3 0x80001202 (0x914b7d93) x27 0xfffff900
core   0: 0x80001206 (0x000086b2) c.mv    a3, a2
core   0: 3 0x80001206 (0x86b2) x13 0x0000000f
core   0: 0x80001208 (0xd7160237) lui     tp, 0xd7160
core   0: 3 0x80001208 (0xd7160237) x 4 0xd7160000
core   0: 0x8000120c (0x00000085) c.addi  ra, 1
core   0: 3 0x8000120c (0x0085) x 1 0x00000009
core   0: 0x8000120e (0x000d8bb3) add     s7, s11, zero
core   0: 3 0x8000120e (0x000d8bb3) x23 0xfffff900
core   0: 0x80001212 (0x02ad17b3) mulh    a5, s10, a0
core   0: 3 0x80001212 (0x02ad17b3) x15 0xffffffff
core   0: 0x80001216 (0xfe3088e3) beq     ra, gp, pc - 16
core   0: 3 0x80001216 (0xfe3088e3)
core   0: 0x8000121a (0x00fa0db3) add     s11, s4, a5
core   0: 3 0x8000121a (0x00fa0db3) x27 0x000000e0
core   0: 0x8000121e (0x00008976) c.mv    s2, t4
core   0: 3 0x8000121e (0x8976) x18 0xffffffde
core   0: 0x80001220 (0xfcc598e3) bne     a1, a2, pc - 48
core   0: 3 0x80001220 (0xfcc598e3)
core   0: 0x800011f0 (0xe9bc3813) sltiu   a6, s8, -357
core   0: 3 0x800011f0 (0xe9bc3813) x16 0x00000001
core   0: 0x800011f4 (0x00895ab3) srl     s5, s2, s0
core   0: 3 0x800011f4 (0x00895ab3) x21 0x0ffffffd
core   0: 0x800011f8 (0x00000585) c.addi  a1, 1
core   0: 3 0x800011f8 (0x0585) x11 0x0000000f
core   0: 0x800011fa (0x00800093) li      ra, 8
core   0: 3 0x800011fa (0x00800093) x 1 0x00000008
core   0: 0x800011fe (0x01300193) li      gp, 19
core   0: 3 0x800011fe (0x01300193) x 3 0x00000013
core   0: 0x80001202 (0x914b7d93) andi    s11, s6, -1772
core   0: 3 0x80001202 (0x914b7d93) x27 0xfffff900
core   0: 0x80001206 (0x000086b2) c.mv    a3, a2
core   0: 3 0x80001206 (0x86b2) x13 0x0000000f
core   0: 0x80001208 (0xd7160237) lui     tp, 0xd7160
core   0: 3 0x80001208 (0xd7160237) x 4 0xd7160000
core   0: 0x8000120c (0x00000085) c.addi  ra, 1
core   0: 3 0x8000120c (0x0085) x 1 0x00000009
core   0: 0x8000120e (0x000d8bb3) add     s7, s11, zero
core   0: 3 0x8000120e (0x000d8bb3) x23 0xfffff900
core   0: 0x80001212 (0x02ad17b3) mulh    a5, s10, a0
core   0: 3 0x80001212 (0x02ad17b3) x15 0xffffffff
core   0: 0x80001216 (0xfe3088e3) beq     ra, gp, pc - 16
core   0: 3 0x80001216 (0xfe3088e3)
core   0: 0x8000121a (0x00fa0db3) add     s11, s4, a5
core   0: 3 0x8000121a (0x00fa0db3) x27 0x000000e0
core   0: 0x8000121e (0x00008976) c.mv    s2, t4
core   0: 3 0x8000121e (0x8976) x18 0xffffffde
core   0: 0x80001220 (0xfcc598e3) bne     a1, a2, pc - 48
core   0: 3 0x80001220 (0xfcc598e3)
core   0: 0x80001224 (0x7704ad13) slti    s10, s1, 1904
core   0: 3 0x80001224 (0x7704ad13) x26 0x00000001
core   0: 0x80001228 (0x0240066f) jal     a2, pc + 0x24
core   0: 3 0x80001228 (0x0240066f) x12 0x8000122c
core   0: 0x8000124c (0x0000a031) c.j     pc + 12
core   0: 3 0x8000124c (0xa031)
core   0: 0x80001258 (0xfebff0ef) jal     pc - 0x16
core   0: 3 0x80001258 (0xfebff0ef) x 1 0x8000125c
core   0: 0x80001242 (0x00002811) c.jal   pc + 20
core   0: 3 0x80001242 (0x2811) x 1 0x80001244
core   0: 0x80001256 (0x00002821) c.jal   pc + 24
core   0: 3 0x80001256 (0x2821) x 1 0x80001258
core   0: 0x8000126e (0x0040016f) jal     sp, pc + 0x4
core   0: 3 0x8000126e (0x0040016f) x 2 0x80001272
core   0: 0x80001272 (0x000037c9) c.jal   pc - 62
core   0: 3 0x80001272 (0x37c9) x 1 0x80001274
core   0: 0x80001234 (0x0000a809) c.j     pc + 18
core   0: 3 0x80001234 (0xa809)
core   0: 0x80001246 (0x000037ed) c.jal   pc - 22
core   0: 3 0x80001246 (0x37ed) x 1 0x80001248
core   0: 0x80001230 (0x0000200d) c.jal   pc + 34
core   0: 3 0x80001230 (0x200d) x 1 0x80001232
core   0: 0x80001252 (0x0000a009) c.j     pc + 2
core   0: 3 0x80001252 (0xa009)
core   0: 0x80001254 (0x0000bfd5) c.j     pc - 12
core   0: 3 0x80001254 (0xbfd5)
core   0: 0x80001248 (0xffdff0ef) jal     pc - 0x4
core   0: 3 0x80001248 (0xffdff0ef) x 1 0x8000124c
core   0: 0x80001244 (0x00002015) c.jal   pc + 36
core   0: 3 0x80001244 (0x2015) x 1 0x80001246
core   0: 0x80001268 (0x000037dd) c.jal   pc - 26
core   0: 3 0x80001268 (0x37dd) x 1 0x8000126a
core   0: 0x8000124e (0x0000a801) c.j     pc + 16
core   0: 3 0x8000124e (0xa801)
core   0: 0x8000125e (0x004000ef) jal     pc + 0x4
core   0: 3 0x8000125e (0x004000ef) x 1 0x80001262
core   0: 0x80001262 (0x00003fd1) c.jal   pc - 44
core   0: 3 0x80001262 (0x3fd1) x 1 0x80001264
core   0: 0x80001236 (0x0400026f) jal     tp, pc + 0x40
core   0: 3 0x80001236 (0x0400026f) x 4 0x8000123a
core   0: 0x80001276 (0x0000bf5d) c.j     pc - 74
core   0: 3 0x80001276 (0xbf5d)
core   0: 0x8000122c (0x0120016f) jal     sp, pc + 0x12
core   0: 3 0x8000122c (0x0120016f) x 2 0x80001230
core   0: 0x8000123e (0x00002035) c.jal   pc + 44
core   0: 3 0x8000123e (0x2035) x 1 0x80001240
core   0: 0x8000126a (0x00003fed) c.jal   pc - 6
core   0: 3 0x8000126a (0x3fed) x 1 0x8000126c
core   0: 0x80001264 (0xfcfff0ef) jal     pc - 0x32
core   0: 3 0x80001264 (0xfcfff0ef) x 1 0x80001268
core   0: 0x80001232 (0x00002089) c.jal   pc + 66
core   0: 3 0x80001232 (0x2089) x 1 0x80001234
core   0: 0x80001274 (0x0000b7d9) c.j     pc - 58
core   0: 3 0x80001274 (0xb7d9)
core   0: 0x8000123a (0x022000ef) jal     pc + 0x22
core   0: 3 0x8000123a (0x022000ef) x 1 0x8000123e
core   0: 0x8000125c (0x000037d5) c.jal   pc - 28
core   0: 3 0x8000125c (0x37d5) x 1 0x8000125e
core   0: 0x80001240 (0x0000a801) c.j     pc + 16
core   0: 3 0x80001240 (0xa801)
core   0: 0x80001250 (0x0000a831) c.j     pc + 28
core   0: 3 0x80001250 (0xa831)
core   0: 0x8000126c (0x0000a031) c.j     pc + 12
core   0: 3 0x8000126c (0xa031)
core   0: 0x80001278 (0x00274ab3) xor     s5, a4, sp
core   0: 3 0x80001278 (0x00274ab3) x21 0x7fffec4f
core   0: 0x8000127c (0x00a0066f) jal     a2, pc + 0xa
core   0: 3 0x8000127c (0x00a0066f) x12 0x80001280
core   0: 0x80001286 (0x004000ef) jal     pc + 0x4
core   0: 3 0x80001286 (0x004000ef) x 1 0x8000128a
core   0: 0x8000128a (0x0000a029) c.j     pc + 10
core   0: 3 0x8000128a (0xa029)
core   0: 0x80001294 (0xfedff0ef) jal     pc - 0x14
core   0: 3 0x80001294 (0xfedff0ef) x 1 0x80001298
core   0: 0x80001280 (0x00002821) c.jal   pc + 24
core   0: 3 0x80001280 (0x2821) x 1 0x80001282
core   0: 0x80001298 (0x0000bfd5) c.j     pc - 12
core   0: 3 0x80001298 (0xbfd5)
core   0: 0x8000128c (0xff7ff0ef) jal     pc - 0xa
core   0: 3 0x8000128c (0xff7ff0ef) x 1 0x80001290
core   0: 0x80001282 (0x00002039) c.jal   pc + 14
core   0: 3 0x80001282 (0x2039) x 1 0x80001284
core   0: 0x80001290 (0xff5ff0ef) jal     pc - 0xc
core   0: 3 0x80001290 (0xff5ff0ef) x 1 0x80001294
core   0: 0x80001284 (0x0000a819) c.j     pc + 22
core   0: 3 0x80001284 (0xa819)
core   0: 0x8000129a (0x0000a009) c.j     pc + 2
core   0: 3 0x8000129a (0xa009)
core   0: 0x8000129c (0x0086df93) srli    t6, a3, 8
core   0: 3 0x8000129c (0x0086df93) x31 0x00000000
core   0: 0x800012a0 (0x0001bd17) auipc   s10, 0x1b
core   0: 3 0x800012a0 (0x0001bd17) x26 0x8001c2a0
core   0: 0x800012a4 (0x114d0d13) addi    s10, s10, 276
core   0: 3 0x800012a4 (0x114d0d13) x26 0x8001c3b4
core   0: 0x800012a8 (0x00d0f3b3) and     t2, ra, a3
core   0: 3 0x800012a8 (0x00d0f3b3) x 7 0x00000004
core   0: 0x800012ac (0xfb5d0b03) lb      s6, -75(s10)
core   0: 3 0x800012ac (0xfb5d0b03) x22 0x00000022 mem 0x8001c369
core   0: 0x800012b0 (0x0b3d0383) lb      t2, 179(s10)
core   0: 3 0x800012b0 (0x0b3d0383) x 7 0x0000001c mem 0x8001c467
core   0: 0x800012b4 (0x00000b3d) c.addi  s6, 15
core   0: 3 0x800012b4 (0x0b3d) x22 0x00000031
core   0: 0x800012b6 (0xf66d0ba3) sb      t1, -137(s10)
core   0: 3 0x800012b6 (0xf66d0ba3) mem 0x8001c32b 0xe1
core   0: 0x800012ba (0xf37d0d83) lb      s11, -201(s10)
core   0: 3 0x800012ba (0xf37d0d83) x27 0xffffffa0 mem 0x8001c2eb
core   0: 0x800012be (0xf02d4303) lbu     t1, -254(s10)
core   0: 3 0x800012be (0xf02d4303) x 6 0x0000006d mem 0x8001c2b6
core   0: 0x800012c2 (0xfe3d0303) lb      t1, -29(s10)
core   0: 3 0x800012c2 (0xfe3d0303) x 6 0x0000004c mem 0x8001c397
core   0: 0x800012c6 (0x03cd2303) lw      t1, 60(s10)
core   0: 3 0x800012c6 (0x03cd2303) x 6 0xa8a9aaab mem 0x8001c3f0
core   0: 0x800012ca (0x52ddab13) slti    s6, s11, 1325
core   0: 3 0x800012ca (0x52ddab13) x22 0x00000001
core   0: 0x800012ce (0x0000469d) c.li    a3, 7
core   0: 3 0x800012ce (0x469d) x13 0x00000007
core   0: 0x800012d0 (0x027366b3) rem     a3, t1, t2
core   0: 3 0x800012d0 (0x027366b3) x13 0xfffffffb
core   0: 0x800012d4 (0xffbd0aa3) sb      s11, -11(s10)
core   0: 3 0x800012d4 (0xffbd0aa3) mem 0x8001c3a9 0xa0
core   0: 0x800012d8 (0x02ddddb3) divu    s11, s11, a3
core   0: 3 0x800012d8 (0x02ddddb3) x27 0x00000000
core   0: 0x800012dc (0xf15d0683) lb      a3, -235(s10)
core   0: 3 0x800012dc (0xf15d0683) x13 0xffffff82 mem 0x8001c2c9
core   0: 0x800012e0 (0x72a6c393) xori    t2, a3, 1834
core   0: 3 0x800012e0 (0x72a6c393) x 7 0xfffff8a8
core   0: 0x800012e4 (0x00008ed5) c.or    a3, a3
core   0: 3 0x800012e4 (0x8ed5) x13 0xffffff82
core   0: 0x800012e6 (0x0aed5d83) lhu     s11, 174(s10)
core   0: 3 0x800012e6 (0x0aed5d83) x27 0x00001819 mem 0x8001c462
core   0: 0x800012ea (0xf1fd0683) lb      a3, -225(s10)
core   0: 3 0x800012ea (0xf1fd0683) x13 0xffffff88 mem 0x8001c2d3
core   0: 0x800012ee (0x00000001) c.nop
core   0: 3 0x800012ee (0x0001)
core   0: 0x800012f0 (0x0fbd2623) sw      s11, 236(s10)
core   0: 3 0x800012f0 (0x0fbd2623) mem 0x8001c4a0 0x00001819
core   0: 0x800012f4 (0x062d5383) lhu     t2, 98(s10)
core   0: 3 0x800012f4 (0x062d5383) x 7 0x0000cccd mem 0x8001c416
core   0: 0x800012f8 (0x026d0d83) lb      s11, 38(s10)
core   0: 3 0x800012f8 (0x026d0d83) x27 0xffffff91 mem 0x8001c3da
core   0: 0x800012fc (0x000000da) c.slli  ra, 22
core   0: 3 0x800012fc (0x00da) x 1 0xa5000000
core   0: 0x800012fe (0x027b7b33) remu    s6, s6, t2
core   0: 3 0x800012fe (0x027b7b33) x22 0x00000001
core   0: 0x80001302 (0x00006dd5) c.lui   s11, 0x15
core   0: 3 0x80001302 (0x6dd5) x27 0x00015000
core   0: 0x80001304 (0x254b3093) sltiu   ra, s6, 596
core   0: 3 0x80001304 (0x254b3093) x 1 0x00000001
core   0: 0x80001308 (0xfc6d0a23) sb      t1, -44(s10)
core   0: 3 0x80001308 (0xfc6d0a23) mem 0x8001c388 0xab
core   0: 0x8000130c (0x00008289) c.srli  a3, 2
core   0: 3 0x8000130c (0x8289) x13 0x3fffffe2
core   0: 0x8000130e (0x021dfb33) remu    s6, s11, ra
core   0: 3 0x8000130e (0x021dfb33) x22 0x00000000
core   0: 0x80001312 (0x00009306) c.add   t1, ra
core   0: 3 0x80001312 (0x9306) x 6 0xa8a9aaac
core   0: 0x80001314 (0x0d6d0b23) sb      s6, 214(s10)
core   0: 3 0x80001314 (0x0d6d0b23) mem 0x8001c48a 0x0
core   0: 0x80001318 (0x01b0f333) and     t1, ra, s11
core   0: 3 0x80001318 (0x01b0f333) x 6 0x00000000
core   0: 0x8000131c (0x00008e95) c.sub   a3, a3
core   0: 3 0x8000131c (0x8e95) x13 0x00000000
core   0: 0x8000131e (0xf26d09a3) sb      t1, -205(s10)
core   0: 3 0x8000131e (0xf26d09a3) mem 0x8001c2e7 0x0
core   0: 0x80001322 (0x01b09333) sll     t1, ra, s11
core   0: 3 0x80001322 (0x01b09333) x 6 0x00000001
core   0: 0x80001326 (0x52dd8693) addi    a3, s11, 1325
core   0: 3 0x80001326 (0x52dd8693) x13 0x0001552d
core   0: 0x8000132a (0xf1bd0303) lb      t1, -229(s10)
core   0: 3 0x8000132a (0xf1bd0303) x 6 0xffffff84 mem 0x8001c2cf
core   0: 0x8000132e (0x0f6d0ea3) sb      s6, 253(s10)
core   0: 3 0x8000132e (0x0f6d0ea3) mem 0x8001c4b1 0x0
core   0: 0x80001332 (0xfd6d00a3) sb      s6, -63(s10)
core   0: 3 0x80001332 (0xfd6d00a3) mem 0x8001c375 0x0
core   0: 0x80001336 (0x407d8db3) sub     s11, s11, t2
core   0: 3 0x80001336 (0x407d8db3) x27 0x00008333
core   0: 0x8000133a (0x1e1a1db7) lui     s11, 0x1e1a1
core   0: 3 0x8000133a (0x1e1a1db7) x27 0x1e1a1000
core   0: 0x8000133e (0x000000b2) c.slli  ra, 12
core   0: 3 0x8000133e (0x00b2) x 1 0x00001000
core   0: 0x80001340 (0x7980c693) xori    a3, ra, 1944
core   0: 3 0x80001340 (0x7980c693) x13 0x00001798
core   0: 0x80001344 (0x9850a313) slti    t1, ra, -1659
core   0: 3 0x80001344 (0x9850a313) x 6 0x00000000
core   0: 0x80001348 (0xf30d2683) lw      a3, -208(s10)
core   0: 3 0x80001348 (0xf30d2683) x13 0x009d9e9f mem 0x8001c2e4
core   0: 0x8000134c (0x0c5d4303) lbu     t1, 197(s10)
core   0: 3 0x8000134c (0x0c5d4303) x 6 0x00000032 mem 0x8001c479
core   0: 0x80001350 (0x40d3d6b3) sra     a3, t2, a3
core   0: 3 0x80001350 (0x40d3d6b3) x13 0x00000000
core   0: 0x80001354 (0x0a1d08a3) sb      ra, 177(s10)
core   0: 3 0x80001354 (0x0a1d08a3) mem 0x8001c465 0x0
core   0: 0x80001358 (0x01c0066f) jal     a2, pc + 0x1c
core   0: 3 0x80001358 (0x01c0066f) x12 0x8000135c
core   0: 0x80001374 (0x01a0036f) jal     t1, pc + 0x1a
core   0: 3 0x80001374 (0x01a0036f) x 6 0x80001378
core   0: 0x8000138e (0x0000bfcd) c.j     pc - 14
core   0: 3 0x8000138e (0xbfcd)
core   0: 0x80001380 (0x0000a819) c.j     pc + 22
core   0: 3 0x80001380 (0xa819)
core   0: 0x80001396 (0x000037e9) c.jal   pc - 54
core   0: 3 0x80001396 (0x37e9) x 1 0x80001398
core   0: 0x80001360 (0x0000a009) c.j     pc + 2
core   0: 3 0x80001360 (0xa009)
core   0: 0x80001362 (0x0000a829) c.j     pc + 26
core   0: 3 0x80001362 (0xa829)
core   0: 0x8000137c (0x0000a811) c.j     pc + 20
core   0: 3 0x8000137c (0xa811)
core   0: 0x80001390 (0x0000bfe9) c.j     pc - 38
core   0: 3 0x80001390 (0xbfe9)
core   0: 0x8000136a (0x0000bfcd) c.j     pc - 14
core   0: 3 0x8000136a (0xbfcd)
core   0: 0x8000135c (0x00c000ef) jal     pc + 0xc
core   0: 3 0x8000135c (0x00c000ef) x 1 0x80001360
core   0: 0x80001368 (0x0000a021) c.j     pc + 8
core   0: 3 0x80001368 (0xa021)
core   0: 0x80001370 (0xff5ff0ef) jal     pc - 0xc
core   0: 3 0x80001370 (0xff5ff0ef) x 1 0x80001374
core   0: 0x80001364 (0x0000a021) c.j     pc + 8
core   0: 3 0x80001364 (0xa021)
core   0: 0x8000136c (0x00c0046f) jal     s0, pc + 0xc
core   0: 3 0x8000136c (0x00c0046f) x 8 0x80001370
core   0: 0x80001378 (0x012000ef) jal     pc + 0x12
core   0: 3 0x80001378 (0x012000ef) x 1 0x8000137c
core   0: 0x8000138a (0x00002009) c.jal   pc + 2
core   0: 3 0x8000138a (0x2009) x 1 0x8000138c
core   0: 0x8000138c (0x0000bff5) c.j     pc - 4
core   0: 3 0x8000138c (0xbff5)
core   0: 0x80001388 (0x0000a031) c.j     pc + 12
core   0: 3 0x80001388 (0xa031)
core   0: 0x80001394 (0x00002011) c.jal   pc + 4
core   0: 3 0x80001394 (0x2011) x 1 0x80001396
core   0: 0x80001398 (0xfebff0ef) jal     pc - 0x16
core   0: 3 0x80001398 (0xfebff0ef) x 1 0x8000139c
core   0: 0x80001382 (0x004000ef) jal     pc + 0x4
core   0: 3 0x80001382 (0x004000ef) x 1 0x80001386
core   0: 0x80001386 (0x0000a031) c.j     pc + 12
core   0: 3 0x80001386 (0xa031)
core   0: 0x80001392 (0x00003fd1) c.jal   pc - 44
core   0: 3 0x80001392 (0x3fd1) x 1 0x80001394
core   0: 0x80001366 (0x0000a821) c.j     pc + 24
core   0: 3 0x80001366 (0xa821)
core   0: 0x8000137e (0x0000a839) c.j     pc + 30
core   0: 3 0x8000137e (0xa839)
core   0: 0x8000139c (0x00000125) c.addi  sp, 9
core   0: 3 0x8000139c (0x0125) x 2 0x80001239
core   0: 0x8000139e (0x0100066f) jal     a2, pc + 0x10
core   0: 3 0x8000139e (0x0100066f) x12 0x800013a2
core   0: 0x800013ae (0x0000a03d) c.j     pc + 46
core   0: 3 0x800013ae (0xa03d)
core   0: 0x800013dc (0x0000b7d9) c.j     pc - 58
core   0: 3 0x800013dc (0xb7d9)
core   0: 0x800013a2 (0x00002825) c.jal   pc + 56
core   0: 3 0x800013a2 (0x2825) x 1 0x800013a4
core   0: 0x800013da (0x0000b7d5) c.j     pc - 28
core   0: 3 0x800013da (0xb7d5)
core   0: 0x800013be (0x0000a819) c.j     pc + 22
core   0: 3 0x800013be (0xa819)
core   0: 0x800013d4 (0xfdfff0ef) jal     pc - 0x22
core   0: 3 0x800013d4 (0xfdfff0ef) x 1 0x800013d8
core   0: 0x800013b2 (0x0000a039) c.j     pc + 14
core   0: 3 0x800013b2 (0xa039)
core   0: 0x800013c0 (0x0000bfd5) c.j     pc - 12
core   0: 3 0x800013c0 (0xbfd5)
core   0: 0x800013b4 (0x00002821) c.jal   pc + 24
core   0: 3 0x800013b4 (0x2821) x 1 0x800013b6
core   0: 0x800013cc (0x0000bff5) c.j     pc - 4
core   0: 3 0x800013cc (0xbff5)
core   0: 0x800013c8 (0x0000a021) c.j     pc + 8
core   0: 3 0x800013c8 (0xa021)
core   0: 0x800013d0 (0x000037ed) c.jal   pc - 22
core   0: 3 0x800013d0 (0x37ed) x 1 0x800013d2
core   0: 0x800013ba (0xffdff0ef) jal     pc - 0x4
core   0: 3 0x800013ba (0xffdff0ef) x 1 0x800013be
core   0: 0x800013b6 (0x022000ef) jal     pc + 0x22
core   0: 3 0x800013b6 (0x022000ef) x 1 0x800013ba
core   0: 0x800013d8 (0x000037f9) c.jal   pc - 50
core   0: 3 0x800013d8 (0x37f9) x 1 0x800013da
core   0: 0x800013a6 (0x00002025) c.jal   pc + 40
core   0: 3 0x800013a6 (0x2025) x 1 0x800013a8
core   0: 0x800013ce (0x0000bfd5) c.j     pc - 12
core   0: 3 0x800013ce (0xbfd5)
core   0: 0x800013c2 (0x0000a021) c.j     pc + 8
core   0: 3 0x800013c2 (0xa021)
core   0: 0x800013ca (0x00003ff9) c.jal   pc - 34
core   0: 3 0x800013ca (0x3ff9) x 1 0x800013cc
core   0: 0x800013a8 (0xffdff36f) jal     t1, pc - 0x4
core   0: 3 0x800013a8 (0xffdff36f) x 6 0x800013ac
core   0: 0x800013a4 (0x00002005) c.jal   pc + 32
core   0: 3 0x800013a4 (0x2005) x 1 0x800013a6
core   0: 0x800013c4 (0x00e00a6f) jal     s4, pc + 0xe
core   0: 3 0x800013c4 (0x00e00a6f) x20 0x800013c8
core   0: 0x800013d2 (0x00003ff9) c.jal   pc - 34
core   0: 3 0x800013d2 (0x3ff9) x 1 0x800013d4
core   0: 0x800013b0 (0x0000bff5) c.j     pc - 4
core   0: 3 0x800013b0 (0xbff5)
core   0: 0x800013ac (0x0000a80d) c.j     pc + 50
core   0: 3 0x800013ac (0xa80d)
core   0: 0x800013de (0x012fa1b3) slt     gp, t6, s2
core   0: 3 0x800013de (0x012fa1b3) x 3 0x00000000
core   0: 0x800013e2 (0x0000fb17) auipc   s6, 0xf
core   0: 3 0x800013e2 (0x0000fb17) x22 0x800103e2
core   0: 0x800013e6 (0xd12b0b13) addi    s6, s6, -750
core   0: 3 0x800013e6 (0xd12b0b13) x22 0x800100f4
core   0: 0x800013ea (0x0aab5e03) lhu     t3, 170(s6)
core   0: 3 0x800013ea (0x0aab5e03) x28 0x00005455 mem 0x8001019e
core   0: 0x800013ee (0x037b4e03) lbu     t3, 55(s6)
core   0: 3 0x800013ee (0x037b4e03) x28 0x000000e0 mem 0x8001012b
core   0: 0x800013f2 (0x084b1023) sh      tp, 128(s6)
core   0: 3 0x800013f2 (0x084b1023) mem 0x80010174 0x123a
core   0: 0x800013f6 (0xfb3b0123) sb      s3, -94(s6)
core   0: 3 0x800013f6 (0xfb3b0123) mem 0x80010096 0x69
core   0: 0x800013fa (0xfa2b5d03) lhu     s10, -94(s6)
core   0: 3 0x800013fa (0xfa2b5d03) x26 0x00004c69 mem 0x80010096
core   0: 0x800013fe (0xfceb0383) lb      t2, -50(s6)
core   0: 3 0x800013fe (0xfceb0383) x 7 0x00000079 mem 0x800100c2
core   0: 0x80001402 (0xfc2b1723) sh      sp, -50(s6)
core   0: 3 0x80001402 (0xfc2b1723) mem 0x800100c2 0x1239
core   0: 0x80001406 (0xfceb5a03) lhu     s4, -50(s6)
core   0: 3 0x80001406 (0xfceb5a03) x20 0x00001239 mem 0x800100c2
core   0: 0x8000140a (0xfd4b1723) sh      s4, -50(s6)
core   0: 3 0x8000140a (0xfd4b1723) mem 0x800100c2 0x1239
core   0: 0x8000140e (0xfa5b0f83) lb      t6, -91(s6)
core   0: 3 0x8000140e (0xfa5b0f83) x31 0x00000052 mem 0x80010099
core   0: 0x80001412 (0x02fc8fb3) mul     t6, s9, a5
core   0: 3 0x80001412 (0x02fc8fb3) x31 0x7ffd631c
core   0: 0x80001416 (0xfa5b0f03) lb      t5, -91(s6)
core   0: 3 0x80001416 (0xfa5b0f03) x30 0x00000052 mem 0x80010099
core   0: 0x8000141a (0xfa5b0403) lb      s0, -91(s6)
core   0: 3 0x8000141a (0xfa5b0403) x 8 0x00000052 mem 0x80010099
core   0: 0x8000141e (0xfa8b02a3) sb      s0, -91(s6)
core   0: 3 0x8000141e (0xfa8b02a3) mem 0x80010099 0x52
core   0: 0x80001422 (0x0001e097) auipc   ra, 0x1e
core   0: 3 0x80001422 (0x0001e097) x 1 0x8001f422
core   0: 0x80001426 (0xb9608093) addi    ra, ra, -1130
core   0: 3 0x80001426 (0xb9608093) x 1 0x8001efb8
core   0: 0x8000142a (0xa1f08803) lb      a6, -1505(ra)
core   0: 3 0x8000142a (0xa1f08803) x16 0xffffff8c mem 0x8001e9d7
core   0: 0x8000142e (0x00000b0a) c.slli  s6, 2
core   0: 3 0x8000142e (0x0b0a) x22 0x000403d0
core   0: 0x80001430 (0x000098fd) c.andi  s1, -1
core   0: 3 0x80001430 (0x98fd) x 9 0x00000203
core   0: 0x80001432 (0x2cdbcd93) xori    s11, s7, 717
core   0: 3 0x80001432 (0x2cdbcd93) x27 0xfffffbcd
core   0: 0x80001436 (0x015569b3) or      s3, a0, s5
core   0: 3 0x80001436 (0x015569b3) x19 0x7fffec4f
core   0: 0x8000143a (0x1c70cd03) lbu     s10, 455(ra)
core   0: 3 0x8000143a (0x1c70cd03) x26 0x00000034 mem 0x8001f17f
core   0: 0x8000143e (0xb290ce03) lbu     t3, -1239(ra)
core   0: 3 0x8000143e (0xb290ce03) x28 0x0000009a mem 0x8001eae1
core   0: 0x80001442 (0x27222637) lui     a2, 0x27222
core   0: 3 0x80001442 (0x27222637) x12 0x27222000
core   0: 0x80001446 (0x02244433) div     s0, s0, sp
core   0: 3 0x80001446 (0x02244433) x 8 0x00000000
core   0: 0x8000144a (0x033472b3) remu    t0, s0, s3
core   0: 3 0x8000144a (0x033472b3) x 5 0x00000000
core   0: 0x8000144e (0xfed08ca3) sb      a3, -7(ra)
core   0: 3 0x8000144e (0xfed08ca3) mem 0x8001efb1 0x0
core   0: 0x80001452 (0x2f798e13) addi    t3, s3, 759
core   0: 3 0x80001452 (0x2f798e13) x28 0x7fffef46
core   0: 0x80001456 (0x00000b7a) c.slli  s6, 30
core   0: 3 0x80001456 (0x0b7a) x22 0x00000000
core   0: 0x80001458 (0xcfb082a3) sb      s11, -795(ra)
core   0: 3 0x80001458 (0xcfb082a3) mem 0x8001ec9d 0xcd
core   0: 0x8000145c (0xb720c803) lbu     a6, -1166(ra)
core   0: 3 0x8000145c (0xb720c803) x16 0x000000e1 mem 0x8001eb2a
core   0: 0x80001460 (0x01011993) slli    s3, sp, 16
core   0: 3 0x80001460 (0x01011993) x19 0x12390000
core   0: 0x80001464 (0x78f0c283) lbu     t0, 1935(ra)
core   0: 3 0x80001464 (0x78f0c283) x 5 0x000000fc mem 0x8001f747
core   0: 0x80001468 (0x0000861e) c.mv    a2, t2
core   0: 3 0x80001468 (0x861e) x12 0x00000079
core   0: 0x8000146a (0x00001efd) c.addi  t4, -1
core   0: 3 0x8000146a (0x1efd) x29 0xffffffdd
core   0: 0x8000146c (0x9ca08b03) lb      s6, -1590(ra)
core   0: 3 0x8000146c (0x9ca08b03) x22 0x00000039 mem 0x8001e982
core   0: 0x80001470 (0xee4c9a17) auipc   s4, 0xee4c9
core   0: 3 0x80001470 (0xee4c9a17) x20 0x6e4ca470
core   0: 0x80001474 (0x3a30c483) lbu     s1, 931(ra)
core   0: 3 0x80001474 (0x3a30c483) x 9 0x00000010 mem 0x8001f35b
core   0: 0x80001478 (0x00608183) lb      gp, 6(ra)
core   0: 3 0x80001478 (0x00608183) x 3 0x00000075 mem 0x8001efbe
core   0: 0x8000147c (0x2ae084a3) sb      a4, 681(ra)
core   0: 3 0x8000147c (0x2ae084a3) mem 0x8001f261 0x7f
core   0: 0x80001480 (0x06d0ca83) lbu     s5, 109(ra)
core   0: 3 0x80001480 (0x06d0ca83) x21 0x000000de mem 0x8001f025
core   0: 0x80001484 (0xd5308303) lb      t1, -685(ra)
core   0: 3 0x80001484 (0xd5308303) x 6 0xffffffc0 mem 0x8001ed0b
core   0: 0x80001488 (0x00008fdd) c.or    a5, a5
core   0: 3 0x80001488 (0x8fdd) x15 0xffffffff
core   0: 0x8000148a (0x027c8a33) mul     s4, s9, t2
core   0: 3 0x8000148a (0x027c8a33) x20 0x813c27c4
core   0: 0x8000148e (0x6290c403) lbu     s0, 1577(ra)
core   0: 3 0x8000148e (0x6290c403) x 8 0x0000009a mem 0x8001f5e1
core   0: 0x80001492 (0xa4009a03) lh      s4, -1472(ra)
core   0: 3 0x80001492 (0xa4009a03) x20 0xffffb2b3 mem 0x8001e9f8
core   0: 0x80001496 (0x00487a93) andi    s5, a6, 4
core   0: 3 0x80001496 (0x00487a93) x21 0x00000000
core   0: 0x8000149a (0x2a40ac03) lw      s8, 676(ra)
core   0: 3 0x8000149a (0x2a40ac03) x24 0x14151617 mem 0x8001f25c
core   0: 0x8000149e (0x01378433) add     s0, a5, s3
core   0: 3 0x8000149e (0x01378433) x 8 0x1238ffff
core   0: 0x800014a2 (0x6f80ca03) lbu     s4, 1784(ra)
core   0: 3 0x800014a2 (0x6f80ca03) x20 0x0000006b mem 0x8001f6b0
core   0: 0x800014a6 (0x1f308003) lb      zero, 499(ra)
core   0: 3 0x800014a6 (0x1f308003) mem 0x8001f1ab
core   0: 0x800014aa (0x55ff6293) ori     t0, t5, 1375
core   0: 3 0x800014aa (0x55ff6293) x 5 0x0000055f
core   0: 0x800014ae (0x71156793) ori     a5, a0, 1809
core   0: 3 0x800014ae (0x71156793) x15 0x0000071d
core   0: 0x800014b2 (0x0308ed33) rem     s10, a7, a6
core   0: 3 0x800014b2 (0x0308ed33) x26 0xffffff45
core   0: 0x800014b6 (0xd6d08a83) lb      s5, -659(ra)
core   0: 3 0x800014b6 (0xd6d08a83) x21 0xffffffde mem 0x8001ed25
core   0: 0x800014ba (0x0325abb3) mulhsu  s7, a1, s2
core   0: 3 0x800014ba (0x0325abb3) x23 0x0000000e
core   0: 0x800014be (0x0000717d) c.addi16sp sp, -16
core   0: 3 0x800014be (0x717d) x 2 0x80001229
core   0: 0x800014c0 (0x1f108e23) sb      a7, 508(ra)
core   0: 3 0x800014c0 (0x1f108e23) mem 0x8001f1b4 0x64
core   0: 0x800014c4 (0x000007ee) c.slli  a5, 27
core   0: 3 0x800014c4 (0x07ee) x15 0xe8000000
core   0: 0x800014c6 (0x7b208683) lb      a3, 1970(ra)
core   0: 3 0x800014c6 (0x7b208683) x13 0x00000021 mem 0x8001f76a
core   0: 0x800014ca (0xdaf08e83) lb      t4, -593(ra)
core   0: 3 0x800014ca (0xdaf08e83) x29 0x0000001c mem 0x8001ed67
core   0: 0x800014ce (0xa0fbbf93) sltiu   t6, s7, -1521
core   0: 3 0x800014ce (0xa0fbbf93) x31 0x00000001
core   0: 0x800014d2 (0xd64086a3) sb      tp, -659(ra)
core   0: 3 0x800014d2 (0xd64086a3) mem 0x8001ed25 0x3a
core   0: 0x800014d6 (0x00900413) li      s0, 9
core   0: 3 0x800014d6 (0x00900413) x 8 0x00000009
core   0: 0x800014da (0x38f77617) auipc   a2, 0x38f77
core   0: 3 0x800014da (0x38f77617) x12 0xb8f784da
core   0: 0x800014de (0x00008e69) c.and   a2, a0
core   0: 3 0x800014de (0x8e69) x12 0x00000008
core   0: 0x800014e0 (0x00568333) add     t1, a3, t0
core   0: 3 0x800014e0 (0x00568333) x 6 0x00000580
core   0: 0x800014e4 (0x4095dfb3) sra     t6, a1, s1
core   0: 3 0x800014e4 (0x4095dfb3) x31 0x00000000
core   0: 0x800014e8 (0xb188f0b7) lui     ra, 0xb188f
core   0: 3 0x800014e8 (0xb188f0b7) x 1 0xb188f000
core   0: 0x800014ec (0x0000717d) c.addi16sp sp, -16
core   0: 3 0x800014ec (0x717d) x 2 0x80001219
core   0: 0x800014ee (0x00771b13) slli    s6, a4, 7
core   0: 3 0x800014ee (0x00771b13) x22 0xffff3f80
core   0: 0x800014f2 (0x00000001) c.nop
core   0: 3 0x800014f2 (0x0001)
core   0: 0x800014f4 (0x02ed3333) mulhu   t1, s10, a4
core   0: 3 0x800014f4 (0x02ed3333) x 6 0xfffffdc4
core   0: 0x800014f8 (0x03114eb3) div     t4, sp, a7
core   0: 3 0x800014f8 (0x03114eb3) x29 0x00000001
core   0: 0x800014fc (0x0000717d) c.addi16sp sp, -16
core   0: 3 0x800014fc (0x717d) x 2 0x80001209
core   0: 0x800014fe (0x00006485) c.lui   s1, 0x1
core   0: 3 0x800014fe (0x6485) x 9 0x00001000
core   0: 0x80001500 (0xb80c3093) sltiu   ra, s8, -1152
core   0: 3 0x80001500 (0xb80c3093) x 1 0x00000001
core   0: 0x80001504 (0x33595937) lui     s2, 0x33595
core   0: 3 0x80001504 (0x33595937) x18 0x33595000
core   0: 0x80001508 (0x0000100f) fence.i
core   0: 3 0x80001508 (0x0000100f)
core   0: 0x8000150c (0x02e5c0b3) div     ra, a1, a4
core   0: 3 0x8000150c (0x02e5c0b3) x 1 0x00000000
core   0: 0x80001510 (0x011414b3) sll     s1, s0, a7
core   0: 3 0x80001510 (0x011414b3) x 9 0x00000090
core   0: 0x80001514 (0xd6cc7993) andi    s3, s8, -660
core   0: 3 0x80001514 (0xd6cc7993) x19 0x14151404
core   0: 0x80001518 (0x000086a5) c.srai  a3, 9
core   0: 3 0x80001518 (0x86a5) x13 0x00000000
core   0: 0x8000151a (0x0000145d) c.addi  s0, -9
core   0: 3 0x8000151a (0x145d) x 8 0x00000000
core   0: 0x8000151c (0x000056fd) c.li    a3, -1
core   0: 3 0x8000151c (0x56fd) x13 0xffffffff
core   0: 0x8000151e (0x610a2393) slti    t2, s4, 1552
core   0: 3 0x8000151e (0x610a2393) x 7 0x00000001
core   0: 0x80001522 (0x0ff0000f) fence   iorw,iorw
core   0: 3 0x80001522 (0x0ff0000f)
core   0: 0x80001526 (0x00181293) slli    t0, a6, 1
core   0: 3 0x80001526 (0x00181293) x 5 0x000001c2
core   0: 0x8000152a (0x000056fd) c.li    a3, -1
core   0: 3 0x8000152a (0x56fd) x13 0xffffffff
core   0: 0x8000152c (0x0000fc61) c.bnez  s0, pc - 40
core   0: 3 0x8000152c (0xfc61)
core   0: 0x8000152e (0x00008f15) c.sub   a4, a3
core   0: 3 0x8000152e (0x8f15) x14 0xfffffe80
core   0: 0x80001530 (0x0040066f) jal     a2, pc + 0x4
core   0: 3 0x80001530 (0x0040066f) x12 0x80001534
core   0: 0x80001534 (0x0000a831) c.j     pc + 28
core   0: 3 0x80001534 (0xa831)
core   0: 0x80001550 (0xff3ff0ef) jal     pc - 0xe
core   0: 3 0x80001550 (0xff3ff0ef) x 1 0x80001554
core   0: 0x80001542 (0x00002809) c.jal   pc + 18
core   0: 3 0x80001542 (0x2809) x 1 0x80001544
core   0: 0x80001554 (0xfe3ff36f) jal     t1, pc - 0x1e
core   0: 3 0x80001554 (0xfe3ff36f) x 6 0x80001558
core   0: 0x80001536 (0x01800eef) jal     t4, pc + 0x18
core   0: 3 0x80001536 (0x01800eef) x29 0x8000153a
core   0: 0x8000154e (0x0000a831) c.j     pc + 28
core   0: 3 0x8000154e (0xa831)
core   0: 0x8000156a (0x000037c5) c.jal   pc - 32
core   0: 3 0x8000156a (0x37c5) x 1 0x8000156c
core   0: 0x8000154a (0x00003fcd) c.jal   pc - 14
core   0: 3 0x8000154a (0x3fcd) x 1 0x8000154c
core   0: 0x8000153c (0x00002839) c.jal   pc + 30
core   0: 3 0x8000153c (0x2839) x 1 0x8000153e
core   0: 0x8000155a (0x0000bfcd) c.j     pc - 14
core   0: 3 0x8000155a (0xbfcd)
core   0: 0x8000154c (0x00002015) c.jal   pc + 36
core   0: 3 0x8000154c (0x2015) x 1 0x8000154e
core   0: 0x80001570 (0x00002009) c.jal   pc + 2
core   0: 3 0x80001570 (0x2009) x 1 0x80001572
core   0: 0x80001572 (0x004000ef) jal     pc + 0x4
core   0: 3 0x80001572 (0x004000ef) x 1 0x80001576
core   0: 0x80001576 (0x0000bfc5) c.j     pc - 16
core   0: 3 0x80001576 (0xbfc5)
core   0: 0x80001566 (0xfdfff0ef) jal     pc - 0x22
core   0: 3 0x80001566 (0xfdfff0ef) x 1 0x8000156a
core   0: 0x80001544 (0x00002831) c.jal   pc + 28
core   0: 3 0x80001544 (0x2831) x 1 0x80001546
core   0: 0x80001560 (0x00003ff5) c.jal   pc - 4
core   0: 3 0x80001560 (0x3ff5) x 1 0x80001562
core   0: 0x8000155c (0xfe3ff0ef) jal     pc - 0x1e
core   0: 3 0x8000155c (0xfe3ff0ef) x 1 0x80001560
core   0: 0x8000153e (0x0080036f) jal     t1, pc + 0x8
core   0: 3 0x8000153e (0x0080036f) x 6 0x80001542
core   0: 0x80001546 (0xff5ff0ef) jal     pc - 0xc
core   0: 3 0x80001546 (0xff5ff0ef) x 1 0x8000154a
core   0: 0x8000153a (0x0000a025) c.j     pc + 40
core   0: 3 0x8000153a (0xa025)
core   0: 0x80001562 (0x00a0036f) jal     t1, pc + 0xa
core   0: 3 0x80001562 (0x00a0036f) x 6 0x80001566
core   0: 0x8000156c (0xfedff2ef) jal     t0, pc - 0x14
core   0: 3 0x8000156c (0xfedff2ef) x 5 0x80001570
core   0: 0x80001558 (0x00002005) c.jal   pc + 32
core   0: 3 0x80001558 (0x2005) x 1 0x8000155a
core   0: 0x80001578 (0x00008f31) c.xor   a4, a2
core   0: 3 0x80001578 (0x8f31) x14 0x7fffebb4
core   0: 0x8000157a (0x0240066f) jal     a2, pc + 0x24
core   0: 3 0x8000157a (0x0240066f) x12 0x8000157e
core   0: 0x8000159e (0xfe1ff0ef) jal     pc - 0x20
core   0: 3 0x8000159e (0xfe1ff0ef) x 1 0x800015a2
core   0: 0x8000157e (0x0000a029) c.j     pc + 10
core   0: 3 0x8000157e (0xa029)
core   0: 0x80001588 (0x01a009ef) jal     s3, pc + 0x1a
core   0: 3 0x80001588 (0x01a009ef) x19 0x8000158c
core   0: 0x800015a2 (0x0000bfdd) c.j     pc - 10
core   0: 3 0x800015a2 (0xbfdd)
core   0: 0x80001598 (0x000037e5) c.jal   pc - 24
core   0: 3 0x80001598 (0x37e5) x 1 0x8000159a
core   0: 0x80001580 (0x0000a011) c.j     pc + 4
core   0: 3 0x80001580 (0xa011)
core   0: 0x80001584 (0x00002039) c.jal   pc + 14
core   0: 3 0x80001584 (0x2039) x 1 0x80001586
core   0: 0x80001592 (0xff1ff7ef) jal     a5, pc - 0x10
core   0: 3 0x80001592 (0xff1ff7ef) x15 0x80001596
core   0: 0x80001582 (0x0000a00d) c.j     pc + 34
core   0: 3 0x80001582 (0xa00d)
core   0: 0x800015a4 (0x00003fdd) c.jal   pc - 10
core   0: 3 0x800015a4 (0x3fdd) x 1 0x800015a6
core   0: 0x8000159a (0xff5ff0ef) jal     pc - 0xc
core   0: 3 0x8000159a (0xff5ff0ef) x 1 0x8000159e
core   0: 0x8000158e (0x008000ef) jal     pc + 0x8
core   0: 3 0x8000158e (0x008000ef) x 1 0x80001592
core   0: 0x80001596 (0x0000bfdd) c.j     pc - 10
core   0: 3 0x80001596 (0xbfdd)
core   0: 0x8000158c (0x00003fed) c.jal   pc - 6
core   0: 3 0x8000158c (0x3fed) x 1 0x8000158e
core   0: 0x80001586 (0x00002005) c.jal   pc + 32
core   0: 3 0x80001586 (0x2005) x 1 0x80001588
core   0: 0x800015a6 (0x0000a009) c.j     pc + 2
core   0: 3 0x800015a6 (0xa009)
core   0: 0x800015a8 (0x000884b3) add     s1, a7, zero
core   0: 3 0x800015a8 (0x000884b3) x 9 0x80025e64
core   0: 0x800015ac (0x00014717) auipc   a4, 0x14
core   0: 3 0x800015ac (0x00014717) x14 0x800155ac
core   0: 0x800015b0 (0x61570713) addi    a4, a4, 1557
core   0: 3 0x800015b0 (0x61570713) x14 0x80015bc1
core   0: 0x800015b4 (0x00008ca1) c.xor   s1, s0
core   0: 3 0x800015b4 (0x8ca1) x 9 0x80025e64
core   0: 0x800015b6 (0x000019fd) c.addi  s3, -1
core   0: 3 0x800015b6 (0x19fd) x19 0x8000158b
core   0: 0x800015b8 (0x00001204) c.addi4spn s1, sp, 288
core   0: 3 0x800015b8 (0x1204) x 9 0x80001329
core   0: 0x800015ba (0xffe70b83) lb      s7, -2(a4)
core   0: 3 0x800015ba (0xffe70b83) x23 0x00000074 mem 0x80015bbf
core   0: 0x800015be (0x026c6d33) rem     s10, s8, t1
core   0: 3 0x800015be (0x026c6d33) x26 0x14151617
core   0: 0x800015c2 (0x00970123) sb      s1, 2(a4)
core   0: 3 0x800015c2 (0x00970123) mem 0x80015bc3 0x29
core   0: 0x800015c6 (0x032c6a33) rem     s4, s8, s2
core   0: 3 0x800015c6 (0x032c6a33) x20 0x14151617
core   0: 0x800015ca (0x021ab4b3) mulhu   s1, s5, ra
core   0: 3 0x800015ca (0x021ab4b3) x 9 0x80001576
core   0: 0x800015ce (0x00874203) lbu     tp, 8(a4)
core   0: 3 0x800015ce (0x00874203) x 4 0x00000082 mem 0x80015bc9
core   0: 0x800015d2 (0x00000a6a) c.slli  s4, 26
core   0: 3 0x800015d2 (0x0a6a) x20 0x5c000000
core   0: 0x800015d4 (0x01384a33) xor     s4, a6, s3
core   0: 3 0x800015d4 (0x01384a33) x20 0x8000156a
core   0: 0x800015d8 (0x00b70323) sb      a1, 6(a4)
core   0: 3 0x800015d8 (0x00b70323) mem 0x80015bc7 0xf
core   0: 0x800015dc (0x0180f433) and     s0, ra, s8
core   0: 3 0x800015dc (0x0180f433) x 8 0x00001400
core   0: 0x800015e0 (0x00008fc5) c.or    a5, s1
core   0: 3 0x800015e0 (0x8fc5) x15 0x800015f6
core   0: 0x800015e2 (0x0329b433) mulhu   s0, s3, s2
core   0: 3 0x800015e2 (0x0329b433) x 8 0x19acac52
core   0: 0x800015e6 (0x0ff0000f) fence   iorw,iorw
core   0: 3 0x800015e6 (0x0ff0000f)
core   0: 0x800015ea (0xff270fa3) sb      s2, -1(a4)
core   0: 3 0x800015ea (0xff270fa3) mem 0x80015bc0 0x0
core   0: 0x800015ee (0xfd7d8813) addi    a6, s11, -41
core   0: 3 0x800015ee (0xfd7d8813) x16 0xfffffba4
core   0: 0x800015f2 (0x00874c03) lbu     s8, 8(a4)
core   0: 3 0x800015f2 (0x00874c03) x24 0x00000082 mem 0x80015bc9
core   0: 0x800015f6 (0x40bc5233) sra     tp, s8, a1
core   0: 3 0x800015f6 (0x40bc5233) x 4 0x00000000
core   0: 0x800015fa (0x000049e5) c.li    s3, 25
core   0: 3 0x800015fa (0x49e5) x19 0x00000019
core   0: 0x800015fc (0x00e79fb3) sll     t6, a5, a4
core   0: 3 0x800015fc (0x00e79fb3) x31 0x00002bec
core   0: 0x80001600 (0x3d1a6613) ori     a2, s4, 977
core   0: 3 0x80001600 (0x3d1a6613) x12 0x800017fb
core   0: 0x80001604 (0x40530633) sub     a2, t1, t0
core   0: 3 0x80001604 (0x40530633) x12 0xfffffff6
core   0: 0x80001608 (0xff970c03) lb      s8, -7(a4)
core   0: 3 0x80001608 (0xff970c03) x24 0x00000071 mem 0x80015bba
core   0: 0x8000160c (0x406f8f33) sub     t5, t6, t1
core   0: 3 0x8000160c (0x406f8f33) x30 0x80001686
core   0: 0x80001610 (0x001357b3) srl     a5, t1, ra
core   0: 3 0x80001610 (0x001357b3) x15 0x00800015
core   0: 0x80001614 (0xff670a83) lb      s5, -10(a4)
core   0: 3 0x80001614 (0xff670a83) x21 0x0000006c mem 0x80015bb7
core   0: 0x80001618 (0x03f9b0b3) mulhu   ra, s3, t6
core   0: 3 0x80001618 (0x03f9b0b3) x 1 0x00000000
core   0: 0x8000161c (0x03770097) auipc   ra, 0x3770
core   0: 3 0x8000161c (0x03770097) x 1 0x8377161c
core   0: 0x80001620 (0x00a70383) lb      t2, 10(a4)
core   0: 3 0x80001620 (0x00a70383) x 7 0xffffff80 mem 0x80015bcb
core   0: 0x80001624 (0xaabc4793) xori    a5, s8, -1365
core   0: 3 0x80001624 (0xaabc4793) x15 0xfffffada
core   0: 0x80001628 (0x039d09b3) mul     s3, s10, s9
core   0: 3 0x80001628 (0x039d09b3) x19 0x686bb07c
core   0: 0x8000162c (0x01b702a3) sb      s11, 5(a4)
core   0: 3 0x8000162c (0x01b702a3) mem 0x80015bc6 0xcd
core   0: 0x80001630 (0x00a70e03) lb      t3, 10(a4)
core   0: 3 0x80001630 (0x00a70e03) x28 0xffffff80 mem 0x80015bcb
core   0: 0x80001634 (0xff070fa3) sb      a6, -1(a4)
core   0: 3 0x80001634 (0xff070fa3) mem 0x80015bc0 0xa4
core   0: 0x80001638 (0x00c0066f) jal     a2, pc + 0xc
core   0: 3 0x80001638 (0x00c0066f) x12 0x8000163c
core   0: 0x80001644 (0xffdff0ef) jal     pc - 0x4
core   0: 3 0x80001644 (0xffdff0ef) x 1 0x80001648
core   0: 0x80001640 (0x012000ef) jal     pc + 0x12
core   0: 3 0x80001640 (0x012000ef) x 1 0x80001644
core   0: 0x80001652 (0x0060016f) jal     sp, pc + 0x6
core   0: 3 0x80001652 (0x0060016f) x 2 0x80001656
core   0: 0x80001658 (0x00003fcd) c.jal   pc - 14
core   0: 3 0x80001658 (0x3fcd) x 1 0x8000165a
core   0: 0x8000164a (0x00003fcd) c.jal   pc - 14
core   0: 3 0x8000164a (0x3fcd) x 1 0x8000164c
core   0: 0x8000163c (0x0000a809) c.j     pc + 18
core   0: 3 0x8000163c (0xa809)
core   0: 0x8000164e (0x0000bffd) c.j     pc - 2
core   0: 3 0x8000164e (0xbffd)
core   0: 0x8000164c (0x0000a011) c.j     pc + 4
core   0: 3 0x8000164c (0xa011)
core   0: 0x80001650 (0x00002019) c.jal   pc + 6
core   0: 3 0x80001650 (0x2019) x 1 0x80001652
core   0: 0x80001656 (0x00003fcd) c.jal   pc - 14
core   0: 3 0x80001656 (0x3fcd) x 1 0x80001658
core   0: 0x80001648 (0x00003fdd) c.jal   pc - 10
core   0: 3 0x80001648 (0x3fdd) x 1 0x8000164a
core   0: 0x8000163e (0x00002831) c.jal   pc + 28
core   0: 3 0x8000163e (0x2831) x 1 0x80001640
core   0: 0x8000165a (0x000049b5) c.li    s3, 13
core   0: 3 0x8000165a (0x49b5) x19 0x0000000d
core   0: 0x8000165c (0x01e0066f) jal     a2, pc + 0x1e
core   0: 3 0x8000165c (0x01e0066f) x12 0x80001660
core   0: 0x8000167a (0x0000a029) c.j     pc + 10
core   0: 3 0x8000167a (0xa029)
core   0: 0x80001684 (0x00003fe5) c.jal   pc - 8
core   0: 3 0x80001684 (0x3fe5) x 1 0x80001686
core   0: 0x8000167c (0x0000b7fd) c.j     pc - 18
core   0: 3 0x8000167c (0xb7fd)
core   0: 0x8000166a (0x00002011) c.jal   pc + 4
core   0: 3 0x8000166a (0x2011) x 1 0x8000166c
core   0: 0x8000166e (0xff5ffa6f) jal     s4, pc - 0xc
core   0: 3 0x8000166e (0xff5ffa6f) x20 0x80001672
core   0: 0x80001662 (0x020000ef) jal     pc + 0x20
core   0: 3 0x80001662 (0x020000ef) x 1 0x80001666
core   0: 0x80001682 (0x0000b7d5) c.j     pc - 28
core   0: 3 0x80001682 (0xb7d5)
core   0: 0x80001666 (0x0000a801) c.j     pc + 16
core   0: 3 0x80001666 (0xa801)
core   0: 0x80001676 (0x0000a009) c.j     pc + 2
core   0: 3 0x80001676 (0xa009)
core   0: 0x80001678 (0x00003fed) c.jal   pc - 6
core   0: 3 0x80001678 (0x3fed) x 1 0x8000167a
core   0: 0x80001672 (0x0000a031) c.j     pc + 12
core   0: 3 0x80001672 (0xa031)
core   0: 0x8000167e (0xfe3ff0ef) jal     pc - 0x1e
core   0: 3 0x8000167e (0xfe3ff0ef) x 1 0x80001682
core   0: 0x80001660 (0x0000201d) c.jal   pc + 38
core   0: 3 0x80001660 (0x201d) x 1 0x80001662
core   0: 0x80001686 (0xfe3ff36f) jal     t1, pc - 0x1e
core   0: 3 0x80001686 (0xfe3ff36f) x 6 0x8000168a
core   0: 0x80001668 (0x0000a031) c.j     pc + 12
core   0: 3 0x80001668 (0xa031)
core   0: 0x80001674 (0x0000bfe5) c.j     pc - 8
core   0: 3 0x80001674 (0xbfe5)
core   0: 0x8000166c (0x00002839) c.jal   pc + 30
core   0: 3 0x8000166c (0x2839) x 1 0x8000166e
core   0: 0x8000168a (0x03ee6d33) rem     s10, t3, t5
core   0: 3 0x8000168a (0x03ee6d33) x26 0xffffff80
core   0: 0x8000168e (0x00014797) auipc   a5, 0x14
core   0: 3 0x8000168e (0x00014797) x15 0x8001568e
core   0: 0x80001692 (0xec478793) addi    a5, a5, -316
core   0: 3 0x80001692 (0xec478793) x15 0x80015552
core   0: 0x80001696 (0x60e79903) lh      s2, 1550(a5)
core   0: 3 0x80001696 (0x60e79903) x18 0x00001a1b mem 0x80015b60
core   0: 0x8000169a (0x4c078823) sb      zero, 1232(a5)
core   0: 3 0x8000169a (0x4c078823) mem 0x80015a22 0x0
core   0: 0x8000169e (0x03ce9c33) mulh    s8, t4, t3
core   0: 3 0x8000169e (0x03ce9c33) x24 0x0000003f
core   0: 0x800016a2 (0xf562c493) xori    s1, t0, -170
core   0: 3 0x800016a2 (0xf562c493) x 9 0x7fffea26
core   0: 0x800016a6 (0x00008ec5) c.or    a3, s1
core   0: 3 0x800016a6 (0x8ec5) x13 0xffffffff
core   0: 0x800016a8 (0x30944a13) xori    s4, s0, 777
core   0: 3 0x800016a8 (0x30944a13) x20 0x19acaf5b
core   0: 0x800016ac (0x41ddd813) srai    a6, s11, 29
core   0: 3 0x800016ac (0x41ddd813) x16 0xffffffff
core   0: 0x800016b0 (0x4a2787a3) sb      sp, 1199(a5)
core   0: 3 0x800016b0 (0x4a2787a3) mem 0x80015a01 0x56
core   0: 0x800016b4 (0x00349db3) sll     s11, s1, gp
core   0: 3 0x800016b4 (0x00349db3) x27 0x44c00000
core   0: 0x800016b8 (0x03a46d33) rem     s10, s0, s10
core   0: 3 0x800016b8 (0x03a46d33) x26 0x00000052
core   0: 0x800016bc (0x000081bd) c.srli  a1, 15
core   0: 3 0x800016bc (0x81bd) x11 0x00000000
core   0: 0x800016be (0x96278ba3) sb      sp, -1673(a5)
core   0: 3 0x800016be (0x96278ba3) mem 0x80014ec9 0x56
core   0: 0x800016c2 (0x3ff15a97) auipc   s5, 0x3ff15
core   0: 3 0x800016c2 (0x3ff15a97) x21 0xbff166c2
core   0: 0x800016c6 (0x40eed1b3) sra     gp, t4, a4
core   0: 3 0x800016c6 (0x40eed1b3) x 3 0xc0000a9d
core   0: 0x800016ca (0x00452833) slt     a6, a0, tp
core   0: 3 0x800016ca (0x00452833) x16 0x00000000
core   0: 0x800016ce (0xdbb7c283) lbu     t0, -581(a5)
core   0: 3 0x800016ce (0xdbb7c283) x 5 0x000000c6 mem 0x8001530d
core   0: 0x800016d2 (0x02441b33) mulh    s6, s0, tp
core   0: 3 0x800016d2 (0x02441b33) x22 0x00000000
core   0: 0x800016d6 (0xa3d7c703) lbu     a4, -1475(a5)
core   0: 3 0x800016d6 (0xa3d7c703) x14 0x00000044 mem 0x80014f8f
core   0: 0x800016da (0x5917c403) lbu     s0, 1425(a5)
core   0: 3 0x800016da (0x5917c403) x 8 0x00000098 mem 0x80015ae3
core   0: 0x800016de (0x00008f65) c.and   a4, s1
core   0: 3 0x800016de (0x8f65) x14 0x00000004
core   0: 0x800016e0 (0x39e788a3) sb      t5, 913(a5)
core   0: 3 0x800016e0 (0x39e788a3) mem 0x800158e3 0x86
core   0: 0x800016e4 (0x00008e95) c.sub   a3, a3
core   0: 3 0x800016e4 (0x8e95) x13 0x00000000
core   0: 0x800016e6 (0xb027a103) lw      sp, -1278(a5)
core   0: 3 0x800016e6 (0xb027a103) x 2 0x0c0d0e0f mem 0x80015054
core   0: 0x800016ea (0x00008dc1) c.or    a1, s0
core   0: 3 0x800016ea (0x8dc1) x11 0x00000098
core   0: 0x800016ec (0xe1579823) sh      s5, -496(a5)
core   0: 3 0x800016ec (0xe1579823) mem 0x80015362 0x66c2
core   0: 0x800016f0 (0x771786a3) sb      a7, 1901(a5)
core   0: 3 0x800016f0 (0x771786a3) mem 0x80015cbf 0x64
core   0: 0x800016f4 (0x00008d95) c.sub   a1, a3
core   0: 3 0x800016f4 (0x8d95) x11 0x00000098
core   0: 0x800016f6 (0x00000f10) c.addi4spn a2, sp, 912
core   0: 3 0x800016f6 (0x0f10) x12 0x0c0d119f
core   0: 0x800016f8 (0x02ab1433) mulh    s0, s6, a0
core   0: 3 0x800016f8 (0x02ab1433) x 8 0x00000000
core   0: 0x800016fc (0x01a5a4b3) slt     s1, a1, s10
core   0: 3 0x800016fc (0x01a5a4b3) x 9 0x00000000
core   0: 0x80001700 (0x88a79a23) sh      a0, -1900(a5)
core   0: 3 0x80001700 (0x88a79a23) mem 0x80014de6 0x000d
core   0: 0x80001704 (0x0e07cb83) lbu     s7, 224(a5)
core   0: 3 0x80001704 (0x0e07cb83) x23 0x000000e9 mem 0x80015632
core   0: 0x80001708 (0x00008c31) c.xor   s0, a2
core   0: 3 0x80001708 (0x8c31) x 8 0x0c0d119f
core   0: 0x8000170a (0x00004171) c.li    sp, 28
core   0: 3 0x8000170a (0x4171) x 2 0x0000001c
core   0: 0x8000170c (0x9b4784a3) sb      s4, -1623(a5)
core   0: 3 0x8000170c (0x9b4784a3) mem 0x80014efb 0x5b
core   0: 0x80001710 (0x01979b13) slli    s6, a5, 25
core   0: 3 0x80001710 (0x01979b13) x22 0xa4000000
core   0: 0x80001714 (0x418e0633) sub     a2, t3, s8
core   0: 3 0x80001714 (0x418e0633) x12 0xffffff41
core   0: 0x80001718 (0x000045a1) c.li    a1, 8
core   0: 3 0x80001718 (0x45a1) x11 0x00000008
core   0: 0x8000171a (0x02d78b83) lb      s7, 45(a5)
core   0: 3 0x8000171a (0x02d78b83) x23 0x00000034 mem 0x8001557f
core   0: 0x8000171e (0x5867c703) lbu     a4, 1414(a5)
core   0: 3 0x8000171e (0x5867c703) x14 0x00000093 mem 0x80015ad8
core   0: 0x80001722 (0xbcf78903) lb      s2, -1073(a5)
core   0: 3 0x80001722 (0xbcf78903) x18 0xffffffda mem 0x80015121
core   0: 0x80001726 (0xb0778f83) lb      t6, -1273(a5)
core   0: 3 0x80001726 (0xb0778f83) x31 0x00000012 mem 0x80015059
core   0: 0x8000172a (0x000096ce) c.add   a3, s3
core   0: 3 0x8000172a (0x96ce) x13 0x0000000d
core   0: 0x8000172c (0xd367ca03) lbu     s4, -714(a5)
core   0: 3 0x8000172c (0xd367ca03) x20 0x00000043 mem 0x80015288
core   0: 0x80001730 (0x1f478403) lb      s0, 500(a5)
core   0: 3 0x80001730 (0x1f478403) x 8 0xfffffffd mem 0x80015746
core   0: 0x80001734 (0x61979023) sh      s9, 1536(a5)
core   0: 3 0x80001734 (0x61979023) mem 0x80015b52 0x9ce4
core   0: 0x80001738 (0x0001c597) auipc   a1, 0x1c
core   0: 3 0x80001738 (0x0001c597) x11 0x8001d738
core   0: 0x8000173c (0x23758593) addi    a1, a1, 567
core   0: 3 0x8000173c (0x23758593) x11 0x8001d96f
core   0: 0x80001740 (0x0000f717) auipc   a4, 0xf
core   0: 3 0x80001740 (0x0000f717) x14 0x80010740
core   0: 0x80001744 (0x22470713) addi    a4, a4, 548
core   0: 3 0x80001744 (0x22470713) x14 0x80010964
core   0: 0x80001748 (0xf185a2a3) sw      s8, -251(a1)
core   0: 3 0x80001748 (0xf185a2a3) mem 0x8001d874 0x0000003f
core   0: 0x8000174c (0x06458f23) sb      tp, 126(a1)
core   0: 3 0x8000174c (0x06458f23) mem 0x8001d9ed 0x0
core   0: 0x80001750 (0xff874a83) lbu     s5, -8(a4)
core   0: 3 0x80001750 (0xff874a83) x21 0x00000017 mem 0x8001095c
core   0: 0x80001754 (0xffe75803) lhu     a6, -2(a4)
core   0: 3 0x80001754 (0xffe75803) x16 0x00001819 mem 0x80010962
core   0: 0x80001758 (0x08e5c783) lbu     a5, 142(a1)
core   0: 3 0x80001758 (0x08e5c783) x15 0x000000b6 mem 0x8001d9fd
core   0: 0x8000175c (0xff674383) lbu     t2, -10(a4)
core   0: 3 0x8000175c (0xff674383) x 7 0x00000011 mem 0x8001095a
core   0: 0x80001760 (0xfb45c203) lbu     tp, -76(a1)
core   0: 3 0x80001760 (0xfb45c203) x 4 0x000000d8 mem 0x8001d923
core   0: 0x80001764 (0xfec70a23) sb      a2, -12(a4)
core   0: 3 0x80001764 (0xfec70a23) mem 0x80010958 0x41
core   0: 0x80001768 (0xff275383) lhu     t2, -14(a4)
core   0: 3 0x80001768 (0xff275383) x 7 0x00000c0d mem 0x80010956
core   0: 0x8000176c (0x00374903) lbu     s2, 3(a4)
core   0: 3 0x8000176c (0x00374903) x18 0x0000001c mem 0x80010967
core   0: 0x80001770 (0xfc259fa3) sh      sp, -33(a1)
core   0: 3 0x80001770 (0xfc259fa3) mem 0x8001d94e 0x001c
core   0: 0x80001774 (0x0000fa97) auipc   s5, 0xf
core   0: 3 0x80001774 (0x0000fa97) x21 0x80010774
core   0: 0x80001778 (0xdc9a8a93) addi    s5, s5, -567
core   0: 3 0x80001778 (0xdc9a8a93) x21 0x8001053d
core   0: 0x8000177c (0x002acf03) lbu     t5, 2(s5)
core   0: 3 0x8000177c (0x002acf03) x30 0x000000f4 mem 0x8001053f
core   0: 0x80001780 (0x2b1f4e93) xori    t4, t5, 689
core   0: 3 0x80001780 (0x2b1f4e93) x29 0x00000245
core   0: 0x80001784 (0xffeacc03) lbu     s8, -2(s5)
core   0: 3 0x80001784 (0xffeacc03) x24 0x000000f0 mem 0x8001053b
core   0: 0x80001788 (0x00ba8423) sb      a1, 8(s5)
core   0: 3 0x80001788 (0x00ba8423) mem 0x80010545 0x6f
core   0: 0x8000178c (0x016edf13) srli    t5, t4, 22
core   0: 3 0x8000178c (0x016edf13) x30 0x00000000
core   0: 0x80001790 (0x00000001) c.nop
core   0: 3 0x80001790 (0x0001)
core   0: 0x80001792 (0x00000001) c.nop
core   0: 3 0x80001792 (0x0001)
core   0: 0x80001794 (0x000005b5) c.addi  a1, 13
core   0: 3 0x80001794 (0x05b5) x11 0x8001d97c
core   0: 0x80001796 (0x00f5af33) slt     t5, a1, a5
core   0: 3 0x80001796 (0x00f5af33) x30 0x00000001
core   0: 0x8000179a (0x01ec67b3) or      a5, s8, t5
core   0: 3 0x8000179a (0x01ec67b3) x15 0x000000f1
core   0: 0x8000179e (0x4105df13) srai    t5, a1, 16
core   0: 3 0x8000179e (0x4105df13) x30 0xffff8001
core   0: 0x800017a2 (0xfeba8f23) sb      a1, -2(s5)
core   0: 3 0x800017a2 (0xfeba8f23) mem 0x8001053b 0x7c
core   0: 0x800017a6 (0xff4a8583) lb      a1, -12(s5)
core   0: 3 0x800017a6 (0xff4a8583) x11 0xffffffea mem 0x80010531
core   0: 0x800017aa (0x03ee8633) mul     a2, t4, t5
core   0: 3 0x800017aa (0x03ee8633) x12 0xfedd8245
core   0: 0x800017ae (0xff3a8783) lb      a5, -13(s5)
core   0: 3 0x800017ae (0xff3a8783) x15 0xffffffeb mem 0x80010530
core   0: 0x800017b2 (0xfefa98a3) sh      a5, -15(s5)
core   0: 3 0x800017b2 (0xfefa98a3) mem 0x8001052e 0xffeb
core   0: 0x800017b6 (0x00f595b3) sll     a1, a1, a5
core   0: 3 0x800017b6 (0x00f595b3) x11 0xffff5000
core   0: 0x800017ba (0x00aa8603) lb      a2, 10(s5)
core   0: 3 0x800017ba (0x00aa8603) x12 0xfffffffc mem 0x80010547
core   0: 0x800017be (0xffea8d23) sb      t5, -6(s5)
core   0: 3 0x800017be (0xffea8d23) mem 0x80010537 0x1
core   0: 0x800017c2 (0xffaac603) lbu     a2, -6(s5)
core   0: 3 0x800017c2 (0xffaac603) x12 0x00000001 mem 0x80010537
core   0: 0x800017c6 (0x00000001) c.nop
core   0: 3 0x800017c6 (0x0001)
core   0: 0x800017c8 (0x02bc45b3) div     a1, s8, a1
core   0: 3 0x800017c8 (0x02bc45b3) x11 0x00000000
core   0: 0x800017cc (0x038ec5b3) div     a1, t4, s8
core   0: 3 0x800017cc (0x038ec5b3) x11 0x00000002
core   0: 0x800017d0 (0x00f65633) srl     a2, a2, a5
core   0: 3 0x800017d0 (0x00f65633) x12 0x00000000
core   0: 0x800017d4 (0xff8a8e83) lb      t4, -8(s5)
core   0: 3 0x800017d4 (0xff8a8e83) x29 0xffffffee mem 0x80010535
core   0: 0x800017d8 (0x00faae83) lw      t4, 15(s5)
core   0: 3 0x800017d8 (0x00faae83) x29 0x04050607 mem 0x8001054c
core   0: 0x800017dc (0xff5a9c03) lh      s8, -11(s5)
core   0: 3 0x800017dc (0xff5a9c03) x24 0xffffe8e9 mem 0x80010532
core   0: 0x800017e0 (0x009a9e83) lh      t4, 9(s5)
core   0: 3 0x800017e0 (0x009a9e83) x29 0xfffffcfd mem 0x80010546
core   0: 0x800017e4 (0x004a8f03) lb      t5, 4(s5)
core   0: 3 0x800017e4 (0x004a8f03) x30 0xfffffffa mem 0x80010541
core   0: 0x800017e8 (0xffbadc03) lhu     s8, -5(s5)
core   0: 3 0x800017e8 (0xffbadc03) x24 0x0000f2f3 mem 0x80010538
core   0: 0x800017ec (0xff4a8c03) lb      s8, -12(s5)
core   0: 3 0x800017ec (0xff4a8c03) x24 0xffffffea mem 0x80010531
core   0: 0x800017f0 (0x010a8603) lb      a2, 16(s5)
core   0: 3 0x800017f0 (0x010a8603) x12 0x00000006 mem 0x8001054d
core   0: 0x800017f4 (0x01ea8023) sb      t5, 0(s5)
core   0: 3 0x800017f4 (0x01ea8023) mem 0x8001053d 0xfa
core   0: 0x800017f8 (0xfeba9ea3) sh      a1, -3(s5)
core   0: 3 0x800017f8 (0xfeba9ea3) mem 0x8001053a 0x0002
core   0: 0x800017fc (0xff8a8f03) lb      t5, -8(s5)
core   0: 3 0x800017fc (0xff8a8f03) x30 0xffffffee mem 0x80010535
core   0: 0x80001800 (0x009ad783) lhu     a5, 9(s5)
core   0: 3 0x80001800 (0x009ad783) x15 0x0000fcfd mem 0x80010546
core   0: 0x80001804 (0xff2a8603) lb      a2, -14(s5)
core   0: 3 0x80001804 (0xff2a8603) x12 0xffffffff mem 0x8001052f
core   0: 0x80001808 (0x4527cf13) xori    t5, a5, 1106
core   0: 3 0x80001808 (0x4527cf13) x30 0x0000f8af
core   0: 0x8000180c (0xfefa8b23) sb      a5, -10(s5)
core   0: 3 0x8000180c (0xfefa8b23) mem 0x80010533 0xfd
core   0: 0x80001810 (0xff2ace83) lbu     t4, -14(s5)
core   0: 3 0x80001810 (0xff2ace83) x29 0x000000ff mem 0x8001052f
core   0: 0x80001814 (0x00008e11) c.sub   a2, a2
core   0: 3 0x80001814 (0x8e11) x12 0x00000000
core   0: 0x80001816 (0x02cc77b3) remu    a5, s8, a2
core   0: 3 0x80001816 (0x02cc77b3) x15 0xffffffea
core   0: 0x8000181a (0x41aed593) srai    a1, t4, 26
core   0: 3 0x8000181a (0x41aed593) x11 0x00000000
core   0: 0x8000181e (0xfeba8ca3) sb      a1, -7(s5)
core   0: 3 0x8000181e (0xfeba8ca3) mem 0x80010536 0x0
core   0: 0x80001822 (0x00700413) li      s0, 7
core   0: 3 0x80001822 (0x00700413) x 8 0x00000007
core   0: 0x80001826 (0x030b70b3) remu    ra, s6, a6
core   0: 3 0x80001826 (0x030b70b3) x 1 0x00000bf2
core   0: 0x8000182a (0x24c92b93) slti    s7, s2, 588
core   0: 3 0x8000182a (0x24c92b93) x23 0x00000001
core   0: 0x8000182e (0x00200c13) li      s8, 2
core   0: 3 0x8000182e (0x00200c13) x24 0x00000002
core   0: 0x80001832 (0x00000001) c.nop
core   0: 3 0x80001832 (0x0001)
core   0: 0x80001834 (0x63e87293) andi    t0, a6, 1598
core   0: 3 0x80001834 (0x63e87293) x 5 0x00000018
core   0: 0x80001838 (0x012d4333) xor     t1, s10, s2
core   0: 3 0x80001838 (0x012d4333) x 6 0x0000004e
core   0: 0x8000183c (0x0000146d) c.addi  s0, -5
core   0: 3 0x8000183c (0x146d) x 8 0x00000002
core   0: 0x8000183e (0x00a00d13) li      s10, 10
core   0: 3 0x8000183e (0x00a00d13) x26 0x0000000a
core   0: 0x80001842 (0x00a00a13) li      s4, 10
core   0: 3 0x80001842 (0x00a00a13) x20 0x0000000a
core   0: 0x80001846 (0x001105b3) add     a1, sp, ra
core   0: 3 0x80001846 (0x001105b3) x11 0x00000c0e
core   0: 0x8000184a (0x0176f0b3) and     ra, a3, s7
core   0: 3 0x8000184a (0x0176f0b3) x 1 0x00000001
core   0: 0x8000184e (0x0000892a) c.mv    s2, a0
core   0: 3 0x8000184e (0x892a) x18 0x0000000d
core   0: 0x80001850 (0x00001d61) c.addi  s10, -8
core   0: 3 0x80001850 (0x1d61) x26 0x00000002
core   0: 0x80001852 (0xff4d7ee3) bgeu    s10, s4, pc - 4
core   0: 3 0x80001852 (0xff4d7ee3)
core   0: 0x80001856 (0x01dccb33) xor     s6, s9, t4
core   0: 3 0x80001856 (0x01dccb33) x22 0x80029c1b
core   0: 0x8000185a (0x00000001) c.nop
core   0: 3 0x8000185a (0x0001)
core   0: 0x8000185c (0x016801b3) add     gp, a6, s6
core   0: 3 0x8000185c (0x016801b3) x 3 0x8002b434
core   0: 0x80001860 (0xfd845ae3) bge     s0, s8, pc - 44
core   0: 3 0x80001860 (0xfd845ae3)
core   0: 0x80001834 (0x63e87293) andi    t0, a6, 1598
core   0: 3 0x80001834 (0x63e87293) x 5 0x00000018
core   0: 0x80001838 (0x012d4333) xor     t1, s10, s2
core   0: 3 0x80001838 (0x012d4333) x 6 0x0000000f
core   0: 0x8000183c (0x0000146d) c.addi  s0, -5
core   0: 3 0x8000183c (0x146d) x 8 0xfffffffd
core   0: 0x8000183e (0x00a00d13) li      s10, 10
core   0: 3 0x8000183e (0x00a00d13) x26 0x0000000a
core   0: 0x80001842 (0x00a00a13) li      s4, 10
core   0: 3 0x80001842 (0x00a00a13) x20 0x0000000a
core   0: 0x80001846 (0x001105b3) add     a1, sp, ra
core   0: 3 0x80001846 (0x001105b3) x11 0x0000001d
core   0: 0x8000184a (0x0176f0b3) and     ra, a3, s7
core   0: 3 0x8000184a (0x0176f0b3) x 1 0x00000001
core   0: 0x8000184e (0x0000892a) c.mv    s2, a0
core   0: 3 0x8000184e (0x892a) x18 0x0000000d
core   0: 0x80001850 (0x00001d61) c.addi  s10, -8
core   0: 3 0x80001850 (0x1d61) x26 0x00000002
core   0: 0x80001852 (0xff4d7ee3) bgeu    s10, s4, pc - 4
core   0: 3 0x80001852 (0xff4d7ee3)
core   0: 0x80001856 (0x01dccb33) xor     s6, s9, t4
core   0: 3 0x80001856 (0x01dccb33) x22 0x80029c1b
core   0: 0x8000185a (0x00000001) c.nop
core   0: 3 0x8000185a (0x0001)
core   0: 0x8000185c (0x016801b3) add     gp, a6, s6
core   0: 3 0x8000185c (0x016801b3) x 3 0x8002b434
core   0: 0x80001860 (0xfd845ae3) bge     s0, s8, pc - 44
core   0: 3 0x80001860 (0xfd845ae3)
core   0: 0x80001864 (0x02941fb3) mulh    t6, s0, s1
core   0: 3 0x80001864 (0x02941fb3) x31 0x00000000
core   0: 0x80001868 (0x0000ff97) auipc   t6, 0xf
core   0: 3 0x80001868 (0x0000ff97) x31 0x80010868
core   0: 0x8000186c (0xd77f8f93) addi    t6, t6, -649
core   0: 3 0x8000186c (0xd77f8f93) x31 0x800105df
core   0: 0x80001870 (0x010faea3) sw      a6, 29(t6)
core   0: 3 0x80001870 (0x010faea3) mem 0x800105fc 0x00001819
core   0: 0x80001874 (0xfe1fdb03) lhu     s6, -31(t6)
core   0: 3 0x80001874 (0xfe1fdb03) x22 0x00007a7b mem 0x800105c0
core   0: 0x80001878 (0xfd5f8723) sb      s5, -50(t6)
core   0: 3 0x80001878 (0xfd5f8723) mem 0x800105ad 0x3d
core   0: 0x8000187c (0xfcbfd083) lhu     ra, -53(t6)
core   0: 3 0x8000187c (0xfcbfd083) x 1 0x00006061 mem 0x800105aa
core   0: 0x80001880 (0xfd2fc683) lbu     a3, -46(t6)
core   0: 3 0x80001880 (0xfd2fc683) x13 0x0000006a mem 0x800105b1
core   0: 0x80001884 (0xfdff8103) lb      sp, -33(t6)
core   0: 3 0x80001884 (0xfdff8103) x 2 0x00000075 mem 0x800105be
core   0: 0x80001888 (0x01cf8da3) sb      t3, 27(t6)
core   0: 3 0x80001888 (0x01cf8da3) mem 0x800105fa 0x80
core   0: 0x8000188c (0xffffa4a3) sw      t6, -23(t6)
core   0: 3 0x8000188c (0xffffa4a3) mem 0x800105c8 0x800105df
core   0: 0x80001890 (0x00000b18) c.addi4spn a4, sp, 400
core   0: 3 0x80001890 (0x0b18) x14 0x00000205
core   0: 0x80001892 (0x021fcb83) lbu     s7, 33(t6)
core   0: 3 0x80001892 (0x021fcb83) x23 0x000000bb mem 0x80010600
core   0: 0x80001896 (0x01af8e23) sb      s10, 28(t6)
core   0: 3 0x80001896 (0x01af8e23) mem 0x800105fb 0x2
core   0: 0x8000189a (0xfe9f8c23) sb      s1, -8(t6)
core   0: 3 0x8000189a (0xfe9f8c23) mem 0x800105d7 0x0
core   0: 0x8000189e (0x00ef9ea3) sh      a4, 29(t6)
core   0: 3 0x8000189e (0x00ef9ea3) mem 0x800105fc 0x0205
core   0: 0x800018a2 (0x007546b3) xor     a3, a0, t2
core   0: 3 0x800018a2 (0x007546b3) x13 0x00000c00
core   0: 0x800018a6 (0x00004855) c.li    a6, 21
core   0: 3 0x800018a6 (0x4855) x16 0x00000015
core   0: 0x800018a8 (0x050f8023) sb      a6, 64(t6)
core   0: 3 0x800018a8 (0x050f8023) mem 0x8001061f 0x15
core   0: 0x800018ac (0x00008ebd) c.xor   a3, a5
core   0: 3 0x800018ac (0x8ebd) x13 0xfffff3ea
core   0: 0x800018ae (0x00008ac9) c.andi  a3, 18
core   0: 3 0x800018ae (0x8ac9) x13 0x00000002
core   0: 0x800018b0 (0x00fc5193) srli    gp, s8, 15
core   0: 3 0x800018b0 (0x00fc5193) x 3 0x00000000
core   0: 0x800018b4 (0xfd4f8683) lb      a3, -44(t6)
core   0: 3 0x800018b4 (0xfd4f8683) x13 0xffffffe4 mem 0x800105b3
core   0: 0x800018b8 (0x030f8483) lb      s1, 48(t6)
core   0: 3 0x800018b8 (0x030f8483) x 9 0xffffffc4 mem 0x8001060f
core   0: 0x800018bc (0x02a48633) mul     a2, s1, a0
core   0: 3 0x800018bc (0x02a48633) x12 0xfffffcf4
core   0: 0x800018c0 (0xbd6cae13) slti    t3, s9, -1066
core   0: 3 0x800018c0 (0xbd6cae13) x28 0x00000001
core   0: 0x800018c4 (0xfd3fd703) lhu     a4, -45(t6)
core   0: 3 0x800018c4 (0xfd3fd703) x14 0x0000e469 mem 0x800105b2
core   0: 0x800018c8 (0x030f8d23) sb      a6, 58(t6)
core   0: 3 0x800018c8 (0x030f8d23) mem 0x80010619 0x15
core   0: 0x800018cc (0xfebf8523) sb      a1, -22(t6)
core   0: 3 0x800018cc (0xfebf8523) mem 0x800105c9 0x1d
core   0: 0x800018d0 (0x01ef8f03) lb      t5, 30(t6)
core   0: 3 0x800018d0 (0x01ef8f03) x30 0x00000002 mem 0x800105fd
core   0: 0x800018d4 (0x7aa36413) ori     s0, t1, 1962
core   0: 3 0x800018d4 (0x7aa36413) x 8 0x000007af
core   0: 0x800018d8 (0x010f8123) sb      a6, 2(t6)
core   0: 3 0x800018d8 (0x010f8123) mem 0x800105e1 0x15
core   0: 0x800018dc (0x01d2c3b3) xor     t2, t0, t4
core   0: 3 0x800018dc (0x01d2c3b3) x 7 0x000000e7
core   0: 0x800018e0 (0xfc2f8e83) lb      t4, -62(t6)
core   0: 3 0x800018e0 (0xfc2f8e83) x29 0x0000005a mem 0x800105a1
core   0: 0x800018e4 (0x013fc283) lbu     t0, 19(t6)
core   0: 3 0x800018e4 (0x013fc283) x 5 0x000000a9 mem 0x800105f2
core   0: 0x800018e8 (0xfe1fcc03) lbu     s8, -31(t6)
core   0: 3 0x800018e8 (0xfe1fcc03) x24 0x0000007b mem 0x800105c0
core   0: 0x800018ec (0x2d9bb797) auipc   a5, 0x2d9bb
core   0: 3 0x800018ec (0x2d9bb797) x15 0xad9bc8ec
core   0: 0x800018f0 (0x00df9683) lh      a3, 13(t6)
core   0: 3 0x800018f0 (0x00df9683) x13 0xffffa6a7 mem 0x800105ec
core   0: 0x800018f4 (0x0001fa17) auipc   s4, 0x1f
core   0: 3 0x800018f4 (0x0001fa17) x20 0x800208f4
core   0: 0x800018f8 (0xd74a0a13) addi    s4, s4, -652
core   0: 3 0x800018f8 (0xd74a0a13) x20 0x80020668
core   0: 0x800018fc (0x00008f59) c.or    a4, a4
core   0: 3 0x800018fc (0x8f59) x14 0x0000e469
core   0: 0x800018fe (0x000a1983) lh      s3, 0(s4)
core   0: 3 0x800018fe (0x000a1983) x19 0x00002223 mem 0x80020668
core   0: 0x80001902 (0xffea1d03) lh      s10, -2(s4)
core   0: 3 0x80001902 (0xffea1d03) x26 0x00001c1d mem 0x80020666
core   0: 0x80001906 (0x000082a2) c.mv    t0, s0
core   0: 3 0x80001906 (0x82a2) x 5 0x000007af
core   0: 0x80001908 (0xfe3a0aa3) sb      gp, -11(s4)
core   0: 3 0x80001908 (0xfe3a0aa3) mem 0x8002065d 0x0
core   0: 0x8000190c (0x00001b7d) c.addi  s6, -1
core   0: 3 0x8000190c (0x1b7d) x22 0x00007a7a
core   0: 0x8000190e (0x00008c91) c.sub   s1, a2
core   0: 3 0x8000190e (0x8c91) x 9 0x000002d0
core   0: 0x80001910 (0x001a4483) lbu     s1, 1(s4)
core   0: 3 0x80001910 (0x001a4483) x 9 0x00000022 mem 0x80020669
core   0: 0x80001914 (0x00006189) c.lui   gp, 0x2
core   0: 3 0x80001914 (0x6189) x 3 0x00002000
core   0: 0x80001916 (0x006a4383) lbu     t2, 6(s4)
core   0: 3 0x80001916 (0x006a4383) x 7 0x00000025 mem 0x8002066e
core   0: 0x8000191a (0xff5a0b23) sb      s5, -10(s4)
core   0: 3 0x8000191a (0xff5a0b23) mem 0x8002065e 0x3d
core   0: 0x8000191e (0x00008d99) c.sub   a1, a4
core   0: 3 0x8000191e (0x8d99) x11 0xffff1bb4
core   0: 0x80001920 (0x003a0b03) lb      s6, 3(s4)
core   0: 3 0x80001920 (0x003a0b03) x22 0x00000020 mem 0x8002066b
core   0: 0x80001924 (0x00000001) c.nop
core   0: 3 0x80001924 (0x0001)
core   0: 0x80001926 (0x005a0623) sb      t0, 12(s4)
core   0: 3 0x80001926 (0x005a0623) mem 0x80020674 0xaf
core   0: 0x8000192a (0x6d866213) ori     tp, a2, 1752
core   0: 3 0x8000192a (0x6d866213) x 4 0xfffffefc
core   0: 0x8000192e (0x006a1d03) lh      s10, 6(s4)
core   0: 3 0x8000192e (0x006a1d03) x26 0x00002425 mem 0x8002066e
core   0: 0x80001932 (0x0368e9b3) rem     s3, a7, s6
core   0: 3 0x80001932 (0x0368e9b3) x19 0xffffffe4
core   0: 0x80001936 (0xffda0103) lb      sp, -3(s4)
core   0: 3 0x80001936 (0xffda0103) x 2 0x0000001e mem 0x80020665
core   0: 0x8000193a (0x010a00a3) sb      a6, 1(s4)
core   0: 3 0x8000193a (0x010a00a3) mem 0x80020669 0x15
core   0: 0x8000193e (0x0000100f) fence.i
core   0: 3 0x8000193e (0x0000100f)
core   0: 0x80001942 (0x005a2023) sw      t0, 0(s4)
core   0: 3 0x80001942 (0x005a2023) mem 0x80020668 0x000007af
core   0: 0x80001946 (0xff7a0b03) lb      s6, -9(s4)
core   0: 3 0x80001946 (0xff7a0b03) x22 0x00000014 mem 0x8002065f
core   0: 0x8000194a (0xffba0183) lb      gp, -5(s4)
core   0: 3 0x8000194a (0xffba0183) x 3 0x00000018 mem 0x80020663
core   0: 0x8000194e (0x03bc8633) mul     a2, s9, s11
core   0: 3 0x8000194e (0x03bc8633) x12 0x3b000000
core   0: 0x80001952 (0x012a1523) sh      s2, 10(s4)
core   0: 3 0x80001952 (0x012a1523) mem 0x80020672 0x000d
core   0: 0x80001956 (0x5715e813) ori     a6, a1, 1393
core   0: 3 0x80001956 (0x5715e813) x16 0xffff1ff5
core   0: 0x8000195a (0x000064a1) c.lui   s1, 0x8
core   0: 3 0x8000195a (0x64a1) x 9 0x00008000
core   0: 0x8000195c (0x00ba04a3) sb      a1, 9(s4)
core   0: 3 0x8000195c (0x00ba04a3) mem 0x80020671 0xb4
core   0: 0x80001960 (0x02b1b733) mulhu   a4, gp, a1
core   0: 3 0x80001960 (0x02b1b733) x14 0x00000017
core   0: 0x80001964 (0xff7a0703) lb      a4, -9(s4)
core   0: 3 0x80001964 (0xff7a0703) x14 0x00000014 mem 0x8002065f
core   0: 0x80001968 (0x001a0403) lb      s0, 1(s4)
core   0: 3 0x80001968 (0x001a0403) x 8 0x00000007 mem 0x80020669
core   0: 0x8000196c (0x65d3bc13) sltiu   s8, t2, 1629
core   0: 3 0x8000196c (0x65d3bc13) x24 0x00000001
core   0: 0x80001970 (0x00006c29) c.lui   s8, 0xa
core   0: 3 0x80001970 (0x6c29) x24 0x0000a000
core   0: 0x80001972 (0xa23f6413) ori     s0, t5, -1501
core   0: 3 0x80001972 (0xa23f6413) x 8 0xfffffa23
core   0: 0x80001976 (0xfeca0d23) sb      a2, -6(s4)
core   0: 3 0x80001976 (0xfeca0d23) mem 0x80020662 0x0
core   0: 0x8000197a (0x00f540b3) xor     ra, a0, a5
core   0: 3 0x8000197a (0x00f540b3) x 1 0xad9bc8e1
core   0: 0x8000197e (0x00665633) srl     a2, a2, t1
core   0: 3 0x8000197e (0x00665633) x12 0x00007600
core   0: 0x80001982 (0x000a2483) lw      s1, 0(s4)
core   0: 3 0x80001982 (0x000a2483) x 9 0x000007af mem 0x80020668
core   0: 0x80001986 (0x032565b3) rem     a1, a0, s2
core   0: 3 0x80001986 (0x032565b3) x11 0x00000000
core   0: 0x8000198a (0x002fde33) srl     t3, t6, sp
core   0: 3 0x8000198a (0x002fde33) x28 0x00000002
core   0: 0x8000198e (0xff1a0183) lb      gp, -15(s4)
core   0: 3 0x8000198e (0xff1a0183) x 3 0x00000012 mem 0x80020659
core   0: 0x80001992 (0x000092ae) c.add   t0, a1
core   0: 3 0x80001992 (0x92ae) x 5 0x000007af
core   0: 0x80001994 (0x92468013) addi    zero, a3, -1756
core   0: 3 0x80001994 (0x92468013)
core   0: 0x80001998 (0x00008c6d) c.and   s0, a1
core   0: 3 0x80001998 (0x8c6d) x 8 0x00000000
core   0: 0x8000199a (0xffca0fa3) sb      t3, -1(s4)
core   0: 3 0x8000199a (0xffca0fa3) mem 0x80020667 0x2
core   0: 0x8000199e (0x00aa5b03) lhu     s6, 10(s4)
core   0: 3 0x8000199e (0x00aa5b03) x22 0x0000000d mem 0x80020672
core   0: 0x800019a2 (0xffda4b83) lbu     s7, -3(s4)
core   0: 3 0x800019a2 (0xffda4b83) x23 0x0000001e mem 0x80020665
core   0: 0x800019a6 (0x2e974393) xori    t2, a4, 745
core   0: 3 0x800019a6 (0x2e974393) x 7 0x000002fd
core   0: 0x800019aa (0xfe4a0d23) sb      tp, -6(s4)
core   0: 3 0x800019aa (0xfe4a0d23) mem 0x80020662 0xfc
core   0: 0x800019ae (0x000005f2) c.slli  a1, 28
core   0: 3 0x800019ae (0x05f2) x11 0x00000000
core   0: 0x800019b0 (0x004a1323) sh      tp, 6(s4)
core   0: 3 0x800019b0 (0x004a1323) mem 0x8002066e 0xfefc
core   0: 0x800019b4 (0x418001b3) sub     gp, zero, s8
core   0: 3 0x800019b4 (0x418001b3) x 3 0xffff6000
core   0: 0x800019b8 (0xff2a0603) lb      a2, -14(s4)
core   0: 3 0x800019b8 (0xff2a0603) x12 0x00000011 mem 0x8002065a
core   0: 0x800019bc (0x007a4783) lbu     a5, 7(s4)
core   0: 3 0x800019bc (0x007a4783) x15 0x000000fe mem 0x8002066f
core   0: 0x800019c0 (0x00600493) li      s1, 6
core   0: 3 0x800019c0 (0x00600493) x 9 0x00000006
core   0: 0x800019c4 (0x00000001) c.nop
core   0: 3 0x800019c4 (0x0001)
core   0: 0x800019c6 (0x80e83f93) sltiu   t6, a6, -2034
core   0: 3 0x800019c6 (0x80e83f93) x31 0x00000001
core   0: 0x800019ca (0x000014f9) c.addi  s1, -2
core   0: 3 0x800019ca (0x14f9) x 9 0x00000004
core   0: 0x800019cc (0x025dd633) divu    a2, s11, t0
core   0: 3 0x800019cc (0x025dd633) x12 0x0008f298
core   0: 0x800019d0 (0xff900813) li      a6, -7
core   0: 3 0x800019d0 (0xff900813) x16 0xfffffff9
core   0: 0x800019d4 (0x01100693) li      a3, 17
core   0: 3 0x800019d4 (0x01100693) x13 0x00000011
core   0: 0x800019d8 (0x03007db3) remu    s11, zero, a6
core   0: 3 0x800019d8 (0x03007db3) x27 0x00000000
core   0: 0x800019dc (0x00008db1) c.xor   a1, a2
core   0: 3 0x800019dc (0x8db1) x11 0x0008f298
core   0: 0x800019de (0x00000809) c.addi  a6, 2
core   0: 3 0x800019de (0x0809) x16 0xfffffffb
core   0: 0x800019e0 (0x00000001) c.nop
core   0: 3 0x800019e0 (0x0001)
core   0: 0x800019e2 (0xfed80be3) beq     a6, a3, pc - 10
core   0: 3 0x800019e2 (0xfed80be3)
core   0: 0x800019e6 (0x0000f0e5) c.bnez  s1, pc - 32
core   0: 3 0x800019e6 (0xf0e5)
core   0: 0x800019c6 (0x80e83f93) sltiu   t6, a6, -2034
core   0: 3 0x800019c6 (0x80e83f93) x31 0x00000000
core   0: 0x800019ca (0x000014f9) c.addi  s1, -2
core   0: 3 0x800019ca (0x14f9) x 9 0x00000002
core   0: 0x800019cc (0x025dd633) divu    a2, s11, t0
core   0: 3 0x800019cc (0x025dd633) x12 0x00000000
core   0: 0x800019d0 (0xff900813) li      a6, -7
core   0: 3 0x800019d0 (0xff900813) x16 0xfffffff9
core   0: 0x800019d4 (0x01100693) li      a3, 17
core   0: 3 0x800019d4 (0x01100693) x13 0x00000011
core   0: 0x800019d8 (0x03007db3) remu    s11, zero, a6
core   0: 3 0x800019d8 (0x03007db3) x27 0x00000000
core   0: 0x800019dc (0x00008db1) c.xor   a1, a2
core   0: 3 0x800019dc (0x8db1) x11 0x0008f298
core   0: 0x800019de (0x00000809) c.addi  a6, 2
core   0: 3 0x800019de (0x0809) x16 0xfffffffb
core   0: 0x800019e0 (0x00000001) c.nop
core   0: 3 0x800019e0 (0x0001)
core   0: 0x800019e2 (0xfed80be3) beq     a6, a3, pc - 10
core   0: 3 0x800019e2 (0xfed80be3)
core   0: 0x800019e6 (0x0000f0e5) c.bnez  s1, pc - 32
core   0: 3 0x800019e6 (0xf0e5)
core   0: 0x800019c6 (0x80e83f93) sltiu   t6, a6, -2034
core   0: 3 0x800019c6 (0x80e83f93) x31 0x00000000
core   0: 0x800019ca (0x000014f9) c.addi  s1, -2
core   0: 3 0x800019ca (0x14f9) x 9 0x00000000
core   0: 0x800019cc (0x025dd633) divu    a2, s11, t0
core   0: 3 0x800019cc (0x025dd633) x12 0x00000000
core   0: 0x800019d0 (0xff900813) li      a6, -7
core   0: 3 0x800019d0 (0xff900813) x16 0xfffffff9
core   0: 0x800019d4 (0x01100693) li      a3, 17
core   0: 3 0x800019d4 (0x01100693) x13 0x00000011
core   0: 0x800019d8 (0x03007db3) remu    s11, zero, a6
core   0: 3 0x800019d8 (0x03007db3) x27 0x00000000
core   0: 0x800019dc (0x00008db1) c.xor   a1, a2
core   0: 3 0x800019dc (0x8db1) x11 0x0008f298
core   0: 0x800019de (0x00000809) c.addi  a6, 2
core   0: 3 0x800019de (0x0809) x16 0xfffffffb
core   0: 0x800019e0 (0x00000001) c.nop
core   0: 3 0x800019e0 (0x0001)
core   0: 0x800019e2 (0xfed80be3) beq     a6, a3, pc - 10
core   0: 3 0x800019e2 (0xfed80be3)
core   0: 0x800019e6 (0x0000f0e5) c.bnez  s1, pc - 32
core   0: 3 0x800019e6 (0xf0e5)
core   0: 0x800019e8 (0x00008b21) c.andi  a4, 8
core   0: 3 0x800019e8 (0x8b21) x14 0x00000000
core   0: 0x800019ea (0x0000fe17) auipc   t3, 0xf
core   0: 3 0x800019ea (0x0000fe17) x28 0x800109ea
core   0: 0x800019ee (0x44fe0e13) addi    t3, t3, 1103
core   0: 3 0x800019ee (0x44fe0e13) x28 0x80010e39
core   0: 0x800019f2 (0x0000f717) auipc   a4, 0xf
core   0: 3 0x800019f2 (0x0000f717) x14 0x800109f2
core   0: 0x800019f6 (0xd7270713) addi    a4, a4, -654
core   0: 3 0x800019f6 (0xd7270713) x14 0x80010764
core   0: 0x800019fa (0x0000e317) auipc   t1, 0xe
core   0: 3 0x800019fa (0x0000e317) x 6 0x8000f9fa
core   0: 0x800019fe (0x6c530313) addi    t1, t1, 1733
core   0: 3 0x800019fe (0x6c530313) x 6 0x800100bf
core   0: 0x80001a02 (0x00f70d03) lb      s10, 15(a4)
core   0: 3 0x80001a02 (0x00f70d03) x26 0x00000028 mem 0x80010773
core   0: 0x80001a06 (0xff530783) lb      a5, -11(t1)
core   0: 3 0x80001a06 (0xff530783) x15 0x0000006f mem 0x800100b4
core   0: 0x80001a0a (0x0000fe97) auipc   t4, 0xf
core   0: 3 0x80001a0a (0x0000fe97) x29 0x80010a0a
core   0: 0x80001a0e (0x61be8e93) addi    t4, t4, 1563
core   0: 3 0x80001a0e (0x61be8e93) x29 0x80011025
core   0: 0x80001a12 (0x0000f697) auipc   a3, 0xf
core   0: 3 0x80001a12 (0x0000f697) x13 0x80010a12
core   0: 0x80001a16 (0xc7668693) addi    a3, a3, -906
core   0: 3 0x80001a16 (0xc7668693) x13 0x80010688
core   0: 0x80001a1a (0x006e21a3) sw      t1, 3(t3)
core   0: 3 0x80001a1a (0x006e21a3) mem 0x80010e3c 0x800100bf
core   0: 0x80001a1e (0xff434103) lbu     sp, -12(t1)
core   0: 3 0x80001a1e (0xff434103) x 2 0x00000068 mem 0x800100b3
core   0: 0x80001a22 (0xfb069323) sh      a6, -90(a3)
core   0: 3 0x80001a22 (0xfb069323) mem 0x8001062e 0xfffb
core   0: 0x80001a26 (0x002306a3) sb      sp, 13(t1)
core   0: 3 0x80001a26 (0x002306a3) mem 0x800100cc 0x68
core   0: 0x80001a2a (0x005e0183) lb      gp, 5(t3)
core   0: 3 0x80001a2a (0x005e0183) x 3 0x00000001 mem 0x80010e3e
core   0: 0x80001a2e (0x00f34a03) lbu     s4, 15(t1)
core   0: 3 0x80001a2e (0x00f34a03) x20 0x00000085 mem 0x800100ce
core   0: 0x80001a32 (0x00ce0483) lb      s1, 12(t3)
core   0: 3 0x80001a32 (0x00ce0483) x 9 0xfffffffe mem 0x80010e45
core   0: 0x80001a36 (0xfc370a03) lb      s4, -61(a4)
core   0: 3 0x80001a36 (0xfc370a03) x20 0xffffffdc mem 0x80010727
core   0: 0x80001a3a (0xff970f83) lb      t6, -7(a4)
core   0: 3 0x80001a3a (0xff970f83) x31 0x00000016 mem 0x8001075d
core   0: 0x80001a3e (0xfebe0e23) sb      a1, -4(t3)
core   0: 3 0x80001a3e (0xfebe0e23) mem 0x80010e35 0x98
core   0: 0x80001a42 (0xa91e9a03) lh      s4, -1391(t4)
core   0: 3 0x80001a42 (0xa91e9a03) x20 0x00006c6d mem 0x80010ab6
core   0: 0x80001a46 (0x01472f83) lw      t6, 20(a4)
core   0: 3 0x80001a46 (0x01472f83) x31 0x30313233 mem 0x80010778
core   0: 0x80001a4a (0xf886c783) lbu     a5, -120(a3)
core   0: 3 0x80001a4a (0xf886c783) x15 0x000000cb mem 0x80010610
core   0: 0x80001a4e (0xff230a03) lb      s4, -14(t1)
core   0: 3 0x80001a4e (0xff230a03) x20 0x00000000 mem 0x800100b1
core   0: 0x80001a52 (0xfcb70903) lb      s2, -53(a4)
core   0: 3 0x80001a52 (0xfcb70903) x18 0xffffffe4 mem 0x8001072f
core   0: 0x80001a56 (0xcaee8c03) lb      s8, -850(t4)
core   0: 3 0x80001a56 (0xcaee8c03) x24 0xffffff88 mem 0x80010cd3
core   0: 0x80001a5a (0xfe7e1fa3) sh      t2, -1(t3)
core   0: 3 0x80001a5a (0xfe7e1fa3) mem 0x80010e38 0x02fd
core   0: 0x80001a5e (0xff630d23) sb      s6, -6(t1)
core   0: 3 0x80001a5e (0xff630d23) mem 0x800100b9 0xd
core   0: 0x80001a62 (0xfdc75103) lhu     sp, -36(a4)
core   0: 3 0x80001a62 (0xfdc75103) x 2 0x0000fafb mem 0x80010740
core   0: 0x80001a66 (0xc74ecf83) lbu     t6, -908(t4)
core   0: 3 0x80001a66 (0xc74ecf83) x31 0x00000052 mem 0x80010c99
core   0: 0x80001a6a (0xff130603) lb      a2, -15(t1)
core   0: 3 0x80001a6a (0xff130603) x12 0x00000000 mem 0x800100b0
core   0: 0x80001a6e (0xfe970d03) lb      s10, -23(a4)
core   0: 3 0x80001a6e (0xfe970d03) x26 0x00000006 mem 0x8001074d
core   0: 0x80001a72 (0xfcc71803) lh      a6, -52(a4)
core   0: 3 0x80001a72 (0xfcc71803) x16 0xffffeaeb mem 0x80010730
core   0: 0x80001a76 (0x00fe0783) lb      a5, 15(t3)
core   0: 3 0x80001a76 (0x00fe0783) x15 0x00000003 mem 0x80010e48
core   0: 0x80001a7a (0x015307a3) sb      s5, 15(t1)
core   0: 3 0x80001a7a (0x015307a3) mem 0x800100ce 0x3d
core   0: 0x80001a7e (0x03471603) lh      a2, 52(a4)
core   0: 3 0x80001a7e (0x03471603) x12 0x00005253 mem 0x80010798
core   0: 0x80001a82 (0xd47ea903) lw      s2, -697(t4)
core   0: 3 0x80001a82 (0xd47ea903) x18 0x24252627 mem 0x80010d6c
core   0: 0x80001a86 (0xf6f6c603) lbu     a2, -145(a3)
core   0: 3 0x80001a86 (0xf6f6c603) x12 0x000000ac mem 0x800105f7
core   0: 0x80001a8a (0xfffe08a3) sb      t6, -15(t3)
core   0: 3 0x80001a8a (0xfffe08a3) mem 0x80010e2a 0x52
core   0: 0x80001a8e (0x00ce0203) lb      tp, 12(t3)
core   0: 3 0x80001a8e (0x00ce0203) x 4 0xfffffffe mem 0x80010e45
core   0: 0x80001a92 (0xff8e0b23) sb      s8, -10(t3)
core   0: 3 0x80001a92 (0xff8e0b23) mem 0x80010e2f 0x88
core   0: 0x80001a96 (0xf0c68c23) sb      a2, -232(a3)
core   0: 3 0x80001a96 (0xf0c68c23) mem 0x800105a0 0xac
core   0: 0x80001a9a (0x00430d03) lb      s10, 4(t1)
core   0: 3 0x80001a9a (0x00430d03) x26 0x00000012 mem 0x800100c3
core   0: 0x80001a9e (0x9a7e8183) lb      gp, -1625(t4)
core   0: 3 0x80001a9e (0x9a7e8183) x 3 0x00000055 mem 0x800109cc
core   0: 0x80001aa2 (0xf66e85a3) sb      t1, -149(t4)
core   0: 3 0x80001aa2 (0xf66e85a3) mem 0x80010f90 0xbf
core   0: 0x80001aa6 (0xff330583) lb      a1, -13(t1)
core   0: 3 0x80001aa6 (0xff330583) x11 0x00000069 mem 0x800100b2
core   0: 0x80001aaa (0x0ec6a003) lw      zero, 236(a3)
core   0: 3 0x80001aaa (0x0ec6a003) mem 0x80010774
core   0: 0x80001aae (0xd9ee8103) lb      sp, -610(t4)
core   0: 3 0x80001aae (0xd9ee8103) x 2 0x00000078 mem 0x80010dc3
core   0: 0x80001ab2 (0x08568a83) lb      s5, 133(a3)
core   0: 3 0x80001ab2 (0x08568a83) x21 0xffffffc6 mem 0x8001070d
core   0: 0x80001ab6 (0xfe6e8ba3) sb      t1, -9(t4)
core   0: 3 0x80001ab6 (0xfe6e8ba3) mem 0x8001101c 0xbf
core   0: 0x80001aba (0x0000fd17) auipc   s10, 0xf
core   0: 3 0x80001aba (0x0000fd17) x26 0x80010aba
core   0: 0x80001abe (0xacbd0d13) addi    s10, s10, -1333
core   0: 3 0x80001abe (0xacbd0d13) x26 0x80010585
core   0: 0x80001ac2 (0x0000e817) auipc   a6, 0xe
core   0: 3 0x80001ac2 (0x0000e817) x16 0x8000fac2
core   0: 0x80001ac6 (0x6ea80813) addi    a6, a6, 1770
core   0: 3 0x80001ac6 (0x6ea80813) x16 0x800101ac
core   0: 0x80001aca (0xc7ed0223) sb      t5, -924(s10)
core   0: 3 0x80001aca (0xc7ed0223) mem 0x800101e9 0x2
core   0: 0x80001ace (0x0f485603) lhu     a2, 244(a6)
core   0: 3 0x80001ace (0x0f485603) x12 0x00005a5b mem 0x800102a0
core   0: 0x80001ad2 (0x0000f417) auipc   s0, 0xf
core   0: 3 0x80001ad2 (0x0000f417) x 8 0x80010ad2
core   0: 0x80001ad6 (0x15b40413) addi    s0, s0, 347
core   0: 3 0x80001ad6 (0x15b40413) x 8 0x80010c2d
core   0: 0x80001ada (0x009423a3) sw      s1, 7(s0)
core   0: 3 0x80001ada (0x009423a3) mem 0x80010c34 0xfffffffe
core   0: 0x80001ade (0x0000fb17) auipc   s6, 0xf
core   0: 3 0x80001ade (0x0000fb17) x22 0x80010ade
core   0: 0x80001ae2 (0x2f0b0b13) addi    s6, s6, 752
core   0: 3 0x80001ae2 (0x2f0b0b13) x22 0x80010dce
core   0: 0x80001ae6 (0xc8ad0f03) lb      t5, -886(s10)
core   0: 3 0x80001ae6 (0xc8ad0f03) x30 0xffffffc4 mem 0x8001020f
core   0: 0x80001aea (0x6add07a3) sb      a3, 1711(s10)
core   0: 3 0x80001aea (0x6add07a3) mem 0x80010c34 0x88
core   0: 0x80001aee (0x032b4a03) lbu     s4, 50(s6)
core   0: 3 0x80001aee (0x032b4a03) x20 0x000000bb mem 0x80010e00
core   0: 0x80001af2 (0x03440983) lb      s3, 52(s0)
core   0: 3 0x80001af2 (0x03440983) x19 0x0000001a mem 0x80010c61
core   0: 0x80001af6 (0xfd680923) sb      s6, -46(a6)
core   0: 3 0x80001af6 (0xfd680923) mem 0x8001017e 0xce
core   0: 0x80001afa (0xf9a82023) sw      s10, -128(a6)
core   0: 3 0x80001afa (0xf9a82023) mem 0x8001012c 0x80010585
core   0: 0x80001afe (0x30dd18a3) sh      a3, 785(s10)
core   0: 3 0x80001afe (0x30dd18a3) mem 0x80010896 0x0688
core   0: 0x80001b02 (0x353d5a03) lhu     s4, 851(s10)
core   0: 3 0x80001b02 (0x353d5a03) x20 0x0000920d mem 0x800108d8
core   0: 0x80001b06 (0x13ad0723) sb      s10, 302(s10)
core   0: 3 0x80001b06 (0x13ad0723) mem 0x800106b3 0x85
core   0: 0x80001b0a (0xff440f23) sb      s4, -2(s0)
core   0: 3 0x80001b0a (0xff440f23) mem 0x80010c2b 0xd
core   0: 0x80001b0e (0x011416a3) sh      a7, 13(s0)
core   0: 3 0x80001b0e (0x011416a3) mem 0x80010c3a 0x5e64
core   0: 0x80001b12 (0x0ca81983) lh      s3, 202(a6)
core   0: 3 0x80001b12 (0x0ca81983) x19 0x00002c2d mem 0x80010276
core   0: 0x80001b16 (0x07fd29a3) sw      t6, 115(s10)
core   0: 3 0x80001b16 (0x07fd29a3) mem 0x800105f8 0x00000052
core   0: 0x80001b1a (0x053b0f23) sb      s3, 94(s6)
core   0: 3 0x80001b1a (0x053b0f23) mem 0x80010e2c 0x2d
core   0: 0x80001b1e (0xf5784983) lbu     s3, -169(a6)
core   0: 3 0x80001b1e (0xf5784983) x19 0x000000b8 mem 0x80010103
core   0: 0x80001b22 (0xfea40483) lb      s1, -22(s0)
core   0: 3 0x80001b22 (0xfea40483) x 9 0xffffffcc mem 0x80010c17
core   0: 0x80001b26 (0x7ded0023) sb      t5, 1984(s10)
core   0: 3 0x80001b26 (0x7ded0023) mem 0x80010d45 0xc4
core   0: 0x80001b2a (0x08cb0223) sb      a2, 132(s6)
core   0: 3 0x80001b2a (0x08cb0223) mem 0x80010e52 0x5b
core   0: 0x80001b2e (0xffa40783) lb      a5, -6(s0)
core   0: 3 0x80001b2e (0xffa40783) x15 0xffffffdc mem 0x80010c27
core   0: 0x80001b32 (0x05eb1e23) sh      t5, 92(s6)
core   0: 3 0x80001b32 (0x05eb1e23) mem 0x80010e2a 0xffc4
core   0: 0x80001b36 (0x7a8d03a3) sb      s0, 1959(s10)
core   0: 3 0x80001b36 (0x7a8d03a3) mem 0x80010d2c 0x2d
core   0: 0x80001b3a (0x01644003) lbu     zero, 22(s0)
core   0: 3 0x80001b3a (0x01644003) mem 0x80010c43
core   0: 0x80001b3e (0x06bb4f83) lbu     t6, 107(s6)
core   0: 3 0x80001b3e (0x06bb4f83) x31 0x00000002 mem 0x80010e39
core   0: 0x80001b42 (0xfef84703) lbu     a4, -17(a6)
core   0: 3 0x80001b42 (0xfef84703) x14 0x00000050 mem 0x8001019b
core   0: 0x80001b46 (0x03b40023) sb      s11, 32(s0)
core   0: 3 0x80001b46 (0x03b40023) mem 0x80010c4d 0x0
core   0: 0x80001b4a (0x0dfb0383) lb      t2, 223(s6)
core   0: 3 0x80001b4a (0x0dfb0383) x 7 0x00000066 mem 0x80010ead
core   0: 0x80001b4e (0xcf3d2703) lw      a4, -781(s10)
core   0: 3 0x80001b4e (0xcf3d2703) x14 0x30313233 mem 0x80010278
core   0: 0x80001b52 (0x00014d17) auipc   s10, 0x14
core   0: 3 0x80001b52 (0x00014d17) x26 0x80015b52
core   0: 0x80001b56 (0x26dd0d13) addi    s10, s10, 621
core   0: 3 0x80001b56 (0x26dd0d13) x26 0x80015dbf
core   0: 0x80001b5a (0x00008e31) c.xor   a2, a2
core   0: 3 0x80001b5a (0x8e31) x12 0x00000000
core   0: 0x80001b5c (0xf78d0603) lb      a2, -136(s10)
core   0: 3 0x80001b5c (0xf78d0603) x12 0xffffffec mem 0x80015d37
core   0: 0x80001b60 (0x401081b3) sub     gp, ra, ra
core   0: 3 0x80001b60 (0x401081b3) x 3 0x00000000
core   0: 0x80001b64 (0xfe6d0083) lb      ra, -26(s10)
core   0: 3 0x80001b64 (0xfe6d0083) x 1 0x0000005e mem 0x80015da5
core   0: 0x80001b68 (0xf7162813) slti    a6, a2, -143
core   0: 3 0x80001b68 (0xf7162813) x16 0x00000000
core   0: 0x80001b6c (0x00c653b3) srl     t2, a2, a2
core   0: 3 0x80001b6c (0x00c653b3) x 7 0x000fffff
core   0: 0x80001b70 (0x00181833) sll     a6, a6, ra
core   0: 3 0x80001b70 (0x00181833) x16 0x00000000
core   0: 0x80001b74 (0x00000385) c.addi  t2, 1
core   0: 3 0x80001b74 (0x0385) x 7 0x00100000
core   0: 0x80001b76 (0x00781bb3) sll     s7, a6, t2
core   0: 3 0x80001b76 (0x00781bb3) x23 0x00000000
core   0: 0x80001b7a (0x000001de) c.slli  gp, 23
core   0: 3 0x80001b7a (0x01de) x 3 0x00000000
core   0: 0x80001b7c (0x041d1ca3) sh      ra, 89(s10)
core   0: 3 0x80001b7c (0x041d1ca3) mem 0x80015e18 0x005e
core   0: 0x80001b80 (0x8d2bc193) xori    gp, s7, -1838
core   0: 3 0x80001b80 (0x8d2bc193) x 3 0xfffff8d2
core   0: 0x80001b84 (0xf4bd1383) lh      t2, -181(s10)
core   0: 3 0x80001b84 (0xf4bd1383) x 7 0xffffc0c1 mem 0x80015d0a
core   0: 0x80001b88 (0x00008e11) c.sub   a2, a2
core   0: 3 0x80001b88 (0x8e11) x12 0x00000000
core   0: 0x80001b8a (0x41fbd093) srai    ra, s7, 31
core   0: 3 0x80001b8a (0x41fbd093) x 1 0x00000000
core   0: 0x80001b8e (0x02c85bb3) divu    s7, a6, a2
core   0: 3 0x80001b8e (0x02c85bb3) x23 0xffffffff
core   0: 0x80001b92 (0x00f39093) slli    ra, t2, 15
core   0: 3 0x80001b92 (0x00f39093) x 1 0xe0608000
core   0: 0x80001b96 (0x042d0b83) lb      s7, 66(s10)
core   0: 3 0x80001b96 (0x042d0b83) x23 0xffffffba mem 0x80015e01
core   0: 0x80001b9a (0x00e85813) srli    a6, a6, 14
core   0: 3 0x80001b9a (0x00e85813) x16 0x00000000
core   0: 0x80001b9e (0xf83d22a3) sw      gp, -123(s10)
core   0: 3 0x80001b9e (0xf83d22a3) mem 0x80015d44 0xfffff8d2
core   0: 0x80001ba2 (0x00009bc2) c.add   s7, a6
core   0: 3 0x80001ba2 (0x9bc2) x23 0xffffffba
core   0: 0x80001ba4 (0x00367bb3) and     s7, a2, gp
core   0: 3 0x80001ba4 (0x00367bb3) x23 0x00000000
core   0: 0x80001ba8 (0x04dd4b83) lbu     s7, 77(s10)
core   0: 3 0x80001ba8 (0x04dd4b83) x23 0x000000c7 mem 0x80015e0c
core   0: 0x80001bac (0x0cf3b193) sltiu   gp, t2, 207
core   0: 3 0x80001bac (0x0cf3b193) x 3 0x00000000
core   0: 0x80001bb0 (0xff7d18a3) sh      s7, -15(s10)
core   0: 3 0x80001bb0 (0xff7d18a3) mem 0x80015db0 0x00c7
core   0: 0x80001bb4 (0xf94d0803) lb      a6, -108(s10)
core   0: 3 0x80001bb4 (0xf94d0803) x16 0x00000008 mem 0x80015d53
core   0: 0x80001bb8 (0x0000085a) c.slli  a6, 22
core   0: 3 0x80001bb8 (0x085a) x16 0x02000000
core   0: 0x80001bba (0xf61d03a3) sb      ra, -153(s10)
core   0: 3 0x80001bba (0xf61d03a3) mem 0x80015d26 0x0
core   0: 0x80001bbe (0x0f6d0b83) lb      s7, 246(s10)
core   0: 3 0x80001bbe (0x0f6d0b83) x23 0x0000006e mem 0x80015eb5
core   0: 0x80001bc2 (0x00a00d93) li      s11, 10
core   0: 3 0x80001bc2 (0x00a00d93) x27 0x0000000a
core   0: 0x80001bc6 (0x00f0eab3) or      s5, ra, a5
core   0: 3 0x80001bc6 (0x00f0eab3) x21 0xffffffdc
core   0: 0x80001bca (0x00000001) c.nop
core   0: 3 0x80001bca (0x0001)
core   0: 0x80001bcc (0x00ba2833) slt     a6, s4, a1
core   0: 3 0x80001bcc (0x00ba2833) x16 0x00000000
core   0: 0x80001bd0 (0x00008ee9) c.and   a3, a0
core   0: 3 0x80001bd0 (0x8ee9) x13 0x00000008
core   0: 0x80001bd2 (0x00300e93) li      t4, 3
core   0: 3 0x80001bd2 (0x00300e93) x29 0x00000003
core   0: 0x80001bd6 (0x00008cc5) c.or    s1, s1
core   0: 3 0x80001bd6 (0x8cc5) x 9 0xffffffcc
core   0: 0x80001bd8 (0x00000001) c.nop
core   0: 3 0x80001bd8 (0x0001)
core   0: 0x80001bda (0x0000987d) c.andi  s0, -1
core   0: 3 0x80001bda (0x987d) x 8 0x80010c2d
core   0: 0x80001bdc (0x00006aa1) c.lui   s5, 0x8
core   0: 3 0x80001bdc (0x6aa1) x21 0x00008000
core   0: 0x80001bde (0x00008795) c.srai  a5, 5
core   0: 3 0x80001bde (0x8795) x15 0xfffffffe
core   0: 0x80001be0 (0x00001df9) c.addi  s11, -2
core   0: 3 0x80001be0 (0x1df9) x27 0x00000008
core   0: 0x80001be2 (0x00400613) li      a2, 4
core   0: 3 0x80001be2 (0x00400613) x12 0x00000004
core   0: 0x80001be6 (0x0ff0000f) fence   iorw,iorw
core   0: 3 0x80001be6 (0x0ff0000f)
core   0: 0x80001bea (0x00000001) c.nop
core   0: 3 0x80001bea (0x0001)
core   0: 0x80001bec (0x00008dd5) c.or    a1, a3
core   0: 3 0x80001bec (0x8dd5) x11 0x00000069
core   0: 0x80001bee (0x0073d713) srli    a4, t2, 7
core   0: 3 0x80001bee (0x0073d713) x14 0x01ffff81
core   0: 0x80001bf2 (0x00001671) c.addi  a2, -4
core   0: 3 0x80001bf2 (0x1671) x12 0x00000000
core   0: 0x80001bf4 (0x000fbc33) sltu    s8, t6, zero
core   0: 3 0x80001bf4 (0x000fbc33) x24 0x00000000
core   0: 0x80001bf8 (0x0000da75) c.beqz  a2, pc - 12
core   0: 3 0x80001bf8 (0xda75)
core   0: 0x80001bec (0x00008dd5) c.or    a1, a3
core   0: 3 0x80001bec (0x8dd5) x11 0x00000069
core   0: 0x80001bee (0x0073d713) srli    a4, t2, 7
core   0: 3 0x80001bee (0x0073d713) x14 0x01ffff81
core   0: 0x80001bf2 (0x00001671) c.addi  a2, -4
core   0: 3 0x80001bf2 (0x1671) x12 0xfffffffc
core   0: 0x80001bf4 (0x000fbc33) sltu    s8, t6, zero
core   0: 3 0x80001bf4 (0x000fbc33) x24 0x00000000
core   0: 0x80001bf8 (0x0000da75) c.beqz  a2, pc - 12
core   0: 3 0x80001bf8 (0xda75)
core   0: 0x80001bfa (0x0000846d) c.srai  s0, 27
core   0: 3 0x80001bfa (0x846d) x 8 0xfffffff0
core   0: 0x80001bfc (0x03ff6c33) rem     s8, t5, t6
core   0: 3 0x80001bfc (0x03ff6c33) x24 0x00000000
core   0: 0x80001c00 (0xfddddee3) bge     s11, t4, pc - 36
core   0: 3 0x80001c00 (0xfddddee3)
core   0: 0x80001bdc (0x00006aa1) c.lui   s5, 0x8
core   0: 3 0x80001bdc (0x6aa1) x21 0x00008000
core   0: 0x80001bde (0x00008795) c.srai  a5, 5
core   0: 3 0x80001bde (0x8795) x15 0xffffffff
core   0: 0x80001be0 (0x00001df9) c.addi  s11, -2
core   0: 3 0x80001be0 (0x1df9) x27 0x00000006
core   0: 0x80001be2 (0x00400613) li      a2, 4
core   0: 3 0x80001be2 (0x00400613) x12 0x00000004
core   0: 0x80001be6 (0x0ff0000f) fence   iorw,iorw
core   0: 3 0x80001be6 (0x0ff0000f)
core   0: 0x80001bea (0x00000001) c.nop
core   0: 3 0x80001bea (0x0001)
core   0: 0x80001bec (0x00008dd5) c.or    a1, a3
core   0: 3 0x80001bec (0x8dd5) x11 0x00000069
core   0: 0x80001bee (0x0073d713) srli    a4, t2, 7
core   0: 3 0x80001bee (0x0073d713) x14 0x01ffff81
core   0: 0x80001bf2 (0x00001671) c.addi  a2, -4
core   0: 3 0x80001bf2 (0x1671) x12 0x00000000
core   0: 0x80001bf4 (0x000fbc33) sltu    s8, t6, zero
core   0: 3 0x80001bf4 (0x000fbc33) x24 0x00000000
core   0: 0x80001bf8 (0x0000da75) c.beqz  a2, pc - 12
core   0: 3 0x80001bf8 (0xda75)
core   0: 0x80001bec (0x00008dd5) c.or    a1, a3
core   0: 3 0x80001bec (0x8dd5) x11 0x00000069
core   0: 0x80001bee (0x0073d713) srli    a4, t2, 7
core   0: 3 0x80001bee (0x0073d713) x14 0x01ffff81
core   0: 0x80001bf2 (0x00001671) c.addi  a2, -4
core   0: 3 0x80001bf2 (0x1671) x12 0xfffffffc
core   0: 0x80001bf4 (0x000fbc33) sltu    s8, t6, zero
core   0: 3 0x80001bf4 (0x000fbc33) x24 0x00000000
core   0: 0x80001bf8 (0x0000da75) c.beqz  a2, pc - 12
core   0: 3 0x80001bf8 (0xda75)
core   0: 0x80001bfa (0x0000846d) c.srai  s0, 27
core   0: 3 0x80001bfa (0x846d) x 8 0xffffffff
core   0: 0x80001bfc (0x03ff6c33) rem     s8, t5, t6
core   0: 3 0x80001bfc (0x03ff6c33) x24 0x00000000
core   0: 0x80001c00 (0xfddddee3) bge     s11, t4, pc - 36
core   0: 3 0x80001c00 (0xfddddee3)
core   0: 0x80001bdc (0x00006aa1) c.lui   s5, 0x8
core   0: 3 0x80001bdc (0x6aa1) x21 0x00008000
core   0: 0x80001bde (0x00008795) c.srai  a5, 5
core   0: 3 0x80001bde (0x8795) x15 0xffffffff
core   0: 0x80001be0 (0x00001df9) c.addi  s11, -2
core   0: 3 0x80001be0 (0x1df9) x27 0x00000004
core   0: 0x80001be2 (0x00400613) li      a2, 4
core   0: 3 0x80001be2 (0x00400613) x12 0x00000004
core   0: 0x80001be6 (0x0ff0000f) fence   iorw,iorw
core   0: 3 0x80001be6 (0x0ff0000f)
core   0: 0x80001bea (0x00000001) c.nop
core   0: 3 0x80001bea (0x0001)
core   0: 0x80001bec (0x00008dd5) c.or    a1, a3
core   0: 3 0x80001bec (0x8dd5) x11 0x00000069
core   0: 0x80001bee (0x0073d713) srli    a4, t2, 7
core   0: 3 0x80001bee (0x0073d713) x14 0x01ffff81
core   0: 0x80001bf2 (0x00001671) c.addi  a2, -4
core   0: 3 0x80001bf2 (0x1671) x12 0x00000000
core   0: 0x80001bf4 (0x000fbc33) sltu    s8, t6, zero
core   0: 3 0x80001bf4 (0x000fbc33) x24 0x00000000
core   0: 0x80001bf8 (0x0000da75) c.beqz  a2, pc - 12
core   0: 3 0x80001bf8 (0xda75)
core   0: 0x80001bec (0x00008dd5) c.or    a1, a3
core   0: 3 0x80001bec (0x8dd5) x11 0x00000069
core   0: 0x80001bee (0x0073d713) srli    a4, t2, 7
core   0: 3 0x80001bee (0x0073d713) x14 0x01ffff81
core   0: 0x80001bf2 (0x00001671) c.addi  a2, -4
core   0: 3 0x80001bf2 (0x1671) x12 0xfffffffc
core   0: 0x80001bf4 (0x000fbc33) sltu    s8, t6, zero
core   0: 3 0x80001bf4 (0x000fbc33) x24 0x00000000
core   0: 0x80001bf8 (0x0000da75) c.beqz  a2, pc - 12
core   0: 3 0x80001bf8 (0xda75)
core   0: 0x80001bfa (0x0000846d) c.srai  s0, 27
core   0: 3 0x80001bfa (0x846d) x 8 0xffffffff
core   0: 0x80001bfc (0x03ff6c33) rem     s8, t5, t6
core   0: 3 0x80001bfc (0x03ff6c33) x24 0x00000000
core   0: 0x80001c00 (0xfddddee3) bge     s11, t4, pc - 36
core   0: 3 0x80001c00 (0xfddddee3)
core   0: 0x80001bdc (0x00006aa1) c.lui   s5, 0x8
core   0: 3 0x80001bdc (0x6aa1) x21 0x00008000
core   0: 0x80001bde (0x00008795) c.srai  a5, 5
core   0: 3 0x80001bde (0x8795) x15 0xffffffff
core   0: 0x80001be0 (0x00001df9) c.addi  s11, -2
core   0: 3 0x80001be0 (0x1df9) x27 0x00000002
core   0: 0x80001be2 (0x00400613) li      a2, 4
core   0: 3 0x80001be2 (0x00400613) x12 0x00000004
core   0: 0x80001be6 (0x0ff0000f) fence   iorw,iorw
core   0: 3 0x80001be6 (0x0ff0000f)
core   0: 0x80001bea (0x00000001) c.nop
core   0: 3 0x80001bea (0x0001)
core   0: 0x80001bec (0x00008dd5) c.or    a1, a3
core   0: 3 0x80001bec (0x8dd5) x11 0x00000069
core   0: 0x80001bee (0x0073d713) srli    a4, t2, 7
core   0: 3 0x80001bee (0x0073d713) x14 0x01ffff81
core   0: 0x80001bf2 (0x00001671) c.addi  a2, -4
core   0: 3 0x80001bf2 (0x1671) x12 0x00000000
core   0: 0x80001bf4 (0x000fbc33) sltu    s8, t6, zero
core   0: 3 0x80001bf4 (0x000fbc33) x24 0x00000000
core   0: 0x80001bf8 (0x0000da75) c.beqz  a2, pc - 12
core   0: 3 0x80001bf8 (0xda75)
core   0: 0x80001bec (0x00008dd5) c.or    a1, a3
core   0: 3 0x80001bec (0x8dd5) x11 0x00000069
core   0: 0x80001bee (0x0073d713) srli    a4, t2, 7
core   0: 3 0x80001bee (0x0073d713) x14 0x01ffff81
core   0: 0x80001bf2 (0x00001671) c.addi  a2, -4
core   0: 3 0x80001bf2 (0x1671) x12 0xfffffffc
core   0: 0x80001bf4 (0x000fbc33) sltu    s8, t6, zero
core   0: 3 0x80001bf4 (0x000fbc33) x24 0x00000000
core   0: 0x80001bf8 (0x0000da75) c.beqz  a2, pc - 12
core   0: 3 0x80001bf8 (0xda75)
core   0: 0x80001bfa (0x0000846d) c.srai  s0, 27
core   0: 3 0x80001bfa (0x846d) x 8 0xffffffff
core   0: 0x80001bfc (0x03ff6c33) rem     s8, t5, t6
core   0: 3 0x80001bfc (0x03ff6c33) x24 0x00000000
core   0: 0x80001c00 (0xfddddee3) bge     s11, t4, pc - 36
core   0: 3 0x80001c00 (0xfddddee3)
core   0: 0x80001c04 (0x0251fe33) remu    t3, gp, t0
core   0: 3 0x80001c04 (0x0251fe33) x28 0x00000000
core   0: 0x80001c08 (0x00011717) auipc   a4, 0x11
core   0: 3 0x80001c08 (0x00011717) x14 0x80012c08
core   0: 0x80001c0c (0xfb870713) addi    a4, a4, -72
core   0: 3 0x80001c0c (0xfb870713) x14 0x80012bc0
core   0: 0x80001c10 (0x0000ee17) auipc   t3, 0xe
core   0: 3 0x80001c10 (0x0000ee17) x28 0x8000fc10
core   0: 0x80001c14 (0x740e0e13) addi    t3, t3, 1856
core   0: 3 0x80001c14 (0x740e0e13) x28 0x80010350
core   0: 0x80001c18 (0xffd70a03) lb      s4, -3(a4)
core   0: 3 0x80001c18 (0xffd70a03) x20 0x00000076 mem 0x80012bbd
core   0: 0x80001c1c (0xffe74c03) lbu     s8, -2(a4)
core   0: 3 0x80001c1c (0xffe74c03) x24 0x00000075 mem 0x80012bbe
core   0: 0x80001c20 (0x679e0c23) sb      s9, 1656(t3)
core   0: 3 0x80001c20 (0x679e0c23) mem 0x800109c8 0xe4
core   0: 0x80001c24 (0xfd671f83) lh      t6, -42(a4)
core   0: 3 0x80001c24 (0xfd671f83) x31 0x00004c4d mem 0x80012b96
core   0: 0x80001c28 (0xff374103) lbu     sp, -13(a4)
core   0: 3 0x80001c28 (0xff374103) x 2 0x00000068 mem 0x80012bb3
core   0: 0x80001c2c (0x457e4783) lbu     a5, 1111(t3)
core   0: 3 0x80001c2c (0x457e4783) x15 0x0000005c mem 0x800107a7
core   0: 0x80001c30 (0x7e6e5903) lhu     s2, 2022(t3)
core   0: 3 0x80001c30 (0x7e6e5903) x18 0x0000eced mem 0x80010b36
core   0: 0x80001c34 (0x02472f03) lw      t5, 36(a4)
core   0: 3 0x80001c34 (0x02472f03) x30 0x9c9d9e9f mem 0x80012be4
core   0: 0x80001c38 (0xe8be0d03) lb      s10, -373(t3)
core   0: 3 0x80001c38 (0xe8be0d03) x26 0xffffff90 mem 0x800101db
core   0: 0x80001c3c (0x03c71803) lh      a6, 60(a4)
core   0: 3 0x80001c3c (0x03c71803) x16 0xffffb6b7 mem 0x80012bfc
core   0: 0x80001c40 (0x74ce0383) lb      t2, 1868(t3)
core   0: 3 0x80001c40 (0x74ce0383) x 7 0x00000057 mem 0x80010a9c
core   0: 0x80001c44 (0xff870c23) sb      s8, -8(a4)
core   0: 3 0x80001c44 (0xff870c23) mem 0x80012bb8 0x75
core   0: 0x80001c48 (0x7eee0783) lb      a5, 2030(t3)
core   0: 3 0x80001c48 (0x7eee0783) x15 0xfffffff5 mem 0x80010b3e
core   0: 0x80001c4c (0x568e03a3) sb      s0, 1383(t3)
core   0: 3 0x80001c4c (0x568e03a3) mem 0x800108b7 0xff
core   0: 0x80001c50 (0xe02e1603) lh      a2, -510(t3)
core   0: 3 0x80001c50 (0xe02e1603) x12 0x00000809 mem 0x80010152
core   0: 0x80001c54 (0x0001c197) auipc   gp, 0x1c
core   0: 3 0x80001c54 (0x0001c197) x 3 0x8001dc54
core   0: 0x80001c58 (0xfc118193) addi    gp, gp, -63
core   0: 3 0x80001c58 (0xfc118193) x 3 0x8001dc15
core   0: 0x80001c5c (0x00010617) auipc   a2, 0x10
core   0: 3 0x80001c5c (0x00010617) x12 0x80011c5c
core   0: 0x80001c60 (0xff860613) addi    a2, a2, -8
core   0: 3 0x80001c60 (0xff860613) x12 0x80011c54
core   0: 0x80001c64 (0x0001e417) auipc   s0, 0x1e
core   0: 3 0x80001c64 (0x0001e417) x 8 0x8001fc64
core   0: 0x80001c68 (0x5f140413) addi    s0, s0, 1521
core   0: 3 0x80001c68 (0x5f140413) x 8 0x80020255
core   0: 0x80001c6c (0xfc31da83) lhu     s5, -61(gp)
core   0: 3 0x80001c6c (0xfc31da83) x21 0x00009293 mem 0x8001dbd8
core   0: 0x80001c70 (0x00010917) auipc   s2, 0x10
core   0: 3 0x80001c70 (0x00010917) x18 0x80011c70
core   0: 0x80001c74 (0x2e390913) addi    s2, s2, 739
core   0: 3 0x80001c74 (0x2e390913) x18 0x80011f53
core   0: 0x80001c78 (0x0a764683) lbu     a3, 167(a2)
core   0: 3 0x80001c78 (0x0a764683) x13 0x000000b0 mem 0x80011cfb
core   0: 0x80001c7c (0xffb94d03) lbu     s10, -5(s2)
core   0: 3 0x80001c7c (0xffb94d03) x26 0x00000005 mem 0x80011f4e
core   0: 0x80001c80 (0xfb340123) sb      s3, -94(s0)
core   0: 3 0x80001c80 (0xfb340123) mem 0x800201f7 0xb8
core   0: 0x80001c84 (0x00c94e03) lbu     t3, 12(s2)
core   0: 3 0x80001c84 (0x00c94e03) x28 0x00000014 mem 0x80011f5f
core   0: 0x80001c88 (0xffe1c983) lbu     s3, -2(gp)
core   0: 3 0x80001c88 (0xffe1c983) x19 0x000000c8 mem 0x8001dc13
core   0: 0x80001c8c (0x00990323) sb      s1, 6(s2)
core   0: 3 0x80001c8c (0x00990323) mem 0x80011f59 0xcc
core   0: 0x80001c90 (0x03218d03) lb      s10, 50(gp)
core   0: 3 0x80001c90 (0x03218d03) x26 0xfffffffc mem 0x8001dc47
core   0: 0x80001c94 (0x02018123) sb      zero, 34(gp)
core   0: 3 0x80001c94 (0x02018123) mem 0x8001dc37 0x0
core   0: 0x80001c98 (0xf96604a3) sb      s6, -119(a2)
core   0: 3 0x80001c98 (0xf96604a3) mem 0x80011bdd 0xce
core   0: 0x80001c9c (0xfe690ca3) sb      t1, -7(s2)
core   0: 3 0x80001c9c (0xfe690ca3) mem 0x80011f4c 0xbf
core   0: 0x80001ca0 (0x0fe62e23) sw      t5, 252(a2)
core   0: 3 0x80001ca0 (0x0fe62e23) mem 0x80011d50 0x9c9d9e9f
core   0: 0x80001ca4 (0xffb90f03) lb      t5, -5(s2)
core   0: 3 0x80001ca4 (0xffb90f03) x30 0x00000005 mem 0x80011f4e
core   0: 0x80001ca8 (0x0ba65e03) lhu     t3, 186(a2)
core   0: 3 0x80001ca8 (0x0ba65e03) x28 0x0000c4c5 mem 0x80011d0e
core   0: 0x80001cac (0x01119b83) lh      s7, 17(gp)
core   0: 3 0x80001cac (0x01119b83) x23 0xffffdcdd mem 0x8001dc26
core   0: 0x80001cb0 (0x0e540c23) sb      t0, 248(s0)
core   0: 3 0x80001cb0 (0x0e540c23) mem 0x8002034d 0xaf
core   0: 0x80001cb4 (0xf0a606a3) sb      a0, -243(a2)
core   0: 3 0x80001cb4 (0xf0a606a3) mem 0x80011b61 0xd
core   0: 0x80001cb8 (0xf0e64283) lbu     t0, -242(a2)
core   0: 3 0x80001cb8 (0xf0e64283) x 5 0x00000019 mem 0x80011b62
core   0: 0x80001cbc (0xfd31ad03) lw      s10, -45(gp)
core   0: 3 0x80001cbc (0xfd31ad03) x26 0xa0a1a2a3 mem 0x8001dbe8
core   0: 0x80001cc0 (0x01840423) sb      s8, 8(s0)
core   0: 3 0x80001cc0 (0x01840423) mem 0x8002025d 0x75
core   0: 0x80001cc4 (0xff294d83) lbu     s11, -14(s2)
core   0: 3 0x80001cc4 (0xff294d83) x27 0x000000fe mem 0x80011f45
core   0: 0x80001cc8 (0xf5760803) lb      a6, -169(a2)
core   0: 3 0x80001cc8 (0xf5760803) x16 0x00000060 mem 0x80011bab
core   0: 0x80001ccc (0xff11d803) lhu     a6, -15(gp)
core   0: 3 0x80001ccc (0xff11d803) x16 0x0000bcbd mem 0x8001dc06
core   0: 0x80001cd0 (0xf5b60c23) sb      s11, -168(a2)
core   0: 3 0x80001cd0 (0xf5b60c23) mem 0x80011bac 0xfe
core   0: 0x80001cd4 (0x00f423a3) sw      a5, 7(s0)
core   0: 3 0x80001cd4 (0x00f423a3) mem 0x8002025c 0xfffffff5
core   0: 0x80001cd8 (0xf6644f83) lbu     t6, -154(s0)
core   0: 3 0x80001cd8 (0xf6644f83) x31 0x00000070 mem 0x800201bb
core   0: 0x80001cdc (0x0011d203) lhu     tp, 1(gp)
core   0: 3 0x80001cdc (0x0011d203) x 4 0x0000cccd mem 0x8001dc16
core   0: 0x80001ce0 (0x008922a3) sw      s0, 5(s2)
core   0: 3 0x80001ce0 (0x008922a3) mem 0x80011f58 0x80020255
core   0: 0x80001ce4 (0x0040066f) jal     a2, pc + 0x4
core   0: 3 0x80001ce4 (0x0040066f) x12 0x80001ce8
core   0: 0x80001ce8 (0x0000a809) c.j     pc + 18
core   0: 3 0x80001ce8 (0xa809)
core   0: 0x80001cfa (0x0000bfe5) c.j     pc - 8
core   0: 3 0x80001cfa (0xbfe5)
core   0: 0x80001cf2 (0x00002019) c.jal   pc + 6
core   0: 3 0x80001cf2 (0x2019) x 1 0x80001cf4
core   0: 0x80001cf8 (0x0000a029) c.j     pc + 10
core   0: 3 0x80001cf8 (0xa029)
core   0: 0x80001d02 (0x0000b7f5) c.j     pc - 20
core   0: 3 0x80001d02 (0xb7f5)
core   0: 0x80001cee (0x0000a009) c.j     pc + 2
core   0: 3 0x80001cee (0xa009)
core   0: 0x80001cf0 (0x0000a801) c.j     pc + 16
core   0: 3 0x80001cf0 (0xa801)
core   0: 0x80001d00 (0x00003ff5) c.jal   pc - 4
core   0: 3 0x80001d00 (0x3ff5) x 1 0x80001d02
core   0: 0x80001cfc (0xfefff36f) jal     t1, pc - 0x12
core   0: 3 0x80001cfc (0xfefff36f) x 6 0x80001d00
core   0: 0x80001cea (0x00a000ef) jal     pc + 0xa
core   0: 3 0x80001cea (0x00a000ef) x 1 0x80001cee
core   0: 0x80001cf4 (0x010000ef) jal     pc + 0x10
core   0: 3 0x80001cf4 (0x010000ef) x 1 0x80001cf8
core   0: 0x80001d04 (0x033f0a33) mul     s4, t5, s3
core   0: 3 0x80001d04 (0x033f0a33) x20 0x000003e8
core   0: 0x80001d08 (0x00011117) auipc   sp, 0x11
core   0: 3 0x80001d08 (0x00011117) x 2 0x80012d08
core   0: 0x80001d0c (0x2e710113) addi    sp, sp, 743
core   0: 3 0x80001d0c (0x2e710113) x 2 0x80012fef
core   0: 0x80001d10 (0x02851a33) mulh    s4, a0, s0
core   0: 3 0x80001d10 (0x02851a33) x20 0xfffffff9
core   0: 0x80001d14 (0x000091ee) c.add   gp, s11
core   0: 3 0x80001d14 (0x91ee) x 3 0x8001dd13
core   0: 0x80001d16 (0x005113a3) sh      t0, 7(sp)
core   0: 3 0x80001d16 (0x005113a3) mem 0x80012ff6 0x0019
core   0: 0x80001d1a (0x00715203) lhu     tp, 7(sp)
core   0: 3 0x80001d1a (0x00715203) x 4 0x00000019 mem 0x80012ff6
core   0: 0x80001d1e (0x01c113a3) sh      t3, 7(sp)
core   0: 3 0x80001d1e (0x01c113a3) mem 0x80012ff6 0xc4c5
core   0: 0x80001d22 (0x00008d99) c.sub   a1, a4
core   0: 3 0x80001d22 (0x8d99) x11 0x7ffed4a9
core   0: 0x80001d24 (0x00714403) lbu     s0, 7(sp)
core   0: 3 0x80001d24 (0x00714403) x 8 0x000000c5 mem 0x80012ff6
core   0: 0x80001d28 (0x00e113a3) sh      a4, 7(sp)
core   0: 3 0x80001d28 (0x00e113a3) mem 0x80012ff6 0x2bc0
core   0: 0x80001d2c (0x00710703) lb      a4, 7(sp)
core   0: 3 0x80001d2c (0x00710703) x14 0xffffffc0 mem 0x80012ff6
core   0: 0x80001d30 (0x00710a83) lb      s5, 7(sp)
core   0: 3 0x80001d30 (0x00710a83) x21 0xffffffc0 mem 0x80012ff6
core   0: 0x80001d34 (0x00710e83) lb      t4, 7(sp)
core   0: 3 0x80001d34 (0x00710e83) x29 0xffffffc0 mem 0x80012ff6
core   0: 0x80001d38 (0x00711d83) lh      s11, 7(sp)
core   0: 3 0x80001d38 (0x00711d83) x27 0x00002bc0 mem 0x80012ff6
core   0: 0x80001d3c (0x01e113a3) sh      t5, 7(sp)
core   0: 3 0x80001d3c (0x01e113a3) mem 0x80012ff6 0x0005
core   0: 0x80001d40 (0x00000001) c.nop
core   0: 3 0x80001d40 (0x0001)
core   0: 0x80001d42 (0x004113a3) sh      tp, 7(sp)
core   0: 3 0x80001d42 (0x004113a3) mem 0x80012ff6 0x0019
core   0: 0x80001d46 (0x0000f097) auipc   ra, 0xf
core   0: 3 0x80001d46 (0x0000f097) x 1 0x80010d46
core   0: 0x80001d4a (0xda808093) addi    ra, ra, -600
core   0: 3 0x80001d4a (0xda808093) x 1 0x80010aee
core   0: 0x80001d4e (0x0000f317) auipc   t1, 0xf
core   0: 3 0x80001d4e (0x0000f317) x 6 0x80010d4e
core   0: 0x80001d52 (0x24f30313) addi    t1, t1, 591
core   0: 3 0x80001d52 (0x24f30313) x 6 0x80010f9d
core   0: 0x80001d56 (0x0000e797) auipc   a5, 0xe
core   0: 3 0x80001d56 (0x0000e797) x15 0x8000fd56
core   0: 0x80001d5a (0x6b778793) addi    a5, a5, 1719
core   0: 3 0x80001d5a (0x6b778793) x15 0x8001040d
core   0: 0x80001d5e (0xf4d306a3) sb      a3, -179(t1)
core   0: 3 0x80001d5e (0xf4d306a3) mem 0x80010eea 0xb0
core   0: 0x80001d62 (0x0000fe97) auipc   t4, 0xf
core   0: 3 0x80001d62 (0x0000fe97) x29 0x80010d62
core   0: 0x80001d66 (0x288e8e93) addi    t4, t4, 648
core   0: 3 0x80001d66 (0x288e8e93) x29 0x80010fea
core   0: 0x80001d6a (0xfe3088a3) sb      gp, -15(ra)
core   0: 3 0x80001d6a (0xfe3088a3) mem 0x80010adf 0x13
core   0: 0x80001d6e (0xf9930203) lb      tp, -103(t1)
core   0: 3 0x80001d6e (0xf9930203) x 4 0xffffffed mem 0x80010f36
core   0: 0x80001d72 (0xf3c30223) sb      t3, -220(t1)
core   0: 3 0x80001d72 (0xf3c30223) mem 0x80010ec1 0xc5
core   0: 0x80001d76 (0x00478323) sb      tp, 6(a5)
core   0: 3 0x80001d76 (0x00478323) mem 0x80010413 0xed
core   0: 0x80001d7a (0xfede9b23) sh      a3, -10(t4)
core   0: 3 0x80001d7a (0xfede9b23) mem 0x80010fe0 0x00b0
core   0: 0x80001d7e (0xfff08d23) sb      t6, -6(ra)
core   0: 3 0x80001d7e (0xfff08d23) mem 0x80010ae8 0x70
core   0: 0x80001d82 (0xff3e8703) lb      a4, -13(t4)
core   0: 3 0x80001d82 (0xff3e8703) x14 0xffffff96 mem 0x80010fdd
core   0: 0x80001d86 (0xff67c683) lbu     a3, -10(a5)
core   0: 3 0x80001d86 (0xff67c683) x13 0x000000b8 mem 0x80010403
core   0: 0x80001d8a (0xff4e8e03) lb      t3, -12(t4)
core   0: 3 0x80001d8a (0xff4e8e03) x28 0xffffff95 mem 0x80010fde
core   0: 0x80001d8e (0xf2935703) lhu     a4, -215(t1)
core   0: 3 0x80001d8e (0xf2935703) x14 0x00007c7d mem 0x80010ec6
core   0: 0x80001d92 (0x0090a723) sw      s1, 14(ra)
core   0: 3 0x80001d92 (0x0090a723) mem 0x80010afc 0xffffffcc
core   0: 0x80001d96 (0xffbec383) lbu     t2, -5(t4)
core   0: 3 0x80001d96 (0xffbec383) x 7 0x0000009e mem 0x80010fe5
core   0: 0x80001d9a (0x00708683) lb      a3, 7(ra)
core   0: 3 0x80001d9a (0x00708683) x13 0xffffffae mem 0x80010af5
core   0: 0x80001d9e (0x0077af03) lw      t5, 7(a5)
core   0: 3 0x80001d9e (0x0077af03) x30 0xcccdcecf mem 0x80010414
core   0: 0x80001da2 (0xff37d683) lhu     a3, -13(a5)
core   0: 3 0x80001da2 (0xff37d683) x13 0x0000babb mem 0x80010400
core   0: 0x80001da6 (0xffce8983) lb      s3, -4(t4)
core   0: 3 0x80001da6 (0xffce8983) x19 0xffffff9d mem 0x80010fe6
core   0: 0x80001daa (0x00708903) lb      s2, 7(ra)
core   0: 3 0x80001daa (0x00708903) x18 0xffffffae mem 0x80010af5
core   0: 0x80001dae (0x00dec583) lbu     a1, 13(t4)
core   0: 3 0x80001dae (0x00dec583) x11 0x000000ac mem 0x80010ff7
core   0: 0x80001db2 (0xff008703) lb      a4, -16(ra)
core   0: 3 0x80001db2 (0xff008703) x14 0xffffff95 mem 0x80010ade
core   0: 0x80001db6 (0x07935483) lhu     s1, 121(t1)
core   0: 3 0x80001db6 (0x07935483) x 9 0x0000cccd mem 0x80011016
core   0: 0x80001dba (0x00eedf83) lhu     t6, 14(t4)
core   0: 3 0x80001dba (0x00eedf83) x31 0x0000b2b3 mem 0x80010ff8
core   0: 0x80001dbe (0xfe908a23) sb      s1, -12(ra)
core   0: 3 0x80001dbe (0xfe908a23) mem 0x80010ae2 0xcd
core   0: 0x80001dc2 (0x01809123) sh      s8, 2(ra)
core   0: 3 0x80001dc2 (0x01809123) mem 0x80010af0 0x0075
core   0: 0x80001dc6 (0xff478da3) sb      s4, -5(a5)
core   0: 3 0x80001dc6 (0xff478da3) mem 0x80010408 0xf9
core   0: 0x80001dca (0x0000f717) auipc   a4, 0xf
core   0: 3 0x80001dca (0x0000f717) x14 0x80010dca
core   0: 0x80001dce (0xc3870713) addi    a4, a4, -968
core   0: 3 0x80001dce (0xc3870713) x14 0x80010a02
core   0: 0x80001dd2 (0x00018a17) auipc   s4, 0x18
core   0: 3 0x80001dd2 (0x00018a17) x20 0x80019dd2
core   0: 0x80001dd6 (0xc12a0a13) addi    s4, s4, -1006
core   0: 3 0x80001dd6 (0xc12a0a13) x20 0x800199e4
core   0: 0x80001dda (0x00c74483) lbu     s1, 12(a4)
core   0: 3 0x80001dda (0x00c74483) x 9 0x000000c5 mem 0x80010a0e
core   0: 0x80001dde (0xff974983) lbu     s3, -7(a4)
core   0: 3 0x80001dde (0xff974983) x19 0x000000b0 mem 0x800109fb
core   0: 0x80001de2 (0x0dca4603) lbu     a2, 220(s4)
core   0: 3 0x80001de2 (0x0dca4603) x12 0x0000007b mem 0x80019ac0
core   0: 0x80001de6 (0x048a0b03) lb      s6, 72(s4)
core   0: 3 0x80001de6 (0x048a0b03) x22 0xffffffe7 mem 0x80019a2c
core   0: 0x80001dea (0x00070083) lb      ra, 0(a4)
core   0: 3 0x80001dea (0x00070083) x 1 0xffffffb9 mem 0x80010a02
core   0: 0x80001dee (0x043a0323) sb      gp, 70(s4)
core   0: 3 0x80001dee (0x043a0323) mem 0x80019a2a 0x13
core   0: 0x80001df2 (0xf66a0fa3) sb      t1, -129(s4)
core   0: 3 0x80001df2 (0xf66a0fa3) mem 0x80019963 0x9d
core   0: 0x80001df6 (0xf7ea5583) lhu     a1, -130(s4)
core   0: 3 0x80001df6 (0xf7ea5583) x11 0x00009d19 mem 0x80019962
core   0: 0x80001dfa (0x00870383) lb      t2, 8(a4)
core   0: 3 0x80001dfa (0x00870383) x 7 0xffffffc1 mem 0x80010a0a
core   0: 0x80001dfe (0xf7ca2e03) lw      t3, -132(s4)
core   0: 3 0x80001dfe (0xf7ca2e03) x28 0x9d191a1b mem 0x80019960
core   0: 0x80001e02 (0xff871c03) lh      s8, -8(a4)
core   0: 3 0x80001e02 (0xff871c03) x24 0xffffb0b1 mem 0x800109fa
core   0: 0x80001e06 (0x00a72803) lw      a6, 10(a4)
core   0: 3 0x80001e06 (0x00a72803) x16 0xc4c5c6c7 mem 0x80010a0c
core   0: 0x80001e0a (0xff574e03) lbu     t3, -11(a4)
core   0: 3 0x80001e0a (0xff574e03) x28 0x0000004f mem 0x800109f7
core   0: 0x80001e0e (0xf31a0383) lb      t2, -207(s4)
core   0: 3 0x80001e0e (0xf31a0383) x 7 0xffffffce mem 0x80019915
core   0: 0x80001e12 (0x09ca02a3) sb      t3, 133(s4)
core   0: 3 0x80001e12 (0x09ca02a3) mem 0x80019a69 0x4f
core   0: 0x80001e16 (0x00370603) lb      a2, 3(a4)
core   0: 3 0x80001e16 (0x00370603) x12 0xffffffbe mem 0x80010a05
core   0: 0x80001e1a (0x00d70c03) lb      s8, 13(a4)
core   0: 3 0x80001e1a (0x00d70c03) x24 0xffffffc4 mem 0x80010a0f
core   0: 0x80001e1e (0x07da0b03) lb      s6, 125(s4)
core   0: 3 0x80001e1e (0x07da0b03) x22 0x0000001a mem 0x80019a61
core   0: 0x80001e22 (0x0000f617) auipc   a2, 0xf
core   0: 3 0x80001e22 (0x0000f617) x12 0x80010e22
core   0: 0x80001e26 (0xe6960613) addi    a2, a2, -407
core   0: 3 0x80001e26 (0xe6960613) x12 0x80010c8b
core   0: 0x80001e2a (0x0000e597) auipc   a1, 0xe
core   0: 3 0x80001e2a (0x0000e597) x11 0x8000fe2a
core   0: 0x80001e2e (0x21f58593) addi    a1, a1, 543
core   0: 3 0x80001e2e (0x21f58593) x11 0x80010049
core   0: 0x80001e32 (0xfa260d23) sb      sp, -70(a2)
core   0: 3 0x80001e32 (0xfa260d23) mem 0x80010c45 0xef
core   0: 0x80001e36 (0x0000e497) auipc   s1, 0xe
core   0: 3 0x80001e36 (0x0000e497) x 9 0x8000fe36
core   0: 0x80001e3a (0x78848493) addi    s1, s1, 1928
core   0: 3 0x80001e3a (0x78848493) x 9 0x800105be
core   0: 0x80001e3e (0x34b60103) lb      sp, 843(a2)
core   0: 3 0x80001e3e (0x34b60103) x 2 0xffffff8d mem 0x80010fd6
core   0: 0x80001e42 (0x0085ca03) lbu     s4, 8(a1)
core   0: 3 0x80001e42 (0x0085ca03) x20 0x0000000a mem 0x80010051
core   0: 0x80001e46 (0xfdb4c283) lbu     t0, -37(s1)
core   0: 3 0x80001e46 (0xfdb4c283) x 5 0x00000052 mem 0x80010599
core   0: 0x80001e4a (0xfc449723) sh      tp, -50(s1)
core   0: 3 0x80001e4a (0xfc449723) mem 0x8001058c 0xffed
core   0: 0x80001e4e (0x00749323) sh      t2, 6(s1)
core   0: 3 0x80001e4e (0x00749323) mem 0x800105c4 0xffce
core   0: 0x80001e52 (0x00958103) lb      sp, 9(a1)
core   0: 3 0x80001e52 (0x00958103) x 2 0x00000009 mem 0x80010052
core   0: 0x80001e56 (0x0475d803) lhu     a6, 71(a1)
core   0: 3 0x80001e56 (0x0475d803) x16 0x00004a4b mem 0x80010090
core   0: 0x80001e5a (0x0000eb17) auipc   s6, 0xe
core   0: 3 0x80001e5a (0x0000eb17) x22 0x8000fe5a
core   0: 0x80001e5e (0x31fb0b13) addi    s6, s6, 799
core   0: 3 0x80001e5e (0x31fb0b13) x22 0x80010179
core   0: 0x80001e62 (0xfe0b4103) lbu     sp, -32(s6)
core   0: 3 0x80001e62 (0xfe0b4103) x 2 0x00000012 mem 0x80010159
core   0: 0x80001e66 (0xfe448103) lb      sp, -28(s1)
core   0: 3 0x80001e66 (0xfe448103) x 2 0x00000059 mem 0x800105a2
core   0: 0x80001e6a (0xfd7b0da3) sb      s7, -37(s6)
core   0: 3 0x80001e6a (0xfd7b0da3) mem 0x80010154 0xdd
core   0: 0x80001e6e (0x8c860983) lb      s3, -1848(a2)
core   0: 3 0x80001e6e (0x8c860983) x19 0x00000008 mem 0x80010553
core   0: 0x80001e72 (0xfe548803) lb      a6, -27(s1)
core   0: 3 0x80001e72 (0xfe548803) x16 0x00000058 mem 0x800105a3
core   0: 0x80001e76 (0xfe9b1da3) sh      s1, -5(s6)
core   0: 3 0x80001e76 (0xfe9b1da3) mem 0x80010174 0x05be
core   0: 0x80001e7a (0x0c758403) lb      s0, 199(a1)
core   0: 3 0x80001e7a (0x0c758403) x 8 0xffffffcb mem 0x80010110
core   0: 0x80001e7e (0x07759ca3) sh      s7, 121(a1)
core   0: 3 0x80001e7e (0x07759ca3) mem 0x800100c2 0xdcdd
core   0: 0x80001e82 (0x0d75a083) lw      ra, 215(a1)
core   0: 3 0x80001e82 (0x0d75a083) x 1 0xd8d9dadb mem 0x80010120
core   0: 0x80001e86 (0x10860f23) sb      s0, 286(a2)
core   0: 3 0x80001e86 (0x10860f23) mem 0x80010da9 0xcb
core   0: 0x80001e8a (0x03cb4983) lbu     s3, 60(s6)
core   0: 3 0x80001e8a (0x03cb4983) x19 0x0000006e mem 0x800101b5
core   0: 0x80001e8e (0x02460323) sb      tp, 38(a2)
core   0: 3 0x80001e8e (0x02460323) mem 0x80010cb1 0xed
core   0: 0x80001e92 (0xa0660823) sb      t1, -1520(a2)
core   0: 3 0x80001e92 (0xa0660823) mem 0x8001069b 0x9d
core   0: 0x80001e96 (0x0495c183) lbu     gp, 73(a1)
core   0: 3 0x80001e96 (0x0495c183) x 3 0x00000049 mem 0x80010092
core   0: 0x80001e9a (0x9de60e03) lb      t3, -1570(a2)
core   0: 3 0x80001e9a (0x9de60e03) x28 0x00000022 mem 0x80010669
core   0: 0x80001e9e (0xfc4b4a83) lbu     s5, -60(s6)
core   0: 3 0x80001e9e (0xfc4b4a83) x21 0x000000f6 mem 0x8001013d
core   0: 0x80001ea2 (0xff74c283) lbu     t0, -9(s1)
core   0: 3 0x80001ea2 (0xff74c283) x 5 0x0000006e mem 0x800105b5
core   0: 0x80001ea6 (0xfdb48123) sb      s11, -62(s1)
core   0: 3 0x80001ea6 (0xfdb48123) mem 0x80010580 0xc0
core   0: 0x80001eaa (0x8c364383) lbu     t2, -1853(a2)
core   0: 3 0x80001eaa (0x8c364383) x 7 0x00000005 mem 0x8001054e
core   0: 0x80001eae (0x0274c103) lbu     sp, 39(s1)
core   0: 3 0x80001eae (0x0274c103) x 2 0x0000009e mem 0x800105e5
core   0: 0x80001eb2 (0x0f658a23) sb      s6, 244(a1)
core   0: 3 0x80001eb2 (0x0f658a23) mem 0x8001013d 0x79
core   0: 0x80001eb6 (0x0f25c983) lbu     s3, 242(a1)
core   0: 3 0x80001eb6 (0x0f25c983) x19 0x000000f0 mem 0x8001013b
core   0: 0x80001eba (0x0034ad23) sw      gp, 26(s1)
core   0: 3 0x80001eba (0x0034ad23) mem 0x800105d8 0x00000049
core   0: 0x80001ebe (0x00011397) auipc   t2, 0x11
core   0: 3 0x80001ebe (0x00011397) x 7 0x80012ebe
core   0: 0x80001ec2 (0x1e338393) addi    t2, t2, 483
core   0: 3 0x80001ec2 (0x1e338393) x 7 0x800130a1
core   0: 0x80001ec6 (0x58038323) sb      zero, 1414(t2)
core   0: 3 0x80001ec6 (0x58038323) mem 0x80013627 0x0
core   0: 0x80001eca (0x00000e29) c.addi  t3, 10
core   0: 3 0x80001eca (0x0e29) x28 0x0000002c
core   0: 0x80001ecc (0xf883c083) lbu     ra, -120(t2)
core   0: 3 0x80001ecc (0xf883c083) x 1 0x000000e2 mem 0x80013029
core   0: 0x80001ed0 (0x03a705b3) mul     a1, a4, s10
core   0: 3 0x80001ed0 (0x03a705b3) x11 0xb440a346
core   0: 0x80001ed4 (0x65739283) lh      t0, 1623(t2)
core   0: 3 0x80001ed4 (0x65739283) x 5 0xffffb2b3 mem 0x800136f8
core   0: 0x80001ed8 (0x02410db3) mul     s11, sp, tp
core   0: 3 0x80001ed8 (0x02410db3) x27 0xfffff446
core   0: 0x80001edc (0x40e38483) lb      s1, 1038(t2)
core   0: 3 0x80001edc (0x40e38483) x 9 0x00000064 mem 0x800134af
core   0: 0x80001ee0 (0xf7539e83) lh      t4, -139(t2)
core   0: 3 0x80001ee0 (0xf7539e83) x29 0xffffcccd mem 0x80013016
core   0: 0x80001ee4 (0xb353c683) lbu     a3, -1227(t2)
core   0: 3 0x80001ee4 (0xb353c683) x13 0x0000008d mem 0x80012bd6
core   0: 0x80001ee8 (0x01051933) sll     s2, a0, a6
core   0: 3 0x80001ee8 (0x01051933) x18 0x0d000000
core   0: 0x80001eec (0x11038403) lb      s0, 272(t2)
core   0: 3 0x80001eec (0x11038403) x 8 0x0000006a mem 0x800131b1
core   0: 0x80001ef0 (0x1ebc6993) ori     s3, s8, 491
core   0: 3 0x80001ef0 (0x1ebc6993) x19 0xffffffef
core   0: 0x80001ef4 (0x46f38a03) lb      s4, 1135(t2)
core   0: 3 0x80001ef4 (0x46f38a03) x20 0xffffffcb mem 0x80013510
core   0: 0x80001ef8 (0x00000001) c.nop
core   0: 3 0x80001ef8 (0x0001)
core   0: 0x80001efa (0x021a64b3) rem     s1, s4, ra
core   0: 3 0x80001efa (0x021a64b3) x 9 0xffffffcb
core   0: 0x80001efe (0xe9a38923) sb      s10, -366(t2)
core   0: 3 0x80001efe (0xe9a38923) mem 0x80012f33 0xa3
core   0: 0x80001f02 (0x27538e03) lb      t3, 629(t2)
core   0: 3 0x80001f02 (0x27538e03) x28 0xffffffcd mem 0x80013316
core   0: 0x80001f06 (0x00008f6d) c.and   a4, a1
core   0: 3 0x80001f06 (0x8f6d) x14 0x80000202
core   0: 0x80001f08 (0x00000001) c.nop
core   0: 3 0x80001f08 (0x0001)
core   0: 0x80001f0a (0x01405793) srli    a5, zero, 20
core   0: 3 0x80001f0a (0x01405793) x15 0x00000000
core   0: 0x80001f0e (0x0307b233) mulhu   tp, a5, a6
core   0: 3 0x80001f0e (0x0307b233) x 4 0x00000000
core   0: 0x80001f12 (0x453e7a13) andi    s4, t3, 1107
core   0: 3 0x80001f12 (0x453e7a13) x20 0x00000441
core   0: 0x80001f16 (0x000087c1) c.srai  a5, 16
core   0: 3 0x80001f16 (0x87c1) x15 0x00000000
core   0: 0x80001f18 (0x670f4937) lui     s2, 0x670f4
core   0: 3 0x80001f18 (0x670f4937) x18 0x670f4000
core   0: 0x80001f1c (0xa91b0593) addi    a1, s6, -1391
core   0: 3 0x80001f1c (0xa91b0593) x11 0x8000fc0a
core   0: 0x80001f20 (0x01445933) srl     s2, s0, s4
core   0: 3 0x80001f20 (0x01445933) x18 0x00000035
core   0: 0x80001f24 (0x00000001) c.nop
core   0: 3 0x80001f24 (0x0001)
core   0: 0x80001f26 (0x0000547d) c.li    s0, -1
core   0: 3 0x80001f26 (0x547d) x 8 0xffffffff
core   0: 0x80001f28 (0x19538ca3) sb      s5, 409(t2)
core   0: 3 0x80001f28 (0x19538ca3) mem 0x8001323a 0xf6
core   0: 0x80001f2c (0xd7244a93) xori    s5, s0, -654
core   0: 3 0x80001f2c (0xd7244a93) x21 0x0000028d
core   0: 0x80001f30 (0x9b638523) sb      s6, -1622(t2)
core   0: 3 0x80001f30 (0x9b638523) mem 0x80012a4b 0x79
core   0: 0x80001f34 (0x00659333) sll     t1, a1, t1
core   0: 3 0x80001f34 (0x00659333) x 6 0x40000000
core   0: 0x80001f38 (0x00aa1e13) slli    t3, s4, 10
core   0: 3 0x80001f38 (0x00aa1e13) x28 0x00110400
core   0: 0x80001f3c (0x0028c7b3) xor     a5, a7, sp
core   0: 3 0x80001f3c (0x0028c7b3) x15 0x80025efa
core   0: 0x80001f40 (0x3dbd0413) addi    s0, s10, 987
core   0: 3 0x80001f40 (0x3dbd0413) x 8 0xa0a1a67e
core   0: 0x80001f44 (0x41043093) sltiu   ra, s0, 1040
core   0: 3 0x80001f44 (0x41043093) x 1 0x00000000
core   0: 0x80001f48 (0x00000001) c.nop
core   0: 3 0x80001f48 (0x0001)
core   0: 0x80001f4a (0x00006f8d) c.lui   t6, 0x3
core   0: 3 0x80001f4a (0x6f8d) x31 0x00003000
core   0: 0x80001f4c (0x8b438e23) sb      s4, -1860(t2)
core   0: 3 0x80001f4c (0x8b438e23) mem 0x8001295d 0x41
core   0: 0x80001f50 (0x21238723) sb      s2, 526(t2)
core   0: 3 0x80001f50 (0x21238723) mem 0x800132af 0x35
core   0: 0x80001f54 (0x00008d99) c.sub   a1, a4
core   0: 3 0x80001f54 (0x8d99) x11 0x0000fa08
core   0: 0x80001f56 (0x022afeb3) remu    t4, s5, sp
core   0: 3 0x80001f56 (0x022afeb3) x29 0x00000015
core   0: 0x80001f5a (0x00006155) c.addi16sp sp, 304
core   0: 3 0x80001f5a (0x6155) x 2 0x000001ce
core   0: 0x80001f5c (0x00001e7d) c.addi  t3, -1
core   0: 3 0x80001f5c (0x1e7d) x28 0x001103ff
core   0: 0x80001f5e (0xc9238223) sb      s2, -892(t2)
core   0: 3 0x80001f5e (0xc9238223) mem 0x80012d25 0x35
core   0: 0x80001f62 (0x00200093) li      ra, 2
core   0: 3 0x80001f62 (0x00200093) x 1 0x00000002
core   0: 0x80001f66 (0x405fd1b3) sra     gp, t6, t0
core   0: 3 0x80001f66 (0x405fd1b3) x 3 0x00000000
core   0: 0x80001f6a (0x0ff0000f) fence   iorw,iorw
core   0: 3 0x80001f6a (0x0ff0000f)
core   0: 0x80001f6e (0x020b2133) mulhsu  sp, s6, zero
core   0: 3 0x80001f6e (0x020b2133) x 2 0x00000000
core   0: 0x80001f72 (0x00427133) and     sp, tp, tp
core   0: 3 0x80001f72 (0x00427133) x 2 0x00000000
core   0: 0x80001f76 (0x0ff0000f) fence   iorw,iorw
core   0: 3 0x80001f76 (0x0ff0000f)
core   0: 0x80001f7a (0x407fdf13) srai    t5, t6, 7
core   0: 3 0x80001f7a (0x407fdf13) x30 0x00000060
core   0: 0x80001f7e (0x00700313) li      t1, 7
core   0: 3 0x80001f7e (0x00700313) x 6 0x00000007
core   0: 0x80001f82 (0x000db133) sltu    sp, s11, zero
core   0: 3 0x80001f82 (0x000db133) x 2 0x00000000
core   0: 0x80001f86 (0x6d262813) slti    a6, a2, 1746
core   0: 3 0x80001f86 (0x6d262813) x16 0x00000001
core   0: 0x80001f8a (0x00001b94) c.addi4spn a3, sp, 496
core   0: 3 0x80001f8a (0x1b94) x13 0x000001f0
core   0: 0x80001f8c (0x03f8c6b3) div     a3, a7, t6
core   0: 3 0x80001f8c (0x03f8c6b3) x13 0xfffd5562
core   0: 0x80001f90 (0x17068413) addi    s0, a3, 368
core   0: 3 0x80001f90 (0x17068413) x 8 0xfffd56d2
core   0: 0x80001f94 (0x00000095) c.addi  ra, 5
core   0: 3 0x80001f94 (0x0095) x 1 0x00000007
core   0: 0x80001f96 (0x4074d213) srai    tp, s1, 7
core   0: 3 0x80001f96 (0x4074d213) x 4 0xffffffff
core   0: 0x80001f9a (0x000d04b3) add     s1, s10, zero
core   0: 3 0x80001f9a (0x000d04b3) x 9 0xa0a1a2a3
core   0: 0x80001f9e (0x4018de13) srai    t3, a7, 1
core   0: 3 0x80001f9e (0x4018de13) x28 0xc0012f32
core   0: 0x80001fa2 (0x362fba93) sltiu   s5, t6, 866
core   0: 3 0x80001fa2 (0x362fba93) x21 0x00000000
core   0: 0x80001fa6 (0x34d54a93) xori    s5, a0, 845
core   0: 3 0x80001fa6 (0x34d54a93) x21 0x00000340
core   0: 0x80001faa (0x0104afb3) slt     t6, s1, a6
core   0: 3 0x80001faa (0x0104afb3) x31 0x00000001
core   0: 0x80001fae (0xfc608ee3) beq     ra, t1, pc - 36
core   0: 3 0x80001fae (0xfc608ee3)
core   0: 0x80001f8a (0x00001b94) c.addi4spn a3, sp, 496
core   0: 3 0x80001f8a (0x1b94) x13 0x000001f0
core   0: 0x80001f8c (0x03f8c6b3) div     a3, a7, t6
core   0: 3 0x80001f8c (0x03f8c6b3) x13 0x80025e64
core   0: 0x80001f90 (0x17068413) addi    s0, a3, 368
core   0: 3 0x80001f90 (0x17068413) x 8 0x80025fd4
core   0: 0x80001f94 (0x00000095) c.addi  ra, 5
core   0: 3 0x80001f94 (0x0095) x 1 0x0000000c
core   0: 0x80001f96 (0x4074d213) srai    tp, s1, 7
core   0: 3 0x80001f96 (0x4074d213) x 4 0xff414345
core   0: 0x80001f9a (0x000d04b3) add     s1, s10, zero
core   0: 3 0x80001f9a (0x000d04b3) x 9 0xa0a1a2a3
core   0: 0x80001f9e (0x4018de13) srai    t3, a7, 1
core   0: 3 0x80001f9e (0x4018de13) x28 0xc0012f32
core   0: 0x80001fa2 (0x362fba93) sltiu   s5, t6, 866
core   0: 3 0x80001fa2 (0x362fba93) x21 0x00000001
core   0: 0x80001fa6 (0x34d54a93) xori    s5, a0, 845
core   0: 3 0x80001fa6 (0x34d54a93) x21 0x00000340
core   0: 0x80001faa (0x0104afb3) slt     t6, s1, a6
core   0: 3 0x80001faa (0x0104afb3) x31 0x00000001
core   0: 0x80001fae (0xfc608ee3) beq     ra, t1, pc - 36
core   0: 3 0x80001fae (0xfc608ee3)
core   0: 0x80001fb2 (0x3dcfd697) auipc   a3, 0x3dcfd
core   0: 3 0x80001fb2 (0x3dcfd697) x13 0xbdcfefb2
core   0: 0x80001fb6 (0x0000f297) auipc   t0, 0xf
core   0: 3 0x80001fb6 (0x0000f297) x 5 0x80010fb6
core   0: 0x80001fba (0x33c28293) addi    t0, t0, 828
core   0: 3 0x80001fba (0x33c28293) x 5 0x800112f2
core   0: 0x80001fbe (0x5142de03) lhu     t3, 1300(t0)
core   0: 3 0x80001fbe (0x5142de03) x28 0x0000bcbd mem 0x80011806
core   0: 0x80001fc2 (0x5142d783) lhu     a5, 1300(t0)
core   0: 3 0x80001fc2 (0x5142d783) x15 0x0000bcbd mem 0x80011806
core   0: 0x80001fc6 (0x51428083) lb      ra, 1300(t0)
core   0: 3 0x80001fc6 (0x51428083) x 1 0xffffffbd mem 0x80011806
core   0: 0x80001fca (0x5c328a83) lb      s5, 1475(t0)
core   0: 3 0x80001fca (0x5c328a83) x21 0x0000006e mem 0x800118b5
core   0: 0x80001fce (0x5c328983) lb      s3, 1475(t0)
core   0: 3 0x80001fce (0x5c328983) x19 0x0000006e mem 0x800118b5
core   0: 0x80001fd2 (0x5c32cc03) lbu     s8, 1475(t0)
core   0: 3 0x80001fd2 (0x5c32cc03) x24 0x0000006e mem 0x800118b5
core   0: 0x80001fd6 (0x1e428523) sb      tp, 490(t0)
core   0: 3 0x80001fd6 (0x1e428523) mem 0x800114dc 0x45
core   0: 0x80001fda (0x1ea28183) lb      gp, 490(t0)
core   0: 3 0x80001fda (0x1ea28183) x 3 0x00000045 mem 0x800114dc
core   0: 0x80001fde (0x00008221) c.srli  a2, 8
core   0: 3 0x80001fde (0x8221) x12 0x0080010c
core   0: 0x80001fe0 (0x38b28b23) sb      a1, 918(t0)
core   0: 3 0x80001fe0 (0x38b28b23) mem 0x80011688 0x8
core   0: 0x80001fe4 (0x3962c983) lbu     s3, 918(t0)
core   0: 3 0x80001fe4 (0x3962c983) x19 0x00000008 mem 0x80011688
core   0: 0x80001fe8 (0x39629003) lh      zero, 918(t0)
core   0: 3 0x80001fe8 (0x39629003) mem 0x80011688
core   0: 0x80001fec (0x39629583) lh      a1, 918(t0)
core   0: 3 0x80001fec (0x39629583) x11 0x00004208 mem 0x80011688
core   0: 0x80001ff0 (0x08829e83) lh      t4, 136(t0)
core   0: 3 0x80001ff0 (0x08829e83) x29 0x00003031 mem 0x8001137a
core   0: 0x80001ff4 (0x09629423) sh      s6, 136(t0)
core   0: 3 0x80001ff4 (0x09629423) mem 0x8001137a 0x0179
core   0: 0x80001ff8 (0x037e7e33) remu    t3, t3, s7
core   0: 3 0x80001ff8 (0x037e7e33) x28 0x0000bcbd
core   0: 0x80001ffc (0x09328423) sb      s3, 136(t0)
core   0: 3 0x80001ffc (0x09328423) mem 0x8001137a 0x8
core   0: 0x80002000 (0x08228423) sb      sp, 136(t0)
core   0: 3 0x80002000 (0x08228423) mem 0x8001137a 0x0
core   0: 0x80002004 (0x00008c79) c.and   s0, a4
core   0: 3 0x80002004 (0x8c79) x 8 0x80000200
core   0: 0x80002006 (0x09028423) sb      a6, 136(t0)
core   0: 3 0x80002006 (0x09028423) mem 0x8001137a 0x1
core   0: 0x8000200a (0x0000eb17) auipc   s6, 0xe
core   0: 3 0x8000200a (0x0000eb17) x22 0x8001000a
core   0: 0x8000200e (0x2d8b0b13) addi    s6, s6, 728
core   0: 3 0x8000200e (0x2d8b0b13) x22 0x800102e2
core   0: 0x80002012 (0x0000e317) auipc   t1, 0xe
core   0: 3 0x80002012 (0x0000e317) x 6 0x80010012
core   0: 0x80002016 (0x2fd30313) addi    t1, t1, 765
core   0: 3 0x80002016 (0x2fd30313) x 6 0x8001030f
core   0: 0x8000201a (0xf98b4a03) lbu     s4, -104(s6)
core   0: 3 0x8000201a (0xf98b4a03) x20 0x00000031 mem 0x8001027a
core   0: 0x8000201e (0x0000e597) auipc   a1, 0xe
core   0: 3 0x8000201e (0x0000e597) x11 0x8001001e
core   0: 0x80002022 (0x11258593) addi    a1, a1, 274
core   0: 3 0x80002022 (0x11258593) x11 0x80010130
core   0: 0x80002026 (0xfaa30383) lb      t2, -86(t1)
core   0: 3 0x80002026 (0xfaa30383) x 7 0x00000072 mem 0x800102b9
core   0: 0x8000202a (0xf1eb0903) lb      s2, -226(s6)
core   0: 3 0x8000202a (0xf1eb0903) x18 0xffffffbb mem 0x80010200
core   0: 0x8000202e (0x0000f297) auipc   t0, 0xf
core   0: 3 0x8000202e (0x0000f297) x 5 0x8001102e
core   0: 0x80002032 (0x91128293) addi    t0, t0, -1775
core   0: 3 0x80002032 (0x91128293) x 5 0x8001093f
core   0: 0x80002036 (0x0925c383) lbu     t2, 146(a1)
core   0: 3 0x80002036 (0x0925c383) x 7 0x00000079 mem 0x800101c2
core   0: 0x8000203a (0x05928723) sb      s9, 78(t0)
core   0: 3 0x8000203a (0x05928723) mem 0x8001098d 0xe4
core   0: 0x8000203e (0x0000e797) auipc   a5, 0xe
core   0: 3 0x8000203e (0x0000e797) x15 0x8001003e
core   0: 0x80002042 (0x67278793) addi    a5, a5, 1650
core   0: 3 0x80002042 (0x67278793) x15 0x800106b0
core   0: 0x80002046 (0x04c34b83) lbu     s7, 76(t1)
core   0: 3 0x80002046 (0x04c34b83) x23 0x00000010 mem 0x8001035b
core   0: 0x8000204a (0xff3b0203) lb      tp, -13(s6)
core   0: 3 0x8000204a (0xff3b0203) x 4 0xffffff8e mem 0x800102d5
core   0: 0x8000204e (0xfd6297a3) sh      s6, -49(t0)
core   0: 3 0x8000204e (0xfd6297a3) mem 0x8001090e 0x02e2
core   0: 0x80002052 (0x0000c5cc) c.sw    a1, 12(a1)
core   0: 3 0x80002052 (0xc5cc) mem 0x8001013c 0x80010130
core   0: 0x80002054 (0xf5628423) sb      s6, -184(t0)
core   0: 3 0x80002054 (0xf5628423) mem 0x80010887 0xe2
core   0: 0x80002058 (0x049b4183) lbu     gp, 73(s6)
core   0: 3 0x80002058 (0x049b4183) x 3 0x000000e0 mem 0x8001032b
core   0: 0x8000205c (0xff730d23) sb      s7, -6(t1)
core   0: 3 0x8000205c (0xff730d23) mem 0x80010309 0x10
core   0: 0x80002060 (0xfcf7ce03) lbu     t3, -49(a5)
core   0: 3 0x80002060 (0xfcf7ce03) x28 0x00000034 mem 0x8001067f
core   0: 0x80002064 (0x0047d403) lhu     s0, 4(a5)
core   0: 3 0x80002064 (0x0047d403) x 8 0x00006e6f mem 0x800106b4
core   0: 0x80002068 (0x08d32aa3) sw      a3, 149(t1)
core   0: 3 0x80002068 (0x08d32aa3) mem 0x800103a4 0xbdcfefb2
core   0: 0x8000206c (0x0ee34103) lbu     sp, 238(t1)
core   0: 3 0x8000206c (0x0ee34103) x 2 0x000000b6 mem 0x800103fd
core   0: 0x80002070 (0xf0d29e03) lh      t3, -243(t0)
core   0: 3 0x80002070 (0xf0d29e03) x28 0x00000607 mem 0x8001084c
core   0: 0x80002074 (0x02278983) lb      s3, 34(a5)
core   0: 3 0x80002074 (0x02278983) x19 0xffffff89 mem 0x800106d2
core   0: 0x80002078 (0x0d65c383) lbu     t2, 214(a1)
core   0: 3 0x80002078 (0x0d65c383) x 7 0x000000bd mem 0x80010206
core   0: 0x8000207c (0xf6eb4383) lbu     t2, -146(s6)
core   0: 3 0x8000207c (0xf6eb4383) x 7 0x0000000b mem 0x80010250
core   0: 0x80002080 (0xf99289a3) sb      s9, -109(t0)
core   0: 3 0x80002080 (0xf99289a3) mem 0x800108d2 0xe4
core   0: 0x80002084 (0x09eb2203) lw      tp, 158(s6)
core   0: 3 0x80002084 (0x09eb2203) x 4 0x38393a3b mem 0x80010380
core   0: 0x80002088 (0x0267da03) lhu     s4, 38(a5)
core   0: 3 0x80002088 (0x0267da03) x20 0x00008c8d mem 0x800106d6
core   0: 0x8000208c (0x00c30403) lb      s0, 12(t1)
core   0: 3 0x8000208c (0x00c30403) x 8 0xffffffd0 mem 0x8001031b
core   0: 0x80002090 (0xf9e28903) lb      s2, -98(t0)
core   0: 3 0x80002090 (0xf9e28903) x18 0xffffff96 mem 0x800108dd
core   0: 0x80002094 (0xfeeb00a3) sb      a4, -31(s6)
core   0: 3 0x80002094 (0xfeeb00a3) mem 0x800102c3 0x2
core   0: 0x80002098 (0x0be59803) lh      a6, 190(a1)
core   0: 3 0x80002098 (0x0be59803) x16 0xffffa4a5 mem 0x800101ee
core   0: 0x8000209c (0x02a59d23) sh      a0, 58(a1)
core   0: 3 0x8000209c (0x02a59d23) mem 0x8001016a 0x000d
core   0: 0x800020a0 (0xfec30ea3) sb      a2, -3(t1)
core   0: 3 0x800020a0 (0xfec30ea3) mem 0x8001030c 0xc
core   0: 0x800020a4 (0xf822c103) lbu     sp, -126(t0)
core   0: 3 0x800020a4 (0xf822c103) x 2 0x0000007a mem 0x800108c1
core   0: 0x800020a8 (0x0d7b0c03) lb      s8, 215(s6)
core   0: 3 0x800020a8 (0x0d7b0c03) x24 0x00000072 mem 0x800103b9
core   0: 0x800020ac (0x04328803) lb      a6, 67(t0)
core   0: 3 0x800020ac (0x04328803) x16 0x00000039 mem 0x80010982
core   0: 0x800020b0 (0xfe17c483) lbu     s1, -31(a5)
core   0: 3 0x800020b0 (0xfe17c483) x 9 0x0000004a mem 0x80010691
core   0: 0x800020b4 (0xff530483) lb      s1, -11(t1)
core   0: 3 0x800020b4 (0xff530483) x 9 0xffffffbf mem 0x80010304
core   0: 0x800020b8 (0x0a85cf83) lbu     t6, 168(a1)
core   0: 3 0x800020b8 (0x0a85cf83) x31 0x00000093 mem 0x800101d8
core   0: 0x800020bc (0x089b0683) lb      a3, 137(s6)
core   0: 3 0x800020bc (0x089b0683) x13 0x00000020 mem 0x8001036b
core   0: 0x800020c0 (0x0df5cd03) lbu     s10, 223(a1)
core   0: 3 0x800020c0 (0x0df5cd03) x26 0x000000c4 mem 0x8001020f
core   0: 0x800020c4 (0x0000e117) auipc   sp, 0xe
core   0: 3 0x800020c4 (0x0000e117) x 2 0x800100c4
core   0: 0x800020c8 (0x27510113) addi    sp, sp, 629
core   0: 3 0x800020c8 (0x27510113) x 2 0x80010339
core   0: 0x800020cc (0x014107a3) sb      s4, 15(sp)
core   0: 3 0x800020cc (0x014107a3) mem 0x80010348 0x8d
core   0: 0x800020d0 (0xfc014e03) lbu     t3, -64(sp)
core   0: 3 0x800020d0 (0xfc014e03) x28 0x000000b2 mem 0x800102f9
core   0: 0x800020d4 (0xfe611fa3) sh      t1, -1(sp)
core   0: 3 0x800020d4 (0xfe611fa3) mem 0x80010338 0x030f
core   0: 0x800020d8 (0x6d4c0b93) addi    s7, s8, 1748
core   0: 3 0x800020d8 (0x6d4c0b93) x23 0x00000746
core   0: 0x800020dc (0xfff15403) lhu     s0, -1(sp)
core   0: 3 0x800020dc (0xfff15403) x 8 0x0000030f mem 0x80010338
core   0: 0x800020e0 (0x00008019) c.srli  s0, 6
core   0: 3 0x800020e0 (0x8019) x 8 0x0000000c
core   0: 0x800020e2 (0x03a118a3) sh      s10, 49(sp)
core   0: 3 0x800020e2 (0x03a118a3) mem 0x8001036a 0x00c4
core   0: 0x800020e6 (0x5d5aed13) ori     s10, s5, 1493
core   0: 3 0x800020e6 (0x5d5aed13) x26 0x000005ff
core   0: 0x800020ea (0x02142b33) mulhsu  s6, s0, ra
core   0: 3 0x800020ea (0x02142b33) x22 0x0000000b
core   0: 0x800020ee (0x02c118a3) sh      a2, 49(sp)
core   0: 3 0x800020ee (0x02c118a3) mem 0x8001036a 0x010c
core   0: 0x800020f2 (0x00008e5d) c.or    a2, a5
core   0: 3 0x800020f2 (0x8e5d) x12 0x808107bc
core   0: 0x800020f4 (0xfc810123) sb      s0, -62(sp)
core   0: 3 0x800020f4 (0xfc810123) mem 0x800102fb 0xc
core   0: 0x800020f8 (0xfda10123) sb      s10, -62(sp)
core   0: 3 0x800020f8 (0xfda10123) mem 0x800102fb 0xff
core   0: 0x800020fc (0xfc214683) lbu     a3, -62(sp)
core   0: 3 0x800020fc (0xfc214683) x13 0x000000ff mem 0x800102fb
core   0: 0x80002100 (0x02315003) lhu     zero, 35(sp)
core   0: 3 0x80002100 (0x02315003) mem 0x8001035c
core   0: 0x80002104 (0x03b123a3) sw      s11, 39(sp)
core   0: 3 0x80002104 (0x03b123a3) mem 0x80010360 0xfffff446
core   0: 0x80002108 (0xfd111d83) lh      s11, -47(sp)
core   0: 3 0x80002108 (0xfd111d83) x27 0xffffc0c1 mem 0x8001030a
core   0: 0x8000210c (0xfcb12f83) lw      t6, -53(sp)
core   0: 3 0x8000210c (0xfcb12f83) x31 0xbcbdbebf mem 0x80010304
core   0: 0x80002110 (0x01b10323) sb      s11, 6(sp)
core   0: 3 0x80002110 (0x01b10323) mem 0x8001033f 0xc1
core   0: 0x80002114 (0xff914703) lbu     a4, -7(sp)
core   0: 3 0x80002114 (0xff914703) x14 0x000000e9 mem 0x80010332
core   0: 0x80002118 (0x01014903) lbu     s2, 16(sp)
core   0: 3 0x80002118 (0x01014903) x18 0x00000002 mem 0x80010349
core   0: 0x8000211c (0x01514a83) lbu     s5, 21(sp)
core   0: 3 0x8000211c (0x01514a83) x21 0x00000005 mem 0x8001034e
core   0: 0x80002120 (0x0000e117) auipc   sp, 0xe
core   0: 3 0x80002120 (0x0000e117) x 2 0x80010120
core   0: 0x80002124 (0x37e10113) addi    sp, sp, 894
core   0: 3 0x80002124 (0x37e10113) x 2 0x8001049e
core   0: 0x80002128 (0x18615303) lhu     t1, 390(sp)
core   0: 3 0x80002128 (0x18615303) x 6 0x0000dedf mem 0x80010624
core   0: 0x8000212c (0x18615a03) lhu     s4, 390(sp)
core   0: 3 0x8000212c (0x18615a03) x20 0x0000dedf mem 0x80010624
core   0: 0x80002130 (0x18612c03) lw      s8, 390(sp)
core   0: 3 0x80002130 (0x18612c03) x24 0xdcdddedf mem 0x80010624
core   0: 0x80002134 (0x18612003) lw      zero, 390(sp)
core   0: 3 0x80002134 (0x18612003) mem 0x80010624
core   0: 0x80002138 (0x18611703) lh      a4, 390(sp)
core   0: 3 0x80002138 (0x18611703) x14 0xffffdedf mem 0x80010624
core   0: 0x8000213c (0x18612d03) lw      s10, 390(sp)
core   0: 3 0x8000213c (0x18612d03) x26 0xdcdddedf mem 0x80010624
core   0: 0x80002140 (0x19112323) sw      a7, 390(sp)
core   0: 3 0x80002140 (0x19112323) mem 0x80010624 0x80025e64
core   0: 0x80002144 (0x025f1ab3) mulh    s5, t5, t0
core   0: 3 0x80002144 (0x025f1ab3) x21 0xffffffd0
core   0: 0x80002148 (0x18615f03) lhu     t5, 390(sp)
core   0: 3 0x80002148 (0x18615f03) x30 0x00005e64 mem 0x80010624
core   0: 0x8000214c (0x18610083) lb      ra, 390(sp)
core   0: 3 0x8000214c (0x18610083) x 1 0x00000064 mem 0x80010624
core   0: 0x80002150 (0x40df5c33) sra     s8, t5, a3
core   0: 3 0x80002150 (0x40df5c33) x24 0x00000000
core   0: 0x80002154 (0x18f12323) sw      a5, 390(sp)
core   0: 3 0x80002154 (0x18f12323) mem 0x80010624 0x800106b0
core   0: 0x80002158 (0x19d11323) sh      t4, 390(sp)
core   0: 3 0x80002158 (0x19d11323) mem 0x80010624 0x3031
core   0: 0x8000215c (0x4ab14d83) lbu     s11, 1195(sp)
core   0: 3 0x8000215c (0x4ab14d83) x27 0x00000002 mem 0x80010949
core   0: 0x80002160 (0x4ab10203) lb      tp, 1195(sp)
core   0: 3 0x80002160 (0x4ab10203) x 4 0x00000002 mem 0x80010949
core   0: 0x80002164 (0x4b0105a3) sb      a6, 1195(sp)
core   0: 3 0x80002164 (0x4b0105a3) mem 0x80010949 0x39
core   0: 0x80002168 (0x4ab14383) lbu     t2, 1195(sp)
core   0: 3 0x80002168 (0x4ab14383) x 7 0x00000039 mem 0x80010949
core   0: 0x8000216c (0x4ab14383) lbu     t2, 1195(sp)
core   0: 3 0x8000216c (0x4ab14383) x 7 0x00000039 mem 0x80010949
core   0: 0x80002170 (0x4ab10a83) lb      s5, 1195(sp)
core   0: 3 0x80002170 (0x4ab10a83) x21 0x00000039 mem 0x80010949
core   0: 0x80002174 (0x00013617) auipc   a2, 0x13
core   0: 3 0x80002174 (0x00013617) x12 0x80015174
core   0: 0x80002178 (0x0c760613) addi    a2, a2, 199
core   0: 3 0x80002178 (0x0c760613) x12 0x8001523b
core   0: 0x8000217c (0x000094f6) c.add   s1, t4
core   0: 3 0x8000217c (0x94f6) x 9 0x00002ff0
core   0: 0x8000217e (0xfc460203) lb      tp, -60(a2)
core   0: 3 0x8000217e (0xfc460203) x 4 0xffffffb4 mem 0x800151ff
core   0: 0x80002182 (0x00008895) c.andi  s1, 5
core   0: 3 0x80002182 (0x8895) x 9 0x00000000
core   0: 0x80002184 (0x00008c65) c.and   s0, s1
core   0: 3 0x80002184 (0x8c65) x 8 0x00000000
core   0: 0x80002186 (0xfc960223) sb      s1, -60(a2)
core   0: 3 0x80002186 (0xfc960223) mem 0x800151ff 0x0
core   0: 0x8000218a (0x01d4ceb3) xor     t4, s1, t4
core   0: 3 0x8000218a (0x01d4ceb3) x29 0x00003031
core   0: 0x8000218e (0x02e60e83) lb      t4, 46(a2)
core   0: 3 0x8000218e (0x02e60e83) x29 0x00000022 mem 0x80015269
core   0: 0x80002192 (0x408ed4b3) sra     s1, t4, s0
core   0: 3 0x80002192 (0x408ed4b3) x 9 0x00000022
core   0: 0x80002196 (0x00960723) sb      s1, 14(a2)
core   0: 3 0x80002196 (0x00960723) mem 0x80015249 0x22
core   0: 0x8000219a (0x027253b3) divu    t2, tp, t2
core   0: 3 0x8000219a (0x027253b3) x 7 0x047dc11e
core   0: 0x8000219e (0xfcd60523) sb      a3, -54(a2)
core   0: 3 0x8000219e (0xfcd60523) mem 0x80015205 0xff
core   0: 0x800021a2 (0x00c64203) lbu     tp, 12(a2)
core   0: 3 0x800021a2 (0x00c64203) x 4 0x000000fc mem 0x80015247
core   0: 0x800021a6 (0x00460203) lb      tp, 4(a2)
core   0: 3 0x800021a6 (0x00460203) x 4 0xfffffff4 mem 0x8001523f
core   0: 0x800021aa (0x000084bd) c.srai  s1, 15
core   0: 3 0x800021aa (0x84bd) x 9 0x00000000
core   0: 0x800021ac (0xf1271437) lui     s0, 0xf1271
core   0: 3 0x800021ac (0xf1271437) x 8 0xf1271000
core   0: 0x800021b0 (0xfed60f23) sb      a3, -2(a2)
core   0: 3 0x800021b0 (0xfed60f23) mem 0x80015239 0xff
core   0: 0x800021b4 (0x00000001) c.nop
core   0: 3 0x800021b4 (0x0001)
core   0: 0x800021b6 (0x02960f23) sb      s1, 62(a2)
core   0: 3 0x800021b6 (0x02960f23) mem 0x80015279 0x0
core   0: 0x800021ba (0x0246d6b3) divu    a3, a3, tp
core   0: 3 0x800021ba (0x0246d6b3) x13 0x00000000
core   0: 0x800021be (0x00008485) c.srai  s1, 1
core   0: 3 0x800021be (0x8485) x 9 0x00000000
core   0: 0x800021c0 (0xfe965683) lhu     a3, -23(a2)
core   0: 3 0x800021c0 (0xfe965683) x13 0x0000dedf mem 0x80015224
core   0: 0x800021c4 (0x00439eb3) sll     t4, t2, tp
core   0: 3 0x800021c4 (0x00439eb3) x29 0x11e00000
core   0: 0x800021c8 (0xfcd61203) lh      tp, -51(a2)
core   0: 3 0x800021c8 (0xfcd61203) x 4 0xffffc2c3 mem 0x80015208
core   0: 0x800021cc (0xfd860483) lb      s1, -40(a2)
core   0: 3 0x800021cc (0xfd860483) x 9 0xffffffc8 mem 0x80015213
core   0: 0x800021d0 (0x02d39433) mulh    s0, t2, a3
core   0: 3 0x800021d0 (0x02d39433) x 8 0x000003e8
core   0: 0x800021d4 (0x004612a3) sh      tp, 5(a2)
core   0: 3 0x800021d4 (0x004612a3) mem 0x80015240 0xc2c3
core   0: 0x800021d8 (0x00000001) c.nop
core   0: 3 0x800021d8 (0x0001)
core   0: 0x800021da (0xfd464403) lbu     s0, -44(a2)
core   0: 3 0x800021da (0xfd464403) x 8 0x000000c4 mem 0x8001520f
core   0: 0x800021de (0xfe560203) lb      tp, -27(a2)
core   0: 3 0x800021de (0xfe560203) x 4 0xffffffdb mem 0x80015220
core   0: 0x800021e2 (0x03464403) lbu     s0, 52(a2)
core   0: 3 0x800021e2 (0x03464403) x 8 0x00000024 mem 0x8001526f
core   0: 0x800021e6 (0x42e46393) ori     t2, s0, 1070
core   0: 3 0x800021e6 (0x42e46393) x 7 0x0000042e
core   0: 0x800021ea (0xffd607a3) sb      t4, -17(a2)
core   0: 3 0x800021ea (0xffd607a3) mem 0x8001522a 0x0
core   0: 0x800021ee (0x01860483) lb      s1, 24(a2)
core   0: 3 0x800021ee (0x01860483) x 9 0x00000008 mem 0x80015253
core   0: 0x800021f2 (0xfd965683) lhu     a3, -39(a2)
core   0: 3 0x800021f2 (0xfd965683) x13 0x0000cecf mem 0x80015214
core   0: 0x800021f6 (0xfec64e83) lbu     t4, -20(a2)
core   0: 3 0x800021f6 (0xfec64e83) x29 0x000000dc mem 0x80015227
core   0: 0x800021fa (0xfc960d23) sb      s1, -38(a2)
core   0: 3 0x800021fa (0xfc960d23) mem 0x80015215 0x8
core   0: 0x800021fe (0xfcd60fa3) sb      a3, -33(a2)
core   0: 3 0x800021fe (0xfcd60fa3) mem 0x8001521a 0xcf
core   0: 0x80002202 (0xfe260203) lb      tp, -30(a2)
core   0: 3 0x80002202 (0xfe260203) x 4 0xffffffd6 mem 0x8001521d
core   0: 0x80002206 (0xfcd60023) sb      a3, -64(a2)
core   0: 3 0x80002206 (0xfcd60023) mem 0x800151fb 0xcf
core   0: 0x8000220a (0x03d38433) mul     s0, t2, t4
core   0: 3 0x8000220a (0x03d38433) x 8 0x00039788
core   0: 0x8000220e (0x00e21e93) slli    t4, tp, 14
core   0: 3 0x8000220e (0x00e21e93) x29 0xfff58000
core   0: 0x80002212 (0x000084f6) c.mv    s1, t4
core   0: 3 0x80002212 (0x84f6) x 9 0xfff58000
core   0: 0x80002214 (0x00008ae9) c.andi  a3, 26
core   0: 3 0x80002214 (0x8ae9) x13 0x0000000a
core   0: 0x80002216 (0xfe060203) lb      tp, -32(a2)
core   0: 3 0x80002216 (0xfe060203) x 4 0xffffffd0 mem 0x8001521b
core   0: 0x8000221a (0x3d540213) addi    tp, s0, 981
core   0: 3 0x8000221a (0x3d540213) x 4 0x00039b5d
core   0: 0x8000221e (0x03d26233) rem     tp, tp, t4
core   0: 3 0x8000221e (0x03d26233) x 4 0x00039b5d
core   0: 0x80002222 (0x337ee393) ori     t2, t4, 823
core   0: 3 0x80002222 (0x337ee393) x 7 0xfff58337
core   0: 0x80002226 (0xc2886697) auipc   a3, 0xc2886
core   0: 3 0x80002226 (0xc2886697) x13 0x42888226
core   0: 0x8000222a (0x00364203) lbu     tp, 3(a2)
core   0: 3 0x8000222a (0x00364203) x 4 0x000000f5 mem 0x8001523e
core   0: 0x8000222e (0xffe64203) lbu     tp, -2(a2)
core   0: 3 0x8000222e (0xffe64203) x 4 0x000000ff mem 0x80015239
core   0: 0x80002232 (0x00012497) auipc   s1, 0x12
core   0: 3 0x80002232 (0x00012497) x 9 0x80014232
core   0: 0x80002236 (0x86048493) addi    s1, s1, -1952
core   0: 3 0x80002236 (0x86048493) x 9 0x80013a92
core   0: 0x8000223a (0xff948783) lb      a5, -7(s1)
core   0: 3 0x8000223a (0xff948783) x15 0x00000040 mem 0x80013a8b
core   0: 0x8000223e (0x020fb433) mulhu   s0, t6, zero
core   0: 3 0x8000223e (0x020fb433) x 8 0x00000000
core   0: 0x80002242 (0x02249c03) lh      s8, 34(s1)
core   0: 3 0x80002242 (0x02249c03) x24 0x00006e6f mem 0x80013ab4
core   0: 0x80002246 (0x005110b3) sll     ra, sp, t0
core   0: 3 0x80002246 (0x005110b3) x 1 0x00000000
core   0: 0x8000224a (0x02f4c583) lbu     a1, 47(s1)
core   0: 3 0x8000224a (0x02f4c583) x11 0x0000007a mem 0x80013ac1
core   0: 0x8000224e (0xff648923) sb      s6, -14(s1)
core   0: 3 0x8000224e (0xff648923) mem 0x80013a84 0xb
core   0: 0x80002252 (0x01014833) xor     a6, sp, a6
core   0: 3 0x80002252 (0x01014833) x16 0x800104a7
core   0: 0x80002256 (0x02148583) lb      a1, 33(s1)
core   0: 3 0x80002256 (0x02148583) x11 0x00000068 mem 0x80013ab3
core   0: 0x8000225a (0xfea4d583) lhu     a1, -22(s1)
core   0: 3 0x8000225a (0xfea4d583) x11 0x00003637 mem 0x80013a7c
core   0: 0x8000225e (0x00335b13) srli    s6, t1, 3
core   0: 3 0x8000225e (0x00335b13) x22 0x00001bdb
core   0: 0x80002262 (0x03a48423) sb      s10, 40(s1)
core   0: 3 0x80002262 (0x03a48423) mem 0x80013aba 0xdf
core   0: 0x80002266 (0x03acf333) remu    t1, s9, s10
core   0: 3 0x80002266 (0x03acf333) x 6 0x80029ce4
core   0: 0x8000226a (0xffa482a3) sb      s10, -27(s1)
core   0: 3 0x8000226a (0xffa482a3) mem 0x80013a77 0xdf
core   0: 0x8000226e (0xe9a06e93) ori     t4, zero, -358
core   0: 3 0x8000226e (0xe9a06e93) x29 0xfffffe9a
core   0: 0x80002272 (0xfe14cb03) lbu     s6, -31(s1)
core   0: 3 0x80002272 (0xfe14cb03) x22 0x00000028 mem 0x80013a73
core   0: 0x80002276 (0x00008c25) c.xor   s0, s1
core   0: 3 0x80002276 (0x8c25) x 8 0x80013a92
core   0: 0x80002278 (0x00e49e83) lh      t4, 14(s1)
core   0: 3 0x80002278 (0x00e49e83) x29 0x00005a5b mem 0x80013aa0
core   0: 0x8000227c (0x01448923) sb      s4, 18(s1)
core   0: 3 0x8000227c (0x01448923) mem 0x80013aa4 0xdf
core   0: 0x80002280 (0x00e25313) srli    t1, tp, 14
core   0: 3 0x80002280 (0x00e25313) x 6 0x00000000
core   0: 0x80002284 (0x03ee2a33) mulhsu  s4, t3, t5
core   0: 3 0x80002284 (0x03ee2a33) x20 0x00000000
core   0: 0x80002288 (0x02748203) lb      tp, 39(s1)
core   0: 3 0x80002288 (0x02748203) x 4 0x00000072 mem 0x80013ab9
core   0: 0x8000228c (0x40b05b13) srai    s6, zero, 11
core   0: 3 0x8000228c (0x40b05b13) x22 0x00000000
core   0: 0x80002290 (0xfdf4ce03) lbu     t3, -33(s1)
core   0: 3 0x80002290 (0xfdf4ce03) x28 0x0000002a mem 0x80013a71
core   0: 0x80002294 (0x000093ea) c.add   t2, s10
core   0: 3 0x80002294 (0x93ea) x 7 0xdcd36216
core   0: 0x80002296 (0x00848083) lb      ra, 8(s1)
core   0: 3 0x80002296 (0x00848083) x 1 0x00000051 mem 0x80013a9a
core   0: 0x8000229a (0xfd14ca83) lbu     s5, -47(s1)
core   0: 3 0x8000229a (0xfd14ca83) x21 0x00000018 mem 0x80013a63
core   0: 0x8000229e (0x9e645997) auipc   s3, 0x9e645
core   0: 3 0x8000229e (0x9e645997) x19 0x1e64729e
core   0: 0x800022a2 (0x02148683) lb      a3, 33(s1)
core   0: 3 0x800022a2 (0x02148683) x13 0x00000068 mem 0x80013ab3
core   0: 0x800022a6 (0x026e7433) remu    s0, t3, t1
core   0: 3 0x800022a6 (0x026e7433) x 8 0x0000002a
core   0: 0x800022aa (0x03fe5b33) divu    s6, t3, t6
core   0: 3 0x800022aa (0x03fe5b33) x22 0x00000000
core   0: 0x800022ae (0x402a01b3) sub     gp, s4, sp
core   0: 3 0x800022ae (0x402a01b3) x 3 0x7ffefb62
core   0: 0x800022b2 (0x4189d313) srai    t1, s3, 24
core   0: 3 0x800022b2 (0x4189d313) x 6 0x0000001e
core   0: 0x800022b6 (0xff24de83) lhu     t4, -14(s1)
core   0: 3 0x800022b6 (0xff24de83) x29 0x00003e0b mem 0x80013a84
core   0: 0x800022ba (0xfd94c903) lbu     s2, -39(s1)
core   0: 3 0x800022ba (0xfd94c903) x18 0x00000020 mem 0x80013a6b
core   0: 0x800022be (0x00646033) or      zero, s0, t1
core   0: 3 0x800022be (0x00646033)
core   0: 0x800022c2 (0x02049c23) sh      zero, 56(s1)
core   0: 3 0x800022c2 (0x02049c23) mem 0x80013aca 0x0000
core   0: 0x800022c6 (0x00000ac2) c.slli  s5, 16
core   0: 3 0x800022c6 (0x0ac2) x21 0x00180000
core   0: 0x800022c8 (0x00831593) slli    a1, t1, 8
core   0: 3 0x800022c8 (0x00831593) x11 0x00001e00
core   0: 0x800022cc (0x00008d85) c.sub   a1, s1
core   0: 3 0x800022cc (0x8d85) x11 0x7ffee36e
core   0: 0x800022ce (0x00828e33) add     t3, t0, s0
core   0: 3 0x800022ce (0x00828e33) x28 0x80010969
core   0: 0x800022d2 (0x03d48c03) lb      s8, 61(s1)
core   0: 3 0x800022d2 (0x03d48c03) x24 0xffffff84 mem 0x80013acf
core   0: 0x800022d6 (0x0000717d) c.addi16sp sp, -16
core   0: 3 0x800022d6 (0x717d) x 2 0x8001048e
core   0: 0x800022d8 (0x03d75e33) divu    t3, a4, t4
core   0: 3 0x800022d8 (0x03d75e33) x28 0x0004204c
core   0: 0x800022dc (0x000081d2) c.mv    gp, s4
core   0: 3 0x800022dc (0x81d2) x 3 0x00000000
core   0: 0x800022de (0x00008c22) c.mv    s8, s0
core   0: 3 0x800022de (0x8c22) x24 0x0000002a
core   0: 0x800022e0 (0x016435b3) sltu    a1, s0, s6
core   0: 3 0x800022e0 (0x016435b3) x11 0x00000000
core   0: 0x800022e4 (0xfdc49803) lh      a6, -36(s1)
core   0: 3 0x800022e4 (0xfdc49803) x16 0x00002425 mem 0x80013a6e
core   0: 0x800022e8 (0x00600693) li      a3, 6
core   0: 3 0x800022e8 (0x00600693) x13 0x00000006
core   0: 0x800022ec (0x02ef0633) mul     a2, t5, a4
core   0: 3 0x800022ec (0x02ef0633) x12 0xf3c8f11c
core   0: 0x800022f0 (0x00689f33) sll     t5, a7, t1
core   0: 3 0x800022f0 (0x00689f33) x30 0x00000000
core   0: 0x800022f4 (0x00000001) c.nop
core   0: 3 0x800022f4 (0x0001)
core   0: 0x800022f6 (0x00009276) c.add   tp, t4
core   0: 3 0x800022f6 (0x9276) x 4 0x00003e7d
core   0: 0x800022f8 (0x039607b3) mul     a5, a2, s9
core   0: 3 0x800022f8 (0x039607b3) x15 0x741bccf0
core   0: 0x800022fc (0x01cf0733) add     a4, t5, t3
core   0: 3 0x800022fc (0x01cf0733) x14 0x0004204c
core   0: 0x80002300 (0x0000100f) fence.i
core   0: 3 0x80002300 (0x0000100f)
core   0: 0x80002304 (0x00009a7d) c.andi  a2, -1
core   0: 3 0x80002304 (0x9a7d) x12 0xf3c8f11c
core   0: 0x80002306 (0x01899833) sll     a6, s3, s8
core   0: 3 0x80002306 (0x01899833) x16 0x91ca7800
core   0: 0x8000230a (0x000016e9) c.addi  a3, -6
core   0: 3 0x8000230a (0x16e9) x13 0x00000000
core   0: 0x8000230c (0x00a00413) li      s0, 10
core   0: 3 0x8000230c (0x00a00413) x 8 0x0000000a
core   0: 0x80002310 (0x014b4b33) xor     s6, s6, s4
core   0: 3 0x80002310 (0x014b4b33) x22 0x00000000
core   0: 0x80002314 (0x01000393) li      t2, 16
core   0: 3 0x80002314 (0x01000393) x 7 0x00000010
core   0: 0x80002318 (0xe3f8a993) slti    s3, a7, -449
core   0: 3 0x80002318 (0xe3f8a993) x19 0x00000001
core   0: 0x8000231c (0x000088b9) c.andi  s1, 14
core   0: 3 0x8000231c (0x88b9) x 9 0x00000002
core   0: 0x8000231e (0x034e4933) div     s2, t3, s4
core   0: 3 0x8000231e (0x034e4933) x18 0xffffffff
core   0: 0x80002322 (0x00c6e4b3) or      s1, a3, a2
core   0: 3 0x80002322 (0x00c6e4b3) x 9 0xf3c8f11c
core   0: 0x80002326 (0x0000041d) c.addi  s0, 7
core   0: 3 0x80002326 (0x041d) x 8 0x00000011
core   0: 0x80002328 (0x02e3adb3) mulhsu  s11, t2, a4
core   0: 3 0x80002328 (0x02e3adb3) x27 0x00000000
core   0: 0x8000232c (0x720c8293) addi    t0, s9, 1824
core   0: 3 0x8000232c (0x720c8293) x 5 0x8002a404
core   0: 0x80002330 (0x000004d6) c.slli  s1, 21
core   0: 3 0x80002330 (0x04d6) x 9 0x23800000
core   0: 0x80002332 (0x0000100f) fence.i
core   0: 3 0x80002332 (0x0000100f)
core   0: 0x80002336 (0x416a5f93) srai    t6, s4, 22
core   0: 3 0x80002336 (0x416a5f93) x31 0x00000000
core   0: 0x8000233a (0x022575b3) remu    a1, a0, sp
core   0: 3 0x8000233a (0x022575b3) x11 0x0000000d
core   0: 0x8000233e (0x022d5ab3) divu    s5, s10, sp
core   0: 3 0x8000233e (0x022d5ab3) x21 0x00000001
core   0: 0x80002342 (0xfe7440e3) blt     s0, t2, pc - 32
core   0: 3 0x80002342 (0xfe7440e3)
core   0: 0x80002346 (0x01a8deb3) srl     t4, a7, s10
core   0: 3 0x80002346 (0x01a8deb3) x29 0x00000001
core   0: 0x8000234a (0x0000f6d5) c.bnez  a3, pc - 84
core   0: 3 0x8000234a (0xf6d5)
core   0: 0x8000234c (0x0000100f) fence.i
core   0: 3 0x8000234c (0x0000100f)
core   0: 0x80002350 (0x0001cd97) auipc   s11, 0x1c
core   0: 3 0x80002350 (0x0001cd97) x27 0x8001e350
core   0: 0x80002354 (0xe15d8d93) addi    s11, s11, -491
core   0: 3 0x80002354 (0xe15d8d93) x27 0x8001e165
core   0: 0x80002358 (0xc9e6ca37) lui     s4, 0xc9e6c
core   0: 3 0x80002358 (0xc9e6ca37) x20 0xc9e6c000
core   0: 0x8000235c (0xfe1d9a03) lh      s4, -31(s11)
core   0: 3 0x8000235c (0xfe1d9a03) x20 0xfffffcfd mem 0x8001e146
core   0: 0x80002360 (0x030751b3) divu    gp, a4, a6
core   0: 3 0x80002360 (0x030751b3) x 3 0x00000000
core   0: 0x80002364 (0xfd3d8583) lb      a1, -45(s11)
core   0: 3 0x80002364 (0xfd3d8583) x11 0xfffffff3 mem 0x8001e138
core   0: 0x80002368 (0x022dc903) lbu     s2, 34(s11)
core   0: 3 0x80002368 (0x022dc903) x18 0x0000003c mem 0x8001e187
core   0: 0x8000236c (0x01ddcb03) lbu     s6, 29(s11)
core   0: 3 0x8000236c (0x01ddcb03) x22 0x00000039 mem 0x8001e182
core   0: 0x80002370 (0xfcddcb03) lbu     s6, -51(s11)
core   0: 3 0x80002370 (0xfcddcb03) x22 0x000000e9 mem 0x8001e132
core   0: 0x80002374 (0x02376d33) rem     s10, a4, gp
core   0: 3 0x80002374 (0x02376d33) x26 0x0004204c
core   0: 0x80002378 (0x01f8a733) slt     a4, a7, t6
core   0: 3 0x80002378 (0x01f8a733) x14 0x00000001
core   0: 0x8000237c (0x03ad8683) lb      a3, 58(s11)
core   0: 3 0x8000237c (0x03ad8683) x13 0x00000054 mem 0x8001e19f
core   0: 0x80002380 (0x020d8f23) sb      zero, 62(s11)
core   0: 3 0x80002380 (0x020d8f23) mem 0x8001e1a3 0x0
core   0: 0x80002384 (0x013dd583) lhu     a1, 19(s11)
core   0: 3 0x80002384 (0x013dd583) x11 0x00003233 mem 0x8001e178
core   0: 0x80002388 (0xfe9d9da3) sh      s1, -5(s11)
core   0: 3 0x80002388 (0xfe9d9da3) mem 0x8001e160 0x0000
core   0: 0x8000238c (0x0000547d) c.li    s0, -1
core   0: 3 0x8000238c (0x547d) x 8 0xffffffff
core   0: 0x8000238e (0x00008db5) c.xor   a1, a3
core   0: 3 0x8000238e (0x8db5) x11 0x00003267
core   0: 0x80002390 (0x002d82a3) sb      sp, 5(s11)
core   0: 3 0x80002390 (0x002d82a3) mem 0x8001e16a 0x8e
core   0: 0x80002394 (0xfc8dcb83) lbu     s7, -56(s11)
core   0: 3 0x80002394 (0xfc8dcb83) x23 0x000000e6 mem 0x8001e12d
core   0: 0x80002398 (0x035d9103) lh      sp, 53(s11)
core   0: 3 0x80002398 (0x035d9103) x 2 0x00005051 mem 0x8001e19a
core   0: 0x8000239c (0xfcbd8d23) sb      a1, -38(s11)
core   0: 3 0x8000239c (0xfcbd8d23) mem 0x8001e13f 0x67
core   0: 0x800023a0 (0x00008d81) c.sub   a1, s0
core   0: 3 0x800023a0 (0x8d81) x11 0x00003268
core   0: 0x800023a2 (0x00005afd) c.li    s5, -1
core   0: 3 0x800023a2 (0x5afd) x21 0xffffffff
core   0: 0x800023a4 (0x00000116) c.slli  sp, 5
core   0: 3 0x800023a4 (0x0116) x 2 0x000a0a20
core   0: 0x800023a6 (0xfc8dc183) lbu     gp, -56(s11)
core   0: 3 0x800023a6 (0xfc8dc183) x 3 0x000000e6 mem 0x8001e12d
core   0: 0x800023aa (0xfe7d8783) lb      a5, -25(s11)
core   0: 3 0x800023aa (0xfe7d8783) x15 0x00000007 mem 0x8001e14c
core   0: 0x800023ae (0x01fd9ca3) sh      t6, 25(s11)
core   0: 3 0x800023ae (0x01fd9ca3) mem 0x8001e17e 0x0000
core   0: 0x800023b2 (0x016309b3) add     s3, t1, s6
core   0: 3 0x800023b2 (0x016309b3) x19 0x00000107
core   0: 0x800023b6 (0xfffddf03) lhu     t5, -1(s11)
core   0: 3 0x800023b6 (0xfffddf03) x30 0x00001e1f mem 0x8001e164
core   0: 0x800023ba (0xffbd99a3) sh      s11, -13(s11)
core   0: 3 0x800023ba (0xffbd99a3) mem 0x8001e158 0xe165
core   0: 0x800023be (0x022dc303) lbu     t1, 34(s11)
core   0: 3 0x800023be (0x022dc303) x 6 0x0000003c mem 0x8001e187
core   0: 0x800023c2 (0xff7dc783) lbu     a5, -9(s11)
core   0: 3 0x800023c2 (0xff7dc783) x15 0x00000017 mem 0x8001e15c
core   0: 0x800023c6 (0x0ff0000f) fence   iorw,iorw
core   0: 3 0x800023c6 (0x0ff0000f)
core   0: 0x800023ca (0x000001b6) c.slli  gp, 13
core   0: 3 0x800023ca (0x01b6) x 3 0x001cc000
core   0: 0x800023cc (0x007d9ca3) sh      t2, 25(s11)
core   0: 3 0x800023cc (0x007d9ca3) mem 0x8001e17e 0x0010
core   0: 0x800023d0 (0x3af93593) sltiu   a1, s2, 943
core   0: 3 0x800023d0 (0x3af93593) x11 0x00000001
core   0: 0x800023d4 (0x002dc483) lbu     s1, 2(s11)
core   0: 3 0x800023d4 (0x002dc483) x 9 0x0000001c mem 0x8001e167
core   0: 0x800023d8 (0xfecdc103) lbu     sp, -20(s11)
core   0: 3 0x800023d8 (0xfecdc103) x 2 0x0000000a mem 0x8001e151
core   0: 0x800023dc (0x0000e117) auipc   sp, 0xe
core   0: 3 0x800023dc (0x0000e117) x 2 0x800103dc
core   0: 0x800023e0 (0x67310113) addi    sp, sp, 1651
core   0: 3 0x800023e0 (0x67310113) x 2 0x80010a4f
core   0: 0x800023e4 (0x41f70333) sub     t1, a4, t6
core   0: 3 0x800023e4 (0x41f70333) x 6 0x00000001
core   0: 0x800023e8 (0x00ff2eb3) slt     t4, t5, a5
core   0: 3 0x800023e8 (0x00ff2eb3) x29 0x00000000
core   0: 0x800023ec (0xea911283) lh      t0, -343(sp)
core   0: 3 0x800023ec (0xea911283) x 5 0xffffb2b3 mem 0x800108f8
core   0: 0x800023f0 (0x0391b733) mulhu   a4, gp, s9
core   0: 3 0x800023f0 (0x0391b733) x14 0x000e604b
core   0: 0x800023f4 (0x6fb56593) ori     a1, a0, 1787
core   0: 3 0x800023f4 (0x6fb56593) x11 0x000006ff
core   0: 0x800023f8 (0x00c4d9b3) srl     s3, s1, a2
core   0: 3 0x800023f8 (0x00c4d9b3) x19 0x00000000
core   0: 0x800023fc (0x00008ded) c.and   a1, a1
core   0: 3 0x800023fc (0x8ded) x11 0x000006ff
core   0: 0x800023fe (0x49d10083) lb      ra, 1181(sp)
core   0: 3 0x800023fe (0x49d10083) x 1 0xffffffa7 mem 0x80010eec
core   0: 0x80002402 (0x18b10623) sb      a1, 396(sp)
core   0: 3 0x80002402 (0x18b10623) mem 0x80010bdb 0xff
core   0: 0x80002406 (0xb5b10323) sb      s11, -1210(sp)
core   0: 3 0x80002406 (0xb5b10323) mem 0x80010595 0x65
core   0: 0x8000240a (0x9c814a83) lbu     s5, -1592(sp)
core   0: 3 0x8000240a (0x9c814a83) x21 0x000000cc mem 0x80010417
core   0: 0x8000240e (0x51810603) lb      a2, 1304(sp)
core   0: 3 0x8000240e (0x51810603) x12 0x0000001c mem 0x80010f67
core   0: 0x80002412 (0x00c95493) srli    s1, s2, 12
core   0: 3 0x80002412 (0x00c95493) x 9 0x00000000
core   0: 0x80002416 (0x00f43fb3) sltu    t6, s0, a5
core   0: 3 0x80002416 (0x00f43fb3) x31 0x00000000
core   0: 0x8000241a (0x42111183) lh      gp, 1057(sp)
core   0: 3 0x8000241a (0x42111183) x 3 0x00002a2b mem 0x80010e70
core   0: 0x8000241e (0xa78117a3) sh      s8, -1425(sp)
core   0: 3 0x8000241e (0xa78117a3) mem 0x800104be 0x002a
core   0: 0x80002422 (0x5ca107a3) sb      a0, 1487(sp)
core   0: 3 0x80002422 (0x5ca107a3) mem 0x8001101e 0xd
core   0: 0x80002426 (0x02110583) lb      a1, 33(sp)
core   0: 3 0x80002426 (0x02110583) x11 0x0000002b mem 0x80010a70
core   0: 0x8000242a (0x022064b3) rem     s1, zero, sp
core   0: 3 0x8000242a (0x022064b3) x 9 0x00000000
core   0: 0x8000242e (0xbd110683) lb      a3, -1071(sp)
core   0: 3 0x8000242e (0xbd110683) x13 0xffffffdb mem 0x80010620
core   0: 0x80002432 (0x000088e9) c.andi  s1, 26
core   0: 3 0x80002432 (0x88e9) x 9 0x00000000
core   0: 0x80002434 (0x00000001) c.nop
core   0: 3 0x80002434 (0x0001)
core   0: 0x80002436 (0xb4c10c03) lb      s8, -1204(sp)
core   0: 3 0x80002436 (0xb4c10c03) x24 0x00000050 mem 0x8001059b
core   0: 0x8000243a (0xe4214383) lbu     t2, -446(sp)
core   0: 3 0x8000243a (0xe4214383) x 7 0x0000004a mem 0x80010891
core   0: 0x8000243e (0xa8810583) lb      a1, -1400(sp)
core   0: 3 0x8000243e (0xa8810583) x11 0xffffff8c mem 0x800104d7
core   0: 0x80002442 (0x00000ad9) c.addi  s5, 22
core   0: 3 0x80002442 (0x0ad9) x21 0x000000e2
core   0: 0x80002444 (0xf8810a83) lb      s5, -120(sp)
core   0: 3 0x80002444 (0xf8810a83) x21 0x00000000 mem 0x800109d7
core   0: 0x80002448 (0xce510e83) lb      t4, -795(sp)
core   0: 3 0x80002448 (0xce510e83) x29 0xffffffef mem 0x80010734
core   0: 0x8000244c (0xdf7fa613) slti    a2, t6, -521
core   0: 3 0x8000244c (0xdf7fa613) x12 0x00000000
core   0: 0x80002450 (0x39f52613) slti    a2, a0, 927
core   0: 3 0x80002450 (0x39f52613) x12 0x00000001
core   0: 0x80002454 (0xfc811ba3) sh      s0, -41(sp)
core   0: 3 0x80002454 (0xfc811ba3) mem 0x80010a26 0xffff
core   0: 0x80002458 (0xe5310fa3) sb      s3, -417(sp)
core   0: 3 0x80002458 (0xe5310fa3) mem 0x800108ae 0x0
core   0: 0x8000245c (0x0000e117) auipc   sp, 0xe
core   0: 3 0x8000245c (0x0000e117) x 2 0x8001045c
core   0: 0x80002460 (0x7e010113) addi    sp, sp, 2016
core   0: 3 0x80002460 (0x7e010113) x 2 0x80010c3c
core   0: 0x80002464 (0xcc210ba3) sb      sp, -809(sp)
core   0: 3 0x80002464 (0xcc210ba3) mem 0x80010913 0x3c
core   0: 0x80002468 (0xcd714e03) lbu     t3, -809(sp)
core   0: 3 0x80002468 (0xcd714e03) x28 0x0000003c mem 0x80010913
core   0: 0x8000246c (0x20314603) lbu     a2, 515(sp)
core   0: 3 0x8000246c (0x20314603) x12 0x00000080 mem 0x80010e3f
core   0: 0x80002470 (0x20314283) lbu     t0, 515(sp)
core   0: 3 0x80002470 (0x20314283) x 5 0x00000080 mem 0x80010e3f
core   0: 0x80002474 (0x20314703) lbu     a4, 515(sp)
core   0: 3 0x80002474 (0x20314703) x14 0x00000080 mem 0x80010e3f
core   0: 0x80002478 (0x20314083) lbu     ra, 515(sp)
core   0: 3 0x80002478 (0x20314083) x 1 0x00000080 mem 0x80010e3f
core   0: 0x8000247c (0x20314003) lbu     zero, 515(sp)
core   0: 3 0x8000247c (0x20314003) mem 0x80010e3f
core   0: 0x80002480 (0x20314003) lbu     zero, 515(sp)
core   0: 3 0x80002480 (0x20314003) mem 0x80010e3f
core   0: 0x80002484 (0x00c455b3) srl     a1, s0, a2
core   0: 3 0x80002484 (0x00c455b3) x11 0xffffffff
core   0: 0x80002488 (0x20314203) lbu     tp, 515(sp)
core   0: 3 0x80002488 (0x20314203) x 4 0x00000080 mem 0x80010e3f
core   0: 0x8000248c (0xfbd14e83) lbu     t4, -67(sp)
core   0: 3 0x8000248c (0xfbd14e83) x29 0x000000b2 mem 0x80010bf9
core   0: 0x80002490 (0xfbd14983) lbu     s3, -67(sp)
core   0: 3 0x80002490 (0xfbd14983) x19 0x000000b2 mem 0x80010bf9
core   0: 0x80002494 (0xfbd14303) lbu     t1, -67(sp)
core   0: 3 0x80002494 (0xfbd14303) x 6 0x000000b2 mem 0x80010bf9
core   0: 0x80002498 (0xfbd10c03) lb      s8, -67(sp)
core   0: 3 0x80002498 (0xfbd10c03) x24 0xffffffb2 mem 0x80010bf9
core   0: 0x8000249c (0xcbd10b23) sb      t4, -842(sp)
core   0: 3 0x8000249c (0xcbd10b23) mem 0x800108f2 0xb2
core   0: 0x800024a0 (0xcb615d03) lhu     s10, -842(sp)
core   0: 3 0x800024a0 (0xcb615d03) x26 0x0000a8b2 mem 0x800108f2
core   0: 0x800024a4 (0xcb614003) lbu     zero, -842(sp)
core   0: 3 0x800024a4 (0xcb614003) mem 0x800108f2
core   0: 0x800024a8 (0x00008309) c.srli  a4, 2
core   0: 3 0x800024a8 (0x8309) x14 0x00000020
core   0: 0x800024aa (0x00008471) c.srai  s0, 28
core   0: 3 0x800024aa (0x8471) x 8 0xffffffff
core   0: 0x800024ac (0x962101a3) sb      sp, -1693(sp)
core   0: 3 0x800024ac (0x962101a3) mem 0x8001059f 0x3c
core   0: 0x800024b0 (0x00008451) c.srai  s0, 20
core   0: 3 0x800024b0 (0x8451) x 8 0xffffffff
core   0: 0x800024b2 (0x96310903) lb      s2, -1693(sp)
core   0: 3 0x800024b2 (0x96310903) x18 0x0000003c mem 0x8001059f
core   0: 0x800024b6 (0x96310183) lb      gp, -1693(sp)
core   0: 3 0x800024b6 (0x96310183) x 3 0x0000003c mem 0x8001059f
core   0: 0x800024ba (0x0000eb17) auipc   s6, 0xe
core   0: 3 0x800024ba (0x0000eb17) x22 0x800104ba
core   0: 0x800024be (0xc99b0b13) addi    s6, s6, -871
core   0: 3 0x800024be (0xc99b0b13) x22 0x80010153
core   0: 0x800024c2 (0xf60b0c03) lb      s8, -160(s6)
core   0: 3 0x800024c2 (0xf60b0c03) x24 0x00000068 mem 0x800100b3
core   0: 0x800024c6 (0xf99b2003) lw      zero, -103(s6)
core   0: 3 0x800024c6 (0xf99b2003) mem 0x800100ec
core   0: 0x800024ca (0x0c4b2ca3) sw      tp, 217(s6)
core   0: 3 0x800024ca (0x0c4b2ca3) mem 0x8001022c 0x00000080
core   0: 0x800024ce (0x0b7b0923) sb      s7, 178(s6)
core   0: 3 0x800024ce (0x0b7b0923) mem 0x80010205 0xe6
core   0: 0x800024d2 (0x0000612d) c.addi16sp sp, 224
core   0: 3 0x800024d2 (0x612d) x 2 0x80010d1c
core   0: 0x800024d4 (0x0fcb2aa3) sw      t3, 245(s6)
core   0: 3 0x800024d4 (0x0fcb2aa3) mem 0x80010248 0x0000003c
core   0: 0x800024d8 (0x052b0183) lb      gp, 82(s6)
core   0: 3 0x800024d8 (0x052b0183) x 3 0x0000005e mem 0x800101a5
core   0: 0x800024dc (0x0feb0303) lb      t1, 254(s6)
core   0: 3 0x800024dc (0x0feb0303) x 6 0x0000000a mem 0x80010251
core   0: 0x800024e0 (0xfd1b2d83) lw      s11, -47(s6)
core   0: 3 0x800024e0 (0xfd1b2d83) x27 0xdcdddedf mem 0x80010124
core   0: 0x800024e4 (0xfbbb0823) sb      s11, -80(s6)
core   0: 3 0x800024e4 (0xfbbb0823) mem 0x80010103 0xdf
core   0: 0x800024e8 (0x40b35133) sra     sp, t1, a1
core   0: 3 0x800024e8 (0x40b35133) x 2 0x00000000
core   0: 0x800024ec (0xf77b1d83) lh      s11, -137(s6)
core   0: 3 0x800024ec (0xf77b1d83) x27 0xffff8081 mem 0x800100ca
core   0: 0x800024f0 (0x41e45913) srai    s2, s0, 30
core   0: 3 0x800024f0 (0x41e45913) x18 0xffffffff
core   0: 0x800024f4 (0x64572597) auipc   a1, 0x64572
core   0: 3 0x800024f4 (0x64572597) x11 0xe45744f4
core   0: 0x800024f8 (0xfc5b5d83) lhu     s11, -59(s6)
core   0: 3 0x800024f8 (0xfc5b5d83) x27 0x0000d2d3 mem 0x80010118
core   0: 0x800024fc (0x0026f9b3) and     s3, a3, sp
core   0: 3 0x800024fc (0x0026f9b3) x19 0x00000000
core   0: 0x80002500 (0x09fb4e83) lbu     t4, 159(s6)
core   0: 3 0x80002500 (0x09fb4e83) x29 0x000000a9 mem 0x800101f2
core   0: 0x80002504 (0x4172d113) srai    sp, t0, 23
core   0: 3 0x80002504 (0x4172d113) x 2 0x00000000
core   0: 0x80002508 (0xf57b1903) lh      s2, -169(s6)
core   0: 3 0x80002508 (0xf57b1903) x18 0x00006061 mem 0x800100aa
core   0: 0x8000250c (0x08fb1f83) lh      t6, 143(s6)
core   0: 3 0x8000250c (0x08fb1f83) x31 0xffff9899 mem 0x800101e2
core   0: 0x80002510 (0x039e4f33) div     t5, t3, s9
core   0: 3 0x80002510 (0x039e4f33) x30 0x00000000
core   0: 0x80002514 (0xfb9b1aa3) sh      s9, -75(s6)
core   0: 3 0x80002514 (0xfb9b1aa3) mem 0x80010108 0x9ce4
core   0: 0x80002518 (0x40588133) sub     sp, a7, t0
core   0: 3 0x80002518 (0x40588133) x 2 0x80025de4
core   0: 0x8000251c (0x050b4303) lbu     t1, 80(s6)
core   0: 3 0x8000251c (0x050b4303) x 6 0x00000058 mem 0x800101a3
core   0: 0x80002520 (0xf52b0d23) sb      s2, -166(s6)
core   0: 3 0x80002520 (0xf52b0d23) mem 0x800100ad 0x61
core   0: 0x80002524 (0x046b2ca3) sw      t1, 89(s6)
core   0: 3 0x80002524 (0x046b2ca3) mem 0x800101ac 0x00000058
core   0: 0x80002528 (0x00008bfe) c.mv    s7, t6
core   0: 3 0x80002528 (0x8bfe) x23 0xffff9899
core   0: 0x8000252a (0xf48b0e23) sb      s0, -164(s6)
core   0: 3 0x8000252a (0xf48b0e23) mem 0x800100af 0xff
core   0: 0x8000252e (0x40e981b3) sub     gp, s3, a4
core   0: 3 0x8000252e (0x40e981b3) x 3 0xffffffe0
core   0: 0x80002532 (0xf8ab4c03) lbu     s8, -118(s6)
core   0: 3 0x80002532 (0xf8ab4c03) x24 0x00000096 mem 0x800100dd
core   0: 0x80002536 (0xff7b4603) lbu     a2, -9(s6)
core   0: 3 0x80002536 (0xff7b4603) x12 0x00000001 mem 0x8001014a
core   0: 0x8000253a (0xfa6b0923) sb      t1, -78(s6)
core   0: 3 0x8000253a (0xfa6b0923) mem 0x80010105 0x58
core   0: 0x8000253e (0x039a9f33) mulh    t5, s5, s9
core   0: 3 0x8000253e (0x039a9f33) x30 0x00000000
core   0: 0x80002542 (0x02a6e933) rem     s2, a3, a0
core   0: 3 0x80002542 (0x02a6e933) x18 0xfffffff5
core   0: 0x80002546 (0x67fbb793) sltiu   a5, s7, 1663
core   0: 3 0x80002546 (0x67fbb793) x15 0x00000000
core   0: 0x8000254a (0x31553193) sltiu   gp, a0, 789
core   0: 3 0x8000254a (0x31553193) x 3 0x00000001
core   0: 0x8000254e (0x0cfb0623) sb      a5, 204(s6)
core   0: 3 0x8000254e (0x0cfb0623) mem 0x8001021f 0x0
core   0: 0x80002552 (0x021e8293) addi    t0, t4, 33
core   0: 3 0x80002552 (0x021e8293) x 5 0x000000ca
core   0: 0x80002556 (0x032b0203) lb      tp, 50(s6)
core   0: 3 0x80002556 (0x032b0203) x 4 0x0000003e mem 0x80010185
core   0: 0x8000255a (0x9362a4b7) lui     s1, 0x9362a
core   0: 3 0x8000255a (0x9362a4b7) x 9 0x9362a000
core   0: 0x8000255e (0xffdb5a83) lhu     s5, -3(s6)
core   0: 3 0x8000255e (0xffdb5a83) x21 0x00000a0b mem 0x80010150
core   0: 0x80002562 (0x419e5633) sra     a2, t3, s9
core   0: 3 0x80002562 (0x419e5633) x12 0x00000003
core   0: 0x80002566 (0x07fb0803) lb      a6, 127(s6)
core   0: 3 0x80002566 (0x07fb0803) x16 0xffffff89 mem 0x800101d2
core   0: 0x8000256a (0x1256a693) slti    a3, a3, 293
core   0: 3 0x8000256a (0x1256a693) x13 0x00000001
core   0: 0x8000256e (0x01bb4e83) lbu     t4, 27(s6)
core   0: 3 0x8000256e (0x01bb4e83) x29 0x00000025 mem 0x8001016e
core   0: 0x80002572 (0x00008f11) c.sub   a4, a2
core   0: 3 0x80002572 (0x8f11) x14 0x0000001d
core   0: 0x80002574 (0x0fab24a3) sw      s10, 233(s6)
core   0: 3 0x80002574 (0x0fab24a3) mem 0x8001023c 0x0000a8b2
core   0: 0x80002578 (0x0260066f) jal     a2, pc + 0x26
core   0: 3 0x80002578 (0x0260066f) x12 0x8000257c
core   0: 0x8000259e (0x000037ed) c.jal   pc - 22
core   0: 3 0x8000259e (0x37ed) x 1 0x800025a0
core   0: 0x80002588 (0x0000a809) c.j     pc + 18
core   0: 3 0x80002588 (0xa809)
core   0: 0x8000259a (0x00002005) c.jal   pc + 32
core   0: 3 0x8000259a (0x2005) x 1 0x8000259c
core   0: 0x800025ba (0x00003fc1) c.jal   pc - 48
core   0: 3 0x800025ba (0x3fc1) x 1 0x800025bc
core   0: 0x8000258a (0x02a000ef) jal     pc + 0x2a
core   0: 3 0x8000258a (0x02a000ef) x 1 0x8000258e
core   0: 0x800025b4 (0x00003fe5) c.jal   pc - 8
core   0: 3 0x800025b4 (0x3fe5) x 1 0x800025b6
core   0: 0x800025ac (0xff5ff0ef) jal     pc - 0xc
core   0: 3 0x800025ac (0xff5ff0ef) x 1 0x800025b0
core   0: 0x800025a0 (0x00002009) c.jal   pc + 2
core   0: 3 0x800025a0 (0x2009) x 1 0x800025a2
core   0: 0x800025a2 (0xffbff0ef) jal     pc - 0x6
core   0: 3 0x800025a2 (0xffbff0ef) x 1 0x800025a6
core   0: 0x8000259c (0x00002831) c.jal   pc + 28
core   0: 3 0x8000259c (0x2831) x 1 0x8000259e
core   0: 0x800025b8 (0x0000bff9) c.j     pc - 34
core   0: 3 0x800025b8 (0xbff9)
core   0: 0x80002596 (0x0140026f) jal     tp, pc + 0x14
core   0: 3 0x80002596 (0x0140026f) x 4 0x8000259a
core   0: 0x800025aa (0x000037ed) c.jal   pc - 22
core   0: 3 0x800025aa (0x37ed) x 1 0x800025ac
core   0: 0x80002594 (0x0000a809) c.j     pc + 18
core   0: 3 0x80002594 (0xa809)
core   0: 0x800025a6 (0xfe9ff0ef) jal     pc - 0x18
core   0: 3 0x800025a6 (0xfe9ff0ef) x 1 0x800025aa
core   0: 0x8000258e (0x0000a025) c.j     pc + 40
core   0: 3 0x8000258e (0xa025)
core   0: 0x800025b6 (0x0000bfed) c.j     pc - 6
core   0: 3 0x800025b6 (0xbfed)
core   0: 0x800025b0 (0x0000b7c5) c.j     pc - 32
core   0: 3 0x800025b0 (0xb7c5)
core   0: 0x80002590 (0xff3ff16f) jal     sp, pc - 0xe
core   0: 3 0x80002590 (0xff3ff16f) x 2 0x80002594
core   0: 0x80002582 (0x0300036f) jal     t1, pc + 0x30
core   0: 3 0x80002582 (0x0300036f) x 6 0x80002586
core   0: 0x800025b2 (0x0000b7f9) c.j     pc - 50
core   0: 3 0x800025b2 (0xb7f9)
core   0: 0x80002580 (0x00003ff5) c.jal   pc - 4
core   0: 3 0x80002580 (0x3ff5) x 1 0x80002582
core   0: 0x8000257c (0x00a000ef) jal     pc + 0xa
core   0: 3 0x8000257c (0x00a000ef) x 1 0x80002580
core   0: 0x80002586 (0x0000a81d) c.j     pc + 54
core   0: 3 0x80002586 (0xa81d)
core   0: 0x800025bc (0x00009afa) c.add   s5, t5
core   0: 3 0x800025bc (0x9afa) x21 0x00000a0b
core   0: 0x800025be (0x0000e117) auipc   sp, 0xe
core   0: 3 0x800025be (0x0000e117) x 2 0x800105be
core   0: 0x800025c2 (0x0f410113) addi    sp, sp, 244
core   0: 3 0x800025c2 (0x0f410113) x 2 0x800106b2
core   0: 0x800025c6 (0x00008409) c.srai  s0, 2
core   0: 3 0x800025c6 (0x8409) x 8 0xffffffff
core   0: 0x800025c8 (0xff510d03) lb      s10, -11(sp)
core   0: 3 0x800025c8 (0xff510d03) x26 0x0000005c mem 0x800106a7
core   0: 0x800025cc (0x00c15f83) lhu     t6, 12(sp)
core   0: 3 0x800025cc (0x00c15f83) x31 0x00007475 mem 0x800106be
core   0: 0x800025d0 (0x00611603) lh      a2, 6(sp)
core   0: 3 0x800025d0 (0x00611603) x12 0x00007273 mem 0x800106b8
core   0: 0x800025d4 (0x00714d83) lbu     s11, 7(sp)
core   0: 3 0x800025d4 (0x00714d83) x27 0x00000072 mem 0x800106b9
core   0: 0x800025d8 (0x0000100f) fence.i
core   0: 3 0x800025d8 (0x0000100f)
core   0: 0x800025dc (0xff311e23) sh      s3, -4(sp)
core   0: 3 0x800025dc (0xff311e23) mem 0x800106ae 0x0000
core   0: 0x800025e0 (0xffc15183) lhu     gp, -4(sp)
core   0: 3 0x800025e0 (0xffc15183) x 3 0x00000000 mem 0x800106ae
core   0: 0x800025e4 (0xffc15803) lhu     a6, -4(sp)
core   0: 3 0x800025e4 (0xffc15803) x16 0x00000000 mem 0x800106ae
core   0: 0x800025e8 (0xffc14203) lbu     tp, -4(sp)
core   0: 3 0x800025e8 (0xffc14203) x 4 0x00000000 mem 0x800106ae
core   0: 0x800025ec (0xff015683) lhu     a3, -16(sp)
core   0: 3 0x800025ec (0xff015683) x13 0x00005859 mem 0x800106a2
core   0: 0x800025f0 (0xfe510f23) sb      t0, -2(sp)
core   0: 3 0x800025f0 (0xfe510f23) mem 0x800106b0 0xca
core   0: 0x800025f4 (0x00110e83) lb      t4, 1(sp)
core   0: 3 0x800025f4 (0x00110e83) x29 0xffffff85 mem 0x800106b3
core   0: 0x800025f8 (0x00875833) srl     a6, a4, s0
core   0: 3 0x800025f8 (0x00875833) x16 0x00000000
core   0: 0x800025fc (0xa3146213) ori     tp, s0, -1487
core   0: 3 0x800025fc (0xa3146213) x 4 0xffffffff
core   0: 0x80002600 (0xff215303) lhu     t1, -14(sp)
core   0: 3 0x80002600 (0xff215303) x 6 0x00005e5f mem 0x800106a4
core   0: 0x80002604 (0xffd11923) sh      t4, -14(sp)
core   0: 3 0x80002604 (0xffd11923) mem 0x800106a4 0xff85
core   0: 0x80002608 (0x0000e197) auipc   gp, 0xe
core   0: 3 0x80002608 (0x0000e197) x 3 0x80010608
core   0: 0x8000260c (0x66318193) addi    gp, gp, 1635
core   0: 3 0x8000260c (0x66318193) x 3 0x80010c6b
core   0: 0x80002610 (0x0001b417) auipc   s0, 0x1b
core   0: 3 0x80002610 (0x0001b417) x 8 0x8001d610
core   0: 0x80002614 (0xc6540413) addi    s0, s0, -923
core   0: 3 0x80002614 (0xc6540413) x 8 0x8001d275
core   0: 0x80002618 (0xffb40e23) sb      s11, -4(s0)
core   0: 3 0x80002618 (0xffb40e23) mem 0x8001d271 0x72
core   0: 0x8000261c (0x00140f03) lb      t5, 1(s0)
core   0: 3 0x8000261c (0x00140f03) x30 0x0000002d mem 0x8001d276
core   0: 0x80002620 (0xff0188a3) sb      a6, -15(gp)
core   0: 3 0x80002620 (0xff0188a3) mem 0x80010c5c 0x0
core   0: 0x80002624 (0x00140003) lb      zero, 1(s0)
core   0: 3 0x80002624 (0x00140003) mem 0x8001d276
core   0: 0x80002628 (0xff618803) lb      a6, -10(gp)
core   0: 3 0x80002628 (0xff618803) x16 0x0000001a mem 0x80010c61
core   0: 0x8000262c (0xff018203) lb      tp, -16(gp)
core   0: 3 0x8000262c (0xff018203) x 4 0x00000010 mem 0x80010c5b
core   0: 0x80002630 (0xfe018b23) sb      zero, -10(gp)
core   0: 3 0x80002630 (0xfe018b23) mem 0x80010c61 0x0
core   0: 0x80002634 (0x00240e03) lb      t3, 2(s0)
core   0: 3 0x80002634 (0x00240e03) x28 0x0000002c mem 0x8001d277
core   0: 0x80002638 (0x0071c003) lbu     zero, 7(gp)
core   0: 3 0x80002638 (0x0071c003) mem 0x80010c72
core   0: 0x8000263c (0x00f18823) sb      a5, 16(gp)
core   0: 3 0x8000263c (0x00f18823) mem 0x80010c7b 0x0
core   0: 0x80002640 (0xff644083) lbu     ra, -10(s0)
core   0: 3 0x80002640 (0xff644083) x 1 0x00000020 mem 0x8001d26b
core   0: 0x80002644 (0x0000f497) auipc   s1, 0xf
core   0: 3 0x80002644 (0x0000f497) x 9 0x80011644
core   0: 0x80002648 (0x9b248493) addi    s1, s1, -1614
core   0: 3 0x80002648 (0x9b248493) x 9 0x80010ff6
core   0: 0x8000264c (0xff44c703) lbu     a4, -12(s1)
core   0: 3 0x8000264c (0xff44c703) x14 0x000000a1 mem 0x80010fea
core   0: 0x80002650 (0xfdd4cd03) lbu     s10, -35(s1)
core   0: 3 0x80002650 (0xfdd4cd03) x26 0x00000088 mem 0x80010fd3
core   0: 0x80002654 (0x03b4cd03) lbu     s10, 59(s1)
core   0: 3 0x80002654 (0x03b4cd03) x26 0x000000ea mem 0x80011031
core   0: 0x80002658 (0x00548623) sb      t0, 12(s1)
core   0: 3 0x80002658 (0x00548623) mem 0x80011002 0xca
core   0: 0x8000265c (0x01d48183) lb      gp, 29(s1)
core   0: 3 0x8000265c (0x01d48183) x 3 0xffffffc8 mem 0x80011013
core   0: 0x80002660 (0x31b91217) auipc   tp, 0x31b91
core   0: 3 0x80002660 (0x31b91217) x 4 0xb1b93660
core   0: 0x80002664 (0x03949a23) sh      s9, 52(s1)
core   0: 3 0x80002664 (0x03949a23) mem 0x8001102a 0x9ce4
core   0: 0x80002668 (0x00848b23) sb      s0, 22(s1)
core   0: 3 0x80002668 (0x00848b23) mem 0x8001100c 0x75
core   0: 0x8000266c (0xfd84d783) lhu     a5, -40(s1)
core   0: 3 0x8000266c (0xfd84d783) x15 0x00008485 mem 0x80010fce
core   0: 0x80002670 (0xfd848b83) lb      s7, -40(s1)
core   0: 3 0x80002670 (0xfd848b83) x23 0xffffff85 mem 0x80010fce
core   0: 0x80002674 (0x03948da3) sb      s9, 59(s1)
core   0: 3 0x80002674 (0x03948da3) mem 0x80011031 0xe4
core   0: 0x80002678 (0x03861a33) mulh    s4, a2, s8
core   0: 3 0x80002678 (0x03861a33) x20 0x00000000
core   0: 0x8000267c (0x00008299) c.srli  a3, 6
core   0: 3 0x8000267c (0x8299) x13 0x00000161
core   0: 0x8000267e (0x013485a3) sb      s3, 11(s1)
core   0: 3 0x8000267e (0x013485a3) mem 0x80011001 0x0
core   0: 0x80002682 (0x0000147d) c.addi  s0, -1
core   0: 3 0x80002682 (0x147d) x 8 0x8001d274
core   0: 0x80002684 (0x011485a3) sb      a7, 11(s1)
core   0: 3 0x80002684 (0x011485a3) mem 0x80011001 0x64
core   0: 0x80002688 (0xffe4d603) lhu     a2, -2(s1)
core   0: 3 0x80002688 (0xffe4d603) x12 0x0000aeaf mem 0x80010ff4
core   0: 0x8000268c (0x0000fd17) auipc   s10, 0xf
core   0: 3 0x8000268c (0x0000fd17) x26 0x8001168c
core   0: 0x80002690 (0xe19d0d13) addi    s10, s10, -487
core   0: 3 0x80002690 (0xe19d0d13) x26 0x800114a5
core   0: 0x80002694 (0x02cad433) divu    s0, s5, a2
core   0: 3 0x80002694 (0x02cad433) x 8 0x00000000
core   0: 0x80002698 (0x00009a22) c.add   s4, s0
core   0: 3 0x80002698 (0x9a22) x20 0x00000000
core   0: 0x8000269a (0x4d5fef93) ori     t6, t6, 1237
core   0: 3 0x8000269a (0x4d5fef93) x31 0x000074f5
core   0: 0x8000269e (0xd6ca6f93) ori     t6, s4, -660
core   0: 3 0x8000269e (0xd6ca6f93) x31 0xfffffd6c
core   0: 0x800026a2 (0x6e5d1403) lh      s0, 1765(s10)
core   0: 3 0x800026a2 (0x6e5d1403) x 8 0x00004041 mem 0x80011b8a
core   0: 0x800026a6 (0x5e8d21a3) sw      s0, 1507(s10)
core   0: 3 0x800026a6 (0x5e8d21a3) mem 0x80011a88 0x00004041
core   0: 0x800026aa (0x004d0f83) lb      t6, 4(s10)
core   0: 3 0x800026aa (0x004d0f83) x31 0x00000062 mem 0x800114a9
core   0: 0x800026ae (0x6b7fea13) ori     s4, t6, 1719
core   0: 3 0x800026ae (0x6b7fea13) x20 0x000006f7
core   0: 0x800026b2 (0x00008a55) c.andi  a2, 21
core   0: 3 0x800026b2 (0x8a55) x12 0x00000005
core   0: 0x800026b4 (0x016a9a13) slli    s4, s5, 22
core   0: 3 0x800026b4 (0x016a9a13) x20 0x82c00000
core   0: 0x800026b8 (0x52ed4f83) lbu     t6, 1326(s10)
core   0: 3 0x800026b8 (0x52ed4f83) x31 0x00000088 mem 0x800119d3
core   0: 0x800026bc (0x401adf93) srai    t6, s5, 1
core   0: 3 0x800026bc (0x401adf93) x31 0x00000505
core   0: 0x800026c0 (0x003ddd93) srli    s11, s11, 3
core   0: 3 0x800026c0 (0x003ddd93) x27 0x0000000e
core   0: 0x800026c4 (0x00ed4f83) lbu     t6, 14(s10)
core   0: 3 0x800026c4 (0x00ed4f83) x31 0x00000068 mem 0x800114b3
core   0: 0x800026c8 (0x7f5d0a23) sb      s5, 2036(s10)
core   0: 3 0x800026c8 (0x7f5d0a23) mem 0x80011c99 0xb
core   0: 0x800026cc (0xddbd0223) sb      s11, -572(s10)
core   0: 3 0x800026cc (0xddbd0223) mem 0x80011269 0xe
core   0: 0x800026d0 (0xcbdd4a83) lbu     s5, -835(s10)
core   0: 3 0x800026d0 (0xcbdd4a83) x21 0x00000019 mem 0x80011162
core   0: 0x800026d4 (0x00000001) c.nop
core   0: 3 0x800026d4 (0x0001)
core   0: 0x800026d6 (0x00000a3d) c.addi  s4, 15
core   0: 3 0x800026d6 (0x0a3d) x20 0x82c0000f
core   0: 0x800026d8 (0x7b5d1603) lh      a2, 1973(s10)
core   0: 3 0x800026d8 (0x7b5d1603) x12 0x00001011 mem 0x80011c5a
core   0: 0x800026dc (0xcccd2fa3) sw      a2, -801(s10)
core   0: 3 0x800026dc (0xcccd2fa3) mem 0x80011184 0x00001011
core   0: 0x800026e0 (0x38ed4403) lbu     s0, 910(s10)
core   0: 3 0x800026e0 (0x38ed4403) x 8 0x000000e8 mem 0x80011833
core   0: 0x800026e4 (0x725d5a83) lhu     s5, 1829(s10)
core   0: 3 0x800026e4 (0x725d5a83) x21 0x00008081 mem 0x80011bca
core   0: 0x800026e8 (0xde9dcd93) xori    s11, s11, -535
core   0: 3 0x800026e8 (0xde9dcd93) x27 0xfffffde7
core   0: 0x800026ec (0x0ff0000f) fence   iorw,iorw
core   0: 3 0x800026ec (0x0ff0000f)
core   0: 0x800026f0 (0x7ced4d83) lbu     s11, 1998(s10)
core   0: 3 0x800026f0 (0x7ced4d83) x27 0x00000028 mem 0x80011c73
core   0: 0x800026f4 (0x01542db3) slt     s11, s0, s5
core   0: 3 0x800026f4 (0x01542db3) x27 0x00000001
core   0: 0x800026f8 (0xc75d0123) sb      s5, -926(s10)
core   0: 3 0x800026f8 (0xc75d0123) mem 0x80011107 0x81
core   0: 0x800026fc (0xea5d5403) lhu     s0, -347(s10)
core   0: 3 0x800026fc (0xea5d5403) x 8 0x00000001 mem 0x8001134a
core   0: 0x80002700 (0x011f9a93) slli    s5, t6, 17
core   0: 3 0x80002700 (0x011f9a93) x21 0x00d00000
core   0: 0x80002704 (0xdbfd2d83) lw      s11, -577(s10)
core   0: 3 0x80002704 (0xdbfd2d83) x27 0x1c1d1e1f mem 0x80011264
core   0: 0x80002708 (0x574d09a3) sb      s4, 1395(s10)
core   0: 3 0x80002708 (0x574d09a3) mem 0x80011a18 0xf
core   0: 0x8000270c (0x00009a52) c.add   s4, s4
core   0: 3 0x8000270c (0x9a52) x20 0x0580001e
core   0: 0x8000270e (0x415d0e23) sb      s5, 1052(s10)
core   0: 3 0x8000270e (0x415d0e23) mem 0x800118c1 0x0
core   0: 0x80002712 (0xcaed4403) lbu     s0, -850(s10)
core   0: 3 0x80002712 (0xcaed4403) x 8 0x00000008 mem 0x80011153
core   0: 0x80002716 (0xecdd1a03) lh      s4, -307(s10)
core   0: 3 0x80002716 (0xecdd1a03) x20 0x00002829 mem 0x80011372
core   0: 0x8000271a (0x00008c21) c.xor   s0, s0
core   0: 3 0x8000271a (0x8c21) x 8 0x00000000
core   0: 0x8000271c (0x1ec47d93) andi    s11, s0, 492
core   0: 3 0x8000271c (0x1ec47d93) x27 0x00000000
core   0: 0x80002720 (0x03565a33) divu    s4, a2, s5
core   0: 3 0x80002720 (0x03565a33) x20 0x00000000
core   0: 0x80002724 (0xc3bd1403) lh      s0, -965(s10)
core   0: 3 0x80002724 (0xc3bd1403) x 8 0xffff9a9b mem 0x800110e0
core   0: 0x80002728 (0x00008e71) c.and   a2, a2
core   0: 3 0x80002728 (0x8e71) x12 0x00001011
core   0: 0x8000272a (0xf44d0f83) lb      t6, -188(s10)
core   0: 3 0x8000272a (0xf44d0f83) x31 0xffffffa2 mem 0x800113e9
core   0: 0x8000272e (0x295d1da3) sh      s5, 667(s10)
core   0: 3 0x8000272e (0x295d1da3) mem 0x80011740 0x0000
core   0: 0x80002732 (0x008a5a33) srl     s4, s4, s0
core   0: 3 0x80002732 (0x008a5a33) x20 0x00000000
core   0: 0x80002736 (0x01563433) sltu    s0, a2, s5
core   0: 3 0x80002736 (0x01563433) x 8 0x00000001
core   0: 0x8000273a (0x0000847e) c.mv    s0, t6
core   0: 3 0x8000273a (0x847e) x 8 0xffffffa2
core   0: 0x8000273c (0x308d0723) sb      s0, 782(s10)
core   0: 3 0x8000273c (0x308d0723) mem 0x800117b3 0xa2
core   0: 0x80002740 (0x0000ee17) auipc   t3, 0xe
core   0: 3 0x80002740 (0x0000ee17) x28 0x80010740
core   0: 0x80002744 (0x699e0e13) addi    t3, t3, 1689
core   0: 3 0x80002744 (0x699e0e13) x28 0x80010dd9
core   0: 0x80002748 (0x09ee0183) lb      gp, 158(t3)
core   0: 3 0x80002748 (0x09ee0183) x 3 0x0000002c mem 0x80010e77
core   0: 0x8000274c (0xf21e0b23) sb      ra, -202(t3)
core   0: 3 0x8000274c (0xf21e0b23) mem 0x80010d0f 0x20
core   0: 0x80002750 (0x7dffcd13) xori    s10, t6, 2015
core   0: 3 0x80002750 (0x7dffcd13) x26 0xfffff87d
core   0: 0x80002754 (0xf36e4e83) lbu     t4, -202(t3)
core   0: 3 0x80002754 (0xf36e4e83) x29 0x00000020 mem 0x80010d0f
core   0: 0x80002758 (0xf82e0803) lb      a6, -126(t3)
core   0: 3 0x80002758 (0xf82e0803) x16 0x00000010 mem 0x80010d5b
core   0: 0x8000275c (0x00008f15) c.sub   a4, a3
core   0: 3 0x8000275c (0x8f15) x14 0xffffff40
core   0: 0x8000275e (0xf82e0103) lb      sp, -126(t3)
core   0: 3 0x8000275e (0xf82e0103) x 2 0x00000010 mem 0x80010d5b
core   0: 0x80002762 (0x031e2fa3) sw      a7, 63(t3)
core   0: 3 0x80002762 (0x031e2fa3) mem 0x80010e18 0x80025e64
core   0: 0x80002766 (0x0ff0000f) fence   iorw,iorw
core   0: 3 0x80002766 (0x0ff0000f)
core   0: 0x8000276a (0x03fe0f03) lb      t5, 63(t3)
core   0: 3 0x8000276a (0x03fe0f03) x30 0x00000064 mem 0x80010e18
core   0: 0x8000276e (0x03fe2c03) lw      s8, 63(t3)
core   0: 3 0x8000276e (0x03fe2c03) x24 0x80025e64 mem 0x80010e18
core   0: 0x80002772 (0x03fe2803) lw      a6, 63(t3)
core   0: 3 0x80002772 (0x03fe2803) x16 0x80025e64 mem 0x80010e18
core   0: 0x80002776 (0x02f84f33) div     t5, a6, a5
core   0: 3 0x80002776 (0x02f84f33) x30 0xffff08c0
core   0: 0x8000277a (0xf94eba37) lui     s4, 0xf94eb
core   0: 3 0x8000277a (0xf94eba37) x20 0xf94eb000
core   0: 0x8000277e (0x03fe0203) lb      tp, 63(t3)
core   0: 3 0x8000277e (0x03fe0203) x 4 0x00000064 mem 0x80010e18
core   0: 0x80002782 (0xa9014d13) xori    s10, sp, -1392
core   0: 3 0x80002782 (0xa9014d13) x26 0xfffffa80
core   0: 0x80002786 (0x00890333) add     t1, s2, s0
core   0: 3 0x80002786 (0x00890333) x 6 0xffffff97
core   0: 0x8000278a (0x03fe1f03) lh      t5, 63(t3)
core   0: 3 0x8000278a (0x03fe1f03) x30 0x00005e64 mem 0x80010e18
core   0: 0x8000278e (0x020e0783) lb      a5, 32(t3)
core   0: 3 0x8000278e (0x020e0783) x15 0xffffffb2 mem 0x80010df9
core   0: 0x80002792 (0x0000e497) auipc   s1, 0xe
core   0: 3 0x80002792 (0x0000e497) x 9 0x80010792
core   0: 0x80002796 (0x3cc48493) addi    s1, s1, 972
core   0: 3 0x80002796 (0x3cc48493) x 9 0x80010b5e
core   0: 0x8000279a (0x005cc2b3) xor     t0, s9, t0
core   0: 3 0x8000279a (0x005cc2b3) x 5 0x80029c2e
core   0: 0x8000279e (0xfcc48283) lb      t0, -52(s1)
core   0: 3 0x8000279e (0xfcc48283) x 5 0x00000045 mem 0x80010b2a
core   0: 0x800027a2 (0x02315333) divu    t1, sp, gp
core   0: 3 0x800027a2 (0x02315333) x 6 0x00000000
core   0: 0x800027a6 (0x05548103) lb      sp, 85(s1)
core   0: 3 0x800027a6 (0x05548103) x 2 0x00000068 mem 0x80010bb3
core   0: 0x800027aa (0x01599e13) slli    t3, s3, 21
core   0: 3 0x800027aa (0x01599e13) x28 0x00000000
core   0: 0x800027ae (0x00009bfe) c.add   s7, t6
core   0: 3 0x800027ae (0x9bfe) x23 0xffffff27
core   0: 0x800027b0 (0x00535133) srl     sp, t1, t0
core   0: 3 0x800027b0 (0x00535133) x 2 0x00000000
core   0: 0x800027b4 (0xfa2487a3) sb      sp, -81(s1)
core   0: 3 0x800027b4 (0xfa2487a3) mem 0x80010b0d 0x0
core   0: 0x800027b8 (0xf9948e03) lb      t3, -103(s1)
core   0: 3 0x800027b8 (0xf9948e03) x28 0xffffffac mem 0x80010af7
core   0: 0x800027bc (0x09048783) lb      a5, 144(s1)
core   0: 3 0x800027bc (0x09048783) x15 0xffffffa5 mem 0x80010bee
core   0: 0x800027c0 (0x0a0482a3) sb      zero, 165(s1)
core   0: 3 0x800027c0 (0x0a0482a3) mem 0x80010c03 0x0
core   0: 0x800027c4 (0x01329f93) slli    t6, t0, 19
core   0: 3 0x800027c4 (0x01329f93) x31 0x02280000
core   0: 0x800027c8 (0x02978d17) auipc   s10, 0x2978
core   0: 3 0x800027c8 (0x02978d17) x26 0x8297a7c8
core   0: 0x800027cc (0x0104fd33) and     s10, s1, a6
core   0: 3 0x800027cc (0x0104fd33) x26 0x80000a44
core   0: 0x800027d0 (0x00008f99) c.sub   a5, a4
core   0: 3 0x800027d0 (0x8f99) x15 0x00000065
core   0: 0x800027d2 (0x00008311) c.srli  a4, 4
core   0: 3 0x800027d2 (0x8311) x14 0x0ffffff4
core   0: 0x800027d4 (0xf694c683) lbu     a3, -151(s1)
core   0: 3 0x800027d4 (0xf694c683) x13 0x0000007c mem 0x80010ac7
core   0: 0x800027d8 (0x028e6a33) rem     s4, t3, s0
core   0: 3 0x800027d8 (0x028e6a33) x20 0xffffffac
core   0: 0x800027dc (0xf35481a3) sb      s5, -221(s1)
core   0: 3 0x800027dc (0xf35481a3) mem 0x80010a81 0x0
core   0: 0x800027e0 (0xdacf8313) addi    t1, t6, -596
core   0: 3 0x800027e0 (0xdacf8313) x 6 0x0227fdac
core   0: 0x800027e4 (0xfcd48223) sb      a3, -60(s1)
core   0: 3 0x800027e4 (0xfcd48223) mem 0x80010b22 0x7c
core   0: 0x800027e8 (0xf4f48403) lb      s0, -177(s1)
core   0: 3 0x800027e8 (0xf4f48403) x 8 0x00000066 mem 0x80010aad
core   0: 0x800027ec (0x0ec48103) lb      sp, 236(s1)
core   0: 3 0x800027ec (0x0ec48103) x 2 0x00000001 mem 0x80010c4a
core   0: 0x800027f0 (0x0a648983) lb      s3, 166(s1)
core   0: 3 0x800027f0 (0x0a648983) x19 0xffffffbf mem 0x80010c04
core   0: 0x800027f4 (0xf0e4d383) lhu     t2, -242(s1)
core   0: 3 0x800027f4 (0xf0e4d383) x 7 0x00002627 mem 0x80010a6c
core   0: 0x800027f8 (0x00008591) c.srai  a1, 4
core   0: 3 0x800027f8 (0x8591) x11 0xfe45744f
core   0: 0x800027fa (0xf6348903) lb      s2, -157(s1)
core   0: 3 0x800027fa (0xf6348903) x18 0x0000007a mem 0x80010ac1
core   0: 0x800027fe (0x0704c583) lbu     a1, 112(s1)
core   0: 3 0x800027fe (0x0704c583) x11 0x00000085 mem 0x80010bce
core   0: 0x80002802 (0x00000001) c.nop
core   0: 3 0x80002802 (0x0001)
core   0: 0x80002804 (0x00008e85) c.sub   a3, s1
core   0: 3 0x80002804 (0x8e85) x13 0x7ffef51e
core   0: 0x80002806 (0x000081bd) c.srli  a1, 15
core   0: 3 0x80002806 (0x81bd) x11 0x00000000
core   0: 0x80002808 (0xf894cd83) lbu     s11, -119(s1)
core   0: 3 0x80002808 (0xf894cd83) x27 0x0000009c mem 0x80010ae7
core   0: 0x8000280c (0x00008f95) c.sub   a5, a3
core   0: 3 0x8000280c (0x8f95) x15 0x80010b47
core   0: 0x8000280e (0x00008442) c.mv    s0, a6
core   0: 3 0x8000280e (0x8442) x 8 0x80025e64
core   0: 0x80002810 (0xf474c303) lbu     t1, -185(s1)
core   0: 3 0x80002810 (0xf474c303) x 6 0x0000005e mem 0x80010aa5
core   0: 0x80002814 (0x6877af13) slti    t5, a5, 1671
core   0: 3 0x80002814 (0x6877af13) x30 0x00000001
core   0: 0x80002818 (0x0a9489a3) sb      s1, 179(s1)
core   0: 3 0x80002818 (0x0a9489a3) mem 0x80010c11 0x5e
core   0: 0x8000281c (0x0a34c683) lbu     a3, 163(s1)
core   0: 3 0x8000281c (0x0a34c683) x13 0x000000ba mem 0x80010c01
core   0: 0x80002820 (0x00006c15) c.lui   s8, 0x5
core   0: 3 0x80002820 (0x6c15) x24 0x00005000
core   0: 0x80002822 (0xf34484a3) sb      s4, -215(s1)
core   0: 3 0x80002822 (0xf34484a3) mem 0x80010a87 0xac
core   0: 0x80002826 (0x00008266) c.mv    tp, s9
core   0: 3 0x80002826 (0x8266) x 4 0x80029ce4
core   0: 0x80002828 (0xf774c083) lbu     ra, -137(s1)
core   0: 3 0x80002828 (0xf774c083) x 1 0x0000008e mem 0x80010ad5
core   0: 0x8000282c (0x03e49323) sh      t5, 38(s1)
core   0: 3 0x8000282c (0x03e49323) mem 0x80010b84 0x0001
core   0: 0x80002830 (0xff749f23) sh      s7, -2(s1)
core   0: 3 0x80002830 (0xff749f23) mem 0x80010b5c 0xff27
core   0: 0x80002834 (0xf9d48ba3) sb      t4, -105(s1)
core   0: 3 0x80002834 (0xf9d48ba3) mem 0x80010af5 0x20
core   0: 0x80002838 (0x01e4dd03) lhu     s10, 30(s1)
core   0: 3 0x80002838 (0x01e4dd03) x26 0x00003637 mem 0x80010b7c
core   0: 0x8000283c (0x00000001) c.nop
core   0: 3 0x8000283c (0x0001)
core   0: 0x8000283e (0x0216eeb3) rem     t4, a3, ra
core   0: 3 0x8000283e (0x0216eeb3) x29 0x0000002c
core   0: 0x80002842 (0xf8b49423) sh      a1, -120(s1)
core   0: 3 0x80002842 (0xf8b49423) mem 0x80010ae6 0x0000
core   0: 0x80002846 (0xfcd48983) lb      s3, -51(s1)
core   0: 3 0x80002846 (0xfcd48983) x19 0xffffffe0 mem 0x80010b2b
core   0: 0x8000284a (0x00acd1b3) srl     gp, s9, a0
core   0: 3 0x8000284a (0x00acd1b3) x 3 0x00040014
core   0: 0x8000284e (0x010460b3) or      ra, s0, a6
core   0: 3 0x8000284e (0x010460b3) x 1 0x80025e64
core   0: 0x80002852 (0xf4c48e23) sb      a2, -164(s1)
core   0: 3 0x80002852 (0xf4c48e23) mem 0x80010aba 0x11
core   0: 0x80002856 (0x0001db17) auipc   s6, 0x1d
core   0: 3 0x80002856 (0x0001db17) x22 0x8001f856
core   0: 0x8000285a (0xa1eb0b13) addi    s6, s6, -1506
core   0: 3 0x8000285a (0xa1eb0b13) x22 0x8001f274
core   0: 0x8000285e (0x0000e117) auipc   sp, 0xe
core   0: 3 0x8000285e (0x0000e117) x 2 0x8001085e
core   0: 0x80002862 (0x7bd10113) addi    sp, sp, 1981
core   0: 3 0x80002862 (0x7bd10113) x 2 0x8001101b
core   0: 0x80002866 (0x011b4003) lbu     zero, 17(s6)
core   0: 3 0x80002866 (0x011b4003) mem 0x8001f285
core   0: 0x8000286a (0x039b4a83) lbu     s5, 57(s6)
core   0: 3 0x8000286a (0x039b4a83) x21 0x00000066 mem 0x8001f2ad
core   0: 0x8000286e (0x00c10603) lb      a2, 12(sp)
core   0: 3 0x8000286e (0x00c10603) x12 0xffffffdc mem 0x80011027
core   0: 0x80002872 (0xff515f83) lhu     t6, -11(sp)
core   0: 3 0x80002872 (0xff515f83) x31 0x0000cacb mem 0x80011010
core   0: 0x80002876 (0xfe5b4683) lbu     a3, -27(s6)
core   0: 3 0x80002876 (0xfe5b4683) x13 0x00000012 mem 0x8001f259
core   0: 0x8000287a (0x03bb1d23) sh      s11, 58(s6)
core   0: 3 0x8000287a (0x03bb1d23) mem 0x8001f2ae 0x009c
core   0: 0x8000287e (0x019b0123) sb      s9, 2(s6)
core   0: 3 0x8000287e (0x019b0123) mem 0x8001f276 0xe4
core   0: 0x80002882 (0xff910a23) sb      s9, -12(sp)
core   0: 3 0x80002882 (0xff910a23) mem 0x8001100f 0xe4
core   0: 0x80002886 (0x016110a3) sh      s6, 1(sp)
core   0: 3 0x80002886 (0x016110a3) mem 0x8001101c 0xf274
core   0: 0x8000288a (0xff511903) lh      s2, -11(sp)
core   0: 3 0x8000288a (0xff511903) x18 0xffffcacb mem 0x80011010
core   0: 0x8000288e (0x02db0c03) lb      s8, 45(s6)
core   0: 3 0x8000288e (0x02db0c03) x24 0x0000005a mem 0x8001f2a1
core   0: 0x80002892 (0x0220066f) jal     a2, pc + 0x22
core   0: 3 0x80002892 (0x0220066f) x12 0x80002896
core   0: 0x800028b4 (0x000037f5) c.jal   pc - 20
core   0: 3 0x800028b4 (0x37f5) x 1 0x800028b6
core   0: 0x800028a0 (0x00003fed) c.jal   pc - 6
core   0: 3 0x800028a0 (0x3fed) x 1 0x800028a2
core   0: 0x8000289a (0x0000a011) c.j     pc + 4
core   0: 3 0x8000289a (0xa011)
core   0: 0x8000289e (0x00002031) c.jal   pc + 12
core   0: 3 0x8000289e (0x2031) x 1 0x800028a0
core   0: 0x800028aa (0x0000a801) c.j     pc + 16
core   0: 3 0x800028aa (0xa801)
core   0: 0x800028ba (0x0000b7f5) c.j     pc - 20
core   0: 3 0x800028ba (0xb7f5)
core   0: 0x800028a6 (0xff1ff0ef) jal     pc - 0x10
core   0: 3 0x800028a6 (0xff1ff0ef) x 1 0x800028aa
core   0: 0x80002896 (0x0000a821) c.j     pc + 24
core   0: 3 0x80002896 (0xa821)
core   0: 0x800028ae (0x00002029) c.jal   pc + 10
core   0: 3 0x800028ae (0x2029) x 1 0x800028b0
core   0: 0x800028b8 (0x00003ffd) c.jal   pc - 2
core   0: 3 0x800028b8 (0x3ffd) x 1 0x800028ba
core   0: 0x800028b6 (0x0000bfdd) c.j     pc - 10
core   0: 3 0x800028b6 (0xbfdd)
core   0: 0x800028ac (0x0000b7f5) c.j     pc - 20
core   0: 3 0x800028ac (0xb7f5)
core   0: 0x80002898 (0x0000a031) c.j     pc + 12
core   0: 3 0x80002898 (0xa031)
core   0: 0x800028a4 (0x00002031) c.jal   pc + 12
core   0: 3 0x800028a4 (0x2031) x 1 0x800028a6
core   0: 0x800028b0 (0xfedffdef) jal     s11, pc - 0x14
core   0: 3 0x800028b0 (0xfedffdef) x27 0x800028b4
core   0: 0x8000289c (0x0000a019) c.j     pc + 6
core   0: 3 0x8000289c (0xa019)
core   0: 0x800028a2 (0x00002829) c.jal   pc + 26
core   0: 3 0x800028a2 (0x2829) x 1 0x800028a4
core   0: 0x800028bc (0x00965413) srli    s0, a2, 9
core   0: 3 0x800028bc (0x00965413) x 8 0x00400014
core   0: 0x800028c0 (0x0000e417) auipc   s0, 0xe
core   0: 3 0x800028c0 (0x0000e417) x 8 0x800108c0
core   0: 0x800028c4 (0x32140413) addi    s0, s0, 801
core   0: 3 0x800028c4 (0x32140413) x 8 0x80010be1
core   0: 0x800028c8 (0x0001d817) auipc   a6, 0x1d
core   0: 3 0x800028c8 (0x0001d817) x16 0x8001f8c8
core   0: 0x800028cc (0x8e080813) addi    a6, a6, -1824
core   0: 3 0x800028cc (0x8e080813) x16 0x8001f1a8
core   0: 0x800028d0 (0xf3180e03) lb      t3, -207(a6)
core   0: 3 0x800028d0 (0xf3180e03) x28 0xffffff92 mem 0x8001f0d9
core   0: 0x800028d4 (0x02184003) lbu     zero, 33(a6)
core   0: 3 0x800028d4 (0x02184003) mem 0x8001f1c9
core   0: 0x800028d8 (0x02a40423) sb      a0, 40(s0)
core   0: 3 0x800028d8 (0x02a40423) mem 0x80010c09 0xd
core   0: 0x800028dc (0x0a184583) lbu     a1, 161(a6)
core   0: 3 0x800028dc (0x0a184583) x11 0x00000002 mem 0x8001f249
core   0: 0x800028e0 (0x04144603) lbu     a2, 65(s0)
core   0: 3 0x800028e0 (0x04144603) x12 0x000000d9 mem 0x80010c22
core   0: 0x800028e4 (0x04940223) sb      s1, 68(s0)
core   0: 3 0x800028e4 (0x04940223) mem 0x80010c25 0x5e
core   0: 0x800028e8 (0xf9c85783) lhu     a5, -100(a6)
core   0: 3 0x800028e8 (0xf9c85783) x15 0x0000feff mem 0x8001f144
core   0: 0x800028ec (0x05280c03) lb      s8, 82(a6)
core   0: 3 0x800028ec (0x05280c03) x24 0xffffffb1 mem 0x8001f1fa
core   0: 0x800028f0 (0xff640a83) lb      s5, -10(s0)
core   0: 3 0x800028f0 (0xff640a83) x21 0xffffff8c mem 0x80010bd7
core   0: 0x800028f4 (0x0e684983) lbu     s3, 230(a6)
core   0: 3 0x800028f4 (0x0e684983) x19 0x00000045 mem 0x8001f28e
core   0: 0x800028f8 (0xfb840223) sb      s8, -92(s0)
core   0: 3 0x800028f8 (0xfb840223) mem 0x80010b85 0xb1
core   0: 0x800028fc (0x0d9412a3) sh      s9, 197(s0)
core   0: 3 0x800028fc (0x0d9412a3) mem 0x80010ca6 0x9ce4
core   0: 0x80002900 (0x0bc44003) lbu     zero, 188(s0)
core   0: 3 0x80002900 (0x0bc44003) mem 0x80010c9d
core   0: 0x80002904 (0xf0f44303) lbu     t1, -241(s0)
core   0: 3 0x80002904 (0xf0f44303) x 6 0x00000075 mem 0x80010af0
core   0: 0x80002908 (0xfb640223) sb      s6, -92(s0)
core   0: 3 0x80002908 (0xfb640223) mem 0x80010b85 0x74
core   0: 0x8000290c (0xf3c80183) lb      gp, -196(a6)
core   0: 3 0x8000290c (0xf3c80183) x 3 0xffffff9f mem 0x8001f0e4
core   0: 0x80002910 (0x0000ee97) auipc   t4, 0xe
core   0: 3 0x80002910 (0x0000ee97) x29 0x80010910
core   0: 0x80002914 (0xf29e8e93) addi    t4, t4, -215
core   0: 3 0x80002914 (0xf29e8e93) x29 0x80010839
core   0: 0x80002918 (0xf30e8d83) lb      s11, -208(t4)
core   0: 3 0x80002918 (0xf30e8d83) x27 0x00000022 mem 0x80010769
core   0: 0x8000291c (0x0000ee17) auipc   t3, 0xe
core   0: 3 0x8000291c (0x0000ee17) x28 0x8001091c
core   0: 0x80002920 (0x594e0e13) addi    t3, t3, 1428
core   0: 3 0x80002920 (0x594e0e13) x28 0x80010eb0
core   0: 0x80002924 (0xf87e9283) lh      t0, -121(t4)
core   0: 3 0x80002924 (0xf87e9283) x 5 0x00000003 mem 0x800107c0
core   0: 0x80002928 (0xf61e8523) sb      ra, -150(t4)
core   0: 3 0x80002928 (0xf61e8523) mem 0x800107a3 0xa4
core   0: 0x8000292c (0x0000d397) auipc   t2, 0xd
core   0: 3 0x8000292c (0x0000d397) x 7 0x8000f92c
core   0: 0x80002930 (0x77038393) addi    t2, t2, 1904
core   0: 3 0x80002930 (0x77038393) x 7 0x8001009c
core   0: 0x80002934 (0x03ee8283) lb      t0, 62(t4)
core   0: 3 0x80002934 (0x03ee8283) x 5 0x0000002c mem 0x80010877
core   0: 0x80002938 (0x0013c903) lbu     s2, 1(t2)
core   0: 3 0x80002938 (0x0013c903) x18 0x00000056 mem 0x8001009d
core   0: 0x8000293c (0x02ce0583) lb      a1, 44(t3)
core   0: 3 0x8000293c (0x02ce0583) x11 0xffffff97 mem 0x80010edc
core   0: 0x80002940 (0x01a3da03) lhu     s4, 26(t2)
core   0: 3 0x80002940 (0x01a3da03) x20 0x00006c6d mem 0x800100b6
core   0: 0x80002944 (0xfc6e0923) sb      t1, -46(t3)
core   0: 3 0x80002944 (0xfc6e0923) mem 0x80010e82 0x75
core   0: 0x80002948 (0x0000eb97) auipc   s7, 0xe
core   0: 3 0x80002948 (0x0000eb97) x23 0x80010948
core   0: 0x8000294c (0x148b8b93) addi    s7, s7, 328
core   0: 3 0x8000294c (0x148b8b93) x23 0x80010a90
core   0: 0x80002950 (0x007b9623) sh      t2, 12(s7)
core   0: 3 0x80002950 (0x007b9623) mem 0x80010a9c 0x009c
core   0: 0x80002954 (0xfd338183) lb      gp, -45(t2)
core   0: 3 0x80002954 (0xfd338183) x 3 0x00000024 mem 0x8001006f
core   0: 0x80002958 (0xffa39103) lh      sp, -6(t2)
core   0: 3 0x80002958 (0xffa39103) x 2 0x00004c69 mem 0x80010096
core   0: 0x8000295c (0xfd8e2303) lw      t1, -40(t3)
core   0: 3 0x8000295c (0xfd8e2303) x 6 0x40414243 mem 0x80010e88
core   0: 0x80002960 (0x002b83a3) sb      sp, 7(s7)
core   0: 3 0x80002960 (0x002b83a3) mem 0x80010a97 0x69
core   0: 0x80002964 (0x02fe0183) lb      gp, 47(t3)
core   0: 3 0x80002964 (0x02fe0183) x 3 0xffffff94 mem 0x80010edf
core   0: 0x80002968 (0x013b82a3) sb      s3, 5(s7)
core   0: 3 0x80002968 (0x013b82a3) mem 0x80010a95 0x45
core   0: 0x8000296c (0xfc239f03) lh      t5, -62(t2)
core   0: 3 0x8000296c (0xfc239f03) x30 0x00001415 mem 0x8001005e
core   0: 0x80002970 (0x01638203) lb      tp, 22(t2)
core   0: 3 0x80002970 (0x01638203) x 4 0x00000069 mem 0x800100b2
core   0: 0x80002974 (0x0bfe8123) sb      t6, 162(t4)
core   0: 3 0x80002974 (0x0bfe8123) mem 0x800108db 0xcb
core   0: 0x80002978 (0x00db8303) lb      t1, 13(s7)
core   0: 3 0x80002978 (0x00db8303) x 6 0x00000000 mem 0x80010a9d
core   0: 0x8000297c (0x034e4603) lbu     a2, 52(t3)
core   0: 3 0x8000297c (0x034e4603) x12 0x0000009f mem 0x80010ee4
core   0: 0x80002980 (0xfaae8ca3) sb      a0, -71(t4)
core   0: 3 0x80002980 (0xfaae8ca3) mem 0x800107f2 0xd
core   0: 0x80002984 (0xffbb8a03) lb      s4, -5(s7)
core   0: 3 0x80002984 (0xffbb8a03) x20 0x00000040 mem 0x80010a8b
core   0: 0x80002988 (0x0123c583) lbu     a1, 18(t2)
core   0: 3 0x80002988 (0x0123c583) x11 0x00000065 mem 0x800100ae
core   0: 0x8000298c (0xff9bcd03) lbu     s10, -7(s7)
core   0: 3 0x8000298c (0xff9bcd03) x26 0x00000042 mem 0x80010a89
core   0: 0x80002990 (0x029e0623) sb      s1, 44(t3)
core   0: 3 0x80002990 (0x029e0623) mem 0x80010edc 0x5e
core   0: 0x80002994 (0x0001c717) auipc   a4, 0x1c
core   0: 3 0x80002994 (0x0001c717) x14 0x8001e994
core   0: 0x80002998 (0xc1a70713) addi    a4, a4, -998
core   0: 3 0x80002998 (0xc1a70713) x14 0x8001e5ae
core   0: 0x8000299c (0x00014f17) auipc   t5, 0x14
core   0: 3 0x8000299c (0x00014f17) x30 0x8001699c
core   0: 0x800029a0 (0xf5bf0f13) addi    t5, t5, -165
core   0: 3 0x800029a0 (0xf5bf0f13) x30 0x800168f7
core   0: 0x800029a4 (0xff771a23) sh      s7, -12(a4)
core   0: 3 0x800029a4 (0xff771a23) mem 0x8001e5a2 0x0a90
core   0: 0x800029a8 (0xff070e83) lb      t4, -16(a4)
core   0: 3 0x800029a8 (0xff070e83) x29 0x00000055 mem 0x8001e59e
core   0: 0x800029ac (0x00ff5103) lhu     sp, 15(t5)
core   0: 3 0x800029ac (0x00ff5103) x 2 0x0000bcbd mem 0x80016906
core   0: 0x800029b0 (0xff5f0083) lb      ra, -11(t5)
core   0: 3 0x800029b0 (0xff5f0083) x 1 0xffffffa7 mem 0x800168ec
core   0: 0x800029b4 (0x039f10a3) sh      s9, 33(t5)
core   0: 3 0x800029b4 (0x039f10a3) mem 0x80016918 0x9ce4
core   0: 0x800029b8 (0x01a703a3) sb      s10, 7(a4)
core   0: 3 0x800029b8 (0x01a703a3) mem 0x8001e5b5 0x42
core   0: 0x800029bc (0x01bf0ea3) sb      s11, 29(t5)
core   0: 3 0x800029bc (0x01bf0ea3) mem 0x80016914 0x22
core   0: 0x800029c0 (0xffb70f83) lb      t6, -5(a4)
core   0: 3 0x800029c0 (0xffb70f83) x31 0x00000062 mem 0x8001e5a9
core   0: 0x800029c4 (0x005706a3) sb      t0, 13(a4)
core   0: 3 0x800029c4 (0x005706a3) mem 0x8001e5bb 0x2c
core   0: 0x800029c8 (0xfecf4003) lbu     zero, -20(t5)
core   0: 3 0x800029c8 (0xfecf4003) mem 0x800168e3
core   0: 0x800029cc (0xff3f5c03) lhu     s8, -13(t5)
core   0: 3 0x800029cc (0xff3f5c03) x24 0x0000a0a1 mem 0x800168ea
core   0: 0x800029d0 (0x00275403) lhu     s0, 2(a4)
core   0: 3 0x800029d0 (0x00275403) x 8 0x00006a6b mem 0x8001e5b0
core   0: 0x800029d4 (0xfd7f4183) lbu     gp, -41(t5)
core   0: 3 0x800029d4 (0xfd7f4183) x 3 0x00000085 mem 0x800168ce
core   0: 0x800029d8 (0x0001e697) auipc   a3, 0x1e
core   0: 3 0x800029d8 (0x0001e697) x13 0x800209d8
core   0: 0x800029dc (0xa3d68693) addi    a3, a3, -1475
core   0: 3 0x800029dc (0xa3d68693) x13 0x80020415
core   0: 0x800029e0 (0x01368023) sb      s3, 0(a3)
core   0: 3 0x800029e0 (0x01368023) mem 0x80020415 0x45
core   0: 0x800029e4 (0xfe768ba3) sb      t2, -9(a3)
core   0: 3 0x800029e4 (0xfe768ba3) mem 0x8002040c 0x9c
core   0: 0x800029e8 (0xfe768aa3) sb      t2, -11(a3)
core   0: 3 0x800029e8 (0xfe768aa3) mem 0x8002040a 0x9c
core   0: 0x800029ec (0x00000001) c.nop
core   0: 3 0x800029ec (0x0001)
core   0: 0x800029ee (0x013696a3) sh      s3, 13(a3)
core   0: 3 0x800029ee (0x013696a3) mem 0x80020422 0x0045
core   0: 0x800029f2 (0x403653b3) sra     t2, a2, gp
core   0: 3 0x800029f2 (0x403653b3) x 7 0x00000004
core   0: 0x800029f6 (0x000084dd) c.srai  s1, 23
core   0: 3 0x800029f6 (0x84dd) x 9 0xffffff00
core   0: 0x800029f8 (0x000013fd) c.addi  t2, -1
core   0: 3 0x800029f8 (0x13fd) x 7 0x00000003
core   0: 0x800029fa (0x02761633) mulh    a2, a2, t2
core   0: 3 0x800029fa (0x02761633) x12 0x00000000
core   0: 0x800029fe (0x0036d383) lhu     t2, 3(a3)
core   0: 3 0x800029fe (0x0036d383) x 7 0x0000d2d3 mem 0x80020418
core   0: 0x80002a02 (0x033461b3) rem     gp, s0, s3
core   0: 3 0x80002a02 (0x033461b3) x 3 0x00000039
core   0: 0x80002a06 (0x02b3a993) slti    s3, t2, 43
core   0: 3 0x80002a06 (0x02b3a993) x19 0x00000000
core   0: 0x80002a0a (0x0000100f) fence.i
core   0: 3 0x80002a0a (0x0000100f)
core   0: 0x80002a0e (0x00008c05) c.sub   s0, s1
core   0: 3 0x80002a0e (0x8c05) x 8 0x00006b6b
core   0: 0x80002a10 (0x00868623) sb      s0, 12(a3)
core   0: 3 0x80002a10 (0x00868623) mem 0x80020421 0x6b
core   0: 0x80002a14 (0x00c39433) sll     s0, t2, a2
core   0: 3 0x80002a14 (0x00c39433) x 8 0x0000d2d3
core   0: 0x80002a18 (0x029399b3) mulh    s3, t2, s1
core   0: 3 0x80002a18 (0x029399b3) x19 0xffffffff
core   0: 0x80002a1c (0x00008c41) c.or    s0, s0
core   0: 3 0x80002a1c (0x8c41) x 8 0x0000d2d3
core   0: 0x80002a1e (0xffe68403) lb      s0, -2(a3)
core   0: 3 0x80002a1e (0xffe68403) x 8 0xffffffc8 mem 0x80020413
core   0: 0x80002a22 (0x00a6c403) lbu     s0, 10(a3)
core   0: 3 0x80002a22 (0x00a6c403) x 8 0x000000d4 mem 0x8002041f
core   0: 0x80002a26 (0x02c1d9b3) divu    s3, gp, a2
core   0: 3 0x80002a26 (0x02c1d9b3) x19 0xffffffff
core   0: 0x80002a2a (0x0239d3b3) divu    t2, s3, gp
core   0: 3 0x80002a2a (0x0239d3b3) x 7 0x047dc11f
core   0: 0x80002a2e (0x00945433) srl     s0, s0, s1
core   0: 3 0x80002a2e (0x00945433) x 8 0x000000d4
core   0: 0x80002a32 (0x00000001) c.nop
core   0: 3 0x80002a32 (0x0001)
core   0: 0x80002a34 (0x00365433) srl     s0, a2, gp
core   0: 3 0x80002a34 (0x00365433) x 8 0x00000000
core   0: 0x80002a38 (0x00009a7d) c.andi  a2, -1
core   0: 3 0x80002a38 (0x9a7d) x12 0x00000000
core   0: 0x80002a3a (0x5d04f993) andi    s3, s1, 1488
core   0: 3 0x80002a3a (0x5d04f993) x19 0x00000500
core   0: 0x80002a3e (0xff56c483) lbu     s1, -11(a3)
core   0: 3 0x80002a3e (0xff56c483) x 9 0x0000009c mem 0x8002040a
core   0: 0x80002a42 (0x0000100f) fence.i
core   0: 3 0x80002a42 (0x0000100f)
core   0: 0x80002a46 (0xff468383) lb      t2, -12(a3)
core   0: 3 0x80002a46 (0xff468383) x 7 0xffffffc2 mem 0x80020409
core   0: 0x80002a4a (0x0000100f) fence.i
core   0: 3 0x80002a4a (0x0000100f)
core   0: 0x80002a4e (0xff36d483) lhu     s1, -13(a3)
core   0: 3 0x80002a4e (0xff36d483) x 9 0x0000c2c3 mem 0x80020408
core   0: 0x80002a52 (0x007421b3) slt     gp, s0, t2
core   0: 3 0x80002a52 (0x007421b3) x 3 0x00000000
core   0: 0x80002a56 (0x00c6c483) lbu     s1, 12(a3)
core   0: 3 0x80002a56 (0x00c6c483) x 9 0x0000006b mem 0x80020421
core   0: 0x80002a5a (0x0000e797) auipc   a5, 0xe
core   0: 3 0x80002a5a (0x0000e797) x15 0x80010a5a
core   0: 0x80002a5e (0x88e78793) addi    a5, a5, -1906
core   0: 3 0x80002a5e (0x88e78793) x15 0x800102e8
core   0: 0x80002a62 (0xf5978a03) lb      s4, -167(a5)
core   0: 3 0x80002a62 (0xf5978a03) x20 0x0000000b mem 0x80010241
core   0: 0x80002a66 (0x0ff0000f) fence   iorw,iorw
core   0: 3 0x80002a66 (0x0ff0000f)
core   0: 0x80002a6a (0x3d679083) lh      ra, 982(a5)
core   0: 3 0x80002a6a (0x3d679083) x 1 0x00007475 mem 0x800106be
core   0: 0x80002a6e (0xb9758e13) addi    t3, a1, -1129
core   0: 3 0x80002a6e (0xb9758e13) x28 0xfffffbfc
core   0: 0x80002a72 (0x0f87ca03) lbu     s4, 248(a5)
core   0: 3 0x80002a72 (0x0f87ca03) x20 0x0000009b mem 0x800103e0
core   0: 0x80002a76 (0xf8179523) sh      ra, -118(a5)
core   0: 3 0x80002a76 (0xf8179523) mem 0x80010272 0x7475
core   0: 0x80002a7a (0x03b0d0b3) divu    ra, ra, s11
core   0: 3 0x80002a7a (0x03b0d0b3) x 1 0x0000036c
core   0: 0x80002a7e (0x3427dd83) lhu     s11, 834(a5)
core   0: 3 0x80002a7e (0x3427dd83) x27 0x0000e0e1 mem 0x8001062a
core   0: 0x80002a82 (0xedb784a3) sb      s11, -311(a5)
core   0: 3 0x80002a82 (0xedb784a3) mem 0x800101b1 0xe1
core   0: 0x80002a86 (0x31479323) sh      s4, 774(a5)
core   0: 3 0x80002a86 (0x31479323) mem 0x800105ee 0x009b
core   0: 0x80002a8a (0x64279d83) lh      s11, 1602(a5)
core   0: 3 0x80002a8a (0x64279d83) x27 0xffffe0e1 mem 0x8001092a
core   0: 0x80002a8e (0x65c782a3) sb      t3, 1605(a5)
core   0: 3 0x80002a8e (0x65c782a3) mem 0x8001092d 0xfc
core   0: 0x80002a92 (0x40978a03) lb      s4, 1033(a5)
core   0: 3 0x80002a92 (0x40978a03) x20 0xffffffaa mem 0x800106f1
core   0: 0x80002a96 (0x014e4a33) xor     s4, t3, s4
core   0: 3 0x80002a96 (0x014e4a33) x20 0x00000456
core   0: 0x80002a9a (0x021f05b3) mul     a1, t5, ra
core   0: 3 0x80002a9a (0x021f05b3) x11 0x04d32d34
core   0: 0x80002a9e (0x45d7cf03) lbu     t5, 1117(a5)
core   0: 3 0x80002a9e (0x45d7cf03) x30 0x000000fe mem 0x80010745
core   0: 0x80002aa2 (0xe857cd83) lbu     s11, -379(a5)
core   0: 3 0x80002aa2 (0xe857cd83) x27 0x00000026 mem 0x8001016d
core   0: 0x80002aa6 (0x31478523) sb      s4, 778(a5)
core   0: 3 0x80002aa6 (0x31478523) mem 0x800105f2 0x56
core   0: 0x80002aaa (0x000090ee) c.add   ra, s11
core   0: 3 0x80002aaa (0x90ee) x 1 0x00000392
core   0: 0x80002aac (0x00006ddd) c.lui   s11, 0x17
core   0: 3 0x80002aac (0x6ddd) x27 0x00017000
core   0: 0x80002aae (0xf060b093) sltiu   ra, ra, -250
core   0: 3 0x80002aae (0xf060b093) x 1 0x00000001
core   0: 0x80002ab2 (0x33679083) lh      ra, 822(a5)
core   0: 3 0x80002ab2 (0x33679083) x 1 0x000015d5 mem 0x8001061e
core   0: 0x80002ab6 (0x7897c083) lbu     ra, 1929(a5)
core   0: 3 0x80002ab6 (0x7897c083) x 1 0x0000002a mem 0x80010a71
core   0: 0x80002aba (0x12778e03) lb      t3, 295(a5)
core   0: 3 0x80002aba (0x12778e03) x28 0xffffffc4 mem 0x8001040f
core   0: 0x80002abe (0xbfb0c093) xori    ra, ra, -1029
core   0: 3 0x80002abe (0xbfb0c093) x 1 0xfffffbd1
core   0: 0x80002ac2 (0x04b78083) lb      ra, 75(a5)
core   0: 3 0x80002ac2 (0x04b78083) x 1 0xffffffe8 mem 0x80010333
core   0: 0x80002ac6 (0x03b0c5b3) div     a1, ra, s11
core   0: 3 0x80002ac6 (0x03b0c5b3) x11 0x00000000
core   0: 0x80002aca (0x7be785a3) sb      t5, 1963(a5)
core   0: 3 0x80002aca (0x7be785a3) mem 0x80010a93 0xfe
core   0: 0x80002ace (0x03e0f0b3) remu    ra, ra, t5
core   0: 3 0x80002ace (0x03e0f0b3) x 1 0x000000f6
core   0: 0x80002ad2 (0x000089b1) c.andi  a1, 12
core   0: 3 0x80002ad2 (0x89b1) x11 0x00000000
core   0: 0x80002ad4 (0x4be78d83) lb      s11, 1214(a5)
core   0: 3 0x80002ad4 (0x4be78d83) x27 0x0000005d mem 0x800107a6
core   0: 0x80002ad8 (0x2a878083) lb      ra, 680(a5)
core   0: 3 0x80002ad8 (0x2a878083) x 1 0x0000004b mem 0x80010590
core   0: 0x80002adc (0x03bd9db3) mulh    s11, s11, s11
core   0: 3 0x80002adc (0x03bd9db3) x27 0x00000000
core   0: 0x80002ae0 (0x0210df33) divu    t5, ra, ra
core   0: 3 0x80002ae0 (0x0210df33) x30 0x00000001
core   0: 0x80002ae4 (0x68d7ce03) lbu     t3, 1677(a5)
core   0: 3 0x80002ae4 (0x68d7ce03) x28 0x0000002e mem 0x80010975
core   0: 0x80002ae8 (0x00000001) c.nop
core   0: 3 0x80002ae8 (0x0001)
core   0: 0x80002aea (0x40e0de13) srai    t3, ra, 14
core   0: 3 0x80002aea (0x40e0de13) x28 0x00000000
core   0: 0x80002aee (0x2dc787a3) sb      t3, 719(a5)
core   0: 3 0x80002aee (0x2dc787a3) mem 0x800105b7 0x0
core   0: 0x80002af2 (0x50f78083) lb      ra, 1295(a5)
core   0: 3 0x80002af2 (0x50f78083) x 1 0xffffffac mem 0x800107f7
core   0: 0x80002af6 (0x034a7f33) remu    t5, s4, s4
core   0: 3 0x80002af6 (0x034a7f33) x30 0x00000000
core   0: 0x80002afa (0x02bf7e33) remu    t3, t5, a1
core   0: 3 0x80002afa (0x02bf7e33) x28 0x00000000
core   0: 0x80002afe (0x005e5e13) srli    t3, t3, 5
core   0: 3 0x80002afe (0x005e5e13) x28 0x00000000
core   0: 0x80002b02 (0x53c78083) lb      ra, 1340(a5)
core   0: 3 0x80002b02 (0x53c78083) x 1 0xffffffdf mem 0x80010824
core   0: 0x80002b06 (0x5eb7ac23) sw      a1, 1528(a5)
core   0: 3 0x80002b06 (0x5eb7ac23) mem 0x800108e0 0x00000000
core   0: 0x80002b0a (0x4db78583) lb      a1, 1243(a5)
core   0: 3 0x80002b0a (0x4db78583) x11 0x00000000 mem 0x800107c3
core   0: 0x80002b0e (0xe1b79423) sh      s11, -504(a5)
core   0: 3 0x80002b0e (0xe1b79423) mem 0x800100f0 0x0000
core   0: 0x80002b12 (0x016a1d93) slli    s11, s4, 22
core   0: 3 0x80002b12 (0x016a1d93) x27 0x15800000
core   0: 0x80002b16 (0x42b78aa3) sb      a1, 1077(a5)
core   0: 3 0x80002b16 (0x42b78aa3) mem 0x8001071d 0x0
core   0: 0x80002b1a (0xff700693) li      a3, -9
core   0: 3 0x80002b1a (0xff700693) x13 0xfffffff7
core   0: 0x80002b1e (0x00000001) c.nop
core   0: 3 0x80002b1e (0x0001)
core   0: 0x80002b20 (0x00000f19) c.addi  t5, 6
core   0: 3 0x80002b20 (0x0f19) x30 0x00000006
core   0: 0x80002b22 (0x0b960117) auipc   sp, 0xb960
core   0: 3 0x80002b22 (0x0b960117) x 2 0x8b962b22
core   0: 0x80002b26 (0x00000685) c.addi  a3, 1
core   0: 3 0x80002b26 (0x0685) x13 0xfffffff8
core   0: 0x80002b28 (0x00600393) li      t2, 6
core   0: 3 0x80002b28 (0x00600393) x 7 0x00000006
core   0: 0x80002b2c (0xfec00313) li      t1, -20
core   0: 3 0x80002b2c (0xfec00313) x 6 0xffffffec
core   0: 0x80002b30 (0x006baf33) slt     t5, s7, t1
core   0: 3 0x80002b30 (0x006baf33) x30 0x00000001
core   0: 0x80002b34 (0x0000100f) fence.i
core   0: 3 0x80002b34 (0x0000100f)
core   0: 0x80002b38 (0x000013e9) c.addi  t2, -6
core   0: 3 0x80002b38 (0x13e9) x 7 0x00000000
core   0: 0x80002b3a (0xfe63dbe3) bge     t2, t1, pc - 10
core   0: 3 0x80002b3a (0xfe63dbe3)
core   0: 0x80002b30 (0x006baf33) slt     t5, s7, t1
core   0: 3 0x80002b30 (0x006baf33) x30 0x00000001
core   0: 0x80002b34 (0x0000100f) fence.i
core   0: 3 0x80002b34 (0x0000100f)
core   0: 0x80002b38 (0x000013e9) c.addi  t2, -6
core   0: 3 0x80002b38 (0x13e9) x 7 0xfffffffa
core   0: 0x80002b3a (0xfe63dbe3) bge     t2, t1, pc - 10
core   0: 3 0x80002b3a (0xfe63dbe3)
core   0: 0x80002b30 (0x006baf33) slt     t5, s7, t1
core   0: 3 0x80002b30 (0x006baf33) x30 0x00000001
core   0: 0x80002b34 (0x0000100f) fence.i
core   0: 3 0x80002b34 (0x0000100f)
core   0: 0x80002b38 (0x000013e9) c.addi  t2, -6
core   0: 3 0x80002b38 (0x13e9) x 7 0xfffffff4
core   0: 0x80002b3a (0xfe63dbe3) bge     t2, t1, pc - 10
core   0: 3 0x80002b3a (0xfe63dbe3)
core   0: 0x80002b30 (0x006baf33) slt     t5, s7, t1
core   0: 3 0x80002b30 (0x006baf33) x30 0x00000001
core   0: 0x80002b34 (0x0000100f) fence.i
core   0: 3 0x80002b34 (0x0000100f)
core   0: 0x80002b38 (0x000013e9) c.addi  t2, -6
core   0: 3 0x80002b38 (0x13e9) x 7 0xffffffee
core   0: 0x80002b3a (0xfe63dbe3) bge     t2, t1, pc - 10
core   0: 3 0x80002b3a (0xfe63dbe3)
core   0: 0x80002b30 (0x006baf33) slt     t5, s7, t1
core   0: 3 0x80002b30 (0x006baf33) x30 0x00000001
core   0: 0x80002b34 (0x0000100f) fence.i
core   0: 3 0x80002b34 (0x0000100f)
core   0: 0x80002b38 (0x000013e9) c.addi  t2, -6
core   0: 3 0x80002b38 (0x13e9) x 7 0xffffffe8
core   0: 0x80002b3a (0xfe63dbe3) bge     t2, t1, pc - 10
core   0: 3 0x80002b3a (0xfe63dbe3)
core   0: 0x80002b3e (0x0000f2f5) c.bnez  a3, pc - 28
core   0: 3 0x80002b3e (0xf2f5)
core   0: 0x80002b22 (0x0b960117) auipc   sp, 0xb960
core   0: 3 0x80002b22 (0x0b960117) x 2 0x8b962b22
core   0: 0x80002b26 (0x00000685) c.addi  a3, 1
core   0: 3 0x80002b26 (0x0685) x13 0xfffffff9
core   0: 0x80002b28 (0x00600393) li      t2, 6
core   0: 3 0x80002b28 (0x00600393) x 7 0x00000006
core   0: 0x80002b2c (0xfec00313) li      t1, -20
core   0: 3 0x80002b2c (0xfec00313) x 6 0xffffffec
core   0: 0x80002b30 (0x006baf33) slt     t5, s7, t1
core   0: 3 0x80002b30 (0x006baf33) x30 0x00000001
core   0: 0x80002b34 (0x0000100f) fence.i
core   0: 3 0x80002b34 (0x0000100f)
core   0: 0x80002b38 (0x000013e9) c.addi  t2, -6
core   0: 3 0x80002b38 (0x13e9) x 7 0x00000000
core   0: 0x80002b3a (0xfe63dbe3) bge     t2, t1, pc - 10
core   0: 3 0x80002b3a (0xfe63dbe3)
core   0: 0x80002b30 (0x006baf33) slt     t5, s7, t1
core   0: 3 0x80002b30 (0x006baf33) x30 0x00000001
core   0: 0x80002b34 (0x0000100f) fence.i
core   0: 3 0x80002b34 (0x0000100f)
core   0: 0x80002b38 (0x000013e9) c.addi  t2, -6
core   0: 3 0x80002b38 (0x13e9) x 7 0xfffffffa
core   0: 0x80002b3a (0xfe63dbe3) bge     t2, t1, pc - 10
core   0: 3 0x80002b3a (0xfe63dbe3)
core   0: 0x80002b30 (0x006baf33) slt     t5, s7, t1
core   0: 3 0x80002b30 (0x006baf33) x30 0x00000001
core   0: 0x80002b34 (0x0000100f) fence.i
core   0: 3 0x80002b34 (0x0000100f)
core   0: 0x80002b38 (0x000013e9) c.addi  t2, -6
core   0: 3 0x80002b38 (0x13e9) x 7 0xfffffff4
core   0: 0x80002b3a (0xfe63dbe3) bge     t2, t1, pc - 10
core   0: 3 0x80002b3a (0xfe63dbe3)
core   0: 0x80002b30 (0x006baf33) slt     t5, s7, t1
core   0: 3 0x80002b30 (0x006baf33) x30 0x00000001
core   0: 0x80002b34 (0x0000100f) fence.i
core   0: 3 0x80002b34 (0x0000100f)
core   0: 0x80002b38 (0x000013e9) c.addi  t2, -6
core   0: 3 0x80002b38 (0x13e9) x 7 0xffffffee
core   0: 0x80002b3a (0xfe63dbe3) bge     t2, t1, pc - 10
core   0: 3 0x80002b3a (0xfe63dbe3)
core   0: 0x80002b30 (0x006baf33) slt     t5, s7, t1
core   0: 3 0x80002b30 (0x006baf33) x30 0x00000001
core   0: 0x80002b34 (0x0000100f) fence.i
core   0: 3 0x80002b34 (0x0000100f)
core   0: 0x80002b38 (0x000013e9) c.addi  t2, -6
core   0: 3 0x80002b38 (0x13e9) x 7 0xffffffe8
core   0: 0x80002b3a (0xfe63dbe3) bge     t2, t1, pc - 10
core   0: 3 0x80002b3a (0xfe63dbe3)
core   0: 0x80002b3e (0x0000f2f5) c.bnez  a3, pc - 28
core   0: 3 0x80002b3e (0xf2f5)
core   0: 0x80002b22 (0x0b960117) auipc   sp, 0xb960
core   0: 3 0x80002b22 (0x0b960117) x 2 0x8b962b22
core   0: 0x80002b26 (0x00000685) c.addi  a3, 1
core   0: 3 0x80002b26 (0x0685) x13 0xfffffffa
core   0: 0x80002b28 (0x00600393) li      t2, 6
core   0: 3 0x80002b28 (0x00600393) x 7 0x00000006
core   0: 0x80002b2c (0xfec00313) li      t1, -20
core   0: 3 0x80002b2c (0xfec00313) x 6 0xffffffec
core   0: 0x80002b30 (0x006baf33) slt     t5, s7, t1
core   0: 3 0x80002b30 (0x006baf33) x30 0x00000001
core   0: 0x80002b34 (0x0000100f) fence.i
core   0: 3 0x80002b34 (0x0000100f)
core   0: 0x80002b38 (0x000013e9) c.addi  t2, -6
core   0: 3 0x80002b38 (0x13e9) x 7 0x00000000
core   0: 0x80002b3a (0xfe63dbe3) bge     t2, t1, pc - 10
core   0: 3 0x80002b3a (0xfe63dbe3)
core   0: 0x80002b30 (0x006baf33) slt     t5, s7, t1
core   0: 3 0x80002b30 (0x006baf33) x30 0x00000001
core   0: 0x80002b34 (0x0000100f) fence.i
core   0: 3 0x80002b34 (0x0000100f)
core   0: 0x80002b38 (0x000013e9) c.addi  t2, -6
core   0: 3 0x80002b38 (0x13e9) x 7 0xfffffffa
core   0: 0x80002b3a (0xfe63dbe3) bge     t2, t1, pc - 10
core   0: 3 0x80002b3a (0xfe63dbe3)
core   0: 0x80002b30 (0x006baf33) slt     t5, s7, t1
core   0: 3 0x80002b30 (0x006baf33) x30 0x00000001
core   0: 0x80002b34 (0x0000100f) fence.i
core   0: 3 0x80002b34 (0x0000100f)
core   0: 0x80002b38 (0x000013e9) c.addi  t2, -6
core   0: 3 0x80002b38 (0x13e9) x 7 0xfffffff4
core   0: 0x80002b3a (0xfe63dbe3) bge     t2, t1, pc - 10
core   0: 3 0x80002b3a (0xfe63dbe3)
core   0: 0x80002b30 (0x006baf33) slt     t5, s7, t1
core   0: 3 0x80002b30 (0x006baf33) x30 0x00000001
core   0: 0x80002b34 (0x0000100f) fence.i
core   0: 3 0x80002b34 (0x0000100f)
core   0: 0x80002b38 (0x000013e9) c.addi  t2, -6
core   0: 3 0x80002b38 (0x13e9) x 7 0xffffffee
core   0: 0x80002b3a (0xfe63dbe3) bge     t2, t1, pc - 10
core   0: 3 0x80002b3a (0xfe63dbe3)
core   0: 0x80002b30 (0x006baf33) slt     t5, s7, t1
core   0: 3 0x80002b30 (0x006baf33) x30 0x00000001
core   0: 0x80002b34 (0x0000100f) fence.i
core   0: 3 0x80002b34 (0x0000100f)
core   0: 0x80002b38 (0x000013e9) c.addi  t2, -6
core   0: 3 0x80002b38 (0x13e9) x 7 0xffffffe8
core   0: 0x80002b3a (0xfe63dbe3) bge     t2, t1, pc - 10
core   0: 3 0x80002b3a (0xfe63dbe3)
core   0: 0x80002b3e (0x0000f2f5) c.bnez  a3, pc - 28
core   0: 3 0x80002b3e (0xf2f5)
core   0: 0x80002b22 (0x0b960117) auipc   sp, 0xb960
core   0: 3 0x80002b22 (0x0b960117) x 2 0x8b962b22
core   0: 0x80002b26 (0x00000685) c.addi  a3, 1
core   0: 3 0x80002b26 (0x0685) x13 0xfffffffb
core   0: 0x80002b28 (0x00600393) li      t2, 6
core   0: 3 0x80002b28 (0x00600393) x 7 0x00000006
core   0: 0x80002b2c (0xfec00313) li      t1, -20
core   0: 3 0x80002b2c (0xfec00313) x 6 0xffffffec
core   0: 0x80002b30 (0x006baf33) slt     t5, s7, t1
core   0: 3 0x80002b30 (0x006baf33) x30 0x00000001
core   0: 0x80002b34 (0x0000100f) fence.i
core   0: 3 0x80002b34 (0x0000100f)
core   0: 0x80002b38 (0x000013e9) c.addi  t2, -6
core   0: 3 0x80002b38 (0x13e9) x 7 0x00000000
core   0: 0x80002b3a (0xfe63dbe3) bge     t2, t1, pc - 10
core   0: 3 0x80002b3a (0xfe63dbe3)
core   0: 0x80002b30 (0x006baf33) slt     t5, s7, t1
core   0: 3 0x80002b30 (0x006baf33) x30 0x00000001
core   0: 0x80002b34 (0x0000100f) fence.i
core   0: 3 0x80002b34 (0x0000100f)
core   0: 0x80002b38 (0x000013e9) c.addi  t2, -6
core   0: 3 0x80002b38 (0x13e9) x 7 0xfffffffa
core   0: 0x80002b3a (0xfe63dbe3) bge     t2, t1, pc - 10
core   0: 3 0x80002b3a (0xfe63dbe3)
core   0: 0x80002b30 (0x006baf33) slt     t5, s7, t1
core   0: 3 0x80002b30 (0x006baf33) x30 0x00000001
core   0: 0x80002b34 (0x0000100f) fence.i
core   0: 3 0x80002b34 (0x0000100f)
core   0: 0x80002b38 (0x000013e9) c.addi  t2, -6
core   0: 3 0x80002b38 (0x13e9) x 7 0xfffffff4
core   0: 0x80002b3a (0xfe63dbe3) bge     t2, t1, pc - 10
core   0: 3 0x80002b3a (0xfe63dbe3)
core   0: 0x80002b30 (0x006baf33) slt     t5, s7, t1
core   0: 3 0x80002b30 (0x006baf33) x30 0x00000001
core   0: 0x80002b34 (0x0000100f) fence.i
core   0: 3 0x80002b34 (0x0000100f)
core   0: 0x80002b38 (0x000013e9) c.addi  t2, -6
core   0: 3 0x80002b38 (0x13e9) x 7 0xffffffee
core   0: 0x80002b3a (0xfe63dbe3) bge     t2, t1, pc - 10
core   0: 3 0x80002b3a (0xfe63dbe3)
core   0: 0x80002b30 (0x006baf33) slt     t5, s7, t1
core   0: 3 0x80002b30 (0x006baf33) x30 0x00000001
core   0: 0x80002b34 (0x0000100f) fence.i
core   0: 3 0x80002b34 (0x0000100f)
core   0: 0x80002b38 (0x000013e9) c.addi  t2, -6
core   0: 3 0x80002b38 (0x13e9) x 7 0xffffffe8
core   0: 0x80002b3a (0xfe63dbe3) bge     t2, t1, pc - 10
core   0: 3 0x80002b3a (0xfe63dbe3)
core   0: 0x80002b3e (0x0000f2f5) c.bnez  a3, pc - 28
core   0: 3 0x80002b3e (0xf2f5)
core   0: 0x80002b22 (0x0b960117) auipc   sp, 0xb960
core   0: 3 0x80002b22 (0x0b960117) x 2 0x8b962b22
core   0: 0x80002b26 (0x00000685) c.addi  a3, 1
core   0: 3 0x80002b26 (0x0685) x13 0xfffffffc
core   0: 0x80002b28 (0x00600393) li      t2, 6
core   0: 3 0x80002b28 (0x00600393) x 7 0x00000006
core   0: 0x80002b2c (0xfec00313) li      t1, -20
core   0: 3 0x80002b2c (0xfec00313) x 6 0xffffffec
core   0: 0x80002b30 (0x006baf33) slt     t5, s7, t1
core   0: 3 0x80002b30 (0x006baf33) x30 0x00000001
core   0: 0x80002b34 (0x0000100f) fence.i
core   0: 3 0x80002b34 (0x0000100f)
core   0: 0x80002b38 (0x000013e9) c.addi  t2, -6
core   0: 3 0x80002b38 (0x13e9) x 7 0x00000000
core   0: 0x80002b3a (0xfe63dbe3) bge     t2, t1, pc - 10
core   0: 3 0x80002b3a (0xfe63dbe3)
core   0: 0x80002b30 (0x006baf33) slt     t5, s7, t1
core   0: 3 0x80002b30 (0x006baf33) x30 0x00000001
core   0: 0x80002b34 (0x0000100f) fence.i
core   0: 3 0x80002b34 (0x0000100f)
core   0: 0x80002b38 (0x000013e9) c.addi  t2, -6
core   0: 3 0x80002b38 (0x13e9) x 7 0xfffffffa
core   0: 0x80002b3a (0xfe63dbe3) bge     t2, t1, pc - 10
core   0: 3 0x80002b3a (0xfe63dbe3)
core   0: 0x80002b30 (0x006baf33) slt     t5, s7, t1
core   0: 3 0x80002b30 (0x006baf33) x30 0x00000001
core   0: 0x80002b34 (0x0000100f) fence.i
core   0: 3 0x80002b34 (0x0000100f)
core   0: 0x80002b38 (0x000013e9) c.addi  t2, -6
core   0: 3 0x80002b38 (0x13e9) x 7 0xfffffff4
core   0: 0x80002b3a (0xfe63dbe3) bge     t2, t1, pc - 10
core   0: 3 0x80002b3a (0xfe63dbe3)
core   0: 0x80002b30 (0x006baf33) slt     t5, s7, t1
core   0: 3 0x80002b30 (0x006baf33) x30 0x00000001
core   0: 0x80002b34 (0x0000100f) fence.i
core   0: 3 0x80002b34 (0x0000100f)
core   0: 0x80002b38 (0x000013e9) c.addi  t2, -6
core   0: 3 0x80002b38 (0x13e9) x 7 0xffffffee
core   0: 0x80002b3a (0xfe63dbe3) bge     t2, t1, pc - 10
core   0: 3 0x80002b3a (0xfe63dbe3)
core   0: 0x80002b30 (0x006baf33) slt     t5, s7, t1
core   0: 3 0x80002b30 (0x006baf33) x30 0x00000001
core   0: 0x80002b34 (0x0000100f) fence.i
core   0: 3 0x80002b34 (0x0000100f)
core   0: 0x80002b38 (0x000013e9) c.addi  t2, -6
core   0: 3 0x80002b38 (0x13e9) x 7 0xffffffe8
core   0: 0x80002b3a (0xfe63dbe3) bge     t2, t1, pc - 10
core   0: 3 0x80002b3a (0xfe63dbe3)
core   0: 0x80002b3e (0x0000f2f5) c.bnez  a3, pc - 28
core   0: 3 0x80002b3e (0xf2f5)
core   0: 0x80002b22 (0x0b960117) auipc   sp, 0xb960
core   0: 3 0x80002b22 (0x0b960117) x 2 0x8b962b22
core   0: 0x80002b26 (0x00000685) c.addi  a3, 1
core   0: 3 0x80002b26 (0x0685) x13 0xfffffffd
core   0: 0x80002b28 (0x00600393) li      t2, 6
core   0: 3 0x80002b28 (0x00600393) x 7 0x00000006
core   0: 0x80002b2c (0xfec00313) li      t1, -20
core   0: 3 0x80002b2c (0xfec00313) x 6 0xffffffec
core   0: 0x80002b30 (0x006baf33) slt     t5, s7, t1
core   0: 3 0x80002b30 (0x006baf33) x30 0x00000001
core   0: 0x80002b34 (0x0000100f) fence.i
core   0: 3 0x80002b34 (0x0000100f)
core   0: 0x80002b38 (0x000013e9) c.addi  t2, -6
core   0: 3 0x80002b38 (0x13e9) x 7 0x00000000
core   0: 0x80002b3a (0xfe63dbe3) bge     t2, t1, pc - 10
core   0: 3 0x80002b3a (0xfe63dbe3)
core   0: 0x80002b30 (0x006baf33) slt     t5, s7, t1
core   0: 3 0x80002b30 (0x006baf33) x30 0x00000001
core   0: 0x80002b34 (0x0000100f) fence.i
core   0: 3 0x80002b34 (0x0000100f)
core   0: 0x80002b38 (0x000013e9) c.addi  t2, -6
core   0: 3 0x80002b38 (0x13e9) x 7 0xfffffffa
core   0: 0x80002b3a (0xfe63dbe3) bge     t2, t1, pc - 10
core   0: 3 0x80002b3a (0xfe63dbe3)
core   0: 0x80002b30 (0x006baf33) slt     t5, s7, t1
core   0: 3 0x80002b30 (0x006baf33) x30 0x00000001
core   0: 0x80002b34 (0x0000100f) fence.i
core   0: 3 0x80002b34 (0x0000100f)
core   0: 0x80002b38 (0x000013e9) c.addi  t2, -6
core   0: 3 0x80002b38 (0x13e9) x 7 0xfffffff4
core   0: 0x80002b3a (0xfe63dbe3) bge     t2, t1, pc - 10
core   0: 3 0x80002b3a (0xfe63dbe3)
core   0: 0x80002b30 (0x006baf33) slt     t5, s7, t1
core   0: 3 0x80002b30 (0x006baf33) x30 0x00000001
core   0: 0x80002b34 (0x0000100f) fence.i
core   0: 3 0x80002b34 (0x0000100f)
core   0: 0x80002b38 (0x000013e9) c.addi  t2, -6
core   0: 3 0x80002b38 (0x13e9) x 7 0xffffffee
core   0: 0x80002b3a (0xfe63dbe3) bge     t2, t1, pc - 10
core   0: 3 0x80002b3a (0xfe63dbe3)
core   0: 0x80002b30 (0x006baf33) slt     t5, s7, t1
core   0: 3 0x80002b30 (0x006baf33) x30 0x00000001
core   0: 0x80002b34 (0x0000100f) fence.i
core   0: 3 0x80002b34 (0x0000100f)
core   0: 0x80002b38 (0x000013e9) c.addi  t2, -6
core   0: 3 0x80002b38 (0x13e9) x 7 0xffffffe8
core   0: 0x80002b3a (0xfe63dbe3) bge     t2, t1, pc - 10
core   0: 3 0x80002b3a (0xfe63dbe3)
core   0: 0x80002b3e (0x0000f2f5) c.bnez  a3, pc - 28
core   0: 3 0x80002b3e (0xf2f5)
core   0: 0x80002b22 (0x0b960117) auipc   sp, 0xb960
core   0: 3 0x80002b22 (0x0b960117) x 2 0x8b962b22
core   0: 0x80002b26 (0x00000685) c.addi  a3, 1
core   0: 3 0x80002b26 (0x0685) x13 0xfffffffe
core   0: 0x80002b28 (0x00600393) li      t2, 6
core   0: 3 0x80002b28 (0x00600393) x 7 0x00000006
core   0: 0x80002b2c (0xfec00313) li      t1, -20
core   0: 3 0x80002b2c (0xfec00313) x 6 0xffffffec
core   0: 0x80002b30 (0x006baf33) slt     t5, s7, t1
core   0: 3 0x80002b30 (0x006baf33) x30 0x00000001
core   0: 0x80002b34 (0x0000100f) fence.i
core   0: 3 0x80002b34 (0x0000100f)
core   0: 0x80002b38 (0x000013e9) c.addi  t2, -6
core   0: 3 0x80002b38 (0x13e9) x 7 0x00000000
core   0: 0x80002b3a (0xfe63dbe3) bge     t2, t1, pc - 10
core   0: 3 0x80002b3a (0xfe63dbe3)
core   0: 0x80002b30 (0x006baf33) slt     t5, s7, t1
core   0: 3 0x80002b30 (0x006baf33) x30 0x00000001
core   0: 0x80002b34 (0x0000100f) fence.i
core   0: 3 0x80002b34 (0x0000100f)
core   0: 0x80002b38 (0x000013e9) c.addi  t2, -6
core   0: 3 0x80002b38 (0x13e9) x 7 0xfffffffa
core   0: 0x80002b3a (0xfe63dbe3) bge     t2, t1, pc - 10
core   0: 3 0x80002b3a (0xfe63dbe3)
core   0: 0x80002b30 (0x006baf33) slt     t5, s7, t1
core   0: 3 0x80002b30 (0x006baf33) x30 0x00000001
core   0: 0x80002b34 (0x0000100f) fence.i
core   0: 3 0x80002b34 (0x0000100f)
core   0: 0x80002b38 (0x000013e9) c.addi  t2, -6
core   0: 3 0x80002b38 (0x13e9) x 7 0xfffffff4
core   0: 0x80002b3a (0xfe63dbe3) bge     t2, t1, pc - 10
core   0: 3 0x80002b3a (0xfe63dbe3)
core   0: 0x80002b30 (0x006baf33) slt     t5, s7, t1
core   0: 3 0x80002b30 (0x006baf33) x30 0x00000001
core   0: 0x80002b34 (0x0000100f) fence.i
core   0: 3 0x80002b34 (0x0000100f)
core   0: 0x80002b38 (0x000013e9) c.addi  t2, -6
core   0: 3 0x80002b38 (0x13e9) x 7 0xffffffee
core   0: 0x80002b3a (0xfe63dbe3) bge     t2, t1, pc - 10
core   0: 3 0x80002b3a (0xfe63dbe3)
core   0: 0x80002b30 (0x006baf33) slt     t5, s7, t1
core   0: 3 0x80002b30 (0x006baf33) x30 0x00000001
core   0: 0x80002b34 (0x0000100f) fence.i
core   0: 3 0x80002b34 (0x0000100f)
core   0: 0x80002b38 (0x000013e9) c.addi  t2, -6
core   0: 3 0x80002b38 (0x13e9) x 7 0xffffffe8
core   0: 0x80002b3a (0xfe63dbe3) bge     t2, t1, pc - 10
core   0: 3 0x80002b3a (0xfe63dbe3)
core   0: 0x80002b3e (0x0000f2f5) c.bnez  a3, pc - 28
core   0: 3 0x80002b3e (0xf2f5)
core   0: 0x80002b22 (0x0b960117) auipc   sp, 0xb960
core   0: 3 0x80002b22 (0x0b960117) x 2 0x8b962b22
core   0: 0x80002b26 (0x00000685) c.addi  a3, 1
core   0: 3 0x80002b26 (0x0685) x13 0xffffffff
core   0: 0x80002b28 (0x00600393) li      t2, 6
core   0: 3 0x80002b28 (0x00600393) x 7 0x00000006
core   0: 0x80002b2c (0xfec00313) li      t1, -20
core   0: 3 0x80002b2c (0xfec00313) x 6 0xffffffec
core   0: 0x80002b30 (0x006baf33) slt     t5, s7, t1
core   0: 3 0x80002b30 (0x006baf33) x30 0x00000001
core   0: 0x80002b34 (0x0000100f) fence.i
core   0: 3 0x80002b34 (0x0000100f)
core   0: 0x80002b38 (0x000013e9) c.addi  t2, -6
core   0: 3 0x80002b38 (0x13e9) x 7 0x00000000
core   0: 0x80002b3a (0xfe63dbe3) bge     t2, t1, pc - 10
core   0: 3 0x80002b3a (0xfe63dbe3)
core   0: 0x80002b30 (0x006baf33) slt     t5, s7, t1
core   0: 3 0x80002b30 (0x006baf33) x30 0x00000001
core   0: 0x80002b34 (0x0000100f) fence.i
core   0: 3 0x80002b34 (0x0000100f)
core   0: 0x80002b38 (0x000013e9) c.addi  t2, -6
core   0: 3 0x80002b38 (0x13e9) x 7 0xfffffffa
core   0: 0x80002b3a (0xfe63dbe3) bge     t2, t1, pc - 10
core   0: 3 0x80002b3a (0xfe63dbe3)
core   0: 0x80002b30 (0x006baf33) slt     t5, s7, t1
core   0: 3 0x80002b30 (0x006baf33) x30 0x00000001
core   0: 0x80002b34 (0x0000100f) fence.i
core   0: 3 0x80002b34 (0x0000100f)
core   0: 0x80002b38 (0x000013e9) c.addi  t2, -6
core   0: 3 0x80002b38 (0x13e9) x 7 0xfffffff4
core   0: 0x80002b3a (0xfe63dbe3) bge     t2, t1, pc - 10
core   0: 3 0x80002b3a (0xfe63dbe3)
core   0: 0x80002b30 (0x006baf33) slt     t5, s7, t1
core   0: 3 0x80002b30 (0x006baf33) x30 0x00000001
core   0: 0x80002b34 (0x0000100f) fence.i
core   0: 3 0x80002b34 (0x0000100f)
core   0: 0x80002b38 (0x000013e9) c.addi  t2, -6
core   0: 3 0x80002b38 (0x13e9) x 7 0xffffffee
core   0: 0x80002b3a (0xfe63dbe3) bge     t2, t1, pc - 10
core   0: 3 0x80002b3a (0xfe63dbe3)
core   0: 0x80002b30 (0x006baf33) slt     t5, s7, t1
core   0: 3 0x80002b30 (0x006baf33) x30 0x00000001
core   0: 0x80002b34 (0x0000100f) fence.i
core   0: 3 0x80002b34 (0x0000100f)
core   0: 0x80002b38 (0x000013e9) c.addi  t2, -6
core   0: 3 0x80002b38 (0x13e9) x 7 0xffffffe8
core   0: 0x80002b3a (0xfe63dbe3) bge     t2, t1, pc - 10
core   0: 3 0x80002b3a (0xfe63dbe3)
core   0: 0x80002b3e (0x0000f2f5) c.bnez  a3, pc - 28
core   0: 3 0x80002b3e (0xf2f5)
core   0: 0x80002b22 (0x0b960117) auipc   sp, 0xb960
core   0: 3 0x80002b22 (0x0b960117) x 2 0x8b962b22
core   0: 0x80002b26 (0x00000685) c.addi  a3, 1
core   0: 3 0x80002b26 (0x0685) x13 0x00000000
core   0: 0x80002b28 (0x00600393) li      t2, 6
core   0: 3 0x80002b28 (0x00600393) x 7 0x00000006
core   0: 0x80002b2c (0xfec00313) li      t1, -20
core   0: 3 0x80002b2c (0xfec00313) x 6 0xffffffec
core   0: 0x80002b30 (0x006baf33) slt     t5, s7, t1
core   0: 3 0x80002b30 (0x006baf33) x30 0x00000001
core   0: 0x80002b34 (0x0000100f) fence.i
core   0: 3 0x80002b34 (0x0000100f)
core   0: 0x80002b38 (0x000013e9) c.addi  t2, -6
core   0: 3 0x80002b38 (0x13e9) x 7 0x00000000
core   0: 0x80002b3a (0xfe63dbe3) bge     t2, t1, pc - 10
core   0: 3 0x80002b3a (0xfe63dbe3)
core   0: 0x80002b30 (0x006baf33) slt     t5, s7, t1
core   0: 3 0x80002b30 (0x006baf33) x30 0x00000001
core   0: 0x80002b34 (0x0000100f) fence.i
core   0: 3 0x80002b34 (0x0000100f)
core   0: 0x80002b38 (0x000013e9) c.addi  t2, -6
core   0: 3 0x80002b38 (0x13e9) x 7 0xfffffffa
core   0: 0x80002b3a (0xfe63dbe3) bge     t2, t1, pc - 10
core   0: 3 0x80002b3a (0xfe63dbe3)
core   0: 0x80002b30 (0x006baf33) slt     t5, s7, t1
core   0: 3 0x80002b30 (0x006baf33) x30 0x00000001
core   0: 0x80002b34 (0x0000100f) fence.i
core   0: 3 0x80002b34 (0x0000100f)
core   0: 0x80002b38 (0x000013e9) c.addi  t2, -6
core   0: 3 0x80002b38 (0x13e9) x 7 0xfffffff4
core   0: 0x80002b3a (0xfe63dbe3) bge     t2, t1, pc - 10
core   0: 3 0x80002b3a (0xfe63dbe3)
core   0: 0x80002b30 (0x006baf33) slt     t5, s7, t1
core   0: 3 0x80002b30 (0x006baf33) x30 0x00000001
core   0: 0x80002b34 (0x0000100f) fence.i
core   0: 3 0x80002b34 (0x0000100f)
core   0: 0x80002b38 (0x000013e9) c.addi  t2, -6
core   0: 3 0x80002b38 (0x13e9) x 7 0xffffffee
core   0: 0x80002b3a (0xfe63dbe3) bge     t2, t1, pc - 10
core   0: 3 0x80002b3a (0xfe63dbe3)
core   0: 0x80002b30 (0x006baf33) slt     t5, s7, t1
core   0: 3 0x80002b30 (0x006baf33) x30 0x00000001
core   0: 0x80002b34 (0x0000100f) fence.i
core   0: 3 0x80002b34 (0x0000100f)
core   0: 0x80002b38 (0x000013e9) c.addi  t2, -6
core   0: 3 0x80002b38 (0x13e9) x 7 0xffffffe8
core   0: 0x80002b3a (0xfe63dbe3) bge     t2, t1, pc - 10
core   0: 3 0x80002b3a (0xfe63dbe3)
core   0: 0x80002b3e (0x0000f2f5) c.bnez  a3, pc - 28
core   0: 3 0x80002b3e (0xf2f5)
core   0: 0x80002b40 (0x556bb417) auipc   s0, 0x556bb
core   0: 3 0x80002b40 (0x556bb417) x 8 0xd56bdb40
core   0: 0x80002b44 (0xffe00793) li      a5, -2
core   0: 3 0x80002b44 (0xffe00793) x15 0xfffffffe
core   0: 0x80002b48 (0x00000001) c.nop
core   0: 3 0x80002b48 (0x0001)
core   0: 0x80002b4a (0x01e80133) add     sp, a6, t5
core   0: 3 0x80002b4a (0x01e80133) x 2 0x8001f1a9
core   0: 0x80002b4e (0x00008aad) c.andi  a3, 11
core   0: 3 0x80002b4e (0x8aad) x13 0x00000000
core   0: 0x80002b50 (0x00000785) c.addi  a5, 1
core   0: 3 0x80002b50 (0x0785) x15 0xffffffff
core   0: 0x80002b52 (0x0000dff5) c.beqz  a5, pc - 4
core   0: 3 0x80002b52 (0xdff5)
core   0: 0x80002b54 (0x001195b3) sll     a1, gp, ra
core   0: 3 0x80002b54 (0x001195b3) x11 0x00000000
core   0: 0x80002b58 (0x00012217) auipc   tp, 0x12
core   0: 3 0x80002b58 (0x00012217) x 4 0x80014b58
core   0: 0x80002b5c (0x8b420213) addi    tp, tp, -1868
core   0: 3 0x80002b5c (0x8b420213) x 4 0x8001440c
core   0: 0x80002b60 (0x00010797) auipc   a5, 0x10
core   0: 3 0x80002b60 (0x00010797) x15 0x80012b60
core   0: 0x80002b64 (0xa0f78793) addi    a5, a5, -1521
core   0: 3 0x80002b64 (0xa0f78793) x15 0x8001256f
core   0: 0x80002b68 (0xff422a03) lw      s4, -12(tp)
core   0: 3 0x80002b68 (0xff422a03) x20 0xb8b9babb mem 0x80014400
core   0: 0x80002b6c (0x0257a903) lw      s2, 37(a5)
core   0: 3 0x80002b6c (0x0257a903) x18 0x4c4d4e4f mem 0x80012594
core   0: 0x80002b70 (0x00f20103) lb      sp, 15(tp)
core   0: 3 0x80002b70 (0x00f20103) x 2 0xffffffd0 mem 0x8001441b
core   0: 0x80002b74 (0x02d7ae03) lw      t3, 45(a5)
core   0: 3 0x80002b74 (0x02d7ae03) x28 0x54555657 mem 0x8001259c
core   0: 0x80002b78 (0x00a7c183) lbu     gp, 10(a5)
core   0: 3 0x80002b78 (0x00a7c183) x 3 0x00000032 mem 0x80012579
core   0: 0x80002b7c (0x00d78903) lb      s2, 13(a5)
core   0: 3 0x80002b7c (0x00d78903) x18 0x00000037 mem 0x8001257c
core   0: 0x80002b80 (0xfe021b23) sh      zero, -10(tp)
core   0: 3 0x80002b80 (0xfe021b23) mem 0x80014402 0x0000
core   0: 0x80002b84 (0xffb20d83) lb      s11, -5(tp)
core   0: 3 0x80002b84 (0xffb20d83) x27 0xffffffbc mem 0x80014407
core   0: 0x80002b88 (0x03d78923) sb      t4, 50(a5)
core   0: 3 0x80002b88 (0x03d78923) mem 0x800125a1 0x55
core   0: 0x80002b8c (0x00221683) lh      a3, 2(tp)
core   0: 3 0x80002b8c (0x00221683) x13 0xffffc4c5 mem 0x8001440e
core   0: 0x80002b90 (0xfe478383) lb      t2, -28(a5)
core   0: 3 0x80002b90 (0xfe478383) x 7 0x00000008 mem 0x80012553
core   0: 0x80002b94 (0xfe478c23) sb      tp, -8(a5)
core   0: 3 0x80002b94 (0xfe478c23) mem 0x80012567 0xc
core   0: 0x80002b98 (0xffe21183) lh      gp, -2(tp)
core   0: 3 0x80002b98 (0xffe21183) x 3 0xffffc0c1 mem 0x8001440a
core   0: 0x80002b9c (0x0047cb03) lbu     s6, 4(a5)
core   0: 3 0x80002b9c (0x0047cb03) x22 0x00000028 mem 0x80012573
core   0: 0x80002ba0 (0xfec21b23) sh      a2, -10(tp)
core   0: 3 0x80002ba0 (0xfec21b23) mem 0x80014402 0x0000
core   0: 0x80002ba4 (0xffd20ba3) sb      t4, -9(tp)
core   0: 3 0x80002ba4 (0xffd20ba3) mem 0x80014403 0x55
core   0: 0x80002ba8 (0x00020e83) lb      t4, 0(tp)
core   0: 3 0x80002ba8 (0x00020e83) x29 0xffffffc7 mem 0x8001440c
core   0: 0x80002bac (0x03d7a903) lw      s2, 61(a5)
core   0: 3 0x80002bac (0x03d7a903) x18 0x64656667 mem 0x800125ac
core   0: 0x80002bb0 (0x0000ec17) auipc   s8, 0xe
core   0: 3 0x80002bb0 (0x0000ec17) x24 0x80010bb0
core   0: 0x80002bb4 (0xf91c0c13) addi    s8, s8, -111
core   0: 3 0x80002bb4 (0xf91c0c13) x24 0x80010b41
core   0: 0x80002bb8 (0x00004989) c.li    s3, 2
core   0: 3 0x80002bb8 (0x4989) x19 0x00000002
core   0: 0x80002bba (0x021a8833) mul     a6, s5, ra
core   0: 3 0x80002bba (0x021a8833) x16 0x00000ef4
core   0: 0x80002bbe (0x03607233) remu    tp, zero, s6
core   0: 3 0x80002bbe (0x03607233) x 4 0x00000000
core   0: 0x80002bc2 (0x03440eb3) mul     t4, s0, s4
core   0: 3 0x80002bc2 (0x03440eb3) x29 0xb455a7c0
core   0: 0x80002bc6 (0x00008f85) c.sub   a5, s1
core   0: 3 0x80002bc6 (0x8f85) x15 0x80012504
core   0: 0x80002bc8 (0x03ec4203) lbu     tp, 62(s8)
core   0: 3 0x80002bc8 (0x03ec4203) x 4 0x00000034 mem 0x80010b7f
core   0: 0x80002bcc (0x9d6c0b83) lb      s7, -1578(s8)
core   0: 3 0x80002bcc (0x9d6c0b83) x23 0xffffffcc mem 0x80010517
core   0: 0x80002bd0 (0x038cf6b3) remu    a3, s9, s8
core   0: 3 0x80002bd0 (0x038cf6b3) x13 0x000191a3
core   0: 0x80002bd4 (0x2b7c2383) lw      t2, 695(s8)
core   0: 3 0x80002bd4 (0x2b7c2383) x 7 0xb0b1b2b3 mem 0x80010df8
core   0: 0x80002bd8 (0x00000001) c.nop
core   0: 3 0x80002bd8 (0x0001)
core   0: 0x80002bda (0x036c41b3) div     gp, s8, s6
core   0: 3 0x80002bda (0x036c41b3) x 3 0xfcccd37c
core   0: 0x80002bde (0x00699e13) slli    t3, s3, 6
core   0: 3 0x80002bde (0x00699e13) x28 0x00000080
core   0: 0x80002be2 (0xbf2c0e23) sb      s2, -1028(s8)
core   0: 3 0x80002be2 (0xbf2c0e23) mem 0x8001073d 0x67
core   0: 0x80002be6 (0x010b05b3) add     a1, s6, a6
core   0: 3 0x80002be6 (0x010b05b3) x11 0x00000f1c
core   0: 0x80002bea (0x00000001) c.nop
core   0: 3 0x80002bea (0x0001)
core   0: 0x80002bec (0x039f4fb3) div     t6, t5, s9
core   0: 3 0x80002bec (0x039f4fb3) x31 0x00000000
core   0: 0x80002bf0 (0xd52c0583) lb      a1, -686(s8)
core   0: 3 0x80002bf0 (0xd52c0583) x11 0x00000048 mem 0x80010893
core   0: 0x80002bf4 (0xbf5c2fa3) sw      s5, -1025(s8)
core   0: 3 0x80002bf4 (0xbf5c2fa3) mem 0x80010740 0xffffff8c
core   0: 0x80002bf8 (0x800b0d93) addi    s11, s6, -2048
core   0: 3 0x80002bf8 (0x800b0d93) x27 0xfffff828
core   0: 0x80002bfc (0x96ac0283) lb      t0, -1686(s8)
core   0: 3 0x80002bfc (0x96ac0283) x 5 0x00000060 mem 0x800104ab
core   0: 0x80002c00 (0x007d3b33) sltu    s6, s10, t2
core   0: 3 0x80002c00 (0x007d3b33) x22 0x00000001
core   0: 0x80002c04 (0x00008ffe) c.mv    t6, t6
core   0: 3 0x80002c04 (0x8ffe) x31 0x00000000
core   0: 0x80002c06 (0x00c5b033) sltu    zero, a1, a2
core   0: 3 0x80002c06 (0x00c5b033)
core   0: 0x80002c0a (0x3e0c4f83) lbu     t6, 992(s8)
core   0: 3 0x80002c0a (0x3e0c4f83) x31 0x000000da mem 0x80010f21
core   0: 0x80002c0e (0x000086e9) c.srai  a3, 26
core   0: 3 0x80002c0e (0x86e9) x13 0x00000000
core   0: 0x80002c10 (0x01319d93) slli    s11, gp, 19
core   0: 3 0x80002c10 (0x01319d93) x27 0x9be00000
core   0: 0x80002c14 (0x009c0003) lb      zero, 9(s8)
core   0: 3 0x80002c14 (0x009c0003) mem 0x80010b4a
core   0: 0x80002c18 (0x247c5203) lhu     tp, 583(s8)
core   0: 3 0x80002c18 (0x247c5203) x 4 0x00004243 mem 0x80010d88
core   0: 0x80002c1c (0x0000ef97) auipc   t6, 0xe
core   0: 3 0x80002c1c (0x0000ef97) x31 0x80010c1c
core   0: 0x80002c20 (0x189f8f93) addi    t6, t6, 393
core   0: 3 0x80002c20 (0x189f8f93) x31 0x80010da5
core   0: 0x80002c24 (0xcf3f84a3) sb      s3, -791(t6)
core   0: 3 0x80002c24 (0xcf3f84a3) mem 0x80010a8e 0x2
core   0: 0x80002c28 (0x0000e197) auipc   gp, 0xe
core   0: 3 0x80002c28 (0x0000e197) x 3 0x80010c28
core   0: 0x80002c2c (0x0de18193) addi    gp, gp, 222
core   0: 3 0x80002c2c (0x0de18193) x 3 0x80010d06
core   0: 0x80002c30 (0x964f8783) lb      a5, -1692(t6)
core   0: 3 0x80002c30 (0x964f8783) x15 0xffffffc2 mem 0x80010709
core   0: 0x80002c34 (0x0051ce83) lbu     t4, 5(gp)
core   0: 3 0x80002c34 (0x0051ce83) x29 0x000000c0 mem 0x80010d0b
core   0: 0x80002c38 (0xff4f8e03) lb      t3, -12(t6)
core   0: 3 0x80002c38 (0xff4f8e03) x28 0x00000052 mem 0x80010d99
core   0: 0x80002c3c (0x00e18623) sb      a4, 12(gp)
core   0: 3 0x80002c3c (0x00e18623) mem 0x80010d12 0xae
core   0: 0x80002c40 (0x00d1c603) lbu     a2, 13(gp)
core   0: 3 0x80002c40 (0x00d1c603) x12 0x000000c8 mem 0x80010d13
core   0: 0x80002c44 (0x1f3f8783) lb      a5, 499(t6)
core   0: 3 0x80002c44 (0x1f3f8783) x15 0x00000053 mem 0x80010f98
core   0: 0x80002c48 (0xff11c703) lbu     a4, -15(gp)
core   0: 3 0x80002c48 (0xff11c703) x14 0x000000ac mem 0x80010cf7
core   0: 0x80002c4c (0x016181a3) sb      s6, 3(gp)
core   0: 3 0x80002c4c (0x016181a3) mem 0x80010d09 0x1
core   0: 0x80002c50 (0x85efc383) lbu     t2, -1954(t6)
core   0: 3 0x80002c50 (0x85efc383) x 7 0x000000b8 mem 0x80010603
core   0: 0x80002c54 (0x00d1ce83) lbu     t4, 13(gp)
core   0: 3 0x80002c54 (0x00d1ce83) x29 0x000000c8 mem 0x80010d13
core   0: 0x80002c58 (0x012182a3) sb      s2, 5(gp)
core   0: 3 0x80002c58 (0x012182a3) mem 0x80010d0b 0x67
core   0: 0x80002c5c (0x00019983) lh      s3, 0(gp)
core   0: 3 0x80002c5c (0x00019983) x19 0xffffbcbd mem 0x80010d06
core   0: 0x80002c60 (0x0080066f) jal     a2, pc + 0x8
core   0: 3 0x80002c60 (0x0080066f) x12 0x80002c64
core   0: 0x80002c68 (0x00002029) c.jal   pc + 10
core   0: 3 0x80002c68 (0x2029) x 1 0x80002c6a
core   0: 0x80002c72 (0xffbff36f) jal     t1, pc - 0x6
core   0: 3 0x80002c72 (0xffbff36f) x 6 0x80002c76
core   0: 0x80002c6c (0x0200026f) jal     tp, pc + 0x20
core   0: 3 0x80002c6c (0x0200026f) x 4 0x80002c70
core   0: 0x80002c8c (0x0000b7f5) c.j     pc - 20
core   0: 3 0x80002c8c (0xb7f5)
core   0: 0x80002c78 (0x00003ffd) c.jal   pc - 2
core   0: 3 0x80002c78 (0x3ffd) x 1 0x80002c7a
core   0: 0x80002c76 (0x0000202d) c.jal   pc + 42
core   0: 3 0x80002c76 (0x202d) x 1 0x80002c78
core   0: 0x80002ca0 (0xfdbffb6f) jal     s6, pc - 0x26
core   0: 3 0x80002ca0 (0xfdbffb6f) x22 0x80002ca4
core   0: 0x80002c7a (0x00002019) c.jal   pc + 6
core   0: 3 0x80002c7a (0x2019) x 1 0x80002c7c
core   0: 0x80002c80 (0x00002839) c.jal   pc + 30
core   0: 3 0x80002c80 (0x2839) x 1 0x80002c82
core   0: 0x80002c9e (0x00003fe5) c.jal   pc - 8
core   0: 3 0x80002c9e (0x3fe5) x 1 0x80002ca0
core   0: 0x80002c96 (0x0000bffd) c.j     pc - 2
core   0: 3 0x80002c96 (0xbffd)
core   0: 0x80002c94 (0x0000bfd9) c.j     pc - 42
core   0: 3 0x80002c94 (0xbfd9)
core   0: 0x80002c6a (0x00002005) c.jal   pc + 32
core   0: 3 0x80002c6a (0x2005) x 1 0x80002c6c
core   0: 0x80002c8a (0x000037dd) c.jal   pc - 26
core   0: 3 0x80002c8a (0x37dd) x 1 0x80002c8c
core   0: 0x80002c70 (0x0000a031) c.j     pc + 12
core   0: 3 0x80002c70 (0xa031)
core   0: 0x80002c7c (0x00a00a6f) jal     s4, pc + 0xa
core   0: 3 0x80002c7c (0x00a00a6f) x20 0x80002c80
core   0: 0x80002c86 (0x0160036f) jal     t1, pc + 0x16
core   0: 3 0x80002c86 (0x0160036f) x 6 0x80002c8a
core   0: 0x80002c9c (0x0000b7dd) c.j     pc - 26
core   0: 3 0x80002c9c (0xb7dd)
core   0: 0x80002c82 (0x00002819) c.jal   pc + 22
core   0: 3 0x80002c82 (0x2819) x 1 0x80002c84
core   0: 0x80002c98 (0x0000a009) c.j     pc + 2
core   0: 3 0x80002c98 (0xa009)
core   0: 0x80002c9a (0x0000b7e9) c.j     pc - 54
core   0: 3 0x80002c9a (0xb7e9)
core   0: 0x80002c64 (0x02e000ef) jal     pc + 0x2e
core   0: 3 0x80002c64 (0x02e000ef) x 1 0x80002c68
core   0: 0x80002c92 (0x0000bff5) c.j     pc - 4
core   0: 3 0x80002c92 (0xbff5)
core   0: 0x80002c8e (0xff7ff26f) jal     tp, pc - 0xa
core   0: 3 0x80002c8e (0xff7ff26f) x 4 0x80002c92
core   0: 0x80002c84 (0x00002005) c.jal   pc + 32
core   0: 3 0x80002c84 (0x2005) x 1 0x80002c86
core   0: 0x80002ca4 (0x03bb8db3) mul     s11, s7, s11
core   0: 3 0x80002ca4 (0x03bb8db3) x27 0x56800000
core   0: 0x80002ca8 (0x0000e117) auipc   sp, 0xe
core   0: 3 0x80002ca8 (0x0000e117) x 2 0x80010ca8
core   0: 0x80002cac (0x11410113) addi    sp, sp, 276
core   0: 3 0x80002cac (0x11410113) x 2 0x80010dbc
core   0: 0x80002cb0 (0x00008f65) c.and   a4, s1
core   0: 3 0x80002cb0 (0x8f65) x14 0x00000028
core   0: 0x80002cb2 (0x28410483) lb      s1, 644(sp)
core   0: 3 0x80002cb2 (0x28410483) x 9 0xfffffffb mem 0x80011040
core   0: 0x80002cb6 (0xb3310683) lb      a3, -1229(sp)
core   0: 3 0x80002cb6 (0xb3310683) x13 0xffffffa4 mem 0x800108ef
core   0: 0x80002cba (0x9ae10783) lb      a5, -1618(sp)
core   0: 3 0x80002cba (0x9ae10783) x15 0x00000021 mem 0x8001076a
core   0: 0x80002cbe (0xb26109a3) sb      t1, -1229(sp)
core   0: 3 0x80002cbe (0xb26109a3) mem 0x800108ef 0x8a
core   0: 0x80002cc2 (0x14211603) lh      a2, 322(sp)
core   0: 3 0x80002cc2 (0x14211603) x12 0xffffa1b5 mem 0x80010efe
core   0: 0x80002cc6 (0x24d10b23) sb      a3, 598(sp)
core   0: 3 0x80002cc6 (0x24d10b23) mem 0x80011012 0xa4
core   0: 0x80002cca (0xb1114203) lbu     tp, -1263(sp)
core   0: 3 0x80002cca (0xb1114203) x 4 0x00000086 mem 0x800108cd
core   0: 0x80002cce (0x01e07933) and     s2, zero, t5
core   0: 3 0x80002cce (0x01e07933) x18 0x00000000
core   0: 0x80002cd2 (0x000080e9) c.srli  s1, 26
core   0: 3 0x80002cd2 (0x80e9) x 9 0x0000003f
core   0: 0x80002cd4 (0xe6314f03) lbu     t5, -413(sp)
core   0: 3 0x80002cd4 (0xe6314f03) x30 0x000000d4 mem 0x80010c1f
core   0: 0x80002cd8 (0x016f7433) and     s0, t5, s6
core   0: 3 0x80002cd8 (0x016f7433) x 8 0x00000084
core   0: 0x80002cdc (0x00008ded) c.and   a1, a1
core   0: 3 0x80002cdc (0x8ded) x11 0x00000048
core   0: 0x80002cde (0x01151bb3) sll     s7, a0, a7
core   0: 3 0x80002cde (0x01151bb3) x23 0x000000d0
core   0: 0x80002ce2 (0x0e110183) lb      gp, 225(sp)
core   0: 3 0x80002ce2 (0x0e110183) x 3 0x00000056 mem 0x80010e9d
core   0: 0x80002ce6 (0xde011323) sh      zero, -538(sp)
core   0: 3 0x80002ce6 (0xde011323) mem 0x80010ba2 0x0000
core   0: 0x80002cea (0x00000001) c.nop
core   0: 3 0x80002cea (0x0001)
core   0: 0x80002cec (0x012f7bb3) and     s7, t5, s2
core   0: 3 0x80002cec (0x012f7bb3) x23 0x00000000
core   0: 0x80002cf0 (0x01b074b3) and     s1, zero, s11
core   0: 3 0x80002cf0 (0x01b074b3) x 9 0x00000000
core   0: 0x80002cf4 (0x0205e033) rem     zero, a1, zero
core   0: 3 0x80002cf4 (0x0205e033)
core   0: 0x80002cf8 (0x03db5033) divu    zero, s6, t4
core   0: 3 0x80002cf8 (0x03db5033)
core   0: 0x80002cfc (0xb9110f03) lb      t5, -1135(sp)
core   0: 3 0x80002cfc (0xb9110f03) x30 0x00000006 mem 0x8001094d
core   0: 0x80002d00 (0x4067d713) srai    a4, a5, 6
core   0: 3 0x80002d00 (0x4067d713) x14 0x00000000
core   0: 0x80002d04 (0xf32105a3) sb      s2, -213(sp)
core   0: 3 0x80002d04 (0xf32105a3) mem 0x80010ce7 0x0
core   0: 0x80002d08 (0x00005c7d) c.li    s8, -1
core   0: 3 0x80002d08 (0x5c7d) x24 0xffffffff
core   0: 0x80002d0a (0xd4910283) lb      t0, -695(sp)
core   0: 3 0x80002d0a (0xd4910283) x 5 0xffffffbe mem 0x80010b05
core   0: 0x80002d0e (0x4b3f4193) xori    gp, t5, 1203
core   0: 3 0x80002d0e (0x4b3f4193) x 3 0x000004b5
core   0: 0x80002d12 (0x00008c7d) c.and   s0, a5
core   0: 3 0x80002d12 (0x8c7d) x 8 0x00000000
core   0: 0x80002d14 (0x036d5eb3) divu    t4, s10, s6
core   0: 3 0x80002d14 (0x036d5eb3) x29 0x00000000
core   0: 0x80002d18 (0xaa9cfe93) andi    t4, s9, -1367
core   0: 3 0x80002d18 (0xaa9cfe93) x29 0x800298a0
core   0: 0x80002d1c (0x000091e2) c.add   gp, s8
core   0: 3 0x80002d1c (0x91e2) x 3 0x000004b4
core   0: 0x80002d1e (0x02844333) div     t1, s0, s0
core   0: 3 0x80002d1e (0x02844333) x 6 0xffffffff
core   0: 0x80002d22 (0xb59104a3) sb      s9, -1207(sp)
core   0: 3 0x80002d22 (0xb59104a3) mem 0x80010905 0xe4
core   0: 0x80002d26 (0x28b54797) auipc   a5, 0x28b54
core   0: 3 0x80002d26 (0x28b54797) x15 0xa8b56d26
core   0: 0x80002d2a (0x00000931) c.addi  s2, 12
core   0: 3 0x80002d2a (0x0931) x18 0x0000000c
core   0: 0x80002d2c (0x00000abe) c.slli  s5, 15
core   0: 3 0x80002d2c (0x0abe) x21 0xffc60000
core   0: 0x80002d2e (0x013b1593) slli    a1, s6, 19
core   0: 3 0x80002d2e (0x013b1593) x11 0x65200000
core   0: 0x80002d32 (0x000081fd) c.srli  a1, 31
core   0: 3 0x80002d32 (0x81fd) x11 0x00000000
core   0: 0x80002d34 (0x022d6fb3) rem     t6, s10, sp
core   0: 3 0x80002d34 (0x022d6fb3) x31 0x00000042
core   0: 0x80002d38 (0xd9010ca3) sb      a6, -615(sp)
core   0: 3 0x80002d38 (0xd9010ca3) mem 0x80010b55 0xf4
core   0: 0x80002d3c (0x000088d1) c.andi  s1, 20
core   0: 3 0x80002d3c (0x88d1) x 9 0x00000000
core   0: 0x80002d3e (0xb3510683) lb      a3, -1227(sp)
core   0: 3 0x80002d3e (0xb3510683) x13 0x0000002c mem 0x800108f1
core   0: 0x80002d42 (0x010cd593) srli    a1, s9, 16
core   0: 3 0x80002d42 (0x010cd593) x11 0x00008002
core   0: 0x80002d46 (0xa9c15183) lhu     gp, -1380(sp)
core   0: 3 0x80002d46 (0xa9c15183) x 3 0x00001213 mem 0x80010858
core   0: 0x80002d4a (0x00009e22) c.add   t3, s0
core   0: 3 0x80002d4a (0x9e22) x28 0x00000052
core   0: 0x80002d4c (0x03c9c933) div     s2, s3, t3
core   0: 3 0x80002d4c (0x03c9c933) x18 0xffffff2f
core   0: 0x80002d50 (0x0d310903) lb      s2, 211(sp)
core   0: 3 0x80002d50 (0x0d310903) x18 0x00000044 mem 0x80010e8f
core   0: 0x80002d54 (0x00600593) li      a1, 6
core   0: 3 0x80002d54 (0x00600593) x11 0x00000006
core   0: 0x80002d58 (0x000083c1) c.srli  a5, 16
core   0: 3 0x80002d58 (0x83c1) x15 0x0000a8b5
core   0: 0x80002d5a (0x00000001) c.nop
core   0: 3 0x80002d5a (0x0001)
core   0: 0x80002d5c (0x00008cb1) c.xor   s1, a2
core   0: 3 0x80002d5c (0x8cb1) x 9 0xffffa1b5
core   0: 0x80002d5e (0x000015f9) c.addi  a1, -2
core   0: 3 0x80002d5e (0x15f9) x11 0x00000004
core   0: 0x80002d60 (0x00200c13) li      s8, 2
core   0: 3 0x80002d60 (0x00200c13) x24 0x00000002
core   0: 0x80002d64 (0x00000432) c.slli  s0, 12
core   0: 3 0x80002d64 (0x0432) x 8 0x00000000
core   0: 0x80002d66 (0x00008389) c.srli  a5, 2
core   0: 3 0x80002d66 (0x8389) x15 0x00002a2d
core   0: 0x80002d68 (0xfff00293) li      t0, -1
core   0: 3 0x80002d68 (0xfff00293) x 5 0xffffffff
core   0: 0x80002d6c (0x023bd3b3) divu    t2, s7, gp
core   0: 3 0x80002d6c (0x023bd3b3) x 7 0x00000000
core   0: 0x80002d70 (0x00001c75) c.addi  s8, -3
core   0: 3 0x80002d70 (0x1c75) x24 0xffffffff
core   0: 0x80002d72 (0xfe5c0de3) beq     s8, t0, pc - 6
core   0: 3 0x80002d72 (0xfe5c0de3)
core   0: 0x80002d6c (0x023bd3b3) divu    t2, s7, gp
core   0: 3 0x80002d6c (0x023bd3b3) x 7 0x00000000
core   0: 0x80002d70 (0x00001c75) c.addi  s8, -3
core   0: 3 0x80002d70 (0x1c75) x24 0xfffffffc
core   0: 0x80002d72 (0xfe5c0de3) beq     s8, t0, pc - 6
core   0: 3 0x80002d72 (0xfe5c0de3)
core   0: 0x80002d76 (0x0000d1fd) c.beqz  a1, pc - 26
core   0: 3 0x80002d76 (0xd1fd)
core   0: 0x80002d78 (0xe7e58313) addi    t1, a1, -386
core   0: 3 0x80002d78 (0xe7e58313) x 6 0xfffffe82
core   0: 0x80002d7c (0x0001ba97) auipc   s5, 0x1b
core   0: 3 0x80002d7c (0x0001ba97) x21 0x8001dd7c
core   0: 0x80002d80 (0x4b0a8a93) addi    s5, s5, 1200
core   0: 3 0x80002d80 (0x4b0a8a93) x21 0x8001e22c
core   0: 0x80002d84 (0x00014317) auipc   t1, 0x14
core   0: 3 0x80002d84 (0x00014317) x 6 0x80016d84
core   0: 0x80002d88 (0x14f30313) addi    t1, t1, 335
core   0: 3 0x80002d88 (0x14f30313) x 6 0x80016ed3
core   0: 0x80002d8c (0x078aa803) lw      a6, 120(s5)
core   0: 3 0x80002d8c (0x078aa803) x16 0x5c5d5e5f mem 0x8001e2a4
core   0: 0x80002d90 (0xce334d03) lbu     s10, -797(t1)
core   0: 3 0x80002d90 (0xce334d03) x26 0x0000006d mem 0x80016bb6
core   0: 0x80002d94 (0xfc132283) lw      t0, -63(t1)
core   0: 3 0x80002d94 (0xfc132283) x 5 0x4c4d4e4f mem 0x80016e94
core   0: 0x80002d98 (0x045a8da3) sb      t0, 91(s5)
core   0: 3 0x80002d98 (0x045a8da3) mem 0x8001e287 0x4f
core   0: 0x80002d9c (0x085a8ca3) sb      t0, 153(s5)
core   0: 3 0x80002d9c (0x085a8ca3) mem 0x8001e2c5 0x4f
core   0: 0x80002da0 (0x006a8283) lb      t0, 6(s5)
core   0: 3 0x80002da0 (0x006a8283) x 5 0xffffffe9 mem 0x8001e232
core   0: 0x80002da4 (0xd7731203) lh      tp, -649(t1)
core   0: 3 0x80002da4 (0xd7731203) x 4 0x00000001 mem 0x80016c4a
core   0: 0x80002da8 (0x040aa783) lw      a5, 64(s5)
core   0: 3 0x80002da8 (0x040aa783) x15 0x24252627 mem 0x8001e26c
core   0: 0x80002dac (0x013a8da3) sb      s3, 27(s5)
core   0: 3 0x80002dac (0x013a8da3) mem 0x8001e247 0xbd
core   0: 0x80002db0 (0x4b734403) lbu     s0, 1207(t1)
core   0: 3 0x80002db0 (0x4b734403) x 8 0x00000041 mem 0x8001738a
core   0: 0x80002db4 (0xc4535283) lhu     t0, -955(t1)
core   0: 3 0x80002db4 (0xc4535283) x 5 0x0000d2d3 mem 0x80016b18
core   0: 0x80002db8 (0x0b2ad703) lhu     a4, 178(s5)
core   0: 3 0x80002db8 (0x0b2ad703) x14 0x00009495 mem 0x8001e2de
core   0: 0x80002dbc (0x005a87a3) sb      t0, 15(s5)
core   0: 3 0x80002dbc (0x005a87a3) mem 0x8001e23b 0xd3
core   0: 0x80002dc0 (0x0a7aa423) sw      t2, 168(s5)
core   0: 3 0x80002dc0 (0x0a7aa423) mem 0x8001e2d4 0x00000000
core   0: 0x80002dc4 (0x00015c17) auipc   s8, 0x15
core   0: 3 0x80002dc4 (0x00015c17) x24 0x80017dc4
core   0: 0x80002dc8 (0xe25c0c13) addi    s8, s8, -475
core   0: 3 0x80002dc8 (0xe25c0c13) x24 0x80017be9
core   0: 0x80002dcc (0x0000e417) auipc   s0, 0xe
core   0: 3 0x80002dcc (0x0000e417) x 8 0x80010dcc
core   0: 0x80002dd0 (0x9b740413) addi    s0, s0, -1609
core   0: 3 0x80002dd0 (0x9b740413) x 8 0x80010783
core   0: 0x80002dd4 (0xebfc0423) sb      t6, -344(s8)
core   0: 3 0x80002dd4 (0xebfc0423) mem 0x80017a91 0x42
core   0: 0x80002dd8 (0x2ffc0023) sb      t6, 736(s8)
core   0: 3 0x80002dd8 (0x2ffc0023) mem 0x80017ec9 0x42
core   0: 0x80002ddc (0x885c18a3) sh      t0, -1903(s8)
core   0: 3 0x80002ddc (0x885c18a3) mem 0x8001747a 0xd2d3
core   0: 0x80002de0 (0x49b45783) lhu     a5, 1179(s0)
core   0: 3 0x80002de0 (0x49b45783) x15 0x0000d4d5 mem 0x80010c1e
core   0: 0x80002de4 (0x47e42aa3) sw      t5, 1141(s0)
core   0: 3 0x80002de4 (0x47e42aa3) mem 0x80010bf8 0x00000006
core   0: 0x80002de8 (0xc66c1aa3) sh      t1, -907(s8)
core   0: 3 0x80002de8 (0xc66c1aa3) mem 0x8001785e 0x6ed3
core   0: 0x80002dec (0x84ec4383) lbu     t2, -1970(s8)
core   0: 3 0x80002dec (0x84ec4383) x 7 0x000000ec mem 0x80017437
core   0: 0x80002df0 (0xd88401a3) sb      s0, -637(s0)
core   0: 3 0x80002df0 (0xd88401a3) mem 0x80010506 0x83
core   0: 0x80002df4 (0x32340b23) sb      gp, 822(s0)
core   0: 3 0x80002df4 (0x32340b23) mem 0x80010ab9 0x13
core   0: 0x80002df8 (0x9f4c0ca3) sb      s4, -1543(s8)
core   0: 3 0x80002df8 (0x9f4c0ca3) mem 0x800175e2 0x80
core   0: 0x80002dfc (0x53540d23) sb      s5, 1338(s0)
core   0: 3 0x80002dfc (0x53540d23) mem 0x80010cbd 0x2c
core   0: 0x80002e00 (0x1df41083) lh      ra, 479(s0)
core   0: 3 0x80002e00 (0x1df41083) x 1 0x00001819 mem 0x80010962
core   0: 0x80002e04 (0x0000e097) auipc   ra, 0xe
core   0: 3 0x80002e04 (0x0000e097) x 1 0x80010e04
core   0: 0x80002e08 (0xd3808093) addi    ra, ra, -712
core   0: 3 0x80002e08 (0xd3808093) x 1 0x80010b3c
core   0: 0x80002e0c (0x0b30c003) lbu     zero, 179(ra)
core   0: 3 0x80002e0c (0x0b30c003) mem 0x80010bef
core   0: 0x80002e10 (0x80d08303) lb      t1, -2035(ra)
core   0: 3 0x80002e10 (0x80d08303) x 6 0x00000002 mem 0x80010349
core   0: 0x80002e14 (0x0001ae97) auipc   t4, 0x1a
core   0: 3 0x80002e14 (0x0001ae97) x29 0x8001ce14
core   0: 0x80002e18 (0x32ee8e93) addi    t4, t4, 814
core   0: 3 0x80002e18 (0x32ee8e93) x29 0x8001d142
core   0: 0x80002e1c (0xf49e8383) lb      t2, -183(t4)
core   0: 3 0x80002e1c (0xf49e8383) x 7 0x00000040 mem 0x8001d08b
core   0: 0x80002e20 (0x1fd0ca03) lbu     s4, 509(ra)
core   0: 3 0x80002e20 (0x1fd0ca03) x20 0x000000f2 mem 0x80010d39
core   0: 0x80002e24 (0xfd0e9d83) lh      s11, -48(t4)
core   0: 3 0x80002e24 (0xfd0e9d83) x27 0xffffc8c9 mem 0x8001d112
core   0: 0x80002e28 (0xf6de8da3) sb      a3, -133(t4)
core   0: 3 0x80002e28 (0xf6de8da3) mem 0x8001d0bd 0x2c
core   0: 0x80002e2c (0xc290c983) lbu     s3, -983(ra)
core   0: 3 0x80002e2c (0xc290c983) x19 0x0000001e mem 0x80010765
core   0: 0x80002e30 (0x0e4e8483) lb      s1, 228(t4)
core   0: 3 0x80002e30 (0x0e4e8483) x 9 0xffffffdd mem 0x8001d226
core   0: 0x80002e34 (0xb8f0c783) lbu     a5, -1137(ra)
core   0: 3 0x80002e34 (0xb8f0c783) x15 0x00000080 mem 0x800106cb
core   0: 0x80002e38 (0xf72eaf83) lw      t6, -142(t4)
core   0: 3 0x80002e38 (0xf72eaf83) x31 0x6c6d6e6f mem 0x8001d0b4
core   0: 0x80002e3c (0x0001b117) auipc   sp, 0x1b
core   0: 3 0x80002e3c (0x0001b117) x 2 0x8001de3c
core   0: 0x80002e40 (0x46210113) addi    sp, sp, 1122
core   0: 3 0x80002e40 (0x46210113) x 2 0x8001e29e
core   0: 0x80002e44 (0xff011d83) lh      s11, -16(sp)
core   0: 3 0x80002e44 (0xff011d83) x27 0x00004445 mem 0x8001e28e
core   0: 0x80002e48 (0x00008461) c.srai  s0, 24
core   0: 3 0x80002e48 (0x8461) x 8 0xffffff80
core   0: 0x80002e4a (0x01bf7f33) and     t5, t5, s11
core   0: 3 0x80002e4a (0x01bf7f33) x30 0x00000004
core   0: 0x80002e4e (0x03510603) lb      a2, 53(sp)
core   0: 3 0x80002e4e (0x03510603) x12 0xffffff88 mem 0x8001e2d3
core   0: 0x80002e52 (0x3b044e93) xori    t4, s0, 944
core   0: 3 0x80002e52 (0x3b044e93) x29 0xfffffc30
core   0: 0x80002e56 (0x00008c31) c.xor   s0, a2
core   0: 3 0x80002e56 (0x8c31) x 8 0x00000008
core   0: 0x80002e58 (0xfec11c23) sh      a2, -8(sp)
core   0: 3 0x80002e58 (0xfec11c23) mem 0x8001e296 0xff88
core   0: 0x80002e5c (0xfd011f03) lh      t5, -48(sp)
core   0: 3 0x80002e5c (0xfd011f03) x30 0x00002425 mem 0x8001e26e
core   0: 0x80002e60 (0xfe114603) lbu     a2, -31(sp)
core   0: 3 0x80002e60 (0xfe114603) x12 0x00000034 mem 0x8001e27f
core   0: 0x80002e64 (0x03b10aa3) sb      s11, 53(sp)
core   0: 3 0x80002e64 (0x03b10aa3) mem 0x8001e2d3 0x45
core   0: 0x80002e68 (0xffe10323) sb      t5, -26(sp)
core   0: 3 0x80002e68 (0xffe10323) mem 0x8001e284 0x25
core   0: 0x80002e6c (0x03e46db3) rem     s11, s0, t5
core   0: 3 0x80002e6c (0x03e46db3) x27 0x00000008
core   0: 0x80002e70 (0x02d10403) lb      s0, 45(sp)
core   0: 3 0x80002e70 (0x02d10403) x 8 0xffffff80 mem 0x8001e2cb
core   0: 0x80002e74 (0xfd910403) lb      s0, -39(sp)
core   0: 3 0x80002e74 (0xfd910403) x 8 0x0000002c mem 0x8001e277
core   0: 0x80002e78 (0xfe110403) lb      s0, -31(sp)
core   0: 3 0x80002e78 (0xfe110403) x 8 0x00000034 mem 0x8001e27f
core   0: 0x80002e7c (0x01dda633) slt     a2, s11, t4
core   0: 3 0x80002e7c (0x01dda633) x12 0x00000000
core   0: 0x80002e80 (0x00cf5f33) srl     t5, t5, a2
core   0: 3 0x80002e80 (0x00cf5f33) x30 0x00002425
core   0: 0x80002e84 (0xffc10ca3) sb      t3, -7(sp)
core   0: 3 0x80002e84 (0xffc10ca3) mem 0x8001e297 0x52
core   0: 0x80002e88 (0x03be4eb3) div     t4, t3, s11
core   0: 3 0x80002e88 (0x03be4eb3) x29 0x0000000a
core   0: 0x80002e8c (0xfc510d83) lb      s11, -59(sp)
core   0: 3 0x80002e8c (0xfc510d83) x27 0x00000018 mem 0x8001e263
core   0: 0x80002e90 (0xfe510403) lb      s0, -27(sp)
core   0: 3 0x80002e90 (0xfe510403) x 8 0x00000038 mem 0x8001e283
core   0: 0x80002e94 (0x01dd9433) sll     s0, s11, t4
core   0: 3 0x80002e94 (0x01dd9433) x 8 0x00006000
core   0: 0x80002e98 (0x00008c11) c.sub   s0, a2
core   0: 3 0x80002e98 (0x8c11) x 8 0x00006000
core   0: 0x80002e9a (0x00008841) c.andi  s0, 16
core   0: 3 0x80002e9a (0x8841) x 8 0x00000000
core   0: 0x80002e9c (0x01c10aa3) sb      t3, 21(sp)
core   0: 3 0x80002e9c (0x01c10aa3) mem 0x8001e2b3 0x52
core   0: 0x80002ea0 (0x00008e31) c.xor   a2, a2
core   0: 3 0x80002ea0 (0x8e31) x12 0x00000000
core   0: 0x80002ea2 (0x00114e83) lbu     t4, 1(sp)
core   0: 3 0x80002ea2 (0x00114e83) x29 0x00000054 mem 0x8001e29f
core   0: 0x80002ea6 (0xfd714e03) lbu     t3, -41(sp)
core   0: 3 0x80002ea6 (0xfd714e03) x28 0x0000002e mem 0x8001e275
core   0: 0x80002eaa (0x00014617) auipc   a2, 0x14
core   0: 3 0x80002eaa (0x00014617) x12 0x80016eaa
core   0: 0x80002eae (0xeaf60613) addi    a2, a2, -337
core   0: 3 0x80002eae (0xeaf60613) x12 0x80016d59
core   0: 0x80002eb2 (0x03d927b3) mulhsu  a5, s2, t4
core   0: 3 0x80002eb2 (0x03d927b3) x15 0x00000000
core   0: 0x80002eb6 (0x07561d03) lh      s10, 117(a2)
core   0: 3 0x80002eb6 (0x07561d03) x26 0xffff8485 mem 0x80016dce
core   0: 0x80002eba (0x07b60aa3) sb      s11, 117(a2)
core   0: 3 0x80002eba (0x07b60aa3) mem 0x80016dce 0x18
core   0: 0x80002ebe (0x07560203) lb      tp, 117(a2)
core   0: 3 0x80002ebe (0x07560203) x 4 0x00000018 mem 0x80016dce
core   0: 0x80002ec2 (0x07460aa3) sb      s4, 117(a2)
core   0: 3 0x80002ec2 (0x07460aa3) mem 0x80016dce 0xf2
core   0: 0x80002ec6 (0x0042a133) slt     sp, t0, tp
core   0: 3 0x80002ec6 (0x0042a133) x 2 0x00000000
core   0: 0x80002eca (0x07564703) lbu     a4, 117(a2)
core   0: 3 0x80002eca (0x07564703) x14 0x000000f2 mem 0x80016dce
core   0: 0x80002ece (0x06f61aa3) sh      a5, 117(a2)
core   0: 3 0x80002ece (0x06f61aa3) mem 0x80016dce 0x0000
core   0: 0x80002ed2 (0xfb960583) lb      a1, -71(a2)
core   0: 3 0x80002ed2 (0xfb960583) x11 0xffffffc9 mem 0x80016d12
core   0: 0x80002ed6 (0x08d61703) lh      a4, 141(a2)
core   0: 3 0x80002ed6 (0x08d61703) x14 0xffff9c9d mem 0x80016de6
core   0: 0x80002eda (0x090616a3) sh      a6, 141(a2)
core   0: 3 0x80002eda (0x090616a3) mem 0x80016de6 0x5e5f
core   0: 0x80002ede (0x08d60303) lb      t1, 141(a2)
core   0: 3 0x80002ede (0x08d60303) x 6 0x0000005f mem 0x80016de6
core   0: 0x80002ee2 (0x08d64003) lbu     zero, 141(a2)
core   0: 3 0x80002ee2 (0x08d64003) mem 0x80016de6
core   0: 0x80002ee6 (0x029a6933) rem     s2, s4, s1
core   0: 3 0x80002ee6 (0x029a6933) x18 0x00000020
core   0: 0x80002eea (0x08d64403) lbu     s0, 141(a2)
core   0: 3 0x80002eea (0x08d64403) x 8 0x0000005f mem 0x80016de6
core   0: 0x80002eee (0xf3160b03) lb      s6, -207(a2)
core   0: 3 0x80002eee (0xf3160b03) x22 0x00000041 mem 0x80016c8a
core   0: 0x80002ef2 (0x00015397) auipc   t2, 0x15
core   0: 3 0x80002ef2 (0x00015397) x 7 0x80017ef2
core   0: 0x80002ef6 (0xa0538393) addi    t2, t2, -1531
core   0: 3 0x80002ef6 (0xa0538393) x 7 0x800178f7
core   0: 0x80002efa (0x00008cb1) c.xor   s1, a2
core   0: 3 0x80002efa (0x8cb1) x 9 0x7ffe9284
core   0: 0x80002efc (0xff438483) lb      s1, -12(t2)
core   0: 3 0x80002efc (0xff438483) x 9 0xffffffa0 mem 0x800178eb
core   0: 0x80002f00 (0x0053d483) lhu     s1, 5(t2)
core   0: 3 0x80002f00 (0x0053d483) x 9 0x0000b6b7 mem 0x800178fc
core   0: 0x80002f04 (0xff53ab83) lw      s7, -11(t2)
core   0: 3 0x80002f04 (0xff53ab83) x23 0xa4a5a6a7 mem 0x800178ec
core   0: 0x80002f08 (0x000089b2) c.mv    s3, a2
core   0: 3 0x80002f08 (0x89b2) x19 0x80016d59
core   0: 0x80002f0a (0xfe338aa3) sb      gp, -11(t2)
core   0: 3 0x80002f0a (0xfe338aa3) mem 0x800178ec 0x13
core   0: 0x80002f0e (0x01338023) sb      s3, 0(t2)
core   0: 3 0x80002f0e (0x01338023) mem 0x800178f7 0x59
core   0: 0x80002f12 (0xffa38303) lb      t1, -6(t2)
core   0: 3 0x80002f12 (0xffa38303) x 6 0xffffffaa mem 0x800178f1
core   0: 0x80002f16 (0xffb3c183) lbu     gp, -5(t2)
core   0: 3 0x80002f16 (0xffb3c183) x 3 0x000000a9 mem 0x800178f2
core   0: 0x80002f1a (0xfff3c483) lbu     s1, -1(t2)
core   0: 3 0x80002f1a (0xfff3c483) x 9 0x000000ad mem 0x800178f6
core   0: 0x80002f1e (0x00938023) sb      s1, 0(t2)
core   0: 3 0x80002f1e (0x00938023) mem 0x800178f7 0xad
core   0: 0x80002f22 (0xff23c483) lbu     s1, -14(t2)
core   0: 3 0x80002f22 (0xff23c483) x 9 0x000000a2 mem 0x800178e9
core   0: 0x80002f26 (0x000049fd) c.li    s3, 31
core   0: 3 0x80002f26 (0x49fd) x19 0x0000001f
core   0: 0x80002f28 (0x0334fbb3) remu    s7, s1, s3
core   0: 3 0x80002f28 (0x0334fbb3) x23 0x00000007
core   0: 0x80002f2c (0x013384a3) sb      s3, 9(t2)
core   0: 3 0x80002f2c (0x013384a3) mem 0x80017900 0x1f
core   0: 0x80002f30 (0x0261bbb3) mulhu   s7, gp, t1
core   0: 3 0x80002f30 (0x0261bbb3) x23 0x000000a8
core   0: 0x80002f34 (0xe644a613) slti    a2, s1, -412
core   0: 3 0x80002f34 (0xe644a613) x12 0x00000000
core   0: 0x80002f38 (0xfe93aca3) sw      s1, -7(t2)
core   0: 3 0x80002f38 (0xfe93aca3) mem 0x800178f0 0x000000a2
core   0: 0x80002f3c (0x0033a6a3) sw      gp, 13(t2)
core   0: 3 0x80002f3c (0x0033a6a3) mem 0x80017904 0x000000a9
core   0: 0x80002f40 (0x00c38603) lb      a2, 12(t2)
core   0: 3 0x80002f40 (0x00c38603) x12 0xffffffb8 mem 0x80017903
core   0: 0x80002f44 (0x00c38983) lb      s3, 12(t2)
core   0: 3 0x80002f44 (0x00c38983) x19 0xffffffb8 mem 0x80017903
core   0: 0x80002f48 (0x7894e993) ori     s3, s1, 1929
core   0: 3 0x80002f48 (0x7894e993) x19 0x000007ab
core   0: 0x80002f4c (0x00c3c483) lbu     s1, 12(t2)
core   0: 3 0x80002f4c (0x00c3c483) x 9 0x000000b8 mem 0x80017903
core   0: 0x80002f50 (0x02637633) remu    a2, t1, t1
core   0: 3 0x80002f50 (0x02637633) x12 0x00000000
core   0: 0x80002f54 (0xff338d23) sb      s3, -6(t2)
core   0: 3 0x80002f54 (0xff338d23) mem 0x800178f1 0xab
core   0: 0x80002f58 (0x00c38603) lb      a2, 12(t2)
core   0: 3 0x80002f58 (0x00c38603) x12 0xffffffb8 mem 0x80017903
core   0: 0x80002f5c (0x0063c303) lbu     t1, 6(t2)
core   0: 3 0x80002f5c (0x0063c303) x 6 0x000000b6 mem 0x800178fd
core   0: 0x80002f60 (0x01bbdb93) srli    s7, s7, 27
core   0: 3 0x80002f60 (0x01bbdb93) x23 0x00000000
core   0: 0x80002f64 (0x01738323) sb      s7, 6(t2)
core   0: 3 0x80002f64 (0x01738323) mem 0x800178fd 0x0
core   0: 0x80002f68 (0x0093a303) lw      t1, 9(t2)
core   0: 3 0x80002f68 (0x0093a303) x 6 0xb8b9ba1f mem 0x80017900
core   0: 0x80002f6c (0x00e38183) lb      gp, 14(t2)
core   0: 3 0x80002f6c (0x00e38183) x 3 0x00000000 mem 0x80017905
core   0: 0x80002f70 (0x00006641) c.lui   a2, 0x10
core   0: 3 0x80002f70 (0x6641) x12 0x00010000
core   0: 0x80002f72 (0xfff39b83) lh      s7, -1(t2)
core   0: 3 0x80002f72 (0xfff39b83) x23 0xffffadad mem 0x800178f6
core   0: 0x80002f76 (0x00c38303) lb      t1, 12(t2)
core   0: 3 0x80002f76 (0x00c38303) x 6 0xffffffb8 mem 0x80017903
core   0: 0x80002f7a (0x00338323) sb      gp, 6(t2)
core   0: 3 0x80002f7a (0x00338323) mem 0x800178fd 0x0
core   0: 0x80002f7e (0x00f3c983) lbu     s3, 15(t2)
core   0: 3 0x80002f7e (0x00f3c983) x19 0x00000000 mem 0x80017906
core   0: 0x80002f82 (0x0139b9b3) sltu    s3, s3, s3
core   0: 3 0x80002f82 (0x0139b9b3) x19 0x00000000
core   0: 0x80002f86 (0x00008885) c.andi  s1, 1
core   0: 3 0x80002f86 (0x8885) x 9 0x00000000
core   0: 0x80002f88 (0x00938223) sb      s1, 4(t2)
core   0: 3 0x80002f88 (0x00938223) mem 0x800178fb 0x0
core   0: 0x80002f8c (0x00011497) auipc   s1, 0x11
core   0: 3 0x80002f8c (0x00011497) x 9 0x80013f8c
core   0: 0x80002f90 (0xf6948493) addi    s1, s1, -151
core   0: 3 0x80002f90 (0xf6948493) x 9 0x80013ef5
core   0: 0x80002f94 (0x0000d197) auipc   gp, 0xd
core   0: 3 0x80002f94 (0x0000d197) x 3 0x8000ff94
core   0: 0x80002f98 (0x4d418193) addi    gp, gp, 1236
core   0: 3 0x80002f98 (0x4d418193) x 3 0x80010468
core   0: 0x80002f9c (0xfff18983) lb      s3, -1(gp)
core   0: 3 0x80002f9c (0xfff18983) x19 0x0000001c mem 0x80010467
core   0: 0x80002fa0 (0xffd48c23) sb      t4, -8(s1)
core   0: 3 0x80002fa0 (0xffd48c23) mem 0x80013eed 0x54
core   0: 0x80002fa4 (0xffc1dd83) lhu     s11, -4(gp)
core   0: 3 0x80002fa4 (0xffc1dd83) x27 0x00001e1f mem 0x80010464
core   0: 0x80002fa8 (0x0014cd03) lbu     s10, 1(s1)
core   0: 3 0x80002fa8 (0x0014cd03) x26 0x000000ad mem 0x80013ef6
core   0: 0x80002fac (0xffa19b03) lh      s6, -6(gp)
core   0: 3 0x80002fac (0xffa19b03) x22 0x00001819 mem 0x80010462
core   0: 0x80002fb0 (0x00c48103) lb      sp, 12(s1)
core   0: 3 0x80002fb0 (0x00c48103) x 2 0xffffffba mem 0x80013f01
core   0: 0x80002fb4 (0xff04c583) lbu     a1, -16(s1)
core   0: 3 0x80002fb4 (0xff04c583) x11 0x0000009e mem 0x80013ee5
core   0: 0x80002fb8 (0xff648ea3) sb      s6, -3(s1)
core   0: 3 0x80002fb8 (0xff648ea3) mem 0x80013ef2 0x19
core   0: 0x80002fbc (0xff518083) lb      ra, -11(gp)
core   0: 3 0x80002fbc (0xff518083) x 1 0x00000016 mem 0x8001045d
core   0: 0x80002fc0 (0x00d18a83) lb      s5, 13(gp)
core   0: 3 0x80002fc0 (0x00d18a83) x21 0x0000002e mem 0x80010475
core   0: 0x80002fc4 (0xff149aa3) sh      a7, -11(s1)
core   0: 3 0x80002fc4 (0xff149aa3) mem 0x80013eea 0x5e64
core   0: 0x80002fc8 (0xff448c03) lb      s8, -12(s1)
core   0: 3 0x80002fc8 (0xff448c03) x24 0xffffffa2 mem 0x80013ee9
core   0: 0x80002fcc (0x00014d17) auipc   s10, 0x14
core   0: 3 0x80002fcc (0x00014d17) x26 0x80016fcc
core   0: 0x80002fd0 (0x25ad0d13) addi    s10, s10, 602
core   0: 3 0x80002fd0 (0x25ad0d13) x26 0x80017226
core   0: 0x80002fd4 (0xff5d2b23) sw      s5, -10(s10)
core   0: 3 0x80002fd4 (0xff5d2b23) mem 0x8001721c 0x0000002e
core   0: 0x80002fd8 (0x03ed72b3) remu    t0, s10, t5
core   0: 3 0x80002fd8 (0x03ed72b3) x 5 0x00000d2b
core   0: 0x80002fdc (0xff8d4f83) lbu     t6, -8(s10)
core   0: 3 0x80002fdc (0xff8d4f83) x31 0x00000000 mem 0x8001721e
core   0: 0x80002fe0 (0x00fd1323) sh      a5, 6(s10)
core   0: 3 0x80002fe0 (0x00fd1323) mem 0x8001722c 0x0000
core   0: 0x80002fe4 (0xff2d2403) lw      s0, -14(s10)
core   0: 3 0x80002fe4 (0xff2d2403) x 8 0xd0d1d2d3 mem 0x80017218
core   0: 0x80002fe8 (0xfe5d0ba3) sb      t0, -9(s10)
core   0: 3 0x80002fe8 (0xfe5d0ba3) mem 0x8001721d 0x2b
core   0: 0x80002fec (0x02085433) divu    s0, a6, zero
core   0: 3 0x80002fec (0x02085433) x 8 0xffffffff
core   0: 0x80002ff0 (0xf9e5ba93) sltiu   s5, a1, -98
core   0: 3 0x80002ff0 (0xf9e5ba93) x21 0x00000001
core   0: 0x80002ff4 (0x9e68ae17) auipc   t3, 0x9e68a
core   0: 3 0x80002ff4 (0x9e68ae17) x28 0x1e68cff4
core   0: 0x80002ff8 (0x009d4683) lbu     a3, 9(s10)
core   0: 3 0x80002ff8 (0x009d4683) x13 0x000000e4 mem 0x8001722f
core   0: 0x80002ffc (0xff2d09a3) sb      s2, -13(s10)
core   0: 3 0x80002ffc (0xff2d09a3) mem 0x80017219 0x20
core   0: 0x80003000 (0x007d4e83) lbu     t4, 7(s10)
core   0: 3 0x80003000 (0x007d4e83) x29 0x00000000 mem 0x8001722d
core   0: 0x80003004 (0xfffd0d83) lb      s11, -1(s10)
core   0: 3 0x80003004 (0xfffd0d83) x27 0xffffffde mem 0x80017225
core   0: 0x80003008 (0x001d0c03) lb      s8, 1(s10)
core   0: 3 0x80003008 (0x001d0c03) x24 0xffffffdc mem 0x80017227
core   0: 0x8000300c (0x02ffd5b3) divu    a1, t6, a5
core   0: 3 0x8000300c (0x02ffd5b3) x11 0xffffffff
core   0: 0x80003010 (0xf9737b13) andi    s6, t1, -105
core   0: 3 0x80003010 (0xf9737b13) x22 0xffffff90
core   0: 0x80003014 (0xffdd4f03) lbu     t5, -3(s10)
core   0: 3 0x80003014 (0xffdd4f03) x30 0x000000d8 mem 0x80017223
core   0: 0x80003018 (0x0000100f) fence.i
core   0: 3 0x80003018 (0x0000100f)
core   0: 0x8000301c (0x662c0a93) addi    s5, s8, 1634
core   0: 3 0x8000301c (0x662c0a93) x21 0x0000063e
core   0: 0x80003020 (0x00008c61) c.and   s0, s0
core   0: 3 0x80003020 (0x8c61) x 8 0xffffffff
core   0: 0x80003022 (0x012e4f33) xor     t5, t3, s2
core   0: 3 0x80003022 (0x012e4f33) x30 0x1e68cfd4
core   0: 0x80003026 (0x004d1783) lh      a5, 4(s10)
core   0: 3 0x80003026 (0x004d1783) x15 0xffffe0e1 mem 0x8001722a
core   0: 0x8000302a (0x1bf2c217) auipc   tp, 0x1bf2c
core   0: 3 0x8000302a (0x1bf2c217) x 4 0x9bf2f02a
core   0: 0x8000302e (0xff8d08a3) sb      s8, -15(s10)
core   0: 3 0x8000302e (0xff8d08a3) mem 0x80017217 0xdc
core   0: 0x80003032 (0x0085c633) xor     a2, a1, s0
core   0: 3 0x80003032 (0x0085c633) x12 0x00000000
core   0: 0x80003036 (0xffad0903) lb      s2, -6(s10)
core   0: 3 0x80003036 (0xffad0903) x18 0xffffffdb mem 0x80017220
core   0: 0x8000303a (0xff4d0f83) lb      t6, -12(s10)
core   0: 3 0x8000303a (0xff4d0f83) x31 0xffffffd1 mem 0x8001721a
core   0: 0x8000303e (0xff1d4e83) lbu     t4, -15(s10)
core   0: 3 0x8000303e (0xff1d4e83) x29 0x000000dc mem 0x80017217
core   0: 0x80003042 (0x000098fd) c.andi  s1, -1
core   0: 3 0x80003042 (0x98fd) x 9 0x80013ef5
core   0: 0x80003044 (0x010783b3) add     t2, a5, a6
core   0: 3 0x80003044 (0x010783b3) x 7 0x5c5d3f40
core   0: 0x80003048 (0x00dd0783) lb      a5, 13(s10)
core   0: 3 0x80003048 (0x00dd0783) x15 0xffffffe8 mem 0x80017233
core   0: 0x8000304c (0x19774613) xori    a2, a4, 407
core   0: 3 0x8000304c (0x19774613) x12 0xffff9d0a
core   0: 0x80003050 (0x006d1723) sh      t1, 14(s10)
core   0: 3 0x80003050 (0x006d1723) mem 0x80017234 0xffb8
core   0: 0x80003054 (0x03297133) remu    sp, s2, s2
core   0: 3 0x80003054 (0x03297133) x 2 0x00000000
core   0: 0x80003058 (0x0261b333) mulhu   t1, gp, t1
core   0: 3 0x80003058 (0x0261b333) x 6 0x80010443
core   0: 0x8000305c (0x01203233) snez    tp, s2
core   0: 3 0x8000305c (0x01203233) x 4 0x00000001
core   0: 0x80003060 (0xff5d0a83) lb      s5, -11(s10)
core   0: 3 0x80003060 (0xff5d0a83) x21 0xffffffd0 mem 0x8001721b
core   0: 0x80003064 (0x005d0603) lb      a2, 5(s10)
core   0: 3 0x80003064 (0x005d0603) x12 0xffffffe0 mem 0x8001722b
core   0: 0x80003068 (0x0000d817) auipc   a6, 0xd
core   0: 3 0x80003068 (0x0000d817) x16 0x80010068
core   0: 0x8000306c (0x46180813) addi    a6, a6, 1121
core   0: 3 0x8000306c (0x46180813) x16 0x800104c9
core   0: 0x80003070 (0x00015097) auipc   ra, 0x15
core   0: 3 0x80003070 (0x00015097) x 1 0x80018070
core   0: 0x80003074 (0x87f08093) addi    ra, ra, -1921
core   0: 3 0x80003074 (0x87f08093) x 1 0x800178ef
core   0: 0x80003078 (0xffe81fa3) sh      t5, -1(a6)
core   0: 3 0x80003078 (0xffe81fa3) mem 0x800104c8 0xcfd4
core   0: 0x8000307c (0x01b82403) lw      s0, 27(a6)
core   0: 3 0x8000307c (0x01b82403) x 8 0x9c9d9e9f mem 0x800104e4
core   0: 0x80003080 (0x7640c283) lbu     t0, 1892(ra)
core   0: 3 0x80003080 (0x7640c283) x 5 0x00000008 mem 0x80018053
core   0: 0x80003084 (0x01e80303) lb      t1, 30(a6)
core   0: 3 0x80003084 (0x01e80303) x 6 0xffffff9c mem 0x800104e7
core   0: 0x80003088 (0x00680723) sb      t1, 14(a6)
core   0: 3 0x80003088 (0x00680723) mem 0x800104d7 0x9c
core   0: 0x8000308c (0xff080123) sb      a6, -30(a6)
core   0: 3 0x8000308c (0xff080123) mem 0x800104ab 0xc9
core   0: 0x80003090 (0x01c810a3) sh      t3, 1(a6)
core   0: 3 0x80003090 (0x01c810a3) mem 0x800104ca 0xcff4
core   0: 0x80003094 (0x8a909fa3) sh      s1, -1857(ra)
core   0: 3 0x80003094 (0x8a909fa3) mem 0x800171ae 0x3ef5
core   0: 0x80003098 (0x023801a3) sb      gp, 35(a6)
core   0: 3 0x80003098 (0x023801a3) mem 0x800104ec 0x68
core   0: 0x8000309c (0xff785703) lhu     a4, -9(a6)
core   0: 3 0x8000309c (0xff785703) x14 0x00007a7b mem 0x800104c0
core   0: 0x800030a0 (0x9d50cc03) lbu     s8, -1579(ra)
core   0: 3 0x800030a0 (0x9d50cc03) x24 0x0000007f mem 0x800172c4
core   0: 0x800030a4 (0x3f00c583) lbu     a1, 1008(ra)
core   0: 3 0x800030a4 (0x3f00c583) x11 0x00000094 mem 0x80017cdf
core   0: 0x800030a8 (0x03d807a3) sb      t4, 47(a6)
core   0: 3 0x800030a8 (0x03d807a3) mem 0x800104f8 0xdc
core   0: 0x800030ac (0x5a708b03) lb      s6, 1447(ra)
core   0: 3 0x800030ac (0x5a708b03) x22 0x0000004d mem 0x80017e96
core   0: 0x800030b0 (0x0000de97) auipc   t4, 0xd
core   0: 3 0x800030b0 (0x0000de97) x29 0x800100b0
core   0: 0x800030b4 (0x091e8e93) addi    t4, t4, 145
core   0: 3 0x800030b4 (0x091e8e93) x29 0x80010141
core   0: 0x800030b8 (0x003e8623) sb      gp, 12(t4)
core   0: 3 0x800030b8 (0x003e8623) mem 0x8001014d 0x68
core   0: 0x800030bc (0x00011197) auipc   gp, 0x11
core   0: 3 0x800030bc (0x00011197) x 3 0x800140bc
core   0: 0x800030c0 (0xf5118193) addi    gp, gp, -175
core   0: 3 0x800030c0 (0xf5118193) x 3 0x8001400d
core   0: 0x800030c4 (0xff3ed083) lhu     ra, -13(t4)
core   0: 3 0x800030c4 (0xff3ed083) x 1 0x0000eeef mem 0x80010134
core   0: 0x800030c8 (0x011e8323) sb      a7, 6(t4)
core   0: 3 0x800030c8 (0x011e8323) mem 0x80010147 0x64
core   0: 0x800030cc (0x0341cd03) lbu     s10, 52(gp)
core   0: 3 0x800030cc (0x0341cd03) x26 0x000000fa mem 0x80014041
core   0: 0x800030d0 (0x00ae8223) sb      a0, 4(t4)
core   0: 3 0x800030d0 (0x00ae8223) mem 0x80010145 0xd
core   0: 0x800030d4 (0xfd518c23) sb      s5, -40(gp)
core   0: 3 0x800030d4 (0xfd518c23) mem 0x80013fe5 0xd0
core   0: 0x800030d8 (0xfeee8c23) sb      a4, -8(t4)
core   0: 3 0x800030d8 (0xfeee8c23) mem 0x80010139 0x7b
core   0: 0x800030dc (0xfc41cb83) lbu     s7, -60(gp)
core   0: 3 0x800030dc (0xfc41cb83) x23 0x0000008a mem 0x80013fd1
core   0: 0x800030e0 (0x00cec603) lbu     a2, 12(t4)
core   0: 3 0x800030e0 (0x00cec603) x12 0x00000068 mem 0x8001014d
core   0: 0x800030e4 (0x014194a3) sh      s4, 9(gp)
core   0: 3 0x800030e4 (0x014194a3) mem 0x80014016 0x00f2
core   0: 0x800030e8 (0xff418223) sb      s4, -28(gp)
core   0: 3 0x800030e8 (0xff418223) mem 0x80013ff1 0xf2
core   0: 0x800030ec (0x02f18aa3) sb      a5, 53(gp)
core   0: 3 0x800030ec (0x02f18aa3) mem 0x80014042 0xe8
core   0: 0x800030f0 (0xfe41cd83) lbu     s11, -28(gp)
core   0: 3 0x800030f0 (0xfe41cd83) x27 0x000000f2 mem 0x80013ff1
core   0: 0x800030f4 (0x006e8083) lb      ra, 6(t4)
core   0: 3 0x800030f4 (0x006e8083) x 1 0x00000064 mem 0x80010147
core   0: 0x800030f8 (0x00be81a3) sb      a1, 3(t4)
core   0: 3 0x800030f8 (0x00be81a3) mem 0x80010144 0x94
core   0: 0x800030fc (0xfc61cb03) lbu     s6, -58(gp)
core   0: 3 0x800030fc (0xfc61cb03) x22 0x00000088 mem 0x80013fd3
core   0: 0x80003100 (0xff7e8703) lb      a4, -9(t4)
core   0: 3 0x80003100 (0xff7e8703) x14 0xfffffff3 mem 0x80010138
core   0: 0x80003104 (0xfd81c083) lbu     ra, -40(gp)
core   0: 3 0x80003104 (0xfd81c083) x 1 0x000000d0 mem 0x80013fe5
core   0: 0x80003108 (0x0080066f) jal     a2, pc + 0x8
core   0: 3 0x80003108 (0x0080066f) x12 0x8000310c
core   0: 0x80003110 (0x004000ef) jal     pc + 0x4
core   0: 3 0x80003110 (0x004000ef) x 1 0x80003114
core   0: 0x80003114 (0x0000a011) c.j     pc + 4
core   0: 3 0x80003114 (0xa011)
core   0: 0x80003118 (0x0000a031) c.j     pc + 12
core   0: 3 0x80003118 (0xa031)
core   0: 0x80003124 (0x0000bfdd) c.j     pc - 10
core   0: 3 0x80003124 (0xbfdd)
core   0: 0x8000311a (0x0000bfcd) c.j     pc - 14
core   0: 3 0x8000311a (0xbfcd)
core   0: 0x8000310c (0x0000a819) c.j     pc + 22
core   0: 3 0x8000310c (0xa819)
core   0: 0x80003122 (0x000037f5) c.jal   pc - 20
core   0: 3 0x80003122 (0x37f5) x 1 0x80003124
core   0: 0x8000310e (0x00002809) c.jal   pc + 18
core   0: 3 0x8000310e (0x2809) x 1 0x80003110
core   0: 0x80003120 (0x00002019) c.jal   pc + 6
core   0: 3 0x80003120 (0x2019) x 1 0x80003122
core   0: 0x80003126 (0x0000bfc5) c.j     pc - 16
core   0: 3 0x80003126 (0xbfc5)
core   0: 0x80003116 (0x00002019) c.jal   pc + 6
core   0: 3 0x80003116 (0x2019) x 1 0x80003118
core   0: 0x8000311c (0x00c000ef) jal     pc + 0xc
core   0: 3 0x8000311c (0x00c000ef) x 1 0x80003120
core   0: 0x80003128 (0x41c1df13) srai    t5, gp, 28
core   0: 3 0x80003128 (0x41c1df13) x30 0xfffffff8
core   0: 0x8000312c (0x0000d397) auipc   t2, 0xd
core   0: 3 0x8000312c (0x0000d397) x 7 0x8001012c
core   0: 0x80003130 (0x07938393) addi    t2, t2, 121
core   0: 3 0x80003130 (0x07938393) x 7 0x800101a5
core   0: 0x80003134 (0x68638d23) sb      t1, 1690(t2)
core   0: 3 0x80003134 (0x68638d23) mem 0x8001083f 0x9c
core   0: 0x80003138 (0x07a393a3) sh      s10, 103(t2)
core   0: 3 0x80003138 (0x07a393a3) mem 0x8001020c 0x00fa
core   0: 0x8000313c (0x00016d17) auipc   s10, 0x16
core   0: 3 0x8000313c (0x00016d17) x26 0x8001913c
core   0: 0x80003140 (0x1e6d0d13) addi    s10, s10, 486
core   0: 3 0x80003140 (0x1e6d0d13) x26 0x80019322
core   0: 0x80003144 (0x3363c183) lbu     gp, 822(t2)
core   0: 3 0x80003144 (0x3363c183) x 3 0x00000090 mem 0x800104db
core   0: 0x80003148 (0x1f638523) sb      s6, 490(t2)
core   0: 3 0x80003148 (0x1f638523) mem 0x8001038f 0x88
core   0: 0x8000314c (0xfd9d4683) lbu     a3, -39(s10)
core   0: 3 0x8000314c (0xfd9d4683) x13 0x000000b0 mem 0x800192fb
core   0: 0x80003150 (0x53238803) lb      a6, 1330(t2)
core   0: 3 0x80003150 (0x53238803) x16 0xffffff8c mem 0x800106d7
core   0: 0x80003154 (0x036d1103) lh      sp, 54(s10)
core   0: 3 0x80003154 (0x036d1103) x 2 0x00001213 mem 0x80019358
core   0: 0x80003158 (0x02cd0983) lb      s3, 44(s10)
core   0: 3 0x80003158 (0x02cd0983) x19 0x00000005 mem 0x8001934e
core   0: 0x8000315c (0x4da38303) lb      t1, 1242(t2)
core   0: 3 0x8000315c (0x4da38303) x 6 0x00000034 mem 0x8001067f
core   0: 0x80003160 (0x039d4083) lbu     ra, 57(s10)
core   0: 3 0x80003160 (0x039d4083) x 1 0x00000010 mem 0x8001935b
core   0: 0x80003164 (0xfded4b03) lbu     s6, -34(s10)
core   0: 3 0x80003164 (0xfded4b03) x22 0x000000bb mem 0x80019300
core   0: 0x80003168 (0x7433d183) lhu     gp, 1859(t2)
core   0: 3 0x80003168 (0x7433d183) x 3 0x0000a2a3 mem 0x800108e8
core   0: 0x8000316c (0xfd0d1b23) sh      a6, -42(s10)
core   0: 3 0x8000316c (0xfd0d1b23) mem 0x800192f8 0xff8c
core   0: 0x80003170 (0x6773c603) lbu     a2, 1655(t2)
core   0: 3 0x80003170 (0x6773c603) x12 0x000000d7 mem 0x8001081c
core   0: 0x80003174 (0x00016317) auipc   t1, 0x16
core   0: 3 0x80003174 (0x00016317) x 6 0x80019174
core   0: 0x80003178 (0x4a530313) addi    t1, t1, 1189
core   0: 3 0x80003178 (0x4a530313) x 6 0x80019619
core   0: 0x8000317c (0x0000d697) auipc   a3, 0xd
core   0: 3 0x8000317c (0x0000d697) x13 0x8001017c
core   0: 0x80003180 (0x03268693) addi    a3, a3, 50
core   0: 3 0x80003180 (0x03268693) x13 0x800101ae
core   0: 0x80003184 (0x0ae34483) lbu     s1, 174(t1)
core   0: 3 0x80003184 (0x0ae34483) x 9 0x0000007c mem 0x800196c7
core   0: 0x80003188 (0x07d30623) sb      t4, 108(t1)
core   0: 3 0x80003188 (0x07d30623) mem 0x80019685 0x41
core   0: 0x8000318c (0xfd4311a3) sh      s4, -61(t1)
core   0: 3 0x8000318c (0xfd4311a3) mem 0x800195dc 0x00f2
core   0: 0x80003190 (0xf5e34703) lbu     a4, -162(t1)
core   0: 3 0x80003190 (0xf5e34703) x14 0x0000002c mem 0x80019577
core   0: 0x80003194 (0xf29316a3) sh      s1, -211(t1)
core   0: 3 0x80003194 (0xf29316a3) mem 0x80019546 0x007c
core   0: 0x80003198 (0xfa230003) lb      zero, -94(t1)
core   0: 3 0x80003198 (0xfa230003) mem 0x800195bb
core   0: 0x8000319c (0xfc630183) lb      gp, -58(t1)
core   0: 3 0x8000319c (0xfc630183) x 3 0xffffff94 mem 0x800195df
core   0: 0x800031a0 (0xfcb6cf03) lbu     t5, -53(a3)
core   0: 3 0x800031a0 (0xfcb6cf03) x30 0x00000032 mem 0x80010179
core   0: 0x800031a4 (0xfb9307a3) sb      s9, -81(t1)
core   0: 3 0x800031a4 (0xfb9307a3) mem 0x800195c8 0xe4
core   0: 0x800031a8 (0xfcf68283) lb      t0, -49(a3)
core   0: 3 0x800031a8 (0xfcf68283) x 5 0x00000036 mem 0x8001017d
core   0: 0x800031ac (0x0a535903) lhu     s2, 165(t1)
core   0: 3 0x800031ac (0x0a535903) x18 0x00007475 mem 0x800196be
core   0: 0x800031b0 (0xfd96c403) lbu     s0, -39(a3)
core   0: 3 0x800031b0 (0xfd96c403) x 8 0x0000003c mem 0x80010187
core   0: 0x800031b4 (0x0016c183) lbu     gp, 1(a3)
core   0: 3 0x800031b4 (0x0016c183) x 3 0x00000000 mem 0x800101af
core   0: 0x800031b8 (0xff469e83) lh      t4, -12(a3)
core   0: 3 0x800031b8 (0xff469e83) x29 0x00005859 mem 0x800101a2
core   0: 0x800031bc (0x025686a3) sb      t0, 45(a3)
core   0: 3 0x800031bc (0x025686a3) mem 0x800101db 0x36
core   0: 0x800031c0 (0x0306c803) lbu     a6, 48(a3)
core   0: 3 0x800031c0 (0x0306c803) x16 0x00000095 mem 0x800101de
core   0: 0x800031c4 (0x0c431ba3) sh      tp, 215(t1)
core   0: 3 0x800031c4 (0x0c431ba3) mem 0x800196f0 0x0001
core   0: 0x800031c8 (0x0001b317) auipc   t1, 0x1b
core   0: 3 0x800031c8 (0x0001b317) x 6 0x8001e1c8
core   0: 0x800031cc (0x97930313) addi    t1, t1, -1671
core   0: 3 0x800031cc (0x97930313) x 6 0x8001db41
core   0: 0x800031d0 (0x00011617) auipc   a2, 0x11
core   0: 3 0x800031d0 (0x00011617) x12 0x800141d0
core   0: 0x800031d4 (0x6d660613) addi    a2, a2, 1750
core   0: 3 0x800031d4 (0x6d660613) x12 0x800148a6
core   0: 0x800031d8 (0x00016f97) auipc   t6, 0x16
core   0: 3 0x800031d8 (0x00016f97) x31 0x800191d8
core   0: 0x800031dc (0x3c9f8f93) addi    t6, t6, 969
core   0: 3 0x800031dc (0x3c9f8f93) x31 0x800195a1
core   0: 0x800031e0 (0xfe135a03) lhu     s4, -31(t1)
core   0: 3 0x800031e0 (0xfe135a03) x20 0x0000d8d9 mem 0x8001db22
core   0: 0x800031e4 (0x00d60d83) lb      s11, 13(a2)
core   0: 3 0x800031e4 (0x00d60d83) x27 0x00000068 mem 0x800148b3
core   0: 0x800031e8 (0x031f8003) lb      zero, 49(t6)
core   0: 3 0x800031e8 (0x031f8003) mem 0x800195d2
core   0: 0x800031ec (0xfda30d23) sb      s10, -38(t1)
core   0: 3 0x800031ec (0xfda30d23) mem 0x8001db1b 0x22
core   0: 0x800031f0 (0xff760fa3) sb      s7, -1(a2)
core   0: 3 0x800031f0 (0xff760fa3) mem 0x800148a5 0x8a
core   0: 0x800031f4 (0xffd64c03) lbu     s8, -3(a2)
core   0: 3 0x800031f4 (0xffd64c03) x24 0x00000058 mem 0x800148a3
core   0: 0x800031f8 (0xfe2faba3) sw      sp, -9(t6)
core   0: 3 0x800031f8 (0xfe2faba3) mem 0x80019598 0x00001213
core   0: 0x800031fc (0x00764903) lbu     s2, 7(a2)
core   0: 3 0x800031fc (0x00764903) x18 0x00000066 mem 0x800148ad
core   0: 0x80003200 (0x003323a3) sw      gp, 7(t1)
core   0: 3 0x80003200 (0x003323a3) mem 0x8001db48 0x00000000
core   0: 0x80003204 (0xfc6fc783) lbu     a5, -58(t6)
core   0: 3 0x80003204 (0xfc6fc783) x15 0x0000001c mem 0x80019567
core   0: 0x80003208 (0x00260023) sb      sp, 0(a2)
core   0: 3 0x80003208 (0x00260023) mem 0x800148a6 0x13
core   0: 0x8000320c (0x00ef8ba3) sb      a4, 23(t6)
core   0: 3 0x8000320c (0x00ef8ba3) mem 0x800195b8 0x2c
core   0: 0x80003210 (0x01c34e03) lbu     t3, 28(t1)
core   0: 3 0x80003210 (0x01c34e03) x28 0x00000016 mem 0x8001db5d
core   0: 0x80003214 (0xfff64683) lbu     a3, -1(a2)
core   0: 3 0x80003214 (0xfff64683) x13 0x0000008a mem 0x800148a5
core   0: 0x80003218 (0xfcf35403) lhu     s0, -49(t1)
core   0: 3 0x80003218 (0xfcf35403) x 8 0x0000cacb mem 0x8001db10
core   0: 0x8000321c (0xff960a23) sb      s9, -12(a2)
core   0: 3 0x8000321c (0xff960a23) mem 0x8001489a 0xe4
core   0: 0x80003220 (0x00afc983) lbu     s3, 10(t6)
core   0: 3 0x80003220 (0x00afc983) x19 0x00000060 mem 0x800195ab
core   0: 0x80003224 (0x00800713) li      a4, 8
core   0: 3 0x80003224 (0x00800713) x14 0x00000008
core   0: 0x80003228 (0x00700993) li      s3, 7
core   0: 3 0x80003228 (0x00700993) x19 0x00000007
core   0: 0x8000322c (0x35924c13) xori    s8, tp, 857
core   0: 3 0x8000322c (0x35924c13) x24 0x00000358
core   0: 0x80003230 (0x0000177d) c.addi  a4, -1
core   0: 3 0x80003230 (0x177d) x14 0x00000007
core   0: 0x80003232 (0xff377de3) bgeu    a4, s3, pc - 6
core   0: 3 0x80003232 (0xff377de3)
core   0: 0x8000322c (0x35924c13) xori    s8, tp, 857
core   0: 3 0x8000322c (0x35924c13) x24 0x00000358
core   0: 0x80003230 (0x0000177d) c.addi  a4, -1
core   0: 3 0x80003230 (0x177d) x14 0x00000006
core   0: 0x80003232 (0xff377de3) bgeu    a4, s3, pc - 6
core   0: 3 0x80003232 (0xff377de3)
core   0: 0x80003236 (0x0144f1b3) and     gp, s1, s4
core   0: 3 0x80003236 (0x0144f1b3) x 3 0x00000058
core   0: 0x8000323a (0x0280066f) jal     a2, pc + 0x28
core   0: 3 0x8000323a (0x0280066f) x12 0x8000323e
core   0: 0x80003262 (0x00002009) c.jal   pc + 2
core   0: 3 0x80003262 (0x2009) x 1 0x80003264
core   0: 0x80003264 (0xff7ff96f) jal     s2, pc - 0xa
core   0: 3 0x80003264 (0xff7ff96f) x18 0x80003268
core   0: 0x8000325a (0x0000b7ed) c.j     pc - 22
core   0: 3 0x8000325a (0xb7ed)
core   0: 0x80003244 (0x00002801) c.jal   pc + 16
core   0: 3 0x80003244 (0x2801) x 1 0x80003246
core   0: 0x80003254 (0x000037f5) c.jal   pc - 20
core   0: 3 0x80003254 (0x37f5) x 1 0x80003256
core   0: 0x80003240 (0x012000ef) jal     pc + 0x12
core   0: 3 0x80003240 (0x012000ef) x 1 0x80003244
core   0: 0x80003252 (0x00003ffd) c.jal   pc - 2
core   0: 3 0x80003252 (0x3ffd) x 1 0x80003254
core   0: 0x80003250 (0x0000bff5) c.j     pc - 4
core   0: 3 0x80003250 (0xbff5)
core   0: 0x8000324c (0x00a003ef) jal     t2, pc + 0xa
core   0: 3 0x8000324c (0x00a003ef) x 7 0x80003250
core   0: 0x80003256 (0xff3ff0ef) jal     pc - 0xe
core   0: 3 0x80003256 (0xff3ff0ef) x 1 0x8000325a
core   0: 0x80003248 (0x020000ef) jal     pc + 0x20
core   0: 3 0x80003248 (0x020000ef) x 1 0x8000324c
core   0: 0x80003268 (0x0000bfe5) c.j     pc - 8
core   0: 3 0x80003268 (0xbfe5)
core   0: 0x80003260 (0x0000bff5) c.j     pc - 4
core   0: 3 0x80003260 (0xbff5)
core   0: 0x8000325c (0xfebff0ef) jal     pc - 0x16
core   0: 3 0x8000325c (0xfebff0ef) x 1 0x80003260
core   0: 0x80003246 (0x0000bfe5) c.j     pc - 8
core   0: 3 0x80003246 (0xbfe5)
core   0: 0x8000323e (0x00002035) c.jal   pc + 44
core   0: 3 0x8000323e (0x2035) x 1 0x80003240
core   0: 0x8000326a (0x00008345) c.srli  a4, 17
core   0: 3 0x8000326a (0x8345) x14 0x00000000
core   0: 0x8000326c (0x0000ef17) auipc   t5, 0xe
core   0: 3 0x8000326c (0x0000ef17) x30 0x8001126c
core   0: 0x80003270 (0xad8f0f13) addi    t5, t5, -1320
core   0: 3 0x80003270 (0xad8f0f13) x30 0x80010d44
core   0: 0x80003274 (0x00011997) auipc   s3, 0x11
core   0: 3 0x80003274 (0x00011997) x19 0x80014274
core   0: 0x80003278 (0x1db98993) addi    s3, s3, 475
core   0: 3 0x80003278 (0x1db98993) x19 0x8001444f
core   0: 0x8000327c (0xfec9c303) lbu     t1, -20(s3)
core   0: 3 0x8000327c (0xfec9c303) x 6 0x000000f0 mem 0x8001443b
core   0: 0x80003280 (0xf7bf0d23) sb      s11, -134(t5)
core   0: 3 0x80003280 (0xf7bf0d23) mem 0x80010cbe 0x68
core   0: 0x80003284 (0xfef9c583) lbu     a1, -17(s3)
core   0: 3 0x80003284 (0xfef9c583) x11 0x000000f5 mem 0x8001443e
core   0: 0x80003288 (0x022f0083) lb      ra, 34(t5)
core   0: 3 0x80003288 (0x022f0083) x 1 0x0000001d mem 0x80010d66
core   0: 0x8000328c (0xf0e9c583) lbu     a1, -242(s3)
core   0: 3 0x8000328c (0xf0e9c583) x11 0x00000016 mem 0x8001435d
core   0: 0x80003290 (0x093f4683) lbu     a3, 147(t5)
core   0: 3 0x80003290 (0x093f4683) x13 0x0000008c mem 0x80010dd7
core   0: 0x80003294 (0xffaf4d03) lbu     s10, -6(t5)
core   0: 3 0x80003294 (0xffaf4d03) x26 0x000000f5 mem 0x80010d3e
core   0: 0x80003298 (0x0fa98c03) lb      s8, 250(s3)
core   0: 3 0x80003298 (0x0fa98c03) x24 0x00000002 mem 0x80014549
core   0: 0x8000329c (0x00b98103) lb      sp, 11(s3)
core   0: 3 0x8000329c (0x00b98103) x 2 0x00000011 mem 0x8001445a
core   0: 0x800032a0 (0x0fbf0a23) sb      s11, 244(t5)
core   0: 3 0x800032a0 (0x0fbf0a23) mem 0x80010e38 0x68
core   0: 0x800032a4 (0xf84f4603) lbu     a2, -124(t5)
core   0: 3 0x800032a4 (0xf84f4603) x12 0x00000083 mem 0x80010cc8
core   0: 0x800032a8 (0x0cd98323) sb      a3, 198(s3)
core   0: 3 0x800032a8 (0x0cd98323) mem 0x80014515 0x8c
core   0: 0x800032ac (0x034f00a3) sb      s4, 33(t5)
core   0: 3 0x800032ac (0x034f00a3) mem 0x80010d65 0xd9
core   0: 0x800032b0 (0xfe1987a3) sb      ra, -17(s3)
core   0: 3 0x800032b0 (0xfe1987a3) mem 0x8001443e 0x1d
core   0: 0x800032b4 (0x033f4f83) lbu     t6, 51(t5)
core   0: 3 0x800032b4 (0x033f4f83) x31 0x0000002c mem 0x80010d77
core   0: 0x800032b8 (0xf9ff4a03) lbu     s4, -97(t5)
core   0: 3 0x800032b8 (0xf9ff4a03) x20 0x00000098 mem 0x80010ce3
core   0: 0x800032bc (0xf2098223) sb      zero, -220(s3)
core   0: 3 0x800032bc (0xf2098223) mem 0x80014373 0x0
core   0: 0x800032c0 (0x0001d297) auipc   t0, 0x1d
core   0: 3 0x800032c0 (0x0001d297) x 5 0x800202c0
core   0: 0x800032c4 (0x6db28293) addi    t0, t0, 1755
core   0: 3 0x800032c4 (0x6db28293) x 5 0x8002099b
core   0: 0x800032c8 (0x5f8b0f13) addi    t5, s6, 1528
core   0: 3 0x800032c8 (0x5f8b0f13) x30 0x000006b3
core   0: 0x800032cc (0x0000047d) c.addi  s0, 31
core   0: 3 0x800032cc (0x047d) x 8 0x0000caea
core   0: 0x800032ce (0xc3828623) sb      s8, -980(t0)
core   0: 3 0x800032ce (0xc3828623) mem 0x800205c7 0x2
core   0: 0x800032d2 (0xc962cb03) lbu     s6, -874(t0)
core   0: 3 0x800032d2 (0xc962cb03) x22 0x000000ea mem 0x80020631
core   0: 0x800032d6 (0x038eab33) mulhsu  s6, t4, s8
core   0: 3 0x800032d6 (0x038eab33) x22 0x00000000
core   0: 0x800032da (0x9fd6bf13) sltiu   t5, a3, -1539
core   0: 3 0x800032da (0x9fd6bf13) x30 0x00000001
core   0: 0x800032de (0xba52db03) lhu     s6, -1115(t0)
core   0: 3 0x800032de (0xba52db03) x22 0x0000fafb mem 0x80020540
core   0: 0x800032e2 (0x56829fa3) sh      s0, 1407(t0)
core   0: 3 0x800032e2 (0x56829fa3) mem 0x80020f1a 0xcaea
core   0: 0x800032e6 (0x00d42f33) slt     t5, s0, a3
core   0: 3 0x800032e6 (0x00d42f33) x30 0x00000000
core   0: 0x800032ea (0x000086ed) c.srai  a3, 27
core   0: 3 0x800032ea (0x86ed) x13 0x00000000
core   0: 0x800032ec (0x82428403) lb      s0, -2012(t0)
core   0: 3 0x800032ec (0x82428403) x 8 0x00000074 mem 0x800201bf
core   0: 0x800032f0 (0xe6828523) sb      s0, -406(t0)
core   0: 3 0x800032f0 (0xe6828523) mem 0x80020805 0x74
core   0: 0x800032f4 (0x000086c5) c.srai  a3, 17
core   0: 3 0x800032f4 (0x86c5) x13 0x00000000
core   0: 0x800032f6 (0xfa92cc03) lbu     s8, -87(t0)
core   0: 3 0x800032f6 (0xfa92cc03) x24 0x000000ff mem 0x80020944
core   0: 0x800032fa (0x3fb2c403) lbu     s0, 1019(t0)
core   0: 3 0x800032fa (0x3fb2c403) x 8 0x0000004d mem 0x80020d96
core   0: 0x800032fe (0x40d68b33) sub     s6, a3, a3
core   0: 3 0x800032fe (0x40d68b33) x22 0x00000000
core   0: 0x80003302 (0x0b428e83) lb      t4, 180(t0)
core   0: 3 0x80003302 (0x0b428e83) x29 0x00000004 mem 0x80020a4f
core   0: 0x80003306 (0xad62cf03) lbu     t5, -1322(t0)
core   0: 3 0x80003306 (0xad62cf03) x30 0x0000002a mem 0x80020471
core   0: 0x8000330a (0x41ef5f33) sra     t5, t5, t5
core   0: 3 0x8000330a (0x41ef5f33) x30 0x00000000
core   0: 0x8000330e (0x038f4eb3) div     t4, t5, s8
core   0: 3 0x8000330e (0x038f4eb3) x29 0x00000000
core   0: 0x80003312 (0x8661ff17) auipc   t5, 0x8661f
core   0: 3 0x80003312 (0x8661ff17) x30 0x06622312
core   0: 0x80003316 (0xd48296a3) sh      s0, -691(t0)
core   0: 3 0x80003316 (0xd48296a3) mem 0x800206e8 0x004d
core   0: 0x8000331a (0x8be2aaa3) sw      t5, -1867(t0)
core   0: 3 0x8000331a (0x8be2aaa3) mem 0x80020250 0x06622312
core   0: 0x8000331e (0x6812cb03) lbu     s6, 1665(t0)
core   0: 3 0x8000331e (0x6812cb03) x22 0x000000d7 mem 0x8002101c
core   0: 0x80003322 (0x09228b03) lb      s6, 146(t0)
core   0: 3 0x80003322 (0x09228b03) x22 0xffffffe6 mem 0x80020a2d
core   0: 0x80003326 (0xf7c2cb03) lbu     s6, -132(t0)
core   0: 3 0x80003326 (0xf7c2cb03) x22 0x000000cc mem 0x80020917
core   0: 0x8000332a (0xd9828aa3) sb      s8, -619(t0)
core   0: 3 0x8000332a (0xd9828aa3) mem 0x80020730 0xff
core   0: 0x8000332e (0xea428683) lb      a3, -348(t0)
core   0: 3 0x8000332e (0xea428683) x13 0xfffffff4 mem 0x8002083f
core   0: 0x80003332 (0xc6bfc437) lui     s0, 0xc6bfc
core   0: 3 0x80003332 (0xc6bfc437) x 8 0xc6bfc000
core   0: 0x80003336 (0xe5e2a4a3) sw      t5, -439(t0)
core   0: 3 0x80003336 (0xe5e2a4a3) mem 0x800207e4 0x06622312
core   0: 0x8000333a (0x00008461) c.srai  s0, 24
core   0: 3 0x8000333a (0x8461) x 8 0xffffffc6
core   0: 0x8000333c (0x000086d5) c.srai  a3, 21
core   0: 3 0x8000333c (0x86d5) x13 0xffffffff
core   0: 0x8000333e (0xc2828823) sb      s0, -976(t0)
core   0: 3 0x8000333e (0xc2828823) mem 0x800205cb 0xc6
core   0: 0x80003342 (0x74bb3693) sltiu   a3, s6, 1867
core   0: 3 0x80003342 (0x74bb3693) x13 0x00000001
core   0: 0x80003346 (0xefe28423) sb      t5, -280(t0)
core   0: 3 0x80003346 (0xefe28423) mem 0x80020883 0x12
core   0: 0x8000334a (0x0542cf03) lbu     t5, 84(t0)
core   0: 3 0x8000334a (0x0542cf03) x30 0x000000a4 mem 0x800209ef
core   0: 0x8000334e (0xea468693) addi    a3, a3, -348
core   0: 3 0x8000334e (0xea468693) x13 0xfffffea5
core   0: 0x80003352 (0xcb628c03) lb      s8, -842(t0)
core   0: 3 0x80003352 (0xcb628c03) x24 0x0000000a mem 0x80020651
core   0: 0x80003356 (0xb98281a3) sb      s8, -1149(t0)
core   0: 3 0x80003356 (0xb98281a3) mem 0x8002051e 0xa
core   0: 0x8000335a (0xd3628403) lb      s0, -714(t0)
core   0: 3 0x8000335a (0xd3628403) x 8 0xffffff8a mem 0x800206d1
core   0: 0x8000335e (0x0000da17) auipc   s4, 0xd
core   0: 3 0x8000335e (0x0000da17) x20 0x8001035e
core   0: 0x80003362 (0x1b8a0a13) addi    s4, s4, 440
core   0: 3 0x80003362 (0x1b8a0a13) x20 0x80010516
core   0: 0x80003366 (0x0000df17) auipc   t5, 0xd
core   0: 3 0x80003366 (0x0000df17) x30 0x80010366
core   0: 0x8000336a (0x1b1f0f13) addi    t5, t5, 433
core   0: 3 0x8000336a (0x1b1f0f13) x30 0x80010517
core   0: 0x8000336e (0x0000d617) auipc   a2, 0xd
core   0: 3 0x8000336e (0x0000d617) x12 0x8001036e
core   0: 0x80003372 (0x6a460613) addi    a2, a2, 1700
core   0: 3 0x80003372 (0x6a460613) x12 0x80010a12
core   0: 0x80003376 (0x06a60ea3) sb      a0, 125(a2)
core   0: 3 0x80003376 (0x06a60ea3) mem 0x80010a8f 0xd
core   0: 0x8000337a (0x0000d697) auipc   a3, 0xd
core   0: 3 0x8000337a (0x0000d697) x13 0x8001037a
core   0: 0x8000337e (0x4b768693) addi    a3, a3, 1207
core   0: 3 0x8000337e (0x4b768693) x13 0x80010831
core   0: 0x80003382 (0xfdc61903) lh      s2, -36(a2)
core   0: 3 0x80003382 (0xfdc61903) x18 0xffffa4a5 mem 0x800109ee
core   0: 0x80003386 (0xf18f0403) lb      s0, -232(t5)
core   0: 3 0x80003386 (0xf18f0403) x 8 0xffffffe4 mem 0x8001042f
core   0: 0x8000338a (0x024a0703) lb      a4, 36(s4)
core   0: 3 0x8000338a (0x024a0703) x14 0x00000002 mem 0x8001053a
core   0: 0x8000338e (0x0e762b23) sw      t2, 246(a2)
core   0: 3 0x8000338e (0x0e762b23) mem 0x80010b08 0x80003250
core   0: 0x80003392 (0xfd8f4203) lbu     tp, -40(t5)
core   0: 3 0x80003392 (0xfd8f4203) x 4 0x000000a4 mem 0x800104ef
core   0: 0x80003396 (0x00768b83) lb      s7, 7(a3)
core   0: 3 0x80003396 (0x00768b83) x23 0xfffffff3 mem 0x80010838
core   0: 0x8000339a (0xfd2a4183) lbu     gp, -46(s4)
core   0: 3 0x8000339a (0xfd2a4183) x 3 0x000000a3 mem 0x800104e8
core   0: 0x8000339e (0x01aa1583) lh      a1, 26(s4)
core   0: 3 0x8000339e (0x01aa1583) x11 0xffffeaeb mem 0x80010530
core   0: 0x800033a2 (0x0000de97) auipc   t4, 0xd
core   0: 3 0x800033a2 (0x0000de97) x29 0x800103a2
core   0: 0x800033a6 (0x772e8e93) addi    t4, t4, 1906
core   0: 3 0x800033a6 (0x772e8e93) x29 0x80010b14
core   0: 0x800033aa (0xffa68b03) lb      s6, -6(a3)
core   0: 3 0x800033aa (0xffa68b03) x22 0xffffff80 mem 0x8001082b
core   0: 0x800033ae (0xff66c983) lbu     s3, -10(a3)
core   0: 3 0x800033ae (0xff66c983) x19 0x000000dc mem 0x80010827
core   0: 0x800033b2 (0x00468203) lb      tp, 4(a3)
core   0: 3 0x800033b2 (0x00468203) x 4 0xffffffee mem 0x80010835
core   0: 0x800033b6 (0xff8a4003) lbu     zero, -8(s4)
core   0: 3 0x800033b6 (0xff8a4003) mem 0x8001050e
core   0: 0x800033ba (0xfc864d03) lbu     s10, -56(a2)
core   0: 3 0x800033ba (0xfc864d03) x26 0x00000091 mem 0x800109da
core   0: 0x800033be (0xff068a83) lb      s5, -16(a3)
core   0: 3 0x800033be (0xff068a83) x21 0xffffffda mem 0x80010821
core   0: 0x800033c2 (0xffe6cb03) lbu     s6, -2(a3)
core   0: 3 0x800033c2 (0xffe6cb03) x22 0x000000e4 mem 0x8001082f
core   0: 0x800033c6 (0xfe3f0623) sb      gp, -20(t5)
core   0: 3 0x800033c6 (0xfe3f0623) mem 0x80010503 0xa3
core   0: 0x800033ca (0xff2a5703) lhu     a4, -14(s4)
core   0: 3 0x800033ca (0xff2a5703) x14 0x0000c2c3 mem 0x80010508
core   0: 0x800033ce (0x366e88a3) sb      t1, 881(t4)
core   0: 3 0x800033ce (0x366e88a3) mem 0x80010e85 0xf0
core   0: 0x800033d2 (0x01368523) sb      s3, 10(a3)
core   0: 3 0x800033d2 (0x01368523) mem 0x8001083b 0xdc
core   0: 0x800033d6 (0x0c1f0283) lb      t0, 193(t5)
core   0: 3 0x800033d6 (0x0c1f0283) x 5 0x00000049 mem 0x800105d8
core   0: 0x800033da (0xa43e9723) sh      gp, -1458(t4)
core   0: 3 0x800033da (0xa43e9723) mem 0x80010562 0x00a3
core   0: 0x800033de (0xfa7600a3) sb      t2, -95(a2)
core   0: 3 0x800033de (0xfa7600a3) mem 0x800109b3 0x50
core   0: 0x800033e2 (0x00b69183) lh      gp, 11(a3)
core   0: 3 0x800033e2 (0x00b69183) x 3 0xfffff6f7 mem 0x8001083c
core   0: 0x800033e6 (0xff9f4583) lbu     a1, -7(t5)
core   0: 3 0x800033e6 (0xff9f4583) x11 0x000000cb mem 0x80010510
core   0: 0x800033ea (0x01f680a3) sb      t6, 1(a3)
core   0: 3 0x800033ea (0x01f680a3) mem 0x80010832 0x2c
core   0: 0x800033ee (0x01ea0483) lb      s1, 30(s4)
core   0: 3 0x800033ee (0x01ea0483) x 9 0xffffffef mem 0x80010534
core   0: 0x800033f2 (0x067f0703) lb      a4, 103(t5)
core   0: 3 0x800033f2 (0x067f0703) x14 0x00000035 mem 0x8001057e
core   0: 0x800033f6 (0xfc2a1a23) sh      sp, -44(s4)
core   0: 3 0x800033f6 (0xfc2a1a23) mem 0x800104ea 0x0011
core   0: 0x800033fa (0x06360ca3) sb      gp, 121(a2)
core   0: 3 0x800033fa (0x06360ca3) mem 0x80010a8b 0xf7
core   0: 0x800033fe (0xb2dea023) sw      a3, -1248(t4)
core   0: 3 0x800033fe (0xb2dea023) mem 0x80010634 0x80010831
core   0: 0x80003402 (0x02aa5a83) lhu     s5, 42(s4)
core   0: 3 0x80003402 (0x02aa5a83) x21 0x0000fafb mem 0x80010540
core   0: 0x80003406 (0xff068903) lb      s2, -16(a3)
core   0: 3 0x80003406 (0xff068903) x18 0xffffffda mem 0x80010821
core   0: 0x8000340a (0x2ece8c23) sb      a2, 760(t4)
core   0: 3 0x8000340a (0x2ece8c23) mem 0x80010e0c 0x12
core   0: 0x8000340e (0x901ec103) lbu     sp, -1791(t4)
core   0: 3 0x8000340e (0x901ec103) x 2 0x000000ce mem 0x80010415
core   0: 0x80003412 (0x0000dd97) auipc   s11, 0xd
core   0: 3 0x80003412 (0x0000dd97) x27 0x80010412
core   0: 0x80003416 (0x42ed8d93) addi    s11, s11, 1070
core   0: 3 0x80003416 (0x42ed8d93) x27 0x80010840
core   0: 0x8000341a (0x0000d417) auipc   s0, 0xd
core   0: 3 0x8000341a (0x0000d417) x 8 0x8001041a
core   0: 0x8000341e (0xda140413) addi    s0, s0, -607
core   0: 3 0x8000341e (0xda140413) x 8 0x800101bb
core   0: 0x80003422 (0x0000d117) auipc   sp, 0xd
core   0: 3 0x80003422 (0x0000d117) x 2 0x80010422
core   0: 0x80003426 (0xe4410113) addi    sp, sp, -444
core   0: 3 0x80003426 (0xe4410113) x 2 0x80010266
core   0: 0x8000342a (0x4f141903) lh      s2, 1265(s0)
core   0: 3 0x8000342a (0x4f141903) x18 0x00006667 mem 0x800106ac
core   0: 0x8000342e (0x01410a23) sb      s4, 20(sp)
core   0: 3 0x8000342e (0x01410a23) mem 0x8001027a 0x16
core   0: 0x80003432 (0xff714283) lbu     t0, -9(sp)
core   0: 3 0x80003432 (0xff714283) x 5 0x00000016 mem 0x8001025d
core   0: 0x80003436 (0x50b40923) sb      a1, 1298(s0)
core   0: 3 0x80003436 (0x50b40923) mem 0x800106cd 0xcb
core   0: 0x8000343a (0x450d9f83) lh      t6, 1104(s11)
core   0: 3 0x8000343a (0x450d9f83) x31 0x00004a4b mem 0x80010c90
core   0: 0x8000343e (0x25844c03) lbu     s8, 600(s0)
core   0: 3 0x8000343e (0x25844c03) x24 0x000000ed mem 0x80010413
core   0: 0x80003442 (0xfc310c03) lb      s8, -61(sp)
core   0: 3 0x80003442 (0xfc310c03) x24 0xffffffe2 mem 0x80010229
core   0: 0x80003446 (0x43ad84a3) sb      s10, 1065(s11)
core   0: 3 0x80003446 (0x43ad84a3) mem 0x80010c69 0x91
core   0: 0x8000344a (0x20744603) lbu     a2, 519(s0)
core   0: 3 0x8000344a (0x20744603) x12 0x00000079 mem 0x800103c2
core   0: 0x8000344e (0x9f7dc303) lbu     t1, -1545(s11)
core   0: 3 0x8000344e (0x9f7dc303) x 6 0x000000ec mem 0x80010237
core   0: 0x80003452 (0x00514983) lbu     s3, 5(sp)
core   0: 3 0x80003452 (0x00514983) x19 0x00000020 mem 0x8001026b
core   0: 0x80003456 (0x648407a3) sb      s0, 1615(s0)
core   0: 3 0x80003456 (0x648407a3) mem 0x8001080a 0xbb
core   0: 0x8000345a (0xd58da223) sw      s8, -700(s11)
core   0: 3 0x8000345a (0xd58da223) mem 0x80010584 0xffffffe2
core   0: 0x8000345e (0xffd10da3) sb      t4, -5(sp)
core   0: 3 0x8000345e (0xffd10da3) mem 0x80010261 0x14
core   0: 0x80003462 (0x5c844003) lbu     zero, 1480(s0)
core   0: 3 0x80003462 (0x5c844003) mem 0x80010783
core   0: 0x80003466 (0x04015803) lhu     a6, 64(sp)
core   0: 3 0x80003466 (0x04015803) x16 0x00005c5d mem 0x800102a6
core   0: 0x8000346a (0x26540a23) sb      t0, 628(s0)
core   0: 3 0x8000346a (0x26540a23) mem 0x8001042f 0x16
core   0: 0x8000346e (0xf19d87a3) sb      s9, -241(s11)
core   0: 3 0x8000346e (0xf19d87a3) mem 0x8001074f 0xe4
core   0: 0x80003472 (0xfb2d9803) lh      a6, -78(s11)
core   0: 3 0x80003472 (0xfb2d9803) x16 0xffffa80d mem 0x800107f2
core   0: 0x80003476 (0xff810ba3) sb      s8, -9(sp)
core   0: 3 0x80003476 (0xff810ba3) mem 0x8001025d 0xe2
core   0: 0x8000347a (0x3abd8523) sb      a1, 938(s11)
core   0: 3 0x8000347a (0x3abd8523) mem 0x80010bea 0xcb
core   0: 0x8000347e (0x79640803) lb      a6, 1942(s0)
core   0: 3 0x8000347e (0x79640803) x16 0x0000000a mem 0x80010951
core   0: 0x80003482 (0x00910c03) lb      s8, 9(sp)
core   0: 3 0x80003482 (0x00910c03) x24 0x00000024 mem 0x8001026f
core   0: 0x80003486 (0x2a640583) lb      a1, 678(s0)
core   0: 3 0x80003486 (0x2a640583) x11 0x0000001a mem 0x80010461
core   0: 0x8000348a (0x00011117) auipc   sp, 0x11
core   0: 3 0x8000348a (0x00011117) x 2 0x8001448a
core   0: 0x8000348e (0x80810113) addi    sp, sp, -2040
core   0: 3 0x8000348e (0x80810113) x 2 0x80013c92
core   0: 0x80003492 (0x00008cf1) c.and   s1, a2
core   0: 3 0x80003492 (0x8cf1) x 9 0x00000069
core   0: 0x80003494 (0x030bcd33) div     s10, s7, a6
core   0: 3 0x80003494 (0x030bcd33) x26 0xffffffff
core   0: 0x80003498 (0x00000001) c.nop
core   0: 3 0x80003498 (0x0001)
core   0: 0x8000349a (0x01fd7fb3) and     t6, s10, t6
core   0: 3 0x8000349a (0x01fd7fb3) x31 0x00004a4b
core   0: 0x8000349e (0xfb8102a3) sb      s8, -91(sp)
core   0: 3 0x8000349e (0xfb8102a3) mem 0x80013c37 0x24
core   0: 0x800034a2 (0x02fb1eb3) mulh    t4, s6, a5
core   0: 3 0x800034a2 (0x02fb1eb3) x29 0x00000000
core   0: 0x800034a6 (0x01744d33) xor     s10, s0, s7
core   0: 3 0x800034a6 (0x01744d33) x26 0x7ffefe48
core   0: 0x800034aa (0xf1b10b83) lb      s7, -229(sp)
core   0: 3 0x800034aa (0xf1b10b83) x23 0x00000066 mem 0x80013bad
core   0: 0x800034ae (0xf5110423) sb      a7, -184(sp)
core   0: 3 0x800034ae (0xf5110423) mem 0x80013bda 0x64
core   0: 0x800034b2 (0xf7611903) lh      s2, -138(sp)
core   0: 3 0x800034b2 (0xf7611903) x18 0xffffc2c3 mem 0x80013c08
core   0: 0x800034b6 (0xf97108a3) sb      s7, -111(sp)
core   0: 3 0x800034b6 (0xf97108a3) mem 0x80013c23 0x66
core   0: 0x800034ba (0x00008706) c.mv    a4, ra
core   0: 3 0x800034ba (0x8706) x14 0x0000001d
core   0: 0x800034bc (0x0b210583) lb      a1, 178(sp)
core   0: 3 0x800034bc (0x0b210583) x11 0xffffffff mem 0x80013d44
core   0: 0x800034c0 (0x08110b83) lb      s7, 129(sp)
core   0: 3 0x800034c0 (0x08110b83) x23 0xffffffc8 mem 0x80013d13
core   0: 0x800034c4 (0x0000100f) fence.i
core   0: 3 0x800034c4 (0x0000100f)
core   0: 0x800034c8 (0x03614d03) lbu     s10, 54(sp)
core   0: 3 0x800034c8 (0x03614d03) x26 0x00000083 mem 0x80013cc8
core   0: 0x800034cc (0x02119833) mulh    a6, gp, ra
core   0: 3 0x800034cc (0x02119833) x16 0xffffffff
core   0: 0x800034d0 (0x40c4feb7) lui     t4, 0x40c4f
core   0: 3 0x800034d0 (0x40c4feb7) x29 0x40c4f000
core   0: 0x800034d4 (0x6b06fe97) auipc   t4, 0x6b06f
core   0: 3 0x800034d4 (0x6b06fe97) x29 0xeb0724d4
core   0: 0x800034d8 (0x02612183) lw      gp, 38(sp)
core   0: 3 0x800034d8 (0x02612183) x 3 0x70717273 mem 0x80013cb8
core   0: 0x800034dc (0x00008412) c.mv    s0, tp
core   0: 3 0x800034dc (0x8412) x 8 0xffffffee
core   0: 0x800034de (0x0d314983) lbu     s3, 211(sp)
core   0: 3 0x800034de (0x0d314983) x19 0x0000001e mem 0x80013d65
core   0: 0x800034e2 (0xf3d14083) lbu     ra, -195(sp)
core   0: 3 0x800034e2 (0xf3d14083) x 1 0x00000084 mem 0x80013bcf
core   0: 0x800034e6 (0xf8410e83) lb      t4, -124(sp)
core   0: 3 0x800034e6 (0xf8410e83) x29 0xffffffcd mem 0x80013c16
core   0: 0x800034ea (0xff611923) sh      s6, -14(sp)
core   0: 3 0x800034ea (0xff611923) mem 0x80013c84 0x00e4
core   0: 0x800034ee (0x00008db1) c.xor   a1, a2
core   0: 3 0x800034ee (0x8db1) x11 0xffffff86
core   0: 0x800034f0 (0x01214603) lbu     a2, 18(sp)
core   0: 3 0x800034f0 (0x01214603) x12 0x0000005f mem 0x80013ca4
core   0: 0x800034f4 (0x04111723) sh      ra, 78(sp)
core   0: 3 0x800034f4 (0x04111723) mem 0x80013ce0 0x0084
core   0: 0x800034f8 (0x0f6103a3) sb      s6, 231(sp)
core   0: 3 0x800034f8 (0x0f6103a3) mem 0x80013d79 0xe4
core   0: 0x800034fc (0xf8914f83) lbu     t6, -119(sp)
core   0: 3 0x800034fc (0xf8914f83) x31 0x000000d0 mem 0x80013c1b
core   0: 0x80003500 (0xf6c10183) lb      gp, -148(sp)
core   0: 3 0x80003500 (0xf6c10183) x 3 0xffffffb5 mem 0x80013bfe
core   0: 0x80003504 (0x0c215583) lhu     a1, 194(sp)
core   0: 3 0x80003504 (0x0c215583) x11 0x00000e0f mem 0x80013d54
core   0: 0x80003508 (0x02c39233) mulh    tp, t2, a2
core   0: 3 0x80003508 (0x02c39233) x 4 0xffffffd0
core   0: 0x8000350c (0x00cb36b3) sltu    a3, s6, a2
core   0: 3 0x8000350c (0x00cb36b3) x13 0x00000000
core   0: 0x80003510 (0xf3710a23) sb      s7, -204(sp)
core   0: 3 0x80003510 (0xf3710a23) mem 0x80013bc6 0xc8
core   0: 0x80003514 (0x0092bb33) sltu    s6, t0, s1
core   0: 3 0x80003514 (0x0092bb33) x22 0x00000001
core   0: 0x80003518 (0x000086e1) c.srai  a3, 24
core   0: 3 0x80003518 (0x86e1) x13 0x00000000
core   0: 0x8000351a (0xfa710fa3) sb      t2, -65(sp)
core   0: 3 0x8000351a (0xfa710fa3) mem 0x80013c51 0x50
core   0: 0x8000351e (0xf0510423) sb      t0, -248(sp)
core   0: 3 0x8000351e (0xf0510423) mem 0x80013b9a 0x16
core   0: 0x80003522 (0x0000826d) c.srli  a2, 27
core   0: 3 0x80003522 (0x826d) x12 0x00000000
core   0: 0x80003524 (0x00008a1d) c.andi  a2, 7
core   0: 3 0x80003524 (0x8a1d) x12 0x00000000
core   0: 0x80003526 (0x08a10ba3) sb      a0, 151(sp)
core   0: 3 0x80003526 (0x08a10ba3) mem 0x80013d29 0xd
core   0: 0x8000352a (0xf4f14683) lbu     a3, -177(sp)
core   0: 3 0x8000352a (0xf4f14683) x13 0x0000009a mem 0x80013be1
core   0: 0x8000352e (0xf7714283) lbu     t0, -137(sp)
core   0: 3 0x8000352e (0xf7714283) x 5 0x000000c2 mem 0x80013c09
core   0: 0x80003532 (0x011ee233) or      tp, t4, a7
core   0: 3 0x80003532 (0x011ee233) x 4 0xffffffed
core   0: 0x80003536 (0xbd34bf13) sltiu   t5, s1, -1069
core   0: 3 0x80003536 (0xbd34bf13) x30 0x00000001
core   0: 0x8000353a (0x00008e61) c.and   a2, s0
core   0: 3 0x8000353a (0x8e61) x12 0x00000000
core   0: 0x8000353c (0xf1b10e03) lb      t3, -229(sp)
core   0: 3 0x8000353c (0xf1b10e03) x28 0x00000066 mem 0x80013bad
core   0: 0x80003540 (0x40ee8633) sub     a2, t4, a4
core   0: 3 0x80003540 (0x40ee8633) x12 0xffffffb0
core   0: 0x80003544 (0x03c14e83) lbu     t4, 60(sp)
core   0: 3 0x80003544 (0x03c14e83) x29 0x00000085 mem 0x80013cce
core   0: 0x80003548 (0x03668233) mul     tp, a3, s6
core   0: 3 0x80003548 (0x03668233) x 4 0x0000009a
core   0: 0x8000354c (0x03778833) mul     a6, a5, s7
core   0: 3 0x8000354c (0x03778833) x16 0xfffff9e0
core   0: 0x80003550 (0x0073ff33) and     t5, t2, t2
core   0: 3 0x80003550 (0x0073ff33) x30 0x80003250
core   0: 0x80003554 (0x07e14a03) lbu     s4, 126(sp)
core   0: 3 0x80003554 (0x07e14a03) x20 0x000000cb mem 0x80013d10
core   0: 0x80003558 (0x000080fa) c.mv    ra, t5
core   0: 3 0x80003558 (0x80fa) x 1 0x80003250
core   0: 0x8000355a (0x00008da1) c.xor   a1, s0
core   0: 3 0x8000355a (0x8da1) x11 0xfffff1e1
core   0: 0x8000355c (0xf8514a83) lbu     s5, -123(sp)
core   0: 3 0x8000355c (0xf8514a83) x21 0x000000cc mem 0x80013c17
core   0: 0x80003560 (0x0000d397) auipc   t2, 0xd
core   0: 3 0x80003560 (0x0000d397) x 7 0x80010560
core   0: 0x80003564 (0xdb638393) addi    t2, t2, -586
core   0: 3 0x80003564 (0xdb638393) x 7 0x80010316
core   0: 0x80003568 (0xff839783) lh      a5, -8(t2)
core   0: 3 0x80003568 (0xff839783) x15 0xffffc4c5 mem 0x8001030e
core   0: 0x8000356c (0xff33c783) lbu     a5, -13(t2)
core   0: 3 0x8000356c (0xff33c783) x15 0x00000010 mem 0x80010309
core   0: 0x80003570 (0x00e381a3) sb      a4, 3(t2)
core   0: 3 0x80003570 (0x00e381a3) mem 0x80010319 0x1d
core   0: 0x80003574 (0x00049493) slli    s1, s1, 0
core   0: 3 0x80003574 (0x00049493) x 9 0x00000069
core   0: 0x80003578 (0x02847433) remu    s0, s0, s0
core   0: 3 0x80003578 (0x02847433) x 8 0x00000000
core   0: 0x8000357c (0xff938483) lb      s1, -7(t2)
core   0: 3 0x8000357c (0xff938483) x 9 0xffffffc4 mem 0x8001030f
core   0: 0x80003580 (0xfe838ea3) sb      s0, -3(t2)
core   0: 3 0x80003580 (0xfe838ea3) mem 0x80010313 0x0
core   0: 0x80003584 (0x02fa24b3) mulhsu  s1, s4, a5
core   0: 3 0x80003584 (0x02fa24b3) x 9 0x00000000
core   0: 0x80003588 (0x029a27b3) mulhsu  a5, s4, s1
core   0: 3 0x80003588 (0x029a27b3) x15 0x00000000
core   0: 0x8000358c (0xff43a923) sw      s4, -14(t2)
core   0: 3 0x8000358c (0xff43a923) mem 0x80010308 0x000000cb
core   0: 0x80003590 (0x00839723) sh      s0, 14(t2)
core   0: 3 0x80003590 (0x00839723) mem 0x80010324 0x0000
core   0: 0x80003594 (0x02fa4433) div     s0, s4, a5
core   0: 3 0x80003594 (0x02fa4433) x 8 0xffffffff
core   0: 0x80003598 (0xff338b83) lb      s7, -13(t2)
core   0: 3 0x80003598 (0xff338b83) x23 0x00000000 mem 0x80010309
core   0: 0x8000359c (0xfe83ad23) sw      s0, -6(t2)
core   0: 3 0x8000359c (0xfe83ad23) mem 0x80010310 0xffffffff
core   0: 0x800035a0 (0x00008cf9) c.and   s1, a4
core   0: 3 0x800035a0 (0x8cf9) x 9 0x00000000
core   0: 0x800035a2 (0x00008fc1) c.or    a5, s0
core   0: 3 0x800035a2 (0x8fc1) x15 0xffffffff
core   0: 0x800035a4 (0x00e45433) srl     s0, s0, a4
core   0: 3 0x800035a4 (0x00e45433) x 8 0x00000007
core   0: 0x800035a8 (0x00006a69) c.lui   s4, 0x1a
core   0: 3 0x800035a8 (0x6a69) x20 0x0001a000
core   0: 0x800035aa (0xfee38ca3) sb      a4, -7(t2)
core   0: 3 0x800035aa (0xfee38ca3) mem 0x8001030f 0x1d
core   0: 0x800035ae (0x01779433) sll     s0, a5, s7
core   0: 3 0x800035ae (0x01779433) x 8 0xffffffff
core   0: 0x800035b2 (0x00e380a3) sb      a4, 1(t2)
core   0: 3 0x800035b2 (0x00e380a3) mem 0x80010317 0x1d
core   0: 0x800035b6 (0xd0954bb7) lui     s7, 0xd0954
core   0: 3 0x800035b6 (0xd0954bb7) x23 0xd0954000
core   0: 0x800035ba (0xff739b23) sh      s7, -10(t2)
core   0: 3 0x800035ba (0xff739b23) mem 0x8001030c 0x4000
core   0: 0x800035be (0x00008c21) c.xor   s0, s0
core   0: 3 0x800035be (0x8c21) x 8 0x00000000
core   0: 0x800035c0 (0x000097a2) c.add   a5, s0
core   0: 3 0x800035c0 (0x97a2) x15 0xffffffff
core   0: 0x800035c2 (0x014bd493) srli    s1, s7, 20
core   0: 3 0x800035c2 (0x014bd493) x 9 0x00000d09
core   0: 0x800035c6 (0xffa3a403) lw      s0, -6(t2)
core   0: 3 0x800035c6 (0xffa3a403) x 8 0xffffffff mem 0x80010310
core   0: 0x800035ca (0x009b9bb3) sll     s7, s7, s1
core   0: 3 0x800035ca (0x009b9bb3) x23 0x2a800000
core   0: 0x800035ce (0xffb3c783) lbu     a5, -5(t2)
core   0: 3 0x800035ce (0xffb3c783) x15 0x000000ff mem 0x80010311
core   0: 0x800035d2 (0x0144b4b3) sltu    s1, s1, s4
core   0: 3 0x800035d2 (0x0144b4b3) x 9 0x00000001
core   0: 0x800035d6 (0xfef38da3) sb      a5, -5(t2)
core   0: 3 0x800035d6 (0xfef38da3) mem 0x80010311 0xff
core   0: 0x800035da (0x00a0066f) jal     a2, pc + 0xa
core   0: 3 0x800035da (0x00a0066f) x12 0x800035de
core   0: 0x800035e4 (0x0000bffd) c.j     pc - 2
core   0: 3 0x800035e4 (0xbffd)
core   0: 0x800035e2 (0x00002819) c.jal   pc + 22
core   0: 3 0x800035e2 (0x2819) x 1 0x800035e4
core   0: 0x800035f8 (0xfefff0ef) jal     pc - 0x12
core   0: 3 0x800035f8 (0xfefff0ef) x 1 0x800035fc
core   0: 0x800035e6 (0x00002801) c.jal   pc + 16
core   0: 3 0x800035e6 (0x2801) x 1 0x800035e8
core   0: 0x800035f6 (0x00003fe5) c.jal   pc - 8
core   0: 3 0x800035f6 (0x3fe5) x 1 0x800035f8
core   0: 0x800035ee (0x00e0026f) jal     tp, pc + 0xe
core   0: 3 0x800035ee (0x00e0026f) x 4 0x800035f2
core   0: 0x800035fc (0x0000b7cd) c.j     pc - 30
core   0: 3 0x800035fc (0xb7cd)
core   0: 0x800035de (0x0000a811) c.j     pc + 20
core   0: 3 0x800035de (0xa811)
core   0: 0x800035f2 (0xfefff66f) jal     a2, pc - 0x12
core   0: 3 0x800035f2 (0xfefff66f) x12 0x800035f6
core   0: 0x800035e0 (0x00002029) c.jal   pc + 10
core   0: 3 0x800035e0 (0x2029) x 1 0x800035e2
core   0: 0x800035ea (0x0000bffd) c.j     pc - 2
core   0: 3 0x800035ea (0xbffd)
core   0: 0x800035e8 (0x0000a011) c.j     pc + 4
core   0: 3 0x800035e8 (0xa011)
core   0: 0x800035ec (0x00002809) c.jal   pc + 18
core   0: 3 0x800035ec (0x2809) x 1 0x800035ee
core   0: 0x800035fe (0x00008f0d) c.sub   a4, a1
core   0: 3 0x800035fe (0x8f0d) x14 0x00000e3c
core   0: 0x80003600 (0x00011997) auipc   s3, 0x11
core   0: 3 0x80003600 (0x00011997) x19 0x80014600
core   0: 0x80003604 (0xe7f98993) addi    s3, s3, -385
core   0: 3 0x80003604 (0xe7f98993) x19 0x8001447f
core   0: 0x80003608 (0x0000f717) auipc   a4, 0xf
core   0: 3 0x80003608 (0x0000f717) x14 0x80012608
core   0: 0x8000360c (0x10c70713) addi    a4, a4, 268
core   0: 3 0x8000360c (0x10c70713) x14 0x80012714
core   0: 0x80003610 (0x00016117) auipc   sp, 0x16
core   0: 3 0x80003610 (0x00016117) x 2 0x80019610
core   0: 0x80003614 (0x7f510113) addi    sp, sp, 2037
core   0: 3 0x80003614 (0x7f510113) x 2 0x80019e05
core   0: 0x80003618 (0xe3470603) lb      a2, -460(a4)
core   0: 3 0x80003618 (0xe3470603) x12 0x00000003 mem 0x80012548
core   0: 0x8000361c (0x5b598223) sb      s5, 1444(s3)
core   0: 3 0x8000361c (0x5b598223) mem 0x80014a23 0xcc
core   0: 0x80003620 (0xaa498803) lb      a6, -1372(s3)
core   0: 3 0x80003620 (0xaa498803) x16 0xffffffd8 mem 0x80013f23
core   0: 0x80003624 (0x1189c083) lbu     ra, 280(s3)
core   0: 3 0x80003624 (0x1189c083) x 1 0x0000004c mem 0x80014597
core   0: 0x80003628 (0x00019e97) auipc   t4, 0x19
core   0: 3 0x80003628 (0x00019e97) x29 0x8001c628
core   0: 0x8000362c (0x32fe8e93) addi    t4, t4, 815
core   0: 3 0x8000362c (0x32fe8e93) x29 0x8001c957
core   0: 0x80003630 (0xf2210623) sb      sp, -212(sp)
core   0: 3 0x80003630 (0xf2210623) mem 0x80019d31 0x5
core   0: 0x80003634 (0x6fd9aca3) sw      t4, 1785(s3)
core   0: 3 0x80003634 (0x6fd9aca3) mem 0x80014b78 0x8001c957
core   0: 0x80003638 (0x4b271b23) sh      s2, 1206(a4)
core   0: 3 0x80003638 (0x4b271b23) mem 0x80012bca 0xc2c3
core   0: 0x8000363c (0xffae8a23) sb      s10, -12(t4)
core   0: 3 0x8000363c (0xffae8a23) mem 0x8001c94b 0x83
core   0: 0x80003640 (0xff4e8303) lb      t1, -12(t4)
core   0: 3 0x80003640 (0xff4e8303) x 6 0xffffff83 mem 0x8001c94b
core   0: 0x80003644 (0x0b698083) lb      ra, 182(s3)
core   0: 3 0x80003644 (0x0b698083) x 1 0xffffffee mem 0x80014535
core   0: 0x80003648 (0x94e994a3) sh      a4, -1719(s3)
core   0: 3 0x80003648 (0x94e994a3) mem 0x80013dc8 0x2714
core   0: 0x8000364c (0xff7ede03) lhu     t3, -9(t4)
core   0: 3 0x8000364c (0xff7ede03) x28 0x00000405 mem 0x8001c94e
core   0: 0x80003650 (0xe3498d03) lb      s10, -460(s3)
core   0: 3 0x80003650 (0xe3498d03) x26 0x00000068 mem 0x800142b3
core   0: 0x80003654 (0x34370183) lb      gp, 835(a4)
core   0: 3 0x80003654 (0x34370183) x 3 0x0000000c mem 0x80012a57
core   0: 0x80003658 (0xf9410483) lb      s1, -108(sp)
core   0: 3 0x80003658 (0xf9410483) x 9 0x00000052 mem 0x80019d99
core   0: 0x8000365c (0xf10119a3) sh      a6, -237(sp)
core   0: 3 0x8000365c (0xf10119a3) mem 0x80019d18 0xffd8
core   0: 0x80003660 (0x6db9da83) lhu     s5, 1755(s3)
core   0: 3 0x80003660 (0x6db9da83) x21 0x00001011 mem 0x80014b5a
core   0: 0x80003664 (0xff8ec183) lbu     gp, -8(t4)
core   0: 3 0x80003664 (0xff8ec183) x 3 0x00000004 mem 0x8001c94f
core   0: 0x80003668 (0x4de70e23) sb      t5, 1244(a4)
core   0: 3 0x80003668 (0x4de70e23) mem 0x80012bf0 0x50
core   0: 0x8000366c (0xff1ede03) lhu     t3, -15(t4)
core   0: 3 0x8000366c (0xff1ede03) x28 0x00000203 mem 0x8001c948
core   0: 0x80003670 (0xde970683) lb      a3, -535(a4)
core   0: 3 0x80003670 (0xde970683) x13 0xffffffb6 mem 0x800124fd
core   0: 0x80003674 (0xf4314083) lbu     ra, -189(sp)
core   0: 3 0x80003674 (0xf4314083) x 1 0x00000003 mem 0x80019d48
core   0: 0x80003678 (0x000eca83) lbu     s5, 0(t4)
core   0: 3 0x80003678 (0x000eca83) x21 0x0000000c mem 0x8001c957
core   0: 0x8000367c (0xf1e105a3) sb      t5, -245(sp)
core   0: 3 0x8000367c (0xf1e105a3) mem 0x80019d10 0x50
core   0: 0x80003680 (0x001ea603) lw      a2, 1(t4)
core   0: 3 0x80003680 (0x001ea603) x12 0x10111213 mem 0x8001c958
core   0: 0x80003684 (0x62b74e03) lbu     t3, 1579(a4)
core   0: 3 0x80003684 (0x62b74e03) x28 0x000000f4 mem 0x80012d3f
core   0: 0x80003688 (0x008e8783) lb      a5, 8(t4)
core   0: 3 0x80003688 (0x008e8783) x15 0x00000014 mem 0x8001c95f
core   0: 0x8000368c (0xf2414f03) lbu     t5, -220(sp)
core   0: 3 0x8000368c (0xf2414f03) x30 0x000000e2 mem 0x80019d29
core   0: 0x80003690 (0x00017b17) auipc   s6, 0x17
core   0: 3 0x80003690 (0x00017b17) x22 0x8001a690
core   0: 0x80003694 (0x78eb0b13) addi    s6, s6, 1934
core   0: 3 0x80003694 (0x78eb0b13) x22 0x8001ae1e
core   0: 0x80003698 (0x02d996b3) mulh    a3, s3, a3
core   0: 3 0x80003698 (0x02d996b3) x13 0x00000024
core   0: 0x8000369c (0x03458d97) auipc   s11, 0x3458
core   0: 3 0x8000369c (0x03458d97) x27 0x8345b69c
core   0: 0x800036a0 (0x00008cbd) c.xor   s1, a5
core   0: 3 0x800036a0 (0x8cbd) x 9 0x00000046
core   0: 0x800036a2 (0x0ff0000f) fence   iorw,iorw
core   0: 3 0x800036a2 (0x0ff0000f)
core   0: 0x800036a6 (0xff1b4183) lbu     gp, -15(s6)
core   0: 3 0x800036a6 (0xff1b4183) x 3 0x000000c4 mem 0x8001ae0f
core   0: 0x800036aa (0xff1b0403) lb      s0, -15(s6)
core   0: 3 0x800036aa (0xff1b0403) x 8 0xffffffc4 mem 0x8001ae0f
core   0: 0x800036ae (0xff1b0383) lb      t2, -15(s6)
core   0: 3 0x800036ae (0xff1b0383) x 7 0xffffffc4 mem 0x8001ae0f
core   0: 0x800036b2 (0xff1b0103) lb      sp, -15(s6)
core   0: 3 0x800036b2 (0xff1b0103) x 2 0xffffffc4 mem 0x8001ae0f
core   0: 0x800036b6 (0xfe9b08a3) sb      s1, -15(s6)
core   0: 3 0x800036b6 (0xfe9b08a3) mem 0x8001ae0f 0x46
core   0: 0x800036ba (0xff1b4983) lbu     s3, -15(s6)
core   0: 3 0x800036ba (0xff1b4983) x19 0x00000046 mem 0x8001ae0f
core   0: 0x800036be (0x00f4bbb3) sltu    s7, s1, a5
core   0: 3 0x800036be (0x00f4bbb3) x23 0x00000000
core   0: 0x800036c2 (0xff1b4f03) lbu     t5, -15(s6)
core   0: 3 0x800036c2 (0xff1b4f03) x30 0x00000046 mem 0x8001ae0f
core   0: 0x800036c6 (0xff1b4b83) lbu     s7, -15(s6)
core   0: 3 0x800036c6 (0xff1b4b83) x23 0x00000046 mem 0x8001ae0f
core   0: 0x800036ca (0xff7b08a3) sb      s7, -15(s6)
core   0: 3 0x800036ca (0xff7b08a3) mem 0x8001ae0f 0x46
core   0: 0x800036ce (0x00000001) c.nop
core   0: 3 0x800036ce (0x0001)
core   0: 0x800036d0 (0xfe3b08a3) sb      gp, -15(s6)
core   0: 3 0x800036d0 (0xfe3b08a3) mem 0x8001ae0f 0xc4
core   0: 0x800036d4 (0xff1b0803) lb      a6, -15(s6)
core   0: 3 0x800036d4 (0xff1b0803) x16 0xffffffc4 mem 0x8001ae0f
core   0: 0x800036d8 (0x0001a097) auipc   ra, 0x1a
core   0: 3 0x800036d8 (0x0001a097) x 1 0x8001d6d8
core   0: 0x800036dc (0xd5608093) addi    ra, ra, -682
core   0: 3 0x800036dc (0xd5608093) x 1 0x8001d42e
core   0: 0x800036e0 (0x0001bb97) auipc   s7, 0x1b
core   0: 3 0x800036e0 (0x0001bb97) x23 0x8001e6e0
core   0: 0x800036e4 (0xe6ab8b93) addi    s7, s7, -406
core   0: 3 0x800036e4 (0xe6ab8b93) x23 0x8001e54a
core   0: 0x800036e8 (0x00017117) auipc   sp, 0x17
core   0: 3 0x800036e8 (0x00017117) x 2 0x8001a6e8
core   0: 0x800036ec (0x19b10113) addi    sp, sp, 411
core   0: 3 0x800036ec (0x19b10113) x 2 0x8001a883
core   0: 0x800036f0 (0x0fcb8f23) sb      t3, 254(s7)
core   0: 3 0x800036f0 (0x0fcb8f23) mem 0x8001e648 0xf4
core   0: 0x800036f4 (0x77f10f03) lb      t5, 1919(sp)
core   0: 3 0x800036f4 (0x77f10f03) x30 0xffffffb9 mem 0x8001b002
core   0: 0x800036f8 (0x0b809d83) lh      s11, 184(ra)
core   0: 3 0x800036f8 (0x0b809d83) x27 0xffff9c9d mem 0x8001d4e6
core   0: 0x800036fc (0xb4114403) lbu     s0, -1215(sp)
core   0: 3 0x800036fc (0xb4114403) x 8 0x0000007f mem 0x8001a3c4
core   0: 0x80003700 (0x0001bd17) auipc   s10, 0x1b
core   0: 3 0x80003700 (0x0001bd17) x26 0x8001e700
core   0: 0x80003704 (0x4e7d0d13) addi    s10, s10, 1255
core   0: 3 0x80003704 (0x4e7d0d13) x26 0x8001ebe7
core   0: 0x80003708 (0xf3ab8923) sb      s10, -206(s7)
core   0: 3 0x80003708 (0xf3ab8923) mem 0x8001e47c 0xe7
core   0: 0x8000370c (0xfffd5d83) lhu     s11, -1(s10)
core   0: 3 0x8000370c (0xfffd5d83) x27 0x00009c9d mem 0x8001ebe6
core   0: 0x80003710 (0xfa2b84a3) sb      sp, -87(s7)
core   0: 3 0x80003710 (0xfa2b84a3) mem 0x8001e4f3 0x83
core   0: 0x80003714 (0x09308483) lb      s1, 147(ra)
core   0: 3 0x80003714 (0x09308483) x 9 0x0000007a mem 0x8001d4c1
core   0: 0x80003718 (0x14f14803) lbu     a6, 335(sp)
core   0: 3 0x80003718 (0x14f14803) x16 0x00000089 mem 0x8001a9d2
core   0: 0x8000371c (0x02f08483) lb      s1, 47(ra)
core   0: 3 0x8000371c (0x02f08483) x 9 0x00000016 mem 0x8001d45d
core   0: 0x80003720 (0x047081a3) sb      t2, 67(ra)
core   0: 3 0x80003720 (0x047081a3) mem 0x8001d471 0xc4
core   0: 0x80003724 (0x05eb8ea3) sb      t5, 93(s7)
core   0: 3 0x80003724 (0x05eb8ea3) mem 0x8001e5a7 0xb9
core   0: 0x80003728 (0x011d0123) sb      a7, 2(s10)
core   0: 3 0x80003728 (0x011d0123) mem 0x8001ebe9 0x64
core   0: 0x8000372c (0x06e09783) lh      a5, 110(ra)
core   0: 3 0x8000372c (0x06e09783) x15 0x00005657 mem 0x8001d49c
core   0: 0x80003730 (0x61515383) lhu     t2, 1557(sp)
core   0: 3 0x80003730 (0x61515383) x 7 0x00005253 mem 0x8001ae98
core   0: 0x80003734 (0x019d16a3) sh      s9, 13(s10)
core   0: 3 0x80003734 (0x019d16a3) mem 0x8001ebf4 0x9ce4
core   0: 0x80003738 (0xf89b8903) lb      s2, -119(s7)
core   0: 3 0x80003738 (0xf89b8903) x18 0xffffff88 mem 0x8001e4d3
core   0: 0x8000373c (0xfcb09b23) sh      a1, -42(ra)
core   0: 3 0x8000373c (0xfcb09b23) mem 0x8001d404 0xf1e1
core   0: 0x80003740 (0xf71b8283) lb      t0, -143(s7)
core   0: 3 0x80003740 (0xf71b8283) x 5 0x00000070 mem 0x8001e4bb
core   0: 0x80003744 (0xfc809f03) lh      t5, -56(ra)
core   0: 3 0x80003744 (0xfc809f03) x30 0xffffacad mem 0x8001d3f6
core   0: 0x80003748 (0xfb9b8c03) lb      s8, -71(s7)
core   0: 3 0x80003748 (0xfb9b8c03) x24 0xffffffb8 mem 0x8001e503
core   0: 0x8000374c (0xa2410f83) lb      t6, -1500(sp)
core   0: 3 0x8000374c (0xa2410f83) x31 0x0000005c mem 0x8001a2a7
core   0: 0x80003750 (0xff2b84a3) sb      s2, -23(s7)
core   0: 3 0x80003750 (0xff2b84a3) mem 0x8001e533 0x88
core   0: 0x80003754 (0xf00b8da3) sb      zero, -229(s7)
core   0: 3 0x80003754 (0xf00b8da3) mem 0x8001e465 0x0
core   0: 0x80003758 (0x0f20a323) sw      s2, 230(ra)
core   0: 3 0x80003758 (0x0f20a323) mem 0x8001d514 0xffffff88
core   0: 0x8000375c (0xf420af23) sw      sp, -162(ra)
core   0: 3 0x8000375c (0xf420af23) mem 0x8001d38c 0x8001a883
core   0: 0x80003760 (0x00cd4b03) lbu     s6, 12(s10)
core   0: 3 0x80003760 (0x00cd4b03) x22 0x000000a8 mem 0x8001ebf3
core   0: 0x80003764 (0xfc4bd183) lhu     gp, -60(s7)
core   0: 3 0x80003764 (0xfc4bd183) x 3 0x0000c4c5 mem 0x8001e50e
core   0: 0x80003768 (0x7ff10823) sb      t6, 2032(sp)
core   0: 3 0x80003768 (0x7ff10823) mem 0x8001b073 0x5c
core   0: 0x8000376c (0x00dd0623) sb      a3, 12(s10)
core   0: 3 0x8000376c (0x00dd0623) mem 0x8001ebf3 0x24
core   0: 0x80003770 (0x07108683) lb      a3, 113(ra)
core   0: 3 0x80003770 (0x07108683) x13 0x00000054 mem 0x8001d49f
core   0: 0x80003774 (0x0000d617) auipc   a2, 0xd
core   0: 3 0x80003774 (0x0000d617) x12 0x80010774
core   0: 0x80003778 (0xbe460613) addi    a2, a2, -1052
core   0: 3 0x80003778 (0xbe460613) x12 0x80010358
core   0: 0x8000377c (0x00010b97) auipc   s7, 0x10
core   0: 3 0x8000377c (0x00010b97) x23 0x8001377c
core   0: 0x80003780 (0x7cdb8b93) addi    s7, s7, 1997
core   0: 3 0x80003780 (0x7cdb8b93) x23 0x80013f49
core   0: 0x80003784 (0xb25b9a83) lh      s5, -1243(s7)
core   0: 3 0x80003784 (0xb25b9a83) x21 0x00002425 mem 0x80013a6e
core   0: 0x80003788 (0xfc065483) lhu     s1, -64(a2)
core   0: 3 0x80003788 (0xfc065483) x 9 0x00001dd3 mem 0x80010318
core   0: 0x8000378c (0x037602a3) sb      s7, 37(a2)
core   0: 3 0x8000378c (0x037602a3) mem 0x8001037d 0x49
core   0: 0x80003790 (0xb10b8283) lb      t0, -1264(s7)
core   0: 3 0x80003790 (0xb10b8283) x 5 0x00000012 mem 0x80013a59
core   0: 0x80003794 (0xfeb64f83) lbu     t6, -21(a2)
core   0: 3 0x80003794 (0xfeb64f83) x31 0x000000f8 mem 0x80010343
core   0: 0x80003798 (0x62ebce03) lbu     t3, 1582(s7)
core   0: 3 0x80003798 (0x62ebce03) x28 0x0000002c mem 0x80014577
core   0: 0x8000379c (0xfcf62223) sw      a5, -60(a2)
core   0: 3 0x8000379c (0xfcf62223) mem 0x8001031c 0x00005657
core   0: 0x800037a0 (0x00005258) c.lw    a4, 36(a2)
core   0: 3 0x800037a0 (0x5258) x14 0x34354937 mem 0x8001037c
core   0: 0x800037a2 (0x04abcd03) lbu     s10, 74(s7)
core   0: 3 0x800037a2 (0x04abcd03) x26 0x00000048 mem 0x80013f93
core   0: 0x800037a6 (0x05161023) sh      a7, 64(a2)
core   0: 3 0x800037a6 (0x05161023) mem 0x80010398 0x5e64
core   0: 0x800037aa (0x5cbbaa03) lw      s4, 1483(s7)
core   0: 3 0x800037aa (0x5cbbaa03) x20 0xcccd8ccf mem 0x80014514
core   0: 0x800037ae (0x00013917) auipc   s2, 0x13
core   0: 3 0x800037ae (0x00013917) x18 0x800167ae
core   0: 0x800037b2 (0xd7b90913) addi    s2, s2, -645
core   0: 3 0x800037b2 (0xd7b90913) x18 0x80016529
core   0: 0x800037b6 (0xffa90e03) lb      t3, -6(s2)
core   0: 3 0x800037b6 (0xffa90e03) x28 0xffffffd8 mem 0x80016523
core   0: 0x800037ba (0xff791b83) lh      s7, -9(s2)
core   0: 3 0x800037ba (0xff791b83) x23 0xffffdadb mem 0x80016520
core   0: 0x800037be (0x6d873e13) sltiu   t3, a4, 1752
core   0: 3 0x800037be (0x6d873e13) x28 0x00000000
core   0: 0x800037c2 (0x00090103) lb      sp, 0(s2)
core   0: 3 0x800037c2 (0x00090103) x 2 0xffffffe2 mem 0x80016529
core   0: 0x800037c6 (0x00006151) c.addi16sp sp, 272
core   0: 3 0x800037c6 (0x6151) x 2 0x000000f2
core   0: 0x800037c8 (0x00de6c33) or      s8, t3, a3
core   0: 3 0x800037c8 (0x00de6c33) x24 0x00000054
core   0: 0x800037cc (0x0000100f) fence.i
core   0: 3 0x800037cc (0x0000100f)
core   0: 0x800037d0 (0x00c90b83) lb      s7, 12(s2)
core   0: 3 0x800037d0 (0x00c90b83) x23 0xffffffee mem 0x80016535
core   0: 0x800037d4 (0x017904a3) sb      s7, 9(s2)
core   0: 3 0x800037d4 (0x017904a3) mem 0x80016532 0xee
core   0: 0x800037d8 (0x03e227b3) mulhsu  a5, tp, t5
core   0: 3 0x800037d8 (0x03e227b3) x15 0x80005f9b
core   0: 0x800037dc (0xd7193193) sltiu   gp, s2, -655
core   0: 3 0x800037dc (0xd7193193) x 3 0x00000001
core   0: 0x800037e0 (0x0210f033) remu    zero, ra, ra
core   0: 3 0x800037e0 (0x0210f033)
core   0: 0x800037e4 (0x00009472) c.add   s0, t3
core   0: 3 0x800037e4 (0x9472) x 8 0x0000007f
core   0: 0x800037e6 (0xff194f03) lbu     t5, -15(s2)
core   0: 3 0x800037e6 (0xff194f03) x30 0x000000d1 mem 0x8001651a
core   0: 0x800037ea (0x016f7bb3) and     s7, t5, s6
core   0: 3 0x800037ea (0x016f7bb3) x23 0x00000080
core   0: 0x800037ee (0x0000100f) fence.i
core   0: 3 0x800037ee (0x0000100f)
core   0: 0x800037f2 (0x00290323) sb      sp, 6(s2)
core   0: 3 0x800037f2 (0x00290323) mem 0x8001652f 0xf2
core   0: 0x800037f6 (0x400556b3) sra     a3, a0, zero
core   0: 3 0x800037f6 (0x400556b3) x13 0x0000000d
core   0: 0x800037fa (0xff990ea3) sb      s9, -3(s2)
core   0: 3 0x800037fa (0xff990ea3) mem 0x80016526 0xe4
core   0: 0x800037fe (0x00ef1e93) slli    t4, t5, 14
core   0: 3 0x800037fe (0x00ef1e93) x29 0x00344000
core   0: 0x80003802 (0x00990223) sb      s1, 4(s2)
core   0: 3 0x80003802 (0x00990223) mem 0x8001652d 0xd3
core   0: 0x80003806 (0x00008ed5) c.or    a3, a3
core   0: 3 0x80003806 (0x8ed5) x13 0x0000000d
core   0: 0x80003808 (0x9fb18e13) addi    t3, gp, -1541
core   0: 3 0x80003808 (0x9fb18e13) x28 0xfffff9fc
core   0: 0x8000380c (0xfff90b23) sb      t6, -10(s2)
core   0: 3 0x8000380c (0xfff90b23) mem 0x8001651f 0xf8
core   0: 0x80003810 (0x00394083) lbu     ra, 3(s2)
core   0: 3 0x80003810 (0x00394083) x 1 0x000000e7 mem 0x8001652c
core   0: 0x80003814 (0x00c90123) sb      a2, 2(s2)
core   0: 3 0x80003814 (0x00c90123) mem 0x8001652b 0x58
core   0: 0x80003818 (0x00091f93) slli    t6, s2, 0
core   0: 3 0x80003818 (0x00091f93) x31 0x80016529
core   0: 0x8000381c (0x3daa0113) addi    sp, s4, 986
core   0: 3 0x8000381c (0x3daa0113) x 2 0xcccd90a9
core   0: 0x80003820 (0x0229bab3) mulhu   s5, s3, sp
core   0: 3 0x80003820 (0x0229bab3) x21 0x00000038
core   0: 0x80003824 (0x00d94083) lbu     ra, 13(s2)
core   0: 3 0x80003824 (0x00d94083) x 1 0x000000ed mem 0x80016536
core   0: 0x80003828 (0x00994583) lbu     a1, 9(s2)
core   0: 3 0x80003828 (0x00994583) x11 0x000000ee mem 0x80016532
core   0: 0x8000382c (0x0000d197) auipc   gp, 0xd
core   0: 3 0x8000382c (0x0000d197) x 3 0x8001082c
core   0: 0x80003830 (0x23d18193) addi    gp, gp, 573
core   0: 3 0x80003830 (0x23d18193) x 3 0x80010a69
core   0: 0x80003834 (0x0001b397) auipc   t2, 0x1b
core   0: 3 0x80003834 (0x0001b397) x 7 0x8001e834
core   0: 0x80003838 (0x47138393) addi    t2, t2, 1137
core   0: 3 0x80003838 (0x47138393) x 7 0x8001eca5
core   0: 0x8000383c (0x04a38683) lb      a3, 74(t2)
core   0: 3 0x8000383c (0x04a38683) x13 0xffffffa4 mem 0x8001ecef
core   0: 0x80003840 (0xf9b394a3) sh      s11, -119(t2)
core   0: 3 0x80003840 (0xf9b394a3) mem 0x8001ec2e 0x9c9d
core   0: 0x80003844 (0x4e11c103) lbu     sp, 1249(gp)
core   0: 3 0x80003844 (0x4e11c103) x 2 0x00000001 mem 0x80010f4a
core   0: 0x80003848 (0x07038d83) lb      s11, 112(t2)
core   0: 3 0x80003848 (0x07038d83) x27 0xffffffce mem 0x8001ed15
core   0: 0x8000384c (0x05e38823) sb      t5, 80(t2)
core   0: 3 0x8000384c (0x05e38823) mem 0x8001ecf5 0xd1
core   0: 0x80003850 (0xc811d283) lhu     t0, -895(gp)
core   0: 3 0x80003850 (0xc811d283) x 5 0x0000a0a1 mem 0x800106ea
core   0: 0x80003854 (0x4971cc03) lbu     s8, 1175(gp)
core   0: 3 0x80003854 (0x4971cc03) x24 0x000000bb mem 0x80010f00
core   0: 0x80003858 (0xf2b3a7a3) sw      a1, -209(t2)
core   0: 3 0x80003858 (0xf2b3a7a3) mem 0x8001ebd4 0x000000ee
core   0: 0x8000385c (0x0f33c303) lbu     t1, 243(t2)
core   0: 3 0x8000385c (0x0f33c303) x 6 0x00000053 mem 0x8001ed98
core   0: 0x80003860 (0x2ea1c203) lbu     tp, 746(gp)
core   0: 3 0x80003860 (0x2ea1c203) x 4 0x00000008 mem 0x80010d53
core   0: 0x80003864 (0x0b418823) sb      s4, 176(gp)
core   0: 3 0x80003864 (0x0b418823) mem 0x80010b19 0xcf
core   0: 0x80003868 (0xfa939683) lh      a3, -87(t2)
core   0: 3 0x80003868 (0xfa939683) x13 0x00000405 mem 0x8001ec4e
core   0: 0x8000386c (0xc2518a83) lb      s5, -987(gp)
core   0: 3 0x8000386c (0xc2518a83) x21 0x00000045 mem 0x8001068e
core   0: 0x80003870 (0x29418f23) sb      s4, 670(gp)
core   0: 3 0x80003870 (0x29418f23) mem 0x80010d07 0xcf
core   0: 0x80003874 (0x0bb38323) sb      s11, 166(t2)
core   0: 3 0x80003874 (0x0bb38323) mem 0x8001ed4b 0xce
core   0: 0x80003878 (0x0283cf03) lbu     t5, 40(t2)
core   0: 3 0x80003878 (0x0283cf03) x30 0x00000086 mem 0x8001eccd
core   0: 0x8000387c (0x0000db97) auipc   s7, 0xd
core   0: 3 0x8000387c (0x0000db97) x23 0x8001087c
core   0: 0x80003880 (0x007b8b93) addi    s7, s7, 7
core   0: 3 0x80003880 (0x007b8b93) x23 0x80010883
core   0: 0x80003884 (0x001630b3) sltu    ra, a2, ra
core   0: 3 0x80003884 (0x001630b3) x 1 0x00000000
core   0: 0x80003888 (0x038a80b3) mul     ra, s5, s8
core   0: 3 0x80003888 (0x038a80b3) x 1 0x00003267
core   0: 0x8000388c (0x0130de13) srli    t3, ra, 19
core   0: 3 0x8000388c (0x0130de13) x28 0x00000000
core   0: 0x80003890 (0x04ebc083) lbu     ra, 78(s7)
core   0: 3 0x80003890 (0x04ebc083) x 1 0x0000008a mem 0x800108d1
core   0: 0x80003894 (0xf8bb8a83) lb      s5, -117(s7)
core   0: 3 0x80003894 (0xf8bb8a83) x21 0xffffffc5 mem 0x8001080e
core   0: 0x80003898 (0x0140da93) srli    s5, ra, 20
core   0: 3 0x80003898 (0x0140da93) x21 0x00000000
core   0: 0x8000389c (0x2f208097) auipc   ra, 0x2f208
core   0: 3 0x8000389c (0x2f208097) x 1 0xaf20b89c
core   0: 0x800038a0 (0xf8cb8923) sb      a2, -110(s7)
core   0: 3 0x800038a0 (0xf8cb8923) mem 0x80010815 0x58
core   0: 0x800038a4 (0x00008451) c.srai  s0, 20
core   0: 3 0x800038a4 (0x8451) x 8 0x00000000
core   0: 0x800038a6 (0x02bb9a83) lh      s5, 43(s7)
core   0: 3 0x800038a6 (0x02bb9a83) x21 0x00006400 mem 0x800108ae
core   0: 0x800038aa (0x021e2ab3) mulhsu  s5, t3, ra
core   0: 3 0x800038aa (0x021e2ab3) x21 0x00000000
core   0: 0x800038ae (0x01cc2c33) slt     s8, s8, t3
core   0: 3 0x800038ae (0x01cc2c33) x24 0x00000000
core   0: 0x800038b2 (0x045b9a83) lh      s5, 69(s7)
core   0: 3 0x800038b2 (0x045b9a83) x21 0xffff8283 mem 0x800108c8
core   0: 0x800038b6 (0xf58bca83) lbu     s5, -168(s7)
core   0: 3 0x800038b6 (0xf58bca83) x21 0x00000090 mem 0x800107db
core   0: 0x800038ba (0x0a1b8403) lb      s0, 161(s7)
core   0: 3 0x800038ba (0x0a1b8403) x 8 0xffffffdf mem 0x80010924
core   0: 0x800038be (0xf9cb91a3) sh      t3, -125(s7)
core   0: 3 0x800038be (0xf9cb91a3) mem 0x80010806 0x0000
core   0: 0x800038c2 (0x01c63ab3) sltu    s5, a2, t3
core   0: 3 0x800038c2 (0x01c63ab3) x21 0x00000000
core   0: 0x800038c6 (0x00000001) c.nop
core   0: 3 0x800038c6 (0x0001)
core   0: 0x800038c8 (0x001af433) and     s0, s5, ra
core   0: 3 0x800038c8 (0x001af433) x 8 0x00000000
core   0: 0x800038cc (0x00c0bab3) sltu    s5, ra, a2
core   0: 3 0x800038cc (0x00c0bab3) x21 0x00000000
core   0: 0x800038d0 (0x07cb8e23) sb      t3, 124(s7)
core   0: 3 0x800038d0 (0x07cb8e23) mem 0x800108ff 0x0
core   0: 0x800038d4 (0xfa6b8c03) lb      s8, -90(s7)
core   0: 3 0x800038d4 (0xfa6b8c03) x24 0x00000003 mem 0x80010829
core   0: 0x800038d8 (0x40865433) sra     s0, a2, s0
core   0: 3 0x800038d8 (0x40865433) x 8 0x80010358
core   0: 0x800038dc (0x484c6413) ori     s0, s8, 1156
core   0: 3 0x800038dc (0x484c6413) x 8 0x00000487
core   0: 0x800038e0 (0xf6cb8923) sb      a2, -142(s7)
core   0: 3 0x800038e0 (0xf6cb8923) mem 0x800107f5 0x58
core   0: 0x800038e4 (0xfc9ba083) lw      ra, -55(s7)
core   0: 3 0x800038e4 (0xfc9ba083) x 1 0x04050607 mem 0x8001084c
core   0: 0x800038e8 (0x02bbda83) lhu     s5, 43(s7)
core   0: 3 0x800038e8 (0x02bbda83) x21 0x00006400 mem 0x800108ae
core   0: 0x800038ec (0x00509c13) slli    s8, ra, 5
core   0: 3 0x800038ec (0x00509c13) x24 0x80a0c0e0
core   0: 0x800038f0 (0x00000c5e) c.slli  s8, 23
core   0: 3 0x800038f0 (0x0c5e) x24 0x70000000
core   0: 0x800038f2 (0xf03bda83) lhu     s5, -253(s7)
core   0: 3 0x800038f2 (0xf03bda83) x21 0x00003c3d mem 0x80010786
core   0: 0x800038f6 (0x00000793) li      a5, 0
core   0: 3 0x800038f6 (0x00000793) x15 0x00000000
core   0: 0x800038fa (0x03ede2b3) rem     t0, s11, t5
core   0: 3 0x800038fa (0x03ede2b3) x 5 0xffffffce
core   0: 0x800038fe (0x00f00393) li      t2, 15
core   0: 3 0x800038fe (0x00f00393) x 7 0x0000000f
core   0: 0x80003902 (0xeae38f13) addi    t5, t2, -338
core   0: 3 0x80003902 (0xeae38f13) x30 0xfffffebd
core   0: 0x80003906 (0x019412b3) sll     t0, s0, s9
core   0: 3 0x80003906 (0x019412b3) x 5 0x00004870
core   0: 0x8000390a (0x41ddd593) srai    a1, s11, 29
core   0: 3 0x8000390a (0x41ddd593) x11 0xffffffff
core   0: 0x8000390e (0x00000795) c.addi  a5, 5
core   0: 3 0x8000390e (0x0795) x15 0x00000005
core   0: 0x80003910 (0x032f4933) div     s2, t5, s2
core   0: 3 0x80003910 (0x032f4933) x18 0x00000000
core   0: 0x80003914 (0x00600613) li      a2, 6
core   0: 3 0x80003914 (0x00600613) x12 0x00000006
core   0: 0x80003918 (0x00e00193) li      gp, 14
core   0: 3 0x80003918 (0x00e00193) x 3 0x0000000e
core   0: 0x8000391c (0xdbc22417) auipc   s0, 0xdbc22
core   0: 3 0x8000391c (0xdbc22417) x 8 0x5bc2591c
core   0: 0x80003920 (0x4c24bd93) sltiu   s11, s1, 1218
core   0: 3 0x80003920 (0x4c24bd93) x27 0x00000000
core   0: 0x80003924 (0x6f65d717) auipc   a4, 0x6f65d
core   0: 3 0x80003924 (0x6f65d717) x14 0xef660924
core   0: 0x80003928 (0x40025c33) sra     s8, tp, zero
core   0: 3 0x80003928 (0x40025c33) x24 0x00000008
core   0: 0x8000392c (0x00000611) c.addi  a2, 4
core   0: 3 0x8000392c (0x0611) x12 0x0000000a
core   0: 0x8000392e (0xfe3609e3) beq     a2, gp, pc - 14
core   0: 3 0x8000392e (0xfe3609e3)
core   0: 0x80003932 (0xfc77e8e3) bltu    a5, t2, pc - 48
core   0: 3 0x80003932 (0xfc77e8e3)
core   0: 0x80003902 (0xeae38f13) addi    t5, t2, -338
core   0: 3 0x80003902 (0xeae38f13) x30 0xfffffebd
core   0: 0x80003906 (0x019412b3) sll     t0, s0, s9
core   0: 3 0x80003906 (0x019412b3) x 5 0xbc2591c0
core   0: 0x8000390a (0x41ddd593) srai    a1, s11, 29
core   0: 3 0x8000390a (0x41ddd593) x11 0x00000000
core   0: 0x8000390e (0x00000795) c.addi  a5, 5
core   0: 3 0x8000390e (0x0795) x15 0x0000000a
core   0: 0x80003910 (0x032f4933) div     s2, t5, s2
core   0: 3 0x80003910 (0x032f4933) x18 0xffffffff
core   0: 0x80003914 (0x00600613) li      a2, 6
core   0: 3 0x80003914 (0x00600613) x12 0x00000006
core   0: 0x80003918 (0x00e00193) li      gp, 14
core   0: 3 0x80003918 (0x00e00193) x 3 0x0000000e
core   0: 0x8000391c (0xdbc22417) auipc   s0, 0xdbc22
core   0: 3 0x8000391c (0xdbc22417) x 8 0x5bc2591c
core   0: 0x80003920 (0x4c24bd93) sltiu   s11, s1, 1218
core   0: 3 0x80003920 (0x4c24bd93) x27 0x00000000
core   0: 0x80003924 (0x6f65d717) auipc   a4, 0x6f65d
core   0: 3 0x80003924 (0x6f65d717) x14 0xef660924
core   0: 0x80003928 (0x40025c33) sra     s8, tp, zero
core   0: 3 0x80003928 (0x40025c33) x24 0x00000008
core   0: 0x8000392c (0x00000611) c.addi  a2, 4
core   0: 3 0x8000392c (0x0611) x12 0x0000000a
core   0: 0x8000392e (0xfe3609e3) beq     a2, gp, pc - 14
core   0: 3 0x8000392e (0xfe3609e3)
core   0: 0x80003932 (0xfc77e8e3) bltu    a5, t2, pc - 48
core   0: 3 0x80003932 (0xfc77e8e3)
core   0: 0x80003902 (0xeae38f13) addi    t5, t2, -338
core   0: 3 0x80003902 (0xeae38f13) x30 0xfffffebd
core   0: 0x80003906 (0x019412b3) sll     t0, s0, s9
core   0: 3 0x80003906 (0x019412b3) x 5 0xbc2591c0
core   0: 0x8000390a (0x41ddd593) srai    a1, s11, 29
core   0: 3 0x8000390a (0x41ddd593) x11 0x00000000
core   0: 0x8000390e (0x00000795) c.addi  a5, 5
core   0: 3 0x8000390e (0x0795) x15 0x0000000f
core   0: 0x80003910 (0x032f4933) div     s2, t5, s2
core   0: 3 0x80003910 (0x032f4933) x18 0x00000143
core   0: 0x80003914 (0x00600613) li      a2, 6
core   0: 3 0x80003914 (0x00600613) x12 0x00000006
core   0: 0x80003918 (0x00e00193) li      gp, 14
core   0: 3 0x80003918 (0x00e00193) x 3 0x0000000e
core   0: 0x8000391c (0xdbc22417) auipc   s0, 0xdbc22
core   0: 3 0x8000391c (0xdbc22417) x 8 0x5bc2591c
core   0: 0x80003920 (0x4c24bd93) sltiu   s11, s1, 1218
core   0: 3 0x80003920 (0x4c24bd93) x27 0x00000000
core   0: 0x80003924 (0x6f65d717) auipc   a4, 0x6f65d
core   0: 3 0x80003924 (0x6f65d717) x14 0xef660924
core   0: 0x80003928 (0x40025c33) sra     s8, tp, zero
core   0: 3 0x80003928 (0x40025c33) x24 0x00000008
core   0: 0x8000392c (0x00000611) c.addi  a2, 4
core   0: 3 0x8000392c (0x0611) x12 0x0000000a
core   0: 0x8000392e (0xfe3609e3) beq     a2, gp, pc - 14
core   0: 3 0x8000392e (0xfe3609e3)
core   0: 0x80003932 (0xfc77e8e3) bltu    a5, t2, pc - 48
core   0: 3 0x80003932 (0xfc77e8e3)
core   0: 0x80003936 (0x558ea813) slti    a6, t4, 1368
core   0: 3 0x80003936 (0x558ea813) x16 0x00000000
core   0: 0x8000393a (0x0001c097) auipc   ra, 0x1c
core   0: 3 0x8000393a (0x0001c097) x 1 0x8001f93a
core   0: 0x8000393e (0xb9d08093) addi    ra, ra, -1123
core   0: 3 0x8000393e (0xb9d08093) x 1 0x8001f4d7
core   0: 0x80003942 (0x00c65433) srl     s0, a2, a2
core   0: 3 0x80003942 (0x00c65433) x 8 0x00000000
core   0: 0x80003946 (0x00008c01) c.sub   s0, s0
core   0: 3 0x80003946 (0x8c01) x 8 0x00000000
core   0: 0x80003948 (0x6f4086a3) sb      s4, 1773(ra)
core   0: 3 0x80003948 (0x6f4086a3) mem 0x8001fbc4 0xcf
core   0: 0x8000394c (0x00000001) c.nop
core   0: 3 0x8000394c (0x0001)
core   0: 0x8000394e (0x7d5097a3) sh      s5, 1999(ra)
core   0: 3 0x8000394e (0x7d5097a3) mem 0x8001fca6 0x3c3d
core   0: 0x80003952 (0x00000a36) c.slli  s4, 13
core   0: 3 0x80003952 (0x0a36) x20 0xb199e000
core   0: 0x80003954 (0x0750a4a3) sw      s5, 105(ra)
core   0: 3 0x80003954 (0x0750a4a3) mem 0x8001f540 0x00003c3d
core   0: 0x80003958 (0x01f59ab3) sll     s5, a1, t6
core   0: 3 0x80003958 (0x01f59ab3) x21 0x00000000
core   0: 0x8000395c (0x00008e41) c.or    a2, s0
core   0: 3 0x8000395c (0x8e41) x12 0x0000000a
core   0: 0x8000395e (0x36b08123) sb      a1, 866(ra)
core   0: 3 0x8000395e (0x36b08123) mem 0x8001f839 0x0
core   0: 0x80003962 (0x15f08403) lb      s0, 351(ra)
core   0: 3 0x80003962 (0x15f08403) x 8 0xffffffed mem 0x8001f636
core   0: 0x80003966 (0xad30df83) lhu     t6, -1325(ra)
core   0: 3 0x80003966 (0xad30df83) x31 0x00006061 mem 0x8001efaa
core   0: 0x8000396a (0x89408c23) sb      s4, -1896(ra)
core   0: 3 0x8000396a (0x89408c23) mem 0x8001ed6f 0x0
core   0: 0x8000396e (0x9f509ca3) sh      s5, -1543(ra)
core   0: 3 0x8000396e (0x9f509ca3) mem 0x8001eed0 0x0000
core   0: 0x80003972 (0x17640f93) addi    t6, s0, 374
core   0: 3 0x80003972 (0x17640f93) x31 0x00000163
core   0: 0x80003976 (0x000045d5) c.li    a1, 21
core   0: 3 0x80003976 (0x45d5) x11 0x00000015
core   0: 0x80003978 (0x87508f23) sb      s5, -1922(ra)
core   0: 3 0x80003978 (0x87508f23) mem 0x8001ed55 0x0
core   0: 0x8000397c (0x06f09a83) lh      s5, 111(ra)
core   0: 3 0x8000397c (0x06f09a83) x21 0xfffffcfd mem 0x8001f546
core   0: 0x80003980 (0xcd008a03) lb      s4, -816(ra)
core   0: 3 0x80003980 (0xcd008a03) x20 0x0000005c mem 0x8001f1a7
core   0: 0x80003984 (0x035a0a33) mul     s4, s4, s5
core   0: 3 0x80003984 (0x035a0a33) x20 0xfffeeaec
core   0: 0x80003988 (0x20f09583) lh      a1, 527(ra)
core   0: 3 0x80003988 (0x20f09583) x11 0xffff9c9d mem 0x8001f6e6
core   0: 0x8000398c (0x08c0c583) lbu     a1, 140(ra)
core   0: 3 0x8000398c (0x08c0c583) x11 0x00000018 mem 0x8001f563
core   0: 0x80003990 (0x00004a75) c.li    s4, 29
core   0: 3 0x80003990 (0x4a75) x20 0x0000001d
core   0: 0x80003992 (0x00008c6d) c.and   s0, a1
core   0: 3 0x80003992 (0x8c6d) x 8 0x00000008
core   0: 0x80003994 (0x2e808b23) sb      s0, 758(ra)
core   0: 3 0x80003994 (0x2e808b23) mem 0x8001f7cd 0x8
core   0: 0x80003998 (0xf3008a03) lb      s4, -208(ra)
core   0: 3 0x80003998 (0xf3008a03) x20 0xffffffbc mem 0x8001f407
core   0: 0x8000399c (0xe4fa4f93) xori    t6, s4, -433
core   0: 3 0x8000399c (0xe4fa4f93) x31 0x000001f3
core   0: 0x800039a0 (0xe790a603) lw      a2, -391(ra)
core   0: 3 0x800039a0 (0xe790a603) x12 0x08090a0b mem 0x8001f350
core   0: 0x800039a4 (0xb3408823) sb      s4, -1232(ra)
core   0: 3 0x800039a4 (0xb3408823) mem 0x8001f007 0xbc
core   0: 0x800039a8 (0xe0b08b23) sb      a1, -490(ra)
core   0: 3 0x800039a8 (0xe0b08b23) mem 0x8001f2ed 0x18
core   0: 0x800039ac (0x02c5aab3) mulhsu  s5, a1, a2
core   0: 3 0x800039ac (0x02c5aab3) x21 0x00000000
core   0: 0x800039b0 (0xbcc08723) sb      a2, -1074(ra)
core   0: 3 0x800039b0 (0xbcc08723) mem 0x8001f0a5 0xb
core   0: 0x800039b4 (0x2e60c403) lbu     s0, 742(ra)
core   0: 3 0x800039b4 (0x2e60c403) x 8 0x00000076 mem 0x8001f7bd
core   0: 0x800039b8 (0x8c20c583) lbu     a1, -1854(ra)
core   0: 3 0x800039b8 (0x8c20c583) x11 0x00000052 mem 0x8001ed99
core   0: 0x800039bc (0x2ec0aea3) sw      a2, 765(ra)
core   0: 3 0x800039bc (0x2ec0aea3) mem 0x8001f7d4 0x08090a0b
core   0: 0x800039c0 (0x32808a83) lb      s5, 808(ra)
core   0: 3 0x800039c0 (0x32808a83) x21 0xffffffb4 mem 0x8001f7ff
core   0: 0x800039c4 (0x52b084a3) sb      a1, 1321(ra)
core   0: 3 0x800039c4 (0x52b084a3) mem 0x8001fa00 0x52
core   0: 0x800039c8 (0x00000e13) li      t3, 0
core   0: 3 0x800039c8 (0x00000e13) x28 0x00000000
core   0: 0x800039cc (0x01baec33) or      s8, s5, s11
core   0: 3 0x800039cc (0x01baec33) x24 0xffffffb4
core   0: 0x800039d0 (0x00000001) c.nop
core   0: 3 0x800039d0 (0x0001)
core   0: 0x800039d2 (0x00c00793) li      a5, 12
core   0: 3 0x800039d2 (0x00c00793) x15 0x0000000c
core   0: 0x800039d6 (0x000a5d13) srli    s10, s4, 0
core   0: 3 0x800039d6 (0x000a5d13) x26 0xffffffbc
core   0: 0x800039da (0x54a44d13) xori    s10, s0, 1354
core   0: 3 0x800039da (0x54a44d13) x26 0x0000053c
core   0: 0x800039de (0x00000710) c.addi4spn a2, sp, 896
core   0: 3 0x800039de (0x0710) x12 0x00000381
core   0: 0x800039e0 (0x00000e11) c.addi  t3, 4
core   0: 3 0x800039e0 (0x0e11) x28 0x00000004
core   0: 0x800039e2 (0x00004981) c.li    s3, 0
core   0: 3 0x800039e2 (0x4981) x19 0x00000000
core   0: 0x800039e4 (0x00008d95) c.sub   a1, a3
core   0: 3 0x800039e4 (0x8d95) x11 0xfffffc4d
core   0: 0x800039e6 (0x00800d93) li      s11, 8
core   0: 3 0x800039e6 (0x00800d93) x27 0x00000008
core   0: 0x800039ea (0x00d3aeb3) slt     t4, t2, a3
core   0: 3 0x800039ea (0x00d3aeb3) x29 0x00000001
core   0: 0x800039ee (0x00700493) li      s1, 7
core   0: 3 0x800039ee (0x00700493) x 9 0x00000007
core   0: 0x800039f2 (0xd79d8fb7) lui     t6, 0xd79d8
core   0: 3 0x800039f2 (0xd79d8fb7) x31 0xd79d8000
core   0: 0x800039f6 (0x414ed733) sra     a4, t4, s4
core   0: 3 0x800039f6 (0x414ed733) x14 0x00000000
core   0: 0x800039fa (0x00001df5) c.addi  s11, -3
core   0: 3 0x800039fa (0x1df5) x27 0x00000005
core   0: 0x800039fc (0x019ea1b3) slt     gp, t4, s9
core   0: 3 0x800039fc (0x019ea1b3) x 3 0x00000000
core   0: 0x80003a00 (0x00008f2a) c.mv    t5, a0
core   0: 3 0x80003a00 (0x8f2a) x30 0x0000000d
core   0: 0x80003a02 (0xfe9df8e3) bgeu    s11, s1, pc - 16
core   0: 3 0x80003a02 (0xfe9df8e3)
core   0: 0x80003a06 (0xfcfe4ce3) blt     t3, a5, pc - 40
core   0: 3 0x80003a06 (0xfcfe4ce3)
core   0: 0x800039de (0x00000710) c.addi4spn a2, sp, 896
core   0: 3 0x800039de (0x0710) x12 0x00000381
core   0: 0x800039e0 (0x00000e11) c.addi  t3, 4
core   0: 3 0x800039e0 (0x0e11) x28 0x00000008
core   0: 0x800039e2 (0x00004981) c.li    s3, 0
core   0: 3 0x800039e2 (0x4981) x19 0x00000000
core   0: 0x800039e4 (0x00008d95) c.sub   a1, a3
core   0: 3 0x800039e4 (0x8d95) x11 0xfffff848
core   0: 0x800039e6 (0x00800d93) li      s11, 8
core   0: 3 0x800039e6 (0x00800d93) x27 0x00000008
core   0: 0x800039ea (0x00d3aeb3) slt     t4, t2, a3
core   0: 3 0x800039ea (0x00d3aeb3) x29 0x00000001
core   0: 0x800039ee (0x00700493) li      s1, 7
core   0: 3 0x800039ee (0x00700493) x 9 0x00000007
core   0: 0x800039f2 (0xd79d8fb7) lui     t6, 0xd79d8
core   0: 3 0x800039f2 (0xd79d8fb7) x31 0xd79d8000
core   0: 0x800039f6 (0x414ed733) sra     a4, t4, s4
core   0: 3 0x800039f6 (0x414ed733) x14 0x00000000
core   0: 0x800039fa (0x00001df5) c.addi  s11, -3
core   0: 3 0x800039fa (0x1df5) x27 0x00000005
core   0: 0x800039fc (0x019ea1b3) slt     gp, t4, s9
core   0: 3 0x800039fc (0x019ea1b3) x 3 0x00000000
core   0: 0x80003a00 (0x00008f2a) c.mv    t5, a0
core   0: 3 0x80003a00 (0x8f2a) x30 0x0000000d
core   0: 0x80003a02 (0xfe9df8e3) bgeu    s11, s1, pc - 16
core   0: 3 0x80003a02 (0xfe9df8e3)
core   0: 0x80003a06 (0xfcfe4ce3) blt     t3, a5, pc - 40
core   0: 3 0x80003a06 (0xfcfe4ce3)
core   0: 0x800039de (0x00000710) c.addi4spn a2, sp, 896
core   0: 3 0x800039de (0x0710) x12 0x00000381
core   0: 0x800039e0 (0x00000e11) c.addi  t3, 4
core   0: 3 0x800039e0 (0x0e11) x28 0x0000000c
core   0: 0x800039e2 (0x00004981) c.li    s3, 0
core   0: 3 0x800039e2 (0x4981) x19 0x00000000
core   0: 0x800039e4 (0x00008d95) c.sub   a1, a3
core   0: 3 0x800039e4 (0x8d95) x11 0xfffff443
core   0: 0x800039e6 (0x00800d93) li      s11, 8
core   0: 3 0x800039e6 (0x00800d93) x27 0x00000008
core   0: 0x800039ea (0x00d3aeb3) slt     t4, t2, a3
core   0: 3 0x800039ea (0x00d3aeb3) x29 0x00000001
core   0: 0x800039ee (0x00700493) li      s1, 7
core   0: 3 0x800039ee (0x00700493) x 9 0x00000007
core   0: 0x800039f2 (0xd79d8fb7) lui     t6, 0xd79d8
core   0: 3 0x800039f2 (0xd79d8fb7) x31 0xd79d8000
core   0: 0x800039f6 (0x414ed733) sra     a4, t4, s4
core   0: 3 0x800039f6 (0x414ed733) x14 0x00000000
core   0: 0x800039fa (0x00001df5) c.addi  s11, -3
core   0: 3 0x800039fa (0x1df5) x27 0x00000005
core   0: 0x800039fc (0x019ea1b3) slt     gp, t4, s9
core   0: 3 0x800039fc (0x019ea1b3) x 3 0x00000000
core   0: 0x80003a00 (0x00008f2a) c.mv    t5, a0
core   0: 3 0x80003a00 (0x8f2a) x30 0x0000000d
core   0: 0x80003a02 (0xfe9df8e3) bgeu    s11, s1, pc - 16
core   0: 3 0x80003a02 (0xfe9df8e3)
core   0: 0x80003a06 (0xfcfe4ce3) blt     t3, a5, pc - 40
core   0: 3 0x80003a06 (0xfcfe4ce3)
core   0: 0x80003a0a (0x02df85b3) mul     a1, t6, a3
core   0: 3 0x80003a0a (0x02df85b3) x11 0xac138000
core   0: 0x80003a0e (0x0140066f) jal     a2, pc + 0x14
core   0: 3 0x80003a0e (0x0140066f) x12 0x80003a12
core   0: 0x80003a22 (0x0000a801) c.j     pc + 16
core   0: 3 0x80003a22 (0xa801)
core   0: 0x80003a32 (0xff3ff0ef) jal     pc - 0xe
core   0: 3 0x80003a32 (0xff3ff0ef) x 1 0x80003a36
core   0: 0x80003a24 (0x00002011) c.jal   pc + 4
core   0: 3 0x80003a24 (0x2011) x 1 0x80003a26
core   0: 0x80003a28 (0xff5ff36f) jal     t1, pc - 0xc
core   0: 3 0x80003a28 (0xff5ff36f) x 6 0x80003a2c
core   0: 0x80003a1c (0x004000ef) jal     pc + 0x4
core   0: 3 0x80003a1c (0x004000ef) x 1 0x80003a20
core   0: 0x80003a20 (0x0000a039) c.j     pc + 14
core   0: 3 0x80003a20 (0xa039)
core   0: 0x80003a2e (0x00002009) c.jal   pc + 2
core   0: 3 0x80003a2e (0x2009) x 1 0x80003a30
core   0: 0x80003a30 (0x0000b7cd) c.j     pc - 30
core   0: 3 0x80003a30 (0xb7cd)
core   0: 0x80003a12 (0x00002015) c.jal   pc + 36
core   0: 3 0x80003a12 (0x2015) x 1 0x80003a14
core   0: 0x80003a36 (0x00003fdd) c.jal   pc - 10
core   0: 3 0x80003a36 (0x3fdd) x 1 0x80003a38
core   0: 0x80003a2c (0x000037fd) c.jal   pc - 18
core   0: 3 0x80003a2c (0x37fd) x 1 0x80003a2e
core   0: 0x80003a1a (0x00002839) c.jal   pc + 30
core   0: 3 0x80003a1a (0x2839) x 1 0x80003a1c
core   0: 0x80003a38 (0x0000b7c5) c.j     pc - 32
core   0: 3 0x80003a38 (0xb7c5)
core   0: 0x80003a18 (0x00003ff5) c.jal   pc - 4
core   0: 3 0x80003a18 (0x3ff5) x 1 0x80003a1a
core   0: 0x80003a14 (0x00002809) c.jal   pc + 18
core   0: 3 0x80003a14 (0x2809) x 1 0x80003a16
core   0: 0x80003a26 (0x0000bfc5) c.j     pc - 16
core   0: 3 0x80003a26 (0xbfc5)
core   0: 0x80003a16 (0x00002015) c.jal   pc + 36
core   0: 3 0x80003a16 (0x2015) x 1 0x80003a18
core   0: 0x80003a3a (0x022671b3) remu    gp, a2, sp
core   0: 3 0x80003a3a (0x022671b3) x 3 0x00000000
core   0: 0x80003a3e (0x0000df97) auipc   t6, 0xd
core   0: 3 0x80003a3e (0x0000df97) x31 0x80010a3e
core   0: 0x80003a42 (0xd85f8f93) addi    t6, t6, -635
core   0: 3 0x80003a42 (0xd85f8f93) x31 0x800107c3
core   0: 0x80003a46 (0xd03dff13) andi    t5, s11, -765
core   0: 3 0x80003a46 (0xd03dff13) x30 0x00000001
core   0: 0x80003a4a (0x010f8203) lb      tp, 16(t6)
core   0: 3 0x80003a4a (0x010f8203) x 4 0xffffff88 mem 0x800107d3
core   0: 0x80003a4e (0xffdfa783) lw      a5, -3(t6)
core   0: 3 0x80003a4e (0xffdfa783) x15 0x00000003 mem 0x800107c0
core   0: 0x80003a52 (0x035727b3) mulhsu  a5, a4, s5
core   0: 3 0x80003a52 (0x035727b3) x15 0x00000000
core   0: 0x80003a56 (0x00af8d83) lb      s11, 10(t6)
core   0: 3 0x80003a56 (0x00af8d83) x27 0xffffff86 mem 0x800107cd
core   0: 0x80003a5a (0x00000001) c.nop
core   0: 3 0x80003a5a (0x0001)
core   0: 0x80003a5c (0x02fdbdb3) mulhu   s11, s11, a5
core   0: 3 0x80003a5c (0x02fdbdb3) x27 0x00000000
core   0: 0x80003a60 (0xffaf8a83) lb      s5, -6(t6)
core   0: 3 0x80003a60 (0xffaf8a83) x21 0x00000076 mem 0x800107bd
core   0: 0x80003a64 (0xff6f8783) lb      a5, -10(t6)
core   0: 3 0x80003a64 (0xff6f8783) x15 0x00000072 mem 0x800107b9
core   0: 0x80003a68 (0x03b24db3) div     s11, tp, s11
core   0: 3 0x80003a68 (0x03b24db3) x27 0xffffffff
core   0: 0x80003a6c (0xfe173a93) sltiu   s5, a4, -31
core   0: 3 0x80003a6c (0xfe173a93) x21 0x00000001
core   0: 0x80003a70 (0x02fdaab3) mulhsu  s5, s11, a5
core   0: 3 0x80003a70 (0x02fdaab3) x21 0xffffffff
core   0: 0x80003a74 (0x01ef27b3) slt     a5, t5, t5
core   0: 3 0x80003a74 (0x01ef27b3) x15 0x00000000
core   0: 0x80003a78 (0xff0fcf03) lbu     t5, -16(t6)
core   0: 3 0x80003a78 (0xff0fcf03) x30 0x00000068 mem 0x800107b3
core   0: 0x80003a7c (0x0157e233) or      tp, a5, s5
core   0: 3 0x80003a7c (0x0157e233) x 4 0xffffffff
core   0: 0x80003a80 (0x00009712) c.add   a4, tp
core   0: 3 0x80003a80 (0x9712) x14 0xffffffff
core   0: 0x80003a82 (0x004f7ab3) and     s5, t5, tp
core   0: 3 0x80003a82 (0x004f7ab3) x21 0x00000068
core   0: 0x80003a86 (0x00008f3d) c.xor   a4, a5
core   0: 3 0x80003a86 (0x8f3d) x14 0xffffffff
core   0: 0x80003a88 (0xffef8f23) sb      t5, -2(t6)
core   0: 3 0x80003a88 (0xffef8f23) mem 0x800107c1 0x68
core   0: 0x80003a8c (0x00006709) c.lui   a4, 0x2
core   0: 3 0x80003a8c (0x6709) x14 0x00002000
core   0: 0x80003a8e (0x32a20d93) addi    s11, tp, 810
core   0: 3 0x80003a8e (0x32a20d93) x27 0x00000329
core   0: 0x80003a92 (0x03b22db3) mulhsu  s11, tp, s11
core   0: 3 0x80003a92 (0x03b22db3) x27 0xffffffff
core   0: 0x80003a96 (0x4977c713) xori    a4, a5, 1175
core   0: 3 0x80003a96 (0x4977c713) x14 0x00000497
core   0: 0x80003a9a (0x015acdb3) xor     s11, s5, s5
core   0: 3 0x80003a9a (0x015acdb3) x27 0x00000000
core   0: 0x80003a9e (0x08970d93) addi    s11, a4, 137
core   0: 3 0x80003a9e (0x08970d93) x27 0x00000520
core   0: 0x80003aa2 (0x00faedb3) or      s11, s5, a5
core   0: 3 0x80003aa2 (0x00faedb3) x27 0x00000068
core   0: 0x80003aa6 (0xbaa24213) xori    tp, tp, -1110
core   0: 3 0x80003aa6 (0xbaa24213) x 4 0x00000455
core   0: 0x80003aaa (0x02ededb3) rem     s11, s11, a4
core   0: 3 0x80003aaa (0x02ededb3) x27 0x00000068
core   0: 0x80003aae (0x007fcf03) lbu     t5, 7(t6)
core   0: 3 0x80003aae (0x007fcf03) x30 0x00000081 mem 0x800107ca
core   0: 0x80003ab2 (0x0ff0000f) fence   iorw,iorw
core   0: 3 0x80003ab2 (0x0ff0000f)
core   0: 0x80003ab6 (0x02427233) remu    tp, tp, tp
core   0: 3 0x80003ab6 (0x02427233) x 4 0x00000000
core   0: 0x80003aba (0x00009f56) c.add   t5, s5
core   0: 3 0x80003aba (0x9f56) x30 0x000000e9
core   0: 0x80003abc (0x0ff0000f) fence   iorw,iorw
core   0: 3 0x80003abc (0x0ff0000f)
core   0: 0x80003ac0 (0xff2f8d83) lb      s11, -14(t6)
core   0: 3 0x80003ac0 (0xff2f8d83) x27 0x0000006e mem 0x800107b5
core   0: 0x80003ac4 (0xffaf8f03) lb      t5, -6(t6)
core   0: 3 0x80003ac4 (0xffaf8f03) x30 0x00000076 mem 0x800107bd
core   0: 0x80003ac8 (0x00008fb9) c.xor   a5, a4
core   0: 3 0x80003ac8 (0x8fb9) x15 0x00000497
core   0: 0x80003aca (0x00cf8203) lb      tp, 12(t6)
core   0: 3 0x80003aca (0x00cf8203) x 4 0xffffff84 mem 0x800107cf
core   0: 0x80003ace (0xffbf9f03) lh      t5, -5(t6)
core   0: 3 0x80003ace (0xffbf9f03) x30 0x00007475 mem 0x800107be
core   0: 0x80003ad2 (0x41ba8ab3) sub     s5, s5, s11
core   0: 3 0x80003ad2 (0x41ba8ab3) x21 0xfffffffa
core   0: 0x80003ad6 (0x000fcd83) lbu     s11, 0(t6)
core   0: 3 0x80003ad6 (0x000fcd83) x27 0x00000000 mem 0x800107c3
core   0: 0x80003ada (0x0001c597) auipc   a1, 0x1c
core   0: 3 0x80003ada (0x0001c597) x11 0x8001fada
core   0: 0x80003ade (0x8e858593) addi    a1, a1, -1816
core   0: 3 0x80003ade (0x8e858593) x11 0x8001f3c2
core   0: 0x80003ae2 (0x70c58223) sb      a2, 1796(a1)
core   0: 3 0x80003ae2 (0x70c58223) mem 0x8001fac6 0x12
core   0: 0x80003ae6 (0x0094e033) or      zero, s1, s1
core   0: 3 0x80003ae6 (0x0094e033)
core   0: 0x80003aea (0x4ba59603) lh      a2, 1210(a1)
core   0: 3 0x80003aea (0x4ba59603) x12 0x00003637 mem 0x8001f87c
core   0: 0x80003aee (0x02916133) rem     sp, sp, s1
core   0: 3 0x80003aee (0x02916133) x 2 0x00000001
core   0: 0x80003af2 (0x6325a483) lw      s1, 1586(a1)
core   0: 3 0x80003af2 (0x6325a483) x 9 0xacadaeaf mem 0x8001f9f4
core   0: 0x80003af6 (0x17b6b113) sltiu   sp, a3, 379
core   0: 3 0x80003af6 (0x17b6b113) x 2 0x00000000
core   0: 0x80003afa (0x6dc5c483) lbu     s1, 1756(a1)
core   0: 3 0x80003afa (0x6dc5c483) x 9 0x00000055 mem 0x8001fa9e
core   0: 0x80003afe (0xaaf5c283) lbu     t0, -1361(a1)
core   0: 3 0x80003afe (0xaaf5c283) x 5 0x0000002a mem 0x8001ee71
core   0: 0x80003b02 (0x40265133) sra     sp, a2, sp
core   0: 3 0x80003b02 (0x40265133) x 2 0x00003637
core   0: 0x80003b06 (0x00008e51) c.or    a2, a2
core   0: 3 0x80003b06 (0x8e51) x12 0x00003637
core   0: 0x80003b08 (0x00000001) c.nop
core   0: 3 0x80003b08 (0x0001)
core   0: 0x80003b0a (0xa5158683) lb      a3, -1455(a1)
core   0: 3 0x80003b0a (0xa5158683) x13 0xffffffc8 mem 0x8001ee13
core   0: 0x80003b0e (0xbfa2f613) andi    a2, t0, -1030
core   0: 3 0x80003b0e (0xbfa2f613) x12 0x0000002a
core   0: 0x80003b12 (0x2a2588a3) sb      sp, 689(a1)
core   0: 3 0x80003b12 (0x2a2588a3) mem 0x8001f673 0x37
core   0: 0x80003b16 (0x02c69133) mulh    sp, a3, a2
core   0: 3 0x80003b16 (0x02c69133) x 2 0xffffffff
core   0: 0x80003b1a (0xe5366493) ori     s1, a2, -429
core   0: 3 0x80003b1a (0xe5366493) x 9 0xfffffe7b
core   0: 0x80003b1e (0x84059003) lh      zero, -1984(a1)
core   0: 3 0x80003b1e (0x84059003) mem 0x8001ec02
core   0: 0x80003b22 (0x00e29693) slli    a3, t0, 14
core   0: 3 0x80003b22 (0x00e29693) x13 0x000a8000
core   0: 0x80003b26 (0xe3c59683) lh      a3, -452(a1)
core   0: 3 0x80003b26 (0xe3c59683) x13 0xffffb4b5 mem 0x8001f1fe
core   0: 0x80003b2a (0x0292a4b3) mulhsu  s1, t0, s1
core   0: 3 0x80003b2a (0x0292a4b3) x 9 0x00000029
core   0: 0x80003b2e (0x4185d103) lhu     sp, 1048(a1)
core   0: 3 0x80003b2e (0x4185d103) x 2 0x00009091 mem 0x8001f7da
core   0: 0x80003b32 (0x87c48293) addi    t0, s1, -1924
core   0: 3 0x80003b32 (0x87c48293) x 5 0xfffff8a5
core   0: 0x80003b36 (0x0292a633) mulhsu  a2, t0, s1
core   0: 3 0x80003b36 (0x0292a633) x12 0xffffffff
core   0: 0x80003b3a (0x00008496) c.mv    s1, t0
core   0: 3 0x80003b3a (0x8496) x 9 0xfffff8a5
core   0: 0x80003b3c (0x00d2a633) slt     a2, t0, a3
core   0: 3 0x80003b3c (0x00d2a633) x12 0x00000000
core   0: 0x80003b40 (0x00008136) c.mv    sp, a3
core   0: 3 0x80003b40 (0x8136) x 2 0xffffb4b5
core   0: 0x80003b42 (0xf2c5a523) sw      a2, -214(a1)
core   0: 3 0x80003b42 (0xf2c5a523) mem 0x8001f2ec 0x00000000
core   0: 0x80003b46 (0x00000001) c.nop
core   0: 3 0x80003b46 (0x0001)
core   0: 0x80003b48 (0x022176b3) remu    a3, sp, sp
core   0: 3 0x80003b48 (0x022176b3) x13 0x00000000
core   0: 0x80003b4c (0x63d58103) lb      sp, 1597(a1)
core   0: 3 0x80003b4c (0x63d58103) x 2 0xffffffb4 mem 0x8001f9ff
core   0: 0x80003b50 (0xfa913293) sltiu   t0, sp, -87
core   0: 3 0x80003b50 (0xfa913293) x 5 0x00000000
core   0: 0x80003b54 (0x59958603) lb      a2, 1433(a1)
core   0: 3 0x80003b54 (0x59958603) x12 0x00000010 mem 0x8001f95b
core   0: 0x80003b58 (0x409602b3) sub     t0, a2, s1
core   0: 3 0x80003b58 (0x409602b3) x 5 0x0000076b
core   0: 0x80003b5c (0x00006105) c.addi16sp sp, 32
core   0: 3 0x80003b5c (0x6105) x 2 0xffffffd4
core   0: 0x80003b5e (0x4b35c483) lbu     s1, 1203(a1)
core   0: 3 0x80003b5e (0x4b35c483) x 9 0x0000002e mem 0x8001f875
core   0: 0x80003b62 (0x7835c603) lbu     a2, 1923(a1)
core   0: 3 0x80003b62 (0x7835c603) x12 0x000000fe mem 0x8001fb45
core   0: 0x80003b66 (0x02c632b3) mulhu   t0, a2, a2
core   0: 3 0x80003b66 (0x02c632b3) x 5 0x00000000
core   0: 0x80003b6a (0xb2b5c603) lbu     a2, -1237(a1)
core   0: 3 0x80003b6a (0xb2b5c603) x12 0x000000a6 mem 0x8001eeed
core   0: 0x80003b6e (0x0f35c603) lbu     a2, 243(a1)
core   0: 3 0x80003b6e (0x0f35c603) x12 0x0000006e mem 0x8001f4b5
core   0: 0x80003b72 (0x9e659283) lh      t0, -1562(a1)
core   0: 3 0x80003b72 (0x9e659283) x 5 0x00006263 mem 0x8001eda8
core   0: 0x80003b76 (0x0000100f) fence.i
core   0: 3 0x80003b76 (0x0000100f)
core   0: 0x80003b7a (0x000004b1) c.addi  s1, 12
core   0: 3 0x80003b7a (0x04b1) x 9 0x0000003a
core   0: 0x80003b7c (0x4055c683) lbu     a3, 1029(a1)
core   0: 3 0x80003b7c (0x4055c683) x13 0x0000007c mem 0x8001f7c7
core   0: 0x80003b80 (0x00c6d6b3) srl     a3, a3, a2
core   0: 3 0x80003b80 (0x00c6d6b3) x13 0x00000000
core   0: 0x80003b84 (0xe8a5a603) lw      a2, -374(a1)
core   0: 3 0x80003b84 (0xe8a5a603) x12 0x04050607 mem 0x8001f24c
core   0: 0x80003b88 (0xd3458603) lb      a2, -716(a1)
core   0: 3 0x80003b88 (0xd3458603) x12 0xffffffad mem 0x8001f0f6
core   0: 0x80003b8c (0x0000dd17) auipc   s10, 0xd
core   0: 3 0x80003b8c (0x0000dd17) x26 0x80010b8c
core   0: 0x80003b90 (0xac8d0d13) addi    s10, s10, -1336
core   0: 3 0x80003b90 (0xac8d0d13) x26 0x80010654
core   0: 0x80003b94 (0xfe3d05a3) sb      gp, -21(s10)
core   0: 3 0x80003b94 (0xfe3d05a3) mem 0x8001063f 0x0
core   0: 0x80003b98 (0x029d4083) lbu     ra, 41(s10)
core   0: 3 0x80003b98 (0x029d4083) x 1 0x00000036 mem 0x8001067d
core   0: 0x80003b9c (0x035d04a3) sb      s5, 41(s10)
core   0: 3 0x80003b9c (0x035d04a3) mem 0x8001067d 0xfa
core   0: 0x80003ba0 (0x03bd04a3) sb      s11, 41(s10)
core   0: 3 0x80003ba0 (0x03bd04a3) mem 0x8001067d 0x0
core   0: 0x80003ba4 (0x02fd04a3) sb      a5, 41(s10)
core   0: 3 0x80003ba4 (0x02fd04a3) mem 0x8001067d 0x97
core   0: 0x80003ba8 (0x02ed04a3) sb      a4, 41(s10)
core   0: 3 0x80003ba8 (0x02ed04a3) mem 0x8001067d 0x97
core   0: 0x80003bac (0xab034e93) xori    t4, t1, -1360
core   0: 3 0x80003bac (0xab034e93) x29 0x7fffc09c
core   0: 0x80003bb0 (0x038d04a3) sb      s8, 41(s10)
core   0: 3 0x80003bb0 (0x038d04a3) mem 0x8001067d 0xb4
core   0: 0x80003bb4 (0x027d04a3) sb      t2, 41(s10)
core   0: 3 0x80003bb4 (0x027d04a3) mem 0x8001067d 0xf
core   0: 0x80003bb8 (0x029d0603) lb      a2, 41(s10)
core   0: 3 0x80003bb8 (0x029d0603) x12 0x0000000f mem 0x8001067d
core   0: 0x80003bbc (0x029d0283) lb      t0, 41(s10)
core   0: 3 0x80003bbc (0x029d0283) x 5 0x0000000f mem 0x8001067d
core   0: 0x80003bc0 (0x029d0f83) lb      t6, 41(s10)
core   0: 3 0x80003bc0 (0x029d0f83) x31 0x0000000f mem 0x8001067d
core   0: 0x80003bc4 (0x00dd0483) lb      s1, 13(s10)
core   0: 3 0x80003bc4 (0x00dd0483) x 9 0x0000001a mem 0x80010661
core   0: 0x80003bc8 (0x00dd4f03) lbu     t5, 13(s10)
core   0: 3 0x80003bc8 (0x00dd4f03) x30 0x0000001a mem 0x80010661
core   0: 0x80003bcc (0x00010117) auipc   sp, 0x10
core   0: 3 0x80003bcc (0x00010117) x 2 0x80013bcc
core   0: 0x80003bd0 (0x18210113) addi    sp, sp, 386
core   0: 3 0x80003bd0 (0x18210113) x 2 0x80013d4e
core   0: 0x80003bd4 (0xff410b83) lb      s7, -12(sp)
core   0: 3 0x80003bd4 (0xff410b83) x23 0xfffffff9 mem 0x80013d42
core   0: 0x80003bd8 (0x00914a83) lbu     s5, 9(sp)
core   0: 3 0x80003bd8 (0x00914a83) x21 0x0000000c mem 0x80013d57
core   0: 0x80003bdc (0x00b10c03) lb      s8, 11(sp)
core   0: 3 0x80003bdc (0x00b10c03) x24 0x00000012 mem 0x80013d59
core   0: 0x80003be0 (0xff811403) lh      s0, -8(sp)
core   0: 3 0x80003be0 (0xff811403) x 8 0xfffffcfd mem 0x80013d46
core   0: 0x80003be4 (0x021e66b3) rem     a3, t3, ra
core   0: 3 0x80003be4 (0x021e66b3) x13 0x0000000c
core   0: 0x80003be8 (0x00d10683) lb      a3, 13(sp)
core   0: 3 0x80003be8 (0x00d10683) x13 0x00000010 mem 0x80013d5b
core   0: 0x80003bec (0x00d10583) lb      a1, 13(sp)
core   0: 3 0x80003bec (0x00d10583) x11 0x00000010 mem 0x80013d5b
core   0: 0x80003bf0 (0xff510d83) lb      s11, -11(sp)
core   0: 3 0x80003bf0 (0xff510d83) x27 0xfffffff8 mem 0x80013d43
core   0: 0x80003bf4 (0x01810623) sb      s8, 12(sp)
core   0: 3 0x80003bf4 (0x01810623) mem 0x80013d5a 0x12
core   0: 0x80003bf8 (0xff510d83) lb      s11, -11(sp)
core   0: 3 0x80003bf8 (0xff510d83) x27 0xfffffff8 mem 0x80013d43
core   0: 0x80003bfc (0x03f163b3) rem     t2, sp, t6
core   0: 3 0x80003bfc (0x03f163b3) x 7 0xfffffffd
core   0: 0x80003c00 (0x00010983) lb      s3, 0(sp)
core   0: 3 0x80003c00 (0x00010983) x19 0x00000005 mem 0x80013d4e
core   0: 0x80003c04 (0x004104a3) sb      tp, 9(sp)
core   0: 3 0x80003c04 (0x004104a3) mem 0x80013d57 0x84
core   0: 0x80003c08 (0xfe510ea3) sb      t0, -3(sp)
core   0: 3 0x80003c08 (0xfe510ea3) mem 0x80013d4b 0xf
core   0: 0x80003c0c (0xff510903) lb      s2, -11(sp)
core   0: 3 0x80003c0c (0xff510903) x18 0xfffffff8 mem 0x80013d43
core   0: 0x80003c10 (0x00710b83) lb      s7, 7(sp)
core   0: 3 0x80003c10 (0x00710b83) x23 0x0000000e mem 0x80013d55
core   0: 0x80003c14 (0x00000001) c.nop
core   0: 3 0x80003c14 (0x0001)
core   0: 0x80003c16 (0xff614f83) lbu     t6, -10(sp)
core   0: 3 0x80003c16 (0xff614f83) x31 0x000000ff mem 0x80013d44
core   0: 0x80003c1a (0x023ca833) mulhsu  a6, s9, gp
core   0: 3 0x80003c1a (0x023ca833) x16 0x00000000
core   0: 0x80003c1e (0x00f14803) lbu     a6, 15(sp)
core   0: 3 0x80003c1e (0x00f14803) x16 0x00000016 mem 0x80013d5d
core   0: 0x80003c22 (0xfff10783) lb      a5, -1(sp)
core   0: 3 0x80003c22 (0xfff10783) x15 0x00000006 mem 0x80013d4d
core   0: 0x80003c26 (0xc6f3e913) ori     s2, t2, -913
core   0: 3 0x80003c26 (0xc6f3e913) x18 0xffffffff
core   0: 0x80003c2a (0x00008e31) c.xor   a2, a2
core   0: 3 0x80003c2a (0x8e31) x12 0x00000000
core   0: 0x80003c2c (0xff310303) lb      t1, -13(sp)
core   0: 3 0x80003c2c (0xff310303) x 6 0xfffffffa mem 0x80013d41
core   0: 0x80003c30 (0x01010003) lb      zero, 16(sp)
core   0: 3 0x80003c30 (0x01010003) mem 0x80013d5e
core   0: 0x80003c34 (0x00a10023) sb      a0, 0(sp)
core   0: 3 0x80003c34 (0x00a10023) mem 0x80013d4e 0xd
core   0: 0x80003c38 (0x01970b33) add     s6, a4, s9
core   0: 3 0x80003c38 (0x01970b33) x22 0x8002a17b
core   0: 0x80003c3c (0x00811023) sh      s0, 0(sp)
core   0: 3 0x80003c3c (0x00811023) mem 0x80013d4e 0xfcfd
core   0: 0x80003c40 (0x00b14d83) lbu     s11, 11(sp)
core   0: 3 0x80003c40 (0x00b14d83) x27 0x00000012 mem 0x80013d59
core   0: 0x80003c44 (0x00000615) c.addi  a2, 5
core   0: 3 0x80003c44 (0x0615) x12 0x00000005
core   0: 0x80003c46 (0x01010583) lb      a1, 16(sp)
core   0: 3 0x80003c46 (0x01010583) x11 0x00000015 mem 0x80013d5e
core   0: 0x80003c4a (0x0000090d) c.addi  s2, 3
core   0: 3 0x80003c4a (0x090d) x18 0x00000002
core   0: 0x80003c4c (0x00d14183) lbu     gp, 13(sp)
core   0: 3 0x80003c4c (0x00d14183) x 3 0x00000010 mem 0x80013d5b
core   0: 0x80003c50 (0x00008de1) c.and   a1, s0
core   0: 3 0x80003c50 (0x8de1) x11 0x00000015
core   0: 0x80003c52 (0x00d14a83) lbu     s5, 13(sp)
core   0: 3 0x80003c52 (0x00d14a83) x21 0x00000010 mem 0x80013d5b
core   0: 0x80003c56 (0x0000e417) auipc   s0, 0xe
core   0: 3 0x80003c56 (0x0000e417) x 8 0x80011c56
core   0: 0x80003c5a (0xf5f40413) addi    s0, s0, -161
core   0: 3 0x80003c5a (0xf5f40413) x 8 0x80011bb5
core   0: 0x80003c5e (0x0000de97) auipc   t4, 0xd
core   0: 3 0x80003c5e (0x0000de97) x29 0x80010c5e
core   0: 0x80003c62 (0x37be8e93) addi    t4, t4, 891
core   0: 3 0x80003c62 (0x37be8e93) x29 0x80010fd9
core   0: 0x80003c66 (0x0e940323) sb      s1, 230(s0)
core   0: 3 0x80003c66 (0x0e940323) mem 0x80011c9b 0x1a
core   0: 0x80003c6a (0xf08ec983) lbu     s3, -248(t4)
core   0: 3 0x80003c6a (0xf08ec983) x19 0x00000000 mem 0x80010ee1
core   0: 0x80003c6e (0xfede8f23) sb      a3, -2(t4)
core   0: 3 0x80003c6e (0xfede8f23) mem 0x80010fd7 0x10
core   0: 0x80003c72 (0x09d402a3) sb      t4, 133(s0)
core   0: 3 0x80003c72 (0x09d402a3) mem 0x80011c3a 0xd9
core   0: 0x80003c76 (0xfb8eada3) sw      s8, -69(t4)
core   0: 3 0x80003c76 (0xfb8eada3) mem 0x80010f94 0x00000012
core   0: 0x80003c7a (0xf7140423) sb      a7, -152(s0)
core   0: 3 0x80003c7a (0xf7140423) mem 0x80011b1d 0x64
core   0: 0x80003c7e (0x036e8a23) sb      s6, 52(t4)
core   0: 3 0x80003c7e (0x036e8a23) mem 0x8001100d 0x7b
core   0: 0x80003c82 (0x07141083) lh      ra, 113(s0)
core   0: 3 0x80003c82 (0x07141083) x 1 0xffffdcdd mem 0x80011c26
core   0: 0x80003c86 (0x0cd40583) lb      a1, 205(s0)
core   0: 3 0x80003c86 (0x0cd40583) x11 0x00000039 mem 0x80011c82
core   0: 0x80003c8a (0xf90ea1a3) sw      a6, -125(t4)
core   0: 3 0x80003c8a (0xf90ea1a3) mem 0x80010f5c 0x00000016
core   0: 0x80003c8e (0x00200493) li      s1, 2
core   0: 3 0x80003c8e (0x00200493) x 9 0x00000002
core   0: 0x80003c92 (0x0000187d) c.addi  a6, -1
core   0: 3 0x80003c92 (0x187d) x16 0x00000015
core   0: 0x80003c94 (0x00008eb2) c.mv    t4, a2
core   0: 3 0x80003c94 (0x8eb2) x29 0x00000005
core   0: 0x80003c96 (0x00008db9) c.xor   a1, a4
core   0: 3 0x80003c96 (0x8db9) x11 0x000004ae
core   0: 0x80003c98 (0xff600113) li      sp, -10
core   0: 3 0x80003c98 (0xff600113) x 2 0xfffffff6
core   0: 0x80003c9c (0xf447ac13) slti    s8, a5, -188
core   0: 3 0x80003c9c (0xf447ac13) x24 0x00000000
core   0: 0x80003ca0 (0x02d09fb3) mulh    t6, ra, a3
core   0: 3 0x80003ca0 (0x02d09fb3) x31 0xffffffff
core   0: 0x80003ca4 (0x036870b3) remu    ra, a6, s6
core   0: 3 0x80003ca4 (0x036870b3) x 1 0x00000015
core   0: 0x80003ca8 (0x000014ed) c.addi  s1, -5
core   0: 3 0x80003ca8 (0x14ed) x 9 0xfffffffd
core   0: 0x80003caa (0x00865333) srl     t1, a2, s0
core   0: 3 0x80003caa (0x00865333) x 6 0x00000000
core   0: 0x80003cae (0x00400613) li      a2, 4
core   0: 3 0x80003cae (0x00400613) x12 0x00000004
core   0: 0x80003cb2 (0x03dbd7b3) divu    a5, s7, t4
core   0: 3 0x80003cb2 (0x03dbd7b3) x15 0x00000002
core   0: 0x80003cb6 (0x01ecc433) xor     s0, s9, t5
core   0: 3 0x80003cb6 (0x01ecc433) x 8 0x80029cfe
core   0: 0x80003cba (0xffe00193) li      gp, -2
core   0: 3 0x80003cba (0xffe00193) x 3 0xfffffffe
core   0: 0x80003cbe (0x021ba7b3) mulhsu  a5, s7, ra
core   0: 3 0x80003cbe (0x021ba7b3) x15 0x00000000
core   0: 0x80003cc2 (0x5f662393) slti    t2, a2, 1526
core   0: 3 0x80003cc2 (0x5f662393) x 7 0x00000001
core   0: 0x80003cc6 (0x00001669) c.addi  a2, -6
core   0: 3 0x80003cc6 (0x1669) x12 0xfffffffe
core   0: 0x80003cc8 (0x02666db3) rem     s11, a2, t1
core   0: 3 0x80003cc8 (0x02666db3) x27 0xfffffffe
core   0: 0x80003ccc (0x023da0b3) mulhsu  ra, s11, gp
core   0: 3 0x80003ccc (0x023da0b3) x 1 0xfffffffe
core   0: 0x80003cd0 (0x40b9db33) sra     s6, s3, a1
core   0: 3 0x80003cd0 (0x40b9db33) x22 0x00000000
core   0: 0x80003cd4 (0x404d5813) srai    a6, s10, 4
core   0: 3 0x80003cd4 (0x404d5813) x16 0xf8001065
core   0: 0x80003cd8 (0x0000933a) c.add   t1, a4
core   0: 3 0x80003cd8 (0x933a) x 6 0x00000497
core   0: 0x80003cda (0xfe3612e3) bne     a2, gp, pc - 28
core   0: 3 0x80003cda (0xfe3612e3)
core   0: 0x80003cde (0xffe42093) slti    ra, s0, -2
core   0: 3 0x80003cde (0xffe42093) x 1 0x00000001
core   0: 0x80003ce2 (0x00008ded) c.and   a1, a1
core   0: 3 0x80003ce2 (0x8ded) x11 0x000004ae
core   0: 0x80003ce4 (0x0ff0000f) fence   iorw,iorw
core   0: 3 0x80003ce4 (0x0ff0000f)
core   0: 0x80003ce8 (0x03b4d233) divu    tp, s1, s11
core   0: 3 0x80003ce8 (0x03b4d233) x 4 0x00000000
core   0: 0x80003cec (0x00005dfd) c.li    s11, -1
core   0: 3 0x80003cec (0x5dfd) x27 0xffffffff
core   0: 0x80003cee (0xfa24d9e3) bge     s1, sp, pc - 78
core   0: 3 0x80003cee (0xfa24d9e3)
core   0: 0x80003ca0 (0x02d09fb3) mulh    t6, ra, a3
core   0: 3 0x80003ca0 (0x02d09fb3) x31 0x00000000
core   0: 0x80003ca4 (0x036870b3) remu    ra, a6, s6
core   0: 3 0x80003ca4 (0x036870b3) x 1 0xf8001065
core   0: 0x80003ca8 (0x000014ed) c.addi  s1, -5
core   0: 3 0x80003ca8 (0x14ed) x 9 0xfffffff8
core   0: 0x80003caa (0x00865333) srl     t1, a2, s0
core   0: 3 0x80003caa (0x00865333) x 6 0x00000003
core   0: 0x80003cae (0x00400613) li      a2, 4
core   0: 3 0x80003cae (0x00400613) x12 0x00000004
core   0: 0x80003cb2 (0x03dbd7b3) divu    a5, s7, t4
core   0: 3 0x80003cb2 (0x03dbd7b3) x15 0x00000002
core   0: 0x80003cb6 (0x01ecc433) xor     s0, s9, t5
core   0: 3 0x80003cb6 (0x01ecc433) x 8 0x80029cfe
core   0: 0x80003cba (0xffe00193) li      gp, -2
core   0: 3 0x80003cba (0xffe00193) x 3 0xfffffffe
core   0: 0x80003cbe (0x021ba7b3) mulhsu  a5, s7, ra
core   0: 3 0x80003cbe (0x021ba7b3) x15 0x0000000d
core   0: 0x80003cc2 (0x5f662393) slti    t2, a2, 1526
core   0: 3 0x80003cc2 (0x5f662393) x 7 0x00000001
core   0: 0x80003cc6 (0x00001669) c.addi  a2, -6
core   0: 3 0x80003cc6 (0x1669) x12 0xfffffffe
core   0: 0x80003cc8 (0x02666db3) rem     s11, a2, t1
core   0: 3 0x80003cc8 (0x02666db3) x27 0xfffffffe
core   0: 0x80003ccc (0x023da0b3) mulhsu  ra, s11, gp
core   0: 3 0x80003ccc (0x023da0b3) x 1 0xfffffffe
core   0: 0x80003cd0 (0x40b9db33) sra     s6, s3, a1
core   0: 3 0x80003cd0 (0x40b9db33) x22 0x00000000
core   0: 0x80003cd4 (0x404d5813) srai    a6, s10, 4
core   0: 3 0x80003cd4 (0x404d5813) x16 0xf8001065
core   0: 0x80003cd8 (0x0000933a) c.add   t1, a4
core   0: 3 0x80003cd8 (0x933a) x 6 0x0000049a
core   0: 0x80003cda (0xfe3612e3) bne     a2, gp, pc - 28
core   0: 3 0x80003cda (0xfe3612e3)
core   0: 0x80003cde (0xffe42093) slti    ra, s0, -2
core   0: 3 0x80003cde (0xffe42093) x 1 0x00000001
core   0: 0x80003ce2 (0x00008ded) c.and   a1, a1
core   0: 3 0x80003ce2 (0x8ded) x11 0x000004ae
core   0: 0x80003ce4 (0x0ff0000f) fence   iorw,iorw
core   0: 3 0x80003ce4 (0x0ff0000f)
core   0: 0x80003ce8 (0x03b4d233) divu    tp, s1, s11
core   0: 3 0x80003ce8 (0x03b4d233) x 4 0x00000000
core   0: 0x80003cec (0x00005dfd) c.li    s11, -1
core   0: 3 0x80003cec (0x5dfd) x27 0xffffffff
core   0: 0x80003cee (0xfa24d9e3) bge     s1, sp, pc - 78
core   0: 3 0x80003cee (0xfa24d9e3)
core   0: 0x80003ca0 (0x02d09fb3) mulh    t6, ra, a3
core   0: 3 0x80003ca0 (0x02d09fb3) x31 0x00000000
core   0: 0x80003ca4 (0x036870b3) remu    ra, a6, s6
core   0: 3 0x80003ca4 (0x036870b3) x 1 0xf8001065
core   0: 0x80003ca8 (0x000014ed) c.addi  s1, -5
core   0: 3 0x80003ca8 (0x14ed) x 9 0xfffffff3
core   0: 0x80003caa (0x00865333) srl     t1, a2, s0
core   0: 3 0x80003caa (0x00865333) x 6 0x00000003
core   0: 0x80003cae (0x00400613) li      a2, 4
core   0: 3 0x80003cae (0x00400613) x12 0x00000004
core   0: 0x80003cb2 (0x03dbd7b3) divu    a5, s7, t4
core   0: 3 0x80003cb2 (0x03dbd7b3) x15 0x00000002
core   0: 0x80003cb6 (0x01ecc433) xor     s0, s9, t5
core   0: 3 0x80003cb6 (0x01ecc433) x 8 0x80029cfe
core   0: 0x80003cba (0xffe00193) li      gp, -2
core   0: 3 0x80003cba (0xffe00193) x 3 0xfffffffe
core   0: 0x80003cbe (0x021ba7b3) mulhsu  a5, s7, ra
core   0: 3 0x80003cbe (0x021ba7b3) x15 0x0000000d
core   0: 0x80003cc2 (0x5f662393) slti    t2, a2, 1526
core   0: 3 0x80003cc2 (0x5f662393) x 7 0x00000001
core   0: 0x80003cc6 (0x00001669) c.addi  a2, -6
core   0: 3 0x80003cc6 (0x1669) x12 0xfffffffe
core   0: 0x80003cc8 (0x02666db3) rem     s11, a2, t1
core   0: 3 0x80003cc8 (0x02666db3) x27 0xfffffffe
core   0: 0x80003ccc (0x023da0b3) mulhsu  ra, s11, gp
core   0: 3 0x80003ccc (0x023da0b3) x 1 0xfffffffe
core   0: 0x80003cd0 (0x40b9db33) sra     s6, s3, a1
core   0: 3 0x80003cd0 (0x40b9db33) x22 0x00000000
core   0: 0x80003cd4 (0x404d5813) srai    a6, s10, 4
core   0: 3 0x80003cd4 (0x404d5813) x16 0xf8001065
core   0: 0x80003cd8 (0x0000933a) c.add   t1, a4
core   0: 3 0x80003cd8 (0x933a) x 6 0x0000049a
core   0: 0x80003cda (0xfe3612e3) bne     a2, gp, pc - 28
core   0: 3 0x80003cda (0xfe3612e3)
core   0: 0x80003cde (0xffe42093) slti    ra, s0, -2
core   0: 3 0x80003cde (0xffe42093) x 1 0x00000001
core   0: 0x80003ce2 (0x00008ded) c.and   a1, a1
core   0: 3 0x80003ce2 (0x8ded) x11 0x000004ae
core   0: 0x80003ce4 (0x0ff0000f) fence   iorw,iorw
core   0: 3 0x80003ce4 (0x0ff0000f)
core   0: 0x80003ce8 (0x03b4d233) divu    tp, s1, s11
core   0: 3 0x80003ce8 (0x03b4d233) x 4 0x00000000
core   0: 0x80003cec (0x00005dfd) c.li    s11, -1
core   0: 3 0x80003cec (0x5dfd) x27 0xffffffff
core   0: 0x80003cee (0xfa24d9e3) bge     s1, sp, pc - 78
core   0: 3 0x80003cee (0xfa24d9e3)
core   0: 0x80003cf2 (0x00008db1) c.xor   a1, a2
core   0: 3 0x80003cf2 (0x8db1) x11 0xfffffb50
core   0: 0x80003cf4 (0xff700d13) li      s10, -9
core   0: 3 0x80003cf4 (0xff700d13) x26 0xfffffff7
core   0: 0x80003cf8 (0xfff00593) li      a1, -1
core   0: 3 0x80003cf8 (0xfff00593) x11 0xffffffff
core   0: 0x80003cfc (0x06ccb793) sltiu   a5, s9, 108
core   0: 3 0x80003cfc (0x06ccb793) x15 0x00000000
core   0: 0x80003d00 (0x00b78a33) add     s4, a5, a1
core   0: 3 0x80003d00 (0x00b78a33) x20 0xffffffff
core   0: 0x80003d04 (0x00008fa1) c.xor   a5, s0
core   0: 3 0x80003d04 (0x8fa1) x15 0x80029cfe
core   0: 0x80003d06 (0x00000d21) c.addi  s10, 8
core   0: 3 0x80003d06 (0x0d21) x26 0xffffffff
core   0: 0x80003d08 (0xfebd0ce3) beq     s10, a1, pc - 8
core   0: 3 0x80003d08 (0xfebd0ce3)
core   0: 0x80003d00 (0x00b78a33) add     s4, a5, a1
core   0: 3 0x80003d00 (0x00b78a33) x20 0x80029cfd
core   0: 0x80003d04 (0x00008fa1) c.xor   a5, s0
core   0: 3 0x80003d04 (0x8fa1) x15 0x00000000
core   0: 0x80003d06 (0x00000d21) c.addi  s10, 8
core   0: 3 0x80003d06 (0x0d21) x26 0x00000007
core   0: 0x80003d08 (0xfebd0ce3) beq     s10, a1, pc - 8
core   0: 3 0x80003d08 (0xfebd0ce3)
core   0: 0x80003d0c (0x005404b3) add     s1, s0, t0
core   0: 3 0x80003d0c (0x005404b3) x 9 0x80029d0d
core   0: 0x80003d10 (0x00011417) auipc   s0, 0x11
core   0: 3 0x80003d10 (0x00011417) x 8 0x80014d10
core   0: 0x80003d14 (0xf6340413) addi    s0, s0, -157
core   0: 3 0x80003d14 (0xf6340413) x 8 0x80014c73
core   0: 0x80003d18 (0x00018d17) auipc   s10, 0x18
core   0: 3 0x80003d18 (0x00018d17) x26 0x8001bd18
core   0: 0x80003d1c (0x96ad0d13) addi    s10, s10, -1686
core   0: 3 0x80003d1c (0x96ad0d13) x26 0x8001b682
core   0: 0x80003d20 (0x0b5d0083) lb      ra, 181(s10)
core   0: 3 0x80003d20 (0x0b5d0083) x 1 0xffffffec mem 0x8001b737
core   0: 0x80003d24 (0xe8840c03) lb      s8, -376(s0)
core   0: 3 0x80003d24 (0xe8840c03) x24 0xffffffb0 mem 0x80014afb
core   0: 0x80003d28 (0x0000f817) auipc   a6, 0xf
core   0: 3 0x80003d28 (0x0000f817) x16 0x80012d28
core   0: 0x80003d2c (0xa6180813) addi    a6, a6, -1439
core   0: 3 0x80003d2c (0xa6180813) x16 0x80012789
core   0: 0x80003d30 (0x00011f97) auipc   t6, 0x11
core   0: 3 0x80003d30 (0x00011f97) x31 0x80014d30
core   0: 0x80003d34 (0xb96f8f93) addi    t6, t6, -1130
core   0: 3 0x80003d34 (0xb96f8f93) x31 0x800148c6
core   0: 0x80003d38 (0x0c181b03) lh      s6, 193(a6)
core   0: 3 0x80003d38 (0x0c181b03) x22 0x00000001 mem 0x8001284a
core   0: 0x80003d3c (0xfc6d2103) lw      sp, -58(s10)
core   0: 3 0x80003d3c (0xfc6d2103) x 2 0x00010203 mem 0x8001b648
core   0: 0x80003d40 (0x00018b97) auipc   s7, 0x18
core   0: 3 0x80003d40 (0x00018b97) x23 0x8001bd40
core   0: 0x80003d44 (0x0e5b8b93) addi    s7, s7, 229
core   0: 3 0x80003d44 (0x0e5b8b93) x23 0x8001be25
core   0: 0x80003d48 (0x550f9e23) sh      a6, 1372(t6)
core   0: 3 0x80003d48 (0x550f9e23) mem 0x80014e22 0x2789
core   0: 0x80003d4c (0x0bf82583) lw      a1, 191(a6)
core   0: 3 0x80003d4c (0x0bf82583) x11 0x00010203 mem 0x80012848
core   0: 0x80003d50 (0x9ebf8183) lb      gp, -1557(t6)
core   0: 3 0x80003d50 (0x9ebf8183) x 3 0x0000006a mem 0x800142b1
core   0: 0x80003d54 (0xfa2d1f23) sh      sp, -66(s10)
core   0: 3 0x80003d54 (0xfa2d1f23) mem 0x8001b640 0x0203
core   0: 0x80003d58 (0x0ead0a83) lb      s5, 234(s10)
core   0: 3 0x80003d58 (0x0ead0a83) x21 0x00000027 mem 0x8001b76c
core   0: 0x80003d5c (0x01781203) lh      tp, 23(a6)
core   0: 3 0x80003d5c (0x01781203) x 4 0x00005a5b mem 0x800127a0
core   0: 0x80003d60 (0x070b8303) lb      t1, 112(s7)
core   0: 3 0x80003d60 (0x070b8303) x 6 0x0000004e mem 0x8001be95
core   0: 0x80003d64 (0xf7785083) lhu     ra, -137(a6)
core   0: 3 0x80003d64 (0xf7785083) x 1 0x0000babb mem 0x80012700
core   0: 0x80003d68 (0x9c0fc183) lbu     gp, -1600(t6)
core   0: 3 0x80003d68 (0x9c0fc183) x 3 0x0000003d mem 0x80014286
core   0: 0x80003d6c (0xf6985483) lhu     s1, -151(a6)
core   0: 3 0x80003d6c (0xf6985483) x 9 0x0000a8a9 mem 0x800126f2
core   0: 0x80003d70 (0xef3bca03) lbu     s4, -269(s7)
core   0: 3 0x80003d70 (0xef3bca03) x20 0x000000d3 mem 0x8001bd18
core   0: 0x80003d74 (0x922b80a3) sb      sp, -1759(s7)
core   0: 3 0x80003d74 (0x922b80a3) mem 0x8001b746 0x3
core   0: 0x80003d78 (0xfc684083) lbu     ra, -58(a6)
core   0: 3 0x80003d78 (0xfc684083) x 1 0x00000004 mem 0x8001274f
core   0: 0x80003d7c (0x96ef8ca3) sb      a4, -1671(t6)
core   0: 3 0x80003d7c (0x96ef8ca3) mem 0x8001423f 0x97
core   0: 0x80003d80 (0x0ecf8723) sb      a2, 238(t6)
core   0: 3 0x80003d80 (0x0ecf8723) mem 0x800149b4 0xfe
core   0: 0x80003d84 (0xfd7407a3) sb      s7, -49(s0)
core   0: 3 0x80003d84 (0xfd7407a3) mem 0x80014c42 0x25
core   0: 0x80003d88 (0x8f8b95a3) sh      s8, -1813(s7)
core   0: 3 0x80003d88 (0x8f8b95a3) mem 0x8001b710 0xffb0
core   0: 0x80003d8c (0xa7a416a3) sh      s10, -1427(s0)
core   0: 3 0x80003d8c (0xa7a416a3) mem 0x800146e0 0xb682
core   0: 0x80003d90 (0xf48fc703) lbu     a4, -184(t6)
core   0: 3 0x80003d90 (0xf48fc703) x14 0x000000c5 mem 0x8001480e
core   0: 0x80003d94 (0x04ed4003) lbu     zero, 78(s10)
core   0: 3 0x80003d94 (0x04ed4003) mem 0x8001b6d0
core   0: 0x80003d98 (0xf51d0383) lb      t2, -175(s10)
core   0: 3 0x80003d98 (0xf51d0383) x 7 0xffffff88 mem 0x8001b5d3
core   0: 0x80003d9c (0xff884303) lbu     t1, -8(a6)
core   0: 3 0x80003d9c (0xff884303) x 6 0x0000003a mem 0x80012781
core   0: 0x80003da0 (0x687fc083) lbu     ra, 1671(t6)
core   0: 3 0x80003da0 (0x687fc083) x 1 0x00000006 mem 0x80014f4d
core   0: 0x80003da4 (0xd3340f03) lb      t5, -717(s0)
core   0: 3 0x80003da4 (0xd3340f03) x30 0x0000005d mem 0x800149a6
core   0: 0x80003da8 (0x7c6b8f03) lb      t5, 1990(s7)
core   0: 3 0x80003da8 (0x7c6b8f03) x30 0xffffffa0 mem 0x8001c5eb
core   0: 0x80003dac (0x57dbd983) lhu     s3, 1405(s7)
core   0: 3 0x80003dac (0x57dbd983) x19 0x00005859 mem 0x8001c3a2
core   0: 0x80003db0 (0xaa640a83) lb      s5, -1370(s0)
core   0: 3 0x80003db0 (0xaa640a83) x21 0xffffffd2 mem 0x80014719
core   0: 0x80003db4 (0xdcaf9083) lh      ra, -566(t6)
core   0: 3 0x80003db4 (0xdcaf9083) x 1 0x00004a4b mem 0x80014690
core   0: 0x80003db8 (0x044d4203) lbu     tp, 68(s10)
core   0: 3 0x80003db8 (0x044d4203) x 4 0x0000007d mem 0x8001b6c6
core   0: 0x80003dbc (0x0000d997) auipc   s3, 0xd
core   0: 3 0x80003dbc (0x0000d997) x19 0x80010dbc
core   0: 0x80003dc0 (0xe1d98993) addi    s3, s3, -483
core   0: 3 0x80003dc0 (0xe1d98993) x19 0x80010bd9
core   0: 0x80003dc4 (0xfdb98ca3) sb      s11, -39(s3)
core   0: 3 0x80003dc4 (0xfdb98ca3) mem 0x80010bb2 0xff
core   0: 0x80003dc8 (0x0147e333) or      t1, a5, s4
core   0: 3 0x80003dc8 (0x0147e333) x 6 0x000000d3
core   0: 0x80003dcc (0xfe399d83) lh      s11, -29(s3)
core   0: 3 0x80003dcc (0xfe399d83) x27 0x00007677 mem 0x80010bbc
core   0: 0x80003dd0 (0xffc98303) lb      t1, -4(s3)
core   0: 3 0x80003dd0 (0xffc98303) x 6 0xffffff8e mem 0x80010bd5
core   0: 0x80003dd4 (0x01c59793) slli    a5, a1, 28
core   0: 3 0x80003dd4 (0x01c59793) x15 0x30000000
core   0: 0x80003dd8 (0x02fda7b3) mulhsu  a5, s11, a5
core   0: 3 0x80003dd8 (0x02fda7b3) x15 0x00001636
core   0: 0x80003ddc (0xfeb98f23) sb      a1, -2(s3)
core   0: 3 0x80003ddc (0xfeb98f23) mem 0x80010bd7 0x3
core   0: 0x80003de0 (0xfd4999a3) sh      s4, -45(s3)
core   0: 3 0x80003de0 (0xfd4999a3) mem 0x80010bac 0x00d3
core   0: 0x80003de4 (0xfef98583) lb      a1, -17(s3)
core   0: 3 0x80003de4 (0xfef98583) x11 0xffffff83 mem 0x80010bc8
core   0: 0x80003de8 (0x00998303) lb      t1, 9(s3)
core   0: 3 0x80003de8 (0x00998303) x 6 0xffffff99 mem 0x80010be2
core   0: 0x80003dec (0x02898583) lb      a1, 40(s3)
core   0: 3 0x80003dec (0x02898583) x11 0xffffffba mem 0x80010c01
core   0: 0x80003df0 (0x28558a13) addi    s4, a1, 645
core   0: 3 0x80003df0 (0x28558a13) x20 0x0000023f
core   0: 0x80003df4 (0xffb98d83) lb      s11, -5(s3)
core   0: 3 0x80003df4 (0xffb98d83) x27 0xffffff8f mem 0x80010bd4
core   0: 0x80003df8 (0x02f58bb3) mul     s7, a1, a5
core   0: 3 0x80003df8 (0x02f58bb3) x23 0xfff9ed3c
core   0: 0x80003dfc (0x0065a333) slt     t1, a1, t1
core   0: 3 0x80003dfc (0x0065a333) x 6 0x00000000
core   0: 0x80003e00 (0x0000100f) fence.i
core   0: 3 0x80003e00 (0x0000100f)
core   0: 0x80003e04 (0x03999303) lh      t1, 57(s3)
core   0: 3 0x80003e04 (0x03999303) x 6 0xffffc8c9 mem 0x80010c12
core   0: 0x80003e08 (0x06c5bb93) sltiu   s7, a1, 108
core   0: 3 0x80003e08 (0x06c5bb93) x23 0x00000000
core   0: 0x80003e0c (0x02fbe333) rem     t1, s7, a5
core   0: 3 0x80003e0c (0x02fbe333) x 6 0x00000000
core   0: 0x80003e10 (0x00008fcd) c.or    a5, a1
core   0: 3 0x80003e10 (0x8fcd) x15 0xffffffbe
core   0: 0x80003e12 (0x02c98303) lb      t1, 44(s3)
core   0: 3 0x80003e12 (0x02c98303) x 6 0xffffffbe mem 0x80010c05
core   0: 0x80003e16 (0xfd999d83) lh      s11, -39(s3)
core   0: 3 0x80003e16 (0xfd999d83) x27 0x000068ff mem 0x80010bb2
core   0: 0x80003e1a (0x00135d93) srli    s11, t1, 1
core   0: 3 0x80003e1a (0x00135d93) x27 0x7fffffdf
core   0: 0x80003e1e (0x01f9cd83) lbu     s11, 31(s3)
core   0: 3 0x80003e1e (0x01f9cd83) x27 0x00000006 mem 0x80010bf8
core   0: 0x80003e22 (0xff7996a3) sh      s7, -19(s3)
core   0: 3 0x80003e22 (0xff7996a3) mem 0x80010bc6 0x0000
core   0: 0x80003e26 (0xfee9c583) lbu     a1, -18(s3)
core   0: 3 0x80003e26 (0xfee9c583) x11 0x00000000 mem 0x80010bc7
core   0: 0x80003e2a (0x00599783) lh      a5, 5(s3)
core   0: 3 0x80003e2a (0x00599783) x15 0xffff9495 mem 0x80010bde
core   0: 0x80003e2e (0x00009bfd) c.andi  a5, -1
core   0: 3 0x80003e2e (0x9bfd) x15 0xffff9495
core   0: 0x80003e30 (0x000089e9) c.andi  a1, 26
core   0: 3 0x80003e30 (0x89e9) x11 0x00000000
core   0: 0x80003e32 (0x00000001) c.nop
core   0: 3 0x80003e32 (0x0001)
core   0: 0x80003e34 (0xfec98783) lb      a5, -20(s3)
core   0: 3 0x80003e34 (0xfec98783) x15 0x0000007e mem 0x80010bc5
core   0: 0x80003e38 (0x0000d097) auipc   ra, 0xd
core   0: 3 0x80003e38 (0x0000d097) x 1 0x80010e38
core   0: 0x80003e3c (0xbc808093) addi    ra, ra, -1080
core   0: 3 0x80003e3c (0xbc808093) x 1 0x80010a00
core   0: 0x80003e40 (0x02b0c283) lbu     t0, 43(ra)
core   0: 3 0x80003e40 (0x02b0c283) x 5 0x000000e0 mem 0x80010a2b
core   0: 0x80003e44 (0xfcf09823) sh      a5, -48(ra)
core   0: 3 0x80003e44 (0xfcf09823) mem 0x800109d0 0x007e
core   0: 0x80003e48 (0x00011e17) auipc   t3, 0x11
core   0: 3 0x80003e48 (0x00011e17) x28 0x80014e48
core   0: 0x80003e4c (0x71be0e13) addi    t3, t3, 1819
core   0: 3 0x80003e4c (0x71be0e13) x28 0x80015563
core   0: 0x80003e50 (0xfc909923) sh      s1, -46(ra)
core   0: 3 0x80003e50 (0xfc909923) mem 0x800109d2 0xa8a9
core   0: 0x80003e54 (0xeede2183) lw      gp, -275(t3)
core   0: 3 0x80003e54 (0xeede2183) x 3 0x08090a0b mem 0x80015450
core   0: 0x80003e58 (0x01b08983) lb      s3, 27(ra)
core   0: 3 0x80003e58 (0x01b08983) x19 0xffffffd0 mem 0x80010a1b
core   0: 0x80003e5c (0xff708183) lb      gp, -9(ra)
core   0: 3 0x80003e5c (0xff708183) x 3 0x0000004f mem 0x800109f7
core   0: 0x80003e60 (0xffd08683) lb      a3, -3(ra)
core   0: 3 0x80003e60 (0xffd08683) x13 0xffffffb6 mem 0x800109fd
core   0: 0x80003e64 (0xff70c903) lbu     s2, -9(ra)
core   0: 3 0x80003e64 (0xff70c903) x18 0x0000004f mem 0x800109f7
core   0: 0x80003e68 (0x880e1ba3) sh      zero, -1897(t3)
core   0: 3 0x80003e68 (0x880e1ba3) mem 0x80014dfa 0x0000
core   0: 0x80003e6c (0x02409323) sh      tp, 38(ra)
core   0: 3 0x80003e6c (0x02409323) mem 0x80010a26 0x007d
core   0: 0x80003e70 (0x775e1da3) sh      s5, 1915(t3)
core   0: 3 0x80003e70 (0x775e1da3) mem 0x80015cde 0xffd2
core   0: 0x80003e74 (0x041e1383) lh      t2, 65(t3)
core   0: 3 0x80003e74 (0x041e1383) x 7 0x00005e5f mem 0x800155a4
core   0: 0x80003e78 (0x03c0db83) lhu     s7, 60(ra)
core   0: 3 0x80003e78 (0x03c0db83) x23 0x0000f6f7 mem 0x80010a3c
core   0: 0x80003e7c (0xff60c483) lbu     s1, -10(ra)
core   0: 3 0x80003e7c (0xff60c483) x 9 0x000000ad mem 0x800109f6
core   0: 0x80003e80 (0x330e0b83) lb      s7, 816(t3)
core   0: 3 0x80003e80 (0x330e0b83) x23 0x00000048 mem 0x80015893
core   0: 0x80003e84 (0x0000d117) auipc   sp, 0xd
core   0: 3 0x80003e84 (0x0000d117) x 2 0x80010e84
core   0: 0x80003e88 (0x15710113) addi    sp, sp, 343
core   0: 3 0x80003e88 (0x15710113) x 2 0x80010fdb
core   0: 0x80003e8c (0x0000d317) auipc   t1, 0xd
core   0: 3 0x80003e8c (0x0000d317) x 6 0x80010e8c
core   0: 0x80003e90 (0xa3830313) addi    t1, t1, -1480
core   0: 3 0x80003e90 (0xa3830313) x 6 0x800108c4
core   0: 0x80003e94 (0xfdc104a3) sb      t3, -55(sp)
core   0: 3 0x80003e94 (0xfdc104a3) mem 0x80010fa4 0x63
core   0: 0x80003e98 (0xf1130903) lb      s2, -239(t1)
core   0: 3 0x80003e98 (0xf1130903) x18 0xffffff8e mem 0x800107d5
core   0: 0x80003e9c (0x34d30703) lb      a4, 845(t1)
core   0: 3 0x80003e9c (0x34d30703) x14 0x0000005e mem 0x80010c11
core   0: 0x80003ea0 (0x61f30e03) lb      t3, 1567(t1)
core   0: 3 0x80003ea0 (0x61f30e03) x28 0x00000000 mem 0x80010ee3
core   0: 0x80003ea4 (0xfd315183) lhu     gp, -45(sp)
core   0: 3 0x80003ea4 (0xfd315183) x 3 0x00006465 mem 0x80010fae
core   0: 0x80003ea8 (0xfd810a03) lb      s4, -40(sp)
core   0: 3 0x80003ea8 (0xfd810a03) x20 0x00000068 mem 0x80010fb3
core   0: 0x80003eac (0xf1831e83) lh      t4, -232(t1)
core   0: 3 0x80003eac (0xf1831e83) x29 0xffff9697 mem 0x800107dc
core   0: 0x80003eb0 (0x10934903) lbu     s2, 265(t1)
core   0: 3 0x80003eb0 (0x10934903) x18 0x00000054 mem 0x800109cd
core   0: 0x80003eb4 (0xc1334383) lbu     t2, -1005(t1)
core   0: 3 0x80003eb4 (0xc1334383) x 7 0x0000009c mem 0x800104d7
core   0: 0x80003eb8 (0xff512ea3) sw      s5, -3(sp)
core   0: 3 0x80003eb8 (0xff512ea3) mem 0x80010fd8 0xffffffd2
core   0: 0x80003ebc (0x94a35b83) lhu     s7, -1718(t1)
core   0: 3 0x80003ebc (0x94a35b83) x23 0x0000c4c5 mem 0x8001020e
core   0: 0x80003ec0 (0x6cd30a83) lb      s5, 1741(t1)
core   0: 3 0x80003ec0 (0x6cd30a83) x21 0x0000004a mem 0x80010f91
core   0: 0x80003ec4 (0xfec14a83) lbu     s5, -20(sp)
core   0: 3 0x80003ec4 (0xfec14a83) x21 0x0000007c mem 0x80010fc7
core   0: 0x80003ec8 (0x5f934283) lbu     t0, 1529(t1)
core   0: 3 0x80003ec8 (0x5f934283) x 5 0x00000076 mem 0x80010ebd
core   0: 0x80003ecc (0xfe910aa3) sb      s1, -11(sp)
core   0: 3 0x80003ecc (0xfe910aa3) mem 0x80010fd0 0xad
core   0: 0x80003ed0 (0xdcb300a3) sb      a1, -575(t1)
core   0: 3 0x80003ed0 (0xdcb300a3) mem 0x80010685 0x0
core   0: 0x80003ed4 (0xfcf103a3) sb      a5, -57(sp)
core   0: 3 0x80003ed4 (0xfcf103a3) mem 0x80010fa2 0x7e
core   0: 0x80003ed8 (0x0000c817) auipc   a6, 0xc
core   0: 3 0x80003ed8 (0x0000c817) x16 0x8000fed8
core   0: 0x80003edc (0x65080813) addi    a6, a6, 1616
core   0: 3 0x80003edc (0x65080813) x16 0x80010528
core   0: 0x80003ee0 (0x0000de17) auipc   t3, 0xd
core   0: 3 0x80003ee0 (0x0000de17) x28 0x80010ee0
core   0: 0x80003ee4 (0xc46e0e13) addi    t3, t3, -954
core   0: 3 0x80003ee4 (0xc46e0e13) x28 0x80010b26
core   0: 0x80003ee8 (0x0000c797) auipc   a5, 0xc
core   0: 3 0x80003ee8 (0x0000c797) x15 0x8000fee8
core   0: 0x80003eec (0x76378793) addi    a5, a5, 1891
core   0: 3 0x80003eec (0x76378793) x15 0x8001064b
core   0: 0x80003ef0 (0x48179c03) lh      s8, 1153(a5)
core   0: 3 0x80003ef0 (0x48179c03) x24 0xffff8687 mem 0x80010acc
core   0: 0x80003ef4 (0xff8e2923) sw      s8, -14(t3)
core   0: 3 0x80003ef4 (0xff8e2923) mem 0x80010b18 0xffff8687
core   0: 0x80003ef8 (0xe017c183) lbu     gp, -511(a5)
core   0: 3 0x80003ef8 (0xe017c183) x 3 0x00000007 mem 0x8001044c
core   0: 0x80003efc (0xfc880323) sb      s0, -58(a6)
core   0: 3 0x80003efc (0xfc880323) mem 0x800104ee 0x73
core   0: 0x80003f00 (0xffde0303) lb      t1, -3(t3)
core   0: 3 0x80003f00 (0xffde0303) x 6 0xffffffd8 mem 0x80010b23
core   0: 0x80003f04 (0x29c796a3) sh      t3, 653(a5)
core   0: 3 0x80003f04 (0x29c796a3) mem 0x800108d8 0x0b26
core   0: 0x80003f08 (0x07980003) lb      zero, 121(a6)
core   0: 3 0x80003f08 (0x07980003) mem 0x800105a1
core   0: 0x80003f0c (0xfe780f83) lb      t6, -25(a6)
core   0: 3 0x80003f0c (0xfe780f83) x31 0xffffffc4 mem 0x8001050f
core   0: 0x80003f10 (0x00ee4a83) lbu     s5, 14(t3)
core   0: 3 0x80003f10 (0x00ee4a83) x21 0x000000ef mem 0x80010b34
core   0: 0x80003f14 (0x0a884203) lbu     tp, 168(a6)
core   0: 3 0x80003f14 (0x0a884203) x 4 0x0000008b mem 0x800105d0
core   0: 0x80003f18 (0x1777da83) lhu     s5, 375(a5)
core   0: 3 0x80003f18 (0x1777da83) x21 0x00000000 mem 0x800107c2
core   0: 0x80003f1c (0xff5e0903) lb      s2, -11(t3)
core   0: 3 0x80003f1c (0xff5e0903) x18 0xffffffff mem 0x80010b1b
core   0: 0x80003f20 (0xfe8e2f23) sw      s0, -2(t3)
core   0: 3 0x80003f20 (0xfe8e2f23) mem 0x80010b24 0x80014c73
core   0: 0x80003f24 (0x09579ba3) sh      s5, 151(a5)
core   0: 3 0x80003f24 (0x09579ba3) mem 0x800106e2 0x0000
core   0: 0x80003f28 (0x05285a03) lhu     s4, 82(a6)
core   0: 3 0x80003f28 (0x05285a03) x20 0x00003031 mem 0x8001057a
core   0: 0x80003f2c (0x03380583) lb      a1, 51(a6)
core   0: 3 0x80003f2c (0x03380583) x11 0x00000010 mem 0x8001055b
core   0: 0x80003f30 (0x07c80aa3) sb      t3, 117(a6)
core   0: 3 0x80003f30 (0x07c80aa3) mem 0x8001059d 0x26
core   0: 0x80003f34 (0xc8d7a083) lw      ra, -883(a5)
core   0: 3 0x80003f34 (0xc8d7a083) x 1 0x90919293 mem 0x800102d8
core   0: 0x80003f38 (0x010e1223) sh      a6, 4(t3)
core   0: 3 0x80003f38 (0x010e1223) mem 0x80010b2a 0x0528
core   0: 0x80003f3c (0x65a78383) lb      t2, 1626(a5)
core   0: 3 0x80003f3c (0x65a78383) x 7 0x0000005e mem 0x80010ca5
core   0: 0x80003f40 (0xf2780da3) sb      t2, -197(a6)
core   0: 3 0x80003f40 (0xf2780da3) mem 0x80010463 0x5e
core   0: 0x80003f44 (0x0bb84d83) lbu     s11, 187(a6)
core   0: 3 0x80003f44 (0x0bb84d83) x27 0x00000098 mem 0x800105e3
core   0: 0x80003f48 (0xccb78403) lb      s0, -821(a5)
core   0: 3 0x80003f48 (0xccb78403) x 8 0xffffffcd mem 0x80010316
core   0: 0x80003f4c (0xcdf7aea3) sw      t6, -803(a5)
core   0: 3 0x80003f4c (0xcdf7aea3) mem 0x80010328 0xffffffc4
core   0: 0x80003f50 (0x32678483) lb      s1, 806(a5)
core   0: 3 0x80003f50 (0x32678483) x 9 0x0000002a mem 0x80010971
core   0: 0x80003f54 (0x00c0066f) jal     a2, pc + 0xc
core   0: 3 0x80003f54 (0x00c0066f) x12 0x80003f58
core   0: 0x80003f60 (0x0000a011) c.j     pc + 4
core   0: 3 0x80003f60 (0xa011)
core   0: 0x80003f64 (0x0000a819) c.j     pc + 22
core   0: 3 0x80003f64 (0xa819)
core   0: 0x80003f7a (0x00002009) c.jal   pc + 2
core   0: 3 0x80003f7a (0x2009) x 1 0x80003f7c
core   0: 0x80003f7c (0x000037ed) c.jal   pc - 22
core   0: 3 0x80003f7c (0x37ed) x 1 0x80003f7e
core   0: 0x80003f66 (0x0060026f) jal     tp, pc + 0x6
core   0: 3 0x80003f66 (0x0060026f) x 4 0x80003f6a
core   0: 0x80003f6c (0xff7ff36f) jal     t1, pc - 0xa
core   0: 3 0x80003f6c (0xff7ff36f) x 6 0x80003f70
core   0: 0x80003f62 (0x00002809) c.jal   pc + 18
core   0: 3 0x80003f62 (0x2809) x 1 0x80003f64
core   0: 0x80003f74 (0x000037dd) c.jal   pc - 26
core   0: 3 0x80003f74 (0x37dd) x 1 0x80003f76
core   0: 0x80003f5a (0x0000a801) c.j     pc + 16
core   0: 3 0x80003f5a (0xa801)
core   0: 0x80003f6a (0x00002811) c.jal   pc + 20
core   0: 3 0x80003f6a (0x2811) x 1 0x80003f6c
core   0: 0x80003f7e (0x00002011) c.jal   pc + 4
core   0: 3 0x80003f7e (0x2011) x 1 0x80003f80
core   0: 0x80003f82 (0x0000b7fd) c.j     pc - 18
core   0: 3 0x80003f82 (0xb7fd)
core   0: 0x80003f70 (0x0000a801) c.j     pc + 16
core   0: 3 0x80003f70 (0xa801)
core   0: 0x80003f80 (0x0000bff9) c.j     pc - 34
core   0: 3 0x80003f80 (0xbff9)
core   0: 0x80003f5e (0x00002821) c.jal   pc + 24
core   0: 3 0x80003f5e (0x2821) x 1 0x80003f60
core   0: 0x80003f76 (0x00003ff5) c.jal   pc - 4
core   0: 3 0x80003f76 (0x3ff5) x 1 0x80003f78
core   0: 0x80003f72 (0x000037dd) c.jal   pc - 26
core   0: 3 0x80003f72 (0x37dd) x 1 0x80003f74
core   0: 0x80003f58 (0x00002011) c.jal   pc + 4
core   0: 3 0x80003f58 (0x2011) x 1 0x80003f5a
core   0: 0x80003f5c (0x00002831) c.jal   pc + 28
core   0: 3 0x80003f5c (0x2831) x 1 0x80003f5e
core   0: 0x80003f78 (0x0000a031) c.j     pc + 12
core   0: 3 0x80003f78 (0xa031)
core   0: 0x80003f84 (0x00002009) c.jal   pc + 2
core   0: 3 0x80003f84 (0x2009) x 1 0x80003f86
core   0: 0x80003f86 (0x00c71133) sll     sp, a4, a2
core   0: 3 0x80003f86 (0x00c71133) x 2 0x5e000000
core   0: 0x80003f8a (0x00100c13) li      s8, 1
core   0: 3 0x80003f8a (0x00100c13) x24 0x00000001
core   0: 0x80003f8e (0x67fe7f97) auipc   t6, 0x67fe7
core   0: 3 0x80003f8e (0x67fe7f97) x31 0xe7feaf8e
core   0: 0x80003f92 (0x39588a13) addi    s4, a7, 917
core   0: 3 0x80003f92 (0x39588a13) x20 0x800261f9
core   0: 0x80003f96 (0x00008f61) c.and   a4, s0
core   0: 3 0x80003f96 (0x8f61) x14 0x0000004c
core   0: 0x80003f98 (0x00000090) c.addi4spn a2, sp, 64
core   0: 3 0x80003f98 (0x0090) x12 0x5e000040
core   0: 0x80003f9a (0x00100f13) li      t5, 1
core   0: 3 0x80003f9a (0x00100f13) x30 0x00000001
core   0: 0x80003f9e (0x00009872) c.add   a6, t3
core   0: 3 0x80003f9e (0x9872) x16 0x0002104e
core   0: 0x80003fa0 (0x01503b33) snez    s6, s5
core   0: 3 0x80003fa0 (0x01503b33) x22 0x00000000
core   0: 0x80003fa4 (0x00001c5d) c.addi  s8, -9
core   0: 3 0x80003fa4 (0x1c5d) x24 0xfffffff8
core   0: 0x80003fa6 (0x017e4833) xor     a6, t3, s7
core   0: 3 0x80003fa6 (0x017e4833) x16 0x8001cfe3
core   0: 0x80003faa (0x4b6f8093) addi    ra, t6, 1206
core   0: 3 0x80003faa (0x4b6f8093) x 1 0xe7feb444
core   0: 0x80003fae (0xffc00593) li      a1, -4
core   0: 3 0x80003fae (0xffc00593) x11 0xfffffffc
core   0: 0x80003fb2 (0x000080c1) c.srli  s1, 16
core   0: 3 0x80003fb2 (0x80c1) x 9 0x00000000
core   0: 0x80003fb4 (0x00000001) c.nop
core   0: 3 0x80003fb4 (0x0001)
core   0: 0x80003fb6 (0x00000880) c.addi4spn s0, sp, 80
core   0: 3 0x80003fb6 (0x0880) x 8 0x5e000050
core   0: 0x80003fb8 (0x00000585) c.addi  a1, 1
core   0: 3 0x80003fb8 (0x0585) x11 0xfffffffd
core   0: 0x80003fba (0xf7cb0417) auipc   s0, 0xf7cb0
core   0: 3 0x80003fba (0xf7cb0417) x 8 0x77cb3fba
core   0: 0x80003fbe (0x0000dde5) c.beqz  a1, pc - 8
core   0: 3 0x80003fbe (0xdde5)
core   0: 0x80003fc0 (0x00a21b13) slli    s6, tp, 10
core   0: 3 0x80003fc0 (0x00a21b13) x22 0x00fda800
core   0: 0x80003fc4 (0xfdec5ee3) bge     s8, t5, pc - 36
core   0: 3 0x80003fc4 (0xfdec5ee3)
core   0: 0x80003fc8 (0x41a70d33) sub     s10, a4, s10
core   0: 3 0x80003fc8 (0x41a70d33) x26 0x7ffe49ca
core   0: 0x80003fcc (0x0180066f) jal     a2, pc + 0x18
core   0: 3 0x80003fcc (0x0180066f) x12 0x80003fd0
core   0: 0x80003fe4 (0x0000a011) c.j     pc + 4
core   0: 3 0x80003fe4 (0xa011)
core   0: 0x80003fe8 (0x0280086f) jal     a6, pc + 0x28
core   0: 3 0x80003fe8 (0x0280086f) x16 0x80003fec
core   0: 0x80004010 (0x00003fc1) c.jal   pc - 48
core   0: 3 0x80004010 (0x3fc1) x 1 0x80004012
core   0: 0x80003fe0 (0x0000a811) c.j     pc + 20
core   0: 3 0x80003fe0 (0xa811)
core   0: 0x80003ff4 (0x0000b7d5) c.j     pc - 28
core   0: 3 0x80003ff4 (0xb7d5)
core   0: 0x80003fd8 (0x00a000ef) jal     pc + 0xa
core   0: 3 0x80003fd8 (0x00a000ef) x 1 0x80003fdc
core   0: 0x80003fe2 (0x0000a011) c.j     pc + 4
core   0: 3 0x80003fe2 (0xa011)
core   0: 0x80003fe6 (0x0000b7ed) c.j     pc - 22
core   0: 3 0x80003fe6 (0xb7ed)
core   0: 0x80003fd0 (0x0000280d) c.jal   pc + 50
core   0: 3 0x80003fd0 (0x280d) x 1 0x80003fd2
core   0: 0x80004002 (0xfedff36f) jal     t1, pc - 0x14
core   0: 3 0x80004002 (0xfedff36f) x 6 0x80004006
core   0: 0x80003fee (0x000037e5) c.jal   pc - 24
core   0: 3 0x80003fee (0x37e5) x 1 0x80003ff0
core   0: 0x80003fd6 (0x0000a829) c.j     pc + 26
core   0: 3 0x80003fd6 (0xa829)
core   0: 0x80003ff0 (0x0000a831) c.j     pc + 28
core   0: 3 0x80003ff0 (0xa831)
core   0: 0x8000400c (0x00003fed) c.jal   pc - 6
core   0: 3 0x8000400c (0x3fed) x 1 0x8000400e
core   0: 0x80004006 (0xff1ff36f) jal     t1, pc - 0x10
core   0: 3 0x80004006 (0xff1ff36f) x 6 0x8000400a
core   0: 0x80003ff6 (0x0000bff1) c.j     pc - 36
core   0: 3 0x80003ff6 (0xbff1)
core   0: 0x80003fd2 (0x0000a009) c.j     pc + 2
core   0: 3 0x80003fd2 (0xa009)
core   0: 0x80003fd4 (0x00002025) c.jal   pc + 40
core   0: 3 0x80003fd4 (0x2025) x 1 0x80003fd6
core   0: 0x80003ffc (0x0000b7c5) c.j     pc - 32
core   0: 3 0x80003ffc (0xb7c5)
core   0: 0x80003fdc (0x02e000ef) jal     pc + 0x2e
core   0: 3 0x80003fdc (0x02e000ef) x 1 0x80003fe0
core   0: 0x8000400a (0x00002021) c.jal   pc + 8
core   0: 3 0x8000400a (0x2021) x 1 0x8000400c
core   0: 0x80004012 (0x000037c5) c.jal   pc - 32
core   0: 3 0x80004012 (0x37c5) x 1 0x80004014
core   0: 0x80003ff2 (0x00002831) c.jal   pc + 28
core   0: 3 0x80003ff2 (0x2831) x 1 0x80003ff4
core   0: 0x8000400e (0x0000bfc5) c.j     pc - 16
core   0: 3 0x8000400e (0xbfc5)
core   0: 0x80003ffe (0xffbff0ef) jal     pc - 0x6
core   0: 3 0x80003ffe (0xffbff0ef) x 1 0x80004002
core   0: 0x80003ff8 (0xff5ff0ef) jal     pc - 0xc
core   0: 3 0x80003ff8 (0xff5ff0ef) x 1 0x80003ffc
core   0: 0x80003fec (0x0000a025) c.j     pc + 40
core   0: 3 0x80003fec (0xa025)
core   0: 0x80004014 (0x4be13693) sltiu   a3, sp, 1214
core   0: 3 0x80004014 (0x4be13693) x13 0x00000000
core   0: 0x80004018 (0x00a0066f) jal     a2, pc + 0xa
core   0: 3 0x80004018 (0x00a0066f) x12 0x8000401c
core   0: 0x80004022 (0x0000a031) c.j     pc + 12
core   0: 3 0x80004022 (0xa031)
core   0: 0x8000402e (0x00003ff5) c.jal   pc - 4
core   0: 3 0x8000402e (0x3ff5) x 1 0x80004030
core   0: 0x8000402a (0x00003fed) c.jal   pc - 6
core   0: 3 0x8000402a (0x3fed) x 1 0x8000402c
core   0: 0x80004024 (0x0000a819) c.j     pc + 22
core   0: 3 0x80004024 (0xa819)
core   0: 0x8000403a (0x0000b7dd) c.j     pc - 26
core   0: 3 0x8000403a (0xb7dd)
core   0: 0x80004020 (0x0000bff5) c.j     pc - 4
core   0: 3 0x80004020 (0xbff5)
core   0: 0x8000401c (0x018000ef) jal     pc + 0x18
core   0: 3 0x8000401c (0x018000ef) x 1 0x80004020
core   0: 0x80004034 (0x0000bfd5) c.j     pc - 12
core   0: 3 0x80004034 (0xbfd5)
core   0: 0x80004028 (0x00003ffd) c.jal   pc - 2
core   0: 3 0x80004028 (0x3ffd) x 1 0x8000402a
core   0: 0x80004026 (0x00002019) c.jal   pc + 6
core   0: 3 0x80004026 (0x2019) x 1 0x80004028
core   0: 0x8000402c (0x00002011) c.jal   pc + 4
core   0: 3 0x8000402c (0x2011) x 1 0x8000402e
core   0: 0x80004030 (0x006000ef) jal     pc + 0x6
core   0: 3 0x80004030 (0x006000ef) x 1 0x80004034
core   0: 0x80004036 (0x0060036f) jal     t1, pc + 0x6
core   0: 3 0x80004036 (0x0060036f) x 6 0x8000403a
core   0: 0x8000403c (0x00000141) c.addi  sp, 16
core   0: 3 0x8000403c (0x0141) x 2 0x5e000010
core   0: 0x8000403e (0x0000cd97) auipc   s11, 0xc
core   0: 3 0x8000403e (0x0000cd97) x27 0x8001003e
core   0: 0x80004042 (0x78ed8d93) addi    s11, s11, 1934
core   0: 3 0x80004042 (0x78ed8d93) x27 0x800107cc
core   0: 0x80004046 (0x051d8ba3) sb      a7, 87(s11)
core   0: 3 0x80004046 (0x051d8ba3) mem 0x80010823 0x64
core   0: 0x8000404a (0x0000c397) auipc   t2, 0xc
core   0: 3 0x8000404a (0x0000c397) x 7 0x8001004a
core   0: 0x8000404e (0x70938393) addi    t2, t2, 1801
core   0: 3 0x8000404e (0x70938393) x 7 0x80010753
core   0: 0x80004052 (0x0d438983) lb      s3, 212(t2)
core   0: 3 0x80004052 (0x0d438983) x19 0xffffffdc mem 0x80010827
core   0: 0x80004056 (0x0000d297) auipc   t0, 0xd
core   0: 3 0x80004056 (0x0000d297) x 5 0x80011056
core   0: 0x8000405a (0x93c28293) addi    t0, t0, -1732
core   0: 3 0x8000405a (0x93c28293) x 5 0x80010992
core   0: 0x8000405e (0x0002c803) lbu     a6, 0(t0)
core   0: 3 0x8000405e (0x0002c803) x16 0x00000049 mem 0x80010992
core   0: 0x80004062 (0x0000cc17) auipc   s8, 0xc
core   0: 3 0x80004062 (0x0000cc17) x24 0x80010062
core   0: 0x80004066 (0x4a5c0c13) addi    s8, s8, 1189
core   0: 3 0x80004066 (0x4a5c0c13) x24 0x80010507
core   0: 0x8000406a (0x0a5dc483) lbu     s1, 165(s11)
core   0: 3 0x8000406a (0x0a5dc483) x 9 0x0000002a mem 0x80010871
core   0: 0x8000406e (0x09939da3) sh      s9, 155(t2)
core   0: 3 0x8000406e (0x09939da3) mem 0x800107ee 0x9ce4
core   0: 0x80004072 (0x0add8323) sb      a3, 166(s11)
core   0: 3 0x80004072 (0x0add8323) mem 0x80010872 0x0
core   0: 0x80004076 (0x0000d317) auipc   t1, 0xd
core   0: 3 0x80004076 (0x0000d317) x 6 0x80011076
core   0: 0x8000407a (0xc0630313) addi    t1, t1, -1018
core   0: 3 0x8000407a (0xc0630313) x 6 0x80010c7c
core   0: 0x8000407e (0xc0231223) sh      sp, -1020(t1)
core   0: 3 0x8000407e (0xc0231223) mem 0x80010880 0x0010
core   0: 0x80004082 (0x05ac0f23) sb      s10, 94(s8)
core   0: 3 0x80004082 (0x05ac0f23) mem 0x80010565 0xca
core   0: 0x80004086 (0x98f30e03) lb      t3, -1649(t1)
core   0: 3 0x80004086 (0x98f30e03) x28 0xffffffc0 mem 0x8001060b
core   0: 0x8000408a (0xfacd8f83) lb      t6, -84(s11)
core   0: 3 0x8000408a (0xfacd8f83) x31 0x00000033 mem 0x80010778
core   0: 0x8000408e (0x07829a23) sh      s8, 116(t0)
core   0: 3 0x8000408e (0x07829a23) mem 0x80010a06 0x0507
core   0: 0x80004092 (0xf12c0e03) lb      t3, -238(s8)
core   0: 3 0x80004092 (0xf12c0e03) x28 0xffffffd2 mem 0x80010419
core   0: 0x80004096 (0xf5731723) sh      s7, -178(t1)
core   0: 3 0x80004096 (0xf5731723) mem 0x80010bca 0xc4c5
core   0: 0x8000409a (0xfeb28c23) sb      a1, -8(t0)
core   0: 3 0x8000409a (0xfeb28c23) mem 0x8001098a 0xfd
core   0: 0x8000409e (0xfd92ce03) lbu     t3, -39(t0)
core   0: 3 0x8000409e (0xfd92ce03) x28 0x00000020 mem 0x8001096b
core   0: 0x800040a2 (0x080c4003) lbu     zero, 128(s8)
core   0: 3 0x800040a2 (0x080c4003) mem 0x80010587
core   0: 0x800040a6 (0x0bddc403) lbu     s0, 189(s11)
core   0: 3 0x800040a6 (0x0bddc403) x 8 0x00000042 mem 0x80010889
core   0: 0x800040aa (0x0a8302a3) sb      s0, 165(t1)
core   0: 3 0x800040aa (0x0a8302a3) mem 0x80010d21 0x42
core   0: 0x800040ae (0x0cd39483) lh      s1, 205(t2)
core   0: 3 0x800040ae (0x0cd39483) x 9 0xffffdadb mem 0x80010820
core   0: 0x800040b2 (0xf3638423) sb      s6, -216(t2)
core   0: 3 0x800040b2 (0xf3638423) mem 0x8001067b 0x0
core   0: 0x800040b6 (0xf162ae83) lw      t4, -234(t0)
core   0: 3 0x800040b6 (0xf162ae83) x29 0x60616263 mem 0x800108a8
core   0: 0x800040ba (0xf04d8f03) lb      t5, -252(s11)
core   0: 3 0x800040ba (0xf04d8f03) x30 0xffffff8b mem 0x800106d0
core   0: 0x800040be (0x30432483) lw      s1, 772(t1)
core   0: 3 0x800040be (0x30432483) x 9 0x38393a3b mem 0x80010f80
core   0: 0x800040c2 (0x0a63c183) lbu     gp, 166(t2)
core   0: 3 0x800040c2 (0x0a63c183) x 3 0x000000b2 mem 0x800107f9
core   0: 0x800040c6 (0x03e38023) sb      t5, 32(t2)
core   0: 3 0x800040c6 (0x03e38023) mem 0x80010773 0x8b
core   0: 0x800040ca (0xfcfc1783) lh      a5, -49(s8)
core   0: 3 0x800040ca (0xfcfc1783) x15 0xffff9c8d mem 0x800104d6
core   0: 0x800040ce (0x069dc183) lbu     gp, 105(s11)
core   0: 3 0x800040ce (0x069dc183) x 3 0x000000ee mem 0x80010835
core   0: 0x800040d2 (0x3d531523) sh      s5, 970(t1)
core   0: 3 0x800040d2 (0x3d531523) mem 0x80011046 0x0000
core   0: 0x800040d6 (0x0bc28f23) sb      t3, 190(t0)
core   0: 3 0x800040d6 (0x0bc28f23) mem 0x80010a50 0x20
core   0: 0x800040da (0xf2c38123) sb      a2, -222(t2)
core   0: 3 0x800040da (0xf2c38123) mem 0x80010675 0x1c
core   0: 0x800040de (0x0cb288a3) sb      a1, 209(t0)
core   0: 3 0x800040de (0x0cb288a3) mem 0x80010a63 0xfd
core   0: 0x800040e2 (0xf3134b83) lbu     s7, -207(t1)
core   0: 3 0x800040e2 (0xf3134b83) x23 0x00000000 mem 0x80010bad
core   0: 0x800040e6 (0x0a1c1983) lh      s3, 161(s8)
core   0: 3 0x800040e6 (0x0a1c1983) x19 0x00006263 mem 0x800105a8
core   0: 0x800040ea (0xf0c3cb03) lbu     s6, -244(t2)
core   0: 3 0x800040ea (0xf0c3cb03) x22 0x00000014 mem 0x8001065f
core   0: 0x800040ee (0x020c17a3) sh      zero, 47(s8)
core   0: 3 0x800040ee (0x020c17a3) mem 0x80010536 0x0000
core   0: 0x800040f2 (0x011d8b83) lb      s7, 17(s11)
core   0: 3 0x800040f2 (0x011d8b83) x23 0xffffff96 mem 0x800107dd
core   0: 0x800040f6 (0x04b3cf03) lbu     t5, 75(t2)
core   0: 3 0x800040f6 (0x04b3cf03) x30 0x00000055 mem 0x8001079e
core   0: 0x800040fa (0x0a43ce03) lbu     t3, 164(t2)
core   0: 3 0x800040fa (0x0a43ce03) x28 0x000000ac mem 0x800107f7
core   0: 0x800040fe (0x00200493) li      s1, 2
core   0: 3 0x800040fe (0x00200493) x 9 0x00000002
core   0: 0x80004102 (0x00800a13) li      s4, 8
core   0: 3 0x80004102 (0x00800a13) x20 0x00000008
core   0: 0x80004106 (0x03f466b3) rem     a3, s0, t6
core   0: 3 0x80004106 (0x03f466b3) x13 0x0000000f
core   0: 0x8000410a (0x00000489) c.addi  s1, 2
core   0: 3 0x8000410a (0x0489) x 9 0x00000004
core   0: 0x8000410c (0x01b5ec33) or      s8, a1, s11
core   0: 3 0x8000410c (0x01b5ec33) x24 0xfffffffd
core   0: 0x80004110 (0xff448be3) beq     s1, s4, pc - 10
core   0: 3 0x80004110 (0xff448be3)
core   0: 0x80004114 (0x4104dab3) sra     s5, s1, a6
core   0: 3 0x80004114 (0x4104dab3) x21 0x00000000
core   0: 0x80004118 (0x0000d117) auipc   sp, 0xd
core   0: 3 0x80004118 (0x0000d117) x 2 0x80011118
core   0: 0x8000411c (0x91610113) addi    sp, sp, -1770
core   0: 3 0x8000411c (0x91610113) x 2 0x80010a2e
core   0: 0x80004120 (0xfa036b13) ori     s6, t1, -96
core   0: 3 0x80004120 (0xfa036b13) x22 0xfffffffc
core   0: 0x80004124 (0x00c11583) lh      a1, 12(sp)
core   0: 3 0x80004124 (0x00c11583) x11 0xfffff0f1 mem 0x80010a3a
core   0: 0x80004128 (0x00c10803) lb      a6, 12(sp)
core   0: 3 0x80004128 (0x00c10803) x16 0xfffffff1 mem 0x80010a3a
core   0: 0x8000412c (0x00c15b83) lhu     s7, 12(sp)
core   0: 3 0x8000412c (0x00c15b83) x23 0x0000f0f1 mem 0x80010a3a
core   0: 0x80004130 (0x00c14d83) lbu     s11, 12(sp)
core   0: 3 0x80004130 (0x00c14d83) x27 0x000000f1 mem 0x80010a3a
core   0: 0x80004134 (0x00811623) sh      s0, 12(sp)
core   0: 3 0x80004134 (0x00811623) mem 0x80010a3a 0x0042
core   0: 0x80004138 (0x00c15c03) lhu     s8, 12(sp)
core   0: 3 0x80004138 (0x00c15c03) x24 0x00000042 mem 0x80010a3a
core   0: 0x8000413c (0x00d10623) sb      a3, 12(sp)
core   0: 3 0x8000413c (0x00d10623) mem 0x80010a3a 0xf
core   0: 0x80004140 (0x00c14583) lbu     a1, 12(sp)
core   0: 3 0x80004140 (0x00c14583) x11 0x0000000f mem 0x80010a3a
core   0: 0x80004144 (0x00815d33) srl     s10, sp, s0
core   0: 3 0x80004144 (0x00815d33) x26 0x2000428b
core   0: 0x80004148 (0x40d35ab3) sra     s5, t1, a3
core   0: 3 0x80004148 (0x40d35ab3) x21 0xffff0002
core   0: 0x8000414c (0x023be433) rem     s0, s7, gp
core   0: 3 0x8000414c (0x023be433) x 8 0x00000027
core   0: 0x80004150 (0x0000042a) c.slli  s0, 10
core   0: 3 0x80004150 (0x042a) x 8 0x00009c00
core   0: 0x80004152 (0x00c14a83) lbu     s5, 12(sp)
core   0: 3 0x80004152 (0x00c14a83) x21 0x0000000f mem 0x80010a3a
core   0: 0x80004156 (0x00c11b83) lh      s7, 12(sp)
core   0: 3 0x80004156 (0x00c11b83) x23 0x0000000f mem 0x80010a3a
core   0: 0x8000415a (0x034f8933) mul     s2, t6, s4
core   0: 3 0x8000415a (0x034f8933) x18 0x00000198
core   0: 0x8000415e (0x00008719) c.srai  a4, 6
core   0: 3 0x8000415e (0x8719) x14 0x00000001
core   0: 0x80004160 (0x00c10803) lb      a6, 12(sp)
core   0: 3 0x80004160 (0x00c10803) x16 0x0000000f mem 0x80010a3a
core   0: 0x80004164 (0x0000de17) auipc   t3, 0xd
core   0: 3 0x80004164 (0x0000de17) x28 0x80011164
core   0: 0x80004168 (0xb5be0e13) addi    t3, t3, -1189
core   0: 3 0x80004168 (0xb5be0e13) x28 0x80010cbf
core   0: 0x8000416c (0xff1e4303) lbu     t1, -15(t3)
core   0: 3 0x8000416c (0xff1e4303) x 6 0x0000006b mem 0x80010cb0
core   0: 0x80004170 (0x00004d5d) c.li    s10, 23
core   0: 3 0x80004170 (0x4d5d) x26 0x00000017
core   0: 0x80004172 (0x79904d13) xori    s10, zero, 1945
core   0: 3 0x80004172 (0x79904d13) x26 0x00000799
core   0: 0x80004176 (0x1ca4ae93) slti    t4, s1, 458
core   0: 3 0x80004176 (0x1ca4ae93) x29 0x00000001
core   0: 0x8000417a (0x000062cd) c.lui   t0, 0x13
core   0: 3 0x8000417a (0x62cd) x 5 0x00013000
core   0: 0x8000417c (0xff1e0b03) lb      s6, -15(t3)
core   0: 3 0x8000417c (0xff1e0b03) x22 0x0000006b mem 0x80010cb0
core   0: 0x80004180 (0xff1e1983) lh      s3, -15(t3)
core   0: 3 0x80004180 (0xff1e1983) x19 0xffffed6b mem 0x80010cb0
core   0: 0x80004184 (0x0248b2b3) mulhu   t0, a7, tp
core   0: 3 0x80004184 (0x0248b2b3) x 5 0x40014ee7
core   0: 0x80004188 (0xff5e28a3) sw      s5, -15(t3)
core   0: 3 0x80004188 (0xff5e28a3) mem 0x80010cb0 0x0000000f
core   0: 0x8000418c (0xff1e1d03) lh      s10, -15(t3)
core   0: 3 0x8000418c (0xff1e1d03) x26 0x0000000f mem 0x80010cb0
core   0: 0x80004190 (0xff1e1803) lh      a6, -15(t3)
core   0: 3 0x80004190 (0xff1e1803) x16 0x0000000f mem 0x80010cb0
core   0: 0x80004194 (0x01718fb3) add     t6, gp, s7
core   0: 3 0x80004194 (0x01718fb3) x31 0x000000fd
core   0: 0x80004198 (0x00006629) c.lui   a2, 0xa
core   0: 3 0x80004198 (0x6629) x12 0x0000a000
core   0: 0x8000419a (0xff1e2103) lw      sp, -15(t3)
core   0: 3 0x8000419a (0xff1e2103) x 2 0x0000000f mem 0x80010cb0
core   0: 0x8000419e (0xff1e0c03) lb      s8, -15(t3)
core   0: 3 0x8000419e (0xff1e0c03) x24 0x0000000f mem 0x80010cb0
core   0: 0x800041a2 (0x0b9e2203) lw      tp, 185(t3)
core   0: 3 0x800041a2 (0x0b9e2203) x 4 0x30313233 mem 0x80010d78
core   0: 0x800041a6 (0x0b9e0083) lb      ra, 185(t3)
core   0: 3 0x800041a6 (0x0b9e0083) x 1 0x00000033 mem 0x80010d78
core   0: 0x800041aa (0x0bae2ca3) sw      s10, 185(t3)
core   0: 3 0x800041aa (0x0bae2ca3) mem 0x80010d78 0x0000000f
core   0: 0x800041ae (0x0b9e0c03) lb      s8, 185(t3)
core   0: 3 0x800041ae (0x0b9e0c03) x24 0x0000000f mem 0x80010d78
core   0: 0x800041b2 (0x0000dc17) auipc   s8, 0xd
core   0: 3 0x800041b2 (0x0000dc17) x24 0x800111b2
core   0: 0x800041b6 (0xb22c0c13) addi    s8, s8, -1246
core   0: 3 0x800041b6 (0xb22c0c13) x24 0x80010cd4
core   0: 0x800041ba (0x0000cb17) auipc   s6, 0xc
core   0: 3 0x800041ba (0x0000cb17) x22 0x800101ba
core   0: 0x800041be (0x478b0b13) addi    s6, s6, 1144
core   0: 3 0x800041be (0x478b0b13) x22 0x80010632
core   0: 0x800041c2 (0xa2dc2223) sw      a3, -1500(s8)
core   0: 3 0x800041c2 (0xa2dc2223) mem 0x800106f8 0x0000000f
core   0: 0x800041c6 (0x0000ce17) auipc   t3, 0xc
core   0: 3 0x800041c6 (0x0000ce17) x28 0x800101c6
core   0: 0x800041ca (0x75de0e13) addi    t3, t3, 1885
core   0: 3 0x800041ca (0x75de0e13) x28 0x80010923
core   0: 0x800041ce (0x0000dd17) auipc   s10, 0xd
core   0: 3 0x800041ce (0x0000dd17) x26 0x800111ce
core   0: 0x800041d2 (0xcb3d0d13) addi    s10, s10, -845
core   0: 3 0x800041d2 (0xcb3d0d13) x26 0x80010e81
core   0: 0x800041d6 (0xfffb0c23) sb      t6, -8(s6)
core   0: 3 0x800041d6 (0xfffb0c23) mem 0x8001062a 0xfd
core   0: 0x800041da (0xfbae0603) lb      a2, -70(t3)
core   0: 3 0x800041da (0xfbae0603) x12 0xffffff96 mem 0x800108dd
core   0: 0x800041de (0x1dfc1123) sh      t6, 450(s8)
core   0: 3 0x800041de (0x1dfc1123) mem 0x80010e96 0x00fd
core   0: 0x800041e2 (0x8a5c06a3) sb      t0, -1875(s8)
core   0: 3 0x800041e2 (0x8a5c06a3) mem 0x80010581 0xe7
core   0: 0x800041e6 (0x29cc5483) lhu     s1, 668(s8)
core   0: 3 0x800041e6 (0x29cc5483) x 9 0x00002a2b mem 0x80010f70
core   0: 0x800041ea (0xff3b0c23) sb      s3, -8(s6)
core   0: 3 0x800041ea (0xff3b0c23) mem 0x8001062a 0x6b
core   0: 0x800041ee (0x0eae4783) lbu     a5, 234(t3)
core   0: 3 0x800041ee (0x0eae4783) x15 0x000000c6 mem 0x80010a0d
core   0: 0x800041f2 (0xe40c0b23) sb      zero, -426(s8)
core   0: 3 0x800041f2 (0xe40c0b23) mem 0x80010b2a 0x0
core   0: 0x800041f6 (0x0a6e4d83) lbu     s11, 166(t3)
core   0: 3 0x800041f6 (0x0a6e4d83) x27 0x00000082 mem 0x800109c9
core   0: 0x800041fa (0xfe1b0da3) sb      ra, -5(s6)
core   0: 3 0x800041fa (0xfe1b0da3) mem 0x8001062d 0x33
core   0: 0x800041fe (0x01ee17a3) sh      t5, 15(t3)
core   0: 3 0x800041fe (0x01ee17a3) mem 0x80010932 0x0055
core   0: 0x80004202 (0xfe1d0b23) sb      ra, -10(s10)
core   0: 3 0x80004202 (0xfe1d0b23) mem 0x80010e77 0x33
core   0: 0x80004206 (0xfb8e4e83) lbu     t4, -72(t3)
core   0: 3 0x80004206 (0xfb8e4e83) x29 0x000000cb mem 0x800108db
core   0: 0x8000420a (0x010d4e83) lbu     t4, 16(s10)
core   0: 3 0x8000420a (0x010d4e83) x29 0x0000004a mem 0x80010e91
core   0: 0x8000420e (0x229c0583) lb      a1, 553(s8)
core   0: 3 0x8000420e (0x229c0583) x11 0xffffffb6 mem 0x80010efd
core   0: 0x80004212 (0xfdae1fa3) sh      s10, -33(t3)
core   0: 3 0x80004212 (0xfdae1fa3) mem 0x80010902 0x0e81
core   0: 0x80004216 (0x00dd0303) lb      t1, 13(s10)
core   0: 3 0x80004216 (0x00dd0303) x 6 0x00000045 mem 0x80010e8e
core   0: 0x8000421a (0xd26c1303) lh      t1, -730(s8)
core   0: 3 0x8000421a (0xd26c1303) x 6 0xffffb0b1 mem 0x800109fa
core   0: 0x8000421e (0xff8b5483) lhu     s1, -8(s6)
core   0: 3 0x8000421e (0xff8b5483) x 9 0x0000e06b mem 0x8001062a
core   0: 0x80004222 (0xf53e1a83) lh      s5, -173(t3)
core   0: 3 0x80004222 (0xf53e1a83) x21 0x00002c2d mem 0x80010876
core   0: 0x80004226 (0xff8d4583) lbu     a1, -8(s10)
core   0: 3 0x80004226 (0xff8d4583) x11 0x00000032 mem 0x80010e79
core   0: 0x8000422a (0x0fee0d23) sb      t5, 250(t3)
core   0: 3 0x8000422a (0x0fee0d23) mem 0x80010a1d 0x55
core   0: 0x8000422e (0xffab4d83) lbu     s11, -6(s6)
core   0: 3 0x8000422e (0xffab4d83) x27 0x000000e7 mem 0x8001062c
core   0: 0x80004232 (0xea4c2903) lw      s2, -348(s8)
core   0: 3 0x80004232 (0xea4c2903) x18 0x0bfd3233 mem 0x80010b78
core   0: 0x80004236 (0x0f5e0023) sb      s5, 224(t3)
core   0: 3 0x80004236 (0x0f5e0023) mem 0x80010a03 0x2d
core   0: 0x8000423a (0xff7d5903) lhu     s2, -9(s10)
core   0: 3 0x8000423a (0xff7d5903) x18 0x00003233 mem 0x80010e78
core   0: 0x8000423e (0x0001ce97) auipc   t4, 0x1c
core   0: 3 0x8000423e (0x0001ce97) x29 0x8002023e
core   0: 0x80004242 (0xa48e8e93) addi    t4, t4, -1464
core   0: 3 0x80004242 (0xa48e8e93) x29 0x8001fc86
core   0: 0x80004246 (0x000095ae) c.add   a1, a1
core   0: 3 0x80004246 (0x95ae) x11 0x00000064
core   0: 0x80004248 (0x022456b3) divu    a3, s0, sp
core   0: 3 0x80004248 (0x022456b3) x13 0x00000a66
core   0: 0x8000424c (0x40d6d6b3) sra     a3, a3, a3
core   0: 3 0x8000424c (0x40d6d6b3) x13 0x00000029
core   0: 0x80004250 (0x23f46113) ori     sp, s0, 575
core   0: 3 0x80004250 (0x23f46113) x 2 0x00009e3f
core   0: 0x80004254 (0x00e5b6b3) sltu    a3, a1, a4
core   0: 3 0x80004254 (0x00e5b6b3) x13 0x00000000
core   0: 0x80004258 (0x01de8f03) lb      t5, 29(t4)
core   0: 3 0x80004258 (0x01de8f03) x30 0x00000058 mem 0x8001fca3
core   0: 0x8000425c (0x00b6c433) xor     s0, a3, a1
core   0: 3 0x8000425c (0x00b6c433) x 8 0x00000064
core   0: 0x80004260 (0xfe5ecf03) lbu     t5, -27(t4)
core   0: 3 0x80004260 (0xfe5ecf03) x30 0x00000020 mem 0x8001fc6b
core   0: 0x80004264 (0x003ec583) lbu     a1, 3(t4)
core   0: 3 0x80004264 (0x003ec583) x11 0x00000042 mem 0x8001fc89
core   0: 0x80004268 (0x00d13f33) sltu    t5, sp, a3
core   0: 3 0x80004268 (0x00d13f33) x30 0x00000000
core   0: 0x8000426c (0x00b5b5b3) sltu    a1, a1, a1
core   0: 3 0x8000426c (0x00b5b5b3) x11 0x00000000
core   0: 0x80004270 (0x00000001) c.nop
core   0: 3 0x80004270 (0x0001)
core   0: 0x80004272 (0xfcee8723) sb      a4, -50(t4)
core   0: 3 0x80004272 (0xfcee8723) mem 0x8001fc54 0x1
core   0: 0x80004276 (0x02244f33) div     t5, s0, sp
core   0: 3 0x80004276 (0x02244f33) x30 0x00000000
core   0: 0x8000427a (0x0000416d) c.li    sp, 27
core   0: 3 0x8000427a (0x416d) x 2 0x0000001b
core   0: 0x8000427c (0xfd4e9403) lh      s0, -44(t4)
core   0: 3 0x8000427c (0xfd4e9403) x 8 0x00001011 mem 0x8001fc5a
core   0: 0x80004280 (0x03e15433) divu    s0, sp, t5
core   0: 3 0x80004280 (0x03e15433) x 8 0xffffffff
core   0: 0x80004284 (0xfedecf03) lbu     t5, -19(t4)
core   0: 3 0x80004284 (0xfedecf03) x30 0x00000028 mem 0x8001fc73
core   0: 0x80004288 (0x02b15f33) divu    t5, sp, a1
core   0: 3 0x80004288 (0x02b15f33) x30 0xffffffff
core   0: 0x8000428c (0x001ec583) lbu     a1, 1(t4)
core   0: 3 0x8000428c (0x001ec583) x11 0x0000003c mem 0x8001fc87
core   0: 0x80004290 (0x0000912e) c.add   sp, a1
core   0: 3 0x80004290 (0x912e) x 2 0x00000057
core   0: 0x80004292 (0xfefec683) lbu     a3, -17(t4)
core   0: 3 0x80004292 (0xfefec683) x13 0x0000002e mem 0x8001fc75
core   0: 0x80004296 (0x01be8683) lb      a3, 27(t4)
core   0: 3 0x80004296 (0x01be8683) x13 0x0000005a mem 0x8001fca1
core   0: 0x8000429a (0xbc113713) sltiu   a4, sp, -1087
core   0: 3 0x8000429a (0xbc113713) x14 0x00000001
core   0: 0x8000429e (0xfe2e9e23) sh      sp, -4(t4)
core   0: 3 0x8000429e (0xfe2e9e23) mem 0x8001fc82 0x0057
core   0: 0x800042a2 (0x010edf03) lhu     t5, 16(t4)
core   0: 3 0x800042a2 (0x010edf03) x30 0x00004c4d mem 0x8001fc96
core   0: 0x800042a6 (0xfd0ec103) lbu     sp, -48(t4)
core   0: 3 0x800042a6 (0xfd0ec103) x 2 0x0000000d mem 0x8001fc56
core   0: 0x800042aa (0xfcbe8ba3) sb      a1, -41(t4)
core   0: 3 0x800042aa (0xfcbe8ba3) mem 0x8001fc5d 0x3c
core   0: 0x800042ae (0xff4e8f03) lb      t5, -12(t4)
core   0: 3 0x800042ae (0xff4e8f03) x30 0x00000031 mem 0x8001fc7a
core   0: 0x800042b2 (0x02b6b5b3) mulhu   a1, a3, a1
core   0: 3 0x800042b2 (0x02b6b5b3) x11 0x00000000
core   0: 0x800042b6 (0x00ce8403) lb      s0, 12(t4)
core   0: 3 0x800042b6 (0x00ce8403) x 8 0x00000049 mem 0x8001fc92
core   0: 0x800042ba (0xfcbeaf23) sw      a1, -34(t4)
core   0: 3 0x800042ba (0xfcbeaf23) mem 0x8001fc64 0x00000000
core   0: 0x800042be (0xfc4e9703) lh      a4, -60(t4)
core   0: 3 0x800042be (0xfc4e9703) x14 0x00000001 mem 0x8001fc4a
core   0: 0x800042c2 (0xfd9e8103) lb      sp, -39(t4)
core   0: 3 0x800042c2 (0xfd9e8103) x 2 0x00000014 mem 0x8001fc5f
core   0: 0x800042c6 (0x01e166b3) or      a3, sp, t5
core   0: 3 0x800042c6 (0x01e166b3) x13 0x00000035
core   0: 0x800042ca (0x027e8403) lb      s0, 39(t4)
core   0: 3 0x800042ca (0x027e8403) x 8 0x00000066 mem 0x8001fcad
core   0: 0x800042ce (0x00000001) c.nop
core   0: 3 0x800042ce (0x0001)
core   0: 0x800042d0 (0x028ea523) sw      s0, 42(t4)
core   0: 3 0x800042d0 (0x028ea523) mem 0x8001fcb0 0x00000066
core   0: 0x800042d4 (0x6d16c113) xori    sp, a3, 1745
core   0: 3 0x800042d4 (0x6d16c113) x 2 0x000006e4
core   0: 0x800042d8 (0x00008eb5) c.xor   a3, a3
core   0: 3 0x800042d8 (0x8eb5) x13 0x00000000
core   0: 0x800042da (0xfeeead23) sw      a4, -6(t4)
core   0: 3 0x800042da (0xfeeead23) mem 0x8001fc80 0x00000001
core   0: 0x800042de (0x02de8403) lb      s0, 45(t4)
core   0: 3 0x800042de (0x02de8403) x 8 0x00000000 mem 0x8001fcb3
core   0: 0x800042e2 (0x52e6f113) andi    sp, a3, 1326
core   0: 3 0x800042e2 (0x52e6f113) x 2 0x00000000
core   0: 0x800042e6 (0x000099fd) c.andi  a1, -1
core   0: 3 0x800042e6 (0x99fd) x11 0x00000000
core   0: 0x800042e8 (0x01ee80a3) sb      t5, 1(t4)
core   0: 3 0x800042e8 (0x01ee80a3) mem 0x8001fc87 0x31
core   0: 0x800042ec (0x0000c097) auipc   ra, 0xc
core   0: 3 0x800042ec (0x0000c097) x 1 0x800102ec
core   0: 0x800042f0 (0x44208093) addi    ra, ra, 1090
core   0: 3 0x800042f0 (0x44208093) x 1 0x8001072e
core   0: 0x800042f4 (0x0090c103) lbu     sp, 9(ra)
core   0: 3 0x800042f4 (0x0090c103) x 2 0x000000ec mem 0x80010737
core   0: 0x800042f8 (0x00d081a3) sb      a3, 3(ra)
core   0: 3 0x800042f8 (0x00d081a3) mem 0x80010731 0x0
core   0: 0x800042fc (0xfed08fa3) sb      a3, -1(ra)
core   0: 3 0x800042fc (0xfed08fa3) mem 0x8001072d 0x0
core   0: 0x80004300 (0x0000ed17) auipc   s10, 0xe
core   0: 3 0x80004300 (0x0000ed17) x26 0x80012300
core   0: 0x80004304 (0x3e5d0d13) addi    s10, s10, 997
core   0: 3 0x80004304 (0x3e5d0d13) x26 0x800126e5
core   0: 0x80004308 (0xffed0f23) sb      t5, -2(s10)
core   0: 3 0x80004308 (0xffed0f23) mem 0x800126e3 0x31
core   0: 0x8000430c (0xffa0c603) lbu     a2, -6(ra)
core   0: 3 0x8000430c (0xffa0c603) x12 0x000000e3 mem 0x80010728
core   0: 0x80004310 (0x007d00a3) sb      t2, 1(s10)
core   0: 3 0x80004310 (0x007d00a3) mem 0x800126e6 0x53
core   0: 0x80004314 (0xff908f83) lb      t6, -7(ra)
core   0: 3 0x80004314 (0xff908f83) x31 0xffffffdc mem 0x80010727
core   0: 0x80004318 (0xfffd1683) lh      a3, -1(s10)
core   0: 3 0x80004318 (0xfffd1683) x13 0xffff9e9f mem 0x800126e4
core   0: 0x8000431c (0x00208d83) lb      s11, 2(ra)
core   0: 3 0x8000431c (0x00208d83) x27 0xffffffeb mem 0x80010730
core   0: 0x80004320 (0x0100c983) lbu     s3, 16(ra)
core   0: 3 0x80004320 (0x0100c983) x19 0x000000f5 mem 0x8001073e
core   0: 0x80004324 (0x00fd5e83) lhu     t4, 15(s10)
core   0: 3 0x80004324 (0x00fd5e83) x29 0x0000aeaf mem 0x800126f4
core   0: 0x80004328 (0x000085a3) sb      zero, 11(ra)
core   0: 3 0x80004328 (0x000085a3) mem 0x80010739 0x0
core   0: 0x8000432c (0x006d0403) lb      s0, 6(s10)
core   0: 3 0x8000432c (0x006d0403) x 8 0xffffffa0 mem 0x800126eb
core   0: 0x80004330 (0x0040a323) sw      tp, 6(ra)
core   0: 3 0x80004330 (0x0040a323) mem 0x80010734 0x30313233
core   0: 0x80004334 (0xff4d4983) lbu     s3, -12(s10)
core   0: 3 0x80004334 (0xff4d4983) x19 0x00000092 mem 0x800126d9
core   0: 0x80004338 (0x0000c117) auipc   sp, 0xc
core   0: 3 0x80004338 (0x0000c117) x 2 0x80010338
core   0: 0x8000433c (0xf0d10113) addi    sp, sp, -243
core   0: 3 0x8000433c (0xf0d10113) x 2 0x80010245
core   0: 0x80004340 (0x05614b83) lbu     s7, 86(sp)
core   0: 3 0x80004340 (0x05614b83) x23 0x00000050 mem 0x8001029b
core   0: 0x80004344 (0x03731833) mulh    a6, t1, s7
core   0: 3 0x80004344 (0x03731833) x16 0xffffffff
core   0: 0x80004348 (0x016f7b33) and     s6, t5, s6
core   0: 3 0x80004348 (0x016f7b33) x22 0x00000030
core   0: 0x8000434c (0xfc610623) sb      t1, -52(sp)
core   0: 3 0x8000434c (0xfc610623) mem 0x80010211 0xb1
core   0: 0x80004350 (0x017f4333) xor     t1, t5, s7
core   0: 3 0x80004350 (0x017f4333) x 6 0x00000061
core   0: 0x80004354 (0x08e119a3) sh      a4, 147(sp)
core   0: 3 0x80004354 (0x08e119a3) mem 0x800102d8 0x0001
core   0: 0x80004358 (0x40cbd713) srai    a4, s7, 12
core   0: 3 0x80004358 (0x40cbd713) x14 0x00000000
core   0: 0x8000435c (0x066114a3) sh      t1, 105(sp)
core   0: 3 0x8000435c (0x066114a3) mem 0x800102ae 0x0061
core   0: 0x80004360 (0x00a10803) lb      a6, 10(sp)
core   0: 3 0x80004360 (0x00a10803) x16 0x00000004 mem 0x8001024f
core   0: 0x80004364 (0xfbf12303) lw      t1, -65(sp)
core   0: 3 0x80004364 (0xfbf12303) x 6 0xbcbde6bf mem 0x80010204
core   0: 0x80004368 (0xf0214b83) lbu     s7, -254(sp)
core   0: 3 0x80004368 (0xf0214b83) x23 0x00000064 mem 0x80010147
core   0: 0x8000436c (0x40e35bb3) sra     s7, t1, a4
core   0: 3 0x8000436c (0x40e35bb3) x23 0xbcbde6bf
core   0: 0x80004370 (0x01e35813) srli    a6, t1, 30
core   0: 3 0x80004370 (0x01e35813) x16 0x00000002
core   0: 0x80004374 (0x00008f59) c.or    a4, a4
core   0: 3 0x80004374 (0x8f59) x14 0x00000000
core   0: 0x80004376 (0x02681833) mulh    a6, a6, t1
core   0: 3 0x80004376 (0x02681833) x16 0xffffffff
core   0: 0x8000437a (0x41680b33) sub     s6, a6, s6
core   0: 3 0x8000437a (0x41680b33) x22 0xffffffcf
core   0: 0x8000437e (0xfe210303) lb      t1, -30(sp)
core   0: 3 0x8000437e (0xfe210303) x 6 0xffffffdc mem 0x80010227
core   0: 0x80004382 (0x03681bb3) mulh    s7, a6, s6
core   0: 3 0x80004382 (0x03681bb3) x23 0x00000000
core   0: 0x80004386 (0x03e84b33) div     s6, a6, t5
core   0: 3 0x80004386 (0x03e84b33) x22 0x00000000
core   0: 0x8000438a (0x030b8833) mul     a6, s7, a6
core   0: 3 0x8000438a (0x030b8833) x16 0x00000000
core   0: 0x8000438e (0xff610823) sb      s6, -16(sp)
core   0: 3 0x8000438e (0xff610823) mem 0x80010235 0x0
core   0: 0x80004392 (0x0000983a) c.add   a6, a4
core   0: 3 0x80004392 (0x983a) x16 0x00000000
core   0: 0x80004394 (0x8f776813) ori     a6, a4, -1801
core   0: 3 0x80004394 (0x8f776813) x16 0xfffff8f7
core   0: 0x80004398 (0x03710c23) sb      s7, 56(sp)
core   0: 3 0x80004398 (0x03710c23) mem 0x8001027d 0x0
core   0: 0x8000439c (0x53d80b13) addi    s6, a6, 1341
core   0: 3 0x8000439c (0x53d80b13) x22 0xfffffe34
core   0: 0x800043a0 (0x00000001) c.nop
core   0: 3 0x800043a0 (0x0001)
core   0: 0x800043a2 (0x00000001) c.nop
core   0: 3 0x800043a2 (0x0001)
core   0: 0x800043a4 (0x03086f33) rem     t5, a6, a6
core   0: 3 0x800043a4 (0x03086f33) x30 0x00000000
core   0: 0x800043a8 (0x07e10723) sb      t5, 110(sp)
core   0: 3 0x800043a8 (0x07e10723) mem 0x800102b3 0x0
core   0: 0x800043ac (0x00000805) c.addi  a6, 1
core   0: 3 0x800043ac (0x0805) x16 0xfffff8f8
core   0: 0x800043ae (0xf7e10803) lb      a6, -130(sp)
core   0: 3 0x800043ae (0xf7e10803) x16 0x00000078 mem 0x800101c3
core   0: 0x800043b2 (0x03087833) remu    a6, a6, a6
core   0: 3 0x800043b2 (0x03087833) x16 0x00000000
core   0: 0x800043b6 (0x00008f59) c.or    a4, a4
core   0: 3 0x800043b6 (0x8f59) x14 0x00000000
core   0: 0x800043b8 (0xf1d14303) lbu     t1, -227(sp)
core   0: 3 0x800043b8 (0xf1d14303) x 6 0x00000019 mem 0x80010162
core   0: 0x800043bc (0xf0e114a3) sh      a4, -247(sp)
core   0: 3 0x800043bc (0xf0e114a3) mem 0x8001014e 0x0000
core   0: 0x800043c0 (0xfff00793) li      a5, -1
core   0: 3 0x800043c0 (0xfff00793) x15 0xffffffff
core   0: 0x800043c4 (0x00d563b3) or      t2, a0, a3
core   0: 3 0x800043c4 (0x00d563b3) x 7 0xffff9e9f
core   0: 0x800043c8 (0x00001490) c.addi4spn a2, sp, 608
core   0: 3 0x800043c8 (0x1490) x12 0x800104a5
core   0: 0x800043ca (0x00400f13) li      t5, 4
core   0: 3 0x800043ca (0x00400f13) x30 0x00000004
core   0: 0x800043ce (0x007224b3) slt     s1, tp, t2
core   0: 3 0x800043ce (0x007224b3) x 9 0x00000000
core   0: 0x800043d2 (0x002973b3) and     t2, s2, sp
core   0: 3 0x800043d2 (0x002973b3) x 7 0x00000201
core   0: 0x800043d6 (0x00000795) c.addi  a5, 5
core   0: 3 0x800043d6 (0x0795) x15 0x00000004
core   0: 0x800043d8 (0x000003ba) c.slli  t2, 14
core   0: 3 0x800043d8 (0x03ba) x 7 0x00804000
core   0: 0x800043da (0xffe79ce3) bne     a5, t5, pc - 8
core   0: 3 0x800043da (0xffe79ce3)
core   0: 0x800043de (0x0000847d) c.srai  s0, 31
core   0: 3 0x800043de (0x847d) x 8 0xffffffff
core   0: 0x800043e0 (0x0000c297) auipc   t0, 0xc
core   0: 3 0x800043e0 (0x0000c297) x 5 0x800103e0
core   0: 0x800043e4 (0x4d028293) addi    t0, t0, 1232
core   0: 3 0x800043e4 (0x4d028293) x 5 0x800108b0
core   0: 0x800043e8 (0xfe92c203) lbu     tp, -23(t0)
core   0: 3 0x800043e8 (0xfe92c203) x 4 0x00000052 mem 0x80010899
core   0: 0x800043ec (0x02c8a9b3) mulhsu  s3, a7, a2
core   0: 3 0x800043ec (0x02c8a9b3) x19 0xc000ace1
core   0: 0x800043f0 (0xf0128683) lb      a3, -255(t0)
core   0: 3 0x800043f0 (0xf0128683) x13 0x0000006a mem 0x800107b1
core   0: 0x800043f4 (0xf03280a3) sb      gp, -255(t0)
core   0: 3 0x800043f4 (0xf03280a3) mem 0x800107b1 0xee
core   0: 0x800043f8 (0x00008e3d) c.xor   a2, a5
core   0: 3 0x800043f8 (0x8e3d) x12 0x800104a1
core   0: 0x800043fa (0x06728603) lb      a2, 103(t0)
core   0: 3 0x800043fa (0x06728603) x12 0xffffffcc mem 0x80010917
core   0: 0x800043fe (0x0d72c403) lbu     s0, 215(t0)
core   0: 3 0x800043fe (0x0d72c403) x 8 0x0000003c mem 0x80010987
core   0: 0x80004402 (0xfd229b83) lh      s7, -46(t0)
core   0: 3 0x80004402 (0xfd229b83) x23 0x00003839 mem 0x80010882
core   0: 0x80004406 (0x0333dd33) divu    s10, t2, s3
core   0: 3 0x80004406 (0x0333dd33) x26 0x00000000
core   0: 0x8000440a (0x0d6284a3) sb      s6, 201(t0)
core   0: 3 0x8000440a (0x0d6284a3) mem 0x80010979 0x34
core   0: 0x8000440e (0xf7828423) sb      s8, -152(t0)
core   0: 3 0x8000440e (0xf7828423) mem 0x80010818 0xd4
core   0: 0x80004412 (0x000099fd) c.andi  a1, -1
core   0: 3 0x80004412 (0x99fd) x11 0x00000000
core   0: 0x80004414 (0x0fd2c983) lbu     s3, 253(t0)
core   0: 3 0x80004414 (0x0fd2c983) x19 0x00000066 mem 0x800109ad
core   0: 0x80004418 (0xfe029b83) lh      s7, -32(t0)
core   0: 3 0x80004418 (0xfe029b83) x23 0x00004a4b mem 0x80010890
core   0: 0x8000441c (0x08429983) lh      s3, 132(t0)
core   0: 3 0x8000441c (0x08429983) x19 0xffffeeef mem 0x80010934
core   0: 0x80004420 (0x008c5693) srli    a3, s8, 8
core   0: 3 0x80004420 (0x008c5693) x13 0x0080010c
core   0: 0x80004424 (0xf3328aa3) sb      s3, -203(t0)
core   0: 3 0x80004424 (0xf3328aa3) mem 0x800107e5 0xef
core   0: 0x80004428 (0xf352c183) lbu     gp, -203(t0)
core   0: 3 0x80004428 (0xf352c183) x 3 0x000000ef mem 0x800107e5
core   0: 0x8000442c (0xfb229403) lh      s0, -78(t0)
core   0: 3 0x8000442c (0xfb229403) x 8 0x00001819 mem 0x80010862
core   0: 0x80004430 (0xe806fb93) andi    s7, a3, -384
core   0: 3 0x80004430 (0xe806fb93) x23 0x00800000
core   0: 0x80004434 (0xfb729923) sh      s7, -78(t0)
core   0: 3 0x80004434 (0xfb729923) mem 0x80010862 0x0000
core   0: 0x80004438 (0x000089f5) c.andi  a1, 29
core   0: 3 0x80004438 (0x89f5) x11 0x00000000
core   0: 0x8000443a (0xfec28083) lb      ra, -20(t0)
core   0: 3 0x8000443a (0xfec28083) x 1 0x00000057 mem 0x8001089c
core   0: 0x8000443e (0xf3f28d03) lb      s10, -193(t0)
core   0: 3 0x8000443e (0xf3f28d03) x26 0xffffff9c mem 0x800107ef
core   0: 0x80004442 (0x0001a597) auipc   a1, 0x1a
core   0: 3 0x80004442 (0x0001a597) x11 0x8001e442
core   0: 0x80004446 (0x90458593) addi    a1, a1, -1788
core   0: 3 0x80004446 (0x90458593) x11 0x8001dd46
core   0: 0x8000444a (0xf7f58083) lb      ra, -129(a1)
core   0: 3 0x8000444a (0xf7f58083) x 1 0x0000007e mem 0x8001dcc5
core   0: 0x8000444e (0xf7f5c103) lbu     sp, -129(a1)
core   0: 3 0x8000444e (0xf7f5c103) x 2 0x0000007e mem 0x8001dcc5
core   0: 0x80004452 (0xf7f5c683) lbu     a3, -129(a1)
core   0: 3 0x80004452 (0xf7f5c683) x13 0x0000007e mem 0x8001dcc5
core   0: 0x80004456 (0xf7f5c403) lbu     s0, -129(a1)
core   0: 3 0x80004456 (0xf7f5c403) x 8 0x0000007e mem 0x8001dcc5
core   0: 0x8000445a (0xf7758fa3) sb      s7, -129(a1)
core   0: 3 0x8000445a (0xf7758fa3) mem 0x8001dcc5 0x0
core   0: 0x8000445e (0xf7f5c083) lbu     ra, -129(a1)
core   0: 3 0x8000445e (0xf7f5c083) x 1 0x00000000 mem 0x8001dcc5
core   0: 0x80004462 (0xf6158fa3) sb      ra, -129(a1)
core   0: 3 0x80004462 (0xf6158fa3) mem 0x8001dcc5 0x0
core   0: 0x80004466 (0x00000001) c.nop
core   0: 3 0x80004466 (0x0001)
core   0: 0x80004468 (0xf7f58483) lb      s1, -129(a1)
core   0: 3 0x80004468 (0xf7f58483) x 9 0x00000000 mem 0x8001dcc5
core   0: 0x8000446c (0xf7f58a83) lb      s5, -129(a1)
core   0: 3 0x8000446c (0xf7f58a83) x21 0x00000000 mem 0x8001dcc5
core   0: 0x80004470 (0xf7f5c903) lbu     s2, -129(a1)
core   0: 3 0x80004470 (0xf7f5c903) x18 0x00000000 mem 0x8001dcc5
core   0: 0x80004474 (0x41555f33) sra     t5, a0, s5
core   0: 3 0x80004474 (0x41555f33) x30 0x0000000d
core   0: 0x80004478 (0x0045db83) lhu     s7, 4(a1)
core   0: 3 0x80004478 (0x0045db83) x23 0x00000001 mem 0x8001dd4a
core   0: 0x8000447c (0x0323cab3) div     s5, t2, s2
core   0: 3 0x8000447c (0x0323cab3) x21 0xffffffff
core   0: 0x80004480 (0x00058223) sb      zero, 4(a1)
core   0: 3 0x80004480 (0x00058223) mem 0x8001dd4a 0x0
core   0: 0x80004484 (0x01d59223) sh      t4, 4(a1)
core   0: 3 0x80004484 (0x01d59223) mem 0x8001dd4a 0xaeaf
core   0: 0x80004488 (0x0a35a923) sw      gp, 178(a1)
core   0: 3 0x80004488 (0x0a35a923) mem 0x8001ddf8 0x000000ef
core   0: 0x8000448c (0x0af59923) sh      a5, 178(a1)
core   0: 3 0x8000448c (0x0af59923) mem 0x8001ddf8 0x0004
core   0: 0x80004490 (0x0a75a923) sw      t2, 178(a1)
core   0: 3 0x80004490 (0x0a75a923) mem 0x8001ddf8 0x00804000
core   0: 0x80004494 (0x0b25d383) lhu     t2, 178(a1)
core   0: 3 0x80004494 (0x0b25d383) x 7 0x00004000 mem 0x8001ddf8
core   0: 0x80004498 (0x000082e5) c.srli  a3, 25
core   0: 3 0x80004498 (0x82e5) x13 0x00000000
core   0: 0x8000449a (0x0b259203) lh      tp, 178(a1)
core   0: 3 0x8000449a (0x0b259203) x 4 0x00004000 mem 0x8001ddf8
core   0: 0x8000449e (0x0000cf17) auipc   t5, 0xc
core   0: 3 0x8000449e (0x0000cf17) x30 0x8001049e
core   0: 0x800044a2 (0xe91f0f13) addi    t5, t5, -367
core   0: 3 0x800044a2 (0xe91f0f13) x30 0x8001032f
core   0: 0x800044a6 (0x1bbb0393) addi    t2, s6, 443
core   0: 3 0x800044a6 (0x1bbb0393) x 7 0xffffffef
core   0: 0x800044aa (0x3176be97) auipc   t4, 0x3176b
core   0: 3 0x800044aa (0x3176be97) x29 0xb176f4aa
core   0: 0x800044ae (0x010ab433) sltu    s0, s5, a6
core   0: 3 0x800044ae (0x010ab433) x 8 0x00000000
core   0: 0x800044b2 (0x41eb5c13) srai    s8, s6, 30
core   0: 3 0x800044b2 (0x41eb5c13) x24 0xffffffff
core   0: 0x800044b6 (0xff6f0623) sb      s6, -20(t5)
core   0: 3 0x800044b6 (0xff6f0623) mem 0x8001031b 0x34
core   0: 0x800044ba (0x00000001) c.nop
core   0: 3 0x800044ba (0x0001)
core   0: 0x800044bc (0x00008f35) c.xor   a4, a3
core   0: 3 0x800044bc (0x8f35) x14 0x00000000
core   0: 0x800044be (0x0000717d) c.addi16sp sp, -16
core   0: 3 0x800044be (0x717d) x 2 0x0000006e
core   0: 0x800044c0 (0x0c2f0103) lb      sp, 194(t5)
core   0: 3 0x800044c0 (0x0c2f0103) x 2 0xffffffaa mem 0x800103f1
core   0: 0x800044c4 (0x02a64fb3) div     t6, a2, a0
core   0: 3 0x800044c4 (0x02a64fb3) x31 0xfffffffc
core   0: 0x800044c8 (0x0abf1803) lh      a6, 171(t5)
core   0: 3 0x800044c8 (0x0abf1803) x16 0xffff9091 mem 0x800103da
core   0: 0x800044cc (0x00001214) c.addi4spn a3, sp, 288
core   0: 3 0x800044cc (0x1214) x13 0x000000ca
core   0: 0x800044ce (0x32435a37) lui     s4, 0x32435
core   0: 3 0x800044ce (0x32435a37) x20 0x32435000
core   0: 0x800044d2 (0xfc063b17) auipc   s6, 0xfc063
core   0: 3 0x800044d2 (0xfc063b17) x22 0x7c0674d2
core   0: 0x800044d6 (0x0adf0003) lb      zero, 173(t5)
core   0: 3 0x800044d6 (0x0adf0003) mem 0x800103dc
core   0: 0x800044da (0x063f0603) lb      a2, 99(t5)
core   0: 3 0x800044da (0x063f0603) x12 0x00000049 mem 0x80010392
core   0: 0x800044de (0x00006135) c.addi16sp sp, 352
core   0: 3 0x800044de (0x6135) x 2 0x0000010a
core   0: 0x800044e0 (0x000055fd) c.li    a1, -1
core   0: 3 0x800044e0 (0x55fd) x11 0xffffffff
core   0: 0x800044e2 (0x03897833) remu    a6, s2, s8
core   0: 3 0x800044e2 (0x03897833) x16 0x00000000
core   0: 0x800044e6 (0x41c806b3) sub     a3, a6, t3
core   0: 3 0x800044e6 (0x41c806b3) x13 0x7ffef6dd
core   0: 0x800044ea (0xf2bf02a3) sb      a1, -219(t5)
core   0: 3 0x800044ea (0xf2bf02a3) mem 0x80010254 0xff
core   0: 0x800044ee (0x03e3f833) remu    a6, t2, t5
core   0: 3 0x800044ee (0x03e3f833) x16 0x7ffefcc0
core   0: 0x800044f2 (0x00001618) c.addi4spn a4, sp, 800
core   0: 3 0x800044f2 (0x1618) x14 0x0000042a
core   0: 0x800044f4 (0x00008f61) c.and   a4, s0
core   0: 3 0x800044f4 (0x8f61) x14 0x00000000
core   0: 0x800044f6 (0xf08f0b23) sb      s0, -234(t5)
core   0: 3 0x800044f6 (0xf08f0b23) mem 0x80010245 0x0
core   0: 0x800044fa (0x019ad0b3) srl     ra, s5, s9
core   0: 3 0x800044fa (0x019ad0b3) x 1 0x0fffffff
core   0: 0x800044fe (0x003b04b3) add     s1, s6, gp
core   0: 3 0x800044fe (0x003b04b3) x 9 0x7c0675c1
core   0: 0x80004502 (0x0c4f0103) lb      sp, 196(t5)
core   0: 3 0x80004502 (0x0c4f0103) x 2 0xffffffa8 mem 0x800103f3
core   0: 0x80004506 (0x00000726) c.slli  a4, 9
core   0: 3 0x80004506 (0x0726) x14 0x00000000
core   0: 0x80004508 (0x8346c837) lui     a6, 0x8346c
core   0: 3 0x80004508 (0x8346c837) x16 0x8346c000
core   0: 0x8000450c (0x093f4983) lbu     s3, 147(t5)
core   0: 3 0x8000450c (0x093f4983) x19 0x00000079 mem 0x800103c2
core   0: 0x80004510 (0xfa4f0f83) lb      t6, -92(t5)
core   0: 3 0x80004510 (0xfa4f0f83) x31 0xffffff88 mem 0x800102d3
core   0: 0x80004514 (0xfc6f0223) sb      t1, -60(t5)
core   0: 3 0x80004514 (0xfc6f0223) mem 0x800102f3 0x19
core   0: 0x80004518 (0x042f0283) lb      t0, 66(t5)
core   0: 3 0x80004518 (0x042f0283) x 5 0x0000002a mem 0x80010371
core   0: 0x8000451c (0x02e51d33) mulh    s10, a0, a4
core   0: 3 0x8000451c (0x02e51d33) x26 0x00000000
core   0: 0x80004520 (0x02795633) divu    a2, s2, t2
core   0: 3 0x80004520 (0x02795633) x12 0x00000000
core   0: 0x80004524 (0xa50e0397) auipc   t2, 0xa50e0
core   0: 3 0x80004524 (0xa50e0397) x 7 0x250e4524
core   0: 0x80004528 (0x23e78d17) auipc   s10, 0x23e78
core   0: 3 0x80004528 (0x23e78d17) x26 0xa3e7c528
core   0: 0x8000452c (0x073f0683) lb      a3, 115(t5)
core   0: 3 0x8000452c (0x073f0683) x13 0x00000059 mem 0x800103a2
core   0: 0x80004530 (0x00d45833) srl     a6, s0, a3
core   0: 3 0x80004530 (0x00d45833) x16 0x00000000
core   0: 0x80004534 (0xfc4f0e83) lb      t4, -60(t5)
core   0: 3 0x80004534 (0xfc4f0e83) x29 0x00000019 mem 0x800102f3
core   0: 0x80004538 (0x0000c117) auipc   sp, 0xc
core   0: 3 0x80004538 (0x0000c117) x 2 0x80010538
core   0: 0x8000453c (0xc9d10113) addi    sp, sp, -867
core   0: 3 0x8000453c (0xc9d10113) x 2 0x800101d5
core   0: 0x80004540 (0x00711083) lh      ra, 7(sp)
core   0: 3 0x80004540 (0x00711083) x 1 0xffff9697 mem 0x800101dc
core   0: 0x80004544 (0xb1a3c393) xori    t2, t2, -1254
core   0: 3 0x80004544 (0xb1a3c393) x 7 0xdaf1be3e
core   0: 0x80004548 (0x2a110083) lb      ra, 673(sp)
core   0: 3 0x80004548 (0x2a110083) x 1 0x00000000 mem 0x80010476
core   0: 0x8000454c (0x00008dee) c.mv    s11, s11
core   0: 3 0x8000454c (0x8dee) x27 0xffffffeb
core   0: 0x8000454e (0x0000073e) c.slli  a4, 15
core   0: 3 0x8000454e (0x073e) x14 0x00000000
core   0: 0x80004550 (0x0063f3b3) and     t2, t2, t1
core   0: 3 0x80004550 (0x0063f3b3) x 7 0x00000018
core   0: 0x80004554 (0x3bc10083) lb      ra, 956(sp)
core   0: 3 0x80004554 (0x3bc10083) x 1 0x0000004a mem 0x80010591
core   0: 0x80004558 (0x70610623) sb      t1, 1804(sp)
core   0: 3 0x80004558 (0x70610623) mem 0x800108e1 0x19
core   0: 0x8000455c (0x31510d83) lb      s11, 789(sp)
core   0: 3 0x8000455c (0x31510d83) x27 0x00000011 mem 0x800104ea
core   0: 0x80004560 (0x18311703) lh      a4, 387(sp)
core   0: 3 0x80004560 (0x18311703) x14 0x00001213 mem 0x80010358
core   0: 0x80004564 (0x31f10d83) lb      s11, 799(sp)
core   0: 3 0x80004564 (0x31f10d83) x27 0xffffffaf mem 0x800104f4
core   0: 0x80004568 (0x1fb110a3) sh      s11, 481(sp)
core   0: 3 0x80004568 (0x1fb110a3) mem 0x800103b6 0xffaf
core   0: 0x8000456c (0x39515083) lhu     ra, 917(sp)
core   0: 3 0x8000456c (0x39515083) x 1 0x00002021 mem 0x8001056a
core   0: 0x80004570 (0x00008f19) c.sub   a4, a4
core   0: 3 0x80004570 (0x8f19) x14 0x00000000
core   0: 0x80004572 (0x03c0fdb3) remu    s11, ra, t3
core   0: 3 0x80004572 (0x03c0fdb3) x27 0x00002021
core   0: 0x80004576 (0x18610d23) sb      t1, 410(sp)
core   0: 3 0x80004576 (0x18610d23) mem 0x8001036f 0x19
core   0: 0x8000457a (0x0a714083) lbu     ra, 167(sp)
core   0: 3 0x8000457a (0x0a714083) x 1 0x00000037 mem 0x8001027c
core   0: 0x8000457e (0x00008f79) c.and   a4, a4
core   0: 3 0x8000457e (0x8f79) x14 0x00000000
core   0: 0x80004580 (0x48814303) lbu     t1, 1160(sp)
core   0: 3 0x80004580 (0x48814303) x 6 0x00000016 mem 0x8001065d
core   0: 0x80004584 (0x01a71313) slli    t1, a4, 26
core   0: 3 0x80004584 (0x01a71313) x 6 0x00000000
core   0: 0x80004588 (0x67b11383) lh      t2, 1659(sp)
core   0: 3 0x80004588 (0x67b11383) x 7 0x00000a0b mem 0x80010850
core   0: 0x8000458c (0x46610823) sb      t1, 1136(sp)
core   0: 3 0x8000458c (0x46610823) mem 0x80010645 0x0
core   0: 0x80004590 (0x11b111a3) sh      s11, 259(sp)
core   0: 3 0x80004590 (0x11b111a3) mem 0x800102d8 0x2021
core   0: 0x80004594 (0x48115e03) lhu     t3, 1153(sp)
core   0: 3 0x80004594 (0x48115e03) x28 0x00000c0d mem 0x80010656
core   0: 0x80004598 (0x76e10823) sb      a4, 1904(sp)
core   0: 3 0x80004598 (0x76e10823) mem 0x80010945 0x0
core   0: 0x8000459c (0x00008b79) c.andi  a4, 30
core   0: 3 0x8000459c (0x8b79) x14 0x00000000
core   0: 0x8000459e (0x403e5093) srai    ra, t3, 3
core   0: 3 0x8000459e (0x403e5093) x 1 0x00000181
core   0: 0x800045a2 (0xf27113a3) sh      t2, -217(sp)
core   0: 3 0x800045a2 (0xf27113a3) mem 0x800100fc 0x0a0b
core   0: 0x800045a6 (0x68714083) lbu     ra, 1671(sp)
core   0: 3 0x800045a6 (0x68714083) x 1 0x00000017 mem 0x8001085c
core   0: 0x800045aa (0x0ff0000f) fence   iorw,iorw
core   0: 3 0x800045aa (0x0ff0000f)
core   0: 0x800045ae (0x6d414e03) lbu     t3, 1748(sp)
core   0: 3 0x800045ae (0x6d414e03) x28 0x00000062 mem 0x800108a9
core   0: 0x800045b2 (0x00008b01) c.andi  a4, 0
core   0: 3 0x800045b2 (0x8b01) x14 0x00000000
core   0: 0x800045b4 (0x03c71e33) mulh    t3, a4, t3
core   0: 3 0x800045b4 (0x03c71e33) x28 0x00000000
core   0: 0x800045b8 (0x07b10723) sb      s11, 110(sp)
core   0: 3 0x800045b8 (0x07b10723) mem 0x80010243 0x21
core   0: 0x800045bc (0x061100a3) sb      ra, 97(sp)
core   0: 3 0x800045bc (0x061100a3) mem 0x80010236 0x17
core   0: 0x800045c0 (0x32c14303) lbu     t1, 812(sp)
core   0: 3 0x800045c0 (0x32c14303) x 6 0x000000ba mem 0x80010501
core   0: 0x800045c4 (0x00008711) c.srai  a4, 4
core   0: 3 0x800045c4 (0x8711) x14 0x00000000
core   0: 0x800045c6 (0x2e110423) sb      ra, 744(sp)
core   0: 3 0x800045c6 (0x2e110423) mem 0x800104bd 0x17
core   0: 0x800045ca (0x7cd10303) lb      t1, 1997(sp)
core   0: 3 0x800045ca (0x7cd10303) x 6 0x00000059 mem 0x800109a2
core   0: 0x800045ce (0x6b312303) lw      t1, 1715(sp)
core   0: 3 0x800045ce (0x6b312303) x 6 0x40414243 mem 0x80010888
core   0: 0x800045d2 (0x00000001) c.nop
core   0: 3 0x800045d2 (0x0001)
core   0: 0x800045d4 (0x2db103a3) sb      s11, 711(sp)
core   0: 3 0x800045d4 (0x2db103a3) mem 0x8001049c 0x21
core   0: 0x800045d8 (0x027dce33) div     t3, s11, t2
core   0: 3 0x800045d8 (0x027dce33) x28 0x00000003
core   0: 0x800045dc (0x52814d83) lbu     s11, 1320(sp)
core   0: 3 0x800045dc (0x52814d83) x27 0x000000b6 mem 0x800106fd
core   0: 0x800045e0 (0x00000001) c.nop
core   0: 3 0x800045e0 (0x0001)
core   0: 0x800045e2 (0x32110fa3) sb      ra, 831(sp)
core   0: 3 0x800045e2 (0x32110fa3) mem 0x80010514 0x17
core   0: 0x800045e6 (0x000000ee) c.slli  ra, 27
core   0: 3 0x800045e6 (0x00ee) x 1 0xb8000000
core   0: 0x800045e8 (0xedf10083) lb      ra, -289(sp)
core   0: 3 0x800045e8 (0xedf10083) x 1 0x0000006f mem 0x800100b4
core   0: 0x800045ec (0x03a0066f) jal     a2, pc + 0x3a
core   0: 3 0x800045ec (0x03a0066f) x12 0x800045f0
core   0: 0x80004626 (0x00002011) c.jal   pc + 4
core   0: 3 0x80004626 (0x2011) x 1 0x80004628
core   0: 0x8000462a (0x0000bff9) c.j     pc - 34
core   0: 3 0x8000462a (0xbff9)
core   0: 0x80004608 (0x0000bfdd) c.j     pc - 10
core   0: 3 0x80004608 (0xbfdd)
core   0: 0x800045fe (0x01c0036f) jal     t1, pc + 0x1c
core   0: 3 0x800045fe (0x01c0036f) x 6 0x80004602
core   0: 0x8000461a (0x0080036f) jal     t1, pc + 0x8
core   0: 3 0x8000461a (0x0080036f) x 6 0x8000461e
core   0: 0x80004622 (0x000037f9) c.jal   pc - 50
core   0: 3 0x80004622 (0x37f9) x 1 0x80004624
core   0: 0x800045f0 (0x0000a025) c.j     pc + 40
core   0: 3 0x800045f0 (0xa025)
core   0: 0x80004618 (0x0000bfed) c.j     pc - 6
core   0: 3 0x80004618 (0xbfed)
core   0: 0x80004612 (0x0000a829) c.j     pc + 26
core   0: 3 0x80004612 (0xa829)
core   0: 0x8000462c (0x0000bfd9) c.j     pc - 42
core   0: 3 0x8000462c (0xbfd9)
core   0: 0x80004602 (0x0000200d) c.jal   pc + 34
core   0: 3 0x80004602 (0x200d) x 1 0x80004604
core   0: 0x80004624 (0x0000b7dd) c.j     pc - 26
core   0: 3 0x80004624 (0xb7dd)
core   0: 0x8000460a (0x01e0036f) jal     t1, pc + 0x1e
core   0: 3 0x8000460a (0x01e0036f) x 6 0x8000460e
core   0: 0x80004628 (0x00003fd1) c.jal   pc - 44
core   0: 3 0x80004628 (0x3fd1) x 1 0x8000462a
core   0: 0x800045fc (0x0000bfdd) c.j     pc - 10
core   0: 3 0x800045fc (0xbfdd)
core   0: 0x800045f2 (0x0120086f) jal     a6, pc + 0x12
core   0: 3 0x800045f2 (0x0120086f) x16 0x800045f6
core   0: 0x80004604 (0x0000bfcd) c.j     pc - 14
core   0: 3 0x80004604 (0xbfcd)
core   0: 0x800045f6 (0x028001ef) jal     gp, pc + 0x28
core   0: 3 0x800045f6 (0x028001ef) x 3 0x800045fa
core   0: 0x8000461e (0xfe9ff0ef) jal     pc - 0x18
core   0: 3 0x8000461e (0xfe9ff0ef) x 1 0x80004622
core   0: 0x80004606 (0x0000a025) c.j     pc + 40
core   0: 3 0x80004606 (0xa025)
core   0: 0x8000462e (0x0000b7dd) c.j     pc - 26
core   0: 3 0x8000462e (0xb7dd)
core   0: 0x80004614 (0xffbff36f) jal     t1, pc - 0x6
core   0: 3 0x80004614 (0xffbff36f) x 6 0x80004618
core   0: 0x8000460e (0xfedff36f) jal     t1, pc - 0x14
core   0: 3 0x8000460e (0xfedff36f) x 6 0x80004612
core   0: 0x800045fa (0x0000281d) c.jal   pc + 54
core   0: 3 0x800045fa (0x281d) x 1 0x800045fc
core   0: 0x80004630 (0x0000100f) fence.i
core   0: 3 0x80004630 (0x0000100f)
core   0: 0x80004634 (0x0000c117) auipc   sp, 0xc
core   0: 3 0x80004634 (0x0000c117) x 2 0x80010634
core   0: 0x80004638 (0x20c10113) addi    sp, sp, 524
core   0: 3 0x80004638 (0x20c10113) x 2 0x80010840
core   0: 0x8000463c (0x43812703) lw      a4, 1080(sp)
core   0: 3 0x8000463c (0x43812703) x14 0x00313233 mem 0x80010c78
core   0: 0x80004640 (0x98114403) lbu     s0, -1663(sp)
core   0: 3 0x80004640 (0x98114403) x 8 0x0000007a mem 0x800101c1
core   0: 0x80004644 (0x98114d03) lbu     s10, -1663(sp)
core   0: 3 0x80004644 (0x98114d03) x26 0x0000007a mem 0x800101c1
core   0: 0x80004648 (0x35710d83) lb      s11, 855(sp)
core   0: 3 0x80004648 (0x35710d83) x27 0x0000004c mem 0x80010b97
core   0: 0x8000464c (0x10d14b83) lbu     s7, 269(sp)
core   0: 3 0x8000464c (0x10d14b83) x23 0x00000006 mem 0x8001094d
core   0: 0x80004650 (0x10d14183) lbu     gp, 269(sp)
core   0: 3 0x80004650 (0x10d14183) x 3 0x00000006 mem 0x8001094d
core   0: 0x80004654 (0x3b814203) lbu     tp, 952(sp)
core   0: 3 0x80004654 (0x3b814203) x 4 0x00000006 mem 0x80010bf8
core   0: 0x80004658 (0x23714303) lbu     t1, 567(sp)
core   0: 3 0x80004658 (0x23714303) x 6 0x0000002c mem 0x80010a77
core   0: 0x8000465c (0xca610aa3) sb      t1, -843(sp)
core   0: 3 0x8000465c (0xca610aa3) mem 0x800104f5 0x2c
core   0: 0x80004660 (0x3c640997) auipc   s3, 0x3c640
core   0: 3 0x80004660 (0x3c640997) x19 0xbc644660
core   0: 0x80004664 (0x90214903) lbu     s2, -1790(sp)
core   0: 3 0x80004664 (0x90214903) x18 0x000000f9 mem 0x80010142
core   0: 0x80004668 (0x90610123) sb      t1, -1790(sp)
core   0: 3 0x80004668 (0x90610123) mem 0x80010142 0x2c
core   0: 0x8000466c (0x00004ae6) c.lwsp  s5, 88(sp)
core   0: 3 0x8000466c (0x4ae6) x21 0x50515253 mem 0x80010898
core   0: 0x8000466e (0x00000979) c.addi  s2, 30
core   0: 3 0x8000466e (0x0979) x18 0x00000117
core   0: 0x80004670 (0x0000ccea) c.swsp  s10, 88(sp)
core   0: 3 0x80004670 (0xccea) mem 0x80010898 0x0000007a
core   0: 0x80004672 (0x00004fe6) c.lwsp  t6, 88(sp)
core   0: 3 0x80004672 (0x4fe6) x31 0x0000007a mem 0x80010898
core   0: 0x80004674 (0x74e10ba3) sb      a4, 1879(sp)
core   0: 3 0x80004674 (0x74e10ba3) mem 0x80010f97 0x33
core   0: 0x80004678 (0x75610ba3) sb      s6, 1879(sp)
core   0: 3 0x80004678 (0x75610ba3) mem 0x80010f97 0xd2
core   0: 0x8000467c (0x30a10303) lb      t1, 778(sp)
core   0: 3 0x8000467c (0x30a10303) x 6 0x00000001 mem 0x80010b4a
core   0: 0x80004680 (0x5d710703) lb      a4, 1495(sp)
core   0: 3 0x80004680 (0x5d710703) x14 0xffffffcc mem 0x80010e17
core   0: 0x80004684 (0xa4910f83) lb      t6, -1463(sp)
core   0: 3 0x80004684 (0xa4910f83) x31 0x00000042 mem 0x80010289
core   0: 0x80004688 (0x00015e97) auipc   t4, 0x15
core   0: 3 0x80004688 (0x00015e97) x29 0x80019688
core   0: 0x8000468c (0x4a6e8e93) addi    t4, t4, 1190
core   0: 3 0x8000468c (0x4a6e8e93) x29 0x80019b2e
core   0: 0x80004690 (0x005e8283) lb      t0, 5(t4)
core   0: 3 0x80004690 (0x005e8283) x 5 0xffffffe8 mem 0x80019b33
core   0: 0x80004694 (0x005e8803) lb      a6, 5(t4)
core   0: 3 0x80004694 (0x005e8803) x16 0xffffffe8 mem 0x80019b33
core   0: 0x80004698 (0x005ece03) lbu     t3, 5(t4)
core   0: 3 0x80004698 (0x005ece03) x28 0x000000e8 mem 0x80019b33
core   0: 0x8000469c (0x218b3093) sltiu   ra, s6, 536
core   0: 3 0x8000469c (0x218b3093) x 1 0x00000000
core   0: 0x800046a0 (0x00ce82a3) sb      a2, 5(t4)
core   0: 3 0x800046a0 (0x00ce82a3) mem 0x80019b33 0xf0
core   0: 0x800046a4 (0x005ec383) lbu     t2, 5(t4)
core   0: 3 0x800046a4 (0x005ec383) x 7 0x000000f0 mem 0x80019b33
core   0: 0x800046a8 (0x010e82a3) sb      a6, 5(t4)
core   0: 3 0x800046a8 (0x010e82a3) mem 0x80019b33 0xe8
core   0: 0x800046ac (0x01fe82a3) sb      t6, 5(t4)
core   0: 3 0x800046ac (0x01fe82a3) mem 0x80019b33 0x42
core   0: 0x800046b0 (0x005ec083) lbu     ra, 5(t4)
core   0: 3 0x800046b0 (0x005ec083) x 1 0x00000042 mem 0x80019b33
core   0: 0x800046b4 (0x005e8203) lb      tp, 5(t4)
core   0: 3 0x800046b4 (0x005e8203) x 4 0x00000042 mem 0x80019b33
core   0: 0x800046b8 (0x005ec403) lbu     s0, 5(t4)
core   0: 3 0x800046b8 (0x005ec403) x 8 0x00000042 mem 0x80019b33
core   0: 0x800046bc (0x01be82a3) sb      s11, 5(t4)
core   0: 3 0x800046bc (0x01be82a3) mem 0x80019b33 0x4c
core   0: 0x800046c0 (0x0000c117) auipc   sp, 0xc
core   0: 3 0x800046c0 (0x0000c117) x 2 0x800106c0
core   0: 0x800046c4 (0x9bd10113) addi    sp, sp, -1603
core   0: 3 0x800046c4 (0x9bd10113) x 2 0x8001007d
core   0: 0x800046c8 (0x00000d85) c.addi  s11, 1
core   0: 3 0x800046c8 (0x0d85) x27 0x0000004d
core   0: 0x800046ca (0x028b55b3) divu    a1, s6, s0
core   0: 3 0x800046ca (0x028b55b3) x11 0x01e11149
core   0: 0x800046ce (0x023a32b3) mulhu   t0, s4, gp
core   0: 3 0x800046ce (0x023a32b3) x 5 0x00000001
core   0: 0x800046d2 (0x03c3e913) ori     s2, t2, 60
core   0: 3 0x800046d2 (0x03c3e913) x18 0x000000fc
core   0: 0x800046d6 (0x0ff0000f) fence   iorw,iorw
core   0: 3 0x800046d6 (0x0ff0000f)
core   0: 0x800046da (0x30b10b03) lb      s6, 779(sp)
core   0: 3 0x800046da (0x30b10b03) x22 0x00000043 mem 0x80010388
core   0: 0x800046de (0x75014603) lbu     a2, 1872(sp)
core   0: 3 0x800046de (0x75014603) x12 0x00000086 mem 0x800107cd
core   0: 0x800046e2 (0x12412ba3) sw      tp, 311(sp)
core   0: 3 0x800046e2 (0x12412ba3) mem 0x800101b4 0x00000042
core   0: 0x800046e6 (0x00000872) c.slli  a6, 28
core   0: 3 0x800046e6 (0x0872) x16 0x80000000
core   0: 0x800046e8 (0x00008f96) c.mv    t6, t0
core   0: 3 0x800046e8 (0x8f96) x31 0x00000001
core   0: 0x800046ea (0x38810083) lb      ra, 904(sp)
core   0: 3 0x800046ea (0x38810083) x 1 0xffffffbe mem 0x80010405
core   0: 0x800046ee (0x48d10703) lb      a4, 1165(sp)
core   0: 3 0x800046ee (0x48d10703) x14 0xffffffc1 mem 0x8001050a
core   0: 0x800046f2 (0x40bbd333) sra     t1, s7, a1
core   0: 3 0x800046f2 (0x40bbd333) x 6 0x00000000
core   0: 0x800046f6 (0x6bf129a3) sw      t6, 1715(sp)
core   0: 3 0x800046f6 (0x6bf129a3) mem 0x80010730 0x00000001
core   0: 0x800046fa (0x10014403) lbu     s0, 256(sp)
core   0: 3 0x800046fa (0x10014403) x 8 0x00000036 mem 0x8001017d
core   0: 0x800046fe (0x0ff0000f) fence   iorw,iorw
core   0: 3 0x800046fe (0x0ff0000f)
core   0: 0x80004702 (0x4007da93) srai    s5, a5, 0
core   0: 3 0x80004702 (0x4007da93) x21 0x00000004
core   0: 0x80004706 (0x00966833) or      a6, a2, s1
core   0: 3 0x80004706 (0x00966833) x16 0x7c0675c7
core   0: 0x8000470a (0x55511aa3) sh      s5, 1365(sp)
core   0: 3 0x8000470a (0x55511aa3) mem 0x800105d2 0x0004
core   0: 0x8000470e (0x00009fce) c.add   t6, s3
core   0: 3 0x8000470e (0x9fce) x31 0xbc644661
core   0: 0x80004710 (0x0200b9b3) mulhu   s3, ra, zero
core   0: 3 0x80004710 (0x0200b9b3) x19 0x00000000
core   0: 0x80004714 (0x3e010183) lb      gp, 992(sp)
core   0: 3 0x80004714 (0x3e010183) x 3 0x00000016 mem 0x8001045d
core   0: 0x80004718 (0x01bb12b3) sll     t0, s6, s11
core   0: 3 0x80004718 (0x01bb12b3) x 5 0x00086000
core   0: 0x8000471c (0x03df0633) mul     a2, t5, t4
core   0: 3 0x8000471c (0x03df0633) x12 0x204b0772
core   0: 0x80004720 (0x06010a03) lb      s4, 96(sp)
core   0: 3 0x80004720 (0x06010a03) x20 0xffffff96 mem 0x800100dd
core   0: 0x80004724 (0x0100066f) jal     a2, pc + 0x10
core   0: 3 0x80004724 (0x0100066f) x12 0x80004728
core   0: 0x80004734 (0xffbff0ef) jal     pc - 0x6
core   0: 3 0x80004734 (0xffbff0ef) x 1 0x80004738
core   0: 0x8000472e (0x00002081) c.jal   pc + 64
core   0: 3 0x8000472e (0x2081) x 1 0x80004730
core   0: 0x8000476e (0x00003fe5) c.jal   pc - 8
core   0: 3 0x8000476e (0x3fe5) x 1 0x80004770
core   0: 0x80004766 (0x000037c9) c.jal   pc - 62
core   0: 3 0x80004766 (0x37c9) x 1 0x80004768
core   0: 0x80004728 (0x0000a0a1) c.j     pc + 72
core   0: 3 0x80004728 (0xa0a1)
core   0: 0x80004770 (0xfe5ff0ef) jal     pc - 0x1c
core   0: 3 0x80004770 (0xfe5ff0ef) x 1 0x80004774
core   0: 0x80004754 (0x000037d5) c.jal   pc - 28
core   0: 3 0x80004754 (0x37d5) x 1 0x80004756
core   0: 0x80004738 (0x00a00bef) jal     s7, pc + 0xa
core   0: 3 0x80004738 (0x00a00bef) x23 0x8000473c
core   0: 0x80004742 (0x0000bffd) c.j     pc - 2
core   0: 3 0x80004742 (0xbffd)
core   0: 0x80004740 (0x000037ed) c.jal   pc - 22
core   0: 3 0x80004740 (0x37ed) x 1 0x80004742
core   0: 0x8000472a (0x0000a80d) c.j     pc + 50
core   0: 3 0x8000472a (0xa80d)
core   0: 0x8000475c (0x00003fd5) c.jal   pc - 12
core   0: 3 0x8000475c (0x3fd5) x 1 0x8000475e
core   0: 0x80004750 (0xffbff3ef) jal     t2, pc - 0x6
core   0: 3 0x80004750 (0xffbff3ef) x 7 0x80004754
core   0: 0x8000474a (0x00002005) c.jal   pc + 32
core   0: 3 0x8000474a (0x2005) x 1 0x8000474c
core   0: 0x8000476a (0x000037c9) c.jal   pc - 62
core   0: 3 0x8000476a (0x37c9) x 1 0x8000476c
core   0: 0x8000472c (0x0000203d) c.jal   pc + 46
core   0: 3 0x8000472c (0x203d) x 1 0x8000472e
core   0: 0x8000475a (0x00002809) c.jal   pc + 18
core   0: 3 0x8000475a (0x2809) x 1 0x8000475c
core   0: 0x8000476c (0x00003ff1) c.jal   pc - 36
core   0: 3 0x8000476c (0x3ff1) x 1 0x8000476e
core   0: 0x80004748 (0x0000a829) c.j     pc + 26
core   0: 3 0x80004748 (0xa829)
core   0: 0x80004762 (0xfd1ffc6f) jal     s8, pc - 0x30
core   0: 3 0x80004762 (0xfd1ffc6f) x24 0x80004766
core   0: 0x80004732 (0x0000a029) c.j     pc + 10
core   0: 3 0x80004732 (0xa029)
core   0: 0x8000473c (0x008000ef) jal     pc + 0x8
core   0: 3 0x8000473c (0x008000ef) x 1 0x80004740
core   0: 0x80004744 (0x024000ef) jal     pc + 0x24
core   0: 3 0x80004744 (0x024000ef) x 1 0x80004748
core   0: 0x80004768 (0x00003fdd) c.jal   pc - 10
core   0: 3 0x80004768 (0x3fdd) x 1 0x8000476a
core   0: 0x8000475e (0xff9ff36f) jal     t1, pc - 0x8
core   0: 3 0x8000475e (0xff9ff36f) x 6 0x80004762
core   0: 0x80004756 (0x01e000ef) jal     pc + 0x1e
core   0: 3 0x80004756 (0x01e000ef) x 1 0x8000475a
core   0: 0x80004774 (0x00003fe1) c.jal   pc - 40
core   0: 3 0x80004774 (0x3fe1) x 1 0x80004776
core   0: 0x8000474c (0xfe5ff2ef) jal     t0, pc - 0x1c
core   0: 3 0x8000474c (0xfe5ff2ef) x 5 0x80004750
core   0: 0x80004730 (0x0000a099) c.j     pc + 70
core   0: 3 0x80004730 (0xa099)
core   0: 0x80004776 (0x00369a93) slli    s5, a3, 3
core   0: 3 0x80004776 (0x00369a93) x21 0x000002c8
core   0: 0x8000477a (0x0000c117) auipc   sp, 0xc
core   0: 3 0x8000477a (0x0000c117) x 2 0x8001077a
core   0: 0x8000477e (0x1d910113) addi    sp, sp, 473
core   0: 3 0x8000477e (0x1d910113) x 2 0x80010953
core   0: 0x80004782 (0x0000c997) auipc   s3, 0xc
core   0: 3 0x80004782 (0x0000c997) x19 0x80010782
core   0: 0x80004786 (0x19a98993) addi    s3, s3, 410
core   0: 3 0x80004786 (0x19a98993) x19 0x8001091c
core   0: 0x8000478a (0xf3b9c703) lbu     a4, -197(s3)
core   0: 3 0x8000478a (0xf3b9c703) x14 0x0000000c mem 0x80010857
core   0: 0x8000478e (0xf5d103a3) sb      t4, -185(sp)
core   0: 3 0x8000478e (0xf5d103a3) mem 0x8001089a 0x2e
core   0: 0x80004792 (0x03098303) lb      t1, 48(s3)
core   0: 3 0x80004792 (0x03098303) x 6 0x00000007 mem 0x8001094c
core   0: 0x80004796 (0x0000c417) auipc   s0, 0xc
core   0: 3 0x80004796 (0x0000c417) x 8 0x80010796
core   0: 0x8000479a (0x47f40413) addi    s0, s0, 1151
core   0: 3 0x8000479a (0x47f40413) x 8 0x80010c15
core   0: 0x8000479e (0xf1e12aa3) sw      t5, -235(sp)
core   0: 3 0x8000479e (0xf1e12aa3) mem 0x80010868 0x8001032f
core   0: 0x800047a2 (0x062980a3) sb      sp, 97(s3)
core   0: 3 0x800047a2 (0x062980a3) mem 0x8001097d 0x53
core   0: 0x800047a6 (0x00140823) sb      ra, 16(s0)
core   0: 3 0x800047a6 (0x00140823) mem 0x80010c25 0x76
core   0: 0x800047aa (0x0c29cd83) lbu     s11, 194(s3)
core   0: 3 0x800047aa (0x0c29cd83) x27 0x00000095 mem 0x800109de
core   0: 0x800047ae (0xfe140a23) sb      ra, -12(s0)
core   0: 3 0x800047ae (0xfe140a23) mem 0x80010c09 0x76
core   0: 0x800047b2 (0xf7c98a23) sb      t3, -140(s3)
core   0: 3 0x800047b2 (0xf7c98a23) mem 0x80010890 0xe8
core   0: 0x800047b6 (0x09a14d03) lbu     s10, 154(sp)
core   0: 3 0x800047b6 (0x09a14d03) x26 0x000000a6 mem 0x800109ed
core   0: 0x800047ba (0x03a10d03) lb      s10, 58(sp)
core   0: 3 0x800047ba (0x03a10d03) x26 0xffffffe4 mem 0x8001098d
core   0: 0x800047be (0xf32126a3) sw      s2, -211(sp)
core   0: 3 0x800047be (0xf32126a3) mem 0x80010880 0x000000fc
core   0: 0x800047c2 (0x05599923) sh      s5, 82(s3)
core   0: 3 0x800047c2 (0x05599923) mem 0x8001096e 0x02c8
core   0: 0x800047c6 (0xffe40003) lb      zero, -2(s0)
core   0: 3 0x800047c6 (0xffe40003) mem 0x80010c13
core   0: 0x800047ca (0x09098fa3) sb      a6, 159(s3)
core   0: 3 0x800047ca (0x09098fa3) mem 0x800109bb 0xc7
core   0: 0x800047ce (0x001413a3) sh      ra, 7(s0)
core   0: 3 0x800047ce (0x001413a3) mem 0x80010c1c 0x4776
core   0: 0x800047d2 (0xf1a10083) lb      ra, -230(sp)
core   0: 3 0x800047d2 (0xf1a10083) x 1 0x00000026 mem 0x8001086d
core   0: 0x800047d6 (0x00344483) lbu     s1, 3(s0)
core   0: 3 0x800047d6 (0x00344483) x 9 0x000000d3 mem 0x80010c18
core   0: 0x800047da (0x0b898ea3) sb      s8, 189(s3)
core   0: 3 0x800047da (0x0b898ea3) mem 0x800109d9 0x66
core   0: 0x800047de (0x06410703) lb      a4, 100(sp)
core   0: 3 0x800047de (0x06410703) x14 0x0000006c mem 0x800109b7
core   0: 0x800047e2 (0xf3299803) lh      a6, -206(s3)
core   0: 3 0x800047e2 (0xf3299803) x16 0x00000405 mem 0x8001084e
core   0: 0x800047e6 (0xfd711083) lh      ra, -41(sp)
core   0: 3 0x800047e6 (0xfd711083) x 1 0xffffe0e1 mem 0x8001092a
core   0: 0x800047ea (0x012417a3) sh      s2, 15(s0)
core   0: 3 0x800047ea (0x012417a3) mem 0x80010c24 0x00fc
core   0: 0x800047ee (0x00010b97) auipc   s7, 0x10
core   0: 3 0x800047ee (0x00010b97) x23 0x800147ee
core   0: 0x800047f2 (0x836b8b93) addi    s7, s7, -1994
core   0: 3 0x800047f2 (0x836b8b93) x23 0x80014024
core   0: 0x800047f6 (0x050b8b03) lb      s6, 80(s7)
core   0: 3 0x800047f6 (0x050b8b03) x22 0x0000002f mem 0x80014074
core   0: 0x800047fa (0x0000c317) auipc   t1, 0xc
core   0: 3 0x800047fa (0x0000c317) x 6 0x800107fa
core   0: 0x800047fe (0xa8930313) addi    t1, t1, -1399
core   0: 3 0x800047fe (0xa8930313) x 6 0x80010283
core   0: 0x80004802 (0xfd034683) lbu     a3, -48(t1)
core   0: 3 0x80004802 (0xfd034683) x13 0x00000008 mem 0x80010253
core   0: 0x80004806 (0xfeb30623) sb      a1, -20(t1)
core   0: 3 0x80004806 (0xfeb30623) mem 0x8001026f 0x49
core   0: 0x8000480a (0x0aebca83) lbu     s5, 174(s7)
core   0: 3 0x8000480a (0x0aebca83) x21 0x00000089 mem 0x800140d2
core   0: 0x8000480e (0xfcf35183) lhu     gp, -49(t1)
core   0: 3 0x8000480e (0xfcf35183) x 3 0x00000809 mem 0x80010252
core   0: 0x80004812 (0x071b8a03) lb      s4, 113(s7)
core   0: 3 0x80004812 (0x071b8a03) x20 0x0000004e mem 0x80014095
core   0: 0x80004816 (0xff030483) lb      s1, -16(t1)
core   0: 3 0x80004816 (0xff030483) x 9 0x00000074 mem 0x80010273
core   0: 0x8000481a (0xf1fb8083) lb      ra, -225(s7)
core   0: 3 0x8000481a (0xf1fb8083) x 1 0xfffffff8 mem 0x80013f43
core   0: 0x8000481e (0x01230583) lb      a1, 18(t1)
core   0: 3 0x8000481e (0x01230583) x11 0x0000004e mem 0x80010295
core   0: 0x80004822 (0xffb315a3) sh      s11, -21(t1)
core   0: 3 0x80004822 (0xffb315a3) mem 0x8001026e 0x0095
core   0: 0x80004826 (0xff330823) sb      s3, -16(t1)
core   0: 3 0x80004826 (0xff330823) mem 0x80010273 0x1c
core   0: 0x8000482a (0x0e5b8003) lb      zero, 229(s7)
core   0: 3 0x8000482a (0x0e5b8003) mem 0x80014109
core   0: 0x8000482e (0x00034703) lbu     a4, 0(t1)
core   0: 3 0x8000482e (0x00034703) x14 0x00000038 mem 0x80010283
core   0: 0x80004832 (0xfc9bce83) lbu     t4, -55(s7)
core   0: 3 0x80004832 (0xfc9bce83) x29 0x000000a6 mem 0x80013fed
core   0: 0x80004836 (0xfd230f23) sb      s2, -34(t1)
core   0: 3 0x80004836 (0xfd230f23) mem 0x80010261 0xfc
core   0: 0x8000483a (0xfd4b9383) lh      t2, -44(s7)
core   0: 3 0x8000483a (0xfd4b9383) x 7 0xffffb2b3 mem 0x80013ff8
core   0: 0x8000483e (0x00019097) auipc   ra, 0x19
core   0: 3 0x8000483e (0x00019097) x 1 0x8001d83e
core   0: 0x80004842 (0x92b08093) addi    ra, ra, -1749
core   0: 3 0x80004842 (0x92b08093) x 1 0x8001d169
core   0: 0x80004846 (0x002e1c33) sll     s8, t3, sp
core   0: 3 0x80004846 (0x002e1c33) x24 0x07400000
core   0: 0x8000484a (0x00008f39) c.xor   a4, a4
core   0: 3 0x8000484a (0x8f39) x14 0x00000000
core   0: 0x8000484c (0x6650dc03) lhu     s8, 1637(ra)
core   0: 3 0x8000484c (0x6650dc03) x24 0x00008485 mem 0x8001d7ce
core   0: 0x80004850 (0x13809da3) sh      s8, 315(ra)
core   0: 3 0x80004850 (0x13809da3) mem 0x8001d2a4 0x8485
core   0: 0x80004854 (0xaa1e6b13) ori     s6, t3, -1375
core   0: 3 0x80004854 (0xaa1e6b13) x22 0xfffffae9
core   0: 0x80004858 (0x51608f23) sb      s6, 1310(ra)
core   0: 3 0x80004858 (0x51608f23) mem 0x8001d687 0xe9
core   0: 0x8000485c (0x6fc089a3) sb      t3, 1779(ra)
core   0: 3 0x8000485c (0x6fc089a3) mem 0x8001d85c 0xe8
core   0: 0x80004860 (0x00009e0a) c.add   t3, sp
core   0: 3 0x80004860 (0x9e0a) x28 0x80010a3b
core   0: 0x80004862 (0x52109903) lh      s2, 1313(ra)
core   0: 3 0x80004862 (0x52109903) x18 0x00004041 mem 0x8001d68a
core   0: 0x80004866 (0x00008f59) c.or    a4, a4
core   0: 3 0x80004866 (0x8f59) x14 0x00000000
core   0: 0x80004868 (0x24109e03) lh      t3, 577(ra)
core   0: 3 0x80004868 (0x24109e03) x28 0x00006061 mem 0x8001d3aa
core   0: 0x8000486c (0x00000001) c.nop
core   0: 3 0x8000486c (0x0001)
core   0: 0x8000486e (0x1f2096a3) sh      s2, 493(ra)
core   0: 3 0x8000486e (0x1f2096a3) mem 0x8001d356 0x4041
core   0: 0x80004872 (0x016c1e33) sll     t3, s8, s6
core   0: 3 0x80004872 (0x016c1e33) x28 0x01090a00
core   0: 0x80004876 (0x01872933) slt     s2, a4, s8
core   0: 3 0x80004876 (0x01872933) x18 0x00000001
core   0: 0x8000487a (0x54e09da3) sh      a4, 1371(ra)
core   0: 3 0x8000487a (0x54e09da3) mem 0x8001d6c4 0x0000
core   0: 0x8000487e (0x3860cb03) lbu     s6, 902(ra)
core   0: 3 0x8000487e (0x3860cb03) x22 0x000000a4 mem 0x8001d4ef
core   0: 0x80004882 (0x34208123) sb      sp, 834(ra)
core   0: 3 0x80004882 (0x34208123) mem 0x8001d4ab 0x53
core   0: 0x80004886 (0x2bd0de03) lhu     t3, 701(ra)
core   0: 3 0x80004886 (0x2bd0de03) x28 0x0000dcdd mem 0x8001d426
core   0: 0x8000488a (0x01975113) srli    sp, a4, 25
core   0: 3 0x8000488a (0x01975113) x 2 0x00000000
core   0: 0x8000488e (0x0c408c03) lb      s8, 196(ra)
core   0: 3 0x8000488e (0x0c408c03) x24 0xffffffe6 mem 0x8001d22d
core   0: 0x80004892 (0x3950c903) lbu     s2, 917(ra)
core   0: 3 0x80004892 (0x3950c903) x18 0x000000b5 mem 0x8001d4fe
core   0: 0x80004896 (0xb1208523) sb      s2, -1270(ra)
core   0: 3 0x80004896 (0xb1208523) mem 0x8001cc73 0xb5
core   0: 0x8000489a (0x2d808da3) sb      s8, 731(ra)
core   0: 3 0x8000489a (0x2d808da3) mem 0x8001d444 0xe6
core   0: 0x8000489e (0xe990d703) lhu     a4, -359(ra)
core   0: 3 0x8000489e (0xe990d703) x14 0x0000b8b9 mem 0x8001d002
core   0: 0x800048a2 (0x2ae08c03) lb      s8, 686(ra)
core   0: 3 0x800048a2 (0x2ae08c03) x24 0x00000061 mem 0x8001d417
core   0: 0x800048a6 (0x00008f79) c.and   a4, a4
core   0: 3 0x800048a6 (0x8f79) x14 0x0000b8b9
core   0: 0x800048a8 (0x00006c69) c.lui   s8, 0x1a
core   0: 3 0x800048a8 (0x6c69) x24 0x0001a000
core   0: 0x800048aa (0x0ff0000f) fence   iorw,iorw
core   0: 3 0x800048aa (0x0ff0000f)
core   0: 0x800048ae (0x102083a3) sb      sp, 263(ra)
core   0: 3 0x800048ae (0x102083a3) mem 0x8001d270 0x0
core   0: 0x800048b2 (0x0ff0d103) lhu     sp, 255(ra)
core   0: 3 0x800048b2 (0x0ff0d103) x 2 0x00002223 mem 0x8001d268
core   0: 0x800048b6 (0x00000001) c.nop
core   0: 3 0x800048b6 (0x0001)
core   0: 0x800048b8 (0x01311713) slli    a4, sp, 19
core   0: 3 0x800048b8 (0x01311713) x14 0x11180000
core   0: 0x800048bc (0xa7d08903) lb      s2, -1411(ra)
core   0: 3 0x800048bc (0xa7d08903) x18 0xffffff9d mem 0x8001cbe6
core   0: 0x800048c0 (0x04008103) lb      sp, 64(ra)
core   0: 3 0x800048c0 (0x04008103) x 2 0x00000062 mem 0x8001d1a9
core   0: 0x800048c4 (0xe4cf8717) auipc   a4, 0xe4cf8
core   0: 3 0x800048c4 (0xe4cf8717) x14 0x64cfc8c4
core   0: 0x800048c8 (0x02eb3133) mulhu   sp, s6, a4
core   0: 3 0x800048c8 (0x02eb3133) x 2 0x00000040
core   0: 0x800048cc (0x00008f39) c.xor   a4, a4
core   0: 3 0x800048cc (0x8f39) x14 0x00000000
core   0: 0x800048ce (0x00008f19) c.sub   a4, a4
core   0: 3 0x800048ce (0x8f19) x14 0x00000000
core   0: 0x800048d0 (0xd4f08e03) lb      t3, -689(ra)
core   0: 3 0x800048d0 (0xd4f08e03) x28 0x00000073 mem 0x8001ceb8
core   0: 0x800048d4 (0x1b208923) sb      s2, 434(ra)
core   0: 3 0x800048d4 (0x1b208923) mem 0x8001d31b 0x9d
core   0: 0x800048d8 (0xf8509b03) lh      s6, -123(ra)
core   0: 3 0x800048d8 (0xf8509b03) x22 0xffffa4a5 mem 0x8001d0ee
core   0: 0x800048dc (0x83808f23) sb      s8, -1986(ra)
core   0: 3 0x800048dc (0x83808f23) mem 0x8001c9a7 0x0
core   0: 0x800048e0 (0x27808923) sb      s8, 626(ra)
core   0: 3 0x800048e0 (0x27808923) mem 0x8001d3db 0x0
core   0: 0x800048e4 (0x62d0d103) lhu     sp, 1581(ra)
core   0: 3 0x800048e4 (0x62d0d103) x 2 0x00004c4d mem 0x8001d796
core   0: 0x800048e8 (0x00006131) c.addi16sp sp, 320
core   0: 3 0x800048e8 (0x6131) x 2 0x00004d8d
core   0: 0x800048ea (0xbf6089a3) sb      s6, -1037(ra)
core   0: 3 0x800048ea (0xbf6089a3) mem 0x8001cd5c 0xa5
core   0: 0x800048ee (0x9b208e03) lb      t3, -1614(ra)
core   0: 3 0x800048ee (0x9b208e03) x28 0xffffffd0 mem 0x8001cb1b
core   0: 0x800048f2 (0x01c94e33) xor     t3, s2, t3
core   0: 3 0x800048f2 (0x01c94e33) x28 0x0000004d
core   0: 0x800048f6 (0xd5208223) sb      s2, -700(ra)
core   0: 3 0x800048f6 (0xd5208223) mem 0x8001cead 0x9d
core   0: 0x800048fa (0x0001aa17) auipc   s4, 0x1a
core   0: 3 0x800048fa (0x0001aa17) x20 0x8001e8fa
core   0: 0x800048fe (0xa41a0a13) addi    s4, s4, -1471
core   0: 3 0x800048fe (0xa41a0a13) x20 0x8001e33b
core   0: 0x80004902 (0xfefa1ba3) sh      a5, -9(s4)
core   0: 3 0x80004902 (0xfefa1ba3) mem 0x8001e332 0x0004
core   0: 0x80004906 (0x04b66493) ori     s1, a2, 75
core   0: 3 0x80004906 (0x04b66493) x 9 0x8000476b
core   0: 0x8000490a (0xff2a0583) lb      a1, -14(s4)
core   0: 3 0x8000490a (0xff2a0583) x11 0xffffffe6 mem 0x8001e32d
core   0: 0x8000490e (0xda46be93) sltiu   t4, a3, -604
core   0: 3 0x8000490e (0xda46be93) x29 0x00000001
core   0: 0x80004912 (0xff5a0b83) lb      s7, -11(s4)
core   0: 3 0x80004912 (0xff5a0b83) x23 0xffffffeb mem 0x8001e330
core   0: 0x80004916 (0x584c0793) addi    a5, s8, 1412
core   0: 3 0x80004916 (0x584c0793) x15 0x0001a584
core   0: 0x8000491a (0x00001894) c.addi4spn a3, sp, 112
core   0: 3 0x8000491a (0x1894) x13 0x00004dfd
core   0: 0x8000491c (0xffaa0b23) sb      s10, -10(s4)
core   0: 3 0x8000491c (0xffaa0b23) mem 0x8001e331 0xe4
core   0: 0x80004920 (0x01f0b0b3) sltu    ra, ra, t6
core   0: 3 0x80004920 (0x01f0b0b3) x 1 0x00000001
core   0: 0x80004924 (0x000083b1) c.srli  a5, 12
core   0: 3 0x80004924 (0x83b1) x15 0x0000001a
core   0: 0x80004926 (0x01bda133) slt     sp, s11, s11
core   0: 3 0x80004926 (0x01bda133) x 2 0x00000000
core   0: 0x8000492a (0x01563133) sltu    sp, a2, s5
core   0: 3 0x8000492a (0x01563133) x 2 0x00000000
core   0: 0x8000492e (0x011cf5b3) and     a1, s9, a7
core   0: 3 0x8000492e (0x011cf5b3) x11 0x80021c64
core   0: 0x80004932 (0x00e1fd33) and     s10, gp, a4
core   0: 3 0x80004932 (0x00e1fd33) x26 0x00000000
core   0: 0x80004936 (0x0ff0000f) fence   iorw,iorw
core   0: 3 0x80004936 (0x0ff0000f)
core   0: 0x8000493a (0x40a757b3) sra     a5, a4, a0
core   0: 3 0x8000493a (0x40a757b3) x15 0x00000000
core   0: 0x8000493e (0x0ff0000f) fence   iorw,iorw
core   0: 3 0x8000493e (0x0ff0000f)
core   0: 0x80004942 (0x03427d33) remu    s10, tp, s4
core   0: 3 0x80004942 (0x03427d33) x26 0x00000042
core   0: 0x80004946 (0x00aa0003) lb      zero, 10(s4)
core   0: 3 0x80004946 (0x00aa0003) mem 0x8001e345
core   0: 0x8000494a (0x00008dc1) c.or    a1, s0
core   0: 3 0x8000494a (0x8dc1) x11 0x80031c75
core   0: 0x8000494c (0x0000717d) c.addi16sp sp, -16
core   0: 3 0x8000494c (0x717d) x 2 0xfffffff0
core   0: 0x8000494e (0x000080aa) c.mv    ra, a0
core   0: 3 0x8000494e (0x80aa) x 1 0x0000000d
core   0: 0x80004950 (0x01e8b333) sltu    t1, a7, t5
core   0: 3 0x80004950 (0x01e8b333) x 6 0x00000000
core   0: 0x80004954 (0x01da07a3) sb      t4, 15(s4)
core   0: 3 0x80004954 (0x01da07a3) mem 0x8001e34a 0x1
core   0: 0x80004958 (0x002a22a3) sw      sp, 5(s4)
core   0: 3 0x80004958 (0x002a22a3) mem 0x8001e340 0xfffffff0
core   0: 0x8000495c (0xff1a5283) lhu     t0, -15(s4)
core   0: 3 0x8000495c (0xff1a5283) x 5 0x0000e6e7 mem 0x8001e32c
core   0: 0x80004960 (0x4e80a313) slti    t1, ra, 1256
core   0: 3 0x80004960 (0x4e80a313) x 6 0x00000001
core   0: 0x80004964 (0x010a4103) lbu     sp, 16(s4)
core   0: 3 0x80004964 (0x010a4103) x 2 0x00000000 mem 0x8001e34b
core   0: 0x80004968 (0x00009c0a) c.add   s8, sp
core   0: 3 0x80004968 (0x9c0a) x24 0x0001a000
core   0: 0x8000496a (0x9ff3f793) andi    a5, t2, -1537
core   0: 3 0x8000496a (0x9ff3f793) x15 0xffffb0b3
core   0: 0x8000496e (0x408c5993) srai    s3, s8, 8
core   0: 3 0x8000496e (0x408c5993) x19 0x000001a0
core   0: 0x80004972 (0x02937433) remu    s0, t1, s1
core   0: 3 0x80004972 (0x02937433) x 8 0x00000001
core   0: 0x80004976 (0x008a4c03) lbu     s8, 8(s4)
core   0: 3 0x80004976 (0x008a4c03) x24 0x000000ff mem 0x8001e343
core   0: 0x8000497a (0x00006ed5) c.lui   t4, 0x15
core   0: 3 0x8000497a (0x6ed5) x29 0x00015000
core   0: 0x8000497c (0x51f60f13) addi    t5, a2, 1311
core   0: 3 0x8000497c (0x51f60f13) x30 0x80004c47
core   0: 0x80004980 (0x01023233) sltu    tp, tp, a6
core   0: 3 0x80004980 (0x01023233) x 4 0x00000001
core   0: 0x80004984 (0x40fd5d93) srai    s11, s10, 15
core   0: 3 0x80004984 (0x40fd5d93) x27 0x00000000
core   0: 0x80004988 (0xff5a0683) lb      a3, -11(s4)
core   0: 3 0x80004988 (0xff5a0683) x13 0xffffffeb mem 0x8001e330
core   0: 0x8000498c (0xa630a697) auipc   a3, 0xa630a
core   0: 3 0x8000498c (0xa630a697) x13 0x2630e98c
core   0: 0x80004990 (0xfefa0823) sb      a5, -16(s4)
core   0: 3 0x80004990 (0xfefa0823) mem 0x8001e32b 0xb3
core   0: 0x80004994 (0x0000c497) auipc   s1, 0xc
core   0: 3 0x80004994 (0x0000c497) x 9 0x80010994
core   0: 0x80004998 (0xbd948493) addi    s1, s1, -1063
core   0: 3 0x80004998 (0xbd948493) x 9 0x8001056d
core   0: 0x8000499c (0x0001b217) auipc   tp, 0x1b
core   0: 3 0x8000499c (0x0001b217) x 4 0x8001f99c
core   0: 0x800049a0 (0xff120213) addi    tp, tp, -15
core   0: 3 0x800049a0 (0xff120213) x 4 0x8001f98d
core   0: 0x800049a4 (0xfe448003) lb      zero, -28(s1)
core   0: 3 0x800049a4 (0xfe448003) mem 0x80010551
core   0: 0x800049a8 (0x00620d83) lb      s11, 6(tp)
core   0: 3 0x800049a8 (0x00620d83) x27 0x00000048 mem 0x8001f993
core   0: 0x800049ac (0xf5149083) lh      ra, -175(s1)
core   0: 3 0x800049ac (0xf5149083) x 1 0x0000002a mem 0x800104be
core   0: 0x800049b0 (0xfe8209a3) sb      s0, -13(tp)
core   0: 3 0x800049b0 (0xfe8209a3) mem 0x8001f980 0x1
core   0: 0x800049b4 (0xff520703) lb      a4, -11(tp)
core   0: 3 0x800049b4 (0xff520703) x14 0x00000039 mem 0x8001f982
core   0: 0x800049b8 (0xfd54d403) lhu     s0, -43(s1)
core   0: 3 0x800049b8 (0xfd54d403) x 8 0x0000f8f9 mem 0x80010542
core   0: 0x800049bc (0xff224d83) lbu     s11, -14(tp)
core   0: 3 0x800049bc (0xff224d83) x27 0x00000034 mem 0x8001f97f
core   0: 0x800049c0 (0xff324a83) lbu     s5, -13(tp)
core   0: 3 0x800049c0 (0xff324a83) x21 0x00000001 mem 0x8001f980
core   0: 0x800049c4 (0x0b64c003) lbu     zero, 182(s1)
core   0: 3 0x800049c4 (0x0b64c003) mem 0x80010623
core   0: 0x800049c8 (0x00521183) lh      gp, 5(tp)
core   0: 3 0x800049c8 (0x00521183) x 3 0x00004849 mem 0x8001f992
core   0: 0x800049cc (0xff020aa3) sb      a6, -11(tp)
core   0: 3 0x800049cc (0xff020aa3) mem 0x8001f982 0x5
core   0: 0x800049d0 (0x048485a3) sb      s0, 75(s1)
core   0: 3 0x800049d0 (0x048485a3) mem 0x800105b8 0xf9
core   0: 0x800049d4 (0xffb21a83) lh      s5, -5(tp)
core   0: 3 0x800049d4 (0xffb21a83) x21 0x00004243 mem 0x8001f988
core   0: 0x800049d8 (0x00f24403) lbu     s0, 15(tp)
core   0: 3 0x800049d8 (0x00f24403) x 8 0x00000057 mem 0x8001f99c
core   0: 0x800049dc (0xf1e48803) lb      a6, -226(s1)
core   0: 3 0x800049dc (0xf1e48803) x16 0x00000040 mem 0x8001048b
core   0: 0x800049e0 (0x00000793) li      a5, 0
core   0: 3 0x800049e0 (0x00000793) x15 0x00000000
core   0: 0x800049e4 (0x00008c29) c.xor   s0, a0
core   0: 3 0x800049e4 (0x8c29) x 8 0x0000005a
core   0: 0x800049e6 (0xfff00b13) li      s6, -1
core   0: 3 0x800049e6 (0xfff00b13) x22 0xffffffff
core   0: 0x800049ea (0x41e0dfb3) sra     t6, ra, t5
core   0: 3 0x800049ea (0x41e0dfb3) x31 0x00000000
core   0: 0x800049ee (0x00001004) c.addi4spn s1, sp, 32
core   0: 3 0x800049ee (0x1004) x 9 0x00000020
core   0: 0x800049f0 (0x00001204) c.addi4spn s1, sp, 288
core   0: 3 0x800049f0 (0x1204) x 9 0x00000120
core   0: 0x800049f2 (0xc0bfe697) auipc   a3, 0xc0bfe
core   0: 3 0x800049f2 (0xc0bfe697) x13 0x40c029f2
core   0: 0x800049f6 (0x000017d9) c.addi  a5, -10
core   0: 3 0x800049f6 (0x17d9) x15 0xfffffff6
core   0: 0x800049f8 (0x2e4ef217) auipc   tp, 0x2e4ef
core   0: 3 0x800049f8 (0x2e4ef217) x 4 0xae4f39f8
core   0: 0x800049fc (0x16da0f93) addi    t6, s4, 365
core   0: 3 0x800049fc (0x16da0f93) x31 0x8001e4a8
core   0: 0x80004a00 (0x00400d93) li      s11, 4
core   0: 3 0x80004a00 (0x00400d93) x27 0x00000004
core   0: 0x80004a04 (0x00e00813) li      a6, 14
core   0: 3 0x80004a04 (0x00e00813) x16 0x0000000e
core   0: 0x80004a08 (0x84788613) addi    a2, a7, -1977
core   0: 3 0x80004a08 (0x84788613) x12 0x800256ab
core   0: 0x80004a0c (0x00006a4d) c.lui   s4, 0x13
core   0: 3 0x80004a0c (0x6a4d) x20 0x00013000
core   0: 0x80004a0e (0x00000d91) c.addi  s11, 4
core   0: 3 0x80004a0e (0x0d91) x27 0x00000008
core   0: 0x80004a10 (0x020f5d33) divu    s10, t5, zero
core   0: 3 0x80004a10 (0x020f5d33) x26 0xffffffff
core   0: 0x80004a14 (0xff0dcce3) blt     s11, a6, pc - 8
core   0: 3 0x80004a14 (0xff0dcce3)
core   0: 0x80004a0c (0x00006a4d) c.lui   s4, 0x13
core   0: 3 0x80004a0c (0x6a4d) x20 0x00013000
core   0: 0x80004a0e (0x00000d91) c.addi  s11, 4
core   0: 3 0x80004a0e (0x0d91) x27 0x0000000c
core   0: 0x80004a10 (0x020f5d33) divu    s10, t5, zero
core   0: 3 0x80004a10 (0x020f5d33) x26 0xffffffff
core   0: 0x80004a14 (0xff0dcce3) blt     s11, a6, pc - 8
core   0: 3 0x80004a14 (0xff0dcce3)
core   0: 0x80004a0c (0x00006a4d) c.lui   s4, 0x13
core   0: 3 0x80004a0c (0x6a4d) x20 0x00013000
core   0: 0x80004a0e (0x00000d91) c.addi  s11, 4
core   0: 3 0x80004a0e (0x0d91) x27 0x00000010
core   0: 0x80004a10 (0x020f5d33) divu    s10, t5, zero
core   0: 3 0x80004a10 (0x020f5d33) x26 0xffffffff
core   0: 0x80004a14 (0xff0dcce3) blt     s11, a6, pc - 8
core   0: 3 0x80004a14 (0xff0dcce3)
core   0: 0x80004a18 (0x0000717d) c.addi16sp sp, -16
core   0: 3 0x80004a18 (0x717d) x 2 0xfffffff0
core   0: 0x80004a1a (0xfd67dae3) bge     a5, s6, pc - 44
core   0: 3 0x80004a1a (0xfd67dae3)
core   0: 0x80004a1e (0x9fa5f713) andi    a4, a1, -1542
core   0: 3 0x80004a1e (0x9fa5f713) x14 0x80031870
core   0: 0x80004a22 (0x00e0066f) jal     a2, pc + 0xe
core   0: 3 0x80004a22 (0x00e0066f) x12 0x80004a26
core   0: 0x80004a30 (0x0000a809) c.j     pc + 18
core   0: 3 0x80004a30 (0xa809)
core   0: 0x80004a42 (0xfe5ff36f) jal     t1, pc - 0x1c
core   0: 3 0x80004a42 (0xfe5ff36f) x 6 0x80004a46
core   0: 0x80004a26 (0x0000a039) c.j     pc + 14
core   0: 3 0x80004a26 (0xa039)
core   0: 0x80004a34 (0x006000ef) jal     pc + 0x6
core   0: 3 0x80004a34 (0x006000ef) x 1 0x80004a38
core   0: 0x80004a3a (0xff9ff0ef) jal     pc - 0x8
core   0: 3 0x80004a3a (0xff9ff0ef) x 1 0x80004a3e
core   0: 0x80004a32 (0x0000bfdd) c.j     pc - 10
core   0: 3 0x80004a32 (0xbfdd)
core   0: 0x80004a28 (0x016002ef) jal     t0, pc + 0x16
core   0: 3 0x80004a28 (0x016002ef) x 5 0x80004a2c
core   0: 0x80004a3e (0xffbff0ef) jal     pc - 0x6
core   0: 3 0x80004a3e (0xffbff0ef) x 1 0x80004a42
core   0: 0x80004a38 (0x0000bfd5) c.j     pc - 12
core   0: 3 0x80004a38 (0xbfd5)
core   0: 0x80004a2c (0x01a000ef) jal     pc + 0x1a
core   0: 3 0x80004a2c (0x01a000ef) x 1 0x80004a30
core   0: 0x80004a46 (0x3081b193) sltiu   gp, gp, 776
core   0: 3 0x80004a46 (0x3081b193) x 3 0x00000000
core   0: 0x80004a4a (0x0001a297) auipc   t0, 0x1a
core   0: 3 0x80004a4a (0x0001a297) x 5 0x8001ea4a
core   0: 0x80004a4e (0x09c28293) addi    t0, t0, 156
core   0: 3 0x80004a4e (0x09c28293) x 5 0x8001eae6
core   0: 0x80004a52 (0x00014b97) auipc   s7, 0x14
core   0: 3 0x80004a52 (0x00014b97) x23 0x80018a52
core   0: 0x80004a56 (0xaefb8b93) addi    s7, s7, -1297
core   0: 3 0x80004a56 (0xaefb8b93) x23 0x80018541
core   0: 0x80004a5a (0x0000ea97) auipc   s5, 0xe
core   0: 3 0x80004a5a (0x0000ea97) x21 0x80012a5a
core   0: 0x80004a5e (0x375a8a93) addi    s5, s5, 885
core   0: 3 0x80004a5e (0x375a8a93) x21 0x80012dcf
core   0: 0x80004a62 (0x798b8783) lb      a5, 1944(s7)
core   0: 3 0x80004a62 (0x798b8783) x15 0xffffff92 mem 0x80018cd9
core   0: 0x80004a66 (0x00015697) auipc   a3, 0x15
core   0: 3 0x80004a66 (0x00015697) x13 0x80019a66
core   0: 0x80004a6a (0x63f68693) addi    a3, a3, 1599
core   0: 3 0x80004a6a (0x63f68693) x13 0x8001a0a5
core   0: 0x80004a6e (0x00b6d783) lhu     a5, 11(a3)
core   0: 3 0x80004a6e (0x00b6d783) x15 0x00006a6b mem 0x8001a0b0
core   0: 0x80004a72 (0xff769e83) lh      t4, -9(a3)
core   0: 3 0x80004a72 (0xff769e83) x29 0x00005657 mem 0x8001a09c
core   0: 0x80004a76 (0x123ba603) lw      a2, 291(s7)
core   0: 3 0x80004a76 (0x123ba603) x12 0x1c1d1e1f mem 0x80018664
core   0: 0x80004a7a (0x9abbc303) lbu     t1, -1621(s7)
core   0: 3 0x80004a7a (0x9abbc303) x 6 0x000000a7 mem 0x80017eec
core   0: 0x80004a7e (0xfe72c783) lbu     a5, -25(t0)
core   0: 3 0x80004a7e (0xfe72c783) x15 0x00000086 mem 0x8001eacd
core   0: 0x80004a82 (0x01068f83) lb      t6, 16(a3)
core   0: 3 0x80004a82 (0x01068f83) x31 0x0000006e mem 0x8001a0b5
core   0: 0x80004a86 (0x0046ca03) lbu     s4, 4(a3)
core   0: 3 0x80004a86 (0x0046ca03) x20 0x00000062 mem 0x8001a0a9
core   0: 0x80004a8a (0xb4fb8603) lb      a2, -1201(s7)
core   0: 3 0x80004a8a (0xb4fb8603) x12 0x0000004b mem 0x80018090
core   0: 0x80004a8e (0x0392c083) lbu     ra, 57(t0)
core   0: 3 0x80004a8e (0x0392c083) x 1 0x000000d4 mem 0x8001eb1f
core   0: 0x80004a92 (0xf09aa303) lw      t1, -247(s5)
core   0: 3 0x80004a92 (0xf09aa303) x 6 0x90919293 mem 0x80012cd8
core   0: 0x80004a96 (0xf39aad83) lw      s11, -199(s5)
core   0: 3 0x80004a96 (0xf39aad83) x27 0xc0c1c2c3 mem 0x80012d08
core   0: 0x80004a9a (0x0122c203) lbu     tp, 18(t0)
core   0: 3 0x80004a9a (0x0122c203) x 4 0x000000b3 mem 0x8001eaf8
core   0: 0x80004a9e (0x04bac783) lbu     a5, 75(s5)
core   0: 3 0x80004a9e (0x04bac783) x15 0x000000d1 mem 0x80012e1a
core   0: 0x80004aa2 (0x4d0b8b03) lb      s6, 1232(s7)
core   0: 3 0x80004aa2 (0x4d0b8b03) x22 0xffffffca mem 0x80018a11
core   0: 0x80004aa6 (0xff669da3) sh      s6, -5(a3)
core   0: 3 0x80004aa6 (0xff669da3) mem 0x8001a0a0 0xffca
core   0: 0x80004aaa (0xffeacf83) lbu     t6, -2(s5)
core   0: 3 0x80004aaa (0xffeacf83) x31 0x00000086 mem 0x80012dcd
core   0: 0x80004aae (0xff86ce83) lbu     t4, -8(a3)
core   0: 3 0x80004aae (0xff86ce83) x29 0x00000056 mem 0x8001a09d
core   0: 0x80004ab2 (0x743bcd83) lbu     s11, 1859(s7)
core   0: 3 0x80004ab2 (0x743bcd83) x27 0x0000003f mem 0x80018c84
core   0: 0x80004ab6 (0x03728483) lb      s1, 55(t0)
core   0: 3 0x80004ab6 (0x03728483) x 9 0xffffffd6 mem 0x8001eb1d
core   0: 0x80004aba (0x060baba3) sw      zero, 119(s7)
core   0: 3 0x80004aba (0x060baba3) mem 0x800185b8 0x00000000
core   0: 0x80004abe (0xf6facd03) lbu     s10, -145(s5)
core   0: 3 0x80004abe (0xf6facd03) x26 0x000000f5 mem 0x80012d3e
core   0: 0x80004ac2 (0xc9cb8e23) sb      t3, -868(s7)
core   0: 3 0x80004ac2 (0xc9cb8e23) mem 0x800181dd 0x4d
core   0: 0x80004ac6 (0xfe1a8923) sb      ra, -14(s5)
core   0: 3 0x80004ac6 (0xfe1a8923) mem 0x80012dc1 0xd4
core   0: 0x80004aca (0x02628103) lb      sp, 38(t0)
core   0: 3 0x80004aca (0x02628103) x 2 0xffffffc7 mem 0x8001eb0c
core   0: 0x80004ace (0x2a2bc783) lbu     a5, 674(s7)
core   0: 3 0x80004ace (0x2a2bc783) x15 0x00000098 mem 0x800187e3
core   0: 0x80004ad2 (0x0d4bc603) lbu     a2, 212(s7)
core   0: 3 0x80004ad2 (0x0d4bc603) x12 0x000000ce mem 0x80018615
core   0: 0x80004ad6 (0x0160066f) jal     a2, pc + 0x16
core   0: 3 0x80004ad6 (0x0160066f) x12 0x80004ada
core   0: 0x80004aec (0x00002801) c.jal   pc + 16
core   0: 3 0x80004aec (0x2801) x 1 0x80004aee
core   0: 0x80004afc (0x00003fed) c.jal   pc - 6
core   0: 3 0x80004afc (0x3fed) x 1 0x80004afe
core   0: 0x80004af6 (0x0080046f) jal     s0, pc + 0x8
core   0: 3 0x80004af6 (0x0080046f) x 8 0x80004afa
core   0: 0x80004afe (0x000037e5) c.jal   pc - 24
core   0: 3 0x80004afe (0x37e5) x 1 0x80004b00
core   0: 0x80004ae6 (0x004000ef) jal     pc + 0x4
core   0: 3 0x80004ae6 (0x004000ef) x 1 0x80004aea
core   0: 0x80004aea (0x00002801) c.jal   pc + 16
core   0: 3 0x80004aea (0x2801) x 1 0x80004aec
core   0: 0x80004afa (0x000037ed) c.jal   pc - 22
core   0: 3 0x80004afa (0x37ed) x 1 0x80004afc
core   0: 0x80004ae4 (0x0000bfed) c.j     pc - 6
core   0: 3 0x80004ae4 (0xbfed)
core   0: 0x80004ade (0x00002811) c.jal   pc + 20
core   0: 3 0x80004ade (0x2811) x 1 0x80004ae0
core   0: 0x80004af2 (0xfefff36f) jal     t1, pc - 0x12
core   0: 3 0x80004af2 (0xfefff36f) x 6 0x80004af6
core   0: 0x80004ae0 (0x010000ef) jal     pc + 0x10
core   0: 3 0x80004ae0 (0x010000ef) x 1 0x80004ae4
core   0: 0x80004af0 (0x0000b7ed) c.j     pc - 22
core   0: 3 0x80004af0 (0xb7ed)
core   0: 0x80004ada (0x0000a009) c.j     pc + 2
core   0: 3 0x80004ada (0xa009)
core   0: 0x80004adc (0x0000a809) c.j     pc + 18
core   0: 3 0x80004adc (0xa809)
core   0: 0x80004aee (0x0000a809) c.j     pc + 18
core   0: 3 0x80004aee (0xa809)
core   0: 0x80004b00 (0x00008fed) c.and   a5, a1
core   0: 3 0x80004b00 (0x8fed) x15 0x00000010
core   0: 0x80004b02 (0xfff00693) li      a3, -1
core   0: 3 0x80004b02 (0xfff00693) x13 0xffffffff
core   0: 0x80004b06 (0x69887093) andi    ra, a6, 1688
core   0: 3 0x80004b06 (0x69887093) x 1 0x00000008
core   0: 0x80004b0a (0x00008b5e) c.mv    s6, s7
core   0: 3 0x80004b0a (0x8b5e) x22 0x80018541
core   0: 0x80004b0c (0x00a79a93) slli    s5, a5, 10
core   0: 3 0x80004b0c (0x00a79a93) x21 0x00004000
core   0: 0x80004b10 (0x017b8133) add     sp, s7, s7
core   0: 3 0x80004b10 (0x017b8133) x 2 0x00030a82
core   0: 0x80004b14 (0x000087d6) c.mv    a5, s5
core   0: 3 0x80004b14 (0x87d6) x15 0x00004000
core   0: 0x80004b16 (0x00000172) c.slli  sp, 28
core   0: 3 0x80004b16 (0x0172) x 2 0x20000000
core   0: 0x80004b18 (0x419ddeb3) sra     t4, s11, s9
core   0: 3 0x80004b18 (0x419ddeb3) x29 0x00000003
core   0: 0x80004b1c (0x033870b3) remu    ra, a6, s3
core   0: 3 0x80004b1c (0x033870b3) x 1 0x0000000e
core   0: 0x80004b20 (0x01809d33) sll     s10, ra, s8
core   0: 3 0x80004b20 (0x01809d33) x26 0x00000000
core   0: 0x80004b24 (0xfee00213) li      tp, -18
core   0: 3 0x80004b24 (0xfee00213) x 4 0xffffffee
core   0: 0x80004b28 (0x00008fc5) c.or    a5, s1
core   0: 3 0x80004b28 (0x8fc5) x15 0xffffffd6
core   0: 0x80004b2a (0x00000001) c.nop
core   0: 3 0x80004b2a (0x0001)
core   0: 0x80004b2c (0x02dc3d33) mulhu   s10, s8, a3
core   0: 3 0x80004b2c (0x02dc3d33) x26 0x000000fe
core   0: 0x80004b30 (0x00005bfd) c.li    s7, -1
core   0: 3 0x80004b30 (0x5bfd) x23 0xffffffff
core   0: 0x80004b32 (0x039eb033) mulhu   zero, t4, s9
core   0: 3 0x80004b32 (0x039eb033)
core   0: 0x80004b36 (0x000016f5) c.addi  a3, -3
core   0: 3 0x80004b36 (0x16f5) x13 0xfffffffc
core   0: 0x80004b38 (0x000080f6) c.mv    ra, t4
core   0: 3 0x80004b38 (0x80f6) x 1 0x00000003
core   0: 0x80004b3a (0x0148fb33) and     s6, a7, s4
core   0: 3 0x80004b3a (0x0148fb33) x22 0x00000060
core   0: 0x80004b3e (0xfe46d7e3) bge     a3, tp, pc - 18
core   0: 3 0x80004b3e (0xfe46d7e3)
core   0: 0x80004b2c (0x02dc3d33) mulhu   s10, s8, a3
core   0: 3 0x80004b2c (0x02dc3d33) x26 0x000000fe
core   0: 0x80004b30 (0x00005bfd) c.li    s7, -1
core   0: 3 0x80004b30 (0x5bfd) x23 0xffffffff
core   0: 0x80004b32 (0x039eb033) mulhu   zero, t4, s9
core   0: 3 0x80004b32 (0x039eb033)
core   0: 0x80004b36 (0x000016f5) c.addi  a3, -3
core   0: 3 0x80004b36 (0x16f5) x13 0xfffffff9
core   0: 0x80004b38 (0x000080f6) c.mv    ra, t4
core   0: 3 0x80004b38 (0x80f6) x 1 0x00000003
core   0: 0x80004b3a (0x0148fb33) and     s6, a7, s4
core   0: 3 0x80004b3a (0x0148fb33) x22 0x00000060
core   0: 0x80004b3e (0xfe46d7e3) bge     a3, tp, pc - 18
core   0: 3 0x80004b3e (0xfe46d7e3)
core   0: 0x80004b2c (0x02dc3d33) mulhu   s10, s8, a3
core   0: 3 0x80004b2c (0x02dc3d33) x26 0x000000fe
core   0: 0x80004b30 (0x00005bfd) c.li    s7, -1
core   0: 3 0x80004b30 (0x5bfd) x23 0xffffffff
core   0: 0x80004b32 (0x039eb033) mulhu   zero, t4, s9
core   0: 3 0x80004b32 (0x039eb033)
core   0: 0x80004b36 (0x000016f5) c.addi  a3, -3
core   0: 3 0x80004b36 (0x16f5) x13 0xfffffff6
core   0: 0x80004b38 (0x000080f6) c.mv    ra, t4
core   0: 3 0x80004b38 (0x80f6) x 1 0x00000003
core   0: 0x80004b3a (0x0148fb33) and     s6, a7, s4
core   0: 3 0x80004b3a (0x0148fb33) x22 0x00000060
core   0: 0x80004b3e (0xfe46d7e3) bge     a3, tp, pc - 18
core   0: 3 0x80004b3e (0xfe46d7e3)
core   0: 0x80004b2c (0x02dc3d33) mulhu   s10, s8, a3
core   0: 3 0x80004b2c (0x02dc3d33) x26 0x000000fe
core   0: 0x80004b30 (0x00005bfd) c.li    s7, -1
core   0: 3 0x80004b30 (0x5bfd) x23 0xffffffff
core   0: 0x80004b32 (0x039eb033) mulhu   zero, t4, s9
core   0: 3 0x80004b32 (0x039eb033)
core   0: 0x80004b36 (0x000016f5) c.addi  a3, -3
core   0: 3 0x80004b36 (0x16f5) x13 0xfffffff3
core   0: 0x80004b38 (0x000080f6) c.mv    ra, t4
core   0: 3 0x80004b38 (0x80f6) x 1 0x00000003
core   0: 0x80004b3a (0x0148fb33) and     s6, a7, s4
core   0: 3 0x80004b3a (0x0148fb33) x22 0x00000060
core   0: 0x80004b3e (0xfe46d7e3) bge     a3, tp, pc - 18
core   0: 3 0x80004b3e (0xfe46d7e3)
core   0: 0x80004b2c (0x02dc3d33) mulhu   s10, s8, a3
core   0: 3 0x80004b2c (0x02dc3d33) x26 0x000000fe
core   0: 0x80004b30 (0x00005bfd) c.li    s7, -1
core   0: 3 0x80004b30 (0x5bfd) x23 0xffffffff
core   0: 0x80004b32 (0x039eb033) mulhu   zero, t4, s9
core   0: 3 0x80004b32 (0x039eb033)
core   0: 0x80004b36 (0x000016f5) c.addi  a3, -3
core   0: 3 0x80004b36 (0x16f5) x13 0xfffffff0
core   0: 0x80004b38 (0x000080f6) c.mv    ra, t4
core   0: 3 0x80004b38 (0x80f6) x 1 0x00000003
core   0: 0x80004b3a (0x0148fb33) and     s6, a7, s4
core   0: 3 0x80004b3a (0x0148fb33) x22 0x00000060
core   0: 0x80004b3e (0xfe46d7e3) bge     a3, tp, pc - 18
core   0: 3 0x80004b3e (0xfe46d7e3)
core   0: 0x80004b2c (0x02dc3d33) mulhu   s10, s8, a3
core   0: 3 0x80004b2c (0x02dc3d33) x26 0x000000fe
core   0: 0x80004b30 (0x00005bfd) c.li    s7, -1
core   0: 3 0x80004b30 (0x5bfd) x23 0xffffffff
core   0: 0x80004b32 (0x039eb033) mulhu   zero, t4, s9
core   0: 3 0x80004b32 (0x039eb033)
core   0: 0x80004b36 (0x000016f5) c.addi  a3, -3
core   0: 3 0x80004b36 (0x16f5) x13 0xffffffed
core   0: 0x80004b38 (0x000080f6) c.mv    ra, t4
core   0: 3 0x80004b38 (0x80f6) x 1 0x00000003
core   0: 0x80004b3a (0x0148fb33) and     s6, a7, s4
core   0: 3 0x80004b3a (0x0148fb33) x22 0x00000060
core   0: 0x80004b3e (0xfe46d7e3) bge     a3, tp, pc - 18
core   0: 3 0x80004b3e (0xfe46d7e3)
core   0: 0x80004b42 (0x41e88633) sub     a2, a7, t5
core   0: 3 0x80004b42 (0x41e88633) x12 0x0002121d
core   0: 0x80004b46 (0x41665133) sra     sp, a2, s6
core   0: 3 0x80004b46 (0x41665133) x 2 0x0002121d
core   0: 0x80004b4a (0x0000017e) c.slli  sp, 31
core   0: 3 0x80004b4a (0x017e) x 2 0x80000000
core   0: 0x80004b4c (0x01ae9133) sll     sp, t4, s10
core   0: 3 0x80004b4c (0x01ae9133) x 2 0xc0000000
core   0: 0x80004b50 (0x4550a813) slti    a6, ra, 1109
core   0: 3 0x80004b50 (0x4550a813) x16 0x00000001
core   0: 0x80004b54 (0xfc00e813) ori     a6, ra, -64
core   0: 3 0x80004b54 (0xfc00e813) x16 0xffffffc3
core   0: 0x80004b58 (0x00008eed) c.and   a3, a1
core   0: 3 0x80004b58 (0x8eed) x13 0x80031c65
core   0: 0x80004b5a (0x02581e63) bne     a6, t0, pc + 60
core   0: 3 0x80004b5a (0x02581e63)
core   0: 0x80004b96 (0x00e18f33) add     t5, gp, a4
core   0: 3 0x80004b96 (0x00e18f33) x30 0x80031870
core   0: 0x80004b9a (0x0000ef9d) c.bnez  a5, pc + 62
core   0: 3 0x80004b9a (0xef9d)
core   0: 0x80004bd8 (0x03b2c7b3) div     a5, t0, s11
core   0: 3 0x80004bd8 (0x03b2c7b3) x15 0xfdf7e749
core   0: 0x80004bdc (0x039bc763) blt     s7, s9, pc + 46
core   0: 3 0x80004bdc (0x039bc763)
core   0: 0x80004be0 (0x00006ef5) c.lui   t4, 0x1d
core   0: 3 0x80004be0 (0x6ef5) x29 0x0001d000
core   0: 0x80004be2 (0x40d55e33) sra     t3, a0, a3
core   0: 3 0x80004be2 (0x40d55e33) x28 0x00000000
core   0: 0x80004be6 (0x072e3b93) sltiu   s7, t3, 114
core   0: 3 0x80004be6 (0x072e3b93) x23 0x00000001
core   0: 0x80004bea (0x0213e863) bltu    t2, ra, pc + 48
core   0: 3 0x80004bea (0x0213e863)
core   0: 0x80004bee (0x00009aee) c.add   s5, s11
core   0: 3 0x80004bee (0x9aee) x21 0x0000403f
core   0: 0x80004bf0 (0x02d91733) mulh    a4, s2, a3
core   0: 3 0x80004bf0 (0x02d91733) x14 0x00000031
core   0: 0x80004bf4 (0x03a73fb3) mulhu   t6, a4, s10
core   0: 3 0x80004bf4 (0x03a73fb3) x31 0x00000000
core   0: 0x80004bf8 (0x00008c51) c.or    s0, a2
core   0: 3 0x80004bf8 (0x8c51) x 8 0x80025aff
core   0: 0x80004bfa (0x000066c1) c.lui   a3, 0x10
core   0: 3 0x80004bfa (0x66c1) x13 0x00010000
core   0: 0x80004bfc (0x0363db33) divu    s6, t2, s6
core   0: 3 0x80004bfc (0x0363db33) x22 0x02aaa9dc
core   0: 0x80004c00 (0x0241b2b3) mulhu   t0, gp, tp
core   0: 3 0x80004c00 (0x0241b2b3) x 5 0x00000000
core   0: 0x80004c04 (0x000052fd) c.li    t0, -1
core   0: 3 0x80004c04 (0x52fd) x 5 0xffffffff
core   0: 0x80004c06 (0x00008665) c.srai  a2, 25
core   0: 3 0x80004c06 (0x8665) x12 0x00000000
core   0: 0x80004c08 (0x00000001) c.nop
core   0: 3 0x80004c08 (0x0001)
core   0: 0x80004c0a (0x017e3833) sltu    a6, t3, s7
core   0: 3 0x80004c0a (0x017e3833) x16 0x00000001
core   0: 0x80004c0e (0x00008f75) c.and   a4, a3
core   0: 3 0x80004c0e (0x8f75) x14 0x00000000
core   0: 0x80004c10 (0x0ff0000f) fence   iorw,iorw
core   0: 3 0x80004c10 (0x0ff0000f)
core   0: 0x80004c14 (0x00008875) c.andi  s0, 29
core   0: 3 0x80004c14 (0x8875) x 8 0x0000001d
core   0: 0x80004c16 (0x0285c4b3) div     s1, a1, s0
core   0: 3 0x80004c16 (0x0285c4b3) x 9 0xfb962d1f
core   0: 0x80004c1a (0x00008dc1) c.or    a1, s0
core   0: 3 0x80004c1a (0x8dc1) x11 0x80031c7d
core   0: 0x80004c1c (0x00008652) c.mv    a2, s4
core   0: 3 0x80004c1c (0x8652) x12 0x00000062
core   0: 0x80004c1e (0x03c245b3) div     a1, tp, t3
core   0: 3 0x80004c1e (0x03c245b3) x11 0xffffffff
core   0: 0x80004c22 (0x0048b833) sltu    a6, a7, tp
core   0: 3 0x80004c22 (0x0048b833) x16 0x00000001
core   0: 0x80004c26 (0x000084c1) c.srai  s1, 16
core   0: 3 0x80004c26 (0x84c1) x 9 0xfffffb96
core   0: 0x80004c28 (0x0000587d) c.li    a6, -1
core   0: 3 0x80004c28 (0x587d) x16 0xffffffff
core   0: 0x80004c2a (0x03e39963) bne     t2, t5, pc + 50
core   0: 3 0x80004c2a (0x03e39963)
core   0: 0x80004c5c (0xee6db817) auipc   a6, 0xee6db
core   0: 3 0x80004c5c (0xee6db817) x16 0x6e6dfc5c
core   0: 0x80004c60 (0x0000e009) c.bnez  s0, pc + 2
core   0: 3 0x80004c60 (0xe009)
core   0: 0x80004c62 (0xb5e26013) ori     zero, tp, -1186
core   0: 3 0x80004c62 (0xb5e26013)
core   0: 0x80004c66 (0x000092d6) c.add   t0, s5
core   0: 3 0x80004c66 (0x92d6) x 5 0x0000403e
core   0: 0x80004c68 (0x85cbb093) sltiu   ra, s7, -1956
core   0: 3 0x80004c68 (0x85cbb093) x 1 0x00000001
core   0: 0x80004c6c (0x02cf8eb3) mul     t4, t6, a2
core   0: 3 0x80004c6c (0x02cf8eb3) x29 0x00000000
core   0: 0x80004c70 (0x00006419) c.lui   s0, 0x6
core   0: 3 0x80004c70 (0x6419) x 8 0x00006000
core   0: 0x80004c72 (0x00b74263) blt     a4, a1, pc + 4
core   0: 3 0x80004c72 (0x00b74263)
core   0: 0x80004c76 (0x41ec0d33) sub     s10, s8, t5
core   0: 3 0x80004c76 (0x41ec0d33) x26 0x7ffce88f
core   0: 0x80004c7a (0x0000e899) c.bnez  s1, pc + 22
core   0: 3 0x80004c7a (0xe899)
core   0: 0x80004c90 (0x0000c221) c.beqz  a2, pc + 64
core   0: 3 0x80004c90 (0xc221)
core   0: 0x80004c92 (0x035bdfb3) divu    t6, s7, s5
core   0: 3 0x80004c92 (0x035bdfb3) x31 0x00000000
core   0: 0x80004c96 (0x00f18463) beq     gp, a5, pc + 8
core   0: 3 0x80004c96 (0x00f18463)
core   0: 0x80004c9a (0x01c43633) sltu    a2, s0, t3
core   0: 3 0x80004c9a (0x01c43633) x12 0x00000000
core   0: 0x80004c9e (0x406a53b3) sra     t2, s4, t1
core   0: 3 0x80004c9e (0x406a53b3) x 7 0x00000000
core   0: 0x80004ca2 (0x000044fd) c.li    s1, 31
core   0: 3 0x80004ca2 (0x44fd) x 9 0x0000001f
core   0: 0x80004ca4 (0x021cc263) blt     s9, ra, pc + 36
core   0: 3 0x80004ca4 (0x021cc263)
core   0: 0x80004cc8 (0x40030933) sub     s2, t1, zero
core   0: 3 0x80004cc8 (0x40030933) x18 0x80004af6
core   0: 0x80004ccc (0x03dd7033) remu    zero, s10, t4
core   0: 3 0x80004ccc (0x03dd7033)
core   0: 0x80004cd0 (0x0000547d) c.li    s0, -1
core   0: 3 0x80004cd0 (0x547d) x 8 0xffffffff
core   0: 0x80004cd2 (0x03922c33) mulhsu  s8, tp, s9
core   0: 3 0x80004cd2 (0x03922c33) x24 0xfffffff6
core   0: 0x80004cd6 (0x00008c59) c.or    s0, a4
core   0: 3 0x80004cd6 (0x8c59) x 8 0xffffffff
core   0: 0x80004cd8 (0x4127dd93) srai    s11, a5, 18
core   0: 3 0x80004cd8 (0x4127dd93) x27 0xffffff7d
core   0: 0x80004cdc (0x0000717d) c.addi16sp sp, -16
core   0: 3 0x80004cdc (0x717d) x 2 0xbffffff0
core   0: 0x80004cde (0x03a4ba33) mulhu   s4, s1, s10
core   0: 3 0x80004cde (0x03a4ba33) x20 0x0000000f
core   0: 0x80004ce2 (0x00009972) c.add   s2, t3
core   0: 3 0x80004ce2 (0x9972) x18 0x80004af6
core   0: 0x80004ce4 (0x00009a0e) c.add   s4, gp
core   0: 3 0x80004ce4 (0x9a0e) x20 0x0000000f
core   0: 0x80004ce6 (0x010e3e33) sltu    t3, t3, a6
core   0: 3 0x80004ce6 (0x010e3e33) x28 0x00000001
core   0: 0x80004cea (0x4114ce93) xori    t4, s1, 1041
core   0: 3 0x80004cea (0x4114ce93) x29 0x0000040e
core   0: 0x80004cee (0x00000001) c.nop
core   0: 3 0x80004cee (0x0001)
core   0: 0x80004cf0 (0x0000171c) c.addi4spn a5, sp, 928
core   0: 3 0x80004cf0 (0x171c) x15 0xc0000390
core   0: 0x80004cf2 (0x0000860d) c.srai  a2, 3
core   0: 3 0x80004cf2 (0x860d) x12 0x00000000
core   0: 0x80004cf4 (0x00009a7d) c.andi  a2, -1
core   0: 3 0x80004cf4 (0x9a7d) x12 0x00000000
core   0: 0x80004cf6 (0x410c01b3) sub     gp, s8, a6
core   0: 3 0x80004cf6 (0x410c01b3) x 3 0x9192039a
core   0: 0x80004cfa (0x00008785) c.srai  a5, 1
core   0: 3 0x80004cfa (0x8785) x15 0xe00001c8
core   0: 0x80004cfc (0x517ce213) ori     tp, s9, 1303
core   0: 3 0x80004cfc (0x517ce213) x 4 0x80029df7
core   0: 0x80004d00 (0x619de813) ori     a6, s11, 1561
core   0: 3 0x80004d00 (0x619de813) x16 0xffffff7d
core   0: 0x80004d04 (0x000082e9) c.srli  a3, 26
core   0: 3 0x80004d04 (0x82e9) x13 0x00000000
core   0: 0x80004d06 (0x00009856) c.add   a6, s5
core   0: 3 0x80004d06 (0x9856) x16 0x00003fbc
core   0: 0x80004d08 (0x00c29c13) slli    s8, t0, 12
core   0: 3 0x80004d08 (0x00c29c13) x24 0x0403e000
core   0: 0x80004d0c (0x00008085) c.srli  s1, 1
core   0: 3 0x80004d0c (0x8085) x 9 0x0000000f
core   0: 0x80004d0e (0x00008f49) c.or    a4, a0
core   0: 3 0x80004d0e (0x8f49) x14 0x0000000d
core   0: 0x80004d10 (0x00008f9d) c.sub   a5, a5
core   0: 3 0x80004d10 (0x8f9d) x15 0x00000000
core   0: 0x80004d12 (0x0391b4b3) mulhu   s1, gp, s9
core   0: 3 0x80004d12 (0x0391b4b3) x 9 0x48ca7e27
core   0: 0x80004d16 (0x01fe9863) bne     t4, t6, pc + 16
core   0: 3 0x80004d16 (0x01fe9863)
core   0: 0x80004d26 (0x02c9df63) bge     s3, a2, pc + 62
core   0: 3 0x80004d26 (0x02c9df63)
core   0: 0x80004d64 (0x40d30f33) sub     t5, t1, a3
core   0: 3 0x80004d64 (0x40d30f33) x30 0x80004af6
core   0: 0x80004d68 (0x41daddb3) sra     s11, s5, t4
core   0: 3 0x80004d68 (0x41daddb3) x27 0x00000001
core   0: 0x80004d6c (0x0000e489) c.bnez  s1, pc + 10
core   0: 3 0x80004d6c (0xe489)
core   0: 0x80004d76 (0x87f1c693) xori    a3, gp, -1921
core   0: 3 0x80004d76 (0x87f1c693) x13 0x6e6dfbe5
core   0: 0x80004d7a (0x16f8ae13) slti    t3, a7, 367
core   0: 3 0x80004d7a (0x16f8ae13) x28 0x00000001
core   0: 0x80004d7e (0x71fa3c13) sltiu   s8, s4, 1823
core   0: 3 0x80004d7e (0x71fa3c13) x24 0x00000001
core   0: 0x80004d82 (0x0068e4b3) or      s1, a7, t1
core   0: 3 0x80004d82 (0x0068e4b3) x 9 0x80025ef6
core   0: 0x80004d86 (0x02a81c63) bne     a6, a0, pc + 56
core   0: 3 0x80004d86 (0x02a81c63)
core   0: 0x80004dbe (0x0000e89d) c.bnez  s1, pc + 54
core   0: 3 0x80004dbe (0xe89d)
core   0: 0x80004df4 (0x0000e309) c.bnez  a4, pc + 2
core   0: 3 0x80004df4 (0xe309)
core   0: 0x80004df6 (0x19abeb93) ori     s7, s7, 410
core   0: 3 0x80004df6 (0x19abeb93) x23 0x0000019b
core   0: 0x80004dfa (0x40728933) sub     s2, t0, t2
core   0: 3 0x80004dfa (0x40728933) x18 0x0000403e
core   0: 0x80004dfe (0x41b75293) srai    t0, a4, 27
core   0: 3 0x80004dfe (0x41b75293) x 5 0x00000000
core   0: 0x80004e02 (0x000001b9) c.addi  gp, 14
core   0: 3 0x80004e02 (0x01b9) x 3 0x919203a8
core   0: 0x80004e04 (0xb858da17) auipc   s4, 0xb858d
core   0: 3 0x80004e04 (0xb858da17) x20 0x38591e04
core   0: 0x80004e08 (0x00008f9d) c.sub   a5, a5
core   0: 3 0x80004e08 (0x8f9d) x15 0x00000000
core   0: 0x80004e0a (0x00efc4b3) xor     s1, t6, a4
core   0: 3 0x80004e0a (0x00efc4b3) x 9 0x0000000d
core   0: 0x80004e0e (0x0ff0000f) fence   iorw,iorw
core   0: 3 0x80004e0e (0x0ff0000f)
core   0: 0x80004e12 (0x00c35263) bge     t1, a2, pc + 4
core   0: 3 0x80004e12 (0x00c35263)
core   0: 0x80004e16 (0x4552dd17) auipc   s10, 0x4552d
core   0: 3 0x80004e16 (0x4552dd17) x26 0xc5531e16
core   0: 0x80004e1a (0xce1a0493) addi    s1, s4, -799
core   0: 3 0x80004e1a (0xce1a0493) x 9 0x38591ae5
core   0: 0x80004e1e (0x032fa6b3) mulhsu  a3, t6, s2
core   0: 3 0x80004e1e (0x032fa6b3) x13 0x00000000
core   0: 0x80004e22 (0x00c376b3) and     a3, t1, a2
core   0: 3 0x80004e22 (0x00c376b3) x13 0x00000000
core   0: 0x80004e26 (0x00408eb3) add     t4, ra, tp
core   0: 3 0x80004e26 (0x00408eb3) x29 0x80029df8
core   0: 0x80004e2a (0x00008e7d) c.and   a2, a5
core   0: 3 0x80004e2a (0x8e7d) x12 0x00000000
core   0: 0x80004e2c (0x0000c411) c.beqz  s0, pc + 12
core   0: 3 0x80004e2c (0xc411)
core   0: 0x80004e2e (0x016badb3) slt     s11, s7, s6
core   0: 3 0x80004e2e (0x016badb3) x27 0x00000001
core   0: 0x80004e32 (0x0000ca09) c.beqz  a2, pc + 18
core   0: 3 0x80004e32 (0xca09)
core   0: 0x80004e44 (0x03b5e563) bltu    a1, s11, pc + 42
core   0: 3 0x80004e44 (0x03b5e563)
core   0: 0x80004e48 (0x0ff0000f) fence   iorw,iorw
core   0: 3 0x80004e48 (0x0ff0000f)
core   0: 0x80004e4c (0x01c55093) srli    ra, a0, 28
core   0: 3 0x80004e4c (0x01c55093) x 1 0x00000000
core   0: 0x80004e50 (0x027bce33) div     t3, s7, t2
core   0: 3 0x80004e50 (0x027bce33) x28 0xffffffff
core   0: 0x80004e54 (0x02062833) mulhsu  a6, a2, zero
core   0: 3 0x80004e54 (0x02062833) x16 0x00000000
core   0: 0x80004e58 (0x01d75f63) bge     a4, t4, pc + 30
core   0: 3 0x80004e58 (0x01d75f63)
core   0: 0x80004e76 (0x1d919c37) lui     s8, 0x1d919
core   0: 3 0x80004e76 (0x1d919c37) x24 0x1d919000
core   0: 0x80004e7a (0x0000100f) fence.i
core   0: 3 0x80004e7a (0x0000100f)
core   0: 0x80004e7e (0x0d2b6a63) bltu    s6, s2, pc + 212
core   0: 3 0x80004e7e (0x0d2b6a63)
core   0: 0x80004e82 (0x0000141c) c.addi4spn a5, sp, 544
core   0: 3 0x80004e82 (0x141c) x15 0xc0000210
core   0: 0x80004e84 (0x407902b3) sub     t0, s2, t2
core   0: 3 0x80004e84 (0x407902b3) x 5 0x0000403e
core   0: 0x80004e88 (0x416e4a93) xori    s5, t3, 1046
core   0: 3 0x80004e88 (0x416e4a93) x21 0xfffffbe9
core   0: 0x80004e8c (0x000096aa) c.add   a3, a0
core   0: 3 0x80004e8c (0x96aa) x13 0x0000000d
core   0: 0x80004e8e (0x00008359) c.srli  a4, 22
core   0: 3 0x80004e8e (0x8359) x14 0x00000000
core   0: 0x80004e90 (0x00017617) auipc   a2, 0x17
core   0: 3 0x80004e90 (0x00017617) x12 0x8001be90
core   0: 0x80004e94 (0x0ff60613) addi    a2, a2, 255
core   0: 3 0x80004e94 (0x0ff60613) x12 0x8001bf8f
core   0: 0x80004e98 (0xfe460d23) sb      tp, -6(a2)
core   0: 3 0x80004e98 (0xfe460d23) mem 0x8001bf89 0xf7
core   0: 0x80004e9c (0xff5618a3) sh      s5, -15(a2)
core   0: 3 0x80004e9c (0xff5618a3) mem 0x8001bf80 0xfbe9
core   0: 0x80004ea0 (0x000af233) and     tp, s5, zero
core   0: 3 0x80004ea0 (0x000af233) x 4 0x00000000
core   0: 0x80004ea4 (0x00060323) sb      zero, 6(a2)
core   0: 3 0x80004ea4 (0x00060323) mem 0x8001bf95 0x0
core   0: 0x80004ea8 (0x00000a8e) c.slli  s5, 3
core   0: 3 0x80004ea8 (0x0a8e) x21 0xffffdf48
core   0: 0x80004eaa (0xff564483) lbu     s1, -11(a2)
core   0: 3 0x80004eaa (0xff564483) x 9 0x0000003f mem 0x8001bf84
core   0: 0x80004eae (0x009604a3) sb      s1, 9(a2)
core   0: 3 0x80004eae (0x009604a3) mem 0x8001bf98 0x3f
core   0: 0x80004eb2 (0x024054b3) divu    s1, zero, tp
core   0: 3 0x80004eb2 (0x024054b3) x 9 0xffffffff
core   0: 0x80004eb6 (0xfe460b23) sb      tp, -10(a2)
core   0: 3 0x80004eb6 (0xfe460b23) mem 0x8001bf85 0x0
core   0: 0x80004eba (0x00460423) sb      tp, 8(a2)
core   0: 3 0x80004eba (0x00460423) mem 0x8001bf97 0x0
core   0: 0x80004ebe (0x00561303) lh      t1, 5(a2)
core   0: 3 0x80004ebe (0x00561303) x 6 0x0000004f mem 0x8001bf94
core   0: 0x80004ec2 (0x01060483) lb      s1, 16(a2)
core   0: 3 0x80004ec2 (0x01060483) x 9 0x00000054 mem 0x8001bf9f
core   0: 0x80004ec6 (0x00860203) lb      tp, 8(a2)
core   0: 3 0x80004ec6 (0x00860203) x 4 0x00000000 mem 0x8001bf97
core   0: 0x80004eca (0xfee619a3) sh      a4, -13(a2)
core   0: 3 0x80004eca (0xfee619a3) mem 0x8001bf82 0x0000
core   0: 0x80004ece (0x00b64a83) lbu     s5, 11(a2)
core   0: 3 0x80004ece (0x00b64a83) x21 0x00000051 mem 0x8001bf9a
core   0: 0x80004ed2 (0x00e613a3) sh      a4, 7(a2)
core   0: 3 0x80004ed2 (0x00e613a3) mem 0x8001bf96 0x0000
core   0: 0x80004ed6 (0x00f65703) lhu     a4, 15(a2)
core   0: 3 0x80004ed6 (0x00f65703) x14 0x00005455 mem 0x8001bf9e
core   0: 0x80004eda (0xff565483) lhu     s1, -11(a2)
core   0: 3 0x80004eda (0xff565483) x 9 0x0000003f mem 0x8001bf84
core   0: 0x80004ede (0x00008cb9) c.xor   s1, a4
core   0: 3 0x80004ede (0x8cb9) x 9 0x0000546a
core   0: 0x80004ee0 (0xffb64483) lbu     s1, -5(a2)
core   0: 3 0x80004ee0 (0xffb64483) x 9 0x00000041 mem 0x8001bf8a
core   0: 0x80004ee4 (0x00660223) sb      t1, 4(a2)
core   0: 3 0x80004ee4 (0x00660223) mem 0x8001bf93 0x4f
core   0: 0x80004ee8 (0xc14ae313) ori     t1, s5, -1004
core   0: 3 0x80004ee8 (0xc14ae313) x 6 0xfffffc55
core   0: 0x80004eec (0xff264a83) lbu     s5, -14(a2)
core   0: 3 0x80004eec (0xff264a83) x21 0x000000fb mem 0x8001bf81
core   0: 0x80004ef0 (0x00575013) srli    zero, a4, 5
core   0: 3 0x80004ef0 (0x00575013)
core   0: 0x80004ef4 (0x00008b5d) c.andi  a4, 23
core   0: 3 0x80004ef4 (0x8b5d) x14 0x00000015
core   0: 0x80004ef6 (0x40670333) sub     t1, a4, t1
core   0: 3 0x80004ef6 (0x40670333) x 6 0x000003c0
core   0: 0x80004efa (0x01537733) and     a4, t1, s5
core   0: 3 0x80004efa (0x01537733) x14 0x000000c0
core   0: 0x80004efe (0x00460623) sb      tp, 12(a2)
core   0: 3 0x80004efe (0x00460623) mem 0x8001bf9b 0x0
core   0: 0x80004f02 (0x0044bab3) sltu    s5, s1, tp
core   0: 3 0x80004f02 (0x0044bab3) x21 0x00000000
core   0: 0x80004f06 (0x70d4f313) andi    t1, s1, 1805
core   0: 3 0x80004f06 (0x70d4f313) x 6 0x00000001
core   0: 0x80004f0a (0xff560703) lb      a4, -11(a2)
core   0: 3 0x80004f0a (0xff560703) x14 0x0000003f mem 0x8001bf84
core   0: 0x80004f0e (0xff864483) lbu     s1, -8(a2)
core   0: 3 0x80004f0e (0xff864483) x 9 0x0000003c mem 0x8001bf87
core   0: 0x80004f12 (0x006605a3) sb      t1, 11(a2)
core   0: 3 0x80004f12 (0x006605a3) mem 0x8001bf9a 0x1
core   0: 0x80004f16 (0x40900733) sub     a4, zero, s1
core   0: 3 0x80004f16 (0x40900733) x14 0xffffffc4
core   0: 0x80004f1a (0xbafae493) ori     s1, s5, -1105
core   0: 3 0x80004f1a (0xbafae493) x 9 0xfffffbaf
core   0: 0x80004f1e (0x00660823) sb      t1, 16(a2)
core   0: 3 0x80004f1e (0x00660823) mem 0x8001bf9f 0x1
core   0: 0x80004f22 (0xfee60923) sb      a4, -14(a2)
core   0: 3 0x80004f22 (0xfee60923) mem 0x8001bf81 0xc4
core   0: 0x80004f26 (0x006626a3) sw      t1, 13(a2)
core   0: 3 0x80004f26 (0x006626a3) mem 0x8001bf9c 0x00000001
core   0: 0x80004f2a (0x00ead733) srl     a4, s5, a4
core   0: 3 0x80004f2a (0x00ead733) x14 0x00000000
core   0: 0x80004f2e (0x03549333) mulh    t1, s1, s5
core   0: 3 0x80004f2e (0x03549333) x 6 0x00000000
core   0: 0x80004f32 (0xff765483) lhu     s1, -9(a2)
core   0: 3 0x80004f32 (0xff765483) x 9 0x00003c3d mem 0x8001bf86
core   0: 0x80004f36 (0xfe660923) sb      t1, -14(a2)
core   0: 3 0x80004f36 (0xfe660923) mem 0x8001bf81 0x0
core   0: 0x80004f3a (0x00008f45) c.or    a4, s1
core   0: 3 0x80004f3a (0x8f45) x14 0x00003c3d
core   0: 0x80004f3c (0xffa60203) lb      tp, -6(a2)
core   0: 3 0x80004f3c (0xffa60203) x 4 0xfffffff7 mem 0x8001bf89
core   0: 0x80004f40 (0x417ad313) srai    t1, s5, 23
core   0: 3 0x80004f40 (0x417ad313) x 6 0x00000000
core   0: 0x80004f44 (0xff460203) lb      tp, -12(a2)
core   0: 3 0x80004f44 (0xff460203) x 4 0x00000000 mem 0x8001bf83
core   0: 0x80004f48 (0x004612a3) sh      tp, 5(a2)
core   0: 3 0x80004f48 (0x004612a3) mem 0x8001bf94 0x0000
core   0: 0x80004f4c (0x0299f233) remu    tp, s3, s1
core   0: 3 0x80004f4c (0x0299f233) x 4 0x000001a0
core   0: 0x80004f50 (0x00001e90) c.addi4spn a2, sp, 880
core   0: 3 0x80004f50 (0x1e90) x12 0xc0000360
core   0: 0x80004f52 (0x00485bb3) srl     s7, a6, tp
core   0: 3 0x80004f52 (0x00485bb3) x23 0x00000000
core   0: 0x80004f56 (0x0000100f) fence.i
core   0: 3 0x80004f56 (0x0000100f)
core   0: 0x80004f5a (0x00e01993) slli    s3, zero, 14
core   0: 3 0x80004f5a (0x00e01993) x19 0x00000000
core   0: 0x80004f5e (0x0000161c) c.addi4spn a5, sp, 800
core   0: 3 0x80004f5e (0x161c) x15 0xc0000310
core   0: 0x80004f60 (0x00dc1c63) bne     s8, a3, pc + 24
core   0: 3 0x80004f60 (0x00dc1c63)
core   0: 0x80004f78 (0x9171ee13) ori     t3, gp, -1769
core   0: 3 0x80004f78 (0x9171ee13) x28 0xfffffbbf
core   0: 0x80004f7c (0x01b549b3) xor     s3, a0, s11
core   0: 3 0x80004f7c (0x01b549b3) x19 0x0000000c
core   0: 0x80004f80 (0x000001dd) c.addi  gp, 23
core   0: 3 0x80004f80 (0x01dd) x 3 0x919203bf
core   0: 0x80004f82 (0x00001d7d) c.addi  s10, -1
core   0: 3 0x80004f82 (0x1d7d) x26 0xc5531e15
core   0: 0x80004f84 (0xf5dc4d93) xori    s11, s8, -163
core   0: 3 0x80004f84 (0xf5dc4d93) x27 0xe26e6f5d
core   0: 0x80004f88 (0x02384f33) div     t5, a6, gp
core   0: 3 0x80004f88 (0x02384f33) x30 0x00000000
core   0: 0x80004f8c (0x00006f49) c.lui   t5, 0x12
core   0: 3 0x80004f8c (0x6f49) x30 0x00012000
core   0: 0x80004f8e (0x31aeac13) slti    s8, t4, 794
core   0: 3 0x80004f8e (0x31aeac13) x24 0x00000001
core   0: 0x80004f92 (0x0000100f) fence.i
core   0: 3 0x80004f92 (0x0000100f)
core   0: 0x80004f96 (0x00008ed1) c.or    a3, a2
core   0: 3 0x80004f96 (0x8ed1) x13 0xc000036d
core   0: 0x80004f98 (0x00b4d6b3) srl     a3, s1, a1
core   0: 3 0x80004f98 (0x00b4d6b3) x13 0x00000000
core   0: 0x80004f9c (0x0e6b4b93) xori    s7, s6, 230
core   0: 3 0x80004f9c (0x0e6b4b93) x23 0x02aaa93a
core   0: 0x80004fa0 (0x0000100c) c.addi4spn a1, sp, 32
core   0: 3 0x80004fa0 (0x100c) x11 0xc0000010
core   0: 0x80004fa2 (0xa9333313) sltiu   t1, t1, -1389
core   0: 3 0x80004fa2 (0xa9333313) x 6 0x00000001
core   0: 0x80004fa6 (0x000017fd) c.addi  a5, -1
core   0: 3 0x80004fa6 (0x17fd) x15 0xc000030f
core   0: 0x80004fa8 (0x4161d233) sra     tp, gp, s6
core   0: 3 0x80004fa8 (0x4161d233) x 4 0xfffffff9
core   0: 0x80004fac (0x024a6333) rem     t1, s4, tp
core   0: 3 0x80004fac (0x024a6333) x 6 0x00000001
core   0: 0x80004fb0 (0x02d47233) remu    tp, s0, a3
core   0: 3 0x80004fb0 (0x02d47233) x 4 0xffffffff
core   0: 0x80004fb4 (0x031c0163) beq     s8, a7, pc + 34
core   0: 3 0x80004fb4 (0x031c0163)
core   0: 0x80004fb8 (0x0095ef63) bltu    a1, s1, pc + 30
core   0: 3 0x80004fb8 (0x0095ef63)
core   0: 0x80004fbc (0x00008f81) c.sub   a5, s0
core   0: 3 0x80004fbc (0x8f81) x15 0xc0000310
core   0: 0x80004fbe (0x02f483b3) mul     t2, s1, a5
core   0: 3 0x80004fbe (0x02f483b3) x 7 0xc0b87ad0
core   0: 0x80004fc2 (0x0243c763) blt     t2, tp, pc + 46
core   0: 3 0x80004fc2 (0x0243c763)
core   0: 0x80004ff0 (0x00008ccd) c.or    s1, a1
core   0: 3 0x80004ff0 (0x8ccd) x 9 0xc0003c3d
core   0: 0x80004ff2 (0x00004259) c.li    tp, 22
core   0: 3 0x80004ff2 (0x4259) x 4 0x00000016
core   0: 0x80004ff4 (0x96ae9037) lui     zero, 0x96ae9
core   0: 3 0x80004ff4 (0x96ae9037)
core   0: 0x80004ff8 (0x4ef37213) andi    tp, t1, 1263
core   0: 3 0x80004ff8 (0x4ef37213) x 4 0x00000001
core   0: 0x80004ffc (0x09738063) beq     t2, s7, pc + 128
core   0: 3 0x80004ffc (0x09738063)
core   0: 0x80005000 (0x00000baa) c.slli  s7, 10
core   0: 3 0x80005000 (0x0baa) x23 0xaaa4e800
core   0: 0x80005002 (0x014713b3) sll     t2, a4, s4
core   0: 3 0x80005002 (0x014713b3) x 7 0x0003c3d0
core   0: 0x80005006 (0x00931393) slli    t2, t1, 9
core   0: 3 0x80005006 (0x00931393) x 7 0x00000200
core   0: 0x8000500a (0x000087ad) c.srai  a5, 11
core   0: 3 0x8000500a (0x87ad) x15 0xfff80000
core   0: 0x8000500c (0x03ebef33) rem     t5, s7, t5
core   0: 3 0x8000500c (0x03ebef33) x30 0xffffc800
core   0: 0x80005010 (0x0314a733) mulhsu  a4, s1, a7
core   0: 3 0x80005010 (0x0314a733) x14 0xdfff8686
core   0: 0x80005014 (0x00019e97) auipc   t4, 0x19
core   0: 3 0x80005014 (0x00019e97) x29 0x8001e014
core   0: 0x80005018 (0x992e8e93) addi    t4, t4, -1646
core   0: 3 0x80005018 (0x992e8e93) x29 0x8001d9a6
core   0: 0x8000501c (0x0000c197) auipc   gp, 0xc
core   0: 3 0x8000501c (0x0000c197) x 3 0x8001101c
core   0: 0x80005020 (0xfb118193) addi    gp, gp, -79
core   0: 3 0x80005020 (0xfb118193) x 3 0x80010fcd
core   0: 0x80005024 (0x011e80a3) sb      a7, 1(t4)
core   0: 3 0x80005024 (0x011e80a3) mem 0x8001d9a7 0x64
core   0: 0x80005028 (0x00319d03) lh      s10, 3(gp)
core   0: 3 0x80005028 (0x00319d03) x26 0xffff8aad mem 0x80010fd0
core   0: 0x8000502c (0xfebe89a3) sb      a1, -13(t4)
core   0: 3 0x8000502c (0xfebe89a3) mem 0x8001d999 0x10
core   0: 0x80005030 (0x00a1c483) lbu     s1, 10(gp)
core   0: 3 0x80005030 (0x00a1c483) x 9 0x00000010 mem 0x80010fd7
core   0: 0x80005034 (0xff3ec803) lbu     a6, -13(t4)
core   0: 3 0x80005034 (0xff3ec803) x16 0x00000010 mem 0x8001d999
core   0: 0x80005038 (0xfff19ba3) sh      t6, -9(gp)
core   0: 3 0x80005038 (0xfff19ba3) mem 0x80010fc4 0x0000
core   0: 0x8000503c (0xff2eaa03) lw      s4, -14(t4)
core   0: 3 0x8000503c (0xff2eaa03) x20 0x50511053 mem 0x8001d998
core   0: 0x80005040 (0xff31ca03) lbu     s4, -13(gp)
core   0: 3 0x80005040 (0xff31ca03) x20 0x0000007b mem 0x80010fc0
core   0: 0x80005044 (0xffbec583) lbu     a1, -5(t4)
core   0: 3 0x80005044 (0xffbec583) x11 0x0000005a mem 0x8001d9a1
core   0: 0x80005048 (0x00518223) sb      t0, 4(gp)
core   0: 3 0x80005048 (0x00518223) mem 0x80010fd1 0x3e
core   0: 0x8000504c (0xfffeca03) lbu     s4, -1(t4)
core   0: 3 0x8000504c (0xfffeca03) x20 0x0000005e mem 0x8001d9a5
core   0: 0x80005050 (0x02dc35b3) mulhu   a1, s8, a3
core   0: 3 0x80005050 (0x02dc35b3) x11 0x00000000
core   0: 0x80005054 (0x023b9033) mulh    zero, s7, gp
core   0: 3 0x80005054 (0x023b9033)
core   0: 0x80005058 (0xba093e93) sltiu   t4, s2, -1120
core   0: 3 0x80005058 (0xba093e93) x29 0x00000001
core   0: 0x8000505c (0x00000e9d) c.addi  t4, 7
core   0: 3 0x8000505c (0x0e9d) x29 0x00000008
core   0: 0x8000505e (0xd3e9fe13) andi    t3, s3, -706
core   0: 3 0x8000505e (0xd3e9fe13) x28 0x0000000c
core   0: 0x80005062 (0x00f955b3) srl     a1, s2, a5
core   0: 3 0x80005062 (0x00f955b3) x11 0x0000403e
core   0: 0x80005066 (0x41885393) srai    t2, a6, 24
core   0: 3 0x80005066 (0x41885393) x 7 0x00000000
core   0: 0x8000506a (0x00008f75) c.and   a4, a3
core   0: 3 0x8000506a (0x8f75) x14 0x00000000
core   0: 0x8000506c (0x00008c15) c.sub   s0, a3
core   0: 3 0x8000506c (0x8c15) x 8 0xffffffff
core   0: 0x8000506e (0x0000100f) fence.i
core   0: 3 0x8000506e (0x0000100f)
core   0: 0x80005072 (0x018f6733) or      a4, t5, s8
core   0: 3 0x80005072 (0x018f6733) x14 0xffffc801
core   0: 0x80005076 (0x000081a5) c.srli  a1, 9
core   0: 3 0x80005076 (0x81a5) x11 0x00000020
core   0: 0x80005078 (0x71efa117) auipc   sp, 0x71efa
core   0: 3 0x80005078 (0x71efa117) x 2 0xf1eff078
core   0: 0x8000507c (0x414c0b33) sub     s6, s8, s4
core   0: 3 0x8000507c (0x414c0b33) x22 0xffffffa3
core   0: 0x80005080 (0x00367833) and     a6, a2, gp
core   0: 3 0x80005080 (0x00367833) x16 0x80000340
core   0: 0x80005084 (0x015bad33) slt     s10, s7, s5
core   0: 3 0x80005084 (0x015bad33) x26 0x00000001
core   0: 0x80005088 (0x02cb8433) mul     s0, s7, a2
core   0: 3 0x80005088 (0x02cb8433) x 8 0xec8f0000
core   0: 0x8000508c (0x00d2deb3) srl     t4, t0, a3
core   0: 3 0x8000508c (0x00d2deb3) x29 0x0000403e
core   0: 0x80005090 (0x00008475) c.srai  s0, 29
core   0: 3 0x80005090 (0x8475) x 8 0xffffffff
core   0: 0x80005092 (0x0083c733) xor     a4, t2, s0
core   0: 3 0x80005092 (0x0083c733) x14 0xffffffff
core   0: 0x80005096 (0x8f9c2e93) slti    t4, s8, -1799
core   0: 3 0x80005096 (0x8f9c2e93) x29 0x00000000
core   0: 0x8000509a (0x01788733) add     a4, a7, s7
core   0: 3 0x8000509a (0x01788733) x14 0x2aa74664
core   0: 0x8000509e (0x00c70463) beq     a4, a2, pc + 8
core   0: 3 0x8000509e (0x00c70463)
core   0: 0x800050a2 (0x01c96763) bltu    s2, t3, pc + 14
core   0: 3 0x800050a2 (0x01c96763)
core   0: 0x800050a6 (0x00008c79) c.and   s0, a4
core   0: 3 0x800050a6 (0x8c79) x 8 0x2aa74664
core   0: 0x800050a8 (0x03699a63) bne     s3, s6, pc + 52
core   0: 3 0x800050a8 (0x03699a63)
core   0: 0x800050dc (0x00008a49) c.andi  a2, 18
core   0: 3 0x800050dc (0x8a49) x12 0x00000000
core   0: 0x800050de (0x0ff0000f) fence   iorw,iorw
core   0: 3 0x800050de (0x0ff0000f)
core   0: 0x800050e2 (0x00006159) c.addi16sp sp, 400
core   0: 3 0x800050e2 (0x6159) x 2 0xf1eff208
core   0: 0x800050e4 (0x00677563) bgeu    a4, t1, pc + 10
core   0: 3 0x800050e4 (0x00677563)
core   0: 0x800050ee (0x00006c1d) c.lui   s8, 0x7
core   0: 3 0x800050ee (0x6c1d) x24 0x00007000
core   0: 0x800050f0 (0x034bcab3) div     s5, s7, s4
core   0: 3 0x800050f0 (0x034bcab3) x21 0xff178aa4
core   0: 0x800050f4 (0x0215dd63) bge     a1, ra, pc + 58
core   0: 3 0x800050f4 (0x0215dd63)
core   0: 0x8000512e (0x006a63b3) or      t2, s4, t1
core   0: 3 0x8000512e (0x006a63b3) x 7 0x0000005f
core   0: 0x80005132 (0x85eafa13) andi    s4, s5, -1954
core   0: 3 0x80005132 (0x85eafa13) x20 0xff178804
core   0: 0x80005136 (0x0000100f) fence.i
core   0: 3 0x80005136 (0x0000100f)
core   0: 0x8000513a (0x4188d033) sra     zero, a7, s8
core   0: 3 0x8000513a (0x4188d033)
core   0: 0x8000513e (0x00105d93) srli    s11, zero, 1
core   0: 3 0x8000513e (0x00105d93) x27 0x00000000
core   0: 0x80005142 (0x04651063) bne     a0, t1, pc + 64
core   0: 3 0x80005142 (0x04651063)
core   0: 0x80005182 (0x0000100f) fence.i
core   0: 3 0x80005182 (0x0000100f)
core   0: 0x80005186 (0x005c0a33) add     s4, s8, t0
core   0: 3 0x80005186 (0x005c0a33) x20 0x0000b03e
core   0: 0x8000518a (0x0021f4b3) and     s1, gp, sp
core   0: 3 0x8000518a (0x0021f4b3) x 9 0x80010208
core   0: 0x8000518e (0x416cdc33) sra     s8, s9, s6
core   0: 3 0x8000518e (0x416cdc33) x24 0xf000539c
core   0: 0x80005192 (0x0000537d) c.li    t1, -1
core   0: 3 0x80005192 (0x537d) x 6 0xffffffff
core   0: 0x80005194 (0x0000100f) fence.i
core   0: 3 0x80005194 (0x0000100f)
core   0: 0x80005198 (0x5c6370b7) lui     ra, 0x5c637
core   0: 3 0x80005198 (0x5c6370b7) x 1 0x5c637000
core   0: 0x8000519c (0x00006171) c.addi16sp sp, 336
core   0: 3 0x8000519c (0x6171) x 2 0xf1eff358
core   0: 0x8000519e (0x000096f2) c.add   a3, t3
core   0: 3 0x8000519e (0x96f2) x13 0x0000000c
core   0: 0x800051a0 (0x00008a39) c.andi  a2, 14
core   0: 3 0x800051a0 (0x8a39) x12 0x00000000
core   0: 0x800051a2 (0x00000001) c.nop
core   0: 3 0x800051a2 (0x0001)
core   0: 0x800051a4 (0x006420b3) slt     ra, s0, t1
core   0: 3 0x800051a4 (0x006420b3) x 1 0x00000000
core   0: 0x800051a8 (0x01e2f933) and     s2, t0, t5
core   0: 3 0x800051a8 (0x01e2f933) x18 0x00004000
core   0: 0x800051ac (0x0ff0000f) fence   iorw,iorw
core   0: 3 0x800051ac (0x0ff0000f)
core   0: 0x800051b0 (0x3be0f413) andi    s0, ra, 958
core   0: 3 0x800051b0 (0x3be0f413) x 8 0x00000000
core   0: 0x800051b4 (0x95253493) sltiu   s1, a0, -1710
core   0: 3 0x800051b4 (0x95253493) x 9 0x00000001
core   0: 0x800051b8 (0x00008d56) c.mv    s10, s5
core   0: 3 0x800051b8 (0x8d56) x26 0xff178aa4
core   0: 0x800051ba (0x00008e59) c.or    a2, a4
core   0: 3 0x800051ba (0x8e59) x12 0x2aa74664
core   0: 0x800051bc (0x01c75113) srli    sp, a4, 28
core   0: 3 0x800051bc (0x01c75113) x 2 0x00000002
core   0: 0x800051c0 (0x00008f09) c.sub   a4, a0
core   0: 3 0x800051c0 (0x8f09) x14 0x2aa74657
core   0: 0x800051c2 (0xbd950ab7) lui     s5, 0xbd950
core   0: 3 0x800051c2 (0xbd950ab7) x21 0xbd950000
core   0: 0x800051c6 (0x00000df6) c.slli  s11, 29
core   0: 3 0x800051c6 (0x0df6) x27 0x00000000
core   0: 0x800051c8 (0x00984b63) blt     a6, s1, pc + 22
core   0: 3 0x800051c8 (0x00984b63)
core   0: 0x800051de (0x40035133) sra     sp, t1, zero
core   0: 3 0x800051de (0x40035133) x 2 0xffffffff
core   0: 0x800051e2 (0x00000001) c.nop
core   0: 3 0x800051e2 (0x0001)
core   0: 0x800051e4 (0x00ef2397) auipc   t2, 0xef2
core   0: 3 0x800051e4 (0x00ef2397) x 7 0x80ef71e4
core   0: 0x800051e8 (0x00008f9a) c.mv    t6, t1
core   0: 3 0x800051e8 (0x8f9a) x31 0xffffffff
core   0: 0x800051ea (0x14d04393) xori    t2, zero, 333
core   0: 3 0x800051ea (0x14d04393) x 7 0x0000014d
core   0: 0x800051ee (0xf59eae93) slti    t4, t4, -167
core   0: 3 0x800051ee (0xf59eae93) x29 0x00000000
core   0: 0x800051f2 (0x0182adb3) slt     s11, t0, s8
core   0: 3 0x800051f2 (0x0182adb3) x27 0x00000000
core   0: 0x800051f6 (0x00008e51) c.or    a2, a2
core   0: 3 0x800051f6 (0x8e51) x12 0x2aa74664
core   0: 0x800051f8 (0x00de6933) or      s2, t3, a3
core   0: 3 0x800051f8 (0x00de6933) x18 0x0000000c
core   0: 0x800051fc (0x0ff0000f) fence   iorw,iorw
core   0: 3 0x800051fc (0x0ff0000f)
core   0: 0x80005200 (0x9065ffb7) lui     t6, 0x9065f
core   0: 3 0x80005200 (0x9065ffb7) x31 0x9065f000
core   0: 0x80005204 (0x0000e205) c.bnez  a2, pc + 32
core   0: 3 0x80005204 (0xe205)
core   0: 0x80005224 (0x00f909b3) add     s3, s2, a5
core   0: 3 0x80005224 (0x00f909b3) x19 0xfff8000c
core   0: 0x80005228 (0x03b42833) mulhsu  a6, s0, s11
core   0: 3 0x80005228 (0x03b42833) x16 0x00000000
core   0: 0x8000522c (0x00c6fd33) and     s10, a3, a2
core   0: 3 0x8000522c (0x00c6fd33) x26 0x00000004
core   0: 0x80005230 (0x05909563) bne     ra, s9, pc + 74
core   0: 3 0x80005230 (0x05909563)
core   0: 0x8000527a (0x03ed2433) mulhsu  s0, s10, t5
core   0: 3 0x8000527a (0x03ed2433) x 8 0x00000003
core   0: 0x8000527e (0x01ea9033) sll     zero, s5, t5
core   0: 3 0x8000527e (0x01ea9033)
core   0: 0x80005282 (0x411bddb3) sra     s11, s7, a7
core   0: 3 0x80005282 (0x411bddb3) x27 0xfaaa4e80
core   0: 0x80005286 (0x00ff8eb3) add     t4, t6, a5
core   0: 3 0x80005286 (0x00ff8eb3) x29 0x905df000
core   0: 0x8000528a (0x00006971) c.lui   s2, 0x1c
core   0: 3 0x8000528a (0x6971) x18 0x0001c000
core   0: 0x8000528c (0x00008eb9) c.xor   a3, a4
core   0: 3 0x8000528c (0x8eb9) x13 0x2aa7465b
core   0: 0x8000528e (0x00000001) c.nop
core   0: 3 0x8000528e (0x0001)
core   0: 0x80005290 (0x0000806d) c.srli  s0, 27
core   0: 3 0x80005290 (0x806d) x 8 0x00000000
core   0: 0x80005292 (0x0ff0000f) fence   iorw,iorw
core   0: 3 0x80005292 (0x0ff0000f)
core   0: 0x80005296 (0x69f70e13) addi    t3, a4, 1695
core   0: 3 0x80005296 (0x69f70e13) x28 0x2aa74cf6
core   0: 0x8000529a (0x00008dda) c.mv    s11, s6
core   0: 3 0x8000529a (0x8dda) x27 0xffffffa3
core   0: 0x8000529c (0x01c29433) sll     s0, t0, t3
core   0: 3 0x8000529c (0x01c29433) x 8 0x0f800000
core   0: 0x800052a0 (0x00105c63) bge     zero, ra, pc + 24
core   0: 3 0x800052a0 (0x00105c63)
core   0: 0x800052b8 (0x0000911e) c.add   sp, t2
core   0: 3 0x800052b8 (0x911e) x 2 0x0000014c
core   0: 0x800052ba (0x00008dd5) c.or    a1, a3
core   0: 3 0x800052ba (0x8dd5) x11 0x2aa7467b
core   0: 0x800052bc (0x01ee6e63) bltu    t3, t5, pc + 28
core   0: 3 0x800052bc (0x01ee6e63)
core   0: 0x800052d8 (0x016fd033) srl     zero, t6, s6
core   0: 3 0x800052d8 (0x016fd033)
core   0: 0x800052dc (0x02848333) mul     t1, s1, s0
core   0: 3 0x800052dc (0x02848333) x 6 0x0f800000
core   0: 0x800052e0 (0x30424a13) xori    s4, tp, 772
core   0: 3 0x800052e0 (0x30424a13) x20 0x00000305
core   0: 0x800052e4 (0x0000c309) c.beqz  a4, pc + 2
core   0: 3 0x800052e4 (0xc309)
core   0: 0x800052e6 (0x03b24063) blt     tp, s11, pc + 32
core   0: 3 0x800052e6 (0x03b24063)
core   0: 0x800052ea (0x00000001) c.nop
core   0: 3 0x800052ea (0x0001)
core   0: 0x800052ec (0x03533bb3) mulhu   s7, t1, s5
core   0: 3 0x800052ec (0x03533bb3) x23 0x0b7a8580
core   0: 0x800052f0 (0x0000c60d) c.beqz  a2, pc + 42
core   0: 3 0x800052f0 (0xc60d)
core   0: 0x800052f2 (0x02fc59b3) divu    s3, s8, a5
core   0: 3 0x800052f2 (0x02fc59b3) x19 0x00000000
core   0: 0x800052f6 (0x00000122) c.slli  sp, 8
core   0: 3 0x800052f6 (0x0122) x 2 0x00014c00
core   0: 0x800052f8 (0x00cf4333) xor     t1, t5, a2
core   0: 3 0x800052f8 (0x00cf4333) x 6 0xd5588e64
core   0: 0x800052fc (0x27d82393) slti    t2, a6, 637
core   0: 3 0x800052fc (0x27d82393) x 7 0x00000001
core   0: 0x80005300 (0x00000001) c.nop
core   0: 3 0x80005300 (0x0001)
core   0: 0x80005302 (0x0000c011) c.beqz  s0, pc + 4
core   0: 3 0x80005302 (0xc011)
core   0: 0x80005304 (0x00004c69) c.li    s8, 26
core   0: 3 0x80005304 (0x4c69) x24 0x0000001a
core   0: 0x80005306 (0x01741013) slli    zero, s0, 23
core   0: 3 0x80005306 (0x01741013)
core   0: 0x8000530a (0xc3e54c13) xori    s8, a0, -962
core   0: 3 0x8000530a (0xc3e54c13) x24 0xfffffc33
core   0: 0x8000530e (0x02348eb3) mul     t4, s1, gp
core   0: 3 0x8000530e (0x02348eb3) x29 0x80010fcd
core   0: 0x80005312 (0x03d504b3) mul     s1, a0, t4
core   0: 3 0x80005312 (0x03d504b3) x 9 0x800dcd69
core   0: 0x80005316 (0x0009fd33) and     s10, s3, zero
core   0: 3 0x80005316 (0x0009fd33) x26 0x00000000
core   0: 0x8000531a (0x01ae8833) add     a6, t4, s10
core   0: 3 0x8000531a (0x01ae8833) x16 0x80010fcd
core   0: 0x8000531e (0x03bbefb3) rem     t6, s7, s11
core   0: 3 0x8000531e (0x03bbefb3) x31 0x0000001f
core   0: 0x80005322 (0x7b1bf197) auipc   gp, 0x7b1bf
core   0: 3 0x80005322 (0x7b1bf197) x 3 0xfb1c4322
core   0: 0x80005326 (0x00009bfd) c.andi  a5, -1
core   0: 3 0x80005326 (0x9bfd) x15 0xfff80000
core   0: 0x80005328 (0x0284c663) blt     s1, s0, pc + 44
core   0: 3 0x80005328 (0x0284c663)
core   0: 0x80005354 (0x034b4d63) blt     s6, s4, pc + 58
core   0: 3 0x80005354 (0x034b4d63)
core   0: 0x8000538e (0xb4694d13) xori    s10, s2, -1210
core   0: 3 0x8000538e (0xb4694d13) x26 0xfffe3b46
core   0: 0x80005392 (0x4004d493) srai    s1, s1, 0
core   0: 3 0x80005392 (0x4004d493) x 9 0x800dcd69
core   0: 0x80005396 (0x026c7c33) remu    s8, s8, t1
core   0: 3 0x80005396 (0x026c7c33) x24 0x2aa76dcf
core   0: 0x8000539a (0x8c98deb7) lui     t4, 0x8c98d
core   0: 3 0x8000539a (0x8c98deb7) x29 0x8c98d000
core   0: 0x8000539e (0x0000ec81) c.bnez  s1, pc + 24
core   0: 3 0x8000539e (0xec81)
core   0: 0x800053b6 (0x01f59433) sll     s0, a1, t6
core   0: 3 0x800053b6 (0x01f59433) x 8 0x80000000
core   0: 0x800053ba (0x033a75b3) remu    a1, s4, s3
core   0: 3 0x800053ba (0x033a75b3) x11 0x00000305
core   0: 0x800053be (0xeb1e3ab7) lui     s5, 0xeb1e3
core   0: 3 0x800053be (0xeb1e3ab7) x21 0xeb1e3000
core   0: 0x800053c2 (0x03be0e33) mul     t3, t3, s11
core   0: 3 0x800053c2 (0x03be0e33) x28 0x81390aa2
core   0: 0x800053c6 (0xf72a7693) andi    a3, s4, -142
core   0: 3 0x800053c6 (0xf72a7693) x13 0x00000300
core   0: 0x800053ca (0x41b151b3) sra     gp, sp, s11
core   0: 3 0x800053ca (0x41b151b3) x 3 0x00002980
core   0: 0x800053ce (0x00008729) c.srai  a4, 10
core   0: 3 0x800053ce (0x8729) x14 0x000aa9d1
core   0: 0x800053d0 (0x00008c79) c.and   s0, a4
core   0: 3 0x800053d0 (0x8c79) x 8 0x00000000
core   0: 0x800053d2 (0x005af2b3) and     t0, s5, t0
core   0: 3 0x800053d2 (0x005af2b3) x 5 0x00000000
core   0: 0x800053d6 (0x03f96833) rem     a6, s2, t6
core   0: 3 0x800053d6 (0x03f96833) x16 0x00000013
core   0: 0x800053da (0x008e82b3) add     t0, t4, s0
core   0: 3 0x800053da (0x008e82b3) x 5 0x8c98d000
core   0: 0x800053de (0x02319133) mulh    sp, gp, gp
core   0: 3 0x800053de (0x02319133) x 2 0x00000000
core   0: 0x800053e2 (0x41228033) sub     zero, t0, s2
core   0: 3 0x800053e2 (0x41228033)
core   0: 0x800053e6 (0x000089ad) c.andi  a1, 11
core   0: 3 0x800053e6 (0x89ad) x11 0x00000001
core   0: 0x800053e8 (0x02228e63) beq     t0, sp, pc + 60
core   0: 3 0x800053e8 (0x02228e63)
core   0: 0x800053ec (0x2b3fc413) xori    s0, t6, 691
core   0: 3 0x800053ec (0x2b3fc413) x 8 0x000002ac
core   0: 0x800053f0 (0x00008c09) c.sub   s0, a0
core   0: 3 0x800053f0 (0x8c09) x 8 0x0000029f
core   0: 0x800053f2 (0x038def63) bltu    s11, s8, pc + 62
core   0: 3 0x800053f2 (0x038def63)
core   0: 0x800053f6 (0x023c0b63) beq     s8, gp, pc + 54
core   0: 3 0x800053f6 (0x023c0b63)
core   0: 0x800053fa (0x0000c29d) c.beqz  a3, pc + 38
core   0: 3 0x800053fa (0xc29d)
core   0: 0x800053fc (0x00008b62) c.mv    s6, s8
core   0: 3 0x800053fc (0x8b62) x22 0x2aa76dcf
core   0: 0x800053fe (0x00008da5) c.xor   a1, s1
core   0: 3 0x800053fe (0x8da5) x11 0x800dcd68
core   0: 0x80005400 (0x025421b3) mulhsu  gp, s0, t0
core   0: 3 0x80005400 (0x025421b3) x 3 0x00000170
core   0: 0x80005404 (0x22b74a97) auipc   s5, 0x22b74
core   0: 3 0x80005404 (0x22b74a97) x21 0xa2b79404
core   0: 0x80005408 (0x05019463) bne     gp, a6, pc + 72
core   0: 3 0x80005408 (0x05019463)
core   0: 0x80005450 (0x01399413) slli    s0, s3, 19
core   0: 3 0x80005450 (0x01399413) x 8 0x00000000
core   0: 0x80005454 (0x03fd1f33) mulh    t5, s10, t6
core   0: 3 0x80005454 (0x03fd1f33) x30 0xffffffff
core   0: 0x80005458 (0x031bcc33) div     s8, s7, a7
core   0: 3 0x80005458 (0x031bcc33) x24 0x00000000
core   0: 0x8000545c (0x000011fd) c.addi  gp, -1
core   0: 3 0x8000545c (0x11fd) x 3 0x0000016f
core   0: 0x8000545e (0xc016c3b7) lui     t2, 0xc016c
core   0: 3 0x8000545e (0xc016c3b7) x 7 0xc016c000
core   0: 0x80005462 (0x0218de33) divu    t3, a7, ra
core   0: 3 0x80005462 (0x0218de33) x28 0xffffffff
core   0: 0x80005466 (0x000004de) c.slli  s1, 23
core   0: 3 0x80005466 (0x04de) x 9 0xb4800000
core   0: 0x80005468 (0x036c6233) rem     tp, s8, s6
core   0: 3 0x80005468 (0x036c6233) x 4 0x00000000
core   0: 0x8000546c (0x05d1e163) bltu    gp, t4, pc + 66
core   0: 3 0x8000546c (0x05d1e163)
core   0: 0x800054ae (0x000094ce) c.add   s1, s3
core   0: 3 0x800054ae (0x94ce) x 9 0xb4800000
core   0: 0x800054b0 (0xe02a2b13) slti    s6, s4, -510
core   0: 3 0x800054b0 (0xe02a2b13) x22 0x00000000
core   0: 0x800054b4 (0x000005ca) c.slli  a1, 18
core   0: 3 0x800054b4 (0x05ca) x11 0x35a00000
core   0: 0x800054b6 (0x003c3e33) sltu    t3, s8, gp
core   0: 3 0x800054b6 (0x003c3e33) x28 0x00000001
core   0: 0x800054ba (0x03b69c63) bne     a3, s11, pc + 56
core   0: 3 0x800054ba (0x03b69c63)
core   0: 0x800054f2 (0x036d2ab3) mulhsu  s5, s10, s6
core   0: 3 0x800054f2 (0x036d2ab3) x21 0x00000000
core   0: 0x800054f6 (0x01a77463) bgeu    a4, s10, pc + 8
core   0: 3 0x800054f6 (0x01a77463)
core   0: 0x800054fa (0x022ee333) rem     t1, t4, sp
core   0: 3 0x800054fa (0x022ee333) x 6 0x8c98d000
core   0: 0x800054fe (0x033abb33) mulhu   s6, s5, s3
core   0: 3 0x800054fe (0x033abb33) x22 0x00000000
core   0: 0x80005502 (0x01ad4263) blt     s10, s10, pc + 4
core   0: 3 0x80005502 (0x01ad4263)
core   0: 0x80005506 (0x02889963) bne     a7, s0, pc + 50
core   0: 3 0x80005506 (0x02889963)
core   0: 0x80005538 (0x41215e93) srai    t4, sp, 18
core   0: 3 0x80005538 (0x41215e93) x29 0x00000000
core   0: 0x8000553c (0x000080cd) c.srli  s1, 19
core   0: 3 0x8000553c (0x80cd) x 9 0x00001690
core   0: 0x8000553e (0x30cdbd93) sltiu   s11, s11, 780
core   0: 3 0x8000553e (0x30cdbd93) x27 0x00000000
core   0: 0x80005542 (0x00009e06) c.add   t3, ra
core   0: 3 0x80005542 (0x9e06) x28 0x00000001
core   0: 0x80005544 (0x00268333) add     t1, a3, sp
core   0: 3 0x80005544 (0x00268333) x 6 0x00000300
core   0: 0x80005548 (0xd7ec6013) ori     zero, s8, -642
core   0: 3 0x80005548 (0xd7ec6013)
core   0: 0x8000554c (0xe01b8d13) addi    s10, s7, -511
core   0: 3 0x8000554c (0xe01b8d13) x26 0x0b7a8381
core   0: 0x80005550 (0x002ce663) bltu    s9, sp, pc + 12
core   0: 3 0x80005550 (0x002ce663)
core   0: 0x80005554 (0x41f78633) sub     a2, a5, t6
core   0: 3 0x80005554 (0x41f78633) x12 0xfff7ffe1
core   0: 0x80005558 (0x000081ed) c.srli  a1, 27
core   0: 3 0x80005558 (0x81ed) x11 0x00000006
core   0: 0x8000555a (0x00008ea9) c.xor   a3, a0
core   0: 3 0x8000555a (0x8ea9) x13 0x0000030d
core   0: 0x8000555c (0x0000140c) c.addi4spn a1, sp, 544
core   0: 3 0x8000555c (0x140c) x11 0x00000220
core   0: 0x8000555e (0x0000ec81) c.bnez  s1, pc + 24
core   0: 3 0x8000555e (0xec81)
core   0: 0x80005576 (0x000093c2) c.add   t2, a6
core   0: 3 0x80005576 (0x93c2) x 7 0xc016c013
core   0: 0x80005578 (0x0256e433) rem     s0, a3, t0
core   0: 3 0x80005578 (0x0256e433) x 8 0x0000030d
core   0: 0x8000557c (0x01fedd93) srli    s11, t4, 31
core   0: 3 0x8000557c (0x01fedd93) x27 0x00000000
core   0: 0x80005580 (0x000081d5) c.srli  a1, 21
core   0: 3 0x80005580 (0x81d5) x11 0x00000000
core   0: 0x80005582 (0x01194633) xor     a2, s2, a7
core   0: 3 0x80005582 (0x01194633) x12 0x80039e64
core   0: 0x80005586 (0x000087b5) c.srai  a5, 13
core   0: 3 0x80005586 (0x87b5) x15 0xffffffc0
core   0: 0x80005588 (0x00c71393) slli    t2, a4, 12
core   0: 3 0x80005588 (0x00c71393) x 7 0xaa9d1000
core   0: 0x8000558c (0x002ba5b3) slt     a1, s7, sp
core   0: 3 0x8000558c (0x002ba5b3) x11 0x00000000
core   0: 0x80005590 (0x0222e1b3) rem     gp, t0, sp
core   0: 3 0x80005590 (0x0222e1b3) x 3 0x8c98d000
core   0: 0x80005594 (0x00008fb5) c.xor   a5, a3
core   0: 3 0x80005594 (0x8fb5) x15 0xfffffccd
core   0: 0x80005596 (0x4076d113) srai    sp, a3, 7
core   0: 3 0x80005596 (0x4076d113) x 2 0x00000006
core   0: 0x8000559a (0x0ff0000f) fence   iorw,iorw
core   0: 3 0x8000559a (0x0ff0000f)
core   0: 0x8000559e (0x00008409) c.srai  s0, 2
core   0: 3 0x8000559e (0x8409) x 8 0x000000c3
core   0: 0x800055a0 (0x41e20433) sub     s0, tp, t5
core   0: 3 0x800055a0 (0x41e20433) x 8 0x00000001
core   0: 0x800055a4 (0x0ff0000f) fence   iorw,iorw
core   0: 3 0x800055a4 (0x0ff0000f)
core   0: 0x800055a8 (0x001cd433) srl     s0, s9, ra
core   0: 3 0x800055a8 (0x001cd433) x 8 0x80029ce4
core   0: 0x800055ac (0x05cad063) bge     s5, t3, pc + 64
core   0: 3 0x800055ac (0x05cad063)
core   0: 0x800055b0 (0xfc7f3093) sltiu   ra, t5, -57
core   0: 3 0x800055b0 (0xfc7f3093) x 1 0x00000000
core   0: 0x800055b4 (0x00461663) bne     a2, tp, pc + 12
core   0: 3 0x800055b4 (0x00461663)
core   0: 0x800055c0 (0x02809f63) bne     ra, s0, pc + 62
core   0: 3 0x800055c0 (0x02809f63)
core   0: 0x800055fe (0x00a46c63) bltu    s0, a0, pc + 24
core   0: 3 0x800055fe (0x00a46c63)
core   0: 0x80005602 (0x0001ef33) or      t5, gp, zero
core   0: 3 0x80005602 (0x0001ef33) x30 0x8c98d000
core   0: 0x80005606 (0x02dba5b3) mulhsu  a1, s7, a3
core   0: 3 0x80005606 (0x02dba5b3) x11 0x00000023
core   0: 0x8000560a (0x032357b3) divu    a5, t1, s2
core   0: 3 0x8000560a (0x032357b3) x15 0x00000000
core   0: 0x8000560e (0x000085c9) c.srai  a1, 18
core   0: 3 0x8000560e (0x85c9) x11 0x00000000
core   0: 0x80005610 (0x76afac13) slti    s8, t6, 1898
core   0: 3 0x80005610 (0x76afac13) x24 0x00000001
core   0: 0x80005614 (0x00008409) c.srai  s0, 2
core   0: 3 0x80005614 (0x8409) x 8 0xe000a739
core   0: 0x80005616 (0x0351bab3) mulhu   s5, gp, s5
core   0: 3 0x80005616 (0x0351bab3) x21 0x00000000
core   0: 0x8000561a (0x01f9c433) xor     s0, s3, t6
core   0: 3 0x8000561a (0x01f9c433) x 8 0x0000001f
core   0: 0x8000561e (0x00006131) c.addi16sp sp, 320
core   0: 3 0x8000561e (0x6131) x 2 0x00000146
core   0: 0x80005620 (0x000000c6) c.slli  ra, 17
core   0: 3 0x80005620 (0x00c6) x 1 0x00000000
core   0: 0x80005622 (0x02c683b3) mul     t2, a3, a2
core   0: 3 0x80005622 (0x02c683b3) x 7 0x8b0a3714
core   0: 0x80005626 (0x0ff0000f) fence   iorw,iorw
core   0: 3 0x80005626 (0x0ff0000f)
core   0: 0x8000562a (0x0000e885) c.bnez  s1, pc + 48
core   0: 3 0x8000562a (0xe885)
core   0: 0x8000565a (0x03f21363) bne     tp, t6, pc + 38
core   0: 3 0x8000565a (0x03f21363)
core   0: 0x80005680 (0x00008fb9) c.xor   a5, a4
core   0: 3 0x80005680 (0x8fb9) x15 0x000aa9d1
core   0: 0x80005682 (0x0015abb3) slt     s7, a1, ra
core   0: 3 0x80005682 (0x0015abb3) x23 0x00000000
core   0: 0x80005686 (0x017c6e63) bltu    s8, s7, pc + 28
core   0: 3 0x80005686 (0x017c6e63)
core   0: 0x8000568a (0x41fb8133) sub     sp, s7, t6
core   0: 3 0x8000568a (0x41fb8133) x 2 0xffffffe1
core   0: 0x8000568e (0x02f1e463) bltu    gp, a5, pc + 40
core   0: 3 0x8000568e (0x02f1e463)
core   0: 0x80005692 (0x00009b32) c.add   s6, a2
core   0: 3 0x80005692 (0x9b32) x22 0x80039e64
core   0: 0x80005694 (0x01df4fb3) xor     t6, t5, t4
core   0: 3 0x80005694 (0x01df4fb3) x31 0x8c98d000
core   0: 0x80005698 (0x035204b3) mul     s1, tp, s5
core   0: 3 0x80005698 (0x035204b3) x 9 0x00000000
core   0: 0x8000569c (0x00008db9) c.xor   a1, a4
core   0: 3 0x8000569c (0x8db9) x11 0x000aa9d1
core   0: 0x8000569e (0x009a2eb3) slt     t4, s4, s1
core   0: 3 0x8000569e (0x009a2eb3) x29 0x00000000
core   0: 0x800056a2 (0x00006b05) c.lui   s6, 0x1
core   0: 3 0x800056a2 (0x6b05) x22 0x00001000
core   0: 0x800056a4 (0x00f23ab3) sltu    s5, tp, a5
core   0: 3 0x800056a4 (0x00f23ab3) x21 0x00000001
core   0: 0x800056a8 (0x000089c2) c.mv    s3, a6
core   0: 3 0x800056a8 (0x89c2) x19 0x00000013
core   0: 0x800056aa (0x00008fb5) c.xor   a5, a3
core   0: 3 0x800056aa (0x8fb5) x15 0x000aaadc
core   0: 0x800056ac (0x030eefb3) rem     t6, t4, a6
core   0: 3 0x800056ac (0x030eefb3) x31 0x00000000
core   0: 0x800056b0 (0x076e4363) blt     t3, s6, pc + 102
core   0: 3 0x800056b0 (0x076e4363)
core   0: 0x80005716 (0x3eb0cd13) xori    s10, ra, 1003
core   0: 3 0x80005716 (0x3eb0cd13) x26 0x000003eb
core   0: 0x8000571a (0x00db4133) xor     sp, s6, a3
core   0: 3 0x8000571a (0x00db4133) x 2 0x0000130d
core   0: 0x8000571e (0x00000376) c.slli  t1, 29
core   0: 3 0x8000571e (0x0376) x 6 0x00000000
core   0: 0x80005720 (0x03c3e733) rem     a4, t2, t3
core   0: 3 0x80005720 (0x03c3e733) x14 0x00000000
core   0: 0x80005724 (0x001df733) and     a4, s11, ra
core   0: 3 0x80005724 (0x001df733) x14 0x00000000
core   0: 0x80005728 (0x00006be1) c.lui   s7, 0x18
core   0: 3 0x80005728 (0x6be1) x23 0x00018000
core   0: 0x8000572a (0x00356c63) bltu    a0, gp, pc + 24
core   0: 3 0x8000572a (0x00356c63)
core   0: 0x80005742 (0x000053fd) c.li    t2, -1
core   0: 3 0x80005742 (0x53fd) x 7 0xffffffff
core   0: 0x80005744 (0x5a40f393) andi    t2, ra, 1444
core   0: 3 0x80005744 (0x5a40f393) x 7 0x00000000
core   0: 0x80005748 (0x00bd5b13) srli    s6, s10, 11
core   0: 3 0x80005748 (0x00bd5b13) x22 0x00000000
core   0: 0x8000574c (0x03b6f963) bgeu    a3, s11, pc + 50
core   0: 3 0x8000574c (0x03b6f963)
core   0: 0x8000577e (0x05bdc263) blt     s11, s11, pc + 68
core   0: 3 0x8000577e (0x05bdc263)
core   0: 0x80005782 (0x73a22eb7) lui     t4, 0x73a22
core   0: 3 0x80005782 (0x73a22eb7) x29 0x73a22000
core   0: 0x80005786 (0x135d8d93) addi    s11, s11, 309
core   0: 3 0x80005786 (0x135d8d93) x27 0x00000135
core   0: 0x8000578a (0x3c6ff993) andi    s3, t6, 966
core   0: 3 0x8000578a (0x3c6ff993) x19 0x00000000
core   0: 0x8000578e (0x00004871) c.li    a6, 28
core   0: 3 0x8000578e (0x4871) x16 0x0000001c
core   0: 0x80005790 (0x00008429) c.srai  s0, 10
core   0: 3 0x80005790 (0x8429) x 8 0x00000000
core   0: 0x80005792 (0x03a0cf63) blt     ra, s10, pc + 62
core   0: 3 0x80005792 (0x03a0cf63)
core   0: 0x800057d0 (0x40075613) srai    a2, a4, 0
core   0: 3 0x800057d0 (0x40075613) x12 0x00000000
core   0: 0x800057d4 (0x174db593) sltiu   a1, s11, 372
core   0: 3 0x800057d4 (0x174db593) x11 0x00000001
core   0: 0x800057d8 (0x00008c85) c.sub   s1, s1
core   0: 3 0x800057d8 (0x8c85) x 9 0x00000000
core   0: 0x800057da (0x03bc5833) divu    a6, s8, s11
core   0: 3 0x800057da (0x03bc5833) x16 0x00000000
core   0: 0x800057de (0x00008405) c.srai  s0, 1
core   0: 3 0x800057de (0x8405) x 8 0x00000000
core   0: 0x800057e0 (0x00008315) c.srli  a4, 5
core   0: 3 0x800057e0 (0x8315) x14 0x00000000
core   0: 0x800057e2 (0x05cec263) blt     t4, t3, pc + 68
core   0: 3 0x800057e2 (0x05cec263)
core   0: 0x800057e6 (0x00001510) c.addi4spn a2, sp, 672
core   0: 3 0x800057e6 (0x1510) x12 0x000015ad
core   0: 0x800057e8 (0x000010fd) c.addi  ra, -1
core   0: 3 0x800057e8 (0x10fd) x 1 0xffffffff
core   0: 0x800057ea (0x55639097) auipc   ra, 0x55639
core   0: 3 0x800057ea (0x55639097) x 1 0xd563e7ea
core   0: 0x800057ee (0x4c71c693) xori    a3, gp, 1223
core   0: 3 0x800057ee (0x4c71c693) x13 0x8c98d4c7
core   0: 0x800057f2 (0x01291263) bne     s2, s2, pc + 4
core   0: 3 0x800057f2 (0x01291263)
core   0: 0x800057f6 (0x02c283b3) mul     t2, t0, a2
core   0: 3 0x800057f6 (0x02c283b3) x 7 0x8c549000
core   0: 0x800057fa (0x085b7e63) bgeu    s6, t0, pc + 156
core   0: 3 0x800057fa (0x085b7e63)
core   0: 0x800057fe (0x00000001) c.nop
core   0: 3 0x800057fe (0x0001)
core   0: 0x80005800 (0x00009a7d) c.andi  a2, -1
core   0: 3 0x80005800 (0x9a7d) x12 0x000015ad
core   0: 0x80005802 (0x0000100f) fence.i
core   0: 3 0x80005802 (0x0000100f)
core   0: 0x80005806 (0x004d4763) blt     s10, tp, pc + 14
core   0: 3 0x80005806 (0x004d4763)
core   0: 0x8000580a (0x40f60bb3) sub     s7, a2, a5
core   0: 3 0x8000580a (0x40f60bb3) x23 0xfff56ad1
core   0: 0x8000580e (0x00008f61) c.and   a4, s0
core   0: 3 0x8000580e (0x8f61) x14 0x00000000
core   0: 0x80005810 (0x01c4df33) srl     t5, s1, t3
core   0: 3 0x80005810 (0x01c4df33) x30 0x00000000
core   0: 0x80005814 (0xf128de17) auipc   t3, 0xf128d
core   0: 3 0x80005814 (0xf128de17) x28 0x71292814
core   0: 0x80005818 (0x00001edc) c.addi4spn a5, sp, 884
core   0: 3 0x80005818 (0x1edc) x15 0x00001681
core   0: 0x8000581a (0x00c54033) xor     zero, a0, a2
core   0: 3 0x8000581a (0x00c54033)
core   0: 0x8000581e (0x037deeb3) rem     t4, s11, s7
core   0: 3 0x8000581e (0x037deeb3) x29 0x00000135
core   0: 0x80005822 (0x4061d713) srai    a4, gp, 6
core   0: 3 0x80005822 (0x4061d713) x14 0xfe326340
core   0: 0x80005826 (0x018882b3) add     t0, a7, s8
core   0: 3 0x80005826 (0x018882b3) x 5 0x80025e65
core   0: 0x8000582a (0x00a00693) li      a3, 10
core   0: 3 0x8000582a (0x00a00693) x13 0x0000000a
core   0: 0x8000582e (0x00000232) c.slli  tp, 12
core   0: 3 0x8000582e (0x0232) x 4 0x00000000
core   0: 0x80005830 (0x0000848d) c.srai  s1, 3
core   0: 3 0x80005830 (0x848d) x 9 0x00000000
core   0: 0x80005832 (0x00a00f93) li      t6, 10
core   0: 3 0x80005832 (0x00a00f93) x31 0x0000000a
core   0: 0x80005836 (0x000004f1) c.addi  s1, 28
core   0: 3 0x80005836 (0x04f1) x 9 0x0000001c
core   0: 0x80005838 (0x40b809b3) sub     s3, a6, a1
core   0: 3 0x80005838 (0x40b809b3) x19 0xffffffff
core   0: 0x8000583c (0x033992b3) mulh    t0, s3, s3
core   0: 3 0x8000583c (0x033992b3) x 5 0x00000000
core   0: 0x80005840 (0x03a57ab3) remu    s5, a0, s10
core   0: 3 0x80005840 (0x03a57ab3) x21 0x0000000d
core   0: 0x80005844 (0x00673633) sltu    a2, a4, t1
core   0: 3 0x80005844 (0x00673633) x12 0x00000000
core   0: 0x80005848 (0x01ceddb3) srl     s11, t4, t3
core   0: 3 0x80005848 (0x01ceddb3) x27 0x00000000
core   0: 0x8000584c (0x0f196293) ori     t0, s2, 241
core   0: 3 0x8000584c (0x0f196293) x 5 0x0001c0f1
core   0: 0x80005850 (0xbbcf3c13) sltiu   s8, t5, -1092
core   0: 3 0x80005850 (0xbbcf3c13) x24 0x00000001
core   0: 0x80005854 (0x00000f1e) c.slli  t5, 7
core   0: 3 0x80005854 (0x0f1e) x30 0x00000000
core   0: 0x80005856 (0x0000092a) c.slli  s2, 10
core   0: 3 0x80005856 (0x092a) x18 0x07000000
core   0: 0x80005858 (0xe4aba793) slti    a5, s7, -438
core   0: 3 0x80005858 (0xe4aba793) x15 0x00000001
core   0: 0x8000585c (0x000016e5) c.addi  a3, -7
core   0: 3 0x8000585c (0x16e5) x13 0x00000003
core   0: 0x8000585e (0xffd00413) li      s0, -3
core   0: 3 0x8000585e (0xffd00413) x 8 0xfffffffd
core   0: 0x80005862 (0xd381e313) ori     t1, gp, -712
core   0: 3 0x80005862 (0xd381e313) x 6 0xfffffd38
core   0: 0x80005866 (0x02631733) mulh    a4, t1, t1
core   0: 3 0x80005866 (0x02631733) x14 0x00000000
core   0: 0x8000586a (0x00b41333) sll     t1, s0, a1
core   0: 3 0x8000586a (0x00b41333) x 6 0xfffffffa
core   0: 0x8000586e (0x000087e1) c.srai  a5, 24
core   0: 3 0x8000586e (0x87e1) x15 0x00000000
core   0: 0x80005870 (0x00000001) c.nop
core   0: 3 0x80005870 (0x0001)
core   0: 0x80005872 (0x5514a213) slti    tp, s1, 1361
core   0: 3 0x80005872 (0x5514a213) x 4 0x00000001
core   0: 0x80005876 (0x00009a7d) c.andi  a2, -1
core   0: 3 0x80005876 (0x9a7d) x12 0x00000000
core   0: 0x80005878 (0x00000001) c.nop
core   0: 3 0x80005878 (0x0001)
core   0: 0x8000587a (0x0000040d) c.addi  s0, 3
core   0: 3 0x8000587a (0x040d) x 8 0x00000000
core   0: 0x8000587c (0x03a61833) mulh    a6, a2, s10
core   0: 3 0x8000587c (0x03a61833) x16 0x00000000
core   0: 0x80005880 (0xabee6b13) ori     s6, t3, -1346
core   0: 3 0x80005880 (0xabee6b13) x22 0xfffffabe
core   0: 0x80005884 (0x0000f875) c.bnez  s0, pc - 12
core   0: 3 0x80005884 (0xf875)
core   0: 0x80005886 (0xfbf6fbe3) bgeu    a3, t6, pc - 74
core   0: 3 0x80005886 (0xfbf6fbe3)
core   0: 0x8000588a (0x419801b3) sub     gp, a6, s9
core   0: 3 0x8000588a (0x419801b3) x 3 0x7ffd631c
core   0: 0x8000588e (0x00008071) c.srli  s0, 28
core   0: 3 0x8000588e (0x8071) x 8 0x00000000
core   0: 0x80005890 (0x00008495) c.srai  s1, 5
core   0: 3 0x80005890 (0x8495) x 9 0x00000000
core   0: 0x80005892 (0x0ff0000f) fence   iorw,iorw
core   0: 3 0x80005892 (0x0ff0000f)
core   0: 0x80005896 (0x00000001) c.nop
core   0: 3 0x80005896 (0x0001)
core   0: 0x80005898 (0x010f6633) or      a2, t5, a6
core   0: 3 0x80005898 (0x010f6633) x12 0x00000000
core   0: 0x8000589c (0x00009afd) c.andi  a3, -1
core   0: 3 0x8000589c (0x9afd) x13 0x00000003
core   0: 0x8000589e (0x0000cf01) c.beqz  a4, pc + 24
core   0: 3 0x8000589e (0xcf01)
core   0: 0x800058b6 (0x00009bb2) c.add   s7, a2
core   0: 3 0x800058b6 (0x9bb2) x23 0xfff56ad1
core   0: 0x800058b8 (0x002680b3) add     ra, a3, sp
core   0: 3 0x800058b8 (0x002680b3) x 1 0x00001310
core   0: 0x800058bc (0x0881d263) bge     gp, s0, pc + 132
core   0: 3 0x800058bc (0x0881d263)
core   0: 0x80005940 (0x00008025) c.srli  s0, 9
core   0: 3 0x80005940 (0x8025) x 8 0x00000000
core   0: 0x80005942 (0xda124613) xori    a2, tp, -607
core   0: 3 0x80005942 (0xda124613) x12 0xfffffda0
core   0: 0x80005946 (0x00e75693) srli    a3, a4, 14
core   0: 3 0x80005946 (0x00e75693) x13 0x00000000
core   0: 0x8000594a (0x02b88763) beq     a7, a1, pc + 46
core   0: 3 0x8000594a (0x02b88763)
core   0: 0x8000594e (0x0047ce63) blt     a5, tp, pc + 28
core   0: 3 0x8000594e (0x0047ce63)
core   0: 0x8000596a (0x02b27d63) bgeu    tp, a1, pc + 58
core   0: 3 0x8000596a (0x02b27d63)
core   0: 0x800059a4 (0x00001b8c) c.addi4spn a1, sp, 496
core   0: 3 0x800059a4 (0x1b8c) x11 0x000014fd
core   0: 0x800059a6 (0x00008e39) c.xor   a2, a4
core   0: 3 0x800059a6 (0x8e39) x12 0xfffffda0
core   0: 0x800059a8 (0x02b612b3) mulh    t0, a2, a1
core   0: 3 0x800059a8 (0x02b612b3) x 5 0xffffffff
core   0: 0x800059ac (0x00995413) srli    s0, s2, 9
core   0: 3 0x800059ac (0x00995413) x 8 0x00038000
core   0: 0x800059b0 (0x0000c0a1) c.beqz  s1, pc + 64
core   0: 3 0x800059b0 (0xc0a1)
core   0: 0x800059f0 (0x00008a65) c.andi  a2, 25
core   0: 3 0x800059f0 (0x8a65) x12 0x00000000
core   0: 0x800059f2 (0x013bc333) xor     t1, s7, s3
core   0: 3 0x800059f2 (0x013bc333) x 6 0x000a952e
core   0: 0x800059f6 (0x00008e91) c.sub   a3, a2
core   0: 3 0x800059f6 (0x8e91) x13 0x00000000
core   0: 0x800059f8 (0x0000c595) c.beqz  a1, pc + 44
core   0: 3 0x800059f8 (0xc595)
core   0: 0x800059fa (0x01a6a2b3) slt     t0, a3, s10
core   0: 3 0x800059fa (0x01a6a2b3) x 5 0x00000001
core   0: 0x800059fe (0x08416593) ori     a1, sp, 132
core   0: 3 0x800059fe (0x08416593) x11 0x0000138d
core   0: 0x80005a02 (0x00e21bb3) sll     s7, tp, a4
core   0: 3 0x80005a02 (0x00e21bb3) x23 0x00000001
core   0: 0x80005a06 (0x0000717d) c.addi16sp sp, -16
core   0: 3 0x80005a06 (0x717d) x 2 0x000012fd
core   0: 0x80005a08 (0x0000100f) fence.i
core   0: 3 0x80005a08 (0x0000100f)
core   0: 0x80005a0c (0x321a0493) addi    s1, s4, 801
core   0: 3 0x80005a0c (0x321a0493) x 9 0x00000626
core   0: 0x80005a10 (0x40cd5013) srai    zero, s10, 12
core   0: 3 0x80005a10 (0x40cd5013)
core   0: 0x80005a14 (0xda7fc317) auipc   t1, 0xda7fc
core   0: 3 0x80005a14 (0xda7fc317) x 6 0x5a801a14
core   0: 0x80005a18 (0x000043c5) c.li    t2, 17
core   0: 3 0x80005a18 (0x43c5) x 7 0x00000011
core   0: 0x80005a1a (0x00009a7d) c.andi  a2, -1
core   0: 3 0x80005a1a (0x9a7d) x12 0x00000000
core   0: 0x80005a1c (0x009dcd63) blt     s11, s1, pc + 26
core   0: 3 0x80005a1c (0x009dcd63)
core   0: 0x80005a36 (0x00006721) c.lui   a4, 0x8
core   0: 3 0x80005a36 (0x6721) x14 0x00008000
core   0: 0x80005a38 (0x026221b3) mulhsu  gp, tp, t1
core   0: 3 0x80005a38 (0x026221b3) x 3 0x00000000
core   0: 0x80005a3c (0x02a74a63) blt     a4, a0, pc + 52
core   0: 3 0x80005a3c (0x02a74a63)
core   0: 0x80005a40 (0x01c104b3) add     s1, sp, t3
core   0: 3 0x80005a40 (0x01c104b3) x 9 0x71293b11
core   0: 0x80005a44 (0x0000866d) c.srai  a2, 27
core   0: 3 0x80005a44 (0x866d) x12 0x00000000
core   0: 0x80005a46 (0x04ca0163) beq     s4, a2, pc + 66
core   0: 3 0x80005a46 (0x04ca0163)
core   0: 0x80005a4a (0x00000001) c.nop
core   0: 3 0x80005a4a (0x0001)
core   0: 0x80005a4c (0x038fa233) mulhsu  tp, t6, s8
core   0: 3 0x80005a4c (0x038fa233) x 4 0x00000000
core   0: 0x80005a50 (0x03a32733) mulhsu  a4, t1, s10
core   0: 3 0x80005a50 (0x03a32733) x14 0x00000162
core   0: 0x80005a54 (0x00008fed) c.and   a5, a1
core   0: 3 0x80005a54 (0x8fed) x15 0x00000000
core   0: 0x80005a56 (0x0330cab3) div     s5, ra, s3
core   0: 3 0x80005a56 (0x0330cab3) x21 0xffffecf0
core   0: 0x80005a5a (0x01ea5263) bge     s4, t5, pc + 4
core   0: 3 0x80005a5a (0x01ea5263)
core   0: 0x80005a5e (0x40b5d493) srai    s1, a1, 11
core   0: 3 0x80005a5e (0x40b5d493) x 9 0x00000002
core   0: 0x80005a62 (0x03d24ab3) div     s5, tp, t4
core   0: 3 0x80005a62 (0x03d24ab3) x21 0x00000000
core   0: 0x80005a66 (0x400609b3) sub     s3, a2, zero
core   0: 3 0x80005a66 (0x400609b3) x19 0x00000000
core   0: 0x80005a6a (0x00000672) c.slli  a2, 28
core   0: 3 0x80005a6a (0x0672) x12 0x00000000
core   0: 0x80005a6c (0x02125eb3) divu    t4, tp, ra
core   0: 3 0x80005a6c (0x02125eb3) x29 0x00000000
core   0: 0x80005a70 (0x0000664d) c.lui   a2, 0x13
core   0: 3 0x80005a70 (0x664d) x12 0x00013000
core   0: 0x80005a72 (0x0095d563) bge     a1, s1, pc + 10
core   0: 3 0x80005a72 (0x0095d563)
core   0: 0x80005a7c (0x0000804d) c.srli  s0, 19
core   0: 3 0x80005a7c (0x804d) x 8 0x00000000
core   0: 0x80005a7e (0x8cb70ab7) lui     s5, 0x8cb70
core   0: 3 0x80005a7e (0x8cb70ab7) x21 0x8cb70000
core   0: 0x80005a82 (0x01007633) and     a2, zero, a6
core   0: 3 0x80005a82 (0x01007633) x12 0x00000000
core   0: 0x80005a86 (0x00000001) c.nop
core   0: 3 0x80005a86 (0x0001)
core   0: 0x80005a88 (0x025b35b3) mulhu   a1, s6, t0
core   0: 3 0x80005a88 (0x025b35b3) x11 0x00000000
core   0: 0x80005a8c (0x000010fd) c.addi  ra, -1
core   0: 3 0x80005a8c (0x10fd) x 1 0x0000130f
core   0: 0x80005a8e (0x41368eb3) sub     t4, a3, s3
core   0: 3 0x80005a8e (0x41368eb3) x29 0x00000000
core   0: 0x80005a92 (0x02920163) beq     tp, s1, pc + 34
core   0: 3 0x80005a92 (0x02920163)
core   0: 0x80005a96 (0x00008ca9) c.xor   s1, a0
core   0: 3 0x80005a96 (0x8ca9) x 9 0x0000000f
core   0: 0x80005a98 (0x006fcc33) xor     s8, t6, t1
core   0: 3 0x80005a98 (0x006fcc33) x24 0x5a801a1e
core   0: 0x80005a9c (0x03dc0bb3) mul     s7, s8, t4
core   0: 3 0x80005a9c (0x03dc0bb3) x23 0x00000000
core   0: 0x80005aa0 (0x00e53233) sltu    tp, a0, a4
core   0: 3 0x80005aa0 (0x00e53233) x 4 0x00000001
core   0: 0x80005aa4 (0x03c10133) mul     sp, sp, t3
core   0: 3 0x80005aa4 (0x03c10133) x 2 0xba7e03c4
core   0: 0x80005aa8 (0x00abe3b3) or      t2, s7, a0
core   0: 3 0x80005aa8 (0x00abe3b3) x 7 0x0000000d
core   0: 0x80005aac (0x319553b7) lui     t2, 0x31955
core   0: 3 0x80005aac (0x319553b7) x 7 0x31955000
core   0: 0x80005ab0 (0x02fc9733) mulh    a4, s9, a5
core   0: 3 0x80005ab0 (0x02fc9733) x14 0x00000000
core   0: 0x80005ab4 (0x0069b7b3) sltu    a5, s3, t1
core   0: 3 0x80005ab4 (0x0069b7b3) x15 0x00000001
core   0: 0x80005ab8 (0x00006141) c.addi16sp sp, 16
core   0: 3 0x80005ab8 (0x6141) x 2 0xba7e03d4
core   0: 0x80005aba (0x00008e25) c.xor   a2, s1
core   0: 3 0x80005aba (0x8e25) x12 0x0000000f
core   0: 0x80005abc (0x028a4e33) div     t3, s4, s0
core   0: 3 0x80005abc (0x028a4e33) x28 0xffffffff
core   0: 0x80005ac0 (0x00006109) c.addi16sp sp, 128
core   0: 3 0x80005ac0 (0x6109) x 2 0xba7e0454
core   0: 0x80005ac2 (0x00f38333) add     t1, t2, a5
core   0: 3 0x80005ac2 (0x00f38333) x 6 0x31955001
core   0: 0x80005ac6 (0x000006ca) c.slli  a3, 18
core   0: 3 0x80005ac6 (0x06ca) x13 0x00000000
core   0: 0x80005ac8 (0x01905193) srli    gp, zero, 25
core   0: 3 0x80005ac8 (0x01905193) x 3 0x00000000
core   0: 0x80005acc (0x005dedb3) or      s11, s11, t0
core   0: 3 0x80005acc (0x005dedb3) x27 0x00000001
core   0: 0x80005ad0 (0x00000001) c.nop
core   0: 3 0x80005ad0 (0x0001)
core   0: 0x80005ad2 (0x00008f0d) c.sub   a4, a1
core   0: 3 0x80005ad2 (0x8f0d) x14 0x00000000
core   0: 0x80005ad4 (0x00008c51) c.or    s0, a2
core   0: 3 0x80005ad4 (0x8c51) x 8 0x0000000f
core   0: 0x80005ad6 (0x6c032113) slti    sp, t1, 1728
core   0: 3 0x80005ad6 (0x6c032113) x 2 0x00000000
core   0: 0x80005ada (0x00801833) sll     a6, zero, s0
core   0: 3 0x80005ada (0x00801833) x16 0x00000000
core   0: 0x80005ade (0x00008df2) c.mv    s11, t3
core   0: 3 0x80005ade (0x8df2) x27 0xffffffff
core   0: 0x80005ae0 (0x00008eed) c.and   a3, a1
core   0: 3 0x80005ae0 (0x8eed) x13 0x00000000
core   0: 0x80005ae2 (0xb3242597) auipc   a1, 0xb3242
core   0: 3 0x80005ae2 (0xb3242597) x11 0x33247ae2
core   0: 0x80005ae6 (0x00009b7d) c.andi  a4, -1
core   0: 3 0x80005ae6 (0x9b7d) x14 0x00000000
core   0: 0x80005ae8 (0x000088c1) c.andi  s1, 16
core   0: 3 0x80005ae8 (0x88c1) x 9 0x00000000
core   0: 0x80005aea (0x0000100f) fence.i
core   0: 3 0x80005aea (0x0000100f)
core   0: 0x80005aee (0x0000100f) fence.i
core   0: 3 0x80005aee (0x0000100f)
core   0: 0x80005af2 (0x00000001) c.nop
core   0: 3 0x80005af2 (0x0001)
core   0: 0x80005af4 (0x0332c4b3) div     s1, t0, s3
core   0: 3 0x80005af4 (0x0332c4b3) x 9 0xffffffff
core   0: 0x80005af8 (0x01daf663) bgeu    s5, t4, pc + 12
core   0: 3 0x80005af8 (0x01daf663)
core   0: 0x80005b04 (0x0000717d) c.addi16sp sp, -16
core   0: 3 0x80005b04 (0x717d) x 2 0xfffffff0
core   0: 0x80005b06 (0x40ef5293) srai    t0, t5, 14
core   0: 3 0x80005b06 (0x40ef5293) x 5 0x00000000
core   0: 0x80005b0a (0x02fb44b3) div     s1, s6, a5
core   0: 3 0x80005b0a (0x02fb44b3) x 9 0xfffffabe
core   0: 0x80005b0e (0x00000001) c.nop
core   0: 3 0x80005b0e (0x0001)
core   0: 0x80005b10 (0x00008df9) c.and   a1, a4
core   0: 3 0x80005b10 (0x8df9) x11 0x00000000
core   0: 0x80005b12 (0x03c73eb3) mulhu   t4, a4, t3
core   0: 3 0x80005b12 (0x03c73eb3) x29 0x00000000
core   0: 0x80005b16 (0x02239b33) mulh    s6, t2, sp
core   0: 3 0x80005b16 (0x02239b33) x22 0xfffffffc
core   0: 0x80005b1a (0x0000e321) c.bnez  a4, pc + 64
core   0: 3 0x80005b1a (0xe321)
core   0: 0x80005b1c (0x027827b3) mulhsu  a5, a6, t2
core   0: 3 0x80005b1c (0x027827b3) x15 0x00000000
core   0: 0x80005b20 (0x02925163) bge     tp, s1, pc + 34
core   0: 3 0x80005b20 (0x02925163)
core   0: 0x80005b42 (0x03706bb3) rem     s7, zero, s7
core   0: 3 0x80005b42 (0x03706bb3) x23 0x00000000
core   0: 0x80005b46 (0x287a8313) addi    t1, s5, 647
core   0: 3 0x80005b46 (0x287a8313) x 6 0x8cb70287
core   0: 0x80005b4a (0xda16ed93) ori     s11, a3, -607
core   0: 3 0x80005b4a (0xda16ed93) x27 0xfffffda1
core   0: 0x80005b4e (0x402e02b3) sub     t0, t3, sp
core   0: 3 0x80005b4e (0x402e02b3) x 5 0x0000000f
core   0: 0x80005b52 (0x632b7d13) andi    s10, s6, 1586
core   0: 3 0x80005b52 (0x632b7d13) x26 0x00000630
core   0: 0x80005b56 (0x02c91bb3) mulh    s7, s2, a2
core   0: 3 0x80005b56 (0x02c91bb3) x23 0x00000000
core   0: 0x80005b5a (0x00008ee5) c.and   a3, s1
core   0: 3 0x80005b5a (0x8ee5) x13 0x00000000
core   0: 0x80005b5c (0x00008c0d) c.sub   s0, a1
core   0: 3 0x80005b5c (0x8c0d) x 8 0x0000000f
core   0: 0x80005b5e (0x00c68733) add     a4, a3, a2
core   0: 3 0x80005b5e (0x00c68733) x14 0x0000000f
core   0: 0x80005b62 (0x0000987d) c.andi  s0, -1
core   0: 3 0x80005b62 (0x987d) x 8 0x0000000f
core   0: 0x80005b64 (0x00008461) c.srai  s0, 24
core   0: 3 0x80005b64 (0x8461) x 8 0x00000000
core   0: 0x80005b66 (0x02f0feb3) remu    t4, ra, a5
core   0: 3 0x80005b66 (0x02f0feb3) x29 0x0000130f
core   0: 0x80005b6a (0x194e8993) addi    s3, t4, 404
core   0: 3 0x80005b6a (0x194e8993) x19 0x000014a3
core   0: 0x80005b6e (0x04f06363) bltu    zero, a5, pc + 70
core   0: 3 0x80005b6e (0x04f06363)
core   0: 0x80005b72 (0x00008469) c.srai  s0, 26
core   0: 3 0x80005b72 (0x8469) x 8 0x00000000
core   0: 0x80005b74 (0xb4c28393) addi    t2, t0, -1204
core   0: 3 0x80005b74 (0xb4c28393) x 7 0xfffffb5b
core   0: 0x80005b78 (0x00b872b3) and     t0, a6, a1
core   0: 3 0x80005b78 (0x00b872b3) x 5 0x00000000
core   0: 0x80005b7c (0xd7747113) andi    sp, s0, -649
core   0: 3 0x80005b7c (0xd7747113) x 2 0x00000000
core   0: 0x80005b80 (0x0000ec11) c.bnez  s0, pc + 28
core   0: 3 0x80005b80 (0xec11)
core   0: 0x80005b82 (0x0000100f) fence.i
core   0: 3 0x80005b82 (0x0000100f)
core   0: 0x80005b86 (0x00aa60b3) or      ra, s4, a0
core   0: 3 0x80005b86 (0x00aa60b3) x 1 0x0000030d
core   0: 0x80005b8a (0x412ad793) srai    a5, s5, 18
core   0: 3 0x80005b8a (0x412ad793) x15 0xffffe32d
core   0: 0x80005b8e (0xa5b9fe93) andi    t4, s3, -1445
core   0: 3 0x80005b8e (0xa5b9fe93) x29 0x00001003
core   0: 0x80005b92 (0x03965663) bge     a2, s9, pc + 44
core   0: 3 0x80005b92 (0x03965663)
core   0: 0x80005bbe (0x0252f0b3) remu    ra, t0, t0
core   0: 3 0x80005bbe (0x0252f0b3) x 1 0x00000000
core   0: 0x80005bc2 (0x40825a93) srai    s5, tp, 8
core   0: 3 0x80005bc2 (0x40825a93) x21 0x00000000
core   0: 0x80005bc6 (0x01e105b3) add     a1, sp, t5
core   0: 3 0x80005bc6 (0x01e105b3) x11 0x00000000
core   0: 0x80005bca (0x00000f52) c.slli  t5, 20
core   0: 3 0x80005bca (0x0f52) x30 0x00000000
core   0: 0x80005bcc (0x000084c2) c.mv    s1, a6
core   0: 3 0x80005bcc (0x84c2) x 9 0x00000000
core   0: 0x80005bce (0x3fdfbe13) sltiu   t3, t6, 1021
core   0: 3 0x80005bce (0x3fdfbe13) x28 0x00000001
core   0: 0x80005bd2 (0x01101f33) sll     t5, zero, a7
core   0: 3 0x80005bd2 (0x01101f33) x30 0x00000000
core   0: 0x80005bd6 (0x01d30c63) beq     t1, t4, pc + 24
core   0: 3 0x80005bd6 (0x01d30c63)
core   0: 0x80005bda (0x0000017a) c.slli  sp, 30
core   0: 3 0x80005bda (0x017a) x 2 0x00000000
core   0: 0x80005bdc (0x03d9de63) bge     s3, t4, pc + 60
core   0: 3 0x80005bdc (0x03d9de63)
core   0: 0x80005c18 (0x024bdb63) bge     s7, tp, pc + 54
core   0: 3 0x80005c18 (0x024bdb63)
core   0: 0x80005c1c (0x000094de) c.add   s1, s7
core   0: 3 0x80005c1c (0x94de) x 9 0x00000000
core   0: 0x80005c1e (0x0000c305) c.beqz  a4, pc + 32
core   0: 3 0x80005c1e (0xc305)
core   0: 0x80005c20 (0x00008311) c.srli  a4, 4
core   0: 3 0x80005c20 (0x8311) x14 0x00000000
core   0: 0x80005c22 (0x02322d33) mulhsu  s10, tp, gp
core   0: 3 0x80005c22 (0x02322d33) x26 0x00000000
core   0: 0x80005c26 (0x00008e21) c.xor   a2, s0
core   0: 3 0x80005c26 (0x8e21) x12 0x0000000f
core   0: 0x80005c28 (0x0000e309) c.bnez  a4, pc + 2
core   0: 3 0x80005c28 (0xe309)
core   0: 0x80005c2a (0x00308bb3) add     s7, ra, gp
core   0: 3 0x80005c2a (0x00308bb3) x23 0x00000000
core   0: 0x80005c2e (0x00fb5463) bge     s6, a5, pc + 8
core   0: 3 0x80005c2e (0x00fb5463)
core   0: 0x80005c36 (0x030ab633) mulhu   a2, s5, a6
core   0: 3 0x80005c36 (0x030ab633) x12 0x00000000
core   0: 0x80005c3a (0x00000eae) c.slli  t4, 11
core   0: 3 0x80005c3a (0x0eae) x29 0x00801800
core   0: 0x80005c3c (0x0000844e) c.mv    s0, s3
core   0: 3 0x80005c3c (0x844e) x 8 0x000014a3
core   0: 0x80005c3e (0x01f59733) sll     a4, a1, t6
core   0: 3 0x80005c3e (0x01f59733) x14 0x00000000
core   0: 0x80005c42 (0x29ce0917) auipc   s2, 0x29ce0
core   0: 3 0x80005c42 (0x29ce0917) x18 0xa9ce5c42
core   0: 0x80005c46 (0x458b8093) addi    ra, s7, 1112
core   0: 3 0x80005c46 (0x458b8093) x 1 0x00000458
core   0: 0x80005c4a (0x02e63ab3) mulhu   s5, a2, a4
core   0: 3 0x80005c4a (0x02e63ab3) x21 0x00000000
core   0: 0x80005c4e (0x005e7eb3) and     t4, t3, t0
core   0: 3 0x80005c4e (0x005e7eb3) x29 0x00000000
core   0: 0x80005c52 (0xde7e6993) ori     s3, t3, -537
core   0: 3 0x80005c52 (0xde7e6993) x19 0xfffffde7
core   0: 0x80005c56 (0x40cf5093) srai    ra, t5, 12
core   0: 3 0x80005c56 (0x40cf5093) x 1 0x00000000
core   0: 0x80005c5a (0x03b1b3b3) mulhu   t2, gp, s11
core   0: 3 0x80005c5a (0x03b1b3b3) x 7 0x00000000
core   0: 0x80005c5e (0x00475633) srl     a2, a4, tp
core   0: 3 0x80005c5e (0x00475633) x12 0x00000000
core   0: 0x80005c62 (0x7010ff97) auipc   t6, 0x7010f
core   0: 3 0x80005c62 (0x7010ff97) x31 0xf0114c62
core   0: 0x80005c66 (0x00000001) c.nop
core   0: 3 0x80005c66 (0x0001)
core   0: 0x80005c68 (0x00008c01) c.sub   s0, s0
core   0: 3 0x80005c68 (0x8c01) x 8 0x00000000
core   0: 0x80005c6a (0x0000717d) c.addi16sp sp, -16
core   0: 3 0x80005c6a (0x717d) x 2 0xfffffff0
core   0: 0x80005c6c (0x40d180b3) sub     ra, gp, a3
core   0: 3 0x80005c6c (0x40d180b3) x 1 0x00000000
core   0: 0x80005c70 (0x4061da93) srai    s5, gp, 6
core   0: 3 0x80005c70 (0x4061da93) x21 0x00000000
core   0: 0x80005c74 (0x00101c63) bne     zero, ra, pc + 24
core   0: 3 0x80005c74 (0x00101c63)
core   0: 0x80005c78 (0x0000100f) fence.i
core   0: 3 0x80005c78 (0x0000100f)
core   0: 0x80005c7c (0xd4290297) auipc   t0, 0xd4290
core   0: 3 0x80005c7c (0xd4290297) x 5 0x54295c7c
core   0: 0x80005c80 (0x01524bb3) xor     s7, tp, s5
core   0: 3 0x80005c80 (0x01524bb3) x23 0x00000001
core   0: 0x80005c84 (0xe73b3b13) sltiu   s6, s6, -397
core   0: 3 0x80005c84 (0xe73b3b13) x22 0x00000000
core   0: 0x80005c88 (0x0000e81d) c.bnez  s0, pc + 54
core   0: 3 0x80005c88 (0xe81d)
core   0: 0x80005c8a (0x00000001) c.nop
core   0: 3 0x80005c8a (0x0001)
core   0: 0x80005c8c (0x00008c2d) c.xor   s0, a1
core   0: 3 0x80005c8c (0x8c2d) x 8 0x00000000
core   0: 0x80005c8e (0x00add863) bge     s11, a0, pc + 16
core   0: 3 0x80005c8e (0x00add863)
core   0: 0x80005c92 (0x01702f33) slt     t5, zero, s7
core   0: 3 0x80005c92 (0x01702f33) x30 0x00000001
core   0: 0x80005c96 (0x03dbaab3) mulhsu  s5, s7, t4
core   0: 3 0x80005c96 (0x03dbaab3) x21 0x00000000
core   0: 0x80005c9a (0x01865433) srl     s0, a2, s8
core   0: 3 0x80005c9a (0x01865433) x 8 0x00000000
core   0: 0x80005c9e (0x600ef313) andi    t1, t4, 1536
core   0: 3 0x80005c9e (0x600ef313) x 6 0x00000000
core   0: 0x80005ca2 (0x00000001) c.nop
core   0: 3 0x80005ca2 (0x0001)
core   0: 0x80005ca4 (0x00008f41) c.or    a4, s0
core   0: 3 0x80005ca4 (0x8f41) x14 0x00000000
core   0: 0x80005ca6 (0x41a35333) sra     t1, t1, s10
core   0: 3 0x80005ca6 (0x41a35333) x 6 0x00000000
core   0: 0x80005caa (0x000053fd) c.li    t2, -1
core   0: 3 0x80005caa (0x53fd) x 7 0xffffffff
core   0: 0x80005cac (0x02fdc363) blt     s11, a5, pc + 38
core   0: 3 0x80005cac (0x02fdc363)
core   0: 0x80005cb0 (0x000081ea) c.mv    gp, s10
core   0: 3 0x80005cb0 (0x81ea) x 3 0x00000000
core   0: 0x80005cb2 (0x017e9263) bne     t4, s7, pc + 4
core   0: 3 0x80005cb2 (0x017e9263)
core   0: 0x80005cb6 (0x01ea74b3) and     s1, s4, t5
core   0: 3 0x80005cb6 (0x01ea74b3) x 9 0x00000001
core   0: 0x80005cba (0xeb30e013) ori     zero, ra, -333
core   0: 3 0x80005cba (0xeb30e013)
core   0: 0x80005cbe (0x00f64663) blt     a2, a5, pc + 12
core   0: 3 0x80005cbe (0x00f64663)
core   0: 0x80005cc2 (0x404fd613) srai    a2, t6, 4
core   0: 3 0x80005cc2 (0x404fd613) x12 0xff0114c6
core   0: 0x80005cc6 (0x03d62833) mulhsu  a6, a2, t4
core   0: 3 0x80005cc6 (0x03d62833) x16 0x00000000
core   0: 0x80005cca (0xe61aec13) ori     s8, s5, -415
core   0: 3 0x80005cca (0xe61aec13) x24 0xfffffe61
core   0: 0x80005cce (0x00008d89) c.sub   a1, a0
core   0: 3 0x80005cce (0x8d89) x11 0xfffffff3
core   0: 0x80005cd0 (0x00008c65) c.and   s0, s1
core   0: 3 0x80005cd0 (0x8c65) x 8 0x00000000
core   0: 0x80005cd2 (0x029322b3) mulhsu  t0, t1, s1
core   0: 3 0x80005cd2 (0x029322b3) x 5 0x00000000
core   0: 0x80005cd6 (0x0345b2b3) mulhu   t0, a1, s4
core   0: 3 0x80005cd6 (0x0345b2b3) x 5 0x00000304
core   0: 0x80005cda (0x65cce493) ori     s1, s9, 1628
core   0: 3 0x80005cda (0x65cce493) x 9 0x80029efc
core   0: 0x80005cde (0x09440393) addi    t2, s0, 148
core   0: 3 0x80005cde (0x09440393) x 7 0x00000094
core   0: 0x80005ce2 (0x0000147d) c.addi  s0, -1
core   0: 3 0x80005ce2 (0x147d) x 8 0xffffffff
core   0: 0x80005ce4 (0xf0aabd93) sltiu   s11, s5, -246
core   0: 3 0x80005ce4 (0xf0aabd93) x27 0x00000001
core   0: 0x80005ce8 (0x03eff463) bgeu    t6, t5, pc + 40
core   0: 3 0x80005ce8 (0x03eff463)
core   0: 0x80005d10 (0x00008df5) c.and   a1, a3
core   0: 3 0x80005d10 (0x8df5) x11 0x00000000
core   0: 0x80005d12 (0xc7c7be13) sltiu   t3, a5, -900
core   0: 3 0x80005d12 (0xc7c7be13) x28 0x00000001
core   0: 0x80005d16 (0x00008e65) c.and   a2, s1
core   0: 3 0x80005d16 (0x8e65) x12 0x800014c4
core   0: 0x80005d18 (0x020e1133) mulh    sp, t3, zero
core   0: 3 0x80005d18 (0x020e1133) x 2 0x00000000
core   0: 0x80005d1c (0x0000023a) c.slli  tp, 14
core   0: 3 0x80005d1c (0x023a) x 4 0x00004000
core   0: 0x80005d1e (0x2a528613) addi    a2, t0, 677
core   0: 3 0x80005d1e (0x2a528613) x12 0x000005a9
core   0: 0x80005d22 (0x50f78c37) lui     s8, 0x50f78
core   0: 3 0x80005d22 (0x50f78c37) x24 0x50f78000
core   0: 0x80005d26 (0x00000001) c.nop
core   0: 3 0x80005d26 (0x0001)
core   0: 0x80005d28 (0x5ad3a413) slti    s0, t2, 1453
core   0: 3 0x80005d28 (0x5ad3a413) x 8 0x00000001
core   0: 0x80005d2c (0x3bb0b213) sltiu   tp, ra, 955
core   0: 3 0x80005d2c (0x3bb0b213) x 4 0x00000001
core   0: 0x80005d30 (0x008981b3) add     gp, s3, s0
core   0: 3 0x80005d30 (0x008981b3) x 3 0xfffffde8
core   0: 0x80005d34 (0x00008a46) c.mv    s4, a7
core   0: 3 0x80005d34 (0x8a46) x20 0x80025e64
core   0: 0x80005d36 (0x005cf0b3) and     ra, s9, t0
core   0: 3 0x80005d36 (0x005cf0b3) x 1 0x00000004
core   0: 0x80005d3a (0x00009f5e) c.add   t5, s7
core   0: 3 0x80005d3a (0x9f5e) x30 0x00000002
core   0: 0x80005d3c (0x0000c085) c.beqz  s1, pc + 32
core   0: 3 0x80005d3c (0xc085)
core   0: 0x80005d3e (0x035b00b3) mul     ra, s6, s5
core   0: 3 0x80005d3e (0x035b00b3) x 1 0x00000000
core   0: 0x80005d42 (0x037e8633) mul     a2, t4, s7
core   0: 3 0x80005d42 (0x037e8633) x12 0x00000000
core   0: 0x80005d46 (0x02384db3) div     s11, a6, gp
core   0: 3 0x80005d46 (0x02384db3) x27 0x00000000
core   0: 0x80005d4a (0x02f1ff63) bgeu    gp, a5, pc + 62
core   0: 3 0x80005d4a (0x02f1ff63)
core   0: 0x80005d88 (0x002236b3) sltu    a3, tp, sp
core   0: 3 0x80005d88 (0x002236b3) x13 0x00000000
core   0: 0x80005d8c (0x000082f6) c.mv    t0, t4
core   0: 3 0x80005d8c (0x82f6) x 5 0x00000000
core   0: 0x80005d8e (0x010b4263) blt     s6, a6, pc + 4
core   0: 3 0x80005d8e (0x010b4263)
core   0: 0x80005d92 (0x0000c3a1) c.beqz  a5, pc + 64
core   0: 3 0x80005d92 (0xc3a1)
core   0: 0x80005d94 (0x00006459) c.lui   s0, 0x16
core   0: 3 0x80005d94 (0x6459) x 8 0x00016000
core   0: 0x80005d96 (0x00000aee) c.slli  s5, 27
core   0: 3 0x80005d96 (0x0aee) x21 0x00000000
core   0: 0x80005d98 (0x03e28fb3) mul     t6, t0, t5
core   0: 3 0x80005d98 (0x03e28fb3) x31 0x00000000
core   0: 0x80005d9c (0x00000001) c.nop
core   0: 3 0x80005d9c (0x0001)
core   0: 0x80005d9e (0x02aa9c63) bne     s5, a0, pc + 56
core   0: 3 0x80005d9e (0x02aa9c63)
core   0: 0x80005dd6 (0x00e665b3) or      a1, a2, a4
core   0: 3 0x80005dd6 (0x00e665b3) x11 0x00000000
core   0: 0x80005dda (0x0000814a) c.mv    sp, s2
core   0: 3 0x80005dda (0x814a) x 2 0xa9ce5c42
core   0: 0x80005ddc (0x02ab5333) divu    t1, s6, a0
core   0: 3 0x80005ddc (0x02ab5333) x 6 0x00000000
core   0: 0x80005de0 (0x17d61bb7) lui     s7, 0x17d61
core   0: 3 0x80005de0 (0x17d61bb7) x23 0x17d61000
core   0: 0x80005de4 (0x03c81d33) mulh    s10, a6, t3
core   0: 3 0x80005de4 (0x03c81d33) x26 0x00000000
core   0: 0x80005de8 (0x0ad48693) addi    a3, s1, 173
core   0: 3 0x80005de8 (0x0ad48693) x13 0x80029fa9
core   0: 0x80005dec (0xd2804113) xori    sp, zero, -728
core   0: 3 0x80005dec (0xd2804113) x 2 0xfffffd28
core   0: 0x80005df0 (0x01bba733) slt     a4, s7, s11
core   0: 3 0x80005df0 (0x01bba733) x14 0x00000000
core   0: 0x80005df4 (0x400d5113) srai    sp, s10, 0
core   0: 3 0x80005df4 (0x400d5113) x 2 0x00000000
core   0: 0x80005df8 (0x0166f033) and     zero, a3, s6
core   0: 3 0x80005df8 (0x0166f033)
core   0: 0x80005dfc (0x402406b3) sub     a3, s0, sp
core   0: 3 0x80005dfc (0x402406b3) x13 0x00016000
core   0: 0x80005e00 (0x87fd0093) addi    ra, s10, -1921
core   0: 3 0x80005e00 (0x87fd0093) x 1 0xfffff87f
core   0: 0x80005e04 (0x1b656c13) ori     s8, a0, 438
core   0: 3 0x80005e04 (0x1b656c13) x24 0x000001bf
core   0: 0x80005e08 (0x00b9d233) srl     tp, s3, a1
core   0: 3 0x80005e08 (0x00b9d233) x 4 0xfffffde7
core   0: 0x80005e0c (0x00008d99) c.sub   a1, a4
core   0: 3 0x80005e0c (0x8d99) x11 0x00000000
core   0: 0x80005e0e (0x00386eb3) or      t4, a6, gp
core   0: 3 0x80005e0e (0x00386eb3) x29 0xfffffde8
core   0: 0x80005e12 (0x8f0e6593) ori     a1, t3, -1808
core   0: 3 0x80005e12 (0x8f0e6593) x11 0xfffff8f1
core   0: 0x80005e16 (0x000083b2) c.mv    t2, a2
core   0: 3 0x80005e16 (0x83b2) x 7 0x00000000
core   0: 0x80005e18 (0x03dc6033) rem     zero, s8, t4
core   0: 3 0x80005e18 (0x03dc6033)
core   0: 0x80005e1c (0x0038dc33) srl     s8, a7, gp
core   0: 3 0x80005e1c (0x0038dc33) x24 0x0080025e
core   0: 0x80005e20 (0x0000969a) c.add   a3, t1
core   0: 3 0x80005e20 (0x969a) x13 0x00016000
core   0: 0x80005e22 (0x019122b3) slt     t0, sp, s9
core   0: 3 0x80005e22 (0x019122b3) x 5 0x00000000
core   0: 0x80005e26 (0x00f0fc63) bgeu    ra, a5, pc + 24
core   0: 3 0x80005e26 (0x00f0fc63)
core   0: 0x80005e3e (0xa9c6fb37) lui     s6, 0xa9c6f
core   0: 3 0x80005e3e (0xa9c6fb37) x22 0xa9c6f000
core   0: 0x80005e42 (0x03878663) beq     a5, s8, pc + 44
core   0: 3 0x80005e42 (0x03878663)
core   0: 0x80005e46 (0x00008389) c.srli  a5, 2
core   0: 3 0x80005e46 (0x8389) x15 0x3ffff8cb
core   0: 0x80005e48 (0x46d80113) addi    sp, a6, 1133
core   0: 3 0x80005e48 (0x46d80113) x 2 0x0000046d
core   0: 0x80005e4c (0x40c259b3) sra     s3, tp, a2
core   0: 3 0x80005e4c (0x40c259b3) x19 0xfffffde7
core   0: 0x80005e50 (0x00008db1) c.xor   a1, a2
core   0: 3 0x80005e50 (0x8db1) x11 0xfffff8f1
core   0: 0x80005e52 (0x008d7663) bgeu    s10, s0, pc + 12
core   0: 3 0x80005e52 (0x008d7663)
core   0: 0x80005e56 (0x022d57b3) divu    a5, s10, sp
core   0: 3 0x80005e56 (0x022d57b3) x15 0x00000000
core   0: 0x80005e5a (0x038c6c63) bltu    s8, s8, pc + 56
core   0: 3 0x80005e5a (0x038c6c63)
core   0: 0x80005e5e (0x03ed3eb3) mulhu   t4, s10, t5
core   0: 3 0x80005e5e (0x03ed3eb3) x29 0x00000000
core   0: 0x80005e62 (0x00008cfd) c.and   s1, a5
core   0: 3 0x80005e62 (0x8cfd) x 9 0x00000000
core   0: 0x80005e64 (0x02cab133) mulhu   sp, s5, a2
core   0: 3 0x80005e64 (0x02cab133) x 2 0x00000000
core   0: 0x80005e68 (0xe1663293) sltiu   t0, a2, -490
core   0: 3 0x80005e68 (0xe1663293) x 5 0x00000001
core   0: 0x80005e6c (0x00008dc5) c.or    a1, s1
core   0: 3 0x80005e6c (0x8dc5) x11 0xfffff8f1
core   0: 0x80005e6e (0x03d1e663) bltu    gp, t4, pc + 44
core   0: 3 0x80005e6e (0x03d1e663)
core   0: 0x80005e72 (0x03e07133) remu    sp, zero, t5
core   0: 3 0x80005e72 (0x03e07133) x 2 0x00000000
core   0: 0x80005e76 (0x0ff0000f) fence   iorw,iorw
core   0: 3 0x80005e76 (0x0ff0000f)
core   0: 0x80005e7a (0x018cbbb3) sltu    s7, s9, s8
core   0: 3 0x80005e7a (0x018cbbb3) x23 0x00000000
core   0: 0x80005e7e (0x0150ceb3) xor     t4, ra, s5
core   0: 3 0x80005e7e (0x0150ceb3) x29 0xfffff87f
core   0: 0x80005e82 (0x025f8e63) beq     t6, t0, pc + 60
core   0: 3 0x80005e82 (0x025f8e63)
core   0: 0x80005e86 (0x0000100f) fence.i
core   0: 3 0x80005e86 (0x0000100f)
core   0: 0x80005e8a (0x86bd6413) ori     s0, s10, -1941
core   0: 3 0x80005e8a (0x86bd6413) x 8 0xfffff86b
core   0: 0x80005e8e (0x5cfa9db7) lui     s11, 0x5cfa9
core   0: 3 0x80005e8e (0x5cfa9db7) x27 0x5cfa9000
core   0: 0x80005e92 (0x028235b3) mulhu   a1, tp, s0
core   0: 3 0x80005e92 (0x028235b3) x11 0xfffff652
core   0: 0x80005e96 (0x0131d913) srli    s2, gp, 19
core   0: 3 0x80005e96 (0x0131d913) x18 0x00001fff
core   0: 0x80005e9a (0x0269d733) divu    a4, s3, t1
core   0: 3 0x80005e9a (0x0269d733) x14 0xffffffff
core   0: 0x80005e9e (0x039a1bb3) mulh    s7, s4, s9
core   0: 3 0x80005e9e (0x039a1bb3) x23 0x3ffd8262
core   0: 0x80005ea2 (0x40655993) srai    s3, a0, 6
core   0: 3 0x80005ea2 (0x40655993) x19 0x00000000
core   0: 0x80005ea6 (0x02e485b3) mul     a1, s1, a4
core   0: 3 0x80005ea6 (0x02e485b3) x11 0x00000000
core   0: 0x80005eaa (0x0000836d) c.srli  a4, 27
core   0: 3 0x80005eaa (0x836d) x14 0x0000001f
core   0: 0x80005eac (0xfbe42617) auipc   a2, 0xfbe42
core   0: 3 0x80005eac (0xfbe42617) x12 0x7be47eac
core   0: 0x80005eb0 (0x0ff0000f) fence   iorw,iorw
core   0: 3 0x80005eb0 (0x0ff0000f)
core   0: 0x80005eb4 (0x00008bf6) c.mv    s7, t4
core   0: 3 0x80005eb4 (0x8bf6) x23 0xfffff87f
core   0: 0x80005eb6 (0x468bf413) andi    s0, s7, 1128
core   0: 3 0x80005eb6 (0x468bf413) x 8 0x00000068
core   0: 0x80005eba (0x0000c885) c.beqz  s1, pc + 48
core   0: 3 0x80005eba (0xc885)
core   0: 0x80005eea (0x0ff0000f) fence   iorw,iorw
core   0: 3 0x80005eea (0x0ff0000f)
core   0: 0x80005eee (0x00008ce9) c.and   s1, a0
core   0: 3 0x80005eee (0x8ce9) x 9 0x00000000
core   0: 0x80005ef0 (0x01dac263) blt     s5, t4, pc + 4
core   0: 3 0x80005ef0 (0x01dac263)
core   0: 0x80005ef4 (0x0000577d) c.li    a4, -1
core   0: 3 0x80005ef4 (0x577d) x14 0xffffffff
core   0: 0x80005ef6 (0x00008dd1) c.or    a1, a2
core   0: 3 0x80005ef6 (0x8dd1) x11 0x7be47eac
core   0: 0x80005ef8 (0x6b3a4a93) xori    s5, s4, 1715
core   0: 3 0x80005ef8 (0x6b3a4a93) x21 0x800258d7
core   0: 0x80005efc (0x01f79713) slli    a4, a5, 31
core   0: 3 0x80005efc (0x01f79713) x14 0x00000000
core   0: 0x80005f00 (0x083fd0b7) lui     ra, 0x83fd
core   0: 3 0x80005f00 (0x083fd0b7) x 1 0x083fd000
core   0: 0x80005f04 (0x00008ed5) c.or    a3, a3
core   0: 3 0x80005f04 (0x8ed5) x13 0x00016000
core   0: 0x80005f06 (0x00b2f633) and     a2, t0, a1
core   0: 3 0x80005f06 (0x00b2f633) x12 0x00000000
core   0: 0x80005f0a (0x0000100f) fence.i
core   0: 3 0x80005f0a (0x0000100f)
core   0: 0x80005f0e (0x00008fa5) c.xor   a5, s1
core   0: 3 0x80005f0e (0x8fa5) x15 0x00000000
core   0: 0x80005f10 (0x017ddc13) srli    s8, s11, 23
core   0: 3 0x80005f10 (0x017ddc13) x24 0x000000b9
core   0: 0x80005f14 (0x3b319f37) lui     t5, 0x3b319
core   0: 3 0x80005f14 (0x3b319f37) x30 0x3b319000
core   0: 0x80005f18 (0x00000001) c.nop
core   0: 3 0x80005f18 (0x0001)
core   0: 0x80005f1a (0x016319b3) sll     s3, t1, s6
core   0: 3 0x80005f1a (0x016319b3) x19 0x00000000
core   0: 0x80005f1e (0x0000815a) c.mv    sp, s6
core   0: 3 0x80005f1e (0x815a) x 2 0xa9c6f000
core   0: 0x80005f20 (0x40c25633) sra     a2, tp, a2
core   0: 3 0x80005f20 (0x40c25633) x12 0xfffffde7
core   0: 0x80005f24 (0x4844a713) slti    a4, s1, 1156
core   0: 3 0x80005f24 (0x4844a713) x14 0x00000001
core   0: 0x80005f28 (0x00015117) auipc   sp, 0x15
core   0: 3 0x80005f28 (0x00015117) x 2 0x8001af28
core   0: 0x80005f2c (0x49510113) addi    sp, sp, 1173
core   0: 3 0x80005f2c (0x49510113) x 2 0x8001b3bd
core   0: 0x80005f30 (0x8c610903) lb      s2, -1850(sp)
core   0: 3 0x80005f30 (0x8c610903) x18 0x00000038 mem 0x8001ac83
core   0: 0x80005f34 (0x0000da97) auipc   s5, 0xd
core   0: 3 0x80005f34 (0x0000da97) x21 0x80012f34
core   0: 0x80005f38 (0x1e7a8a93) addi    s5, s5, 487
core   0: 3 0x80005f38 (0x1e7a8a93) x21 0x8001311b
core   0: 0x80005f3c (0x0001ae17) auipc   t3, 0x1a
core   0: 3 0x80005f3c (0x0001ae17) x28 0x8001ff3c
core   0: 0x80005f40 (0x1d9e0e13) addi    t3, t3, 473
core   0: 3 0x80005f40 (0x1d9e0e13) x28 0x80020115
core   0: 0x80005f44 (0x0000da17) auipc   s4, 0xd
core   0: 3 0x80005f44 (0x0000da17) x20 0x80012f44
core   0: 0x80005f48 (0x107a0a13) addi    s4, s4, 263
core   0: 3 0x80005f48 (0x107a0a13) x20 0x8001304b
core   0: 0x80005f4c (0xfdcacd03) lbu     s10, -36(s5)
core   0: 3 0x80005f4c (0xfdcacd03) x26 0x000000ac mem 0x800130f7
core   0: 0x80005f50 (0x01fa1e83) lh      t4, 31(s4)
core   0: 3 0x80005f50 (0x01fa1e83) x29 0x00002021 mem 0x8001306a
core   0: 0x80005f54 (0x00017397) auipc   t2, 0x17
core   0: 3 0x80005f54 (0x00017397) x 7 0x8001cf54
core   0: 0x80005f58 (0x4df38393) addi    t2, t2, 1247
core   0: 3 0x80005f58 (0x4df38393) x 7 0x8001d433
core   0: 0x80005f5c (0x02538423) sb      t0, 40(t2)
core   0: 3 0x80005f5c (0x02538423) mem 0x8001d45b 0x1
core   0: 0x80005f60 (0xff2a8b03) lb      s6, -14(s5)
core   0: 3 0x80005f60 (0xff2a8b03) x22 0xffffffc6 mem 0x8001310d
core   0: 0x80005f64 (0x4a014003) lbu     zero, 1184(sp)
core   0: 3 0x80005f64 (0x4a014003) mem 0x8001b85d
core   0: 0x80005f68 (0x03ae0b83) lb      s7, 58(t3)
core   0: 3 0x80005f68 (0x03ae0b83) x23 0x00000004 mem 0x8002014f
core   0: 0x80005f6c (0x03638283) lb      t0, 54(t2)
core   0: 3 0x80005f6c (0x03638283) x 5 0x00000022 mem 0x8001d469
core   0: 0x80005f70 (0x040e0583) lb      a1, 64(t3)
core   0: 3 0x80005f70 (0x040e0583) x11 0x0000000e mem 0x80020155
core   0: 0x80005f74 (0x40810d03) lb      s10, 1032(sp)
core   0: 3 0x80005f74 (0x40810d03) x26 0x0000007e mem 0x8001b7c5
core   0: 0x80005f78 (0xfd738803) lb      a6, -41(t2)
core   0: 3 0x80005f78 (0xfd738803) x16 0xffffffc1 mem 0x8001d40a
core   0: 0x80005f7c (0xfe13a2a3) sw      ra, -27(t2)
core   0: 3 0x80005f7c (0xfe13a2a3) mem 0x8001d418 0x083fd000
core   0: 0x80005f80 (0xfdba0b83) lb      s7, -37(s4)
core   0: 3 0x80005f80 (0xfdba0b83) x23 0xffffffdd mem 0x80013026
core   0: 0x80005f84 (0xfede1183) lh      gp, -19(t3)
core   0: 3 0x80005f84 (0xfede1183) x 3 0xffffb8b9 mem 0x80020102
core   0: 0x80005f88 (0x01be4303) lbu     t1, 27(t3)
core   0: 3 0x80005f88 (0x01be4303) x 6 0x000000eb mem 0x80020130
core   0: 0x80005f8c (0xffca0203) lb      tp, -4(s4)
core   0: 3 0x80005f8c (0xffca0203) x 4 0xfffffffc mem 0x80013047
core   0: 0x80005f90 (0xfe03c283) lbu     t0, -32(t2)
core   0: 3 0x80005f90 (0xfe03c283) x 5 0x000000c8 mem 0x8001d413
core   0: 0x80005f94 (0x029a8983) lb      s3, 41(s5)
core   0: 3 0x80005f94 (0x029a8983) x19 0xffffffff mem 0x80013144
core   0: 0x80005f98 (0xffde0e23) sb      t4, -4(t3)
core   0: 3 0x80005f98 (0xffde0e23) mem 0x80020111 0x21
core   0: 0x80005f9c (0xfe4e0483) lb      s1, -28(t3)
core   0: 3 0x80005f9c (0xfe4e0483) x 9 0xffffffb2 mem 0x800200f9
core   0: 0x80005fa0 (0x000a0d23) sb      zero, 26(s4)
core   0: 3 0x80005fa0 (0x000a0d23) mem 0x80013065 0x0
core   0: 0x80005fa4 (0xfc53de83) lhu     t4, -59(t2)
core   0: 3 0x80005fa4 (0xfc53de83) x29 0x0000b2b3 mem 0x8001d3f8
core   0: 0x80005fa8 (0x32c10a23) sb      a2, 820(sp)
core   0: 3 0x80005fa8 (0x32c10a23) mem 0x8001b6f1 0xe7
core   0: 0x80005fac (0x027a5d03) lhu     s10, 39(s4)
core   0: 3 0x80005fac (0x027a5d03) x26 0x00002829 mem 0x80013072
core   0: 0x80005fb0 (0xfcba9683) lh      a3, -53(s5)
core   0: 3 0x80005fb0 (0xfcba9683) x13 0xffff9c9d mem 0x800130e6
core   0: 0x80005fb4 (0x039a4683) lbu     a3, 57(s4)
core   0: 3 0x80005fb4 (0x039a4683) x13 0x0000003f mem 0x80013084
core   0: 0x80005fb8 (0xff7e5283) lhu     t0, -9(t3)
core   0: 3 0x80005fb8 (0xff7e5283) x 5 0x0000c6c7 mem 0x8002010c
core   0: 0x80005fbc (0xd5814303) lbu     t1, -680(sp)
core   0: 3 0x80005fbc (0xd5814303) x 6 0x000000ce mem 0x8001b115
core   0: 0x80005fc0 (0x01de0983) lb      s3, 29(t3)
core   0: 3 0x80005fc0 (0x01de0983) x19 0xffffffe9 mem 0x80020132
core   0: 0x80005fc4 (0x013a4d83) lbu     s11, 19(s4)
core   0: 3 0x80005fc4 (0x013a4d83) x27 0x00000015 mem 0x8001305e
core   0: 0x80005fc8 (0xfde381a3) sb      t5, -61(t2)
core   0: 3 0x80005fc8 (0xfde381a3) mem 0x8001d3f6 0x0
core   0: 0x80005fcc (0xfc9a0da3) sb      s1, -37(s4)
core   0: 3 0x80005fcc (0xfc9a0da3) mem 0x80013026 0xb2
core   0: 0x80005fd0 (0x02c3c283) lbu     t0, 44(t2)
core   0: 3 0x80005fd0 (0x02c3c283) x 5 0x00000014 mem 0x8001d45f
core   0: 0x80005fd4 (0x028a0da3) sb      s0, 59(s4)
core   0: 3 0x80005fd4 (0x028a0da3) mem 0x80013086 0x68
core   0: 0x80005fd8 (0xff8e01a3) sb      s8, -29(t3)
core   0: 3 0x80005fd8 (0xff8e01a3) mem 0x800200f8 0xb9
core   0: 0x80005fdc (0xfe1a4b03) lbu     s6, -31(s4)
core   0: 3 0x80005fdc (0xfe1a4b03) x22 0x000000e7 mem 0x8001302c
core   0: 0x80005fe0 (0x2c2113a3) sh      sp, 711(sp)
core   0: 3 0x80005fe0 (0x2c2113a3) mem 0x8001b684 0xb3bd
core   0: 0x80005fe4 (0x017ace83) lbu     t4, 23(s5)
core   0: 3 0x80005fe4 (0x017ace83) x29 0x000000e9 mem 0x80013132
core   0: 0x80005fe8 (0x00008651) c.srai  a2, 20
core   0: 3 0x80005fe8 (0x8651) x12 0xffffffff
core   0: 0x80005fea (0xf7fff213) andi    tp, t6, -129
core   0: 3 0x80005fea (0xf7fff213) x 4 0x00000000
core   0: 0x80005fee (0x00008eb5) c.xor   a3, a3
core   0: 3 0x80005fee (0x8eb5) x13 0x00000000
core   0: 0x80005ff0 (0x00545013) srli    zero, s0, 5
core   0: 3 0x80005ff0 (0x00545013)
core   0: 0x80005ff4 (0x01c27763) bgeu    tp, t3, pc + 14
core   0: 3 0x80005ff4 (0x01c27763)
core   0: 0x80005ff8 (0x00000280) c.addi4spn s0, sp, 320
core   0: 3 0x80005ff8 (0x0280) x 8 0x8001b4fd
core   0: 0x80005ffa (0x73ed4813) xori    a6, s10, 1854
core   0: 3 0x80005ffa (0x73ed4813) x16 0x00002f17
core   0: 0x80005ffe (0x01a49f63) bne     s1, s10, pc + 30
core   0: 3 0x80005ffe (0x01a49f63)
core   0: 0x8000601c (0x00c86e63) bltu    a6, a2, pc + 28
core   0: 3 0x8000601c (0x00c86e63)
core   0: 0x80006038 (0x411bd113) srai    sp, s7, 17
core   0: 3 0x80006038 (0x411bd113) x 2 0xffffffff
core   0: 0x8000603c (0x03d5e163) bltu    a1, t4, pc + 34
core   0: 3 0x8000603c (0x03d5e163)
core   0: 0x8000605e (0x00000001) c.nop
core   0: 3 0x8000605e (0x0001)
core   0: 0x80006060 (0x9bdc1017) auipc   zero, 0x9bdc1
core   0: 3 0x80006060 (0x9bdc1017)
core   0: 0x80006064 (0x033e9ab3) mulh    s5, t4, s3
core   0: 3 0x80006064 (0x033e9ab3) x21 0xffffffff
core   0: 0x80006068 (0x022c64b3) rem     s1, s8, sp
core   0: 3 0x80006068 (0x022c64b3) x 9 0x00000000
core   0: 0x8000606c (0x00000001) c.nop
core   0: 3 0x8000606c (0x0001)
core   0: 0x8000606e (0x039115b3) mulh    a1, sp, s9
core   0: 3 0x8000606e (0x039115b3) x11 0x00000000
core   0: 0x80006072 (0x00008759) c.srai  a4, 22
core   0: 3 0x80006072 (0x8759) x14 0x00000000
core   0: 0x80006074 (0x0300d833) divu    a6, ra, a6
core   0: 3 0x80006074 (0x0300d833) x16 0x00002cd8
core   0: 0x80006078 (0x0a3cb913) sltiu   s2, s9, 163
core   0: 3 0x80006078 (0x0a3cb913) x18 0x00000000
core   0: 0x8000607c (0x03124d63) blt     tp, a7, pc + 58
core   0: 3 0x8000607c (0x03124d63)
core   0: 0x80006080 (0x00f64363) blt     a2, a5, pc + 6
core   0: 3 0x80006080 (0x00f64363)
core   0: 0x80006086 (0x00d995b3) sll     a1, s3, a3
core   0: 3 0x80006086 (0x00d995b3) x11 0xffffffe9
core   0: 0x8000608a (0x00009e52) c.add   t3, s4
core   0: 3 0x8000608a (0x9e52) x28 0x00033160
core   0: 0x8000608c (0x057ce017) auipc   zero, 0x57ce
core   0: 3 0x8000608c (0x057ce017)
core   0: 0x80006090 (0x00000001) c.nop
core   0: 3 0x80006090 (0x0001)
core   0: 0x80006092 (0x00008f1d) c.sub   a4, a5
core   0: 3 0x80006092 (0x8f1d) x14 0x00000000
core   0: 0x80006094 (0x0000128c) c.addi4spn a1, sp, 352
core   0: 3 0x80006094 (0x128c) x11 0x0000015f
core   0: 0x80006096 (0x033cd263) bge     s9, s3, pc + 36
core   0: 3 0x80006096 (0x033cd263)
core   0: 0x8000609a (0x0000100f) fence.i
core   0: 3 0x8000609a (0x0000100f)
core   0: 0x8000609e (0x005dd993) srli    s3, s11, 5
core   0: 3 0x8000609e (0x005dd993) x19 0x00000000
core   0: 0x800060a2 (0x02235833) divu    a6, t1, sp
core   0: 3 0x800060a2 (0x02235833) x16 0x00000000
core   0: 0x800060a6 (0x00004921) c.li    s2, 8
core   0: 3 0x800060a6 (0x4921) x18 0x00000008
core   0: 0x800060a8 (0x00008e31) c.xor   a2, a2
core   0: 3 0x800060a8 (0x8e31) x12 0x00000000
core   0: 0x800060aa (0x00008c35) c.xor   s0, a3
core   0: 3 0x800060aa (0x8c35) x 8 0x8001b4fd
core   0: 0x800060ac (0x009d33b3) sltu    t2, s10, s1
core   0: 3 0x800060ac (0x009d33b3) x 7 0x00000000
core   0: 0x800060b0 (0x000002be) c.slli  t0, 15
core   0: 3 0x800060b0 (0x02be) x 5 0x000a0000
core   0: 0x800060b2 (0xb3dd23b7) lui     t2, 0xb3dd2
core   0: 3 0x800060b2 (0xb3dd23b7) x 7 0xb3dd2000
core   0: 0x800060b6 (0x0342ae33) mulhsu  t3, t0, s4
core   0: 3 0x800060b6 (0x0342ae33) x28 0x0005000b
core   0: 0x800060ba (0x00000001) c.nop
core   0: 3 0x800060ba (0x0001)
core   0: 0x800060bc (0x01036233) or      tp, t1, a6
core   0: 3 0x800060bc (0x01036233) x 4 0x000000ce
core   0: 0x800060c0 (0x0000cc0d) c.beqz  s0, pc + 58
core   0: 3 0x800060c0 (0xcc0d)
core   0: 0x800060c2 (0x0262dab3) divu    s5, t0, t1
core   0: 3 0x800060c2 (0x0262dab3) x21 0x00000c6d
core   0: 0x800060c6 (0x0048f263) bgeu    a7, tp, pc + 4
core   0: 3 0x800060c6 (0x0048f263)
core   0: 0x800060ca (0x0000038a) c.slli  t2, 2
core   0: 3 0x800060ca (0x038a) x 7 0xcf748000
core   0: 0x800060cc (0x0000717d) c.addi16sp sp, -16
core   0: 3 0x800060cc (0x717d) x 2 0xffffffef
core   0: 0x800060ce (0x000099fd) c.andi  a1, -1
core   0: 3 0x800060ce (0x99fd) x11 0x0000015f
core   0: 0x800060d0 (0x00008da1) c.xor   a1, s0
core   0: 3 0x800060d0 (0x8da1) x11 0x8001b5a2
core   0: 0x800060d2 (0x03ea64b3) rem     s1, s4, t5
core   0: 3 0x800060d2 (0x03ea64b3) x 9 0xf664504b
core   0: 0x800060d6 (0x05065463) bge     a2, a6, pc + 72
core   0: 3 0x800060d6 (0x05065463)
core   0: 0x8000611e (0x013f9013) slli    zero, t6, 19
core   0: 3 0x8000611e (0x013f9013)
core   0: 0x80006122 (0x0000717d) c.addi16sp sp, -16
core   0: 3 0x80006122 (0x717d) x 2 0xffffffdf
core   0: 0x80006124 (0x00008eed) c.and   a3, a1
core   0: 3 0x80006124 (0x8eed) x13 0x00000000
core   0: 0x80006126 (0x0000610d) c.addi16sp sp, 160
core   0: 3 0x80006126 (0x610d) x 2 0x0000007f
core   0: 0x80006128 (0x03529263) bne     t0, s5, pc + 36
core   0: 3 0x80006128 (0x03529263)
core   0: 0x8000614c (0x00006c4d) c.lui   s8, 0x13
core   0: 3 0x8000614c (0x6c4d) x24 0x00013000
core   0: 0x8000614e (0x03a79663) bne     a5, s10, pc + 44
core   0: 3 0x8000614e (0x03a79663)
core   0: 0x8000617a (0x02740e63) beq     s0, t2, pc + 60
core   0: 3 0x8000617a (0x02740e63)
core   0: 0x8000617e (0x00b4c863) blt     s1, a1, pc + 16
core   0: 3 0x8000617e (0x00b4c863)
core   0: 0x80006182 (0x016f5e63) bge     t5, s6, pc + 28
core   0: 3 0x80006182 (0x016f5e63)
core   0: 0x8000619e (0x02d59bb3) mulh    s7, a1, a3
core   0: 3 0x8000619e (0x02d59bb3) x23 0x00000000
core   0: 0x800061a2 (0x0047d3b3) srl     t2, a5, tp
core   0: 3 0x800061a2 (0x0047d3b3) x 7 0x00000000
core   0: 0x800061a6 (0x01ee07b3) add     a5, t3, t5
core   0: 3 0x800061a6 (0x01ee07b3) x15 0x3b36900b
core   0: 0x800061aa (0x282fa317) auipc   t1, 0x282fa
core   0: 3 0x800061aa (0x282fa317) x 6 0xa83001aa
core   0: 0x800061ae (0x432901b7) lui     gp, 0x43290
core   0: 3 0x800061ae (0x432901b7) x 3 0x43290000
core   0: 0x800061b2 (0x4174ddb3) sra     s11, s1, s7
core   0: 3 0x800061b2 (0x4174ddb3) x27 0xf664504b
core   0: 0x800061b6 (0x02d9b7b3) mulhu   a5, s3, a3
core   0: 3 0x800061b6 (0x02d9b7b3) x15 0x00000000
core   0: 0x800061ba (0x0295e033) rem     zero, a1, s1
core   0: 3 0x800061ba (0x0295e033)
core   0: 0x800061be (0x40738fb3) sub     t6, t2, t2
core   0: 3 0x800061be (0x40738fb3) x31 0x00000000
core   0: 0x800061c2 (0x000083f9) c.srli  a5, 30
core   0: 3 0x800061c2 (0x83f9) x15 0x00000000
core   0: 0x800061c4 (0x030d55b3) divu    a1, s10, a6
core   0: 3 0x800061c4 (0x030d55b3) x11 0xffffffff
core   0: 0x800061c8 (0x00000001) c.nop
core   0: 3 0x800061c8 (0x0001)
core   0: 0x800061ca (0x00d27c63) bgeu    tp, a3, pc + 24
core   0: 3 0x800061ca (0x00d27c63)
core   0: 0x800061e2 (0x00008711) c.srai  a4, 4
core   0: 3 0x800061e2 (0x8711) x14 0x00000000
core   0: 0x800061e4 (0x00f35d13) srli    s10, t1, 15
core   0: 3 0x800061e4 (0x00f35d13) x26 0x00015060
core   0: 0x800061e8 (0x00001694) c.addi4spn a3, sp, 864
core   0: 3 0x800061e8 (0x1694) x13 0x000003df
core   0: 0x800061ea (0x000085dd) c.srai  a1, 23
core   0: 3 0x800061ea (0x85dd) x11 0xffffffff
core   0: 0x800061ec (0x00000684) c.addi4spn s1, sp, 832
core   0: 3 0x800061ec (0x0684) x 9 0x000003bf
core   0: 0x800061ee (0x02d0c9b3) div     s3, ra, a3
core   0: 3 0x800061ee (0x02d0c9b3) x19 0x00022188
core   0: 0x800061f2 (0x01fd9f33) sll     t5, s11, t6
core   0: 3 0x800061f2 (0x01fd9f33) x30 0xf664504b
core   0: 0x800061f6 (0x41e05e33) sra     t3, zero, t5
core   0: 3 0x800061f6 (0x41e05e33) x28 0x00000000
core   0: 0x800061fa (0x276ae913) ori     s2, s5, 630
core   0: 3 0x800061fa (0x276ae913) x18 0x00000e7f
core   0: 0x800061fe (0x00039913) slli    s2, t2, 0
core   0: 3 0x800061fe (0x00039913) x18 0x00000000
core   0: 0x80006202 (0x000044e1) c.li    s1, 24
core   0: 3 0x80006202 (0x44e1) x 9 0x00000018
core   0: 0x80006204 (0x0074c663) blt     s1, t2, pc + 12
core   0: 3 0x80006204 (0x0074c663)
core   0: 0x80006208 (0xed09ea93) ori     s5, s3, -304
core   0: 3 0x80006208 (0xed09ea93) x21 0xffffffd8
core   0: 0x8000620c (0x28a43e13) sltiu   t3, s0, 650
core   0: 3 0x8000620c (0x28a43e13) x28 0x00000000
core   0: 0x80006210 (0x0000801d) c.srli  s0, 7
core   0: 3 0x80006210 (0x801d) x 8 0x01000369
core   0: 0x80006212 (0x02dd6bb3) rem     s7, s10, a3
core   0: 3 0x80006212 (0x02dd6bb3) x23 0x00000376
core   0: 0x80006216 (0x9a080117) auipc   sp, 0x9a080
core   0: 3 0x80006216 (0x9a080117) x 2 0x1a086216
core   0: 0x8000621a (0x0112b0b3) sltu    ra, t0, a7
core   0: 3 0x8000621a (0x0112b0b3) x 1 0x00000001
core   0: 0x8000621e (0x7342cc13) xori    s8, t0, 1844
core   0: 3 0x8000621e (0x7342cc13) x24 0x000a0734
core   0: 0x80006222 (0x9ede3db7) lui     s11, 0x9ede3
core   0: 3 0x80006222 (0x9ede3db7) x27 0x9ede3000
core   0: 0x80006226 (0x03aa7fb3) remu    t6, s4, s10
core   0: 3 0x80006226 (0x03aa7fb3) x31 0x0000382b
core   0: 0x8000622a (0x02548e63) beq     s1, t0, pc + 60
core   0: 3 0x8000622a (0x02548e63)
core   0: 0x8000622e (0x0000eb15) c.bnez  a4, pc + 52
core   0: 3 0x8000622e (0xeb15)
core   0: 0x80006230 (0x017f9c13) slli    s8, t6, 23
core   0: 3 0x80006230 (0x017f9c13) x24 0x15800000
core   0: 0x80006234 (0x02d69333) mulh    t1, a3, a3
core   0: 3 0x80006234 (0x02d69333) x 6 0x00000000
core   0: 0x80006238 (0x000061b9) c.lui   gp, 0xe
core   0: 3 0x80006238 (0x61b9) x 3 0x0000e000
core   0: 0x8000623a (0x0000c289) c.beqz  a3, pc + 2
core   0: 3 0x8000623a (0xc289)
core   0: 0x8000623c (0x00008635) c.srai  a2, 13
core   0: 3 0x8000623c (0x8635) x12 0x00000000
core   0: 0x8000623e (0x019622b3) slt     t0, a2, s9
core   0: 3 0x8000623e (0x019622b3) x 5 0x00000000
core   0: 0x80006242 (0x00ecb0b3) sltu    ra, s9, a4
core   0: 3 0x80006242 (0x00ecb0b3) x 1 0x00000000
core   0: 0x80006246 (0x000082d9) c.srli  a3, 22
core   0: 3 0x80006246 (0x82d9) x13 0x00000000
core   0: 0x80006248 (0x00fb1763) bne     s6, a5, pc + 14
core   0: 3 0x80006248 (0x00fb1763)
core   0: 0x80006256 (0x007e9113) slli    sp, t4, 7
core   0: 3 0x80006256 (0x007e9113) x 2 0x00007480
core   0: 0x8000625a (0x000080a2) c.mv    ra, s0
core   0: 3 0x8000625a (0x80a2) x 1 0x01000369
core   0: 0x8000625c (0x00008e79) c.and   a2, a4
core   0: 3 0x8000625c (0x8e79) x12 0x00000000
core   0: 0x8000625e (0x001d4463) blt     s10, ra, pc + 8
core   0: 3 0x8000625e (0x001d4463)
core   0: 0x80006266 (0x0000803d) c.srli  s0, 15
core   0: 3 0x80006266 (0x803d) x 8 0x00000200
core   0: 0x80006268 (0x00000900) c.addi4spn s0, sp, 144
core   0: 3 0x80006268 (0x0900) x 8 0x00007510
core   0: 0x8000626a (0x01f15d13) srli    s10, sp, 31
core   0: 3 0x8000626a (0x01f15d13) x26 0x00000000
core   0: 0x8000626e (0x00000af1) c.addi  s5, 28
core   0: 3 0x8000626e (0x0af1) x21 0xfffffff4
core   0: 0x80006270 (0x00008f91) c.sub   a5, a2
core   0: 3 0x80006270 (0x8f91) x15 0x00000000
core   0: 0x80006272 (0x017ffdb3) and     s11, t6, s7
core   0: 3 0x80006272 (0x017ffdb3) x27 0x00000022
core   0: 0x80006276 (0x03635733) divu    a4, t1, s6
core   0: 3 0x80006276 (0x03635733) x14 0x00000000
core   0: 0x8000627a (0x018c1313) slli    t1, s8, 24
core   0: 3 0x8000627a (0x018c1313) x 6 0x00000000
core   0: 0x8000627e (0x00004755) c.li    a4, 21
core   0: 3 0x8000627e (0x4755) x14 0x00000015
core   0: 0x80006280 (0xdd36bc37) lui     s8, 0xdd36b
core   0: 3 0x80006280 (0xdd36bc37) x24 0xdd36b000
core   0: 0x80006284 (0x02066333) rem     t1, a2, zero
core   0: 3 0x80006284 (0x02066333) x 6 0x00000000
core   0: 0x80006288 (0x024f15b3) mulh    a1, t5, tp
core   0: 3 0x80006288 (0x024f15b3) x11 0xfffffff8
core   0: 0x8000628c (0x00ed9693) slli    a3, s11, 14
core   0: 3 0x8000628c (0x00ed9693) x13 0x00088000
core   0: 0x80006290 (0x01e80d63) beq     a6, t5, pc + 26
core   0: 3 0x80006290 (0x01e80d63)
core   0: 0x80006294 (0x0000c20d) c.beqz  a2, pc + 34
core   0: 3 0x80006294 (0xc20d)
core   0: 0x800062b6 (0x02ea1163) bne     s4, a4, pc + 34
core   0: 3 0x800062b6 (0x02ea1163)
core   0: 0x800062d8 (0x00001200) c.addi4spn s0, sp, 288
core   0: 3 0x800062d8 (0x1200) x 8 0x000075a0
core   0: 0x800062da (0x03879ab3) mulh    s5, a5, s8
core   0: 3 0x800062da (0x03879ab3) x21 0x00000000
core   0: 0x800062de (0x03f83433) mulhu   s0, a6, t6
core   0: 3 0x800062de (0x03f83433) x 8 0x00000000
core   0: 0x800062e2 (0x00006455) c.lui   s0, 0x15
core   0: 3 0x800062e2 (0x6455) x 8 0x00015000
core   0: 0x800062e4 (0x012a4e33) xor     t3, s4, s2
core   0: 3 0x800062e4 (0x012a4e33) x28 0x8001304b
core   0: 0x800062e8 (0x01a2f333) and     t1, t0, s10
core   0: 3 0x800062e8 (0x01a2f333) x 6 0x00000000
core   0: 0x800062ec (0x40f48333) sub     t1, s1, a5
core   0: 3 0x800062ec (0x40f48333) x 6 0x00000018
core   0: 0x800062f0 (0x01c82433) slt     s0, a6, t3
core   0: 3 0x800062f0 (0x01c82433) x 8 0x00000000
core   0: 0x800062f4 (0x000ae563) bltu    s5, zero, pc + 10
core   0: 3 0x800062f4 (0x000ae563)
core   0: 0x800062f8 (0x023630b3) mulhu   ra, a2, gp
core   0: 3 0x800062f8 (0x023630b3) x 1 0x00000000
core   0: 0x800062fc (0x00009afa) c.add   s5, t5
core   0: 3 0x800062fc (0x9afa) x21 0xf664504b
core   0: 0x800062fe (0x011766b3) or      a3, a4, a7
core   0: 3 0x800062fe (0x011766b3) x13 0x80025e75
core   0: 0x80006302 (0x00008ebd) c.xor   a3, a5
core   0: 3 0x80006302 (0x8ebd) x13 0x80025e75
core   0: 0x80006304 (0x00008fc1) c.or    a5, s0
core   0: 3 0x80006304 (0x8fc1) x15 0x00000000
core   0: 0x80006306 (0x4056d933) sra     s2, a3, t0
core   0: 3 0x80006306 (0x4056d933) x18 0x80025e75
core   0: 0x8000630a (0x0000109c) c.addi4spn a5, sp, 96
core   0: 3 0x8000630a (0x109c) x15 0x000074e0
core   0: 0x8000630c (0x9500e717) auipc   a4, 0x9500e
core   0: 3 0x8000630c (0x9500e717) x14 0x1501430c
core   0: 0x80006310 (0xe8790613) addi    a2, s2, -377
core   0: 3 0x80006310 (0xe8790613) x12 0x80025cfc
core   0: 0x80006314 (0x0000517d) c.li    sp, -1
core   0: 3 0x80006314 (0x517d) x 2 0xffffffff
core   0: 0x80006316 (0x00cf5ab3) srl     s5, t5, a2
core   0: 3 0x80006316 (0x00cf5ab3) x21 0x0000000f
core   0: 0x8000631a (0x0ff0000f) fence   iorw,iorw
core   0: 3 0x8000631a (0x0ff0000f)
core   0: 0x8000631e (0x0390ac33) mulhsu  s8, ra, s9
core   0: 3 0x8000631e (0x0390ac33) x24 0x00000000
core   0: 0x80006322 (0x000006fe) c.slli  a3, 31
core   0: 3 0x80006322 (0x06fe) x13 0x80000000
core   0: 0x80006324 (0x00005dfd) c.li    s11, -1
core   0: 3 0x80006324 (0x5dfd) x27 0xffffffff
core   0: 0x80006326 (0x0189ed33) or      s10, s3, s8
core   0: 3 0x80006326 (0x0189ed33) x26 0x00022188
core   0: 0x8000632a (0x41e60833) sub     a6, a2, t5
core   0: 3 0x8000632a (0x41e60833) x16 0x899e0cb1
core   0: 0x8000632e (0x02f37b63) bgeu    t1, a5, pc + 54
core   0: 3 0x8000632e (0x02f37b63)
core   0: 0x80006332 (0x015e9c33) sll     s8, t4, s5
core   0: 3 0x80006332 (0x015e9c33) x24 0x00748000
core   0: 0x80006336 (0x404a0833) sub     a6, s4, tp
core   0: 3 0x80006336 (0x404a0833) x16 0x80012f7d
core   0: 0x8000633a (0x00008c39) c.xor   s0, a4
core   0: 3 0x8000633a (0x8c39) x 8 0x1501430c
core   0: 0x8000633c (0x00000001) c.nop
core   0: 3 0x8000633c (0x0001)
core   0: 0x8000633e (0x1bbf8e17) auipc   t3, 0x1bbf8
core   0: 3 0x8000633e (0x1bbf8e17) x28 0x9bbfe33e
core   0: 0x80006342 (0x00001090) c.addi4spn a2, sp, 96
core   0: 3 0x80006342 (0x1090) x12 0x0000005f
core   0: 0x80006344 (0x0000e009) c.bnez  s0, pc + 2
core   0: 3 0x80006344 (0xe009)
core   0: 0x80006346 (0x02bfa133) mulhsu  sp, t6, a1
core   0: 3 0x80006346 (0x02bfa133) x 2 0x0000382a
core   0: 0x8000634a (0xac17cd37) lui     s10, 0xac17c
core   0: 3 0x8000634a (0xac17cd37) x26 0xac17c000
core   0: 0x8000634e (0x03f31fb3) mulh    t6, t1, t6
core   0: 3 0x8000634e (0x03f31fb3) x31 0x00000000
core   0: 0x80006352 (0x41018fb3) sub     t6, gp, a6
core   0: 3 0x80006352 (0x41018fb3) x31 0x7fffb083
core   0: 0x80006356 (0x00000706) c.slli  a4, 1
core   0: 3 0x80006356 (0x0706) x14 0x2a028618
core   0: 0x80006358 (0x00008c81) c.sub   s1, s0
core   0: 3 0x80006358 (0x8c81) x 9 0xeafebd0c
core   0: 0x8000635a (0x689f2d13) slti    s10, t5, 1673
core   0: 3 0x8000635a (0x689f2d13) x26 0x00000001
core   0: 0x8000635e (0x07b1f763) bgeu    gp, s11, pc + 110
core   0: 3 0x8000635e (0x07b1f763)
core   0: 0x80006362 (0x0000c019) c.beqz  s0, pc + 6
core   0: 3 0x80006362 (0xc019)
core   0: 0x80006364 (0x418f5713) srai    a4, t5, 24
core   0: 3 0x80006364 (0x418f5713) x14 0xfffffff6
core   0: 0x80006368 (0x0216eab3) rem     s5, a3, ra
core   0: 3 0x80006368 (0x0216eab3) x21 0x80000000
core   0: 0x8000636c (0x00006fe1) c.lui   t6, 0x18
core   0: 3 0x8000636c (0x6fe1) x31 0x00018000
core   0: 0x8000636e (0x07a00963) beq     zero, s10, pc + 114
core   0: 3 0x8000636e (0x07a00963)
core   0: 0x80006372 (0x03c99633) mulh    a2, s3, t3
core   0: 3 0x80006372 (0x03c99633) x12 0xffff2a5e
core   0: 0x80006376 (0x0000841d) c.srai  s0, 7
core   0: 3 0x80006376 (0x841d) x 8 0x002a0286
core   0: 0x80006378 (0x00011317) auipc   t1, 0x11
core   0: 3 0x80006378 (0x00011317) x 6 0x80017378
core   0: 0x8000637c (0x75c30313) addi    t1, t1, 1884
core   0: 3 0x8000637c (0x75c30313) x 6 0x80017ad4
core   0: 0x80006380 (0xd4908113) addi    sp, ra, -695
core   0: 3 0x80006380 (0xd4908113) x 2 0xfffffd49
core   0: 0x80006384 (0xffb34083) lbu     ra, -5(t1)
core   0: 3 0x80006384 (0xffb34083) x 1 0x00000084 mem 0x80017acf
core   0: 0x80006388 (0xffb30403) lb      s0, -5(t1)
core   0: 3 0x80006388 (0xffb30403) x 8 0xffffff84 mem 0x80017acf
core   0: 0x8000638c (0x00630e83) lb      t4, 6(t1)
core   0: 3 0x8000638c (0x00630e83) x29 0xffffff91 mem 0x80017ada
core   0: 0x80006390 (0x00630803) lb      a6, 6(t1)
core   0: 3 0x80006390 (0x00630803) x16 0xffffff91 mem 0x80017ada
core   0: 0x80006394 (0x00f30803) lb      a6, 15(t1)
core   0: 3 0x80006394 (0x00f30803) x16 0xffffff98 mem 0x80017ae3
core   0: 0x80006398 (0x00f30283) lb      t0, 15(t1)
core   0: 3 0x80006398 (0x00f30283) x 5 0xffffff98 mem 0x80017ae3
core   0: 0x8000639c (0x00134a83) lbu     s5, 1(t1)
core   0: 3 0x8000639c (0x00134a83) x21 0x0000008e mem 0x80017ad5
core   0: 0x800063a0 (0x016300a3) sb      s6, 1(t1)
core   0: 3 0x800063a0 (0x016300a3) mem 0x80017ad5 0xe7
core   0: 0x800063a4 (0x947ce413) ori     s0, s9, -1721
core   0: 3 0x800063a4 (0x947ce413) x 8 0xfffffde7
core   0: 0x800063a8 (0x01b300a3) sb      s11, 1(t1)
core   0: 3 0x800063a8 (0x01b300a3) mem 0x80017ad5 0xff
core   0: 0x800063ac (0x00130483) lb      s1, 1(t1)
core   0: 3 0x800063ac (0x00130483) x 9 0xffffffff mem 0x80017ad5
core   0: 0x800063b0 (0x00134d03) lbu     s10, 1(t1)
core   0: 3 0x800063b0 (0x00134d03) x26 0x000000ff mem 0x80017ad5
core   0: 0x800063b4 (0x00130703) lb      a4, 1(t1)
core   0: 3 0x800063b4 (0x00130703) x14 0xffffffff mem 0x80017ad5
core   0: 0x800063b8 (0x00134703) lbu     a4, 1(t1)
core   0: 3 0x800063b8 (0x00134703) x14 0x000000ff mem 0x80017ad5
core   0: 0x800063bc (0x009300a3) sb      s1, 1(t1)
core   0: 3 0x800063bc (0x009300a3) mem 0x80017ad5 0xff
core   0: 0x800063c0 (0xffd308a3) sb      t4, -15(t1)
core   0: 3 0x800063c0 (0xffd308a3) mem 0x80017ac5 0x91
core   0: 0x800063c4 (0xfed308a3) sb      a3, -15(t1)
core   0: 3 0x800063c4 (0xfed308a3) mem 0x80017ac5 0x0
core   0: 0x800063c8 (0x00e35183) lhu     gp, 14(t1)
core   0: 3 0x800063c8 (0x00e35183) x 3 0x00009899 mem 0x80017ae2
core   0: 0x800063cc (0x0ff0000f) fence   iorw,iorw
core   0: 3 0x800063cc (0x0ff0000f)
core   0: 0x800063d0 (0x02550eb3) mul     t4, a0, t0
core   0: 3 0x800063d0 (0x02550eb3) x29 0xfffffab8
core   0: 0x800063d4 (0x0126f663) bgeu    a3, s2, pc + 12
core   0: 3 0x800063d4 (0x0126f663)
core   0: 0x800063d8 (0x0000987d) c.andi  s0, -1
core   0: 3 0x800063d8 (0x987d) x 8 0xfffffde7
core   0: 0x800063da (0x0022dc13) srli    s8, t0, 2
core   0: 3 0x800063da (0x0022dc13) x24 0x3fffffe6
core   0: 0x800063de (0x0000648d) c.lui   s1, 0x3
core   0: 3 0x800063de (0x648d) x 9 0x00003000
core   0: 0x800063e0 (0x2ed42a13) slti    s4, s0, 749
core   0: 3 0x800063e0 (0x2ed42a13) x20 0x00000001
core   0: 0x800063e4 (0x00c59813) slli    a6, a1, 12
core   0: 3 0x800063e4 (0x00c59813) x16 0xffff8000
core   0: 0x800063e8 (0x85fd5137) lui     sp, 0x85fd5
core   0: 3 0x800063e8 (0x85fd5137) x 2 0x85fd5000
core   0: 0x800063ec (0x84e76293) ori     t0, a4, -1970
core   0: 3 0x800063ec (0x84e76293) x 5 0xfffff8ff
core   0: 0x800063f0 (0x00006f71) c.lui   t5, 0x1c
core   0: 3 0x800063f0 (0x6f71) x30 0x0001c000
core   0: 0x800063f2 (0x0000908e) c.add   ra, gp
core   0: 3 0x800063f2 (0x908e) x 1 0x0000991d
core   0: 0x800063f4 (0x00006e89) c.lui   t4, 0x2
core   0: 3 0x800063f4 (0x6e89) x29 0x00002000
core   0: 0x800063f6 (0x00008d95) c.sub   a1, a3
core   0: 3 0x800063f6 (0x8d95) x11 0x7ffffff8
core   0: 0x800063f8 (0x712ab293) sltiu   t0, s5, 1810
core   0: 3 0x800063f8 (0x712ab293) x 5 0x00000001
core   0: 0x800063fc (0x03823733) mulhu   a4, tp, s8
core   0: 3 0x800063fc (0x03823733) x14 0x00000033
core   0: 0x80006400 (0x0000048c) c.addi4spn a1, sp, 576
core   0: 3 0x80006400 (0x048c) x11 0x85fd5240
core   0: 0x80006402 (0x00009bb6) c.add   s7, a3
core   0: 3 0x80006402 (0x9bb6) x23 0x80000376
core   0: 0x80006404 (0x03c5d763) bge     a1, t3, pc + 46
core   0: 3 0x80006404 (0x03c5d763)
core   0: 0x80006408 (0x00000001) c.nop
core   0: 3 0x80006408 (0x0001)
core   0: 0x8000640a (0x3573a737) lui     a4, 0x3573a
core   0: 3 0x8000640a (0x3573a737) x14 0x3573a000
core   0: 0x8000640e (0x00000e3e) c.slli  t3, 15
core   0: 3 0x8000640e (0x0e3e) x28 0xf19f0000
core   0: 0x80006410 (0x01f71193) slli    gp, a4, 31
core   0: 3 0x80006410 (0x01f71193) x 3 0x00000000
core   0: 0x80006414 (0x1186a413) slti    s0, a3, 280
core   0: 3 0x80006414 (0x1186a413) x 8 0x00000001
core   0: 0x80006418 (0x00008aee) c.mv    s5, s11
core   0: 3 0x80006418 (0x8aee) x21 0xffffffff
core   0: 0x8000641a (0x02889633) mulh    a2, a7, s0
core   0: 3 0x8000641a (0x02889633) x12 0xffffffff
core   0: 0x8000641e (0x9cecac13) slti    s8, s9, -1586
core   0: 3 0x8000641e (0x9cecac13) x24 0x00000001
core   0: 0x80006422 (0x02e05ab3) divu    s5, zero, a4
core   0: 3 0x80006422 (0x02e05ab3) x21 0x00000000
core   0: 0x80006426 (0x06c87e63) bgeu    a6, a2, pc + 124
core   0: 3 0x80006426 (0x06c87e63)
core   0: 0x8000642a (0x00008fcd) c.or    a5, a1
core   0: 3 0x8000642a (0x8fcd) x15 0x85fd76e0
core   0: 0x8000642c (0x01048333) add     t1, s1, a6
core   0: 3 0x8000642c (0x01048333) x 6 0xffffb000
core   0: 0x80006430 (0x0000537d) c.li    t1, -1
core   0: 3 0x80006430 (0x537d) x 6 0xffffffff
core   0: 0x80006432 (0x0000100f) fence.i
core   0: 3 0x80006432 (0x0000100f)
core   0: 0x80006436 (0x03528db3) mul     s11, t0, s5
core   0: 3 0x80006436 (0x03528db3) x27 0x00000000
core   0: 0x8000643a (0x415f55b3) sra     a1, t5, s5
core   0: 3 0x8000643a (0x415f55b3) x11 0x0001c000
core   0: 0x8000643e (0x00985f13) srli    t5, a6, 9
core   0: 3 0x8000643e (0x00985f13) x30 0x007fffc0
core   0: 0x80006442 (0x0ff0000f) fence   iorw,iorw
core   0: 3 0x80006442 (0x0ff0000f)
core   0: 0x80006446 (0x0561de63) bge     gp, s6, pc + 92
core   0: 3 0x80006446 (0x0561de63)
core   0: 0x8000644a (0x00000001) c.nop
core   0: 3 0x8000644a (0x0001)
core   0: 0x8000644c (0x00008e39) c.xor   a2, a4
core   0: 3 0x8000644c (0x8e39) x12 0xca8c5fff
core   0: 0x8000644e (0x0000874a) c.mv    a4, s2
core   0: 3 0x8000644e (0x874a) x14 0x80025e75
core   0: 0x80006450 (0x06715b63) bge     sp, t2, pc + 118
core   0: 3 0x80006450 (0x06715b63)
core   0: 0x80006454 (0x0154d263) bge     s1, s5, pc + 4
core   0: 3 0x80006454 (0x0154d263)
core   0: 0x80006458 (0x03cf80b3) mul     ra, t6, t3
core   0: 3 0x80006458 (0x03cf80b3) x 1 0x80000000
core   0: 0x8000645c (0x00008e25) c.xor   a2, s1
core   0: 3 0x8000645c (0x8e25) x12 0xca8c6fff
core   0: 0x8000645e (0x48444413) xori    s0, s0, 1156
core   0: 3 0x8000645e (0x48444413) x 8 0x00000485
core   0: 0x80006462 (0x0ab12317) auipc   t1, 0xab12
core   0: 3 0x80006462 (0x0ab12317) x 6 0x8ab18462
core   0: 0x80006466 (0x006057b3) srl     a5, zero, t1
core   0: 3 0x80006466 (0x006057b3) x15 0x00000000
core   0: 0x8000646a (0x00a0066f) jal     a2, pc + 0xa
core   0: 3 0x8000646a (0x00a0066f) x12 0x8000646e
core   0: 0x80006474 (0x00002029) c.jal   pc + 10
core   0: 3 0x80006474 (0x2029) x 1 0x80006476
core   0: 0x8000647e (0xffdff7ef) jal     a5, pc - 0x4
core   0: 3 0x8000647e (0xffdff7ef) x15 0x80006482
core   0: 0x8000647a (0x0000bff5) c.j     pc - 4
core   0: 3 0x8000647a (0xbff5)
core   0: 0x80006476 (0x00c000ef) jal     pc + 0xc
core   0: 3 0x80006476 (0x00c000ef) x 1 0x8000647a
core   0: 0x80006482 (0x00002819) c.jal   pc + 22
core   0: 3 0x80006482 (0x2819) x 1 0x80006484
core   0: 0x80006498 (0xfe5ff0ef) jal     pc - 0x1c
core   0: 3 0x80006498 (0xfe5ff0ef) x 1 0x8000649c
core   0: 0x8000647c (0x0000a039) c.j     pc + 14
core   0: 3 0x8000647c (0xa039)
core   0: 0x8000648a (0xfe7ff0ef) jal     pc - 0x1a
core   0: 3 0x8000648a (0xfe7ff0ef) x 1 0x8000648e
core   0: 0x80006470 (0x0000201d) c.jal   pc + 38
core   0: 3 0x80006470 (0x201d) x 1 0x80006472
core   0: 0x80006496 (0x0000bff1) c.j     pc - 36
core   0: 3 0x80006496 (0xbff1)
core   0: 0x80006472 (0x0000202d) c.jal   pc + 42
core   0: 3 0x80006472 (0x202d) x 1 0x80006474
core   0: 0x8000649c (0x0000b7f5) c.j     pc - 20
core   0: 3 0x8000649c (0xb7f5)
core   0: 0x80006488 (0x00002019) c.jal   pc + 6
core   0: 3 0x80006488 (0x2019) x 1 0x8000648a
core   0: 0x8000648e (0xfe1ff0ef) jal     pc - 0x20
core   0: 3 0x8000648e (0xfe1ff0ef) x 1 0x80006492
core   0: 0x8000646e (0x00002819) c.jal   pc + 22
core   0: 3 0x8000646e (0x2819) x 1 0x80006470
core   0: 0x80006484 (0x00e000ef) jal     pc + 0xe
core   0: 3 0x80006484 (0x00e000ef) x 1 0x80006488
core   0: 0x80006492 (0x00c000ef) jal     pc + 0xc
core   0: 3 0x80006492 (0x00c000ef) x 1 0x80006496
core   0: 0x8000649e (0x005be333) or      t1, s7, t0
core   0: 3 0x8000649e (0x005be333) x 6 0x80000377
core   0: 0x800064a2 (0x0357d133) divu    sp, a5, s5
core   0: 3 0x800064a2 (0x0357d133) x 2 0xffffffff
core   0: 0x800064a6 (0xa4db6b93) ori     s7, s6, -1459
core   0: 3 0x800064a6 (0xa4db6b93) x23 0xfffffaef
core   0: 0x800064aa (0x02a8ffb3) remu    t6, a7, a0
core   0: 3 0x800064aa (0x02a8ffb3) x31 0x00000001
core   0: 0x800064ae (0x00000001) c.nop
core   0: 3 0x800064ae (0x0001)
core   0: 0x800064b0 (0x00008c45) c.or    s0, s1
core   0: 3 0x800064b0 (0x8c45) x 8 0x00003485
core   0: 0x800064b2 (0x00001efd) c.addi  t4, -1
core   0: 3 0x800064b2 (0x1efd) x29 0x00001fff
core   0: 0x800064b4 (0x05cd9bb7) lui     s7, 0x5cd9
core   0: 3 0x800064b4 (0x05cd9bb7) x23 0x05cd9000
core   0: 0x800064b8 (0x00001184) c.addi4spn s1, sp, 224
core   0: 3 0x800064b8 (0x1184) x 9 0x000000df
core   0: 0x800064ba (0x1234b7b7) lui     a5, 0x1234b
core   0: 3 0x800064ba (0x1234b7b7) x15 0x1234b000
core   0: 0x800064be (0x0000100f) fence.i
core   0: 3 0x800064be (0x0000100f)
core   0: 0x800064c2 (0x40a5dd13) srai    s10, a1, 10
core   0: 3 0x800064c2 (0x40a5dd13) x26 0x00000070
core   0: 0x800064c6 (0x000083b5) c.srli  a5, 13
core   0: 3 0x800064c6 (0x83b5) x15 0x000091a5
core   0: 0x800064c8 (0x01e81993) slli    s3, a6, 30
core   0: 3 0x800064c8 (0x01e81993) x19 0x00000000
core   0: 0x800064cc (0x406dd733) sra     a4, s11, t1
core   0: 3 0x800064cc (0x406dd733) x14 0x00000000
core   0: 0x800064d0 (0x000049dd) c.li    s3, 23
core   0: 3 0x800064d0 (0x49dd) x19 0x00000017
core   0: 0x800064d2 (0x035de633) rem     a2, s11, s5
core   0: 3 0x800064d2 (0x035de633) x12 0x00000000
core   0: 0x800064d6 (0x02258bb3) mul     s7, a1, sp
core   0: 3 0x800064d6 (0x02258bb3) x23 0xfffe4000
core   0: 0x800064da (0x01f36f33) or      t5, t1, t6
core   0: 3 0x800064da (0x01f36f33) x30 0x80000377
core   0: 0x800064de (0x01a3d263) bge     t2, s10, pc + 4
core   0: 3 0x800064de (0x01a3d263)
core   0: 0x800064e2 (0x4167dd33) sra     s10, a5, s6
core   0: 3 0x800064e2 (0x4167dd33) x26 0x00000123
core   0: 0x800064e6 (0x03e28963) beq     t0, t5, pc + 50
core   0: 3 0x800064e6 (0x03e28963)
core   0: 0x800064ea (0x0366a4b3) mulhsu  s1, a3, s6
core   0: 3 0x800064ea (0x0366a4b3) x 9 0xffffff8c
core   0: 0x800064ee (0x010c8d33) add     s10, s9, a6
core   0: 3 0x800064ee (0x010c8d33) x26 0x80021ce4
core   0: 0x800064f2 (0x003cb133) sltu    sp, s9, gp
core   0: 3 0x800064f2 (0x003cb133) x 2 0x00000000
core   0: 0x800064f6 (0x01bb5863) bge     s6, s11, pc + 16
core   0: 3 0x800064f6 (0x01bb5863)
core   0: 0x80006506 (0x024cc933) div     s2, s9, tp
core   0: 3 0x80006506 (0x024cc933) x18 0xff60f1da
core   0: 0x8000650a (0x01b18f33) add     t5, gp, s11
core   0: 3 0x8000650a (0x01b18f33) x30 0x00000000
core   0: 0x8000650e (0x0285cc33) div     s8, a1, s0
core   0: 3 0x8000650e (0x0285cc33) x24 0x00000008
core   0: 0x80006512 (0x00008c25) c.xor   s0, s1
core   0: 3 0x80006512 (0x8c25) x 8 0xffffcb09
core   0: 0x80006514 (0x00f761b3) or      gp, a4, a5
core   0: 3 0x80006514 (0x00f761b3) x 3 0x000091a5
core   0: 0x80006518 (0x00008dd9) c.or    a1, a4
core   0: 3 0x80006518 (0x8dd9) x11 0x0001c000
core   0: 0x8000651a (0x020223b3) mulhsu  t2, tp, zero
core   0: 3 0x8000651a (0x020223b3) x 7 0x00000000
core   0: 0x8000651e (0x00009e1e) c.add   t3, t2
core   0: 3 0x8000651e (0x9e1e) x28 0xf19f0000
core   0: 0x80006520 (0x028371b3) remu    gp, t1, s0
core   0: 3 0x80006520 (0x028371b3) x 3 0x80000377
core   0: 0x80006524 (0x4157dbb3) sra     s7, a5, s5
core   0: 3 0x80006524 (0x4157dbb3) x23 0x000091a5
core   0: 0x80006528 (0x405df2b7) lui     t0, 0x405df
core   0: 3 0x80006528 (0x405df2b7) x 5 0x405df000
core   0: 0x8000652c (0x0ff0000f) fence   iorw,iorw
core   0: 3 0x8000652c (0x0ff0000f)
core   0: 0x80006530 (0x00000fc5) c.addi  t6, 17
core   0: 3 0x80006530 (0x0fc5) x31 0x00000012
core   0: 0x80006532 (0x0023d4b3) srl     s1, t2, sp
core   0: 3 0x80006532 (0x0023d4b3) x 9 0x00000000
core   0: 0x80006536 (0x00008dd9) c.or    a1, a4
core   0: 3 0x80006536 (0x8dd9) x11 0x0001c000
core   0: 0x80006538 (0x03a4cc63) blt     s1, s10, pc + 56
core   0: 3 0x80006538 (0x03a4cc63)
core   0: 0x8000653c (0x035e0733) mul     a4, t3, s5
core   0: 3 0x8000653c (0x035e0733) x14 0x00000000
core   0: 0x80006540 (0x01fa6c63) bltu    s4, t6, pc + 24
core   0: 3 0x80006540 (0x01fa6c63)
core   0: 0x80006558 (0x0000717d) c.addi16sp sp, -16
core   0: 3 0x80006558 (0x717d) x 2 0xfffffff0
core   0: 0x8000655a (0x0000717d) c.addi16sp sp, -16
core   0: 3 0x8000655a (0x717d) x 2 0xffffffe0
core   0: 0x8000655c (0x022b04b3) mul     s1, s6, sp
core   0: 3 0x8000655c (0x022b04b3) x 9 0xffffe320
core   0: 0x80006560 (0x036cdc63) bge     s9, s6, pc + 56
core   0: 3 0x80006560 (0x036cdc63)
core   0: 0x80006564 (0x000001a5) c.addi  gp, 9
core   0: 3 0x80006564 (0x01a5) x 3 0x80000380
core   0: 0x80006566 (0x02158ab3) mul     s5, a1, ra
core   0: 3 0x80006566 (0x02158ab3) x21 0xb0068000
core   0: 0x8000656a (0x0000717d) c.addi16sp sp, -16
core   0: 3 0x8000656a (0x717d) x 2 0xffffffd0
core   0: 0x8000656c (0x021f5133) divu    sp, t5, ra
core   0: 3 0x8000656c (0x021f5133) x 2 0x00000000
core   0: 0x80006570 (0x00000b6e) c.slli  s6, 27
core   0: 3 0x80006570 (0x0b6e) x22 0x38000000
core   0: 0x80006572 (0x023f1b33) mulh    s6, t5, gp
core   0: 3 0x80006572 (0x023f1b33) x22 0x00000000
core   0: 0x80006576 (0x01c2da33) srl     s4, t0, t3
core   0: 3 0x80006576 (0x01c2da33) x20 0x405df000
core   0: 0x8000657a (0x017a0633) add     a2, s4, s7
core   0: 3 0x8000657a (0x017a0633) x12 0x405e81a5
core   0: 0x8000657e (0x00361e13) slli    t3, a2, 3
core   0: 3 0x8000657e (0x00361e13) x28 0x02f40d28
core   0: 0x80006582 (0x0ff0000f) fence   iorw,iorw
core   0: 3 0x80006582 (0x0ff0000f)
core   0: 0x80006586 (0x0000915a) c.add   sp, s6
core   0: 3 0x80006586 (0x915a) x 2 0x00000000
core   0: 0x80006588 (0x0000100f) fence.i
core   0: 3 0x80006588 (0x0000100f)
core   0: 0x8000658c (0x01ec5f63) bge     s8, t5, pc + 30
core   0: 3 0x8000658c (0x01ec5f63)
core   0: 0x800065aa (0x014c99b3) sll     s3, s9, s4
core   0: 3 0x800065aa (0x014c99b3) x19 0x80029ce4
core   0: 0x800065ae (0x00008c9d) c.sub   s1, a5
core   0: 3 0x800065ae (0x8c9d) x 9 0xffff517b
core   0: 0x800065b0 (0x00000f1e) c.slli  t5, 7
core   0: 3 0x800065b0 (0x0f1e) x30 0x00000000
core   0: 0x800065b2 (0x00000e42) c.slli  t3, 16
core   0: 3 0x800065b2 (0x0e42) x28 0x0d280000
core   0: 0x800065b4 (0x00008256) c.mv    tp, s5
core   0: 3 0x800065b4 (0x8256) x 4 0xb0068000
core   0: 0x800065b6 (0x00008f19) c.sub   a4, a4
core   0: 3 0x800065b6 (0x8f19) x14 0x00000000
core   0: 0x800065b8 (0x0000c809) c.beqz  s0, pc + 18
core   0: 3 0x800065b8 (0xc809)
core   0: 0x800065ba (0x030c8d63) beq     s9, a6, pc + 58
core   0: 3 0x800065ba (0x030c8d63)
core   0: 0x800065be (0x01f30033) add     zero, t1, t6
core   0: 3 0x800065be (0x01f30033)
core   0: 0x800065c2 (0x0000861d) c.srai  a2, 7
core   0: 3 0x800065c2 (0x861d) x12 0x0080bd03
core   0: 0x800065c4 (0x00001e8c) c.addi4spn a1, sp, 880
core   0: 3 0x800065c4 (0x1e8c) x11 0x00000370
core   0: 0x800065c6 (0x00000ad2) c.slli  s5, 20
core   0: 3 0x800065c6 (0x0ad2) x21 0x00000000
core   0: 0x800065c8 (0x0000987d) c.andi  s0, -1
core   0: 3 0x800065c8 (0x987d) x 8 0xffffcb09
core   0: 0x800065ca (0x00008689) c.srai  a3, 2
core   0: 3 0x800065ca (0x8689) x13 0xe0000000
core   0: 0x800065cc (0x00c69c13) slli    s8, a3, 12
core   0: 3 0x800065cc (0x00c69c13) x24 0x00000000
core   0: 0x800065d0 (0x034beab3) rem     s5, s7, s4
core   0: 3 0x800065d0 (0x034beab3) x21 0x000091a5
core   0: 0x800065d4 (0x00000001) c.nop
core   0: 3 0x800065d4 (0x0001)
core   0: 0x800065d6 (0x4082d713) srai    a4, t0, 8
core   0: 3 0x800065d6 (0x4082d713) x14 0x00405df0
core   0: 0x800065da (0x0000e401) c.bnez  s0, pc + 8
core   0: 3 0x800065da (0xe401)
core   0: 0x800065e2 (0x00000001) c.nop
core   0: 3 0x800065e2 (0x0001)
core   0: 0x800065e4 (0x40005c13) srai    s8, zero, 0
core   0: 3 0x800065e4 (0x40005c13) x24 0x00000000
core   0: 0x800065e8 (0x027c5a63) bge     s8, t2, pc + 52
core   0: 3 0x800065e8 (0x027c5a63)
core   0: 0x8000661c (0x0000cd99) c.beqz  a1, pc + 30
core   0: 3 0x8000661c (0xcd99)
core   0: 0x8000661e (0x0000c1a9) c.beqz  a1, pc + 66
core   0: 3 0x8000661e (0xc1a9)
core   0: 0x80006620 (0x4158d713) srai    a4, a7, 21
core   0: 3 0x80006620 (0x4158d713) x14 0xfffffc00
core   0: 0x80006624 (0x44808d13) addi    s10, ra, 1096
core   0: 3 0x80006624 (0x44808d13) x26 0x800068de
core   0: 0x80006628 (0x001c70b3) and     ra, s8, ra
core   0: 3 0x80006628 (0x001c70b3) x 1 0x00000000
core   0: 0x8000662c (0x037d8833) mul     a6, s11, s7
core   0: 3 0x8000662c (0x037d8833) x16 0x00000000
core   0: 0x80006630 (0x02581db3) mulh    s11, a6, t0
core   0: 3 0x80006630 (0x02581db3) x27 0x00000000
core   0: 0x80006634 (0x00008779) c.srai  a4, 30
core   0: 3 0x80006634 (0x8779) x14 0xffffffff
core   0: 0x80006636 (0x7d92b313) sltiu   t1, t0, 2009
core   0: 3 0x80006636 (0x7d92b313) x 6 0x00000000
core   0: 0x8000663a (0xee408e13) addi    t3, ra, -284
core   0: 3 0x8000663a (0xee408e13) x28 0xfffffee4
core   0: 0x8000663e (0x01234c33) xor     s8, t1, s2
core   0: 3 0x8000663e (0x01234c33) x24 0xff60f1da
core   0: 0x80006642 (0x030ecdb3) div     s11, t4, a6
core   0: 3 0x80006642 (0x030ecdb3) x27 0xffffffff
core   0: 0x80006646 (0x0000ef01) c.bnez  a4, pc + 24
core   0: 3 0x80006646 (0xef01)
core   0: 0x8000665e (0x0000180c) c.addi4spn a1, sp, 48
core   0: 3 0x8000665e (0x180c) x11 0x00000030
core   0: 0x80006660 (0x03d361b3) rem     gp, t1, t4
core   0: 3 0x80006660 (0x03d361b3) x 3 0x00000000
core   0: 0x80006664 (0x30b6ee13) ori     t3, a3, 779
core   0: 3 0x80006664 (0x30b6ee13) x28 0xe000030b
core   0: 0x80006668 (0x025fe933) rem     s2, t6, t0
core   0: 3 0x80006668 (0x025fe933) x18 0x00000012
core   0: 0x8000666c (0x02e3b633) mulhu   a2, t2, a4
core   0: 3 0x8000666c (0x02e3b633) x12 0x00000000
core   0: 0x80006670 (0x03b83733) mulhu   a4, a6, s11
core   0: 3 0x80006670 (0x03b83733) x14 0x00000000
core   0: 0x80006674 (0x52b8e393) ori     t2, a7, 1323
core   0: 3 0x80006674 (0x52b8e393) x 7 0x80025f6f
core   0: 0x80006678 (0x9e05a937) lui     s2, 0x9e05a
core   0: 3 0x80006678 (0x9e05a937) x18 0x9e05a000
core   0: 0x8000667c (0x00b24bb3) xor     s7, tp, a1
core   0: 3 0x8000667c (0x00b24bb3) x23 0xb0068030
core   0: 0x80006680 (0x005544b3) xor     s1, a0, t0
core   0: 3 0x80006680 (0x005544b3) x 9 0x405df00d
core   0: 0x80006684 (0x017dac33) slt     s8, s11, s7
core   0: 3 0x80006684 (0x017dac33) x24 0x00000000
core   0: 0x80006688 (0x01c78263) beq     a5, t3, pc + 4
core   0: 3 0x80006688 (0x01c78263)
core   0: 0x8000668c (0x4fd8b213) sltiu   tp, a7, 1277
core   0: 3 0x8000668c (0x4fd8b213) x 4 0x00000000
core   0: 0x80006690 (0x00009e52) c.add   t3, s4
core   0: 3 0x80006690 (0x9e52) x28 0x205df30b
core   0: 0x80006692 (0x0ff0000f) fence   iorw,iorw
core   0: 3 0x80006692 (0x0ff0000f)
core   0: 0x80006696 (0x03d1a033) mulhsu  zero, gp, t4
core   0: 3 0x80006696 (0x03d1a033)
core   0: 0x8000669a (0x0000c091) c.beqz  s1, pc + 4
core   0: 3 0x8000669a (0xc091)
core   0: 0x8000669c (0x00009d52) c.add   s10, s4
core   0: 3 0x8000669c (0x9d52) x26 0xc05e58de
core   0: 0x8000669e (0x00235c33) srl     s8, t1, sp
core   0: 3 0x8000669e (0x00235c33) x24 0x00000000
core   0: 0x800066a2 (0x04aae063) bltu    s5, a0, pc + 64
core   0: 3 0x800066a2 (0x04aae063)
core   0: 0x800066a6 (0x00008cdd) c.or    s1, a5
core   0: 3 0x800066a6 (0x8cdd) x 9 0x405df1ad
core   0: 0x800066a8 (0x003f0c63) beq     t5, gp, pc + 24
core   0: 3 0x800066a8 (0x003f0c63)
core   0: 0x800066c0 (0x41a40d33) sub     s10, s0, s10
core   0: 3 0x800066c0 (0x41a40d33) x26 0x3fa1722b
core   0: 0x800066c4 (0x0ff0000f) fence   iorw,iorw
core   0: 3 0x800066c4 (0x0ff0000f)
core   0: 0x800066c8 (0xef3c6693) ori     a3, s8, -269
core   0: 3 0x800066c8 (0xef3c6693) x13 0xfffffef3
core   0: 0x800066cc (0x00000001) c.nop
core   0: 3 0x800066cc (0x0001)
core   0: 0x800066ce (0x0000c30d) c.beqz  a4, pc + 34
core   0: 3 0x800066ce (0xc30d)
core   0: 0x800066f0 (0x5901f393) andi    t2, gp, 1424
core   0: 3 0x800066f0 (0x5901f393) x 7 0x00000000
core   0: 0x800066f4 (0x02b95f63) bge     s2, a1, pc + 62
core   0: 3 0x800066f4 (0x02b95f63)
core   0: 0x800066f8 (0x03fbe6b3) rem     a3, s7, t6
core   0: 3 0x800066f8 (0x03fbe6b3) x13 0x00000000
core   0: 0x800066fc (0x02908f63) beq     ra, s1, pc + 62
core   0: 3 0x800066fc (0x02908f63)
core   0: 0x80006700 (0x00000001) c.nop
core   0: 3 0x80006700 (0x0001)
core   0: 0x80006702 (0x2b526c13) ori     s8, tp, 693
core   0: 3 0x80006702 (0x2b526c13) x24 0x000002b5
core   0: 0x80006706 (0x03c3d363) bge     t2, t3, pc + 38
core   0: 3 0x80006706 (0x03c3d363)
core   0: 0x8000670a (0x0106e7b3) or      a5, a3, a6
core   0: 3 0x8000670a (0x0106e7b3) x15 0x00000000
core   0: 0x8000670e (0x023fda63) bge     t6, gp, pc + 52
core   0: 3 0x8000670e (0x023fda63)
core   0: 0x80006742 (0x0020eab3) or      s5, ra, sp
core   0: 3 0x80006742 (0x0020eab3) x21 0x00000000
core   0: 0x80006746 (0x0000100f) fence.i
core   0: 3 0x80006746 (0x0000100f)
core   0: 0x8000674a (0x02a3aab3) mulhsu  s5, t2, a0
core   0: 3 0x8000674a (0x02a3aab3) x21 0x00000000
core   0: 0x8000674e (0x417781b3) sub     gp, a5, s7
core   0: 3 0x8000674e (0x417781b3) x 3 0x4ff97fd0
core   0: 0x80006752 (0x00008c0d) c.sub   s0, a1
core   0: 3 0x80006752 (0x8c0d) x 8 0xffffcad9
core   0: 0x80006754 (0x09293613) sltiu   a2, s2, 146
core   0: 3 0x80006754 (0x09293613) x12 0x00000000
core   0: 0x80006758 (0x0001af97) auipc   t6, 0x1a
core   0: 3 0x80006758 (0x0001af97) x31 0x80020758
core   0: 0x8000675c (0xa14f8f93) addi    t6, t6, -1516
core   0: 3 0x8000675c (0xa14f8f93) x31 0x8002016c
core   0: 0x80006760 (0x0000ee97) auipc   t4, 0xe
core   0: 3 0x80006760 (0x0000ee97) x29 0x80014760
core   0: 0x80006764 (0x89fe8e93) addi    t4, t4, -1889
core   0: 3 0x80006764 (0x89fe8e93) x29 0x80013fff
core   0: 0x80006768 (0x0000dc17) auipc   s8, 0xd
core   0: 3 0x80006768 (0x0000dc17) x24 0x80013768
core   0: 0x8000676c (0x1c2c0c13) addi    s8, s8, 450
core   0: 3 0x8000676c (0x1c2c0c13) x24 0x8001392a
core   0: 0x80006770 (0x4dcec003) lbu     zero, 1244(t4)
core   0: 3 0x80006770 (0x4dcec003) mem 0x800144db
core   0: 0x80006774 (0x013f84a3) sb      s3, 9(t6)
core   0: 3 0x80006774 (0x013f84a3) mem 0x80020175 0xe4
core   0: 0x80006778 (0x8d9e8e03) lb      t3, -1831(t4)
core   0: 3 0x80006778 (0x8d9e8e03) x28 0xffffff93 mem 0x800138d8
core   0: 0x8000677c (0x00018117) auipc   sp, 0x18
core   0: 3 0x8000677c (0x00018117) x 2 0x8001e77c
core   0: 0x80006780 (0x4e110113) addi    sp, sp, 1249
core   0: 3 0x80006780 (0x4e110113) x 2 0x8001ec5d
core   0: 0x80006784 (0x0000f397) auipc   t2, 0xf
core   0: 3 0x80006784 (0x0000f397) x 7 0x80015784
core   0: 0x80006788 (0x67138393) addi    t2, t2, 1649
core   0: 3 0x80006788 (0x67138393) x 7 0x80015df5
core   0: 0x8000678c (0x010f8d03) lb      s10, 16(t6)
core   0: 3 0x8000678c (0x010f8d03) x26 0x00000037 mem 0x8002017c
core   0: 0x80006790 (0xff8f8aa3) sb      s8, -11(t6)
core   0: 3 0x80006790 (0xff8f8aa3) mem 0x80020161 0x2a
core   0: 0x80006794 (0x163e9303) lh      t1, 355(t4)
core   0: 3 0x80006794 (0x163e9303) x 6 0x00001819 mem 0x80014162
core   0: 0x80006798 (0x00c10b03) lb      s6, 12(sp)
core   0: 3 0x80006798 (0x00c10b03) x22 0x00000022 mem 0x8001ec69
core   0: 0x8000679c (0x09939ca3) sh      s9, 153(t2)
core   0: 3 0x8000679c (0x09939ca3) mem 0x80015e8e 0x9ce4
core   0: 0x800067a0 (0x007c0283) lb      t0, 7(s8)
core   0: 3 0x800067a0 (0x007c0283) x 5 0xffffffea mem 0x80013931
core   0: 0x800067a4 (0xfde38283) lb      t0, -34(t2)
core   0: 3 0x800067a4 (0xfde38283) x 5 0xffffff88 mem 0x80015dd3
core   0: 0x800067a8 (0xfe210c23) sb      sp, -8(sp)
core   0: 3 0x800067a8 (0xfe210c23) mem 0x8001ec55 0x5d
core   0: 0x800067ac (0xfe1f9923) sh      ra, -14(t6)
core   0: 3 0x800067ac (0xfe1f9923) mem 0x8002015e 0x0000
core   0: 0x800067b0 (0x00ac5a83) lhu     s5, 10(s8)
core   0: 3 0x800067b0 (0x00ac5a83) x21 0x0000eeef mem 0x80013934
core   0: 0x800067b4 (0x001fc983) lbu     s3, 1(t6)
core   0: 3 0x800067b4 (0x001fc983) x19 0x00000026 mem 0x8002016d
core   0: 0x800067b8 (0xffef9b83) lh      s7, -2(t6)
core   0: 3 0x800067b8 (0xffef9b83) x23 0x00002021 mem 0x8002016a
core   0: 0x800067bc (0x00810183) lb      gp, 8(sp)
core   0: 3 0x800067bc (0x00810183) x 3 0x0000001e mem 0x8001ec65
core   0: 0x800067c0 (0x0863cb83) lbu     s7, 134(t2)
core   0: 3 0x800067c0 (0x0863cb83) x23 0x00000030 mem 0x80015e7b
core   0: 0x800067c4 (0x00dc2123) sw      a3, 2(s8)
core   0: 3 0x800067c4 (0x00dc2123) mem 0x8001392c 0x00000000
core   0: 0x800067c8 (0x531e8b23) sb      a7, 1334(t4)
core   0: 3 0x800067c8 (0x531e8b23) mem 0x80014535 0x64
core   0: 0x800067cc (0x004c4d83) lbu     s11, 4(s8)
core   0: 3 0x800067cc (0x004c4d83) x27 0x00000000 mem 0x8001392e
core   0: 0x800067d0 (0xeeae8a03) lb      s4, -278(t4)
core   0: 3 0x800067d0 (0xeeae8a03) x20 0xffffffa2 mem 0x80013ee9
core   0: 0x800067d4 (0xfe6108a3) sb      t1, -15(sp)
core   0: 3 0x800067d4 (0xfe6108a3) mem 0x8001ec4e 0x19
core   0: 0x800067d8 (0xfe3c09a3) sb      gp, -13(s8)
core   0: 3 0x800067d8 (0xfe3c09a3) mem 0x8001391d 0x1e
core   0: 0x800067dc (0x00cc4f03) lbu     t5, 12(s8)
core   0: 3 0x800067dc (0x00cc4f03) x30 0x000000ed mem 0x80013936
core   0: 0x800067e0 (0xfde38903) lb      s2, -34(t2)
core   0: 3 0x800067e0 (0xfde38903) x18 0xffffff88 mem 0x80015dd3
core   0: 0x800067e4 (0xfea11ea3) sh      a0, -3(sp)
core   0: 3 0x800067e4 (0xfea11ea3) mem 0x8001ec5a 0x000d
core   0: 0x800067e8 (0x005c0403) lb      s0, 5(s8)
core   0: 3 0x800067e8 (0x005c0403) x 8 0x00000000 mem 0x8001392f
core   0: 0x800067ec (0xe32e8a83) lb      s5, -462(t4)
core   0: 3 0x800067ec (0xe32e8a83) x21 0xffffffea mem 0x80013e31
core   0: 0x800067f0 (0xe4ce93a3) sh      a2, -441(t4)
core   0: 3 0x800067f0 (0xe4ce93a3) mem 0x80013e46 0x0000
core   0: 0x800067f4 (0xff915783) lhu     a5, -7(sp)
core   0: 3 0x800067f4 (0xff915783) x15 0x00000c0d mem 0x8001ec56
core   0: 0x800067f8 (0x00f10203) lb      tp, 15(sp)
core   0: 3 0x800067f8 (0x00f10203) x 4 0x00000027 mem 0x8001ec6c
core   0: 0x800067fc (0x009c4d83) lbu     s11, 9(s8)
core   0: 3 0x800067fc (0x009c4d83) x27 0x000000e8 mem 0x80013933
core   0: 0x80006800 (0xf583ce03) lbu     t3, -168(t2)
core   0: 3 0x80006800 (0xf583ce03) x28 0x00000006 mem 0x80015d4d
core   0: 0x80006804 (0x005c0783) lb      a5, 5(s8)
core   0: 3 0x80006804 (0x005c0783) x15 0x00000000 mem 0x8001392f
core   0: 0x80006808 (0x000f86a3) sb      zero, 13(t6)
core   0: 3 0x80006808 (0x000f86a3) mem 0x80020179 0x0
core   0: 0x8000680c (0xff710ca3) sb      s7, -7(sp)
core   0: 3 0x8000680c (0xff710ca3) mem 0x8001ec56 0x30
core   0: 0x80006810 (0x01e1cd63) blt     gp, t5, pc + 26
core   0: 3 0x80006810 (0x01e1cd63)
core   0: 0x8000682a (0x278ced13) ori     s10, s9, 632
core   0: 3 0x8000682a (0x278ced13) x26 0x80029efc
core   0: 0x8000682e (0x03edd3b3) divu    t2, s11, t5
core   0: 3 0x8000682e (0x03edd3b3) x 7 0x00000000
core   0: 0x80006832 (0x01af1233) sll     tp, t5, s10
core   0: 3 0x80006832 (0x01af1233) x 4 0xd0000000
core   0: 0x80006836 (0xb62be913) ori     s2, s7, -1182
core   0: 3 0x80006836 (0xb62be913) x18 0xfffffb72
core   0: 0x8000683a (0x0000e331) c.bnez  a4, pc + 68
core   0: 3 0x8000683a (0xe331)
core   0: 0x8000683c (0x0000eb05) c.bnez  a4, pc + 48
core   0: 3 0x8000683c (0xeb05)
core   0: 0x8000683e (0x401000b3) sub     ra, zero, ra
core   0: 3 0x8000683e (0x401000b3) x 1 0x00000000
core   0: 0x80006842 (0x03b46ab3) rem     s5, s0, s11
core   0: 3 0x80006842 (0x03b46ab3) x21 0x00000000
core   0: 0x80006846 (0x005734b3) sltu    s1, a4, t0
core   0: 3 0x80006846 (0x005734b3) x 9 0x00000001
core   0: 0x8000684a (0x40275993) srai    s3, a4, 2
core   0: 3 0x8000684a (0x40275993) x19 0x00000000
core   0: 0x8000684e (0x40955d93) srai    s11, a0, 9
core   0: 3 0x8000684e (0x40955d93) x27 0x00000000
core   0: 0x80006852 (0x0ff0000f) fence   iorw,iorw
core   0: 3 0x80006852 (0x0ff0000f)
core   0: 0x80006856 (0x0000100f) fence.i
core   0: 3 0x80006856 (0x0000100f)
core   0: 0x8000685a (0x03a49c63) bne     s1, s10, pc + 56
core   0: 3 0x8000685a (0x03a49c63)
core   0: 0x80006892 (0x00009afd) c.andi  a3, -1
core   0: 3 0x80006892 (0x9afd) x13 0x00000000
core   0: 0x80006894 (0x00000001) c.nop
core   0: 3 0x80006894 (0x0001)
core   0: 0x80006896 (0x02a47eb3) remu    t4, s0, a0
core   0: 3 0x80006896 (0x02a47eb3) x29 0x00000000
core   0: 0x8000689a (0x014137b3) sltu    a5, sp, s4
core   0: 3 0x8000689a (0x014137b3) x15 0x00000001
core   0: 0x8000689e (0x00008f89) c.sub   a5, a0
core   0: 3 0x8000689e (0x8f89) x15 0xfffffff4
core   0: 0x800068a0 (0x033ad2b3) divu    t0, s5, s3
core   0: 3 0x800068a0 (0x033ad2b3) x 5 0xffffffff
core   0: 0x800068a4 (0x010be263) bltu    s7, a6, pc + 4
core   0: 3 0x800068a4 (0x010be263)
core   0: 0x800068a8 (0x50ff7213) andi    tp, t5, 1295
core   0: 3 0x800068a8 (0x50ff7213) x 4 0x0000000d
core   0: 0x800068ac (0x0000100f) fence.i
core   0: 3 0x800068ac (0x0000100f)
core   0: 0x800068b0 (0x03184033) div     zero, a6, a7
core   0: 3 0x800068b0 (0x03184033)
core   0: 0x800068b4 (0x00000001) c.nop
core   0: 3 0x800068b4 (0x0001)
core   0: 0x800068b6 (0xc029e013) ori     zero, s3, -1022
core   0: 3 0x800068b6 (0xc029e013)
core   0: 0x800068ba (0x00006f99) c.lui   t6, 0x6
core   0: 3 0x800068ba (0x6f99) x31 0x00006000
core   0: 0x800068bc (0x02710733) mul     a4, sp, t2
core   0: 3 0x800068bc (0x02710733) x14 0x00000000
core   0: 0x800068c0 (0x0000ee09) c.bnez  a2, pc + 26
core   0: 3 0x800068c0 (0xee09)
core   0: 0x800068c2 (0x019c7263) bgeu    s8, s9, pc + 4
core   0: 3 0x800068c2 (0x019c7263)
core   0: 0x800068c6 (0xa9ceffb7) lui     t6, 0xa9cef
core   0: 3 0x800068c6 (0xa9ceffb7) x31 0xa9cef000
core   0: 0x800068ca (0x00526733) or      a4, tp, t0
core   0: 3 0x800068ca (0x00526733) x14 0xffffffff
core   0: 0x800068ce (0x00008f1d) c.sub   a4, a5
core   0: 3 0x800068ce (0x8f1d) x14 0x0000000b
core   0: 0x800068d0 (0x000043c1) c.li    t2, 16
core   0: 3 0x800068d0 (0x43c1) x 7 0x00000010
core   0: 0x800068d2 (0x00000001) c.nop
core   0: 3 0x800068d2 (0x0001)
core   0: 0x800068d4 (0x0000717d) c.addi16sp sp, -16
core   0: 3 0x800068d4 (0x717d) x 2 0x8001ec4d
core   0: 0x800068d6 (0x02bdea63) bltu    s11, a1, pc + 52
core   0: 3 0x800068d6 (0x02bdea63)
core   0: 0x8000690a (0x0000c791) c.beqz  a5, pc + 12
core   0: 3 0x8000690a (0xc791)
core   0: 0x8000690c (0x00004625) c.li    a2, 9
core   0: 3 0x8000690c (0x4625) x12 0x00000009
core   0: 0x8000690e (0x008070b3) and     ra, zero, s0
core   0: 3 0x8000690e (0x008070b3) x 1 0x00000000
core   0: 0x80006912 (0x0045d493) srli    s1, a1, 4
core   0: 3 0x80006912 (0x0045d493) x 9 0x00000003
core   0: 0x80006916 (0x405587b3) sub     a5, a1, t0
core   0: 3 0x80006916 (0x405587b3) x15 0x00000031
core   0: 0x8000691a (0x0000e319) c.bnez  a4, pc + 6
core   0: 3 0x8000691a (0xe319)
core   0: 0x80006920 (0x00000001) c.nop
core   0: 3 0x80006920 (0x0001)
core   0: 0x80006922 (0x000056fd) c.li    a3, -1
core   0: 3 0x80006922 (0x56fd) x13 0xffffffff
core   0: 0x80006924 (0x00000694) c.addi4spn a3, sp, 832
core   0: 3 0x80006924 (0x0694) x13 0x8001ef8d
core   0: 0x80006926 (0x00591b63) bne     s2, t0, pc + 22
core   0: 3 0x80006926 (0x00591b63)
core   0: 0x8000693c (0x013926b3) slt     a3, s2, s3
core   0: 3 0x8000693c (0x013926b3) x13 0x00000001
core   0: 0x80006940 (0x038e1d63) bne     t3, s8, pc + 58
core   0: 3 0x80006940 (0x038e1d63)
core   0: 0x8000697a (0x0000100f) fence.i
core   0: 3 0x8000697a (0x0000100f)
core   0: 0x8000697e (0x0363a6b3) mulhsu  a3, t2, s6
core   0: 3 0x8000697e (0x0363a6b3) x13 0x00000000
core   0: 0x80006982 (0x031f2f33) mulhsu  t5, t5, a7
core   0: 3 0x80006982 (0x031f2f33) x30 0x00000076
core   0: 0x80006986 (0x00009a06) c.add   s4, ra
core   0: 3 0x80006986 (0x9a06) x20 0xffffffa2
core   0: 0x80006988 (0x00006359) c.lui   t1, 0x16
core   0: 3 0x80006988 (0x6359) x 6 0x00016000
core   0: 0x8000698a (0x00c5fb63) bgeu    a1, a2, pc + 22
core   0: 3 0x8000698a (0x00c5fb63)
core   0: 0x800069a0 (0x023360b3) rem     ra, t1, gp
core   0: 3 0x800069a0 (0x023360b3) x 1 0x00000016
core   0: 0x800069a4 (0x00008db9) c.xor   a1, a4
core   0: 3 0x800069a4 (0x8db9) x11 0x0000003b
core   0: 0x800069a6 (0x000002ee) c.slli  t0, 27
core   0: 3 0x800069a6 (0x02ee) x 5 0xf8000000
core   0: 0x800069a8 (0x00008eb2) c.mv    t4, a2
core   0: 3 0x800069a8 (0x8eb2) x29 0x00000009
core   0: 0x800069aa (0x00009a7d) c.andi  a2, -1
core   0: 3 0x800069aa (0x9a7d) x12 0x00000009
core   0: 0x800069ac (0x02795b63) bge     s2, t2, pc + 54
core   0: 3 0x800069ac (0x02795b63)
core   0: 0x800069b0 (0x1be88db7) lui     s11, 0x1be88
core   0: 3 0x800069b0 (0x1be88db7) x27 0x1be88000
core   0: 0x800069b4 (0x0ff0000f) fence   iorw,iorw
core   0: 3 0x800069b4 (0x0ff0000f)
core   0: 0x800069b8 (0x000086de) c.mv    a3, s7
core   0: 3 0x800069b8 (0x86de) x13 0x00000030
core   0: 0x800069ba (0x00008333) add     t1, ra, zero
core   0: 3 0x800069ba (0x00008333) x 6 0x00000016
core   0: 0x800069be (0x00000001) c.nop
core   0: 3 0x800069be (0x0001)
core   0: 0x800069c0 (0x025e7133) remu    sp, t3, t0
core   0: 3 0x800069c0 (0x025e7133) x 2 0x00000006
core   0: 0x800069c4 (0x036db7b3) mulhu   a5, s11, s6
core   0: 3 0x800069c4 (0x036db7b3) x15 0x00000003
core   0: 0x800069c8 (0x00008ef5) c.and   a3, a3
core   0: 3 0x800069c8 (0x8ef5) x13 0x00000030
core   0: 0x800069ca (0x000009ea) c.slli  s3, 26
core   0: 3 0x800069ca (0x09ea) x19 0x00000000
core   0: 0x800069cc (0x00006405) c.lui   s0, 0x1
core   0: 3 0x800069cc (0x6405) x 8 0x00001000
core   0: 0x800069ce (0x0c00fc63) bgeu    ra, zero, pc + 216
core   0: 3 0x800069ce (0x0c00fc63)
core   0: 0x80006aa6 (0x5163f713) andi    a4, t2, 1302
core   0: 3 0x80006aa6 (0x5163f713) x14 0x00000010
core   0: 0x80006aaa (0x0000ee8d) c.bnez  a3, pc + 58
core   0: 3 0x80006aaa (0xee8d)
core   0: 0x80006ae4 (0x0000100f) fence.i
core   0: 3 0x80006ae4 (0x0000100f)
core   0: 0x80006ae8 (0x2e020793) addi    a5, tp, 736
core   0: 3 0x80006ae8 (0x2e020793) x15 0x000002ed
core   0: 0x80006aec (0x02e6b5b3) mulhu   a1, a3, a4
core   0: 3 0x80006aec (0x02e6b5b3) x11 0x00000000
core   0: 0x80006af0 (0x00004db1) c.li    s11, 12
core   0: 3 0x80006af0 (0x4db1) x27 0x0000000c
core   0: 0x80006af2 (0x00031c13) slli    s8, t1, 0
core   0: 3 0x80006af2 (0x00031c13) x24 0x00000016
core   0: 0x80006af6 (0x02ab2b33) mulhsu  s6, s6, a0
core   0: 3 0x80006af6 (0x02ab2b33) x22 0x00000000
core   0: 0x80006afa (0x14bc2f93) slti    t6, s8, 331
core   0: 3 0x80006afa (0x14bc2f93) x31 0x00000001
core   0: 0x80006afe (0x000085a5) c.srai  a1, 9
core   0: 3 0x80006afe (0x85a5) x11 0x00000000
core   0: 0x80006b00 (0x03e39363) bne     t2, t5, pc + 38
core   0: 3 0x80006b00 (0x03e39363)
core   0: 0x80006b26 (0x000099d2) c.add   s3, s4
core   0: 3 0x80006b26 (0x99d2) x19 0xffffffa2
core   0: 0x80006b28 (0x0309d233) divu    tp, s3, a6
core   0: 3 0x80006b28 (0x0309d233) x 4 0xffffffff
core   0: 0x80006b2c (0x00000001) c.nop
core   0: 3 0x80006b2c (0x0001)
core   0: 0x80006b2e (0x0283ed33) rem     s10, t2, s0
core   0: 3 0x80006b2e (0x0283ed33) x26 0x00000010
core   0: 0x80006b32 (0x02698163) beq     s3, t1, pc + 34
core   0: 3 0x80006b32 (0x02698163)
core   0: 0x80006b36 (0x02d57233) remu    tp, a0, a3
core   0: 3 0x80006b36 (0x02d57233) x 4 0x0000000d
core   0: 0x80006b3a (0xc618f097) auipc   ra, 0xc618f
core   0: 3 0x80006b3a (0xc618f097) x 1 0x46195b3a
core   0: 0x80006b3e (0x00006e79) c.lui   t3, 0x1e
core   0: 3 0x80006b3e (0x6e79) x28 0x0001e000
core   0: 0x80006b40 (0x035895b3) mulh    a1, a7, s5
core   0: 3 0x80006b40 (0x035895b3) x11 0x00000000
core   0: 0x80006b44 (0x0ff0000f) fence   iorw,iorw
core   0: 3 0x80006b44 (0x0ff0000f)
core   0: 0x80006b48 (0x411b07b3) sub     a5, s6, a7
core   0: 3 0x80006b48 (0x411b07b3) x15 0x7ffda19c
core   0: 0x80006b4c (0xa80aad13) slti    s10, s5, -1408
core   0: 3 0x80006b4c (0xa80aad13) x26 0x00000000
core   0: 0x80006b50 (0x417ed9b3) sra     s3, t4, s7
core   0: 3 0x80006b50 (0x417ed9b3) x19 0x00000000
core   0: 0x80006b54 (0x00008cc5) c.or    s1, s1
core   0: 3 0x80006b54 (0x8cc5) x 9 0x00000003
core   0: 0x80006b56 (0xe54b3293) sltiu   t0, s6, -428
core   0: 3 0x80006b56 (0xe54b3293) x 5 0x00000001
core   0: 0x80006b5a (0x00008c21) c.xor   s0, s0
core   0: 3 0x80006b5a (0x8c21) x 8 0x00000000
core   0: 0x80006b5c (0x02dbec63) bltu    s7, a3, pc + 56
core   0: 3 0x80006b5c (0x02dbec63)
core   0: 0x80006b60 (0x01a20263) beq     tp, s10, pc + 4
core   0: 3 0x80006b60 (0x01a20263)
core   0: 0x80006b64 (0xedf8d6b7) lui     a3, 0xedf8d
core   0: 3 0x80006b64 (0xedf8d6b7) x13 0xedf8d000
core   0: 0x80006b68 (0x032a7833) remu    a6, s4, s2
core   0: 3 0x80006b68 (0x032a7833) x16 0x00000430
core   0: 0x80006b6c (0x0000c389) c.beqz  a5, pc + 2
core   0: 3 0x80006b6c (0xc389)
core   0: 0x80006b6e (0x347ba717) auipc   a4, 0x347ba
core   0: 3 0x80006b6e (0x347ba717) x14 0xb47c0b6e
core   0: 0x80006b72 (0x02635d63) bge     t1, t1, pc + 58
core   0: 3 0x80006b72 (0x02635d63)
core   0: 0x80006bac (0x0000100f) fence.i
core   0: 3 0x80006bac (0x0000100f)
core   0: 0x80006bb0 (0x032422b3) mulhsu  t0, s0, s2
core   0: 3 0x80006bb0 (0x032422b3) x 5 0x00000000
core   0: 0x80006bb4 (0x010f8333) add     t1, t6, a6
core   0: 3 0x80006bb4 (0x010f8333) x 6 0x00000431
core   0: 0x80006bb8 (0x00000756) c.slli  a4, 21
core   0: 3 0x80006bb8 (0x0756) x14 0x6dc00000
core   0: 0x80006bba (0x00000500) c.addi4spn s0, sp, 640
core   0: 3 0x80006bba (0x0500) x 8 0x00000286
core   0: 0x80006bbc (0x0000ca1d) c.beqz  a2, pc + 54
core   0: 3 0x80006bbc (0xca1d)
core   0: 0x80006bbe (0x00009a7d) c.andi  a2, -1
core   0: 3 0x80006bbe (0x9a7d) x12 0x00000009
core   0: 0x80006bc0 (0x0000100f) fence.i
core   0: 3 0x80006bc0 (0x0000100f)
core   0: 0x80006bc4 (0x1bce4d13) xori    s10, t3, 444
core   0: 3 0x80006bc4 (0x1bce4d13) x26 0x0001e1bc
core   0: 0x80006bc8 (0x024db2b3) mulhu   t0, s11, tp
core   0: 3 0x80006bc8 (0x024db2b3) x 5 0x00000000
core   0: 0x80006bcc (0x000081dd) c.srli  a1, 23
core   0: 3 0x80006bcc (0x81dd) x11 0x00000000
core   0: 0x80006bce (0x000080cd) c.srli  s1, 19
core   0: 3 0x80006bce (0x80cd) x 9 0x00000000
core   0: 0x80006bd0 (0x00ddd463) bge     s11, a3, pc + 8
core   0: 3 0x80006bd0 (0x00ddd463)
core   0: 0x80006bd8 (0x4b380013) addi    zero, a6, 1203
core   0: 3 0x80006bd8 (0x4b380013)
core   0: 0x80006bdc (0x0000717d) c.addi16sp sp, -16
core   0: 3 0x80006bdc (0x717d) x 2 0xfffffff6
core   0: 0x80006bde (0x00008b55) c.andi  a4, 21
core   0: 3 0x80006bde (0x8b55) x14 0x00000000
core   0: 0x80006be0 (0x00000001) c.nop
core   0: 3 0x80006be0 (0x0001)
core   0: 0x80006be2 (0x02bdbb33) mulhu   s6, s11, a1
core   0: 3 0x80006be2 (0x02bdbb33) x22 0x00000000
core   0: 0x80006be6 (0x0104d313) srli    t1, s1, 16
core   0: 3 0x80006be6 (0x0104d313) x 6 0x00000000
core   0: 0x80006bea (0x02e08fb3) mul     t6, ra, a4
core   0: 3 0x80006bea (0x02e08fb3) x31 0x00000000
core   0: 0x80006bee (0x03f417b3) mulh    a5, s0, t6
core   0: 3 0x80006bee (0x03f417b3) x15 0x00000000
core   0: 0x80006bf2 (0x00916a33) or      s4, sp, s1
core   0: 3 0x80006bf2 (0x00916a33) x20 0xfffffff6
core   0: 0x80006bf6 (0x003f20b3) slt     ra, t5, gp
core   0: 3 0x80006bf6 (0x003f20b3) x 1 0x00000000
core   0: 0x80006bfa (0x0000673d) c.lui   a4, 0xf
core   0: 3 0x80006bfa (0x673d) x14 0x0000f000
core   0: 0x80006bfc (0x0000100f) fence.i
core   0: 3 0x80006bfc (0x0000100f)
core   0: 0x80006c00 (0x027697b3) mulh    a5, a3, t2
core   0: 3 0x80006c00 (0x027697b3) x15 0xfffffffe
core   0: 0x80006c04 (0x000088e5) c.andi  s1, 25
core   0: 3 0x80006c04 (0x88e5) x 9 0x00000000
core   0: 0x80006c06 (0x025289b3) mul     s3, t0, t0
core   0: 3 0x80006c06 (0x025289b3) x19 0x00000000
core   0: 0x80006c0a (0x00009a7d) c.andi  a2, -1
core   0: 3 0x80006c0a (0x9a7d) x12 0x00000009
core   0: 0x80006c0c (0x013cf7b3) and     a5, s9, s3
core   0: 3 0x80006c0c (0x013cf7b3) x15 0x00000000
core   0: 0x80006c10 (0x032b5233) divu    tp, s6, s2
core   0: 3 0x80006c10 (0x032b5233) x 4 0x00000000
core   0: 0x80006c14 (0x00916e63) bltu    sp, s1, pc + 28
core   0: 3 0x80006c14 (0x00916e63)
core   0: 0x80006c18 (0x018a5a93) srli    s5, s4, 24
core   0: 3 0x80006c18 (0x018a5a93) x21 0x000000ff
core   0: 0x80006c1c (0x03eccf33) div     t5, s9, t5
core   0: 3 0x80006c1c (0x03eccf33) x30 0xfeea53c6
core   0: 0x80006c20 (0x006ed493) srli    s1, t4, 6
core   0: 3 0x80006c20 (0x006ed493) x 9 0x00000000
core   0: 0x80006c24 (0x00008255) c.srli  a2, 21
core   0: 3 0x80006c24 (0x8255) x12 0x00000000
core   0: 0x80006c26 (0x000085cd) c.srai  a1, 19
core   0: 3 0x80006c26 (0x85cd) x11 0x00000000
core   0: 0x80006c28 (0xf39fb913) sltiu   s2, t6, -199
core   0: 3 0x80006c28 (0xf39fb913) x18 0x00000001
core   0: 0x80006c2c (0x015156b3) srl     a3, sp, s5
core   0: 3 0x80006c2c (0x015156b3) x13 0x00000001
core   0: 0x80006c30 (0x00b267b3) or      a5, tp, a1
core   0: 3 0x80006c30 (0x00b267b3) x15 0x00000000
core   0: 0x80006c34 (0x00008ef5) c.and   a3, a3
core   0: 3 0x80006c34 (0x8ef5) x13 0x00000001
core   0: 0x80006c36 (0x00008371) c.srli  a4, 28
core   0: 3 0x80006c36 (0x8371) x14 0x00000000
core   0: 0x80006c38 (0x0000928a) c.add   t0, sp
core   0: 3 0x80006c38 (0x928a) x 5 0xfffffff6
core   0: 0x80006c3a (0x1b62cc13) xori    s8, t0, 438
core   0: 3 0x80006c3a (0x1b62cc13) x24 0xfffffe40
core   0: 0x80006c3e (0x0000e681) c.bnez  a3, pc + 8
core   0: 3 0x80006c3e (0xe681)
core   0: 0x80006c46 (0x00000001) c.nop
core   0: 3 0x80006c46 (0x0001)
core   0: 0x80006c48 (0x00009976) c.add   s2, t4
core   0: 3 0x80006c48 (0x9976) x18 0x0000000a
core   0: 0x80006c4a (0x00008ccd) c.or    s1, a1
core   0: 3 0x80006c4a (0x8ccd) x 9 0x00000000
core   0: 0x80006c4c (0x47347493) andi    s1, s0, 1139
core   0: 3 0x80006c4c (0x47347493) x 9 0x00000002
core   0: 0x80006c50 (0x00009586) c.add   a1, ra
core   0: 3 0x80006c50 (0x9586) x11 0x00000000
core   0: 0x80006c52 (0x02801733) mulh    a4, zero, s0
core   0: 3 0x80006c52 (0x02801733) x14 0x00000000
core   0: 0x80006c56 (0xf3f8fa93) andi    s5, a7, -193
core   0: 3 0x80006c56 (0xf3f8fa93) x21 0x80025e24
core   0: 0x80006c5a (0x02d8ff63) bgeu    a7, a3, pc + 62
core   0: 3 0x80006c5a (0x02d8ff63)
core   0: 0x80006c98 (0x00ab9493) slli    s1, s7, 10
core   0: 3 0x80006c98 (0x00ab9493) x 9 0x0000c000
core   0: 0x80006c9c (0x03d97db3) remu    s11, s2, t4
core   0: 3 0x80006c9c (0x03d97db3) x27 0x00000001
core   0: 0x80006ca0 (0x00006439) c.lui   s0, 0xe
core   0: 3 0x80006ca0 (0x6439) x 8 0x0000e000
core   0: 0x80006ca2 (0x00006121) c.addi16sp sp, 64
core   0: 3 0x80006ca2 (0x6121) x 2 0x00000036
core   0: 0x80006ca4 (0x410609b3) sub     s3, a2, a6
core   0: 3 0x80006ca4 (0x410609b3) x19 0xfffffbd0
core   0: 0x80006ca8 (0x00000fca) c.slli  t6, 18
core   0: 3 0x80006ca8 (0x0fca) x31 0x00000000
core   0: 0x80006caa (0x0000ea0d) c.bnez  a2, pc + 50
core   0: 3 0x80006caa (0xea0d)
core   0: 0x80006cac (0x00231db3) sll     s11, t1, sp
core   0: 3 0x80006cac (0x00231db3) x27 0x00000000
core   0: 0x80006cb0 (0x00000001) c.nop
core   0: 3 0x80006cb0 (0x0001)
core   0: 0x80006cb2 (0x0190c033) xor     zero, ra, s9
core   0: 3 0x80006cb2 (0x0190c033)
core   0: 0x80006cb6 (0x00009e42) c.add   t3, a6
core   0: 3 0x80006cb6 (0x9e42) x28 0x0001e430
core   0: 0x80006cb8 (0x00c50263) beq     a0, a2, pc + 4
core   0: 3 0x80006cb8 (0x00c50263)
core   0: 0x80006cbc (0x60ffe013) ori     zero, t6, 1551
core   0: 3 0x80006cbc (0x60ffe013)
core   0: 0x80006cc0 (0x0000cf01) c.beqz  a4, pc + 24
core   0: 3 0x80006cc0 (0xcf01)
core   0: 0x80006cd8 (0x008a4a63) blt     s4, s0, pc + 20
core   0: 3 0x80006cd8 (0x008a4a63)
core   0: 0x80006cec (0x03f5ad33) mulhsu  s10, a1, t6
core   0: 3 0x80006cec (0x03f5ad33) x26 0x00000000
core   0: 0x80006cf0 (0x00008cd5) c.or    s1, a3
core   0: 3 0x80006cf0 (0x8cd5) x 9 0x0000c001
core   0: 0x80006cf2 (0x02f00c63) beq     zero, a5, pc + 56
core   0: 3 0x80006cf2 (0x02f00c63)
core   0: 0x80006d2a (0x0000864d) c.srai  a2, 19
core   0: 3 0x80006d2a (0x864d) x12 0x00000000
core   0: 0x80006d2c (0x00008cf1) c.and   s1, a2
core   0: 3 0x80006d2c (0x8cf1) x 9 0x00000000
core   0: 0x80006d2e (0x010e30b3) sltu    ra, t3, a6
core   0: 3 0x80006d2e (0x010e30b3) x 1 0x00000000
core   0: 0x80006d32 (0x0000c20d) c.beqz  a2, pc + 34
core   0: 3 0x80006d32 (0xc20d)
core   0: 0x80006d54 (0x00000001) c.nop
core   0: 3 0x80006d54 (0x0001)
core   0: 0x80006d56 (0x0000e095) c.bnez  s1, pc + 36
core   0: 3 0x80006d56 (0xe095)
core   0: 0x80006d58 (0x01948f33) add     t5, s1, s9
core   0: 3 0x80006d58 (0x01948f33) x30 0x80029ce4
core   0: 0x80006d5c (0x02606833) rem     a6, zero, t1
core   0: 3 0x80006d5c (0x02606833) x16 0x00000000
core   0: 0x80006d60 (0x00a01b93) slli    s7, zero, 10
core   0: 3 0x80006d60 (0x00a01b93) x23 0x00000000
core   0: 0x80006d64 (0x000003e5) c.addi  t2, 25
core   0: 3 0x80006d64 (0x03e5) x 7 0x00000029
core   0: 0x80006d66 (0x40aa83b3) sub     t2, s5, a0
core   0: 3 0x80006d66 (0x40aa83b3) x 7 0x80025e17
core   0: 0x80006d6a (0x56caeb13) ori     s6, s5, 1388
core   0: 3 0x80006d6a (0x56caeb13) x22 0x80025f6c
core   0: 0x80006d6e (0x033886b3) mul     a3, a7, s3
core   0: 3 0x80006d6e (0x033886b3) x13 0xf614bd40
core   0: 0x80006d72 (0x406d5433) sra     s0, s10, t1
core   0: 3 0x80006d72 (0x406d5433) x 8 0x00000000
core   0: 0x80006d76 (0x016b2333) slt     t1, s6, s6
core   0: 3 0x80006d76 (0x016b2333) x 6 0x00000000
core   0: 0x80006d7a (0x01449e33) sll     t3, s1, s4
core   0: 3 0x80006d7a (0x01449e33) x28 0x00000000
core   0: 0x80006d7e (0x02b7fe63) bgeu    a5, a1, pc + 60
core   0: 3 0x80006d7e (0x02b7fe63)
core   0: 0x80006dba (0x00006159) c.addi16sp sp, 400
core   0: 3 0x80006dba (0x6159) x 2 0x000001c6
core   0: 0x80006dbc (0x40905a33) sra     s4, zero, s1
core   0: 3 0x80006dbc (0x40905a33) x20 0x00000000
core   0: 0x80006dc0 (0x41c0d5b3) sra     a1, ra, t3
core   0: 3 0x80006dc0 (0x41c0d5b3) x11 0x00000000
core   0: 0x80006dc4 (0x02999ab3) mulh    s5, s3, s1
core   0: 3 0x80006dc4 (0x02999ab3) x21 0x00000000
core   0: 0x80006dc8 (0x02e4a4b3) mulhsu  s1, s1, a4
core   0: 3 0x80006dc8 (0x02e4a4b3) x 9 0x00000000
core   0: 0x80006dcc (0x0000547d) c.li    s0, -1
core   0: 3 0x80006dcc (0x547d) x 8 0xffffffff
core   0: 0x80006dce (0x00001f1c) c.addi4spn a5, sp, 944
core   0: 3 0x80006dce (0x1f1c) x15 0x00000576
core   0: 0x80006dd0 (0x00b01ab3) sll     s5, zero, a1
core   0: 3 0x80006dd0 (0x00b01ab3) x21 0x00000000
core   0: 0x80006dd4 (0x01ce8d33) add     s10, t4, t3
core   0: 3 0x80006dd4 (0x01ce8d33) x26 0x00000009
core   0: 0x80006dd8 (0x41105c33) sra     s8, zero, a7
core   0: 3 0x80006dd8 (0x41105c33) x24 0x00000000
core   0: 0x80006ddc (0x00000001) c.nop
core   0: 3 0x80006ddc (0x0001)
core   0: 0x80006dde (0x03910833) mul     a6, sp, s9
core   0: 3 0x80006dde (0x03910833) x16 0x04a23c58
core   0: 0x80006de2 (0x00008da5) c.xor   a1, s1
core   0: 3 0x80006de2 (0x8da5) x11 0x00000000
core   0: 0x80006de4 (0x02373433) mulhu   s0, a4, gp
core   0: 3 0x80006de4 (0x02373433) x 8 0x00000000
core   0: 0x80006de8 (0x016e1813) slli    a6, t3, 22
core   0: 3 0x80006de8 (0x016e1813) x16 0x00000000
core   0: 0x80006dec (0x000085b5) c.srai  a1, 13
core   0: 3 0x80006dec (0x85b5) x11 0x00000000
core   0: 0x80006dee (0x41368c33) sub     s8, a3, s3
core   0: 3 0x80006dee (0x41368c33) x24 0xf614c170
core   0: 0x80006df2 (0x00008ca1) c.xor   s1, s0
core   0: 3 0x80006df2 (0x8ca1) x 9 0x00000000
core   0: 0x80006df4 (0xdfb98793) addi    a5, s3, -517
core   0: 3 0x80006df4 (0xdfb98793) x15 0xfffff9cb
core   0: 0x80006df8 (0x0000960a) c.add   a2, sp
core   0: 3 0x80006df8 (0x960a) x12 0x000001c6
core   0: 0x80006dfa (0x866d4613) xori    a2, s10, -1946
core   0: 3 0x80006dfa (0x866d4613) x12 0xfffff86f
core   0: 0x80006dfe (0x02e56163) bltu    a0, a4, pc + 34
core   0: 3 0x80006dfe (0x02e56163)
core   0: 0x80006e02 (0x00824933) xor     s2, tp, s0
core   0: 3 0x80006e02 (0x00824933) x18 0x00000000
core   0: 0x80006e06 (0x0000100f) fence.i
core   0: 3 0x80006e06 (0x0000100f)
core   0: 0x80006e0a (0x40288133) sub     sp, a7, sp
core   0: 3 0x80006e0a (0x40288133) x 2 0x80025c9e
core   0: 0x80006e0e (0x00006f95) c.lui   t6, 0x5
core   0: 3 0x80006e0e (0x6f95) x31 0x00005000
core   0: 0x80006e10 (0x0ff0000f) fence   iorw,iorw
core   0: 3 0x80006e10 (0x0ff0000f)
core   0: 0x80006e14 (0x00008ef5) c.and   a3, a3
core   0: 3 0x80006e14 (0x8ef5) x13 0xf614bd40
core   0: 0x80006e16 (0x0249eeb3) rem     t4, s3, tp
core   0: 3 0x80006e16 (0x0249eeb3) x29 0xfffffbd0
core   0: 0x80006e1a (0x00ec35b3) sltu    a1, s8, a4
core   0: 3 0x80006e1a (0x00ec35b3) x11 0x00000000
core   0: 0x80006e1e (0x00008edd) c.or    a3, a5
core   0: 3 0x80006e1e (0x8edd) x13 0xfffffdcb
core   0: 0x80006e20 (0x03b49c63) bne     s1, s11, pc + 56
core   0: 3 0x80006e20 (0x03b49c63)
core   0: 0x80006e24 (0x00000749) c.addi  a4, 18
core   0: 3 0x80006e24 (0x0749) x14 0x00000012
core   0: 0x80006e26 (0x0336a1b3) mulhsu  gp, a3, s3
core   0: 3 0x80006e26 (0x0336a1b3) x 3 0xfffffdcb
core   0: 0x80006e2a (0xb0555b17) auipc   s6, 0xb0555
core   0: 3 0x80006e2a (0xb0555b17) x22 0x3055be2a
core   0: 0x80006e2e (0x01157633) and     a2, a0, a7
core   0: 3 0x80006e2e (0x01157633) x12 0x00000004
core   0: 0x80006e32 (0x01e65933) srl     s2, a2, t5
core   0: 3 0x80006e32 (0x01e65933) x18 0x00000000
core   0: 0x80006e36 (0x00008e01) c.sub   a2, s0
core   0: 3 0x80006e36 (0x8e01) x12 0x00000004
core   0: 0x80006e38 (0x00001a8c) c.addi4spn a1, sp, 368
core   0: 3 0x80006e38 (0x1a8c) x11 0x80025e0e
core   0: 0x80006e3a (0x02eec663) blt     t4, a4, pc + 44
core   0: 3 0x80006e3a (0x02eec663)
core   0: 0x80006e66 (0x014394b3) sll     s1, t2, s4
core   0: 3 0x80006e66 (0x014394b3) x 9 0x80025e17
core   0: 0x80006e6a (0x00d34263) blt     t1, a3, pc + 4
core   0: 3 0x80006e6a (0x00d34263)
core   0: 0x80006e6e (0x000003da) c.slli  t2, 22
core   0: 3 0x80006e6e (0x03da) x 7 0x85c00000
core   0: 0x80006e70 (0x09bcd863) bge     s9, s11, pc + 144
core   0: 3 0x80006e70 (0x09bcd863)
core   0: 0x80006e74 (0x00000001) c.nop
core   0: 3 0x80006e74 (0x0001)
core   0: 0x80006e76 (0x40395b33) sra     s6, s2, gp
core   0: 3 0x80006e76 (0x40395b33) x22 0x00000000
core   0: 0x80006e7a (0x03147c33) remu    s8, s0, a7
core   0: 3 0x80006e7a (0x03147c33) x24 0x00000000
core   0: 0x80006e7e (0x01fef733) and     a4, t4, t6
core   0: 3 0x80006e7e (0x01fef733) x14 0x00005000
core   0: 0x80006e82 (0x02811f33) mulh    t5, sp, s0
core   0: 3 0x80006e82 (0x02811f33) x30 0x00000000
core   0: 0x80006e86 (0x00000df1) c.addi  s11, 28
core   0: 3 0x80006e86 (0x0df1) x27 0x0000001c
core   0: 0x80006e88 (0x00000001) c.nop
core   0: 3 0x80006e88 (0x0001)
core   0: 0x80006e8a (0x03a45833) divu    a6, s0, s10
core   0: 3 0x80006e8a (0x03a45833) x16 0x00000000
core   0: 0x80006e8e (0x000086dd) c.srai  a3, 23
core   0: 3 0x80006e8e (0x86dd) x13 0xffffffff
core   0: 0x80006e90 (0x06a01263) bne     zero, a0, pc + 100
core   0: 3 0x80006e90 (0x06a01263)
core   0: 0x80006ef4 (0x016ac663) blt     s5, s6, pc + 12
core   0: 3 0x80006ef4 (0x016ac663)
core   0: 0x80006ef8 (0x025c1833) mulh    a6, s8, t0
core   0: 3 0x80006ef8 (0x025c1833) x16 0x00000000
core   0: 0x80006efc (0x40ea51b3) sra     gp, s4, a4
core   0: 3 0x80006efc (0x40ea51b3) x 3 0x00000000
core   0: 0x80006f00 (0x023fe733) rem     a4, t6, gp
core   0: 3 0x80006f00 (0x023fe733) x14 0x00005000
core   0: 0x80006f04 (0x03ddca63) blt     s11, t4, pc + 52
core   0: 3 0x80006f04 (0x03ddca63)
core   0: 0x80006f08 (0x02388f33) mul     t5, a7, gp
core   0: 3 0x80006f08 (0x02388f33) x30 0x00000000
core   0: 0x80006f0c (0x0000823d) c.srli  a2, 15
core   0: 3 0x80006f0c (0x823d) x12 0x00000000
core   0: 0x80006f0e (0x039f5f33) divu    t5, t5, s9
core   0: 3 0x80006f0e (0x039f5f33) x30 0x00000000
core   0: 0x80006f12 (0x000062c5) c.lui   t0, 0x11
core   0: 3 0x80006f12 (0x62c5) x 5 0x00011000
core   0: 0x80006f14 (0xc14acb13) xori    s6, s5, -1004
core   0: 3 0x80006f14 (0xc14acb13) x22 0xfffffc14
core   0: 0x80006f18 (0x00008489) c.srai  s1, 2
core   0: 3 0x80006f18 (0x8489) x 9 0xe0009785
core   0: 0x80006f1a (0x00008ccd) c.or    s1, a1
core   0: 3 0x80006f1a (0x8ccd) x 9 0xe002df8f
core   0: 0x80006f1c (0x0230feb3) remu    t4, ra, gp
core   0: 3 0x80006f1c (0x0230feb3) x29 0x00000000
core   0: 0x80006f20 (0x00008025) c.srli  s0, 9
core   0: 3 0x80006f20 (0x8025) x 8 0x00000000
core   0: 0x80006f22 (0x1afe4a17) auipc   s4, 0x1afe4
core   0: 3 0x80006f22 (0x1afe4a17) x20 0x9afeaf22
core   0: 0x80006f26 (0x00008099) c.srli  s1, 6
core   0: 3 0x80006f26 (0x8099) x 9 0x03800b7e
core   0: 0x80006f28 (0x1d02ab13) slti    s6, t0, 464
core   0: 3 0x80006f28 (0x1d02ab13) x22 0x00000000
core   0: 0x80006f2c (0x012b66b3) or      a3, s6, s2
core   0: 3 0x80006f2c (0x012b66b3) x13 0x00000000
core   0: 0x80006f30 (0x01a28e63) beq     t0, s10, pc + 28
core   0: 3 0x80006f30 (0x01a28e63)
core   0: 0x80006f34 (0x00000b8c) c.addi4spn a1, sp, 464
core   0: 3 0x80006f34 (0x0b8c) x11 0x80025e6e
core   0: 0x80006f36 (0x0000646d) c.lui   s0, 0x1b
core   0: 3 0x80006f36 (0x646d) x 8 0x0001b000
core   0: 0x80006f38 (0x029dc633) div     a2, s11, s1
core   0: 3 0x80006f38 (0x029dc633) x12 0x00000000
core   0: 0x80006f3c (0x030bfab3) remu    s5, s7, a6
core   0: 3 0x80006f3c (0x030bfab3) x21 0x00000000
core   0: 0x80006f40 (0x41e05f13) srai    t5, zero, 30
core   0: 3 0x80006f40 (0x41e05f13) x30 0x00000000
core   0: 0x80006f44 (0x00008809) c.andi  s0, 2
core   0: 3 0x80006f44 (0x8809) x 8 0x00000000
core   0: 0x80006f46 (0x0000e20d) c.bnez  a2, pc + 34
core   0: 3 0x80006f46 (0xe20d)
core   0: 0x80006f48 (0x40435d33) sra     s10, t1, tp
core   0: 3 0x80006f48 (0x40435d33) x26 0x00000000
core   0: 0x80006f4c (0x00008f95) c.sub   a5, a3
core   0: 3 0x80006f4c (0x8f95) x15 0xfffff9cb
core   0: 0x80006f4e (0x02c11ab3) mulh    s5, sp, a2
core   0: 3 0x80006f4e (0x02c11ab3) x21 0x00000000
core   0: 0x80006f52 (0xb8290713) addi    a4, s2, -1150
core   0: 3 0x80006f52 (0xb8290713) x14 0xfffffb82
core   0: 0x80006f56 (0x000086fe) c.mv    a3, t6
core   0: 3 0x80006f56 (0x86fe) x13 0x00005000
core   0: 0x80006f58 (0x00001ffd) c.addi  t6, -1
core   0: 3 0x80006f58 (0x1ffd) x31 0x00004fff
core   0: 0x80006f5a (0x00ef5263) bge     t5, a4, pc + 4
core   0: 3 0x80006f5a (0x00ef5263)
core   0: 0x80006f5e (0x020396b3) mulh    a3, t2, zero
core   0: 3 0x80006f5e (0x020396b3) x13 0x00000000
core   0: 0x80006f62 (0x02a1c7b3) div     a5, gp, a0
core   0: 3 0x80006f62 (0x02a1c7b3) x15 0x00000000
core   0: 0x80006f66 (0x00006bcd) c.lui   s7, 0x13
core   0: 3 0x80006f66 (0x6bcd) x23 0x00013000
core   0: 0x80006f68 (0x0000100f) fence.i
core   0: 3 0x80006f68 (0x0000100f)
core   0: 0x80006f6c (0x0000090c) c.addi4spn a1, sp, 144
core   0: 3 0x80006f6c (0x090c) x11 0x80025d2e
core   0: 0x80006f6e (0x405755b3) sra     a1, a4, t0
core   0: 3 0x80006f6e (0x405755b3) x11 0xfffffb82
core   0: 0x80006f72 (0x011bc463) blt     s7, a7, pc + 8
core   0: 3 0x80006f72 (0x011bc463)
core   0: 0x80006f76 (0x000006c9) c.addi  a3, 18
core   0: 3 0x80006f76 (0x06c9) x13 0x00000012
core   0: 0x80006f78 (0x00000001) c.nop
core   0: 3 0x80006f78 (0x0001)
core   0: 0x80006f7a (0x00e4cd63) blt     s1, a4, pc + 26
core   0: 3 0x80006f7a (0x00e4cd63)
core   0: 0x80006f7e (0x00000001) c.nop
core   0: 3 0x80006f7e (0x0001)
core   0: 0x80006f80 (0x00006141) c.addi16sp sp, 16
core   0: 3 0x80006f80 (0x6141) x 2 0x80025cae
core   0: 0x80006f82 (0x001b4f33) xor     t5, s6, ra
core   0: 3 0x80006f82 (0x001b4f33) x30 0x00000000
core   0: 0x80006f86 (0x00000001) c.nop
core   0: 3 0x80006f86 (0x0001)
core   0: 0x80006f88 (0x4fd1bb93) sltiu   s7, gp, 1277
core   0: 3 0x80006f88 (0x4fd1bb93) x23 0x00000001
core   0: 0x80006f8c (0x02391933) mulh    s2, s2, gp
core   0: 3 0x80006f8c (0x02391933) x18 0x00000000
core   0: 0x80006f90 (0x01ab8333) add     t1, s7, s10
core   0: 3 0x80006f90 (0x01ab8333) x 6 0x00000001
core   0: 0x80006f94 (0x00008362) c.mv    t1, s8
core   0: 3 0x80006f94 (0x8362) x 6 0x00000000
core   0: 0x80006f96 (0x03f85a33) divu    s4, a6, t6
core   0: 3 0x80006f96 (0x03f85a33) x20 0x00000000
core   0: 0x80006f9a (0x00006e91) c.lui   t4, 0x4
core   0: 3 0x80006f9a (0x6e91) x29 0x00004000
core   0: 0x80006f9c (0x0ff0000f) fence   iorw,iorw
core   0: 3 0x80006f9c (0x0ff0000f)
core   0: 0x80006fa0 (0x40f35f13) srai    t5, t1, 15
core   0: 3 0x80006fa0 (0x40f35f13) x30 0x00000000
core   0: 0x80006fa4 (0x8a467813) andi    a6, a2, -1884
core   0: 3 0x80006fa4 (0x8a467813) x16 0x00000000
core   0: 0x80006fa8 (0x1c6eba93) sltiu   s5, t4, 454
core   0: 3 0x80006fa8 (0x1c6eba93) x21 0x00000000
core   0: 0x80006fac (0x01b6fb33) and     s6, a3, s11
core   0: 3 0x80006fac (0x01b6fb33) x22 0x00000010
core   0: 0x80006fb0 (0x0000100f) fence.i
core   0: 3 0x80006fb0 (0x0000100f)
core   0: 0x80006fb4 (0x0023d693) srli    a3, t2, 2
core   0: 3 0x80006fb4 (0x0023d693) x13 0x21700000
core   0: 0x80006fb8 (0xc50434b7) lui     s1, 0xc5043
core   0: 3 0x80006fb8 (0xc50434b7) x 9 0xc5043000
core   0: 0x80006fbc (0x00008e85) c.sub   a3, s1
core   0: 3 0x80006fbc (0x8e85) x13 0x5c6bd000
core   0: 0x80006fbe (0x04220a63) beq     tp, sp, pc + 84
core   0: 3 0x80006fbe (0x04220a63)
core   0: 0x80006fc2 (0x027934b3) mulhu   s1, s2, t2
core   0: 3 0x80006fc2 (0x027934b3) x 9 0x00000000
core   0: 0x80006fc6 (0x2af14b13) xori    s6, sp, 687
core   0: 3 0x80006fc6 (0x2af14b13) x22 0x80025e01
core   0: 0x80006fca (0xed14ba13) sltiu   s4, s1, -303
core   0: 3 0x80006fca (0xed14ba13) x20 0x00000001
core   0: 0x80006fce (0x00008e29) c.xor   a2, a0
core   0: 3 0x80006fce (0x8e29) x12 0x0000000d
core   0: 0x80006fd0 (0x00007c17) auipc   s8, 0x7
core   0: 3 0x80006fd0 (0x00007c17) x24 0x8000dfd0
core   0: 0x80006fd4 (0x2b6c0c13) addi    s8, s8, 694
core   0: 3 0x80006fd4 (0x2b6c0c13) x24 0x8000e286
core   0: 0x80006fd8 (0x02384633) div     a2, a6, gp
core   0: 3 0x80006fd8 (0x02384633) x12 0xffffffff
core   0: 0x80006fdc (0x00d6b0b3) sltu    ra, a3, a3
core   0: 3 0x80006fdc (0x00d6b0b3) x 1 0x00000000
core   0: 0x80006fe0 (0xf27c0c13) addi    s8, s8, -217
core   0: 3 0x80006fe0 (0xf27c0c13) x24 0x8000e1ad
core   0: 0x80006fe4 (0x000081d9) c.srli  a1, 22
core   0: 3 0x80006fe4 (0x81d9) x11 0x000003ff
core   0: 0x80006fe6 (0x40165093) srai    ra, a2, 1
core   0: 3 0x80006fe6 (0x40165093) x 1 0xffffffff
core   0: 0x80006fea (0x0d9c0667) jalr    a2, s8, 217
core   0: 3 0x80006fea (0x0d9c0667) x12 0x80006fee
core   0: 0x8000e286 (0x00008ff1) c.and   a5, a2
core   0: 3 0x8000e286 (0x8ff1) x15 0x00000000
core   0: 0x8000e288 (0x000018e1) c.addi  a7, -8
core   0: 3 0x8000e288 (0x18e1) x17 0x80025e5c
core   0: 0x8000e28a (0x69a2e413) ori     s0, t0, 1690
core   0: 3 0x8000e28a (0x69a2e413) x 8 0x0001169a
core   0: 0x8000e28e (0x00c8a223) sw      a2, 4(a7)
core   0: 3 0x8000e28e (0x00c8a223) mem 0x80025e60 0x80006fee
core   0: 0x8000e292 (0x00008ea9) c.xor   a3, a0
core   0: 3 0x8000e292 (0x8ea9) x13 0x5c6bd00d
core   0: 0x8000e294 (0x0195da93) srli    s5, a1, 25
core   0: 3 0x8000e294 (0x0195da93) x21 0x00000000
core   0: 0x8000e298 (0x001a4233) xor     tp, s4, ra
core   0: 3 0x8000e298 (0x001a4233) x 4 0xfffffffe
core   0: 0x8000e29c (0x00009786) c.add   a5, ra
core   0: 3 0x8000e29c (0x9786) x15 0xffffffff
core   0: 0x8000e29e (0x003af433) and     s0, s5, gp
core   0: 3 0x8000e29e (0x003af433) x 8 0x00000000
core   0: 0x8000e2a2 (0x00013697) auipc   a3, 0x13
core   0: 3 0x8000e2a2 (0x00013697) x13 0x800212a2
core   0: 0x8000e2a6 (0xc7968693) addi    a3, a3, -903
core   0: 3 0x8000e2a6 (0xc7968693) x13 0x80020f1b
core   0: 0x8000e2aa (0xf556d703) lhu     a4, -171(a3)
core   0: 3 0x8000e2aa (0xf556d703) x14 0x00002a2b mem 0x80020e70
core   0: 0x8000e2ae (0x0000043e) c.slli  s0, 15
core   0: 3 0x8000e2ae (0x043e) x 8 0x00000000
core   0: 0x8000e2b0 (0x08a87793) andi    a5, a6, 138
core   0: 3 0x8000e2b0 (0x08a87793) x15 0x00000000
core   0: 0x8000e2b4 (0x00008c79) c.and   s0, a4
core   0: 3 0x8000e2b4 (0x8c79) x 8 0x00000000
core   0: 0x8000e2b6 (0x01a7d3b3) srl     t2, a5, s10
core   0: 3 0x8000e2b6 (0x01a7d3b3) x 7 0x00000000
core   0: 0x8000e2ba (0x0ba691a3) sh      s10, 163(a3)
core   0: 3 0x8000e2ba (0x0ba691a3) mem 0x80020fbe 0x0000
core   0: 0x8000e2be (0x00000001) c.nop
core   0: 3 0x8000e2be (0x0001)
core   0: 0x8000e2c0 (0x0dd6a703) lw      a4, 221(a3)
core   0: 3 0x8000e2c0 (0x0dd6a703) x14 0xb0b1b2b3 mem 0x80020ff8
core   0: 0x8000e2c4 (0xfcf68aa3) sb      a5, -43(a3)
core   0: 3 0x8000e2c4 (0xfcf68aa3) mem 0x80020ef0 0x0
core   0: 0x8000e2c8 (0xfcf6d383) lhu     t2, -49(a3)
core   0: 3 0x8000e2c8 (0xfcf6d383) x 7 0x0000a0a1 mem 0x80020eea
core   0: 0x8000e2cc (0x00008fc1) c.or    a5, s0
core   0: 3 0x8000e2cc (0x8fc1) x15 0x00000000
core   0: 0x8000e2ce (0x03168783) lb      a5, 49(a3)
core   0: 3 0x8000e2ce (0x03168783) x15 0x00000007 mem 0x80020f4c
core   0: 0x8000e2d2 (0x008703b3) add     t2, a4, s0
core   0: 3 0x8000e2d2 (0x008703b3) x 7 0xb0b1b2b3
core   0: 0x8000e2d6 (0x00f68f23) sb      a5, 30(a3)
core   0: 3 0x8000e2d6 (0x00f68f23) mem 0x80020f39 0x7
core   0: 0x8000e2da (0xf4e681a3) sb      a4, -189(a3)
core   0: 3 0x8000e2da (0xf4e681a3) mem 0x80020e5e 0xb3
core   0: 0x8000e2de (0xf376d803) lhu     a6, -201(a3)
core   0: 3 0x8000e2de (0xf376d803) x16 0x00000809 mem 0x80020e52
core   0: 0x8000e2e2 (0xf8e68383) lb      t2, -114(a3)
core   0: 3 0x8000e2e2 (0xf8e68383) x 7 0x00000062 mem 0x80020ea9
core   0: 0x8000e2e6 (0x010853b3) srl     t2, a6, a6
core   0: 3 0x8000e2e6 (0x010853b3) x 7 0x00000004
core   0: 0x8000e2ea (0x07a68423) sb      s10, 104(a3)
core   0: 3 0x8000e2ea (0x07a68423) mem 0x80020f83 0x0
core   0: 0x8000e2ee (0xf8f68703) lb      a4, -113(a3)
core   0: 3 0x8000e2ee (0xf8f68703) x14 0x00000061 mem 0x80020eaa
core   0: 0x8000e2f2 (0xfa768d23) sb      t2, -70(a3)
core   0: 3 0x8000e2f2 (0xfa768d23) mem 0x80020ed5 0x4
core   0: 0x8000e2f6 (0x02ed7433) remu    s0, s10, a4
core   0: 3 0x8000e2f6 (0x02ed7433) x 8 0x00000000
core   0: 0x8000e2fa (0x00009822) c.add   a6, s0
core   0: 3 0x8000e2fa (0x9822) x16 0x00000809
core   0: 0x8000e2fc (0xf6d6c383) lbu     t2, -147(a3)
core   0: 3 0x8000e2fc (0xf6d6c383) x 7 0x00000043 mem 0x80020e88
core   0: 0x8000e300 (0x971ea837) lui     a6, 0x971ea
core   0: 3 0x8000e300 (0x971ea837) x16 0x971ea000
core   0: 0x8000e304 (0x02d69383) lh      t2, 45(a3)
core   0: 3 0x8000e304 (0x02d69383) x 7 0x00000203 mem 0x80020f48
core   0: 0x8000e308 (0xf806c783) lbu     a5, -128(a3)
core   0: 3 0x8000e308 (0xf806c783) x15 0x00000050 mem 0x80020e9b
core   0: 0x8000e30c (0x00008f5d) c.or    a4, a5
core   0: 3 0x8000e30c (0x8f5d) x14 0x00000071
core   0: 0x8000e30e (0xccde8d37) lui     s10, 0xccde8
core   0: 3 0x8000e30e (0xccde8d37) x26 0xccde8000
core   0: 0x8000e312 (0xf7a68b23) sb      s10, -138(a3)
core   0: 3 0x8000e312 (0xf7a68b23) mem 0x80020e91 0x0
core   0: 0x8000e316 (0xff068c23) sb      a6, -8(a3)
core   0: 3 0x8000e316 (0xff068c23) mem 0x80020f13 0x0
core   0: 0x8000e31a (0x3587b393) sltiu   t2, a5, 856
core   0: 3 0x8000e31a (0x3587b393) x 7 0x00000001
core   0: 0x8000e31e (0x0ff0000f) fence   iorw,iorw
core   0: 3 0x8000e31e (0x0ff0000f)
core   0: 0x8000e322 (0x0be6c703) lbu     a4, 190(a3)
core   0: 3 0x8000e322 (0x0be6c703) x14 0x00000092 mem 0x80020fd9
core   0: 0x8000e326 (0x028d7733) remu    a4, s10, s0
core   0: 3 0x8000e326 (0x028d7733) x14 0xccde8000
core   0: 0x8000e32a (0x00006745) c.lui   a4, 0x11
core   0: 3 0x8000e32a (0x6745) x14 0x00011000
core   0: 0x8000e32c (0x02e86433) rem     s0, a6, a4
core   0: 3 0x8000e32c (0x02e86433) x 8 0x00000000
core   0: 0x8000e330 (0x00008fbd) c.xor   a5, a5
core   0: 3 0x8000e330 (0x8fbd) x15 0x00000000
core   0: 0x8000e332 (0xf0868923) sb      s0, -238(a3)
core   0: 3 0x8000e332 (0xf0868923) mem 0x80020e2d 0x0
core   0: 0x8000e336 (0xf08699a3) sh      s0, -237(a3)
core   0: 3 0x8000e336 (0xf08699a3) mem 0x80020e2e 0x0000
core   0: 0x8000e33a (0x000087a5) c.srai  a5, 9
core   0: 3 0x8000e33a (0x87a5) x15 0x00000000
core   0: 0x8000e33c (0xfe368803) lb      a6, -29(a3)
core   0: 3 0x8000e33c (0xfe368803) x16 0xffffffb5 mem 0x80020efe
core   0: 0x8000e340 (0xf08693a3) sh      s0, -249(a3)
core   0: 3 0x8000e340 (0xf08693a3) mem 0x80020e22 0x0000
core   0: 0x8000e344 (0x00883733) sltu    a4, a6, s0
core   0: 3 0x8000e344 (0x00883733) x14 0x00000000
core   0: 0x8000e348 (0xf6268803) lb      a6, -158(a3)
core   0: 3 0x8000e348 (0xf6268803) x16 0x00000036 mem 0x80020e7d
core   0: 0x8000e34c (0xfbe68383) lb      t2, -66(a3)
core   0: 3 0x8000e34c (0xfbe68383) x 7 0xffffff92 mem 0x80020ed9
core   0: 0x8000e350 (0x41b7d413) srai    s0, a5, 27
core   0: 3 0x8000e350 (0x41b7d413) x 8 0x00000000
core   0: 0x8000e354 (0x01868803) lb      a6, 24(a3)
core   0: 3 0x8000e354 (0x01868803) x16 0xffffffe8 mem 0x80020f33
core   0: 0x8000e358 (0xfdb6c803) lbu     a6, -37(a3)
core   0: 3 0x8000e358 (0xfdb6c803) x16 0x000000ad mem 0x80020ef6
core   0: 0x8000e35c (0x00741433) sll     s0, s0, t2
core   0: 3 0x8000e35c (0x00741433) x 8 0x00000000
core   0: 0x8000e360 (0xf886c703) lbu     a4, -120(a3)
core   0: 3 0x8000e360 (0xf886c703) x14 0x00000058 mem 0x80020ea3
core   0: 0x8000e364 (0x00005497) auipc   s1, 0x5
core   0: 3 0x8000e364 (0x00005497) x 9 0x80013364
core   0: 0x8000e368 (0x55a48493) addi    s1, s1, 1370
core   0: 3 0x8000e368 (0x55a48493) x 9 0x800138be
core   0: 0x8000e36c (0x000087f5) c.srai  a5, 29
core   0: 3 0x8000e36c (0x87f5) x15 0x00000000
core   0: 0x8000e36e (0x413c5613) srai    a2, s8, 19
core   0: 3 0x8000e36e (0x413c5613) x12 0xfffff000
core   0: 0x8000e372 (0xff84c903) lbu     s2, -8(s1)
core   0: 3 0x8000e372 (0xff84c903) x18 0x0000006d mem 0x800138b6
core   0: 0x8000e376 (0xfe048c03) lb      s8, -32(s1)
core   0: 3 0x8000e376 (0xfe048c03) x24 0x00000055 mem 0x8001389e
core   0: 0x8000e37a (0x000082ee) c.mv    t0, s11
core   0: 3 0x8000e37a (0x82ee) x 5 0x0000001c
core   0: 0x8000e37c (0x41eb5d13) srai    s10, s6, 30
core   0: 3 0x8000e37c (0x41eb5d13) x26 0xfffffffe
core   0: 0x8000e380 (0x03c92833) mulhsu  a6, s2, t3
core   0: 3 0x8000e380 (0x03c92833) x16 0x00000000
core   0: 0x8000e384 (0xfc748403) lb      s0, -57(s1)
core   0: 3 0x8000e384 (0xfc748403) x 8 0x0000003e mem 0x80013885
core   0: 0x8000e388 (0x0000100f) fence.i
core   0: 3 0x8000e388 (0x0000100f)
core   0: 0x8000e38c (0x004e9833) sll     a6, t4, tp
core   0: 3 0x8000e38c (0x004e9833) x16 0x00000000
core   0: 0x8000e390 (0x000011fd) c.addi  gp, -1
core   0: 3 0x8000e390 (0x11fd) x 3 0xffffffff
core   0: 0x8000e392 (0x4af9f197) auipc   gp, 0x4af9f
core   0: 3 0x8000e392 (0x4af9f197) x 3 0xcafad392
core   0: 0x8000e396 (0x0379ebb3) rem     s7, s3, s7
core   0: 3 0x8000e396 (0x0379ebb3) x23 0x00000000
core   0: 0x8000e39a (0x000081e9) c.srli  a1, 26
core   0: 3 0x8000e39a (0x81e9) x11 0x00000000
core   0: 0x8000e39c (0x038e9133) mulh    sp, t4, s8
core   0: 3 0x8000e39c (0x038e9133) x 2 0x00000000
core   0: 0x8000e3a0 (0x00008f99) c.sub   a5, a4
core   0: 3 0x8000e3a0 (0x8f99) x15 0xffffffa8
core   0: 0x8000e3a2 (0xfd94c103) lbu     sp, -39(s1)
core   0: 3 0x8000e3a2 (0xfd94c103) x 2 0x0000004c mem 0x80013897
core   0: 0x8000e3a6 (0x01e0e2b3) or      t0, ra, t5
core   0: 3 0x8000e3a6 (0x01e0e2b3) x 5 0xffffffff
core   0: 0x8000e3aa (0xfee48783) lb      a5, -18(s1)
core   0: 3 0x8000e3aa (0xfee48783) x15 0x00000067 mem 0x800138ac
core   0: 0x8000e3ae (0x00006179) c.addi16sp sp, 464
core   0: 3 0x8000e3ae (0x6179) x 2 0x0000021c
core   0: 0x8000e3b0 (0xfc24a983) lw      s3, -62(s1)
core   0: 3 0x8000e3b0 (0xfc24a983) x19 0x38393a3b mem 0x80013880
core   0: 0x8000e3b4 (0x00048da3) sb      zero, 27(s1)
core   0: 3 0x8000e3b4 (0x00048da3) mem 0x800138d9 0x0
core   0: 0x8000e3b8 (0x0288d6b3) divu    a3, a7, s0
core   0: 3 0x8000e3b8 (0x0288d6b3) x13 0x02108de8
core   0: 0x8000e3bc (0x0074c183) lbu     gp, 7(s1)
core   0: 3 0x8000e3bc (0x0074c183) x 3 0x0000007e mem 0x800138c5
core   0: 0x8000e3c0 (0x00e182b3) add     t0, gp, a4
core   0: 3 0x8000e3c0 (0x00e182b3) x 5 0x000000d6
core   0: 0x8000e3c4 (0x00000280) c.addi4spn s0, sp, 320
core   0: 3 0x8000e3c4 (0x0280) x 8 0x0000035c
core   0: 0x8000e3c6 (0x005a6833) or      a6, s4, t0
core   0: 3 0x8000e3c6 (0x005a6833) x16 0x000000d7
core   0: 0x8000e3ca (0xfc24a803) lw      a6, -62(s1)
core   0: 3 0x8000e3ca (0xfc24a803) x16 0x38393a3b mem 0x80013880
core   0: 0x8000e3ce (0x00c49c23) sh      a2, 24(s1)
core   0: 3 0x8000e3ce (0x00c49c23) mem 0x800138d6 0xf000
core   0: 0x8000e3d2 (0x023b9333) mulh    t1, s7, gp
core   0: 3 0x8000e3d2 (0x023b9333) x 6 0x00000000
core   0: 0x8000e3d6 (0x00a4c603) lbu     a2, 10(s1)
core   0: 3 0x8000e3d6 (0x00a4c603) x12 0x00000083 mem 0x800138c8
core   0: 0x8000e3da (0x02548703) lb      a4, 37(s1)
core   0: 3 0x8000e3da (0x02548703) x14 0xffffff98 mem 0x800138e3
core   0: 0x8000e3de (0x00003717) auipc   a4, 0x3
core   0: 3 0x8000e3de (0x00003717) x14 0x800113de
core   0: 0x8000e3e2 (0xfc970713) addi    a4, a4, -55
core   0: 3 0x8000e3e2 (0xfc970713) x14 0x800113a7
core   0: 0x8000e3e6 (0x02370323) sb      gp, 38(a4)
core   0: 3 0x8000e3e6 (0x02370323) mem 0x800113cd 0x7e
core   0: 0x8000e3ea (0x00000001) c.nop
core   0: 3 0x8000e3ea (0x0001)
core   0: 0x8000e3ec (0x03f71383) lh      t2, 63(a4)
core   0: 3 0x8000e3ec (0x03f71383) x 7 0xffff9c9d mem 0x800113e6
core   0: 0x8000e3f0 (0x0ff0000f) fence   iorw,iorw
core   0: 3 0x8000e3f0 (0x0ff0000f)
core   0: 0x8000e3f4 (0xfca74383) lbu     t2, -54(a4)
core   0: 3 0x8000e3f4 (0xfca74383) x 7 0x0000002a mem 0x80011371
core   0: 0x8000e3f8 (0x03b74803) lbu     a6, 59(a4)
core   0: 3 0x8000e3f8 (0x03b74803) x16 0x00000099 mem 0x800113e2
core   0: 0x8000e3fc (0x00008f89) c.sub   a5, a0
core   0: 3 0x8000e3fc (0x8f89) x15 0x0000005a
core   0: 0x8000e3fe (0x02171783) lh      a5, 33(a4)
core   0: 3 0x8000e3fe (0x02171783) x15 0xffff8283 mem 0x800113c8
core   0: 0x8000e402 (0x026714a3) sh      t1, 41(a4)
core   0: 3 0x8000e402 (0x026714a3) mem 0x800113d0 0x0000
core   0: 0x8000e406 (0x01870623) sb      s8, 12(a4)
core   0: 3 0x8000e406 (0x01870623) mem 0x800113b3 0x55
core   0: 0x8000e40a (0x01d70b03) lb      s6, 29(a4)
core   0: 3 0x8000e40a (0x01d70b03) x22 0x0000007f mem 0x800113c4
core   0: 0x8000e40e (0xfca711a3) sh      a0, -61(a4)
core   0: 3 0x8000e40e (0xfca711a3) mem 0x8001136a 0x000d
core   0: 0x8000e412 (0x03e69233) mulh    tp, a3, t5
core   0: 3 0x8000e412 (0x03e69233) x 4 0x00000000
core   0: 0x8000e416 (0x01070623) sb      a6, 12(a4)
core   0: 3 0x8000e416 (0x01070623) mem 0x800113b3 0x99
core   0: 0x8000e41a (0xfe970f23) sb      s1, -2(a4)
core   0: 3 0x8000e41a (0xfe970f23) mem 0x800113a5 0xbe
core   0: 0x8000e41e (0xee41e313) ori     t1, gp, -284
core   0: 3 0x8000e41e (0xee41e313) x 6 0xfffffefe
core   0: 0x8000e422 (0x40510b33) sub     s6, sp, t0
core   0: 3 0x8000e422 (0x40510b33) x22 0x00000146
core   0: 0x8000e426 (0x00674303) lbu     t1, 6(a4)
core   0: 3 0x8000e426 (0x00674303) x 6 0x00000066 mem 0x800113ad
core   0: 0x8000e42a (0x010000b3) add     ra, zero, a6
core   0: 3 0x8000e42a (0x010000b3) x 1 0x00000099
core   0: 0x8000e42e (0x02674c03) lbu     s8, 38(a4)
core   0: 3 0x8000e42e (0x02674c03) x24 0x0000007e mem 0x800113cd
core   0: 0x8000e432 (0x00274483) lbu     s1, 2(a4)
core   0: 3 0x8000e432 (0x00274483) x 9 0x00000062 mem 0x800113a9
core   0: 0x8000e436 (0xfeb707a3) sb      a1, -17(a4)
core   0: 3 0x8000e436 (0xfeb707a3) mem 0x80011396 0x0
core   0: 0x8000e43a (0x008296b3) sll     a3, t0, s0
core   0: 3 0x8000e43a (0x008296b3) x13 0x60000000
core   0: 0x8000e43e (0x02d70003) lb      zero, 45(a4)
core   0: 3 0x8000e43e (0x02d70003) mem 0x800113d4
core   0: 0x8000e442 (0x0ff0000f) fence   iorw,iorw
core   0: 3 0x8000e442 (0x0ff0000f)
core   0: 0x8000e446 (0x00008aed) c.andi  a3, 27
core   0: 3 0x8000e446 (0x8aed) x13 0x00000000
core   0: 0x8000e448 (0x02b70f83) lb      t6, 43(a4)
core   0: 3 0x8000e448 (0x02b70f83) x31 0xffffff89 mem 0x800113d2
core   0: 0x8000e44c (0x00c74083) lbu     ra, 12(a4)
core   0: 3 0x8000e44c (0x00c74083) x 1 0x00000099 mem 0x800113b3
core   0: 0x8000e450 (0x00002617) auipc   a2, 0x2
core   0: 3 0x8000e450 (0x00002617) x12 0x80010450
core   0: 0x8000e454 (0xf6160613) addi    a2, a2, -159
core   0: 3 0x8000e454 (0xf6160613) x12 0x800103b1
core   0: 0x8000e458 (0xfe360123) sb      gp, -30(a2)
core   0: 3 0x8000e458 (0xfe360123) mem 0x80010393 0x7e
core   0: 0x8000e45c (0xfe264183) lbu     gp, -30(a2)
core   0: 3 0x8000e45c (0xfe264183) x 3 0x0000007e mem 0x80010393
core   0: 0x8000e460 (0x00ee11b3) sll     gp, t3, a4
core   0: 3 0x8000e460 (0x00ee11b3) x 3 0x00000000
core   0: 0x8000e464 (0x0000998e) c.add   s3, gp
core   0: 3 0x8000e464 (0x998e) x19 0x38393a3b
core   0: 0x8000e466 (0x0000100f) fence.i
core   0: 3 0x8000e466 (0x0000100f)
core   0: 0x8000e46a (0x000099ba) c.add   s3, a4
core   0: 3 0x8000e46a (0x99ba) x19 0xb83a4de2
core   0: 0x8000e46c (0x41d9de33) sra     t3, s3, t4
core   0: 3 0x8000e46c (0x41d9de33) x28 0xb83a4de2
core   0: 0x8000e470 (0x0171d693) srli    a3, gp, 23
core   0: 3 0x8000e470 (0x0171d693) x13 0x00000000
core   0: 0x8000e474 (0x00375eb3) srl     t4, a4, gp
core   0: 3 0x8000e474 (0x00375eb3) x29 0x800113a7
core   0: 0x8000e478 (0xfdf62183) lw      gp, -33(a2)
core   0: 3 0x8000e478 (0xfdf62183) x 3 0x7e494a4b mem 0x80010390
core   0: 0x8000e47c (0x03377733) remu    a4, a4, s3
core   0: 3 0x8000e47c (0x03377733) x14 0x800113a7
core   0: 0x8000e480 (0x7f76b993) sltiu   s3, a3, 2039
core   0: 3 0x8000e480 (0x7f76b993) x19 0x00000001
core   0: 0x8000e484 (0x01565183) lhu     gp, 21(a2)
core   0: 3 0x8000e484 (0x01565183) x 3 0x00007c7d mem 0x800103c6
core   0: 0x8000e488 (0x01c9be33) sltu    t3, s3, t3
core   0: 3 0x8000e488 (0x01c9be33) x28 0x00000001
core   0: 0x8000e48c (0x03c60123) sb      t3, 34(a2)
core   0: 3 0x8000e48c (0x03c60123) mem 0x800103d3 0x1
core   0: 0x8000e490 (0x0000577d) c.li    a4, -1
core   0: 3 0x8000e490 (0x577d) x14 0xffffffff
core   0: 0x8000e492 (0x00762683) lw      a3, 7(a2)
core   0: 3 0x8000e492 (0x00762683) x13 0x70717273 mem 0x800103b8
core   0: 0x8000e496 (0x033e4e33) div     t3, t3, s3
core   0: 3 0x8000e496 (0x033e4e33) x28 0x00000001
core   0: 0x8000e49a (0xf7477e93) andi    t4, a4, -140
core   0: 3 0x8000e49a (0xf7477e93) x29 0xffffff74
core   0: 0x8000e49e (0xfcd60e23) sb      a3, -36(a2)
core   0: 3 0x8000e49e (0xfcd60e23) mem 0x8001038d 0x73
core   0: 0x8000e4a2 (0x03d61ca3) sh      t4, 57(a2)
core   0: 3 0x8000e4a2 (0x03d61ca3) mem 0x800103ea 0xff74
core   0: 0x8000e4a6 (0x9721c993) xori    s3, gp, -1678
core   0: 3 0x8000e4a6 (0x9721c993) x19 0xffff850f
core   0: 0x8000e4aa (0xfee611a3) sh      a4, -29(a2)
core   0: 3 0x8000e4aa (0xfee611a3) mem 0x80010394 0xffff
core   0: 0x8000e4ae (0x0000676d) c.lui   a4, 0x1b
core   0: 3 0x8000e4ae (0x676d) x14 0x0001b000
core   0: 0x8000e4b0 (0x03264683) lbu     a3, 50(a2)
core   0: 3 0x8000e4b0 (0x03264683) x13 0x0000005e mem 0x800103e3
core   0: 0x8000e4b4 (0x00161703) lh      a4, 1(a2)
core   0: 3 0x8000e4b4 (0x00161703) x14 0x00006869 mem 0x800103b2
core   0: 0x8000e4b8 (0x000096b6) c.add   a3, a3
core   0: 3 0x8000e4b8 (0x96b6) x13 0x000000bc
core   0: 0x8000e4ba (0x003759b3) srl     s3, a4, gp
core   0: 3 0x8000e4ba (0x003759b3) x19 0x00000000
core   0: 0x8000e4be (0xfc060e03) lb      t3, -64(a2)
core   0: 3 0x8000e4be (0xfc060e03) x28 0x0000002a mem 0x80010371
core   0: 0x8000e4c2 (0x1f0d01b7) lui     gp, 0x1f0d0
core   0: 3 0x8000e4c2 (0x1f0d01b7) x 3 0x1f0d0000
core   0: 0x8000e4c6 (0x00000001) c.nop
core   0: 3 0x8000e4c6 (0x0001)
core   0: 0x8000e4c8 (0x00008339) c.srli  a4, 14
core   0: 3 0x8000e4c8 (0x8339) x14 0x00000001
core   0: 0x8000e4ca (0x00ee9993) slli    s3, t4, 14
core   0: 3 0x8000e4ca (0x00ee9993) x19 0xffdd0000
core   0: 0x8000e4ce (0x000051fd) c.li    gp, -1
core   0: 3 0x8000e4ce (0x51fd) x 3 0xffffffff
core   0: 0x8000e4d0 (0xfee60ca3) sb      a4, -7(a2)
core   0: 3 0x8000e4d0 (0xfee60ca3) mem 0x800103aa 0x1
core   0: 0x8000e4d4 (0x02e6f1b3) remu    gp, a3, a4
core   0: 3 0x8000e4d4 (0x02e6f1b3) x 3 0x00000000
core   0: 0x8000e4d8 (0x0239fe33) remu    t3, s3, gp
core   0: 3 0x8000e4d8 (0x0239fe33) x28 0xffdd0000
core   0: 0x8000e4dc (0x02560e03) lb      t3, 37(a2)
core   0: 3 0x8000e4dc (0x02560e03) x28 0xffffff8d mem 0x800103d6
core   0: 0x8000e4e0 (0xfe360923) sb      gp, -14(a2)
core   0: 3 0x8000e4e0 (0xfe360923) mem 0x800103a3 0x0
core   0: 0x8000e4e4 (0x00ee3e33) sltu    t3, t3, a4
core   0: 3 0x8000e4e4 (0x00ee3e33) x28 0x00000000
core   0: 0x8000e4e8 (0xfe460683) lb      a3, -28(a2)
core   0: 3 0x8000e4e8 (0xfe460683) x13 0xffffffff mem 0x80010395
core   0: 0x8000e4ec (0x01564183) lbu     gp, 21(a2)
core   0: 3 0x8000e4ec (0x01564183) x 3 0x0000007d mem 0x800103c6
core   0: 0x8000e4f0 (0xfcd60523) sb      a3, -54(a2)
core   0: 3 0x8000e4f0 (0xfcd60523) mem 0x8001037b 0xff
core   0: 0x8000e4f4 (0xfda64183) lbu     gp, -38(a2)
core   0: 3 0x8000e4f4 (0xfda64183) x 3 0x00000040 mem 0x8001038b
core   0: 0x8000e4f8 (0x0231e6b3) rem     a3, gp, gp
core   0: 3 0x8000e4f8 (0x0231e6b3) x13 0x00000000
core   0: 0x8000e4fc (0xffc64183) lbu     gp, -4(a2)
core   0: 3 0x8000e4fc (0xffc64183) x 3 0x00000066 mem 0x800103ad
core   0: 0x8000e500 (0x00e9d713) srli    a4, s3, 14
core   0: 3 0x8000e500 (0x00e9d713) x14 0x0003ff74
core   0: 0x8000e504 (0x01d621a3) sw      t4, 3(a2)
core   0: 3 0x8000e504 (0x01d621a3) mem 0x800103b4 0xffffff74
core   0: 0x8000e508 (0x000086b6) c.mv    a3, a3
core   0: 3 0x8000e508 (0x86b6) x13 0x00000000
core   0: 0x8000e50a (0xfda64683) lbu     a3, -38(a2)
core   0: 3 0x8000e50a (0xfda64683) x13 0x00000040 mem 0x8001038b
core   0: 0x8000e50e (0x00003c17) auipc   s8, 0x3
core   0: 3 0x8000e50e (0x00003c17) x24 0x8001150e
core   0: 0x8000e512 (0xb36c0c13) addi    s8, s8, -1226
core   0: 3 0x8000e512 (0xb36c0c13) x24 0x80011044
core   0: 0x8000e516 (0x003c4983) lbu     s3, 3(s8)
core   0: 3 0x8000e516 (0x003c4983) x19 0x00000000 mem 0x80011047
core   0: 0x8000e51a (0xfc8c0323) sb      s0, -58(s8)
core   0: 3 0x8000e51a (0xfc8c0323) mem 0x8001100a 0x5c
core   0: 0x8000e51e (0xfc4c5603) lhu     a2, -60(s8)
core   0: 3 0x8000e51e (0xfc4c5603) x12 0x0000c2c3 mem 0x80011008
core   0: 0x8000e522 (0x00003097) auipc   ra, 0x3
core   0: 3 0x8000e522 (0x00003097) x 1 0x80011522
core   0: 0x8000e526 (0xb1508093) addi    ra, ra, -1259
core   0: 3 0x8000e526 (0xb1508093) x 1 0x80011037
core   0: 0x8000e52a (0xfd0c5383) lhu     t2, -48(s8)
core   0: 3 0x8000e52a (0xfd0c5383) x 7 0x0000cecf mem 0x80011014
core   0: 0x8000e52e (0xfffc4403) lbu     s0, -1(s8)
core   0: 3 0x8000e52e (0xfffc4403) x 8 0x000000f8 mem 0x80011043
core   0: 0x8000e532 (0xfed08a23) sb      a3, -12(ra)
core   0: 3 0x8000e532 (0xfed08a23) mem 0x8001102b 0x40
core   0: 0x8000e536 (0xfd80c003) lbu     zero, -40(ra)
core   0: 3 0x8000e536 (0xfd80c003) mem 0x8001100f
core   0: 0x8000e53a (0xfffc0003) lb      zero, -1(s8)
core   0: 3 0x8000e53a (0xfffc0003) mem 0x80011043
core   0: 0x8000e53e (0xfd60c903) lbu     s2, -42(ra)
core   0: 3 0x8000e53e (0xfd60c903) x18 0x0000007b mem 0x8001100d
core   0: 0x8000e542 (0xfdac1e03) lh      t3, -38(s8)
core   0: 3 0x8000e542 (0xfdac1e03) x28 0xffffd40d mem 0x8001101e
core   0: 0x8000e546 (0x000085a3) sb      zero, 11(ra)
core   0: 3 0x8000e546 (0x000085a3) mem 0x80011042 0x0
core   0: 0x8000e54a (0xfdf0c283) lbu     t0, -33(ra)
core   0: 3 0x8000e54a (0xfdf0c283) x 5 0x000000cd mem 0x80011016
core   0: 0x8000e54e (0xfd8c5103) lhu     sp, -40(s8)
core   0: 3 0x8000e54e (0xfd8c5103) x 2 0x0000f274 mem 0x8001101c
core   0: 0x8000e552 (0xff3c0183) lb      gp, -13(s8)
core   0: 3 0x8000e552 (0xff3c0183) x 3 0xffffffec mem 0x80011037
core   0: 0x8000e556 (0xfc7c0983) lb      s3, -57(s8)
core   0: 3 0x8000e556 (0xfc7c0983) x19 0xffffffc0 mem 0x8001100b
core   0: 0x8000e55a (0x00010117) auipc   sp, 0x10
core   0: 3 0x8000e55a (0x00010117) x 2 0x8001e55a
core   0: 0x8000e55e (0xfab10113) addi    sp, sp, -85
core   0: 3 0x8000e55e (0xfab10113) x 2 0x8001e505
core   0: 0x8000e562 (0x03014303) lbu     t1, 48(sp)
core   0: 3 0x8000e562 (0x03014303) x 6 0x000000ee mem 0x8001e535
core   0: 0x8000e566 (0x03014f03) lbu     t5, 48(sp)
core   0: 3 0x8000e566 (0x03014f03) x30 0x000000ee mem 0x8001e535
core   0: 0x8000e56a (0xa35ecb37) lui     s6, 0xa35ec
core   0: 3 0x8000e56a (0xa35ecb37) x22 0xa35ec000
core   0: 0x8000e56e (0x03010803) lb      a6, 48(sp)
core   0: 3 0x8000e56e (0x03010803) x16 0xffffffee mem 0x8001e535
core   0: 0x8000e572 (0x03010183) lb      gp, 48(sp)
core   0: 3 0x8000e572 (0x03010183) x 3 0xffffffee mem 0x8001e535
core   0: 0x8000e576 (0xff010e03) lb      t3, -16(sp)
core   0: 3 0x8000e576 (0xff010e03) x28 0xffffffae mem 0x8001e4f5
core   0: 0x8000e57a (0xff310823) sb      s3, -16(sp)
core   0: 3 0x8000e57a (0xff310823) mem 0x8001e4f5 0xc0
core   0: 0x8000e57e (0xfee10823) sb      a4, -16(sp)
core   0: 3 0x8000e57e (0xfee10823) mem 0x8001e4f5 0x74
core   0: 0x8000e582 (0xff014303) lbu     t1, -16(sp)
core   0: 3 0x8000e582 (0xff014303) x 6 0x00000074 mem 0x8001e4f5
core   0: 0x8000e586 (0x03de0d33) mul     s10, t3, t4
core   0: 3 0x8000e586 (0x03de0d33) x26 0x00002cd8
core   0: 0x8000e58a (0xff010083) lb      ra, -16(sp)
core   0: 3 0x8000e58a (0xff010083) x 1 0x00000074 mem 0x8001e4f5
core   0: 0x8000e58e (0xfea14483) lbu     s1, -22(sp)
core   0: 3 0x8000e58e (0xfea14483) x 9 0x000000a4 mem 0x8001e4ef
core   0: 0x8000e592 (0xfef10523) sb      a5, -22(sp)
core   0: 3 0x8000e592 (0xfef10523) mem 0x8001e4ef 0x83
core   0: 0x8000e596 (0x01110623) sb      a7, 12(sp)
core   0: 3 0x8000e596 (0x01110623) mem 0x8001e511 0x5c
core   0: 0x8000e59a (0x00c14b83) lbu     s7, 12(sp)
core   0: 3 0x8000e59a (0x00c14b83) x23 0x0000005c mem 0x8001e511
core   0: 0x8000e59e (0xfd814803) lbu     a6, -40(sp)
core   0: 3 0x8000e59e (0xfd814803) x16 0x00000096 mem 0x8001e4dd
core   0: 0x8000e5a2 (0xfef10023) sb      a5, -32(sp)
core   0: 3 0x8000e5a2 (0xfef10023) mem 0x8001e4e5 0x83
core   0: 0x8000e5a6 (0xff810023) sb      s8, -32(sp)
core   0: 3 0x8000e5a6 (0xff810023) mem 0x8001e4e5 0x44
core   0: 0x8000e5aa (0x0000d297) auipc   t0, 0xd
core   0: 3 0x8000e5aa (0x0000d297) x 5 0x8001b5aa
core   0: 0x8000e5ae (0x8da28293) addi    t0, t0, -1830
core   0: 3 0x8000e5ae (0x8da28293) x 5 0x8001ae84
core   0: 0x8000e5b2 (0x04b2a223) sw      a1, 68(t0)
core   0: 3 0x8000e5b2 (0x04b2a223) mem 0x8001aec8 0x00000000
core   0: 0x8000e5b6 (0x00009f17) auipc   t5, 0x9
core   0: 3 0x8000e5b6 (0x00009f17) x30 0x800175b6
core   0: 0x8000e5ba (0xcaff0f13) addi    t5, t5, -849
core   0: 3 0x8000e5ba (0xcaff0f13) x30 0x80017265
core   0: 0x8000e5be (0xfe32c703) lbu     a4, -29(t0)
core   0: 3 0x8000e5be (0xfe32c703) x14 0x0000001c mem 0x8001ae67
core   0: 0x8000e5c2 (0x0c928303) lb      t1, 201(t0)
core   0: 3 0x8000e5c2 (0x0c928303) x 6 0x00000006 mem 0x8001af4d
core   0: 0x8000e5c6 (0x08c2c783) lbu     a5, 140(t0)
core   0: 3 0x8000e5c6 (0x08c2c783) x15 0x000000cb mem 0x8001af10
core   0: 0x8000e5ca (0x000f4783) lbu     a5, 0(t5)
core   0: 3 0x8000e5ca (0x000f4783) x15 0x0000001e mem 0x80017265
core   0: 0x8000e5ce (0x000f0003) lb      zero, 0(t5)
core   0: 3 0x8000e5ce (0x000f0003) mem 0x80017265
core   0: 0x8000e5d2 (0xf0928aa3) sb      s1, -235(t0)
core   0: 3 0x8000e5d2 (0xf0928aa3) mem 0x8001ad99 0xa4
core   0: 0x8000e5d6 (0x0f428da3) sb      s4, 251(t0)
core   0: 3 0x8000e5d6 (0x0f428da3) mem 0x8001af7f 0x1
core   0: 0x8000e5da (0x017f10a3) sh      s7, 1(t5)
core   0: 3 0x8000e5da (0x017f10a3) mem 0x80017266 0x005c
core   0: 0x8000e5de (0x0ab2c483) lbu     s1, 171(t0)
core   0: 3 0x8000e5de (0x0ab2c483) x 9 0x000000e4 mem 0x8001af2f
core   0: 0x8000e5e2 (0x0e82da03) lhu     s4, 232(t0)
core   0: 3 0x8000e5e2 (0x0e82da03) x20 0x00002627 mem 0x8001af6c
core   0: 0x8000e5e6 (0xfe7f0f23) sb      t2, -2(t5)
core   0: 3 0x8000e5e6 (0xfe7f0f23) mem 0x80017263 0xcf
core   0: 0x8000e5ea (0x01af17a3) sh      s10, 15(t5)
core   0: 3 0x8000e5ea (0x01af17a3) mem 0x80017274 0x2cd8
core   0: 0x8000e5ee (0x00ef4d03) lbu     s10, 14(t5)
core   0: 3 0x8000e5ee (0x00ef4d03) x26 0x00000028 mem 0x80017273
core   0: 0x8000e5f2 (0x0000b697) auipc   a3, 0xb
core   0: 3 0x8000e5f2 (0x0000b697) x13 0x800195f2
core   0: 0x8000e5f6 (0x88068693) addi    a3, a3, -1920
core   0: 3 0x8000e5f6 (0x88068693) x13 0x80018e72
core   0: 0x8000e5fa (0x00002e17) auipc   t3, 0x2
core   0: 3 0x8000e5fa (0x00002e17) x28 0x800105fa
core   0: 0x8000e5fe (0x1fce0e13) addi    t3, t3, 508
core   0: 3 0x8000e5fe (0x1fce0e13) x28 0x800107f6
core   0: 0x8000e602 (0xfd4e1083) lh      ra, -44(t3)
core   0: 3 0x8000e602 (0xfd4e1083) x 1 0xffff8081 mem 0x800107ca
core   0: 0x8000e606 (0xfdc6dc03) lhu     s8, -36(a3)
core   0: 3 0x8000e606 (0xfdc6dc03) x24 0x00000405 mem 0x80018e4e
core   0: 0x8000e60a (0xfc3e1623) sh      gp, -52(t3)
core   0: 3 0x8000e60a (0xfc3e1623) mem 0x800107c2 0xffee
core   0: 0x8000e60e (0xfe56c203) lbu     tp, -27(a3)
core   0: 3 0x8000e60e (0xfe56c203) x 4 0x0000000c mem 0x80018e57
core   0: 0x8000e612 (0xfc0e0083) lb      ra, -64(t3)
core   0: 3 0x8000e612 (0xfc0e0083) x 1 0x0000006d mem 0x800107b6
core   0: 0x8000e616 (0xffe69923) sh      t5, -14(a3)
core   0: 3 0x8000e616 (0xffe69923) mem 0x80018e64 0x7265
core   0: 0x8000e61a (0x003e0203) lb      tp, 3(t3)
core   0: 3 0x8000e61a (0x003e0203) x 4 0xffffffb2 mem 0x800107f9
core   0: 0x8000e61e (0xfd368403) lb      s0, -45(a3)
core   0: 3 0x8000e61e (0xfd368403) x 8 0xfffffffe mem 0x80018e45
core   0: 0x8000e622 (0xfeb68aa3) sb      a1, -11(a3)
core   0: 3 0x8000e622 (0xfeb68aa3) mem 0x80018e67 0x0
core   0: 0x8000e626 (0x005e0383) lb      t2, 5(t3)
core   0: 3 0x8000e626 (0x005e0383) x 7 0xffffffb0 mem 0x800107fb
core   0: 0x8000e62a (0xfc5e4703) lbu     a4, -59(t3)
core   0: 3 0x8000e62a (0xfc5e4703) x14 0x00000070 mem 0x800107bb
core   0: 0x8000e62e (0x020e0f83) lb      t6, 32(t3)
core   0: 3 0x8000e62e (0x020e0f83) x31 0x00000038 mem 0x80010816
core   0: 0x8000e632 (0x03a0066f) jal     a2, pc + 0x3a
core   0: 3 0x8000e632 (0x03a0066f) x12 0x8000e636
core   0: 0x8000e66c (0x000037f9) c.jal   pc - 50
core   0: 3 0x8000e66c (0x37f9) x 1 0x8000e66e
core   0: 0x8000e63a (0x0000a01d) c.j     pc + 38
core   0: 3 0x8000e63a (0xa01d)
core   0: 0x8000e660 (0x00003fc5) c.jal   pc - 16
core   0: 3 0x8000e660 (0x3fc5) x 1 0x8000e662
core   0: 0x8000e650 (0x0000200d) c.jal   pc + 34
core   0: 3 0x8000e650 (0x200d) x 1 0x8000e652
core   0: 0x8000e672 (0x000037cd) c.jal   pc - 30
core   0: 3 0x8000e672 (0x37cd) x 1 0x8000e674
core   0: 0x8000e654 (0x00002811) c.jal   pc + 20
core   0: 3 0x8000e654 (0x2811) x 1 0x8000e656
core   0: 0x8000e668 (0xff5ffc6f) jal     s8, pc - 0xc
core   0: 3 0x8000e668 (0xff5ffc6f) x24 0x8000e66c
core   0: 0x8000e65c (0xff7ff86f) jal     a6, pc - 0xa
core   0: 3 0x8000e65c (0xff7ff86f) x16 0x8000e660
core   0: 0x8000e652 (0x0000a809) c.j     pc + 18
core   0: 3 0x8000e652 (0xa809)
core   0: 0x8000e664 (0xff7ffdef) jal     s11, pc - 0xa
core   0: 3 0x8000e664 (0xff7ffdef) x27 0x8000e668
core   0: 0x8000e65a (0x0000bff9) c.j     pc - 34
core   0: 3 0x8000e65a (0xbff9)
core   0: 0x8000e638 (0x00002825) c.jal   pc + 56
core   0: 3 0x8000e638 (0x2825) x 1 0x8000e63a
core   0: 0x8000e670 (0x00003ffd) c.jal   pc - 2
core   0: 3 0x8000e670 (0x3ffd) x 1 0x8000e672
core   0: 0x8000e66e (0x000037e1) c.jal   pc - 56
core   0: 3 0x8000e66e (0x37e1) x 1 0x8000e670
core   0: 0x8000e636 (0x00002801) c.jal   pc + 16
core   0: 3 0x8000e636 (0x2801) x 1 0x8000e638
core   0: 0x8000e646 (0x0000a831) c.j     pc + 28
core   0: 3 0x8000e646 (0xa831)
core   0: 0x8000e662 (0x0000bff9) c.j     pc - 34
core   0: 3 0x8000e662 (0xbff9)
core   0: 0x8000e640 (0xffdff0ef) jal     pc - 0x4
core   0: 3 0x8000e640 (0xffdff0ef) x 1 0x8000e644
core   0: 0x8000e63c (0x01a000ef) jal     pc + 0x1a
core   0: 3 0x8000e63c (0x01a000ef) x 1 0x8000e640
core   0: 0x8000e656 (0xfefff86f) jal     a6, pc - 0x12
core   0: 3 0x8000e656 (0xfefff86f) x16 0x8000e65a
core   0: 0x8000e644 (0x00002021) c.jal   pc + 8
core   0: 3 0x8000e644 (0x2021) x 1 0x8000e646
core   0: 0x8000e64c (0xffdff36f) jal     t1, pc - 0x4
core   0: 3 0x8000e64c (0xffdff36f) x 6 0x8000e650
core   0: 0x8000e648 (0x02c00c6f) jal     s8, pc + 0x2c
core   0: 3 0x8000e648 (0x02c00c6f) x24 0x8000e64c
core   0: 0x8000e674 (0x00000001) c.nop
core   0: 3 0x8000e674 (0x0001)
core   0: 0x8000e676 (0x00800613) li      a2, 8
core   0: 3 0x8000e676 (0x00800613) x12 0x00000008
core   0: 0x8000e67a (0x01efb2b3) sltu    t0, t6, t5
core   0: 3 0x8000e67a (0x01efb2b3) x 5 0x00000001
core   0: 0x8000e67e (0x02c69eb3) mulh    t4, a3, a2
core   0: 3 0x8000e67e (0x02c69eb3) x29 0xfffffffc
core   0: 0x8000e682 (0x01009333) sll     t1, ra, a6
core   0: 3 0x8000e682 (0x01009333) x 6 0x18000000
core   0: 0x8000e686 (0x00800993) li      s3, 8
core   0: 3 0x8000e686 (0x00800993) x19 0x00000008
core   0: 0x8000e68a (0x01b25313) srli    t1, tp, 27
core   0: 3 0x8000e68a (0x01b25313) x 6 0x0000001f
core   0: 0x8000e68e (0xa9bbed13) ori     s10, s7, -1381
core   0: 3 0x8000e68e (0xa9bbed13) x26 0xfffffadf
core   0: 0x8000e692 (0x03ef9ab3) mulh    s5, t6, t5
core   0: 3 0x8000e692 (0x03ef9ab3) x21 0xffffffe4
core   0: 0x8000e696 (0xb74f4a93) xori    s5, t5, -1164
core   0: 3 0x8000e696 (0xb74f4a93) x21 0x7ffe8911
core   0: 0x8000e69a (0x00001671) c.addi  a2, -4
core   0: 3 0x8000e69a (0x1671) x12 0x00000004
core   0: 0x8000e69c (0x40fcd413) srai    s0, s9, 15
core   0: 3 0x8000e69c (0x40fcd413) x 8 0xffff0005
core   0: 0x8000e6a0 (0x00600433) add     s0, zero, t1
core   0: 3 0x8000e6a0 (0x00600433) x 8 0x0000001f
core   0: 0x8000e6a4 (0xff3675e3) bgeu    a2, s3, pc - 22
core   0: 3 0x8000e6a4 (0xff3675e3)
core   0: 0x8000e6a8 (0x00009132) c.add   sp, a2
core   0: 3 0x8000e6a8 (0x9132) x 2 0x8001e509
core   0: 0x8000e6aa (0x00007b17) auipc   s6, 0x7
core   0: 3 0x8000e6aa (0x00007b17) x22 0x800156aa
core   0: 0x8000e6ae (0x204b0b13) addi    s6, s6, 516
core   0: 3 0x8000e6ae (0x204b0b13) x22 0x800158ae
core   0: 0x8000e6b2 (0x00003117) auipc   sp, 0x3
core   0: 3 0x8000e6b2 (0x00003117) x 2 0x800116b2
core   0: 0x8000e6b6 (0x84c10113) addi    sp, sp, -1972
core   0: 3 0x8000e6b6 (0x84c10113) x 2 0x80010efe
core   0: 0x8000e6ba (0xfedb09a3) sb      a3, -13(s6)
core   0: 3 0x8000e6ba (0xfedb09a3) mem 0x800158a1 0x72
core   0: 0x8000e6be (0x005b0003) lb      zero, 5(s6)
core   0: 3 0x8000e6be (0x005b0003) mem 0x800158b3
core   0: 0x8000e6c2 (0xf8815703) lhu     a4, -120(sp)
core   0: 3 0x8000e6c2 (0xf8815703) x14 0x00003c3d mem 0x80010e86
core   0: 0x8000e6c6 (0x035b0183) lb      gp, 53(s6)
core   0: 3 0x8000e6c6 (0x035b0183) x 3 0xffffff86 mem 0x800158e3
core   0: 0x8000e6ca (0x013b1623) sh      s3, 12(s6)
core   0: 3 0x8000e6ca (0x013b1623) mem 0x800158ba 0x0008
core   0: 0x8000e6ce (0xff1b0283) lb      t0, -15(s6)
core   0: 3 0x8000e6ce (0xff1b0283) x 5 0x00000054 mem 0x8001589f
core   0: 0x8000e6d2 (0xfd6b2603) lw      a2, -42(s6)
core   0: 3 0x8000e6d2 (0xfd6b2603) x12 0x3c3d3e3f mem 0x80015884
core   0: 0x8000e6d6 (0x01110723) sb      a7, 14(sp)
core   0: 3 0x8000e6d6 (0x01110723) mem 0x80010f0c 0x5c
core   0: 0x8000e6da (0xfb812b23) sw      s8, -74(sp)
core   0: 3 0x8000e6da (0xfb812b23) mem 0x80010eb4 0x8000e64c
core   0: 0x8000e6de (0xfe0b4003) lbu     zero, -32(s6)
core   0: 3 0x8000e6de (0xfe0b4003) mem 0x8001588e
core   0: 0x8000e6e2 (0x0f815903) lhu     s2, 248(sp)
core   0: 3 0x8000e6e2 (0x0f815903) x18 0x0000acad mem 0x80010ff6
core   0: 0x8000e6e6 (0xfef14683) lbu     a3, -17(sp)
core   0: 3 0x8000e6e6 (0xfef14683) x13 0x000000a6 mem 0x80010eed
core   0: 0x8000e6ea (0x0b010983) lb      s3, 176(sp)
core   0: 3 0x8000e6ea (0x0b010983) x19 0x00000065 mem 0x80010fae
core   0: 0x8000e6ee (0xfdd14d83) lbu     s11, -35(sp)
core   0: 3 0x8000e6ee (0xfdd14d83) x27 0x00000090 mem 0x80010edb
core   0: 0x8000e6f2 (0x05a11023) sh      s10, 64(sp)
core   0: 3 0x8000e6f2 (0x05a11023) mem 0x80010f3e 0xfadf
core   0: 0x8000e6f6 (0xfa011d03) lh      s10, -96(sp)
core   0: 3 0x8000e6f6 (0xfa011d03) x26 0x00005455 mem 0x80010e9e
core   0: 0x8000e6fa (0x033b1123) sh      s3, 34(s6)
core   0: 3 0x8000e6fa (0x033b1123) mem 0x800158d0 0x0065
core   0: 0x8000e6fe (0xfe1b4483) lbu     s1, -31(s6)
core   0: 3 0x8000e6fe (0xfe1b4483) x 9 0x00000044 mem 0x8001588f
core   0: 0x8000e702 (0x01bb0523) sb      s11, 10(s6)
core   0: 3 0x8000e702 (0x01bb0523) mem 0x800158b8 0x90
core   0: 0x8000e706 (0xf2615d83) lhu     s11, -218(sp)
core   0: 3 0x8000e706 (0xf2615d83) x27 0x0000dedf mem 0x80010e24
core   0: 0x8000e70a (0x00002f97) auipc   t6, 0x2
core   0: 3 0x8000e70a (0x00002f97) x31 0x8001070a
core   0: 0x8000e70e (0x1d9f8f93) addi    t6, t6, 473
core   0: 3 0x8000e70e (0x1d9f8f93) x31 0x800108e3
core   0: 0x8000e712 (0x00e41313) slli    t1, s0, 14
core   0: 3 0x8000e712 (0x00e41313) x 6 0x0007c000
core   0: 0x8000e716 (0x364fc183) lbu     gp, 868(t6)
core   0: 3 0x8000e716 (0x364fc183) x 3 0x000000fc mem 0x80010c47
core   0: 0x8000e71a (0x370f8223) sb      a6, 868(t6)
core   0: 3 0x8000e71a (0x370f8223) mem 0x80010c47 0x5a
core   0: 0x8000e71e (0x364fca03) lbu     s4, 868(t6)
core   0: 3 0x8000e71e (0x364fca03) x20 0x0000005a mem 0x80010c47
core   0: 0x8000e722 (0x364f8483) lb      s1, 868(t6)
core   0: 3 0x8000e722 (0x364f8483) x 9 0x0000005a mem 0x80010c47
core   0: 0x8000e726 (0x364f8003) lb      zero, 868(t6)
core   0: 3 0x8000e726 (0x364f8003) mem 0x80010c47
core   0: 0x8000e72a (0x0082d633) srl     a2, t0, s0
core   0: 3 0x8000e72a (0x0082d633) x12 0x00000000
core   0: 0x8000e72e (0x364f8d03) lb      s10, 868(t6)
core   0: 3 0x8000e72e (0x364f8d03) x26 0x0000005a mem 0x80010c47
core   0: 0x8000e732 (0x363f8223) sb      gp, 868(t6)
core   0: 3 0x8000e732 (0x363f8223) mem 0x80010c47 0xfc
core   0: 0x8000e736 (0xbd2fc703) lbu     a4, -1070(t6)
core   0: 3 0x8000e736 (0xbd2fc703) x14 0x0000006e mem 0x800104b5
core   0: 0x8000e73a (0xbd2f8403) lb      s0, -1070(t6)
core   0: 3 0x8000e73a (0xbd2f8403) x 8 0x0000006e mem 0x800104b5
core   0: 0x8000e73e (0xbd2f8083) lb      ra, -1070(t6)
core   0: 3 0x8000e73e (0xbd2f8083) x 1 0x0000006e mem 0x800104b5
core   0: 0x8000e742 (0xbd2f8903) lb      s2, -1070(t6)
core   0: 3 0x8000e742 (0xbd2f8903) x18 0x0000006e mem 0x800104b5
core   0: 0x8000e746 (0xefdfa683) lw      a3, -259(t6)
core   0: 3 0x8000e746 (0xefdfa683) x13 0x98999a9b mem 0x800107e0
core   0: 0x8000e74a (0x377f8e23) sb      s7, 892(t6)
core   0: 3 0x8000e74a (0x377f8e23) mem 0x80010c5f 0x5c
core   0: 0x8000e74e (0x37cf8783) lb      a5, 892(t6)
core   0: 3 0x8000e74e (0x37cf8783) x15 0x0000005c mem 0x80010c5f
core   0: 0x8000e752 (0x0000ec89) c.bnez  s1, pc + 26
core   0: 3 0x8000e752 (0xec89)
core   0: 0x8000e76c (0x00000504) c.addi4spn s1, sp, 640
core   0: 3 0x8000e76c (0x0504) x 9 0x8001117e
core   0: 0x8000e76e (0x02d0fd63) bgeu    ra, a3, pc + 58
core   0: 3 0x8000e76e (0x02d0fd63)
core   0: 0x8000e772 (0x0000973a) c.add   a4, a4
core   0: 3 0x8000e772 (0x973a) x14 0x000000dc
core   0: 0x8000e774 (0x00009a9a) c.add   s5, t1
core   0: 3 0x8000e774 (0x9a9a) x21 0x80064911
core   0: 0x8000e776 (0x021bda63) bge     s7, ra, pc + 52
core   0: 3 0x8000e776 (0x021bda63)
core   0: 0x8000e77a (0x00000001) c.nop
core   0: 3 0x8000e77a (0x0001)
core   0: 0x8000e77c (0x0130ce63) blt     ra, s3, pc + 28
core   0: 3 0x8000e77c (0x0130ce63)
core   0: 0x8000e780 (0x00008efd) c.and   a3, a5
core   0: 3 0x8000e780 (0x8efd) x13 0x00000018
core   0: 0x8000e782 (0x033a7c33) remu    s8, s4, s3
core   0: 3 0x8000e782 (0x033a7c33) x24 0x0000005a
core   0: 0x8000e786 (0x8cc43f13) sltiu   t5, s0, -1844
core   0: 3 0x8000e786 (0x8cc43f13) x30 0x00000001
core   0: 0x8000e78a (0x00a225b3) slt     a1, tp, a0
core   0: 3 0x8000e78a (0x00a225b3) x11 0x00000001
core   0: 0x8000e78e (0x0228d263) bge     a7, sp, pc + 36
core   0: 3 0x8000e78e (0x0228d263)
core   0: 0x8000e7b2 (0x00008f65) c.and   a4, s1
core   0: 3 0x8000e7b2 (0x8f65) x14 0x0000005c
core   0: 0x8000e7b4 (0x00008e1d) c.sub   a2, a5
core   0: 3 0x8000e7b4 (0x8e1d) x12 0xffffffa4
core   0: 0x8000e7b6 (0x008877b3) and     a5, a6, s0
core   0: 3 0x8000e7b6 (0x008877b3) x15 0x0000004a
core   0: 0x8000e7ba (0x0000e581) c.bnez  a1, pc + 8
core   0: 3 0x8000e7ba (0xe581)
core   0: 0x8000e7c2 (0x00008cf1) c.and   s1, a2
core   0: 3 0x8000e7c2 (0x8cf1) x 9 0x80011124
core   0: 0x8000e7c4 (0x01dacb63) blt     s5, t4, pc + 22
core   0: 3 0x8000e7c4 (0x01dacb63)
core   0: 0x8000e7da (0x408105b3) sub     a1, sp, s0
core   0: 3 0x8000e7da (0x408105b3) x11 0x80010e90
core   0: 0x8000e7de (0x03dcb433) mulhu   s0, s9, t4
core   0: 3 0x8000e7de (0x03dcb433) x 8 0x80029ce1
core   0: 0x8000e7e2 (0x00000001) c.nop
core   0: 3 0x8000e7e2 (0x0001)
core   0: 0x8000e7e4 (0x0000c299) c.beqz  a3, pc + 6
core   0: 3 0x8000e7e4 (0xc299)
core   0: 0x8000e7e6 (0x00008e1e) c.mv    t3, t2
core   0: 3 0x8000e7e6 (0x8e1e) x28 0xffffffb0
core   0: 0x8000e7e8 (0x0000177d) c.addi  a4, -1
core   0: 3 0x8000e7e8 (0x177d) x14 0x0000005b
core   0: 0x8000e7ea (0x02f30333) mul     t1, t1, a5
core   0: 3 0x8000e7ea (0x02f30333) x 6 0x023d8000
core   0: 0x8000e7ee (0x024e9e33) mulh    t3, t4, tp
core   0: 3 0x8000e7ee (0x024e9e33) x28 0x00000000
core   0: 0x8000e7f2 (0x00001bfd) c.addi  s7, -1
core   0: 3 0x8000e7f2 (0x1bfd) x23 0x0000005b
core   0: 0x8000e7f4 (0x00000b84) c.addi4spn s1, sp, 464
core   0: 3 0x8000e7f4 (0x0b84) x 9 0x800110ce
core   0: 0x8000e7f6 (0x00d9f2b3) and     t0, s3, a3
core   0: 3 0x8000e7f6 (0x00d9f2b3) x 5 0x00000000
core   0: 0x8000e7fa (0x89e07937) lui     s2, 0x89e07
core   0: 3 0x8000e7fa (0x89e07937) x18 0x89e07000
core   0: 0x8000e7fe (0x40105193) srai    gp, zero, 1
core   0: 3 0x8000e7fe (0x40105193) x 3 0x00000000
core   0: 0x8000e802 (0x41e251b3) sra     gp, tp, t5
core   0: 3 0x8000e802 (0x41e251b3) x 3 0xffffffd9
core   0: 0x8000e806 (0x03096bb3) rem     s7, s2, a6
core   0: 3 0x8000e806 (0x03096bb3) x23 0x89e07000
core   0: 0x8000e80a (0x412f5ab3) sra     s5, t5, s2
core   0: 3 0x8000e80a (0x412f5ab3) x21 0x00000001
core   0: 0x8000e80e (0x02f6f863) bgeu    a3, a5, pc + 48
core   0: 3 0x8000e80e (0x02f6f863)
core   0: 0x8000e812 (0x0ff0000f) fence   iorw,iorw
core   0: 3 0x8000e812 (0x0ff0000f)
core   0: 0x8000e816 (0x67701ab7) lui     s5, 0x67701
core   0: 3 0x8000e816 (0x67701ab7) x21 0x67701000
core   0: 0x8000e81a (0x9df2bd93) sltiu   s11, t0, -1569
core   0: 3 0x8000e81a (0x9df2bd93) x27 0x00000001
core   0: 0x8000e81e (0x0000717d) c.addi16sp sp, -16
core   0: 3 0x8000e81e (0x717d) x 2 0x80010eee
core   0: 0x8000e820 (0x00000001) c.nop
core   0: 3 0x8000e820 (0x0001)
core   0: 0x8000e822 (0x00008b95) c.andi  a5, 5
core   0: 3 0x8000e822 (0x8b95) x15 0x00000000
core   0: 0x8000e824 (0x00375933) srl     s2, a4, gp
core   0: 3 0x8000e824 (0x00375933) x18 0x00000000
core   0: 0x8000e828 (0xa9506013) ori     zero, zero, -1387
core   0: 3 0x8000e828 (0xa9506013)
core   0: 0x8000e82c (0x00008fb5) c.xor   a5, a3
core   0: 3 0x8000e82c (0x8fb5) x15 0x00000018
core   0: 0x8000e82e (0x61db0793) addi    a5, s6, 1565
core   0: 3 0x8000e82e (0x61db0793) x15 0x80015ecb
core   0: 0x8000e832 (0x00e8ce63) blt     a7, a4, pc + 28
core   0: 3 0x8000e832 (0x00e8ce63)
core   0: 0x8000e84e (0x01f44a63) blt     s0, t6, pc + 20
core   0: 3 0x8000e84e (0x01f44a63)
core   0: 0x8000e852 (0x000087f9) c.srai  a5, 30
core   0: 3 0x8000e852 (0x87f9) x15 0xfffffffe
core   0: 0x8000e854 (0x026211b3) mulh    gp, tp, t1
core   0: 3 0x8000e854 (0x026211b3) x 3 0xffffffff
core   0: 0x8000e858 (0x4120da93) srai    s5, ra, 18
core   0: 3 0x8000e858 (0x4120da93) x21 0x00000000
core   0: 0x8000e85c (0x00000001) c.nop
core   0: 3 0x8000e85c (0x0001)
core   0: 0x8000e85e (0x03760f63) beq     a2, s7, pc + 62
core   0: 3 0x8000e85e (0x03760f63)
core   0: 0x8000e862 (0x000009aa) c.slli  s3, 10
core   0: 3 0x8000e862 (0x09aa) x19 0x00019400
core   0: 0x8000e864 (0x02be70b3) remu    ra, t3, a1
core   0: 3 0x8000e864 (0x02be70b3) x 1 0x00000000
core   0: 0x8000e868 (0xe658ea13) ori     s4, a7, -411
core   0: 3 0x8000e868 (0xe658ea13) x20 0xfffffe7d
core   0: 0x8000e86c (0x00008235) c.srli  a2, 13
core   0: 3 0x8000e86c (0x8235) x12 0x0007ffff
core   0: 0x8000e86e (0x00008f15) c.sub   a4, a3
core   0: 3 0x8000e86e (0x8f15) x14 0x00000043
core   0: 0x8000e870 (0xa8e44c13) xori    s8, s0, -1394
core   0: 3 0x8000e870 (0xa8e44c13) x24 0x7ffd666f
core   0: 0x8000e874 (0x0189cb33) xor     s6, s3, s8
core   0: 3 0x8000e874 (0x0189cb33) x22 0x7ffcf26f
core   0: 0x8000e878 (0x406a07b3) sub     a5, s4, t1
core   0: 3 0x8000e878 (0x406a07b3) x15 0xfdc27e7d
core   0: 0x8000e87c (0x02a9f663) bgeu    s3, a0, pc + 44
core   0: 3 0x8000e87c (0x02a9f663)
core   0: 0x8000e8a8 (0x00000001) c.nop
core   0: 3 0x8000e8a8 (0x0001)
core   0: 0x8000e8aa (0x00a38f63) beq     t2, a0, pc + 30
core   0: 3 0x8000e8aa (0x00a38f63)
core   0: 0x8000e8ae (0x00279093) slli    ra, a5, 2
core   0: 3 0x8000e8ae (0x00279093) x 1 0xf709f9f4
core   0: 0x8000e8b2 (0x03aaf6b3) remu    a3, s5, s10
core   0: 3 0x8000e8b2 (0x03aaf6b3) x13 0x00000000
core   0: 0x8000e8b6 (0x003386b3) add     a3, t2, gp
core   0: 3 0x8000e8b6 (0x003386b3) x13 0xffffffaf
core   0: 0x8000e8ba (0x03881463) bne     a6, s8, pc + 40
core   0: 3 0x8000e8ba (0x03881463)
core   0: 0x8000e8e2 (0x63a5bb17) auipc   s6, 0x63a5b
core   0: 3 0x8000e8e2 (0x63a5bb17) x22 0xe3a698e2
core   0: 0x8000e8e6 (0x01415e13) srli    t3, sp, 20
core   0: 3 0x8000e8e6 (0x01415e13) x28 0x00000800
core   0: 0x8000e8ea (0x000087c9) c.srai  a5, 18
core   0: 3 0x8000e8ea (0x87c9) x15 0xffffff70
core   0: 0x8000e8ec (0x000094be) c.add   s1, a5
core   0: 3 0x8000e8ec (0x94be) x 9 0x8001103e
core   0: 0x8000e8ee (0x01e80e33) add     t3, a6, t5
core   0: 3 0x8000e8ee (0x01e80e33) x28 0x8000e65b
core   0: 0x8000e8f2 (0x00a00593) li      a1, 10
core   0: 3 0x8000e8f2 (0x00a00593) x11 0x0000000a
core   0: 0x8000e8f6 (0x00008f2d) c.xor   a4, a1
core   0: 3 0x8000e8f6 (0x8f2d) x14 0x00000049
core   0: 0x8000e8f8 (0x815e7193) andi    gp, t3, -2027
core   0: 3 0x8000e8f8 (0x815e7193) x 3 0x8000e011
core   0: 0x8000e8fc (0x029441b3) div     gp, s0, s1
core   0: 3 0x8000e8fc (0x029441b3) x 3 0x00000000
core   0: 0x8000e900 (0x01dad313) srli    t1, s5, 29
core   0: 3 0x8000e900 (0x01dad313) x 6 0x00000000
core   0: 0x8000e904 (0x02aa4733) div     a4, s4, a0
core   0: 3 0x8000e904 (0x02aa4733) x14 0xffffffe3
core   0: 0x8000e908 (0x8bf0bc37) lui     s8, 0x8bf0b
core   0: 3 0x8000e908 (0x8bf0bc37) x24 0x8bf0b000
core   0: 0x8000e90c (0x00001dfd) c.addi  s11, -1
core   0: 3 0x8000e90c (0x1dfd) x27 0x00000000
core   0: 0x8000e90e (0x413981b3) sub     gp, s3, s3
core   0: 3 0x8000e90e (0x413981b3) x 3 0x00000000
core   0: 0x8000e912 (0x00008ea5) c.xor   a3, s1
core   0: 3 0x8000e912 (0x8ea5) x13 0x7ffeef91
core   0: 0x8000e914 (0x00000f98) c.addi4spn a4, sp, 976
core   0: 3 0x8000e914 (0x0f98) x14 0x800112be
core   0: 0x8000e916 (0x00000001) c.nop
core   0: 3 0x8000e916 (0x0001)
core   0: 0x8000e918 (0x01000093) li      ra, 16
core   0: 3 0x8000e918 (0x01000093) x 1 0x00000010
core   0: 0x8000e91c (0x000009bd) c.addi  s3, 15
core   0: 3 0x8000e91c (0x09bd) x19 0x0001940f
core   0: 0x8000e91e (0x3adf4a17) auipc   s4, 0x3adf4
core   0: 3 0x8000e91e (0x3adf4a17) x20 0xbae0291e
core   0: 0x8000e922 (0x00000585) c.addi  a1, 1
core   0: 3 0x8000e922 (0x0585) x11 0x0000000b
core   0: 0x8000e924 (0xe2b1f797) auipc   a5, 0xe2b1f
core   0: 3 0x8000e924 (0xe2b1f797) x15 0x62b2d924
core   0: 0x8000e928 (0x00004679) c.li    a2, 30
core   0: 3 0x8000e928 (0x4679) x12 0x0000001e
core   0: 0x8000e92a (0xfe15e9e3) bltu    a1, ra, pc - 14
core   0: 3 0x8000e92a (0xfe15e9e3)
core   0: 0x8000e91c (0x000009bd) c.addi  s3, 15
core   0: 3 0x8000e91c (0x09bd) x19 0x0001941e
core   0: 0x8000e91e (0x3adf4a17) auipc   s4, 0x3adf4
core   0: 3 0x8000e91e (0x3adf4a17) x20 0xbae0291e
core   0: 0x8000e922 (0x00000585) c.addi  a1, 1
core   0: 3 0x8000e922 (0x0585) x11 0x0000000c
core   0: 0x8000e924 (0xe2b1f797) auipc   a5, 0xe2b1f
core   0: 3 0x8000e924 (0xe2b1f797) x15 0x62b2d924
core   0: 0x8000e928 (0x00004679) c.li    a2, 30
core   0: 3 0x8000e928 (0x4679) x12 0x0000001e
core   0: 0x8000e92a (0xfe15e9e3) bltu    a1, ra, pc - 14
core   0: 3 0x8000e92a (0xfe15e9e3)
core   0: 0x8000e91c (0x000009bd) c.addi  s3, 15
core   0: 3 0x8000e91c (0x09bd) x19 0x0001942d
core   0: 0x8000e91e (0x3adf4a17) auipc   s4, 0x3adf4
core   0: 3 0x8000e91e (0x3adf4a17) x20 0xbae0291e
core   0: 0x8000e922 (0x00000585) c.addi  a1, 1
core   0: 3 0x8000e922 (0x0585) x11 0x0000000d
core   0: 0x8000e924 (0xe2b1f797) auipc   a5, 0xe2b1f
core   0: 3 0x8000e924 (0xe2b1f797) x15 0x62b2d924
core   0: 0x8000e928 (0x00004679) c.li    a2, 30
core   0: 3 0x8000e928 (0x4679) x12 0x0000001e
core   0: 0x8000e92a (0xfe15e9e3) bltu    a1, ra, pc - 14
core   0: 3 0x8000e92a (0xfe15e9e3)
core   0: 0x8000e91c (0x000009bd) c.addi  s3, 15
core   0: 3 0x8000e91c (0x09bd) x19 0x0001943c
core   0: 0x8000e91e (0x3adf4a17) auipc   s4, 0x3adf4
core   0: 3 0x8000e91e (0x3adf4a17) x20 0xbae0291e
core   0: 0x8000e922 (0x00000585) c.addi  a1, 1
core   0: 3 0x8000e922 (0x0585) x11 0x0000000e
core   0: 0x8000e924 (0xe2b1f797) auipc   a5, 0xe2b1f
core   0: 3 0x8000e924 (0xe2b1f797) x15 0x62b2d924
core   0: 0x8000e928 (0x00004679) c.li    a2, 30
core   0: 3 0x8000e928 (0x4679) x12 0x0000001e
core   0: 0x8000e92a (0xfe15e9e3) bltu    a1, ra, pc - 14
core   0: 3 0x8000e92a (0xfe15e9e3)
core   0: 0x8000e91c (0x000009bd) c.addi  s3, 15
core   0: 3 0x8000e91c (0x09bd) x19 0x0001944b
core   0: 0x8000e91e (0x3adf4a17) auipc   s4, 0x3adf4
core   0: 3 0x8000e91e (0x3adf4a17) x20 0xbae0291e
core   0: 0x8000e922 (0x00000585) c.addi  a1, 1
core   0: 3 0x8000e922 (0x0585) x11 0x0000000f
core   0: 0x8000e924 (0xe2b1f797) auipc   a5, 0xe2b1f
core   0: 3 0x8000e924 (0xe2b1f797) x15 0x62b2d924
core   0: 0x8000e928 (0x00004679) c.li    a2, 30
core   0: 3 0x8000e928 (0x4679) x12 0x0000001e
core   0: 0x8000e92a (0xfe15e9e3) bltu    a1, ra, pc - 14
core   0: 3 0x8000e92a (0xfe15e9e3)
core   0: 0x8000e91c (0x000009bd) c.addi  s3, 15
core   0: 3 0x8000e91c (0x09bd) x19 0x0001945a
core   0: 0x8000e91e (0x3adf4a17) auipc   s4, 0x3adf4
core   0: 3 0x8000e91e (0x3adf4a17) x20 0xbae0291e
core   0: 0x8000e922 (0x00000585) c.addi  a1, 1
core   0: 3 0x8000e922 (0x0585) x11 0x00000010
core   0: 0x8000e924 (0xe2b1f797) auipc   a5, 0xe2b1f
core   0: 3 0x8000e924 (0xe2b1f797) x15 0x62b2d924
core   0: 0x8000e928 (0x00004679) c.li    a2, 30
core   0: 3 0x8000e928 (0x4679) x12 0x0000001e
core   0: 0x8000e92a (0xfe15e9e3) bltu    a1, ra, pc - 14
core   0: 3 0x8000e92a (0xfe15e9e3)
core   0: 0x8000e92e (0x00e7f633) and     a2, a5, a4
core   0: 3 0x8000e92e (0x00e7f633) x12 0x00001024
core   0: 0x8000e932 (0x0ff0000f) fence   iorw,iorw
core   0: 3 0x8000e932 (0x0ff0000f)
core   0: 0x8000e936 (0x000081c5) c.srli  a1, 17
core   0: 3 0x8000e936 (0x81c5) x11 0x00000000
core   0: 0x8000e938 (0x00006e49) c.lui   t3, 0x12
core   0: 3 0x8000e938 (0x6e49) x28 0x00012000
core   0: 0x8000e93a (0xb9536313) ori     t1, t1, -1131
core   0: 3 0x8000e93a (0xb9536313) x 6 0xfffffb95
core   0: 0x8000e93e (0x00000001) c.nop
core   0: 3 0x8000e93e (0x0001)
core   0: 0x8000e940 (0x0302c3b3) div     t2, t0, a6
core   0: 3 0x8000e940 (0x0302c3b3) x 7 0x00000000
core   0: 0x8000e944 (0x03eb8ab3) mul     s5, s7, t5
core   0: 3 0x8000e944 (0x03eb8ab3) x21 0x89e07000
core   0: 0x8000e948 (0x029c4763) blt     s8, s1, pc + 46
core   0: 3 0x8000e948 (0x029c4763)
core   0: 0x8000e94c (0x02b9e133) rem     sp, s3, a1
core   0: 3 0x8000e94c (0x02b9e133) x 2 0x0001945a
core   0: 0x8000e950 (0x02a60963) beq     a2, a0, pc + 50
core   0: 3 0x8000e950 (0x02a60963)
core   0: 0x8000e954 (0x0114ceb3) xor     t4, s1, a7
core   0: 3 0x8000e954 (0x0114ceb3) x29 0x00034e62
core   0: 0x8000e958 (0x00000001) c.nop
core   0: 3 0x8000e958 (0x0001)
core   0: 0x8000e95a (0x0000100f) fence.i
core   0: 3 0x8000e95a (0x0000100f)
core   0: 0x8000e95e (0x023efb63) bgeu    t4, gp, pc + 54
core   0: 3 0x8000e95e (0x023efb63)
core   0: 0x8000e994 (0x40395b33) sra     s6, s2, gp
core   0: 3 0x8000e994 (0x40395b33) x22 0x00000000
core   0: 0x8000e998 (0xeaab2197) auipc   gp, 0xeaab2
core   0: 3 0x8000e998 (0xeaab2197) x 3 0x6aac0998
core   0: 0x8000e99c (0x00269193) slli    gp, a3, 2
core   0: 3 0x8000e99c (0x00269193) x 3 0xfffbbe44
core   0: 0x8000e9a0 (0x00cd8e63) beq     s11, a2, pc + 28
core   0: 3 0x8000e9a0 (0x00cd8e63)
core   0: 0x8000e9a4 (0x00009b7d) c.andi  a4, -1
core   0: 3 0x8000e9a4 (0x9b7d) x14 0x800112be
core   0: 0x8000e9a6 (0x00c17763) bgeu    sp, a2, pc + 14
core   0: 3 0x8000e9a6 (0x00c17763)
core   0: 0x8000e9b4 (0x40995713) srai    a4, s2, 9
core   0: 3 0x8000e9b4 (0x40995713) x14 0x00000000
core   0: 0x8000e9b8 (0x22386717) auipc   a4, 0x22386
core   0: 3 0x8000e9b8 (0x22386717) x14 0xa23949b8
core   0: 0x8000e9bc (0xe42a4413) xori    s0, s4, -446
core   0: 3 0x8000e9bc (0xe42a4413) x 8 0x451fd75c
core   0: 0x8000e9c0 (0x018776b3) and     a3, a4, s8
core   0: 3 0x8000e9c0 (0x018776b3) x13 0x82300000
core   0: 0x8000e9c4 (0x017e9933) sll     s2, t4, s7
core   0: 3 0x8000e9c4 (0x017e9933) x18 0x00034e62
core   0: 0x8000e9c8 (0xd67d8a13) addi    s4, s11, -665
core   0: 3 0x8000e9c8 (0xd67d8a13) x20 0xfffffd67
core   0: 0x8000e9cc (0x0ff0000f) fence   iorw,iorw
core   0: 3 0x8000e9cc (0x0ff0000f)
core   0: 0x8000e9d0 (0x01e3c933) xor     s2, t2, t5
core   0: 3 0x8000e9d0 (0x01e3c933) x18 0x00000001
core   0: 0x8000e9d4 (0x00d4cd63) blt     s1, a3, pc + 26
core   0: 3 0x8000e9d4 (0x00d4cd63)
core   0: 0x8000e9ee (0x339b2413) slti    s0, s6, 825
core   0: 3 0x8000e9ee (0x339b2413) x 8 0x00000001
core   0: 0x8000e9f2 (0x02f81e63) bne     a6, a5, pc + 60
core   0: 3 0x8000e9f2 (0x02f81e63)
core   0: 0x8000ea2e (0x77c12793) slti    a5, sp, 1916
core   0: 3 0x8000ea2e (0x77c12793) x15 0x00000000
core   0: 0x8000ea32 (0x0144e7b3) or      a5, s1, s4
core   0: 3 0x8000ea32 (0x0144e7b3) x15 0xfffffd7f
core   0: 0x8000ea36 (0x0081ceb3) xor     t4, gp, s0
core   0: 3 0x8000ea36 (0x0081ceb3) x29 0xfffbbe45
core   0: 0x8000ea3a (0x0000834d) c.srli  a4, 19
core   0: 3 0x8000ea3a (0x834d) x14 0x00001447
core   0: 0x8000ea3c (0x022290b3) mulh    ra, t0, sp
core   0: 3 0x8000ea3c (0x022290b3) x 1 0x00000000
core   0: 0x8000ea40 (0x0000837d) c.srli  a4, 31
core   0: 3 0x8000ea40 (0x837d) x14 0x00000000
core   0: 0x8000ea42 (0x22502a93) slti    s5, zero, 549
core   0: 3 0x8000ea42 (0x22502a93) x21 0x00000001
core   0: 0x8000ea46 (0x01e3f963) bgeu    t2, t5, pc + 18
core   0: 3 0x8000ea46 (0x01e3f963)
core   0: 0x8000ea4a (0x00000001) c.nop
core   0: 3 0x8000ea4a (0x0001)
core   0: 0x8000ea4c (0x037fc833) div     a6, t6, s7
core   0: 3 0x8000ea4c (0x037fc833) x16 0x00000001
core   0: 0x8000ea50 (0x021dc333) div     t1, s11, ra
core   0: 3 0x8000ea50 (0x021dc333) x 6 0xffffffff
core   0: 0x8000ea54 (0x01765563) bge     a2, s7, pc + 10
core   0: 3 0x8000ea54 (0x01765563)
core   0: 0x8000ea5e (0x0342f233) remu    tp, t0, s4
core   0: 3 0x8000ea5e (0x0342f233) x 4 0x00000000
core   0: 0x8000ea62 (0x03aece63) blt     t4, s10, pc + 60
core   0: 3 0x8000ea62 (0x03aece63)
core   0: 0x8000ea9e (0x02d5aab3) mulhsu  s5, a1, a3
core   0: 3 0x8000ea9e (0x02d5aab3) x21 0x00000000
core   0: 0x8000eaa2 (0x0000717d) c.addi16sp sp, -16
core   0: 3 0x8000eaa2 (0x717d) x 2 0x0001944a
core   0: 0x8000eaa4 (0x013e9993) slli    s3, t4, 19
core   0: 3 0x8000eaa4 (0x013e9993) x19 0xf2280000
core   0: 0x8000eaa8 (0x6095be13) sltiu   t3, a1, 1545
core   0: 3 0x8000eaa8 (0x6095be13) x28 0x00000001
core   0: 0x8000eaac (0x00008fdd) c.or    a5, a5
core   0: 3 0x8000eaac (0x8fdd) x15 0xfffffd7f
core   0: 0x8000eaae (0x0177f563) bgeu    a5, s7, pc + 10
core   0: 3 0x8000eaae (0x0177f563)
core   0: 0x8000eab8 (0xf7a37813) andi    a6, t1, -134
core   0: 3 0x8000eab8 (0xf7a37813) x16 0xffffff7a
core   0: 0x8000eabc (0x7d2b7413) andi    s0, s6, 2002
core   0: 3 0x8000eabc (0x7d2b7413) x 8 0x00000000
core   0: 0x8000eac0 (0x45828393) addi    t2, t0, 1112
core   0: 3 0x8000eac0 (0x45828393) x 7 0x00000458
core   0: 0x8000eac4 (0x2e6cc637) lui     a2, 0x2e6cc
core   0: 3 0x8000eac4 (0x2e6cc637) x12 0x2e6cc000
core   0: 0x8000eac8 (0x00000001) c.nop
core   0: 3 0x8000eac8 (0x0001)
core   0: 0x8000eaca (0x01a5a1b3) slt     gp, a1, s10
core   0: 3 0x8000eaca (0x01a5a1b3) x 3 0x00000001
core   0: 0x8000eace (0x030680b3) mul     ra, a3, a6
core   0: 3 0x8000eace (0x030680b3) x 1 0xdae00000
core   0: 0x8000ead2 (0x0ff0000f) fence   iorw,iorw
core   0: 3 0x8000ead2 (0x0ff0000f)
core   0: 0x8000ead6 (0x03ec3fb3) mulhu   t6, s8, t5
core   0: 3 0x8000ead6 (0x03ec3fb3) x31 0x00000000
core   0: 0x8000eada (0x01ee3933) sltu    s2, t3, t5
core   0: 3 0x8000eada (0x01ee3933) x18 0x00000000
core   0: 0x8000eade (0x01e4db63) bge     s1, t5, pc + 22
core   0: 3 0x8000eade (0x01e4db63)
core   0: 0x8000eae2 (0x03848563) beq     s1, s8, pc + 42
core   0: 3 0x8000eae2 (0x03848563)
core   0: 0x8000eae6 (0x000083d1) c.srli  a5, 20
core   0: 3 0x8000eae6 (0x83d1) x15 0x00000fff
core   0: 0x8000eae8 (0x0330c4b3) div     s1, ra, s3
core   0: 3 0x8000eae8 (0x0330c4b3) x 9 0x00000002
core   0: 0x8000eaec (0x05a7c163) blt     a5, s10, pc + 66
core   0: 3 0x8000eaec (0x05a7c163)
core   0: 0x8000eaf0 (0x03976c33) rem     s8, a4, s9
core   0: 3 0x8000eaf0 (0x03976c33) x24 0x00000000
core   0: 0x8000eaf4 (0x03411c33) mulh    s8, sp, s4
core   0: 3 0x8000eaf4 (0x03411c33) x24 0xffffffff
core   0: 0x8000eaf8 (0x03f90733) mul     a4, s2, t6
core   0: 3 0x8000eaf8 (0x03f90733) x14 0x00000000
core   0: 0x8000eafc (0x6bebf193) andi    gp, s7, 1726
core   0: 3 0x8000eafc (0x6bebf193) x 3 0x00000000
core   0: 0x8000eb00 (0x407e80b3) sub     ra, t4, t2
core   0: 3 0x8000eb00 (0x407e80b3) x 1 0xfffbb9ed
core   0: 0x8000eb04 (0xf8f0a193) slti    gp, ra, -113
core   0: 3 0x8000eb04 (0xf8f0a193) x 3 0x00000001
core   0: 0x8000eb08 (0x0ff0000f) fence   iorw,iorw
core   0: 3 0x8000eb08 (0x0ff0000f)
core   0: 0x8000eb0c (0x000080a5) c.srli  s1, 9
core   0: 3 0x8000eb0c (0x80a5) x 9 0x00000000
core   0: 0x8000eb0e (0x03feaeb3) mulhsu  t4, t4, t6
core   0: 3 0x8000eb0e (0x03feaeb3) x29 0x00000000
core   0: 0x8000eb12 (0x01d4fbb3) and     s7, s1, t4
core   0: 3 0x8000eb12 (0x01d4fbb3) x23 0x00000000
core   0: 0x8000eb16 (0x02bb9563) bne     s7, a1, pc + 42
core   0: 3 0x8000eb16 (0x02bb9563)
core   0: 0x8000eb1a (0x00237db3) and     s11, t1, sp
core   0: 3 0x8000eb1a (0x00237db3) x27 0x0001944a
core   0: 0x8000eb1e (0x0153ed63) bltu    t2, s5, pc + 26
core   0: 3 0x8000eb1e (0x0153ed63)
core   0: 0x8000eb22 (0x000086a9) c.srai  a3, 10
core   0: 3 0x8000eb22 (0x86a9) x13 0xffe08c00
core   0: 0x8000eb24 (0x00008c85) c.sub   s1, s1
core   0: 3 0x8000eb24 (0x8c85) x 9 0x00000000
core   0: 0x8000eb26 (0x029ed363) bge     t4, s1, pc + 38
core   0: 3 0x8000eb26 (0x029ed363)
core   0: 0x8000eb4c (0x00045933) srl     s2, s0, zero
core   0: 3 0x8000eb4c (0x00045933) x18 0x00000000
core   0: 0x8000eb50 (0x40ac55b3) sra     a1, s8, a0
core   0: 3 0x8000eb50 (0x40ac55b3) x11 0xffffffff
core   0: 0x8000eb54 (0x00679a63) bne     a5, t1, pc + 20
core   0: 3 0x8000eb54 (0x00679a63)
core   0: 0x8000eb68 (0x00000b0e) c.slli  s6, 3
core   0: 3 0x8000eb68 (0x0b0e) x22 0x00000000
core   0: 0x8000eb6a (0x0000717d) c.addi16sp sp, -16
core   0: 3 0x8000eb6a (0x717d) x 2 0x0001943a
core   0: 0x8000eb6c (0x03e68d33) mul     s10, a3, t5
core   0: 3 0x8000eb6c (0x03e68d33) x26 0xffe08c00
core   0: 0x8000eb70 (0x0000100f) fence.i
core   0: 3 0x8000eb70 (0x0000100f)
core   0: 0x8000eb74 (0x038f7c63) bgeu    t5, s8, pc + 56
core   0: 3 0x8000eb74 (0x038f7c63)
core   0: 0x8000eb78 (0x02cacb33) div     s6, s5, a2
core   0: 3 0x8000eb78 (0x02cacb33) x22 0x00000000
core   0: 0x8000eb7c (0x011ce933) or      s2, s9, a7
core   0: 3 0x8000eb7c (0x011ce933) x18 0x8002defc
core   0: 0x8000eb80 (0x00008ee1) c.and   a3, s0
core   0: 3 0x8000eb80 (0x8ee1) x13 0x00000000
core   0: 0x8000eb82 (0x012fa733) slt     a4, t6, s2
core   0: 3 0x8000eb82 (0x012fa733) x14 0x00000000
core   0: 0x8000eb86 (0xd5bdc193) xori    gp, s11, -677
core   0: 3 0x8000eb86 (0xd5bdc193) x 3 0xfffe6911
core   0: 0x8000eb8a (0x00008cfd) c.and   s1, a5
core   0: 3 0x8000eb8a (0x8cfd) x 9 0x00000000
core   0: 0x8000eb8c (0x0146da13) srli    s4, a3, 20
core   0: 3 0x8000eb8c (0x0146da13) x20 0x00000000
core   0: 0x8000eb90 (0x0000100f) fence.i
core   0: 3 0x8000eb90 (0x0000100f)
core   0: 0x8000eb94 (0x22389337) lui     t1, 0x22389
core   0: 3 0x8000eb94 (0x22389337) x 6 0x22389000
core   0: 0x8000eb98 (0x00000156) c.slli  sp, 21
core   0: 3 0x8000eb98 (0x0156) x 2 0x87400000
core   0: 0x8000eb9a (0x01f116b3) sll     a3, sp, t6
core   0: 3 0x8000eb9a (0x01f116b3) x13 0x87400000
core   0: 0x8000eb9e (0x0000100f) fence.i
core   0: 3 0x8000eb9e (0x0000100f)
core   0: 0x8000eba2 (0x00008459) c.srai  s0, 22
core   0: 3 0x8000eba2 (0x8459) x 8 0x00000000
core   0: 0x8000eba4 (0x01274d63) blt     a4, s2, pc + 26
core   0: 3 0x8000eba4 (0x01274d63)
core   0: 0x8000eba8 (0x01bddd63) bge     s11, s11, pc + 26
core   0: 3 0x8000eba8 (0x01bddd63)
core   0: 0x8000ebc2 (0x02093fb3) mulhu   t6, s2, zero
core   0: 3 0x8000ebc2 (0x02093fb3) x31 0x00000000
core   0: 0x8000ebc6 (0x02bb8963) beq     s7, a1, pc + 50
core   0: 3 0x8000ebc6 (0x02bb8963)
core   0: 0x8000ebca (0x006b7e63) bgeu    s6, t1, pc + 28
core   0: 3 0x8000ebca (0x006b7e63)
core   0: 0x8000ebce (0x0000100f) fence.i
core   0: 3 0x8000ebce (0x0000100f)
core   0: 0x8000ebd2 (0x02d06d33) rem     s10, zero, a3
core   0: 3 0x8000ebd2 (0x02d06d33) x26 0x00000000
core   0: 0x8000ebd6 (0x00000001) c.nop
core   0: 3 0x8000ebd6 (0x0001)
core   0: 0x8000ebd8 (0x1539be13) sltiu   t3, s3, 339
core   0: 3 0x8000ebd8 (0x1539be13) x28 0x00000000
core   0: 0x8000ebdc (0x03557e63) bgeu    a0, s5, pc + 60
core   0: 3 0x8000ebdc (0x03557e63)
core   0: 0x8000ec18 (0x14f93b13) sltiu   s6, s2, 335
core   0: 3 0x8000ec18 (0x14f93b13) x22 0x00000000
core   0: 0x8000ec1c (0x024b5263) bge     s6, tp, pc + 36
core   0: 3 0x8000ec1c (0x024b5263)
core   0: 0x8000ec40 (0x0000100f) fence.i
core   0: 3 0x8000ec40 (0x0000100f)
core   0: 0x8000ec44 (0x0000ca05) c.beqz  a2, pc + 48
core   0: 3 0x8000ec44 (0xca05)
core   0: 0x8000ec46 (0x000012fd) c.addi  t0, -1
core   0: 3 0x8000ec46 (0x12fd) x 5 0xffffffff
core   0: 0x8000ec48 (0x03c8cf63) blt     a7, t3, pc + 62
core   0: 3 0x8000ec48 (0x03c8cf63)
core   0: 0x8000ec86 (0x03e0c733) div     a4, ra, t5
core   0: 3 0x8000ec86 (0x03e0c733) x14 0xfffbb9ed
core   0: 0x8000ec8a (0x9cba6093) ori     ra, s4, -1589
core   0: 3 0x8000ec8a (0x9cba6093) x 1 0xfffff9cb
core   0: 0x8000ec8e (0x0104d637) lui     a2, 0x104d
core   0: 3 0x8000ec8e (0x0104d637) x12 0x0104d000
core   0: 0x8000ec92 (0x00008f25) c.xor   a4, s1
core   0: 3 0x8000ec92 (0x8f25) x14 0xfffbb9ed
core   0: 0x8000ec94 (0x000099fd) c.andi  a1, -1
core   0: 3 0x8000ec94 (0x99fd) x11 0xffffffff
core   0: 0x8000ec96 (0x0000069c) c.addi4spn a5, sp, 832
core   0: 3 0x8000ec96 (0x069c) x15 0x87400340
core   0: 0x8000ec98 (0x0000849a) c.mv    s1, t1
core   0: 3 0x8000ec98 (0x849a) x 9 0x22389000
core   0: 0x8000ec9a (0x41a90d33) sub     s10, s2, s10
core   0: 3 0x8000ec9a (0x41a90d33) x26 0x8002defc
core   0: 0x8000ec9e (0x00008f4d) c.or    a4, a1
core   0: 3 0x8000ec9e (0x8f4d) x14 0xffffffff
core   0: 0x8000eca0 (0x6f088a13) addi    s4, a7, 1776
core   0: 3 0x8000eca0 (0x6f088a13) x20 0x8002654c
core   0: 0x8000eca4 (0x012be833) or      a6, s7, s2
core   0: 3 0x8000eca4 (0x012be833) x16 0x8002defc
core   0: 0x8000eca8 (0x01675563) bge     a4, s6, pc + 10
core   0: 3 0x8000eca8 (0x01675563)
core   0: 0x8000ecac (0xb1dc4613) xori    a2, s8, -1251
core   0: 3 0x8000ecac (0xb1dc4613) x12 0x000004e2
core   0: 0x8000ecb0 (0x00008d81) c.sub   a1, s0
core   0: 3 0x8000ecb0 (0x8d81) x11 0xffffffff
core   0: 0x8000ecb2 (0x0371e4b3) rem     s1, gp, s7
core   0: 3 0x8000ecb2 (0x0371e4b3) x 9 0xfffe6911
core   0: 0x8000ecb6 (0x40ac0033) sub     zero, s8, a0
core   0: 3 0x8000ecb6 (0x40ac0033)
core   0: 0x8000ecba (0x020e9ab3) mulh    s5, t4, zero
core   0: 3 0x8000ecba (0x020e9ab3) x21 0x00000000
core   0: 0x8000ecbe (0x02c4fa33) remu    s4, s1, a2
core   0: 3 0x8000ecbe (0x02c4fa33) x20 0x0000026d
core   0: 0x8000ecc2 (0x036173b3) remu    t2, sp, s6
core   0: 3 0x8000ecc2 (0x036173b3) x 7 0x87400000
core   0: 0x8000ecc6 (0x02902a33) mulhsu  s4, zero, s1
core   0: 3 0x8000ecc6 (0x02902a33) x20 0x00000000
core   0: 0x8000ecca (0x00008d99) c.sub   a1, a4
core   0: 3 0x8000ecca (0x8d99) x11 0x00000000
core   0: 0x8000eccc (0x01fb9d63) bne     s7, t6, pc + 26
core   0: 3 0x8000eccc (0x01fb9d63)
core   0: 0x8000ecd0 (0x01231033) sll     zero, t1, s2
core   0: 3 0x8000ecd0 (0x01231033)
core   0: 0x8000ecd4 (0x000064ed) c.lui   s1, 0x1b
core   0: 3 0x8000ecd4 (0x64ed) x 9 0x0001b000
core   0: 0x8000ecd6 (0x00008e09) c.sub   a2, a0
core   0: 3 0x8000ecd6 (0x8e09) x12 0x000004d5
core   0: 0x8000ecd8 (0x01424d33) xor     s10, tp, s4
core   0: 3 0x8000ecd8 (0x01424d33) x26 0x00000000
core   0: 0x8000ecdc (0x00006915) c.lui   s2, 0x5
core   0: 3 0x8000ecdc (0x6915) x18 0x00005000
core   0: 0x8000ecde (0x01aee4b3) or      s1, t4, s10
core   0: 3 0x8000ecde (0x01aee4b3) x 9 0x00000000
core   0: 0x8000ece2 (0x039d4063) blt     s10, s9, pc + 32
core   0: 3 0x8000ece2 (0x039d4063)
core   0: 0x8000ece6 (0x00008ec5) c.or    a3, s1
core   0: 3 0x8000ece6 (0x8ec5) x13 0x87400000
core   0: 0x8000ece8 (0x5cc23313) sltiu   t1, tp, 1484
core   0: 3 0x8000ece8 (0x5cc23313) x 6 0x00000001
core   0: 0x8000ecec (0x03280463) beq     a6, s2, pc + 40
core   0: 3 0x8000ecec (0x03280463)
core   0: 0x8000ecf0 (0x00008045) c.srli  s0, 17
core   0: 3 0x8000ecf0 (0x8045) x 8 0x00000000
core   0: 0x8000ecf2 (0x022d66b3) rem     a3, s10, sp
core   0: 3 0x8000ecf2 (0x022d66b3) x13 0x00000000
core   0: 0x8000ecf6 (0x029a7133) remu    sp, s4, s1
core   0: 3 0x8000ecf6 (0x029a7133) x 2 0x00000000
core   0: 0x8000ecfa (0x0131b233) sltu    tp, gp, s3
core   0: 3 0x8000ecfa (0x0131b233) x 4 0x00000000
core   0: 0x8000ecfe (0x031dbab3) mulhu   s5, s11, a7
core   0: 3 0x8000ecfe (0x031dbab3) x21 0x0000ca28
core   0: 0x8000ed02 (0x0169ebb3) or      s7, s3, s6
core   0: 3 0x8000ed02 (0x0169ebb3) x23 0xf2280000
core   0: 0x8000ed06 (0x00bc4fb3) xor     t6, s8, a1
core   0: 3 0x8000ed06 (0x00bc4fb3) x31 0xffffffff
core   0: 0x8000ed0a (0x25d26193) ori     gp, tp, 605
core   0: 3 0x8000ed0a (0x25d26193) x 3 0x0000025d
core   0: 0x8000ed0e (0x0ff0000f) fence   iorw,iorw
core   0: 3 0x8000ed0e (0x0ff0000f)
core   0: 0x8000ed12 (0x00008e3d) c.xor   a2, a5
core   0: 3 0x8000ed12 (0x8e3d) x12 0x87400795
core   0: 0x8000ed14 (0x00008589) c.srai  a1, 2
core   0: 3 0x8000ed14 (0x8589) x11 0x00000000
core   0: 0x8000ed16 (0x00000001) c.nop
core   0: 3 0x8000ed16 (0x0001)
core   0: 0x8000ed18 (0x00004ab9) c.li    s5, 14
core   0: 3 0x8000ed18 (0x4ab9) x21 0x0000000e
core   0: 0x8000ed1a (0x012f1a13) slli    s4, t5, 18
core   0: 3 0x8000ed1a (0x012f1a13) x20 0x00040000
core   0: 0x8000ed1e (0xc33f2817) auipc   a6, 0xc33f2
core   0: 3 0x8000ed1e (0xc33f2817) x16 0x43400d1e
core   0: 0x8000ed22 (0x00059633) sll     a2, a1, zero
core   0: 3 0x8000ed22 (0x00059633) x12 0x00000000
core   0: 0x8000ed26 (0x411fd213) srai    tp, t6, 17
core   0: 3 0x8000ed26 (0x411fd213) x 4 0xffffffff
core   0: 0x8000ed2a (0x013ffa33) and     s4, t6, s3
core   0: 3 0x8000ed2a (0x013ffa33) x20 0xf2280000
core   0: 0x8000ed2e (0x00000001) c.nop
core   0: 3 0x8000ed2e (0x0001)
core   0: 0x8000ed30 (0x00008f6d) c.and   a4, a1
core   0: 3 0x8000ed30 (0x8f6d) x14 0x00000000
core   0: 0x8000ed32 (0x05264863) blt     a2, s2, pc + 80
core   0: 3 0x8000ed32 (0x05264863)
core   0: 0x8000ed82 (0x0042d933) srl     s2, t0, tp
core   0: 3 0x8000ed82 (0x0042d933) x18 0x00000001
core   0: 0x8000ed86 (0x12d5ed93) ori     s11, a1, 301
core   0: 3 0x8000ed86 (0x12d5ed93) x27 0x0000012d
core   0: 0x8000ed8a (0x0120beb3) sltu    t4, ra, s2
core   0: 3 0x8000ed8a (0x0120beb3) x29 0x00000000
core   0: 0x8000ed8e (0x2866cb93) xori    s7, a3, 646
core   0: 3 0x8000ed8e (0x2866cb93) x23 0x00000286
core   0: 0x8000ed92 (0x011e9f33) sll     t5, t4, a7
core   0: 3 0x8000ed92 (0x011e9f33) x30 0x00000000
core   0: 0x8000ed96 (0x9b69ff93) andi    t6, s3, -1610
core   0: 3 0x8000ed96 (0x9b69ff93) x31 0xf2280000
core   0: 0x8000ed9a (0x0000809d) c.srli  s1, 7
core   0: 3 0x8000ed9a (0x809d) x 9 0x00000000
core   0: 0x8000ed9c (0x41df8633) sub     a2, t6, t4
core   0: 3 0x8000ed9c (0x41df8633) x12 0xf2280000
core   0: 0x8000eda0 (0x011814b3) sll     s1, a6, a7
core   0: 3 0x8000eda0 (0x011814b3) x 9 0xe0000000
core   0: 0x8000eda4 (0x029e90b3) mulh    ra, t4, s1
core   0: 3 0x8000eda4 (0x029e90b3) x 1 0x00000000
core   0: 0x8000eda8 (0x00008091) c.srli  s1, 4
core   0: 3 0x8000eda8 (0x8091) x 9 0x0e000000
core   0: 0x8000edaa (0x01a210b3) sll     ra, tp, s10
core   0: 3 0x8000edaa (0x01a210b3) x 1 0xffffffff
core   0: 0x8000edae (0x00008c8d) c.sub   s1, a1
core   0: 3 0x8000edae (0x8c8d) x 9 0x0e000000
core   0: 0x8000edb0 (0x011546b3) xor     a3, a0, a7
core   0: 3 0x8000edb0 (0x011546b3) x13 0x80025e51
core   0: 0x8000edb4 (0x0056bdb3) sltu    s11, a3, t0
core   0: 3 0x8000edb4 (0x0056bdb3) x27 0x00000001
core   0: 0x8000edb8 (0x03a5a033) mulhsu  zero, a1, s10
core   0: 3 0x8000edb8 (0x03a5a033)
core   0: 0x8000edbc (0x89516017) auipc   zero, 0x89516
core   0: 3 0x8000edbc (0x89516017)
core   0: 0x8000edc0 (0x0337ffb3) remu    t6, a5, s3
core   0: 3 0x8000edc0 (0x0337ffb3) x31 0x87400340
core   0: 0x8000edc4 (0x554ae493) ori     s1, s5, 1364
core   0: 3 0x8000edc4 (0x554ae493) x 9 0x0000055e
core   0: 0x8000edc8 (0x01728d63) beq     t0, s7, pc + 26
core   0: 3 0x8000edc8 (0x01728d63)
core   0: 0x8000edcc (0x00001514) c.addi4spn a3, sp, 672
core   0: 3 0x8000edcc (0x1514) x13 0x000002a0
core   0: 0x8000edce (0x97285697) auipc   a3, 0x97285
core   0: 3 0x8000edce (0x97285697) x13 0x17293dce
core   0: 0x8000edd2 (0x00009d0a) c.add   s10, sp
core   0: 3 0x8000edd2 (0x9d0a) x26 0x00000000
core   0: 0x8000edd4 (0xd72edf37) lui     t5, 0xd72ed
core   0: 3 0x8000edd4 (0xd72edf37) x30 0xd72ed000
core   0: 0x8000edd8 (0x01831e33) sll     t3, t1, s8
core   0: 3 0x8000edd8 (0x01831e33) x28 0x80000000
core   0: 0x8000eddc (0x00008c5d) c.or    s0, a5
core   0: 3 0x8000eddc (0x8c5d) x 8 0x87400340
core   0: 0x8000edde (0x005c91b3) sll     gp, s9, t0
core   0: 3 0x8000edde (0x005c91b3) x 3 0x00000000
core   0: 0x8000ede2 (0x40f08333) sub     t1, ra, a5
core   0: 3 0x8000ede2 (0x40f08333) x 6 0x78bffcbf
core   0: 0x8000ede6 (0x01bf7e33) and     t3, t5, s11
core   0: 3 0x8000ede6 (0x01bf7e33) x28 0x00000000
core   0: 0x8000edea (0x03ed5d33) divu    s10, s10, t5
core   0: 3 0x8000edea (0x03ed5d33) x26 0x00000000
core   0: 0x8000edee (0x0023d033) srl     zero, t2, sp
core   0: 3 0x8000edee (0x0023d033)
core   0: 0x8000edf2 (0x000012fd) c.addi  t0, -1
core   0: 3 0x8000edf2 (0x12fd) x 5 0xfffffffe
core   0: 0x8000edf4 (0x03560bb3) mul     s7, a2, s5
core   0: 3 0x8000edf4 (0x03560bb3) x23 0x3e300000
core   0: 0x8000edf8 (0x09ed9c63) bne     s11, t5, pc + 152
core   0: 3 0x8000edf8 (0x09ed9c63)
core   0: 0x8000ee90 (0x0ff0000f) fence   iorw,iorw
core   0: 3 0x8000ee90 (0x0ff0000f)
core   0: 0x8000ee94 (0x00008371) c.srli  a4, 28
core   0: 3 0x8000ee94 (0x8371) x14 0x00000000
core   0: 0x8000ee96 (0x00008ecd) c.or    a3, a1
core   0: 3 0x8000ee96 (0x8ecd) x13 0x17293dce
core   0: 0x8000ee98 (0x00000001) c.nop
core   0: 3 0x8000ee98 (0x0001)
core   0: 0x8000ee9a (0x41345e33) sra     t3, s0, s3
core   0: 3 0x8000ee9a (0x41345e33) x28 0x87400340
core   0: 0x8000ee9e (0x415389b3) sub     s3, t2, s5
core   0: 3 0x8000ee9e (0x415389b3) x19 0x873ffff2
core   0: 0x8000eea2 (0x02e13033) mulhu   zero, sp, a4
core   0: 3 0x8000eea2 (0x02e13033)
core   0: 0x8000eea6 (0x4177d133) sra     sp, a5, s7
core   0: 3 0x8000eea6 (0x4177d133) x 2 0x87400340
core   0: 0x8000eeaa (0x0000100f) fence.i
core   0: 3 0x8000eeaa (0x0000100f)
core   0: 0x8000eeae (0x037a7e33) remu    t3, s4, s7
core   0: 3 0x8000eeae (0x037a7e33) x28 0x37980000
core   0: 0x8000eeb2 (0x00008fbe) c.mv    t6, a5
core   0: 3 0x8000eeb2 (0x8fbe) x31 0x87400340
core   0: 0x8000eeb4 (0xf3bca913) slti    s2, s9, -197
core   0: 3 0x8000eeb4 (0xf3bca913) x18 0x00000001
core   0: 0x8000eeb8 (0x00000001) c.nop
core   0: 3 0x8000eeb8 (0x0001)
core   0: 0x8000eeba (0x03255933) divu    s2, a0, s2
core   0: 3 0x8000eeba (0x03255933) x18 0x0000000d
core   0: 0x8000eebe (0x03efe433) rem     s0, t6, t5
core   0: 3 0x8000eebe (0x03efe433) x 8 0xd8e26340
core   0: 0x8000eec2 (0x00a4e263) bltu    s1, a0, pc + 4
core   0: 3 0x8000eec2 (0x00a4e263)
core   0: 0x8000eec6 (0x9a9e6f13) ori     t5, t3, -1623
core   0: 3 0x8000eec6 (0x9a9e6f13) x30 0xfffff9a9
core   0: 0x8000eeca (0x00000001) c.nop
core   0: 3 0x8000eeca (0x0001)
core   0: 0x8000eecc (0x0000008c) c.addi4spn a1, sp, 64
core   0: 3 0x8000eecc (0x008c) x11 0x87400380
core   0: 0x8000eece (0x02270963) beq     a4, sp, pc + 50
core   0: 3 0x8000eece (0x02270963)
core   0: 0x8000eed2 (0xc67a2813) slti    a6, s4, -921
core   0: 3 0x8000eed2 (0xc67a2813) x16 0x00000001
core   0: 0x8000eed6 (0x43b1ba93) sltiu   s5, gp, 1083
core   0: 3 0x8000eed6 (0x43b1ba93) x21 0x00000001
core   0: 0x8000eeda (0x419a5d13) srai    s10, s4, 25
core   0: 3 0x8000eeda (0x419a5d13) x26 0xfffffff9
core   0: 0x8000eede (0x0ff0000f) fence   iorw,iorw
core   0: 3 0x8000eede (0x0ff0000f)
core   0: 0x8000eee2 (0x00008e05) c.sub   a2, s1
core   0: 3 0x8000eee2 (0x8e05) x12 0xf227faa2
core   0: 0x8000eee4 (0x41170033) sub     zero, a4, a7
core   0: 3 0x8000eee4 (0x41170033)
core   0: 0x8000eee8 (0x00008ea1) c.xor   a3, s0
core   0: 3 0x8000eee8 (0x8ea1) x13 0xcfcb5e8e
core   0: 0x8000eeea (0x4093d813) srai    a6, t2, 9
core   0: 3 0x8000eeea (0x4093d813) x16 0xffc3a000
core   0: 0x8000eeee (0x6f05ae13) slti    t3, a1, 1776
core   0: 3 0x8000eeee (0x6f05ae13) x28 0x00000001
core   0: 0x8000eef2 (0x00a450b3) srl     ra, s0, a0
core   0: 3 0x8000eef2 (0x00a450b3) x 1 0x0006c713
core   0: 0x8000eef6 (0xbbb0cf97) auipc   t6, 0xbbb0c
core   0: 3 0x8000eef6 (0xbbb0cf97) x31 0x3bb1aef6
core   0: 0x8000eefa (0x00006e6d) c.lui   t3, 0x1b
core   0: 3 0x8000eefa (0x6e6d) x28 0x0001b000
core   0: 0x8000eefc (0x01f4f663) bgeu    s1, t6, pc + 12
core   0: 3 0x8000eefc (0x01f4f663)
core   0: 0x8000ef00 (0x0092c2b3) xor     t0, t0, s1
core   0: 3 0x8000ef00 (0x0092c2b3) x 5 0xfffffaa0
core   0: 0x8000ef04 (0x01bd5493) srli    s1, s10, 27
core   0: 3 0x8000ef04 (0x01bd5493) x 9 0x0000001f
core   0: 0x8000ef08 (0x00006185) c.lui   gp, 0x1
core   0: 3 0x8000ef08 (0x6185) x 3 0x00001000
core   0: 0x8000ef0a (0x403ed193) srai    gp, t4, 3
core   0: 3 0x8000ef0a (0x403ed193) x 3 0x00000000
core   0: 0x8000ef0e (0x00008fd5) c.or    a5, a3
core   0: 3 0x8000ef0e (0x8fd5) x15 0xcfcb5fce
core   0: 0x8000ef10 (0x0380ddb3) divu    s11, ra, s8
core   0: 3 0x8000ef10 (0x0380ddb3) x27 0x00000000
core   0: 0x8000ef14 (0x00d20d63) beq     tp, a3, pc + 26
core   0: 3 0x8000ef14 (0x00d20d63)
core   0: 0x8000ef18 (0x277f6a13) ori     s4, t5, 631
core   0: 3 0x8000ef18 (0x277f6a13) x20 0xfffffbff
core   0: 0x8000ef1c (0x00004765) c.li    a4, 25
core   0: 3 0x8000ef1c (0x4765) x14 0x00000019
core   0: 0x8000ef1e (0x00009ac2) c.add   s5, a6
core   0: 3 0x8000ef1e (0x9ac2) x21 0xffc3a001
core   0: 0x8000ef20 (0x010cbd33) sltu    s10, s9, a6
core   0: 3 0x8000ef20 (0x010cbd33) x26 0x00000001
core   0: 0x8000ef24 (0x000083b1) c.srli  a5, 12
core   0: 3 0x8000ef24 (0x83b1) x15 0x000cfcb5
core   0: 0x8000ef26 (0x009f9d63) bne     t6, s1, pc + 26
core   0: 3 0x8000ef26 (0x009f9d63)
core   0: 0x8000ef40 (0x00000001) c.nop
core   0: 3 0x8000ef40 (0x0001)
core   0: 0x8000ef42 (0x022f65b3) rem     a1, t5, sp
core   0: 3 0x8000ef42 (0x022f65b3) x11 0xfffff9a9
core   0: 0x8000ef46 (0xd10ea293) slti    t0, t4, -752
core   0: 3 0x8000ef46 (0xd10ea293) x 5 0x00000000
core   0: 0x8000ef4a (0x00005b7d) c.li    s6, -1
core   0: 3 0x8000ef4a (0x5b7d) x22 0xffffffff
core   0: 0x8000ef4c (0x000063d9) c.lui   t2, 0x16
core   0: 3 0x8000ef4c (0x63d9) x 7 0x00016000
core   0: 0x8000ef4e (0x00000b10) c.addi4spn a2, sp, 400
core   0: 3 0x8000ef4e (0x0b10) x12 0x874004d0
core   0: 0x8000ef50 (0x00008dd9) c.or    a1, a4
core   0: 3 0x8000ef50 (0x8dd9) x11 0xfffff9b9
core   0: 0x8000ef52 (0xc9bf2193) slti    gp, t5, -869
core   0: 3 0x8000ef52 (0xc9bf2193) x 3 0x00000001
core   0: 0x8000ef56 (0x034220b3) mulhsu  ra, tp, s4
core   0: 3 0x8000ef56 (0x034220b3) x 1 0xffffffff
core   0: 0x8000ef5a (0x00000001) c.nop
core   0: 3 0x8000ef5a (0x0001)
core   0: 0x8000ef5c (0xf00e7037) lui     zero, 0xf00e7
core   0: 3 0x8000ef5c (0xf00e7037)
core   0: 0x8000ef60 (0xb01be813) ori     a6, s7, -1279
core   0: 3 0x8000ef60 (0xb01be813) x16 0xfffffb01
core   0: 0x8000ef64 (0x00004905) c.li    s2, 1
core   0: 3 0x8000ef64 (0x4905) x18 0x00000001
core   0: 0x8000ef66 (0x009323b3) slt     t2, t1, s1
core   0: 3 0x8000ef66 (0x009323b3) x 7 0x00000000
core   0: 0x8000ef6a (0x01b3cb33) xor     s6, t2, s11
core   0: 3 0x8000ef6a (0x01b3cb33) x22 0x00000000
core   0: 0x8000ef6e (0x01848b63) beq     s1, s8, pc + 22
core   0: 3 0x8000ef6e (0x01848b63)
core   0: 0x8000ef72 (0x017201b3) add     gp, tp, s7
core   0: 3 0x8000ef72 (0x017201b3) x 3 0x3e2fffff
core   0: 0x8000ef76 (0xd88b3f93) sltiu   t6, s6, -632
core   0: 3 0x8000ef76 (0xd88b3f93) x31 0x00000001
core   0: 0x8000ef7a (0x00000084) c.addi4spn s1, sp, 64
core   0: 3 0x8000ef7a (0x0084) x 9 0x87400380
core   0: 0x8000ef7c (0x03acd463) bge     s9, s10, pc + 40
core   0: 3 0x8000ef7c (0x03acd463)
core   0: 0x8000ef80 (0x000043a5) c.li    t2, 9
core   0: 3 0x8000ef80 (0x43a5) x 7 0x00000009
core   0: 0x8000ef82 (0x0000810a) c.mv    sp, sp
core   0: 3 0x8000ef82 (0x810a) x 2 0x87400340
core   0: 0x8000ef84 (0x02b32733) mulhsu  a4, t1, a1
core   0: 3 0x8000ef84 (0x02b32733) x14 0x78bff9c9
core   0: 0x8000ef88 (0x00000001) c.nop
core   0: 3 0x8000ef88 (0x0001)
core   0: 0x8000ef8a (0x0000871e) c.mv    a4, t2
core   0: 3 0x8000ef8a (0x871e) x14 0x00000009
core   0: 0x8000ef8c (0x00768eb3) add     t4, a3, t2
core   0: 3 0x8000ef8c (0x00768eb3) x29 0xcfcb5e97
core   0: 0x8000ef90 (0x0291dc33) divu    s8, gp, s1
core   0: 3 0x8000ef90 (0x0291dc33) x24 0x00000000
core   0: 0x8000ef94 (0x006fd863) bge     t6, t1, pc + 16
core   0: 3 0x8000ef94 (0x006fd863)
core   0: 0x8000ef98 (0x0000e711) c.bnez  a4, pc + 12
core   0: 3 0x8000ef98 (0xe711)
core   0: 0x8000efa4 (0x03ae20b3) mulhsu  ra, t3, s10
core   0: 3 0x8000efa4 (0x03ae20b3) x 1 0x00000000
core   0: 0x8000efa8 (0x00000001) c.nop
core   0: 3 0x8000efa8 (0x0001)
core   0: 0x8000efaa (0x7668f013) andi    zero, a7, 1894
core   0: 3 0x8000efaa (0x7668f013)
core   0: 0x8000efae (0x0048a603) lw      a2, 4(a7)
core   0: 3 0x8000efae (0x0048a603) x12 0x80006fee mem 0x80025e60
core   0: 0x8000efb2 (0x000008a1) c.addi  a7, 8
core   0: 3 0x8000efb2 (0x08a1) x17 0x80025e64
core   0: 0x8000efb4 (0x0000161c) c.addi4spn a5, sp, 800
core   0: 3 0x8000efb4 (0x161c) x15 0x87400660
core   0: 0x8000efb6 (0x00008c41) c.or    s0, s0
core   0: 3 0x8000efb6 (0x8c41) x 8 0xd8e26340
core   0: 0x8000efb8 (0x00060713) mv      a4, a2
core   0: 3 0x8000efb8 (0x00060713) x14 0x80006fee
core   0: 0x8000efbc (0x00009702) c.jalr  a4
core   0: 3 0x8000efbc (0x9702) x 1 0x8000efbe
core   0: 0x80006fee (0x00000f80) c.addi4spn s0, sp, 976
core   0: 3 0x80006fee (0x0f80) x 8 0x87400710
core   0: 0x80006ff0 (0x8c9ca313) slti    t1, s9, -1847
core   0: 3 0x80006ff0 (0x8c9ca313) x 6 0x00000001
core   0: 0x80006ff4 (0x0083f033) and     zero, t2, s0
core   0: 3 0x80006ff4 (0x0083f033)
core   0: 0x80006ff8 (0x02b2f463) bgeu    t0, a1, pc + 40
core   0: 3 0x80006ff8 (0x02b2f463)
core   0: 0x80006ffc (0xbc5aac13) slti    s8, s5, -1083
core   0: 3 0x80006ffc (0xbc5aac13) x24 0x00000001
core   0: 0x80007000 (0x7fadb993) sltiu   s3, s11, 2042
core   0: 3 0x80007000 (0x7fadb993) x19 0x00000001
core   0: 0x80007004 (0x57b75737) lui     a4, 0x57b75
core   0: 3 0x80007004 (0x57b75737) x14 0x57b75000
core   0: 0x80007008 (0x01570263) beq     a4, s5, pc + 4
core   0: 3 0x80007008 (0x01570263)
core   0: 0x8000700c (0x00006109) c.addi16sp sp, 128
core   0: 3 0x8000700c (0x6109) x 2 0x874003c0
core   0: 0x8000700e (0x0ff0000f) fence   iorw,iorw
core   0: 3 0x8000700e (0x0ff0000f)
core   0: 0x80007012 (0x03a5f3b3) remu    t2, a1, s10
core   0: 3 0x80007012 (0x03a5f3b3) x 7 0x00000000
core   0: 0x80007016 (0x00006739) c.lui   a4, 0xe
core   0: 3 0x80007016 (0x6739) x14 0x0000e000
core   0: 0x80007018 (0x05ace693) ori     a3, s9, 90
core   0: 3 0x80007018 (0x05ace693) x13 0x80029cfe
core   0: 0x8000701c (0x21b9f713) andi    a4, s3, 539
core   0: 3 0x8000701c (0x21b9f713) x14 0x00000001
core   0: 0x80007020 (0x0000527d) c.li    tp, -1
core   0: 3 0x80007020 (0x527d) x 4 0xffffffff
core   0: 0x80007022 (0x0044a133) slt     sp, s1, tp
core   0: 3 0x80007022 (0x0044a133) x 2 0x00000001
core   0: 0x80007026 (0x0000612d) c.addi16sp sp, 224
core   0: 3 0x80007026 (0x612d) x 2 0x000000e1
core   0: 0x80007028 (0x0018d613) srli    a2, a7, 1
core   0: 3 0x80007028 (0x0018d613) x12 0x40012f32
core   0: 0x8000702c (0x00000f8c) c.addi4spn a1, sp, 976
core   0: 3 0x8000702c (0x0f8c) x11 0x000004b1
core   0: 0x8000702e (0x00001598) c.addi4spn a4, sp, 736
core   0: 3 0x8000702e (0x1598) x14 0x000003c1
core   0: 0x80007030 (0x40a25b33) sra     s6, tp, a0
core   0: 3 0x80007030 (0x40a25b33) x22 0xffffffff
core   0: 0x80007034 (0x017a2633) slt     a2, s4, s7
core   0: 3 0x80007034 (0x017a2633) x12 0x00000001
core   0: 0x80007038 (0x00008c01) c.sub   s0, s0
core   0: 3 0x80007038 (0x8c01) x 8 0x00000000
core   0: 0x8000703a (0x41b88a33) sub     s4, a7, s11
core   0: 3 0x8000703a (0x41b88a33) x20 0x80025e64
core   0: 0x8000703e (0x000080fd) c.srli  s1, 31
core   0: 3 0x8000703e (0x80fd) x 9 0x00000001
core   0: 0x80007040 (0x00008e89) c.sub   a3, a0
core   0: 3 0x80007040 (0x8e89) x13 0x80029cf1
core   0: 0x80007042 (0x00055493) srli    s1, a0, 0
core   0: 3 0x80007042 (0x00055493) x 9 0x0000000d
core   0: 0x80007046 (0x3f130b93) addi    s7, t1, 1009
core   0: 3 0x80007046 (0x3f130b93) x23 0x000003f2
core   0: 0x8000704a (0x00625d63) bge     tp, t1, pc + 26
core   0: 3 0x8000704a (0x00625d63)
core   0: 0x8000704e (0x03efc6b3) div     a3, t6, t5
core   0: 3 0x8000704e (0x03efc6b3) x13 0x00000000
core   0: 0x80007052 (0x00000001) c.nop
core   0: 3 0x80007052 (0x0001)
core   0: 0x80007054 (0x00a99793) slli    a5, s3, 10
core   0: 3 0x80007054 (0x00a99793) x15 0x00000400
core   0: 0x80007058 (0x039b15b3) mulh    a1, s6, s9
core   0: 3 0x80007058 (0x039b15b3) x11 0x00000000
core   0: 0x8000705c (0x00a65133) srl     sp, a2, a0
core   0: 3 0x8000705c (0x00a65133) x 2 0x00000000
core   0: 0x80007060 (0x00d2ea33) or      s4, t0, a3
core   0: 3 0x80007060 (0x00d2ea33) x20 0x00000000
core   0: 0x80007064 (0x03ac7e33) remu    t3, s8, s10
core   0: 3 0x80007064 (0x03ac7e33) x28 0x00000000
core   0: 0x80007068 (0x00008e59) c.or    a2, a4
core   0: 3 0x80007068 (0x8e59) x12 0x000003c1
core   0: 0x8000706a (0x00008b89) c.andi  a5, 2
core   0: 3 0x8000706a (0x8b89) x15 0x00000000
core   0: 0x8000706c (0x21c56a97) auipc   s5, 0x21c56
core   0: 3 0x8000706c (0x21c56a97) x21 0xa1c5d06c
core   0: 0x80007070 (0x00290e33) add     t3, s2, sp
core   0: 3 0x80007070 (0x00290e33) x28 0x00000001
core   0: 0x80007074 (0x0000717d) c.addi16sp sp, -16
core   0: 3 0x80007074 (0x717d) x 2 0xfffffff0
core   0: 0x80007076 (0x01f99f13) slli    t5, s3, 31
core   0: 3 0x80007076 (0x01f99f13) x30 0x80000000
core   0: 0x8000707a (0x01153233) sltu    tp, a0, a7
core   0: 3 0x8000707a (0x01153233) x 4 0x00000001
core   0: 0x8000707e (0x00009096) c.add   ra, t0
core   0: 3 0x8000707e (0x9096) x 1 0x8000efbe
core   0: 0x80007080 (0x017be3b3) or      t2, s7, s7
core   0: 3 0x80007080 (0x017be3b3) x 7 0x000003f2
core   0: 0x80007084 (0x03ca04b3) mul     s1, s4, t3
core   0: 3 0x80007084 (0x03ca04b3) x 9 0x00000000
core   0: 0x80007088 (0x00000001) c.nop
core   0: 3 0x80007088 (0x0001)
core   0: 0x8000708a (0x02f9e2b3) rem     t0, s3, a5
core   0: 3 0x8000708a (0x02f9e2b3) x 5 0x00000001
core   0: 0x8000708e (0x00179b33) sll     s6, a5, ra
core   0: 3 0x8000708e (0x00179b33) x22 0x00000000
core   0: 0x80007092 (0x00008459) c.srai  s0, 22
core   0: 3 0x80007092 (0x8459) x 8 0x00000000
core   0: 0x80007094 (0x00000001) c.nop
core   0: 3 0x80007094 (0x0001)
core   0: 0x80007096 (0x01d2d413) srli    s0, t0, 29
core   0: 3 0x80007096 (0x01d2d413) x 8 0x00000000
core   0: 0x8000709a (0x00008c51) c.or    s0, a2
core   0: 3 0x8000709a (0x8c51) x 8 0x000003c1
core   0: 0x8000709c (0x0ff0000f) fence   iorw,iorw
core   0: 3 0x8000709c (0x0ff0000f)
core   0: 0x800070a0 (0x000007aa) c.slli  a5, 10
core   0: 3 0x800070a0 (0x07aa) x15 0x00000000
core   0: 0x800070a2 (0x6414c013) xori    zero, s1, 1601
core   0: 3 0x800070a2 (0x6414c013)
core   0: 0x800070a6 (0xa0367bb7) lui     s7, 0xa0367
core   0: 3 0x800070a6 (0xa0367bb7) x23 0xa0367000
core   0: 0x800070aa (0x00008472) c.mv    s0, t3
core   0: 3 0x800070aa (0x8472) x 8 0x00000001
core   0: 0x800070ac (0x00004c49) c.li    s8, 18
core   0: 3 0x800070ac (0x4c49) x24 0x00000012
core   0: 0x800070ae (0x03e51d63) bne     a0, t5, pc + 58
core   0: 3 0x800070ae (0x03e51d63)
core   0: 0x800070e8 (0x00008351) c.srli  a4, 20
core   0: 3 0x800070e8 (0x8351) x14 0x00000000
core   0: 0x800070ea (0x00001304) c.addi4spn s1, sp, 416
core   0: 3 0x800070ea (0x1304) x 9 0x00000190
core   0: 0x800070ec (0x5a984a13) xori    s4, a6, 1449
core   0: 3 0x800070ec (0x5a984a13) x20 0xfffffea8
core   0: 0x800070f0 (0x010b8433) add     s0, s7, a6
core   0: 3 0x800070f0 (0x010b8433) x 8 0xa0366b01
core   0: 0x800070f4 (0x0000c1a1) c.beqz  a1, pc + 64
core   0: 3 0x800070f4 (0xc1a1)
core   0: 0x80007134 (0x00a54d63) blt     a0, a0, pc + 26
core   0: 3 0x80007134 (0x00a54d63)
core   0: 0x80007138 (0x4000d093) srai    ra, ra, 0
core   0: 3 0x80007138 (0x4000d093) x 1 0x8000efbe
core   0: 0x8000713c (0x00009ace) c.add   s5, s3
core   0: 3 0x8000713c (0x9ace) x21 0xa1c5d06d
core   0: 0x8000713e (0x01aac9b3) xor     s3, s5, s10
core   0: 3 0x8000713e (0x01aac9b3) x19 0xa1c5d06c
core   0: 0x80007142 (0x00000a7a) c.slli  s4, 30
core   0: 3 0x80007142 (0x0a7a) x20 0x00000000
core   0: 0x80007144 (0x59aab593) sltiu   a1, s5, 1434
core   0: 3 0x80007144 (0x59aab593) x11 0x00000000
core   0: 0x80007148 (0x00009bd2) c.add   s7, s4
core   0: 3 0x80007148 (0x9bd2) x23 0xa0367000
core   0: 0x8000714a (0x002ade33) srl     t3, s5, sp
core   0: 3 0x8000714a (0x002ade33) x28 0x0000a1c5
core   0: 0x8000714e (0x0000111c) c.addi4spn a5, sp, 160
core   0: 3 0x8000714e (0x111c) x15 0x00000090
core   0: 0x80007150 (0x00009a7d) c.andi  a2, -1
core   0: 3 0x80007150 (0x9a7d) x12 0x000003c1
core   0: 0x80007152 (0x000087c5) c.srai  a5, 17
core   0: 3 0x80007152 (0x87c5) x15 0x00000000
core   0: 0x80007154 (0x00009292) c.add   t0, tp
core   0: 3 0x80007154 (0x9292) x 5 0x00000002
core   0: 0x80007156 (0x000004b2) c.slli  s1, 12
core   0: 3 0x80007156 (0x04b2) x 9 0x00190000
core   0: 0x80007158 (0x0000100f) fence.i
core   0: 3 0x80007158 (0x0000100f)
core   0: 0x8000715c (0x03d3fdb3) remu    s11, t2, t4
core   0: 3 0x8000715c (0x03d3fdb3) x27 0x000003f2
core   0: 0x80007160 (0x01bcfc33) and     s8, s9, s11
core   0: 3 0x80007160 (0x01bcfc33) x24 0x000000e0
core   0: 0x80007164 (0x49810613) addi    a2, sp, 1176
core   0: 3 0x80007164 (0x49810613) x12 0x00000488
core   0: 0x80007168 (0x0118b3b3) sltu    t2, a7, a7
core   0: 3 0x80007168 (0x0118b3b3) x 7 0x00000000
core   0: 0x8000716c (0x000087cd) c.srai  a5, 19
core   0: 3 0x8000716c (0x87cd) x15 0x00000000
core   0: 0x8000716e (0x031a15b3) mulh    a1, s4, a7
core   0: 3 0x8000716e (0x031a15b3) x11 0x00000000
core   0: 0x80007172 (0x24884213) xori    tp, a6, 584
core   0: 3 0x80007172 (0x24884213) x 4 0xfffff949
core   0: 0x80007176 (0x00000631) c.addi  a2, 12
core   0: 3 0x80007176 (0x0631) x12 0x00000494
core   0: 0x80007178 (0x02caa633) mulhsu  a2, s5, a2
core   0: 3 0x80007178 (0x02caa633) x12 0xfffffe50
core   0: 0x8000717c (0x0042fe33) and     t3, t0, tp
core   0: 3 0x8000717c (0x0042fe33) x28 0x00000000
core   0: 0x80007180 (0x00008c6d) c.and   s0, a1
core   0: 3 0x80007180 (0x8c6d) x 8 0x00000000
core   0: 0x80007182 (0x85dda217) auipc   tp, 0x85dda
core   0: 3 0x80007182 (0x85dda217) x 4 0x05de1182
core   0: 0x80007186 (0x00f96bb3) or      s7, s2, a5
core   0: 3 0x80007186 (0x00f96bb3) x23 0x00000001
core   0: 0x8000718a (0x000052fd) c.li    t0, -1
core   0: 3 0x8000718a (0x52fd) x 5 0xffffffff
core   0: 0x8000718c (0x000b1863) bnez    s6, pc + 16
core   0: 3 0x8000718c (0x000b1863)
core   0: 0x80007190 (0x008b43b3) xor     t2, s6, s0
core   0: 3 0x80007190 (0x008b43b3) x 7 0x00000000
core   0: 0x80007194 (0x80b74d93) xori    s11, a4, -2037
core   0: 3 0x80007194 (0x80b74d93) x27 0xfffff80b
core   0: 0x80007198 (0x01868ab3) add     s5, a3, s8
core   0: 3 0x80007198 (0x01868ab3) x21 0x000000e0
core   0: 0x8000719c (0x000006ca) c.slli  a3, 18
core   0: 3 0x8000719c (0x06ca) x13 0x00000000
core   0: 0x8000719e (0x03fe67b3) rem     a5, t3, t6
core   0: 3 0x8000719e (0x03fe67b3) x15 0x00000000
core   0: 0x800071a2 (0x011eed33) or      s10, t4, a7
core   0: 3 0x800071a2 (0x011eed33) x26 0xcfcb5ef7
core   0: 0x800071a6 (0x00000c71) c.addi  s8, 28
core   0: 3 0x800071a6 (0x0c71) x24 0x000000fc
core   0: 0x800071a8 (0x015d5413) srli    s0, s10, 21
core   0: 3 0x800071a8 (0x015d5413) x 8 0x0000067e
core   0: 0x800071ac (0x00e8dd13) srli    s10, a7, 14
core   0: 3 0x800071ac (0x00e8dd13) x26 0x00020009
core   0: 0x800071b0 (0x58e40297) auipc   t0, 0x58e40
core   0: 3 0x800071b0 (0x58e40297) x 5 0xd8e471b0
core   0: 0x800071b4 (0x8f4e6f13) ori     t5, t3, -1804
core   0: 3 0x800071b4 (0x8f4e6f13) x30 0xfffff8f4
core   0: 0x800071b8 (0x40525213) srai    tp, tp, 5
core   0: 3 0x800071b8 (0x40525213) x 4 0x002ef08c
core   0: 0x800071bc (0x00008e2d) c.xor   a2, a1
core   0: 3 0x800071bc (0x8e2d) x12 0xfffffe50
core   0: 0x800071be (0x000080e2) c.mv    ra, s8
core   0: 3 0x800071be (0x80e2) x 1 0x000000fc
core   0: 0x800071c0 (0x5c36a993) slti    s3, a3, 1475
core   0: 3 0x800071c0 (0x5c36a993) x19 0x00000001
core   0: 0x800071c4 (0x00d39e63) bne     t2, a3, pc + 28
core   0: 3 0x800071c4 (0x00d39e63)
core   0: 0x800071c8 (0x0000877d) c.srai  a4, 31
core   0: 3 0x800071c8 (0x877d) x14 0x00000000
core   0: 0x800071ca (0x02c130b3) mulhu   ra, sp, a2
core   0: 3 0x800071ca (0x02c130b3) x 1 0xfffffe40
core   0: 0x800071ce (0x02c03733) mulhu   a4, zero, a2
core   0: 3 0x800071ce (0x02c03733) x14 0x00000000
core   0: 0x800071d2 (0x00008321) c.srli  a4, 8
core   0: 3 0x800071d2 (0x8321) x14 0x00000000
core   0: 0x800071d4 (0x01fcc733) xor     a4, s9, t6
core   0: 3 0x800071d4 (0x01fcc733) x14 0x80029ce5
core   0: 0x800071d8 (0x02cd0a63) beq     s10, a2, pc + 52
core   0: 3 0x800071d8 (0x02cd0a63)
core   0: 0x800071dc (0x00006c25) c.lui   s8, 0x9
core   0: 3 0x800071dc (0x6c25) x24 0x00009000
core   0: 0x800071de (0x000046f9) c.li    a3, 30
core   0: 3 0x800071de (0x46f9) x13 0x0000001e
core   0: 0x800071e0 (0x34458113) addi    sp, a1, 836
core   0: 3 0x800071e0 (0x34458113) x 2 0x00000344
core   0: 0x800071e4 (0x0000e595) c.bnez  a1, pc + 44
core   0: 3 0x800071e4 (0xe595)
core   0: 0x800071e6 (0x0136fd17) auipc   s10, 0x136f
core   0: 3 0x800071e6 (0x0136fd17) x26 0x813761e6
core   0: 0x800071ea (0x037a1e33) mulh    t3, s4, s7
core   0: 3 0x800071ea (0x037a1e33) x28 0x00000000
core   0: 0x800071ee (0x00a9f933) and     s2, s3, a0
core   0: 3 0x800071ee (0x00a9f933) x18 0x00000001
core   0: 0x800071f2 (0x00004e39) c.li    t3, 14
core   0: 3 0x800071f2 (0x4e39) x28 0x0000000e
core   0: 0x800071f4 (0x0000617d) c.addi16sp sp, 496
core   0: 3 0x800071f4 (0x617d) x 2 0x00000534
core   0: 0x800071f6 (0x12a1ff93) andi    t6, gp, 298
core   0: 3 0x800071f6 (0x12a1ff93) x31 0x0000012a
core   0: 0x800071fa (0x10ccf813) andi    a6, s9, 268
core   0: 3 0x800071fa (0x10ccf813) x16 0x00000004
core   0: 0x800071fe (0xf6d3bc13) sltiu   s8, t2, -147
core   0: 3 0x800071fe (0xf6d3bc13) x24 0x00000001
core   0: 0x80007202 (0xc26bbbb7) lui     s7, 0xc26bb
core   0: 3 0x80007202 (0xc26bbbb7) x23 0xc26bb000
core   0: 0x80007206 (0x87d73a13) sltiu   s4, a4, -1923
core   0: 3 0x80007206 (0x87d73a13) x20 0x00000001
core   0: 0x8000720a (0x00000001) c.nop
core   0: 3 0x8000720a (0x0001)
core   0: 0x8000720c (0x0000613d) c.addi16sp sp, 480
core   0: 3 0x8000720c (0x613d) x 2 0x00000714
core   0: 0x8000720e (0x0000717d) c.addi16sp sp, -16
core   0: 3 0x8000720e (0x717d) x 2 0x00000704
core   0: 0x80007210 (0x00008c31) c.xor   s0, a2
core   0: 3 0x80007210 (0x8c31) x 8 0xfffff82e
core   0: 0x80007212 (0x00009316) c.add   t1, t0
core   0: 3 0x80007212 (0x9316) x 6 0xd8e471b1
core   0: 0x80007214 (0x10215263) bge     sp, sp, pc + 260
core   0: 3 0x80007214 (0x10215263)
core   0: 0x80007318 (0x49378713) addi    a4, a5, 1171
core   0: 3 0x80007318 (0x49378713) x14 0x00000493
core   0: 0x8000731c (0x94ecab17) auipc   s6, 0x94eca
core   0: 3 0x8000731c (0x94ecab17) x22 0x14ed131c
core   0: 0x80007320 (0x000050fd) c.li    ra, -1
core   0: 3 0x80007320 (0x50fd) x 1 0xffffffff
core   0: 0x80007322 (0x00000001) c.nop
core   0: 3 0x80007322 (0x0001)
core   0: 0x80007324 (0x00008f0d) c.sub   a4, a1
core   0: 3 0x80007324 (0x8f0d) x14 0x00000493
core   0: 0x80007326 (0x25ba3b93) sltiu   s7, s4, 603
core   0: 3 0x80007326 (0x25ba3b93) x23 0x00000001
core   0: 0x8000732a (0x000007ba) c.slli  a5, 14
core   0: 3 0x8000732a (0x07ba) x15 0x00000000
core   0: 0x8000732c (0x25d0ad93) slti    s11, ra, 605
core   0: 3 0x8000732c (0x25d0ad93) x27 0x00000001
core   0: 0x80007330 (0x03392bb3) mulhsu  s7, s2, s3
core   0: 3 0x80007330 (0x03392bb3) x23 0x00000000
core   0: 0x80007334 (0x01127a33) and     s4, tp, a7
core   0: 3 0x80007334 (0x01127a33) x20 0x00025004
core   0: 0x80007338 (0x0055b3b3) sltu    t2, a1, t0
core   0: 3 0x80007338 (0x0055b3b3) x 7 0x00000001
core   0: 0x8000733c (0x00006195) c.lui   gp, 0x5
core   0: 3 0x8000733c (0x6195) x 3 0x00005000
core   0: 0x8000733e (0x0000517d) c.li    sp, -1
core   0: 3 0x8000733e (0x517d) x 2 0xffffffff
core   0: 0x80007340 (0x00a72433) slt     s0, a4, a0
core   0: 3 0x80007340 (0x00a72433) x 8 0x00000000
core   0: 0x80007344 (0x00008a46) c.mv    s4, a7
core   0: 3 0x80007344 (0x8a46) x20 0x80025e64
core   0: 0x80007346 (0x02a5e2b3) rem     t0, a1, a0
core   0: 3 0x80007346 (0x02a5e2b3) x 5 0x00000000
core   0: 0x8000734a (0x0000150c) c.addi4spn a1, sp, 672
core   0: 3 0x8000734a (0x150c) x11 0x0000029f
core   0: 0x8000734c (0x0000e401) c.bnez  s0, pc + 8
core   0: 3 0x8000734c (0xe401)
core   0: 0x8000734e (0x0000616d) c.addi16sp sp, 240
core   0: 3 0x8000734e (0x616d) x 2 0x000000ef
core   0: 0x80007350 (0x02dae763) bltu    s5, a3, pc + 46
core   0: 3 0x80007350 (0x02dae763)
core   0: 0x80007354 (0x0000717d) c.addi16sp sp, -16
core   0: 3 0x80007354 (0x717d) x 2 0x000000df
core   0: 0x80007356 (0x01bc90b3) sll     ra, s9, s11
core   0: 3 0x80007356 (0x01bc90b3) x 1 0x000539c8
core   0: 0x8000735a (0x001597b3) sll     a5, a1, ra
core   0: 3 0x8000735a (0x001597b3) x15 0x00029f00
core   0: 0x8000735e (0xe9863e93) sltiu   t4, a2, -360
core   0: 3 0x8000735e (0xe9863e93) x29 0x00000001
core   0: 0x80007362 (0x7bf17b93) andi    s7, sp, 1983
core   0: 3 0x80007362 (0x7bf17b93) x23 0x0000009f
core   0: 0x80007366 (0x029a45b3) div     a1, s4, s1
core   0: 3 0x80007366 (0x029a45b3) x11 0xfffffae2
core   0: 0x8000736a (0x00008eb9) c.xor   a3, a4
core   0: 3 0x8000736a (0x8eb9) x13 0x0000048d
core   0: 0x8000736c (0x6bf0c817) auipc   a6, 0x6bf0c
core   0: 3 0x8000736c (0x6bf0c817) x16 0xebf1336c
core   0: 0x80007370 (0x414b5393) srai    t2, s6, 20
core   0: 3 0x80007370 (0x414b5393) x 7 0x0000014e
core   0: 0x80007374 (0x00004afd) c.li    s5, 31
core   0: 3 0x80007374 (0x4afd) x21 0x0000001f
core   0: 0x80007376 (0x40fad0b3) sra     ra, s5, a5
core   0: 3 0x80007376 (0x40fad0b3) x 1 0x0000001f
core   0: 0x8000737a (0x403adf13) srai    t5, s5, 3
core   0: 3 0x8000737a (0x403adf13) x30 0x00000003
core   0: 0x8000737e (0x019e6ab3) or      s5, t3, s9
core   0: 3 0x8000737e (0x019e6ab3) x21 0x80029cee
core   0: 0x80007382 (0x00006ead) c.lui   t4, 0xb
core   0: 3 0x80007382 (0x6ead) x29 0x0000b000
core   0: 0x80007384 (0x0000032a) c.slli  t1, 10
core   0: 3 0x80007384 (0x032a) x 6 0x91c6c400
core   0: 0x80007386 (0x5a3ca013) slti    zero, s9, 1443
core   0: 3 0x80007386 (0x5a3ca013)
core   0: 0x8000738a (0xfeb86c13) ori     s8, a6, -21
core   0: 3 0x8000738a (0xfeb86c13) x24 0xffffffef
core   0: 0x8000738e (0x0178fe33) and     t3, a7, s7
core   0: 3 0x8000738e (0x0178fe33) x28 0x00000004
core   0: 0x80007392 (0x00a20133) add     sp, tp, a0
core   0: 3 0x80007392 (0x00a20133) x 2 0x002ef099
core   0: 0x80007396 (0xf0c16b93) ori     s7, sp, -244
core   0: 3 0x80007396 (0xf0c16b93) x23 0xffffff9d
core   0: 0x8000739a (0x01cf4ab3) xor     s5, t5, t3
core   0: 3 0x8000739a (0x01cf4ab3) x21 0x00000007
core   0: 0x8000739e (0x00006a19) c.lui   s4, 0x6
core   0: 3 0x8000739e (0x6a19) x20 0x00006000
core   0: 0x800073a0 (0x00008db9) c.xor   a1, a4
core   0: 3 0x800073a0 (0x8db9) x11 0xfffffe71
core   0: 0x800073a2 (0x01bba333) slt     t1, s7, s11
core   0: 3 0x800073a2 (0x01bba333) x 6 0x00000001
core   0: 0x800073a6 (0x01dfde63) bge     t6, t4, pc + 28
core   0: 3 0x800073a6 (0x01dfde63)
core   0: 0x800073aa (0x01a860b3) or      ra, a6, s10
core   0: 3 0x800073aa (0x01a860b3) x 1 0xebf773ee
core   0: 0x800073ae (0x00000001) c.nop
core   0: 3 0x800073ae (0x0001)
core   0: 0x800073b0 (0x40bb0633) sub     a2, s6, a1
core   0: 3 0x800073b0 (0x40bb0633) x12 0x14ed14ab
core   0: 0x800073b4 (0x03545c63) bge     s0, s5, pc + 56
core   0: 3 0x800073b4 (0x03545c63)
core   0: 0x800073b8 (0x0366ba33) mulhu   s4, a3, s6
core   0: 3 0x800073b8 (0x0366ba33) x20 0x0000005f
core   0: 0x800073bc (0x03343233) mulhu   tp, s0, s3
core   0: 3 0x800073bc (0x03343233) x 4 0x00000000
core   0: 0x800073c0 (0x00009b5e) c.add   s6, s7
core   0: 3 0x800073c0 (0x9b5e) x22 0x14ed12b9
core   0: 0x800073c2 (0x0ff0000f) fence   iorw,iorw
core   0: 3 0x800073c2 (0x0ff0000f)
core   0: 0x800073c6 (0x01589b63) bne     a7, s5, pc + 22
core   0: 3 0x800073c6 (0x01589b63)
core   0: 0x800073dc (0x63138093) addi    ra, t2, 1585
core   0: 3 0x800073dc (0x63138093) x 1 0x0000077f
core   0: 0x800073e0 (0x3094b413) sltiu   s0, s1, 777
core   0: 3 0x800073e0 (0x3094b413) x 8 0x00000000
core   0: 0x800073e4 (0x410ad0b3) sra     ra, s5, a6
core   0: 3 0x800073e4 (0x410ad0b3) x 1 0x00000000
core   0: 0x800073e8 (0x6d12eb13) ori     s6, t0, 1745
core   0: 3 0x800073e8 (0x6d12eb13) x22 0x000006d1
core   0: 0x800073ec (0x5c55ebb7) lui     s7, 0x5c55e
core   0: 3 0x800073ec (0x5c55ebb7) x23 0x5c55e000
core   0: 0x800073f0 (0x00000f1c) c.addi4spn a5, sp, 912
core   0: 3 0x800073f0 (0x0f1c) x15 0x002ef429
core   0: 0x800073f2 (0x3009a613) slti    a2, s3, 768
core   0: 3 0x800073f2 (0x3009a613) x12 0x00000001
core   0: 0x800073f6 (0x00008f41) c.or    a4, s0
core   0: 3 0x800073f6 (0x8f41) x14 0x00000493
core   0: 0x800073f8 (0x0ff0000f) fence   iorw,iorw
core   0: 3 0x800073f8 (0x0ff0000f)
core   0: 0x800073fc (0x03ec8163) beq     s9, t5, pc + 34
core   0: 3 0x800073fc (0x03ec8163)
core   0: 0x80007400 (0x000009ed) c.addi  s3, 27
core   0: 3 0x80007400 (0x09ed) x19 0x0000001c
core   0: 0x80007402 (0xadbd8d13) addi    s10, s11, -1317
core   0: 3 0x80007402 (0xadbd8d13) x26 0xfffffadc
core   0: 0x80007406 (0x01135fb3) srl     t6, t1, a7
core   0: 3 0x80007406 (0x01135fb3) x31 0x00000000
core   0: 0x8000740a (0x01e55fb3) srl     t6, a0, t5
core   0: 3 0x8000740a (0x01e55fb3) x31 0x00000001
core   0: 0x8000740e (0xc3134713) xori    a4, t1, -975
core   0: 3 0x8000740e (0xc3134713) x14 0xfffffc30
core   0: 0x80007412 (0x000c1133) sll     sp, s8, zero
core   0: 3 0x80007412 (0x000c1133) x 2 0xffffffef
core   0: 0x80007416 (0x0000100f) fence.i
core   0: 3 0x80007416 (0x0000100f)
core   0: 0x8000741a (0x03295163) bge     s2, s2, pc + 34
core   0: 3 0x8000741a (0x03295163)
core   0: 0x8000743c (0x0000ef19) c.bnez  a4, pc + 30
core   0: 3 0x8000743c (0xef19)
core   0: 0x8000745a (0x00008765) c.srai  a4, 25
core   0: 3 0x8000745a (0x8765) x14 0xffffffff
core   0: 0x8000745c (0x0000100f) fence.i
core   0: 3 0x8000745c (0x0000100f)
core   0: 0x80007460 (0x000081e1) c.srli  a1, 24
core   0: 3 0x80007460 (0x81e1) x11 0x000000ff
core   0: 0x80007462 (0x011e4eb3) xor     t4, t3, a7
core   0: 3 0x80007462 (0x011e4eb3) x29 0x80025e60
core   0: 0x80007466 (0x89178213) addi    tp, a5, -1903
core   0: 3 0x80007466 (0x89178213) x 4 0x002eecba
core   0: 0x8000746a (0x000f0263) beqz    t5, pc + 4
core   0: 3 0x8000746a (0x000f0263)
core   0: 0x8000746e (0x000099fd) c.andi  a1, -1
core   0: 3 0x8000746e (0x99fd) x11 0x000000ff
core   0: 0x80007470 (0x0000100f) fence.i
core   0: 3 0x80007470 (0x0000100f)
core   0: 0x80007474 (0x009783b3) add     t2, a5, s1
core   0: 3 0x80007474 (0x009783b3) x 7 0x0047f429
core   0: 0x80007478 (0x00004299) c.li    t0, 6
core   0: 3 0x80007478 (0x4299) x 5 0x00000006
core   0: 0x8000747a (0xf1cf3337) lui     t1, 0xf1cf3
core   0: 3 0x8000747a (0xf1cf3337) x 6 0xf1cf3000
core   0: 0x8000747e (0x00001efd) c.addi  t4, -1
core   0: 3 0x8000747e (0x1efd) x29 0x80025e5f
core   0: 0x80007480 (0x0000898d) c.andi  a1, 3
core   0: 3 0x80007480 (0x898d) x11 0x00000003
core   0: 0x80007482 (0x408386b3) sub     a3, t2, s0
core   0: 3 0x80007482 (0x408386b3) x13 0x0047f429
core   0: 0x80007486 (0x0259deb3) divu    t4, s3, t0
core   0: 3 0x80007486 (0x0259deb3) x29 0x00000004
core   0: 0x8000748a (0x01814ab3) xor     s5, sp, s8
core   0: 3 0x8000748a (0x01814ab3) x21 0x00000000
core   0: 0x8000748e (0x00008dc5) c.or    a1, s1
core   0: 3 0x8000748e (0x8dc5) x11 0x00190003
core   0: 0x80007490 (0x01d67463) bgeu    a2, t4, pc + 8
core   0: 3 0x80007490 (0x01d67463)
core   0: 0x80007494 (0x003fc733) xor     a4, t6, gp
core   0: 3 0x80007494 (0x003fc733) x14 0x00005001
core   0: 0x80007498 (0x000013fd) c.addi  t2, -1
core   0: 3 0x80007498 (0x13fd) x 7 0x0047f428
core   0: 0x8000749a (0x00008319) c.srli  a4, 6
core   0: 3 0x8000749a (0x8319) x14 0x00000140
core   0: 0x8000749c (0x0000825a) c.mv    tp, s6
core   0: 3 0x8000749c (0x825a) x 4 0x000006d1
core   0: 0x8000749e (0x00009922) c.add   s2, s0
core   0: 3 0x8000749e (0x9922) x18 0x00000001
core   0: 0x800074a0 (0x63786c37) lui     s8, 0x63786
core   0: 3 0x800074a0 (0x63786c37) x24 0x63786000
core   0: 0x800074a4 (0x40980833) sub     a6, a6, s1
core   0: 3 0x800074a4 (0x40980833) x16 0xebd8336c
core   0: 0x800074a8 (0x000094c2) c.add   s1, a6
core   0: 3 0x800074a8 (0x94c2) x 9 0xebf1336c
core   0: 0x800074aa (0x01849c33) sll     s8, s1, s8
core   0: 3 0x800074aa (0x01849c33) x24 0xebf1336c
core   0: 0x800074ae (0x01209b93) slli    s7, ra, 18
core   0: 3 0x800074ae (0x01209b93) x23 0x00000000
core   0: 0x800074b2 (0x00000001) c.nop
core   0: 3 0x800074b2 (0x0001)
core   0: 0x800074b4 (0x03ed1333) mulh    t1, s10, t5
core   0: 3 0x800074b4 (0x03ed1333) x 6 0xffffffff
core   0: 0x800074b8 (0x003e77b3) and     a5, t3, gp
core   0: 3 0x800074b8 (0x003e77b3) x15 0x00000000
core   0: 0x800074bc (0x00000001) c.nop
core   0: 3 0x800074bc (0x0001)
core   0: 0x800074be (0x03c7ff63) bgeu    a5, t3, pc + 62
core   0: 3 0x800074be (0x03c7ff63)
core   0: 0x800074c2 (0x00005c7d) c.li    s8, -1
core   0: 3 0x800074c2 (0x5c7d) x24 0xffffffff
core   0: 0x800074c4 (0x0ff0000f) fence   iorw,iorw
core   0: 3 0x800074c4 (0x0ff0000f)
core   0: 0x800074c8 (0x03126a33) rem     s4, tp, a7
core   0: 3 0x800074c8 (0x03126a33) x20 0x000006d1
core   0: 0x800074cc (0x20438113) addi    sp, t2, 516
core   0: 3 0x800074cc (0x20438113) x 2 0x0047f62c
core   0: 0x800074d0 (0x03feaa33) mulhsu  s4, t4, t6
core   0: 3 0x800074d0 (0x03feaa33) x20 0x00000000
core   0: 0x800074d4 (0x026a8b63) beq     s5, t1, pc + 54
core   0: 3 0x800074d4 (0x026a8b63)
core   0: 0x800074d8 (0x01acd913) srli    s2, s9, 26
core   0: 3 0x800074d8 (0x01acd913) x18 0x00000020
core   0: 0x800074dc (0x00008fa5) c.xor   a5, s1
core   0: 3 0x800074dc (0x8fa5) x15 0xebf1336c
core   0: 0x800074de (0xe1a52413) slti    s0, a0, -486
core   0: 3 0x800074de (0xe1a52413) x 8 0x00000000
core   0: 0x800074e2 (0x018390b3) sll     ra, t2, s8
core   0: 3 0x800074e2 (0x018390b3) x 1 0x00000000
core   0: 0x800074e6 (0x00d95393) srli    t2, s2, 13
core   0: 3 0x800074e6 (0x00d95393) x 7 0x00000000
core   0: 0x800074ea (0x5d2f3993) sltiu   s3, t5, 1490
core   0: 3 0x800074ea (0x5d2f3993) x19 0x00000001
core   0: 0x800074ee (0x0000717d) c.addi16sp sp, -16
core   0: 3 0x800074ee (0x717d) x 2 0x0047f61c
core   0: 0x800074f0 (0x40d16013) ori     zero, sp, 1037
core   0: 3 0x800074f0 (0x40d16013)
core   0: 0x800074f4 (0x6f5b3c37) lui     s8, 0x6f5b3
core   0: 3 0x800074f4 (0x6f5b3c37) x24 0x6f5b3000
core   0: 0x800074f8 (0x000055fd) c.li    a1, -1
core   0: 3 0x800074f8 (0x55fd) x11 0xffffffff
core   0: 0x800074fa (0x00006ef9) c.lui   t4, 0x1e
core   0: 3 0x800074fa (0x6ef9) x29 0x0001e000
core   0: 0x800074fc (0x30f6c013) xori    zero, a3, 783
core   0: 3 0x800074fc (0x30f6c013)
core   0: 0x80007500 (0x00006159) c.addi16sp sp, 400
core   0: 3 0x80007500 (0x6159) x 2 0x0047f7ac
core   0: 0x80007502 (0x00008642) c.mv    a2, a6
core   0: 3 0x80007502 (0x8642) x12 0xebd8336c
core   0: 0x80007504 (0x00000001) c.nop
core   0: 3 0x80007504 (0x0001)
core   0: 0x80007506 (0x03912f33) mulhsu  t5, sp, s9
core   0: 3 0x80007506 (0x03912f33) x30 0x0023fc92
core   0: 0x8000750a (0x0169dfb3) srl     t6, s3, s6
core   0: 3 0x8000750a (0x0169dfb3) x31 0x00000000
core   0: 0x8000750e (0x166a0993) addi    s3, s4, 358
core   0: 3 0x8000750e (0x166a0993) x19 0x00000166
core   0: 0x80007512 (0x00d05a13) srli    s4, zero, 13
core   0: 3 0x80007512 (0x00d05a13) x20 0x00000000
core   0: 0x80007516 (0x01b379b3) and     s3, t1, s11
core   0: 3 0x80007516 (0x01b379b3) x19 0x00000001
core   0: 0x8000751a (0x0000e491) c.bnez  s1, pc + 12
core   0: 3 0x8000751a (0xe491)
core   0: 0x80007526 (0x01499c33) sll     s8, s3, s4
core   0: 3 0x80007526 (0x01499c33) x24 0x00000001
core   0: 0x8000752a (0x02f12d33) mulhsu  s10, sp, a5
core   0: 3 0x8000752a (0x02f12d33) x26 0x00425429
core   0: 0x8000752e (0x00000f9c) c.addi4spn a5, sp, 976
core   0: 3 0x8000752e (0x0f9c) x15 0x0047fb7c
core   0: 0x80007530 (0x02709863) bne     ra, t2, pc + 48
core   0: 3 0x80007530 (0x02709863)
core   0: 0x80007534 (0x0000e1a1) c.bnez  a1, pc + 64
core   0: 3 0x80007534 (0xe1a1)
core   0: 0x80007574 (0x0322de63) bge     t0, s2, pc + 60
core   0: 3 0x80007574 (0x0322de63)
core   0: 0x80007578 (0x02d5e233) rem     tp, a1, a3
core   0: 3 0x80007578 (0x02d5e233) x 4 0xffffffff
core   0: 0x8000757c (0x0245fe63) bgeu    a1, tp, pc + 60
core   0: 3 0x8000757c (0x0245fe63)
core   0: 0x800075b8 (0x01a94c63) blt     s2, s10, pc + 24
core   0: 3 0x800075b8 (0x01a94c63)
core   0: 0x800075d0 (0x0ff0000f) fence   iorw,iorw
core   0: 3 0x800075d0 (0x0ff0000f)
core   0: 0x800075d4 (0xabb8e837) lui     a6, 0xabb8e
core   0: 3 0x800075d4 (0xabb8e837) x16 0xabb8e000
core   0: 0x800075d8 (0x000085e1) c.srai  a1, 24
core   0: 3 0x800075d8 (0x85e1) x11 0xffffffff
core   0: 0x800075da (0xd50c62b7) lui     t0, 0xd50c6
core   0: 3 0x800075da (0xd50c62b7) x 5 0xd50c6000
core   0: 0x800075de (0x000f86b3) add     a3, t6, zero
core   0: 3 0x800075de (0x000f86b3) x13 0x00000000
core   0: 0x800075e2 (0x00000001) c.nop
core   0: 3 0x800075e2 (0x0001)
core   0: 0x800075e4 (0x41835b13) srai    s6, t1, 24
core   0: 3 0x800075e4 (0x41835b13) x22 0xffffffff
core   0: 0x800075e8 (0x00000598) c.addi4spn a4, sp, 704
core   0: 3 0x800075e8 (0x0598) x14 0x0047fa6c
core   0: 0x800075ea (0x00006211) c.lui   tp, 0x4
core   0: 3 0x800075ea (0x6211) x 4 0x00004000
core   0: 0x800075ec (0x000061b1) c.lui   gp, 0xc
core   0: 3 0x800075ec (0x61b1) x 3 0x0000c000
core   0: 0x800075ee (0x00f61263) bne     a2, a5, pc + 4
core   0: 3 0x800075ee (0x00f61263)
core   0: 0x800075f2 (0x03168ab3) mul     s5, a3, a7
core   0: 3 0x800075f2 (0x03168ab3) x21 0x00000000
core   0: 0x800075f6 (0x01c19213) slli    tp, gp, 28
core   0: 3 0x800075f6 (0x01c19213) x 4 0x00000000
core   0: 0x800075fa (0x00000001) c.nop
core   0: 3 0x800075fa (0x0001)
core   0: 0x800075fc (0x00f8f133) and     sp, a7, a5
core   0: 3 0x800075fc (0x00f8f133) x 2 0x00025a64
core   0: 0x80007600 (0x00001f8c) c.addi4spn a1, sp, 1008
core   0: 3 0x80007600 (0x1f8c) x11 0x00025e54
core   0: 0x80007602 (0x40095293) srai    t0, s2, 0
core   0: 3 0x80007602 (0x40095293) x 5 0x00000020
core   0: 0x80007606 (0x0128fc63) bgeu    a7, s2, pc + 24
core   0: 3 0x80007606 (0x0128fc63)
core   0: 0x8000761e (0x00008425) c.srai  s0, 9
core   0: 3 0x8000761e (0x8425) x 8 0x00000000
core   0: 0x80007620 (0x41c55693) srai    a3, a0, 28
core   0: 3 0x80007620 (0x41c55693) x13 0x00000000
core   0: 0x80007624 (0x03bffb63) bgeu    t6, s11, pc + 54
core   0: 3 0x80007624 (0x03bffb63)
core   0: 0x80007628 (0x00009752) c.add   a4, s4
core   0: 3 0x80007628 (0x9752) x14 0x0047fa6c
core   0: 0x8000762a (0x011e1593) slli    a1, t3, 17
core   0: 3 0x8000762a (0x011e1593) x11 0x00080000
core   0: 0x8000762e (0x019ee6b3) or      a3, t4, s9
core   0: 3 0x8000762e (0x019ee6b3) x13 0x8003fce4
core   0: 0x80007632 (0x0019f033) and     zero, s3, ra
core   0: 3 0x80007632 (0x0019f033)
core   0: 0x80007636 (0x03437e33) remu    t3, t1, s4
core   0: 3 0x80007636 (0x03437e33) x28 0xffffffff
core   0: 0x8000763a (0x0152adb3) slt     s11, t0, s5
core   0: 3 0x8000763a (0x0152adb3) x27 0x00000000
core   0: 0x8000763e (0x00001a84) c.addi4spn s1, sp, 368
core   0: 3 0x8000763e (0x1a84) x 9 0x00025bd4
core   0: 0x80007640 (0x49eee617) auipc   a2, 0x49eee
core   0: 3 0x80007640 (0x49eee617) x12 0xc9ef5640
core   0: 0x80007644 (0x0000c70d) c.beqz  a4, pc + 42
core   0: 3 0x80007644 (0xc70d)
core   0: 0x80007646 (0x0000147d) c.addi  s0, -1
core   0: 3 0x80007646 (0x147d) x 8 0xffffffff
core   0: 0x80007648 (0x000000ad) c.addi  ra, 11
core   0: 3 0x80007648 (0x00ad) x 1 0x0000000b
core   0: 0x8000764a (0x0000817e) c.mv    sp, t6
core   0: 3 0x8000764a (0x817e) x 2 0x00000000
core   0: 0x8000764c (0x0ff0000f) fence   iorw,iorw
core   0: 3 0x8000764c (0x0ff0000f)
core   0: 0x80007650 (0x0000986e) c.add   a6, s11
core   0: 3 0x80007650 (0x986e) x16 0xabb8e000
core   0: 0x80007652 (0x000ab733) sltu    a4, s5, zero
core   0: 3 0x80007652 (0x000ab733) x14 0x00000000
core   0: 0x80007656 (0x32866917) auipc   s2, 0x32866
core   0: 3 0x80007656 (0x32866917) x18 0xb286d656
core   0: 0x8000765a (0xcc1d7313) andi    t1, s10, -831
core   0: 3 0x8000765a (0xcc1d7313) x 6 0x00425401
core   0: 0x8000765e (0x002f4833) xor     a6, t5, sp
core   0: 3 0x8000765e (0x002f4833) x16 0x0023fc92
core   0: 0x80007662 (0x05ce0363) beq     t3, t3, pc + 70
core   0: 3 0x80007662 (0x05ce0363)
core   0: 0x800076a8 (0x00008089) c.srli  s1, 2
core   0: 3 0x800076a8 (0x8089) x 9 0x000096f5
core   0: 0x800076aa (0x00008dc9) c.or    a1, a0
core   0: 3 0x800076aa (0x8dc9) x11 0x0008000d
core   0: 0x800076ac (0x0ff0000f) fence   iorw,iorw
core   0: 3 0x800076ac (0x0ff0000f)
core   0: 0x800076b0 (0x00000f7e) c.slli  t5, 31
core   0: 3 0x800076b0 (0x0f7e) x30 0x00000000
core   0: 0x800076b2 (0x8cc50d93) addi    s11, a0, -1844
core   0: 3 0x800076b2 (0x8cc50d93) x27 0xfffff8d9
core   0: 0x800076b6 (0x015cd663) bge     s9, s5, pc + 12
core   0: 3 0x800076b6 (0x015cd663)
core   0: 0x800076ba (0x036abf33) mulhu   t5, s5, s6
core   0: 3 0x800076ba (0x036abf33) x30 0x00000000
core   0: 0x800076be (0x4409c713) xori    a4, s3, 1088
core   0: 3 0x800076be (0x4409c713) x14 0x00000441
core   0: 0x800076c2 (0xbd52b193) sltiu   gp, t0, -1067
core   0: 3 0x800076c2 (0xbd52b193) x 3 0x00000001
core   0: 0x800076c6 (0x00f7c563) blt     a5, a5, pc + 10
core   0: 3 0x800076c6 (0x00f7c563)
core   0: 0x800076ca (0x41e0b137) lui     sp, 0x41e0b
core   0: 3 0x800076ca (0x41e0b137) x 2 0x41e0b000
core   0: 0x800076ce (0x00008a69) c.andi  a2, 26
core   0: 3 0x800076ce (0x8a69) x12 0x00000000
core   0: 0x800076d0 (0x0000100f) fence.i
core   0: 3 0x800076d0 (0x0000100f)
core   0: 0x800076d4 (0x4146db33) sra     s6, a3, s4
core   0: 3 0x800076d4 (0x4146db33) x22 0x8003fce4
core   0: 0x800076d8 (0x00008c5d) c.or    s0, a5
core   0: 3 0x800076d8 (0x8c5d) x 8 0xffffffff
core   0: 0x800076da (0x176df613) andi    a2, s11, 374
core   0: 3 0x800076da (0x176df613) x12 0x00000050
core   0: 0x800076de (0x0000cd9d) c.beqz  a1, pc + 62
core   0: 3 0x800076de (0xcd9d)
core   0: 0x800076e0 (0x0ff0000f) fence   iorw,iorw
core   0: 3 0x800076e0 (0x0ff0000f)
core   0: 0x800076e4 (0x02fb74b3) remu    s1, s6, a5
core   0: 3 0x800076e4 (0x02fb74b3) x 9 0x00140380
core   0: 0x800076e8 (0x01616c63) bltu    sp, s6, pc + 24
core   0: 3 0x800076e8 (0x01616c63)
core   0: 0x80007700 (0x000080c1) c.srli  s1, 16
core   0: 3 0x80007700 (0x80c1) x 9 0x00000014
core   0: 0x80007702 (0x8106aa13) slti    s4, a3, -2032
core   0: 3 0x80007702 (0x8106aa13) x20 0x00000001
core   0: 0x80007706 (0x027a7d63) bgeu    s4, t2, pc + 58
core   0: 3 0x80007706 (0x027a7d63)
core   0: 0x80007740 (0x00008c59) c.or    s0, a4
core   0: 3 0x80007740 (0x8c59) x 8 0xffffffff
core   0: 0x80007742 (0x02591c33) mulh    s8, s2, t0
core   0: 3 0x80007742 (0x02591c33) x24 0xfffffff6
core   0: 0x80007746 (0xcfd97e13) andi    t3, s2, -771
core   0: 3 0x80007746 (0xcfd97e13) x28 0xb286d454
core   0: 0x8000774a (0x419a0633) sub     a2, s4, s9
core   0: 3 0x8000774a (0x419a0633) x12 0x7ffd631d
core   0: 0x8000774e (0xadbe2413) slti    s0, t3, -1317
core   0: 3 0x8000774e (0xadbe2413) x 8 0x00000001
core   0: 0x80007752 (0x07c7e213) ori     tp, a5, 124
core   0: 3 0x80007752 (0x07c7e213) x 4 0x0047fb7c
core   0: 0x80007756 (0x408d8fb3) sub     t6, s11, s0
core   0: 3 0x80007756 (0x408d8fb3) x31 0xfffff8d8
core   0: 0x8000775a (0x00008f6d) c.and   a4, a1
core   0: 3 0x8000775a (0x8f6d) x14 0x00000001
core   0: 0x8000775c (0xb84cd017) auipc   zero, 0xb84cd
core   0: 3 0x8000775c (0xb84cd017)
core   0: 0x80007760 (0x000094fa) c.add   s1, t5
core   0: 3 0x80007760 (0x94fa) x 9 0x00000014
core   0: 0x80007762 (0x008059b3) srl     s3, zero, s0
core   0: 3 0x80007762 (0x008059b3) x19 0x00000000
core   0: 0x80007766 (0x032b3033) mulhu   zero, s6, s2
core   0: 3 0x80007766 (0x032b3033)
core   0: 0x8000776a (0x6059bf93) sltiu   t6, s3, 1541
core   0: 3 0x8000776a (0x6059bf93) x31 0x00000001
core   0: 0x8000776e (0x00e81093) slli    ra, a6, 14
core   0: 3 0x8000776e (0x00e81093) x 1 0xff248000
core   0: 0x80007772 (0x41dad313) srai    t1, s5, 29
core   0: 3 0x80007772 (0x41dad313) x 6 0x00000000
core   0: 0x80007776 (0xa5ddc293) xori    t0, s11, -1443
core   0: 3 0x80007776 (0xa5ddc293) x 5 0x00000284
core   0: 0x8000777a (0x017ac263) blt     s5, s7, pc + 4
core   0: 3 0x8000777a (0x017ac263)
core   0: 0x8000777e (0x004504b3) add     s1, a0, tp
core   0: 3 0x8000777e (0x004504b3) x 9 0x0047fb89
core   0: 0x80007782 (0x00000dee) c.slli  s11, 27
core   0: 3 0x80007782 (0x0dee) x27 0xc8000000
core   0: 0x80007784 (0x036b3db3) mulhu   s11, s6, s6
core   0: 3 0x80007784 (0x036b3db3) x27 0x4003fcf3
core   0: 0x80007788 (0x0c8f7193) andi    gp, t5, 200
core   0: 3 0x80007788 (0x0c8f7193) x 3 0x00000000
core   0: 0x8000778c (0x000093ae) c.add   t2, a1
core   0: 3 0x8000778c (0x93ae) x 7 0x0008000d
core   0: 0x8000778e (0x0000042a) c.slli  s0, 10
core   0: 3 0x8000778e (0x042a) x 8 0x00000400
core   0: 0x80007790 (0x03117633) remu    a2, sp, a7
core   0: 3 0x80007790 (0x03117633) x12 0x41e0b000
core   0: 0x80007794 (0x02f3f463) bgeu    t2, a5, pc + 40
core   0: 3 0x80007794 (0x02f3f463)
core   0: 0x80007798 (0x00008f15) c.sub   a4, a3
core   0: 3 0x80007798 (0x8f15) x14 0x7ffc031d
core   0: 0x8000779a (0x0385ed63) bltu    a1, s8, pc + 58
core   0: 3 0x8000779a (0x0385ed63)
core   0: 0x800077d4 (0x003f5d63) bge     t5, gp, pc + 26
core   0: 3 0x800077d4 (0x003f5d63)
core   0: 0x800077ee (0x85cd3593) sltiu   a1, s10, -1956
core   0: 3 0x800077ee (0x85cd3593) x11 0x00000001
core   0: 0x800077f2 (0x00008cdd) c.or    s1, a5
core   0: 3 0x800077f2 (0x8cdd) x 9 0x0047fbfd
core   0: 0x800077f4 (0x039cf7b3) remu    a5, s9, s9
core   0: 3 0x800077f4 (0x039cf7b3) x15 0x00000000
core   0: 0x800077f8 (0x0251feb3) remu    t4, gp, t0
core   0: 3 0x800077f8 (0x0251feb3) x29 0x00000000
core   0: 0x800077fc (0x40b5d4b3) sra     s1, a1, a1
core   0: 3 0x800077fc (0x40b5d4b3) x 9 0x00000000
core   0: 0x80007800 (0x011d9833) sll     a6, s11, a7
core   0: 3 0x80007800 (0x011d9833) x16 0x003fcf30
core   0: 0x80007804 (0x00e11133) sll     sp, sp, a4
core   0: 3 0x80007804 (0x00e11133) x 2 0x00000000
core   0: 0x80007808 (0x0000cc99) c.beqz  s1, pc + 30
core   0: 3 0x80007808 (0xcc99)
core   0: 0x80007826 (0x03c3f263) bgeu    t2, t3, pc + 36
core   0: 3 0x80007826 (0x03c3f263)
core   0: 0x8000782a (0x00006f95) c.lui   t6, 0x5
core   0: 3 0x8000782a (0x6f95) x31 0x00005000
core   0: 0x8000782c (0x023934b3) mulhu   s1, s2, gp
core   0: 3 0x8000782c (0x023934b3) x 9 0x00000000
core   0: 0x80007830 (0x6ba24113) xori    sp, tp, 1722
core   0: 3 0x80007830 (0x6ba24113) x 2 0x0047fdc6
core   0: 0x80007834 (0x00006d71) c.lui   s10, 0x1c
core   0: 3 0x80007834 (0x6d71) x26 0x0001c000
core   0: 0x80007836 (0x02e0fab3) remu    s5, ra, a4
core   0: 3 0x80007836 (0x02e0fab3) x21 0x7f287ce3
core   0: 0x8000783a (0x0233d163) bge     t2, gp, pc + 34
core   0: 3 0x8000783a (0x0233d163)
core   0: 0x8000785c (0x26aced13) ori     s10, s9, 618
core   0: 3 0x8000785c (0x26aced13) x26 0x80029eee
core   0: 0x80007860 (0x00000001) c.nop
core   0: 3 0x80007860 (0x0001)
core   0: 0x80007862 (0x00e339b3) sltu    s3, t1, a4
core   0: 3 0x80007862 (0x00e339b3) x19 0x00000001
core   0: 0x80007866 (0x001fbeb3) sltu    t4, t6, ra
core   0: 3 0x80007866 (0x001fbeb3) x29 0x00000001
core   0: 0x8000786a (0x01505013) srli    zero, zero, 21
core   0: 3 0x8000786a (0x01505013)
core   0: 0x8000786e (0x0000e289) c.bnez  a3, pc + 2
core   0: 3 0x8000786e (0xe289)
core   0: 0x80007870 (0x41f1d113) srai    sp, gp, 31
core   0: 3 0x80007870 (0x41f1d113) x 2 0x00000000
core   0: 0x80007874 (0x0000717d) c.addi16sp sp, -16
core   0: 3 0x80007874 (0x717d) x 2 0xfffffff0
core   0: 0x80007876 (0x02987633) remu    a2, a6, s1
core   0: 3 0x80007876 (0x02987633) x12 0x003fcf30
core   0: 0x8000787a (0x00d8d463) bge     a7, a3, pc + 8
core   0: 3 0x8000787a (0x00d8d463)
core   0: 0x8000787e (0x00029413) slli    s0, t0, 0
core   0: 3 0x8000787e (0x00029413) x 8 0x00000284
core   0: 0x80007882 (0x02700a33) mul     s4, zero, t2
core   0: 3 0x80007882 (0x02700a33) x20 0x00000000
core   0: 0x80007886 (0x04dc0163) beq     s8, a3, pc + 66
core   0: 3 0x80007886 (0x04dc0163)
core   0: 0x8000788a (0x00009b7d) c.andi  a4, -1
core   0: 3 0x8000788a (0x9b7d) x14 0x7ffc031d
core   0: 0x8000788c (0x037220b3) mulhsu  ra, tp, s7
core   0: 3 0x8000788c (0x037220b3) x 1 0x00000000
core   0: 0x80007890 (0x00000001) c.nop
core   0: 3 0x80007890 (0x0001)
core   0: 0x80007892 (0x01d622b3) slt     t0, a2, t4
core   0: 3 0x80007892 (0x01d622b3) x 5 0x00000000
core   0: 0x80007896 (0x00008e29) c.xor   a2, a0
core   0: 3 0x80007896 (0x8e29) x12 0x003fcf3d
core   0: 0x80007898 (0x40fc87b3) sub     a5, s9, a5
core   0: 3 0x80007898 (0x40fc87b3) x15 0x80029ce4
core   0: 0x8000789c (0x00008e5d) c.or    a2, a5
core   0: 3 0x8000789c (0x8e5d) x12 0x803fdffd
core   0: 0x8000789e (0x00000306) c.slli  t1, 1
core   0: 3 0x8000789e (0x0306) x 6 0x00000000
core   0: 0x800078a0 (0x020adf33) divu    t5, s5, zero
core   0: 3 0x800078a0 (0x020adf33) x30 0xffffffff
core   0: 0x800078a4 (0x000067ad) c.lui   a5, 0xb
core   0: 3 0x800078a4 (0x67ad) x15 0x0000b000
core   0: 0x800078a6 (0x40a3df33) sra     t5, t2, a0
core   0: 3 0x800078a6 (0x40a3df33) x30 0x00000040
core   0: 0x800078aa (0x01a04b33) xor     s6, zero, s10
core   0: 3 0x800078aa (0x01a04b33) x22 0x80029eee
core   0: 0x800078ae (0x41025e13) srai    t3, tp, 16
core   0: 3 0x800078ae (0x41025e13) x28 0x00000047
core   0: 0x800078b2 (0xf0e26db7) lui     s11, 0xf0e26
core   0: 3 0x800078b2 (0xf0e26db7) x27 0xf0e26000
core   0: 0x800078b6 (0x11920363) beq     tp, s9, pc + 262
core   0: 3 0x800078b6 (0x11920363)
core   0: 0x800078ba (0x00005efd) c.li    t4, -1
core   0: 3 0x800078ba (0x5efd) x29 0xffffffff
core   0: 0x800078bc (0x03be37b3) mulhu   a5, t3, s11
core   0: 3 0x800078bc (0x03be37b3) x15 0x00000042
core   0: 0x800078c0 (0x10e86863) bltu    a6, a4, pc + 272
core   0: 3 0x800078c0 (0x10e86863)
core   0: 0x800079d0 (0x02cd8733) mul     a4, s11, a2
core   0: 3 0x800079d0 (0x02cd8733) x14 0xe158e000
core   0: 0x800079d4 (0x00000001) c.nop
core   0: 3 0x800079d4 (0x0001)
core   0: 0x800079d6 (0x01676263) bltu    a4, s6, pc + 4
core   0: 3 0x800079d6 (0x01676263)
core   0: 0x800079da (0xa29b3493) sltiu   s1, s6, -1495
core   0: 3 0x800079da (0xa29b3493) x 9 0x00000001
core   0: 0x800079de (0x01a7ff33) and     t5, a5, s10
core   0: 3 0x800079de (0x01a7ff33) x30 0x00000042
core   0: 0x800079e2 (0x000060b5) c.lui   ra, 0xd
core   0: 3 0x800079e2 (0x60b5) x 1 0x0000d000
core   0: 0x800079e4 (0x00008775) c.srai  a4, 29
core   0: 3 0x800079e4 (0x8775) x14 0xffffffff
core   0: 0x800079e6 (0x027d06b3) mul     a3, s10, t2
core   0: 3 0x800079e6 (0x027d06b3) x13 0x77921216
core   0: 0x800079ea (0x00008d92) c.mv    s11, tp
core   0: 3 0x800079ea (0x8d92) x27 0x0047fb7c
core   0: 0x800079ec (0x00000aea) c.slli  s5, 26
core   0: 3 0x800079ec (0x0aea) x21 0x8c000000
core   0: 0x800079ee (0x023e12b3) mulh    t0, t3, gp
core   0: 3 0x800079ee (0x023e12b3) x 5 0x00000000
core   0: 0x800079f2 (0x00a59f13) slli    t5, a1, 10
core   0: 3 0x800079f2 (0x00a59f13) x30 0x00000400
core   0: 0x800079f6 (0x0000e689) c.bnez  a3, pc + 10
core   0: 3 0x800079f6 (0xe689)
core   0: 0x80007a00 (0x03543f33) mulhu   t5, s0, s5
core   0: 3 0x80007a00 (0x03543f33) x30 0x00000160
core   0: 0x80007a04 (0x00008589) c.srai  a1, 2
core   0: 3 0x80007a04 (0x8589) x11 0x00000000
core   0: 0x80007a06 (0x01ab2db3) slt     s11, s6, s10
core   0: 3 0x80007a06 (0x01ab2db3) x27 0x00000000
core   0: 0x80007a0a (0x022fda33) divu    s4, t6, sp
core   0: 3 0x80007a0a (0x022fda33) x20 0x00000000
core   0: 0x80007a0e (0x0021db63) bge     gp, sp, pc + 22
core   0: 3 0x80007a0e (0x0021db63)
core   0: 0x80007a24 (0x0000099a) c.slli  s3, 6
core   0: 3 0x80007a24 (0x099a) x19 0x00000040
core   0: 0x80007a26 (0x00000001) c.nop
core   0: 3 0x80007a26 (0x0001)
core   0: 0x80007a28 (0x6b6be093) ori     ra, s7, 1718
core   0: 3 0x80007a28 (0x6b6be093) x 1 0x000006b6
core   0: 0x80007a2c (0x03375363) bge     a4, s3, pc + 38
core   0: 3 0x80007a2c (0x03375363)
core   0: 0x80007a30 (0xf77bf837) lui     a6, 0xf77bf
core   0: 3 0x80007a30 (0xf77bf837) x16 0xf77bf000
core   0: 0x80007a34 (0x411b5e33) sra     t3, s6, a7
core   0: 3 0x80007a34 (0x411b5e33) x28 0xf80029ee
core   0: 0x80007a38 (0x0bddc437) lui     s0, 0xbddc
core   0: 3 0x80007a38 (0x0bddc437) x 8 0x0bddc000
core   0: 0x80007a3c (0x00009b7d) c.andi  a4, -1
core   0: 3 0x80007a3c (0x9b7d) x14 0xffffffff
core   0: 0x80007a3e (0x539aed93) ori     s11, s5, 1337
core   0: 3 0x80007a3e (0x539aed93) x27 0x8c000539
core   0: 0x80007a42 (0x03052033) mulhsu  zero, a0, a6
core   0: 3 0x80007a42 (0x03052033)
core   0: 0x80007a46 (0x0303df33) divu    t5, t2, a6
core   0: 3 0x80007a46 (0x0303df33) x30 0x00000000
core   0: 0x80007a4a (0x0499ff63) bgeu    s3, s1, pc + 94
core   0: 3 0x80007a4a (0x0499ff63)
core   0: 0x80007aa8 (0x00008825) c.andi  s0, 9
core   0: 3 0x80007aa8 (0x8825) x 8 0x00000000
core   0: 0x80007aaa (0x0ff0000f) fence   iorw,iorw
core   0: 3 0x80007aaa (0x0ff0000f)
core   0: 0x80007aae (0x000b4933) xor     s2, s6, zero
core   0: 3 0x80007aae (0x000b4933) x18 0x80029eee
core   0: 0x80007ab2 (0x0ff0000f) fence   iorw,iorw
core   0: 3 0x80007ab2 (0x0ff0000f)
core   0: 0x80007ab6 (0x4622f993) andi    s3, t0, 1122
core   0: 3 0x80007ab6 (0x4622f993) x19 0x00000000
core   0: 0x80007aba (0x00000d39) c.addi  s10, 14
core   0: 3 0x80007aba (0x0d39) x26 0x80029efc
core   0: 0x80007abc (0x05bc4463) blt     s8, s11, pc + 72
core   0: 3 0x80007abc (0x05bc4463)
core   0: 0x80007ac0 (0xf24cba93) sltiu   s5, s9, -220
core   0: 3 0x80007ac0 (0xf24cba93) x21 0x00000001
core   0: 0x80007ac4 (0x0ff0000f) fence   iorw,iorw
core   0: 3 0x80007ac4 (0x0ff0000f)
core   0: 0x80007ac8 (0x00008fc1) c.or    a5, s0
core   0: 3 0x80007ac8 (0x8fc1) x15 0x00000042
core   0: 0x80007aca (0x00f676b3) and     a3, a2, a5
core   0: 3 0x80007aca (0x00f676b3) x13 0x00000040
core   0: 0x80007ace (0x800be237) lui     tp, 0x800be
core   0: 3 0x80007ace (0x800be237) x 4 0x800be000
core   0: 0x80007ad2 (0x414f5333) sra     t1, t5, s4
core   0: 3 0x80007ad2 (0x414f5333) x 6 0x00000000
core   0: 0x80007ad6 (0x00006149) c.addi16sp sp, 144
core   0: 3 0x80007ad6 (0x6149) x 2 0x00000080
core   0: 0x80007ad8 (0x000092ca) c.add   t0, s2
core   0: 3 0x80007ad8 (0x92ca) x 5 0x80029eee
core   0: 0x80007ada (0x018d9e63) bne     s11, s8, pc + 28
core   0: 3 0x80007ada (0x018d9e63)
core   0: 0x80007af6 (0x0000e699) c.bnez  a3, pc + 14
core   0: 3 0x80007af6 (0xe699)
core   0: 0x80007b04 (0x00008369) c.srli  a4, 26
core   0: 3 0x80007b04 (0x8369) x14 0x0000003f
core   0: 0x80007b06 (0x000009ad) c.addi  s3, 11
core   0: 3 0x80007b06 (0x09ad) x19 0x0000000b
core   0: 0x80007b08 (0x03544c63) blt     s0, s5, pc + 56
core   0: 3 0x80007b08 (0x03544c63)
core   0: 0x80007b40 (0x02fdf6b3) remu    a3, s11, a5
core   0: 3 0x80007b40 (0x02fdf6b3) x13 0x0000000d
core   0: 0x80007b44 (0x00006695) c.lui   a3, 0x5
core   0: 3 0x80007b44 (0x6695) x13 0x00005000
core   0: 0x80007b46 (0x41d6da93) srai    s5, a3, 29
core   0: 3 0x80007b46 (0x41d6da93) x21 0x00000000
core   0: 0x80007b4a (0x01cfe4b3) or      s1, t6, t3
core   0: 3 0x80007b4a (0x01cfe4b3) x 9 0xf80079ee
core   0: 0x80007b4e (0x035f9c63) bne     t6, s5, pc + 56
core   0: 3 0x80007b4e (0x035f9c63)
core   0: 0x80007b86 (0x0387d0b3) divu    ra, a5, s8
core   0: 3 0x80007b86 (0x0387d0b3) x 1 0x00000000
core   0: 0x80007b8a (0x00000001) c.nop
core   0: 3 0x80007b8a (0x0001)
core   0: 0x80007b8c (0x0000615d) c.addi16sp sp, 432
core   0: 3 0x80007b8c (0x615d) x 2 0x00000230
core   0: 0x80007b8e (0x0000e389) c.bnez  a5, pc + 2
core   0: 3 0x80007b8e (0xe389)
core   0: 0x80007b90 (0x00000001) c.nop
core   0: 3 0x80007b90 (0x0001)
core   0: 0x80007b92 (0x00008449) c.srai  s0, 18
core   0: 3 0x80007b92 (0x8449) x 8 0x00000000
core   0: 0x80007b94 (0x00035763) bgez    t1, pc + 14
core   0: 3 0x80007b94 (0x00035763)
core   0: 0x80007ba2 (0x00008dc1) c.or    a1, s0
core   0: 3 0x80007ba2 (0x8dc1) x11 0x00000000
core   0: 0x80007ba4 (0x002a5d13) srli    s10, s4, 2
core   0: 3 0x80007ba4 (0x002a5d13) x26 0x00000000
core   0: 0x80007ba8 (0x0000036a) c.slli  t1, 26
core   0: 3 0x80007ba8 (0x036a) x 6 0x00000000
core   0: 0x80007baa (0x00008c65) c.and   s0, s1
core   0: 3 0x80007baa (0x8c65) x 8 0x00000000
core   0: 0x80007bac (0x3431b313) sltiu   t1, gp, 835
core   0: 3 0x80007bac (0x3431b313) x 6 0x00000001
core   0: 0x80007bb0 (0x02d28633) mul     a2, t0, a3
core   0: 3 0x80007bb0 (0x02d28633) x12 0xd1aa6000
core   0: 0x80007bb4 (0x00005f7d) c.li    t5, -1
core   0: 3 0x80007bb4 (0x5f7d) x30 0xffffffff
core   0: 0x80007bb6 (0x00507fb3) and     t6, zero, t0
core   0: 3 0x80007bb6 (0x00507fb3) x31 0x00000000
core   0: 0x80007bba (0x0287a9b3) mulhsu  s3, a5, s0
core   0: 3 0x80007bba (0x0287a9b3) x19 0x00000000
core   0: 0x80007bbe (0x0000829d) c.srli  a3, 7
core   0: 3 0x80007bbe (0x829d) x13 0x000000a0
core   0: 0x80007bc0 (0x00c752b3) srl     t0, a4, a2
core   0: 3 0x80007bc0 (0x00c752b3) x 5 0x0000003f
core   0: 0x80007bc4 (0x03e736b3) mulhu   a3, a4, t5
core   0: 3 0x80007bc4 (0x03e736b3) x13 0x0000003e
core   0: 0x80007bc8 (0x0355a133) mulhsu  sp, a1, s5
core   0: 3 0x80007bc8 (0x0355a133) x 2 0x00000000
core   0: 0x80007bcc (0x0000c331) c.beqz  a4, pc + 68
core   0: 3 0x80007bcc (0xc331)
core   0: 0x80007bce (0x00006135) c.addi16sp sp, 352
core   0: 3 0x80007bce (0x6135) x 2 0x00000160
core   0: 0x80007bd0 (0x03a3b7b3) mulhu   a5, t2, s10
core   0: 3 0x80007bd0 (0x03a3b7b3) x15 0x00000000
core   0: 0x80007bd4 (0x02364ab3) div     s5, a2, gp
core   0: 3 0x80007bd4 (0x02364ab3) x21 0xffffffff
core   0: 0x80007bd8 (0x03e0fd63) bgeu    ra, t5, pc + 58
core   0: 3 0x80007bd8 (0x03e0fd63)
core   0: 0x80007bdc (0x001d5e33) srl     t3, s10, ra
core   0: 3 0x80007bdc (0x001d5e33) x28 0x00000000
core   0: 0x80007be0 (0x0000615d) c.addi16sp sp, 432
core   0: 3 0x80007be0 (0x615d) x 2 0x00000310
core   0: 0x80007be2 (0x00000001) c.nop
core   0: 3 0x80007be2 (0x0001)
core   0: 0x80007be4 (0x01fafe33) and     t3, s5, t6
core   0: 3 0x80007be4 (0x01fafe33) x28 0x00000000
core   0: 0x80007be8 (0x0327f333) remu    t1, a5, s2
core   0: 3 0x80007be8 (0x0327f333) x 6 0x00000000
core   0: 0x80007bec (0x011aaa33) slt     s4, s5, a7
core   0: 3 0x80007bec (0x011aaa33) x20 0x00000000
core   0: 0x80007bf0 (0xafabf793) andi    a5, s7, -1286
core   0: 3 0x80007bf0 (0xafabf793) x15 0x00000000
core   0: 0x80007bf4 (0x009e2133) slt     sp, t3, s1
core   0: 3 0x80007bf4 (0x009e2133) x 2 0x00000000
core   0: 0x80007bf8 (0x40a50b33) sub     s6, a0, a0
core   0: 3 0x80007bf8 (0x40a50b33) x22 0x00000000
core   0: 0x80007bfc (0x00000001) c.nop
core   0: 3 0x80007bfc (0x0001)
core   0: 0x80007bfe (0x52539bb7) lui     s7, 0x52539
core   0: 3 0x80007bfe (0x52539bb7) x23 0x52539000
core   0: 0x80007c02 (0x01230b63) beq     t1, s2, pc + 22
core   0: 3 0x80007c02 (0x01230b63)
core   0: 0x80007c06 (0x02d969b3) rem     s3, s2, a3
core   0: 3 0x80007c06 (0x02d969b3) x19 0xffffffd2
core   0: 0x80007c0a (0x03ae6163) bltu    t3, s10, pc + 34
core   0: 3 0x80007c0a (0x03ae6163)
core   0: 0x80007c0e (0x00000001) c.nop
core   0: 3 0x80007c0e (0x0001)
core   0: 0x80007c10 (0x00008ea9) c.xor   a3, a0
core   0: 3 0x80007c10 (0x8ea9) x13 0x00000033
core   0: 0x80007c12 (0x00008015) c.srli  s0, 5
core   0: 3 0x80007c12 (0x8015) x 8 0x00000000
core   0: 0x80007c14 (0x00000001) c.nop
core   0: 3 0x80007c14 (0x0001)
core   0: 0x80007c16 (0x0000c89d) c.beqz  s1, pc + 54
core   0: 3 0x80007c16 (0xc89d)
core   0: 0x80007c18 (0x01f55663) bge     a0, t6, pc + 12
core   0: 3 0x80007c18 (0x01f55663)
core   0: 0x80007c24 (0x018e34b3) sltu    s1, t3, s8
core   0: 3 0x80007c24 (0x018e34b3) x 9 0x00000001
core   0: 0x80007c28 (0x01550333) add     t1, a0, s5
core   0: 3 0x80007c28 (0x01550333) x 6 0x0000000c
core   0: 0x80007c2c (0xbc016a97) auipc   s5, 0xbc016
core   0: 3 0x80007c2c (0xbc016a97) x21 0x3c01dc2c
core   0: 0x80007c30 (0xb5e5ff93) andi    t6, a1, -1186
core   0: 3 0x80007c30 (0xb5e5ff93) x31 0x00000000
core   0: 0x80007c34 (0x000080d5) c.srli  s1, 21
core   0: 3 0x80007c34 (0x80d5) x 9 0x00000000
core   0: 0x80007c36 (0x00000001) c.nop
core   0: 3 0x80007c36 (0x0001)
core   0: 0x80007c38 (0x02767733) remu    a4, a2, t2
core   0: 3 0x80007c38 (0x02767733) x14 0x00010b4f
core   0: 0x80007c3c (0x0246d0b3) divu    ra, a3, tp
core   0: 3 0x80007c3c (0x0246d0b3) x 1 0x00000000
core   0: 0x80007c40 (0xa1e96d13) ori     s10, s2, -1506
core   0: 3 0x80007c40 (0xa1e96d13) x26 0xfffffefe
core   0: 0x80007c44 (0x72a57b93) andi    s7, a0, 1834
core   0: 3 0x80007c44 (0x72a57b93) x23 0x00000008
core   0: 0x80007c48 (0x00000001) c.nop
core   0: 3 0x80007c48 (0x0001)
core   0: 0x80007c4a (0x0000866d) c.srai  a2, 27
core   0: 3 0x80007c4a (0x866d) x12 0xfffffffa
core   0: 0x80007c4c (0x00006e19) c.lui   t3, 0x6
core   0: 3 0x80007c4c (0x6e19) x28 0x00006000
core   0: 0x80007c4e (0x03bc6f63) bltu    s8, s11, pc + 62
core   0: 3 0x80007c4e (0x03bc6f63)
core   0: 0x80007c52 (0x0000eb95) c.bnez  a5, pc + 52
core   0: 3 0x80007c52 (0xeb95)
core   0: 0x80007c54 (0x00008c89) c.sub   s1, a0
core   0: 3 0x80007c54 (0x8c89) x 9 0xfffffff3
core   0: 0x80007c56 (0x00000001) c.nop
core   0: 3 0x80007c56 (0x0001)
core   0: 0x80007c58 (0x02345733) divu    a4, s0, gp
core   0: 3 0x80007c58 (0x02345733) x14 0xffffffff
core   0: 0x80007c5c (0x00000001) c.nop
core   0: 3 0x80007c5c (0x0001)
core   0: 0x80007c5e (0xff46a793) slti    a5, a3, -12
core   0: 3 0x80007c5e (0xff46a793) x15 0x00000000
core   0: 0x80007c62 (0x0000c205) c.beqz  a2, pc + 32
core   0: 3 0x80007c62 (0xc205)
core   0: 0x80007c64 (0x00008c71) c.and   s0, a2
core   0: 3 0x80007c64 (0x8c71) x 8 0x00000000
core   0: 0x80007c66 (0x010d6ab3) or      s5, s10, a6
core   0: 3 0x80007c66 (0x010d6ab3) x21 0xfffffefe
core   0: 0x80007c6a (0x00009f5a) c.add   t5, s6
core   0: 3 0x80007c6a (0x9f5a) x30 0xffffffff
core   0: 0x80007c6c (0x00ef6ab3) or      s5, t5, a4
core   0: 3 0x80007c6c (0x00ef6ab3) x21 0xffffffff
core   0: 0x80007c70 (0x020f0b33) mul     s6, t5, zero
core   0: 3 0x80007c70 (0x020f0b33) x22 0x00000000
core   0: 0x80007c74 (0x0000836d) c.srli  a4, 27
core   0: 3 0x80007c74 (0x836d) x14 0x0000001f
core   0: 0x80007c76 (0x03098563) beq     s3, a6, pc + 42
core   0: 3 0x80007c76 (0x03098563)
core   0: 0x80007c7a (0xf1b5b313) sltiu   t1, a1, -229
core   0: 3 0x80007c7a (0xf1b5b313) x 6 0x00000001
core   0: 0x80007c7e (0x01507133) and     sp, zero, s5
core   0: 3 0x80007c7e (0x01507133) x 2 0x00000000
core   0: 0x80007c82 (0xc25d7e93) andi    t4, s10, -987
core   0: 3 0x80007c82 (0xc25d7e93) x29 0xfffffc24
core   0: 0x80007c86 (0x0325f163) bgeu    a1, s2, pc + 34
core   0: 3 0x80007c86 (0x0325f163)
core   0: 0x80007c8a (0x00000001) c.nop
core   0: 3 0x80007c8a (0x0001)
core   0: 0x80007c8c (0x0000100f) fence.i
core   0: 3 0x80007c8c (0x0000100f)
core   0: 0x80007c90 (0x003a4663) blt     s4, gp, pc + 12
core   0: 3 0x80007c90 (0x003a4663)
core   0: 0x80007c94 (0x41ac5eb3) sra     t4, s8, s10
core   0: 3 0x80007c94 (0x41ac5eb3) x29 0xffffffff
core   0: 0x80007c98 (0x03aa1f33) mulh    t5, s4, s10
core   0: 3 0x80007c98 (0x03aa1f33) x30 0x00000000
core   0: 0x80007c9c (0x0ff0000f) fence   iorw,iorw
core   0: 3 0x80007c9c (0x0ff0000f)
core   0: 0x80007ca0 (0x03a913b3) mulh    t2, s2, s10
core   0: 3 0x80007ca0 (0x03a913b3) x 7 0x00000080
core   0: 0x80007ca4 (0x03c68b63) beq     a3, t3, pc + 54
core   0: 3 0x80007ca4 (0x03c68b63)
core   0: 0x80007ca8 (0x00004d41) c.li    s10, 16
core   0: 3 0x80007ca8 (0x4d41) x26 0x00000010
core   0: 0x80007caa (0x03de05b3) mul     a1, t3, t4
core   0: 3 0x80007caa (0x03de05b3) x11 0xffffa000
core   0: 0x80007cae (0x00d35793) srli    a5, t1, 13
core   0: 3 0x80007cae (0x00d35793) x15 0x00000000
core   0: 0x80007cb2 (0x01ed89b3) add     s3, s11, t5
core   0: 3 0x80007cb2 (0x01ed89b3) x19 0x8c000539
core   0: 0x80007cb6 (0x00441c63) bne     s0, tp, pc + 24
core   0: 3 0x80007cb6 (0x00441c63)
core   0: 0x80007cce (0x0000100f) fence.i
core   0: 3 0x80007cce (0x0000100f)
core   0: 0x80007cd2 (0x002a5c13) srli    s8, s4, 2
core   0: 3 0x80007cd2 (0x002a5c13) x24 0x00000000
core   0: 0x80007cd6 (0x009db6b3) sltu    a3, s11, s1
core   0: 3 0x80007cd6 (0x009db6b3) x13 0x00000001
core   0: 0x80007cda (0x29f3ff13) andi    t5, t2, 671
core   0: 3 0x80007cda (0x29f3ff13) x30 0x00000080
core   0: 0x80007cde (0x00000001) c.nop
core   0: 3 0x80007cde (0x0001)
core   0: 0x80007ce0 (0x02a50f63) beq     a0, a0, pc + 62
core   0: 3 0x80007ce0 (0x02a50f63)
core   0: 0x80007d1e (0x000081ed) c.srli  a1, 27
core   0: 3 0x80007d1e (0x81ed) x11 0x0000001f
core   0: 0x80007d20 (0x0000614d) c.addi16sp sp, 176
core   0: 3 0x80007d20 (0x614d) x 2 0x000000b0
core   0: 0x80007d22 (0x0294feb3) remu    t4, s1, s1
core   0: 3 0x80007d22 (0x0294feb3) x29 0x00000000
core   0: 0x80007d26 (0x41aa0a33) sub     s4, s4, s10
core   0: 3 0x80007d26 (0x41aa0a33) x20 0xfffffff0
core   0: 0x80007d2a (0x00008805) c.andi  s0, 1
core   0: 3 0x80007d2a (0x8805) x 8 0x00000000
core   0: 0x80007d2c (0x00008e9d) c.sub   a3, a5
core   0: 3 0x80007d2c (0x8e9d) x13 0x00000001
core   0: 0x80007d2e (0x0106d4b3) srl     s1, a3, a6
core   0: 3 0x80007d2e (0x0106d4b3) x 9 0x00000001
core   0: 0x80007d32 (0x0ff0000f) fence   iorw,iorw
core   0: 3 0x80007d32 (0x0ff0000f)
core   0: 0x80007d36 (0x00008e41) c.or    a2, s0
core   0: 3 0x80007d36 (0x8e41) x12 0xfffffffa
core   0: 0x80007d38 (0x40cdd093) srai    ra, s11, 12
core   0: 3 0x80007d38 (0x40cdd093) x 1 0xfff8c000
core   0: 0x80007d3c (0x02cc90b3) mulh    ra, s9, a2
core   0: 3 0x80007d3c (0x02cc90b3) x 1 0x00000002
core   0: 0x80007d40 (0x00000001) c.nop
core   0: 3 0x80007d40 (0x0001)
core   0: 0x80007d42 (0x0000677d) c.lui   a4, 0x1f
core   0: 3 0x80007d42 (0x677d) x14 0x0001f000
core   0: 0x80007d44 (0xa2e71eb7) lui     t4, 0xa2e71
core   0: 3 0x80007d44 (0xa2e71eb7) x29 0xa2e71000
core   0: 0x80007d48 (0xfb59fc13) andi    s8, s3, -75
core   0: 3 0x80007d48 (0xfb59fc13) x24 0x8c000531
core   0: 0x80007d4c (0x03645563) bge     s0, s6, pc + 42
core   0: 3 0x80007d4c (0x03645563)
core   0: 0x80007d76 (0x004827b3) slt     a5, a6, tp
core   0: 3 0x80007d76 (0x004827b3) x15 0x00000000
core   0: 0x80007d7a (0x00000001) c.nop
core   0: 3 0x80007d7a (0x0001)
core   0: 0x80007d7c (0x17868a37) lui     s4, 0x17868
core   0: 3 0x80007d7c (0x17868a37) x20 0x17868000
core   0: 0x80007d80 (0x03d5eab3) rem     s5, a1, t4
core   0: 3 0x80007d80 (0x03d5eab3) x21 0x0000001f
core   0: 0x80007d84 (0x00000141) c.addi  sp, 16
core   0: 3 0x80007d84 (0x0141) x 2 0x000000c0
core   0: 0x80007d86 (0x03980eb3) mul     t4, a6, s9
core   0: 3 0x80007d86 (0x03980eb3) x29 0xd0a1c000
core   0: 0x80007d8a (0x0ff0000f) fence   iorw,iorw
core   0: 3 0x80007d8a (0x0ff0000f)
core   0: 0x80007d8e (0x0000138c) c.addi4spn a1, sp, 480
core   0: 3 0x80007d8e (0x138c) x11 0x000002a0
core   0: 0x80007d90 (0x00000001) c.nop
core   0: 3 0x80007d90 (0x0001)
core   0: 0x80007d92 (0x00004e99) c.li    t4, 6
core   0: 3 0x80007d92 (0x4e99) x29 0x00000006
core   0: 0x80007d94 (0x03d5e5b3) rem     a1, a1, t4
core   0: 3 0x80007d94 (0x03d5e5b3) x11 0x00000000
core   0: 0x80007d98 (0x00008c51) c.or    s0, a2
core   0: 3 0x80007d98 (0x8c51) x 8 0xfffffffa
core   0: 0x80007d9a (0x00008e81) c.sub   a3, s0
core   0: 3 0x80007d9a (0x8e81) x13 0x00000007
core   0: 0x80007d9c (0x01e1e333) or      t1, gp, t5
core   0: 3 0x80007d9c (0x01e1e333) x 6 0x00000080
core   0: 0x80007da0 (0x41385a33) sra     s4, a6, s3
core   0: 3 0x80007da0 (0x41385a33) x20 0xfffffffb
core   0: 0x80007da4 (0x0000999a) c.add   s3, t1
core   0: 3 0x80007da4 (0x999a) x19 0x8c0005b9
core   0: 0x80007da6 (0x0213e9b3) rem     s3, t2, ra
core   0: 3 0x80007da6 (0x0213e9b3) x19 0x00000000
core   0: 0x80007daa (0x03935063) bge     t1, s9, pc + 32
core   0: 3 0x80007daa (0x03935063)
core   0: 0x80007dca (0x0000805d) c.srli  s0, 23
core   0: 3 0x80007dca (0x805d) x 8 0x000001ff
core   0: 0x80007dcc (0x03d56c33) rem     s8, a0, t4
core   0: 3 0x80007dcc (0x03d56c33) x24 0x00000001
core   0: 0x80007dd0 (0xece5cb93) xori    s7, a1, -306
core   0: 3 0x80007dd0 (0xece5cb93) x23 0xfffffece
core   0: 0x80007dd4 (0x039fc2b3) div     t0, t6, s9
core   0: 3 0x80007dd4 (0x039fc2b3) x 5 0x00000000
core   0: 0x80007dd8 (0x02ace3b3) rem     t2, s9, a0
core   0: 3 0x80007dd8 (0x02ace3b3) x 7 0xfffffff5
core   0: 0x80007ddc (0x00c38663) beq     t2, a2, pc + 12
core   0: 3 0x80007ddc (0x00c38663)
core   0: 0x80007de0 (0x000084f1) c.srai  s1, 28
core   0: 3 0x80007de0 (0x84f1) x 9 0x00000000
core   0: 0x80007de2 (0x0215c0b3) div     ra, a1, ra
core   0: 3 0x80007de2 (0x0215c0b3) x 1 0x00000000
core   0: 0x80007de6 (0x00000c59) c.addi  s8, 22
core   0: 3 0x80007de6 (0x0c59) x24 0x00000017
core   0: 0x80007de8 (0x0376ec63) bltu    a3, s7, pc + 56
core   0: 3 0x80007de8 (0x0376ec63)
core   0: 0x80007e20 (0x413bddb3) sra     s11, s7, s3
core   0: 3 0x80007e20 (0x413bddb3) x27 0xfffffece
core   0: 0x80007e24 (0x0062c0b3) xor     ra, t0, t1
core   0: 3 0x80007e24 (0x0062c0b3) x 1 0x00000080
core   0: 0x80007e28 (0x03c6b5b3) mulhu   a1, a3, t3
core   0: 3 0x80007e28 (0x03c6b5b3) x11 0x00000000
core   0: 0x80007e2c (0x00009fae) c.add   t6, a1
core   0: 3 0x80007e2c (0x9fae) x31 0x00000000
core   0: 0x80007e2e (0x03561f33) mulh    t5, a2, s5
core   0: 3 0x80007e2e (0x03561f33) x30 0xffffffff
core   0: 0x80007e32 (0x0000617d) c.addi16sp sp, 496
core   0: 3 0x80007e32 (0x617d) x 2 0x000002b0
core   0: 0x80007e34 (0x0000467d) c.li    a2, 31
core   0: 3 0x80007e34 (0x467d) x12 0x0000001f
core   0: 0x80007e36 (0x00000001) c.nop
core   0: 3 0x80007e36 (0x0001)
core   0: 0x80007e38 (0x0000047e) c.slli  s0, 31
core   0: 3 0x80007e38 (0x047e) x 8 0x80000000
core   0: 0x80007e3a (0x01d3a233) slt     tp, t2, t4
core   0: 3 0x80007e3a (0x01d3a233) x 4 0x00000001
core   0: 0x80007e3e (0x05229163) bne     t0, s2, pc + 66
core   0: 3 0x80007e3e (0x05229163)
core   0: 0x80007e80 (0x00008c71) c.and   s0, a2
core   0: 3 0x80007e80 (0x8c71) x 8 0x00000000
core   0: 0x80007e82 (0x00005dfd) c.li    s11, -1
core   0: 3 0x80007e82 (0x5dfd) x27 0xffffffff
core   0: 0x80007e84 (0x00000a6a) c.slli  s4, 26
core   0: 3 0x80007e84 (0x0a6a) x20 0xec000000
core   0: 0x80007e86 (0x00000001) c.nop
core   0: 3 0x80007e86 (0x0001)
core   0: 0x80007e88 (0x0000ec81) c.bnez  s1, pc + 24
core   0: 3 0x80007e88 (0xec81)
core   0: 0x80007e8a (0x0167c663) blt     a5, s6, pc + 12
core   0: 3 0x80007e8a (0x0167c663)
core   0: 0x80007e8e (0x034eefb3) rem     t6, t4, s4
core   0: 3 0x80007e8e (0x034eefb3) x31 0x00000006
core   0: 0x80007e92 (0x01430b63) beq     t1, s4, pc + 22
core   0: 3 0x80007e92 (0x01430b63)
core   0: 0x80007e96 (0x00009afd) c.andi  a3, -1
core   0: 3 0x80007e96 (0x9afd) x13 0x00000007
core   0: 0x80007e98 (0x01c2db93) srli    s7, t0, 28
core   0: 3 0x80007e98 (0x01c2db93) x23 0x00000000
core   0: 0x80007e9c (0x021b7b33) remu    s6, s6, ra
core   0: 3 0x80007e9c (0x021b7b33) x22 0x00000000
core   0: 0x80007ea0 (0x00000001) c.nop
core   0: 3 0x80007ea0 (0x0001)
core   0: 0x80007ea2 (0x4157d213) srai    tp, a5, 21
core   0: 3 0x80007ea2 (0x4157d213) x 4 0x00000000
core   0: 0x80007ea6 (0x000086bd) c.srai  a3, 15
core   0: 3 0x80007ea6 (0x86bd) x13 0x00000000
core   0: 0x80007ea8 (0x00a8e9b3) or      s3, a7, a0
core   0: 3 0x80007ea8 (0x00a8e9b3) x19 0x80025e6d
core   0: 0x80007eac (0xea6b3393) sltiu   t2, s6, -346
core   0: 3 0x80007eac (0xea6b3393) x 7 0x00000001
core   0: 0x80007eb0 (0x0000587d) c.li    a6, -1
core   0: 3 0x80007eb0 (0x587d) x16 0xffffffff
core   0: 0x80007eb2 (0x01917c63) bgeu    sp, s9, pc + 24
core   0: 3 0x80007eb2 (0x01917c63)
core   0: 0x80007eb6 (0x00001398) c.addi4spn a4, sp, 480
core   0: 3 0x80007eb6 (0x1398) x14 0x00000490
core   0: 0x80007eb8 (0xb2ac6493) ori     s1, s8, -1238
core   0: 3 0x80007eb8 (0xb2ac6493) x 9 0xfffffb3f
core   0: 0x80007ebc (0x000091b2) c.add   gp, a2
core   0: 3 0x80007ebc (0x91b2) x 3 0x0000001f
core   0: 0x80007ebe (0xcc66f917) auipc   s2, 0xcc66f
core   0: 3 0x80007ebe (0xcc66f917) x18 0x4c676ebe
core   0: 0x80007ec2 (0x0000717d) c.addi16sp sp, -16
core   0: 3 0x80007ec2 (0x717d) x 2 0x000002a0
core   0: 0x80007ec4 (0x00008db5) c.xor   a1, a3
core   0: 3 0x80007ec4 (0x8db5) x11 0x00000000
core   0: 0x80007ec6 (0x00585b33) srl     s6, a6, t0
core   0: 3 0x80007ec6 (0x00585b33) x22 0xffffffff
core   0: 0x80007eca (0x00008de9) c.and   a1, a0
core   0: 3 0x80007eca (0x8de9) x11 0x00000000
core   0: 0x80007ecc (0x00008f45) c.or    a4, s1
core   0: 3 0x80007ecc (0x8f45) x14 0xffffffbf
core   0: 0x80007ece (0x00006c65) c.lui   s8, 0x19
core   0: 3 0x80007ece (0x6c65) x24 0x00019000
core   0: 0x80007ed0 (0x0ff0000f) fence   iorw,iorw
core   0: 3 0x80007ed0 (0x0ff0000f)
core   0: 0x80007ed4 (0x02a00563) beq     zero, a0, pc + 42
core   0: 3 0x80007ed4 (0x02a00563)
core   0: 0x80007ed8 (0x025c2733) mulhsu  a4, s8, t0
core   0: 3 0x80007ed8 (0x025c2733) x14 0x00000000
core   0: 0x80007edc (0xadbc0f13) addi    t5, s8, -1317
core   0: 3 0x80007edc (0xadbc0f13) x30 0x00018adb
core   0: 0x80007ee0 (0x00009b7d) c.andi  a4, -1
core   0: 3 0x80007ee0 (0x9b7d) x14 0x00000000
core   0: 0x80007ee2 (0x000004d9) c.addi  s1, 22
core   0: 3 0x80007ee2 (0x04d9) x 9 0xfffffb55
core   0: 0x80007ee4 (0x0177d013) srli    zero, a5, 23
core   0: 3 0x80007ee4 (0x0177d013)
core   0: 0x80007ee8 (0x00004db5) c.li    s11, 13
core   0: 3 0x80007ee8 (0x4db5) x27 0x0000000d
core   0: 0x80007eea (0x0099f733) and     a4, s3, s1
core   0: 3 0x80007eea (0x0099f733) x14 0x80025a45
core   0: 0x80007eee (0x0000e089) c.bnez  s1, pc + 2
core   0: 3 0x80007eee (0xe089)
core   0: 0x80007ef0 (0x021f4263) blt     t5, ra, pc + 36
core   0: 3 0x80007ef0 (0x021f4263)
core   0: 0x80007ef4 (0x00008c5d) c.or    s0, a5
core   0: 3 0x80007ef4 (0x8c5d) x 8 0x00000000
core   0: 0x80007ef6 (0x12defb13) andi    s6, t4, 301
core   0: 3 0x80007ef6 (0x12defb13) x22 0x00000004
core   0: 0x80007efa (0x00104e33) xor     t3, zero, ra
core   0: 3 0x80007efa (0x00104e33) x28 0x00000080
core   0: 0x80007efe (0x000087f5) c.srai  a5, 29
core   0: 3 0x80007efe (0x87f5) x15 0x00000000
core   0: 0x80007f00 (0x02444733) div     a4, s0, tp
core   0: 3 0x80007f00 (0x02444733) x14 0xffffffff
core   0: 0x80007f04 (0x99a2e413) ori     s0, t0, -1638
core   0: 3 0x80007f04 (0x99a2e413) x 8 0xfffff99a
core   0: 0x80007f08 (0x00008ce9) c.and   s1, a0
core   0: 3 0x80007f08 (0x8ce9) x 9 0x00000005
core   0: 0x80007f0a (0x004ebc33) sltu    s8, t4, tp
core   0: 3 0x80007f0a (0x004ebc33) x24 0x00000000
core   0: 0x80007f0e (0x025ecab3) div     s5, t4, t0
core   0: 3 0x80007f0e (0x025ecab3) x21 0xffffffff
core   0: 0x80007f12 (0x0000677d) c.lui   a4, 0x1f
core   0: 3 0x80007f12 (0x677d) x14 0x0001f000
core   0: 0x80007f14 (0x04b9d063) bge     s3, a1, pc + 64
core   0: 3 0x80007f14 (0x04b9d063)
core   0: 0x80007f18 (0x0248b633) mulhu   a2, a7, tp
core   0: 3 0x80007f18 (0x0248b633) x12 0x00000000
core   0: 0x80007f1c (0x0000427d) c.li    tp, 31
core   0: 3 0x80007f1c (0x427d) x 4 0x0000001f
core   0: 0x80007f1e (0x00ba8133) add     sp, s5, a1
core   0: 3 0x80007f1e (0x00ba8133) x 2 0xffffffff
core   0: 0x80007f22 (0x00238b63) beq     t2, sp, pc + 22
core   0: 3 0x80007f22 (0x00238b63)
core   0: 0x80007f26 (0x000002ba) c.slli  t0, 14
core   0: 3 0x80007f26 (0x02ba) x 5 0x00000000
core   0: 0x80007f28 (0x00008f3d) c.xor   a4, a5
core   0: 3 0x80007f28 (0x8f3d) x14 0x0001f000
core   0: 0x80007f2a (0x0219cdb3) div     s11, s3, ra
core   0: 3 0x80007f2a (0x0219cdb3) x27 0xff0004bd
core   0: 0x80007f2e (0x00008079) c.srli  s0, 30
core   0: 3 0x80007f2e (0x8079) x 8 0x00000003
core   0: 0x80007f30 (0x020a1ab3) mulh    s5, s4, zero
core   0: 3 0x80007f30 (0x020a1ab3) x21 0x00000000
core   0: 0x80007f34 (0x0000517d) c.li    sp, -1
core   0: 3 0x80007f34 (0x517d) x 2 0xffffffff
core   0: 0x80007f36 (0x00008e9e) c.mv    t4, t2
core   0: 3 0x80007f36 (0x8e9e) x29 0x00000001
core   0: 0x80007f38 (0x00008c01) c.sub   s0, s0
core   0: 3 0x80007f38 (0x8c01) x 8 0x00000000
core   0: 0x80007f3a (0x01299213) slli    tp, s3, 18
core   0: 3 0x80007f3a (0x01299213) x 4 0x79b40000
core   0: 0x80007f3e (0x0134a433) slt     s0, s1, s3
core   0: 3 0x80007f3e (0x0134a433) x 8 0x00000000
core   0: 0x80007f42 (0x00008c15) c.sub   s0, a3
core   0: 3 0x80007f42 (0x8c15) x 8 0x00000000
core   0: 0x80007f44 (0x41bc0c33) sub     s8, s8, s11
core   0: 3 0x80007f44 (0x41bc0c33) x24 0x00fffb43
core   0: 0x80007f48 (0x03228d33) mul     s10, t0, s2
core   0: 3 0x80007f48 (0x03228d33) x26 0x00000000
core   0: 0x80007f4c (0x0038e033) or      zero, a7, gp
core   0: 3 0x80007f4c (0x0038e033)
core   0: 0x80007f50 (0x41e7df93) srai    t6, a5, 30
core   0: 3 0x80007f50 (0x41e7df93) x31 0x00000000
core   0: 0x80007f54 (0x0000882d) c.andi  s0, 11
core   0: 3 0x80007f54 (0x882d) x 8 0x00000000
core   0: 0x80007f56 (0x00008359) c.srli  a4, 22
core   0: 3 0x80007f56 (0x8359) x14 0x00000000
core   0: 0x80007f58 (0x0000ec9d) c.bnez  s1, pc + 62
core   0: 3 0x80007f58 (0xec9d)
core   0: 0x80007f96 (0x0000ec91) c.bnez  s1, pc + 28
core   0: 3 0x80007f96 (0xec91)
core   0: 0x80007fb2 (0x019c5c13) srli    s8, s8, 25
core   0: 3 0x80007fb2 (0x019c5c13) x24 0x00000000
core   0: 0x80007fb6 (0x00bb4663) blt     s6, a1, pc + 12
core   0: 3 0x80007fb6 (0x00bb4663)
core   0: 0x80007fba (0x00008ee9) c.and   a3, a0
core   0: 3 0x80007fba (0x8ee9) x13 0x00000000
core   0: 0x80007fbc (0x00008711) c.srai  a4, 4
core   0: 3 0x80007fbc (0x8711) x14 0x00000000
core   0: 0x80007fbe (0x02fe1c63) bne     t3, a5, pc + 56
core   0: 3 0x80007fbe (0x02fe1c63)
core   0: 0x80007ff6 (0x02db1c63) bne     s6, a3, pc + 56
core   0: 3 0x80007ff6 (0x02db1c63)
core   0: 0x8000802e (0x00008359) c.srli  a4, 22
core   0: 3 0x8000802e (0x8359) x14 0x00000000
core   0: 0x80008030 (0x00006141) c.addi16sp sp, 16
core   0: 3 0x80008030 (0x6141) x 2 0x0000000f
core   0: 0x80008032 (0x0000835d) c.srli  a4, 23
core   0: 3 0x80008032 (0x835d) x14 0x00000000
core   0: 0x80008034 (0x016f3c33) sltu    s8, t5, s6
core   0: 3 0x80008034 (0x016f3c33) x24 0x00000000
core   0: 0x80008038 (0x01bd9913) slli    s2, s11, 27
core   0: 3 0x80008038 (0x01bd9913) x18 0xe8000000
core   0: 0x8000803c (0x0000cc99) c.beqz  s1, pc + 30
core   0: 3 0x8000803c (0xcc99)
core   0: 0x8000803e (0x00009ac2) c.add   s5, a6
core   0: 3 0x8000803e (0x9ac2) x21 0xffffffff
core   0: 0x80008040 (0x00000001) c.nop
core   0: 3 0x80008040 (0x0001)
core   0: 0x80008042 (0x017b9433) sll     s0, s7, s7
core   0: 3 0x80008042 (0x017b9433) x 8 0x00000000
core   0: 0x80008046 (0x029491b3) mulh    gp, s1, s1
core   0: 3 0x80008046 (0x029491b3) x 3 0x00000000
core   0: 0x8000804a (0x0099e5b3) or      a1, s3, s1
core   0: 3 0x8000804a (0x0099e5b3) x11 0x80025e6d
core   0: 0x8000804e (0x00009962) c.add   s2, s8
core   0: 3 0x8000804e (0x9962) x18 0xe8000000
core   0: 0x80008050 (0x0000100f) fence.i
core   0: 3 0x80008050 (0x0000100f)
core   0: 0x80008054 (0x00000001) c.nop
core   0: 3 0x80008054 (0x0001)
core   0: 0x80008056 (0x703f2237) lui     tp, 0x703f2
core   0: 3 0x80008056 (0x703f2237) x 4 0x703f2000
core   0: 0x8000805a (0x01937c33) and     s8, t1, s9
core   0: 3 0x8000805a (0x01937c33) x24 0x00000080
core   0: 0x8000805e (0x00009d4a) c.add   s10, s2
core   0: 3 0x8000805e (0x9d4a) x26 0xe8000000
core   0: 0x80008060 (0x2329ca13) xori    s4, s3, 562
core   0: 3 0x80008060 (0x2329ca13) x20 0x80025c5f
core   0: 0x80008064 (0x626a7b93) andi    s7, s4, 1574
core   0: 3 0x80008064 (0x626a7b93) x23 0x00000406
core   0: 0x80008068 (0x036704b3) mul     s1, a4, s6
core   0: 3 0x80008068 (0x036704b3) x 9 0x00000000
core   0: 0x8000806c (0x40215bb3) sra     s7, sp, sp
core   0: 3 0x8000806c (0x40215bb3) x23 0x00000000
core   0: 0x80008070 (0x00008c6d) c.and   s0, a1
core   0: 3 0x80008070 (0x8c6d) x 8 0x00000000
core   0: 0x80008072 (0x000010fd) c.addi  ra, -1
core   0: 3 0x80008072 (0x10fd) x 1 0x0000007f
core   0: 0x80008074 (0x00350f33) add     t5, a0, gp
core   0: 3 0x80008074 (0x00350f33) x30 0x0000000d
core   0: 0x80008078 (0x0000ec05) c.bnez  s0, pc + 56
core   0: 3 0x80008078 (0xec05)
core   0: 0x8000807a (0x0000ed91) c.bnez  a1, pc + 28
core   0: 3 0x8000807a (0xed91)
core   0: 0x80008096 (0x02650663) beq     a0, t1, pc + 44
core   0: 3 0x80008096 (0x02650663)
core   0: 0x8000809a (0x00008c1d) c.sub   s0, a5
core   0: 3 0x8000809a (0x8c1d) x 8 0x00000000
core   0: 0x8000809c (0x00005f7d) c.li    t5, -1
core   0: 3 0x8000809c (0x5f7d) x30 0xffffffff
core   0: 0x8000809e (0x02e76033) rem     zero, a4, a4
core   0: 3 0x8000809e (0x02e76033)
core   0: 0x800080a2 (0x00008da5) c.xor   a1, s1
core   0: 3 0x800080a2 (0x8da5) x11 0x80025e6d
core   0: 0x800080a4 (0x00f54033) xor     zero, a0, a5
core   0: 3 0x800080a4 (0x00f54033)
core   0: 0x800080a8 (0x01c9d633) srl     a2, s3, t3
core   0: 3 0x800080a8 (0x01c9d633) x12 0x80025e6d
core   0: 0x800080ac (0x00f76263) bltu    a4, a5, pc + 4
core   0: 3 0x800080ac (0x00f76263)
core   0: 0x800080b0 (0x4157de13) srai    t3, a5, 21
core   0: 3 0x800080b0 (0x4157de13) x28 0x00000000
core   0: 0x800080b4 (0x0114f9b3) and     s3, s1, a7
core   0: 3 0x800080b4 (0x0114f9b3) x19 0x00000000
core   0: 0x800080b8 (0x00000001) c.nop
core   0: 3 0x800080b8 (0x0001)
core   0: 0x800080ba (0x025f4463) blt     t5, t0, pc + 40
core   0: 3 0x800080ba (0x025f4463)
core   0: 0x800080e2 (0x00008e25) c.xor   a2, s1
core   0: 3 0x800080e2 (0x8e25) x12 0x80025e6d
core   0: 0x800080e4 (0x0000100f) fence.i
core   0: 3 0x800080e4 (0x0000100f)
core   0: 0x800080e8 (0x00311463) bne     sp, gp, pc + 8
core   0: 3 0x800080e8 (0x00311463)
core   0: 0x800080f0 (0x0422fa93) andi    s5, t0, 66
core   0: 3 0x800080f0 (0x0422fa93) x21 0x00000000
core   0: 0x800080f4 (0x00006a6d) c.lui   s4, 0x1b
core   0: 3 0x800080f4 (0x6a6d) x20 0x0001b000
core   0: 0x800080f6 (0x20c6c293) xori    t0, a3, 524
core   0: 3 0x800080f6 (0x20c6c293) x 5 0x0000020c
core   0: 0x800080fa (0x05c10163) beq     sp, t3, pc + 66
core   0: 3 0x800080fa (0x05c10163)
core   0: 0x800080fe (0x00824633) xor     a2, tp, s0
core   0: 3 0x800080fe (0x00824633) x12 0x703f2000
core   0: 0x80008102 (0x000085ad) c.srai  a1, 11
core   0: 3 0x80008102 (0x85ad) x11 0xfff0004b
core   0: 0x80008104 (0x6d688813) addi    a6, a7, 1750
core   0: 3 0x80008104 (0x6d688813) x16 0x8002653a
core   0: 0x80008108 (0x00008049) c.srli  s0, 18
core   0: 3 0x80008108 (0x8049) x 8 0x00000000
core   0: 0x8000810a (0x3c713d93) sltiu   s11, sp, 967
core   0: 3 0x8000810a (0x3c713d93) x27 0x00000001
core   0: 0x8000810e (0xe4633137) lui     sp, 0xe4633
core   0: 3 0x8000810e (0xe4633137) x 2 0xe4633000
core   0: 0x80008112 (0x039d5963) bge     s10, s9, pc + 50
core   0: 3 0x80008112 (0x039d5963)
core   0: 0x80008144 (0x02a1d033) divu    zero, gp, a0
core   0: 3 0x80008144 (0x02a1d033)
core   0: 0x80008148 (0xe65e3637) lui     a2, 0xe65e3
core   0: 3 0x80008148 (0xe65e3637) x12 0xe65e3000
core   0: 0x8000814c (0x000000f6) c.slli  ra, 29
core   0: 3 0x8000814c (0x00f6) x 1 0xe0000000
core   0: 0x8000814e (0x019de263) bltu    s11, s9, pc + 4
core   0: 3 0x8000814e (0x019de263)
core   0: 0x80008152 (0x00009f5e) c.add   t5, s7
core   0: 3 0x80008152 (0x9f5e) x30 0xffffffff
core   0: 0x80008154 (0x001f9c13) slli    s8, t6, 1
core   0: 3 0x80008154 (0x001f9c13) x24 0x00000000
core   0: 0x80008158 (0x04cc5363) bge     s8, a2, pc + 70
core   0: 3 0x80008158 (0x04cc5363)
core   0: 0x8000819e (0x00008842) c.mv    a6, a6
core   0: 3 0x8000819e (0x8842) x16 0x8002653a
core   0: 0x800081a0 (0x027e1eb3) mulh    t4, t3, t2
core   0: 3 0x800081a0 (0x027e1eb3) x29 0x00000000
core   0: 0x800081a4 (0x0351dfb3) divu    t6, gp, s5
core   0: 3 0x800081a4 (0x0351dfb3) x31 0xffffffff
core   0: 0x800081a8 (0x03c9dc63) bge     s3, t3, pc + 56
core   0: 3 0x800081a8 (0x03c9dc63)
core   0: 0x800081e0 (0x2d2e0d13) addi    s10, t3, 722
core   0: 3 0x800081e0 (0x2d2e0d13) x26 0x000002d2
core   0: 0x800081e4 (0xb5823593) sltiu   a1, tp, -1192
core   0: 3 0x800081e4 (0xb5823593) x11 0x00000001
core   0: 0x800081e8 (0x028a4a63) blt     s4, s0, pc + 52
core   0: 3 0x800081e8 (0x028a4a63)
core   0: 0x800081ec (0x0000610d) c.addi16sp sp, 160
core   0: 3 0x800081ec (0x610d) x 2 0xe46330a0
core   0: 0x800081ee (0x010c57b3) srl     a5, s8, a6
core   0: 3 0x800081ee (0x010c57b3) x15 0x00000000
core   0: 0x800081f2 (0x03f9d263) bge     s3, t6, pc + 36
core   0: 3 0x800081f2 (0x03f9d263)
core   0: 0x80008216 (0x41e55193) srai    gp, a0, 30
core   0: 3 0x80008216 (0x41e55193) x 3 0x00000000
core   0: 0x8000821a (0x000000c6) c.slli  ra, 17
core   0: 3 0x8000821a (0x00c6) x 1 0x00000000
core   0: 0x8000821c (0x01da84b3) add     s1, s5, t4
core   0: 3 0x8000821c (0x01da84b3) x 9 0x00000000
core   0: 0x80008220 (0x01c47f33) and     t5, s0, t3
core   0: 3 0x80008220 (0x01c47f33) x30 0x00000000
core   0: 0x80008224 (0x00006ac1) c.lui   s5, 0x10
core   0: 3 0x80008224 (0x6ac1) x21 0x00010000
core   0: 0x80008226 (0x000087b1) c.srai  a5, 12
core   0: 3 0x80008226 (0x87b1) x15 0x00000000
core   0: 0x80008228 (0x000015fd) c.addi  a1, -1
core   0: 3 0x80008228 (0x15fd) x11 0x00000000
core   0: 0x8000822a (0x3bf8fa37) lui     s4, 0x3bf8f
core   0: 3 0x8000822a (0x3bf8fa37) x20 0x3bf8f000
core   0: 0x8000822e (0x03be6b33) rem     s6, t3, s11
core   0: 3 0x8000822e (0x03be6b33) x22 0x00000000
core   0: 0x80008232 (0x032f7663) bgeu    t5, s2, pc + 44
core   0: 3 0x80008232 (0x032f7663)
core   0: 0x80008236 (0x000065c5) c.lui   a1, 0x11
core   0: 3 0x80008236 (0x65c5) x11 0x00011000
core   0: 0x80008238 (0x00b25213) srli    tp, tp, 11
core   0: 3 0x80008238 (0x00b25213) x 4 0x000e07e4
core   0: 0x8000823c (0x02629b63) bne     t0, t1, pc + 54
core   0: 3 0x8000823c (0x02629b63)
core   0: 0x80008272 (0x01e29963) bne     t0, t5, pc + 18
core   0: 3 0x80008272 (0x01e29963)
core   0: 0x80008284 (0x4032df93) srai    t6, t0, 3
core   0: 3 0x80008284 (0x4032df93) x31 0x00000041
core   0: 0x80008288 (0x02611733) mulh    a4, sp, t1
core   0: 3 0x80008288 (0x02611733) x14 0xfffffff2
core   0: 0x8000828c (0x00004a25) c.li    s4, 9
core   0: 3 0x8000828c (0x4a25) x20 0x00000009
core   0: 0x8000828e (0x00d7d133) srl     sp, a5, a3
core   0: 3 0x8000828e (0x00d7d133) x 2 0x00000000
core   0: 0x80008292 (0x00006705) c.lui   a4, 0x1
core   0: 3 0x80008292 (0x6705) x14 0x00001000
core   0: 0x80008294 (0x419e04b3) sub     s1, t3, s9
core   0: 3 0x80008294 (0x419e04b3) x 9 0x7ffd631c
core   0: 0x80008298 (0x00006a45) c.lui   s4, 0x11
core   0: 3 0x80008298 (0x6a45) x20 0x00011000
core   0: 0x8000829a (0x03a6d5b3) divu    a1, a3, s10
core   0: 3 0x8000829a (0x03a6d5b3) x11 0x00000000
core   0: 0x8000829e (0x03c36433) rem     s0, t1, t3
core   0: 3 0x8000829e (0x03c36433) x 8 0x00000080
core   0: 0x800082a2 (0x000083b1) c.srli  a5, 12
core   0: 3 0x800082a2 (0x83b1) x15 0x00000000
core   0: 0x800082a4 (0xeaa43a13) sltiu   s4, s0, -342
core   0: 3 0x800082a4 (0xeaa43a13) x20 0x00000001
core   0: 0x800082a8 (0x03c05863) bge     zero, t3, pc + 48
core   0: 3 0x800082a8 (0x03c05863)
core   0: 0x800082d8 (0x00006acd) c.lui   s5, 0x13
core   0: 3 0x800082d8 (0x6acd) x21 0x00013000
core   0: 0x800082da (0x0145fe63) bgeu    a1, s4, pc + 28
core   0: 3 0x800082da (0x0145fe63)
core   0: 0x800082de (0x011d7463) bgeu    s10, a7, pc + 8
core   0: 3 0x800082de (0x011d7463)
core   0: 0x800082e2 (0x026a4233) div     tp, s4, t1
core   0: 3 0x800082e2 (0x026a4233) x 4 0x00000000
core   0: 0x800082e6 (0x0eb09eb7) lui     t4, 0xeb09
core   0: 3 0x800082e6 (0x0eb09eb7) x29 0x0eb09000
core   0: 0x800082ea (0x0167f433) and     s0, a5, s6
core   0: 3 0x800082ea (0x0167f433) x 8 0x00000000
core   0: 0x800082ee (0x02a5fc33) remu    s8, a1, a0
core   0: 3 0x800082ee (0x02a5fc33) x24 0x00000000
core   0: 0x800082f2 (0x0000459d) c.li    a1, 7
core   0: 3 0x800082f2 (0x459d) x11 0x00000007
core   0: 0x800082f4 (0x000049ad) c.li    s3, 11
core   0: 3 0x800082f4 (0x49ad) x19 0x0000000b
core   0: 0x800082f6 (0x03471eb3) mulh    t4, a4, s4
core   0: 3 0x800082f6 (0x03471eb3) x29 0x00000000
core   0: 0x800082fa (0x0036bf33) sltu    t5, a3, gp
core   0: 3 0x800082fa (0x0036bf33) x30 0x00000000
core   0: 0x800082fe (0x0000100f) fence.i
core   0: 3 0x800082fe (0x0000100f)
core   0: 0x80008302 (0x00008309) c.srli  a4, 2
core   0: 3 0x80008302 (0x8309) x14 0x00000400
core   0: 0x80008304 (0x13797d93) andi    s11, s2, 311
core   0: 3 0x80008304 (0x13797d93) x27 0x00000000
core   0: 0x80008308 (0x02d3bc33) mulhu   s8, t2, a3
core   0: 3 0x80008308 (0x02d3bc33) x24 0x00000000
core   0: 0x8000830c (0x00008e25) c.xor   a2, s1
core   0: 3 0x8000830c (0x8e25) x12 0x99a3531c
core   0: 0x8000830e (0x02baf1b3) remu    gp, s5, a1
core   0: 3 0x8000830e (0x02baf1b3) x 3 0x00000005
core   0: 0x80008312 (0x4d702e13) slti    t3, zero, 1239
core   0: 3 0x80008312 (0x4d702e13) x28 0x00000001
core   0: 0x80008316 (0x00008ce5) c.and   s1, s1
core   0: 3 0x80008316 (0x8ce5) x 9 0x7ffd631c
core   0: 0x80008318 (0x0000717d) c.addi16sp sp, -16
core   0: 3 0x80008318 (0x717d) x 2 0xfffffff0
core   0: 0x8000831a (0x019a2d33) slt     s10, s4, s9
core   0: 3 0x8000831a (0x019a2d33) x26 0x00000000
core   0: 0x8000831e (0x000b9d13) slli    s10, s7, 0
core   0: 3 0x8000831e (0x000b9d13) x26 0x00000000
core   0: 0x80008322 (0x03a624b3) mulhsu  s1, a2, s10
core   0: 3 0x80008322 (0x03a624b3) x 9 0x00000000
core   0: 0x80008326 (0x000084b9) c.srai  s1, 14
core   0: 3 0x80008326 (0x84b9) x 9 0x00000000
core   0: 0x80008328 (0x00035e33) srl     t3, t1, zero
core   0: 3 0x80008328 (0x00035e33) x28 0x00000080
core   0: 0x8000832c (0x03f2e233) rem     tp, t0, t6
core   0: 3 0x8000832c (0x03f2e233) x 4 0x00000004
core   0: 0x80008330 (0x000084b1) c.srai  s1, 12
core   0: 3 0x80008330 (0x84b1) x 9 0x00000000
core   0: 0x80008332 (0xe9f7b393) sltiu   t2, a5, -353
core   0: 3 0x80008332 (0xe9f7b393) x 7 0x00000001
core   0: 0x80008336 (0x0382f833) remu    a6, t0, s8
core   0: 3 0x80008336 (0x0382f833) x16 0x0000020c
core   0: 0x8000833a (0x00000b96) c.slli  s7, 5
core   0: 3 0x8000833a (0x0b96) x23 0x00000000
core   0: 0x8000833c (0x00006951) c.lui   s2, 0x14
core   0: 3 0x8000833c (0x6951) x18 0x00014000
core   0: 0x8000833e (0x01ded213) srli    tp, t4, 29
core   0: 3 0x8000833e (0x01ded213) x 4 0x00000000
core   0: 0x80008342 (0x0000c611) c.beqz  a2, pc + 12
core   0: 3 0x80008342 (0xc611)
core   0: 0x80008344 (0x71564e13) xori    t3, a2, 1813
core   0: 3 0x80008344 (0x71564e13) x28 0x99a35409
core   0: 0x80008348 (0x03176b63) bltu    a4, a7, pc + 54
core   0: 3 0x80008348 (0x03176b63)
core   0: 0x8000837e (0x01d95713) srli    a4, s2, 29
core   0: 3 0x8000837e (0x01d95713) x14 0x00000000
core   0: 0x80008382 (0x00008c45) c.or    s0, s1
core   0: 3 0x80008382 (0x8c45) x 8 0x00000000
core   0: 0x80008384 (0x41ac5333) sra     t1, s8, s10
core   0: 3 0x80008384 (0x41ac5333) x 6 0x00000000
core   0: 0x80008388 (0x00104333) xor     t1, zero, ra
core   0: 3 0x80008388 (0x00104333) x 6 0x00000000
core   0: 0x8000838c (0x41ac00b3) sub     ra, s8, s10
core   0: 3 0x8000838c (0x41ac00b3) x 1 0x00000000
core   0: 0x80008390 (0x6c3ca793) slti    a5, s9, 1731
core   0: 3 0x80008390 (0x6c3ca793) x15 0x00000001
core   0: 0x80008394 (0x02de8d63) beq     t4, a3, pc + 58
core   0: 3 0x80008394 (0x02de8d63)
core   0: 0x800083ce (0x00545f13) srli    t5, s0, 5
core   0: 3 0x800083ce (0x00545f13) x30 0x00000000
core   0: 0x800083d2 (0x00008da1) c.xor   a1, s0
core   0: 3 0x800083d2 (0x8da1) x11 0x00000007
core   0: 0x800083d4 (0x00311833) sll     a6, sp, gp
core   0: 3 0x800083d4 (0x00311833) x16 0xfffffe00
core   0: 0x800083d8 (0x00008c7d) c.and   s0, a5
core   0: 3 0x800083d8 (0x8c7d) x 8 0x00000000
core   0: 0x800083da (0x00008cb9) c.xor   s1, a4
core   0: 3 0x800083da (0x8cb9) x 9 0x00000000
core   0: 0x800083dc (0x000055fd) c.li    a1, -1
core   0: 3 0x800083dc (0x55fd) x11 0xffffffff
core   0: 0x800083de (0x00008fed) c.and   a5, a1
core   0: 3 0x800083de (0x8fed) x15 0x00000001
core   0: 0x800083e0 (0x7667a493) slti    s1, a5, 1894
core   0: 3 0x800083e0 (0x7667a493) x 9 0x00000001
core   0: 0x800083e4 (0x006ff0b3) and     ra, t6, t1
core   0: 3 0x800083e4 (0x006ff0b3) x 1 0x00000000
core   0: 0x800083e8 (0x05dc6163) bltu    s8, t4, pc + 66
core   0: 3 0x800083e8 (0x05dc6163)
core   0: 0x800083ec (0x00000001) c.nop
core   0: 3 0x800083ec (0x0001)
core   0: 0x800083ee (0x401103b3) sub     t2, sp, ra
core   0: 3 0x800083ee (0x401103b3) x 7 0xfffffff0
core   0: 0x800083f2 (0x4097da33) sra     s4, a5, s1
core   0: 3 0x800083f2 (0x4097da33) x20 0x00000000
core   0: 0x800083f6 (0x02336d33) rem     s10, t1, gp
core   0: 3 0x800083f6 (0x02336d33) x26 0x00000000
core   0: 0x800083fa (0x000098fd) c.andi  s1, -1
core   0: 3 0x800083fa (0x98fd) x 9 0x00000001
core   0: 0x800083fc (0x0ff0000f) fence   iorw,iorw
core   0: 3 0x800083fc (0x0ff0000f)
core   0: 0x80008400 (0x01deab33) slt     s6, t4, t4
core   0: 3 0x80008400 (0x01deab33) x22 0x00000000
core   0: 0x80008404 (0x000062d1) c.lui   t0, 0x14
core   0: 3 0x80008404 (0x62d1) x 5 0x00014000
core   0: 0x80008406 (0x7d73f493) andi    s1, t2, 2007
core   0: 3 0x80008406 (0x7d73f493) x 9 0x000007d0
core   0: 0x8000840a (0xa224f613) andi    a2, s1, -1502
core   0: 3 0x8000840a (0xa224f613) x12 0x00000200
core   0: 0x8000840e (0x0000100f) fence.i
core   0: 3 0x8000840e (0x0000100f)
core   0: 0x80008412 (0x00008efd) c.and   a3, a5
core   0: 3 0x80008412 (0x8efd) x13 0x00000000
core   0: 0x80008414 (0x00008869) c.andi  s0, 26
core   0: 3 0x80008414 (0x8869) x 8 0x00000000
core   0: 0x80008416 (0x04006463) bltu    zero, zero, pc + 72
core   0: 3 0x80008416 (0x04006463)
core   0: 0x8000841a (0x401705b3) sub     a1, a4, ra
core   0: 3 0x8000841a (0x401705b3) x11 0x00000000
core   0: 0x8000841e (0x03a8d163) bge     a7, s10, pc + 34
core   0: 3 0x8000841e (0x03a8d163)
core   0: 0x80008422 (0x04696363) bltu    s2, t1, pc + 70
core   0: 3 0x80008422 (0x04696363)
core   0: 0x80008426 (0x005cda13) srli    s4, s9, 5
core   0: 3 0x80008426 (0x005cda13) x20 0x040014e7
core   0: 0x8000842a (0x40345b33) sra     s6, s0, gp
core   0: 3 0x8000842a (0x40345b33) x22 0x00000000
core   0: 0x8000842e (0x0ff0000f) fence   iorw,iorw
core   0: 3 0x8000842e (0x0ff0000f)
core   0: 0x80008432 (0x01201263) bne     zero, s2, pc + 4
core   0: 3 0x80008432 (0x01201263)
core   0: 0x80008436 (0x01f31f63) bne     t1, t6, pc + 30
core   0: 3 0x80008436 (0x01f31f63)
core   0: 0x80008454 (0x00000001) c.nop
core   0: 3 0x80008454 (0x0001)
core   0: 0x80008456 (0x024a9a33) mulh    s4, s5, tp
core   0: 3 0x80008456 (0x024a9a33) x20 0x00000000
core   0: 0x8000845a (0x0ff0000f) fence   iorw,iorw
core   0: 3 0x8000845a (0x0ff0000f)
core   0: 0x8000845e (0xd57a3c17) auipc   s8, 0xd57a3
core   0: 3 0x8000845e (0xd57a3c17) x24 0x557ab45e
core   0: 0x80008462 (0x00000001) c.nop
core   0: 3 0x80008462 (0x0001)
core   0: 0x80008464 (0x0017ebb3) or      s7, a5, ra
core   0: 3 0x80008464 (0x0017ebb3) x23 0x00000001
core   0: 0x80008468 (0x00d3d2b3) srl     t0, t2, a3
core   0: 3 0x80008468 (0x00d3d2b3) x 5 0xfffffff0
core   0: 0x8000846c (0x00008221) c.srli  a2, 8
core   0: 3 0x8000846c (0x8221) x12 0x00000002
core   0: 0x8000846e (0x0000717d) c.addi16sp sp, -16
core   0: 3 0x8000846e (0x717d) x 2 0xffffffe0
core   0: 0x80008470 (0x00001afd) c.addi  s5, -1
core   0: 3 0x80008470 (0x1afd) x21 0x00012fff
core   0: 0x80008472 (0x50dbed93) ori     s11, s7, 1293
core   0: 3 0x80008472 (0x50dbed93) x27 0x0000050d
core   0: 0x80008476 (0x01869b63) bne     a3, s8, pc + 22
core   0: 3 0x80008476 (0x01869b63)
core   0: 0x8000848c (0x000096d2) c.add   a3, s4
core   0: 3 0x8000848c (0x96d2) x13 0x00000000
core   0: 0x8000848e (0x00000f3e) c.slli  t5, 15
core   0: 3 0x8000848e (0x0f3e) x30 0x00000000
core   0: 0x80008490 (0xff700413) li      s0, -9
core   0: 3 0x80008490 (0xff700413) x 8 0xfffffff7
core   0: 0x80008494 (0x0310ec33) rem     s8, ra, a7
core   0: 3 0x80008494 (0x0310ec33) x24 0x00000000
core   0: 0x80008498 (0x0000824d) c.srli  a2, 19
core   0: 3 0x80008498 (0x824d) x12 0x00000000
core   0: 0x8000849a (0x00000001) c.nop
core   0: 3 0x8000849a (0x0001)
core   0: 0x8000849c (0x0199c833) xor     a6, s3, s9
core   0: 3 0x8000849c (0x0199c833) x16 0x80029cef
core   0: 0x800084a0 (0x10ebaa93) slti    s5, s7, 270
core   0: 3 0x800084a0 (0x10ebaa93) x21 0x00000001
core   0: 0x800084a4 (0x2919e793) ori     a5, s3, 657
core   0: 3 0x800084a4 (0x2919e793) x15 0x0000029b
core   0: 0x800084a8 (0x40de50b3) sra     ra, t3, a3
core   0: 3 0x800084a8 (0x40de50b3) x 1 0x99a35409
core   0: 0x800084ac (0x9c67f113) andi    sp, a5, -1594
core   0: 3 0x800084ac (0x9c67f113) x 2 0x00000082
core   0: 0x800084b0 (0x00000405) c.addi  s0, 1
core   0: 3 0x800084b0 (0x0405) x 8 0xfffffff8
core   0: 0x800084b2 (0xba523a13) sltiu   s4, tp, -1115
core   0: 3 0x800084b2 (0xba523a13) x20 0x00000001
core   0: 0x800084b6 (0x00a00493) li      s1, 10
core   0: 3 0x800084b6 (0x00a00493) x 9 0x0000000a
core   0: 0x800084ba (0x026bbab3) mulhu   s5, s7, t1
core   0: 3 0x800084ba (0x026bbab3) x21 0x00000000
core   0: 0x800084be (0xff800f93) li      t6, -8
core   0: 3 0x800084be (0xff800f93) x31 0xfffffff8
core   0: 0x800084c2 (0xadc8b913) sltiu   s2, a7, -1316
core   0: 3 0x800084c2 (0xadc8b913) x18 0x00000001
core   0: 0x800084c6 (0x000014f1) c.addi  s1, -4
core   0: 3 0x800084c6 (0x14f1) x 9 0x00000006
core   0: 0x800084c8 (0x02ec9f33) mulh    t5, s9, a4
core   0: 3 0x800084c8 (0x02ec9f33) x30 0x00000000
core   0: 0x800084cc (0x00aa52b3) srl     t0, s4, a0
core   0: 3 0x800084cc (0x00aa52b3) x 5 0x00000000
core   0: 0x800084d0 (0xfff4d9e3) bge     s1, t6, pc - 14
core   0: 3 0x800084d0 (0xfff4d9e3)
core   0: 0x800084c2 (0xadc8b913) sltiu   s2, a7, -1316
core   0: 3 0x800084c2 (0xadc8b913) x18 0x00000001
core   0: 0x800084c6 (0x000014f1) c.addi  s1, -4
core   0: 3 0x800084c6 (0x14f1) x 9 0x00000002
core   0: 0x800084c8 (0x02ec9f33) mulh    t5, s9, a4
core   0: 3 0x800084c8 (0x02ec9f33) x30 0x00000000
core   0: 0x800084cc (0x00aa52b3) srl     t0, s4, a0
core   0: 3 0x800084cc (0x00aa52b3) x 5 0x00000000
core   0: 0x800084d0 (0xfff4d9e3) bge     s1, t6, pc - 14
core   0: 3 0x800084d0 (0xfff4d9e3)
core   0: 0x800084c2 (0xadc8b913) sltiu   s2, a7, -1316
core   0: 3 0x800084c2 (0xadc8b913) x18 0x00000001
core   0: 0x800084c6 (0x000014f1) c.addi  s1, -4
core   0: 3 0x800084c6 (0x14f1) x 9 0xfffffffe
core   0: 0x800084c8 (0x02ec9f33) mulh    t5, s9, a4
core   0: 3 0x800084c8 (0x02ec9f33) x30 0x00000000
core   0: 0x800084cc (0x00aa52b3) srl     t0, s4, a0
core   0: 3 0x800084cc (0x00aa52b3) x 5 0x00000000
core   0: 0x800084d0 (0xfff4d9e3) bge     s1, t6, pc - 14
core   0: 3 0x800084d0 (0xfff4d9e3)
core   0: 0x800084c2 (0xadc8b913) sltiu   s2, a7, -1316
core   0: 3 0x800084c2 (0xadc8b913) x18 0x00000001
core   0: 0x800084c6 (0x000014f1) c.addi  s1, -4
core   0: 3 0x800084c6 (0x14f1) x 9 0xfffffffa
core   0: 0x800084c8 (0x02ec9f33) mulh    t5, s9, a4
core   0: 3 0x800084c8 (0x02ec9f33) x30 0x00000000
core   0: 0x800084cc (0x00aa52b3) srl     t0, s4, a0
core   0: 3 0x800084cc (0x00aa52b3) x 5 0x00000000
core   0: 0x800084d0 (0xfff4d9e3) bge     s1, t6, pc - 14
core   0: 3 0x800084d0 (0xfff4d9e3)
core   0: 0x800084c2 (0xadc8b913) sltiu   s2, a7, -1316
core   0: 3 0x800084c2 (0xadc8b913) x18 0x00000001
core   0: 0x800084c6 (0x000014f1) c.addi  s1, -4
core   0: 3 0x800084c6 (0x14f1) x 9 0xfffffff6
core   0: 0x800084c8 (0x02ec9f33) mulh    t5, s9, a4
core   0: 3 0x800084c8 (0x02ec9f33) x30 0x00000000
core   0: 0x800084cc (0x00aa52b3) srl     t0, s4, a0
core   0: 3 0x800084cc (0x00aa52b3) x 5 0x00000000
core   0: 0x800084d0 (0xfff4d9e3) bge     s1, t6, pc - 14
core   0: 3 0x800084d0 (0xfff4d9e3)
core   0: 0x800084d4 (0x014093b3) sll     t2, ra, s4
core   0: 3 0x800084d4 (0x014093b3) x 7 0x3346a812
core   0: 0x800084d8 (0x0000f871) c.bnez  s0, pc - 44
core   0: 3 0x800084d8 (0xf871)
core   0: 0x800084ac (0x9c67f113) andi    sp, a5, -1594
core   0: 3 0x800084ac (0x9c67f113) x 2 0x00000082
core   0: 0x800084b0 (0x00000405) c.addi  s0, 1
core   0: 3 0x800084b0 (0x0405) x 8 0xfffffff9
core   0: 0x800084b2 (0xba523a13) sltiu   s4, tp, -1115
core   0: 3 0x800084b2 (0xba523a13) x20 0x00000001
core   0: 0x800084b6 (0x00a00493) li      s1, 10
core   0: 3 0x800084b6 (0x00a00493) x 9 0x0000000a
core   0: 0x800084ba (0x026bbab3) mulhu   s5, s7, t1
core   0: 3 0x800084ba (0x026bbab3) x21 0x00000000
core   0: 0x800084be (0xff800f93) li      t6, -8
core   0: 3 0x800084be (0xff800f93) x31 0xfffffff8
core   0: 0x800084c2 (0xadc8b913) sltiu   s2, a7, -1316
core   0: 3 0x800084c2 (0xadc8b913) x18 0x00000001
core   0: 0x800084c6 (0x000014f1) c.addi  s1, -4
core   0: 3 0x800084c6 (0x14f1) x 9 0x00000006
core   0: 0x800084c8 (0x02ec9f33) mulh    t5, s9, a4
core   0: 3 0x800084c8 (0x02ec9f33) x30 0x00000000
core   0: 0x800084cc (0x00aa52b3) srl     t0, s4, a0
core   0: 3 0x800084cc (0x00aa52b3) x 5 0x00000000
core   0: 0x800084d0 (0xfff4d9e3) bge     s1, t6, pc - 14
core   0: 3 0x800084d0 (0xfff4d9e3)
core   0: 0x800084c2 (0xadc8b913) sltiu   s2, a7, -1316
core   0: 3 0x800084c2 (0xadc8b913) x18 0x00000001
core   0: 0x800084c6 (0x000014f1) c.addi  s1, -4
core   0: 3 0x800084c6 (0x14f1) x 9 0x00000002
core   0: 0x800084c8 (0x02ec9f33) mulh    t5, s9, a4
core   0: 3 0x800084c8 (0x02ec9f33) x30 0x00000000
core   0: 0x800084cc (0x00aa52b3) srl     t0, s4, a0
core   0: 3 0x800084cc (0x00aa52b3) x 5 0x00000000
core   0: 0x800084d0 (0xfff4d9e3) bge     s1, t6, pc - 14
core   0: 3 0x800084d0 (0xfff4d9e3)
core   0: 0x800084c2 (0xadc8b913) sltiu   s2, a7, -1316
core   0: 3 0x800084c2 (0xadc8b913) x18 0x00000001
core   0: 0x800084c6 (0x000014f1) c.addi  s1, -4
core   0: 3 0x800084c6 (0x14f1) x 9 0xfffffffe
core   0: 0x800084c8 (0x02ec9f33) mulh    t5, s9, a4
core   0: 3 0x800084c8 (0x02ec9f33) x30 0x00000000
core   0: 0x800084cc (0x00aa52b3) srl     t0, s4, a0
core   0: 3 0x800084cc (0x00aa52b3) x 5 0x00000000
core   0: 0x800084d0 (0xfff4d9e3) bge     s1, t6, pc - 14
core   0: 3 0x800084d0 (0xfff4d9e3)
core   0: 0x800084c2 (0xadc8b913) sltiu   s2, a7, -1316
core   0: 3 0x800084c2 (0xadc8b913) x18 0x00000001
core   0: 0x800084c6 (0x000014f1) c.addi  s1, -4
core   0: 3 0x800084c6 (0x14f1) x 9 0xfffffffa
core   0: 0x800084c8 (0x02ec9f33) mulh    t5, s9, a4
core   0: 3 0x800084c8 (0x02ec9f33) x30 0x00000000
core   0: 0x800084cc (0x00aa52b3) srl     t0, s4, a0
core   0: 3 0x800084cc (0x00aa52b3) x 5 0x00000000
core   0: 0x800084d0 (0xfff4d9e3) bge     s1, t6, pc - 14
core   0: 3 0x800084d0 (0xfff4d9e3)
core   0: 0x800084c2 (0xadc8b913) sltiu   s2, a7, -1316
core   0: 3 0x800084c2 (0xadc8b913) x18 0x00000001
core   0: 0x800084c6 (0x000014f1) c.addi  s1, -4
core   0: 3 0x800084c6 (0x14f1) x 9 0xfffffff6
core   0: 0x800084c8 (0x02ec9f33) mulh    t5, s9, a4
core   0: 3 0x800084c8 (0x02ec9f33) x30 0x00000000
core   0: 0x800084cc (0x00aa52b3) srl     t0, s4, a0
core   0: 3 0x800084cc (0x00aa52b3) x 5 0x00000000
core   0: 0x800084d0 (0xfff4d9e3) bge     s1, t6, pc - 14
core   0: 3 0x800084d0 (0xfff4d9e3)
core   0: 0x800084d4 (0x014093b3) sll     t2, ra, s4
core   0: 3 0x800084d4 (0x014093b3) x 7 0x3346a812
core   0: 0x800084d8 (0x0000f871) c.bnez  s0, pc - 44
core   0: 3 0x800084d8 (0xf871)
core   0: 0x800084ac (0x9c67f113) andi    sp, a5, -1594
core   0: 3 0x800084ac (0x9c67f113) x 2 0x00000082
core   0: 0x800084b0 (0x00000405) c.addi  s0, 1
core   0: 3 0x800084b0 (0x0405) x 8 0xfffffffa
core   0: 0x800084b2 (0xba523a13) sltiu   s4, tp, -1115
core   0: 3 0x800084b2 (0xba523a13) x20 0x00000001
core   0: 0x800084b6 (0x00a00493) li      s1, 10
core   0: 3 0x800084b6 (0x00a00493) x 9 0x0000000a
core   0: 0x800084ba (0x026bbab3) mulhu   s5, s7, t1
core   0: 3 0x800084ba (0x026bbab3) x21 0x00000000
core   0: 0x800084be (0xff800f93) li      t6, -8
core   0: 3 0x800084be (0xff800f93) x31 0xfffffff8
core   0: 0x800084c2 (0xadc8b913) sltiu   s2, a7, -1316
core   0: 3 0x800084c2 (0xadc8b913) x18 0x00000001
core   0: 0x800084c6 (0x000014f1) c.addi  s1, -4
core   0: 3 0x800084c6 (0x14f1) x 9 0x00000006
core   0: 0x800084c8 (0x02ec9f33) mulh    t5, s9, a4
core   0: 3 0x800084c8 (0x02ec9f33) x30 0x00000000
core   0: 0x800084cc (0x00aa52b3) srl     t0, s4, a0
core   0: 3 0x800084cc (0x00aa52b3) x 5 0x00000000
core   0: 0x800084d0 (0xfff4d9e3) bge     s1, t6, pc - 14
core   0: 3 0x800084d0 (0xfff4d9e3)
core   0: 0x800084c2 (0xadc8b913) sltiu   s2, a7, -1316
core   0: 3 0x800084c2 (0xadc8b913) x18 0x00000001
core   0: 0x800084c6 (0x000014f1) c.addi  s1, -4
core   0: 3 0x800084c6 (0x14f1) x 9 0x00000002
core   0: 0x800084c8 (0x02ec9f33) mulh    t5, s9, a4
core   0: 3 0x800084c8 (0x02ec9f33) x30 0x00000000
core   0: 0x800084cc (0x00aa52b3) srl     t0, s4, a0
core   0: 3 0x800084cc (0x00aa52b3) x 5 0x00000000
core   0: 0x800084d0 (0xfff4d9e3) bge     s1, t6, pc - 14
core   0: 3 0x800084d0 (0xfff4d9e3)
core   0: 0x800084c2 (0xadc8b913) sltiu   s2, a7, -1316
core   0: 3 0x800084c2 (0xadc8b913) x18 0x00000001
core   0: 0x800084c6 (0x000014f1) c.addi  s1, -4
core   0: 3 0x800084c6 (0x14f1) x 9 0xfffffffe
core   0: 0x800084c8 (0x02ec9f33) mulh    t5, s9, a4
core   0: 3 0x800084c8 (0x02ec9f33) x30 0x00000000
core   0: 0x800084cc (0x00aa52b3) srl     t0, s4, a0
core   0: 3 0x800084cc (0x00aa52b3) x 5 0x00000000
core   0: 0x800084d0 (0xfff4d9e3) bge     s1, t6, pc - 14
core   0: 3 0x800084d0 (0xfff4d9e3)
core   0: 0x800084c2 (0xadc8b913) sltiu   s2, a7, -1316
core   0: 3 0x800084c2 (0xadc8b913) x18 0x00000001
core   0: 0x800084c6 (0x000014f1) c.addi  s1, -4
core   0: 3 0x800084c6 (0x14f1) x 9 0xfffffffa
core   0: 0x800084c8 (0x02ec9f33) mulh    t5, s9, a4
core   0: 3 0x800084c8 (0x02ec9f33) x30 0x00000000
core   0: 0x800084cc (0x00aa52b3) srl     t0, s4, a0
core   0: 3 0x800084cc (0x00aa52b3) x 5 0x00000000
core   0: 0x800084d0 (0xfff4d9e3) bge     s1, t6, pc - 14
core   0: 3 0x800084d0 (0xfff4d9e3)
core   0: 0x800084c2 (0xadc8b913) sltiu   s2, a7, -1316
core   0: 3 0x800084c2 (0xadc8b913) x18 0x00000001
core   0: 0x800084c6 (0x000014f1) c.addi  s1, -4
core   0: 3 0x800084c6 (0x14f1) x 9 0xfffffff6
core   0: 0x800084c8 (0x02ec9f33) mulh    t5, s9, a4
core   0: 3 0x800084c8 (0x02ec9f33) x30 0x00000000
core   0: 0x800084cc (0x00aa52b3) srl     t0, s4, a0
core   0: 3 0x800084cc (0x00aa52b3) x 5 0x00000000
core   0: 0x800084d0 (0xfff4d9e3) bge     s1, t6, pc - 14
core   0: 3 0x800084d0 (0xfff4d9e3)
core   0: 0x800084d4 (0x014093b3) sll     t2, ra, s4
core   0: 3 0x800084d4 (0x014093b3) x 7 0x3346a812
core   0: 0x800084d8 (0x0000f871) c.bnez  s0, pc - 44
core   0: 3 0x800084d8 (0xf871)
core   0: 0x800084ac (0x9c67f113) andi    sp, a5, -1594
core   0: 3 0x800084ac (0x9c67f113) x 2 0x00000082
core   0: 0x800084b0 (0x00000405) c.addi  s0, 1
core   0: 3 0x800084b0 (0x0405) x 8 0xfffffffb
core   0: 0x800084b2 (0xba523a13) sltiu   s4, tp, -1115
core   0: 3 0x800084b2 (0xba523a13) x20 0x00000001
core   0: 0x800084b6 (0x00a00493) li      s1, 10
core   0: 3 0x800084b6 (0x00a00493) x 9 0x0000000a
core   0: 0x800084ba (0x026bbab3) mulhu   s5, s7, t1
core   0: 3 0x800084ba (0x026bbab3) x21 0x00000000
core   0: 0x800084be (0xff800f93) li      t6, -8
core   0: 3 0x800084be (0xff800f93) x31 0xfffffff8
core   0: 0x800084c2 (0xadc8b913) sltiu   s2, a7, -1316
core   0: 3 0x800084c2 (0xadc8b913) x18 0x00000001
core   0: 0x800084c6 (0x000014f1) c.addi  s1, -4
core   0: 3 0x800084c6 (0x14f1) x 9 0x00000006
core   0: 0x800084c8 (0x02ec9f33) mulh    t5, s9, a4
core   0: 3 0x800084c8 (0x02ec9f33) x30 0x00000000
core   0: 0x800084cc (0x00aa52b3) srl     t0, s4, a0
core   0: 3 0x800084cc (0x00aa52b3) x 5 0x00000000
core   0: 0x800084d0 (0xfff4d9e3) bge     s1, t6, pc - 14
core   0: 3 0x800084d0 (0xfff4d9e3)
core   0: 0x800084c2 (0xadc8b913) sltiu   s2, a7, -1316
core   0: 3 0x800084c2 (0xadc8b913) x18 0x00000001
core   0: 0x800084c6 (0x000014f1) c.addi  s1, -4
core   0: 3 0x800084c6 (0x14f1) x 9 0x00000002
core   0: 0x800084c8 (0x02ec9f33) mulh    t5, s9, a4
core   0: 3 0x800084c8 (0x02ec9f33) x30 0x00000000
core   0: 0x800084cc (0x00aa52b3) srl     t0, s4, a0
core   0: 3 0x800084cc (0x00aa52b3) x 5 0x00000000
core   0: 0x800084d0 (0xfff4d9e3) bge     s1, t6, pc - 14
core   0: 3 0x800084d0 (0xfff4d9e3)
core   0: 0x800084c2 (0xadc8b913) sltiu   s2, a7, -1316
core   0: 3 0x800084c2 (0xadc8b913) x18 0x00000001
core   0: 0x800084c6 (0x000014f1) c.addi  s1, -4
core   0: 3 0x800084c6 (0x14f1) x 9 0xfffffffe
core   0: 0x800084c8 (0x02ec9f33) mulh    t5, s9, a4
core   0: 3 0x800084c8 (0x02ec9f33) x30 0x00000000
core   0: 0x800084cc (0x00aa52b3) srl     t0, s4, a0
core   0: 3 0x800084cc (0x00aa52b3) x 5 0x00000000
core   0: 0x800084d0 (0xfff4d9e3) bge     s1, t6, pc - 14
core   0: 3 0x800084d0 (0xfff4d9e3)
core   0: 0x800084c2 (0xadc8b913) sltiu   s2, a7, -1316
core   0: 3 0x800084c2 (0xadc8b913) x18 0x00000001
core   0: 0x800084c6 (0x000014f1) c.addi  s1, -4
core   0: 3 0x800084c6 (0x14f1) x 9 0xfffffffa
core   0: 0x800084c8 (0x02ec9f33) mulh    t5, s9, a4
core   0: 3 0x800084c8 (0x02ec9f33) x30 0x00000000
core   0: 0x800084cc (0x00aa52b3) srl     t0, s4, a0
core   0: 3 0x800084cc (0x00aa52b3) x 5 0x00000000
core   0: 0x800084d0 (0xfff4d9e3) bge     s1, t6, pc - 14
core   0: 3 0x800084d0 (0xfff4d9e3)
core   0: 0x800084c2 (0xadc8b913) sltiu   s2, a7, -1316
core   0: 3 0x800084c2 (0xadc8b913) x18 0x00000001
core   0: 0x800084c6 (0x000014f1) c.addi  s1, -4
core   0: 3 0x800084c6 (0x14f1) x 9 0xfffffff6
core   0: 0x800084c8 (0x02ec9f33) mulh    t5, s9, a4
core   0: 3 0x800084c8 (0x02ec9f33) x30 0x00000000
core   0: 0x800084cc (0x00aa52b3) srl     t0, s4, a0
core   0: 3 0x800084cc (0x00aa52b3) x 5 0x00000000
core   0: 0x800084d0 (0xfff4d9e3) bge     s1, t6, pc - 14
core   0: 3 0x800084d0 (0xfff4d9e3)
core   0: 0x800084d4 (0x014093b3) sll     t2, ra, s4
core   0: 3 0x800084d4 (0x014093b3) x 7 0x3346a812
core   0: 0x800084d8 (0x0000f871) c.bnez  s0, pc - 44
core   0: 3 0x800084d8 (0xf871)
core   0: 0x800084ac (0x9c67f113) andi    sp, a5, -1594
core   0: 3 0x800084ac (0x9c67f113) x 2 0x00000082
core   0: 0x800084b0 (0x00000405) c.addi  s0, 1
core   0: 3 0x800084b0 (0x0405) x 8 0xfffffffc
core   0: 0x800084b2 (0xba523a13) sltiu   s4, tp, -1115
core   0: 3 0x800084b2 (0xba523a13) x20 0x00000001
core   0: 0x800084b6 (0x00a00493) li      s1, 10
core   0: 3 0x800084b6 (0x00a00493) x 9 0x0000000a
core   0: 0x800084ba (0x026bbab3) mulhu   s5, s7, t1
core   0: 3 0x800084ba (0x026bbab3) x21 0x00000000
core   0: 0x800084be (0xff800f93) li      t6, -8
core   0: 3 0x800084be (0xff800f93) x31 0xfffffff8
core   0: 0x800084c2 (0xadc8b913) sltiu   s2, a7, -1316
core   0: 3 0x800084c2 (0xadc8b913) x18 0x00000001
core   0: 0x800084c6 (0x000014f1) c.addi  s1, -4
core   0: 3 0x800084c6 (0x14f1) x 9 0x00000006
core   0: 0x800084c8 (0x02ec9f33) mulh    t5, s9, a4
core   0: 3 0x800084c8 (0x02ec9f33) x30 0x00000000
core   0: 0x800084cc (0x00aa52b3) srl     t0, s4, a0
core   0: 3 0x800084cc (0x00aa52b3) x 5 0x00000000
core   0: 0x800084d0 (0xfff4d9e3) bge     s1, t6, pc - 14
core   0: 3 0x800084d0 (0xfff4d9e3)
core   0: 0x800084c2 (0xadc8b913) sltiu   s2, a7, -1316
core   0: 3 0x800084c2 (0xadc8b913) x18 0x00000001
core   0: 0x800084c6 (0x000014f1) c.addi  s1, -4
core   0: 3 0x800084c6 (0x14f1) x 9 0x00000002
core   0: 0x800084c8 (0x02ec9f33) mulh    t5, s9, a4
core   0: 3 0x800084c8 (0x02ec9f33) x30 0x00000000
core   0: 0x800084cc (0x00aa52b3) srl     t0, s4, a0
core   0: 3 0x800084cc (0x00aa52b3) x 5 0x00000000
core   0: 0x800084d0 (0xfff4d9e3) bge     s1, t6, pc - 14
core   0: 3 0x800084d0 (0xfff4d9e3)
core   0: 0x800084c2 (0xadc8b913) sltiu   s2, a7, -1316
core   0: 3 0x800084c2 (0xadc8b913) x18 0x00000001
core   0: 0x800084c6 (0x000014f1) c.addi  s1, -4
core   0: 3 0x800084c6 (0x14f1) x 9 0xfffffffe
core   0: 0x800084c8 (0x02ec9f33) mulh    t5, s9, a4
core   0: 3 0x800084c8 (0x02ec9f33) x30 0x00000000
core   0: 0x800084cc (0x00aa52b3) srl     t0, s4, a0
core   0: 3 0x800084cc (0x00aa52b3) x 5 0x00000000
core   0: 0x800084d0 (0xfff4d9e3) bge     s1, t6, pc - 14
core   0: 3 0x800084d0 (0xfff4d9e3)
core   0: 0x800084c2 (0xadc8b913) sltiu   s2, a7, -1316
core   0: 3 0x800084c2 (0xadc8b913) x18 0x00000001
core   0: 0x800084c6 (0x000014f1) c.addi  s1, -4
core   0: 3 0x800084c6 (0x14f1) x 9 0xfffffffa
core   0: 0x800084c8 (0x02ec9f33) mulh    t5, s9, a4
core   0: 3 0x800084c8 (0x02ec9f33) x30 0x00000000
core   0: 0x800084cc (0x00aa52b3) srl     t0, s4, a0
core   0: 3 0x800084cc (0x00aa52b3) x 5 0x00000000
core   0: 0x800084d0 (0xfff4d9e3) bge     s1, t6, pc - 14
core   0: 3 0x800084d0 (0xfff4d9e3)
core   0: 0x800084c2 (0xadc8b913) sltiu   s2, a7, -1316
core   0: 3 0x800084c2 (0xadc8b913) x18 0x00000001
core   0: 0x800084c6 (0x000014f1) c.addi  s1, -4
core   0: 3 0x800084c6 (0x14f1) x 9 0xfffffff6
core   0: 0x800084c8 (0x02ec9f33) mulh    t5, s9, a4
core   0: 3 0x800084c8 (0x02ec9f33) x30 0x00000000
core   0: 0x800084cc (0x00aa52b3) srl     t0, s4, a0
core   0: 3 0x800084cc (0x00aa52b3) x 5 0x00000000
core   0: 0x800084d0 (0xfff4d9e3) bge     s1, t6, pc - 14
core   0: 3 0x800084d0 (0xfff4d9e3)
core   0: 0x800084d4 (0x014093b3) sll     t2, ra, s4
core   0: 3 0x800084d4 (0x014093b3) x 7 0x3346a812
core   0: 0x800084d8 (0x0000f871) c.bnez  s0, pc - 44
core   0: 3 0x800084d8 (0xf871)
core   0: 0x800084ac (0x9c67f113) andi    sp, a5, -1594
core   0: 3 0x800084ac (0x9c67f113) x 2 0x00000082
core   0: 0x800084b0 (0x00000405) c.addi  s0, 1
core   0: 3 0x800084b0 (0x0405) x 8 0xfffffffd
core   0: 0x800084b2 (0xba523a13) sltiu   s4, tp, -1115
core   0: 3 0x800084b2 (0xba523a13) x20 0x00000001
core   0: 0x800084b6 (0x00a00493) li      s1, 10
core   0: 3 0x800084b6 (0x00a00493) x 9 0x0000000a
core   0: 0x800084ba (0x026bbab3) mulhu   s5, s7, t1
core   0: 3 0x800084ba (0x026bbab3) x21 0x00000000
core   0: 0x800084be (0xff800f93) li      t6, -8
core   0: 3 0x800084be (0xff800f93) x31 0xfffffff8
core   0: 0x800084c2 (0xadc8b913) sltiu   s2, a7, -1316
core   0: 3 0x800084c2 (0xadc8b913) x18 0x00000001
core   0: 0x800084c6 (0x000014f1) c.addi  s1, -4
core   0: 3 0x800084c6 (0x14f1) x 9 0x00000006
core   0: 0x800084c8 (0x02ec9f33) mulh    t5, s9, a4
core   0: 3 0x800084c8 (0x02ec9f33) x30 0x00000000
core   0: 0x800084cc (0x00aa52b3) srl     t0, s4, a0
core   0: 3 0x800084cc (0x00aa52b3) x 5 0x00000000
core   0: 0x800084d0 (0xfff4d9e3) bge     s1, t6, pc - 14
core   0: 3 0x800084d0 (0xfff4d9e3)
core   0: 0x800084c2 (0xadc8b913) sltiu   s2, a7, -1316
core   0: 3 0x800084c2 (0xadc8b913) x18 0x00000001
core   0: 0x800084c6 (0x000014f1) c.addi  s1, -4
core   0: 3 0x800084c6 (0x14f1) x 9 0x00000002
core   0: 0x800084c8 (0x02ec9f33) mulh    t5, s9, a4
core   0: 3 0x800084c8 (0x02ec9f33) x30 0x00000000
core   0: 0x800084cc (0x00aa52b3) srl     t0, s4, a0
core   0: 3 0x800084cc (0x00aa52b3) x 5 0x00000000
core   0: 0x800084d0 (0xfff4d9e3) bge     s1, t6, pc - 14
core   0: 3 0x800084d0 (0xfff4d9e3)
core   0: 0x800084c2 (0xadc8b913) sltiu   s2, a7, -1316
core   0: 3 0x800084c2 (0xadc8b913) x18 0x00000001
core   0: 0x800084c6 (0x000014f1) c.addi  s1, -4
core   0: 3 0x800084c6 (0x14f1) x 9 0xfffffffe
core   0: 0x800084c8 (0x02ec9f33) mulh    t5, s9, a4
core   0: 3 0x800084c8 (0x02ec9f33) x30 0x00000000
core   0: 0x800084cc (0x00aa52b3) srl     t0, s4, a0
core   0: 3 0x800084cc (0x00aa52b3) x 5 0x00000000
core   0: 0x800084d0 (0xfff4d9e3) bge     s1, t6, pc - 14
core   0: 3 0x800084d0 (0xfff4d9e3)
core   0: 0x800084c2 (0xadc8b913) sltiu   s2, a7, -1316
core   0: 3 0x800084c2 (0xadc8b913) x18 0x00000001
core   0: 0x800084c6 (0x000014f1) c.addi  s1, -4
core   0: 3 0x800084c6 (0x14f1) x 9 0xfffffffa
core   0: 0x800084c8 (0x02ec9f33) mulh    t5, s9, a4
core   0: 3 0x800084c8 (0x02ec9f33) x30 0x00000000
core   0: 0x800084cc (0x00aa52b3) srl     t0, s4, a0
core   0: 3 0x800084cc (0x00aa52b3) x 5 0x00000000
core   0: 0x800084d0 (0xfff4d9e3) bge     s1, t6, pc - 14
core   0: 3 0x800084d0 (0xfff4d9e3)
core   0: 0x800084c2 (0xadc8b913) sltiu   s2, a7, -1316
core   0: 3 0x800084c2 (0xadc8b913) x18 0x00000001
core   0: 0x800084c6 (0x000014f1) c.addi  s1, -4
core   0: 3 0x800084c6 (0x14f1) x 9 0xfffffff6
core   0: 0x800084c8 (0x02ec9f33) mulh    t5, s9, a4
core   0: 3 0x800084c8 (0x02ec9f33) x30 0x00000000
core   0: 0x800084cc (0x00aa52b3) srl     t0, s4, a0
core   0: 3 0x800084cc (0x00aa52b3) x 5 0x00000000
core   0: 0x800084d0 (0xfff4d9e3) bge     s1, t6, pc - 14
core   0: 3 0x800084d0 (0xfff4d9e3)
core   0: 0x800084d4 (0x014093b3) sll     t2, ra, s4
core   0: 3 0x800084d4 (0x014093b3) x 7 0x3346a812
core   0: 0x800084d8 (0x0000f871) c.bnez  s0, pc - 44
core   0: 3 0x800084d8 (0xf871)
core   0: 0x800084ac (0x9c67f113) andi    sp, a5, -1594
core   0: 3 0x800084ac (0x9c67f113) x 2 0x00000082
core   0: 0x800084b0 (0x00000405) c.addi  s0, 1
core   0: 3 0x800084b0 (0x0405) x 8 0xfffffffe
core   0: 0x800084b2 (0xba523a13) sltiu   s4, tp, -1115
core   0: 3 0x800084b2 (0xba523a13) x20 0x00000001
core   0: 0x800084b6 (0x00a00493) li      s1, 10
core   0: 3 0x800084b6 (0x00a00493) x 9 0x0000000a
core   0: 0x800084ba (0x026bbab3) mulhu   s5, s7, t1
core   0: 3 0x800084ba (0x026bbab3) x21 0x00000000
core   0: 0x800084be (0xff800f93) li      t6, -8
core   0: 3 0x800084be (0xff800f93) x31 0xfffffff8
core   0: 0x800084c2 (0xadc8b913) sltiu   s2, a7, -1316
core   0: 3 0x800084c2 (0xadc8b913) x18 0x00000001
core   0: 0x800084c6 (0x000014f1) c.addi  s1, -4
core   0: 3 0x800084c6 (0x14f1) x 9 0x00000006
core   0: 0x800084c8 (0x02ec9f33) mulh    t5, s9, a4
core   0: 3 0x800084c8 (0x02ec9f33) x30 0x00000000
core   0: 0x800084cc (0x00aa52b3) srl     t0, s4, a0
core   0: 3 0x800084cc (0x00aa52b3) x 5 0x00000000
core   0: 0x800084d0 (0xfff4d9e3) bge     s1, t6, pc - 14
core   0: 3 0x800084d0 (0xfff4d9e3)
core   0: 0x800084c2 (0xadc8b913) sltiu   s2, a7, -1316
core   0: 3 0x800084c2 (0xadc8b913) x18 0x00000001
core   0: 0x800084c6 (0x000014f1) c.addi  s1, -4
core   0: 3 0x800084c6 (0x14f1) x 9 0x00000002
core   0: 0x800084c8 (0x02ec9f33) mulh    t5, s9, a4
core   0: 3 0x800084c8 (0x02ec9f33) x30 0x00000000
core   0: 0x800084cc (0x00aa52b3) srl     t0, s4, a0
core   0: 3 0x800084cc (0x00aa52b3) x 5 0x00000000
core   0: 0x800084d0 (0xfff4d9e3) bge     s1, t6, pc - 14
core   0: 3 0x800084d0 (0xfff4d9e3)
core   0: 0x800084c2 (0xadc8b913) sltiu   s2, a7, -1316
core   0: 3 0x800084c2 (0xadc8b913) x18 0x00000001
core   0: 0x800084c6 (0x000014f1) c.addi  s1, -4
core   0: 3 0x800084c6 (0x14f1) x 9 0xfffffffe
core   0: 0x800084c8 (0x02ec9f33) mulh    t5, s9, a4
core   0: 3 0x800084c8 (0x02ec9f33) x30 0x00000000
core   0: 0x800084cc (0x00aa52b3) srl     t0, s4, a0
core   0: 3 0x800084cc (0x00aa52b3) x 5 0x00000000
core   0: 0x800084d0 (0xfff4d9e3) bge     s1, t6, pc - 14
core   0: 3 0x800084d0 (0xfff4d9e3)
core   0: 0x800084c2 (0xadc8b913) sltiu   s2, a7, -1316
core   0: 3 0x800084c2 (0xadc8b913) x18 0x00000001
core   0: 0x800084c6 (0x000014f1) c.addi  s1, -4
core   0: 3 0x800084c6 (0x14f1) x 9 0xfffffffa
core   0: 0x800084c8 (0x02ec9f33) mulh    t5, s9, a4
core   0: 3 0x800084c8 (0x02ec9f33) x30 0x00000000
core   0: 0x800084cc (0x00aa52b3) srl     t0, s4, a0
core   0: 3 0x800084cc (0x00aa52b3) x 5 0x00000000
core   0: 0x800084d0 (0xfff4d9e3) bge     s1, t6, pc - 14
core   0: 3 0x800084d0 (0xfff4d9e3)
core   0: 0x800084c2 (0xadc8b913) sltiu   s2, a7, -1316
core   0: 3 0x800084c2 (0xadc8b913) x18 0x00000001
core   0: 0x800084c6 (0x000014f1) c.addi  s1, -4
core   0: 3 0x800084c6 (0x14f1) x 9 0xfffffff6
core   0: 0x800084c8 (0x02ec9f33) mulh    t5, s9, a4
core   0: 3 0x800084c8 (0x02ec9f33) x30 0x00000000
core   0: 0x800084cc (0x00aa52b3) srl     t0, s4, a0
core   0: 3 0x800084cc (0x00aa52b3) x 5 0x00000000
core   0: 0x800084d0 (0xfff4d9e3) bge     s1, t6, pc - 14
core   0: 3 0x800084d0 (0xfff4d9e3)
core   0: 0x800084d4 (0x014093b3) sll     t2, ra, s4
core   0: 3 0x800084d4 (0x014093b3) x 7 0x3346a812
core   0: 0x800084d8 (0x0000f871) c.bnez  s0, pc - 44
core   0: 3 0x800084d8 (0xf871)
core   0: 0x800084ac (0x9c67f113) andi    sp, a5, -1594
core   0: 3 0x800084ac (0x9c67f113) x 2 0x00000082
core   0: 0x800084b0 (0x00000405) c.addi  s0, 1
core   0: 3 0x800084b0 (0x0405) x 8 0xffffffff
core   0: 0x800084b2 (0xba523a13) sltiu   s4, tp, -1115
core   0: 3 0x800084b2 (0xba523a13) x20 0x00000001
core   0: 0x800084b6 (0x00a00493) li      s1, 10
core   0: 3 0x800084b6 (0x00a00493) x 9 0x0000000a
core   0: 0x800084ba (0x026bbab3) mulhu   s5, s7, t1
core   0: 3 0x800084ba (0x026bbab3) x21 0x00000000
core   0: 0x800084be (0xff800f93) li      t6, -8
core   0: 3 0x800084be (0xff800f93) x31 0xfffffff8
core   0: 0x800084c2 (0xadc8b913) sltiu   s2, a7, -1316
core   0: 3 0x800084c2 (0xadc8b913) x18 0x00000001
core   0: 0x800084c6 (0x000014f1) c.addi  s1, -4
core   0: 3 0x800084c6 (0x14f1) x 9 0x00000006
core   0: 0x800084c8 (0x02ec9f33) mulh    t5, s9, a4
core   0: 3 0x800084c8 (0x02ec9f33) x30 0x00000000
core   0: 0x800084cc (0x00aa52b3) srl     t0, s4, a0
core   0: 3 0x800084cc (0x00aa52b3) x 5 0x00000000
core   0: 0x800084d0 (0xfff4d9e3) bge     s1, t6, pc - 14
core   0: 3 0x800084d0 (0xfff4d9e3)
core   0: 0x800084c2 (0xadc8b913) sltiu   s2, a7, -1316
core   0: 3 0x800084c2 (0xadc8b913) x18 0x00000001
core   0: 0x800084c6 (0x000014f1) c.addi  s1, -4
core   0: 3 0x800084c6 (0x14f1) x 9 0x00000002
core   0: 0x800084c8 (0x02ec9f33) mulh    t5, s9, a4
core   0: 3 0x800084c8 (0x02ec9f33) x30 0x00000000
core   0: 0x800084cc (0x00aa52b3) srl     t0, s4, a0
core   0: 3 0x800084cc (0x00aa52b3) x 5 0x00000000
core   0: 0x800084d0 (0xfff4d9e3) bge     s1, t6, pc - 14
core   0: 3 0x800084d0 (0xfff4d9e3)
core   0: 0x800084c2 (0xadc8b913) sltiu   s2, a7, -1316
core   0: 3 0x800084c2 (0xadc8b913) x18 0x00000001
core   0: 0x800084c6 (0x000014f1) c.addi  s1, -4
core   0: 3 0x800084c6 (0x14f1) x 9 0xfffffffe
core   0: 0x800084c8 (0x02ec9f33) mulh    t5, s9, a4
core   0: 3 0x800084c8 (0x02ec9f33) x30 0x00000000
core   0: 0x800084cc (0x00aa52b3) srl     t0, s4, a0
core   0: 3 0x800084cc (0x00aa52b3) x 5 0x00000000
core   0: 0x800084d0 (0xfff4d9e3) bge     s1, t6, pc - 14
core   0: 3 0x800084d0 (0xfff4d9e3)
core   0: 0x800084c2 (0xadc8b913) sltiu   s2, a7, -1316
core   0: 3 0x800084c2 (0xadc8b913) x18 0x00000001
core   0: 0x800084c6 (0x000014f1) c.addi  s1, -4
core   0: 3 0x800084c6 (0x14f1) x 9 0xfffffffa
core   0: 0x800084c8 (0x02ec9f33) mulh    t5, s9, a4
core   0: 3 0x800084c8 (0x02ec9f33) x30 0x00000000
core   0: 0x800084cc (0x00aa52b3) srl     t0, s4, a0
core   0: 3 0x800084cc (0x00aa52b3) x 5 0x00000000
core   0: 0x800084d0 (0xfff4d9e3) bge     s1, t6, pc - 14
core   0: 3 0x800084d0 (0xfff4d9e3)
core   0: 0x800084c2 (0xadc8b913) sltiu   s2, a7, -1316
core   0: 3 0x800084c2 (0xadc8b913) x18 0x00000001
core   0: 0x800084c6 (0x000014f1) c.addi  s1, -4
core   0: 3 0x800084c6 (0x14f1) x 9 0xfffffff6
core   0: 0x800084c8 (0x02ec9f33) mulh    t5, s9, a4
core   0: 3 0x800084c8 (0x02ec9f33) x30 0x00000000
core   0: 0x800084cc (0x00aa52b3) srl     t0, s4, a0
core   0: 3 0x800084cc (0x00aa52b3) x 5 0x00000000
core   0: 0x800084d0 (0xfff4d9e3) bge     s1, t6, pc - 14
core   0: 3 0x800084d0 (0xfff4d9e3)
core   0: 0x800084d4 (0x014093b3) sll     t2, ra, s4
core   0: 3 0x800084d4 (0x014093b3) x 7 0x3346a812
core   0: 0x800084d8 (0x0000f871) c.bnez  s0, pc - 44
core   0: 3 0x800084d8 (0xf871)
core   0: 0x800084ac (0x9c67f113) andi    sp, a5, -1594
core   0: 3 0x800084ac (0x9c67f113) x 2 0x00000082
core   0: 0x800084b0 (0x00000405) c.addi  s0, 1
core   0: 3 0x800084b0 (0x0405) x 8 0x00000000
core   0: 0x800084b2 (0xba523a13) sltiu   s4, tp, -1115
core   0: 3 0x800084b2 (0xba523a13) x20 0x00000001
core   0: 0x800084b6 (0x00a00493) li      s1, 10
core   0: 3 0x800084b6 (0x00a00493) x 9 0x0000000a
core   0: 0x800084ba (0x026bbab3) mulhu   s5, s7, t1
core   0: 3 0x800084ba (0x026bbab3) x21 0x00000000
core   0: 0x800084be (0xff800f93) li      t6, -8
core   0: 3 0x800084be (0xff800f93) x31 0xfffffff8
core   0: 0x800084c2 (0xadc8b913) sltiu   s2, a7, -1316
core   0: 3 0x800084c2 (0xadc8b913) x18 0x00000001
core   0: 0x800084c6 (0x000014f1) c.addi  s1, -4
core   0: 3 0x800084c6 (0x14f1) x 9 0x00000006
core   0: 0x800084c8 (0x02ec9f33) mulh    t5, s9, a4
core   0: 3 0x800084c8 (0x02ec9f33) x30 0x00000000
core   0: 0x800084cc (0x00aa52b3) srl     t0, s4, a0
core   0: 3 0x800084cc (0x00aa52b3) x 5 0x00000000
core   0: 0x800084d0 (0xfff4d9e3) bge     s1, t6, pc - 14
core   0: 3 0x800084d0 (0xfff4d9e3)
core   0: 0x800084c2 (0xadc8b913) sltiu   s2, a7, -1316
core   0: 3 0x800084c2 (0xadc8b913) x18 0x00000001
core   0: 0x800084c6 (0x000014f1) c.addi  s1, -4
core   0: 3 0x800084c6 (0x14f1) x 9 0x00000002
core   0: 0x800084c8 (0x02ec9f33) mulh    t5, s9, a4
core   0: 3 0x800084c8 (0x02ec9f33) x30 0x00000000
core   0: 0x800084cc (0x00aa52b3) srl     t0, s4, a0
core   0: 3 0x800084cc (0x00aa52b3) x 5 0x00000000
core   0: 0x800084d0 (0xfff4d9e3) bge     s1, t6, pc - 14
core   0: 3 0x800084d0 (0xfff4d9e3)
core   0: 0x800084c2 (0xadc8b913) sltiu   s2, a7, -1316
core   0: 3 0x800084c2 (0xadc8b913) x18 0x00000001
core   0: 0x800084c6 (0x000014f1) c.addi  s1, -4
core   0: 3 0x800084c6 (0x14f1) x 9 0xfffffffe
core   0: 0x800084c8 (0x02ec9f33) mulh    t5, s9, a4
core   0: 3 0x800084c8 (0x02ec9f33) x30 0x00000000
core   0: 0x800084cc (0x00aa52b3) srl     t0, s4, a0
core   0: 3 0x800084cc (0x00aa52b3) x 5 0x00000000
core   0: 0x800084d0 (0xfff4d9e3) bge     s1, t6, pc - 14
core   0: 3 0x800084d0 (0xfff4d9e3)
core   0: 0x800084c2 (0xadc8b913) sltiu   s2, a7, -1316
core   0: 3 0x800084c2 (0xadc8b913) x18 0x00000001
core   0: 0x800084c6 (0x000014f1) c.addi  s1, -4
core   0: 3 0x800084c6 (0x14f1) x 9 0xfffffffa
core   0: 0x800084c8 (0x02ec9f33) mulh    t5, s9, a4
core   0: 3 0x800084c8 (0x02ec9f33) x30 0x00000000
core   0: 0x800084cc (0x00aa52b3) srl     t0, s4, a0
core   0: 3 0x800084cc (0x00aa52b3) x 5 0x00000000
core   0: 0x800084d0 (0xfff4d9e3) bge     s1, t6, pc - 14
core   0: 3 0x800084d0 (0xfff4d9e3)
core   0: 0x800084c2 (0xadc8b913) sltiu   s2, a7, -1316
core   0: 3 0x800084c2 (0xadc8b913) x18 0x00000001
core   0: 0x800084c6 (0x000014f1) c.addi  s1, -4
core   0: 3 0x800084c6 (0x14f1) x 9 0xfffffff6
core   0: 0x800084c8 (0x02ec9f33) mulh    t5, s9, a4
core   0: 3 0x800084c8 (0x02ec9f33) x30 0x00000000
core   0: 0x800084cc (0x00aa52b3) srl     t0, s4, a0
core   0: 3 0x800084cc (0x00aa52b3) x 5 0x00000000
core   0: 0x800084d0 (0xfff4d9e3) bge     s1, t6, pc - 14
core   0: 3 0x800084d0 (0xfff4d9e3)
core   0: 0x800084d4 (0x014093b3) sll     t2, ra, s4
core   0: 3 0x800084d4 (0x014093b3) x 7 0x3346a812
core   0: 0x800084d8 (0x0000f871) c.bnez  s0, pc - 44
core   0: 3 0x800084d8 (0xf871)
core   0: 0x800084da (0xa2e1c613) xori    a2, gp, -1490
core   0: 3 0x800084da (0xa2e1c613) x12 0xfffffa2b
core   0: 0x800084de (0x00008f5d) c.or    a4, a5
core   0: 3 0x800084de (0x8f5d) x14 0x0000029b
core   0: 0x800084e0 (0x00001814) c.addi4spn a3, sp, 48
core   0: 3 0x800084e0 (0x1814) x13 0x000000b2
core   0: 0x800084e2 (0xb63fe213) ori     tp, t6, -1181
core   0: 3 0x800084e2 (0xb63fe213) x 4 0xfffffffb
core   0: 0x800084e6 (0x40e0d133) sra     sp, ra, a4
core   0: 3 0x800084e6 (0x40e0d133) x 2 0xfffffff3
core   0: 0x800084ea (0x05cc0063) beq     s8, t3, pc + 64
core   0: 3 0x800084ea (0x05cc0063)
core   0: 0x800084ee (0x00008c81) c.sub   s1, s0
core   0: 3 0x800084ee (0x8c81) x 9 0xfffffff6
core   0: 0x800084f0 (0x0000911e) c.add   sp, t2
core   0: 3 0x800084f0 (0x911e) x 2 0x3346a805
core   0: 0x800084f2 (0x392d3d93) sltiu   s11, s10, 914
core   0: 3 0x800084f2 (0x392d3d93) x27 0x00000001
core   0: 0x800084f6 (0x40175393) srai    t2, a4, 1
core   0: 3 0x800084f6 (0x40175393) x 7 0x0000014d
core   0: 0x800084fa (0x02cb6663) bltu    s6, a2, pc + 44
core   0: 3 0x800084fa (0x02cb6663)
core   0: 0x80008526 (0x01eb89b3) add     s3, s7, t5
core   0: 3 0x80008526 (0x01eb89b3) x19 0x00000001
core   0: 0x8000852a (0x00008a7a) c.mv    s4, t5
core   0: 3 0x8000852a (0x8a7a) x20 0x00000000
core   0: 0x8000852c (0x007a4033) xor     zero, s4, t2
core   0: 3 0x8000852c (0x007a4033)
core   0: 0x80008530 (0x6e99cb93) xori    s7, s3, 1769
core   0: 3 0x80008530 (0x6e99cb93) x23 0x000006e8
core   0: 0x80008534 (0x0000717d) c.addi16sp sp, -16
core   0: 3 0x80008534 (0x717d) x 2 0x3346a7f5
core   0: 0x80008536 (0x25847b13) andi    s6, s0, 600
core   0: 3 0x80008536 (0x25847b13) x22 0x00000000
core   0: 0x8000853a (0x417fdab3) sra     s5, t6, s7
core   0: 3 0x8000853a (0x417fdab3) x21 0xffffffff
core   0: 0x8000853e (0x00e329b3) slt     s3, t1, a4
core   0: 3 0x8000853e (0x00e329b3) x19 0x00000001
core   0: 0x80008542 (0x02f19963) bne     gp, a5, pc + 50
core   0: 3 0x80008542 (0x02f19963)
core   0: 0x80008574 (0x0000100f) fence.i
core   0: 3 0x80008574 (0x0000100f)
core   0: 0x80008578 (0x018de633) or      a2, s11, s8
core   0: 3 0x80008578 (0x018de633) x12 0x00000001
core   0: 0x8000857c (0x00af1833) sll     a6, t5, a0
core   0: 3 0x8000857c (0x00af1833) x16 0x00000000
core   0: 0x80008580 (0x00006ba1) c.lui   s7, 0x8
core   0: 3 0x80008580 (0x6ba1) x23 0x00008000
core   0: 0x80008582 (0x0000e3a1) c.bnez  a5, pc + 64
core   0: 3 0x80008582 (0xe3a1)
core   0: 0x800085c2 (0x01d0aeb3) slt     t4, ra, t4
core   0: 3 0x800085c2 (0x01d0aeb3) x29 0x00000001
core   0: 0x800085c6 (0x02824c33) div     s8, tp, s0
core   0: 3 0x800085c6 (0x02824c33) x24 0xffffffff
core   0: 0x800085ca (0x3e622193) slti    gp, tp, 998
core   0: 3 0x800085ca (0x3e622193) x 3 0x00000001
core   0: 0x800085ce (0x00000a90) c.addi4spn a2, sp, 336
core   0: 3 0x800085ce (0x0a90) x12 0x3346a945
core   0: 0x800085d0 (0x000086f5) c.srai  a3, 29
core   0: 3 0x800085d0 (0x86f5) x13 0x00000000
core   0: 0x800085d2 (0x02097c63) bgeu    s2, zero, pc + 56
core   0: 3 0x800085d2 (0x02097c63)
core   0: 0x8000860a (0x019be5b3) or      a1, s7, s9
core   0: 3 0x8000860a (0x019be5b3) x11 0x80029ce4
core   0: 0x8000860e (0x01c1d863) bge     gp, t3, pc + 16
core   0: 3 0x8000860e (0x01c1d863)
core   0: 0x8000861e (0x0030adb3) slt     s11, ra, gp
core   0: 3 0x8000861e (0x0030adb3) x27 0x00000001
core   0: 0x80008622 (0x0000cf89) c.beqz  a5, pc + 26
core   0: 3 0x80008622 (0xcf89)
core   0: 0x80008624 (0x0d066913) ori     s2, a2, 208
core   0: 3 0x80008624 (0x0d066913) x18 0x3346a9d5
core   0: 0x80008628 (0x00008686) c.mv    a3, ra
core   0: 3 0x80008628 (0x8686) x13 0x99a35409
core   0: 0x8000862a (0x01c526b3) slt     a3, a0, t3
core   0: 3 0x8000862a (0x01c526b3) x13 0x00000000
core   0: 0x8000862e (0x00009a7d) c.andi  a2, -1
core   0: 3 0x8000862e (0x9a7d) x12 0x3346a945
core   0: 0x80008630 (0x2af77b13) andi    s6, a4, 687
core   0: 3 0x80008630 (0x2af77b13) x22 0x0000028b
core   0: 0x80008634 (0x016167b3) or      a5, sp, s6
core   0: 3 0x80008634 (0x016167b3) x15 0x3346a7ff
core   0: 0x80008638 (0x00830a63) beq     t1, s0, pc + 20
core   0: 3 0x80008638 (0x00830a63)
core   0: 0x8000864c (0x892b4913) xori    s2, s6, -1902
core   0: 3 0x8000864c (0x892b4913) x18 0xfffffa19
core   0: 0x80008650 (0x00008cb1) c.xor   s1, a2
core   0: 3 0x80008650 (0x8cb1) x 9 0xccb956b3
core   0: 0x80008652 (0x0000937a) c.add   t1, t5
core   0: 3 0x80008652 (0x937a) x 6 0x00000000
core   0: 0x80008654 (0x01387d63) bgeu    a6, s3, pc + 26
core   0: 3 0x80008654 (0x01387d63)
core   0: 0x80008658 (0x000099fd) c.andi  a1, -1
core   0: 3 0x80008658 (0x99fd) x11 0x80029ce4
core   0: 0x8000865a (0x021de263) bltu    s11, ra, pc + 36
core   0: 3 0x8000865a (0x021de263)
core   0: 0x8000867e (0x00008c2d) c.xor   s0, a1
core   0: 3 0x8000867e (0x8c2d) x 8 0x80029ce4
core   0: 0x80008680 (0x00006169) c.addi16sp sp, 208
core   0: 3 0x80008680 (0x6169) x 2 0x3346a8c5
core   0: 0x80008682 (0x0187cc63) blt     a5, s8, pc + 24
core   0: 3 0x80008682 (0x0187cc63)
core   0: 0x80008686 (0x00000445) c.addi  s0, 17
core   0: 3 0x80008686 (0x0445) x 8 0x80029cf5
core   0: 0x80008688 (0x0000567d) c.li    a2, -1
core   0: 3 0x80008688 (0x567d) x12 0xffffffff
core   0: 0x8000868a (0x03a4f4b3) remu    s1, s1, s10
core   0: 3 0x8000868a (0x03a4f4b3) x 9 0xccb956b3
core   0: 0x8000868e (0x00479eb3) sll     t4, a5, tp
core   0: 3 0x8000868e (0x00479eb3) x29 0xf8000000
core   0: 0x80008692 (0x00435113) srli    sp, t1, 4
core   0: 3 0x80008692 (0x00435113) x 2 0x00000000
core   0: 0x80008696 (0x00c84263) blt     a6, a2, pc + 4
core   0: 3 0x80008696 (0x00c84263)
core   0: 0x8000869a (0x412357b3) sra     a5, t1, s2
core   0: 3 0x8000869a (0x412357b3) x15 0x00000000
core   0: 0x8000869e (0x00008c15) c.sub   s0, a3
core   0: 3 0x8000869e (0x8c15) x 8 0x80029cf5
core   0: 0x800086a0 (0x0003e263) bltu    t2, zero, pc + 4
core   0: 3 0x800086a0 (0x0003e263)
core   0: 0x800086a4 (0x0000e221) c.bnez  a2, pc + 64
core   0: 3 0x800086a4 (0xe221)
core   0: 0x800086e4 (0x0ff0000f) fence   iorw,iorw
core   0: 3 0x800086e4 (0x0ff0000f)
core   0: 0x800086e8 (0x0000c30d) c.beqz  a4, pc + 34
core   0: 3 0x800086e8 (0xc30d)
core   0: 0x800086ea (0x00008f32) c.mv    t5, a2
core   0: 3 0x800086ea (0x8f32) x30 0xffffffff
core   0: 0x800086ec (0x00008df1) c.and   a1, a2
core   0: 3 0x800086ec (0x8df1) x11 0x80029ce4
core   0: 0x800086ee (0x02b5f333) remu    t1, a1, a1
core   0: 3 0x800086ee (0x02b5f333) x 6 0x00000000
core   0: 0x800086f2 (0x03c391b3) mulh    gp, t2, t3
core   0: 3 0x800086f2 (0x03c391b3) x 3 0xffffff7a
core   0: 0x800086f6 (0x010dd6b3) srl     a3, s11, a6
core   0: 3 0x800086f6 (0x010dd6b3) x13 0x00000001
core   0: 0x800086fa (0xfdb1fb37) lui     s6, 0xfdb1f
core   0: 3 0x800086fa (0xfdb1fb37) x22 0xfdb1f000
core   0: 0x800086fe (0x00000ec2) c.slli  t4, 16
core   0: 3 0x800086fe (0x0ec2) x29 0x00000000
core   0: 0x80008700 (0x1c3a3697) auipc   a3, 0x1c3a3
core   0: 3 0x80008700 (0x1c3a3697) x13 0x9c3ab700
core   0: 0x80008704 (0x00000001) c.nop
core   0: 3 0x80008704 (0x0001)
core   0: 0x80008706 (0x1a974297) auipc   t0, 0x1a974
core   0: 3 0x80008706 (0x1a974297) x 5 0x9a97c706
core   0: 0x8000870a (0x015a9b93) slli    s7, s5, 21
core   0: 3 0x8000870a (0x015a9b93) x23 0xffe00000
core   0: 0x8000870e (0x0249dfb3) divu    t6, s3, tp
core   0: 3 0x8000870e (0x0249dfb3) x31 0x00000000
core   0: 0x80008712 (0x02706963) bltu    zero, t2, pc + 50
core   0: 3 0x80008712 (0x02706963)
core   0: 0x80008744 (0x0000886a) c.mv    a6, s10
core   0: 3 0x80008744 (0x886a) x16 0x00000000
core   0: 0x80008746 (0x00001984) c.addi4spn s1, sp, 240
core   0: 3 0x80008746 (0x1984) x 9 0x000000f0
core   0: 0x80008748 (0x0341afb3) mulhsu  t6, gp, s4
core   0: 3 0x80008748 (0x0341afb3) x31 0x00000000
core   0: 0x8000874c (0x0000537d) c.li    t1, -1
core   0: 3 0x8000874c (0x537d) x 6 0xffffffff
core   0: 0x8000874e (0x00001dfd) c.addi  s11, -1
core   0: 3 0x8000874e (0x1dfd) x27 0x00000000
core   0: 0x80008750 (0x6b954f13) xori    t5, a0, 1721
core   0: 3 0x80008750 (0x6b954f13) x30 0x000006b4
core   0: 0x80008754 (0x00636e63) bltu    t1, t1, pc + 28
core   0: 3 0x80008754 (0x00636e63)
core   0: 0x80008758 (0x00008e55) c.or    a2, a3
core   0: 3 0x80008758 (0x8e55) x12 0xffffffff
core   0: 0x8000875a (0x0000100f) fence.i
core   0: 3 0x8000875a (0x0000100f)
core   0: 0x8000875e (0x31874413) xori    s0, a4, 792
core   0: 3 0x8000875e (0x31874413) x 8 0x00000183
core   0: 0x80008762 (0x00008e91) c.sub   a3, a2
core   0: 3 0x80008762 (0x8e91) x13 0x9c3ab701
core   0: 0x80008764 (0x013b8eb3) add     t4, s7, s3
core   0: 3 0x80008764 (0x013b8eb3) x29 0xffe00001
core   0: 0x80008768 (0x01c69b13) slli    s6, a3, 28
core   0: 3 0x80008768 (0x01c69b13) x22 0x10000000
core   0: 0x8000876c (0x0ff0000f) fence   iorw,iorw
core   0: 3 0x8000876c (0x0ff0000f)
core   0: 0x80008770 (0x0139fc33) and     s8, s3, s3
core   0: 3 0x80008770 (0x0139fc33) x24 0x00000001
core   0: 0x80008774 (0x00645813) srli    a6, s0, 6
core   0: 3 0x80008774 (0x00645813) x16 0x00000006
core   0: 0x80008778 (0x00565c33) srl     s8, a2, t0
core   0: 3 0x80008778 (0x00565c33) x24 0x03ffffff
core   0: 0x8000877c (0x000084e6) c.mv    s1, s9
core   0: 3 0x8000877c (0x84e6) x 9 0x80029ce4
core   0: 0x8000877e (0x03f094b3) mulh    s1, ra, t6
core   0: 3 0x8000877e (0x03f094b3) x 9 0x00000000
core   0: 0x80008782 (0x000081f1) c.srli  a1, 28
core   0: 3 0x80008782 (0x81f1) x11 0x00000008
core   0: 0x80008784 (0x4141db13) srai    s6, gp, 20
core   0: 3 0x80008784 (0x4141db13) x22 0xffffffff
core   0: 0x80008788 (0x249a2113) slti    sp, s4, 585
core   0: 3 0x80008788 (0x249a2113) x 2 0x00000001
core   0: 0x8000878c (0xabdabe13) sltiu   t3, s5, -1347
core   0: 3 0x8000878c (0xabdabe13) x28 0x00000000
core   0: 0x80008790 (0x00010697) auipc   a3, 0x10
core   0: 3 0x80008790 (0x00010697) x13 0x80018790
core   0: 0x80008794 (0x56868693) addi    a3, a3, 1384
core   0: 3 0x80008794 (0x56868693) x13 0x80018cf8
core   0: 0x80008798 (0x00008e97) auipc   t4, 0x8
core   0: 3 0x80008798 (0x00008e97) x29 0x80010798
core   0: 0x8000879c (0x73ae8e93) addi    t4, t4, 1850
core   0: 3 0x8000879c (0x73ae8e93) x29 0x80010ed2
core   0: 0x800087a0 (0x0f96c103) lbu     sp, 249(a3)
core   0: 3 0x800087a0 (0x0f96c103) x 2 0x000000aa mem 0x80018df1
core   0: 0x800087a4 (0x00e689a3) sb      a4, 19(a3)
core   0: 3 0x800087a4 (0x00e689a3) mem 0x80018d0b 0x9b
core   0: 0x800087a8 (0x0f369323) sh      s3, 230(a3)
core   0: 3 0x800087a8 (0x0f369323) mem 0x80018dde 0x0001
core   0: 0x800087ac (0x9a5e88a3) sb      t0, -1615(t4)
core   0: 3 0x800087ac (0x9a5e88a3) mem 0x80010883 0x6
core   0: 0x800087b0 (0x99ce8f83) lb      t6, -1636(t4)
core   0: 3 0x800087b0 (0x99ce8f83) x31 0x00000025 mem 0x8001086e
core   0: 0x800087b4 (0xad6e8aa3) sb      s6, -1323(t4)
core   0: 3 0x800087b4 (0xad6e8aa3) mem 0x800109a7 0xff
core   0: 0x800087b8 (0xfa6682a3) sb      t1, -91(a3)
core   0: 3 0x800087b8 (0xfa6682a3) mem 0x80018c9d 0xff
core   0: 0x800087bc (0x0cce9783) lh      a5, 204(t4)
core   0: 3 0x800087bc (0x0cce9783) x15 0x00005455 mem 0x80010f9e
core   0: 0x800087c0 (0x803e8a83) lb      s5, -2045(t4)
core   0: 3 0x800087c0 (0x803e8a83) x21 0xffffff8e mem 0x800106d5
core   0: 0x800087c4 (0x0c56c783) lbu     a5, 197(a3)
core   0: 3 0x800087c4 (0x0c56c783) x15 0x00000076 mem 0x80018dbd
core   0: 0x800087c8 (0xe31ecd83) lbu     s11, -463(t4)
core   0: 3 0x800087c8 (0xe31ecd83) x27 0x000000b8 mem 0x80010d03
core   0: 0x800087cc (0xad5e8283) lb      t0, -1323(t4)
core   0: 3 0x800087cc (0xad5e8283) x 5 0xffffffff mem 0x800109a7
core   0: 0x800087d0 (0xf85ec483) lbu     s1, -123(t4)
core   0: 3 0x800087d0 (0xf85ec483) x 9 0x0000000c mem 0x80010e57
core   0: 0x800087d4 (0xc68e9783) lh      a5, -920(t4)
core   0: 3 0x800087d4 (0xc68e9783) x15 0xfffff0f1 mem 0x80010b3a
core   0: 0x800087d8 (0x0000617d) c.addi16sp sp, 496
core   0: 3 0x800087d8 (0x617d) x 2 0x0000029a
core   0: 0x800087da (0x84df3f93) sltiu   t6, t5, -1971
core   0: 3 0x800087da (0x84df3f93) x31 0x00000001
core   0: 0x800087de (0x02a1d433) divu    s0, gp, a0
core   0: 3 0x800087de (0x02a1d433) x 8 0x13b13b09
core   0: 0x800087e2 (0x0000858a) c.mv    a1, sp
core   0: 3 0x800087e2 (0x858a) x11 0x0000029a
core   0: 0x800087e4 (0x01c7c1b3) xor     gp, a5, t3
core   0: 3 0x800087e4 (0x01c7c1b3) x 3 0xfffff0f1
core   0: 0x800087e8 (0x016ad933) srl     s2, s5, s6
core   0: 3 0x800087e8 (0x016ad933) x18 0x00000001
core   0: 0x800087ec (0x03e1e4b3) rem     s1, gp, t5
core   0: 3 0x800087ec (0x03e1e4b3) x 9 0xfffffe59
core   0: 0x800087f0 (0x019b0833) add     a6, s6, s9
core   0: 3 0x800087f0 (0x019b0833) x16 0x80029ce3
core   0: 0x800087f4 (0x00009d46) c.add   s10, a7
core   0: 3 0x800087f4 (0x9d46) x26 0x80025e64
core   0: 0x800087f6 (0x02667e63) bgeu    a2, t1, pc + 60
core   0: 3 0x800087f6 (0x02667e63)
core   0: 0x80008832 (0x00001a7d) c.addi  s4, -1
core   0: 3 0x80008832 (0x1a7d) x20 0xffffffff
core   0: 0x80008834 (0x00008a21) c.andi  a2, 8
core   0: 3 0x80008834 (0x8a21) x12 0x00000008
core   0: 0x80008836 (0x03fd7233) remu    tp, s10, t6
core   0: 3 0x80008836 (0x03fd7233) x 4 0x00000000
core   0: 0x8000883a (0x00009822) c.add   a6, s0
core   0: 3 0x8000883a (0x9822) x16 0x93b3d7ec
core   0: 0x8000883c (0x01f41013) slli    zero, s0, 31
core   0: 3 0x8000883c (0x01f41013)
core   0: 0x80008840 (0x03b63333) mulhu   t1, a2, s11
core   0: 3 0x80008840 (0x03b63333) x 6 0x00000000
core   0: 0x80008844 (0x00008b85) c.andi  a5, 1
core   0: 3 0x80008844 (0x8b85) x15 0x00000001
core   0: 0x80008846 (0x018ac733) xor     a4, s5, s8
core   0: 3 0x80008846 (0x018ac733) x14 0xfc000071
core   0: 0x8000884a (0x41da82b3) sub     t0, s5, t4
core   0: 3 0x8000884a (0x41da82b3) x 5 0x7ffef0bc
core   0: 0x8000884e (0x00008e2d) c.xor   a2, a1
core   0: 3 0x8000884e (0x8e2d) x12 0x00000292
core   0: 0x80008850 (0x000083e9) c.srli  a5, 26
core   0: 3 0x80008850 (0x83e9) x15 0x00000000
core   0: 0x80008852 (0x4127df93) srai    t6, a5, 18
core   0: 3 0x80008852 (0x4127df93) x31 0x00000000
core   0: 0x80008856 (0x00a05d93) srli    s11, zero, 10
core   0: 3 0x80008856 (0x00a05d93) x27 0x00000000
core   0: 0x8000885a (0x4047ddb3) sra     s11, a5, tp
core   0: 3 0x8000885a (0x4047ddb3) x27 0x00000000
core   0: 0x8000885e (0x40b1dab3) sra     s5, gp, a1
core   0: 3 0x8000885e (0x40b1dab3) x21 0xffffffff
core   0: 0x80008862 (0x00000001) c.nop
core   0: 3 0x80008862 (0x0001)
core   0: 0x80008864 (0x0000cc25) c.beqz  s0, pc + 120
core   0: 3 0x80008864 (0xcc25)
core   0: 0x80008866 (0x40a1dc13) srai    s8, gp, 10
core   0: 3 0x80008866 (0x40a1dc13) x24 0xfffffffc
core   0: 0x8000886a (0x00006a7d) c.lui   s4, 0x1f
core   0: 3 0x8000886a (0x6a7d) x20 0x0001f000
core   0: 0x8000886c (0x06e60863) beq     a2, a4, pc + 112
core   0: 3 0x8000886c (0x06e60863)
core   0: 0x80008870 (0x0000824d) c.srli  a2, 19
core   0: 3 0x80008870 (0x824d) x12 0x00000000
core   0: 0x80008872 (0x40da0c33) sub     s8, s4, a3
core   0: 3 0x80008872 (0x40da0c33) x24 0x80006308
core   0: 0x80008876 (0x053af163) bgeu    s5, s3, pc + 66
core   0: 3 0x80008876 (0x053af163)
core   0: 0x800088b8 (0x0000cf11) c.beqz  a4, pc + 28
core   0: 3 0x800088b8 (0xcf11)
core   0: 0x800088ba (0x00009386) c.add   t2, ra
core   0: 3 0x800088ba (0x9386) x 7 0x99a35556
core   0: 0x800088bc (0x00000001) c.nop
core   0: 3 0x800088bc (0x0001)
core   0: 0x800088be (0xc2e93db7) lui     s11, 0xc2e93
core   0: 3 0x800088be (0xc2e93db7) x27 0xc2e93000
core   0: 0x800088c2 (0x000005d5) c.addi  a1, 21
core   0: 3 0x800088c2 (0x05d5) x11 0x000002af
core   0: 0x800088c4 (0x62698613) addi    a2, s3, 1574
core   0: 3 0x800088c4 (0x62698613) x12 0x00000627
core   0: 0x800088c8 (0x416280b3) sub     ra, t0, s6
core   0: 3 0x800088c8 (0x416280b3) x 1 0x7ffef0bd
core   0: 0x800088cc (0x03dde3b3) rem     t2, s11, t4
core   0: 3 0x800088cc (0x03dde3b3) x 7 0xc2e93000
core   0: 0x800088d0 (0x00008da1) c.xor   a1, s0
core   0: 3 0x800088d0 (0x8da1) x11 0x13b139a6
core   0: 0x800088d2 (0x0000c389) c.beqz  a5, pc + 2
core   0: 3 0x800088d2 (0xc389)
core   0: 0x800088d4 (0x005986b3) add     a3, s3, t0
core   0: 3 0x800088d4 (0x005986b3) x13 0x7ffef0bd
core   0: 0x800088d8 (0x7e6d4813) xori    a6, s10, 2022
core   0: 3 0x800088d8 (0x7e6d4813) x16 0x80025982
core   0: 0x800088dc (0x00000001) c.nop
core   0: 3 0x800088dc (0x0001)
core   0: 0x800088de (0x2adb2393) slti    t2, s6, 685
core   0: 3 0x800088de (0x2adb2393) x 7 0x00000001
core   0: 0x800088e2 (0x0000100f) fence.i
core   0: 3 0x800088e2 (0x0000100f)
core   0: 0x800088e6 (0x00009596) c.add   a1, t0
core   0: 3 0x800088e6 (0x9596) x11 0x93b02a62
core   0: 0x800088e8 (0x00009f56) c.add   t5, s5
core   0: 3 0x800088e8 (0x9f56) x30 0x000006b3
core   0: 0x800088ea (0x01fc4863) blt     s8, t6, pc + 16
core   0: 3 0x800088ea (0x01fc4863)
core   0: 0x800088fa (0x02aa8b33) mul     s6, s5, a0
core   0: 3 0x800088fa (0x02aa8b33) x22 0xfffffff3
core   0: 0x800088fe (0x02e74333) div     t1, a4, a4
core   0: 3 0x800088fe (0x02e74333) x 6 0x00000001
core   0: 0x80008902 (0x0ff0000f) fence   iorw,iorw
core   0: 3 0x80008902 (0x0ff0000f)
core   0: 0x80008906 (0x00000001) c.nop
core   0: 3 0x80008906 (0x0001)
core   0: 0x80008908 (0x0ff0000f) fence   iorw,iorw
core   0: 3 0x80008908 (0x0ff0000f)
core   0: 0x8000890c (0x03605863) bge     zero, s6, pc + 48
core   0: 3 0x8000890c (0x03605863)
core   0: 0x8000893c (0x0000567d) c.li    a2, -1
core   0: 3 0x8000893c (0x567d) x12 0xffffffff
core   0: 0x8000893e (0x00000001) c.nop
core   0: 3 0x8000893e (0x0001)
core   0: 0x80008940 (0x027f0463) beq     t5, t2, pc + 40
core   0: 3 0x80008940 (0x027f0463)
core   0: 0x80008944 (0x001c1f93) slli    t6, s8, 1
core   0: 3 0x80008944 (0x001c1f93) x31 0x0000c610
core   0: 0x80008948 (0x037ec333) div     t1, t4, s7
core   0: 3 0x80008948 (0x037ec333) x 6 0x000003ff
core   0: 0x8000894c (0x0032c5b3) xor     a1, t0, gp
core   0: 3 0x8000894c (0x0032c5b3) x11 0x8001004d
core   0: 0x80008950 (0x01397c63) bgeu    s2, s3, pc + 24
core   0: 3 0x80008950 (0x01397c63)
core   0: 0x80008968 (0x03ea2c33) mulhsu  s8, s4, t5
core   0: 3 0x80008968 (0x03ea2c33) x24 0x00000000
core   0: 0x8000896c (0x41fbd5b3) sra     a1, s7, t6
core   0: 3 0x8000896c (0x41fbd5b3) x11 0xffffffe0
core   0: 0x80008970 (0x01d31eb3) sll     t4, t1, t4
core   0: 3 0x80008970 (0x01d31eb3) x29 0x0ffc0000
core   0: 0x80008974 (0x40dad193) srai    gp, s5, 13
core   0: 3 0x80008974 (0x40dad193) x 3 0xffffffff
core   0: 0x80008978 (0x00919e63) bne     gp, s1, pc + 28
core   0: 3 0x80008978 (0x00919e63)
core   0: 0x80008994 (0x0000c005) c.beqz  s0, pc + 32
core   0: 3 0x80008994 (0xc005)
core   0: 0x80008996 (0x72438693) addi    a3, t2, 1828
core   0: 3 0x80008996 (0x72438693) x13 0x00000725
core   0: 0x8000899a (0x74442293) slti    t0, s0, 1860
core   0: 3 0x8000899a (0x74442293) x 5 0x00000000
core   0: 0x8000899e (0x01c26633) or      a2, tp, t3
core   0: 3 0x8000899e (0x01c26633) x12 0x00000000
core   0: 0x800089a2 (0x00008095) c.srli  s1, 5
core   0: 3 0x800089a2 (0x8095) x 9 0x07fffff2
core   0: 0x800089a4 (0xfbb98593) addi    a1, s3, -69
core   0: 3 0x800089a4 (0xfbb98593) x11 0xffffffbc
core   0: 0x800089a8 (0x00440933) add     s2, s0, tp
core   0: 3 0x800089a8 (0x00440933) x18 0x13b13b09
core   0: 0x800089ac (0x0ff0000f) fence   iorw,iorw
core   0: 3 0x800089ac (0x0ff0000f)
core   0: 0x800089b0 (0x68d7cf93) xori    t6, a5, 1677
core   0: 3 0x800089b0 (0x68d7cf93) x31 0x0000068d
core   0: 0x800089b4 (0x40198db3) sub     s11, s3, ra
core   0: 3 0x800089b4 (0x40198db3) x27 0x80010f44
core   0: 0x800089b8 (0x00004b05) c.li    s6, 1
core   0: 3 0x800089b8 (0x4b05) x22 0x00000001
core   0: 0x800089ba (0x00008f6d) c.and   a4, a1
core   0: 3 0x800089ba (0x8f6d) x14 0xfc000030
core   0: 0x800089bc (0x01dd5db3) srl     s11, s10, t4
core   0: 3 0x800089bc (0x01dd5db3) x27 0x80025e64
core   0: 0x800089c0 (0x6e4a5997) auipc   s3, 0x6e4a5
core   0: 3 0x800089c0 (0x6e4a5997) x19 0xee4ad9c0
core   0: 0x800089c4 (0x41bfdf93) srai    t6, t6, 27
core   0: 3 0x800089c4 (0x41bfdf93) x31 0x00000000
core   0: 0x800089c8 (0x035e6d33) rem     s10, t3, s5
core   0: 3 0x800089c8 (0x035e6d33) x26 0x00000000
core   0: 0x800089cc (0x405581b3) sub     gp, a1, t0
core   0: 3 0x800089cc (0x405581b3) x 3 0xffffffbc
core   0: 0x800089d0 (0x0000117d) c.addi  sp, -1
core   0: 3 0x800089d0 (0x117d) x 2 0x00000299
core   0: 0x800089d2 (0x01679263) bne     a5, s6, pc + 4
core   0: 3 0x800089d2 (0x01679263)
core   0: 0x800089d6 (0x05647063) bgeu    s0, s6, pc + 64
core   0: 3 0x800089d6 (0x05647063)
core   0: 0x80008a16 (0x01c4d013) srli    zero, s1, 28
core   0: 3 0x80008a16 (0x01c4d013)
core   0: 0x80008a1a (0x033eae33) mulhsu  t3, t4, s3
core   0: 3 0x80008a1a (0x033eae33) x28 0x0ee0f470
core   0: 0x80008a1e (0x00008ded) c.and   a1, a1
core   0: 3 0x80008a1e (0x8ded) x11 0xffffffbc
core   0: 0x80008a20 (0x40e60db3) sub     s11, a2, a4
core   0: 3 0x80008a20 (0x40e60db3) x27 0x03ffffd0
core   0: 0x80008a24 (0x00018997) auipc   s3, 0x18
core   0: 3 0x80008a24 (0x00018997) x19 0x80020a24
core   0: 0x80008a28 (0xc0c98993) addi    s3, s3, -1012
core   0: 3 0x80008a28 (0xc0c98993) x19 0x80020630
core   0: 0x80008a2c (0x0999cb03) lbu     s6, 153(s3)
core   0: 3 0x80008a2c (0x0999cb03) x22 0x00000082 mem 0x800206c9
core   0: 0x80008a30 (0xf8798b03) lb      s6, -121(s3)
core   0: 3 0x80008a30 (0xf8798b03) x22 0x0000006c mem 0x800205b7
core   0: 0x80008a34 (0x07a99303) lh      t1, 122(s3)
core   0: 3 0x80008a34 (0x07a99303) x 6 0x00006061 mem 0x800206aa
core   0: 0x80008a38 (0x0165e5b3) or      a1, a1, s6
core   0: 3 0x80008a38 (0x0165e5b3) x11 0xfffffffc
core   0: 0x80008a3c (0x0279c303) lbu     t1, 39(s3)
core   0: 3 0x80008a3c (0x0279c303) x 6 0x0000000c mem 0x80020657
core   0: 0x80008a40 (0x07198a83) lb      s5, 113(s3)
core   0: 3 0x80008a40 (0x07198a83) x21 0x0000005a mem 0x800206a1
core   0: 0x80008a44 (0x00008ded) c.and   a1, a1
core   0: 3 0x80008a44 (0x8ded) x11 0xfffffffc
core   0: 0x80008a46 (0xfcf99723) sh      a5, -50(s3)
core   0: 3 0x80008a46 (0xfcf99723) mem 0x800205fe 0x0000
core   0: 0x80008a4a (0xffb98a83) lb      s5, -5(s3)
core   0: 3 0x80008a4a (0xffb98a83) x21 0xffffffe0 mem 0x8002062b
core   0: 0x80008a4e (0x0c89c583) lbu     a1, 200(s3)
core   0: 3 0x80008a4e (0x0c89c583) x11 0x000000b3 mem 0x800206f8
core   0: 0x80008a52 (0x0dc9d583) lhu     a1, 220(s3)
core   0: 3 0x80008a52 (0x0dc9d583) x11 0x0000c6c7 mem 0x8002070c
core   0: 0x80008a56 (0x0d39ca83) lbu     s5, 211(s3)
core   0: 3 0x80008a56 (0x0d39ca83) x21 0x000000b8 mem 0x80020703
core   0: 0x80008a5a (0x09d98a83) lb      s5, 157(s3)
core   0: 3 0x80008a5a (0x09d98a83) x21 0xffffff86 mem 0x800206cd
core   0: 0x80008a5e (0x83f7e313) ori     t1, a5, -1985
core   0: 3 0x80008a5e (0x83f7e313) x 6 0xfffff83f
core   0: 0x80008a62 (0xf4c9ab83) lw      s7, -180(s3)
core   0: 3 0x80008a62 (0xf4c9ab83) x23 0x34353637 mem 0x8002057c
core   0: 0x80008a66 (0xfca99a83) lh      s5, -54(s3)
core   0: 3 0x80008a66 (0xfca99a83) x21 0xffffb0b1 mem 0x800205fa
core   0: 0x80008a6a (0x08398583) lb      a1, 131(s3)
core   0: 3 0x80008a6a (0x08398583) x11 0x00000068 mem 0x800206b3
core   0: 0x80008a6e (0x00000b69) c.addi  s6, 26
core   0: 3 0x80008a6e (0x0b69) x22 0x00000086
core   0: 0x80008a70 (0xd9f5f313) andi    t1, a1, -609
core   0: 3 0x80008a70 (0xd9f5f313) x 6 0x00000008
core   0: 0x80008a74 (0x00798b83) lb      s7, 7(s3)
core   0: 3 0x80008a74 (0x00798b83) x23 0xffffffec mem 0x80020637
core   0: 0x80008a78 (0xf8898b03) lb      s6, -120(s3)
core   0: 3 0x80008a78 (0xf8898b03) x22 0x00000073 mem 0x800205b8
core   0: 0x80008a7c (0x00000001) c.nop
core   0: 3 0x80008a7c (0x0001)
core   0: 0x80008a7e (0xfcb98923) sb      a1, -46(s3)
core   0: 3 0x80008a7e (0xfcb98923) mem 0x80020602 0x68
core   0: 0x80008a82 (0x00bac333) xor     t1, s5, a1
core   0: 3 0x80008a82 (0x00bac333) x 6 0xffffb0d9
core   0: 0x80008a86 (0x6c65a593) slti    a1, a1, 1734
core   0: 3 0x80008a86 (0x6c65a593) x11 0x00000001
core   0: 0x80008a8a (0x4ecbb593) sltiu   a1, s7, 1260
core   0: 3 0x80008a8a (0x4ecbb593) x11 0x00000000
core   0: 0x80008a8e (0x0db98a83) lb      s5, 219(s3)
core   0: 3 0x80008a8e (0x0db98a83) x21 0xffffffc0 mem 0x8002070b
core   0: 0x80008a92 (0x0cb98b03) lb      s6, 203(s3)
core   0: 3 0x80008a92 (0x0cb98b03) x22 0xffffffb0 mem 0x800206fb
core   0: 0x80008a96 (0x00bbcab3) xor     s5, s7, a1
core   0: 3 0x80008a96 (0x00bbcab3) x21 0xffffffec
core   0: 0x80008a9a (0x037ad333) divu    t1, s5, s7
core   0: 3 0x80008a9a (0x037ad333) x 6 0x00000001
core   0: 0x80008a9e (0xf5599223) sh      s5, -188(s3)
core   0: 3 0x80008a9e (0xf5599223) mem 0x80020574 0xffec
core   0: 0x80008aa2 (0x006acab3) xor     s5, s5, t1
core   0: 3 0x80008aa2 (0x006acab3) x21 0xffffffed
core   0: 0x80008aa6 (0xfb799923) sh      s7, -78(s3)
core   0: 3 0x80008aa6 (0xfb799923) mem 0x800205e2 0xffec
core   0: 0x80008aaa (0x00ccdd13) srli    s10, s9, 12
core   0: 3 0x80008aaa (0x00ccdd13) x26 0x00080029
core   0: 0x80008aae (0x0150a2b3) slt     t0, ra, s5
core   0: 3 0x80008aae (0x0150a2b3) x 5 0x00000000
core   0: 0x80008ab2 (0x403b09b3) sub     s3, s6, gp
core   0: 3 0x80008ab2 (0x403b09b3) x19 0xfffffff4
core   0: 0x80008ab6 (0x03b35c33) divu    s8, t1, s11
core   0: 3 0x80008ab6 (0x03b35c33) x24 0x00000000
core   0: 0x80008aba (0x036446b3) div     a3, s0, s6
core   0: 3 0x80008aba (0x036446b3) x13 0xffc0fc10
core   0: 0x80008abe (0x01965d13) srli    s10, a2, 25
core   0: 3 0x80008abe (0x01965d13) x26 0x00000000
core   0: 0x80008ac2 (0x00008739) c.srai  a4, 14
core   0: 3 0x80008ac2 (0x8739) x14 0xfffff000
core   0: 0x80008ac4 (0x00000a16) c.slli  s4, 5
core   0: 3 0x80008ac4 (0x0a16) x20 0x003e0000
core   0: 0x80008ac6 (0x0ff0000f) fence   iorw,iorw
core   0: 3 0x80008ac6 (0x0ff0000f)
core   0: 0x80008aca (0x00004741) c.li    a4, 16
core   0: 3 0x80008aca (0x4741) x14 0x00000010
core   0: 0x80008acc (0x00000001) c.nop
core   0: 3 0x80008acc (0x0001)
core   0: 0x80008ace (0x01b75d33) srl     s10, a4, s11
core   0: 3 0x80008ace (0x01b75d33) x26 0x00000000
core   0: 0x80008ad2 (0x0000547d) c.li    s0, -1
core   0: 3 0x80008ad2 (0x547d) x 8 0xffffffff
core   0: 0x80008ad4 (0x00008d81) c.sub   a1, s0
core   0: 3 0x80008ad4 (0x8d81) x11 0x00000001
core   0: 0x80008ad6 (0xdfd72d93) slti    s11, a4, -515
core   0: 3 0x80008ad6 (0xdfd72d93) x27 0x00000000
core   0: 0x80008ada (0x00000001) c.nop
core   0: 3 0x80008ada (0x0001)
core   0: 0x80008adc (0x01ba5933) srl     s2, s4, s11
core   0: 3 0x80008adc (0x01ba5933) x18 0x003e0000
core   0: 0x80008ae0 (0x41030f33) sub     t5, t1, a6
core   0: 3 0x80008ae0 (0x41030f33) x30 0x7ffda67f
core   0: 0x80008ae4 (0x01248bb3) add     s7, s1, s2
core   0: 3 0x80008ae4 (0x01248bb3) x23 0x083dfff2
core   0: 0x80008ae8 (0x019d85b3) add     a1, s11, s9
core   0: 3 0x80008ae8 (0x019d85b3) x11 0x80029ce4
core   0: 0x80008aec (0x00008c8d) c.sub   s1, a1
core   0: 3 0x80008aec (0x8c8d) x 9 0x87fd630e
core   0: 0x80008aee (0x01197663) bgeu    s2, a7, pc + 12
core   0: 3 0x80008aee (0x01197663)
core   0: 0x80008af2 (0x00234133) xor     sp, t1, sp
core   0: 3 0x80008af2 (0x00234133) x 2 0x00000298
core   0: 0x80008af6 (0x41418433) sub     s0, gp, s4
core   0: 3 0x80008af6 (0x41418433) x 8 0xffc1ffbc
core   0: 0x80008afa (0x012255b3) srl     a1, tp, s2
core   0: 3 0x80008afa (0x012255b3) x11 0x00000000
core   0: 0x80008afe (0x000054fd) c.li    s1, -1
core   0: 3 0x80008afe (0x54fd) x 9 0xffffffff
core   0: 0x80008b00 (0x001abeb3) sltu    t4, s5, ra
core   0: 3 0x80008b00 (0x001abeb3) x29 0x00000000
core   0: 0x80008b04 (0x00000f91) c.addi  t6, 4
core   0: 3 0x80008b04 (0x0f91) x31 0x00000004
core   0: 0x80008b06 (0x037b1833) mulh    a6, s6, s7
core   0: 3 0x80008b06 (0x037b1833) x16 0xfffffffd
core   0: 0x80008b0a (0x401d5fb3) sra     t6, s10, ra
core   0: 3 0x80008b0a (0x401d5fb3) x31 0x00000000
core   0: 0x80008b0e (0x404900b3) sub     ra, s2, tp
core   0: 3 0x80008b0e (0x404900b3) x 1 0x003e0000
core   0: 0x80008b12 (0xe0710213) addi    tp, sp, -505
core   0: 3 0x80008b12 (0xe0710213) x 4 0x0000009f
core   0: 0x80008b16 (0x00000b00) c.addi4spn s0, sp, 400
core   0: 3 0x80008b16 (0x0b00) x 8 0x00000428
core   0: 0x80008b18 (0x28b049b7) lui     s3, 0x28b04
core   0: 3 0x80008b18 (0x28b049b7) x19 0x28b04000
core   0: 0x80008b1c (0x00266d33) or      s10, a2, sp
core   0: 3 0x80008b1c (0x00266d33) x26 0x00000298
core   0: 0x80008b20 (0x00008f59) c.or    a4, a4
core   0: 3 0x80008b20 (0x8f59) x14 0x00000010
core   0: 0x80008b22 (0x000085f1) c.srai  a1, 28
core   0: 3 0x80008b22 (0x85f1) x11 0x00000000
core   0: 0x80008b24 (0x01055e33) srl     t3, a0, a6
core   0: 3 0x80008b24 (0x01055e33) x28 0x00000000
core   0: 0x80008b28 (0x0000717d) c.addi16sp sp, -16
core   0: 3 0x80008b28 (0x717d) x 2 0x00000288
core   0: 0x80008b2a (0x97d6ef93) ori     t6, a3, -1667
core   0: 3 0x80008b2a (0x97d6ef93) x31 0xfffffd7d
core   0: 0x80008b2e (0x0000717d) c.addi16sp sp, -16
core   0: 3 0x80008b2e (0x717d) x 2 0x00000278
core   0: 0x80008b30 (0x0385bf33) mulhu   t5, a1, s8
core   0: 3 0x80008b30 (0x0385bf33) x30 0x00000000
core   0: 0x80008b34 (0x02351a33) mulh    s4, a0, gp
core   0: 3 0x80008b34 (0x02351a33) x20 0xffffffff
core   0: 0x80008b38 (0xce03a793) slti    a5, t2, -800
core   0: 3 0x80008b38 (0xce03a793) x15 0x00000000
core   0: 0x80008b3c (0x00008fcd) c.or    a5, a1
core   0: 3 0x80008b3c (0x8fcd) x15 0x00000000
core   0: 0x80008b3e (0x02d99b33) mulh    s6, s3, a3
core   0: 3 0x80008b3e (0x02d99b33) x22 0xfff5fc00
core   0: 0x80008b42 (0x0362ed63) bltu    t0, s6, pc + 58
core   0: 3 0x80008b42 (0x0362ed63)
core   0: 0x80008b7c (0x49955c17) auipc   s8, 0x49955
core   0: 3 0x80008b7c (0x49955c17) x24 0xc995db7c
core   0: 0x80008b80 (0x0393ddb3) divu    s11, t2, s9
core   0: 3 0x80008b80 (0x0393ddb3) x27 0x00000000
core   0: 0x80008b84 (0x02a5dc63) bge     a1, a0, pc + 56
core   0: 3 0x80008b84 (0x02a5dc63)
core   0: 0x80008b88 (0x019ad593) srli    a1, s5, 25
core   0: 3 0x80008b88 (0x019ad593) x11 0x0000007f
core   0: 0x80008b8c (0x00000001) c.nop
core   0: 3 0x80008b8c (0x0001)
core   0: 0x80008b8e (0x0ff0000f) fence   iorw,iorw
core   0: 3 0x80008b8e (0x0ff0000f)
core   0: 0x80008b92 (0xbb55dab7) lui     s5, 0xbb55d
core   0: 3 0x80008b92 (0xbb55dab7) x21 0xbb55d000
core   0: 0x80008b96 (0x6bdac293) xori    t0, s5, 1725
core   0: 3 0x80008b96 (0x6bdac293) x 5 0xbb55d6bd
core   0: 0x80008b9a (0x021e0fb3) mul     t6, t3, ra
core   0: 3 0x80008b9a (0x021e0fb3) x31 0x00000000
core   0: 0x80008b9e (0x00000001) c.nop
core   0: 3 0x80008b9e (0x0001)
core   0: 0x80008ba0 (0x0000547d) c.li    s0, -1
core   0: 3 0x80008ba0 (0x547d) x 8 0xffffffff
core   0: 0x80008ba2 (0x01340ab3) add     s5, s0, s3
core   0: 3 0x80008ba2 (0x01340ab3) x21 0x28b03fff
core   0: 0x80008ba6 (0x41bf0e33) sub     t3, t5, s11
core   0: 3 0x80008ba6 (0x41bf0e33) x28 0x00000000
core   0: 0x80008baa (0x0000100f) fence.i
core   0: 3 0x80008baa (0x0000100f)
core   0: 0x80008bae (0x00000b46) c.slli  s6, 17
core   0: 3 0x80008bae (0x0b46) x22 0xf8000000
core   0: 0x80008bb0 (0x001d5793) srli    a5, s10, 1
core   0: 3 0x80008bb0 (0x001d5793) x15 0x0000014c
core   0: 0x80008bb4 (0x03d1b6b3) mulhu   a3, gp, t4
core   0: 3 0x80008bb4 (0x03d1b6b3) x13 0x00000000
core   0: 0x80008bb8 (0x00008cb9) c.xor   s1, a4
core   0: 3 0x80008bb8 (0x8cb9) x 9 0xffffffef
core   0: 0x80008bba (0x00008ce9) c.and   s1, a0
core   0: 3 0x80008bba (0x8ce9) x 9 0x0000000d
core   0: 0x80008bbc (0x00008b76) c.mv    s6, t4
core   0: 3 0x80008bbc (0x8b76) x22 0x00000000
core   0: 0x80008bbe (0x00000001) c.nop
core   0: 3 0x80008bbe (0x0001)
core   0: 0x80008bc0 (0x02a49c63) bne     s1, a0, pc + 56
core   0: 3 0x80008bc0 (0x02a49c63)
core   0: 0x80008bc4 (0xb45ec593) xori    a1, t4, -1211
core   0: 3 0x80008bc4 (0xb45ec593) x11 0xfffffb45
core   0: 0x80008bc8 (0x0000100f) fence.i
core   0: 3 0x80008bc8 (0x0000100f)
core   0: 0x80008bcc (0x000005ee) c.slli  a1, 27
core   0: 3 0x80008bcc (0x05ee) x11 0x28000000
core   0: 0x80008bce (0x02f76933) rem     s2, a4, a5
core   0: 3 0x80008bce (0x02f76933) x18 0x00000010
core   0: 0x80008bd2 (0x030a15b3) mulh    a1, s4, a6
core   0: 3 0x80008bd2 (0x030a15b3) x11 0x00000000
core   0: 0x80008bd6 (0x414d87b3) sub     a5, s11, s4
core   0: 3 0x80008bd6 (0x414d87b3) x15 0x00000001
core   0: 0x80008bda (0x0000717d) c.addi16sp sp, -16
core   0: 3 0x80008bda (0x717d) x 2 0x00000268
core   0: 0x80008bdc (0xcd47c013) xori    zero, a5, -812
core   0: 3 0x80008bdc (0xcd47c013)
core   0: 0x80008be0 (0xa0df4393) xori    t2, t5, -1523
core   0: 3 0x80008be0 (0xa0df4393) x 7 0xfffffa0d
core   0: 0x80008be4 (0x00006c79) c.lui   s8, 0x1e
core   0: 3 0x80008be4 (0x6c79) x24 0x0001e000
core   0: 0x80008be6 (0x00008e2d) c.xor   a2, a1
core   0: 3 0x80008be6 (0x8e2d) x12 0x00000000
core   0: 0x80008be8 (0x00001afd) c.addi  s5, -1
core   0: 3 0x80008be8 (0x1afd) x21 0x28b03ffe
core   0: 0x80008bea (0xd16bdbb7) lui     s7, 0xd16bd
core   0: 3 0x80008bea (0xd16bdbb7) x23 0xd16bd000
core   0: 0x80008bee (0x00000f56) c.slli  t5, 21
core   0: 3 0x80008bee (0x0f56) x30 0x00000000
core   0: 0x80008bf0 (0x82093013) sltiu   zero, s2, -2016
core   0: 3 0x80008bf0 (0x82093013)
core   0: 0x80008bf4 (0x0487f263) bgeu    a5, s0, pc + 68
core   0: 3 0x80008bf4 (0x0487f263)
core   0: 0x80008bf8 (0x827d5bb7) lui     s7, 0x827d5
core   0: 3 0x80008bf8 (0x827d5bb7) x23 0x827d5000
core   0: 0x80008bfc (0x4047d313) srai    t1, a5, 4
core   0: 3 0x80008bfc (0x4047d313) x 6 0x00000000
core   0: 0x80008c00 (0x00000001) c.nop
core   0: 3 0x80008c00 (0x0001)
core   0: 0x80008c02 (0x52c68a93) addi    s5, a3, 1324
core   0: 3 0x80008c02 (0x52c68a93) x21 0x0000052c
core   0: 0x80008c06 (0x021ea633) mulhsu  a2, t4, ra
core   0: 3 0x80008c06 (0x021ea633) x12 0x00000000
core   0: 0x80008c0a (0x03111763) bne     sp, a7, pc + 46
core   0: 3 0x80008c0a (0x03111763)
core   0: 0x80008c38 (0x014cc7b3) xor     a5, s9, s4
core   0: 3 0x80008c38 (0x014cc7b3) x15 0x7ffd631b
core   0: 0x80008c3c (0x2c5a00b7) lui     ra, 0x2c5a0
core   0: 3 0x80008c3c (0x2c5a00b7) x 1 0x2c5a0000
core   0: 0x80008c40 (0x00008e8d) c.sub   a3, a1
core   0: 3 0x80008c40 (0x8e8d) x13 0x00000000
core   0: 0x80008c42 (0x01939b33) sll     s6, t2, s9
core   0: 3 0x80008c42 (0x01939b33) x22 0xffffa0d0
core   0: 0x80008c46 (0x01d0d733) srl     a4, ra, t4
core   0: 3 0x80008c46 (0x01d0d733) x14 0x2c5a0000
core   0: 0x80008c4a (0x01d43eb3) sltu    t4, s0, t4
core   0: 3 0x80008c4a (0x01d43eb3) x29 0x00000000
core   0: 0x80008c4e (0x032fc833) div     a6, t6, s2
core   0: 3 0x80008c4e (0x032fc833) x16 0x00000000
core   0: 0x80008c52 (0x011844b3) xor     s1, a6, a7
core   0: 3 0x80008c52 (0x011844b3) x 9 0x80025e64
core   0: 0x80008c56 (0x01346333) or      t1, s0, s3
core   0: 3 0x80008c56 (0x01346333) x 6 0xffffffff
core   0: 0x80008c5a (0x40f55e33) sra     t3, a0, a5
core   0: 3 0x80008c5a (0x40f55e33) x28 0x00000000
core   0: 0x80008c5e (0x003a1933) sll     s2, s4, gp
core   0: 3 0x80008c5e (0x003a1933) x18 0xf0000000
core   0: 0x80008c62 (0x00008e6d) c.and   a2, a1
core   0: 3 0x80008c62 (0x8e6d) x12 0x00000000
core   0: 0x80008c64 (0x0000c80d) c.beqz  s0, pc + 50
core   0: 3 0x80008c64 (0xc80d)
core   0: 0x80008c66 (0x0000808d) c.srli  s1, 3
core   0: 3 0x80008c66 (0x808d) x 9 0x10004bcc
core   0: 0x80008c68 (0x418a8133) sub     sp, s5, s8
core   0: 3 0x80008c68 (0x418a8133) x 2 0xfffe252c
core   0: 0x80008c6c (0x00a46133) or      sp, s0, a0
core   0: 3 0x80008c6c (0x00a46133) x 2 0xffffffff
core   0: 0x80008c70 (0x0ff0000f) fence   iorw,iorw
core   0: 3 0x80008c70 (0x0ff0000f)
core   0: 0x80008c74 (0x029a0263) beq     s4, s1, pc + 36
core   0: 3 0x80008c74 (0x029a0263)
core   0: 0x80008c78 (0x0000100f) fence.i
core   0: 3 0x80008c78 (0x0000100f)
core   0: 0x80008c7c (0x00000001) c.nop
core   0: 3 0x80008c7c (0x0001)
core   0: 0x80008c7e (0x00001efd) c.addi  t4, -1
core   0: 3 0x80008c7e (0x1efd) x29 0xffffffff
core   0: 0x80008c80 (0x0076e433) or      s0, a3, t2
core   0: 3 0x80008c80 (0x0076e433) x 8 0xfffffa0d
core   0: 0x80008c84 (0x00d1fb63) bgeu    gp, a3, pc + 22
core   0: 3 0x80008c84 (0x00d1fb63)
core   0: 0x80008c9a (0x41ce8ab3) sub     s5, t4, t3
core   0: 3 0x80008c9a (0x41ce8ab3) x21 0xffffffff
core   0: 0x80008c9e (0x018b3c33) sltu    s8, s6, s8
core   0: 3 0x80008c9e (0x018b3c33) x24 0x00000000
core   0: 0x80008ca2 (0x03297f97) auipc   t6, 0x3297
core   0: 3 0x80008ca2 (0x03297f97) x31 0x8329fca2
core   0: 0x80008ca6 (0x9dd28593) addi    a1, t0, -1571
core   0: 3 0x80008ca6 (0x9dd28593) x11 0xbb55d09a
core   0: 0x80008caa (0x00006ee9) c.lui   t4, 0x1a
core   0: 3 0x80008caa (0x6ee9) x29 0x0001a000
core   0: 0x80008cac (0x00008dc1) c.or    a1, s0
core   0: 3 0x80008cac (0x8dc1) x11 0xfffffa9f
core   0: 0x80008cae (0x00310463) beq     sp, gp, pc + 8
core   0: 3 0x80008cae (0x00310463)
core   0: 0x80008cb2 (0xadfb7c13) andi    s8, s6, -1313
core   0: 3 0x80008cb2 (0xadfb7c13) x24 0xffffa0d0
core   0: 0x80008cb6 (0x033f6f63) bltu    t5, s3, pc + 62
core   0: 3 0x80008cb6 (0x033f6f63)
core   0: 0x80008cf4 (0x01bc1863) bne     s8, s11, pc + 16
core   0: 3 0x80008cf4 (0x01bc1863)
core   0: 0x80008d04 (0x0ff0000f) fence   iorw,iorw
core   0: 3 0x80008d04 (0x0ff0000f)
core   0: 0x80008d08 (0x411001b3) sub     gp, zero, a7
core   0: 3 0x80008d08 (0x411001b3) x 3 0x7ffda19c
core   0: 0x80008d0c (0x00000001) c.nop
core   0: 3 0x80008d0c (0x0001)
core   0: 0x80008d0e (0x00000489) c.addi  s1, 2
core   0: 3 0x80008d0e (0x0489) x 9 0x10004bce
core   0: 0x80008d10 (0x000082fd) c.srli  a3, 31
core   0: 3 0x80008d10 (0x82fd) x13 0x00000000
core   0: 0x80008d12 (0x027431b3) mulhu   gp, s0, t2
core   0: 3 0x80008d12 (0x027431b3) x 3 0xfffff41a
core   0: 0x80008d16 (0x00f3d5b3) srl     a1, t2, a5
core   0: 3 0x80008d16 (0x00f3d5b3) x11 0x0000001f
core   0: 0x80008d1a (0x00008f01) c.sub   a4, s0
core   0: 3 0x80008d1a (0x8f01) x14 0x2c5a05f3
core   0: 0x80008d1c (0x02216033) rem     zero, sp, sp
core   0: 3 0x80008d1c (0x02216033)
core   0: 0x80008d20 (0x00008459) c.srai  s0, 22
core   0: 3 0x80008d20 (0x8459) x 8 0xffffffff
core   0: 0x80008d22 (0xcef54f13) xori    t5, a0, -785
core   0: 3 0x80008d22 (0xcef54f13) x30 0xfffffce2
core   0: 0x80008d26 (0x01411a93) slli    s5, sp, 20
core   0: 3 0x80008d26 (0x01411a93) x21 0xfff00000
core   0: 0x80008d2a (0x03c3d733) divu    a4, t2, t3
core   0: 3 0x80008d2a (0x03c3d733) x14 0xffffffff
core   0: 0x80008d2e (0x1cec4e93) xori    t4, s8, 462
core   0: 3 0x80008d2e (0x1cec4e93) x29 0xffffa11e
core   0: 0x80008d32 (0x69636f97) auipc   t6, 0x69636
core   0: 3 0x80008d32 (0x69636f97) x31 0xe963ed32
core   0: 0x80008d36 (0x00008fd5) c.or    a5, a3
core   0: 3 0x80008d36 (0x8fd5) x15 0x7ffd631b
core   0: 0x80008d38 (0xa56573b7) lui     t2, 0xa5657
core   0: 3 0x80008d38 (0xa56573b7) x 7 0xa5657000
core   0: 0x80008d3c (0x0000075e) c.slli  a4, 23
core   0: 3 0x80008d3c (0x075e) x14 0xff800000
core   0: 0x80008d3e (0x01b3c5b3) xor     a1, t2, s11
core   0: 3 0x80008d3e (0x01b3c5b3) x11 0xa5657000
core   0: 0x80008d42 (0x05c58263) beq     a1, t3, pc + 68
core   0: 3 0x80008d42 (0x05c58263)
core   0: 0x80008d46 (0x46b8a713) slti    a4, a7, 1131
core   0: 3 0x80008d46 (0x46b8a713) x14 0x00000001
core   0: 0x80008d4a (0x525f8737) lui     a4, 0x525f8
core   0: 3 0x80008d4a (0x525f8737) x14 0x525f8000
core   0: 0x80008d4e (0x02505263) bge     zero, t0, pc + 36
core   0: 3 0x80008d4e (0x02505263)
core   0: 0x80008d72 (0x00009e5e) c.add   t3, s7
core   0: 3 0x80008d72 (0x9e5e) x28 0x827d5000
core   0: 0x80008d74 (0x02a11233) mulh    tp, sp, a0
core   0: 3 0x80008d74 (0x02a11233) x 4 0xffffffff
core   0: 0x80008d78 (0x00006165) c.addi16sp sp, 112
core   0: 3 0x80008d78 (0x6165) x 2 0x0000006f
core   0: 0x80008d7a (0x00008c01) c.sub   s0, s0
core   0: 3 0x80008d7a (0x8c01) x 8 0x00000000
core   0: 0x80008d7c (0x0000ed99) c.bnez  a1, pc + 30
core   0: 3 0x80008d7c (0xed99)
core   0: 0x80008d9a (0x00008f15) c.sub   a4, a3
core   0: 3 0x80008d9a (0x8f15) x14 0x525f8000
core   0: 0x80008d9c (0x00c32833) slt     a6, t1, a2
core   0: 3 0x80008d9c (0x00c32833) x16 0x00000001
core   0: 0x80008da0 (0x41b35993) srai    s3, t1, 27
core   0: 3 0x80008da0 (0x41b35993) x19 0xffffffff
core   0: 0x80008da4 (0x02947f33) remu    t5, s0, s1
core   0: 3 0x80008da4 (0x02947f33) x30 0x00000000
core   0: 0x80008da8 (0x00008fb9) c.xor   a5, a4
core   0: 3 0x80008da8 (0x8fb9) x15 0x2da2e31b
core   0: 0x80008daa (0x00cda733) slt     a4, s11, a2
core   0: 3 0x80008daa (0x00cda733) x14 0x00000000
core   0: 0x80008dae (0x00000001) c.nop
core   0: 3 0x80008dae (0x0001)
core   0: 0x80008db0 (0x00691133) sll     sp, s2, t1
core   0: 3 0x80008db0 (0x00691133) x 2 0x00000000
core   0: 0x80008db4 (0x000067d5) c.lui   a5, 0x15
core   0: 3 0x80008db4 (0x67d5) x15 0x00015000
core   0: 0x80008db6 (0x41875793) srai    a5, a4, 24
core   0: 3 0x80008db6 (0x41875793) x15 0x00000000
core   0: 0x80008dba (0x010fc733) xor     a4, t6, a6
core   0: 3 0x80008dba (0x010fc733) x14 0xe963ed33
core   0: 0x80008dbe (0x006fab33) slt     s6, t6, t1
core   0: 3 0x80008dbe (0x006fab33) x22 0x00000001
core   0: 0x80008dc2 (0x0000878d) c.srai  a5, 3
core   0: 3 0x80008dc2 (0x878d) x15 0x00000000
core   0: 0x80008dc4 (0x000067b5) c.lui   a5, 0xd
core   0: 3 0x80008dc4 (0x67b5) x15 0x0000d000
core   0: 0x80008dc6 (0x01811263) bne     sp, s8, pc + 4
core   0: 3 0x80008dc6 (0x01811263)
core   0: 0x80008dca (0x02866063) bltu    a2, s0, pc + 32
core   0: 3 0x80008dca (0x02866063)
core   0: 0x80008dce (0x030364b3) rem     s1, t1, a6
core   0: 3 0x80008dce (0x030364b3) x 9 0x00000000
core   0: 0x80008dd2 (0x02115733) divu    a4, sp, ra
core   0: 3 0x80008dd2 (0x02115733) x14 0x00000000
core   0: 0x80008dd6 (0x00008dd9) c.or    a1, a4
core   0: 3 0x80008dd6 (0x8dd9) x11 0xa5657000
core   0: 0x80008dd8 (0x039a2ab3) mulhsu  s5, s4, s9
core   0: 3 0x80008dd8 (0x039a2ab3) x21 0xffffffff
core   0: 0x80008ddc (0x02f65e33) divu    t3, a2, a5
core   0: 3 0x80008ddc (0x02f65e33) x28 0x00000000
core   0: 0x80008de0 (0x01fb8eb3) add     t4, s7, t6
core   0: 3 0x80008de0 (0x01fb8eb3) x29 0x6be13d32
core   0: 0x80008de4 (0x00255413) srli    s0, a0, 2
core   0: 3 0x80008de4 (0x00255413) x 8 0x00000003
core   0: 0x80008de8 (0x00008ed5) c.or    a3, a3
core   0: 3 0x80008de8 (0x8ed5) x13 0x00000000
core   0: 0x80008dea (0x00008cd5) c.or    s1, a3
core   0: 3 0x80008dea (0x8cd5) x 9 0x00000000
core   0: 0x80008dec (0x001b4563) blt     s6, ra, pc + 10
core   0: 3 0x80008dec (0x001b4563)
core   0: 0x80008df6 (0x0222f433) remu    s0, t0, sp
core   0: 3 0x80008df6 (0x0222f433) x 8 0xbb55d6bd
core   0: 0x80008dfa (0x0376fe63) bgeu    a3, s7, pc + 60
core   0: 3 0x80008dfa (0x0376fe63)
core   0: 0x80008dfe (0x408f0d33) sub     s10, t5, s0
core   0: 3 0x80008dfe (0x408f0d33) x26 0x44aa2943
core   0: 0x80008e02 (0x011fefb3) or      t6, t6, a7
core   0: 3 0x80008e02 (0x011fefb3) x31 0xe963ff76
core   0: 0x80008e06 (0x00008ec1) c.or    a3, s0
core   0: 3 0x80008e06 (0x8ec1) x13 0xbb55d6bd
core   0: 0x80008e08 (0x0221bd33) mulhu   s10, gp, sp
core   0: 3 0x80008e08 (0x0221bd33) x26 0x00000000
core   0: 0x80008e0c (0x000080dd) c.srli  s1, 23
core   0: 3 0x80008e0c (0x80dd) x 9 0x00000000
core   0: 0x80008e0e (0x00bf1763) bne     t5, a1, pc + 14
core   0: 3 0x80008e0e (0x00bf1763)
core   0: 0x80008e1c (0x0122d833) srl     a6, t0, s2
core   0: 3 0x80008e1c (0x0122d833) x16 0xbb55d6bd
core   0: 0x80008e20 (0x03ceb833) mulhu   a6, t4, t3
core   0: 3 0x80008e20 (0x03ceb833) x16 0x00000000
core   0: 0x80008e24 (0x005ce5b3) or      a1, s9, t0
core   0: 3 0x80008e24 (0x005ce5b3) x11 0xbb57defd
core   0: 0x80008e28 (0x00008da1) c.xor   a1, s0
core   0: 3 0x80008e28 (0x8da1) x11 0x00020840
core   0: 0x80008e2a (0x41b5d133) sra     sp, a1, s11
core   0: 3 0x80008e2a (0x41b5d133) x 2 0x00020840
core   0: 0x80008e2e (0x41f85333) sra     t1, a6, t6
core   0: 3 0x80008e2e (0x41f85333) x 6 0x00000000
core   0: 0x80008e32 (0x000e5a93) srli    s5, t3, 0
core   0: 3 0x80008e32 (0x000e5a93) x21 0x00000000
core   0: 0x80008e36 (0xaaa2ac13) slti    s8, t0, -1366
core   0: 3 0x80008e36 (0xaaa2ac13) x24 0x00000001
core   0: 0x80008e3a (0x4148d993) srai    s3, a7, 20
core   0: 3 0x80008e3a (0x4148d993) x19 0xfffff800
core   0: 0x80008e3e (0x01f2e7b3) or      a5, t0, t6
core   0: 3 0x80008e3e (0x01f2e7b3) x15 0xfb77ffff
core   0: 0x80008e42 (0x013f1a93) slli    s5, t5, 19
core   0: 3 0x80008e42 (0x013f1a93) x21 0x00000000
core   0: 0x80008e46 (0x7b29f793) andi    a5, s3, 1970
core   0: 3 0x80008e46 (0x7b29f793) x15 0x00000000
core   0: 0x80008e4a (0x00008f95) c.sub   a5, a3
core   0: 3 0x80008e4a (0x8f95) x15 0x44aa2943
core   0: 0x80008e4c (0x0000100f) fence.i
core   0: 3 0x80008e4c (0x0000100f)
core   0: 0x80008e50 (0x25d98b93) addi    s7, s3, 605
core   0: 3 0x80008e50 (0x25d98b93) x23 0xfffffa5d
core   0: 0x80008e54 (0x41630033) sub     zero, t1, s6
core   0: 3 0x80008e54 (0x41630033)
core   0: 0x80008e58 (0x032de1b3) rem     gp, s11, s2
core   0: 3 0x80008e58 (0x032de1b3) x 3 0x00000000
core   0: 0x80008e5c (0x000082b2) c.mv    t0, a2
core   0: 3 0x80008e5c (0x82b2) x 5 0x00000000
core   0: 0x80008e5e (0x0000432d) c.li    t1, 11
core   0: 3 0x80008e5e (0x432d) x 6 0x0000000b
core   0: 0x80008e60 (0x00b01393) slli    t2, zero, 11
core   0: 3 0x80008e60 (0x00b01393) x 7 0x00000000
core   0: 0x80008e64 (0x00000001) c.nop
core   0: 3 0x80008e64 (0x0001)
core   0: 0x80008e66 (0xb3640a13) addi    s4, s0, -1226
core   0: 3 0x80008e66 (0xb3640a13) x20 0xbb55d1f3
core   0: 0x80008e6a (0x011ad213) srli    tp, s5, 17
core   0: 3 0x80008e6a (0x011ad213) x 4 0x00000000
core   0: 0x80008e6e (0x0143f463) bgeu    t2, s4, pc + 8
core   0: 3 0x80008e6e (0x0143f463)
core   0: 0x80008e72 (0x01eb0833) add     a6, s6, t5
core   0: 3 0x80008e72 (0x01eb0833) x16 0x00000001
core   0: 0x80008e76 (0x00000001) c.nop
core   0: 3 0x80008e76 (0x0001)
core   0: 0x80008e78 (0x00009d36) c.add   s10, a3
core   0: 3 0x80008e78 (0x9d36) x26 0xbb55d6bd
core   0: 0x80008e7a (0x02065733) divu    a4, a2, zero
core   0: 3 0x80008e7a (0x02065733) x14 0xffffffff
core   0: 0x80008e7e (0x00000001) c.nop
core   0: 3 0x80008e7e (0x0001)
core   0: 0x80008e80 (0x000085e1) c.srai  a1, 24
core   0: 3 0x80008e80 (0x85e1) x11 0x00000000
core   0: 0x80008e82 (0x01b70b33) add     s6, a4, s11
core   0: 3 0x80008e82 (0x01b70b33) x22 0xffffffff
core   0: 0x80008e86 (0x4114d193) srai    gp, s1, 17
core   0: 3 0x80008e86 (0x4114d193) x 3 0x00000000
core   0: 0x80008e8a (0x0ff0000f) fence   iorw,iorw
core   0: 3 0x80008e8a (0x0ff0000f)
core   0: 0x80008e8e (0xc2c8e293) ori     t0, a7, -980
core   0: 3 0x80008e8e (0xc2c8e293) x 5 0xfffffe6c
core   0: 0x80008e92 (0x000f5f13) srli    t5, t5, 0
core   0: 3 0x80008e92 (0x000f5f13) x30 0x00000000
core   0: 0x80008e96 (0x9570eb93) ori     s7, ra, -1705
core   0: 3 0x80008e96 (0x9570eb93) x23 0xfffff957
core   0: 0x80008e9a (0x0000868d) c.srai  a3, 3
core   0: 3 0x80008e9a (0x868d) x13 0xf76abad7
core   0: 0x80008e9c (0x037beeb3) rem     t4, s7, s7
core   0: 3 0x80008e9c (0x037beeb3) x29 0x00000000
core   0: 0x80008ea0 (0x00a380b3) add     ra, t2, a0
core   0: 3 0x80008ea0 (0x00a380b3) x 1 0x0000000d
core   0: 0x80008ea4 (0x02c4c0b3) div     ra, s1, a2
core   0: 3 0x80008ea4 (0x02c4c0b3) x 1 0xffffffff
core   0: 0x80008ea8 (0x00008455) c.srai  s0, 21
core   0: 3 0x80008ea8 (0x8455) x 8 0xfffffdda
core   0: 0x80008eaa (0x77ad3593) sltiu   a1, s10, 1914
core   0: 3 0x80008eaa (0x77ad3593) x11 0x00000000
core   0: 0x80008eae (0x03578333) mul     t1, a5, s5
core   0: 3 0x80008eae (0x03578333) x 6 0x00000000
core   0: 0x80008eb2 (0x5d683f13) sltiu   t5, a6, 1494
core   0: 3 0x80008eb2 (0x5d683f13) x30 0x00000001
core   0: 0x80008eb6 (0x00000001) c.nop
core   0: 3 0x80008eb6 (0x0001)
core   0: 0x80008eb8 (0x013e2233) slt     tp, t3, s3
core   0: 3 0x80008eb8 (0x013e2233) x 4 0x00000000
core   0: 0x80008ebc (0x03119a63) bne     gp, a7, pc + 52
core   0: 3 0x80008ebc (0x03119a63)
core   0: 0x80008ef0 (0x013beeb3) or      t4, s7, s3
core   0: 3 0x80008ef0 (0x013beeb3) x29 0xfffff957
core   0: 0x80008ef4 (0x0577e363) bltu    a5, s7, pc + 70
core   0: 3 0x80008ef4 (0x0577e363)
core   0: 0x80008f3a (0x01a12933) slt     s2, sp, s10
core   0: 3 0x80008f3a (0x01a12933) x18 0x00000000
core   0: 0x80008f3e (0x43417b13) andi    s6, sp, 1076
core   0: 3 0x80008f3e (0x43417b13) x22 0x00000000
core   0: 0x80008f42 (0x00008da5) c.xor   a1, s1
core   0: 3 0x80008f42 (0x8da5) x11 0x00000000
core   0: 0x80008f44 (0x00351913) slli    s2, a0, 3
core   0: 3 0x80008f44 (0x00351913) x18 0x00000068
core   0: 0x80008f48 (0xc77b8013) addi    zero, s7, -905
core   0: 3 0x80008f48 (0xc77b8013)
core   0: 0x80008f4c (0x00594eb3) xor     t4, s2, t0
core   0: 3 0x80008f4c (0x00594eb3) x29 0xfffffe04
core   0: 0x80008f50 (0x0000e309) c.bnez  a4, pc + 2
core   0: 3 0x80008f50 (0xe309)
core   0: 0x80008f52 (0x0000717d) c.addi16sp sp, -16
core   0: 3 0x80008f52 (0x717d) x 2 0x00020830
core   0: 0x80008f54 (0x412b0733) sub     a4, s6, s2
core   0: 3 0x80008f54 (0x412b0733) x14 0xffffff98
core   0: 0x80008f58 (0x000086e1) c.srai  a3, 24
core   0: 3 0x80008f58 (0x86e1) x13 0xfffffff7
core   0: 0x80008f5a (0x40448eb3) sub     t4, s1, tp
core   0: 3 0x80008f5a (0x40448eb3) x29 0x00000000
core   0: 0x80008f5e (0x6b2a4f97) auipc   t6, 0x6b2a4
core   0: 3 0x80008f5e (0x6b2a4f97) x31 0xeb2acf5e
core   0: 0x80008f62 (0x3abc0837) lui     a6, 0x3abc0
core   0: 3 0x80008f62 (0x3abc0837) x16 0x3abc0000
core   0: 0x80008f66 (0x05583113) sltiu   sp, a6, 85
core   0: 3 0x80008f66 (0x05583113) x 2 0x00000000
core   0: 0x80008f6a (0x503acb13) xori    s6, s5, 1283
core   0: 3 0x80008f6a (0x503acb13) x22 0x00000503
core   0: 0x80008f6e (0x7707be93) sltiu   t4, a5, 1904
core   0: 3 0x80008f6e (0x7707be93) x29 0x00000000
core   0: 0x80008f72 (0x002a9e63) bne     s5, sp, pc + 28
core   0: 3 0x80008f72 (0x002a9e63)
core   0: 0x80008f76 (0x00000bf5) c.addi  s7, 29
core   0: 3 0x80008f76 (0x0bf5) x23 0xfffff974
core   0: 0x80008f78 (0x001f72b3) and     t0, t5, ra
core   0: 3 0x80008f78 (0x001f72b3) x 5 0x00000001
core   0: 0x80008f7c (0x0000717d) c.addi16sp sp, -16
core   0: 3 0x80008f7c (0x717d) x 2 0xfffffff0
core   0: 0x80008f7e (0x01554333) xor     t1, a0, s5
core   0: 3 0x80008f7e (0x01554333) x 6 0x0000000d
core   0: 0x80008f82 (0x0000100f) fence.i
core   0: 3 0x80008f82 (0x0000100f)
core   0: 0x80008f86 (0x006e8233) add     tp, t4, t1
core   0: 3 0x80008f86 (0x006e8233) x 4 0x0000000d
core   0: 0x80008f8a (0x0174e7b3) or      a5, s1, s7
core   0: 3 0x80008f8a (0x0174e7b3) x15 0xfffff974
core   0: 0x80008f8e (0x3df47b13) andi    s6, s0, 991
core   0: 3 0x80008f8e (0x3df47b13) x22 0x000001da
core   0: 0x80008f92 (0x3f542c13) slti    s8, s0, 1013
core   0: 3 0x80008f92 (0x3f542c13) x24 0x00000001
core   0: 0x80008f96 (0x00008f21) c.xor   a4, s0
core   0: 3 0x80008f96 (0x8f21) x14 0x00000242
core   0: 0x80008f98 (0x8c3d4213) xori    tp, s10, -1853
core   0: 3 0x80008f98 (0x8c3d4213) x 4 0x44aa2e7e
core   0: 0x80008f9c (0x00fdaab3) slt     s5, s11, a5
core   0: 3 0x80008f9c (0x00fdaab3) x21 0x00000000
core   0: 0x80008fa0 (0x403e0d33) sub     s10, t3, gp
core   0: 3 0x80008fa0 (0x403e0d33) x26 0x00000000
core   0: 0x80008fa4 (0x808f2093) slti    ra, t5, -2040
core   0: 3 0x80008fa4 (0x808f2093) x 1 0x00000000
core   0: 0x80008fa8 (0x0000100f) fence.i
core   0: 3 0x80008fa8 (0x0000100f)
core   0: 0x80008fac (0x01da11b3) sll     gp, s4, t4
core   0: 3 0x80008fac (0x01da11b3) x 3 0xbb55d1f3
core   0: 0x80008fb0 (0x00635b33) srl     s6, t1, t1
core   0: 3 0x80008fb0 (0x00635b33) x22 0x00000000
core   0: 0x80008fb4 (0x0000100f) fence.i
core   0: 3 0x80008fb4 (0x0000100f)
core   0: 0x80008fb8 (0x40b85833) sra     a6, a6, a1
core   0: 3 0x80008fb8 (0x40b85833) x16 0x3abc0000
core   0: 0x80008fbc (0x02542bb3) mulhsu  s7, s0, t0
core   0: 3 0x80008fbc (0x02542bb3) x23 0xffffffff
core   0: 0x80008fc0 (0x023c5d33) divu    s10, s8, gp
core   0: 3 0x80008fc0 (0x023c5d33) x26 0x00000000
core   0: 0x80008fc4 (0x03bfd2b3) divu    t0, t6, s11
core   0: 3 0x80008fc4 (0x03bfd2b3) x 5 0xffffffff
core   0: 0x80008fc8 (0x03889933) mulh    s2, a7, s8
core   0: 3 0x80008fc8 (0x03889933) x18 0xffffffff
core   0: 0x80008fcc (0x000060f5) c.lui   ra, 0x1d
core   0: 3 0x80008fcc (0x60f5) x 1 0x0001d000
core   0: 0x80008fce (0x00008cbd) c.xor   s1, a5
core   0: 3 0x80008fce (0x8cbd) x 9 0xfffff974
core   0: 0x80008fd0 (0x002d5a33) srl     s4, s10, sp
core   0: 3 0x80008fd0 (0x002d5a33) x20 0x00000000
core   0: 0x80008fd4 (0x00008fe9) c.and   a5, a0
core   0: 3 0x80008fd4 (0x8fe9) x15 0x00000004
core   0: 0x80008fd6 (0x03246bb3) rem     s7, s0, s2
core   0: 3 0x80008fd6 (0x03246bb3) x23 0x00000000
core   0: 0x80008fda (0x00008cdd) c.or    s1, a5
core   0: 3 0x80008fda (0x8cdd) x 9 0xfffff974
core   0: 0x80008fdc (0x00008e4d) c.or    a2, a1
core   0: 3 0x80008fdc (0x8e4d) x12 0x00000000
core   0: 0x80008fde (0x85f98f93) addi    t6, s3, -1953
core   0: 3 0x80008fde (0x85f98f93) x31 0xfffff05f
core   0: 0x80008fe2 (0x00008da9) c.xor   a1, a0
core   0: 3 0x80008fe2 (0x8da9) x11 0x0000000d
core   0: 0x80008fe4 (0x00009826) c.add   a6, s1
core   0: 3 0x80008fe4 (0x9826) x16 0x3abbf974
core   0: 0x80008fe6 (0x019d5813) srli    a6, s10, 25
core   0: 3 0x80008fe6 (0x019d5813) x16 0x00000000
core   0: 0x80008fea (0x418b5413) srai    s0, s6, 24
core   0: 3 0x80008fea (0x418b5413) x 8 0x00000000
core   0: 0x80008fee (0x03a76263) bltu    a4, s10, pc + 36
core   0: 3 0x80008fee (0x03a76263)
core   0: 0x80008ff2 (0x0ff0000f) fence   iorw,iorw
core   0: 3 0x80008ff2 (0x0ff0000f)
core   0: 0x80008ff6 (0x6294f593) andi    a1, s1, 1577
core   0: 3 0x80008ff6 (0x6294f593) x11 0x00000020
core   0: 0x80008ffa (0x0000717d) c.addi16sp sp, -16
core   0: 3 0x80008ffa (0x717d) x 2 0xffffffe0
core   0: 0x80008ffc (0x002a3bb3) sltu    s7, s4, sp
core   0: 3 0x80008ffc (0x002a3bb3) x23 0x00000001
core   0: 0x80009000 (0x0000071e) c.slli  a4, 7
core   0: 3 0x80009000 (0x071e) x14 0x00012100
core   0: 0x80009002 (0x000085be) c.mv    a1, a5
core   0: 3 0x80009002 (0x85be) x11 0x00000004
core   0: 0x80009004 (0x0173c263) blt     t2, s7, pc + 4
core   0: 3 0x80009004 (0x0173c263)
core   0: 0x80009008 (0x00009faa) c.add   t6, a0
core   0: 3 0x80009008 (0x9faa) x31 0xfffff06c
core   0: 0x8000900a (0x024b1c63) bne     s6, tp, pc + 56
core   0: 3 0x8000900a (0x024b1c63)
core   0: 0x80009042 (0x0000100f) fence.i
core   0: 3 0x80009042 (0x0000100f)
core   0: 0x80009046 (0x014c5493) srli    s1, s8, 20
core   0: 3 0x80009046 (0x014c5493) x 9 0x00000000
core   0: 0x8000904a (0x02cf6063) bltu    t5, a2, pc + 32
core   0: 3 0x8000904a (0x02cf6063)
core   0: 0x8000904e (0x0ff0000f) fence   iorw,iorw
core   0: 3 0x8000904e (0x0ff0000f)
core   0: 0x80009052 (0x0089b133) sltu    sp, s3, s0
core   0: 3 0x80009052 (0x0089b133) x 2 0x00000000
core   0: 0x80009056 (0x0335f033) remu    zero, a1, s3
core   0: 3 0x80009056 (0x0335f033)
core   0: 0x8000905a (0x00845a93) srli    s5, s0, 8
core   0: 3 0x8000905a (0x00845a93) x21 0x00000000
core   0: 0x8000905e (0x00008e4d) c.or    a2, a1
core   0: 3 0x8000905e (0x8e4d) x12 0x00000004
core   0: 0x80009060 (0x00008f45) c.or    a4, s1
core   0: 3 0x80009060 (0x8f45) x14 0x00012100
core   0: 0x80009062 (0x02e494b3) mulh    s1, s1, a4
core   0: 3 0x80009062 (0x02e494b3) x 9 0x00000000
core   0: 0x80009066 (0x00ed1e63) bne     s10, a4, pc + 28
core   0: 3 0x80009066 (0x00ed1e63)
core   0: 0x80009082 (0x00008341) c.srli  a4, 16
core   0: 3 0x80009082 (0x8341) x14 0x00000001
core   0: 0x80009084 (0x00390f33) add     t5, s2, gp
core   0: 3 0x80009084 (0x00390f33) x30 0xbb55d1f2
core   0: 0x80009088 (0x0024b4b3) sltu    s1, s1, sp
core   0: 3 0x80009088 (0x0024b4b3) x 9 0x00000000
core   0: 0x8000908c (0x00008021) c.srli  s0, 8
core   0: 3 0x8000908c (0x8021) x 8 0x00000000
core   0: 0x8000908e (0x0000c689) c.beqz  a3, pc + 10
core   0: 3 0x8000908e (0xc689)
core   0: 0x80009090 (0x6cc07a93) andi    s5, zero, 1740
core   0: 3 0x80009090 (0x6cc07a93) x21 0x00000000
core   0: 0x80009094 (0x02366163) bltu    a2, gp, pc + 34
core   0: 3 0x80009094 (0x02366163)
core   0: 0x800090b6 (0x001c4eb3) xor     t4, s8, ra
core   0: 3 0x800090b6 (0x001c4eb3) x29 0x0001d001
core   0: 0x800090ba (0x00008f45) c.or    a4, s1
core   0: 3 0x800090ba (0x8f45) x14 0x00000001
core   0: 0x800090bc (0xe37e5eb7) lui     t4, 0xe37e5
core   0: 3 0x800090bc (0xe37e5eb7) x29 0xe37e5000
core   0: 0x800090c0 (0x01838963) beq     t2, s8, pc + 18
core   0: 3 0x800090c0 (0x01838963)
core   0: 0x800090c4 (0x00006155) c.addi16sp sp, 304
core   0: 3 0x800090c4 (0x6155) x 2 0x00000130
core   0: 0x800090c6 (0x00008122) c.mv    sp, s0
core   0: 3 0x800090c6 (0x8122) x 2 0x00000000
core   0: 0x800090c8 (0x00000001) c.nop
core   0: 3 0x800090c8 (0x0001)
core   0: 0x800090ca (0xa31c8693) addi    a3, s9, -1487
core   0: 3 0x800090ca (0xa31c8693) x13 0x80029715
core   0: 0x800090ce (0x0000980a) c.add   a6, sp
core   0: 3 0x800090ce (0x980a) x16 0x00000000
core   0: 0x800090d0 (0x00008e0d) c.sub   a2, a1
core   0: 3 0x800090d0 (0x8e0d) x12 0x00000000
core   0: 0x800090d2 (0x034216b3) mulh    a3, tp, s4
core   0: 3 0x800090d2 (0x034216b3) x13 0x00000000
core   0: 0x800090d6 (0x000fd033) srl     zero, t6, zero
core   0: 3 0x800090d6 (0x000fd033)
core   0: 0x800090da (0x000005aa) c.slli  a1, 10
core   0: 3 0x800090da (0x05aa) x11 0x00001000
core   0: 0x800090dc (0x00008c2d) c.xor   s0, a1
core   0: 3 0x800090dc (0x8c2d) x 8 0x00001000
core   0: 0x800090de (0x025d1733) mulh    a4, s10, t0
core   0: 3 0x800090de (0x025d1733) x14 0x00000000
core   0: 0x800090e2 (0x000007ba) c.slli  a5, 14
core   0: 3 0x800090e2 (0x07ba) x15 0x00010000
core   0: 0x800090e4 (0x00009396) c.add   t2, t0
core   0: 3 0x800090e4 (0x9396) x 7 0xffffffff
core   0: 0x800090e6 (0x02dda733) mulhsu  a4, s11, a3
core   0: 3 0x800090e6 (0x02dda733) x14 0x00000000
core   0: 0x800090ea (0x02c0db33) divu    s6, ra, a2
core   0: 3 0x800090ea (0x02c0db33) x22 0xffffffff
core   0: 0x800090ee (0x00000922) c.slli  s2, 8
core   0: 3 0x800090ee (0x0922) x18 0xffffff00
core   0: 0x800090f0 (0xdff42437) lui     s0, 0xdff42
core   0: 3 0x800090f0 (0xdff42437) x 8 0xdff42000
core   0: 0x800090f4 (0x000099fd) c.andi  a1, -1
core   0: 3 0x800090f4 (0x99fd) x11 0x00001000
core   0: 0x800090f6 (0x014cfd33) and     s10, s9, s4
core   0: 3 0x800090f6 (0x014cfd33) x26 0x00000000
core   0: 0x800090fa (0x0000118c) c.addi4spn a1, sp, 224
core   0: 3 0x800090fa (0x118c) x11 0x000000e0
core   0: 0x800090fc (0x00008e15) c.sub   a2, a3
core   0: 3 0x800090fc (0x8e15) x12 0x00000000
core   0: 0x800090fe (0x000e8833) add     a6, t4, zero
core   0: 3 0x800090fe (0x000e8833) x16 0xe37e5000
core   0: 0x80009102 (0x0046d0b3) srl     ra, a3, tp
core   0: 3 0x80009102 (0x0046d0b3) x 1 0x00000000
core   0: 0x80009106 (0x00001d0c) c.addi4spn a1, sp, 688
core   0: 3 0x80009106 (0x1d0c) x11 0x000002b0
core   0: 0x80009108 (0x0000987d) c.andi  s0, -1
core   0: 3 0x80009108 (0x987d) x 8 0xdff42000
core   0: 0x8000910a (0x029a1063) bne     s4, s1, pc + 32
core   0: 3 0x8000910a (0x029a1063)
core   0: 0x8000910e (0x0111c863) blt     gp, a7, pc + 16
core   0: 3 0x8000910e (0x0111c863)
core   0: 0x80009112 (0x01a59093) slli    ra, a1, 26
core   0: 3 0x80009112 (0x01a59093) x 1 0xc0000000
core   0: 0x80009116 (0x01750833) add     a6, a0, s7
core   0: 3 0x80009116 (0x01750833) x16 0x0000000e
core   0: 0x8000911a (0x00538933) add     s2, t2, t0
core   0: 3 0x8000911a (0x00538933) x18 0xfffffffe
core   0: 0x8000911e (0x00008f29) c.xor   a4, a0
core   0: 3 0x8000911e (0x8f29) x14 0x0000000d
core   0: 0x80009120 (0x03765f63) bge     a2, s7, pc + 62
core   0: 3 0x80009120 (0x03765f63)
core   0: 0x80009124 (0x0000597d) c.li    s2, -1
core   0: 3 0x80009124 (0x597d) x18 0xffffffff
core   0: 0x80009126 (0x417bdd33) sra     s10, s7, s7
core   0: 3 0x80009126 (0x417bdd33) x26 0x00000000
core   0: 0x8000912a (0x01b31f63) bne     t1, s11, pc + 30
core   0: 3 0x8000912a (0x01b31f63)
core   0: 0x80009148 (0x017f59b3) srl     s3, t5, s7
core   0: 3 0x80009148 (0x017f59b3) x19 0x5daae8f9
core   0: 0x8000914c (0x65bfc113) xori    sp, t6, 1627
core   0: 3 0x8000914c (0x65bfc113) x 2 0xfffff637
core   0: 0x80009150 (0x7ff44093) xori    ra, s0, 2047
core   0: 3 0x80009150 (0x7ff44093) x 1 0xdff427ff
core   0: 0x80009154 (0x0000ec05) c.bnez  s0, pc + 56
core   0: 3 0x80009154 (0xec05)
core   0: 0x8000918c (0x31807a97) auipc   s5, 0x31807
core   0: 3 0x8000918c (0x31807a97) x21 0xb181018c
core   0: 0x80009190 (0x00008c4d) c.or    s0, a1
core   0: 3 0x80009190 (0x8c4d) x 8 0xdff422b0
core   0: 0x80009192 (0x409f5293) srai    t0, t5, 9
core   0: 3 0x80009192 (0x409f5293) x 5 0xffddaae8
core   0: 0x80009196 (0xb1c38413) addi    s0, t2, -1252
core   0: 3 0x80009196 (0xb1c38413) x 8 0xfffffb1b
core   0: 0x8000919a (0x000ba133) slt     sp, s7, zero
core   0: 3 0x8000919a (0x000ba133) x 2 0x00000000
core   0: 0x8000919e (0x00142933) slt     s2, s0, ra
core   0: 3 0x8000919e (0x00142933) x18 0x00000000
core   0: 0x800091a2 (0x02454e63) blt     a0, tp, pc + 60
core   0: 3 0x800091a2 (0x02454e63)
core   0: 0x800091de (0x419cd313) srai    t1, s9, 25
core   0: 3 0x800091de (0x419cd313) x 6 0xffffffc0
core   0: 0x800091e2 (0x9a3ff637) lui     a2, 0x9a3ff
core   0: 3 0x800091e2 (0x9a3ff637) x12 0x9a3ff000
core   0: 0x800091e6 (0x01e1e1b3) or      gp, gp, t5
core   0: 3 0x800091e6 (0x01e1e1b3) x 3 0xbb55d1f3
core   0: 0x800091ea (0x40525593) srai    a1, tp, 5
core   0: 3 0x800091ea (0x40525593) x11 0x02255173
core   0: 0x800091ee (0x01152133) slt     sp, a0, a7
core   0: 3 0x800091ee (0x01152133) x 2 0x00000000
core   0: 0x800091f2 (0xa61e4237) lui     tp, 0xa61e4
core   0: 3 0x800091f2 (0xa61e4237) x 4 0xa61e4000
core   0: 0x800091f6 (0x00000001) c.nop
core   0: 3 0x800091f6 (0x0001)
core   0: 0x800091f8 (0x0069b0b3) sltu    ra, s3, t1
core   0: 3 0x800091f8 (0x0069b0b3) x 1 0x00000001
core   0: 0x800091fc (0x006e07b3) add     a5, t3, t1
core   0: 3 0x800091fc (0x006e07b3) x15 0xffffffc0
core   0: 0x80009200 (0x00006955) c.lui   s2, 0x15
core   0: 3 0x80009200 (0x6955) x18 0x00015000
core   0: 0x80009202 (0x00008b1d) c.andi  a4, 7
core   0: 3 0x80009202 (0x8b1d) x14 0x00000005
core   0: 0x80009204 (0x0ff0000f) fence   iorw,iorw
core   0: 3 0x80009204 (0x0ff0000f)
core   0: 0x80009208 (0x00008dc9) c.or    a1, a0
core   0: 3 0x80009208 (0x8dc9) x11 0x0225517f
core   0: 0x8000920a (0x1cd9bc13) sltiu   s8, s3, 461
core   0: 3 0x8000920a (0x1cd9bc13) x24 0x00000000
core   0: 0x8000920e (0x0000835d) c.srli  a4, 23
core   0: 3 0x8000920e (0x835d) x14 0x00000000
core   0: 0x80009210 (0xfdcbaa13) slti    s4, s7, -36
core   0: 3 0x80009210 (0xfdcbaa13) x20 0x00000000
core   0: 0x80009214 (0x0294c263) blt     s1, s1, pc + 36
core   0: 3 0x80009214 (0x0294c263)
core   0: 0x80009218 (0x03eb6633) rem     a2, s6, t5
core   0: 3 0x80009218 (0x03eb6633) x12 0xffffffff
core   0: 0x8000921c (0x03b36463) bltu    t1, s11, pc + 40
core   0: 3 0x8000921c (0x03b36463)
core   0: 0x80009220 (0x0028ec63) bltu    a7, sp, pc + 24
core   0: 3 0x80009220 (0x0028ec63)
core   0: 0x80009224 (0x00559793) slli    a5, a1, 5
core   0: 3 0x80009224 (0x00559793) x15 0x44aa2fe0
core   0: 0x80009228 (0x036bc963) blt     s7, s6, pc + 50
core   0: 3 0x80009228 (0x036bc963)
core   0: 0x8000922c (0x00008e39) c.xor   a2, a4
core   0: 3 0x8000922c (0x8e39) x12 0xffffffff
core   0: 0x8000922e (0x0000922e) c.add   tp, a1
core   0: 3 0x8000922e (0x922e) x 4 0xa843917f
core   0: 0x80009230 (0x00000001) c.nop
core   0: 3 0x80009230 (0x0001)
core   0: 0x80009232 (0x017bf0b3) and     ra, s7, s7
core   0: 3 0x80009232 (0x017bf0b3) x 1 0x00000001
core   0: 0x80009236 (0x00008fc9) c.or    a5, a0
core   0: 3 0x80009236 (0x8fc9) x15 0x44aa2fed
core   0: 0x80009238 (0x01b5e363) bltu    a1, s11, pc + 6
core   0: 3 0x80009238 (0x01b5e363)
core   0: 0x8000923c (0x00001f0c) c.addi4spn a1, sp, 944
core   0: 3 0x8000923c (0x1f0c) x11 0x000003b0
core   0: 0x8000923e (0x00008596) c.mv    a1, t0
core   0: 3 0x8000923e (0x8596) x11 0xffddaae8
core   0: 0x80009240 (0xb821ab13) slti    s6, gp, -1150
core   0: 3 0x80009240 (0xb821ab13) x22 0x00000001
core   0: 0x80009244 (0xf299d337) lui     t1, 0xf299d
core   0: 3 0x80009244 (0xf299d337) x 6 0xf299d000
core   0: 0x80009248 (0x03a87133) remu    sp, a6, s10
core   0: 3 0x80009248 (0x03a87133) x 2 0x0000000e
core   0: 0x8000924c (0x006ad193) srli    gp, s5, 6
core   0: 3 0x8000924c (0x006ad193) x 3 0x02c60406
core   0: 0x80009250 (0x00008e91) c.sub   a3, a2
core   0: 3 0x80009250 (0x8e91) x13 0x00000001
core   0: 0x80009252 (0x00b8e633) or      a2, a7, a1
core   0: 3 0x80009252 (0x00b8e633) x12 0xffdffeec
core   0: 0x80009256 (0x0000100f) fence.i
core   0: 3 0x80009256 (0x0000100f)
core   0: 0x8000925a (0x000098fd) c.andi  s1, -1
core   0: 3 0x8000925a (0x98fd) x 9 0x00000000
core   0: 0x8000925c (0x0154e263) bltu    s1, s5, pc + 4
core   0: 3 0x8000925c (0x0154e263)
core   0: 0x80009260 (0x99fcff13) andi    t5, s9, -1633
core   0: 3 0x80009260 (0x99fcff13) x30 0x80029884
core   0: 0x80009264 (0x02999c63) bne     s3, s1, pc + 56
core   0: 3 0x80009264 (0x02999c63)
core   0: 0x8000929c (0x0ff0000f) fence   iorw,iorw
core   0: 3 0x8000929c (0x0ff0000f)
core   0: 0x800092a0 (0x00008fa9) c.xor   a5, a0
core   0: 3 0x800092a0 (0x8fa9) x15 0x44aa2fe0
core   0: 0x800092a2 (0x026c85b3) mul     a1, s9, t1
core   0: 3 0x800092a2 (0x026c85b3) x11 0x6bbd4000
core   0: 0x800092a6 (0x02dab6b3) mulhu   a3, s5, a3
core   0: 3 0x800092a6 (0x02dab6b3) x13 0x00000000
core   0: 0x800092aa (0xf53292b7) lui     t0, 0xf5329
core   0: 3 0x800092aa (0xf53292b7) x 5 0xf5329000
core   0: 0x800092ae (0x03122033) mulhsu  zero, tp, a7
core   0: 3 0x800092ae (0x03122033)
core   0: 0x800092b2 (0x41245213) srai    tp, s0, 18
core   0: 3 0x800092b2 (0x41245213) x 4 0xffffffff
core   0: 0x800092b6 (0x037e42b3) div     t0, t3, s7
core   0: 3 0x800092b6 (0x037e42b3) x 5 0x00000000
core   0: 0x800092ba (0x8f1d6793) ori     a5, s10, -1807
core   0: 3 0x800092ba (0x8f1d6793) x15 0xfffff8f1
core   0: 0x800092be (0x018be563) bltu    s7, s8, pc + 10
core   0: 3 0x800092be (0x018be563)
core   0: 0x800092c2 (0x00008cb1) c.xor   s1, a2
core   0: 3 0x800092c2 (0x8cb1) x 9 0xffdffeec
core   0: 0x800092c4 (0x025929b3) mulhsu  s3, s2, t0
core   0: 3 0x800092c4 (0x025929b3) x19 0x00000000
core   0: 0x800092c8 (0x00008c5d) c.or    s0, a5
core   0: 3 0x800092c8 (0x8c5d) x 8 0xfffffbfb
core   0: 0x800092ca (0x00008d81) c.sub   a1, s0
core   0: 3 0x800092ca (0x8d81) x11 0x6bbd4405
core   0: 0x800092cc (0x00008fde) c.mv    t6, s7
core   0: 3 0x800092cc (0x8fde) x31 0x00000001
core   0: 0x800092ce (0x41c4d813) srai    a6, s1, 28
core   0: 3 0x800092ce (0x41c4d813) x16 0xffffffff
core   0: 0x800092d2 (0x0200fe33) remu    t3, ra, zero
core   0: 3 0x800092d2 (0x0200fe33) x28 0x00000001
core   0: 0x800092d6 (0x025486b3) mul     a3, s1, t0
core   0: 3 0x800092d6 (0x025486b3) x13 0x00000000
core   0: 0x800092da (0x00008d96) c.mv    s11, t0
core   0: 3 0x800092da (0x8d96) x27 0x00000000
core   0: 0x800092dc (0x022d7f63) bgeu    s10, sp, pc + 62
core   0: 3 0x800092dc (0x022d7f63)
core   0: 0x800092e0 (0x033fef63) bltu    t6, s3, pc + 62
core   0: 3 0x800092e0 (0x033fef63)
core   0: 0x800092e4 (0x00160d63) beq     a2, ra, pc + 26
core   0: 3 0x800092e4 (0x00160d63)
core   0: 0x800092e8 (0x00008f51) c.or    a4, a2
core   0: 3 0x800092e8 (0x8f51) x14 0xffdffeec
core   0: 0x800092ea (0x00008ce1) c.and   s1, s0
core   0: 3 0x800092ea (0x8ce1) x 9 0xffdffae8
core   0: 0x800092ec (0x00000001) c.nop
core   0: 3 0x800092ec (0x0001)
core   0: 0x800092ee (0x00006125) c.addi16sp sp, 96
core   0: 3 0x800092ee (0x6125) x 2 0x0000006e
core   0: 0x800092f0 (0x00008e61) c.and   a2, s0
core   0: 3 0x800092f0 (0x8e61) x12 0xffdffae8
core   0: 0x800092f2 (0x015a7e33) and     t3, s4, s5
core   0: 3 0x800092f2 (0x015a7e33) x28 0x00000000
core   0: 0x800092f6 (0x0000717d) c.addi16sp sp, -16
core   0: 3 0x800092f6 (0x717d) x 2 0x0000005e
core   0: 0x800092f8 (0x0000717d) c.addi16sp sp, -16
core   0: 3 0x800092f8 (0x717d) x 2 0x0000004e
core   0: 0x800092fa (0x41228eb3) sub     t4, t0, s2
core   0: 3 0x800092fa (0x41228eb3) x29 0xfffeb000
core   0: 0x800092fe (0x9f5c1297) auipc   t0, 0x9f5c1
core   0: 3 0x800092fe (0x9f5c1297) x 5 0x1f5ca2fe
core   0: 0x80009302 (0x039dbc33) mulhu   s8, s11, s9
core   0: 3 0x80009302 (0x039dbc33) x24 0x00000000
core   0: 0x80009306 (0x00b25113) srli    sp, tp, 11
core   0: 3 0x80009306 (0x00b25113) x 2 0x001fffff
core   0: 0x8000930a (0x03d60963) beq     a2, t4, pc + 50
core   0: 3 0x8000930a (0x03d60963)
core   0: 0x8000930e (0x0000e315) c.bnez  a4, pc + 36
core   0: 3 0x8000930e (0xe315)
core   0: 0x80009332 (0x00fa84b3) add     s1, s5, a5
core   0: 3 0x80009332 (0x00fa84b3) x 9 0xb180fa7d
core   0: 0x80009336 (0x1ff62813) slti    a6, a2, 511
core   0: 3 0x80009336 (0x1ff62813) x16 0x00000001
core   0: 0x8000933a (0x00006b25) c.lui   s6, 0x9
core   0: 3 0x8000933a (0x6b25) x22 0x00009000
core   0: 0x8000933c (0x00008c71) c.and   s0, a2
core   0: 3 0x8000933c (0x8c71) x 8 0xffdffae8
core   0: 0x8000933e (0x02218633) mul     a2, gp, sp
core   0: 3 0x8000933e (0x02218633) x12 0x7df9fbfa
core   0: 0x80009342 (0x00ba3233) sltu    tp, s4, a1
core   0: 3 0x80009342 (0x00ba3233) x 4 0x00000001
core   0: 0x80009346 (0x022df863) bgeu    s11, sp, pc + 48
core   0: 3 0x80009346 (0x022df863)
core   0: 0x8000934a (0x237e8f13) addi    t5, t4, 567
core   0: 3 0x8000934a (0x237e8f13) x30 0xfffeb237
core   0: 0x8000934e (0x00000322) c.slli  t1, 8
core   0: 3 0x8000934e (0x0322) x 6 0x99d00000
core   0: 0x80009350 (0x0ff0000f) fence   iorw,iorw
core   0: 3 0x80009350 (0x0ff0000f)
core   0: 0x80009354 (0x004cf663) bgeu    s9, tp, pc + 12
core   0: 3 0x80009354 (0x004cf663)
core   0: 0x80009360 (0x0141e663) bltu    gp, s4, pc + 12
core   0: 3 0x80009360 (0x0141e663)
core   0: 0x80009364 (0x03a78f33) mul     t5, a5, s10
core   0: 3 0x80009364 (0x03a78f33) x30 0x00000000
core   0: 0x80009368 (0x00001afd) c.addi  s5, -1
core   0: 3 0x80009368 (0x1afd) x21 0xb181018b
core   0: 0x8000936a (0x0000e411) c.bnez  s0, pc + 12
core   0: 3 0x8000936a (0xe411)
core   0: 0x80009376 (0x01d27ab3) and     s5, tp, t4
core   0: 3 0x80009376 (0x01d27ab3) x21 0x00000000
core   0: 0x8000937a (0x0000139c) c.addi4spn a5, sp, 480
core   0: 3 0x8000937a (0x139c) x15 0x002001df
core   0: 0x8000937c (0x00008c2d) c.xor   s0, a1
core   0: 3 0x8000937c (0x8c2d) x 8 0x9462beed
core   0: 0x8000937e (0x019a9613) slli    a2, s5, 25
core   0: 3 0x8000937e (0x019a9613) x12 0x00000000
core   0: 0x80009382 (0x00000001) c.nop
core   0: 3 0x80009382 (0x0001)
core   0: 0x80009384 (0x0330d163) bge     ra, s3, pc + 34
core   0: 3 0x80009384 (0x0330d163)
core   0: 0x800093a6 (0x0000974e) c.add   a4, s3
core   0: 3 0x800093a6 (0x974e) x14 0xffdffeec
core   0: 0x800093a8 (0x0000843d) c.srai  s0, 15
core   0: 3 0x800093a8 (0x843d) x 8 0xffff28c5
core   0: 0x800093aa (0x0000839e) c.mv    t2, t2
core   0: 3 0x800093aa (0x839e) x 7 0xffffffff
core   0: 0x800093ac (0xe84fdd17) auipc   s10, 0xe84fd
core   0: 3 0x800093ac (0xe84fdd17) x26 0x685063ac
core   0: 0x800093b0 (0x000080be) c.mv    ra, a5
core   0: 3 0x800093b0 (0x80be) x 1 0x002001df
core   0: 0x800093b2 (0x02afa3b3) mulhsu  t2, t6, a0
core   0: 3 0x800093b2 (0x02afa3b3) x 7 0x00000000
core   0: 0x800093b6 (0x01dd3ab3) sltu    s5, s10, t4
core   0: 3 0x800093b6 (0x01dd3ab3) x21 0x00000001
core   0: 0x800093ba (0x0000100f) fence.i
core   0: 3 0x800093ba (0x0000100f)
core   0: 0x800093be (0x000081d1) c.srli  a1, 20
core   0: 3 0x800093be (0x81d1) x11 0x000006bb
core   0: 0x800093c0 (0x0000cb19) c.beqz  a4, pc + 22
core   0: 3 0x800093c0 (0xcb19)
core   0: 0x800093c2 (0x00000e9c) c.addi4spn a5, sp, 848
core   0: 3 0x800093c2 (0x0e9c) x15 0x0020034f
core   0: 0x800093c4 (0x012deab3) or      s5, s11, s2
core   0: 3 0x800093c4 (0x012deab3) x21 0x00015000
core   0: 0x800093c8 (0x00009e26) c.add   t3, s1
core   0: 3 0x800093c8 (0x9e26) x28 0xb180fa7d
core   0: 0x800093ca (0x41c151b3) sra     gp, sp, t3
core   0: 3 0x800093ca (0x41c151b3) x 3 0x00000000
core   0: 0x800093ce (0x01d18633) add     a2, gp, t4
core   0: 3 0x800093ce (0x01d18633) x12 0xfffeb000
core   0: 0x800093d2 (0x024b22b3) mulhsu  t0, s6, tp
core   0: 3 0x800093d2 (0x024b22b3) x 5 0x00000000
core   0: 0x800093d6 (0x00004bf1) c.li    s7, 28
core   0: 3 0x800093d6 (0x4bf1) x23 0x0000001c
core   0: 0x800093d8 (0x00001efd) c.addi  t4, -1
core   0: 3 0x800093d8 (0x1efd) x29 0xfffeafff
core   0: 0x800093da (0x94529997) auipc   s3, 0x94529
core   0: 3 0x800093da (0x94529997) x19 0x145323da
core   0: 0x800093de (0x010f5c33) srl     s8, t5, a6
core   0: 3 0x800093de (0x010f5c33) x24 0x00000000
core   0: 0x800093e2 (0x94fc1437) lui     s0, 0x94fc1
core   0: 3 0x800093e2 (0x94fc1437) x 8 0x94fc1000
core   0: 0x800093e6 (0x00006175) c.addi16sp sp, 368
core   0: 3 0x800093e6 (0x6175) x 2 0x0020016f
core   0: 0x800093e8 (0x02fbbeb3) mulhu   t4, s7, a5
core   0: 3 0x800093e8 (0x02fbbeb3) x29 0x00000000
core   0: 0x800093ec (0x00ef7863) bgeu    t5, a4, pc + 16
core   0: 3 0x800093ec (0x00ef7863)
core   0: 0x800093f0 (0x02c289b3) mul     s3, t0, a2
core   0: 3 0x800093f0 (0x02c289b3) x19 0x00000000
core   0: 0x800093f4 (0x01391613) slli    a2, s2, 19
core   0: 3 0x800093f4 (0x01391613) x12 0x80000000
core   0: 0x800093f8 (0x0338e4b3) rem     s1, a7, s3
core   0: 3 0x800093f8 (0x0338e4b3) x 9 0x80025e64
core   0: 0x800093fc (0x3b0f0813) addi    a6, t5, 944
core   0: 3 0x800093fc (0x3b0f0813) x16 0x000003b0
core   0: 0x80009400 (0x565db293) sltiu   t0, s11, 1381
core   0: 3 0x80009400 (0x565db293) x 5 0x00000001
core   0: 0x80009404 (0x038a70b3) remu    ra, s4, s8
core   0: 3 0x80009404 (0x038a70b3) x 1 0x00000000
core   0: 0x80009408 (0x00004f6d) c.li    t5, 27
core   0: 3 0x80009408 (0x4f6d) x30 0x0000001b
core   0: 0x8000940a (0x41ced133) sra     sp, t4, t3
core   0: 3 0x8000940a (0x41ced133) x 2 0x00000000
core   0: 0x8000940e (0x00008fbd) c.xor   a5, a5
core   0: 3 0x8000940e (0x8fbd) x15 0x00000000
core   0: 0x80009410 (0x01f432b3) sltu    t0, s0, t6
core   0: 3 0x80009410 (0x01f432b3) x 5 0x00000000
core   0: 0x80009414 (0x00008189) c.srli  a1, 2
core   0: 3 0x80009414 (0x8189) x11 0x000001ae
core   0: 0x80009416 (0x02fb76b3) remu    a3, s6, a5
core   0: 3 0x80009416 (0x02fb76b3) x13 0x00009000
core   0: 0x8000941a (0xb4edcb13) xori    s6, s11, -1202
core   0: 3 0x8000941a (0xb4edcb13) x22 0xfffffb4e
core   0: 0x8000941e (0x03326f33) rem     t5, tp, s3
core   0: 3 0x8000941e (0x03326f33) x30 0x00000001
core   0: 0x80009422 (0x0467d163) bge     a5, t1, pc + 66
core   0: 3 0x80009422 (0x0467d163)
core   0: 0x80009464 (0x0000842a) c.mv    s0, a0
core   0: 3 0x80009464 (0x842a) x 8 0x0000000d
core   0: 0x80009466 (0x41ae0b33) sub     s6, t3, s10
core   0: 3 0x80009466 (0x41ae0b33) x22 0x493096d1
core   0: 0x8000946a (0x01fc3c33) sltu    s8, s8, t6
core   0: 3 0x8000946a (0x01fc3c33) x24 0x00000001
core   0: 0x8000946e (0x0000100f) fence.i
core   0: 3 0x8000946e (0x0000100f)
core   0: 0x80009472 (0x00c18f63) beq     gp, a2, pc + 30
core   0: 3 0x80009472 (0x00c18f63)
core   0: 0x80009476 (0x00006a5d) c.lui   s4, 0x17
core   0: 3 0x80009476 (0x6a5d) x20 0x00017000
core   0: 0x80009478 (0x01409493) slli    s1, ra, 20
core   0: 3 0x80009478 (0x01409493) x 9 0x00000000
core   0: 0x8000947c (0x00006939) c.lui   s2, 0xe
core   0: 3 0x8000947c (0x6939) x18 0x0000e000
core   0: 0x8000947e (0x1dbb6293) ori     t0, s6, 475
core   0: 3 0x8000947e (0x1dbb6293) x 5 0x493097db
core   0: 0x80009482 (0x033d22b3) mulhsu  t0, s10, s3
core   0: 3 0x80009482 (0x033d22b3) x 5 0x00000000
core   0: 0x80009486 (0x987acdb7) lui     s11, 0x987ac
core   0: 3 0x80009486 (0x987acdb7) x27 0x987ac000
core   0: 0x8000948a (0x01820b33) add     s6, tp, s8
core   0: 3 0x8000948a (0x01820b33) x22 0x00000002
core   0: 0x8000948e (0x00008eb9) c.xor   a3, a4
core   0: 3 0x8000948e (0x8eb9) x13 0xffdf6eec
core   0: 0x80009490 (0x4436bf93) sltiu   t6, a3, 1091
core   0: 3 0x80009490 (0x4436bf93) x31 0x00000000
core   0: 0x80009494 (0x022504b3) mul     s1, a0, sp
core   0: 3 0x80009494 (0x022504b3) x 9 0x00000000
core   0: 0x80009498 (0x0000835d) c.srli  a4, 23
core   0: 3 0x80009498 (0x835d) x14 0x000001ff
core   0: 0x8000949a (0x000081ed) c.srli  a1, 27
core   0: 3 0x8000949a (0x81ed) x11 0x00000000
core   0: 0x8000949c (0x00008fbd) c.xor   a5, a5
core   0: 3 0x8000949c (0x8fbd) x15 0x00000000
core   0: 0x8000949e (0x00e89eb3) sll     t4, a7, a4
core   0: 3 0x8000949e (0x00e89eb3) x29 0x00000000
core   0: 0x800094a2 (0x41d259b3) sra     s3, tp, t4
core   0: 3 0x800094a2 (0x41d259b3) x19 0x00000001
core   0: 0x800094a6 (0xf44f3913) sltiu   s2, t5, -188
core   0: 3 0x800094a6 (0xf44f3913) x18 0x00000001
core   0: 0x800094aa (0x40d9deb3) sra     t4, s3, a3
core   0: 3 0x800094aa (0x40d9deb3) x29 0x00000000
core   0: 0x800094ae (0x01ec9493) slli    s1, s9, 30
core   0: 3 0x800094ae (0x01ec9493) x 9 0x00000000
core   0: 0x800094b2 (0x0000cb05) c.beqz  a4, pc + 48
core   0: 3 0x800094b2 (0xcb05)
core   0: 0x800094b4 (0x7e3dc117) auipc   sp, 0x7e3dc
core   0: 3 0x800094b4 (0x7e3dc117) x 2 0xfe3e54b4
core   0: 0x800094b8 (0x5adf6713) ori     a4, t5, 1453
core   0: 3 0x800094b8 (0x5adf6713) x14 0x000005ad
core   0: 0x800094bc (0x034402b3) mul     t0, s0, s4
core   0: 3 0x800094bc (0x034402b3) x 5 0x0012b000
core   0: 0x800094c0 (0x00000001) c.nop
core   0: 3 0x800094c0 (0x0001)
core   0: 0x800094c2 (0x000099fd) c.andi  a1, -1
core   0: 3 0x800094c2 (0x99fd) x11 0x00000000
core   0: 0x800094c4 (0x00a264b3) or      s1, tp, a0
core   0: 3 0x800094c4 (0x00a264b3) x 9 0x0000000d
core   0: 0x800094c8 (0x00008d91) c.sub   a1, a2
core   0: 3 0x800094c8 (0x8d91) x11 0x80000000
core   0: 0x800094ca (0x00008ff1) c.and   a5, a2
core   0: 3 0x800094ca (0x8ff1) x15 0x00000000
core   0: 0x800094cc (0x01cb3833) sltu    a6, s6, t3
core   0: 3 0x800094cc (0x01cb3833) x16 0x00000001
core   0: 0x800094d0 (0x00008331) c.srli  a4, 12
core   0: 3 0x800094d0 (0x8331) x14 0x00000000
core   0: 0x800094d2 (0x01add733) srl     a4, s11, s10
core   0: 3 0x800094d2 (0x01add733) x14 0x000987ac
core   0: 0x800094d6 (0x01d58263) beq     a1, t4, pc + 4
core   0: 3 0x800094d6 (0x01d58263)
core   0: 0x800094da (0x00761563) bne     a2, t2, pc + 10
core   0: 3 0x800094da (0x00761563)
core   0: 0x800094e4 (0x00008d95) c.sub   a1, a3
core   0: 3 0x800094e4 (0x8d95) x11 0x80209114
core   0: 0x800094e6 (0x02bb0fb3) mul     t6, s6, a1
core   0: 3 0x800094e6 (0x02bb0fb3) x31 0x00412228
core   0: 0x800094ea (0x403600b3) sub     ra, a2, gp
core   0: 3 0x800094ea (0x403600b3) x 1 0x80000000
core   0: 0x800094ee (0xbfe0cf37) lui     t5, 0xbfe0c
core   0: 3 0x800094ee (0xbfe0cf37) x30 0xbfe0c000
core   0: 0x800094f2 (0x0000c80d) c.beqz  s0, pc + 50
core   0: 3 0x800094f2 (0xc80d)
core   0: 0x800094f4 (0x03e64ab3) div     s5, a2, t5
core   0: 3 0x800094f4 (0x03e64ab3) x21 0x00000001
core   0: 0x800094f8 (0x00008aad) c.andi  a3, 11
core   0: 3 0x800094f8 (0x8aad) x13 0x00000008
core   0: 0x800094fa (0x02e47133) remu    sp, s0, a4
core   0: 3 0x800094fa (0x02e47133) x 2 0x0000000d
core   0: 0x800094fe (0x00008ecd) c.or    a3, a1
core   0: 3 0x800094fe (0x8ecd) x13 0x8020911c
core   0: 0x80009500 (0x00008f31) c.xor   a4, a2
core   0: 3 0x80009500 (0x8f31) x14 0x800987ac
core   0: 0x80009502 (0x02dfd0b3) divu    ra, t6, a3
core   0: 3 0x80009502 (0x02dfd0b3) x 1 0x00000000
core   0: 0x80009506 (0x023fe033) rem     zero, t6, gp
core   0: 3 0x80009506 (0x023fe033)
core   0: 0x8000950a (0x01efc333) xor     t1, t6, t5
core   0: 3 0x8000950a (0x01efc333) x 6 0xbfa1e228
core   0: 0x8000950e (0x00008e15) c.sub   a2, a3
core   0: 3 0x8000950e (0x8e15) x12 0xffdf6ee4
core   0: 0x80009510 (0x01092e33) slt     t3, s2, a6
core   0: 3 0x80009510 (0x01092e33) x28 0x00000000
core   0: 0x80009514 (0x03f113b3) mulh    t2, sp, t6
core   0: 3 0x80009514 (0x03f113b3) x 7 0x00000000
core   0: 0x80009518 (0x00008dd1) c.or    a1, a2
core   0: 3 0x80009518 (0x8dd1) x11 0xfffffff4
core   0: 0x8000951a (0x0ff0000f) fence   iorw,iorw
core   0: 3 0x8000951a (0x0ff0000f)
core   0: 0x8000951e (0x000085e1) c.srai  a1, 24
core   0: 3 0x8000951e (0x85e1) x11 0xffffffff
core   0: 0x80009520 (0x41e85613) srai    a2, a6, 30
core   0: 3 0x80009520 (0x41e85613) x12 0x00000000
core   0: 0x80009524 (0x03e1c033) div     zero, gp, t5
core   0: 3 0x80009524 (0x03e1c033)
core   0: 0x80009528 (0x032447b3) div     a5, s0, s2
core   0: 3 0x80009528 (0x032447b3) x15 0x0000000d
core   0: 0x8000952c (0x412904b3) sub     s1, s2, s2
core   0: 3 0x8000952c (0x412904b3) x 9 0x00000000
core   0: 0x80009530 (0x000087d9) c.srai  a5, 22
core   0: 3 0x80009530 (0x87d9) x15 0x00000000
core   0: 0x80009532 (0x00009bfd) c.andi  a5, -1
core   0: 3 0x80009532 (0x9bfd) x15 0x00000000
core   0: 0x80009534 (0x02695063) bge     s2, t1, pc + 32
core   0: 3 0x80009534 (0x02695063)
core   0: 0x80009554 (0x005c4463) blt     s8, t0, pc + 8
core   0: 3 0x80009554 (0x005c4463)
core   0: 0x8000955c (0x0000612d) c.addi16sp sp, 224
core   0: 3 0x8000955c (0x612d) x 2 0x000000ed
core   0: 0x8000955e (0x00feb633) sltu    a2, t4, a5
core   0: 3 0x8000955e (0x00feb633) x12 0x00000000
core   0: 0x80009562 (0x621b6113) ori     sp, s6, 1569
core   0: 3 0x80009562 (0x621b6113) x 2 0x00000623
core   0: 0x80009566 (0x011d3bb3) sltu    s7, s10, a7
core   0: 3 0x80009566 (0x011d3bb3) x23 0x00000001
core   0: 0x8000956a (0x1a68a217) auipc   tp, 0x1a68a
core   0: 3 0x8000956a (0x1a68a217) x 4 0x9a69356a
core   0: 0x8000956e (0x01985a33) srl     s4, a6, s9
core   0: 3 0x8000956e (0x01985a33) x20 0x00000000
core   0: 0x80009572 (0x00009a7d) c.andi  a2, -1
core   0: 3 0x80009572 (0x9a7d) x12 0x00000000
core   0: 0x80009574 (0x00e7dc63) bge     a5, a4, pc + 24
core   0: 3 0x80009574 (0x00e7dc63)
core   0: 0x8000958c (0x03bcdfb3) divu    t6, s9, s11
core   0: 3 0x8000958c (0x03bcdfb3) x31 0x00000000
core   0: 0x80009590 (0x0000100f) fence.i
core   0: 3 0x80009590 (0x0000100f)
core   0: 0x80009594 (0x01fb1333) sll     t1, s6, t6
core   0: 3 0x80009594 (0x01fb1333) x 6 0x00000002
core   0: 0x80009598 (0x021b1933) mulh    s2, s6, ra
core   0: 3 0x80009598 (0x021b1933) x18 0x00000000
core   0: 0x8000959c (0x027637b3) mulhu   a5, a2, t2
core   0: 3 0x8000959c (0x027637b3) x15 0x00000000
core   0: 0x800095a0 (0x0193ff63) bgeu    t2, s9, pc + 30
core   0: 3 0x800095a0 (0x0193ff63)
core   0: 0x800095a4 (0x05be9163) bne     t4, s11, pc + 66
core   0: 3 0x800095a4 (0x05be9163)
core   0: 0x800095e6 (0x4013d0b3) sra     ra, t2, ra
core   0: 3 0x800095e6 (0x4013d0b3) x 1 0x00000000
core   0: 0x800095ea (0x00008e05) c.sub   a2, s1
core   0: 3 0x800095ea (0x8e05) x12 0x00000000
core   0: 0x800095ec (0x032ec663) blt     t4, s2, pc + 44
core   0: 3 0x800095ec (0x032ec663)
core   0: 0x800095f0 (0xf8b66313) ori     t1, a2, -117
core   0: 3 0x800095f0 (0xf8b66313) x 6 0xffffff8b
core   0: 0x800095f4 (0x0087b433) sltu    s0, a5, s0
core   0: 3 0x800095f4 (0x0087b433) x 8 0x00000001
core   0: 0x800095f8 (0x02046db3) rem     s11, s0, zero
core   0: 3 0x800095f8 (0x02046db3) x27 0x00000001
core   0: 0x800095fc (0x00006a4d) c.lui   s4, 0x13
core   0: 3 0x800095fc (0x6a4d) x20 0x00013000
core   0: 0x800095fe (0x001af263) bgeu    s5, ra, pc + 4
core   0: 3 0x800095fe (0x001af263)
core   0: 0x80009602 (0x0137adb3) slt     s11, a5, s3
core   0: 3 0x80009602 (0x0137adb3) x27 0x00000001
core   0: 0x80009606 (0x532a4413) xori    s0, s4, 1330
core   0: 3 0x80009606 (0x532a4413) x 8 0x00013532
core   0: 0x8000960a (0x004dddb3) srl     s11, s11, tp
core   0: 3 0x8000960a (0x004dddb3) x27 0x00000000
core   0: 0x8000960e (0x0000c899) c.beqz  s1, pc + 22
core   0: 3 0x8000960e (0xc899)
core   0: 0x80009624 (0x00001d04) c.addi4spn s1, sp, 688
core   0: 3 0x80009624 (0x1d04) x 9 0x000008d3
core   0: 0x80009626 (0x00001294) c.addi4spn a3, sp, 352
core   0: 3 0x80009626 (0x1294) x13 0x00000783
core   0: 0x80009628 (0x0000684d) c.lui   a6, 0x13
core   0: 3 0x80009628 (0x684d) x16 0x00013000
core   0: 0x8000962a (0x00769d93) slli    s11, a3, 7
core   0: 3 0x8000962a (0x00769d93) x27 0x0003c180
core   0: 0x8000962e (0x02f5ff63) bgeu    a1, a5, pc + 62
core   0: 3 0x8000962e (0x02f5ff63)
core   0: 0x8000966c (0x17796713) ori     a4, s2, 375
core   0: 3 0x8000966c (0x17796713) x14 0x00000177
core   0: 0x80009670 (0x039d1463) bne     s10, s9, pc + 40
core   0: 3 0x80009670 (0x039d1463)
core   0: 0x80009698 (0x0377c9b3) div     s3, a5, s7
core   0: 3 0x80009698 (0x0377c9b3) x19 0x00000000
core   0: 0x8000969c (0x03ec3833) mulhu   a6, s8, t5
core   0: 3 0x8000969c (0x03ec3833) x16 0x00000000
core   0: 0x800096a0 (0x01a79933) sll     s2, a5, s10
core   0: 3 0x800096a0 (0x01a79933) x18 0x00000000
core   0: 0x800096a4 (0x00008431) c.srai  s0, 12
core   0: 3 0x800096a4 (0x8431) x 8 0x00000013
core   0: 0x800096a6 (0x02c46b37) lui     s6, 0x2c46
core   0: 3 0x800096a6 (0x02c46b37) x22 0x02c46000
core   0: 0x800096aa (0x0000c78d) c.beqz  a5, pc + 42
core   0: 3 0x800096aa (0xc78d)
core   0: 0x800096d4 (0x0175b4b3) sltu    s1, a1, s7
core   0: 3 0x800096d4 (0x0175b4b3) x 9 0x00000000
core   0: 0x800096d8 (0x7470f713) andi    a4, ra, 1863
core   0: 3 0x800096d8 (0x7470f713) x14 0x00000000
core   0: 0x800096dc (0x2231f437) lui     s0, 0x2231f
core   0: 3 0x800096dc (0x2231f437) x 8 0x2231f000
core   0: 0x800096e0 (0x00008e29) c.xor   a2, a0
core   0: 3 0x800096e0 (0x8e29) x12 0x0000000d
core   0: 0x800096e2 (0x00008ce9) c.and   s1, a0
core   0: 3 0x800096e2 (0x8ce9) x 9 0x00000000
core   0: 0x800096e4 (0x5501ed13) ori     s10, gp, 1360
core   0: 3 0x800096e4 (0x5501ed13) x26 0x00000550
core   0: 0x800096e8 (0x744ceab7) lui     s5, 0x744ce
core   0: 3 0x800096e8 (0x744ceab7) x21 0x744ce000
core   0: 0x800096ec (0x4ac58093) addi    ra, a1, 1196
core   0: 3 0x800096ec (0x4ac58093) x 1 0x000004ab
core   0: 0x800096f0 (0x0069e633) or      a2, s3, t1
core   0: 3 0x800096f0 (0x0069e633) x12 0xffffff8b
core   0: 0x800096f4 (0x000089b6) c.mv    s3, a3
core   0: 3 0x800096f4 (0x89b6) x19 0x00000783
core   0: 0x800096f6 (0x03b319b3) mulh    s3, t1, s11
core   0: 3 0x800096f6 (0x03b319b3) x19 0xffffffff
core   0: 0x800096fa (0x00006379) c.lui   t1, 0x1e
core   0: 3 0x800096fa (0x6379) x 6 0x0001e000
core   0: 0x800096fc (0x01d863b3) or      t2, a6, t4
core   0: 3 0x800096fc (0x01d863b3) x 7 0x00000000
core   0: 0x80009700 (0x402a0fb3) sub     t6, s4, sp
core   0: 3 0x80009700 (0x402a0fb3) x31 0x000129dd
core   0: 0x80009704 (0x03dd5fb3) divu    t6, s10, t4
core   0: 3 0x80009704 (0x03dd5fb3) x31 0xffffffff
core   0: 0x80009708 (0x020c73b3) remu    t2, s8, zero
core   0: 3 0x80009708 (0x020c73b3) x 7 0x00000001
core   0: 0x8000970c (0xad987417) auipc   s0, 0xad987
core   0: 3 0x8000970c (0xad987417) x 8 0x2d99070c
core   0: 0x80009710 (0x5f15aa93) slti    s5, a1, 1521
core   0: 3 0x80009710 (0x5f15aa93) x21 0x00000001
core   0: 0x80009714 (0x01db0b63) beq     s6, t4, pc + 22
core   0: 3 0x80009714 (0x01db0b63)
core   0: 0x80009718 (0x00000001) c.nop
core   0: 3 0x80009718 (0x0001)
core   0: 0x8000971a (0x00001a7d) c.addi  s4, -1
core   0: 3 0x8000971a (0x1a7d) x20 0x00012fff
core   0: 0x8000971c (0x00107f63) bgeu    zero, ra, pc + 30
core   0: 3 0x8000971c (0x00107f63)
core   0: 0x80009720 (0x5063b693) sltiu   a3, t2, 1286
core   0: 3 0x80009720 (0x5063b693) x13 0x00000001
core   0: 0x80009724 (0x00008421) c.srai  s0, 8
core   0: 3 0x80009724 (0x8421) x 8 0x002d9907
core   0: 0x80009726 (0x00dfb933) sltu    s2, t6, a3
core   0: 3 0x80009726 (0x00dfb933) x18 0x00000000
core   0: 0x8000972a (0x00006ead) c.lui   t4, 0xb
core   0: 3 0x8000972a (0x6ead) x29 0x0000b000
core   0: 0x8000972c (0x00008c46) c.mv    s8, a7
core   0: 3 0x8000972c (0x8c46) x24 0x80025e64
core   0: 0x8000972e (0x77536593) ori     a1, t1, 1909
core   0: 3 0x8000972e (0x77536593) x11 0x0001e775
core   0: 0x80009732 (0x000f1613) slli    a2, t5, 0
core   0: 3 0x80009732 (0x000f1613) x12 0xbfe0c000
core   0: 0x80009736 (0x0275ee33) rem     t3, a1, t2
core   0: 3 0x80009736 (0x0275ee33) x28 0x00000000
core   0: 0x8000973a (0x00714d33) xor     s10, sp, t2
core   0: 3 0x8000973a (0x00714d33) x26 0x00000622
core   0: 0x8000973e (0x1fb08a13) addi    s4, ra, 507
core   0: 3 0x8000973e (0x1fb08a13) x20 0x000006a6
core   0: 0x80009742 (0x01391763) bne     s2, s3, pc + 14
core   0: 3 0x80009742 (0x01391763)
core   0: 0x80009750 (0x00008239) c.srli  a2, 14
core   0: 3 0x80009750 (0x8239) x12 0x0002ff83
core   0: 0x80009752 (0x009c0133) add     sp, s8, s1
core   0: 3 0x80009752 (0x009c0133) x 2 0x80025e64
core   0: 0x80009756 (0x0ff0000f) fence   iorw,iorw
core   0: 3 0x80009756 (0x0ff0000f)
core   0: 0x8000975a (0xed23b693) sltiu   a3, t2, -302
core   0: 3 0x8000975a (0xed23b693) x13 0x00000001
core   0: 0x8000975e (0x0000717d) c.addi16sp sp, -16
core   0: 3 0x8000975e (0x717d) x 2 0x80025e54
core   0: 0x80009760 (0x00006105) c.addi16sp sp, 32
core   0: 3 0x80009760 (0x6105) x 2 0x80025e74
core   0: 0x80009762 (0x04e41063) bne     s0, a4, pc + 64
core   0: 3 0x80009762 (0x04e41063)
core   0: 0x800097a2 (0x404ad2b3) sra     t0, s5, tp
core   0: 3 0x800097a2 (0x404ad2b3) x 5 0x00000000
core   0: 0x800097a6 (0x00008dbd) c.xor   a1, a5
core   0: 3 0x800097a6 (0x8dbd) x11 0x0001e775
core   0: 0x800097a8 (0x0000717d) c.addi16sp sp, -16
core   0: 3 0x800097a8 (0x717d) x 2 0x80025e64
core   0: 0x800097aa (0x02922733) mulhsu  a4, tp, s1
core   0: 3 0x800097aa (0x02922733) x14 0x00000000
core   0: 0x800097ae (0x00009b16) c.add   s6, t0
core   0: 3 0x800097ae (0x9b16) x22 0x02c46000
core   0: 0x800097b0 (0x00cfa9b3) slt     s3, t6, a2
core   0: 3 0x800097b0 (0x00cfa9b3) x19 0x00000001
core   0: 0x800097b4 (0x4524af93) slti    t6, s1, 1106
core   0: 3 0x800097b4 (0x4524af93) x31 0x00000001
core   0: 0x800097b8 (0x4aad47b7) lui     a5, 0x4aad4
core   0: 3 0x800097b8 (0x4aad47b7) x15 0x4aad4000
core   0: 0x800097bc (0x00008dad) c.xor   a1, a1
core   0: 3 0x800097bc (0x8dad) x11 0x00000000
core   0: 0x800097be (0x00b37663) bgeu    t1, a1, pc + 12
core   0: 3 0x800097be (0x00b37663)
core   0: 0x800097ca (0x0000527d) c.li    tp, -1
core   0: 3 0x800097ca (0x527d) x 4 0xffffffff
core   0: 0x800097cc (0x00000001) c.nop
core   0: 3 0x800097cc (0x0001)
core   0: 0x800097ce (0x00000001) c.nop
core   0: 3 0x800097ce (0x0001)
core   0: 0x800097d0 (0x00000f10) c.addi4spn a2, sp, 912
core   0: 3 0x800097d0 (0x0f10) x12 0x800261f4
core   0: 0x800097d2 (0x00008841) c.andi  s0, 16
core   0: 3 0x800097d2 (0x8841) x 8 0x00000000
core   0: 0x800097d4 (0x01b3d713) srli    a4, t2, 27
core   0: 3 0x800097d4 (0x01b3d713) x14 0x00000000
core   0: 0x800097d8 (0x00008c0d) c.sub   s0, a1
core   0: 3 0x800097d8 (0x8c0d) x 8 0x00000000
core   0: 0x800097da (0x00879993) slli    s3, a5, 8
core   0: 3 0x800097da (0x00879993) x19 0xad400000
core   0: 0x800097de (0x03eb17b3) mulh    a5, s6, t5
core   0: 3 0x800097de (0x03eb17b3) x15 0xff4e9187
core   0: 0x800097e2 (0xc4d7fc13) andi    s8, a5, -947
core   0: 3 0x800097e2 (0xc4d7fc13) x24 0xff4e9005
core   0: 0x800097e6 (0x01f337b3) sltu    a5, t1, t6
core   0: 3 0x800097e6 (0x01f337b3) x15 0x00000000
core   0: 0x800097ea (0x0ff0000f) fence   iorw,iorw
core   0: 3 0x800097ea (0x0ff0000f)
core   0: 0x800097ee (0x00008329) c.srli  a4, 10
core   0: 3 0x800097ee (0x8329) x14 0x00000000
core   0: 0x800097f0 (0x00b5dd63) bge     a1, a1, pc + 26
core   0: 3 0x800097f0 (0x00b5dd63)
core   0: 0x8000980a (0x03df01b3) mul     gp, t5, t4
core   0: 3 0x8000980a (0x03df01b3) x 3 0x84000000
core   0: 0x8000980e (0x00000d8e) c.slli  s11, 3
core   0: 3 0x8000980e (0x0d8e) x27 0x001e0c00
core   0: 0x80009810 (0x00000001) c.nop
core   0: 3 0x80009810 (0x0001)
core   0: 0x80009812 (0x00c664b3) or      s1, a2, a2
core   0: 3 0x80009812 (0x00c664b3) x 9 0x800261f4
core   0: 0x80009816 (0x000082cd) c.srli  a3, 19
core   0: 3 0x80009816 (0x82cd) x13 0x00000000
core   0: 0x80009818 (0x41e45f33) sra     t5, s0, t5
core   0: 3 0x80009818 (0x41e45f33) x30 0x00000000
core   0: 0x8000981c (0x03291db3) mulh    s11, s2, s2
core   0: 3 0x8000981c (0x03291db3) x27 0x00000000
core   0: 0x80009820 (0x413c5ab3) sra     s5, s8, s3
core   0: 3 0x80009820 (0x413c5ab3) x21 0xff4e9005
core   0: 0x80009824 (0x41a80bb3) sub     s7, a6, s10
core   0: 3 0x80009824 (0x41a80bb3) x23 0xfffff9de
core   0: 0x80009828 (0x03cffd33) remu    s10, t6, t3
core   0: 3 0x80009828 (0x03cffd33) x26 0x00000001
core   0: 0x8000982c (0x036cb333) mulhu   t1, s9, s6
core   0: 3 0x8000982c (0x036cb333) x 6 0x0162373a
core   0: 0x80009830 (0x00000105) c.addi  sp, 1
core   0: 3 0x80009830 (0x0105) x 2 0x80025e65
core   0: 0x80009832 (0x9ee32593) slti    a1, t1, -1554
core   0: 3 0x80009832 (0x9ee32593) x11 0x00000000
core   0: 0x80009836 (0x00008dbd) c.xor   a1, a5
core   0: 3 0x80009836 (0x8dbd) x11 0x00000000
core   0: 0x80009838 (0x02bc6363) bltu    s8, a1, pc + 38
core   0: 3 0x80009838 (0x02bc6363)
core   0: 0x8000983c (0x0265a0b3) mulhsu  ra, a1, t1
core   0: 3 0x8000983c (0x0265a0b3) x 1 0x00000000
core   0: 0x80009840 (0x01524033) xor     zero, tp, s5
core   0: 3 0x80009840 (0x01524033)
core   0: 0x80009844 (0x000087d1) c.srai  a5, 20
core   0: 3 0x80009844 (0x87d1) x15 0x00000000
core   0: 0x80009846 (0x0000547d) c.li    s0, -1
core   0: 3 0x80009846 (0x547d) x 8 0xffffffff
core   0: 0x80009848 (0xa1dfbb93) sltiu   s7, t6, -1507
core   0: 3 0x80009848 (0xa1dfbb93) x23 0x00000001
core   0: 0x8000984c (0x0360a9b3) mulhsu  s3, ra, s6
core   0: 3 0x8000984c (0x0360a9b3) x19 0x00000000
core   0: 0x80009850 (0x4007d133) sra     sp, a5, zero
core   0: 3 0x80009850 (0x4007d133) x 2 0x00000000
core   0: 0x80009854 (0x0317e333) rem     t1, a5, a7
core   0: 3 0x80009854 (0x0317e333) x 6 0x00000000
core   0: 0x80009858 (0x0189df63) bge     s3, s8, pc + 30
core   0: 3 0x80009858 (0x0189df63)
core   0: 0x80009876 (0x000055fd) c.li    a1, -1
core   0: 3 0x80009876 (0x55fd) x11 0xffffffff
core   0: 0x80009878 (0x97b84317) auipc   t1, 0x97b84
core   0: 3 0x80009878 (0x97b84317) x 6 0x17b8d878
core   0: 0x8000987c (0x0173fab3) and     s5, t2, s7
core   0: 3 0x8000987c (0x0173fab3) x21 0x00000001
core   0: 0x80009880 (0x00004b09) c.li    s6, 2
core   0: 3 0x80009880 (0x4b09) x22 0x00000002
core   0: 0x80009882 (0x02dd8e33) mul     t3, s11, a3
core   0: 3 0x80009882 (0x02dd8e33) x28 0x00000000
core   0: 0x80009886 (0x01f83333) sltu    t1, a6, t6
core   0: 3 0x80009886 (0x01f83333) x 6 0x00000001
core   0: 0x8000988a (0x0262d333) divu    t1, t0, t1
core   0: 3 0x8000988a (0x0262d333) x 6 0x00000000
core   0: 0x8000988e (0x01de36b3) sltu    a3, t3, t4
core   0: 3 0x8000988e (0x01de36b3) x13 0x00000001
core   0: 0x80009892 (0x037ae2b3) rem     t0, s5, s7
core   0: 3 0x80009892 (0x037ae2b3) x 5 0x00000000
core   0: 0x80009896 (0x00cdb433) sltu    s0, s11, a2
core   0: 3 0x80009896 (0x00cdb433) x 8 0x00000001
core   0: 0x8000989a (0x0217bbb3) mulhu   s7, a5, ra
core   0: 3 0x8000989a (0x0217bbb3) x23 0x00000000
core   0: 0x8000989e (0x000052fd) c.li    t0, -1
core   0: 3 0x8000989e (0x52fd) x 5 0xffffffff
core   0: 0x800098a0 (0x0000658d) c.lui   a1, 0x3
core   0: 3 0x800098a0 (0x658d) x11 0x00003000
core   0: 0x800098a2 (0x858bbf93) sltiu   t6, s7, -1960
core   0: 3 0x800098a2 (0x858bbf93) x31 0x00000001
core   0: 0x800098a6 (0x41cc8b33) sub     s6, s9, t3
core   0: 3 0x800098a6 (0x41cc8b33) x22 0x80029ce4
core   0: 0x800098aa (0x024ebeb3) mulhu   t4, t4, tp
core   0: 3 0x800098aa (0x024ebeb3) x29 0x0000afff
core   0: 0x800098ae (0x00008c71) c.and   s0, a2
core   0: 3 0x800098ae (0x8c71) x 8 0x00000000
core   0: 0x800098b0 (0x00008cc9) c.or    s1, a0
core   0: 3 0x800098b0 (0x8cc9) x 9 0x800261fd
core   0: 0x800098b2 (0x0000c699) c.beqz  a3, pc + 14
core   0: 3 0x800098b2 (0xc699)
core   0: 0x800098b4 (0xc7ac7213) andi    tp, s8, -902
core   0: 3 0x800098b4 (0xc7ac7213) x 4 0xff4e9000
core   0: 0x800098b8 (0x00a55593) srli    a1, a0, 10
core   0: 3 0x800098b8 (0x00a55593) x11 0x00000000
core   0: 0x800098bc (0x02434233) div     tp, t1, tp
core   0: 3 0x800098bc (0x02434233) x 4 0x00000000
core   0: 0x800098c0 (0x00008df6) c.mv    s11, t4
core   0: 3 0x800098c0 (0x8df6) x27 0x0000afff
core   0: 0x800098c2 (0x01fc4763) blt     s8, t6, pc + 14
core   0: 3 0x800098c2 (0x01fc4763)
core   0: 0x800098d0 (0x00000001) c.nop
core   0: 3 0x800098d0 (0x0001)
core   0: 0x800098d2 (0xe6bef337) lui     t1, 0xe6bef
core   0: 3 0x800098d2 (0xe6bef337) x 6 0xe6bef000
core   0: 0x800098d6 (0x51d0cf13) xori    t5, ra, 1309
core   0: 3 0x800098d6 (0x51d0cf13) x30 0x0000051d
core   0: 0x800098da (0x40325d13) srai    s10, tp, 3
core   0: 3 0x800098da (0x40325d13) x26 0x00000000
core   0: 0x800098de (0x01d4d693) srli    a3, s1, 29
core   0: 3 0x800098de (0x01d4d693) x13 0x00000004
core   0: 0x800098e2 (0x296e4693) xori    a3, t3, 662
core   0: 3 0x800098e2 (0x296e4693) x13 0x00000296
core   0: 0x800098e6 (0x0118c033) xor     zero, a7, a7
core   0: 3 0x800098e6 (0x0118c033)
core   0: 0x800098ea (0x030f4a33) div     s4, t5, a6
core   0: 3 0x800098ea (0x030f4a33) x20 0xffffffff
core   0: 0x800098ee (0x000013fd) c.addi  t2, -1
core   0: 3 0x800098ee (0x13fd) x 7 0x00000000
core   0: 0x800098f0 (0x0000ce05) c.beqz  a2, pc + 56
core   0: 3 0x800098f0 (0xce05)
core   0: 0x800098f2 (0x414c03b3) sub     t2, s8, s4
core   0: 3 0x800098f2 (0x414c03b3) x 7 0xff4e9006
core   0: 0x800098f6 (0x419ede93) srai    t4, t4, 25
core   0: 3 0x800098f6 (0x419ede93) x29 0x00000000
core   0: 0x800098fa (0x00fa7263) bgeu    s4, a5, pc + 4
core   0: 3 0x800098fa (0x00fa7263)
core   0: 0x800098fe (0x01e19f93) slli    t6, gp, 30
core   0: 3 0x800098fe (0x01e19f93) x31 0x00000000
core   0: 0x80009902 (0x00000584) c.addi4spn s1, sp, 704
core   0: 3 0x80009902 (0x0584) x 9 0x000002c0
core   0: 0x80009904 (0x0000100f) fence.i
core   0: 3 0x80009904 (0x0000100f)
core   0: 0x80009908 (0x00006125) c.addi16sp sp, 96
core   0: 3 0x80009908 (0x6125) x 2 0x00000060
core   0: 0x8000990a (0x00006739) c.lui   a4, 0xe
core   0: 3 0x8000990a (0x6739) x14 0x0000e000
core   0: 0x8000990c (0x03ab60b3) rem     ra, s6, s10
core   0: 3 0x8000990c (0x03ab60b3) x 1 0x80029ce4
core   0: 0x80009910 (0x00009392) c.add   t2, tp
core   0: 3 0x80009910 (0x9392) x 7 0xff4e9006
core   0: 0x80009912 (0x002ba133) slt     sp, s7, sp
core   0: 3 0x80009912 (0x002ba133) x 2 0x00000001
core   0: 0x80009916 (0x0303cdb3) div     s11, t2, a6
core   0: 3 0x80009916 (0x0303cdb3) x27 0xffffffff
core   0: 0x8000991a (0x01f86eb3) or      t4, a6, t6
core   0: 3 0x8000991a (0x01f86eb3) x29 0x00000000
core   0: 0x8000991e (0xc783f017) auipc   zero, 0xc783f
core   0: 3 0x8000991e (0xc783f017)
core   0: 0x80009922 (0x0000041e) c.slli  s0, 7
core   0: 3 0x80009922 (0x041e) x 8 0x00000000
core   0: 0x80009924 (0x004f33b3) sltu    t2, t5, tp
core   0: 3 0x80009924 (0x004f33b3) x 7 0x00000000
core   0: 0x80009928 (0x018fa933) slt     s2, t6, s8
core   0: 3 0x80009928 (0x018fa933) x18 0x00000000
core   0: 0x8000992c (0x00008976) c.mv    s2, t4
core   0: 3 0x8000992c (0x8976) x18 0x00000000
core   0: 0x8000992e (0x004e1733) sll     a4, t3, tp
core   0: 3 0x8000992e (0x004e1733) x14 0x00000000
core   0: 0x80009932 (0x04c47263) bgeu    s0, a2, pc + 68
core   0: 3 0x80009932 (0x04c47263)
core   0: 0x80009936 (0x00008de1) c.and   a1, s0
core   0: 3 0x80009936 (0x8de1) x11 0x00000000
core   0: 0x80009938 (0x026e2d33) mulhsu  s10, t3, t1
core   0: 3 0x80009938 (0x026e2d33) x26 0x00000000
core   0: 0x8000993c (0x0123eab3) or      s5, t2, s2
core   0: 3 0x8000993c (0x0123eab3) x21 0x00000000
core   0: 0x80009940 (0x80ddf213) andi    tp, s11, -2035
core   0: 3 0x80009940 (0x80ddf213) x 4 0xfffff80d
core   0: 0x80009944 (0xdc3c4313) xori    t1, s8, -573
core   0: 3 0x80009944 (0xdc3c4313) x 6 0x00b16dc6
core   0: 0x80009948 (0x0110e2b3) or      t0, ra, a7
core   0: 3 0x80009948 (0x0110e2b3) x 5 0x8002dee4
core   0: 0x8000994c (0x00008e61) c.and   a2, s0
core   0: 3 0x8000994c (0x8e61) x12 0x00000000
core   0: 0x8000994e (0x00124eb3) xor     t4, tp, ra
core   0: 3 0x8000994e (0x00124eb3) x29 0x7ffd64e9
core   0: 0x80009952 (0xdb6ac493) xori    s1, s5, -586
core   0: 3 0x80009952 (0xdb6ac493) x 9 0xfffffdb6
core   0: 0x80009956 (0x00b8c663) blt     a7, a1, pc + 12
core   0: 3 0x80009956 (0x00b8c663)
core   0: 0x80009962 (0x02a37c33) remu    s8, t1, a0
core   0: 3 0x80009962 (0x02a37c33) x24 0x00000007
core   0: 0x80009966 (0x018af5b3) and     a1, s5, s8
core   0: 3 0x80009966 (0x018af5b3) x11 0x00000000
core   0: 0x8000996a (0x4f0b4993) xori    s3, s6, 1264
core   0: 3 0x8000996a (0x4f0b4993) x19 0x80029814
core   0: 0x8000996e (0x00fa5633) srl     a2, s4, a5
core   0: 3 0x8000996e (0x00fa5633) x12 0xffffffff
core   0: 0x80009972 (0x01d23d33) sltu    s10, tp, t4
core   0: 3 0x80009972 (0x01d23d33) x26 0x00000000
core   0: 0x80009976 (0x0ff0000f) fence   iorw,iorw
core   0: 3 0x80009976 (0x0ff0000f)
core   0: 0x8000997a (0x00ddabb3) slt     s7, s11, a3
core   0: 3 0x8000997a (0x00ddabb3) x23 0x00000001
core   0: 0x8000997e (0x0016fb33) and     s6, a3, ra
core   0: 3 0x8000997e (0x0016fb33) x22 0x00000084
core   0: 0x80009982 (0x0000100f) fence.i
core   0: 3 0x80009982 (0x0000100f)
core   0: 0x80009986 (0x0075c833) xor     a6, a1, t2
core   0: 3 0x80009986 (0x0075c833) x16 0x00000000
core   0: 0x8000998a (0x000080a5) c.srli  s1, 9
core   0: 3 0x8000998a (0x80a5) x 9 0x007ffffe
core   0: 0x8000998c (0x0000031c) c.addi4spn a5, sp, 384
core   0: 3 0x8000998c (0x031c) x15 0x00000181
core   0: 0x8000998e (0x0000987d) c.andi  s0, -1
core   0: 3 0x8000998e (0x987d) x 8 0x00000000
core   0: 0x80009990 (0x0000610d) c.addi16sp sp, 160
core   0: 3 0x80009990 (0x610d) x 2 0x000000a1
core   0: 0x80009992 (0x02cb5f33) divu    t5, s6, a2
core   0: 3 0x80009992 (0x02cb5f33) x30 0x00000000
core   0: 0x80009996 (0xedd96e37) lui     t3, 0xedd96
core   0: 3 0x80009996 (0xedd96e37) x28 0xedd96000
core   0: 0x8000999a (0xdfc5bd93) sltiu   s11, a1, -516
core   0: 3 0x8000999a (0xdfc5bd93) x27 0x00000001
core   0: 0x8000999e (0x00008b31) c.andi  a4, 12
core   0: 3 0x8000999e (0x8b31) x14 0x00000000
core   0: 0x800099a0 (0x0000100f) fence.i
core   0: 3 0x800099a0 (0x0000100f)
core   0: 0x800099a4 (0x0000038a) c.slli  t2, 2
core   0: 3 0x800099a4 (0x038a) x 7 0x00000000
core   0: 0x800099a6 (0x00680633) add     a2, a6, t1
core   0: 3 0x800099a6 (0x00680633) x12 0x00b16dc6
core   0: 0x800099aa (0xd7776113) ori     sp, a4, -649
core   0: 3 0x800099aa (0xd7776113) x 2 0xfffffd77
core   0: 0x800099ae (0x00008de1) c.and   a1, s0
core   0: 3 0x800099ae (0x8de1) x11 0x00000000
core   0: 0x800099b0 (0x5f503193) sltiu   gp, zero, 1525
core   0: 3 0x800099b0 (0x5f503193) x 3 0x00000001
core   0: 0x800099b4 (0x0289de33) divu    t3, s3, s0
core   0: 3 0x800099b4 (0x0289de33) x28 0xffffffff
core   0: 0x800099b8 (0x98806313) ori     t1, zero, -1656
core   0: 3 0x800099b8 (0x98806313) x 6 0xfffff988
core   0: 0x800099bc (0x014b5433) srl     s0, s6, s4
core   0: 3 0x800099bc (0x014b5433) x 8 0x00000000
core   0: 0x800099c0 (0x41cad693) srai    a3, s5, 28
core   0: 3 0x800099c0 (0x41cad693) x13 0x00000000
core   0: 0x800099c4 (0x0000c28d) c.beqz  a3, pc + 34
core   0: 3 0x800099c4 (0xc28d)
core   0: 0x800099e6 (0x0000801d) c.srli  s0, 7
core   0: 3 0x800099e6 (0x801d) x 8 0x00000000
core   0: 0x800099e8 (0xd8eb3817) auipc   a6, 0xd8eb3
core   0: 3 0x800099e8 (0xd8eb3817) x16 0x58ebc9e8
core   0: 0x800099ec (0x01b5d0b3) srl     ra, a1, s11
core   0: 3 0x800099ec (0x01b5d0b3) x 1 0x00000000
core   0: 0x800099f0 (0x00008e91) c.sub   a3, a2
core   0: 3 0x800099f0 (0x8e91) x13 0xff4e923a
core   0: 0x800099f2 (0x03edaeb3) mulhsu  t4, s11, t5
core   0: 3 0x800099f2 (0x03edaeb3) x29 0x00000000
core   0: 0x800099f6 (0x000049ed) c.li    s3, 27
core   0: 3 0x800099f6 (0x49ed) x19 0x0000001b
core   0: 0x800099f8 (0x00000001) c.nop
core   0: 3 0x800099f8 (0x0001)
core   0: 0x800099fa (0x00000001) c.nop
core   0: 3 0x800099fa (0x0001)
core   0: 0x800099fc (0x021f9ab3) mulh    s5, t6, ra
core   0: 3 0x800099fc (0x021f9ab3) x21 0x00000000
core   0: 0x80009a00 (0x00008f31) c.xor   a4, a2
core   0: 3 0x80009a00 (0x8f31) x14 0x00b16dc6
core   0: 0x80009a02 (0x48734e93) xori    t4, t1, 1159
core   0: 3 0x80009a02 (0x48734e93) x29 0xfffffd0f
core   0: 0x80009a06 (0x0326d363) bge     a3, s2, pc + 38
core   0: 3 0x80009a06 (0x0326d363)
core   0: 0x80009a0a (0x0000717d) c.addi16sp sp, -16
core   0: 3 0x80009a0a (0x717d) x 2 0xfffffd67
core   0: 0x80009a0c (0x00008dc9) c.or    a1, a0
core   0: 3 0x80009a0c (0x8dc9) x11 0x0000000d
core   0: 0x80009a0e (0x03b79163) bne     a5, s11, pc + 34
core   0: 3 0x80009a0e (0x03b79163)
core   0: 0x80009a30 (0x0000ca9d) c.beqz  a3, pc + 54
core   0: 3 0x80009a30 (0xca9d)
core   0: 0x80009a32 (0x00008365) c.srli  a4, 25
core   0: 3 0x80009a32 (0x8365) x14 0x00000000
core   0: 0x80009a34 (0x0000717d) c.addi16sp sp, -16
core   0: 3 0x80009a34 (0x717d) x 2 0xfffffd57
core   0: 0x80009a36 (0x033c1163) bne     s8, s3, pc + 34
core   0: 3 0x80009a36 (0x033c1163)
core   0: 0x80009a58 (0x0000100f) fence.i
core   0: 3 0x80009a58 (0x0000100f)
core   0: 0x80009a5c (0x00000925) c.addi  s2, 9
core   0: 3 0x80009a5c (0x0925) x18 0x00000009
core   0: 0x80009a5e (0x408cd013) srai    zero, s9, 8
core   0: 3 0x80009a5e (0x408cd013)
core   0: 0x80009a62 (0xed2a2313) slti    t1, s4, -302
core   0: 3 0x80009a62 (0xed2a2313) x 6 0x00000000
core   0: 0x80009a66 (0x00121ab3) sll     s5, tp, ra
core   0: 3 0x80009a66 (0x00121ab3) x21 0xfffff80d
core   0: 0x80009a6a (0x00008011) c.srli  s0, 4
core   0: 3 0x80009a6a (0x8011) x 8 0x00000000
core   0: 0x80009a6c (0x00bf90b3) sll     ra, t6, a1
core   0: 3 0x80009a6c (0x00bf90b3) x 1 0x00000000
core   0: 0x80009a70 (0xce528f13) addi    t5, t0, -795
core   0: 3 0x80009a70 (0xce528f13) x30 0x8002dbc9
core   0: 0x80009a74 (0x05b49263) bne     s1, s11, pc + 68
core   0: 3 0x80009a74 (0x05b49263)
core   0: 0x80009ab8 (0x41755b13) srai    s6, a0, 23
core   0: 3 0x80009ab8 (0x41755b13) x22 0x00000000
core   0: 0x80009abc (0x02de1a33) mulh    s4, t3, a3
core   0: 3 0x80009abc (0x02de1a33) x20 0x00000000
core   0: 0x80009ac0 (0x030d9ab3) mulh    s5, s11, a6
core   0: 3 0x80009ac0 (0x030d9ab3) x21 0x00000000
core   0: 0x80009ac4 (0x0ff0000f) fence   iorw,iorw
core   0: 3 0x80009ac4 (0x0ff0000f)
core   0: 0x80009ac8 (0x1a5e8693) addi    a3, t4, 421
core   0: 3 0x80009ac8 (0x1a5e8693) x13 0xfffffeb4
core   0: 0x80009acc (0x0000cf09) c.beqz  a4, pc + 26
core   0: 3 0x80009acc (0xcf09)
core   0: 0x80009ae6 (0x40725e33) sra     t3, tp, t2
core   0: 3 0x80009ae6 (0x40725e33) x28 0xfffff80d
core   0: 0x80009aea (0x02cc1f33) mulh    t5, s8, a2
core   0: 3 0x80009aea (0x02cc1f33) x30 0x00000000
core   0: 0x80009aee (0x0371b733) mulhu   a4, gp, s7
core   0: 3 0x80009aee (0x0371b733) x14 0x00000000
core   0: 0x80009af2 (0x00000001) c.nop
core   0: 3 0x80009af2 (0x0001)
core   0: 0x80009af4 (0x00008c6d) c.and   s0, a1
core   0: 3 0x80009af4 (0x8c6d) x 8 0x00000000
core   0: 0x80009af6 (0x009e7ab3) and     s5, t3, s1
core   0: 3 0x80009af6 (0x009e7ab3) x21 0x007ff80c
core   0: 0x80009afa (0x0000717d) c.addi16sp sp, -16
core   0: 3 0x80009afa (0x717d) x 2 0xfffffd47
core   0: 0x80009afc (0x00008dcd) c.or    a1, a1
core   0: 3 0x80009afc (0x8dcd) x11 0x0000000d
core   0: 0x80009afe (0x41895413) srai    s0, s2, 24
core   0: 3 0x80009afe (0x41895413) x 8 0x00000000
core   0: 0x80009b02 (0x01d2a733) slt     a4, t0, t4
core   0: 3 0x80009b02 (0x01d2a733) x14 0x00000001
core   0: 0x80009b06 (0x0000177d) c.addi  a4, -1
core   0: 3 0x80009b06 (0x177d) x14 0x00000000
core   0: 0x80009b08 (0x00008d9d) c.sub   a1, a5
core   0: 3 0x80009b08 (0x8d9d) x11 0xfffffe8c
core   0: 0x80009b0a (0x03d9e1b3) rem     gp, s3, t4
core   0: 3 0x80009b0a (0x03d9e1b3) x 3 0x0000001b
core   0: 0x80009b0e (0x00211813) slli    a6, sp, 2
core   0: 3 0x80009b0e (0x00211813) x16 0xfffff51c
core   0: 0x80009b12 (0x7cf12593) slti    a1, sp, 1999
core   0: 3 0x80009b12 (0x7cf12593) x11 0x00000001
core   0: 0x80009b16 (0x02fb8063) beq     s7, a5, pc + 32
core   0: 3 0x80009b16 (0x02fb8063)
core   0: 0x80009b1a (0x412d5993) srai    s3, s10, 18
core   0: 3 0x80009b1a (0x412d5993) x19 0x00000000
core   0: 0x80009b1e (0x00248a33) add     s4, s1, sp
core   0: 3 0x80009b1e (0x00248a33) x20 0x007ffd45
core   0: 0x80009b22 (0x00000fbe) c.slli  t6, 15
core   0: 3 0x80009b22 (0x0fbe) x31 0x00000000
core   0: 0x80009b24 (0x00009efa) c.add   t4, t5
core   0: 3 0x80009b24 (0x9efa) x29 0xfffffd0f
core   0: 0x80009b26 (0x01be13b3) sll     t2, t3, s11
core   0: 3 0x80009b26 (0x01be13b3) x 7 0xfffff01a
core   0: 0x80009b2a (0x446b2017) auipc   zero, 0x446b2
core   0: 3 0x80009b2a (0x446b2017)
core   0: 0x80009b2e (0x01c1b733) sltu    a4, gp, t3
core   0: 3 0x80009b2e (0x01c1b733) x14 0x00000001
core   0: 0x80009b32 (0x00c310b3) sll     ra, t1, a2
core   0: 3 0x80009b32 (0x00c310b3) x 1 0x00000000
core   0: 0x80009b36 (0x413c85b3) sub     a1, s9, s3
core   0: 3 0x80009b36 (0x413c85b3) x11 0x80029ce4
core   0: 0x80009b3a (0x00008ef5) c.and   a3, a3
core   0: 3 0x80009b3a (0x8ef5) x13 0xfffffeb4
core   0: 0x80009b3c (0x033ee4b3) rem     s1, t4, s3
core   0: 3 0x80009b3c (0x033ee4b3) x 9 0xfffffd0f
core   0: 0x80009b40 (0x022eaf33) mulhsu  t5, t4, sp
core   0: 3 0x80009b40 (0x022eaf33) x30 0xfffffd0f
core   0: 0x80009b44 (0x00008665) c.srai  a2, 25
core   0: 3 0x80009b44 (0x8665) x12 0x00000000
core   0: 0x80009b46 (0x00ab8a63) beq     s7, a0, pc + 20
core   0: 3 0x80009b46 (0x00ab8a63)
core   0: 0x80009b4a (0x88ae8b13) addi    s6, t4, -1910
core   0: 3 0x80009b4a (0x88ae8b13) x22 0xfffff599
core   0: 0x80009b4e (0x00001dfd) c.addi  s11, -1
core   0: 3 0x80009b4e (0x1dfd) x27 0x00000000
core   0: 0x80009b50 (0xf182cd13) xori    s10, t0, -232
core   0: 3 0x80009b50 (0xf182cd13) x26 0x7ffd21fc
core   0: 0x80009b54 (0x00000fda) c.slli  t6, 22
core   0: 3 0x80009b54 (0x0fda) x31 0x00000000
core   0: 0x80009b56 (0x000004aa) c.slli  s1, 10
core   0: 3 0x80009b56 (0x04aa) x 9 0xfff43c00
core   0: 0x80009b58 (0x0000717d) c.addi16sp sp, -16
core   0: 3 0x80009b58 (0x717d) x 2 0xfffffd37
core   0: 0x80009b5a (0x0000e695) c.bnez  a3, pc + 44
core   0: 3 0x80009b5a (0xe695)
core   0: 0x80009b86 (0x03a0d5b3) divu    a1, ra, s10
core   0: 3 0x80009b86 (0x03a0d5b3) x11 0x00000000
core   0: 0x80009b8a (0x005e40b3) xor     ra, t3, t0
core   0: 3 0x80009b8a (0x005e40b3) x 1 0x7ffd26e9
core   0: 0x80009b8e (0x0077f0b3) and     ra, a5, t2
core   0: 3 0x80009b8e (0x0077f0b3) x 1 0x00000000
core   0: 0x80009b92 (0x02c15763) bge     sp, a2, pc + 46
core   0: 3 0x80009b92 (0x02c15763)
core   0: 0x80009b96 (0x00000e15) c.addi  t3, 5
core   0: 3 0x80009b96 (0x0e15) x28 0xfffff812
core   0: 0x80009b98 (0x030eb1b3) mulhu   gp, t4, a6
core   0: 3 0x80009b98 (0x030eb1b3) x 3 0xfffff22b
core   0: 0x80009b9c (0x0000100f) fence.i
core   0: 3 0x80009b9c (0x0000100f)
core   0: 0x80009ba0 (0x034adab3) divu    s5, s5, s4
core   0: 3 0x80009ba0 (0x034adab3) x21 0x00000000
core   0: 0x80009ba4 (0x002c8463) beq     s9, sp, pc + 8
core   0: 3 0x80009ba4 (0x002c8463)
core   0: 0x80009ba8 (0x039dd9b3) divu    s3, s11, s9
core   0: 3 0x80009ba8 (0x039dd9b3) x19 0x00000000
core   0: 0x80009bac (0x036eff33) remu    t5, t4, s6
core   0: 3 0x80009bac (0x036eff33) x30 0x00000776
core   0: 0x80009bb0 (0x0061c263) blt     gp, t1, pc + 4
core   0: 3 0x80009bb0 (0x0061c263)
core   0: 0x80009bb4 (0x000081dd) c.srli  a1, 23
core   0: 3 0x80009bb4 (0x81dd) x11 0x00000000
core   0: 0x80009bb6 (0x00000001) c.nop
core   0: 3 0x80009bb6 (0x0001)
core   0: 0x80009bb8 (0x000087d6) c.mv    a5, s5
core   0: 3 0x80009bb8 (0x87d6) x15 0x00000000
core   0: 0x80009bba (0x00008fcd) c.or    a5, a1
core   0: 3 0x80009bba (0x8fcd) x15 0x00000000
core   0: 0x80009bbc (0x0350de63) bge     ra, s5, pc + 60
core   0: 3 0x80009bbc (0x0350de63)
core   0: 0x80009bf8 (0x0ff0000f) fence   iorw,iorw
core   0: 3 0x80009bf8 (0x0ff0000f)
core   0: 0x80009bfc (0x0000869d) c.srai  a3, 7
core   0: 3 0x80009bfc (0x869d) x13 0xfffffffd
core   0: 0x80009bfe (0x02b5b9b3) mulhu   s3, a1, a1
core   0: 3 0x80009bfe (0x02b5b9b3) x19 0x00000000
core   0: 0x80009c02 (0x00a54e33) xor     t3, a0, a0
core   0: 3 0x80009c02 (0x00a54e33) x28 0x00000000
core   0: 0x80009c06 (0x000090ee) c.add   ra, s11
core   0: 3 0x80009c06 (0x90ee) x 1 0x00000000
core   0: 0x80009c08 (0x02e049b3) div     s3, zero, a4
core   0: 3 0x80009c08 (0x02e049b3) x19 0x00000000
core   0: 0x80009c0c (0x014a5193) srli    gp, s4, 20
core   0: 3 0x80009c0c (0x014a5193) x 3 0x00000007
core   0: 0x80009c10 (0x0076a433) slt     s0, a3, t2
core   0: 3 0x80009c10 (0x0076a433) x 8 0x00000000
core   0: 0x80009c14 (0x0530f063) bgeu    ra, s3, pc + 64
core   0: 3 0x80009c14 (0x0530f063)
core   0: 0x80009c54 (0x015cdb63) bge     s9, s5, pc + 22
core   0: 3 0x80009c54 (0x015cdb63)
core   0: 0x80009c58 (0x0000c319) c.beqz  a4, pc + 6
core   0: 3 0x80009c58 (0xc319)
core   0: 0x80009c5a (0x00a89263) bne     a7, a0, pc + 4
core   0: 3 0x80009c5a (0x00a89263)
core   0: 0x80009c5e (0x00000be1) c.addi  s7, 24
core   0: 3 0x80009c5e (0x0be1) x23 0x00000019
core   0: 0x80009c60 (0x01eec2b3) xor     t0, t4, t5
core   0: 3 0x80009c60 (0x01eec2b3) x 5 0xfffffa79
core   0: 0x80009c64 (0xd99bfeb7) lui     t4, 0xd99bf
core   0: 3 0x80009c64 (0xd99bfeb7) x29 0xd99bf000
core   0: 0x80009c68 (0x00001ffd) c.addi  t6, -1
core   0: 3 0x80009c68 (0x1ffd) x31 0xffffffff
core   0: 0x80009c6a (0x02395563) bge     s2, gp, pc + 42
core   0: 3 0x80009c6a (0x02395563)
core   0: 0x80009c94 (0x000013fd) c.addi  t2, -1
core   0: 3 0x80009c94 (0x13fd) x 7 0xfffff019
core   0: 0x80009c96 (0x00008f36) c.mv    t5, a3
core   0: 3 0x80009c96 (0x8f36) x30 0xfffffffd
core   0: 0x80009c98 (0x03f57033) remu    zero, a0, t6
core   0: 3 0x80009c98 (0x03f57033)
core   0: 0x80009c9c (0x0000cc91) c.beqz  s1, pc + 28
core   0: 3 0x80009c9c (0xcc91)
core   0: 0x80009c9e (0x03b1c063) blt     gp, s11, pc + 32
core   0: 3 0x80009c9e (0x03b1c063)
core   0: 0x80009ca2 (0x000054fd) c.li    s1, -1
core   0: 3 0x80009ca2 (0x54fd) x 9 0xffffffff
core   0: 0x80009ca4 (0x00008fa5) c.xor   a5, s1
core   0: 3 0x80009ca4 (0x8fa5) x15 0xffffffff
core   0: 0x80009ca6 (0x0000100f) fence.i
core   0: 3 0x80009ca6 (0x0000100f)
core   0: 0x80009caa (0x82122f93) slti    t6, tp, -2015
core   0: 3 0x80009caa (0x82122f93) x31 0x00000001
core   0: 0x80009cae (0x39a06593) ori     a1, zero, 922
core   0: 3 0x80009cae (0x39a06593) x11 0x0000039a
core   0: 0x80009cb2 (0x00008319) c.srli  a4, 6
core   0: 3 0x80009cb2 (0x8319) x14 0x00000000
core   0: 0x80009cb4 (0x417c45b7) lui     a1, 0x417c4
core   0: 3 0x80009cb4 (0x417c45b7) x11 0x417c4000
core   0: 0x80009cb8 (0x014eb633) sltu    a2, t4, s4
core   0: 3 0x80009cb8 (0x014eb633) x12 0x00000000
core   0: 0x80009cbc (0x0000871d) c.srai  a4, 7
core   0: 3 0x80009cbc (0x871d) x14 0x00000000
core   0: 0x80009cbe (0x0327f733) remu    a4, a5, s2
core   0: 3 0x80009cbe (0x0327f733) x14 0x00000003
core   0: 0x80009cc2 (0x00630d93) addi    s11, t1, 6
core   0: 3 0x80009cc2 (0x00630d93) x27 0x00000006
core   0: 0x80009cc6 (0x00000ae2) c.slli  s5, 24
core   0: 3 0x80009cc6 (0x0ae2) x21 0x00000000
core   0: 0x80009cc8 (0x00008c79) c.and   s0, a4
core   0: 3 0x80009cc8 (0x8c79) x 8 0x00000000
core   0: 0x80009cca (0x00931663) bne     t1, s1, pc + 12
core   0: 3 0x80009cca (0x00931663)
core   0: 0x80009cd6 (0x044ad063) bge     s5, tp, pc + 64
core   0: 3 0x80009cd6 (0x044ad063)
core   0: 0x80009d16 (0x7ec22db7) lui     s11, 0x7ec22
core   0: 3 0x80009d16 (0x7ec22db7) x27 0x7ec22000
core   0: 0x80009d1a (0x000089ea) c.mv    s3, s10
core   0: 3 0x80009d1a (0x89ea) x19 0x7ffd21fc
core   0: 0x80009d1c (0x03e88563) beq     a7, t5, pc + 42
core   0: 3 0x80009d1c (0x03e88563)
core   0: 0x80009d20 (0x033c3433) mulhu   s0, s8, s3
core   0: 3 0x80009d20 (0x033c3433) x 8 0x00000003
core   0: 0x80009d24 (0x0210b633) mulhu   a2, ra, ra
core   0: 3 0x80009d24 (0x0210b633) x12 0x00000000
core   0: 0x80009d28 (0x00008f25) c.xor   a4, s1
core   0: 3 0x80009d28 (0x8f25) x14 0xfffffffc
core   0: 0x80009d2a (0x00000001) c.nop
core   0: 3 0x80009d2a (0x0001)
core   0: 0x80009d2c (0x000041ed) c.li    gp, 27
core   0: 3 0x80009d2c (0x41ed) x 3 0x0000001b
core   0: 0x80009d2e (0x0000167d) c.addi  a2, -1
core   0: 3 0x80009d2e (0x167d) x12 0xffffffff
core   0: 0x80009d30 (0x00000001) c.nop
core   0: 3 0x80009d30 (0x0001)
core   0: 0x80009d32 (0x5c547d93) andi    s11, s0, 1477
core   0: 3 0x80009d32 (0x5c547d93) x27 0x00000001
core   0: 0x80009d36 (0x03d22ab3) mulhsu  s5, tp, t4
core   0: 3 0x80009d36 (0x03d22ab3) x21 0xfffff93e
core   0: 0x80009d3a (0x0000c64d) c.beqz  a2, pc + 170
core   0: 3 0x80009d3a (0xc64d)
core   0: 0x80009d3c (0x0000717d) c.addi16sp sp, -16
core   0: 3 0x80009d3c (0x717d) x 2 0xfffffd27
core   0: 0x80009d3e (0x0000e1e9) c.bnez  a1, pc + 194
core   0: 3 0x80009d3e (0xe1e9)
core   0: 0x80009e00 (0x012f1b93) slli    s7, t5, 18
core   0: 3 0x80009e00 (0x012f1b93) x23 0xfff40000
core   0: 0x80009e04 (0x00000001) c.nop
core   0: 3 0x80009e04 (0x0001)
core   0: 0x80009e06 (0x00008d1a) c.mv    s10, t1
core   0: 3 0x80009e06 (0x8d1a) x26 0x00000000
core   0: 0x80009e08 (0x0257c3b3) div     t2, a5, t0
core   0: 3 0x80009e08 (0x0257c3b3) x 7 0x00000000
core   0: 0x80009e0c (0x00008361) c.srli  a4, 24
core   0: 3 0x80009e0c (0x8361) x14 0x000000ff
core   0: 0x80009e0e (0x00000001) c.nop
core   0: 3 0x80009e0e (0x0001)
core   0: 0x80009e10 (0x6f330d97) auipc   s11, 0x6f330
core   0: 3 0x80009e10 (0x6f330d97) x27 0xef339e10
core   0: 0x80009e14 (0x0aab1d37) lui     s10, 0xaab1
core   0: 3 0x80009e14 (0x0aab1d37) x26 0x0aab1000
core   0: 0x80009e18 (0x02893f33) mulhu   t5, s2, s0
core   0: 3 0x80009e18 (0x02893f33) x30 0x00000000
core   0: 0x80009e1c (0x0000846a) c.mv    s0, s10
core   0: 3 0x80009e1c (0x846a) x 8 0x0aab1000
core   0: 0x80009e1e (0x00001efd) c.addi  t4, -1
core   0: 3 0x80009e1e (0x1efd) x29 0xd99befff
core   0: 0x80009e20 (0x00000001) c.nop
core   0: 3 0x80009e20 (0x0001)
core   0: 0x80009e22 (0x00742a33) slt     s4, s0, t2
core   0: 3 0x80009e22 (0x00742a33) x20 0x00000000
core   0: 0x80009e26 (0x41f25593) srai    a1, tp, 31
core   0: 3 0x80009e26 (0x41f25593) x11 0xffffffff
core   0: 0x80009e2a (0x40605613) srai    a2, zero, 6
core   0: 3 0x80009e2a (0x40605613) x12 0x00000000
core   0: 0x80009e2e (0x41c4d233) sra     tp, s1, t3
core   0: 3 0x80009e2e (0x41c4d233) x 4 0xffffffff
core   0: 0x80009e32 (0x000083fd) c.srli  a5, 31
core   0: 3 0x80009e32 (0x83fd) x15 0x00000001
core   0: 0x80009e34 (0x010306b3) add     a3, t1, a6
core   0: 3 0x80009e34 (0x010306b3) x13 0xfffff51c
core   0: 0x80009e38 (0x0000071e) c.slli  a4, 7
core   0: 3 0x80009e38 (0x071e) x14 0x00007f80
core   0: 0x80009e3a (0x40cdd113) srai    sp, s11, 12
core   0: 3 0x80009e3a (0x40cdd113) x 2 0xfffef339
core   0: 0x80009e3e (0x00006725) c.lui   a4, 0x9
core   0: 3 0x80009e3e (0x6725) x14 0x00009000
core   0: 0x80009e40 (0x0000011e) c.slli  sp, 7
core   0: 3 0x80009e40 (0x011e) x 2 0xff799c80
core   0: 0x80009e42 (0x034064b3) rem     s1, zero, s4
core   0: 3 0x80009e42 (0x034064b3) x 9 0x00000000
core   0: 0x80009e46 (0xcd37a393) slti    t2, a5, -813
core   0: 3 0x80009e46 (0xcd37a393) x 7 0x00000000
core   0: 0x80009e4a (0x02a7deb3) divu    t4, a5, a0
core   0: 3 0x80009e4a (0x02a7deb3) x29 0x00000000
core   0: 0x80009e4e (0x00fde663) bltu    s11, a5, pc + 12
core   0: 3 0x80009e4e (0x00fde663)
core   0: 0x80009e52 (0x00d09693) slli    a3, ra, 13
core   0: 3 0x80009e52 (0x00d09693) x13 0x00000000
core   0: 0x80009e56 (0xf5199817) auipc   a6, 0xf5199
core   0: 3 0x80009e56 (0xf5199817) x16 0x751a2e56
core   0: 0x80009e5a (0x3d49b913) sltiu   s2, s3, 980
core   0: 3 0x80009e5a (0x3d49b913) x18 0x00000000
core   0: 0x80009e5e (0x004c5f63) bge     s8, tp, pc + 30
core   0: 3 0x80009e5e (0x004c5f63)
core   0: 0x80009e7c (0x00000001) c.nop
core   0: 3 0x80009e7c (0x0001)
core   0: 0x80009e7e (0x00006361) c.lui   t1, 0x18
core   0: 3 0x80009e7e (0x6361) x 6 0x00018000
core   0: 0x80009e80 (0x00008cf5) c.and   s1, a3
core   0: 3 0x80009e80 (0x8cf5) x 9 0x00000000
core   0: 0x80009e82 (0x21a59a97) auipc   s5, 0x21a59
core   0: 3 0x80009e82 (0x21a59a97) x21 0xa1a62e82
core   0: 0x80009e86 (0x000060ad) c.lui   ra, 0xb
core   0: 3 0x80009e86 (0x60ad) x 1 0x0000b000
core   0: 0x80009e88 (0x0ff0000f) fence   iorw,iorw
core   0: 3 0x80009e88 (0x0ff0000f)
core   0: 0x80009e8c (0x409081b3) sub     gp, ra, s1
core   0: 3 0x80009e8c (0x409081b3) x 3 0x0000b000
core   0: 0x80009e90 (0x00008a6a) c.mv    s4, s10
core   0: 3 0x80009e90 (0x8a6a) x20 0x0aab1000
core   0: 0x80009e92 (0x02562033) mulhsu  zero, a2, t0
core   0: 3 0x80009e92 (0x02562033)
core   0: 0x80009e96 (0x000007ba) c.slli  a5, 14
core   0: 3 0x80009e96 (0x07ba) x15 0x00004000
core   0: 0x80009e98 (0x01c730b3) sltu    ra, a4, t3
core   0: 3 0x80009e98 (0x01c730b3) x 1 0x00000000
core   0: 0x80009e9c (0x02f857b3) divu    a5, a6, a5
core   0: 3 0x80009e9c (0x02f857b3) x15 0x0001d468
core   0: 0x80009ea0 (0x0323e133) rem     sp, t2, s2
core   0: 3 0x80009ea0 (0x0323e133) x 2 0x00000000
core   0: 0x80009ea4 (0x000045f5) c.li    a1, 29
core   0: 3 0x80009ea4 (0x45f5) x11 0x0000001d
core   0: 0x80009ea6 (0x020a99b3) mulh    s3, s5, zero
core   0: 3 0x80009ea6 (0x020a99b3) x19 0x00000000
core   0: 0x80009eaa (0x0134bf33) sltu    t5, s1, s3
core   0: 3 0x80009eaa (0x0134bf33) x30 0x00000000
core   0: 0x80009eae (0x023bd933) divu    s2, s7, gp
core   0: 3 0x80009eae (0x023bd933) x18 0x0001744b
core   0: 0x80009eb2 (0x0000717d) c.addi16sp sp, -16
core   0: 3 0x80009eb2 (0x717d) x 2 0xfffffff0
core   0: 0x80009eb4 (0x0000100f) fence.i
core   0: 3 0x80009eb4 (0x0000100f)
core   0: 0x80009eb8 (0x00004299) c.li    t0, 6
core   0: 3 0x80009eb8 (0x4299) x 5 0x00000006
core   0: 0x80009eba (0x0274f263) bgeu    s1, t2, pc + 36
core   0: 3 0x80009eba (0x0274f263)
core   0: 0x80009ede (0x0050bfb3) sltu    t6, ra, t0
core   0: 3 0x80009ede (0x0050bfb3) x31 0x00000001
core   0: 0x80009ee2 (0x0000717d) c.addi16sp sp, -16
core   0: 3 0x80009ee2 (0x717d) x 2 0xffffffe0
core   0: 0x80009ee4 (0xbd2ff7b7) lui     a5, 0xbd2ff
core   0: 3 0x80009ee4 (0xbd2ff7b7) x15 0xbd2ff000
core   0: 0x80009ee8 (0x03c8d463) bge     a7, t3, pc + 40
core   0: 3 0x80009ee8 (0x03c8d463)
core   0: 0x80009eec (0x03b4e033) rem     zero, s1, s11
core   0: 3 0x80009eec (0x03b4e033)
core   0: 0x80009ef0 (0x00160db3) add     s11, a2, ra
core   0: 3 0x80009ef0 (0x00160db3) x27 0x00000000
core   0: 0x80009ef4 (0x31504f93) xori    t6, zero, 789
core   0: 3 0x80009ef4 (0x31504f93) x31 0x00000315
core   0: 0x80009ef8 (0x296db997) auipc   s3, 0x296db
core   0: 3 0x80009ef8 (0x296db997) x19 0xa96e4ef8
core   0: 0x80009efc (0x0090a733) slt     a4, ra, s1
core   0: 3 0x80009efc (0x0090a733) x14 0x00000000
core   0: 0x80009f00 (0x0000100f) fence.i
core   0: 3 0x80009f00 (0x0000100f)
core   0: 0x80009f04 (0x19abee13) ori     t3, s7, 410
core   0: 3 0x80009f04 (0x19abee13) x28 0xfff4019a
core   0: 0x80009f08 (0x03d40163) beq     s0, t4, pc + 34
core   0: 3 0x80009f08 (0x03d40163)
core   0: 0x80009f0c (0x00008e49) c.or    a2, a0
core   0: 3 0x80009f0c (0x8e49) x12 0x0000000d
core   0: 0x80009f0e (0x0000833e) c.mv    t1, a5
core   0: 3 0x80009f0e (0x833e) x 6 0xbd2ff000
core   0: 0x80009f10 (0x00000001) c.nop
core   0: 3 0x80009f10 (0x0001)
core   0: 0x80009f12 (0x03bd0f33) mul     t5, s10, s11
core   0: 3 0x80009f12 (0x03bd0f33) x30 0x00000000
core   0: 0x80009f16 (0x01c10263) beq     sp, t3, pc + 4
core   0: 3 0x80009f16 (0x01c10263)
core   0: 0x80009f1a (0x01e5fe63) bgeu    a1, t5, pc + 28
core   0: 3 0x80009f1a (0x01e5fe63)
core   0: 0x80009f36 (0x033f1433) mulh    s0, t5, s3
core   0: 3 0x80009f36 (0x033f1433) x 8 0x00000000
core   0: 0x80009f3a (0x03066033) rem     zero, a2, a6
core   0: 3 0x80009f3a (0x03066033)
core   0: 0x80009f3e (0x032fbe33) mulhu   t3, t6, s2
core   0: 3 0x80009f3e (0x032fbe33) x28 0x00000000
core   0: 0x80009f42 (0x0000100f) fence.i
core   0: 3 0x80009f42 (0x0000100f)
core   0: 0x80009f46 (0x0000987d) c.andi  s0, -1
core   0: 3 0x80009f46 (0x987d) x 8 0x00000000
core   0: 0x80009f48 (0x027047b3) div     a5, zero, t2
core   0: 3 0x80009f48 (0x027047b3) x15 0xffffffff
core   0: 0x80009f4c (0x02d710b3) mulh    ra, a4, a3
core   0: 3 0x80009f4c (0x02d710b3) x 1 0x00000000
core   0: 0x80009f50 (0x01dada33) srl     s4, s5, t4
core   0: 3 0x80009f50 (0x01dada33) x20 0xa1a62e82
core   0: 0x80009f54 (0x02c286b3) mul     a3, t0, a2
core   0: 3 0x80009f54 (0x02c286b3) x13 0x0000004e
core   0: 0x80009f58 (0x0000717d) c.addi16sp sp, -16
core   0: 3 0x80009f58 (0x717d) x 2 0xffffffd0
core   0: 0x80009f5a (0x029f92b3) mulh    t0, t6, s1
core   0: 3 0x80009f5a (0x029f92b3) x 5 0x00000000
core   0: 0x80009f5e (0x02796c63) bltu    s2, t2, pc + 56
core   0: 3 0x80009f5e (0x02796c63)
core   0: 0x80009f62 (0x00b8ffb3) and     t6, a7, a1
core   0: 3 0x80009f62 (0x00b8ffb3) x31 0x00000004
core   0: 0x80009f66 (0x007b4133) xor     sp, s6, t2
core   0: 3 0x80009f66 (0x007b4133) x 2 0xfffff599
core   0: 0x80009f6a (0x401f0eb3) sub     t4, t5, ra
core   0: 3 0x80009f6a (0x401f0eb3) x29 0x00000000
core   0: 0x80009f6e (0x48847b93) andi    s7, s0, 1160
core   0: 3 0x80009f6e (0x48847b93) x23 0x00000000
core   0: 0x80009f72 (0x028564b3) rem     s1, a0, s0
core   0: 3 0x80009f72 (0x028564b3) x 9 0x0000000d
core   0: 0x80009f76 (0x01d89133) sll     sp, a7, t4
core   0: 3 0x80009f76 (0x01d89133) x 2 0x80025e64
core   0: 0x80009f7a (0x0000987e) c.add   a6, t6
core   0: 3 0x80009f7a (0x987e) x16 0x751a2e5a
core   0: 0x80009f7c (0x02afaab3) mulhsu  s5, t6, a0
core   0: 3 0x80009f7c (0x02afaab3) x21 0x00000000
core   0: 0x80009f80 (0x00008f05) c.sub   a4, s1
core   0: 3 0x80009f80 (0x8f05) x14 0xfffffff3
core   0: 0x80009f82 (0x0000ce8d) c.beqz  a3, pc + 58
core   0: 3 0x80009f82 (0xce8d)
core   0: 0x80009f84 (0x0000127d) c.addi  tp, -1
core   0: 3 0x80009f84 (0x127d) x 4 0xfffffffe
core   0: 0x80009f86 (0x036ecd33) div     s10, t4, s6
core   0: 3 0x80009f86 (0x036ecd33) x26 0x00000000
core   0: 0x80009f8a (0x40c05e13) srai    t3, zero, 12
core   0: 3 0x80009f8a (0x40c05e13) x28 0x00000000
core   0: 0x80009f8e (0xe2f8c293) xori    t0, a7, -465
core   0: 3 0x80009f8e (0xe2f8c293) x 5 0x7ffda04b
core   0: 0x80009f92 (0x02402733) mulhsu  a4, zero, tp
core   0: 3 0x80009f92 (0x02402733) x14 0x00000000
core   0: 0x80009f96 (0x000010fd) c.addi  ra, -1
core   0: 3 0x80009f96 (0x10fd) x 1 0xffffffff
core   0: 0x80009f98 (0x4d23b297) auipc   t0, 0x4d23b
core   0: 3 0x80009f98 (0x4d23b297) x 5 0xcd244f98
core   0: 0x80009f9c (0x4d0e6413) ori     s0, t3, 1232
core   0: 3 0x80009f9c (0x4d0e6413) x 8 0x000004d0
core   0: 0x80009fa0 (0x01040e33) add     t3, s0, a6
core   0: 3 0x80009fa0 (0x01040e33) x28 0x751a332a
core   0: 0x80009fa4 (0x02faff63) bgeu    s5, a5, pc + 62
core   0: 3 0x80009fa4 (0x02faff63)
core   0: 0x80009fa8 (0x1c5a3e93) sltiu   t4, s4, 453
core   0: 3 0x80009fa8 (0x1c5a3e93) x29 0x00000000
core   0: 0x80009fac (0x0271ce33) div     t3, gp, t2
core   0: 3 0x80009fac (0x0271ce33) x28 0xffffffff
core   0: 0x80009fb0 (0x0000933e) c.add   t1, a5
core   0: 3 0x80009fb0 (0x933e) x 6 0xbd2fefff
core   0: 0x80009fb2 (0x00000426) c.slli  s0, 9
core   0: 3 0x80009fb2 (0x0426) x 8 0x0009a000
core   0: 0x80009fb4 (0xe8b44713) xori    a4, s0, -373
core   0: 3 0x80009fb4 (0xe8b44713) x14 0xfff65e8b
core   0: 0x80009fb8 (0x01bc9093) slli    ra, s9, 27
core   0: 3 0x80009fb8 (0x01bc9093) x 1 0x20000000
core   0: 0x80009fbc (0x000098fd) c.andi  s1, -1
core   0: 3 0x80009fbc (0x98fd) x 9 0x0000000d
core   0: 0x80009fbe (0x2e49af93) slti    t6, s3, 740
core   0: 3 0x80009fbe (0x2e49af93) x31 0x00000001
core   0: 0x80009fc2 (0x03876f33) rem     t5, a4, s8
core   0: 3 0x80009fc2 (0x03876f33) x30 0xfffffffe
core   0: 0x80009fc6 (0x00006171) c.addi16sp sp, 336
core   0: 3 0x80009fc6 (0x6171) x 2 0x80025fb4
core   0: 0x80009fc8 (0x0f5a8d13) addi    s10, s5, 245
core   0: 3 0x80009fc8 (0x0f5a8d13) x26 0x000000f5
core   0: 0x80009fcc (0x00008c8d) c.sub   s1, a1
core   0: 3 0x80009fcc (0x8c8d) x 9 0xfffffff0
core   0: 0x80009fce (0x00c6d593) srli    a1, a3, 12
core   0: 3 0x80009fce (0x00c6d593) x11 0x00000000
core   0: 0x80009fd2 (0x025ba233) mulhsu  tp, s7, t0
core   0: 3 0x80009fd2 (0x025ba233) x 4 0x00000000
core   0: 0x80009fd6 (0xaa6b3593) sltiu   a1, s6, -1370
core   0: 3 0x80009fd6 (0xaa6b3593) x11 0x00000001
core   0: 0x80009fda (0x031edbb3) divu    s7, t4, a7
core   0: 3 0x80009fda (0x031edbb3) x23 0x00000000
core   0: 0x80009fde (0xd3affc13) andi    s8, t6, -710
core   0: 3 0x80009fde (0xd3affc13) x24 0x00000000
core   0: 0x80009fe2 (0xd4647737) lui     a4, 0xd4647
core   0: 3 0x80009fe2 (0xd4647737) x14 0xd4647000
core   0: 0x80009fe6 (0xb8aea013) slti    zero, t4, -1142
core   0: 3 0x80009fe6 (0xb8aea013)
core   0: 0x80009fea (0x00f6c433) xor     s0, a3, a5
core   0: 3 0x80009fea (0x00f6c433) x 8 0xffffffb1
core   0: 0x80009fee (0x9e6fa713) slti    a4, t6, -1562
core   0: 3 0x80009fee (0x9e6fa713) x14 0x00000000
core   0: 0x80009ff2 (0x01b0d833) srl     a6, ra, s11
core   0: 3 0x80009ff2 (0x01b0d833) x16 0x20000000
core   0: 0x80009ff6 (0x00000001) c.nop
core   0: 3 0x80009ff6 (0x0001)
core   0: 0x80009ff8 (0x00008645) c.srai  a2, 17
core   0: 3 0x80009ff8 (0x8645) x12 0x00000000
core   0: 0x80009ffa (0xb6e76d13) ori     s10, a4, -1170
core   0: 3 0x80009ffa (0xb6e76d13) x26 0xfffffb6e
core   0: 0x80009ffe (0x000065a5) c.lui   a1, 0x9
core   0: 3 0x80009ffe (0x65a5) x11 0x00009000
core   0: 0x8000a000 (0xb025bf13) sltiu   t5, a1, -1278
core   0: 3 0x8000a000 (0xb025bf13) x30 0x00000001
core   0: 0x8000a004 (0x02160f33) mul     t5, a2, ra
core   0: 3 0x8000a004 (0x02160f33) x30 0x00000000
core   0: 0x8000a008 (0x0149b3b3) sltu    t2, s3, s4
core   0: 3 0x8000a008 (0x0149b3b3) x 7 0x00000000
core   0: 0x8000a00c (0x00000001) c.nop
core   0: 3 0x8000a00c (0x0001)
core   0: 0x8000a00e (0x0000100f) fence.i
core   0: 3 0x8000a00e (0x0000100f)
core   0: 0x8000a012 (0x00008c81) c.sub   s1, s0
core   0: 3 0x8000a012 (0x8c81) x 9 0x0000003f
core   0: 0x8000a014 (0x00a77f63) bgeu    a4, a0, pc + 30
core   0: 3 0x8000a014 (0x00a77f63)
core   0: 0x8000a018 (0x016f42b3) xor     t0, t5, s6
core   0: 3 0x8000a018 (0x016f42b3) x 5 0xfffff599
core   0: 0x8000a01c (0x02398563) beq     s3, gp, pc + 42
core   0: 3 0x8000a01c (0x02398563)
core   0: 0x8000a020 (0x00009dba) c.add   s11, a4
core   0: 3 0x8000a020 (0x9dba) x27 0x00000000
core   0: 0x8000a022 (0x0ff0000f) fence   iorw,iorw
core   0: 3 0x8000a022 (0x0ff0000f)
core   0: 0x8000a026 (0x03816ab3) rem     s5, sp, s8
core   0: 3 0x8000a026 (0x03816ab3) x21 0x80025fb4
core   0: 0x8000a02a (0x00008de1) c.and   a1, s0
core   0: 3 0x8000a02a (0x8de1) x11 0x00009000
core   0: 0x8000a02c (0x00006125) c.addi16sp sp, 96
core   0: 3 0x8000a02c (0x6125) x 2 0x80026014
core   0: 0x8000a02e (0x001bce33) xor     t3, s7, ra
core   0: 3 0x8000a02e (0x001bce33) x28 0x20000000
core   0: 0x8000a032 (0x00008dc2) c.mv    s11, a6
core   0: 3 0x8000a032 (0x8dc2) x27 0x20000000
core   0: 0x8000a034 (0x019d65b3) or      a1, s10, s9
core   0: 3 0x8000a034 (0x019d65b3) x11 0xffffffee
core   0: 0x8000a038 (0x00004635) c.li    a2, 13
core   0: 3 0x8000a038 (0x4635) x12 0x0000000d
core   0: 0x8000a03a (0x026ddfb3) divu    t6, s11, t1
core   0: 3 0x8000a03a (0x026ddfb3) x31 0x00000000
core   0: 0x8000a03e (0x00fb72b3) and     t0, s6, a5
core   0: 3 0x8000a03e (0x00fb72b3) x 5 0xfffff599
core   0: 0x8000a042 (0x002b46b3) xor     a3, s6, sp
core   0: 3 0x8000a042 (0x002b46b3) x13 0x7ffd958d
core   0: 0x8000a046 (0x9b183a13) sltiu   s4, a6, -1615
core   0: 3 0x8000a046 (0x9b183a13) x20 0x00000001
core   0: 0x8000a04a (0x03b13f33) mulhu   t5, sp, s11
core   0: 3 0x8000a04a (0x03b13f33) x30 0x10004c02
core   0: 0x8000a04e (0x063ce263) bltu    s9, gp, pc + 100
core   0: 3 0x8000a04e (0x063ce263)
core   0: 0x8000a052 (0x06e57063) bgeu    a0, a4, pc + 96
core   0: 3 0x8000a052 (0x06e57063)
core   0: 0x8000a0b2 (0x015f9a13) slli    s4, t6, 21
core   0: 3 0x8000a0b2 (0x015f9a13) x20 0x00000000
core   0: 0x8000a0b6 (0x027da2b3) mulhsu  t0, s11, t2
core   0: 3 0x8000a0b6 (0x027da2b3) x 5 0x00000000
core   0: 0x8000a0ba (0x00008da9) c.xor   a1, a0
core   0: 3 0x8000a0ba (0x8da9) x11 0xffffffe3
core   0: 0x8000a0bc (0x9b598993) addi    s3, s3, -1611
core   0: 3 0x8000a0bc (0x9b598993) x19 0xa96e48ad
core   0: 0x8000a0c0 (0x01e88333) add     t1, a7, t5
core   0: 3 0x8000a0c0 (0x01e88333) x 6 0x9002aa66
core   0: 0x8000a0c4 (0x4246c413) xori    s0, a3, 1060
core   0: 3 0x8000a0c4 (0x4246c413) x 8 0x7ffd91a9
core   0: 0x8000a0c8 (0x00008df5) c.and   a1, a3
core   0: 3 0x8000a0c8 (0x8df5) x11 0x7ffd9581
core   0: 0x8000a0ca (0xfee40593) addi    a1, s0, -18
core   0: 3 0x8000a0ca (0xfee40593) x11 0x7ffd9197
core   0: 0x8000a0ce (0x28be7617) auipc   a2, 0x28be7
core   0: 3 0x8000a0ce (0x28be7617) x12 0xa8bf10ce
core   0: 0x8000a0d2 (0x0000616d) c.addi16sp sp, 240
core   0: 3 0x8000a0d2 (0x616d) x 2 0x80026104
core   0: 0x8000a0d4 (0x0ff0000f) fence   iorw,iorw
core   0: 3 0x8000a0d4 (0x0ff0000f)
core   0: 0x8000a0d8 (0xdf56cf93) xori    t6, a3, -523
core   0: 3 0x8000a0d8 (0xdf56cf93) x31 0x80026878
core   0: 0x8000a0dc (0x021b4eb3) div     t4, s6, ra
core   0: 3 0x8000a0dc (0x021b4eb3) x29 0x00000000
core   0: 0x8000a0e0 (0x4003d933) sra     s2, t2, zero
core   0: 3 0x8000a0e0 (0x4003d933) x18 0x00000000
core   0: 0x8000a0e4 (0x4adeed13) ori     s10, t4, 1197
core   0: 3 0x8000a0e4 (0x4adeed13) x26 0x000004ad
core   0: 0x8000a0e8 (0x00008c4d) c.or    s0, a1
core   0: 3 0x8000a0e8 (0x8c4d) x 8 0x7ffd91bf
core   0: 0x8000a0ea (0x01156833) or      a6, a0, a7
core   0: 3 0x8000a0ea (0x01156833) x16 0x80025e6d
core   0: 0x8000a0ee (0x41498ab3) sub     s5, s3, s4
core   0: 3 0x8000a0ee (0x41498ab3) x21 0xa96e48ad
core   0: 0x8000a0f2 (0x02010d63) beqz    sp, pc + 58
core   0: 3 0x8000a0f2 (0x02010d63)
core   0: 0x8000a0f6 (0x40fe0993) addi    s3, t3, 1039
core   0: 3 0x8000a0f6 (0x40fe0993) x19 0x2000040f
core   0: 0x8000a0fa (0x03c9dd63) bge     s3, t3, pc + 58
core   0: 3 0x8000a0fa (0x03c9dd63)
core   0: 0x8000a134 (0x01cc4e33) xor     t3, s8, t3
core   0: 3 0x8000a134 (0x01cc4e33) x28 0x20000000
core   0: 0x8000a138 (0x03b040b3) div     ra, zero, s11
core   0: 3 0x8000a138 (0x03b040b3) x 1 0x00000000
core   0: 0x8000a13c (0x02dfe363) bltu    t6, a3, pc + 38
core   0: 3 0x8000a13c (0x02dfe363)
core   0: 0x8000a140 (0x41b2d593) srai    a1, t0, 27
core   0: 3 0x8000a140 (0x41b2d593) x11 0x00000000
core   0: 0x8000a144 (0x01cf8eb3) add     t4, t6, t3
core   0: 3 0x8000a144 (0x01cf8eb3) x29 0xa0026878
core   0: 0x8000a148 (0x0000100f) fence.i
core   0: 3 0x8000a148 (0x0000100f)
core   0: 0x8000a14c (0x031a8eb3) mul     t4, s5, a7
core   0: 3 0x8000a14c (0x031a8eb3) x29 0xbf1de994
core   0: 0x8000a150 (0x00106663) bltu    zero, ra, pc + 12
core   0: 3 0x8000a150 (0x00106663)
core   0: 0x8000a154 (0x02dac333) div     t1, s5, a3
core   0: 3 0x8000a154 (0x02dac333) x 6 0x00000000
core   0: 0x8000a158 (0x03490963) beq     s2, s4, pc + 50
core   0: 3 0x8000a158 (0x03490963)
core   0: 0x8000a18a (0x00000001) c.nop
core   0: 3 0x8000a18a (0x0001)
core   0: 0x8000a18c (0x0000100f) fence.i
core   0: 3 0x8000a18c (0x0000100f)
core   0: 0x8000a190 (0x0120e263) bltu    ra, s2, pc + 4
core   0: 3 0x8000a190 (0x0120e263)
core   0: 0x8000a194 (0x01d76433) or      s0, a4, t4
core   0: 3 0x8000a194 (0x01d76433) x 8 0xbf1de994
core   0: 0x8000a198 (0x51c1a493) slti    s1, gp, 1308
core   0: 3 0x8000a198 (0x51c1a493) x 9 0x00000000
core   0: 0x8000a19c (0x75324b13) xori    s6, tp, 1875
core   0: 3 0x8000a19c (0x75324b13) x22 0x00000753
core   0: 0x8000a1a0 (0xbdb3b713) sltiu   a4, t2, -1061
core   0: 3 0x8000a1a0 (0xbdb3b713) x14 0x00000001
core   0: 0x8000a1a4 (0x01db41b3) xor     gp, s6, t4
core   0: 3 0x8000a1a4 (0x01db41b3) x 3 0xbf1deec7
core   0: 0x8000a1a8 (0x00000001) c.nop
core   0: 3 0x8000a1a8 (0x0001)
core   0: 0x8000a1aa (0x00741c63) bne     s0, t2, pc + 24
core   0: 3 0x8000a1aa (0x00741c63)
core   0: 0x8000a1c2 (0x0000c229) c.beqz  a2, pc + 66
core   0: 3 0x8000a1c2 (0xc229)
core   0: 0x8000a1c4 (0x038dbab3) mulhu   s5, s11, s8
core   0: 3 0x8000a1c4 (0x038dbab3) x21 0x00000000
core   0: 0x8000a1c8 (0x03804763) blt     zero, s8, pc + 46
core   0: 3 0x8000a1c8 (0x03804763)
core   0: 0x8000a1cc (0x0000100f) fence.i
core   0: 3 0x8000a1cc (0x0000100f)
core   0: 0x8000a1d0 (0x0000717d) c.addi16sp sp, -16
core   0: 3 0x8000a1d0 (0x717d) x 2 0x800260f4
core   0: 0x8000a1d2 (0x440ecb13) xori    s6, t4, 1088
core   0: 3 0x8000a1d2 (0x440ecb13) x22 0xbf1dedd4
core   0: 0x8000a1d6 (0x00006169) c.addi16sp sp, 208
core   0: 3 0x8000a1d6 (0x6169) x 2 0x800261c4
core   0: 0x8000a1d8 (0x00009226) c.add   tp, s1
core   0: 3 0x8000a1d8 (0x9226) x 4 0x00000000
core   0: 0x8000a1da (0x028f43b3) div     t2, t5, s0
core   0: 3 0x8000a1da (0x028f43b3) x 7 0x00000000
core   0: 0x8000a1de (0x02db55b3) divu    a1, s6, a3
core   0: 3 0x8000a1de (0x02db55b3) x11 0x00000001
core   0: 0x8000a1e2 (0x00008059) c.srli  s0, 22
core   0: 3 0x8000a1e2 (0x8059) x 8 0x000002fc
core   0: 0x8000a1e4 (0x005bec33) or      s8, s7, t0
core   0: 3 0x8000a1e4 (0x005bec33) x24 0x00000000
core   0: 0x8000a1e8 (0x00008f19) c.sub   a4, a4
core   0: 3 0x8000a1e8 (0x8f19) x14 0x00000000
core   0: 0x8000a1ea (0x00af9263) bne     t6, a0, pc + 4
core   0: 3 0x8000a1ea (0x00af9263)
core   0: 0x8000a1ee (0x4eadbd93) sltiu   s11, s11, 1258
core   0: 3 0x8000a1ee (0x4eadbd93) x27 0x00000000
core   0: 0x8000a1f2 (0x02523b33) mulhu   s6, tp, t0
core   0: 3 0x8000a1f2 (0x02523b33) x22 0x00000000
core   0: 0x8000a1f6 (0x001f8e33) add     t3, t6, ra
core   0: 3 0x8000a1f6 (0x001f8e33) x28 0x80026878
core   0: 0x8000a1fa (0x41b2d293) srai    t0, t0, 27
core   0: 3 0x8000a1fa (0x41b2d293) x 5 0x00000000
core   0: 0x8000a1fe (0x0000847d) c.srai  s0, 31
core   0: 3 0x8000a1fe (0x847d) x 8 0x00000000
core   0: 0x8000a200 (0x03101e33) mulh    t3, zero, a7
core   0: 3 0x8000a200 (0x03101e33) x28 0x00000000
core   0: 0x8000a204 (0x677dceb7) lui     t4, 0x677dc
core   0: 3 0x8000a204 (0x677dceb7) x29 0x677dc000
core   0: 0x8000a208 (0x9a9c2997) auipc   s3, 0x9a9c2
core   0: 3 0x8000a208 (0x9a9c2997) x19 0x1a9cc208
core   0: 0x8000a20c (0x00008a19) c.andi  a2, 6
core   0: 3 0x8000a20c (0x8a19) x12 0x00000006
core   0: 0x8000a20e (0x17080117) auipc   sp, 0x17080
core   0: 3 0x8000a20e (0x17080117) x 2 0x9708a20e
core   0: 0x8000a212 (0x02fdd1b3) divu    gp, s11, a5
core   0: 3 0x8000a212 (0x02fdd1b3) x 3 0x00000000
core   0: 0x8000a216 (0x00008f65) c.and   a4, s1
core   0: 3 0x8000a216 (0x8f65) x14 0x00000000
core   0: 0x8000a218 (0x00008c39) c.xor   s0, a4
core   0: 3 0x8000a218 (0x8c39) x 8 0x00000000
core   0: 0x8000a21a (0x00001e98) c.addi4spn a4, sp, 880
core   0: 3 0x8000a21a (0x1e98) x14 0x9708a57e
core   0: 0x8000a21c (0x059f6163) bltu    t5, s9, pc + 66
core   0: 3 0x8000a21c (0x059f6163)
core   0: 0x8000a25e (0x00009bfd) c.andi  a5, -1
core   0: 3 0x8000a25e (0x9bfd) x15 0xffffffff
core   0: 0x8000a260 (0x012f0263) beq     t5, s2, pc + 4
core   0: 3 0x8000a260 (0x012f0263)
core   0: 0x8000a264 (0x008e9a93) slli    s5, t4, 8
core   0: 3 0x8000a264 (0x008e9a93) x21 0x7dc00000
core   0: 0x8000a268 (0x014ff033) and     zero, t6, s4
core   0: 3 0x8000a268 (0x014ff033)
core   0: 0x8000a26c (0x0000987d) c.andi  s0, -1
core   0: 3 0x8000a26c (0x987d) x 8 0x00000000
core   0: 0x8000a26e (0x000099fd) c.andi  a1, -1
core   0: 3 0x8000a26e (0x99fd) x11 0x00000001
core   0: 0x8000a270 (0x0ff0000f) fence   iorw,iorw
core   0: 3 0x8000a270 (0x0ff0000f)
core   0: 0x8000a274 (0x00008019) c.srli  s0, 6
core   0: 3 0x8000a274 (0x8019) x 8 0x00000000
core   0: 0x8000a276 (0x000066ad) c.lui   a3, 0xb
core   0: 3 0x8000a276 (0x66ad) x13 0x0000b000
core   0: 0x8000a278 (0xedebce97) auipc   t4, 0xedebc
core   0: 3 0x8000a278 (0xedebce97) x29 0x6dec6278
core   0: 0x8000a27c (0x01df2c33) slt     s8, t5, t4
core   0: 3 0x8000a27c (0x01df2c33) x24 0x00000001
core   0: 0x8000a280 (0x0000100f) fence.i
core   0: 3 0x8000a280 (0x0000100f)
core   0: 0x8000a284 (0x0006f663) bgeu    a3, zero, pc + 12
core   0: 3 0x8000a284 (0x0006f663)
core   0: 0x8000a290 (0x012c9593) slli    a1, s9, 18
core   0: 3 0x8000a290 (0x012c9593) x11 0x73900000
core   0: 0x8000a294 (0x0000cc09) c.beqz  s0, pc + 26
core   0: 3 0x8000a294 (0xcc09)
core   0: 0x8000a2ae (0x00f4c1b3) xor     gp, s1, a5
core   0: 3 0x8000a2ae (0x00f4c1b3) x 3 0xffffffff
core   0: 0x8000a2b2 (0x0173c863) blt     t2, s7, pc + 16
core   0: 3 0x8000a2b2 (0x0173c863)
core   0: 0x8000a2b6 (0x035030b3) mulhu   ra, zero, s5
core   0: 3 0x8000a2b6 (0x035030b3) x 1 0x00000000
core   0: 0x8000a2ba (0x016a6d33) or      s10, s4, s6
core   0: 3 0x8000a2ba (0x016a6d33) x26 0x00000000
core   0: 0x8000a2be (0x010fa3b3) slt     t2, t6, a6
core   0: 3 0x8000a2be (0x010fa3b3) x 7 0x00000000
core   0: 0x8000a2c2 (0x03ec8433) mul     s0, s9, t5
core   0: 3 0x8000a2c2 (0x03ec8433) x 8 0x0698e9c8
core   0: 0x8000a2c6 (0x00006139) c.addi16sp sp, 448
core   0: 3 0x8000a2c6 (0x6139) x 2 0x9708a3ce
core   0: 0x8000a2c8 (0xf1008013) addi    zero, ra, -240
core   0: 3 0x8000a2c8 (0xf1008013)
core   0: 0x8000a2cc (0x01cfd913) srli    s2, t6, 28
core   0: 3 0x8000a2cc (0x01cfd913) x18 0x00000008
core   0: 0x8000a2d0 (0x0000717d) c.addi16sp sp, -16
core   0: 3 0x8000a2d0 (0x717d) x 2 0x9708a3be
core   0: 0x8000a2d2 (0x53e22b93) slti    s7, tp, 1342
core   0: 3 0x8000a2d2 (0x53e22b93) x23 0x00000001
core   0: 0x8000a2d6 (0x0000ed85) c.bnez  a1, pc + 56
core   0: 3 0x8000a2d6 (0xed85)
core   0: 0x8000a30e (0x03e2fdb3) remu    s11, t0, t5
core   0: 3 0x8000a30e (0x03e2fdb3) x27 0x00000000
core   0: 0x8000a312 (0x017c5a13) srli    s4, s8, 23
core   0: 3 0x8000a312 (0x017c5a13) x20 0x00000000
core   0: 0x8000a316 (0x91a1a193) slti    gp, gp, -1766
core   0: 3 0x8000a316 (0x91a1a193) x 3 0x00000000
core   0: 0x8000a31a (0x0153c633) xor     a2, t2, s5
core   0: 3 0x8000a31a (0x0153c633) x12 0x7dc00000
core   0: 0x8000a31e (0x0017a933) slt     s2, a5, ra
core   0: 3 0x8000a31e (0x0017a933) x18 0x00000001
core   0: 0x8000a322 (0x0000062a) c.slli  a2, 10
core   0: 3 0x8000a322 (0x062a) x12 0x00000000
core   0: 0x8000a324 (0x084c4e37) lui     t3, 0x84c4
core   0: 3 0x8000a324 (0x084c4e37) x28 0x084c4000
core   0: 0x8000a328 (0x0212d263) bge     t0, ra, pc + 36
core   0: 3 0x8000a328 (0x0212d263)
core   0: 0x8000a34c (0x402c5e93) srai    t4, s8, 2
core   0: 3 0x8000a34c (0x402c5e93) x29 0x00000000
core   0: 0x8000a350 (0xf086b993) sltiu   s3, a3, -248
core   0: 3 0x8000a350 (0xf086b993) x19 0x00000001
core   0: 0x8000a354 (0x00006ea1) c.lui   t4, 0x8
core   0: 3 0x8000a354 (0x6ea1) x29 0x00008000
core   0: 0x8000a356 (0x00000001) c.nop
core   0: 3 0x8000a356 (0x0001)
core   0: 0x8000a358 (0x03866bb3) rem     s7, a2, s8
core   0: 3 0x8000a358 (0x03866bb3) x23 0x00000000
core   0: 0x8000a35c (0x767dba93) sltiu   s5, s11, 1895
core   0: 3 0x8000a35c (0x767dba93) x21 0x00000001
core   0: 0x8000a360 (0x41055e93) srai    t4, a0, 16
core   0: 3 0x8000a360 (0x41055e93) x29 0x00000000
core   0: 0x8000a364 (0x00008f42) c.mv    t5, a6
core   0: 3 0x8000a364 (0x8f42) x30 0x80025e6d
core   0: 0x8000a366 (0x0134e833) or      a6, s1, s3
core   0: 3 0x8000a366 (0x0134e833) x16 0x00000001
core   0: 0x8000a36a (0x000088ad) c.andi  s1, 11
core   0: 3 0x8000a36a (0x88ad) x 9 0x00000000
core   0: 0x8000a36c (0x00c9f633) and     a2, s3, a2
core   0: 3 0x8000a36c (0x00c9f633) x12 0x00000000
core   0: 0x8000a370 (0x02d46f33) rem     t5, s0, a3
core   0: 3 0x8000a370 (0x02d46f33) x30 0x000069c8
core   0: 0x8000a374 (0x00000001) c.nop
core   0: 3 0x8000a374 (0x0001)
core   0: 0x8000a376 (0x00000001) c.nop
core   0: 3 0x8000a376 (0x0001)
core   0: 0x8000a378 (0x00000001) c.nop
core   0: 3 0x8000a378 (0x0001)
core   0: 0x8000a37a (0x00b6dc13) srli    s8, a3, 11
core   0: 3 0x8000a37a (0x00b6dc13) x24 0x00000016
core   0: 0x8000a37e (0x0000717d) c.addi16sp sp, -16
core   0: 3 0x8000a37e (0x717d) x 2 0x9708a3ae
core   0: 0x8000a380 (0x00000001) c.nop
core   0: 3 0x8000a380 (0x0001)
core   0: 0x8000a382 (0x01d3dfb3) srl     t6, t2, t4
core   0: 3 0x8000a382 (0x01d3dfb3) x31 0x00000000
core   0: 0x8000a386 (0x40a28eb3) sub     t4, t0, a0
core   0: 3 0x8000a386 (0x40a28eb3) x29 0xfffffff3
core   0: 0x8000a38a (0x02128063) beq     t0, ra, pc + 32
core   0: 3 0x8000a38a (0x02128063)
core   0: 0x8000a3aa (0x000051fd) c.li    gp, -1
core   0: 3 0x8000a3aa (0x51fd) x 3 0xffffffff
core   0: 0x8000a3ac (0x00009ed2) c.add   t4, s4
core   0: 3 0x8000a3ac (0x9ed2) x29 0xfffffff3
core   0: 0x8000a3ae (0xcb08e313) ori     t1, a7, -848
core   0: 3 0x8000a3ae (0xcb08e313) x 6 0xfffffef4
core   0: 0x8000a3b2 (0x00b08ab3) add     s5, ra, a1
core   0: 3 0x8000a3b2 (0x00b08ab3) x21 0x73900000
core   0: 0x8000a3b6 (0x4e088d93) addi    s11, a7, 1248
core   0: 3 0x8000a3b6 (0x4e088d93) x27 0x80026344
core   0: 0x8000a3ba (0x037e3933) mulhu   s2, t3, s7
core   0: 3 0x8000a3ba (0x037e3933) x18 0x00000000
core   0: 0x8000a3be (0x00008cc1) c.or    s1, s0
core   0: 3 0x8000a3be (0x8cc1) x 9 0x0698e9c8
core   0: 0x8000a3c0 (0xb72e8a93) addi    s5, t4, -1166
core   0: 3 0x8000a3c0 (0xb72e8a93) x21 0xfffffb65
core   0: 0x8000a3c4 (0x00519433) sll     s0, gp, t0
core   0: 3 0x8000a3c4 (0x00519433) x 8 0xffffffff
core   0: 0x8000a3c8 (0xf7e50c13) addi    s8, a0, -130
core   0: 3 0x8000a3c8 (0xf7e50c13) x24 0xffffff8b
core   0: 0x8000a3cc (0x00000001) c.nop
core   0: 3 0x8000a3cc (0x0001)
core   0: 0x8000a3ce (0x006061b3) or      gp, zero, t1
core   0: 3 0x8000a3ce (0x006061b3) x 3 0xfffffef4
core   0: 0x8000a3d2 (0x02dee0b3) rem     ra, t4, a3
core   0: 3 0x8000a3d2 (0x02dee0b3) x 1 0xfffffff3
core   0: 0x8000a3d6 (0x0115d993) srli    s3, a1, 17
core   0: 3 0x8000a3d6 (0x0115d993) x19 0x000039c8
core   0: 0x8000a3da (0x004e42b3) xor     t0, t3, tp
core   0: 3 0x8000a3da (0x004e42b3) x 5 0x084c4000
core   0: 0x8000a3de (0x027f73b3) remu    t2, t5, t2
core   0: 3 0x8000a3de (0x027f73b3) x 7 0x000069c8
core   0: 0x8000a3e2 (0x47e27213) andi    tp, tp, 1150
core   0: 3 0x8000a3e2 (0x47e27213) x 4 0x00000000
core   0: 0x8000a3e6 (0x01d15933) srl     s2, sp, t4
core   0: 3 0x8000a3e6 (0x01d15933) x18 0x000012e1
core   0: 0x8000a3ea (0x03485463) bge     a6, s4, pc + 40
core   0: 3 0x8000a3ea (0x03485463)
core   0: 0x8000a412 (0x000042a9) c.li    t0, 10
core   0: 3 0x8000a412 (0x42a9) x 5 0x0000000a
core   0: 0x8000a414 (0x00000001) c.nop
core   0: 3 0x8000a414 (0x0001)
core   0: 0x8000a416 (0x00000fa9) c.addi  t6, 10
core   0: 3 0x8000a416 (0x0fa9) x31 0x0000000a
core   0: 0x8000a418 (0x0000547d) c.li    s0, -1
core   0: 3 0x8000a418 (0x547d) x 8 0xffffffff
core   0: 0x8000a41a (0x406f5113) srai    sp, t5, 6
core   0: 3 0x8000a41a (0x406f5113) x 2 0x000001a7
core   0: 0x8000a41e (0x7f7d2193) slti    gp, s10, 2039
core   0: 3 0x8000a41e (0x7f7d2193) x 3 0x00000001
core   0: 0x8000a422 (0x0ff0000f) fence   iorw,iorw
core   0: 3 0x8000a422 (0x0ff0000f)
core   0: 0x8000a426 (0x0201fa33) remu    s4, gp, zero
core   0: 3 0x8000a426 (0x0201fa33) x20 0x00000001
core   0: 0x8000a42a (0x03ddf633) remu    a2, s11, t4
core   0: 3 0x8000a42a (0x03ddf633) x12 0x80026344
core   0: 0x8000a42e (0x000016fd) c.addi  a3, -1
core   0: 3 0x8000a42e (0x16fd) x13 0x0000afff
core   0: 0x8000a430 (0x00008c39) c.xor   s0, a4
core   0: 3 0x8000a430 (0x8c39) x 8 0x68f75a81
core   0: 0x8000a432 (0x00115233) srl     tp, sp, ra
core   0: 3 0x8000a432 (0x00115233) x 4 0x00000000
core   0: 0x8000a436 (0x022ba733) mulhsu  a4, s7, sp
core   0: 3 0x8000a436 (0x022ba733) x14 0x00000000
core   0: 0x8000a43a (0x00000001) c.nop
core   0: 3 0x8000a43a (0x0001)
core   0: 0x8000a43c (0x014e5263) bge     t3, s4, pc + 4
core   0: 3 0x8000a43c (0x014e5263)
core   0: 0x8000a440 (0x00008815) c.andi  s0, 5
core   0: 3 0x8000a440 (0x8815) x 8 0x00000001
core   0: 0x8000a442 (0x00000196) c.slli  gp, 5
core   0: 3 0x8000a442 (0x0196) x 3 0x00000020
core   0: 0x8000a444 (0x018a5033) srl     zero, s4, s8
core   0: 3 0x8000a444 (0x018a5033)
core   0: 0x8000a448 (0x00000001) c.nop
core   0: 3 0x8000a448 (0x0001)
core   0: 0x8000a44a (0x00c4e5b3) or      a1, s1, a2
core   0: 3 0x8000a44a (0x00c4e5b3) x11 0x869aebcc
core   0: 0x8000a44e (0x00000001) c.nop
core   0: 3 0x8000a44e (0x0001)
core   0: 0x8000a450 (0x00ae5133) srl     sp, t3, a0
core   0: 3 0x8000a450 (0x00ae5133) x 2 0x00004262
core   0: 0x8000a454 (0x000098fd) c.andi  s1, -1
core   0: 3 0x8000a454 (0x98fd) x 9 0x0698e9c8
core   0: 0x8000a456 (0x00008dc1) c.or    a1, s0
core   0: 3 0x8000a456 (0x8dc1) x11 0x869aebcd
core   0: 0x8000a458 (0x03844433) div     s0, s0, s8
core   0: 3 0x8000a458 (0x03844433) x 8 0x00000000
core   0: 0x8000a45c (0x00a45263) bge     s0, a0, pc + 4
core   0: 3 0x8000a45c (0x00a45263)
core   0: 0x8000a460 (0x00008c8d) c.sub   s1, a1
core   0: 3 0x8000a460 (0x8c8d) x 9 0x7ffdfdfb
core   0: 0x8000a462 (0x0243df33) divu    t5, t2, tp
core   0: 3 0x8000a462 (0x0243df33) x30 0xffffffff
core   0: 0x8000a466 (0x2969d6b7) lui     a3, 0x2969d
core   0: 3 0x8000a466 (0x2969d6b7) x13 0x2969d000
core   0: 0x8000a46a (0x5f772c13) slti    s8, a4, 1527
core   0: 3 0x8000a46a (0x5f772c13) x24 0x00000001
core   0: 0x8000a46e (0x035bfc63) bgeu    s7, s5, pc + 56
core   0: 3 0x8000a46e (0x035bfc63)
core   0: 0x8000a472 (0x00008cad) c.xor   s1, a1
core   0: 3 0x8000a472 (0x8cad) x 9 0xf9671636
core   0: 0x8000a474 (0x00000e96) c.slli  t4, 5
core   0: 3 0x8000a474 (0x0e96) x29 0xfffffe60
core   0: 0x8000a476 (0x03538fb3) mul     t6, t2, s5
core   0: 3 0x8000a476 (0x03538fb3) x31 0xfe18d3e8
core   0: 0x8000a47a (0x00008395) c.srli  a5, 5
core   0: 3 0x8000a47a (0x8395) x15 0x07ffffff
core   0: 0x8000a47c (0x0000c489) c.beqz  s1, pc + 10
core   0: 3 0x8000a47c (0xc489)
core   0: 0x8000a47e (0x33d3b293) sltiu   t0, t2, 829
core   0: 3 0x8000a47e (0x33d3b293) x 5 0x00000000
core   0: 0x8000a482 (0x0385f6b3) remu    a3, a1, s8
core   0: 3 0x8000a482 (0x0385f6b3) x13 0x00000000
core   0: 0x8000a486 (0x018fec63) bltu    t6, s8, pc + 24
core   0: 3 0x8000a486 (0x018fec63)
core   0: 0x8000a48a (0x407ad413) srai    s0, s5, 7
core   0: 3 0x8000a48a (0x407ad413) x 8 0xfffffff6
core   0: 0x8000a48e (0x00000001) c.nop
core   0: 3 0x8000a48e (0x0001)
core   0: 0x8000a490 (0x0000e3a9) c.bnez  a5, pc + 66
core   0: 3 0x8000a490 (0xe3a9)
core   0: 0x8000a4d2 (0x01f78463) beq     a5, t6, pc + 8
core   0: 3 0x8000a4d2 (0x01f78463)
core   0: 0x8000a4d6 (0x02be9233) mulh    tp, t4, a1
core   0: 3 0x8000a4d6 (0x02be9233) x 4 0x000000c5
core   0: 0x8000a4da (0x02479033) mulh    zero, a5, tp
core   0: 3 0x8000a4da (0x02479033)
core   0: 0x8000a4de (0x13f925b7) lui     a1, 0x13f92
core   0: 3 0x8000a4de (0x13f925b7) x11 0x13f92000
core   0: 0x8000a4e2 (0x00008f92) c.mv    t6, tp
core   0: 3 0x8000a4e2 (0x8f92) x31 0x000000c5
core   0: 0x8000a4e4 (0x01f66233) or      tp, a2, t6
core   0: 3 0x8000a4e4 (0x01f66233) x 4 0x800263c5
core   0: 0x8000a4e8 (0x410a5113) srai    sp, s4, 16
core   0: 3 0x8000a4e8 (0x410a5113) x 2 0x00000000
core   0: 0x8000a4ec (0x030e75b3) remu    a1, t3, a6
core   0: 3 0x8000a4ec (0x030e75b3) x11 0x00000000
core   0: 0x8000a4f0 (0x020ca833) mulhsu  a6, s9, zero
core   0: 3 0x8000a4f0 (0x020ca833) x16 0x00000000
core   0: 0x8000a4f4 (0x00009a7d) c.andi  a2, -1
core   0: 3 0x8000a4f4 (0x9a7d) x12 0x80026344
core   0: 0x8000a4f6 (0x021f5233) divu    tp, t5, ra
core   0: 3 0x8000a4f6 (0x021f5233) x 4 0x00000001
core   0: 0x8000a4fa (0x51454093) xori    ra, a0, 1300
core   0: 3 0x8000a4fa (0x51454093) x 1 0x00000519
core   0: 0x8000a4fe (0x0ff0000f) fence   iorw,iorw
core   0: 3 0x8000a4fe (0x0ff0000f)
core   0: 0x8000a502 (0x01ea34b3) sltu    s1, s4, t5
core   0: 3 0x8000a502 (0x01ea34b3) x 9 0x00000001
core   0: 0x8000a506 (0x0000100f) fence.i
core   0: 3 0x8000a506 (0x0000100f)
core   0: 0x8000a50a (0x01da75b3) and     a1, s4, t4
core   0: 3 0x8000a50a (0x01da75b3) x11 0x00000000
core   0: 0x8000a50e (0x0442e163) bltu    t0, tp, pc + 66
core   0: 3 0x8000a50e (0x0442e163)
core   0: 0x8000a550 (0x01644433) xor     s0, s0, s6
core   0: 3 0x8000a550 (0x01644433) x 8 0xfffffff6
core   0: 0x8000a554 (0x02bd8db3) mul     s11, s11, a1
core   0: 3 0x8000a554 (0x02bd8db3) x27 0x00000000
core   0: 0x8000a558 (0x00000c18) c.addi4spn a4, sp, 528
core   0: 3 0x8000a558 (0x0c18) x14 0x00000210
core   0: 0x8000a55a (0x0046e2b3) or      t0, a3, tp
core   0: 3 0x8000a55a (0x0046e2b3) x 5 0x00000001
core   0: 0x8000a55e (0x03dd4433) div     s0, s10, t4
core   0: 3 0x8000a55e (0x03dd4433) x 8 0x00000000
core   0: 0x8000a562 (0x038dc733) div     a4, s11, s8
core   0: 3 0x8000a562 (0x038dc733) x14 0x00000000
core   0: 0x8000a566 (0x4ee32993) slti    s3, t1, 1262
core   0: 3 0x8000a566 (0x4ee32993) x19 0x00000001
core   0: 0x8000a56a (0x000087e9) c.srai  a5, 26
core   0: 3 0x8000a56a (0x87e9) x15 0x00000001
core   0: 0x8000a56c (0x000085a2) c.mv    a1, s0
core   0: 3 0x8000a56c (0x85a2) x11 0x00000000
core   0: 0x8000a56e (0x96babb97) auipc   s7, 0x96bab
core   0: 3 0x8000a56e (0x96babb97) x23 0x16bb556e
core   0: 0x8000a572 (0x01ba8fb3) add     t6, s5, s11
core   0: 3 0x8000a572 (0x01ba8fb3) x31 0xfffffb65
core   0: 0x8000a576 (0x03e6ea63) bltu    a3, t5, pc + 52
core   0: 3 0x8000a576 (0x03e6ea63)
core   0: 0x8000a5aa (0x1187f013) andi    zero, a5, 280
core   0: 3 0x8000a5aa (0x1187f013)
core   0: 0x8000a5ae (0x00004381) c.li    t2, 0
core   0: 3 0x8000a5ae (0x4381) x 7 0x00000000
core   0: 0x8000a5b0 (0x024961b3) rem     gp, s2, tp
core   0: 3 0x8000a5b0 (0x024961b3) x 3 0x00000000
core   0: 0x8000a5b4 (0x0000cd91) c.beqz  a1, pc + 28
core   0: 3 0x8000a5b4 (0xcd91)
core   0: 0x8000a5d0 (0x000085a1) c.srai  a1, 8
core   0: 3 0x8000a5d0 (0x85a1) x11 0x00000000
core   0: 0x8000a5d2 (0x41a18ab3) sub     s5, gp, s10
core   0: 3 0x8000a5d2 (0x41a18ab3) x21 0x00000000
core   0: 0x8000a5d6 (0x000a7ab3) and     s5, s4, zero
core   0: 3 0x8000a5d6 (0x000a7ab3) x21 0x00000000
core   0: 0x8000a5da (0x00000001) c.nop
core   0: 3 0x8000a5da (0x0001)
core   0: 0x8000a5dc (0xf66cb413) sltiu   s0, s9, -154
core   0: 3 0x8000a5dc (0xf66cb413) x 8 0x00000001
core   0: 0x8000a5e0 (0x01437eb3) and     t4, t1, s4
core   0: 3 0x8000a5e0 (0x01437eb3) x29 0x00000000
core   0: 0x8000a5e4 (0x03a28033) mul     zero, t0, s10
core   0: 3 0x8000a5e4 (0x03a28033)
core   0: 0x8000a5e8 (0x00008361) c.srli  a4, 24
core   0: 3 0x8000a5e8 (0x8361) x14 0x00000000
core   0: 0x8000a5ea (0x4171d713) srai    a4, gp, 23
core   0: 3 0x8000a5ea (0x4171d713) x14 0x00000000
core   0: 0x8000a5ee (0x030973b3) remu    t2, s2, a6
core   0: 3 0x8000a5ee (0x030973b3) x 7 0x000012e1
core   0: 0x8000a5f2 (0x0000100f) fence.i
core   0: 3 0x8000a5f2 (0x0000100f)
core   0: 0x8000a5f6 (0x40dc0eb3) sub     t4, s8, a3
core   0: 3 0x8000a5f6 (0x40dc0eb3) x29 0x00000001
core   0: 0x8000a5fa (0x02994e63) blt     s2, s1, pc + 60
core   0: 3 0x8000a5fa (0x02994e63)
core   0: 0x8000a5fe (0x02bb3ab3) mulhu   s5, s6, a1
core   0: 3 0x8000a5fe (0x02bb3ab3) x21 0x00000000
core   0: 0x8000a602 (0x0376a833) mulhsu  a6, a3, s7
core   0: 3 0x8000a602 (0x0376a833) x16 0x00000000
core   0: 0x8000a606 (0x047e8163) beq     t4, t2, pc + 66
core   0: 3 0x8000a606 (0x047e8163)
core   0: 0x8000a60a (0x01011333) sll     t1, sp, a6
core   0: 3 0x8000a60a (0x01011333) x 6 0x00000000
core   0: 0x8000a60e (0x00000d8c) c.addi4spn a1, sp, 720
core   0: 3 0x8000a60e (0x0d8c) x11 0x000002d0
core   0: 0x8000a610 (0x00008df1) c.and   a1, a2
core   0: 3 0x8000a610 (0x8df1) x11 0x00000240
core   0: 0x8000a612 (0x000085d5) c.srai  a1, 21
core   0: 3 0x8000a612 (0x85d5) x11 0x00000000
core   0: 0x8000a614 (0x00f0c933) xor     s2, ra, a5
core   0: 3 0x8000a614 (0x00f0c933) x18 0x00000518
core   0: 0x8000a618 (0xa9e92b93) slti    s7, s2, -1378
core   0: 3 0x8000a618 (0xa9e92b93) x23 0x00000000
core   0: 0x8000a61c (0x014d1633) sll     a2, s10, s4
core   0: 3 0x8000a61c (0x014d1633) x12 0x00000000
core   0: 0x8000a620 (0x41fb5733) sra     a4, s6, t6
core   0: 3 0x8000a620 (0x41fb5733) x14 0x00000000
core   0: 0x8000a624 (0x4149d813) srai    a6, s3, 20
core   0: 3 0x8000a624 (0x4149d813) x16 0x00000000
core   0: 0x8000a628 (0x5cafff93) andi    t6, t6, 1482
core   0: 3 0x8000a628 (0x5cafff93) x31 0x00000140
core   0: 0x8000a62c (0x0000e995) c.bnez  a1, pc + 52
core   0: 3 0x8000a62c (0xe995)
core   0: 0x8000a62e (0x00009b8a) c.add   s7, sp
core   0: 3 0x8000a62e (0x9b8a) x23 0x00000000
core   0: 0x8000a630 (0x00008ecd) c.or    a3, a1
core   0: 3 0x8000a630 (0x8ecd) x13 0x00000000
core   0: 0x8000a632 (0x02134563) blt     t1, ra, pc + 42
core   0: 3 0x8000a632 (0x02134563)
core   0: 0x8000a65c (0x14b98d93) addi    s11, s3, 331
core   0: 3 0x8000a65c (0x14b98d93) x27 0x0000014c
core   0: 0x8000a660 (0x0000012e) c.slli  sp, 11
core   0: 3 0x8000a660 (0x012e) x 2 0x00000000
core   0: 0x8000a662 (0x03371d33) mulh    s10, a4, s3
core   0: 3 0x8000a662 (0x03371d33) x26 0x00000000
core   0: 0x8000a666 (0x029f9a63) bne     t6, s1, pc + 52
core   0: 3 0x8000a666 (0x029f9a63)
core   0: 0x8000a69a (0x0211c433) div     s0, gp, ra
core   0: 3 0x8000a69a (0x0211c433) x 8 0x00000000
core   0: 0x8000a69e (0x000082dd) c.srli  a3, 23
core   0: 3 0x8000a69e (0x82dd) x13 0x00000000
core   0: 0x8000a6a0 (0xad52c093) xori    ra, t0, -1323
core   0: 3 0x8000a6a0 (0xad52c093) x 1 0xfffffad4
core   0: 0x8000a6a4 (0x00001f90) c.addi4spn a2, sp, 1008
core   0: 3 0x8000a6a4 (0x1f90) x12 0x000003f0
core   0: 0x8000a6a6 (0x03e90833) mul     a6, s2, t5
core   0: 3 0x8000a6a6 (0x03e90833) x16 0xfffffae8
core   0: 0x8000a6aa (0xcf3e3b93) sltiu   s7, t3, -781
core   0: 3 0x8000a6aa (0xcf3e3b93) x23 0x00000001
core   0: 0x8000a6ae (0x00000001) c.nop
core   0: 3 0x8000a6ae (0x0001)
core   0: 0x8000a6b0 (0x00008f99) c.sub   a5, a4
core   0: 3 0x8000a6b0 (0x8f99) x15 0x00000001
core   0: 0x8000a6b2 (0x00008621) c.srai  a2, 8
core   0: 3 0x8000a6b2 (0x8621) x12 0x00000003
core   0: 0x8000a6b4 (0x0000076a) c.slli  a4, 26
core   0: 3 0x8000a6b4 (0x076a) x14 0x00000000
core   0: 0x8000a6b6 (0x02c40163) beq     s0, a2, pc + 34
core   0: 3 0x8000a6b6 (0x02c40163)
core   0: 0x8000a6ba (0x0130c6b3) xor     a3, ra, s3
core   0: 3 0x8000a6ba (0x0130c6b3) x13 0xfffffad5
core   0: 0x8000a6be (0x01150563) beq     a0, a7, pc + 10
core   0: 3 0x8000a6be (0x01150563)
core   0: 0x8000a6c2 (0x00004171) c.li    sp, 28
core   0: 3 0x8000a6c2 (0x4171) x 2 0x0000001c
core   0: 0x8000a6c4 (0x0147ab33) slt     s6, a5, s4
core   0: 3 0x8000a6c4 (0x0147ab33) x22 0x00000000
core   0: 0x8000a6c8 (0x4d3d9017) auipc   zero, 0x4d3d9
core   0: 3 0x8000a6c8 (0x4d3d9017)
core   0: 0x8000a6cc (0x03146733) rem     a4, s0, a7
core   0: 3 0x8000a6cc (0x03146733) x14 0x00000000
core   0: 0x8000a6d0 (0x00008fad) c.xor   a5, a1
core   0: 3 0x8000a6d0 (0x8fad) x15 0x00000001
core   0: 0x8000a6d2 (0x00008039) c.srli  s0, 14
core   0: 3 0x8000a6d2 (0x8039) x 8 0x00000000
core   0: 0x8000a6d4 (0x03a2d033) divu    zero, t0, s10
core   0: 3 0x8000a6d4 (0x03a2d033)
core   0: 0x8000a6d8 (0x0000982a) c.add   a6, a0
core   0: 3 0x8000a6d8 (0x982a) x16 0xfffffaf5
core   0: 0x8000a6da (0x0000033e) c.slli  t1, 15
core   0: 3 0x8000a6da (0x033e) x 6 0x00000000
core   0: 0x8000a6dc (0x402bdb13) srai    s6, s7, 2
core   0: 3 0x8000a6dc (0x402bdb13) x22 0x00000000
core   0: 0x8000a6e0 (0x4078d413) srai    s0, a7, 7
core   0: 3 0x8000a6e0 (0x4078d413) x 8 0xff0004bc
core   0: 0x8000a6e4 (0x02910233) mul     tp, sp, s1
core   0: 3 0x8000a6e4 (0x02910233) x 4 0x0000001c
core   0: 0x8000a6e8 (0x0000822d) c.srli  a2, 11
core   0: 3 0x8000a6e8 (0x822d) x12 0x00000000
core   0: 0x8000a6ea (0x0000e005) c.bnez  s0, pc + 32
core   0: 3 0x8000a6ea (0xe005)
core   0: 0x8000a70a (0x00008c0d) c.sub   s0, a1
core   0: 3 0x8000a70a (0x8c0d) x 8 0xff0004bc
core   0: 0x8000a70c (0x0000717d) c.addi16sp sp, -16
core   0: 3 0x8000a70c (0x717d) x 2 0x0000000c
core   0: 0x8000a70e (0x017206b3) add     a3, tp, s7
core   0: 3 0x8000a70e (0x017206b3) x13 0x0000001d
core   0: 0x8000a712 (0x0184d763) bge     s1, s8, pc + 14
core   0: 3 0x8000a712 (0x0184d763)
core   0: 0x8000a720 (0xb7cd7713) andi    a4, s10, -1156
core   0: 3 0x8000a720 (0xb7cd7713) x14 0x00000000
core   0: 0x8000a724 (0x00006441) c.lui   s0, 0x10
core   0: 3 0x8000a724 (0x6441) x 8 0x00010000
core   0: 0x8000a726 (0x00008c0d) c.sub   s0, a1
core   0: 3 0x8000a726 (0x8c0d) x 8 0x00010000
core   0: 0x8000a728 (0x0ff0000f) fence   iorw,iorw
core   0: 3 0x8000a728 (0x0ff0000f)
core   0: 0x8000a72c (0x01a551b3) srl     gp, a0, s10
core   0: 3 0x8000a72c (0x01a551b3) x 3 0x0000000d
core   0: 0x8000a730 (0x136d6213) ori     tp, s10, 310
core   0: 3 0x8000a730 (0x136d6213) x 4 0x00000136
core   0: 0x8000a734 (0x00009d0e) c.add   s10, gp
core   0: 3 0x8000a734 (0x9d0e) x26 0x0000000d
core   0: 0x8000a736 (0x00008cf5) c.and   s1, a3
core   0: 3 0x8000a736 (0x8cf5) x 9 0x00000001
core   0: 0x8000a738 (0x022fc733) div     a4, t6, sp
core   0: 3 0x8000a738 (0x022fc733) x14 0x0000001a
core   0: 0x8000a73c (0x00000d04) c.addi4spn s1, sp, 656
core   0: 3 0x8000a73c (0x0d04) x 9 0x0000029c
core   0: 0x8000a73e (0x00008ecd) c.or    a3, a1
core   0: 3 0x8000a73e (0x8ecd) x13 0x0000001d
core   0: 0x8000a740 (0x0000577d) c.li    a4, -1
core   0: 3 0x8000a740 (0x577d) x14 0xffffffff
core   0: 0x8000a742 (0x0007a3b3) slt     t2, a5, zero
core   0: 3 0x8000a742 (0x0007a3b3) x 7 0x00000000
core   0: 0x8000a746 (0x5fce89b7) lui     s3, 0x5fce8
core   0: 3 0x8000a746 (0x5fce89b7) x19 0x5fce8000
core   0: 0x8000a74a (0x0189ec63) bltu    s3, s8, pc + 24
core   0: 3 0x8000a74a (0x0189ec63)
core   0: 0x8000a74e (0x00885e63) bge     a6, s0, pc + 28
core   0: 3 0x8000a74e (0x00885e63)
core   0: 0x8000a752 (0x40548f33) sub     t5, s1, t0
core   0: 3 0x8000a752 (0x40548f33) x30 0x0000029b
core   0: 0x8000a756 (0x00b667b3) or      a5, a2, a1
core   0: 3 0x8000a756 (0x00b667b3) x15 0x00000000
core   0: 0x8000a75a (0x5d3f9d37) lui     s10, 0x5d3f9
core   0: 3 0x8000a75a (0x5d3f9d37) x26 0x5d3f9000
core   0: 0x8000a75e (0x00000c05) c.addi  s8, 1
core   0: 3 0x8000a75e (0x0c05) x24 0x00000002
core   0: 0x8000a760 (0x00000001) c.nop
core   0: 3 0x8000a760 (0x0001)
core   0: 0x8000a762 (0x00001a7d) c.addi  s4, -1
core   0: 3 0x8000a762 (0x1a7d) x20 0x00000000
core   0: 0x8000a764 (0x02870633) mul     a2, a4, s0
core   0: 3 0x8000a764 (0x02870633) x12 0xffff0000
core   0: 0x8000a768 (0x00008e1a) c.mv    t3, t1
core   0: 3 0x8000a768 (0x8e1a) x28 0x00000000
core   0: 0x8000a76a (0x02551c33) mulh    s8, a0, t0
core   0: 3 0x8000a76a (0x02551c33) x24 0x00000000
core   0: 0x8000a76e (0x00006935) c.lui   s2, 0xd
core   0: 3 0x8000a76e (0x6935) x18 0x0000d000
core   0: 0x8000a770 (0x0ff0000f) fence   iorw,iorw
core   0: 3 0x8000a770 (0x0ff0000f)
core   0: 0x8000a774 (0x000089ba) c.mv    s3, a4
core   0: 3 0x8000a774 (0x89ba) x19 0xffffffff
core   0: 0x8000a776 (0x00008dc5) c.or    a1, s1
core   0: 3 0x8000a776 (0x8dc5) x11 0x0000029c
core   0: 0x8000a778 (0x02a15e63) bge     sp, a0, pc + 60
core   0: 3 0x8000a778 (0x02a15e63)
core   0: 0x8000a77c (0x40efdab3) sra     s5, t6, a4
core   0: 3 0x8000a77c (0x40efdab3) x21 0x00000000
core   0: 0x8000a780 (0x02b91233) mulh    tp, s2, a1
core   0: 3 0x8000a780 (0x02b91233) x 4 0x00000000
core   0: 0x8000a784 (0x0390e133) rem     sp, ra, s9
core   0: 3 0x8000a784 (0x0390e133) x 2 0xfffffad4
core   0: 0x8000a788 (0x00008c49) c.or    s0, a0
core   0: 3 0x8000a788 (0x8c49) x 8 0x0001000d
core   0: 0x8000a78a (0x000083e5) c.srli  a5, 25
core   0: 3 0x8000a78a (0x83e5) x15 0x00000000
core   0: 0x8000a78c (0x01facab3) xor     s5, s5, t6
core   0: 3 0x8000a78c (0x01facab3) x21 0x00000140
core   0: 0x8000a790 (0x0ff0000f) fence   iorw,iorw
core   0: 3 0x8000a790 (0x0ff0000f)
core   0: 0x8000a794 (0x00008ebd) c.xor   a3, a5
core   0: 3 0x8000a794 (0x8ebd) x13 0x0000001d
core   0: 0x8000a796 (0x02a41b63) bne     s0, a0, pc + 54
core   0: 3 0x8000a796 (0x02a41b63)
core   0: 0x8000a7cc (0x00006409) c.lui   s0, 0x2
core   0: 3 0x8000a7cc (0x6409) x 8 0x00002000
core   0: 0x8000a7ce (0x0065d293) srli    t0, a1, 6
core   0: 3 0x8000a7ce (0x0065d293) x 5 0x0000000a
core   0: 0x8000a7d2 (0x023d9863) bne     s11, gp, pc + 48
core   0: 3 0x8000a7d2 (0x023d9863)
core   0: 0x8000a802 (0x00000001) c.nop
core   0: 3 0x8000a802 (0x0001)
core   0: 0x8000a804 (0x00008ffd) c.and   a5, a5
core   0: 3 0x8000a804 (0x8ffd) x15 0x00000000
core   0: 0x8000a806 (0x00006a91) c.lui   s5, 0x4
core   0: 3 0x8000a806 (0x6a91) x21 0x00004000
core   0: 0x8000a808 (0x0000e58d) c.bnez  a1, pc + 42
core   0: 3 0x8000a808 (0xe58d)
core   0: 0x8000a832 (0x00165763) bge     a2, ra, pc + 14
core   0: 3 0x8000a832 (0x00165763)
core   0: 0x8000a836 (0x01806263) bltu    zero, s8, pc + 4
core   0: 3 0x8000a836 (0x01806263)
core   0: 0x8000a83a (0x0000ce91) c.beqz  a3, pc + 28
core   0: 3 0x8000a83a (0xce91)
core   0: 0x8000a83c (0x0074db13) srli    s6, s1, 7
core   0: 3 0x8000a83c (0x0074db13) x22 0x00000005
core   0: 0x8000a840 (0x00721463) bne     tp, t2, pc + 8
core   0: 3 0x8000a840 (0x00721463)
core   0: 0x8000a844 (0x02ffc0b3) div     ra, t6, a5
core   0: 3 0x8000a844 (0x02ffc0b3) x 1 0xffffffff
core   0: 0x8000a848 (0x00da1d13) slli    s10, s4, 13
core   0: 3 0x8000a848 (0x00da1d13) x26 0x00000000
core   0: 0x8000a84c (0x00000001) c.nop
core   0: 3 0x8000a84c (0x0001)
core   0: 0x8000a84e (0x0253bdb3) mulhu   s11, t2, t0
core   0: 3 0x8000a84e (0x0253bdb3) x27 0x00000000
core   0: 0x8000a852 (0x25ddf993) andi    s3, s11, 605
core   0: 3 0x8000a852 (0x25ddf993) x19 0x00000000
core   0: 0x8000a856 (0x00028a33) add     s4, t0, zero
core   0: 3 0x8000a856 (0x00028a33) x20 0x0000000a
core   0: 0x8000a85a (0x00d99a93) slli    s5, s3, 13
core   0: 3 0x8000a85a (0x00d99a93) x21 0x00000000
core   0: 0x8000a85e (0x00008bd5) c.andi  a5, 21
core   0: 3 0x8000a85e (0x8bd5) x15 0x00000000
core   0: 0x8000a860 (0x00008e29) c.xor   a2, a0
core   0: 3 0x8000a860 (0x8e29) x12 0xffff000d
core   0: 0x8000a862 (0x000081be) c.mv    gp, a5
core   0: 3 0x8000a862 (0x81be) x 3 0x00000000
core   0: 0x8000a864 (0x000016fd) c.addi  a3, -1
core   0: 3 0x8000a864 (0x16fd) x13 0x0000001c
core   0: 0x8000a866 (0x00888db3) add     s11, a7, s0
core   0: 3 0x8000a866 (0x00888db3) x27 0x80027e64
core   0: 0x8000a86a (0x00008e19) c.sub   a2, a4
core   0: 3 0x8000a86a (0x8e19) x12 0xffff000e
core   0: 0x8000a86c (0x01c9ebb3) or      s7, s3, t3
core   0: 3 0x8000a86c (0x01c9ebb3) x23 0x00000000
core   0: 0x8000a870 (0x0016c4b3) xor     s1, a3, ra
core   0: 3 0x8000a870 (0x0016c4b3) x 9 0xffffffe3
core   0: 0x8000a874 (0x76a9ac13) slti    s8, s3, 1898
core   0: 3 0x8000a874 (0x76a9ac13) x24 0x00000001
core   0: 0x8000a878 (0x00ee3933) sltu    s2, t3, a4
core   0: 3 0x8000a878 (0x00ee3933) x18 0x00000001
core   0: 0x8000a87c (0x037c7063) bgeu    s8, s7, pc + 32
core   0: 3 0x8000a87c (0x037c7063)
core   0: 0x8000a89c (0x018a39b3) sltu    s3, s4, s8
core   0: 3 0x8000a89c (0x018a39b3) x19 0x00000000
core   0: 0x8000a8a0 (0x013cdd33) srl     s10, s9, s3
core   0: 3 0x8000a8a0 (0x013cdd33) x26 0x80029ce4
core   0: 0x8000a8a4 (0x02e942b3) div     t0, s2, a4
core   0: 3 0x8000a8a4 (0x02e942b3) x 5 0xffffffff
core   0: 0x8000a8a8 (0x407d5b33) sra     s6, s10, t2
core   0: 3 0x8000a8a8 (0x407d5b33) x22 0x80029ce4
core   0: 0x8000a8ac (0x00d67db3) and     s11, a2, a3
core   0: 3 0x8000a8ac (0x00d67db3) x27 0x0000000c
core   0: 0x8000a8b0 (0x00006da5) c.lui   s11, 0x9
core   0: 3 0x8000a8b0 (0x6da5) x27 0x00009000
core   0: 0x8000a8b2 (0x01b003b3) add     t2, zero, s11
core   0: 3 0x8000a8b2 (0x01b003b3) x 7 0x00009000
core   0: 0x8000a8b6 (0x03df54b3) divu    s1, t5, t4
core   0: 3 0x8000a8b6 (0x03df54b3) x 9 0x0000029b
core   0: 0x8000a8ba (0x028099b3) mulh    s3, ra, s0
core   0: 3 0x8000a8ba (0x028099b3) x19 0xffffffff
core   0: 0x8000a8be (0x000097ea) c.add   a5, s10
core   0: 3 0x8000a8be (0x97ea) x15 0x80029ce4
core   0: 0x8000a8c0 (0x00008a11) c.andi  a2, 4
core   0: 3 0x8000a8c0 (0x8a11) x12 0x00000004
core   0: 0x8000a8c2 (0xf730d637) lui     a2, 0xf730d
core   0: 3 0x8000a8c2 (0xf730d637) x12 0xf730d000
core   0: 0x8000a8c6 (0x0150d133) srl     sp, ra, s5
core   0: 3 0x8000a8c6 (0x0150d133) x 2 0xffffffff
core   0: 0x8000a8ca (0x00008ff9) c.and   a5, a4
core   0: 3 0x8000a8ca (0x8ff9) x15 0x80029ce4
core   0: 0x8000a8cc (0x038c23b3) mulhsu  t2, s8, s8
core   0: 3 0x8000a8cc (0x038c23b3) x 7 0x00000000
core   0: 0x8000a8d0 (0x02c017b3) mulh    a5, zero, a2
core   0: 3 0x8000a8d0 (0x02c017b3) x15 0x00000000
core   0: 0x8000a8d4 (0x0020d333) srl     t1, ra, sp
core   0: 3 0x8000a8d4 (0x0020d333) x 6 0x00000001
core   0: 0x8000a8d8 (0x00000001) c.nop
core   0: 3 0x8000a8d8 (0x0001)
core   0: 0x8000a8da (0x9276e793) ori     a5, a3, -1753
core   0: 3 0x8000a8da (0x9276e793) x15 0xfffff93f
core   0: 0x8000a8de (0x0000577d) c.li    a4, -1
core   0: 3 0x8000a8de (0x577d) x14 0xffffffff
core   0: 0x8000a8e0 (0x034b4233) div     tp, s6, s4
core   0: 3 0x8000a8e0 (0x034b4233) x 4 0xf3337617
core   0: 0x8000a8e4 (0x0ff0000f) fence   iorw,iorw
core   0: 3 0x8000a8e4 (0x0ff0000f)
core   0: 0x8000a8e8 (0x007826b3) slt     a3, a6, t2
core   0: 3 0x8000a8e8 (0x007826b3) x13 0x00000001
core   0: 0x8000a8ec (0x0121a2b3) slt     t0, gp, s2
core   0: 3 0x8000a8ec (0x0121a2b3) x 5 0x00000001
core   0: 0x8000a8f0 (0x00000d6d) c.addi  s10, 27
core   0: 3 0x8000a8f0 (0x0d6d) x26 0x80029cff
core   0: 0x8000a8f2 (0x02eeeab3) rem     s5, t4, a4
core   0: 3 0x8000a8f2 (0x02eeeab3) x21 0x00000000
core   0: 0x8000a8f6 (0x0380d133) divu    sp, ra, s8
core   0: 3 0x8000a8f6 (0x0380d133) x 2 0xffffffff
core   0: 0x8000a8fa (0x0000e30d) c.bnez  a4, pc + 34
core   0: 3 0x8000a8fa (0xe30d)
core   0: 0x8000a91c (0x00d11393) slli    t2, sp, 13
core   0: 3 0x8000a91c (0x00d11393) x 7 0xffffe000
core   0: 0x8000a920 (0x02405563) bge     zero, tp, pc + 42
core   0: 3 0x8000a920 (0x02405563)
core   0: 0x8000a94a (0x00369c13) slli    s8, a3, 3
core   0: 3 0x8000a94a (0x00369c13) x24 0x00000008
core   0: 0x8000a94e (0x000043bd) c.li    t2, 15
core   0: 3 0x8000a94e (0x43bd) x 7 0x0000000f
core   0: 0x8000a950 (0x04476063) bltu    a4, tp, pc + 64
core   0: 3 0x8000a950 (0x04476063)
core   0: 0x8000a954 (0x00009856) c.add   a6, s5
core   0: 3 0x8000a954 (0x9856) x16 0xfffffaf5
core   0: 0x8000a956 (0x0000817e) c.mv    sp, t6
core   0: 3 0x8000a956 (0x817e) x 2 0x00000140
core   0: 0x8000a958 (0x00000504) c.addi4spn s1, sp, 640
core   0: 3 0x8000a958 (0x0504) x 9 0x000003c0
core   0: 0x8000a95a (0x0ff0000f) fence   iorw,iorw
core   0: 3 0x8000a95a (0x0ff0000f)
core   0: 0x8000a95e (0x000085b9) c.srai  a1, 14
core   0: 3 0x8000a95e (0x85b9) x11 0x00000000
core   0: 0x8000a960 (0x038946b3) div     a3, s2, s8
core   0: 3 0x8000a960 (0x038946b3) x13 0x00000000
core   0: 0x8000a964 (0x01a95e93) srli    t4, s2, 26
core   0: 3 0x8000a964 (0x01a95e93) x29 0x00000000
core   0: 0x8000a968 (0x026ac363) blt     s5, t1, pc + 38
core   0: 3 0x8000a968 (0x026ac363)
core   0: 0x8000a98e (0x00008f85) c.sub   a5, s1
core   0: 3 0x8000a98e (0x8f85) x15 0xfffff57f
core   0: 0x8000a990 (0x00008f11) c.sub   a4, a2
core   0: 3 0x8000a990 (0x8f11) x14 0x08cf2fff
core   0: 0x8000a992 (0xaf2def37) lui     t5, 0xaf2de
core   0: 3 0x8000a992 (0xaf2def37) x30 0xaf2de000
core   0: 0x8000a996 (0x0000c309) c.beqz  a4, pc + 2
core   0: 3 0x8000a996 (0xc309)
core   0: 0x8000a998 (0x00008c76) c.mv    s8, t4
core   0: 3 0x8000a998 (0x8c76) x24 0x00000000
core   0: 0x8000a99a (0x03a740b3) div     ra, a4, s10
core   0: 3 0x8000a99a (0x03a740b3) x 1 0x00000000
core   0: 0x8000a99e (0x000086b9) c.srai  a3, 14
core   0: 3 0x8000a99e (0x86b9) x13 0x00000000
core   0: 0x8000a9a0 (0x8d71f913) andi    s2, gp, -1833
core   0: 3 0x8000a9a0 (0x8d71f913) x18 0x00000000
core   0: 0x8000a9a4 (0x037f4c63) blt     t5, s7, pc + 56
core   0: 3 0x8000a9a4 (0x037f4c63)
core   0: 0x8000a9dc (0x00008391) c.srli  a5, 4
core   0: 3 0x8000a9dc (0x8391) x15 0x0fffff57
core   0: 0x8000a9de (0x00008dc6) c.mv    s11, a7
core   0: 3 0x8000a9de (0x8dc6) x27 0x80025e64
core   0: 0x8000a9e0 (0xe0493b13) sltiu   s6, s2, -508
core   0: 3 0x8000a9e0 (0xe0493b13) x22 0x00000001
core   0: 0x8000a9e4 (0x41735d33) sra     s10, t1, s7
core   0: 3 0x8000a9e4 (0x41735d33) x26 0x00000001
core   0: 0x8000a9e8 (0x0ff0000f) fence   iorw,iorw
core   0: 3 0x8000a9e8 (0x0ff0000f)
core   0: 0x8000a9ec (0x417f5b33) sra     s6, t5, s7
core   0: 3 0x8000a9ec (0x417f5b33) x22 0xaf2de000
core   0: 0x8000a9f0 (0x00a15993) srli    s3, sp, 10
core   0: 3 0x8000a9f0 (0x00a15993) x19 0x00000000
core   0: 0x8000a9f4 (0x41fad013) srai    zero, s5, 31
core   0: 3 0x8000a9f4 (0x41fad013)
core   0: 0x8000a9f8 (0x0000717d) c.addi16sp sp, -16
core   0: 3 0x8000a9f8 (0x717d) x 2 0x00000130
core   0: 0x8000a9fa (0x00000001) c.nop
core   0: 3 0x8000a9fa (0x0001)
core   0: 0x8000a9fc (0x02ea7133) remu    sp, s4, a4
core   0: 3 0x8000a9fc (0x02ea7133) x 2 0x0000000a
core   0: 0x8000aa00 (0x81c83013) sltiu   zero, a6, -2020
core   0: 3 0x8000aa00 (0x81c83013)
core   0: 0x8000aa04 (0x40d684b3) sub     s1, a3, a3
core   0: 3 0x8000aa04 (0x40d684b3) x 9 0x00000000
core   0: 0x8000aa08 (0x00000a5a) c.slli  s4, 22
core   0: 3 0x8000aa08 (0x0a5a) x20 0x02800000
core   0: 0x8000aa0a (0x000082dd) c.srli  a3, 23
core   0: 3 0x8000aa0a (0x82dd) x13 0x00000000
core   0: 0x8000aa0c (0x00000001) c.nop
core   0: 3 0x8000aa0c (0x0001)
core   0: 0x8000aa0e (0x00559693) slli    a3, a1, 5
core   0: 3 0x8000aa0e (0x00559693) x13 0x00000000
core   0: 0x8000aa12 (0x03b1ef63) bltu    gp, s11, pc + 62
core   0: 3 0x8000aa12 (0x03b1ef63)
core   0: 0x8000aa50 (0x03139f33) mulh    t5, t2, a7
core   0: 3 0x8000aa50 (0x03139f33) x30 0xfffffff8
core   0: 0x8000aa54 (0x41490a33) sub     s4, s2, s4
core   0: 3 0x8000aa54 (0x41490a33) x20 0xfd800000
core   0: 0x8000aa58 (0x0000c185) c.beqz  a1, pc + 32
core   0: 3 0x8000aa58 (0xc185)
core   0: 0x8000aa78 (0x00000001) c.nop
core   0: 3 0x8000aa78 (0x0001)
core   0: 0x8000aa7a (0x000083b6) c.mv    t2, a3
core   0: 3 0x8000aa7a (0x83b6) x 7 0x00000000
core   0: 0x8000aa7c (0x031f6ab3) rem     s5, t5, a7
core   0: 3 0x8000aa7c (0x031f6ab3) x21 0xfffffff8
core   0: 0x8000aa80 (0x00000636) c.slli  a2, 13
core   0: 3 0x8000aa80 (0x0636) x12 0x1a000000
core   0: 0x8000aa82 (0x0000ed81) c.bnez  a1, pc + 24
core   0: 3 0x8000aa82 (0xed81)
core   0: 0x8000aa84 (0x0277e933) rem     s2, a5, t2
core   0: 3 0x8000aa84 (0x0277e933) x18 0x0fffff57
core   0: 0x8000aa88 (0x00001e7d) c.addi  t3, -1
core   0: 3 0x8000aa88 (0x1e7d) x28 0xffffffff
core   0: 0x8000aa8a (0x00d210b3) sll     ra, tp, a3
core   0: 3 0x8000aa8a (0x00d210b3) x 1 0xf3337617
core   0: 0x8000aa8e (0x031be863) bltu    s7, a7, pc + 48
core   0: 3 0x8000aa8e (0x031be863)
core   0: 0x8000aabe (0x02f1dfb3) divu    t6, gp, a5
core   0: 3 0x8000aabe (0x02f1dfb3) x31 0x00000000
core   0: 0x8000aac2 (0x419ad113) srai    sp, s5, 25
core   0: 3 0x8000aac2 (0x419ad113) x 2 0xffffffff
core   0: 0x8000aac6 (0x020c7063) bgeu    s8, zero, pc + 32
core   0: 3 0x8000aac6 (0x020c7063)
core   0: 0x8000aae6 (0x40cc5eb3) sra     t4, s8, a2
core   0: 3 0x8000aae6 (0x40cc5eb3) x29 0x00000000
core   0: 0x8000aaea (0x0000e289) c.bnez  a3, pc + 2
core   0: 3 0x8000aaea (0xe289)
core   0: 0x8000aaec (0x01d091b3) sll     gp, ra, t4
core   0: 3 0x8000aaec (0x01d091b3) x 3 0xf3337617
core   0: 0x8000aaf0 (0x000e9733) sll     a4, t4, zero
core   0: 3 0x8000aaf0 (0x000e9733) x14 0x00000000
core   0: 0x8000aaf4 (0xe2d3abb7) lui     s7, 0xe2d3a
core   0: 3 0x8000aaf4 (0xe2d3abb7) x23 0xe2d3a000
core   0: 0x8000aaf8 (0x40445b13) srai    s6, s0, 4
core   0: 3 0x8000aaf8 (0x40445b13) x22 0x00000200
core   0: 0x8000aafc (0x017ac663) blt     s5, s7, pc + 12
core   0: 3 0x8000aafc (0x017ac663)
core   0: 0x8000ab00 (0x3820ca13) xori    s4, ra, 898
core   0: 3 0x8000ab00 (0x3820ca13) x20 0xf3337595
core   0: 0x8000ab04 (0x02d4eb33) rem     s6, s1, a3
core   0: 3 0x8000ab04 (0x02d4eb33) x22 0x00000000
core   0: 0x8000ab08 (0x011d4e63) blt     s10, a7, pc + 28
core   0: 3 0x8000ab08 (0x011d4e63)
core   0: 0x8000ab0c (0x02226e63) bltu    tp, sp, pc + 60
core   0: 3 0x8000ab0c (0x02226e63)
core   0: 0x8000ab48 (0x00008625) c.srai  a2, 9
core   0: 3 0x8000ab48 (0x8625) x12 0x000d0000
core   0: 0x8000ab4a (0x0ff0000f) fence   iorw,iorw
core   0: 3 0x8000ab4a (0x0ff0000f)
core   0: 0x8000ab4e (0x00c96ab3) or      s5, s2, a2
core   0: 3 0x8000ab4e (0x00c96ab3) x21 0x0fffff57
core   0: 0x8000ab52 (0xbf593737) lui     a4, 0xbf593
core   0: 3 0x8000ab52 (0xbf593737) x14 0xbf593000
core   0: 0x8000ab56 (0xb43d8993) addi    s3, s11, -1213
core   0: 3 0x8000ab56 (0xb43d8993) x19 0x800259a7
core   0: 0x8000ab5a (0x41e1de93) srai    t4, gp, 30
core   0: 3 0x8000ab5a (0x41e1de93) x29 0xffffffff
core   0: 0x8000ab5e (0x00000aca) c.slli  s5, 18
core   0: 3 0x8000ab5e (0x0aca) x21 0xfd5c0000
core   0: 0x8000ab60 (0x01aae3b3) or      t2, s5, s10
core   0: 3 0x8000ab60 (0x01aae3b3) x 7 0xfd5c0001
core   0: 0x8000ab64 (0x00008dfd) c.and   a1, a5
core   0: 3 0x8000ab64 (0x8dfd) x11 0x00000000
core   0: 0x8000ab66 (0x00008c65) c.and   s0, s1
core   0: 3 0x8000ab66 (0x8c65) x 8 0x00000000
core   0: 0x8000ab68 (0x0000e3a1) c.bnez  a5, pc + 64
core   0: 3 0x8000ab68 (0xe3a1)
core   0: 0x8000aba8 (0x00008de5) c.and   a1, s1
core   0: 3 0x8000aba8 (0x8de5) x11 0x00000000
core   0: 0x8000abaa (0x0000940a) c.add   s0, sp
core   0: 3 0x8000abaa (0x940a) x 8 0xffffffff
core   0: 0x8000abac (0x011ebc33) sltu    s8, t4, a7
core   0: 3 0x8000abac (0x011ebc33) x24 0x00000000
core   0: 0x8000abb0 (0x0000094d) c.addi  s2, 19
core   0: 3 0x8000abb0 (0x094d) x18 0x0fffff6a
core   0: 0x8000abb2 (0x000050fd) c.li    ra, -1
core   0: 3 0x8000abb2 (0x50fd) x 1 0xffffffff
core   0: 0x8000abb4 (0x0195ce33) xor     t3, a1, s9
core   0: 3 0x8000abb4 (0x0195ce33) x28 0x80029ce4
core   0: 0x8000abb8 (0x030f8f33) mul     t5, t6, a6
core   0: 3 0x8000abb8 (0x030f8f33) x30 0x00000000
core   0: 0x8000abbc (0x00008635) c.srai  a2, 13
core   0: 3 0x8000abbc (0x8635) x12 0x00000068
core   0: 0x8000abbe (0x0000831d) c.srli  a4, 7
core   0: 3 0x8000abbe (0x831d) x14 0x017eb260
core   0: 0x8000abc0 (0x00008f65) c.and   a4, s1
core   0: 3 0x8000abc0 (0x8f65) x14 0x00000000
core   0: 0x8000abc2 (0x00497e33) and     t3, s2, tp
core   0: 3 0x8000abc2 (0x00497e33) x28 0x03337602
core   0: 0x8000abc6 (0x01fd1293) slli    t0, s10, 31
core   0: 3 0x8000abc6 (0x01fd1293) x 5 0x80000000
core   0: 0x8000abca (0x0368d063) bge     a7, s6, pc + 32
core   0: 3 0x8000abca (0x0368d063)
core   0: 0x8000abce (0x002929b3) slt     s3, s2, sp
core   0: 3 0x8000abce (0x002929b3) x19 0x00000000
core   0: 0x8000abd2 (0x01a54263) blt     a0, s10, pc + 4
core   0: 3 0x8000abd2 (0x01a54263)
core   0: 0x8000abd6 (0x03298d63) beq     s3, s2, pc + 58
core   0: 3 0x8000abd6 (0x03298d63)
core   0: 0x8000abda (0x0009abb3) slt     s7, s3, zero
core   0: 3 0x8000abda (0x0009abb3) x23 0x00000000
core   0: 0x8000abde (0x00009166) c.add   sp, s9
core   0: 3 0x8000abde (0x9166) x 2 0x80029ce3
core   0: 0x8000abe0 (0x02ff7db3) remu    s11, t5, a5
core   0: 3 0x8000abe0 (0x02ff7db3) x27 0x00000000
core   0: 0x8000abe4 (0x0000961e) c.add   a2, t2
core   0: 3 0x8000abe4 (0x961e) x12 0xfd5c0069
core   0: 0x8000abe6 (0x0bd7d037) lui     zero, 0xbd7d
core   0: 3 0x8000abe6 (0x0bd7d037)
core   0: 0x8000abea (0x01cc3833) sltu    a6, s8, t3
core   0: 3 0x8000abea (0x01cc3833) x16 0x00000001
core   0: 0x8000abee (0x00004bc9) c.li    s7, 18
core   0: 3 0x8000abee (0x4bc9) x23 0x00000012
core   0: 0x8000abf0 (0x401fdf33) sra     t5, t6, ra
core   0: 3 0x8000abf0 (0x401fdf33) x30 0x00000000
core   0: 0x8000abf4 (0x01e51213) slli    tp, a0, 30
core   0: 3 0x8000abf4 (0x01e51213) x 4 0x40000000
core   0: 0x8000abf8 (0x00000e0e) c.slli  t3, 3
core   0: 3 0x8000abf8 (0x0e0e) x28 0x199bb010
core   0: 0x8000abfa (0x00008fed) c.and   a5, a1
core   0: 3 0x8000abfa (0x8fed) x15 0x00000000
core   0: 0x8000abfc (0x009b1e93) slli    t4, s6, 9
core   0: 3 0x8000abfc (0x009b1e93) x29 0x00000000
core   0: 0x8000ac00 (0xea1a6a93) ori     s5, s4, -351
core   0: 3 0x8000ac00 (0xea1a6a93) x21 0xffffffb5
core   0: 0x8000ac04 (0x00008349) c.srli  a4, 18
core   0: 3 0x8000ac04 (0x8349) x14 0x00000000
core   0: 0x8000ac06 (0x000003ea) c.slli  t2, 26
core   0: 3 0x8000ac06 (0x03ea) x 7 0x04000000
core   0: 0x8000ac08 (0x03f605b3) mul     a1, a2, t6
core   0: 3 0x8000ac08 (0x03f605b3) x11 0x00000000
core   0: 0x8000ac0c (0x037d7233) remu    tp, s10, s7
core   0: 3 0x8000ac0c (0x037d7233) x 4 0x00000001
core   0: 0x8000ac10 (0x00008cdd) c.or    s1, a5
core   0: 3 0x8000ac10 (0x8cdd) x 9 0x00000000
core   0: 0x8000ac12 (0x022d2ab3) mulhsu  s5, s10, sp
core   0: 3 0x8000ac12 (0x022d2ab3) x21 0x00000000
core   0: 0x8000ac16 (0x4002d833) sra     a6, t0, zero
core   0: 3 0x8000ac16 (0x4002d833) x16 0x80000000
core   0: 0x8000ac1a (0x15af3b13) sltiu   s6, t5, 346
core   0: 3 0x8000ac1a (0x15af3b13) x22 0x00000001
core   0: 0x8000ac1e (0x00000001) c.nop
core   0: 3 0x8000ac1e (0x0001)
core   0: 0x8000ac20 (0xf115d997) auipc   s3, 0xf115d
core   0: 3 0x8000ac20 (0xf115d997) x19 0x71167c20
core   0: 0x8000ac24 (0x033e6fb3) rem     t6, t3, s3
core   0: 3 0x8000ac24 (0x033e6fb3) x31 0x199bb010
core   0: 0x8000ac28 (0x00000b89) c.addi  s7, 2
core   0: 3 0x8000ac28 (0x0b89) x23 0x00000014
core   0: 0x8000ac2a (0x000080b9) c.srli  s1, 14
core   0: 3 0x8000ac2a (0x80b9) x 9 0x00000000
core   0: 0x8000ac2c (0x0000100f) fence.i
core   0: 3 0x8000ac2c (0x0000100f)
core   0: 0x8000ac30 (0x000051fd) c.li    gp, -1
core   0: 3 0x8000ac30 (0x51fd) x 3 0xffffffff
core   0: 0x8000ac32 (0x02996063) bltu    s2, s1, pc + 32
core   0: 3 0x8000ac32 (0x02996063)
core   0: 0x8000ac36 (0x03d9e563) bltu    s3, t4, pc + 42
core   0: 3 0x8000ac36 (0x03d9e563)
core   0: 0x8000ac3a (0x0be48193) addi    gp, s1, 190
core   0: 3 0x8000ac3a (0x0be48193) x 3 0x000000be
core   0: 0x8000ac3e (0x0062cab3) xor     s5, t0, t1
core   0: 3 0x8000ac3e (0x0062cab3) x21 0x80000001
core   0: 0x8000ac42 (0x00006ecd) c.lui   t4, 0x13
core   0: 3 0x8000ac42 (0x6ecd) x29 0x00013000
core   0: 0x8000ac44 (0x10e6a313) slti    t1, a3, 270
core   0: 3 0x8000ac44 (0x10e6a313) x 6 0x00000001
core   0: 0x8000ac48 (0x032f33b3) mulhu   t2, t5, s2
core   0: 3 0x8000ac48 (0x032f33b3) x 7 0x00000000
core   0: 0x8000ac4c (0x00008c15) c.sub   s0, a3
core   0: 3 0x8000ac4c (0x8c15) x 8 0xffffffff
core   0: 0x8000ac4e (0x01fbd793) srli    a5, s7, 31
core   0: 3 0x8000ac4e (0x01fbd793) x15 0x00000000
core   0: 0x8000ac52 (0x00005a7d) c.li    s4, -1
core   0: 3 0x8000ac52 (0x5a7d) x20 0xffffffff
core   0: 0x8000ac54 (0x00008b65) c.andi  a4, 25
core   0: 3 0x8000ac54 (0x8b65) x14 0x00000000
core   0: 0x8000ac56 (0x01ab5d13) srli    s10, s6, 26
core   0: 3 0x8000ac56 (0x01ab5d13) x26 0x00000000
core   0: 0x8000ac5a (0x00000001) c.nop
core   0: 3 0x8000ac5a (0x0001)
core   0: 0x8000ac5c (0x0ff0000f) fence   iorw,iorw
core   0: 3 0x8000ac5c (0x0ff0000f)
core   0: 0x8000ac60 (0xe1713997) auipc   s3, 0xe1713
core   0: 3 0x8000ac60 (0xe1713997) x19 0x6171dc60
core   0: 0x8000ac64 (0x0000ee09) c.bnez  a2, pc + 26
core   0: 3 0x8000ac64 (0xee09)
core   0: 0x8000ac7e (0xc8398a13) addi    s4, s3, -893
core   0: 3 0x8000ac7e (0xc8398a13) x20 0x6171d8e3
core   0: 0x8000ac82 (0x00000001) c.nop
core   0: 3 0x8000ac82 (0x0001)
core   0: 0x8000ac84 (0x0136c663) blt     a3, s3, pc + 12
core   0: 3 0x8000ac84 (0x0136c663)
core   0: 0x8000ac90 (0x00000ee2) c.slli  t4, 24
core   0: 3 0x8000ac90 (0x0ee2) x29 0x00000000
core   0: 0x8000ac92 (0x0000100f) fence.i
core   0: 3 0x8000ac92 (0x0000100f)
core   0: 0x8000ac96 (0x00001d98) c.addi4spn a4, sp, 752
core   0: 3 0x8000ac96 (0x1d98) x14 0x80029fd3
core   0: 0x8000ac98 (0x55a16693) ori     a3, sp, 1370
core   0: 3 0x8000ac98 (0x55a16693) x13 0x80029dfb
core   0: 0x8000ac9c (0x40bf56b3) sra     a3, t5, a1
core   0: 3 0x8000ac9c (0x40bf56b3) x13 0x00000000
core   0: 0x8000aca0 (0x00009a7d) c.andi  a2, -1
core   0: 3 0x8000aca0 (0x9a7d) x12 0xfd5c0069
core   0: 0x8000aca2 (0x04715263) bge     sp, t2, pc + 68
core   0: 3 0x8000aca2 (0x04715263)
core   0: 0x8000aca6 (0x00009b7d) c.andi  a4, -1
core   0: 3 0x8000aca6 (0x9b7d) x14 0x80029fd3
core   0: 0x8000aca8 (0x0000037a) c.slli  t1, 30
core   0: 3 0x8000aca8 (0x037a) x 6 0x40000000
core   0: 0x8000acaa (0x012fc9b3) xor     s3, t6, s2
core   0: 3 0x8000acaa (0x012fc9b3) x19 0x16644f7a
core   0: 0x8000acae (0x0330fc33) remu    s8, ra, s3
core   0: 3 0x8000acae (0x0330fc33) x24 0x09b095c1
core   0: 0x8000acb2 (0x0411c063) blt     gp, ra, pc + 64
core   0: 3 0x8000acb2 (0x0411c063)
core   0: 0x8000acb6 (0x00005ffd) c.li    t6, -1
core   0: 3 0x8000acb6 (0x5ffd) x31 0xffffffff
core   0: 0x8000acb8 (0x02f44e33) div     t3, s0, a5
core   0: 3 0x8000acb8 (0x02f44e33) x28 0xffffffff
core   0: 0x8000acbc (0x03337d63) bgeu    t1, s3, pc + 58
core   0: 3 0x8000acbc (0x03337d63)
core   0: 0x8000acf6 (0x0000863d) c.srai  a2, 15
core   0: 3 0x8000acf6 (0x863d) x12 0xfffffab8
core   0: 0x8000acf8 (0x00bddab3) srl     s5, s11, a1
core   0: 3 0x8000acf8 (0x00bddab3) x21 0x00000000
core   0: 0x8000acfc (0x030345b3) div     a1, t1, a6
core   0: 3 0x8000acfc (0x030345b3) x11 0x00000000
core   0: 0x8000ad00 (0x027d96b3) mulh    a3, s11, t2
core   0: 3 0x8000ad00 (0x027d96b3) x13 0x00000000
core   0: 0x8000ad04 (0x00856db3) or      s11, a0, s0
core   0: 3 0x8000ad04 (0x00856db3) x27 0xffffffff
core   0: 0x8000ad08 (0x0000815a) c.mv    sp, s6
core   0: 3 0x8000ad08 (0x815a) x 2 0x00000001
core   0: 0x8000ad0a (0x40ba8eb3) sub     t4, s5, a1
core   0: 3 0x8000ad0a (0x40ba8eb3) x29 0x00000000
core   0: 0x8000ad0e (0x00008845) c.andi  s0, 17
core   0: 3 0x8000ad0e (0x8845) x 8 0x00000011
core   0: 0x8000ad10 (0x00008f31) c.xor   a4, a2
core   0: 3 0x8000ad10 (0x8f31) x14 0x7ffd656b
core   0: 0x8000ad12 (0x0aa04d37) lui     s10, 0xaa04
core   0: 3 0x8000ad12 (0x0aa04d37) x26 0x0aa04000
core   0: 0x8000ad16 (0x023eafb3) mulhsu  t6, t4, gp
core   0: 3 0x8000ad16 (0x023eafb3) x31 0x00000000
core   0: 0x8000ad1a (0x00008b3a) c.mv    s6, a4
core   0: 3 0x8000ad1a (0x8b3a) x22 0x7ffd656b
core   0: 0x8000ad1c (0x0000885d) c.andi  s0, 23
core   0: 3 0x8000ad1c (0x885d) x 8 0x00000011
core   0: 0x8000ad1e (0xe4fc2c17) auipc   s8, 0xe4fc2
core   0: 3 0x8000ad1e (0xe4fc2c17) x24 0x64fccd1e
core   0: 0x8000ad22 (0x01d67233) and     tp, a2, t4
core   0: 3 0x8000ad22 (0x01d67233) x 4 0x00000000
core   0: 0x8000ad26 (0x002665b3) or      a1, a2, sp
core   0: 3 0x8000ad26 (0x002665b3) x11 0xfffffab9
core   0: 0x8000ad2a (0x03538c33) mul     s8, t2, s5
core   0: 3 0x8000ad2a (0x03538c33) x24 0x00000000
core   0: 0x8000ad2e (0x995c6293) ori     t0, s8, -1643
core   0: 3 0x8000ad2e (0x995c6293) x 5 0xfffff995
core   0: 0x8000ad32 (0x021fcc63) blt     t6, ra, pc + 56
core   0: 3 0x8000ad32 (0x021fcc63)
core   0: 0x8000ad36 (0x001ef5b3) and     a1, t4, ra
core   0: 3 0x8000ad36 (0x001ef5b3) x11 0x00000000
core   0: 0x8000ad3a (0x01b17833) and     a6, sp, s11
core   0: 3 0x8000ad3a (0x01b17833) x16 0x00000001
core   0: 0x8000ad3e (0x0061d3b3) srl     t2, gp, t1
core   0: 3 0x8000ad3e (0x0061d3b3) x 7 0x000000be
core   0: 0x8000ad42 (0x0036c263) blt     a3, gp, pc + 4
core   0: 3 0x8000ad42 (0x0036c263)
core   0: 0x8000ad46 (0x02dad163) bge     s5, a3, pc + 34
core   0: 3 0x8000ad46 (0x02dad163)
core   0: 0x8000ad68 (0x00008341) c.srli  a4, 16
core   0: 3 0x8000ad68 (0x8341) x14 0x00007ffd
core   0: 0x8000ad6a (0xfd81a337) lui     t1, 0xfd81a
core   0: 3 0x8000ad6a (0xfd81a337) x 6 0xfd81a000
core   0: 0x8000ad6e (0x41cf0833) sub     a6, t5, t3
core   0: 3 0x8000ad6e (0x41cf0833) x16 0x00000001
core   0: 0x8000ad72 (0x012c57b3) srl     a5, s8, s2
core   0: 3 0x8000ad72 (0x012c57b3) x15 0x00000000
core   0: 0x8000ad76 (0x0ff0000f) fence   iorw,iorw
core   0: 3 0x8000ad76 (0x0ff0000f)
core   0: 0x8000ad7a (0x9a2393b7) lui     t2, 0x9a239
core   0: 3 0x8000ad7a (0x9a2393b7) x 7 0x9a239000
core   0: 0x8000ad7e (0x00000fc1) c.addi  t6, 16
core   0: 3 0x8000ad7e (0x0fc1) x31 0x00000010
core   0: 0x8000ad80 (0xde8f30b7) lui     ra, 0xde8f3
core   0: 3 0x8000ad80 (0xde8f30b7) x 1 0xde8f3000
core   0: 0x8000ad84 (0x02018b33) mul     s6, gp, zero
core   0: 3 0x8000ad84 (0x02018b33) x22 0x00000000
core   0: 0x8000ad88 (0x03a6ea33) rem     s4, a3, s10
core   0: 3 0x8000ad88 (0x03a6ea33) x20 0x00000000
core   0: 0x8000ad8c (0x0351f863) bgeu    gp, s5, pc + 48
core   0: 3 0x8000ad8c (0x0351f863)
core   0: 0x8000adbc (0x01c05e63) bge     zero, t3, pc + 28
core   0: 3 0x8000adbc (0x01c05e63)
core   0: 0x8000add8 (0x00008cc1) c.or    s1, s0
core   0: 3 0x8000add8 (0x8cc1) x 9 0x00000011
core   0: 0x8000adda (0x026c23b3) mulhsu  t2, s8, t1
core   0: 3 0x8000adda (0x026c23b3) x 7 0x00000000
core   0: 0x8000adde (0x00008b71) c.andi  a4, 28
core   0: 3 0x8000adde (0x8b71) x14 0x0000001c
core   0: 0x8000ade0 (0xea484d13) xori    s10, a6, -348
core   0: 3 0x8000ade0 (0xea484d13) x26 0xfffffea5
core   0: 0x8000ade4 (0x0000717d) c.addi16sp sp, -16
core   0: 3 0x8000ade4 (0x717d) x 2 0xfffffff1
core   0: 0x8000ade6 (0x01377eb3) and     t4, a4, s3
core   0: 3 0x8000ade6 (0x01377eb3) x29 0x00000018
core   0: 0x8000adea (0x0000100f) fence.i
core   0: 3 0x8000adea (0x0000100f)
core   0: 0x8000adee (0x00000518) c.addi4spn a4, sp, 640
core   0: 3 0x8000adee (0x0518) x14 0x00000271
core   0: 0x8000adf0 (0x01d66d63) bltu    a2, t4, pc + 26
core   0: 3 0x8000adf0 (0x01d66d63)
core   0: 0x8000adf4 (0x00008fd1) c.or    a5, a2
core   0: 3 0x8000adf4 (0x8fd1) x15 0xfffffab8
core   0: 0x8000adf6 (0x01dc0f33) add     t5, s8, t4
core   0: 3 0x8000adf6 (0x01dc0f33) x30 0x00000018
core   0: 0x8000adfa (0x02531eb3) mulh    t4, t1, t0
core   0: 3 0x8000adfa (0x02531eb3) x29 0x00000010
core   0: 0x8000adfe (0x03d329b3) mulhsu  s3, t1, t4
core   0: 3 0x8000adfe (0x03d329b3) x19 0xffffffff
core   0: 0x8000ae02 (0x4464e713) ori     a4, s1, 1094
core   0: 3 0x8000ae02 (0x4464e713) x14 0x00000457
core   0: 0x8000ae06 (0x54200993) li      s3, 1346
core   0: 3 0x8000ae06 (0x54200993) x19 0x00000542
core   0: 0x8000ae0a (0x026dc333) div     t1, s11, t1
core   0: 3 0x8000ae0a (0x026dc333) x 6 0x00000000
core   0: 0x8000ae0e (0x28edaf97) auipc   t6, 0x28eda
core   0: 3 0x8000ae0e (0x28edaf97) x31 0xa8ee4e0e
core   0: 0x8000ae12 (0x0139f433) and     s0, s3, s3
core   0: 3 0x8000ae12 (0x0139f433) x 8 0x00000542
core   0: 0x8000ae16 (0x032dbd33) mulhu   s10, s11, s2
core   0: 3 0x8000ae16 (0x032dbd33) x26 0x0fffff69
core   0: 0x8000ae1a (0x000098fd) c.andi  s1, -1
core   0: 3 0x8000ae1a (0x98fd) x 9 0x00000011
core   0: 0x8000ae1c (0x0354b2b3) mulhu   t0, s1, s5
core   0: 3 0x8000ae1c (0x0354b2b3) x 5 0x00000000
core   0: 0x8000ae20 (0x00000001) c.nop
core   0: 3 0x8000ae20 (0x0001)
core   0: 0x8000ae22 (0x01f16d33) or      s10, sp, t6
core   0: 3 0x8000ae22 (0x01f16d33) x26 0xffffffff
core   0: 0x8000ae26 (0x00008f8d) c.sub   a5, a1
core   0: 3 0x8000ae26 (0x8f8d) x15 0xfffffab8
core   0: 0x8000ae28 (0x849cf793) andi    a5, s9, -1975
core   0: 3 0x8000ae28 (0x849cf793) x15 0x80029840
core   0: 0x8000ae2c (0x01b880b3) add     ra, a7, s11
core   0: 3 0x8000ae2c (0x01b880b3) x 1 0x80025e63
core   0: 0x8000ae30 (0x00011197) auipc   gp, 0x11
core   0: 3 0x8000ae30 (0x00011197) x 3 0x8001be30
core   0: 0x8000ae34 (0x61318193) addi    gp, gp, 1555
core   0: 3 0x8000ae34 (0x61318193) x 3 0x8001c443
core   0: 0x8000ae38 (0xfc01c283) lbu     t0, -64(gp)
core   0: 3 0x8000ae38 (0xfc01c283) x 5 0x000000b8 mem 0x8001c403
core   0: 0x8000ae3c (0xfeb18aa3) sb      a1, -11(gp)
core   0: 3 0x8000ae3c (0xfeb18aa3) mem 0x8001c438 0x0
core   0: 0x8000ae40 (0x005b32b3) sltu    t0, s6, t0
core   0: 3 0x8000ae40 (0x005b32b3) x 5 0x00000001
core   0: 0x8000ae44 (0x00009296) c.add   t0, t0
core   0: 3 0x8000ae44 (0x9296) x 5 0x00000002
core   0: 0x8000ae46 (0x02018f23) sb      zero, 62(gp)
core   0: 3 0x8000ae46 (0x02018f23) mem 0x8001c481 0x0
core   0: 0x8000ae4a (0xfc31d703) lhu     a4, -61(gp)
core   0: 3 0x8000ae4a (0xfc31d703) x14 0x0000bcbd mem 0x8001c406
core   0: 0x8000ae4e (0x025db733) mulhu   a4, s11, t0
core   0: 3 0x8000ae4e (0x025db733) x14 0x00000001
core   0: 0x8000ae52 (0x00005b7d) c.li    s6, -1
core   0: 3 0x8000ae52 (0x5b7d) x22 0xffffffff
core   0: 0x8000ae54 (0xfe91c283) lbu     t0, -23(gp)
core   0: 3 0x8000ae54 (0xfe91c283) x 5 0x000000e7 mem 0x8001c42c
core   0: 0x8000ae58 (0x02e18723) sb      a4, 46(gp)
core   0: 3 0x8000ae58 (0x02e18723) mem 0x8001c471 0x1
core   0: 0x8000ae5c (0xfce18423) sb      a4, -56(gp)
core   0: 3 0x8000ae5c (0xfce18423) mem 0x8001c40b 0x1
core   0: 0x8000ae60 (0xfe418703) lb      a4, -28(gp)
core   0: 3 0x8000ae60 (0xfe418703) x14 0xffffffdc mem 0x8001c427
core   0: 0x8000ae64 (0x00008dad) c.xor   a1, a1
core   0: 3 0x8000ae64 (0x8dad) x11 0x00000000
core   0: 0x8000ae66 (0xfcc1c003) lbu     zero, -52(gp)
core   0: 3 0x8000ae66 (0xfcc1c003) mem 0x8001c40f
core   0: 0x8000ae6a (0x02b05db3) divu    s11, zero, a1
core   0: 3 0x8000ae6a (0x02b05db3) x27 0xffffffff
core   0: 0x8000ae6e (0xfc719003) lh      zero, -57(gp)
core   0: 3 0x8000ae6e (0xfc719003) mem 0x8001c40a
core   0: 0x8000ae72 (0x0362d733) divu    a4, t0, s6
core   0: 3 0x8000ae72 (0x0362d733) x14 0x00000000
core   0: 0x8000ae76 (0x02018523) sb      zero, 42(gp)
core   0: 3 0x8000ae76 (0x02018523) mem 0x8001c46d 0x0
core   0: 0x8000ae7a (0x01b18e23) sb      s11, 28(gp)
core   0: 3 0x8000ae7a (0x01b18e23) mem 0x8001c45f 0xff
core   0: 0x8000ae7e (0x016b45b3) xor     a1, s6, s6
core   0: 3 0x8000ae7e (0x016b45b3) x11 0x00000000
core   0: 0x8000ae82 (0x02b18aa3) sb      a1, 53(gp)
core   0: 3 0x8000ae82 (0x02b18aa3) mem 0x8001c478 0x0
core   0: 0x8000ae86 (0xfcb19283) lh      t0, -53(gp)
core   0: 3 0x8000ae86 (0xfcb19283) x 5 0xffffc4c5 mem 0x8001c40e
core   0: 0x8000ae8a (0x0061cb03) lbu     s6, 6(gp)
core   0: 3 0x8000ae8a (0x0061cb03) x22 0x00000002 mem 0x8001c449
core   0: 0x8000ae8e (0xffe1c283) lbu     t0, -2(gp)
core   0: 3 0x8000ae8e (0xffe1c283) x 5 0x000000fa mem 0x8001c441
core   0: 0x8000ae92 (0x00008f2d) c.xor   a4, a1
core   0: 3 0x8000ae92 (0x8f2d) x14 0x00000000
core   0: 0x8000ae94 (0x59b72593) slti    a1, a4, 1435
core   0: 3 0x8000ae94 (0x59b72593) x11 0x00000001
core   0: 0x8000ae98 (0x01618fa3) sb      s6, 31(gp)
core   0: 3 0x8000ae98 (0x01618fa3) mem 0x8001c462 0x2
core   0: 0x8000ae9c (0x00f01b13) slli    s6, zero, 15
core   0: 3 0x8000ae9c (0x00f01b13) x22 0x00000000
core   0: 0x8000aea0 (0x00000001) c.nop
core   0: 3 0x8000aea0 (0x0001)
core   0: 0x8000aea2 (0x03818703) lb      a4, 56(gp)
core   0: 3 0x8000aea2 (0x03818703) x14 0x00000030 mem 0x8001c47b
core   0: 0x8000aea6 (0x00000b4e) c.slli  s6, 19
core   0: 3 0x8000aea6 (0x0b4e) x22 0x00000000
core   0: 0x8000aea8 (0xff418583) lb      a1, -12(gp)
core   0: 3 0x8000aea8 (0xff418583) x11 0xffffffec mem 0x8001c437
core   0: 0x8000aeac (0xfe318003) lb      zero, -29(gp)
core   0: 3 0x8000aeac (0xfe318003) mem 0x8001c426
core   0: 0x8000aeb0 (0x02e182a3) sb      a4, 37(gp)
core   0: 3 0x8000aeb0 (0x02e182a3) mem 0x8001c468 0x30
core   0: 0x8000aeb4 (0xfeb18423) sb      a1, -24(gp)
core   0: 3 0x8000aeb4 (0xfeb18423) mem 0x8001c42b 0xec
core   0: 0x8000aeb8 (0xfce18ea3) sb      a4, -35(gp)
core   0: 3 0x8000aeb8 (0xfce18ea3) mem 0x8001c420 0x30
core   0: 0x8000aebc (0x0281c003) lbu     zero, 40(gp)
core   0: 3 0x8000aebc (0x0281c003) mem 0x8001c46b
core   0: 0x8000aec0 (0x00000001) c.nop
core   0: 3 0x8000aec0 (0x0001)
core   0: 0x8000aec2 (0x410e50b3) sra     ra, t3, a6
core   0: 3 0x8000aec2 (0x410e50b3) x 1 0xffffffff
core   0: 0x8000aec6 (0xbc9a3a13) sltiu   s4, s4, -1079
core   0: 3 0x8000aec6 (0xbc9a3a13) x20 0x00000001
core   0: 0x8000aeca (0x00008dc9) c.or    a1, a0
core   0: 3 0x8000aeca (0x8dc9) x11 0xffffffed
core   0: 0x8000aecc (0xb769a393) slti    t2, s3, -1162
core   0: 3 0x8000aecc (0xb769a393) x 7 0x00000000
core   0: 0x8000aed0 (0x016d2233) slt     tp, s10, s6
core   0: 3 0x8000aed0 (0x016d2233) x 4 0x00000001
core   0: 0x8000aed4 (0x00e250b3) srl     ra, tp, a4
core   0: 3 0x8000aed4 (0x00e250b3) x 1 0x00000000
core   0: 0x8000aed8 (0x00008691) c.srai  a3, 4
core   0: 3 0x8000aed8 (0x8691) x13 0x00000000
core   0: 0x8000aeda (0x0385a1b3) mulhsu  gp, a1, s8
core   0: 3 0x8000aeda (0x0385a1b3) x 3 0x00000000
core   0: 0x8000aede (0x0000e209) c.bnez  a2, pc + 2
core   0: 3 0x8000aede (0xe209)
core   0: 0x8000aee0 (0x032711b3) mulh    gp, a4, s2
core   0: 3 0x8000aee0 (0x032711b3) x 3 0x00000002
core   0: 0x8000aee4 (0x02d343b3) div     t2, t1, a3
core   0: 3 0x8000aee4 (0x02d343b3) x 7 0xffffffff
core   0: 0x8000aee8 (0x404cd013) srai    zero, s9, 4
core   0: 3 0x8000aee8 (0x404cd013)
core   0: 0x8000aeec (0x00008c61) c.and   s0, s0
core   0: 3 0x8000aeec (0x8c61) x 8 0x00000542
core   0: 0x8000aeee (0x00008795) c.srai  a5, 5
core   0: 3 0x8000aeee (0x8795) x15 0xfc0014c2
core   0: 0x8000aef0 (0x00008e9d) c.sub   a3, a5
core   0: 3 0x8000aef0 (0x8e9d) x13 0x03ffeb3e
core   0: 0x8000aef2 (0x02e83733) mulhu   a4, a6, a4
core   0: 3 0x8000aef2 (0x02e83733) x14 0x00000000
core   0: 0x8000aef6 (0x9d2de613) ori     a2, s11, -1582
core   0: 3 0x8000aef6 (0x9d2de613) x12 0xffffffff
core   0: 0x8000aefa (0x02bb3f33) mulhu   t5, s6, a1
core   0: 3 0x8000aefa (0x02bb3f33) x30 0x00000000
core   0: 0x8000aefe (0x04e04263) blt     zero, a4, pc + 68
core   0: 3 0x8000aefe (0x04e04263)
core   0: 0x8000af02 (0x03369e33) mulh    t3, a3, s3
core   0: 3 0x8000af02 (0x03369e33) x28 0x00000015
core   0: 0x8000af06 (0x0000987d) c.andi  s0, -1
core   0: 3 0x8000af06 (0x987d) x 8 0x00000542
core   0: 0x8000af08 (0x00000c26) c.slli  s8, 9
core   0: 3 0x8000af08 (0x0c26) x24 0x00000000
core   0: 0x8000af0a (0x0000100f) fence.i
core   0: 3 0x8000af0a (0x0000100f)
core   0: 0x8000af0e (0x00fe9433) sll     s0, t4, a5
core   0: 3 0x8000af0e (0x00fe9433) x 8 0x00000040
core   0: 0x8000af12 (0x00008699) c.srai  a3, 6
core   0: 3 0x8000af12 (0x8699) x13 0x000fffac
core   0: 0x8000af14 (0x523a6213) ori     tp, s4, 1315
core   0: 3 0x8000af14 (0x523a6213) x 4 0x00000523
core   0: 0x8000af18 (0xcd51fc13) andi    s8, gp, -811
core   0: 3 0x8000af18 (0xcd51fc13) x24 0x00000000
core   0: 0x8000af1c (0x0234cc33) div     s8, s1, gp
core   0: 3 0x8000af1c (0x0234cc33) x24 0x00000008
core   0: 0x8000af20 (0x00000680) c.addi4spn s0, sp, 832
core   0: 3 0x8000af20 (0x0680) x 8 0x00000331
core   0: 0x8000af22 (0x0ff0000f) fence   iorw,iorw
core   0: 3 0x8000af22 (0x0ff0000f)
core   0: 0x8000af26 (0x803dab93) slti    s7, s11, -2045
core   0: 3 0x8000af26 (0x803dab93) x23 0x00000000
core   0: 0x8000af2a (0xb2b47e93) andi    t4, s0, -1237
core   0: 3 0x8000af2a (0xb2b47e93) x29 0x00000321
core   0: 0x8000af2e (0x02dd2eb3) mulhsu  t4, s10, a3
core   0: 3 0x8000af2e (0x02dd2eb3) x29 0xffffffff
core   0: 0x8000af32 (0x01c32033) slt     zero, t1, t3
core   0: 3 0x8000af32 (0x01c32033)
core   0: 0x8000af36 (0x00000001) c.nop
core   0: 3 0x8000af36 (0x0001)
core   0: 0x8000af38 (0x00008c25) c.xor   s0, s1
core   0: 3 0x8000af38 (0x8c25) x 8 0x00000320
core   0: 0x8000af3a (0x01940b33) add     s6, s0, s9
core   0: 3 0x8000af3a (0x01940b33) x22 0x8002a004
core   0: 0x8000af3e (0x012b44b3) xor     s1, s6, s2
core   0: 3 0x8000af3e (0x012b44b3) x 9 0x8ffd5f6e
core   0: 0x8000af42 (0x00d47233) and     tp, s0, a3
core   0: 3 0x8000af42 (0x00d47233) x 4 0x00000320
core   0: 0x8000af46 (0x0000420d) c.li    tp, 3
core   0: 3 0x8000af46 (0x420d) x 4 0x00000003
core   0: 0x8000af48 (0x00000de1) c.addi  s11, 24
core   0: 3 0x8000af48 (0x0de1) x27 0x00000017
core   0: 0x8000af4a (0xb4d74693) xori    a3, a4, -1203
core   0: 3 0x8000af4a (0xb4d74693) x13 0xfffffb4d
core   0: 0x8000af4e (0x0013fc63) bgeu    t2, ra, pc + 24
core   0: 3 0x8000af4e (0x0013fc63)
core   0: 0x8000af66 (0xb8ae7b93) andi    s7, t3, -1142
core   0: 3 0x8000af66 (0xb8ae7b93) x23 0x00000000
core   0: 0x8000af6a (0x00148ab3) add     s5, s1, ra
core   0: 3 0x8000af6a (0x00148ab3) x21 0x8ffd5f6e
core   0: 0x8000af6e (0x00008321) c.srli  a4, 8
core   0: 3 0x8000af6e (0x8321) x14 0x00000000
core   0: 0x8000af70 (0x00315db3) srl     s11, sp, gp
core   0: 3 0x8000af70 (0x00315db3) x27 0x3ffffffc
core   0: 0x8000af74 (0x02b210b3) mulh    ra, tp, a1
core   0: 3 0x8000af74 (0x02b210b3) x 1 0xffffffff
core   0: 0x8000af78 (0x00006329) c.lui   t1, 0xa
core   0: 3 0x8000af78 (0x6329) x 6 0x0000a000
core   0: 0x8000af7a (0x00000b10) c.addi4spn a2, sp, 400
core   0: 3 0x8000af7a (0x0b10) x12 0x00000181
core   0: 0x8000af7c (0x0036b833) sltu    a6, a3, gp
core   0: 3 0x8000af7c (0x0036b833) x16 0x00000000
core   0: 0x8000af80 (0x0ff0000f) fence   iorw,iorw
core   0: 3 0x8000af80 (0x0ff0000f)
core   0: 0x8000af84 (0x00009b7d) c.andi  a4, -1
core   0: 3 0x8000af84 (0x9b7d) x14 0x00000000
core   0: 0x8000af86 (0x00001f18) c.addi4spn a4, sp, 944
core   0: 3 0x8000af86 (0x1f18) x14 0x000003a1
core   0: 0x8000af88 (0x0ff0000f) fence   iorw,iorw
core   0: 3 0x8000af88 (0x0ff0000f)
core   0: 0x8000af8c (0x028a4163) blt     s4, s0, pc + 34
core   0: 3 0x8000af8c (0x028a4163)
core   0: 0x8000afae (0x00001f7d) c.addi  t5, -1
core   0: 3 0x8000afae (0x1f7d) x30 0xffffffff
core   0: 0x8000afb0 (0x000040d5) c.li    ra, 21
core   0: 3 0x8000afb0 (0x40d5) x 1 0x00000015
core   0: 0x8000afb2 (0x745f8a37) lui     s4, 0x745f8
core   0: 3 0x8000afb2 (0x745f8a37) x20 0x745f8000
core   0: 0x8000afb6 (0x006dd763) bge     s11, t1, pc + 14
core   0: 3 0x8000afb6 (0x006dd763)
core   0: 0x8000afc4 (0x00e53033) sltu    zero, a0, a4
core   0: 3 0x8000afc4 (0x00e53033)
core   0: 0x8000afc8 (0x0000615d) c.addi16sp sp, 432
core   0: 3 0x8000afc8 (0x615d) x 2 0x000001a1
core   0: 0x8000afca (0x00008f09) c.sub   a4, a0
core   0: 3 0x8000afca (0x8f09) x14 0x00000394
core   0: 0x8000afcc (0x02c60263) beq     a2, a2, pc + 36
core   0: 3 0x8000afcc (0x02c60263)
core   0: 0x8000aff0 (0x0070c033) xor     zero, ra, t2
core   0: 3 0x8000aff0 (0x0070c033)
core   0: 0x8000aff4 (0x023fba33) mulhu   s4, t6, gp
core   0: 3 0x8000aff4 (0x023fba33) x20 0x00000001
core   0: 0x8000aff8 (0x405cda93) srai    s5, s9, 5
core   0: 3 0x8000aff8 (0x405cda93) x21 0xfc0014e7
core   0: 0x8000affc (0x006793b3) sll     t2, a5, t1
core   0: 3 0x8000affc (0x006793b3) x 7 0xfc0014c2
core   0: 0x8000b000 (0x0ff0000f) fence   iorw,iorw
core   0: 3 0x8000b000 (0x0ff0000f)
core   0: 0x8000b004 (0x41ffd833) sra     a6, t6, t6
core   0: 3 0x8000b004 (0x41ffd833) x16 0xfffea3b9
core   0: 0x8000b008 (0x00004d31) c.li    s10, 12
core   0: 3 0x8000b008 (0x4d31) x26 0x0000000c
core   0: 0x8000b00a (0x00009122) c.add   sp, s0
core   0: 3 0x8000b00a (0x9122) x 2 0x000004c1
core   0: 0x8000b00c (0x00008099) c.srli  s1, 6
core   0: 3 0x8000b00c (0x8099) x 9 0x023ff57d
core   0: 0x8000b00e (0x411bd713) srai    a4, s7, 17
core   0: 3 0x8000b00e (0x411bd713) x14 0x00000000
core   0: 0x8000b012 (0x032f6f33) rem     t5, t5, s2
core   0: 3 0x8000b012 (0x032f6f33) x30 0xffffffff
core   0: 0x8000b016 (0x00d75ab3) srl     s5, a4, a3
core   0: 3 0x8000b016 (0x00d75ab3) x21 0x00000000
core   0: 0x8000b01a (0x00535e93) srli    t4, t1, 5
core   0: 3 0x8000b01a (0x00535e93) x29 0x00000500
core   0: 0x8000b01e (0x009fd833) srl     a6, t6, s1
core   0: 3 0x8000b01e (0x009fd833) x16 0x00000005
core   0: 0x8000b022 (0x5315a417) auipc   s0, 0x5315a
core   0: 3 0x8000b022 (0x5315a417) x 8 0xd3165022
core   0: 0x8000b026 (0x40abd5b3) sra     a1, s7, a0
core   0: 3 0x8000b026 (0x40abd5b3) x11 0x00000000
core   0: 0x8000b02a (0x00008e15) c.sub   a2, a3
core   0: 3 0x8000b02a (0x8e15) x12 0x00000634
core   0: 0x8000b02c (0x03688763) beq     a7, s6, pc + 46
core   0: 3 0x8000b02c (0x03688763)
core   0: 0x8000b030 (0x00a35a93) srli    s5, t1, 10
core   0: 3 0x8000b030 (0x00a35a93) x21 0x00000028
core   0: 0x8000b034 (0x775c4913) xori    s2, s8, 1909
core   0: 3 0x8000b034 (0x775c4913) x18 0x0000077d
core   0: 0x8000b038 (0x01d2d713) srli    a4, t0, 29
core   0: 3 0x8000b038 (0x01d2d713) x14 0x00000000
core   0: 0x8000b03c (0x0000197d) c.addi  s2, -1
core   0: 3 0x8000b03c (0x197d) x18 0x0000077c
core   0: 0x8000b03e (0x00006b35) c.lui   s6, 0xd
core   0: 3 0x8000b03e (0x6b35) x22 0x0000d000
core   0: 0x8000b040 (0x03625433) divu    s0, tp, s6
core   0: 3 0x8000b040 (0x03625433) x 8 0x00000000
core   0: 0x8000b044 (0x00001218) c.addi4spn a4, sp, 288
core   0: 3 0x8000b044 (0x1218) x14 0x000005e1
core   0: 0x8000b046 (0x00008dd1) c.or    a1, a2
core   0: 3 0x8000b046 (0x8dd1) x11 0x00000634
core   0: 0x8000b048 (0x5c0dd717) auipc   a4, 0x5c0dd
core   0: 3 0x8000b048 (0x5c0dd717) x14 0xdc0e8048
core   0: 0x8000b04c (0x80e6ba93) sltiu   s5, a3, -2034
core   0: 3 0x8000b04c (0x80e6ba93) x21 0x00000000
core   0: 0x8000b050 (0x0000169c) c.addi4spn a5, sp, 864
core   0: 3 0x8000b050 (0x169c) x15 0x00000821
core   0: 0x8000b052 (0x0c88a4b7) lui     s1, 0xc88a
core   0: 3 0x8000b052 (0x0c88a4b7) x 9 0x0c88a000
core   0: 0x8000b056 (0x00aa0133) add     sp, s4, a0
core   0: 3 0x8000b056 (0x00aa0133) x 2 0x0000000e
core   0: 0x8000b05a (0x00000216) c.slli  tp, 5
core   0: 3 0x8000b05a (0x0216) x 4 0x00000060
core   0: 0x8000b05c (0x00006b2d) c.lui   s6, 0xb
core   0: 3 0x8000b05c (0x6b2d) x22 0x0000b000
core   0: 0x8000b05e (0x029b7063) bgeu    s6, s1, pc + 32
core   0: 3 0x8000b05e (0x029b7063)
core   0: 0x8000b062 (0x0ff0000f) fence   iorw,iorw
core   0: 3 0x8000b062 (0x0ff0000f)
core   0: 0x8000b066 (0x40585393) srai    t2, a6, 5
core   0: 3 0x8000b066 (0x40585393) x 7 0x00000000
core   0: 0x8000b06a (0x00008116) c.mv    sp, t0
core   0: 3 0x8000b06a (0x8116) x 2 0x000000fa
core   0: 0x8000b06c (0x98da7113) andi    sp, s4, -1651
core   0: 3 0x8000b06c (0x98da7113) x 2 0x00000001
core   0: 0x8000b070 (0x01509f93) slli    t6, ra, 21
core   0: 3 0x8000b070 (0x01509f93) x31 0x02a00000
core   0: 0x8000b074 (0x00000001) c.nop
core   0: 3 0x8000b074 (0x0001)
core   0: 0x8000b076 (0x0835f593) andi    a1, a1, 131
core   0: 3 0x8000b076 (0x0835f593) x11 0x00000000
core   0: 0x8000b07a (0x417754b3) sra     s1, a4, s7
core   0: 3 0x8000b07a (0x417754b3) x 9 0xdc0e8048
core   0: 0x8000b07e (0xb1637013) andi    zero, t1, -1258
core   0: 3 0x8000b07e (0xb1637013)
core   0: 0x8000b082 (0x01a0b733) sltu    a4, ra, s10
core   0: 3 0x8000b082 (0x01a0b733) x14 0x00000000
core   0: 0x8000b086 (0x00644b33) xor     s6, s0, t1
core   0: 3 0x8000b086 (0x00644b33) x22 0x0000a000
core   0: 0x8000b08a (0x00008c99) c.sub   s1, a4
core   0: 3 0x8000b08a (0x8c99) x 9 0xdc0e8048
core   0: 0x8000b08c (0x03c36933) rem     s2, t1, t3
core   0: 3 0x8000b08c (0x03c36933) x18 0x0000000a
core   0: 0x8000b090 (0x0000717d) c.addi16sp sp, -16
core   0: 3 0x8000b090 (0x717d) x 2 0xfffffff1
core   0: 0x8000b092 (0xc0592013) slti    zero, s2, -1019
core   0: 3 0x8000b092 (0xc0592013)
core   0: 0x8000b096 (0x038a6c63) bltu    s4, s8, pc + 56
core   0: 3 0x8000b096 (0x038a6c63)
core   0: 0x8000b0ce (0x03a38d63) beq     t2, s10, pc + 58
core   0: 3 0x8000b0ce (0x03a38d63)
core   0: 0x8000b0d2 (0x00008dad) c.xor   a1, a1
core   0: 3 0x8000b0d2 (0x8dad) x11 0x00000000
core   0: 0x8000b0d4 (0x01fd1eb3) sll     t4, s10, t6
core   0: 3 0x8000b0d4 (0x01fd1eb3) x29 0x0000000c
core   0: 0x8000b0d8 (0x01f8e1b3) or      gp, a7, t6
core   0: 3 0x8000b0d8 (0x01f8e1b3) x 3 0x82a25e64
core   0: 0x8000b0dc (0x000e7033) and     zero, t3, zero
core   0: 3 0x8000b0dc (0x000e7033)
core   0: 0x8000b0e0 (0xce8f4713) xori    a4, t5, -792
core   0: 3 0x8000b0e0 (0xce8f4713) x14 0x00000317
core   0: 0x8000b0e4 (0x000090a6) c.add   ra, s1
core   0: 3 0x8000b0e4 (0x90a6) x 1 0xdc0e805d
core   0: 0x8000b0e6 (0x00008cd5) c.or    s1, a3
core   0: 3 0x8000b0e6 (0x8cd5) x 9 0xfffffb4d
core   0: 0x8000b0e8 (0x7b773993) sltiu   s3, a4, 1975
core   0: 3 0x8000b0e8 (0x7b773993) x19 0x00000001
core   0: 0x8000b0ec (0x00000001) c.nop
core   0: 3 0x8000b0ec (0x0001)
core   0: 0x8000b0ee (0x03778733) mul     a4, a5, s7
core   0: 3 0x8000b0ee (0x03778733) x14 0x00000000
core   0: 0x8000b0f2 (0x008aa333) slt     t1, s5, s0
core   0: 3 0x8000b0f2 (0x008aa333) x 6 0x00000000
core   0: 0x8000b0f6 (0x00008815) c.andi  s0, 5
core   0: 3 0x8000b0f6 (0x8815) x 8 0x00000000
core   0: 0x8000b0f8 (0x00000001) c.nop
core   0: 3 0x8000b0f8 (0x0001)
core   0: 0x8000b0fa (0x01839763) bne     t2, s8, pc + 14
core   0: 3 0x8000b0fa (0x01839763)
core   0: 0x8000b108 (0x00e70013) addi    zero, a4, 14
core   0: 3 0x8000b108 (0x00e70013)
core   0: 0x8000b10c (0x0000137d) c.addi  t1, -1
core   0: 3 0x8000b10c (0x137d) x 6 0xffffffff
core   0: 0x8000b10e (0x00001f7d) c.addi  t5, -1
core   0: 3 0x8000b10e (0x1f7d) x30 0xfffffffe
core   0: 0x8000b110 (0x00009b7d) c.andi  a4, -1
core   0: 3 0x8000b110 (0x9b7d) x14 0x00000000
core   0: 0x8000b112 (0x03c6fd33) remu    s10, a3, t3
core   0: 3 0x8000b112 (0x03c6fd33) x26 0x00000013
core   0: 0x8000b116 (0x0276cf63) blt     a3, t2, pc + 62
core   0: 3 0x8000b116 (0x0276cf63)
core   0: 0x8000b154 (0x01fa3b33) sltu    s6, s4, t6
core   0: 3 0x8000b154 (0x01fa3b33) x22 0x00000001
core   0: 0x8000b158 (0x0ff0000f) fence   iorw,iorw
core   0: 3 0x8000b158 (0x0ff0000f)
core   0: 0x8000b15c (0x03bd7733) remu    a4, s10, s11
core   0: 3 0x8000b15c (0x03bd7733) x14 0x00000013
core   0: 0x8000b160 (0x00014117) auipc   sp, 0x14
core   0: 3 0x8000b160 (0x00014117) x 2 0x8001f160
core   0: 0x8000b164 (0x2cc10113) addi    sp, sp, 716
core   0: 3 0x8000b164 (0x2cc10113) x 2 0x8001f42c
core   0: 0x8000b168 (0x413189b3) sub     s3, gp, s3
core   0: 3 0x8000b168 (0x413189b3) x19 0x82a25e63
core   0: 0x8000b16c (0x000085c2) c.mv    a1, a6
core   0: 3 0x8000b16c (0x85c2) x11 0x00000005
core   0: 0x8000b16e (0x00620f33) add     t5, tp, t1
core   0: 3 0x8000b16e (0x00620f33) x30 0x0000005f
core   0: 0x8000b172 (0x00029b33) sll     s6, t0, zero
core   0: 3 0x8000b172 (0x00029b33) x22 0x000000fa
core   0: 0x8000b176 (0x000004c6) c.slli  s1, 17
core   0: 3 0x8000b176 (0x04c6) x 9 0xf69a0000
core   0: 0x8000b178 (0xf8610123) sb      t1, -126(sp)
core   0: 3 0x8000b178 (0xf8610123) mem 0x8001f3ae 0xff
core   0: 0x8000b17c (0x7b1103a3) sb      a7, 1959(sp)
core   0: 3 0x8000b17c (0x7b1103a3) mem 0x8001fbd3 0x64
core   0: 0x8000b180 (0x00cd5013) srli    zero, s10, 12
core   0: 3 0x8000b180 (0x00cd5013)
core   0: 0x8000b184 (0x00008e61) c.and   a2, s0
core   0: 3 0x8000b184 (0x8e61) x12 0x00000000
core   0: 0x8000b186 (0x00008ddd) c.or    a1, a5
core   0: 3 0x8000b186 (0x8ddd) x11 0x00000825
core   0: 0x8000b188 (0x0000137d) c.addi  t1, -1
core   0: 3 0x8000b188 (0x137d) x 6 0xfffffffe
core   0: 0x8000b18a (0x037196b3) mulh    a3, gp, s7
core   0: 3 0x8000b18a (0x037196b3) x13 0x00000000
core   0: 0x8000b18e (0xed011203) lh      tp, -304(sp)
core   0: 3 0x8000b18e (0xed011203) x 4 0xffffb6b7 mem 0x8001f2fc
core   0: 0x8000b192 (0x016f96b3) sll     a3, t6, s6
core   0: 3 0x8000b192 (0x016f96b3) x13 0x00000000
core   0: 0x8000b196 (0x000062c5) c.lui   t0, 0x11
core   0: 3 0x8000b196 (0x62c5) x 5 0x00011000
core   0: 0x8000b198 (0x00008345) c.srli  a4, 17
core   0: 3 0x8000b198 (0x8345) x14 0x00000000
core   0: 0x8000b19a (0xd1314003) lbu     zero, -749(sp)
core   0: 3 0x8000b19a (0xd1314003) mem 0x8001f13f
core   0: 0x8000b19e (0x63710703) lb      a4, 1591(sp)
core   0: 3 0x8000b19e (0x63710703) x14 0x00000018 mem 0x8001fa63
core   0: 0x8000b1a2 (0x37f14283) lbu     t0, 895(sp)
core   0: 3 0x8000b1a2 (0x37f14283) x 5 0x00000060 mem 0x8001f7ab
core   0: 0x8000b1a6 (0x5f314583) lbu     a1, 1523(sp)
core   0: 3 0x8000b1a6 (0x5f314583) x11 0x000000d4 mem 0x8001fa1f
core   0: 0x8000b1aa (0x00008de1) c.and   a1, s0
core   0: 3 0x8000b1aa (0x8de1) x11 0x00000000
core   0: 0x8000b1ac (0x00000001) c.nop
core   0: 3 0x8000b1ac (0x0001)
core   0: 0x8000b1ae (0xd2c12b03) lw      s6, -724(sp)
core   0: 3 0x8000b1ae (0xd2c12b03) x22 0x10111213 mem 0x8001f158
core   0: 0x8000b1b2 (0xb4010a83) lb      s5, -1216(sp)
core   0: 3 0x8000b1b2 (0xb4010a83) x21 0x00000027 mem 0x8001ef6c
core   0: 0x8000b1b6 (0x41d6df93) srai    t6, a3, 29
core   0: 3 0x8000b1b6 (0x41d6df93) x31 0x00000000
core   0: 0x8000b1ba (0x00bd07b3) add     a5, s10, a1
core   0: 3 0x8000b1ba (0x00bd07b3) x15 0x00000013
core   0: 0x8000b1be (0x95d14483) lbu     s1, -1699(sp)
core   0: 3 0x8000b1be (0x95d14483) x 9 0x00000042 mem 0x8001ed89
core   0: 0x8000b1c2 (0xa7114c03) lbu     s8, -1423(sp)
core   0: 3 0x8000b1c2 (0xa7114c03) x24 0x00000056 mem 0x8001ee9d
core   0: 0x8000b1c6 (0x00000086) c.slli  ra, 1
core   0: 3 0x8000b1c6 (0x0086) x 1 0xb81d00ba
core   0: 0x8000b1c8 (0x76e14983) lbu     s3, 1902(sp)
core   0: 3 0x8000b1c8 (0x76e14983) x19 0x00000051 mem 0x8001fb9a
core   0: 0x8000b1cc (0xac814a83) lbu     s5, -1336(sp)
core   0: 3 0x8000b1cc (0xac814a83) x21 0x000000af mem 0x8001eef4
core   0: 0x8000b1d0 (0x02ebc5b3) div     a1, s7, a4
core   0: 3 0x8000b1d0 (0x02ebc5b3) x11 0x00000000
core   0: 0x8000b1d4 (0x2de15283) lhu     t0, 734(sp)
core   0: 3 0x8000b1d4 (0x2de15283) x 5 0x0000c0c1 mem 0x8001f70a
core   0: 0x8000b1d8 (0x00006151) c.addi16sp sp, 272
core   0: 3 0x8000b1d8 (0x6151) x 2 0x8001f53c
core   0: 0x8000b1da (0x02ae7a63) bgeu    t3, a0, pc + 52
core   0: 3 0x8000b1da (0x02ae7a63)
core   0: 0x8000b20e (0x02679f63) bne     a5, t1, pc + 62
core   0: 3 0x8000b20e (0x02679f63)
core   0: 0x8000b24c (0xf393b713) sltiu   a4, t2, -199
core   0: 3 0x8000b24c (0xf393b713) x14 0x00000001
core   0: 0x8000b250 (0x036f15b3) mulh    a1, t5, s6
core   0: 3 0x8000b250 (0x036f15b3) x11 0x00000005
core   0: 0x8000b254 (0x03675ab3) divu    s5, a4, s6
core   0: 3 0x8000b254 (0x03675ab3) x21 0x00000000
core   0: 0x8000b258 (0x00efe263) bltu    t6, a4, pc + 4
core   0: 3 0x8000b258 (0x00efe263)
core   0: 0x8000b25c (0x02842bb3) mulhsu  s7, s0, s0
core   0: 3 0x8000b25c (0x02842bb3) x23 0x00000000
core   0: 0x8000b260 (0x37bf7a93) andi    s5, t5, 891
core   0: 3 0x8000b260 (0x37bf7a93) x21 0x0000005b
core   0: 0x8000b264 (0x00b85013) srli    zero, a6, 11
core   0: 3 0x8000b264 (0x00b85013)
core   0: 0x8000b268 (0x0018ee63) bltu    a7, ra, pc + 28
core   0: 3 0x8000b268 (0x0018ee63)
core   0: 0x8000b284 (0x00009ab6) c.add   s5, a3
core   0: 3 0x8000b284 (0x9ab6) x21 0x0000005b
core   0: 0x8000b286 (0x00008fa5) c.xor   a5, s1
core   0: 3 0x8000b286 (0x8fa5) x15 0x00000051
core   0: 0x8000b288 (0xcf5dc313) xori    t1, s11, -779
core   0: 3 0x8000b288 (0xcf5dc313) x 6 0xc0000309
core   0: 0x8000b28c (0xa036c417) auipc   s0, 0xa036c
core   0: 3 0x8000b28c (0xa036c417) x 8 0x2037728c
core   0: 0x8000b290 (0x00000001) c.nop
core   0: 3 0x8000b290 (0x0001)
core   0: 0x8000b292 (0x0000e005) c.bnez  s0, pc + 32
core   0: 3 0x8000b292 (0xe005)
core   0: 0x8000b2b2 (0x03299433) mulh    s0, s3, s2
core   0: 3 0x8000b2b2 (0x03299433) x 8 0x00000000
core   0: 0x8000b2b6 (0x0000eb05) c.bnez  a4, pc + 48
core   0: 3 0x8000b2b6 (0xeb05)
core   0: 0x8000b2e6 (0x0279ea33) rem     s4, s3, t2
core   0: 3 0x8000b2e6 (0x0279ea33) x20 0x00000051
core   0: 0x8000b2ea (0x03d20333) mul     t1, tp, t4
core   0: 3 0x8000b2ea (0x03d20333) x 6 0xfffc9094
core   0: 0x8000b2ee (0xb4374697) auipc   a3, 0xb4374
core   0: 3 0x8000b2ee (0xb4374697) x13 0x3437f2ee
core   0: 0x8000b2f2 (0x05c18163) beq     gp, t3, pc + 66
core   0: 3 0x8000b2f2 (0x05c18163)
core   0: 0x8000b2f6 (0x00008fdd) c.or    a5, a5
core   0: 3 0x8000b2f6 (0x8fdd) x15 0x00000051
core   0: 0x8000b2f8 (0xd7d07093) andi    ra, zero, -643
core   0: 3 0x8000b2f8 (0xd7d07093) x 1 0x00000000
core   0: 0x8000b2fc (0x0036bd33) sltu    s10, a3, gp
core   0: 3 0x8000b2fc (0x0036bd33) x26 0x00000001
core   0: 0x8000b300 (0x0000e591) c.bnez  a1, pc + 12
core   0: 3 0x8000b300 (0xe591)
core   0: 0x8000b30c (0x00008589) c.srai  a1, 2
core   0: 3 0x8000b30c (0x8589) x11 0x00000001
core   0: 0x8000b30e (0x00004bbd) c.li    s7, 15
core   0: 3 0x8000b30e (0x4bbd) x23 0x0000000f
core   0: 0x8000b310 (0x02ec9db3) mulh    s11, s9, a4
core   0: 3 0x8000b310 (0x02ec9db3) x27 0xffffffff
core   0: 0x8000b314 (0x4155da33) sra     s4, a1, s5
core   0: 3 0x8000b314 (0x4155da33) x20 0x00000000
core   0: 0x8000b318 (0x0116c033) xor     zero, a3, a7
core   0: 3 0x8000b318 (0x0116c033)
core   0: 0x8000b31c (0x009b7563) bgeu    s6, s1, pc + 10
core   0: 3 0x8000b31c (0x009b7563)
core   0: 0x8000b326 (0x00008e65) c.and   a2, s1
core   0: 3 0x8000b326 (0x8e65) x12 0x00000000
core   0: 0x8000b328 (0x70c62713) slti    a4, a2, 1804
core   0: 3 0x8000b328 (0x70c62713) x14 0x00000001
core   0: 0x8000b32c (0x00bea033) slt     zero, t4, a1
core   0: 3 0x8000b32c (0x00bea033)
core   0: 0x8000b330 (0x034240b3) div     ra, tp, s4
core   0: 3 0x8000b330 (0x034240b3) x 1 0xffffffff
core   0: 0x8000b334 (0x40d1db13) srai    s6, gp, 13
core   0: 3 0x8000b334 (0x40d1db13) x22 0xfffc1512
core   0: 0x8000b338 (0x0ff0000f) fence   iorw,iorw
core   0: 3 0x8000b338 (0x0ff0000f)
core   0: 0x8000b33c (0x00226bb3) or      s7, tp, sp
core   0: 3 0x8000b33c (0x00226bb3) x23 0xfffff7bf
core   0: 0x8000b340 (0x000007be) c.slli  a5, 15
core   0: 3 0x8000b340 (0x07be) x15 0x00288000
core   0: 0x8000b342 (0x0246b0b3) mulhu   ra, a3, tp
core   0: 3 0x8000b342 (0x0246b0b3) x 1 0x3437e3fb
core   0: 0x8000b346 (0x00008df2) c.mv    s11, t3
core   0: 3 0x8000b346 (0x8df2) x27 0x00000015
core   0: 0x8000b348 (0x02da74b3) remu    s1, s4, a3
core   0: 3 0x8000b348 (0x02da74b3) x 9 0x00000000
core   0: 0x8000b34c (0x00000716) c.slli  a4, 5
core   0: 3 0x8000b34c (0x0716) x14 0x00000020
core   0: 0x8000b34e (0x011e17b3) sll     a5, t3, a7
core   0: 3 0x8000b34e (0x011e17b3) x15 0x00000150
core   0: 0x8000b352 (0x000060a1) c.lui   ra, 0x8
core   0: 3 0x8000b352 (0x60a1) x 1 0x00008000
core   0: 0x8000b354 (0x012d05b3) add     a1, s10, s2
core   0: 3 0x8000b354 (0x012d05b3) x11 0x0000000b
core   0: 0x8000b358 (0x0000100f) fence.i
core   0: 3 0x8000b358 (0x0000100f)
core   0: 0x8000b35c (0x00209263) bne     ra, sp, pc + 4
core   0: 3 0x8000b35c (0x00209263)
core   0: 0x8000b360 (0x000009b6) c.slli  s3, 13
core   0: 3 0x8000b360 (0x09b6) x19 0x000a2000
core   0: 0x8000b362 (0x00008e0d) c.sub   a2, a1
core   0: 3 0x8000b362 (0x8e0d) x12 0xfffffff5
core   0: 0x8000b364 (0x02560ab3) mul     s5, a2, t0
core   0: 3 0x8000b364 (0x02560ab3) x21 0xfff7b7b5
core   0: 0x8000b368 (0x41fa0e93) addi    t4, s4, 1055
core   0: 3 0x8000b368 (0x41fa0e93) x29 0x0000041f
core   0: 0x8000b36c (0x024f2833) mulhsu  a6, t5, tp
core   0: 3 0x8000b36c (0x024f2833) x16 0x0000005e
core   0: 0x8000b370 (0x00009872) c.add   a6, t3
core   0: 3 0x8000b370 (0x9872) x16 0x00000073
core   0: 0x8000b372 (0x03235163) bge     t1, s2, pc + 34
core   0: 3 0x8000b372 (0x03235163)
core   0: 0x8000b376 (0x41db0933) sub     s2, s6, t4
core   0: 3 0x8000b376 (0x41db0933) x18 0xfffc10f3
core   0: 0x8000b37a (0xb0700393) li      t2, -1273
core   0: 3 0x8000b37a (0xb0700393) x 7 0xfffffb07
core   0: 0x8000b37e (0x0263e563) bltu    t2, t1, pc + 42
core   0: 3 0x8000b37e (0x0263e563)
core   0: 0x8000b382 (0x029ced33) rem     s10, s9, s1
core   0: 3 0x8000b382 (0x029ced33) x26 0x80029ce4
core   0: 0x8000b386 (0x0000ea99) c.bnez  a3, pc + 22
core   0: 3 0x8000b386 (0xea99)
core   0: 0x8000b39c (0x403b06b3) sub     a3, s6, gp
core   0: 3 0x8000b39c (0x403b06b3) x13 0x7d59b6ae
core   0: 0x8000b3a0 (0x00006f41) c.lui   t5, 0x10
core   0: 3 0x8000b3a0 (0x6f41) x30 0x00010000
core   0: 0x8000b3a2 (0x00006821) c.lui   a6, 0x8
core   0: 3 0x8000b3a2 (0x6821) x16 0x00008000
core   0: 0x8000b3a4 (0x000088c9) c.andi  s1, 18
core   0: 3 0x8000b3a4 (0x88c9) x 9 0x00000000
core   0: 0x8000b3a6 (0x000013fd) c.addi  t2, -1
core   0: 3 0x8000b3a6 (0x13fd) x 7 0xfffffb06
core   0: 0x8000b3a8 (0x409cd493) srai    s1, s9, 9
core   0: 3 0x8000b3a8 (0x409cd493) x 9 0xffc0014e
core   0: 0x8000b3ac (0x01175b33) srl     s6, a4, a7
core   0: 3 0x8000b3ac (0x01175b33) x22 0x00000002
core   0: 0x8000b3b0 (0x01df13b3) sll     t2, t5, t4
core   0: 3 0x8000b3b0 (0x01df13b3) x 7 0x00000000
core   0: 0x8000b3b4 (0x00008e85) c.sub   a3, s1
core   0: 3 0x8000b3b4 (0x8e85) x13 0x7d99b560
core   0: 0x8000b3b6 (0x0175e563) bltu    a1, s7, pc + 10
core   0: 3 0x8000b3b6 (0x0175e563)
core   0: 0x8000b3c0 (0x02a28e33) mul     t3, t0, a0
core   0: 3 0x8000b3c0 (0x02a28e33) x28 0x0009c9cd
core   0: 0x8000b3c4 (0xf9bddeb7) lui     t4, 0xf9bdd
core   0: 3 0x8000b3c4 (0xf9bddeb7) x29 0xf9bdd000
core   0: 0x8000b3c8 (0x00008245) c.srli  a2, 17
core   0: 3 0x8000b3c8 (0x8245) x12 0x00007fff
core   0: 0x8000b3ca (0x357bddb7) lui     s11, 0x357bd
core   0: 3 0x8000b3ca (0x357bddb7) x27 0x357bd000
core   0: 0x8000b3ce (0x007b26b3) slt     a3, s6, t2
core   0: 3 0x8000b3ce (0x007b26b3) x13 0x00000000
core   0: 0x8000b3d2 (0x0019e0b3) or      ra, s3, ra
core   0: 3 0x8000b3d2 (0x0019e0b3) x 1 0x000aa000
core   0: 0x8000b3d6 (0x025d92b3) mulh    t0, s11, t0
core   0: 3 0x8000b3d6 (0x025d92b3) x 5 0x00002845
core   0: 0x8000b3da (0x40d25493) srai    s1, tp, 13
core   0: 3 0x8000b3da (0x40d25493) x 9 0xfffffffd
core   0: 0x8000b3de (0x00006a97) auipc   s5, 0x6
core   0: 3 0x8000b3de (0x00006a97) x21 0x800113de
core   0: 0x8000b3e2 (0xb9da8a93) addi    s5, s5, -1123
core   0: 3 0x8000b3e2 (0xb9da8a93) x21 0x80010f7b
core   0: 0x8000b3e6 (0xffca8803) lb      a6, -4(s5)
core   0: 3 0x8000b3e6 (0xffca8803) x16 0x0000002c mem 0x80010f77
core   0: 0x8000b3ea (0x015519b3) sll     s3, a0, s5
core   0: 3 0x8000b3ea (0x015519b3) x19 0x68000000
core   0: 0x8000b3ee (0xfd7a8d23) sb      s7, -38(s5)
core   0: 3 0x8000b3ee (0xfd7a8d23) mem 0x80010f55 0xbf
core   0: 0x8000b3f2 (0x0000100f) fence.i
core   0: 3 0x8000b3f2 (0x0000100f)
core   0: 0x8000b3f6 (0x030ac983) lbu     s3, 48(s5)
core   0: 3 0x8000b3f6 (0x030ac983) x19 0x00000060 mem 0x80010fab
core   0: 0x8000b3fa (0x03616bb3) rem     s7, sp, s6
core   0: 3 0x8000b3fa (0x03616bb3) x23 0x00000000
core   0: 0x8000b3fe (0x00008c09) c.sub   s0, a0
core   0: 3 0x8000b3fe (0x8c09) x 8 0xfffffff3
core   0: 0x8000b400 (0xff5a9ba3) sh      s5, -9(s5)
core   0: 3 0x8000b400 (0xff5a9ba3) mem 0x80010f72 0x0f7b
core   0: 0x8000b404 (0x024a8123) sb      tp, 34(s5)
core   0: 3 0x8000b404 (0x024a8123) mem 0x80010f9d 0xb7
core   0: 0x8000b408 (0x03ca8783) lb      a5, 60(s5)
core   0: 3 0x8000b408 (0x03ca8783) x15 0x0000006c mem 0x80010fb7
core   0: 0x8000b40c (0x032a8c23) sb      s2, 56(s5)
core   0: 3 0x8000b40c (0x032a8c23) mem 0x80010fb3 0xf3
core   0: 0x8000b410 (0x0000972e) c.add   a4, a1
core   0: 3 0x8000b410 (0x972e) x14 0x0000002b
core   0: 0x8000b412 (0x00009bf6) c.add   s7, t4
core   0: 3 0x8000b412 (0x9bf6) x23 0xf9bdd000
core   0: 0x8000b414 (0xffca8483) lb      s1, -4(s5)
core   0: 3 0x8000b414 (0xffca8483) x 9 0x0000002c mem 0x80010f77
core   0: 0x8000b418 (0xfc5aa903) lw      s2, -59(s5)
core   0: 3 0x8000b418 (0xfc5aa903) x18 0xf8f9fafb mem 0x80010f40
core   0: 0x8000b41c (0xff5ad083) lhu     ra, -11(s5)
core   0: 3 0x8000b41c (0xff5ad083) x 1 0x00002a2b mem 0x80010f70
core   0: 0x8000b420 (0xff8ac903) lbu     s2, -8(s5)
core   0: 3 0x8000b420 (0xff8ac903) x18 0x0000000f mem 0x80010f73
core   0: 0x8000b424 (0x00004491) c.li    s1, 4
core   0: 3 0x8000b424 (0x4491) x 9 0x00000004
core   0: 0x8000b426 (0xfd5a8b83) lb      s7, -43(s5)
core   0: 3 0x8000b426 (0xfd5a8b83) x23 0x0000000b mem 0x80010f50
core   0: 0x8000b42a (0x016a8083) lb      ra, 22(s5)
core   0: 3 0x8000b42a (0x016a8083) x 1 0x0000004a mem 0x80010f91
core   0: 0x8000b42e (0x60a97c37) lui     s8, 0x60a97
core   0: 3 0x8000b42e (0x60a97c37) x24 0x60a97000
core   0: 0x8000b432 (0x005a8783) lb      a5, 5(s5)
core   0: 3 0x8000b432 (0x005a8783) x15 0x0000003b mem 0x80010f80
core   0: 0x8000b436 (0x01ddce33) xor     t3, s11, t4
core   0: 3 0x8000b436 (0x01ddce33) x28 0xccc60000
core   0: 0x8000b43a (0x03e9c933) div     s2, s3, t5
core   0: 3 0x8000b43a (0x03e9c933) x18 0x00000000
core   0: 0x8000b43e (0x023acd03) lbu     s10, 35(s5)
core   0: 3 0x8000b43e (0x023acd03) x26 0x00000055 mem 0x80010f9e
core   0: 0x8000b442 (0x01d13c33) sltu    s8, sp, t4
core   0: 3 0x8000b442 (0x01d13c33) x24 0x00000001
core   0: 0x8000b446 (0xfe5ac103) lbu     sp, -27(s5)
core   0: 3 0x8000b446 (0xfe5ac103) x 2 0x0000001b mem 0x80010f60
core   0: 0x8000b44a (0x011aa383) lw      t2, 17(s5)
core   0: 3 0x8000b44a (0x011aa383) x 7 0x44454647 mem 0x80010f8c
core   0: 0x8000b44e (0x00aacb03) lbu     s6, 10(s5)
core   0: 3 0x8000b44e (0x00aacb03) x22 0x0000003e mem 0x80010f85
core   0: 0x8000b452 (0x00fac003) lbu     zero, 15(s5)
core   0: 3 0x8000b452 (0x00fac003) mem 0x80010f8a
core   0: 0x8000b456 (0x023a9783) lh      a5, 35(s5)
core   0: 3 0x8000b456 (0x023a9783) x15 0x00005455 mem 0x80010f9e
core   0: 0x8000b45a (0x05ca8023) sb      t3, 64(s5)
core   0: 3 0x8000b45a (0x05ca8023) mem 0x80010fbb 0x0
core   0: 0x8000b45e (0x00006461) c.lui   s0, 0x18
core   0: 3 0x8000b45e (0x6461) x 8 0x00018000
core   0: 0x8000b460 (0xfefa8523) sb      a5, -22(s5)
core   0: 3 0x8000b460 (0xfefa8523) mem 0x80010f65 0x55
core   0: 0x8000b464 (0xfd4ac383) lbu     t2, -44(s5)
core   0: 3 0x8000b464 (0xfd4ac383) x 7 0x00000004 mem 0x80010f4f
core   0: 0x8000b468 (0x033a8323) sb      s3, 38(s5)
core   0: 3 0x8000b468 (0x033a8323) mem 0x80010fa1 0x60
core   0: 0x8000b46c (0x405e5113) srai    sp, t3, 5
core   0: 3 0x8000b46c (0x405e5113) x 2 0xfe663000
core   0: 0x8000b470 (0x00008cf9) c.and   s1, a4
core   0: 3 0x8000b470 (0x8cf9) x 9 0x00000000
core   0: 0x8000b472 (0x01191fb3) sll     t6, s2, a7
core   0: 3 0x8000b472 (0x01191fb3) x31 0x00000000
core   0: 0x8000b476 (0x02cf4b63) blt     t5, a2, pc + 54
core   0: 3 0x8000b476 (0x02cf4b63)
core   0: 0x8000b47a (0x8b976e97) auipc   t4, 0x8b976
core   0: 3 0x8000b47a (0x8b976e97) x29 0x0b98147a
core   0: 0x8000b47e (0x0000870d) c.srai  a4, 3
core   0: 3 0x8000b47e (0x870d) x14 0x00000005
core   0: 0x8000b480 (0xba148193) addi    gp, s1, -1119
core   0: 3 0x8000b480 (0xba148193) x 3 0xfffffba1
core   0: 0x8000b484 (0x03c7e1b3) rem     gp, a5, t3
core   0: 3 0x8000b484 (0x03c7e1b3) x 3 0x00005455
core   0: 0x8000b488 (0x01beff63) bgeu    t4, s11, pc + 30
core   0: 3 0x8000b488 (0x01beff63)
core   0: 0x8000b48c (0x029dda33) divu    s4, s11, s1
core   0: 3 0x8000b48c (0x029dda33) x20 0xffffffff
core   0: 0x8000b490 (0x1305ae93) slti    t4, a1, 304
core   0: 3 0x8000b490 (0x1305ae93) x29 0x00000001
core   0: 0x8000b494 (0x00000001) c.nop
core   0: 3 0x8000b494 (0x0001)
core   0: 0x8000b496 (0x0372b133) mulhu   sp, t0, s7
core   0: 3 0x8000b496 (0x0372b133) x 2 0x00000000
core   0: 0x8000b49a (0x41740933) sub     s2, s0, s7
core   0: 3 0x8000b49a (0x41740933) x18 0x00017ff5
core   0: 0x8000b49e (0x1af10b93) addi    s7, sp, 431
core   0: 3 0x8000b49e (0x1af10b93) x23 0x000001af
core   0: 0x8000b4a2 (0xfbef1c37) lui     s8, 0xfbef1
core   0: 3 0x8000b4a2 (0xfbef1c37) x24 0xfbef1000
core   0: 0x8000b4a6 (0x00006d65) c.lui   s10, 0x19
core   0: 3 0x8000b4a6 (0x6d65) x26 0x00019000
core   0: 0x8000b4a8 (0x00000001) c.nop
core   0: 3 0x8000b4a8 (0x0001)
core   0: 0x8000b4aa (0x00000001) c.nop
core   0: 3 0x8000b4aa (0x0001)
core   0: 0x8000b4ac (0x01b95733) srl     a4, s2, s11
core   0: 3 0x8000b4ac (0x01b95733) x14 0x00017ff5
core   0: 0x8000b4b0 (0x50152713) slti    a4, a0, 1281
core   0: 3 0x8000b4b0 (0x50152713) x14 0x00000001
core   0: 0x8000b4b4 (0x000098fd) c.andi  s1, -1
core   0: 3 0x8000b4b4 (0x98fd) x 9 0x00000000
core   0: 0x8000b4b6 (0x039a4eb3) div     t4, s4, s9
core   0: 3 0x8000b4b6 (0x039a4eb3) x29 0x00000000
core   0: 0x8000b4ba (0x00008331) c.srli  a4, 12
core   0: 3 0x8000b4ba (0x8331) x14 0x00000000
core   0: 0x8000b4bc (0x0ff0000f) fence   iorw,iorw
core   0: 3 0x8000b4bc (0x0ff0000f)
core   0: 0x8000b4c0 (0x0000e71d) c.bnez  a4, pc + 46
core   0: 3 0x8000b4c0 (0xe71d)
core   0: 0x8000b4c2 (0x00009e9e) c.add   t4, t2
core   0: 3 0x8000b4c2 (0x9e9e) x29 0x00000004
core   0: 0x8000b4c4 (0x6af38d93) addi    s11, t2, 1711
core   0: 3 0x8000b4c4 (0x6af38d93) x27 0x000006b3
core   0: 0x8000b4c8 (0x0ff0000f) fence   iorw,iorw
core   0: 3 0x8000b4c8 (0x0ff0000f)
core   0: 0x8000b4cc (0xb22b7f13) andi    t5, s6, -1246
core   0: 3 0x8000b4cc (0xb22b7f13) x30 0x00000022
core   0: 0x8000b4d0 (0x00008dbd) c.xor   a1, a5
core   0: 3 0x8000b4d0 (0x8dbd) x11 0x0000545e
core   0: 0x8000b4d2 (0x941ffb13) andi    s6, t6, -1727
core   0: 3 0x8000b4d2 (0x941ffb13) x22 0x00000000
core   0: 0x8000b4d6 (0x00008da1) c.xor   a1, s0
core   0: 3 0x8000b4d6 (0x8da1) x11 0x0001d45e
core   0: 0x8000b4d8 (0x00006119) c.addi16sp sp, 384
core   0: 3 0x8000b4d8 (0x6119) x 2 0x00000180
core   0: 0x8000b4da (0x0211c363) blt     gp, ra, pc + 38
core   0: 3 0x8000b4da (0x0211c363)
core   0: 0x8000b4de (0x02f82333) mulhsu  t1, a6, a5
core   0: 3 0x8000b4de (0x02f82333) x 6 0x00000000
core   0: 0x8000b4e2 (0x40da5093) srai    ra, s4, 13
core   0: 3 0x8000b4e2 (0x40da5093) x 1 0xffffffff
core   0: 0x8000b4e6 (0x00008e15) c.sub   a2, a3
core   0: 3 0x8000b4e6 (0x8e15) x12 0x00007fff
core   0: 0x8000b4e8 (0x02727333) remu    t1, tp, t2
core   0: 3 0x8000b4e8 (0x02727333) x 6 0x00000003
core   0: 0x8000b4ec (0x00008ca1) c.xor   s1, s0
core   0: 3 0x8000b4ec (0x8ca1) x 9 0x00018000
core   0: 0x8000b4ee (0x2bf47d93) andi    s11, s0, 703
core   0: 3 0x8000b4ee (0x2bf47d93) x27 0x00000000
core   0: 0x8000b4f2 (0x1f70dc17) auipc   s8, 0x1f70d
core   0: 3 0x8000b4f2 (0x1f70dc17) x24 0x9f7184f2
core   0: 0x8000b4f6 (0x014b9693) slli    a3, s7, 20
core   0: 3 0x8000b4f6 (0x014b9693) x13 0x1af00000
core   0: 0x8000b4fa (0x02d85a33) divu    s4, a6, a3
core   0: 3 0x8000b4fa (0x02d85a33) x20 0x00000000
core   0: 0x8000b4fe (0x00008e41) c.or    a2, s0
core   0: 3 0x8000b4fe (0x8e41) x12 0x0001ffff
core   0: 0x8000b500 (0x003212b3) sll     t0, tp, gp
core   0: 3 0x8000b500 (0x003212b3) x 5 0xd6e00000
core   0: 0x8000b504 (0x0000662d) c.lui   a2, 0xb
core   0: 3 0x8000b504 (0x662d) x12 0x0000b000
core   0: 0x8000b506 (0x3e2dea93) ori     s5, s11, 994
core   0: 3 0x8000b506 (0x3e2dea93) x21 0x000003e2
core   0: 0x8000b50a (0xf640f913) andi    s2, ra, -156
core   0: 3 0x8000b50a (0xf640f913) x18 0xffffff64
core   0: 0x8000b50e (0x0293dfb3) divu    t6, t2, s1
core   0: 3 0x8000b50e (0x0293dfb3) x31 0x00000000
core   0: 0x8000b512 (0x1543f913) andi    s2, t2, 340
core   0: 3 0x8000b512 (0x1543f913) x18 0x00000004
core   0: 0x8000b516 (0x00856a63) bltu    a0, s0, pc + 20
core   0: 3 0x8000b516 (0x00856a63)
core   0: 0x8000b52a (0x0000c005) c.beqz  s0, pc + 32
core   0: 3 0x8000b52a (0xc005)
core   0: 0x8000b52c (0x0000ef1d) c.bnez  a4, pc + 62
core   0: 3 0x8000b52c (0xef1d)
core   0: 0x8000b52e (0x0017fa33) and     s4, a5, ra
core   0: 3 0x8000b52e (0x0017fa33) x20 0x00005455
core   0: 0x8000b532 (0xea2e3913) sltiu   s2, t3, -350
core   0: 3 0x8000b532 (0xea2e3913) x18 0x00000001
core   0: 0x8000b536 (0xb225ae93) slti    t4, a1, -1246
core   0: 3 0x8000b536 (0xb225ae93) x29 0x00000000
core   0: 0x8000b53a (0x00008f8d) c.sub   a5, a1
core   0: 3 0x8000b53a (0x8f8d) x15 0xfffe7ff7
core   0: 0x8000b53c (0x00a16663) bltu    sp, a0, pc + 12
core   0: 3 0x8000b53c (0x00a16663)
core   0: 0x8000b540 (0x0200f963) bgeu    ra, zero, pc + 50
core   0: 3 0x8000b540 (0x0200f963)
core   0: 0x8000b572 (0x00a3d2b3) srl     t0, t2, a0
core   0: 3 0x8000b572 (0x00a3d2b3) x 5 0x00000000
core   0: 0x8000b576 (0x0000180c) c.addi4spn a1, sp, 48
core   0: 3 0x8000b576 (0x180c) x11 0x000001b0
core   0: 0x8000b578 (0x00d241b3) xor     gp, tp, a3
core   0: 3 0x8000b578 (0x00d241b3) x 3 0xe50fb6b7
core   0: 0x8000b57c (0x028fc233) div     tp, t6, s0
core   0: 3 0x8000b57c (0x028fc233) x 4 0x00000000
core   0: 0x8000b580 (0x008debb3) or      s7, s11, s0
core   0: 3 0x8000b580 (0x008debb3) x23 0x00018000
core   0: 0x8000b584 (0x00008c7d) c.and   s0, a5
core   0: 3 0x8000b584 (0x8c7d) x 8 0x00000000
core   0: 0x8000b586 (0x03e41f33) mulh    t5, s0, t5
core   0: 3 0x8000b586 (0x03e41f33) x30 0x00000000
core   0: 0x8000b58a (0x03a79f63) bne     a5, s10, pc + 62
core   0: 3 0x8000b58a (0x03a79f63)
core   0: 0x8000b5c8 (0x01d3fd33) and     s10, t2, t4
core   0: 3 0x8000b5c8 (0x01d3fd33) x26 0x00000000
core   0: 0x8000b5cc (0x0ff0000f) fence   iorw,iorw
core   0: 3 0x8000b5cc (0x0ff0000f)
core   0: 0x8000b5d0 (0x00829d13) slli    s10, t0, 8
core   0: 3 0x8000b5d0 (0x00829d13) x26 0x00000000
core   0: 0x8000b5d4 (0x03057eb3) remu    t4, a0, a6
core   0: 3 0x8000b5d4 (0x03057eb3) x29 0x0000000d
core   0: 0x8000b5d8 (0x00000a56) c.slli  s4, 21
core   0: 3 0x8000b5d8 (0x0a56) x20 0x8aa00000
core   0: 0x8000b5da (0x02752f33) mulhsu  t5, a0, t2
core   0: 3 0x8000b5da (0x02752f33) x30 0x00000000
core   0: 0x8000b5de (0x0000100f) fence.i
core   0: 3 0x8000b5de (0x0000100f)
core   0: 0x8000b5e2 (0x56947f93) andi    t6, s0, 1385
core   0: 3 0x8000b5e2 (0x56947f93) x31 0x00000000
core   0: 0x8000b5e6 (0x00008c29) c.xor   s0, a0
core   0: 3 0x8000b5e6 (0x8c29) x 8 0x0000000d
core   0: 0x8000b5e8 (0x036e9033) mulh    zero, t4, s6
core   0: 3 0x8000b5e8 (0x036e9033)
core   0: 0x8000b5ec (0x0000094e) c.slli  s2, 19
core   0: 3 0x8000b5ec (0x094e) x18 0x00080000
core   0: 0x8000b5ee (0x038f77b3) remu    a5, t5, s8
core   0: 3 0x8000b5ee (0x038f77b3) x15 0x00000000
core   0: 0x8000b5f2 (0x02bbc833) div     a6, s7, a1
core   0: 3 0x8000b5f2 (0x02bbc833) x16 0x000000e3
core   0: 0x8000b5f6 (0x02bc94b3) mulh    s1, s9, a1
core   0: 3 0x8000b5f6 (0x02bc94b3) x 9 0xffffff28
core   0: 0x8000b5fa (0x004ffc63) bgeu    t6, tp, pc + 24
core   0: 3 0x8000b5fa (0x004ffc63)
core   0: 0x8000b612 (0x00006161) c.addi16sp sp, 80
core   0: 3 0x8000b612 (0x6161) x 2 0x000001d0
core   0: 0x8000b614 (0x03740d63) beq     s0, s7, pc + 58
core   0: 3 0x8000b614 (0x03740d63)
core   0: 0x8000b618 (0x00006265) c.lui   tp, 0x19
core   0: 3 0x8000b618 (0x6265) x 4 0x00019000
core   0: 0x8000b61a (0x00006115) c.addi16sp sp, 288
core   0: 3 0x8000b61a (0x6115) x 2 0x000002f0
core   0: 0x8000b61c (0x405ade13) srai    t3, s5, 5
core   0: 3 0x8000b61c (0x405ade13) x28 0x0000001f
core   0: 0x8000b620 (0x014adf63) bge     s5, s4, pc + 30
core   0: 3 0x8000b620 (0x014adf63)
core   0: 0x8000b63e (0x03af6163) bltu    t5, s10, pc + 34
core   0: 3 0x8000b63e (0x03af6163)
core   0: 0x8000b642 (0x015613b3) sll     t2, a2, s5
core   0: 3 0x8000b642 (0x015613b3) x 7 0x0002c000
core   0: 0x8000b646 (0x032146b3) div     a3, sp, s2
core   0: 3 0x8000b646 (0x032146b3) x13 0x00000000
core   0: 0x8000b64a (0x0272fd63) bgeu    t0, t2, pc + 58
core   0: 3 0x8000b64a (0x0272fd63)
core   0: 0x8000b64e (0x0571d363) bge     gp, s7, pc + 70
core   0: 3 0x8000b64e (0x0571d363)
core   0: 0x8000b652 (0x00000001) c.nop
core   0: 3 0x8000b652 (0x0001)
core   0: 0x8000b654 (0x41628933) sub     s2, t0, s6
core   0: 3 0x8000b654 (0x41628933) x18 0x00000000
core   0: 0x8000b658 (0x020a6e63) bltu    s4, zero, pc + 60
core   0: 3 0x8000b658 (0x020a6e63)
core   0: 0x8000b65c (0x00a25b13) srli    s6, tp, 10
core   0: 3 0x8000b65c (0x00a25b13) x22 0x00000064
core   0: 0x8000b660 (0x0000100f) fence.i
core   0: 3 0x8000b660 (0x0000100f)
core   0: 0x8000b664 (0x0ff0000f) fence   iorw,iorw
core   0: 3 0x8000b664 (0x0ff0000f)
core   0: 0x8000b668 (0x3d3ff113) andi    sp, t6, 979
core   0: 3 0x8000b668 (0x3d3ff113) x 2 0x00000000
core   0: 0x8000b66c (0x00009e9e) c.add   t4, t2
core   0: 3 0x8000b66c (0x9e9e) x29 0x0002c00d
core   0: 0x8000b66e (0x02af0b33) mul     s6, t5, a0
core   0: 3 0x8000b66e (0x02af0b33) x22 0x00000000
core   0: 0x8000b672 (0xec596113) ori     sp, s2, -315
core   0: 3 0x8000b672 (0xec596113) x 2 0xfffffec5
core   0: 0x8000b676 (0x00000f8d) c.addi  t6, 3
core   0: 3 0x8000b676 (0x0f8d) x31 0x00000003
core   0: 0x8000b678 (0x01cd8933) add     s2, s11, t3
core   0: 3 0x8000b678 (0x01cd8933) x18 0x0000001f
core   0: 0x8000b67c (0x035714b3) mulh    s1, a4, s5
core   0: 3 0x8000b67c (0x035714b3) x 9 0x00000000
core   0: 0x8000b680 (0x04f44163) blt     s0, a5, pc + 66
core   0: 3 0x8000b680 (0x04f44163)
core   0: 0x8000b684 (0x00008ead) c.xor   a3, a1
core   0: 3 0x8000b684 (0x8ead) x13 0x000001b0
core   0: 0x8000b686 (0x00008d85) c.sub   a1, s1
core   0: 3 0x8000b686 (0x8d85) x11 0x000001b0
core   0: 0x8000b688 (0x40bf8433) sub     s0, t6, a1
core   0: 3 0x8000b688 (0x40bf8433) x 8 0xfffffe53
core   0: 0x8000b68c (0x41d0d093) srai    ra, ra, 29
core   0: 3 0x8000b68c (0x41d0d093) x 1 0xffffffff
core   0: 0x8000b690 (0x010ce333) or      t1, s9, a6
core   0: 3 0x8000b690 (0x010ce333) x 6 0x80029ce7
core   0: 0x8000b694 (0x0000803d) c.srli  s0, 15
core   0: 3 0x8000b694 (0x803d) x 8 0x0001ffff
core   0: 0x8000b696 (0x036e03b3) mul     t2, t3, s6
core   0: 3 0x8000b696 (0x036e03b3) x 7 0x00000000
core   0: 0x8000b69a (0x000096f2) c.add   a3, t3
core   0: 3 0x8000b69a (0x96f2) x13 0x000001cf
core   0: 0x8000b69c (0x03a29c33) mulh    s8, t0, s10
core   0: 3 0x8000b69c (0x03a29c33) x24 0x00000000
core   0: 0x8000b6a0 (0xd30af693) andi    a3, s5, -720
core   0: 3 0x8000b6a0 (0xd30af693) x13 0x00000120
core   0: 0x8000b6a4 (0x5f94aa93) slti    s5, s1, 1529
core   0: 3 0x8000b6a4 (0x5f94aa93) x21 0x00000001
core   0: 0x8000b6a8 (0x0112d413) srli    s0, t0, 17
core   0: 3 0x8000b6a8 (0x0112d413) x 8 0x00000000
core   0: 0x8000b6ac (0x02c28db3) mul     s11, t0, a2
core   0: 3 0x8000b6ac (0x02c28db3) x27 0x00000000
core   0: 0x8000b6b0 (0x98753d93) sltiu   s11, a0, -1657
core   0: 3 0x8000b6b0 (0x98753d93) x27 0x00000001
core   0: 0x8000b6b4 (0x010156b3) srl     a3, sp, a6
core   0: 3 0x8000b6b4 (0x010156b3) x13 0x1fffffd8
core   0: 0x8000b6b8 (0x01dc7d33) and     s10, s8, t4
core   0: 3 0x8000b6b8 (0x01dc7d33) x26 0x00000000
core   0: 0x8000b6bc (0x00006f1d) c.lui   t5, 0x7
core   0: 3 0x8000b6bc (0x6f1d) x30 0x00007000
core   0: 0x8000b6be (0x000f9013) slli    zero, t6, 0
core   0: 3 0x8000b6be (0x000f9013)
core   0: 0x8000b6c2 (0x0000869e) c.mv    a3, t2
core   0: 3 0x8000b6c2 (0x869e) x13 0x00000000
core   0: 0x8000b6c4 (0x011b9d93) slli    s11, s7, 17
core   0: 3 0x8000b6c4 (0x011b9d93) x27 0x00000000
core   0: 0x8000b6c8 (0x035ded63) bltu    s11, s5, pc + 58
core   0: 3 0x8000b6c8 (0x035ded63)
core   0: 0x8000b702 (0x01438bb3) add     s7, t2, s4
core   0: 3 0x8000b702 (0x01438bb3) x23 0x8aa00000
core   0: 0x8000b706 (0x024a5f33) divu    t5, s4, tp
core   0: 3 0x8000b706 (0x024a5f33) x30 0x000058b8
core   0: 0x8000b70a (0x101e6763) bltu    t3, ra, pc + 270
core   0: 3 0x8000b70a (0x101e6763)
core   0: 0x8000b818 (0x0373da63) bge     t2, s7, pc + 52
core   0: 3 0x8000b818 (0x0373da63)
core   0: 0x8000b84c (0x001d9fb3) sll     t6, s11, ra
core   0: 3 0x8000b84c (0x001d9fb3) x31 0x00000000
core   0: 0x8000b850 (0x0000717d) c.addi16sp sp, -16
core   0: 3 0x8000b850 (0x717d) x 2 0xfffffeb5
core   0: 0x8000b852 (0x0ff0000f) fence   iorw,iorw
core   0: 3 0x8000b852 (0x0ff0000f)
core   0: 0x8000b856 (0x00001898) c.addi4spn a4, sp, 112
core   0: 3 0x8000b856 (0x1898) x14 0xffffff25
core   0: 0x8000b858 (0x2efe7113) andi    sp, t3, 751
core   0: 3 0x8000b858 (0x2efe7113) x 2 0x0000000f
core   0: 0x8000b85c (0x00000001) c.nop
core   0: 3 0x8000b85c (0x0001)
core   0: 0x8000b85e (0x0a2c0d13) addi    s10, s8, 162
core   0: 3 0x8000b85e (0x0a2c0d13) x26 0x000000a2
core   0: 0x8000b862 (0x40750033) sub     zero, a0, t2
core   0: 3 0x8000b862 (0x40750033)
core   0: 0x8000b866 (0x05727063) bgeu    tp, s7, pc + 64
core   0: 3 0x8000b866 (0x05727063)
core   0: 0x8000b86a (0x0000c615) c.beqz  a2, pc + 44
core   0: 3 0x8000b86a (0xc615)
core   0: 0x8000b86c (0x4fe02093) slti    ra, zero, 1278
core   0: 3 0x8000b86c (0x4fe02093) x 1 0x00000001
core   0: 0x8000b870 (0x000083ed) c.srli  a5, 27
core   0: 3 0x8000b870 (0x83ed) x15 0x00000000
core   0: 0x8000b872 (0x00321263) bne     tp, gp, pc + 4
core   0: 3 0x8000b872 (0x00321263)
core   0: 0x8000b876 (0x02f5c433) div     s0, a1, a5
core   0: 3 0x8000b876 (0x02f5c433) x 8 0xffffffff
core   0: 0x8000b87a (0x03e185b3) mul     a1, gp, t5
core   0: 3 0x8000b87a (0x03e185b3) x11 0x0a1a3b88
core   0: 0x8000b87e (0x00008e15) c.sub   a2, a3
core   0: 3 0x8000b87e (0x8e15) x12 0x0000b000
core   0: 0x8000b880 (0x034f7163) bgeu    t5, s4, pc + 34
core   0: 3 0x8000b880 (0x034f7163)
core   0: 0x8000b884 (0x00008e4d) c.or    a2, a1
core   0: 3 0x8000b884 (0x8e4d) x12 0x0a1abb88
core   0: 0x8000b886 (0x0079de93) srli    t4, s3, 7
core   0: 3 0x8000b886 (0x0079de93) x29 0x00000000
core   0: 0x8000b88a (0x00000d72) c.slli  s10, 28
core   0: 3 0x8000b88a (0x0d72) x26 0x20000000
core   0: 0x8000b88c (0x03f79bb3) mulh    s7, a5, t6
core   0: 3 0x8000b88c (0x03f79bb3) x23 0x00000000
core   0: 0x8000b890 (0x03ac8a63) beq     s9, s10, pc + 52
core   0: 3 0x8000b890 (0x03ac8a63)
core   0: 0x8000b894 (0x00008341) c.srli  a4, 16
core   0: 3 0x8000b894 (0x8341) x14 0x0000ffff
core   0: 0x8000b896 (0x00008ecd) c.or    a3, a1
core   0: 3 0x8000b896 (0x8ecd) x13 0x0a1a3b88
core   0: 0x8000b898 (0x011b57b3) srl     a5, s6, a7
core   0: 3 0x8000b898 (0x011b57b3) x15 0x00000000
core   0: 0x8000b89c (0x0ff0000f) fence   iorw,iorw
core   0: 3 0x8000b89c (0x0ff0000f)
core   0: 0x8000b8a0 (0x0000871e) c.mv    a4, t2
core   0: 3 0x8000b8a0 (0x871e) x14 0x00000000
core   0: 0x8000b8a2 (0x00047263) bgeu    s0, zero, pc + 4
core   0: 3 0x8000b8a2 (0x00047263)
core   0: 0x8000b8a6 (0x0000c999) c.beqz  a1, pc + 22
core   0: 3 0x8000b8a6 (0xc999)
core   0: 0x8000b8a8 (0x000086d1) c.srai  a3, 20
core   0: 3 0x8000b8a8 (0x86d1) x13 0x000000a1
core   0: 0x8000b8aa (0x00001d9c) c.addi4spn a5, sp, 752
core   0: 3 0x8000b8aa (0x1d9c) x15 0x000002ff
core   0: 0x8000b8ac (0x4030d313) srai    t1, ra, 3
core   0: 3 0x8000b8ac (0x4030d313) x 6 0x00000000
core   0: 0x8000b8b0 (0x02d9cb33) div     s6, s3, a3
core   0: 3 0x8000b8b0 (0x02d9cb33) x22 0x00000000
core   0: 0x8000b8b4 (0x00008cf5) c.and   s1, a3
core   0: 3 0x8000b8b4 (0x8cf5) x 9 0x00000000
core   0: 0x8000b8b6 (0xbb818d17) auipc   s10, 0xbb818
core   0: 3 0x8000b8b6 (0xbb818d17) x26 0x3b8238b6
core   0: 0x8000b8ba (0x00000001) c.nop
core   0: 3 0x8000b8ba (0x0001)
core   0: 0x8000b8bc (0x00006119) c.addi16sp sp, 384
core   0: 3 0x8000b8bc (0x6119) x 2 0x0000018f
core   0: 0x8000b8be (0x00008fd5) c.or    a5, a3
core   0: 3 0x8000b8be (0x8fd5) x15 0x000002ff
core   0: 0x8000b8c0 (0x031fc4b3) div     s1, t6, a7
core   0: 3 0x8000b8c0 (0x031fc4b3) x 9 0x00000000
core   0: 0x8000b8c4 (0xd2f8ad93) slti    s11, a7, -721
core   0: 3 0x8000b8c4 (0xd2f8ad93) x27 0x00000001
core   0: 0x8000b8c8 (0x0000717d) c.addi16sp sp, -16
core   0: 3 0x8000b8c8 (0x717d) x 2 0x0000017f
core   0: 0x8000b8ca (0x00008f2d) c.xor   a4, a1
core   0: 3 0x8000b8ca (0x8f2d) x14 0x0a1a3b88
core   0: 0x8000b8cc (0x00000001) c.nop
core   0: 3 0x8000b8cc (0x0001)
core   0: 0x8000b8ce (0x00009d92) c.add   s11, tp
core   0: 3 0x8000b8ce (0x9d92) x27 0x00019001
core   0: 0x8000b8d0 (0x03af8033) mul     zero, t6, s10
core   0: 3 0x8000b8d0 (0x03af8033)
core   0: 0x8000b8d4 (0x0000717d) c.addi16sp sp, -16
core   0: 3 0x8000b8d4 (0x717d) x 2 0x0000016f
core   0: 0x8000b8d6 (0x00b5d3b3) srl     t2, a1, a1
core   0: 3 0x8000b8d6 (0x00b5d3b3) x 7 0x000a1a3b
core   0: 0x8000b8da (0x01d7cdb3) xor     s11, a5, t4
core   0: 3 0x8000b8da (0x01d7cdb3) x27 0x000002ff
core   0: 0x8000b8de (0x00000517) auipc   a0, 0x0
core   0: 3 0x8000b8de (0x00000517) x10 0x8000b8de
core   0: 0x8000b8e2 (0x00c50513) addi    a0, a0, 12
core   0: 3 0x8000b8e2 (0x00c50513) x10 0x8000b8ea
core   0: 0x8000b8e6 (0x00050067) jr      a0
core   0: 3 0x8000b8e6 (0x00050067)
core   0: 0x8000b8ea (0x00004185) c.li    gp, 1
core   0: 3 0x8000b8ea (0x4185) x 3 0x00000001
core   0: 0x8000b8ec (0x00000073) ecall
core   0: exception trap_machine_ecall, epc 0x8000b8ec
core   0: >>>>  mtvec_handler
core   0: 0x8000f9c0 (0x0400006f) j       pc + 0x40
core   0: 3 0x8000f9c0 (0x0400006f)
core   0: 0x8000fa00 (0x00001cf1) c.addi  s9, -4
core   0: 3 0x8000fa00 (0x1cf1) x25 0x80029ce0
core   0: 0x8000fa02 (0x011ca023) sw      a7, 0(s9)
core   0: 3 0x8000fa02 (0x011ca023) mem 0x80029ce0 0x80025e64
core   0: 0x8000fa06 (0x000c88b3) add     a7, s9, zero
core   0: 3 0x8000fa06 (0x000c88b3) x17 0x80029ce0
core   0: 0x8000fa0a (0xf8088893) addi    a7, a7, -128
core   0: 3 0x8000fa0a (0xf8088893) x17 0x80029c60
core   0: 0x8000fa0e (0x0018a223) sw      ra, 4(a7)
core   0: 3 0x8000fa0e (0x0018a223) mem 0x80029c64 0x00000001
core   0: 0x8000fa12 (0x0028a423) sw      sp, 8(a7)
core   0: 3 0x8000fa12 (0x0028a423) mem 0x80029c68 0x0000016f
core   0: 0x8000fa16 (0x0038a623) sw      gp, 12(a7)
core   0: 3 0x8000fa16 (0x0038a623) mem 0x80029c6c 0x00000001
core   0: 0x8000fa1a (0x0048a823) sw      tp, 16(a7)
core   0: 3 0x8000fa1a (0x0048a823) mem 0x80029c70 0x00019000
core   0: 0x8000fa1e (0x0058aa23) sw      t0, 20(a7)
core   0: 3 0x8000fa1e (0x0058aa23) mem 0x80029c74 0x00000000
core   0: 0x8000fa22 (0x0068ac23) sw      t1, 24(a7)
core   0: 3 0x8000fa22 (0x0068ac23) mem 0x80029c78 0x00000000
core   0: 0x8000fa26 (0x0078ae23) sw      t2, 28(a7)
core   0: 3 0x8000fa26 (0x0078ae23) mem 0x80029c7c 0x000a1a3b
core   0: 0x8000fa2a (0x0288a023) sw      s0, 32(a7)
core   0: 3 0x8000fa2a (0x0288a023) mem 0x80029c80 0xffffffff
core   0: 0x8000fa2e (0x0298a223) sw      s1, 36(a7)
core   0: 3 0x8000fa2e (0x0298a223) mem 0x80029c84 0x00000000
core   0: 0x8000fa32 (0x02a8a423) sw      a0, 40(a7)
core   0: 3 0x8000fa32 (0x02a8a423) mem 0x80029c88 0x8000b8ea
core   0: 0x8000fa36 (0x02b8a623) sw      a1, 44(a7)
core   0: 3 0x8000fa36 (0x02b8a623) mem 0x80029c8c 0x0a1a3b88
core   0: 0x8000fa3a (0x02c8a823) sw      a2, 48(a7)
core   0: 3 0x8000fa3a (0x02c8a823) mem 0x80029c90 0x0a1abb88
core   0: 0x8000fa3e (0x02d8aa23) sw      a3, 52(a7)
core   0: 3 0x8000fa3e (0x02d8aa23) mem 0x80029c94 0x000000a1
core   0: 0x8000fa42 (0x02e8ac23) sw      a4, 56(a7)
core   0: 3 0x8000fa42 (0x02e8ac23) mem 0x80029c98 0x0a1a3b88
core   0: 0x8000fa46 (0x02f8ae23) sw      a5, 60(a7)
core   0: 3 0x8000fa46 (0x02f8ae23) mem 0x80029c9c 0x000002ff
core   0: 0x8000fa4a (0x0508a023) sw      a6, 64(a7)
core   0: 3 0x8000fa4a (0x0508a023) mem 0x80029ca0 0x000000e3
core   0: 0x8000fa4e (0x0518a223) sw      a7, 68(a7)
core   0: 3 0x8000fa4e (0x0518a223) mem 0x80029ca4 0x80029c60
core   0: 0x8000fa52 (0x0528a423) sw      s2, 72(a7)
core   0: 3 0x8000fa52 (0x0528a423) mem 0x80029ca8 0x0000001f
core   0: 0x8000fa56 (0x0538a623) sw      s3, 76(a7)
core   0: 3 0x8000fa56 (0x0538a623) mem 0x80029cac 0x00000060
core   0: 0x8000fa5a (0x0548a823) sw      s4, 80(a7)
core   0: 3 0x8000fa5a (0x0548a823) mem 0x80029cb0 0x8aa00000
core   0: 0x8000fa5e (0x0558aa23) sw      s5, 84(a7)
core   0: 3 0x8000fa5e (0x0558aa23) mem 0x80029cb4 0x00000001
core   0: 0x8000fa62 (0x0568ac23) sw      s6, 88(a7)
core   0: 3 0x8000fa62 (0x0568ac23) mem 0x80029cb8 0x00000000
core   0: 0x8000fa66 (0x0578ae23) sw      s7, 92(a7)
core   0: 3 0x8000fa66 (0x0578ae23) mem 0x80029cbc 0x00000000
core   0: 0x8000fa6a (0x0788a023) sw      s8, 96(a7)
core   0: 3 0x8000fa6a (0x0788a023) mem 0x80029cc0 0x00000000
core   0: 0x8000fa6e (0x0798a223) sw      s9, 100(a7)
core   0: 3 0x8000fa6e (0x0798a223) mem 0x80029cc4 0x80029ce0
core   0: 0x8000fa72 (0x07a8a423) sw      s10, 104(a7)
core   0: 3 0x8000fa72 (0x07a8a423) mem 0x80029cc8 0x3b8238b6
core   0: 0x8000fa76 (0x07b8a623) sw      s11, 108(a7)
core   0: 3 0x8000fa76 (0x07b8a623) mem 0x80029ccc 0x000002ff
core   0: 0x8000fa7a (0x07c8a823) sw      t3, 112(a7)
core   0: 3 0x8000fa7a (0x07c8a823) mem 0x80029cd0 0x0000001f
core   0: 0x8000fa7e (0x07d8aa23) sw      t4, 116(a7)
core   0: 3 0x8000fa7e (0x07d8aa23) mem 0x80029cd4 0x00000000
core   0: 0x8000fa82 (0x07e8ac23) sw      t5, 120(a7)
core   0: 3 0x8000fa82 (0x07e8ac23) mem 0x80029cd8 0x000058b8
core   0: 0x8000fa86 (0x07f8ae23) sw      t6, 124(a7)
core   0: 3 0x8000fa86 (0x07f8ae23) mem 0x80029cdc 0x00000000
core   0: 0x8000fa8a (0x00088cb3) add     s9, a7, zero
core   0: 3 0x8000fa8a (0x00088cb3) x25 0x80029c60
core   0: 0x8000fa8e (0x34102373) csrr    t1, mepc
core   0: 3 0x8000fa8e (0x34102373) x 6 0x8000b8ec
core   0: 0x8000fa92 (0x34202373) csrr    t1, mcause
core   0: 3 0x8000fa92 (0x34202373) x 6 0x0000000b
core   0: 0x8000fa96 (0x00004d0d) c.li    s10, 3
core   0: 3 0x8000fa96 (0x4d0d) x26 0x00000003
core   0: 0x8000fa98 (0x29a30d63) beq     t1, s10, pc + 666
core   0: 3 0x8000fa98 (0x29a30d63)
core   0: 0x8000fa9c (0x00004d21) c.li    s10, 8
core   0: 3 0x8000fa9c (0x4d21) x26 0x00000008
core   0: 0x8000fa9e (0x05a30563) beq     t1, s10, pc + 74
core   0: 3 0x8000fa9e (0x05a30563)
core   0: 0x8000faa2 (0x00004d25) c.li    s10, 9
core   0: 3 0x8000faa2 (0x4d25) x26 0x00000009
core   0: 0x8000faa4 (0x05a30263) beq     t1, s10, pc + 68
core   0: 3 0x8000faa4 (0x05a30263)
core   0: 0x8000faa8 (0x00004d2d) c.li    s10, 11
core   0: 3 0x8000faa8 (0x4d2d) x26 0x0000000b
core   0: 0x8000faaa (0x03a30f63) beq     t1, s10, pc + 62
core   0: 3 0x8000faaa (0x03a30f63)
core   0: 0x8000fae8 (0xffff0317) auipc   t1, 0xffff0
core   0: 3 0x8000fae8 (0xffff0317) x 6 0x7ffffae8
core   0: 0x8000faec (0x51830313) addi    t1, t1, 1304
core   0: 3 0x8000faec (0x51830313) x 6 0x80000000
core   0: 0x8000faf0 (0x00032023) sw      zero, 0(t1)
core   0: 3 0x8000faf0 (0x00032023) mem 0x80000000 0x00000000
core   0: 0x8000faf4 (0x00132223) sw      ra, 4(t1)
core   0: 3 0x8000faf4 (0x00132223) mem 0x80000004 0x00000001
core   0: 0x8000faf8 (0x00232423) sw      sp, 8(t1)
core   0: 3 0x8000faf8 (0x00232423) mem 0x80000008 0x0000016f
core   0: 0x8000fafc (0x00332623) sw      gp, 12(t1)
core   0: 3 0x8000fafc (0x00332623) mem 0x8000000c 0x00000001
core   0: 0x8000fb00 (0x00432823) sw      tp, 16(t1)
core   0: 3 0x8000fb00 (0x00432823) mem 0x80000010 0x00019000
core   0: 0x8000fb04 (0x00532a23) sw      t0, 20(t1)
core   0: 3 0x8000fb04 (0x00532a23) mem 0x80000014 0x00000000
core   0: 0x8000fb08 (0x00632c23) sw      t1, 24(t1)
core   0: 3 0x8000fb08 (0x00632c23) mem 0x80000018 0x80000000
core   0: 0x8000fb0c (0x00732e23) sw      t2, 28(t1)
core   0: 3 0x8000fb0c (0x00732e23) mem 0x8000001c 0x000a1a3b
core   0: 0x8000fb10 (0x02832023) sw      s0, 32(t1)
core   0: 3 0x8000fb10 (0x02832023) mem 0x80000020 0xffffffff
core   0: 0x8000fb14 (0x02932223) sw      s1, 36(t1)
core   0: 3 0x8000fb14 (0x02932223) mem 0x80000024 0x00000000
core   0: 0x8000fb18 (0x02a32423) sw      a0, 40(t1)
core   0: 3 0x8000fb18 (0x02a32423) mem 0x80000028 0x8000b8ea
core   0: 0x8000fb1c (0x02b32623) sw      a1, 44(t1)
core   0: 3 0x8000fb1c (0x02b32623) mem 0x8000002c 0x0a1a3b88
core   0: 0x8000fb20 (0x02c32823) sw      a2, 48(t1)
core   0: 3 0x8000fb20 (0x02c32823) mem 0x80000030 0x0a1abb88
core   0: 0x8000fb24 (0x02d32a23) sw      a3, 52(t1)
core   0: 3 0x8000fb24 (0x02d32a23) mem 0x80000034 0x000000a1
core   0: 0x8000fb28 (0x02e32c23) sw      a4, 56(t1)
core   0: 3 0x8000fb28 (0x02e32c23) mem 0x80000038 0x0a1a3b88
core   0: 0x8000fb2c (0x02f32e23) sw      a5, 60(t1)
core   0: 3 0x8000fb2c (0x02f32e23) mem 0x8000003c 0x000002ff
core   0: 0x8000fb30 (0x05032023) sw      a6, 64(t1)
core   0: 3 0x8000fb30 (0x05032023) mem 0x80000040 0x000000e3
core   0: 0x8000fb34 (0x05132223) sw      a7, 68(t1)
core   0: 3 0x8000fb34 (0x05132223) mem 0x80000044 0x80029c60
core   0: 0x8000fb38 (0x05232423) sw      s2, 72(t1)
core   0: 3 0x8000fb38 (0x05232423) mem 0x80000048 0x0000001f
core   0: 0x8000fb3c (0x05332623) sw      s3, 76(t1)
core   0: 3 0x8000fb3c (0x05332623) mem 0x8000004c 0x00000060
core   0: 0x8000fb40 (0x05432823) sw      s4, 80(t1)
core   0: 3 0x8000fb40 (0x05432823) mem 0x80000050 0x8aa00000
core   0: 0x8000fb44 (0x05532a23) sw      s5, 84(t1)
core   0: 3 0x8000fb44 (0x05532a23) mem 0x80000054 0x00000001
core   0: 0x8000fb48 (0x05632c23) sw      s6, 88(t1)
core   0: 3 0x8000fb48 (0x05632c23) mem 0x80000058 0x00000000
core   0: 0x8000fb4c (0x05732e23) sw      s7, 92(t1)
core   0: 3 0x8000fb4c (0x05732e23) mem 0x8000005c 0x00000000
core   0: 0x8000fb50 (0x07832023) sw      s8, 96(t1)
core   0: 3 0x8000fb50 (0x07832023) mem 0x80000060 0x00000000
core   0: 0x8000fb54 (0x07932223) sw      s9, 100(t1)
core   0: 3 0x8000fb54 (0x07932223) mem 0x80000064 0x80029c60
core   0: 0x8000fb58 (0x07a32423) sw      s10, 104(t1)
core   0: 3 0x8000fb58 (0x07a32423) mem 0x80000068 0x0000000b
core   0: 0x8000fb5c (0x07b32623) sw      s11, 108(t1)
core   0: 3 0x8000fb5c (0x07b32623) mem 0x8000006c 0x000002ff
core   0: 0x8000fb60 (0x07c32823) sw      t3, 112(t1)
core   0: 3 0x8000fb60 (0x07c32823) mem 0x80000070 0x0000001f
core   0: 0x8000fb64 (0x07d32a23) sw      t4, 116(t1)
core   0: 3 0x8000fb64 (0x07d32a23) mem 0x80000074 0x00000000
core   0: 0x8000fb68 (0x07e32c23) sw      t5, 120(t1)
core   0: 3 0x8000fb68 (0x07e32c23) mem 0x80000078 0x000058b8
core   0: 0x8000fb6c (0x07f32e23) sw      t6, 124(t1)
core   0: 3 0x8000fb6c (0x07f32e23) mem 0x8000007c 0x00000000
core   0: 0x8000fb70 (0xfffff517) auipc   a0, 0xfffff
core   0: 3 0x8000fb70 (0xfffff517) x10 0x8000eb70
core   0: 0x8000fb74 (0x44e50513) addi    a0, a0, 1102
core   0: 3 0x8000fb74 (0x44e50513) x10 0x8000efbe
core   0: 0x8000fb78 (0x00050067) jr      a0
core   0: 3 0x8000fb78 (0x00050067)
core   0: 0x8000efbe (0x00001f17) auipc   t5, 0x1
core   0: 3 0x8000efbe (0x00001f17) x30 0x8000ffbe
core   0: 0x8000efc2 (0x043f2123) sw      gp, 66(t5)
core   0: 3 0x8000efc2 (0x043f2123) mem 0x80010000 0x00000001
core   0: 0x8000efc6 (0x0000bfe5) c.j     pc - 8
core   0: 3 0x8000efc6 (0xbfe5)
core   0: 0x8000efbe (0x00001f17) auipc   t5, 0x1
core   0: 3 0x8000efbe (0x00001f17) x30 0x8000ffbe
core   0: 0x8000efc2 (0x043f2123) sw      gp, 66(t5)
core   0: 3 0x8000efc2 (0x043f2123) mem 0x80010000 0x00000001
core   0: 0x8000efc6 (0x0000bfe5) c.j     pc - 8
core   0: 3 0x8000efc6 (0xbfe5)
core   0: 0x8000efbe (0x00001f17) auipc   t5, 0x1
core   0: 3 0x8000efbe (0x00001f17) x30 0x8000ffbe
core   0: 0x8000efc2 (0x043f2123) sw      gp, 66(t5)
core   0: 3 0x8000efc2 (0x043f2123) mem 0x80010000 0x00000001
core   0: 0x8000efc6 (0x0000bfe5) c.j     pc - 8
core   0: 3 0x8000efc6 (0xbfe5)
core   0: 0x8000efbe (0x00001f17) auipc   t5, 0x1
core   0: 3 0x8000efbe (0x00001f17) x30 0x8000ffbe
core   0: 0x8000efc2 (0x043f2123) sw      gp, 66(t5)
core   0: 3 0x8000efc2 (0x043f2123) mem 0x80010000 0x00000001
core   0: 0x8000efc6 (0x0000bfe5) c.j     pc - 8
core   0: 3 0x8000efc6 (0xbfe5)
core   0: 0x8000efbe (0x00001f17) auipc   t5, 0x1
core   0: 3 0x8000efbe (0x00001f17) x30 0x8000ffbe
core   0: 0x8000efc2 (0x043f2123) sw      gp, 66(t5)
core   0: 3 0x8000efc2 (0x043f2123) mem 0x80010000 0x00000001
core   0: 0x8000efc6 (0x0000bfe5) c.j     pc - 8
core   0: 3 0x8000efc6 (0xbfe5)
core   0: 0x8000efbe (0x00001f17) auipc   t5, 0x1
core   0: 3 0x8000efbe (0x00001f17) x30 0x8000ffbe
core   0: 0x8000efc2 (0x043f2123) sw      gp, 66(t5)
core   0: 3 0x8000efc2 (0x043f2123) mem 0x80010000 0x00000001
core   0: 0x8000efc6 (0x0000bfe5) c.j     pc - 8
core   0: 3 0x8000efc6 (0xbfe5)
core   0: 0x8000efbe (0x00001f17) auipc   t5, 0x1
core   0: 3 0x8000efbe (0x00001f17) x30 0x8000ffbe
core   0: 0x8000efc2 (0x043f2123) sw      gp, 66(t5)
core   0: 3 0x8000efc2 (0x043f2123) mem 0x80010000 0x00000001
core   0: 0x8000efc6 (0x0000bfe5) c.j     pc - 8
core   0: 3 0x8000efc6 (0xbfe5)
core   0: 0x8000efbe (0x00001f17) auipc   t5, 0x1
core   0: 3 0x8000efbe (0x00001f17) x30 0x8000ffbe
core   0: 0x8000efc2 (0x043f2123) sw      gp, 66(t5)
core   0: 3 0x8000efc2 (0x043f2123) mem 0x80010000 0x00000001
core   0: 0x8000efc6 (0x0000bfe5) c.j     pc - 8
core   0: 3 0x8000efc6 (0xbfe5)
core   0: 0x8000efbe (0x00001f17) auipc   t5, 0x1
core   0: 3 0x8000efbe (0x00001f17) x30 0x8000ffbe
core   0: 0x8000efc2 (0x043f2123) sw      gp, 66(t5)
core   0: 3 0x8000efc2 (0x043f2123) mem 0x80010000 0x00000001
core   0: 0x8000efc6 (0x0000bfe5) c.j     pc - 8
core   0: 3 0x8000efc6 (0xbfe5)
core   0: 0x8000efbe (0x00001f17) auipc   t5, 0x1
core   0: 3 0x8000efbe (0x00001f17) x30 0x8000ffbe
core   0: 0x8000efc2 (0x043f2123) sw      gp, 66(t5)
core   0: 3 0x8000efc2 (0x043f2123) mem 0x80010000 0x00000001
core   0: 0x8000efc6 (0x0000bfe5) c.j     pc - 8
core   0: 3 0x8000efc6 (0xbfe5)
core   0: 0x8000efbe (0x00001f17) auipc   t5, 0x1
core   0: 3 0x8000efbe (0x00001f17) x30 0x8000ffbe
core   0: 0x8000efc2 (0x043f2123) sw      gp, 66(t5)
core   0: 3 0x8000efc2 (0x043f2123) mem 0x80010000 0x00000001
core   0: 0x8000efc6 (0x0000bfe5) c.j     pc - 8
core   0: 3 0x8000efc6 (0xbfe5)
core   0: 0x8000efbe (0x00001f17) auipc   t5, 0x1
core   0: 3 0x8000efbe (0x00001f17) x30 0x8000ffbe
core   0: 0x8000efc2 (0x043f2123) sw      gp, 66(t5)
core   0: 3 0x8000efc2 (0x043f2123) mem 0x80010000 0x00000001
core   0: 0x8000efc6 (0x0000bfe5) c.j     pc - 8
core   0: 3 0x8000efc6 (0xbfe5)
core   0: 0x8000efbe (0x00001f17) auipc   t5, 0x1
core   0: 3 0x8000efbe (0x00001f17) x30 0x8000ffbe
core   0: 0x8000efc2 (0x043f2123) sw      gp, 66(t5)
core   0: 3 0x8000efc2 (0x043f2123) mem 0x80010000 0x00000001
core   0: 0x8000efc6 (0x0000bfe5) c.j     pc - 8
core   0: 3 0x8000efc6 (0xbfe5)
core   0: 0x8000efbe (0x00001f17) auipc   t5, 0x1
core   0: 3 0x8000efbe (0x00001f17) x30 0x8000ffbe
core   0: 0x8000efc2 (0x043f2123) sw      gp, 66(t5)
core   0: 3 0x8000efc2 (0x043f2123) mem 0x80010000 0x00000001
core   0: 0x8000efc6 (0x0000bfe5) c.j     pc - 8
core   0: 3 0x8000efc6 (0xbfe5)
core   0: 0x8000efbe (0x00001f17) auipc   t5, 0x1
core   0: 3 0x8000efbe (0x00001f17) x30 0x8000ffbe
core   0: 0x8000efc2 (0x043f2123) sw      gp, 66(t5)
core   0: 3 0x8000efc2 (0x043f2123) mem 0x80010000 0x00000001
core   0: 0x8000efc6 (0x0000bfe5) c.j     pc - 8
core   0: 3 0x8000efc6 (0xbfe5)
core   0: 0x8000efbe (0x00001f17) auipc   t5, 0x1
core   0: 3 0x8000efbe (0x00001f17) x30 0x8000ffbe
core   0: 0x8000efc2 (0x043f2123) sw      gp, 66(t5)
core   0: 3 0x8000efc2 (0x043f2123) mem 0x80010000 0x00000001
core   0: 0x8000efc6 (0x0000bfe5) c.j     pc - 8
core   0: 3 0x8000efc6 (0xbfe5)
core   0: 0x8000efbe (0x00001f17) auipc   t5, 0x1
core   0: 3 0x8000efbe (0x00001f17) x30 0x8000ffbe
core   0: 0x8000efc2 (0x043f2123) sw      gp, 66(t5)
core   0: 3 0x8000efc2 (0x043f2123) mem 0x80010000 0x00000001
core   0: 0x8000efc6 (0x0000bfe5) c.j     pc - 8
core   0: 3 0x8000efc6 (0xbfe5)
core   0: 0x8000efbe (0x00001f17) auipc   t5, 0x1
core   0: 3 0x8000efbe (0x00001f17) x30 0x8000ffbe
core   0: 0x8000efc2 (0x043f2123) sw      gp, 66(t5)
core   0: 3 0x8000efc2 (0x043f2123) mem 0x80010000 0x00000001
core   0: 0x8000efc6 (0x0000bfe5) c.j     pc - 8
core   0: 3 0x8000efc6 (0xbfe5)
core   0: 0x8000efbe (0x00001f17) auipc   t5, 0x1
core   0: 3 0x8000efbe (0x00001f17) x30 0x8000ffbe
core   0: 0x8000efc2 (0x043f2123) sw      gp, 66(t5)
core   0: 3 0x8000efc2 (0x043f2123) mem 0x80010000 0x00000001
core   0: 0x8000efc6 (0x0000bfe5) c.j     pc - 8
core   0: 3 0x8000efc6 (0xbfe5)
core   0: 0x8000efbe (0x00001f17) auipc   t5, 0x1
core   0: 3 0x8000efbe (0x00001f17) x30 0x8000ffbe
core   0: 0x8000efc2 (0x043f2123) sw      gp, 66(t5)
core   0: 3 0x8000efc2 (0x043f2123) mem 0x80010000 0x00000001
core   0: 0x8000efc6 (0x0000bfe5) c.j     pc - 8
core   0: 3 0x8000efc6 (0xbfe5)
core   0: 0x8000efbe (0x00001f17) auipc   t5, 0x1
core   0: 3 0x8000efbe (0x00001f17) x30 0x8000ffbe
core   0: 0x8000efc2 (0x043f2123) sw      gp, 66(t5)
core   0: 3 0x8000efc2 (0x043f2123) mem 0x80010000 0x00000001
core   0: 0x8000efc6 (0x0000bfe5) c.j     pc - 8
core   0: 3 0x8000efc6 (0xbfe5)
core   0: 0x8000efbe (0x00001f17) auipc   t5, 0x1
core   0: 3 0x8000efbe (0x00001f17) x30 0x8000ffbe
core   0: 0x8000efc2 (0x043f2123) sw      gp, 66(t5)
core   0: 3 0x8000efc2 (0x043f2123) mem 0x80010000 0x00000001
core   0: 0x8000efc6 (0x0000bfe5) c.j     pc - 8
core   0: 3 0x8000efc6 (0xbfe5)
core   0: 0x8000efbe (0x00001f17) auipc   t5, 0x1
core   0: 3 0x8000efbe (0x00001f17) x30 0x8000ffbe
core   0: 0x8000efc2 (0x043f2123) sw      gp, 66(t5)
core   0: 3 0x8000efc2 (0x043f2123) mem 0x80010000 0x00000001
core   0: 0x8000efc6 (0x0000bfe5) c.j     pc - 8
core   0: 3 0x8000efc6 (0xbfe5)
core   0: 0x8000efbe (0x00001f17) auipc   t5, 0x1
core   0: 3 0x8000efbe (0x00001f17) x30 0x8000ffbe
core   0: 0x8000efc2 (0x043f2123) sw      gp, 66(t5)
core   0: 3 0x8000efc2 (0x043f2123) mem 0x80010000 0x00000001
core   0: 0x8000efc6 (0x0000bfe5) c.j     pc - 8
core   0: 3 0x8000efc6 (0xbfe5)
core   0: 0x8000efbe (0x00001f17) auipc   t5, 0x1
core   0: 3 0x8000efbe (0x00001f17) x30 0x8000ffbe
core   0: 0x8000efc2 (0x043f2123) sw      gp, 66(t5)
core   0: 3 0x8000efc2 (0x043f2123) mem 0x80010000 0x00000001
core   0: 0x8000efc6 (0x0000bfe5) c.j     pc - 8
core   0: 3 0x8000efc6 (0xbfe5)
core   0: 0x8000efbe (0x00001f17) auipc   t5, 0x1
core   0: 3 0x8000efbe (0x00001f17) x30 0x8000ffbe
core   0: 0x8000efc2 (0x043f2123) sw      gp, 66(t5)
core   0: 3 0x8000efc2 (0x043f2123) mem 0x80010000 0x00000001
core   0: 0x8000efc6 (0x0000bfe5) c.j     pc - 8
core   0: 3 0x8000efc6 (0xbfe5)
core   0: 0x8000efbe (0x00001f17) auipc   t5, 0x1
core   0: 3 0x8000efbe (0x00001f17) x30 0x8000ffbe
core   0: 0x8000efc2 (0x043f2123) sw      gp, 66(t5)
core   0: 3 0x8000efc2 (0x043f2123) mem 0x80010000 0x00000001
core   0: 0x8000efc6 (0x0000bfe5) c.j     pc - 8
core   0: 3 0x8000efc6 (0xbfe5)
core   0: 0x8000efbe (0x00001f17) auipc   t5, 0x1
core   0: 3 0x8000efbe (0x00001f17) x30 0x8000ffbe
core   0: 0x8000efc2 (0x043f2123) sw      gp, 66(t5)
core   0: 3 0x8000efc2 (0x043f2123) mem 0x80010000 0x00000001
core   0: 0x8000efc6 (0x0000bfe5) c.j     pc - 8
core   0: 3 0x8000efc6 (0xbfe5)
core   0: 0x8000efbe (0x00001f17) auipc   t5, 0x1
core   0: 3 0x8000efbe (0x00001f17) x30 0x8000ffbe
core   0: 0x8000efc2 (0x043f2123) sw      gp, 66(t5)
core   0: 3 0x8000efc2 (0x043f2123) mem 0x80010000 0x00000001
core   0: 0x8000efc6 (0x0000bfe5) c.j     pc - 8
core   0: 3 0x8000efc6 (0xbfe5)
core   0: 0x8000efbe (0x00001f17) auipc   t5, 0x1
core   0: 3 0x8000efbe (0x00001f17) x30 0x8000ffbe
core   0: 0x8000efc2 (0x043f2123) sw      gp, 66(t5)
core   0: 3 0x8000efc2 (0x043f2123) mem 0x80010000 0x00000001
core   0: 0x8000efc6 (0x0000bfe5) c.j     pc - 8
core   0: 3 0x8000efc6 (0xbfe5)
core   0: 0x8000efbe (0x00001f17) auipc   t5, 0x1
core   0: 3 0x8000efbe (0x00001f17) x30 0x8000ffbe
core   0: 0x8000efc2 (0x043f2123) sw      gp, 66(t5)
core   0: 3 0x8000efc2 (0x043f2123) mem 0x80010000 0x00000001
core   0: 0x8000efc6 (0x0000bfe5) c.j     pc - 8
core   0: 3 0x8000efc6 (0xbfe5)
core   0: 0x8000efbe (0x00001f17) auipc   t5, 0x1
core   0: 3 0x8000efbe (0x00001f17) x30 0x8000ffbe
core   0: 0x8000efc2 (0x043f2123) sw      gp, 66(t5)
core   0: 3 0x8000efc2 (0x043f2123) mem 0x80010000 0x00000001
core   0: 0x8000efc6 (0x0000bfe5) c.j     pc - 8
core   0: 3 0x8000efc6 (0xbfe5)
core   0: 0x8000efbe (0x00001f17) auipc   t5, 0x1
core   0: 3 0x8000efbe (0x00001f17) x30 0x8000ffbe
core   0: 0x8000efc2 (0x043f2123) sw      gp, 66(t5)
core   0: 3 0x8000efc2 (0x043f2123) mem 0x80010000 0x00000001
core   0: 0x8000efc6 (0x0000bfe5) c.j     pc - 8
core   0: 3 0x8000efc6 (0xbfe5)
core   0: 0x8000efbe (0x00001f17) auipc   t5, 0x1
core   0: 3 0x8000efbe (0x00001f17) x30 0x8000ffbe
core   0: 0x8000efc2 (0x043f2123) sw      gp, 66(t5)
core   0: 3 0x8000efc2 (0x043f2123) mem 0x80010000 0x00000001
core   0: 0x8000efc6 (0x0000bfe5) c.j     pc - 8
core   0: 3 0x8000efc6 (0xbfe5)
core   0: 0x8000efbe (0x00001f17) auipc   t5, 0x1
core   0: 3 0x8000efbe (0x00001f17) x30 0x8000ffbe
core   0: 0x8000efc2 (0x043f2123) sw      gp, 66(t5)
core   0: 3 0x8000efc2 (0x043f2123) mem 0x80010000 0x00000001
core   0: 0x8000efc6 (0x0000bfe5) c.j     pc - 8
core   0: 3 0x8000efc6 (0xbfe5)
core   0: 0x8000efbe (0x00001f17) auipc   t5, 0x1
core   0: 3 0x8000efbe (0x00001f17) x30 0x8000ffbe
core   0: 0x8000efc2 (0x043f2123) sw      gp, 66(t5)
core   0: 3 0x8000efc2 (0x043f2123) mem 0x80010000 0x00000001
core   0: 0x8000efc6 (0x0000bfe5) c.j     pc - 8
core   0: 3 0x8000efc6 (0xbfe5)
core   0: 0x8000efbe (0x00001f17) auipc   t5, 0x1
core   0: 3 0x8000efbe (0x00001f17) x30 0x8000ffbe
core   0: 0x8000efc2 (0x043f2123) sw      gp, 66(t5)
core   0: 3 0x8000efc2 (0x043f2123) mem 0x80010000 0x00000001
core   0: 0x8000efc6 (0x0000bfe5) c.j     pc - 8
core   0: 3 0x8000efc6 (0xbfe5)
core   0: 0x8000efbe (0x00001f17) auipc   t5, 0x1
core   0: 3 0x8000efbe (0x00001f17) x30 0x8000ffbe
core   0: 0x8000efc2 (0x043f2123) sw      gp, 66(t5)
core   0: 3 0x8000efc2 (0x043f2123) mem 0x80010000 0x00000001
core   0: 0x8000efc6 (0x0000bfe5) c.j     pc - 8
core   0: 3 0x8000efc6 (0xbfe5)
core   0: 0x8000efbe (0x00001f17) auipc   t5, 0x1
core   0: 3 0x8000efbe (0x00001f17) x30 0x8000ffbe
core   0: 0x8000efc2 (0x043f2123) sw      gp, 66(t5)
core   0: 3 0x8000efc2 (0x043f2123) mem 0x80010000 0x00000001
core   0: 0x8000efc6 (0x0000bfe5) c.j     pc - 8
core   0: 3 0x8000efc6 (0xbfe5)
core   0: 0x8000efbe (0x00001f17) auipc   t5, 0x1
core   0: 3 0x8000efbe (0x00001f17) x30 0x8000ffbe
core   0: 0x8000efc2 (0x043f2123) sw      gp, 66(t5)
core   0: 3 0x8000efc2 (0x043f2123) mem 0x80010000 0x00000001
core   0: 0x8000efc6 (0x0000bfe5) c.j     pc - 8
core   0: 3 0x8000efc6 (0xbfe5)
core   0: 0x8000efbe (0x00001f17) auipc   t5, 0x1
core   0: 3 0x8000efbe (0x00001f17) x30 0x8000ffbe
core   0: 0x8000efc2 (0x043f2123) sw      gp, 66(t5)
core   0: 3 0x8000efc2 (0x043f2123) mem 0x80010000 0x00000001
core   0: 0x8000efc6 (0x0000bfe5) c.j     pc - 8
core   0: 3 0x8000efc6 (0xbfe5)
core   0: 0x8000efbe (0x00001f17) auipc   t5, 0x1
core   0: 3 0x8000efbe (0x00001f17) x30 0x8000ffbe
core   0: 0x8000efc2 (0x043f2123) sw      gp, 66(t5)
core   0: 3 0x8000efc2 (0x043f2123) mem 0x80010000 0x00000001
core   0: 0x8000efc6 (0x0000bfe5) c.j     pc - 8
core   0: 3 0x8000efc6 (0xbfe5)
core   0: 0x8000efbe (0x00001f17) auipc   t5, 0x1
core   0: 3 0x8000efbe (0x00001f17) x30 0x8000ffbe
core   0: 0x8000efc2 (0x043f2123) sw      gp, 66(t5)
core   0: 3 0x8000efc2 (0x043f2123) mem 0x80010000 0x00000001
core   0: 0x8000efc6 (0x0000bfe5) c.j     pc - 8
core   0: 3 0x8000efc6 (0xbfe5)
core   0: 0x8000efbe (0x00001f17) auipc   t5, 0x1
core   0: 3 0x8000efbe (0x00001f17) x30 0x8000ffbe
core   0: 0x8000efc2 (0x043f2123) sw      gp, 66(t5)
core   0: 3 0x8000efc2 (0x043f2123) mem 0x80010000 0x00000001
core   0: 0x8000efc6 (0x0000bfe5) c.j     pc - 8
core   0: 3 0x8000efc6 (0xbfe5)
core   0: 0x8000efbe (0x00001f17) auipc   t5, 0x1
core   0: 3 0x8000efbe (0x00001f17) x30 0x8000ffbe
core   0: 0x8000efc2 (0x043f2123) sw      gp, 66(t5)
core   0: 3 0x8000efc2 (0x043f2123) mem 0x80010000 0x00000001
core   0: 0x8000efc6 (0x0000bfe5) c.j     pc - 8
core   0: 3 0x8000efc6 (0xbfe5)
core   0: 0x8000efbe (0x00001f17) auipc   t5, 0x1
core   0: 3 0x8000efbe (0x00001f17) x30 0x8000ffbe
core   0: 0x8000efc2 (0x043f2123) sw      gp, 66(t5)
core   0: 3 0x8000efc2 (0x043f2123) mem 0x80010000 0x00000001
core   0: 0x8000efc6 (0x0000bfe5) c.j     pc - 8
core   0: 3 0x8000efc6 (0xbfe5)
core   0: 0x8000efbe (0x00001f17) auipc   t5, 0x1
core   0: 3 0x8000efbe (0x00001f17) x30 0x8000ffbe
core   0: 0x8000efc2 (0x043f2123) sw      gp, 66(t5)
core   0: 3 0x8000efc2 (0x043f2123) mem 0x80010000 0x00000001
core   0: 0x8000efc6 (0x0000bfe5) c.j     pc - 8
core   0: 3 0x8000efc6 (0xbfe5)
core   0: 0x8000efbe (0x00001f17) auipc   t5, 0x1
core   0: 3 0x8000efbe (0x00001f17) x30 0x8000ffbe
core   0: 0x8000efc2 (0x043f2123) sw      gp, 66(t5)
core   0: 3 0x8000efc2 (0x043f2123) mem 0x80010000 0x00000001
core   0: 0x8000efc6 (0x0000bfe5) c.j     pc - 8
core   0: 3 0x8000efc6 (0xbfe5)
core   0: 0x8000efbe (0x00001f17) auipc   t5, 0x1
core   0: 3 0x8000efbe (0x00001f17) x30 0x8000ffbe
core   0: 0x8000efc2 (0x043f2123) sw      gp, 66(t5)
core   0: 3 0x8000efc2 (0x043f2123) mem 0x80010000 0x00000001
core   0: 0x8000efc6 (0x0000bfe5) c.j     pc - 8
core   0: 3 0x8000efc6 (0xbfe5)
core   0: 0x8000efbe (0x00001f17) auipc   t5, 0x1
core   0: 3 0x8000efbe (0x00001f17) x30 0x8000ffbe
core   0: 0x8000efc2 (0x043f2123) sw      gp, 66(t5)
core   0: 3 0x8000efc2 (0x043f2123) mem 0x80010000 0x00000001
core   0: 0x8000efc6 (0x0000bfe5) c.j     pc - 8
core   0: 3 0x8000efc6 (0xbfe5)
core   0: 0x8000efbe (0x00001f17) auipc   t5, 0x1
core   0: 3 0x8000efbe (0x00001f17) x30 0x8000ffbe
core   0: 0x8000efc2 (0x043f2123) sw      gp, 66(t5)
core   0: 3 0x8000efc2 (0x043f2123) mem 0x80010000 0x00000001
core   0: 0x8000efc6 (0x0000bfe5) c.j     pc - 8
core   0: 3 0x8000efc6 (0xbfe5)
core   0: 0x8000efbe (0x00001f17) auipc   t5, 0x1
core   0: 3 0x8000efbe (0x00001f17) x30 0x8000ffbe
core   0: 0x8000efc2 (0x043f2123) sw      gp, 66(t5)
core   0: 3 0x8000efc2 (0x043f2123) mem 0x80010000 0x00000001
core   0: 0x8000efc6 (0x0000bfe5) c.j     pc - 8
core   0: 3 0x8000efc6 (0xbfe5)
core   0: 0x8000efbe (0x00001f17) auipc   t5, 0x1
core   0: 3 0x8000efbe (0x00001f17) x30 0x8000ffbe
core   0: 0x8000efc2 (0x043f2123) sw      gp, 66(t5)
core   0: 3 0x8000efc2 (0x043f2123) mem 0x80010000 0x00000001
core   0: 0x8000efc6 (0x0000bfe5) c.j     pc - 8
core   0: 3 0x8000efc6 (0xbfe5)
core   0: 0x8000efbe (0x00001f17) auipc   t5, 0x1
core   0: 3 0x8000efbe (0x00001f17) x30 0x8000ffbe
core   0: 0x8000efc2 (0x043f2123) sw      gp, 66(t5)
core   0: 3 0x8000efc2 (0x043f2123) mem 0x80010000 0x00000001
core   0: 0x8000efc6 (0x0000bfe5) c.j     pc - 8
core   0: 3 0x8000efc6 (0xbfe5)
core   0: 0x8000efbe (0x00001f17) auipc   t5, 0x1
core   0: 3 0x8000efbe (0x00001f17) x30 0x8000ffbe
core   0: 0x8000efc2 (0x043f2123) sw      gp, 66(t5)
core   0: 3 0x8000efc2 (0x043f2123) mem 0x80010000 0x00000001
core   0: 0x8000efc6 (0x0000bfe5) c.j     pc - 8
core   0: 3 0x8000efc6 (0xbfe5)
core   0: 0x8000efbe (0x00001f17) auipc   t5, 0x1
core   0: 3 0x8000efbe (0x00001f17) x30 0x8000ffbe
core   0: 0x8000efc2 (0x043f2123) sw      gp, 66(t5)
core   0: 3 0x8000efc2 (0x043f2123) mem 0x80010000 0x00000001
core   0: 0x8000efc6 (0x0000bfe5) c.j     pc - 8
core   0: 3 0x8000efc6 (0xbfe5)
core   0: 0x8000efbe (0x00001f17) auipc   t5, 0x1
core   0: 3 0x8000efbe (0x00001f17) x30 0x8000ffbe
core   0: 0x8000efc2 (0x043f2123) sw      gp, 66(t5)
core   0: 3 0x8000efc2 (0x043f2123) mem 0x80010000 0x00000001
core   0: 0x8000efc6 (0x0000bfe5) c.j     pc - 8
core   0: 3 0x8000efc6 (0xbfe5)
core   0: 0x8000efbe (0x00001f17) auipc   t5, 0x1
core   0: 3 0x8000efbe (0x00001f17) x30 0x8000ffbe
core   0: 0x8000efc2 (0x043f2123) sw      gp, 66(t5)
core   0: 3 0x8000efc2 (0x043f2123) mem 0x80010000 0x00000001
core   0: 0x8000efc6 (0x0000bfe5) c.j     pc - 8
core   0: 3 0x8000efc6 (0xbfe5)
core   0: 0x8000efbe (0x00001f17) auipc   t5, 0x1
core   0: 3 0x8000efbe (0x00001f17) x30 0x8000ffbe
core   0: 0x8000efc2 (0x043f2123) sw      gp, 66(t5)
core   0: 3 0x8000efc2 (0x043f2123) mem 0x80010000 0x00000001
core   0: 0x8000efc6 (0x0000bfe5) c.j     pc - 8
core   0: 3 0x8000efc6 (0xbfe5)
core   0: 0x8000efbe (0x00001f17) auipc   t5, 0x1
core   0: 3 0x8000efbe (0x00001f17) x30 0x8000ffbe
core   0: 0x8000efc2 (0x043f2123) sw      gp, 66(t5)
core   0: 3 0x8000efc2 (0x043f2123) mem 0x80010000 0x00000001
core   0: 0x8000efc6 (0x0000bfe5) c.j     pc - 8
core   0: 3 0x8000efc6 (0xbfe5)
core   0: 0x8000efbe (0x00001f17) auipc   t5, 0x1
core   0: 3 0x8000efbe (0x00001f17) x30 0x8000ffbe
core   0: 0x8000efc2 (0x043f2123) sw      gp, 66(t5)
core   0: 3 0x8000efc2 (0x043f2123) mem 0x80010000 0x00000001
core   0: 0x8000efc6 (0x0000bfe5) c.j     pc - 8
core   0: 3 0x8000efc6 (0xbfe5)
core   0: 0x8000efbe (0x00001f17) auipc   t5, 0x1
core   0: 3 0x8000efbe (0x00001f17) x30 0x8000ffbe
core   0: 0x8000efc2 (0x043f2123) sw      gp, 66(t5)
core   0: 3 0x8000efc2 (0x043f2123) mem 0x80010000 0x00000001
core   0: 0x8000efc6 (0x0000bfe5) c.j     pc - 8
core   0: 3 0x8000efc6 (0xbfe5)
core   0: 0x8000efbe (0x00001f17) auipc   t5, 0x1
core   0: 3 0x8000efbe (0x00001f17) x30 0x8000ffbe
core   0: 0x8000efc2 (0x043f2123) sw      gp, 66(t5)
core   0: 3 0x8000efc2 (0x043f2123) mem 0x80010000 0x00000001
core   0: 0x8000efc6 (0x0000bfe5) c.j     pc - 8
core   0: 3 0x8000efc6 (0xbfe5)
core   0: 0x8000efbe (0x00001f17) auipc   t5, 0x1
core   0: 3 0x8000efbe (0x00001f17) x30 0x8000ffbe
core   0: 0x8000efc2 (0x043f2123) sw      gp, 66(t5)
core   0: 3 0x8000efc2 (0x043f2123) mem 0x80010000 0x00000001
core   0: 0x8000efc6 (0x0000bfe5) c.j     pc - 8
core   0: 3 0x8000efc6 (0xbfe5)
core   0: 0x8000efbe (0x00001f17) auipc   t5, 0x1
core   0: 3 0x8000efbe (0x00001f17) x30 0x8000ffbe
core   0: 0x8000efc2 (0x043f2123) sw      gp, 66(t5)
core   0: 3 0x8000efc2 (0x043f2123) mem 0x80010000 0x00000001
core   0: 0x8000efc6 (0x0000bfe5) c.j     pc - 8
core   0: 3 0x8000efc6 (0xbfe5)
core   0: 0x8000efbe (0x00001f17) auipc   t5, 0x1
core   0: 3 0x8000efbe (0x00001f17) x30 0x8000ffbe
core   0: 0x8000efc2 (0x043f2123) sw      gp, 66(t5)
core   0: 3 0x8000efc2 (0x043f2123) mem 0x80010000 0x00000001
core   0: 0x8000efc6 (0x0000bfe5) c.j     pc - 8
core   0: 3 0x8000efc6 (0xbfe5)
core   0: 0x8000efbe (0x00001f17) auipc   t5, 0x1
core   0: 3 0x8000efbe (0x00001f17) x30 0x8000ffbe
core   0: 0x8000efc2 (0x043f2123) sw      gp, 66(t5)
core   0: 3 0x8000efc2 (0x043f2123) mem 0x80010000 0x00000001
core   0: 0x8000efc6 (0x0000bfe5) c.j     pc - 8
core   0: 3 0x8000efc6 (0xbfe5)
core   0: 0x8000efbe (0x00001f17) auipc   t5, 0x1
core   0: 3 0x8000efbe (0x00001f17) x30 0x8000ffbe
core   0: 0x8000efc2 (0x043f2123) sw      gp, 66(t5)
core   0: 3 0x8000efc2 (0x043f2123) mem 0x80010000 0x00000001
core   0: 0x8000efc6 (0x0000bfe5) c.j     pc - 8
core   0: 3 0x8000efc6 (0xbfe5)
core   0: 0x8000efbe (0x00001f17) auipc   t5, 0x1
core   0: 3 0x8000efbe (0x00001f17) x30 0x8000ffbe
core   0: 0x8000efc2 (0x043f2123) sw      gp, 66(t5)
core   0: 3 0x8000efc2 (0x043f2123) mem 0x80010000 0x00000001
core   0: 0x8000efc6 (0x0000bfe5) c.j     pc - 8
core   0: 3 0x8000efc6 (0xbfe5)
core   0: 0x8000efbe (0x00001f17) auipc   t5, 0x1
core   0: 3 0x8000efbe (0x00001f17) x30 0x8000ffbe
core   0: 0x8000efc2 (0x043f2123) sw      gp, 66(t5)
core   0: 3 0x8000efc2 (0x043f2123) mem 0x80010000 0x00000001
core   0: 0x8000efc6 (0x0000bfe5) c.j     pc - 8
core   0: 3 0x8000efc6 (0xbfe5)
core   0: 0x8000efbe (0x00001f17) auipc   t5, 0x1
core   0: 3 0x8000efbe (0x00001f17) x30 0x8000ffbe
core   0: 0x8000efc2 (0x043f2123) sw      gp, 66(t5)
core   0: 3 0x8000efc2 (0x043f2123) mem 0x80010000 0x00000001
core   0: 0x8000efc6 (0x0000bfe5) c.j     pc - 8
core   0: 3 0x8000efc6 (0xbfe5)
core   0: 0x8000efbe (0x00001f17) auipc   t5, 0x1
core   0: 3 0x8000efbe (0x00001f17) x30 0x8000ffbe
core   0: 0x8000efc2 (0x043f2123) sw      gp, 66(t5)
core   0: 3 0x8000efc2 (0x043f2123) mem 0x80010000 0x00000001
core   0: 0x8000efc6 (0x0000bfe5) c.j     pc - 8
core   0: 3 0x8000efc6 (0xbfe5)
core   0: 0x8000efbe (0x00001f17) auipc   t5, 0x1
core   0: 3 0x8000efbe (0x00001f17) x30 0x8000ffbe
core   0: 0x8000efc2 (0x043f2123) sw      gp, 66(t5)
core   0: 3 0x8000efc2 (0x043f2123) mem 0x80010000 0x00000001
core   0: 0x8000efc6 (0x0000bfe5) c.j     pc - 8
core   0: 3 0x8000efc6 (0xbfe5)
core   0: 0x8000efbe (0x00001f17) auipc   t5, 0x1
core   0: 3 0x8000efbe (0x00001f17) x30 0x8000ffbe
core   0: 0x8000efc2 (0x043f2123) sw      gp, 66(t5)
core   0: 3 0x8000efc2 (0x043f2123) mem 0x80010000 0x00000001
core   0: 0x8000efc6 (0x0000bfe5) c.j     pc - 8
core   0: 3 0x8000efc6 (0xbfe5)
core   0: 0x8000efbe (0x00001f17) auipc   t5, 0x1
core   0: 3 0x8000efbe (0x00001f17) x30 0x8000ffbe
core   0: 0x8000efc2 (0x043f2123) sw      gp, 66(t5)
core   0: 3 0x8000efc2 (0x043f2123) mem 0x80010000 0x00000001
core   0: 0x8000efc6 (0x0000bfe5) c.j     pc - 8
core   0: 3 0x8000efc6 (0xbfe5)
core   0: 0x8000efbe (0x00001f17) auipc   t5, 0x1
core   0: 3 0x8000efbe (0x00001f17) x30 0x8000ffbe
core   0: 0x8000efc2 (0x043f2123) sw      gp, 66(t5)
core   0: 3 0x8000efc2 (0x043f2123) mem 0x80010000 0x00000001
core   0: 0x8000efc6 (0x0000bfe5) c.j     pc - 8
core   0: 3 0x8000efc6 (0xbfe5)
core   0: 0x8000efbe (0x00001f17) auipc   t5, 0x1
core   0: 3 0x8000efbe (0x00001f17) x30 0x8000ffbe
core   0: 0x8000efc2 (0x043f2123) sw      gp, 66(t5)
core   0: 3 0x8000efc2 (0x043f2123) mem 0x80010000 0x00000001
core   0: 0x8000efc6 (0x0000bfe5) c.j     pc - 8
core   0: 3 0x8000efc6 (0xbfe5)
core   0: 0x8000efbe (0x00001f17) auipc   t5, 0x1
core   0: 3 0x8000efbe (0x00001f17) x30 0x8000ffbe
core   0: 0x8000efc2 (0x043f2123) sw      gp, 66(t5)
core   0: 3 0x8000efc2 (0x043f2123) mem 0x80010000 0x00000001
core   0: 0x8000efc6 (0x0000bfe5) c.j     pc - 8
core   0: 3 0x8000efc6 (0xbfe5)
core   0: 0x8000efbe (0x00001f17) auipc   t5, 0x1
core   0: 3 0x8000efbe (0x00001f17) x30 0x8000ffbe
core   0: 0x8000efc2 (0x043f2123) sw      gp, 66(t5)
core   0: 3 0x8000efc2 (0x043f2123) mem 0x80010000 0x00000001
core   0: 0x8000efc6 (0x0000bfe5) c.j     pc - 8
core   0: 3 0x8000efc6 (0xbfe5)
core   0: 0x8000efbe (0x00001f17) auipc   t5, 0x1
core   0: 3 0x8000efbe (0x00001f17) x30 0x8000ffbe
core   0: 0x8000efc2 (0x043f2123) sw      gp, 66(t5)
core   0: 3 0x8000efc2 (0x043f2123) mem 0x80010000 0x00000001
core   0: 0x8000efc6 (0x0000bfe5) c.j     pc - 8
core   0: 3 0x8000efc6 (0xbfe5)
core   0: 0x8000efbe (0x00001f17) auipc   t5, 0x1
core   0: 3 0x8000efbe (0x00001f17) x30 0x8000ffbe
core   0: 0x8000efc2 (0x043f2123) sw      gp, 66(t5)
core   0: 3 0x8000efc2 (0x043f2123) mem 0x80010000 0x00000001
core   0: 0x8000efc6 (0x0000bfe5) c.j     pc - 8
core   0: 3 0x8000efc6 (0xbfe5)
core   0: 0x8000efbe (0x00001f17) auipc   t5, 0x1
core   0: 3 0x8000efbe (0x00001f17) x30 0x8000ffbe
core   0: 0x8000efc2 (0x043f2123) sw      gp, 66(t5)
core   0: 3 0x8000efc2 (0x043f2123) mem 0x80010000 0x00000001
core   0: 0x8000efc6 (0x0000bfe5) c.j     pc - 8
core   0: 3 0x8000efc6 (0xbfe5)
core   0: 0x8000efbe (0x00001f17) auipc   t5, 0x1
core   0: 3 0x8000efbe (0x00001f17) x30 0x8000ffbe
core   0: 0x8000efc2 (0x043f2123) sw      gp, 66(t5)
core   0: 3 0x8000efc2 (0x043f2123) mem 0x80010000 0x00000001
core   0: 0x8000efc6 (0x0000bfe5) c.j     pc - 8
core   0: 3 0x8000efc6 (0xbfe5)
core   0: 0x8000efbe (0x00001f17) auipc   t5, 0x1
core   0: 3 0x8000efbe (0x00001f17) x30 0x8000ffbe
core   0: 0x8000efc2 (0x043f2123) sw      gp, 66(t5)
core   0: 3 0x8000efc2 (0x043f2123) mem 0x80010000 0x00000001
core   0: 0x8000efc6 (0x0000bfe5) c.j     pc - 8
core   0: 3 0x8000efc6 (0xbfe5)
core   0: 0x8000efbe (0x00001f17) auipc   t5, 0x1
core   0: 3 0x8000efbe (0x00001f17) x30 0x8000ffbe
core   0: 0x8000efc2 (0x043f2123) sw      gp, 66(t5)
core   0: 3 0x8000efc2 (0x043f2123) mem 0x80010000 0x00000001
core   0: 0x8000efc6 (0x0000bfe5) c.j     pc - 8
core   0: 3 0x8000efc6 (0xbfe5)
core   0: 0x8000efbe (0x00001f17) auipc   t5, 0x1
core   0: 3 0x8000efbe (0x00001f17) x30 0x8000ffbe
core   0: 0x8000efc2 (0x043f2123) sw      gp, 66(t5)
core   0: 3 0x8000efc2 (0x043f2123) mem 0x80010000 0x00000001
core   0: 0x8000efc6 (0x0000bfe5) c.j     pc - 8
core   0: 3 0x8000efc6 (0xbfe5)
core   0: 0x8000efbe (0x00001f17) auipc   t5, 0x1
core   0: 3 0x8000efbe (0x00001f17) x30 0x8000ffbe
core   0: 0x8000efc2 (0x043f2123) sw      gp, 66(t5)
core   0: 3 0x8000efc2 (0x043f2123) mem 0x80010000 0x00000001
core   0: 0x8000efc6 (0x0000bfe5) c.j     pc - 8
core   0: 3 0x8000efc6 (0xbfe5)
core   0: 0x8000efbe (0x00001f17) auipc   t5, 0x1
core   0: 3 0x8000efbe (0x00001f17) x30 0x8000ffbe
core   0: 0x8000efc2 (0x043f2123) sw      gp, 66(t5)
core   0: 3 0x8000efc2 (0x043f2123) mem 0x80010000 0x00000001
core   0: 0x8000efc6 (0x0000bfe5) c.j     pc - 8
core   0: 3 0x8000efc6 (0xbfe5)
core   0: 0x8000efbe (0x00001f17) auipc   t5, 0x1
core   0: 3 0x8000efbe (0x00001f17) x30 0x8000ffbe
core   0: 0x8000efc2 (0x043f2123) sw      gp, 66(t5)
core   0: 3 0x8000efc2 (0x043f2123) mem 0x80010000 0x00000001
core   0: 0x8000efc6 (0x0000bfe5) c.j     pc - 8
core   0: 3 0x8000efc6 (0xbfe5)
core   0: 0x8000efbe (0x00001f17) auipc   t5, 0x1
core   0: 3 0x8000efbe (0x00001f17) x30 0x8000ffbe
core   0: 0x8000efc2 (0x043f2123) sw      gp, 66(t5)
core   0: 3 0x8000efc2 (0x043f2123) mem 0x80010000 0x00000001
core   0: 0x8000efc6 (0x0000bfe5) c.j     pc - 8
core   0: 3 0x8000efc6 (0xbfe5)
core   0: 0x8000efbe (0x00001f17) auipc   t5, 0x1
core   0: 3 0x8000efbe (0x00001f17) x30 0x8000ffbe
core   0: 0x8000efc2 (0x043f2123) sw      gp, 66(t5)
core   0: 3 0x8000efc2 (0x043f2123) mem 0x80010000 0x00000001
core   0: 0x8000efc6 (0x0000bfe5) c.j     pc - 8
core   0: 3 0x8000efc6 (0xbfe5)
core   0: 0x8000efbe (0x00001f17) auipc   t5, 0x1
core   0: 3 0x8000efbe (0x00001f17) x30 0x8000ffbe
core   0: 0x8000efc2 (0x043f2123) sw      gp, 66(t5)
core   0: 3 0x8000efc2 (0x043f2123) mem 0x80010000 0x00000001
core   0: 0x8000efc6 (0x0000bfe5) c.j     pc - 8
core   0: 3 0x8000efc6 (0xbfe5)
core   0: 0x8000efbe (0x00001f17) auipc   t5, 0x1
core   0: 3 0x8000efbe (0x00001f17) x30 0x8000ffbe
core   0: 0x8000efc2 (0x043f2123) sw      gp, 66(t5)
core   0: 3 0x8000efc2 (0x043f2123) mem 0x80010000 0x00000001
core   0: 0x8000efc6 (0x0000bfe5) c.j     pc - 8
core   0: 3 0x8000efc6 (0xbfe5)
core   0: 0x8000efbe (0x00001f17) auipc   t5, 0x1
core   0: 3 0x8000efbe (0x00001f17) x30 0x8000ffbe
core   0: 0x8000efc2 (0x043f2123) sw      gp, 66(t5)
core   0: 3 0x8000efc2 (0x043f2123) mem 0x80010000 0x00000001
core   0: 0x8000efc6 (0x0000bfe5) c.j     pc - 8
core   0: 3 0x8000efc6 (0xbfe5)
core   0: 0x8000efbe (0x00001f17) auipc   t5, 0x1
core   0: 3 0x8000efbe (0x00001f17) x30 0x8000ffbe
core   0: 0x8000efc2 (0x043f2123) sw      gp, 66(t5)
core   0: 3 0x8000efc2 (0x043f2123) mem 0x80010000 0x00000001
core   0: 0x8000efc6 (0x0000bfe5) c.j     pc - 8
core   0: 3 0x8000efc6 (0xbfe5)
core   0: 0x8000efbe (0x00001f17) auipc   t5, 0x1
core   0: 3 0x8000efbe (0x00001f17) x30 0x8000ffbe
core   0: 0x8000efc2 (0x043f2123) sw      gp, 66(t5)
core   0: 3 0x8000efc2 (0x043f2123) mem 0x80010000 0x00000001
core   0: 0x8000efc6 (0x0000bfe5) c.j     pc - 8
core   0: 3 0x8000efc6 (0xbfe5)
core   0: 0x8000efbe (0x00001f17) auipc   t5, 0x1
core   0: 3 0x8000efbe (0x00001f17) x30 0x8000ffbe
core   0: 0x8000efc2 (0x043f2123) sw      gp, 66(t5)
core   0: 3 0x8000efc2 (0x043f2123) mem 0x80010000 0x00000001
core   0: 0x8000efc6 (0x0000bfe5) c.j     pc - 8
core   0: 3 0x8000efc6 (0xbfe5)
core   0: 0x8000efbe (0x00001f17) auipc   t5, 0x1
core   0: 3 0x8000efbe (0x00001f17) x30 0x8000ffbe
core   0: 0x8000efc2 (0x043f2123) sw      gp, 66(t5)
core   0: 3 0x8000efc2 (0x043f2123) mem 0x80010000 0x00000001
core   0: 0x8000efc6 (0x0000bfe5) c.j     pc - 8
core   0: 3 0x8000efc6 (0xbfe5)
core   0: 0x8000efbe (0x00001f17) auipc   t5, 0x1
core   0: 3 0x8000efbe (0x00001f17) x30 0x8000ffbe
core   0: 0x8000efc2 (0x043f2123) sw      gp, 66(t5)
core   0: 3 0x8000efc2 (0x043f2123) mem 0x80010000 0x00000001
core   0: 0x8000efc6 (0x0000bfe5) c.j     pc - 8
core   0: 3 0x8000efc6 (0xbfe5)
core   0: 0x8000efbe (0x00001f17) auipc   t5, 0x1
core   0: 3 0x8000efbe (0x00001f17) x30 0x8000ffbe
core   0: 0x8000efc2 (0x043f2123) sw      gp, 66(t5)
core   0: 3 0x8000efc2 (0x043f2123) mem 0x80010000 0x00000001
core   0: 0x8000efc6 (0x0000bfe5) c.j     pc - 8
core   0: 3 0x8000efc6 (0xbfe5)
core   0: 0x8000efbe (0x00001f17) auipc   t5, 0x1
core   0: 3 0x8000efbe (0x00001f17) x30 0x8000ffbe
core   0: 0x8000efc2 (0x043f2123) sw      gp, 66(t5)
core   0: 3 0x8000efc2 (0x043f2123) mem 0x80010000 0x00000001
core   0: 0x8000efc6 (0x0000bfe5) c.j     pc - 8
core   0: 3 0x8000efc6 (0xbfe5)
core   0: 0x8000efbe (0x00001f17) auipc   t5, 0x1
core   0: 3 0x8000efbe (0x00001f17) x30 0x8000ffbe
core   0: 0x8000efc2 (0x043f2123) sw      gp, 66(t5)
core   0: 3 0x8000efc2 (0x043f2123) mem 0x80010000 0x00000001
core   0: 0x8000efc6 (0x0000bfe5) c.j     pc - 8
core   0: 3 0x8000efc6 (0xbfe5)
core   0: 0x8000efbe (0x00001f17) auipc   t5, 0x1
core   0: 3 0x8000efbe (0x00001f17) x30 0x8000ffbe
core   0: 0x8000efc2 (0x043f2123) sw      gp, 66(t5)
core   0: 3 0x8000efc2 (0x043f2123) mem 0x80010000 0x00000001
core   0: 0x8000efc6 (0x0000bfe5) c.j     pc - 8
core   0: 3 0x8000efc6 (0xbfe5)
core   0: 0x8000efbe (0x00001f17) auipc   t5, 0x1
core   0: 3 0x8000efbe (0x00001f17) x30 0x8000ffbe
core   0: 0x8000efc2 (0x043f2123) sw      gp, 66(t5)
core   0: 3 0x8000efc2 (0x043f2123) mem 0x80010000 0x00000001
core   0: 0x8000efc6 (0x0000bfe5) c.j     pc - 8
core   0: 3 0x8000efc6 (0xbfe5)
core   0: 0x8000efbe (0x00001f17) auipc   t5, 0x1
core   0: 3 0x8000efbe (0x00001f17) x30 0x8000ffbe
core   0: 0x8000efc2 (0x043f2123) sw      gp, 66(t5)
core   0: 3 0x8000efc2 (0x043f2123) mem 0x80010000 0x00000001
core   0: 0x8000efc6 (0x0000bfe5) c.j     pc - 8
core   0: 3 0x8000efc6 (0xbfe5)
core   0: 0x8000efbe (0x00001f17) auipc   t5, 0x1
core   0: 3 0x8000efbe (0x00001f17) x30 0x8000ffbe
core   0: 0x8000efc2 (0x043f2123) sw      gp, 66(t5)
core   0: 3 0x8000efc2 (0x043f2123) mem 0x80010000 0x00000001
core   0: 0x8000efc6 (0x0000bfe5) c.j     pc - 8
core   0: 3 0x8000efc6 (0xbfe5)
core   0: 0x8000efbe (0x00001f17) auipc   t5, 0x1
core   0: 3 0x8000efbe (0x00001f17) x30 0x8000ffbe
core   0: 0x8000efc2 (0x043f2123) sw      gp, 66(t5)
core   0: 3 0x8000efc2 (0x043f2123) mem 0x80010000 0x00000001
core   0: 0x8000efc6 (0x0000bfe5) c.j     pc - 8
core   0: 3 0x8000efc6 (0xbfe5)
core   0: 0x8000efbe (0x00001f17) auipc   t5, 0x1
core   0: 3 0x8000efbe (0x00001f17) x30 0x8000ffbe
core   0: 0x8000efc2 (0x043f2123) sw      gp, 66(t5)
core   0: 3 0x8000efc2 (0x043f2123) mem 0x80010000 0x00000001
core   0: 0x8000efc6 (0x0000bfe5) c.j     pc - 8
core   0: 3 0x8000efc6 (0xbfe5)
core   0: 0x8000efbe (0x00001f17) auipc   t5, 0x1
core   0: 3 0x8000efbe (0x00001f17) x30 0x8000ffbe
core   0: 0x8000efc2 (0x043f2123) sw      gp, 66(t5)
core   0: 3 0x8000efc2 (0x043f2123) mem 0x80010000 0x00000001
core   0: 0x8000efc6 (0x0000bfe5) c.j     pc - 8
core   0: 3 0x8000efc6 (0xbfe5)
core   0: 0x8000efbe (0x00001f17) auipc   t5, 0x1
core   0: 3 0x8000efbe (0x00001f17) x30 0x8000ffbe
core   0: 0x8000efc2 (0x043f2123) sw      gp, 66(t5)
core   0: 3 0x8000efc2 (0x043f2123) mem 0x80010000 0x00000001
core   0: 0x8000efc6 (0x0000bfe5) c.j     pc - 8
core   0: 3 0x8000efc6 (0xbfe5)
core   0: 0x8000efbe (0x00001f17) auipc   t5, 0x1
core   0: 3 0x8000efbe (0x00001f17) x30 0x8000ffbe
core   0: 0x8000efc2 (0x043f2123) sw      gp, 66(t5)
core   0: 3 0x8000efc2 (0x043f2123) mem 0x80010000 0x00000001
core   0: 0x8000efc6 (0x0000bfe5) c.j     pc - 8
core   0: 3 0x8000efc6 (0xbfe5)
core   0: 0x8000efbe (0x00001f17) auipc   t5, 0x1
core   0: 3 0x8000efbe (0x00001f17) x30 0x8000ffbe
core   0: 0x8000efc2 (0x043f2123) sw      gp, 66(t5)
core   0: 3 0x8000efc2 (0x043f2123) mem 0x80010000 0x00000001
core   0: 0x8000efc6 (0x0000bfe5) c.j     pc - 8
core   0: 3 0x8000efc6 (0xbfe5)
core   0: 0x8000efbe (0x00001f17) auipc   t5, 0x1
core   0: 3 0x8000efbe (0x00001f17) x30 0x8000ffbe
core   0: 0x8000efc2 (0x043f2123) sw      gp, 66(t5)
core   0: 3 0x8000efc2 (0x043f2123) mem 0x80010000 0x00000001
core   0: 0x8000efc6 (0x0000bfe5) c.j     pc - 8
core   0: 3 0x8000efc6 (0xbfe5)
core   0: 0x8000efbe (0x00001f17) auipc   t5, 0x1
core   0: 3 0x8000efbe (0x00001f17) x30 0x8000ffbe
core   0: 0x8000efc2 (0x043f2123) sw      gp, 66(t5)
core   0: 3 0x8000efc2 (0x043f2123) mem 0x80010000 0x00000001
core   0: 0x8000efc6 (0x0000bfe5) c.j     pc - 8
core   0: 3 0x8000efc6 (0xbfe5)
core   0: 0x8000efbe (0x00001f17) auipc   t5, 0x1
core   0: 3 0x8000efbe (0x00001f17) x30 0x8000ffbe
core   0: 0x8000efc2 (0x043f2123) sw      gp, 66(t5)
core   0: 3 0x8000efc2 (0x043f2123) mem 0x80010000 0x00000001
core   0: 0x8000efc6 (0x0000bfe5) c.j     pc - 8
core   0: 3 0x8000efc6 (0xbfe5)
core   0: 0x8000efbe (0x00001f17) auipc   t5, 0x1
core   0: 3 0x8000efbe (0x00001f17) x30 0x8000ffbe
core   0: 0x8000efc2 (0x043f2123) sw      gp, 66(t5)
core   0: 3 0x8000efc2 (0x043f2123) mem 0x80010000 0x00000001
core   0: 0x8000efc6 (0x0000bfe5) c.j     pc - 8
core   0: 3 0x8000efc6 (0xbfe5)
core   0: 0x8000efbe (0x00001f17) auipc   t5, 0x1
core   0: 3 0x8000efbe (0x00001f17) x30 0x8000ffbe
core   0: 0x8000efc2 (0x043f2123) sw      gp, 66(t5)
core   0: 3 0x8000efc2 (0x043f2123) mem 0x80010000 0x00000001
core   0: 0x8000efc6 (0x0000bfe5) c.j     pc - 8
core   0: 3 0x8000efc6 (0xbfe5)
core   0: 0x8000efbe (0x00001f17) auipc   t5, 0x1
core   0: 3 0x8000efbe (0x00001f17) x30 0x8000ffbe
core   0: 0x8000efc2 (0x043f2123) sw      gp, 66(t5)
core   0: 3 0x8000efc2 (0x043f2123) mem 0x80010000 0x00000001
core   0: 0x8000efc6 (0x0000bfe5) c.j     pc - 8
core   0: 3 0x8000efc6 (0xbfe5)
core   0: 0x8000efbe (0x00001f17) auipc   t5, 0x1
core   0: 3 0x8000efbe (0x00001f17) x30 0x8000ffbe
core   0: 0x8000efc2 (0x043f2123) sw      gp, 66(t5)
core   0: 3 0x8000efc2 (0x043f2123) mem 0x80010000 0x00000001
core   0: 0x8000efc6 (0x0000bfe5) c.j     pc - 8
core   0: 3 0x8000efc6 (0xbfe5)
core   0: 0x8000efbe (0x00001f17) auipc   t5, 0x1
core   0: 3 0x8000efbe (0x00001f17) x30 0x8000ffbe
core   0: 0x8000efc2 (0x043f2123) sw      gp, 66(t5)
core   0: 3 0x8000efc2 (0x043f2123) mem 0x80010000 0x00000001
core   0: 0x8000efc6 (0x0000bfe5) c.j     pc - 8
core   0: 3 0x8000efc6 (0xbfe5)
core   0: 0x8000efbe (0x00001f17) auipc   t5, 0x1
core   0: 3 0x8000efbe (0x00001f17) x30 0x8000ffbe
core   0: 0x8000efc2 (0x043f2123) sw      gp, 66(t5)
core   0: 3 0x8000efc2 (0x043f2123) mem 0x80010000 0x00000001
core   0: 0x8000efc6 (0x0000bfe5) c.j     pc - 8
core   0: 3 0x8000efc6 (0xbfe5)
core   0: 0x8000efbe (0x00001f17) auipc   t5, 0x1
core   0: 3 0x8000efbe (0x00001f17) x30 0x8000ffbe
core   0: 0x8000efc2 (0x043f2123) sw      gp, 66(t5)
core   0: 3 0x8000efc2 (0x043f2123) mem 0x80010000 0x00000001
core   0: 0x8000efc6 (0x0000bfe5) c.j     pc - 8
core   0: 3 0x8000efc6 (0xbfe5)
core   0: 0x8000efbe (0x00001f17) auipc   t5, 0x1
core   0: 3 0x8000efbe (0x00001f17) x30 0x8000ffbe
core   0: 0x8000efc2 (0x043f2123) sw      gp, 66(t5)
core   0: 3 0x8000efc2 (0x043f2123) mem 0x80010000 0x00000001
core   0: 0x8000efc6 (0x0000bfe5) c.j     pc - 8
core   0: 3 0x8000efc6 (0xbfe5)
core   0: 0x8000efbe (0x00001f17) auipc   t5, 0x1
core   0: 3 0x8000efbe (0x00001f17) x30 0x8000ffbe
core   0: 0x8000efc2 (0x043f2123) sw      gp, 66(t5)
core   0: 3 0x8000efc2 (0x043f2123) mem 0x80010000 0x00000001
core   0: 0x8000efc6 (0x0000bfe5) c.j     pc - 8
core   0: 3 0x8000efc6 (0xbfe5)
core   0: 0x8000efbe (0x00001f17) auipc   t5, 0x1
core   0: 3 0x8000efbe (0x00001f17) x30 0x8000ffbe
core   0: 0x8000efc2 (0x043f2123) sw      gp, 66(t5)
core   0: 3 0x8000efc2 (0x043f2123) mem 0x80010000 0x00000001
core   0: 0x8000efc6 (0x0000bfe5) c.j     pc - 8
core   0: 3 0x8000efc6 (0xbfe5)
core   0: 0x8000efbe (0x00001f17) auipc   t5, 0x1
core   0: 3 0x8000efbe (0x00001f17) x30 0x8000ffbe
core   0: 0x8000efc2 (0x043f2123) sw      gp, 66(t5)
core   0: 3 0x8000efc2 (0x043f2123) mem 0x80010000 0x00000001
core   0: 0x8000efc6 (0x0000bfe5) c.j     pc - 8
core   0: 3 0x8000efc6 (0xbfe5)
core   0: 0x8000efbe (0x00001f17) auipc   t5, 0x1
core   0: 3 0x8000efbe (0x00001f17) x30 0x8000ffbe
core   0: 0x8000efc2 (0x043f2123) sw      gp, 66(t5)
core   0: 3 0x8000efc2 (0x043f2123) mem 0x80010000 0x00000001
core   0: 0x8000efc6 (0x0000bfe5) c.j     pc - 8
core   0: 3 0x8000efc6 (0xbfe5)
core   0: 0x8000efbe (0x00001f17) auipc   t5, 0x1
core   0: 3 0x8000efbe (0x00001f17) x30 0x8000ffbe
core   0: 0x8000efc2 (0x043f2123) sw      gp, 66(t5)
core   0: 3 0x8000efc2 (0x043f2123) mem 0x80010000 0x00000001
core   0: 0x8000efc6 (0x0000bfe5) c.j     pc - 8
core   0: 3 0x8000efc6 (0xbfe5)
core   0: 0x8000efbe (0x00001f17) auipc   t5, 0x1
core   0: 3 0x8000efbe (0x00001f17) x30 0x8000ffbe
core   0: 0x8000efc2 (0x043f2123) sw      gp, 66(t5)
core   0: 3 0x8000efc2 (0x043f2123) mem 0x80010000 0x00000001
core   0: 0x8000efc6 (0x0000bfe5) c.j     pc - 8
core   0: 3 0x8000efc6 (0xbfe5)
core   0: 0x8000efbe (0x00001f17) auipc   t5, 0x1
core   0: 3 0x8000efbe (0x00001f17) x30 0x8000ffbe
core   0: 0x8000efc2 (0x043f2123) sw      gp, 66(t5)
core   0: 3 0x8000efc2 (0x043f2123) mem 0x80010000 0x00000001
core   0: 0x8000efc6 (0x0000bfe5) c.j     pc - 8
core   0: 3 0x8000efc6 (0xbfe5)
core   0: 0x8000efbe (0x00001f17) auipc   t5, 0x1
core   0: 3 0x8000efbe (0x00001f17) x30 0x8000ffbe
core   0: 0x8000efc2 (0x043f2123) sw      gp, 66(t5)
core   0: 3 0x8000efc2 (0x043f2123) mem 0x80010000 0x00000001
core   0: 0x8000efc6 (0x0000bfe5) c.j     pc - 8
core   0: 3 0x8000efc6 (0xbfe5)
core   0: 0x8000efbe (0x00001f17) auipc   t5, 0x1
core   0: 3 0x8000efbe (0x00001f17) x30 0x8000ffbe
core   0: 0x8000efc2 (0x043f2123) sw      gp, 66(t5)
core   0: 3 0x8000efc2 (0x043f2123) mem 0x80010000 0x00000001
core   0: 0x8000efc6 (0x0000bfe5) c.j     pc - 8
core   0: 3 0x8000efc6 (0xbfe5)
core   0: 0x8000efbe (0x00001f17) auipc   t5, 0x1
core   0: 3 0x8000efbe (0x00001f17) x30 0x8000ffbe
core   0: 0x8000efc2 (0x043f2123) sw      gp, 66(t5)
core   0: 3 0x8000efc2 (0x043f2123) mem 0x80010000 0x00000001
core   0: 0x8000efc6 (0x0000bfe5) c.j     pc - 8
core   0: 3 0x8000efc6 (0xbfe5)
core   0: 0x8000efbe (0x00001f17) auipc   t5, 0x1
core   0: 3 0x8000efbe (0x00001f17) x30 0x8000ffbe
core   0: 0x8000efc2 (0x043f2123) sw      gp, 66(t5)
core   0: 3 0x8000efc2 (0x043f2123) mem 0x80010000 0x00000001
core   0: 0x8000efc6 (0x0000bfe5) c.j     pc - 8
core   0: 3 0x8000efc6 (0xbfe5)
core   0: 0x8000efbe (0x00001f17) auipc   t5, 0x1
core   0: 3 0x8000efbe (0x00001f17) x30 0x8000ffbe
core   0: 0x8000efc2 (0x043f2123) sw      gp, 66(t5)
core   0: 3 0x8000efc2 (0x043f2123) mem 0x80010000 0x00000001
core   0: 0x8000efc6 (0x0000bfe5) c.j     pc - 8
core   0: 3 0x8000efc6 (0xbfe5)
core   0: 0x8000efbe (0x00001f17) auipc   t5, 0x1
core   0: 3 0x8000efbe (0x00001f17) x30 0x8000ffbe
core   0: 0x8000efc2 (0x043f2123) sw      gp, 66(t5)
core   0: 3 0x8000efc2 (0x043f2123) mem 0x80010000 0x00000001
core   0: 0x8000efc6 (0x0000bfe5) c.j     pc - 8
core   0: 3 0x8000efc6 (0xbfe5)
core   0: 0x8000efbe (0x00001f17) auipc   t5, 0x1
core   0: 3 0x8000efbe (0x00001f17) x30 0x8000ffbe
core   0: 0x8000efc2 (0x043f2123) sw      gp, 66(t5)
core   0: 3 0x8000efc2 (0x043f2123) mem 0x80010000 0x00000001
core   0: 0x8000efc6 (0x0000bfe5) c.j     pc - 8
core   0: 3 0x8000efc6 (0xbfe5)
core   0: 0x8000efbe (0x00001f17) auipc   t5, 0x1
core   0: 3 0x8000efbe (0x00001f17) x30 0x8000ffbe
core   0: 0x8000efc2 (0x043f2123) sw      gp, 66(t5)
core   0: 3 0x8000efc2 (0x043f2123) mem 0x80010000 0x00000001
core   0: 0x8000efc6 (0x0000bfe5) c.j     pc - 8
core   0: 3 0x8000efc6 (0xbfe5)
core   0: 0x8000efbe (0x00001f17) auipc   t5, 0x1
core   0: 3 0x8000efbe (0x00001f17) x30 0x8000ffbe
core   0: 0x8000efc2 (0x043f2123) sw      gp, 66(t5)
core   0: 3 0x8000efc2 (0x043f2123) mem 0x80010000 0x00000001
core   0: 0x8000efc6 (0x0000bfe5) c.j     pc - 8
core   0: 3 0x8000efc6 (0xbfe5)
core   0: 0x8000efbe (0x00001f17) auipc   t5, 0x1
core   0: 3 0x8000efbe (0x00001f17) x30 0x8000ffbe
core   0: 0x8000efc2 (0x043f2123) sw      gp, 66(t5)
core   0: 3 0x8000efc2 (0x043f2123) mem 0x80010000 0x00000001
core   0: 0x8000efc6 (0x0000bfe5) c.j     pc - 8
core   0: 3 0x8000efc6 (0xbfe5)
core   0: 0x8000efbe (0x00001f17) auipc   t5, 0x1
core   0: 3 0x8000efbe (0x00001f17) x30 0x8000ffbe
core   0: 0x8000efc2 (0x043f2123) sw      gp, 66(t5)
core   0: 3 0x8000efc2 (0x043f2123) mem 0x80010000 0x00000001
core   0: 0x8000efc6 (0x0000bfe5) c.j     pc - 8
core   0: 3 0x8000efc6 (0xbfe5)
core   0: 0x8000efbe (0x00001f17) auipc   t5, 0x1
core   0: 3 0x8000efbe (0x00001f17) x30 0x8000ffbe
core   0: 0x8000efc2 (0x043f2123) sw      gp, 66(t5)
core   0: 3 0x8000efc2 (0x043f2123) mem 0x80010000 0x00000001
core   0: 0x8000efc6 (0x0000bfe5) c.j     pc - 8
core   0: 3 0x8000efc6 (0xbfe5)
core   0: 0x8000efbe (0x00001f17) auipc   t5, 0x1
core   0: 3 0x8000efbe (0x00001f17) x30 0x8000ffbe
core   0: 0x8000efc2 (0x043f2123) sw      gp, 66(t5)
core   0: 3 0x8000efc2 (0x043f2123) mem 0x80010000 0x00000001
core   0: 0x8000efc6 (0x0000bfe5) c.j     pc - 8
core   0: 3 0x8000efc6 (0xbfe5)
core   0: 0x8000efbe (0x00001f17) auipc   t5, 0x1
core   0: 3 0x8000efbe (0x00001f17) x30 0x8000ffbe
core   0: 0x8000efc2 (0x043f2123) sw      gp, 66(t5)
core   0: 3 0x8000efc2 (0x043f2123) mem 0x80010000 0x00000001
core   0: 0x8000efc6 (0x0000bfe5) c.j     pc - 8
core   0: 3 0x8000efc6 (0xbfe5)
core   0: 0x8000efbe (0x00001f17) auipc   t5, 0x1
core   0: 3 0x8000efbe (0x00001f17) x30 0x8000ffbe
core   0: 0x8000efc2 (0x043f2123) sw      gp, 66(t5)
core   0: 3 0x8000efc2 (0x043f2123) mem 0x80010000 0x00000001
core   0: 0x8000efc6 (0x0000bfe5) c.j     pc - 8
core   0: 3 0x8000efc6 (0xbfe5)
core   0: 0x8000efbe (0x00001f17) auipc   t5, 0x1
core   0: 3 0x8000efbe (0x00001f17) x30 0x8000ffbe
core   0: 0x8000efc2 (0x043f2123) sw      gp, 66(t5)
core   0: 3 0x8000efc2 (0x043f2123) mem 0x80010000 0x00000001
core   0: 0x8000efc6 (0x0000bfe5) c.j     pc - 8
core   0: 3 0x8000efc6 (0xbfe5)
core   0: 0x8000efbe (0x00001f17) auipc   t5, 0x1
core   0: 3 0x8000efbe (0x00001f17) x30 0x8000ffbe
core   0: 0x8000efc2 (0x043f2123) sw      gp, 66(t5)
core   0: 3 0x8000efc2 (0x043f2123) mem 0x80010000 0x00000001
core   0: 0x8000efc6 (0x0000bfe5) c.j     pc - 8
core   0: 3 0x8000efc6 (0xbfe5)
core   0: 0x8000efbe (0x00001f17) auipc   t5, 0x1
core   0: 3 0x8000efbe (0x00001f17) x30 0x8000ffbe
core   0: 0x8000efc2 (0x043f2123) sw      gp, 66(t5)
core   0: 3 0x8000efc2 (0x043f2123) mem 0x80010000 0x00000001
core   0: 0x8000efc6 (0x0000bfe5) c.j     pc - 8
core   0: 3 0x8000efc6 (0xbfe5)
core   0: 0x8000efbe (0x00001f17) auipc   t5, 0x1
core   0: 3 0x8000efbe (0x00001f17) x30 0x8000ffbe
core   0: 0x8000efc2 (0x043f2123) sw      gp, 66(t5)
core   0: 3 0x8000efc2 (0x043f2123) mem 0x80010000 0x00000001
core   0: 0x8000efc6 (0x0000bfe5) c.j     pc - 8
core   0: 3 0x8000efc6 (0xbfe5)
core   0: 0x8000efbe (0x00001f17) auipc   t5, 0x1
core   0: 3 0x8000efbe (0x00001f17) x30 0x8000ffbe
core   0: 0x8000efc2 (0x043f2123) sw      gp, 66(t5)
core   0: 3 0x8000efc2 (0x043f2123) mem 0x80010000 0x00000001
core   0: 0x8000efc6 (0x0000bfe5) c.j     pc - 8
core   0: 3 0x8000efc6 (0xbfe5)
core   0: 0x8000efbe (0x00001f17) auipc   t5, 0x1
core   0: 3 0x8000efbe (0x00001f17) x30 0x8000ffbe
core   0: 0x8000efc2 (0x043f2123) sw      gp, 66(t5)
core   0: 3 0x8000efc2 (0x043f2123) mem 0x80010000 0x00000001
core   0: 0x8000efc6 (0x0000bfe5) c.j     pc - 8
core   0: 3 0x8000efc6 (0xbfe5)
core   0: 0x8000efbe (0x00001f17) auipc   t5, 0x1
core   0: 3 0x8000efbe (0x00001f17) x30 0x8000ffbe
core   0: 0x8000efc2 (0x043f2123) sw      gp, 66(t5)
core   0: 3 0x8000efc2 (0x043f2123) mem 0x80010000 0x00000001
core   0: 0x8000efc6 (0x0000bfe5) c.j     pc - 8
core   0: 3 0x8000efc6 (0xbfe5)
core   0: 0x8000efbe (0x00001f17) auipc   t5, 0x1
core   0: 3 0x8000efbe (0x00001f17) x30 0x8000ffbe
core   0: 0x8000efc2 (0x043f2123) sw      gp, 66(t5)
core   0: 3 0x8000efc2 (0x043f2123) mem 0x80010000 0x00000001
core   0: 0x8000efc6 (0x0000bfe5) c.j     pc - 8
core   0: 3 0x8000efc6 (0xbfe5)
core   0: 0x8000efbe (0x00001f17) auipc   t5, 0x1
core   0: 3 0x8000efbe (0x00001f17) x30 0x8000ffbe
core   0: 0x8000efc2 (0x043f2123) sw      gp, 66(t5)
core   0: 3 0x8000efc2 (0x043f2123) mem 0x80010000 0x00000001
core   0: 0x8000efc6 (0x0000bfe5) c.j     pc - 8
core   0: 3 0x8000efc6 (0xbfe5)
core   0: 0x8000efbe (0x00001f17) auipc   t5, 0x1
core   0: 3 0x8000efbe (0x00001f17) x30 0x8000ffbe
core   0: 0x8000efc2 (0x043f2123) sw      gp, 66(t5)
core   0: 3 0x8000efc2 (0x043f2123) mem 0x80010000 0x00000001
core   0: 0x8000efc6 (0x0000bfe5) c.j     pc - 8
core   0: 3 0x8000efc6 (0xbfe5)
core   0: 0x8000efbe (0x00001f17) auipc   t5, 0x1
core   0: 3 0x8000efbe (0x00001f17) x30 0x8000ffbe
core   0: 0x8000efc2 (0x043f2123) sw      gp, 66(t5)
core   0: 3 0x8000efc2 (0x043f2123) mem 0x80010000 0x00000001
core   0: 0x8000efc6 (0x0000bfe5) c.j     pc - 8
core   0: 3 0x8000efc6 (0xbfe5)
core   0: 0x8000efbe (0x00001f17) auipc   t5, 0x1
core   0: 3 0x8000efbe (0x00001f17) x30 0x8000ffbe
core   0: 0x8000efc2 (0x043f2123) sw      gp, 66(t5)
core   0: 3 0x8000efc2 (0x043f2123) mem 0x80010000 0x00000001
core   0: 0x8000efc6 (0x0000bfe5) c.j     pc - 8
core   0: 3 0x8000efc6 (0xbfe5)
core   0: 0x8000efbe (0x00001f17) auipc   t5, 0x1
core   0: 3 0x8000efbe (0x00001f17) x30 0x8000ffbe
core   0: 0x8000efc2 (0x043f2123) sw      gp, 66(t5)
core   0: 3 0x8000efc2 (0x043f2123) mem 0x80010000 0x00000001
core   0: 0x8000efc6 (0x0000bfe5) c.j     pc - 8
core   0: 3 0x8000efc6 (0xbfe5)
core   0: 0x8000efbe (0x00001f17) auipc   t5, 0x1
core   0: 3 0x8000efbe (0x00001f17) x30 0x8000ffbe
core   0: 0x8000efc2 (0x043f2123) sw      gp, 66(t5)
core   0: 3 0x8000efc2 (0x043f2123) mem 0x80010000 0x00000001
core   0: 0x8000efc6 (0x0000bfe5) c.j     pc - 8
core   0: 3 0x8000efc6 (0xbfe5)
core   0: 0x8000efbe (0x00001f17) auipc   t5, 0x1
core   0: 3 0x8000efbe (0x00001f17) x30 0x8000ffbe
core   0: 0x8000efc2 (0x043f2123) sw      gp, 66(t5)
core   0: 3 0x8000efc2 (0x043f2123) mem 0x80010000 0x00000001
core   0: 0x8000efc6 (0x0000bfe5) c.j     pc - 8
core   0: 3 0x8000efc6 (0xbfe5)
core   0: 0x8000efbe (0x00001f17) auipc   t5, 0x1
core   0: 3 0x8000efbe (0x00001f17) x30 0x8000ffbe
core   0: 0x8000efc2 (0x043f2123) sw      gp, 66(t5)
core   0: 3 0x8000efc2 (0x043f2123) mem 0x80010000 0x00000001
core   0: 0x8000efc6 (0x0000bfe5) c.j     pc - 8
core   0: 3 0x8000efc6 (0xbfe5)
core   0: 0x8000efbe (0x00001f17) auipc   t5, 0x1
core   0: 3 0x8000efbe (0x00001f17) x30 0x8000ffbe
core   0: 0x8000efc2 (0x043f2123) sw      gp, 66(t5)
core   0: 3 0x8000efc2 (0x043f2123) mem 0x80010000 0x00000001
core   0: 0x8000efc6 (0x0000bfe5) c.j     pc - 8
core   0: 3 0x8000efc6 (0xbfe5)
core   0: 0x8000efbe (0x00001f17) auipc   t5, 0x1
core   0: 3 0x8000efbe (0x00001f17) x30 0x8000ffbe
core   0: 0x8000efc2 (0x043f2123) sw      gp, 66(t5)
core   0: 3 0x8000efc2 (0x043f2123) mem 0x80010000 0x00000001
core   0: 0x8000efc6 (0x0000bfe5) c.j     pc - 8
core   0: 3 0x8000efc6 (0xbfe5)
core   0: 0x8000efbe (0x00001f17) auipc   t5, 0x1
core   0: 3 0x8000efbe (0x00001f17) x30 0x8000ffbe
core   0: 0x8000efc2 (0x043f2123) sw      gp, 66(t5)
core   0: 3 0x8000efc2 (0x043f2123) mem 0x80010000 0x00000001
core   0: 0x8000efc6 (0x0000bfe5) c.j     pc - 8
core   0: 3 0x8000efc6 (0xbfe5)
core   0: 0x8000efbe (0x00001f17) auipc   t5, 0x1
core   0: 3 0x8000efbe (0x00001f17) x30 0x8000ffbe
core   0: 0x8000efc2 (0x043f2123) sw      gp, 66(t5)
core   0: 3 0x8000efc2 (0x043f2123) mem 0x80010000 0x00000001
core   0: 0x8000efc6 (0x0000bfe5) c.j     pc - 8
core   0: 3 0x8000efc6 (0xbfe5)
core   0: 0x8000efbe (0x00001f17) auipc   t5, 0x1
core   0: 3 0x8000efbe (0x00001f17) x30 0x8000ffbe
core   0: 0x8000efc2 (0x043f2123) sw      gp, 66(t5)
core   0: 3 0x8000efc2 (0x043f2123) mem 0x80010000 0x00000001
core   0: 0x8000efc6 (0x0000bfe5) c.j     pc - 8
core   0: 3 0x8000efc6 (0xbfe5)
core   0: 0x8000efbe (0x00001f17) auipc   t5, 0x1
core   0: 3 0x8000efbe (0x00001f17) x30 0x8000ffbe
core   0: 0x8000efc2 (0x043f2123) sw      gp, 66(t5)
core   0: 3 0x8000efc2 (0x043f2123) mem 0x80010000 0x00000001
core   0: 0x8000efc6 (0x0000bfe5) c.j     pc - 8
core   0: 3 0x8000efc6 (0xbfe5)
core   0: 0x8000efbe (0x00001f17) auipc   t5, 0x1
core   0: 3 0x8000efbe (0x00001f17) x30 0x8000ffbe
core   0: 0x8000efc2 (0x043f2123) sw      gp, 66(t5)
core   0: 3 0x8000efc2 (0x043f2123) mem 0x80010000 0x00000001
core   0: 0x8000efc6 (0x0000bfe5) c.j     pc - 8
core   0: 3 0x8000efc6 (0xbfe5)
core   0: 0x8000efbe (0x00001f17) auipc   t5, 0x1
core   0: 3 0x8000efbe (0x00001f17) x30 0x8000ffbe
core   0: 0x8000efc2 (0x043f2123) sw      gp, 66(t5)
core   0: 3 0x8000efc2 (0x043f2123) mem 0x80010000 0x00000001
core   0: 0x8000efc6 (0x0000bfe5) c.j     pc - 8
core   0: 3 0x8000efc6 (0xbfe5)
core   0: 0x8000efbe (0x00001f17) auipc   t5, 0x1
core   0: 3 0x8000efbe (0x00001f17) x30 0x8000ffbe
core   0: 0x8000efc2 (0x043f2123) sw      gp, 66(t5)
core   0: 3 0x8000efc2 (0x043f2123) mem 0x80010000 0x00000001
core   0: 0x8000efc6 (0x0000bfe5) c.j     pc - 8
core   0: 3 0x8000efc6 (0xbfe5)
core   0: 0x8000efbe (0x00001f17) auipc   t5, 0x1
core   0: 3 0x8000efbe (0x00001f17) x30 0x8000ffbe
core   0: 0x8000efc2 (0x043f2123) sw      gp, 66(t5)
core   0: 3 0x8000efc2 (0x043f2123) mem 0x80010000 0x00000001
core   0: 0x8000efc6 (0x0000bfe5) c.j     pc - 8
core   0: 3 0x8000efc6 (0xbfe5)
core   0: 0x8000efbe (0x00001f17) auipc   t5, 0x1
core   0: 3 0x8000efbe (0x00001f17) x30 0x8000ffbe
core   0: 0x8000efc2 (0x043f2123) sw      gp, 66(t5)
core   0: 3 0x8000efc2 (0x043f2123) mem 0x80010000 0x00000001
core   0: 0x8000efc6 (0x0000bfe5) c.j     pc - 8
core   0: 3 0x8000efc6 (0xbfe5)
core   0: 0x8000efbe (0x00001f17) auipc   t5, 0x1
core   0: 3 0x8000efbe (0x00001f17) x30 0x8000ffbe
core   0: 0x8000efc2 (0x043f2123) sw      gp, 66(t5)
core   0: 3 0x8000efc2 (0x043f2123) mem 0x80010000 0x00000001
core   0: 0x8000efc6 (0x0000bfe5) c.j     pc - 8
core   0: 3 0x8000efc6 (0xbfe5)
core   0: 0x8000efbe (0x00001f17) auipc   t5, 0x1
core   0: 3 0x8000efbe (0x00001f17) x30 0x8000ffbe
core   0: 0x8000efc2 (0x043f2123) sw      gp, 66(t5)
core   0: 3 0x8000efc2 (0x043f2123) mem 0x80010000 0x00000001
core   0: 0x8000efc6 (0x0000bfe5) c.j     pc - 8
core   0: 3 0x8000efc6 (0xbfe5)
core   0: 0x8000efbe (0x00001f17) auipc   t5, 0x1
core   0: 3 0x8000efbe (0x00001f17) x30 0x8000ffbe
core   0: 0x8000efc2 (0x043f2123) sw      gp, 66(t5)
core   0: 3 0x8000efc2 (0x043f2123) mem 0x80010000 0x00000001
core   0: 0x8000efc6 (0x0000bfe5) c.j     pc - 8
core   0: 3 0x8000efc6 (0xbfe5)
core   0: 0x8000efbe (0x00001f17) auipc   t5, 0x1
core   0: 3 0x8000efbe (0x00001f17) x30 0x8000ffbe
core   0: 0x8000efc2 (0x043f2123) sw      gp, 66(t5)
core   0: 3 0x8000efc2 (0x043f2123) mem 0x80010000 0x00000001
core   0: 0x8000efc6 (0x0000bfe5) c.j     pc - 8
core   0: 3 0x8000efc6 (0xbfe5)
core   0: 0x8000efbe (0x00001f17) auipc   t5, 0x1
core   0: 3 0x8000efbe (0x00001f17) x30 0x8000ffbe
core   0: 0x8000efc2 (0x043f2123) sw      gp, 66(t5)
core   0: 3 0x8000efc2 (0x043f2123) mem 0x80010000 0x00000001
core   0: 0x8000efc6 (0x0000bfe5) c.j     pc - 8
core   0: 3 0x8000efc6 (0xbfe5)
core   0: 0x8000efbe (0x00001f17) auipc   t5, 0x1
core   0: 3 0x8000efbe (0x00001f17) x30 0x8000ffbe
core   0: 0x8000efc2 (0x043f2123) sw      gp, 66(t5)
core   0: 3 0x8000efc2 (0x043f2123) mem 0x80010000 0x00000001
core   0: 0x8000efc6 (0x0000bfe5) c.j     pc - 8
core   0: 3 0x8000efc6 (0xbfe5)
core   0: 0x8000efbe (0x00001f17) auipc   t5, 0x1
core   0: 3 0x8000efbe (0x00001f17) x30 0x8000ffbe
core   0: 0x8000efc2 (0x043f2123) sw      gp, 66(t5)
core   0: 3 0x8000efc2 (0x043f2123) mem 0x80010000 0x00000001
core   0: 0x8000efc6 (0x0000bfe5) c.j     pc - 8
core   0: 3 0x8000efc6 (0xbfe5)
core   0: 0x8000efbe (0x00001f17) auipc   t5, 0x1
core   0: 3 0x8000efbe (0x00001f17) x30 0x8000ffbe
core   0: 0x8000efc2 (0x043f2123) sw      gp, 66(t5)
core   0: 3 0x8000efc2 (0x043f2123) mem 0x80010000 0x00000001
core   0: 0x8000efc6 (0x0000bfe5) c.j     pc - 8
core   0: 3 0x8000efc6 (0xbfe5)
core   0: 0x8000efbe (0x00001f17) auipc   t5, 0x1
core   0: 3 0x8000efbe (0x00001f17) x30 0x8000ffbe
core   0: 0x8000efc2 (0x043f2123) sw      gp, 66(t5)
core   0: 3 0x8000efc2 (0x043f2123) mem 0x80010000 0x00000001
core   0: 0x8000efc6 (0x0000bfe5) c.j     pc - 8
core   0: 3 0x8000efc6 (0xbfe5)
core   0: 0x8000efbe (0x00001f17) auipc   t5, 0x1
core   0: 3 0x8000efbe (0x00001f17) x30 0x8000ffbe
core   0: 0x8000efc2 (0x043f2123) sw      gp, 66(t5)
core   0: 3 0x8000efc2 (0x043f2123) mem 0x80010000 0x00000001
core   0: 0x8000efc6 (0x0000bfe5) c.j     pc - 8
core   0: 3 0x8000efc6 (0xbfe5)
core   0: 0x8000efbe (0x00001f17) auipc   t5, 0x1
core   0: 3 0x8000efbe (0x00001f17) x30 0x8000ffbe
core   0: 0x8000efc2 (0x043f2123) sw      gp, 66(t5)
core   0: 3 0x8000efc2 (0x043f2123) mem 0x80010000 0x00000001
core   0: 0x8000efc6 (0x0000bfe5) c.j     pc - 8
core   0: 3 0x8000efc6 (0xbfe5)
core   0: 0x8000efbe (0x00001f17) auipc   t5, 0x1
core   0: 3 0x8000efbe (0x00001f17) x30 0x8000ffbe
core   0: 0x8000efc2 (0x043f2123) sw      gp, 66(t5)
core   0: 3 0x8000efc2 (0x043f2123) mem 0x80010000 0x00000001
core   0: 0x8000efc6 (0x0000bfe5) c.j     pc - 8
core   0: 3 0x8000efc6 (0xbfe5)
core   0: 0x8000efbe (0x00001f17) auipc   t5, 0x1
core   0: 3 0x8000efbe (0x00001f17) x30 0x8000ffbe
core   0: 0x8000efc2 (0x043f2123) sw      gp, 66(t5)
core   0: 3 0x8000efc2 (0x043f2123) mem 0x80010000 0x00000001
core   0: 0x8000efc6 (0x0000bfe5) c.j     pc - 8
core   0: 3 0x8000efc6 (0xbfe5)
core   0: 0x8000efbe (0x00001f17) auipc   t5, 0x1
core   0: 3 0x8000efbe (0x00001f17) x30 0x8000ffbe
core   0: 0x8000efc2 (0x043f2123) sw      gp, 66(t5)
core   0: 3 0x8000efc2 (0x043f2123) mem 0x80010000 0x00000001
core   0: 0x8000efc6 (0x0000bfe5) c.j     pc - 8
core   0: 3 0x8000efc6 (0xbfe5)
core   0: 0x8000efbe (0x00001f17) auipc   t5, 0x1
core   0: 3 0x8000efbe (0x00001f17) x30 0x8000ffbe
core   0: 0x8000efc2 (0x043f2123) sw      gp, 66(t5)
core   0: 3 0x8000efc2 (0x043f2123) mem 0x80010000 0x00000001
core   0: 0x8000efc6 (0x0000bfe5) c.j     pc - 8
core   0: 3 0x8000efc6 (0xbfe5)
core   0: 0x8000efbe (0x00001f17) auipc   t5, 0x1
core   0: 3 0x8000efbe (0x00001f17) x30 0x8000ffbe
core   0: 0x8000efc2 (0x043f2123) sw      gp, 66(t5)
core   0: 3 0x8000efc2 (0x043f2123) mem 0x80010000 0x00000001
core   0: 0x8000efc6 (0x0000bfe5) c.j     pc - 8
core   0: 3 0x8000efc6 (0xbfe5)
core   0: 0x8000efbe (0x00001f17) auipc   t5, 0x1
core   0: 3 0x8000efbe (0x00001f17) x30 0x8000ffbe
core   0: 0x8000efc2 (0x043f2123) sw      gp, 66(t5)
core   0: 3 0x8000efc2 (0x043f2123) mem 0x80010000 0x00000001
core   0: 0x8000efc6 (0x0000bfe5) c.j     pc - 8
core   0: 3 0x8000efc6 (0xbfe5)
core   0: 0x8000efbe (0x00001f17) auipc   t5, 0x1
core   0: 3 0x8000efbe (0x00001f17) x30 0x8000ffbe
core   0: 0x8000efc2 (0x043f2123) sw      gp, 66(t5)
core   0: 3 0x8000efc2 (0x043f2123) mem 0x80010000 0x00000001
core   0: 0x8000efc6 (0x0000bfe5) c.j     pc - 8
core   0: 3 0x8000efc6 (0xbfe5)
core   0: 0x8000efbe (0x00001f17) auipc   t5, 0x1
core   0: 3 0x8000efbe (0x00001f17) x30 0x8000ffbe
core   0: 0x8000efc2 (0x043f2123) sw      gp, 66(t5)
core   0: 3 0x8000efc2 (0x043f2123) mem 0x80010000 0x00000001
core   0: 0x8000efc6 (0x0000bfe5) c.j     pc - 8
core   0: 3 0x8000efc6 (0xbfe5)
core   0: 0x8000efbe (0x00001f17) auipc   t5, 0x1
core   0: 3 0x8000efbe (0x00001f17) x30 0x8000ffbe
core   0: 0x8000efc2 (0x043f2123) sw      gp, 66(t5)
core   0: 3 0x8000efc2 (0x043f2123) mem 0x80010000 0x00000001
core   0: 0x8000efc6 (0x0000bfe5) c.j     pc - 8
core   0: 3 0x8000efc6 (0xbfe5)
core   0: 0x8000efbe (0x00001f17) auipc   t5, 0x1
core   0: 3 0x8000efbe (0x00001f17) x30 0x8000ffbe
core   0: 0x8000efc2 (0x043f2123) sw      gp, 66(t5)
core   0: 3 0x8000efc2 (0x043f2123) mem 0x80010000 0x00000001
core   0: 0x8000efc6 (0x0000bfe5) c.j     pc - 8
core   0: 3 0x8000efc6 (0xbfe5)
core   0: 0x8000efbe (0x00001f17) auipc   t5, 0x1
core   0: 3 0x8000efbe (0x00001f17) x30 0x8000ffbe
core   0: 0x8000efc2 (0x043f2123) sw      gp, 66(t5)
core   0: 3 0x8000efc2 (0x043f2123) mem 0x80010000 0x00000001
core   0: 0x8000efc6 (0x0000bfe5) c.j     pc - 8
core   0: 3 0x8000efc6 (0xbfe5)
core   0: 0x8000efbe (0x00001f17) auipc   t5, 0x1
core   0: 3 0x8000efbe (0x00001f17) x30 0x8000ffbe
core   0: 0x8000efc2 (0x043f2123) sw      gp, 66(t5)
core   0: 3 0x8000efc2 (0x043f2123) mem 0x80010000 0x00000001
core   0: 0x8000efc6 (0x0000bfe5) c.j     pc - 8
core   0: 3 0x8000efc6 (0xbfe5)
core   0: 0x8000efbe (0x00001f17) auipc   t5, 0x1
core   0: 3 0x8000efbe (0x00001f17) x30 0x8000ffbe
core   0: 0x8000efc2 (0x043f2123) sw      gp, 66(t5)
core   0: 3 0x8000efc2 (0x043f2123) mem 0x80010000 0x00000001
core   0: 0x8000efc6 (0x0000bfe5) c.j     pc - 8
core   0: 3 0x8000efc6 (0xbfe5)
core   0: 0x8000efbe (0x00001f17) auipc   t5, 0x1
core   0: 3 0x8000efbe (0x00001f17) x30 0x8000ffbe
core   0: 0x8000efc2 (0x043f2123) sw      gp, 66(t5)
core   0: 3 0x8000efc2 (0x043f2123) mem 0x80010000 0x00000001
core   0: 0x8000efc6 (0x0000bfe5) c.j     pc - 8
core   0: 3 0x8000efc6 (0xbfe5)
core   0: 0x8000efbe (0x00001f17) auipc   t5, 0x1
core   0: 3 0x8000efbe (0x00001f17) x30 0x8000ffbe
core   0: 0x8000efc2 (0x043f2123) sw      gp, 66(t5)
core   0: 3 0x8000efc2 (0x043f2123) mem 0x80010000 0x00000001
core   0: 0x8000efc6 (0x0000bfe5) c.j     pc - 8
core   0: 3 0x8000efc6 (0xbfe5)
core   0: 0x8000efbe (0x00001f17) auipc   t5, 0x1
core   0: 3 0x8000efbe (0x00001f17) x30 0x8000ffbe
core   0: 0x8000efc2 (0x043f2123) sw      gp, 66(t5)
core   0: 3 0x8000efc2 (0x043f2123) mem 0x80010000 0x00000001
core   0: 0x8000efc6 (0x0000bfe5) c.j     pc - 8
core   0: 3 0x8000efc6 (0xbfe5)
core   0: 0x8000efbe (0x00001f17) auipc   t5, 0x1
core   0: 3 0x8000efbe (0x00001f17) x30 0x8000ffbe
core   0: 0x8000efc2 (0x043f2123) sw      gp, 66(t5)
core   0: 3 0x8000efc2 (0x043f2123) mem 0x80010000 0x00000001
core   0: 0x8000efc6 (0x0000bfe5) c.j     pc - 8
core   0: 3 0x8000efc6 (0xbfe5)
core   0: 0x8000efbe (0x00001f17) auipc   t5, 0x1
core   0: 3 0x8000efbe (0x00001f17) x30 0x8000ffbe
core   0: 0x8000efc2 (0x043f2123) sw      gp, 66(t5)
core   0: 3 0x8000efc2 (0x043f2123) mem 0x80010000 0x00000001
core   0: 0x8000efc6 (0x0000bfe5) c.j     pc - 8
core   0: 3 0x8000efc6 (0xbfe5)
core   0: 0x8000efbe (0x00001f17) auipc   t5, 0x1
core   0: 3 0x8000efbe (0x00001f17) x30 0x8000ffbe
core   0: 0x8000efc2 (0x043f2123) sw      gp, 66(t5)
core   0: 3 0x8000efc2 (0x043f2123) mem 0x80010000 0x00000001
core   0: 0x8000efc6 (0x0000bfe5) c.j     pc - 8
core   0: 3 0x8000efc6 (0xbfe5)
core   0: 0x8000efbe (0x00001f17) auipc   t5, 0x1
core   0: 3 0x8000efbe (0x00001f17) x30 0x8000ffbe
core   0: 0x8000efc2 (0x043f2123) sw      gp, 66(t5)
core   0: 3 0x8000efc2 (0x043f2123) mem 0x80010000 0x00000001
core   0: 0x8000efc6 (0x0000bfe5) c.j     pc - 8
core   0: 3 0x8000efc6 (0xbfe5)
core   0: 0x8000efbe (0x00001f17) auipc   t5, 0x1
core   0: 3 0x8000efbe (0x00001f17) x30 0x8000ffbe
core   0: 0x8000efc2 (0x043f2123) sw      gp, 66(t5)
core   0: 3 0x8000efc2 (0x043f2123) mem 0x80010000 0x00000001
core   0: 0x8000efc6 (0x0000bfe5) c.j     pc - 8
core   0: 3 0x8000efc6 (0xbfe5)
core   0: 0x8000efbe (0x00001f17) auipc   t5, 0x1
core   0: 3 0x8000efbe (0x00001f17) x30 0x8000ffbe
core   0: 0x8000efc2 (0x043f2123) sw      gp, 66(t5)
core   0: 3 0x8000efc2 (0x043f2123) mem 0x80010000 0x00000001
core   0: 0x8000efc6 (0x0000bfe5) c.j     pc - 8
core   0: 3 0x8000efc6 (0xbfe5)
core   0: 0x8000efbe (0x00001f17) auipc   t5, 0x1
core   0: 3 0x8000efbe (0x00001f17) x30 0x8000ffbe
core   0: 0x8000efc2 (0x043f2123) sw      gp, 66(t5)
core   0: 3 0x8000efc2 (0x043f2123) mem 0x80010000 0x00000001
core   0: 0x8000efc6 (0x0000bfe5) c.j     pc - 8
core   0: 3 0x8000efc6 (0xbfe5)
core   0: 0x8000efbe (0x00001f17) auipc   t5, 0x1
core   0: 3 0x8000efbe (0x00001f17) x30 0x8000ffbe
core   0: 0x8000efc2 (0x043f2123) sw      gp, 66(t5)
core   0: 3 0x8000efc2 (0x043f2123) mem 0x80010000 0x00000001
core   0: 0x8000efc6 (0x0000bfe5) c.j     pc - 8
core   0: 3 0x8000efc6 (0xbfe5)
core   0: 0x8000efbe (0x00001f17) auipc   t5, 0x1
core   0: 3 0x8000efbe (0x00001f17) x30 0x8000ffbe
core   0: 0x8000efc2 (0x043f2123) sw      gp, 66(t5)
core   0: 3 0x8000efc2 (0x043f2123) mem 0x80010000 0x00000001
core   0: 0x8000efc6 (0x0000bfe5) c.j     pc - 8
core   0: 3 0x8000efc6 (0xbfe5)
core   0: 0x8000efbe (0x00001f17) auipc   t5, 0x1
core   0: 3 0x8000efbe (0x00001f17) x30 0x8000ffbe
core   0: 0x8000efc2 (0x043f2123) sw      gp, 66(t5)
core   0: 3 0x8000efc2 (0x043f2123) mem 0x80010000 0x00000001
core   0: 0x8000efc6 (0x0000bfe5) c.j     pc - 8
core   0: 3 0x8000efc6 (0xbfe5)
core   0: 0x8000efbe (0x00001f17) auipc   t5, 0x1
core   0: 3 0x8000efbe (0x00001f17) x30 0x8000ffbe
core   0: 0x8000efc2 (0x043f2123) sw      gp, 66(t5)
core   0: 3 0x8000efc2 (0x043f2123) mem 0x80010000 0x00000001
core   0: 0x8000efc6 (0x0000bfe5) c.j     pc - 8
core   0: 3 0x8000efc6 (0xbfe5)
core   0: 0x8000efbe (0x00001f17) auipc   t5, 0x1
core   0: 3 0x8000efbe (0x00001f17) x30 0x8000ffbe
core   0: 0x8000efc2 (0x043f2123) sw      gp, 66(t5)
core   0: 3 0x8000efc2 (0x043f2123) mem 0x80010000 0x00000001
core   0: 0x8000efc6 (0x0000bfe5) c.j     pc - 8
core   0: 3 0x8000efc6 (0xbfe5)
core   0: 0x8000efbe (0x00001f17) auipc   t5, 0x1
core   0: 3 0x8000efbe (0x00001f17) x30 0x8000ffbe
core   0: 0x8000efc2 (0x043f2123) sw      gp, 66(t5)
core   0: 3 0x8000efc2 (0x043f2123) mem 0x80010000 0x00000001
core   0: 0x8000efc6 (0x0000bfe5) c.j     pc - 8
core   0: 3 0x8000efc6 (0xbfe5)
core   0: 0x8000efbe (0x00001f17) auipc   t5, 0x1
core   0: 3 0x8000efbe (0x00001f17) x30 0x8000ffbe
core   0: 0x8000efc2 (0x043f2123) sw      gp, 66(t5)
core   0: 3 0x8000efc2 (0x043f2123) mem 0x80010000 0x00000001
core   0: 0x8000efc6 (0x0000bfe5) c.j     pc - 8
core   0: 3 0x8000efc6 (0xbfe5)
core   0: 0x8000efbe (0x00001f17) auipc   t5, 0x1
core   0: 3 0x8000efbe (0x00001f17) x30 0x8000ffbe
core   0: 0x8000efc2 (0x043f2123) sw      gp, 66(t5)
core   0: 3 0x8000efc2 (0x043f2123) mem 0x80010000 0x00000001
core   0: 0x8000efc6 (0x0000bfe5) c.j     pc - 8
core   0: 3 0x8000efc6 (0xbfe5)
core   0: 0x8000efbe (0x00001f17) auipc   t5, 0x1
core   0: 3 0x8000efbe (0x00001f17) x30 0x8000ffbe
core   0: 0x8000efc2 (0x043f2123) sw      gp, 66(t5)
core   0: 3 0x8000efc2 (0x043f2123) mem 0x80010000 0x00000001
core   0: 0x8000efc6 (0x0000bfe5) c.j     pc - 8
core   0: 3 0x8000efc6 (0xbfe5)
core   0: 0x8000efbe (0x00001f17) auipc   t5, 0x1
core   0: 3 0x8000efbe (0x00001f17) x30 0x8000ffbe
core   0: 0x8000efc2 (0x043f2123) sw      gp, 66(t5)
core   0: 3 0x8000efc2 (0x043f2123) mem 0x80010000 0x00000001
core   0: 0x8000efc6 (0x0000bfe5) c.j     pc - 8
core   0: 3 0x8000efc6 (0xbfe5)
core   0: 0x8000efbe (0x00001f17) auipc   t5, 0x1
core   0: 3 0x8000efbe (0x00001f17) x30 0x8000ffbe
core   0: 0x8000efc2 (0x043f2123) sw      gp, 66(t5)
core   0: 3 0x8000efc2 (0x043f2123) mem 0x80010000 0x00000001
core   0: 0x8000efc6 (0x0000bfe5) c.j     pc - 8
core   0: 3 0x8000efc6 (0xbfe5)
core   0: 0x8000efbe (0x00001f17) auipc   t5, 0x1
core   0: 3 0x8000efbe (0x00001f17) x30 0x8000ffbe
core   0: 0x8000efc2 (0x043f2123) sw      gp, 66(t5)
core   0: 3 0x8000efc2 (0x043f2123) mem 0x80010000 0x00000001
core   0: 0x8000efc6 (0x0000bfe5) c.j     pc - 8
core   0: 3 0x8000efc6 (0xbfe5)
core   0: 0x8000efbe (0x00001f17) auipc   t5, 0x1
core   0: 3 0x8000efbe (0x00001f17) x30 0x8000ffbe
core   0: 0x8000efc2 (0x043f2123) sw      gp, 66(t5)
core   0: 3 0x8000efc2 (0x043f2123) mem 0x80010000 0x00000001
core   0: 0x8000efc6 (0x0000bfe5) c.j     pc - 8
core   0: 3 0x8000efc6 (0xbfe5)
core   0: 0x8000efbe (0x00001f17) auipc   t5, 0x1
core   0: 3 0x8000efbe (0x00001f17) x30 0x8000ffbe
core   0: 0x8000efc2 (0x043f2123) sw      gp, 66(t5)
core   0: 3 0x8000efc2 (0x043f2123) mem 0x80010000 0x00000001
core   0: 0x8000efc6 (0x0000bfe5) c.j     pc - 8
core   0: 3 0x8000efc6 (0xbfe5)
core   0: 0x8000efbe (0x00001f17) auipc   t5, 0x1
core   0: 3 0x8000efbe (0x00001f17) x30 0x8000ffbe
core   0: 0x8000efc2 (0x043f2123) sw      gp, 66(t5)
core   0: 3 0x8000efc2 (0x043f2123) mem 0x80010000 0x00000001
core   0: 0x8000efc6 (0x0000bfe5) c.j     pc - 8
core   0: 3 0x8000efc6 (0xbfe5)
core   0: 0x8000efbe (0x00001f17) auipc   t5, 0x1
core   0: 3 0x8000efbe (0x00001f17) x30 0x8000ffbe
core   0: 0x8000efc2 (0x043f2123) sw      gp, 66(t5)
core   0: 3 0x8000efc2 (0x043f2123) mem 0x80010000 0x00000001
core   0: 0x8000efc6 (0x0000bfe5) c.j     pc - 8
core   0: 3 0x8000efc6 (0xbfe5)
core   0: 0x8000efbe (0x00001f17) auipc   t5, 0x1
core   0: 3 0x8000efbe (0x00001f17) x30 0x8000ffbe
core   0: 0x8000efc2 (0x043f2123) sw      gp, 66(t5)
core   0: 3 0x8000efc2 (0x043f2123) mem 0x80010000 0x00000001
core   0: 0x8000efc6 (0x0000bfe5) c.j     pc - 8
core   0: 3 0x8000efc6 (0xbfe5)
core   0: 0x8000efbe (0x00001f17) auipc   t5, 0x1
core   0: 3 0x8000efbe (0x00001f17) x30 0x8000ffbe
core   0: 0x8000efc2 (0x043f2123) sw      gp, 66(t5)
core   0: 3 0x8000efc2 (0x043f2123) mem 0x80010000 0x00000001
core   0: 0x8000efc6 (0x0000bfe5) c.j     pc - 8
core   0: 3 0x8000efc6 (0xbfe5)
core   0: 0x8000efbe (0x00001f17) auipc   t5, 0x1
core   0: 3 0x8000efbe (0x00001f17) x30 0x8000ffbe
core   0: 0x8000efc2 (0x043f2123) sw      gp, 66(t5)
core   0: 3 0x8000efc2 (0x043f2123) mem 0x80010000 0x00000001
core   0: 0x8000efc6 (0x0000bfe5) c.j     pc - 8
core   0: 3 0x8000efc6 (0xbfe5)
core   0: 0x8000efbe (0x00001f17) auipc   t5, 0x1
core   0: 3 0x8000efbe (0x00001f17) x30 0x8000ffbe
core   0: 0x8000efc2 (0x043f2123) sw      gp, 66(t5)
core   0: 3 0x8000efc2 (0x043f2123) mem 0x80010000 0x00000001
core   0: 0x8000efc6 (0x0000bfe5) c.j     pc - 8
core   0: 3 0x8000efc6 (0xbfe5)
core   0: 0x8000efbe (0x00001f17) auipc   t5, 0x1
core   0: 3 0x8000efbe (0x00001f17) x30 0x8000ffbe
core   0: 0x8000efc2 (0x043f2123) sw      gp, 66(t5)
core   0: 3 0x8000efc2 (0x043f2123) mem 0x80010000 0x00000001
core   0: 0x8000efc6 (0x0000bfe5) c.j     pc - 8
core   0: 3 0x8000efc6 (0xbfe5)
core   0: 0x8000efbe (0x00001f17) auipc   t5, 0x1
core   0: 3 0x8000efbe (0x00001f17) x30 0x8000ffbe
core   0: 0x8000efc2 (0x043f2123) sw      gp, 66(t5)
core   0: 3 0x8000efc2 (0x043f2123) mem 0x80010000 0x00000001
core   0: 0x8000efc6 (0x0000bfe5) c.j     pc - 8
core   0: 3 0x8000efc6 (0xbfe5)
core   0: 0x8000efbe (0x00001f17) auipc   t5, 0x1
core   0: 3 0x8000efbe (0x00001f17) x30 0x8000ffbe
core   0: 0x8000efc2 (0x043f2123) sw      gp, 66(t5)
core   0: 3 0x8000efc2 (0x043f2123) mem 0x80010000 0x00000001
core   0: 0x8000efc6 (0x0000bfe5) c.j     pc - 8
core   0: 3 0x8000efc6 (0xbfe5)
core   0: 0x8000efbe (0x00001f17) auipc   t5, 0x1
core   0: 3 0x8000efbe (0x00001f17) x30 0x8000ffbe
core   0: 0x8000efc2 (0x043f2123) sw      gp, 66(t5)
core   0: 3 0x8000efc2 (0x043f2123) mem 0x80010000 0x00000001
core   0: 0x8000efc6 (0x0000bfe5) c.j     pc - 8
core   0: 3 0x8000efc6 (0xbfe5)
core   0: 0x8000efbe (0x00001f17) auipc   t5, 0x1
core   0: 3 0x8000efbe (0x00001f17) x30 0x8000ffbe
core   0: 0x8000efc2 (0x043f2123) sw      gp, 66(t5)
core   0: 3 0x8000efc2 (0x043f2123) mem 0x80010000 0x00000001
core   0: 0x8000efc6 (0x0000bfe5) c.j     pc - 8
core   0: 3 0x8000efc6 (0xbfe5)
core   0: 0x8000efbe (0x00001f17) auipc   t5, 0x1
core   0: 3 0x8000efbe (0x00001f17) x30 0x8000ffbe
core   0: 0x8000efc2 (0x043f2123) sw      gp, 66(t5)
core   0: 3 0x8000efc2 (0x043f2123) mem 0x80010000 0x00000001
core   0: 0x8000efc6 (0x0000bfe5) c.j     pc - 8
core   0: 3 0x8000efc6 (0xbfe5)
core   0: 0x8000efbe (0x00001f17) auipc   t5, 0x1
core   0: 3 0x8000efbe (0x00001f17) x30 0x8000ffbe
core   0: 0x8000efc2 (0x043f2123) sw      gp, 66(t5)
core   0: 3 0x8000efc2 (0x043f2123) mem 0x80010000 0x00000001
core   0: 0x8000efc6 (0x0000bfe5) c.j     pc - 8
core   0: 3 0x8000efc6 (0xbfe5)
core   0: 0x8000efbe (0x00001f17) auipc   t5, 0x1
core   0: 3 0x8000efbe (0x00001f17) x30 0x8000ffbe
core   0: 0x8000efc2 (0x043f2123) sw      gp, 66(t5)
core   0: 3 0x8000efc2 (0x043f2123) mem 0x80010000 0x00000001
core   0: 0x8000efc6 (0x0000bfe5) c.j     pc - 8
core   0: 3 0x8000efc6 (0xbfe5)
core   0: 0x8000efbe (0x00001f17) auipc   t5, 0x1
core   0: 3 0x8000efbe (0x00001f17) x30 0x8000ffbe
core   0: 0x8000efc2 (0x043f2123) sw      gp, 66(t5)
core   0: 3 0x8000efc2 (0x043f2123) mem 0x80010000 0x00000001
core   0: 0x8000efc6 (0x0000bfe5) c.j     pc - 8
core   0: 3 0x8000efc6 (0xbfe5)
core   0: 0x8000efbe (0x00001f17) auipc   t5, 0x1
core   0: 3 0x8000efbe (0x00001f17) x30 0x8000ffbe
core   0: 0x8000efc2 (0x043f2123) sw      gp, 66(t5)
core   0: 3 0x8000efc2 (0x043f2123) mem 0x80010000 0x00000001
core   0: 0x8000efc6 (0x0000bfe5) c.j     pc - 8
core   0: 3 0x8000efc6 (0xbfe5)
core   0: 0x8000efbe (0x00001f17) auipc   t5, 0x1
core   0: 3 0x8000efbe (0x00001f17) x30 0x8000ffbe
core   0: 0x8000efc2 (0x043f2123) sw      gp, 66(t5)
core   0: 3 0x8000efc2 (0x043f2123) mem 0x80010000 0x00000001
core   0: 0x8000efc6 (0x0000bfe5) c.j     pc - 8
core   0: 3 0x8000efc6 (0xbfe5)
core   0: 0x8000efbe (0x00001f17) auipc   t5, 0x1
core   0: 3 0x8000efbe (0x00001f17) x30 0x8000ffbe
core   0: 0x8000efc2 (0x043f2123) sw      gp, 66(t5)
core   0: 3 0x8000efc2 (0x043f2123) mem 0x80010000 0x00000001
core   0: 0x8000efc6 (0x0000bfe5) c.j     pc - 8
core   0: 3 0x8000efc6 (0xbfe5)
core   0: 0x8000efbe (0x00001f17) auipc   t5, 0x1
core   0: 3 0x8000efbe (0x00001f17) x30 0x8000ffbe
core   0: 0x8000efc2 (0x043f2123) sw      gp, 66(t5)
core   0: 3 0x8000efc2 (0x043f2123) mem 0x80010000 0x00000001
core   0: 0x8000efc6 (0x0000bfe5) c.j     pc - 8
core   0: 3 0x8000efc6 (0xbfe5)
core   0: 0x8000efbe (0x00001f17) auipc   t5, 0x1
core   0: 3 0x8000efbe (0x00001f17) x30 0x8000ffbe
core   0: 0x8000efc2 (0x043f2123) sw      gp, 66(t5)
core   0: 3 0x8000efc2 (0x043f2123) mem 0x80010000 0x00000001
core   0: 0x8000efc6 (0x0000bfe5) c.j     pc - 8
core   0: 3 0x8000efc6 (0xbfe5)
core   0: 0x8000efbe (0x00001f17) auipc   t5, 0x1
core   0: 3 0x8000efbe (0x00001f17) x30 0x8000ffbe
core   0: 0x8000efc2 (0x043f2123) sw      gp, 66(t5)
core   0: 3 0x8000efc2 (0x043f2123) mem 0x80010000 0x00000001
core   0: 0x8000efc6 (0x0000bfe5) c.j     pc - 8
core   0: 3 0x8000efc6 (0xbfe5)
core   0: 0x8000efbe (0x00001f17) auipc   t5, 0x1
core   0: 3 0x8000efbe (0x00001f17) x30 0x8000ffbe
core   0: 0x8000efc2 (0x043f2123) sw      gp, 66(t5)
core   0: 3 0x8000efc2 (0x043f2123) mem 0x80010000 0x00000001
core   0: 0x8000efc6 (0x0000bfe5) c.j     pc - 8
core   0: 3 0x8000efc6 (0xbfe5)
core   0: 0x8000efbe (0x00001f17) auipc   t5, 0x1
core   0: 3 0x8000efbe (0x00001f17) x30 0x8000ffbe
core   0: 0x8000efc2 (0x043f2123) sw      gp, 66(t5)
core   0: 3 0x8000efc2 (0x043f2123) mem 0x80010000 0x00000001
core   0: 0x8000efc6 (0x0000bfe5) c.j     pc - 8
core   0: 3 0x8000efc6 (0xbfe5)
core   0: 0x8000efbe (0x00001f17) auipc   t5, 0x1
core   0: 3 0x8000efbe (0x00001f17) x30 0x8000ffbe
core   0: 0x8000efc2 (0x043f2123) sw      gp, 66(t5)
core   0: 3 0x8000efc2 (0x043f2123) mem 0x80010000 0x00000001
core   0: 0x8000efc6 (0x0000bfe5) c.j     pc - 8
core   0: 3 0x8000efc6 (0xbfe5)
core   0: 0x8000efbe (0x00001f17) auipc   t5, 0x1
core   0: 3 0x8000efbe (0x00001f17) x30 0x8000ffbe
core   0: 0x8000efc2 (0x043f2123) sw      gp, 66(t5)
core   0: 3 0x8000efc2 (0x043f2123) mem 0x80010000 0x00000001
core   0: 0x8000efc6 (0x0000bfe5) c.j     pc - 8
core   0: 3 0x8000efc6 (0xbfe5)
core   0: 0x8000efbe (0x00001f17) auipc   t5, 0x1
core   0: 3 0x8000efbe (0x00001f17) x30 0x8000ffbe
core   0: 0x8000efc2 (0x043f2123) sw      gp, 66(t5)
core   0: 3 0x8000efc2 (0x043f2123) mem 0x80010000 0x00000001
core   0: 0x8000efc6 (0x0000bfe5) c.j     pc - 8
core   0: 3 0x8000efc6 (0xbfe5)
core   0: 0x8000efbe (0x00001f17) auipc   t5, 0x1
core   0: 3 0x8000efbe (0x00001f17) x30 0x8000ffbe
core   0: 0x8000efc2 (0x043f2123) sw      gp, 66(t5)
core   0: 3 0x8000efc2 (0x043f2123) mem 0x80010000 0x00000001
core   0: 0x8000efc6 (0x0000bfe5) c.j     pc - 8
core   0: 3 0x8000efc6 (0xbfe5)
core   0: 0x8000efbe (0x00001f17) auipc   t5, 0x1
core   0: 3 0x8000efbe (0x00001f17) x30 0x8000ffbe
core   0: 0x8000efc2 (0x043f2123) sw      gp, 66(t5)
core   0: 3 0x8000efc2 (0x043f2123) mem 0x80010000 0x00000001
core   0: 0x8000efc6 (0x0000bfe5) c.j     pc - 8
core   0: 3 0x8000efc6 (0xbfe5)
core   0: 0x8000efbe (0x00001f17) auipc   t5, 0x1
core   0: 3 0x8000efbe (0x00001f17) x30 0x8000ffbe
core   0: 0x8000efc2 (0x043f2123) sw      gp, 66(t5)
core   0: 3 0x8000efc2 (0x043f2123) mem 0x80010000 0x00000001
core   0: 0x8000efc6 (0x0000bfe5) c.j     pc - 8
core   0: 3 0x8000efc6 (0xbfe5)
core   0: 0x8000efbe (0x00001f17) auipc   t5, 0x1
core   0: 3 0x8000efbe (0x00001f17) x30 0x8000ffbe
core   0: 0x8000efc2 (0x043f2123) sw      gp, 66(t5)
core   0: 3 0x8000efc2 (0x043f2123) mem 0x80010000 0x00000001
core   0: 0x8000efc6 (0x0000bfe5) c.j     pc - 8
core   0: 3 0x8000efc6 (0xbfe5)
core   0: 0x8000efbe (0x00001f17) auipc   t5, 0x1
core   0: 3 0x8000efbe (0x00001f17) x30 0x8000ffbe
core   0: 0x8000efc2 (0x043f2123) sw      gp, 66(t5)
core   0: 3 0x8000efc2 (0x043f2123) mem 0x80010000 0x00000001
core   0: 0x8000efc6 (0x0000bfe5) c.j     pc - 8
core   0: 3 0x8000efc6 (0xbfe5)
core   0: 0x8000efbe (0x00001f17) auipc   t5, 0x1
core   0: 3 0x8000efbe (0x00001f17) x30 0x8000ffbe
core   0: 0x8000efc2 (0x043f2123) sw      gp, 66(t5)
core   0: 3 0x8000efc2 (0x043f2123) mem 0x80010000 0x00000001
core   0: 0x8000efc6 (0x0000bfe5) c.j     pc - 8
core   0: 3 0x8000efc6 (0xbfe5)
core   0: 0x8000efbe (0x00001f17) auipc   t5, 0x1
core   0: 3 0x8000efbe (0x00001f17) x30 0x8000ffbe
core   0: 0x8000efc2 (0x043f2123) sw      gp, 66(t5)
core   0: 3 0x8000efc2 (0x043f2123) mem 0x80010000 0x00000001
core   0: 0x8000efc6 (0x0000bfe5) c.j     pc - 8
core   0: 3 0x8000efc6 (0xbfe5)
core   0: 0x8000efbe (0x00001f17) auipc   t5, 0x1
core   0: 3 0x8000efbe (0x00001f17) x30 0x8000ffbe
core   0: 0x8000efc2 (0x043f2123) sw      gp, 66(t5)
core   0: 3 0x8000efc2 (0x043f2123) mem 0x80010000 0x00000001
core   0: 0x8000efc6 (0x0000bfe5) c.j     pc - 8
core   0: 3 0x8000efc6 (0xbfe5)
core   0: 0x8000efbe (0x00001f17) auipc   t5, 0x1
core   0: 3 0x8000efbe (0x00001f17) x30 0x8000ffbe
core   0: 0x8000efc2 (0x043f2123) sw      gp, 66(t5)
core   0: 3 0x8000efc2 (0x043f2123) mem 0x80010000 0x00000001
core   0: 0x8000efc6 (0x0000bfe5) c.j     pc - 8
core   0: 3 0x8000efc6 (0xbfe5)
core   0: 0x8000efbe (0x00001f17) auipc   t5, 0x1
core   0: 3 0x8000efbe (0x00001f17) x30 0x8000ffbe
core   0: 0x8000efc2 (0x043f2123) sw      gp, 66(t5)
core   0: 3 0x8000efc2 (0x043f2123) mem 0x80010000 0x00000001
core   0: 0x8000efc6 (0x0000bfe5) c.j     pc - 8
core   0: 3 0x8000efc6 (0xbfe5)
core   0: 0x8000efbe (0x00001f17) auipc   t5, 0x1
core   0: 3 0x8000efbe (0x00001f17) x30 0x8000ffbe
core   0: 0x8000efc2 (0x043f2123) sw      gp, 66(t5)
core   0: 3 0x8000efc2 (0x043f2123) mem 0x80010000 0x00000001
core   0: 0x8000efc6 (0x0000bfe5) c.j     pc - 8
core   0: 3 0x8000efc6 (0xbfe5)
core   0: 0x8000efbe (0x00001f17) auipc   t5, 0x1
core   0: 3 0x8000efbe (0x00001f17) x30 0x8000ffbe
core   0: 0x8000efc2 (0x043f2123) sw      gp, 66(t5)
core   0: 3 0x8000efc2 (0x043f2123) mem 0x80010000 0x00000001
core   0: 0x8000efc6 (0x0000bfe5) c.j     pc - 8
core   0: 3 0x8000efc6 (0xbfe5)
core   0: 0x8000efbe (0x00001f17) auipc   t5, 0x1
core   0: 3 0x8000efbe (0x00001f17) x30 0x8000ffbe
core   0: 0x8000efc2 (0x043f2123) sw      gp, 66(t5)
core   0: 3 0x8000efc2 (0x043f2123) mem 0x80010000 0x00000001
core   0: 0x8000efc6 (0x0000bfe5) c.j     pc - 8
core   0: 3 0x8000efc6 (0xbfe5)
core   0: 0x8000efbe (0x00001f17) auipc   t5, 0x1
core   0: 3 0x8000efbe (0x00001f17) x30 0x8000ffbe
core   0: 0x8000efc2 (0x043f2123) sw      gp, 66(t5)
core   0: 3 0x8000efc2 (0x043f2123) mem 0x80010000 0x00000001
core   0: 0x8000efc6 (0x0000bfe5) c.j     pc - 8
core   0: 3 0x8000efc6 (0xbfe5)
core   0: 0x8000efbe (0x00001f17) auipc   t5, 0x1
core   0: 3 0x8000efbe (0x00001f17) x30 0x8000ffbe
core   0: 0x8000efc2 (0x043f2123) sw      gp, 66(t5)
core   0: 3 0x8000efc2 (0x043f2123) mem 0x80010000 0x00000001
core   0: 0x8000efc6 (0x0000bfe5) c.j     pc - 8
core   0: 3 0x8000efc6 (0xbfe5)
core   0: 0x8000efbe (0x00001f17) auipc   t5, 0x1
core   0: 3 0x8000efbe (0x00001f17) x30 0x8000ffbe
core   0: 0x8000efc2 (0x043f2123) sw      gp, 66(t5)
core   0: 3 0x8000efc2 (0x043f2123) mem 0x80010000 0x00000001
core   0: 0x8000efc6 (0x0000bfe5) c.j     pc - 8
core   0: 3 0x8000efc6 (0xbfe5)
core   0: 0x8000efbe (0x00001f17) auipc   t5, 0x1
core   0: 3 0x8000efbe (0x00001f17) x30 0x8000ffbe
core   0: 0x8000efc2 (0x043f2123) sw      gp, 66(t5)
core   0: 3 0x8000efc2 (0x043f2123) mem 0x80010000 0x00000001
core   0: 0x8000efc6 (0x0000bfe5) c.j     pc - 8
core   0: 3 0x8000efc6 (0xbfe5)
core   0: 0x8000efbe (0x00001f17) auipc   t5, 0x1
core   0: 3 0x8000efbe (0x00001f17) x30 0x8000ffbe
core   0: 0x8000efc2 (0x043f2123) sw      gp, 66(t5)
core   0: 3 0x8000efc2 (0x043f2123) mem 0x80010000 0x00000001
core   0: 0x8000efc6 (0x0000bfe5) c.j     pc - 8
core   0: 3 0x8000efc6 (0xbfe5)
core   0: 0x8000efbe (0x00001f17) auipc   t5, 0x1
core   0: 3 0x8000efbe (0x00001f17) x30 0x8000ffbe
core   0: 0x8000efc2 (0x043f2123) sw      gp, 66(t5)
core   0: 3 0x8000efc2 (0x043f2123) mem 0x80010000 0x00000001
core   0: 0x8000efc6 (0x0000bfe5) c.j     pc - 8
core   0: 3 0x8000efc6 (0xbfe5)
core   0: 0x8000efbe (0x00001f17) auipc   t5, 0x1
core   0: 3 0x8000efbe (0x00001f17) x30 0x8000ffbe
core   0: 0x8000efc2 (0x043f2123) sw      gp, 66(t5)
core   0: 3 0x8000efc2 (0x043f2123) mem 0x80010000 0x00000001
core   0: 0x8000efc6 (0x0000bfe5) c.j     pc - 8
core   0: 3 0x8000efc6 (0xbfe5)
core   0: 0x8000efbe (0x00001f17) auipc   t5, 0x1
core   0: 3 0x8000efbe (0x00001f17) x30 0x8000ffbe
core   0: 0x8000efc2 (0x043f2123) sw      gp, 66(t5)
core   0: 3 0x8000efc2 (0x043f2123) mem 0x80010000 0x00000001
core   0: 0x8000efc6 (0x0000bfe5) c.j     pc - 8
core   0: 3 0x8000efc6 (0xbfe5)
core   0: 0x8000efbe (0x00001f17) auipc   t5, 0x1
core   0: 3 0x8000efbe (0x00001f17) x30 0x8000ffbe
core   0: 0x8000efc2 (0x043f2123) sw      gp, 66(t5)
core   0: 3 0x8000efc2 (0x043f2123) mem 0x80010000 0x00000001
core   0: 0x8000efc6 (0x0000bfe5) c.j     pc - 8
core   0: 3 0x8000efc6 (0xbfe5)
core   0: 0x8000efbe (0x00001f17) auipc   t5, 0x1
core   0: 3 0x8000efbe (0x00001f17) x30 0x8000ffbe
core   0: 0x8000efc2 (0x043f2123) sw      gp, 66(t5)
core   0: 3 0x8000efc2 (0x043f2123) mem 0x80010000 0x00000001
core   0: 0x8000efc6 (0x0000bfe5) c.j     pc - 8
core   0: 3 0x8000efc6 (0xbfe5)
core   0: 0x8000efbe (0x00001f17) auipc   t5, 0x1
core   0: 3 0x8000efbe (0x00001f17) x30 0x8000ffbe
core   0: 0x8000efc2 (0x043f2123) sw      gp, 66(t5)
core   0: 3 0x8000efc2 (0x043f2123) mem 0x80010000 0x00000001
core   0: 0x8000efc6 (0x0000bfe5) c.j     pc - 8
core   0: 3 0x8000efc6 (0xbfe5)
core   0: 0x8000efbe (0x00001f17) auipc   t5, 0x1
core   0: 3 0x8000efbe (0x00001f17) x30 0x8000ffbe
core   0: 0x8000efc2 (0x043f2123) sw      gp, 66(t5)
core   0: 3 0x8000efc2 (0x043f2123) mem 0x80010000 0x00000001
core   0: 0x8000efc6 (0x0000bfe5) c.j     pc - 8
core   0: 3 0x8000efc6 (0xbfe5)
core   0: 0x8000efbe (0x00001f17) auipc   t5, 0x1
core   0: 3 0x8000efbe (0x00001f17) x30 0x8000ffbe
core   0: 0x8000efc2 (0x043f2123) sw      gp, 66(t5)
core   0: 3 0x8000efc2 (0x043f2123) mem 0x80010000 0x00000001
core   0: 0x8000efc6 (0x0000bfe5) c.j     pc - 8
core   0: 3 0x8000efc6 (0xbfe5)
core   0: 0x8000efbe (0x00001f17) auipc   t5, 0x1
core   0: 3 0x8000efbe (0x00001f17) x30 0x8000ffbe
core   0: 0x8000efc2 (0x043f2123) sw      gp, 66(t5)
core   0: 3 0x8000efc2 (0x043f2123) mem 0x80010000 0x00000001
core   0: 0x8000efc6 (0x0000bfe5) c.j     pc - 8
core   0: 3 0x8000efc6 (0xbfe5)
core   0: 0x8000efbe (0x00001f17) auipc   t5, 0x1
core   0: 3 0x8000efbe (0x00001f17) x30 0x8000ffbe
core   0: 0x8000efc2 (0x043f2123) sw      gp, 66(t5)
core   0: 3 0x8000efc2 (0x043f2123) mem 0x80010000 0x00000001
core   0: 0x8000efc6 (0x0000bfe5) c.j     pc - 8
core   0: 3 0x8000efc6 (0xbfe5)
core   0: 0x8000efbe (0x00001f17) auipc   t5, 0x1
core   0: 3 0x8000efbe (0x00001f17) x30 0x8000ffbe
core   0: 0x8000efc2 (0x043f2123) sw      gp, 66(t5)
core   0: 3 0x8000efc2 (0x043f2123) mem 0x80010000 0x00000001
core   0: 0x8000efc6 (0x0000bfe5) c.j     pc - 8
core   0: 3 0x8000efc6 (0xbfe5)
core   0: 0x8000efbe (0x00001f17) auipc   t5, 0x1
core   0: 3 0x8000efbe (0x00001f17) x30 0x8000ffbe
core   0: 0x8000efc2 (0x043f2123) sw      gp, 66(t5)
core   0: 3 0x8000efc2 (0x043f2123) mem 0x80010000 0x00000001
core   0: 0x8000efc6 (0x0000bfe5) c.j     pc - 8
core   0: 3 0x8000efc6 (0xbfe5)
core   0: 0x8000efbe (0x00001f17) auipc   t5, 0x1
core   0: 3 0x8000efbe (0x00001f17) x30 0x8000ffbe
core   0: 0x8000efc2 (0x043f2123) sw      gp, 66(t5)
core   0: 3 0x8000efc2 (0x043f2123) mem 0x80010000 0x00000001
core   0: 0x8000efc6 (0x0000bfe5) c.j     pc - 8
core   0: 3 0x8000efc6 (0xbfe5)
core   0: 0x8000efbe (0x00001f17) auipc   t5, 0x1
core   0: 3 0x8000efbe (0x00001f17) x30 0x8000ffbe
core   0: 0x8000efc2 (0x043f2123) sw      gp, 66(t5)
core   0: 3 0x8000efc2 (0x043f2123) mem 0x80010000 0x00000001
core   0: 0x8000efc6 (0x0000bfe5) c.j     pc - 8
core   0: 3 0x8000efc6 (0xbfe5)
core   0: 0x8000efbe (0x00001f17) auipc   t5, 0x1
core   0: 3 0x8000efbe (0x00001f17) x30 0x8000ffbe
core   0: 0x8000efc2 (0x043f2123) sw      gp, 66(t5)
core   0: 3 0x8000efc2 (0x043f2123) mem 0x80010000 0x00000001
core   0: 0x8000efc6 (0x0000bfe5) c.j     pc - 8
core   0: 3 0x8000efc6 (0xbfe5)
core   0: 0x8000efbe (0x00001f17) auipc   t5, 0x1
core   0: 3 0x8000efbe (0x00001f17) x30 0x8000ffbe
core   0: 0x8000efc2 (0x043f2123) sw      gp, 66(t5)
core   0: 3 0x8000efc2 (0x043f2123) mem 0x80010000 0x00000001
core   0: 0x8000efc6 (0x0000bfe5) c.j     pc - 8
core   0: 3 0x8000efc6 (0xbfe5)
core   0: 0x8000efbe (0x00001f17) auipc   t5, 0x1
core   0: 3 0x8000efbe (0x00001f17) x30 0x8000ffbe
core   0: 0x8000efc2 (0x043f2123) sw      gp, 66(t5)
core   0: 3 0x8000efc2 (0x043f2123) mem 0x80010000 0x00000001
core   0: 0x8000efc6 (0x0000bfe5) c.j     pc - 8
core   0: 3 0x8000efc6 (0xbfe5)
core   0: 0x8000efbe (0x00001f17) auipc   t5, 0x1
core   0: 3 0x8000efbe (0x00001f17) x30 0x8000ffbe
core   0: 0x8000efc2 (0x043f2123) sw      gp, 66(t5)
core   0: 3 0x8000efc2 (0x043f2123) mem 0x80010000 0x00000001
core   0: 0x8000efc6 (0x0000bfe5) c.j     pc - 8
core   0: 3 0x8000efc6 (0xbfe5)
core   0: 0x8000efbe (0x00001f17) auipc   t5, 0x1
core   0: 3 0x8000efbe (0x00001f17) x30 0x8000ffbe
core   0: 0x8000efc2 (0x043f2123) sw      gp, 66(t5)
core   0: 3 0x8000efc2 (0x043f2123) mem 0x80010000 0x00000001
core   0: 0x8000efc6 (0x0000bfe5) c.j     pc - 8
core   0: 3 0x8000efc6 (0xbfe5)
core   0: 0x8000efbe (0x00001f17) auipc   t5, 0x1
core   0: 3 0x8000efbe (0x00001f17) x30 0x8000ffbe
core   0: 0x8000efc2 (0x043f2123) sw      gp, 66(t5)
core   0: 3 0x8000efc2 (0x043f2123) mem 0x80010000 0x00000001
core   0: 0x8000efc6 (0x0000bfe5) c.j     pc - 8
core   0: 3 0x8000efc6 (0xbfe5)
core   0: 0x8000efbe (0x00001f17) auipc   t5, 0x1
core   0: 3 0x8000efbe (0x00001f17) x30 0x8000ffbe
core   0: 0x8000efc2 (0x043f2123) sw      gp, 66(t5)
core   0: 3 0x8000efc2 (0x043f2123) mem 0x80010000 0x00000001
core   0: 0x8000efc6 (0x0000bfe5) c.j     pc - 8
core   0: 3 0x8000efc6 (0xbfe5)
core   0: 0x8000efbe (0x00001f17) auipc   t5, 0x1
core   0: 3 0x8000efbe (0x00001f17) x30 0x8000ffbe
core   0: 0x8000efc2 (0x043f2123) sw      gp, 66(t5)
core   0: 3 0x8000efc2 (0x043f2123) mem 0x80010000 0x00000001
core   0: 0x8000efc6 (0x0000bfe5) c.j     pc - 8
core   0: 3 0x8000efc6 (0xbfe5)
core   0: 0x8000efbe (0x00001f17) auipc   t5, 0x1
core   0: 3 0x8000efbe (0x00001f17) x30 0x8000ffbe
core   0: 0x8000efc2 (0x043f2123) sw      gp, 66(t5)
core   0: 3 0x8000efc2 (0x043f2123) mem 0x80010000 0x00000001
core   0: 0x8000efc6 (0x0000bfe5) c.j     pc - 8
core   0: 3 0x8000efc6 (0xbfe5)
core   0: 0x8000efbe (0x00001f17) auipc   t5, 0x1
core   0: 3 0x8000efbe (0x00001f17) x30 0x8000ffbe
core   0: 0x8000efc2 (0x043f2123) sw      gp, 66(t5)
core   0: 3 0x8000efc2 (0x043f2123) mem 0x80010000 0x00000001
core   0: 0x8000efc6 (0x0000bfe5) c.j     pc - 8
core   0: 3 0x8000efc6 (0xbfe5)
core   0: 0x8000efbe (0x00001f17) auipc   t5, 0x1
core   0: 3 0x8000efbe (0x00001f17) x30 0x8000ffbe
core   0: 0x8000efc2 (0x043f2123) sw      gp, 66(t5)
core   0: 3 0x8000efc2 (0x043f2123) mem 0x80010000 0x00000001
core   0: 0x8000efc6 (0x0000bfe5) c.j     pc - 8
core   0: 3 0x8000efc6 (0xbfe5)
core   0: 0x8000efbe (0x00001f17) auipc   t5, 0x1
core   0: 3 0x8000efbe (0x00001f17) x30 0x8000ffbe
core   0: 0x8000efc2 (0x043f2123) sw      gp, 66(t5)
core   0: 3 0x8000efc2 (0x043f2123) mem 0x80010000 0x00000001
core   0: 0x8000efc6 (0x0000bfe5) c.j     pc - 8
core   0: 3 0x8000efc6 (0xbfe5)
core   0: 0x8000efbe (0x00001f17) auipc   t5, 0x1
core   0: 3 0x8000efbe (0x00001f17) x30 0x8000ffbe
core   0: 0x8000efc2 (0x043f2123) sw      gp, 66(t5)
core   0: 3 0x8000efc2 (0x043f2123) mem 0x80010000 0x00000001
core   0: 0x8000efc6 (0x0000bfe5) c.j     pc - 8
core   0: 3 0x8000efc6 (0xbfe5)
core   0: 0x8000efbe (0x00001f17) auipc   t5, 0x1
core   0: 3 0x8000efbe (0x00001f17) x30 0x8000ffbe
core   0: 0x8000efc2 (0x043f2123) sw      gp, 66(t5)
core   0: 3 0x8000efc2 (0x043f2123) mem 0x80010000 0x00000001
core   0: 0x8000efc6 (0x0000bfe5) c.j     pc - 8
core   0: 3 0x8000efc6 (0xbfe5)
core   0: 0x8000efbe (0x00001f17) auipc   t5, 0x1
core   0: 3 0x8000efbe (0x00001f17) x30 0x8000ffbe
core   0: 0x8000efc2 (0x043f2123) sw      gp, 66(t5)
core   0: 3 0x8000efc2 (0x043f2123) mem 0x80010000 0x00000001
core   0: 0x8000efc6 (0x0000bfe5) c.j     pc - 8
core   0: 3 0x8000efc6 (0xbfe5)
core   0: 0x8000efbe (0x00001f17) auipc   t5, 0x1
core   0: 3 0x8000efbe (0x00001f17) x30 0x8000ffbe
core   0: 0x8000efc2 (0x043f2123) sw      gp, 66(t5)
core   0: 3 0x8000efc2 (0x043f2123) mem 0x80010000 0x00000001
core   0: 0x8000efc6 (0x0000bfe5) c.j     pc - 8
core   0: 3 0x8000efc6 (0xbfe5)
core   0: 0x8000efbe (0x00001f17) auipc   t5, 0x1
core   0: 3 0x8000efbe (0x00001f17) x30 0x8000ffbe
core   0: 0x8000efc2 (0x043f2123) sw      gp, 66(t5)
core   0: 3 0x8000efc2 (0x043f2123) mem 0x80010000 0x00000001
core   0: 0x8000efc6 (0x0000bfe5) c.j     pc - 8
core   0: 3 0x8000efc6 (0xbfe5)
core   0: 0x8000efbe (0x00001f17) auipc   t5, 0x1
core   0: 3 0x8000efbe (0x00001f17) x30 0x8000ffbe
core   0: 0x8000efc2 (0x043f2123) sw      gp, 66(t5)
core   0: 3 0x8000efc2 (0x043f2123) mem 0x80010000 0x00000001
core   0: 0x8000efc6 (0x0000bfe5) c.j     pc - 8
core   0: 3 0x8000efc6 (0xbfe5)
core   0: 0x8000efbe (0x00001f17) auipc   t5, 0x1
core   0: 3 0x8000efbe (0x00001f17) x30 0x8000ffbe
core   0: 0x8000efc2 (0x043f2123) sw      gp, 66(t5)
core   0: 3 0x8000efc2 (0x043f2123) mem 0x80010000 0x00000001
core   0: 0x8000efc6 (0x0000bfe5) c.j     pc - 8
core   0: 3 0x8000efc6 (0xbfe5)
core   0: 0x8000efbe (0x00001f17) auipc   t5, 0x1
core   0: 3 0x8000efbe (0x00001f17) x30 0x8000ffbe
core   0: 0x8000efc2 (0x043f2123) sw      gp, 66(t5)
core   0: 3 0x8000efc2 (0x043f2123) mem 0x80010000 0x00000001
core   0: 0x8000efc6 (0x0000bfe5) c.j     pc - 8
core   0: 3 0x8000efc6 (0xbfe5)
core   0: 0x8000efbe (0x00001f17) auipc   t5, 0x1
core   0: 3 0x8000efbe (0x00001f17) x30 0x8000ffbe
core   0: 0x8000efc2 (0x043f2123) sw      gp, 66(t5)
core   0: 3 0x8000efc2 (0x043f2123) mem 0x80010000 0x00000001
core   0: 0x8000efc6 (0x0000bfe5) c.j     pc - 8
core   0: 3 0x8000efc6 (0xbfe5)
core   0: 0x8000efbe (0x00001f17) auipc   t5, 0x1
core   0: 3 0x8000efbe (0x00001f17) x30 0x8000ffbe
core   0: 0x8000efc2 (0x043f2123) sw      gp, 66(t5)
core   0: 3 0x8000efc2 (0x043f2123) mem 0x80010000 0x00000001
core   0: 0x8000efc6 (0x0000bfe5) c.j     pc - 8
core   0: 3 0x8000efc6 (0xbfe5)
core   0: 0x8000efbe (0x00001f17) auipc   t5, 0x1
core   0: 3 0x8000efbe (0x00001f17) x30 0x8000ffbe
core   0: 0x8000efc2 (0x043f2123) sw      gp, 66(t5)
core   0: 3 0x8000efc2 (0x043f2123) mem 0x80010000 0x00000001
core   0: 0x8000efc6 (0x0000bfe5) c.j     pc - 8
core   0: 3 0x8000efc6 (0xbfe5)
core   0: 0x8000efbe (0x00001f17) auipc   t5, 0x1
core   0: 3 0x8000efbe (0x00001f17) x30 0x8000ffbe
core   0: 0x8000efc2 (0x043f2123) sw      gp, 66(t5)
core   0: 3 0x8000efc2 (0x043f2123) mem 0x80010000 0x00000001
core   0: 0x8000efc6 (0x0000bfe5) c.j     pc - 8
core   0: 3 0x8000efc6 (0xbfe5)
core   0: 0x8000efbe (0x00001f17) auipc   t5, 0x1
core   0: 3 0x8000efbe (0x00001f17) x30 0x8000ffbe
core   0: 0x8000efc2 (0x043f2123) sw      gp, 66(t5)
core   0: 3 0x8000efc2 (0x043f2123) mem 0x80010000 0x00000001
core   0: 0x8000efc6 (0x0000bfe5) c.j     pc - 8
core   0: 3 0x8000efc6 (0xbfe5)
core   0: 0x8000efbe (0x00001f17) auipc   t5, 0x1
core   0: 3 0x8000efbe (0x00001f17) x30 0x8000ffbe
core   0: 0x8000efc2 (0x043f2123) sw      gp, 66(t5)
core   0: 3 0x8000efc2 (0x043f2123) mem 0x80010000 0x00000001
core   0: 0x8000efc6 (0x0000bfe5) c.j     pc - 8
core   0: 3 0x8000efc6 (0xbfe5)
core   0: 0x8000efbe (0x00001f17) auipc   t5, 0x1
core   0: 3 0x8000efbe (0x00001f17) x30 0x8000ffbe
core   0: 0x8000efc2 (0x043f2123) sw      gp, 66(t5)
core   0: 3 0x8000efc2 (0x043f2123) mem 0x80010000 0x00000001
core   0: 0x8000efc6 (0x0000bfe5) c.j     pc - 8
core   0: 3 0x8000efc6 (0xbfe5)
core   0: 0x8000efbe (0x00001f17) auipc   t5, 0x1
core   0: 3 0x8000efbe (0x00001f17) x30 0x8000ffbe
core   0: 0x8000efc2 (0x043f2123) sw      gp, 66(t5)
core   0: 3 0x8000efc2 (0x043f2123) mem 0x80010000 0x00000001
core   0: 0x8000efc6 (0x0000bfe5) c.j     pc - 8
core   0: 3 0x8000efc6 (0xbfe5)
core   0: 0x8000efbe (0x00001f17) auipc   t5, 0x1
core   0: 3 0x8000efbe (0x00001f17) x30 0x8000ffbe
core   0: 0x8000efc2 (0x043f2123) sw      gp, 66(t5)
core   0: 3 0x8000efc2 (0x043f2123) mem 0x80010000 0x00000001
core   0: 0x8000efc6 (0x0000bfe5) c.j     pc - 8
core   0: 3 0x8000efc6 (0xbfe5)
core   0: 0x8000efbe (0x00001f17) auipc   t5, 0x1
core   0: 3 0x8000efbe (0x00001f17) x30 0x8000ffbe
core   0: 0x8000efc2 (0x043f2123) sw      gp, 66(t5)
core   0: 3 0x8000efc2 (0x043f2123) mem 0x80010000 0x00000001
core   0: 0x8000efc6 (0x0000bfe5) c.j     pc - 8
core   0: 3 0x8000efc6 (0xbfe5)
core   0: 0x8000efbe (0x00001f17) auipc   t5, 0x1
core   0: 3 0x8000efbe (0x00001f17) x30 0x8000ffbe
core   0: 0x8000efc2 (0x043f2123) sw      gp, 66(t5)
core   0: 3 0x8000efc2 (0x043f2123) mem 0x80010000 0x00000001
core   0: 0x8000efc6 (0x0000bfe5) c.j     pc - 8
core   0: 3 0x8000efc6 (0xbfe5)
core   0: 0x8000efbe (0x00001f17) auipc   t5, 0x1
core   0: 3 0x8000efbe (0x00001f17) x30 0x8000ffbe
core   0: 0x8000efc2 (0x043f2123) sw      gp, 66(t5)
core   0: 3 0x8000efc2 (0x043f2123) mem 0x80010000 0x00000001
core   0: 0x8000efc6 (0x0000bfe5) c.j     pc - 8
core   0: 3 0x8000efc6 (0xbfe5)
core   0: 0x8000efbe (0x00001f17) auipc   t5, 0x1
core   0: 3 0x8000efbe (0x00001f17) x30 0x8000ffbe
core   0: 0x8000efc2 (0x043f2123) sw      gp, 66(t5)
core   0: 3 0x8000efc2 (0x043f2123) mem 0x80010000 0x00000001
core   0: 0x8000efc6 (0x0000bfe5) c.j     pc - 8
core   0: 3 0x8000efc6 (0xbfe5)
core   0: 0x8000efbe (0x00001f17) auipc   t5, 0x1
core   0: 3 0x8000efbe (0x00001f17) x30 0x8000ffbe
core   0: 0x8000efc2 (0x043f2123) sw      gp, 66(t5)
core   0: 3 0x8000efc2 (0x043f2123) mem 0x80010000 0x00000001
core   0: 0x8000efc6 (0x0000bfe5) c.j     pc - 8
core   0: 3 0x8000efc6 (0xbfe5)
core   0: 0x8000efbe (0x00001f17) auipc   t5, 0x1
core   0: 3 0x8000efbe (0x00001f17) x30 0x8000ffbe
core   0: 0x8000efc2 (0x043f2123) sw      gp, 66(t5)
core   0: 3 0x8000efc2 (0x043f2123) mem 0x80010000 0x00000001
core   0: 0x8000efc6 (0x0000bfe5) c.j     pc - 8
core   0: 3 0x8000efc6 (0xbfe5)
core   0: 0x8000efbe (0x00001f17) auipc   t5, 0x1
core   0: 3 0x8000efbe (0x00001f17) x30 0x8000ffbe
core   0: 0x8000efc2 (0x043f2123) sw      gp, 66(t5)
core   0: 3 0x8000efc2 (0x043f2123) mem 0x80010000 0x00000001
core   0: 0x8000efc6 (0x0000bfe5) c.j     pc - 8
core   0: 3 0x8000efc6 (0xbfe5)
core   0: 0x8000efbe (0x00001f17) auipc   t5, 0x1
core   0: 3 0x8000efbe (0x00001f17) x30 0x8000ffbe
core   0: 0x8000efc2 (0x043f2123) sw      gp, 66(t5)
core   0: 3 0x8000efc2 (0x043f2123) mem 0x80010000 0x00000001
core   0: 0x8000efc6 (0x0000bfe5) c.j     pc - 8
core   0: 3 0x8000efc6 (0xbfe5)
core   0: 0x8000efbe (0x00001f17) auipc   t5, 0x1
core   0: 3 0x8000efbe (0x00001f17) x30 0x8000ffbe
core   0: 0x8000efc2 (0x043f2123) sw      gp, 66(t5)
core   0: 3 0x8000efc2 (0x043f2123) mem 0x80010000 0x00000001
core   0: 0x8000efc6 (0x0000bfe5) c.j     pc - 8
core   0: 3 0x8000efc6 (0xbfe5)
core   0: 0x8000efbe (0x00001f17) auipc   t5, 0x1
core   0: 3 0x8000efbe (0x00001f17) x30 0x8000ffbe
core   0: 0x8000efc2 (0x043f2123) sw      gp, 66(t5)
core   0: 3 0x8000efc2 (0x043f2123) mem 0x80010000 0x00000001
core   0: 0x8000efc6 (0x0000bfe5) c.j     pc - 8
core   0: 3 0x8000efc6 (0xbfe5)
core   0: 0x8000efbe (0x00001f17) auipc   t5, 0x1
core   0: 3 0x8000efbe (0x00001f17) x30 0x8000ffbe
core   0: 0x8000efc2 (0x043f2123) sw      gp, 66(t5)
core   0: 3 0x8000efc2 (0x043f2123) mem 0x80010000 0x00000001
core   0: 0x8000efc6 (0x0000bfe5) c.j     pc - 8
core   0: 3 0x8000efc6 (0xbfe5)
core   0: 0x8000efbe (0x00001f17) auipc   t5, 0x1
core   0: 3 0x8000efbe (0x00001f17) x30 0x8000ffbe
core   0: 0x8000efc2 (0x043f2123) sw      gp, 66(t5)
core   0: 3 0x8000efc2 (0x043f2123) mem 0x80010000 0x00000001
core   0: 0x8000efc6 (0x0000bfe5) c.j     pc - 8
core   0: 3 0x8000efc6 (0xbfe5)
core   0: 0x8000efbe (0x00001f17) auipc   t5, 0x1
core   0: 3 0x8000efbe (0x00001f17) x30 0x8000ffbe
core   0: 0x8000efc2 (0x043f2123) sw      gp, 66(t5)
core   0: 3 0x8000efc2 (0x043f2123) mem 0x80010000 0x00000001
core   0: 0x8000efc6 (0x0000bfe5) c.j     pc - 8
core   0: 3 0x8000efc6 (0xbfe5)
core   0: 0x8000efbe (0x00001f17) auipc   t5, 0x1
core   0: 3 0x8000efbe (0x00001f17) x30 0x8000ffbe
core   0: 0x8000efc2 (0x043f2123) sw      gp, 66(t5)
core   0: 3 0x8000efc2 (0x043f2123) mem 0x80010000 0x00000001
core   0: 0x8000efc6 (0x0000bfe5) c.j     pc - 8
core   0: 3 0x8000efc6 (0xbfe5)
core   0: 0x8000efbe (0x00001f17) auipc   t5, 0x1
core   0: 3 0x8000efbe (0x00001f17) x30 0x8000ffbe
core   0: 0x8000efc2 (0x043f2123) sw      gp, 66(t5)
core   0: 3 0x8000efc2 (0x043f2123) mem 0x80010000 0x00000001
core   0: 0x8000efc6 (0x0000bfe5) c.j     pc - 8
core   0: 3 0x8000efc6 (0xbfe5)
core   0: 0x8000efbe (0x00001f17) auipc   t5, 0x1
core   0: 3 0x8000efbe (0x00001f17) x30 0x8000ffbe
core   0: 0x8000efc2 (0x043f2123) sw      gp, 66(t5)
core   0: 3 0x8000efc2 (0x043f2123) mem 0x80010000 0x00000001
core   0: 0x8000efc6 (0x0000bfe5) c.j     pc - 8
core   0: 3 0x8000efc6 (0xbfe5)
core   0: 0x8000efbe (0x00001f17) auipc   t5, 0x1
core   0: 3 0x8000efbe (0x00001f17) x30 0x8000ffbe
core   0: 0x8000efc2 (0x043f2123) sw      gp, 66(t5)
core   0: 3 0x8000efc2 (0x043f2123) mem 0x80010000 0x00000001
core   0: 0x8000efc6 (0x0000bfe5) c.j     pc - 8
core   0: 3 0x8000efc6 (0xbfe5)
core   0: 0x8000efbe (0x00001f17) auipc   t5, 0x1
core   0: 3 0x8000efbe (0x00001f17) x30 0x8000ffbe
core   0: 0x8000efc2 (0x043f2123) sw      gp, 66(t5)
core   0: 3 0x8000efc2 (0x043f2123) mem 0x80010000 0x00000001
core   0: 0x8000efc6 (0x0000bfe5) c.j     pc - 8
core   0: 3 0x8000efc6 (0xbfe5)
core   0: 0x8000efbe (0x00001f17) auipc   t5, 0x1
core   0: 3 0x8000efbe (0x00001f17) x30 0x8000ffbe
core   0: 0x8000efc2 (0x043f2123) sw      gp, 66(t5)
core   0: 3 0x8000efc2 (0x043f2123) mem 0x80010000 0x00000001
core   0: 0x8000efc6 (0x0000bfe5) c.j     pc - 8
core   0: 3 0x8000efc6 (0xbfe5)
core   0: 0x8000efbe (0x00001f17) auipc   t5, 0x1
core   0: 3 0x8000efbe (0x00001f17) x30 0x8000ffbe
core   0: 0x8000efc2 (0x043f2123) sw      gp, 66(t5)
core   0: 3 0x8000efc2 (0x043f2123) mem 0x80010000 0x00000001
core   0: 0x8000efc6 (0x0000bfe5) c.j     pc - 8
core   0: 3 0x8000efc6 (0xbfe5)
core   0: 0x8000efbe (0x00001f17) auipc   t5, 0x1
core   0: 3 0x8000efbe (0x00001f17) x30 0x8000ffbe
core   0: 0x8000efc2 (0x043f2123) sw      gp, 66(t5)
core   0: 3 0x8000efc2 (0x043f2123) mem 0x80010000 0x00000001
core   0: 0x8000efc6 (0x0000bfe5) c.j     pc - 8
core   0: 3 0x8000efc6 (0xbfe5)
core   0: 0x8000efbe (0x00001f17) auipc   t5, 0x1
core   0: 3 0x8000efbe (0x00001f17) x30 0x8000ffbe
core   0: 0x8000efc2 (0x043f2123) sw      gp, 66(t5)
core   0: 3 0x8000efc2 (0x043f2123) mem 0x80010000 0x00000001
core   0: 0x8000efc6 (0x0000bfe5) c.j     pc - 8
core   0: 3 0x8000efc6 (0xbfe5)
core   0: 0x8000efbe (0x00001f17) auipc   t5, 0x1
core   0: 3 0x8000efbe (0x00001f17) x30 0x8000ffbe
core   0: 0x8000efc2 (0x043f2123) sw      gp, 66(t5)
core   0: 3 0x8000efc2 (0x043f2123) mem 0x80010000 0x00000001
core   0: 0x8000efc6 (0x0000bfe5) c.j     pc - 8
core   0: 3 0x8000efc6 (0xbfe5)
core   0: 0x8000efbe (0x00001f17) auipc   t5, 0x1
core   0: 3 0x8000efbe (0x00001f17) x30 0x8000ffbe
core   0: 0x8000efc2 (0x043f2123) sw      gp, 66(t5)
core   0: 3 0x8000efc2 (0x043f2123) mem 0x80010000 0x00000001
core   0: 0x8000efc6 (0x0000bfe5) c.j     pc - 8
core   0: 3 0x8000efc6 (0xbfe5)
core   0: 0x8000efbe (0x00001f17) auipc   t5, 0x1
core   0: 3 0x8000efbe (0x00001f17) x30 0x8000ffbe
core   0: 0x8000efc2 (0x043f2123) sw      gp, 66(t5)
core   0: 3 0x8000efc2 (0x043f2123) mem 0x80010000 0x00000001
core   0: 0x8000efc6 (0x0000bfe5) c.j     pc - 8
core   0: 3 0x8000efc6 (0xbfe5)
core   0: 0x8000efbe (0x00001f17) auipc   t5, 0x1
core   0: 3 0x8000efbe (0x00001f17) x30 0x8000ffbe
core   0: 0x8000efc2 (0x043f2123) sw      gp, 66(t5)
core   0: 3 0x8000efc2 (0x043f2123) mem 0x80010000 0x00000001
core   0: 0x8000efc6 (0x0000bfe5) c.j     pc - 8
core   0: 3 0x8000efc6 (0xbfe5)
core   0: 0x8000efbe (0x00001f17) auipc   t5, 0x1
core   0: 3 0x8000efbe (0x00001f17) x30 0x8000ffbe
core   0: 0x8000efc2 (0x043f2123) sw      gp, 66(t5)
core   0: 3 0x8000efc2 (0x043f2123) mem 0x80010000 0x00000001
core   0: 0x8000efc6 (0x0000bfe5) c.j     pc - 8
core   0: 3 0x8000efc6 (0xbfe5)
core   0: 0x8000efbe (0x00001f17) auipc   t5, 0x1
core   0: 3 0x8000efbe (0x00001f17) x30 0x8000ffbe
core   0: 0x8000efc2 (0x043f2123) sw      gp, 66(t5)
core   0: 3 0x8000efc2 (0x043f2123) mem 0x80010000 0x00000001
core   0: 0x8000efc6 (0x0000bfe5) c.j     pc - 8
core   0: 3 0x8000efc6 (0xbfe5)
core   0: 0x8000efbe (0x00001f17) auipc   t5, 0x1
core   0: 3 0x8000efbe (0x00001f17) x30 0x8000ffbe
core   0: 0x8000efc2 (0x043f2123) sw      gp, 66(t5)
core   0: 3 0x8000efc2 (0x043f2123) mem 0x80010000 0x00000001
core   0: 0x8000efc6 (0x0000bfe5) c.j     pc - 8
core   0: 3 0x8000efc6 (0xbfe5)
core   0: 0x8000efbe (0x00001f17) auipc   t5, 0x1
core   0: 3 0x8000efbe (0x00001f17) x30 0x8000ffbe
core   0: 0x8000efc2 (0x043f2123) sw      gp, 66(t5)
core   0: 3 0x8000efc2 (0x043f2123) mem 0x80010000 0x00000001
core   0: 0x8000efc6 (0x0000bfe5) c.j     pc - 8
core   0: 3 0x8000efc6 (0xbfe5)
core   0: 0x8000efbe (0x00001f17) auipc   t5, 0x1
core   0: 3 0x8000efbe (0x00001f17) x30 0x8000ffbe
core   0: 0x8000efc2 (0x043f2123) sw      gp, 66(t5)
core   0: 3 0x8000efc2 (0x043f2123) mem 0x80010000 0x00000001
core   0: 0x8000efc6 (0x0000bfe5) c.j     pc - 8
core   0: 3 0x8000efc6 (0xbfe5)
core   0: 0x8000efbe (0x00001f17) auipc   t5, 0x1
core   0: 3 0x8000efbe (0x00001f17) x30 0x8000ffbe
core   0: 0x8000efc2 (0x043f2123) sw      gp, 66(t5)
core   0: 3 0x8000efc2 (0x043f2123) mem 0x80010000 0x00000001
core   0: 0x8000efc6 (0x0000bfe5) c.j     pc - 8
core   0: 3 0x8000efc6 (0xbfe5)
core   0: 0x8000efbe (0x00001f17) auipc   t5, 0x1
core   0: 3 0x8000efbe (0x00001f17) x30 0x8000ffbe
core   0: 0x8000efc2 (0x043f2123) sw      gp, 66(t5)
core   0: 3 0x8000efc2 (0x043f2123) mem 0x80010000 0x00000001
core   0: 0x8000efc6 (0x0000bfe5) c.j     pc - 8
core   0: 3 0x8000efc6 (0xbfe5)
core   0: 0x8000efbe (0x00001f17) auipc   t5, 0x1
core   0: 3 0x8000efbe (0x00001f17) x30 0x8000ffbe
core   0: 0x8000efc2 (0x043f2123) sw      gp, 66(t5)
core   0: 3 0x8000efc2 (0x043f2123) mem 0x80010000 0x00000001
core   0: 0x8000efc6 (0x0000bfe5) c.j     pc - 8
core   0: 3 0x8000efc6 (0xbfe5)
core   0: 0x8000efbe (0x00001f17) auipc   t5, 0x1
core   0: 3 0x8000efbe (0x00001f17) x30 0x8000ffbe
core   0: 0x8000efc2 (0x043f2123) sw      gp, 66(t5)
core   0: 3 0x8000efc2 (0x043f2123) mem 0x80010000 0x00000001
core   0: 0x8000efc6 (0x0000bfe5) c.j     pc - 8
core   0: 3 0x8000efc6 (0xbfe5)
core   0: 0x8000efbe (0x00001f17) auipc   t5, 0x1
core   0: 3 0x8000efbe (0x00001f17) x30 0x8000ffbe
core   0: 0x8000efc2 (0x043f2123) sw      gp, 66(t5)
core   0: 3 0x8000efc2 (0x043f2123) mem 0x80010000 0x00000001
core   0: 0x8000efc6 (0x0000bfe5) c.j     pc - 8
core   0: 3 0x8000efc6 (0xbfe5)
core   0: 0x8000efbe (0x00001f17) auipc   t5, 0x1
core   0: 3 0x8000efbe (0x00001f17) x30 0x8000ffbe
core   0: 0x8000efc2 (0x043f2123) sw      gp, 66(t5)
core   0: 3 0x8000efc2 (0x043f2123) mem 0x80010000 0x00000001
core   0: 0x8000efc6 (0x0000bfe5) c.j     pc - 8
core   0: 3 0x8000efc6 (0xbfe5)
core   0: 0x8000efbe (0x00001f17) auipc   t5, 0x1
core   0: 3 0x8000efbe (0x00001f17) x30 0x8000ffbe
core   0: 0x8000efc2 (0x043f2123) sw      gp, 66(t5)
core   0: 3 0x8000efc2 (0x043f2123) mem 0x80010000 0x00000001
core   0: 0x8000efc6 (0x0000bfe5) c.j     pc - 8
core   0: 3 0x8000efc6 (0xbfe5)
core   0: 0x8000efbe (0x00001f17) auipc   t5, 0x1
core   0: 3 0x8000efbe (0x00001f17) x30 0x8000ffbe
core   0: 0x8000efc2 (0x043f2123) sw      gp, 66(t5)
core   0: 3 0x8000efc2 (0x043f2123) mem 0x80010000 0x00000001
core   0: 0x8000efc6 (0x0000bfe5) c.j     pc - 8
core   0: 3 0x8000efc6 (0xbfe5)
core   0: 0x8000efbe (0x00001f17) auipc   t5, 0x1
core   0: 3 0x8000efbe (0x00001f17) x30 0x8000ffbe
core   0: 0x8000efc2 (0x043f2123) sw      gp, 66(t5)
core   0: 3 0x8000efc2 (0x043f2123) mem 0x80010000 0x00000001
core   0: 0x8000efc6 (0x0000bfe5) c.j     pc - 8
core   0: 3 0x8000efc6 (0xbfe5)
core   0: 0x8000efbe (0x00001f17) auipc   t5, 0x1
core   0: 3 0x8000efbe (0x00001f17) x30 0x8000ffbe
core   0: 0x8000efc2 (0x043f2123) sw      gp, 66(t5)
core   0: 3 0x8000efc2 (0x043f2123) mem 0x80010000 0x00000001
core   0: 0x8000efc6 (0x0000bfe5) c.j     pc - 8
core   0: 3 0x8000efc6 (0xbfe5)
core   0: 0x8000efbe (0x00001f17) auipc   t5, 0x1
core   0: 3 0x8000efbe (0x00001f17) x30 0x8000ffbe
core   0: 0x8000efc2 (0x043f2123) sw      gp, 66(t5)
core   0: 3 0x8000efc2 (0x043f2123) mem 0x80010000 0x00000001
core   0: 0x8000efc6 (0x0000bfe5) c.j     pc - 8
core   0: 3 0x8000efc6 (0xbfe5)
core   0: 0x8000efbe (0x00001f17) auipc   t5, 0x1
core   0: 3 0x8000efbe (0x00001f17) x30 0x8000ffbe
core   0: 0x8000efc2 (0x043f2123) sw      gp, 66(t5)
core   0: 3 0x8000efc2 (0x043f2123) mem 0x80010000 0x00000001
core   0: 0x8000efc6 (0x0000bfe5) c.j     pc - 8
core   0: 3 0x8000efc6 (0xbfe5)
core   0: 0x8000efbe (0x00001f17) auipc   t5, 0x1
core   0: 3 0x8000efbe (0x00001f17) x30 0x8000ffbe
core   0: 0x8000efc2 (0x043f2123) sw      gp, 66(t5)
core   0: 3 0x8000efc2 (0x043f2123) mem 0x80010000 0x00000001
core   0: 0x8000efc6 (0x0000bfe5) c.j     pc - 8
core   0: 3 0x8000efc6 (0xbfe5)
core   0: 0x8000efbe (0x00001f17) auipc   t5, 0x1
core   0: 3 0x8000efbe (0x00001f17) x30 0x8000ffbe
core   0: 0x8000efc2 (0x043f2123) sw      gp, 66(t5)
core   0: 3 0x8000efc2 (0x043f2123) mem 0x80010000 0x00000001
core   0: 0x8000efc6 (0x0000bfe5) c.j     pc - 8
core   0: 3 0x8000efc6 (0xbfe5)
core   0: 0x8000efbe (0x00001f17) auipc   t5, 0x1
core   0: 3 0x8000efbe (0x00001f17) x30 0x8000ffbe
core   0: 0x8000efc2 (0x043f2123) sw      gp, 66(t5)
core   0: 3 0x8000efc2 (0x043f2123) mem 0x80010000 0x00000001
core   0: 0x8000efc6 (0x0000bfe5) c.j     pc - 8
core   0: 3 0x8000efc6 (0xbfe5)
core   0: 0x8000efbe (0x00001f17) auipc   t5, 0x1
core   0: 3 0x8000efbe (0x00001f17) x30 0x8000ffbe
core   0: 0x8000efc2 (0x043f2123) sw      gp, 66(t5)
core   0: 3 0x8000efc2 (0x043f2123) mem 0x80010000 0x00000001
core   0: 0x8000efc6 (0x0000bfe5) c.j     pc - 8
core   0: 3 0x8000efc6 (0xbfe5)
core   0: 0x8000efbe (0x00001f17) auipc   t5, 0x1
core   0: 3 0x8000efbe (0x00001f17) x30 0x8000ffbe
core   0: 0x8000efc2 (0x043f2123) sw      gp, 66(t5)
core   0: 3 0x8000efc2 (0x043f2123) mem 0x80010000 0x00000001
core   0: 0x8000efc6 (0x0000bfe5) c.j     pc - 8
core   0: 3 0x8000efc6 (0xbfe5)
core   0: 0x8000efbe (0x00001f17) auipc   t5, 0x1
core   0: 3 0x8000efbe (0x00001f17) x30 0x8000ffbe
core   0: 0x8000efc2 (0x043f2123) sw      gp, 66(t5)
core   0: 3 0x8000efc2 (0x043f2123) mem 0x80010000 0x00000001
core   0: 0x8000efc6 (0x0000bfe5) c.j     pc - 8
core   0: 3 0x8000efc6 (0xbfe5)
core   0: 0x8000efbe (0x00001f17) auipc   t5, 0x1
core   0: 3 0x8000efbe (0x00001f17) x30 0x8000ffbe
core   0: 0x8000efc2 (0x043f2123) sw      gp, 66(t5)
core   0: 3 0x8000efc2 (0x043f2123) mem 0x80010000 0x00000001
core   0: 0x8000efc6 (0x0000bfe5) c.j     pc - 8
core   0: 3 0x8000efc6 (0xbfe5)
core   0: 0x8000efbe (0x00001f17) auipc   t5, 0x1
core   0: 3 0x8000efbe (0x00001f17) x30 0x8000ffbe
core   0: 0x8000efc2 (0x043f2123) sw      gp, 66(t5)
core   0: 3 0x8000efc2 (0x043f2123) mem 0x80010000 0x00000001
core   0: 0x8000efc6 (0x0000bfe5) c.j     pc - 8
core   0: 3 0x8000efc6 (0xbfe5)
core   0: 0x8000efbe (0x00001f17) auipc   t5, 0x1
core   0: 3 0x8000efbe (0x00001f17) x30 0x8000ffbe
core   0: 0x8000efc2 (0x043f2123) sw      gp, 66(t5)
core   0: 3 0x8000efc2 (0x043f2123) mem 0x80010000 0x00000001
core   0: 0x8000efc6 (0x0000bfe5) c.j     pc - 8
core   0: 3 0x8000efc6 (0xbfe5)
core   0: 0x8000efbe (0x00001f17) auipc   t5, 0x1
core   0: 3 0x8000efbe (0x00001f17) x30 0x8000ffbe
core   0: 0x8000efc2 (0x043f2123) sw      gp, 66(t5)
core   0: 3 0x8000efc2 (0x043f2123) mem 0x80010000 0x00000001
core   0: 0x8000efc6 (0x0000bfe5) c.j     pc - 8
core   0: 3 0x8000efc6 (0xbfe5)
core   0: 0x8000efbe (0x00001f17) auipc   t5, 0x1
core   0: 3 0x8000efbe (0x00001f17) x30 0x8000ffbe
core   0: 0x8000efc2 (0x043f2123) sw      gp, 66(t5)
core   0: 3 0x8000efc2 (0x043f2123) mem 0x80010000 0x00000001
core   0: 0x8000efc6 (0x0000bfe5) c.j     pc - 8
core   0: 3 0x8000efc6 (0xbfe5)
core   0: 0x8000efbe (0x00001f17) auipc   t5, 0x1
core   0: 3 0x8000efbe (0x00001f17) x30 0x8000ffbe
core   0: 0x8000efc2 (0x043f2123) sw      gp, 66(t5)
core   0: 3 0x8000efc2 (0x043f2123) mem 0x80010000 0x00000001
core   0: 0x8000efc6 (0x0000bfe5) c.j     pc - 8
core   0: 3 0x8000efc6 (0xbfe5)
core   0: 0x8000efbe (0x00001f17) auipc   t5, 0x1
core   0: 3 0x8000efbe (0x00001f17) x30 0x8000ffbe
core   0: 0x8000efc2 (0x043f2123) sw      gp, 66(t5)
core   0: 3 0x8000efc2 (0x043f2123) mem 0x80010000 0x00000001
core   0: 0x8000efc6 (0x0000bfe5) c.j     pc - 8
core   0: 3 0x8000efc6 (0xbfe5)
core   0: 0x8000efbe (0x00001f17) auipc   t5, 0x1
core   0: 3 0x8000efbe (0x00001f17) x30 0x8000ffbe
core   0: 0x8000efc2 (0x043f2123) sw      gp, 66(t5)
core   0: 3 0x8000efc2 (0x043f2123) mem 0x80010000 0x00000001
core   0: 0x8000efc6 (0x0000bfe5) c.j     pc - 8
core   0: 3 0x8000efc6 (0xbfe5)
core   0: 0x8000efbe (0x00001f17) auipc   t5, 0x1
core   0: 3 0x8000efbe (0x00001f17) x30 0x8000ffbe
core   0: 0x8000efc2 (0x043f2123) sw      gp, 66(t5)
core   0: 3 0x8000efc2 (0x043f2123) mem 0x80010000 0x00000001
core   0: 0x8000efc6 (0x0000bfe5) c.j     pc - 8
core   0: 3 0x8000efc6 (0xbfe5)
core   0: 0x8000efbe (0x00001f17) auipc   t5, 0x1
core   0: 3 0x8000efbe (0x00001f17) x30 0x8000ffbe
core   0: 0x8000efc2 (0x043f2123) sw      gp, 66(t5)
core   0: 3 0x8000efc2 (0x043f2123) mem 0x80010000 0x00000001
core   0: 0x8000efc6 (0x0000bfe5) c.j     pc - 8
core   0: 3 0x8000efc6 (0xbfe5)
core   0: 0x8000efbe (0x00001f17) auipc   t5, 0x1
core   0: 3 0x8000efbe (0x00001f17) x30 0x8000ffbe
core   0: 0x8000efc2 (0x043f2123) sw      gp, 66(t5)
core   0: 3 0x8000efc2 (0x043f2123) mem 0x80010000 0x00000001
core   0: 0x8000efc6 (0x0000bfe5) c.j     pc - 8
core   0: 3 0x8000efc6 (0xbfe5)
core   0: 0x8000efbe (0x00001f17) auipc   t5, 0x1
core   0: 3 0x8000efbe (0x00001f17) x30 0x8000ffbe
core   0: 0x8000efc2 (0x043f2123) sw      gp, 66(t5)
core   0: 3 0x8000efc2 (0x043f2123) mem 0x80010000 0x00000001
core   0: 0x8000efc6 (0x0000bfe5) c.j     pc - 8
core   0: 3 0x8000efc6 (0xbfe5)
core   0: 0x8000efbe (0x00001f17) auipc   t5, 0x1
core   0: 3 0x8000efbe (0x00001f17) x30 0x8000ffbe
core   0: 0x8000efc2 (0x043f2123) sw      gp, 66(t5)
core   0: 3 0x8000efc2 (0x043f2123) mem 0x80010000 0x00000001
core   0: 0x8000efc6 (0x0000bfe5) c.j     pc - 8
core   0: 3 0x8000efc6 (0xbfe5)
core   0: 0x8000efbe (0x00001f17) auipc   t5, 0x1
core   0: 3 0x8000efbe (0x00001f17) x30 0x8000ffbe
core   0: 0x8000efc2 (0x043f2123) sw      gp, 66(t5)
core   0: 3 0x8000efc2 (0x043f2123) mem 0x80010000 0x00000001
core   0: 0x8000efc6 (0x0000bfe5) c.j     pc - 8
core   0: 3 0x8000efc6 (0xbfe5)
core   0: 0x8000efbe (0x00001f17) auipc   t5, 0x1
core   0: 3 0x8000efbe (0x00001f17) x30 0x8000ffbe
core   0: 0x8000efc2 (0x043f2123) sw      gp, 66(t5)
core   0: 3 0x8000efc2 (0x043f2123) mem 0x80010000 0x00000001
core   0: 0x8000efc6 (0x0000bfe5) c.j     pc - 8
core   0: 3 0x8000efc6 (0xbfe5)
core   0: 0x8000efbe (0x00001f17) auipc   t5, 0x1
core   0: 3 0x8000efbe (0x00001f17) x30 0x8000ffbe
core   0: 0x8000efc2 (0x043f2123) sw      gp, 66(t5)
core   0: 3 0x8000efc2 (0x043f2123) mem 0x80010000 0x00000001
core   0: 0x8000efc6 (0x0000bfe5) c.j     pc - 8
core   0: 3 0x8000efc6 (0xbfe5)
core   0: 0x8000efbe (0x00001f17) auipc   t5, 0x1
core   0: 3 0x8000efbe (0x00001f17) x30 0x8000ffbe
core   0: 0x8000efc2 (0x043f2123) sw      gp, 66(t5)
core   0: 3 0x8000efc2 (0x043f2123) mem 0x80010000 0x00000001
core   0: 0x8000efc6 (0x0000bfe5) c.j     pc - 8
core   0: 3 0x8000efc6 (0xbfe5)
core   0: 0x8000efbe (0x00001f17) auipc   t5, 0x1
core   0: 3 0x8000efbe (0x00001f17) x30 0x8000ffbe
core   0: 0x8000efc2 (0x043f2123) sw      gp, 66(t5)
core   0: 3 0x8000efc2 (0x043f2123) mem 0x80010000 0x00000001
core   0: 0x8000efc6 (0x0000bfe5) c.j     pc - 8
core   0: 3 0x8000efc6 (0xbfe5)
core   0: 0x8000efbe (0x00001f17) auipc   t5, 0x1
core   0: 3 0x8000efbe (0x00001f17) x30 0x8000ffbe
core   0: 0x8000efc2 (0x043f2123) sw      gp, 66(t5)
core   0: 3 0x8000efc2 (0x043f2123) mem 0x80010000 0x00000001
core   0: 0x8000efc6 (0x0000bfe5) c.j     pc - 8
core   0: 3 0x8000efc6 (0xbfe5)
core   0: 0x8000efbe (0x00001f17) auipc   t5, 0x1
core   0: 3 0x8000efbe (0x00001f17) x30 0x8000ffbe
core   0: 0x8000efc2 (0x043f2123) sw      gp, 66(t5)
core   0: 3 0x8000efc2 (0x043f2123) mem 0x80010000 0x00000001
core   0: 0x8000efc6 (0x0000bfe5) c.j     pc - 8
core   0: 3 0x8000efc6 (0xbfe5)
core   0: 0x8000efbe (0x00001f17) auipc   t5, 0x1
core   0: 3 0x8000efbe (0x00001f17) x30 0x8000ffbe
core   0: 0x8000efc2 (0x043f2123) sw      gp, 66(t5)
core   0: 3 0x8000efc2 (0x043f2123) mem 0x80010000 0x00000001
core   0: 0x8000efc6 (0x0000bfe5) c.j     pc - 8
core   0: 3 0x8000efc6 (0xbfe5)
core   0: 0x8000efbe (0x00001f17) auipc   t5, 0x1
core   0: 3 0x8000efbe (0x00001f17) x30 0x8000ffbe
core   0: 0x8000efc2 (0x043f2123) sw      gp, 66(t5)
core   0: 3 0x8000efc2 (0x043f2123) mem 0x80010000 0x00000001
core   0: 0x8000efc6 (0x0000bfe5) c.j     pc - 8
core   0: 3 0x8000efc6 (0xbfe5)
core   0: 0x8000efbe (0x00001f17) auipc   t5, 0x1
core   0: 3 0x8000efbe (0x00001f17) x30 0x8000ffbe
core   0: 0x8000efc2 (0x043f2123) sw      gp, 66(t5)
core   0: 3 0x8000efc2 (0x043f2123) mem 0x80010000 0x00000001
core   0: 0x8000efc6 (0x0000bfe5) c.j     pc - 8
core   0: 3 0x8000efc6 (0xbfe5)
core   0: 0x8000efbe (0x00001f17) auipc   t5, 0x1
core   0: 3 0x8000efbe (0x00001f17) x30 0x8000ffbe
core   0: 0x8000efc2 (0x043f2123) sw      gp, 66(t5)
core   0: 3 0x8000efc2 (0x043f2123) mem 0x80010000 0x00000001
core   0: 0x8000efc6 (0x0000bfe5) c.j     pc - 8
core   0: 3 0x8000efc6 (0xbfe5)
core   0: 0x8000efbe (0x00001f17) auipc   t5, 0x1
core   0: 3 0x8000efbe (0x00001f17) x30 0x8000ffbe
core   0: 0x8000efc2 (0x043f2123) sw      gp, 66(t5)
core   0: 3 0x8000efc2 (0x043f2123) mem 0x80010000 0x00000001
core   0: 0x8000efc6 (0x0000bfe5) c.j     pc - 8
core   0: 3 0x8000efc6 (0xbfe5)
core   0: 0x8000efbe (0x00001f17) auipc   t5, 0x1
core   0: 3 0x8000efbe (0x00001f17) x30 0x8000ffbe
core   0: 0x8000efc2 (0x043f2123) sw      gp, 66(t5)
core   0: 3 0x8000efc2 (0x043f2123) mem 0x80010000 0x00000001
core   0: 0x8000efc6 (0x0000bfe5) c.j     pc - 8
core   0: 3 0x8000efc6 (0xbfe5)
core   0: 0x8000efbe (0x00001f17) auipc   t5, 0x1
core   0: 3 0x8000efbe (0x00001f17) x30 0x8000ffbe
core   0: 0x8000efc2 (0x043f2123) sw      gp, 66(t5)
core   0: 3 0x8000efc2 (0x043f2123) mem 0x80010000 0x00000001
core   0: 0x8000efc6 (0x0000bfe5) c.j     pc - 8
core   0: 3 0x8000efc6 (0xbfe5)
core   0: 0x8000efbe (0x00001f17) auipc   t5, 0x1
core   0: 3 0x8000efbe (0x00001f17) x30 0x8000ffbe
core   0: 0x8000efc2 (0x043f2123) sw      gp, 66(t5)
core   0: 3 0x8000efc2 (0x043f2123) mem 0x80010000 0x00000001
core   0: 0x8000efc6 (0x0000bfe5) c.j     pc - 8
core   0: 3 0x8000efc6 (0xbfe5)
core   0: 0x8000efbe (0x00001f17) auipc   t5, 0x1
core   0: 3 0x8000efbe (0x00001f17) x30 0x8000ffbe
core   0: 0x8000efc2 (0x043f2123) sw      gp, 66(t5)
core   0: 3 0x8000efc2 (0x043f2123) mem 0x80010000 0x00000001
core   0: 0x8000efc6 (0x0000bfe5) c.j     pc - 8
core   0: 3 0x8000efc6 (0xbfe5)
core   0: 0x8000efbe (0x00001f17) auipc   t5, 0x1
core   0: 3 0x8000efbe (0x00001f17) x30 0x8000ffbe
core   0: 0x8000efc2 (0x043f2123) sw      gp, 66(t5)
core   0: 3 0x8000efc2 (0x043f2123) mem 0x80010000 0x00000001
core   0: 0x8000efc6 (0x0000bfe5) c.j     pc - 8
core   0: 3 0x8000efc6 (0xbfe5)
core   0: 0x8000efbe (0x00001f17) auipc   t5, 0x1
core   0: 3 0x8000efbe (0x00001f17) x30 0x8000ffbe
core   0: 0x8000efc2 (0x043f2123) sw      gp, 66(t5)
core   0: 3 0x8000efc2 (0x043f2123) mem 0x80010000 0x00000001
core   0: 0x8000efc6 (0x0000bfe5) c.j     pc - 8
core   0: 3 0x8000efc6 (0xbfe5)
core   0: 0x8000efbe (0x00001f17) auipc   t5, 0x1
core   0: 3 0x8000efbe (0x00001f17) x30 0x8000ffbe
core   0: 0x8000efc2 (0x043f2123) sw      gp, 66(t5)
core   0: 3 0x8000efc2 (0x043f2123) mem 0x80010000 0x00000001
core   0: 0x8000efc6 (0x0000bfe5) c.j     pc - 8
core   0: 3 0x8000efc6 (0xbfe5)
core   0: 0x8000efbe (0x00001f17) auipc   t5, 0x1
core   0: 3 0x8000efbe (0x00001f17) x30 0x8000ffbe
core   0: 0x8000efc2 (0x043f2123) sw      gp, 66(t5)
core   0: 3 0x8000efc2 (0x043f2123) mem 0x80010000 0x00000001
core   0: 0x8000efc6 (0x0000bfe5) c.j     pc - 8
core   0: 3 0x8000efc6 (0xbfe5)
core   0: 0x8000efbe (0x00001f17) auipc   t5, 0x1
core   0: 3 0x8000efbe (0x00001f17) x30 0x8000ffbe
core   0: 0x8000efc2 (0x043f2123) sw      gp, 66(t5)
core   0: 3 0x8000efc2 (0x043f2123) mem 0x80010000 0x00000001
core   0: 0x8000efc6 (0x0000bfe5) c.j     pc - 8
core   0: 3 0x8000efc6 (0xbfe5)
core   0: 0x8000efbe (0x00001f17) auipc   t5, 0x1
core   0: 3 0x8000efbe (0x00001f17) x30 0x8000ffbe
core   0: 0x8000efc2 (0x043f2123) sw      gp, 66(t5)
core   0: 3 0x8000efc2 (0x043f2123) mem 0x80010000 0x00000001
core   0: 0x8000efc6 (0x0000bfe5) c.j     pc - 8
core   0: 3 0x8000efc6 (0xbfe5)
core   0: 0x8000efbe (0x00001f17) auipc   t5, 0x1
core   0: 3 0x8000efbe (0x00001f17) x30 0x8000ffbe
core   0: 0x8000efc2 (0x043f2123) sw      gp, 66(t5)
core   0: 3 0x8000efc2 (0x043f2123) mem 0x80010000 0x00000001
core   0: 0x8000efc6 (0x0000bfe5) c.j     pc - 8
core   0: 3 0x8000efc6 (0xbfe5)
core   0: 0x8000efbe (0x00001f17) auipc   t5, 0x1
core   0: 3 0x8000efbe (0x00001f17) x30 0x8000ffbe
core   0: 0x8000efc2 (0x043f2123) sw      gp, 66(t5)
core   0: 3 0x8000efc2 (0x043f2123) mem 0x80010000 0x00000001
core   0: 0x8000efc6 (0x0000bfe5) c.j     pc - 8
core   0: 3 0x8000efc6 (0xbfe5)
core   0: 0x8000efbe (0x00001f17) auipc   t5, 0x1
core   0: 3 0x8000efbe (0x00001f17) x30 0x8000ffbe
core   0: 0x8000efc2 (0x043f2123) sw      gp, 66(t5)
core   0: 3 0x8000efc2 (0x043f2123) mem 0x80010000 0x00000001
core   0: 0x8000efc6 (0x0000bfe5) c.j     pc - 8
core   0: 3 0x8000efc6 (0xbfe5)
core   0: 0x8000efbe (0x00001f17) auipc   t5, 0x1
core   0: 3 0x8000efbe (0x00001f17) x30 0x8000ffbe
core   0: 0x8000efc2 (0x043f2123) sw      gp, 66(t5)
core   0: 3 0x8000efc2 (0x043f2123) mem 0x80010000 0x00000001
core   0: 0x8000efc6 (0x0000bfe5) c.j     pc - 8
core   0: 3 0x8000efc6 (0xbfe5)
core   0: 0x8000efbe (0x00001f17) auipc   t5, 0x1
core   0: 3 0x8000efbe (0x00001f17) x30 0x8000ffbe
core   0: 0x8000efc2 (0x043f2123) sw      gp, 66(t5)
core   0: 3 0x8000efc2 (0x043f2123) mem 0x80010000 0x00000001
core   0: 0x8000efc6 (0x0000bfe5) c.j     pc - 8
core   0: 3 0x8000efc6 (0xbfe5)
core   0: 0x8000efbe (0x00001f17) auipc   t5, 0x1
core   0: 3 0x8000efbe (0x00001f17) x30 0x8000ffbe
core   0: 0x8000efc2 (0x043f2123) sw      gp, 66(t5)
core   0: 3 0x8000efc2 (0x043f2123) mem 0x80010000 0x00000001
core   0: 0x8000efc6 (0x0000bfe5) c.j     pc - 8
core   0: 3 0x8000efc6 (0xbfe5)
core   0: 0x8000efbe (0x00001f17) auipc   t5, 0x1
core   0: 3 0x8000efbe (0x00001f17) x30 0x8000ffbe
core   0: 0x8000efc2 (0x043f2123) sw      gp, 66(t5)
core   0: 3 0x8000efc2 (0x043f2123) mem 0x80010000 0x00000001
core   0: 0x8000efc6 (0x0000bfe5) c.j     pc - 8
core   0: 3 0x8000efc6 (0xbfe5)
core   0: 0x8000efbe (0x00001f17) auipc   t5, 0x1
core   0: 3 0x8000efbe (0x00001f17) x30 0x8000ffbe
core   0: 0x8000efc2 (0x043f2123) sw      gp, 66(t5)
core   0: 3 0x8000efc2 (0x043f2123) mem 0x80010000 0x00000001
core   0: 0x8000efc6 (0x0000bfe5) c.j     pc - 8
core   0: 3 0x8000efc6 (0xbfe5)
core   0: 0x8000efbe (0x00001f17) auipc   t5, 0x1
core   0: 3 0x8000efbe (0x00001f17) x30 0x8000ffbe
core   0: 0x8000efc2 (0x043f2123) sw      gp, 66(t5)
core   0: 3 0x8000efc2 (0x043f2123) mem 0x80010000 0x00000001
core   0: 0x8000efc6 (0x0000bfe5) c.j     pc - 8
core   0: 3 0x8000efc6 (0xbfe5)
core   0: 0x8000efbe (0x00001f17) auipc   t5, 0x1
core   0: 3 0x8000efbe (0x00001f17) x30 0x8000ffbe
core   0: 0x8000efc2 (0x043f2123) sw      gp, 66(t5)
core   0: 3 0x8000efc2 (0x043f2123) mem 0x80010000 0x00000001
core   0: 0x8000efc6 (0x0000bfe5) c.j     pc - 8
core   0: 3 0x8000efc6 (0xbfe5)
core   0: 0x8000efbe (0x00001f17) auipc   t5, 0x1
core   0: 3 0x8000efbe (0x00001f17) x30 0x8000ffbe
core   0: 0x8000efc2 (0x043f2123) sw      gp, 66(t5)
core   0: 3 0x8000efc2 (0x043f2123) mem 0x80010000 0x00000001
core   0: 0x8000efc6 (0x0000bfe5) c.j     pc - 8
core   0: 3 0x8000efc6 (0xbfe5)
core   0: 0x8000efbe (0x00001f17) auipc   t5, 0x1
core   0: 3 0x8000efbe (0x00001f17) x30 0x8000ffbe
core   0: 0x8000efc2 (0x043f2123) sw      gp, 66(t5)
core   0: 3 0x8000efc2 (0x043f2123) mem 0x80010000 0x00000001
core   0: 0x8000efc6 (0x0000bfe5) c.j     pc - 8
core   0: 3 0x8000efc6 (0xbfe5)
core   0: 0x8000efbe (0x00001f17) auipc   t5, 0x1
core   0: 3 0x8000efbe (0x00001f17) x30 0x8000ffbe
core   0: 0x8000efc2 (0x043f2123) sw      gp, 66(t5)
core   0: 3 0x8000efc2 (0x043f2123) mem 0x80010000 0x00000001
core   0: 0x8000efc6 (0x0000bfe5) c.j     pc - 8
core   0: 3 0x8000efc6 (0xbfe5)
core   0: 0x8000efbe (0x00001f17) auipc   t5, 0x1
core   0: 3 0x8000efbe (0x00001f17) x30 0x8000ffbe
core   0: 0x8000efc2 (0x043f2123) sw      gp, 66(t5)
core   0: 3 0x8000efc2 (0x043f2123) mem 0x80010000 0x00000001
core   0: 0x8000efc6 (0x0000bfe5) c.j     pc - 8
core   0: 3 0x8000efc6 (0xbfe5)
core   0: 0x8000efbe (0x00001f17) auipc   t5, 0x1
core   0: 3 0x8000efbe (0x00001f17) x30 0x8000ffbe
core   0: 0x8000efc2 (0x043f2123) sw      gp, 66(t5)
core   0: 3 0x8000efc2 (0x043f2123) mem 0x80010000 0x00000001
core   0: 0x8000efc6 (0x0000bfe5) c.j     pc - 8
core   0: 3 0x8000efc6 (0xbfe5)
core   0: 0x8000efbe (0x00001f17) auipc   t5, 0x1
core   0: 3 0x8000efbe (0x00001f17) x30 0x8000ffbe
core   0: 0x8000efc2 (0x043f2123) sw      gp, 66(t5)
core   0: 3 0x8000efc2 (0x043f2123) mem 0x80010000 0x00000001
core   0: 0x8000efc6 (0x0000bfe5) c.j     pc - 8
core   0: 3 0x8000efc6 (0xbfe5)
core   0: 0x8000efbe (0x00001f17) auipc   t5, 0x1
core   0: 3 0x8000efbe (0x00001f17) x30 0x8000ffbe
core   0: 0x8000efc2 (0x043f2123) sw      gp, 66(t5)
core   0: 3 0x8000efc2 (0x043f2123) mem 0x80010000 0x00000001
core   0: 0x8000efc6 (0x0000bfe5) c.j     pc - 8
core   0: 3 0x8000efc6 (0xbfe5)
core   0: 0x8000efbe (0x00001f17) auipc   t5, 0x1
core   0: 3 0x8000efbe (0x00001f17) x30 0x8000ffbe
core   0: 0x8000efc2 (0x043f2123) sw      gp, 66(t5)
core   0: 3 0x8000efc2 (0x043f2123) mem 0x80010000 0x00000001
core   0: 0x8000efc6 (0x0000bfe5) c.j     pc - 8
core   0: 3 0x8000efc6 (0xbfe5)
core   0: 0x8000efbe (0x00001f17) auipc   t5, 0x1
core   0: 3 0x8000efbe (0x00001f17) x30 0x8000ffbe
core   0: 0x8000efc2 (0x043f2123) sw      gp, 66(t5)
core   0: 3 0x8000efc2 (0x043f2123) mem 0x80010000 0x00000001
core   0: 0x8000efc6 (0x0000bfe5) c.j     pc - 8
core   0: 3 0x8000efc6 (0xbfe5)
core   0: 0x8000efbe (0x00001f17) auipc   t5, 0x1
core   0: 3 0x8000efbe (0x00001f17) x30 0x8000ffbe
core   0: 0x8000efc2 (0x043f2123) sw      gp, 66(t5)
core   0: 3 0x8000efc2 (0x043f2123) mem 0x80010000 0x00000001
core   0: 0x8000efc6 (0x0000bfe5) c.j     pc - 8
core   0: 3 0x8000efc6 (0xbfe5)
core   0: 0x8000efbe (0x00001f17) auipc   t5, 0x1
core   0: 3 0x8000efbe (0x00001f17) x30 0x8000ffbe
core   0: 0x8000efc2 (0x043f2123) sw      gp, 66(t5)
core   0: 3 0x8000efc2 (0x043f2123) mem 0x80010000 0x00000001
core   0: 0x8000efc6 (0x0000bfe5) c.j     pc - 8
core   0: 3 0x8000efc6 (0xbfe5)
core   0: 0x8000efbe (0x00001f17) auipc   t5, 0x1
core   0: 3 0x8000efbe (0x00001f17) x30 0x8000ffbe
core   0: 0x8000efc2 (0x043f2123) sw      gp, 66(t5)
core   0: 3 0x8000efc2 (0x043f2123) mem 0x80010000 0x00000001
core   0: 0x8000efc6 (0x0000bfe5) c.j     pc - 8
core   0: 3 0x8000efc6 (0xbfe5)
core   0: 0x8000efbe (0x00001f17) auipc   t5, 0x1
core   0: 3 0x8000efbe (0x00001f17) x30 0x8000ffbe
core   0: 0x8000efc2 (0x043f2123) sw      gp, 66(t5)
core   0: 3 0x8000efc2 (0x043f2123) mem 0x80010000 0x00000001
core   0: 0x8000efc6 (0x0000bfe5) c.j     pc - 8
core   0: 3 0x8000efc6 (0xbfe5)
core   0: 0x8000efbe (0x00001f17) auipc   t5, 0x1
core   0: 3 0x8000efbe (0x00001f17) x30 0x8000ffbe
core   0: 0x8000efc2 (0x043f2123) sw      gp, 66(t5)
core   0: 3 0x8000efc2 (0x043f2123) mem 0x80010000 0x00000001
core   0: 0x8000efc6 (0x0000bfe5) c.j     pc - 8
core   0: 3 0x8000efc6 (0xbfe5)
core   0: 0x8000efbe (0x00001f17) auipc   t5, 0x1
core   0: 3 0x8000efbe (0x00001f17) x30 0x8000ffbe
core   0: 0x8000efc2 (0x043f2123) sw      gp, 66(t5)
core   0: 3 0x8000efc2 (0x043f2123) mem 0x80010000 0x00000001
core   0: 0x8000efc6 (0x0000bfe5) c.j     pc - 8
core   0: 3 0x8000efc6 (0xbfe5)
core   0: 0x8000efbe (0x00001f17) auipc   t5, 0x1
core   0: 3 0x8000efbe (0x00001f17) x30 0x8000ffbe
core   0: 0x8000efc2 (0x043f2123) sw      gp, 66(t5)
core   0: 3 0x8000efc2 (0x043f2123) mem 0x80010000 0x00000001
core   0: 0x8000efc6 (0x0000bfe5) c.j     pc - 8
core   0: 3 0x8000efc6 (0xbfe5)
core   0: 0x8000efbe (0x00001f17) auipc   t5, 0x1
core   0: 3 0x8000efbe (0x00001f17) x30 0x8000ffbe
core   0: 0x8000efc2 (0x043f2123) sw      gp, 66(t5)
core   0: 3 0x8000efc2 (0x043f2123) mem 0x80010000 0x00000001
core   0: 0x8000efc6 (0x0000bfe5) c.j     pc - 8
core   0: 3 0x8000efc6 (0xbfe5)
core   0: 0x8000efbe (0x00001f17) auipc   t5, 0x1
core   0: 3 0x8000efbe (0x00001f17) x30 0x8000ffbe
core   0: 0x8000efc2 (0x043f2123) sw      gp, 66(t5)
core   0: 3 0x8000efc2 (0x043f2123) mem 0x80010000 0x00000001
core   0: 0x8000efc6 (0x0000bfe5) c.j     pc - 8
core   0: 3 0x8000efc6 (0xbfe5)
core   0: 0x8000efbe (0x00001f17) auipc   t5, 0x1
core   0: 3 0x8000efbe (0x00001f17) x30 0x8000ffbe
core   0: 0x8000efc2 (0x043f2123) sw      gp, 66(t5)
core   0: 3 0x8000efc2 (0x043f2123) mem 0x80010000 0x00000001
core   0: 0x8000efc6 (0x0000bfe5) c.j     pc - 8
core   0: 3 0x8000efc6 (0xbfe5)
core   0: 0x8000efbe (0x00001f17) auipc   t5, 0x1
core   0: 3 0x8000efbe (0x00001f17) x30 0x8000ffbe
core   0: 0x8000efc2 (0x043f2123) sw      gp, 66(t5)
core   0: 3 0x8000efc2 (0x043f2123) mem 0x80010000 0x00000001
core   0: 0x8000efc6 (0x0000bfe5) c.j     pc - 8
core   0: 3 0x8000efc6 (0xbfe5)
core   0: 0x8000efbe (0x00001f17) auipc   t5, 0x1
core   0: 3 0x8000efbe (0x00001f17) x30 0x8000ffbe
core   0: 0x8000efc2 (0x043f2123) sw      gp, 66(t5)
core   0: 3 0x8000efc2 (0x043f2123) mem 0x80010000 0x00000001
core   0: 0x8000efc6 (0x0000bfe5) c.j     pc - 8
core   0: 3 0x8000efc6 (0xbfe5)
core   0: 0x8000efbe (0x00001f17) auipc   t5, 0x1
core   0: 3 0x8000efbe (0x00001f17) x30 0x8000ffbe
core   0: 0x8000efc2 (0x043f2123) sw      gp, 66(t5)
core   0: 3 0x8000efc2 (0x043f2123) mem 0x80010000 0x00000001
core   0: 0x8000efc6 (0x0000bfe5) c.j     pc - 8
core   0: 3 0x8000efc6 (0xbfe5)
core   0: 0x8000efbe (0x00001f17) auipc   t5, 0x1
core   0: 3 0x8000efbe (0x00001f17) x30 0x8000ffbe
core   0: 0x8000efc2 (0x043f2123) sw      gp, 66(t5)
core   0: 3 0x8000efc2 (0x043f2123) mem 0x80010000 0x00000001
core   0: 0x8000efc6 (0x0000bfe5) c.j     pc - 8
core   0: 3 0x8000efc6 (0xbfe5)
core   0: 0x8000efbe (0x00001f17) auipc   t5, 0x1
core   0: 3 0x8000efbe (0x00001f17) x30 0x8000ffbe
core   0: 0x8000efc2 (0x043f2123) sw      gp, 66(t5)
core   0: 3 0x8000efc2 (0x043f2123) mem 0x80010000 0x00000001
core   0: 0x8000efc6 (0x0000bfe5) c.j     pc - 8
core   0: 3 0x8000efc6 (0xbfe5)
core   0: 0x8000efbe (0x00001f17) auipc   t5, 0x1
core   0: 3 0x8000efbe (0x00001f17) x30 0x8000ffbe
core   0: 0x8000efc2 (0x043f2123) sw      gp, 66(t5)
core   0: 3 0x8000efc2 (0x043f2123) mem 0x80010000 0x00000001
core   0: 0x8000efc6 (0x0000bfe5) c.j     pc - 8
core   0: 3 0x8000efc6 (0xbfe5)
core   0: 0x8000efbe (0x00001f17) auipc   t5, 0x1
core   0: 3 0x8000efbe (0x00001f17) x30 0x8000ffbe
core   0: 0x8000efc2 (0x043f2123) sw      gp, 66(t5)
core   0: 3 0x8000efc2 (0x043f2123) mem 0x80010000 0x00000001
core   0: 0x8000efc6 (0x0000bfe5) c.j     pc - 8
core   0: 3 0x8000efc6 (0xbfe5)
core   0: 0x8000efbe (0x00001f17) auipc   t5, 0x1
core   0: 3 0x8000efbe (0x00001f17) x30 0x8000ffbe
core   0: 0x8000efc2 (0x043f2123) sw      gp, 66(t5)
core   0: 3 0x8000efc2 (0x043f2123) mem 0x80010000 0x00000001
core   0: 0x8000efc6 (0x0000bfe5) c.j     pc - 8
core   0: 3 0x8000efc6 (0xbfe5)
core   0: 0x8000efbe (0x00001f17) auipc   t5, 0x1
core   0: 3 0x8000efbe (0x00001f17) x30 0x8000ffbe
core   0: 0x8000efc2 (0x043f2123) sw      gp, 66(t5)
core   0: 3 0x8000efc2 (0x043f2123) mem 0x80010000 0x00000001
core   0: 0x8000efc6 (0x0000bfe5) c.j     pc - 8
core   0: 3 0x8000efc6 (0xbfe5)
core   0: 0x8000efbe (0x00001f17) auipc   t5, 0x1
core   0: 3 0x8000efbe (0x00001f17) x30 0x8000ffbe
core   0: 0x8000efc2 (0x043f2123) sw      gp, 66(t5)
core   0: 3 0x8000efc2 (0x043f2123) mem 0x80010000 0x00000001
core   0: 0x8000efc6 (0x0000bfe5) c.j     pc - 8
core   0: 3 0x8000efc6 (0xbfe5)
core   0: 0x8000efbe (0x00001f17) auipc   t5, 0x1
core   0: 3 0x8000efbe (0x00001f17) x30 0x8000ffbe
core   0: 0x8000efc2 (0x043f2123) sw      gp, 66(t5)
core   0: 3 0x8000efc2 (0x043f2123) mem 0x80010000 0x00000001
core   0: 0x8000efc6 (0x0000bfe5) c.j     pc - 8
core   0: 3 0x8000efc6 (0xbfe5)
core   0: 0x8000efbe (0x00001f17) auipc   t5, 0x1
core   0: 3 0x8000efbe (0x00001f17) x30 0x8000ffbe
core   0: 0x8000efc2 (0x043f2123) sw      gp, 66(t5)
core   0: 3 0x8000efc2 (0x043f2123) mem 0x80010000 0x00000001
core   0: 0x8000efc6 (0x0000bfe5) c.j     pc - 8
core   0: 3 0x8000efc6 (0xbfe5)
core   0: 0x8000efbe (0x00001f17) auipc   t5, 0x1
core   0: 3 0x8000efbe (0x00001f17) x30 0x8000ffbe
core   0: 0x8000efc2 (0x043f2123) sw      gp, 66(t5)
core   0: 3 0x8000efc2 (0x043f2123) mem 0x80010000 0x00000001
core   0: 0x8000efc6 (0x0000bfe5) c.j     pc - 8
core   0: 3 0x8000efc6 (0xbfe5)
core   0: 0x8000efbe (0x00001f17) auipc   t5, 0x1
core   0: 3 0x8000efbe (0x00001f17) x30 0x8000ffbe
core   0: 0x8000efc2 (0x043f2123) sw      gp, 66(t5)
core   0: 3 0x8000efc2 (0x043f2123) mem 0x80010000 0x00000001
core   0: 0x8000efc6 (0x0000bfe5) c.j     pc - 8
core   0: 3 0x8000efc6 (0xbfe5)
core   0: 0x8000efbe (0x00001f17) auipc   t5, 0x1
core   0: 3 0x8000efbe (0x00001f17) x30 0x8000ffbe
core   0: 0x8000efc2 (0x043f2123) sw      gp, 66(t5)
core   0: 3 0x8000efc2 (0x043f2123) mem 0x80010000 0x00000001
core   0: 0x8000efc6 (0x0000bfe5) c.j     pc - 8
core   0: 3 0x8000efc6 (0xbfe5)
core   0: 0x8000efbe (0x00001f17) auipc   t5, 0x1
core   0: 3 0x8000efbe (0x00001f17) x30 0x8000ffbe
core   0: 0x8000efc2 (0x043f2123) sw      gp, 66(t5)
core   0: 3 0x8000efc2 (0x043f2123) mem 0x80010000 0x00000001
core   0: 0x8000efc6 (0x0000bfe5) c.j     pc - 8
core   0: 3 0x8000efc6 (0xbfe5)
core   0: 0x8000efbe (0x00001f17) auipc   t5, 0x1
core   0: 3 0x8000efbe (0x00001f17) x30 0x8000ffbe
core   0: 0x8000efc2 (0x043f2123) sw      gp, 66(t5)
core   0: 3 0x8000efc2 (0x043f2123) mem 0x80010000 0x00000001
core   0: 0x8000efc6 (0x0000bfe5) c.j     pc - 8
core   0: 3 0x8000efc6 (0xbfe5)
core   0: 0x8000efbe (0x00001f17) auipc   t5, 0x1
core   0: 3 0x8000efbe (0x00001f17) x30 0x8000ffbe
core   0: 0x8000efc2 (0x043f2123) sw      gp, 66(t5)
core   0: 3 0x8000efc2 (0x043f2123) mem 0x80010000 0x00000001
core   0: 0x8000efc6 (0x0000bfe5) c.j     pc - 8
core   0: 3 0x8000efc6 (0xbfe5)
core   0: 0x8000efbe (0x00001f17) auipc   t5, 0x1
core   0: 3 0x8000efbe (0x00001f17) x30 0x8000ffbe
core   0: 0x8000efc2 (0x043f2123) sw      gp, 66(t5)
core   0: 3 0x8000efc2 (0x043f2123) mem 0x80010000 0x00000001
core   0: 0x8000efc6 (0x0000bfe5) c.j     pc - 8
core   0: 3 0x8000efc6 (0xbfe5)
core   0: 0x8000efbe (0x00001f17) auipc   t5, 0x1
core   0: 3 0x8000efbe (0x00001f17) x30 0x8000ffbe
core   0: 0x8000efc2 (0x043f2123) sw      gp, 66(t5)
core   0: 3 0x8000efc2 (0x043f2123) mem 0x80010000 0x00000001
core   0: 0x8000efc6 (0x0000bfe5) c.j     pc - 8
core   0: 3 0x8000efc6 (0xbfe5)
core   0: 0x8000efbe (0x00001f17) auipc   t5, 0x1
core   0: 3 0x8000efbe (0x00001f17) x30 0x8000ffbe
core   0: 0x8000efc2 (0x043f2123) sw      gp, 66(t5)
core   0: 3 0x8000efc2 (0x043f2123) mem 0x80010000 0x00000001
core   0: 0x8000efc6 (0x0000bfe5) c.j     pc - 8
core   0: 3 0x8000efc6 (0xbfe5)
core   0: 0x8000efbe (0x00001f17) auipc   t5, 0x1
core   0: 3 0x8000efbe (0x00001f17) x30 0x8000ffbe
core   0: 0x8000efc2 (0x043f2123) sw      gp, 66(t5)
core   0: 3 0x8000efc2 (0x043f2123) mem 0x80010000 0x00000001
core   0: 0x8000efc6 (0x0000bfe5) c.j     pc - 8
core   0: 3 0x8000efc6 (0xbfe5)
core   0: 0x8000efbe (0x00001f17) auipc   t5, 0x1
core   0: 3 0x8000efbe (0x00001f17) x30 0x8000ffbe
core   0: 0x8000efc2 (0x043f2123) sw      gp, 66(t5)
core   0: 3 0x8000efc2 (0x043f2123) mem 0x80010000 0x00000001
core   0: 0x8000efc6 (0x0000bfe5) c.j     pc - 8
core   0: 3 0x8000efc6 (0xbfe5)
core   0: 0x8000efbe (0x00001f17) auipc   t5, 0x1
core   0: 3 0x8000efbe (0x00001f17) x30 0x8000ffbe
core   0: 0x8000efc2 (0x043f2123) sw      gp, 66(t5)
core   0: 3 0x8000efc2 (0x043f2123) mem 0x80010000 0x00000001
core   0: 0x8000efc6 (0x0000bfe5) c.j     pc - 8
core   0: 3 0x8000efc6 (0xbfe5)
core   0: 0x8000efbe (0x00001f17) auipc   t5, 0x1
core   0: 3 0x8000efbe (0x00001f17) x30 0x8000ffbe
core   0: 0x8000efc2 (0x043f2123) sw      gp, 66(t5)
core   0: 3 0x8000efc2 (0x043f2123) mem 0x80010000 0x00000001
core   0: 0x8000efc6 (0x0000bfe5) c.j     pc - 8
core   0: 3 0x8000efc6 (0xbfe5)
core   0: 0x8000efbe (0x00001f17) auipc   t5, 0x1
core   0: 3 0x8000efbe (0x00001f17) x30 0x8000ffbe
core   0: 0x8000efc2 (0x043f2123) sw      gp, 66(t5)
core   0: 3 0x8000efc2 (0x043f2123) mem 0x80010000 0x00000001
core   0: 0x8000efc6 (0x0000bfe5) c.j     pc - 8
core   0: 3 0x8000efc6 (0xbfe5)
core   0: 0x8000efbe (0x00001f17) auipc   t5, 0x1
core   0: 3 0x8000efbe (0x00001f17) x30 0x8000ffbe
core   0: 0x8000efc2 (0x043f2123) sw      gp, 66(t5)
core   0: 3 0x8000efc2 (0x043f2123) mem 0x80010000 0x00000001
core   0: 0x8000efc6 (0x0000bfe5) c.j     pc - 8
core   0: 3 0x8000efc6 (0xbfe5)
core   0: 0x8000efbe (0x00001f17) auipc   t5, 0x1
core   0: 3 0x8000efbe (0x00001f17) x30 0x8000ffbe
core   0: 0x8000efc2 (0x043f2123) sw      gp, 66(t5)
core   0: 3 0x8000efc2 (0x043f2123) mem 0x80010000 0x00000001
core   0: 0x8000efc6 (0x0000bfe5) c.j     pc - 8
core   0: 3 0x8000efc6 (0xbfe5)
core   0: 0x8000efbe (0x00001f17) auipc   t5, 0x1
core   0: 3 0x8000efbe (0x00001f17) x30 0x8000ffbe
core   0: 0x8000efc2 (0x043f2123) sw      gp, 66(t5)
core   0: 3 0x8000efc2 (0x043f2123) mem 0x80010000 0x00000001
core   0: 0x8000efc6 (0x0000bfe5) c.j     pc - 8
core   0: 3 0x8000efc6 (0xbfe5)
core   0: 0x8000efbe (0x00001f17) auipc   t5, 0x1
core   0: 3 0x8000efbe (0x00001f17) x30 0x8000ffbe
core   0: 0x8000efc2 (0x043f2123) sw      gp, 66(t5)
core   0: 3 0x8000efc2 (0x043f2123) mem 0x80010000 0x00000001
core   0: 0x8000efc6 (0x0000bfe5) c.j     pc - 8
core   0: 3 0x8000efc6 (0xbfe5)
core   0: 0x8000efbe (0x00001f17) auipc   t5, 0x1
core   0: 3 0x8000efbe (0x00001f17) x30 0x8000ffbe
core   0: 0x8000efc2 (0x043f2123) sw      gp, 66(t5)
core   0: 3 0x8000efc2 (0x043f2123) mem 0x80010000 0x00000001
core   0: 0x8000efc6 (0x0000bfe5) c.j     pc - 8
core   0: 3 0x8000efc6 (0xbfe5)
core   0: 0x8000efbe (0x00001f17) auipc   t5, 0x1
core   0: 3 0x8000efbe (0x00001f17) x30 0x8000ffbe
core   0: 0x8000efc2 (0x043f2123) sw      gp, 66(t5)
core   0: 3 0x8000efc2 (0x043f2123) mem 0x80010000 0x00000001
core   0: 0x8000efc6 (0x0000bfe5) c.j     pc - 8
core   0: 3 0x8000efc6 (0xbfe5)
core   0: 0x8000efbe (0x00001f17) auipc   t5, 0x1
core   0: 3 0x8000efbe (0x00001f17) x30 0x8000ffbe
core   0: 0x8000efc2 (0x043f2123) sw      gp, 66(t5)
core   0: 3 0x8000efc2 (0x043f2123) mem 0x80010000 0x00000001
core   0: 0x8000efc6 (0x0000bfe5) c.j     pc - 8
core   0: 3 0x8000efc6 (0xbfe5)
core   0: 0x8000efbe (0x00001f17) auipc   t5, 0x1
core   0: 3 0x8000efbe (0x00001f17) x30 0x8000ffbe
core   0: 0x8000efc2 (0x043f2123) sw      gp, 66(t5)
core   0: 3 0x8000efc2 (0x043f2123) mem 0x80010000 0x00000001
core   0: 0x8000efc6 (0x0000bfe5) c.j     pc - 8
core   0: 3 0x8000efc6 (0xbfe5)
core   0: 0x8000efbe (0x00001f17) auipc   t5, 0x1
core   0: 3 0x8000efbe (0x00001f17) x30 0x8000ffbe
core   0: 0x8000efc2 (0x043f2123) sw      gp, 66(t5)
core   0: 3 0x8000efc2 (0x043f2123) mem 0x80010000 0x00000001
core   0: 0x8000efc6 (0x0000bfe5) c.j     pc - 8
core   0: 3 0x8000efc6 (0xbfe5)
core   0: 0x8000efbe (0x00001f17) auipc   t5, 0x1
core   0: 3 0x8000efbe (0x00001f17) x30 0x8000ffbe
core   0: 0x8000efc2 (0x043f2123) sw      gp, 66(t5)
core   0: 3 0x8000efc2 (0x043f2123) mem 0x80010000 0x00000001
core   0: 0x8000efc6 (0x0000bfe5) c.j     pc - 8
core   0: 3 0x8000efc6 (0xbfe5)
core   0: 0x8000efbe (0x00001f17) auipc   t5, 0x1
core   0: 3 0x8000efbe (0x00001f17) x30 0x8000ffbe
core   0: 0x8000efc2 (0x043f2123) sw      gp, 66(t5)
core   0: 3 0x8000efc2 (0x043f2123) mem 0x80010000 0x00000001
core   0: 0x8000efc6 (0x0000bfe5) c.j     pc - 8
core   0: 3 0x8000efc6 (0xbfe5)
core   0: 0x8000efbe (0x00001f17) auipc   t5, 0x1
core   0: 3 0x8000efbe (0x00001f17) x30 0x8000ffbe
core   0: 0x8000efc2 (0x043f2123) sw      gp, 66(t5)
core   0: 3 0x8000efc2 (0x043f2123) mem 0x80010000 0x00000001
core   0: 0x8000efc6 (0x0000bfe5) c.j     pc - 8
core   0: 3 0x8000efc6 (0xbfe5)
core   0: 0x8000efbe (0x00001f17) auipc   t5, 0x1
core   0: 3 0x8000efbe (0x00001f17) x30 0x8000ffbe
core   0: 0x8000efc2 (0x043f2123) sw      gp, 66(t5)
core   0: 3 0x8000efc2 (0x043f2123) mem 0x80010000 0x00000001
core   0: 0x8000efc6 (0x0000bfe5) c.j     pc - 8
core   0: 3 0x8000efc6 (0xbfe5)
core   0: 0x8000efbe (0x00001f17) auipc   t5, 0x1
core   0: 3 0x8000efbe (0x00001f17) x30 0x8000ffbe
core   0: 0x8000efc2 (0x043f2123) sw      gp, 66(t5)
core   0: 3 0x8000efc2 (0x043f2123) mem 0x80010000 0x00000001
core   0: 0x8000efc6 (0x0000bfe5) c.j     pc - 8
core   0: 3 0x8000efc6 (0xbfe5)
core   0: 0x8000efbe (0x00001f17) auipc   t5, 0x1
core   0: 3 0x8000efbe (0x00001f17) x30 0x8000ffbe
core   0: 0x8000efc2 (0x043f2123) sw      gp, 66(t5)
core   0: 3 0x8000efc2 (0x043f2123) mem 0x80010000 0x00000001
core   0: 0x8000efc6 (0x0000bfe5) c.j     pc - 8
core   0: 3 0x8000efc6 (0xbfe5)
core   0: 0x8000efbe (0x00001f17) auipc   t5, 0x1
core   0: 3 0x8000efbe (0x00001f17) x30 0x8000ffbe
core   0: 0x8000efc2 (0x043f2123) sw      gp, 66(t5)
core   0: 3 0x8000efc2 (0x043f2123) mem 0x80010000 0x00000001
core   0: 0x8000efc6 (0x0000bfe5) c.j     pc - 8
core   0: 3 0x8000efc6 (0xbfe5)
core   0: 0x8000efbe (0x00001f17) auipc   t5, 0x1
core   0: 3 0x8000efbe (0x00001f17) x30 0x8000ffbe
core   0: 0x8000efc2 (0x043f2123) sw      gp, 66(t5)
core   0: 3 0x8000efc2 (0x043f2123) mem 0x80010000 0x00000001
core   0: 0x8000efc6 (0x0000bfe5) c.j     pc - 8
core   0: 3 0x8000efc6 (0xbfe5)
core   0: 0x8000efbe (0x00001f17) auipc   t5, 0x1
core   0: 3 0x8000efbe (0x00001f17) x30 0x8000ffbe
core   0: 0x8000efc2 (0x043f2123) sw      gp, 66(t5)
core   0: 3 0x8000efc2 (0x043f2123) mem 0x80010000 0x00000001
core   0: 0x8000efc6 (0x0000bfe5) c.j     pc - 8
core   0: 3 0x8000efc6 (0xbfe5)
core   0: 0x8000efbe (0x00001f17) auipc   t5, 0x1
core   0: 3 0x8000efbe (0x00001f17) x30 0x8000ffbe
core   0: 0x8000efc2 (0x043f2123) sw      gp, 66(t5)
core   0: 3 0x8000efc2 (0x043f2123) mem 0x80010000 0x00000001
core   0: 0x8000efc6 (0x0000bfe5) c.j     pc - 8
core   0: 3 0x8000efc6 (0xbfe5)
core   0: 0x8000efbe (0x00001f17) auipc   t5, 0x1
core   0: 3 0x8000efbe (0x00001f17) x30 0x8000ffbe
core   0: 0x8000efc2 (0x043f2123) sw      gp, 66(t5)
core   0: 3 0x8000efc2 (0x043f2123) mem 0x80010000 0x00000001
core   0: 0x8000efc6 (0x0000bfe5) c.j     pc - 8
core   0: 3 0x8000efc6 (0xbfe5)
core   0: 0x8000efbe (0x00001f17) auipc   t5, 0x1
core   0: 3 0x8000efbe (0x00001f17) x30 0x8000ffbe
core   0: 0x8000efc2 (0x043f2123) sw      gp, 66(t5)
core   0: 3 0x8000efc2 (0x043f2123) mem 0x80010000 0x00000001
core   0: 0x8000efc6 (0x0000bfe5) c.j     pc - 8
core   0: 3 0x8000efc6 (0xbfe5)
core   0: 0x8000efbe (0x00001f17) auipc   t5, 0x1
core   0: 3 0x8000efbe (0x00001f17) x30 0x8000ffbe
core   0: 0x8000efc2 (0x043f2123) sw      gp, 66(t5)
core   0: 3 0x8000efc2 (0x043f2123) mem 0x80010000 0x00000001
core   0: 0x8000efc6 (0x0000bfe5) c.j     pc - 8
core   0: 3 0x8000efc6 (0xbfe5)
core   0: 0x8000efbe (0x00001f17) auipc   t5, 0x1
core   0: 3 0x8000efbe (0x00001f17) x30 0x8000ffbe
core   0: 0x8000efc2 (0x043f2123) sw      gp, 66(t5)
core   0: 3 0x8000efc2 (0x043f2123) mem 0x80010000 0x00000001
core   0: 0x8000efc6 (0x0000bfe5) c.j     pc - 8
core   0: 3 0x8000efc6 (0xbfe5)
core   0: 0x8000efbe (0x00001f17) auipc   t5, 0x1
core   0: 3 0x8000efbe (0x00001f17) x30 0x8000ffbe
core   0: 0x8000efc2 (0x043f2123) sw      gp, 66(t5)
core   0: 3 0x8000efc2 (0x043f2123) mem 0x80010000 0x00000001
core   0: 0x8000efc6 (0x0000bfe5) c.j     pc - 8
core   0: 3 0x8000efc6 (0xbfe5)
core   0: 0x8000efbe (0x00001f17) auipc   t5, 0x1
core   0: 3 0x8000efbe (0x00001f17) x30 0x8000ffbe
core   0: 0x8000efc2 (0x043f2123) sw      gp, 66(t5)
core   0: 3 0x8000efc2 (0x043f2123) mem 0x80010000 0x00000001
core   0: 0x8000efc6 (0x0000bfe5) c.j     pc - 8
core   0: 3 0x8000efc6 (0xbfe5)
core   0: 0x8000efbe (0x00001f17) auipc   t5, 0x1
core   0: 3 0x8000efbe (0x00001f17) x30 0x8000ffbe
core   0: 0x8000efc2 (0x043f2123) sw      gp, 66(t5)
core   0: 3 0x8000efc2 (0x043f2123) mem 0x80010000 0x00000001
core   0: 0x8000efc6 (0x0000bfe5) c.j     pc - 8
core   0: 3 0x8000efc6 (0xbfe5)
core   0: 0x8000efbe (0x00001f17) auipc   t5, 0x1
core   0: 3 0x8000efbe (0x00001f17) x30 0x8000ffbe
core   0: 0x8000efc2 (0x043f2123) sw      gp, 66(t5)
core   0: 3 0x8000efc2 (0x043f2123) mem 0x80010000 0x00000001
core   0: 0x8000efc6 (0x0000bfe5) c.j     pc - 8
core   0: 3 0x8000efc6 (0xbfe5)
core   0: 0x8000efbe (0x00001f17) auipc   t5, 0x1
core   0: 3 0x8000efbe (0x00001f17) x30 0x8000ffbe
core   0: 0x8000efc2 (0x043f2123) sw      gp, 66(t5)
core   0: 3 0x8000efc2 (0x043f2123) mem 0x80010000 0x00000001
core   0: 0x8000efc6 (0x0000bfe5) c.j     pc - 8
core   0: 3 0x8000efc6 (0xbfe5)
core   0: 0x8000efbe (0x00001f17) auipc   t5, 0x1
core   0: 3 0x8000efbe (0x00001f17) x30 0x8000ffbe
core   0: 0x8000efc2 (0x043f2123) sw      gp, 66(t5)
core   0: 3 0x8000efc2 (0x043f2123) mem 0x80010000 0x00000001
core   0: 0x8000efc6 (0x0000bfe5) c.j     pc - 8
core   0: 3 0x8000efc6 (0xbfe5)
core   0: 0x8000efbe (0x00001f17) auipc   t5, 0x1
core   0: 3 0x8000efbe (0x00001f17) x30 0x8000ffbe
core   0: 0x8000efc2 (0x043f2123) sw      gp, 66(t5)
core   0: 3 0x8000efc2 (0x043f2123) mem 0x80010000 0x00000001
core   0: 0x8000efc6 (0x0000bfe5) c.j     pc - 8
core   0: 3 0x8000efc6 (0xbfe5)
core   0: 0x8000efbe (0x00001f17) auipc   t5, 0x1
core   0: 3 0x8000efbe (0x00001f17) x30 0x8000ffbe
core   0: 0x8000efc2 (0x043f2123) sw      gp, 66(t5)
core   0: 3 0x8000efc2 (0x043f2123) mem 0x80010000 0x00000001
core   0: 0x8000efc6 (0x0000bfe5) c.j     pc - 8
core   0: 3 0x8000efc6 (0xbfe5)
core   0: 0x8000efbe (0x00001f17) auipc   t5, 0x1
core   0: 3 0x8000efbe (0x00001f17) x30 0x8000ffbe
core   0: 0x8000efc2 (0x043f2123) sw      gp, 66(t5)
core   0: 3 0x8000efc2 (0x043f2123) mem 0x80010000 0x00000001
core   0: 0x8000efc6 (0x0000bfe5) c.j     pc - 8
core   0: 3 0x8000efc6 (0xbfe5)
core   0: 0x8000efbe (0x00001f17) auipc   t5, 0x1
core   0: 3 0x8000efbe (0x00001f17) x30 0x8000ffbe
core   0: 0x8000efc2 (0x043f2123) sw      gp, 66(t5)
core   0: 3 0x8000efc2 (0x043f2123) mem 0x80010000 0x00000001
core   0: 0x8000efc6 (0x0000bfe5) c.j     pc - 8
core   0: 3 0x8000efc6 (0xbfe5)
core   0: 0x8000efbe (0x00001f17) auipc   t5, 0x1
core   0: 3 0x8000efbe (0x00001f17) x30 0x8000ffbe
core   0: 0x8000efc2 (0x043f2123) sw      gp, 66(t5)
core   0: 3 0x8000efc2 (0x043f2123) mem 0x80010000 0x00000001
core   0: 0x8000efc6 (0x0000bfe5) c.j     pc - 8
core   0: 3 0x8000efc6 (0xbfe5)
core   0: 0x8000efbe (0x00001f17) auipc   t5, 0x1
core   0: 3 0x8000efbe (0x00001f17) x30 0x8000ffbe
core   0: 0x8000efc2 (0x043f2123) sw      gp, 66(t5)
core   0: 3 0x8000efc2 (0x043f2123) mem 0x80010000 0x00000001
core   0: 0x8000efc6 (0x0000bfe5) c.j     pc - 8
core   0: 3 0x8000efc6 (0xbfe5)
core   0: 0x8000efbe (0x00001f17) auipc   t5, 0x1
core   0: 3 0x8000efbe (0x00001f17) x30 0x8000ffbe
core   0: 0x8000efc2 (0x043f2123) sw      gp, 66(t5)
core   0: 3 0x8000efc2 (0x043f2123) mem 0x80010000 0x00000001
core   0: 0x8000efc6 (0x0000bfe5) c.j     pc - 8
core   0: 3 0x8000efc6 (0xbfe5)
core   0: 0x8000efbe (0x00001f17) auipc   t5, 0x1
core   0: 3 0x8000efbe (0x00001f17) x30 0x8000ffbe
core   0: 0x8000efc2 (0x043f2123) sw      gp, 66(t5)
core   0: 3 0x8000efc2 (0x043f2123) mem 0x80010000 0x00000001
core   0: 0x8000efc6 (0x0000bfe5) c.j     pc - 8
core   0: 3 0x8000efc6 (0xbfe5)
core   0: 0x8000efbe (0x00001f17) auipc   t5, 0x1
core   0: 3 0x8000efbe (0x00001f17) x30 0x8000ffbe
core   0: 0x8000efc2 (0x043f2123) sw      gp, 66(t5)
core   0: 3 0x8000efc2 (0x043f2123) mem 0x80010000 0x00000001
core   0: 0x8000efc6 (0x0000bfe5) c.j     pc - 8
core   0: 3 0x8000efc6 (0xbfe5)
core   0: 0x8000efbe (0x00001f17) auipc   t5, 0x1
core   0: 3 0x8000efbe (0x00001f17) x30 0x8000ffbe
core   0: 0x8000efc2 (0x043f2123) sw      gp, 66(t5)
core   0: 3 0x8000efc2 (0x043f2123) mem 0x80010000 0x00000001
core   0: 0x8000efc6 (0x0000bfe5) c.j     pc - 8
core   0: 3 0x8000efc6 (0xbfe5)
core   0: 0x8000efbe (0x00001f17) auipc   t5, 0x1
core   0: 3 0x8000efbe (0x00001f17) x30 0x8000ffbe
core   0: 0x8000efc2 (0x043f2123) sw      gp, 66(t5)
core   0: 3 0x8000efc2 (0x043f2123) mem 0x80010000 0x00000001
core   0: 0x8000efc6 (0x0000bfe5) c.j     pc - 8
core   0: 3 0x8000efc6 (0xbfe5)
core   0: 0x8000efbe (0x00001f17) auipc   t5, 0x1
core   0: 3 0x8000efbe (0x00001f17) x30 0x8000ffbe
core   0: 0x8000efc2 (0x043f2123) sw      gp, 66(t5)
core   0: 3 0x8000efc2 (0x043f2123) mem 0x80010000 0x00000001
core   0: 0x8000efc6 (0x0000bfe5) c.j     pc - 8
core   0: 3 0x8000efc6 (0xbfe5)
core   0: 0x8000efbe (0x00001f17) auipc   t5, 0x1
core   0: 3 0x8000efbe (0x00001f17) x30 0x8000ffbe
core   0: 0x8000efc2 (0x043f2123) sw      gp, 66(t5)
core   0: 3 0x8000efc2 (0x043f2123) mem 0x80010000 0x00000001
core   0: 0x8000efc6 (0x0000bfe5) c.j     pc - 8
core   0: 3 0x8000efc6 (0xbfe5)
core   0: 0x8000efbe (0x00001f17) auipc   t5, 0x1
core   0: 3 0x8000efbe (0x00001f17) x30 0x8000ffbe
core   0: 0x8000efc2 (0x043f2123) sw      gp, 66(t5)
core   0: 3 0x8000efc2 (0x043f2123) mem 0x80010000 0x00000001
core   0: 0x8000efc6 (0x0000bfe5) c.j     pc - 8
core   0: 3 0x8000efc6 (0xbfe5)
core   0: 0x8000efbe (0x00001f17) auipc   t5, 0x1
core   0: 3 0x8000efbe (0x00001f17) x30 0x8000ffbe
core   0: 0x8000efc2 (0x043f2123) sw      gp, 66(t5)
core   0: 3 0x8000efc2 (0x043f2123) mem 0x80010000 0x00000001
core   0: 0x8000efc6 (0x0000bfe5) c.j     pc - 8
core   0: 3 0x8000efc6 (0xbfe5)
core   0: 0x8000efbe (0x00001f17) auipc   t5, 0x1
core   0: 3 0x8000efbe (0x00001f17) x30 0x8000ffbe
core   0: 0x8000efc2 (0x043f2123) sw      gp, 66(t5)
core   0: 3 0x8000efc2 (0x043f2123) mem 0x80010000 0x00000001
core   0: 0x8000efc6 (0x0000bfe5) c.j     pc - 8
core   0: 3 0x8000efc6 (0xbfe5)
core   0: 0x8000efbe (0x00001f17) auipc   t5, 0x1
core   0: 3 0x8000efbe (0x00001f17) x30 0x8000ffbe
core   0: 0x8000efc2 (0x043f2123) sw      gp, 66(t5)
core   0: 3 0x8000efc2 (0x043f2123) mem 0x80010000 0x00000001
core   0: 0x8000efc6 (0x0000bfe5) c.j     pc - 8
core   0: 3 0x8000efc6 (0xbfe5)
core   0: 0x8000efbe (0x00001f17) auipc   t5, 0x1
core   0: 3 0x8000efbe (0x00001f17) x30 0x8000ffbe
core   0: 0x8000efc2 (0x043f2123) sw      gp, 66(t5)
core   0: 3 0x8000efc2 (0x043f2123) mem 0x80010000 0x00000001
core   0: 0x8000efc6 (0x0000bfe5) c.j     pc - 8
core   0: 3 0x8000efc6 (0xbfe5)
core   0: 0x8000efbe (0x00001f17) auipc   t5, 0x1
core   0: 3 0x8000efbe (0x00001f17) x30 0x8000ffbe
core   0: 0x8000efc2 (0x043f2123) sw      gp, 66(t5)
core   0: 3 0x8000efc2 (0x043f2123) mem 0x80010000 0x00000001
core   0: 0x8000efc6 (0x0000bfe5) c.j     pc - 8
core   0: 3 0x8000efc6 (0xbfe5)
core   0: 0x8000efbe (0x00001f17) auipc   t5, 0x1
core   0: 3 0x8000efbe (0x00001f17) x30 0x8000ffbe
core   0: 0x8000efc2 (0x043f2123) sw      gp, 66(t5)
core   0: 3 0x8000efc2 (0x043f2123) mem 0x80010000 0x00000001
core   0: 0x8000efc6 (0x0000bfe5) c.j     pc - 8
core   0: 3 0x8000efc6 (0xbfe5)
core   0: 0x8000efbe (0x00001f17) auipc   t5, 0x1
core   0: 3 0x8000efbe (0x00001f17) x30 0x8000ffbe
core   0: 0x8000efc2 (0x043f2123) sw      gp, 66(t5)
core   0: 3 0x8000efc2 (0x043f2123) mem 0x80010000 0x00000001
core   0: 0x8000efc6 (0x0000bfe5) c.j     pc - 8
core   0: 3 0x8000efc6 (0xbfe5)
core   0: 0x8000efbe (0x00001f17) auipc   t5, 0x1
core   0: 3 0x8000efbe (0x00001f17) x30 0x8000ffbe
core   0: 0x8000efc2 (0x043f2123) sw      gp, 66(t5)
core   0: 3 0x8000efc2 (0x043f2123) mem 0x80010000 0x00000001
core   0: 0x8000efc6 (0x0000bfe5) c.j     pc - 8
core   0: 3 0x8000efc6 (0xbfe5)
core   0: 0x8000efbe (0x00001f17) auipc   t5, 0x1
core   0: 3 0x8000efbe (0x00001f17) x30 0x8000ffbe
core   0: 0x8000efc2 (0x043f2123) sw      gp, 66(t5)
core   0: 3 0x8000efc2 (0x043f2123) mem 0x80010000 0x00000001
core   0: 0x8000efc6 (0x0000bfe5) c.j     pc - 8
core   0: 3 0x8000efc6 (0xbfe5)
core   0: 0x8000efbe (0x00001f17) auipc   t5, 0x1
core   0: 3 0x8000efbe (0x00001f17) x30 0x8000ffbe
core   0: 0x8000efc2 (0x043f2123) sw      gp, 66(t5)
core   0: 3 0x8000efc2 (0x043f2123) mem 0x80010000 0x00000001
core   0: 0x8000efc6 (0x0000bfe5) c.j     pc - 8
core   0: 3 0x8000efc6 (0xbfe5)
core   0: 0x8000efbe (0x00001f17) auipc   t5, 0x1
core   0: 3 0x8000efbe (0x00001f17) x30 0x8000ffbe
core   0: 0x8000efc2 (0x043f2123) sw      gp, 66(t5)
core   0: 3 0x8000efc2 (0x043f2123) mem 0x80010000 0x00000001
core   0: 0x8000efc6 (0x0000bfe5) c.j     pc - 8
core   0: 3 0x8000efc6 (0xbfe5)
core   0: 0x8000efbe (0x00001f17) auipc   t5, 0x1
core   0: 3 0x8000efbe (0x00001f17) x30 0x8000ffbe
core   0: 0x8000efc2 (0x043f2123) sw      gp, 66(t5)
core   0: 3 0x8000efc2 (0x043f2123) mem 0x80010000 0x00000001
core   0: 0x8000efc6 (0x0000bfe5) c.j     pc - 8
core   0: 3 0x8000efc6 (0xbfe5)
core   0: 0x8000efbe (0x00001f17) auipc   t5, 0x1
core   0: 3 0x8000efbe (0x00001f17) x30 0x8000ffbe
core   0: 0x8000efc2 (0x043f2123) sw      gp, 66(t5)
core   0: 3 0x8000efc2 (0x043f2123) mem 0x80010000 0x00000001
core   0: 0x8000efc6 (0x0000bfe5) c.j     pc - 8
core   0: 3 0x8000efc6 (0xbfe5)
core   0: 0x8000efbe (0x00001f17) auipc   t5, 0x1
core   0: 3 0x8000efbe (0x00001f17) x30 0x8000ffbe
core   0: 0x8000efc2 (0x043f2123) sw      gp, 66(t5)
core   0: 3 0x8000efc2 (0x043f2123) mem 0x80010000 0x00000001
core   0: 0x8000efc6 (0x0000bfe5) c.j     pc - 8
core   0: 3 0x8000efc6 (0xbfe5)
core   0: 0x8000efbe (0x00001f17) auipc   t5, 0x1
core   0: 3 0x8000efbe (0x00001f17) x30 0x8000ffbe
core   0: 0x8000efc2 (0x043f2123) sw      gp, 66(t5)
core   0: 3 0x8000efc2 (0x043f2123) mem 0x80010000 0x00000001
core   0: 0x8000efc6 (0x0000bfe5) c.j     pc - 8
core   0: 3 0x8000efc6 (0xbfe5)
core   0: 0x8000efbe (0x00001f17) auipc   t5, 0x1
core   0: 3 0x8000efbe (0x00001f17) x30 0x8000ffbe
core   0: 0x8000efc2 (0x043f2123) sw      gp, 66(t5)
core   0: 3 0x8000efc2 (0x043f2123) mem 0x80010000 0x00000001
core   0: 0x8000efc6 (0x0000bfe5) c.j     pc - 8
core   0: 3 0x8000efc6 (0xbfe5)
core   0: 0x8000efbe (0x00001f17) auipc   t5, 0x1
core   0: 3 0x8000efbe (0x00001f17) x30 0x8000ffbe
core   0: 0x8000efc2 (0x043f2123) sw      gp, 66(t5)
core   0: 3 0x8000efc2 (0x043f2123) mem 0x80010000 0x00000001
core   0: 0x8000efc6 (0x0000bfe5) c.j     pc - 8
core   0: 3 0x8000efc6 (0xbfe5)
core   0: 0x8000efbe (0x00001f17) auipc   t5, 0x1
core   0: 3 0x8000efbe (0x00001f17) x30 0x8000ffbe
core   0: 0x8000efc2 (0x043f2123) sw      gp, 66(t5)
core   0: 3 0x8000efc2 (0x043f2123) mem 0x80010000 0x00000001
core   0: 0x8000efc6 (0x0000bfe5) c.j     pc - 8
core   0: 3 0x8000efc6 (0xbfe5)
core   0: 0x8000efbe (0x00001f17) auipc   t5, 0x1
core   0: 3 0x8000efbe (0x00001f17) x30 0x8000ffbe
core   0: 0x8000efc2 (0x043f2123) sw      gp, 66(t5)
core   0: 3 0x8000efc2 (0x043f2123) mem 0x80010000 0x00000001
core   0: 0x8000efc6 (0x0000bfe5) c.j     pc - 8
core   0: 3 0x8000efc6 (0xbfe5)
core   0: 0x8000efbe (0x00001f17) auipc   t5, 0x1
core   0: 3 0x8000efbe (0x00001f17) x30 0x8000ffbe
core   0: 0x8000efc2 (0x043f2123) sw      gp, 66(t5)
core   0: 3 0x8000efc2 (0x043f2123) mem 0x80010000 0x00000001
core   0: 0x8000efc6 (0x0000bfe5) c.j     pc - 8
core   0: 3 0x8000efc6 (0xbfe5)
core   0: 0x8000efbe (0x00001f17) auipc   t5, 0x1
core   0: 3 0x8000efbe (0x00001f17) x30 0x8000ffbe
core   0: 0x8000efc2 (0x043f2123) sw      gp, 66(t5)
core   0: 3 0x8000efc2 (0x043f2123) mem 0x80010000 0x00000001
core   0: 0x8000efc6 (0x0000bfe5) c.j     pc - 8
core   0: 3 0x8000efc6 (0xbfe5)
core   0: 0x8000efbe (0x00001f17) auipc   t5, 0x1
core   0: 3 0x8000efbe (0x00001f17) x30 0x8000ffbe
core   0: 0x8000efc2 (0x043f2123) sw      gp, 66(t5)
core   0: 3 0x8000efc2 (0x043f2123) mem 0x80010000 0x00000001
core   0: 0x8000efc6 (0x0000bfe5) c.j     pc - 8
core   0: 3 0x8000efc6 (0xbfe5)
core   0: 0x8000efbe (0x00001f17) auipc   t5, 0x1
core   0: 3 0x8000efbe (0x00001f17) x30 0x8000ffbe
core   0: 0x8000efc2 (0x043f2123) sw      gp, 66(t5)
core   0: 3 0x8000efc2 (0x043f2123) mem 0x80010000 0x00000001
core   0: 0x8000efc6 (0x0000bfe5) c.j     pc - 8
core   0: 3 0x8000efc6 (0xbfe5)
core   0: 0x8000efbe (0x00001f17) auipc   t5, 0x1
core   0: 3 0x8000efbe (0x00001f17) x30 0x8000ffbe
core   0: 0x8000efc2 (0x043f2123) sw      gp, 66(t5)
core   0: 3 0x8000efc2 (0x043f2123) mem 0x80010000 0x00000001
core   0: 0x8000efc6 (0x0000bfe5) c.j     pc - 8
core   0: 3 0x8000efc6 (0xbfe5)
core   0: 0x8000efbe (0x00001f17) auipc   t5, 0x1
core   0: 3 0x8000efbe (0x00001f17) x30 0x8000ffbe
core   0: 0x8000efc2 (0x043f2123) sw      gp, 66(t5)
core   0: 3 0x8000efc2 (0x043f2123) mem 0x80010000 0x00000001
core   0: 0x8000efc6 (0x0000bfe5) c.j     pc - 8
core   0: 3 0x8000efc6 (0xbfe5)
core   0: 0x8000efbe (0x00001f17) auipc   t5, 0x1
core   0: 3 0x8000efbe (0x00001f17) x30 0x8000ffbe
core   0: 0x8000efc2 (0x043f2123) sw      gp, 66(t5)
core   0: 3 0x8000efc2 (0x043f2123) mem 0x80010000 0x00000001
core   0: 0x8000efc6 (0x0000bfe5) c.j     pc - 8
core   0: 3 0x8000efc6 (0xbfe5)
core   0: 0x8000efbe (0x00001f17) auipc   t5, 0x1
core   0: 3 0x8000efbe (0x00001f17) x30 0x8000ffbe
core   0: 0x8000efc2 (0x043f2123) sw      gp, 66(t5)
core   0: 3 0x8000efc2 (0x043f2123) mem 0x80010000 0x00000001
core   0: 0x8000efc6 (0x0000bfe5) c.j     pc - 8
core   0: 3 0x8000efc6 (0xbfe5)
core   0: 0x8000efbe (0x00001f17) auipc   t5, 0x1
core   0: 3 0x8000efbe (0x00001f17) x30 0x8000ffbe
core   0: 0x8000efc2 (0x043f2123) sw      gp, 66(t5)
core   0: 3 0x8000efc2 (0x043f2123) mem 0x80010000 0x00000001
core   0: 0x8000efc6 (0x0000bfe5) c.j     pc - 8
core   0: 3 0x8000efc6 (0xbfe5)
core   0: 0x8000efbe (0x00001f17) auipc   t5, 0x1
core   0: 3 0x8000efbe (0x00001f17) x30 0x8000ffbe
core   0: 0x8000efc2 (0x043f2123) sw      gp, 66(t5)
core   0: 3 0x8000efc2 (0x043f2123) mem 0x80010000 0x00000001
core   0: 0x8000efc6 (0x0000bfe5) c.j     pc - 8
core   0: 3 0x8000efc6 (0xbfe5)
core   0: 0x8000efbe (0x00001f17) auipc   t5, 0x1
core   0: 3 0x8000efbe (0x00001f17) x30 0x8000ffbe
core   0: 0x8000efc2 (0x043f2123) sw      gp, 66(t5)
core   0: 3 0x8000efc2 (0x043f2123) mem 0x80010000 0x00000001
core   0: 0x8000efc6 (0x0000bfe5) c.j     pc - 8
core   0: 3 0x8000efc6 (0xbfe5)
core   0: 0x8000efbe (0x00001f17) auipc   t5, 0x1
core   0: 3 0x8000efbe (0x00001f17) x30 0x8000ffbe
core   0: 0x8000efc2 (0x043f2123) sw      gp, 66(t5)
core   0: 3 0x8000efc2 (0x043f2123) mem 0x80010000 0x00000001
core   0: 0x8000efc6 (0x0000bfe5) c.j     pc - 8
core   0: 3 0x8000efc6 (0xbfe5)
core   0: 0x8000efbe (0x00001f17) auipc   t5, 0x1
core   0: 3 0x8000efbe (0x00001f17) x30 0x8000ffbe
core   0: 0x8000efc2 (0x043f2123) sw      gp, 66(t5)
core   0: 3 0x8000efc2 (0x043f2123) mem 0x80010000 0x00000001
core   0: 0x8000efc6 (0x0000bfe5) c.j     pc - 8
core   0: 3 0x8000efc6 (0xbfe5)
core   0: 0x8000efbe (0x00001f17) auipc   t5, 0x1
core   0: 3 0x8000efbe (0x00001f17) x30 0x8000ffbe
core   0: 0x8000efc2 (0x043f2123) sw      gp, 66(t5)
core   0: 3 0x8000efc2 (0x043f2123) mem 0x80010000 0x00000001
core   0: 0x8000efc6 (0x0000bfe5) c.j     pc - 8
core   0: 3 0x8000efc6 (0xbfe5)
core   0: 0x8000efbe (0x00001f17) auipc   t5, 0x1
core   0: 3 0x8000efbe (0x00001f17) x30 0x8000ffbe
core   0: 0x8000efc2 (0x043f2123) sw      gp, 66(t5)
core   0: 3 0x8000efc2 (0x043f2123) mem 0x80010000 0x00000001
core   0: 0x8000efc6 (0x0000bfe5) c.j     pc - 8
core   0: 3 0x8000efc6 (0xbfe5)
core   0: 0x8000efbe (0x00001f17) auipc   t5, 0x1
core   0: 3 0x8000efbe (0x00001f17) x30 0x8000ffbe
core   0: 0x8000efc2 (0x043f2123) sw      gp, 66(t5)
core   0: 3 0x8000efc2 (0x043f2123) mem 0x80010000 0x00000001
core   0: 0x8000efc6 (0x0000bfe5) c.j     pc - 8
core   0: 3 0x8000efc6 (0xbfe5)
core   0: 0x8000efbe (0x00001f17) auipc   t5, 0x1
core   0: 3 0x8000efbe (0x00001f17) x30 0x8000ffbe
core   0: 0x8000efc2 (0x043f2123) sw      gp, 66(t5)
core   0: 3 0x8000efc2 (0x043f2123) mem 0x80010000 0x00000001
core   0: 0x8000efc6 (0x0000bfe5) c.j     pc - 8
core   0: 3 0x8000efc6 (0xbfe5)
core   0: 0x8000efbe (0x00001f17) auipc   t5, 0x1
core   0: 3 0x8000efbe (0x00001f17) x30 0x8000ffbe
core   0: 0x8000efc2 (0x043f2123) sw      gp, 66(t5)
core   0: 3 0x8000efc2 (0x043f2123) mem 0x80010000 0x00000001
core   0: 0x8000efc6 (0x0000bfe5) c.j     pc - 8
core   0: 3 0x8000efc6 (0xbfe5)
core   0: 0x8000efbe (0x00001f17) auipc   t5, 0x1
core   0: 3 0x8000efbe (0x00001f17) x30 0x8000ffbe
core   0: 0x8000efc2 (0x043f2123) sw      gp, 66(t5)
core   0: 3 0x8000efc2 (0x043f2123) mem 0x80010000 0x00000001
core   0: 0x8000efc6 (0x0000bfe5) c.j     pc - 8
core   0: 3 0x8000efc6 (0xbfe5)
core   0: 0x8000efbe (0x00001f17) auipc   t5, 0x1
core   0: 3 0x8000efbe (0x00001f17) x30 0x8000ffbe
core   0: 0x8000efc2 (0x043f2123) sw      gp, 66(t5)
core   0: 3 0x8000efc2 (0x043f2123) mem 0x80010000 0x00000001
core   0: 0x8000efc6 (0x0000bfe5) c.j     pc - 8
core   0: 3 0x8000efc6 (0xbfe5)
core   0: 0x8000efbe (0x00001f17) auipc   t5, 0x1
core   0: 3 0x8000efbe (0x00001f17) x30 0x8000ffbe
core   0: 0x8000efc2 (0x043f2123) sw      gp, 66(t5)
core   0: 3 0x8000efc2 (0x043f2123) mem 0x80010000 0x00000001
core   0: 0x8000efc6 (0x0000bfe5) c.j     pc - 8
core   0: 3 0x8000efc6 (0xbfe5)
core   0: 0x8000efbe (0x00001f17) auipc   t5, 0x1
core   0: 3 0x8000efbe (0x00001f17) x30 0x8000ffbe
core   0: 0x8000efc2 (0x043f2123) sw      gp, 66(t5)
core   0: 3 0x8000efc2 (0x043f2123) mem 0x80010000 0x00000001
core   0: 0x8000efc6 (0x0000bfe5) c.j     pc - 8
core   0: 3 0x8000efc6 (0xbfe5)
core   0: 0x8000efbe (0x00001f17) auipc   t5, 0x1
core   0: 3 0x8000efbe (0x00001f17) x30 0x8000ffbe
core   0: 0x8000efc2 (0x043f2123) sw      gp, 66(t5)
core   0: 3 0x8000efc2 (0x043f2123) mem 0x80010000 0x00000001
core   0: 0x8000efc6 (0x0000bfe5) c.j     pc - 8
core   0: 3 0x8000efc6 (0xbfe5)
core   0: 0x8000efbe (0x00001f17) auipc   t5, 0x1
core   0: 3 0x8000efbe (0x00001f17) x30 0x8000ffbe
core   0: 0x8000efc2 (0x043f2123) sw      gp, 66(t5)
core   0: 3 0x8000efc2 (0x043f2123) mem 0x80010000 0x00000001
core   0: 0x8000efc6 (0x0000bfe5) c.j     pc - 8
core   0: 3 0x8000efc6 (0xbfe5)
core   0: 0x8000efbe (0x00001f17) auipc   t5, 0x1
core   0: 3 0x8000efbe (0x00001f17) x30 0x8000ffbe
core   0: 0x8000efc2 (0x043f2123) sw      gp, 66(t5)
core   0: 3 0x8000efc2 (0x043f2123) mem 0x80010000 0x00000001
core   0: 0x8000efc6 (0x0000bfe5) c.j     pc - 8
core   0: 3 0x8000efc6 (0xbfe5)
core   0: 0x8000efbe (0x00001f17) auipc   t5, 0x1
core   0: 3 0x8000efbe (0x00001f17) x30 0x8000ffbe
core   0: 0x8000efc2 (0x043f2123) sw      gp, 66(t5)
core   0: 3 0x8000efc2 (0x043f2123) mem 0x80010000 0x00000001
core   0: 0x8000efc6 (0x0000bfe5) c.j     pc - 8
core   0: 3 0x8000efc6 (0xbfe5)
core   0: 0x8000efbe (0x00001f17) auipc   t5, 0x1
core   0: 3 0x8000efbe (0x00001f17) x30 0x8000ffbe
core   0: 0x8000efc2 (0x043f2123) sw      gp, 66(t5)
core   0: 3 0x8000efc2 (0x043f2123) mem 0x80010000 0x00000001
core   0: 0x8000efc6 (0x0000bfe5) c.j     pc - 8
core   0: 3 0x8000efc6 (0xbfe5)
core   0: 0x8000efbe (0x00001f17) auipc   t5, 0x1
core   0: 3 0x8000efbe (0x00001f17) x30 0x8000ffbe
core   0: 0x8000efc2 (0x043f2123) sw      gp, 66(t5)
core   0: 3 0x8000efc2 (0x043f2123) mem 0x80010000 0x00000001
core   0: 0x8000efc6 (0x0000bfe5) c.j     pc - 8
core   0: 3 0x8000efc6 (0xbfe5)
core   0: 0x8000efbe (0x00001f17) auipc   t5, 0x1
core   0: 3 0x8000efbe (0x00001f17) x30 0x8000ffbe
core   0: 0x8000efc2 (0x043f2123) sw      gp, 66(t5)
core   0: 3 0x8000efc2 (0x043f2123) mem 0x80010000 0x00000001
core   0: 0x8000efc6 (0x0000bfe5) c.j     pc - 8
core   0: 3 0x8000efc6 (0xbfe5)
core   0: 0x8000efbe (0x00001f17) auipc   t5, 0x1
core   0: 3 0x8000efbe (0x00001f17) x30 0x8000ffbe
core   0: 0x8000efc2 (0x043f2123) sw      gp, 66(t5)
core   0: 3 0x8000efc2 (0x043f2123) mem 0x80010000 0x00000001
core   0: 0x8000efc6 (0x0000bfe5) c.j     pc - 8
core   0: 3 0x8000efc6 (0xbfe5)
core   0: 0x8000efbe (0x00001f17) auipc   t5, 0x1
core   0: 3 0x8000efbe (0x00001f17) x30 0x8000ffbe
core   0: 0x8000efc2 (0x043f2123) sw      gp, 66(t5)
core   0: 3 0x8000efc2 (0x043f2123) mem 0x80010000 0x00000001
core   0: 0x8000efc6 (0x0000bfe5) c.j     pc - 8
core   0: 3 0x8000efc6 (0xbfe5)
core   0: 0x8000efbe (0x00001f17) auipc   t5, 0x1
core   0: 3 0x8000efbe (0x00001f17) x30 0x8000ffbe
core   0: 0x8000efc2 (0x043f2123) sw      gp, 66(t5)
core   0: 3 0x8000efc2 (0x043f2123) mem 0x80010000 0x00000001
core   0: 0x8000efc6 (0x0000bfe5) c.j     pc - 8
core   0: 3 0x8000efc6 (0xbfe5)
core   0: 0x8000efbe (0x00001f17) auipc   t5, 0x1
core   0: 3 0x8000efbe (0x00001f17) x30 0x8000ffbe
core   0: 0x8000efc2 (0x043f2123) sw      gp, 66(t5)
core   0: 3 0x8000efc2 (0x043f2123) mem 0x80010000 0x00000001
core   0: 0x8000efc6 (0x0000bfe5) c.j     pc - 8
core   0: 3 0x8000efc6 (0xbfe5)
core   0: 0x8000efbe (0x00001f17) auipc   t5, 0x1
core   0: 3 0x8000efbe (0x00001f17) x30 0x8000ffbe
core   0: 0x8000efc2 (0x043f2123) sw      gp, 66(t5)
core   0: 3 0x8000efc2 (0x043f2123) mem 0x80010000 0x00000001
core   0: 0x8000efc6 (0x0000bfe5) c.j     pc - 8
core   0: 3 0x8000efc6 (0xbfe5)
core   0: 0x8000efbe (0x00001f17) auipc   t5, 0x1
core   0: 3 0x8000efbe (0x00001f17) x30 0x8000ffbe
core   0: 0x8000efc2 (0x043f2123) sw      gp, 66(t5)
core   0: 3 0x8000efc2 (0x043f2123) mem 0x80010000 0x00000001
core   0: 0x8000efc6 (0x0000bfe5) c.j     pc - 8
core   0: 3 0x8000efc6 (0xbfe5)
core   0: 0x8000efbe (0x00001f17) auipc   t5, 0x1
core   0: 3 0x8000efbe (0x00001f17) x30 0x8000ffbe
core   0: 0x8000efc2 (0x043f2123) sw      gp, 66(t5)
core   0: 3 0x8000efc2 (0x043f2123) mem 0x80010000 0x00000001
core   0: 0x8000efc6 (0x0000bfe5) c.j     pc - 8
core   0: 3 0x8000efc6 (0xbfe5)
core   0: 0x8000efbe (0x00001f17) auipc   t5, 0x1
core   0: 3 0x8000efbe (0x00001f17) x30 0x8000ffbe
core   0: 0x8000efc2 (0x043f2123) sw      gp, 66(t5)
core   0: 3 0x8000efc2 (0x043f2123) mem 0x80010000 0x00000001
core   0: 0x8000efc6 (0x0000bfe5) c.j     pc - 8
core   0: 3 0x8000efc6 (0xbfe5)
core   0: 0x8000efbe (0x00001f17) auipc   t5, 0x1
core   0: 3 0x8000efbe (0x00001f17) x30 0x8000ffbe
core   0: 0x8000efc2 (0x043f2123) sw      gp, 66(t5)
core   0: 3 0x8000efc2 (0x043f2123) mem 0x80010000 0x00000001
core   0: 0x8000efc6 (0x0000bfe5) c.j     pc - 8
core   0: 3 0x8000efc6 (0xbfe5)
core   0: 0x8000efbe (0x00001f17) auipc   t5, 0x1
core   0: 3 0x8000efbe (0x00001f17) x30 0x8000ffbe
core   0: 0x8000efc2 (0x043f2123) sw      gp, 66(t5)
core   0: 3 0x8000efc2 (0x043f2123) mem 0x80010000 0x00000001
core   0: 0x8000efc6 (0x0000bfe5) c.j     pc - 8
core   0: 3 0x8000efc6 (0xbfe5)
core   0: 0x8000efbe (0x00001f17) auipc   t5, 0x1
core   0: 3 0x8000efbe (0x00001f17) x30 0x8000ffbe
core   0: 0x8000efc2 (0x043f2123) sw      gp, 66(t5)
core   0: 3 0x8000efc2 (0x043f2123) mem 0x80010000 0x00000001
core   0: 0x8000efc6 (0x0000bfe5) c.j     pc - 8
core   0: 3 0x8000efc6 (0xbfe5)
core   0: 0x8000efbe (0x00001f17) auipc   t5, 0x1
core   0: 3 0x8000efbe (0x00001f17) x30 0x8000ffbe
core   0: 0x8000efc2 (0x043f2123) sw      gp, 66(t5)
core   0: 3 0x8000efc2 (0x043f2123) mem 0x80010000 0x00000001
core   0: 0x8000efc6 (0x0000bfe5) c.j     pc - 8
core   0: 3 0x8000efc6 (0xbfe5)
core   0: 0x8000efbe (0x00001f17) auipc   t5, 0x1
core   0: 3 0x8000efbe (0x00001f17) x30 0x8000ffbe
core   0: 0x8000efc2 (0x043f2123) sw      gp, 66(t5)
core   0: 3 0x8000efc2 (0x043f2123) mem 0x80010000 0x00000001
core   0: 0x8000efc6 (0x0000bfe5) c.j     pc - 8
core   0: 3 0x8000efc6 (0xbfe5)
core   0: 0x8000efbe (0x00001f17) auipc   t5, 0x1
core   0: 3 0x8000efbe (0x00001f17) x30 0x8000ffbe
core   0: 0x8000efc2 (0x043f2123) sw      gp, 66(t5)
core   0: 3 0x8000efc2 (0x043f2123) mem 0x80010000 0x00000001
core   0: 0x8000efc6 (0x0000bfe5) c.j     pc - 8
core   0: 3 0x8000efc6 (0xbfe5)
core   0: 0x8000efbe (0x00001f17) auipc   t5, 0x1
core   0: 3 0x8000efbe (0x00001f17) x30 0x8000ffbe
core   0: 0x8000efc2 (0x043f2123) sw      gp, 66(t5)
core   0: 3 0x8000efc2 (0x043f2123) mem 0x80010000 0x00000001
core   0: 0x8000efc6 (0x0000bfe5) c.j     pc - 8
core   0: 3 0x8000efc6 (0xbfe5)
core   0: 0x8000efbe (0x00001f17) auipc   t5, 0x1
core   0: 3 0x8000efbe (0x00001f17) x30 0x8000ffbe
core   0: 0x8000efc2 (0x043f2123) sw      gp, 66(t5)
core   0: 3 0x8000efc2 (0x043f2123) mem 0x80010000 0x00000001
core   0: 0x8000efc6 (0x0000bfe5) c.j     pc - 8
core   0: 3 0x8000efc6 (0xbfe5)
core   0: 0x8000efbe (0x00001f17) auipc   t5, 0x1
core   0: 3 0x8000efbe (0x00001f17) x30 0x8000ffbe
core   0: 0x8000efc2 (0x043f2123) sw      gp, 66(t5)
core   0: 3 0x8000efc2 (0x043f2123) mem 0x80010000 0x00000001
core   0: 0x8000efc6 (0x0000bfe5) c.j     pc - 8
core   0: 3 0x8000efc6 (0xbfe5)
core   0: 0x8000efbe (0x00001f17) auipc   t5, 0x1
core   0: 3 0x8000efbe (0x00001f17) x30 0x8000ffbe
core   0: 0x8000efc2 (0x043f2123) sw      gp, 66(t5)
core   0: 3 0x8000efc2 (0x043f2123) mem 0x80010000 0x00000001
core   0: 0x8000efc6 (0x0000bfe5) c.j     pc - 8
core   0: 3 0x8000efc6 (0xbfe5)
core   0: 0x8000efbe (0x00001f17) auipc   t5, 0x1
core   0: 3 0x8000efbe (0x00001f17) x30 0x8000ffbe
core   0: 0x8000efc2 (0x043f2123) sw      gp, 66(t5)
core   0: 3 0x8000efc2 (0x043f2123) mem 0x80010000 0x00000001
core   0: 0x8000efc6 (0x0000bfe5) c.j     pc - 8
core   0: 3 0x8000efc6 (0xbfe5)
core   0: 0x8000efbe (0x00001f17) auipc   t5, 0x1
core   0: 3 0x8000efbe (0x00001f17) x30 0x8000ffbe
core   0: 0x8000efc2 (0x043f2123) sw      gp, 66(t5)
core   0: 3 0x8000efc2 (0x043f2123) mem 0x80010000 0x00000001
core   0: 0x8000efc6 (0x0000bfe5) c.j     pc - 8
core   0: 3 0x8000efc6 (0xbfe5)
core   0: 0x8000efbe (0x00001f17) auipc   t5, 0x1
core   0: 3 0x8000efbe (0x00001f17) x30 0x8000ffbe
core   0: 0x8000efc2 (0x043f2123) sw      gp, 66(t5)
core   0: 3 0x8000efc2 (0x043f2123) mem 0x80010000 0x00000001
core   0: 0x8000efc6 (0x0000bfe5) c.j     pc - 8
core   0: 3 0x8000efc6 (0xbfe5)
core   0: 0x8000efbe (0x00001f17) auipc   t5, 0x1
core   0: 3 0x8000efbe (0x00001f17) x30 0x8000ffbe
core   0: 0x8000efc2 (0x043f2123) sw      gp, 66(t5)
core   0: 3 0x8000efc2 (0x043f2123) mem 0x80010000 0x00000001
core   0: 0x8000efc6 (0x0000bfe5) c.j     pc - 8
core   0: 3 0x8000efc6 (0xbfe5)
core   0: 0x8000efbe (0x00001f17) auipc   t5, 0x1
core   0: 3 0x8000efbe (0x00001f17) x30 0x8000ffbe
core   0: 0x8000efc2 (0x043f2123) sw      gp, 66(t5)
core   0: 3 0x8000efc2 (0x043f2123) mem 0x80010000 0x00000001
core   0: 0x8000efc6 (0x0000bfe5) c.j     pc - 8
core   0: 3 0x8000efc6 (0xbfe5)
core   0: 0x8000efbe (0x00001f17) auipc   t5, 0x1
core   0: 3 0x8000efbe (0x00001f17) x30 0x8000ffbe
core   0: 0x8000efc2 (0x043f2123) sw      gp, 66(t5)
core   0: 3 0x8000efc2 (0x043f2123) mem 0x80010000 0x00000001
core   0: 0x8000efc6 (0x0000bfe5) c.j     pc - 8
core   0: 3 0x8000efc6 (0xbfe5)
core   0: 0x8000efbe (0x00001f17) auipc   t5, 0x1
core   0: 3 0x8000efbe (0x00001f17) x30 0x8000ffbe
core   0: 0x8000efc2 (0x043f2123) sw      gp, 66(t5)
core   0: 3 0x8000efc2 (0x043f2123) mem 0x80010000 0x00000001
core   0: 0x8000efc6 (0x0000bfe5) c.j     pc - 8
core   0: 3 0x8000efc6 (0xbfe5)
core   0: 0x8000efbe (0x00001f17) auipc   t5, 0x1
core   0: 3 0x8000efbe (0x00001f17) x30 0x8000ffbe
core   0: 0x8000efc2 (0x043f2123) sw      gp, 66(t5)
core   0: 3 0x8000efc2 (0x043f2123) mem 0x80010000 0x00000001
core   0: 0x8000efc6 (0x0000bfe5) c.j     pc - 8
core   0: 3 0x8000efc6 (0xbfe5)
core   0: 0x8000efbe (0x00001f17) auipc   t5, 0x1
core   0: 3 0x8000efbe (0x00001f17) x30 0x8000ffbe
core   0: 0x8000efc2 (0x043f2123) sw      gp, 66(t5)
core   0: 3 0x8000efc2 (0x043f2123) mem 0x80010000 0x00000001
core   0: 0x8000efc6 (0x0000bfe5) c.j     pc - 8
core   0: 3 0x8000efc6 (0xbfe5)
core   0: 0x8000efbe (0x00001f17) auipc   t5, 0x1
core   0: 3 0x8000efbe (0x00001f17) x30 0x8000ffbe
core   0: 0x8000efc2 (0x043f2123) sw      gp, 66(t5)
core   0: 3 0x8000efc2 (0x043f2123) mem 0x80010000 0x00000001
core   0: 0x8000efc6 (0x0000bfe5) c.j     pc - 8
core   0: 3 0x8000efc6 (0xbfe5)
core   0: 0x8000efbe (0x00001f17) auipc   t5, 0x1
core   0: 3 0x8000efbe (0x00001f17) x30 0x8000ffbe
core   0: 0x8000efc2 (0x043f2123) sw      gp, 66(t5)
core   0: 3 0x8000efc2 (0x043f2123) mem 0x80010000 0x00000001
core   0: 0x8000efc6 (0x0000bfe5) c.j     pc - 8
core   0: 3 0x8000efc6 (0xbfe5)
core   0: 0x8000efbe (0x00001f17) auipc   t5, 0x1
core   0: 3 0x8000efbe (0x00001f17) x30 0x8000ffbe
core   0: 0x8000efc2 (0x043f2123) sw      gp, 66(t5)
core   0: 3 0x8000efc2 (0x043f2123) mem 0x80010000 0x00000001
core   0: 0x8000efc6 (0x0000bfe5) c.j     pc - 8
core   0: 3 0x8000efc6 (0xbfe5)
core   0: 0x8000efbe (0x00001f17) auipc   t5, 0x1
core   0: 3 0x8000efbe (0x00001f17) x30 0x8000ffbe
core   0: 0x8000efc2 (0x043f2123) sw      gp, 66(t5)
core   0: 3 0x8000efc2 (0x043f2123) mem 0x80010000 0x00000001
core   0: 0x8000efc6 (0x0000bfe5) c.j     pc - 8
core   0: 3 0x8000efc6 (0xbfe5)
core   0: 0x8000efbe (0x00001f17) auipc   t5, 0x1
core   0: 3 0x8000efbe (0x00001f17) x30 0x8000ffbe
core   0: 0x8000efc2 (0x043f2123) sw      gp, 66(t5)
core   0: 3 0x8000efc2 (0x043f2123) mem 0x80010000 0x00000001
core   0: 0x8000efc6 (0x0000bfe5) c.j     pc - 8
core   0: 3 0x8000efc6 (0xbfe5)
core   0: 0x8000efbe (0x00001f17) auipc   t5, 0x1
core   0: 3 0x8000efbe (0x00001f17) x30 0x8000ffbe
core   0: 0x8000efc2 (0x043f2123) sw      gp, 66(t5)
core   0: 3 0x8000efc2 (0x043f2123) mem 0x80010000 0x00000001
core   0: 0x8000efc6 (0x0000bfe5) c.j     pc - 8
core   0: 3 0x8000efc6 (0xbfe5)
core   0: 0x8000efbe (0x00001f17) auipc   t5, 0x1
core   0: 3 0x8000efbe (0x00001f17) x30 0x8000ffbe
core   0: 0x8000efc2 (0x043f2123) sw      gp, 66(t5)
core   0: 3 0x8000efc2 (0x043f2123) mem 0x80010000 0x00000001
core   0: 0x8000efc6 (0x0000bfe5) c.j     pc - 8
core   0: 3 0x8000efc6 (0xbfe5)
core   0: 0x8000efbe (0x00001f17) auipc   t5, 0x1
core   0: 3 0x8000efbe (0x00001f17) x30 0x8000ffbe
core   0: 0x8000efc2 (0x043f2123) sw      gp, 66(t5)
core   0: 3 0x8000efc2 (0x043f2123) mem 0x80010000 0x00000001
core   0: 0x8000efc6 (0x0000bfe5) c.j     pc - 8
core   0: 3 0x8000efc6 (0xbfe5)
core   0: 0x8000efbe (0x00001f17) auipc   t5, 0x1
core   0: 3 0x8000efbe (0x00001f17) x30 0x8000ffbe
core   0: 0x8000efc2 (0x043f2123) sw      gp, 66(t5)
core   0: 3 0x8000efc2 (0x043f2123) mem 0x80010000 0x00000001
core   0: 0x8000efc6 (0x0000bfe5) c.j     pc - 8
core   0: 3 0x8000efc6 (0xbfe5)
core   0: 0x8000efbe (0x00001f17) auipc   t5, 0x1
core   0: 3 0x8000efbe (0x00001f17) x30 0x8000ffbe
core   0: 0x8000efc2 (0x043f2123) sw      gp, 66(t5)
core   0: 3 0x8000efc2 (0x043f2123) mem 0x80010000 0x00000001
core   0: 0x8000efc6 (0x0000bfe5) c.j     pc - 8
core   0: 3 0x8000efc6 (0xbfe5)
core   0: 0x8000efbe (0x00001f17) auipc   t5, 0x1
core   0: 3 0x8000efbe (0x00001f17) x30 0x8000ffbe
core   0: 0x8000efc2 (0x043f2123) sw      gp, 66(t5)
core   0: 3 0x8000efc2 (0x043f2123) mem 0x80010000 0x00000001
core   0: 0x8000efc6 (0x0000bfe5) c.j     pc - 8
core   0: 3 0x8000efc6 (0xbfe5)
core   0: 0x8000efbe (0x00001f17) auipc   t5, 0x1
core   0: 3 0x8000efbe (0x00001f17) x30 0x8000ffbe
core   0: 0x8000efc2 (0x043f2123) sw      gp, 66(t5)
core   0: 3 0x8000efc2 (0x043f2123) mem 0x80010000 0x00000001
core   0: 0x8000efc6 (0x0000bfe5) c.j     pc - 8
core   0: 3 0x8000efc6 (0xbfe5)
core   0: 0x8000efbe (0x00001f17) auipc   t5, 0x1
core   0: 3 0x8000efbe (0x00001f17) x30 0x8000ffbe
core   0: 0x8000efc2 (0x043f2123) sw      gp, 66(t5)
core   0: 3 0x8000efc2 (0x043f2123) mem 0x80010000 0x00000001
core   0: 0x8000efc6 (0x0000bfe5) c.j     pc - 8
core   0: 3 0x8000efc6 (0xbfe5)
core   0: 0x8000efbe (0x00001f17) auipc   t5, 0x1
core   0: 3 0x8000efbe (0x00001f17) x30 0x8000ffbe
core   0: 0x8000efc2 (0x043f2123) sw      gp, 66(t5)
core   0: 3 0x8000efc2 (0x043f2123) mem 0x80010000 0x00000001
core   0: 0x8000efc6 (0x0000bfe5) c.j     pc - 8
core   0: 3 0x8000efc6 (0xbfe5)
core   0: 0x8000efbe (0x00001f17) auipc   t5, 0x1
core   0: 3 0x8000efbe (0x00001f17) x30 0x8000ffbe
core   0: 0x8000efc2 (0x043f2123) sw      gp, 66(t5)
core   0: 3 0x8000efc2 (0x043f2123) mem 0x80010000 0x00000001
core   0: 0x8000efc6 (0x0000bfe5) c.j     pc - 8
core   0: 3 0x8000efc6 (0xbfe5)
core   0: 0x8000efbe (0x00001f17) auipc   t5, 0x1
core   0: 3 0x8000efbe (0x00001f17) x30 0x8000ffbe
core   0: 0x8000efc2 (0x043f2123) sw      gp, 66(t5)
core   0: 3 0x8000efc2 (0x043f2123) mem 0x80010000 0x00000001
core   0: 0x8000efc6 (0x0000bfe5) c.j     pc - 8
core   0: 3 0x8000efc6 (0xbfe5)
core   0: 0x8000efbe (0x00001f17) auipc   t5, 0x1
core   0: 3 0x8000efbe (0x00001f17) x30 0x8000ffbe
core   0: 0x8000efc2 (0x043f2123) sw      gp, 66(t5)
core   0: 3 0x8000efc2 (0x043f2123) mem 0x80010000 0x00000001
core   0: 0x8000efc6 (0x0000bfe5) c.j     pc - 8
core   0: 3 0x8000efc6 (0xbfe5)
core   0: 0x8000efbe (0x00001f17) auipc   t5, 0x1
core   0: 3 0x8000efbe (0x00001f17) x30 0x8000ffbe
core   0: 0x8000efc2 (0x043f2123) sw      gp, 66(t5)
core   0: 3 0x8000efc2 (0x043f2123) mem 0x80010000 0x00000001
core   0: 0x8000efc6 (0x0000bfe5) c.j     pc - 8
core   0: 3 0x8000efc6 (0xbfe5)
core   0: 0x8000efbe (0x00001f17) auipc   t5, 0x1
core   0: 3 0x8000efbe (0x00001f17) x30 0x8000ffbe
core   0: 0x8000efc2 (0x043f2123) sw      gp, 66(t5)
core   0: 3 0x8000efc2 (0x043f2123) mem 0x80010000 0x00000001
core   0: 0x8000efc6 (0x0000bfe5) c.j     pc - 8
core   0: 3 0x8000efc6 (0xbfe5)
core   0: 0x8000efbe (0x00001f17) auipc   t5, 0x1
core   0: 3 0x8000efbe (0x00001f17) x30 0x8000ffbe
core   0: 0x8000efc2 (0x043f2123) sw      gp, 66(t5)
core   0: 3 0x8000efc2 (0x043f2123) mem 0x80010000 0x00000001
core   0: 0x8000efc6 (0x0000bfe5) c.j     pc - 8
core   0: 3 0x8000efc6 (0xbfe5)
core   0: 0x8000efbe (0x00001f17) auipc   t5, 0x1
core   0: 3 0x8000efbe (0x00001f17) x30 0x8000ffbe
core   0: 0x8000efc2 (0x043f2123) sw      gp, 66(t5)
core   0: 3 0x8000efc2 (0x043f2123) mem 0x80010000 0x00000001
core   0: 0x8000efc6 (0x0000bfe5) c.j     pc - 8
core   0: 3 0x8000efc6 (0xbfe5)
core   0: 0x8000efbe (0x00001f17) auipc   t5, 0x1
core   0: 3 0x8000efbe (0x00001f17) x30 0x8000ffbe
core   0: 0x8000efc2 (0x043f2123) sw      gp, 66(t5)
core   0: 3 0x8000efc2 (0x043f2123) mem 0x80010000 0x00000001
core   0: 0x8000efc6 (0x0000bfe5) c.j     pc - 8
core   0: 3 0x8000efc6 (0xbfe5)
core   0: 0x8000efbe (0x00001f17) auipc   t5, 0x1
core   0: 3 0x8000efbe (0x00001f17) x30 0x8000ffbe
core   0: 0x8000efc2 (0x043f2123) sw      gp, 66(t5)
core   0: 3 0x8000efc2 (0x043f2123) mem 0x80010000 0x00000001
core   0: 0x8000efc6 (0x0000bfe5) c.j     pc - 8
core   0: 3 0x8000efc6 (0xbfe5)
core   0: 0x8000efbe (0x00001f17) auipc   t5, 0x1
core   0: 3 0x8000efbe (0x00001f17) x30 0x8000ffbe
core   0: 0x8000efc2 (0x043f2123) sw      gp, 66(t5)
core   0: 3 0x8000efc2 (0x043f2123) mem 0x80010000 0x00000001
core   0: 0x8000efc6 (0x0000bfe5) c.j     pc - 8
core   0: 3 0x8000efc6 (0xbfe5)
core   0: 0x8000efbe (0x00001f17) auipc   t5, 0x1
core   0: 3 0x8000efbe (0x00001f17) x30 0x8000ffbe
core   0: 0x8000efc2 (0x043f2123) sw      gp, 66(t5)
core   0: 3 0x8000efc2 (0x043f2123) mem 0x80010000 0x00000001
core   0: 0x8000efc6 (0x0000bfe5) c.j     pc - 8
core   0: 3 0x8000efc6 (0xbfe5)
core   0: 0x8000efbe (0x00001f17) auipc   t5, 0x1
core   0: 3 0x8000efbe (0x00001f17) x30 0x8000ffbe
core   0: 0x8000efc2 (0x043f2123) sw      gp, 66(t5)
core   0: 3 0x8000efc2 (0x043f2123) mem 0x80010000 0x00000001
core   0: 0x8000efc6 (0x0000bfe5) c.j     pc - 8
core   0: 3 0x8000efc6 (0xbfe5)
core   0: 0x8000efbe (0x00001f17) auipc   t5, 0x1
core   0: 3 0x8000efbe (0x00001f17) x30 0x8000ffbe
core   0: 0x8000efc2 (0x043f2123) sw      gp, 66(t5)
core   0: 3 0x8000efc2 (0x043f2123) mem 0x80010000 0x00000001
core   0: 0x8000efc6 (0x0000bfe5) c.j     pc - 8
core   0: 3 0x8000efc6 (0xbfe5)
core   0: 0x8000efbe (0x00001f17) auipc   t5, 0x1
core   0: 3 0x8000efbe (0x00001f17) x30 0x8000ffbe
core   0: 0x8000efc2 (0x043f2123) sw      gp, 66(t5)
core   0: 3 0x8000efc2 (0x043f2123) mem 0x80010000 0x00000001
core   0: 0x8000efc6 (0x0000bfe5) c.j     pc - 8
core   0: 3 0x8000efc6 (0xbfe5)
core   0: 0x8000efbe (0x00001f17) auipc   t5, 0x1
core   0: 3 0x8000efbe (0x00001f17) x30 0x8000ffbe
core   0: 0x8000efc2 (0x043f2123) sw      gp, 66(t5)
core   0: 3 0x8000efc2 (0x043f2123) mem 0x80010000 0x00000001
core   0: 0x8000efc6 (0x0000bfe5) c.j     pc - 8
core   0: 3 0x8000efc6 (0xbfe5)
core   0: 0x8000efbe (0x00001f17) auipc   t5, 0x1
core   0: 3 0x8000efbe (0x00001f17) x30 0x8000ffbe
core   0: 0x8000efc2 (0x043f2123) sw      gp, 66(t5)
core   0: 3 0x8000efc2 (0x043f2123) mem 0x80010000 0x00000001
core   0: 0x8000efc6 (0x0000bfe5) c.j     pc - 8
core   0: 3 0x8000efc6 (0xbfe5)
core   0: 0x8000efbe (0x00001f17) auipc   t5, 0x1
core   0: 3 0x8000efbe (0x00001f17) x30 0x8000ffbe
core   0: 0x8000efc2 (0x043f2123) sw      gp, 66(t5)
core   0: 3 0x8000efc2 (0x043f2123) mem 0x80010000 0x00000001
core   0: 0x8000efc6 (0x0000bfe5) c.j     pc - 8
core   0: 3 0x8000efc6 (0xbfe5)
core   0: 0x8000efbe (0x00001f17) auipc   t5, 0x1
core   0: 3 0x8000efbe (0x00001f17) x30 0x8000ffbe
core   0: 0x8000efc2 (0x043f2123) sw      gp, 66(t5)
core   0: 3 0x8000efc2 (0x043f2123) mem 0x80010000 0x00000001
core   0: 0x8000efc6 (0x0000bfe5) c.j     pc - 8
core   0: 3 0x8000efc6 (0xbfe5)
core   0: 0x8000efbe (0x00001f17) auipc   t5, 0x1
core   0: 3 0x8000efbe (0x00001f17) x30 0x8000ffbe
core   0: 0x8000efc2 (0x043f2123) sw      gp, 66(t5)
core   0: 3 0x8000efc2 (0x043f2123) mem 0x80010000 0x00000001
core   0: 0x8000efc6 (0x0000bfe5) c.j     pc - 8
core   0: 3 0x8000efc6 (0xbfe5)
core   0: 0x8000efbe (0x00001f17) auipc   t5, 0x1
core   0: 3 0x8000efbe (0x00001f17) x30 0x8000ffbe
core   0: 0x8000efc2 (0x043f2123) sw      gp, 66(t5)
core   0: 3 0x8000efc2 (0x043f2123) mem 0x80010000 0x00000001
core   0: 0x8000efc6 (0x0000bfe5) c.j     pc - 8
core   0: 3 0x8000efc6 (0xbfe5)
core   0: 0x8000efbe (0x00001f17) auipc   t5, 0x1
core   0: 3 0x8000efbe (0x00001f17) x30 0x8000ffbe
core   0: 0x8000efc2 (0x043f2123) sw      gp, 66(t5)
core   0: 3 0x8000efc2 (0x043f2123) mem 0x80010000 0x00000001
core   0: 0x8000efc6 (0x0000bfe5) c.j     pc - 8
core   0: 3 0x8000efc6 (0xbfe5)
core   0: 0x8000efbe (0x00001f17) auipc   t5, 0x1
core   0: 3 0x8000efbe (0x00001f17) x30 0x8000ffbe
core   0: 0x8000efc2 (0x043f2123) sw      gp, 66(t5)
core   0: 3 0x8000efc2 (0x043f2123) mem 0x80010000 0x00000001
core   0: 0x8000efc6 (0x0000bfe5) c.j     pc - 8
core   0: 3 0x8000efc6 (0xbfe5)
core   0: 0x8000efbe (0x00001f17) auipc   t5, 0x1
core   0: 3 0x8000efbe (0x00001f17) x30 0x8000ffbe
core   0: 0x8000efc2 (0x043f2123) sw      gp, 66(t5)
core   0: 3 0x8000efc2 (0x043f2123) mem 0x80010000 0x00000001
core   0: 0x8000efc6 (0x0000bfe5) c.j     pc - 8
core   0: 3 0x8000efc6 (0xbfe5)
core   0: 0x8000efbe (0x00001f17) auipc   t5, 0x1
core   0: 3 0x8000efbe (0x00001f17) x30 0x8000ffbe
core   0: 0x8000efc2 (0x043f2123) sw      gp, 66(t5)
core   0: 3 0x8000efc2 (0x043f2123) mem 0x80010000 0x00000001
core   0: 0x8000efc6 (0x0000bfe5) c.j     pc - 8
core   0: 3 0x8000efc6 (0xbfe5)
core   0: 0x8000efbe (0x00001f17) auipc   t5, 0x1
core   0: 3 0x8000efbe (0x00001f17) x30 0x8000ffbe
core   0: 0x8000efc2 (0x043f2123) sw      gp, 66(t5)
core   0: 3 0x8000efc2 (0x043f2123) mem 0x80010000 0x00000001
core   0: 0x8000efc6 (0x0000bfe5) c.j     pc - 8
core   0: 3 0x8000efc6 (0xbfe5)
core   0: 0x8000efbe (0x00001f17) auipc   t5, 0x1
core   0: 3 0x8000efbe (0x00001f17) x30 0x8000ffbe
core   0: 0x8000efc2 (0x043f2123) sw      gp, 66(t5)
core   0: 3 0x8000efc2 (0x043f2123) mem 0x80010000 0x00000001
core   0: 0x8000efc6 (0x0000bfe5) c.j     pc - 8
core   0: 3 0x8000efc6 (0xbfe5)
core   0: 0x8000efbe (0x00001f17) auipc   t5, 0x1
core   0: 3 0x8000efbe (0x00001f17) x30 0x8000ffbe
core   0: 0x8000efc2 (0x043f2123) sw      gp, 66(t5)
core   0: 3 0x8000efc2 (0x043f2123) mem 0x80010000 0x00000001
core   0: 0x8000efc6 (0x0000bfe5) c.j     pc - 8
core   0: 3 0x8000efc6 (0xbfe5)
core   0: 0x8000efbe (0x00001f17) auipc   t5, 0x1
core   0: 3 0x8000efbe (0x00001f17) x30 0x8000ffbe
core   0: 0x8000efc2 (0x043f2123) sw      gp, 66(t5)
core   0: 3 0x8000efc2 (0x043f2123) mem 0x80010000 0x00000001
core   0: 0x8000efc6 (0x0000bfe5) c.j     pc - 8
core   0: 3 0x8000efc6 (0xbfe5)
core   0: 0x8000efbe (0x00001f17) auipc   t5, 0x1
core   0: 3 0x8000efbe (0x00001f17) x30 0x8000ffbe
core   0: 0x8000efc2 (0x043f2123) sw      gp, 66(t5)
core   0: 3 0x8000efc2 (0x043f2123) mem 0x80010000 0x00000001
core   0: 0x8000efc6 (0x0000bfe5) c.j     pc - 8
core   0: 3 0x8000efc6 (0xbfe5)
core   0: 0x8000efbe (0x00001f17) auipc   t5, 0x1
core   0: 3 0x8000efbe (0x00001f17) x30 0x8000ffbe
core   0: 0x8000efc2 (0x043f2123) sw      gp, 66(t5)
core   0: 3 0x8000efc2 (0x043f2123) mem 0x80010000 0x00000001
core   0: 0x8000efc6 (0x0000bfe5) c.j     pc - 8
core   0: 3 0x8000efc6 (0xbfe5)
core   0: 0x8000efbe (0x00001f17) auipc   t5, 0x1
core   0: 3 0x8000efbe (0x00001f17) x30 0x8000ffbe
core   0: 0x8000efc2 (0x043f2123) sw      gp, 66(t5)
core   0: 3 0x8000efc2 (0x043f2123) mem 0x80010000 0x00000001
core   0: 0x8000efc6 (0x0000bfe5) c.j     pc - 8
core   0: 3 0x8000efc6 (0xbfe5)
core   0: 0x8000efbe (0x00001f17) auipc   t5, 0x1
core   0: 3 0x8000efbe (0x00001f17) x30 0x8000ffbe
core   0: 0x8000efc2 (0x043f2123) sw      gp, 66(t5)
core   0: 3 0x8000efc2 (0x043f2123) mem 0x80010000 0x00000001
core   0: 0x8000efc6 (0x0000bfe5) c.j     pc - 8
core   0: 3 0x8000efc6 (0xbfe5)
core   0: 0x8000efbe (0x00001f17) auipc   t5, 0x1
core   0: 3 0x8000efbe (0x00001f17) x30 0x8000ffbe
core   0: 0x8000efc2 (0x043f2123) sw      gp, 66(t5)
core   0: 3 0x8000efc2 (0x043f2123) mem 0x80010000 0x00000001
core   0: 0x8000efc6 (0x0000bfe5) c.j     pc - 8
core   0: 3 0x8000efc6 (0xbfe5)
core   0: 0x8000efbe (0x00001f17) auipc   t5, 0x1
core   0: 3 0x8000efbe (0x00001f17) x30 0x8000ffbe
core   0: 0x8000efc2 (0x043f2123) sw      gp, 66(t5)
core   0: 3 0x8000efc2 (0x043f2123) mem 0x80010000 0x00000001
core   0: 0x8000efc6 (0x0000bfe5) c.j     pc - 8
core   0: 3 0x8000efc6 (0xbfe5)
core   0: 0x8000efbe (0x00001f17) auipc   t5, 0x1
core   0: 3 0x8000efbe (0x00001f17) x30 0x8000ffbe
core   0: 0x8000efc2 (0x043f2123) sw      gp, 66(t5)
core   0: 3 0x8000efc2 (0x043f2123) mem 0x80010000 0x00000001
core   0: 0x8000efc6 (0x0000bfe5) c.j     pc - 8
core   0: 3 0x8000efc6 (0xbfe5)
core   0: 0x8000efbe (0x00001f17) auipc   t5, 0x1
core   0: 3 0x8000efbe (0x00001f17) x30 0x8000ffbe
core   0: 0x8000efc2 (0x043f2123) sw      gp, 66(t5)
core   0: 3 0x8000efc2 (0x043f2123) mem 0x80010000 0x00000001
core   0: 0x8000efc6 (0x0000bfe5) c.j     pc - 8
core   0: 3 0x8000efc6 (0xbfe5)
core   0: 0x8000efbe (0x00001f17) auipc   t5, 0x1
core   0: 3 0x8000efbe (0x00001f17) x30 0x8000ffbe
core   0: 0x8000efc2 (0x043f2123) sw      gp, 66(t5)
core   0: 3 0x8000efc2 (0x043f2123) mem 0x80010000 0x00000001
core   0: 0x8000efc6 (0x0000bfe5) c.j     pc - 8
core   0: 3 0x8000efc6 (0xbfe5)
core   0: 0x8000efbe (0x00001f17) auipc   t5, 0x1
core   0: 3 0x8000efbe (0x00001f17) x30 0x8000ffbe
core   0: 0x8000efc2 (0x043f2123) sw      gp, 66(t5)
core   0: 3 0x8000efc2 (0x043f2123) mem 0x80010000 0x00000001
core   0: 0x8000efc6 (0x0000bfe5) c.j     pc - 8
core   0: 3 0x8000efc6 (0xbfe5)
core   0: 0x8000efbe (0x00001f17) auipc   t5, 0x1
core   0: 3 0x8000efbe (0x00001f17) x30 0x8000ffbe
core   0: 0x8000efc2 (0x043f2123) sw      gp, 66(t5)
core   0: 3 0x8000efc2 (0x043f2123) mem 0x80010000 0x00000001
core   0: 0x8000efc6 (0x0000bfe5) c.j     pc - 8
core   0: 3 0x8000efc6 (0xbfe5)
core   0: 0x8000efbe (0x00001f17) auipc   t5, 0x1
core   0: 3 0x8000efbe (0x00001f17) x30 0x8000ffbe
core   0: 0x8000efc2 (0x043f2123) sw      gp, 66(t5)
core   0: 3 0x8000efc2 (0x043f2123) mem 0x80010000 0x00000001
core   0: 0x8000efc6 (0x0000bfe5) c.j     pc - 8
core   0: 3 0x8000efc6 (0xbfe5)
core   0: 0x8000efbe (0x00001f17) auipc   t5, 0x1
core   0: 3 0x8000efbe (0x00001f17) x30 0x8000ffbe
core   0: 0x8000efc2 (0x043f2123) sw      gp, 66(t5)
core   0: 3 0x8000efc2 (0x043f2123) mem 0x80010000 0x00000001
core   0: 0x8000efc6 (0x0000bfe5) c.j     pc - 8
core   0: 3 0x8000efc6 (0xbfe5)
core   0: 0x8000efbe (0x00001f17) auipc   t5, 0x1
core   0: 3 0x8000efbe (0x00001f17) x30 0x8000ffbe
core   0: 0x8000efc2 (0x043f2123) sw      gp, 66(t5)
core   0: 3 0x8000efc2 (0x043f2123) mem 0x80010000 0x00000001
core   0: 0x8000efc6 (0x0000bfe5) c.j     pc - 8
core   0: 3 0x8000efc6 (0xbfe5)
core   0: 0x8000efbe (0x00001f17) auipc   t5, 0x1
core   0: 3 0x8000efbe (0x00001f17) x30 0x8000ffbe
core   0: 0x8000efc2 (0x043f2123) sw      gp, 66(t5)
core   0: 3 0x8000efc2 (0x043f2123) mem 0x80010000 0x00000001
core   0: 0x8000efc6 (0x0000bfe5) c.j     pc - 8
core   0: 3 0x8000efc6 (0xbfe5)
core   0: 0x8000efbe (0x00001f17) auipc   t5, 0x1
core   0: 3 0x8000efbe (0x00001f17) x30 0x8000ffbe
core   0: 0x8000efc2 (0x043f2123) sw      gp, 66(t5)
core   0: 3 0x8000efc2 (0x043f2123) mem 0x80010000 0x00000001
core   0: 0x8000efc6 (0x0000bfe5) c.j     pc - 8
core   0: 3 0x8000efc6 (0xbfe5)
core   0: 0x8000efbe (0x00001f17) auipc   t5, 0x1
core   0: 3 0x8000efbe (0x00001f17) x30 0x8000ffbe
core   0: 0x8000efc2 (0x043f2123) sw      gp, 66(t5)
core   0: 3 0x8000efc2 (0x043f2123) mem 0x80010000 0x00000001
core   0: 0x8000efc6 (0x0000bfe5) c.j     pc - 8
core   0: 3 0x8000efc6 (0xbfe5)
core   0: 0x8000efbe (0x00001f17) auipc   t5, 0x1
core   0: 3 0x8000efbe (0x00001f17) x30 0x8000ffbe
core   0: 0x8000efc2 (0x043f2123) sw      gp, 66(t5)
core   0: 3 0x8000efc2 (0x043f2123) mem 0x80010000 0x00000001
core   0: 0x8000efc6 (0x0000bfe5) c.j     pc - 8
core   0: 3 0x8000efc6 (0xbfe5)
core   0: 0x8000efbe (0x00001f17) auipc   t5, 0x1
core   0: 3 0x8000efbe (0x00001f17) x30 0x8000ffbe
core   0: 0x8000efc2 (0x043f2123) sw      gp, 66(t5)
core   0: 3 0x8000efc2 (0x043f2123) mem 0x80010000 0x00000001
core   0: 0x8000efc6 (0x0000bfe5) c.j     pc - 8
core   0: 3 0x8000efc6 (0xbfe5)
core   0: 0x8000efbe (0x00001f17) auipc   t5, 0x1
core   0: 3 0x8000efbe (0x00001f17) x30 0x8000ffbe
core   0: 0x8000efc2 (0x043f2123) sw      gp, 66(t5)
core   0: 3 0x8000efc2 (0x043f2123) mem 0x80010000 0x00000001
core   0: 0x8000efc6 (0x0000bfe5) c.j     pc - 8
core   0: 3 0x8000efc6 (0xbfe5)
core   0: 0x8000efbe (0x00001f17) auipc   t5, 0x1
core   0: 3 0x8000efbe (0x00001f17) x30 0x8000ffbe
core   0: 0x8000efc2 (0x043f2123) sw      gp, 66(t5)
core   0: 3 0x8000efc2 (0x043f2123) mem 0x80010000 0x00000001
core   0: 0x8000efc6 (0x0000bfe5) c.j     pc - 8
core   0: 3 0x8000efc6 (0xbfe5)
core   0: 0x8000efbe (0x00001f17) auipc   t5, 0x1
core   0: 3 0x8000efbe (0x00001f17) x30 0x8000ffbe
core   0: 0x8000efc2 (0x043f2123) sw      gp, 66(t5)
core   0: 3 0x8000efc2 (0x043f2123) mem 0x80010000 0x00000001
core   0: 0x8000efc6 (0x0000bfe5) c.j     pc - 8
core   0: 3 0x8000efc6 (0xbfe5)
core   0: 0x8000efbe (0x00001f17) auipc   t5, 0x1
core   0: 3 0x8000efbe (0x00001f17) x30 0x8000ffbe
core   0: 0x8000efc2 (0x043f2123) sw      gp, 66(t5)
core   0: 3 0x8000efc2 (0x043f2123) mem 0x80010000 0x00000001
core   0: 0x8000efc6 (0x0000bfe5) c.j     pc - 8
core   0: 3 0x8000efc6 (0xbfe5)
core   0: 0x8000efbe (0x00001f17) auipc   t5, 0x1
core   0: 3 0x8000efbe (0x00001f17) x30 0x8000ffbe
core   0: 0x8000efc2 (0x043f2123) sw      gp, 66(t5)
core   0: 3 0x8000efc2 (0x043f2123) mem 0x80010000 0x00000001
core   0: 0x8000efc6 (0x0000bfe5) c.j     pc - 8
core   0: 3 0x8000efc6 (0xbfe5)
core   0: 0x8000efbe (0x00001f17) auipc   t5, 0x1
core   0: 3 0x8000efbe (0x00001f17) x30 0x8000ffbe
core   0: 0x8000efc2 (0x043f2123) sw      gp, 66(t5)
core   0: 3 0x8000efc2 (0x043f2123) mem 0x80010000 0x00000001
core   0: 0x8000efc6 (0x0000bfe5) c.j     pc - 8
core   0: 3 0x8000efc6 (0xbfe5)
core   0: 0x8000efbe (0x00001f17) auipc   t5, 0x1
core   0: 3 0x8000efbe (0x00001f17) x30 0x8000ffbe
core   0: 0x8000efc2 (0x043f2123) sw      gp, 66(t5)
core   0: 3 0x8000efc2 (0x043f2123) mem 0x80010000 0x00000001
core   0: 0x8000efc6 (0x0000bfe5) c.j     pc - 8
core   0: 3 0x8000efc6 (0xbfe5)
core   0: 0x8000efbe (0x00001f17) auipc   t5, 0x1
core   0: 3 0x8000efbe (0x00001f17) x30 0x8000ffbe
core   0: 0x8000efc2 (0x043f2123) sw      gp, 66(t5)
core   0: 3 0x8000efc2 (0x043f2123) mem 0x80010000 0x00000001
core   0: 0x8000efc6 (0x0000bfe5) c.j     pc - 8
core   0: 3 0x8000efc6 (0xbfe5)
core   0: 0x8000efbe (0x00001f17) auipc   t5, 0x1
core   0: 3 0x8000efbe (0x00001f17) x30 0x8000ffbe
core   0: 0x8000efc2 (0x043f2123) sw      gp, 66(t5)
core   0: 3 0x8000efc2 (0x043f2123) mem 0x80010000 0x00000001
core   0: 0x8000efc6 (0x0000bfe5) c.j     pc - 8
core   0: 3 0x8000efc6 (0xbfe5)
core   0: 0x8000efbe (0x00001f17) auipc   t5, 0x1
core   0: 3 0x8000efbe (0x00001f17) x30 0x8000ffbe
core   0: 0x8000efc2 (0x043f2123) sw      gp, 66(t5)
core   0: 3 0x8000efc2 (0x043f2123) mem 0x80010000 0x00000001
core   0: 0x8000efc6 (0x0000bfe5) c.j     pc - 8
core   0: 3 0x8000efc6 (0xbfe5)
core   0: 0x8000efbe (0x00001f17) auipc   t5, 0x1
core   0: 3 0x8000efbe (0x00001f17) x30 0x8000ffbe
core   0: 0x8000efc2 (0x043f2123) sw      gp, 66(t5)
core   0: 3 0x8000efc2 (0x043f2123) mem 0x80010000 0x00000001
core   0: 0x8000efc6 (0x0000bfe5) c.j     pc - 8
core   0: 3 0x8000efc6 (0xbfe5)
core   0: 0x8000efbe (0x00001f17) auipc   t5, 0x1
core   0: 3 0x8000efbe (0x00001f17) x30 0x8000ffbe
core   0: 0x8000efc2 (0x043f2123) sw      gp, 66(t5)
core   0: 3 0x8000efc2 (0x043f2123) mem 0x80010000 0x00000001
core   0: 0x8000efc6 (0x0000bfe5) c.j     pc - 8
core   0: 3 0x8000efc6 (0xbfe5)
core   0: 0x8000efbe (0x00001f17) auipc   t5, 0x1
core   0: 3 0x8000efbe (0x00001f17) x30 0x8000ffbe
core   0: 0x8000efc2 (0x043f2123) sw      gp, 66(t5)
core   0: 3 0x8000efc2 (0x043f2123) mem 0x80010000 0x00000001
core   0: 0x8000efc6 (0x0000bfe5) c.j     pc - 8
core   0: 3 0x8000efc6 (0xbfe5)
core   0: 0x8000efbe (0x00001f17) auipc   t5, 0x1
core   0: 3 0x8000efbe (0x00001f17) x30 0x8000ffbe
core   0: 0x8000efc2 (0x043f2123) sw      gp, 66(t5)
core   0: 3 0x8000efc2 (0x043f2123) mem 0x80010000 0x00000001
core   0: 0x8000efc6 (0x0000bfe5) c.j     pc - 8
core   0: 3 0x8000efc6 (0xbfe5)
core   0: 0x8000efbe (0x00001f17) auipc   t5, 0x1
core   0: 3 0x8000efbe (0x00001f17) x30 0x8000ffbe
core   0: 0x8000efc2 (0x043f2123) sw      gp, 66(t5)
core   0: 3 0x8000efc2 (0x043f2123) mem 0x80010000 0x00000001
core   0: 0x8000efc6 (0x0000bfe5) c.j     pc - 8
core   0: 3 0x8000efc6 (0xbfe5)
core   0: 0x8000efbe (0x00001f17) auipc   t5, 0x1
core   0: 3 0x8000efbe (0x00001f17) x30 0x8000ffbe
core   0: 0x8000efc2 (0x043f2123) sw      gp, 66(t5)
core   0: 3 0x8000efc2 (0x043f2123) mem 0x80010000 0x00000001
core   0: 0x8000efc6 (0x0000bfe5) c.j     pc - 8
core   0: 3 0x8000efc6 (0xbfe5)
core   0: 0x8000efbe (0x00001f17) auipc   t5, 0x1
core   0: 3 0x8000efbe (0x00001f17) x30 0x8000ffbe
core   0: 0x8000efc2 (0x043f2123) sw      gp, 66(t5)
core   0: 3 0x8000efc2 (0x043f2123) mem 0x80010000 0x00000001
core   0: 0x8000efc6 (0x0000bfe5) c.j     pc - 8
core   0: 3 0x8000efc6 (0xbfe5)
core   0: 0x8000efbe (0x00001f17) auipc   t5, 0x1
core   0: 3 0x8000efbe (0x00001f17) x30 0x8000ffbe
core   0: 0x8000efc2 (0x043f2123) sw      gp, 66(t5)
core   0: 3 0x8000efc2 (0x043f2123) mem 0x80010000 0x00000001
core   0: 0x8000efc6 (0x0000bfe5) c.j     pc - 8
core   0: 3 0x8000efc6 (0xbfe5)
core   0: 0x8000efbe (0x00001f17) auipc   t5, 0x1
core   0: 3 0x8000efbe (0x00001f17) x30 0x8000ffbe
core   0: 0x8000efc2 (0x043f2123) sw      gp, 66(t5)
core   0: 3 0x8000efc2 (0x043f2123) mem 0x80010000 0x00000001
core   0: 0x8000efc6 (0x0000bfe5) c.j     pc - 8
core   0: 3 0x8000efc6 (0xbfe5)
core   0: 0x8000efbe (0x00001f17) auipc   t5, 0x1
core   0: 3 0x8000efbe (0x00001f17) x30 0x8000ffbe
core   0: 0x8000efc2 (0x043f2123) sw      gp, 66(t5)
core   0: 3 0x8000efc2 (0x043f2123) mem 0x80010000 0x00000001
core   0: 0x8000efc6 (0x0000bfe5) c.j     pc - 8
core   0: 3 0x8000efc6 (0xbfe5)
core   0: 0x8000efbe (0x00001f17) auipc   t5, 0x1
core   0: 3 0x8000efbe (0x00001f17) x30 0x8000ffbe
core   0: 0x8000efc2 (0x043f2123) sw      gp, 66(t5)
core   0: 3 0x8000efc2 (0x043f2123) mem 0x80010000 0x00000001
core   0: 0x8000efc6 (0x0000bfe5) c.j     pc - 8
core   0: 3 0x8000efc6 (0xbfe5)
core   0: 0x8000efbe (0x00001f17) auipc   t5, 0x1
core   0: 3 0x8000efbe (0x00001f17) x30 0x8000ffbe
core   0: 0x8000efc2 (0x043f2123) sw      gp, 66(t5)
core   0: 3 0x8000efc2 (0x043f2123) mem 0x80010000 0x00000001
core   0: 0x8000efc6 (0x0000bfe5) c.j     pc - 8
core   0: 3 0x8000efc6 (0xbfe5)
core   0: 0x8000efbe (0x00001f17) auipc   t5, 0x1
core   0: 3 0x8000efbe (0x00001f17) x30 0x8000ffbe
core   0: 0x8000efc2 (0x043f2123) sw      gp, 66(t5)
core   0: 3 0x8000efc2 (0x043f2123) mem 0x80010000 0x00000001
core   0: 0x8000efc6 (0x0000bfe5) c.j     pc - 8
core   0: 3 0x8000efc6 (0xbfe5)
core   0: 0x8000efbe (0x00001f17) auipc   t5, 0x1
core   0: 3 0x8000efbe (0x00001f17) x30 0x8000ffbe
core   0: 0x8000efc2 (0x043f2123) sw      gp, 66(t5)
core   0: 3 0x8000efc2 (0x043f2123) mem 0x80010000 0x00000001
core   0: 0x8000efc6 (0x0000bfe5) c.j     pc - 8
core   0: 3 0x8000efc6 (0xbfe5)
core   0: 0x8000efbe (0x00001f17) auipc   t5, 0x1
core   0: 3 0x8000efbe (0x00001f17) x30 0x8000ffbe
core   0: 0x8000efc2 (0x043f2123) sw      gp, 66(t5)
core   0: 3 0x8000efc2 (0x043f2123) mem 0x80010000 0x00000001
core   0: 0x8000efc6 (0x0000bfe5) c.j     pc - 8
core   0: 3 0x8000efc6 (0xbfe5)
core   0: 0x8000efbe (0x00001f17) auipc   t5, 0x1
core   0: 3 0x8000efbe (0x00001f17) x30 0x8000ffbe
core   0: 0x8000efc2 (0x043f2123) sw      gp, 66(t5)
core   0: 3 0x8000efc2 (0x043f2123) mem 0x80010000 0x00000001
core   0: 0x8000efc6 (0x0000bfe5) c.j     pc - 8
core   0: 3 0x8000efc6 (0xbfe5)
core   0: 0x8000efbe (0x00001f17) auipc   t5, 0x1
core   0: 3 0x8000efbe (0x00001f17) x30 0x8000ffbe
core   0: 0x8000efc2 (0x043f2123) sw      gp, 66(t5)
core   0: 3 0x8000efc2 (0x043f2123) mem 0x80010000 0x00000001
core   0: 0x8000efc6 (0x0000bfe5) c.j     pc - 8
core   0: 3 0x8000efc6 (0xbfe5)
core   0: 0x8000efbe (0x00001f17) auipc   t5, 0x1
core   0: 3 0x8000efbe (0x00001f17) x30 0x8000ffbe
core   0: 0x8000efc2 (0x043f2123) sw      gp, 66(t5)
core   0: 3 0x8000efc2 (0x043f2123) mem 0x80010000 0x00000001
core   0: 0x8000efc6 (0x0000bfe5) c.j     pc - 8
core   0: 3 0x8000efc6 (0xbfe5)
core   0: 0x8000efbe (0x00001f17) auipc   t5, 0x1
core   0: 3 0x8000efbe (0x00001f17) x30 0x8000ffbe
core   0: 0x8000efc2 (0x043f2123) sw      gp, 66(t5)
core   0: 3 0x8000efc2 (0x043f2123) mem 0x80010000 0x00000001
core   0: 0x8000efc6 (0x0000bfe5) c.j     pc - 8
core   0: 3 0x8000efc6 (0xbfe5)
core   0: 0x8000efbe (0x00001f17) auipc   t5, 0x1
core   0: 3 0x8000efbe (0x00001f17) x30 0x8000ffbe
core   0: 0x8000efc2 (0x043f2123) sw      gp, 66(t5)
core   0: 3 0x8000efc2 (0x043f2123) mem 0x80010000 0x00000001
core   0: 0x8000efc6 (0x0000bfe5) c.j     pc - 8
core   0: 3 0x8000efc6 (0xbfe5)
core   0: 0x8000efbe (0x00001f17) auipc   t5, 0x1
core   0: 3 0x8000efbe (0x00001f17) x30 0x8000ffbe
core   0: 0x8000efc2 (0x043f2123) sw      gp, 66(t5)
core   0: 3 0x8000efc2 (0x043f2123) mem 0x80010000 0x00000001
core   0: 0x8000efc6 (0x0000bfe5) c.j     pc - 8
core   0: 3 0x8000efc6 (0xbfe5)
core   0: 0x8000efbe (0x00001f17) auipc   t5, 0x1
core   0: 3 0x8000efbe (0x00001f17) x30 0x8000ffbe
core   0: 0x8000efc2 (0x043f2123) sw      gp, 66(t5)
core   0: 3 0x8000efc2 (0x043f2123) mem 0x80010000 0x00000001
core   0: 0x8000efc6 (0x0000bfe5) c.j     pc - 8
core   0: 3 0x8000efc6 (0xbfe5)
core   0: 0x8000efbe (0x00001f17) auipc   t5, 0x1
core   0: 3 0x8000efbe (0x00001f17) x30 0x8000ffbe
core   0: 0x8000efc2 (0x043f2123) sw      gp, 66(t5)
core   0: 3 0x8000efc2 (0x043f2123) mem 0x80010000 0x00000001
core   0: 0x8000efc6 (0x0000bfe5) c.j     pc - 8
core   0: 3 0x8000efc6 (0xbfe5)
core   0: 0x8000efbe (0x00001f17) auipc   t5, 0x1
core   0: 3 0x8000efbe (0x00001f17) x30 0x8000ffbe
core   0: 0x8000efc2 (0x043f2123) sw      gp, 66(t5)
core   0: 3 0x8000efc2 (0x043f2123) mem 0x80010000 0x00000001
core   0: 0x8000efc6 (0x0000bfe5) c.j     pc - 8
core   0: 3 0x8000efc6 (0xbfe5)
core   0: 0x8000efbe (0x00001f17) auipc   t5, 0x1
core   0: 3 0x8000efbe (0x00001f17) x30 0x8000ffbe
core   0: 0x8000efc2 (0x043f2123) sw      gp, 66(t5)
core   0: 3 0x8000efc2 (0x043f2123) mem 0x80010000 0x00000001
core   0: 0x8000efc6 (0x0000bfe5) c.j     pc - 8
core   0: 3 0x8000efc6 (0xbfe5)
core   0: 0x8000efbe (0x00001f17) auipc   t5, 0x1
core   0: 3 0x8000efbe (0x00001f17) x30 0x8000ffbe
core   0: 0x8000efc2 (0x043f2123) sw      gp, 66(t5)
core   0: 3 0x8000efc2 (0x043f2123) mem 0x80010000 0x00000001
core   0: 0x8000efc6 (0x0000bfe5) c.j     pc - 8
core   0: 3 0x8000efc6 (0xbfe5)
core   0: 0x8000efbe (0x00001f17) auipc   t5, 0x1
core   0: 3 0x8000efbe (0x00001f17) x30 0x8000ffbe
core   0: 0x8000efc2 (0x043f2123) sw      gp, 66(t5)
core   0: 3 0x8000efc2 (0x043f2123) mem 0x80010000 0x00000001
core   0: 0x8000efc6 (0x0000bfe5) c.j     pc - 8
core   0: 3 0x8000efc6 (0xbfe5)
core   0: 0x8000efbe (0x00001f17) auipc   t5, 0x1
core   0: 3 0x8000efbe (0x00001f17) x30 0x8000ffbe
core   0: 0x8000efc2 (0x043f2123) sw      gp, 66(t5)
core   0: 3 0x8000efc2 (0x043f2123) mem 0x80010000 0x00000001
core   0: 0x8000efc6 (0x0000bfe5) c.j     pc - 8
core   0: 3 0x8000efc6 (0xbfe5)
core   0: 0x8000efbe (0x00001f17) auipc   t5, 0x1
core   0: 3 0x8000efbe (0x00001f17) x30 0x8000ffbe
core   0: 0x8000efc2 (0x043f2123) sw      gp, 66(t5)
core   0: 3 0x8000efc2 (0x043f2123) mem 0x80010000 0x00000001
core   0: 0x8000efc6 (0x0000bfe5) c.j     pc - 8
core   0: 3 0x8000efc6 (0xbfe5)
core   0: 0x8000efbe (0x00001f17) auipc   t5, 0x1
core   0: 3 0x8000efbe (0x00001f17) x30 0x8000ffbe
core   0: 0x8000efc2 (0x043f2123) sw      gp, 66(t5)
core   0: 3 0x8000efc2 (0x043f2123) mem 0x80010000 0x00000001
core   0: 0x8000efc6 (0x0000bfe5) c.j     pc - 8
core   0: 3 0x8000efc6 (0xbfe5)
core   0: 0x8000efbe (0x00001f17) auipc   t5, 0x1
core   0: 3 0x8000efbe (0x00001f17) x30 0x8000ffbe
core   0: 0x8000efc2 (0x043f2123) sw      gp, 66(t5)
core   0: 3 0x8000efc2 (0x043f2123) mem 0x80010000 0x00000001
core   0: 0x8000efc6 (0x0000bfe5) c.j     pc - 8
core   0: 3 0x8000efc6 (0xbfe5)
core   0: 0x8000efbe (0x00001f17) auipc   t5, 0x1
core   0: 3 0x8000efbe (0x00001f17) x30 0x8000ffbe
core   0: 0x8000efc2 (0x043f2123) sw      gp, 66(t5)
core   0: 3 0x8000efc2 (0x043f2123) mem 0x80010000 0x00000001
core   0: 0x8000efc6 (0x0000bfe5) c.j     pc - 8
core   0: 3 0x8000efc6 (0xbfe5)
core   0: 0x8000efbe (0x00001f17) auipc   t5, 0x1
core   0: 3 0x8000efbe (0x00001f17) x30 0x8000ffbe
core   0: 0x8000efc2 (0x043f2123) sw      gp, 66(t5)
core   0: 3 0x8000efc2 (0x043f2123) mem 0x80010000 0x00000001
core   0: 0x8000efc6 (0x0000bfe5) c.j     pc - 8
core   0: 3 0x8000efc6 (0xbfe5)
core   0: 0x8000efbe (0x00001f17) auipc   t5, 0x1
core   0: 3 0x8000efbe (0x00001f17) x30 0x8000ffbe
core   0: 0x8000efc2 (0x043f2123) sw      gp, 66(t5)
core   0: 3 0x8000efc2 (0x043f2123) mem 0x80010000 0x00000001
core   0: 0x8000efc6 (0x0000bfe5) c.j     pc - 8
core   0: 3 0x8000efc6 (0xbfe5)
core   0: 0x8000efbe (0x00001f17) auipc   t5, 0x1
core   0: 3 0x8000efbe (0x00001f17) x30 0x8000ffbe
core   0: 0x8000efc2 (0x043f2123) sw      gp, 66(t5)
core   0: 3 0x8000efc2 (0x043f2123) mem 0x80010000 0x00000001
core   0: 0x8000efc6 (0x0000bfe5) c.j     pc - 8
core   0: 3 0x8000efc6 (0xbfe5)
core   0: 0x8000efbe (0x00001f17) auipc   t5, 0x1
core   0: 3 0x8000efbe (0x00001f17) x30 0x8000ffbe
core   0: 0x8000efc2 (0x043f2123) sw      gp, 66(t5)
core   0: 3 0x8000efc2 (0x043f2123) mem 0x80010000 0x00000001
core   0: 0x8000efc6 (0x0000bfe5) c.j     pc - 8
core   0: 3 0x8000efc6 (0xbfe5)
core   0: 0x8000efbe (0x00001f17) auipc   t5, 0x1
core   0: 3 0x8000efbe (0x00001f17) x30 0x8000ffbe
core   0: 0x8000efc2 (0x043f2123) sw      gp, 66(t5)
core   0: 3 0x8000efc2 (0x043f2123) mem 0x80010000 0x00000001
core   0: 0x8000efc6 (0x0000bfe5) c.j     pc - 8
core   0: 3 0x8000efc6 (0xbfe5)
core   0: 0x8000efbe (0x00001f17) auipc   t5, 0x1
core   0: 3 0x8000efbe (0x00001f17) x30 0x8000ffbe
core   0: 0x8000efc2 (0x043f2123) sw      gp, 66(t5)
core   0: 3 0x8000efc2 (0x043f2123) mem 0x80010000 0x00000001
core   0: 0x8000efc6 (0x0000bfe5) c.j     pc - 8
core   0: 3 0x8000efc6 (0xbfe5)
core   0: 0x8000efbe (0x00001f17) auipc   t5, 0x1
core   0: 3 0x8000efbe (0x00001f17) x30 0x8000ffbe
core   0: 0x8000efc2 (0x043f2123) sw      gp, 66(t5)
core   0: 3 0x8000efc2 (0x043f2123) mem 0x80010000 0x00000001
core   0: 0x8000efc6 (0x0000bfe5) c.j     pc - 8
core   0: 3 0x8000efc6 (0xbfe5)
core   0: 0x8000efbe (0x00001f17) auipc   t5, 0x1
core   0: 3 0x8000efbe (0x00001f17) x30 0x8000ffbe
core   0: 0x8000efc2 (0x043f2123) sw      gp, 66(t5)
core   0: 3 0x8000efc2 (0x043f2123) mem 0x80010000 0x00000001
core   0: 0x8000efc6 (0x0000bfe5) c.j     pc - 8
core   0: 3 0x8000efc6 (0xbfe5)
core   0: 0x8000efbe (0x00001f17) auipc   t5, 0x1
core   0: 3 0x8000efbe (0x00001f17) x30 0x8000ffbe
core   0: 0x8000efc2 (0x043f2123) sw      gp, 66(t5)
core   0: 3 0x8000efc2 (0x043f2123) mem 0x80010000 0x00000001
core   0: 0x8000efc6 (0x0000bfe5) c.j     pc - 8
core   0: 3 0x8000efc6 (0xbfe5)
core   0: 0x8000efbe (0x00001f17) auipc   t5, 0x1
core   0: 3 0x8000efbe (0x00001f17) x30 0x8000ffbe
core   0: 0x8000efc2 (0x043f2123) sw      gp, 66(t5)
core   0: 3 0x8000efc2 (0x043f2123) mem 0x80010000 0x00000001
core   0: 0x8000efc6 (0x0000bfe5) c.j     pc - 8
core   0: 3 0x8000efc6 (0xbfe5)
core   0: 0x8000efbe (0x00001f17) auipc   t5, 0x1
core   0: 3 0x8000efbe (0x00001f17) x30 0x8000ffbe
core   0: 0x8000efc2 (0x043f2123) sw      gp, 66(t5)
core   0: 3 0x8000efc2 (0x043f2123) mem 0x80010000 0x00000001
core   0: 0x8000efc6 (0x0000bfe5) c.j     pc - 8
core   0: 3 0x8000efc6 (0xbfe5)
core   0: 0x8000efbe (0x00001f17) auipc   t5, 0x1
core   0: 3 0x8000efbe (0x00001f17) x30 0x8000ffbe
core   0: 0x8000efc2 (0x043f2123) sw      gp, 66(t5)
core   0: 3 0x8000efc2 (0x043f2123) mem 0x80010000 0x00000001
core   0: 0x8000efc6 (0x0000bfe5) c.j     pc - 8
core   0: 3 0x8000efc6 (0xbfe5)
core   0: 0x8000efbe (0x00001f17) auipc   t5, 0x1
core   0: 3 0x8000efbe (0x00001f17) x30 0x8000ffbe
core   0: 0x8000efc2 (0x043f2123) sw      gp, 66(t5)
core   0: 3 0x8000efc2 (0x043f2123) mem 0x80010000 0x00000001
core   0: 0x8000efc6 (0x0000bfe5) c.j     pc - 8
core   0: 3 0x8000efc6 (0xbfe5)
core   0: 0x8000efbe (0x00001f17) auipc   t5, 0x1
core   0: 3 0x8000efbe (0x00001f17) x30 0x8000ffbe
core   0: 0x8000efc2 (0x043f2123) sw      gp, 66(t5)
core   0: 3 0x8000efc2 (0x043f2123) mem 0x80010000 0x00000001
core   0: 0x8000efc6 (0x0000bfe5) c.j     pc - 8
core   0: 3 0x8000efc6 (0xbfe5)
core   0: 0x8000efbe (0x00001f17) auipc   t5, 0x1
core   0: 3 0x8000efbe (0x00001f17) x30 0x8000ffbe
core   0: 0x8000efc2 (0x043f2123) sw      gp, 66(t5)
core   0: 3 0x8000efc2 (0x043f2123) mem 0x80010000 0x00000001
core   0: 0x8000efc6 (0x0000bfe5) c.j     pc - 8
core   0: 3 0x8000efc6 (0xbfe5)
core   0: 0x8000efbe (0x00001f17) auipc   t5, 0x1
core   0: 3 0x8000efbe (0x00001f17) x30 0x8000ffbe
core   0: 0x8000efc2 (0x043f2123) sw      gp, 66(t5)
core   0: 3 0x8000efc2 (0x043f2123) mem 0x80010000 0x00000001
core   0: 0x8000efc6 (0x0000bfe5) c.j     pc - 8
core   0: 3 0x8000efc6 (0xbfe5)
core   0: 0x8000efbe (0x00001f17) auipc   t5, 0x1
core   0: 3 0x8000efbe (0x00001f17) x30 0x8000ffbe
core   0: 0x8000efc2 (0x043f2123) sw      gp, 66(t5)
core   0: 3 0x8000efc2 (0x043f2123) mem 0x80010000 0x00000001
core   0: 0x8000efc6 (0x0000bfe5) c.j     pc - 8
core   0: 3 0x8000efc6 (0xbfe5)
core   0: 0x8000efbe (0x00001f17) auipc   t5, 0x1
core   0: 3 0x8000efbe (0x00001f17) x30 0x8000ffbe
core   0: 0x8000efc2 (0x043f2123) sw      gp, 66(t5)
core   0: 3 0x8000efc2 (0x043f2123) mem 0x80010000 0x00000001
core   0: 0x8000efc6 (0x0000bfe5) c.j     pc - 8
core   0: 3 0x8000efc6 (0xbfe5)
core   0: 0x8000efbe (0x00001f17) auipc   t5, 0x1
core   0: 3 0x8000efbe (0x00001f17) x30 0x8000ffbe
core   0: 0x8000efc2 (0x043f2123) sw      gp, 66(t5)
core   0: 3 0x8000efc2 (0x043f2123) mem 0x80010000 0x00000001
core   0: 0x8000efc6 (0x0000bfe5) c.j     pc - 8
core   0: 3 0x8000efc6 (0xbfe5)
core   0: 0x8000efbe (0x00001f17) auipc   t5, 0x1
core   0: 3 0x8000efbe (0x00001f17) x30 0x8000ffbe
core   0: 0x8000efc2 (0x043f2123) sw      gp, 66(t5)
core   0: 3 0x8000efc2 (0x043f2123) mem 0x80010000 0x00000001
core   0: 0x8000efc6 (0x0000bfe5) c.j     pc - 8
core   0: 3 0x8000efc6 (0xbfe5)
core   0: 0x8000efbe (0x00001f17) auipc   t5, 0x1
core   0: 3 0x8000efbe (0x00001f17) x30 0x8000ffbe
core   0: 0x8000efc2 (0x043f2123) sw      gp, 66(t5)
core   0: 3 0x8000efc2 (0x043f2123) mem 0x80010000 0x00000001
core   0: 0x8000efc6 (0x0000bfe5) c.j     pc - 8
core   0: 3 0x8000efc6 (0xbfe5)
core   0: 0x8000efbe (0x00001f17) auipc   t5, 0x1
core   0: 3 0x8000efbe (0x00001f17) x30 0x8000ffbe
core   0: 0x8000efc2 (0x043f2123) sw      gp, 66(t5)
core   0: 3 0x8000efc2 (0x043f2123) mem 0x80010000 0x00000001
core   0: 0x8000efc6 (0x0000bfe5) c.j     pc - 8
core   0: 3 0x8000efc6 (0xbfe5)
core   0: 0x8000efbe (0x00001f17) auipc   t5, 0x1
core   0: 3 0x8000efbe (0x00001f17) x30 0x8000ffbe
core   0: 0x8000efc2 (0x043f2123) sw      gp, 66(t5)
core   0: 3 0x8000efc2 (0x043f2123) mem 0x80010000 0x00000001
core   0: 0x8000efc6 (0x0000bfe5) c.j     pc - 8
core   0: 3 0x8000efc6 (0xbfe5)
core   0: 0x8000efbe (0x00001f17) auipc   t5, 0x1
core   0: 3 0x8000efbe (0x00001f17) x30 0x8000ffbe
core   0: 0x8000efc2 (0x043f2123) sw      gp, 66(t5)
core   0: 3 0x8000efc2 (0x043f2123) mem 0x80010000 0x00000001
core   0: 0x8000efc6 (0x0000bfe5) c.j     pc - 8
core   0: 3 0x8000efc6 (0xbfe5)
core   0: 0x8000efbe (0x00001f17) auipc   t5, 0x1
core   0: 3 0x8000efbe (0x00001f17) x30 0x8000ffbe
core   0: 0x8000efc2 (0x043f2123) sw      gp, 66(t5)
core   0: 3 0x8000efc2 (0x043f2123) mem 0x80010000 0x00000001
core   0: 0x8000efc6 (0x0000bfe5) c.j     pc - 8
core   0: 3 0x8000efc6 (0xbfe5)
core   0: 0x8000efbe (0x00001f17) auipc   t5, 0x1
core   0: 3 0x8000efbe (0x00001f17) x30 0x8000ffbe
core   0: 0x8000efc2 (0x043f2123) sw      gp, 66(t5)
core   0: 3 0x8000efc2 (0x043f2123) mem 0x80010000 0x00000001
core   0: 0x8000efc6 (0x0000bfe5) c.j     pc - 8
core   0: 3 0x8000efc6 (0xbfe5)
core   0: 0x8000efbe (0x00001f17) auipc   t5, 0x1
core   0: 3 0x8000efbe (0x00001f17) x30 0x8000ffbe
core   0: 0x8000efc2 (0x043f2123) sw      gp, 66(t5)
core   0: 3 0x8000efc2 (0x043f2123) mem 0x80010000 0x00000001
core   0: 0x8000efc6 (0x0000bfe5) c.j     pc - 8
core   0: 3 0x8000efc6 (0xbfe5)
core   0: 0x8000efbe (0x00001f17) auipc   t5, 0x1
core   0: 3 0x8000efbe (0x00001f17) x30 0x8000ffbe
core   0: 0x8000efc2 (0x043f2123) sw      gp, 66(t5)
core   0: 3 0x8000efc2 (0x043f2123) mem 0x80010000 0x00000001
core   0: 0x8000efc6 (0x0000bfe5) c.j     pc - 8
core   0: 3 0x8000efc6 (0xbfe5)
core   0: 0x8000efbe (0x00001f17) auipc   t5, 0x1
core   0: 3 0x8000efbe (0x00001f17) x30 0x8000ffbe
core   0: 0x8000efc2 (0x043f2123) sw      gp, 66(t5)
core   0: 3 0x8000efc2 (0x043f2123) mem 0x80010000 0x00000001
core   0: 0x8000efc6 (0x0000bfe5) c.j     pc - 8
core   0: 3 0x8000efc6 (0xbfe5)
core   0: 0x8000efbe (0x00001f17) auipc   t5, 0x1
core   0: 3 0x8000efbe (0x00001f17) x30 0x8000ffbe
core   0: 0x8000efc2 (0x043f2123) sw      gp, 66(t5)
core   0: 3 0x8000efc2 (0x043f2123) mem 0x80010000 0x00000001
core   0: 0x8000efc6 (0x0000bfe5) c.j     pc - 8
core   0: 3 0x8000efc6 (0xbfe5)
core   0: 0x8000efbe (0x00001f17) auipc   t5, 0x1
core   0: 3 0x8000efbe (0x00001f17) x30 0x8000ffbe
core   0: 0x8000efc2 (0x043f2123) sw      gp, 66(t5)
core   0: 3 0x8000efc2 (0x043f2123) mem 0x80010000 0x00000001
core   0: 0x8000efc6 (0x0000bfe5) c.j     pc - 8
core   0: 3 0x8000efc6 (0xbfe5)
core   0: 0x8000efbe (0x00001f17) auipc   t5, 0x1
core   0: 3 0x8000efbe (0x00001f17) x30 0x8000ffbe
core   0: 0x8000efc2 (0x043f2123) sw      gp, 66(t5)
core   0: 3 0x8000efc2 (0x043f2123) mem 0x80010000 0x00000001
core   0: 0x8000efc6 (0x0000bfe5) c.j     pc - 8
core   0: 3 0x8000efc6 (0xbfe5)
core   0: 0x8000efbe (0x00001f17) auipc   t5, 0x1
core   0: 3 0x8000efbe (0x00001f17) x30 0x8000ffbe
core   0: 0x8000efc2 (0x043f2123) sw      gp, 66(t5)
core   0: 3 0x8000efc2 (0x043f2123) mem 0x80010000 0x00000001
core   0: 0x8000efc6 (0x0000bfe5) c.j     pc - 8
core   0: 3 0x8000efc6 (0xbfe5)
core   0: 0x8000efbe (0x00001f17) auipc   t5, 0x1
core   0: 3 0x8000efbe (0x00001f17) x30 0x8000ffbe
core   0: 0x8000efc2 (0x043f2123) sw      gp, 66(t5)
core   0: 3 0x8000efc2 (0x043f2123) mem 0x80010000 0x00000001
core   0: 0x8000efc6 (0x0000bfe5) c.j     pc - 8
core   0: 3 0x8000efc6 (0xbfe5)
core   0: 0x8000efbe (0x00001f17) auipc   t5, 0x1
core   0: 3 0x8000efbe (0x00001f17) x30 0x8000ffbe
core   0: 0x8000efc2 (0x043f2123) sw      gp, 66(t5)
core   0: 3 0x8000efc2 (0x043f2123) mem 0x80010000 0x00000001
core   0: 0x8000efc6 (0x0000bfe5) c.j     pc - 8
core   0: 3 0x8000efc6 (0xbfe5)
core   0: 0x8000efbe (0x00001f17) auipc   t5, 0x1
core   0: 3 0x8000efbe (0x00001f17) x30 0x8000ffbe
core   0: 0x8000efc2 (0x043f2123) sw      gp, 66(t5)
core   0: 3 0x8000efc2 (0x043f2123) mem 0x80010000 0x00000001
core   0: 0x8000efc6 (0x0000bfe5) c.j     pc - 8
core   0: 3 0x8000efc6 (0xbfe5)
core   0: 0x8000efbe (0x00001f17) auipc   t5, 0x1
core   0: 3 0x8000efbe (0x00001f17) x30 0x8000ffbe
core   0: 0x8000efc2 (0x043f2123) sw      gp, 66(t5)
core   0: 3 0x8000efc2 (0x043f2123) mem 0x80010000 0x00000001
core   0: 0x8000efc6 (0x0000bfe5) c.j     pc - 8
core   0: 3 0x8000efc6 (0xbfe5)
core   0: 0x8000efbe (0x00001f17) auipc   t5, 0x1
core   0: 3 0x8000efbe (0x00001f17) x30 0x8000ffbe
core   0: 0x8000efc2 (0x043f2123) sw      gp, 66(t5)
core   0: 3 0x8000efc2 (0x043f2123) mem 0x80010000 0x00000001
core   0: 0x8000efc6 (0x0000bfe5) c.j     pc - 8
core   0: 3 0x8000efc6 (0xbfe5)
core   0: 0x8000efbe (0x00001f17) auipc   t5, 0x1
core   0: 3 0x8000efbe (0x00001f17) x30 0x8000ffbe
core   0: 0x8000efc2 (0x043f2123) sw      gp, 66(t5)
core   0: 3 0x8000efc2 (0x043f2123) mem 0x80010000 0x00000001
core   0: 0x8000efc6 (0x0000bfe5) c.j     pc - 8
core   0: 3 0x8000efc6 (0xbfe5)
core   0: 0x8000efbe (0x00001f17) auipc   t5, 0x1
core   0: 3 0x8000efbe (0x00001f17) x30 0x8000ffbe
core   0: 0x8000efc2 (0x043f2123) sw      gp, 66(t5)
core   0: 3 0x8000efc2 (0x043f2123) mem 0x80010000 0x00000001
core   0: 0x8000efc6 (0x0000bfe5) c.j     pc - 8
core   0: 3 0x8000efc6 (0xbfe5)
core   0: 0x8000efbe (0x00001f17) auipc   t5, 0x1
core   0: 3 0x8000efbe (0x00001f17) x30 0x8000ffbe
core   0: 0x8000efc2 (0x043f2123) sw      gp, 66(t5)
core   0: 3 0x8000efc2 (0x043f2123) mem 0x80010000 0x00000001
core   0: 0x8000efc6 (0x0000bfe5) c.j     pc - 8
core   0: 3 0x8000efc6 (0xbfe5)
core   0: 0x8000efbe (0x00001f17) auipc   t5, 0x1
core   0: 3 0x8000efbe (0x00001f17) x30 0x8000ffbe
core   0: 0x8000efc2 (0x043f2123) sw      gp, 66(t5)
core   0: 3 0x8000efc2 (0x043f2123) mem 0x80010000 0x00000001
core   0: 0x8000efc6 (0x0000bfe5) c.j     pc - 8
core   0: 3 0x8000efc6 (0xbfe5)
core   0: 0x8000efbe (0x00001f17) auipc   t5, 0x1
core   0: 3 0x8000efbe (0x00001f17) x30 0x8000ffbe
core   0: 0x8000efc2 (0x043f2123) sw      gp, 66(t5)
core   0: 3 0x8000efc2 (0x043f2123) mem 0x80010000 0x00000001
core   0: 0x8000efc6 (0x0000bfe5) c.j     pc - 8
core   0: 3 0x8000efc6 (0xbfe5)
core   0: 0x8000efbe (0x00001f17) auipc   t5, 0x1
core   0: 3 0x8000efbe (0x00001f17) x30 0x8000ffbe
core   0: 0x8000efc2 (0x043f2123) sw      gp, 66(t5)
core   0: 3 0x8000efc2 (0x043f2123) mem 0x80010000 0x00000001
core   0: 0x8000efc6 (0x0000bfe5) c.j     pc - 8
core   0: 3 0x8000efc6 (0xbfe5)
core   0: 0x8000efbe (0x00001f17) auipc   t5, 0x1
core   0: 3 0x8000efbe (0x00001f17) x30 0x8000ffbe
core   0: 0x8000efc2 (0x043f2123) sw      gp, 66(t5)
core   0: 3 0x8000efc2 (0x043f2123) mem 0x80010000 0x00000001
core   0: 0x8000efc6 (0x0000bfe5) c.j     pc - 8
core   0: 3 0x8000efc6 (0xbfe5)
core   0: 0x8000efbe (0x00001f17) auipc   t5, 0x1
core   0: 3 0x8000efbe (0x00001f17) x30 0x8000ffbe
core   0: 0x8000efc2 (0x043f2123) sw      gp, 66(t5)
core   0: 3 0x8000efc2 (0x043f2123) mem 0x80010000 0x00000001
core   0: 0x8000efc6 (0x0000bfe5) c.j     pc - 8
core   0: 3 0x8000efc6 (0xbfe5)
core   0: 0x8000efbe (0x00001f17) auipc   t5, 0x1
core   0: 3 0x8000efbe (0x00001f17) x30 0x8000ffbe
core   0: 0x8000efc2 (0x043f2123) sw      gp, 66(t5)
core   0: 3 0x8000efc2 (0x043f2123) mem 0x80010000 0x00000001
core   0: 0x8000efc6 (0x0000bfe5) c.j     pc - 8
core   0: 3 0x8000efc6 (0xbfe5)
core   0: 0x8000efbe (0x00001f17) auipc   t5, 0x1
core   0: 3 0x8000efbe (0x00001f17) x30 0x8000ffbe
core   0: 0x8000efc2 (0x043f2123) sw      gp, 66(t5)
core   0: 3 0x8000efc2 (0x043f2123) mem 0x80010000 0x00000001
core   0: 0x8000efc6 (0x0000bfe5) c.j     pc - 8
core   0: 3 0x8000efc6 (0xbfe5)
core   0: 0x8000efbe (0x00001f17) auipc   t5, 0x1
core   0: 3 0x8000efbe (0x00001f17) x30 0x8000ffbe
core   0: 0x8000efc2 (0x043f2123) sw      gp, 66(t5)
core   0: 3 0x8000efc2 (0x043f2123) mem 0x80010000 0x00000001
core   0: 0x8000efc6 (0x0000bfe5) c.j     pc - 8
core   0: 3 0x8000efc6 (0xbfe5)
core   0: 0x8000efbe (0x00001f17) auipc   t5, 0x1
core   0: 3 0x8000efbe (0x00001f17) x30 0x8000ffbe
core   0: 0x8000efc2 (0x043f2123) sw      gp, 66(t5)
core   0: 3 0x8000efc2 (0x043f2123) mem 0x80010000 0x00000001
core   0: 0x8000efc6 (0x0000bfe5) c.j     pc - 8
core   0: 3 0x8000efc6 (0xbfe5)
core   0: 0x8000efbe (0x00001f17) auipc   t5, 0x1
core   0: 3 0x8000efbe (0x00001f17) x30 0x8000ffbe
core   0: 0x8000efc2 (0x043f2123) sw      gp, 66(t5)
core   0: 3 0x8000efc2 (0x043f2123) mem 0x80010000 0x00000001
core   0: 0x8000efc6 (0x0000bfe5) c.j     pc - 8
core   0: 3 0x8000efc6 (0xbfe5)
core   0: 0x8000efbe (0x00001f17) auipc   t5, 0x1
core   0: 3 0x8000efbe (0x00001f17) x30 0x8000ffbe
core   0: 0x8000efc2 (0x043f2123) sw      gp, 66(t5)
core   0: 3 0x8000efc2 (0x043f2123) mem 0x80010000 0x00000001
core   0: 0x8000efc6 (0x0000bfe5) c.j     pc - 8
core   0: 3 0x8000efc6 (0xbfe5)
core   0: 0x8000efbe (0x00001f17) auipc   t5, 0x1
core   0: 3 0x8000efbe (0x00001f17) x30 0x8000ffbe
core   0: 0x8000efc2 (0x043f2123) sw      gp, 66(t5)
core   0: 3 0x8000efc2 (0x043f2123) mem 0x80010000 0x00000001
core   0: 0x8000efc6 (0x0000bfe5) c.j     pc - 8
core   0: 3 0x8000efc6 (0xbfe5)
core   0: 0x8000efbe (0x00001f17) auipc   t5, 0x1
core   0: 3 0x8000efbe (0x00001f17) x30 0x8000ffbe
core   0: 0x8000efc2 (0x043f2123) sw      gp, 66(t5)
core   0: 3 0x8000efc2 (0x043f2123) mem 0x80010000 0x00000001
core   0: 0x8000efc6 (0x0000bfe5) c.j     pc - 8
core   0: 3 0x8000efc6 (0xbfe5)
core   0: 0x8000efbe (0x00001f17) auipc   t5, 0x1
core   0: 3 0x8000efbe (0x00001f17) x30 0x8000ffbe
core   0: 0x8000efc2 (0x043f2123) sw      gp, 66(t5)
core   0: 3 0x8000efc2 (0x043f2123) mem 0x80010000 0x00000001
core   0: 0x8000efc6 (0x0000bfe5) c.j     pc - 8
core   0: 3 0x8000efc6 (0xbfe5)
core   0: 0x8000efbe (0x00001f17) auipc   t5, 0x1
core   0: 3 0x8000efbe (0x00001f17) x30 0x8000ffbe
core   0: 0x8000efc2 (0x043f2123) sw      gp, 66(t5)
core   0: 3 0x8000efc2 (0x043f2123) mem 0x80010000 0x00000001
core   0: 0x8000efc6 (0x0000bfe5) c.j     pc - 8
core   0: 3 0x8000efc6 (0xbfe5)
core   0: 0x8000efbe (0x00001f17) auipc   t5, 0x1
core   0: 3 0x8000efbe (0x00001f17) x30 0x8000ffbe
core   0: 0x8000efc2 (0x043f2123) sw      gp, 66(t5)
core   0: 3 0x8000efc2 (0x043f2123) mem 0x80010000 0x00000001
core   0: 0x8000efc6 (0x0000bfe5) c.j     pc - 8
core   0: 3 0x8000efc6 (0xbfe5)
core   0: 0x8000efbe (0x00001f17) auipc   t5, 0x1
core   0: 3 0x8000efbe (0x00001f17) x30 0x8000ffbe
core   0: 0x8000efc2 (0x043f2123) sw      gp, 66(t5)
core   0: 3 0x8000efc2 (0x043f2123) mem 0x80010000 0x00000001
core   0: 0x8000efc6 (0x0000bfe5) c.j     pc - 8
core   0: 3 0x8000efc6 (0xbfe5)
core   0: 0x8000efbe (0x00001f17) auipc   t5, 0x1
core   0: 3 0x8000efbe (0x00001f17) x30 0x8000ffbe
core   0: 0x8000efc2 (0x043f2123) sw      gp, 66(t5)
core   0: 3 0x8000efc2 (0x043f2123) mem 0x80010000 0x00000001
core   0: 0x8000efc6 (0x0000bfe5) c.j     pc - 8
core   0: 3 0x8000efc6 (0xbfe5)
core   0: 0x8000efbe (0x00001f17) auipc   t5, 0x1
core   0: 3 0x8000efbe (0x00001f17) x30 0x8000ffbe
core   0: 0x8000efc2 (0x043f2123) sw      gp, 66(t5)
core   0: 3 0x8000efc2 (0x043f2123) mem 0x80010000 0x00000001
core   0: 0x8000efc6 (0x0000bfe5) c.j     pc - 8
core   0: 3 0x8000efc6 (0xbfe5)
core   0: 0x8000efbe (0x00001f17) auipc   t5, 0x1
core   0: 3 0x8000efbe (0x00001f17) x30 0x8000ffbe
core   0: 0x8000efc2 (0x043f2123) sw      gp, 66(t5)
core   0: 3 0x8000efc2 (0x043f2123) mem 0x80010000 0x00000001
core   0: 0x8000efc6 (0x0000bfe5) c.j     pc - 8
core   0: 3 0x8000efc6 (0xbfe5)
core   0: 0x8000efbe (0x00001f17) auipc   t5, 0x1
core   0: 3 0x8000efbe (0x00001f17) x30 0x8000ffbe
core   0: 0x8000efc2 (0x043f2123) sw      gp, 66(t5)
core   0: 3 0x8000efc2 (0x043f2123) mem 0x80010000 0x00000001
core   0: 0x8000efc6 (0x0000bfe5) c.j     pc - 8
core   0: 3 0x8000efc6 (0xbfe5)
core   0: 0x8000efbe (0x00001f17) auipc   t5, 0x1
core   0: 3 0x8000efbe (0x00001f17) x30 0x8000ffbe
core   0: 0x8000efc2 (0x043f2123) sw      gp, 66(t5)
core   0: 3 0x8000efc2 (0x043f2123) mem 0x80010000 0x00000001
core   0: 0x8000efc6 (0x0000bfe5) c.j     pc - 8
core   0: 3 0x8000efc6 (0xbfe5)
core   0: 0x8000efbe (0x00001f17) auipc   t5, 0x1
core   0: 3 0x8000efbe (0x00001f17) x30 0x8000ffbe
core   0: 0x8000efc2 (0x043f2123) sw      gp, 66(t5)
core   0: 3 0x8000efc2 (0x043f2123) mem 0x80010000 0x00000001
core   0: 0x8000efc6 (0x0000bfe5) c.j     pc - 8
core   0: 3 0x8000efc6 (0xbfe5)
core   0: 0x8000efbe (0x00001f17) auipc   t5, 0x1
core   0: 3 0x8000efbe (0x00001f17) x30 0x8000ffbe
core   0: 0x8000efc2 (0x043f2123) sw      gp, 66(t5)
core   0: 3 0x8000efc2 (0x043f2123) mem 0x80010000 0x00000001
core   0: 0x8000efc6 (0x0000bfe5) c.j     pc - 8
core   0: 3 0x8000efc6 (0xbfe5)
core   0: 0x8000efbe (0x00001f17) auipc   t5, 0x1
core   0: 3 0x8000efbe (0x00001f17) x30 0x8000ffbe
core   0: 0x8000efc2 (0x043f2123) sw      gp, 66(t5)
core   0: 3 0x8000efc2 (0x043f2123) mem 0x80010000 0x00000001
core   0: 0x8000efc6 (0x0000bfe5) c.j     pc - 8
core   0: 3 0x8000efc6 (0xbfe5)
core   0: 0x8000efbe (0x00001f17) auipc   t5, 0x1
core   0: 3 0x8000efbe (0x00001f17) x30 0x8000ffbe
core   0: 0x8000efc2 (0x043f2123) sw      gp, 66(t5)
core   0: 3 0x8000efc2 (0x043f2123) mem 0x80010000 0x00000001
core   0: 0x8000efc6 (0x0000bfe5) c.j     pc - 8
core   0: 3 0x8000efc6 (0xbfe5)
core   0: 0x8000efbe (0x00001f17) auipc   t5, 0x1
core   0: 3 0x8000efbe (0x00001f17) x30 0x8000ffbe
core   0: 0x8000efc2 (0x043f2123) sw      gp, 66(t5)
core   0: 3 0x8000efc2 (0x043f2123) mem 0x80010000 0x00000001
core   0: 0x8000efc6 (0x0000bfe5) c.j     pc - 8
core   0: 3 0x8000efc6 (0xbfe5)
core   0: 0x8000efbe (0x00001f17) auipc   t5, 0x1
core   0: 3 0x8000efbe (0x00001f17) x30 0x8000ffbe
core   0: 0x8000efc2 (0x043f2123) sw      gp, 66(t5)
core   0: 3 0x8000efc2 (0x043f2123) mem 0x80010000 0x00000001
core   0: 0x8000efc6 (0x0000bfe5) c.j     pc - 8
core   0: 3 0x8000efc6 (0xbfe5)
core   0: 0x8000efbe (0x00001f17) auipc   t5, 0x1
core   0: 3 0x8000efbe (0x00001f17) x30 0x8000ffbe
core   0: 0x8000efc2 (0x043f2123) sw      gp, 66(t5)
core   0: 3 0x8000efc2 (0x043f2123) mem 0x80010000 0x00000001
core   0: 0x8000efc6 (0x0000bfe5) c.j     pc - 8
core   0: 3 0x8000efc6 (0xbfe5)
core   0: 0x8000efbe (0x00001f17) auipc   t5, 0x1
core   0: 3 0x8000efbe (0x00001f17) x30 0x8000ffbe
core   0: 0x8000efc2 (0x043f2123) sw      gp, 66(t5)
core   0: 3 0x8000efc2 (0x043f2123) mem 0x80010000 0x00000001
core   0: 0x8000efc6 (0x0000bfe5) c.j     pc - 8
core   0: 3 0x8000efc6 (0xbfe5)
core   0: 0x8000efbe (0x00001f17) auipc   t5, 0x1
core   0: 3 0x8000efbe (0x00001f17) x30 0x8000ffbe
core   0: 0x8000efc2 (0x043f2123) sw      gp, 66(t5)
core   0: 3 0x8000efc2 (0x043f2123) mem 0x80010000 0x00000001
core   0: 0x8000efc6 (0x0000bfe5) c.j     pc - 8
core   0: 3 0x8000efc6 (0xbfe5)
core   0: 0x8000efbe (0x00001f17) auipc   t5, 0x1
core   0: 3 0x8000efbe (0x00001f17) x30 0x8000ffbe
core   0: 0x8000efc2 (0x043f2123) sw      gp, 66(t5)
core   0: 3 0x8000efc2 (0x043f2123) mem 0x80010000 0x00000001
core   0: 0x8000efc6 (0x0000bfe5) c.j     pc - 8
core   0: 3 0x8000efc6 (0xbfe5)
core   0: 0x8000efbe (0x00001f17) auipc   t5, 0x1
core   0: 3 0x8000efbe (0x00001f17) x30 0x8000ffbe
core   0: 0x8000efc2 (0x043f2123) sw      gp, 66(t5)
core   0: 3 0x8000efc2 (0x043f2123) mem 0x80010000 0x00000001
core   0: 0x8000efc6 (0x0000bfe5) c.j     pc - 8
core   0: 3 0x8000efc6 (0xbfe5)
core   0: 0x8000efbe (0x00001f17) auipc   t5, 0x1
core   0: 3 0x8000efbe (0x00001f17) x30 0x8000ffbe
core   0: 0x8000efc2 (0x043f2123) sw      gp, 66(t5)
core   0: 3 0x8000efc2 (0x043f2123) mem 0x80010000 0x00000001
core   0: 0x8000efc6 (0x0000bfe5) c.j     pc - 8
core   0: 3 0x8000efc6 (0xbfe5)
core   0: 0x8000efbe (0x00001f17) auipc   t5, 0x1
core   0: 3 0x8000efbe (0x00001f17) x30 0x8000ffbe
core   0: 0x8000efc2 (0x043f2123) sw      gp, 66(t5)
core   0: 3 0x8000efc2 (0x043f2123) mem 0x80010000 0x00000001
core   0: 0x8000efc6 (0x0000bfe5) c.j     pc - 8
core   0: 3 0x8000efc6 (0xbfe5)
core   0: 0x8000efbe (0x00001f17) auipc   t5, 0x1
core   0: 3 0x8000efbe (0x00001f17) x30 0x8000ffbe
core   0: 0x8000efc2 (0x043f2123) sw      gp, 66(t5)
core   0: 3 0x8000efc2 (0x043f2123) mem 0x80010000 0x00000001
core   0: 0x8000efc6 (0x0000bfe5) c.j     pc - 8
core   0: 3 0x8000efc6 (0xbfe5)
core   0: 0x8000efbe (0x00001f17) auipc   t5, 0x1
core   0: 3 0x8000efbe (0x00001f17) x30 0x8000ffbe
core   0: 0x8000efc2 (0x043f2123) sw      gp, 66(t5)
core   0: 3 0x8000efc2 (0x043f2123) mem 0x80010000 0x00000001
core   0: 0x8000efc6 (0x0000bfe5) c.j     pc - 8
core   0: 3 0x8000efc6 (0xbfe5)
core   0: 0x8000efbe (0x00001f17) auipc   t5, 0x1
core   0: 3 0x8000efbe (0x00001f17) x30 0x8000ffbe
core   0: 0x8000efc2 (0x043f2123) sw      gp, 66(t5)
core   0: 3 0x8000efc2 (0x043f2123) mem 0x80010000 0x00000001
core   0: 0x8000efc6 (0x0000bfe5) c.j     pc - 8
core   0: 3 0x8000efc6 (0xbfe5)
core   0: 0x8000efbe (0x00001f17) auipc   t5, 0x1
core   0: 3 0x8000efbe (0x00001f17) x30 0x8000ffbe
core   0: 0x8000efc2 (0x043f2123) sw      gp, 66(t5)
core   0: 3 0x8000efc2 (0x043f2123) mem 0x80010000 0x00000001
core   0: 0x8000efc6 (0x0000bfe5) c.j     pc - 8
core   0: 3 0x8000efc6 (0xbfe5)
core   0: 0x8000efbe (0x00001f17) auipc   t5, 0x1
core   0: 3 0x8000efbe (0x00001f17) x30 0x8000ffbe
core   0: 0x8000efc2 (0x043f2123) sw      gp, 66(t5)
core   0: 3 0x8000efc2 (0x043f2123) mem 0x80010000 0x00000001
core   0: 0x8000efc6 (0x0000bfe5) c.j     pc - 8
core   0: 3 0x8000efc6 (0xbfe5)
core   0: 0x8000efbe (0x00001f17) auipc   t5, 0x1
core   0: 3 0x8000efbe (0x00001f17) x30 0x8000ffbe
core   0: 0x8000efc2 (0x043f2123) sw      gp, 66(t5)
core   0: 3 0x8000efc2 (0x043f2123) mem 0x80010000 0x00000001
core   0: 0x8000efc6 (0x0000bfe5) c.j     pc - 8
core   0: 3 0x8000efc6 (0xbfe5)
core   0: 0x8000efbe (0x00001f17) auipc   t5, 0x1
core   0: 3 0x8000efbe (0x00001f17) x30 0x8000ffbe
core   0: 0x8000efc2 (0x043f2123) sw      gp, 66(t5)
core   0: 3 0x8000efc2 (0x043f2123) mem 0x80010000 0x00000001
core   0: 0x8000efc6 (0x0000bfe5) c.j     pc - 8
core   0: 3 0x8000efc6 (0xbfe5)
core   0: 0x8000efbe (0x00001f17) auipc   t5, 0x1
core   0: 3 0x8000efbe (0x00001f17) x30 0x8000ffbe
core   0: 0x8000efc2 (0x043f2123) sw      gp, 66(t5)
core   0: 3 0x8000efc2 (0x043f2123) mem 0x80010000 0x00000001
core   0: 0x8000efc6 (0x0000bfe5) c.j     pc - 8
core   0: 3 0x8000efc6 (0xbfe5)
core   0: 0x8000efbe (0x00001f17) auipc   t5, 0x1
core   0: 3 0x8000efbe (0x00001f17) x30 0x8000ffbe
core   0: 0x8000efc2 (0x043f2123) sw      gp, 66(t5)
core   0: 3 0x8000efc2 (0x043f2123) mem 0x80010000 0x00000001
core   0: 0x8000efc6 (0x0000bfe5) c.j     pc - 8
core   0: 3 0x8000efc6 (0xbfe5)
core   0: 0x8000efbe (0x00001f17) auipc   t5, 0x1
core   0: 3 0x8000efbe (0x00001f17) x30 0x8000ffbe
core   0: 0x8000efc2 (0x043f2123) sw      gp, 66(t5)
core   0: 3 0x8000efc2 (0x043f2123) mem 0x80010000 0x00000001
core   0: 0x8000efc6 (0x0000bfe5) c.j     pc - 8
core   0: 3 0x8000efc6 (0xbfe5)
core   0: 0x8000efbe (0x00001f17) auipc   t5, 0x1
core   0: 3 0x8000efbe (0x00001f17) x30 0x8000ffbe
core   0: 0x8000efc2 (0x043f2123) sw      gp, 66(t5)
core   0: 3 0x8000efc2 (0x043f2123) mem 0x80010000 0x00000001
core   0: 0x8000efc6 (0x0000bfe5) c.j     pc - 8
core   0: 3 0x8000efc6 (0xbfe5)
core   0: 0x8000efbe (0x00001f17) auipc   t5, 0x1
core   0: 3 0x8000efbe (0x00001f17) x30 0x8000ffbe
core   0: 0x8000efc2 (0x043f2123) sw      gp, 66(t5)
core   0: 3 0x8000efc2 (0x043f2123) mem 0x80010000 0x00000001
core   0: 0x8000efc6 (0x0000bfe5) c.j     pc - 8
core   0: 3 0x8000efc6 (0xbfe5)
core   0: 0x8000efbe (0x00001f17) auipc   t5, 0x1
core   0: 3 0x8000efbe (0x00001f17) x30 0x8000ffbe
core   0: 0x8000efc2 (0x043f2123) sw      gp, 66(t5)
core   0: 3 0x8000efc2 (0x043f2123) mem 0x80010000 0x00000001
core   0: 0x8000efc6 (0x0000bfe5) c.j     pc - 8
core   0: 3 0x8000efc6 (0xbfe5)
core   0: 0x8000efbe (0x00001f17) auipc   t5, 0x1
core   0: 3 0x8000efbe (0x00001f17) x30 0x8000ffbe
core   0: 0x8000efc2 (0x043f2123) sw      gp, 66(t5)
core   0: 3 0x8000efc2 (0x043f2123) mem 0x80010000 0x00000001
core   0: 0x8000efc6 (0x0000bfe5) c.j     pc - 8
core   0: 3 0x8000efc6 (0xbfe5)
core   0: 0x8000efbe (0x00001f17) auipc   t5, 0x1
core   0: 3 0x8000efbe (0x00001f17) x30 0x8000ffbe
core   0: 0x8000efc2 (0x043f2123) sw      gp, 66(t5)
core   0: 3 0x8000efc2 (0x043f2123) mem 0x80010000 0x00000001
core   0: 0x8000efc6 (0x0000bfe5) c.j     pc - 8
core   0: 3 0x8000efc6 (0xbfe5)
core   0: 0x8000efbe (0x00001f17) auipc   t5, 0x1
core   0: 3 0x8000efbe (0x00001f17) x30 0x8000ffbe
core   0: 0x8000efc2 (0x043f2123) sw      gp, 66(t5)
core   0: 3 0x8000efc2 (0x043f2123) mem 0x80010000 0x00000001
core   0: 0x8000efc6 (0x0000bfe5) c.j     pc - 8
core   0: 3 0x8000efc6 (0xbfe5)
core   0: 0x8000efbe (0x00001f17) auipc   t5, 0x1
core   0: 3 0x8000efbe (0x00001f17) x30 0x8000ffbe
core   0: 0x8000efc2 (0x043f2123) sw      gp, 66(t5)
core   0: 3 0x8000efc2 (0x043f2123) mem 0x80010000 0x00000001
core   0: 0x8000efc6 (0x0000bfe5) c.j     pc - 8
core   0: 3 0x8000efc6 (0xbfe5)
core   0: 0x8000efbe (0x00001f17) auipc   t5, 0x1
core   0: 3 0x8000efbe (0x00001f17) x30 0x8000ffbe
core   0: 0x8000efc2 (0x043f2123) sw      gp, 66(t5)
core   0: 3 0x8000efc2 (0x043f2123) mem 0x80010000 0x00000001
core   0: 0x8000efc6 (0x0000bfe5) c.j     pc - 8
core   0: 3 0x8000efc6 (0xbfe5)
core   0: 0x8000efbe (0x00001f17) auipc   t5, 0x1
core   0: 3 0x8000efbe (0x00001f17) x30 0x8000ffbe
core   0: 0x8000efc2 (0x043f2123) sw      gp, 66(t5)
core   0: 3 0x8000efc2 (0x043f2123) mem 0x80010000 0x00000001
core   0: 0x8000efc6 (0x0000bfe5) c.j     pc - 8
core   0: 3 0x8000efc6 (0xbfe5)
core   0: 0x8000efbe (0x00001f17) auipc   t5, 0x1
core   0: 3 0x8000efbe (0x00001f17) x30 0x8000ffbe
core   0: 0x8000efc2 (0x043f2123) sw      gp, 66(t5)
core   0: 3 0x8000efc2 (0x043f2123) mem 0x80010000 0x00000001
core   0: 0x8000efc6 (0x0000bfe5) c.j     pc - 8
core   0: 3 0x8000efc6 (0xbfe5)
core   0: 0x8000efbe (0x00001f17) auipc   t5, 0x1
core   0: 3 0x8000efbe (0x00001f17) x30 0x8000ffbe
core   0: 0x8000efc2 (0x043f2123) sw      gp, 66(t5)
core   0: 3 0x8000efc2 (0x043f2123) mem 0x80010000 0x00000001
core   0: 0x8000efc6 (0x0000bfe5) c.j     pc - 8
core   0: 3 0x8000efc6 (0xbfe5)
core   0: 0x8000efbe (0x00001f17) auipc   t5, 0x1
core   0: 3 0x8000efbe (0x00001f17) x30 0x8000ffbe
core   0: 0x8000efc2 (0x043f2123) sw      gp, 66(t5)
core   0: 3 0x8000efc2 (0x043f2123) mem 0x80010000 0x00000001
core   0: 0x8000efc6 (0x0000bfe5) c.j     pc - 8
core   0: 3 0x8000efc6 (0xbfe5)
core   0: 0x8000efbe (0x00001f17) auipc   t5, 0x1
core   0: 3 0x8000efbe (0x00001f17) x30 0x8000ffbe
core   0: 0x8000efc2 (0x043f2123) sw      gp, 66(t5)
core   0: 3 0x8000efc2 (0x043f2123) mem 0x80010000 0x00000001
core   0: 0x8000efc6 (0x0000bfe5) c.j     pc - 8
core   0: 3 0x8000efc6 (0xbfe5)
core   0: 0x8000efbe (0x00001f17) auipc   t5, 0x1
core   0: 3 0x8000efbe (0x00001f17) x30 0x8000ffbe
core   0: 0x8000efc2 (0x043f2123) sw      gp, 66(t5)
core   0: 3 0x8000efc2 (0x043f2123) mem 0x80010000 0x00000001
core   0: 0x8000efc6 (0x0000bfe5) c.j     pc - 8
core   0: 3 0x8000efc6 (0xbfe5)
core   0: 0x8000efbe (0x00001f17) auipc   t5, 0x1
core   0: 3 0x8000efbe (0x00001f17) x30 0x8000ffbe
core   0: 0x8000efc2 (0x043f2123) sw      gp, 66(t5)
core   0: 3 0x8000efc2 (0x043f2123) mem 0x80010000 0x00000001
core   0: 0x8000efc6 (0x0000bfe5) c.j     pc - 8
core   0: 3 0x8000efc6 (0xbfe5)
core   0: 0x8000efbe (0x00001f17) auipc   t5, 0x1
core   0: 3 0x8000efbe (0x00001f17) x30 0x8000ffbe
core   0: 0x8000efc2 (0x043f2123) sw      gp, 66(t5)
core   0: 3 0x8000efc2 (0x043f2123) mem 0x80010000 0x00000001
core   0: 0x8000efc6 (0x0000bfe5) c.j     pc - 8
core   0: 3 0x8000efc6 (0xbfe5)
core   0: 0x8000efbe (0x00001f17) auipc   t5, 0x1
core   0: 3 0x8000efbe (0x00001f17) x30 0x8000ffbe
core   0: 0x8000efc2 (0x043f2123) sw      gp, 66(t5)
core   0: 3 0x8000efc2 (0x043f2123) mem 0x80010000 0x00000001
core   0: 0x8000efc6 (0x0000bfe5) c.j     pc - 8
core   0: 3 0x8000efc6 (0xbfe5)
core   0: 0x8000efbe (0x00001f17) auipc   t5, 0x1
core   0: 3 0x8000efbe (0x00001f17) x30 0x8000ffbe
core   0: 0x8000efc2 (0x043f2123) sw      gp, 66(t5)
core   0: 3 0x8000efc2 (0x043f2123) mem 0x80010000 0x00000001
core   0: 0x8000efc6 (0x0000bfe5) c.j     pc - 8
core   0: 3 0x8000efc6 (0xbfe5)
core   0: 0x8000efbe (0x00001f17) auipc   t5, 0x1
core   0: 3 0x8000efbe (0x00001f17) x30 0x8000ffbe
core   0: 0x8000efc2 (0x043f2123) sw      gp, 66(t5)
core   0: 3 0x8000efc2 (0x043f2123) mem 0x80010000 0x00000001
core   0: 0x8000efc6 (0x0000bfe5) c.j     pc - 8
core   0: 3 0x8000efc6 (0xbfe5)
core   0: 0x8000efbe (0x00001f17) auipc   t5, 0x1
core   0: 3 0x8000efbe (0x00001f17) x30 0x8000ffbe
core   0: 0x8000efc2 (0x043f2123) sw      gp, 66(t5)
core   0: 3 0x8000efc2 (0x043f2123) mem 0x80010000 0x00000001
core   0: 0x8000efc6 (0x0000bfe5) c.j     pc - 8
core   0: 3 0x8000efc6 (0xbfe5)
core   0: 0x8000efbe (0x00001f17) auipc   t5, 0x1
core   0: 3 0x8000efbe (0x00001f17) x30 0x8000ffbe
core   0: 0x8000efc2 (0x043f2123) sw      gp, 66(t5)
core   0: 3 0x8000efc2 (0x043f2123) mem 0x80010000 0x00000001
core   0: 0x8000efc6 (0x0000bfe5) c.j     pc - 8
core   0: 3 0x8000efc6 (0xbfe5)
core   0: 0x8000efbe (0x00001f17) auipc   t5, 0x1
core   0: 3 0x8000efbe (0x00001f17) x30 0x8000ffbe
core   0: 0x8000efc2 (0x043f2123) sw      gp, 66(t5)
core   0: 3 0x8000efc2 (0x043f2123) mem 0x80010000 0x00000001
core   0: 0x8000efc6 (0x0000bfe5) c.j     pc - 8
core   0: 3 0x8000efc6 (0xbfe5)
core   0: 0x8000efbe (0x00001f17) auipc   t5, 0x1
core   0: 3 0x8000efbe (0x00001f17) x30 0x8000ffbe
core   0: 0x8000efc2 (0x043f2123) sw      gp, 66(t5)
core   0: 3 0x8000efc2 (0x043f2123) mem 0x80010000 0x00000001
core   0: 0x8000efc6 (0x0000bfe5) c.j     pc - 8
core   0: 3 0x8000efc6 (0xbfe5)
core   0: 0x8000efbe (0x00001f17) auipc   t5, 0x1
core   0: 3 0x8000efbe (0x00001f17) x30 0x8000ffbe
core   0: 0x8000efc2 (0x043f2123) sw      gp, 66(t5)
core   0: 3 0x8000efc2 (0x043f2123) mem 0x80010000 0x00000001
core   0: 0x8000efc6 (0x0000bfe5) c.j     pc - 8
core   0: 3 0x8000efc6 (0xbfe5)
core   0: 0x8000efbe (0x00001f17) auipc   t5, 0x1
core   0: 3 0x8000efbe (0x00001f17) x30 0x8000ffbe
core   0: 0x8000efc2 (0x043f2123) sw      gp, 66(t5)
core   0: 3 0x8000efc2 (0x043f2123) mem 0x80010000 0x00000001
core   0: 0x8000efc6 (0x0000bfe5) c.j     pc - 8
core   0: 3 0x8000efc6 (0xbfe5)
core   0: 0x8000efbe (0x00001f17) auipc   t5, 0x1
core   0: 3 0x8000efbe (0x00001f17) x30 0x8000ffbe
core   0: 0x8000efc2 (0x043f2123) sw      gp, 66(t5)
core   0: 3 0x8000efc2 (0x043f2123) mem 0x80010000 0x00000001
core   0: 0x8000efc6 (0x0000bfe5) c.j     pc - 8
core   0: 3 0x8000efc6 (0xbfe5)
core   0: 0x8000efbe (0x00001f17) auipc   t5, 0x1
core   0: 3 0x8000efbe (0x00001f17) x30 0x8000ffbe
core   0: 0x8000efc2 (0x043f2123) sw      gp, 66(t5)
core   0: 3 0x8000efc2 (0x043f2123) mem 0x80010000 0x00000001
core   0: 0x8000efc6 (0x0000bfe5) c.j     pc - 8
core   0: 3 0x8000efc6 (0xbfe5)
core   0: 0x8000efbe (0x00001f17) auipc   t5, 0x1
core   0: 3 0x8000efbe (0x00001f17) x30 0x8000ffbe
core   0: 0x8000efc2 (0x043f2123) sw      gp, 66(t5)
core   0: 3 0x8000efc2 (0x043f2123) mem 0x80010000 0x00000001
core   0: 0x8000efc6 (0x0000bfe5) c.j     pc - 8
core   0: 3 0x8000efc6 (0xbfe5)
core   0: 0x8000efbe (0x00001f17) auipc   t5, 0x1
core   0: 3 0x8000efbe (0x00001f17) x30 0x8000ffbe
core   0: 0x8000efc2 (0x043f2123) sw      gp, 66(t5)
core   0: 3 0x8000efc2 (0x043f2123) mem 0x80010000 0x00000001
core   0: 0x8000efc6 (0x0000bfe5) c.j     pc - 8
core   0: 3 0x8000efc6 (0xbfe5)
core   0: 0x8000efbe (0x00001f17) auipc   t5, 0x1
core   0: 3 0x8000efbe (0x00001f17) x30 0x8000ffbe
core   0: 0x8000efc2 (0x043f2123) sw      gp, 66(t5)
core   0: 3 0x8000efc2 (0x043f2123) mem 0x80010000 0x00000001
core   0: 0x8000efc6 (0x0000bfe5) c.j     pc - 8
core   0: 3 0x8000efc6 (0xbfe5)
core   0: 0x8000efbe (0x00001f17) auipc   t5, 0x1
core   0: 3 0x8000efbe (0x00001f17) x30 0x8000ffbe
core   0: 0x8000efc2 (0x043f2123) sw      gp, 66(t5)
core   0: 3 0x8000efc2 (0x043f2123) mem 0x80010000 0x00000001
core   0: 0x8000efc6 (0x0000bfe5) c.j     pc - 8
core   0: 3 0x8000efc6 (0xbfe5)
core   0: 0x8000efbe (0x00001f17) auipc   t5, 0x1
core   0: 3 0x8000efbe (0x00001f17) x30 0x8000ffbe
core   0: 0x8000efc2 (0x043f2123) sw      gp, 66(t5)
core   0: 3 0x8000efc2 (0x043f2123) mem 0x80010000 0x00000001
core   0: 0x8000efc6 (0x0000bfe5) c.j     pc - 8
core   0: 3 0x8000efc6 (0xbfe5)
core   0: 0x8000efbe (0x00001f17) auipc   t5, 0x1
core   0: 3 0x8000efbe (0x00001f17) x30 0x8000ffbe
core   0: 0x8000efc2 (0x043f2123) sw      gp, 66(t5)
core   0: 3 0x8000efc2 (0x043f2123) mem 0x80010000 0x00000001
core   0: 0x8000efc6 (0x0000bfe5) c.j     pc - 8
core   0: 3 0x8000efc6 (0xbfe5)
core   0: 0x8000efbe (0x00001f17) auipc   t5, 0x1
core   0: 3 0x8000efbe (0x00001f17) x30 0x8000ffbe
core   0: 0x8000efc2 (0x043f2123) sw      gp, 66(t5)
core   0: 3 0x8000efc2 (0x043f2123) mem 0x80010000 0x00000001
core   0: 0x8000efc6 (0x0000bfe5) c.j     pc - 8
core   0: 3 0x8000efc6 (0xbfe5)
core   0: 0x8000efbe (0x00001f17) auipc   t5, 0x1
core   0: 3 0x8000efbe (0x00001f17) x30 0x8000ffbe
core   0: 0x8000efc2 (0x043f2123) sw      gp, 66(t5)
core   0: 3 0x8000efc2 (0x043f2123) mem 0x80010000 0x00000001
core   0: 0x8000efc6 (0x0000bfe5) c.j     pc - 8
core   0: 3 0x8000efc6 (0xbfe5)
core   0: 0x8000efbe (0x00001f17) auipc   t5, 0x1
core   0: 3 0x8000efbe (0x00001f17) x30 0x8000ffbe
core   0: 0x8000efc2 (0x043f2123) sw      gp, 66(t5)
core   0: 3 0x8000efc2 (0x043f2123) mem 0x80010000 0x00000001
core   0: 0x8000efc6 (0x0000bfe5) c.j     pc - 8
core   0: 3 0x8000efc6 (0xbfe5)
core   0: 0x8000efbe (0x00001f17) auipc   t5, 0x1
core   0: 3 0x8000efbe (0x00001f17) x30 0x8000ffbe
core   0: 0x8000efc2 (0x043f2123) sw      gp, 66(t5)
core   0: 3 0x8000efc2 (0x043f2123) mem 0x80010000 0x00000001
core   0: 0x8000efc6 (0x0000bfe5) c.j     pc - 8
core   0: 3 0x8000efc6 (0xbfe5)
core   0: 0x8000efbe (0x00001f17) auipc   t5, 0x1
core   0: 3 0x8000efbe (0x00001f17) x30 0x8000ffbe
core   0: 0x8000efc2 (0x043f2123) sw      gp, 66(t5)
core   0: 3 0x8000efc2 (0x043f2123) mem 0x80010000 0x00000001
core   0: 0x8000efc6 (0x0000bfe5) c.j     pc - 8
core   0: 3 0x8000efc6 (0xbfe5)
core   0: 0x8000efbe (0x00001f17) auipc   t5, 0x1
core   0: 3 0x8000efbe (0x00001f17) x30 0x8000ffbe
core   0: 0x8000efc2 (0x043f2123) sw      gp, 66(t5)
core   0: 3 0x8000efc2 (0x043f2123) mem 0x80010000 0x00000001
core   0: 0x8000efc6 (0x0000bfe5) c.j     pc - 8
core   0: 3 0x8000efc6 (0xbfe5)
core   0: 0x8000efbe (0x00001f17) auipc   t5, 0x1
core   0: 3 0x8000efbe (0x00001f17) x30 0x8000ffbe
core   0: 0x8000efc2 (0x043f2123) sw      gp, 66(t5)
core   0: 3 0x8000efc2 (0x043f2123) mem 0x80010000 0x00000001
core   0: 0x8000efc6 (0x0000bfe5) c.j     pc - 8
core   0: 3 0x8000efc6 (0xbfe5)
core   0: 0x8000efbe (0x00001f17) auipc   t5, 0x1
core   0: 3 0x8000efbe (0x00001f17) x30 0x8000ffbe
core   0: 0x8000efc2 (0x043f2123) sw      gp, 66(t5)
core   0: 3 0x8000efc2 (0x043f2123) mem 0x80010000 0x00000001
core   0: 0x8000efc6 (0x0000bfe5) c.j     pc - 8
core   0: 3 0x8000efc6 (0xbfe5)
core   0: 0x8000efbe (0x00001f17) auipc   t5, 0x1
core   0: 3 0x8000efbe (0x00001f17) x30 0x8000ffbe
core   0: 0x8000efc2 (0x043f2123) sw      gp, 66(t5)
core   0: 3 0x8000efc2 (0x043f2123) mem 0x80010000 0x00000001
core   0: 0x8000efc6 (0x0000bfe5) c.j     pc - 8
core   0: 3 0x8000efc6 (0xbfe5)
core   0: 0x8000efbe (0x00001f17) auipc   t5, 0x1
core   0: 3 0x8000efbe (0x00001f17) x30 0x8000ffbe
core   0: 0x8000efc2 (0x043f2123) sw      gp, 66(t5)
core   0: 3 0x8000efc2 (0x043f2123) mem 0x80010000 0x00000001
core   0: 0x8000efc6 (0x0000bfe5) c.j     pc - 8
core   0: 3 0x8000efc6 (0xbfe5)
core   0: 0x8000efbe (0x00001f17) auipc   t5, 0x1
core   0: 3 0x8000efbe (0x00001f17) x30 0x8000ffbe
core   0: 0x8000efc2 (0x043f2123) sw      gp, 66(t5)
core   0: 3 0x8000efc2 (0x043f2123) mem 0x80010000 0x00000001
core   0: 0x8000efc6 (0x0000bfe5) c.j     pc - 8
core   0: 3 0x8000efc6 (0xbfe5)
core   0: 0x8000efbe (0x00001f17) auipc   t5, 0x1
core   0: 3 0x8000efbe (0x00001f17) x30 0x8000ffbe
core   0: 0x8000efc2 (0x043f2123) sw      gp, 66(t5)
core   0: 3 0x8000efc2 (0x043f2123) mem 0x80010000 0x00000001
core   0: 0x8000efc6 (0x0000bfe5) c.j     pc - 8
core   0: 3 0x8000efc6 (0xbfe5)
core   0: 0x8000efbe (0x00001f17) auipc   t5, 0x1
core   0: 3 0x8000efbe (0x00001f17) x30 0x8000ffbe
core   0: 0x8000efc2 (0x043f2123) sw      gp, 66(t5)
core   0: 3 0x8000efc2 (0x043f2123) mem 0x80010000 0x00000001
core   0: 0x8000efc6 (0x0000bfe5) c.j     pc - 8
core   0: 3 0x8000efc6 (0xbfe5)
core   0: 0x8000efbe (0x00001f17) auipc   t5, 0x1
core   0: 3 0x8000efbe (0x00001f17) x30 0x8000ffbe
core   0: 0x8000efc2 (0x043f2123) sw      gp, 66(t5)
core   0: 3 0x8000efc2 (0x043f2123) mem 0x80010000 0x00000001
core   0: 0x8000efc6 (0x0000bfe5) c.j     pc - 8
core   0: 3 0x8000efc6 (0xbfe5)
core   0: 0x8000efbe (0x00001f17) auipc   t5, 0x1
core   0: 3 0x8000efbe (0x00001f17) x30 0x8000ffbe
core   0: 0x8000efc2 (0x043f2123) sw      gp, 66(t5)
core   0: 3 0x8000efc2 (0x043f2123) mem 0x80010000 0x00000001
core   0: 0x8000efc6 (0x0000bfe5) c.j     pc - 8
core   0: 3 0x8000efc6 (0xbfe5)
core   0: 0x8000efbe (0x00001f17) auipc   t5, 0x1
core   0: 3 0x8000efbe (0x00001f17) x30 0x8000ffbe
core   0: 0x8000efc2 (0x043f2123) sw      gp, 66(t5)
core   0: 3 0x8000efc2 (0x043f2123) mem 0x80010000 0x00000001
core   0: 0x8000efc6 (0x0000bfe5) c.j     pc - 8
core   0: 3 0x8000efc6 (0xbfe5)
core   0: 0x8000efbe (0x00001f17) auipc   t5, 0x1
core   0: 3 0x8000efbe (0x00001f17) x30 0x8000ffbe
core   0: 0x8000efc2 (0x043f2123) sw      gp, 66(t5)
core   0: 3 0x8000efc2 (0x043f2123) mem 0x80010000 0x00000001
core   0: 0x8000efc6 (0x0000bfe5) c.j     pc - 8
core   0: 3 0x8000efc6 (0xbfe5)
core   0: 0x8000efbe (0x00001f17) auipc   t5, 0x1
core   0: 3 0x8000efbe (0x00001f17) x30 0x8000ffbe
core   0: 0x8000efc2 (0x043f2123) sw      gp, 66(t5)
core   0: 3 0x8000efc2 (0x043f2123) mem 0x80010000 0x00000001
core   0: 0x8000efc6 (0x0000bfe5) c.j     pc - 8
core   0: 3 0x8000efc6 (0xbfe5)
core   0: 0x8000efbe (0x00001f17) auipc   t5, 0x1
core   0: 3 0x8000efbe (0x00001f17) x30 0x8000ffbe
core   0: 0x8000efc2 (0x043f2123) sw      gp, 66(t5)
core   0: 3 0x8000efc2 (0x043f2123) mem 0x80010000 0x00000001
core   0: 0x8000efc6 (0x0000bfe5) c.j     pc - 8
core   0: 3 0x8000efc6 (0xbfe5)
core   0: 0x8000efbe (0x00001f17) auipc   t5, 0x1
core   0: 3 0x8000efbe (0x00001f17) x30 0x8000ffbe
core   0: 0x8000efc2 (0x043f2123) sw      gp, 66(t5)
core   0: 3 0x8000efc2 (0x043f2123) mem 0x80010000 0x00000001
core   0: 0x8000efc6 (0x0000bfe5) c.j     pc - 8
core   0: 3 0x8000efc6 (0xbfe5)
core   0: 0x8000efbe (0x00001f17) auipc   t5, 0x1
core   0: 3 0x8000efbe (0x00001f17) x30 0x8000ffbe
core   0: 0x8000efc2 (0x043f2123) sw      gp, 66(t5)
core   0: 3 0x8000efc2 (0x043f2123) mem 0x80010000 0x00000001
core   0: 0x8000efc6 (0x0000bfe5) c.j     pc - 8
core   0: 3 0x8000efc6 (0xbfe5)
core   0: 0x8000efbe (0x00001f17) auipc   t5, 0x1
core   0: 3 0x8000efbe (0x00001f17) x30 0x8000ffbe
core   0: 0x8000efc2 (0x043f2123) sw      gp, 66(t5)
core   0: 3 0x8000efc2 (0x043f2123) mem 0x80010000 0x00000001
core   0: 0x8000efc6 (0x0000bfe5) c.j     pc - 8
core   0: 3 0x8000efc6 (0xbfe5)
core   0: 0x8000efbe (0x00001f17) auipc   t5, 0x1
core   0: 3 0x8000efbe (0x00001f17) x30 0x8000ffbe
core   0: 0x8000efc2 (0x043f2123) sw      gp, 66(t5)
core   0: 3 0x8000efc2 (0x043f2123) mem 0x80010000 0x00000001
core   0: 0x8000efc6 (0x0000bfe5) c.j     pc - 8
core   0: 3 0x8000efc6 (0xbfe5)
core   0: 0x8000efbe (0x00001f17) auipc   t5, 0x1
core   0: 3 0x8000efbe (0x00001f17) x30 0x8000ffbe
core   0: 0x8000efc2 (0x043f2123) sw      gp, 66(t5)
core   0: 3 0x8000efc2 (0x043f2123) mem 0x80010000 0x00000001
core   0: 0x8000efc6 (0x0000bfe5) c.j     pc - 8
core   0: 3 0x8000efc6 (0xbfe5)
core   0: 0x8000efbe (0x00001f17) auipc   t5, 0x1
core   0: 3 0x8000efbe (0x00001f17) x30 0x8000ffbe
core   0: 0x8000efc2 (0x043f2123) sw      gp, 66(t5)
core   0: 3 0x8000efc2 (0x043f2123) mem 0x80010000 0x00000001
core   0: 0x8000efc6 (0x0000bfe5) c.j     pc - 8
core   0: 3 0x8000efc6 (0xbfe5)
core   0: 0x8000efbe (0x00001f17) auipc   t5, 0x1
core   0: 3 0x8000efbe (0x00001f17) x30 0x8000ffbe
core   0: 0x8000efc2 (0x043f2123) sw      gp, 66(t5)
core   0: 3 0x8000efc2 (0x043f2123) mem 0x80010000 0x00000001
core   0: 0x8000efc6 (0x0000bfe5) c.j     pc - 8
core   0: 3 0x8000efc6 (0xbfe5)
core   0: 0x8000efbe (0x00001f17) auipc   t5, 0x1
core   0: 3 0x8000efbe (0x00001f17) x30 0x8000ffbe
core   0: 0x8000efc2 (0x043f2123) sw      gp, 66(t5)
core   0: 3 0x8000efc2 (0x043f2123) mem 0x80010000 0x00000001
core   0: 0x8000efc6 (0x0000bfe5) c.j     pc - 8
core   0: 3 0x8000efc6 (0xbfe5)
core   0: 0x8000efbe (0x00001f17) auipc   t5, 0x1
core   0: 3 0x8000efbe (0x00001f17) x30 0x8000ffbe
core   0: 0x8000efc2 (0x043f2123) sw      gp, 66(t5)
core   0: 3 0x8000efc2 (0x043f2123) mem 0x80010000 0x00000001
core   0: 0x8000efc6 (0x0000bfe5) c.j     pc - 8
core   0: 3 0x8000efc6 (0xbfe5)
core   0: 0x8000efbe (0x00001f17) auipc   t5, 0x1
core   0: 3 0x8000efbe (0x00001f17) x30 0x8000ffbe
core   0: 0x8000efc2 (0x043f2123) sw      gp, 66(t5)
core   0: 3 0x8000efc2 (0x043f2123) mem 0x80010000 0x00000001
core   0: 0x8000efc6 (0x0000bfe5) c.j     pc - 8
core   0: 3 0x8000efc6 (0xbfe5)
core   0: 0x8000efbe (0x00001f17) auipc   t5, 0x1
core   0: 3 0x8000efbe (0x00001f17) x30 0x8000ffbe
core   0: 0x8000efc2 (0x043f2123) sw      gp, 66(t5)
core   0: 3 0x8000efc2 (0x043f2123) mem 0x80010000 0x00000001
core   0: 0x8000efc6 (0x0000bfe5) c.j     pc - 8
core   0: 3 0x8000efc6 (0xbfe5)
core   0: 0x8000efbe (0x00001f17) auipc   t5, 0x1
core   0: 3 0x8000efbe (0x00001f17) x30 0x8000ffbe
core   0: 0x8000efc2 (0x043f2123) sw      gp, 66(t5)
core   0: 3 0x8000efc2 (0x043f2123) mem 0x80010000 0x00000001
core   0: 0x8000efc6 (0x0000bfe5) c.j     pc - 8
core   0: 3 0x8000efc6 (0xbfe5)
core   0: 0x8000efbe (0x00001f17) auipc   t5, 0x1
core   0: 3 0x8000efbe (0x00001f17) x30 0x8000ffbe
core   0: 0x8000efc2 (0x043f2123) sw      gp, 66(t5)
core   0: 3 0x8000efc2 (0x043f2123) mem 0x80010000 0x00000001
core   0: 0x8000efc6 (0x0000bfe5) c.j     pc - 8
core   0: 3 0x8000efc6 (0xbfe5)
core   0: 0x8000efbe (0x00001f17) auipc   t5, 0x1
core   0: 3 0x8000efbe (0x00001f17) x30 0x8000ffbe
core   0: 0x8000efc2 (0x043f2123) sw      gp, 66(t5)
core   0: 3 0x8000efc2 (0x043f2123) mem 0x80010000 0x00000001
core   0: 0x8000efc6 (0x0000bfe5) c.j     pc - 8
core   0: 3 0x8000efc6 (0xbfe5)
core   0: 0x8000efbe (0x00001f17) auipc   t5, 0x1
core   0: 3 0x8000efbe (0x00001f17) x30 0x8000ffbe
core   0: 0x8000efc2 (0x043f2123) sw      gp, 66(t5)
core   0: 3 0x8000efc2 (0x043f2123) mem 0x80010000 0x00000001
core   0: 0x8000efc6 (0x0000bfe5) c.j     pc - 8
core   0: 3 0x8000efc6 (0xbfe5)
core   0: 0x8000efbe (0x00001f17) auipc   t5, 0x1
core   0: 3 0x8000efbe (0x00001f17) x30 0x8000ffbe
core   0: 0x8000efc2 (0x043f2123) sw      gp, 66(t5)
core   0: 3 0x8000efc2 (0x043f2123) mem 0x80010000 0x00000001
core   0: 0x8000efc6 (0x0000bfe5) c.j     pc - 8
core   0: 3 0x8000efc6 (0xbfe5)
core   0: 0x8000efbe (0x00001f17) auipc   t5, 0x1
core   0: 3 0x8000efbe (0x00001f17) x30 0x8000ffbe
core   0: 0x8000efc2 (0x043f2123) sw      gp, 66(t5)
core   0: 3 0x8000efc2 (0x043f2123) mem 0x80010000 0x00000001
core   0: 0x8000efc6 (0x0000bfe5) c.j     pc - 8
core   0: 3 0x8000efc6 (0xbfe5)
core   0: 0x8000efbe (0x00001f17) auipc   t5, 0x1
core   0: 3 0x8000efbe (0x00001f17) x30 0x8000ffbe
core   0: 0x8000efc2 (0x043f2123) sw      gp, 66(t5)
core   0: 3 0x8000efc2 (0x043f2123) mem 0x80010000 0x00000001
core   0: 0x8000efc6 (0x0000bfe5) c.j     pc - 8
core   0: 3 0x8000efc6 (0xbfe5)
core   0: 0x8000efbe (0x00001f17) auipc   t5, 0x1
core   0: 3 0x8000efbe (0x00001f17) x30 0x8000ffbe
core   0: 0x8000efc2 (0x043f2123) sw      gp, 66(t5)
core   0: 3 0x8000efc2 (0x043f2123) mem 0x80010000 0x00000001
core   0: 0x8000efc6 (0x0000bfe5) c.j     pc - 8
core   0: 3 0x8000efc6 (0xbfe5)
core   0: 0x8000efbe (0x00001f17) auipc   t5, 0x1
core   0: 3 0x8000efbe (0x00001f17) x30 0x8000ffbe
core   0: 0x8000efc2 (0x043f2123) sw      gp, 66(t5)
core   0: 3 0x8000efc2 (0x043f2123) mem 0x80010000 0x00000001
core   0: 0x8000efc6 (0x0000bfe5) c.j     pc - 8
core   0: 3 0x8000efc6 (0xbfe5)
core   0: 0x8000efbe (0x00001f17) auipc   t5, 0x1
core   0: 3 0x8000efbe (0x00001f17) x30 0x8000ffbe
core   0: 0x8000efc2 (0x043f2123) sw      gp, 66(t5)
core   0: 3 0x8000efc2 (0x043f2123) mem 0x80010000 0x00000001
core   0: 0x8000efc6 (0x0000bfe5) c.j     pc - 8
core   0: 3 0x8000efc6 (0xbfe5)
core   0: 0x8000efbe (0x00001f17) auipc   t5, 0x1
core   0: 3 0x8000efbe (0x00001f17) x30 0x8000ffbe
core   0: 0x8000efc2 (0x043f2123) sw      gp, 66(t5)
core   0: 3 0x8000efc2 (0x043f2123) mem 0x80010000 0x00000001
core   0: 0x8000efc6 (0x0000bfe5) c.j     pc - 8
core   0: 3 0x8000efc6 (0xbfe5)
core   0: 0x8000efbe (0x00001f17) auipc   t5, 0x1
core   0: 3 0x8000efbe (0x00001f17) x30 0x8000ffbe
core   0: 0x8000efc2 (0x043f2123) sw      gp, 66(t5)
core   0: 3 0x8000efc2 (0x043f2123) mem 0x80010000 0x00000001
core   0: 0x8000efc6 (0x0000bfe5) c.j     pc - 8
core   0: 3 0x8000efc6 (0xbfe5)
core   0: 0x8000efbe (0x00001f17) auipc   t5, 0x1
core   0: 3 0x8000efbe (0x00001f17) x30 0x8000ffbe
core   0: 0x8000efc2 (0x043f2123) sw      gp, 66(t5)
core   0: 3 0x8000efc2 (0x043f2123) mem 0x80010000 0x00000001
core   0: 0x8000efc6 (0x0000bfe5) c.j     pc - 8
core   0: 3 0x8000efc6 (0xbfe5)
core   0: 0x8000efbe (0x00001f17) auipc   t5, 0x1
core   0: 3 0x8000efbe (0x00001f17) x30 0x8000ffbe
core   0: 0x8000efc2 (0x043f2123) sw      gp, 66(t5)
core   0: 3 0x8000efc2 (0x043f2123) mem 0x80010000 0x00000001
core   0: 0x8000efc6 (0x0000bfe5) c.j     pc - 8
core   0: 3 0x8000efc6 (0xbfe5)
core   0: 0x8000efbe (0x00001f17) auipc   t5, 0x1
core   0: 3 0x8000efbe (0x00001f17) x30 0x8000ffbe
core   0: 0x8000efc2 (0x043f2123) sw      gp, 66(t5)
core   0: 3 0x8000efc2 (0x043f2123) mem 0x80010000 0x00000001
core   0: 0x8000efc6 (0x0000bfe5) c.j     pc - 8
core   0: 3 0x8000efc6 (0xbfe5)
core   0: 0x8000efbe (0x00001f17) auipc   t5, 0x1
core   0: 3 0x8000efbe (0x00001f17) x30 0x8000ffbe
core   0: 0x8000efc2 (0x043f2123) sw      gp, 66(t5)
core   0: 3 0x8000efc2 (0x043f2123) mem 0x80010000 0x00000001
core   0: 0x8000efc6 (0x0000bfe5) c.j     pc - 8
core   0: 3 0x8000efc6 (0xbfe5)
core   0: 0x8000efbe (0x00001f17) auipc   t5, 0x1
core   0: 3 0x8000efbe (0x00001f17) x30 0x8000ffbe
core   0: 0x8000efc2 (0x043f2123) sw      gp, 66(t5)
core   0: 3 0x8000efc2 (0x043f2123) mem 0x80010000 0x00000001
core   0: 0x8000efc6 (0x0000bfe5) c.j     pc - 8
core   0: 3 0x8000efc6 (0xbfe5)
core   0: 0x8000efbe (0x00001f17) auipc   t5, 0x1
core   0: 3 0x8000efbe (0x00001f17) x30 0x8000ffbe
core   0: 0x8000efc2 (0x043f2123) sw      gp, 66(t5)
core   0: 3 0x8000efc2 (0x043f2123) mem 0x80010000 0x00000001
core   0: 0x8000efc6 (0x0000bfe5) c.j     pc - 8
core   0: 3 0x8000efc6 (0xbfe5)
core   0: 0x8000efbe (0x00001f17) auipc   t5, 0x1
core   0: 3 0x8000efbe (0x00001f17) x30 0x8000ffbe
core   0: 0x8000efc2 (0x043f2123) sw      gp, 66(t5)
core   0: 3 0x8000efc2 (0x043f2123) mem 0x80010000 0x00000001
core   0: 0x8000efc6 (0x0000bfe5) c.j     pc - 8
core   0: 3 0x8000efc6 (0xbfe5)
core   0: 0x8000efbe (0x00001f17) auipc   t5, 0x1
core   0: 3 0x8000efbe (0x00001f17) x30 0x8000ffbe
core   0: 0x8000efc2 (0x043f2123) sw      gp, 66(t5)
core   0: 3 0x8000efc2 (0x043f2123) mem 0x80010000 0x00000001
core   0: 0x8000efc6 (0x0000bfe5) c.j     pc - 8
core   0: 3 0x8000efc6 (0xbfe5)
core   0: 0x8000efbe (0x00001f17) auipc   t5, 0x1
core   0: 3 0x8000efbe (0x00001f17) x30 0x8000ffbe
core   0: 0x8000efc2 (0x043f2123) sw      gp, 66(t5)
core   0: 3 0x8000efc2 (0x043f2123) mem 0x80010000 0x00000001
core   0: 0x8000efc6 (0x0000bfe5) c.j     pc - 8
core   0: 3 0x8000efc6 (0xbfe5)
core   0: 0x8000efbe (0x00001f17) auipc   t5, 0x1
core   0: 3 0x8000efbe (0x00001f17) x30 0x8000ffbe
core   0: 0x8000efc2 (0x043f2123) sw      gp, 66(t5)
core   0: 3 0x8000efc2 (0x043f2123) mem 0x80010000 0x00000001
core   0: 0x8000efc6 (0x0000bfe5) c.j     pc - 8
core   0: 3 0x8000efc6 (0xbfe5)
core   0: 0x8000efbe (0x00001f17) auipc   t5, 0x1
core   0: 3 0x8000efbe (0x00001f17) x30 0x8000ffbe
core   0: 0x8000efc2 (0x043f2123) sw      gp, 66(t5)
core   0: 3 0x8000efc2 (0x043f2123) mem 0x80010000 0x00000001
core   0: 0x8000efc6 (0x0000bfe5) c.j     pc - 8
core   0: 3 0x8000efc6 (0xbfe5)
core   0: 0x8000efbe (0x00001f17) auipc   t5, 0x1
core   0: 3 0x8000efbe (0x00001f17) x30 0x8000ffbe
core   0: 0x8000efc2 (0x043f2123) sw      gp, 66(t5)
core   0: 3 0x8000efc2 (0x043f2123) mem 0x80010000 0x00000001
core   0: 0x8000efc6 (0x0000bfe5) c.j     pc - 8
core   0: 3 0x8000efc6 (0xbfe5)
core   0: 0x8000efbe (0x00001f17) auipc   t5, 0x1
core   0: 3 0x8000efbe (0x00001f17) x30 0x8000ffbe
core   0: 0x8000efc2 (0x043f2123) sw      gp, 66(t5)
core   0: 3 0x8000efc2 (0x043f2123) mem 0x80010000 0x00000001
core   0: 0x8000efc6 (0x0000bfe5) c.j     pc - 8
core   0: 3 0x8000efc6 (0xbfe5)
core   0: 0x8000efbe (0x00001f17) auipc   t5, 0x1
core   0: 3 0x8000efbe (0x00001f17) x30 0x8000ffbe
core   0: 0x8000efc2 (0x043f2123) sw      gp, 66(t5)
core   0: 3 0x8000efc2 (0x043f2123) mem 0x80010000 0x00000001
core   0: 0x8000efc6 (0x0000bfe5) c.j     pc - 8
core   0: 3 0x8000efc6 (0xbfe5)
core   0: 0x8000efbe (0x00001f17) auipc   t5, 0x1
core   0: 3 0x8000efbe (0x00001f17) x30 0x8000ffbe
core   0: 0x8000efc2 (0x043f2123) sw      gp, 66(t5)
core   0: 3 0x8000efc2 (0x043f2123) mem 0x80010000 0x00000001
core   0: 0x8000efc6 (0x0000bfe5) c.j     pc - 8
core   0: 3 0x8000efc6 (0xbfe5)
core   0: 0x8000efbe (0x00001f17) auipc   t5, 0x1
core   0: 3 0x8000efbe (0x00001f17) x30 0x8000ffbe
core   0: 0x8000efc2 (0x043f2123) sw      gp, 66(t5)
core   0: 3 0x8000efc2 (0x043f2123) mem 0x80010000 0x00000001
core   0: 0x8000efc6 (0x0000bfe5) c.j     pc - 8
core   0: 3 0x8000efc6 (0xbfe5)
core   0: 0x8000efbe (0x00001f17) auipc   t5, 0x1
core   0: 3 0x8000efbe (0x00001f17) x30 0x8000ffbe
core   0: 0x8000efc2 (0x043f2123) sw      gp, 66(t5)
core   0: 3 0x8000efc2 (0x043f2123) mem 0x80010000 0x00000001
core   0: 0x8000efc6 (0x0000bfe5) c.j     pc - 8
core   0: 3 0x8000efc6 (0xbfe5)
core   0: 0x8000efbe (0x00001f17) auipc   t5, 0x1
core   0: 3 0x8000efbe (0x00001f17) x30 0x8000ffbe
core   0: 0x8000efc2 (0x043f2123) sw      gp, 66(t5)
core   0: 3 0x8000efc2 (0x043f2123) mem 0x80010000 0x00000001
core   0: 0x8000efc6 (0x0000bfe5) c.j     pc - 8
core   0: 3 0x8000efc6 (0xbfe5)
core   0: 0x8000efbe (0x00001f17) auipc   t5, 0x1
core   0: 3 0x8000efbe (0x00001f17) x30 0x8000ffbe
core   0: 0x8000efc2 (0x043f2123) sw      gp, 66(t5)
core   0: 3 0x8000efc2 (0x043f2123) mem 0x80010000 0x00000001
core   0: 0x8000efc6 (0x0000bfe5) c.j     pc - 8
core   0: 3 0x8000efc6 (0xbfe5)
core   0: 0x8000efbe (0x00001f17) auipc   t5, 0x1
core   0: 3 0x8000efbe (0x00001f17) x30 0x8000ffbe
core   0: 0x8000efc2 (0x043f2123) sw      gp, 66(t5)
core   0: 3 0x8000efc2 (0x043f2123) mem 0x80010000 0x00000001
core   0: 0x8000efc6 (0x0000bfe5) c.j     pc - 8
core   0: 3 0x8000efc6 (0xbfe5)
core   0: 0x8000efbe (0x00001f17) auipc   t5, 0x1
core   0: 3 0x8000efbe (0x00001f17) x30 0x8000ffbe
core   0: 0x8000efc2 (0x043f2123) sw      gp, 66(t5)
core   0: 3 0x8000efc2 (0x043f2123) mem 0x80010000 0x00000001
core   0: 0x8000efc6 (0x0000bfe5) c.j     pc - 8
core   0: 3 0x8000efc6 (0xbfe5)
core   0: 0x8000efbe (0x00001f17) auipc   t5, 0x1
core   0: 3 0x8000efbe (0x00001f17) x30 0x8000ffbe
core   0: 0x8000efc2 (0x043f2123) sw      gp, 66(t5)
core   0: 3 0x8000efc2 (0x043f2123) mem 0x80010000 0x00000001
core   0: 0x8000efc6 (0x0000bfe5) c.j     pc - 8
core   0: 3 0x8000efc6 (0xbfe5)
core   0: 0x8000efbe (0x00001f17) auipc   t5, 0x1
core   0: 3 0x8000efbe (0x00001f17) x30 0x8000ffbe
core   0: 0x8000efc2 (0x043f2123) sw      gp, 66(t5)
core   0: 3 0x8000efc2 (0x043f2123) mem 0x80010000 0x00000001
core   0: 0x8000efc6 (0x0000bfe5) c.j     pc - 8
core   0: 3 0x8000efc6 (0xbfe5)
core   0: 0x8000efbe (0x00001f17) auipc   t5, 0x1
core   0: 3 0x8000efbe (0x00001f17) x30 0x8000ffbe
core   0: 0x8000efc2 (0x043f2123) sw      gp, 66(t5)
core   0: 3 0x8000efc2 (0x043f2123) mem 0x80010000 0x00000001
core   0: 0x8000efc6 (0x0000bfe5) c.j     pc - 8
core   0: 3 0x8000efc6 (0xbfe5)
core   0: 0x8000efbe (0x00001f17) auipc   t5, 0x1
core   0: 3 0x8000efbe (0x00001f17) x30 0x8000ffbe
core   0: 0x8000efc2 (0x043f2123) sw      gp, 66(t5)
core   0: 3 0x8000efc2 (0x043f2123) mem 0x80010000 0x00000001
core   0: 0x8000efc6 (0x0000bfe5) c.j     pc - 8
core   0: 3 0x8000efc6 (0xbfe5)
core   0: 0x8000efbe (0x00001f17) auipc   t5, 0x1
core   0: 3 0x8000efbe (0x00001f17) x30 0x8000ffbe
core   0: 0x8000efc2 (0x043f2123) sw      gp, 66(t5)
core   0: 3 0x8000efc2 (0x043f2123) mem 0x80010000 0x00000001
core   0: 0x8000efc6 (0x0000bfe5) c.j     pc - 8
core   0: 3 0x8000efc6 (0xbfe5)
core   0: 0x8000efbe (0x00001f17) auipc   t5, 0x1
core   0: 3 0x8000efbe (0x00001f17) x30 0x8000ffbe
core   0: 0x8000efc2 (0x043f2123) sw      gp, 66(t5)
core   0: 3 0x8000efc2 (0x043f2123) mem 0x80010000 0x00000001
core   0: 0x8000efc6 (0x0000bfe5) c.j     pc - 8
core   0: 3 0x8000efc6 (0xbfe5)
core   0: 0x8000efbe (0x00001f17) auipc   t5, 0x1
core   0: 3 0x8000efbe (0x00001f17) x30 0x8000ffbe
core   0: 0x8000efc2 (0x043f2123) sw      gp, 66(t5)
core   0: 3 0x8000efc2 (0x043f2123) mem 0x80010000 0x00000001
core   0: 0x8000efc6 (0x0000bfe5) c.j     pc - 8
core   0: 3 0x8000efc6 (0xbfe5)
core   0: 0x8000efbe (0x00001f17) auipc   t5, 0x1
core   0: 3 0x8000efbe (0x00001f17) x30 0x8000ffbe
core   0: 0x8000efc2 (0x043f2123) sw      gp, 66(t5)
core   0: 3 0x8000efc2 (0x043f2123) mem 0x80010000 0x00000001
core   0: 0x8000efc6 (0x0000bfe5) c.j     pc - 8
core   0: 3 0x8000efc6 (0xbfe5)
core   0: 0x8000efbe (0x00001f17) auipc   t5, 0x1
core   0: 3 0x8000efbe (0x00001f17) x30 0x8000ffbe
core   0: 0x8000efc2 (0x043f2123) sw      gp, 66(t5)
core   0: 3 0x8000efc2 (0x043f2123) mem 0x80010000 0x00000001
core   0: 0x8000efc6 (0x0000bfe5) c.j     pc - 8
core   0: 3 0x8000efc6 (0xbfe5)
core   0: 0x8000efbe (0x00001f17) auipc   t5, 0x1
core   0: 3 0x8000efbe (0x00001f17) x30 0x8000ffbe
core   0: 0x8000efc2 (0x043f2123) sw      gp, 66(t5)
core   0: 3 0x8000efc2 (0x043f2123) mem 0x80010000 0x00000001
core   0: 0x8000efc6 (0x0000bfe5) c.j     pc - 8
core   0: 3 0x8000efc6 (0xbfe5)
core   0: 0x8000efbe (0x00001f17) auipc   t5, 0x1
core   0: 3 0x8000efbe (0x00001f17) x30 0x8000ffbe
core   0: 0x8000efc2 (0x043f2123) sw      gp, 66(t5)
core   0: 3 0x8000efc2 (0x043f2123) mem 0x80010000 0x00000001
core   0: 0x8000efc6 (0x0000bfe5) c.j     pc - 8
core   0: 3 0x8000efc6 (0xbfe5)
core   0: 0x8000efbe (0x00001f17) auipc   t5, 0x1
core   0: 3 0x8000efbe (0x00001f17) x30 0x8000ffbe
core   0: 0x8000efc2 (0x043f2123) sw      gp, 66(t5)
core   0: 3 0x8000efc2 (0x043f2123) mem 0x80010000 0x00000001
core   0: 0x8000efc6 (0x0000bfe5) c.j     pc - 8
core   0: 3 0x8000efc6 (0xbfe5)
core   0: 0x8000efbe (0x00001f17) auipc   t5, 0x1
core   0: 3 0x8000efbe (0x00001f17) x30 0x8000ffbe
core   0: 0x8000efc2 (0x043f2123) sw      gp, 66(t5)
core   0: 3 0x8000efc2 (0x043f2123) mem 0x80010000 0x00000001
core   0: 0x8000efc6 (0x0000bfe5) c.j     pc - 8
core   0: 3 0x8000efc6 (0xbfe5)
core   0: 0x8000efbe (0x00001f17) auipc   t5, 0x1
core   0: 3 0x8000efbe (0x00001f17) x30 0x8000ffbe
core   0: 0x8000efc2 (0x043f2123) sw      gp, 66(t5)
core   0: 3 0x8000efc2 (0x043f2123) mem 0x80010000 0x00000001
core   0: 0x8000efc6 (0x0000bfe5) c.j     pc - 8
core   0: 3 0x8000efc6 (0xbfe5)
core   0: 0x8000efbe (0x00001f17) auipc   t5, 0x1
core   0: 3 0x8000efbe (0x00001f17) x30 0x8000ffbe
core   0: 0x8000efc2 (0x043f2123) sw      gp, 66(t5)
core   0: 3 0x8000efc2 (0x043f2123) mem 0x80010000 0x00000001
core   0: 0x8000efc6 (0x0000bfe5) c.j     pc - 8
core   0: 3 0x8000efc6 (0xbfe5)
core   0: 0x8000efbe (0x00001f17) auipc   t5, 0x1
core   0: 3 0x8000efbe (0x00001f17) x30 0x8000ffbe
core   0: 0x8000efc2 (0x043f2123) sw      gp, 66(t5)
core   0: 3 0x8000efc2 (0x043f2123) mem 0x80010000 0x00000001
core   0: 0x8000efc6 (0x0000bfe5) c.j     pc - 8
core   0: 3 0x8000efc6 (0xbfe5)
core   0: 0x8000efbe (0x00001f17) auipc   t5, 0x1
core   0: 3 0x8000efbe (0x00001f17) x30 0x8000ffbe
core   0: 0x8000efc2 (0x043f2123) sw      gp, 66(t5)
core   0: 3 0x8000efc2 (0x043f2123) mem 0x80010000 0x00000001
core   0: 0x8000efc6 (0x0000bfe5) c.j     pc - 8
core   0: 3 0x8000efc6 (0xbfe5)
core   0: 0x8000efbe (0x00001f17) auipc   t5, 0x1
core   0: 3 0x8000efbe (0x00001f17) x30 0x8000ffbe
core   0: 0x8000efc2 (0x043f2123) sw      gp, 66(t5)
core   0: 3 0x8000efc2 (0x043f2123) mem 0x80010000 0x00000001
core   0: 0x8000efc6 (0x0000bfe5) c.j     pc - 8
core   0: 3 0x8000efc6 (0xbfe5)
core   0: 0x8000efbe (0x00001f17) auipc   t5, 0x1
core   0: 3 0x8000efbe (0x00001f17) x30 0x8000ffbe
core   0: 0x8000efc2 (0x043f2123) sw      gp, 66(t5)
core   0: 3 0x8000efc2 (0x043f2123) mem 0x80010000 0x00000001
core   0: 0x8000efc6 (0x0000bfe5) c.j     pc - 8
core   0: 3 0x8000efc6 (0xbfe5)
core   0: 0x8000efbe (0x00001f17) auipc   t5, 0x1
core   0: 3 0x8000efbe (0x00001f17) x30 0x8000ffbe
core   0: 0x8000efc2 (0x043f2123) sw      gp, 66(t5)
core   0: 3 0x8000efc2 (0x043f2123) mem 0x80010000 0x00000001
core   0: 0x8000efc6 (0x0000bfe5) c.j     pc - 8
core   0: 3 0x8000efc6 (0xbfe5)
core   0: 0x8000efbe (0x00001f17) auipc   t5, 0x1
core   0: 3 0x8000efbe (0x00001f17) x30 0x8000ffbe
core   0: 0x8000efc2 (0x043f2123) sw      gp, 66(t5)
core   0: 3 0x8000efc2 (0x043f2123) mem 0x80010000 0x00000001
core   0: 0x8000efc6 (0x0000bfe5) c.j     pc - 8
core   0: 3 0x8000efc6 (0xbfe5)
core   0: 0x8000efbe (0x00001f17) auipc   t5, 0x1
core   0: 3 0x8000efbe (0x00001f17) x30 0x8000ffbe
core   0: 0x8000efc2 (0x043f2123) sw      gp, 66(t5)
core   0: 3 0x8000efc2 (0x043f2123) mem 0x80010000 0x00000001
core   0: 0x8000efc6 (0x0000bfe5) c.j     pc - 8
core   0: 3 0x8000efc6 (0xbfe5)
core   0: 0x8000efbe (0x00001f17) auipc   t5, 0x1
core   0: 3 0x8000efbe (0x00001f17) x30 0x8000ffbe
core   0: 0x8000efc2 (0x043f2123) sw      gp, 66(t5)
core   0: 3 0x8000efc2 (0x043f2123) mem 0x80010000 0x00000001
core   0: 0x8000efc6 (0x0000bfe5) c.j     pc - 8
core   0: 3 0x8000efc6 (0xbfe5)
core   0: 0x8000efbe (0x00001f17) auipc   t5, 0x1
core   0: 3 0x8000efbe (0x00001f17) x30 0x8000ffbe
core   0: 0x8000efc2 (0x043f2123) sw      gp, 66(t5)
core   0: 3 0x8000efc2 (0x043f2123) mem 0x80010000 0x00000001
core   0: 0x8000efc6 (0x0000bfe5) c.j     pc - 8
core   0: 3 0x8000efc6 (0xbfe5)
core   0: 0x8000efbe (0x00001f17) auipc   t5, 0x1
core   0: 3 0x8000efbe (0x00001f17) x30 0x8000ffbe
core   0: 0x8000efc2 (0x043f2123) sw      gp, 66(t5)
core   0: 3 0x8000efc2 (0x043f2123) mem 0x80010000 0x00000001
core   0: 0x8000efc6 (0x0000bfe5) c.j     pc - 8
core   0: 3 0x8000efc6 (0xbfe5)
core   0: 0x8000efbe (0x00001f17) auipc   t5, 0x1
core   0: 3 0x8000efbe (0x00001f17) x30 0x8000ffbe
core   0: 0x8000efc2 (0x043f2123) sw      gp, 66(t5)
core   0: 3 0x8000efc2 (0x043f2123) mem 0x80010000 0x00000001
core   0: 0x8000efc6 (0x0000bfe5) c.j     pc - 8
core   0: 3 0x8000efc6 (0xbfe5)
core   0: 0x8000efbe (0x00001f17) auipc   t5, 0x1
core   0: 3 0x8000efbe (0x00001f17) x30 0x8000ffbe
core   0: 0x8000efc2 (0x043f2123) sw      gp, 66(t5)
core   0: 3 0x8000efc2 (0x043f2123) mem 0x80010000 0x00000001
core   0: 0x8000efc6 (0x0000bfe5) c.j     pc - 8
core   0: 3 0x8000efc6 (0xbfe5)
core   0: 0x8000efbe (0x00001f17) auipc   t5, 0x1
core   0: 3 0x8000efbe (0x00001f17) x30 0x8000ffbe
core   0: 0x8000efc2 (0x043f2123) sw      gp, 66(t5)
core   0: 3 0x8000efc2 (0x043f2123) mem 0x80010000 0x00000001
core   0: 0x8000efc6 (0x0000bfe5) c.j     pc - 8
core   0: 3 0x8000efc6 (0xbfe5)
core   0: 0x8000efbe (0x00001f17) auipc   t5, 0x1
core   0: 3 0x8000efbe (0x00001f17) x30 0x8000ffbe
core   0: 0x8000efc2 (0x043f2123) sw      gp, 66(t5)
core   0: 3 0x8000efc2 (0x043f2123) mem 0x80010000 0x00000001
core   0: 0x8000efc6 (0x0000bfe5) c.j     pc - 8
core   0: 3 0x8000efc6 (0xbfe5)
core   0: 0x8000efbe (0x00001f17) auipc   t5, 0x1
core   0: 3 0x8000efbe (0x00001f17) x30 0x8000ffbe
core   0: 0x8000efc2 (0x043f2123) sw      gp, 66(t5)
core   0: 3 0x8000efc2 (0x043f2123) mem 0x80010000 0x00000001
core   0: 0x8000efc6 (0x0000bfe5) c.j     pc - 8
core   0: 3 0x8000efc6 (0xbfe5)
core   0: 0x8000efbe (0x00001f17) auipc   t5, 0x1
core   0: 3 0x8000efbe (0x00001f17) x30 0x8000ffbe
core   0: 0x8000efc2 (0x043f2123) sw      gp, 66(t5)
core   0: 3 0x8000efc2 (0x043f2123) mem 0x80010000 0x00000001
core   0: 0x8000efc6 (0x0000bfe5) c.j     pc - 8
core   0: 3 0x8000efc6 (0xbfe5)
core   0: 0x8000efbe (0x00001f17) auipc   t5, 0x1
core   0: 3 0x8000efbe (0x00001f17) x30 0x8000ffbe
core   0: 0x8000efc2 (0x043f2123) sw      gp, 66(t5)
core   0: 3 0x8000efc2 (0x043f2123) mem 0x80010000 0x00000001
core   0: 0x8000efc6 (0x0000bfe5) c.j     pc - 8
core   0: 3 0x8000efc6 (0xbfe5)
core   0: 0x8000efbe (0x00001f17) auipc   t5, 0x1
core   0: 3 0x8000efbe (0x00001f17) x30 0x8000ffbe
core   0: 0x8000efc2 (0x043f2123) sw      gp, 66(t5)
core   0: 3 0x8000efc2 (0x043f2123) mem 0x80010000 0x00000001
core   0: 0x8000efc6 (0x0000bfe5) c.j     pc - 8
core   0: 3 0x8000efc6 (0xbfe5)
core   0: 0x8000efbe (0x00001f17) auipc   t5, 0x1
core   0: 3 0x8000efbe (0x00001f17) x30 0x8000ffbe
core   0: 0x8000efc2 (0x043f2123) sw      gp, 66(t5)
core   0: 3 0x8000efc2 (0x043f2123) mem 0x80010000 0x00000001
core   0: 0x8000efc6 (0x0000bfe5) c.j     pc - 8
core   0: 3 0x8000efc6 (0xbfe5)
core   0: 0x8000efbe (0x00001f17) auipc   t5, 0x1
core   0: 3 0x8000efbe (0x00001f17) x30 0x8000ffbe
core   0: 0x8000efc2 (0x043f2123) sw      gp, 66(t5)
core   0: 3 0x8000efc2 (0x043f2123) mem 0x80010000 0x00000001
core   0: 0x8000efc6 (0x0000bfe5) c.j     pc - 8
core   0: 3 0x8000efc6 (0xbfe5)
core   0: 0x8000efbe (0x00001f17) auipc   t5, 0x1
core   0: 3 0x8000efbe (0x00001f17) x30 0x8000ffbe
core   0: 0x8000efc2 (0x043f2123) sw      gp, 66(t5)
core   0: 3 0x8000efc2 (0x043f2123) mem 0x80010000 0x00000001
core   0: 0x8000efc6 (0x0000bfe5) c.j     pc - 8
core   0: 3 0x8000efc6 (0xbfe5)
core   0: 0x8000efbe (0x00001f17) auipc   t5, 0x1
core   0: 3 0x8000efbe (0x00001f17) x30 0x8000ffbe
core   0: 0x8000efc2 (0x043f2123) sw      gp, 66(t5)
core   0: 3 0x8000efc2 (0x043f2123) mem 0x80010000 0x00000001
core   0: 0x8000efc6 (0x0000bfe5) c.j     pc - 8
core   0: 3 0x8000efc6 (0xbfe5)
core   0: 0x8000efbe (0x00001f17) auipc   t5, 0x1
core   0: 3 0x8000efbe (0x00001f17) x30 0x8000ffbe
core   0: 0x8000efc2 (0x043f2123) sw      gp, 66(t5)
core   0: 3 0x8000efc2 (0x043f2123) mem 0x80010000 0x00000001
core   0: 0x8000efc6 (0x0000bfe5) c.j     pc - 8
core   0: 3 0x8000efc6 (0xbfe5)
core   0: 0x8000efbe (0x00001f17) auipc   t5, 0x1
core   0: 3 0x8000efbe (0x00001f17) x30 0x8000ffbe
core   0: 0x8000efc2 (0x043f2123) sw      gp, 66(t5)
core   0: 3 0x8000efc2 (0x043f2123) mem 0x80010000 0x00000001
core   0: 0x8000efc6 (0x0000bfe5) c.j     pc - 8
core   0: 3 0x8000efc6 (0xbfe5)
core   0: 0x8000efbe (0x00001f17) auipc   t5, 0x1
core   0: 3 0x8000efbe (0x00001f17) x30 0x8000ffbe
core   0: 0x8000efc2 (0x043f2123) sw      gp, 66(t5)
core   0: 3 0x8000efc2 (0x043f2123) mem 0x80010000 0x00000001
core   0: 0x8000efc6 (0x0000bfe5) c.j     pc - 8
core   0: 3 0x8000efc6 (0xbfe5)
core   0: 0x8000efbe (0x00001f17) auipc   t5, 0x1
core   0: 3 0x8000efbe (0x00001f17) x30 0x8000ffbe
core   0: 0x8000efc2 (0x043f2123) sw      gp, 66(t5)
core   0: 3 0x8000efc2 (0x043f2123) mem 0x80010000 0x00000001
core   0: 0x8000efc6 (0x0000bfe5) c.j     pc - 8
core   0: 3 0x8000efc6 (0xbfe5)
core   0: 0x8000efbe (0x00001f17) auipc   t5, 0x1
core   0: 3 0x8000efbe (0x00001f17) x30 0x8000ffbe
core   0: 0x8000efc2 (0x043f2123) sw      gp, 66(t5)
core   0: 3 0x8000efc2 (0x043f2123) mem 0x80010000 0x00000001
core   0: 0x8000efc6 (0x0000bfe5) c.j     pc - 8
core   0: 3 0x8000efc6 (0xbfe5)
core   0: 0x8000efbe (0x00001f17) auipc   t5, 0x1
core   0: 3 0x8000efbe (0x00001f17) x30 0x8000ffbe
core   0: 0x8000efc2 (0x043f2123) sw      gp, 66(t5)
core   0: 3 0x8000efc2 (0x043f2123) mem 0x80010000 0x00000001
core   0: 0x8000efc6 (0x0000bfe5) c.j     pc - 8
core   0: 3 0x8000efc6 (0xbfe5)
core   0: 0x8000efbe (0x00001f17) auipc   t5, 0x1
core   0: 3 0x8000efbe (0x00001f17) x30 0x8000ffbe
core   0: 0x8000efc2 (0x043f2123) sw      gp, 66(t5)
core   0: 3 0x8000efc2 (0x043f2123) mem 0x80010000 0x00000001
core   0: 0x8000efc6 (0x0000bfe5) c.j     pc - 8
core   0: 3 0x8000efc6 (0xbfe5)
core   0: 0x8000efbe (0x00001f17) auipc   t5, 0x1
core   0: 3 0x8000efbe (0x00001f17) x30 0x8000ffbe
core   0: 0x8000efc2 (0x043f2123) sw      gp, 66(t5)
core   0: 3 0x8000efc2 (0x043f2123) mem 0x80010000 0x00000001
core   0: 0x8000efc6 (0x0000bfe5) c.j     pc - 8
core   0: 3 0x8000efc6 (0xbfe5)
core   0: 0x8000efbe (0x00001f17) auipc   t5, 0x1
core   0: 3 0x8000efbe (0x00001f17) x30 0x8000ffbe
core   0: 0x8000efc2 (0x043f2123) sw      gp, 66(t5)
core   0: 3 0x8000efc2 (0x043f2123) mem 0x80010000 0x00000001
core   0: 0x8000efc6 (0x0000bfe5) c.j     pc - 8
core   0: 3 0x8000efc6 (0xbfe5)
core   0: 0x8000efbe (0x00001f17) auipc   t5, 0x1
core   0: 3 0x8000efbe (0x00001f17) x30 0x8000ffbe
core   0: 0x8000efc2 (0x043f2123) sw      gp, 66(t5)
core   0: 3 0x8000efc2 (0x043f2123) mem 0x80010000 0x00000001
core   0: 0x8000efc6 (0x0000bfe5) c.j     pc - 8
core   0: 3 0x8000efc6 (0xbfe5)
core   0: 0x8000efbe (0x00001f17) auipc   t5, 0x1
core   0: 3 0x8000efbe (0x00001f17) x30 0x8000ffbe
core   0: 0x8000efc2 (0x043f2123) sw      gp, 66(t5)
core   0: 3 0x8000efc2 (0x043f2123) mem 0x80010000 0x00000001
core   0: 0x8000efc6 (0x0000bfe5) c.j     pc - 8
core   0: 3 0x8000efc6 (0xbfe5)
core   0: 0x8000efbe (0x00001f17) auipc   t5, 0x1
core   0: 3 0x8000efbe (0x00001f17) x30 0x8000ffbe
core   0: 0x8000efc2 (0x043f2123) sw      gp, 66(t5)
core   0: 3 0x8000efc2 (0x043f2123) mem 0x80010000 0x00000001
core   0: 0x8000efc6 (0x0000bfe5) c.j     pc - 8
core   0: 3 0x8000efc6 (0xbfe5)
core   0: 0x8000efbe (0x00001f17) auipc   t5, 0x1
core   0: 3 0x8000efbe (0x00001f17) x30 0x8000ffbe
core   0: 0x8000efc2 (0x043f2123) sw      gp, 66(t5)
core   0: 3 0x8000efc2 (0x043f2123) mem 0x80010000 0x00000001
core   0: 0x8000efc6 (0x0000bfe5) c.j     pc - 8
core   0: 3 0x8000efc6 (0xbfe5)
core   0: 0x8000efbe (0x00001f17) auipc   t5, 0x1
core   0: 3 0x8000efbe (0x00001f17) x30 0x8000ffbe
core   0: 0x8000efc2 (0x043f2123) sw      gp, 66(t5)
core   0: 3 0x8000efc2 (0x043f2123) mem 0x80010000 0x00000001
core   0: 0x8000efc6 (0x0000bfe5) c.j     pc - 8
core   0: 3 0x8000efc6 (0xbfe5)
core   0: 0x8000efbe (0x00001f17) auipc   t5, 0x1
core   0: 3 0x8000efbe (0x00001f17) x30 0x8000ffbe
core   0: 0x8000efc2 (0x043f2123) sw      gp, 66(t5)
core   0: 3 0x8000efc2 (0x043f2123) mem 0x80010000 0x00000001
core   0: 0x8000efc6 (0x0000bfe5) c.j     pc - 8
core   0: 3 0x8000efc6 (0xbfe5)
core   0: 0x8000efbe (0x00001f17) auipc   t5, 0x1
core   0: 3 0x8000efbe (0x00001f17) x30 0x8000ffbe
core   0: 0x8000efc2 (0x043f2123) sw      gp, 66(t5)
core   0: 3 0x8000efc2 (0x043f2123) mem 0x80010000 0x00000001
core   0: 0x8000efc6 (0x0000bfe5) c.j     pc - 8
core   0: 3 0x8000efc6 (0xbfe5)
core   0: 0x8000efbe (0x00001f17) auipc   t5, 0x1
core   0: 3 0x8000efbe (0x00001f17) x30 0x8000ffbe
core   0: 0x8000efc2 (0x043f2123) sw      gp, 66(t5)
core   0: 3 0x8000efc2 (0x043f2123) mem 0x80010000 0x00000001
core   0: 0x8000efc6 (0x0000bfe5) c.j     pc - 8
core   0: 3 0x8000efc6 (0xbfe5)
core   0: 0x8000efbe (0x00001f17) auipc   t5, 0x1
core   0: 3 0x8000efbe (0x00001f17) x30 0x8000ffbe
core   0: 0x8000efc2 (0x043f2123) sw      gp, 66(t5)
core   0: 3 0x8000efc2 (0x043f2123) mem 0x80010000 0x00000001
core   0: 0x8000efc6 (0x0000bfe5) c.j     pc - 8
core   0: 3 0x8000efc6 (0xbfe5)
core   0: 0x8000efbe (0x00001f17) auipc   t5, 0x1
core   0: 3 0x8000efbe (0x00001f17) x30 0x8000ffbe
core   0: 0x8000efc2 (0x043f2123) sw      gp, 66(t5)
core   0: 3 0x8000efc2 (0x043f2123) mem 0x80010000 0x00000001
core   0: 0x8000efc6 (0x0000bfe5) c.j     pc - 8
core   0: 3 0x8000efc6 (0xbfe5)
core   0: 0x8000efbe (0x00001f17) auipc   t5, 0x1
core   0: 3 0x8000efbe (0x00001f17) x30 0x8000ffbe
core   0: 0x8000efc2 (0x043f2123) sw      gp, 66(t5)
core   0: 3 0x8000efc2 (0x043f2123) mem 0x80010000 0x00000001
core   0: 0x8000efc6 (0x0000bfe5) c.j     pc - 8
core   0: 3 0x8000efc6 (0xbfe5)
core   0: 0x8000efbe (0x00001f17) auipc   t5, 0x1
core   0: 3 0x8000efbe (0x00001f17) x30 0x8000ffbe
core   0: 0x8000efc2 (0x043f2123) sw      gp, 66(t5)
core   0: 3 0x8000efc2 (0x043f2123) mem 0x80010000 0x00000001
core   0: 0x8000efc6 (0x0000bfe5) c.j     pc - 8
core   0: 3 0x8000efc6 (0xbfe5)
core   0: 0x8000efbe (0x00001f17) auipc   t5, 0x1
core   0: 3 0x8000efbe (0x00001f17) x30 0x8000ffbe
core   0: 0x8000efc2 (0x043f2123) sw      gp, 66(t5)
core   0: 3 0x8000efc2 (0x043f2123) mem 0x80010000 0x00000001
core   0: 0x8000efc6 (0x0000bfe5) c.j     pc - 8
core   0: 3 0x8000efc6 (0xbfe5)
core   0: 0x8000efbe (0x00001f17) auipc   t5, 0x1
core   0: 3 0x8000efbe (0x00001f17) x30 0x8000ffbe
core   0: 0x8000efc2 (0x043f2123) sw      gp, 66(t5)
core   0: 3 0x8000efc2 (0x043f2123) mem 0x80010000 0x00000001
core   0: 0x8000efc6 (0x0000bfe5) c.j     pc - 8
core   0: 3 0x8000efc6 (0xbfe5)
core   0: 0x8000efbe (0x00001f17) auipc   t5, 0x1
core   0: 3 0x8000efbe (0x00001f17) x30 0x8000ffbe
core   0: 0x8000efc2 (0x043f2123) sw      gp, 66(t5)
core   0: 3 0x8000efc2 (0x043f2123) mem 0x80010000 0x00000001
core   0: 0x8000efc6 (0x0000bfe5) c.j     pc - 8
core   0: 3 0x8000efc6 (0xbfe5)
core   0: 0x8000efbe (0x00001f17) auipc   t5, 0x1
core   0: 3 0x8000efbe (0x00001f17) x30 0x8000ffbe
core   0: 0x8000efc2 (0x043f2123) sw      gp, 66(t5)
core   0: 3 0x8000efc2 (0x043f2123) mem 0x80010000 0x00000001
core   0: 0x8000efc6 (0x0000bfe5) c.j     pc - 8
core   0: 3 0x8000efc6 (0xbfe5)
core   0: 0x8000efbe (0x00001f17) auipc   t5, 0x1
core   0: 3 0x8000efbe (0x00001f17) x30 0x8000ffbe
core   0: 0x8000efc2 (0x043f2123) sw      gp, 66(t5)
core   0: 3 0x8000efc2 (0x043f2123) mem 0x80010000 0x00000001
core   0: 0x8000efc6 (0x0000bfe5) c.j     pc - 8
core   0: 3 0x8000efc6 (0xbfe5)
core   0: 0x8000efbe (0x00001f17) auipc   t5, 0x1
core   0: 3 0x8000efbe (0x00001f17) x30 0x8000ffbe
core   0: 0x8000efc2 (0x043f2123) sw      gp, 66(t5)
core   0: 3 0x8000efc2 (0x043f2123) mem 0x80010000 0x00000001
core   0: 0x8000efc6 (0x0000bfe5) c.j     pc - 8
core   0: 3 0x8000efc6 (0xbfe5)
core   0: 0x8000efbe (0x00001f17) auipc   t5, 0x1
core   0: 3 0x8000efbe (0x00001f17) x30 0x8000ffbe
core   0: 0x8000efc2 (0x043f2123) sw      gp, 66(t5)
core   0: 3 0x8000efc2 (0x043f2123) mem 0x80010000 0x00000001
core   0: 0x8000efc6 (0x0000bfe5) c.j     pc - 8
core   0: 3 0x8000efc6 (0xbfe5)
core   0: 0x8000efbe (0x00001f17) auipc   t5, 0x1
core   0: 3 0x8000efbe (0x00001f17) x30 0x8000ffbe
core   0: 0x8000efc2 (0x043f2123) sw      gp, 66(t5)
core   0: 3 0x8000efc2 (0x043f2123) mem 0x80010000 0x00000001
core   0: 0x8000efc6 (0x0000bfe5) c.j     pc - 8
core   0: 3 0x8000efc6 (0xbfe5)
core   0: 0x8000efbe (0x00001f17) auipc   t5, 0x1
core   0: 3 0x8000efbe (0x00001f17) x30 0x8000ffbe
core   0: 0x8000efc2 (0x043f2123) sw      gp, 66(t5)
core   0: 3 0x8000efc2 (0x043f2123) mem 0x80010000 0x00000001
core   0: 0x8000efc6 (0x0000bfe5) c.j     pc - 8
core   0: 3 0x8000efc6 (0xbfe5)
core   0: 0x8000efbe (0x00001f17) auipc   t5, 0x1
core   0: 3 0x8000efbe (0x00001f17) x30 0x8000ffbe
core   0: 0x8000efc2 (0x043f2123) sw      gp, 66(t5)
core   0: 3 0x8000efc2 (0x043f2123) mem 0x80010000 0x00000001
core   0: 0x8000efc6 (0x0000bfe5) c.j     pc - 8
core   0: 3 0x8000efc6 (0xbfe5)
core   0: 0x8000efbe (0x00001f17) auipc   t5, 0x1
core   0: 3 0x8000efbe (0x00001f17) x30 0x8000ffbe
core   0: 0x8000efc2 (0x043f2123) sw      gp, 66(t5)
core   0: 3 0x8000efc2 (0x043f2123) mem 0x80010000 0x00000001
core   0: 0x8000efc6 (0x0000bfe5) c.j     pc - 8
core   0: 3 0x8000efc6 (0xbfe5)
core   0: 0x8000efbe (0x00001f17) auipc   t5, 0x1
core   0: 3 0x8000efbe (0x00001f17) x30 0x8000ffbe
core   0: 0x8000efc2 (0x043f2123) sw      gp, 66(t5)
core   0: 3 0x8000efc2 (0x043f2123) mem 0x80010000 0x00000001
core   0: 0x8000efc6 (0x0000bfe5) c.j     pc - 8
core   0: 3 0x8000efc6 (0xbfe5)
core   0: 0x8000efbe (0x00001f17) auipc   t5, 0x1
core   0: 3 0x8000efbe (0x00001f17) x30 0x8000ffbe
core   0: 0x8000efc2 (0x043f2123) sw      gp, 66(t5)
core   0: 3 0x8000efc2 (0x043f2123) mem 0x80010000 0x00000001
core   0: 0x8000efc6 (0x0000bfe5) c.j     pc - 8
core   0: 3 0x8000efc6 (0xbfe5)
core   0: 0x8000efbe (0x00001f17) auipc   t5, 0x1
core   0: 3 0x8000efbe (0x00001f17) x30 0x8000ffbe
core   0: 0x8000efc2 (0x043f2123) sw      gp, 66(t5)
core   0: 3 0x8000efc2 (0x043f2123) mem 0x80010000 0x00000001
core   0: 0x8000efc6 (0x0000bfe5) c.j     pc - 8
core   0: 3 0x8000efc6 (0xbfe5)
core   0: 0x8000efbe (0x00001f17) auipc   t5, 0x1
core   0: 3 0x8000efbe (0x00001f17) x30 0x8000ffbe
core   0: 0x8000efc2 (0x043f2123) sw      gp, 66(t5)
core   0: 3 0x8000efc2 (0x043f2123) mem 0x80010000 0x00000001
core   0: 0x8000efc6 (0x0000bfe5) c.j     pc - 8
core   0: 3 0x8000efc6 (0xbfe5)
core   0: 0x8000efbe (0x00001f17) auipc   t5, 0x1
core   0: 3 0x8000efbe (0x00001f17) x30 0x8000ffbe
core   0: 0x8000efc2 (0x043f2123) sw      gp, 66(t5)
core   0: 3 0x8000efc2 (0x043f2123) mem 0x80010000 0x00000001
core   0: 0x8000efc6 (0x0000bfe5) c.j     pc - 8
core   0: 3 0x8000efc6 (0xbfe5)
core   0: 0x8000efbe (0x00001f17) auipc   t5, 0x1
core   0: 3 0x8000efbe (0x00001f17) x30 0x8000ffbe
core   0: 0x8000efc2 (0x043f2123) sw      gp, 66(t5)
core   0: 3 0x8000efc2 (0x043f2123) mem 0x80010000 0x00000001
core   0: 0x8000efc6 (0x0000bfe5) c.j     pc - 8
core   0: 3 0x8000efc6 (0xbfe5)
core   0: 0x8000efbe (0x00001f17) auipc   t5, 0x1
core   0: 3 0x8000efbe (0x00001f17) x30 0x8000ffbe
core   0: 0x8000efc2 (0x043f2123) sw      gp, 66(t5)
core   0: 3 0x8000efc2 (0x043f2123) mem 0x80010000 0x00000001
core   0: 0x8000efc6 (0x0000bfe5) c.j     pc - 8
core   0: 3 0x8000efc6 (0xbfe5)
core   0: 0x8000efbe (0x00001f17) auipc   t5, 0x1
core   0: 3 0x8000efbe (0x00001f17) x30 0x8000ffbe
core   0: 0x8000efc2 (0x043f2123) sw      gp, 66(t5)
core   0: 3 0x8000efc2 (0x043f2123) mem 0x80010000 0x00000001
core   0: 0x8000efc6 (0x0000bfe5) c.j     pc - 8
core   0: 3 0x8000efc6 (0xbfe5)
core   0: 0x8000efbe (0x00001f17) auipc   t5, 0x1
core   0: 3 0x8000efbe (0x00001f17) x30 0x8000ffbe
core   0: 0x8000efc2 (0x043f2123) sw      gp, 66(t5)
core   0: 3 0x8000efc2 (0x043f2123) mem 0x80010000 0x00000001
core   0: 0x8000efc6 (0x0000bfe5) c.j     pc - 8
core   0: 3 0x8000efc6 (0xbfe5)
core   0: 0x8000efbe (0x00001f17) auipc   t5, 0x1
core   0: 3 0x8000efbe (0x00001f17) x30 0x8000ffbe
core   0: 0x8000efc2 (0x043f2123) sw      gp, 66(t5)
core   0: 3 0x8000efc2 (0x043f2123) mem 0x80010000 0x00000001
core   0: 0x8000efc6 (0x0000bfe5) c.j     pc - 8
core   0: 3 0x8000efc6 (0xbfe5)
core   0: 0x8000efbe (0x00001f17) auipc   t5, 0x1
core   0: 3 0x8000efbe (0x00001f17) x30 0x8000ffbe
core   0: 0x8000efc2 (0x043f2123) sw      gp, 66(t5)
core   0: 3 0x8000efc2 (0x043f2123) mem 0x80010000 0x00000001
core   0: 0x8000efc6 (0x0000bfe5) c.j     pc - 8
core   0: 3 0x8000efc6 (0xbfe5)
core   0: 0x8000efbe (0x00001f17) auipc   t5, 0x1
core   0: 3 0x8000efbe (0x00001f17) x30 0x8000ffbe
core   0: 0x8000efc2 (0x043f2123) sw      gp, 66(t5)
core   0: 3 0x8000efc2 (0x043f2123) mem 0x80010000 0x00000001
core   0: 0x8000efc6 (0x0000bfe5) c.j     pc - 8
core   0: 3 0x8000efc6 (0xbfe5)
core   0: 0x8000efbe (0x00001f17) auipc   t5, 0x1
core   0: 3 0x8000efbe (0x00001f17) x30 0x8000ffbe
core   0: 0x8000efc2 (0x043f2123) sw      gp, 66(t5)
core   0: 3 0x8000efc2 (0x043f2123) mem 0x80010000 0x00000001
core   0: 0x8000efc6 (0x0000bfe5) c.j     pc - 8
core   0: 3 0x8000efc6 (0xbfe5)
core   0: 0x8000efbe (0x00001f17) auipc   t5, 0x1
core   0: 3 0x8000efbe (0x00001f17) x30 0x8000ffbe
core   0: 0x8000efc2 (0x043f2123) sw      gp, 66(t5)
core   0: 3 0x8000efc2 (0x043f2123) mem 0x80010000 0x00000001
core   0: 0x8000efc6 (0x0000bfe5) c.j     pc - 8
core   0: 3 0x8000efc6 (0xbfe5)
core   0: 0x8000efbe (0x00001f17) auipc   t5, 0x1
core   0: 3 0x8000efbe (0x00001f17) x30 0x8000ffbe
core   0: 0x8000efc2 (0x043f2123) sw      gp, 66(t5)
core   0: 3 0x8000efc2 (0x043f2123) mem 0x80010000 0x00000001
core   0: 0x8000efc6 (0x0000bfe5) c.j     pc - 8
core   0: 3 0x8000efc6 (0xbfe5)
core   0: 0x8000efbe (0x00001f17) auipc   t5, 0x1
core   0: 3 0x8000efbe (0x00001f17) x30 0x8000ffbe
core   0: 0x8000efc2 (0x043f2123) sw      gp, 66(t5)
core   0: 3 0x8000efc2 (0x043f2123) mem 0x80010000 0x00000001
core   0: 0x8000efc6 (0x0000bfe5) c.j     pc - 8
core   0: 3 0x8000efc6 (0xbfe5)
core   0: 0x8000efbe (0x00001f17) auipc   t5, 0x1
core   0: 3 0x8000efbe (0x00001f17) x30 0x8000ffbe
core   0: 0x8000efc2 (0x043f2123) sw      gp, 66(t5)
core   0: 3 0x8000efc2 (0x043f2123) mem 0x80010000 0x00000001
core   0: 0x8000efc6 (0x0000bfe5) c.j     pc - 8
core   0: 3 0x8000efc6 (0xbfe5)
core   0: 0x8000efbe (0x00001f17) auipc   t5, 0x1
core   0: 3 0x8000efbe (0x00001f17) x30 0x8000ffbe
core   0: 0x8000efc2 (0x043f2123) sw      gp, 66(t5)
core   0: 3 0x8000efc2 (0x043f2123) mem 0x80010000 0x00000001
core   0: 0x8000efc6 (0x0000bfe5) c.j     pc - 8
core   0: 3 0x8000efc6 (0xbfe5)
core   0: 0x8000efbe (0x00001f17) auipc   t5, 0x1
core   0: 3 0x8000efbe (0x00001f17) x30 0x8000ffbe
core   0: 0x8000efc2 (0x043f2123) sw      gp, 66(t5)
core   0: 3 0x8000efc2 (0x043f2123) mem 0x80010000 0x00000001
core   0: 0x8000efc6 (0x0000bfe5) c.j     pc - 8
core   0: 3 0x8000efc6 (0xbfe5)
core   0: 0x8000efbe (0x00001f17) auipc   t5, 0x1
core   0: 3 0x8000efbe (0x00001f17) x30 0x8000ffbe
core   0: 0x8000efc2 (0x043f2123) sw      gp, 66(t5)
core   0: 3 0x8000efc2 (0x043f2123) mem 0x80010000 0x00000001
core   0: 0x8000efc6 (0x0000bfe5) c.j     pc - 8
core   0: 3 0x8000efc6 (0xbfe5)
core   0: 0x8000efbe (0x00001f17) auipc   t5, 0x1
core   0: 3 0x8000efbe (0x00001f17) x30 0x8000ffbe
core   0: 0x8000efc2 (0x043f2123) sw      gp, 66(t5)
core   0: 3 0x8000efc2 (0x043f2123) mem 0x80010000 0x00000001
core   0: 0x8000efc6 (0x0000bfe5) c.j     pc - 8
core   0: 3 0x8000efc6 (0xbfe5)
core   0: 0x8000efbe (0x00001f17) auipc   t5, 0x1
core   0: 3 0x8000efbe (0x00001f17) x30 0x8000ffbe
core   0: 0x8000efc2 (0x043f2123) sw      gp, 66(t5)
core   0: 3 0x8000efc2 (0x043f2123) mem 0x80010000 0x00000001
core   0: 0x8000efc6 (0x0000bfe5) c.j     pc - 8
core   0: 3 0x8000efc6 (0xbfe5)
core   0: 0x8000efbe (0x00001f17) auipc   t5, 0x1
core   0: 3 0x8000efbe (0x00001f17) x30 0x8000ffbe
core   0: 0x8000efc2 (0x043f2123) sw      gp, 66(t5)
core   0: 3 0x8000efc2 (0x043f2123) mem 0x80010000 0x00000001
core   0: 0x8000efc6 (0x0000bfe5) c.j     pc - 8
core   0: 3 0x8000efc6 (0xbfe5)
core   0: 0x8000efbe (0x00001f17) auipc   t5, 0x1
core   0: 3 0x8000efbe (0x00001f17) x30 0x8000ffbe
core   0: 0x8000efc2 (0x043f2123) sw      gp, 66(t5)
core   0: 3 0x8000efc2 (0x043f2123) mem 0x80010000 0x00000001
core   0: 0x8000efc6 (0x0000bfe5) c.j     pc - 8
core   0: 3 0x8000efc6 (0xbfe5)
core   0: 0x8000efbe (0x00001f17) auipc   t5, 0x1
core   0: 3 0x8000efbe (0x00001f17) x30 0x8000ffbe
core   0: 0x8000efc2 (0x043f2123) sw      gp, 66(t5)
core   0: 3 0x8000efc2 (0x043f2123) mem 0x80010000 0x00000001
core   0: 0x8000efc6 (0x0000bfe5) c.j     pc - 8
core   0: 3 0x8000efc6 (0xbfe5)
core   0: 0x8000efbe (0x00001f17) auipc   t5, 0x1
core   0: 3 0x8000efbe (0x00001f17) x30 0x8000ffbe
core   0: 0x8000efc2 (0x043f2123) sw      gp, 66(t5)
core   0: 3 0x8000efc2 (0x043f2123) mem 0x80010000 0x00000001
core   0: 0x8000efc6 (0x0000bfe5) c.j     pc - 8
core   0: 3 0x8000efc6 (0xbfe5)
core   0: 0x8000efbe (0x00001f17) auipc   t5, 0x1
core   0: 3 0x8000efbe (0x00001f17) x30 0x8000ffbe
core   0: 0x8000efc2 (0x043f2123) sw      gp, 66(t5)
core   0: 3 0x8000efc2 (0x043f2123) mem 0x80010000 0x00000001
core   0: 0x8000efc6 (0x0000bfe5) c.j     pc - 8
core   0: 3 0x8000efc6 (0xbfe5)
core   0: 0x8000efbe (0x00001f17) auipc   t5, 0x1
core   0: 3 0x8000efbe (0x00001f17) x30 0x8000ffbe
core   0: 0x8000efc2 (0x043f2123) sw      gp, 66(t5)
core   0: 3 0x8000efc2 (0x043f2123) mem 0x80010000 0x00000001
core   0: 0x8000efc6 (0x0000bfe5) c.j     pc - 8
core   0: 3 0x8000efc6 (0xbfe5)
core   0: 0x8000efbe (0x00001f17) auipc   t5, 0x1
core   0: 3 0x8000efbe (0x00001f17) x30 0x8000ffbe
core   0: 0x8000efc2 (0x043f2123) sw      gp, 66(t5)
core   0: 3 0x8000efc2 (0x043f2123) mem 0x80010000 0x00000001
core   0: 0x8000efc6 (0x0000bfe5) c.j     pc - 8
core   0: 3 0x8000efc6 (0xbfe5)
core   0: 0x8000efbe (0x00001f17) auipc   t5, 0x1
core   0: 3 0x8000efbe (0x00001f17) x30 0x8000ffbe
core   0: 0x8000efc2 (0x043f2123) sw      gp, 66(t5)
core   0: 3 0x8000efc2 (0x043f2123) mem 0x80010000 0x00000001
core   0: 0x8000efc6 (0x0000bfe5) c.j     pc - 8
core   0: 3 0x8000efc6 (0xbfe5)
core   0: 0x8000efbe (0x00001f17) auipc   t5, 0x1
core   0: 3 0x8000efbe (0x00001f17) x30 0x8000ffbe
core   0: 0x8000efc2 (0x043f2123) sw      gp, 66(t5)
core   0: 3 0x8000efc2 (0x043f2123) mem 0x80010000 0x00000001
core   0: 0x8000efc6 (0x0000bfe5) c.j     pc - 8
core   0: 3 0x8000efc6 (0xbfe5)
core   0: 0x8000efbe (0x00001f17) auipc   t5, 0x1
core   0: 3 0x8000efbe (0x00001f17) x30 0x8000ffbe
core   0: 0x8000efc2 (0x043f2123) sw      gp, 66(t5)
core   0: 3 0x8000efc2 (0x043f2123) mem 0x80010000 0x00000001
core   0: 0x8000efc6 (0x0000bfe5) c.j     pc - 8
core   0: 3 0x8000efc6 (0xbfe5)
core   0: 0x8000efbe (0x00001f17) auipc   t5, 0x1
core   0: 3 0x8000efbe (0x00001f17) x30 0x8000ffbe
core   0: 0x8000efc2 (0x043f2123) sw      gp, 66(t5)
core   0: 3 0x8000efc2 (0x043f2123) mem 0x80010000 0x00000001
core   0: 0x8000efc6 (0x0000bfe5) c.j     pc - 8
core   0: 3 0x8000efc6 (0xbfe5)
core   0: 0x8000efbe (0x00001f17) auipc   t5, 0x1
core   0: 3 0x8000efbe (0x00001f17) x30 0x8000ffbe
core   0: 0x8000efc2 (0x043f2123) sw      gp, 66(t5)
core   0: 3 0x8000efc2 (0x043f2123) mem 0x80010000 0x00000001
core   0: 0x8000efc6 (0x0000bfe5) c.j     pc - 8
core   0: 3 0x8000efc6 (0xbfe5)
core   0: 0x8000efbe (0x00001f17) auipc   t5, 0x1
core   0: 3 0x8000efbe (0x00001f17) x30 0x8000ffbe
core   0: 0x8000efc2 (0x043f2123) sw      gp, 66(t5)
core   0: 3 0x8000efc2 (0x043f2123) mem 0x80010000 0x00000001
core   0: 0x8000efc6 (0x0000bfe5) c.j     pc - 8
core   0: 3 0x8000efc6 (0xbfe5)
core   0: 0x8000efbe (0x00001f17) auipc   t5, 0x1
core   0: 3 0x8000efbe (0x00001f17) x30 0x8000ffbe
core   0: 0x8000efc2 (0x043f2123) sw      gp, 66(t5)
core   0: 3 0x8000efc2 (0x043f2123) mem 0x80010000 0x00000001
core   0: 0x8000efc6 (0x0000bfe5) c.j     pc - 8
core   0: 3 0x8000efc6 (0xbfe5)
core   0: 0x8000efbe (0x00001f17) auipc   t5, 0x1
core   0: 3 0x8000efbe (0x00001f17) x30 0x8000ffbe
core   0: 0x8000efc2 (0x043f2123) sw      gp, 66(t5)
core   0: 3 0x8000efc2 (0x043f2123) mem 0x80010000 0x00000001
core   0: 0x8000efc6 (0x0000bfe5) c.j     pc - 8
core   0: 3 0x8000efc6 (0xbfe5)
core   0: 0x8000efbe (0x00001f17) auipc   t5, 0x1
core   0: 3 0x8000efbe (0x00001f17) x30 0x8000ffbe
core   0: 0x8000efc2 (0x043f2123) sw      gp, 66(t5)
core   0: 3 0x8000efc2 (0x043f2123) mem 0x80010000 0x00000001
core   0: 0x8000efc6 (0x0000bfe5) c.j     pc - 8
core   0: 3 0x8000efc6 (0xbfe5)
core   0: 0x8000efbe (0x00001f17) auipc   t5, 0x1
core   0: 3 0x8000efbe (0x00001f17) x30 0x8000ffbe
core   0: 0x8000efc2 (0x043f2123) sw      gp, 66(t5)
core   0: 3 0x8000efc2 (0x043f2123) mem 0x80010000 0x00000001
core   0: 0x8000efc6 (0x0000bfe5) c.j     pc - 8
core   0: 3 0x8000efc6 (0xbfe5)
core   0: 0x8000efbe (0x00001f17) auipc   t5, 0x1
core   0: 3 0x8000efbe (0x00001f17) x30 0x8000ffbe
core   0: 0x8000efc2 (0x043f2123) sw      gp, 66(t5)
core   0: 3 0x8000efc2 (0x043f2123) mem 0x80010000 0x00000001
core   0: 0x8000efc6 (0x0000bfe5) c.j     pc - 8
core   0: 3 0x8000efc6 (0xbfe5)
core   0: 0x8000efbe (0x00001f17) auipc   t5, 0x1
core   0: 3 0x8000efbe (0x00001f17) x30 0x8000ffbe
core   0: 0x8000efc2 (0x043f2123) sw      gp, 66(t5)
core   0: 3 0x8000efc2 (0x043f2123) mem 0x80010000 0x00000001
core   0: 0x8000efc6 (0x0000bfe5) c.j     pc - 8
core   0: 3 0x8000efc6 (0xbfe5)
core   0: 0x8000efbe (0x00001f17) auipc   t5, 0x1
core   0: 3 0x8000efbe (0x00001f17) x30 0x8000ffbe
core   0: 0x8000efc2 (0x043f2123) sw      gp, 66(t5)
core   0: 3 0x8000efc2 (0x043f2123) mem 0x80010000 0x00000001
core   0: 0x8000efc6 (0x0000bfe5) c.j     pc - 8
core   0: 3 0x8000efc6 (0xbfe5)
core   0: 0x8000efbe (0x00001f17) auipc   t5, 0x1
core   0: 3 0x8000efbe (0x00001f17) x30 0x8000ffbe
core   0: 0x8000efc2 (0x043f2123) sw      gp, 66(t5)
core   0: 3 0x8000efc2 (0x043f2123) mem 0x80010000 0x00000001
core   0: 0x8000efc6 (0x0000bfe5) c.j     pc - 8
core   0: 3 0x8000efc6 (0xbfe5)
core   0: 0x8000efbe (0x00001f17) auipc   t5, 0x1
core   0: 3 0x8000efbe (0x00001f17) x30 0x8000ffbe
core   0: 0x8000efc2 (0x043f2123) sw      gp, 66(t5)
core   0: 3 0x8000efc2 (0x043f2123) mem 0x80010000 0x00000001
core   0: 0x8000efc6 (0x0000bfe5) c.j     pc - 8
core   0: 3 0x8000efc6 (0xbfe5)
core   0: 0x8000efbe (0x00001f17) auipc   t5, 0x1
core   0: 3 0x8000efbe (0x00001f17) x30 0x8000ffbe
core   0: 0x8000efc2 (0x043f2123) sw      gp, 66(t5)
core   0: 3 0x8000efc2 (0x043f2123) mem 0x80010000 0x00000001
core   0: 0x8000efc6 (0x0000bfe5) c.j     pc - 8
core   0: 3 0x8000efc6 (0xbfe5)
core   0: 0x8000efbe (0x00001f17) auipc   t5, 0x1
core   0: 3 0x8000efbe (0x00001f17) x30 0x8000ffbe
core   0: 0x8000efc2 (0x043f2123) sw      gp, 66(t5)
core   0: 3 0x8000efc2 (0x043f2123) mem 0x80010000 0x00000001
core   0: 0x8000efc6 (0x0000bfe5) c.j     pc - 8
core   0: 3 0x8000efc6 (0xbfe5)
core   0: 0x8000efbe (0x00001f17) auipc   t5, 0x1
core   0: 3 0x8000efbe (0x00001f17) x30 0x8000ffbe
core   0: 0x8000efc2 (0x043f2123) sw      gp, 66(t5)
core   0: 3 0x8000efc2 (0x043f2123) mem 0x80010000 0x00000001
core   0: 0x8000efc6 (0x0000bfe5) c.j     pc - 8
core   0: 3 0x8000efc6 (0xbfe5)
core   0: 0x8000efbe (0x00001f17) auipc   t5, 0x1
core   0: 3 0x8000efbe (0x00001f17) x30 0x8000ffbe
core   0: 0x8000efc2 (0x043f2123) sw      gp, 66(t5)
core   0: 3 0x8000efc2 (0x043f2123) mem 0x80010000 0x00000001
core   0: 0x8000efc6 (0x0000bfe5) c.j     pc - 8
core   0: 3 0x8000efc6 (0xbfe5)
core   0: 0x8000efbe (0x00001f17) auipc   t5, 0x1
core   0: 3 0x8000efbe (0x00001f17) x30 0x8000ffbe
core   0: 0x8000efc2 (0x043f2123) sw      gp, 66(t5)
core   0: 3 0x8000efc2 (0x043f2123) mem 0x80010000 0x00000001
core   0: 0x8000efc6 (0x0000bfe5) c.j     pc - 8
core   0: 3 0x8000efc6 (0xbfe5)
core   0: 0x8000efbe (0x00001f17) auipc   t5, 0x1
core   0: 3 0x8000efbe (0x00001f17) x30 0x8000ffbe
core   0: 0x8000efc2 (0x043f2123) sw      gp, 66(t5)
core   0: 3 0x8000efc2 (0x043f2123) mem 0x80010000 0x00000001
core   0: 0x8000efc6 (0x0000bfe5) c.j     pc - 8
core   0: 3 0x8000efc6 (0xbfe5)
core   0: 0x8000efbe (0x00001f17) auipc   t5, 0x1
core   0: 3 0x8000efbe (0x00001f17) x30 0x8000ffbe
core   0: 0x8000efc2 (0x043f2123) sw      gp, 66(t5)
core   0: 3 0x8000efc2 (0x043f2123) mem 0x80010000 0x00000001
core   0: 0x8000efc6 (0x0000bfe5) c.j     pc - 8
core   0: 3 0x8000efc6 (0xbfe5)
core   0: 0x8000efbe (0x00001f17) auipc   t5, 0x1
core   0: 3 0x8000efbe (0x00001f17) x30 0x8000ffbe
core   0: 0x8000efc2 (0x043f2123) sw      gp, 66(t5)
core   0: 3 0x8000efc2 (0x043f2123) mem 0x80010000 0x00000001
core   0: 0x8000efc6 (0x0000bfe5) c.j     pc - 8
core   0: 3 0x8000efc6 (0xbfe5)
core   0: 0x8000efbe (0x00001f17) auipc   t5, 0x1
core   0: 3 0x8000efbe (0x00001f17) x30 0x8000ffbe
core   0: 0x8000efc2 (0x043f2123) sw      gp, 66(t5)
core   0: 3 0x8000efc2 (0x043f2123) mem 0x80010000 0x00000001
core   0: 0x8000efc6 (0x0000bfe5) c.j     pc - 8
core   0: 3 0x8000efc6 (0xbfe5)
core   0: 0x8000efbe (0x00001f17) auipc   t5, 0x1
core   0: 3 0x8000efbe (0x00001f17) x30 0x8000ffbe
core   0: 0x8000efc2 (0x043f2123) sw      gp, 66(t5)
core   0: 3 0x8000efc2 (0x043f2123) mem 0x80010000 0x00000001
core   0: 0x8000efc6 (0x0000bfe5) c.j     pc - 8
core   0: 3 0x8000efc6 (0xbfe5)
core   0: 0x8000efbe (0x00001f17) auipc   t5, 0x1
core   0: 3 0x8000efbe (0x00001f17) x30 0x8000ffbe
core   0: 0x8000efc2 (0x043f2123) sw      gp, 66(t5)
core   0: 3 0x8000efc2 (0x043f2123) mem 0x80010000 0x00000001
core   0: 0x8000efc6 (0x0000bfe5) c.j     pc - 8
core   0: 3 0x8000efc6 (0xbfe5)
core   0: 0x8000efbe (0x00001f17) auipc   t5, 0x1
core   0: 3 0x8000efbe (0x00001f17) x30 0x8000ffbe
core   0: 0x8000efc2 (0x043f2123) sw      gp, 66(t5)
core   0: 3 0x8000efc2 (0x043f2123) mem 0x80010000 0x00000001
core   0: 0x8000efc6 (0x0000bfe5) c.j     pc - 8
core   0: 3 0x8000efc6 (0xbfe5)
core   0: 0x8000efbe (0x00001f17) auipc   t5, 0x1
core   0: 3 0x8000efbe (0x00001f17) x30 0x8000ffbe
core   0: 0x8000efc2 (0x043f2123) sw      gp, 66(t5)
core   0: 3 0x8000efc2 (0x043f2123) mem 0x80010000 0x00000001
core   0: 0x8000efc6 (0x0000bfe5) c.j     pc - 8
core   0: 3 0x8000efc6 (0xbfe5)
core   0: 0x8000efbe (0x00001f17) auipc   t5, 0x1
core   0: 3 0x8000efbe (0x00001f17) x30 0x8000ffbe
core   0: 0x8000efc2 (0x043f2123) sw      gp, 66(t5)
core   0: 3 0x8000efc2 (0x043f2123) mem 0x80010000 0x00000001
core   0: 0x8000efc6 (0x0000bfe5) c.j     pc - 8
core   0: 3 0x8000efc6 (0xbfe5)
core   0: 0x8000efbe (0x00001f17) auipc   t5, 0x1
core   0: 3 0x8000efbe (0x00001f17) x30 0x8000ffbe
core   0: 0x8000efc2 (0x043f2123) sw      gp, 66(t5)
core   0: 3 0x8000efc2 (0x043f2123) mem 0x80010000 0x00000001
core   0: 0x8000efc6 (0x0000bfe5) c.j     pc - 8
core   0: 3 0x8000efc6 (0xbfe5)
core   0: 0x8000efbe (0x00001f17) auipc   t5, 0x1
core   0: 3 0x8000efbe (0x00001f17) x30 0x8000ffbe
core   0: 0x8000efc2 (0x043f2123) sw      gp, 66(t5)
core   0: 3 0x8000efc2 (0x043f2123) mem 0x80010000 0x00000001
core   0: 0x8000efc6 (0x0000bfe5) c.j     pc - 8
core   0: 3 0x8000efc6 (0xbfe5)
core   0: 0x8000efbe (0x00001f17) auipc   t5, 0x1
core   0: 3 0x8000efbe (0x00001f17) x30 0x8000ffbe
core   0: 0x8000efc2 (0x043f2123) sw      gp, 66(t5)
core   0: 3 0x8000efc2 (0x043f2123) mem 0x80010000 0x00000001
core   0: 0x8000efc6 (0x0000bfe5) c.j     pc - 8
core   0: 3 0x8000efc6 (0xbfe5)
core   0: 0x8000efbe (0x00001f17) auipc   t5, 0x1
core   0: 3 0x8000efbe (0x00001f17) x30 0x8000ffbe
core   0: 0x8000efc2 (0x043f2123) sw      gp, 66(t5)
core   0: 3 0x8000efc2 (0x043f2123) mem 0x80010000 0x00000001
core   0: 0x8000efc6 (0x0000bfe5) c.j     pc - 8
core   0: 3 0x8000efc6 (0xbfe5)
core   0: 0x8000efbe (0x00001f17) auipc   t5, 0x1
core   0: 3 0x8000efbe (0x00001f17) x30 0x8000ffbe
core   0: 0x8000efc2 (0x043f2123) sw      gp, 66(t5)
core   0: 3 0x8000efc2 (0x043f2123) mem 0x80010000 0x00000001
core   0: 0x8000efc6 (0x0000bfe5) c.j     pc - 8
core   0: 3 0x8000efc6 (0xbfe5)
core   0: 0x8000efbe (0x00001f17) auipc   t5, 0x1
core   0: 3 0x8000efbe (0x00001f17) x30 0x8000ffbe
core   0: 0x8000efc2 (0x043f2123) sw      gp, 66(t5)
core   0: 3 0x8000efc2 (0x043f2123) mem 0x80010000 0x00000001
core   0: 0x8000efc6 (0x0000bfe5) c.j     pc - 8
core   0: 3 0x8000efc6 (0xbfe5)
core   0: 0x8000efbe (0x00001f17) auipc   t5, 0x1
core   0: 3 0x8000efbe (0x00001f17) x30 0x8000ffbe
core   0: 0x8000efc2 (0x043f2123) sw      gp, 66(t5)
core   0: 3 0x8000efc2 (0x043f2123) mem 0x80010000 0x00000001
core   0: 0x8000efc6 (0x0000bfe5) c.j     pc - 8
core   0: 3 0x8000efc6 (0xbfe5)
core   0: 0x8000efbe (0x00001f17) auipc   t5, 0x1
core   0: 3 0x8000efbe (0x00001f17) x30 0x8000ffbe
core   0: 0x8000efc2 (0x043f2123) sw      gp, 66(t5)
core   0: 3 0x8000efc2 (0x043f2123) mem 0x80010000 0x00000001
core   0: 0x8000efc6 (0x0000bfe5) c.j     pc - 8
core   0: 3 0x8000efc6 (0xbfe5)
core   0: 0x8000efbe (0x00001f17) auipc   t5, 0x1
core   0: 3 0x8000efbe (0x00001f17) x30 0x8000ffbe
core   0: 0x8000efc2 (0x043f2123) sw      gp, 66(t5)
core   0: 3 0x8000efc2 (0x043f2123) mem 0x80010000 0x00000001
core   0: 0x8000efc6 (0x0000bfe5) c.j     pc - 8
core   0: 3 0x8000efc6 (0xbfe5)
core   0: 0x8000efbe (0x00001f17) auipc   t5, 0x1
core   0: 3 0x8000efbe (0x00001f17) x30 0x8000ffbe
core   0: 0x8000efc2 (0x043f2123) sw      gp, 66(t5)
core   0: 3 0x8000efc2 (0x043f2123) mem 0x80010000 0x00000001
core   0: 0x8000efc6 (0x0000bfe5) c.j     pc - 8
core   0: 3 0x8000efc6 (0xbfe5)
core   0: 0x8000efbe (0x00001f17) auipc   t5, 0x1
core   0: 3 0x8000efbe (0x00001f17) x30 0x8000ffbe
core   0: 0x8000efc2 (0x043f2123) sw      gp, 66(t5)
core   0: 3 0x8000efc2 (0x043f2123) mem 0x80010000 0x00000001
core   0: 0x8000efc6 (0x0000bfe5) c.j     pc - 8
core   0: 3 0x8000efc6 (0xbfe5)
core   0: 0x8000efbe (0x00001f17) auipc   t5, 0x1
core   0: 3 0x8000efbe (0x00001f17) x30 0x8000ffbe
core   0: 0x8000efc2 (0x043f2123) sw      gp, 66(t5)
core   0: 3 0x8000efc2 (0x043f2123) mem 0x80010000 0x00000001
core   0: 0x8000efc6 (0x0000bfe5) c.j     pc - 8
core   0: 3 0x8000efc6 (0xbfe5)
core   0: 0x8000efbe (0x00001f17) auipc   t5, 0x1
core   0: 3 0x8000efbe (0x00001f17) x30 0x8000ffbe
core   0: 0x8000efc2 (0x043f2123) sw      gp, 66(t5)
core   0: 3 0x8000efc2 (0x043f2123) mem 0x80010000 0x00000001
core   0: 0x8000efc6 (0x0000bfe5) c.j     pc - 8
core   0: 3 0x8000efc6 (0xbfe5)
core   0: 0x8000efbe (0x00001f17) auipc   t5, 0x1
core   0: 3 0x8000efbe (0x00001f17) x30 0x8000ffbe
core   0: 0x8000efc2 (0x043f2123) sw      gp, 66(t5)
core   0: 3 0x8000efc2 (0x043f2123) mem 0x80010000 0x00000001
core   0: 0x8000efc6 (0x0000bfe5) c.j     pc - 8
core   0: 3 0x8000efc6 (0xbfe5)
core   0: 0x8000efbe (0x00001f17) auipc   t5, 0x1
core   0: 3 0x8000efbe (0x00001f17) x30 0x8000ffbe
core   0: 0x8000efc2 (0x043f2123) sw      gp, 66(t5)
core   0: 3 0x8000efc2 (0x043f2123) mem 0x80010000 0x00000001
core   0: 0x8000efc6 (0x0000bfe5) c.j     pc - 8
core   0: 3 0x8000efc6 (0xbfe5)
core   0: 0x8000efbe (0x00001f17) auipc   t5, 0x1
core   0: 3 0x8000efbe (0x00001f17) x30 0x8000ffbe
core   0: 0x8000efc2 (0x043f2123) sw      gp, 66(t5)
core   0: 3 0x8000efc2 (0x043f2123) mem 0x80010000 0x00000001
core   0: 0x8000efc6 (0x0000bfe5) c.j     pc - 8
core   0: 3 0x8000efc6 (0xbfe5)
core   0: 0x8000efbe (0x00001f17) auipc   t5, 0x1
core   0: 3 0x8000efbe (0x00001f17) x30 0x8000ffbe
core   0: 0x8000efc2 (0x043f2123) sw      gp, 66(t5)
core   0: 3 0x8000efc2 (0x043f2123) mem 0x80010000 0x00000001
core   0: 0x8000efc6 (0x0000bfe5) c.j     pc - 8
core   0: 3 0x8000efc6 (0xbfe5)
core   0: 0x8000efbe (0x00001f17) auipc   t5, 0x1
core   0: 3 0x8000efbe (0x00001f17) x30 0x8000ffbe
core   0: 0x8000efc2 (0x043f2123) sw      gp, 66(t5)
core   0: 3 0x8000efc2 (0x043f2123) mem 0x80010000 0x00000001
core   0: 0x8000efc6 (0x0000bfe5) c.j     pc - 8
core   0: 3 0x8000efc6 (0xbfe5)
core   0: 0x8000efbe (0x00001f17) auipc   t5, 0x1
core   0: 3 0x8000efbe (0x00001f17) x30 0x8000ffbe
core   0: 0x8000efc2 (0x043f2123) sw      gp, 66(t5)
core   0: 3 0x8000efc2 (0x043f2123) mem 0x80010000 0x00000001
core   0: 0x8000efc6 (0x0000bfe5) c.j     pc - 8
core   0: 3 0x8000efc6 (0xbfe5)
core   0: 0x8000efbe (0x00001f17) auipc   t5, 0x1
core   0: 3 0x8000efbe (0x00001f17) x30 0x8000ffbe
core   0: 0x8000efc2 (0x043f2123) sw      gp, 66(t5)
core   0: 3 0x8000efc2 (0x043f2123) mem 0x80010000 0x00000001
core   0: 0x8000efc6 (0x0000bfe5) c.j     pc - 8
core   0: 3 0x8000efc6 (0xbfe5)
core   0: 0x8000efbe (0x00001f17) auipc   t5, 0x1
core   0: 3 0x8000efbe (0x00001f17) x30 0x8000ffbe
core   0: 0x8000efc2 (0x043f2123) sw      gp, 66(t5)
core   0: 3 0x8000efc2 (0x043f2123) mem 0x80010000 0x00000001
core   0: 0x8000efc6 (0x0000bfe5) c.j     pc - 8
core   0: 3 0x8000efc6 (0xbfe5)
core   0: 0x8000efbe (0x00001f17) auipc   t5, 0x1
core   0: 3 0x8000efbe (0x00001f17) x30 0x8000ffbe
core   0: 0x8000efc2 (0x043f2123) sw      gp, 66(t5)
core   0: 3 0x8000efc2 (0x043f2123) mem 0x80010000 0x00000001
core   0: 0x8000efc6 (0x0000bfe5) c.j     pc - 8
core   0: 3 0x8000efc6 (0xbfe5)
core   0: 0x8000efbe (0x00001f17) auipc   t5, 0x1
core   0: 3 0x8000efbe (0x00001f17) x30 0x8000ffbe
core   0: 0x8000efc2 (0x043f2123) sw      gp, 66(t5)
core   0: 3 0x8000efc2 (0x043f2123) mem 0x80010000 0x00000001
core   0: 0x8000efc6 (0x0000bfe5) c.j     pc - 8
core   0: 3 0x8000efc6 (0xbfe5)
core   0: 0x8000efbe (0x00001f17) auipc   t5, 0x1
core   0: 3 0x8000efbe (0x00001f17) x30 0x8000ffbe
core   0: 0x8000efc2 (0x043f2123) sw      gp, 66(t5)
core   0: 3 0x8000efc2 (0x043f2123) mem 0x80010000 0x00000001
core   0: 0x8000efc6 (0x0000bfe5) c.j     pc - 8
core   0: 3 0x8000efc6 (0xbfe5)
core   0: 0x8000efbe (0x00001f17) auipc   t5, 0x1
core   0: 3 0x8000efbe (0x00001f17) x30 0x8000ffbe
core   0: 0x8000efc2 (0x043f2123) sw      gp, 66(t5)
core   0: 3 0x8000efc2 (0x043f2123) mem 0x80010000 0x00000001
core   0: 0x8000efc6 (0x0000bfe5) c.j     pc - 8
core   0: 3 0x8000efc6 (0xbfe5)
core   0: 0x8000efbe (0x00001f17) auipc   t5, 0x1
core   0: 3 0x8000efbe (0x00001f17) x30 0x8000ffbe
core   0: 0x8000efc2 (0x043f2123) sw      gp, 66(t5)
core   0: 3 0x8000efc2 (0x043f2123) mem 0x80010000 0x00000001
core   0: 0x8000efc6 (0x0000bfe5) c.j     pc - 8
core   0: 3 0x8000efc6 (0xbfe5)
core   0: 0x8000efbe (0x00001f17) auipc   t5, 0x1
core   0: 3 0x8000efbe (0x00001f17) x30 0x8000ffbe
core   0: 0x8000efc2 (0x043f2123) sw      gp, 66(t5)
core   0: 3 0x8000efc2 (0x043f2123) mem 0x80010000 0x00000001
core   0: 0x8000efc6 (0x0000bfe5) c.j     pc - 8
core   0: 3 0x8000efc6 (0xbfe5)
core   0: 0x8000efbe (0x00001f17) auipc   t5, 0x1
core   0: 3 0x8000efbe (0x00001f17) x30 0x8000ffbe
core   0: 0x8000efc2 (0x043f2123) sw      gp, 66(t5)
core   0: 3 0x8000efc2 (0x043f2123) mem 0x80010000 0x00000001
core   0: 0x8000efc6 (0x0000bfe5) c.j     pc - 8
core   0: 3 0x8000efc6 (0xbfe5)
core   0: 0x8000efbe (0x00001f17) auipc   t5, 0x1
core   0: 3 0x8000efbe (0x00001f17) x30 0x8000ffbe
core   0: 0x8000efc2 (0x043f2123) sw      gp, 66(t5)
core   0: 3 0x8000efc2 (0x043f2123) mem 0x80010000 0x00000001
core   0: 0x8000efc6 (0x0000bfe5) c.j     pc - 8
core   0: 3 0x8000efc6 (0xbfe5)
core   0: 0x8000efbe (0x00001f17) auipc   t5, 0x1
core   0: 3 0x8000efbe (0x00001f17) x30 0x8000ffbe
core   0: 0x8000efc2 (0x043f2123) sw      gp, 66(t5)
core   0: 3 0x8000efc2 (0x043f2123) mem 0x80010000 0x00000001
core   0: 0x8000efc6 (0x0000bfe5) c.j     pc - 8
core   0: 3 0x8000efc6 (0xbfe5)
core   0: 0x8000efbe (0x00001f17) auipc   t5, 0x1
core   0: 3 0x8000efbe (0x00001f17) x30 0x8000ffbe
core   0: 0x8000efc2 (0x043f2123) sw      gp, 66(t5)
core   0: 3 0x8000efc2 (0x043f2123) mem 0x80010000 0x00000001
core   0: 0x8000efc6 (0x0000bfe5) c.j     pc - 8
core   0: 3 0x8000efc6 (0xbfe5)
core   0: 0x8000efbe (0x00001f17) auipc   t5, 0x1
core   0: 3 0x8000efbe (0x00001f17) x30 0x8000ffbe
core   0: 0x8000efc2 (0x043f2123) sw      gp, 66(t5)
core   0: 3 0x8000efc2 (0x043f2123) mem 0x80010000 0x00000001
core   0: 0x8000efc6 (0x0000bfe5) c.j     pc - 8
core   0: 3 0x8000efc6 (0xbfe5)
core   0: 0x8000efbe (0x00001f17) auipc   t5, 0x1
core   0: 3 0x8000efbe (0x00001f17) x30 0x8000ffbe
core   0: 0x8000efc2 (0x043f2123) sw      gp, 66(t5)
core   0: 3 0x8000efc2 (0x043f2123) mem 0x80010000 0x00000001
core   0: 0x8000efc6 (0x0000bfe5) c.j     pc - 8
core   0: 3 0x8000efc6 (0xbfe5)
core   0: 0x8000efbe (0x00001f17) auipc   t5, 0x1
core   0: 3 0x8000efbe (0x00001f17) x30 0x8000ffbe
core   0: 0x8000efc2 (0x043f2123) sw      gp, 66(t5)
core   0: 3 0x8000efc2 (0x043f2123) mem 0x80010000 0x00000001
core   0: 0x8000efc6 (0x0000bfe5) c.j     pc - 8
core   0: 3 0x8000efc6 (0xbfe5)
core   0: 0x8000efbe (0x00001f17) auipc   t5, 0x1
core   0: 3 0x8000efbe (0x00001f17) x30 0x8000ffbe
core   0: 0x8000efc2 (0x043f2123) sw      gp, 66(t5)
core   0: 3 0x8000efc2 (0x043f2123) mem 0x80010000 0x00000001
core   0: 0x8000efc6 (0x0000bfe5) c.j     pc - 8
core   0: 3 0x8000efc6 (0xbfe5)
core   0: 0x8000efbe (0x00001f17) auipc   t5, 0x1
core   0: 3 0x8000efbe (0x00001f17) x30 0x8000ffbe
core   0: 0x8000efc2 (0x043f2123) sw      gp, 66(t5)
core   0: 3 0x8000efc2 (0x043f2123) mem 0x80010000 0x00000001
core   0: 0x8000efc6 (0x0000bfe5) c.j     pc - 8
core   0: 3 0x8000efc6 (0xbfe5)
core   0: 0x8000efbe (0x00001f17) auipc   t5, 0x1
core   0: 3 0x8000efbe (0x00001f17) x30 0x8000ffbe
core   0: 0x8000efc2 (0x043f2123) sw      gp, 66(t5)
core   0: 3 0x8000efc2 (0x043f2123) mem 0x80010000 0x00000001
core   0: 0x8000efc6 (0x0000bfe5) c.j     pc - 8
core   0: 3 0x8000efc6 (0xbfe5)
core   0: 0x8000efbe (0x00001f17) auipc   t5, 0x1
core   0: 3 0x8000efbe (0x00001f17) x30 0x8000ffbe
core   0: 0x8000efc2 (0x043f2123) sw      gp, 66(t5)
core   0: 3 0x8000efc2 (0x043f2123) mem 0x80010000 0x00000001
core   0: 0x8000efc6 (0x0000bfe5) c.j     pc - 8
core   0: 3 0x8000efc6 (0xbfe5)
core   0: 0x8000efbe (0x00001f17) auipc   t5, 0x1
core   0: 3 0x8000efbe (0x00001f17) x30 0x8000ffbe
core   0: 0x8000efc2 (0x043f2123) sw      gp, 66(t5)
core   0: 3 0x8000efc2 (0x043f2123) mem 0x80010000 0x00000001
core   0: 0x8000efc6 (0x0000bfe5) c.j     pc - 8
core   0: 3 0x8000efc6 (0xbfe5)
core   0: 0x8000efbe (0x00001f17) auipc   t5, 0x1
core   0: 3 0x8000efbe (0x00001f17) x30 0x8000ffbe
core   0: 0x8000efc2 (0x043f2123) sw      gp, 66(t5)
core   0: 3 0x8000efc2 (0x043f2123) mem 0x80010000 0x00000001
core   0: 0x8000efc6 (0x0000bfe5) c.j     pc - 8
core   0: 3 0x8000efc6 (0xbfe5)
core   0: 0x8000efbe (0x00001f17) auipc   t5, 0x1
core   0: 3 0x8000efbe (0x00001f17) x30 0x8000ffbe
core   0: 0x8000efc2 (0x043f2123) sw      gp, 66(t5)
core   0: 3 0x8000efc2 (0x043f2123) mem 0x80010000 0x00000001
core   0: 0x8000efc6 (0x0000bfe5) c.j     pc - 8
core   0: 3 0x8000efc6 (0xbfe5)
core   0: 0x8000efbe (0x00001f17) auipc   t5, 0x1
core   0: 3 0x8000efbe (0x00001f17) x30 0x8000ffbe
core   0: 0x8000efc2 (0x043f2123) sw      gp, 66(t5)
core   0: 3 0x8000efc2 (0x043f2123) mem 0x80010000 0x00000001
core   0: 0x8000efc6 (0x0000bfe5) c.j     pc - 8
core   0: 3 0x8000efc6 (0xbfe5)
core   0: 0x8000efbe (0x00001f17) auipc   t5, 0x1
core   0: 3 0x8000efbe (0x00001f17) x30 0x8000ffbe
core   0: 0x8000efc2 (0x043f2123) sw      gp, 66(t5)
core   0: 3 0x8000efc2 (0x043f2123) mem 0x80010000 0x00000001
core   0: 0x8000efc6 (0x0000bfe5) c.j     pc - 8
core   0: 3 0x8000efc6 (0xbfe5)
core   0: 0x8000efbe (0x00001f17) auipc   t5, 0x1
core   0: 3 0x8000efbe (0x00001f17) x30 0x8000ffbe
core   0: 0x8000efc2 (0x043f2123) sw      gp, 66(t5)
core   0: 3 0x8000efc2 (0x043f2123) mem 0x80010000 0x00000001
core   0: 0x8000efc6 (0x0000bfe5) c.j     pc - 8
core   0: 3 0x8000efc6 (0xbfe5)
core   0: 0x8000efbe (0x00001f17) auipc   t5, 0x1
core   0: 3 0x8000efbe (0x00001f17) x30 0x8000ffbe
core   0: 0x8000efc2 (0x043f2123) sw      gp, 66(t5)
core   0: 3 0x8000efc2 (0x043f2123) mem 0x80010000 0x00000001
core   0: 0x8000efc6 (0x0000bfe5) c.j     pc - 8
core   0: 3 0x8000efc6 (0xbfe5)
core   0: 0x8000efbe (0x00001f17) auipc   t5, 0x1
core   0: 3 0x8000efbe (0x00001f17) x30 0x8000ffbe
core   0: 0x8000efc2 (0x043f2123) sw      gp, 66(t5)
core   0: 3 0x8000efc2 (0x043f2123) mem 0x80010000 0x00000001
core   0: 0x8000efc6 (0x0000bfe5) c.j     pc - 8
core   0: 3 0x8000efc6 (0xbfe5)
core   0: 0x8000efbe (0x00001f17) auipc   t5, 0x1
core   0: 3 0x8000efbe (0x00001f17) x30 0x8000ffbe
core   0: 0x8000efc2 (0x043f2123) sw      gp, 66(t5)
core   0: 3 0x8000efc2 (0x043f2123) mem 0x80010000 0x00000001
core   0: 0x8000efc6 (0x0000bfe5) c.j     pc - 8
core   0: 3 0x8000efc6 (0xbfe5)
core   0: 0x8000efbe (0x00001f17) auipc   t5, 0x1
core   0: 3 0x8000efbe (0x00001f17) x30 0x8000ffbe
core   0: 0x8000efc2 (0x043f2123) sw      gp, 66(t5)
core   0: 3 0x8000efc2 (0x043f2123) mem 0x80010000 0x00000001
core   0: 0x8000efc6 (0x0000bfe5) c.j     pc - 8
core   0: 3 0x8000efc6 (0xbfe5)
core   0: 0x8000efbe (0x00001f17) auipc   t5, 0x1
core   0: 3 0x8000efbe (0x00001f17) x30 0x8000ffbe
core   0: 0x8000efc2 (0x043f2123) sw      gp, 66(t5)
core   0: 3 0x8000efc2 (0x043f2123) mem 0x80010000 0x00000001
core   0: 0x8000efc6 (0x0000bfe5) c.j     pc - 8
core   0: 3 0x8000efc6 (0xbfe5)
core   0: 0x8000efbe (0x00001f17) auipc   t5, 0x1
core   0: 3 0x8000efbe (0x00001f17) x30 0x8000ffbe
core   0: 0x8000efc2 (0x043f2123) sw      gp, 66(t5)
core   0: 3 0x8000efc2 (0x043f2123) mem 0x80010000 0x00000001
core   0: 0x8000efc6 (0x0000bfe5) c.j     pc - 8
core   0: 3 0x8000efc6 (0xbfe5)
core   0: 0x8000efbe (0x00001f17) auipc   t5, 0x1
core   0: 3 0x8000efbe (0x00001f17) x30 0x8000ffbe
core   0: 0x8000efc2 (0x043f2123) sw      gp, 66(t5)
core   0: 3 0x8000efc2 (0x043f2123) mem 0x80010000 0x00000001
core   0: 0x8000efc6 (0x0000bfe5) c.j     pc - 8
core   0: 3 0x8000efc6 (0xbfe5)
core   0: 0x8000efbe (0x00001f17) auipc   t5, 0x1
core   0: 3 0x8000efbe (0x00001f17) x30 0x8000ffbe
core   0: 0x8000efc2 (0x043f2123) sw      gp, 66(t5)
core   0: 3 0x8000efc2 (0x043f2123) mem 0x80010000 0x00000001
core   0: 0x8000efc6 (0x0000bfe5) c.j     pc - 8
core   0: 3 0x8000efc6 (0xbfe5)
core   0: 0x8000efbe (0x00001f17) auipc   t5, 0x1
core   0: 3 0x8000efbe (0x00001f17) x30 0x8000ffbe
core   0: 0x8000efc2 (0x043f2123) sw      gp, 66(t5)
core   0: 3 0x8000efc2 (0x043f2123) mem 0x80010000 0x00000001
core   0: 0x8000efc6 (0x0000bfe5) c.j     pc - 8
core   0: 3 0x8000efc6 (0xbfe5)
core   0: 0x8000efbe (0x00001f17) auipc   t5, 0x1
core   0: 3 0x8000efbe (0x00001f17) x30 0x8000ffbe
core   0: 0x8000efc2 (0x043f2123) sw      gp, 66(t5)
core   0: 3 0x8000efc2 (0x043f2123) mem 0x80010000 0x00000001
core   0: 0x8000efc6 (0x0000bfe5) c.j     pc - 8
core   0: 3 0x8000efc6 (0xbfe5)
core   0: 0x8000efbe (0x00001f17) auipc   t5, 0x1
core   0: 3 0x8000efbe (0x00001f17) x30 0x8000ffbe
core   0: 0x8000efc2 (0x043f2123) sw      gp, 66(t5)
core   0: 3 0x8000efc2 (0x043f2123) mem 0x80010000 0x00000001
core   0: 0x8000efc6 (0x0000bfe5) c.j     pc - 8
core   0: 3 0x8000efc6 (0xbfe5)
core   0: 0x8000efbe (0x00001f17) auipc   t5, 0x1
core   0: 3 0x8000efbe (0x00001f17) x30 0x8000ffbe
core   0: 0x8000efc2 (0x043f2123) sw      gp, 66(t5)
core   0: 3 0x8000efc2 (0x043f2123) mem 0x80010000 0x00000001
core   0: 0x8000efc6 (0x0000bfe5) c.j     pc - 8
core   0: 3 0x8000efc6 (0xbfe5)
core   0: 0x8000efbe (0x00001f17) auipc   t5, 0x1
core   0: 3 0x8000efbe (0x00001f17) x30 0x8000ffbe
core   0: 0x8000efc2 (0x043f2123) sw      gp, 66(t5)
core   0: 3 0x8000efc2 (0x043f2123) mem 0x80010000 0x00000001
core   0: 0x8000efc6 (0x0000bfe5) c.j     pc - 8
core   0: 3 0x8000efc6 (0xbfe5)
core   0: 0x8000efbe (0x00001f17) auipc   t5, 0x1
core   0: 3 0x8000efbe (0x00001f17) x30 0x8000ffbe
core   0: 0x8000efc2 (0x043f2123) sw      gp, 66(t5)
core   0: 3 0x8000efc2 (0x043f2123) mem 0x80010000 0x00000001
core   0: 0x8000efc6 (0x0000bfe5) c.j     pc - 8
core   0: 3 0x8000efc6 (0xbfe5)
core   0: 0x8000efbe (0x00001f17) auipc   t5, 0x1
core   0: 3 0x8000efbe (0x00001f17) x30 0x8000ffbe
core   0: 0x8000efc2 (0x043f2123) sw      gp, 66(t5)
core   0: 3 0x8000efc2 (0x043f2123) mem 0x80010000 0x00000001
core   0: 0x8000efc6 (0x0000bfe5) c.j     pc - 8
core   0: 3 0x8000efc6 (0xbfe5)
core   0: 0x8000efbe (0x00001f17) auipc   t5, 0x1
core   0: 3 0x8000efbe (0x00001f17) x30 0x8000ffbe
core   0: 0x8000efc2 (0x043f2123) sw      gp, 66(t5)
core   0: 3 0x8000efc2 (0x043f2123) mem 0x80010000 0x00000001
core   0: 0x8000efc6 (0x0000bfe5) c.j     pc - 8
core   0: 3 0x8000efc6 (0xbfe5)
core   0: 0x8000efbe (0x00001f17) auipc   t5, 0x1
core   0: 3 0x8000efbe (0x00001f17) x30 0x8000ffbe
core   0: 0x8000efc2 (0x043f2123) sw      gp, 66(t5)
core   0: 3 0x8000efc2 (0x043f2123) mem 0x80010000 0x00000001
core   0: 0x8000efc6 (0x0000bfe5) c.j     pc - 8
core   0: 3 0x8000efc6 (0xbfe5)
core   0: 0x8000efbe (0x00001f17) auipc   t5, 0x1
core   0: 3 0x8000efbe (0x00001f17) x30 0x8000ffbe
core   0: 0x8000efc2 (0x043f2123) sw      gp, 66(t5)
core   0: 3 0x8000efc2 (0x043f2123) mem 0x80010000 0x00000001
core   0: 0x8000efc6 (0x0000bfe5) c.j     pc - 8
core   0: 3 0x8000efc6 (0xbfe5)
core   0: 0x8000efbe (0x00001f17) auipc   t5, 0x1
core   0: 3 0x8000efbe (0x00001f17) x30 0x8000ffbe
core   0: 0x8000efc2 (0x043f2123) sw      gp, 66(t5)
core   0: 3 0x8000efc2 (0x043f2123) mem 0x80010000 0x00000001
core   0: 0x8000efc6 (0x0000bfe5) c.j     pc - 8
core   0: 3 0x8000efc6 (0xbfe5)
core   0: 0x8000efbe (0x00001f17) auipc   t5, 0x1
core   0: 3 0x8000efbe (0x00001f17) x30 0x8000ffbe
core   0: 0x8000efc2 (0x043f2123) sw      gp, 66(t5)
core   0: 3 0x8000efc2 (0x043f2123) mem 0x80010000 0x00000001
core   0: 0x8000efc6 (0x0000bfe5) c.j     pc - 8
core   0: 3 0x8000efc6 (0xbfe5)
core   0: 0x8000efbe (0x00001f17) auipc   t5, 0x1
core   0: 3 0x8000efbe (0x00001f17) x30 0x8000ffbe
core   0: 0x8000efc2 (0x043f2123) sw      gp, 66(t5)
core   0: 3 0x8000efc2 (0x043f2123) mem 0x80010000 0x00000001
core   0: 0x8000efc6 (0x0000bfe5) c.j     pc - 8
core   0: 3 0x8000efc6 (0xbfe5)
core   0: 0x8000efbe (0x00001f17) auipc   t5, 0x1
core   0: 3 0x8000efbe (0x00001f17) x30 0x8000ffbe
core   0: 0x8000efc2 (0x043f2123) sw      gp, 66(t5)
core   0: 3 0x8000efc2 (0x043f2123) mem 0x80010000 0x00000001
core   0: 0x8000efc6 (0x0000bfe5) c.j     pc - 8
core   0: 3 0x8000efc6 (0xbfe5)
core   0: 0x8000efbe (0x00001f17) auipc   t5, 0x1
core   0: 3 0x8000efbe (0x00001f17) x30 0x8000ffbe
core   0: 0x8000efc2 (0x043f2123) sw      gp, 66(t5)
core   0: 3 0x8000efc2 (0x043f2123) mem 0x80010000 0x00000001
core   0: 0x8000efc6 (0x0000bfe5) c.j     pc - 8
core   0: 3 0x8000efc6 (0xbfe5)
core   0: 0x8000efbe (0x00001f17) auipc   t5, 0x1
core   0: 3 0x8000efbe (0x00001f17) x30 0x8000ffbe
core   0: 0x8000efc2 (0x043f2123) sw      gp, 66(t5)
core   0: 3 0x8000efc2 (0x043f2123) mem 0x80010000 0x00000001
core   0: 0x8000efc6 (0x0000bfe5) c.j     pc - 8
core   0: 3 0x8000efc6 (0xbfe5)
core   0: 0x8000efbe (0x00001f17) auipc   t5, 0x1
core   0: 3 0x8000efbe (0x00001f17) x30 0x8000ffbe
core   0: 0x8000efc2 (0x043f2123) sw      gp, 66(t5)
core   0: 3 0x8000efc2 (0x043f2123) mem 0x80010000 0x00000001
core   0: 0x8000efc6 (0x0000bfe5) c.j     pc - 8
core   0: 3 0x8000efc6 (0xbfe5)
core   0: 0x8000efbe (0x00001f17) auipc   t5, 0x1
core   0: 3 0x8000efbe (0x00001f17) x30 0x8000ffbe
core   0: 0x8000efc2 (0x043f2123) sw      gp, 66(t5)
core   0: 3 0x8000efc2 (0x043f2123) mem 0x80010000 0x00000001
core   0: 0x8000efc6 (0x0000bfe5) c.j     pc - 8
core   0: 3 0x8000efc6 (0xbfe5)
core   0: 0x8000efbe (0x00001f17) auipc   t5, 0x1
core   0: 3 0x8000efbe (0x00001f17) x30 0x8000ffbe
core   0: 0x8000efc2 (0x043f2123) sw      gp, 66(t5)
core   0: 3 0x8000efc2 (0x043f2123) mem 0x80010000 0x00000001
core   0: 0x8000efc6 (0x0000bfe5) c.j     pc - 8
core   0: 3 0x8000efc6 (0xbfe5)
core   0: 0x8000efbe (0x00001f17) auipc   t5, 0x1
core   0: 3 0x8000efbe (0x00001f17) x30 0x8000ffbe
core   0: 0x8000efc2 (0x043f2123) sw      gp, 66(t5)
core   0: 3 0x8000efc2 (0x043f2123) mem 0x80010000 0x00000001
core   0: 0x8000efc6 (0x0000bfe5) c.j     pc - 8
core   0: 3 0x8000efc6 (0xbfe5)
core   0: 0x8000efbe (0x00001f17) auipc   t5, 0x1
core   0: 3 0x8000efbe (0x00001f17) x30 0x8000ffbe
core   0: 0x8000efc2 (0x043f2123) sw      gp, 66(t5)
core   0: 3 0x8000efc2 (0x043f2123) mem 0x80010000 0x00000001
core   0: 0x8000efc6 (0x0000bfe5) c.j     pc - 8
core   0: 3 0x8000efc6 (0xbfe5)
core   0: 0x8000efbe (0x00001f17) auipc   t5, 0x1
core   0: 3 0x8000efbe (0x00001f17) x30 0x8000ffbe
core   0: 0x8000efc2 (0x043f2123) sw      gp, 66(t5)
core   0: 3 0x8000efc2 (0x043f2123) mem 0x80010000 0x00000001
core   0: 0x8000efc6 (0x0000bfe5) c.j     pc - 8
core   0: 3 0x8000efc6 (0xbfe5)
core   0: 0x8000efbe (0x00001f17) auipc   t5, 0x1
core   0: 3 0x8000efbe (0x00001f17) x30 0x8000ffbe
core   0: 0x8000efc2 (0x043f2123) sw      gp, 66(t5)
core   0: 3 0x8000efc2 (0x043f2123) mem 0x80010000 0x00000001
core   0: 0x8000efc6 (0x0000bfe5) c.j     pc - 8
core   0: 3 0x8000efc6 (0xbfe5)
core   0: 0x8000efbe (0x00001f17) auipc   t5, 0x1
core   0: 3 0x8000efbe (0x00001f17) x30 0x8000ffbe
core   0: 0x8000efc2 (0x043f2123) sw      gp, 66(t5)
core   0: 3 0x8000efc2 (0x043f2123) mem 0x80010000 0x00000001
core   0: 0x8000efc6 (0x0000bfe5) c.j     pc - 8
core   0: 3 0x8000efc6 (0xbfe5)
core   0: 0x8000efbe (0x00001f17) auipc   t5, 0x1
core   0: 3 0x8000efbe (0x00001f17) x30 0x8000ffbe
core   0: 0x8000efc2 (0x043f2123) sw      gp, 66(t5)
core   0: 3 0x8000efc2 (0x043f2123) mem 0x80010000 0x00000001
core   0: 0x8000efc6 (0x0000bfe5) c.j     pc - 8
core   0: 3 0x8000efc6 (0xbfe5)
core   0: 0x8000efbe (0x00001f17) auipc   t5, 0x1
core   0: 3 0x8000efbe (0x00001f17) x30 0x8000ffbe
core   0: 0x8000efc2 (0x043f2123) sw      gp, 66(t5)
core   0: 3 0x8000efc2 (0x043f2123) mem 0x80010000 0x00000001
core   0: 0x8000efc6 (0x0000bfe5) c.j     pc - 8
core   0: 3 0x8000efc6 (0xbfe5)
core   0: 0x8000efbe (0x00001f17) auipc   t5, 0x1
core   0: 3 0x8000efbe (0x00001f17) x30 0x8000ffbe
core   0: 0x8000efc2 (0x043f2123) sw      gp, 66(t5)
core   0: 3 0x8000efc2 (0x043f2123) mem 0x80010000 0x00000001
core   0: 0x8000efc6 (0x0000bfe5) c.j     pc - 8
core   0: 3 0x8000efc6 (0xbfe5)
core   0: 0x8000efbe (0x00001f17) auipc   t5, 0x1
core   0: 3 0x8000efbe (0x00001f17) x30 0x8000ffbe
core   0: 0x8000efc2 (0x043f2123) sw      gp, 66(t5)
core   0: 3 0x8000efc2 (0x043f2123) mem 0x80010000 0x00000001
core   0: 0x8000efc6 (0x0000bfe5) c.j     pc - 8
core   0: 3 0x8000efc6 (0xbfe5)
core   0: 0x8000efbe (0x00001f17) auipc   t5, 0x1
core   0: 3 0x8000efbe (0x00001f17) x30 0x8000ffbe
core   0: 0x8000efc2 (0x043f2123) sw      gp, 66(t5)
core   0: 3 0x8000efc2 (0x043f2123) mem 0x80010000 0x00000001
core   0: 0x8000efc6 (0x0000bfe5) c.j     pc - 8
core   0: 3 0x8000efc6 (0xbfe5)
core   0: 0x8000efbe (0x00001f17) auipc   t5, 0x1
core   0: 3 0x8000efbe (0x00001f17) x30 0x8000ffbe
core   0: 0x8000efc2 (0x043f2123) sw      gp, 66(t5)
core   0: 3 0x8000efc2 (0x043f2123) mem 0x80010000 0x00000001
core   0: 0x8000efc6 (0x0000bfe5) c.j     pc - 8
core   0: 3 0x8000efc6 (0xbfe5)
core   0: 0x8000efbe (0x00001f17) auipc   t5, 0x1
core   0: 3 0x8000efbe (0x00001f17) x30 0x8000ffbe
core   0: 0x8000efc2 (0x043f2123) sw      gp, 66(t5)
core   0: 3 0x8000efc2 (0x043f2123) mem 0x80010000 0x00000001
core   0: 0x8000efc6 (0x0000bfe5) c.j     pc - 8
core   0: 3 0x8000efc6 (0xbfe5)
core   0: 0x8000efbe (0x00001f17) auipc   t5, 0x1
core   0: 3 0x8000efbe (0x00001f17) x30 0x8000ffbe
core   0: 0x8000efc2 (0x043f2123) sw      gp, 66(t5)
core   0: 3 0x8000efc2 (0x043f2123) mem 0x80010000 0x00000001
core   0: 0x8000efc6 (0x0000bfe5) c.j     pc - 8
core   0: 3 0x8000efc6 (0xbfe5)
core   0: 0x8000efbe (0x00001f17) auipc   t5, 0x1
core   0: 3 0x8000efbe (0x00001f17) x30 0x8000ffbe
core   0: 0x8000efc2 (0x043f2123) sw      gp, 66(t5)
core   0: 3 0x8000efc2 (0x043f2123) mem 0x80010000 0x00000001
core   0: 0x8000efc6 (0x0000bfe5) c.j     pc - 8
core   0: 3 0x8000efc6 (0xbfe5)
core   0: 0x8000efbe (0x00001f17) auipc   t5, 0x1
core   0: 3 0x8000efbe (0x00001f17) x30 0x8000ffbe
core   0: 0x8000efc2 (0x043f2123) sw      gp, 66(t5)
core   0: 3 0x8000efc2 (0x043f2123) mem 0x80010000 0x00000001
core   0: 0x8000efc6 (0x0000bfe5) c.j     pc - 8
core   0: 3 0x8000efc6 (0xbfe5)
core   0: 0x8000efbe (0x00001f17) auipc   t5, 0x1
core   0: 3 0x8000efbe (0x00001f17) x30 0x8000ffbe
core   0: 0x8000efc2 (0x043f2123) sw      gp, 66(t5)
core   0: 3 0x8000efc2 (0x043f2123) mem 0x80010000 0x00000001
core   0: 0x8000efc6 (0x0000bfe5) c.j     pc - 8
core   0: 3 0x8000efc6 (0xbfe5)
core   0: 0x8000efbe (0x00001f17) auipc   t5, 0x1
core   0: 3 0x8000efbe (0x00001f17) x30 0x8000ffbe
core   0: 0x8000efc2 (0x043f2123) sw      gp, 66(t5)
core   0: 3 0x8000efc2 (0x043f2123) mem 0x80010000 0x00000001
core   0: 0x8000efc6 (0x0000bfe5) c.j     pc - 8
core   0: 3 0x8000efc6 (0xbfe5)
core   0: 0x8000efbe (0x00001f17) auipc   t5, 0x1
core   0: 3 0x8000efbe (0x00001f17) x30 0x8000ffbe
core   0: 0x8000efc2 (0x043f2123) sw      gp, 66(t5)
core   0: 3 0x8000efc2 (0x043f2123) mem 0x80010000 0x00000001
core   0: 0x8000efc6 (0x0000bfe5) c.j     pc - 8
core   0: 3 0x8000efc6 (0xbfe5)
core   0: 0x8000efbe (0x00001f17) auipc   t5, 0x1
core   0: 3 0x8000efbe (0x00001f17) x30 0x8000ffbe
core   0: 0x8000efc2 (0x043f2123) sw      gp, 66(t5)
core   0: 3 0x8000efc2 (0x043f2123) mem 0x80010000 0x00000001
core   0: 0x8000efc6 (0x0000bfe5) c.j     pc - 8
core   0: 3 0x8000efc6 (0xbfe5)
core   0: 0x8000efbe (0x00001f17) auipc   t5, 0x1
core   0: 3 0x8000efbe (0x00001f17) x30 0x8000ffbe
core   0: 0x8000efc2 (0x043f2123) sw      gp, 66(t5)
core   0: 3 0x8000efc2 (0x043f2123) mem 0x80010000 0x00000001
core   0: 0x8000efc6 (0x0000bfe5) c.j     pc - 8
core   0: 3 0x8000efc6 (0xbfe5)
core   0: 0x8000efbe (0x00001f17) auipc   t5, 0x1
core   0: 3 0x8000efbe (0x00001f17) x30 0x8000ffbe
core   0: 0x8000efc2 (0x043f2123) sw      gp, 66(t5)
core   0: 3 0x8000efc2 (0x043f2123) mem 0x80010000 0x00000001
core   0: 0x8000efc6 (0x0000bfe5) c.j     pc - 8
core   0: 3 0x8000efc6 (0xbfe5)
core   0: 0x8000efbe (0x00001f17) auipc   t5, 0x1
core   0: 3 0x8000efbe (0x00001f17) x30 0x8000ffbe
core   0: 0x8000efc2 (0x043f2123) sw      gp, 66(t5)
core   0: 3 0x8000efc2 (0x043f2123) mem 0x80010000 0x00000001
core   0: 0x8000efc6 (0x0000bfe5) c.j     pc - 8
core   0: 3 0x8000efc6 (0xbfe5)
core   0: 0x8000efbe (0x00001f17) auipc   t5, 0x1
core   0: 3 0x8000efbe (0x00001f17) x30 0x8000ffbe
core   0: 0x8000efc2 (0x043f2123) sw      gp, 66(t5)
core   0: 3 0x8000efc2 (0x043f2123) mem 0x80010000 0x00000001
core   0: 0x8000efc6 (0x0000bfe5) c.j     pc - 8
core   0: 3 0x8000efc6 (0xbfe5)
core   0: 0x8000efbe (0x00001f17) auipc   t5, 0x1
core   0: 3 0x8000efbe (0x00001f17) x30 0x8000ffbe
core   0: 0x8000efc2 (0x043f2123) sw      gp, 66(t5)
core   0: 3 0x8000efc2 (0x043f2123) mem 0x80010000 0x00000001
core   0: 0x8000efc6 (0x0000bfe5) c.j     pc - 8
core   0: 3 0x8000efc6 (0xbfe5)
core   0: 0x8000efbe (0x00001f17) auipc   t5, 0x1
core   0: 3 0x8000efbe (0x00001f17) x30 0x8000ffbe
core   0: 0x8000efc2 (0x043f2123) sw      gp, 66(t5)
core   0: 3 0x8000efc2 (0x043f2123) mem 0x80010000 0x00000001
core   0: 0x8000efc6 (0x0000bfe5) c.j     pc - 8
core   0: 3 0x8000efc6 (0xbfe5)
core   0: 0x8000efbe (0x00001f17) auipc   t5, 0x1
core   0: 3 0x8000efbe (0x00001f17) x30 0x8000ffbe
core   0: 0x8000efc2 (0x043f2123) sw      gp, 66(t5)
core   0: 3 0x8000efc2 (0x043f2123) mem 0x80010000 0x00000001
core   0: 0x8000efc6 (0x0000bfe5) c.j     pc - 8
core   0: 3 0x8000efc6 (0xbfe5)
core   0: 0x8000efbe (0x00001f17) auipc   t5, 0x1
core   0: 3 0x8000efbe (0x00001f17) x30 0x8000ffbe
core   0: 0x8000efc2 (0x043f2123) sw      gp, 66(t5)
core   0: 3 0x8000efc2 (0x043f2123) mem 0x80010000 0x00000001
core   0: 0x8000efc6 (0x0000bfe5) c.j     pc - 8
core   0: 3 0x8000efc6 (0xbfe5)
core   0: 0x8000efbe (0x00001f17) auipc   t5, 0x1
core   0: 3 0x8000efbe (0x00001f17) x30 0x8000ffbe
core   0: 0x8000efc2 (0x043f2123) sw      gp, 66(t5)
core   0: 3 0x8000efc2 (0x043f2123) mem 0x80010000 0x00000001
core   0: 0x8000efc6 (0x0000bfe5) c.j     pc - 8
core   0: 3 0x8000efc6 (0xbfe5)
core   0: 0x8000efbe (0x00001f17) auipc   t5, 0x1
core   0: 3 0x8000efbe (0x00001f17) x30 0x8000ffbe
core   0: 0x8000efc2 (0x043f2123) sw      gp, 66(t5)
core   0: 3 0x8000efc2 (0x043f2123) mem 0x80010000 0x00000001
core   0: 0x8000efc6 (0x0000bfe5) c.j     pc - 8
core   0: 3 0x8000efc6 (0xbfe5)
core   0: 0x8000efbe (0x00001f17) auipc   t5, 0x1
core   0: 3 0x8000efbe (0x00001f17) x30 0x8000ffbe
core   0: 0x8000efc2 (0x043f2123) sw      gp, 66(t5)
core   0: 3 0x8000efc2 (0x043f2123) mem 0x80010000 0x00000001
core   0: 0x8000efc6 (0x0000bfe5) c.j     pc - 8
core   0: 3 0x8000efc6 (0xbfe5)
core   0: 0x8000efbe (0x00001f17) auipc   t5, 0x1
core   0: 3 0x8000efbe (0x00001f17) x30 0x8000ffbe
core   0: 0x8000efc2 (0x043f2123) sw      gp, 66(t5)
core   0: 3 0x8000efc2 (0x043f2123) mem 0x80010000 0x00000001
core   0: 0x8000efc6 (0x0000bfe5) c.j     pc - 8
core   0: 3 0x8000efc6 (0xbfe5)
core   0: 0x8000efbe (0x00001f17) auipc   t5, 0x1
core   0: 3 0x8000efbe (0x00001f17) x30 0x8000ffbe
core   0: 0x8000efc2 (0x043f2123) sw      gp, 66(t5)
core   0: 3 0x8000efc2 (0x043f2123) mem 0x80010000 0x00000001
core   0: 0x8000efc6 (0x0000bfe5) c.j     pc - 8
core   0: 3 0x8000efc6 (0xbfe5)
core   0: 0x8000efbe (0x00001f17) auipc   t5, 0x1
core   0: 3 0x8000efbe (0x00001f17) x30 0x8000ffbe
core   0: 0x8000efc2 (0x043f2123) sw      gp, 66(t5)
core   0: 3 0x8000efc2 (0x043f2123) mem 0x80010000 0x00000001
core   0: 0x8000efc6 (0x0000bfe5) c.j     pc - 8
core   0: 3 0x8000efc6 (0xbfe5)
core   0: 0x8000efbe (0x00001f17) auipc   t5, 0x1
core   0: 3 0x8000efbe (0x00001f17) x30 0x8000ffbe
core   0: 0x8000efc2 (0x043f2123) sw      gp, 66(t5)
core   0: 3 0x8000efc2 (0x043f2123) mem 0x80010000 0x00000001
core   0: 0x8000efc6 (0x0000bfe5) c.j     pc - 8
core   0: 3 0x8000efc6 (0xbfe5)
core   0: 0x8000efbe (0x00001f17) auipc   t5, 0x1
core   0: 3 0x8000efbe (0x00001f17) x30 0x8000ffbe
core   0: 0x8000efc2 (0x043f2123) sw      gp, 66(t5)
core   0: 3 0x8000efc2 (0x043f2123) mem 0x80010000 0x00000001
core   0: 0x8000efc6 (0x0000bfe5) c.j     pc - 8
core   0: 3 0x8000efc6 (0xbfe5)
core   0: 0x8000efbe (0x00001f17) auipc   t5, 0x1
core   0: 3 0x8000efbe (0x00001f17) x30 0x8000ffbe
core   0: 0x8000efc2 (0x043f2123) sw      gp, 66(t5)
core   0: 3 0x8000efc2 (0x043f2123) mem 0x80010000 0x00000001
core   0: 0x8000efc6 (0x0000bfe5) c.j     pc - 8
core   0: 3 0x8000efc6 (0xbfe5)
core   0: 0x8000efbe (0x00001f17) auipc   t5, 0x1
core   0: 3 0x8000efbe (0x00001f17) x30 0x8000ffbe
core   0: 0x8000efc2 (0x043f2123) sw      gp, 66(t5)
core   0: 3 0x8000efc2 (0x043f2123) mem 0x80010000 0x00000001
core   0: 0x8000efc6 (0x0000bfe5) c.j     pc - 8
core   0: 3 0x8000efc6 (0xbfe5)
core   0: 0x8000efbe (0x00001f17) auipc   t5, 0x1
core   0: 3 0x8000efbe (0x00001f17) x30 0x8000ffbe
core   0: 0x8000efc2 (0x043f2123) sw      gp, 66(t5)
core   0: 3 0x8000efc2 (0x043f2123) mem 0x80010000 0x00000001
core   0: 0x8000efc6 (0x0000bfe5) c.j     pc - 8
core   0: 3 0x8000efc6 (0xbfe5)
core   0: 0x8000efbe (0x00001f17) auipc   t5, 0x1
core   0: 3 0x8000efbe (0x00001f17) x30 0x8000ffbe
core   0: 0x8000efc2 (0x043f2123) sw      gp, 66(t5)
core   0: 3 0x8000efc2 (0x043f2123) mem 0x80010000 0x00000001
core   0: 0x8000efc6 (0x0000bfe5) c.j     pc - 8
core   0: 3 0x8000efc6 (0xbfe5)
core   0: 0x8000efbe (0x00001f17) auipc   t5, 0x1
core   0: 3 0x8000efbe (0x00001f17) x30 0x8000ffbe
core   0: 0x8000efc2 (0x043f2123) sw      gp, 66(t5)
core   0: 3 0x8000efc2 (0x043f2123) mem 0x80010000 0x00000001
core   0: 0x8000efc6 (0x0000bfe5) c.j     pc - 8
core   0: 3 0x8000efc6 (0xbfe5)
core   0: 0x8000efbe (0x00001f17) auipc   t5, 0x1
core   0: 3 0x8000efbe (0x00001f17) x30 0x8000ffbe
core   0: 0x8000efc2 (0x043f2123) sw      gp, 66(t5)
core   0: 3 0x8000efc2 (0x043f2123) mem 0x80010000 0x00000001
core   0: 0x8000efc6 (0x0000bfe5) c.j     pc - 8
core   0: 3 0x8000efc6 (0xbfe5)
core   0: 0x8000efbe (0x00001f17) auipc   t5, 0x1
core   0: 3 0x8000efbe (0x00001f17) x30 0x8000ffbe
core   0: 0x8000efc2 (0x043f2123) sw      gp, 66(t5)
core   0: 3 0x8000efc2 (0x043f2123) mem 0x80010000 0x00000001
core   0: 0x8000efc6 (0x0000bfe5) c.j     pc - 8
core   0: 3 0x8000efc6 (0xbfe5)
core   0: 0x8000efbe (0x00001f17) auipc   t5, 0x1
core   0: 3 0x8000efbe (0x00001f17) x30 0x8000ffbe
core   0: 0x8000efc2 (0x043f2123) sw      gp, 66(t5)
core   0: 3 0x8000efc2 (0x043f2123) mem 0x80010000 0x00000001
core   0: 0x8000efc6 (0x0000bfe5) c.j     pc - 8
core   0: 3 0x8000efc6 (0xbfe5)
core   0: 0x8000efbe (0x00001f17) auipc   t5, 0x1
core   0: 3 0x8000efbe (0x00001f17) x30 0x8000ffbe
core   0: 0x8000efc2 (0x043f2123) sw      gp, 66(t5)
core   0: 3 0x8000efc2 (0x043f2123) mem 0x80010000 0x00000001
core   0: 0x8000efc6 (0x0000bfe5) c.j     pc - 8
core   0: 3 0x8000efc6 (0xbfe5)
core   0: 0x8000efbe (0x00001f17) auipc   t5, 0x1
core   0: 3 0x8000efbe (0x00001f17) x30 0x8000ffbe
core   0: 0x8000efc2 (0x043f2123) sw      gp, 66(t5)
core   0: 3 0x8000efc2 (0x043f2123) mem 0x80010000 0x00000001
core   0: 0x8000efc6 (0x0000bfe5) c.j     pc - 8
core   0: 3 0x8000efc6 (0xbfe5)
core   0: 0x8000efbe (0x00001f17) auipc   t5, 0x1
core   0: 3 0x8000efbe (0x00001f17) x30 0x8000ffbe
core   0: 0x8000efc2 (0x043f2123) sw      gp, 66(t5)
core   0: 3 0x8000efc2 (0x043f2123) mem 0x80010000 0x00000001
core   0: 0x8000efc6 (0x0000bfe5) c.j     pc - 8
core   0: 3 0x8000efc6 (0xbfe5)
core   0: 0x8000efbe (0x00001f17) auipc   t5, 0x1
core   0: 3 0x8000efbe (0x00001f17) x30 0x8000ffbe
core   0: 0x8000efc2 (0x043f2123) sw      gp, 66(t5)
core   0: 3 0x8000efc2 (0x043f2123) mem 0x80010000 0x00000001
core   0: 0x8000efc6 (0x0000bfe5) c.j     pc - 8
core   0: 3 0x8000efc6 (0xbfe5)
core   0: 0x8000efbe (0x00001f17) auipc   t5, 0x1
core   0: 3 0x8000efbe (0x00001f17) x30 0x8000ffbe
core   0: 0x8000efc2 (0x043f2123) sw      gp, 66(t5)
core   0: 3 0x8000efc2 (0x043f2123) mem 0x80010000 0x00000001
core   0: 0x8000efc6 (0x0000bfe5) c.j     pc - 8
core   0: 3 0x8000efc6 (0xbfe5)
core   0: 0x8000efbe (0x00001f17) auipc   t5, 0x1
core   0: 3 0x8000efbe (0x00001f17) x30 0x8000ffbe
core   0: 0x8000efc2 (0x043f2123) sw      gp, 66(t5)
core   0: 3 0x8000efc2 (0x043f2123) mem 0x80010000 0x00000001
core   0: 0x8000efc6 (0x0000bfe5) c.j     pc - 8
core   0: 3 0x8000efc6 (0xbfe5)
core   0: 0x8000efbe (0x00001f17) auipc   t5, 0x1
core   0: 3 0x8000efbe (0x00001f17) x30 0x8000ffbe
core   0: 0x8000efc2 (0x043f2123) sw      gp, 66(t5)
core   0: 3 0x8000efc2 (0x043f2123) mem 0x80010000 0x00000001
core   0: 0x8000efc6 (0x0000bfe5) c.j     pc - 8
core   0: 3 0x8000efc6 (0xbfe5)
core   0: 0x8000efbe (0x00001f17) auipc   t5, 0x1
core   0: 3 0x8000efbe (0x00001f17) x30 0x8000ffbe
core   0: 0x8000efc2 (0x043f2123) sw      gp, 66(t5)
core   0: 3 0x8000efc2 (0x043f2123) mem 0x80010000 0x00000001
core   0: 0x8000efc6 (0x0000bfe5) c.j     pc - 8
core   0: 3 0x8000efc6 (0xbfe5)
core   0: 0x8000efbe (0x00001f17) auipc   t5, 0x1
core   0: 3 0x8000efbe (0x00001f17) x30 0x8000ffbe
core   0: 0x8000efc2 (0x043f2123) sw      gp, 66(t5)
core   0: 3 0x8000efc2 (0x043f2123) mem 0x80010000 0x00000001
core   0: 0x8000efc6 (0x0000bfe5) c.j     pc - 8
core   0: 3 0x8000efc6 (0xbfe5)
core   0: 0x8000efbe (0x00001f17) auipc   t5, 0x1
core   0: 3 0x8000efbe (0x00001f17) x30 0x8000ffbe
core   0: 0x8000efc2 (0x043f2123) sw      gp, 66(t5)
core   0: 3 0x8000efc2 (0x043f2123) mem 0x80010000 0x00000001
core   0: 0x8000efc6 (0x0000bfe5) c.j     pc - 8
core   0: 3 0x8000efc6 (0xbfe5)
core   0: 0x8000efbe (0x00001f17) auipc   t5, 0x1
core   0: 3 0x8000efbe (0x00001f17) x30 0x8000ffbe
core   0: 0x8000efc2 (0x043f2123) sw      gp, 66(t5)
core   0: 3 0x8000efc2 (0x043f2123) mem 0x80010000 0x00000001
core   0: 0x8000efc6 (0x0000bfe5) c.j     pc - 8
core   0: 3 0x8000efc6 (0xbfe5)
core   0: 0x8000efbe (0x00001f17) auipc   t5, 0x1
core   0: 3 0x8000efbe (0x00001f17) x30 0x8000ffbe
core   0: 0x8000efc2 (0x043f2123) sw      gp, 66(t5)
core   0: 3 0x8000efc2 (0x043f2123) mem 0x80010000 0x00000001
core   0: 0x8000efc6 (0x0000bfe5) c.j     pc - 8
core   0: 3 0x8000efc6 (0xbfe5)
core   0: 0x8000efbe (0x00001f17) auipc   t5, 0x1
core   0: 3 0x8000efbe (0x00001f17) x30 0x8000ffbe
core   0: 0x8000efc2 (0x043f2123) sw      gp, 66(t5)
core   0: 3 0x8000efc2 (0x043f2123) mem 0x80010000 0x00000001
core   0: 0x8000efc6 (0x0000bfe5) c.j     pc - 8
core   0: 3 0x8000efc6 (0xbfe5)
core   0: 0x8000efbe (0x00001f17) auipc   t5, 0x1
core   0: 3 0x8000efbe (0x00001f17) x30 0x8000ffbe
core   0: 0x8000efc2 (0x043f2123) sw      gp, 66(t5)
core   0: 3 0x8000efc2 (0x043f2123) mem 0x80010000 0x00000001
core   0: 0x8000efc6 (0x0000bfe5) c.j     pc - 8
core   0: 3 0x8000efc6 (0xbfe5)
core   0: 0x8000efbe (0x00001f17) auipc   t5, 0x1
core   0: 3 0x8000efbe (0x00001f17) x30 0x8000ffbe
core   0: 0x8000efc2 (0x043f2123) sw      gp, 66(t5)
core   0: 3 0x8000efc2 (0x043f2123) mem 0x80010000 0x00000001
core   0: 0x8000efc6 (0x0000bfe5) c.j     pc - 8
core   0: 3 0x8000efc6 (0xbfe5)
core   0: 0x8000efbe (0x00001f17) auipc   t5, 0x1
core   0: 3 0x8000efbe (0x00001f17) x30 0x8000ffbe
core   0: 0x8000efc2 (0x043f2123) sw      gp, 66(t5)
core   0: 3 0x8000efc2 (0x043f2123) mem 0x80010000 0x00000001
core   0: 0x8000efc6 (0x0000bfe5) c.j     pc - 8
core   0: 3 0x8000efc6 (0xbfe5)
core   0: 0x8000efbe (0x00001f17) auipc   t5, 0x1
core   0: 3 0x8000efbe (0x00001f17) x30 0x8000ffbe
core   0: 0x8000efc2 (0x043f2123) sw      gp, 66(t5)
core   0: 3 0x8000efc2 (0x043f2123) mem 0x80010000 0x00000001
core   0: 0x8000efc6 (0x0000bfe5) c.j     pc - 8
core   0: 3 0x8000efc6 (0xbfe5)
core   0: 0x8000efbe (0x00001f17) auipc   t5, 0x1
core   0: 3 0x8000efbe (0x00001f17) x30 0x8000ffbe
core   0: 0x8000efc2 (0x043f2123) sw      gp, 66(t5)
core   0: 3 0x8000efc2 (0x043f2123) mem 0x80010000 0x00000001
core   0: 0x8000efc6 (0x0000bfe5) c.j     pc - 8
core   0: 3 0x8000efc6 (0xbfe5)
core   0: 0x8000efbe (0x00001f17) auipc   t5, 0x1
core   0: 3 0x8000efbe (0x00001f17) x30 0x8000ffbe
core   0: 0x8000efc2 (0x043f2123) sw      gp, 66(t5)
core   0: 3 0x8000efc2 (0x043f2123) mem 0x80010000 0x00000001
core   0: 0x8000efc6 (0x0000bfe5) c.j     pc - 8
core   0: 3 0x8000efc6 (0xbfe5)
core   0: 0x8000efbe (0x00001f17) auipc   t5, 0x1
core   0: 3 0x8000efbe (0x00001f17) x30 0x8000ffbe
core   0: 0x8000efc2 (0x043f2123) sw      gp, 66(t5)
core   0: 3 0x8000efc2 (0x043f2123) mem 0x80010000 0x00000001
core   0: 0x8000efc6 (0x0000bfe5) c.j     pc - 8
core   0: 3 0x8000efc6 (0xbfe5)
core   0: 0x8000efbe (0x00001f17) auipc   t5, 0x1
core   0: 3 0x8000efbe (0x00001f17) x30 0x8000ffbe
core   0: 0x8000efc2 (0x043f2123) sw      gp, 66(t5)
core   0: 3 0x8000efc2 (0x043f2123) mem 0x80010000 0x00000001
core   0: 0x8000efc6 (0x0000bfe5) c.j     pc - 8
core   0: 3 0x8000efc6 (0xbfe5)
core   0: 0x8000efbe (0x00001f17) auipc   t5, 0x1
core   0: 3 0x8000efbe (0x00001f17) x30 0x8000ffbe
core   0: 0x8000efc2 (0x043f2123) sw      gp, 66(t5)
core   0: 3 0x8000efc2 (0x043f2123) mem 0x80010000 0x00000001
core   0: 0x8000efc6 (0x0000bfe5) c.j     pc - 8
core   0: 3 0x8000efc6 (0xbfe5)
core   0: 0x8000efbe (0x00001f17) auipc   t5, 0x1
core   0: 3 0x8000efbe (0x00001f17) x30 0x8000ffbe
core   0: 0x8000efc2 (0x043f2123) sw      gp, 66(t5)
core   0: 3 0x8000efc2 (0x043f2123) mem 0x80010000 0x00000001
core   0: 0x8000efc6 (0x0000bfe5) c.j     pc - 8
core   0: 3 0x8000efc6 (0xbfe5)
core   0: 0x8000efbe (0x00001f17) auipc   t5, 0x1
core   0: 3 0x8000efbe (0x00001f17) x30 0x8000ffbe
core   0: 0x8000efc2 (0x043f2123) sw      gp, 66(t5)
core   0: 3 0x8000efc2 (0x043f2123) mem 0x80010000 0x00000001
core   0: 0x8000efc6 (0x0000bfe5) c.j     pc - 8
core   0: 3 0x8000efc6 (0xbfe5)
core   0: 0x8000efbe (0x00001f17) auipc   t5, 0x1
core   0: 3 0x8000efbe (0x00001f17) x30 0x8000ffbe
core   0: 0x8000efc2 (0x043f2123) sw      gp, 66(t5)
core   0: 3 0x8000efc2 (0x043f2123) mem 0x80010000 0x00000001
core   0: 0x8000efc6 (0x0000bfe5) c.j     pc - 8
core   0: 3 0x8000efc6 (0xbfe5)
core   0: 0x8000efbe (0x00001f17) auipc   t5, 0x1
core   0: 3 0x8000efbe (0x00001f17) x30 0x8000ffbe
core   0: 0x8000efc2 (0x043f2123) sw      gp, 66(t5)
core   0: 3 0x8000efc2 (0x043f2123) mem 0x80010000 0x00000001
core   0: 0x8000efc6 (0x0000bfe5) c.j     pc - 8
core   0: 3 0x8000efc6 (0xbfe5)
core   0: 0x8000efbe (0x00001f17) auipc   t5, 0x1
core   0: 3 0x8000efbe (0x00001f17) x30 0x8000ffbe
core   0: 0x8000efc2 (0x043f2123) sw      gp, 66(t5)
core   0: 3 0x8000efc2 (0x043f2123) mem 0x80010000 0x00000001
core   0: 0x8000efc6 (0x0000bfe5) c.j     pc - 8
core   0: 3 0x8000efc6 (0xbfe5)
core   0: 0x8000efbe (0x00001f17) auipc   t5, 0x1
core   0: 3 0x8000efbe (0x00001f17) x30 0x8000ffbe
core   0: 0x8000efc2 (0x043f2123) sw      gp, 66(t5)
core   0: 3 0x8000efc2 (0x043f2123) mem 0x80010000 0x00000001
core   0: 0x8000efc6 (0x0000bfe5) c.j     pc - 8
core   0: 3 0x8000efc6 (0xbfe5)
core   0: 0x8000efbe (0x00001f17) auipc   t5, 0x1
core   0: 3 0x8000efbe (0x00001f17) x30 0x8000ffbe
core   0: 0x8000efc2 (0x043f2123) sw      gp, 66(t5)
core   0: 3 0x8000efc2 (0x043f2123) mem 0x80010000 0x00000001
core   0: 0x8000efc6 (0x0000bfe5) c.j     pc - 8
core   0: 3 0x8000efc6 (0xbfe5)
core   0: 0x8000efbe (0x00001f17) auipc   t5, 0x1
core   0: 3 0x8000efbe (0x00001f17) x30 0x8000ffbe
core   0: 0x8000efc2 (0x043f2123) sw      gp, 66(t5)
core   0: 3 0x8000efc2 (0x043f2123) mem 0x80010000 0x00000001
core   0: 0x8000efc6 (0x0000bfe5) c.j     pc - 8
core   0: 3 0x8000efc6 (0xbfe5)
core   0: 0x8000efbe (0x00001f17) auipc   t5, 0x1
core   0: 3 0x8000efbe (0x00001f17) x30 0x8000ffbe
core   0: 0x8000efc2 (0x043f2123) sw      gp, 66(t5)
core   0: 3 0x8000efc2 (0x043f2123) mem 0x80010000 0x00000001
core   0: 0x8000efc6 (0x0000bfe5) c.j     pc - 8
core   0: 3 0x8000efc6 (0xbfe5)
core   0: 0x8000efbe (0x00001f17) auipc   t5, 0x1
core   0: 3 0x8000efbe (0x00001f17) x30 0x8000ffbe
core   0: 0x8000efc2 (0x043f2123) sw      gp, 66(t5)
core   0: 3 0x8000efc2 (0x043f2123) mem 0x80010000 0x00000001
core   0: 0x8000efc6 (0x0000bfe5) c.j     pc - 8
core   0: 3 0x8000efc6 (0xbfe5)
core   0: 0x8000efbe (0x00001f17) auipc   t5, 0x1
core   0: 3 0x8000efbe (0x00001f17) x30 0x8000ffbe
core   0: 0x8000efc2 (0x043f2123) sw      gp, 66(t5)
core   0: 3 0x8000efc2 (0x043f2123) mem 0x80010000 0x00000001
core   0: 0x8000efc6 (0x0000bfe5) c.j     pc - 8
core   0: 3 0x8000efc6 (0xbfe5)
core   0: 0x8000efbe (0x00001f17) auipc   t5, 0x1
core   0: 3 0x8000efbe (0x00001f17) x30 0x8000ffbe
core   0: 0x8000efc2 (0x043f2123) sw      gp, 66(t5)
core   0: 3 0x8000efc2 (0x043f2123) mem 0x80010000 0x00000001
core   0: 0x8000efc6 (0x0000bfe5) c.j     pc - 8
core   0: 3 0x8000efc6 (0xbfe5)
core   0: 0x8000efbe (0x00001f17) auipc   t5, 0x1
core   0: 3 0x8000efbe (0x00001f17) x30 0x8000ffbe
core   0: 0x8000efc2 (0x043f2123) sw      gp, 66(t5)
core   0: 3 0x8000efc2 (0x043f2123) mem 0x80010000 0x00000001
core   0: 0x8000efc6 (0x0000bfe5) c.j     pc - 8
core   0: 3 0x8000efc6 (0xbfe5)
core   0: 0x8000efbe (0x00001f17) auipc   t5, 0x1
core   0: 3 0x8000efbe (0x00001f17) x30 0x8000ffbe
core   0: 0x8000efc2 (0x043f2123) sw      gp, 66(t5)
core   0: 3 0x8000efc2 (0x043f2123) mem 0x80010000 0x00000001
core   0: 0x8000efc6 (0x0000bfe5) c.j     pc - 8
core   0: 3 0x8000efc6 (0xbfe5)
core   0: 0x8000efbe (0x00001f17) auipc   t5, 0x1
core   0: 3 0x8000efbe (0x00001f17) x30 0x8000ffbe
core   0: 0x8000efc2 (0x043f2123) sw      gp, 66(t5)
core   0: 3 0x8000efc2 (0x043f2123) mem 0x80010000 0x00000001
core   0: 0x8000efc6 (0x0000bfe5) c.j     pc - 8
core   0: 3 0x8000efc6 (0xbfe5)
core   0: 0x8000efbe (0x00001f17) auipc   t5, 0x1
core   0: 3 0x8000efbe (0x00001f17) x30 0x8000ffbe
core   0: 0x8000efc2 (0x043f2123) sw      gp, 66(t5)
core   0: 3 0x8000efc2 (0x043f2123) mem 0x80010000 0x00000001
core   0: 0x8000efc6 (0x0000bfe5) c.j     pc - 8
core   0: 3 0x8000efc6 (0xbfe5)
core   0: 0x8000efbe (0x00001f17) auipc   t5, 0x1
core   0: 3 0x8000efbe (0x00001f17) x30 0x8000ffbe
core   0: 0x8000efc2 (0x043f2123) sw      gp, 66(t5)
core   0: 3 0x8000efc2 (0x043f2123) mem 0x80010000 0x00000001
core   0: 0x8000efc6 (0x0000bfe5) c.j     pc - 8
core   0: 3 0x8000efc6 (0xbfe5)
core   0: 0x8000efbe (0x00001f17) auipc   t5, 0x1
core   0: 3 0x8000efbe (0x00001f17) x30 0x8000ffbe
core   0: 0x8000efc2 (0x043f2123) sw      gp, 66(t5)
core   0: 3 0x8000efc2 (0x043f2123) mem 0x80010000 0x00000001
core   0: 0x8000efc6 (0x0000bfe5) c.j     pc - 8
core   0: 3 0x8000efc6 (0xbfe5)
core   0: 0x8000efbe (0x00001f17) auipc   t5, 0x1
core   0: 3 0x8000efbe (0x00001f17) x30 0x8000ffbe
core   0: 0x8000efc2 (0x043f2123) sw      gp, 66(t5)
core   0: 3 0x8000efc2 (0x043f2123) mem 0x80010000 0x00000001
core   0: 0x8000efc6 (0x0000bfe5) c.j     pc - 8
core   0: 3 0x8000efc6 (0xbfe5)
core   0: 0x8000efbe (0x00001f17) auipc   t5, 0x1
core   0: 3 0x8000efbe (0x00001f17) x30 0x8000ffbe
core   0: 0x8000efc2 (0x043f2123) sw      gp, 66(t5)
core   0: 3 0x8000efc2 (0x043f2123) mem 0x80010000 0x00000001
core   0: 0x8000efc6 (0x0000bfe5) c.j     pc - 8
core   0: 3 0x8000efc6 (0xbfe5)
core   0: 0x8000efbe (0x00001f17) auipc   t5, 0x1
core   0: 3 0x8000efbe (0x00001f17) x30 0x8000ffbe
core   0: 0x8000efc2 (0x043f2123) sw      gp, 66(t5)
core   0: 3 0x8000efc2 (0x043f2123) mem 0x80010000 0x00000001
core   0: 0x8000efc6 (0x0000bfe5) c.j     pc - 8
core   0: 3 0x8000efc6 (0xbfe5)
core   0: 0x8000efbe (0x00001f17) auipc   t5, 0x1
core   0: 3 0x8000efbe (0x00001f17) x30 0x8000ffbe
core   0: 0x8000efc2 (0x043f2123) sw      gp, 66(t5)
core   0: 3 0x8000efc2 (0x043f2123) mem 0x80010000 0x00000001
core   0: 0x8000efc6 (0x0000bfe5) c.j     pc - 8
core   0: 3 0x8000efc6 (0xbfe5)
core   0: 0x8000efbe (0x00001f17) auipc   t5, 0x1
core   0: 3 0x8000efbe (0x00001f17) x30 0x8000ffbe
core   0: 0x8000efc2 (0x043f2123) sw      gp, 66(t5)
core   0: 3 0x8000efc2 (0x043f2123) mem 0x80010000 0x00000001
core   0: 0x8000efc6 (0x0000bfe5) c.j     pc - 8
core   0: 3 0x8000efc6 (0xbfe5)
core   0: 0x8000efbe (0x00001f17) auipc   t5, 0x1
core   0: 3 0x8000efbe (0x00001f17) x30 0x8000ffbe
core   0: 0x8000efc2 (0x043f2123) sw      gp, 66(t5)
core   0: 3 0x8000efc2 (0x043f2123) mem 0x80010000 0x00000001
core   0: 0x8000efc6 (0x0000bfe5) c.j     pc - 8
core   0: 3 0x8000efc6 (0xbfe5)
core   0: 0x8000efbe (0x00001f17) auipc   t5, 0x1
core   0: 3 0x8000efbe (0x00001f17) x30 0x8000ffbe
core   0: 0x8000efc2 (0x043f2123) sw      gp, 66(t5)
core   0: 3 0x8000efc2 (0x043f2123) mem 0x80010000 0x00000001
core   0: 0x8000efc6 (0x0000bfe5) c.j     pc - 8
core   0: 3 0x8000efc6 (0xbfe5)
core   0: 0x8000efbe (0x00001f17) auipc   t5, 0x1
core   0: 3 0x8000efbe (0x00001f17) x30 0x8000ffbe
core   0: 0x8000efc2 (0x043f2123) sw      gp, 66(t5)
core   0: 3 0x8000efc2 (0x043f2123) mem 0x80010000 0x00000001
core   0: 0x8000efc6 (0x0000bfe5) c.j     pc - 8
core   0: 3 0x8000efc6 (0xbfe5)
core   0: 0x8000efbe (0x00001f17) auipc   t5, 0x1
core   0: 3 0x8000efbe (0x00001f17) x30 0x8000ffbe
core   0: 0x8000efc2 (0x043f2123) sw      gp, 66(t5)
core   0: 3 0x8000efc2 (0x043f2123) mem 0x80010000 0x00000001
core   0: 0x8000efc6 (0x0000bfe5) c.j     pc - 8
core   0: 3 0x8000efc6 (0xbfe5)
core   0: 0x8000efbe (0x00001f17) auipc   t5, 0x1
core   0: 3 0x8000efbe (0x00001f17) x30 0x8000ffbe
core   0: 0x8000efc2 (0x043f2123) sw      gp, 66(t5)
core   0: 3 0x8000efc2 (0x043f2123) mem 0x80010000 0x00000001
core   0: 0x8000efc6 (0x0000bfe5) c.j     pc - 8
core   0: 3 0x8000efc6 (0xbfe5)
core   0: 0x8000efbe (0x00001f17) auipc   t5, 0x1
core   0: 3 0x8000efbe (0x00001f17) x30 0x8000ffbe
core   0: 0x8000efc2 (0x043f2123) sw      gp, 66(t5)
core   0: 3 0x8000efc2 (0x043f2123) mem 0x80010000 0x00000001
core   0: 0x8000efc6 (0x0000bfe5) c.j     pc - 8
core   0: 3 0x8000efc6 (0xbfe5)
core   0: 0x8000efbe (0x00001f17) auipc   t5, 0x1
core   0: 3 0x8000efbe (0x00001f17) x30 0x8000ffbe
core   0: 0x8000efc2 (0x043f2123) sw      gp, 66(t5)
core   0: 3 0x8000efc2 (0x043f2123) mem 0x80010000 0x00000001
core   0: 0x8000efc6 (0x0000bfe5) c.j     pc - 8
core   0: 3 0x8000efc6 (0xbfe5)
core   0: 0x8000efbe (0x00001f17) auipc   t5, 0x1
core   0: 3 0x8000efbe (0x00001f17) x30 0x8000ffbe
core   0: 0x8000efc2 (0x043f2123) sw      gp, 66(t5)
core   0: 3 0x8000efc2 (0x043f2123) mem 0x80010000 0x00000001
core   0: 0x8000efc6 (0x0000bfe5) c.j     pc - 8
core   0: 3 0x8000efc6 (0xbfe5)
core   0: 0x8000efbe (0x00001f17) auipc   t5, 0x1
core   0: 3 0x8000efbe (0x00001f17) x30 0x8000ffbe
core   0: 0x8000efc2 (0x043f2123) sw      gp, 66(t5)
core   0: 3 0x8000efc2 (0x043f2123) mem 0x80010000 0x00000001
core   0: 0x8000efc6 (0x0000bfe5) c.j     pc - 8
core   0: 3 0x8000efc6 (0xbfe5)
core   0: 0x8000efbe (0x00001f17) auipc   t5, 0x1
core   0: 3 0x8000efbe (0x00001f17) x30 0x8000ffbe
core   0: 0x8000efc2 (0x043f2123) sw      gp, 66(t5)
core   0: 3 0x8000efc2 (0x043f2123) mem 0x80010000 0x00000001
core   0: 0x8000efc6 (0x0000bfe5) c.j     pc - 8
core   0: 3 0x8000efc6 (0xbfe5)
core   0: 0x8000efbe (0x00001f17) auipc   t5, 0x1
core   0: 3 0x8000efbe (0x00001f17) x30 0x8000ffbe
core   0: 0x8000efc2 (0x043f2123) sw      gp, 66(t5)
core   0: 3 0x8000efc2 (0x043f2123) mem 0x80010000 0x00000001
core   0: 0x8000efc6 (0x0000bfe5) c.j     pc - 8
core   0: 3 0x8000efc6 (0xbfe5)
core   0: 0x8000efbe (0x00001f17) auipc   t5, 0x1
core   0: 3 0x8000efbe (0x00001f17) x30 0x8000ffbe
core   0: 0x8000efc2 (0x043f2123) sw      gp, 66(t5)
core   0: 3 0x8000efc2 (0x043f2123) mem 0x80010000 0x00000001
core   0: 0x8000efc6 (0x0000bfe5) c.j     pc - 8
core   0: 3 0x8000efc6 (0xbfe5)
core   0: 0x8000efbe (0x00001f17) auipc   t5, 0x1
core   0: 3 0x8000efbe (0x00001f17) x30 0x8000ffbe
core   0: 0x8000efc2 (0x043f2123) sw      gp, 66(t5)
core   0: 3 0x8000efc2 (0x043f2123) mem 0x80010000 0x00000001
core   0: 0x8000efc6 (0x0000bfe5) c.j     pc - 8
core   0: 3 0x8000efc6 (0xbfe5)
core   0: 0x8000efbe (0x00001f17) auipc   t5, 0x1
core   0: 3 0x8000efbe (0x00001f17) x30 0x8000ffbe
core   0: 0x8000efc2 (0x043f2123) sw      gp, 66(t5)
core   0: 3 0x8000efc2 (0x043f2123) mem 0x80010000 0x00000001
core   0: 0x8000efc6 (0x0000bfe5) c.j     pc - 8
core   0: 3 0x8000efc6 (0xbfe5)
core   0: 0x8000efbe (0x00001f17) auipc   t5, 0x1
core   0: 3 0x8000efbe (0x00001f17) x30 0x8000ffbe
core   0: 0x8000efc2 (0x043f2123) sw      gp, 66(t5)
core   0: 3 0x8000efc2 (0x043f2123) mem 0x80010000 0x00000001
core   0: 0x8000efc6 (0x0000bfe5) c.j     pc - 8
core   0: 3 0x8000efc6 (0xbfe5)
core   0: 0x8000efbe (0x00001f17) auipc   t5, 0x1
core   0: 3 0x8000efbe (0x00001f17) x30 0x8000ffbe
core   0: 0x8000efc2 (0x043f2123) sw      gp, 66(t5)
core   0: 3 0x8000efc2 (0x043f2123) mem 0x80010000 0x00000001
core   0: 0x8000efc6 (0x0000bfe5) c.j     pc - 8
core   0: 3 0x8000efc6 (0xbfe5)
core   0: 0x8000efbe (0x00001f17) auipc   t5, 0x1
core   0: 3 0x8000efbe (0x00001f17) x30 0x8000ffbe
core   0: 0x8000efc2 (0x043f2123) sw      gp, 66(t5)
core   0: 3 0x8000efc2 (0x043f2123) mem 0x80010000 0x00000001
core   0: 0x8000efc6 (0x0000bfe5) c.j     pc - 8
core   0: 3 0x8000efc6 (0xbfe5)
core   0: 0x8000efbe (0x00001f17) auipc   t5, 0x1
core   0: 3 0x8000efbe (0x00001f17) x30 0x8000ffbe
core   0: 0x8000efc2 (0x043f2123) sw      gp, 66(t5)
core   0: 3 0x8000efc2 (0x043f2123) mem 0x80010000 0x00000001
core   0: 0x8000efc6 (0x0000bfe5) c.j     pc - 8
core   0: 3 0x8000efc6 (0xbfe5)
core   0: 0x8000efbe (0x00001f17) auipc   t5, 0x1
core   0: 3 0x8000efbe (0x00001f17) x30 0x8000ffbe
core   0: 0x8000efc2 (0x043f2123) sw      gp, 66(t5)
core   0: 3 0x8000efc2 (0x043f2123) mem 0x80010000 0x00000001
core   0: 0x8000efc6 (0x0000bfe5) c.j     pc - 8
core   0: 3 0x8000efc6 (0xbfe5)
core   0: 0x8000efbe (0x00001f17) auipc   t5, 0x1
core   0: 3 0x8000efbe (0x00001f17) x30 0x8000ffbe
core   0: 0x8000efc2 (0x043f2123) sw      gp, 66(t5)
core   0: 3 0x8000efc2 (0x043f2123) mem 0x80010000 0x00000001
core   0: 0x8000efc6 (0x0000bfe5) c.j     pc - 8
core   0: 3 0x8000efc6 (0xbfe5)
core   0: 0x8000efbe (0x00001f17) auipc   t5, 0x1
core   0: 3 0x8000efbe (0x00001f17) x30 0x8000ffbe
core   0: 0x8000efc2 (0x043f2123) sw      gp, 66(t5)
core   0: 3 0x8000efc2 (0x043f2123) mem 0x80010000 0x00000001
core   0: 0x8000efc6 (0x0000bfe5) c.j     pc - 8
core   0: 3 0x8000efc6 (0xbfe5)
core   0: 0x8000efbe (0x00001f17) auipc   t5, 0x1
core   0: 3 0x8000efbe (0x00001f17) x30 0x8000ffbe
core   0: 0x8000efc2 (0x043f2123) sw      gp, 66(t5)
core   0: 3 0x8000efc2 (0x043f2123) mem 0x80010000 0x00000001
core   0: 0x8000efc6 (0x0000bfe5) c.j     pc - 8
core   0: 3 0x8000efc6 (0xbfe5)
core   0: 0x8000efbe (0x00001f17) auipc   t5, 0x1
core   0: 3 0x8000efbe (0x00001f17) x30 0x8000ffbe
core   0: 0x8000efc2 (0x043f2123) sw      gp, 66(t5)
core   0: 3 0x8000efc2 (0x043f2123) mem 0x80010000 0x00000001
core   0: 0x8000efc6 (0x0000bfe5) c.j     pc - 8
core   0: 3 0x8000efc6 (0xbfe5)
core   0: 0x8000efbe (0x00001f17) auipc   t5, 0x1
core   0: 3 0x8000efbe (0x00001f17) x30 0x8000ffbe
core   0: 0x8000efc2 (0x043f2123) sw      gp, 66(t5)
core   0: 3 0x8000efc2 (0x043f2123) mem 0x80010000 0x00000001
core   0: 0x8000efc6 (0x0000bfe5) c.j     pc - 8
core   0: 3 0x8000efc6 (0xbfe5)
core   0: 0x8000efbe (0x00001f17) auipc   t5, 0x1
core   0: 3 0x8000efbe (0x00001f17) x30 0x8000ffbe
core   0: 0x8000efc2 (0x043f2123) sw      gp, 66(t5)
core   0: 3 0x8000efc2 (0x043f2123) mem 0x80010000 0x00000001
core   0: 0x8000efc6 (0x0000bfe5) c.j     pc - 8
core   0: 3 0x8000efc6 (0xbfe5)
core   0: 0x8000efbe (0x00001f17) auipc   t5, 0x1
core   0: 3 0x8000efbe (0x00001f17) x30 0x8000ffbe
core   0: 0x8000efc2 (0x043f2123) sw      gp, 66(t5)
core   0: 3 0x8000efc2 (0x043f2123) mem 0x80010000 0x00000001
core   0: 0x8000efc6 (0x0000bfe5) c.j     pc - 8
core   0: 3 0x8000efc6 (0xbfe5)
core   0: 0x8000efbe (0x00001f17) auipc   t5, 0x1
core   0: 3 0x8000efbe (0x00001f17) x30 0x8000ffbe
core   0: 0x8000efc2 (0x043f2123) sw      gp, 66(t5)
core   0: 3 0x8000efc2 (0x043f2123) mem 0x80010000 0x00000001
core   0: 0x8000efc6 (0x0000bfe5) c.j     pc - 8
core   0: 3 0x8000efc6 (0xbfe5)
core   0: 0x8000efbe (0x00001f17) auipc   t5, 0x1
core   0: 3 0x8000efbe (0x00001f17) x30 0x8000ffbe
core   0: 0x8000efc2 (0x043f2123) sw      gp, 66(t5)
core   0: 3 0x8000efc2 (0x043f2123) mem 0x80010000 0x00000001
core   0: 0x8000efc6 (0x0000bfe5) c.j     pc - 8
core   0: 3 0x8000efc6 (0xbfe5)
core   0: 0x8000efbe (0x00001f17) auipc   t5, 0x1
core   0: 3 0x8000efbe (0x00001f17) x30 0x8000ffbe
core   0: 0x8000efc2 (0x043f2123) sw      gp, 66(t5)
core   0: 3 0x8000efc2 (0x043f2123) mem 0x80010000 0x00000001
core   0: 0x8000efc6 (0x0000bfe5) c.j     pc - 8
core   0: 3 0x8000efc6 (0xbfe5)
core   0: 0x8000efbe (0x00001f17) auipc   t5, 0x1
core   0: 3 0x8000efbe (0x00001f17) x30 0x8000ffbe
core   0: 0x8000efc2 (0x043f2123) sw      gp, 66(t5)
core   0: 3 0x8000efc2 (0x043f2123) mem 0x80010000 0x00000001
core   0: 0x8000efc6 (0x0000bfe5) c.j     pc - 8
core   0: 3 0x8000efc6 (0xbfe5)
core   0: 0x8000efbe (0x00001f17) auipc   t5, 0x1
core   0: 3 0x8000efbe (0x00001f17) x30 0x8000ffbe
core   0: 0x8000efc2 (0x043f2123) sw      gp, 66(t5)
core   0: 3 0x8000efc2 (0x043f2123) mem 0x80010000 0x00000001
core   0: 0x8000efc6 (0x0000bfe5) c.j     pc - 8
core   0: 3 0x8000efc6 (0xbfe5)
core   0: 0x8000efbe (0x00001f17) auipc   t5, 0x1
core   0: 3 0x8000efbe (0x00001f17) x30 0x8000ffbe
core   0: 0x8000efc2 (0x043f2123) sw      gp, 66(t5)
core   0: 3 0x8000efc2 (0x043f2123) mem 0x80010000 0x00000001
core   0: 0x8000efc6 (0x0000bfe5) c.j     pc - 8
core   0: 3 0x8000efc6 (0xbfe5)
core   0: 0x8000efbe (0x00001f17) auipc   t5, 0x1
core   0: 3 0x8000efbe (0x00001f17) x30 0x8000ffbe
core   0: 0x8000efc2 (0x043f2123) sw      gp, 66(t5)
core   0: 3 0x8000efc2 (0x043f2123) mem 0x80010000 0x00000001
core   0: 0x8000efc6 (0x0000bfe5) c.j     pc - 8
core   0: 3 0x8000efc6 (0xbfe5)
core   0: 0x8000efbe (0x00001f17) auipc   t5, 0x1
core   0: 3 0x8000efbe (0x00001f17) x30 0x8000ffbe
core   0: 0x8000efc2 (0x043f2123) sw      gp, 66(t5)
core   0: 3 0x8000efc2 (0x043f2123) mem 0x80010000 0x00000001
core   0: 0x8000efc6 (0x0000bfe5) c.j     pc - 8
core   0: 3 0x8000efc6 (0xbfe5)
core   0: 0x8000efbe (0x00001f17) auipc   t5, 0x1
core   0: 3 0x8000efbe (0x00001f17) x30 0x8000ffbe
core   0: 0x8000efc2 (0x043f2123) sw      gp, 66(t5)
core   0: 3 0x8000efc2 (0x043f2123) mem 0x80010000 0x00000001
core   0: 0x8000efc6 (0x0000bfe5) c.j     pc - 8
core   0: 3 0x8000efc6 (0xbfe5)
core   0: 0x8000efbe (0x00001f17) auipc   t5, 0x1
core   0: 3 0x8000efbe (0x00001f17) x30 0x8000ffbe
core   0: 0x8000efc2 (0x043f2123) sw      gp, 66(t5)
core   0: 3 0x8000efc2 (0x043f2123) mem 0x80010000 0x00000001
core   0: 0x8000efc6 (0x0000bfe5) c.j     pc - 8
core   0: 3 0x8000efc6 (0xbfe5)
core   0: 0x8000efbe (0x00001f17) auipc   t5, 0x1
core   0: 3 0x8000efbe (0x00001f17) x30 0x8000ffbe
core   0: 0x8000efc2 (0x043f2123) sw      gp, 66(t5)
core   0: 3 0x8000efc2 (0x043f2123) mem 0x80010000 0x00000001
core   0: 0x8000efc6 (0x0000bfe5) c.j     pc - 8
core   0: 3 0x8000efc6 (0xbfe5)
core   0: 0x8000efbe (0x00001f17) auipc   t5, 0x1
core   0: 3 0x8000efbe (0x00001f17) x30 0x8000ffbe
core   0: 0x8000efc2 (0x043f2123) sw      gp, 66(t5)
core   0: 3 0x8000efc2 (0x043f2123) mem 0x80010000 0x00000001
core   0: 0x8000efc6 (0x0000bfe5) c.j     pc - 8
core   0: 3 0x8000efc6 (0xbfe5)
core   0: 0x8000efbe (0x00001f17) auipc   t5, 0x1
core   0: 3 0x8000efbe (0x00001f17) x30 0x8000ffbe
core   0: 0x8000efc2 (0x043f2123) sw      gp, 66(t5)
core   0: 3 0x8000efc2 (0x043f2123) mem 0x80010000 0x00000001
core   0: 0x8000efc6 (0x0000bfe5) c.j     pc - 8
core   0: 3 0x8000efc6 (0xbfe5)
core   0: 0x8000efbe (0x00001f17) auipc   t5, 0x1
core   0: 3 0x8000efbe (0x00001f17) x30 0x8000ffbe
core   0: 0x8000efc2 (0x043f2123) sw      gp, 66(t5)
core   0: 3 0x8000efc2 (0x043f2123) mem 0x80010000 0x00000001
core   0: 0x8000efc6 (0x0000bfe5) c.j     pc - 8
core   0: 3 0x8000efc6 (0xbfe5)
core   0: 0x8000efbe (0x00001f17) auipc   t5, 0x1
core   0: 3 0x8000efbe (0x00001f17) x30 0x8000ffbe
core   0: 0x8000efc2 (0x043f2123) sw      gp, 66(t5)
core   0: 3 0x8000efc2 (0x043f2123) mem 0x80010000 0x00000001
core   0: 0x8000efc6 (0x0000bfe5) c.j     pc - 8
core   0: 3 0x8000efc6 (0xbfe5)
core   0: 0x8000efbe (0x00001f17) auipc   t5, 0x1
core   0: 3 0x8000efbe (0x00001f17) x30 0x8000ffbe
core   0: 0x8000efc2 (0x043f2123) sw      gp, 66(t5)
core   0: 3 0x8000efc2 (0x043f2123) mem 0x80010000 0x00000001
core   0: 0x8000efc6 (0x0000bfe5) c.j     pc - 8
core   0: 3 0x8000efc6 (0xbfe5)
core   0: 0x8000efbe (0x00001f17) auipc   t5, 0x1
core   0: 3 0x8000efbe (0x00001f17) x30 0x8000ffbe
core   0: 0x8000efc2 (0x043f2123) sw      gp, 66(t5)
core   0: 3 0x8000efc2 (0x043f2123) mem 0x80010000 0x00000001
core   0: 0x8000efc6 (0x0000bfe5) c.j     pc - 8
core   0: 3 0x8000efc6 (0xbfe5)
core   0: 0x8000efbe (0x00001f17) auipc   t5, 0x1
core   0: 3 0x8000efbe (0x00001f17) x30 0x8000ffbe
core   0: 0x8000efc2 (0x043f2123) sw      gp, 66(t5)
core   0: 3 0x8000efc2 (0x043f2123) mem 0x80010000 0x00000001
core   0: 0x8000efc6 (0x0000bfe5) c.j     pc - 8
core   0: 3 0x8000efc6 (0xbfe5)
core   0: 0x8000efbe (0x00001f17) auipc   t5, 0x1
core   0: 3 0x8000efbe (0x00001f17) x30 0x8000ffbe
core   0: 0x8000efc2 (0x043f2123) sw      gp, 66(t5)
core   0: 3 0x8000efc2 (0x043f2123) mem 0x80010000 0x00000001
core   0: 0x8000efc6 (0x0000bfe5) c.j     pc - 8
core   0: 3 0x8000efc6 (0xbfe5)
core   0: 0x8000efbe (0x00001f17) auipc   t5, 0x1
core   0: 3 0x8000efbe (0x00001f17) x30 0x8000ffbe
core   0: 0x8000efc2 (0x043f2123) sw      gp, 66(t5)
core   0: 3 0x8000efc2 (0x043f2123) mem 0x80010000 0x00000001
core   0: 0x8000efc6 (0x0000bfe5) c.j     pc - 8
core   0: 3 0x8000efc6 (0xbfe5)
core   0: 0x8000efbe (0x00001f17) auipc   t5, 0x1
core   0: 3 0x8000efbe (0x00001f17) x30 0x8000ffbe
core   0: 0x8000efc2 (0x043f2123) sw      gp, 66(t5)
core   0: 3 0x8000efc2 (0x043f2123) mem 0x80010000 0x00000001
core   0: 0x8000efc6 (0x0000bfe5) c.j     pc - 8
core   0: 3 0x8000efc6 (0xbfe5)
core   0: 0x8000efbe (0x00001f17) auipc   t5, 0x1
core   0: 3 0x8000efbe (0x00001f17) x30 0x8000ffbe
core   0: 0x8000efc2 (0x043f2123) sw      gp, 66(t5)
core   0: 3 0x8000efc2 (0x043f2123) mem 0x80010000 0x00000001
core   0: 0x8000efc6 (0x0000bfe5) c.j     pc - 8
core   0: 3 0x8000efc6 (0xbfe5)
core   0: 0x8000efbe (0x00001f17) auipc   t5, 0x1
core   0: 3 0x8000efbe (0x00001f17) x30 0x8000ffbe
core   0: 0x8000efc2 (0x043f2123) sw      gp, 66(t5)
core   0: 3 0x8000efc2 (0x043f2123) mem 0x80010000 0x00000001
core   0: 0x8000efc6 (0x0000bfe5) c.j     pc - 8
core   0: 3 0x8000efc6 (0xbfe5)
core   0: 0x8000efbe (0x00001f17) auipc   t5, 0x1
core   0: 3 0x8000efbe (0x00001f17) x30 0x8000ffbe
core   0: 0x8000efc2 (0x043f2123) sw      gp, 66(t5)
core   0: 3 0x8000efc2 (0x043f2123) mem 0x80010000 0x00000001
core   0: 0x8000efc6 (0x0000bfe5) c.j     pc - 8
core   0: 3 0x8000efc6 (0xbfe5)
core   0: 0x8000efbe (0x00001f17) auipc   t5, 0x1
core   0: 3 0x8000efbe (0x00001f17) x30 0x8000ffbe
core   0: 0x8000efc2 (0x043f2123) sw      gp, 66(t5)
core   0: 3 0x8000efc2 (0x043f2123) mem 0x80010000 0x00000001
core   0: 0x8000efc6 (0x0000bfe5) c.j     pc - 8
core   0: 3 0x8000efc6 (0xbfe5)
core   0: 0x8000efbe (0x00001f17) auipc   t5, 0x1
core   0: 3 0x8000efbe (0x00001f17) x30 0x8000ffbe
core   0: 0x8000efc2 (0x043f2123) sw      gp, 66(t5)
core   0: 3 0x8000efc2 (0x043f2123) mem 0x80010000 0x00000001
core   0: 0x8000efc6 (0x0000bfe5) c.j     pc - 8
core   0: 3 0x8000efc6 (0xbfe5)
core   0: 0x8000efbe (0x00001f17) auipc   t5, 0x1
core   0: 3 0x8000efbe (0x00001f17) x30 0x8000ffbe
core   0: 0x8000efc2 (0x043f2123) sw      gp, 66(t5)
core   0: 3 0x8000efc2 (0x043f2123) mem 0x80010000 0x00000001
core   0: 0x8000efc6 (0x0000bfe5) c.j     pc - 8
core   0: 3 0x8000efc6 (0xbfe5)
core   0: 0x8000efbe (0x00001f17) auipc   t5, 0x1
core   0: 3 0x8000efbe (0x00001f17) x30 0x8000ffbe
core   0: 0x8000efc2 (0x043f2123) sw      gp, 66(t5)
core   0: 3 0x8000efc2 (0x043f2123) mem 0x80010000 0x00000001
core   0: 0x8000efc6 (0x0000bfe5) c.j     pc - 8
core   0: 3 0x8000efc6 (0xbfe5)
core   0: 0x8000efbe (0x00001f17) auipc   t5, 0x1
core   0: 3 0x8000efbe (0x00001f17) x30 0x8000ffbe
core   0: 0x8000efc2 (0x043f2123) sw      gp, 66(t5)
core   0: 3 0x8000efc2 (0x043f2123) mem 0x80010000 0x00000001
core   0: 0x8000efc6 (0x0000bfe5) c.j     pc - 8
core   0: 3 0x8000efc6 (0xbfe5)
core   0: 0x8000efbe (0x00001f17) auipc   t5, 0x1
core   0: 3 0x8000efbe (0x00001f17) x30 0x8000ffbe
core   0: 0x8000efc2 (0x043f2123) sw      gp, 66(t5)
core   0: 3 0x8000efc2 (0x043f2123) mem 0x80010000 0x00000001
core   0: 0x8000efc6 (0x0000bfe5) c.j     pc - 8
core   0: 3 0x8000efc6 (0xbfe5)
core   0: 0x8000efbe (0x00001f17) auipc   t5, 0x1
core   0: 3 0x8000efbe (0x00001f17) x30 0x8000ffbe
core   0: 0x8000efc2 (0x043f2123) sw      gp, 66(t5)
core   0: 3 0x8000efc2 (0x043f2123) mem 0x80010000 0x00000001
core   0: 0x8000efc6 (0x0000bfe5) c.j     pc - 8
core   0: 3 0x8000efc6 (0xbfe5)
core   0: 0x8000efbe (0x00001f17) auipc   t5, 0x1
core   0: 3 0x8000efbe (0x00001f17) x30 0x8000ffbe
core   0: 0x8000efc2 (0x043f2123) sw      gp, 66(t5)
core   0: 3 0x8000efc2 (0x043f2123) mem 0x80010000 0x00000001
core   0: 0x8000efc6 (0x0000bfe5) c.j     pc - 8
core   0: 3 0x8000efc6 (0xbfe5)
core   0: 0x8000efbe (0x00001f17) auipc   t5, 0x1
core   0: 3 0x8000efbe (0x00001f17) x30 0x8000ffbe
core   0: 0x8000efc2 (0x043f2123) sw      gp, 66(t5)
core   0: 3 0x8000efc2 (0x043f2123) mem 0x80010000 0x00000001
core   0: 0x8000efc6 (0x0000bfe5) c.j     pc - 8
core   0: 3 0x8000efc6 (0xbfe5)
core   0: 0x8000efbe (0x00001f17) auipc   t5, 0x1
core   0: 3 0x8000efbe (0x00001f17) x30 0x8000ffbe
core   0: 0x8000efc2 (0x043f2123) sw      gp, 66(t5)
core   0: 3 0x8000efc2 (0x043f2123) mem 0x80010000 0x00000001
core   0: 0x8000efc6 (0x0000bfe5) c.j     pc - 8
core   0: 3 0x8000efc6 (0xbfe5)
core   0: 0x8000efbe (0x00001f17) auipc   t5, 0x1
core   0: 3 0x8000efbe (0x00001f17) x30 0x8000ffbe
core   0: 0x8000efc2 (0x043f2123) sw      gp, 66(t5)
core   0: 3 0x8000efc2 (0x043f2123) mem 0x80010000 0x00000001
core   0: 0x8000efc6 (0x0000bfe5) c.j     pc - 8
core   0: 3 0x8000efc6 (0xbfe5)
core   0: 0x8000efbe (0x00001f17) auipc   t5, 0x1
core   0: 3 0x8000efbe (0x00001f17) x30 0x8000ffbe
core   0: 0x8000efc2 (0x043f2123) sw      gp, 66(t5)
core   0: 3 0x8000efc2 (0x043f2123) mem 0x80010000 0x00000001
core   0: 0x8000efc6 (0x0000bfe5) c.j     pc - 8
core   0: 3 0x8000efc6 (0xbfe5)
core   0: 0x8000efbe (0x00001f17) auipc   t5, 0x1
core   0: 3 0x8000efbe (0x00001f17) x30 0x8000ffbe
core   0: 0x8000efc2 (0x043f2123) sw      gp, 66(t5)
core   0: 3 0x8000efc2 (0x043f2123) mem 0x80010000 0x00000001
core   0: 0x8000efc6 (0x0000bfe5) c.j     pc - 8
core   0: 3 0x8000efc6 (0xbfe5)
core   0: 0x8000efbe (0x00001f17) auipc   t5, 0x1
core   0: 3 0x8000efbe (0x00001f17) x30 0x8000ffbe
core   0: 0x8000efc2 (0x043f2123) sw      gp, 66(t5)
core   0: 3 0x8000efc2 (0x043f2123) mem 0x80010000 0x00000001
core   0: 0x8000efc6 (0x0000bfe5) c.j     pc - 8
core   0: 3 0x8000efc6 (0xbfe5)
core   0: 0x8000efbe (0x00001f17) auipc   t5, 0x1
core   0: 3 0x8000efbe (0x00001f17) x30 0x8000ffbe
core   0: 0x8000efc2 (0x043f2123) sw      gp, 66(t5)
core   0: 3 0x8000efc2 (0x043f2123) mem 0x80010000 0x00000001
core   0: 0x8000efc6 (0x0000bfe5) c.j     pc - 8
core   0: 3 0x8000efc6 (0xbfe5)
core   0: 0x8000efbe (0x00001f17) auipc   t5, 0x1
core   0: 3 0x8000efbe (0x00001f17) x30 0x8000ffbe
core   0: 0x8000efc2 (0x043f2123) sw      gp, 66(t5)
core   0: 3 0x8000efc2 (0x043f2123) mem 0x80010000 0x00000001
core   0: 0x8000efc6 (0x0000bfe5) c.j     pc - 8
core   0: 3 0x8000efc6 (0xbfe5)
core   0: 0x8000efbe (0x00001f17) auipc   t5, 0x1
core   0: 3 0x8000efbe (0x00001f17) x30 0x8000ffbe
core   0: 0x8000efc2 (0x043f2123) sw      gp, 66(t5)
core   0: 3 0x8000efc2 (0x043f2123) mem 0x80010000 0x00000001
core   0: 0x8000efc6 (0x0000bfe5) c.j     pc - 8
core   0: 3 0x8000efc6 (0xbfe5)
core   0: 0x8000efbe (0x00001f17) auipc   t5, 0x1
core   0: 3 0x8000efbe (0x00001f17) x30 0x8000ffbe
core   0: 0x8000efc2 (0x043f2123) sw      gp, 66(t5)
core   0: 3 0x8000efc2 (0x043f2123) mem 0x80010000 0x00000001
core   0: 0x8000efc6 (0x0000bfe5) c.j     pc - 8
core   0: 3 0x8000efc6 (0xbfe5)
core   0: 0x8000efbe (0x00001f17) auipc   t5, 0x1
core   0: 3 0x8000efbe (0x00001f17) x30 0x8000ffbe
core   0: 0x8000efc2 (0x043f2123) sw      gp, 66(t5)
core   0: 3 0x8000efc2 (0x043f2123) mem 0x80010000 0x00000001
core   0: 0x8000efc6 (0x0000bfe5) c.j     pc - 8
core   0: 3 0x8000efc6 (0xbfe5)
core   0: 0x8000efbe (0x00001f17) auipc   t5, 0x1
core   0: 3 0x8000efbe (0x00001f17) x30 0x8000ffbe
core   0: 0x8000efc2 (0x043f2123) sw      gp, 66(t5)
core   0: 3 0x8000efc2 (0x043f2123) mem 0x80010000 0x00000001
core   0: 0x8000efc6 (0x0000bfe5) c.j     pc - 8
core   0: 3 0x8000efc6 (0xbfe5)
core   0: 0x8000efbe (0x00001f17) auipc   t5, 0x1
core   0: 3 0x8000efbe (0x00001f17) x30 0x8000ffbe
core   0: 0x8000efc2 (0x043f2123) sw      gp, 66(t5)
core   0: 3 0x8000efc2 (0x043f2123) mem 0x80010000 0x00000001
core   0: 0x8000efc6 (0x0000bfe5) c.j     pc - 8
core   0: 3 0x8000efc6 (0xbfe5)
core   0: 0x8000efbe (0x00001f17) auipc   t5, 0x1
core   0: 3 0x8000efbe (0x00001f17) x30 0x8000ffbe
core   0: 0x8000efc2 (0x043f2123) sw      gp, 66(t5)
core   0: 3 0x8000efc2 (0x043f2123) mem 0x80010000 0x00000001
core   0: 0x8000efc6 (0x0000bfe5) c.j     pc - 8
core   0: 3 0x8000efc6 (0xbfe5)
core   0: 0x8000efbe (0x00001f17) auipc   t5, 0x1
core   0: 3 0x8000efbe (0x00001f17) x30 0x8000ffbe
core   0: 0x8000efc2 (0x043f2123) sw      gp, 66(t5)
core   0: 3 0x8000efc2 (0x043f2123) mem 0x80010000 0x00000001
core   0: 0x8000efc6 (0x0000bfe5) c.j     pc - 8
core   0: 3 0x8000efc6 (0xbfe5)
core   0: 0x8000efbe (0x00001f17) auipc   t5, 0x1
core   0: 3 0x8000efbe (0x00001f17) x30 0x8000ffbe
core   0: 0x8000efc2 (0x043f2123) sw      gp, 66(t5)
core   0: 3 0x8000efc2 (0x043f2123) mem 0x80010000 0x00000001
core   0: 0x8000efc6 (0x0000bfe5) c.j     pc - 8
core   0: 3 0x8000efc6 (0xbfe5)
core   0: 0x8000efbe (0x00001f17) auipc   t5, 0x1
core   0: 3 0x8000efbe (0x00001f17) x30 0x8000ffbe
core   0: 0x8000efc2 (0x043f2123) sw      gp, 66(t5)
core   0: 3 0x8000efc2 (0x043f2123) mem 0x80010000 0x00000001
core   0: 0x8000efc6 (0x0000bfe5) c.j     pc - 8
core   0: 3 0x8000efc6 (0xbfe5)
core   0: 0x8000efbe (0x00001f17) auipc   t5, 0x1
core   0: 3 0x8000efbe (0x00001f17) x30 0x8000ffbe
core   0: 0x8000efc2 (0x043f2123) sw      gp, 66(t5)
core   0: 3 0x8000efc2 (0x043f2123) mem 0x80010000 0x00000001
core   0: 0x8000efc6 (0x0000bfe5) c.j     pc - 8
core   0: 3 0x8000efc6 (0xbfe5)
core   0: 0x8000efbe (0x00001f17) auipc   t5, 0x1
core   0: 3 0x8000efbe (0x00001f17) x30 0x8000ffbe
core   0: 0x8000efc2 (0x043f2123) sw      gp, 66(t5)
core   0: 3 0x8000efc2 (0x043f2123) mem 0x80010000 0x00000001
core   0: 0x8000efc6 (0x0000bfe5) c.j     pc - 8
core   0: 3 0x8000efc6 (0xbfe5)
core   0: 0x8000efbe (0x00001f17) auipc   t5, 0x1
core   0: 3 0x8000efbe (0x00001f17) x30 0x8000ffbe
core   0: 0x8000efc2 (0x043f2123) sw      gp, 66(t5)
core   0: 3 0x8000efc2 (0x043f2123) mem 0x80010000 0x00000001
core   0: 0x8000efc6 (0x0000bfe5) c.j     pc - 8
core   0: 3 0x8000efc6 (0xbfe5)
core   0: 0x8000efbe (0x00001f17) auipc   t5, 0x1
core   0: 3 0x8000efbe (0x00001f17) x30 0x8000ffbe
core   0: 0x8000efc2 (0x043f2123) sw      gp, 66(t5)
core   0: 3 0x8000efc2 (0x043f2123) mem 0x80010000 0x00000001
core   0: 0x8000efc6 (0x0000bfe5) c.j     pc - 8
core   0: 3 0x8000efc6 (0xbfe5)
core   0: 0x8000efbe (0x00001f17) auipc   t5, 0x1
core   0: 3 0x8000efbe (0x00001f17) x30 0x8000ffbe
core   0: 0x8000efc2 (0x043f2123) sw      gp, 66(t5)
core   0: 3 0x8000efc2 (0x043f2123) mem 0x80010000 0x00000001
core   0: 0x8000efc6 (0x0000bfe5) c.j     pc - 8
core   0: 3 0x8000efc6 (0xbfe5)
core   0: 0x8000efbe (0x00001f17) auipc   t5, 0x1
core   0: 3 0x8000efbe (0x00001f17) x30 0x8000ffbe
core   0: 0x8000efc2 (0x043f2123) sw      gp, 66(t5)
core   0: 3 0x8000efc2 (0x043f2123) mem 0x80010000 0x00000001
core   0: 0x8000efc6 (0x0000bfe5) c.j     pc - 8
core   0: 3 0x8000efc6 (0xbfe5)
core   0: 0x8000efbe (0x00001f17) auipc   t5, 0x1
core   0: 3 0x8000efbe (0x00001f17) x30 0x8000ffbe
core   0: 0x8000efc2 (0x043f2123) sw      gp, 66(t5)
core   0: 3 0x8000efc2 (0x043f2123) mem 0x80010000 0x00000001
core   0: 0x8000efc6 (0x0000bfe5) c.j     pc - 8
core   0: 3 0x8000efc6 (0xbfe5)
core   0: 0x8000efbe (0x00001f17) auipc   t5, 0x1
core   0: 3 0x8000efbe (0x00001f17) x30 0x8000ffbe
core   0: 0x8000efc2 (0x043f2123) sw      gp, 66(t5)
core   0: 3 0x8000efc2 (0x043f2123) mem 0x80010000 0x00000001
core   0: 0x8000efc6 (0x0000bfe5) c.j     pc - 8
core   0: 3 0x8000efc6 (0xbfe5)
core   0: 0x8000efbe (0x00001f17) auipc   t5, 0x1
core   0: 3 0x8000efbe (0x00001f17) x30 0x8000ffbe
core   0: 0x8000efc2 (0x043f2123) sw      gp, 66(t5)
core   0: 3 0x8000efc2 (0x043f2123) mem 0x80010000 0x00000001
core   0: 0x8000efc6 (0x0000bfe5) c.j     pc - 8
core   0: 3 0x8000efc6 (0xbfe5)
core   0: 0x8000efbe (0x00001f17) auipc   t5, 0x1
core   0: 3 0x8000efbe (0x00001f17) x30 0x8000ffbe
core   0: 0x8000efc2 (0x043f2123) sw      gp, 66(t5)
core   0: 3 0x8000efc2 (0x043f2123) mem 0x80010000 0x00000001
core   0: 0x8000efc6 (0x0000bfe5) c.j     pc - 8
core   0: 3 0x8000efc6 (0xbfe5)
core   0: 0x8000efbe (0x00001f17) auipc   t5, 0x1
core   0: 3 0x8000efbe (0x00001f17) x30 0x8000ffbe
core   0: 0x8000efc2 (0x043f2123) sw      gp, 66(t5)
core   0: 3 0x8000efc2 (0x043f2123) mem 0x80010000 0x00000001
core   0: 0x8000efc6 (0x0000bfe5) c.j     pc - 8
core   0: 3 0x8000efc6 (0xbfe5)
core   0: 0x8000efbe (0x00001f17) auipc   t5, 0x1
core   0: 3 0x8000efbe (0x00001f17) x30 0x8000ffbe
core   0: 0x8000efc2 (0x043f2123) sw      gp, 66(t5)
core   0: 3 0x8000efc2 (0x043f2123) mem 0x80010000 0x00000001
core   0: 0x8000efc6 (0x0000bfe5) c.j     pc - 8
core   0: 3 0x8000efc6 (0xbfe5)
core   0: 0x8000efbe (0x00001f17) auipc   t5, 0x1
core   0: 3 0x8000efbe (0x00001f17) x30 0x8000ffbe
core   0: 0x8000efc2 (0x043f2123) sw      gp, 66(t5)
core   0: 3 0x8000efc2 (0x043f2123) mem 0x80010000 0x00000001
core   0: 0x8000efc6 (0x0000bfe5) c.j     pc - 8
core   0: 3 0x8000efc6 (0xbfe5)
core   0: 0x8000efbe (0x00001f17) auipc   t5, 0x1
core   0: 3 0x8000efbe (0x00001f17) x30 0x8000ffbe
core   0: 0x8000efc2 (0x043f2123) sw      gp, 66(t5)
core   0: 3 0x8000efc2 (0x043f2123) mem 0x80010000 0x00000001
core   0: 0x8000efc6 (0x0000bfe5) c.j     pc - 8
core   0: 3 0x8000efc6 (0xbfe5)
core   0: 0x8000efbe (0x00001f17) auipc   t5, 0x1
core   0: 3 0x8000efbe (0x00001f17) x30 0x8000ffbe
core   0: 0x8000efc2 (0x043f2123) sw      gp, 66(t5)
core   0: 3 0x8000efc2 (0x043f2123) mem 0x80010000 0x00000001
core   0: 0x8000efc6 (0x0000bfe5) c.j     pc - 8
core   0: 3 0x8000efc6 (0xbfe5)
core   0: 0x8000efbe (0x00001f17) auipc   t5, 0x1
core   0: 3 0x8000efbe (0x00001f17) x30 0x8000ffbe
core   0: 0x8000efc2 (0x043f2123) sw      gp, 66(t5)
core   0: 3 0x8000efc2 (0x043f2123) mem 0x80010000 0x00000001
core   0: 0x8000efc6 (0x0000bfe5) c.j     pc - 8
core   0: 3 0x8000efc6 (0xbfe5)
core   0: 0x8000efbe (0x00001f17) auipc   t5, 0x1
core   0: 3 0x8000efbe (0x00001f17) x30 0x8000ffbe
core   0: 0x8000efc2 (0x043f2123) sw      gp, 66(t5)
core   0: 3 0x8000efc2 (0x043f2123) mem 0x80010000 0x00000001
core   0: 0x8000efc6 (0x0000bfe5) c.j     pc - 8
core   0: 3 0x8000efc6 (0xbfe5)
core   0: 0x8000efbe (0x00001f17) auipc   t5, 0x1
core   0: 3 0x8000efbe (0x00001f17) x30 0x8000ffbe
core   0: 0x8000efc2 (0x043f2123) sw      gp, 66(t5)
core   0: 3 0x8000efc2 (0x043f2123) mem 0x80010000 0x00000001
core   0: 0x8000efc6 (0x0000bfe5) c.j     pc - 8
core   0: 3 0x8000efc6 (0xbfe5)
core   0: 0x8000efbe (0x00001f17) auipc   t5, 0x1
core   0: 3 0x8000efbe (0x00001f17) x30 0x8000ffbe
core   0: 0x8000efc2 (0x043f2123) sw      gp, 66(t5)
core   0: 3 0x8000efc2 (0x043f2123) mem 0x80010000 0x00000001
core   0: 0x8000efc6 (0x0000bfe5) c.j     pc - 8
core   0: 3 0x8000efc6 (0xbfe5)
core   0: 0x8000efbe (0x00001f17) auipc   t5, 0x1
core   0: 3 0x8000efbe (0x00001f17) x30 0x8000ffbe
core   0: 0x8000efc2 (0x043f2123) sw      gp, 66(t5)
core   0: 3 0x8000efc2 (0x043f2123) mem 0x80010000 0x00000001
core   0: 0x8000efc6 (0x0000bfe5) c.j     pc - 8
core   0: 3 0x8000efc6 (0xbfe5)
core   0: 0x8000efbe (0x00001f17) auipc   t5, 0x1
core   0: 3 0x8000efbe (0x00001f17) x30 0x8000ffbe
core   0: 0x8000efc2 (0x043f2123) sw      gp, 66(t5)
core   0: 3 0x8000efc2 (0x043f2123) mem 0x80010000 0x00000001
core   0: 0x8000efc6 (0x0000bfe5) c.j     pc - 8
core   0: 3 0x8000efc6 (0xbfe5)
core   0: 0x8000efbe (0x00001f17) auipc   t5, 0x1
core   0: 3 0x8000efbe (0x00001f17) x30 0x8000ffbe
core   0: 0x8000efc2 (0x043f2123) sw      gp, 66(t5)
core   0: 3 0x8000efc2 (0x043f2123) mem 0x80010000 0x00000001
core   0: 0x8000efc6 (0x0000bfe5) c.j     pc - 8
core   0: 3 0x8000efc6 (0xbfe5)
core   0: 0x8000efbe (0x00001f17) auipc   t5, 0x1
core   0: 3 0x8000efbe (0x00001f17) x30 0x8000ffbe
core   0: 0x8000efc2 (0x043f2123) sw      gp, 66(t5)
core   0: 3 0x8000efc2 (0x043f2123) mem 0x80010000 0x00000001
core   0: 0x8000efc6 (0x0000bfe5) c.j     pc - 8
core   0: 3 0x8000efc6 (0xbfe5)
core   0: 0x8000efbe (0x00001f17) auipc   t5, 0x1
core   0: 3 0x8000efbe (0x00001f17) x30 0x8000ffbe
core   0: 0x8000efc2 (0x043f2123) sw      gp, 66(t5)
core   0: 3 0x8000efc2 (0x043f2123) mem 0x80010000 0x00000001
core   0: 0x8000efc6 (0x0000bfe5) c.j     pc - 8
core   0: 3 0x8000efc6 (0xbfe5)
core   0: 0x8000efbe (0x00001f17) auipc   t5, 0x1
core   0: 3 0x8000efbe (0x00001f17) x30 0x8000ffbe
core   0: 0x8000efc2 (0x043f2123) sw      gp, 66(t5)
core   0: 3 0x8000efc2 (0x043f2123) mem 0x80010000 0x00000001
core   0: 0x8000efc6 (0x0000bfe5) c.j     pc - 8
core   0: 3 0x8000efc6 (0xbfe5)
core   0: 0x8000efbe (0x00001f17) auipc   t5, 0x1
core   0: 3 0x8000efbe (0x00001f17) x30 0x8000ffbe
core   0: 0x8000efc2 (0x043f2123) sw      gp, 66(t5)
core   0: 3 0x8000efc2 (0x043f2123) mem 0x80010000 0x00000001
core   0: 0x8000efc6 (0x0000bfe5) c.j     pc - 8
core   0: 3 0x8000efc6 (0xbfe5)
core   0: 0x8000efbe (0x00001f17) auipc   t5, 0x1
core   0: 3 0x8000efbe (0x00001f17) x30 0x8000ffbe
core   0: 0x8000efc2 (0x043f2123) sw      gp, 66(t5)
core   0: 3 0x8000efc2 (0x043f2123) mem 0x80010000 0x00000001
core   0: 0x8000efc6 (0x0000bfe5) c.j     pc - 8
core   0: 3 0x8000efc6 (0xbfe5)
core   0: 0x8000efbe (0x00001f17) auipc   t5, 0x1
core   0: 3 0x8000efbe (0x00001f17) x30 0x8000ffbe
core   0: 0x8000efc2 (0x043f2123) sw      gp, 66(t5)
core   0: 3 0x8000efc2 (0x043f2123) mem 0x80010000 0x00000001
core   0: 0x8000efc6 (0x0000bfe5) c.j     pc - 8
core   0: 3 0x8000efc6 (0xbfe5)
core   0: 0x8000efbe (0x00001f17) auipc   t5, 0x1
core   0: 3 0x8000efbe (0x00001f17) x30 0x8000ffbe
core   0: 0x8000efc2 (0x043f2123) sw      gp, 66(t5)
core   0: 3 0x8000efc2 (0x043f2123) mem 0x80010000 0x00000001
core   0: 0x8000efc6 (0x0000bfe5) c.j     pc - 8
core   0: 3 0x8000efc6 (0xbfe5)
core   0: 0x8000efbe (0x00001f17) auipc   t5, 0x1
core   0: 3 0x8000efbe (0x00001f17) x30 0x8000ffbe
core   0: 0x8000efc2 (0x043f2123) sw      gp, 66(t5)
core   0: 3 0x8000efc2 (0x043f2123) mem 0x80010000 0x00000001
core   0: 0x8000efc6 (0x0000bfe5) c.j     pc - 8
core   0: 3 0x8000efc6 (0xbfe5)
core   0: 0x8000efbe (0x00001f17) auipc   t5, 0x1
core   0: 3 0x8000efbe (0x00001f17) x30 0x8000ffbe
core   0: 0x8000efc2 (0x043f2123) sw      gp, 66(t5)
core   0: 3 0x8000efc2 (0x043f2123) mem 0x80010000 0x00000001
core   0: 0x8000efc6 (0x0000bfe5) c.j     pc - 8
core   0: 3 0x8000efc6 (0xbfe5)
core   0: 0x8000efbe (0x00001f17) auipc   t5, 0x1
core   0: 3 0x8000efbe (0x00001f17) x30 0x8000ffbe
core   0: 0x8000efc2 (0x043f2123) sw      gp, 66(t5)
core   0: 3 0x8000efc2 (0x043f2123) mem 0x80010000 0x00000001
core   0: 0x8000efc6 (0x0000bfe5) c.j     pc - 8
core   0: 3 0x8000efc6 (0xbfe5)
core   0: 0x8000efbe (0x00001f17) auipc   t5, 0x1
core   0: 3 0x8000efbe (0x00001f17) x30 0x8000ffbe
core   0: 0x8000efc2 (0x043f2123) sw      gp, 66(t5)
core   0: 3 0x8000efc2 (0x043f2123) mem 0x80010000 0x00000001
core   0: 0x8000efc6 (0x0000bfe5) c.j     pc - 8
core   0: 3 0x8000efc6 (0xbfe5)
core   0: 0x8000efbe (0x00001f17) auipc   t5, 0x1
core   0: 3 0x8000efbe (0x00001f17) x30 0x8000ffbe
core   0: 0x8000efc2 (0x043f2123) sw      gp, 66(t5)
core   0: 3 0x8000efc2 (0x043f2123) mem 0x80010000 0x00000001
core   0: 0x8000efc6 (0x0000bfe5) c.j     pc - 8
core   0: 3 0x8000efc6 (0xbfe5)
core   0: 0x8000efbe (0x00001f17) auipc   t5, 0x1
core   0: 3 0x8000efbe (0x00001f17) x30 0x8000ffbe
core   0: 0x8000efc2 (0x043f2123) sw      gp, 66(t5)
core   0: 3 0x8000efc2 (0x043f2123) mem 0x80010000 0x00000001
core   0: 0x8000efc6 (0x0000bfe5) c.j     pc - 8
core   0: 3 0x8000efc6 (0xbfe5)
core   0: 0x8000efbe (0x00001f17) auipc   t5, 0x1
core   0: 3 0x8000efbe (0x00001f17) x30 0x8000ffbe
core   0: 0x8000efc2 (0x043f2123) sw      gp, 66(t5)
core   0: 3 0x8000efc2 (0x043f2123) mem 0x80010000 0x00000001
core   0: 0x8000efc6 (0x0000bfe5) c.j     pc - 8
core   0: 3 0x8000efc6 (0xbfe5)
core   0: 0x8000efbe (0x00001f17) auipc   t5, 0x1
core   0: 3 0x8000efbe (0x00001f17) x30 0x8000ffbe
core   0: 0x8000efc2 (0x043f2123) sw      gp, 66(t5)
core   0: 3 0x8000efc2 (0x043f2123) mem 0x80010000 0x00000001
core   0: 0x8000efc6 (0x0000bfe5) c.j     pc - 8
core   0: 3 0x8000efc6 (0xbfe5)
core   0: 0x8000efbe (0x00001f17) auipc   t5, 0x1
core   0: 3 0x8000efbe (0x00001f17) x30 0x8000ffbe
core   0: 0x8000efc2 (0x043f2123) sw      gp, 66(t5)
core   0: 3 0x8000efc2 (0x043f2123) mem 0x80010000 0x00000001
core   0: 0x8000efc6 (0x0000bfe5) c.j     pc - 8
core   0: 3 0x8000efc6 (0xbfe5)
core   0: 0x8000efbe (0x00001f17) auipc   t5, 0x1
core   0: 3 0x8000efbe (0x00001f17) x30 0x8000ffbe
core   0: 0x8000efc2 (0x043f2123) sw      gp, 66(t5)
core   0: 3 0x8000efc2 (0x043f2123) mem 0x80010000 0x00000001
core   0: 0x8000efc6 (0x0000bfe5) c.j     pc - 8
core   0: 3 0x8000efc6 (0xbfe5)
core   0: 0x8000efbe (0x00001f17) auipc   t5, 0x1
core   0: 3 0x8000efbe (0x00001f17) x30 0x8000ffbe
core   0: 0x8000efc2 (0x043f2123) sw      gp, 66(t5)
core   0: 3 0x8000efc2 (0x043f2123) mem 0x80010000 0x00000001
core   0: 0x8000efc6 (0x0000bfe5) c.j     pc - 8
core   0: 3 0x8000efc6 (0xbfe5)
core   0: 0x8000efbe (0x00001f17) auipc   t5, 0x1
core   0: 3 0x8000efbe (0x00001f17) x30 0x8000ffbe
core   0: 0x8000efc2 (0x043f2123) sw      gp, 66(t5)
core   0: 3 0x8000efc2 (0x043f2123) mem 0x80010000 0x00000001
core   0: 0x8000efc6 (0x0000bfe5) c.j     pc - 8
core   0: 3 0x8000efc6 (0xbfe5)
core   0: 0x8000efbe (0x00001f17) auipc   t5, 0x1
core   0: 3 0x8000efbe (0x00001f17) x30 0x8000ffbe
core   0: 0x8000efc2 (0x043f2123) sw      gp, 66(t5)
core   0: 3 0x8000efc2 (0x043f2123) mem 0x80010000 0x00000001
core   0: 0x8000efc6 (0x0000bfe5) c.j     pc - 8
core   0: 3 0x8000efc6 (0xbfe5)
core   0: 0x8000efbe (0x00001f17) auipc   t5, 0x1
core   0: 3 0x8000efbe (0x00001f17) x30 0x8000ffbe
core   0: 0x8000efc2 (0x043f2123) sw      gp, 66(t5)
core   0: 3 0x8000efc2 (0x043f2123) mem 0x80010000 0x00000001
core   0: 0x8000efc6 (0x0000bfe5) c.j     pc - 8
core   0: 3 0x8000efc6 (0xbfe5)
core   0: 0x8000efbe (0x00001f17) auipc   t5, 0x1
core   0: 3 0x8000efbe (0x00001f17) x30 0x8000ffbe
core   0: 0x8000efc2 (0x043f2123) sw      gp, 66(t5)
core   0: 3 0x8000efc2 (0x043f2123) mem 0x80010000 0x00000001
core   0: 0x8000efc6 (0x0000bfe5) c.j     pc - 8
core   0: 3 0x8000efc6 (0xbfe5)
core   0: 0x8000efbe (0x00001f17) auipc   t5, 0x1
core   0: 3 0x8000efbe (0x00001f17) x30 0x8000ffbe
core   0: 0x8000efc2 (0x043f2123) sw      gp, 66(t5)
core   0: 3 0x8000efc2 (0x043f2123) mem 0x80010000 0x00000001
core   0: 0x8000efc6 (0x0000bfe5) c.j     pc - 8
core   0: 3 0x8000efc6 (0xbfe5)
core   0: 0x8000efbe (0x00001f17) auipc   t5, 0x1
core   0: 3 0x8000efbe (0x00001f17) x30 0x8000ffbe
core   0: 0x8000efc2 (0x043f2123) sw      gp, 66(t5)
core   0: 3 0x8000efc2 (0x043f2123) mem 0x80010000 0x00000001
core   0: 0x8000efc6 (0x0000bfe5) c.j     pc - 8
core   0: 3 0x8000efc6 (0xbfe5)
core   0: 0x8000efbe (0x00001f17) auipc   t5, 0x1
core   0: 3 0x8000efbe (0x00001f17) x30 0x8000ffbe
core   0: 0x8000efc2 (0x043f2123) sw      gp, 66(t5)
core   0: 3 0x8000efc2 (0x043f2123) mem 0x80010000 0x00000001
core   0: 0x8000efc6 (0x0000bfe5) c.j     pc - 8
core   0: 3 0x8000efc6 (0xbfe5)
core   0: 0x8000efbe (0x00001f17) auipc   t5, 0x1
core   0: 3 0x8000efbe (0x00001f17) x30 0x8000ffbe
core   0: 0x8000efc2 (0x043f2123) sw      gp, 66(t5)
core   0: 3 0x8000efc2 (0x043f2123) mem 0x80010000 0x00000001
core   0: 0x8000efc6 (0x0000bfe5) c.j     pc - 8
core   0: 3 0x8000efc6 (0xbfe5)
core   0: 0x8000efbe (0x00001f17) auipc   t5, 0x1
core   0: 3 0x8000efbe (0x00001f17) x30 0x8000ffbe
core   0: 0x8000efc2 (0x043f2123) sw      gp, 66(t5)
core   0: 3 0x8000efc2 (0x043f2123) mem 0x80010000 0x00000001
core   0: 0x8000efc6 (0x0000bfe5) c.j     pc - 8
core   0: 3 0x8000efc6 (0xbfe5)
core   0: 0x8000efbe (0x00001f17) auipc   t5, 0x1
core   0: 3 0x8000efbe (0x00001f17) x30 0x8000ffbe
core   0: 0x8000efc2 (0x043f2123) sw      gp, 66(t5)
core   0: 3 0x8000efc2 (0x043f2123) mem 0x80010000 0x00000001
core   0: 0x8000efc6 (0x0000bfe5) c.j     pc - 8
core   0: 3 0x8000efc6 (0xbfe5)
core   0: 0x8000efbe (0x00001f17) auipc   t5, 0x1
core   0: 3 0x8000efbe (0x00001f17) x30 0x8000ffbe
core   0: 0x8000efc2 (0x043f2123) sw      gp, 66(t5)
core   0: 3 0x8000efc2 (0x043f2123) mem 0x80010000 0x00000001
core   0: 0x8000efc6 (0x0000bfe5) c.j     pc - 8
core   0: 3 0x8000efc6 (0xbfe5)
core   0: 0x8000efbe (0x00001f17) auipc   t5, 0x1
core   0: 3 0x8000efbe (0x00001f17) x30 0x8000ffbe
core   0: 0x8000efc2 (0x043f2123) sw      gp, 66(t5)
core   0: 3 0x8000efc2 (0x043f2123) mem 0x80010000 0x00000001
core   0: 0x8000efc6 (0x0000bfe5) c.j     pc - 8
core   0: 3 0x8000efc6 (0xbfe5)
core   0: 0x8000efbe (0x00001f17) auipc   t5, 0x1
core   0: 3 0x8000efbe (0x00001f17) x30 0x8000ffbe
core   0: 0x8000efc2 (0x043f2123) sw      gp, 66(t5)
core   0: 3 0x8000efc2 (0x043f2123) mem 0x80010000 0x00000001
core   0: 0x8000efc6 (0x0000bfe5) c.j     pc - 8
core   0: 3 0x8000efc6 (0xbfe5)
core   0: 0x8000efbe (0x00001f17) auipc   t5, 0x1
core   0: 3 0x8000efbe (0x00001f17) x30 0x8000ffbe
core   0: 0x8000efc2 (0x043f2123) sw      gp, 66(t5)
core   0: 3 0x8000efc2 (0x043f2123) mem 0x80010000 0x00000001
core   0: 0x8000efc6 (0x0000bfe5) c.j     pc - 8
core   0: 3 0x8000efc6 (0xbfe5)
core   0: 0x8000efbe (0x00001f17) auipc   t5, 0x1
core   0: 3 0x8000efbe (0x00001f17) x30 0x8000ffbe
core   0: 0x8000efc2 (0x043f2123) sw      gp, 66(t5)
core   0: 3 0x8000efc2 (0x043f2123) mem 0x80010000 0x00000001
core   0: 0x8000efc6 (0x0000bfe5) c.j     pc - 8
core   0: 3 0x8000efc6 (0xbfe5)
core   0: 0x8000efbe (0x00001f17) auipc   t5, 0x1
core   0: 3 0x8000efbe (0x00001f17) x30 0x8000ffbe
core   0: 0x8000efc2 (0x043f2123) sw      gp, 66(t5)
core   0: 3 0x8000efc2 (0x043f2123) mem 0x80010000 0x00000001
core   0: 0x8000efc6 (0x0000bfe5) c.j     pc - 8
core   0: 3 0x8000efc6 (0xbfe5)
core   0: 0x8000efbe (0x00001f17) auipc   t5, 0x1
core   0: 3 0x8000efbe (0x00001f17) x30 0x8000ffbe
core   0: 0x8000efc2 (0x043f2123) sw      gp, 66(t5)
core   0: 3 0x8000efc2 (0x043f2123) mem 0x80010000 0x00000001
core   0: 0x8000efc6 (0x0000bfe5) c.j     pc - 8
core   0: 3 0x8000efc6 (0xbfe5)
core   0: 0x8000efbe (0x00001f17) auipc   t5, 0x1
core   0: 3 0x8000efbe (0x00001f17) x30 0x8000ffbe
core   0: 0x8000efc2 (0x043f2123) sw      gp, 66(t5)
core   0: 3 0x8000efc2 (0x043f2123) mem 0x80010000 0x00000001
core   0: 0x8000efc6 (0x0000bfe5) c.j     pc - 8
core   0: 3 0x8000efc6 (0xbfe5)
core   0: 0x8000efbe (0x00001f17) auipc   t5, 0x1
core   0: 3 0x8000efbe (0x00001f17) x30 0x8000ffbe
core   0: 0x8000efc2 (0x043f2123) sw      gp, 66(t5)
core   0: 3 0x8000efc2 (0x043f2123) mem 0x80010000 0x00000001
core   0: 0x8000efc6 (0x0000bfe5) c.j     pc - 8
core   0: 3 0x8000efc6 (0xbfe5)
core   0: 0x8000efbe (0x00001f17) auipc   t5, 0x1
core   0: 3 0x8000efbe (0x00001f17) x30 0x8000ffbe
core   0: 0x8000efc2 (0x043f2123) sw      gp, 66(t5)
core   0: 3 0x8000efc2 (0x043f2123) mem 0x80010000 0x00000001
core   0: 0x8000efc6 (0x0000bfe5) c.j     pc - 8
core   0: 3 0x8000efc6 (0xbfe5)
core   0: 0x8000efbe (0x00001f17) auipc   t5, 0x1
core   0: 3 0x8000efbe (0x00001f17) x30 0x8000ffbe
core   0: 0x8000efc2 (0x043f2123) sw      gp, 66(t5)
core   0: 3 0x8000efc2 (0x043f2123) mem 0x80010000 0x00000001
core   0: 0x8000efc6 (0x0000bfe5) c.j     pc - 8
core   0: 3 0x8000efc6 (0xbfe5)
core   0: 0x8000efbe (0x00001f17) auipc   t5, 0x1
core   0: 3 0x8000efbe (0x00001f17) x30 0x8000ffbe
core   0: 0x8000efc2 (0x043f2123) sw      gp, 66(t5)
core   0: 3 0x8000efc2 (0x043f2123) mem 0x80010000 0x00000001
core   0: 0x8000efc6 (0x0000bfe5) c.j     pc - 8
core   0: 3 0x8000efc6 (0xbfe5)
core   0: 0x8000efbe (0x00001f17) auipc   t5, 0x1
core   0: 3 0x8000efbe (0x00001f17) x30 0x8000ffbe
core   0: 0x8000efc2 (0x043f2123) sw      gp, 66(t5)
core   0: 3 0x8000efc2 (0x043f2123) mem 0x80010000 0x00000001
core   0: 0x8000efc6 (0x0000bfe5) c.j     pc - 8
core   0: 3 0x8000efc6 (0xbfe5)
core   0: 0x8000efbe (0x00001f17) auipc   t5, 0x1
core   0: 3 0x8000efbe (0x00001f17) x30 0x8000ffbe
core   0: 0x8000efc2 (0x043f2123) sw      gp, 66(t5)
core   0: 3 0x8000efc2 (0x043f2123) mem 0x80010000 0x00000001
core   0: 0x8000efc6 (0x0000bfe5) c.j     pc - 8
core   0: 3 0x8000efc6 (0xbfe5)
core   0: 0x8000efbe (0x00001f17) auipc   t5, 0x1
core   0: 3 0x8000efbe (0x00001f17) x30 0x8000ffbe
core   0: 0x8000efc2 (0x043f2123) sw      gp, 66(t5)
core   0: 3 0x8000efc2 (0x043f2123) mem 0x80010000 0x00000001
core   0: 0x8000efc6 (0x0000bfe5) c.j     pc - 8
core   0: 3 0x8000efc6 (0xbfe5)
core   0: 0x8000efbe (0x00001f17) auipc   t5, 0x1
core   0: 3 0x8000efbe (0x00001f17) x30 0x8000ffbe
core   0: 0x8000efc2 (0x043f2123) sw      gp, 66(t5)
core   0: 3 0x8000efc2 (0x043f2123) mem 0x80010000 0x00000001
core   0: 0x8000efc6 (0x0000bfe5) c.j     pc - 8
core   0: 3 0x8000efc6 (0xbfe5)
core   0: 0x8000efbe (0x00001f17) auipc   t5, 0x1
core   0: 3 0x8000efbe (0x00001f17) x30 0x8000ffbe
core   0: 0x8000efc2 (0x043f2123) sw      gp, 66(t5)
core   0: 3 0x8000efc2 (0x043f2123) mem 0x80010000 0x00000001
core   0: 0x8000efc6 (0x0000bfe5) c.j     pc - 8
core   0: 3 0x8000efc6 (0xbfe5)
core   0: 0x8000efbe (0x00001f17) auipc   t5, 0x1
core   0: 3 0x8000efbe (0x00001f17) x30 0x8000ffbe
core   0: 0x8000efc2 (0x043f2123) sw      gp, 66(t5)
core   0: 3 0x8000efc2 (0x043f2123) mem 0x80010000 0x00000001
core   0: 0x8000efc6 (0x0000bfe5) c.j     pc - 8
core   0: 3 0x8000efc6 (0xbfe5)
core   0: 0x8000efbe (0x00001f17) auipc   t5, 0x1
core   0: 3 0x8000efbe (0x00001f17) x30 0x8000ffbe
core   0: 0x8000efc2 (0x043f2123) sw      gp, 66(t5)
core   0: 3 0x8000efc2 (0x043f2123) mem 0x80010000 0x00000001
core   0: 0x8000efc6 (0x0000bfe5) c.j     pc - 8
core   0: 3 0x8000efc6 (0xbfe5)
core   0: 0x8000efbe (0x00001f17) auipc   t5, 0x1
core   0: 3 0x8000efbe (0x00001f17) x30 0x8000ffbe
core   0: 0x8000efc2 (0x043f2123) sw      gp, 66(t5)
core   0: 3 0x8000efc2 (0x043f2123) mem 0x80010000 0x00000001
core   0: 0x8000efc6 (0x0000bfe5) c.j     pc - 8
core   0: 3 0x8000efc6 (0xbfe5)
core   0: 0x8000efbe (0x00001f17) auipc   t5, 0x1
core   0: 3 0x8000efbe (0x00001f17) x30 0x8000ffbe
core   0: 0x8000efc2 (0x043f2123) sw      gp, 66(t5)
core   0: 3 0x8000efc2 (0x043f2123) mem 0x80010000 0x00000001
core   0: 0x8000efc6 (0x0000bfe5) c.j     pc - 8
core   0: 3 0x8000efc6 (0xbfe5)
core   0: 0x8000efbe (0x00001f17) auipc   t5, 0x1
core   0: 3 0x8000efbe (0x00001f17) x30 0x8000ffbe
core   0: 0x8000efc2 (0x043f2123) sw      gp, 66(t5)
core   0: 3 0x8000efc2 (0x043f2123) mem 0x80010000 0x00000001
core   0: 0x8000efc6 (0x0000bfe5) c.j     pc - 8
core   0: 3 0x8000efc6 (0xbfe5)
core   0: 0x8000efbe (0x00001f17) auipc   t5, 0x1
core   0: 3 0x8000efbe (0x00001f17) x30 0x8000ffbe
core   0: 0x8000efc2 (0x043f2123) sw      gp, 66(t5)
core   0: 3 0x8000efc2 (0x043f2123) mem 0x80010000 0x00000001
core   0: 0x8000efc6 (0x0000bfe5) c.j     pc - 8
core   0: 3 0x8000efc6 (0xbfe5)
core   0: 0x8000efbe (0x00001f17) auipc   t5, 0x1
core   0: 3 0x8000efbe (0x00001f17) x30 0x8000ffbe
core   0: 0x8000efc2 (0x043f2123) sw      gp, 66(t5)
core   0: 3 0x8000efc2 (0x043f2123) mem 0x80010000 0x00000001
core   0: 0x8000efc6 (0x0000bfe5) c.j     pc - 8
core   0: 3 0x8000efc6 (0xbfe5)
core   0: 0x8000efbe (0x00001f17) auipc   t5, 0x1
core   0: 3 0x8000efbe (0x00001f17) x30 0x8000ffbe
core   0: 0x8000efc2 (0x043f2123) sw      gp, 66(t5)
core   0: 3 0x8000efc2 (0x043f2123) mem 0x80010000 0x00000001
core   0: 0x8000efc6 (0x0000bfe5) c.j     pc - 8
core   0: 3 0x8000efc6 (0xbfe5)
core   0: 0x8000efbe (0x00001f17) auipc   t5, 0x1
core   0: 3 0x8000efbe (0x00001f17) x30 0x8000ffbe
core   0: 0x8000efc2 (0x043f2123) sw      gp, 66(t5)
core   0: 3 0x8000efc2 (0x043f2123) mem 0x80010000 0x00000001
core   0: 0x8000efc6 (0x0000bfe5) c.j     pc - 8
core   0: 3 0x8000efc6 (0xbfe5)
core   0: 0x8000efbe (0x00001f17) auipc   t5, 0x1
core   0: 3 0x8000efbe (0x00001f17) x30 0x8000ffbe
core   0: 0x8000efc2 (0x043f2123) sw      gp, 66(t5)
core   0: 3 0x8000efc2 (0x043f2123) mem 0x80010000 0x00000001
core   0: 0x8000efc6 (0x0000bfe5) c.j     pc - 8
core   0: 3 0x8000efc6 (0xbfe5)
core   0: 0x8000efbe (0x00001f17) auipc   t5, 0x1
core   0: 3 0x8000efbe (0x00001f17) x30 0x8000ffbe
core   0: 0x8000efc2 (0x043f2123) sw      gp, 66(t5)
core   0: 3 0x8000efc2 (0x043f2123) mem 0x80010000 0x00000001
core   0: 0x8000efc6 (0x0000bfe5) c.j     pc - 8
core   0: 3 0x8000efc6 (0xbfe5)
core   0: 0x8000efbe (0x00001f17) auipc   t5, 0x1
core   0: 3 0x8000efbe (0x00001f17) x30 0x8000ffbe
core   0: 0x8000efc2 (0x043f2123) sw      gp, 66(t5)
core   0: 3 0x8000efc2 (0x043f2123) mem 0x80010000 0x00000001
core   0: 0x8000efc6 (0x0000bfe5) c.j     pc - 8
core   0: 3 0x8000efc6 (0xbfe5)
core   0: 0x8000efbe (0x00001f17) auipc   t5, 0x1
core   0: 3 0x8000efbe (0x00001f17) x30 0x8000ffbe
core   0: 0x8000efc2 (0x043f2123) sw      gp, 66(t5)
core   0: 3 0x8000efc2 (0x043f2123) mem 0x80010000 0x00000001
core   0: 0x8000efc6 (0x0000bfe5) c.j     pc - 8
core   0: 3 0x8000efc6 (0xbfe5)
core   0: 0x8000efbe (0x00001f17) auipc   t5, 0x1
core   0: 3 0x8000efbe (0x00001f17) x30 0x8000ffbe
core   0: 0x8000efc2 (0x043f2123) sw      gp, 66(t5)
core   0: 3 0x8000efc2 (0x043f2123) mem 0x80010000 0x00000001
core   0: 0x8000efc6 (0x0000bfe5) c.j     pc - 8
core   0: 3 0x8000efc6 (0xbfe5)
core   0: 0x8000efbe (0x00001f17) auipc   t5, 0x1
core   0: 3 0x8000efbe (0x00001f17) x30 0x8000ffbe
core   0: 0x8000efc2 (0x043f2123) sw      gp, 66(t5)
core   0: 3 0x8000efc2 (0x043f2123) mem 0x80010000 0x00000001
core   0: 0x8000efc6 (0x0000bfe5) c.j     pc - 8
core   0: 3 0x8000efc6 (0xbfe5)
core   0: 0x8000efbe (0x00001f17) auipc   t5, 0x1
core   0: 3 0x8000efbe (0x00001f17) x30 0x8000ffbe
core   0: 0x8000efc2 (0x043f2123) sw      gp, 66(t5)
core   0: 3 0x8000efc2 (0x043f2123) mem 0x80010000 0x00000001
core   0: 0x8000efc6 (0x0000bfe5) c.j     pc - 8
core   0: 3 0x8000efc6 (0xbfe5)
core   0: 0x8000efbe (0x00001f17) auipc   t5, 0x1
core   0: 3 0x8000efbe (0x00001f17) x30 0x8000ffbe
core   0: 0x8000efc2 (0x043f2123) sw      gp, 66(t5)
core   0: 3 0x8000efc2 (0x043f2123) mem 0x80010000 0x00000001
core   0: 0x8000efc6 (0x0000bfe5) c.j     pc - 8
core   0: 3 0x8000efc6 (0xbfe5)
core   0: 0x8000efbe (0x00001f17) auipc   t5, 0x1
core   0: 3 0x8000efbe (0x00001f17) x30 0x8000ffbe
core   0: 0x8000efc2 (0x043f2123) sw      gp, 66(t5)
core   0: 3 0x8000efc2 (0x043f2123) mem 0x80010000 0x00000001
core   0: 0x8000efc6 (0x0000bfe5) c.j     pc - 8
core   0: 3 0x8000efc6 (0xbfe5)
core   0: 0x8000efbe (0x00001f17) auipc   t5, 0x1
core   0: 3 0x8000efbe (0x00001f17) x30 0x8000ffbe
core   0: 0x8000efc2 (0x043f2123) sw      gp, 66(t5)
core   0: 3 0x8000efc2 (0x043f2123) mem 0x80010000 0x00000001
core   0: 0x8000efc6 (0x0000bfe5) c.j     pc - 8
core   0: 3 0x8000efc6 (0xbfe5)
core   0: 0x8000efbe (0x00001f17) auipc   t5, 0x1
core   0: 3 0x8000efbe (0x00001f17) x30 0x8000ffbe
core   0: 0x8000efc2 (0x043f2123) sw      gp, 66(t5)
core   0: 3 0x8000efc2 (0x043f2123) mem 0x80010000 0x00000001
core   0: 0x8000efc6 (0x0000bfe5) c.j     pc - 8
core   0: 3 0x8000efc6 (0xbfe5)
core   0: 0x8000efbe (0x00001f17) auipc   t5, 0x1
core   0: 3 0x8000efbe (0x00001f17) x30 0x8000ffbe
core   0: 0x8000efc2 (0x043f2123) sw      gp, 66(t5)
core   0: 3 0x8000efc2 (0x043f2123) mem 0x80010000 0x00000001
core   0: 0x8000efc6 (0x0000bfe5) c.j     pc - 8
core   0: 3 0x8000efc6 (0xbfe5)
core   0: 0x8000efbe (0x00001f17) auipc   t5, 0x1
core   0: 3 0x8000efbe (0x00001f17) x30 0x8000ffbe
core   0: 0x8000efc2 (0x043f2123) sw      gp, 66(t5)
core   0: 3 0x8000efc2 (0x043f2123) mem 0x80010000 0x00000001
core   0: 0x8000efc6 (0x0000bfe5) c.j     pc - 8
core   0: 3 0x8000efc6 (0xbfe5)
core   0: 0x8000efbe (0x00001f17) auipc   t5, 0x1
core   0: 3 0x8000efbe (0x00001f17) x30 0x8000ffbe
core   0: 0x8000efc2 (0x043f2123) sw      gp, 66(t5)
core   0: 3 0x8000efc2 (0x043f2123) mem 0x80010000 0x00000001
core   0: 0x8000efc6 (0x0000bfe5) c.j     pc - 8
core   0: 3 0x8000efc6 (0xbfe5)
core   0: 0x8000efbe (0x00001f17) auipc   t5, 0x1
core   0: 3 0x8000efbe (0x00001f17) x30 0x8000ffbe
core   0: 0x8000efc2 (0x043f2123) sw      gp, 66(t5)
core   0: 3 0x8000efc2 (0x043f2123) mem 0x80010000 0x00000001
core   0: 0x8000efc6 (0x0000bfe5) c.j     pc - 8
core   0: 3 0x8000efc6 (0xbfe5)
core   0: 0x8000efbe (0x00001f17) auipc   t5, 0x1
core   0: 3 0x8000efbe (0x00001f17) x30 0x8000ffbe
core   0: 0x8000efc2 (0x043f2123) sw      gp, 66(t5)
core   0: 3 0x8000efc2 (0x043f2123) mem 0x80010000 0x00000001
core   0: 0x8000efc6 (0x0000bfe5) c.j     pc - 8
core   0: 3 0x8000efc6 (0xbfe5)
core   0: 0x8000efbe (0x00001f17) auipc   t5, 0x1
core   0: 3 0x8000efbe (0x00001f17) x30 0x8000ffbe
core   0: 0x8000efc2 (0x043f2123) sw      gp, 66(t5)
core   0: 3 0x8000efc2 (0x043f2123) mem 0x80010000 0x00000001
core   0: 0x8000efc6 (0x0000bfe5) c.j     pc - 8
core   0: 3 0x8000efc6 (0xbfe5)
core   0: 0x8000efbe (0x00001f17) auipc   t5, 0x1
core   0: 3 0x8000efbe (0x00001f17) x30 0x8000ffbe
core   0: 0x8000efc2 (0x043f2123) sw      gp, 66(t5)
core   0: 3 0x8000efc2 (0x043f2123) mem 0x80010000 0x00000001
core   0: 0x8000efc6 (0x0000bfe5) c.j     pc - 8
core   0: 3 0x8000efc6 (0xbfe5)
core   0: 0x8000efbe (0x00001f17) auipc   t5, 0x1
core   0: 3 0x8000efbe (0x00001f17) x30 0x8000ffbe
core   0: 0x8000efc2 (0x043f2123) sw      gp, 66(t5)
core   0: 3 0x8000efc2 (0x043f2123) mem 0x80010000 0x00000001
core   0: 0x8000efc6 (0x0000bfe5) c.j     pc - 8
core   0: 3 0x8000efc6 (0xbfe5)
core   0: 0x8000efbe (0x00001f17) auipc   t5, 0x1
core   0: 3 0x8000efbe (0x00001f17) x30 0x8000ffbe
core   0: 0x8000efc2 (0x043f2123) sw      gp, 66(t5)
core   0: 3 0x8000efc2 (0x043f2123) mem 0x80010000 0x00000001
core   0: 0x8000efc6 (0x0000bfe5) c.j     pc - 8
core   0: 3 0x8000efc6 (0xbfe5)
core   0: 0x8000efbe (0x00001f17) auipc   t5, 0x1
core   0: 3 0x8000efbe (0x00001f17) x30 0x8000ffbe
core   0: 0x8000efc2 (0x043f2123) sw      gp, 66(t5)
core   0: 3 0x8000efc2 (0x043f2123) mem 0x80010000 0x00000001
core   0: 0x8000efc6 (0x0000bfe5) c.j     pc - 8
core   0: 3 0x8000efc6 (0xbfe5)
core   0: 0x8000efbe (0x00001f17) auipc   t5, 0x1
core   0: 3 0x8000efbe (0x00001f17) x30 0x8000ffbe
core   0: 0x8000efc2 (0x043f2123) sw      gp, 66(t5)
core   0: 3 0x8000efc2 (0x043f2123) mem 0x80010000 0x00000001
core   0: 0x8000efc6 (0x0000bfe5) c.j     pc - 8
core   0: 3 0x8000efc6 (0xbfe5)
core   0: 0x8000efbe (0x00001f17) auipc   t5, 0x1
core   0: 3 0x8000efbe (0x00001f17) x30 0x8000ffbe
core   0: 0x8000efc2 (0x043f2123) sw      gp, 66(t5)
core   0: 3 0x8000efc2 (0x043f2123) mem 0x80010000 0x00000001
core   0: 0x8000efc6 (0x0000bfe5) c.j     pc - 8
core   0: 3 0x8000efc6 (0xbfe5)
core   0: 0x8000efbe (0x00001f17) auipc   t5, 0x1
core   0: 3 0x8000efbe (0x00001f17) x30 0x8000ffbe
core   0: 0x8000efc2 (0x043f2123) sw      gp, 66(t5)
core   0: 3 0x8000efc2 (0x043f2123) mem 0x80010000 0x00000001
core   0: 0x8000efc6 (0x0000bfe5) c.j     pc - 8
core   0: 3 0x8000efc6 (0xbfe5)
core   0: 0x8000efbe (0x00001f17) auipc   t5, 0x1
core   0: 3 0x8000efbe (0x00001f17) x30 0x8000ffbe
core   0: 0x8000efc2 (0x043f2123) sw      gp, 66(t5)
core   0: 3 0x8000efc2 (0x043f2123) mem 0x80010000 0x00000001
core   0: 0x8000efc6 (0x0000bfe5) c.j     pc - 8
core   0: 3 0x8000efc6 (0xbfe5)
core   0: 0x8000efbe (0x00001f17) auipc   t5, 0x1
core   0: 3 0x8000efbe (0x00001f17) x30 0x8000ffbe
core   0: 0x8000efc2 (0x043f2123) sw      gp, 66(t5)
core   0: 3 0x8000efc2 (0x043f2123) mem 0x80010000 0x00000001
core   0: 0x8000efc6 (0x0000bfe5) c.j     pc - 8
core   0: 3 0x8000efc6 (0xbfe5)
core   0: 0x8000efbe (0x00001f17) auipc   t5, 0x1
core   0: 3 0x8000efbe (0x00001f17) x30 0x8000ffbe
core   0: 0x8000efc2 (0x043f2123) sw      gp, 66(t5)
core   0: 3 0x8000efc2 (0x043f2123) mem 0x80010000 0x00000001
core   0: 0x8000efc6 (0x0000bfe5) c.j     pc - 8
core   0: 3 0x8000efc6 (0xbfe5)
core   0: 0x8000efbe (0x00001f17) auipc   t5, 0x1
core   0: 3 0x8000efbe (0x00001f17) x30 0x8000ffbe
core   0: 0x8000efc2 (0x043f2123) sw      gp, 66(t5)
core   0: 3 0x8000efc2 (0x043f2123) mem 0x80010000 0x00000001
core   0: 0x8000efc6 (0x0000bfe5) c.j     pc - 8
core   0: 3 0x8000efc6 (0xbfe5)
core   0: 0x8000efbe (0x00001f17) auipc   t5, 0x1
core   0: 3 0x8000efbe (0x00001f17) x30 0x8000ffbe
core   0: 0x8000efc2 (0x043f2123) sw      gp, 66(t5)
core   0: 3 0x8000efc2 (0x043f2123) mem 0x80010000 0x00000001
core   0: 0x8000efc6 (0x0000bfe5) c.j     pc - 8
core   0: 3 0x8000efc6 (0xbfe5)
core   0: 0x8000efbe (0x00001f17) auipc   t5, 0x1
core   0: 3 0x8000efbe (0x00001f17) x30 0x8000ffbe
core   0: 0x8000efc2 (0x043f2123) sw      gp, 66(t5)
core   0: 3 0x8000efc2 (0x043f2123) mem 0x80010000 0x00000001
core   0: 0x8000efc6 (0x0000bfe5) c.j     pc - 8
core   0: 3 0x8000efc6 (0xbfe5)
core   0: 0x8000efbe (0x00001f17) auipc   t5, 0x1
core   0: 3 0x8000efbe (0x00001f17) x30 0x8000ffbe
core   0: 0x8000efc2 (0x043f2123) sw      gp, 66(t5)
core   0: 3 0x8000efc2 (0x043f2123) mem 0x80010000 0x00000001
core   0: 0x8000efc6 (0x0000bfe5) c.j     pc - 8
core   0: 3 0x8000efc6 (0xbfe5)
core   0: 0x8000efbe (0x00001f17) auipc   t5, 0x1
core   0: 3 0x8000efbe (0x00001f17) x30 0x8000ffbe
core   0: 0x8000efc2 (0x043f2123) sw      gp, 66(t5)
core   0: 3 0x8000efc2 (0x043f2123) mem 0x80010000 0x00000001
core   0: 0x8000efc6 (0x0000bfe5) c.j     pc - 8
core   0: 3 0x8000efc6 (0xbfe5)
core   0: 0x8000efbe (0x00001f17) auipc   t5, 0x1
core   0: 3 0x8000efbe (0x00001f17) x30 0x8000ffbe
core   0: 0x8000efc2 (0x043f2123) sw      gp, 66(t5)
core   0: 3 0x8000efc2 (0x043f2123) mem 0x80010000 0x00000001
core   0: 0x8000efc6 (0x0000bfe5) c.j     pc - 8
core   0: 3 0x8000efc6 (0xbfe5)
core   0: 0x8000efbe (0x00001f17) auipc   t5, 0x1
core   0: 3 0x8000efbe (0x00001f17) x30 0x8000ffbe
core   0: 0x8000efc2 (0x043f2123) sw      gp, 66(t5)
core   0: 3 0x8000efc2 (0x043f2123) mem 0x80010000 0x00000001
core   0: 0x8000efc6 (0x0000bfe5) c.j     pc - 8
core   0: 3 0x8000efc6 (0xbfe5)
core   0: 0x8000efbe (0x00001f17) auipc   t5, 0x1
core   0: 3 0x8000efbe (0x00001f17) x30 0x8000ffbe
core   0: 0x8000efc2 (0x043f2123) sw      gp, 66(t5)
core   0: 3 0x8000efc2 (0x043f2123) mem 0x80010000 0x00000001
core   0: 0x8000efc6 (0x0000bfe5) c.j     pc - 8
core   0: 3 0x8000efc6 (0xbfe5)
core   0: 0x8000efbe (0x00001f17) auipc   t5, 0x1
core   0: 3 0x8000efbe (0x00001f17) x30 0x8000ffbe
core   0: 0x8000efc2 (0x043f2123) sw      gp, 66(t5)
core   0: 3 0x8000efc2 (0x043f2123) mem 0x80010000 0x00000001
core   0: 0x8000efc6 (0x0000bfe5) c.j     pc - 8
core   0: 3 0x8000efc6 (0xbfe5)
core   0: 0x8000efbe (0x00001f17) auipc   t5, 0x1
core   0: 3 0x8000efbe (0x00001f17) x30 0x8000ffbe
core   0: 0x8000efc2 (0x043f2123) sw      gp, 66(t5)
core   0: 3 0x8000efc2 (0x043f2123) mem 0x80010000 0x00000001
core   0: 0x8000efc6 (0x0000bfe5) c.j     pc - 8
core   0: 3 0x8000efc6 (0xbfe5)
core   0: 0x8000efbe (0x00001f17) auipc   t5, 0x1
core   0: 3 0x8000efbe (0x00001f17) x30 0x8000ffbe
core   0: 0x8000efc2 (0x043f2123) sw      gp, 66(t5)
core   0: 3 0x8000efc2 (0x043f2123) mem 0x80010000 0x00000001
core   0: 0x8000efc6 (0x0000bfe5) c.j     pc - 8
core   0: 3 0x8000efc6 (0xbfe5)
core   0: 0x8000efbe (0x00001f17) auipc   t5, 0x1
core   0: 3 0x8000efbe (0x00001f17) x30 0x8000ffbe
core   0: 0x8000efc2 (0x043f2123) sw      gp, 66(t5)
core   0: 3 0x8000efc2 (0x043f2123) mem 0x80010000 0x00000001
core   0: 0x8000efc6 (0x0000bfe5) c.j     pc - 8
core   0: 3 0x8000efc6 (0xbfe5)
core   0: 0x8000efbe (0x00001f17) auipc   t5, 0x1
core   0: 3 0x8000efbe (0x00001f17) x30 0x8000ffbe
core   0: 0x8000efc2 (0x043f2123) sw      gp, 66(t5)
core   0: 3 0x8000efc2 (0x043f2123) mem 0x80010000 0x00000001
core   0: 0x8000efc6 (0x0000bfe5) c.j     pc - 8
core   0: 3 0x8000efc6 (0xbfe5)
core   0: 0x8000efbe (0x00001f17) auipc   t5, 0x1
core   0: 3 0x8000efbe (0x00001f17) x30 0x8000ffbe
core   0: 0x8000efc2 (0x043f2123) sw      gp, 66(t5)
core   0: 3 0x8000efc2 (0x043f2123) mem 0x80010000 0x00000001
core   0: 0x8000efc6 (0x0000bfe5) c.j     pc - 8
core   0: 3 0x8000efc6 (0xbfe5)
core   0: 0x8000efbe (0x00001f17) auipc   t5, 0x1
core   0: 3 0x8000efbe (0x00001f17) x30 0x8000ffbe
core   0: 0x8000efc2 (0x043f2123) sw      gp, 66(t5)
core   0: 3 0x8000efc2 (0x043f2123) mem 0x80010000 0x00000001
core   0: 0x8000efc6 (0x0000bfe5) c.j     pc - 8
core   0: 3 0x8000efc6 (0xbfe5)
core   0: 0x8000efbe (0x00001f17) auipc   t5, 0x1
core   0: 3 0x8000efbe (0x00001f17) x30 0x8000ffbe
core   0: 0x8000efc2 (0x043f2123) sw      gp, 66(t5)
core   0: 3 0x8000efc2 (0x043f2123) mem 0x80010000 0x00000001
core   0: 0x8000efc6 (0x0000bfe5) c.j     pc - 8
core   0: 3 0x8000efc6 (0xbfe5)
core   0: 0x8000efbe (0x00001f17) auipc   t5, 0x1
core   0: 3 0x8000efbe (0x00001f17) x30 0x8000ffbe
core   0: 0x8000efc2 (0x043f2123) sw      gp, 66(t5)
core   0: 3 0x8000efc2 (0x043f2123) mem 0x80010000 0x00000001
core   0: 0x8000efc6 (0x0000bfe5) c.j     pc - 8
core   0: 3 0x8000efc6 (0xbfe5)
core   0: 0x8000efbe (0x00001f17) auipc   t5, 0x1
core   0: 3 0x8000efbe (0x00001f17) x30 0x8000ffbe
core   0: 0x8000efc2 (0x043f2123) sw      gp, 66(t5)
core   0: 3 0x8000efc2 (0x043f2123) mem 0x80010000 0x00000001
core   0: 0x8000efc6 (0x0000bfe5) c.j     pc - 8
core   0: 3 0x8000efc6 (0xbfe5)
core   0: 0x8000efbe (0x00001f17) auipc   t5, 0x1
core   0: 3 0x8000efbe (0x00001f17) x30 0x8000ffbe
core   0: 0x8000efc2 (0x043f2123) sw      gp, 66(t5)
core   0: 3 0x8000efc2 (0x043f2123) mem 0x80010000 0x00000001
core   0: 0x8000efc6 (0x0000bfe5) c.j     pc - 8
core   0: 3 0x8000efc6 (0xbfe5)
core   0: 0x8000efbe (0x00001f17) auipc   t5, 0x1
core   0: 3 0x8000efbe (0x00001f17) x30 0x8000ffbe
core   0: 0x8000efc2 (0x043f2123) sw      gp, 66(t5)
core   0: 3 0x8000efc2 (0x043f2123) mem 0x80010000 0x00000001
core   0: 0x8000efc6 (0x0000bfe5) c.j     pc - 8
core   0: 3 0x8000efc6 (0xbfe5)
core   0: 0x8000efbe (0x00001f17) auipc   t5, 0x1
core   0: 3 0x8000efbe (0x00001f17) x30 0x8000ffbe
core   0: 0x8000efc2 (0x043f2123) sw      gp, 66(t5)
core   0: 3 0x8000efc2 (0x043f2123) mem 0x80010000 0x00000001
core   0: 0x8000efc6 (0x0000bfe5) c.j     pc - 8
core   0: 3 0x8000efc6 (0xbfe5)
core   0: 0x8000efbe (0x00001f17) auipc   t5, 0x1
core   0: 3 0x8000efbe (0x00001f17) x30 0x8000ffbe
core   0: 0x8000efc2 (0x043f2123) sw      gp, 66(t5)
core   0: 3 0x8000efc2 (0x043f2123) mem 0x80010000 0x00000001
core   0: 0x8000efc6 (0x0000bfe5) c.j     pc - 8
core   0: 3 0x8000efc6 (0xbfe5)
core   0: 0x8000efbe (0x00001f17) auipc   t5, 0x1
core   0: 3 0x8000efbe (0x00001f17) x30 0x8000ffbe
core   0: 0x8000efc2 (0x043f2123) sw      gp, 66(t5)
core   0: 3 0x8000efc2 (0x043f2123) mem 0x80010000 0x00000001
core   0: 0x8000efc6 (0x0000bfe5) c.j     pc - 8
core   0: 3 0x8000efc6 (0xbfe5)
core   0: 0x8000efbe (0x00001f17) auipc   t5, 0x1
core   0: 3 0x8000efbe (0x00001f17) x30 0x8000ffbe
core   0: 0x8000efc2 (0x043f2123) sw      gp, 66(t5)
core   0: 3 0x8000efc2 (0x043f2123) mem 0x80010000 0x00000001
core   0: 0x8000efc6 (0x0000bfe5) c.j     pc - 8
core   0: 3 0x8000efc6 (0xbfe5)
core   0: 0x8000efbe (0x00001f17) auipc   t5, 0x1
core   0: 3 0x8000efbe (0x00001f17) x30 0x8000ffbe
core   0: 0x8000efc2 (0x043f2123) sw      gp, 66(t5)
core   0: 3 0x8000efc2 (0x043f2123) mem 0x80010000 0x00000001
core   0: 0x8000efc6 (0x0000bfe5) c.j     pc - 8
core   0: 3 0x8000efc6 (0xbfe5)
core   0: 0x8000efbe (0x00001f17) auipc   t5, 0x1
core   0: 3 0x8000efbe (0x00001f17) x30 0x8000ffbe
core   0: 0x8000efc2 (0x043f2123) sw      gp, 66(t5)
core   0: 3 0x8000efc2 (0x043f2123) mem 0x80010000 0x00000001
core   0: 0x8000efc6 (0x0000bfe5) c.j     pc - 8
core   0: 3 0x8000efc6 (0xbfe5)
core   0: 0x8000efbe (0x00001f17) auipc   t5, 0x1
core   0: 3 0x8000efbe (0x00001f17) x30 0x8000ffbe
core   0: 0x8000efc2 (0x043f2123) sw      gp, 66(t5)
core   0: 3 0x8000efc2 (0x043f2123) mem 0x80010000 0x00000001
core   0: 0x8000efc6 (0x0000bfe5) c.j     pc - 8
core   0: 3 0x8000efc6 (0xbfe5)
core   0: 0x8000efbe (0x00001f17) auipc   t5, 0x1
core   0: 3 0x8000efbe (0x00001f17) x30 0x8000ffbe
core   0: 0x8000efc2 (0x043f2123) sw      gp, 66(t5)
core   0: 3 0x8000efc2 (0x043f2123) mem 0x80010000 0x00000001
core   0: 0x8000efc6 (0x0000bfe5) c.j     pc - 8
core   0: 3 0x8000efc6 (0xbfe5)
core   0: 0x8000efbe (0x00001f17) auipc   t5, 0x1
core   0: 3 0x8000efbe (0x00001f17) x30 0x8000ffbe
core   0: 0x8000efc2 (0x043f2123) sw      gp, 66(t5)
core   0: 3 0x8000efc2 (0x043f2123) mem 0x80010000 0x00000001
core   0: 0x8000efc6 (0x0000bfe5) c.j     pc - 8
core   0: 3 0x8000efc6 (0xbfe5)
core   0: 0x8000efbe (0x00001f17) auipc   t5, 0x1
core   0: 3 0x8000efbe (0x00001f17) x30 0x8000ffbe
core   0: 0x8000efc2 (0x043f2123) sw      gp, 66(t5)
core   0: 3 0x8000efc2 (0x043f2123) mem 0x80010000 0x00000001
core   0: 0x8000efc6 (0x0000bfe5) c.j     pc - 8
core   0: 3 0x8000efc6 (0xbfe5)
core   0: 0x8000efbe (0x00001f17) auipc   t5, 0x1
core   0: 3 0x8000efbe (0x00001f17) x30 0x8000ffbe
core   0: 0x8000efc2 (0x043f2123) sw      gp, 66(t5)
core   0: 3 0x8000efc2 (0x043f2123) mem 0x80010000 0x00000001
core   0: 0x8000efc6 (0x0000bfe5) c.j     pc - 8
core   0: 3 0x8000efc6 (0xbfe5)
core   0: 0x8000efbe (0x00001f17) auipc   t5, 0x1
core   0: 3 0x8000efbe (0x00001f17) x30 0x8000ffbe
core   0: 0x8000efc2 (0x043f2123) sw      gp, 66(t5)
core   0: 3 0x8000efc2 (0x043f2123) mem 0x80010000 0x00000001
core   0: 0x8000efc6 (0x0000bfe5) c.j     pc - 8
core   0: 3 0x8000efc6 (0xbfe5)
core   0: 0x8000efbe (0x00001f17) auipc   t5, 0x1
core   0: 3 0x8000efbe (0x00001f17) x30 0x8000ffbe
core   0: 0x8000efc2 (0x043f2123) sw      gp, 66(t5)
core   0: 3 0x8000efc2 (0x043f2123) mem 0x80010000 0x00000001
core   0: 0x8000efc6 (0x0000bfe5) c.j     pc - 8
core   0: 3 0x8000efc6 (0xbfe5)
core   0: 0x8000efbe (0x00001f17) auipc   t5, 0x1
core   0: 3 0x8000efbe (0x00001f17) x30 0x8000ffbe
core   0: 0x8000efc2 (0x043f2123) sw      gp, 66(t5)
core   0: 3 0x8000efc2 (0x043f2123) mem 0x80010000 0x00000001
core   0: 0x8000efc6 (0x0000bfe5) c.j     pc - 8
core   0: 3 0x8000efc6 (0xbfe5)
core   0: 0x8000efbe (0x00001f17) auipc   t5, 0x1
core   0: 3 0x8000efbe (0x00001f17) x30 0x8000ffbe
core   0: 0x8000efc2 (0x043f2123) sw      gp, 66(t5)
core   0: 3 0x8000efc2 (0x043f2123) mem 0x80010000 0x00000001
core   0: 0x8000efc6 (0x0000bfe5) c.j     pc - 8
core   0: 3 0x8000efc6 (0xbfe5)
core   0: 0x8000efbe (0x00001f17) auipc   t5, 0x1
core   0: 3 0x8000efbe (0x00001f17) x30 0x8000ffbe
core   0: 0x8000efc2 (0x043f2123) sw      gp, 66(t5)
core   0: 3 0x8000efc2 (0x043f2123) mem 0x80010000 0x00000001
core   0: 0x8000efc6 (0x0000bfe5) c.j     pc - 8
core   0: 3 0x8000efc6 (0xbfe5)
core   0: 0x8000efbe (0x00001f17) auipc   t5, 0x1
core   0: 3 0x8000efbe (0x00001f17) x30 0x8000ffbe
core   0: 0x8000efc2 (0x043f2123) sw      gp, 66(t5)
core   0: 3 0x8000efc2 (0x043f2123) mem 0x80010000 0x00000001
core   0: 0x8000efc6 (0x0000bfe5) c.j     pc - 8
core   0: 3 0x8000efc6 (0xbfe5)
core   0: 0x8000efbe (0x00001f17) auipc   t5, 0x1
core   0: 3 0x8000efbe (0x00001f17) x30 0x8000ffbe
core   0: 0x8000efc2 (0x043f2123) sw      gp, 66(t5)
core   0: 3 0x8000efc2 (0x043f2123) mem 0x80010000 0x00000001
core   0: 0x8000efc6 (0x0000bfe5) c.j     pc - 8
core   0: 3 0x8000efc6 (0xbfe5)
core   0: 0x8000efbe (0x00001f17) auipc   t5, 0x1
core   0: 3 0x8000efbe (0x00001f17) x30 0x8000ffbe
core   0: 0x8000efc2 (0x043f2123) sw      gp, 66(t5)
core   0: 3 0x8000efc2 (0x043f2123) mem 0x80010000 0x00000001
core   0: 0x8000efc6 (0x0000bfe5) c.j     pc - 8
core   0: 3 0x8000efc6 (0xbfe5)
core   0: 0x8000efbe (0x00001f17) auipc   t5, 0x1
core   0: 3 0x8000efbe (0x00001f17) x30 0x8000ffbe
core   0: 0x8000efc2 (0x043f2123) sw      gp, 66(t5)
core   0: 3 0x8000efc2 (0x043f2123) mem 0x80010000 0x00000001
core   0: 0x8000efc6 (0x0000bfe5) c.j     pc - 8
core   0: 3 0x8000efc6 (0xbfe5)
core   0: 0x8000efbe (0x00001f17) auipc   t5, 0x1
core   0: 3 0x8000efbe (0x00001f17) x30 0x8000ffbe
core   0: 0x8000efc2 (0x043f2123) sw      gp, 66(t5)
core   0: 3 0x8000efc2 (0x043f2123) mem 0x80010000 0x00000001
core   0: 0x8000efc6 (0x0000bfe5) c.j     pc - 8
core   0: 3 0x8000efc6 (0xbfe5)
core   0: 0x8000efbe (0x00001f17) auipc   t5, 0x1
core   0: 3 0x8000efbe (0x00001f17) x30 0x8000ffbe
core   0: 0x8000efc2 (0x043f2123) sw      gp, 66(t5)
core   0: 3 0x8000efc2 (0x043f2123) mem 0x80010000 0x00000001
core   0: 0x8000efc6 (0x0000bfe5) c.j     pc - 8
core   0: 3 0x8000efc6 (0xbfe5)
core   0: 0x8000efbe (0x00001f17) auipc   t5, 0x1
core   0: 3 0x8000efbe (0x00001f17) x30 0x8000ffbe
core   0: 0x8000efc2 (0x043f2123) sw      gp, 66(t5)
core   0: 3 0x8000efc2 (0x043f2123) mem 0x80010000 0x00000001
core   0: 0x8000efc6 (0x0000bfe5) c.j     pc - 8
core   0: 3 0x8000efc6 (0xbfe5)
core   0: 0x8000efbe (0x00001f17) auipc   t5, 0x1
core   0: 3 0x8000efbe (0x00001f17) x30 0x8000ffbe
core   0: 0x8000efc2 (0x043f2123) sw      gp, 66(t5)
core   0: 3 0x8000efc2 (0x043f2123) mem 0x80010000 0x00000001
core   0: 0x8000efc6 (0x0000bfe5) c.j     pc - 8
core   0: 3 0x8000efc6 (0xbfe5)
core   0: 0x8000efbe (0x00001f17) auipc   t5, 0x1
core   0: 3 0x8000efbe (0x00001f17) x30 0x8000ffbe
core   0: 0x8000efc2 (0x043f2123) sw      gp, 66(t5)
core   0: 3 0x8000efc2 (0x043f2123) mem 0x80010000 0x00000001
core   0: 0x8000efc6 (0x0000bfe5) c.j     pc - 8
core   0: 3 0x8000efc6 (0xbfe5)
core   0: 0x8000efbe (0x00001f17) auipc   t5, 0x1
core   0: 3 0x8000efbe (0x00001f17) x30 0x8000ffbe
core   0: 0x8000efc2 (0x043f2123) sw      gp, 66(t5)
core   0: 3 0x8000efc2 (0x043f2123) mem 0x80010000 0x00000001
core   0: 0x8000efc6 (0x0000bfe5) c.j     pc - 8
core   0: 3 0x8000efc6 (0xbfe5)
core   0: 0x8000efbe (0x00001f17) auipc   t5, 0x1
core   0: 3 0x8000efbe (0x00001f17) x30 0x8000ffbe
core   0: 0x8000efc2 (0x043f2123) sw      gp, 66(t5)
core   0: 3 0x8000efc2 (0x043f2123) mem 0x80010000 0x00000001
core   0: 0x8000efc6 (0x0000bfe5) c.j     pc - 8
core   0: 3 0x8000efc6 (0xbfe5)
core   0: 0x8000efbe (0x00001f17) auipc   t5, 0x1
core   0: 3 0x8000efbe (0x00001f17) x30 0x8000ffbe
core   0: 0x8000efc2 (0x043f2123) sw      gp, 66(t5)
core   0: 3 0x8000efc2 (0x043f2123) mem 0x80010000 0x00000001
core   0: 0x8000efc6 (0x0000bfe5) c.j     pc - 8
core   0: 3 0x8000efc6 (0xbfe5)
core   0: 0x8000efbe (0x00001f17) auipc   t5, 0x1
core   0: 3 0x8000efbe (0x00001f17) x30 0x8000ffbe
core   0: 0x8000efc2 (0x043f2123) sw      gp, 66(t5)
core   0: 3 0x8000efc2 (0x043f2123) mem 0x80010000 0x00000001
core   0: 0x8000efc6 (0x0000bfe5) c.j     pc - 8
core   0: 3 0x8000efc6 (0xbfe5)
core   0: 0x8000efbe (0x00001f17) auipc   t5, 0x1
core   0: 3 0x8000efbe (0x00001f17) x30 0x8000ffbe
core   0: 0x8000efc2 (0x043f2123) sw      gp, 66(t5)
core   0: 3 0x8000efc2 (0x043f2123) mem 0x80010000 0x00000001
core   0: 0x8000efc6 (0x0000bfe5) c.j     pc - 8
core   0: 3 0x8000efc6 (0xbfe5)
core   0: 0x8000efbe (0x00001f17) auipc   t5, 0x1
core   0: 3 0x8000efbe (0x00001f17) x30 0x8000ffbe
core   0: 0x8000efc2 (0x043f2123) sw      gp, 66(t5)
core   0: 3 0x8000efc2 (0x043f2123) mem 0x80010000 0x00000001
core   0: 0x8000efc6 (0x0000bfe5) c.j     pc - 8
core   0: 3 0x8000efc6 (0xbfe5)
core   0: 0x8000efbe (0x00001f17) auipc   t5, 0x1
core   0: 3 0x8000efbe (0x00001f17) x30 0x8000ffbe
core   0: 0x8000efc2 (0x043f2123) sw      gp, 66(t5)
core   0: 3 0x8000efc2 (0x043f2123) mem 0x80010000 0x00000001
core   0: 0x8000efc6 (0x0000bfe5) c.j     pc - 8
core   0: 3 0x8000efc6 (0xbfe5)
core   0: 0x8000efbe (0x00001f17) auipc   t5, 0x1
core   0: 3 0x8000efbe (0x00001f17) x30 0x8000ffbe
core   0: 0x8000efc2 (0x043f2123) sw      gp, 66(t5)
core   0: 3 0x8000efc2 (0x043f2123) mem 0x80010000 0x00000001
core   0: 0x8000efc6 (0x0000bfe5) c.j     pc - 8
core   0: 3 0x8000efc6 (0xbfe5)
core   0: 0x8000efbe (0x00001f17) auipc   t5, 0x1
core   0: 3 0x8000efbe (0x00001f17) x30 0x8000ffbe
core   0: 0x8000efc2 (0x043f2123) sw      gp, 66(t5)
core   0: 3 0x8000efc2 (0x043f2123) mem 0x80010000 0x00000001
core   0: 0x8000efc6 (0x0000bfe5) c.j     pc - 8
core   0: 3 0x8000efc6 (0xbfe5)
core   0: 0x8000efbe (0x00001f17) auipc   t5, 0x1
core   0: 3 0x8000efbe (0x00001f17) x30 0x8000ffbe
core   0: 0x8000efc2 (0x043f2123) sw      gp, 66(t5)
core   0: 3 0x8000efc2 (0x043f2123) mem 0x80010000 0x00000001
core   0: 0x8000efc6 (0x0000bfe5) c.j     pc - 8
core   0: 3 0x8000efc6 (0xbfe5)
core   0: 0x8000efbe (0x00001f17) auipc   t5, 0x1
core   0: 3 0x8000efbe (0x00001f17) x30 0x8000ffbe
core   0: 0x8000efc2 (0x043f2123) sw      gp, 66(t5)
core   0: 3 0x8000efc2 (0x043f2123) mem 0x80010000 0x00000001
core   0: 0x8000efc6 (0x0000bfe5) c.j     pc - 8
core   0: 3 0x8000efc6 (0xbfe5)
core   0: 0x8000efbe (0x00001f17) auipc   t5, 0x1
core   0: 3 0x8000efbe (0x00001f17) x30 0x8000ffbe
core   0: 0x8000efc2 (0x043f2123) sw      gp, 66(t5)
core   0: 3 0x8000efc2 (0x043f2123) mem 0x80010000 0x00000001
core   0: 0x8000efc6 (0x0000bfe5) c.j     pc - 8
core   0: 3 0x8000efc6 (0xbfe5)
core   0: 0x8000efbe (0x00001f17) auipc   t5, 0x1
core   0: 3 0x8000efbe (0x00001f17) x30 0x8000ffbe
core   0: 0x8000efc2 (0x043f2123) sw      gp, 66(t5)
core   0: 3 0x8000efc2 (0x043f2123) mem 0x80010000 0x00000001
core   0: 0x8000efc6 (0x0000bfe5) c.j     pc - 8
core   0: 3 0x8000efc6 (0xbfe5)
core   0: 0x8000efbe (0x00001f17) auipc   t5, 0x1
core   0: 3 0x8000efbe (0x00001f17) x30 0x8000ffbe
core   0: 0x8000efc2 (0x043f2123) sw      gp, 66(t5)
core   0: 3 0x8000efc2 (0x043f2123) mem 0x80010000 0x00000001
core   0: 0x8000efc6 (0x0000bfe5) c.j     pc - 8
core   0: 3 0x8000efc6 (0xbfe5)
core   0: 0x8000efbe (0x00001f17) auipc   t5, 0x1
core   0: 3 0x8000efbe (0x00001f17) x30 0x8000ffbe
core   0: 0x8000efc2 (0x043f2123) sw      gp, 66(t5)
core   0: 3 0x8000efc2 (0x043f2123) mem 0x80010000 0x00000001
core   0: 0x8000efc6 (0x0000bfe5) c.j     pc - 8
core   0: 3 0x8000efc6 (0xbfe5)
core   0: 0x8000efbe (0x00001f17) auipc   t5, 0x1
core   0: 3 0x8000efbe (0x00001f17) x30 0x8000ffbe
core   0: 0x8000efc2 (0x043f2123) sw      gp, 66(t5)
core   0: 3 0x8000efc2 (0x043f2123) mem 0x80010000 0x00000001
core   0: 0x8000efc6 (0x0000bfe5) c.j     pc - 8
core   0: 3 0x8000efc6 (0xbfe5)
core   0: 0x8000efbe (0x00001f17) auipc   t5, 0x1
core   0: 3 0x8000efbe (0x00001f17) x30 0x8000ffbe
core   0: 0x8000efc2 (0x043f2123) sw      gp, 66(t5)
core   0: 3 0x8000efc2 (0x043f2123) mem 0x80010000 0x00000001
core   0: 0x8000efc6 (0x0000bfe5) c.j     pc - 8
core   0: 3 0x8000efc6 (0xbfe5)
core   0: 0x8000efbe (0x00001f17) auipc   t5, 0x1
core   0: 3 0x8000efbe (0x00001f17) x30 0x8000ffbe
core   0: 0x8000efc2 (0x043f2123) sw      gp, 66(t5)
core   0: 3 0x8000efc2 (0x043f2123) mem 0x80010000 0x00000001
core   0: 0x8000efc6 (0x0000bfe5) c.j     pc - 8
core   0: 3 0x8000efc6 (0xbfe5)
core   0: 0x8000efbe (0x00001f17) auipc   t5, 0x1
core   0: 3 0x8000efbe (0x00001f17) x30 0x8000ffbe
core   0: 0x8000efc2 (0x043f2123) sw      gp, 66(t5)
core   0: 3 0x8000efc2 (0x043f2123) mem 0x80010000 0x00000001
core   0: 0x8000efc6 (0x0000bfe5) c.j     pc - 8
core   0: 3 0x8000efc6 (0xbfe5)
core   0: 0x8000efbe (0x00001f17) auipc   t5, 0x1
core   0: 3 0x8000efbe (0x00001f17) x30 0x8000ffbe
core   0: 0x8000efc2 (0x043f2123) sw      gp, 66(t5)
core   0: 3 0x8000efc2 (0x043f2123) mem 0x80010000 0x00000001
core   0: 0x8000efc6 (0x0000bfe5) c.j     pc - 8
core   0: 3 0x8000efc6 (0xbfe5)
core   0: 0x8000efbe (0x00001f17) auipc   t5, 0x1
core   0: 3 0x8000efbe (0x00001f17) x30 0x8000ffbe
core   0: 0x8000efc2 (0x043f2123) sw      gp, 66(t5)
core   0: 3 0x8000efc2 (0x043f2123) mem 0x80010000 0x00000001
core   0: 0x8000efc6 (0x0000bfe5) c.j     pc - 8
core   0: 3 0x8000efc6 (0xbfe5)
core   0: 0x8000efbe (0x00001f17) auipc   t5, 0x1
core   0: 3 0x8000efbe (0x00001f17) x30 0x8000ffbe
core   0: 0x8000efc2 (0x043f2123) sw      gp, 66(t5)
core   0: 3 0x8000efc2 (0x043f2123) mem 0x80010000 0x00000001
core   0: 0x8000efc6 (0x0000bfe5) c.j     pc - 8
core   0: 3 0x8000efc6 (0xbfe5)
core   0: 0x8000efbe (0x00001f17) auipc   t5, 0x1
core   0: 3 0x8000efbe (0x00001f17) x30 0x8000ffbe
core   0: 0x8000efc2 (0x043f2123) sw      gp, 66(t5)
core   0: 3 0x8000efc2 (0x043f2123) mem 0x80010000 0x00000001
core   0: 0x8000efc6 (0x0000bfe5) c.j     pc - 8
core   0: 3 0x8000efc6 (0xbfe5)
core   0: 0x8000efbe (0x00001f17) auipc   t5, 0x1
core   0: 3 0x8000efbe (0x00001f17) x30 0x8000ffbe
core   0: 0x8000efc2 (0x043f2123) sw      gp, 66(t5)
core   0: 3 0x8000efc2 (0x043f2123) mem 0x80010000 0x00000001
core   0: 0x8000efc6 (0x0000bfe5) c.j     pc - 8
core   0: 3 0x8000efc6 (0xbfe5)
core   0: 0x8000efbe (0x00001f17) auipc   t5, 0x1
core   0: 3 0x8000efbe (0x00001f17) x30 0x8000ffbe
core   0: 0x8000efc2 (0x043f2123) sw      gp, 66(t5)
core   0: 3 0x8000efc2 (0x043f2123) mem 0x80010000 0x00000001
core   0: 0x8000efc6 (0x0000bfe5) c.j     pc - 8
core   0: 3 0x8000efc6 (0xbfe5)
core   0: 0x8000efbe (0x00001f17) auipc   t5, 0x1
core   0: 3 0x8000efbe (0x00001f17) x30 0x8000ffbe
core   0: 0x8000efc2 (0x043f2123) sw      gp, 66(t5)
core   0: 3 0x8000efc2 (0x043f2123) mem 0x80010000 0x00000001
core   0: 0x8000efc6 (0x0000bfe5) c.j     pc - 8
core   0: 3 0x8000efc6 (0xbfe5)
core   0: 0x8000efbe (0x00001f17) auipc   t5, 0x1
core   0: 3 0x8000efbe (0x00001f17) x30 0x8000ffbe
core   0: 0x8000efc2 (0x043f2123) sw      gp, 66(t5)
core   0: 3 0x8000efc2 (0x043f2123) mem 0x80010000 0x00000001
core   0: 0x8000efc6 (0x0000bfe5) c.j     pc - 8
core   0: 3 0x8000efc6 (0xbfe5)
core   0: 0x8000efbe (0x00001f17) auipc   t5, 0x1
core   0: 3 0x8000efbe (0x00001f17) x30 0x8000ffbe
core   0: 0x8000efc2 (0x043f2123) sw      gp, 66(t5)
core   0: 3 0x8000efc2 (0x043f2123) mem 0x80010000 0x00000001
core   0: 0x8000efc6 (0x0000bfe5) c.j     pc - 8
core   0: 3 0x8000efc6 (0xbfe5)
core   0: 0x8000efbe (0x00001f17) auipc   t5, 0x1
core   0: 3 0x8000efbe (0x00001f17) x30 0x8000ffbe
core   0: 0x8000efc2 (0x043f2123) sw      gp, 66(t5)
core   0: 3 0x8000efc2 (0x043f2123) mem 0x80010000 0x00000001
core   0: 0x8000efc6 (0x0000bfe5) c.j     pc - 8
core   0: 3 0x8000efc6 (0xbfe5)
core   0: 0x8000efbe (0x00001f17) auipc   t5, 0x1
core   0: 3 0x8000efbe (0x00001f17) x30 0x8000ffbe
core   0: 0x8000efc2 (0x043f2123) sw      gp, 66(t5)
core   0: 3 0x8000efc2 (0x043f2123) mem 0x80010000 0x00000001
core   0: 0x8000efc6 (0x0000bfe5) c.j     pc - 8
core   0: 3 0x8000efc6 (0xbfe5)
core   0: 0x8000efbe (0x00001f17) auipc   t5, 0x1
core   0: 3 0x8000efbe (0x00001f17) x30 0x8000ffbe
core   0: 0x8000efc2 (0x043f2123) sw      gp, 66(t5)
core   0: 3 0x8000efc2 (0x043f2123) mem 0x80010000 0x00000001
core   0: 0x8000efc6 (0x0000bfe5) c.j     pc - 8
core   0: 3 0x8000efc6 (0xbfe5)
core   0: 0x8000efbe (0x00001f17) auipc   t5, 0x1
core   0: 3 0x8000efbe (0x00001f17) x30 0x8000ffbe
core   0: 0x8000efc2 (0x043f2123) sw      gp, 66(t5)
core   0: 3 0x8000efc2 (0x043f2123) mem 0x80010000 0x00000001
core   0: 0x8000efc6 (0x0000bfe5) c.j     pc - 8
core   0: 3 0x8000efc6 (0xbfe5)
core   0: 0x8000efbe (0x00001f17) auipc   t5, 0x1
core   0: 3 0x8000efbe (0x00001f17) x30 0x8000ffbe
core   0: 0x8000efc2 (0x043f2123) sw      gp, 66(t5)
core   0: 3 0x8000efc2 (0x043f2123) mem 0x80010000 0x00000001
core   0: 0x8000efc6 (0x0000bfe5) c.j     pc - 8
core   0: 3 0x8000efc6 (0xbfe5)
core   0: 0x8000efbe (0x00001f17) auipc   t5, 0x1
core   0: 3 0x8000efbe (0x00001f17) x30 0x8000ffbe
core   0: 0x8000efc2 (0x043f2123) sw      gp, 66(t5)
core   0: 3 0x8000efc2 (0x043f2123) mem 0x80010000 0x00000001
core   0: 0x8000efc6 (0x0000bfe5) c.j     pc - 8
core   0: 3 0x8000efc6 (0xbfe5)
core   0: 0x8000efbe (0x00001f17) auipc   t5, 0x1
core   0: 3 0x8000efbe (0x00001f17) x30 0x8000ffbe
core   0: 0x8000efc2 (0x043f2123) sw      gp, 66(t5)
core   0: 3 0x8000efc2 (0x043f2123) mem 0x80010000 0x00000001
core   0: 0x8000efc6 (0x0000bfe5) c.j     pc - 8
core   0: 3 0x8000efc6 (0xbfe5)
core   0: 0x8000efbe (0x00001f17) auipc   t5, 0x1
core   0: 3 0x8000efbe (0x00001f17) x30 0x8000ffbe
core   0: 0x8000efc2 (0x043f2123) sw      gp, 66(t5)
core   0: 3 0x8000efc2 (0x043f2123) mem 0x80010000 0x00000001
core   0: 0x8000efc6 (0x0000bfe5) c.j     pc - 8
core   0: 3 0x8000efc6 (0xbfe5)
core   0: 0x8000efbe (0x00001f17) auipc   t5, 0x1
core   0: 3 0x8000efbe (0x00001f17) x30 0x8000ffbe
core   0: 0x8000efc2 (0x043f2123) sw      gp, 66(t5)
core   0: 3 0x8000efc2 (0x043f2123) mem 0x80010000 0x00000001
core   0: 0x8000efc6 (0x0000bfe5) c.j     pc - 8
core   0: 3 0x8000efc6 (0xbfe5)
core   0: 0x8000efbe (0x00001f17) auipc   t5, 0x1
core   0: 3 0x8000efbe (0x00001f17) x30 0x8000ffbe
core   0: 0x8000efc2 (0x043f2123) sw      gp, 66(t5)
core   0: 3 0x8000efc2 (0x043f2123) mem 0x80010000 0x00000001
core   0: 0x8000efc6 (0x0000bfe5) c.j     pc - 8
core   0: 3 0x8000efc6 (0xbfe5)
core   0: 0x8000efbe (0x00001f17) auipc   t5, 0x1
core   0: 3 0x8000efbe (0x00001f17) x30 0x8000ffbe
core   0: 0x8000efc2 (0x043f2123) sw      gp, 66(t5)
core   0: 3 0x8000efc2 (0x043f2123) mem 0x80010000 0x00000001
core   0: 0x8000efc6 (0x0000bfe5) c.j     pc - 8
core   0: 3 0x8000efc6 (0xbfe5)
core   0: 0x8000efbe (0x00001f17) auipc   t5, 0x1
core   0: 3 0x8000efbe (0x00001f17) x30 0x8000ffbe
core   0: 0x8000efc2 (0x043f2123) sw      gp, 66(t5)
core   0: 3 0x8000efc2 (0x043f2123) mem 0x80010000 0x00000001
core   0: 0x8000efc6 (0x0000bfe5) c.j     pc - 8
core   0: 3 0x8000efc6 (0xbfe5)
core   0: 0x8000efbe (0x00001f17) auipc   t5, 0x1
core   0: 3 0x8000efbe (0x00001f17) x30 0x8000ffbe
core   0: 0x8000efc2 (0x043f2123) sw      gp, 66(t5)
core   0: 3 0x8000efc2 (0x043f2123) mem 0x80010000 0x00000001
core   0: 0x8000efc6 (0x0000bfe5) c.j     pc - 8
core   0: 3 0x8000efc6 (0xbfe5)
core   0: 0x8000efbe (0x00001f17) auipc   t5, 0x1
core   0: 3 0x8000efbe (0x00001f17) x30 0x8000ffbe
core   0: 0x8000efc2 (0x043f2123) sw      gp, 66(t5)
core   0: 3 0x8000efc2 (0x043f2123) mem 0x80010000 0x00000001
core   0: 0x8000efc6 (0x0000bfe5) c.j     pc - 8
core   0: 3 0x8000efc6 (0xbfe5)
core   0: 0x8000efbe (0x00001f17) auipc   t5, 0x1
core   0: 3 0x8000efbe (0x00001f17) x30 0x8000ffbe
core   0: 0x8000efc2 (0x043f2123) sw      gp, 66(t5)
core   0: 3 0x8000efc2 (0x043f2123) mem 0x80010000 0x00000001
core   0: 0x8000efc6 (0x0000bfe5) c.j     pc - 8
core   0: 3 0x8000efc6 (0xbfe5)
core   0: 0x8000efbe (0x00001f17) auipc   t5, 0x1
core   0: 3 0x8000efbe (0x00001f17) x30 0x8000ffbe
core   0: 0x8000efc2 (0x043f2123) sw      gp, 66(t5)
core   0: 3 0x8000efc2 (0x043f2123) mem 0x80010000 0x00000001
core   0: 0x8000efc6 (0x0000bfe5) c.j     pc - 8
core   0: 3 0x8000efc6 (0xbfe5)
core   0: 0x8000efbe (0x00001f17) auipc   t5, 0x1
core   0: 3 0x8000efbe (0x00001f17) x30 0x8000ffbe
core   0: 0x8000efc2 (0x043f2123) sw      gp, 66(t5)
core   0: 3 0x8000efc2 (0x043f2123) mem 0x80010000 0x00000001
core   0: 0x8000efc6 (0x0000bfe5) c.j     pc - 8
core   0: 3 0x8000efc6 (0xbfe5)
core   0: 0x8000efbe (0x00001f17) auipc   t5, 0x1
core   0: 3 0x8000efbe (0x00001f17) x30 0x8000ffbe
core   0: 0x8000efc2 (0x043f2123) sw      gp, 66(t5)
core   0: 3 0x8000efc2 (0x043f2123) mem 0x80010000 0x00000001
core   0: 0x8000efc6 (0x0000bfe5) c.j     pc - 8
core   0: 3 0x8000efc6 (0xbfe5)
core   0: 0x8000efbe (0x00001f17) auipc   t5, 0x1
core   0: 3 0x8000efbe (0x00001f17) x30 0x8000ffbe
core   0: 0x8000efc2 (0x043f2123) sw      gp, 66(t5)
core   0: 3 0x8000efc2 (0x043f2123) mem 0x80010000 0x00000001
core   0: 0x8000efc6 (0x0000bfe5) c.j     pc - 8
core   0: 3 0x8000efc6 (0xbfe5)
core   0: 0x8000efbe (0x00001f17) auipc   t5, 0x1
core   0: 3 0x8000efbe (0x00001f17) x30 0x8000ffbe
core   0: 0x8000efc2 (0x043f2123) sw      gp, 66(t5)
core   0: 3 0x8000efc2 (0x043f2123) mem 0x80010000 0x00000001
core   0: 0x8000efc6 (0x0000bfe5) c.j     pc - 8
core   0: 3 0x8000efc6 (0xbfe5)
core   0: 0x8000efbe (0x00001f17) auipc   t5, 0x1
core   0: 3 0x8000efbe (0x00001f17) x30 0x8000ffbe
core   0: 0x8000efc2 (0x043f2123) sw      gp, 66(t5)
core   0: 3 0x8000efc2 (0x043f2123) mem 0x80010000 0x00000001
core   0: 0x8000efc6 (0x0000bfe5) c.j     pc - 8
core   0: 3 0x8000efc6 (0xbfe5)
core   0: 0x8000efbe (0x00001f17) auipc   t5, 0x1
core   0: 3 0x8000efbe (0x00001f17) x30 0x8000ffbe
core   0: 0x8000efc2 (0x043f2123) sw      gp, 66(t5)
core   0: 3 0x8000efc2 (0x043f2123) mem 0x80010000 0x00000001
core   0: 0x8000efc6 (0x0000bfe5) c.j     pc - 8
core   0: 3 0x8000efc6 (0xbfe5)
core   0: 0x8000efbe (0x00001f17) auipc   t5, 0x1
core   0: 3 0x8000efbe (0x00001f17) x30 0x8000ffbe
core   0: 0x8000efc2 (0x043f2123) sw      gp, 66(t5)
core   0: 3 0x8000efc2 (0x043f2123) mem 0x80010000 0x00000001
core   0: 0x8000efc6 (0x0000bfe5) c.j     pc - 8
core   0: 3 0x8000efc6 (0xbfe5)
core   0: 0x8000efbe (0x00001f17) auipc   t5, 0x1
core   0: 3 0x8000efbe (0x00001f17) x30 0x8000ffbe
core   0: 0x8000efc2 (0x043f2123) sw      gp, 66(t5)
core   0: 3 0x8000efc2 (0x043f2123) mem 0x80010000 0x00000001
core   0: 0x8000efc6 (0x0000bfe5) c.j     pc - 8
core   0: 3 0x8000efc6 (0xbfe5)
core   0: 0x8000efbe (0x00001f17) auipc   t5, 0x1
core   0: 3 0x8000efbe (0x00001f17) x30 0x8000ffbe
core   0: 0x8000efc2 (0x043f2123) sw      gp, 66(t5)
core   0: 3 0x8000efc2 (0x043f2123) mem 0x80010000 0x00000001
core   0: 0x8000efc6 (0x0000bfe5) c.j     pc - 8
core   0: 3 0x8000efc6 (0xbfe5)
core   0: 0x8000efbe (0x00001f17) auipc   t5, 0x1
core   0: 3 0x8000efbe (0x00001f17) x30 0x8000ffbe
core   0: 0x8000efc2 (0x043f2123) sw      gp, 66(t5)
core   0: 3 0x8000efc2 (0x043f2123) mem 0x80010000 0x00000001
core   0: 0x8000efc6 (0x0000bfe5) c.j     pc - 8
core   0: 3 0x8000efc6 (0xbfe5)
core   0: 0x8000efbe (0x00001f17) auipc   t5, 0x1
core   0: 3 0x8000efbe (0x00001f17) x30 0x8000ffbe
core   0: 0x8000efc2 (0x043f2123) sw      gp, 66(t5)
core   0: 3 0x8000efc2 (0x043f2123) mem 0x80010000 0x00000001
core   0: 0x8000efc6 (0x0000bfe5) c.j     pc - 8
core   0: 3 0x8000efc6 (0xbfe5)
core   0: 0x8000efbe (0x00001f17) auipc   t5, 0x1
core   0: 3 0x8000efbe (0x00001f17) x30 0x8000ffbe
core   0: 0x8000efc2 (0x043f2123) sw      gp, 66(t5)
core   0: 3 0x8000efc2 (0x043f2123) mem 0x80010000 0x00000001
core   0: 0x8000efc6 (0x0000bfe5) c.j     pc - 8
core   0: 3 0x8000efc6 (0xbfe5)
core   0: 0x8000efbe (0x00001f17) auipc   t5, 0x1
core   0: 3 0x8000efbe (0x00001f17) x30 0x8000ffbe
core   0: 0x8000efc2 (0x043f2123) sw      gp, 66(t5)
core   0: 3 0x8000efc2 (0x043f2123) mem 0x80010000 0x00000001
core   0: 0x8000efc6 (0x0000bfe5) c.j     pc - 8
core   0: 3 0x8000efc6 (0xbfe5)
core   0: 0x8000efbe (0x00001f17) auipc   t5, 0x1
core   0: 3 0x8000efbe (0x00001f17) x30 0x8000ffbe
core   0: 0x8000efc2 (0x043f2123) sw      gp, 66(t5)
core   0: 3 0x8000efc2 (0x043f2123) mem 0x80010000 0x00000001
core   0: 0x8000efc6 (0x0000bfe5) c.j     pc - 8
core   0: 3 0x8000efc6 (0xbfe5)
core   0: 0x8000efbe (0x00001f17) auipc   t5, 0x1
core   0: 3 0x8000efbe (0x00001f17) x30 0x8000ffbe
core   0: 0x8000efc2 (0x043f2123) sw      gp, 66(t5)
core   0: 3 0x8000efc2 (0x043f2123) mem 0x80010000 0x00000001
core   0: 0x8000efc6 (0x0000bfe5) c.j     pc - 8
core   0: 3 0x8000efc6 (0xbfe5)
core   0: 0x8000efbe (0x00001f17) auipc   t5, 0x1
core   0: 3 0x8000efbe (0x00001f17) x30 0x8000ffbe
core   0: 0x8000efc2 (0x043f2123) sw      gp, 66(t5)
core   0: 3 0x8000efc2 (0x043f2123) mem 0x80010000 0x00000001
core   0: 0x8000efc6 (0x0000bfe5) c.j     pc - 8
core   0: 3 0x8000efc6 (0xbfe5)
core   0: 0x8000efbe (0x00001f17) auipc   t5, 0x1
core   0: 3 0x8000efbe (0x00001f17) x30 0x8000ffbe
core   0: 0x8000efc2 (0x043f2123) sw      gp, 66(t5)
core   0: 3 0x8000efc2 (0x043f2123) mem 0x80010000 0x00000001
core   0: 0x8000efc6 (0x0000bfe5) c.j     pc - 8
core   0: 3 0x8000efc6 (0xbfe5)
core   0: 0x8000efbe (0x00001f17) auipc   t5, 0x1
core   0: 3 0x8000efbe (0x00001f17) x30 0x8000ffbe
core   0: 0x8000efc2 (0x043f2123) sw      gp, 66(t5)
core   0: 3 0x8000efc2 (0x043f2123) mem 0x80010000 0x00000001
core   0: 0x8000efc6 (0x0000bfe5) c.j     pc - 8
core   0: 3 0x8000efc6 (0xbfe5)
core   0: 0x8000efbe (0x00001f17) auipc   t5, 0x1
core   0: 3 0x8000efbe (0x00001f17) x30 0x8000ffbe
core   0: 0x8000efc2 (0x043f2123) sw      gp, 66(t5)
core   0: 3 0x8000efc2 (0x043f2123) mem 0x80010000 0x00000001
core   0: 0x8000efc6 (0x0000bfe5) c.j     pc - 8
core   0: 3 0x8000efc6 (0xbfe5)
core   0: 0x8000efbe (0x00001f17) auipc   t5, 0x1
core   0: 3 0x8000efbe (0x00001f17) x30 0x8000ffbe
core   0: 0x8000efc2 (0x043f2123) sw      gp, 66(t5)
core   0: 3 0x8000efc2 (0x043f2123) mem 0x80010000 0x00000001
core   0: 0x8000efc6 (0x0000bfe5) c.j     pc - 8
core   0: 3 0x8000efc6 (0xbfe5)
core   0: 0x8000efbe (0x00001f17) auipc   t5, 0x1
core   0: 3 0x8000efbe (0x00001f17) x30 0x8000ffbe
core   0: 0x8000efc2 (0x043f2123) sw      gp, 66(t5)
core   0: 3 0x8000efc2 (0x043f2123) mem 0x80010000 0x00000001
core   0: 0x8000efc6 (0x0000bfe5) c.j     pc - 8
core   0: 3 0x8000efc6 (0xbfe5)
core   0: 0x8000efbe (0x00001f17) auipc   t5, 0x1
core   0: 3 0x8000efbe (0x00001f17) x30 0x8000ffbe
core   0: 0x8000efc2 (0x043f2123) sw      gp, 66(t5)
core   0: 3 0x8000efc2 (0x043f2123) mem 0x80010000 0x00000001
core   0: 0x8000efc6 (0x0000bfe5) c.j     pc - 8
core   0: 3 0x8000efc6 (0xbfe5)
core   0: 0x8000efbe (0x00001f17) auipc   t5, 0x1
core   0: 3 0x8000efbe (0x00001f17) x30 0x8000ffbe
core   0: 0x8000efc2 (0x043f2123) sw      gp, 66(t5)
core   0: 3 0x8000efc2 (0x043f2123) mem 0x80010000 0x00000001
core   0: 0x8000efc6 (0x0000bfe5) c.j     pc - 8
core   0: 3 0x8000efc6 (0xbfe5)
core   0: 0x8000efbe (0x00001f17) auipc   t5, 0x1
core   0: 3 0x8000efbe (0x00001f17) x30 0x8000ffbe
core   0: 0x8000efc2 (0x043f2123) sw      gp, 66(t5)
core   0: 3 0x8000efc2 (0x043f2123) mem 0x80010000 0x00000001
core   0: 0x8000efc6 (0x0000bfe5) c.j     pc - 8
core   0: 3 0x8000efc6 (0xbfe5)
core   0: 0x8000efbe (0x00001f17) auipc   t5, 0x1
core   0: 3 0x8000efbe (0x00001f17) x30 0x8000ffbe
core   0: 0x8000efc2 (0x043f2123) sw      gp, 66(t5)
core   0: 3 0x8000efc2 (0x043f2123) mem 0x80010000 0x00000001
core   0: 0x8000efc6 (0x0000bfe5) c.j     pc - 8
core   0: 3 0x8000efc6 (0xbfe5)
core   0: 0x8000efbe (0x00001f17) auipc   t5, 0x1
core   0: 3 0x8000efbe (0x00001f17) x30 0x8000ffbe
core   0: 0x8000efc2 (0x043f2123) sw      gp, 66(t5)
core   0: 3 0x8000efc2 (0x043f2123) mem 0x80010000 0x00000001
core   0: 0x8000efc6 (0x0000bfe5) c.j     pc - 8
core   0: 3 0x8000efc6 (0xbfe5)
core   0: 0x8000efbe (0x00001f17) auipc   t5, 0x1
core   0: 3 0x8000efbe (0x00001f17) x30 0x8000ffbe
core   0: 0x8000efc2 (0x043f2123) sw      gp, 66(t5)
core   0: 3 0x8000efc2 (0x043f2123) mem 0x80010000 0x00000001
core   0: 0x8000efc6 (0x0000bfe5) c.j     pc - 8
core   0: 3 0x8000efc6 (0xbfe5)
core   0: 0x8000efbe (0x00001f17) auipc   t5, 0x1
core   0: 3 0x8000efbe (0x00001f17) x30 0x8000ffbe
core   0: 0x8000efc2 (0x043f2123) sw      gp, 66(t5)
core   0: 3 0x8000efc2 (0x043f2123) mem 0x80010000 0x00000001
core   0: 0x8000efc6 (0x0000bfe5) c.j     pc - 8
core   0: 3 0x8000efc6 (0xbfe5)
core   0: 0x8000efbe (0x00001f17) auipc   t5, 0x1
core   0: 3 0x8000efbe (0x00001f17) x30 0x8000ffbe
core   0: 0x8000efc2 (0x043f2123) sw      gp, 66(t5)
core   0: 3 0x8000efc2 (0x043f2123) mem 0x80010000 0x00000001
core   0: 0x8000efc6 (0x0000bfe5) c.j     pc - 8
core   0: 3 0x8000efc6 (0xbfe5)
core   0: 0x8000efbe (0x00001f17) auipc   t5, 0x1
core   0: 3 0x8000efbe (0x00001f17) x30 0x8000ffbe
core   0: 0x8000efc2 (0x043f2123) sw      gp, 66(t5)
core   0: 3 0x8000efc2 (0x043f2123) mem 0x80010000 0x00000001
core   0: 0x8000efc6 (0x0000bfe5) c.j     pc - 8
core   0: 3 0x8000efc6 (0xbfe5)
core   0: 0x8000efbe (0x00001f17) auipc   t5, 0x1
core   0: 3 0x8000efbe (0x00001f17) x30 0x8000ffbe
core   0: 0x8000efc2 (0x043f2123) sw      gp, 66(t5)
core   0: 3 0x8000efc2 (0x043f2123) mem 0x80010000 0x00000001
core   0: 0x8000efc6 (0x0000bfe5) c.j     pc - 8
core   0: 3 0x8000efc6 (0xbfe5)
core   0: 0x8000efbe (0x00001f17) auipc   t5, 0x1
core   0: 3 0x8000efbe (0x00001f17) x30 0x8000ffbe
core   0: 0x8000efc2 (0x043f2123) sw      gp, 66(t5)
core   0: 3 0x8000efc2 (0x043f2123) mem 0x80010000 0x00000001
core   0: 0x8000efc6 (0x0000bfe5) c.j     pc - 8
core   0: 3 0x8000efc6 (0xbfe5)
core   0: 0x8000efbe (0x00001f17) auipc   t5, 0x1
core   0: 3 0x8000efbe (0x00001f17) x30 0x8000ffbe
core   0: 0x8000efc2 (0x043f2123) sw      gp, 66(t5)
core   0: 3 0x8000efc2 (0x043f2123) mem 0x80010000 0x00000001
core   0: 0x8000efc6 (0x0000bfe5) c.j     pc - 8
core   0: 3 0x8000efc6 (0xbfe5)
core   0: 0x8000efbe (0x00001f17) auipc   t5, 0x1
core   0: 3 0x8000efbe (0x00001f17) x30 0x8000ffbe
core   0: 0x8000efc2 (0x043f2123) sw      gp, 66(t5)
core   0: 3 0x8000efc2 (0x043f2123) mem 0x80010000 0x00000001
core   0: 0x8000efc6 (0x0000bfe5) c.j     pc - 8
core   0: 3 0x8000efc6 (0xbfe5)
core   0: 0x8000efbe (0x00001f17) auipc   t5, 0x1
core   0: 3 0x8000efbe (0x00001f17) x30 0x8000ffbe
core   0: 0x8000efc2 (0x043f2123) sw      gp, 66(t5)
core   0: 3 0x8000efc2 (0x043f2123) mem 0x80010000 0x00000001
core   0: 0x8000efc6 (0x0000bfe5) c.j     pc - 8
core   0: 3 0x8000efc6 (0xbfe5)
core   0: 0x8000efbe (0x00001f17) auipc   t5, 0x1
core   0: 3 0x8000efbe (0x00001f17) x30 0x8000ffbe
core   0: 0x8000efc2 (0x043f2123) sw      gp, 66(t5)
core   0: 3 0x8000efc2 (0x043f2123) mem 0x80010000 0x00000001
core   0: 0x8000efc6 (0x0000bfe5) c.j     pc - 8
core   0: 3 0x8000efc6 (0xbfe5)
core   0: 0x8000efbe (0x00001f17) auipc   t5, 0x1
core   0: 3 0x8000efbe (0x00001f17) x30 0x8000ffbe
core   0: 0x8000efc2 (0x043f2123) sw      gp, 66(t5)
core   0: 3 0x8000efc2 (0x043f2123) mem 0x80010000 0x00000001
core   0: 0x8000efc6 (0x0000bfe5) c.j     pc - 8
core   0: 3 0x8000efc6 (0xbfe5)
core   0: 0x8000efbe (0x00001f17) auipc   t5, 0x1
core   0: 3 0x8000efbe (0x00001f17) x30 0x8000ffbe
core   0: 0x8000efc2 (0x043f2123) sw      gp, 66(t5)
core   0: 3 0x8000efc2 (0x043f2123) mem 0x80010000 0x00000001
core   0: 0x8000efc6 (0x0000bfe5) c.j     pc - 8
core   0: 3 0x8000efc6 (0xbfe5)
core   0: 0x8000efbe (0x00001f17) auipc   t5, 0x1
core   0: 3 0x8000efbe (0x00001f17) x30 0x8000ffbe
core   0: 0x8000efc2 (0x043f2123) sw      gp, 66(t5)
core   0: 3 0x8000efc2 (0x043f2123) mem 0x80010000 0x00000001
core   0: 0x8000efc6 (0x0000bfe5) c.j     pc - 8
core   0: 3 0x8000efc6 (0xbfe5)
core   0: 0x8000efbe (0x00001f17) auipc   t5, 0x1
core   0: 3 0x8000efbe (0x00001f17) x30 0x8000ffbe
core   0: 0x8000efc2 (0x043f2123) sw      gp, 66(t5)
core   0: 3 0x8000efc2 (0x043f2123) mem 0x80010000 0x00000001
core   0: 0x8000efc6 (0x0000bfe5) c.j     pc - 8
core   0: 3 0x8000efc6 (0xbfe5)
core   0: 0x8000efbe (0x00001f17) auipc   t5, 0x1
core   0: 3 0x8000efbe (0x00001f17) x30 0x8000ffbe
core   0: 0x8000efc2 (0x043f2123) sw      gp, 66(t5)
core   0: 3 0x8000efc2 (0x043f2123) mem 0x80010000 0x00000001
core   0: 0x8000efc6 (0x0000bfe5) c.j     pc - 8
core   0: 3 0x8000efc6 (0xbfe5)
core   0: 0x8000efbe (0x00001f17) auipc   t5, 0x1
core   0: 3 0x8000efbe (0x00001f17) x30 0x8000ffbe
core   0: 0x8000efc2 (0x043f2123) sw      gp, 66(t5)
core   0: 3 0x8000efc2 (0x043f2123) mem 0x80010000 0x00000001
core   0: 0x8000efc6 (0x0000bfe5) c.j     pc - 8
core   0: 3 0x8000efc6 (0xbfe5)
core   0: 0x8000efbe (0x00001f17) auipc   t5, 0x1
core   0: 3 0x8000efbe (0x00001f17) x30 0x8000ffbe
core   0: 0x8000efc2 (0x043f2123) sw      gp, 66(t5)
core   0: 3 0x8000efc2 (0x043f2123) mem 0x80010000 0x00000001
core   0: 0x8000efc6 (0x0000bfe5) c.j     pc - 8
core   0: 3 0x8000efc6 (0xbfe5)
core   0: 0x8000efbe (0x00001f17) auipc   t5, 0x1
core   0: 3 0x8000efbe (0x00001f17) x30 0x8000ffbe
core   0: 0x8000efc2 (0x043f2123) sw      gp, 66(t5)
core   0: 3 0x8000efc2 (0x043f2123) mem 0x80010000 0x00000001
core   0: 0x8000efc6 (0x0000bfe5) c.j     pc - 8
core   0: 3 0x8000efc6 (0xbfe5)
core   0: 0x8000efbe (0x00001f17) auipc   t5, 0x1
core   0: 3 0x8000efbe (0x00001f17) x30 0x8000ffbe
core   0: 0x8000efc2 (0x043f2123) sw      gp, 66(t5)
core   0: 3 0x8000efc2 (0x043f2123) mem 0x80010000 0x00000001
core   0: 0x8000efc6 (0x0000bfe5) c.j     pc - 8
core   0: 3 0x8000efc6 (0xbfe5)
core   0: 0x8000efbe (0x00001f17) auipc   t5, 0x1
core   0: 3 0x8000efbe (0x00001f17) x30 0x8000ffbe
core   0: 0x8000efc2 (0x043f2123) sw      gp, 66(t5)
core   0: 3 0x8000efc2 (0x043f2123) mem 0x80010000 0x00000001
core   0: 0x8000efc6 (0x0000bfe5) c.j     pc - 8
core   0: 3 0x8000efc6 (0xbfe5)
core   0: 0x8000efbe (0x00001f17) auipc   t5, 0x1
core   0: 3 0x8000efbe (0x00001f17) x30 0x8000ffbe
core   0: 0x8000efc2 (0x043f2123) sw      gp, 66(t5)
core   0: 3 0x8000efc2 (0x043f2123) mem 0x80010000 0x00000001
core   0: 0x8000efc6 (0x0000bfe5) c.j     pc - 8
core   0: 3 0x8000efc6 (0xbfe5)
core   0: 0x8000efbe (0x00001f17) auipc   t5, 0x1
core   0: 3 0x8000efbe (0x00001f17) x30 0x8000ffbe
core   0: 0x8000efc2 (0x043f2123) sw      gp, 66(t5)
core   0: 3 0x8000efc2 (0x043f2123) mem 0x80010000 0x00000001
core   0: 0x8000efc6 (0x0000bfe5) c.j     pc - 8
core   0: 3 0x8000efc6 (0xbfe5)
core   0: 0x8000efbe (0x00001f17) auipc   t5, 0x1
core   0: 3 0x8000efbe (0x00001f17) x30 0x8000ffbe
core   0: 0x8000efc2 (0x043f2123) sw      gp, 66(t5)
core   0: 3 0x8000efc2 (0x043f2123) mem 0x80010000 0x00000001
core   0: 0x8000efc6 (0x0000bfe5) c.j     pc - 8
core   0: 3 0x8000efc6 (0xbfe5)
core   0: 0x8000efbe (0x00001f17) auipc   t5, 0x1
core   0: 3 0x8000efbe (0x00001f17) x30 0x8000ffbe
core   0: 0x8000efc2 (0x043f2123) sw      gp, 66(t5)
core   0: 3 0x8000efc2 (0x043f2123) mem 0x80010000 0x00000001
core   0: 0x8000efc6 (0x0000bfe5) c.j     pc - 8
core   0: 3 0x8000efc6 (0xbfe5)
core   0: 0x8000efbe (0x00001f17) auipc   t5, 0x1
core   0: 3 0x8000efbe (0x00001f17) x30 0x8000ffbe
core   0: 0x8000efc2 (0x043f2123) sw      gp, 66(t5)
core   0: 3 0x8000efc2 (0x043f2123) mem 0x80010000 0x00000001
core   0: 0x8000efc6 (0x0000bfe5) c.j     pc - 8
core   0: 3 0x8000efc6 (0xbfe5)
core   0: 0x8000efbe (0x00001f17) auipc   t5, 0x1
core   0: 3 0x8000efbe (0x00001f17) x30 0x8000ffbe
core   0: 0x8000efc2 (0x043f2123) sw      gp, 66(t5)
core   0: 3 0x8000efc2 (0x043f2123) mem 0x80010000 0x00000001
core   0: 0x8000efc6 (0x0000bfe5) c.j     pc - 8
core   0: 3 0x8000efc6 (0xbfe5)
core   0: 0x8000efbe (0x00001f17) auipc   t5, 0x1
core   0: 3 0x8000efbe (0x00001f17) x30 0x8000ffbe
core   0: 0x8000efc2 (0x043f2123) sw      gp, 66(t5)
core   0: 3 0x8000efc2 (0x043f2123) mem 0x80010000 0x00000001
core   0: 0x8000efc6 (0x0000bfe5) c.j     pc - 8
core   0: 3 0x8000efc6 (0xbfe5)
core   0: 0x8000efbe (0x00001f17) auipc   t5, 0x1
core   0: 3 0x8000efbe (0x00001f17) x30 0x8000ffbe
core   0: 0x8000efc2 (0x043f2123) sw      gp, 66(t5)
core   0: 3 0x8000efc2 (0x043f2123) mem 0x80010000 0x00000001
core   0: 0x8000efc6 (0x0000bfe5) c.j     pc - 8
core   0: 3 0x8000efc6 (0xbfe5)
core   0: 0x8000efbe (0x00001f17) auipc   t5, 0x1
core   0: 3 0x8000efbe (0x00001f17) x30 0x8000ffbe
core   0: 0x8000efc2 (0x043f2123) sw      gp, 66(t5)
core   0: 3 0x8000efc2 (0x043f2123) mem 0x80010000 0x00000001
core   0: 0x8000efc6 (0x0000bfe5) c.j     pc - 8
core   0: 3 0x8000efc6 (0xbfe5)
core   0: 0x8000efbe (0x00001f17) auipc   t5, 0x1
core   0: 3 0x8000efbe (0x00001f17) x30 0x8000ffbe
core   0: 0x8000efc2 (0x043f2123) sw      gp, 66(t5)
core   0: 3 0x8000efc2 (0x043f2123) mem 0x80010000 0x00000001
core   0: 0x8000efc6 (0x0000bfe5) c.j     pc - 8
core   0: 3 0x8000efc6 (0xbfe5)
core   0: 0x8000efbe (0x00001f17) auipc   t5, 0x1
core   0: 3 0x8000efbe (0x00001f17) x30 0x8000ffbe
core   0: 0x8000efc2 (0x043f2123) sw      gp, 66(t5)
core   0: 3 0x8000efc2 (0x043f2123) mem 0x80010000 0x00000001
core   0: 0x8000efc6 (0x0000bfe5) c.j     pc - 8
core   0: 3 0x8000efc6 (0xbfe5)
core   0: 0x8000efbe (0x00001f17) auipc   t5, 0x1
core   0: 3 0x8000efbe (0x00001f17) x30 0x8000ffbe
core   0: 0x8000efc2 (0x043f2123) sw      gp, 66(t5)
core   0: 3 0x8000efc2 (0x043f2123) mem 0x80010000 0x00000001
core   0: 0x8000efc6 (0x0000bfe5) c.j     pc - 8
core   0: 3 0x8000efc6 (0xbfe5)
core   0: 0x8000efbe (0x00001f17) auipc   t5, 0x1
core   0: 3 0x8000efbe (0x00001f17) x30 0x8000ffbe
core   0: 0x8000efc2 (0x043f2123) sw      gp, 66(t5)
core   0: 3 0x8000efc2 (0x043f2123) mem 0x80010000 0x00000001
core   0: 0x8000efc6 (0x0000bfe5) c.j     pc - 8
core   0: 3 0x8000efc6 (0xbfe5)
core   0: 0x8000efbe (0x00001f17) auipc   t5, 0x1
core   0: 3 0x8000efbe (0x00001f17) x30 0x8000ffbe
core   0: 0x8000efc2 (0x043f2123) sw      gp, 66(t5)
core   0: 3 0x8000efc2 (0x043f2123) mem 0x80010000 0x00000001
core   0: 0x8000efc6 (0x0000bfe5) c.j     pc - 8
core   0: 3 0x8000efc6 (0xbfe5)
core   0: 0x8000efbe (0x00001f17) auipc   t5, 0x1
core   0: 3 0x8000efbe (0x00001f17) x30 0x8000ffbe
core   0: 0x8000efc2 (0x043f2123) sw      gp, 66(t5)
core   0: 3 0x8000efc2 (0x043f2123) mem 0x80010000 0x00000001
core   0: 0x8000efc6 (0x0000bfe5) c.j     pc - 8
core   0: 3 0x8000efc6 (0xbfe5)
core   0: 0x8000efbe (0x00001f17) auipc   t5, 0x1
core   0: 3 0x8000efbe (0x00001f17) x30 0x8000ffbe
core   0: 0x8000efc2 (0x043f2123) sw      gp, 66(t5)
core   0: 3 0x8000efc2 (0x043f2123) mem 0x80010000 0x00000001
core   0: 0x8000efc6 (0x0000bfe5) c.j     pc - 8
core   0: 3 0x8000efc6 (0xbfe5)
core   0: 0x8000efbe (0x00001f17) auipc   t5, 0x1
core   0: 3 0x8000efbe (0x00001f17) x30 0x8000ffbe
core   0: 0x8000efc2 (0x043f2123) sw      gp, 66(t5)
core   0: 3 0x8000efc2 (0x043f2123) mem 0x80010000 0x00000001
core   0: 0x8000efc6 (0x0000bfe5) c.j     pc - 8
core   0: 3 0x8000efc6 (0xbfe5)
core   0: 0x8000efbe (0x00001f17) auipc   t5, 0x1
core   0: 3 0x8000efbe (0x00001f17) x30 0x8000ffbe
core   0: 0x8000efc2 (0x043f2123) sw      gp, 66(t5)
core   0: 3 0x8000efc2 (0x043f2123) mem 0x80010000 0x00000001
core   0: 0x8000efc6 (0x0000bfe5) c.j     pc - 8
core   0: 3 0x8000efc6 (0xbfe5)
core   0: 0x8000efbe (0x00001f17) auipc   t5, 0x1
core   0: 3 0x8000efbe (0x00001f17) x30 0x8000ffbe
core   0: 0x8000efc2 (0x043f2123) sw      gp, 66(t5)
core   0: 3 0x8000efc2 (0x043f2123) mem 0x80010000 0x00000001
core   0: 0x8000efc6 (0x0000bfe5) c.j     pc - 8
core   0: 3 0x8000efc6 (0xbfe5)
core   0: 0x8000efbe (0x00001f17) auipc   t5, 0x1
core   0: 3 0x8000efbe (0x00001f17) x30 0x8000ffbe
core   0: 0x8000efc2 (0x043f2123) sw      gp, 66(t5)
core   0: 3 0x8000efc2 (0x043f2123) mem 0x80010000 0x00000001
core   0: 0x8000efc6 (0x0000bfe5) c.j     pc - 8
core   0: 3 0x8000efc6 (0xbfe5)
core   0: 0x8000efbe (0x00001f17) auipc   t5, 0x1
core   0: 3 0x8000efbe (0x00001f17) x30 0x8000ffbe
core   0: 0x8000efc2 (0x043f2123) sw      gp, 66(t5)
core   0: 3 0x8000efc2 (0x043f2123) mem 0x80010000 0x00000001
core   0: 0x8000efc6 (0x0000bfe5) c.j     pc - 8
core   0: 3 0x8000efc6 (0xbfe5)
core   0: 0x8000efbe (0x00001f17) auipc   t5, 0x1
core   0: 3 0x8000efbe (0x00001f17) x30 0x8000ffbe
core   0: 0x8000efc2 (0x043f2123) sw      gp, 66(t5)
core   0: 3 0x8000efc2 (0x043f2123) mem 0x80010000 0x00000001
core   0: 0x8000efc6 (0x0000bfe5) c.j     pc - 8
core   0: 3 0x8000efc6 (0xbfe5)
core   0: 0x8000efbe (0x00001f17) auipc   t5, 0x1
core   0: 3 0x8000efbe (0x00001f17) x30 0x8000ffbe
core   0: 0x8000efc2 (0x043f2123) sw      gp, 66(t5)
core   0: 3 0x8000efc2 (0x043f2123) mem 0x80010000 0x00000001
core   0: 0x8000efc6 (0x0000bfe5) c.j     pc - 8
core   0: 3 0x8000efc6 (0xbfe5)
core   0: 0x8000efbe (0x00001f17) auipc   t5, 0x1
core   0: 3 0x8000efbe (0x00001f17) x30 0x8000ffbe
core   0: 0x8000efc2 (0x043f2123) sw      gp, 66(t5)
core   0: 3 0x8000efc2 (0x043f2123) mem 0x80010000 0x00000001
core   0: 0x8000efc6 (0x0000bfe5) c.j     pc - 8
core   0: 3 0x8000efc6 (0xbfe5)
core   0: 0x8000efbe (0x00001f17) auipc   t5, 0x1
core   0: 3 0x8000efbe (0x00001f17) x30 0x8000ffbe
core   0: 0x8000efc2 (0x043f2123) sw      gp, 66(t5)
core   0: 3 0x8000efc2 (0x043f2123) mem 0x80010000 0x00000001
core   0: 0x8000efc6 (0x0000bfe5) c.j     pc - 8
core   0: 3 0x8000efc6 (0xbfe5)
core   0: 0x8000efbe (0x00001f17) auipc   t5, 0x1
core   0: 3 0x8000efbe (0x00001f17) x30 0x8000ffbe
core   0: 0x8000efc2 (0x043f2123) sw      gp, 66(t5)
core   0: 3 0x8000efc2 (0x043f2123) mem 0x80010000 0x00000001
core   0: 0x8000efc6 (0x0000bfe5) c.j     pc - 8
core   0: 3 0x8000efc6 (0xbfe5)
core   0: 0x8000efbe (0x00001f17) auipc   t5, 0x1
core   0: 3 0x8000efbe (0x00001f17) x30 0x8000ffbe
core   0: 0x8000efc2 (0x043f2123) sw      gp, 66(t5)
core   0: 3 0x8000efc2 (0x043f2123) mem 0x80010000 0x00000001
core   0: 0x8000efc6 (0x0000bfe5) c.j     pc - 8
core   0: 3 0x8000efc6 (0xbfe5)
core   0: 0x8000efbe (0x00001f17) auipc   t5, 0x1
core   0: 3 0x8000efbe (0x00001f17) x30 0x8000ffbe
core   0: 0x8000efc2 (0x043f2123) sw      gp, 66(t5)
core   0: 3 0x8000efc2 (0x043f2123) mem 0x80010000 0x00000001
core   0: 0x8000efc6 (0x0000bfe5) c.j     pc - 8
core   0: 3 0x8000efc6 (0xbfe5)
core   0: 0x8000efbe (0x00001f17) auipc   t5, 0x1
core   0: 3 0x8000efbe (0x00001f17) x30 0x8000ffbe
core   0: 0x8000efc2 (0x043f2123) sw      gp, 66(t5)
core   0: 3 0x8000efc2 (0x043f2123) mem 0x80010000 0x00000001
core   0: 0x8000efc6 (0x0000bfe5) c.j     pc - 8
core   0: 3 0x8000efc6 (0xbfe5)
core   0: 0x8000efbe (0x00001f17) auipc   t5, 0x1
core   0: 3 0x8000efbe (0x00001f17) x30 0x8000ffbe
core   0: 0x8000efc2 (0x043f2123) sw      gp, 66(t5)
core   0: 3 0x8000efc2 (0x043f2123) mem 0x80010000 0x00000001
core   0: 0x8000efc6 (0x0000bfe5) c.j     pc - 8
core   0: 3 0x8000efc6 (0xbfe5)
core   0: 0x8000efbe (0x00001f17) auipc   t5, 0x1
core   0: 3 0x8000efbe (0x00001f17) x30 0x8000ffbe
core   0: 0x8000efc2 (0x043f2123) sw      gp, 66(t5)
core   0: 3 0x8000efc2 (0x043f2123) mem 0x80010000 0x00000001
core   0: 0x8000efc6 (0x0000bfe5) c.j     pc - 8
core   0: 3 0x8000efc6 (0xbfe5)
core   0: 0x8000efbe (0x00001f17) auipc   t5, 0x1
core   0: 3 0x8000efbe (0x00001f17) x30 0x8000ffbe
core   0: 0x8000efc2 (0x043f2123) sw      gp, 66(t5)
core   0: 3 0x8000efc2 (0x043f2123) mem 0x80010000 0x00000001
core   0: 0x8000efc6 (0x0000bfe5) c.j     pc - 8
core   0: 3 0x8000efc6 (0xbfe5)
core   0: 0x8000efbe (0x00001f17) auipc   t5, 0x1
core   0: 3 0x8000efbe (0x00001f17) x30 0x8000ffbe
core   0: 0x8000efc2 (0x043f2123) sw      gp, 66(t5)
core   0: 3 0x8000efc2 (0x043f2123) mem 0x80010000 0x00000001
core   0: 0x8000efc6 (0x0000bfe5) c.j     pc - 8
core   0: 3 0x8000efc6 (0xbfe5)
core   0: 0x8000efbe (0x00001f17) auipc   t5, 0x1
core   0: 3 0x8000efbe (0x00001f17) x30 0x8000ffbe
core   0: 0x8000efc2 (0x043f2123) sw      gp, 66(t5)
core   0: 3 0x8000efc2 (0x043f2123) mem 0x80010000 0x00000001
core   0: 0x8000efc6 (0x0000bfe5) c.j     pc - 8
core   0: 3 0x8000efc6 (0xbfe5)
core   0: 0x8000efbe (0x00001f17) auipc   t5, 0x1
core   0: 3 0x8000efbe (0x00001f17) x30 0x8000ffbe
core   0: 0x8000efc2 (0x043f2123) sw      gp, 66(t5)
core   0: 3 0x8000efc2 (0x043f2123) mem 0x80010000 0x00000001
core   0: 0x8000efc6 (0x0000bfe5) c.j     pc - 8
core   0: 3 0x8000efc6 (0xbfe5)
core   0: 0x8000efbe (0x00001f17) auipc   t5, 0x1
core   0: 3 0x8000efbe (0x00001f17) x30 0x8000ffbe
core   0: 0x8000efc2 (0x043f2123) sw      gp, 66(t5)
core   0: 3 0x8000efc2 (0x043f2123) mem 0x80010000 0x00000001
core   0: 0x8000efc6 (0x0000bfe5) c.j     pc - 8
core   0: 3 0x8000efc6 (0xbfe5)
core   0: 0x8000efbe (0x00001f17) auipc   t5, 0x1
core   0: 3 0x8000efbe (0x00001f17) x30 0x8000ffbe
core   0: 0x8000efc2 (0x043f2123) sw      gp, 66(t5)
core   0: 3 0x8000efc2 (0x043f2123) mem 0x80010000 0x00000001
core   0: 0x8000efc6 (0x0000bfe5) c.j     pc - 8
core   0: 3 0x8000efc6 (0xbfe5)
core   0: 0x8000efbe (0x00001f17) auipc   t5, 0x1
core   0: 3 0x8000efbe (0x00001f17) x30 0x8000ffbe
core   0: 0x8000efc2 (0x043f2123) sw      gp, 66(t5)
core   0: 3 0x8000efc2 (0x043f2123) mem 0x80010000 0x00000001
core   0: 0x8000efc6 (0x0000bfe5) c.j     pc - 8
core   0: 3 0x8000efc6 (0xbfe5)
core   0: 0x8000efbe (0x00001f17) auipc   t5, 0x1
core   0: 3 0x8000efbe (0x00001f17) x30 0x8000ffbe
core   0: 0x8000efc2 (0x043f2123) sw      gp, 66(t5)
core   0: 3 0x8000efc2 (0x043f2123) mem 0x80010000 0x00000001
core   0: 0x8000efc6 (0x0000bfe5) c.j     pc - 8
core   0: 3 0x8000efc6 (0xbfe5)
core   0: 0x8000efbe (0x00001f17) auipc   t5, 0x1
core   0: 3 0x8000efbe (0x00001f17) x30 0x8000ffbe
core   0: 0x8000efc2 (0x043f2123) sw      gp, 66(t5)
core   0: 3 0x8000efc2 (0x043f2123) mem 0x80010000 0x00000001
core   0: 0x8000efc6 (0x0000bfe5) c.j     pc - 8
core   0: 3 0x8000efc6 (0xbfe5)
core   0: 0x8000efbe (0x00001f17) auipc   t5, 0x1
core   0: 3 0x8000efbe (0x00001f17) x30 0x8000ffbe
core   0: 0x8000efc2 (0x043f2123) sw      gp, 66(t5)
core   0: 3 0x8000efc2 (0x043f2123) mem 0x80010000 0x00000001
core   0: 0x8000efc6 (0x0000bfe5) c.j     pc - 8
core   0: 3 0x8000efc6 (0xbfe5)
core   0: 0x8000efbe (0x00001f17) auipc   t5, 0x1
core   0: 3 0x8000efbe (0x00001f17) x30 0x8000ffbe
core   0: 0x8000efc2 (0x043f2123) sw      gp, 66(t5)
core   0: 3 0x8000efc2 (0x043f2123) mem 0x80010000 0x00000001
core   0: 0x8000efc6 (0x0000bfe5) c.j     pc - 8
core   0: 3 0x8000efc6 (0xbfe5)
core   0: 0x8000efbe (0x00001f17) auipc   t5, 0x1
core   0: 3 0x8000efbe (0x00001f17) x30 0x8000ffbe
core   0: 0x8000efc2 (0x043f2123) sw      gp, 66(t5)
core   0: 3 0x8000efc2 (0x043f2123) mem 0x80010000 0x00000001
core   0: 0x8000efc6 (0x0000bfe5) c.j     pc - 8
core   0: 3 0x8000efc6 (0xbfe5)
core   0: 0x8000efbe (0x00001f17) auipc   t5, 0x1
core   0: 3 0x8000efbe (0x00001f17) x30 0x8000ffbe
core   0: 0x8000efc2 (0x043f2123) sw      gp, 66(t5)
core   0: 3 0x8000efc2 (0x043f2123) mem 0x80010000 0x00000001
core   0: 0x8000efc6 (0x0000bfe5) c.j     pc - 8
core   0: 3 0x8000efc6 (0xbfe5)
core   0: 0x8000efbe (0x00001f17) auipc   t5, 0x1
core   0: 3 0x8000efbe (0x00001f17) x30 0x8000ffbe
core   0: 0x8000efc2 (0x043f2123) sw      gp, 66(t5)
core   0: 3 0x8000efc2 (0x043f2123) mem 0x80010000 0x00000001
core   0: 0x8000efc6 (0x0000bfe5) c.j     pc - 8
core   0: 3 0x8000efc6 (0xbfe5)
core   0: 0x8000efbe (0x00001f17) auipc   t5, 0x1
core   0: 3 0x8000efbe (0x00001f17) x30 0x8000ffbe
core   0: 0x8000efc2 (0x043f2123) sw      gp, 66(t5)
core   0: 3 0x8000efc2 (0x043f2123) mem 0x80010000 0x00000001
core   0: 0x8000efc6 (0x0000bfe5) c.j     pc - 8
core   0: 3 0x8000efc6 (0xbfe5)
core   0: 0x8000efbe (0x00001f17) auipc   t5, 0x1
core   0: 3 0x8000efbe (0x00001f17) x30 0x8000ffbe
core   0: 0x8000efc2 (0x043f2123) sw      gp, 66(t5)
core   0: 3 0x8000efc2 (0x043f2123) mem 0x80010000 0x00000001
core   0: 0x8000efc6 (0x0000bfe5) c.j     pc - 8
core   0: 3 0x8000efc6 (0xbfe5)
core   0: 0x8000efbe (0x00001f17) auipc   t5, 0x1
core   0: 3 0x8000efbe (0x00001f17) x30 0x8000ffbe
core   0: 0x8000efc2 (0x043f2123) sw      gp, 66(t5)
core   0: 3 0x8000efc2 (0x043f2123) mem 0x80010000 0x00000001
core   0: 0x8000efc6 (0x0000bfe5) c.j     pc - 8
core   0: 3 0x8000efc6 (0xbfe5)
core   0: 0x8000efbe (0x00001f17) auipc   t5, 0x1
core   0: 3 0x8000efbe (0x00001f17) x30 0x8000ffbe
core   0: 0x8000efc2 (0x043f2123) sw      gp, 66(t5)
core   0: 3 0x8000efc2 (0x043f2123) mem 0x80010000 0x00000001
core   0: 0x8000efc6 (0x0000bfe5) c.j     pc - 8
core   0: 3 0x8000efc6 (0xbfe5)
core   0: 0x8000efbe (0x00001f17) auipc   t5, 0x1
core   0: 3 0x8000efbe (0x00001f17) x30 0x8000ffbe
core   0: 0x8000efc2 (0x043f2123) sw      gp, 66(t5)
core   0: 3 0x8000efc2 (0x043f2123) mem 0x80010000 0x00000001
core   0: 0x8000efc6 (0x0000bfe5) c.j     pc - 8
core   0: 3 0x8000efc6 (0xbfe5)
core   0: 0x8000efbe (0x00001f17) auipc   t5, 0x1
core   0: 3 0x8000efbe (0x00001f17) x30 0x8000ffbe
core   0: 0x8000efc2 (0x043f2123) sw      gp, 66(t5)
core   0: 3 0x8000efc2 (0x043f2123) mem 0x80010000 0x00000001
core   0: 0x8000efc6 (0x0000bfe5) c.j     pc - 8
core   0: 3 0x8000efc6 (0xbfe5)
core   0: 0x8000efbe (0x00001f17) auipc   t5, 0x1
core   0: 3 0x8000efbe (0x00001f17) x30 0x8000ffbe
core   0: 0x8000efc2 (0x043f2123) sw      gp, 66(t5)
core   0: 3 0x8000efc2 (0x043f2123) mem 0x80010000 0x00000001
core   0: 0x8000efc6 (0x0000bfe5) c.j     pc - 8
core   0: 3 0x8000efc6 (0xbfe5)
core   0: 0x8000efbe (0x00001f17) auipc   t5, 0x1
core   0: 3 0x8000efbe (0x00001f17) x30 0x8000ffbe
core   0: 0x8000efc2 (0x043f2123) sw      gp, 66(t5)
core   0: 3 0x8000efc2 (0x043f2123) mem 0x80010000 0x00000001
core   0: 0x8000efc6 (0x0000bfe5) c.j     pc - 8
core   0: 3 0x8000efc6 (0xbfe5)
core   0: 0x8000efbe (0x00001f17) auipc   t5, 0x1
core   0: 3 0x8000efbe (0x00001f17) x30 0x8000ffbe
core   0: 0x8000efc2 (0x043f2123) sw      gp, 66(t5)
core   0: 3 0x8000efc2 (0x043f2123) mem 0x80010000 0x00000001
core   0: 0x8000efc6 (0x0000bfe5) c.j     pc - 8
core   0: 3 0x8000efc6 (0xbfe5)
core   0: 0x8000efbe (0x00001f17) auipc   t5, 0x1
core   0: 3 0x8000efbe (0x00001f17) x30 0x8000ffbe
core   0: 0x8000efc2 (0x043f2123) sw      gp, 66(t5)
core   0: 3 0x8000efc2 (0x043f2123) mem 0x80010000 0x00000001
core   0: 0x8000efc6 (0x0000bfe5) c.j     pc - 8
core   0: 3 0x8000efc6 (0xbfe5)
core   0: 0x8000efbe (0x00001f17) auipc   t5, 0x1
core   0: 3 0x8000efbe (0x00001f17) x30 0x8000ffbe
core   0: 0x8000efc2 (0x043f2123) sw      gp, 66(t5)
core   0: 3 0x8000efc2 (0x043f2123) mem 0x80010000 0x00000001
core   0: 0x8000efc6 (0x0000bfe5) c.j     pc - 8
core   0: 3 0x8000efc6 (0xbfe5)
core   0: 0x8000efbe (0x00001f17) auipc   t5, 0x1
core   0: 3 0x8000efbe (0x00001f17) x30 0x8000ffbe
core   0: 0x8000efc2 (0x043f2123) sw      gp, 66(t5)
core   0: 3 0x8000efc2 (0x043f2123) mem 0x80010000 0x00000001
core   0: 0x8000efc6 (0x0000bfe5) c.j     pc - 8
core   0: 3 0x8000efc6 (0xbfe5)
core   0: 0x8000efbe (0x00001f17) auipc   t5, 0x1
core   0: 3 0x8000efbe (0x00001f17) x30 0x8000ffbe
core   0: 0x8000efc2 (0x043f2123) sw      gp, 66(t5)
core   0: 3 0x8000efc2 (0x043f2123) mem 0x80010000 0x00000001
core   0: 0x8000efc6 (0x0000bfe5) c.j     pc - 8
core   0: 3 0x8000efc6 (0xbfe5)
core   0: 0x8000efbe (0x00001f17) auipc   t5, 0x1
core   0: 3 0x8000efbe (0x00001f17) x30 0x8000ffbe
core   0: 0x8000efc2 (0x043f2123) sw      gp, 66(t5)
core   0: 3 0x8000efc2 (0x043f2123) mem 0x80010000 0x00000001
core   0: 0x8000efc6 (0x0000bfe5) c.j     pc - 8
core   0: 3 0x8000efc6 (0xbfe5)
core   0: 0x8000efbe (0x00001f17) auipc   t5, 0x1
core   0: 3 0x8000efbe (0x00001f17) x30 0x8000ffbe
core   0: 0x8000efc2 (0x043f2123) sw      gp, 66(t5)
core   0: 3 0x8000efc2 (0x043f2123) mem 0x80010000 0x00000001
core   0: 0x8000efc6 (0x0000bfe5) c.j     pc - 8
core   0: 3 0x8000efc6 (0xbfe5)
core   0: 0x8000efbe (0x00001f17) auipc   t5, 0x1
core   0: 3 0x8000efbe (0x00001f17) x30 0x8000ffbe
core   0: 0x8000efc2 (0x043f2123) sw      gp, 66(t5)
core   0: 3 0x8000efc2 (0x043f2123) mem 0x80010000 0x00000001
core   0: 0x8000efc6 (0x0000bfe5) c.j     pc - 8
core   0: 3 0x8000efc6 (0xbfe5)
core   0: 0x8000efbe (0x00001f17) auipc   t5, 0x1
core   0: 3 0x8000efbe (0x00001f17) x30 0x8000ffbe
core   0: 0x8000efc2 (0x043f2123) sw      gp, 66(t5)
core   0: 3 0x8000efc2 (0x043f2123) mem 0x80010000 0x00000001
core   0: 0x8000efc6 (0x0000bfe5) c.j     pc - 8
core   0: 3 0x8000efc6 (0xbfe5)
core   0: 0x8000efbe (0x00001f17) auipc   t5, 0x1
core   0: 3 0x8000efbe (0x00001f17) x30 0x8000ffbe
core   0: 0x8000efc2 (0x043f2123) sw      gp, 66(t5)
core   0: 3 0x8000efc2 (0x043f2123) mem 0x80010000 0x00000001
core   0: 0x8000efc6 (0x0000bfe5) c.j     pc - 8
core   0: 3 0x8000efc6 (0xbfe5)
core   0: 0x8000efbe (0x00001f17) auipc   t5, 0x1
core   0: 3 0x8000efbe (0x00001f17) x30 0x8000ffbe
core   0: 0x8000efc2 (0x043f2123) sw      gp, 66(t5)
core   0: 3 0x8000efc2 (0x043f2123) mem 0x80010000 0x00000001
core   0: 0x8000efc6 (0x0000bfe5) c.j     pc - 8
core   0: 3 0x8000efc6 (0xbfe5)
core   0: 0x8000efbe (0x00001f17) auipc   t5, 0x1
core   0: 3 0x8000efbe (0x00001f17) x30 0x8000ffbe
core   0: 0x8000efc2 (0x043f2123) sw      gp, 66(t5)
core   0: 3 0x8000efc2 (0x043f2123) mem 0x80010000 0x00000001
core   0: 0x8000efc6 (0x0000bfe5) c.j     pc - 8
core   0: 3 0x8000efc6 (0xbfe5)
core   0: 0x8000efbe (0x00001f17) auipc   t5, 0x1
core   0: 3 0x8000efbe (0x00001f17) x30 0x8000ffbe
core   0: 0x8000efc2 (0x043f2123) sw      gp, 66(t5)
core   0: 3 0x8000efc2 (0x043f2123) mem 0x80010000 0x00000001
core   0: 0x8000efc6 (0x0000bfe5) c.j     pc - 8
core   0: 3 0x8000efc6 (0xbfe5)
core   0: 0x8000efbe (0x00001f17) auipc   t5, 0x1
core   0: 3 0x8000efbe (0x00001f17) x30 0x8000ffbe
core   0: 0x8000efc2 (0x043f2123) sw      gp, 66(t5)
core   0: 3 0x8000efc2 (0x043f2123) mem 0x80010000 0x00000001
core   0: 0x8000efc6 (0x0000bfe5) c.j     pc - 8
core   0: 3 0x8000efc6 (0xbfe5)
core   0: 0x8000efbe (0x00001f17) auipc   t5, 0x1
core   0: 3 0x8000efbe (0x00001f17) x30 0x8000ffbe
core   0: 0x8000efc2 (0x043f2123) sw      gp, 66(t5)
core   0: 3 0x8000efc2 (0x043f2123) mem 0x80010000 0x00000001
core   0: 0x8000efc6 (0x0000bfe5) c.j     pc - 8
core   0: 3 0x8000efc6 (0xbfe5)
core   0: 0x8000efbe (0x00001f17) auipc   t5, 0x1
core   0: 3 0x8000efbe (0x00001f17) x30 0x8000ffbe
core   0: 0x8000efc2 (0x043f2123) sw      gp, 66(t5)
core   0: 3 0x8000efc2 (0x043f2123) mem 0x80010000 0x00000001
core   0: 0x8000efc6 (0x0000bfe5) c.j     pc - 8
core   0: 3 0x8000efc6 (0xbfe5)
core   0: 0x8000efbe (0x00001f17) auipc   t5, 0x1
core   0: 3 0x8000efbe (0x00001f17) x30 0x8000ffbe
core   0: 0x8000efc2 (0x043f2123) sw      gp, 66(t5)
core   0: 3 0x8000efc2 (0x043f2123) mem 0x80010000 0x00000001
core   0: 0x8000efc6 (0x0000bfe5) c.j     pc - 8
core   0: 3 0x8000efc6 (0xbfe5)
core   0: 0x8000efbe (0x00001f17) auipc   t5, 0x1
core   0: 3 0x8000efbe (0x00001f17) x30 0x8000ffbe
core   0: 0x8000efc2 (0x043f2123) sw      gp, 66(t5)
core   0: 3 0x8000efc2 (0x043f2123) mem 0x80010000 0x00000001
core   0: 0x8000efc6 (0x0000bfe5) c.j     pc - 8
core   0: 3 0x8000efc6 (0xbfe5)
core   0: 0x8000efbe (0x00001f17) auipc   t5, 0x1
core   0: 3 0x8000efbe (0x00001f17) x30 0x8000ffbe
core   0: 0x8000efc2 (0x043f2123) sw      gp, 66(t5)
core   0: 3 0x8000efc2 (0x043f2123) mem 0x80010000 0x00000001
core   0: 0x8000efc6 (0x0000bfe5) c.j     pc - 8
core   0: 3 0x8000efc6 (0xbfe5)
core   0: 0x8000efbe (0x00001f17) auipc   t5, 0x1
core   0: 3 0x8000efbe (0x00001f17) x30 0x8000ffbe
core   0: 0x8000efc2 (0x043f2123) sw      gp, 66(t5)
core   0: 3 0x8000efc2 (0x043f2123) mem 0x80010000 0x00000001
core   0: 0x8000efc6 (0x0000bfe5) c.j     pc - 8
core   0: 3 0x8000efc6 (0xbfe5)
core   0: 0x8000efbe (0x00001f17) auipc   t5, 0x1
core   0: 3 0x8000efbe (0x00001f17) x30 0x8000ffbe
core   0: 0x8000efc2 (0x043f2123) sw      gp, 66(t5)
core   0: 3 0x8000efc2 (0x043f2123) mem 0x80010000 0x00000001
core   0: 0x8000efc6 (0x0000bfe5) c.j     pc - 8
core   0: 3 0x8000efc6 (0xbfe5)
core   0: 0x8000efbe (0x00001f17) auipc   t5, 0x1
core   0: 3 0x8000efbe (0x00001f17) x30 0x8000ffbe
core   0: 0x8000efc2 (0x043f2123) sw      gp, 66(t5)
core   0: 3 0x8000efc2 (0x043f2123) mem 0x80010000 0x00000001
core   0: 0x8000efc6 (0x0000bfe5) c.j     pc - 8
core   0: 3 0x8000efc6 (0xbfe5)
core   0: 0x8000efbe (0x00001f17) auipc   t5, 0x1
core   0: 3 0x8000efbe (0x00001f17) x30 0x8000ffbe
core   0: 0x8000efc2 (0x043f2123) sw      gp, 66(t5)
core   0: 3 0x8000efc2 (0x043f2123) mem 0x80010000 0x00000001
core   0: 0x8000efc6 (0x0000bfe5) c.j     pc - 8
core   0: 3 0x8000efc6 (0xbfe5)
core   0: 0x8000efbe (0x00001f17) auipc   t5, 0x1
core   0: 3 0x8000efbe (0x00001f17) x30 0x8000ffbe
core   0: 0x8000efc2 (0x043f2123) sw      gp, 66(t5)
core   0: 3 0x8000efc2 (0x043f2123) mem 0x80010000 0x00000001
core   0: 0x8000efc6 (0x0000bfe5) c.j     pc - 8
core   0: 3 0x8000efc6 (0xbfe5)
core   0: 0x8000efbe (0x00001f17) auipc   t5, 0x1
core   0: 3 0x8000efbe (0x00001f17) x30 0x8000ffbe
core   0: 0x8000efc2 (0x043f2123) sw      gp, 66(t5)
core   0: 3 0x8000efc2 (0x043f2123) mem 0x80010000 0x00000001
core   0: 0x8000efc6 (0x0000bfe5) c.j     pc - 8
core   0: 3 0x8000efc6 (0xbfe5)
core   0: 0x8000efbe (0x00001f17) auipc   t5, 0x1
core   0: 3 0x8000efbe (0x00001f17) x30 0x8000ffbe
core   0: 0x8000efc2 (0x043f2123) sw      gp, 66(t5)
core   0: 3 0x8000efc2 (0x043f2123) mem 0x80010000 0x00000001
core   0: 0x8000efc6 (0x0000bfe5) c.j     pc - 8
core   0: 3 0x8000efc6 (0xbfe5)
core   0: 0x8000efbe (0x00001f17) auipc   t5, 0x1
core   0: 3 0x8000efbe (0x00001f17) x30 0x8000ffbe
core   0: 0x8000efc2 (0x043f2123) sw      gp, 66(t5)
core   0: 3 0x8000efc2 (0x043f2123) mem 0x80010000 0x00000001
core   0: 0x8000efc6 (0x0000bfe5) c.j     pc - 8
core   0: 3 0x8000efc6 (0xbfe5)
core   0: 0x8000efbe (0x00001f17) auipc   t5, 0x1
core   0: 3 0x8000efbe (0x00001f17) x30 0x8000ffbe
core   0: 0x8000efc2 (0x043f2123) sw      gp, 66(t5)
core   0: 3 0x8000efc2 (0x043f2123) mem 0x80010000 0x00000001
core   0: 0x8000efc6 (0x0000bfe5) c.j     pc - 8
core   0: 3 0x8000efc6 (0xbfe5)
core   0: 0x8000efbe (0x00001f17) auipc   t5, 0x1
core   0: 3 0x8000efbe (0x00001f17) x30 0x8000ffbe
core   0: 0x8000efc2 (0x043f2123) sw      gp, 66(t5)
core   0: 3 0x8000efc2 (0x043f2123) mem 0x80010000 0x00000001
core   0: 0x8000efc6 (0x0000bfe5) c.j     pc - 8
core   0: 3 0x8000efc6 (0xbfe5)
core   0: 0x8000efbe (0x00001f17) auipc   t5, 0x1
core   0: 3 0x8000efbe (0x00001f17) x30 0x8000ffbe
core   0: 0x8000efc2 (0x043f2123) sw      gp, 66(t5)
core   0: 3 0x8000efc2 (0x043f2123) mem 0x80010000 0x00000001
core   0: 0x8000efc6 (0x0000bfe5) c.j     pc - 8
core   0: 3 0x8000efc6 (0xbfe5)
core   0: 0x8000efbe (0x00001f17) auipc   t5, 0x1
core   0: 3 0x8000efbe (0x00001f17) x30 0x8000ffbe
core   0: 0x8000efc2 (0x043f2123) sw      gp, 66(t5)
core   0: 3 0x8000efc2 (0x043f2123) mem 0x80010000 0x00000001
core   0: 0x8000efc6 (0x0000bfe5) c.j     pc - 8
core   0: 3 0x8000efc6 (0xbfe5)
core   0: 0x8000efbe (0x00001f17) auipc   t5, 0x1
core   0: 3 0x8000efbe (0x00001f17) x30 0x8000ffbe
core   0: 0x8000efc2 (0x043f2123) sw      gp, 66(t5)
core   0: 3 0x8000efc2 (0x043f2123) mem 0x80010000 0x00000001
core   0: 0x8000efc6 (0x0000bfe5) c.j     pc - 8
core   0: 3 0x8000efc6 (0xbfe5)
core   0: 0x8000efbe (0x00001f17) auipc   t5, 0x1
core   0: 3 0x8000efbe (0x00001f17) x30 0x8000ffbe
core   0: 0x8000efc2 (0x043f2123) sw      gp, 66(t5)
core   0: 3 0x8000efc2 (0x043f2123) mem 0x80010000 0x00000001
core   0: 0x8000efc6 (0x0000bfe5) c.j     pc - 8
core   0: 3 0x8000efc6 (0xbfe5)
core   0: 0x8000efbe (0x00001f17) auipc   t5, 0x1
core   0: 3 0x8000efbe (0x00001f17) x30 0x8000ffbe
core   0: 0x8000efc2 (0x043f2123) sw      gp, 66(t5)
core   0: 3 0x8000efc2 (0x043f2123) mem 0x80010000 0x00000001
core   0: 0x8000efc6 (0x0000bfe5) c.j     pc - 8
core   0: 3 0x8000efc6 (0xbfe5)
core   0: 0x8000efbe (0x00001f17) auipc   t5, 0x1
core   0: 3 0x8000efbe (0x00001f17) x30 0x8000ffbe
core   0: 0x8000efc2 (0x043f2123) sw      gp, 66(t5)
core   0: 3 0x8000efc2 (0x043f2123) mem 0x80010000 0x00000001
core   0: 0x8000efc6 (0x0000bfe5) c.j     pc - 8
core   0: 3 0x8000efc6 (0xbfe5)
core   0: 0x8000efbe (0x00001f17) auipc   t5, 0x1
core   0: 3 0x8000efbe (0x00001f17) x30 0x8000ffbe
core   0: 0x8000efc2 (0x043f2123) sw      gp, 66(t5)
core   0: 3 0x8000efc2 (0x043f2123) mem 0x80010000 0x00000001
core   0: 0x8000efc6 (0x0000bfe5) c.j     pc - 8
core   0: 3 0x8000efc6 (0xbfe5)
core   0: 0x8000efbe (0x00001f17) auipc   t5, 0x1
core   0: 3 0x8000efbe (0x00001f17) x30 0x8000ffbe
core   0: 0x8000efc2 (0x043f2123) sw      gp, 66(t5)
core   0: 3 0x8000efc2 (0x043f2123) mem 0x80010000 0x00000001
core   0: 0x8000efc6 (0x0000bfe5) c.j     pc - 8
core   0: 3 0x8000efc6 (0xbfe5)
core   0: 0x8000efbe (0x00001f17) auipc   t5, 0x1
core   0: 3 0x8000efbe (0x00001f17) x30 0x8000ffbe
core   0: 0x8000efc2 (0x043f2123) sw      gp, 66(t5)
core   0: 3 0x8000efc2 (0x043f2123) mem 0x80010000 0x00000001
core   0: 0x8000efc6 (0x0000bfe5) c.j     pc - 8
core   0: 3 0x8000efc6 (0xbfe5)
core   0: 0x8000efbe (0x00001f17) auipc   t5, 0x1
core   0: 3 0x8000efbe (0x00001f17) x30 0x8000ffbe
core   0: 0x8000efc2 (0x043f2123) sw      gp, 66(t5)
core   0: 3 0x8000efc2 (0x043f2123) mem 0x80010000 0x00000001
core   0: 0x8000efc6 (0x0000bfe5) c.j     pc - 8
core   0: 3 0x8000efc6 (0xbfe5)
core   0: 0x8000efbe (0x00001f17) auipc   t5, 0x1
core   0: 3 0x8000efbe (0x00001f17) x30 0x8000ffbe
core   0: 0x8000efc2 (0x043f2123) sw      gp, 66(t5)
core   0: 3 0x8000efc2 (0x043f2123) mem 0x80010000 0x00000001
core   0: 0x8000efc6 (0x0000bfe5) c.j     pc - 8
core   0: 3 0x8000efc6 (0xbfe5)
core   0: 0x8000efbe (0x00001f17) auipc   t5, 0x1
core   0: 3 0x8000efbe (0x00001f17) x30 0x8000ffbe
core   0: 0x8000efc2 (0x043f2123) sw      gp, 66(t5)
core   0: 3 0x8000efc2 (0x043f2123) mem 0x80010000 0x00000001
core   0: 0x8000efc6 (0x0000bfe5) c.j     pc - 8
core   0: 3 0x8000efc6 (0xbfe5)
core   0: 0x8000efbe (0x00001f17) auipc   t5, 0x1
core   0: 3 0x8000efbe (0x00001f17) x30 0x8000ffbe
core   0: 0x8000efc2 (0x043f2123) sw      gp, 66(t5)
core   0: 3 0x8000efc2 (0x043f2123) mem 0x80010000 0x00000001
core   0: 0x8000efc6 (0x0000bfe5) c.j     pc - 8
core   0: 3 0x8000efc6 (0xbfe5)
core   0: 0x8000efbe (0x00001f17) auipc   t5, 0x1
core   0: 3 0x8000efbe (0x00001f17) x30 0x8000ffbe
core   0: 0x8000efc2 (0x043f2123) sw      gp, 66(t5)
core   0: 3 0x8000efc2 (0x043f2123) mem 0x80010000 0x00000001
core   0: 0x8000efc6 (0x0000bfe5) c.j     pc - 8
core   0: 3 0x8000efc6 (0xbfe5)
core   0: 0x8000efbe (0x00001f17) auipc   t5, 0x1
core   0: 3 0x8000efbe (0x00001f17) x30 0x8000ffbe
core   0: 0x8000efc2 (0x043f2123) sw      gp, 66(t5)
core   0: 3 0x8000efc2 (0x043f2123) mem 0x80010000 0x00000001
core   0: 0x8000efc6 (0x0000bfe5) c.j     pc - 8
core   0: 3 0x8000efc6 (0xbfe5)
core   0: 0x8000efbe (0x00001f17) auipc   t5, 0x1
core   0: 3 0x8000efbe (0x00001f17) x30 0x8000ffbe
core   0: 0x8000efc2 (0x043f2123) sw      gp, 66(t5)
core   0: 3 0x8000efc2 (0x043f2123) mem 0x80010000 0x00000001
core   0: 0x8000efc6 (0x0000bfe5) c.j     pc - 8
core   0: 3 0x8000efc6 (0xbfe5)
core   0: 0x8000efbe (0x00001f17) auipc   t5, 0x1
core   0: 3 0x8000efbe (0x00001f17) x30 0x8000ffbe
core   0: 0x8000efc2 (0x043f2123) sw      gp, 66(t5)
core   0: 3 0x8000efc2 (0x043f2123) mem 0x80010000 0x00000001
core   0: 0x8000efc6 (0x0000bfe5) c.j     pc - 8
core   0: 3 0x8000efc6 (0xbfe5)
core   0: 0x8000efbe (0x00001f17) auipc   t5, 0x1
core   0: 3 0x8000efbe (0x00001f17) x30 0x8000ffbe
core   0: 0x8000efc2 (0x043f2123) sw      gp, 66(t5)
core   0: 3 0x8000efc2 (0x043f2123) mem 0x80010000 0x00000001
core   0: 0x8000efc6 (0x0000bfe5) c.j     pc - 8
core   0: 3 0x8000efc6 (0xbfe5)
core   0: 0x8000efbe (0x00001f17) auipc   t5, 0x1
core   0: 3 0x8000efbe (0x00001f17) x30 0x8000ffbe
core   0: 0x8000efc2 (0x043f2123) sw      gp, 66(t5)
core   0: 3 0x8000efc2 (0x043f2123) mem 0x80010000 0x00000001
core   0: 0x8000efc6 (0x0000bfe5) c.j     pc - 8
core   0: 3 0x8000efc6 (0xbfe5)
core   0: 0x8000efbe (0x00001f17) auipc   t5, 0x1
core   0: 3 0x8000efbe (0x00001f17) x30 0x8000ffbe
core   0: 0x8000efc2 (0x043f2123) sw      gp, 66(t5)
core   0: 3 0x8000efc2 (0x043f2123) mem 0x80010000 0x00000001
core   0: 0x8000efc6 (0x0000bfe5) c.j     pc - 8
core   0: 3 0x8000efc6 (0xbfe5)
core   0: 0x8000efbe (0x00001f17) auipc   t5, 0x1
core   0: 3 0x8000efbe (0x00001f17) x30 0x8000ffbe
core   0: 0x8000efc2 (0x043f2123) sw      gp, 66(t5)
core   0: 3 0x8000efc2 (0x043f2123) mem 0x80010000 0x00000001
core   0: 0x8000efc6 (0x0000bfe5) c.j     pc - 8
core   0: 3 0x8000efc6 (0xbfe5)
core   0: 0x8000efbe (0x00001f17) auipc   t5, 0x1
core   0: 3 0x8000efbe (0x00001f17) x30 0x8000ffbe
core   0: 0x8000efc2 (0x043f2123) sw      gp, 66(t5)
core   0: 3 0x8000efc2 (0x043f2123) mem 0x80010000 0x00000001
core   0: 0x8000efc6 (0x0000bfe5) c.j     pc - 8
core   0: 3 0x8000efc6 (0xbfe5)
core   0: 0x8000efbe (0x00001f17) auipc   t5, 0x1
core   0: 3 0x8000efbe (0x00001f17) x30 0x8000ffbe
core   0: 0x8000efc2 (0x043f2123) sw      gp, 66(t5)
core   0: 3 0x8000efc2 (0x043f2123) mem 0x80010000 0x00000001
core   0: 0x8000efc6 (0x0000bfe5) c.j     pc - 8
core   0: 3 0x8000efc6 (0xbfe5)
core   0: 0x8000efbe (0x00001f17) auipc   t5, 0x1
core   0: 3 0x8000efbe (0x00001f17) x30 0x8000ffbe
core   0: 0x8000efc2 (0x043f2123) sw      gp, 66(t5)
core   0: 3 0x8000efc2 (0x043f2123) mem 0x80010000 0x00000001
core   0: 0x8000efc6 (0x0000bfe5) c.j     pc - 8
core   0: 3 0x8000efc6 (0xbfe5)
core   0: 0x8000efbe (0x00001f17) auipc   t5, 0x1
core   0: 3 0x8000efbe (0x00001f17) x30 0x8000ffbe
core   0: 0x8000efc2 (0x043f2123) sw      gp, 66(t5)
core   0: 3 0x8000efc2 (0x043f2123) mem 0x80010000 0x00000001
core   0: 0x8000efc6 (0x0000bfe5) c.j     pc - 8
core   0: 3 0x8000efc6 (0xbfe5)
core   0: 0x8000efbe (0x00001f17) auipc   t5, 0x1
core   0: 3 0x8000efbe (0x00001f17) x30 0x8000ffbe
core   0: 0x8000efc2 (0x043f2123) sw      gp, 66(t5)
core   0: 3 0x8000efc2 (0x043f2123) mem 0x80010000 0x00000001
core   0: 0x8000efc6 (0x0000bfe5) c.j     pc - 8
core   0: 3 0x8000efc6 (0xbfe5)
core   0: 0x8000efbe (0x00001f17) auipc   t5, 0x1
core   0: 3 0x8000efbe (0x00001f17) x30 0x8000ffbe
core   0: 0x8000efc2 (0x043f2123) sw      gp, 66(t5)
core   0: 3 0x8000efc2 (0x043f2123) mem 0x80010000 0x00000001
core   0: 0x8000efc6 (0x0000bfe5) c.j     pc - 8
core   0: 3 0x8000efc6 (0xbfe5)
core   0: 0x8000efbe (0x00001f17) auipc   t5, 0x1
core   0: 3 0x8000efbe (0x00001f17) x30 0x8000ffbe
core   0: 0x8000efc2 (0x043f2123) sw      gp, 66(t5)
core   0: 3 0x8000efc2 (0x043f2123) mem 0x80010000 0x00000001
core   0: 0x8000efc6 (0x0000bfe5) c.j     pc - 8
core   0: 3 0x8000efc6 (0xbfe5)
core   0: 0x8000efbe (0x00001f17) auipc   t5, 0x1
core   0: 3 0x8000efbe (0x00001f17) x30 0x8000ffbe
core   0: 0x8000efc2 (0x043f2123) sw      gp, 66(t5)
core   0: 3 0x8000efc2 (0x043f2123) mem 0x80010000 0x00000001
core   0: 0x8000efc6 (0x0000bfe5) c.j     pc - 8
core   0: 3 0x8000efc6 (0xbfe5)
core   0: 0x8000efbe (0x00001f17) auipc   t5, 0x1
core   0: 3 0x8000efbe (0x00001f17) x30 0x8000ffbe
core   0: 0x8000efc2 (0x043f2123) sw      gp, 66(t5)
core   0: 3 0x8000efc2 (0x043f2123) mem 0x80010000 0x00000001
core   0: 0x8000efc6 (0x0000bfe5) c.j     pc - 8
core   0: 3 0x8000efc6 (0xbfe5)
core   0: 0x8000efbe (0x00001f17) auipc   t5, 0x1
core   0: 3 0x8000efbe (0x00001f17) x30 0x8000ffbe
core   0: 0x8000efc2 (0x043f2123) sw      gp, 66(t5)
core   0: 3 0x8000efc2 (0x043f2123) mem 0x80010000 0x00000001
core   0: 0x8000efc6 (0x0000bfe5) c.j     pc - 8
core   0: 3 0x8000efc6 (0xbfe5)
core   0: 0x8000efbe (0x00001f17) auipc   t5, 0x1
core   0: 3 0x8000efbe (0x00001f17) x30 0x8000ffbe
core   0: 0x8000efc2 (0x043f2123) sw      gp, 66(t5)
core   0: 3 0x8000efc2 (0x043f2123) mem 0x80010000 0x00000001
core   0: 0x8000efc6 (0x0000bfe5) c.j     pc - 8
core   0: 3 0x8000efc6 (0xbfe5)
core   0: 0x8000efbe (0x00001f17) auipc   t5, 0x1
core   0: 3 0x8000efbe (0x00001f17) x30 0x8000ffbe
core   0: 0x8000efc2 (0x043f2123) sw      gp, 66(t5)
core   0: 3 0x8000efc2 (0x043f2123) mem 0x80010000 0x00000001
core   0: 0x8000efc6 (0x0000bfe5) c.j     pc - 8
core   0: 3 0x8000efc6 (0xbfe5)
core   0: 0x8000efbe (0x00001f17) auipc   t5, 0x1
core   0: 3 0x8000efbe (0x00001f17) x30 0x8000ffbe
core   0: 0x8000efc2 (0x043f2123) sw      gp, 66(t5)
core   0: 3 0x8000efc2 (0x043f2123) mem 0x80010000 0x00000001
core   0: 0x8000efc6 (0x0000bfe5) c.j     pc - 8
core   0: 3 0x8000efc6 (0xbfe5)
core   0: 0x8000efbe (0x00001f17) auipc   t5, 0x1
core   0: 3 0x8000efbe (0x00001f17) x30 0x8000ffbe
core   0: 0x8000efc2 (0x043f2123) sw      gp, 66(t5)
core   0: 3 0x8000efc2 (0x043f2123) mem 0x80010000 0x00000001
core   0: 0x8000efc6 (0x0000bfe5) c.j     pc - 8
core   0: 3 0x8000efc6 (0xbfe5)
core   0: 0x8000efbe (0x00001f17) auipc   t5, 0x1
core   0: 3 0x8000efbe (0x00001f17) x30 0x8000ffbe
core   0: 0x8000efc2 (0x043f2123) sw      gp, 66(t5)
core   0: 3 0x8000efc2 (0x043f2123) mem 0x80010000 0x00000001
core   0: 0x8000efc6 (0x0000bfe5) c.j     pc - 8
core   0: 3 0x8000efc6 (0xbfe5)
core   0: 0x8000efbe (0x00001f17) auipc   t5, 0x1
core   0: 3 0x8000efbe (0x00001f17) x30 0x8000ffbe
core   0: 0x8000efc2 (0x043f2123) sw      gp, 66(t5)
core   0: 3 0x8000efc2 (0x043f2123) mem 0x80010000 0x00000001
core   0: 0x8000efc6 (0x0000bfe5) c.j     pc - 8
core   0: 3 0x8000efc6 (0xbfe5)
core   0: 0x8000efbe (0x00001f17) auipc   t5, 0x1
core   0: 3 0x8000efbe (0x00001f17) x30 0x8000ffbe
core   0: 0x8000efc2 (0x043f2123) sw      gp, 66(t5)
core   0: 3 0x8000efc2 (0x043f2123) mem 0x80010000 0x00000001
core   0: 0x8000efc6 (0x0000bfe5) c.j     pc - 8
core   0: 3 0x8000efc6 (0xbfe5)
core   0: 0x8000efbe (0x00001f17) auipc   t5, 0x1
core   0: 3 0x8000efbe (0x00001f17) x30 0x8000ffbe
core   0: 0x8000efc2 (0x043f2123) sw      gp, 66(t5)
core   0: 3 0x8000efc2 (0x043f2123) mem 0x80010000 0x00000001
core   0: 0x8000efc6 (0x0000bfe5) c.j     pc - 8
core   0: 3 0x8000efc6 (0xbfe5)
core   0: 0x8000efbe (0x00001f17) auipc   t5, 0x1
core   0: 3 0x8000efbe (0x00001f17) x30 0x8000ffbe
core   0: 0x8000efc2 (0x043f2123) sw      gp, 66(t5)
core   0: 3 0x8000efc2 (0x043f2123) mem 0x80010000 0x00000001
core   0: 0x8000efc6 (0x0000bfe5) c.j     pc - 8
core   0: 3 0x8000efc6 (0xbfe5)
core   0: 0x8000efbe (0x00001f17) auipc   t5, 0x1
core   0: 3 0x8000efbe (0x00001f17) x30 0x8000ffbe
core   0: 0x8000efc2 (0x043f2123) sw      gp, 66(t5)
core   0: 3 0x8000efc2 (0x043f2123) mem 0x80010000 0x00000001
core   0: 0x8000efc6 (0x0000bfe5) c.j     pc - 8
core   0: 3 0x8000efc6 (0xbfe5)
core   0: 0x8000efbe (0x00001f17) auipc   t5, 0x1
core   0: 3 0x8000efbe (0x00001f17) x30 0x8000ffbe
core   0: 0x8000efc2 (0x043f2123) sw      gp, 66(t5)
core   0: 3 0x8000efc2 (0x043f2123) mem 0x80010000 0x00000001
core   0: 0x8000efc6 (0x0000bfe5) c.j     pc - 8
core   0: 3 0x8000efc6 (0xbfe5)
core   0: 0x8000efbe (0x00001f17) auipc   t5, 0x1
core   0: 3 0x8000efbe (0x00001f17) x30 0x8000ffbe
core   0: 0x8000efc2 (0x043f2123) sw      gp, 66(t5)
core   0: 3 0x8000efc2 (0x043f2123) mem 0x80010000 0x00000001
core   0: 0x8000efc6 (0x0000bfe5) c.j     pc - 8
core   0: 3 0x8000efc6 (0xbfe5)
core   0: 0x8000efbe (0x00001f17) auipc   t5, 0x1
core   0: 3 0x8000efbe (0x00001f17) x30 0x8000ffbe
core   0: 0x8000efc2 (0x043f2123) sw      gp, 66(t5)
core   0: 3 0x8000efc2 (0x043f2123) mem 0x80010000 0x00000001
core   0: 0x8000efc6 (0x0000bfe5) c.j     pc - 8
core   0: 3 0x8000efc6 (0xbfe5)
core   0: 0x8000efbe (0x00001f17) auipc   t5, 0x1
core   0: 3 0x8000efbe (0x00001f17) x30 0x8000ffbe
core   0: 0x8000efc2 (0x043f2123) sw      gp, 66(t5)
core   0: 3 0x8000efc2 (0x043f2123) mem 0x80010000 0x00000001
core   0: 0x8000efc6 (0x0000bfe5) c.j     pc - 8
core   0: 3 0x8000efc6 (0xbfe5)
core   0: 0x8000efbe (0x00001f17) auipc   t5, 0x1
core   0: 3 0x8000efbe (0x00001f17) x30 0x8000ffbe
core   0: 0x8000efc2 (0x043f2123) sw      gp, 66(t5)
core   0: 3 0x8000efc2 (0x043f2123) mem 0x80010000 0x00000001
core   0: 0x8000efc6 (0x0000bfe5) c.j     pc - 8
core   0: 3 0x8000efc6 (0xbfe5)
core   0: 0x8000efbe (0x00001f17) auipc   t5, 0x1
core   0: 3 0x8000efbe (0x00001f17) x30 0x8000ffbe
core   0: 0x8000efc2 (0x043f2123) sw      gp, 66(t5)
core   0: 3 0x8000efc2 (0x043f2123) mem 0x80010000 0x00000001
core   0: 0x8000efc6 (0x0000bfe5) c.j     pc - 8
core   0: 3 0x8000efc6 (0xbfe5)
core   0: 0x8000efbe (0x00001f17) auipc   t5, 0x1
core   0: 3 0x8000efbe (0x00001f17) x30 0x8000ffbe
core   0: 0x8000efc2 (0x043f2123) sw      gp, 66(t5)
core   0: 3 0x8000efc2 (0x043f2123) mem 0x80010000 0x00000001
core   0: 0x8000efc6 (0x0000bfe5) c.j     pc - 8
core   0: 3 0x8000efc6 (0xbfe5)
core   0: 0x8000efbe (0x00001f17) auipc   t5, 0x1
core   0: 3 0x8000efbe (0x00001f17) x30 0x8000ffbe
core   0: 0x8000efc2 (0x043f2123) sw      gp, 66(t5)
core   0: 3 0x8000efc2 (0x043f2123) mem 0x80010000 0x00000001
core   0: 0x8000efc6 (0x0000bfe5) c.j     pc - 8
core   0: 3 0x8000efc6 (0xbfe5)
core   0: 0x8000efbe (0x00001f17) auipc   t5, 0x1
core   0: 3 0x8000efbe (0x00001f17) x30 0x8000ffbe
core   0: 0x8000efc2 (0x043f2123) sw      gp, 66(t5)
core   0: 3 0x8000efc2 (0x043f2123) mem 0x80010000 0x00000001
core   0: 0x8000efc6 (0x0000bfe5) c.j     pc - 8
core   0: 3 0x8000efc6 (0xbfe5)
core   0: 0x8000efbe (0x00001f17) auipc   t5, 0x1
core   0: 3 0x8000efbe (0x00001f17) x30 0x8000ffbe
core   0: 0x8000efc2 (0x043f2123) sw      gp, 66(t5)
core   0: 3 0x8000efc2 (0x043f2123) mem 0x80010000 0x00000001
core   0: 0x8000efc6 (0x0000bfe5) c.j     pc - 8
core   0: 3 0x8000efc6 (0xbfe5)
core   0: 0x8000efbe (0x00001f17) auipc   t5, 0x1
core   0: 3 0x8000efbe (0x00001f17) x30 0x8000ffbe
core   0: 0x8000efc2 (0x043f2123) sw      gp, 66(t5)
core   0: 3 0x8000efc2 (0x043f2123) mem 0x80010000 0x00000001
core   0: 0x8000efc6 (0x0000bfe5) c.j     pc - 8
core   0: 3 0x8000efc6 (0xbfe5)
core   0: 0x8000efbe (0x00001f17) auipc   t5, 0x1
core   0: 3 0x8000efbe (0x00001f17) x30 0x8000ffbe
core   0: 0x8000efc2 (0x043f2123) sw      gp, 66(t5)
core   0: 3 0x8000efc2 (0x043f2123) mem 0x80010000 0x00000001
core   0: 0x8000efc6 (0x0000bfe5) c.j     pc - 8
core   0: 3 0x8000efc6 (0xbfe5)
core   0: 0x8000efbe (0x00001f17) auipc   t5, 0x1
core   0: 3 0x8000efbe (0x00001f17) x30 0x8000ffbe
core   0: 0x8000efc2 (0x043f2123) sw      gp, 66(t5)
core   0: 3 0x8000efc2 (0x043f2123) mem 0x80010000 0x00000001
core   0: 0x8000efc6 (0x0000bfe5) c.j     pc - 8
core   0: 3 0x8000efc6 (0xbfe5)
core   0: 0x8000efbe (0x00001f17) auipc   t5, 0x1
core   0: 3 0x8000efbe (0x00001f17) x30 0x8000ffbe
core   0: 0x8000efc2 (0x043f2123) sw      gp, 66(t5)
core   0: 3 0x8000efc2 (0x043f2123) mem 0x80010000 0x00000001
core   0: 0x8000efc6 (0x0000bfe5) c.j     pc - 8
core   0: 3 0x8000efc6 (0xbfe5)
core   0: 0x8000efbe (0x00001f17) auipc   t5, 0x1
core   0: 3 0x8000efbe (0x00001f17) x30 0x8000ffbe
core   0: 0x8000efc2 (0x043f2123) sw      gp, 66(t5)
core   0: 3 0x8000efc2 (0x043f2123) mem 0x80010000 0x00000001
core   0: 0x8000efc6 (0x0000bfe5) c.j     pc - 8
core   0: 3 0x8000efc6 (0xbfe5)
core   0: 0x8000efbe (0x00001f17) auipc   t5, 0x1
core   0: 3 0x8000efbe (0x00001f17) x30 0x8000ffbe
core   0: 0x8000efc2 (0x043f2123) sw      gp, 66(t5)
core   0: 3 0x8000efc2 (0x043f2123) mem 0x80010000 0x00000001
core   0: 0x8000efc6 (0x0000bfe5) c.j     pc - 8
core   0: 3 0x8000efc6 (0xbfe5)
core   0: 0x8000efbe (0x00001f17) auipc   t5, 0x1
core   0: 3 0x8000efbe (0x00001f17) x30 0x8000ffbe
core   0: 0x8000efc2 (0x043f2123) sw      gp, 66(t5)
core   0: 3 0x8000efc2 (0x043f2123) mem 0x80010000 0x00000001
core   0: 0x8000efc6 (0x0000bfe5) c.j     pc - 8
core   0: 3 0x8000efc6 (0xbfe5)
core   0: 0x8000efbe (0x00001f17) auipc   t5, 0x1
core   0: 3 0x8000efbe (0x00001f17) x30 0x8000ffbe
core   0: 0x8000efc2 (0x043f2123) sw      gp, 66(t5)
core   0: 3 0x8000efc2 (0x043f2123) mem 0x80010000 0x00000001
core   0: 0x8000efc6 (0x0000bfe5) c.j     pc - 8
core   0: 3 0x8000efc6 (0xbfe5)
core   0: 0x8000efbe (0x00001f17) auipc   t5, 0x1
core   0: 3 0x8000efbe (0x00001f17) x30 0x8000ffbe
core   0: 0x8000efc2 (0x043f2123) sw      gp, 66(t5)
core   0: 3 0x8000efc2 (0x043f2123) mem 0x80010000 0x00000001
core   0: 0x8000efc6 (0x0000bfe5) c.j     pc - 8
core   0: 3 0x8000efc6 (0xbfe5)
core   0: 0x8000efbe (0x00001f17) auipc   t5, 0x1
core   0: 3 0x8000efbe (0x00001f17) x30 0x8000ffbe
core   0: 0x8000efc2 (0x043f2123) sw      gp, 66(t5)
core   0: 3 0x8000efc2 (0x043f2123) mem 0x80010000 0x00000001
core   0: 0x8000efc6 (0x0000bfe5) c.j     pc - 8
core   0: 3 0x8000efc6 (0xbfe5)
core   0: 0x8000efbe (0x00001f17) auipc   t5, 0x1
core   0: 3 0x8000efbe (0x00001f17) x30 0x8000ffbe
core   0: 0x8000efc2 (0x043f2123) sw      gp, 66(t5)
core   0: 3 0x8000efc2 (0x043f2123) mem 0x80010000 0x00000001
core   0: 0x8000efc6 (0x0000bfe5) c.j     pc - 8
core   0: 3 0x8000efc6 (0xbfe5)
core   0: 0x8000efbe (0x00001f17) auipc   t5, 0x1
core   0: 3 0x8000efbe (0x00001f17) x30 0x8000ffbe
core   0: 0x8000efc2 (0x043f2123) sw      gp, 66(t5)
core   0: 3 0x8000efc2 (0x043f2123) mem 0x80010000 0x00000001
core   0: 0x8000efc6 (0x0000bfe5) c.j     pc - 8
core   0: 3 0x8000efc6 (0xbfe5)
core   0: 0x8000efbe (0x00001f17) auipc   t5, 0x1
core   0: 3 0x8000efbe (0x00001f17) x30 0x8000ffbe
core   0: 0x8000efc2 (0x043f2123) sw      gp, 66(t5)
core   0: 3 0x8000efc2 (0x043f2123) mem 0x80010000 0x00000001
core   0: 0x8000efc6 (0x0000bfe5) c.j     pc - 8
core   0: 3 0x8000efc6 (0xbfe5)
core   0: 0x8000efbe (0x00001f17) auipc   t5, 0x1
core   0: 3 0x8000efbe (0x00001f17) x30 0x8000ffbe
core   0: 0x8000efc2 (0x043f2123) sw      gp, 66(t5)
core   0: 3 0x8000efc2 (0x043f2123) mem 0x80010000 0x00000001
core   0: 0x8000efc6 (0x0000bfe5) c.j     pc - 8
core   0: 3 0x8000efc6 (0xbfe5)
core   0: 0x8000efbe (0x00001f17) auipc   t5, 0x1
core   0: 3 0x8000efbe (0x00001f17) x30 0x8000ffbe
core   0: 0x8000efc2 (0x043f2123) sw      gp, 66(t5)
core   0: 3 0x8000efc2 (0x043f2123) mem 0x80010000 0x00000001
core   0: 0x8000efc6 (0x0000bfe5) c.j     pc - 8
core   0: 3 0x8000efc6 (0xbfe5)
core   0: 0x8000efbe (0x00001f17) auipc   t5, 0x1
core   0: 3 0x8000efbe (0x00001f17) x30 0x8000ffbe
core   0: 0x8000efc2 (0x043f2123) sw      gp, 66(t5)
core   0: 3 0x8000efc2 (0x043f2123) mem 0x80010000 0x00000001
core   0: 0x8000efc6 (0x0000bfe5) c.j     pc - 8
core   0: 3 0x8000efc6 (0xbfe5)
core   0: 0x8000efbe (0x00001f17) auipc   t5, 0x1
core   0: 3 0x8000efbe (0x00001f17) x30 0x8000ffbe
core   0: 0x8000efc2 (0x043f2123) sw      gp, 66(t5)
core   0: 3 0x8000efc2 (0x043f2123) mem 0x80010000 0x00000001
core   0: 0x8000efc6 (0x0000bfe5) c.j     pc - 8
core   0: 3 0x8000efc6 (0xbfe5)
core   0: 0x8000efbe (0x00001f17) auipc   t5, 0x1
core   0: 3 0x8000efbe (0x00001f17) x30 0x8000ffbe
core   0: 0x8000efc2 (0x043f2123) sw      gp, 66(t5)
core   0: 3 0x8000efc2 (0x043f2123) mem 0x80010000 0x00000001
core   0: 0x8000efc6 (0x0000bfe5) c.j     pc - 8
core   0: 3 0x8000efc6 (0xbfe5)
core   0: 0x8000efbe (0x00001f17) auipc   t5, 0x1
core   0: 3 0x8000efbe (0x00001f17) x30 0x8000ffbe
core   0: 0x8000efc2 (0x043f2123) sw      gp, 66(t5)
core   0: 3 0x8000efc2 (0x043f2123) mem 0x80010000 0x00000001
core   0: 0x8000efc6 (0x0000bfe5) c.j     pc - 8
core   0: 3 0x8000efc6 (0xbfe5)
core   0: 0x8000efbe (0x00001f17) auipc   t5, 0x1
core   0: 3 0x8000efbe (0x00001f17) x30 0x8000ffbe
core   0: 0x8000efc2 (0x043f2123) sw      gp, 66(t5)
core   0: 3 0x8000efc2 (0x043f2123) mem 0x80010000 0x00000001
core   0: 0x8000efc6 (0x0000bfe5) c.j     pc - 8
core   0: 3 0x8000efc6 (0xbfe5)
core   0: 0x8000efbe (0x00001f17) auipc   t5, 0x1
core   0: 3 0x8000efbe (0x00001f17) x30 0x8000ffbe
core   0: 0x8000efc2 (0x043f2123) sw      gp, 66(t5)
core   0: 3 0x8000efc2 (0x043f2123) mem 0x80010000 0x00000001
core   0: 0x8000efc6 (0x0000bfe5) c.j     pc - 8
core   0: 3 0x8000efc6 (0xbfe5)
core   0: 0x8000efbe (0x00001f17) auipc   t5, 0x1
core   0: 3 0x8000efbe (0x00001f17) x30 0x8000ffbe
core   0: 0x8000efc2 (0x043f2123) sw      gp, 66(t5)
core   0: 3 0x8000efc2 (0x043f2123) mem 0x80010000 0x00000001
core   0: 0x8000efc6 (0x0000bfe5) c.j     pc - 8
core   0: 3 0x8000efc6 (0xbfe5)
core   0: 0x8000efbe (0x00001f17) auipc   t5, 0x1
core   0: 3 0x8000efbe (0x00001f17) x30 0x8000ffbe
core   0: 0x8000efc2 (0x043f2123) sw      gp, 66(t5)
core   0: 3 0x8000efc2 (0x043f2123) mem 0x80010000 0x00000001
core   0: 0x8000efc6 (0x0000bfe5) c.j     pc - 8
core   0: 3 0x8000efc6 (0xbfe5)
core   0: 0x8000efbe (0x00001f17) auipc   t5, 0x1
core   0: 3 0x8000efbe (0x00001f17) x30 0x8000ffbe
core   0: 0x8000efc2 (0x043f2123) sw      gp, 66(t5)
core   0: 3 0x8000efc2 (0x043f2123) mem 0x80010000 0x00000001
core   0: 0x8000efc6 (0x0000bfe5) c.j     pc - 8
core   0: 3 0x8000efc6 (0xbfe5)
core   0: 0x8000efbe (0x00001f17) auipc   t5, 0x1
core   0: 3 0x8000efbe (0x00001f17) x30 0x8000ffbe
core   0: 0x8000efc2 (0x043f2123) sw      gp, 66(t5)
core   0: 3 0x8000efc2 (0x043f2123) mem 0x80010000 0x00000001
core   0: 0x8000efc6 (0x0000bfe5) c.j     pc - 8
core   0: 3 0x8000efc6 (0xbfe5)
core   0: 0x8000efbe (0x00001f17) auipc   t5, 0x1
core   0: 3 0x8000efbe (0x00001f17) x30 0x8000ffbe
core   0: 0x8000efc2 (0x043f2123) sw      gp, 66(t5)
core   0: 3 0x8000efc2 (0x043f2123) mem 0x80010000 0x00000001
core   0: 0x8000efc6 (0x0000bfe5) c.j     pc - 8
core   0: 3 0x8000efc6 (0xbfe5)
core   0: 0x8000efbe (0x00001f17) auipc   t5, 0x1
core   0: 3 0x8000efbe (0x00001f17) x30 0x8000ffbe
core   0: 0x8000efc2 (0x043f2123) sw      gp, 66(t5)
core   0: 3 0x8000efc2 (0x043f2123) mem 0x80010000 0x00000001
core   0: 0x8000efc6 (0x0000bfe5) c.j     pc - 8
core   0: 3 0x8000efc6 (0xbfe5)
core   0: 0x8000efbe (0x00001f17) auipc   t5, 0x1
core   0: 3 0x8000efbe (0x00001f17) x30 0x8000ffbe
core   0: 0x8000efc2 (0x043f2123) sw      gp, 66(t5)
core   0: 3 0x8000efc2 (0x043f2123) mem 0x80010000 0x00000001
core   0: 0x8000efc6 (0x0000bfe5) c.j     pc - 8
core   0: 3 0x8000efc6 (0xbfe5)
core   0: 0x8000efbe (0x00001f17) auipc   t5, 0x1
core   0: 3 0x8000efbe (0x00001f17) x30 0x8000ffbe
core   0: 0x8000efc2 (0x043f2123) sw      gp, 66(t5)
core   0: 3 0x8000efc2 (0x043f2123) mem 0x80010000 0x00000001
core   0: 0x8000efc6 (0x0000bfe5) c.j     pc - 8
core   0: 3 0x8000efc6 (0xbfe5)
core   0: 0x8000efbe (0x00001f17) auipc   t5, 0x1
core   0: 3 0x8000efbe (0x00001f17) x30 0x8000ffbe
core   0: 0x8000efc2 (0x043f2123) sw      gp, 66(t5)
core   0: 3 0x8000efc2 (0x043f2123) mem 0x80010000 0x00000001
core   0: 0x8000efc6 (0x0000bfe5) c.j     pc - 8
core   0: 3 0x8000efc6 (0xbfe5)
core   0: 0x8000efbe (0x00001f17) auipc   t5, 0x1
core   0: 3 0x8000efbe (0x00001f17) x30 0x8000ffbe
core   0: 0x8000efc2 (0x043f2123) sw      gp, 66(t5)
core   0: 3 0x8000efc2 (0x043f2123) mem 0x80010000 0x00000001
core   0: 0x8000efc6 (0x0000bfe5) c.j     pc - 8
core   0: 3 0x8000efc6 (0xbfe5)
core   0: 0x8000efbe (0x00001f17) auipc   t5, 0x1
core   0: 3 0x8000efbe (0x00001f17) x30 0x8000ffbe
core   0: 0x8000efc2 (0x043f2123) sw      gp, 66(t5)
core   0: 3 0x8000efc2 (0x043f2123) mem 0x80010000 0x00000001
core   0: 0x8000efc6 (0x0000bfe5) c.j     pc - 8
core   0: 3 0x8000efc6 (0xbfe5)
core   0: 0x8000efbe (0x00001f17) auipc   t5, 0x1
core   0: 3 0x8000efbe (0x00001f17) x30 0x8000ffbe
core   0: 0x8000efc2 (0x043f2123) sw      gp, 66(t5)
core   0: 3 0x8000efc2 (0x043f2123) mem 0x80010000 0x00000001
core   0: 0x8000efc6 (0x0000bfe5) c.j     pc - 8
core   0: 3 0x8000efc6 (0xbfe5)
core   0: 0x8000efbe (0x00001f17) auipc   t5, 0x1
core   0: 3 0x8000efbe (0x00001f17) x30 0x8000ffbe
core   0: 0x8000efc2 (0x043f2123) sw      gp, 66(t5)
core   0: 3 0x8000efc2 (0x043f2123) mem 0x80010000 0x00000001
core   0: 0x8000efc6 (0x0000bfe5) c.j     pc - 8
core   0: 3 0x8000efc6 (0xbfe5)
core   0: 0x8000efbe (0x00001f17) auipc   t5, 0x1
core   0: 3 0x8000efbe (0x00001f17) x30 0x8000ffbe
core   0: 0x8000efc2 (0x043f2123) sw      gp, 66(t5)
core   0: 3 0x8000efc2 (0x043f2123) mem 0x80010000 0x00000001
core   0: 0x8000efc6 (0x0000bfe5) c.j     pc - 8
core   0: 3 0x8000efc6 (0xbfe5)
core   0: 0x8000efbe (0x00001f17) auipc   t5, 0x1
core   0: 3 0x8000efbe (0x00001f17) x30 0x8000ffbe
core   0: 0x8000efc2 (0x043f2123) sw      gp, 66(t5)
core   0: 3 0x8000efc2 (0x043f2123) mem 0x80010000 0x00000001
core   0: 0x8000efc6 (0x0000bfe5) c.j     pc - 8
core   0: 3 0x8000efc6 (0xbfe5)
core   0: 0x8000efbe (0x00001f17) auipc   t5, 0x1
core   0: 3 0x8000efbe (0x00001f17) x30 0x8000ffbe
core   0: 0x8000efc2 (0x043f2123) sw      gp, 66(t5)
core   0: 3 0x8000efc2 (0x043f2123) mem 0x80010000 0x00000001
core   0: 0x8000efc6 (0x0000bfe5) c.j     pc - 8
core   0: 3 0x8000efc6 (0xbfe5)
core   0: 0x8000efbe (0x00001f17) auipc   t5, 0x1
core   0: 3 0x8000efbe (0x00001f17) x30 0x8000ffbe
core   0: 0x8000efc2 (0x043f2123) sw      gp, 66(t5)
core   0: 3 0x8000efc2 (0x043f2123) mem 0x80010000 0x00000001
core   0: 0x8000efc6 (0x0000bfe5) c.j     pc - 8
core   0: 3 0x8000efc6 (0xbfe5)
core   0: 0x8000efbe (0x00001f17) auipc   t5, 0x1
core   0: 3 0x8000efbe (0x00001f17) x30 0x8000ffbe
core   0: 0x8000efc2 (0x043f2123) sw      gp, 66(t5)
core   0: 3 0x8000efc2 (0x043f2123) mem 0x80010000 0x00000001
core   0: 0x8000efc6 (0x0000bfe5) c.j     pc - 8
core   0: 3 0x8000efc6 (0xbfe5)
core   0: 0x8000efbe (0x00001f17) auipc   t5, 0x1
core   0: 3 0x8000efbe (0x00001f17) x30 0x8000ffbe
core   0: 0x8000efc2 (0x043f2123) sw      gp, 66(t5)
core   0: 3 0x8000efc2 (0x043f2123) mem 0x80010000 0x00000001
core   0: 0x8000efc6 (0x0000bfe5) c.j     pc - 8
core   0: 3 0x8000efc6 (0xbfe5)
core   0: 0x8000efbe (0x00001f17) auipc   t5, 0x1
core   0: 3 0x8000efbe (0x00001f17) x30 0x8000ffbe
core   0: 0x8000efc2 (0x043f2123) sw      gp, 66(t5)
core   0: 3 0x8000efc2 (0x043f2123) mem 0x80010000 0x00000001
core   0: 0x8000efc6 (0x0000bfe5) c.j     pc - 8
core   0: 3 0x8000efc6 (0xbfe5)
core   0: 0x8000efbe (0x00001f17) auipc   t5, 0x1
core   0: 3 0x8000efbe (0x00001f17) x30 0x8000ffbe
core   0: 0x8000efc2 (0x043f2123) sw      gp, 66(t5)
core   0: 3 0x8000efc2 (0x043f2123) mem 0x80010000 0x00000001
core   0: 0x8000efc6 (0x0000bfe5) c.j     pc - 8
core   0: 3 0x8000efc6 (0xbfe5)
core   0: 0x8000efbe (0x00001f17) auipc   t5, 0x1
core   0: 3 0x8000efbe (0x00001f17) x30 0x8000ffbe
core   0: 0x8000efc2 (0x043f2123) sw      gp, 66(t5)
core   0: 3 0x8000efc2 (0x043f2123) mem 0x80010000 0x00000001
core   0: 0x8000efc6 (0x0000bfe5) c.j     pc - 8
core   0: 3 0x8000efc6 (0xbfe5)
core   0: 0x8000efbe (0x00001f17) auipc   t5, 0x1
core   0: 3 0x8000efbe (0x00001f17) x30 0x8000ffbe
core   0: 0x8000efc2 (0x043f2123) sw      gp, 66(t5)
core   0: 3 0x8000efc2 (0x043f2123) mem 0x80010000 0x00000001
core   0: 0x8000efc6 (0x0000bfe5) c.j     pc - 8
core   0: 3 0x8000efc6 (0xbfe5)
core   0: 0x8000efbe (0x00001f17) auipc   t5, 0x1
core   0: 3 0x8000efbe (0x00001f17) x30 0x8000ffbe
core   0: 0x8000efc2 (0x043f2123) sw      gp, 66(t5)
core   0: 3 0x8000efc2 (0x043f2123) mem 0x80010000 0x00000001
core   0: 0x8000efc6 (0x0000bfe5) c.j     pc - 8
core   0: 3 0x8000efc6 (0xbfe5)
core   0: 0x8000efbe (0x00001f17) auipc   t5, 0x1
core   0: 3 0x8000efbe (0x00001f17) x30 0x8000ffbe
core   0: 0x8000efc2 (0x043f2123) sw      gp, 66(t5)
core   0: 3 0x8000efc2 (0x043f2123) mem 0x80010000 0x00000001
core   0: 0x8000efc6 (0x0000bfe5) c.j     pc - 8
core   0: 3 0x8000efc6 (0xbfe5)
core   0: 0x8000efbe (0x00001f17) auipc   t5, 0x1
core   0: 3 0x8000efbe (0x00001f17) x30 0x8000ffbe
core   0: 0x8000efc2 (0x043f2123) sw      gp, 66(t5)
core   0: 3 0x8000efc2 (0x043f2123) mem 0x80010000 0x00000001
core   0: 0x8000efc6 (0x0000bfe5) c.j     pc - 8
core   0: 3 0x8000efc6 (0xbfe5)
core   0: 0x8000efbe (0x00001f17) auipc   t5, 0x1
core   0: 3 0x8000efbe (0x00001f17) x30 0x8000ffbe
core   0: 0x8000efc2 (0x043f2123) sw      gp, 66(t5)
core   0: 3 0x8000efc2 (0x043f2123) mem 0x80010000 0x00000001
core   0: 0x8000efc6 (0x0000bfe5) c.j     pc - 8
core   0: 3 0x8000efc6 (0xbfe5)
core   0: 0x8000efbe (0x00001f17) auipc   t5, 0x1
core   0: 3 0x8000efbe (0x00001f17) x30 0x8000ffbe
core   0: 0x8000efc2 (0x043f2123) sw      gp, 66(t5)
core   0: 3 0x8000efc2 (0x043f2123) mem 0x80010000 0x00000001
core   0: 0x8000efc6 (0x0000bfe5) c.j     pc - 8
core   0: 3 0x8000efc6 (0xbfe5)
core   0: 0x8000efbe (0x00001f17) auipc   t5, 0x1
core   0: 3 0x8000efbe (0x00001f17) x30 0x8000ffbe
core   0: 0x8000efc2 (0x043f2123) sw      gp, 66(t5)
core   0: 3 0x8000efc2 (0x043f2123) mem 0x80010000 0x00000001
core   0: 0x8000efc6 (0x0000bfe5) c.j     pc - 8
core   0: 3 0x8000efc6 (0xbfe5)
core   0: 0x8000efbe (0x00001f17) auipc   t5, 0x1
core   0: 3 0x8000efbe (0x00001f17) x30 0x8000ffbe
core   0: 0x8000efc2 (0x043f2123) sw      gp, 66(t5)
core   0: 3 0x8000efc2 (0x043f2123) mem 0x80010000 0x00000001
core   0: 0x8000efc6 (0x0000bfe5) c.j     pc - 8
core   0: 3 0x8000efc6 (0xbfe5)
core   0: 0x8000efbe (0x00001f17) auipc   t5, 0x1
core   0: 3 0x8000efbe (0x00001f17) x30 0x8000ffbe
core   0: 0x8000efc2 (0x043f2123) sw      gp, 66(t5)
core   0: 3 0x8000efc2 (0x043f2123) mem 0x80010000 0x00000001
core   0: 0x8000efc6 (0x0000bfe5) c.j     pc - 8
core   0: 3 0x8000efc6 (0xbfe5)
core   0: 0x8000efbe (0x00001f17) auipc   t5, 0x1
core   0: 3 0x8000efbe (0x00001f17) x30 0x8000ffbe
core   0: 0x8000efc2 (0x043f2123) sw      gp, 66(t5)
core   0: 3 0x8000efc2 (0x043f2123) mem 0x80010000 0x00000001
core   0: 0x8000efc6 (0x0000bfe5) c.j     pc - 8
core   0: 3 0x8000efc6 (0xbfe5)
core   0: 0x8000efbe (0x00001f17) auipc   t5, 0x1
core   0: 3 0x8000efbe (0x00001f17) x30 0x8000ffbe
core   0: 0x8000efc2 (0x043f2123) sw      gp, 66(t5)
core   0: 3 0x8000efc2 (0x043f2123) mem 0x80010000 0x00000001
core   0: 0x8000efc6 (0x0000bfe5) c.j     pc - 8
core   0: 3 0x8000efc6 (0xbfe5)
core   0: 0x8000efbe (0x00001f17) auipc   t5, 0x1
core   0: 3 0x8000efbe (0x00001f17) x30 0x8000ffbe
core   0: 0x8000efc2 (0x043f2123) sw      gp, 66(t5)
core   0: 3 0x8000efc2 (0x043f2123) mem 0x80010000 0x00000001
core   0: 0x8000efc6 (0x0000bfe5) c.j     pc - 8
core   0: 3 0x8000efc6 (0xbfe5)
core   0: 0x8000efbe (0x00001f17) auipc   t5, 0x1
core   0: 3 0x8000efbe (0x00001f17) x30 0x8000ffbe
core   0: 0x8000efc2 (0x043f2123) sw      gp, 66(t5)
core   0: 3 0x8000efc2 (0x043f2123) mem 0x80010000 0x00000001
core   0: 0x8000efc6 (0x0000bfe5) c.j     pc - 8
core   0: 3 0x8000efc6 (0xbfe5)
core   0: 0x8000efbe (0x00001f17) auipc   t5, 0x1
core   0: 3 0x8000efbe (0x00001f17) x30 0x8000ffbe
core   0: 0x8000efc2 (0x043f2123) sw      gp, 66(t5)
core   0: 3 0x8000efc2 (0x043f2123) mem 0x80010000 0x00000001
core   0: 0x8000efc6 (0x0000bfe5) c.j     pc - 8
core   0: 3 0x8000efc6 (0xbfe5)
core   0: 0x8000efbe (0x00001f17) auipc   t5, 0x1
core   0: 3 0x8000efbe (0x00001f17) x30 0x8000ffbe
core   0: 0x8000efc2 (0x043f2123) sw      gp, 66(t5)
core   0: 3 0x8000efc2 (0x043f2123) mem 0x80010000 0x00000001
