core   0: 0x00001000 (0x00000297) auipc   t0, 0x0
core   0: 3 0x00001000 (0x00000297) x 5 0x00001000
core   0: 0x00001004 (0x02028593) addi    a1, t0, 32
core   0: 3 0x00001004 (0x02028593) x11 0x00001020
core   0: 0x00001008 (0xf1402573) csrr    a0, mhartid
core   0: 3 0x00001008 (0xf1402573) x10 0x00000000
core   0: 0x0000100c (0x0182a283) lw      t0, 24(t0)
core   0: 3 0x0000100c (0x0182a283) x 5 0x80000000 mem 0x00001018
core   0: 0x00001010 (0x00028067) jr      t0
core   0: 3 0x00001010 (0x00028067)
core   0: 0x80000000 (0xf14022f3) csrr    t0, mhartid
core   0: 3 0x80000000 (0xf14022f3) x 5 0x00000000
core   0: 0x80000004 (0x00004301) c.li    t1, 0
core   0: 3 0x80000004 (0x4301) x 6 0x00000000
core   0: 0x80000006 (0x00628263) beq     t0, t1, pc + 4
core   0: 3 0x80000006 (0x00628263)
core   0: 0x8000000a (0x00000217) auipc   tp, 0x0
core   0: 3 0x8000000a (0x00000217) x 4 0x8000000a
core   0: 0x8000000e (0x00c20213) addi    tp, tp, 12
core   0: 3 0x8000000e (0x00c20213) x 4 0x80000016
core   0: 0x80000012 (0x00020067) jr      tp
core   0: 3 0x80000012 (0x00020067)
core   0: 0x80000016 (0x40001137) lui     sp, 0x40001
core   0: 3 0x80000016 (0x40001137) x 2 0x40001000
core   0: 0x8000001a (0x10410113) addi    sp, sp, 260
core   0: 3 0x8000001a (0x10410113) x 2 0x40001104
core   0: 0x8000001e (0x30111073) csrw    misa, sp
core   0: 3 0x8000001e (0x30111073) c769_misa 0x40141104
core   0: 0x80000022 (0x00027597) auipc   a1, 0x27
core   0: 3 0x80000022 (0x00027597) x11 0x80027022
core   0: 0x80000026 (0xcc258593) addi    a1, a1, -830
core   0: 3 0x80000026 (0xcc258593) x11 0x80026ce4
core   0: 0x8000002a (0x0000c117) auipc   sp, 0xc
core   0: 3 0x8000002a (0x0000c117) x 2 0x8000c02a
core   0: 0x8000002e (0xca610113) addi    sp, sp, -858
core   0: 3 0x8000002e (0xca610113) x 2 0x8000bcd0
core   0: 0x80000032 (0x00116113) ori     sp, sp, 1
core   0: 3 0x80000032 (0x00116113) x 2 0x8000bcd1
core   0: 0x80000036 (0x30511073) csrw    mtvec, sp
core   0: 3 0x80000036 (0x30511073) c773_mtvec 0x8000bcd1
core   0: 0x8000003a (0x00000117) auipc   sp, 0x0
core   0: 3 0x8000003a (0x00000117) x 2 0x8000003a
core   0: 0x8000003e (0x02410113) addi    sp, sp, 36
core   0: 3 0x8000003e (0x02410113) x 2 0x8000005e
core   0: 0x80000042 (0x34111073) csrw    mepc, sp
core   0: 3 0x80000042 (0x34111073) c833_mepc 0x8000005e
core   0: 0x80000046 (0x00000001) c.nop
core   0: 3 0x80000046 (0x0001)
core   0: 0x80000048 (0x00002137) lui     sp, 0x2
core   0: 3 0x80000048 (0x00002137) x 2 0x00002000
core   0: 0x8000004c (0x80010113) addi    sp, sp, -2048
core   0: 3 0x8000004c (0x80010113) x 2 0x00001800
core   0: 0x80000050 (0x30011073) csrw    mstatus, sp
core   0: 3 0x80000050 (0x30011073) c768_mstatus 0x00001800
core   0: 0x80000054 (0x00004101) c.li    sp, 0
core   0: 3 0x80000054 (0x4101) x 2 0x00000000
core   0: 0x80000056 (0x30411073) csrw    mie, sp
core   0: 3 0x80000056 (0x30411073) c772_mie 0x00000000
core   0: 0x8000005a (0x30200073) mret
core   0: 3 0x8000005a (0x30200073) c768_mstatus 0x00000080
core   0: >>>>  init
core   0: 0x8000005e (0x00700013) li      zero, 7
core   0: 3 0x8000005e (0x00700013)
core   0: 0x80000062 (0x800000b7) lui     ra, 0x80000
core   0: 3 0x80000062 (0x800000b7) x 1 0x80000000
core   0: 0x80000066 (0x80000137) lui     sp, 0x80000
core   0: 3 0x80000066 (0x80000137) x 2 0x80000000
core   0: 0x8000006a (0x800001b7) lui     gp, 0x80000
core   0: 3 0x8000006a (0x800001b7) x 3 0x80000000
core   0: 0x8000006e (0x00004201) c.li    tp, 0
core   0: 3 0x8000006e (0x4201) x 4 0x00000000
core   0: 0x80000070 (0xdaffa2b7) lui     t0, 0xdaffa
core   0: 3 0x80000070 (0xdaffa2b7) x 5 0xdaffa000
core   0: 0x80000074 (0xec528293) addi    t0, t0, -315
core   0: 3 0x80000074 (0xec528293) x 5 0xdaff9ec5
core   0: 0x80000078 (0xf4ce9337) lui     t1, 0xf4ce9
core   0: 3 0x80000078 (0xf4ce9337) x 6 0xf4ce9000
core   0: 0x8000007c (0x7c930313) addi    t1, t1, 1993
core   0: 3 0x8000007c (0x7c930313) x 6 0xf4ce97c9
core   0: 0x80000080 (0x800003b7) lui     t2, 0x80000
core   0: 3 0x80000080 (0x800003b7) x 7 0x80000000
core   0: 0x80000084 (0x0000443d) c.li    s0, 15
core   0: 3 0x80000084 (0x443d) x 8 0x0000000f
core   0: 0x80000086 (0x800004b7) lui     s1, 0x80000
core   0: 3 0x80000086 (0x800004b7) x 9 0x80000000
core   0: 0x8000008a (0x00004601) c.li    a2, 0
core   0: 3 0x8000008a (0x4601) x12 0x00000000
core   0: 0x8000008c (0x00004681) c.li    a3, 0
core   0: 3 0x8000008c (0x4681) x13 0x00000000
core   0: 0x8000008e (0xdd900737) lui     a4, 0xdd900
core   0: 3 0x8000008e (0xdd900737) x14 0xdd900000
core   0: 0x80000092 (0x4cb70713) addi    a4, a4, 1227
core   0: 3 0x80000092 (0x4cb70713) x14 0xdd9004cb
core   0: 0x80000096 (0x000047a9) c.li    a5, 10
core   0: 3 0x80000096 (0x47a9) x15 0x0000000a
core   0: 0x80000098 (0xff454837) lui     a6, 0xff454
core   0: 3 0x80000098 (0xff454837) x16 0xff454000
core   0: 0x8000009c (0x85e80813) addi    a6, a6, -1954
core   0: 3 0x8000009c (0x85e80813) x16 0xff45385e
core   0: 0x800000a0 (0x00004889) c.li    a7, 2
core   0: 3 0x800000a0 (0x4889) x17 0x00000002
core   0: 0x800000a2 (0x80000937) lui     s2, 0x80000
core   0: 3 0x800000a2 (0x80000937) x18 0x80000000
core   0: 0x800000a6 (0x0000498d) c.li    s3, 3
core   0: 3 0x800000a6 (0x498d) x19 0x00000003
core   0: 0x800000a8 (0x00004a01) c.li    s4, 0
core   0: 3 0x800000a8 (0x4a01) x20 0x00000000
core   0: 0x800000aa (0x00004abd) c.li    s5, 15
core   0: 3 0x800000aa (0x4abd) x21 0x0000000f
core   0: 0x800000ac (0x80000b37) lui     s6, 0x80000
core   0: 3 0x800000ac (0x80000b37) x22 0x80000000
core   0: 0x800000b0 (0x00004ba1) c.li    s7, 8
core   0: 3 0x800000b0 (0x4ba1) x23 0x00000008
core   0: 0x800000b2 (0x80000c37) lui     s8, 0x80000
core   0: 3 0x800000b2 (0x80000c37) x24 0x80000000
core   0: 0x800000b6 (0x00004c81) c.li    s9, 0
core   0: 3 0x800000b6 (0x4c81) x25 0x00000000
core   0: 0x800000b8 (0x00004d21) c.li    s10, 8
core   0: 3 0x800000b8 (0x4d21) x26 0x00000008
core   0: 0x800000ba (0x00004d81) c.li    s11, 0
core   0: 3 0x800000ba (0x4d81) x27 0x00000000
core   0: 0x800000bc (0x92cf5e37) lui     t3, 0x92cf5
core   0: 3 0x800000bc (0x92cf5e37) x28 0x92cf5000
core   0: 0x800000c0 (0xc35e0e13) addi    t3, t3, -971
core   0: 3 0x800000c0 (0xc35e0e13) x28 0x92cf4c35
core   0: 0x800000c4 (0x00004ea5) c.li    t4, 9
core   0: 3 0x800000c4 (0x4ea5) x29 0x00000009
core   0: 0x800000c6 (0x00004f19) c.li    t5, 6
core   0: 3 0x800000c6 (0x4f19) x30 0x00000006
core   0: 0x800000c8 (0x00004f9d) c.li    t6, 7
core   0: 3 0x800000c8 (0x4f9d) x31 0x00000007
core   0: 0x800000ca (0x00023517) auipc   a0, 0x23
core   0: 3 0x800000ca (0x00023517) x10 0x800230ca
core   0: 0x800000ce (0xd9a50513) addi    a0, a0, -614
core   0: 3 0x800000ce (0xd9a50513) x10 0x80022e64
core   0: 0x800000d2 (0x0000ed97) auipc   s11, 0xe
core   0: 3 0x800000d2 (0x0000ed97) x27 0x8000e0d2
core   0: 0x800000d6 (0x81dd8d93) addi    s11, s11, -2019
core   0: 3 0x800000d6 (0x81dd8d93) x27 0x8000d8ef
core   0: 0x800000da (0x896dcf03) lbu     t5, -1898(s11)
core   0: 3 0x800000da (0x896dcf03) x30 0x0000003e mem 0x8000d185
core   0: 0x800000de (0x677bc493) xori    s1, s7, 1655
core   0: 3 0x800000de (0x677bc493) x 9 0x0000067f
core   0: 0x800000e2 (0x41e9df93) srai    t6, s3, 30
core   0: 3 0x800000e2 (0x41e9df93) x31 0x00000000
core   0: 0x800000e6 (0x0f94f413) andi    s0, s1, 249
core   0: 3 0x800000e6 (0x0f94f413) x 8 0x00000079
core   0: 0x800000ea (0x00008d1e) c.mv    s10, t2
core   0: 3 0x800000ea (0x8d1e) x26 0x80000000
core   0: 0x800000ec (0x015633b3) sltu    t2, a2, s5
core   0: 3 0x800000ec (0x015633b3) x 7 0x00000001
core   0: 0x800000f0 (0xdb8dc703) lbu     a4, -584(s11)
core   0: 3 0x800000f0 (0xdb8dc703) x14 0x0000005c mem 0x8000d6a7
core   0: 0x800000f4 (0x4b6d8083) lb      ra, 1206(s11)
core   0: 3 0x800000f4 (0x4b6d8083) x 1 0x0000005e mem 0x8000dda5
core   0: 0x800000f8 (0x000044fd) c.li    s1, 31
core   0: 3 0x800000f8 (0x44fd) x 9 0x0000001f
core   0: 0x800000fa (0x00000001) c.nop
core   0: 3 0x800000fa (0x0001)
core   0: 0x800000fc (0x40865a13) srai    s4, a2, 8
core   0: 3 0x800000fc (0x40865a13) x20 0x00000000
core   0: 0x80000100 (0xda8d8e03) lb      t3, -600(s11)
core   0: 3 0x80000100 (0xda8d8e03) x28 0x0000004c mem 0x8000d697
core   0: 0x80000104 (0xcefdd083) lhu     ra, -785(s11)
core   0: 3 0x80000104 (0xcefdd083) x 1 0x00009495 mem 0x8000d5de
core   0: 0x80000108 (0x8dedc183) lbu     gp, -1826(s11)
core   0: 3 0x80000108 (0x8dedc183) x 3 0x00000086 mem 0x8000d1cd
core   0: 0x8000010c (0x0224b133) mulhu   sp, s1, sp
core   0: 3 0x8000010c (0x0224b133) x 2 0x0000000f
core   0: 0x80000110 (0xc3c80b13) addi    s6, a6, -964
core   0: 3 0x80000110 (0xc3c80b13) x22 0xff45349a
core   0: 0x80000114 (0x027a8cb3) mul     s9, s5, t2
core   0: 3 0x80000114 (0x027a8cb3) x25 0x0000000f
core   0: 0x80000118 (0x00008755) c.srai  a4, 21
core   0: 3 0x80000118 (0x8755) x14 0x00000000
core   0: 0x8000011a (0x000084b6) c.mv    s1, a3
core   0: 3 0x8000011a (0x84b6) x 9 0x00000000
core   0: 0x8000011c (0x52408f13) addi    t5, ra, 1316
core   0: 3 0x8000011c (0x52408f13) x30 0x000099b9
core   0: 0x80000120 (0x3f1dc083) lbu     ra, 1009(s11)
core   0: 3 0x80000120 (0x3f1dc083) x 1 0x0000009b mem 0x8000dce0
core   0: 0x80000124 (0x266dcd03) lbu     s10, 614(s11)
core   0: 3 0x80000124 (0x266dcd03) x26 0x0000000e mem 0x8000db55
core   0: 0x80000128 (0x0000547d) c.li    s0, -1
core   0: 3 0x80000128 (0x547d) x 8 0xffffffff
core   0: 0x8000012a (0x00000001) c.nop
core   0: 3 0x8000012a (0x0001)
core   0: 0x8000012c (0x0e5daea3) sw      t0, 253(s11)
core   0: 3 0x8000012c (0x0e5daea3) mem 0x8000d9ec 0xdaff9ec5
core   0: 0x80000130 (0xfccdc403) lbu     s0, -52(s11)
core   0: 3 0x80000130 (0xfccdc403) x 8 0x00000070 mem 0x8000d8bb
core   0: 0x80000134 (0x0000864d) c.srai  a2, 19
core   0: 3 0x80000134 (0x864d) x12 0x00000000
core   0: 0x80000136 (0xbefdcf83) lbu     t6, -1041(s11)
core   0: 3 0x80000136 (0xbefdcf83) x31 0x00000095 mem 0x8000d4de
core   0: 0x8000013a (0x2a8dc183) lbu     gp, 680(s11)
core   0: 3 0x8000013a (0x2a8dc183) x 3 0x0000004c mem 0x8000db97
core   0: 0x8000013e (0x18fce113) ori     sp, s9, 399
core   0: 3 0x8000013e (0x18fce113) x 2 0x0000018f
core   0: 0x80000142 (0x000084dd) c.srai  s1, 23
core   0: 3 0x80000142 (0x84dd) x 9 0x00000000
core   0: 0x80000144 (0xe575fa13) andi    s4, a1, -425
core   0: 3 0x80000144 (0xe575fa13) x20 0x80026c44
core   0: 0x80000148 (0x747d8903) lb      s2, 1863(s11)
core   0: 3 0x80000148 (0x747d8903) x18 0xffffffed mem 0x8000e036
core   0: 0x8000014c (0xaa613f13) sltiu   t5, sp, -1370
core   0: 3 0x8000014c (0xaa613f13) x30 0x00000001
core   0: 0x80000150 (0x8b3d9303) lh      t1, -1869(s11)
core   0: 3 0x80000150 (0x8b3d9303) x 6 0x00005859 mem 0x8000d1a2
core   0: 0x80000154 (0x0000e697) auipc   a3, 0xe
core   0: 3 0x80000154 (0x0000e697) x13 0x8000e154
core   0: 0x80000158 (0xc1468693) addi    a3, a3, -1004
core   0: 3 0x80000158 (0xc1468693) x13 0x8000dd68
core   0: 0x8000015c (0xff96c183) lbu     gp, -7(a3)
core   0: 3 0x8000015c (0xff96c183) x 3 0x0000001a mem 0x8000dd61
core   0: 0x80000160 (0x00b68703) lb      a4, 11(a3)
core   0: 3 0x80000160 (0x00b68703) x14 0x00000028 mem 0x8000dd73
core   0: 0x80000164 (0x00001efd) c.addi  t4, -1
core   0: 3 0x80000164 (0x1efd) x29 0x00000008
core   0: 0x80000166 (0xff168da3) sb      a7, -5(a3)
core   0: 3 0x80000166 (0xff168da3) mem 0x8000dd63 0x2
core   0: 0x8000016a (0x01a3f8b3) and     a7, t2, s10
core   0: 3 0x8000016a (0x01a3f8b3) x17 0x00000000
core   0: 0x8000016e (0x020d4b33) div     s6, s10, zero
core   0: 3 0x8000016e (0x020d4b33) x22 0xffffffff
core   0: 0x80000172 (0x000042dc) c.lw    a5, 4(a3)
core   0: 3 0x80000172 (0x42dc) x15 0x24252627 mem 0x8000dd6c
core   0: 0x80000174 (0x00009d46) c.add   s10, a7
core   0: 3 0x80000174 (0x9d46) x26 0x0000000e
core   0: 0x80000176 (0x00008c41) c.or    s0, s0
core   0: 3 0x80000176 (0x8c41) x 8 0x00000070
core   0: 0x80000178 (0x01d2e133) or      sp, t0, t4
core   0: 3 0x80000178 (0x01d2e133) x 2 0xdaff9ecd
core   0: 0x8000017c (0xff76ca83) lbu     s5, -9(a3)
core   0: 3 0x8000017c (0xff76ca83) x21 0x00000014 mem 0x8000dd5f
core   0: 0x80000180 (0x00e27933) and     s2, tp, a4
core   0: 3 0x80000180 (0x00e27933) x18 0x00000000
core   0: 0x80000184 (0x872a6d93) ori     s11, s4, -1934
core   0: 3 0x80000184 (0x872a6d93) x27 0xfffffc76
core   0: 0x80000188 (0x01768223) sb      s7, 4(a3)
core   0: 3 0x80000188 (0x01768223) mem 0x8000dd6c 0x8
core   0: 0x8000018c (0xffa6c403) lbu     s0, -6(a3)
core   0: 3 0x8000018c (0xffa6c403) x 8 0x00000019 mem 0x8000dd62
core   0: 0x80000190 (0x0046a183) lw      gp, 4(a3)
core   0: 3 0x80000190 (0x0046a183) x 3 0x24252608 mem 0x8000dd6c
core   0: 0x80000194 (0x00008f31) c.xor   a4, a2
core   0: 3 0x80000194 (0x8f31) x14 0x00000028
core   0: 0x80000196 (0x00008ca9) c.xor   s1, a0
core   0: 3 0x80000196 (0x8ca9) x 9 0x80022e64
core   0: 0x80000198 (0x00568783) lb      a5, 5(a3)
core   0: 3 0x80000198 (0x00568783) x15 0x00000026 mem 0x8000dd6d
core   0: 0x8000019c (0x0026c603) lbu     a2, 2(a3)
core   0: 3 0x8000019c (0x0026c603) x12 0x00000021 mem 0x8000dd6a
core   0: 0x800001a0 (0x01629e33) sll     t3, t0, s6
core   0: 3 0x800001a0 (0x01629e33) x28 0x80000000
core   0: 0x800001a4 (0xfe669e23) sh      t1, -4(a3)
core   0: 3 0x800001a4 (0xfe669e23) mem 0x8000dd64 0x5859
core   0: 0x800001a8 (0xfea68ba3) sb      a0, -9(a3)
core   0: 3 0x800001a8 (0xfea68ba3) mem 0x8000dd5f 0x64
core   0: 0x800001ac (0x03966fb3) rem     t6, a2, s9
core   0: 3 0x800001ac (0x03966fb3) x31 0x00000003
core   0: 0x800001b0 (0xfff6c403) lbu     s0, -1(a3)
core   0: 3 0x800001b0 (0xfff6c403) x 8 0x0000001c mem 0x8000dd67
core   0: 0x800001b4 (0x02ec9b33) mulh    s6, s9, a4
core   0: 3 0x800001b4 (0x02ec9b33) x22 0x00000000
core   0: 0x800001b8 (0xffc6a803) lw      a6, -4(a3)
core   0: 3 0x800001b8 (0xffc6a803) x16 0x1c1d5859 mem 0x8000dd64
core   0: 0x800001bc (0x00006d59) c.lui   s10, 0x16
core   0: 3 0x800001bc (0x6d59) x26 0x00016000
core   0: 0x800001be (0x00e68603) lb      a2, 14(a3)
core   0: 3 0x800001be (0x00e68603) x12 0x0000002d mem 0x8000dd76
core   0: 0x800001c2 (0x00b6cc83) lbu     s9, 11(a3)
core   0: 3 0x800001c2 (0x00b6cc83) x25 0x00000028 mem 0x8000dd73
core   0: 0x800001c6 (0x00000001) c.nop
core   0: 3 0x800001c6 (0x0001)
core   0: 0x800001c8 (0xfe169f23) sh      ra, -2(a3)
core   0: 3 0x800001c8 (0xfe169f23) mem 0x8000dd66 0x009b
core   0: 0x800001cc (0x00a6cd03) lbu     s10, 10(a3)
core   0: 3 0x800001cc (0x00a6cd03) x26 0x00000029 mem 0x8000dd72
core   0: 0x800001d0 (0xff269483) lh      s1, -14(a3)
core   0: 3 0x800001d0 (0xff269483) x 9 0x00001011 mem 0x8000dd5a
core   0: 0x800001d4 (0x022312b3) mulh    t0, t1, sp
core   0: 3 0x800001d4 (0x022312b3) x 5 0xfffff33b
core   0: 0x800001d8 (0xfe5688a3) sb      t0, -15(a3)
core   0: 3 0x800001d8 (0xfe5688a3) mem 0x8000dd59 0x3b
core   0: 0x800001dc (0x00dc0eb3) add     t4, s8, a3
core   0: 3 0x800001dc (0x00dc0eb3) x29 0x0000dd68
core   0: 0x800001e0 (0x017ffdb3) and     s11, t6, s7
core   0: 3 0x800001e0 (0x017ffdb3) x27 0x00000000
core   0: 0x800001e4 (0x01269423) sh      s2, 8(a3)
core   0: 3 0x800001e4 (0x01269423) mem 0x8000dd70 0x0000
core   0: 0x800001e8 (0x000083a9) c.srli  a5, 10
core   0: 3 0x800001e8 (0x83a9) x15 0x00000000
core   0: 0x800001ea (0x00f683a3) sb      a5, 7(a3)
core   0: 3 0x800001ea (0x00f683a3) mem 0x8000dd6f 0x0
core   0: 0x800001ee (0xff968e83) lb      t4, -7(a3)
core   0: 3 0x800001ee (0xff968e83) x29 0x0000001a mem 0x8000dd61
core   0: 0x800001f2 (0x0133b7b3) sltu    a5, t2, s3
core   0: 3 0x800001f2 (0x0133b7b3) x15 0x00000001
core   0: 0x800001f6 (0x00008e2e) c.mv    t3, a1
core   0: 3 0x800001f6 (0x8e2e) x28 0x80026ce4
core   0: 0x800001f8 (0x0030ba33) sltu    s4, ra, gp
core   0: 3 0x800001f8 (0x0030ba33) x20 0x00000001
core   0: 0x800001fc (0x03f2d4b3) divu    s1, t0, t6
core   0: 3 0x800001fc (0x03f2d4b3) x 9 0x55555113
core   0: 0x80000200 (0x00004a84) c.lw    s1, 16(a3)
core   0: 3 0x80000200 (0x4a84) x 9 0x30313233 mem 0x8000dd78
core   0: 0x80000202 (0x00008e65) c.and   a2, s1
core   0: 3 0x80000202 (0x8e65) x12 0x00000021
core   0: 0x80000204 (0x00d68903) lb      s2, 13(a3)
core   0: 3 0x80000204 (0x00d68903) x18 0x0000002e mem 0x8000dd75
core   0: 0x80000208 (0x00001efd) c.addi  t4, -1
core   0: 3 0x80000208 (0x1efd) x29 0x00000019
core   0: 0x8000020a (0x01c6b4b3) sltu    s1, a3, t3
core   0: 3 0x8000020a (0x01c6b4b3) x 9 0x00000001
core   0: 0x8000020e (0x00000001) c.nop
core   0: 3 0x8000020e (0x0001)
core   0: 0x80000210 (0x00008085) c.srli  s1, 1
core   0: 3 0x80000210 (0x8085) x 9 0x00000000
core   0: 0x80000212 (0x00e6dd03) lhu     s10, 14(a3)
core   0: 3 0x80000212 (0x00e6dd03) x26 0x00002c2d mem 0x8000dd76
core   0: 0x80000216 (0xfee68a23) sb      a4, -12(a3)
core   0: 3 0x80000216 (0xfee68a23) mem 0x8000dd5c 0x28
core   0: 0x8000021a (0x0094b033) sltu    zero, s1, s1
core   0: 3 0x8000021a (0x0094b033)
core   0: 0x8000021e (0xffe6d303) lhu     t1, -2(a3)
core   0: 3 0x8000021e (0xffe6d303) x 6 0x0000009b mem 0x8000dd66
core   0: 0x80000222 (0x0001a117) auipc   sp, 0x1a
core   0: 3 0x80000222 (0x0001a117) x 2 0x8001a222
core   0: 0x80000226 (0x7eb10113) addi    sp, sp, 2027
core   0: 3 0x80000226 (0x7eb10113) x 2 0x8001aa0d
core   0: 0x8000022a (0xfc9115a3) sh      s1, -53(sp)
core   0: 3 0x8000022a (0xfc9115a3) mem 0x8001a9d8 0x0000
core   0: 0x8000022e (0x00008c7d) c.and   s0, a5
core   0: 3 0x8000022e (0x8c7d) x 8 0x00000000
core   0: 0x80000230 (0x000b76b3) and     a3, s6, zero
core   0: 3 0x80000230 (0x000b76b3) x13 0x00000000
core   0: 0x80000234 (0x5ff106a3) sb      t6, 1517(sp)
core   0: 3 0x80000234 (0x5ff106a3) mem 0x8001affa 0x3
core   0: 0x80000238 (0xc4c10603) lb      a2, -948(sp)
core   0: 3 0x80000238 (0xc4c10603) x12 0x00000012 mem 0x8001a659
core   0: 0x8000023c (0x37a10c03) lb      s8, 890(sp)
core   0: 3 0x8000023c (0x37a10c03) x24 0x0000003c mem 0x8001ad87
core   0: 0x80000240 (0x968e6a13) ori     s4, t3, -1688
core   0: 3 0x80000240 (0x968e6a13) x20 0xfffffdec
core   0: 0x80000244 (0x000041b5) c.li    gp, 13
core   0: 3 0x80000244 (0x41b5) x 3 0x0000000d
core   0: 0x80000246 (0x0386bf33) mulhu   t5, a3, s8
core   0: 3 0x80000246 (0x0386bf33) x30 0x00000000
core   0: 0x8000024a (0x00009186) c.add   gp, ra
core   0: 3 0x8000024a (0x9186) x 3 0x000000a8
core   0: 0x8000024c (0x0000032e) c.slli  t1, 11
core   0: 3 0x8000024c (0x032e) x 6 0x0004d800
core   0: 0x8000024e (0x00e14183) lbu     gp, 14(sp)
core   0: 3 0x8000024e (0x00e14183) x 3 0x000000d0 mem 0x8001aa1b
core   0: 0x80000252 (0x4a514c03) lbu     s8, 1189(sp)
core   0: 3 0x80000252 (0x4a514c03) x24 0x00000069 mem 0x8001aeb2
core   0: 0x80000256 (0x17f10f23) sb      t6, 382(sp)
core   0: 3 0x80000256 (0x17f10f23) mem 0x8001ab8b 0x3
core   0: 0x8000025a (0x00004d55) c.li    s10, 21
core   0: 3 0x8000025a (0x4d55) x26 0x00000015
core   0: 0x8000025c (0x03d95bb3) divu    s7, s2, t4
core   0: 3 0x8000025c (0x03d95bb3) x23 0x00000001
core   0: 0x80000260 (0x014e19b3) sll     s3, t3, s4
core   0: 3 0x80000260 (0x014e19b3) x19 0x26ce4000
core   0: 0x80000264 (0x87910823) sb      s9, -1936(sp)
core   0: 3 0x80000264 (0x87910823) mem 0x8001a27d 0x28
core   0: 0x80000268 (0xf2c10d03) lb      s10, -212(sp)
core   0: 3 0x80000268 (0xf2c10d03) x26 0xfffffff2 mem 0x8001a939
core   0: 0x8000026c (0x01425f33) srl     t5, tp, s4
core   0: 3 0x8000026c (0x01425f33) x30 0x00000000
core   0: 0x80000270 (0x1a810d83) lb      s11, 424(sp)
core   0: 3 0x80000270 (0x1a810d83) x27 0x0000006e mem 0x8001abb5
core   0: 0x80000274 (0x84d14783) lbu     a5, -1971(sp)
core   0: 3 0x80000274 (0x84d14783) x15 0x00000011 mem 0x8001a25a
core   0: 0x80000278 (0x0e414a83) lbu     s5, 228(sp)
core   0: 3 0x80000278 (0x0e414a83) x21 0x000000aa mem 0x8001aaf1
core   0: 0x8000027c (0x00010297) auipc   t0, 0x10
core   0: 3 0x8000027c (0x00010297) x 5 0x8001027c
core   0: 0x80000280 (0x1c228293) addi    t0, t0, 450
core   0: 3 0x80000280 (0x1c228293) x 5 0x8001043e
core   0: 0x80000284 (0x0812cf03) lbu     t5, 129(t0)
core   0: 3 0x80000284 (0x0812cf03) x30 0x00000074 mem 0x800104bf
core   0: 0x80000288 (0x7bcbaf13) slti    t5, s7, 1980
core   0: 3 0x80000288 (0x7bcbaf13) x30 0x00000001
core   0: 0x8000028c (0x01cc67b3) or      a5, s8, t3
core   0: 3 0x8000028c (0x01cc67b3) x15 0x80026ced
core   0: 0x80000290 (0x000008a5) c.addi  a7, 9
core   0: 3 0x80000290 (0x08a5) x17 0x00000009
core   0: 0x80000292 (0x418908b3) sub     a7, s2, s8
core   0: 3 0x80000292 (0x418908b3) x17 0xffffffc5
core   0: 0x80000296 (0x03eb4ab3) div     s5, s6, t5
core   0: 3 0x80000296 (0x03eb4ab3) x21 0x00000000
core   0: 0x8000029a (0x01ada333) slt     t1, s11, s10
core   0: 3 0x8000029a (0x01ada333) x 6 0x00000000
core   0: 0x8000029e (0x00008495) c.srai  s1, 5
core   0: 3 0x8000029e (0x8495) x 9 0x00000000
core   0: 0x800002a0 (0x403c83b3) sub     t2, s9, gp
core   0: 3 0x800002a0 (0x403c83b3) x 7 0xffffff58
core   0: 0x800002a4 (0x12494a13) xori    s4, s2, 292
core   0: 3 0x800002a4 (0x12494a13) x20 0x0000010a
core   0: 0x800002a8 (0x02a29783) lh      a5, 42(t0)
core   0: 3 0x800002a8 (0x02a29783) x15 0x00002223 mem 0x80010468
core   0: 0x800002ac (0xfd42d803) lhu     a6, -44(t0)
core   0: 3 0x800002ac (0xfd42d803) x16 0x0000c8c9 mem 0x80010412
core   0: 0x800002b0 (0x0000100f) fence.i
core   0: 3 0x800002b0 (0x0000100f)
core   0: 0x800002b4 (0x0da2c803) lbu     a6, 218(t0)
core   0: 3 0x800002b4 (0x0da2c803) x16 0x000000d3 mem 0x80010518
core   0: 0x800002b8 (0xff52c303) lbu     t1, -11(t0)
core   0: 3 0x800002b8 (0xff52c303) x 6 0x000000e8 mem 0x80010433
core   0: 0x800002bc (0xf842cf03) lbu     t5, -124(t0)
core   0: 3 0x800002bc (0xf842cf03) x30 0x00000079 mem 0x800103c2
core   0: 0x800002c0 (0x000067ad) c.lui   a5, 0xb
core   0: 3 0x800002c0 (0x67ad) x15 0x0000b000
core   0: 0x800002c2 (0x014b9193) slli    gp, s7, 20
core   0: 3 0x800002c2 (0x014b9193) x 3 0x00100000
core   0: 0x800002c6 (0x011e7db3) and     s11, t3, a7
core   0: 3 0x800002c6 (0x011e7db3) x27 0x80026cc4
core   0: 0x800002ca (0x01229083) lh      ra, 18(t0)
core   0: 3 0x800002ca (0x01229083) x 1 0x00000a0b mem 0x80010450
core   0: 0x800002ce (0x03b1ad33) mulhsu  s10, gp, s11
core   0: 3 0x800002ce (0x03b1ad33) x26 0x00080026
core   0: 0x800002d2 (0xf9629b03) lh      s6, -106(t0)
core   0: 3 0x800002d2 (0xf9629b03) x22 0xffff8e8f mem 0x800103d4
core   0: 0x800002d6 (0x0eb282a3) sb      a1, 229(t0)
core   0: 3 0x800002d6 (0x0eb282a3) mem 0x80010523 0xe4
core   0: 0x800002da (0x400ad833) sra     a6, s5, zero
core   0: 3 0x800002da (0x400ad833) x16 0x00000000
core   0: 0x800002de (0x00006d85) c.lui   s11, 0x1
core   0: 3 0x800002de (0x6d85) x27 0x00001000
core   0: 0x800002e0 (0xf282d903) lhu     s2, -216(t0)
core   0: 3 0x800002e0 (0xf282d903) x18 0x00001c1d mem 0x80010366
core   0: 0x800002e4 (0x0000071c) c.addi4spn a5, sp, 896
core   0: 3 0x800002e4 (0x071c) x15 0x8001ad8d
core   0: 0x800002e6 (0xf192c483) lbu     s1, -231(t0)
core   0: 3 0x800002e6 (0xf192c483) x 9 0x0000000c mem 0x80010357
core   0: 0x800002ea (0x06928303) lb      t1, 105(t0)
core   0: 3 0x800002ea (0x06928303) x 6 0x0000005c mem 0x800104a7
core   0: 0x800002ee (0xa953e793) ori     a5, t2, -1387
core   0: 3 0x800002ee (0xa953e793) x15 0xffffffdd
core   0: 0x800002f2 (0x41d7d113) srai    sp, a5, 29
core   0: 3 0x800002f2 (0x41d7d113) x 2 0xffffffff
core   0: 0x800002f6 (0x01c2d633) srl     a2, t0, t3
core   0: 3 0x800002f6 (0x01c2d633) x12 0x08001043
core   0: 0x800002fa (0x0a0289a3) sb      zero, 179(t0)
core   0: 3 0x800002fa (0x0a0289a3) mem 0x800104f1 0x0
core   0: 0x800002fe (0x08128e23) sb      ra, 156(t0)
core   0: 3 0x800002fe (0x08128e23) mem 0x800104da 0xb
core   0: 0x80000302 (0x0016d733) srl     a4, a3, ra
core   0: 3 0x80000302 (0x0016d733) x14 0x00000000
core   0: 0x80000306 (0x02f57b33) remu    s6, a0, a5
core   0: 3 0x80000306 (0x02f57b33) x22 0x80022e64
core   0: 0x8000030a (0x01f897b3) sll     a5, a7, t6
core   0: 3 0x8000030a (0x01f897b3) x15 0xfffffe28
core   0: 0x8000030e (0x01a708b3) add     a7, a4, s10
core   0: 3 0x8000030e (0x01a708b3) x17 0x00080026
core   0: 0x80000312 (0x0de28603) lb      a2, 222(t0)
core   0: 3 0x80000312 (0x0de28603) x12 0xffffffd7 mem 0x8001051c
core   0: 0x80000316 (0xfa928823) sb      s1, -80(t0)
core   0: 3 0x80000316 (0xfa928823) mem 0x800103ee 0xc
core   0: 0x8000031a (0xf732c603) lbu     a2, -141(t0)
core   0: 3 0x8000031a (0xf732c603) x12 0x0000006a mem 0x800103b1
core   0: 0x8000031e (0x0b02c083) lbu     ra, 176(t0)
core   0: 3 0x8000031e (0x0b02c083) x 1 0x000000a5 mem 0x800104ee
core   0: 0x80000322 (0xf8f28383) lb      t2, -113(t0)
core   0: 3 0x80000322 (0xf8f28383) x 7 0xffffff86 mem 0x800103cd
core   0: 0x80000326 (0x01b773b3) and     t2, a4, s11
core   0: 3 0x80000326 (0x01b773b3) x 7 0x00000000
core   0: 0x8000032a (0x58fed317) auipc   t1, 0x58fed
core   0: 3 0x8000032a (0x58fed317) x 6 0xd8fed32a
core   0: 0x8000032e (0xf4b28083) lb      ra, -181(t0)
core   0: 3 0x8000032e (0xf4b28083) x 1 0x00000042 mem 0x80010389
core   0: 0x80000332 (0x0001b117) auipc   sp, 0x1b
core   0: 3 0x80000332 (0x0001b117) x 2 0x8001b332
core   0: 0x80000336 (0xe2a10113) addi    sp, sp, -470
core   0: 3 0x80000336 (0xe2a10113) x 2 0x8001b15c
core   0: 0x8000033a (0x03274933) div     s2, a4, s2
core   0: 3 0x8000033a (0x03274933) x18 0x00000000
core   0: 0x8000033e (0x00000001) c.nop
core   0: 3 0x8000033e (0x0001)
core   0: 0x80000340 (0xfdd107a3) sb      t4, -49(sp)
core   0: 3 0x80000340 (0xfdd107a3) mem 0x8001b12b 0x19
core   0: 0x80000344 (0x00b56d33) or      s10, a0, a1
core   0: 3 0x80000344 (0x00b56d33) x26 0x80026ee4
core   0: 0x80000348 (0x08310903) lb      s2, 131(sp)
core   0: 3 0x80000348 (0x08310903) x18 0xffffff94 mem 0x8001b1df
core   0: 0x8000034c (0x0b814183) lbu     gp, 184(sp)
core   0: 3 0x8000034c (0x0b814183) x 3 0x000000cf mem 0x8001b214
core   0: 0x80000350 (0x0000100f) fence.i
core   0: 3 0x80000350 (0x0000100f)
core   0: 0x80000354 (0x02a3ea33) rem     s4, t2, a0
core   0: 3 0x80000354 (0x02a3ea33) x20 0x00000000
core   0: 0x80000358 (0x000091de) c.add   gp, s7
core   0: 3 0x80000358 (0x91de) x 3 0x000000d0
core   0: 0x8000035a (0x0da14d83) lbu     s11, 218(sp)
core   0: 3 0x8000035a (0x0da14d83) x27 0x000000ed mem 0x8001b236
core   0: 0x8000035e (0x00f4ebb3) or      s7, s1, a5
core   0: 3 0x8000035e (0x00f4ebb3) x23 0xfffffe2c
core   0: 0x80000362 (0x015107a3) sb      s5, 15(sp)
core   0: 3 0x80000362 (0x015107a3) mem 0x8001b16b 0x0
core   0: 0x80000366 (0x00dadab3) srl     s5, s5, a3
core   0: 3 0x80000366 (0x00dadab3) x21 0x00000000
core   0: 0x8000036a (0x0ff0000f) fence   iorw,iorw
core   0: 3 0x8000036a (0x0ff0000f)
core   0: 0x8000036e (0x0000ccd6) c.swsp  s5, 88(sp)
core   0: 3 0x8000036e (0xccd6) mem 0x8001b1b4 0x00000000
core   0: 0x80000370 (0xe519e793) ori     a5, s3, -431
core   0: 3 0x80000370 (0xe519e793) x15 0xfffffe51
core   0: 0x80000374 (0xf02106a3) sb      sp, -243(sp)
core   0: 3 0x80000374 (0xf02106a3) mem 0x8001b069 0x5c
core   0: 0x80000378 (0x3e6d8897) auipc   a7, 0x3e6d8
core   0: 3 0x80000378 (0x3e6d8897) x17 0xbe6d8378
core   0: 0x8000037c (0xf3214c03) lbu     s8, -206(sp)
core   0: 3 0x8000037c (0xf3214c03) x24 0x00000045 mem 0x8001b08e
core   0: 0x80000380 (0x009791b3) sll     gp, a5, s1
core   0: 3 0x80000380 (0x009791b3) x 3 0xffe51000
core   0: 0x80000384 (0x05d10003) lb      zero, 93(sp)
core   0: 3 0x80000384 (0x05d10003) mem 0x8001b1b9
core   0: 0x80000388 (0x4030dd33) sra     s10, ra, gp
core   0: 3 0x80000388 (0x4030dd33) x26 0x00000042
core   0: 0x8000038c (0xf7815b03) lhu     s6, -136(sp)
core   0: 3 0x8000038c (0xf7815b03) x22 0x00008e8f mem 0x8001b0d4
core   0: 0x80000390 (0x00008f0d) c.sub   a4, a1
core   0: 3 0x80000390 (0x8f0d) x14 0x7ffd931c
core   0: 0x80000392 (0x03926033) rem     zero, tp, s9
core   0: 3 0x80000392 (0x03926033)
core   0: 0x80000396 (0x0069f633) and     a2, s3, t1
core   0: 3 0x80000396 (0x0069f633) x12 0x00ce4000
core   0: 0x8000039a (0x03147833) remu    a6, s0, a7
core   0: 3 0x8000039a (0x03147833) x16 0x00000000
core   0: 0x8000039e (0xffc14183) lbu     gp, -4(sp)
core   0: 3 0x8000039e (0xffc14183) x 3 0x00000013 mem 0x8001b158
core   0: 0x800003a2 (0xf6b14483) lbu     s1, -149(sp)
core   0: 3 0x800003a2 (0xf6b14483) x 9 0x0000007c mem 0x8001b0c7
core   0: 0x800003a6 (0x00000eea) c.slli  t4, 26
core   0: 3 0x800003a6 (0x0eea) x29 0x64000000
core   0: 0x800003a8 (0x00000001) c.nop
core   0: 3 0x800003a8 (0x0001)
core   0: 0x800003aa (0xfb910b83) lb      s7, -71(sp)
core   0: 3 0x800003aa (0xfb910b83) x23 0xffffffce mem 0x8001b115
core   0: 0x800003ae (0x0000e117) auipc   sp, 0xe
core   0: 3 0x800003ae (0x0000e117) x 2 0x8000e3ae
core   0: 0x800003b2 (0xb3d10113) addi    sp, sp, -1219
core   0: 3 0x800003b2 (0xb3d10113) x 2 0x8000deeb
core   0: 0x800003b6 (0xb242c197) auipc   gp, 0xb242c
core   0: 3 0x800003b6 (0xb242c197) x 3 0x3242c3b6
core   0: 0x800003ba (0x007fad33) slt     s10, t6, t2
core   0: 3 0x800003ba (0x007fad33) x26 0x00000000
core   0: 0x800003be (0x00008cad) c.xor   s1, a1
core   0: 3 0x800003be (0x8cad) x 9 0x80026c98
core   0: 0x800003c0 (0xfb115303) lhu     t1, -79(sp)
core   0: 3 0x800003c0 (0xfb115303) x 6 0x00005657 mem 0x8000de9c
core   0: 0x800003c4 (0xf9910403) lb      s0, -103(sp)
core   0: 3 0x800003c4 (0xf9910403) x 8 0x0000003f mem 0x8000de84
core   0: 0x800003c8 (0x00009946) c.add   s2, a7
core   0: 3 0x800003c8 (0x9946) x18 0xbe6d830c
core   0: 0x800003ca (0xfbb11783) lh      a5, -69(sp)
core   0: 3 0x800003ca (0xfbb11783) x15 0x00005c5d mem 0x8000dea6
core   0: 0x800003ce (0xf1814183) lbu     gp, -232(sp)
core   0: 3 0x800003ce (0xf1814183) x 3 0x000000b8 mem 0x8000de03
core   0: 0x800003d2 (0x000087f1) c.srai  a5, 28
core   0: 3 0x800003d2 (0x87f1) x15 0x00000000
core   0: 0x800003d4 (0x022280b3) mul     ra, t0, sp
core   0: 3 0x800003d4 (0x022280b3) x 1 0x629ca8ea
core   0: 0x800003d8 (0x025b3733) mulhu   a4, s6, t0
core   0: 3 0x800003d8 (0x025b3733) x14 0x00004748
core   0: 0x800003dc (0xf4214683) lbu     a3, -190(sp)
core   0: 3 0x800003dc (0xf4214683) x13 0x000000e6 mem 0x8000de2d
core   0: 0x800003e0 (0xf6110da3) sb      ra, -133(sp)
core   0: 3 0x800003e0 (0xf6110da3) mem 0x8000de66 0xea
core   0: 0x800003e4 (0xd5b7c913) xori    s2, a5, -677
core   0: 3 0x800003e4 (0xd5b7c913) x18 0xfffffd5b
core   0: 0x800003e8 (0xfe410a83) lb      s5, -28(sp)
core   0: 3 0x800003e8 (0xfe410a83) x21 0xffffff84 mem 0x8000decf
core   0: 0x800003ec (0x00881493) slli    s1, a6, 8
core   0: 3 0x800003ec (0x00881493) x 9 0x00000000
core   0: 0x800003f0 (0x00008cad) c.xor   s1, a1
core   0: 3 0x800003f0 (0x8cad) x 9 0x80026ce4
core   0: 0x800003f2 (0xf2714303) lbu     t1, -217(sp)
core   0: 3 0x800003f2 (0xf2714303) x 6 0x000000c9 mem 0x8000de12
core   0: 0x800003f6 (0xd047e093) ori     ra, a5, -764
core   0: 3 0x800003f6 (0xd047e093) x 1 0xfffffd04
core   0: 0x800003fa (0xf23f0993) addi    s3, t5, -221
core   0: 3 0x800003fa (0xf23f0993) x19 0xffffff9c
core   0: 0x800003fe (0x038c1933) mulh    s2, s8, s8
core   0: 3 0x800003fe (0x038c1933) x18 0x00000000
core   0: 0x80000402 (0x41df5d93) srai    s11, t5, 29
core   0: 3 0x80000402 (0x41df5d93) x27 0x00000000
core   0: 0x80000406 (0xfe910ca3) sb      s1, -7(sp)
core   0: 3 0x80000406 (0xfe910ca3) mem 0x8000dee4 0xe4
core   0: 0x8000040a (0x0377f633) remu    a2, a5, s7
core   0: 3 0x8000040a (0x0377f633) x12 0x00000000
core   0: 0x8000040e (0xf0c14283) lbu     t0, -244(sp)
core   0: 3 0x8000040e (0xf0c14283) x 5 0x000000ac mem 0x8000ddf7
core   0: 0x80000412 (0x00f112a3) sh      a5, 5(sp)
core   0: 3 0x80000412 (0x00f112a3) mem 0x8000def0 0x0000
core   0: 0x80000416 (0x0ff0000f) fence   iorw,iorw
core   0: 3 0x80000416 (0x0ff0000f)
core   0: 0x8000041a (0xf2311003) lh      zero, -221(sp)
core   0: 3 0x8000041a (0xf2311003) mem 0x8000de0e
core   0: 0x8000041e (0xf9410f03) lb      t5, -108(sp)
core   0: 3 0x8000041e (0xf9410f03) x30 0x00000034 mem 0x8000de7f
core   0: 0x80000422 (0x05210323) sb      s2, 70(sp)
core   0: 3 0x80000422 (0x05210323) mem 0x8000df31 0x0
core   0: 0x80000426 (0x01d45093) srli    ra, s0, 29
core   0: 3 0x80000426 (0x01d45093) x 1 0x00000000
core   0: 0x8000042a (0x0332a1b3) mulhsu  gp, t0, s3
core   0: 3 0x8000042a (0x0332a1b3) x 3 0x000000ab
core   0: 0x8000042e (0x58573fb7) lui     t6, 0x58573
core   0: 3 0x8000042e (0x58573fb7) x31 0x58573000
core   0: 0x80000432 (0x00004ed9) c.li    t4, 22
core   0: 3 0x80000432 (0x4ed9) x29 0x00000016
core   0: 0x80000434 (0x000084dd) c.srai  s1, 23
core   0: 3 0x80000434 (0x84dd) x 9 0xffffff00
core   0: 0x80000436 (0x03366d33) rem     s10, a2, s3
core   0: 3 0x80000436 (0x03366d33) x26 0x00000000
core   0: 0x8000043a (0x0cf10c23) sb      a5, 216(sp)
core   0: 3 0x8000043a (0x0cf10c23) mem 0x8000dfc3 0x0
core   0: 0x8000043e (0xf8814803) lbu     a6, -120(sp)
core   0: 3 0x8000043e (0xf8814803) x16 0x00000028 mem 0x8000de73
core   0: 0x80000442 (0xfd5101a3) sb      s5, -61(sp)
core   0: 3 0x80000442 (0xfd5101a3) mem 0x8000deae 0x84
core   0: 0x80000446 (0x0000d117) auipc   sp, 0xd
core   0: 3 0x80000446 (0x0000d117) x 2 0x8000d446
core   0: 0x8000044a (0x1d710113) addi    sp, sp, 471
core   0: 3 0x8000044a (0x1d710113) x 2 0x8000d61d
core   0: 0x8000044e (0x00000baa) c.slli  s7, 10
core   0: 3 0x8000044e (0x0baa) x23 0xffff3800
core   0: 0x80000450 (0x02379833) mulh    a6, a5, gp
core   0: 3 0x80000450 (0x02379833) x16 0x00000000
core   0: 0x80000454 (0x00000001) c.nop
core   0: 3 0x80000454 (0x0001)
core   0: 0x80000456 (0x000091ea) c.add   gp, s10
core   0: 3 0x80000456 (0x91ea) x 3 0x000000ab
core   0: 0x80000458 (0x00c14883) lbu     a7, 12(sp)
core   0: 3 0x80000458 (0x00c14883) x17 0x000000e2 mem 0x8000d629
core   0: 0x8000045c (0x00f31f93) slli    t6, t1, 15
core   0: 3 0x8000045c (0x00f31f93) x31 0x00648000
core   0: 0x80000460 (0xb3e28017) auipc   zero, 0xb3e28
core   0: 3 0x80000460 (0xb3e28017)
core   0: 0x80000464 (0xff110703) lb      a4, -15(sp)
core   0: 3 0x80000464 (0xff110703) x14 0xffffffc5 mem 0x8000d60e
core   0: 0x80000468 (0x000adb33) srl     s6, s5, zero
core   0: 3 0x80000468 (0x000adb33) x22 0xffffff84
core   0: 0x8000046c (0x00010603) lb      a2, 0(sp)
core   0: 3 0x8000046c (0x00010603) x12 0xffffffd6 mem 0x8000d61d
core   0: 0x80000470 (0xff715e83) lhu     t4, -9(sp)
core   0: 3 0x80000470 (0xff715e83) x29 0x0000cecf mem 0x8000d614
core   0: 0x80000474 (0x00712303) lw      t1, 7(sp)
core   0: 3 0x80000474 (0x00712303) x 6 0xdcdddedf mem 0x8000d624
core   0: 0x80000478 (0x00414283) lbu     t0, 4(sp)
core   0: 3 0x80000478 (0x00414283) x 5 0x000000da mem 0x8000d621
core   0: 0x8000047c (0xff411ea3) sh      s4, -3(sp)
core   0: 3 0x8000047c (0xff411ea3) mem 0x8000d61a 0x0000
core   0: 0x80000480 (0x01b10123) sb      s11, 2(sp)
core   0: 3 0x80000480 (0x01b10123) mem 0x8000d61f 0x0
core   0: 0x80000484 (0xd069bc93) sltiu   s9, s3, -762
core   0: 3 0x80000484 (0xd069bc93) x25 0x00000000
core   0: 0x80000488 (0x012115a3) sh      s2, 11(sp)
core   0: 3 0x80000488 (0x012115a3) mem 0x8000d628 0x0000
core   0: 0x8000048c (0x00008c59) c.or    s0, a4
core   0: 3 0x8000048c (0x8c59) x 8 0xffffffff
core   0: 0x8000048e (0x00008c11) c.sub   s0, a2
core   0: 3 0x8000048e (0x8c11) x 8 0x00000029
core   0: 0x80000490 (0xff4108a3) sb      s4, -15(sp)
core   0: 3 0x80000490 (0xff4108a3) mem 0x8000d60e 0x0
core   0: 0x80000494 (0x033c0f33) mul     t5, s8, s3
core   0: 3 0x80000494 (0x033c0f33) x30 0xffffe50c
core   0: 0x80000498 (0x01014083) lbu     ra, 16(sp)
core   0: 3 0x80000498 (0x01014083) x 1 0x000000e6 mem 0x8000d62d
core   0: 0x8000049c (0x00710083) lb      ra, 7(sp)
core   0: 3 0x8000049c (0x00710083) x 1 0xffffffdf mem 0x8000d624
core   0: 0x800004a0 (0x02e6d333) divu    t1, a3, a4
core   0: 3 0x800004a0 (0x02e6d333) x 6 0x00000000
core   0: 0x800004a4 (0x00008fb9) c.xor   a5, a4
core   0: 3 0x800004a4 (0x8fb9) x15 0xffffffc5
core   0: 0x800004a6 (0x01512f33) slt     t5, sp, s5
core   0: 3 0x800004a6 (0x01512f33) x30 0x00000001
core   0: 0x800004aa (0xfe212ba3) sw      sp, -9(sp)
core   0: 3 0x800004aa (0xfe212ba3) mem 0x8000d614 0x8000d61d
core   0: 0x800004ae (0x0000ef97) auipc   t6, 0xe
core   0: 3 0x800004ae (0x0000ef97) x31 0x8000e4ae
core   0: 0x800004b2 (0xacef8f93) addi    t6, t6, -1330
core   0: 3 0x800004b2 (0xacef8f93) x31 0x8000df7c
core   0: 0x800004b6 (0xb4ef8703) lb      a4, -1202(t6)
core   0: 3 0x800004b6 (0xb4ef8703) x14 0xffffff81 mem 0x8000daca
core   0: 0x800004ba (0x4f33f193) andi    gp, t2, 1267
core   0: 3 0x800004ba (0x4f33f193) x 3 0x00000000
core   0: 0x800004be (0xf53fc103) lbu     sp, -173(t6)
core   0: 3 0x800004be (0xf53fc103) x 2 0x00000084 mem 0x8000decf
core   0: 0x800004c2 (0x864f8da3) sb      tp, -1925(t6)
core   0: 3 0x800004c2 (0x864f8da3) mem 0x8000d7f7 0x0
core   0: 0x800004c6 (0x00fc5613) srli    a2, s8, 15
core   0: 3 0x800004c6 (0x00fc5613) x12 0x00000000
core   0: 0x800004ca (0xd04fc683) lbu     a3, -764(t6)
core   0: 3 0x800004ca (0xd04fc683) x13 0x0000003b mem 0x8000dc80
core   0: 0x800004ce (0x01a99d93) slli    s11, s3, 26
core   0: 3 0x800004ce (0x01a99d93) x27 0x70000000
core   0: 0x800004d2 (0x05efd883) lhu     a7, 94(t6)
core   0: 3 0x800004d2 (0x05efd883) x17 0x00009091 mem 0x8000dfda
core   0: 0x800004d6 (0xe02f8ca3) sb      sp, -487(t6)
core   0: 3 0x800004d6 (0xe02f8ca3) mem 0x8000dd95 0x84
core   0: 0x800004da (0x70a36713) ori     a4, t1, 1802
core   0: 3 0x800004da (0x70a36713) x14 0x0000070a
core   0: 0x800004de (0x0156de13) srli    t3, a3, 21
core   0: 3 0x800004de (0x0156de13) x28 0x00000000
core   0: 0x800004e2 (0x00e516b3) sll     a3, a0, a4
core   0: 3 0x800004e2 (0x00e516b3) x13 0x08b99000
core   0: 0x800004e6 (0x0000869e) c.mv    a3, t2
core   0: 3 0x800004e6 (0x869e) x13 0x00000000
core   0: 0x800004e8 (0xfa0f8683) lb      a3, -96(t6)
core   0: 3 0x800004e8 (0xfa0f8683) x13 0xffffffd7 mem 0x8000df1c
core   0: 0x800004ec (0x904fa003) lw      zero, -1788(t6)
core   0: 3 0x800004ec (0x904fa003) mem 0x8000d880
core   0: 0x800004f0 (0x0000948a) c.add   s1, sp
core   0: 3 0x800004f0 (0x948a) x 9 0xffffff84
core   0: 0x800004f2 (0xaccf8b23) sb      a2, -1322(t6)
core   0: 3 0x800004f2 (0xaccf8b23) mem 0x8000da52 0x0
core   0: 0x800004f6 (0x021feeb3) rem     t4, t6, ra
core   0: 3 0x800004f6 (0x021feeb3) x29 0xfffffff4
core   0: 0x800004fa (0x00032833) slt     a6, t1, zero
core   0: 3 0x800004fa (0x00032833) x16 0x00000000
core   0: 0x800004fe (0xc8dfc483) lbu     s1, -883(t6)
core   0: 3 0x800004fe (0xc8dfc483) x 9 0x000000c2 mem 0x8000dc09
core   0: 0x80000502 (0x842fc403) lbu     s0, -1982(t6)
core   0: 3 0x80000502 (0x842fc403) x 8 0x00000075 mem 0x8000d7be
core   0: 0x80000506 (0xdef559b7) lui     s3, 0xdef55
core   0: 3 0x80000506 (0xdef559b7) x19 0xdef55000
core   0: 0x8000050a (0xd7f1c837) lui     a6, 0xd7f1c
core   0: 3 0x8000050a (0xd7f1c837) x16 0xd7f1c000
core   0: 0x8000050e (0xc6dfc103) lbu     sp, -915(t6)
core   0: 3 0x8000050e (0xc6dfc103) x 2 0x000000a2 mem 0x8000dbe9
core   0: 0x80000512 (0xa0ef80a3) sb      a4, -1535(t6)
core   0: 3 0x80000512 (0xa0ef80a3) mem 0x8000d97d 0xa
core   0: 0x80000516 (0x02bef4b3) remu    s1, t4, a1
core   0: 3 0x80000516 (0x02bef4b3) x 9 0x7ffd9310
core   0: 0x8000051a (0x63eaf713) andi    a4, s5, 1598
core   0: 3 0x8000051a (0x63eaf713) x14 0x00000604
core   0: 0x8000051e (0xddffc183) lbu     gp, -545(t6)
core   0: 3 0x8000051e (0xddffc183) x 3 0x00000010 mem 0x8000dd5b
core   0: 0x80000522 (0xd86e0793) addi    a5, t3, -634
core   0: 3 0x80000522 (0xd86e0793) x15 0xfffffd86
core   0: 0x80000526 (0xa37fc983) lbu     s3, -1481(t6)
core   0: 3 0x80000526 (0xa37fc983) x19 0x00000068 mem 0x8000d9b3
core   0: 0x8000052a (0x0000100f) fence.i
core   0: 3 0x8000052a (0x0000100f)
core   0: 0x8000052e (0xabefc103) lbu     sp, -1346(t6)
core   0: 3 0x8000052e (0xabefc103) x 2 0x000000f1 mem 0x8000da3a
core   0: 0x80000532 (0x035fd433) divu    s0, t6, s5
core   0: 3 0x80000532 (0x035fd433) x 8 0x00000000
core   0: 0x80000536 (0x00a6de93) srli    t4, a3, 10
core   0: 3 0x80000536 (0x00a6de93) x29 0x003fffff
core   0: 0x8000053a (0xa9bf8803) lb      a6, -1381(t6)
core   0: 3 0x8000053a (0xa9bf8803) x16 0xffffffcc mem 0x8000da17
core   0: 0x8000053e (0x00a2b2b3) sltu    t0, t0, a0
core   0: 3 0x8000053e (0x00a2b2b3) x 5 0x00000001
core   0: 0x80000542 (0x00004ef5) c.li    t4, 29
core   0: 3 0x80000542 (0x4ef5) x29 0x0000001d
core   0: 0x80000544 (0xa76fa423) sw      s6, -1432(t6)
core   0: 3 0x80000544 (0xa76fa423) mem 0x8000d9e4 0xffffff84
core   0: 0x80000548 (0x9c9f8b83) lb      s7, -1591(t6)
core   0: 3 0x80000548 (0x9c9f8b83) x23 0xfffffffe mem 0x8000d945
core   0: 0x8000054c (0x0000d897) auipc   a7, 0xd
core   0: 3 0x8000054c (0x0000d897) x17 0x8000d54c
core   0: 0x80000550 (0x0bc88893) addi    a7, a7, 188
core   0: 3 0x80000550 (0x0bc88893) x17 0x8000d608
core   0: 0x80000554 (0x037ddd33) divu    s10, s11, s7
core   0: 3 0x80000554 (0x037ddd33) x26 0x00000000
core   0: 0x80000558 (0x00006f61) c.lui   t5, 0x18
core   0: 3 0x80000558 (0x6f61) x30 0x00018000
core   0: 0x8000055a (0x01388c23) sb      s3, 24(a7)
core   0: 3 0x8000055a (0x01388c23) mem 0x8000d620 0x68
core   0: 0x8000055e (0xd318c313) xori    t1, a7, -719
core   0: 3 0x8000055e (0xd318c313) x 6 0x7fff2b39
core   0: 0x80000562 (0x0a18cf83) lbu     t6, 161(a7)
core   0: 3 0x80000562 (0x0a18cf83) x31 0x00000062 mem 0x8000d6a9
core   0: 0x80000566 (0xfa2885a3) sb      sp, -85(a7)
core   0: 3 0x80000566 (0xfa2885a3) mem 0x8000d5b3 0xf1
core   0: 0x8000056a (0xf4289a23) sh      sp, -172(a7)
core   0: 3 0x8000056a (0xf4289a23) mem 0x8000d55c 0x00f1
core   0: 0x8000056e (0x0276fbb3) remu    s7, a3, t2
core   0: 3 0x8000056e (0x0276fbb3) x23 0xffffffd7
core   0: 0x80000572 (0xfe588483) lb      s1, -27(a7)
core   0: 3 0x80000572 (0xfe588483) x 9 0xffffffa6 mem 0x8000d5ed
core   0: 0x80000576 (0x00008e99) c.sub   a3, a4
core   0: 3 0x80000576 (0x8e99) x13 0xfffff9d3
core   0: 0x80000578 (0x000084f9) c.srai  s1, 30
core   0: 3 0x80000578 (0x84f9) x 9 0xffffffff
core   0: 0x8000057a (0xfd48da83) lhu     s5, -44(a7)
core   0: 3 0x8000057a (0xfd48da83) x21 0x00009697 mem 0x8000d5dc
core   0: 0x8000057e (0xf8d88183) lb      gp, -115(a7)
core   0: 3 0x8000057e (0xf8d88183) x 3 0x0000004e mem 0x8000d595
core   0: 0x80000582 (0x0f689723) sh      s6, 238(a7)
core   0: 3 0x80000582 (0x0f689723) mem 0x8000d6f6 0xff84
core   0: 0x80000586 (0x01e89683) lh      a3, 30(a7)
core   0: 3 0x80000586 (0x01e89683) x13 0xffffdcdd mem 0x8000d626
core   0: 0x8000058a (0xffd88083) lb      ra, -3(a7)
core   0: 3 0x8000058a (0xffd88083) x 1 0xffffffbe mem 0x8000d605
core   0: 0x8000058e (0xf7988da3) sb      s9, -133(a7)
core   0: 3 0x8000058e (0xf7988da3) mem 0x8000d583 0x0
core   0: 0x80000592 (0x035886a3) sb      s5, 45(a7)
core   0: 3 0x80000592 (0x035886a3) mem 0x8000d635 0x97
core   0: 0x80000596 (0x00000d39) c.addi  s10, 14
core   0: 3 0x80000596 (0x0d39) x26 0x0000000e
core   0: 0x80000598 (0x000006e6) c.slli  a3, 25
core   0: 3 0x80000598 (0x06e6) x13 0xba000000
core   0: 0x8000059a (0x0000881a) c.mv    a6, t1
core   0: 3 0x8000059a (0x881a) x16 0x7fff2b39
core   0: 0x8000059c (0x0000980e) c.add   a6, gp
core   0: 3 0x8000059c (0x980e) x16 0x7fff2b87
core   0: 0x8000059e (0x00000f7a) c.slli  t5, 30
core   0: 3 0x8000059e (0x0f7a) x30 0x00000000
core   0: 0x800005a0 (0xfaa8da03) lhu     s4, -86(a7)
core   0: 3 0x800005a0 (0xfaa8da03) x20 0x0000f169 mem 0x8000d5b2
core   0: 0x800005a4 (0x00588e23) sb      t0, 28(a7)
core   0: 3 0x800005a4 (0x00588e23) mem 0x8000d624 0x1
core   0: 0x800005a8 (0x02601333) mulh    t1, zero, t1
core   0: 3 0x800005a8 (0x02601333) x 6 0x00000000
core   0: 0x800005ac (0xf7f89923) sh      t6, -142(a7)
core   0: 3 0x800005ac (0xf7f89923) mem 0x8000d57a 0x0062
core   0: 0x800005b0 (0xf8588283) lb      t0, -123(a7)
core   0: 3 0x800005b0 (0xf8588283) x 5 0x00000046 mem 0x8000d58d
core   0: 0x800005b4 (0xf5088e83) lb      t4, -176(a7)
core   0: 3 0x800005b4 (0xf5088e83) x29 0x00000013 mem 0x8000d558
core   0: 0x800005b8 (0x7b34e493) ori     s1, s1, 1971
core   0: 3 0x800005b8 (0x7b34e493) x 9 0xffffffff
core   0: 0x800005bc (0x0468db03) lhu     s6, 70(a7)
core   0: 3 0x800005bc (0x0468db03) x22 0x00000405 mem 0x8000d64e
core   0: 0x800005c0 (0x0000612d) c.addi16sp sp, 224
core   0: 3 0x800005c0 (0x612d) x 2 0x000001d1
core   0: 0x800005c2 (0xfe3886a3) sb      gp, -19(a7)
core   0: 3 0x800005c2 (0xfe3886a3) mem 0x8000d5f5 0x4e
core   0: 0x800005c6 (0x0000e397) auipc   t2, 0xe
core   0: 3 0x800005c6 (0x0000e397) x 7 0x8000e5c6
core   0: 0x800005ca (0x58938393) addi    t2, t2, 1417
core   0: 3 0x800005ca (0x58938393) x 7 0x8000eb4f
core   0: 0x800005ce (0x03533133) mulhu   sp, t1, s5
core   0: 3 0x800005ce (0x03533133) x 2 0x00000000
core   0: 0x800005d2 (0xc1d02b97) auipc   s7, 0xc1d02
core   0: 3 0x800005d2 (0xc1d02b97) x23 0x41d025d2
core   0: 0x800005d6 (0x00006711) c.lui   a4, 0x4
core   0: 3 0x800005d6 (0x6711) x14 0x00004000
core   0: 0x800005d8 (0x00b3a4a3) sw      a1, 9(t2)
core   0: 3 0x800005d8 (0x00b3a4a3) mem 0x8000eb58 0x80026ce4
core   0: 0x800005dc (0x00011f13) slli    t5, sp, 0
core   0: 3 0x800005dc (0x00011f13) x30 0x00000000
core   0: 0x800005e0 (0x005e9f13) slli    t5, t4, 5
core   0: 3 0x800005e0 (0x005e9f13) x30 0x00000260
core   0: 0x800005e4 (0xfe138f23) sb      ra, -2(t2)
core   0: 3 0x800005e4 (0xfe138f23) mem 0x8000eb4d 0xbe
core   0: 0x800005e8 (0xff539b83) lh      s7, -11(t2)
core   0: 3 0x800005e8 (0xff539b83) x23 0xfffffeff mem 0x8000eb44
core   0: 0x800005ec (0x0086f2b3) and     t0, a3, s0
core   0: 3 0x800005ec (0x0086f2b3) x 5 0x00000000
core   0: 0x800005f0 (0xff83cf83) lbu     t6, -8(t2)
core   0: 3 0x800005f0 (0xff83cf83) x31 0x000000fc mem 0x8000eb47
core   0: 0x800005f4 (0x40895093) srai    ra, s2, 8
core   0: 3 0x800005f4 (0x40895093) x 1 0x00000000
core   0: 0x800005f8 (0xacef2293) slti    t0, t5, -1330
core   0: 3 0x800005f8 (0xacef2293) x 5 0x00000000
core   0: 0x800005fc (0x0083c883) lbu     a7, 8(t2)
core   0: 3 0x800005fc (0x0083c883) x17 0x0000000c mem 0x8000eb57
core   0: 0x80000600 (0xfe638f23) sb      t1, -2(t2)
core   0: 3 0x80000600 (0xfe638f23) mem 0x8000eb4d 0x0
core   0: 0x80000604 (0x01638023) sb      s6, 0(t2)
core   0: 3 0x80000604 (0x01638023) mem 0x8000eb4f 0x5
core   0: 0x80000608 (0x0083c803) lbu     a6, 8(t2)
core   0: 3 0x80000608 (0x0083c803) x16 0x0000000c mem 0x8000eb57
core   0: 0x8000060c (0xbc0c0c17) auipc   s8, 0xbc0c0
core   0: 3 0x8000060c (0xbc0c0c17) x24 0x3c0c060c
core   0: 0x80000610 (0x0103c303) lbu     t1, 16(t2)
core   0: 3 0x80000610 (0x0103c303) x 6 0x00000014 mem 0x8000eb5f
core   0: 0x80000614 (0xff83c283) lbu     t0, -8(t2)
core   0: 3 0x80000614 (0xff83c283) x 5 0x000000fc mem 0x8000eb47
core   0: 0x80000618 (0x00008422) c.mv    s0, s0
core   0: 3 0x80000618 (0x8422) x 8 0x00000000
core   0: 0x8000061a (0x00008f45) c.or    a4, s1
core   0: 3 0x8000061a (0x8f45) x14 0xffffffff
core   0: 0x8000061c (0x01e3a4a3) sw      t5, 9(t2)
core   0: 3 0x8000061c (0x01e3a4a3) mem 0x8000eb58 0x00000260
core   0: 0x80000620 (0x00008bde) c.mv    s7, s7
core   0: 3 0x80000620 (0x8bde) x23 0xfffffeff
core   0: 0x80000622 (0x0023ce83) lbu     t4, 2(t2)
core   0: 3 0x80000622 (0x0023ce83) x29 0x0000000a mem 0x8000eb51
core   0: 0x80000626 (0x0177ee33) or      t3, a5, s7
core   0: 3 0x80000626 (0x0177ee33) x28 0xffffffff
core   0: 0x8000062a (0x017a2bb3) slt     s7, s4, s7
core   0: 3 0x8000062a (0x017a2bb3) x23 0x00000000
core   0: 0x8000062e (0x00b39a03) lh      s4, 11(t2)
core   0: 3 0x8000062e (0x00b39a03) x20 0x00000000 mem 0x8000eb5a
core   0: 0x80000632 (0x01438423) sb      s4, 8(t2)
core   0: 3 0x80000632 (0x01438423) mem 0x8000eb57 0x0
core   0: 0x80000636 (0x0194db93) srli    s7, s1, 25
core   0: 3 0x80000636 (0x0194db93) x23 0x0000007f
core   0: 0x8000063a (0x0033a0a3) sw      gp, 1(t2)
core   0: 3 0x8000063a (0x0033a0a3) mem 0x8000eb50 0x0000004e
core   0: 0x8000063e (0x01e392a3) sh      t5, 5(t2)
core   0: 3 0x8000063e (0x01e392a3) mem 0x8000eb54 0x0260
core   0: 0x80000642 (0x000629b3) slt     s3, a2, zero
core   0: 3 0x80000642 (0x000629b3) x19 0x00000000
core   0: 0x80000646 (0x0158d193) srli    gp, a7, 21
core   0: 3 0x80000646 (0x0158d193) x 3 0x00000000
core   0: 0x8000064a (0x01c380a3) sb      t3, 1(t2)
core   0: 3 0x8000064a (0x01c380a3) mem 0x8000eb50 0xff
core   0: 0x8000064e (0x00e53bb3) sltu    s7, a0, a4
core   0: 3 0x8000064e (0x00e53bb3) x23 0x00000001
core   0: 0x80000652 (0x41295b33) sra     s6, s2, s2
core   0: 3 0x80000652 (0x41295b33) x22 0x00000000
core   0: 0x80000656 (0xff238183) lb      gp, -14(t2)
core   0: 3 0x80000656 (0xff238183) x 3 0xfffffffa mem 0x8000eb41
core   0: 0x8000065a (0xffd3d883) lhu     a7, -3(t2)
core   0: 3 0x8000065a (0xffd3d883) x17 0x00000007 mem 0x8000eb4c
core   0: 0x8000065e (0x03fb5133) divu    sp, s6, t6
core   0: 3 0x8000065e (0x03fb5133) x 2 0x00000000
core   0: 0x80000662 (0xffa38b03) lb      s6, -6(t2)
core   0: 3 0x80000662 (0xffa38b03) x22 0x00000002 mem 0x8000eb49
core   0: 0x80000666 (0x00000180) c.addi4spn s0, sp, 192
core   0: 3 0x80000666 (0x0180) x 8 0x000000c0
core   0: 0x80000668 (0x0053dc03) lhu     s8, 5(t2)
core   0: 3 0x80000668 (0x0053dc03) x24 0x00000260 mem 0x8000eb54
core   0: 0x8000066c (0x0000d117) auipc   sp, 0xd
core   0: 3 0x8000066c (0x0000d117) x 2 0x8000d66c
core   0: 0x80000670 (0xb6110113) addi    sp, sp, -1183
core   0: 3 0x80000670 (0xb6110113) x 2 0x8000d1cd
core   0: 0x80000674 (0x41f2d633) sra     a2, t0, t6
core   0: 3 0x80000674 (0x41f2d633) x12 0x00000000
core   0: 0x80000678 (0xfd111c83) lh      s9, -47(sp)
core   0: 3 0x80000678 (0xfd111c83) x25 0x00005455 mem 0x8000d19e
core   0: 0x8000067c (0xfeb15003) lhu     zero, -21(sp)
core   0: 3 0x8000067c (0xfeb15003) mem 0x8000d1b8
core   0: 0x80000680 (0xff312983) lw      s3, -13(sp)
core   0: 3 0x80000680 (0xff312983) x19 0x78797a7b mem 0x8000d1c0
core   0: 0x80000684 (0xbb4a7f13) andi    t5, s4, -1100
core   0: 3 0x80000684 (0xbb4a7f13) x30 0x00000000
core   0: 0x80000688 (0x2ff8bd13) sltiu   s10, a7, 767
core   0: 3 0x80000688 (0x2ff8bd13) x26 0x00000001
core   0: 0x8000068c (0x03414d03) lbu     s10, 52(sp)
core   0: 3 0x8000068c (0x03414d03) x26 0x000000ba mem 0x8000d201
core   0: 0x80000690 (0x02810e03) lb      t3, 40(sp)
core   0: 3 0x80000690 (0x02810e03) x28 0xffffffae mem 0x8000d1f5
core   0: 0x80000694 (0x409c5d93) srai    s11, s8, 9
core   0: 3 0x80000694 (0x409c5d93) x27 0x00000001
core   0: 0x80000698 (0x017d2933) slt     s2, s10, s7
core   0: 3 0x80000698 (0x017d2933) x18 0x00000000
core   0: 0x8000069c (0xfda10323) sb      s10, -58(sp)
core   0: 3 0x8000069c (0xfda10323) mem 0x8000d193 0xba
core   0: 0x800006a0 (0x00008fb1) c.xor   a5, a2
core   0: 3 0x800006a0 (0x8fb1) x15 0xfffffd86
core   0: 0x800006a2 (0x0000100f) fence.i
core   0: 3 0x800006a2 (0x0000100f)
core   0: 0x800006a6 (0x0380e433) rem     s0, ra, s8
core   0: 3 0x800006a6 (0x0380e433) x 8 0x00000000
core   0: 0x800006aa (0x027104a3) sb      t2, 41(sp)
core   0: 3 0x800006aa (0x027104a3) mem 0x8000d1f6 0x4f
core   0: 0x800006ae (0x01311a83) lh      s5, 19(sp)
core   0: 3 0x800006ae (0x01311a83) x21 0xffff9a9b mem 0x8000d1e0
core   0: 0x800006b2 (0x02dc92b3) mulh    t0, s9, a3
core   0: 3 0x800006b2 (0x02dc92b3) x 5 0xffffe8f0
core   0: 0x800006b6 (0x00610d23) sb      t1, 26(sp)
core   0: 3 0x800006b6 (0x00610d23) mem 0x8000d1e7 0x14
core   0: 0x800006ba (0x02010ea3) sb      zero, 61(sp)
core   0: 3 0x800006ba (0x02010ea3) mem 0x8000d20a 0x0
core   0: 0x800006be (0xffe119a3) sh      t5, -13(sp)
core   0: 3 0x800006be (0xffe119a3) mem 0x8000d1c0 0x0000
core   0: 0x800006c2 (0xfcd14403) lbu     s0, -51(sp)
core   0: 3 0x800006c2 (0xfcd14403) x 8 0x00000051 mem 0x8000d19a
core   0: 0x800006c6 (0x03711883) lh      a7, 55(sp)
core   0: 3 0x800006c6 (0x03711883) x17 0xffffbebf mem 0x8000d204
core   0: 0x800006ca (0x00008ecd) c.or    a3, a1
core   0: 3 0x800006ca (0x8ecd) x13 0xba026ce4
core   0: 0x800006cc (0xfd310f83) lb      t6, -45(sp)
core   0: 3 0x800006cc (0xfd310f83) x31 0x0000005b mem 0x8000d1a0
core   0: 0x800006d0 (0x01810883) lb      a7, 24(sp)
core   0: 3 0x800006d0 (0x01810883) x17 0xffffff9e mem 0x8000d1e5
core   0: 0x800006d4 (0x02b34433) div     s0, t1, a1
core   0: 3 0x800006d4 (0x02b34433) x 8 0x00000000
core   0: 0x800006d8 (0x02910323) sb      s1, 38(sp)
core   0: 3 0x800006d8 (0x02910323) mem 0x8000d1f3 0xff
core   0: 0x800006dc (0x01d106a3) sb      t4, 13(sp)
core   0: 3 0x800006dc (0x01d106a3) mem 0x8000d1da 0xa
core   0: 0x800006e0 (0x8d0390b7) lui     ra, 0x8d039
core   0: 3 0x800006e0 (0x8d0390b7) x 1 0x8d039000
core   0: 0x800006e4 (0x01c14183) lbu     gp, 28(sp)
core   0: 3 0x800006e4 (0x01c14183) x 3 0x000000a2 mem 0x8000d1e9
core   0: 0x800006e8 (0x000001ea) c.slli  gp, 26
core   0: 3 0x800006e8 (0x01ea) x 3 0x88000000
core   0: 0x800006ea (0x00000001) c.nop
core   0: 3 0x800006ea (0x0001)
core   0: 0x800006ec (0xfe214283) lbu     t0, -30(sp)
core   0: 3 0x800006ec (0xfe214283) x 5 0x00000064 mem 0x8000d1af
core   0: 0x800006f0 (0x00008e39) c.xor   a2, a4
core   0: 3 0x800006f0 (0x8e39) x12 0xffffffff
core   0: 0x800006f2 (0xfd210303) lb      t1, -46(sp)
core   0: 3 0x800006f2 (0xfd210303) x 6 0x00000054 mem 0x8000d19f
core   0: 0x800006f6 (0x03e8c9b3) div     s3, a7, t5
core   0: 3 0x800006f6 (0x03e8c9b3) x19 0xffffffff
core   0: 0x800006fa (0x0000088a) c.slli  a7, 2
core   0: 3 0x800006fa (0x088a) x17 0xfffffe78
core   0: 0x800006fc (0x01f12a83) lw      s5, 31(sp)
core   0: 3 0x800006fc (0x01f12a83) x21 0xa4a5a6a7 mem 0x8000d1ec
core   0: 0x80000700 (0xfc1100a3) sb      ra, -63(sp)
core   0: 3 0x80000700 (0xfc1100a3) mem 0x8000d18e 0x0
core   0: 0x80000704 (0x02810f83) lb      t6, 40(sp)
core   0: 3 0x80000704 (0x02810f83) x31 0xffffffae mem 0x8000d1f5
core   0: 0x80000708 (0xfdf14e03) lbu     t3, -33(sp)
core   0: 3 0x80000708 (0xfdf14e03) x28 0x00000067 mem 0x8000d1ac
core   0: 0x8000070c (0x00008e35) c.xor   a2, a3
core   0: 3 0x8000070c (0x8e35) x12 0x45fd931b
core   0: 0x8000070e (0x03b11c83) lh      s9, 59(sp)
core   0: 3 0x8000070e (0x03b11c83) x25 0xffffc2c3 mem 0x8000d208
core   0: 0x80000712 (0x02410d83) lb      s11, 36(sp)
core   0: 3 0x80000712 (0x02410d83) x27 0xffffffaa mem 0x8000d1f1
core   0: 0x80000716 (0x000e3a33) sltu    s4, t3, zero
core   0: 3 0x80000716 (0x000e3a33) x20 0x00000000
core   0: 0x8000071a (0x01b12983) lw      s3, 27(sp)
core   0: 3 0x8000071a (0x01b12983) x19 0xa0a1a2a3 mem 0x8000d1e8
core   0: 0x8000071e (0x02511a03) lh      s4, 37(sp)
core   0: 3 0x8000071e (0x02511a03) x20 0xffffffa9 mem 0x8000d1f2
core   0: 0x80000722 (0x00008f11) c.sub   a4, a2
core   0: 3 0x80000722 (0x8f11) x14 0xba026ce4
core   0: 0x80000724 (0x02975fb3) divu    t6, a4, s1
core   0: 3 0x80000724 (0x02975fb3) x31 0x00000000
core   0: 0x80000728 (0xfc910ea3) sb      s1, -35(sp)
core   0: 3 0x80000728 (0xfc910ea3) mem 0x8000d1aa 0xff
core   0: 0x8000072c (0x0000d817) auipc   a6, 0xd
core   0: 3 0x8000072c (0x0000d817) x16 0x8000d72c
core   0: 0x80000730 (0x31280813) addi    a6, a6, 786
core   0: 3 0x80000730 (0x31280813) x16 0x8000da3e
core   0: 0x80000734 (0x012baa33) slt     s4, s7, s2
core   0: 3 0x80000734 (0x012baa33) x20 0x00000000
core   0: 0x80000738 (0x00008d3a) c.mv    s10, a4
core   0: 3 0x80000738 (0x8d3a) x26 0xba026ce4
core   0: 0x8000073a (0x413b5413) srai    s0, s6, 19
core   0: 3 0x8000073a (0x413b5413) x 8 0x00000000
core   0: 0x8000073e (0x00c384b3) add     s1, t2, a2
core   0: 3 0x8000073e (0x00c384b3) x 9 0xc5fe7e6a
core   0: 0x80000742 (0x03584303) lbu     t1, 53(a6)
core   0: 3 0x80000742 (0x03584303) x 6 0x00000028 mem 0x8000da73
core   0: 0x80000746 (0xfcf84c83) lbu     s9, -49(a6)
core   0: 3 0x80000746 (0xfcf84c83) x25 0x000000c6 mem 0x8000da0d
core   0: 0x8000074a (0xfff84f83) lbu     t6, -1(a6)
core   0: 3 0x8000074a (0xfff84f83) x31 0x000000f6 mem 0x8000da3d
core   0: 0x8000074e (0x00000001) c.nop
core   0: 3 0x8000074e (0x0001)
core   0: 0x80000750 (0x03884c03) lbu     s8, 56(a6)
core   0: 3 0x80000750 (0x03884c03) x24 0x0000002d mem 0x8000da76
core   0: 0x80000754 (0xfd8804a3) sb      s8, -55(a6)
core   0: 3 0x80000754 (0xfd8804a3) mem 0x8000da07 0x2d
core   0: 0x80000758 (0x40295393) srai    t2, s2, 2
core   0: 3 0x80000758 (0x40295393) x 7 0x00000000
core   0: 0x8000075c (0xd5c95f97) auipc   t6, 0xd5c95
core   0: 3 0x8000075c (0xd5c95f97) x31 0x55c9575c
core   0: 0x80000760 (0x0000100f) fence.i
core   0: 3 0x80000760 (0x0000100f)
core   0: 0x80000764 (0x03b84c03) lbu     s8, 59(a6)
core   0: 3 0x80000764 (0x03b84c03) x24 0x00000032 mem 0x8000da79
core   0: 0x80000768 (0x01085903) lhu     s2, 16(a6)
core   0: 3 0x80000768 (0x01085903) x18 0x00000405 mem 0x8000da4e
core   0: 0x8000076c (0xfcf84183) lbu     gp, -49(a6)
core   0: 3 0x8000076c (0xfcf84183) x 3 0x000000c6 mem 0x8000da0d
core   0: 0x80000770 (0x00008ce5) c.and   s1, s1
core   0: 3 0x80000770 (0x8ce5) x 9 0xc5fe7e6a
core   0: 0x80000772 (0x00008e9d) c.sub   a3, a5
core   0: 3 0x80000772 (0x8e9d) x13 0xba026f5e
core   0: 0x80000774 (0xfce81a03) lh      s4, -50(a6)
core   0: 3 0x80000774 (0xfce81a03) x20 0xffffc6c7 mem 0x8000da0c
core   0: 0x80000778 (0x63c37e13) andi    t3, t1, 1596
core   0: 3 0x80000778 (0x63c37e13) x28 0x00000028
core   0: 0x8000077c (0x03c81003) lh      zero, 60(a6)
core   0: 3 0x8000077c (0x03c81003) mem 0x8000da7a
core   0: 0x80000780 (0x00008f59) c.or    a4, a4
core   0: 3 0x80000780 (0x8f59) x14 0xba026ce4
core   0: 0x80000782 (0x00a803a3) sb      a0, 7(a6)
core   0: 3 0x80000782 (0x00a803a3) mem 0x8000da45 0x64
core   0: 0x80000786 (0x00000001) c.nop
core   0: 3 0x80000786 (0x0001)
core   0: 0x80000788 (0x039e77b3) remu    a5, t3, s9
core   0: 3 0x80000788 (0x039e77b3) x15 0x00000028
core   0: 0x8000078c (0x03d80103) lb      sp, 61(a6)
core   0: 3 0x8000078c (0x03d80103) x 2 0x00000030 mem 0x8000da7b
core   0: 0x80000790 (0x008e9c33) sll     s8, t4, s0
core   0: 3 0x80000790 (0x008e9c33) x24 0x0000000a
core   0: 0x80000794 (0x00981723) sh      s1, 14(a6)
core   0: 3 0x80000794 (0x00981723) mem 0x8000da4c 0x7e6a
core   0: 0x80000798 (0x025fabb3) mulhsu  s7, t6, t0
core   0: 3 0x80000798 (0x025fabb3) x23 0x00000021
core   0: 0x8000079c (0x0028dc33) srl     s8, a7, sp
core   0: 3 0x8000079c (0x0028dc33) x24 0x0000ffff
core   0: 0x800007a0 (0xfc984483) lbu     s1, -55(a6)
core   0: 3 0x800007a0 (0xfc984483) x 9 0x0000002d mem 0x8000da07
core   0: 0x800007a4 (0x9648c193) xori    gp, a7, -1692
core   0: 3 0x800007a4 (0x9648c193) x 3 0x0000071c
core   0: 0x800007a8 (0x03980103) lb      sp, 57(a6)
core   0: 3 0x800007a8 (0x03980103) x 2 0x0000002c mem 0x8000da77
core   0: 0x800007ac (0x036d51b3) divu    gp, s10, s6
core   0: 3 0x800007ac (0x036d51b3) x 3 0x5d013672
core   0: 0x800007b0 (0x01669993) slli    s3, a3, 22
core   0: 3 0x800007b0 (0x01669993) x19 0xd7800000
core   0: 0x800007b4 (0xc51b7b37) lui     s6, 0xc51b7
core   0: 3 0x800007b4 (0xc51b7b37) x22 0xc51b7000
core   0: 0x800007b8 (0xfe780783) lb      a5, -25(a6)
core   0: 3 0x800007b8 (0xfe780783) x15 0xffffffde mem 0x8000da25
core   0: 0x800007bc (0x00a84b83) lbu     s7, 10(a6)
core   0: 3 0x800007bc (0x00a84b83) x23 0x00000003 mem 0x8000da48
core   0: 0x800007c0 (0xff284603) lbu     a2, -14(a6)
core   0: 3 0x800007c0 (0xff284603) x12 0x000000eb mem 0x8000da30
core   0: 0x800007c4 (0xfcc80303) lb      t1, -52(a6)
core   0: 3 0x800007c4 (0xfcc80303) x 6 0xffffffc1 mem 0x8000da0a
core   0: 0x800007c8 (0xfc484883) lbu     a7, -60(a6)
core   0: 3 0x800007c8 (0xfc484883) x17 0x000000b9 mem 0x8000da02
core   0: 0x800007cc (0xff181023) sh      a7, -32(a6)
core   0: 3 0x800007cc (0xff181023) mem 0x8000da1e 0x00b9
core   0: 0x800007d0 (0x00008ea9) c.xor   a3, a0
core   0: 3 0x800007d0 (0x8ea9) x13 0x3a00413a
core   0: 0x800007d2 (0xfde80b83) lb      s7, -34(a6)
core   0: 3 0x800007d2 (0xfde80b83) x23 0xffffffd7 mem 0x8000da1c
core   0: 0x800007d6 (0x01d80b03) lb      s6, 29(a6)
core   0: 3 0x800007d6 (0x01d80b03) x22 0x00000010 mem 0x8000da5b
core   0: 0x800007da (0x03a409b3) mul     s3, s0, s10
core   0: 3 0x800007da (0x03a409b3) x19 0x00000000
core   0: 0x800007de (0xfcf84403) lbu     s0, -49(a6)
core   0: 3 0x800007de (0xfcf84403) x 8 0x000000c6 mem 0x8000da0d
core   0: 0x800007e2 (0x02e80123) sb      a4, 34(a6)
core   0: 3 0x800007e2 (0x02e80123) mem 0x8000da60 0xe4
core   0: 0x800007e6 (0xfd384003) lbu     zero, -45(a6)
core   0: 3 0x800007e6 (0xfd384003) mem 0x8000da11
core   0: 0x800007ea (0x015a4033) xor     zero, s4, s5
core   0: 3 0x800007ea (0x015a4033)
core   0: 0x800007ee (0x0256af33) mulhsu  t5, a3, t0
core   0: 3 0x800007ee (0x0256af33) x30 0x00000016
core   0: 0x800007f2 (0x0000610d) c.addi16sp sp, 160
core   0: 3 0x800007f2 (0x610d) x 2 0x000000cc
core   0: 0x800007f4 (0xfe682c03) lw      s8, -26(a6)
core   0: 3 0x800007f4 (0xfe682c03) x24 0xdcdddedf mem 0x8000da24
core   0: 0x800007f8 (0x000093ce) c.add   t2, s3
core   0: 3 0x800007f8 (0x93ce) x 7 0x00000000
core   0: 0x800007fa (0xfc481d03) lh      s10, -60(a6)
core   0: 3 0x800007fa (0xfc481d03) x26 0xffffb8b9 mem 0x8000da02
core   0: 0x800007fe (0x0001d397) auipc   t2, 0x1d
core   0: 3 0x800007fe (0x0001d397) x 7 0x8001d7fe
core   0: 0x80000802 (0xcb538393) addi    t2, t2, -843
core   0: 3 0x80000802 (0xcb538393) x 7 0x8001d4b3
core   0: 0x80000806 (0x0219fbb3) remu    s7, s3, ra
core   0: 3 0x80000806 (0x0219fbb3) x23 0x00000000
core   0: 0x8000080a (0xf653ad03) lw      s10, -155(t2)
core   0: 3 0x8000080a (0xf653ad03) x26 0xd0d1d2d3 mem 0x8001d418
core   0: 0x8000080e (0x00008815) c.andi  s0, 5
core   0: 3 0x8000080e (0x8815) x 8 0x00000004
core   0: 0x80000810 (0x00008b96) c.mv    s7, t0
core   0: 3 0x80000810 (0x8b96) x23 0x00000064
core   0: 0x80000812 (0x4bd38b03) lb      s6, 1213(t2)
core   0: 3 0x80000812 (0x4bd38b03) x22 0x0000002b mem 0x8001d970
core   0: 0x80000816 (0xb4238d03) lb      s10, -1214(t2)
core   0: 3 0x80000816 (0xb4238d03) x26 0xffffffae mem 0x8001cff5
core   0: 0x8000081a (0xdb1c8837) lui     a6, 0xdb1c8
core   0: 3 0x8000081a (0xdb1c8837) x16 0xdb1c8000
core   0: 0x8000081e (0x00000001) c.nop
core   0: 3 0x8000081e (0x0001)
core   0: 0x80000820 (0x03828933) mul     s2, t0, s8
core   0: 3 0x80000820 (0x03828933) x18 0x46ab0f1c
core   0: 0x80000824 (0x00000001) c.nop
core   0: 3 0x80000824 (0x0001)
core   0: 0x80000826 (0x0000838d) c.srli  a5, 3
core   0: 3 0x80000826 (0x838d) x15 0x1ffffffb
core   0: 0x80000828 (0x0ff0000f) fence   iorw,iorw
core   0: 3 0x80000828 (0x0ff0000f)
core   0: 0x8000082c (0x23d38b23) sb      t4, 566(t2)
core   0: 3 0x8000082c (0x23d38b23) mem 0x8001d6e9 0xa
core   0: 0x80000830 (0x0000634d) c.lui   t1, 0x13
core   0: 3 0x80000830 (0x634d) x 6 0x00013000
core   0: 0x80000832 (0x03e24fb3) div     t6, tp, t5
core   0: 3 0x80000832 (0x03e24fb3) x31 0x00000000
core   0: 0x80000836 (0x022dae33) mulhsu  t3, s11, sp
core   0: 3 0x80000836 (0x022dae33) x28 0xffffffff
core   0: 0x8000083a (0x412a86b3) sub     a3, s5, s2
core   0: 3 0x8000083a (0x412a86b3) x13 0x5dfa978b
core   0: 0x8000083e (0xc2e3a6a3) sw      a4, -979(t2)
core   0: 3 0x8000083e (0xc2e3a6a3) mem 0x8001d0e0 0xba026ce4
core   0: 0x80000842 (0x0f239ca3) sh      s2, 249(t2)
core   0: 3 0x80000842 (0x0f239ca3) mem 0x8001d5ac 0x0f1c
core   0: 0x80000846 (0x413edb33) sra     s6, t4, s3
core   0: 3 0x80000846 (0x413edb33) x22 0x0000000a
core   0: 0x8000084a (0xa2e3c283) lbu     t0, -1490(t2)
core   0: 3 0x8000084a (0xa2e3c283) x 5 0x0000009a mem 0x8001cee1
core   0: 0x8000084e (0x0000835e) c.mv    t1, s7
core   0: 3 0x8000084e (0x835e) x 6 0x00000064
core   0: 0x80000850 (0x00000001) c.nop
core   0: 3 0x80000850 (0x0001)
core   0: 0x80000852 (0xd493ab83) lw      s7, -695(t2)
core   0: 3 0x80000852 (0xd493ab83) x23 0xb4b5b6b7 mem 0x8001d1fc
core   0: 0x80000856 (0x013b9b13) slli    s6, s7, 19
core   0: 3 0x80000856 (0x013b9b13) x22 0xb5b80000
core   0: 0x8000085a (0x03815bb3) divu    s7, sp, s8
core   0: 3 0x8000085a (0x03815bb3) x23 0x00000000
core   0: 0x8000085e (0x41895013) srai    zero, s2, 24
core   0: 3 0x8000085e (0x41895013)
core   0: 0x80000862 (0x02489133) mulh    sp, a7, tp
core   0: 3 0x80000862 (0x02489133) x 2 0x00000000
core   0: 0x80000866 (0x6da3bf93) sltiu   t6, t2, 1754
core   0: 3 0x80000866 (0x6da3bf93) x31 0x00000000
core   0: 0x8000086a (0x000044a1) c.li    s1, 8
core   0: 3 0x8000086a (0x44a1) x 9 0x00000008
core   0: 0x8000086c (0x00006de5) c.lui   s11, 0x19
core   0: 3 0x8000086c (0x6de5) x27 0x00019000
core   0: 0x8000086e (0x000098fd) c.andi  s1, -1
core   0: 3 0x8000086e (0x98fd) x 9 0x00000008
core   0: 0x80000870 (0x00008e6d) c.and   a2, a1
core   0: 3 0x80000870 (0x8e6d) x12 0x000000e0
core   0: 0x80000872 (0xb1139483) lh      s1, -1263(t2)
core   0: 3 0x80000872 (0xb1139483) x 9 0x00007e7f mem 0x8001cfc4
core   0: 0x80000876 (0xde138a03) lb      s4, -543(t2)
core   0: 3 0x80000876 (0xde138a03) x20 0x0000004f mem 0x8001d294
core   0: 0x8000087a (0x02521ab3) mulh    s5, tp, t0
core   0: 3 0x8000087a (0x02521ab3) x21 0x00000000
core   0: 0x8000087e (0x35c76813) ori     a6, a4, 860
core   0: 3 0x8000087e (0x35c76813) x16 0xba026ffc
core   0: 0x80000882 (0x51b3d103) lhu     sp, 1307(t2)
core   0: 3 0x80000882 (0x51b3d103) x 2 0x00008485 mem 0x8001d9ce
core   0: 0x80000886 (0x61b38ea3) sb      s11, 1565(t2)
core   0: 3 0x80000886 (0x61b38ea3) mem 0x8001dad0 0x0
core   0: 0x8000088a (0x57038a03) lb      s4, 1392(t2)
core   0: 3 0x8000088a (0x57038a03) x20 0xffffffd8 mem 0x8001da23
core   0: 0x8000088e (0x0000d717) auipc   a4, 0xd
core   0: 3 0x8000088e (0x0000d717) x14 0x8000d88e
core   0: 0x80000892 (0x56970713) addi    a4, a4, 1385
core   0: 3 0x80000892 (0x56970713) x14 0x8000ddf7
core   0: 0x80000896 (0x028f3b33) mulhu   s6, t5, s0
core   0: 3 0x80000896 (0x028f3b33) x22 0x00000000
core   0: 0x8000089a (0x0000100f) fence.i
core   0: 3 0x8000089a (0x0000100f)
core   0: 0x8000089e (0xff270923) sb      s2, -14(a4)
core   0: 3 0x8000089e (0xff270923) mem 0x8000dde9 0x1c
core   0: 0x800008a2 (0x03a70c03) lb      s8, 58(a4)
core   0: 3 0x800008a2 (0x03a70c03) x24 0xffffffea mem 0x8000de31
core   0: 0x800008a6 (0x03674383) lbu     t2, 54(a4)
core   0: 3 0x800008a6 (0x03674383) x 7 0x000000e6 mem 0x8000de2d
core   0: 0x800008aa (0xfe274283) lbu     t0, -30(a4)
core   0: 3 0x800008aa (0xfe274283) x 5 0x00000092 mem 0x8000ddd9
core   0: 0x800008ae (0xffc74683) lbu     a3, -4(a4)
core   0: 3 0x800008ae (0xffc74683) x13 0x000000a8 mem 0x8000ddf3
core   0: 0x800008b2 (0xffa728a3) sw      s10, -15(a4)
core   0: 3 0x800008b2 (0xffa728a3) mem 0x8000dde8 0xffffffae
core   0: 0x800008b6 (0xfeaff493) andi    s1, t6, -22
core   0: 3 0x800008b6 (0xfeaff493) x 9 0x00000000
core   0: 0x800008ba (0x00c99c13) slli    s8, s3, 12
core   0: 3 0x800008ba (0x00c99c13) x24 0x00000000
core   0: 0x800008be (0x02f70e23) sb      a5, 60(a4)
core   0: 3 0x800008be (0x02f70e23) mem 0x8000de33 0xfb
core   0: 0x800008c2 (0x03670103) lb      sp, 54(a4)
core   0: 3 0x800008c2 (0x03670103) x 2 0xffffffe6 mem 0x8000de2d
core   0: 0x800008c6 (0x00070483) lb      s1, 0(a4)
core   0: 3 0x800008c6 (0x00070483) x 9 0xffffffac mem 0x8000ddf7
core   0: 0x800008ca (0x001eca33) xor     s4, t4, ra
core   0: 3 0x800008ca (0x001eca33) x20 0x8d03900a
core   0: 0x800008ce (0x02975783) lhu     a5, 41(a4)
core   0: 3 0x800008ce (0x02975783) x15 0x0000dadb mem 0x8000de20
core   0: 0x800008d2 (0xfd370183) lb      gp, -45(a4)
core   0: 3 0x800008d2 (0xfd370183) x 3 0xffffff81 mem 0x8000ddca
core   0: 0x800008d6 (0xfc470fa3) sb      tp, -33(a4)
core   0: 3 0x800008d6 (0xfc470fa3) mem 0x8000ddd6 0x0
core   0: 0x800008da (0x03424cb3) div     s9, tp, s4
core   0: 3 0x800008da (0x03424cb3) x25 0x00000000
core   0: 0x800008de (0x03b57ab3) remu    s5, a0, s11
core   0: 3 0x800008de (0x03b57ab3) x21 0x00016e64
core   0: 0x800008e2 (0x01a709a3) sb      s10, 19(a4)
core   0: 3 0x800008e2 (0x01a709a3) mem 0x8000de0a 0xae
core   0: 0x800008e6 (0x012d6b33) or      s6, s10, s2
core   0: 3 0x800008e6 (0x012d6b33) x22 0xffffffbe
core   0: 0x800008ea (0x02274b83) lbu     s7, 34(a4)
core   0: 3 0x800008ea (0x02274b83) x23 0x000000d2 mem 0x8000de19
core   0: 0x800008ee (0x00001c9c) c.addi4spn a5, sp, 624
core   0: 3 0x800008ee (0x1c9c) x15 0x00000256
core   0: 0x800008f0 (0xfe371fa3) sh      gp, -1(a4)
core   0: 3 0x800008f0 (0xfe371fa3) mem 0x8000ddf6 0xff81
core   0: 0x800008f4 (0x00775383) lhu     t2, 7(a4)
core   0: 3 0x800008f4 (0x00775383) x 7 0x0000b4b5 mem 0x8000ddfe
core   0: 0x800008f8 (0x9d07b313) sltiu   t1, a5, -1584
core   0: 3 0x800008f8 (0x9d07b313) x 6 0x00000001
core   0: 0x800008fc (0x039123b3) mulhsu  t2, sp, s9
core   0: 3 0x800008fc (0x039123b3) x 7 0x00000000
core   0: 0x80000900 (0x0000717d) c.addi16sp sp, -16
core   0: 3 0x80000900 (0x717d) x 2 0xffffffd6
core   0: 0x80000902 (0x03a44d33) div     s10, s0, s10
core   0: 3 0x80000902 (0x03a44d33) x26 0x00000000
core   0: 0x80000906 (0x00875413) srli    s0, a4, 8
core   0: 3 0x80000906 (0x00875413) x 8 0x008000dd
core   0: 0x8000090a (0x02a70fa3) sb      a0, 63(a4)
core   0: 3 0x8000090a (0x02a70fa3) mem 0x8000de36 0x64
core   0: 0x8000090e (0x03d75003) lhu     zero, 61(a4)
core   0: 3 0x8000090e (0x03d75003) mem 0x8000de34
core   0: 0x80000912 (0xfcd70083) lb      ra, -51(a4)
core   0: 3 0x80000912 (0xfcd70083) x 1 0x0000007f mem 0x8000ddc4
core   0: 0x80000916 (0x0ff0000f) fence   iorw,iorw
core   0: 3 0x80000916 (0x0ff0000f)
core   0: 0x8000091a (0x02e70123) sb      a4, 34(a4)
core   0: 3 0x8000091a (0x02e70123) mem 0x8000de19 0xf7
core   0: 0x8000091e (0xfed70603) lb      a2, -19(a4)
core   0: 3 0x8000091e (0xfed70603) x12 0xffffff9f mem 0x8000dde4
core   0: 0x80000922 (0x01371183) lh      gp, 19(a4)
core   0: 3 0x80000922 (0x01371183) x 3 0xffffc0ae mem 0x8000de0a
core   0: 0x80000926 (0x02d72b03) lw      s6, 45(a4)
core   0: 3 0x80000926 (0x02d72b03) x22 0xdcdddedf mem 0x8000de24
core   0: 0x8000092a (0x00006119) c.addi16sp sp, 384
core   0: 3 0x8000092a (0x6119) x 2 0x00000156
core   0: 0x8000092c (0x03571283) lh      t0, 53(a4)
core   0: 3 0x8000092c (0x03571283) x 5 0xffffe6e7 mem 0x8000de2c
core   0: 0x80000930 (0xfc975e03) lhu     t3, -55(a4)
core   0: 3 0x80000930 (0xfc975e03) x28 0x00007a7b mem 0x8000ddc0
core   0: 0x80000934 (0xfd770d03) lb      s10, -41(a4)
core   0: 3 0x80000934 (0xfd770d03) x26 0xffffff85 mem 0x8000ddce
core   0: 0x80000938 (0xfda70483) lb      s1, -38(a4)
core   0: 3 0x80000938 (0xfda70483) x 9 0xffffff8a mem 0x8000ddd1
core   0: 0x8000093c (0x00000442) c.slli  s0, 16
core   0: 3 0x8000093c (0x0442) x 8 0x00dd0000
core   0: 0x8000093e (0xfcc74a03) lbu     s4, -52(a4)
core   0: 3 0x8000093e (0xfcc74a03) x20 0x00000078 mem 0x8000ddc3
core   0: 0x80000942 (0x0000d817) auipc   a6, 0xd
core   0: 3 0x80000942 (0x0000d817) x16 0x8000d942
core   0: 0x80000946 (0x9ce80813) addi    a6, a6, -1586
core   0: 3 0x80000946 (0x9ce80813) x16 0x8000d310
core   0: 0x8000094a (0x0000969e) c.add   a3, t2
core   0: 3 0x8000094a (0x969e) x13 0x000000a8
core   0: 0x8000094c (0x9741e913) ori     s2, gp, -1676
core   0: 3 0x8000094c (0x9741e913) x18 0xfffff9fe
core   0: 0x80000950 (0x00984183) lbu     gp, 9(a6)
core   0: 3 0x80000950 (0x00984183) x 3 0x000000d2 mem 0x8000d319
core   0: 0x80000954 (0xffa85a83) lhu     s5, -6(a6)
core   0: 3 0x80000954 (0xffa85a83) x21 0x0000c0c1 mem 0x8000d30a
core   0: 0x80000958 (0x00471733) sll     a4, a4, tp
core   0: 3 0x80000958 (0x00471733) x14 0x8000ddf7
core   0: 0x8000095c (0x40fbdc33) sra     s8, s7, a5
core   0: 3 0x8000095c (0x40fbdc33) x24 0x00000000
core   0: 0x80000960 (0x000003da) c.slli  t2, 22
core   0: 3 0x80000960 (0x03da) x 7 0x00000000
core   0: 0x80000962 (0x032803a3) sb      s2, 39(a6)
core   0: 3 0x80000962 (0x032803a3) mem 0x8000d337 0xfe
core   0: 0x80000966 (0x02c458b3) divu    a7, s0, a2
core   0: 3 0x80000966 (0x02c458b3) x17 0x00000000
core   0: 0x8000096a (0xfe6a6d13) ori     s10, s4, -26
core   0: 3 0x8000096a (0xfe6a6d13) x26 0xfffffffe
core   0: 0x8000096e (0x00e84283) lbu     t0, 14(a6)
core   0: 3 0x8000096e (0x00e84283) x 5 0x000000d5 mem 0x8000d31e
core   0: 0x80000972 (0x017860b3) or      ra, a6, s7
core   0: 3 0x80000972 (0x017860b3) x 1 0x8000d3d2
core   0: 0x80000976 (0xfd7805a3) sb      s7, -53(a6)
core   0: 3 0x80000976 (0xfd7805a3) mem 0x8000d2db 0xd2
core   0: 0x8000097a (0x03280703) lb      a4, 50(a6)
core   0: 3 0x8000097a (0x03280703) x14 0xfffffff9 mem 0x8000d342
core   0: 0x8000097e (0x01b80703) lb      a4, 27(a6)
core   0: 3 0x8000097e (0x01b80703) x14 0xffffffe0 mem 0x8000d32b
core   0: 0x80000982 (0xfe984d03) lbu     s10, -23(a6)
core   0: 3 0x80000982 (0xfe984d03) x26 0x000000b2 mem 0x8000d2f9
core   0: 0x80000986 (0x00008631) c.srai  a2, 12
core   0: 3 0x80000986 (0x8631) x12 0xffffffff
core   0: 0x80000988 (0xfc681323) sh      t1, -58(a6)
core   0: 3 0x80000988 (0xfc681323) mem 0x8000d2d6 0x0001
core   0: 0x8000098c (0x419801b3) sub     gp, a6, s9
core   0: 3 0x8000098c (0x419801b3) x 3 0x8000d310
core   0: 0x80000990 (0x03a03d33) mulhu   s10, zero, s10
core   0: 3 0x80000990 (0x03a03d33) x26 0x00000000
core   0: 0x80000994 (0xfff81523) sh      t6, -22(a6)
core   0: 3 0x80000994 (0xfff81523) mem 0x8000d2fa 0x0000
core   0: 0x80000998 (0x00009bfd) c.andi  a5, -1
core   0: 3 0x80000998 (0x9bfd) x15 0x00000256
core   0: 0x8000099a (0x000006e9) c.addi  a3, 26
core   0: 3 0x8000099a (0x06e9) x13 0x000000c2
core   0: 0x8000099c (0xfd384a83) lbu     s5, -45(a6)
core   0: 3 0x8000099c (0xfd384a83) x21 0x00000098 mem 0x8000d2e3
core   0: 0x800009a0 (0x0049dbb3) srl     s7, s3, tp
core   0: 3 0x800009a0 (0x0049dbb3) x23 0x00000000
core   0: 0x800009a4 (0x00080703) lb      a4, 0(a6)
core   0: 3 0x800009a4 (0x00080703) x14 0xffffffcb mem 0x8000d310
core   0: 0x800009a8 (0xfd984403) lbu     s0, -39(a6)
core   0: 3 0x800009a8 (0xfd984403) x 8 0x000000a2 mem 0x8000d2e9
core   0: 0x800009ac (0xff681f03) lh      t5, -10(a6)
core   0: 3 0x800009ac (0xff681f03) x30 0xffffbcbd mem 0x8000d306
core   0: 0x800009b0 (0xfd180483) lb      s1, -47(a6)
core   0: 3 0x800009b0 (0xfd180483) x 9 0xffffff9a mem 0x8000d2e1
core   0: 0x800009b4 (0xfe984903) lbu     s2, -23(a6)
core   0: 3 0x800009b4 (0xfe984903) x18 0x000000b2 mem 0x8000d2f9
core   0: 0x800009b8 (0xfd681683) lh      a3, -42(a6)
core   0: 3 0x800009b8 (0xfd681683) x13 0xffff9c9d mem 0x8000d2e6
core   0: 0x800009bc (0xfe4802a3) sb      tp, -27(a6)
core   0: 3 0x800009bc (0xfe4802a3) mem 0x8000d2f5 0x0
core   0: 0x800009c0 (0xfc4800a3) sb      tp, -63(a6)
core   0: 3 0x800009c0 (0xfc4800a3) mem 0x8000d2d1 0x0
core   0: 0x800009c4 (0x00292ab3) slt     s5, s2, sp
core   0: 3 0x800009c4 (0x00292ab3) x21 0x00000001
core   0: 0x800009c8 (0xfd285b83) lhu     s7, -46(a6)
core   0: 3 0x800009c8 (0xfd285b83) x23 0x00009899 mem 0x8000d2e2
core   0: 0x800009cc (0x004cdcb3) srl     s9, s9, tp
core   0: 3 0x800009cc (0x004cdcb3) x25 0x00000000
core   0: 0x800009d0 (0xfe880a03) lb      s4, -24(a6)
core   0: 3 0x800009d0 (0xfe880a03) x20 0xffffffb3 mem 0x8000d2f8
core   0: 0x800009d4 (0x00000c4a) c.slli  s8, 18
core   0: 3 0x800009d4 (0x0c4a) x24 0x00000000
core   0: 0x800009d6 (0xfc582c23) sw      t0, -40(a6)
core   0: 3 0x800009d6 (0xfc582c23) mem 0x8000d2e8 0x000000d5
core   0: 0x800009da (0x00a80ea3) sb      a0, 29(a6)
core   0: 3 0x800009da (0x00a80ea3) mem 0x8000d32d 0x64
core   0: 0x800009de (0x0000d117) auipc   sp, 0xd
core   0: 3 0x800009de (0x0000d117) x 2 0x8000d9de
core   0: 0x800009e2 (0xfbe10113) addi    sp, sp, -66
core   0: 3 0x800009e2 (0xfbe10113) x 2 0x8000d99c
core   0: 0x800009e6 (0xcbb20893) addi    a7, tp, -837
core   0: 3 0x800009e6 (0xcbb20893) x17 0xfffffcbb
core   0: 0x800009ea (0x00008f01) c.sub   a4, s0
core   0: 3 0x800009ea (0x8f01) x14 0xffffff29
core   0: 0x800009ec (0x3de11623) sh      t5, 972(sp)
core   0: 3 0x800009ec (0x3de11623) mem 0x8000dd68 0xbcbd
core   0: 0x800009f0 (0xab6103a3) sb      s6, -1369(sp)
core   0: 3 0x800009f0 (0xab6103a3) mem 0x8000d443 0xdf
core   0: 0x800009f4 (0x0000100f) fence.i
core   0: 3 0x800009f4 (0x0000100f)
core   0: 0x800009f8 (0x00008f8d) c.sub   a5, a1
core   0: 3 0x800009f8 (0x8f8d) x15 0x7ffd9572
core   0: 0x800009fa (0x9f910d83) lb      s11, -1543(sp)
core   0: 3 0x800009fa (0x9f910d83) x27 0x0000004e mem 0x8000d395
core   0: 0x800009fe (0x9b711c23) sh      s7, -1608(sp)
core   0: 3 0x800009fe (0x9b711c23) mem 0x8000d354 0x9899
core   0: 0x80000a02 (0x004c96b3) sll     a3, s9, tp
core   0: 3 0x80000a02 (0x004c96b3) x13 0x00000000
core   0: 0x80000a06 (0x27014783) lbu     a5, 624(sp)
core   0: 3 0x80000a06 (0x27014783) x15 0x000000c7 mem 0x8000dc0c
core   0: 0x80000a0a (0xf1c12623) sw      t3, -244(sp)
core   0: 3 0x80000a0a (0xf1c12623) mem 0x8000d8a8 0x00007a7b
core   0: 0x80000a0e (0x51d14403) lbu     s0, 1309(sp)
core   0: 3 0x80000a0e (0x51d14403) x 8 0x00000072 mem 0x8000deb9
core   0: 0x80000a12 (0x012fe433) or      s0, t6, s2
core   0: 3 0x80000a12 (0x012fe433) x 8 0x000000b2
core   0: 0x80000a16 (0x0c8104a3) sb      s0, 201(sp)
core   0: 3 0x80000a16 (0x0c8104a3) mem 0x8000da65 0xb2
core   0: 0x80000a1a (0xe4d10c83) lb      s9, -435(sp)
core   0: 3 0x80000a1a (0xe4d10c83) x25 0xffffffa2 mem 0x8000d7e9
core   0: 0x80000a1e (0xb2010383) lb      t2, -1248(sp)
core   0: 3 0x80000a1e (0xb2010383) x 7 0x00000077 mem 0x8000d4bc
core   0: 0x80000a22 (0x0ff0000f) fence   iorw,iorw
core   0: 3 0x80000a22 (0x0ff0000f)
core   0: 0x80000a26 (0x13d14c83) lbu     s9, 317(sp)
core   0: 3 0x80000a26 (0x13d14c83) x25 0x00000092 mem 0x8000dad9
core   0: 0x80000a2a (0x37015c83) lhu     s9, 880(sp)
core   0: 3 0x80000a2a (0x37015c83) x25 0x0000c6c7 mem 0x8000dd0c
core   0: 0x80000a2e (0xbd015d83) lhu     s11, -1072(sp)
core   0: 3 0x80000a2e (0xbd015d83) x27 0x00002627 mem 0x8000d56c
core   0: 0x80000a32 (0x01893733) sltu    a4, s2, s8
core   0: 3 0x80000a32 (0x01893733) x14 0x00000000
core   0: 0x80000a36 (0xa3414283) lbu     t0, -1484(sp)
core   0: 3 0x80000a36 (0xa3414283) x 5 0x0000008b mem 0x8000d3d0
core   0: 0x80000a3a (0x00006da9) c.lui   s11, 0xa
core   0: 3 0x80000a3a (0x6da9) x27 0x0000a000
core   0: 0x80000a3c (0x00000001) c.nop
core   0: 3 0x80000a3c (0x0001)
core   0: 0x80000a3e (0x1e114083) lbu     ra, 481(sp)
core   0: 3 0x80000a3e (0x1e114083) x 1 0x00000036 mem 0x8000db7d
core   0: 0x80000a42 (0x02aa3333) mulhu   t1, s4, a0
core   0: 3 0x80000a42 (0x02aa3333) x 6 0x80022e3d
core   0: 0x80000a46 (0x0378b9b3) mulhu   s3, a7, s7
core   0: 3 0x80000a46 (0x0378b9b3) x19 0x00009898
core   0: 0x80000a4a (0x00008cd9) c.or    s1, a4
core   0: 3 0x80000a4a (0x8cd9) x 9 0xffffff9a
core   0: 0x80000a4c (0xb4cfaa97) auipc   s5, 0xb4cfa
core   0: 3 0x80000a4c (0xb4cfaa97) x21 0x34cfaa4c
core   0: 0x80000a50 (0x00000001) c.nop
core   0: 3 0x80000a50 (0x0001)
core   0: 0x80000a52 (0x017216b3) sll     a3, tp, s7
core   0: 3 0x80000a52 (0x017216b3) x13 0x00000000
core   0: 0x80000a56 (0x28714803) lbu     a6, 647(sp)
core   0: 3 0x80000a56 (0x28714803) x16 0x000000d8 mem 0x8000dc23
core   0: 0x80000a5a (0x41f68c33) sub     s8, a3, t6
core   0: 3 0x80000a5a (0x41f68c33) x24 0x00000000
core   0: 0x80000a5e (0x5ad10423) sb      a3, 1448(sp)
core   0: 3 0x80000a5e (0x5ad10423) mem 0x8000df44 0x0
core   0: 0x80000a62 (0x02cd82b3) mul     t0, s11, a2
core   0: 3 0x80000a62 (0x02cd82b3) x 5 0xffff6000
core   0: 0x80000a66 (0x018fd633) srl     a2, t6, s8
core   0: 3 0x80000a66 (0x018fd633) x12 0x00000000
core   0: 0x80000a6a (0x00008c79) c.and   s0, a4
core   0: 3 0x80000a6a (0x8c79) x 8 0x00000000
core   0: 0x80000a6c (0x0232d0b3) divu    ra, t0, gp
core   0: 3 0x80000a6c (0x0232d0b3) x 1 0x00000001
core   0: 0x80000a70 (0x9a114d03) lbu     s10, -1631(sp)
core   0: 3 0x80000a70 (0x9a114d03) x26 0x000000f6 mem 0x8000d33d
core   0: 0x80000a74 (0xd8d11923) sh      a3, -622(sp)
core   0: 3 0x80000a74 (0xd8d11923) mem 0x8000d72e 0x0000
core   0: 0x80000a78 (0x00000001) c.nop
core   0: 3 0x80000a78 (0x0001)
core   0: 0x80000a7a (0x00000692) c.slli  a3, 4
core   0: 3 0x80000a7a (0x0692) x13 0x00000000
core   0: 0x80000a7c (0x40ea5433) sra     s0, s4, a4
core   0: 3 0x80000a7c (0x40ea5433) x 8 0xffffffb3
core   0: 0x80000a80 (0xbad14c03) lbu     s8, -1107(sp)
core   0: 3 0x80000a80 (0xbad14c03) x24 0x00000002 mem 0x8000d549
core   0: 0x80000a84 (0x01510603) lb      a2, 21(sp)
core   0: 3 0x80000a84 (0x01510603) x12 0x0000006a mem 0x8000d9b1
core   0: 0x80000a88 (0x00270933) add     s2, a4, sp
core   0: 3 0x80000a88 (0x00270933) x18 0x8000d99c
core   0: 0x80000a8c (0x51e11623) sh      t5, 1292(sp)
core   0: 3 0x80000a8c (0x51e11623) mem 0x8000dea8 0xbcbd
core   0: 0x80000a90 (0x03b10a03) lb      s4, 59(sp)
core   0: 3 0x80000a90 (0x03b10a03) x20 0xffffff8c mem 0x8000d9d7
core   0: 0x80000a94 (0x1e5100a3) sb      t0, 481(sp)
core   0: 3 0x80000a94 (0x1e5100a3) mem 0x8000db7d 0x0
core   0: 0x80000a98 (0xd0610903) lb      s2, -762(sp)
core   0: 3 0x80000a98 (0xd0610903) x18 0x00000059 mem 0x8000d6a2
core   0: 0x80000a9c (0xd5310683) lb      a3, -685(sp)
core   0: 3 0x80000a9c (0xd5310683) x13 0xffffffa4 mem 0x8000d6ef
core   0: 0x80000aa0 (0x00015b17) auipc   s6, 0x15
core   0: 3 0x80000aa0 (0x00015b17) x22 0x80015aa0
core   0: 0x80000aa4 (0x085b0b13) addi    s6, s6, 133
core   0: 3 0x80000aa4 (0x085b0b13) x22 0x80015b25
core   0: 0x80000aa8 (0x82253393) sltiu   t2, a0, -2014
core   0: 3 0x80000aa8 (0x82253393) x 7 0x00000001
core   0: 0x80000aac (0x000052fd) c.li    t0, -1
core   0: 3 0x80000aac (0x52fd) x 5 0xffffffff
core   0: 0x80000aae (0x00008251) c.srli  a2, 20
core   0: 3 0x80000aae (0x8251) x12 0x00000000
core   0: 0x80000ab0 (0xeb43a037) lui     zero, 0xeb43a
core   0: 3 0x80000ab0 (0xeb43a037)
core   0: 0x80000ab4 (0xbeeb0f03) lb      t5, -1042(s6)
core   0: 3 0x80000ab4 (0xbeeb0f03) x30 0xffffffc8 mem 0x80015713
core   0: 0x80000ab8 (0xa5eb0183) lb      gp, -1442(s6)
core   0: 3 0x80000ab8 (0xa5eb0183) x 3 0x00000038 mem 0x80015583
core   0: 0x80000abc (0x004ab633) sltu    a2, s5, tp
core   0: 3 0x80000abc (0x004ab633) x12 0x00000000
core   0: 0x80000ac0 (0x000008a6) c.slli  a7, 9
core   0: 3 0x80000ac0 (0x08a6) x17 0xfff97600
core   0: 0x80000ac2 (0x00d2ccb3) xor     s9, t0, a3
core   0: 3 0x80000ac2 (0x00d2ccb3) x25 0x0000005b
core   0: 0x80000ac6 (0x00000001) c.nop
core   0: 3 0x80000ac6 (0x0001)
core   0: 0x80000ac8 (0xcacb0d23) sb      a2, -838(s6)
core   0: 3 0x80000ac8 (0xcacb0d23) mem 0x800157df 0x0
core   0: 0x80000acc (0x01add933) srl     s2, s11, s10
core   0: 3 0x80000acc (0x01add933) x18 0x00000000
core   0: 0x80000ad0 (0x909b4b83) lbu     s7, -1783(s6)
core   0: 3 0x80000ad0 (0x909b4b83) x23 0x000000e5 mem 0x8001542e
core   0: 0x80000ad4 (0x0ddb5803) lhu     a6, 221(s6)
core   0: 3 0x80000ad4 (0x0ddb5803) x16 0x0000b8b9 mem 0x80015c02
core   0: 0x80000ad8 (0x349b1a83) lh      s5, 841(s6)
core   0: 3 0x80000ad8 (0x349b1a83) x21 0x00002425 mem 0x80015e6e
core   0: 0x80000adc (0x03d37bb3) remu    s7, t1, t4
core   0: 3 0x80000adc (0x03d37bb3) x23 0x00000007
core   0: 0x80000ae0 (0x26cb0da3) sb      a2, 635(s6)
core   0: 3 0x80000ae0 (0x26cb0da3) mem 0x80015da0 0x0
core   0: 0x80000ae4 (0x40618033) sub     zero, gp, t1
core   0: 3 0x80000ae4 (0x40618033)
core   0: 0x80000ae8 (0x004b0083) lb      ra, 4(s6)
core   0: 3 0x80000ae8 (0x004b0083) x 1 0xffffffe2 mem 0x80015b29
core   0: 0x80000aec (0x00d2d793) srli    a5, t0, 13
core   0: 3 0x80000aec (0x00d2d793) x15 0x0007ffff
core   0: 0x80000af0 (0xf43b0223) sb      gp, -188(s6)
core   0: 3 0x80000af0 (0xf43b0223) mem 0x80015a69 0x38
core   0: 0x80000af4 (0x16fb4403) lbu     s0, 367(s6)
core   0: 3 0x80000af4 (0x16fb4403) x 8 0x0000004f mem 0x80015c94
core   0: 0x80000af8 (0x010520b3) slt     ra, a0, a6
core   0: 3 0x80000af8 (0x010520b3) x 1 0x00000001
core   0: 0x80000afc (0x3046ff17) auipc   t5, 0x3046f
core   0: 3 0x80000afc (0x3046ff17) x30 0xb046fafc
core   0: 0x80000b00 (0x00000001) c.nop
core   0: 3 0x80000b00 (0x0001)
core   0: 0x80000b02 (0xeccb0983) lb      s3, -308(s6)
core   0: 3 0x80000b02 (0xeccb0983) x19 0xffffffaa mem 0x800159f1
core   0: 0x80000b06 (0x696b0f23) sb      s6, 1694(s6)
core   0: 3 0x80000b06 (0x696b0f23) mem 0x800161c3 0x25
core   0: 0x80000b0a (0x00000e14) c.addi4spn a3, sp, 784
core   0: 3 0x80000b0a (0x0e14) x13 0x8000dcac
core   0: 0x80000b0c (0x897b4283) lbu     t0, -1897(s6)
core   0: 3 0x80000b0c (0x897b4283) x 5 0x00000077 mem 0x800153bc
core   0: 0x80000b10 (0xc190e393) ori     t2, ra, -999
core   0: 3 0x80000b10 (0xc190e393) x 7 0xfffffc19
core   0: 0x80000b14 (0x027978b3) remu    a7, s2, t2
core   0: 3 0x80000b14 (0x027978b3) x17 0x00000000
core   0: 0x80000b18 (0x4036da13) srai    s4, a3, 3
core   0: 3 0x80000b18 (0x4036da13) x20 0xf0001b95
core   0: 0x80000b1c (0x000090de) c.add   ra, s7
core   0: 3 0x80000b1c (0x90de) x 1 0x00000008
core   0: 0x80000b1e (0x000083e2) c.mv    t2, s8
core   0: 3 0x80000b1e (0x83e2) x 7 0x00000002
core   0: 0x80000b20 (0x00008f4d) c.or    a4, a1
core   0: 3 0x80000b20 (0x8f4d) x14 0x80026ce4
core   0: 0x80000b22 (0x77cb4783) lbu     a5, 1916(s6)
core   0: 3 0x80000b22 (0x77cb4783) x15 0x0000005a mem 0x800162a1
core   0: 0x80000b26 (0x0000d497) auipc   s1, 0xd
core   0: 3 0x80000b26 (0x0000d497) x 9 0x8000db26
core   0: 0x80000b2a (0xd2e48493) addi    s1, s1, -722
core   0: 3 0x80000b2a (0xd2e48493) x 9 0x8000d854
core   0: 0x80000b2e (0xfc548283) lb      t0, -59(s1)
core   0: 3 0x80000b2e (0xfc548283) x 5 0xffffffd2 mem 0x8000d819
core   0: 0x80000b32 (0x03427db3) remu    s11, tp, s4
core   0: 3 0x80000b32 (0x03427db3) x27 0x00000000
core   0: 0x80000b36 (0x1cb4eb13) ori     s6, s1, 459
core   0: 3 0x80000b36 (0x1cb4eb13) x22 0x8000d9df
core   0: 0x80000b3a (0xfde482a3) sb      t5, -59(s1)
core   0: 3 0x80000b3a (0xfde482a3) mem 0x8000d819 0xfc
core   0: 0x80000b3e (0x00000922) c.slli  s2, 8
core   0: 3 0x80000b3e (0x0922) x18 0x00000000
core   0: 0x80000b40 (0xff649983) lh      s3, -10(s1)
core   0: 3 0x80000b40 (0xff649983) x19 0x00000001 mem 0x8000d84a
core   0: 0x80000b44 (0xff248323) sb      s2, -26(s1)
core   0: 3 0x80000b44 (0xff248323) mem 0x8000d83a 0x0
core   0: 0x80000b48 (0x03e49103) lh      sp, 62(s1)
core   0: 3 0x80000b48 (0x03e49103) x 2 0x00004849 mem 0x8000d892
core   0: 0x80000b4c (0x007f4f33) xor     t5, t5, t2
core   0: 3 0x80000b4c (0x007f4f33) x30 0xb046fafe
core   0: 0x80000b50 (0xfdb4cf03) lbu     t5, -37(s1)
core   0: 3 0x80000b50 (0xfdb4cf03) x30 0x000000e4 mem 0x8000d82f
core   0: 0x80000b54 (0x0132f1b3) and     gp, t0, s3
core   0: 3 0x80000b54 (0x0132f1b3) x 3 0x00000000
core   0: 0x80000b58 (0x00008c4d) c.or    s0, a1
core   0: 3 0x80000b58 (0x8c4d) x 8 0x80026cef
core   0: 0x80000b5a (0xfec4d403) lhu     s0, -20(s1)
core   0: 3 0x80000b5a (0xfec4d403) x 8 0x0000fafb mem 0x8000d840
core   0: 0x80000b5e (0xff5483a3) sb      s5, -25(s1)
core   0: 3 0x80000b5e (0xff5483a3) mem 0x8000d83b 0x25
core   0: 0x80000b62 (0x03f48103) lb      sp, 63(s1)
core   0: 3 0x80000b62 (0x03f48103) x 2 0x00000048 mem 0x8000d893
core   0: 0x80000b66 (0x0000c884) c.sw    s1, 16(s1)
core   0: 3 0x80000b66 (0xc884) mem 0x8000d864 0x8000d854
core   0: 0x80000b68 (0x00354d33) xor     s10, a0, gp
core   0: 3 0x80000b68 (0x00354d33) x26 0x80022e64
core   0: 0x80000b6c (0x000040d9) c.li    ra, 22
core   0: 3 0x80000b6c (0x40d9) x 1 0x00000016
core   0: 0x80000b6e (0x0000ccdc) c.sw    a5, 28(s1)
core   0: 3 0x80000b6e (0xccdc) mem 0x8000d870 0x0000005a
core   0: 0x80000b70 (0x0084d683) lhu     a3, 8(s1)
core   0: 3 0x80000b70 (0x0084d683) x13 0x00001617 mem 0x8000d85c
core   0: 0x80000b74 (0x0304c283) lbu     t0, 48(s1)
core   0: 3 0x80000b74 (0x0304c283) x 5 0x0000003f mem 0x8000d884
core   0: 0x80000b78 (0x0034c283) lbu     t0, 3(s1)
core   0: 3 0x80000b78 (0x0034c283) x 5 0x0000000c mem 0x8000d857
core   0: 0x80000b7c (0x03148703) lb      a4, 49(s1)
core   0: 3 0x80000b7c (0x03148703) x14 0x0000003e mem 0x8000d885
core   0: 0x80000b80 (0x41755713) srai    a4, a0, 23
core   0: 3 0x80000b80 (0x41755713) x14 0xffffff00
core   0: 0x80000b84 (0x00001314) c.addi4spn a3, sp, 416
core   0: 3 0x80000b84 (0x1314) x13 0x000001e8
core   0: 0x80000b86 (0x01d48d83) lb      s11, 29(s1)
core   0: 3 0x80000b86 (0x01d48d83) x27 0x00000000 mem 0x8000d871
core   0: 0x80000b8a (0xfcf48083) lb      ra, -49(s1)
core   0: 3 0x80000b8a (0xfcf48083) x 1 0xffffffd8 mem 0x8000d823
core   0: 0x80000b8e (0x00b48d03) lb      s10, 11(s1)
core   0: 3 0x80000b8e (0x00b48d03) x26 0x00000014 mem 0x8000d85f
core   0: 0x80000b92 (0x0000d117) auipc   sp, 0xd
core   0: 3 0x80000b92 (0x0000d117) x 2 0x8000db92
core   0: 0x80000b96 (0xbe910113) addi    sp, sp, -1047
core   0: 3 0x80000b96 (0xbe910113) x 2 0x8000d77b
core   0: 0x80000b9a (0x0236d0b3) divu    ra, a3, gp
core   0: 3 0x80000b9a (0x0236d0b3) x 1 0xffffffff
core   0: 0x80000b9e (0xfc810283) lb      t0, -56(sp)
core   0: 3 0x80000b9e (0xfc810283) x 5 0xfffffff8 mem 0x8000d743
core   0: 0x80000ba2 (0xfc511383) lh      t2, -59(sp)
core   0: 3 0x80000ba2 (0xfc511383) x 7 0xfffffafb mem 0x8000d740
core   0: 0x80000ba6 (0x01e10423) sb      t5, 8(sp)
core   0: 3 0x80000ba6 (0x01e10423) mem 0x8000d783 0xe4
core   0: 0x80000baa (0x035080b3) mul     ra, ra, s5
core   0: 3 0x80000baa (0x035080b3) x 1 0xffffdbdb
core   0: 0x80000bae (0xfc810d03) lb      s10, -56(sp)
core   0: 3 0x80000bae (0xfc810d03) x26 0xfffffff8 mem 0x8000d743
core   0: 0x80000bb2 (0x00911c83) lh      s9, 9(sp)
core   0: 3 0x80000bb2 (0x00911c83) x25 0x00003e3f mem 0x8000d784
core   0: 0x80000bb6 (0x018291b3) sll     gp, t0, s8
core   0: 3 0x80000bb6 (0x018291b3) x 3 0xffffffe0
core   0: 0x80000bba (0x02b64ab3) div     s5, a2, a1
core   0: 3 0x80000bba (0x02b64ab3) x21 0x00000000
core   0: 0x80000bbe (0x00008b2e) c.mv    s6, a1
core   0: 3 0x80000bbe (0x8b2e) x22 0x80026ce4
core   0: 0x80000bc0 (0xfc914983) lbu     s3, -55(sp)
core   0: 3 0x80000bc0 (0xfc914983) x19 0x000000ff mem 0x8000d744
core   0: 0x80000bc4 (0x03f8eab3) rem     s5, a7, t6
core   0: 3 0x80000bc4 (0x03f8eab3) x21 0x00000000
core   0: 0x80000bc8 (0xfd112003) lw      zero, -47(sp)
core   0: 3 0x80000bc8 (0xfd112003) mem 0x8000d74c
core   0: 0x80000bcc (0x00310423) sb      gp, 8(sp)
core   0: 3 0x80000bcc (0x00310423) mem 0x8000d783 0xe0
core   0: 0x80000bd0 (0x2665b993) sltiu   s3, a1, 614
core   0: 3 0x80000bd0 (0x2665b993) x19 0x00000000
core   0: 0x80000bd4 (0x00c4dbb3) srl     s7, s1, a2
core   0: 3 0x80000bd4 (0x00c4dbb3) x23 0x8000d854
core   0: 0x80000bd8 (0x00b242b3) xor     t0, tp, a1
core   0: 3 0x80000bd8 (0x00b242b3) x 5 0x80026ce4
core   0: 0x80000bdc (0x50122993) slti    s3, tp, 1281
core   0: 3 0x80000bdc (0x50122993) x19 0x00000001
core   0: 0x80000be0 (0x0258efb3) rem     t6, a7, t0
core   0: 3 0x80000be0 (0x0258efb3) x31 0x00000000
core   0: 0x80000be4 (0x4079d4b3) sra     s1, s3, t2
core   0: 3 0x80000be4 (0x4079d4b3) x 9 0x00000000
core   0: 0x80000be8 (0x00008cc1) c.or    s1, s0
core   0: 3 0x80000be8 (0x8cc1) x 9 0x0000fafb
core   0: 0x80000bea (0xfce14303) lbu     t1, -50(sp)
core   0: 3 0x80000bea (0xfce14303) x 6 0x00000002 mem 0x8000d749
core   0: 0x80000bee (0xfea14983) lbu     s3, -22(sp)
core   0: 3 0x80000bee (0xfea14983) x19 0x0000001e mem 0x8000d765
core   0: 0x80000bf2 (0x02214283) lbu     t0, 34(sp)
core   0: 3 0x80000bf2 (0x02214283) x 5 0x00000056 mem 0x8000d79d
core   0: 0x80000bf6 (0x00110e03) lb      t3, 1(sp)
core   0: 3 0x80000bf6 (0x00110e03) x28 0x00000037 mem 0x8000d77c
core   0: 0x80000bfa (0x00c10f83) lb      t6, 12(sp)
core   0: 3 0x80000bfa (0x00c10f83) x31 0x0000003c mem 0x8000d787
core   0: 0x80000bfe (0x01b11083) lh      ra, 27(sp)
core   0: 3 0x80000bfe (0x01b11083) x 1 0x00004c4d mem 0x8000d796
core   0: 0x80000c02 (0x001eda33) srl     s4, t4, ra
core   0: 3 0x80000c02 (0x001eda33) x20 0x00000000
core   0: 0x80000c06 (0x00000001) c.nop
core   0: 3 0x80000c06 (0x0001)
core   0: 0x80000c08 (0xfde12ea3) sw      t5, -35(sp)
core   0: 3 0x80000c08 (0xfde12ea3) mem 0x8000d758 0x000000e4
core   0: 0x80000c0c (0xfc410c03) lb      s8, -60(sp)
core   0: 3 0x80000c0c (0xfc410c03) x24 0xfffffff4 mem 0x8000d73f
core   0: 0x80000c10 (0x00000f2e) c.slli  t5, 11
core   0: 3 0x80000c10 (0x0f2e) x30 0x00072000
core   0: 0x80000c12 (0x02f5c733) div     a4, a1, a5
core   0: 3 0x80000c12 (0x02f5c733) x14 0xfe93f025
core   0: 0x80000c16 (0xfe5109a3) sb      t0, -13(sp)
core   0: 3 0x80000c16 (0xfe5109a3) mem 0x8000d76e 0x56
core   0: 0x80000c1a (0x00000001) c.nop
core   0: 3 0x80000c1a (0x0001)
core   0: 0x80000c1c (0xfda10003) lb      zero, -38(sp)
core   0: 3 0x80000c1c (0xfda10003) mem 0x8000d755
core   0: 0x80000c20 (0x03a916b3) mulh    a3, s2, s10
core   0: 3 0x80000c20 (0x03a916b3) x13 0x00000000
core   0: 0x80000c24 (0x00008fd1) c.or    a5, a2
core   0: 3 0x80000c24 (0x8fd1) x15 0x0000005a
core   0: 0x80000c26 (0x00000a39) c.addi  s4, 14
core   0: 3 0x80000c26 (0x0a39) x20 0x0000000e
core   0: 0x80000c28 (0x00913733) sltu    a4, sp, s1
core   0: 3 0x80000c28 (0x00913733) x14 0x00000000
core   0: 0x80000c2c (0x00008ead) c.xor   a3, a1
core   0: 3 0x80000c2c (0x8ead) x13 0x80026ce4
core   0: 0x80000c2e (0x6fa53d93) sltiu   s11, a0, 1786
core   0: 3 0x80000c2e (0x6fa53d93) x27 0x00000000
core   0: 0x80000c32 (0x0ff0000f) fence   iorw,iorw
core   0: 3 0x80000c32 (0x0ff0000f)
core   0: 0x80000c36 (0x8539ffb7) lui     t6, 0x8539f
core   0: 3 0x80000c36 (0x8539ffb7) x31 0x8539f000
core   0: 0x80000c3a (0xfff11383) lh      t2, -1(sp)
core   0: 3 0x80000c3a (0xfff11383) x 7 0x00003031 mem 0x8000d77a
core   0: 0x80000c3e (0xfec14003) lbu     zero, -20(sp)
core   0: 3 0x80000c3e (0xfec14003) mem 0x8000d767
core   0: 0x80000c42 (0x01b10223) sb      s11, 4(sp)
core   0: 3 0x80000c42 (0x01b10223) mem 0x8000d77f 0x0
core   0: 0x80000c46 (0x02c561b3) rem     gp, a0, a2
core   0: 3 0x80000c46 (0x02c561b3) x 3 0x80022e64
core   0: 0x80000c4a (0xfc310803) lb      a6, -61(sp)
core   0: 3 0x80000c4a (0xfc310803) x16 0xfffffff5 mem 0x8000d73e
core   0: 0x80000c4e (0x3ed17493) andi    s1, sp, 1005
core   0: 3 0x80000c4e (0x3ed17493) x 9 0x00000369
core   0: 0x80000c52 (0x02010603) lb      a2, 32(sp)
core   0: 3 0x80000c52 (0x02010603) x12 0x00000050 mem 0x8000d79b
core   0: 0x80000c56 (0xfce120a3) sw      a4, -63(sp)
core   0: 3 0x80000c56 (0xfce120a3) mem 0x8000d73c 0x00000000
core   0: 0x80000c5a (0x03a10e23) sb      s10, 60(sp)
core   0: 3 0x80000c5a (0x03a10e23) mem 0x8000d7b7 0xf8
core   0: 0x80000c5e (0xfdf109a3) sb      t6, -45(sp)
core   0: 3 0x80000c5e (0xfdf109a3) mem 0x8000d74e 0x0
core   0: 0x80000c62 (0x00210a03) lb      s4, 2(sp)
core   0: 3 0x80000c62 (0x00210a03) x20 0x00000036 mem 0x8000d77d
core   0: 0x80000c66 (0x02511983) lh      s3, 37(sp)
core   0: 3 0x80000c66 (0x02511983) x19 0x00005a5b mem 0x8000d7a0
core   0: 0x80000c6a (0x0000d117) auipc   sp, 0xd
core   0: 3 0x80000c6a (0x0000d117) x 2 0x8000dc6a
core   0: 0x80000c6e (0xf5a10113) addi    sp, sp, -166
core   0: 3 0x80000c6e (0xf5a10113) x 2 0x8000dbc4
core   0: 0x80000c72 (0x40255313) srai    t1, a0, 2
core   0: 3 0x80000c72 (0x40255313) x 6 0xe0008b99
core   0: 0x80000c76 (0x0db14903) lbu     s2, 219(sp)
core   0: 3 0x80000c76 (0x0db14903) x18 0x00000054 mem 0x8000dc9f
core   0: 0x80000c7a (0xdba04793) xori    a5, zero, -582
core   0: 3 0x80000c7a (0xdba04793) x15 0xfffffdba
core   0: 0x80000c7e (0x023ba8b3) mulhsu  a7, s7, gp
core   0: 3 0x80000c7e (0x023ba8b3) x17 0xbfff54f9
core   0: 0x80000c82 (0xf9615a03) lhu     s4, -106(sp)
core   0: 3 0x80000c82 (0xf9615a03) x20 0x00001011 mem 0x8000db5a
core   0: 0x80000c86 (0x0065a033) slt     zero, a1, t1
core   0: 3 0x80000c86 (0x0065a033)
core   0: 0x80000c8a (0xf2412c23) sw      tp, -200(sp)
core   0: 3 0x80000c8a (0xf2412c23) mem 0x8000dafc 0x00000000
core   0: 0x80000c8e (0x00004486) c.lwsp  s1, 64(sp)
core   0: 3 0x80000c8e (0x4486) x 9 0xbcbdbebf mem 0x8000dc04
core   0: 0x80000c90 (0xf0f14803) lbu     a6, -241(sp)
core   0: 3 0x80000c90 (0xf0f14803) x16 0x00000088 mem 0x8000dad3
core   0: 0x80000c94 (0x018f5793) srli    a5, t5, 24
core   0: 3 0x80000c94 (0x018f5793) x15 0x00000000
core   0: 0x80000c98 (0xc82d58b7) lui     a7, 0xc82d5
core   0: 3 0x80000c98 (0xc82d58b7) x17 0xc82d5000
core   0: 0x80000c9c (0x00000001) c.nop
core   0: 3 0x80000c9c (0x0001)
core   0: 0x80000c9e (0x01a4b1b3) sltu    gp, s1, s10
core   0: 3 0x80000c9e (0x01a4b1b3) x 3 0x00000001
core   0: 0x80000ca2 (0xfc514d83) lbu     s11, -59(sp)
core   0: 3 0x80000ca2 (0xfc514d83) x27 0x00000042 mem 0x8000db89
core   0: 0x80000ca6 (0x00114d03) lbu     s10, 1(sp)
core   0: 3 0x80000ca6 (0x00114d03) x26 0x0000007e mem 0x8000dbc5
core   0: 0x80000caa (0xfd910223) sb      s9, -60(sp)
core   0: 3 0x80000caa (0xfd910223) mem 0x8000db88 0x3f
core   0: 0x80000cae (0x02d0ae33) mulhsu  t3, ra, a3
core   0: 3 0x80000cae (0x02d0ae33) x28 0x00002627
core   0: 0x80000cb2 (0xfa710fa3) sb      t2, -65(sp)
core   0: 3 0x80000cb2 (0xfa710fa3) mem 0x8000db83 0x31
core   0: 0x80000cb6 (0x0000100f) fence.i
core   0: 3 0x80000cb6 (0x0000100f)
core   0: 0x80000cba (0x00000001) c.nop
core   0: 3 0x80000cba (0x0001)
core   0: 0x80000cbc (0xf1b103a3) sb      s11, -249(sp)
core   0: 3 0x80000cbc (0xf1b103a3) mem 0x8000dacb 0x42
core   0: 0x80000cc0 (0x0000820d) c.srli  a2, 3
core   0: 3 0x80000cc0 (0x820d) x12 0x0000000a
core   0: 0x80000cc2 (0x0b110e23) sb      a7, 188(sp)
core   0: 3 0x80000cc2 (0x0b110e23) mem 0x8000dc80 0x0
core   0: 0x80000cc6 (0x00008fa1) c.xor   a5, s0
core   0: 3 0x80000cc6 (0x8fa1) x15 0x0000fafb
core   0: 0x80000cc8 (0x0e514803) lbu     a6, 229(sp)
core   0: 3 0x80000cc8 (0x0e514803) x16 0x00000062 mem 0x8000dca9
core   0: 0x80000ccc (0x0000d5ba) c.swsp  a4, 232(sp)
core   0: 3 0x80000ccc (0xd5ba) mem 0x8000dcac 0x00000000
core   0: 0x80000cce (0x0000c842) c.swsp  a6, 16(sp)
core   0: 3 0x80000cce (0xc842) mem 0x8000dbd4 0x00000062
core   0: 0x80000cd0 (0x00005a7d) c.li    s4, -1
core   0: 3 0x80000cd0 (0x5a7d) x20 0xffffffff
core   0: 0x80000cd2 (0xf9114903) lbu     s2, -111(sp)
core   0: 3 0x80000cd2 (0xf9114903) x18 0x0000000e mem 0x8000db55
core   0: 0x80000cd6 (0x0000d097) auipc   ra, 0xd
core   0: 3 0x80000cd6 (0x0000d097) x 1 0x8000dcd6
core   0: 0x80000cda (0xb8608093) addi    ra, ra, -1146
core   0: 3 0x80000cda (0xb8608093) x 1 0x8000d85c
core   0: 0x80000cde (0x000019fd) c.addi  s3, -1
core   0: 3 0x80000cde (0x19fd) x19 0x00005a5a
core   0: 0x80000ce0 (0x000091ee) c.add   gp, s11
core   0: 3 0x80000ce0 (0x91ee) x 3 0x00000043
core   0: 0x80000ce2 (0x54f69037) lui     zero, 0x54f69
core   0: 3 0x80000ce2 (0x54f69037)
core   0: 0x80000ce6 (0x00b09723) sh      a1, 14(ra)
core   0: 3 0x80000ce6 (0x00b09723) mem 0x8000d86a 0x6ce4
core   0: 0x80000cea (0x00a083a3) sb      a0, 7(ra)
core   0: 3 0x80000cea (0x00a083a3) mem 0x8000d863 0x64
core   0: 0x80000cee (0x000088fa) c.mv    a7, t5
core   0: 3 0x80000cee (0x88fa) x17 0x00072000
core   0: 0x80000cf0 (0x02ee4fb3) div     t6, t3, a4
core   0: 3 0x80000cf0 (0x02ee4fb3) x31 0xffffffff
core   0: 0x80000cf4 (0x0080ae03) lw      t3, 8(ra)
core   0: 3 0x80000cf4 (0x0080ae03) x28 0x8000d854 mem 0x8000d864
core   0: 0x80000cf8 (0x00008f01) c.sub   a4, s0
core   0: 3 0x80000cf8 (0x8f01) x14 0xffff0505
core   0: 0x80000cfa (0x018082a3) sb      s8, 5(ra)
core   0: 3 0x80000cfa (0x018082a3) mem 0x8000d861 0xf4
core   0: 0x80000cfe (0x017085a3) sb      s7, 11(ra)
core   0: 3 0x80000cfe (0x017085a3) mem 0x8000d867 0x54
core   0: 0x80000d02 (0xffb08683) lb      a3, -5(ra)
core   0: 3 0x80000d02 (0xffb08683) x13 0x0000000c mem 0x8000d857
core   0: 0x80000d06 (0xfea08d23) sb      a0, -6(ra)
core   0: 3 0x80000d06 (0xfea08d23) mem 0x8000d856 0x64
core   0: 0x80000d0a (0x6a1b6497) auipc   s1, 0x6a1b6
core   0: 3 0x80000d0a (0x6a1b6497) x 9 0xea1b6d0a
core   0: 0x80000d0e (0x00008619) c.srai  a2, 6
core   0: 3 0x80000d0e (0x8619) x12 0x00000000
core   0: 0x80000d10 (0xfe908aa3) sb      s1, -11(ra)
core   0: 3 0x80000d10 (0xfe908aa3) mem 0x8000d851 0xa
core   0: 0x80000d14 (0x0070c903) lbu     s2, 7(ra)
core   0: 3 0x80000d14 (0x0070c903) x18 0x00000064 mem 0x8000d863
core   0: 0x80000d18 (0xff70cd83) lbu     s11, -9(ra)
core   0: 3 0x80000d18 (0xff70cd83) x27 0x00000008 mem 0x8000d853
core   0: 0x80000d1c (0x000068a5) c.lui   a7, 0x9
core   0: 3 0x80000d1c (0x68a5) x17 0x00009000
core   0: 0x80000d1e (0x00508383) lb      t2, 5(ra)
core   0: 3 0x80000d1e (0x00508383) x 7 0xfffffff4 mem 0x8000d861
core   0: 0x80000d22 (0x00008f65) c.and   a4, s1
core   0: 3 0x80000d22 (0x8f65) x14 0xea1b0500
core   0: 0x80000d24 (0x00d080a3) sb      a3, 1(ra)
core   0: 3 0x80000d24 (0x00d080a3) mem 0x8000d85d 0xc
core   0: 0x80000d28 (0x01008023) sb      a6, 0(ra)
core   0: 3 0x80000d28 (0x01008023) mem 0x8000d85c 0x62
core   0: 0x80000d2c (0x0100d103) lhu     sp, 16(ra)
core   0: 3 0x80000d2c (0x0100d103) x 2 0x00002627 mem 0x8000d86c
core   0: 0x80000d30 (0x00808523) sb      s0, 10(ra)
core   0: 3 0x80000d30 (0x00808523) mem 0x8000d866 0xfb
core   0: 0x80000d34 (0x00c08103) lb      sp, 12(ra)
core   0: 3 0x80000d34 (0x00c08103) x 2 0x00000023 mem 0x8000d868
core   0: 0x80000d38 (0x01309123) sh      s3, 2(ra)
core   0: 3 0x80000d38 (0x01309123) mem 0x8000d85e 0x5a5a
core   0: 0x80000d3c (0x00209683) lh      a3, 2(ra)
core   0: 3 0x80000d3c (0x00209683) x13 0x00005a5a mem 0x8000d85e
core   0: 0x80000d40 (0x0090c303) lbu     t1, 9(ra)
core   0: 3 0x80000d40 (0x0090c303) x 6 0x000000d8 mem 0x8000d865
core   0: 0x80000d44 (0x0100ae83) lw      t4, 16(ra)
core   0: 3 0x80000d44 (0x0100ae83) x29 0x24252627 mem 0x8000d86c
core   0: 0x80000d48 (0xff708c03) lb      s8, -9(ra)
core   0: 3 0x80000d48 (0xff708c03) x24 0x00000008 mem 0x8000d853
core   0: 0x80000d4c (0x00008315) c.srli  a4, 5
core   0: 3 0x80000d4c (0x8315) x14 0x0750d828
core   0: 0x80000d4e (0xc8ef0613) addi    a2, t5, -882
core   0: 3 0x80000d4e (0xc8ef0613) x12 0x00071c8e
core   0: 0x80000d52 (0x02f82733) mulhsu  a4, a6, a5
core   0: 3 0x80000d52 (0x02f82733) x14 0x00000000
core   0: 0x80000d56 (0xf39cff93) andi    t6, s9, -199
core   0: 3 0x80000d56 (0xf39cff93) x31 0x00003e39
core   0: 0x80000d5a (0xa0874793) xori    a5, a4, -1528
core   0: 3 0x80000d5a (0xa0874793) x15 0xfffffa08
core   0: 0x80000d5e (0x00008c79) c.and   s0, a4
core   0: 3 0x80000d5e (0x8c79) x 8 0x00000000
core   0: 0x80000d60 (0x0000dd83) lhu     s11, 0(ra)
core   0: 3 0x80000d60 (0x0000dd83) x27 0x00000c62 mem 0x8000d85c
core   0: 0x80000d64 (0x0030c983) lbu     s3, 3(ra)
core   0: 3 0x80000d64 (0x0030c983) x19 0x0000005a mem 0x8000d85f
core   0: 0x80000d68 (0x00b08e83) lb      t4, 11(ra)
core   0: 3 0x80000d68 (0x00b08e83) x29 0x00000054 mem 0x8000d867
core   0: 0x80000d6c (0xfe109f23) sh      ra, -2(ra)
core   0: 3 0x80000d6c (0xfe109f23) mem 0x8000d85a 0xd85c
core   0: 0x80000d70 (0x5cbcff13) andi    t5, s9, 1483
core   0: 3 0x80000d70 (0x5cbcff13) x30 0x0000040b
core   0: 0x80000d74 (0x00e0c183) lbu     gp, 14(ra)
core   0: 3 0x80000d74 (0x00e0c183) x 3 0x000000e4 mem 0x8000d86a
core   0: 0x80000d78 (0x000083e9) c.srli  a5, 26
core   0: 3 0x80000d78 (0x83e9) x15 0x0000003f
core   0: 0x80000d7a (0x02edb833) mulhu   a6, s11, a4
core   0: 3 0x80000d7a (0x02edb833) x16 0x00000000
core   0: 0x80000d7e (0xfee09d23) sh      a4, -6(ra)
core   0: 3 0x80000d7e (0xfee09d23) mem 0x8000d856 0x0000
core   0: 0x80000d82 (0x00000918) c.addi4spn a4, sp, 144
core   0: 3 0x80000d82 (0x0918) x14 0x000000b3
core   0: 0x80000d84 (0x00308b03) lb      s6, 3(ra)
core   0: 3 0x80000d84 (0x00308b03) x22 0x0000005a mem 0x8000d85f
core   0: 0x80000d88 (0x0050c603) lbu     a2, 5(ra)
core   0: 3 0x80000d88 (0x0050c603) x12 0x000000f4 mem 0x8000d861
core   0: 0x80000d8c (0x2b436493) ori     s1, t1, 692
core   0: 3 0x80000d8c (0x2b436493) x 9 0x000002fc
core   0: 0x80000d90 (0x413e5913) srai    s2, t3, 19
core   0: 3 0x80000d90 (0x413e5913) x18 0xfffff000
core   0: 0x80000d94 (0x4007da33) sra     s4, a5, zero
core   0: 3 0x80000d94 (0x4007da33) x20 0x0000003f
core   0: 0x80000d98 (0x00c08903) lb      s2, 12(ra)
core   0: 3 0x80000d98 (0x00c08903) x18 0x00000023 mem 0x8000d868
core   0: 0x80000d9c (0x00017117) auipc   sp, 0x17
core   0: 3 0x80000d9c (0x00017117) x 2 0x80017d9c
core   0: 0x80000da0 (0x34f10113) addi    sp, sp, 847
core   0: 3 0x80000da0 (0x34f10113) x 2 0x800180eb
core   0: 0x80000da4 (0x1ae100a3) sb      a4, 417(sp)
core   0: 3 0x80000da4 (0x1ae100a3) mem 0x8001828c 0xb3
core   0: 0x80000da8 (0x26515783) lhu     a5, 613(sp)
core   0: 3 0x80000da8 (0x26515783) x15 0x00000a0b mem 0x80018350
core   0: 0x80000dac (0x35814f83) lbu     t6, 856(sp)
core   0: 3 0x80000dac (0x35814f83) x31 0x000000f8 mem 0x80018443
core   0: 0x80000db0 (0xe3010823) sb      a6, -464(sp)
core   0: 3 0x80000db0 (0xe3010823) mem 0x80017f1b 0x0
core   0: 0x80000db4 (0x4c014303) lbu     t1, 1216(sp)
core   0: 3 0x80000db4 (0x4c014303) x 6 0x00000060 mem 0x800185ab
core   0: 0x80000db8 (0x37111da3) sh      a7, 891(sp)
core   0: 3 0x80000db8 (0x37111da3) mem 0x80018466 0x9000
core   0: 0x80000dbc (0xd7b14e03) lbu     t3, -645(sp)
core   0: 3 0x80000dbc (0xd7b14e03) x28 0x0000001d mem 0x80017e66
core   0: 0x80000dc0 (0x01fee3b3) or      t2, t4, t6
core   0: 3 0x80000dc0 (0x01fee3b3) x 7 0x000000fc
core   0: 0x80000dc4 (0x009029b3) slt     s3, zero, s1
core   0: 3 0x80000dc4 (0x009029b3) x19 0x00000001
core   0: 0x80000dc8 (0x000082e5) c.srli  a3, 25
core   0: 3 0x80000dc8 (0x82e5) x13 0x00000000
core   0: 0x80000dca (0x818101a3) sb      s8, -2045(sp)
core   0: 3 0x80000dca (0x818101a3) mem 0x800178ee 0x8
core   0: 0x80000dce (0x01e72a33) slt     s4, a4, t5
core   0: 3 0x80000dce (0x01e72a33) x20 0x00000001
core   0: 0x80000dd2 (0x012266b3) or      a3, tp, s2
core   0: 3 0x80000dd2 (0x012266b3) x13 0x00000023
core   0: 0x80000dd6 (0x5fc10823) sb      t3, 1520(sp)
core   0: 3 0x80000dd6 (0x5fc10823) mem 0x800186db 0x1d
core   0: 0x80000dda (0xf8010c23) sb      zero, -104(sp)
core   0: 3 0x80000dda (0xf8010c23) mem 0x80018083 0x0
core   0: 0x80000dde (0xc4b103a3) sb      a1, -953(sp)
core   0: 3 0x80000dde (0xc4b103a3) mem 0x80017d32 0xe4
core   0: 0x80000de2 (0xa1d14783) lbu     a5, -1507(sp)
core   0: 3 0x80000de2 (0xa1d14783) x15 0x000000c3 mem 0x80017b08
core   0: 0x80000de6 (0x00008ba5) c.andi  a5, 9
core   0: 3 0x80000de6 (0x8ba5) x15 0x00000001
core   0: 0x80000de8 (0x75511e83) lh      t4, 1877(sp)
core   0: 3 0x80000de8 (0x75511e83) x29 0xfffffafb mem 0x80018840
core   0: 0x80000dec (0x01065c13) srli    s8, a2, 16
core   0: 3 0x80000dec (0x01065c13) x24 0x00000000
core   0: 0x80000df0 (0x000096c2) c.add   a3, a6
core   0: 3 0x80000df0 (0x96c2) x13 0x00000023
core   0: 0x80000df2 (0x2ab14a83) lbu     s5, 683(sp)
core   0: 3 0x80000df2 (0x2ab14a83) x21 0x0000004d mem 0x80018396
core   0: 0x80000df6 (0x00008c66) c.mv    s8, s9
core   0: 3 0x80000df6 (0x8c66) x24 0x00003e3f
core   0: 0x80000df8 (0x81310d03) lb      s10, -2029(sp)
core   0: 3 0x80000df8 (0x81310d03) x26 0xffffffb5 mem 0x800178fe
core   0: 0x80000dfc (0x83210423) sb      s2, -2008(sp)
core   0: 3 0x80000dfc (0x83210423) mem 0x80017913 0x23
core   0: 0x80000e00 (0x883119a3) sh      gp, -1901(sp)
core   0: 3 0x80000e00 (0x883119a3) mem 0x8001797e 0x00e4
core   0: 0x80000e04 (0x6d911283) lh      t0, 1753(sp)
core   0: 3 0x80000e04 (0x6d911283) x 5 0x00007e7f mem 0x800187c4
core   0: 0x80000e08 (0xc9d11d83) lh      s11, -867(sp)
core   0: 3 0x80000e08 (0xc9d11d83) x27 0x00004243 mem 0x80017d88
core   0: 0x80000e0c (0x58910f23) sb      s1, 1438(sp)
core   0: 3 0x80000e0c (0x58910f23) mem 0x80018689 0xfc
core   0: 0x80000e10 (0xb1410003) lb      zero, -1260(sp)
core   0: 3 0x80000e10 (0xb1410003) mem 0x80017bff
core   0: 0x80000e14 (0x97c10323) sb      t3, -1690(sp)
core   0: 3 0x80000e14 (0x97c10323) mem 0x80017a51 0x1d
core   0: 0x80000e18 (0x02673f33) mulhu   t5, a4, t1
core   0: 3 0x80000e18 (0x02673f33) x30 0x00000000
core   0: 0x80000e1c (0xbd315003) lhu     zero, -1069(sp)
core   0: 3 0x80000e1c (0xbd315003) mem 0x80017cbe
core   0: 0x80000e20 (0xcfa10423) sb      s10, -792(sp)
core   0: 3 0x80000e20 (0xcfa10423) mem 0x80017dd3 0xb5
core   0: 0x80000e24 (0xae410923) sb      tp, -1294(sp)
core   0: 3 0x80000e24 (0xae410923) mem 0x80017bdd 0x0
core   0: 0x80000e28 (0x03c5b033) mulhu   zero, a1, t3
core   0: 3 0x80000e28 (0x03c5b033)
core   0: 0x80000e2c (0xf7610d03) lb      s10, -138(sp)
core   0: 3 0x80000e2c (0xf7610d03) x26 0x0000001a mem 0x80018061
core   0: 0x80000e30 (0x91010423) sb      a6, -1784(sp)
core   0: 3 0x80000e30 (0x91010423) mem 0x800179f3 0x0
core   0: 0x80000e34 (0xd2310123) sb      gp, -734(sp)
core   0: 3 0x80000e34 (0xd2310123) mem 0x80017e0d 0xe4
core   0: 0x80000e38 (0x00016997) auipc   s3, 0x16
core   0: 3 0x80000e38 (0x00016997) x19 0x80016e38
core   0: 0x80000e3c (0xecc98993) addi    s3, s3, -308
core   0: 3 0x80000e3c (0xecc98993) x19 0x80016d04
core   0: 0x80000e40 (0x00008f8d) c.sub   a5, a1
core   0: 3 0x80000e40 (0x8f8d) x15 0x7ffd931d
core   0: 0x80000e42 (0x015984a3) sb      s5, 9(s3)
core   0: 3 0x80000e42 (0x015984a3) mem 0x80016d0d 0x4d
core   0: 0x80000e46 (0x001984a3) sb      ra, 9(s3)
core   0: 3 0x80000e46 (0x001984a3) mem 0x80016d0d 0x5c
core   0: 0x80000e4a (0x01452d33) slt     s10, a0, s4
core   0: 3 0x80000e4a (0x01452d33) x26 0x00000001
core   0: 0x80000e4e (0xfff98283) lb      t0, -1(s3)
core   0: 3 0x80000e4e (0xfff98283) x 5 0xffffffb8 mem 0x80016d03
core   0: 0x80000e52 (0x000002f1) c.addi  t0, 28
core   0: 3 0x80000e52 (0x02f1) x 5 0xffffffd4
core   0: 0x80000e54 (0x00b98183) lb      gp, 11(s3)
core   0: 3 0x80000e54 (0x00b98183) x 3 0xffffffc4 mem 0x80016d0f
core   0: 0x80000e58 (0x00499f83) lh      t6, 4(s3)
core   0: 3 0x80000e58 (0x00499f83) x31 0xffffc2c3 mem 0x80016d08
core   0: 0x80000e5c (0x2494cf13) xori    t5, s1, 585
core   0: 3 0x80000e5c (0x2494cf13) x30 0x000000b5
core   0: 0x80000e60 (0xfec99c23) sh      a2, -8(s3)
core   0: 3 0x80000e60 (0xfec99c23) mem 0x80016cfc 0x00f4
core   0: 0x80000e64 (0xff498183) lb      gp, -12(s3)
core   0: 3 0x80000e64 (0xff498183) x 3 0xffffffb3 mem 0x80016cf8
core   0: 0x80000e68 (0x00008f09) c.sub   a4, a0
core   0: 3 0x80000e68 (0x8f09) x14 0x7ffdd24f
core   0: 0x80000e6a (0x02201f33) mulh    t5, zero, sp
core   0: 3 0x80000e6a (0x02201f33) x30 0x00000000
core   0: 0x80000e6e (0x00000001) c.nop
core   0: 3 0x80000e6e (0x0001)
core   0: 0x80000e70 (0x015d9033) sll     zero, s11, s5
core   0: 3 0x80000e70 (0x015d9033)
core   0: 0x80000e74 (0xfff98903) lb      s2, -1(s3)
core   0: 3 0x80000e74 (0xfff98903) x18 0xffffffb8 mem 0x80016d03
core   0: 0x80000e78 (0x012c48b3) xor     a7, s8, s2
core   0: 3 0x80000e78 (0x012c48b3) x17 0xffffc187
core   0: 0x80000e7c (0x0000613d) c.addi16sp sp, 480
core   0: 3 0x80000e7c (0x613d) x 2 0x800182cb
core   0: 0x80000e7e (0x028aadb3) mulhsu  s11, s5, s0
core   0: 3 0x80000e7e (0x028aadb3) x27 0x00000000
core   0: 0x80000e82 (0x00006d6d) c.lui   s10, 0x1b
core   0: 3 0x80000e82 (0x6d6d) x26 0x0001b000
core   0: 0x80000e84 (0xfe498e23) sb      tp, -4(s3)
core   0: 3 0x80000e84 (0xfe498e23) mem 0x80016d00 0x0
core   0: 0x80000e88 (0x00008c0d) c.sub   s0, a1
core   0: 3 0x80000e88 (0x8c0d) x 8 0x7ffd931c
core   0: 0x80000e8a (0x00006e85) c.lui   t4, 0x1
core   0: 3 0x80000e8a (0x6e85) x29 0x00001000
core   0: 0x80000e8c (0x8270fa93) andi    s5, ra, -2009
core   0: 3 0x80000e8c (0x8270fa93) x21 0x8000d804
core   0: 0x80000e90 (0x026768b3) rem     a7, a4, t1
core   0: 3 0x80000e90 (0x026768b3) x17 0x0000000f
core   0: 0x80000e94 (0x00d9c603) lbu     a2, 13(s3)
core   0: 3 0x80000e94 (0x00d9c603) x12 0x000000ca mem 0x80016d11
core   0: 0x80000e98 (0x0019c003) lbu     zero, 1(s3)
core   0: 3 0x80000e98 (0x0019c003) mem 0x80016d05
core   0: 0x80000e9c (0x00c9ce03) lbu     t3, 12(s3)
core   0: 3 0x80000e9c (0x00c9ce03) x28 0x000000cb mem 0x80016d10
core   0: 0x80000ea0 (0x0000ed97) auipc   s11, 0xe
core   0: 3 0x80000ea0 (0x0000ed97) x27 0x8000eea0
core   0: 0x80000ea4 (0x2bbd8d93) addi    s11, s11, 699
core   0: 3 0x80000ea4 (0x2bbd8d93) x27 0x8000f15b
core   0: 0x80000ea8 (0x01c3d093) srli    ra, t2, 28
core   0: 3 0x80000ea8 (0x01c3d093) x 1 0x00000000
core   0: 0x80000eac (0x036ca633) mulhsu  a2, s9, s6
core   0: 3 0x80000eac (0x036ca633) x12 0x00000000
core   0: 0x80000eb0 (0x071dd783) lhu     a5, 113(s11)
core   0: 3 0x80000eb0 (0x071dd783) x15 0x00008687 mem 0x8000f1cc
core   0: 0x80000eb4 (0x008d8623) sb      s0, 12(s11)
core   0: 3 0x80000eb4 (0x008d8623) mem 0x8000f167 0x1c
core   0: 0x80000eb8 (0x056dc683) lbu     a3, 86(s11)
core   0: 3 0x80000eb8 (0x056dc683) x13 0x0000006a mem 0x8000f1b1
core   0: 0x80000ebc (0x0a8d8b23) sb      s0, 182(s11)
core   0: 3 0x80000ebc (0x0a8d8b23) mem 0x8000f211 0x1c
core   0: 0x80000ec0 (0x009ed313) srli    t1, t4, 9
core   0: 3 0x80000ec0 (0x009ed313) x 6 0x00000008
core   0: 0x80000ec4 (0xf53d9e03) lh      t3, -173(s11)
core   0: 3 0x80000ec4 (0xf53d9e03) x28 0x00006465 mem 0x8000f0ae
core   0: 0x80000ec8 (0x00008c65) c.and   s0, s1
core   0: 3 0x80000ec8 (0x8c65) x 8 0x0000021c
core   0: 0x80000eca (0x00008ef5) c.and   a3, a3
core   0: 3 0x80000eca (0x8ef5) x13 0x0000006a
core   0: 0x80000ecc (0x0363d9b3) divu    s3, t2, s6
core   0: 3 0x80000ecc (0x0363d9b3) x19 0x00000002
core   0: 0x80000ed0 (0x012d8723) sb      s2, 14(s11)
core   0: 3 0x80000ed0 (0x012d8723) mem 0x8000f169 0xb8
core   0: 0x80000ed4 (0xf35d8f83) lb      t6, -203(s11)
core   0: 3 0x80000ed4 (0xf35d8f83) x31 0x0000004b mem 0x8000f090
core   0: 0x80000ed8 (0x00009f62) c.add   t5, s8
core   0: 3 0x80000ed8 (0x9f62) x30 0x00003e3f
core   0: 0x80000eda (0xfb0d8423) sb      a6, -88(s11)
core   0: 3 0x80000eda (0xfb0d8423) mem 0x8000f103 0x0
core   0: 0x80000ede (0x00ce50b3) srl     ra, t3, a2
core   0: 3 0x80000ede (0x00ce50b3) x 1 0x00006465
core   0: 0x80000ee2 (0x5e4f7c13) andi    s8, t5, 1508
core   0: 3 0x80000ee2 (0x5e4f7c13) x24 0x00000424
core   0: 0x80000ee6 (0x56b56b13) ori     s6, a0, 1387
core   0: 3 0x80000ee6 (0x56b56b13) x22 0x80022f6f
core   0: 0x80000eea (0x091d83a3) sb      a7, 135(s11)
core   0: 3 0x80000eea (0x091d83a3) mem 0x8000f1e2 0xf
core   0: 0x80000eee (0x0d7d9ba3) sh      s7, 215(s11)
core   0: 3 0x80000eee (0x0d7d9ba3) mem 0x8000f232 0xd854
core   0: 0x80000ef2 (0xf10d83a3) sb      a6, -249(s11)
core   0: 3 0x80000ef2 (0xf10d83a3) mem 0x8000f062 0x0
core   0: 0x80000ef6 (0x00008d26) c.mv    s10, s1
core   0: 3 0x80000ef6 (0x8d26) x26 0x000002fc
core   0: 0x80000ef8 (0x00008356) c.mv    t1, s5
core   0: 3 0x80000ef8 (0x8356) x 6 0x8000d804
core   0: 0x80000efa (0xf8ddc783) lbu     a5, -115(s11)
core   0: 3 0x80000efa (0xf8ddc783) x15 0x000000a3 mem 0x8000f0e8
core   0: 0x80000efe (0x063dc483) lbu     s1, 99(s11)
core   0: 3 0x80000efe (0x063dc483) x 9 0x00000075 mem 0x8000f1be
core   0: 0x80000f02 (0x00008c39) c.xor   s0, a4
core   0: 3 0x80000f02 (0x8c39) x 8 0x7ffdd053
core   0: 0x80000f04 (0x1df82e93) slti    t4, a6, 479
core   0: 3 0x80000f04 (0x1df82e93) x29 0x00000001
core   0: 0x80000f08 (0x00008c09) c.sub   s0, a0
core   0: 3 0x80000f08 (0x8c09) x 8 0xfffba1ef
core   0: 0x80000f0a (0x63262413) slti    s0, a2, 1586
core   0: 3 0x80000f0a (0x63262413) x 8 0x00000001
core   0: 0x80000f0e (0x00004ccd) c.li    s9, 19
core   0: 3 0x80000f0e (0x4ccd) x25 0x00000013
core   0: 0x80000f10 (0x076d8b83) lb      s7, 118(s11)
core   0: 3 0x80000f10 (0x076d8b83) x23 0xffffff8a mem 0x8000f1d1
core   0: 0x80000f14 (0x41658333) sub     t1, a1, s6
core   0: 3 0x80000f14 (0x41658333) x 6 0x00003d75
core   0: 0x80000f18 (0x402ddc93) srai    s9, s11, 2
core   0: 3 0x80000f18 (0x402ddc93) x25 0xe0003c56
core   0: 0x80000f1c (0xfafdcf83) lbu     t6, -81(s11)
core   0: 3 0x80000f1c (0xfafdcf83) x31 0x000000c1 mem 0x8000f10a
core   0: 0x80000f20 (0x00008ec1) c.or    a3, s0
core   0: 3 0x80000f20 (0x8ec1) x13 0x0000006b
core   0: 0x80000f22 (0x04bd9283) lh      t0, 75(s11)
core   0: 3 0x80000f22 (0x04bd9283) x 5 0x00005c5d mem 0x8000f1a6
core   0: 0x80000f26 (0xf24dc003) lbu     zero, -220(s11)
core   0: 3 0x80000f26 (0xf24dc003) mem 0x8000f07f
core   0: 0x80000f2a (0x09ad8183) lb      gp, 154(s11)
core   0: 3 0x80000f2a (0x09ad8183) x 3 0xffffffae mem 0x8000f1f5
core   0: 0x80000f2e (0x0e8d8d03) lb      s10, 232(s11)
core   0: 3 0x80000f2e (0x0e8d8d03) x26 0xfffffff8 mem 0x8000f243
core   0: 0x80000f32 (0xf0bd8383) lb      t2, -245(s11)
core   0: 3 0x80000f32 (0xf0bd8383) x 7 0x0000001d mem 0x8000f066
core   0: 0x80000f36 (0x09edcd03) lbu     s10, 158(s11)
core   0: 3 0x80000f36 (0x09edcd03) x26 0x000000b2 mem 0x8000f1f9
core   0: 0x80000f3a (0xf6fdc883) lbu     a7, -145(s11)
core   0: 3 0x80000f3a (0xf6fdc883) x17 0x00000081 mem 0x8000f0ca
core   0: 0x80000f3e (0x41f25f93) srai    t6, tp, 31
core   0: 3 0x80000f3e (0x41f25f93) x31 0x00000000
core   0: 0x80000f42 (0xa38c7413) andi    s0, s8, -1480
core   0: 3 0x80000f42 (0xa38c7413) x 8 0x00000020
core   0: 0x80000f46 (0x00000001) c.nop
core   0: 3 0x80000f46 (0x0001)
core   0: 0x80000f48 (0x042d8e23) sb      sp, 92(s11)
core   0: 3 0x80000f48 (0x042d8e23) mem 0x8000f1b7 0xcb
core   0: 0x80000f4c (0x31e66c13) ori     s8, a2, 798
core   0: 3 0x80000f4c (0x31e66c13) x24 0x0000031e
core   0: 0x80000f50 (0x06cd8c03) lb      s8, 108(s11)
core   0: 3 0x80000f50 (0x06cd8c03) x24 0x0000007c mem 0x8000f1c7
core   0: 0x80000f54 (0x07ad8c03) lb      s8, 122(s11)
core   0: 3 0x80000f54 (0x07ad8c03) x24 0xffffff8e mem 0x8000f1d5
core   0: 0x80000f58 (0x0000031d) c.addi  t1, 7
core   0: 3 0x80000f58 (0x031d) x 6 0x00003d7c
core   0: 0x80000f5a (0x012eff33) and     t5, t4, s2
core   0: 3 0x80000f5a (0x012eff33) x30 0x00000000
core   0: 0x80000f5e (0xfc8d8123) sb      s0, -62(s11)
core   0: 3 0x80000f5e (0xfc8d8123) mem 0x8000f11d 0x20
core   0: 0x80000f62 (0x0000100f) fence.i
core   0: 3 0x80000f62 (0x0000100f)
core   0: 0x80000f66 (0xf09ddb83) lhu     s7, -247(s11)
core   0: 3 0x80000f66 (0xf09ddb83) x23 0x00001e1f mem 0x8000f064
core   0: 0x80000f6a (0x401481b3) sub     gp, s1, ra
core   0: 3 0x80000f6a (0x401481b3) x 3 0xffff9c10
core   0: 0x80000f6e (0xf6cd8803) lb      a6, -148(s11)
core   0: 3 0x80000f6e (0xf6cd8803) x16 0x0000007c mem 0x8000f0c7
core   0: 0x80000f72 (0x06fd9c03) lh      s8, 111(s11)
core   0: 3 0x80000f72 (0x06fd9c03) x24 0xffff8081 mem 0x8000f1ca
core   0: 0x80000f76 (0x0000c697) auipc   a3, 0xc
core   0: 3 0x80000f76 (0x0000c697) x13 0x8000cf76
core   0: 0x80000f7a (0x31c68693) addi    a3, a3, 796
core   0: 3 0x80000f7a (0x31c68693) x13 0x8000d292
core   0: 0x80000f7e (0x02a3c8b3) div     a7, t2, a0
core   0: 3 0x80000f7e (0x02a3c8b3) x17 0x00000000
core   0: 0x80000f82 (0x00668023) sb      t1, 0(a3)
core   0: 3 0x80000f82 (0x00668023) mem 0x8000d292 0x7c
core   0: 0x80000f86 (0x02cbc133) div     sp, s7, a2
core   0: 3 0x80000f86 (0x02cbc133) x 2 0xffffffff
core   0: 0x80000f8a (0x00000001) c.nop
core   0: 3 0x80000f8a (0x0001)
core   0: 0x80000f8c (0xfe76ce83) lbu     t4, -25(a3)
core   0: 3 0x80000f8c (0xfe76ce83) x29 0x00000032 mem 0x8000d279
core   0: 0x80000f90 (0x00004c71) c.li    s8, 28
core   0: 3 0x80000f90 (0x4c71) x24 0x0000001c
core   0: 0x80000f92 (0x0000717d) c.addi16sp sp, -16
core   0: 3 0x80000f92 (0x717d) x 2 0xffffffef
core   0: 0x80000f94 (0x00008e45) c.or    a2, s1
core   0: 3 0x80000f94 (0x8e45) x12 0x00000075
core   0: 0x80000f96 (0x00b687a3) sb      a1, 15(a3)
core   0: 3 0x80000f96 (0x00b687a3) mem 0x8000d2a1 0xe4
core   0: 0x80000f9a (0x0ff0000f) fence   iorw,iorw
core   0: 3 0x80000f9a (0x0ff0000f)
core   0: 0x80000f9e (0xfd968da3) sb      s9, -37(a3)
core   0: 3 0x80000f9e (0xfd968da3) mem 0x8000d26d 0x56
core   0: 0x80000fa2 (0xfc668f83) lb      t6, -58(a3)
core   0: 3 0x80000fa2 (0xfc668f83) x31 0x00000013 mem 0x8000d258
core   0: 0x80000fa6 (0xfe868383) lb      t2, -24(a3)
core   0: 3 0x80000fa6 (0xfe868383) x 7 0x00000031 mem 0x8000d27a
core   0: 0x80000faa (0x02668aa3) sb      t1, 53(a3)
core   0: 3 0x80000faa (0x02668aa3) mem 0x8000d2c7 0x7c
core   0: 0x80000fae (0x0276c283) lbu     t0, 39(a3)
core   0: 3 0x80000fae (0x0276c283) x 5 0x00000072 mem 0x8000d2b9
core   0: 0x80000fb2 (0x02d398b3) mulh    a7, t2, a3
core   0: 3 0x80000fb2 (0x02d398b3) x17 0xffffffe7
core   0: 0x80000fb6 (0x0096cd83) lbu     s11, 9(a3)
core   0: 3 0x80000fb6 (0x0096cd83) x27 0x00000050 mem 0x8000d29b
core   0: 0x80000fba (0x016217b3) sll     a5, tp, s6
core   0: 3 0x80000fba (0x016217b3) x15 0x00000000
core   0: 0x80000fbe (0x00006c7d) c.lui   s8, 0x1f
core   0: 3 0x80000fbe (0x6c7d) x24 0x0001f000
core   0: 0x80000fc0 (0x34d41e17) auipc   t3, 0x34d41
core   0: 3 0x80000fc0 (0x34d41e17) x28 0xb4d41fc0
core   0: 0x80000fc4 (0x03469e23) sh      s4, 60(a3)
core   0: 3 0x80000fc4 (0x03469e23) mem 0x8000d2ce 0x0001
core   0: 0x80000fc8 (0x87201097) auipc   ra, 0x87201
core   0: 3 0x80000fc8 (0x87201097) x 1 0x07201fc8
core   0: 0x80000fcc (0x00008445) c.srai  s0, 17
core   0: 3 0x80000fcc (0x8445) x 8 0x00000000
core   0: 0x80000fce (0x00009b66) c.add   s6, s9
core   0: 3 0x80000fce (0x9b66) x22 0x60026bc5
core   0: 0x80000fd0 (0x00e6da03) lhu     s4, 14(a3)
core   0: 3 0x80000fd0 (0x00e6da03) x20 0x0000e45b mem 0x8000d2a0
core   0: 0x80000fd4 (0x025c2333) mulhsu  t1, s8, t0
core   0: 3 0x80000fd4 (0x025c2333) x 6 0x00000000
core   0: 0x80000fd8 (0x02293ab3) mulhu   s5, s2, sp
core   0: 3 0x80000fd8 (0x02293ab3) x21 0xffffffa7
core   0: 0x80000fdc (0x53b40493) addi    s1, s0, 1339
core   0: 3 0x80000fdc (0x53b40493) x 9 0x0000053b
core   0: 0x80000fe0 (0x03568083) lb      ra, 53(a3)
core   0: 3 0x80000fe0 (0x03568083) x 1 0x0000007c mem 0x8000d2c7
core   0: 0x80000fe4 (0x000098ba) c.add   a7, a4
core   0: 3 0x80000fe4 (0x98ba) x17 0x7ffdd236
core   0: 0x80000fe6 (0x000098fd) c.andi  s1, -1
core   0: 3 0x80000fe6 (0x98fd) x 9 0x0000053b
core   0: 0x80000fe8 (0x01868823) sb      s8, 16(a3)
core   0: 3 0x80000fe8 (0x01868823) mem 0x8000d2a2 0x0
core   0: 0x80000fec (0xff768b23) sb      s7, -10(a3)
core   0: 3 0x80000fec (0xff768b23) mem 0x8000d288 0x1f
core   0: 0x80000ff0 (0x02368423) sb      gp, 40(a3)
core   0: 3 0x80000ff0 (0x02368423) mem 0x8000d2ba 0x10
core   0: 0x80000ff4 (0xfcd68aa3) sb      a3, -43(a3)
core   0: 3 0x80000ff4 (0xfcd68aa3) mem 0x8000d267 0x92
core   0: 0x80000ff8 (0x40ab5293) srai    t0, s6, 10
core   0: 3 0x80000ff8 (0x40ab5293) x 5 0x0018009a
core   0: 0x80000ffc (0x00008fe5) c.and   a5, s1
core   0: 3 0x80000ffc (0x8fe5) x15 0x00000000
core   0: 0x80000ffe (0xff3689a3) sb      s3, -13(a3)
core   0: 3 0x80000ffe (0xff3689a3) mem 0x8000d285 0x2
core   0: 0x80001002 (0x01f6c283) lbu     t0, 31(a3)
core   0: 3 0x80001002 (0x01f6c283) x 5 0x0000006a mem 0x8000d2b1
core   0: 0x80001006 (0x00000001) c.nop
core   0: 3 0x80001006 (0x0001)
core   0: 0x80001008 (0x00768ea3) sb      t2, 29(a3)
core   0: 3 0x80001008 (0x00768ea3) mem 0x8000d2af 0x31
core   0: 0x8000100c (0xfe768783) lb      a5, -25(a3)
core   0: 3 0x8000100c (0xfe768783) x15 0x00000032 mem 0x8000d279
core   0: 0x80001010 (0x0001a117) auipc   sp, 0x1a
core   0: 3 0x80001010 (0x0001a117) x 2 0x8001b010
core   0: 0x80001014 (0x88710113) addi    sp, sp, -1913
core   0: 3 0x80001014 (0x88710113) x 2 0x8001a897
core   0: 0x80001018 (0x00008c01) c.sub   s0, s0
core   0: 3 0x80001018 (0x8c01) x 8 0x00000000
core   0: 0x8000101a (0x01bba333) slt     t1, s7, s11
core   0: 3 0x8000101a (0x01bba333) x 6 0x00000000
core   0: 0x8000101e (0x00008efd) c.and   a3, a5
core   0: 3 0x8000101e (0x8efd) x13 0x00000012
core   0: 0x80001020 (0x008c7cb3) and     s9, s8, s0
core   0: 3 0x80001020 (0x008c7cb3) x25 0x00000000
core   0: 0x80001024 (0x0000137d) c.addi  t1, -1
core   0: 3 0x80001024 (0x137d) x 6 0xffffffff
core   0: 0x80001026 (0x02e10083) lb      ra, 46(sp)
core   0: 3 0x80001026 (0x02e10083) x 1 0x0000007e mem 0x8001a8c5
core   0: 0x8000102a (0x00006c69) c.lui   s8, 0x1a
core   0: 3 0x8000102a (0x6c69) x24 0x0001a000
core   0: 0x8000102c (0x02d15603) lhu     a2, 45(sp)
core   0: 3 0x8000102c (0x02d15603) x12 0x00007e7f mem 0x8001a8c4
core   0: 0x80001030 (0xdef03893) sltiu   a7, zero, -529
core   0: 3 0x80001030 (0xdef03893) x17 0x00000001
core   0: 0x80001034 (0x00008e51) c.or    a2, a2
core   0: 3 0x80001034 (0x8e51) x12 0x00007e7f
core   0: 0x80001036 (0x037a22b3) mulhsu  t0, s4, s7
core   0: 3 0x80001036 (0x037a22b3) x 5 0x00000000
core   0: 0x8000103a (0x00e14483) lbu     s1, 14(sp)
core   0: 3 0x8000103a (0x00e14483) x 9 0x0000005e mem 0x8001a8a5
core   0: 0x8000103e (0x01c14a03) lbu     s4, 28(sp)
core   0: 3 0x8000103e (0x01c14a03) x20 0x00000068 mem 0x8001a8b3
core   0: 0x80001042 (0x02e14683) lbu     a3, 46(sp)
core   0: 3 0x80001042 (0x02e14683) x13 0x0000007e mem 0x8001a8c5
core   0: 0x80001046 (0x59e3c813) xori    a6, t2, 1438
core   0: 3 0x80001046 (0x59e3c813) x16 0x000005af
core   0: 0x8000104a (0x4175da93) srai    s5, a1, 23
core   0: 3 0x8000104a (0x4175da93) x21 0xffffff00
core   0: 0x8000104e (0x01810a03) lb      s4, 24(sp)
core   0: 3 0x8000104e (0x01810a03) x20 0x00000064 mem 0x8001a8af
core   0: 0x80001052 (0x00114183) lbu     gp, 1(sp)
core   0: 3 0x80001052 (0x00114183) x 3 0x00000053 mem 0x8001a898
core   0: 0x80001056 (0x02f10c23) sb      a5, 56(sp)
core   0: 3 0x80001056 (0x02f10c23) mem 0x8001a8cf 0x32
core   0: 0x8000105a (0x018f6f33) or      t5, t5, s8
core   0: 3 0x8000105a (0x018f6f33) x30 0x0001a000
core   0: 0x8000105e (0x410988b3) sub     a7, s3, a6
core   0: 3 0x8000105e (0x410988b3) x17 0xfffffa53
core   0: 0x80001062 (0x000081d6) c.mv    gp, s5
core   0: 3 0x80001062 (0x81d6) x 3 0xffffff00
core   0: 0x80001064 (0x005dba33) sltu    s4, s11, t0
core   0: 3 0x80001064 (0x005dba33) x20 0x00000000
core   0: 0x80001068 (0xfe810323) sb      s0, -26(sp)
core   0: 3 0x80001068 (0xfe810323) mem 0x8001a87d 0x0
core   0: 0x8000106c (0xfde10783) lb      a5, -34(sp)
core   0: 3 0x8000106c (0xfde10783) x15 0x0000002e mem 0x8001a875
core   0: 0x80001070 (0x00000001) c.nop
core   0: 3 0x80001070 (0x0001)
core   0: 0x80001072 (0x01810b83) lb      s7, 24(sp)
core   0: 3 0x80001072 (0x01810b83) x23 0x00000064 mem 0x8001a8af
core   0: 0x80001076 (0x00000001) c.nop
core   0: 3 0x80001076 (0x0001)
core   0: 0x80001078 (0x016d87b3) add     a5, s11, s6
core   0: 3 0x80001078 (0x016d87b3) x15 0x60026c15
core   0: 0x8000107c (0x00008eb9) c.xor   a3, a4
core   0: 3 0x8000107c (0x8eb9) x13 0x7ffdd231
core   0: 0x8000107e (0xfc915303) lhu     t1, -55(sp)
core   0: 3 0x8000107e (0xfc915303) x 6 0x00001a1b mem 0x8001a860
core   0: 0x80001082 (0x0000e817) auipc   a6, 0xe
core   0: 3 0x80001082 (0x0000e817) x16 0x8000f082
core   0: 0x80001086 (0x19e80813) addi    a6, a6, 414
core   0: 3 0x80001086 (0x19e80813) x16 0x8000f220
core   0: 0x8000108a (0x0f080423) sb      a6, 232(a6)
core   0: 3 0x8000108a (0x0f080423) mem 0x8000f308 0x20
core   0: 0x8000108e (0x0000912e) c.add   sp, a1
core   0: 3 0x8000108e (0x912e) x 2 0x0004157b
core   0: 0x80001090 (0xf5180983) lb      s3, -175(a6)
core   0: 3 0x80001090 (0xf5180983) x19 0x0000002a mem 0x8000f171
core   0: 0x80001094 (0x00008c51) c.or    s0, a2
core   0: 3 0x80001094 (0x8c51) x 8 0x00007e7f
core   0: 0x80001096 (0xfa384d83) lbu     s11, -93(a6)
core   0: 3 0x80001096 (0xfa384d83) x27 0x00000078 mem 0x8000f1c3
core   0: 0x8000109a (0x0000717d) c.addi16sp sp, -16
core   0: 3 0x8000109a (0x717d) x 2 0x0004156b
core   0: 0x8000109c (0x40dad913) srai    s2, s5, 13
core   0: 3 0x8000109c (0x40dad913) x18 0xffffffff
core   0: 0x800010a0 (0x0000537d) c.li    t1, -1
core   0: 3 0x800010a0 (0x537d) x 6 0xffffffff
core   0: 0x800010a2 (0x015f4033) xor     zero, t5, s5
core   0: 3 0x800010a2 (0x015f4033)
core   0: 0x800010a6 (0x0000100f) fence.i
core   0: 3 0x800010a6 (0x0000100f)
core   0: 0x800010aa (0x00000001) c.nop
core   0: 3 0x800010aa (0x0001)
core   0: 0x800010ac (0x00009afd) c.andi  a3, -1
core   0: 3 0x800010ac (0x9afd) x13 0x7ffdd231
core   0: 0x800010ae (0x0033a9b3) slt     s3, t2, gp
core   0: 3 0x800010ae (0x0033a9b3) x19 0x00000000
core   0: 0x800010b2 (0x0107dbb3) srl     s7, a5, a6
core   0: 3 0x800010b2 (0x0107dbb3) x23 0x60026c15
core   0: 0x800010b6 (0xfeb84983) lbu     s3, -21(a6)
core   0: 3 0x800010b6 (0xfeb84983) x19 0x000000c0 mem 0x8000f20b
core   0: 0x800010ba (0x01184903) lbu     s2, 17(a6)
core   0: 3 0x800010ba (0x01184903) x18 0x000000ea mem 0x8000f231
core   0: 0x800010be (0x030706b3) mul     a3, a4, a6
core   0: 3 0x800010be (0x030706b3) x13 0x7088f7e0
core   0: 0x800010c2 (0xf8a84e03) lbu     t3, -118(a6)
core   0: 3 0x800010c2 (0xf8a84e03) x28 0x00000061 mem 0x8000f1aa
core   0: 0x800010c6 (0x00000001) c.nop
core   0: 3 0x800010c6 (0x0001)
core   0: 0x800010c8 (0x02b80da3) sb      a1, 59(a6)
core   0: 3 0x800010c8 (0x02b80da3) mem 0x8000f25b 0xe4
core   0: 0x800010cc (0x037caa33) mulhsu  s4, s9, s7
core   0: 3 0x800010cc (0x037caa33) x20 0x00000000
core   0: 0x800010d0 (0x00008c49) c.or    s0, a0
core   0: 3 0x800010d0 (0x8c49) x 8 0x80027e7f
core   0: 0x800010d2 (0x0b684103) lbu     sp, 182(a6)
core   0: 3 0x800010d2 (0x0b684103) x 2 0x0000008d mem 0x8000f2d6
core   0: 0x800010d6 (0xf8c80c83) lb      s9, -116(a6)
core   0: 3 0x800010d6 (0xf8c80c83) x25 0x00000067 mem 0x8000f1ac
core   0: 0x800010da (0x0007e9b3) or      s3, a5, zero
core   0: 3 0x800010da (0x0007e9b3) x19 0x60026c15
core   0: 0x800010de (0x02276bb3) rem     s7, a4, sp
core   0: 3 0x800010de (0x02276bb3) x23 0x00000084
core   0: 0x800010e2 (0x0000717d) c.addi16sp sp, -16
core   0: 3 0x800010e2 (0x717d) x 2 0x0000007d
core   0: 0x800010e4 (0x41bf0033) sub     zero, t5, s11
core   0: 3 0x800010e4 (0x41bf0033)
core   0: 0x800010e8 (0xc4db0a13) addi    s4, s6, -947
core   0: 3 0x800010e8 (0xc4db0a13) x20 0x60026812
core   0: 0x800010ec (0xf8485303) lhu     t1, -124(a6)
core   0: 3 0x800010ec (0xf8485303) x 6 0x00005e5f mem 0x8000f1a4
core   0: 0x800010f0 (0x00008bd9) c.andi  a5, 22
core   0: 3 0x800010f0 (0x8bd9) x15 0x00000014
core   0: 0x800010f2 (0x02634c33) div     s8, t1, t1
core   0: 3 0x800010f2 (0x02634c33) x24 0x00000001
core   0: 0x800010f6 (0x016bdb33) srl     s6, s7, s6
core   0: 3 0x800010f6 (0x016bdb33) x22 0x00000004
core   0: 0x800010fa (0xfe685483) lhu     s1, -26(a6)
core   0: 3 0x800010fa (0xfe685483) x 9 0x0000bcbd mem 0x8000f206
core   0: 0x800010fe (0x0169fb33) and     s6, s3, s6
core   0: 3 0x800010fe (0x0169fb33) x22 0x00000004
core   0: 0x80001102 (0xfd584003) lbu     zero, -43(a6)
core   0: 3 0x80001102 (0xfd584003) mem 0x8000f1f5
core   0: 0x80001106 (0xfd6807a3) sb      s6, -49(a6)
core   0: 3 0x80001106 (0xfd6807a3) mem 0x8000f1ef 0x4
core   0: 0x8000110a (0x032dd4b3) divu    s1, s11, s2
core   0: 3 0x8000110a (0x032dd4b3) x 9 0x00000000
core   0: 0x8000110e (0x0f884483) lbu     s1, 248(a6)
core   0: 3 0x8000110e (0x0f884483) x 9 0x000000d3 mem 0x8000f318
core   0: 0x80001112 (0xf6b80fa3) sb      a1, -129(a6)
core   0: 3 0x80001112 (0xf6b80fa3) mem 0x8000f19f 0xe4
core   0: 0x80001116 (0x00000289) c.addi  t0, 2
core   0: 3 0x80001116 (0x0289) x 5 0x00000002
core   0: 0x80001118 (0x00000001) c.nop
core   0: 3 0x80001118 (0x0001)
core   0: 0x8000111a (0x09b80223) sb      s11, 132(a6)
core   0: 3 0x8000111a (0x09b80223) mem 0x8000f2a4 0x78
core   0: 0x8000111e (0x02f3a8b3) mulhsu  a7, t2, a5
core   0: 3 0x8000111e (0x02f3a8b3) x17 0x00000000
core   0: 0x80001122 (0x01befd33) and     s10, t4, s11
core   0: 3 0x80001122 (0x01befd33) x26 0x00000030
core   0: 0x80001126 (0xf0d80b83) lb      s7, -243(a6)
core   0: 3 0x80001126 (0xf0d80b83) x23 0xffffffe6 mem 0x8000f12d
core   0: 0x8000112a (0x00015e97) auipc   t4, 0x15
core   0: 3 0x8000112a (0x00015e97) x29 0x8001612a
core   0: 0x8000112e (0x276e8e93) addi    t4, t4, 630
core   0: 3 0x8000112e (0x276e8e93) x29 0x800163a0
core   0: 0x80001132 (0x00008772) c.mv    a4, t3
core   0: 3 0x80001132 (0x8772) x14 0x00000061
core   0: 0x80001134 (0x00001dfd) c.addi  s11, -1
core   0: 3 0x80001134 (0x1dfd) x27 0x00000077
core   0: 0x80001136 (0xb24ed683) lhu     a3, -1244(t4)
core   0: 3 0x80001136 (0xb24ed683) x13 0x00007e7f mem 0x80015ec4
core   0: 0x8000113a (0x0d033193) sltiu   gp, t1, 208
core   0: 3 0x8000113a (0x0d033193) x 3 0x00000000
core   0: 0x8000113e (0x02e36ab3) rem     s5, t1, a4
core   0: 3 0x8000113e (0x02e36ab3) x21 0x00000006
core   0: 0x80001142 (0x000081c2) c.mv    gp, a6
core   0: 3 0x80001142 (0x81c2) x 3 0x8000f220
core   0: 0x80001144 (0x00006bb1) c.lui   s7, 0xc
core   0: 3 0x80001144 (0x6bb1) x23 0x0000c000
core   0: 0x80001146 (0x49de8f83) lb      t6, 1181(t4)
core   0: 3 0x80001146 (0x49de8f83) x31 0xfffffff6 mem 0x8001683d
core   0: 0x8000114a (0xb01e8a03) lb      s4, -1279(t4)
core   0: 3 0x8000114a (0xb01e8a03) x20 0x0000005a mem 0x80015ea1
core   0: 0x8000114e (0xb35e8303) lb      t1, -1227(t4)
core   0: 3 0x8000114e (0xb35e8303) x 6 0xffffff8e mem 0x80015ed5
core   0: 0x80001152 (0x256e8f03) lb      t5, 598(t4)
core   0: 3 0x80001152 (0x256e8f03) x30 0xffffffad mem 0x800165f6
core   0: 0x80001156 (0x952ea623) sw      s2, -1716(t4)
core   0: 3 0x80001156 (0x952ea623) mem 0x80015cec 0x000000ea
core   0: 0x8000115a (0x014fbc33) sltu    s8, t6, s4
core   0: 3 0x8000115a (0x014fbc33) x24 0x00000000
core   0: 0x8000115e (0x146ecf03) lbu     t5, 326(t4)
core   0: 3 0x8000115e (0x146ecf03) x30 0x0000009d mem 0x800164e6
core   0: 0x80001162 (0xd1fec003) lbu     zero, -737(t4)
core   0: 3 0x80001162 (0xd1fec003) mem 0x800160bf
core   0: 0x80001166 (0x6d853813) sltiu   a6, a0, 1752
core   0: 3 0x80001166 (0x6d853813) x16 0x00000000
core   0: 0x8000116a (0x006d9193) slli    gp, s11, 6
core   0: 3 0x8000116a (0x006d9193) x 3 0x00001dc0
core   0: 0x8000116e (0x1c287917) auipc   s2, 0x1c287
core   0: 3 0x8000116e (0x1c287917) x18 0x9c28816e
core   0: 0x80001172 (0xb60e8423) sb      zero, -1176(t4)
core   0: 3 0x80001172 (0xb60e8423) mem 0x80015f08 0x0
core   0: 0x80001176 (0xd8be8da3) sb      a1, -613(t4)
core   0: 3 0x80001176 (0xd8be8da3) mem 0x8001613b 0xe4
core   0: 0x8000117a (0x8c5e8623) sb      t0, -1844(t4)
core   0: 3 0x8000117a (0x8c5e8623) mem 0x80015c6c 0x2
core   0: 0x8000117e (0x2a1e84a3) sb      ra, 681(t4)
core   0: 3 0x8000117e (0x2a1e84a3) mem 0x80016649 0x7e
core   0: 0x80001182 (0x00008ebd) c.xor   a3, a5
core   0: 3 0x80001182 (0x8ebd) x13 0x00007e6b
core   0: 0x80001184 (0x71ae8083) lb      ra, 1818(t4)
core   0: 3 0x80001184 (0x71ae8083) x 1 0x00000071 mem 0x80016aba
core   0: 0x80001188 (0x41cf84b3) sub     s1, t6, t3
core   0: 3 0x80001188 (0x41cf84b3) x 9 0xffffff95
core   0: 0x8000118c (0x9d5e8123) sb      s5, -1598(t4)
core   0: 3 0x8000118c (0x9d5e8123) mem 0x80015d62 0x6
core   0: 0x80001190 (0x540e89a3) sb      zero, 1363(t4)
core   0: 3 0x80001190 (0x540e89a3) mem 0x800168f3 0x0
core   0: 0x80001194 (0x000ed493) srli    s1, t4, 0
core   0: 3 0x80001194 (0x000ed493) x 9 0x800163a0
core   0: 0x80001198 (0x048e9403) lh      s0, 72(t4)
core   0: 3 0x80001198 (0x048e9403) x 8 0xffffa2a3 mem 0x800163e8
core   0: 0x8000119c (0x00008e72) c.mv    t3, t3
core   0: 3 0x8000119c (0x8e72) x28 0x00000061
core   0: 0x8000119e (0x90913893) sltiu   a7, sp, -1783
core   0: 3 0x8000119e (0x90913893) x17 0x00000001
core   0: 0x800011a2 (0xd17e8623) sb      s7, -756(t4)
core   0: 3 0x800011a2 (0xd17e8623) mem 0x800160ac 0x0
core   0: 0x800011a6 (0x0197e3b3) or      t2, a5, s9
core   0: 3 0x800011a6 (0x0197e3b3) x 7 0x00000077
core   0: 0x800011aa (0xd56ec283) lbu     t0, -682(t4)
core   0: 3 0x800011aa (0xd56ec283) x 5 0x000000ad mem 0x800160f6
core   0: 0x800011ae (0x00006931) c.lui   s2, 0xc
core   0: 3 0x800011ae (0x6931) x18 0x0000c000
core   0: 0x800011b0 (0x5d8ec103) lbu     sp, 1496(t4)
core   0: 3 0x800011b0 (0x5d8ec103) x 2 0x00000033 mem 0x80016978
core   0: 0x800011b4 (0x8afe8183) lb      gp, -1873(t4)
core   0: 3 0x800011b4 (0x8afe8183) x 3 0x00000004 mem 0x80015c4f
core   0: 0x800011b8 (0x00008fad) c.xor   a5, a1
core   0: 3 0x800011b8 (0x8fad) x15 0x80026cf0
core   0: 0x800011ba (0x00e53cb3) sltu    s9, a0, a4
core   0: 3 0x800011ba (0x00e53cb3) x25 0x00000000
core   0: 0x800011be (0x000083cd) c.srli  a5, 19
core   0: 3 0x800011be (0x83cd) x15 0x00001000
core   0: 0x800011c0 (0x00001633) sll     a2, zero, zero
core   0: 3 0x800011c0 (0x00001633) x12 0x00000000
core   0: 0x800011c4 (0x01ec6cb3) or      s9, s8, t5
core   0: 3 0x800011c4 (0x01ec6cb3) x25 0x0000009d
core   0: 0x800011c8 (0xa73e9b23) sh      s3, -1418(t4)
core   0: 3 0x800011c8 (0xa73e9b23) mem 0x80015e16 0x6c15
core   0: 0x800011cc (0x95ce8ea3) sb      t3, -1699(t4)
core   0: 3 0x800011cc (0x95ce8ea3) mem 0x80015cfd 0x61
core   0: 0x800011d0 (0x00000392) c.slli  t2, 4
core   0: 3 0x800011d0 (0x0392) x 7 0x00000770
core   0: 0x800011d2 (0xdd93c313) xori    t1, t2, -551
core   0: 3 0x800011d2 (0xdd93c313) x 6 0xfffffaa9
core   0: 0x800011d6 (0x164e8b23) sb      tp, 374(t4)
core   0: 3 0x800011d6 (0x164e8b23) mem 0x80016516 0x0
core   0: 0x800011da (0xd93e8c03) lb      s8, -621(t4)
core   0: 3 0x800011da (0xd93e8c03) x24 0xffffffe8 mem 0x80016133
core   0: 0x800011de (0x97dce693) ori     a3, s9, -1667
core   0: 3 0x800011de (0x97dce693) x13 0xfffff9fd
core   0: 0x800011e2 (0x00008cc9) c.or    s1, a0
core   0: 3 0x800011e2 (0x8cc9) x 9 0x80036fe4
core   0: 0x800011e4 (0x40eb06b3) sub     a3, s6, a4
core   0: 3 0x800011e4 (0x40eb06b3) x13 0xffffffa3
core   0: 0x800011e8 (0x00000001) c.nop
core   0: 3 0x800011e8 (0x0001)
core   0: 0x800011ea (0xe64edd03) lhu     s10, -412(t4)
core   0: 3 0x800011ea (0xe64edd03) x26 0x0000bebf mem 0x80016204
core   0: 0x800011ee (0x0000c197) auipc   gp, 0xc
core   0: 3 0x800011ee (0x0000c197) x 3 0x8000d1ee
core   0: 0x800011f2 (0x09918193) addi    gp, gp, 153
core   0: 3 0x800011f2 (0x09918193) x 3 0x8000d287
core   0: 0x800011f6 (0x09b19e03) lh      t3, 155(gp)
core   0: 3 0x800011f6 (0x09b19e03) x28 0xffffd8d9 mem 0x8000d322
core   0: 0x800011fa (0x0e719303) lh      t1, 231(gp)
core   0: 3 0x800011fa (0x0e719303) x 6 0x00002425 mem 0x8000d36e
core   0: 0x800011fe (0x00000001) c.nop
core   0: 3 0x800011fe (0x0001)
core   0: 0x80001200 (0x02694633) div     a2, s2, t1
core   0: 3 0x80001200 (0x02694633) x12 0x00000005
core   0: 0x80001204 (0x0153f3b3) and     t2, t2, s5
core   0: 3 0x80001204 (0x0153f3b3) x 7 0x00000000
core   0: 0x80001208 (0x181beb37) lui     s6, 0x181be
core   0: 3 0x80001208 (0x181beb37) x22 0x181be000
core   0: 0x8000120c (0x04b18b83) lb      s7, 75(gp)
core   0: 3 0x8000120c (0x04b18b83) x23 0xffffff89 mem 0x8000d2d2
core   0: 0x80001210 (0x07d19303) lh      t1, 125(gp)
core   0: 3 0x80001210 (0x07d19303) x 6 0xffffbebf mem 0x8000d304
core   0: 0x80001214 (0x0062e033) or      zero, t0, t1
core   0: 3 0x80001214 (0x0062e033)
core   0: 0x80001218 (0x00009b7d) c.andi  a4, -1
core   0: 3 0x80001218 (0x9b7d) x14 0x00000061
core   0: 0x8000121a (0xf1a180a3) sb      s10, -255(gp)
core   0: 3 0x8000121a (0xf1a180a3) mem 0x8000d188 0xbf
core   0: 0x8000121e (0x41d98c33) sub     s8, s3, t4
core   0: 3 0x8000121e (0x41d98c33) x24 0xe0010875
core   0: 0x80001222 (0xff71db03) lhu     s6, -9(gp)
core   0: 3 0x80001222 (0xff71db03) x22 0x00003435 mem 0x8000d27e
core   0: 0x80001226 (0xf99193a3) sh      s9, -121(gp)
core   0: 3 0x80001226 (0xf99193a3) mem 0x8000d20e 0x009d
core   0: 0x8000122a (0x6a9c6413) ori     s0, s8, 1705
core   0: 3 0x8000122a (0x6a9c6413) x 8 0xe0010efd
core   0: 0x8000122e (0xf9618483) lb      s1, -106(gp)
core   0: 3 0x8000122e (0xf9618483) x 9 0xffffffd6 mem 0x8000d21d
core   0: 0x80001232 (0xf081c883) lbu     a7, -248(gp)
core   0: 3 0x80001232 (0xf081c883) x17 0x00000044 mem 0x8000d18f
core   0: 0x80001236 (0xba040a37) lui     s4, 0xba040
core   0: 3 0x80001236 (0xba040a37) x20 0xba040000
core   0: 0x8000123a (0x03a5de33) divu    t3, a1, s10
core   0: 3 0x8000123a (0x03a5de33) x28 0x0000abcd
core   0: 0x8000123e (0xb10ac693) xori    a3, s5, -1264
core   0: 3 0x8000123e (0xb10ac693) x13 0xfffffb16
core   0: 0x80001242 (0x0f91cb03) lbu     s6, 249(gp)
core   0: 3 0x80001242 (0x0f91cb03) x22 0x0000003b mem 0x8000d380
core   0: 0x80001246 (0x0731d403) lhu     s0, 115(gp)
core   0: 3 0x80001246 (0x0731d403) x 8 0x00000000 mem 0x8000d2fa
core   0: 0x8000124a (0x000004b1) c.addi  s1, 12
core   0: 3 0x8000124a (0x04b1) x 9 0xffffffe2
core   0: 0x8000124c (0x00001f84) c.addi4spn s1, sp, 1008
core   0: 3 0x8000124c (0x1f84) x 9 0x00000423
core   0: 0x8000124e (0x00008f29) c.xor   a4, a0
core   0: 3 0x8000124e (0x8f29) x14 0x80022e05
core   0: 0x80001250 (0x0051c603) lbu     a2, 5(gp)
core   0: 3 0x80001250 (0x0051c603) x12 0x00000047 mem 0x8000d28c
core   0: 0x80001254 (0xfd818003) lb      zero, -40(gp)
core   0: 3 0x80001254 (0xfd818003) mem 0x8000d25f
core   0: 0x80001258 (0x00008341) c.srli  a4, 16
core   0: 3 0x80001258 (0x8341) x14 0x00008002
core   0: 0x8000125a (0x02e44133) div     sp, s0, a4
core   0: 3 0x8000125a (0x02e44133) x 2 0x00000000
core   0: 0x8000125e (0xf0f18403) lb      s0, -241(gp)
core   0: 3 0x8000125e (0xf0f18403) x 8 0x0000004d mem 0x8000d196
core   0: 0x80001262 (0x050a8e17) auipc   t3, 0x50a8
core   0: 3 0x80001262 (0x050a8e17) x28 0x850a9262
core   0: 0x80001266 (0x41718633) sub     a2, gp, s7
core   0: 3 0x80001266 (0x41718633) x12 0x8000d2fe
core   0: 0x8000126a (0xff818603) lb      a2, -8(gp)
core   0: 3 0x8000126a (0xff818603) x12 0x00000034 mem 0x8000d27f
core   0: 0x8000126e (0xf1c18b23) sb      t3, -234(gp)
core   0: 3 0x8000126e (0xf1c18b23) mem 0x8000d19d 0x62
core   0: 0x80001272 (0x0000eb97) auipc   s7, 0xe
core   0: 3 0x80001272 (0x0000eb97) x23 0x8000f272
core   0: 0x80001276 (0xd7eb8b93) addi    s7, s7, -642
core   0: 3 0x80001276 (0xd7eb8b93) x23 0x8000eff0
core   0: 0x8000127a (0x02bb81a3) sb      a1, 35(s7)
core   0: 3 0x8000127a (0x02bb81a3) mem 0x8000f013 0xe4
core   0: 0x8000127e (0xa005be13) sltiu   t3, a1, -1536
core   0: 3 0x8000127e (0xa005be13) x28 0x00000001
core   0: 0x80001282 (0x40305cb3) sra     s9, zero, gp
core   0: 3 0x80001282 (0x40305cb3) x25 0x00000000
core   0: 0x80001286 (0xf34bd703) lhu     a4, -204(s7)
core   0: 3 0x80001286 (0xf34bd703) x14 0x0000dedf mem 0x8000ef24
core   0: 0x8000128a (0x046bc303) lbu     t1, 70(s7)
core   0: 3 0x8000128a (0x046bc303) x 6 0x000000ed mem 0x8000f036
core   0: 0x8000128e (0x022ae333) rem     t1, s5, sp
core   0: 3 0x8000128e (0x022ae333) x 6 0x00000006
core   0: 0x80001292 (0x00001f7d) c.addi  t5, -1
core   0: 3 0x80001292 (0x1f7d) x30 0x0000009c
core   0: 0x80001294 (0x00008c95) c.sub   s1, a3
core   0: 3 0x80001294 (0x8c95) x 9 0x0000090d
core   0: 0x80001296 (0x0c7b8c03) lb      s8, 199(s7)
core   0: 3 0x80001296 (0x0c7b8c03) x24 0x0000006c mem 0x8000f0b7
core   0: 0x8000129a (0x418b54b3) sra     s1, s6, s8
core   0: 3 0x8000129a (0x418b54b3) x 9 0x00000000
core   0: 0x8000129e (0x00006145) c.addi16sp sp, 48
core   0: 3 0x8000129e (0x6145) x 2 0x00000030
core   0: 0x800012a0 (0x01881093) slli    ra, a6, 24
core   0: 3 0x800012a0 (0x01881093) x 1 0x00000000
core   0: 0x800012a4 (0x01e85893) srli    a7, a6, 30
core   0: 3 0x800012a4 (0x01e85893) x17 0x00000000
core   0: 0x800012a8 (0x0098b633) sltu    a2, a7, s1
core   0: 3 0x800012a8 (0x0098b633) x12 0x00000000
core   0: 0x800012ac (0x0000610d) c.addi16sp sp, 160
core   0: 3 0x800012ac (0x610d) x 2 0x000000d0
core   0: 0x800012ae (0x0cbb8003) lb      zero, 203(s7)
core   0: 3 0x800012ae (0x0cbb8003) mem 0x8000f0bb
core   0: 0x800012b2 (0x034f2133) mulhsu  sp, t5, s4
core   0: 3 0x800012b2 (0x034f2133) x 2 0x00000071
core   0: 0x800012b6 (0x0ff0000f) fence   iorw,iorw
core   0: 3 0x800012b6 (0x0ff0000f)
core   0: 0x800012ba (0x5933ea93) ori     s5, t2, 1427
core   0: 3 0x800012ba (0x5933ea93) x21 0x00000593
core   0: 0x800012be (0x3282e993) ori     s3, t0, 808
core   0: 3 0x800012be (0x3282e993) x19 0x000003ad
core   0: 0x800012c2 (0x00f74433) xor     s0, a4, a5
core   0: 3 0x800012c2 (0x00f74433) x 8 0x0000cedf
core   0: 0x800012c6 (0xf9cba603) lw      a2, -100(s7)
core   0: 3 0x800012c6 (0xf9cba603) x12 0x44454647 mem 0x8000ef8c
core   0: 0x800012ca (0x0114e733) or      a4, s1, a7
core   0: 3 0x800012ca (0x0114e733) x14 0x00000000
core   0: 0x800012ce (0x02b761b3) rem     gp, a4, a1
core   0: 3 0x800012ce (0x02b761b3) x 3 0x00000000
core   0: 0x800012d2 (0xd5ccca17) auipc   s4, 0xd5ccc
core   0: 3 0x800012d2 (0xd5ccca17) x20 0x55ccd2d2
core   0: 0x800012d6 (0x082b8f23) sb      sp, 158(s7)
core   0: 3 0x800012d6 (0x082b8f23) mem 0x8000f08e 0x71
core   0: 0x800012da (0x0000159c) c.addi4spn a5, sp, 736
core   0: 3 0x800012da (0x159c) x15 0x00000351
core   0: 0x800012dc (0x0351d633) divu    a2, gp, s5
core   0: 3 0x800012dc (0x0351d633) x12 0x00000000
core   0: 0x800012e0 (0xf83bca83) lbu     s5, -125(s7)
core   0: 3 0x800012e0 (0xf83bca83) x21 0x00000028 mem 0x8000ef73
core   0: 0x800012e4 (0x00000001) c.nop
core   0: 3 0x800012e4 (0x0001)
core   0: 0x800012e6 (0xf99b8283) lb      t0, -103(s7)
core   0: 3 0x800012e6 (0xf99b8283) x 5 0x00000042 mem 0x8000ef89
core   0: 0x800012ea (0x0dcba383) lw      t2, 220(s7)
core   0: 3 0x800012ea (0x0dcba383) x 7 0x84858687 mem 0x8000f0cc
core   0: 0x800012ee (0x029cf733) remu    a4, s9, s1
core   0: 3 0x800012ee (0x029cf733) x14 0x00000000
core   0: 0x800012f2 (0x075b8183) lb      gp, 117(s7)
core   0: 3 0x800012f2 (0x075b8183) x 3 0x0000001e mem 0x8000f065
core   0: 0x800012f6 (0x0ff0000f) fence   iorw,iorw
core   0: 3 0x800012f6 (0x0ff0000f)
core   0: 0x800012fa (0xfbcb9983) lh      s3, -68(s7)
core   0: 3 0x800012fa (0xfbcb9983) x19 0x00006667 mem 0x8000efac
core   0: 0x800012fe (0x00000001) c.nop
core   0: 3 0x800012fe (0x0001)
core   0: 0x80001300 (0x036c3333) mulhu   t1, s8, s6
core   0: 3 0x80001300 (0x036c3333) x 6 0x00000000
core   0: 0x80001304 (0x0085b0b3) sltu    ra, a1, s0
core   0: 3 0x80001304 (0x0085b0b3) x 1 0x00000000
core   0: 0x80001308 (0x00748b33) add     s6, s1, t2
core   0: 3 0x80001308 (0x00748b33) x22 0x84858687
core   0: 0x8000130c (0x00ccb133) sltu    sp, s9, a2
core   0: 3 0x8000130c (0x00ccb133) x 2 0x00000000
core   0: 0x80001310 (0xeecbad13) slti    s10, s7, -276
core   0: 3 0x80001310 (0xeecbad13) x26 0x00000001
core   0: 0x80001314 (0x0e3b8b03) lb      s6, 227(s7)
core   0: 3 0x80001314 (0x0e3b8b03) x22 0xffffff88 mem 0x8000f0d3
core   0: 0x80001318 (0xfd8ba103) lw      sp, -40(s7)
core   0: 3 0x80001318 (0xfd8ba103) x 2 0x80818283 mem 0x8000efc8
core   0: 0x8000131c (0xf67bc483) lbu     s1, -153(s7)
core   0: 3 0x8000131c (0xf67bc483) x 9 0x0000000c mem 0x8000ef57
core   0: 0x80001320 (0x0000da97) auipc   s5, 0xd
core   0: 3 0x80001320 (0x0000da97) x21 0x8000e320
core   0: 0x80001324 (0x8cca8a93) addi    s5, s5, -1844
core   0: 3 0x80001324 (0x8cca8a93) x21 0x8000dbec
core   0: 0x80001328 (0xff0adf03) lhu     t5, -16(s5)
core   0: 3 0x80001328 (0xff0adf03) x30 0x00009697 mem 0x8000dbdc
core   0: 0x8000132c (0x011a8083) lb      ra, 17(s5)
core   0: 3 0x8000132c (0x011a8083) x 1 0xffffffb6 mem 0x8000dbfd
core   0: 0x80001330 (0x024a86a3) sb      tp, 45(s5)
core   0: 3 0x80001330 (0x024a86a3) mem 0x8000dc19 0x0
core   0: 0x80001334 (0x037a9023) sh      s7, 32(s5)
core   0: 3 0x80001334 (0x037a9023) mem 0x8000dc0c 0xeff0
core   0: 0x80001338 (0x017acf83) lbu     t6, 23(s5)
core   0: 3 0x80001338 (0x017acf83) x31 0x000000b8 mem 0x8000dc03
core   0: 0x8000133c (0xfdbaca03) lbu     s4, -37(s5)
core   0: 3 0x8000133c (0xfdbaca03) x20 0x0000007c mem 0x8000dbc7
core   0: 0x80001340 (0x013c8bb3) add     s7, s9, s3
core   0: 3 0x80001340 (0x013c8bb3) x23 0x00006667
core   0: 0x80001344 (0x028aa983) lw      s3, 40(s5)
core   0: 3 0x80001344 (0x028aa983) x19 0xcccdcecf mem 0x8000dc14
core   0: 0x80001348 (0x01aa9f03) lh      t5, 26(s5)
core   0: 3 0x80001348 (0x01aa9f03) x30 0xffffbcbd mem 0x8000dc06
core   0: 0x8000134c (0x02ba8303) lb      t1, 43(s5)
core   0: 3 0x8000134c (0x02ba8303) x 6 0xffffffcc mem 0x8000dc17
core   0: 0x80001350 (0x01eadb03) lhu     s6, 30(s5)
core   0: 3 0x80001350 (0x01eadb03) x22 0x0000c0c1 mem 0x8000dc0a
core   0: 0x80001354 (0xfe5a8c03) lb      s8, -27(s5)
core   0: 3 0x80001354 (0xfe5a8c03) x24 0xffffff8a mem 0x8000dbd1
core   0: 0x80001358 (0xff7a8ca3) sb      s7, -7(s5)
core   0: 3 0x80001358 (0xff7a8ca3) mem 0x8000dbe5 0x67
core   0: 0x8000135c (0x98a9dc37) lui     s8, 0x98a9d
core   0: 3 0x8000135c (0x98a9dc37) x24 0x98a9d000
core   0: 0x80001360 (0x0046c833) xor     a6, a3, tp
core   0: 3 0x80001360 (0x0046c833) x16 0xfffffb16
core   0: 0x80001364 (0x00009a36) c.add   s4, a3
core   0: 3 0x80001364 (0x9a36) x20 0xfffffb92
core   0: 0x80001366 (0x0146cb33) xor     s6, a3, s4
core   0: 3 0x80001366 (0x0146cb33) x22 0x00000084
core   0: 0x8000136a (0x8e734993) xori    s3, t1, -1817
core   0: 3 0x8000136a (0x8e734993) x19 0x0000072b
core   0: 0x8000136e (0x0000100f) fence.i
core   0: 3 0x8000136e (0x0000100f)
core   0: 0x80001372 (0x02ba8183) lb      gp, 43(s5)
core   0: 3 0x80001372 (0x02ba8183) x 3 0xffffffcc mem 0x8000dc17
core   0: 0x80001376 (0x00d19a33) sll     s4, gp, a3
core   0: 3 0x80001376 (0x00d19a33) x20 0xf3000000
core   0: 0x8000137a (0xffdace03) lbu     t3, -3(s5)
core   0: 3 0x8000137a (0xffdace03) x28 0x000000a2 mem 0x8000dbe9
core   0: 0x8000137e (0x01ca85a3) sb      t3, 11(s5)
core   0: 3 0x8000137e (0x01ca85a3) mem 0x8000dbf7 0xa2
core   0: 0x80001382 (0x017186b3) add     a3, gp, s7
core   0: 3 0x80001382 (0x017186b3) x13 0x00006633
core   0: 0x80001386 (0x008be433) or      s0, s7, s0
core   0: 3 0x80001386 (0x008be433) x 8 0x0000eeff
core   0: 0x8000138a (0xfd9a8b83) lb      s7, -39(s5)
core   0: 3 0x8000138a (0xfd9a8b83) x23 0x0000007e mem 0x8000dbc5
core   0: 0x8000138e (0x467b3913) sltiu   s2, s6, 1127
core   0: 3 0x8000138e (0x467b3913) x18 0x00000001
core   0: 0x80001392 (0x0ff0000f) fence   iorw,iorw
core   0: 3 0x80001392 (0x0ff0000f)
core   0: 0x80001396 (0x000087a5) c.srai  a5, 9
core   0: 3 0x80001396 (0x87a5) x15 0x00000001
core   0: 0x80001398 (0xfe6a8403) lb      s0, -26(s5)
core   0: 3 0x80001398 (0xfe6a8403) x 8 0xffffff89 mem 0x8000dbd2
core   0: 0x8000139c (0x028a80a3) sb      s0, 33(s5)
core   0: 3 0x8000139c (0x028a80a3) mem 0x8000dc0d 0x89
core   0: 0x800013a0 (0xfd7a86a3) sb      s7, -51(s5)
core   0: 3 0x800013a0 (0xfd7a86a3) mem 0x8000dbb9 0x7e
core   0: 0x800013a4 (0xfe5a8483) lb      s1, -27(s5)
core   0: 3 0x800013a4 (0xfe5a8483) x 9 0xffffff8a mem 0x8000dbd1
core   0: 0x800013a8 (0x01779193) slli    gp, a5, 23
core   0: 3 0x800013a8 (0x01779193) x 3 0x00800000
core   0: 0x800013ac (0x00008c65) c.and   s0, s1
core   0: 3 0x800013ac (0x8c65) x 8 0xffffff88
core   0: 0x800013ae (0x02f0ebb3) rem     s7, ra, a5
core   0: 3 0x800013ae (0x02f0ebb3) x23 0x00000000
core   0: 0x800013b2 (0x0000065e) c.slli  a2, 23
core   0: 3 0x800013b2 (0x065e) x12 0x00000000
core   0: 0x800013b4 (0x00000726) c.slli  a4, 9
core   0: 3 0x800013b4 (0x0726) x14 0x00000000
core   0: 0x800013b6 (0xff1ac803) lbu     a6, -15(s5)
core   0: 3 0x800013b6 (0xff1ac803) x16 0x00000096 mem 0x8000dbdd
core   0: 0x800013ba (0x00b92c33) slt     s8, s2, a1
core   0: 3 0x800013ba (0x00b92c33) x24 0x00000000
core   0: 0x800013be (0xfcfa89a3) sb      a5, -45(s5)
core   0: 3 0x800013be (0xfcfa89a3) mem 0x8000dbbf 0x1
core   0: 0x800013c2 (0xfdaaa223) sw      s10, -60(s5)
core   0: 3 0x800013c2 (0xfdaaa223) mem 0x8000dbb0 0x00000001
core   0: 0x800013c6 (0xff5ac003) lbu     zero, -11(s5)
core   0: 3 0x800013c6 (0xff5ac003) mem 0x8000dbe1
core   0: 0x800013ca (0x0ff0000f) fence   iorw,iorw
core   0: 3 0x800013ca (0x0ff0000f)
core   0: 0x800013ce (0x02633733) mulhu   a4, t1, t1
core   0: 3 0x800013ce (0x02633733) x14 0xffffff98
core   0: 0x800013d2 (0x00008fb1) c.xor   a5, a2
core   0: 3 0x800013d2 (0x8fb1) x15 0x00000001
core   0: 0x800013d4 (0xfefa9e23) sh      a5, -4(s5)
core   0: 3 0x800013d4 (0xfefa9e23) mem 0x8000dbe8 0x0001
core   0: 0x800013d8 (0x025a8aa3) sb      t0, 53(s5)
core   0: 3 0x800013d8 (0x025a8aa3) mem 0x8000dc21 0x42
core   0: 0x800013dc (0xfdda8d23) sb      t4, -38(s5)
core   0: 3 0x800013dc (0xfdda8d23) mem 0x8000dbc6 0xa0
core   0: 0x800013e0 (0x003a8aa3) sb      gp, 21(s5)
core   0: 3 0x800013e0 (0x003a8aa3) mem 0x8000dc01 0x0
core   0: 0x800013e4 (0x00018417) auipc   s0, 0x18
core   0: 3 0x800013e4 (0x00018417) x 8 0x800193e4
core   0: 0x800013e8 (0x3d940413) addi    s0, s0, 985
core   0: 3 0x800013e8 (0x3d940413) x 8 0x800197bd
core   0: 0x800013ec (0xfda40283) lb      t0, -38(s0)
core   0: 3 0x800013ec (0xfda40283) x 5 0x0000004c mem 0x80019797
core   0: 0x800013f0 (0x016d82b3) add     t0, s11, s6
core   0: 3 0x800013f0 (0x016d82b3) x 5 0x000000fb
core   0: 0x800013f4 (0x0d244283) lbu     t0, 210(s0)
core   0: 3 0x800013f4 (0x0d244283) x 5 0x00000044 mem 0x8001988f
core   0: 0x800013f8 (0x0000100f) fence.i
core   0: 3 0x800013f8 (0x0000100f)
core   0: 0x800013fc (0xf7640183) lb      gp, -138(s0)
core   0: 3 0x800013fc (0xf7640183) x 3 0xffffffe8 mem 0x80019733
core   0: 0x80001400 (0x00764033) xor     zero, a2, t2
core   0: 3 0x80001400 (0x00764033)
core   0: 0x80001404 (0x2decf393) andi    t2, s9, 734
core   0: 3 0x80001404 (0x2decf393) x 7 0x00000000
core   0: 0x80001408 (0x00051013) slli    zero, a0, 0
core   0: 3 0x80001408 (0x00051013)
core   0: 0x8000140c (0xfeb42d83) lw      s11, -21(s0)
core   0: 3 0x8000140c (0xfeb42d83) x27 0x60616263 mem 0x800197a8
core   0: 0x80001410 (0x0e640023) sb      t1, 224(s0)
core   0: 3 0x80001410 (0x0e640023) mem 0x8001989d 0xcc
core   0: 0x80001414 (0xd78cfb13) andi    s6, s9, -648
core   0: 3 0x80001414 (0xd78cfb13) x22 0x00000000
core   0: 0x80001418 (0xfec44303) lbu     t1, -20(s0)
core   0: 3 0x80001418 (0xfec44303) x 6 0x00000062 mem 0x800197a9
core   0: 0x8000141c (0x00008ce9) c.and   s1, a0
core   0: 3 0x8000141c (0x8ce9) x 9 0x80022e00
core   0: 0x8000141e (0x01500333) add     t1, zero, s5
core   0: 3 0x8000141e (0x01500333) x 6 0x8000dbec
core   0: 0x80001422 (0x02744103) lbu     sp, 39(s0)
core   0: 3 0x80001422 (0x02744103) x 2 0x0000009f mem 0x800197e4
core   0: 0x80001426 (0xf7c421a3) sw      t3, -157(s0)
core   0: 3 0x80001426 (0xf7c421a3) mem 0x80019720 0x000000a2
core   0: 0x8000142a (0xfc240703) lb      a4, -62(s0)
core   0: 3 0x8000142a (0xfc240703) x14 0x00000034 mem 0x8001977f
core   0: 0x8000142e (0x03ac09b3) mul     s3, s8, s10
core   0: 3 0x8000142e (0x03ac09b3) x19 0x00000000
core   0: 0x80001432 (0xfad40b83) lb      s7, -83(s0)
core   0: 3 0x80001432 (0xfad40b83) x23 0x00000021 mem 0x8001976a
core   0: 0x80001436 (0x0aa40003) lb      zero, 170(s0)
core   0: 3 0x80001436 (0x0aa40003) mem 0x80019867
core   0: 0x8000143a (0x00008f61) c.and   a4, s0
core   0: 3 0x8000143a (0x8f61) x14 0x00000034
core   0: 0x8000143c (0xffa40983) lb      s3, -6(s0)
core   0: 3 0x8000143c (0xffa40983) x19 0x0000006c mem 0x800197b7
core   0: 0x80001440 (0x0b4419a3) sh      s4, 179(s0)
core   0: 3 0x80001440 (0x0b4419a3) mem 0x80019870 0x0000
core   0: 0x80001444 (0x03244983) lbu     s3, 50(s0)
core   0: 3 0x80001444 (0x03244983) x19 0x000000a4 mem 0x800197ef
core   0: 0x80001448 (0xfee411a3) sh      a4, -29(s0)
core   0: 3 0x80001448 (0xfee411a3) mem 0x800197a0 0x0034
core   0: 0x8000144c (0x0ff0000f) fence   iorw,iorw
core   0: 3 0x8000144c (0x0ff0000f)
core   0: 0x80001450 (0x000da1b3) slt     gp, s11, zero
core   0: 3 0x80001450 (0x000da1b3) x 3 0x00000000
core   0: 0x80001454 (0x08545903) lhu     s2, 133(s0)
core   0: 3 0x80001454 (0x08545903) x18 0x0000f8f9 mem 0x80019842
core   0: 0x80001458 (0x0f644483) lbu     s1, 246(s0)
core   0: 3 0x80001458 (0x0f644483) x 9 0x00000068 mem 0x800198b3
core   0: 0x8000145c (0x409a5e93) srai    t4, s4, 9
core   0: 3 0x8000145c (0x409a5e93) x29 0xfff98000
core   0: 0x80001460 (0x02c40d23) sb      a2, 58(s0)
core   0: 3 0x80001460 (0x02c40d23) mem 0x800197f7 0x0
core   0: 0x80001464 (0x02c27633) remu    a2, tp, a2
core   0: 3 0x80001464 (0x02c27633) x12 0x00000000
core   0: 0x80001468 (0x06544783) lbu     a5, 101(s0)
core   0: 3 0x80001468 (0x06544783) x15 0x000000d9 mem 0x80019822
core   0: 0x8000146c (0xf8644b83) lbu     s7, -122(s0)
core   0: 3 0x8000146c (0xf8644b83) x23 0x000000f8 mem 0x80019743
core   0: 0x80001470 (0x0000cf97) auipc   t6, 0xc
core   0: 3 0x80001470 (0x0000cf97) x31 0x8000d470
core   0: 0x80001474 (0xf1bf8f93) addi    t6, t6, -229
core   0: 3 0x80001474 (0xf1bf8f93) x31 0x8000d38b
core   0: 0x80001478 (0x007f9783) lh      a5, 7(t6)
core   0: 3 0x80001478 (0x007f9783) x15 0x00004849 mem 0x8000d392
core   0: 0x8000147c (0x036bef33) rem     t5, s7, s6
core   0: 3 0x8000147c (0x036bef33) x30 0x000000f8
core   0: 0x80001480 (0xfeaf8a23) sb      a0, -12(t6)
core   0: 3 0x80001480 (0xfeaf8a23) mem 0x8000d37f 0x64
core   0: 0x80001484 (0xff3f8a23) sb      s3, -12(t6)
core   0: 3 0x80001484 (0xff3f8a23) mem 0x8000d37f 0xa4
core   0: 0x80001488 (0x03763bb3) mulhu   s7, a2, s7
core   0: 3 0x80001488 (0x03763bb3) x23 0x00000000
core   0: 0x8000148c (0x03497ab3) remu    s5, s2, s4
core   0: 3 0x8000148c (0x03497ab3) x21 0x0000f8f9
core   0: 0x80001490 (0x000f8623) sb      zero, 12(t6)
core   0: 3 0x80001490 (0x000f8623) mem 0x8000d397 0x0
core   0: 0x80001494 (0x03425633) divu    a2, tp, s4
core   0: 3 0x80001494 (0x03425633) x12 0x00000000
core   0: 0x80001498 (0x00008f89) c.sub   a5, a0
core   0: 3 0x80001498 (0x8f89) x15 0x7ffe19e5
core   0: 0x8000149a (0x00000001) c.nop
core   0: 3 0x8000149a (0x0001)
core   0: 0x8000149c (0x00202733) slt     a4, zero, sp
core   0: 3 0x8000149c (0x00202733) x14 0x00000001
core   0: 0x800014a0 (0x01ff85a3) sb      t6, 11(t6)
core   0: 3 0x800014a0 (0x01ff85a3) mem 0x8000d396 0x8b
core   0: 0x800014a4 (0x000097f2) c.add   a5, t3
core   0: 3 0x800014a4 (0x97f2) x15 0x7ffe1a87
core   0: 0x800014a6 (0x37714393) xori    t2, sp, 887
core   0: 3 0x800014a6 (0x37714393) x 7 0x000003e8
core   0: 0x800014aa (0x002f8483) lb      s1, 2(t6)
core   0: 3 0x800014aa (0x002f8483) x 9 0x00000046 mem 0x8000d38d
core   0: 0x800014ae (0xffbf9fa3) sh      s11, -1(t6)
core   0: 3 0x800014ae (0xffbf9fa3) mem 0x8000d38a 0x6263
core   0: 0x800014b2 (0xff1f8a83) lb      s5, -15(t6)
core   0: 3 0x800014b2 (0xff1f8a83) x21 0x00000037 mem 0x8000d37c
core   0: 0x800014b6 (0x02222e33) mulhsu  t3, tp, sp
core   0: 3 0x800014b6 (0x02222e33) x28 0x00000000
core   0: 0x800014ba (0x40e9da13) srai    s4, s3, 14
core   0: 3 0x800014ba (0x40e9da13) x20 0x00000000
core   0: 0x800014be (0x0000987d) c.andi  s0, -1
core   0: 3 0x800014be (0x987d) x 8 0x800197bd
core   0: 0x800014c0 (0x007fcc83) lbu     s9, 7(t6)
core   0: 3 0x800014c0 (0x007fcc83) x25 0x00000049 mem 0x8000d392
core   0: 0x800014c4 (0xffdf8fa3) sb      t4, -1(t6)
core   0: 3 0x800014c4 (0xffdf8fa3) mem 0x8000d38a 0x0
core   0: 0x800014c8 (0x01768e33) add     t3, a3, s7
core   0: 3 0x800014c8 (0x01768e33) x28 0x00006633
core   0: 0x800014cc (0x00775493) srli    s1, a4, 7
core   0: 3 0x800014cc (0x00775493) x 9 0x00000000
core   0: 0x800014d0 (0x003fcf03) lbu     t5, 3(t6)
core   0: 3 0x800014d0 (0x003fcf03) x30 0x00000045 mem 0x8000d38e
core   0: 0x800014d4 (0x03a99133) mulh    sp, s3, s10
core   0: 3 0x800014d4 (0x03a99133) x 2 0x00000000
core   0: 0x800014d8 (0x0000100f) fence.i
core   0: 3 0x800014d8 (0x0000100f)
core   0: 0x800014dc (0x01a84eb3) xor     t4, a6, s10
core   0: 3 0x800014dc (0x01a84eb3) x29 0x00000097
core   0: 0x800014e0 (0x00008e06) c.mv    t3, ra
core   0: 3 0x800014e0 (0x8e06) x28 0xffffffb6
core   0: 0x800014e2 (0x00efc103) lbu     sp, 14(t6)
core   0: 3 0x800014e2 (0x00efc103) x 2 0x00000052 mem 0x8000d399
core   0: 0x800014e6 (0x013f83a3) sb      s3, 7(t6)
core   0: 3 0x800014e6 (0x013f83a3) mem 0x8000d392 0xa4
core   0: 0x800014ea (0x003fda03) lhu     s4, 3(t6)
core   0: 3 0x800014ea (0x003fda03) x20 0x00004445 mem 0x8000d38e
core   0: 0x800014ee (0x0000100f) fence.i
core   0: 3 0x800014ee (0x0000100f)
core   0: 0x800014f2 (0xff1f8b23) sb      a7, -10(t6)
core   0: 3 0x800014f2 (0xff1f8b23) mem 0x8000d381 0x0
core   0: 0x800014f6 (0xff8fc983) lbu     s3, -8(t6)
core   0: 3 0x800014f6 (0xff8fc983) x19 0x00000038 mem 0x8000d383
core   0: 0x800014fa (0xd8f1e013) ori     zero, gp, -625
core   0: 3 0x800014fa (0xd8f1e013)
core   0: 0x800014fe (0xff6fcd83) lbu     s11, -10(t6)
core   0: 3 0x800014fe (0xff6fcd83) x27 0x00000000 mem 0x8000d381
core   0: 0x80001502 (0x02287d33) remu    s10, a6, sp
core   0: 3 0x80001502 (0x02287d33) x26 0x00000044
core   0: 0x80001506 (0x00ff8223) sb      a5, 4(t6)
core   0: 3 0x80001506 (0x00ff8223) mem 0x8000d38f 0x87
core   0: 0x8000150a (0xff3f8703) lb      a4, -13(t6)
core   0: 3 0x8000150a (0xff3f8703) x14 0x00000035 mem 0x8000d37e
core   0: 0x8000150e (0xff8fc803) lbu     a6, -8(t6)
core   0: 3 0x8000150e (0xff8fc803) x16 0x00000038 mem 0x8000d383
core   0: 0x80001512 (0xfeaf8c23) sb      a0, -8(t6)
core   0: 3 0x80001512 (0xfeaf8c23) mem 0x8000d383 0x64
core   0: 0x80001516 (0x7130ea13) ori     s4, ra, 1811
core   0: 3 0x80001516 (0x7130ea13) x20 0xffffffb7
core   0: 0x8000151a (0x00000929) c.addi  s2, 10
core   0: 3 0x8000151a (0x0929) x18 0x0000f903
core   0: 0x8000151c (0xff6fc603) lbu     a2, -10(t6)
core   0: 3 0x8000151c (0xff6fc603) x12 0x00000000 mem 0x8000d381
core   0: 0x80001520 (0x00000c9a) c.slli  s9, 6
core   0: 3 0x80001520 (0x0c9a) x25 0x00001240
core   0: 0x80001522 (0x013f8223) sb      s3, 4(t6)
core   0: 3 0x80001522 (0x013f8223) mem 0x8000d38f 0x38
core   0: 0x80001526 (0x01950793) addi    a5, a0, 25
core   0: 3 0x80001526 (0x01950793) x15 0x80022e7d
core   0: 0x8000152a (0x00ffae33) slt     t3, t6, a5
core   0: 3 0x8000152a (0x00ffae33) x28 0x00000001
core   0: 0x8000152e (0x019666b3) or      a3, a2, s9
core   0: 3 0x8000152e (0x019666b3) x13 0x00001240
core   0: 0x80001532 (0xd1c2bd97) auipc   s11, 0xd1c2b
core   0: 3 0x80001532 (0xd1c2bd97) x27 0x51c2c532
core   0: 0x80001536 (0x001f8103) lb      sp, 1(t6)
core   0: 3 0x80001536 (0x001f8103) x 2 0x00000047 mem 0x8000d38c
core   0: 0x8000153a (0xff8f8f03) lb      t5, -8(t6)
core   0: 3 0x8000153a (0xff8f8f03) x30 0x00000064 mem 0x8000d383
core   0: 0x8000153e (0x0000fb17) auipc   s6, 0xf
core   0: 3 0x8000153e (0x0000fb17) x22 0x8001053e
core   0: 0x80001542 (0x8adb0b13) addi    s6, s6, -1875
core   0: 3 0x80001542 (0x8adb0b13) x22 0x8000fdeb
core   0: 0x80001546 (0x00008b11) c.andi  a4, 4
core   0: 3 0x80001546 (0x8b11) x14 0x00000004
core   0: 0x80001548 (0xfffb0923) sb      t6, -14(s6)
core   0: 3 0x80001548 (0xfffb0923) mem 0x8000fddd 0x8b
core   0: 0x8000154c (0x01fd7133) and     sp, s10, t6
core   0: 3 0x8000154c (0x01fd7133) x 2 0x00000000
core   0: 0x80001550 (0x060b4403) lbu     s0, 96(s6)
core   0: 3 0x80001550 (0x060b4403) x 8 0x00000000 mem 0x8000fe4b
core   0: 0x80001554 (0x00009b8a) c.add   s7, sp
core   0: 3 0x80001554 (0x9b8a) x23 0x00000000
core   0: 0x80001556 (0x00000001) c.nop
core   0: 3 0x80001556 (0x0001)
core   0: 0x80001558 (0xf59b1e03) lh      t3, -167(s6)
core   0: 3 0x80001558 (0xf59b1e03) x28 0xfffffeff mem 0x8000fd44
core   0: 0x8000155c (0x030b4303) lbu     t1, 48(s6)
core   0: 3 0x8000155c (0x030b4303) x 6 0x000000d0 mem 0x8000fe1b
core   0: 0x80001560 (0x00008f99) c.sub   a5, a4
core   0: 3 0x80001560 (0x8f99) x15 0x80022e79
core   0: 0x80001562 (0x020b0f83) lb      t6, 32(s6)
core   0: 3 0x80001562 (0x020b0f83) x31 0xffffffc0 mem 0x8000fe0b
core   0: 0x80001566 (0x021b5983) lhu     s3, 33(s6)
core   0: 3 0x80001566 (0x021b5983) x19 0x0000c6c7 mem 0x8000fe0c
core   0: 0x8000156a (0xfe0b4803) lbu     a6, -32(s6)
core   0: 3 0x8000156a (0xfe0b4803) x16 0x00000080 mem 0x8000fdcb
core   0: 0x8000156e (0x0370ea33) rem     s4, ra, s7
core   0: 3 0x8000156e (0x0370ea33) x20 0xffffffb6
core   0: 0x80001572 (0x00009f62) c.add   t5, s8
core   0: 3 0x80001572 (0x9f62) x30 0x00000064
core   0: 0x80001574 (0x00008e4d) c.or    a2, a1
core   0: 3 0x80001574 (0x8e4d) x12 0x80026ce4
core   0: 0x80001576 (0x00cb0b23) sb      a2, 22(s6)
core   0: 3 0x80001576 (0x00cb0b23) mem 0x8000fe01 0xe4
core   0: 0x8000157a (0x0f3b4103) lbu     sp, 243(s6)
core   0: 3 0x8000157a (0x0f3b4103) x 2 0x00000095 mem 0x8000fede
core   0: 0x8000157e (0x00000666) c.slli  a2, 25
core   0: 3 0x8000157e (0x0666) x12 0xc8000000
core   0: 0x80001580 (0x08cb0723) sb      a2, 142(s6)
core   0: 3 0x80001580 (0x08cb0723) mem 0x8000fe79 0x0
core   0: 0x80001584 (0x00000001) c.nop
core   0: 3 0x80001584 (0x0001)
core   0: 0x80001586 (0x1e96f6b7) lui     a3, 0x1e96f
core   0: 3 0x80001586 (0x1e96f6b7) x13 0x1e96f000
core   0: 0x8000158a (0x03c11bb3) mulh    s7, sp, t3
core   0: 3 0x8000158a (0x03c11bb3) x23 0xffffffff
core   0: 0x8000158e (0x0ddb1903) lh      s2, 221(s6)
core   0: 3 0x8000158e (0x0ddb1903) x18 0xffff8283 mem 0x8000fec8
core   0: 0x80001592 (0x00001c18) c.addi4spn a4, sp, 560
core   0: 3 0x80001592 (0x1c18) x14 0x000002c5
core   0: 0x80001594 (0xf7eb0103) lb      sp, -130(s6)
core   0: 3 0x80001594 (0xf7eb0103) x 2 0x00000022 mem 0x8000fd69
core   0: 0x80001598 (0xfa8b0403) lb      s0, -88(s6)
core   0: 3 0x80001598 (0xfa8b0403) x 8 0x00000048 mem 0x8000fd93
core   0: 0x8000159c (0x0cbb0783) lb      a5, 203(s6)
core   0: 3 0x8000159c (0x0cbb0783) x15 0x0000006d mem 0x8000feb6
core   0: 0x800015a0 (0x005b09a3) sb      t0, 19(s6)
core   0: 3 0x800015a0 (0x005b09a3) mem 0x8000fdfe 0x44
core   0: 0x800015a4 (0x00773f33) sltu    t5, a4, t2
core   0: 3 0x800015a4 (0x00773f33) x30 0x00000001
core   0: 0x800015a8 (0x50377893) andi    a7, a4, 1283
core   0: 3 0x800015a8 (0x50377893) x17 0x00000001
core   0: 0x800015ac (0x04eb0523) sb      a4, 74(s6)
core   0: 3 0x800015ac (0x04eb0523) mem 0x8000fe35 0xc5
core   0: 0x800015b0 (0x00008c2d) c.xor   s0, a1
core   0: 3 0x800015b0 (0x8c2d) x 8 0x80026cac
core   0: 0x800015b2 (0xf37b0f23) sb      s7, -194(s6)
core   0: 3 0x800015b2 (0xf37b0f23) mem 0x8000fd29 0xff
core   0: 0x800015b6 (0x00012117) auipc   sp, 0x12
core   0: 3 0x800015b6 (0x00012117) x 2 0x800135b6
core   0: 0x800015ba (0x14910113) addi    sp, sp, 329
core   0: 3 0x800015ba (0x14910113) x 2 0x800136ff
core   0: 0x800015be (0x031047b3) div     a5, zero, a7
core   0: 3 0x800015be (0x031047b3) x15 0x00000000
core   0: 0x800015c2 (0x012a5e13) srli    t3, s4, 18
core   0: 3 0x800015c2 (0x012a5e13) x28 0x00003fff
core   0: 0x800015c6 (0x0150d8b3) srl     a7, ra, s5
core   0: 3 0x800015c6 (0x0150d8b3) x17 0x000001ff
core   0: 0x800015ca (0x18e5fb13) andi    s6, a1, 398
core   0: 3 0x800015ca (0x18e5fb13) x22 0x00000084
core   0: 0x800015ce (0x40680b33) sub     s6, a6, t1
core   0: 3 0x800015ce (0x40680b33) x22 0xffffffb0
core   0: 0x800015d2 (0xff214003) lbu     zero, -14(sp)
core   0: 3 0x800015d2 (0xff214003) mem 0x800136f1
core   0: 0x800015d6 (0xff214183) lbu     gp, -14(sp)
core   0: 3 0x800015d6 (0xff214183) x 3 0x000000aa mem 0x800136f1
core   0: 0x800015da (0x0233d0b3) divu    ra, t2, gp
core   0: 3 0x800015da (0x0233d0b3) x 1 0x00000005
core   0: 0x800015de (0x00008f51) c.or    a4, a2
core   0: 3 0x800015de (0x8f51) x14 0xc80002c5
core   0: 0x800015e0 (0xff610003) lb      zero, -10(sp)
core   0: 3 0x800015e0 (0xff610003) mem 0x800136f5
core   0: 0x800015e4 (0x03cefe33) remu    t3, t4, t3
core   0: 3 0x800015e4 (0x03cefe33) x28 0x00000097
core   0: 0x800015e8 (0x02c83333) mulhu   t1, a6, a2
core   0: 3 0x800015e8 (0x02c83333) x 6 0x00000064
core   0: 0x800015ec (0xa47d6e93) ori     t4, s10, -1465
core   0: 3 0x800015ec (0xa47d6e93) x29 0xfffffa47
core   0: 0x800015f0 (0x01710423) sb      s7, 8(sp)
core   0: 3 0x800015f0 (0x01710423) mem 0x80013707 0xff
core   0: 0x800015f4 (0x67c6c393) xori    t2, a3, 1660
core   0: 3 0x800015f4 (0x67c6c393) x 7 0x1e96f67c
core   0: 0x800015f8 (0x0334a733) mulhsu  a4, s1, s3
core   0: 3 0x800015f8 (0x0334a733) x14 0x00000000
core   0: 0x800015fc (0x00814a83) lbu     s5, 8(sp)
core   0: 3 0x800015fc (0x00814a83) x21 0x000000ff mem 0x80013707
core   0: 0x80001600 (0x0155f633) and     a2, a1, s5
core   0: 3 0x80001600 (0x0155f633) x12 0x000000e4
core   0: 0x80001604 (0x00610703) lb      a4, 6(sp)
core   0: 3 0x80001604 (0x00610703) x14 0xffffffbe mem 0x80013705
core   0: 0x80001608 (0x00f11383) lh      t2, 15(sp)
core   0: 3 0x80001608 (0x00f11383) x 7 0xffffc4c5 mem 0x8001370e
core   0: 0x8000160c (0x00c10303) lb      t1, 12(sp)
core   0: 3 0x8000160c (0x00c10303) x 6 0xffffffc0 mem 0x8001370b
core   0: 0x80001610 (0x00b101a3) sb      a1, 3(sp)
core   0: 3 0x80001610 (0x00b101a3) mem 0x80013702 0xe4
core   0: 0x80001614 (0x00008c55) c.or    s0, a3
core   0: 3 0x80001614 (0x8c55) x 8 0x9e96fcac
core   0: 0x80001616 (0x00c4adb3) slt     s11, s1, a2
core   0: 3 0x80001616 (0x00c4adb3) x27 0x00000001
core   0: 0x8000161a (0x0005d913) srli    s2, a1, 0
core   0: 3 0x8000161a (0x0005d913) x18 0x80026ce4
core   0: 0x8000161e (0x01271c93) slli    s9, a4, 18
core   0: 3 0x8000161e (0x01271c93) x25 0xfef80000
core   0: 0x80001622 (0x00008c05) c.sub   s0, s1
core   0: 3 0x80001622 (0x8c05) x 8 0x9e96fcac
core   0: 0x80001624 (0x00008d16) c.mv    s10, t0
core   0: 3 0x80001624 (0x8d16) x26 0x00000044
core   0: 0x80001626 (0x00f10d83) lb      s11, 15(sp)
core   0: 3 0x80001626 (0x00f10d83) x27 0xffffffc5 mem 0x8001370e
core   0: 0x8000162a (0x0000d117) auipc   sp, 0xd
core   0: 3 0x8000162a (0x0000d117) x 2 0x8000e62a
core   0: 0x8000162e (0xd9f10113) addi    sp, sp, -609
core   0: 3 0x8000162e (0xd9f10113) x 2 0x8000e3c9
core   0: 0x80001632 (0x036aaab3) mulhsu  s5, s5, s6
core   0: 3 0x80001632 (0x036aaab3) x21 0x000000fe
core   0: 0x80001636 (0x01414183) lbu     gp, 20(sp)
core   0: 3 0x80001636 (0x01414183) x 3 0x00000096 mem 0x8000e3dd
core   0: 0x8000163a (0x6bc7b413) sltiu   s0, a5, 1724
core   0: 3 0x8000163a (0x6bc7b413) x 8 0x00000001
core   0: 0x8000163e (0x0000879d) c.srai  a5, 7
core   0: 3 0x8000163e (0x879d) x15 0x00000000
core   0: 0x80001640 (0x00000001) c.nop
core   0: 3 0x80001640 (0x0001)
core   0: 0x80001642 (0x00008439) c.srai  s0, 14
core   0: 3 0x80001642 (0x8439) x 8 0x00000000
core   0: 0x80001644 (0x01929913) slli    s2, t0, 25
core   0: 3 0x80001644 (0x01929913) x18 0x88000000
core   0: 0x80001648 (0x000012fd) c.addi  t0, -1
core   0: 3 0x80001648 (0x12fd) x 5 0x00000043
core   0: 0x8000164a (0xfcc14303) lbu     t1, -52(sp)
core   0: 3 0x8000164a (0xfcc14303) x 6 0x0000004e mem 0x8000e395
core   0: 0x8000164e (0x0000100f) fence.i
core   0: 3 0x8000164e (0x0000100f)
core   0: 0x80001652 (0x02e10123) sb      a4, 34(sp)
core   0: 3 0x80001652 (0x02e10123) mem 0x8000e3eb 0xbe
core   0: 0x80001656 (0xfd911c03) lh      s8, -39(sp)
core   0: 3 0x80001656 (0xfd911c03) x24 0x00005859 mem 0x8000e3a2
core   0: 0x8000165a (0x9c90a097) auipc   ra, 0x9c90a
core   0: 3 0x8000165a (0x9c90a097) x 1 0x1c90b65a
core   0: 0x8000165e (0x01161933) sll     s2, a2, a7
core   0: 3 0x8000165e (0x01161933) x18 0x00000000
core   0: 0x80001662 (0x00fa1f93) slli    t6, s4, 15
core   0: 3 0x80001662 (0x00fa1f93) x31 0xffdb0000
core   0: 0x80001666 (0x07e3e2b7) lui     t0, 0x7e3e
core   0: 3 0x80001666 (0x07e3e2b7) x 5 0x07e3e000
core   0: 0x8000166a (0xfff14a83) lbu     s5, -1(sp)
core   0: 3 0x8000166a (0xfff14a83) x21 0x00000083 mem 0x8000e3c8
core   0: 0x8000166e (0x00a0b2b3) sltu    t0, ra, a0
core   0: 3 0x8000166e (0x00a0b2b3) x 5 0x00000001
core   0: 0x80001672 (0x10ae0c93) addi    s9, t3, 266
core   0: 3 0x80001672 (0x10ae0c93) x25 0x000001a1
core   0: 0x80001676 (0x0000100f) fence.i
core   0: 3 0x80001676 (0x0000100f)
core   0: 0x8000167a (0xfef11883) lh      a7, -17(sp)
core   0: 3 0x8000167a (0xfef11883) x17 0x00007273 mem 0x8000e3b8
core   0: 0x8000167e (0x00000001) c.nop
core   0: 3 0x8000167e (0x0001)
core   0: 0x80001680 (0x00010883) lb      a7, 0(sp)
core   0: 3 0x80001680 (0x00010883) x17 0xffffff82 mem 0x8000e3c9
core   0: 0x80001684 (0x0ff0000f) fence   iorw,iorw
core   0: 3 0x80001684 (0x0ff0000f)
core   0: 0x80001688 (0xff314e83) lbu     t4, -13(sp)
core   0: 3 0x80001688 (0xff314e83) x29 0x00000077 mem 0x8000e3bc
core   0: 0x8000168c (0xfe611ea3) sh      t1, -3(sp)
core   0: 3 0x8000168c (0xfe611ea3) mem 0x8000e3c6 0x004e
core   0: 0x80001690 (0xfe6114a3) sh      t1, -23(sp)
core   0: 3 0x80001690 (0xfe6114a3) mem 0x8000e3b2 0x004e
core   0: 0x80001694 (0x00b21693) slli    a3, tp, 11
core   0: 3 0x80001694 (0x00b21693) x13 0x00000000
core   0: 0x80001698 (0x01b7dd33) srl     s10, a5, s11
core   0: 3 0x80001698 (0x01b7dd33) x26 0x00000000
core   0: 0x8000169c (0x000061bd) c.lui   gp, 0xf
core   0: 3 0x8000169c (0x61bd) x 3 0x0000f000
core   0: 0x8000169e (0x01a14483) lbu     s1, 26(sp)
core   0: 3 0x8000169e (0x01a14483) x 9 0x00000098 mem 0x8000e3e3
core   0: 0x800016a2 (0xfc410f03) lb      t5, -60(sp)
core   0: 3 0x800016a2 (0xfc410f03) x30 0x00000046 mem 0x8000e38d
core   0: 0x800016a6 (0x0391b6b3) mulhu   a3, gp, s9
core   0: 3 0x800016a6 (0x0391b6b3) x13 0x00000000
core   0: 0x800016aa (0x00000001) c.nop
core   0: 3 0x800016aa (0x0001)
core   0: 0x800016ac (0x00541d13) slli    s10, s0, 5
core   0: 3 0x800016ac (0x00541d13) x26 0x00000000
core   0: 0x800016b0 (0x006118a3) sh      t1, 17(sp)
core   0: 3 0x800016b0 (0x006118a3) mem 0x8000e3da 0x004e
core   0: 0x800016b4 (0x000087ad) c.srai  a5, 11
core   0: 3 0x800016b4 (0x87ad) x15 0x00000000
core   0: 0x800016b6 (0x64cd2813) slti    a6, s10, 1612
core   0: 3 0x800016b6 (0x64cd2813) x16 0x00000001
core   0: 0x800016ba (0x00008c5d) c.or    s0, a5
core   0: 3 0x800016ba (0x8c5d) x 8 0x00000000
core   0: 0x800016bc (0x0000147d) c.addi  s0, -1
core   0: 3 0x800016bc (0x147d) x 8 0xffffffff
core   0: 0x800016be (0x020b6033) rem     zero, s6, zero
core   0: 3 0x800016be (0x020b6033)
core   0: 0x800016c2 (0xfda14f83) lbu     t6, -38(sp)
core   0: 3 0x800016c2 (0xfda14f83) x31 0x00000058 mem 0x8000e3a3
core   0: 0x800016c6 (0x01712703) lw      a4, 23(sp)
core   0: 3 0x800016c6 (0x01712703) x14 0x98999a9b mem 0x8000e3e0
core   0: 0x800016ca (0x03dcd1b3) divu    gp, s9, t4
core   0: 3 0x800016ca (0x03dcd1b3) x 3 0x00000003
core   0: 0x800016ce (0x02310523) sb      gp, 42(sp)
core   0: 3 0x800016ce (0x02310523) mem 0x8000e3f3 0x3
core   0: 0x800016d2 (0x0001a317) auipc   t1, 0x1a
core   0: 3 0x800016d2 (0x0001a317) x 6 0x8001b6d2
core   0: 0x800016d6 (0xb1b30313) addi    t1, t1, -1253
core   0: 3 0x800016d6 (0xb1b30313) x 6 0x8001b1ed
core   0: 0x800016da (0xf9034d83) lbu     s11, -112(t1)
core   0: 3 0x800016da (0xf9034d83) x27 0x00000036 mem 0x8001b17d
core   0: 0x800016de (0x7eaf7713) andi    a4, t5, 2026
core   0: 3 0x800016de (0x7eaf7713) x14 0x00000042
core   0: 0x800016e2 (0x037d72b3) remu    t0, s10, s7
core   0: 3 0x800016e2 (0x037d72b3) x 5 0x00000000
core   0: 0x800016e6 (0xf3a34783) lbu     a5, -198(t1)
core   0: 3 0x800016e6 (0xf3a34783) x15 0x000000dc mem 0x8001b127
core   0: 0x800016ea (0x0172d713) srli    a4, t0, 23
core   0: 3 0x800016ea (0x0172d713) x14 0x00000000
core   0: 0x800016ee (0xf2e34e83) lbu     t4, -210(t1)
core   0: 3 0x800016ee (0xf2e34e83) x29 0x000000d0 mem 0x8001b11b
core   0: 0x800016f2 (0x00008e71) c.and   a2, a2
core   0: 3 0x800016f2 (0x8e71) x12 0x000000e4
core   0: 0x800016f4 (0x0ad30a23) sb      a3, 180(t1)
core   0: 3 0x800016f4 (0x0ad30a23) mem 0x8001b2a1 0x0
core   0: 0x800016f8 (0xf8a31ca3) sh      a0, -103(t1)
core   0: 3 0x800016f8 (0xf8a31ca3) mem 0x8001b186 0x2e64
core   0: 0x800016fc (0x0ff16d13) ori     s10, sp, 255
core   0: 3 0x800016fc (0x0ff16d13) x26 0x8000e3ff
core   0: 0x80001700 (0x0f230383) lb      t2, 242(t1)
core   0: 3 0x80001700 (0x0f230383) x 7 0xffffff94 mem 0x8001b2df
core   0: 0x80001704 (0x0bd30e23) sb      t4, 188(t1)
core   0: 3 0x80001704 (0x0bd30e23) mem 0x8001b2a9 0xd0
core   0: 0x80001708 (0x027404b3) mul     s1, s0, t2
core   0: 3 0x80001708 (0x027404b3) x 9 0x0000006c
core   0: 0x8000170c (0x00b3d833) srl     a6, t2, a1
core   0: 3 0x8000170c (0x00b3d833) x16 0x0ffffff9
core   0: 0x80001710 (0x000002a5) c.addi  t0, 9
core   0: 3 0x80001710 (0x02a5) x 5 0x00000009
core   0: 0x80001712 (0x000007a9) c.addi  a5, 10
core   0: 3 0x80001712 (0x07a9) x15 0x000000e6
core   0: 0x80001714 (0x00000001) c.nop
core   0: 3 0x80001714 (0x0001)
core   0: 0x80001716 (0xf3135b83) lhu     s7, -207(t1)
core   0: 3 0x80001716 (0xf3135b83) x23 0x0000d4d5 mem 0x8001b11e
core   0: 0x8000171a (0x00000001) c.nop
core   0: 3 0x8000171a (0x0001)
core   0: 0x8000171c (0xf7d34003) lbu     zero, -131(t1)
core   0: 3 0x8000171c (0xf7d34003) mem 0x8001b16a
core   0: 0x80001720 (0xf5d30603) lb      a2, -163(t1)
core   0: 3 0x80001720 (0xf5d30603) x12 0x00000001 mem 0x8001b14a
core   0: 0x80001724 (0xfaf32a03) lw      s4, -81(t1)
core   0: 3 0x80001724 (0xfaf32a03) x20 0x54555657 mem 0x8001b19c
core   0: 0x80001728 (0x8d7e7493) andi    s1, t3, -1833
core   0: 3 0x80001728 (0x8d7e7493) x 9 0x00000097
core   0: 0x8000172c (0x234c2013) slti    zero, s8, 564
core   0: 3 0x8000172c (0x234c2013)
core   0: 0x80001730 (0xf8a30d03) lb      s10, -118(t1)
core   0: 3 0x80001730 (0xf8a30d03) x26 0x0000002c mem 0x8001b177
core   0: 0x80001734 (0x0ff0000f) fence   iorw,iorw
core   0: 3 0x80001734 (0x0ff0000f)
core   0: 0x80001738 (0x03c30123) sb      t3, 34(t1)
core   0: 3 0x80001738 (0x03c30123) mem 0x8001b20f 0x97
core   0: 0x8000173c (0x02f74433) div     s0, a4, a5
core   0: 3 0x8000173c (0x02f74433) x 8 0x00000000
core   0: 0x80001740 (0x00001f94) c.addi4spn a3, sp, 1008
core   0: 3 0x80001740 (0x1f94) x13 0x8000e7b9
core   0: 0x80001742 (0x00001514) c.addi4spn a3, sp, 672
core   0: 3 0x80001742 (0x1514) x13 0x8000e669
core   0: 0x80001744 (0x01af47b3) xor     a5, t5, s10
core   0: 3 0x80001744 (0x01af47b3) x15 0x0000006a
core   0: 0x80001748 (0x07934403) lbu     s0, 121(t1)
core   0: 3 0x80001748 (0x07934403) x 8 0x0000001d mem 0x8001b266
core   0: 0x8000174c (0x03ae9fb3) mulh    t6, t4, s10
core   0: 3 0x8000174c (0x03ae9fb3) x31 0x00000000
core   0: 0x80001750 (0xf1e30103) lb      sp, -226(t1)
core   0: 3 0x80001750 (0xf1e30103) x 2 0xffffffc0 mem 0x8001b10b
core   0: 0x80001754 (0x0000100f) fence.i
core   0: 3 0x80001754 (0x0000100f)
core   0: 0x80001758 (0xf4c300a3) sb      a2, -191(t1)
core   0: 3 0x80001758 (0xf4c300a3) mem 0x8001b12e 0x1
core   0: 0x8000175c (0x00000001) c.nop
core   0: 3 0x8000175c (0x0001)
core   0: 0x8000175e (0x03f43f33) mulhu   t5, s0, t6
core   0: 3 0x8000175e (0x03f43f33) x30 0x00000000
core   0: 0x80001762 (0xf8234b83) lbu     s7, -126(t1)
core   0: 3 0x80001762 (0xf8234b83) x23 0x00000024 mem 0x8001b16f
core   0: 0x80001766 (0x03e38eb3) mul     t4, t2, t5
core   0: 3 0x80001766 (0x03e38eb3) x29 0x00000000
core   0: 0x8000176a (0x00008ff1) c.and   a5, a2
core   0: 3 0x8000176a (0x8ff1) x15 0x00000000
core   0: 0x8000176c (0x0017a433) slt     s0, a5, ra
core   0: 3 0x8000176c (0x0017a433) x 8 0x00000001
core   0: 0x80001770 (0x06f30f03) lb      t5, 111(t1)
core   0: 3 0x80001770 (0x06f30f03) x30 0x00000017 mem 0x8001b25c
core   0: 0x80001774 (0x00000001) c.nop
core   0: 3 0x80001774 (0x0001)
core   0: 0x80001776 (0xfff31d83) lh      s11, -1(t1)
core   0: 3 0x80001776 (0xfff31d83) x27 0xffffa6a7 mem 0x8001b1ec
core   0: 0x8000177a (0xf7d31483) lh      s1, -131(t1)
core   0: 3 0x8000177a (0xf7d31483) x 9 0x00000021 mem 0x8001b16a
core   0: 0x8000177e (0x0000c117) auipc   sp, 0xc
core   0: 3 0x8000177e (0x0000c117) x 2 0x8000d77e
core   0: 0x80001782 (0xa2210113) addi    sp, sp, -1502
core   0: 3 0x80001782 (0xa2210113) x 2 0x8000d1a0
core   0: 0x80001786 (0x39a105a3) sb      s10, 907(sp)
core   0: 3 0x80001786 (0x39a105a3) mem 0x8000d52b 0x2c
core   0: 0x8000178a (0x0ff0000f) fence   iorw,iorw
core   0: 3 0x8000178a (0x0ff0000f)
core   0: 0x8000178e (0x02037f33) remu    t5, t1, zero
core   0: 3 0x8000178e (0x02037f33) x30 0x8001b1ed
core   0: 0x80001792 (0x1589c093) xori    ra, s3, 344
core   0: 3 0x80001792 (0x1589c093) x 1 0x0000c79f
core   0: 0x80001796 (0xfa412a83) lw      s5, -92(sp)
core   0: 3 0x80001796 (0xfa412a83) x21 0xfcfdfeff mem 0x8000d144
core   0: 0x8000179a (0x0000668d) c.lui   a3, 0x3
core   0: 3 0x8000179a (0x668d) x13 0x00003000
core   0: 0x8000179c (0x00000001) c.nop
core   0: 3 0x8000179c (0x0001)
core   0: 0x8000179e (0x00008e41) c.or    a2, s0
core   0: 3 0x8000179e (0x8e41) x12 0x00000001
core   0: 0x800017a0 (0x0127c3b3) xor     t2, a5, s2
core   0: 3 0x800017a0 (0x0127c3b3) x 7 0x00000000
core   0: 0x800017a4 (0x31914083) lbu     ra, 793(sp)
core   0: 3 0x800017a4 (0x31914083) x 1 0x00000072 mem 0x8000d4b9
core   0: 0x800017a8 (0x1aa11303) lh      t1, 426(sp)
core   0: 3 0x800017a8 (0x1aa11303) x 6 0x00000001 mem 0x8000d34a
core   0: 0x800017ac (0x00008f65) c.and   a4, s1
core   0: 3 0x800017ac (0x8f65) x14 0x00000000
core   0: 0x800017ae (0x001ed4b3) srl     s1, t4, ra
core   0: 3 0x800017ae (0x001ed4b3) x 9 0x00000000
core   0: 0x800017b2 (0x2f110783) lb      a5, 753(sp)
core   0: 3 0x800017b2 (0x2f110783) x15 0x0000004a mem 0x8000d491
core   0: 0x800017b6 (0x037a1fb3) mulh    t6, s4, s7
core   0: 3 0x800017b6 (0x037a1fb3) x31 0x0000000b
core   0: 0x800017ba (0x03d14083) lbu     ra, 61(sp)
core   0: 3 0x800017ba (0x03d14083) x 1 0x00000096 mem 0x8000d1dd
core   0: 0x800017be (0x00a14033) xor     zero, sp, a0
core   0: 3 0x800017be (0x00a14033)
core   0: 0x800017c2 (0x4c812083) lw      ra, 1224(sp)
core   0: 3 0x800017c2 (0x4c812083) x 1 0x20212223 mem 0x8000d668
core   0: 0x800017c6 (0x52010783) lb      a5, 1312(sp)
core   0: 3 0x800017c6 (0x52010783) x15 0x0000007b mem 0x8000d6c0
core   0: 0x800017ca (0x02f826b3) mulhsu  a3, a6, a5
core   0: 3 0x800017ca (0x02f826b3) x13 0x00000007
core   0: 0x800017ce (0x0341f9b3) remu    s3, gp, s4
core   0: 3 0x800017ce (0x0341f9b3) x19 0x00000003
core   0: 0x800017d2 (0x33d10183) lb      gp, 829(sp)
core   0: 3 0x800017d2 (0x33d10183) x 3 0xffffff96 mem 0x8000d4dd
core   0: 0x800017d6 (0x01879833) sll     a6, a5, s8
core   0: 3 0x800017d6 (0x01879833) x16 0xf6000000
core   0: 0x800017da (0x00000001) c.nop
core   0: 3 0x800017da (0x0001)
core   0: 0x800017dc (0x39910083) lb      ra, 921(sp)
core   0: 3 0x800017dc (0x39910083) x 1 0xfffffff2 mem 0x8000d539
core   0: 0x800017e0 (0xf5814183) lbu     gp, -168(sp)
core   0: 3 0x800017e0 (0xf5814183) x 3 0x000000b3 mem 0x8000d0f8
core   0: 0x800017e4 (0x2b511323) sh      s5, 678(sp)
core   0: 3 0x800017e4 (0x2b511323) mem 0x8000d446 0xfeff
core   0: 0x800017e8 (0x18610ea3) sb      t1, 413(sp)
core   0: 3 0x800017e8 (0x18610ea3) mem 0x8000d33d 0x1
core   0: 0x800017ec (0x1fa15483) lhu     s1, 506(sp)
core   0: 3 0x800017ec (0x1fa15483) x 9 0x00005051 mem 0x8000d39a
core   0: 0x800017f0 (0x00005bfd) c.li    s7, -1
core   0: 3 0x800017f0 (0x5bfd) x23 0xffffffff
core   0: 0x800017f2 (0x51514903) lbu     s2, 1301(sp)
core   0: 3 0x800017f2 (0x51514903) x18 0x0000006e mem 0x8000d6b5
core   0: 0x800017f6 (0xf7683917) auipc   s2, 0xf7683
core   0: 3 0x800017f6 (0xf7683917) x18 0x776847f6
core   0: 0x800017fa (0x01df7033) and     zero, t5, t4
core   0: 3 0x800017fa (0x01df7033)
core   0: 0x800017fe (0x27814003) lbu     zero, 632(sp)
core   0: 3 0x800017fe (0x27814003) mem 0x8000d418
core   0: 0x80001802 (0x00008f85) c.sub   a5, s1
core   0: 3 0x80001802 (0x8f85) x15 0xffffb02a
core   0: 0x80001804 (0x000084ed) c.srai  s1, 27
core   0: 3 0x80001804 (0x84ed) x 9 0x00000000
core   0: 0x80001806 (0x03a927b3) mulhsu  a5, s2, s10
core   0: 3 0x80001806 (0x03a927b3) x15 0x00000014
core   0: 0x8000180a (0x01f35093) srli    ra, t1, 31
core   0: 3 0x8000180a (0x01f35093) x 1 0x00000000
core   0: 0x8000180e (0x00008355) c.srli  a4, 21
core   0: 3 0x8000180e (0x8355) x14 0x00000000
core   0: 0x80001810 (0x72411003) lh      zero, 1828(sp)
core   0: 3 0x80001810 (0x72411003) mem 0x8000d8c4
core   0: 0x80001814 (0x009117b3) sll     a5, sp, s1
core   0: 3 0x80001814 (0x009117b3) x15 0x8000d1a0
core   0: 0x80001818 (0x00008cf5) c.and   s1, a3
core   0: 3 0x80001818 (0x8cf5) x 9 0x00000000
core   0: 0x8000181a (0x40314a03) lbu     s4, 1027(sp)
core   0: 3 0x8000181a (0x40314a03) x20 0x00000058 mem 0x8000d5a3
core   0: 0x8000181e (0x00014117) auipc   sp, 0x14
core   0: 3 0x8000181e (0x00014117) x 2 0x8001581e
core   0: 0x80001822 (0xc1a10113) addi    sp, sp, -998
core   0: 3 0x80001822 (0xc1a10113) x 2 0x80015438
core   0: 0x80001826 (0x00c5bfb3) sltu    t6, a1, a2
core   0: 3 0x80001826 (0x00c5bfb3) x31 0x00000000
core   0: 0x8000182a (0xfdf102a3) sb      t6, -59(sp)
core   0: 3 0x8000182a (0xfdf102a3) mem 0x800153fd 0x0
core   0: 0x8000182e (0xf3510983) lb      s3, -203(sp)
core   0: 3 0x8000182e (0xf3510983) x19 0x00000026 mem 0x8001536d
core   0: 0x80001832 (0x0ff0000f) fence   iorw,iorw
core   0: 3 0x80001832 (0x0ff0000f)
core   0: 0x80001836 (0x00009b5e) c.add   s6, s7
core   0: 3 0x80001836 (0x9b5e) x22 0xffffffaf
core   0: 0x80001838 (0xf3614403) lbu     s0, -202(sp)
core   0: 3 0x80001838 (0xf3614403) x 8 0x00000025 mem 0x8001536e
core   0: 0x8000183c (0x0f010a03) lb      s4, 240(sp)
core   0: 3 0x8000183c (0x0f010a03) x20 0xffffffe3 mem 0x80015528
core   0: 0x80001840 (0x01eb98b3) sll     a7, s7, t5
core   0: 3 0x80001840 (0x01eb98b3) x17 0xffffe000
core   0: 0x80001844 (0x07310303) lb      t1, 115(sp)
core   0: 3 0x80001844 (0x07310303) x 6 0x00000060 mem 0x800154ab
core   0: 0x80001848 (0x06a11383) lh      t2, 106(sp)
core   0: 3 0x80001848 (0x06a11383) x 7 0x00005859 mem 0x800154a2
core   0: 0x8000184c (0x00008709) c.srai  a4, 2
core   0: 3 0x8000184c (0x8709) x14 0x00000000
core   0: 0x8000184e (0x03caa933) mulhsu  s2, s5, t3
core   0: 3 0x8000184e (0x03caa933) x18 0xfffffffe
core   0: 0x80001852 (0x0c514603) lbu     a2, 197(sp)
core   0: 3 0x80001852 (0x0c514603) x12 0x000000b6 mem 0x800154fd
core   0: 0x80001856 (0xf7f10683) lb      a3, -129(sp)
core   0: 3 0x80001856 (0xf7f10683) x13 0x0000006c mem 0x800153b7
core   0: 0x8000185a (0x01fc3cb3) sltu    s9, s8, t6
core   0: 3 0x8000185a (0x01fc3cb3) x25 0x00000000
core   0: 0x8000185e (0x0e914603) lbu     a2, 233(sp)
core   0: 3 0x8000185e (0x0e914603) x12 0x000000da mem 0x80015521
core   0: 0x80001862 (0x00008259) c.srli  a2, 22
core   0: 3 0x80001862 (0x8259) x12 0x00000000
core   0: 0x80001864 (0xf3610b23) sb      s6, -202(sp)
core   0: 3 0x80001864 (0xf3610b23) mem 0x8001536e 0xaf
core   0: 0x80001868 (0x007fba33) sltu    s4, t6, t2
core   0: 3 0x80001868 (0x007fba33) x20 0x00000001
core   0: 0x8000186c (0x000081d6) c.mv    gp, s5
core   0: 3 0x8000186c (0x81d6) x 3 0xfcfdfeff
core   0: 0x8000186e (0xf3b10e83) lb      t4, -197(sp)
core   0: 3 0x8000186e (0xf3b10e83) x29 0x00000028 mem 0x80015373
core   0: 0x80001872 (0x00000001) c.nop
core   0: 3 0x80001872 (0x0001)
core   0: 0x80001874 (0xdb77ea93) ori     s5, a5, -585
core   0: 3 0x80001874 (0xdb77ea93) x21 0xfffffdb7
core   0: 0x80001878 (0x0000547d) c.li    s0, -1
core   0: 3 0x80001878 (0x547d) x 8 0xffffffff
core   0: 0x8000187a (0x01d7fa33) and     s4, a5, t4
core   0: 3 0x8000187a (0x01d7fa33) x20 0x00000020
core   0: 0x8000187e (0xf9c11703) lh      a4, -100(sp)
core   0: 3 0x8000187e (0xf9c11703) x14 0xffff8e8f mem 0x800153d4
core   0: 0x80001882 (0x09614a83) lbu     s5, 150(sp)
core   0: 3 0x80001882 (0x09614a83) x21 0x00000085 mem 0x800154ce
core   0: 0x80001886 (0x028703b3) mul     t2, a4, s0
core   0: 3 0x80001886 (0x028703b3) x 7 0x00007171
core   0: 0x8000188a (0x04914e03) lbu     t3, 73(sp)
core   0: 3 0x8000188a (0x04914e03) x28 0x0000003a mem 0x80015481
core   0: 0x8000188e (0x41165013) srai    zero, a2, 17
core   0: 3 0x8000188e (0x41165013)
core   0: 0x80001892 (0x01fd5013) srli    zero, s10, 31
core   0: 3 0x80001892 (0x01fd5013)
core   0: 0x80001896 (0xf1611703) lh      a4, -234(sp)
core   0: 3 0x80001896 (0xf1611703) x14 0x00000405 mem 0x8001534e
core   0: 0x8000189a (0x41fa8ab3) sub     s5, s5, t6
core   0: 3 0x8000189a (0x41fa8ab3) x21 0x00000085
core   0: 0x8000189e (0x002f4933) xor     s2, t5, sp
core   0: 3 0x8000189e (0x002f4933) x18 0x0000e5d5
core   0: 0x800018a2 (0xf9a102a3) sb      s10, -123(sp)
core   0: 3 0x800018a2 (0xf9a102a3) mem 0x800153bd 0x2c
core   0: 0x800018a6 (0x00008faa) c.mv    t6, a0
core   0: 3 0x800018a6 (0x8faa) x31 0x80022e64
core   0: 0x800018a8 (0x018b4433) xor     s0, s6, s8
core   0: 3 0x800018a8 (0x018b4433) x 8 0xffffa7f6
core   0: 0x800018ac (0xfe514483) lbu     s1, -27(sp)
core   0: 3 0x800018ac (0xfe514483) x 9 0x000000d6 mem 0x8001541d
core   0: 0x800018b0 (0xeb58d3b7) lui     t2, 0xeb58d
core   0: 3 0x800018b0 (0xeb58d3b7) x 7 0xeb58d000
core   0: 0x800018b4 (0xf3364493) xori    s1, a2, -205
core   0: 3 0x800018b4 (0xf3364493) x 9 0xffffff33
core   0: 0x800018b8 (0xfe611903) lh      s2, -26(sp)
core   0: 3 0x800018b8 (0xfe611903) x18 0xffffd4d5 mem 0x8001541e
core   0: 0x800018bc (0x01910683) lb      a3, 25(sp)
core   0: 3 0x800018bc (0x01910683) x13 0x0000000a mem 0x80015451
core   0: 0x800018c0 (0xff110d23) sb      a7, -6(sp)
core   0: 3 0x800018c0 (0xff110d23) mem 0x80015432 0x0
core   0: 0x800018c4 (0xfdc10523) sb      t3, -54(sp)
core   0: 3 0x800018c4 (0xfdc10523) mem 0x80015402 0x3a
core   0: 0x800018c8 (0x000061e1) c.lui   gp, 0x18
core   0: 3 0x800018c8 (0x61e1) x 3 0x00018000
core   0: 0x800018ca (0xf3b104a3) sb      s11, -215(sp)
core   0: 3 0x800018ca (0xf3b104a3) mem 0x80015361 0xa7
core   0: 0x800018ce (0xfe8100a3) sb      s0, -31(sp)
core   0: 3 0x800018ce (0xfe8100a3) mem 0x80015419 0xf6
core   0: 0x800018d2 (0x0000fc17) auipc   s8, 0xf
core   0: 3 0x800018d2 (0x0000fc17) x24 0x800108d2
core   0: 0x800018d6 (0x72ac0c13) addi    s8, s8, 1834
core   0: 3 0x800018d6 (0x72ac0c13) x24 0x80010ffc
core   0: 0x800018da (0x00008c89) c.sub   s1, a0
core   0: 3 0x800018da (0x8c89) x 9 0x7ffdd0cf
core   0: 0x800018dc (0x03ca1bb3) mulh    s7, s4, t3
core   0: 3 0x800018dc (0x03ca1bb3) x23 0x00000000
core   0: 0x800018e0 (0xfdec4003) lbu     zero, -34(s8)
core   0: 3 0x800018e0 (0xfdec4003) mem 0x80010fda
core   0: 0x800018e4 (0x028c0ba3) sb      s0, 55(s8)
core   0: 3 0x800018e4 (0x028c0ba3) mem 0x80011033 0xf6
core   0: 0x800018e8 (0xff7c1323) sh      s7, -26(s8)
core   0: 3 0x800018e8 (0xff7c1323) mem 0x80010fe2 0x0000
core   0: 0x800018ec (0x54eeef13) ori     t5, t4, 1358
core   0: 3 0x800018ec (0x54eeef13) x30 0x0000056e
core   0: 0x800018f0 (0xfcac1223) sh      a0, -60(s8)
core   0: 3 0x800018f0 (0xfcac1223) mem 0x80010fc0 0x2e64
core   0: 0x800018f4 (0x037f00b3) mul     ra, t5, s7
core   0: 3 0x800018f4 (0x037f00b3) x 1 0x00000000
core   0: 0x800018f8 (0xf613fb93) andi    s7, t2, -159
core   0: 3 0x800018f8 (0xf613fb93) x23 0xeb58d000
core   0: 0x800018fc (0x00484433) xor     s0, a6, tp
core   0: 3 0x800018fc (0x00484433) x 8 0xf6000000
core   0: 0x80001900 (0x00000ed5) c.addi  t4, 21
core   0: 3 0x80001900 (0x0ed5) x29 0x0000003d
core   0: 0x80001902 (0x00bc4c83) lbu     s9, 11(s8)
core   0: 3 0x80001902 (0x00bc4c83) x25 0x000000bc mem 0x80011007
core   0: 0x80001906 (0x02a32933) mulhsu  s2, t1, a0
core   0: 3 0x80001906 (0x02a32933) x18 0x00000030
core   0: 0x8000190a (0x026759b3) divu    s3, a4, t1
core   0: 3 0x8000190a (0x026759b3) x19 0x0000000a
core   0: 0x8000190e (0x00000001) c.nop
core   0: 3 0x8000190e (0x0001)
core   0: 0x80001910 (0x01a596b3) sll     a3, a1, s10
core   0: 3 0x80001910 (0x01a596b3) x13 0x26ce4000
core   0: 0x80001914 (0x08a4b693) sltiu   a3, s1, 138
core   0: 3 0x80001914 (0x08a4b693) x13 0x00000000
core   0: 0x80001918 (0x0348bfb3) mulhu   t6, a7, s4
core   0: 3 0x80001918 (0x0348bfb3) x31 0x0000001f
core   0: 0x8000191c (0x00005afd) c.li    s5, -1
core   0: 3 0x8000191c (0x5afd) x21 0xffffffff
core   0: 0x8000191e (0x013de733) or      a4, s11, s3
core   0: 3 0x8000191e (0x013de733) x14 0xffffa6af
core   0: 0x80001922 (0x0030d0b3) srl     ra, ra, gp
core   0: 3 0x80001922 (0x0030d0b3) x 1 0x00000000
core   0: 0x80001926 (0x03ffeab3) rem     s5, t6, t6
core   0: 3 0x80001926 (0x03ffeab3) x21 0x00000000
core   0: 0x8000192a (0x00cc02b3) add     t0, s8, a2
core   0: 3 0x8000192a (0x00cc02b3) x 5 0x80010ffc
core   0: 0x8000192e (0x03bc4683) lbu     a3, 59(s8)
core   0: 3 0x8000192e (0x03bc4683) x13 0x000000ec mem 0x80011037
core   0: 0x80001932 (0x02cc70b3) remu    ra, s8, a2
core   0: 3 0x80001932 (0x02cc70b3) x 1 0x80010ffc
core   0: 0x80001936 (0x00d082b3) add     t0, ra, a3
core   0: 3 0x80001936 (0x00d082b3) x 5 0x800110e8
core   0: 0x8000193a (0x41bf8d33) sub     s10, t6, s11
core   0: 3 0x8000193a (0x41bf8d33) x26 0x00005978
core   0: 0x8000193e (0x008c1223) sh      s0, 4(s8)
core   0: 3 0x8000193e (0x008c1223) mem 0x80011000 0x0000
core   0: 0x80001942 (0xfc8c0e83) lb      t4, -56(s8)
core   0: 3 0x80001942 (0xfc8c0e83) x29 0x0000007f mem 0x80010fc4
core   0: 0x80001946 (0x03cc2803) lw      a6, 60(s8)
core   0: 3 0x80001946 (0x03cc2803) x16 0xf0f1f2f3 mem 0x80011038
core   0: 0x8000194a (0x033c0303) lb      t1, 51(s8)
core   0: 3 0x8000194a (0x033c0303) x 6 0xffffffe4 mem 0x8001102f
core   0: 0x8000194e (0x00017117) auipc   sp, 0x17
core   0: 3 0x8000194e (0x00017117) x 2 0x8001894e
core   0: 0x80001952 (0xcab10113) addi    sp, sp, -853
core   0: 3 0x80001952 (0xcab10113) x 2 0x800185f9
core   0: 0x80001956 (0xff814383) lbu     t2, -8(sp)
core   0: 3 0x80001956 (0xff814383) x 7 0x000000aa mem 0x800185f1
core   0: 0x8000195a (0x00214f03) lbu     t5, 2(sp)
core   0: 3 0x8000195a (0x00214f03) x30 0x000000b0 mem 0x800185fb
core   0: 0x8000195e (0x00210403) lb      s0, 2(sp)
core   0: 3 0x8000195e (0x00210403) x 8 0xffffffb0 mem 0x800185fb
core   0: 0x80001962 (0xfff12da3) sw      t6, -5(sp)
core   0: 3 0x80001962 (0xfff12da3) mem 0x800185f4 0x0000001f
core   0: 0x80001966 (0x00000ded) c.addi  s11, 27
core   0: 3 0x80001966 (0x0ded) x27 0xffffa6c2
core   0: 0x80001968 (0x00e10903) lb      s2, 14(sp)
core   0: 3 0x80001968 (0x00e10903) x18 0xffffffbc mem 0x80018607
core   0: 0x8000196c (0x00e10183) lb      gp, 14(sp)
core   0: 3 0x8000196c (0x00e10183) x 3 0xffffffbc mem 0x80018607
core   0: 0x80001970 (0x031408b3) mul     a7, s0, a7
core   0: 3 0x80001970 (0x031408b3) x17 0x000a0000
core   0: 0x80001974 (0x00114d03) lbu     s10, 1(sp)
core   0: 3 0x80001974 (0x00114d03) x26 0x000000b1 mem 0x800185fa
core   0: 0x80001978 (0xffe10603) lb      a2, -2(sp)
core   0: 3 0x80001978 (0xffe10603) x12 0x00000000 mem 0x800185f7
core   0: 0x8000197c (0x0000100f) fence.i
core   0: 3 0x8000197c (0x0000100f)
core   0: 0x80001980 (0x00008ea1) c.xor   a3, s0
core   0: 3 0x80001980 (0x8ea1) x13 0xffffff5c
core   0: 0x80001982 (0x00214683) lbu     a3, 2(sp)
core   0: 3 0x80001982 (0x00214683) x13 0x000000b0 mem 0x800185fb
core   0: 0x80001986 (0x00410783) lb      a5, 4(sp)
core   0: 3 0x80001986 (0x00410783) x15 0xffffffb6 mem 0x800185fd
core   0: 0x8000198a (0x00f2d3b3) srl     t2, t0, a5
core   0: 3 0x8000198a (0x00f2d3b3) x 7 0x00000200
core   0: 0x8000198e (0xff614683) lbu     a3, -10(sp)
core   0: 3 0x8000198e (0xff614683) x13 0x000000a4 mem 0x800185ef
core   0: 0x80001992 (0x00114303) lbu     t1, 1(sp)
core   0: 3 0x80001992 (0x00114303) x 6 0x000000b1 mem 0x800185fa
core   0: 0x80001996 (0xff010a03) lb      s4, -16(sp)
core   0: 3 0x80001996 (0xff010a03) x20 0xffffffa2 mem 0x800185e9
core   0: 0x8000199a (0x00491933) sll     s2, s2, tp
core   0: 3 0x8000199a (0x00491933) x18 0xffffffbc
core   0: 0x8000199e (0x00010f83) lb      t6, 0(sp)
core   0: 3 0x8000199e (0x00010f83) x31 0xffffffb2 mem 0x800185f9
core   0: 0x800019a2 (0x0000834d) c.srli  a4, 19
core   0: 3 0x800019a2 (0x834d) x14 0x00001fff
core   0: 0x800019a4 (0x6fe93613) sltiu   a2, s2, 1790
core   0: 3 0x800019a4 (0x6fe93613) x12 0x00000000
core   0: 0x800019a8 (0x0ff0000f) fence   iorw,iorw
core   0: 3 0x800019a8 (0x0ff0000f)
core   0: 0x800019ac (0x00414003) lbu     zero, 4(sp)
core   0: 3 0x800019ac (0x00414003) mem 0x800185fd
core   0: 0x800019b0 (0x00214a03) lbu     s4, 2(sp)
core   0: 3 0x800019b0 (0x00214a03) x20 0x000000b0 mem 0x800185fb
core   0: 0x800019b4 (0xffc10403) lb      s0, -4(sp)
core   0: 3 0x800019b4 (0xffc10403) x 8 0x00000000 mem 0x800185f5
core   0: 0x800019b8 (0x00810c03) lb      s8, 8(sp)
core   0: 3 0x800019b8 (0x00810c03) x24 0xffffffba mem 0x80018601
core   0: 0x800019bc (0x00610003) lb      zero, 6(sp)
core   0: 3 0x800019bc (0x00610003) mem 0x800185ff
core   0: 0x800019c0 (0x030dfe33) remu    t3, s11, a6
core   0: 3 0x800019c0 (0x030dfe33) x28 0x0f0db3cf
core   0: 0x800019c4 (0x00008cc1) c.or    s1, s0
core   0: 3 0x800019c4 (0x8cc1) x 9 0x7ffdd0cf
core   0: 0x800019c6 (0x033f4633) div     a2, t5, s3
core   0: 3 0x800019c6 (0x033f4633) x12 0x00000011
core   0: 0x800019ca (0x00f14c03) lbu     s8, 15(sp)
core   0: 3 0x800019ca (0x00f14c03) x24 0x000000c3 mem 0x80018608
core   0: 0x800019ce (0x037ed3b3) divu    t2, t4, s7
core   0: 3 0x800019ce (0x037ed3b3) x 7 0x00000000
core   0: 0x800019d2 (0x00a32fb3) slt     t6, t1, a0
core   0: 3 0x800019d2 (0x00a32fb3) x31 0x00000000
core   0: 0x800019d6 (0xff010683) lb      a3, -16(sp)
core   0: 3 0x800019d6 (0xff010683) x13 0xffffffa2 mem 0x800185e9
core   0: 0x800019da (0x00410183) lb      gp, 4(sp)
core   0: 3 0x800019da (0x00410183) x 3 0xffffffb6 mem 0x800185fd
core   0: 0x800019de (0x000001ca) c.slli  gp, 18
core   0: 3 0x800019de (0x01ca) x 3 0xfed80000
core   0: 0x800019e0 (0xff010183) lb      gp, -16(sp)
core   0: 3 0x800019e0 (0xff010183) x 3 0xffffffa2 mem 0x800185e9
core   0: 0x800019e4 (0x00008c89) c.sub   s1, a0
core   0: 3 0x800019e4 (0x8c89) x 9 0xfffba26b
core   0: 0x800019e6 (0x02569d33) mulh    s10, a3, t0
core   0: 3 0x800019e6 (0x02569d33) x26 0x0000002e
core   0: 0x800019ea (0xff014a83) lbu     s5, -16(sp)
core   0: 3 0x800019ea (0xff014a83) x21 0x000000a2 mem 0x800185e9
core   0: 0x800019ee (0x00c10183) lb      gp, 12(sp)
core   0: 3 0x800019ee (0x00c10183) x 3 0xffffffbe mem 0x80018605
core   0: 0x800019f2 (0x402f80b3) sub     ra, t6, sp
core   0: 3 0x800019f2 (0x402f80b3) x 1 0x7ffe7a07
core   0: 0x800019f6 (0xffe10c83) lb      s9, -2(sp)
core   0: 3 0x800019f6 (0xffe10c83) x25 0x00000000 mem 0x800185f7
core   0: 0x800019fa (0x00009832) c.add   a6, a2
core   0: 3 0x800019fa (0x9832) x16 0xf0f1f304
core   0: 0x800019fc (0x01410523) sb      s4, 10(sp)
core   0: 3 0x800019fc (0x01410523) mem 0x80018603 0xb0
core   0: 0x80001a00 (0xffe14183) lbu     gp, -2(sp)
core   0: 3 0x80001a00 (0xffe14183) x 3 0x00000000 mem 0x800185f7
core   0: 0x80001a04 (0x40738633) sub     a2, t2, t2
core   0: 3 0x80001a04 (0x40738633) x12 0x00000000
core   0: 0x80001a08 (0x00008fbd) c.xor   a5, a5
core   0: 3 0x80001a08 (0x8fbd) x15 0x00000000
core   0: 0x80001a0a (0x01cd5813) srli    a6, s10, 28
core   0: 3 0x80001a0a (0x01cd5813) x16 0x00000000
core   0: 0x80001a0e (0x00c7db13) srli    s6, a5, 12
core   0: 3 0x80001a0e (0x00c7db13) x22 0x00000000
core   0: 0x80001a12 (0x00000822) c.slli  a6, 8
core   0: 3 0x80001a12 (0x0822) x16 0x00000000
core   0: 0x80001a14 (0x470aaf13) slti    t5, s5, 1136
core   0: 3 0x80001a14 (0x470aaf13) x30 0x00000001
core   0: 0x80001a18 (0x00008099) c.srli  s1, 6
core   0: 3 0x80001a18 (0x8099) x 9 0x03ffee89
core   0: 0x80001a1a (0x00008ff5) c.and   a5, a3
core   0: 3 0x80001a1a (0x8ff5) x15 0x00000000
core   0: 0x80001a1c (0x0000059c) c.addi4spn a5, sp, 704
core   0: 3 0x80001a1c (0x059c) x15 0x800188b9
core   0: 0x80001a1e (0x01e40833) add     a6, s0, t5
core   0: 3 0x80001a1e (0x01e40833) x16 0x00000001
core   0: 0x80001a22 (0x00008471) c.srai  s0, 28
core   0: 3 0x80001a22 (0x8471) x 8 0x00000000
core   0: 0x80001a24 (0x00cecdb3) xor     s11, t4, a2
core   0: 3 0x80001a24 (0x00cecdb3) x27 0x0000007f
core   0: 0x80001a28 (0xde8bf613) andi    a2, s7, -536
core   0: 3 0x80001a28 (0xde8bf613) x12 0xeb58d000
core   0: 0x80001a2c (0x02e79d63) bne     a5, a4, pc + 58
core   0: 3 0x80001a2c (0x02e79d63)
core   0: 0x80001a66 (0x4180dbb3) sra     s7, ra, s8
core   0: 3 0x80001a66 (0x4180dbb3) x23 0x0fffcf40
core   0: 0x80001a6a (0x416907b3) sub     a5, s2, s6
core   0: 3 0x80001a6a (0x416907b3) x15 0xffffffbc
core   0: 0x80001a6e (0xe9297b13) andi    s6, s2, -366
core   0: 3 0x80001a6e (0xe9297b13) x22 0xfffffe90
core   0: 0x80001a72 (0x004fdeb3) srl     t4, t6, tp
core   0: 3 0x80001a72 (0x004fdeb3) x29 0x00000000
core   0: 0x80001a76 (0x01b11313) slli    t1, sp, 27
core   0: 3 0x80001a76 (0x01b11313) x 6 0xc8000000
core   0: 0x80001a7a (0x00e8efb3) or      t6, a7, a4
core   0: 3 0x80001a7a (0x00e8efb3) x31 0x000a1fff
core   0: 0x80001a7e (0x03f4ee63) bltu    s1, t6, pc + 60
core   0: 3 0x80001a7e (0x03f4ee63)
core   0: 0x80001a82 (0x00006111) c.addi16sp sp, 256
core   0: 3 0x80001a82 (0x6111) x 2 0x800186f9
core   0: 0x80001a84 (0x00006b7d) c.lui   s6, 0x1f
core   0: 3 0x80001a84 (0x6b7d) x22 0x0001f000
core   0: 0x80001a86 (0x022a8a63) beq     s5, sp, pc + 52
core   0: 3 0x80001a86 (0x022a8a63)
core   0: 0x80001a8a (0x01726563) bltu    tp, s7, pc + 10
core   0: 3 0x80001a8a (0x01726563)
core   0: 0x80001a94 (0x00008e5d) c.or    a2, a5
core   0: 3 0x80001a94 (0x8e5d) x12 0xffffffbc
core   0: 0x80001a96 (0x014a0eb3) add     t4, s4, s4
core   0: 3 0x80001a96 (0x014a0eb3) x29 0x00000160
core   0: 0x80001a9a (0x00000001) c.nop
core   0: 3 0x80001a9a (0x0001)
core   0: 0x80001a9c (0x00000001) c.nop
core   0: 3 0x80001a9c (0x0001)
core   0: 0x80001a9e (0x408a51b3) sra     gp, s4, s0
core   0: 3 0x80001a9e (0x408a51b3) x 3 0x000000b0
core   0: 0x80001aa2 (0x000088dd) c.andi  s1, 23
core   0: 3 0x80001aa2 (0x88dd) x 9 0x00000001
core   0: 0x80001aa4 (0x0000987d) c.andi  s0, -1
core   0: 3 0x80001aa4 (0x987d) x 8 0x00000000
core   0: 0x80001aa6 (0x00008c21) c.xor   s0, s0
core   0: 3 0x80001aa6 (0x8c21) x 8 0x00000000
core   0: 0x80001aa8 (0x41ccda13) srai    s4, s9, 28
core   0: 3 0x80001aa8 (0x41ccda13) x20 0x00000000
core   0: 0x80001aac (0x16c64c13) xori    s8, a2, 364
core   0: 3 0x80001aac (0x16c64c13) x24 0xfffffed0
core   0: 0x80001ab0 (0x98110893) addi    a7, sp, -1663
core   0: 3 0x80001ab0 (0x98110893) x17 0x8001807a
core   0: 0x80001ab4 (0x01bb3f33) sltu    t5, s6, s11
core   0: 3 0x80001ab4 (0x01bb3f33) x30 0x00000000
core   0: 0x80001ab8 (0x00000001) c.nop
core   0: 3 0x80001ab8 (0x0001)
core   0: 0x80001aba (0x0000100f) fence.i
core   0: 3 0x80001aba (0x0000100f)
core   0: 0x80001abe (0x00412733) slt     a4, sp, tp
core   0: 3 0x80001abe (0x00412733) x14 0x00000001
core   0: 0x80001ac2 (0x0131d9b3) srl     s3, gp, s3
core   0: 3 0x80001ac2 (0x0131d9b3) x19 0x00000000
core   0: 0x80001ac6 (0x41558033) sub     zero, a1, s5
core   0: 3 0x80001ac6 (0x41558033)
core   0: 0x80001aca (0x40625193) srai    gp, tp, 6
core   0: 3 0x80001aca (0x40625193) x 3 0x00000000
core   0: 0x80001ace (0xc8bab917) auipc   s2, 0xc8bab
core   0: 3 0x80001ace (0xc8bab917) x18 0x48bacace
core   0: 0x80001ad2 (0x0184f733) and     a4, s1, s8
core   0: 3 0x80001ad2 (0x0184f733) x14 0x00000000
core   0: 0x80001ad6 (0x01e7bfb3) sltu    t6, a5, t5
core   0: 3 0x80001ad6 (0x01e7bfb3) x31 0x00000000
core   0: 0x80001ada (0x94065837) lui     a6, 0x94065
core   0: 3 0x80001ada (0x94065837) x16 0x94065000
core   0: 0x80001ade (0x00d21a93) slli    s5, tp, 13
core   0: 3 0x80001ade (0x00d21a93) x21 0x00000000
core   0: 0x80001ae2 (0x00229a63) bne     t0, sp, pc + 20
core   0: 3 0x80001ae2 (0x00229a63)
core   0: 0x80001af6 (0x024dbbb3) mulhu   s7, s11, tp
core   0: 3 0x80001af6 (0x024dbbb3) x23 0x00000000
core   0: 0x80001afa (0x41d201b3) sub     gp, tp, t4
core   0: 3 0x80001afa (0x41d201b3) x 3 0xfffffea0
core   0: 0x80001afe (0xdaeaf713) andi    a4, s5, -594
core   0: 3 0x80001afe (0xdaeaf713) x14 0x00000000
core   0: 0x80001b02 (0x00265193) srli    gp, a2, 2
core   0: 3 0x80001b02 (0x00265193) x 3 0x3fffffef
core   0: 0x80001b06 (0x00008f95) c.sub   a5, a3
core   0: 3 0x80001b06 (0x8f95) x15 0x0000001a
core   0: 0x80001b08 (0xc73f4f13) xori    t5, t5, -909
core   0: 3 0x80001b08 (0xc73f4f13) x30 0xfffffc73
core   0: 0x80001b0c (0x021dedb3) rem     s11, s11, ra
core   0: 3 0x80001b0c (0x021dedb3) x27 0x0000007f
core   0: 0x80001b10 (0x00006125) c.addi16sp sp, 96
core   0: 3 0x80001b10 (0x6125) x 2 0x80018759
core   0: 0x80001b12 (0x8e10a493) slti    s1, ra, -1823
core   0: 3 0x80001b12 (0x8e10a493) x 9 0x00000000
core   0: 0x80001b16 (0x00745e33) srl     t3, s0, t2
core   0: 3 0x80001b16 (0x00745e33) x28 0x00000000
core   0: 0x80001b1a (0x024c2bb3) mulhsu  s7, s8, tp
core   0: 3 0x80001b1a (0x024c2bb3) x23 0x00000000
core   0: 0x80001b1e (0x22a04893) xori    a7, zero, 554
core   0: 3 0x80001b1e (0x22a04893) x17 0x0000022a
core   0: 0x80001b22 (0x147f3f93) sltiu   t6, t5, 327
core   0: 3 0x80001b22 (0x147f3f93) x31 0x00000000
core   0: 0x80001b26 (0x03d850b3) divu    ra, a6, t4
core   0: 3 0x80001b26 (0x03d850b3) x 1 0x006ba780
core   0: 0x80001b2a (0x0201f4b3) remu    s1, gp, zero
core   0: 3 0x80001b2a (0x0201f4b3) x 9 0x3fffffef
core   0: 0x80001b2e (0x00935133) srl     sp, t1, s1
core   0: 3 0x80001b2e (0x00935133) x 2 0x00019000
core   0: 0x80001b32 (0x00000001) c.nop
core   0: 3 0x80001b32 (0x0001)
core   0: 0x80001b34 (0x382be997) auipc   s3, 0x382be
core   0: 3 0x80001b34 (0x382be997) x19 0xb82bfb34
core   0: 0x80001b38 (0x41348833) sub     a6, s1, s3
core   0: 3 0x80001b38 (0x41348833) x16 0x87d404bb
core   0: 0x80001b3c (0x64cbe293) ori     t0, s7, 1612
core   0: 3 0x80001b3c (0x64cbe293) x 5 0x0000064c
core   0: 0x80001b40 (0x40810033) sub     zero, sp, s0
core   0: 3 0x80001b40 (0x40810033)
core   0: 0x80001b44 (0x00008c11) c.sub   s0, a2
core   0: 3 0x80001b44 (0x8c11) x 8 0x00000044
core   0: 0x80001b46 (0x00006135) c.addi16sp sp, 352
core   0: 3 0x80001b46 (0x6135) x 2 0x00019160
core   0: 0x80001b48 (0x01525d93) srli    s11, tp, 21
core   0: 3 0x80001b48 (0x01525d93) x27 0x00000000
core   0: 0x80001b4c (0x0696bab7) lui     s5, 0x696b
core   0: 3 0x80001b4c (0x0696bab7) x21 0x0696b000
core   0: 0x80001b50 (0x0000830d) c.srli  a4, 3
core   0: 3 0x80001b50 (0x830d) x14 0x00000000
core   0: 0x80001b52 (0x0000100f) fence.i
core   0: 3 0x80001b52 (0x0000100f)
core   0: 0x80001b56 (0x0000884a) c.mv    a6, s2
core   0: 3 0x80001b56 (0x884a) x16 0x48bacace
core   0: 0x80001b58 (0x0121f363) bgeu    gp, s2, pc + 6
core   0: 3 0x80001b58 (0x0121f363)
core   0: 0x80001b5c (0x00008b5e) c.mv    s6, s7
core   0: 3 0x80001b5c (0x8b5e) x22 0x00000000
core   0: 0x80001b5e (0x00008c8d) c.sub   s1, a1
core   0: 3 0x80001b5e (0x8c8d) x 9 0xbffd930b
core   0: 0x80001b60 (0x00000998) c.addi4spn a4, sp, 208
core   0: 3 0x80001b60 (0x0998) x14 0x00019230
core   0: 0x80001b62 (0x02be41b3) div     gp, t3, a1
core   0: 3 0x80001b62 (0x02be41b3) x 3 0x00000000
core   0: 0x80001b66 (0xf8176d93) ori     s11, a4, -127
core   0: 3 0x80001b66 (0xf8176d93) x27 0xffffffb1
core   0: 0x80001b6a (0x019dd813) srli    a6, s11, 25
core   0: 3 0x80001b6a (0x019dd813) x16 0x0000007f
core   0: 0x80001b6e (0x00006749) c.lui   a4, 0x12
core   0: 3 0x80001b6e (0x6749) x14 0x00012000
core   0: 0x80001b70 (0xc25e8393) addi    t2, t4, -987
core   0: 3 0x80001b70 (0xc25e8393) x 7 0xfffffd85
core   0: 0x80001b74 (0x00000bba) c.slli  s7, 14
core   0: 3 0x80001b74 (0x0bba) x23 0x00000000
core   0: 0x80001b76 (0x28feee13) ori     t3, t4, 655
core   0: 3 0x80001b76 (0x28feee13) x28 0x000003ef
core   0: 0x80001b7a (0x00008f39) c.xor   a4, a4
core   0: 3 0x80001b7a (0x8f39) x14 0x00000000
core   0: 0x80001b7c (0x4e222d93) slti    s11, tp, 1250
core   0: 3 0x80001b7c (0x4e222d93) x27 0x00000001
core   0: 0x80001b80 (0x03da9733) mulh    a4, s5, t4
core   0: 3 0x80001b80 (0x03da9733) x14 0x00000009
core   0: 0x80001b84 (0x02febfb3) mulhu   t6, t4, a5
core   0: 3 0x80001b84 (0x02febfb3) x31 0x00000000
core   0: 0x80001b88 (0x027589b3) mul     s3, a1, t2
core   0: 3 0x80001b88 (0x027589b3) x19 0x79fbe674
core   0: 0x80001b8c (0x00a274b3) and     s1, tp, a0
core   0: 3 0x80001b8c (0x00a274b3) x 9 0x00000000
core   0: 0x80001b90 (0x00000001) c.nop
core   0: 3 0x80001b90 (0x0001)
core   0: 0x80001b92 (0xb4744197) auipc   gp, 0xb4744
core   0: 3 0x80001b92 (0xb4744197) x 3 0x34745b92
core   0: 0x80001b96 (0x000056fd) c.li    a3, -1
core   0: 3 0x80001b96 (0x56fd) x13 0xffffffff
core   0: 0x80001b98 (0x00008f71) c.and   a4, a2
core   0: 3 0x80001b98 (0x8f71) x14 0x00000008
core   0: 0x80001b9a (0x017f1463) bne     t5, s7, pc + 8
core   0: 3 0x80001b9a (0x017f1463)
core   0: 0x80001ba2 (0x849ccd93) xori    s11, s9, -1975
core   0: 3 0x80001ba2 (0x849ccd93) x27 0xfffff849
core   0: 0x80001ba6 (0x02e45f33) divu    t5, s0, a4
core   0: 3 0x80001ba6 (0x02e45f33) x30 0x00000008
core   0: 0x80001baa (0x03857863) bgeu    a0, s8, pc + 48
core   0: 3 0x80001baa (0x03857863)
core   0: 0x80001bae (0x000008b9) c.addi  a7, 14
core   0: 3 0x80001bae (0x08b9) x17 0x00000238
core   0: 0x80001bb0 (0x033784b3) mul     s1, a5, s3
core   0: 3 0x80001bb0 (0x033784b3) x 9 0x639567c8
core   0: 0x80001bb4 (0x00a650b3) srl     ra, a2, a0
core   0: 3 0x80001bb4 (0x00a650b3) x 1 0x0ffffffb
core   0: 0x80001bb8 (0x011d7833) and     a6, s10, a7
core   0: 3 0x80001bb8 (0x011d7833) x16 0x00000028
core   0: 0x80001bbc (0x00009b7d) c.andi  a4, -1
core   0: 3 0x80001bbc (0x9b7d) x14 0x00000008
core   0: 0x80001bbe (0x025f1d63) bne     t5, t0, pc + 58
core   0: 3 0x80001bbe (0x025f1d63)
core   0: 0x80001bf8 (0x03f8cc33) div     s8, a7, t6
core   0: 3 0x80001bf8 (0x03f8cc33) x24 0xffffffff
core   0: 0x80001bfc (0x01917733) and     a4, sp, s9
core   0: 3 0x80001bfc (0x01917733) x14 0x00000000
core   0: 0x80001c00 (0x0000717d) c.addi16sp sp, -16
core   0: 3 0x80001c00 (0x717d) x 2 0x00019150
core   0: 0x80001c02 (0x02c59163) bne     a1, a2, pc + 34
core   0: 3 0x80001c02 (0x02c59163)
core   0: 0x80001c24 (0x0000cf91) c.beqz  a5, pc + 28
core   0: 3 0x80001c24 (0xcf91)
core   0: 0x80001c26 (0x00193f33) sltu    t5, s2, ra
core   0: 3 0x80001c26 (0x00193f33) x30 0x00000000
core   0: 0x80001c2a (0x02fd9cb3) mulh    s9, s11, a5
core   0: 3 0x80001c2a (0x02fd9cb3) x25 0xffffffff
core   0: 0x80001c2e (0xa5d37793) andi    a5, t1, -1443
core   0: 3 0x80001c2e (0xa5d37793) x15 0xc8000000
core   0: 0x80001c32 (0xbb4a6113) ori     sp, s4, -1100
core   0: 3 0x80001c32 (0xbb4a6113) x 2 0xfffffbb4
core   0: 0x80001c36 (0x0000100f) fence.i
core   0: 3 0x80001c36 (0x0000100f)
core   0: 0x80001c3a (0x0000615d) c.addi16sp sp, 432
core   0: 3 0x80001c3a (0x615d) x 2 0xfffffd64
core   0: 0x80001c3c (0x0117d333) srl     t1, a5, a7
core   0: 3 0x80001c3c (0x0117d333) x 6 0x000000c8
core   0: 0x80001c40 (0x0177d263) bge     a5, s7, pc + 4
core   0: 3 0x80001c40 (0x0177d263)
core   0: 0x80001c44 (0x000094ae) c.add   s1, a1
core   0: 3 0x80001c44 (0x94ae) x 9 0xe397d4ac
core   0: 0x80001c46 (0x01a98563) beq     s3, s10, pc + 10
core   0: 3 0x80001c46 (0x01a98563)
core   0: 0x80001c4a (0x00008ce5) c.and   s1, s1
core   0: 3 0x80001c4a (0x8ce5) x 9 0xe397d4ac
core   0: 0x80001c4c (0x40d554b3) sra     s1, a0, a3
core   0: 3 0x80001c4c (0x40d554b3) x 9 0xffffffff
core   0: 0x80001c50 (0x00de0733) add     a4, t3, a3
core   0: 3 0x80001c50 (0x00de0733) x14 0x000003ee
core   0: 0x80001c54 (0x40aa5893) srai    a7, s4, 10
core   0: 3 0x80001c54 (0x40aa5893) x17 0x00000000
core   0: 0x80001c58 (0x00894133) xor     sp, s2, s0
core   0: 3 0x80001c58 (0x00894133) x 2 0x48baca8a
core   0: 0x80001c5c (0x03869b33) mulh    s6, a3, s8
core   0: 3 0x80001c5c (0x03869b33) x22 0x00000000
core   0: 0x80001c60 (0x00000001) c.nop
core   0: 3 0x80001c60 (0x0001)
core   0: 0x80001c62 (0x0000975e) c.add   a4, s7
core   0: 3 0x80001c62 (0x975e) x14 0x000003ee
core   0: 0x80001c64 (0x00008461) c.srai  s0, 24
core   0: 3 0x80001c64 (0x8461) x 8 0x00000000
core   0: 0x80001c66 (0x49053f93) sltiu   t6, a0, 1168
core   0: 3 0x80001c66 (0x49053f93) x31 0x00000000
core   0: 0x80001c6a (0x00006d51) c.lui   s10, 0x14
core   0: 3 0x80001c6a (0x6d51) x26 0x00014000
core   0: 0x80001c6c (0x00e9b4b3) sltu    s1, s3, a4
core   0: 3 0x80001c6c (0x00e9b4b3) x 9 0x00000000
core   0: 0x80001c70 (0x05bbe363) bltu    s7, s11, pc + 70
core   0: 3 0x80001c70 (0x05bbe363)
core   0: 0x80001cb6 (0x00008e19) c.sub   a2, a4
core   0: 3 0x80001cb6 (0x8e19) x12 0xfffffbce
core   0: 0x80001cb8 (0x03439563) bne     t2, s4, pc + 42
core   0: 3 0x80001cb8 (0x03439563)
core   0: 0x80001ce2 (0x01f6d9b3) srl     s3, a3, t6
core   0: 3 0x80001ce2 (0x01f6d9b3) x19 0xffffffff
core   0: 0x80001ce6 (0x02983fb3) mulhu   t6, a6, s1
core   0: 3 0x80001ce6 (0x02983fb3) x31 0x00000000
core   0: 0x80001cea (0x00557c33) and     s8, a0, t0
core   0: 3 0x80001cea (0x00557c33) x24 0x00000644
core   0: 0x80001cee (0x003d5413) srli    s0, s10, 3
core   0: 3 0x80001cee (0x003d5413) x 8 0x00002800
core   0: 0x80001cf2 (0x007deb63) bltu    s11, t2, pc + 22
core   0: 3 0x80001cf2 (0x007deb63)
core   0: 0x80001d08 (0x54ad7d93) andi    s11, s10, 1354
core   0: 3 0x80001d08 (0x54ad7d93) x27 0x00000000
core   0: 0x80001d0c (0x00001d14) c.addi4spn a3, sp, 688
core   0: 3 0x80001d0c (0x1d14) x13 0x48bacd3a
core   0: 0x80001d0e (0x0283f133) remu    sp, t2, s0
core   0: 3 0x80001d0e (0x0283f133) x 2 0x00000d85
core   0: 0x80001d12 (0x01619013) slli    zero, gp, 22
core   0: 3 0x80001d12 (0x01619013)
core   0: 0x80001d16 (0x00000001) c.nop
core   0: 3 0x80001d16 (0x0001)
core   0: 0x80001d18 (0x0000e099) c.bnez  s1, pc + 6
core   0: 3 0x80001d18 (0xe099)
core   0: 0x80001d1a (0x04a5f813) andi    a6, a1, 74
core   0: 3 0x80001d1a (0x04a5f813) x16 0x00000040
core   0: 0x80001d1e (0x0e399a63) bne     s3, gp, pc + 244
core   0: 3 0x80001d1e (0x0e399a63)
core   0: 0x80001e12 (0x01724633) xor     a2, tp, s7
core   0: 3 0x80001e12 (0x01724633) x12 0x00000000
core   0: 0x80001e16 (0x00008f91) c.sub   a5, a2
core   0: 3 0x80001e16 (0x8f91) x15 0xc8000000
core   0: 0x80001e18 (0x00008ff5) c.and   a5, a3
core   0: 3 0x80001e18 (0x8ff5) x15 0x48000000
core   0: 0x80001e1a (0x010f8033) add     zero, t6, a6
core   0: 3 0x80001e1a (0x010f8033)
core   0: 0x80001e1e (0x03eefe63) bgeu    t4, t5, pc + 60
core   0: 3 0x80001e1e (0x03eefe63)
core   0: 0x80001e5a (0x2306c337) lui     t1, 0x2306c
core   0: 3 0x80001e5a (0x2306c337) x 6 0x2306c000
core   0: 0x80001e5e (0x0000e331) c.bnez  a4, pc + 68
core   0: 3 0x80001e5e (0xe331)
core   0: 0x80001ea2 (0x0255ba33) mulhu   s4, a1, t0
core   0: 3 0x80001ea2 (0x0255ba33) x20 0x00000326
core   0: 0x80001ea6 (0x00009342) c.add   t1, a6
core   0: 3 0x80001ea6 (0x9342) x 6 0x2306c040
core   0: 0x80001ea8 (0x01c524b3) slt     s1, a0, t3
core   0: 3 0x80001ea8 (0x01c524b3) x 9 0x00000001
core   0: 0x80001eac (0x7fd56413) ori     s0, a0, 2045
core   0: 3 0x80001eac (0x7fd56413) x 8 0x80022ffd
core   0: 0x80001eb0 (0x0368ef33) rem     t5, a7, s6
core   0: 3 0x80001eb0 (0x0368ef33) x30 0x00000000
core   0: 0x80001eb4 (0x037771b3) remu    gp, a4, s7
core   0: 3 0x80001eb4 (0x037771b3) x 3 0x000003ee
core   0: 0x80001eb8 (0x9c65a613) slti    a2, a1, -1594
core   0: 3 0x80001eb8 (0x9c65a613) x12 0x00000001
core   0: 0x80001ebc (0x00008ce9) c.and   s1, a0
core   0: 3 0x80001ebc (0x8ce9) x 9 0x00000000
core   0: 0x80001ebe (0x00008e89) c.sub   a3, a0
core   0: 3 0x80001ebe (0x8e89) x13 0xc8b89ed6
core   0: 0x80001ec0 (0x00008755) c.srai  a4, 21
core   0: 3 0x80001ec0 (0x8755) x14 0x00000000
core   0: 0x80001ec2 (0x00e80563) beq     a6, a4, pc + 10
core   0: 3 0x80001ec2 (0x00e80563)
core   0: 0x80001ec6 (0x03096033) rem     zero, s2, a6
core   0: 3 0x80001ec6 (0x03096033)
core   0: 0x80001eca (0x000087a1) c.srai  a5, 8
core   0: 3 0x80001eca (0x87a1) x15 0x00480000
core   0: 0x80001ecc (0x00008ad6) c.mv    s5, s5
core   0: 3 0x80001ecc (0x8ad6) x21 0x0696b000
core   0: 0x80001ece (0x03fd2733) mulhsu  a4, s10, t6
core   0: 3 0x80001ece (0x03fd2733) x14 0x00000000
core   0: 0x80001ed2 (0x0207d633) divu    a2, a5, zero
core   0: 3 0x80001ed2 (0x0207d633) x12 0xffffffff
core   0: 0x80001ed6 (0x00008fa9) c.xor   a5, a0
core   0: 3 0x80001ed6 (0x8fa9) x15 0x804a2e64
core   0: 0x80001ed8 (0x00008e09) c.sub   a2, a0
core   0: 3 0x80001ed8 (0x8e09) x12 0x7ffdd19b
core   0: 0x80001eda (0x01335193) srli    gp, t1, 19
core   0: 3 0x80001eda (0x01335193) x 3 0x00000460
core   0: 0x80001ede (0x781d4813) xori    a6, s10, 1921
core   0: 3 0x80001ede (0x781d4813) x16 0x00014781
core   0: 0x80001ee2 (0xdf42e313) ori     t1, t0, -524
core   0: 3 0x80001ee2 (0xdf42e313) x 6 0xfffffffc
core   0: 0x80001ee6 (0x00fb1863) bne     s6, a5, pc + 16
core   0: 3 0x80001ee6 (0x00fb1863)
core   0: 0x80001ef6 (0x2744f313) andi    t1, s1, 628
core   0: 3 0x80001ef6 (0x2744f313) x 6 0x00000000
core   0: 0x80001efa (0x00001310) c.addi4spn a2, sp, 416
core   0: 3 0x80001efa (0x1310) x12 0x00000f25
core   0: 0x80001efc (0x016b1413) slli    s0, s6, 22
core   0: 3 0x80001efc (0x016b1413) x 8 0x00000000
core   0: 0x80001f00 (0x00008ff1) c.and   a5, a2
core   0: 3 0x80001f00 (0x8ff1) x15 0x00000e24
core   0: 0x80001f02 (0x030f4433) div     s0, t5, a6
core   0: 3 0x80001f02 (0x030f4433) x 8 0x00000000
core   0: 0x80001f06 (0x00009422) c.add   s0, s0
core   0: 3 0x80001f06 (0x9422) x 8 0x00000000
core   0: 0x80001f08 (0x03ffd2b3) divu    t0, t6, t6
core   0: 3 0x80001f08 (0x03ffd2b3) x 5 0xffffffff
core   0: 0x80001f0c (0x02452db3) mulhsu  s11, a0, tp
core   0: 3 0x80001f0c (0x02452db3) x27 0x00000000
core   0: 0x80001f10 (0x0000806d) c.srli  s0, 27
core   0: 3 0x80001f10 (0x806d) x 8 0x00000000
core   0: 0x80001f12 (0x000018fd) c.addi  a7, -1
core   0: 3 0x80001f12 (0x18fd) x17 0xffffffff
core   0: 0x80001f14 (0x00008011) c.srli  s0, 4
core   0: 3 0x80001f14 (0x8011) x 8 0x00000000
core   0: 0x80001f16 (0x0000c095) c.beqz  s1, pc + 36
core   0: 3 0x80001f16 (0xc095)
core   0: 0x80001f3a (0xf2d9b613) sltiu   a2, s3, -211
core   0: 3 0x80001f3a (0xf2d9b613) x12 0x00000000
core   0: 0x80001f3e (0x0ff0000f) fence   iorw,iorw
core   0: 3 0x80001f3e (0x0ff0000f)
core   0: 0x80001f42 (0x00d31433) sll     s0, t1, a3
core   0: 3 0x80001f42 (0x00d31433) x 8 0x00000000
core   0: 0x80001f46 (0x03dfc633) div     a2, t6, t4
core   0: 3 0x80001f46 (0x03dfc633) x12 0x00000000
core   0: 0x80001f4a (0x00008f5d) c.or    a4, a5
core   0: 3 0x80001f4a (0x8f5d) x14 0x00000e24
core   0: 0x80001f4c (0x00000001) c.nop
core   0: 3 0x80001f4c (0x0001)
core   0: 0x80001f4e (0x97b83793) sltiu   a5, a6, -1669
core   0: 3 0x80001f4e (0x97b83793) x15 0x00000001
core   0: 0x80001f52 (0x00001180) c.addi4spn s0, sp, 224
core   0: 3 0x80001f52 (0x1180) x 8 0x00000e65
core   0: 0x80001f54 (0x0000c399) c.beqz  a5, pc + 6
core   0: 3 0x80001f54 (0xc399)
core   0: 0x80001f56 (0x40df02b3) sub     t0, t5, a3
core   0: 3 0x80001f56 (0x40df02b3) x 5 0x3747612a
core   0: 0x80001f5a (0x40b88b33) sub     s6, a7, a1
core   0: 3 0x80001f5a (0x40b88b33) x22 0x7ffd931b
core   0: 0x80001f5e (0x025ef963) bgeu    t4, t0, pc + 50
core   0: 3 0x80001f5e (0x025ef963)
core   0: 0x80001f62 (0x00000b80) c.addi4spn s0, sp, 464
core   0: 3 0x80001f62 (0x0b80) x 8 0x00000f55
core   0: 0x80001f64 (0x02fcac33) mulhsu  s8, s9, a5
core   0: 3 0x80001f64 (0x02fcac33) x24 0xffffffff
core   0: 0x80001f68 (0x0000978e) c.add   a5, gp
core   0: 3 0x80001f68 (0x978e) x15 0x00000461
core   0: 0x80001f6a (0x0000613d) c.addi16sp sp, 480
core   0: 3 0x80001f6a (0x613d) x 2 0x00000f65
core   0: 0x80001f6c (0x94cd3813) sltiu   a6, s10, -1716
core   0: 3 0x80001f6c (0x94cd3813) x16 0x00000001
core   0: 0x80001f70 (0x020679b3) remu    s3, a2, zero
core   0: 3 0x80001f70 (0x020679b3) x19 0x00000000
core   0: 0x80001f74 (0x41ba89b3) sub     s3, s5, s11
core   0: 3 0x80001f74 (0x41ba89b3) x19 0x0696b000
core   0: 0x80001f78 (0x00d27133) and     sp, tp, a3
core   0: 3 0x80001f78 (0x00d27133) x 2 0x00000000
core   0: 0x80001f7c (0x0000717d) c.addi16sp sp, -16
core   0: 3 0x80001f7c (0x717d) x 2 0xfffffff0
core   0: 0x80001f7e (0x0000717d) c.addi16sp sp, -16
core   0: 3 0x80001f7e (0x717d) x 2 0xffffffe0
core   0: 0x80001f80 (0x05f67163) bgeu    a2, t6, pc + 66
core   0: 3 0x80001f80 (0x05f67163)
core   0: 0x80001fc2 (0x02e99b63) bne     s3, a4, pc + 54
core   0: 3 0x80001fc2 (0x02e99b63)
core   0: 0x80001ff8 (0x00008e89) c.sub   a3, a0
core   0: 3 0x80001ff8 (0x8e89) x13 0x48b67072
core   0: 0x80001ffa (0xd9600697) auipc   a3, 0xd9600
core   0: 3 0x80001ffa (0xd9600697) x13 0x59601ffa
core   0: 0x80001ffe (0x764e8e93) addi    t4, t4, 1892
core   0: 3 0x80001ffe (0x764e8e93) x29 0x000008c4
core   0: 0x80002002 (0x00ac78b3) and     a7, s8, a0
core   0: 3 0x80002002 (0x00ac78b3) x17 0x80022e64
core   0: 0x80002006 (0x0000017d) c.addi  sp, 31
core   0: 3 0x80002006 (0x017d) x 2 0xffffffff
core   0: 0x80002008 (0xbe334913) xori    s2, t1, -1053
core   0: 3 0x80002008 (0xbe334913) x18 0xfffffbe3
core   0: 0x8000200c (0x0000987d) c.andi  s0, -1
core   0: 3 0x8000200c (0x987d) x 8 0x00000f55
core   0: 0x8000200e (0x02f6a433) mulhsu  s0, a3, a5
core   0: 3 0x8000200e (0x02f6a433) x 8 0x00000187
core   0: 0x80002012 (0x00d89433) sll     s0, a7, a3
core   0: 3 0x80002012 (0x00d89433) x 8 0x90000000
core   0: 0x80002016 (0x0ff0000f) fence   iorw,iorw
core   0: 3 0x80002016 (0x0ff0000f)
core   0: 0x8000201a (0x010501b3) add     gp, a0, a6
core   0: 3 0x8000201a (0x010501b3) x 3 0x80022e65
core   0: 0x8000201e (0x00008f69) c.and   a4, a0
core   0: 3 0x8000201e (0x8f69) x14 0x00000e24
core   0: 0x80002020 (0x00e17eb3) and     t4, sp, a4
core   0: 3 0x80002020 (0x00e17eb3) x29 0x00000e24
core   0: 0x80002024 (0x01221713) slli    a4, tp, 18
core   0: 3 0x80002024 (0x01221713) x14 0x00000000
core   0: 0x80002028 (0x0000100f) fence.i
core   0: 3 0x80002028 (0x0000100f)
core   0: 0x8000202c (0x03ce68b3) rem     a7, t3, t3
core   0: 3 0x8000202c (0x03ce68b3) x17 0x00000000
core   0: 0x80002030 (0x0ff0000f) fence   iorw,iorw
core   0: 3 0x80002030 (0x0ff0000f)
core   0: 0x80002034 (0x0000e781) c.bnez  a5, pc + 8
core   0: 3 0x80002034 (0xe781)
core   0: 0x8000203c (0x01a7ee33) or      t3, a5, s10
core   0: 3 0x8000203c (0x01a7ee33) x28 0x00014461
core   0: 0x80002040 (0x039bdd33) divu    s10, s7, s9
core   0: 3 0x80002040 (0x039bdd33) x26 0x00000000
core   0: 0x80002044 (0x00000a04) c.addi4spn s1, sp, 272
core   0: 3 0x80002044 (0x0a04) x 9 0x0000010f
core   0: 0x80002046 (0x0000806d) c.srli  s0, 27
core   0: 3 0x80002046 (0x806d) x 8 0x00000012
core   0: 0x80002048 (0x000059fd) c.li    s3, -1
core   0: 3 0x80002048 (0x59fd) x19 0xffffffff
core   0: 0x8000204a (0x00008aed) c.andi  a3, 27
core   0: 3 0x8000204a (0x8aed) x13 0x0000001a
core   0: 0x8000204c (0x03ef7133) remu    sp, t5, t5
core   0: 3 0x8000204c (0x03ef7133) x 2 0x00000000
core   0: 0x80002050 (0x00006b85) c.lui   s7, 0x1
core   0: 3 0x80002050 (0x6b85) x23 0x00001000
core   0: 0x80002052 (0x016a0e33) add     t3, s4, s6
core   0: 3 0x80002052 (0x016a0e33) x28 0x7ffd9641
core   0: 0x80002056 (0x014d3633) sltu    a2, s10, s4
core   0: 3 0x80002056 (0x014d3633) x12 0x00000001
core   0: 0x8000205a (0x39114493) xori    s1, sp, 913
core   0: 3 0x8000205a (0x39114493) x 9 0x00000391
core   0: 0x8000205e (0x00006331) c.lui   t1, 0xc
core   0: 3 0x8000205e (0x6331) x 6 0x0000c000
core   0: 0x80002060 (0x00008f61) c.and   a4, s0
core   0: 3 0x80002060 (0x8f61) x14 0x00000000
core   0: 0x80002062 (0x0000e705) c.bnez  a4, pc + 40
core   0: 3 0x80002062 (0xe705)
core   0: 0x80002064 (0x0350bd33) mulhu   s10, ra, s5
core   0: 3 0x80002064 (0x0350bd33) x26 0x00696aff
core   0: 0x80002068 (0x00a24f33) xor     t5, tp, a0
core   0: 3 0x80002068 (0x00a24f33) x30 0x80022e64
core   0: 0x8000206c (0x00008ccd) c.or    s1, a1
core   0: 3 0x8000206c (0x8ccd) x 9 0x80026ff5
core   0: 0x8000206e (0x29ee4897) auipc   a7, 0x29ee4
core   0: 3 0x8000206e (0x29ee4897) x17 0xa9ee606e
core   0: 0x80002072 (0x00008011) c.srli  s0, 4
core   0: 3 0x80002072 (0x8011) x 8 0x00000001
core   0: 0x80002074 (0x00d75833) srl     a6, a4, a3
core   0: 3 0x80002074 (0x00d75833) x16 0x00000000
core   0: 0x80002078 (0x013a20b3) slt     ra, s4, s3
core   0: 3 0x80002078 (0x013a20b3) x 1 0x00000000
core   0: 0x8000207c (0x00009cba) c.add   s9, a4
core   0: 3 0x8000207c (0x9cba) x25 0xffffffff
core   0: 0x8000207e (0x013f2db3) slt     s11, t5, s3
core   0: 3 0x8000207e (0x013f2db3) x27 0x00000001
core   0: 0x80002082 (0x0292fd33) remu    s10, t0, s1
core   0: 3 0x80002082 (0x0292fd33) x26 0x3747612a
core   0: 0x80002086 (0x000011fd) c.addi  gp, -1
core   0: 3 0x80002086 (0x11fd) x 3 0x80022e64
core   0: 0x80002088 (0x00009dca) c.add   s11, s2
core   0: 3 0x80002088 (0x9dca) x27 0xfffffbe4
core   0: 0x8000208a (0x0000100f) fence.i
core   0: 3 0x8000208a (0x0000100f)
core   0: 0x8000208e (0x0019d933) srl     s2, s3, ra
core   0: 3 0x8000208e (0x0019d933) x18 0xffffffff
core   0: 0x80002092 (0x030101b3) mul     gp, sp, a6
core   0: 3 0x80002092 (0x030101b3) x 3 0x00000000
core   0: 0x80002096 (0x0ff0000f) fence   iorw,iorw
core   0: 3 0x80002096 (0x0ff0000f)
core   0: 0x8000209a (0x03d2feb3) remu    t4, t0, t4
core   0: 3 0x8000209a (0x03d2feb3) x29 0x000009e2
core   0: 0x8000209e (0x001e08b3) add     a7, t3, ra
core   0: 3 0x8000209e (0x001e08b3) x17 0x7ffd9641
core   0: 0x800020a2 (0x01375eb3) srl     t4, a4, s3
core   0: 3 0x800020a2 (0x01375eb3) x29 0x00000000
core   0: 0x800020a6 (0x02c88b33) mul     s6, a7, a2
core   0: 3 0x800020a6 (0x02c88b33) x22 0x7ffd9641
core   0: 0x800020aa (0x8f2bbf93) sltiu   t6, s7, -1806
core   0: 3 0x800020aa (0x8f2bbf93) x31 0x00000001
core   0: 0x800020ae (0x000092c2) c.add   t0, a6
core   0: 3 0x800020ae (0x92c2) x 5 0x3747612a
core   0: 0x800020b0 (0x01f960b3) or      ra, s2, t6
core   0: 3 0x800020b0 (0x01f960b3) x 1 0xffffffff
core   0: 0x800020b4 (0x03b09863) bne     ra, s11, pc + 48
core   0: 3 0x800020b4 (0x03b09863)
core   0: 0x800020e4 (0x016c9933) sll     s2, s9, s6
core   0: 3 0x800020e4 (0x016c9933) x18 0xfffffffe
core   0: 0x800020e8 (0xb7d2a313) slti    t1, t0, -1155
core   0: 3 0x800020e8 (0xb7d2a313) x 6 0x00000000
core   0: 0x800020ec (0x01b0ea63) bltu    ra, s11, pc + 20
core   0: 3 0x800020ec (0x01b0ea63)
core   0: 0x800020f0 (0x00009d66) c.add   s10, s9
core   0: 3 0x800020f0 (0x9d66) x26 0x37476129
core   0: 0x800020f2 (0x01162433) slt     s0, a2, a7
core   0: 3 0x800020f2 (0x01162433) x 8 0x00000001
core   0: 0x800020f6 (0x00000305) c.addi  t1, 1
core   0: 3 0x800020f6 (0x0305) x 6 0x00000001
core   0: 0x800020f8 (0x02704b63) blt     zero, t2, pc + 54
core   0: 3 0x800020f8 (0x02704b63)
core   0: 0x800020fc (0xc7e5f413) andi    s0, a1, -898
core   0: 3 0x800020fc (0xc7e5f413) x 8 0x80026c64
core   0: 0x80002100 (0x0296ac33) mulhsu  s8, a3, s1
core   0: 3 0x80002100 (0x0296ac33) x24 0x0000000d
core   0: 0x80002104 (0x010a0633) add     a2, s4, a6
core   0: 3 0x80002104 (0x010a0633) x12 0x00000326
core   0: 0x80002108 (0x00008cb9) c.xor   s1, a4
core   0: 3 0x80002108 (0x8cb9) x 9 0x80026ff5
core   0: 0x8000210a (0x001f7563) bgeu    t5, ra, pc + 10
core   0: 3 0x8000210a (0x001f7563)
core   0: 0x8000210e (0x01f05263) bge     zero, t6, pc + 4
core   0: 3 0x8000210e (0x01f05263)
core   0: 0x80002112 (0x00008bee) c.mv    s7, s11
core   0: 3 0x80002112 (0x8bee) x23 0xfffffbe4
core   0: 0x80002114 (0x0000610d) c.addi16sp sp, 160
core   0: 3 0x80002114 (0x610d) x 2 0x000000a0
core   0: 0x80002116 (0x05fff263) bgeu    t6, t6, pc + 68
core   0: 3 0x80002116 (0x05fff263)
core   0: 0x8000215a (0x00af1293) slli    t0, t5, 10
core   0: 3 0x8000215a (0x00af1293) x 5 0x08b99000
core   0: 0x8000215e (0x039597b3) mulh    a5, a1, s9
core   0: 3 0x8000215e (0x039597b3) x15 0x00000000
core   0: 0x80002162 (0x054a8363) beq     s5, s4, pc + 70
core   0: 3 0x80002162 (0x054a8363)
core   0: 0x80002166 (0x0131acb3) slt     s9, gp, s3
core   0: 3 0x80002166 (0x0131acb3) x25 0x00000000
core   0: 0x8000216a (0x49d17c13) andi    s8, sp, 1181
core   0: 3 0x8000216a (0x49d17c13) x24 0x00000080
core   0: 0x8000216e (0x004eee63) bltu    t4, tp, pc + 28
core   0: 3 0x8000216e (0x004eee63)
core   0: 0x80002172 (0x03c2a9b3) mulhsu  s3, t0, t3
core   0: 3 0x80002172 (0x03c2a9b3) x19 0x045cb2f2
core   0: 0x80002176 (0x8598ff93) andi    t6, a7, -1959
core   0: 3 0x80002176 (0x8598ff93) x31 0x7ffd9041
core   0: 0x8000217a (0xd483ac93) slti    s9, t2, -696
core   0: 3 0x8000217a (0xd483ac93) x25 0x00000000
core   0: 0x8000217e (0x005e29b3) slt     s3, t3, t0
core   0: 3 0x8000217e (0x005e29b3) x19 0x00000000
core   0: 0x80002182 (0x0000717d) c.addi16sp sp, -16
core   0: 3 0x80002182 (0x717d) x 2 0x00000090
core   0: 0x80002184 (0x00001210) c.addi4spn a2, sp, 288
core   0: 3 0x80002184 (0x1210) x12 0x000001b0
core   0: 0x80002186 (0x013ab933) sltu    s2, s5, s3
core   0: 3 0x80002186 (0x013ab933) x18 0x00000000
core   0: 0x8000218a (0x87a92993) slti    s3, s2, -1926
core   0: 3 0x8000218a (0x87a92993) x19 0x00000000
core   0: 0x8000218e (0x038a4f33) div     t5, s4, s8
core   0: 3 0x8000218e (0x038a4f33) x30 0x00000006
core   0: 0x80002192 (0x0000717d) c.addi16sp sp, -16
core   0: 3 0x80002192 (0x717d) x 2 0x00000080
core   0: 0x80002194 (0x00cc1d33) sll     s10, s8, a2
core   0: 3 0x80002194 (0x00cc1d33) x26 0x00800000
core   0: 0x80002198 (0x0000717d) c.addi16sp sp, -16
core   0: 3 0x80002198 (0x717d) x 2 0x00000070
core   0: 0x8000219a (0x00008a8d) c.andi  a3, 3
core   0: 3 0x8000219a (0x8a8d) x13 0x00000002
core   0: 0x8000219c (0x015f1b93) slli    s7, t5, 21
core   0: 3 0x8000219c (0x015f1b93) x23 0x00c00000
core   0: 0x800021a0 (0x34a1d497) auipc   s1, 0x34a1d
core   0: 3 0x800021a0 (0x34a1d497) x 9 0xb4a1f1a0
core   0: 0x800021a4 (0x02fdd733) divu    a4, s11, a5
core   0: 3 0x800021a4 (0x02fdd733) x14 0xffffffff
core   0: 0x800021a8 (0x00009942) c.add   s2, a6
core   0: 3 0x800021a8 (0x9942) x18 0x00000000
core   0: 0x800021aa (0x024be733) rem     a4, s7, tp
core   0: 3 0x800021aa (0x024be733) x14 0x00c00000
core   0: 0x800021ae (0x00009b7d) c.andi  a4, -1
core   0: 3 0x800021ae (0x9b7d) x14 0x00c00000
core   0: 0x800021b0 (0x01d0d333) srl     t1, ra, t4
core   0: 3 0x800021b0 (0x01d0d333) x 6 0xffffffff
core   0: 0x800021b4 (0x03d07d33) remu    s10, zero, t4
core   0: 3 0x800021b4 (0x03d07d33) x26 0x00000000
core   0: 0x800021b8 (0x00005bfd) c.li    s7, -1
core   0: 3 0x800021b8 (0x5bfd) x23 0xffffffff
core   0: 0x800021ba (0x0000948a) c.add   s1, sp
core   0: 3 0x800021ba (0x948a) x 9 0xb4a1f210
core   0: 0x800021bc (0x001396b3) sll     a3, t2, ra
core   0: 3 0x800021bc (0x001396b3) x13 0x80000000
core   0: 0x800021c0 (0x02410163) beq     sp, tp, pc + 34
core   0: 3 0x800021c0 (0x02410163)
core   0: 0x800021c4 (0x00001298) c.addi4spn a4, sp, 352
core   0: 3 0x800021c4 (0x1298) x14 0x000001d0
core   0: 0x800021c6 (0x410a0133) sub     sp, s4, a6
core   0: 3 0x800021c6 (0x410a0133) x 2 0x00000326
core   0: 0x800021ca (0x544d7793) andi    a5, s10, 1348
core   0: 3 0x800021ca (0x544d7793) x15 0x00000000
core   0: 0x800021ce (0x0000ef89) c.bnez  a5, pc + 26
core   0: 3 0x800021ce (0xef89)
core   0: 0x800021d0 (0x00000001) c.nop
core   0: 3 0x800021d0 (0x0001)
core   0: 0x800021d2 (0x00008fad) c.xor   a5, a1
core   0: 3 0x800021d2 (0x8fad) x15 0x80026ce4
core   0: 0x800021d4 (0x00008f5a) c.mv    t5, s6
core   0: 3 0x800021d4 (0x8f5a) x30 0x7ffd9641
core   0: 0x800021d6 (0xe9723c13) sltiu   s8, tp, -361
core   0: 3 0x800021d6 (0xe9723c13) x24 0x00000001
core   0: 0x800021da (0x0000880e) c.mv    a6, gp
core   0: 3 0x800021da (0x880e) x16 0x00000000
core   0: 0x800021dc (0x0000100f) fence.i
core   0: 3 0x800021dc (0x0000100f)
core   0: 0x800021e0 (0x0000cb09) c.beqz  a4, pc + 18
core   0: 3 0x800021e0 (0xcb09)
core   0: 0x800021e2 (0x00000001) c.nop
core   0: 3 0x800021e2 (0x0001)
core   0: 0x800021e4 (0x03730133) mul     sp, t1, s7
core   0: 3 0x800021e4 (0x03730133) x 2 0x00000001
core   0: 0x800021e8 (0x0000e029) c.bnez  s0, pc + 66
core   0: 3 0x800021e8 (0xe029)
core   0: 0x8000222a (0x000014fd) c.addi  s1, -1
core   0: 3 0x8000222a (0x14fd) x 9 0xb4a1f20f
core   0: 0x8000222c (0x000082ce) c.mv    t0, s3
core   0: 3 0x8000222c (0x82ce) x 5 0x00000000
core   0: 0x8000222e (0x4c177e93) andi    t4, a4, 1217
core   0: 3 0x8000222e (0x4c177e93) x29 0x000000c0
core   0: 0x80002232 (0x00006111) c.addi16sp sp, 256
core   0: 3 0x80002232 (0x6111) x 2 0x00000101
core   0: 0x80002234 (0x0213d133) divu    sp, t2, ra
core   0: 3 0x80002234 (0x0213d133) x 2 0x00000000
core   0: 0x80002238 (0x0000100f) fence.i
core   0: 3 0x80002238 (0x0000100f)
core   0: 0x8000223c (0x0ff0000f) fence   iorw,iorw
core   0: 3 0x8000223c (0x0ff0000f)
core   0: 0x80002240 (0x03cb2fb3) mulhsu  t6, s6, t3
core   0: 3 0x80002240 (0x03cb2fb3) x31 0x3ffd9646
core   0: 0x80002244 (0xc77f7d13) andi    s10, t5, -905
core   0: 3 0x80002244 (0xc77f7d13) x26 0x7ffd9441
core   0: 0x80002248 (0x02af2433) mulhsu  s0, t5, a0
core   0: 3 0x80002248 (0x02af2433) x 8 0x3fffe24d
core   0: 0x8000224c (0x0115beb3) sltu    t4, a1, a7
core   0: 3 0x8000224c (0x0115beb3) x29 0x00000000
core   0: 0x80002250 (0x00000905) c.addi  s2, 1
core   0: 3 0x80002250 (0x0905) x18 0x00000001
core   0: 0x80002252 (0x7dd5b393) sltiu   t2, a1, 2013
core   0: 3 0x80002252 (0x7dd5b393) x 7 0x00000000
core   0: 0x80002256 (0x025d8033) mul     zero, s11, t0
core   0: 3 0x80002256 (0x025d8033)
core   0: 0x8000225a (0x0000987d) c.andi  s0, -1
core   0: 3 0x8000225a (0x987d) x 8 0x3fffe24d
core   0: 0x8000225c (0x40115a93) srai    s5, sp, 1
core   0: 3 0x8000225c (0x40115a93) x21 0x00000000
core   0: 0x80002260 (0x022c8a63) beq     s9, sp, pc + 52
core   0: 3 0x80002260 (0x022c8a63)
core   0: 0x80002294 (0x03c9fd33) remu    s10, s3, t3
core   0: 3 0x80002294 (0x03c9fd33) x26 0x00000000
core   0: 0x80002298 (0x07aa5663) bge     s4, s10, pc + 108
core   0: 3 0x80002298 (0x07aa5663)
core   0: 0x80002304 (0x01e789b3) add     s3, a5, t5
core   0: 3 0x80002304 (0x01e789b3) x19 0x00000325
core   0: 0x80002308 (0x410fd4b3) sra     s1, t6, a6
core   0: 3 0x80002308 (0x410fd4b3) x 9 0x3ffd9646
core   0: 0x8000230c (0x639fed93) ori     s11, t6, 1593
core   0: 3 0x8000230c (0x639fed93) x27 0x3ffd967f
core   0: 0x80002310 (0x000083d9) c.srli  a5, 22
core   0: 3 0x80002310 (0x83d9) x15 0x00000200
core   0: 0x80002312 (0x03424463) blt     tp, s4, pc + 40
core   0: 3 0x80002312 (0x03424463)
core   0: 0x8000233a (0x01675413) srli    s0, a4, 22
core   0: 3 0x8000233a (0x01675413) x 8 0x00000000
core   0: 0x8000233e (0x000082e9) c.srli  a3, 26
core   0: 3 0x8000233e (0x82e9) x13 0x00000020
core   0: 0x80002340 (0x028ee8b3) rem     a7, t4, s0
core   0: 3 0x80002340 (0x028ee8b3) x17 0x00000000
core   0: 0x80002344 (0x00000c00) c.addi4spn s0, sp, 528
core   0: 3 0x80002344 (0x0c00) x 8 0x00000210
core   0: 0x80002346 (0x0000717d) c.addi16sp sp, -16
core   0: 3 0x80002346 (0x717d) x 2 0xfffffff0
core   0: 0x80002348 (0x00000001) c.nop
core   0: 3 0x80002348 (0x0001)
core   0: 0x8000234a (0x0cb6fb63) bgeu    a3, a1, pc + 214
core   0: 3 0x8000234a (0x0cb6fb63)
core   0: 0x8000234e (0x03c6e063) bltu    a3, t3, pc + 32
core   0: 3 0x8000234e (0x03c6e063)
core   0: 0x8000236e (0x00008cf1) c.and   s1, a2
core   0: 3 0x8000236e (0x8cf1) x 9 0x00000000
core   0: 0x80002370 (0x0000c117) auipc   sp, 0xc
core   0: 3 0x80002370 (0x0000c117) x 2 0x8000e370
core   0: 0x80002374 (0xbf710113) addi    sp, sp, -1033
core   0: 3 0x80002374 (0xbf710113) x 2 0x8000df67
core   0: 0x80002378 (0x00008c91) c.sub   s1, a2
core   0: 3 0x80002378 (0x8c91) x 9 0xfffffe50
core   0: 0x8000237a (0xf6a10703) lb      a4, -150(sp)
core   0: 3 0x8000237a (0xf6a10703) x14 0xffffff8a mem 0x8000ded1
core   0: 0x8000237e (0xf8c10903) lb      s2, -116(sp)
core   0: 3 0x8000237e (0xf8c10903) x18 0xffffffa8 mem 0x8000def3
core   0: 0x80002382 (0x756e2713) slti    a4, t3, 1878
core   0: 3 0x80002382 (0x756e2713) x14 0x00000000
core   0: 0x80002386 (0x000098fd) c.andi  s1, -1
core   0: 3 0x80002386 (0x98fd) x 9 0xfffffe50
core   0: 0x80002388 (0xad0db913) sltiu   s2, s11, -1328
core   0: 3 0x80002388 (0xad0db913) x18 0x00000001
core   0: 0x8000238c (0xf1914c83) lbu     s9, -231(sp)
core   0: 3 0x8000238c (0xf1914c83) x25 0x0000003b mem 0x8000de80
core   0: 0x80002390 (0x09d12ea3) sw      t4, 157(sp)
core   0: 3 0x80002390 (0x09d12ea3) mem 0x8000e004 0x00000000
core   0: 0x80002394 (0x02cda333) mulhsu  t1, s11, a2
core   0: 3 0x80002394 (0x02cda333) x 6 0x0000006b
core   0: 0x80002398 (0x00008885) c.andi  s1, 1
core   0: 3 0x80002398 (0x8885) x 9 0x00000000
core   0: 0x8000239a (0x0c610783) lb      a5, 198(sp)
core   0: 3 0x8000239a (0x0c610783) x15 0xffffffe6 mem 0x8000e02d
core   0: 0x8000239e (0x0000842d) c.srai  s0, 11
core   0: 3 0x8000239e (0x842d) x 8 0x00000000
core   0: 0x800023a0 (0x01f8d633) srl     a2, a7, t6
core   0: 3 0x800023a0 (0x01f8d633) x12 0x00000000
core   0: 0x800023a4 (0x00008029) c.srli  s0, 10
core   0: 3 0x800023a4 (0x8029) x 8 0x00000000
core   0: 0x800023a6 (0x0cf11303) lh      t1, 207(sp)
core   0: 3 0x800023a6 (0x0cf11303) x 6 0xffffeced mem 0x8000e036
core   0: 0x800023aa (0x00004189) c.li    gp, 2
core   0: 3 0x800023aa (0x4189) x 3 0x00000002
core   0: 0x800023ac (0x03da77b3) remu    a5, s4, t4
core   0: 3 0x800023ac (0x03da77b3) x15 0x00000326
core   0: 0x800023b0 (0xf5a10703) lb      a4, -166(sp)
core   0: 3 0x800023b0 (0xf5a10703) x14 0x0000007a mem 0x8000dec1
core   0: 0x800023b4 (0x04a10703) lb      a4, 74(sp)
core   0: 3 0x800023b4 (0x04a10703) x14 0x0000006a mem 0x8000dfb1
core   0: 0x800023b8 (0x037872b3) remu    t0, a6, s7
core   0: 3 0x800023b8 (0x037872b3) x 5 0x00000000
core   0: 0x800023bc (0xfae14783) lbu     a5, -82(sp)
core   0: 3 0x800023bc (0xfae14783) x15 0x000000ce mem 0x8000df15
core   0: 0x800023c0 (0xf7b112a3) sh      s11, -155(sp)
core   0: 3 0x800023c0 (0xf7b112a3) mem 0x8000decc 0x967f
core   0: 0x800023c4 (0x0cc10923) sb      a2, 210(sp)
core   0: 3 0x800023c4 (0x0cc10923) mem 0x8000e039 0x0
core   0: 0x800023c8 (0x41f9de93) srai    t4, s3, 31
core   0: 3 0x800023c8 (0x41f9de93) x29 0x00000000
core   0: 0x800023cc (0x03610d03) lb      s10, 54(sp)
core   0: 3 0x800023cc (0x03610d03) x26 0x00000056 mem 0x8000df9d
core   0: 0x800023d0 (0x0311ce33) div     t3, gp, a7
core   0: 3 0x800023d0 (0x0311ce33) x28 0xffffffff
core   0: 0x800023d4 (0xf0c10603) lb      a2, -244(sp)
core   0: 3 0x800023d4 (0xf0c10603) x12 0x00000028 mem 0x8000de73
core   0: 0x800023d8 (0x000080ae) c.mv    ra, a1
core   0: 3 0x800023d8 (0x80ae) x 1 0x80026ce4
core   0: 0x800023da (0xd302aa93) slti    s5, t0, -720
core   0: 3 0x800023da (0xd302aa93) x21 0x00000000
core   0: 0x800023de (0x09715d03) lhu     s10, 151(sp)
core   0: 3 0x800023de (0x09715d03) x26 0x0000b4b5 mem 0x8000dffe
core   0: 0x800023e2 (0x01ec3f33) sltu    t5, s8, t5
core   0: 3 0x800023e2 (0x01ec3f33) x30 0x00000001
core   0: 0x800023e6 (0x000056fd) c.li    a3, -1
core   0: 3 0x800023e6 (0x56fd) x13 0xffffffff
core   0: 0x800023e8 (0x09610823) sb      s6, 144(sp)
core   0: 3 0x800023e8 (0x09610823) mem 0x8000dff7 0x41
core   0: 0x800023ec (0x00008f2d) c.xor   a4, a1
core   0: 3 0x800023ec (0x8f2d) x14 0x80026c8e
core   0: 0x800023ee (0xf1910323) sb      s9, -250(sp)
core   0: 3 0x800023ee (0xf1910323) mem 0x8000de6d 0x3b
core   0: 0x800023f2 (0x006720b3) slt     ra, a4, t1
core   0: 3 0x800023f2 (0x006720b3) x 1 0x00000001
core   0: 0x800023f6 (0xfcd14c83) lbu     s9, -51(sp)
core   0: 3 0x800023f6 (0xfcd14c83) x25 0x000000ef mem 0x8000df34
core   0: 0x800023fa (0x0ff0000f) fence   iorw,iorw
core   0: 3 0x800023fa (0x0ff0000f)
core   0: 0x800023fe (0x00008f49) c.or    a4, a0
core   0: 3 0x800023fe (0x8f49) x14 0x80026eee
core   0: 0x80002400 (0x00008c5d) c.or    s0, a5
core   0: 3 0x80002400 (0x8c5d) x 8 0x000000ce
core   0: 0x80002402 (0x0aa11aa3) sh      a0, 181(sp)
core   0: 3 0x80002402 (0x0aa11aa3) mem 0x8000e01c 0x2e64
core   0: 0x80002406 (0x418e8d33) sub     s10, t4, s8
core   0: 3 0x80002406 (0x418e8d33) x26 0xffffffff
core   0: 0x8000240a (0xf8e14803) lbu     a6, -114(sp)
core   0: 3 0x8000240a (0xf8e14803) x16 0x000000ae mem 0x8000def5
core   0: 0x8000240e (0x0c210923) sb      sp, 210(sp)
core   0: 3 0x8000240e (0x0c210923) mem 0x8000e039 0x67
core   0: 0x80002412 (0xfc214d83) lbu     s11, -62(sp)
core   0: 3 0x80002412 (0xfc214d83) x27 0x000000e2 mem 0x8000df29
core   0: 0x80002416 (0x40568133) sub     sp, a3, t0
core   0: 3 0x80002416 (0x40568133) x 2 0xffffffff
core   0: 0x8000241a (0x00009846) c.add   a6, a7
core   0: 3 0x8000241a (0x9846) x16 0x000000ae
core   0: 0x8000241c (0x024d22b3) mulhsu  t0, s10, tp
core   0: 3 0x8000241c (0x024d22b3) x 5 0x00000000
core   0: 0x80002420 (0x00000365) c.addi  t1, 25
core   0: 3 0x80002420 (0x0365) x 6 0xffffed06
core   0: 0x80002422 (0x026841b3) div     gp, a6, t1
core   0: 3 0x80002422 (0x026841b3) x 3 0x00000000
core   0: 0x80002426 (0x03b1c033) div     zero, gp, s11
core   0: 3 0x80002426 (0x03b1c033)
core   0: 0x8000242a (0x00000a76) c.slli  s4, 29
core   0: 3 0x8000242a (0x0a76) x20 0xc0000000
core   0: 0x8000242c (0x01a7c763) blt     a5, s10, pc + 14
core   0: 3 0x8000242c (0x01a7c763)
core   0: 0x80002430 (0x020b7163) bgeu    s6, zero, pc + 34
core   0: 3 0x80002430 (0x020b7163)
core   0: 0x80002452 (0x01551693) slli    a3, a0, 21
core   0: 3 0x80002452 (0x01551693) x13 0xcc800000
core   0: 0x80002456 (0x03dc74b3) remu    s1, s8, t4
core   0: 3 0x80002456 (0x03dc74b3) x 9 0x00000001
core   0: 0x8000245a (0x00cf1e33) sll     t3, t5, a2
core   0: 3 0x8000245a (0x00cf1e33) x28 0x00000100
core   0: 0x8000245e (0x028fdd33) divu    s10, t6, s0
core   0: 3 0x8000245e (0x028fdd33) x26 0x004f85b3
core   0: 0x80002462 (0x014f7fb3) and     t6, t5, s4
core   0: 3 0x80002462 (0x014f7fb3) x31 0x00000000
core   0: 0x80002466 (0x41490933) sub     s2, s2, s4
core   0: 3 0x80002466 (0x41490933) x18 0x40000001
core   0: 0x8000246a (0x000e9bb3) sll     s7, t4, zero
core   0: 3 0x8000246a (0x000e9bb3) x23 0x00000000
core   0: 0x8000246e (0x001c1db3) sll     s11, s8, ra
core   0: 3 0x8000246e (0x001c1db3) x27 0x00000002
core   0: 0x80002472 (0x00008c29) c.xor   s0, a0
core   0: 3 0x80002472 (0x8c29) x 8 0x80022eaa
core   0: 0x80002474 (0x03cd30b3) mulhu   ra, s10, t3
core   0: 3 0x80002474 (0x03cd30b3) x 1 0x00000000
core   0: 0x80002478 (0x0000717d) c.addi16sp sp, -16
core   0: 3 0x80002478 (0x717d) x 2 0xffffffef
core   0: 0x8000247a (0x5b762813) slti    a6, a2, 1463
core   0: 3 0x8000247a (0x5b762813) x16 0x00000001
core   0: 0x8000247e (0x00e0dc63) bge     ra, a4, pc + 24
core   0: 3 0x8000247e (0x00e0dc63)
core   0: 0x80002496 (0x00008edd) c.or    a3, a5
core   0: 3 0x80002496 (0x8edd) x13 0xcc8000ce
core   0: 0x80002498 (0x006b3b33) sltu    s6, s6, t1
core   0: 3 0x80002498 (0x006b3b33) x22 0x00000001
core   0: 0x8000249c (0x03fcfa33) remu    s4, s9, t6
core   0: 3 0x8000249c (0x03fcfa33) x20 0x000000ef
core   0: 0x800024a0 (0x00008e05) c.sub   a2, s1
core   0: 3 0x800024a0 (0x8e05) x12 0x00000027
core   0: 0x800024a2 (0x00079f93) slli    t6, a5, 0
core   0: 3 0x800024a2 (0x00079f93) x31 0x000000ce
core   0: 0x800024a6 (0x00000001) c.nop
core   0: 3 0x800024a6 (0x0001)
core   0: 0x800024a8 (0x000084b9) c.srai  s1, 14
core   0: 3 0x800024a8 (0x84b9) x 9 0x00000000
core   0: 0x800024aa (0x027e6fb3) rem     t6, t3, t2
core   0: 3 0x800024aa (0x027e6fb3) x31 0x00000100
core   0: 0x800024ae (0x00001500) c.addi4spn s0, sp, 672
core   0: 3 0x800024ae (0x1500) x 8 0x0000028f
core   0: 0x800024b0 (0x6d98c293) xori    t0, a7, 1753
core   0: 3 0x800024b0 (0x6d98c293) x 5 0x000006d9
core   0: 0x800024b4 (0x03ab0bb3) mul     s7, s6, s10
core   0: 3 0x800024b4 (0x03ab0bb3) x23 0x004f85b3
core   0: 0x800024b8 (0x025eb1b3) mulhu   gp, t4, t0
core   0: 3 0x800024b8 (0x025eb1b3) x 3 0x00000000
core   0: 0x800024bc (0x0000987d) c.andi  s0, -1
core   0: 3 0x800024bc (0x987d) x 8 0x0000028f
core   0: 0x800024be (0x9cf4bd93) sltiu   s11, s1, -1585
core   0: 3 0x800024be (0x9cf4bd93) x27 0x00000001
core   0: 0x800024c2 (0x4966ba13) sltiu   s4, a3, 1174
core   0: 3 0x800024c2 (0x4966ba13) x20 0x00000000
core   0: 0x800024c6 (0xd14ef697) auipc   a3, 0xd14ef
core   0: 3 0x800024c6 (0xd14ef697) x13 0x514f14c6
core   0: 0x800024ca (0x018d9463) bne     s11, s8, pc + 8
core   0: 3 0x800024ca (0x018d9463)
core   0: 0x800024ce (0x02f303b3) mul     t2, t1, a5
core   0: 3 0x800024ce (0x02f303b3) x 7 0xfff0bad4
core   0: 0x800024d2 (0x007a4bb3) xor     s7, s4, t2
core   0: 3 0x800024d2 (0x007a4bb3) x23 0xfff0bad4
core   0: 0x800024d6 (0x0000c689) c.beqz  a3, pc + 10
core   0: 3 0x800024d6 (0xc689)
core   0: 0x800024d8 (0x00008c75) c.and   s0, a3
core   0: 3 0x800024d8 (0x8c75) x 8 0x00000086
core   0: 0x800024da (0x000007a6) c.slli  a5, 9
core   0: 3 0x800024da (0x07a6) x15 0x00019c00
core   0: 0x800024dc (0x0203dd33) divu    s10, t2, zero
core   0: 3 0x800024dc (0x0203dd33) x26 0xffffffff
core   0: 0x800024e0 (0x025a8333) mul     t1, s5, t0
core   0: 3 0x800024e0 (0x025a8333) x 6 0x00000000
core   0: 0x800024e4 (0x000099a6) c.add   s3, s1
core   0: 3 0x800024e4 (0x99a6) x19 0x00000325
core   0: 0x800024e6 (0x00008e65) c.and   a2, s1
core   0: 3 0x800024e6 (0x8e65) x12 0x00000000
core   0: 0x800024e8 (0x058a1163) bne     s4, s8, pc + 66
core   0: 3 0x800024e8 (0x058a1163)
core   0: 0x8000252a (0x035479b3) remu    s3, s0, s5
core   0: 3 0x8000252a (0x035479b3) x19 0x00000086
core   0: 0x8000252e (0x0190d333) srl     t1, ra, s9
core   0: 3 0x8000252e (0x0190d333) x 6 0x00000000
core   0: 0x80002532 (0x1086a2b7) lui     t0, 0x1086a
core   0: 3 0x80002532 (0x1086a2b7) x 5 0x1086a000
core   0: 0x80002536 (0x02f4a8b3) mulhsu  a7, s1, a5
core   0: 3 0x80002536 (0x02f4a8b3) x17 0x00000000
core   0: 0x8000253a (0xd7024713) xori    a4, tp, -656
core   0: 3 0x8000253a (0xd7024713) x14 0xfffffd70
core   0: 0x8000253e (0x02098b63) beqz    s3, pc + 54
core   0: 3 0x8000253e (0x02098b63)
core   0: 0x80002542 (0x57188337) lui     t1, 0x57188
core   0: 3 0x80002542 (0x57188337) x 6 0x57188000
core   0: 0x80002546 (0x0ff0000f) fence   iorw,iorw
core   0: 3 0x80002546 (0x0ff0000f)
core   0: 0x8000254a (0x00004621) c.li    a2, 8
core   0: 3 0x8000254a (0x4621) x12 0x00000008
core   0: 0x8000254c (0x00005bfd) c.li    s7, -1
core   0: 3 0x8000254c (0x5bfd) x23 0xffffffff
core   0: 0x8000254e (0x01a75793) srli    a5, a4, 26
core   0: 3 0x8000254e (0x01a75793) x15 0x0000003f
core   0: 0x80002552 (0x00000001) c.nop
core   0: 3 0x80002552 (0x0001)
core   0: 0x80002554 (0x00009b7d) c.andi  a4, -1
core   0: 3 0x80002554 (0x9b7d) x14 0xfffffd70
core   0: 0x80002556 (0x00009c5a) c.add   s8, s6
core   0: 3 0x80002556 (0x9c5a) x24 0x00000002
core   0: 0x80002558 (0x0000c231) c.beqz  a2, pc + 68
core   0: 3 0x80002558 (0xc231)
core   0: 0x8000255a (0x0000ac33) slt     s8, ra, zero
core   0: 3 0x8000255a (0x0000ac33) x24 0x00000000
core   0: 0x8000255e (0x00000329) c.addi  t1, 10
core   0: 3 0x8000255e (0x0329) x 6 0x5718800a
core   0: 0x80002560 (0x00c0d093) srli    ra, ra, 12
core   0: 3 0x80002560 (0x00c0d093) x 1 0x00000000
core   0: 0x80002564 (0x01fb5863) bge     s6, t6, pc + 16
core   0: 3 0x80002564 (0x01fb5863)
core   0: 0x80002568 (0x01e45e33) srl     t3, s0, t5
core   0: 3 0x80002568 (0x01e45e33) x28 0x00000043
core   0: 0x8000256c (0x02513e33) mulhu   t3, sp, t0
core   0: 3 0x8000256c (0x02513e33) x28 0x10869ffe
core   0: 0x80002570 (0xe0914897) auipc   a7, 0xe0914
core   0: 3 0x80002570 (0xe0914897) x17 0x60916570
core   0: 0x80002574 (0x021e3333) mulhu   t1, t3, ra
core   0: 3 0x80002574 (0x021e3333) x 6 0x00000000
core   0: 0x80002578 (0x0000717d) c.addi16sp sp, -16
core   0: 3 0x80002578 (0x717d) x 2 0xffffffdf
core   0: 0x8000257a (0x41d05013) srai    zero, zero, 29
core   0: 3 0x8000257a (0x41d05013)
core   0: 0x8000257e (0x00006125) c.addi16sp sp, 96
core   0: 3 0x8000257e (0x6125) x 2 0x0000003f
core   0: 0x80002580 (0x01f2d1b3) srl     gp, t0, t6
core   0: 3 0x80002580 (0x01f2d1b3) x 3 0x1086a000
core   0: 0x80002584 (0x768deb13) ori     s6, s11, 1896
core   0: 3 0x80002584 (0x768deb13) x22 0x00000769
core   0: 0x80002588 (0x6670ea97) auipc   s5, 0x6670e
core   0: 3 0x80002588 (0x6670ea97) x21 0xe6710588
core   0: 0x8000258c (0x0ff0000f) fence   iorw,iorw
core   0: 3 0x8000258c (0x0ff0000f)
core   0: 0x80002590 (0x024022b3) mulhsu  t0, zero, tp
core   0: 3 0x80002590 (0x024022b3) x 5 0x00000000
core   0: 0x80002594 (0x4d2a7093) andi    ra, s4, 1234
core   0: 3 0x80002594 (0x4d2a7093) x 1 0x00000000
core   0: 0x80002598 (0x00005d7d) c.li    s10, -1
core   0: 3 0x80002598 (0x5d7d) x26 0xffffffff
core   0: 0x8000259a (0x00008f25) c.xor   a4, s1
core   0: 3 0x8000259a (0x8f25) x14 0xfffffd70
core   0: 0x8000259c (0x10dbb893) sltiu   a7, s7, 269
core   0: 3 0x8000259c (0x10dbb893) x17 0x00000000
core   0: 0x800025a0 (0x03ef4463) blt     t5, t5, pc + 40
core   0: 3 0x800025a0 (0x03ef4463)
core   0: 0x800025a4 (0x00911193) slli    gp, sp, 9
core   0: 3 0x800025a4 (0x00911193) x 3 0x00007e00
core   0: 0x800025a8 (0x53b55f17) auipc   t5, 0x53b55
core   0: 3 0x800025a8 (0x53b55f17) x30 0xd3b575a8
core   0: 0x800025ac (0x002173b3) and     t2, sp, sp
core   0: 3 0x800025ac (0x002173b3) x 7 0x0000003f
core   0: 0x800025b0 (0x000080e5) c.srli  s1, 25
core   0: 3 0x800025b0 (0x80e5) x 9 0x00000000
core   0: 0x800025b2 (0x00008c3d) c.xor   s0, a5
core   0: 3 0x800025b2 (0x8c3d) x 8 0x000000b9
core   0: 0x800025b4 (0x01a08ab3) add     s5, ra, s10
core   0: 3 0x800025b4 (0x01a08ab3) x21 0xffffffff
core   0: 0x800025b8 (0x00001584) c.addi4spn s1, sp, 736
core   0: 3 0x800025b8 (0x1584) x 9 0x0000031f
core   0: 0x800025ba (0x00008ce1) c.and   s1, s0
core   0: 3 0x800025ba (0x8ce1) x 9 0x00000019
core   0: 0x800025bc (0x79b3c893) xori    a7, t2, 1947
core   0: 3 0x800025bc (0x79b3c893) x17 0x000007a4
core   0: 0x800025c0 (0x00004351) c.li    t1, 20
core   0: 3 0x800025c0 (0x4351) x 6 0x00000014
core   0: 0x800025c2 (0x00008e71) c.and   a2, a2
core   0: 3 0x800025c2 (0x8e71) x12 0x00000008
core   0: 0x800025c4 (0x20434713) xori    a4, t1, 516
core   0: 3 0x800025c4 (0x20434713) x14 0x00000210
core   0: 0x800025c8 (0x00008aad) c.andi  a3, 11
core   0: 3 0x800025c8 (0x8aad) x13 0x00000002
core   0: 0x800025ca (0x03a4c9b7) lui     s3, 0x3a4c
core   0: 3 0x800025ca (0x03a4c9b7) x19 0x03a4c000
core   0: 0x800025ce (0x0000100f) fence.i
core   0: 3 0x800025ce (0x0000100f)
core   0: 0x800025d2 (0x58c66a93) ori     s5, a2, 1420
core   0: 3 0x800025d2 (0x58c66a93) x21 0x0000058c
core   0: 0x800025d6 (0x020cbcb3) mulhu   s9, s9, zero
core   0: 3 0x800025d6 (0x020cbcb3) x25 0x00000000
core   0: 0x800025da (0x01fe2333) slt     t1, t3, t6
core   0: 3 0x800025da (0x01fe2333) x 6 0x00000000
core   0: 0x800025de (0x00008fa5) c.xor   a5, s1
core   0: 3 0x800025de (0x8fa5) x15 0x00000026
core   0: 0x800025e0 (0x0143fe63) bgeu    t2, s4, pc + 28
core   0: 3 0x800025e0 (0x0143fe63)
core   0: 0x800025fc (0x018ac263) blt     s5, s8, pc + 4
core   0: 3 0x800025fc (0x018ac263)
core   0: 0x80002600 (0x015c1693) slli    a3, s8, 21
core   0: 3 0x80002600 (0x015c1693) x13 0x00000000
core   0: 0x80002604 (0x029f4c63) blt     t5, s1, pc + 56
core   0: 3 0x80002604 (0x029f4c63)
core   0: 0x8000263c (0x0000614d) c.addi16sp sp, 176
core   0: 3 0x8000263c (0x614d) x 2 0x000000ef
core   0: 0x8000263e (0x00008c5d) c.or    s0, a5
core   0: 3 0x8000263e (0x8c5d) x 8 0x000000bf
core   0: 0x80002640 (0x0000f117) auipc   sp, 0xf
core   0: 3 0x80002640 (0x0000f117) x 2 0x80011640
core   0: 0x80002644 (0x35a10113) addi    sp, sp, 858
core   0: 3 0x80002644 (0x35a10113) x 2 0x8001199a
core   0: 0x80002648 (0x014f2fb3) slt     t6, t5, s4
core   0: 3 0x80002648 (0x014f2fb3) x31 0x00000001
core   0: 0x8000264c (0x69743d13) sltiu   s10, s0, 1687
core   0: 3 0x8000264c (0x69743d13) x26 0x00000001
core   0: 0x80002650 (0x01f73e33) sltu    t3, a4, t6
core   0: 3 0x80002650 (0x01f73e33) x28 0x00000000
core   0: 0x80002654 (0x0f4ae193) ori     gp, s5, 244
core   0: 3 0x80002654 (0x0f4ae193) x 3 0x000005fc
core   0: 0x80002658 (0x73457413) andi    s0, a0, 1844
core   0: 3 0x80002658 (0x73457413) x 8 0x00000624
core   0: 0x8000265c (0x85947a13) andi    s4, s0, -1959
core   0: 3 0x8000265c (0x85947a13) x20 0x00000000
core   0: 0x80002660 (0x00781d13) slli    s10, a6, 7
core   0: 3 0x80002660 (0x00781d13) x26 0x00000080
core   0: 0x80002664 (0x00510183) lb      gp, 5(sp)
core   0: 3 0x80002664 (0x00510183) x 3 0x00000054 mem 0x8001199f
core   0: 0x80002668 (0x93707393) andi    t2, zero, -1737
core   0: 3 0x80002668 (0x93707393) x 7 0x00000000
core   0: 0x8000266c (0x01010223) sb      a6, 4(sp)
core   0: 3 0x8000266c (0x01010223) mem 0x8001199e 0x1
core   0: 0x80002670 (0xff0109a3) sb      a6, -13(sp)
core   0: 3 0x80002670 (0xff0109a3) mem 0x8001198d 0x1
core   0: 0x80002674 (0x41280a33) sub     s4, a6, s2
core   0: 3 0x80002674 (0x41280a33) x20 0xc0000000
core   0: 0x80002678 (0xfe710da3) sb      t2, -5(sp)
core   0: 3 0x80002678 (0xfe710da3) mem 0x80011995 0x0
core   0: 0x8000267c (0xff614903) lbu     s2, -10(sp)
core   0: 3 0x8000267c (0xff614903) x18 0x0000004b mem 0x80011990
core   0: 0x80002680 (0x01a103a3) sb      s10, 7(sp)
core   0: 3 0x80002680 (0x01a103a3) mem 0x800119a1 0x80
core   0: 0x80002684 (0x02c3e4b3) rem     s1, t2, a2
core   0: 3 0x80002684 (0x02c3e4b3) x 9 0x00000000
core   0: 0x80002688 (0xff314603) lbu     a2, -13(sp)
core   0: 3 0x80002688 (0xff314603) x12 0x00000001 mem 0x8001198d
core   0: 0x8000268c (0x008106a3) sb      s0, 13(sp)
core   0: 3 0x8000268c (0x008106a3) mem 0x800119a7 0x24
core   0: 0x80002690 (0x00009bfd) c.andi  a5, -1
core   0: 3 0x80002690 (0x9bfd) x15 0x00000026
core   0: 0x80002692 (0xba962313) slti    t1, a2, -1111
core   0: 3 0x80002692 (0xba962313) x 6 0x00000000
core   0: 0x80002696 (0xff811783) lh      a5, -8(sp)
core   0: 3 0x80002696 (0xff811783) x15 0x00004849 mem 0x80011992
core   0: 0x8000269a (0x00008bf1) c.andi  a5, 28
core   0: 3 0x8000269a (0x8bf1) x15 0x00000008
core   0: 0x8000269c (0x01511023) sh      s5, 0(sp)
core   0: 3 0x8000269c (0x01511023) mem 0x8001199a 0x058c
core   0: 0x800026a0 (0xffe10b03) lb      s6, -2(sp)
core   0: 3 0x800026a0 (0xffe10b03) x22 0x00000053 mem 0x80011998
core   0: 0x800026a4 (0xfff10603) lb      a2, -1(sp)
core   0: 3 0x800026a4 (0xfff10603) x12 0x00000052 mem 0x80011999
core   0: 0x800026a8 (0x02529f33) mulh    t5, t0, t0
core   0: 3 0x800026a8 (0x02529f33) x30 0x00000000
core   0: 0x800026ac (0x03363bb3) mulhu   s7, a2, s3
core   0: 3 0x800026ac (0x03363bb3) x23 0x00000001
core   0: 0x800026b0 (0x92604f93) xori    t6, zero, -1754
core   0: 3 0x800026b0 (0x92604f93) x31 0xfffff926
core   0: 0x800026b4 (0x011059b3) srl     s3, zero, a7
core   0: 3 0x800026b4 (0x011059b3) x19 0x00000000
core   0: 0x800026b8 (0x00000001) c.nop
core   0: 3 0x800026b8 (0x0001)
core   0: 0x800026ba (0xffc15383) lhu     t2, -4(sp)
core   0: 3 0x800026ba (0xffc15383) x 7 0x00004c4d mem 0x80011996
core   0: 0x800026be (0xffd14903) lbu     s2, -3(sp)
core   0: 3 0x800026be (0xffd14903) x18 0x0000004c mem 0x80011997
core   0: 0x800026c2 (0x01e4dc33) srl     s8, s1, t5
core   0: 3 0x800026c2 (0x01e4dc33) x24 0x00000000
core   0: 0x800026c6 (0x00008f7d) c.and   a4, a5
core   0: 3 0x800026c6 (0x8f7d) x14 0x00000000
core   0: 0x800026c8 (0x4231b4b7) lui     s1, 0x4231b
core   0: 3 0x800026c8 (0x4231b4b7) x 9 0x4231b000
core   0: 0x800026cc (0x00009942) c.add   s2, a6
core   0: 3 0x800026cc (0x9942) x18 0x0000004d
core   0: 0x800026ce (0x00006121) c.addi16sp sp, 64
core   0: 3 0x800026ce (0x6121) x 2 0x800119da
core   0: 0x800026d0 (0x000094de) c.add   s1, s7
core   0: 3 0x800026d0 (0x94de) x 9 0x4231b001
core   0: 0x800026d2 (0x02946433) rem     s0, s0, s1
core   0: 3 0x800026d2 (0x02946433) x 8 0x00000624
core   0: 0x800026d6 (0x01cb7563) bgeu    s6, t3, pc + 10
core   0: 3 0x800026d6 (0x01cb7563)
core   0: 0x800026e0 (0x412a5793) srai    a5, s4, 18
core   0: 3 0x800026e0 (0x412a5793) x15 0xfffff000
core   0: 0x800026e4 (0x01db94b3) sll     s1, s7, t4
core   0: 3 0x800026e4 (0x01db94b3) x 9 0x00000001
core   0: 0x800026e8 (0x1126b293) sltiu   t0, a3, 274
core   0: 3 0x800026e8 (0x1126b293) x 5 0x00000001
core   0: 0x800026ec (0x00b577b3) and     a5, a0, a1
core   0: 3 0x800026ec (0x00b577b3) x15 0x80022c64
core   0: 0x800026f0 (0x0000187d) c.addi  a6, -1
core   0: 3 0x800026f0 (0x187d) x16 0x00000000
core   0: 0x800026f2 (0x02d86133) rem     sp, a6, a3
core   0: 3 0x800026f2 (0x02d86133) x 2 0x00000000
core   0: 0x800026f6 (0x0170e3b3) or      t2, ra, s7
core   0: 3 0x800026f6 (0x0170e3b3) x 7 0x00000001
core   0: 0x800026fa (0x005c9f33) sll     t5, s9, t0
core   0: 3 0x800026fa (0x005c9f33) x30 0x00000000
core   0: 0x800026fe (0x04ab9063) bne     s7, a0, pc + 64
core   0: 3 0x800026fe (0x04ab9063)
core   0: 0x8000273e (0x014cde13) srli    t3, s9, 20
core   0: 3 0x8000273e (0x014cde13) x28 0x00000000
core   0: 0x80002742 (0x00008eb5) c.xor   a3, a3
core   0: 3 0x80002742 (0x8eb5) x13 0x00000000
core   0: 0x80002744 (0x027bcab3) div     s5, s7, t2
core   0: 3 0x80002744 (0x027bcab3) x21 0x00000001
core   0: 0x80002748 (0x03c28a63) beq     t0, t3, pc + 52
core   0: 3 0x80002748 (0x03c28a63)
core   0: 0x8000274c (0x00000bc6) c.slli  s7, 17
core   0: 3 0x8000274c (0x0bc6) x23 0x00020000
core   0: 0x8000274e (0x0000eb8d) c.bnez  a5, pc + 50
core   0: 3 0x8000274e (0xeb8d)
core   0: 0x80002780 (0xd5e26113) ori     sp, tp, -674
core   0: 3 0x80002780 (0xd5e26113) x 2 0xfffffd5e
core   0: 0x80002784 (0x00001b7d) c.addi  s6, -1
core   0: 3 0x80002784 (0x1b7d) x22 0x00000052
core   0: 0x80002786 (0x027be833) rem     a6, s7, t2
core   0: 3 0x80002786 (0x027be833) x16 0x00000000
core   0: 0x8000278a (0x0000c299) c.beqz  a3, pc + 6
core   0: 3 0x8000278a (0xc299)
core   0: 0x80002790 (0x010c7433) and     s0, s8, a6
core   0: 3 0x80002790 (0x010c7433) x 8 0x00000000
core   0: 0x80002794 (0x00008a1a) c.mv    s4, t1
core   0: 3 0x80002794 (0x8a1a) x20 0x00000000
core   0: 0x80002796 (0x00008c81) c.sub   s1, s0
core   0: 3 0x80002796 (0x8c81) x 9 0x00000001
core   0: 0x80002798 (0x00000001) c.nop
core   0: 3 0x80002798 (0x0001)
core   0: 0x8000279a (0x4547b1b7) lui     gp, 0x4547b
core   0: 3 0x8000279a (0x4547b1b7) x 3 0x4547b000
core   0: 0x8000279e (0x587ecf37) lui     t5, 0x587ec
core   0: 3 0x8000279e (0x587ecf37) x30 0x587ec000
core   0: 0x800027a2 (0x03cf4633) div     a2, t5, t3
core   0: 3 0x800027a2 (0x03cf4633) x12 0xffffffff
core   0: 0x800027a6 (0x0000c0a1) c.beqz  s1, pc + 64
core   0: 3 0x800027a6 (0xc0a1)
core   0: 0x800027a8 (0x01018963) beq     gp, a6, pc + 18
core   0: 3 0x800027a8 (0x01018963)
core   0: 0x800027ac (0x00ebbab3) sltu    s5, s7, a4
core   0: 3 0x800027ac (0x00ebbab3) x21 0x00000000
core   0: 0x800027b0 (0x0000e09d) c.bnez  s1, pc + 38
core   0: 3 0x800027b0 (0xe09d)
core   0: 0x800027d6 (0x81892713) slti    a4, s2, -2024
core   0: 3 0x800027d6 (0x81892713) x14 0x00000000
core   0: 0x800027da (0x01355f33) srl     t5, a0, s3
core   0: 3 0x800027da (0x01355f33) x30 0x80022e64
core   0: 0x800027de (0x00008ca5) c.xor   s1, s1
core   0: 3 0x800027de (0x8ca5) x 9 0x00000000
core   0: 0x800027e0 (0x00001c7d) c.addi  s8, -1
core   0: 3 0x800027e0 (0x1c7d) x24 0xffffffff
core   0: 0x800027e2 (0x00016093) ori     ra, sp, 0
core   0: 3 0x800027e2 (0x00016093) x 1 0xfffffd5e
core   0: 0x800027e6 (0xaf68a493) slti    s1, a7, -1290
core   0: 3 0x800027e6 (0xaf68a493) x 9 0x00000000
core   0: 0x800027ea (0x0202cf63) bltz    t0, pc + 62
core   0: 3 0x800027ea (0x0202cf63)
core   0: 0x800027ee (0x00008e0d) c.sub   a2, a1
core   0: 3 0x800027ee (0x8e0d) x12 0x7ffd931b
core   0: 0x800027f0 (0x0000803d) c.srli  s0, 15
core   0: 3 0x800027f0 (0x803d) x 8 0x00000000
core   0: 0x800027f2 (0x02989b63) bne     a7, s1, pc + 54
core   0: 3 0x800027f2 (0x02989b63)
core   0: 0x80002828 (0x04fae363) bltu    s5, a5, pc + 70
core   0: 3 0x80002828 (0x04fae363)
core   0: 0x8000286e (0x000057fd) c.li    a5, -1
core   0: 3 0x8000286e (0x57fd) x15 0xffffffff
core   0: 0x80002870 (0x41fad8b3) sra     a7, s5, t6
core   0: 3 0x80002870 (0x41fad8b3) x17 0x00000000
core   0: 0x80002874 (0xff80e613) ori     a2, ra, -8
core   0: 3 0x80002874 (0xff80e613) x12 0xfffffffe
core   0: 0x80002878 (0x0ff0000f) fence   iorw,iorw
core   0: 3 0x80002878 (0x0ff0000f)
core   0: 0x8000287c (0x0000c209) c.beqz  a2, pc + 2
core   0: 3 0x8000287c (0xc209)
core   0: 0x8000287e (0x00008f55) c.or    a4, a3
core   0: 3 0x8000287e (0x8f55) x14 0x00000000
core   0: 0x80002880 (0x00000001) c.nop
core   0: 3 0x80002880 (0x0001)
core   0: 0x80002882 (0xecf9ed93) ori     s11, s3, -305
core   0: 3 0x80002882 (0xecf9ed93) x27 0xfffffecf
core   0: 0x80002886 (0x409add33) sra     s10, s5, s1
core   0: 3 0x80002886 (0x409add33) x26 0x00000000
core   0: 0x8000288a (0x00008c19) c.sub   s0, a4
core   0: 3 0x8000288a (0x8c19) x 8 0x00000000
core   0: 0x8000288c (0x0000cb95) c.beqz  a5, pc + 52
core   0: 3 0x8000288c (0xcb95)
core   0: 0x8000288e (0x000dc7b3) xor     a5, s11, zero
core   0: 3 0x8000288e (0x000dc7b3) x15 0xfffffecf
core   0: 0x80002892 (0x0000717d) c.addi16sp sp, -16
core   0: 3 0x80002892 (0x717d) x 2 0xfffffd4e
core   0: 0x80002894 (0x00000001) c.nop
core   0: 3 0x80002894 (0x0001)
core   0: 0x80002896 (0x00008ce5) c.and   s1, s1
core   0: 3 0x80002896 (0x8ce5) x 9 0x00000000
core   0: 0x80002898 (0x00008f42) c.mv    t5, a6
core   0: 3 0x80002898 (0x8f42) x30 0x00000000
core   0: 0x8000289a (0x017b9733) sll     a4, s7, s7
core   0: 3 0x8000289a (0x017b9733) x14 0x00020000
core   0: 0x8000289e (0x01c35013) srli    zero, t1, 28
core   0: 3 0x8000289e (0x01c35013)
core   0: 0x800028a2 (0x00fcd993) srli    s3, s9, 15
core   0: 3 0x800028a2 (0x00fcd993) x19 0x00000000
core   0: 0x800028a6 (0x01ee6a33) or      s4, t3, t5
core   0: 3 0x800028a6 (0x01ee6a33) x20 0x00000000
core   0: 0x800028aa (0x02eb6333) rem     t1, s6, a4
core   0: 3 0x800028aa (0x02eb6333) x 6 0x00000052
core   0: 0x800028ae (0x00008fd1) c.or    a5, a2
core   0: 3 0x800028ae (0x8fd1) x15 0xffffffff
core   0: 0x800028b0 (0x00f19813) slli    a6, gp, 15
core   0: 3 0x800028b0 (0x00f19813) x16 0xd8000000
core   0: 0x800028b4 (0x40db04b3) sub     s1, s6, a3
core   0: 3 0x800028b4 (0x40db04b3) x 9 0x00000052
core   0: 0x800028b8 (0x036f06b3) mul     a3, t5, s6
core   0: 3 0x800028b8 (0x036f06b3) x13 0x00000000
core   0: 0x800028bc (0x029e0363) beq     t3, s1, pc + 38
core   0: 3 0x800028bc (0x029e0363)
core   0: 0x800028c0 (0x00008fbd) c.xor   a5, a5
core   0: 3 0x800028c0 (0x8fbd) x15 0x00000000
core   0: 0x800028c2 (0x025fb3b3) mulhu   t2, t6, t0
core   0: 3 0x800028c2 (0x025fb3b3) x 7 0x00000000
core   0: 0x800028c6 (0x00bb2e33) slt     t3, s6, a1
core   0: 3 0x800028c6 (0x00bb2e33) x28 0x00000000
core   0: 0x800028ca (0x0000100f) fence.i
core   0: 3 0x800028ca (0x0000100f)
core   0: 0x800028ce (0x00008ef5) c.and   a3, a3
core   0: 3 0x800028ce (0x8ef5) x13 0x00000000
core   0: 0x800028d0 (0x01477eb3) and     t4, a4, s4
core   0: 3 0x800028d0 (0x01477eb3) x29 0x00000000
core   0: 0x800028d4 (0x4e763a17) auipc   s4, 0x4e763
core   0: 3 0x800028d4 (0x4e763a17) x20 0xce7658d4
core   0: 0x800028d8 (0x00008e55) c.or    a2, a3
core   0: 3 0x800028d8 (0x8e55) x12 0xfffffffe
core   0: 0x800028da (0x00000001) c.nop
core   0: 3 0x800028da (0x0001)
core   0: 0x800028dc (0x00000001) c.nop
core   0: 3 0x800028dc (0x0001)
core   0: 0x800028de (0x0000100f) fence.i
core   0: 3 0x800028de (0x0000100f)
core   0: 0x800028e2 (0x00008c5d) c.or    s0, a5
core   0: 3 0x800028e2 (0x8c5d) x 8 0x00000000
core   0: 0x800028e4 (0x0095edb3) or      s11, a1, s1
core   0: 3 0x800028e4 (0x0095edb3) x27 0x80026cf6
core   0: 0x800028e8 (0x017ec033) xor     zero, t4, s7
core   0: 3 0x800028e8 (0x017ec033)
core   0: 0x800028ec (0xc2652413) slti    s0, a0, -986
core   0: 3 0x800028ec (0xc2652413) x 8 0x00000001
core   0: 0x800028f0 (0x0000100f) fence.i
core   0: 3 0x800028f0 (0x0000100f)
core   0: 0x800028f4 (0x0000177d) c.addi  a4, -1
core   0: 3 0x800028f4 (0x177d) x14 0x0001ffff
core   0: 0x800028f6 (0x01e72f33) slt     t5, a4, t5
core   0: 3 0x800028f6 (0x01e72f33) x30 0x00000000
core   0: 0x800028fa (0x027e9363) bne     t4, t2, pc + 38
core   0: 3 0x800028fa (0x027e9363)
core   0: 0x800028fe (0x01ccb4b3) sltu    s1, s9, t3
core   0: 3 0x800028fe (0x01ccb4b3) x 9 0x00000000
core   0: 0x80002902 (0x71cec793) xori    a5, t4, 1820
core   0: 3 0x80002902 (0x71cec793) x15 0x0000071c
core   0: 0x80002906 (0x0ff0000f) fence   iorw,iorw
core   0: 3 0x80002906 (0x0ff0000f)
core   0: 0x8000290a (0x0315b1b3) mulhu   gp, a1, a7
core   0: 3 0x8000290a (0x0315b1b3) x 3 0x00000000
core   0: 0x8000290e (0x0000717d) c.addi16sp sp, -16
core   0: 3 0x8000290e (0x717d) x 2 0xfffffd3e
core   0: 0x80002910 (0x001c0cb3) add     s9, s8, ra
core   0: 3 0x80002910 (0x001c0cb3) x25 0xfffffd5d
core   0: 0x80002914 (0x0000640d) c.lui   s0, 0x3
core   0: 3 0x80002914 (0x640d) x 8 0x00003000
core   0: 0x80002916 (0x00009826) c.add   a6, s1
core   0: 3 0x80002916 (0x9826) x16 0xd8000000
core   0: 0x80002918 (0x00008f91) c.sub   a5, a2
core   0: 3 0x80002918 (0x8f91) x15 0x0000071e
core   0: 0x8000291a (0x000091f2) c.add   gp, t3
core   0: 3 0x8000291a (0x91f2) x 3 0x00000000
core   0: 0x8000291c (0x01e05093) srli    ra, zero, 30
core   0: 3 0x8000291c (0x01e05093) x 1 0x00000000
core   0: 0x80002920 (0x0000891e) c.mv    s2, t2
core   0: 3 0x80002920 (0x891e) x18 0x00000000
core   0: 0x80002922 (0x00000001) c.nop
core   0: 3 0x80002922 (0x0001)
core   0: 0x80002924 (0x0000ee15) c.bnez  a2, pc + 60
core   0: 3 0x80002924 (0xee15)
core   0: 0x80002960 (0xe3acf393) andi    t2, s9, -454
core   0: 3 0x80002960 (0xe3acf393) x 7 0xfffffc18
core   0: 0x80002964 (0x028a91b3) mulh    gp, s5, s0
core   0: 3 0x80002964 (0x028a91b3) x 3 0x00000000
core   0: 0x80002968 (0x03cd80b3) mul     ra, s11, t3
core   0: 3 0x80002968 (0x03cd80b3) x 1 0x00000000
core   0: 0x8000296c (0x0000863d) c.srai  a2, 15
core   0: 3 0x8000296c (0x863d) x12 0xffffffff
core   0: 0x8000296e (0xb129b797) auipc   a5, 0xb129b
core   0: 3 0x8000296e (0xb129b797) x15 0x3129d96e
core   0: 0x80002972 (0x021c06b3) mul     a3, s8, ra
core   0: 3 0x80002972 (0x021c06b3) x13 0x00000000
core   0: 0x80002976 (0x0264b733) mulhu   a4, s1, t1
core   0: 3 0x80002976 (0x0264b733) x14 0x00000000
core   0: 0x8000297a (0x00008f31) c.xor   a4, a2
core   0: 3 0x8000297a (0x8f31) x14 0xffffffff
core   0: 0x8000297c (0x00008e4d) c.or    a2, a1
core   0: 3 0x8000297c (0x8e4d) x12 0xffffffff
core   0: 0x8000297e (0x4025df33) sra     t5, a1, sp
core   0: 3 0x8000297e (0x4025df33) x30 0xfffffffe
core   0: 0x80002982 (0x0206dfb3) divu    t6, a3, zero
core   0: 3 0x80002982 (0x0206dfb3) x31 0xffffffff
core   0: 0x80002986 (0x0110c133) xor     sp, ra, a7
core   0: 3 0x80002986 (0x0110c133) x 2 0x00000000
core   0: 0x8000298a (0x00008c95) c.sub   s1, a3
core   0: 3 0x8000298a (0x8c95) x 9 0x00000000
core   0: 0x8000298c (0x033da433) mulhsu  s0, s11, s3
core   0: 3 0x8000298c (0x033da433) x 8 0x00000000
core   0: 0x80002990 (0x0000717d) c.addi16sp sp, -16
core   0: 3 0x80002990 (0x717d) x 2 0xfffffff0
core   0: 0x80002992 (0x000010fd) c.addi  ra, -1
core   0: 3 0x80002992 (0x10fd) x 1 0xffffffff
core   0: 0x80002994 (0x037d8363) beq     s11, s7, pc + 38
core   0: 3 0x80002994 (0x037d8363)
core   0: 0x80002998 (0x00008211) c.srli  a2, 4
core   0: 3 0x80002998 (0x8211) x12 0x0fffffff
core   0: 0x8000299a (0x01e65d63) bge     a2, t5, pc + 26
core   0: 3 0x8000299a (0x01e65d63)
core   0: 0x800029b4 (0x000098d6) c.add   a7, s5
core   0: 3 0x800029b4 (0x98d6) x17 0x00000000
core   0: 0x800029b6 (0x00008fbd) c.xor   a5, a5
core   0: 3 0x800029b6 (0x8fbd) x15 0x00000000
core   0: 0x800029b8 (0x00009eba) c.add   t4, a4
core   0: 3 0x800029b8 (0x9eba) x29 0xffffffff
core   0: 0x800029ba (0xcfbfc813) xori    a6, t6, -773
core   0: 3 0x800029ba (0xcfbfc813) x16 0x00000304
core   0: 0x800029be (0x0043c033) xor     zero, t2, tp
core   0: 3 0x800029be (0x0043c033)
core   0: 0x800029c2 (0x00000f45) c.addi  t5, 17
core   0: 3 0x800029c2 (0x0f45) x30 0x0000000f
core   0: 0x800029c4 (0x0ff0000f) fence   iorw,iorw
core   0: 3 0x800029c4 (0x0ff0000f)
core   0: 0x800029c8 (0x03ee1fb3) mulh    t6, t3, t5
core   0: 3 0x800029c8 (0x03ee1fb3) x31 0x00000000
core   0: 0x800029cc (0x0000633d) c.lui   t1, 0xf
core   0: 3 0x800029cc (0x633d) x 6 0x0000f000
core   0: 0x800029ce (0x01fd5893) srli    a7, s10, 31
core   0: 3 0x800029ce (0x01fd5893) x17 0x00000000
core   0: 0x800029d2 (0x03d61ab3) mulh    s5, a2, t4
core   0: 3 0x800029d2 (0x03d61ab3) x21 0xffffffff
core   0: 0x800029d6 (0x406887b3) sub     a5, a7, t1
core   0: 3 0x800029d6 (0x406887b3) x15 0xffff1000
core   0: 0x800029da (0x00d55293) srli    t0, a0, 13
core   0: 3 0x800029da (0x00d55293) x 5 0x00040011
core   0: 0x800029de (0x019d5ab3) srl     s5, s10, s9
core   0: 3 0x800029de (0x019d5ab3) x21 0x00000000
core   0: 0x800029e2 (0x40975813) srai    a6, a4, 9
core   0: 3 0x800029e2 (0x40975813) x16 0xffffffff
core   0: 0x800029e6 (0x0329b3b3) mulhu   t2, s3, s2
core   0: 3 0x800029e6 (0x0329b3b3) x 7 0x00000000
core   0: 0x800029ea (0x03b6a833) mulhsu  a6, a3, s11
core   0: 3 0x800029ea (0x03b6a833) x16 0x00000000
core   0: 0x800029ee (0xf48543b7) lui     t2, 0xf4854
core   0: 3 0x800029ee (0xf48543b7) x 7 0xf4854000
core   0: 0x800029f2 (0x0000915e) c.add   sp, s7
core   0: 3 0x800029f2 (0x915e) x 2 0x0001fff0
core   0: 0x800029f4 (0x038dabb3) mulhsu  s7, s11, s8
core   0: 3 0x800029f4 (0x038dabb3) x23 0x80026cf6
core   0: 0x800029f8 (0x010f1293) slli    t0, t5, 16
core   0: 3 0x800029f8 (0x010f1293) x 5 0x000f0000
core   0: 0x800029fc (0x03b78933) mul     s2, a5, s11
core   0: 3 0x800029fc (0x03b78933) x18 0xb9d96000
core   0: 0x80002a00 (0x40be0cb3) sub     s9, t3, a1
core   0: 3 0x80002a00 (0x40be0cb3) x25 0x7ffd931c
core   0: 0x80002a04 (0x0000034e) c.slli  t1, 19
core   0: 3 0x80002a04 (0x034e) x 6 0x80000000
core   0: 0x80002a06 (0x0037bcb3) sltu    s9, a5, gp
core   0: 3 0x80002a06 (0x0037bcb3) x25 0x00000000
core   0: 0x80002a0a (0x00cc84b3) add     s1, s9, a2
core   0: 3 0x80002a0a (0x00cc84b3) x 9 0x0fffffff
core   0: 0x80002a0e (0x27541c17) auipc   s8, 0x27541
core   0: 3 0x80002a0e (0x27541c17) x24 0xa7543a0e
core   0: 0x80002a12 (0x00b4ef33) or      t5, s1, a1
core   0: 3 0x80002a12 (0x00b4ef33) x30 0x8fffffff
core   0: 0x80002a16 (0x00008cb1) c.xor   s1, a2
core   0: 3 0x80002a16 (0x8cb1) x 9 0x00000000
core   0: 0x80002a18 (0x0ff0000f) fence   iorw,iorw
core   0: 3 0x80002a18 (0x0ff0000f)
core   0: 0x80002a1c (0xf38d4c97) auipc   s9, 0xf38d4
core   0: 3 0x80002a1c (0xf38d4c97) x25 0x738d6a1c
core   0: 0x80002a20 (0xc96d7d93) andi    s11, s10, -874
core   0: 3 0x80002a20 (0xc96d7d93) x27 0x00000000
core   0: 0x80002a24 (0x00185a13) srli    s4, a6, 1
core   0: 3 0x80002a24 (0x00185a13) x20 0x00000000
core   0: 0x80002a28 (0x0041c333) xor     t1, gp, tp
core   0: 3 0x80002a28 (0x0041c333) x 6 0x00000000
core   0: 0x80002a2c (0x020414b3) mulh    s1, s0, zero
core   0: 3 0x80002a2c (0x020414b3) x 9 0x00000000
core   0: 0x80002a30 (0x4161db13) srai    s6, gp, 22
core   0: 3 0x80002a30 (0x4161db13) x22 0x00000000
core   0: 0x80002a34 (0x02097933) remu    s2, s2, zero
core   0: 3 0x80002a34 (0x02097933) x18 0xb9d96000
core   0: 0x80002a38 (0x002388b3) add     a7, t2, sp
core   0: 3 0x80002a38 (0x002388b3) x17 0xf4873ff0
core   0: 0x80002a3c (0x0000093a) c.slli  s2, 14
core   0: 3 0x80002a3c (0x093a) x18 0x58000000
core   0: 0x80002a3e (0xb1e9a013) slti    zero, s3, -1250
core   0: 3 0x80002a3e (0xb1e9a013)
core   0: 0x80002a42 (0x00008116) c.mv    sp, t0
core   0: 3 0x80002a42 (0x8116) x 2 0x000f0000
core   0: 0x80002a44 (0x03c15133) divu    sp, sp, t3
core   0: 3 0x80002a44 (0x03c15133) x 2 0xffffffff
core   0: 0x80002a48 (0x0000c385) c.beqz  a5, pc + 32
core   0: 3 0x80002a48 (0xc385)
core   0: 0x80002a4a (0xdfae3c17) auipc   s8, 0xdfae3
core   0: 3 0x80002a4a (0xdfae3c17) x24 0x5fae5a4a
core   0: 0x80002a4e (0x006ad293) srli    t0, s5, 6
core   0: 3 0x80002a4e (0x006ad293) x 5 0x00000000
core   0: 0x80002a52 (0x0000ea0d) c.bnez  a2, pc + 50
core   0: 3 0x80002a52 (0xea0d)
core   0: 0x80002a84 (0x0000537d) c.li    t1, -1
core   0: 3 0x80002a84 (0x537d) x 6 0xffffffff
core   0: 0x80002a86 (0x022fcc33) div     s8, t6, sp
core   0: 3 0x80002a86 (0x022fcc33) x24 0x00000000
core   0: 0x80002a8a (0x03043fb3) mulhu   t6, s0, a6
core   0: 3 0x80002a8a (0x03043fb3) x31 0x00000000
core   0: 0x80002a8e (0x00009962) c.add   s2, s8
core   0: 3 0x80002a8e (0x9962) x18 0x58000000
core   0: 0x80002a90 (0x01ab2e33) slt     t3, s6, s10
core   0: 3 0x80002a90 (0x01ab2e33) x28 0x00000000
core   0: 0x80002a94 (0x051d0163) beq     s10, a7, pc + 66
core   0: 3 0x80002a94 (0x051d0163)
core   0: 0x80002a98 (0xd95aec97) auipc   s9, 0xd95ae
core   0: 3 0x80002a98 (0xd95aec97) x25 0x595b0a98
core   0: 0x80002a9c (0x03e1fdb3) remu    s11, gp, t5
core   0: 3 0x80002a9c (0x03e1fdb3) x27 0x00000000
core   0: 0x80002aa0 (0x0fc72b93) slti    s7, a4, 252
core   0: 3 0x80002aa0 (0x0fc72b93) x23 0x00000001
core   0: 0x80002aa4 (0x415cddb3) sra     s11, s9, s5
core   0: 3 0x80002aa4 (0x415cddb3) x27 0x595b0a98
core   0: 0x80002aa8 (0x00b2d033) srl     zero, t0, a1
core   0: 3 0x80002aa8 (0x00b2d033)
core   0: 0x80002aac (0x00008e15) c.sub   a2, a3
core   0: 3 0x80002aac (0x8e15) x12 0x0fffffff
core   0: 0x80002aae (0x007b1463) bne     s6, t2, pc + 8
core   0: 3 0x80002aae (0x007b1463)
core   0: 0x80002ab6 (0x000000ee) c.slli  ra, 27
core   0: 3 0x80002ab6 (0x00ee) x 1 0xf8000000
core   0: 0x80002ab8 (0x00009e9e) c.add   t4, t2
core   0: 3 0x80002ab8 (0x9e9e) x29 0xf4853fff
core   0: 0x80002aba (0x0269c863) blt     s3, t1, pc + 48
core   0: 3 0x80002aba (0x0269c863)
core   0: 0x80002abe (0x40b354b3) sra     s1, t1, a1
core   0: 3 0x80002abe (0x40b354b3) x 9 0xffffffff
core   0: 0x80002ac2 (0x0186e0b3) or      ra, a3, s8
core   0: 3 0x80002ac2 (0x0186e0b3) x 1 0x00000000
core   0: 0x80002ac6 (0x0000100f) fence.i
core   0: 3 0x80002ac6 (0x0000100f)
core   0: 0x80002aca (0x000089e6) c.mv    s3, s9
core   0: 3 0x80002aca (0x89e6) x19 0x595b0a98
core   0: 0x80002acc (0x00000001) c.nop
core   0: 3 0x80002acc (0x0001)
core   0: 0x80002ace (0x028d0b33) mul     s6, s10, s0
core   0: 3 0x80002ace (0x028d0b33) x22 0x00000000
core   0: 0x80002ad2 (0x0ff0000f) fence   iorw,iorw
core   0: 3 0x80002ad2 (0x0ff0000f)
core   0: 0x80002ad6 (0x0329ca33) div     s4, s3, s2
core   0: 3 0x80002ad6 (0x0329ca33) x20 0x00000001
core   0: 0x80002ada (0x03b567b3) rem     a5, a0, s11
core   0: 3 0x80002ada (0x03b567b3) x15 0xd95d38fc
core   0: 0x80002ade (0x54431037) lui     zero, 0x54431
core   0: 3 0x80002ade (0x54431037)
core   0: 0x80002ae2 (0x83030993) addi    s3, t1, -2000
core   0: 3 0x80002ae2 (0x83030993) x19 0xfffff82f
core   0: 0x80002ae6 (0x402983b3) sub     t2, s3, sp
core   0: 3 0x80002ae6 (0x402983b3) x 7 0xfffff830
core   0: 0x80002aea (0x00000821) c.addi  a6, 8
core   0: 3 0x80002aea (0x0821) x16 0x00000008
core   0: 0x80002aec (0x00009afd) c.andi  a3, -1
core   0: 3 0x80002aec (0x9afd) x13 0x00000000
core   0: 0x80002aee (0x01b74363) blt     a4, s11, pc + 6
core   0: 3 0x80002aee (0x01b74363)
core   0: 0x80002af4 (0x000084e1) c.srai  s1, 24
core   0: 3 0x80002af4 (0x84e1) x 9 0xffffffff
core   0: 0x80002af6 (0x00000001) c.nop
core   0: 3 0x80002af6 (0x0001)
core   0: 0x80002af8 (0x01167463) bgeu    a2, a7, pc + 8
core   0: 3 0x80002af8 (0x01167463)
core   0: 0x80002afc (0xf732fa93) andi    s5, t0, -141
core   0: 3 0x80002afc (0xf732fa93) x21 0x00000000
core   0: 0x80002b00 (0x02dd0333) mul     t1, s10, a3
core   0: 3 0x80002b00 (0x02dd0333) x 6 0x00000000
core   0: 0x80002b04 (0x00000001) c.nop
core   0: 3 0x80002b04 (0x0001)
core   0: 0x80002b06 (0xfb0e0393) addi    t2, t3, -80
core   0: 3 0x80002b06 (0xfb0e0393) x 7 0xffffffb0
core   0: 0x80002b0a (0x01374a63) blt     a4, s3, pc + 20
core   0: 3 0x80002b0a (0x01374a63)
core   0: 0x80002b0e (0x04771263) bne     a4, t2, pc + 68
core   0: 3 0x80002b0e (0x04771263)
core   0: 0x80002b52 (0x01035563) bge     t1, a6, pc + 10
core   0: 3 0x80002b52 (0x01035563)
core   0: 0x80002b56 (0x37117c93) andi    s9, sp, 881
core   0: 3 0x80002b56 (0x37117c93) x25 0x00000371
core   0: 0x80002b5a (0x0000e0a9) c.bnez  s1, pc + 66
core   0: 3 0x80002b5a (0xe0a9)
core   0: 0x80002b9c (0x0000049c) c.addi4spn a5, sp, 576
core   0: 3 0x80002b9c (0x049c) x15 0x0000023f
core   0: 0x80002b9e (0x02559b33) mulh    s6, a1, t0
core   0: 3 0x80002b9e (0x02559b33) x22 0x00000000
core   0: 0x80002ba2 (0x00f90463) beq     s2, a5, pc + 8
core   0: 3 0x80002ba2 (0x00f90463)
core   0: 0x80002ba6 (0x01126cb3) or      s9, tp, a7
core   0: 3 0x80002ba6 (0x01126cb3) x25 0xf4873ff0
core   0: 0x80002baa (0x0000100f) fence.i
core   0: 3 0x80002baa (0x0000100f)
core   0: 0x80002bae (0x0ff0000f) fence   iorw,iorw
core   0: 3 0x80002bae (0x0ff0000f)
core   0: 0x80002bb2 (0x05a24093) xori    ra, tp, 90
core   0: 3 0x80002bb2 (0x05a24093) x 1 0x0000005a
core   0: 0x80002bb6 (0x00001084) c.addi4spn s1, sp, 96
core   0: 3 0x80002bb6 (0x1084) x 9 0x0000005f
core   0: 0x80002bb8 (0x00008e29) c.xor   a2, a0
core   0: 3 0x80002bb8 (0x8e29) x12 0x8ffdd19b
core   0: 0x80002bba (0x0192f563) bgeu    t0, s9, pc + 10
core   0: 3 0x80002bba (0x0192f563)
core   0: 0x80002bbe (0x418e5c33) sra     s8, t3, s8
core   0: 3 0x80002bbe (0x418e5c33) x24 0x00000000
core   0: 0x80002bc2 (0x00006351) c.lui   t1, 0x14
core   0: 3 0x80002bc2 (0x6351) x 6 0x00014000
core   0: 0x80002bc4 (0x032e1bb3) mulh    s7, t3, s2
core   0: 3 0x80002bc4 (0x032e1bb3) x23 0x00000000
core   0: 0x80002bc8 (0x0279c963) blt     s3, t2, pc + 50
core   0: 3 0x80002bc8 (0x0279c963)
core   0: 0x80002bfa (0xe0942a93) slti    s5, s0, -503
core   0: 3 0x80002bfa (0xe0942a93) x21 0x00000000
core   0: 0x80002bfe (0x00ac1eb3) sll     t4, s8, a0
core   0: 3 0x80002bfe (0x00ac1eb3) x29 0x00000000
core   0: 0x80002c02 (0x03bc7633) remu    a2, s8, s11
core   0: 3 0x80002c02 (0x03bc7633) x12 0x00000000
core   0: 0x80002c06 (0x02d86663) bltu    a6, a3, pc + 44
core   0: 3 0x80002c06 (0x02d86663)
core   0: 0x80002c0a (0x02673733) mulhu   a4, a4, t1
core   0: 3 0x80002c0a (0x02673733) x14 0x00013fff
core   0: 0x80002c0e (0x00006155) c.addi16sp sp, 304
core   0: 3 0x80002c0e (0x6155) x 2 0x0000012f
core   0: 0x80002c10 (0x03538733) mul     a4, t2, s5
core   0: 3 0x80002c10 (0x03538733) x14 0x00000000
core   0: 0x80002c14 (0x00008f5d) c.or    a4, a5
core   0: 3 0x80002c14 (0x8f5d) x14 0x0000023f
core   0: 0x80002c16 (0x002d1113) slli    sp, s10, 2
core   0: 3 0x80002c16 (0x002d1113) x 2 0x00000000
core   0: 0x80002c1a (0x01679a93) slli    s5, a5, 22
core   0: 3 0x80002c1a (0x01679a93) x21 0x8fc00000
core   0: 0x80002c1e (0x41a25fb3) sra     t6, tp, s10
core   0: 3 0x80002c1e (0x41a25fb3) x31 0x00000000
core   0: 0x80002c22 (0x00008f81) c.sub   a5, s0
core   0: 3 0x80002c22 (0x8f81) x15 0x0000023f
core   0: 0x80002c24 (0x01b1d833) srl     a6, gp, s11
core   0: 3 0x80002c24 (0x01b1d833) x16 0x00000000
core   0: 0x80002c28 (0x4185db13) srai    s6, a1, 24
core   0: 3 0x80002c28 (0x4185db13) x22 0xffffff80
core   0: 0x80002c2c (0x000080f9) c.srli  s1, 30
core   0: 3 0x80002c2c (0x80f9) x 9 0x00000000
core   0: 0x80002c2e (0x01aa7463) bgeu    s4, s10, pc + 8
core   0: 3 0x80002c2e (0x01aa7463)
core   0: 0x80002c36 (0x00000001) c.nop
core   0: 3 0x80002c36 (0x0001)
core   0: 0x80002c38 (0x32b5c313) xori    t1, a1, 811
core   0: 3 0x80002c38 (0x32b5c313) x 6 0x80026fcf
core   0: 0x80002c3c (0x00008a0e) c.mv    s4, gp
core   0: 3 0x80002c3c (0x8a0e) x20 0x00000000
core   0: 0x80002c3e (0x013540b3) xor     ra, a0, s3
core   0: 3 0x80002c3e (0x013540b3) x 1 0x7ffdd64b
core   0: 0x80002c42 (0x40a851b3) sra     gp, a6, a0
core   0: 3 0x80002c42 (0x40a851b3) x 3 0x00000000
core   0: 0x80002c46 (0x00001e9c) c.addi4spn a5, sp, 880
core   0: 3 0x80002c46 (0x1e9c) x15 0x00000370
core   0: 0x80002c48 (0x027b7f33) remu    t5, s6, t2
core   0: 3 0x80002c48 (0x027b7f33) x30 0xffffff80
core   0: 0x80002c4c (0x02d91e33) mulh    t3, s2, a3
core   0: 3 0x80002c4c (0x02d91e33) x28 0x00000000
core   0: 0x80002c50 (0x004c4663) blt     s8, tp, pc + 12
core   0: 3 0x80002c50 (0x004c4663)
core   0: 0x80002c54 (0x00006965) c.lui   s2, 0x19
core   0: 3 0x80002c54 (0x6965) x18 0x00019000
core   0: 0x80002c56 (0x40c6d0b3) sra     ra, a3, a2
core   0: 3 0x80002c56 (0x40c6d0b3) x 1 0x00000000
core   0: 0x80002c5a (0x00001514) c.addi4spn a3, sp, 672
core   0: 3 0x80002c5a (0x1514) x13 0x000002a0
core   0: 0x80002c5c (0x00dd79b3) and     s3, s10, a3
core   0: 3 0x80002c5c (0x00dd79b3) x19 0x00000000
core   0: 0x80002c60 (0x02d76db3) rem     s11, a4, a3
core   0: 3 0x80002c60 (0x02d76db3) x27 0x0000023f
core   0: 0x80002c64 (0x028f7a63) bgeu    t5, s0, pc + 52
core   0: 3 0x80002c64 (0x028f7a63)
core   0: 0x80002c98 (0x023b2fb3) mulhsu  t6, s6, gp
core   0: 3 0x80002c98 (0x023b2fb3) x31 0x00000000
core   0: 0x80002c9c (0x0092d8b3) srl     a7, t0, s1
core   0: 3 0x80002c9c (0x0092d8b3) x17 0x00000000
core   0: 0x80002ca0 (0x0000878e) c.mv    a5, gp
core   0: 3 0x80002ca0 (0x878e) x15 0x00000000
core   0: 0x80002ca2 (0x00008e79) c.and   a2, a4
core   0: 3 0x80002ca2 (0x8e79) x12 0x00000000
core   0: 0x80002ca4 (0x01057433) and     s0, a0, a6
core   0: 3 0x80002ca4 (0x01057433) x 8 0x00000000
core   0: 0x80002ca8 (0x0000095e) c.slli  s2, 23
core   0: 3 0x80002ca8 (0x095e) x18 0x00000000
core   0: 0x80002caa (0xb9057093) andi    ra, a0, -1136
core   0: 3 0x80002caa (0xb9057093) x 1 0x80022a00
core   0: 0x80002cae (0x000052fd) c.li    t0, -1
core   0: 3 0x80002cae (0x52fd) x 5 0xffffffff
core   0: 0x80002cb0 (0x0000717d) c.addi16sp sp, -16
core   0: 3 0x80002cb0 (0x717d) x 2 0xfffffff0
core   0: 0x80002cb2 (0x02993f33) mulhu   t5, s2, s1
core   0: 3 0x80002cb2 (0x02993f33) x30 0x00000000
core   0: 0x80002cb6 (0x00012117) auipc   sp, 0x12
core   0: 3 0x80002cb6 (0x00012117) x 2 0x80014cb6
core   0: 0x80002cba (0xc6310113) addi    sp, sp, -925
core   0: 3 0x80002cba (0xc6310113) x 2 0x80014919
core   0: 0x80002cbe (0xaac14003) lbu     zero, -1364(sp)
core   0: 3 0x80002cbe (0xaac14003) mem 0x800143c5
core   0: 0x80002cc2 (0x00008e5e) c.mv    t3, s7
core   0: 3 0x80002cc2 (0x8e5e) x28 0x00000000
core   0: 0x80002cc4 (0xa6414b03) lbu     s6, -1436(sp)
core   0: 3 0x80002cc4 (0xa6414b03) x22 0x00000036 mem 0x8001437d
core   0: 0x80002cc8 (0x01205093) srli    ra, zero, 18
core   0: 3 0x80002cc8 (0x01205093) x 1 0x00000000
core   0: 0x80002ccc (0x0d3f2813) slti    a6, t5, 211
core   0: 3 0x80002ccc (0x0d3f2813) x16 0x00000001
core   0: 0x80002cd0 (0x0000197d) c.addi  s2, -1
core   0: 3 0x80002cd0 (0x197d) x18 0xffffffff
core   0: 0x80002cd2 (0x26710523) sb      t2, 618(sp)
core   0: 3 0x80002cd2 (0x26710523) mem 0x80014b83 0xb0
core   0: 0x80002cd6 (0xf0614303) lbu     t1, -250(sp)
core   0: 3 0x80002cd6 (0xf0614303) x 6 0x000000d4 mem 0x8001481f
core   0: 0x80002cda (0x0b910723) sb      s9, 174(sp)
core   0: 3 0x80002cda (0x0b910723) mem 0x800149c7 0xf0
core   0: 0x80002cde (0x75514083) lbu     ra, 1877(sp)
core   0: 3 0x80002cde (0x75514083) x 1 0x00000025 mem 0x8001506e
core   0: 0x80002ce2 (0x01b15d83) lhu     s11, 27(sp)
core   0: 3 0x80002ce2 (0x01b15d83) x27 0x0000eeef mem 0x80014934
core   0: 0x80002ce6 (0xbc910423) sb      s1, -1080(sp)
core   0: 3 0x80002ce6 (0xbc910423) mem 0x800144e1 0x0
core   0: 0x80002cea (0xa4c10c03) lb      s8, -1460(sp)
core   0: 3 0x80002cea (0xa4c10c03) x24 0x0000001e mem 0x80014365
core   0: 0x80002cee (0x41f6d6b3) sra     a3, a3, t6
core   0: 3 0x80002cee (0x41f6d6b3) x13 0x000002a0
core   0: 0x80002cf2 (0x00008c45) c.or    s0, s1
core   0: 3 0x80002cf2 (0x8c45) x 8 0x00000000
core   0: 0x80002cf4 (0x4c726693) ori     a3, tp, 1223
core   0: 3 0x80002cf4 (0x4c726693) x13 0x000004c7
core   0: 0x80002cf8 (0x81e10e03) lb      t3, -2018(sp)
core   0: 3 0x80002cf8 (0x81e10e03) x28 0xffffffec mem 0x80014137
core   0: 0x80002cfc (0x0193a813) slti    a6, t2, 25
core   0: 3 0x80002cfc (0x0193a813) x16 0x00000001
core   0: 0x80002d00 (0x00008789) c.srai  a5, 2
core   0: 3 0x80002d00 (0x8789) x15 0x00000000
core   0: 0x80002d02 (0xbfd4ac13) slti    s8, s1, -1027
core   0: 3 0x80002d02 (0xbfd4ac13) x24 0x00000000
core   0: 0x80002d06 (0x0ff0000f) fence   iorw,iorw
core   0: 3 0x80002d06 (0x0ff0000f)
core   0: 0x80002d0a (0x038c8fb3) mul     t6, s9, s8
core   0: 3 0x80002d0a (0x038c8fb3) x31 0x00000000
core   0: 0x80002d0e (0x00009aa2) c.add   s5, s0
core   0: 3 0x80002d0e (0x9aa2) x21 0x8fc00000
core   0: 0x80002d10 (0x40214803) lbu     a6, 1026(sp)
core   0: 3 0x80002d10 (0x40214803) x16 0x000000d0 mem 0x80014d1b
core   0: 0x80002d14 (0x762ba193) slti    gp, s7, 1890
core   0: 3 0x80002d14 (0x762ba193) x 3 0x00000001
core   0: 0x80002d18 (0x72710923) sb      t2, 1842(sp)
core   0: 3 0x80002d18 (0x72710923) mem 0x8001504b 0xb0
core   0: 0x80002d1c (0x0e27ac93) slti    s9, a5, 226
core   0: 3 0x80002d1c (0x0e27ac93) x25 0x00000001
core   0: 0x80002d20 (0x00000001) c.nop
core   0: 3 0x80002d20 (0x0001)
core   0: 0x80002d22 (0x1b214803) lbu     a6, 434(sp)
core   0: 3 0x80002d22 (0x1b214803) x16 0x00000080 mem 0x80014acb
core   0: 0x80002d26 (0x00000001) c.nop
core   0: 3 0x80002d26 (0x0001)
core   0: 0x80002d28 (0x5ab12403) lw      s0, 1451(sp)
core   0: 3 0x80002d28 (0x5ab12403) x 8 0x7c7d7e7f mem 0x80014ec4
core   0: 0x80002d2c (0xf332be13) sltiu   t3, t0, -205
core   0: 3 0x80002d2c (0xf332be13) x28 0x00000000
core   0: 0x80002d30 (0x00480633) add     a2, a6, tp
core   0: 3 0x80002d30 (0x00480633) x12 0x00000080
core   0: 0x80002d34 (0x5e510223) sb      t0, 1508(sp)
core   0: 3 0x80002d34 (0x5e510223) mem 0x80014efd 0xff
core   0: 0x80002d38 (0x90514b03) lbu     s6, -1787(sp)
core   0: 3 0x80002d38 (0x90514b03) x22 0x000000d5 mem 0x8001421e
core   0: 0x80002d3c (0xa0b14f03) lbu     t5, -1525(sp)
core   0: 3 0x80002d3c (0xa0b14f03) x30 0x000000df mem 0x80014324
core   0: 0x80002d40 (0x000083bd) c.srli  a5, 15
core   0: 3 0x80002d40 (0x83bd) x15 0x00000000
core   0: 0x80002d42 (0x0099b8b3) sltu    a7, s3, s1
core   0: 3 0x80002d42 (0x0099b8b3) x17 0x00000000
core   0: 0x80002d46 (0x49aa7d97) auipc   s11, 0x49aa7
core   0: 3 0x80002d46 (0x49aa7d97) x27 0xc9aa9d46
core   0: 0x80002d4a (0x00b0bdb3) sltu    s11, ra, a1
core   0: 3 0x80002d4a (0x00b0bdb3) x27 0x00000001
core   0: 0x80002d4e (0x02c53cb3) mulhu   s9, a0, a2
core   0: 3 0x80002d4e (0x02c53cb3) x25 0x00000040
core   0: 0x80002d52 (0x00008cd1) c.or    s1, a2
core   0: 3 0x80002d52 (0x8cd1) x 9 0x00000080
core   0: 0x80002d54 (0x47d129a3) sw      t4, 1139(sp)
core   0: 3 0x80002d54 (0x47d129a3) mem 0x80014d8c 0x00000000
core   0: 0x80002d58 (0x33042a13) slti    s4, s0, 816
core   0: 3 0x80002d58 (0x33042a13) x20 0x00000000
core   0: 0x80002d5c (0x54010f23) sb      zero, 1374(sp)
core   0: 3 0x80002d5c (0x54010f23) mem 0x80014e77 0x0
core   0: 0x80002d60 (0x01f871b3) and     gp, a6, t6
core   0: 3 0x80002d60 (0x01f871b3) x 3 0x00000000
core   0: 0x80002d64 (0xf4614d83) lbu     s11, -186(sp)
core   0: 3 0x80002d64 (0xf4614d83) x27 0x00000014 mem 0x8001485f
core   0: 0x80002d68 (0x00008ff9) c.and   a5, a4
core   0: 3 0x80002d68 (0x8ff9) x15 0x00000000
core   0: 0x80002d6a (0x64210303) lb      t1, 1602(sp)
core   0: 3 0x80002d6a (0x64210303) x 6 0x00000010 mem 0x80014f5b
core   0: 0x80002d6e (0x00008cad) c.xor   s1, a1
core   0: 3 0x80002d6e (0x8cad) x 9 0x80026c64
core   0: 0x80002d70 (0x95410123) sb      s4, -1726(sp)
core   0: 3 0x80002d70 (0x95410123) mem 0x8001425b 0x0
core   0: 0x80002d74 (0x00c61433) sll     s0, a2, a2
core   0: 3 0x80002d74 (0x00c61433) x 8 0x00000080
core   0: 0x80002d78 (0xa9d48613) addi    a2, s1, -1379
core   0: 3 0x80002d78 (0xa9d48613) x12 0x80026701
core   0: 0x80002d7c (0x012de0b3) or      ra, s11, s2
core   0: 3 0x80002d7c (0x012de0b3) x 1 0xffffffff
core   0: 0x80002d80 (0x0000100f) fence.i
core   0: 3 0x80002d80 (0x0000100f)
core   0: 0x80002d84 (0x0a12c663) blt     t0, ra, pc + 172
core   0: 3 0x80002d84 (0x0a12c663)
core   0: 0x80002d88 (0x0311fd33) remu    s10, gp, a7
core   0: 3 0x80002d88 (0x0311fd33) x26 0x00000000
core   0: 0x80002d8c (0xc6fed397) auipc   t2, 0xc6fed
core   0: 3 0x80002d8c (0xc6fed397) x 7 0x46fefd8c
core   0: 0x80002d90 (0x647bfe17) auipc   t3, 0x647bf
core   0: 3 0x80002d90 (0x647bfe17) x28 0xe47c1d90
core   0: 0x80002d94 (0x00000001) c.nop
core   0: 3 0x80002d94 (0x0001)
core   0: 0x80002d96 (0xb98efd93) andi    s11, t4, -1128
core   0: 3 0x80002d96 (0xb98efd93) x27 0x00000000
core   0: 0x80002d9a (0x0227a6b3) mulhsu  a3, a5, sp
core   0: 3 0x80002d9a (0x0227a6b3) x13 0x00000000
core   0: 0x80002d9e (0x40e4d693) srai    a3, s1, 14
core   0: 3 0x80002d9e (0x40e4d693) x13 0xfffe0009
core   0: 0x80002da2 (0x0000bc97) auipc   s9, 0xb
core   0: 3 0x80002da2 (0x0000bc97) x25 0x8000dda2
core   0: 0x80002da6 (0xe56c8c93) addi    s9, s9, -426
core   0: 3 0x80002da6 (0xe56c8c93) x25 0x8000dbf8
core   0: 0x80002daa (0x01d96bb3) or      s7, s2, t4
core   0: 3 0x80002daa (0x01d96bb3) x23 0xffffffff
core   0: 0x80002dae (0x0563c313) xori    t1, t2, 86
core   0: 3 0x80002dae (0x0563c313) x 6 0x46fefdda
core   0: 0x80002db2 (0x037c8483) lb      s1, 55(s9)
core   0: 3 0x80002db2 (0x037c8483) x 9 0xffffffe4 mem 0x8000dc2f
core   0: 0x80002db6 (0x032c9023) sh      s2, 32(s9)
core   0: 3 0x80002db6 (0x032c9023) mem 0x8000dc18 0xffff
core   0: 0x80002dba (0x408a0037) lui     zero, 0x408a0
core   0: 3 0x80002dba (0x408a0037)
core   0: 0x80002dbe (0x001c9523) sh      ra, 10(s9)
core   0: 3 0x80002dbe (0x001c9523) mem 0x8000dc02 0xffff
core   0: 0x80002dc2 (0x4039da33) sra     s4, s3, gp
core   0: 3 0x80002dc2 (0x4039da33) x20 0x00000000
core   0: 0x80002dc6 (0x016a7fb3) and     t6, s4, s6
core   0: 3 0x80002dc6 (0x016a7fb3) x31 0x00000000
core   0: 0x80002dca (0x05ec9023) sh      t5, 64(s9)
core   0: 3 0x80002dca (0x05ec9023) mem 0x8000dc38 0x00df
core   0: 0x80002dce (0x01c380b3) add     ra, t2, t3
core   0: 3 0x80002dce (0x01c380b3) x 1 0x2b7b1b1c
core   0: 0x80002dd2 (0x00008f2d) c.xor   a4, a1
core   0: 3 0x80002dd2 (0x8f2d) x14 0x80026edb
core   0: 0x80002dd4 (0x00fcca83) lbu     s5, 15(s9)
core   0: 3 0x80002dd4 (0x00fcca83) x21 0x000000bc mem 0x8000dc07
core   0: 0x80002dd8 (0x00001f9c) c.addi4spn a5, sp, 1008
core   0: 3 0x80002dd8 (0x1f9c) x15 0x80014d09
core   0: 0x80002dda (0x020cd983) lhu     s3, 32(s9)
core   0: 3 0x80002dda (0x020cd983) x19 0x0000ffff mem 0x8000dc18
core   0: 0x80002dde (0x00dca423) sw      a3, 8(s9)
core   0: 3 0x80002dde (0x00dca423) mem 0x8000dc00 0xfffe0009
core   0: 0x80002de2 (0x010cd603) lhu     a2, 16(s9)
core   0: 3 0x80002de2 (0x010cd603) x12 0x0000c2c3 mem 0x8000dc08
core   0: 0x80002de6 (0xfd6cd483) lhu     s1, -42(s9)
core   0: 3 0x80002de6 (0xfd6cd483) x 9 0x00008485 mem 0x8000dbce
core   0: 0x80002dea (0x87053a17) auipc   s4, 0x87053
core   0: 3 0x80002dea (0x87053a17) x20 0x07055dea
core   0: 0x80002dee (0xfdcc9423) sh      t3, -56(s9)
core   0: 3 0x80002dee (0xfdcc9423) mem 0x8000dbc0 0x1d90
core   0: 0x80002df2 (0xfd1cc683) lbu     a3, -47(s9)
core   0: 3 0x80002df2 (0xfd1cc683) x13 0x00000082 mem 0x8000dbc9
core   0: 0x80002df6 (0xfc5c8f03) lb      t5, -59(s9)
core   0: 3 0x80002df6 (0xfc5c8f03) x30 0x00000076 mem 0x8000dbbd
core   0: 0x80002dfa (0x03cc83a3) sb      t3, 39(s9)
core   0: 3 0x80002dfa (0x03cc83a3) mem 0x8000dc1f 0x90
core   0: 0x80002dfe (0xffdc83a3) sb      t4, -25(s9)
core   0: 3 0x80002dfe (0xffdc83a3) mem 0x8000dbdf 0x0
core   0: 0x80002e02 (0xfdacd983) lhu     s3, -38(s9)
core   0: 3 0x80002e02 (0xfdacd983) x19 0x00008889 mem 0x8000dbd2
core   0: 0x80002e06 (0x0000100f) fence.i
core   0: 3 0x80002e06 (0x0000100f)
core   0: 0x80002e0a (0x009c8383) lb      t2, 9(s9)
core   0: 3 0x80002e0a (0x009c8383) x 7 0x00000000 mem 0x8000dc01
core   0: 0x80002e0e (0x000084bd) c.srai  s1, 15
core   0: 3 0x80002e0e (0x84bd) x 9 0x00000001
core   0: 0x80002e10 (0x00000abe) c.slli  s5, 15
core   0: 3 0x80002e10 (0x0abe) x21 0x005e0000
core   0: 0x80002e12 (0x00001704) c.addi4spn s1, sp, 928
core   0: 3 0x80002e12 (0x1704) x 9 0x80014cb9
core   0: 0x80002e14 (0x00008331) c.srli  a4, 12
core   0: 3 0x80002e14 (0x8331) x14 0x00080026
core   0: 0x80002e16 (0x00008e69) c.and   a2, a0
core   0: 3 0x80002e16 (0x8e69) x12 0x00000240
core   0: 0x80002e18 (0x00008e79) c.and   a2, a4
core   0: 3 0x80002e18 (0x8e79) x12 0x00000000
core   0: 0x80002e1a (0x0ff0000f) fence   iorw,iorw
core   0: 3 0x80002e1a (0x0ff0000f)
core   0: 0x80002e1e (0x0254aab3) mulhsu  s5, s1, t0
core   0: 3 0x80002e1e (0x0254aab3) x21 0x80014cb9
core   0: 0x80002e22 (0x406d5db3) sra     s11, s10, t1
core   0: 3 0x80002e22 (0x406d5db3) x27 0x00000000
core   0: 0x80002e26 (0x019368b3) or      a7, t1, s9
core   0: 3 0x80002e26 (0x019368b3) x17 0xc6fefffa
core   0: 0x80002e2a (0x02e691b3) mulh    gp, a3, a4
core   0: 3 0x80002e2a (0x02e691b3) x 3 0x00000000
core   0: 0x80002e2e (0x000098fd) c.andi  s1, -1
core   0: 3 0x80002e2e (0x98fd) x 9 0x80014cb9
core   0: 0x80002e30 (0x000098ce) c.add   a7, s3
core   0: 3 0x80002e30 (0x98ce) x17 0xc6ff8883
core   0: 0x80002e32 (0xc57af413) andi    s0, s5, -937
core   0: 3 0x80002e32 (0xc57af413) x 8 0x80014c11
core   0: 0x80002e36 (0xe1bab913) sltiu   s2, s5, -485
core   0: 3 0x80002e36 (0xe1bab913) x18 0x00000001
core   0: 0x80002e3a (0x00000514) c.addi4spn a3, sp, 640
core   0: 3 0x80002e3a (0x0514) x13 0x80014b99
core   0: 0x80002e3c (0x020c4463) bltz    s8, pc + 40
core   0: 3 0x80002e3c (0x020c4463)
core   0: 0x80002e40 (0x00000001) c.nop
core   0: 3 0x80002e40 (0x0001)
core   0: 0x80002e42 (0x92febf93) sltiu   t6, t4, -1745
core   0: 3 0x80002e42 (0x92febf93) x31 0x00000001
core   0: 0x80002e46 (0x5624c093) xori    ra, s1, 1378
core   0: 3 0x80002e46 (0x5624c093) x 1 0x800149db
core   0: 0x80002e4a (0x278a8413) addi    s0, s5, 632
core   0: 3 0x80002e4a (0x278a8413) x 8 0x80014f31
core   0: 0x80002e4e (0x02736863) bltu    t1, t2, pc + 48
core   0: 3 0x80002e4e (0x02736863)
core   0: 0x80002e52 (0x00008f09) c.sub   a4, a0
core   0: 3 0x80002e52 (0x8f09) x14 0x8005d1c2
core   0: 0x80002e54 (0x00000b94) c.addi4spn a3, sp, 464
core   0: 3 0x80002e54 (0x0b94) x13 0x80014ae9
core   0: 0x80002e56 (0x0000832d) c.srli  a4, 11
core   0: 3 0x80002e56 (0x832d) x14 0x001000ba
core   0: 0x80002e58 (0x01fb5293) srli    t0, s6, 31
core   0: 3 0x80002e58 (0x01fb5293) x 5 0x00000000
core   0: 0x80002e5c (0x03f93cb3) mulhu   s9, s2, t6
core   0: 3 0x80002e5c (0x03f93cb3) x25 0x00000000
core   0: 0x80002e60 (0x021dd633) divu    a2, s11, ra
core   0: 3 0x80002e60 (0x021dd633) x12 0x00000000
core   0: 0x80002e64 (0x06f9ee93) ori     t4, s3, 111
core   0: 3 0x80002e64 (0x06f9ee93) x29 0x000088ef
core   0: 0x80002e68 (0xe45a3d93) sltiu   s11, s4, -443
core   0: 3 0x80002e68 (0xe45a3d93) x27 0x00000001
core   0: 0x80002e6c (0x00000001) c.nop
core   0: 3 0x80002e6c (0x0001)
core   0: 0x80002e6e (0x0224f2b3) remu    t0, s1, sp
core   0: 3 0x80002e6e (0x0224f2b3) x 5 0x000003a0
core   0: 0x80002e72 (0x00006fc1) c.lui   t6, 0x10
core   0: 3 0x80002e72 (0x6fc1) x31 0x00010000
core   0: 0x80002e74 (0x9a392d13) slti    s10, s2, -1629
core   0: 3 0x80002e74 (0x9a392d13) x26 0x00000000
core   0: 0x80002e78 (0x0000717d) c.addi16sp sp, -16
core   0: 3 0x80002e78 (0x717d) x 2 0x80014909
core   0: 0x80002e7a (0x00b637b3) sltu    a5, a2, a1
core   0: 3 0x80002e7a (0x00b637b3) x15 0x00000001
core   0: 0x80002e7e (0x0267f663) bgeu    a5, t1, pc + 44
core   0: 3 0x80002e7e (0x0267f663)
core   0: 0x80002e82 (0x000087a2) c.mv    a5, s0
core   0: 3 0x80002e82 (0x87a2) x15 0x80014f31
core   0: 0x80002e84 (0x045ed363) bge     t4, t0, pc + 70
core   0: 3 0x80002e84 (0x045ed363)
core   0: 0x80002eca (0xf3bde713) ori     a4, s11, -197
core   0: 3 0x80002eca (0xf3bde713) x14 0xffffff3b
core   0: 0x80002ece (0x021e1163) bne     t3, ra, pc + 34
core   0: 3 0x80002ece (0x021e1163)
core   0: 0x80002ef0 (0x0000c3a1) c.beqz  a5, pc + 64
core   0: 3 0x80002ef0 (0xc3a1)
core   0: 0x80002ef2 (0x026480b3) mul     ra, s1, t1
core   0: 3 0x80002ef2 (0x026480b3) x 1 0xff7c2a8a
core   0: 0x80002ef6 (0x00bacb33) xor     s6, s5, a1
core   0: 3 0x80002ef6 (0x00bacb33) x22 0x0003205d
core   0: 0x80002efa (0x02bb78b3) remu    a7, s6, a1
core   0: 3 0x80002efa (0x02bb78b3) x17 0x0003205d
core   0: 0x80002efe (0x45ba8093) addi    ra, s5, 1115
core   0: 3 0x80002efe (0x45ba8093) x 1 0x80015114
core   0: 0x80002f02 (0x00008efd) c.and   a3, a5
core   0: 3 0x80002f02 (0x8efd) x13 0x80014a21
core   0: 0x80002f04 (0x0367a4b3) mulhsu  s1, a5, s6
core   0: 3 0x80002f04 (0x0367a4b3) x 9 0xfffe6fd5
core   0: 0x80002f08 (0x0000976e) c.add   a4, s11
core   0: 3 0x80002f08 (0x976e) x14 0xffffff3c
core   0: 0x80002f0a (0x000080a5) c.srli  s1, 9
core   0: 3 0x80002f0a (0x80a5) x 9 0x007fff37
core   0: 0x80002f0c (0x00008ca5) c.xor   s1, s1
core   0: 3 0x80002f0c (0x8ca5) x 9 0x00000000
core   0: 0x80002f0e (0x9f2820b7) lui     ra, 0x9f282
core   0: 3 0x80002f0e (0x9f2820b7) x 1 0x9f282000
core   0: 0x80002f12 (0x2f830917) auipc   s2, 0x2f830
core   0: 3 0x80002f12 (0x2f830917) x18 0xaf832f12
core   0: 0x80002f16 (0x006b8ab3) add     s5, s7, t1
core   0: 3 0x80002f16 (0x006b8ab3) x21 0x46fefdd9
core   0: 0x80002f1a (0x01aa7733) and     a4, s4, s10
core   0: 3 0x80002f1a (0x01aa7733) x14 0x00000000
core   0: 0x80002f1e (0x0ff0000f) fence   iorw,iorw
core   0: 3 0x80002f1e (0x0ff0000f)
core   0: 0x80002f22 (0x00000001) c.nop
core   0: 3 0x80002f22 (0x0001)
core   0: 0x80002f24 (0x00008e01) c.sub   a2, s0
core   0: 3 0x80002f24 (0x8e01) x12 0x7ffeb0cf
core   0: 0x80002f26 (0x00191093) slli    ra, s2, 1
core   0: 3 0x80002f26 (0x00191093) x 1 0x5f065e24
core   0: 0x80002f2a (0x00008739) c.srai  a4, 14
core   0: 3 0x80002f2a (0x8739) x14 0x00000000
core   0: 0x80002f2c (0xea217437) lui     s0, 0xea217
core   0: 3 0x80002f2c (0xea217437) x 8 0xea217000
core   0: 0x80002f30 (0x413481b3) sub     gp, s1, s3
core   0: 3 0x80002f30 (0x413481b3) x 3 0xffff7777
core   0: 0x80002f34 (0x03bb98b3) mulh    a7, s7, s11
core   0: 3 0x80002f34 (0x03bb98b3) x17 0xffffffff
core   0: 0x80002f38 (0x02cb2133) mulhsu  sp, s6, a2
core   0: 3 0x80002f38 (0x02cb2133) x 2 0x0001902a
core   0: 0x80002f3c (0x41f56d93) ori     s11, a0, 1055
core   0: 3 0x80002f3c (0x41f56d93) x27 0x80022e7f
core   0: 0x80002f40 (0x0193e463) bltu    t2, s9, pc + 8
core   0: 3 0x80002f40 (0x0193e463)
core   0: 0x80002f44 (0xb216a297) auipc   t0, 0xb216a
core   0: 3 0x80002f44 (0xb216a297) x 5 0x3216cf44
core   0: 0x80002f48 (0x00006715) c.lui   a4, 0x5
core   0: 3 0x80002f48 (0x6715) x14 0x00005000
core   0: 0x80002f4a (0x41858bb3) sub     s7, a1, s8
core   0: 3 0x80002f4a (0x41858bb3) x23 0x80026ce4
core   0: 0x80002f4e (0x00008645) c.srai  a2, 17
core   0: 3 0x80002f4e (0x8645) x12 0x00003fff
core   0: 0x80002f50 (0x00008eb1) c.xor   a3, a2
core   0: 3 0x80002f50 (0x8eb1) x13 0x800175de
core   0: 0x80002f52 (0x00b8d333) srl     t1, a7, a1
core   0: 3 0x80002f52 (0x00b8d333) x 6 0x0fffffff
core   0: 0x80002f56 (0x00008ff1) c.and   a5, a2
core   0: 3 0x80002f56 (0x8ff1) x15 0x00000f31
core   0: 0x80002f58 (0x030c4d63) blt     s8, a6, pc + 58
core   0: 3 0x80002f58 (0x030c4d63)
core   0: 0x80002f92 (0x00feadb3) slt     s11, t4, a5
core   0: 3 0x80002f92 (0x00feadb3) x27 0x00000000
core   0: 0x80002f96 (0x0000812e) c.mv    sp, a1
core   0: 3 0x80002f96 (0x812e) x 2 0x80026ce4
core   0: 0x80002f98 (0x0000100f) fence.i
core   0: 3 0x80002f98 (0x0000100f)
core   0: 0x80002f9c (0xb74be093) ori     ra, s7, -1164
core   0: 3 0x80002f9c (0xb74be093) x 1 0xfffffff4
core   0: 0x80002fa0 (0x02000f63) beqz    zero, pc + 62
core   0: 3 0x80002fa0 (0x02000f63)
core   0: 0x80002fde (0xb2410937) lui     s2, 0xb2410
core   0: 3 0x80002fde (0xb2410937) x18 0xb2410000
core   0: 0x80002fe2 (0x00008b16) c.mv    s6, t0
core   0: 3 0x80002fe2 (0x8b16) x22 0x3216cf44
core   0: 0x80002fe4 (0x00a0e863) bltu    ra, a0, pc + 16
core   0: 3 0x80002fe4 (0x00a0e863)
core   0: 0x80002fe8 (0xaf194c13) xori    s8, s2, -1295
core   0: 3 0x80002fe8 (0xaf194c13) x24 0x4dbefaf1
core   0: 0x80002fec (0x02a40633) mul     a2, s0, a0
core   0: 3 0x80002fec (0x02a40633) x12 0x572fc000
core   0: 0x80002ff0 (0x00f5b2b3) sltu    t0, a1, a5
core   0: 3 0x80002ff0 (0x00f5b2b3) x 5 0x00000000
core   0: 0x80002ff4 (0xd999cd93) xori    s11, s3, -615
core   0: 3 0x80002ff4 (0xd999cd93) x27 0xffff7510
core   0: 0x80002ff8 (0x02b038b3) mulhu   a7, zero, a1
core   0: 3 0x80002ff8 (0x02b038b3) x17 0x00000000
core   0: 0x80002ffc (0x41115a93) srai    s5, sp, 17
core   0: 3 0x80002ffc (0x41115a93) x21 0xffffc001
core   0: 0x80003000 (0x01439493) slli    s1, t2, 20
core   0: 3 0x80003000 (0x01439493) x 9 0x00000000
core   0: 0x80003004 (0x00009b7d) c.andi  a4, -1
core   0: 3 0x80003004 (0x9b7d) x14 0x00005000
core   0: 0x80003006 (0x00e5d733) srl     a4, a1, a4
core   0: 3 0x80003006 (0x00e5d733) x14 0x80026ce4
core   0: 0x8000300a (0x00009ad2) c.add   s5, s4
core   0: 3 0x8000300a (0x9ad2) x21 0x07051deb
core   0: 0x8000300c (0x0000065e) c.slli  a2, 23
core   0: 3 0x8000300c (0x065e) x12 0x00000000
core   0: 0x8000300e (0x01725733) srl     a4, tp, s7
core   0: 3 0x8000300e (0x01725733) x14 0x00000000
core   0: 0x80003012 (0x0030bd33) sltu    s10, ra, gp
core   0: 3 0x80003012 (0x0030bd33) x26 0x00000000
core   0: 0x80003016 (0x0000c031) c.beqz  s0, pc + 68
core   0: 3 0x80003016 (0xc031)
core   0: 0x80003018 (0x81375017) auipc   zero, 0x81375
core   0: 3 0x80003018 (0x81375017)
core   0: 0x8000301c (0x01b06563) bltu    zero, s11, pc + 10
core   0: 3 0x8000301c (0x01b06563)
core   0: 0x80003026 (0x0000ce09) c.beqz  a2, pc + 26
core   0: 3 0x80003026 (0xce09)
core   0: 0x80003040 (0x000086cd) c.srai  a3, 19
core   0: 3 0x80003040 (0x86cd) x13 0xfffff000
core   0: 0x80003042 (0x024848b3) div     a7, a6, tp
core   0: 3 0x80003042 (0x024848b3) x17 0xffffffff
core   0: 0x80003046 (0x01d65713) srli    a4, a2, 29
core   0: 3 0x80003046 (0x01d65713) x14 0x00000000
core   0: 0x8000304a (0x01836d33) or      s10, t1, s8
core   0: 3 0x8000304a (0x01836d33) x26 0x4fffffff
core   0: 0x8000304e (0x0594d663) bge     s1, s9, pc + 76
core   0: 3 0x8000304e (0x0594d663)
core   0: 0x8000309a (0x0327c963) blt     a5, s2, pc + 50
core   0: 3 0x8000309a (0x0327c963)
core   0: 0x8000309e (0x0061ef63) bltu    gp, t1, pc + 30
core   0: 3 0x8000309e (0x0061ef63)
core   0: 0x800030a2 (0x056c9063) bne     s9, s6, pc + 64
core   0: 3 0x800030a2 (0x056c9063)
core   0: 0x800030e2 (0x045d6163) bltu    s10, t0, pc + 66
core   0: 3 0x800030e2 (0x045d6163)
core   0: 0x800030e6 (0x02c041b3) div     gp, zero, a2
core   0: 3 0x800030e6 (0x02c041b3) x 3 0xffffffff
core   0: 0x800030ea (0x41605733) sra     a4, zero, s6
core   0: 3 0x800030ea (0x41605733) x14 0x00000000
core   0: 0x800030ee (0x03bf9fb3) mulh    t6, t6, s11
core   0: 3 0x800030ee (0x03bf9fb3) x31 0xffffffff
core   0: 0x800030f2 (0x00000001) c.nop
core   0: 3 0x800030f2 (0x0001)
core   0: 0x800030f4 (0x00c08433) add     s0, ra, a2
core   0: 3 0x800030f4 (0x00c08433) x 8 0xfffffff4
core   0: 0x800030f8 (0x003f1613) slli    a2, t5, 3
core   0: 3 0x800030f8 (0x003f1613) x12 0x000003b0
core   0: 0x800030fc (0x027dcd33) div     s10, s11, t2
core   0: 3 0x800030fc (0x027dcd33) x26 0xffffffff
core   0: 0x80003100 (0x00d4a8b3) slt     a7, s1, a3
core   0: 3 0x80003100 (0x00d4a8b3) x17 0x00000000
core   0: 0x80003104 (0x000080d1) c.srli  s1, 20
core   0: 3 0x80003104 (0x80d1) x 9 0x00000000
core   0: 0x80003106 (0x40ec87b3) sub     a5, s9, a4
core   0: 3 0x80003106 (0x40ec87b3) x15 0x00000000
core   0: 0x8000310a (0x40ca5f13) srai    t5, s4, 12
core   0: 3 0x8000310a (0x40ca5f13) x30 0x00007055
core   0: 0x8000310e (0x032ff7b3) remu    a5, t6, s2
core   0: 3 0x8000310e (0x032ff7b3) x15 0x4dbeffff
core   0: 0x80003112 (0x00a2d733) srl     a4, t0, a0
core   0: 3 0x80003112 (0x00a2d733) x14 0x00000000
core   0: 0x80003116 (0x00008fc5) c.or    a5, s1
core   0: 3 0x80003116 (0x8fc5) x15 0x4dbeffff
core   0: 0x80003118 (0x0000717d) c.addi16sp sp, -16
core   0: 3 0x80003118 (0x717d) x 2 0x80026cd4
core   0: 0x8000311a (0x00001884) c.addi4spn s1, sp, 112
core   0: 3 0x8000311a (0x1884) x 9 0x80026d44
core   0: 0x8000311c (0x00008ebd) c.xor   a3, a5
core   0: 3 0x8000311c (0x8ebd) x13 0xb2410fff
core   0: 0x8000311e (0x00006155) c.addi16sp sp, 304
core   0: 3 0x8000311e (0x6155) x 2 0x80026e04
core   0: 0x80003120 (0x00eb78b3) and     a7, s6, a4
core   0: 3 0x80003120 (0x00eb78b3) x17 0x00000000
core   0: 0x80003124 (0x03d250b3) divu    ra, tp, t4
core   0: 3 0x80003124 (0x03d250b3) x 1 0x00000000
core   0: 0x80003128 (0xa469bd13) sltiu   s10, s3, -1466
core   0: 3 0x80003128 (0xa469bd13) x26 0x00000001
core   0: 0x8000312c (0x00552c33) slt     s8, a0, t0
core   0: 3 0x8000312c (0x00552c33) x24 0x00000001
core   0: 0x80003130 (0x9c98cb13) xori    s6, a7, -1591
core   0: 3 0x80003130 (0x9c98cb13) x22 0xfffff9c9
core   0: 0x80003134 (0x0032f9b3) and     s3, t0, gp
core   0: 3 0x80003134 (0x0032f9b3) x19 0x00000000
core   0: 0x80003138 (0x0ff0000f) fence   iorw,iorw
core   0: 3 0x80003138 (0x0ff0000f)
core   0: 0x8000313c (0x01e352b3) srl     t0, t1, t5
core   0: 3 0x8000313c (0x01e352b3) x 5 0x0000007f
core   0: 0x80003140 (0x00000001) c.nop
core   0: 3 0x80003140 (0x0001)
core   0: 0x80003142 (0x00000001) c.nop
core   0: 3 0x80003142 (0x0001)
core   0: 0x80003144 (0x015887b3) add     a5, a7, s5
core   0: 3 0x80003144 (0x015887b3) x15 0x07051deb
core   0: 0x80003148 (0x00c9a9b3) slt     s3, s3, a2
core   0: 3 0x80003148 (0x00c9a9b3) x19 0x00000001
core   0: 0x8000314c (0x00ffd993) srli    s3, t6, 15
core   0: 3 0x8000314c (0x00ffd993) x19 0x0001ffff
core   0: 0x80003150 (0x0000616d) c.addi16sp sp, 240
core   0: 3 0x80003150 (0x616d) x 2 0x80026ef4
core   0: 0x80003152 (0x00b82733) slt     a4, a6, a1
core   0: 3 0x80003152 (0x00b82733) x14 0x00000000
core   0: 0x80003156 (0x00000c99) c.addi  s9, 6
core   0: 3 0x80003156 (0x0c99) x25 0x00000006
core   0: 0x80003158 (0x9e078f37) lui     t5, 0x9e078
core   0: 3 0x80003158 (0x9e078f37) x30 0x9e078000
core   0: 0x8000315c (0x0000ce15) c.beqz  a2, pc + 60
core   0: 3 0x8000315c (0xce15)
core   0: 0x8000315e (0x001e9913) slli    s2, t4, 1
core   0: 3 0x8000315e (0x001e9913) x18 0x000111de
core   0: 0x80003162 (0x003c8b33) add     s6, s9, gp
core   0: 3 0x80003162 (0x003c8b33) x22 0x00000005
core   0: 0x80003166 (0x41cbd813) srai    a6, s7, 28
core   0: 3 0x80003166 (0x41cbd813) x16 0xfffffff8
core   0: 0x8000316a (0x00005dfd) c.li    s11, -1
core   0: 3 0x8000316a (0x5dfd) x27 0xffffffff
core   0: 0x8000316c (0x03c253b3) divu    t2, tp, t3
core   0: 3 0x8000316c (0x03c253b3) x 7 0x00000000
core   0: 0x80003170 (0x01aad863) bge     s5, s10, pc + 16
core   0: 3 0x80003170 (0x01aad863)
core   0: 0x80003180 (0x0000ef09) c.bnez  a4, pc + 26
core   0: 3 0x80003180 (0xef09)
core   0: 0x80003182 (0x00008c79) c.and   s0, a4
core   0: 3 0x80003182 (0x8c79) x 8 0x00000000
core   0: 0x80003184 (0x00001694) c.addi4spn a3, sp, 864
core   0: 3 0x80003184 (0x1694) x13 0x80027254
core   0: 0x80003186 (0x00008ee1) c.and   a3, s0
core   0: 3 0x80003186 (0x8ee1) x13 0x00000000
core   0: 0x80003188 (0x018908b3) add     a7, s2, s8
core   0: 3 0x80003188 (0x018908b3) x17 0x000111df
core   0: 0x8000318c (0x4171d713) srai    a4, gp, 23
core   0: 3 0x8000318c (0x4171d713) x14 0xffffffff
core   0: 0x80003190 (0xe756aa93) slti    s5, a3, -395
core   0: 3 0x80003190 (0xe756aa93) x21 0x00000000
core   0: 0x80003194 (0x00008405) c.srai  s0, 1
core   0: 3 0x80003194 (0x8405) x 8 0x00000000
core   0: 0x80003196 (0x00008729) c.srai  a4, 10
core   0: 3 0x80003196 (0x8729) x14 0xffffffff
core   0: 0x80003198 (0x0000849a) c.mv    s1, t1
core   0: 3 0x80003198 (0x849a) x 9 0x0fffffff
core   0: 0x8000319a (0x028fc263) blt     t6, s0, pc + 36
core   0: 3 0x8000319a (0x028fc263)
core   0: 0x800031be (0x017d1d93) slli    s11, s10, 23
core   0: 3 0x800031be (0x017d1d93) x27 0x00800000
core   0: 0x800031c2 (0x00008ca9) c.xor   s1, a0
core   0: 3 0x800031c2 (0x8ca9) x 9 0x8ffdd19b
core   0: 0x800031c4 (0x0000612d) c.addi16sp sp, 224
core   0: 3 0x800031c4 (0x612d) x 2 0x80026fd4
core   0: 0x800031c6 (0x000061a5) c.lui   gp, 0x9
core   0: 3 0x800031c6 (0x61a5) x 3 0x00009000
core   0: 0x800031c8 (0x0341fcb3) remu    s9, gp, s4
core   0: 3 0x800031c8 (0x0341fcb3) x25 0x00009000
core   0: 0x800031cc (0x40665993) srai    s3, a2, 6
core   0: 3 0x800031cc (0x40665993) x19 0x0000000e
core   0: 0x800031d0 (0x03731a33) mulh    s4, t1, s7
core   0: 3 0x800031d0 (0x03731a33) x20 0xf80026ce
core   0: 0x800031d4 (0x00000001) c.nop
core   0: 3 0x800031d4 (0x0001)
core   0: 0x800031d6 (0x00001c7d) c.addi  s8, -1
core   0: 3 0x800031d6 (0x1c7d) x24 0x00000000
core   0: 0x800031d8 (0x0000809e) c.mv    ra, t2
core   0: 3 0x800031d8 (0x809e) x 1 0x00000000
core   0: 0x800031da (0x03e06d63) bltu    zero, t5, pc + 58
core   0: 3 0x800031da (0x03e06d63)
core   0: 0x80003214 (0x01629113) slli    sp, t0, 22
core   0: 3 0x80003214 (0x01629113) x 2 0x1fc00000
core   0: 0x80003218 (0x00000856) c.slli  a6, 21
core   0: 3 0x80003218 (0x0856) x16 0xff000000
core   0: 0x8000321a (0x002f0d33) add     s10, t5, sp
core   0: 3 0x8000321a (0x002f0d33) x26 0xbdc78000
core   0: 0x8000321e (0x001bdd33) srl     s10, s7, ra
core   0: 3 0x8000321e (0x001bdd33) x26 0x80026ce4
core   0: 0x80003222 (0x00d21793) slli    a5, tp, 13
core   0: 3 0x80003222 (0x00d21793) x15 0x00000000
core   0: 0x80003226 (0x02fcae33) mulhsu  t3, s9, a5
core   0: 3 0x80003226 (0x02fcae33) x28 0x00000000
core   0: 0x8000322a (0x00008cc9) c.or    s1, a0
core   0: 3 0x8000322a (0x8cc9) x 9 0x8fffffff
core   0: 0x8000322c (0x0000c219) c.beqz  a2, pc + 6
core   0: 3 0x8000322c (0xc219)
core   0: 0x8000322e (0x0257c7b3) div     a5, a5, t0
core   0: 3 0x8000322e (0x0257c7b3) x15 0x00000000
core   0: 0x80003232 (0x02e37d33) remu    s10, t1, a4
core   0: 3 0x80003232 (0x02e37d33) x26 0x0fffffff
core   0: 0x80003236 (0x0287a6b3) mulhsu  a3, a5, s0
core   0: 3 0x80003236 (0x0287a6b3) x13 0x00000000
core   0: 0x8000323a (0x02fefeb3) remu    t4, t4, a5
core   0: 3 0x8000323a (0x02fefeb3) x29 0x000088ef
core   0: 0x8000323e (0x00000001) c.nop
core   0: 3 0x8000323e (0x0001)
core   0: 0x80003240 (0x00000001) c.nop
core   0: 3 0x80003240 (0x0001)
core   0: 0x80003242 (0x0f0b6997) auipc   s3, 0xf0b6
core   0: 3 0x80003242 (0x0f0b6997) x19 0x8f0b9242
core   0: 0x80003246 (0x00001780) c.addi4spn s0, sp, 992
core   0: 3 0x80003246 (0x1780) x 8 0x1fc003e0
core   0: 0x80003248 (0x00008c36) c.mv    s8, a3
core   0: 3 0x80003248 (0x8c36) x24 0x00000000
core   0: 0x8000324a (0x018bfa33) and     s4, s7, s8
core   0: 3 0x8000324a (0x018bfa33) x20 0x00000000
core   0: 0x8000324e (0x00000bda) c.slli  s7, 22
core   0: 3 0x8000324e (0x0bda) x23 0x39000000
core   0: 0x80003250 (0xab3e2d93) slti    s11, t3, -1357
core   0: 3 0x80003250 (0xab3e2d93) x27 0x00000000
core   0: 0x80003254 (0x01d6f633) and     a2, a3, t4
core   0: 3 0x80003254 (0x01d6f633) x12 0x00000000
core   0: 0x80003258 (0x00008c19) c.sub   s0, a4
core   0: 3 0x80003258 (0x8c19) x 8 0x1fc003e1
core   0: 0x8000325a (0x02984fb3) div     t6, a6, s1
core   0: 3 0x8000325a (0x02984fb3) x31 0x00000000
core   0: 0x8000325e (0x03d79863) bne     a5, t4, pc + 48
core   0: 3 0x8000325e (0x03d79863)
core   0: 0x8000328e (0x00f1be33) sltu    t3, gp, a5
core   0: 3 0x8000328e (0x00f1be33) x28 0x00000000
core   0: 0x80003292 (0x00008c69) c.and   s0, a0
core   0: 3 0x80003292 (0x8c69) x 8 0x00000260
core   0: 0x80003294 (0x00000900) c.addi4spn s0, sp, 144
core   0: 3 0x80003294 (0x0900) x 8 0x1fc00090
core   0: 0x80003296 (0x01ee86b3) add     a3, t4, t5
core   0: 3 0x80003296 (0x01ee86b3) x13 0x9e0808ef
core   0: 0x8000329a (0x006707b3) add     a5, a4, t1
core   0: 3 0x8000329a (0x006707b3) x15 0x0ffffffe
core   0: 0x8000329e (0x00f7c4b7) lui     s1, 0xf7c
core   0: 3 0x8000329e (0x00f7c4b7) x 9 0x00f7c000
core   0: 0x800032a2 (0x0239eeb3) rem     t4, s3, gp
core   0: 3 0x800032a2 (0x0239eeb3) x29 0xffff7242
core   0: 0x800032a6 (0x87984813) xori    a6, a6, -1927
core   0: 3 0x800032a6 (0x87984813) x16 0x00fff879
core   0: 0x800032aa (0x017f78b3) and     a7, t5, s7
core   0: 3 0x800032aa (0x017f78b3) x17 0x18000000
core   0: 0x800032ae (0x000092f2) c.add   t0, t3
core   0: 3 0x800032ae (0x92f2) x 5 0x0000007f
core   0: 0x800032b0 (0x00000001) c.nop
core   0: 3 0x800032b0 (0x0001)
core   0: 0x800032b2 (0x02b97033) remu    zero, s2, a1
core   0: 3 0x800032b2 (0x02b97033)
core   0: 0x800032b6 (0x19a2d497) auipc   s1, 0x19a2d
core   0: 3 0x800032b6 (0x19a2d497) x 9 0x99a302b6
core   0: 0x800032ba (0x0000717d) c.addi16sp sp, -16
core   0: 3 0x800032ba (0x717d) x 2 0x1fbffff0
core   0: 0x800032bc (0x032be363) bltu    s7, s2, pc + 38
core   0: 3 0x800032bc (0x032be363)
core   0: 0x800032c0 (0x0000149c) c.addi4spn a5, sp, 608
core   0: 3 0x800032c0 (0x149c) x15 0x1fc00250
core   0: 0x800032c2 (0xa7fe3e93) sltiu   t4, t3, -1409
core   0: 3 0x800032c2 (0xa7fe3e93) x29 0x00000001
core   0: 0x800032c6 (0x00008bd9) c.andi  a5, 22
core   0: 3 0x800032c6 (0x8bd9) x15 0x00000010
core   0: 0x800032c8 (0x5163bd93) sltiu   s11, t2, 1302
core   0: 3 0x800032c8 (0x5163bd93) x27 0x00000001
core   0: 0x800032cc (0x849a4693) xori    a3, s4, -1975
core   0: 3 0x800032cc (0x849a4693) x13 0xfffff849
core   0: 0x800032d0 (0x01e5ffb3) and     t6, a1, t5
core   0: 3 0x800032d0 (0x01e5ffb3) x31 0x80020000
core   0: 0x800032d4 (0x00008c91) c.sub   s1, a2
core   0: 3 0x800032d4 (0x8c91) x 9 0x99a302b6
core   0: 0x800032d6 (0x00008f39) c.xor   a4, a4
core   0: 3 0x800032d6 (0x8f39) x14 0x00000000
core   0: 0x800032d8 (0x3c073a93) sltiu   s5, a4, 960
core   0: 3 0x800032d8 (0x3c073a93) x21 0x00000001
core   0: 0x800032dc (0x000046fd) c.li    a3, 31
core   0: 3 0x800032dc (0x46fd) x13 0x0000001f
core   0: 0x800032de (0xe65aae13) slti    t3, s5, -411
core   0: 3 0x800032de (0xe65aae13) x28 0x00000000
core   0: 0x800032e2 (0x00008cad) c.xor   s1, a1
core   0: 3 0x800032e2 (0x8cad) x 9 0x19a16e52
core   0: 0x800032e4 (0x000014fd) c.addi  s1, -1
core   0: 3 0x800032e4 (0x14fd) x 9 0x19a16e51
core   0: 0x800032e6 (0x0291d2b3) divu    t0, gp, s1
core   0: 3 0x800032e6 (0x0291d2b3) x 5 0x00000000
core   0: 0x800032ea (0x00145e33) srl     t3, s0, ra
core   0: 3 0x800032ea (0x00145e33) x28 0x1fc00090
core   0: 0x800032ee (0x03459933) mulh    s2, a1, s4
core   0: 3 0x800032ee (0x03459933) x18 0x00000000
core   0: 0x800032f2 (0x00008049) c.srli  s0, 18
core   0: 3 0x800032f2 (0x8049) x 8 0x000007f0
core   0: 0x800032f4 (0x000084f6) c.mv    s1, t4
core   0: 3 0x800032f4 (0x84f6) x 9 0x00000001
core   0: 0x800032f6 (0x5cd22693) slti    a3, tp, 1485
core   0: 3 0x800032f6 (0x5cd22693) x13 0x00000001
core   0: 0x800032fa (0x000087cd) c.srai  a5, 19
core   0: 3 0x800032fa (0x87cd) x15 0x00000000
core   0: 0x800032fc (0x00008f81) c.sub   a5, s0
core   0: 3 0x800032fc (0x8f81) x15 0xfffff810
core   0: 0x800032fe (0x0000100f) fence.i
core   0: 3 0x800032fe (0x0000100f)
core   0: 0x80003302 (0x0000100f) fence.i
core   0: 3 0x80003302 (0x0000100f)
core   0: 0x80003306 (0x0000ea89) c.bnez  a3, pc + 18
core   0: 3 0x80003306 (0xea89)
core   0: 0x80003318 (0x03940d33) mul     s10, s0, s9
core   0: 3 0x80003318 (0x03940d33) x26 0x04770000
core   0: 0x8000331c (0x00009a7d) c.andi  a2, -1
core   0: 3 0x8000331c (0x9a7d) x12 0x00000000
core   0: 0x8000331e (0xa5c9c137) lui     sp, 0xa5c9c
core   0: 3 0x8000331e (0xa5c9c137) x 2 0xa5c9c000
core   0: 0x80003322 (0x000083bd) c.srli  a5, 15
core   0: 3 0x80003322 (0x83bd) x15 0x0001ffff
core   0: 0x80003324 (0x97ba7e37) lui     t3, 0x97ba7
core   0: 3 0x80003324 (0x97ba7e37) x28 0x97ba7000
core   0: 0x80003328 (0x18c88d37) lui     s10, 0x18c88
core   0: 3 0x80003328 (0x18c88d37) x26 0x18c88000
core   0: 0x8000332c (0x00006115) c.addi16sp sp, 288
core   0: 3 0x8000332c (0x6115) x 2 0xa5c9c120
core   0: 0x8000332e (0x003d7bb3) and     s7, s10, gp
core   0: 3 0x8000332e (0x003d7bb3) x23 0x00008000
core   0: 0x80003332 (0x01d33833) sltu    a6, t1, t4
core   0: 3 0x80003332 (0x01d33833) x16 0x00000000
core   0: 0x80003336 (0x0000808a) c.mv    ra, sp
core   0: 3 0x80003336 (0x808a) x 1 0xa5c9c120
core   0: 0x80003338 (0x01659e93) slli    t4, a1, 22
core   0: 3 0x80003338 (0x01659e93) x29 0x39000000
core   0: 0x8000333c (0x000052fd) c.li    t0, -1
core   0: 3 0x8000333c (0x52fd) x 5 0xffffffff
core   0: 0x8000333e (0x018691b3) sll     gp, a3, s8
core   0: 3 0x8000333e (0x018691b3) x 3 0x00000001
core   0: 0x80003342 (0x41045693) srai    a3, s0, 16
core   0: 3 0x80003342 (0x41045693) x13 0x00000000
core   0: 0x80003346 (0x02397033) remu    zero, s2, gp
core   0: 3 0x80003346 (0x02397033)
core   0: 0x8000334a (0x00009166) c.add   sp, s9
core   0: 3 0x8000334a (0x9166) x 2 0xa5ca5120
core   0: 0x8000334c (0x00008fad) c.xor   a5, a1
core   0: 3 0x8000334c (0x8fad) x15 0x8003931b
core   0: 0x8000334e (0x00008f91) c.sub   a5, a2
core   0: 3 0x8000334e (0x8f91) x15 0x8003931b
core   0: 0x80003350 (0x00000001) c.nop
core   0: 3 0x80003350 (0x0001)
core   0: 0x80003352 (0x00008e99) c.sub   a3, a4
core   0: 3 0x80003352 (0x8e99) x13 0x00000000
core   0: 0x80003354 (0x00008c39) c.xor   s0, a4
core   0: 3 0x80003354 (0x8c39) x 8 0x000007f0
core   0: 0x80003356 (0x00008ed1) c.or    a3, a2
core   0: 3 0x80003356 (0x8ed1) x13 0x00000000
core   0: 0x80003358 (0x0000e385) c.bnez  a5, pc + 32
core   0: 3 0x80003358 (0xe385)
core   0: 0x80003378 (0x007e8463) beq     t4, t2, pc + 8
core   0: 3 0x80003378 (0x007e8463)
core   0: 0x8000337c (0x0ff0000f) fence   iorw,iorw
core   0: 3 0x8000337c (0x0ff0000f)
core   0: 0x80003380 (0x00000001) c.nop
core   0: 3 0x80003380 (0x0001)
core   0: 0x80003382 (0x000000aa) c.slli  ra, 10
core   0: 3 0x80003382 (0x00aa) x 1 0x27048000
core   0: 0x80003384 (0x00000001) c.nop
core   0: 3 0x80003384 (0x0001)
core   0: 0x80003386 (0xec317e93) andi    t4, sp, -317
core   0: 3 0x80003386 (0xec317e93) x29 0xa5ca5000
core   0: 0x8000338a (0x019998b3) sll     a7, s3, s9
core   0: 3 0x8000338a (0x019998b3) x17 0x8f0b9242
core   0: 0x8000338e (0x000086ae) c.mv    a3, a1
core   0: 3 0x8000338e (0x86ae) x13 0x80026ce4
core   0: 0x80003390 (0x04035163) bgez    t1, pc + 66
core   0: 3 0x80003390 (0x04035163)
core   0: 0x800033d2 (0x03bcc8b3) div     a7, s9, s11
core   0: 3 0x800033d2 (0x03bcc8b3) x17 0x00009000
core   0: 0x800033d6 (0x00006ef9) c.lui   t4, 0x1e
core   0: 3 0x800033d6 (0x6ef9) x29 0x0001e000
core   0: 0x800033d8 (0x00008371) c.srli  a4, 28
core   0: 3 0x800033d8 (0x8371) x14 0x00000000
core   0: 0x800033da (0x00008ec5) c.or    a3, s1
core   0: 3 0x800033da (0x8ec5) x13 0x80026ce5
core   0: 0x800033dc (0x0000100f) fence.i
core   0: 3 0x800033dc (0x0000100f)
core   0: 0x800033e0 (0x034ae1b3) rem     gp, s5, s4
core   0: 3 0x800033e0 (0x034ae1b3) x 3 0x00000001
core   0: 0x800033e4 (0x000083b9) c.srli  a5, 14
core   0: 3 0x800033e4 (0x83b9) x15 0x0002000e
core   0: 0x800033e6 (0x02bd4433) div     s0, s10, a1
core   0: 3 0x800033e6 (0x02bd4433) x 8 0x00000000
core   0: 0x800033ea (0x00008fb5) c.xor   a5, a3
core   0: 3 0x800033ea (0x8fb5) x15 0x80006ceb
core   0: 0x800033ec (0x0000e609) c.bnez  a2, pc + 10
core   0: 3 0x800033ec (0xe609)
core   0: 0x800033ee (0x000087d9) c.srai  a5, 22
core   0: 3 0x800033ee (0x87d9) x15 0xfffffe00
core   0: 0x800033f0 (0x06a70793) addi    a5, a4, 106
core   0: 3 0x800033f0 (0x06a70793) x15 0x0000006a
core   0: 0x800033f4 (0x00006e61) c.lui   t3, 0x18
core   0: 3 0x800033f4 (0x6e61) x28 0x00018000
core   0: 0x800033f6 (0x000093d6) c.add   t2, s5
core   0: 3 0x800033f6 (0x93d6) x 7 0x00000001
core   0: 0x800033f8 (0x044d9463) bne     s11, tp, pc + 72
core   0: 3 0x800033f8 (0x044d9463)
core   0: 0x80003440 (0xc458ef13) ori     t5, a7, -955
core   0: 3 0x80003440 (0xc458ef13) x30 0xfffffc45
core   0: 0x80003444 (0x01861363) bne     a2, s8, pc + 6
core   0: 3 0x80003444 (0x01861363)
core   0: 0x80003448 (0x000086e9) c.srai  a3, 26
core   0: 3 0x80003448 (0x86e9) x13 0xffffffe0
core   0: 0x8000344a (0x0ff0000f) fence   iorw,iorw
core   0: 3 0x8000344a (0x0ff0000f)
core   0: 0x8000344e (0x00009a5e) c.add   s4, s7
core   0: 3 0x8000344e (0x9a5e) x20 0x00008000
core   0: 0x80003450 (0xc06ffe13) andi    t3, t6, -1018
core   0: 3 0x80003450 (0xc06ffe13) x28 0x80020000
core   0: 0x80003454 (0x00008c45) c.or    s0, s1
core   0: 3 0x80003454 (0x8c45) x 8 0x00000001
core   0: 0x80003456 (0x000013fd) c.addi  t2, -1
core   0: 3 0x80003456 (0x13fd) x 7 0x00000000
core   0: 0x80003458 (0x00000001) c.nop
core   0: 3 0x80003458 (0x0001)
core   0: 0x8000345a (0x012493b3) sll     t2, s1, s2
core   0: 3 0x8000345a (0x012493b3) x 7 0x00000001
core   0: 0x8000345e (0x00006c09) c.lui   s8, 0x2
core   0: 3 0x8000345e (0x6c09) x24 0x00002000
core   0: 0x80003460 (0x00904433) xor     s0, zero, s1
core   0: 3 0x80003460 (0x00904433) x 8 0x00000001
core   0: 0x80003464 (0x0000821d) c.srli  a2, 7
core   0: 3 0x80003464 (0x821d) x12 0x00000000
core   0: 0x80003466 (0x853c6e13) ori     t3, s8, -1965
core   0: 3 0x80003466 (0x853c6e13) x28 0xfffff853
core   0: 0x8000346a (0x03d1ea33) rem     s4, gp, t4
core   0: 3 0x8000346a (0x03d1ea33) x20 0x00000001
core   0: 0x8000346e (0x00da3733) sltu    a4, s4, a3
core   0: 3 0x8000346e (0x00da3733) x14 0x00000001
core   0: 0x80003472 (0x0387ad33) mulhsu  s10, a5, s8
core   0: 3 0x80003472 (0x0387ad33) x26 0x00000000
core   0: 0x80003476 (0x026579b3) remu    s3, a0, t1
core   0: 3 0x80003476 (0x026579b3) x19 0x00022e6c
core   0: 0x8000347a (0x0198d293) srli    t0, a7, 25
core   0: 3 0x8000347a (0x0198d293) x 5 0x00000000
core   0: 0x8000347e (0x2c198a93) addi    s5, s3, 705
core   0: 3 0x8000347e (0x2c198a93) x21 0x0002312d
core   0: 0x80003482 (0x5e68a997) auipc   s3, 0x5e68a
core   0: 3 0x80003482 (0x5e68a997) x19 0xde68d482
core   0: 0x80003486 (0x01f5c863) blt     a1, t6, pc + 16
core   0: 3 0x80003486 (0x01f5c863)
core   0: 0x8000348a (0x03571b33) mulh    s6, a4, s5
core   0: 3 0x8000348a (0x03571b33) x22 0x00000000
core   0: 0x8000348e (0x03604333) div     t1, zero, s6
core   0: 3 0x8000348e (0x03604333) x 6 0xffffffff
core   0: 0x80003492 (0x01f60e33) add     t3, a2, t6
core   0: 3 0x80003492 (0x01f60e33) x28 0x80020000
core   0: 0x80003496 (0x0000100f) fence.i
core   0: 3 0x80003496 (0x0000100f)
core   0: 0x8000349a (0x00000001) c.nop
core   0: 3 0x8000349a (0x0001)
core   0: 0x8000349c (0x00f99f13) slli    t5, s3, 15
core   0: 3 0x8000349c (0x00f99f13) x30 0x6a410000
core   0: 0x800034a0 (0x0163bc33) sltu    s8, t2, s6
core   0: 3 0x800034a0 (0x0163bc33) x24 0x00000000
core   0: 0x800034a4 (0x0000c099) c.beqz  s1, pc + 6
core   0: 3 0x800034a4 (0xc099)
core   0: 0x800034a6 (0x05a1c363) blt     gp, s10, pc + 70
core   0: 3 0x800034a6 (0x05a1c363)
core   0: 0x800034aa (0x5d7b48b7) lui     a7, 0x5d7b4
core   0: 3 0x800034aa (0x5d7b48b7) x17 0x5d7b4000
core   0: 0x800034ae (0x0000717d) c.addi16sp sp, -16
core   0: 3 0x800034ae (0x717d) x 2 0xa5ca5110
core   0: 0x800034b0 (0x0000100f) fence.i
core   0: 3 0x800034b0 (0x0000100f)
core   0: 0x800034b4 (0x00008c41) c.or    s0, s0
core   0: 3 0x800034b4 (0x8c41) x 8 0x00000001
core   0: 0x800034b6 (0x00fec833) xor     a6, t4, a5
core   0: 3 0x800034b6 (0x00fec833) x16 0x0001e06a
core   0: 0x800034ba (0x72dba497) auipc   s1, 0x72dba
core   0: 3 0x800034ba (0x72dba497) x 9 0xf2dbd4ba
core   0: 0x800034be (0x0022df93) srli    t6, t0, 2
core   0: 3 0x800034be (0x0022df93) x31 0x00000000
core   0: 0x800034c2 (0x04ea7263) bgeu    s4, a4, pc + 68
core   0: 3 0x800034c2 (0x04ea7263)
core   0: 0x80003506 (0x0000616d) c.addi16sp sp, 240
core   0: 3 0x80003506 (0x616d) x 2 0xa5ca5200
core   0: 0x80003508 (0x00000001) c.nop
core   0: 3 0x80003508 (0x0001)
core   0: 0x8000350a (0x00bc5db3) srl     s11, s8, a1
core   0: 3 0x8000350a (0x00bc5db3) x27 0x00000000
core   0: 0x8000350e (0x0000c601) c.beqz  a2, pc + 8
core   0: 3 0x8000350e (0xc601)
core   0: 0x80003516 (0x0372d4b3) divu    s1, t0, s7
core   0: 3 0x80003516 (0x0372d4b3) x 9 0x00000000
core   0: 0x8000351a (0x0000717d) c.addi16sp sp, -16
core   0: 3 0x8000351a (0x717d) x 2 0xa5ca51f0
core   0: 0x8000351c (0x00000755) c.addi  a4, 21
core   0: 3 0x8000351c (0x0755) x14 0x00000016
core   0: 0x8000351e (0x00c06433) or      s0, zero, a2
core   0: 3 0x8000351e (0x00c06433) x 8 0x00000000
core   0: 0x80003522 (0x41d900b3) sub     ra, s2, t4
core   0: 3 0x80003522 (0x41d900b3) x 1 0xfffe2000
core   0: 0x80003526 (0x019bdf33) srl     t5, s7, s9
core   0: 3 0x80003526 (0x019bdf33) x30 0x00008000
core   0: 0x8000352a (0x00008edd) c.or    a3, a5
core   0: 3 0x8000352a (0x8edd) x13 0xffffffea
core   0: 0x8000352c (0x00b15ab3) srl     s5, sp, a1
core   0: 3 0x8000352c (0x00b15ab3) x21 0x0a5ca51f
core   0: 0x80003530 (0x00006b59) c.lui   s6, 0x16
core   0: 3 0x80003530 (0x6b59) x22 0x00016000
core   0: 0x80003532 (0x03243db3) mulhu   s11, s0, s2
core   0: 3 0x80003532 (0x03243db3) x27 0x00000000
core   0: 0x80003536 (0x0048ae33) slt     t3, a7, tp
core   0: 3 0x80003536 (0x0048ae33) x28 0x00000000
core   0: 0x8000353a (0x01c6cbb3) xor     s7, a3, t3
core   0: 3 0x8000353a (0x01c6cbb3) x23 0xffffffea
core   0: 0x8000353e (0x00d53c33) sltu    s8, a0, a3
core   0: 3 0x8000353e (0x00d53c33) x24 0x00000001
core   0: 0x80003542 (0x01807333) and     t1, zero, s8
core   0: 3 0x80003542 (0x01807333) x 6 0x00000000
core   0: 0x80003546 (0x03a5b8b3) mulhu   a7, a1, s10
core   0: 3 0x80003546 (0x03a5b8b3) x17 0x00000000
core   0: 0x8000354a (0x0000eb85) c.bnez  a5, pc + 48
core   0: 3 0x8000354a (0xeb85)
core   0: 0x8000357a (0x000087ed) c.srai  a5, 27
core   0: 3 0x8000357a (0x87ed) x15 0x00000000
core   0: 0x8000357c (0x011d4633) xor     a2, s10, a7
core   0: 3 0x8000357c (0x011d4633) x12 0x00000000
core   0: 0x80003580 (0x0000c3a1) c.beqz  a5, pc + 64
core   0: 3 0x80003580 (0xc3a1)
core   0: 0x800035c0 (0x00cf8263) beq     t6, a2, pc + 4
core   0: 3 0x800035c0 (0x00cf8263)
core   0: 0x800035c4 (0x035b5563) bge     s6, s5, pc + 42
core   0: 3 0x800035c4 (0x035b5563)
core   0: 0x800035c8 (0x00d66db3) or      s11, a2, a3
core   0: 3 0x800035c8 (0x00d66db3) x27 0xffffffea
core   0: 0x800035cc (0x0000717d) c.addi16sp sp, -16
core   0: 3 0x800035cc (0x717d) x 2 0xa5ca51e0
core   0: 0x800035ce (0x8bc3ca93) xori    s5, t2, -1860
core   0: 3 0x800035ce (0x8bc3ca93) x21 0xfffff8bd
core   0: 0x800035d2 (0x0073a033) slt     zero, t2, t2
core   0: 3 0x800035d2 (0x0073a033)
core   0: 0x800035d6 (0x0177e433) or      s0, a5, s7
core   0: 3 0x800035d6 (0x0177e433) x 8 0xffffffea
core   0: 0x800035da (0x0343e133) rem     sp, t2, s4
core   0: 3 0x800035da (0x0343e133) x 2 0x00000000
core   0: 0x800035de (0x00cd1d63) bne     s10, a2, pc + 26
core   0: 3 0x800035de (0x00cd1d63)
core   0: 0x800035e2 (0x00001a7d) c.addi  s4, -1
core   0: 3 0x800035e2 (0x1a7d) x20 0x00000000
core   0: 0x800035e4 (0x0ff0000f) fence   iorw,iorw
core   0: 3 0x800035e4 (0x0ff0000f)
core   0: 0x800035e8 (0x03e869b3) rem     s3, a6, t5
core   0: 3 0x800035e8 (0x03e869b3) x19 0x0000606a
core   0: 0x800035ec (0x00008211) c.srli  a2, 4
core   0: 3 0x800035ec (0x8211) x12 0x00000000
core   0: 0x800035ee (0x00008e79) c.and   a2, a4
core   0: 3 0x800035ee (0x8e79) x12 0x00000000
core   0: 0x800035f0 (0x416b0cb3) sub     s9, s6, s6
core   0: 3 0x800035f0 (0x416b0cb3) x25 0x00000000
core   0: 0x800035f4 (0x01afca63) blt     t6, s10, pc + 20
core   0: 3 0x800035f4 (0x01afca63)
core   0: 0x800035f8 (0x005824b3) slt     s1, a6, t0
core   0: 3 0x800035f8 (0x005824b3) x 9 0x00000000
core   0: 0x800035fc (0x000083bd) c.srli  a5, 15
core   0: 3 0x800035fc (0x83bd) x15 0x00000000
core   0: 0x800035fe (0x013cbcb3) sltu    s9, s9, s3
core   0: 3 0x800035fe (0x013cbcb3) x25 0x00000001
core   0: 0x80003602 (0x00008e81) c.sub   a3, s0
core   0: 3 0x80003602 (0x8e81) x13 0x00000000
core   0: 0x80003604 (0xad803fb7) lui     t6, 0xad803
core   0: 3 0x80003604 (0xad803fb7) x31 0xad803000
core   0: 0x80003608 (0x000cd2b3) srl     t0, s9, zero
core   0: 3 0x80003608 (0x000cd2b3) x 5 0x00000001
core   0: 0x8000360c (0x41f28a33) sub     s4, t0, t6
core   0: 3 0x8000360c (0x41f28a33) x20 0x527fd001
core   0: 0x80003610 (0x006f1563) bne     t5, t1, pc + 10
core   0: 3 0x80003610 (0x006f1563)
core   0: 0x8000361a (0x0281b933) mulhu   s2, gp, s0
core   0: 3 0x8000361a (0x0281b933) x18 0x00000000
core   0: 0x8000361e (0x410cd2b3) sra     t0, s9, a6
core   0: 3 0x8000361e (0x410cd2b3) x 5 0x00000000
core   0: 0x80003622 (0x02346b63) bltu    s0, gp, pc + 54
core   0: 3 0x80003622 (0x02346b63)
core   0: 0x80003626 (0x0000100f) fence.i
core   0: 3 0x80003626 (0x0000100f)
core   0: 0x8000362a (0x03866a33) rem     s4, a2, s8
core   0: 3 0x8000362a (0x03866a33) x20 0x00000000
core   0: 0x8000362e (0x000089e6) c.mv    s3, s9
core   0: 3 0x8000362e (0x89e6) x19 0x00000001
core   0: 0x80003630 (0x00987c33) and     s8, a6, s1
core   0: 3 0x80003630 (0x00987c33) x24 0x00000000
core   0: 0x80003634 (0x41cc5433) sra     s0, s8, t3
core   0: 3 0x80003634 (0x41cc5433) x 8 0x00000000
core   0: 0x80003638 (0x00009a36) c.add   s4, a3
core   0: 3 0x80003638 (0x9a36) x20 0x00000000
core   0: 0x8000363a (0xafac6717) auipc   a4, 0xafac6
core   0: 3 0x8000363a (0xafac6717) x14 0x2fac963a
core   0: 0x8000363e (0x40915113) srai    sp, sp, 9
core   0: 3 0x8000363e (0x40915113) x 2 0x00000000
core   0: 0x80003642 (0x007bd363) bge     s7, t2, pc + 6
core   0: 3 0x80003642 (0x007bd363)
core   0: 0x80003646 (0x00001d00) c.addi4spn s0, sp, 688
core   0: 3 0x80003646 (0x1d00) x 8 0x000002b0
core   0: 0x80003648 (0x02e5a033) mulhsu  zero, a1, a4
core   0: 3 0x80003648 (0x02e5a033)
core   0: 0x8000364c (0x01e84a63) blt     a6, t5, pc + 20
core   0: 3 0x8000364c (0x01e84a63)
core   0: 0x80003650 (0x00cb7463) bgeu    s6, a2, pc + 8
core   0: 3 0x80003650 (0x00cb7463)
core   0: 0x80003658 (0x003f3b33) sltu    s6, t5, gp
core   0: 3 0x80003658 (0x003f3b33) x22 0x00000000
core   0: 0x8000365c (0x0000100f) fence.i
core   0: 3 0x8000365c (0x0000100f)
core   0: 0x80003660 (0x0ff0000f) fence   iorw,iorw
core   0: 3 0x80003660 (0x0ff0000f)
core   0: 0x80003664 (0x37740013) addi    zero, s0, 887
core   0: 3 0x80003664 (0x37740013)
core   0: 0x80003668 (0x00a5ffb3) and     t6, a1, a0
core   0: 3 0x80003668 (0x00a5ffb3) x31 0x80022c64
core   0: 0x8000366c (0x01198093) addi    ra, s3, 17
core   0: 3 0x8000366c (0x01198093) x 1 0x00000012
core   0: 0x80003670 (0x03a8beb3) mulhu   t4, a7, s10
core   0: 3 0x80003670 (0x03a8beb3) x29 0x00000000
core   0: 0x80003674 (0x0000e09d) c.bnez  s1, pc + 38
core   0: 3 0x80003674 (0xe09d)
core   0: 0x80003676 (0x3e70a893) slti    a7, ra, 999
core   0: 3 0x80003676 (0x3e70a893) x17 0x00000001
core   0: 0x8000367a (0x2a61ed93) ori     s11, gp, 678
core   0: 3 0x8000367a (0x2a61ed93) x27 0x000002a7
core   0: 0x8000367e (0x00e65cb3) srl     s9, a2, a4
core   0: 3 0x8000367e (0x00e65cb3) x25 0x00000000
core   0: 0x80003682 (0xeb5d7d13) andi    s10, s10, -331
core   0: 3 0x80003682 (0xeb5d7d13) x26 0x00000000
core   0: 0x80003686 (0x00008ec5) c.or    a3, s1
core   0: 3 0x80003686 (0x8ec5) x13 0x00000000
core   0: 0x80003688 (0x00009b46) c.add   s6, a7
core   0: 3 0x80003688 (0x9b46) x22 0x00000001
core   0: 0x8000368a (0x0000100f) fence.i
core   0: 3 0x8000368a (0x0000100f)
core   0: 0x8000368e (0x0000877d) c.srai  a4, 31
core   0: 3 0x8000368e (0x877d) x14 0x00000000
core   0: 0x80003690 (0x50d40393) addi    t2, s0, 1293
core   0: 3 0x80003690 (0x50d40393) x 7 0x000007bd
core   0: 0x80003694 (0x0280a133) mulhsu  sp, ra, s0
core   0: 3 0x80003694 (0x0280a133) x 2 0x00000000
core   0: 0x80003698 (0x00008ed5) c.or    a3, a3
core   0: 3 0x80003698 (0x8ed5) x13 0x00000000
core   0: 0x8000369a (0x00000001) c.nop
core   0: 3 0x8000369a (0x0001)
core   0: 0x8000369c (0x99dd4837) lui     a6, 0x99dd4
core   0: 3 0x8000369c (0x99dd4837) x16 0x99dd4000
core   0: 0x800036a0 (0x414309b3) sub     s3, t1, s4
core   0: 3 0x800036a0 (0x414309b3) x19 0x00000000
core   0: 0x800036a4 (0x0000637d) c.lui   t1, 0x1f
core   0: 3 0x800036a4 (0x637d) x 6 0x0001f000
core   0: 0x800036a6 (0x0154c033) xor     zero, s1, s5
core   0: 3 0x800036a6 (0x0154c033)
core   0: 0x800036aa (0x29fa7ab7) lui     s5, 0x29fa7
core   0: 3 0x800036aa (0x29fa7ab7) x21 0x29fa7000
core   0: 0x800036ae (0x0ff0000f) fence   iorw,iorw
core   0: 3 0x800036ae (0x0ff0000f)
core   0: 0x800036b2 (0x01b15c93) srli    s9, sp, 27
core   0: 3 0x800036b2 (0x01b15c93) x25 0x00000000
core   0: 0x800036b6 (0x028a51b3) divu    gp, s4, s0
core   0: 3 0x800036b6 (0x028a51b3) x 3 0x00000000
core   0: 0x800036ba (0x000087e9) c.srai  a5, 26
core   0: 3 0x800036ba (0x87e9) x15 0x00000000
core   0: 0x800036bc (0x0000969e) c.add   a3, t2
core   0: 3 0x800036bc (0x969e) x13 0x000007bd
core   0: 0x800036be (0x00457333) and     t1, a0, tp
core   0: 3 0x800036be (0x00457333) x 6 0x00000000
core   0: 0x800036c2 (0x0000100f) fence.i
core   0: 3 0x800036c2 (0x0000100f)
core   0: 0x800036c6 (0x0296e1b3) rem     gp, a3, s1
core   0: 3 0x800036c6 (0x0296e1b3) x 3 0x000007bd
core   0: 0x800036ca (0x03b17bb3) remu    s7, sp, s11
core   0: 3 0x800036ca (0x03b17bb3) x23 0x00000000
core   0: 0x800036ce (0x00001b9c) c.addi4spn a5, sp, 496
core   0: 3 0x800036ce (0x1b9c) x15 0x000001f0
core   0: 0x800036d0 (0x00008fe9) c.and   a5, a0
core   0: 3 0x800036d0 (0x8fe9) x15 0x00000060
core   0: 0x800036d2 (0x00008f4d) c.or    a4, a1
core   0: 3 0x800036d2 (0x8f4d) x14 0x80026ce4
core   0: 0x800036d4 (0x03eb8a63) beq     s7, t5, pc + 52
core   0: 3 0x800036d4 (0x03eb8a63)
core   0: 0x800036d8 (0x5df83413) sltiu   s0, a6, 1503
core   0: 3 0x800036d8 (0x5df83413) x 8 0x00000000
core   0: 0x800036dc (0x00484663) blt     a6, tp, pc + 12
core   0: 3 0x800036dc (0x00484663)
core   0: 0x800036e8 (0x00000765) c.addi  a4, 25
core   0: 3 0x800036e8 (0x0765) x14 0x80026cfd
core   0: 0x800036ea (0x0000ef1d) c.bnez  a4, pc + 62
core   0: 3 0x800036ea (0xef1d)
core   0: 0x80003728 (0x0340f663) bgeu    ra, s4, pc + 44
core   0: 3 0x80003728 (0x0340f663)
core   0: 0x80003754 (0x01ce9763) bne     t4, t3, pc + 14
core   0: 3 0x80003754 (0x01ce9763)
core   0: 0x80003758 (0x00008f6d) c.and   a4, a1
core   0: 3 0x80003758 (0x8f6d) x14 0x80026ce4
core   0: 0x8000375a (0x002972b3) and     t0, s2, sp
core   0: 3 0x8000375a (0x002972b3) x 5 0x00000000
core   0: 0x8000375e (0x03c3f063) bgeu    t2, t3, pc + 32
core   0: 3 0x8000375e (0x03c3f063)
core   0: 0x8000377e (0x00008cad) c.xor   s1, a1
core   0: 3 0x8000377e (0x8cad) x 9 0x80026ce4
core   0: 0x80003780 (0x000007fe) c.slli  a5, 31
core   0: 3 0x80003780 (0x07fe) x15 0x00000000
core   0: 0x80003782 (0x050f8263) beq     t6, a6, pc + 68
core   0: 3 0x80003782 (0x050f8263)
core   0: 0x80003786 (0x032e66b3) rem     a3, t3, s2
core   0: 3 0x80003786 (0x032e66b3) x13 0x00000000
core   0: 0x8000378a (0xbf100f13) li      t5, -1039
core   0: 3 0x8000378a (0xbf100f13) x30 0xfffffbf1
core   0: 0x8000378e (0x02ea5033) divu    zero, s4, a4
core   0: 3 0x8000378e (0x02ea5033)
core   0: 0x80003792 (0x01659193) slli    gp, a1, 22
core   0: 3 0x80003792 (0x01659193) x 3 0x39000000
core   0: 0x80003796 (0x0372f3b3) remu    t2, t0, s7
core   0: 3 0x80003796 (0x0372f3b3) x 7 0x00000000
core   0: 0x8000379a (0x00000135) c.addi  sp, 13
core   0: 3 0x8000379a (0x0135) x 2 0x0000000d
core   0: 0x8000379c (0x00197363) bgeu    s2, ra, pc + 6
core   0: 3 0x8000379c (0x00197363)
core   0: 0x800037a0 (0x00008c89) c.sub   s1, a0
core   0: 3 0x800037a0 (0x8c89) x 9 0x00003e80
core   0: 0x800037a2 (0x9cf39a97) auipc   s5, 0x9cf39
core   0: 3 0x800037a2 (0x9cf39a97) x21 0x1cf3c7a2
core   0: 0x800037a6 (0x02e92d33) mulhsu  s10, s2, a4
core   0: 3 0x800037a6 (0x02e92d33) x26 0x00000000
core   0: 0x800037aa (0x0000587d) c.li    a6, -1
core   0: 3 0x800037aa (0x587d) x16 0xffffffff
core   0: 0x800037ac (0x03c1f7b3) remu    a5, gp, t3
core   0: 3 0x800037ac (0x03c1f7b3) x15 0x39000000
core   0: 0x800037b0 (0x00008e05) c.sub   a2, s1
core   0: 3 0x800037b0 (0x8e05) x12 0xffffc180
core   0: 0x800037b2 (0x01b8c363) blt     a7, s11, pc + 6
core   0: 3 0x800037b2 (0x01b8c363)
core   0: 0x800037b8 (0x27e13893) sltiu   a7, sp, 638
core   0: 3 0x800037b8 (0x27e13893) x17 0x00000001
core   0: 0x800037bc (0x0341beb3) mulhu   t4, gp, s4
core   0: 3 0x800037bc (0x0341beb3) x29 0x00000000
core   0: 0x800037c0 (0x00008abd) c.andi  a3, 15
core   0: 3 0x800037c0 (0x8abd) x13 0x00000000
core   0: 0x800037c2 (0x7ade7197) auipc   gp, 0x7ade7
core   0: 3 0x800037c2 (0x7ade7197) x 3 0xfadea7c2
core   0: 0x800037c6 (0x06d84193) xori    gp, a6, 109
core   0: 3 0x800037c6 (0x06d84193) x 3 0xffffff92
core   0: 0x800037ca (0x7a906f93) ori     t6, zero, 1961
core   0: 3 0x800037ca (0x7a906f93) x31 0x000007a9
core   0: 0x800037ce (0x0225f4b3) remu    s1, a1, sp
core   0: 3 0x800037ce (0x0225f4b3) x 9 0x00000008
core   0: 0x800037d2 (0x0ff0000f) fence   iorw,iorw
core   0: 3 0x800037d2 (0x0ff0000f)
core   0: 0x800037d6 (0x000017fd) c.addi  a5, -1
core   0: 3 0x800037d6 (0x17fd) x15 0x38ffffff
core   0: 0x800037d8 (0x0165ea13) ori     s4, a1, 22
core   0: 3 0x800037d8 (0x0165ea13) x20 0x80026cf6
core   0: 0x800037dc (0x00000001) c.nop
core   0: 3 0x800037dc (0x0001)
core   0: 0x800037de (0x006c7f33) and     t5, s8, t1
core   0: 3 0x800037de (0x006c7f33) x30 0x00000000
core   0: 0x800037e2 (0x00006f75) c.lui   t5, 0x1d
core   0: 3 0x800037e2 (0x6f75) x30 0x0001d000
core   0: 0x800037e4 (0x41c05f13) srai    t5, zero, 28
core   0: 3 0x800037e4 (0x41c05f13) x30 0x00000000
core   0: 0x800037e8 (0x6a723613) sltiu   a2, tp, 1703
core   0: 3 0x800037e8 (0x6a723613) x12 0x00000001
core   0: 0x800037ec (0x00c596b3) sll     a3, a1, a2
core   0: 3 0x800037ec (0x00c596b3) x13 0x0004d9c8
core   0: 0x800037f0 (0x03f25163) bge     tp, t6, pc + 34
core   0: 3 0x800037f0 (0x03f25163)
core   0: 0x800037f4 (0x00008cb5) c.xor   s1, a3
core   0: 3 0x800037f4 (0x8cb5) x 9 0x0004d9c0
core   0: 0x800037f6 (0x02a5a1b3) mulhsu  gp, a1, a0
core   0: 3 0x800037f6 (0x02a5a1b3) x 3 0xc0001f45
core   0: 0x800037fa (0x0110e2b3) or      t0, ra, a7
core   0: 3 0x800037fa (0x0110e2b3) x 5 0x00000013
core   0: 0x800037fe (0x00009bfd) c.andi  a5, -1
core   0: 3 0x800037fe (0x9bfd) x15 0x38ffffff
core   0: 0x80003800 (0x03086f63) bltu    a6, a6, pc + 62
core   0: 3 0x80003800 (0x03086f63)
core   0: 0x80003804 (0x2d578c13) addi    s8, a5, 725
core   0: 3 0x80003804 (0x2d578c13) x24 0x390002d4
core   0: 0x80003808 (0xe05d6d13) ori     s10, s10, -507
core   0: 3 0x80003808 (0xe05d6d13) x26 0xfffffe05
core   0: 0x8000380c (0x2cdbe013) ori     zero, s7, 717
core   0: 3 0x8000380c (0x2cdbe013)
core   0: 0x80003810 (0x00006b9d) c.lui   s7, 0x7
core   0: 3 0x80003810 (0x6b9d) x23 0x00007000
core   0: 0x80003812 (0x0287fa63) bgeu    a5, s0, pc + 52
core   0: 3 0x80003812 (0x0287fa63)
core   0: 0x80003846 (0x00008ff9) c.and   a5, a4
core   0: 3 0x80003846 (0x8ff9) x15 0x00026ce4
core   0: 0x80003848 (0x0235e3b3) rem     t2, a1, gp
core   0: 3 0x80003848 (0x0235e3b3) x 7 0xc0024d9f
core   0: 0x8000384c (0x0000836d) c.srli  a4, 27
core   0: 3 0x8000384c (0x836d) x14 0x00000010
core   0: 0x8000384e (0x01325f63) bge     tp, s3, pc + 30
core   0: 3 0x8000384e (0x01325f63)
core   0: 0x8000386c (0x00008065) c.srli  s0, 25
core   0: 3 0x8000386c (0x8065) x 8 0x00000000
core   0: 0x8000386e (0x000081ba) c.mv    gp, a4
core   0: 3 0x8000386e (0x81ba) x 3 0x00000010
core   0: 0x80003870 (0x00961d93) slli    s11, a2, 9
core   0: 3 0x80003870 (0x00961d93) x27 0x00000200
core   0: 0x80003874 (0x71e76f13) ori     t5, a4, 1822
core   0: 3 0x80003874 (0x71e76f13) x30 0x0000071e
core   0: 0x80003878 (0xc96aea93) ori     s5, s5, -874
core   0: 3 0x80003878 (0xc96aea93) x21 0xffffffb6
core   0: 0x8000387c (0x0000100f) fence.i
core   0: 3 0x8000387c (0x0000100f)
core   0: 0x80003880 (0x022b0263) beq     s6, sp, pc + 36
core   0: 3 0x80003880 (0x022b0263)
core   0: 0x80003884 (0x00008c85) c.sub   s1, s1
core   0: 3 0x80003884 (0x8c85) x 9 0x00000000
core   0: 0x80003886 (0x00008e6d) c.and   a2, a1
core   0: 3 0x80003886 (0x8e6d) x12 0x00000000
core   0: 0x80003888 (0x000004a1) c.addi  s1, 8
core   0: 3 0x80003888 (0x04a1) x 9 0x00000008
core   0: 0x8000388a (0x03f261b3) rem     gp, tp, t6
core   0: 3 0x8000388a (0x03f261b3) x 3 0x00000000
core   0: 0x8000388e (0x00005c7d) c.li    s8, -1
core   0: 3 0x8000388e (0x5c7d) x24 0xffffffff
core   0: 0x80003890 (0x000682b3) add     t0, a3, zero
core   0: 3 0x80003890 (0x000682b3) x 5 0x0004d9c8
core   0: 0x80003894 (0x40f25933) sra     s2, tp, a5
core   0: 3 0x80003894 (0x40f25933) x18 0x00000000
core   0: 0x80003898 (0x00000929) c.addi  s2, 10
core   0: 3 0x80003898 (0x0929) x18 0x0000000a
core   0: 0x8000389a (0x41845033) sra     zero, s0, s8
core   0: 3 0x8000389a (0x41845033)
core   0: 0x8000389e (0x000013fd) c.addi  t2, -1
core   0: 3 0x8000389e (0x13fd) x 7 0xc0024d9e
core   0: 0x800038a0 (0x033a42b3) div     t0, s4, s3
core   0: 3 0x800038a0 (0x033a42b3) x 5 0xffffffff
core   0: 0x800038a4 (0x020b1963) bnez    s6, pc + 50
core   0: 3 0x800038a4 (0x020b1963)
core   0: 0x800038d6 (0x015b47b3) xor     a5, s6, s5
core   0: 3 0x800038d6 (0x015b47b3) x15 0xffffffb7
core   0: 0x800038da (0x00145d13) srli    s10, s0, 1
core   0: 3 0x800038da (0x00145d13) x26 0x00000000
core   0: 0x800038de (0x0044a133) slt     sp, s1, tp
core   0: 3 0x800038de (0x0044a133) x 2 0x00000000
core   0: 0x800038e2 (0x02928f33) mul     t5, t0, s1
core   0: 3 0x800038e2 (0x02928f33) x30 0xfffffff8
core   0: 0x800038e6 (0x00008c59) c.or    s0, a4
core   0: 3 0x800038e6 (0x8c59) x 8 0x00000010
core   0: 0x800038e8 (0x018049b3) xor     s3, zero, s8
core   0: 3 0x800038e8 (0x018049b3) x19 0xffffffff
core   0: 0x800038ec (0x0332b3b3) mulhu   t2, t0, s3
core   0: 3 0x800038ec (0x0332b3b3) x 7 0xfffffffe
core   0: 0x800038f0 (0x01411263) bne     sp, s4, pc + 4
core   0: 3 0x800038f0 (0x01411263)
core   0: 0x800038f4 (0x018fdab3) srl     s5, t6, s8
core   0: 3 0x800038f4 (0x018fdab3) x21 0x00000000
core   0: 0x800038f8 (0x0393e1b3) rem     gp, t2, s9
core   0: 3 0x800038f8 (0x0393e1b3) x 3 0xfffffffe
core   0: 0x800038fc (0x01809493) slli    s1, ra, 24
core   0: 3 0x800038fc (0x01809493) x 9 0x12000000
core   0: 0x80003900 (0x03eab2b3) mulhu   t0, s5, t5
core   0: 3 0x80003900 (0x03eab2b3) x 5 0x00000000
core   0: 0x80003904 (0x02221563) bne     tp, sp, pc + 42
core   0: 3 0x80003904 (0x02221563)
core   0: 0x80003908 (0x8e74e493) ori     s1, s1, -1817
core   0: 3 0x80003908 (0x8e74e493) x 9 0xfffff8e7
core   0: 0x8000390c (0x0000e20d) c.bnez  a2, pc + 34
core   0: 3 0x8000390c (0xe20d)
core   0: 0x8000390e (0x00001080) c.addi4spn s0, sp, 96
core   0: 3 0x8000390e (0x1080) x 8 0x00000060
core   0: 0x80003910 (0x0001b633) sltu    a2, gp, zero
core   0: 3 0x80003910 (0x0001b633) x12 0x00000000
core   0: 0x80003914 (0x01763033) sltu    zero, a2, s7
core   0: 3 0x80003914 (0x01763033)
core   0: 0x80003918 (0x03749eb3) mulh    t4, s1, s7
core   0: 3 0x80003918 (0x03749eb3) x29 0xffffffff
core   0: 0x8000391c (0x02571bb3) mulh    s7, a4, t0
core   0: 3 0x8000391c (0x02571bb3) x23 0x00000000
core   0: 0x80003920 (0x00008cb9) c.xor   s1, a4
core   0: 3 0x80003920 (0x8cb9) x 9 0xfffff8f7
core   0: 0x80003922 (0x04d78363) beq     a5, a3, pc + 70
core   0: 3 0x80003922 (0x04d78363)
core   0: 0x80003926 (0x4415f413) andi    s0, a1, 1089
core   0: 3 0x80003926 (0x4415f413) x 8 0x00000440
core   0: 0x8000392a (0x03dc6833) rem     a6, s8, t4
core   0: 3 0x8000392a (0x03dc6833) x16 0x00000000
core   0: 0x8000392e (0x03e63933) mulhu   s2, a2, t5
core   0: 3 0x8000392e (0x03e63933) x18 0x00000000
core   0: 0x80003932 (0x0000833a) c.mv    t1, a4
core   0: 3 0x80003932 (0x833a) x 6 0x00000010
core   0: 0x80003934 (0x04f21363) bne     tp, a5, pc + 70
core   0: 3 0x80003934 (0x04f21363)
core   0: 0x8000397a (0x006098b3) sll     a7, ra, t1
core   0: 3 0x8000397a (0x006098b3) x17 0x00120000
core   0: 0x8000397e (0x00008ef5) c.and   a3, a3
core   0: 3 0x8000397e (0x8ef5) x13 0x0004d9c8
core   0: 0x80003980 (0x00000001) c.nop
core   0: 3 0x80003980 (0x0001)
core   0: 0x80003982 (0x405dd433) sra     s0, s11, t0
core   0: 3 0x80003982 (0x405dd433) x 8 0x00000200
core   0: 0x80003986 (0x000087d9) c.srai  a5, 22
core   0: 3 0x80003986 (0x87d9) x15 0xffffffff
core   0: 0x80003988 (0x001e9db3) sll     s11, t4, ra
core   0: 3 0x80003988 (0x001e9db3) x27 0xfffc0000
core   0: 0x8000398c (0x02da5563) bge     s4, a3, pc + 42
core   0: 3 0x8000398c (0x02da5563)
core   0: 0x80003990 (0xb1886f93) ori     t6, a6, -1256
core   0: 3 0x80003990 (0xb1886f93) x31 0xfffffb18
core   0: 0x80003994 (0x000006d6) c.slli  a3, 21
core   0: 3 0x80003994 (0x06d6) x13 0x39000000
core   0: 0x80003996 (0x00006979) c.lui   s2, 0x1e
core   0: 3 0x80003996 (0x6979) x18 0x0001e000
core   0: 0x80003998 (0x0216e8b3) rem     a7, a3, ra
core   0: 3 0x80003998 (0x0216e8b3) x17 0x0000000c
core   0: 0x8000399c (0x00a9dc33) srl     s8, s3, a0
core   0: 3 0x8000399c (0x00a9dc33) x24 0x0fffffff
core   0: 0x800039a0 (0x025b3733) mulhu   a4, s6, t0
core   0: 3 0x800039a0 (0x025b3733) x14 0x00000000
core   0: 0x800039a4 (0x0000615d) c.addi16sp sp, 432
core   0: 3 0x800039a4 (0x615d) x 2 0x000001b0
core   0: 0x800039a6 (0x40b189b3) sub     s3, gp, a1
core   0: 3 0x800039a6 (0x40b189b3) x19 0x7ffd931a
core   0: 0x800039aa (0x0277fcb3) remu    s9, a5, t2
core   0: 3 0x800039aa (0x0277fcb3) x25 0x00000001
core   0: 0x800039ae (0x002594b3) sll     s1, a1, sp
core   0: 3 0x800039ae (0x002594b3) x 9 0x6ce40000
core   0: 0x800039b2 (0x00009d72) c.add   s10, t3
core   0: 3 0x800039b2 (0x9d72) x26 0x00000000
core   0: 0x800039b4 (0x00000636) c.slli  a2, 13
core   0: 3 0x800039b4 (0x0636) x12 0x00000000
core   0: 0x800039b6 (0x0210f833) remu    a6, ra, ra
core   0: 3 0x800039b6 (0x0210f833) x16 0x00000000
core   0: 0x800039ba (0x4003d8b3) sra     a7, t2, zero
core   0: 3 0x800039ba (0x4003d8b3) x17 0xfffffffe
core   0: 0x800039be (0x028f5e33) divu    t3, t5, s0
core   0: 3 0x800039be (0x028f5e33) x28 0x007fffff
core   0: 0x800039c2 (0x034c1933) mulh    s2, s8, s4
core   0: 3 0x800039c2 (0x034c1933) x18 0xf80026cf
core   0: 0x800039c6 (0x03d420b3) mulhsu  ra, s0, t4
core   0: 3 0x800039c6 (0x03d420b3) x 1 0x000001ff
core   0: 0x800039ca (0x00369ab3) sll     s5, a3, gp
core   0: 3 0x800039ca (0x00369ab3) x21 0x00000000
core   0: 0x800039ce (0x23cfcc13) xori    s8, t6, 572
core   0: 3 0x800039ce (0x23cfcc13) x24 0xfffff924
core   0: 0x800039d2 (0x0000147d) c.addi  s0, -1
core   0: 3 0x800039d2 (0x147d) x 8 0x000001ff
core   0: 0x800039d4 (0x000080a5) c.srli  s1, 9
core   0: 3 0x800039d4 (0x80a5) x 9 0x00367200
core   0: 0x800039d6 (0x0000c019) c.beqz  s0, pc + 6
core   0: 3 0x800039d6 (0xc019)
core   0: 0x800039d8 (0x02ae8693) addi    a3, t4, 42
core   0: 3 0x800039d8 (0x02ae8693) x13 0x00000029
core   0: 0x800039dc (0xd12c0b93) addi    s7, s8, -750
core   0: 3 0x800039dc (0xd12c0b93) x23 0xfffff636
core   0: 0x800039e0 (0x006d9b13) slli    s6, s11, 6
core   0: 3 0x800039e0 (0x006d9b13) x22 0xff000000
core   0: 0x800039e4 (0x0000717d) c.addi16sp sp, -16
core   0: 3 0x800039e4 (0x717d) x 2 0x000001a0
core   0: 0x800039e6 (0x0000c491) c.beqz  s1, pc + 12
core   0: 3 0x800039e6 (0xc491)
core   0: 0x800039e8 (0xdf692913) slti    s2, s2, -522
core   0: 3 0x800039e8 (0xdf692913) x18 0x00000001
core   0: 0x800039ec (0x00e6fdb3) and     s11, a3, a4
core   0: 3 0x800039ec (0x00e6fdb3) x27 0x00000000
core   0: 0x800039f0 (0x0000849d) c.srai  s1, 7
core   0: 3 0x800039f0 (0x849d) x 9 0x00006ce4
core   0: 0x800039f2 (0x02209f63) bne     ra, sp, pc + 62
core   0: 3 0x800039f2 (0x02209f63)
core   0: 0x80003a30 (0x0000804d) c.srli  s0, 19
core   0: 3 0x80003a30 (0x804d) x 8 0x00000000
core   0: 0x80003a32 (0x017176b3) and     a3, sp, s7
core   0: 3 0x80003a32 (0x017176b3) x13 0x00000020
core   0: 0x80003a36 (0x419ad1b3) sra     gp, s5, s9
core   0: 3 0x80003a36 (0x419ad1b3) x 3 0x00000000
core   0: 0x80003a3a (0x01d0eb33) or      s6, ra, t4
core   0: 3 0x80003a3a (0x01d0eb33) x22 0xffffffff
core   0: 0x80003a3e (0x004c73b3) and     t2, s8, tp
core   0: 3 0x80003a3e (0x004c73b3) x 7 0x00000000
core   0: 0x80003a42 (0x0038f7b3) and     a5, a7, gp
core   0: 3 0x80003a42 (0x0038f7b3) x15 0x00000000
core   0: 0x80003a46 (0x00000001) c.nop
core   0: 3 0x80003a46 (0x0001)
core   0: 0x80003a48 (0x009074b3) and     s1, zero, s1
core   0: 3 0x80003a48 (0x009074b3) x 9 0x00000000
core   0: 0x80003a4c (0x00008ffd) c.and   a5, a5
core   0: 3 0x80003a4c (0x8ffd) x15 0x00000000
core   0: 0x80003a4e (0x75f12813) slti    a6, sp, 1887
core   0: 3 0x80003a4e (0x75f12813) x16 0x00000001
core   0: 0x80003a52 (0x02b78863) beq     a5, a1, pc + 48
core   0: 3 0x80003a52 (0x02b78863)
core   0: 0x80003a56 (0x7a8c4c17) auipc   s8, 0x7a8c4
core   0: 3 0x80003a56 (0x7a8c4c17) x24 0xfa8c7a56
core   0: 0x80003a5a (0x4c3d2693) slti    a3, s10, 1219
core   0: 3 0x80003a5a (0x4c3d2693) x13 0x00000001
core   0: 0x80003a5e (0x4192d833) sra     a6, t0, s9
core   0: 3 0x80003a5e (0x4192d833) x16 0x00000000
core   0: 0x80003a62 (0x00cb4433) xor     s0, s6, a2
core   0: 3 0x80003a62 (0x00cb4433) x 8 0xffffffff
core   0: 0x80003a66 (0x03a51733) mulh    a4, a0, s10
core   0: 3 0x80003a66 (0x03a51733) x14 0x00000000
core   0: 0x80003a6a (0x0ff0000f) fence   iorw,iorw
core   0: 3 0x80003a6a (0x0ff0000f)
core   0: 0x80003a6e (0x0000009c) c.addi4spn a5, sp, 64
core   0: 3 0x80003a6e (0x009c) x15 0x000001e0
core   0: 0x80003a70 (0x0000100f) fence.i
core   0: 3 0x80003a70 (0x0000100f)
core   0: 0x80003a74 (0x40be5c13) srai    s8, t3, 11
core   0: 3 0x80003a74 (0x40be5c13) x24 0x00000fff
core   0: 0x80003a78 (0x40a65013) srai    zero, a2, 10
core   0: 3 0x80003a78 (0x40a65013)
core   0: 0x80003a7c (0x00001c84) c.addi4spn s1, sp, 624
core   0: 3 0x80003a7c (0x1c84) x 9 0x00000410
core   0: 0x80003a7e (0x23c4e713) ori     a4, s1, 572
core   0: 3 0x80003a7e (0x23c4e713) x14 0x0000063c
core   0: 0x80003a82 (0x02544063) blt     s0, t0, pc + 32
core   0: 3 0x80003a82 (0x02544063)
core   0: 0x80003aa2 (0x2117ba13) sltiu   s4, a5, 529
core   0: 3 0x80003aa2 (0x2117ba13) x20 0x00000001
core   0: 0x80003aa6 (0x01cfd433) srl     s0, t6, t3
core   0: 3 0x80003aa6 (0x01cfd433) x 8 0x00000001
core   0: 0x80003aaa (0x006a9e63) bne     s5, t1, pc + 28
core   0: 3 0x80003aaa (0x006a9e63)
core   0: 0x80003ac6 (0x0506d163) bge     a3, a6, pc + 66
core   0: 3 0x80003ac6 (0x0506d163)
core   0: 0x80003b08 (0x0b88bc93) sltiu   s9, a7, 184
core   0: 3 0x80003b08 (0x0b88bc93) x25 0x00000000
core   0: 0x80003b0c (0x0ff0000f) fence   iorw,iorw
core   0: 3 0x80003b0c (0x0ff0000f)
core   0: 0x80003b10 (0x00006151) c.addi16sp sp, 272
core   0: 3 0x80003b10 (0x6151) x 2 0x000002b0
core   0: 0x80003b12 (0x00008ea9) c.xor   a3, a0
core   0: 3 0x80003b12 (0x8ea9) x13 0x80022e65
core   0: 0x80003b14 (0x0000717d) c.addi16sp sp, -16
core   0: 3 0x80003b14 (0x717d) x 2 0x000002a0
core   0: 0x80003b16 (0x00008685) c.srai  a3, 1
core   0: 3 0x80003b16 (0x8685) x13 0xc0011732
core   0: 0x80003b18 (0x00271613) slli    a2, a4, 2
core   0: 3 0x80003b18 (0x00271613) x12 0x000018f0
core   0: 0x80003b1c (0x2c30c893) xori    a7, ra, 707
core   0: 3 0x80003b1c (0x2c30c893) x17 0x0000033c
core   0: 0x80003b20 (0x019e59b3) srl     s3, t3, s9
core   0: 3 0x80003b20 (0x019e59b3) x19 0x007fffff
core   0: 0x80003b24 (0x02cb54b3) divu    s1, s6, a2
core   0: 3 0x80003b24 (0x02cb54b3) x 9 0x000a4402
core   0: 0x80003b28 (0x02302eb3) mulhsu  t4, zero, gp
core   0: 3 0x80003b28 (0x02302eb3) x29 0x00000000
core   0: 0x80003b2c (0x0000eb95) c.bnez  a5, pc + 52
core   0: 3 0x80003b2c (0xeb95)
core   0: 0x80003b60 (0x03f798b3) mulh    a7, a5, t6
core   0: 3 0x80003b60 (0x03f798b3) x17 0xffffffff
core   0: 0x80003b64 (0x0251c6b3) div     a3, gp, t0
core   0: 3 0x80003b64 (0x0251c6b3) x13 0xffffffff
core   0: 0x80003b68 (0x008db4b3) sltu    s1, s11, s0
core   0: 3 0x80003b68 (0x008db4b3) x 9 0x00000001
core   0: 0x80003b6c (0x006c8f33) add     t5, s9, t1
core   0: 3 0x80003b6c (0x006c8f33) x30 0x00000010
core   0: 0x80003b70 (0x00000001) c.nop
core   0: 3 0x80003b70 (0x0001)
core   0: 0x80003b72 (0x03f36033) rem     zero, t1, t6
core   0: 3 0x80003b72 (0x03f36033)
core   0: 0x80003b76 (0x00008792) c.mv    a5, tp
core   0: 3 0x80003b76 (0x8792) x15 0x00000000
core   0: 0x80003b78 (0x00009afd) c.andi  a3, -1
core   0: 3 0x80003b78 (0x9afd) x13 0xffffffff
core   0: 0x80003b7a (0x01a0c9b3) xor     s3, ra, s10
core   0: 3 0x80003b7a (0x01a0c9b3) x19 0x000001ff
core   0: 0x80003b7e (0x05d54263) blt     a0, t4, pc + 68
core   0: 3 0x80003b7e (0x05d54263)
core   0: 0x80003bc2 (0x3905bf13) sltiu   t5, a1, 912
core   0: 3 0x80003bc2 (0x3905bf13) x30 0x00000000
core   0: 0x80003bc6 (0x7d00cd93) xori    s11, ra, 2000
core   0: 3 0x80003bc6 (0x7d00cd93) x27 0x0000062f
core   0: 0x80003bca (0x0000109c) c.addi4spn a5, sp, 96
core   0: 3 0x80003bca (0x109c) x15 0x00000300
core   0: 0x80003bcc (0x00008cf5) c.and   s1, a3
core   0: 3 0x80003bcc (0x8cf5) x 9 0x00000001
core   0: 0x80003bce (0x0ff0000f) fence   iorw,iorw
core   0: 3 0x80003bce (0x0ff0000f)
core   0: 0x80003bd2 (0x002e02b3) add     t0, t3, sp
core   0: 3 0x80003bd2 (0x002e02b3) x 5 0x0080029f
core   0: 0x80003bd6 (0x01c65e33) srl     t3, a2, t3
core   0: 3 0x80003bd6 (0x01c65e33) x28 0x00000000
core   0: 0x80003bda (0x03fc4663) blt     s8, t6, pc + 44
core   0: 3 0x80003bda (0x03fc4663)
core   0: 0x80003bde (0x05589163) bne     a7, s5, pc + 66
core   0: 3 0x80003bde (0x05589163)
core   0: 0x80003c20 (0x017ddb13) srli    s6, s11, 23
core   0: 3 0x80003c20 (0x017ddb13) x22 0x00000000
core   0: 0x80003c24 (0x020fe1b3) rem     gp, t6, zero
core   0: 3 0x80003c24 (0x020fe1b3) x 3 0xfffffb18
core   0: 0x80003c28 (0x00008f45) c.or    a4, s1
core   0: 3 0x80003c28 (0x8f45) x14 0x0000063d
core   0: 0x80003c2a (0x5203be13) sltiu   t3, t2, 1312
core   0: 3 0x80003c2a (0x5203be13) x28 0x00000001
core   0: 0x80003c2e (0x006f3db3) sltu    s11, t5, t1
core   0: 3 0x80003c2e (0x006f3db3) x27 0x00000001
core   0: 0x80003c32 (0x02256a33) rem     s4, a0, sp
core   0: 3 0x80003c32 (0x02256a33) x20 0xfffffec4
core   0: 0x80003c36 (0x0000100f) fence.i
core   0: 3 0x80003c36 (0x0000100f)
core   0: 0x80003c3a (0x034bf963) bgeu    s7, s4, pc + 50
core   0: 3 0x80003c3a (0x034bf963)
core   0: 0x80003c3e (0x00552eb3) slt     t4, a0, t0
core   0: 3 0x80003c3e (0x00552eb3) x29 0x00000001
core   0: 0x80003c42 (0x000008ee) c.slli  a7, 27
core   0: 3 0x80003c42 (0x08ee) x17 0xf8000000
core   0: 0x80003c44 (0x00008f01) c.sub   a4, s0
core   0: 3 0x80003c44 (0x8f01) x14 0x0000063c
core   0: 0x80003c46 (0x00001d7d) c.addi  s10, -1
core   0: 3 0x80003c46 (0x1d7d) x26 0xffffffff
core   0: 0x80003c48 (0x01828a33) add     s4, t0, s8
core   0: 3 0x80003c48 (0x01828a33) x20 0x0080129e
core   0: 0x80003c4c (0x03ad0763) beq     s10, s10, pc + 46
core   0: 3 0x80003c4c (0x03ad0763)
core   0: 0x80003c7a (0x401d5d33) sra     s10, s10, ra
core   0: 3 0x80003c7a (0x401d5d33) x26 0xffffffff
core   0: 0x80003c7e (0x40f88133) sub     sp, a7, a5
core   0: 3 0x80003c7e (0x40f88133) x 2 0xf7fffd00
core   0: 0x80003c82 (0x01eaa2b3) slt     t0, s5, t5
core   0: 3 0x80003c82 (0x01eaa2b3) x 5 0x00000000
core   0: 0x80003c86 (0x03f38f63) beq     t2, t6, pc + 62
core   0: 3 0x80003c86 (0x03f38f63)
core   0: 0x80003c8a (0x00009186) c.add   gp, ra
core   0: 3 0x80003c8a (0x9186) x 3 0xfffffd17
core   0: 0x80003c8c (0x0241a8b3) mulhsu  a7, gp, tp
core   0: 3 0x80003c8c (0x0241a8b3) x17 0x00000000
core   0: 0x80003c90 (0x85ddcd93) xori    s11, s11, -1955
core   0: 3 0x80003c90 (0x85ddcd93) x27 0xfffff85c
core   0: 0x80003c94 (0x00001d84) c.addi4spn s1, sp, 752
core   0: 3 0x80003c94 (0x1d84) x 9 0xf7fffff0
core   0: 0x80003c96 (0x015ccb63) blt     s9, s5, pc + 22
core   0: 3 0x80003c96 (0x015ccb63)
core   0: 0x80003c9a (0x00008f41) c.or    a4, s0
core   0: 3 0x80003c9a (0x8f41) x14 0x0000063d
core   0: 0x80003c9c (0x0001ea63) bltu    gp, zero, pc + 20
core   0: 3 0x80003c9c (0x0001ea63)
core   0: 0x80003ca0 (0x043f5063) bge     t5, gp, pc + 64
core   0: 3 0x80003ca0 (0x043f5063)
core   0: 0x80003ce0 (0x011affb3) and     t6, s5, a7
core   0: 3 0x80003ce0 (0x011affb3) x31 0x00000000
core   0: 0x80003ce4 (0x01175693) srli    a3, a4, 17
core   0: 3 0x80003ce4 (0x01175693) x13 0x00000000
core   0: 0x80003ce8 (0x00008c6d) c.and   s0, a1
core   0: 3 0x80003ce8 (0x8c6d) x 8 0x00000000
core   0: 0x80003cea (0x00c503b3) add     t2, a0, a2
core   0: 3 0x80003cea (0x00c503b3) x 7 0x80024754
core   0: 0x80003cee (0x026e16b3) mulh    a3, t3, t1
core   0: 3 0x80003cee (0x026e16b3) x13 0x00000000
core   0: 0x80003cf2 (0x00435463) bge     t1, tp, pc + 8
core   0: 3 0x80003cf2 (0x00435463)
core   0: 0x80003cfa (0x03e94633) div     a2, s2, t5
core   0: 3 0x80003cfa (0x03e94633) x12 0xffffffff
core   0: 0x80003cfe (0x00009756) c.add   a4, s5
core   0: 3 0x80003cfe (0x9756) x14 0x0000063d
core   0: 0x80003d00 (0xf905ad13) slti    s10, a1, -112
core   0: 3 0x80003d00 (0xf905ad13) x26 0x00000001
core   0: 0x80003d04 (0x01ff4db3) xor     s11, t5, t6
core   0: 3 0x80003d04 (0x01ff4db3) x27 0x00000000
core   0: 0x80003d08 (0x000007f2) c.slli  a5, 28
core   0: 3 0x80003d08 (0x07f2) x15 0x00000000
core   0: 0x80003d0a (0x41e450b3) sra     ra, s0, t5
core   0: 3 0x80003d0a (0x41e450b3) x 1 0x00000000
core   0: 0x80003d0e (0x0000886e) c.mv    a6, s11
core   0: 3 0x80003d0e (0x886e) x16 0x00000000
core   0: 0x80003d10 (0x941d2293) slti    t0, s10, -1727
core   0: 3 0x80003d10 (0x941d2293) x 5 0x00000000
core   0: 0x80003d14 (0x0ff0000f) fence   iorw,iorw
core   0: 3 0x80003d14 (0x0ff0000f)
core   0: 0x80003d18 (0x009f83b3) add     t2, t6, s1
core   0: 3 0x80003d18 (0x009f83b3) x 7 0xf7fffff0
core   0: 0x80003d1c (0x014a53b3) srl     t2, s4, s4
core   0: 3 0x80003d1c (0x014a53b3) x 7 0x00000000
core   0: 0x80003d20 (0x00a6b7b3) sltu    a5, a3, a0
core   0: 3 0x80003d20 (0x00a6b7b3) x15 0x00000001
core   0: 0x80003d24 (0x00008e85) c.sub   a3, s1
core   0: 3 0x80003d24 (0x8e85) x13 0x08000010
core   0: 0x80003d26 (0x00008ee1) c.and   a3, s0
core   0: 3 0x80003d26 (0x8ee1) x13 0x00000000
core   0: 0x80003d28 (0x00008cf5) c.and   s1, a3
core   0: 3 0x80003d28 (0x8cf5) x 9 0x00000000
core   0: 0x80003d2a (0x0000717d) c.addi16sp sp, -16
core   0: 3 0x80003d2a (0x717d) x 2 0xf7fffcf0
core   0: 0x80003d2c (0x010f9563) bne     t6, a6, pc + 10
core   0: 3 0x80003d2c (0x010f9563)
core   0: 0x80003d30 (0x017c81b3) add     gp, s9, s7
core   0: 3 0x80003d30 (0x017c81b3) x 3 0xfffff636
core   0: 0x80003d34 (0x00008e81) c.sub   a3, s0
core   0: 3 0x80003d34 (0x8e81) x13 0x00000000
core   0: 0x80003d36 (0x02bb9263) bne     s7, a1, pc + 36
core   0: 3 0x80003d36 (0x02bb9263)
core   0: 0x80003d5a (0x00009ff6) c.add   t6, t4
core   0: 3 0x80003d5a (0x9ff6) x31 0x00000001
core   0: 0x80003d5c (0x000067f1) c.lui   a5, 0x1c
core   0: 3 0x80003d5c (0x67f1) x15 0x0001c000
core   0: 0x80003d5e (0x00eafcb3) and     s9, s5, a4
core   0: 3 0x80003d5e (0x00eafcb3) x25 0x00000000
core   0: 0x80003d62 (0x07142093) slti    ra, s0, 113
core   0: 3 0x80003d62 (0x07142093) x 1 0x00000001
core   0: 0x80003d66 (0x00008269) c.srli  a2, 26
core   0: 3 0x80003d66 (0x8269) x12 0x0000003f
core   0: 0x80003d68 (0x0000e701) c.bnez  a4, pc + 8
core   0: 3 0x80003d68 (0xe701)
core   0: 0x80003d70 (0x0000100f) fence.i
core   0: 3 0x80003d70 (0x0000100f)
core   0: 0x80003d74 (0x00000001) c.nop
core   0: 3 0x80003d74 (0x0001)
core   0: 0x80003d76 (0x0000097e) c.slli  s2, 31
core   0: 3 0x80003d76 (0x097e) x18 0x80000000
core   0: 0x80003d78 (0x000000d1) c.addi  ra, 20
core   0: 3 0x80003d78 (0x00d1) x 1 0x00000015
core   0: 0x80003d7a (0x0000717d) c.addi16sp sp, -16
core   0: 3 0x80003d7a (0x717d) x 2 0xf7fffce0
core   0: 0x80003d7c (0xe536eb93) ori     s7, a3, -429
core   0: 3 0x80003d7c (0xe536eb93) x23 0xfffffe53
core   0: 0x80003d80 (0x032e4463) blt     t3, s2, pc + 40
core   0: 3 0x80003d80 (0x032e4463)
core   0: 0x80003d84 (0x00000e10) c.addi4spn a2, sp, 784
core   0: 3 0x80003d84 (0x0e10) x12 0xf7fffff0
core   0: 0x80003d86 (0x00008c25) c.xor   s0, s1
core   0: 3 0x80003d86 (0x8c25) x 8 0x00000000
core   0: 0x80003d88 (0x000098fd) c.andi  s1, -1
core   0: 3 0x80003d88 (0x98fd) x 9 0x00000000
core   0: 0x80003d8a (0x89fab093) sltiu   ra, s5, -1889
core   0: 3 0x80003d8a (0x89fab093) x 1 0x00000001
core   0: 0x80003d8e (0xba557493) andi    s1, a0, -1115
core   0: 3 0x80003d8e (0xba557493) x 9 0x80022a24
core   0: 0x80003d92 (0x032e8263) beq     t4, s2, pc + 36
core   0: 3 0x80003d92 (0x032e8263)
core   0: 0x80003d96 (0x028c96b3) mulh    a3, s9, s0
core   0: 3 0x80003d96 (0x028c96b3) x13 0x00000000
core   0: 0x80003d9a (0x000088f6) c.mv    a7, t4
core   0: 3 0x80003d9a (0x88f6) x17 0x00000001
core   0: 0x80003d9c (0x0000100f) fence.i
core   0: 3 0x80003d9c (0x0000100f)
core   0: 0x80003da0 (0x04be4163) blt     t3, a1, pc + 66
core   0: 3 0x80003da0 (0x04be4163)
core   0: 0x80003da4 (0x0001ca33) xor     s4, gp, zero
core   0: 3 0x80003da4 (0x0001ca33) x20 0xfffff636
core   0: 0x80003da8 (0x00391293) slli    t0, s2, 3
core   0: 3 0x80003da8 (0x00391293) x 5 0x00000000
core   0: 0x80003dac (0x775a4313) xori    t1, s4, 1909
core   0: 3 0x80003dac (0x775a4313) x 6 0xfffff143
core   0: 0x80003db0 (0x03c15963) bge     sp, t3, pc + 50
core   0: 3 0x80003db0 (0x03c15963)
core   0: 0x80003db4 (0x000084d1) c.srai  s1, 20
core   0: 3 0x80003db4 (0x84d1) x 9 0xfffff800
core   0: 0x80003db6 (0x00008c6d) c.and   s0, a1
core   0: 3 0x80003db6 (0x8c6d) x 8 0x00000000
core   0: 0x80003db8 (0x0000e71d) c.bnez  a4, pc + 46
core   0: 3 0x80003db8 (0xe71d)
core   0: 0x80003de6 (0x415c5d13) srai    s10, s8, 21
core   0: 3 0x80003de6 (0x415c5d13) x26 0x00000000
core   0: 0x80003dea (0x9a194693) xori    a3, s2, -1631
core   0: 3 0x80003dea (0x9a194693) x13 0x7ffff9a1
core   0: 0x80003dee (0x0000100f) fence.i
core   0: 3 0x80003dee (0x0000100f)
core   0: 0x80003df2 (0x5d7ae013) ori     zero, s5, 1495
core   0: 3 0x80003df2 (0x5d7ae013)
core   0: 0x80003df6 (0x031983b3) mul     t2, s3, a7
core   0: 3 0x80003df6 (0x031983b3) x 7 0x000001ff
core   0: 0x80003dfa (0x0000100f) fence.i
core   0: 3 0x80003dfa (0x0000100f)
core   0: 0x80003dfe (0x00008789) c.srai  a5, 2
core   0: 3 0x80003dfe (0x8789) x15 0x00007000
core   0: 0x80003e00 (0x00000001) c.nop
core   0: 3 0x80003e00 (0x0001)
core   0: 0x80003e02 (0x00311363) bne     sp, gp, pc + 6
core   0: 3 0x80003e02 (0x00311363)
core   0: 0x80003e08 (0x0083da13) srli    s4, t2, 8
core   0: 3 0x80003e08 (0x0083da13) x20 0x00000001
core   0: 0x80003e0c (0x00000092) c.slli  ra, 4
core   0: 3 0x80003e0c (0x0092) x 1 0x00000010
core   0: 0x80003e0e (0x000013fd) c.addi  t2, -1
core   0: 3 0x80003e0e (0x13fd) x 7 0x000001fe
core   0: 0x80003e10 (0xa18bad93) slti    s11, s7, -1512
core   0: 3 0x80003e10 (0xa18bad93) x27 0x00000000
core   0: 0x80003e14 (0x0000978e) c.add   a5, gp
core   0: 3 0x80003e14 (0x978e) x15 0x00006636
core   0: 0x80003e16 (0x03278e33) mul     t3, a5, s2
core   0: 3 0x80003e16 (0x03278e33) x28 0x00000000
core   0: 0x80003e1a (0x03f5d7b3) divu    a5, a1, t6
core   0: 3 0x80003e1a (0x03f5d7b3) x15 0x80026ce4
core   0: 0x80003e1e (0x0000ef81) c.bnez  a5, pc + 24
core   0: 3 0x80003e1e (0xef81)
core   0: 0x80003e36 (0x82bf3913) sltiu   s2, t5, -2005
core   0: 3 0x80003e36 (0x82bf3913) x18 0x00000001
core   0: 0x80003e3a (0x41715f33) sra     t5, sp, s7
core   0: 3 0x80003e3a (0x41715f33) x30 0xfffffeff
core   0: 0x80003e3e (0x208e4193) xori    gp, t3, 520
core   0: 3 0x80003e3e (0x208e4193) x 3 0x00000208
core   0: 0x80003e42 (0x006c14b3) sll     s1, s8, t1
core   0: 3 0x80003e42 (0x006c14b3) x 9 0x00007ff8
core   0: 0x80003e46 (0x02315b33) divu    s6, sp, gp
core   0: 3 0x80003e46 (0x02315b33) x22 0x007a179f
core   0: 0x80003e4a (0x01179f33) sll     t5, a5, a7
core   0: 3 0x80003e4a (0x01179f33) x30 0x0004d9c8
core   0: 0x80003e4e (0x9c550c93) addi    s9, a0, -1595
core   0: 3 0x80003e4e (0x9c550c93) x25 0x80022829
core   0: 0x80003e52 (0x02e87563) bgeu    a6, a4, pc + 42
core   0: 3 0x80003e52 (0x02e87563)
core   0: 0x80003e56 (0x026e50b3) divu    ra, t3, t1
core   0: 3 0x80003e56 (0x026e50b3) x 1 0x00000000
core   0: 0x80003e5a (0x0000ef91) c.bnez  a5, pc + 28
core   0: 3 0x80003e5a (0xef91)
core   0: 0x80003e76 (0x019af1b3) and     gp, s5, s9
core   0: 3 0x80003e76 (0x019af1b3) x 3 0x00000000
core   0: 0x80003e7a (0x00009bf2) c.add   s7, t3
core   0: 3 0x80003e7a (0x9bf2) x23 0xfffffe53
core   0: 0x80003e7c (0x05866063) bltu    a2, s8, pc + 64
core   0: 3 0x80003e7c (0x05866063)
core   0: 0x80003e80 (0x00008cc9) c.or    s1, a0
core   0: 3 0x80003e80 (0x8cc9) x 9 0x80027ffc
core   0: 0x80003e82 (0x00000a79) c.addi  s4, 30
core   0: 3 0x80003e82 (0x0a79) x20 0x0000001f
core   0: 0x80003e84 (0x00769c13) slli    s8, a3, 7
core   0: 3 0x80003e84 (0x00769c13) x24 0xfffcd080
core   0: 0x80003e88 (0x03bf3ab3) mulhu   s5, t5, s11
core   0: 3 0x80003e88 (0x03bf3ab3) x21 0x00000000
core   0: 0x80003e8c (0x05cdd463) bge     s11, t3, pc + 72
core   0: 3 0x80003e8c (0x05cdd463)
core   0: 0x80003ed4 (0x40b608b3) sub     a7, a2, a1
core   0: 3 0x80003ed4 (0x40b608b3) x17 0x77fd930c
core   0: 0x80003ed8 (0x0241c163) blt     gp, tp, pc + 34
core   0: 3 0x80003ed8 (0x0241c163)
core   0: 0x80003edc (0x033b8eb3) mul     t4, s7, s3
core   0: 3 0x80003edc (0x033b8eb3) x29 0xfffca7ad
core   0: 0x80003ee0 (0x022f6b33) rem     s6, t5, sp
core   0: 3 0x80003ee0 (0x022f6b33) x22 0x0004d9c8
core   0: 0x80003ee4 (0x00008c7d) c.and   s0, a5
core   0: 3 0x80003ee4 (0x8c7d) x 8 0x00000000
core   0: 0x80003ee6 (0x40725093) srai    ra, tp, 7
core   0: 3 0x80003ee6 (0x40725093) x 1 0x00000000
core   0: 0x80003eea (0x40c651b3) sra     gp, a2, a2
core   0: 3 0x80003eea (0x40c651b3) x 3 0xfffff7ff
core   0: 0x80003eee (0x003367b3) or      a5, t1, gp
core   0: 3 0x80003eee (0x003367b3) x15 0xfffff7ff
core   0: 0x80003ef2 (0x000087e5) c.srai  a5, 25
core   0: 3 0x80003ef2 (0x87e5) x15 0xffffffff
core   0: 0x80003ef4 (0x0000615d) c.addi16sp sp, 432
core   0: 3 0x80003ef4 (0x615d) x 2 0xf7fffe90
core   0: 0x80003ef6 (0x4166d633) sra     a2, a3, s6
core   0: 3 0x80003ef6 (0x4166d633) x12 0x007ffff9
core   0: 0x80003efa (0x00b89713) slli    a4, a7, 11
core   0: 3 0x80003efa (0x00b89713) x14 0xec986000
core   0: 0x80003efe (0x00bb1633) sll     a2, s6, a1
core   0: 3 0x80003efe (0x00bb1633) x12 0x004d9c80
core   0: 0x80003f02 (0x01cf8d33) add     s10, t6, t3
core   0: 3 0x80003f02 (0x01cf8d33) x26 0x00000001
core   0: 0x80003f06 (0xce755837) lui     a6, 0xce755
core   0: 3 0x80003f06 (0xce755837) x16 0xce755000
core   0: 0x80003f0a (0x03dd4ab3) div     s5, s10, t4
core   0: 3 0x80003f0a (0x03dd4ab3) x21 0x00000000
core   0: 0x80003f0e (0x0297cfb3) div     t6, a5, s1
core   0: 3 0x80003f0e (0x0297cfb3) x31 0x00000000
core   0: 0x80003f12 (0x000007ca) c.slli  a5, 18
core   0: 3 0x80003f12 (0x07ca) x15 0xfffc0000
core   0: 0x80003f14 (0x00000001) c.nop
core   0: 3 0x80003f14 (0x0001)
core   0: 0x80003f16 (0x012b1263) bne     s6, s2, pc + 4
core   0: 3 0x80003f16 (0x012b1263)
core   0: 0x80003f1a (0x41188fb3) sub     t6, a7, a7
core   0: 3 0x80003f1a (0x41188fb3) x31 0x00000000
core   0: 0x80003f1e (0x0358ff33) remu    t5, a7, s5
core   0: 3 0x80003f1e (0x0358ff33) x30 0x77fd930c
core   0: 0x80003f22 (0x00006bad) c.lui   s7, 0xb
core   0: 3 0x80003f22 (0x6bad) x23 0x0000b000
core   0: 0x80003f24 (0x01acf663) bgeu    s9, s10, pc + 12
core   0: 3 0x80003f24 (0x01acf663)
core   0: 0x80003f30 (0xef982837) lui     a6, 0xef982
core   0: 3 0x80003f30 (0xef982837) x16 0xef982000
core   0: 0x80003f34 (0x01d0ccb3) xor     s9, ra, t4
core   0: 3 0x80003f34 (0x01d0ccb3) x25 0xfffca7ad
core   0: 0x80003f38 (0x005e1cb3) sll     s9, t3, t0
core   0: 3 0x80003f38 (0x005e1cb3) x25 0x00000000
core   0: 0x80003f3c (0x017ec863) blt     t4, s7, pc + 16
core   0: 3 0x80003f3c (0x017ec863)
core   0: 0x80003f4c (0x00000f1c) c.addi4spn a5, sp, 912
core   0: 3 0x80003f4c (0x0f1c) x15 0xf8000220
core   0: 0x80003f4e (0x0000837d) c.srli  a4, 31
core   0: 3 0x80003f4e (0x837d) x14 0x00000001
core   0: 0x80003f50 (0x00008ff6) c.mv    t6, t4
core   0: 3 0x80003f50 (0x8ff6) x31 0xfffca7ad
core   0: 0x80003f52 (0x00527f33) and     t5, tp, t0
core   0: 3 0x80003f52 (0x00527f33) x30 0x00000000
core   0: 0x80003f56 (0x00008a76) c.mv    s4, t4
core   0: 3 0x80003f56 (0x8a76) x20 0xfffca7ad
core   0: 0x80003f58 (0x038869b3) rem     s3, a6, s8
core   0: 3 0x80003f58 (0x038869b3) x19 0xfffead00
core   0: 0x80003f5c (0x02277463) bgeu    a4, sp, pc + 40
core   0: 3 0x80003f5c (0x02277463)
core   0: 0x80003f60 (0x39258b13) addi    s6, a1, 914
core   0: 3 0x80003f60 (0x39258b13) x22 0x80027076
core   0: 0x80003f64 (0x0ff0000f) fence   iorw,iorw
core   0: 3 0x80003f64 (0x0ff0000f)
core   0: 0x80003f68 (0x00008f71) c.and   a4, a2
core   0: 3 0x80003f68 (0x8f71) x14 0x00000000
core   0: 0x80003f6a (0xe1839717) auipc   a4, 0xe1839
core   0: 3 0x80003f6a (0xe1839717) x14 0x6183cf6a
core   0: 0x80003f6e (0x00008fc9) c.or    a5, a0
core   0: 3 0x80003f6e (0x8fc9) x15 0xf8022e64
core   0: 0x80003f70 (0x0000ef9d) c.bnez  a5, pc + 62
core   0: 3 0x80003f70 (0xef9d)
core   0: 0x80003fae (0x01520563) beq     tp, s5, pc + 10
core   0: 3 0x80003fae (0x01520563)
core   0: 0x80003fb8 (0x00008f3d) c.xor   a4, a5
core   0: 3 0x80003fb8 (0x8f3d) x14 0x9981e10e
core   0: 0x80003fba (0x02530633) mul     a2, t1, t0
core   0: 3 0x80003fba (0x02530633) x12 0x00000000
core   0: 0x80003fbe (0x5392e113) ori     sp, t0, 1337
core   0: 3 0x80003fbe (0x5392e113) x 2 0x00000539
core   0: 0x80003fc2 (0xe7cfe393) ori     t2, t6, -388
core   0: 3 0x80003fc2 (0xe7cfe393) x 7 0xfffffffd
core   0: 0x80003fc6 (0x0000100f) fence.i
core   0: 3 0x80003fc6 (0x0000100f)
core   0: 0x80003fca (0x00000001) c.nop
core   0: 3 0x80003fca (0x0001)
core   0: 0x80003fcc (0x00000001) c.nop
core   0: 3 0x80003fcc (0x0001)
core   0: 0x80003fce (0x01f8b333) sltu    t1, a7, t6
core   0: 3 0x80003fce (0x01f8b333) x 6 0x00000001
core   0: 0x80003fd2 (0x0000c405) c.beqz  s0, pc + 40
core   0: 3 0x80003fd2 (0xc405)
core   0: 0x80003ffa (0x33166193) ori     gp, a2, 817
core   0: 3 0x80003ffa (0x33166193) x 3 0x00000331
core   0: 0x80003ffe (0x0206cfb3) div     t6, a3, zero
core   0: 3 0x80003ffe (0x0206cfb3) x31 0xffffffff
core   0: 0x80004002 (0x00c3d713) srli    a4, t2, 12
core   0: 3 0x80004002 (0x00c3d713) x14 0x000fffff
core   0: 0x80004006 (0x023cd933) divu    s2, s9, gp
core   0: 3 0x80004006 (0x023cd933) x18 0x00000000
core   0: 0x8000400a (0x01b61763) bne     a2, s11, pc + 14
core   0: 3 0x8000400a (0x01b61763)
core   0: 0x8000400e (0x0190c363) blt     ra, s9, pc + 6
core   0: 3 0x8000400e (0x0190c363)
core   0: 0x80004012 (0x00008cf9) c.and   s1, a4
core   0: 3 0x80004012 (0x8cf9) x 9 0x00027ffc
core   0: 0x80004014 (0x0395c933) div     s2, a1, s9
core   0: 3 0x80004014 (0x0395c933) x18 0xffffffff
core   0: 0x80004018 (0x01acfdb3) and     s11, s9, s10
core   0: 3 0x80004018 (0x01acfdb3) x27 0x00000000
core   0: 0x8000401c (0x0000e31d) c.bnez  a4, pc + 38
core   0: 3 0x8000401c (0xe31d)
core   0: 0x80004042 (0x00008f85) c.sub   a5, s1
core   0: 3 0x80004042 (0x8f85) x15 0xf7ffae68
core   0: 0x80004044 (0x023c0463) beq     s8, gp, pc + 40
core   0: 3 0x80004044 (0x023c0463)
core   0: 0x80004048 (0x0000ec19) c.bnez  s0, pc + 30
core   0: 3 0x80004048 (0xec19)
core   0: 0x8000404a (0x0000717d) c.addi16sp sp, -16
core   0: 3 0x8000404a (0x717d) x 2 0x00000529
core   0: 0x8000404c (0x0380adb3) mulhsu  s11, ra, s8
core   0: 3 0x8000404c (0x0380adb3) x27 0x00000000
core   0: 0x80004050 (0x000080ae) c.mv    ra, a1
core   0: 3 0x80004050 (0x80ae) x 1 0x80026ce4
core   0: 0x80004052 (0x000099f2) c.add   s3, t3
core   0: 3 0x80004052 (0x99f2) x19 0xfffead00
core   0: 0x80004054 (0x00008c35) c.xor   s0, a3
core   0: 3 0x80004054 (0x8c35) x 8 0x7ffff9a1
core   0: 0x80004056 (0x00008389) c.srli  a5, 2
core   0: 3 0x80004056 (0x8389) x15 0x3dffeb9a
core   0: 0x80004058 (0x00008355) c.srli  a4, 21
core   0: 3 0x80004058 (0x8355) x14 0x00000000
core   0: 0x8000405a (0x00000001) c.nop
core   0: 3 0x8000405a (0x0001)
core   0: 0x8000405c (0x00008c1d) c.sub   s0, a5
core   0: 3 0x8000405c (0x8c1d) x 8 0x42000e07
core   0: 0x8000405e (0x00008c65) c.and   s0, s1
core   0: 3 0x8000405e (0x8c65) x 8 0x00000e04
core   0: 0x80004060 (0x01e8b633) sltu    a2, a7, t5
core   0: 3 0x80004060 (0x01e8b633) x12 0x00000000
core   0: 0x80004064 (0x00000001) c.nop
core   0: 3 0x80004064 (0x0001)
core   0: 0x80004066 (0x0000717d) c.addi16sp sp, -16
core   0: 3 0x80004066 (0x717d) x 2 0x00000519
core   0: 0x80004068 (0x000dc363) bltz    s11, pc + 6
core   0: 3 0x80004068 (0x000dc363)
core   0: 0x8000406c (0x0000ec81) c.bnez  s1, pc + 24
core   0: 3 0x8000406c (0xec81)
core   0: 0x80004084 (0x00008085) c.srli  s1, 1
core   0: 3 0x80004084 (0x8085) x 9 0x00013ffe
core   0: 0x80004086 (0x038c6d33) rem     s10, s8, s8
core   0: 3 0x80004086 (0x038c6d33) x26 0x00000000
core   0: 0x8000408a (0x04f37063) bgeu    t1, a5, pc + 64
core   0: 3 0x8000408a (0x04f37063)
core   0: 0x8000408e (0x40ce59b3) sra     s3, t3, a2
core   0: 3 0x8000408e (0x40ce59b3) x19 0x00000000
core   0: 0x80004092 (0x051ed063) bge     t4, a7, pc + 64
core   0: 3 0x80004092 (0x051ed063)
core   0: 0x80004096 (0x017f1493) slli    s1, t5, 23
core   0: 3 0x80004096 (0x017f1493) x 9 0x00000000
core   0: 0x8000409a (0x013e2c33) slt     s8, t3, s3
core   0: 3 0x8000409a (0x013e2c33) x24 0x00000000
core   0: 0x8000409e (0x00000001) c.nop
core   0: 3 0x8000409e (0x0001)
core   0: 0x800040a0 (0x036b0963) beq     s6, s6, pc + 50
core   0: 3 0x800040a0 (0x036b0963)
core   0: 0x800040d2 (0x82917a13) andi    s4, sp, -2007
core   0: 3 0x800040d2 (0x82917a13) x20 0x00000009
core   0: 0x800040d6 (0x0213fb63) bgeu    t2, ra, pc + 54
core   0: 3 0x800040d6 (0x0213fb63)
core   0: 0x8000410c (0x0ff0000f) fence   iorw,iorw
core   0: 3 0x8000410c (0x0ff0000f)
core   0: 0x80004110 (0x01b762b3) or      t0, a4, s11
core   0: 3 0x80004110 (0x01b762b3) x 5 0x00000000
core   0: 0x80004114 (0x00008e31) c.xor   a2, a2
core   0: 3 0x80004114 (0x8e31) x12 0x00000000
core   0: 0x80004116 (0x03657fb3) remu    t6, a0, s6
core   0: 3 0x80004116 (0x03657fb3) x31 0x80022e64
core   0: 0x8000411a (0x004efd33) and     s10, t4, tp
core   0: 3 0x8000411a (0x004efd33) x26 0x00000000
core   0: 0x8000411e (0x0ff0000f) fence   iorw,iorw
core   0: 3 0x8000411e (0x0ff0000f)
core   0: 0x80004122 (0x04d85363) bge     a6, a3, pc + 70
core   0: 3 0x80004122 (0x04d85363)
core   0: 0x80004126 (0x00008bca) c.mv    s7, s2
core   0: 3 0x80004126 (0x8bca) x23 0xffffffff
core   0: 0x80004128 (0x13e11db7) lui     s11, 0x13e11
core   0: 3 0x80004128 (0x13e11db7) x27 0x13e11000
core   0: 0x8000412c (0x02879bb3) mulh    s7, a5, s0
core   0: 3 0x8000412c (0x02879bb3) x23 0x00000364
core   0: 0x80004130 (0x017e1b13) slli    s6, t3, 23
core   0: 3 0x80004130 (0x017e1b13) x22 0x00000000
core   0: 0x80004134 (0x00008d8a) c.mv    s11, sp
core   0: 3 0x80004134 (0x8d8a) x27 0x00000519
core   0: 0x80004136 (0x018aebb3) or      s7, s5, s8
core   0: 3 0x80004136 (0x018aebb3) x23 0x00000000
core   0: 0x8000413a (0x0000806d) c.srli  s0, 27
core   0: 3 0x8000413a (0x806d) x 8 0x00000000
core   0: 0x8000413c (0x404bd313) srai    t1, s7, 4
core   0: 3 0x8000413c (0x404bd313) x 6 0x00000000
core   0: 0x80004140 (0x00008ce5) c.and   s1, s1
core   0: 3 0x80004140 (0x8ce5) x 9 0x00000000
core   0: 0x80004142 (0x00439563) bne     t2, tp, pc + 10
core   0: 3 0x80004142 (0x00439563)
core   0: 0x8000414c (0x02ceebb3) rem     s7, t4, a2
core   0: 3 0x8000414c (0x02ceebb3) x23 0xfffca7ad
core   0: 0x80004150 (0x6015e813) ori     a6, a1, 1537
core   0: 3 0x80004150 (0x6015e813) x16 0x80026ee5
core   0: 0x80004154 (0x010eedb3) or      s11, t4, a6
core   0: 3 0x80004154 (0x010eedb3) x27 0xfffeefed
core   0: 0x80004158 (0x036b50b3) divu    ra, s6, s6
core   0: 3 0x80004158 (0x036b50b3) x 1 0xffffffff
core   0: 0x8000415c (0x41de5c13) srai    s8, t3, 29
core   0: 3 0x8000415c (0x41de5c13) x24 0x00000000
core   0: 0x80004160 (0x01c473b3) and     t2, s0, t3
core   0: 3 0x80004160 (0x01c473b3) x 7 0x00000000
core   0: 0x80004164 (0x40328133) sub     sp, t0, gp
core   0: 3 0x80004164 (0x40328133) x 2 0xfffffccf
core   0: 0x80004168 (0x0170d833) srl     a6, ra, s7
core   0: 3 0x80004168 (0x0170d833) x16 0x0007ffff
core   0: 0x8000416c (0x12fdcf93) xori    t6, s11, 303
core   0: 3 0x8000416c (0x12fdcf93) x31 0xfffeeec2
core   0: 0x80004170 (0x0361ed33) rem     s10, gp, s6
core   0: 3 0x80004170 (0x0361ed33) x26 0x00000331
core   0: 0x80004174 (0x00a9fd33) and     s10, s3, a0
core   0: 3 0x80004174 (0x00a9fd33) x26 0x00000000
core   0: 0x80004178 (0x41728bb3) sub     s7, t0, s7
core   0: 3 0x80004178 (0x41728bb3) x23 0x00035853
core   0: 0x8000417c (0x03b6d033) divu    zero, a3, s11
core   0: 3 0x8000417c (0x03b6d033)
core   0: 0x80004180 (0x00008b29) c.andi  a4, 10
core   0: 3 0x80004180 (0x8b29) x14 0x00000000
core   0: 0x80004182 (0x019b6133) or      sp, s6, s9
core   0: 3 0x80004182 (0x019b6133) x 2 0x00000000
core   0: 0x80004186 (0x03d13133) mulhu   sp, sp, t4
core   0: 3 0x80004186 (0x03d13133) x 2 0x00000000
core   0: 0x8000418a (0x4c4def13) ori     t5, s11, 1220
core   0: 3 0x8000418a (0x4c4def13) x30 0xfffeefed
core   0: 0x8000418e (0x0000617d) c.addi16sp sp, 496
core   0: 3 0x8000418e (0x617d) x 2 0x000001f0
core   0: 0x80004190 (0x41f8d633) sra     a2, a7, t6
core   0: 3 0x80004190 (0x41f8d633) x12 0x1dff64c3
core   0: 0x80004194 (0x8c1ec613) xori    a2, t4, -1855
core   0: 3 0x80004194 (0x8c1ec613) x12 0x00035f6c
core   0: 0x80004198 (0x00006171) c.addi16sp sp, 336
core   0: 3 0x80004198 (0x6171) x 2 0x00000340
core   0: 0x8000419a (0x020ea1b3) mulhsu  gp, t4, zero
core   0: 3 0x8000419a (0x020ea1b3) x 3 0x00000000
core   0: 0x8000419e (0x02e70db3) mul     s11, a4, a4
core   0: 3 0x8000419e (0x02e70db3) x27 0x00000000
core   0: 0x800041a2 (0x021d7433) remu    s0, s10, ra
core   0: 3 0x800041a2 (0x021d7433) x 8 0x00000000
core   0: 0x800041a6 (0x0070e1b3) or      gp, ra, t2
core   0: 3 0x800041a6 (0x0070e1b3) x 3 0xffffffff
core   0: 0x800041aa (0x0000c605) c.beqz  a2, pc + 40
core   0: 3 0x800041aa (0xc605)
core   0: 0x800041ac (0x0df45c17) auipc   s8, 0xdf45
core   0: 3 0x800041ac (0x0df45c17) x24 0x8df491ac
core   0: 0x800041b0 (0x01017463) bgeu    sp, a6, pc + 8
core   0: 3 0x800041b0 (0x01017463)
core   0: 0x800041b4 (0x4fd0eb13) ori     s6, ra, 1277
core   0: 3 0x800041b4 (0x4fd0eb13) x22 0xffffffff
core   0: 0x800041b8 (0x02a8df63) bge     a7, a0, pc + 62
core   0: 3 0x800041b8 (0x02a8df63)
core   0: 0x800041f6 (0x0266f633) remu    a2, a3, t1
core   0: 3 0x800041f6 (0x0266f633) x12 0x7ffff9a1
core   0: 0x800041fa (0x000088ce) c.mv    a7, s3
core   0: 3 0x800041fa (0x88ce) x17 0x00000000
core   0: 0x800041fc (0x0000079c) c.addi4spn a5, sp, 960
core   0: 3 0x800041fc (0x079c) x15 0x00000700
core   0: 0x800041fe (0x0000ec99) c.bnez  s1, pc + 30
core   0: 3 0x800041fe (0xec99)
core   0: 0x80004200 (0x036454b3) divu    s1, s0, s6
core   0: 3 0x80004200 (0x036454b3) x 9 0x00000000
core   0: 0x80004204 (0x000098fd) c.andi  s1, -1
core   0: 3 0x80004204 (0x98fd) x 9 0x00000000
core   0: 0x80004206 (0x37034d93) xori    s11, t1, 880
core   0: 3 0x80004206 (0x37034d93) x27 0x00000370
core   0: 0x8000420a (0x022f3b33) mulhu   s6, t5, sp
core   0: 3 0x8000420a (0x022f3b33) x22 0x0000033f
core   0: 0x8000420e (0x00006bc5) c.lui   s7, 0x11
core   0: 3 0x8000420e (0x6bc5) x23 0x00011000
core   0: 0x80004210 (0x033e9733) mulh    a4, t4, s3
core   0: 3 0x80004210 (0x033e9733) x14 0x00000000
core   0: 0x80004214 (0x00000001) c.nop
core   0: 3 0x80004214 (0x0001)
core   0: 0x80004216 (0x0000613d) c.addi16sp sp, 480
core   0: 3 0x80004216 (0x613d) x 2 0x00000520
core   0: 0x80004218 (0x04f85063) bge     a6, a5, pc + 64
core   0: 3 0x80004218 (0x04f85063)
core   0: 0x80004258 (0x68357713) andi    a4, a0, 1667
core   0: 3 0x80004258 (0x68357713) x14 0x00000600
core   0: 0x8000425c (0x00000001) c.nop
core   0: 3 0x8000425c (0x0001)
core   0: 0x8000425e (0x00041fb3) sll     t6, s0, zero
core   0: 3 0x8000425e (0x00041fb3) x31 0x00000000
core   0: 0x80004262 (0x03d38e33) mul     t3, t2, t4
core   0: 3 0x80004262 (0x03d38e33) x28 0x00000000
core   0: 0x80004266 (0x009eedb3) or      s11, t4, s1
core   0: 3 0x80004266 (0x009eedb3) x27 0xfffca7ad
core   0: 0x8000426a (0x40bf5393) srai    t2, t5, 11
core   0: 3 0x8000426a (0x40bf5393) x 7 0xffffffdd
core   0: 0x8000426e (0x000082ea) c.mv    t0, s10
core   0: 3 0x8000426e (0x82ea) x 5 0x00000000
core   0: 0x80004270 (0x000080c5) c.srli  s1, 17
core   0: 3 0x80004270 (0x80c5) x 9 0x00000000
core   0: 0x80004272 (0x00f631b3) sltu    gp, a2, a5
core   0: 3 0x80004272 (0x00f631b3) x 3 0x00000000
core   0: 0x80004276 (0x3daaf993) andi    s3, s5, 986
core   0: 3 0x80004276 (0x3daaf993) x19 0x00000000
core   0: 0x8000427a (0x414fd8b3) sra     a7, t6, s4
core   0: 3 0x8000427a (0x414fd8b3) x17 0x00000000
core   0: 0x8000427e (0x02130bb3) mul     s7, t1, ra
core   0: 3 0x8000427e (0x02130bb3) x23 0x00000000
core   0: 0x80004282 (0x00006169) c.addi16sp sp, 208
core   0: 3 0x80004282 (0x6169) x 2 0x000005f0
core   0: 0x80004284 (0x0000119c) c.addi4spn a5, sp, 224
core   0: 3 0x80004284 (0x119c) x15 0x000006d0
core   0: 0x80004286 (0x67de3e13) sltiu   t3, t3, 1661
core   0: 3 0x80004286 (0x67de3e13) x28 0x00000001
core   0: 0x8000428a (0x00008499) c.srai  s1, 6
core   0: 3 0x8000428a (0x8499) x 9 0x00000000
core   0: 0x8000428c (0x00006385) c.lui   t2, 0x1
core   0: 3 0x8000428c (0x6385) x 7 0x00001000
core   0: 0x8000428e (0x00008605) c.srai  a2, 1
core   0: 3 0x8000428e (0x8605) x12 0x3ffffcd0
core   0: 0x80004290 (0x0000c3a9) c.beqz  a5, pc + 66
core   0: 3 0x80004290 (0xc3a9)
core   0: 0x80004292 (0x41d9d733) sra     a4, s3, t4
core   0: 3 0x80004292 (0x41d9d733) x14 0x00000000
core   0: 0x80004296 (0x0000717d) c.addi16sp sp, -16
core   0: 3 0x80004296 (0x717d) x 2 0x000005e0
core   0: 0x80004298 (0x012391b3) sll     gp, t2, s2
core   0: 3 0x80004298 (0x012391b3) x 3 0x00000000
core   0: 0x8000429c (0x02af9e63) bne     t6, a0, pc + 60
core   0: 3 0x8000429c (0x02af9e63)
core   0: 0x800042d8 (0xa8b98893) addi    a7, s3, -1397
core   0: 3 0x800042d8 (0xa8b98893) x17 0xfffffa8b
core   0: 0x800042dc (0x00008c79) c.and   s0, a4
core   0: 3 0x800042dc (0x8c79) x 8 0x00000000
core   0: 0x800042de (0x00d34db3) xor     s11, t1, a3
core   0: 3 0x800042de (0x00d34db3) x27 0x7ffff9a1
core   0: 0x800042e2 (0x02e70663) beq     a4, a4, pc + 44
core   0: 3 0x800042e2 (0x02e70663)
core   0: 0x8000430e (0x00ae7733) and     a4, t3, a0
core   0: 3 0x8000430e (0x00ae7733) x14 0x00000000
core   0: 0x80004312 (0x026021b3) mulhsu  gp, zero, t1
core   0: 3 0x80004312 (0x026021b3) x 3 0x00000000
core   0: 0x80004316 (0xabc4c693) xori    a3, s1, -1348
core   0: 3 0x80004316 (0xabc4c693) x13 0xfffffabc
core   0: 0x8000431a (0x40fe8433) sub     s0, t4, a5
core   0: 3 0x8000431a (0x40fe8433) x 8 0xfffca0dd
core   0: 0x8000431e (0x00008f05) c.sub   a4, s1
core   0: 3 0x8000431e (0x8f05) x14 0x00000000
core   0: 0x80004320 (0x000093f2) c.add   t2, t3
core   0: 3 0x80004320 (0x93f2) x 7 0x00001001
core   0: 0x80004322 (0x02ba1633) mulh    a2, s4, a1
core   0: 3 0x80004322 (0x02ba1633) x12 0xfffffffb
core   0: 0x80004326 (0x03ad34b3) mulhu   s1, s10, s10
core   0: 3 0x80004326 (0x03ad34b3) x 9 0x00000000
core   0: 0x8000432a (0x43108193) addi    gp, ra, 1073
core   0: 3 0x8000432a (0x43108193) x 3 0x00000430
core   0: 0x8000432e (0x00008e7d) c.and   a2, a5
core   0: 3 0x8000432e (0x8e7d) x12 0x000006d0
core   0: 0x80004330 (0x03f03933) mulhu   s2, zero, t6
core   0: 3 0x80004330 (0x03f03933) x18 0x00000000
core   0: 0x80004334 (0x419f5493) srai    s1, t5, 25
core   0: 3 0x80004334 (0x419f5493) x 9 0xffffffff
core   0: 0x80004338 (0x78b99ab7) lui     s5, 0x78b99
core   0: 3 0x80004338 (0x78b99ab7) x21 0x78b99000
core   0: 0x8000433c (0xa9544393) xori    t2, s0, -1387
core   0: 3 0x8000433c (0xa9544393) x 7 0x00035a48
core   0: 0x80004340 (0x0000ef1d) c.bnez  a4, pc + 62
core   0: 3 0x80004340 (0xef1d)
core   0: 0x80004342 (0x03d35f33) divu    t5, t1, t4
core   0: 3 0x80004342 (0x03d35f33) x30 0x00000000
core   0: 0x80004346 (0x00008c11) c.sub   s0, a2
core   0: 3 0x80004346 (0x8c11) x 8 0xfffc9a0d
core   0: 0x80004348 (0x00008725) c.srai  a4, 9
core   0: 3 0x80004348 (0x8725) x14 0x00000000
core   0: 0x8000434a (0x410159b3) sra     s3, sp, a6
core   0: 3 0x8000434a (0x410159b3) x19 0x00000000
core   0: 0x8000434e (0x00000a66) c.slli  s4, 25
core   0: 3 0x8000434e (0x0a66) x20 0x12000000
core   0: 0x80004350 (0xf98ead13) slti    s10, t4, -104
core   0: 3 0x80004350 (0xf98ead13) x26 0x00000001
core   0: 0x80004354 (0x000094a2) c.add   s1, s0
core   0: 3 0x80004354 (0x94a2) x 9 0xfffc9a0c
core   0: 0x80004356 (0x03b2adb3) mulhsu  s11, t0, s11
core   0: 3 0x80004356 (0x03b2adb3) x27 0x00000000
core   0: 0x8000435a (0x01fed633) srl     a2, t4, t6
core   0: 3 0x8000435a (0x01fed633) x12 0xfffca7ad
core   0: 0x8000435e (0x0000717d) c.addi16sp sp, -16
core   0: 3 0x8000435e (0x717d) x 2 0x000005d0
core   0: 0x80004360 (0x001e7c63) bgeu    t3, ra, pc + 24
core   0: 3 0x80004360 (0x001e7c63)
core   0: 0x80004364 (0x41bad2b3) sra     t0, s5, s11
core   0: 3 0x80004364 (0x41bad2b3) x 5 0x78b99000
core   0: 0x80004368 (0x0334beb3) mulhu   t4, s1, s3
core   0: 3 0x80004368 (0x0334beb3) x29 0x00000000
core   0: 0x8000436c (0x4024d813) srai    a6, s1, 2
core   0: 3 0x8000436c (0x4024d813) x16 0xffff2683
core   0: 0x80004370 (0x00b38033) add     zero, t2, a1
core   0: 3 0x80004370 (0x00b38033)
core   0: 0x80004374 (0x0187d613) srli    a2, a5, 24
core   0: 3 0x80004374 (0x0187d613) x12 0x00000000
core   0: 0x80004378 (0x004e48b3) xor     a7, t3, tp
core   0: 3 0x80004378 (0x004e48b3) x17 0x00000001
core   0: 0x8000437c (0x00008c35) c.xor   s0, a3
core   0: 3 0x8000437c (0x8c35) x 8 0x000360b1
core   0: 0x8000437e (0x8d2bb393) sltiu   t2, s7, -1838
core   0: 3 0x8000437e (0x8d2bb393) x 7 0x00000001
core   0: 0x80004382 (0x007d4c63) blt     s10, t2, pc + 24
core   0: 3 0x80004382 (0x007d4c63)
core   0: 0x80004386 (0x00008ec1) c.or    a3, s0
core   0: 3 0x80004386 (0x8ec1) x13 0xfffffabd
core   0: 0x80004388 (0x00006419) c.lui   s0, 0x6
core   0: 3 0x80004388 (0x6419) x 8 0x00006000
core   0: 0x8000438a (0x00008f75) c.and   a4, a3
core   0: 3 0x8000438a (0x8f75) x14 0x00000000
core   0: 0x8000438c (0x083de013) ori     zero, s11, 131
core   0: 3 0x8000438c (0x083de013)
core   0: 0x80004390 (0xb26c1d37) lui     s10, 0xb26c1
core   0: 3 0x80004390 (0xb26c1d37) x26 0xb26c1000
core   0: 0x80004394 (0x00008ee9) c.and   a3, a0
core   0: 3 0x80004394 (0x8ee9) x13 0x80022a24
core   0: 0x80004396 (0x41e35b93) srai    s7, t1, 30
core   0: 3 0x80004396 (0x41e35b93) x23 0x00000000
core   0: 0x8000439a (0x0000ce95) c.beqz  a3, pc + 60
core   0: 3 0x8000439a (0xce95)
core   0: 0x8000439c (0x02e84333) div     t1, a6, a4
core   0: 3 0x8000439c (0x02e84333) x 6 0xffffffff
core   0: 0x800043a0 (0x034a9433) mulh    s0, s5, s4
core   0: 3 0x800043a0 (0x034a9433) x 8 0x087d0c20
core   0: 0x800043a4 (0xea430893) addi    a7, t1, -348
core   0: 3 0x800043a4 (0xea430893) x17 0xfffffea3
core   0: 0x800043a8 (0x0000100f) fence.i
core   0: 3 0x800043a8 (0x0000100f)
core   0: 0x800043ac (0x00bfd9b3) srl     s3, t6, a1
core   0: 3 0x800043ac (0x00bfd9b3) x19 0x00000000
core   0: 0x800043b0 (0x000081c6) c.mv    gp, a7
core   0: 3 0x800043b0 (0x81c6) x 3 0xfffffea3
core   0: 0x800043b2 (0x020c7463) bgeu    s8, zero, pc + 40
core   0: 3 0x800043b2 (0x020c7463)
core   0: 0x800043da (0x2669ba93) sltiu   s5, s3, 614
core   0: 3 0x800043da (0x2669ba93) x21 0x00000001
core   0: 0x800043de (0x0459e063) bltu    s3, t0, pc + 64
core   0: 3 0x800043de (0x0459e063)
core   0: 0x8000441e (0x031e7a63) bgeu    t3, a7, pc + 52
core   0: 3 0x8000441e (0x031e7a63)
core   0: 0x80004422 (0x0000c88d) c.beqz  s1, pc + 50
core   0: 3 0x80004422 (0xc88d)
core   0: 0x80004424 (0x00009e6e) c.add   t3, s11
core   0: 3 0x80004424 (0x9e6e) x28 0x00000001
core   0: 0x80004426 (0x03698833) mul     a6, s3, s6
core   0: 3 0x80004426 (0x03698833) x16 0x00000000
core   0: 0x8000442a (0x00008762) c.mv    a4, s8
core   0: 3 0x8000442a (0x8762) x14 0x8df491ac
core   0: 0x8000442c (0x00008162) c.mv    sp, s8
core   0: 3 0x8000442c (0x8162) x 2 0x8df491ac
core   0: 0x8000442e (0x0000ef91) c.bnez  a5, pc + 28
core   0: 3 0x8000442e (0xef91)
core   0: 0x8000444a (0x04e71463) bne     a4, a4, pc + 72
core   0: 3 0x8000444a (0x04e71463)
core   0: 0x8000444e (0x02765ab3) divu    s5, a2, t2
core   0: 3 0x8000444e (0x02765ab3) x21 0x00000000
core   0: 0x80004452 (0x000081ba) c.mv    gp, a4
core   0: 3 0x80004452 (0x81ba) x 3 0x8df491ac
core   0: 0x80004454 (0x009c5863) bge     s8, s1, pc + 16
core   0: 3 0x80004454 (0x009c5863)
core   0: 0x80004458 (0x037e97b3) mulh    a5, t4, s7
core   0: 3 0x80004458 (0x037e97b3) x15 0x00000000
core   0: 0x8000445c (0x4010dd13) srai    s10, ra, 1
core   0: 3 0x8000445c (0x4010dd13) x26 0xffffffff
core   0: 0x80004460 (0x05c98163) beq     s3, t3, pc + 66
core   0: 3 0x80004460 (0x05c98163)
core   0: 0x80004464 (0x6f1fec93) ori     s9, t6, 1777
core   0: 3 0x80004464 (0x6f1fec93) x25 0x000006f1
core   0: 0x80004468 (0x00bd5ab3) srl     s5, s10, a1
core   0: 3 0x80004468 (0x00bd5ab3) x21 0x0fffffff
core   0: 0x8000446c (0x03c2a9b3) mulhsu  s3, t0, t3
core   0: 3 0x8000446c (0x03c2a9b3) x19 0x00000000
core   0: 0x80004470 (0x0c540913) addi    s2, s0, 197
core   0: 3 0x80004470 (0x0c540913) x18 0x087d0ce5
core   0: 0x80004474 (0x000080b2) c.mv    ra, a2
core   0: 3 0x80004474 (0x80b2) x 1 0x00000000
core   0: 0x80004476 (0x0000642d) c.lui   s0, 0xb
core   0: 3 0x80004476 (0x642d) x 8 0x0000b000
core   0: 0x80004478 (0x003d6eb3) or      t4, s10, gp
core   0: 3 0x80004478 (0x003d6eb3) x29 0xffffffff
core   0: 0x8000447c (0x01ece563) bltu    s9, t5, pc + 10
core   0: 3 0x8000447c (0x01ece563)
core   0: 0x80004480 (0x0000717d) c.addi16sp sp, -16
core   0: 3 0x80004480 (0x717d) x 2 0x8df4919c
core   0: 0x80004482 (0x03c66733) rem     a4, a2, t3
core   0: 3 0x80004482 (0x03c66733) x14 0x00000000
core   0: 0x80004486 (0x026e50b3) divu    ra, t3, t1
core   0: 3 0x80004486 (0x026e50b3) x 1 0x00000000
core   0: 0x8000448a (0x02a25fb3) divu    t6, tp, a0
core   0: 3 0x8000448a (0x02a25fb3) x31 0x00000000
core   0: 0x8000448e (0x039e1263) bne     t3, s9, pc + 36
core   0: 3 0x8000448e (0x039e1263)
core   0: 0x800044b2 (0x01c5d413) srli    s0, a1, 28
core   0: 3 0x800044b2 (0x01c5d413) x 8 0x00000008
core   0: 0x800044b6 (0x022d2033) mulhsu  zero, s10, sp
core   0: 3 0x800044b6 (0x022d2033)
core   0: 0x800044ba (0x033269b3) rem     s3, tp, s3
core   0: 3 0x800044ba (0x033269b3) x19 0x00000000
core   0: 0x800044be (0x00e1f633) and     a2, gp, a4
core   0: 3 0x800044be (0x00e1f633) x12 0x00000000
core   0: 0x800044c2 (0x2eda3c93) sltiu   s9, s4, 749
core   0: 3 0x800044c2 (0x2eda3c93) x25 0x00000000
core   0: 0x800044c6 (0x7d2f6a13) ori     s4, t5, 2002
core   0: 3 0x800044c6 (0x7d2f6a13) x20 0x000007d2
core   0: 0x800044ca (0x000057fd) c.li    a5, -1
core   0: 3 0x800044ca (0x57fd) x15 0xffffffff
core   0: 0x800044cc (0x0000cf0d) c.beqz  a4, pc + 58
core   0: 3 0x800044cc (0xcf0d)
core   0: 0x80004506 (0x023c4393) xori    t2, s8, 35
core   0: 3 0x80004506 (0x023c4393) x 7 0x8df4918f
core   0: 0x8000450a (0x0000c291) c.beqz  a3, pc + 4
core   0: 3 0x8000450a (0xc291)
core   0: 0x8000450c (0x00008e01) c.sub   a2, s0
core   0: 3 0x8000450c (0x8e01) x12 0xfffffff8
core   0: 0x8000450e (0x012e5793) srli    a5, t3, 18
core   0: 3 0x8000450e (0x012e5793) x15 0x00000000
core   0: 0x80004512 (0x000086ad) c.srai  a3, 11
core   0: 3 0x80004512 (0x86ad) x13 0xfff00045
core   0: 0x80004514 (0x416856b3) sra     a3, a6, s6
core   0: 3 0x80004514 (0x416856b3) x13 0x00000000
core   0: 0x80004518 (0x32178c93) addi    s9, a5, 801
core   0: 3 0x80004518 (0x32178c93) x25 0x00000321
core   0: 0x8000451c (0x00000001) c.nop
core   0: 3 0x8000451c (0x0001)
core   0: 0x8000451e (0x01258cb3) add     s9, a1, s2
core   0: 3 0x8000451e (0x01258cb3) x25 0x887f79c9
core   0: 0x80004522 (0x053bf163) bgeu    s7, s3, pc + 66
core   0: 3 0x80004522 (0x053bf163)
core   0: 0x80004564 (0x03d68db3) mul     s11, a3, t4
core   0: 3 0x80004564 (0x03d68db3) x27 0x00000000
core   0: 0x80004568 (0x00006655) c.lui   a2, 0x15
core   0: 3 0x80004568 (0x6655) x12 0x00015000
core   0: 0x8000456a (0x0000100f) fence.i
core   0: 3 0x8000456a (0x0000100f)
core   0: 0x8000456e (0x583db293) sltiu   t0, s11, 1411
core   0: 3 0x8000456e (0x583db293) x 5 0x00000001
core   0: 0x80004572 (0x02e50563) beq     a0, a4, pc + 42
core   0: 3 0x80004572 (0x02e50563)
core   0: 0x80004576 (0x00000b00) c.addi4spn s0, sp, 400
core   0: 3 0x80004576 (0x0b00) x 8 0x8df4932c
core   0: 0x80004578 (0x03352eb3) mulhsu  t4, a0, s3
core   0: 3 0x80004578 (0x03352eb3) x29 0x00000000
core   0: 0x8000457c (0x03bf32b3) mulhu   t0, t5, s11
core   0: 3 0x8000457c (0x03bf32b3) x 5 0x00000000
core   0: 0x80004580 (0x02419033) mulh    zero, gp, tp
core   0: 3 0x80004580 (0x02419033)
core   0: 0x80004584 (0xb15f8817) auipc   a6, 0xb15f8
core   0: 3 0x80004584 (0xb15f8817) x16 0x315fc584
core   0: 0x80004588 (0xdd2b3117) auipc   sp, 0xdd2b3
core   0: 3 0x80004588 (0xdd2b3117) x 2 0x5d2b7588
core   0: 0x8000458c (0x00008cc1) c.or    s1, s0
core   0: 3 0x8000458c (0x8cc1) x 9 0xfffc9b2c
core   0: 0x8000458e (0xdf12f413) andi    s0, t0, -527
core   0: 3 0x8000458e (0xdf12f413) x 8 0x00000000
core   0: 0x80004592 (0x00000994) c.addi4spn a3, sp, 208
core   0: 3 0x80004592 (0x0994) x13 0x5d2b7658
core   0: 0x80004594 (0x023f3eb3) mulhu   t4, t5, gp
core   0: 3 0x80004594 (0x023f3eb3) x29 0x00000000
core   0: 0x80004598 (0x40545a33) sra     s4, s0, t0
core   0: 3 0x80004598 (0x40545a33) x20 0x00000000
core   0: 0x8000459c (0x0187c733) xor     a4, a5, s8
core   0: 3 0x8000459c (0x0187c733) x14 0x8df491ac
core   0: 0x800045a0 (0x00011263) bnez    sp, pc + 4
core   0: 3 0x800045a0 (0x00011263)
core   0: 0x800045a4 (0xc18a0193) addi    gp, s4, -1000
core   0: 3 0x800045a4 (0xc18a0193) x 3 0xfffffc18
core   0: 0x800045a8 (0x0cfa8413) addi    s0, s5, 207
core   0: 3 0x800045a8 (0x0cfa8413) x 8 0x100000ce
core   0: 0x800045ac (0x019d7733) and     a4, s10, s9
core   0: 3 0x800045ac (0x019d7733) x14 0x887f79c9
core   0: 0x800045b0 (0x028a7db3) remu    s11, s4, s0
core   0: 3 0x800045b0 (0x028a7db3) x27 0x00000000
core   0: 0x800045b4 (0x411fda33) sra     s4, t6, a7
core   0: 3 0x800045b4 (0x411fda33) x20 0x00000000
core   0: 0x800045b8 (0x00008496) c.mv    s1, t0
core   0: 3 0x800045b8 (0x8496) x 9 0x00000000
core   0: 0x800045ba (0x00008e65) c.and   a2, s1
core   0: 3 0x800045ba (0x8e65) x12 0x00000000
core   0: 0x800045bc (0x29c8a013) slti    zero, a7, 668
core   0: 3 0x800045bc (0x29c8a013)
core   0: 0x800045c0 (0x415850b3) sra     ra, a6, s5
core   0: 3 0x800045c0 (0x415850b3) x 1 0x00000000
core   0: 0x800045c4 (0x00000001) c.nop
core   0: 3 0x800045c4 (0x0001)
core   0: 0x800045c6 (0x009818b3) sll     a7, a6, s1
core   0: 3 0x800045c6 (0x009818b3) x17 0x315fc584
core   0: 0x800045ca (0x00006de5) c.lui   s11, 0x19
core   0: 3 0x800045ca (0x6de5) x27 0x00019000
core   0: 0x800045cc (0x0214c963) blt     s1, ra, pc + 50
core   0: 3 0x800045cc (0x0214c963)
core   0: 0x800045d0 (0x0000e49d) c.bnez  s1, pc + 46
core   0: 3 0x800045d0 (0xe49d)
core   0: 0x800045d2 (0x0ff0000f) fence   iorw,iorw
core   0: 3 0x800045d2 (0x0ff0000f)
core   0: 0x800045d6 (0x031d4a63) blt     s10, a7, pc + 52
core   0: 3 0x800045d6 (0x031d4a63)
core   0: 0x8000460a (0x0117a8b3) slt     a7, a5, a7
core   0: 3 0x8000460a (0x0117a8b3) x17 0x00000001
core   0: 0x8000460e (0x003e62b3) or      t0, t3, gp
core   0: 3 0x8000460e (0x003e62b3) x 5 0xfffffc19
core   0: 0x80004612 (0x02ade363) bltu    s11, a0, pc + 38
core   0: 3 0x80004612 (0x02ade363)
core   0: 0x80004638 (0x00008e6d) c.and   a2, a1
core   0: 3 0x80004638 (0x8e6d) x12 0x00000000
core   0: 0x8000463a (0xfa8e6a13) ori     s4, t3, -88
core   0: 3 0x8000463a (0xfa8e6a13) x20 0xffffffa9
core   0: 0x8000463e (0x00008cd1) c.or    s1, a2
core   0: 3 0x8000463e (0x8cd1) x 9 0x00000000
core   0: 0x80004640 (0x00547c33) and     s8, s0, t0
core   0: 3 0x80004640 (0x00547c33) x24 0x10000008
core   0: 0x80004644 (0x0000040a) c.slli  s0, 2
core   0: 3 0x80004644 (0x040a) x 8 0x40000338
core   0: 0x80004646 (0x0184c633) xor     a2, s1, s8
core   0: 3 0x80004646 (0x0184c633) x12 0x10000008
core   0: 0x8000464a (0x0000100f) fence.i
core   0: 3 0x8000464a (0x0000100f)
core   0: 0x8000464e (0x0000890e) c.mv    s2, gp
core   0: 3 0x8000464e (0x890e) x18 0xfffffc18
core   0: 0x80004650 (0x00008355) c.srli  a4, 21
core   0: 3 0x80004650 (0x8355) x14 0x00000443
core   0: 0x80004652 (0x0000eb81) c.bnez  a5, pc + 16
core   0: 3 0x80004652 (0xeb81)
core   0: 0x80004654 (0x00000001) c.nop
core   0: 3 0x80004654 (0x0001)
core   0: 0x80004656 (0x0000e039) c.bnez  s0, pc + 70
core   0: 3 0x80004656 (0xe039)
core   0: 0x8000469c (0x02986933) rem     s2, a6, s1
core   0: 3 0x8000469c (0x02986933) x18 0x315fc584
core   0: 0x800046a0 (0x009b7933) and     s2, s6, s1
core   0: 3 0x800046a0 (0x009b7933) x18 0x00000000
core   0: 0x800046a4 (0x40be52b3) sra     t0, t3, a1
core   0: 3 0x800046a4 (0x40be52b3) x 5 0x00000000
core   0: 0x800046a8 (0x0178a133) slt     sp, a7, s7
core   0: 3 0x800046a8 (0x0178a133) x 2 0x00000000
core   0: 0x800046ac (0x012be463) bltu    s7, s2, pc + 8
core   0: 3 0x800046ac (0x012be463)
core   0: 0x800046b0 (0x01d21733) sll     a4, tp, t4
core   0: 3 0x800046b0 (0x01d21733) x14 0x00000000
core   0: 0x800046b4 (0x02d83333) mulhu   t1, a6, a3
core   0: 3 0x800046b4 (0x02d83333) x 6 0x11f82caa
core   0: 0x800046b8 (0x00a71a13) slli    s4, a4, 10
core   0: 3 0x800046b8 (0x00a71a13) x20 0x00000000
core   0: 0x800046bc (0x00418f63) beq     gp, tp, pc + 30
core   0: 3 0x800046bc (0x00418f63)
core   0: 0x800046c0 (0x0000ec81) c.bnez  s1, pc + 24
core   0: 3 0x800046c0 (0xec81)
core   0: 0x800046c2 (0x411a5b33) sra     s6, s4, a7
core   0: 3 0x800046c2 (0x411a5b33) x22 0x00000000
core   0: 0x800046c6 (0x72a32bb7) lui     s7, 0x72a32
core   0: 3 0x800046c6 (0x72a32bb7) x23 0x72a32000
core   0: 0x800046ca (0x01aecc63) blt     t4, s10, pc + 24
core   0: 3 0x800046ca (0x01aecc63)
core   0: 0x800046ce (0x00a936b3) sltu    a3, s2, a0
core   0: 3 0x800046ce (0x00a936b3) x13 0x00000001
core   0: 0x800046d2 (0x000083c1) c.srli  a5, 16
core   0: 3 0x800046d2 (0x83c1) x15 0x00000000
core   0: 0x800046d4 (0x00005bfd) c.li    s7, -1
core   0: 3 0x800046d4 (0x5bfd) x23 0xffffffff
core   0: 0x800046d6 (0x00000001) c.nop
core   0: 3 0x800046d6 (0x0001)
core   0: 0x800046d8 (0x000001a1) c.addi  gp, 8
core   0: 3 0x800046d8 (0x01a1) x 3 0xfffffc20
core   0: 0x800046da (0x0000100f) fence.i
core   0: 3 0x800046da (0x0000100f)
core   0: 0x800046de (0x40f10333) sub     t1, sp, a5
core   0: 3 0x800046de (0x40f10333) x 6 0x00000000
core   0: 0x800046e2 (0x007cd4b3) srl     s1, s9, t2
core   0: 3 0x800046e2 (0x007cd4b3) x 9 0x000110fe
core   0: 0x800046e6 (0x02922a33) mulhsu  s4, tp, s1
core   0: 3 0x800046e6 (0x02922a33) x20 0x00000000
core   0: 0x800046ea (0x000088f5) c.andi  s1, 29
core   0: 3 0x800046ea (0x88f5) x 9 0x0000001c
core   0: 0x800046ec (0x016f4833) xor     a6, t5, s6
core   0: 3 0x800046ec (0x016f4833) x16 0x00000000
core   0: 0x800046f0 (0x00008f01) c.sub   a4, s0
core   0: 3 0x800046f0 (0x8f01) x14 0xbffffcc8
core   0: 0x800046f2 (0x000d8a33) add     s4, s11, zero
core   0: 3 0x800046f2 (0x000d8a33) x20 0x00019000
core   0: 0x800046f6 (0x02931e63) bne     t1, s1, pc + 60
core   0: 3 0x800046f6 (0x02931e63)
core   0: 0x80004732 (0x00000001) c.nop
core   0: 3 0x80004732 (0x0001)
core   0: 0x80004734 (0x00009d32) c.add   s10, a2
core   0: 3 0x80004734 (0x9d32) x26 0x10000007
core   0: 0x80004736 (0x033dce63) blt     s11, s3, pc + 60
core   0: 3 0x80004736 (0x033dce63)
core   0: 0x8000473a (0x0000987d) c.andi  s0, -1
core   0: 3 0x8000473a (0x987d) x 8 0x40000338
core   0: 0x8000473c (0x0054d8b3) srl     a7, s1, t0
core   0: 3 0x8000473c (0x0054d8b3) x17 0x0000001c
core   0: 0x80004740 (0x02801033) mulh    zero, zero, s0
core   0: 3 0x80004740 (0x02801033)
core   0: 0x80004744 (0x00009c3a) c.add   s8, a4
core   0: 3 0x80004744 (0x9c3a) x24 0xcffffcd0
core   0: 0x80004746 (0x631eef97) auipc   t6, 0x631ee
core   0: 3 0x80004746 (0x631eef97) x31 0xe31f2746
core   0: 0x8000474a (0x0000ec15) c.bnez  s0, pc + 60
core   0: 3 0x8000474a (0xec15)
core   0: 0x80004786 (0x01673fb3) sltu    t6, a4, s6
core   0: 3 0x80004786 (0x01673fb3) x31 0x00000000
core   0: 0x8000478a (0x0000c391) c.beqz  a5, pc + 4
core   0: 3 0x8000478a (0xc391)
core   0: 0x8000478e (0x05e84163) blt     a6, t5, pc + 66
core   0: 3 0x8000478e (0x05e84163)
core   0: 0x80004792 (0x41778133) sub     sp, a5, s7
core   0: 3 0x80004792 (0x41778133) x 2 0x00000001
core   0: 0x80004796 (0x7a768993) addi    s3, a3, 1959
core   0: 3 0x80004796 (0x7a768993) x19 0x000007a8
core   0: 0x8000479a (0x71102a17) auipc   s4, 0x71102
core   0: 3 0x8000479a (0x71102a17) x20 0xf110679a
core   0: 0x8000479e (0x00008e21) c.xor   a2, s0
core   0: 3 0x8000479e (0x8e21) x12 0x50000330
core   0: 0x800047a0 (0x00000001) c.nop
core   0: 3 0x800047a0 (0x0001)
core   0: 0x800047a2 (0x00001bfd) c.addi  s7, -1
core   0: 3 0x800047a2 (0x1bfd) x23 0xfffffffe
core   0: 0x800047a4 (0x034a0633) mul     a2, s4, s4
core   0: 3 0x800047a4 (0x034a0633) x12 0x112d48a4
core   0: 0x800047a8 (0x02dd3033) mulhu   zero, s10, a3
core   0: 3 0x800047a8 (0x02dd3033)
core   0: 0x800047ac (0x03d179b3) remu    s3, sp, t4
core   0: 3 0x800047ac (0x03d179b3) x19 0x00000001
core   0: 0x800047b0 (0x01b69f63) bne     a3, s11, pc + 30
core   0: 3 0x800047b0 (0x01b69f63)
core   0: 0x800047ce (0x00000001) c.nop
core   0: 3 0x800047ce (0x0001)
core   0: 0x800047d0 (0x000082f5) c.srli  a3, 29
core   0: 3 0x800047d0 (0x82f5) x13 0x00000000
core   0: 0x800047d2 (0x0057f033) and     zero, a5, t0
core   0: 3 0x800047d2 (0x0057f033)
core   0: 0x800047d6 (0x2803b793) sltiu   a5, t2, 640
core   0: 3 0x800047d6 (0x2803b793) x15 0x00000000
core   0: 0x800047da (0x015f1f63) bne     t5, s5, pc + 30
core   0: 3 0x800047da (0x015f1f63)
core   0: 0x800047f8 (0x6a4c2737) lui     a4, 0x6a4c2
core   0: 3 0x800047f8 (0x6a4c2737) x14 0x6a4c2000
core   0: 0x800047fc (0x01f61f93) slli    t6, a2, 31
core   0: 3 0x800047fc (0x01f61f93) x31 0x00000000
core   0: 0x80004800 (0x02e28933) mul     s2, t0, a4
core   0: 3 0x80004800 (0x02e28933) x18 0x00000000
core   0: 0x80004804 (0x0ff0000f) fence   iorw,iorw
core   0: 3 0x80004804 (0x0ff0000f)
core   0: 0x80004808 (0x00008a06) c.mv    s4, ra
core   0: 3 0x80004808 (0x8a06) x20 0x00000000
core   0: 0x8000480a (0x00660763) beq     a2, t1, pc + 14
core   0: 3 0x8000480a (0x00660763)
core   0: 0x8000480e (0x021cf333) remu    t1, s9, ra
core   0: 3 0x8000480e (0x021cf333) x 6 0x887f79c9
core   0: 0x80004812 (0x000080a2) c.mv    ra, s0
core   0: 3 0x80004812 (0x80a2) x 1 0x40000338
core   0: 0x80004814 (0x035a9033) mulh    zero, s5, s5
core   0: 3 0x80004814 (0x035a9033)
core   0: 0x80004818 (0x3849a393) slti    t2, s3, 900
core   0: 3 0x80004818 (0x3849a393) x 7 0x00000001
core   0: 0x8000481c (0x0000cf1d) c.beqz  a4, pc + 62
core   0: 3 0x8000481c (0xcf1d)
core   0: 0x8000481e (0x00006ec9) c.lui   t4, 0x12
core   0: 3 0x8000481e (0x6ec9) x29 0x00012000
core   0: 0x80004820 (0xb36e8793) addi    a5, t4, -1226
core   0: 3 0x80004820 (0xb36e8793) x15 0x00011b36
core   0: 0x80004824 (0x006a5b93) srli    s7, s4, 6
core   0: 3 0x80004824 (0x006a5b93) x23 0x00000000
core   0: 0x80004828 (0x03a5c563) blt     a1, s10, pc + 42
core   0: 3 0x80004828 (0x03a5c563)
core   0: 0x80004852 (0x0000c391) c.beqz  a5, pc + 4
core   0: 3 0x80004852 (0xc391)
core   0: 0x80004854 (0x00000cc5) c.addi  s9, 17
core   0: 3 0x80004854 (0x0cc5) x25 0x887f79da
core   0: 0x80004856 (0x01361563) bne     a2, s3, pc + 10
core   0: 3 0x80004856 (0x01361563)
core   0: 0x80004860 (0x0000100f) fence.i
core   0: 3 0x80004860 (0x0000100f)
core   0: 0x80004864 (0x032d50b3) divu    ra, s10, s2
core   0: 3 0x80004864 (0x032d50b3) x 1 0xffffffff
core   0: 0x80004868 (0x01b124b3) slt     s1, sp, s11
core   0: 3 0x80004868 (0x01b124b3) x 9 0x00000001
core   0: 0x8000486c (0x1e944313) xori    t1, s0, 489
core   0: 3 0x8000486c (0x1e944313) x 6 0x400002d1
core   0: 0x80004870 (0x0000410d) c.li    sp, 3
core   0: 3 0x80004870 (0x410d) x 2 0x00000003
core   0: 0x80004872 (0x00008e8d) c.sub   a3, a1
core   0: 3 0x80004872 (0x8e8d) x13 0x7ffd931c
core   0: 0x80004874 (0x00000001) c.nop
core   0: 3 0x80004874 (0x0001)
core   0: 0x80004876 (0x40635293) srai    t0, t1, 6
core   0: 3 0x80004876 (0x40635293) x 5 0x0100000b
core   0: 0x8000487a (0x00008371) c.srli  a4, 28
core   0: 3 0x8000487a (0x8371) x14 0x00000006
core   0: 0x8000487c (0x002292b3) sll     t0, t0, sp
core   0: 3 0x8000487c (0x002292b3) x 5 0x08000058
core   0: 0x80004880 (0x406280b3) sub     ra, t0, t1
core   0: 3 0x80004880 (0x406280b3) x 1 0xc7fffd87
core   0: 0x80004884 (0x02654833) div     a6, a0, t1
core   0: 3 0x80004884 (0x02654833) x16 0xffffffff
core   0: 0x80004888 (0x40f50ab3) sub     s5, a0, a5
core   0: 3 0x80004888 (0x40f50ab3) x21 0x8001132e
core   0: 0x8000488c (0xfc92be13) sltiu   t3, t0, -55
core   0: 3 0x8000488c (0xfc92be13) x28 0x00000001
core   0: 0x80004890 (0x0000100f) fence.i
core   0: 3 0x80004890 (0x0000100f)
core   0: 0x80004894 (0x01e70d33) add     s10, a4, t5
core   0: 3 0x80004894 (0x01e70d33) x26 0x00000006
core   0: 0x80004898 (0x0000ea11) c.bnez  a2, pc + 20
core   0: 3 0x80004898 (0xea11)
core   0: 0x800048ac (0x00d23833) sltu    a6, tp, a3
core   0: 3 0x800048ac (0x00d23833) x16 0x00000001
core   0: 0x800048b0 (0x0ff0000f) fence   iorw,iorw
core   0: 3 0x800048b0 (0x0ff0000f)
core   0: 0x800048b4 (0x0245b033) mulhu   zero, a1, tp
core   0: 3 0x800048b4 (0x0245b033)
core   0: 0x800048b8 (0x005d1c33) sll     s8, s10, t0
core   0: 3 0x800048b8 (0x005d1c33) x24 0x06000000
core   0: 0x800048bc (0x00000789) c.addi  a5, 2
core   0: 3 0x800048bc (0x0789) x15 0x00011b38
core   0: 0x800048be (0x03e2dfb3) divu    t6, t0, t5
core   0: 3 0x800048be (0x03e2dfb3) x31 0xffffffff
core   0: 0x800048c2 (0x0015dcb3) srl     s9, a1, ra
core   0: 3 0x800048c2 (0x0015dcb3) x25 0x010004d9
core   0: 0x800048c6 (0x00000d6a) c.slli  s10, 26
core   0: 3 0x800048c6 (0x0d6a) x26 0x18000000
core   0: 0x800048c8 (0x008c4633) xor     a2, s8, s0
core   0: 3 0x800048c8 (0x008c4633) x12 0x46000338
core   0: 0x800048cc (0xe609c737) lui     a4, 0xe609c
core   0: 3 0x800048cc (0xe609c737) x14 0xe609c000
core   0: 0x800048d0 (0x02e55c63) bge     a0, a4, pc + 56
core   0: 3 0x800048d0 (0x02e55c63)
core   0: 0x800048d4 (0x0000983e) c.add   a6, a5
core   0: 3 0x800048d4 (0x983e) x16 0x00011b39
core   0: 0x800048d6 (0x011f3333) sltu    t1, t5, a7
core   0: 3 0x800048d6 (0x011f3333) x 6 0x00000001
core   0: 0x800048da (0x0000717d) c.addi16sp sp, -16
core   0: 3 0x800048da (0x717d) x 2 0xfffffff3
core   0: 0x800048dc (0x00955793) srli    a5, a0, 9
core   0: 3 0x800048dc (0x00955793) x15 0x00400117
core   0: 0x800048e0 (0x037b9a63) bne     s7, s7, pc + 52
core   0: 3 0x800048e0 (0x037b9a63)
core   0: 0x800048e4 (0x0000597d) c.li    s2, -1
core   0: 3 0x800048e4 (0x597d) x18 0xffffffff
core   0: 0x800048e6 (0x12448113) addi    sp, s1, 292
core   0: 3 0x800048e6 (0x12448113) x 2 0x00000125
core   0: 0x800048ea (0x028f8833) mul     a6, t6, s0
core   0: 3 0x800048ea (0x028f8833) x16 0xbffffcc8
core   0: 0x800048ee (0x00006be1) c.lui   s7, 0x18
core   0: 3 0x800048ee (0x6be1) x23 0x00018000
core   0: 0x800048f0 (0x00ba7a33) and     s4, s4, a1
core   0: 3 0x800048f0 (0x00ba7a33) x20 0x00000000
core   0: 0x800048f4 (0x00006c8d) c.lui   s9, 0x3
core   0: 3 0x800048f4 (0x6c8d) x25 0x00003000
core   0: 0x800048f6 (0x0349cf33) div     t5, s3, s4
core   0: 3 0x800048f6 (0x0349cf33) x30 0xffffffff
core   0: 0x800048fa (0x00008645) c.srai  a2, 17
core   0: 3 0x800048fa (0x8645) x12 0x00002300
core   0: 0x800048fc (0x024cc4b3) div     s1, s9, tp
core   0: 3 0x800048fc (0x024cc4b3) x 9 0xffffffff
core   0: 0x80004900 (0x03bf0363) beq     t5, s11, pc + 38
core   0: 3 0x80004900 (0x03bf0363)
core   0: 0x80004904 (0xf9976613) ori     a2, a4, -103
core   0: 3 0x80004904 (0xf9976613) x12 0xffffff99
core   0: 0x80004908 (0x03c8bd33) mulhu   s10, a7, t3
core   0: 3 0x80004908 (0x03c8bd33) x26 0x00000000
core   0: 0x8000490c (0x00004971) c.li    s2, 28
core   0: 3 0x8000490c (0x4971) x18 0x0000001c
core   0: 0x8000490e (0x01be9eb3) sll     t4, t4, s11
core   0: 3 0x8000490e (0x01be9eb3) x29 0x00012000
core   0: 0x80004912 (0x00008c29) c.xor   s0, a0
core   0: 3 0x80004912 (0x8c29) x 8 0xc0022d5c
core   0: 0x80004914 (0x00008ce1) c.and   s1, s0
core   0: 3 0x80004914 (0x8ce1) x 9 0xc0022d5c
core   0: 0x80004916 (0x00000001) c.nop
core   0: 3 0x80004916 (0x0001)
core   0: 0x80004918 (0x032fd633) divu    a2, t6, s2
core   0: 3 0x80004918 (0x032fd633) x12 0x09249249
core   0: 0x8000491c (0x030cdf33) divu    t5, s9, a6
core   0: 3 0x8000491c (0x030cdf33) x30 0x00000000
core   0: 0x80004920 (0xe9bf6cb7) lui     s9, 0xe9bf6
core   0: 3 0x80004920 (0xe9bf6cb7) x25 0xe9bf6000
core   0: 0x80004924 (0x000084ad) c.srai  s1, 11
core   0: 3 0x80004924 (0x84ad) x 9 0xfff80045
core   0: 0x80004926 (0x00001998) c.addi4spn a4, sp, 240
core   0: 3 0x80004926 (0x1998) x14 0x00000215
core   0: 0x80004928 (0x00000001) c.nop
core   0: 3 0x80004928 (0x0001)
core   0: 0x8000492a (0x01836cb3) or      s9, t1, s8
core   0: 3 0x8000492a (0x01836cb3) x25 0x06000001
core   0: 0x8000492e (0x000098fd) c.andi  s1, -1
core   0: 3 0x8000492e (0x98fd) x 9 0xfff80045
core   0: 0x80004930 (0x41cfd993) srai    s3, t6, 28
core   0: 3 0x80004930 (0x41cfd993) x19 0xffffffff
core   0: 0x80004934 (0x02dbacb3) mulhsu  s9, s7, a3
core   0: 3 0x80004934 (0x02dbacb3) x25 0x0000bffc
core   0: 0x80004938 (0x02b1ec33) rem     s8, gp, a1
core   0: 3 0x80004938 (0x02b1ec33) x24 0xfffffc20
core   0: 0x8000493c (0x00009bf6) c.add   s7, t4
core   0: 3 0x8000493c (0x9bf6) x23 0x0002a000
core   0: 0x8000493e (0x000eab33) slt     s6, t4, zero
core   0: 3 0x8000493e (0x000eab33) x22 0x00000000
core   0: 0x80004942 (0x0000e339) c.bnez  a4, pc + 70
core   0: 3 0x80004942 (0xe339)
core   0: 0x80004988 (0x02ceea63) bltu    t4, a2, pc + 52
core   0: 3 0x80004988 (0x02ceea63)
core   0: 0x800049bc (0x022e6833) rem     a6, t3, sp
core   0: 3 0x800049bc (0x022e6833) x16 0x00000001
core   0: 0x800049c0 (0x0391f8b3) remu    a7, gp, s9
core   0: 3 0x800049c0 (0x0391f8b3) x17 0x00005190
core   0: 0x800049c4 (0x00008431) c.srai  s0, 12
core   0: 3 0x800049c4 (0x8431) x 8 0xfffc0022
core   0: 0x800049c6 (0x02e5b633) mulhu   a2, a1, a4
core   0: 3 0x800049c6 (0x02e5b633) x12 0x0000010a
core   0: 0x800049ca (0x00008e31) c.xor   a2, a2
core   0: 3 0x800049ca (0x8e31) x12 0x00000000
core   0: 0x800049cc (0x037f1db3) mulh    s11, t5, s7
core   0: 3 0x800049cc (0x037f1db3) x27 0x00000000
core   0: 0x800049d0 (0x00409113) slli    sp, ra, 4
core   0: 3 0x800049d0 (0x00409113) x 2 0x7fffd870
core   0: 0x800049d4 (0x0090e7b3) or      a5, ra, s1
core   0: 3 0x800049d4 (0x0090e7b3) x15 0xfffffdc7
core   0: 0x800049d8 (0x4dc7fe93) andi    t4, a5, 1244
core   0: 3 0x800049d8 (0x4dc7fe93) x29 0x000004c4
core   0: 0x800049dc (0xa9a4b793) sltiu   a5, s1, -1382
core   0: 3 0x800049dc (0xa9a4b793) x15 0x00000001
core   0: 0x800049e0 (0x00009a7d) c.andi  a2, -1
core   0: 3 0x800049e0 (0x9a7d) x12 0x00000000
core   0: 0x800049e2 (0x00008f51) c.or    a4, a2
core   0: 3 0x800049e2 (0x8f51) x14 0x00000215
core   0: 0x800049e4 (0x0000717d) c.addi16sp sp, -16
core   0: 3 0x800049e4 (0x717d) x 2 0x7fffd860
core   0: 0x800049e6 (0x0039b933) sltu    s2, s3, gp
core   0: 3 0x800049e6 (0x0039b933) x18 0x00000000
core   0: 0x800049ea (0x00000001) c.nop
core   0: 3 0x800049ea (0x0001)
core   0: 0x800049ec (0x01f0e463) bltu    ra, t6, pc + 8
core   0: 3 0x800049ec (0x01f0e463)
core   0: 0x800049f4 (0x05746363) bltu    s0, s7, pc + 70
core   0: 3 0x800049f4 (0x05746363)
core   0: 0x800049f8 (0x0080e733) or      a4, ra, s0
core   0: 3 0x800049f8 (0x0080e733) x14 0xfffffda7
core   0: 0x800049fc (0x0397f633) remu    a2, a5, s9
core   0: 3 0x800049fc (0x0397f633) x12 0x00000001
core   0: 0x80004a00 (0x03979e33) mulh    t3, a5, s9
core   0: 3 0x80004a00 (0x03979e33) x28 0x00000000
core   0: 0x80004a04 (0x9f47ae13) slti    t3, a5, -1548
core   0: 3 0x80004a04 (0x9f47ae13) x28 0x00000000
core   0: 0x80004a08 (0x0000e801) c.bnez  s0, pc + 16
core   0: 3 0x80004a08 (0xe801)
core   0: 0x80004a18 (0x00000001) c.nop
core   0: 3 0x80004a18 (0x0001)
core   0: 0x80004a1a (0x92484813) xori    a6, a6, -1756
core   0: 3 0x80004a1a (0x92484813) x16 0xfffff925
core   0: 0x80004a1e (0x03ac2133) mulhsu  sp, s8, s10
core   0: 3 0x80004a1e (0x03ac2133) x 2 0x00000000
core   0: 0x80004a22 (0x66fc6313) ori     t1, s8, 1647
core   0: 3 0x80004a22 (0x66fc6313) x 6 0xfffffe6f
core   0: 0x80004a26 (0xf6a53393) sltiu   t2, a0, -150
core   0: 3 0x80004a26 (0xf6a53393) x 7 0x00000001
core   0: 0x80004a2a (0x0ff0000f) fence   iorw,iorw
core   0: 3 0x80004a2a (0x0ff0000f)
core   0: 0x80004a2e (0x020a08b3) mul     a7, s4, zero
core   0: 3 0x80004a2e (0x020a08b3) x17 0x00000000
core   0: 0x80004a32 (0x00287463) bgeu    a6, sp, pc + 8
core   0: 3 0x80004a32 (0x00287463)
core   0: 0x80004a3a (0x00008f71) c.and   a4, a2
core   0: 3 0x80004a3a (0x8f71) x14 0x00000001
core   0: 0x80004a3c (0x403bda93) srai    s5, s7, 3
core   0: 3 0x80004a3c (0x403bda93) x21 0x00005400
core   0: 0x80004a40 (0x0000100f) fence.i
core   0: 3 0x80004a40 (0x0000100f)
core   0: 0x80004a44 (0x03b98f63) beq     s3, s11, pc + 62
core   0: 3 0x80004a44 (0x03b98f63)
core   0: 0x80004a48 (0x0000100f) fence.i
core   0: 3 0x80004a48 (0x0000100f)
core   0: 0x80004a4c (0x00006cf9) c.lui   s9, 0x1e
core   0: 3 0x80004a4c (0x6cf9) x25 0x0001e000
core   0: 0x80004a4e (0x011ce933) or      s2, s9, a7
core   0: 3 0x80004a4e (0x011ce933) x18 0x0001e000
core   0: 0x80004a52 (0x000090ca) c.add   ra, s2
core   0: 3 0x80004a52 (0x90ca) x 1 0xc801dd87
core   0: 0x80004a54 (0x74e482b7) lui     t0, 0x74e48
core   0: 3 0x80004a54 (0x74e482b7) x 5 0x74e48000
core   0: 0x80004a58 (0x0105e263) bltu    a1, a6, pc + 4
core   0: 3 0x80004a58 (0x0105e263)
core   0: 0x80004a5c (0x00008699) c.srai  a3, 6
core   0: 3 0x80004a5c (0x8699) x13 0x01fff64c
core   0: 0x80004a5e (0x00008cb1) c.xor   s1, a2
core   0: 3 0x80004a5e (0x8cb1) x 9 0xfff80044
core   0: 0x80004a60 (0x0228f333) remu    t1, a7, sp
core   0: 3 0x80004a60 (0x0228f333) x 6 0x00000000
core   0: 0x80004a64 (0x039c91b3) mulh    gp, s9, s9
core   0: 3 0x80004a64 (0x039c91b3) x 3 0x00000003
core   0: 0x80004a68 (0x00001384) c.addi4spn s1, sp, 480
core   0: 3 0x80004a68 (0x1384) x 9 0x000001e0
core   0: 0x80004a6a (0xe30b3713) sltiu   a4, s6, -464
core   0: 3 0x80004a6a (0xe30b3713) x14 0x00000001
core   0: 0x80004a6e (0xd96869b7) lui     s3, 0xd9686
core   0: 3 0x80004a6e (0xd96869b7) x19 0xd9686000
core   0: 0x80004a72 (0x41bb87b3) sub     a5, s7, s11
core   0: 3 0x80004a72 (0x41bb87b3) x15 0x0002a000
core   0: 0x80004a76 (0x02149d33) mulh    s10, s1, ra
core   0: 3 0x80004a76 (0x02149d33) x26 0xffffff97
core   0: 0x80004a7a (0x000084d1) c.srai  s1, 20
core   0: 3 0x80004a7a (0x84d1) x 9 0x00000000
core   0: 0x80004a7c (0x00000c94) c.addi4spn a3, sp, 592
core   0: 3 0x80004a7c (0x0c94) x13 0x00000250
core   0: 0x80004a7e (0x00000001) c.nop
core   0: 3 0x80004a7e (0x0001)
core   0: 0x80004a80 (0x00008f71) c.and   a4, a2
core   0: 3 0x80004a80 (0x8f71) x14 0x00000001
core   0: 0x80004a82 (0x01772733) slt     a4, a4, s7
core   0: 3 0x80004a82 (0x01772733) x14 0x00000001
core   0: 0x80004a86 (0x00000676) c.slli  a2, 29
core   0: 3 0x80004a86 (0x0676) x12 0x20000000
core   0: 0x80004a88 (0x034bec33) rem     s8, s7, s4
core   0: 3 0x80004a88 (0x034bec33) x24 0x0002a000
core   0: 0x80004a8c (0x00a54f33) xor     t5, a0, a0
core   0: 3 0x80004a8c (0x00a54f33) x30 0x00000000
core   0: 0x80004a90 (0x0000100f) fence.i
core   0: 3 0x80004a90 (0x0000100f)
core   0: 0x80004a94 (0x014bf333) and     t1, s7, s4
core   0: 3 0x80004a94 (0x014bf333) x 6 0x00000000
core   0: 0x80004a98 (0x010de2b3) or      t0, s11, a6
core   0: 3 0x80004a98 (0x010de2b3) x 5 0xfffff925
core   0: 0x80004a9c (0x00008451) c.srai  s0, 20
core   0: 3 0x80004a9c (0x8451) x 8 0xffffffff
core   0: 0x80004a9e (0x00008cf5) c.and   s1, a3
core   0: 3 0x80004a9e (0x8cf5) x 9 0x00000000
core   0: 0x80004aa0 (0x000083ed) c.srli  a5, 27
core   0: 3 0x80004aa0 (0x83ed) x15 0x00000000
core   0: 0x80004aa2 (0x410b5a33) sra     s4, s6, a6
core   0: 3 0x80004aa2 (0x410b5a33) x20 0x00000000
core   0: 0x80004aa6 (0x00008fc5) c.or    a5, s1
core   0: 3 0x80004aa6 (0x8fc5) x15 0x00000000
core   0: 0x80004aa8 (0xfc6dfc13) andi    s8, s11, -58
core   0: 3 0x80004aa8 (0xfc6dfc13) x24 0x00000000
core   0: 0x80004aac (0x022404b3) mul     s1, s0, sp
core   0: 3 0x80004aac (0x022404b3) x 9 0x00000000
core   0: 0x80004ab0 (0x01894f33) xor     t5, s2, s8
core   0: 3 0x80004ab0 (0x01894f33) x30 0x0001e000
core   0: 0x80004ab4 (0x00000b55) c.addi  s6, 21
core   0: 3 0x80004ab4 (0x0b55) x22 0x00000015
core   0: 0x80004ab6 (0x00000bf1) c.addi  s7, 28
core   0: 3 0x80004ab6 (0x0bf1) x23 0x0002a01c
core   0: 0x80004ab8 (0x00000001) c.nop
core   0: 3 0x80004ab8 (0x0001)
core   0: 0x80004aba (0x0000c299) c.beqz  a3, pc + 6
core   0: 3 0x80004aba (0xc299)
core   0: 0x80004abc (0x00008f9d) c.sub   a5, a5
core   0: 3 0x80004abc (0x8f9d) x15 0x00000000
core   0: 0x80004abe (0x0000944e) c.add   s0, s3
core   0: 3 0x80004abe (0x944e) x 8 0xd9685fff
core   0: 0x80004ac0 (0x01fc8663) beq     s9, t6, pc + 12
core   0: 3 0x80004ac0 (0x01fc8663)
core   0: 0x80004ac4 (0x00008edd) c.or    a3, a5
core   0: 3 0x80004ac4 (0x8edd) x13 0x00000250
core   0: 0x80004ac6 (0x00000001) c.nop
core   0: 3 0x80004ac6 (0x0001)
core   0: 0x80004ac8 (0x03389263) bne     a7, s3, pc + 36
core   0: 3 0x80004ac8 (0x03389263)
core   0: 0x80004aec (0x0ff0000f) fence   iorw,iorw
core   0: 3 0x80004aec (0x0ff0000f)
core   0: 0x80004af0 (0x0000cf05) c.beqz  a4, pc + 56
core   0: 3 0x80004af0 (0xcf05)
core   0: 0x80004af2 (0x9fc20013) addi    zero, tp, -1540
core   0: 3 0x80004af2 (0x9fc20013)
core   0: 0x80004af6 (0x03ed5763) bge     s10, t5, pc + 46
core   0: 3 0x80004af6 (0x03ed5763)
core   0: 0x80004afa (0xb99bde17) auipc   t3, 0xb99bd
core   0: 3 0x80004afa (0xb99bde17) x28 0x399c1afa
core   0: 0x80004afe (0x028f86b3) mul     a3, t6, s0
core   0: 3 0x80004afe (0x028f86b3) x13 0x2697a001
core   0: 0x80004b02 (0x011b07b3) add     a5, s6, a7
core   0: 3 0x80004b02 (0x011b07b3) x15 0x00000015
core   0: 0x80004b06 (0x03ef6d33) rem     s10, t5, t5
core   0: 3 0x80004b06 (0x03ef6d33) x26 0x00000000
core   0: 0x80004b0a (0x400d0933) sub     s2, s10, zero
core   0: 3 0x80004b0a (0x400d0933) x18 0x00000000
core   0: 0x80004b0e (0x00000001) c.nop
core   0: 3 0x80004b0e (0x0001)
core   0: 0x80004b10 (0xac69ae93) slti    t4, s3, -1338
core   0: 3 0x80004b10 (0xac69ae93) x29 0x00000001
core   0: 0x80004b14 (0xd688bd13) sltiu   s10, a7, -664
core   0: 3 0x80004b14 (0xd688bd13) x26 0x00000001
core   0: 0x80004b18 (0x01959a33) sll     s4, a1, s9
core   0: 3 0x80004b18 (0x01959a33) x20 0x80026ce4
core   0: 0x80004b1c (0x00001504) c.addi4spn s1, sp, 672
core   0: 3 0x80004b1c (0x1504) x 9 0x000002a0
core   0: 0x80004b1e (0x00008e7d) c.and   a2, a5
core   0: 3 0x80004b1e (0x8e7d) x12 0x00000000
core   0: 0x80004b20 (0x02912033) mulhsu  zero, sp, s1
core   0: 3 0x80004b20 (0x02912033)
core   0: 0x80004b24 (0x0079c763) blt     s3, t2, pc + 14
core   0: 3 0x80004b24 (0x0079c763)
core   0: 0x80004b32 (0x97f2e137) lui     sp, 0x97f2e
core   0: 3 0x80004b32 (0x97f2e137) x 2 0x97f2e000
core   0: 0x80004b36 (0x01514a33) xor     s4, sp, s5
core   0: 3 0x80004b36 (0x01514a33) x20 0x97f2b400
core   0: 0x80004b3a (0x02e99433) mulh    s0, s3, a4
core   0: 3 0x80004b3a (0x02e99433) x 8 0xffffffff
core   0: 0x80004b3e (0x00004149) c.li    sp, 18
core   0: 3 0x80004b3e (0x4149) x 2 0x00000012
core   0: 0x80004b40 (0x019cb8b3) sltu    a7, s9, s9
core   0: 3 0x80004b40 (0x019cb8b3) x17 0x00000000
core   0: 0x80004b44 (0x03d44db3) div     s11, s0, t4
core   0: 3 0x80004b44 (0x03d44db3) x27 0xffffffff
core   0: 0x80004b48 (0x0092ab33) slt     s6, t0, s1
core   0: 3 0x80004b48 (0x0092ab33) x22 0x00000001
core   0: 0x80004b4c (0xc0d80693) addi    a3, a6, -1011
core   0: 3 0x80004b4c (0xc0d80693) x13 0xfffff532
core   0: 0x80004b50 (0x0110cc63) blt     ra, a7, pc + 24
core   0: 3 0x80004b50 (0x0110cc63)
core   0: 0x80004b68 (0x037c4fb3) div     t6, s8, s7
core   0: 3 0x80004b68 (0x037c4fb3) x31 0x00000000
core   0: 0x80004b6c (0x00008f0d) c.sub   a4, a1
core   0: 3 0x80004b6c (0x8f0d) x14 0x7ffd931d
core   0: 0x80004b6e (0x1be90917) auipc   s2, 0x1be90
core   0: 3 0x80004b6e (0x1be90917) x18 0x9be94b6e
core   0: 0x80004b72 (0x02a7e463) bltu    a5, a0, pc + 40
core   0: 3 0x80004b72 (0x02a7e463)
core   0: 0x80004b9a (0x00a5d733) srl     a4, a1, a0
core   0: 3 0x80004b9a (0x00a5d733) x14 0x080026ce
core   0: 0x80004b9e (0x01e89d13) slli    s10, a7, 30
core   0: 3 0x80004b9e (0x01e89d13) x26 0x00000000
core   0: 0x80004ba2 (0xb20fbb13) sltiu   s6, t6, -1248
core   0: 3 0x80004ba2 (0xb20fbb13) x22 0x00000001
core   0: 0x80004ba6 (0xdf66f093) andi    ra, a3, -522
core   0: 3 0x80004ba6 (0xdf66f093) x 1 0xfffff532
core   0: 0x80004baa (0xce258693) addi    a3, a1, -798
core   0: 3 0x80004baa (0xce258693) x13 0x800269c6
core   0: 0x80004bae (0x40db5113) srai    sp, s6, 13
core   0: 3 0x80004bae (0x40db5113) x 2 0x00000000
core   0: 0x80004bb2 (0x03214eb3) div     t4, sp, s2
core   0: 3 0x80004bb2 (0x03214eb3) x29 0x00000000
core   0: 0x80004bb6 (0x0000c781) c.beqz  a5, pc + 8
core   0: 3 0x80004bb6 (0xc781)
core   0: 0x80004bb8 (0x02d94163) blt     s2, a3, pc + 34
core   0: 3 0x80004bb8 (0x02d94163)
core   0: 0x80004bbc (0x0000ea8d) c.bnez  a3, pc + 50
core   0: 3 0x80004bbc (0xea8d)
core   0: 0x80004bee (0x03c784b3) mul     s1, a5, t3
core   0: 3 0x80004bee (0x03c784b3) x 9 0xb9ce3682
core   0: 0x80004bf2 (0x0000cc89) c.beqz  s1, pc + 26
core   0: 3 0x80004bf2 (0xcc89)
core   0: 0x80004bf4 (0x0b911e63) bne     sp, s9, pc + 188
core   0: 3 0x80004bf4 (0x0b911e63)
core   0: 0x80004cb0 (0x02d5cf63) blt     a1, a3, pc + 62
core   0: 3 0x80004cb0 (0x02d5cf63)
core   0: 0x80004cb4 (0x02e47163) bgeu    s0, a4, pc + 34
core   0: 3 0x80004cb4 (0x02e47163)
core   0: 0x80004cd6 (0x0ff0000f) fence   iorw,iorw
core   0: 3 0x80004cd6 (0x0ff0000f)
core   0: 0x80004cda (0x0000613d) c.addi16sp sp, 480
core   0: 3 0x80004cda (0x613d) x 2 0x000001e0
core   0: 0x80004cdc (0x0000809a) c.mv    ra, t1
core   0: 3 0x80004cdc (0x809a) x 1 0x00000000
core   0: 0x80004cde (0xfe10a317) auipc   t1, 0xfe10a
core   0: 3 0x80004cde (0xfe10a317) x 6 0x7e10ecde
core   0: 0x80004ce2 (0x00000001) c.nop
core   0: 3 0x80004ce2 (0x0001)
core   0: 0x80004ce4 (0x00000001) c.nop
core   0: 3 0x80004ce4 (0x0001)
core   0: 0x80004ce6 (0x00000001) c.nop
core   0: 3 0x80004ce6 (0x0001)
core   0: 0x80004ce8 (0x00005cfd) c.li    s9, -1
core   0: 3 0x80004ce8 (0x5cfd) x25 0xffffffff
core   0: 0x80004cea (0x0240cb63) blt     ra, tp, pc + 54
core   0: 3 0x80004cea (0x0240cb63)
core   0: 0x80004cee (0x00008f6d) c.and   a4, a1
core   0: 3 0x80004cee (0x8f6d) x14 0x000024c4
core   0: 0x80004cf0 (0x00000001) c.nop
core   0: 3 0x80004cf0 (0x0001)
core   0: 0x80004cf2 (0x54ee0b13) addi    s6, t3, 1358
core   0: 3 0x80004cf2 (0x54ee0b13) x22 0x399c2048
core   0: 0x80004cf6 (0x00000001) c.nop
core   0: 3 0x80004cf6 (0x0001)
core   0: 0x80004cf8 (0x72758e13) addi    t3, a1, 1831
core   0: 3 0x80004cf8 (0x72758e13) x28 0x8002740b
core   0: 0x80004cfc (0x026380b3) mul     ra, t2, t1
core   0: 3 0x80004cfc (0x026380b3) x 1 0x7e10ecde
core   0: 0x80004d00 (0x00ff5263) bge     t5, a5, pc + 4
core   0: 3 0x80004d00 (0x00ff5263)
core   0: 0x80004d04 (0x00e18333) add     t1, gp, a4
core   0: 3 0x80004d04 (0x00e18333) x 6 0x000024c7
core   0: 0x80004d08 (0x000096fe) c.add   a3, t6
core   0: 3 0x80004d08 (0x96fe) x13 0x800269c6
core   0: 0x80004d0a (0x000082f5) c.srli  a3, 29
core   0: 3 0x80004d0a (0x82f5) x13 0x00000004
core   0: 0x80004d0c (0x00000001) c.nop
core   0: 3 0x80004d0c (0x0001)
core   0: 0x80004d0e (0x4a4eaa13) slti    s4, t4, 1188
core   0: 3 0x80004d0e (0x4a4eaa13) x20 0x00000001
core   0: 0x80004d12 (0xc0d459b7) lui     s3, 0xc0d45
core   0: 3 0x80004d12 (0xc0d459b7) x19 0xc0d45000
core   0: 0x80004d16 (0x4064d9b3) sra     s3, s1, t1
core   0: 3 0x80004d16 (0x4064d9b3) x19 0xff739c6d
core   0: 0x80004d1a (0xaaba8f97) auipc   t6, 0xaaba8
core   0: 3 0x80004d1a (0xaaba8f97) x31 0x2abacd1a
core   0: 0x80004d1e (0x00008fe5) c.and   a5, s1
core   0: 3 0x80004d1e (0x8fe5) x15 0x00000000
core   0: 0x80004d20 (0x02d80d63) beq     a6, a3, pc + 58
core   0: 3 0x80004d20 (0x02d80d63)
core   0: 0x80004d24 (0x000062f1) c.lui   t0, 0x1c
core   0: 3 0x80004d24 (0x62f1) x 5 0x0001c000
core   0: 0x80004d26 (0x00033c33) sltu    s8, t1, zero
core   0: 3 0x80004d26 (0x00033c33) x24 0x00000000
core   0: 0x80004d2a (0x013ee7b3) or      a5, t4, s3
core   0: 3 0x80004d2a (0x013ee7b3) x15 0xff739c6d
core   0: 0x80004d2e (0x008e5863) bge     t3, s0, pc + 16
core   0: 3 0x80004d2e (0x008e5863)
core   0: 0x80004d32 (0x03b66ab3) rem     s5, a2, s11
core   0: 3 0x80004d32 (0x03b66ab3) x21 0x00000000
core   0: 0x80004d36 (0xa6746037) lui     zero, 0xa6746
core   0: 3 0x80004d36 (0xa6746037)
core   0: 0x80004d3a (0x004de4b3) or      s1, s11, tp
core   0: 3 0x80004d3a (0x004de4b3) x 9 0xffffffff
core   0: 0x80004d3e (0x0177aeb3) slt     t4, a5, s7
core   0: 3 0x80004d3e (0x0177aeb3) x29 0x00000001
core   0: 0x80004d42 (0x00cf2b33) slt     s6, t5, a2
core   0: 3 0x80004d42 (0x00cf2b33) x22 0x00000000
core   0: 0x80004d46 (0x0000100f) fence.i
core   0: 3 0x80004d46 (0x0000100f)
core   0: 0x80004d4a (0xd569c113) xori    sp, s3, -682
core   0: 3 0x80004d4a (0xd569c113) x 2 0x008c613b
core   0: 0x80004d4e (0x03ad7c63) bgeu    s10, s10, pc + 56
core   0: 3 0x80004d4e (0x03ad7c63)
core   0: 0x80004d86 (0x41e95633) sra     a2, s2, t5
core   0: 3 0x80004d86 (0x41e95633) x12 0x9be94b6e
core   0: 0x80004d8a (0x00000001) c.nop
core   0: 3 0x80004d8a (0x0001)
core   0: 0x80004d8c (0x6eba3d13) sltiu   s10, s4, 1771
core   0: 3 0x80004d8c (0x6eba3d13) x26 0x00000001
core   0: 0x80004d90 (0x028932b3) mulhu   t0, s2, s0
core   0: 3 0x80004d90 (0x028932b3) x 5 0x9be94b6d
core   0: 0x80004d94 (0x0155ec63) bltu    a1, s5, pc + 24
core   0: 3 0x80004d94 (0x0155ec63)
core   0: 0x80004d98 (0x02a8a433) mulhsu  s0, a7, a0
core   0: 3 0x80004d98 (0x02a8a433) x 8 0x00000000
core   0: 0x80004d9c (0x02b02633) mulhsu  a2, zero, a1
core   0: 3 0x80004d9c (0x02b02633) x12 0x00000000
core   0: 0x80004da0 (0x01c79f33) sll     t5, a5, t3
core   0: 3 0x80004da0 (0x01c79f33) x30 0x9ce36800
core   0: 0x80004da4 (0x03fb81b3) mul     gp, s7, t6
core   0: 3 0x80004da4 (0x03fb81b3) x 3 0x06d2aed8
core   0: 0x80004da8 (0x05616263) bltu    sp, s6, pc + 68
core   0: 3 0x80004da8 (0x05616263)
core   0: 0x80004dac (0xa2d77197) auipc   gp, 0xa2d77
core   0: 3 0x80004dac (0xa2d77197) x 3 0x22d7bdac
core   0: 0x80004db0 (0x000043b5) c.li    t2, 13
core   0: 3 0x80004db0 (0x43b5) x 7 0x0000000d
core   0: 0x80004db2 (0xd670b997) auipc   s3, 0xd670b
core   0: 3 0x80004db2 (0xd670b997) x19 0x5670fdb2
core   0: 0x80004db6 (0x0ff0000f) fence   iorw,iorw
core   0: 3 0x80004db6 (0x0ff0000f)
core   0: 0x80004dba (0x01c97f33) and     t5, s2, t3
core   0: 3 0x80004dba (0x01c97f33) x30 0x8000400a
core   0: 0x80004dbe (0x03edfc33) remu    s8, s11, t5
core   0: 3 0x80004dbe (0x03edfc33) x24 0x7fffbff5
core   0: 0x80004dc2 (0x122c83b7) lui     t2, 0x122c8
core   0: 3 0x80004dc2 (0x122c83b7) x 7 0x122c8000
core   0: 0x80004dc6 (0x00000001) c.nop
core   0: 3 0x80004dc6 (0x0001)
core   0: 0x80004dc8 (0x9b267f13) andi    t5, a2, -1614
core   0: 3 0x80004dc8 (0x9b267f13) x30 0x00000000
core   0: 0x80004dcc (0x025b1063) bne     s6, t0, pc + 32
core   0: 3 0x80004dcc (0x025b1063)
core   0: 0x80004dec (0x02802db3) mulhsu  s11, zero, s0
core   0: 3 0x80004dec (0x02802db3) x27 0x00000000
core   0: 0x80004df0 (0xf8124a37) lui     s4, 0xf8124
core   0: 3 0x80004df0 (0xf8124a37) x20 0xf8124000
core   0: 0x80004df4 (0x00344663) blt     s0, gp, pc + 12
core   0: 3 0x80004df4 (0x00344663)
core   0: 0x80004e00 (0x00009a7d) c.andi  a2, -1
core   0: 3 0x80004e00 (0x9a7d) x12 0x00000000
core   0: 0x80004e02 (0x6c1b3113) sltiu   sp, s6, 1729
core   0: 3 0x80004e02 (0x6c1b3113) x 2 0x00000001
core   0: 0x80004e06 (0x0000013a) c.slli  sp, 14
core   0: 3 0x80004e06 (0x013a) x 2 0x00004000
core   0: 0x80004e08 (0x66cfa713) slti    a4, t6, 1644
core   0: 3 0x80004e08 (0x66cfa713) x14 0x00000000
core   0: 0x80004e0c (0x0000547d) c.li    s0, -1
core   0: 3 0x80004e0c (0x547d) x 8 0xffffffff
core   0: 0x80004e0e (0x01bf9363) bne     t6, s11, pc + 6
core   0: 3 0x80004e0e (0x01bf9363)
core   0: 0x80004e14 (0x400be193) ori     gp, s7, 1024
core   0: 3 0x80004e14 (0x400be193) x 3 0x0002a41c
core   0: 0x80004e18 (0x02301db3) mulh    s11, zero, gp
core   0: 3 0x80004e18 (0x02301db3) x27 0x00000000
core   0: 0x80004e1c (0x32ec8093) addi    ra, s9, 814
core   0: 3 0x80004e1c (0x32ec8093) x 1 0x0000032d
core   0: 0x80004e20 (0x0000100f) fence.i
core   0: 3 0x80004e20 (0x0000100f)
core   0: 0x80004e24 (0x0305ed63) bltu    a1, a6, pc + 58
core   0: 3 0x80004e24 (0x0305ed63)
core   0: 0x80004e5e (0x40f90733) sub     a4, s2, a5
core   0: 3 0x80004e5e (0x40f90733) x14 0x9c75af01
core   0: 0x80004e62 (0x41410f33) sub     t5, sp, s4
core   0: 3 0x80004e62 (0x41410f33) x30 0x07ee0000
core   0: 0x80004e66 (0x000087c9) c.srai  a5, 18
core   0: 3 0x80004e66 (0x87c9) x15 0xffffffdc
core   0: 0x80004e68 (0x03ffea63) bltu    t6, t6, pc + 52
core   0: 3 0x80004e68 (0x03ffea63)
core   0: 0x80004e6c (0xd64de993) ori     s3, s11, -668
core   0: 3 0x80004e6c (0xd64de993) x19 0xfffffd64
core   0: 0x80004e70 (0x00006f69) c.lui   t5, 0x1a
core   0: 3 0x80004e70 (0x6f69) x30 0x0001a000
core   0: 0x80004e72 (0x2f66fd93) andi    s11, a3, 758
core   0: 3 0x80004e72 (0x2f66fd93) x27 0x00000004
core   0: 0x80004e76 (0x00008e19) c.sub   a2, a4
core   0: 3 0x80004e76 (0x8e19) x12 0x638a50ff
core   0: 0x80004e78 (0x0280b133) mulhu   sp, ra, s0
core   0: 3 0x80004e78 (0x0280b133) x 2 0x0000032c
core   0: 0x80004e7c (0x02878633) mul     a2, a5, s0
core   0: 3 0x80004e7c (0x02878633) x12 0x00000024
core   0: 0x80004e80 (0x0000437d) c.li    t1, 31
core   0: 3 0x80004e80 (0x437d) x 6 0x0000001f
core   0: 0x80004e82 (0x01809733) sll     a4, ra, s8
core   0: 3 0x80004e82 (0x01809733) x14 0x65a00000
core   0: 0x80004e86 (0x419457b3) sra     a5, s0, s9
core   0: 3 0x80004e86 (0x419457b3) x15 0xffffffff
core   0: 0x80004e8a (0x0000100f) fence.i
core   0: 3 0x80004e8a (0x0000100f)
core   0: 0x80004e8e (0x00000001) c.nop
core   0: 3 0x80004e8e (0x0001)
core   0: 0x80004e90 (0x00000001) c.nop
core   0: 3 0x80004e90 (0x0001)
core   0: 0x80004e92 (0x0000e3a1) c.bnez  a5, pc + 64
core   0: 3 0x80004e92 (0xe3a1)
core   0: 0x80004ed2 (0x6b610493) addi    s1, sp, 1718
core   0: 3 0x80004ed2 (0x6b610493) x 9 0x000009e2
core   0: 0x80004ed6 (0x4076d113) srai    sp, a3, 7
core   0: 3 0x80004ed6 (0x4076d113) x 2 0x00000000
core   0: 0x80004eda (0x0000806d) c.srli  s0, 27
core   0: 3 0x80004eda (0x806d) x 8 0x0000001f
core   0: 0x80004edc (0x035d7d63) bgeu    s10, s5, pc + 58
core   0: 3 0x80004edc (0x035d7d63)
core   0: 0x80004f16 (0x012f5333) srl     t1, t5, s2
core   0: 3 0x80004f16 (0x012f5333) x 6 0x00000006
core   0: 0x80004f1a (0x00258e63) beq     a1, sp, pc + 28
core   0: 3 0x80004f1a (0x00258e63)
core   0: 0x80004f1e (0x40a4ddb3) sra     s11, s1, a0
core   0: 3 0x80004f1e (0x40a4ddb3) x27 0x0000009e
core   0: 0x80004f22 (0x5d9e8493) addi    s1, t4, 1497
core   0: 3 0x80004f22 (0x5d9e8493) x 9 0x000005da
core   0: 0x80004f26 (0x00005efd) c.li    t4, -1
core   0: 3 0x80004f26 (0x5efd) x29 0xffffffff
core   0: 0x80004f28 (0x01d616b3) sll     a3, a2, t4
core   0: 3 0x80004f28 (0x01d616b3) x13 0x00000000
core   0: 0x80004f2c (0x0000c395) c.beqz  a5, pc + 36
core   0: 3 0x80004f2c (0xc395)
core   0: 0x80004f2e (0x00dbff63) bgeu    s7, a3, pc + 30
core   0: 3 0x80004f2e (0x00dbff63)
core   0: 0x80004f4c (0x00008e65) c.and   a2, s1
core   0: 3 0x80004f4c (0x8e65) x12 0x00000000
core   0: 0x80004f4e (0x00005cfd) c.li    s9, -1
core   0: 3 0x80004f4e (0x5cfd) x25 0xffffffff
core   0: 0x80004f50 (0x00000ee2) c.slli  t4, 24
core   0: 3 0x80004f50 (0x0ee2) x29 0xff000000
core   0: 0x80004f52 (0x022f6a33) rem     s4, t5, sp
core   0: 3 0x80004f52 (0x022f6a33) x20 0x0001a000
core   0: 0x80004f56 (0x01126133) or      sp, tp, a7
core   0: 3 0x80004f56 (0x01126133) x 2 0x00000000
core   0: 0x80004f5a (0xca1ec193) xori    gp, t4, -863
core   0: 3 0x80004f5a (0xca1ec193) x 3 0x00fffca1
core   0: 0x80004f5e (0x0217deb3) divu    t4, a5, ra
core   0: 3 0x80004f5e (0x0217deb3) x29 0x00509c2e
core   0: 0x80004f62 (0x0393c7b3) div     a5, t2, s9
core   0: 3 0x80004f62 (0x0393c7b3) x15 0xedd38000
core   0: 0x80004f66 (0x1d659897) auipc   a7, 0x1d659
core   0: 3 0x80004f66 (0x1d659897) x17 0x9d65df66
core   0: 0x80004f6a (0x03062c33) mulhsu  s8, a2, a6
core   0: 3 0x80004f6a (0x03062c33) x24 0x00000000
core   0: 0x80004f6e (0x00000001) c.nop
core   0: 3 0x80004f6e (0x0001)
core   0: 0x80004f70 (0xa3f84613) xori    a2, a6, -1473
core   0: 3 0x80004f70 (0xa3f84613) x12 0x0000031a
core   0: 0x80004f74 (0x015cfd33) and     s10, s9, s5
core   0: 3 0x80004f74 (0x015cfd33) x26 0x00000000
core   0: 0x80004f78 (0x0000e485) c.bnez  s1, pc + 40
core   0: 3 0x80004f78 (0xe485)
core   0: 0x80004fa0 (0x121c8f13) addi    t5, s9, 289
core   0: 3 0x80004fa0 (0x121c8f13) x30 0x00000120
core   0: 0x80004fa4 (0x01304433) xor     s0, zero, s3
core   0: 3 0x80004fa4 (0x01304433) x 8 0xfffffd64
core   0: 0x80004fa8 (0xe8f00693) li      a3, -369
core   0: 3 0x80004fa8 (0xe8f00693) x13 0xfffffe8f
core   0: 0x80004fac (0x05a58163) beq     a1, s10, pc + 66
core   0: 3 0x80004fac (0x05a58163)
core   0: 0x80004fb0 (0x81b078b7) lui     a7, 0x81b07
core   0: 3 0x80004fb0 (0x81b078b7) x17 0x81b07000
core   0: 0x80004fb4 (0x000080c6) c.mv    ra, a7
core   0: 3 0x80004fb4 (0x80c6) x 1 0x81b07000
core   0: 0x80004fb6 (0x00000001) c.nop
core   0: 3 0x80004fb6 (0x0001)
core   0: 0x80004fb8 (0x00006475) c.lui   s0, 0x1d
core   0: 3 0x80004fb8 (0x6475) x 8 0x0001d000
core   0: 0x80004fba (0x00bfb4b3) sltu    s1, t6, a1
core   0: 3 0x80004fba (0x00bfb4b3) x 9 0x00000001
core   0: 0x80004fbe (0x028d48b3) div     a7, s10, s0
core   0: 3 0x80004fbe (0x028d48b3) x17 0x00000000
core   0: 0x80004fc2 (0x411e0933) sub     s2, t3, a7
core   0: 3 0x80004fc2 (0x411e0933) x18 0x8002740b
core   0: 0x80004fc6 (0x000c9563) bnez    s9, pc + 10
core   0: 3 0x80004fc6 (0x000c9563)
core   0: 0x80004fd0 (0x0129ce33) xor     t3, s3, s2
core   0: 3 0x80004fd0 (0x0129ce33) x28 0x7ffd896f
core   0: 0x80004fd4 (0x0000c699) c.beqz  a3, pc + 14
core   0: 3 0x80004fd4 (0xc699)
core   0: 0x80004fd6 (0x8a457293) andi    t0, a0, -1884
core   0: 3 0x80004fd6 (0x8a457293) x 5 0x80022824
core   0: 0x80004fda (0x4078d693) srai    a3, a7, 7
core   0: 3 0x80004fda (0x4078d693) x13 0x00000000
core   0: 0x80004fde (0x0000100f) fence.i
core   0: 3 0x80004fde (0x0000100f)
core   0: 0x80004fe2 (0x00000001) c.nop
core   0: 3 0x80004fe2 (0x0001)
core   0: 0x80004fe4 (0x41f08433) sub     s0, ra, t6
core   0: 3 0x80004fe4 (0x41f08433) x 8 0x56f5a2e6
core   0: 0x80004fe8 (0x023273b3) remu    t2, tp, gp
core   0: 3 0x80004fe8 (0x023273b3) x 7 0x00000000
core   0: 0x80004fec (0x000084a6) c.mv    s1, s1
core   0: 3 0x80004fec (0x84a6) x 9 0x00000001
core   0: 0x80004fee (0x000011fd) c.addi  gp, -1
core   0: 3 0x80004fee (0x11fd) x 3 0x00fffca0
core   0: 0x80004ff0 (0x00000001) c.nop
core   0: 3 0x80004ff0 (0x0001)
core   0: 0x80004ff2 (0xcb78ca13) xori    s4, a7, -841
core   0: 3 0x80004ff2 (0xcb78ca13) x20 0xfffffcb7
core   0: 0x80004ff6 (0x005cc333) xor     t1, s9, t0
core   0: 3 0x80004ff6 (0x005cc333) x 6 0x7ffdd7db
core   0: 0x80004ffa (0x00000afa) c.slli  s5, 30
core   0: 3 0x80004ffa (0x0afa) x21 0x00000000
core   0: 0x80004ffc (0x021421b3) mulhsu  gp, s0, ra
core   0: 3 0x80004ffc (0x021421b3) x 3 0x2c0db601
core   0: 0x80005000 (0x00008996) c.mv    s3, t0
core   0: 3 0x80005000 (0x8996) x19 0x80022824
core   0: 0x80005002 (0x00378033) add     zero, a5, gp
core   0: 3 0x80005002 (0x00378033)
core   0: 0x80005006 (0xd7480113) addi    sp, a6, -652
core   0: 3 0x80005006 (0xd7480113) x 2 0xfffff699
core   0: 0x8000500a (0x000082dd) c.srli  a3, 23
core   0: 3 0x8000500a (0x82dd) x13 0x00000000
core   0: 0x8000500c (0x00000c2a) c.slli  s8, 10
core   0: 3 0x8000500c (0x0c2a) x24 0x00000000
core   0: 0x8000500e (0x02f8aa33) mulhsu  s4, a7, a5
core   0: 3 0x8000500e (0x02f8aa33) x20 0x00000000
core   0: 0x80005012 (0x04f19063) bne     gp, a5, pc + 64
core   0: 3 0x80005012 (0x04f19063)
core   0: 0x80005052 (0x025e34b3) mulhu   s1, t3, t0
core   0: 3 0x80005052 (0x025e34b3) x 9 0x3fffd8c4
core   0: 0x80005056 (0x0267d063) bge     a5, t1, pc + 32
core   0: 3 0x80005056 (0x0267d063)
core   0: 0x8000505a (0x00008399) c.srli  a5, 6
core   0: 3 0x8000505a (0x8399) x15 0x03b74e00
core   0: 0x8000505c (0x00009bfd) c.andi  a5, -1
core   0: 3 0x8000505c (0x9bfd) x15 0x03b74e00
core   0: 0x8000505e (0x02b48d63) beq     s1, a1, pc + 58
core   0: 3 0x8000505e (0x02b48d63)
core   0: 0x80005062 (0x0000809a) c.mv    ra, t1
core   0: 3 0x80005062 (0x809a) x 1 0x7ffdd7db
core   0: 0x80005064 (0x00496663) bltu    s2, tp, pc + 12
core   0: 3 0x80005064 (0x00496663)
core   0: 0x80005068 (0x16f42d93) slti    s11, s0, 367
core   0: 3 0x80005068 (0x16f42d93) x27 0x00000000
core   0: 0x8000506c (0x037d5033) divu    zero, s10, s7
core   0: 3 0x8000506c (0x037d5033)
core   0: 0x80005070 (0x0000843d) c.srai  s0, 15
core   0: 3 0x80005070 (0x843d) x 8 0x0000adeb
core   0: 0x80005072 (0x03285e63) bge     a6, s2, pc + 60
core   0: 3 0x80005072 (0x03285e63)
core   0: 0x800050ae (0x41ae8c33) sub     s8, t4, s10
core   0: 3 0x800050ae (0x41ae8c33) x24 0x00509c2e
core   0: 0x800050b2 (0xee67ac13) slti    s8, a5, -282
core   0: 3 0x800050b2 (0xee67ac13) x24 0x00000000
core   0: 0x800050b6 (0xf6f38eb7) lui     t4, 0xf6f38
core   0: 3 0x800050b6 (0xf6f38eb7) x29 0xf6f38000
core   0: 0x800050ba (0x0342e8b3) rem     a7, t0, s4
core   0: 3 0x800050ba (0x0342e8b3) x17 0x80022824
core   0: 0x800050be (0x401e8133) sub     sp, t4, ra
core   0: 3 0x800050be (0x401e8133) x 2 0x76f5a825
core   0: 0x800050c2 (0x52b87197) auipc   gp, 0x52b87
core   0: 3 0x800050c2 (0x52b87197) x 3 0xd2b8c0c2
core   0: 0x800050c6 (0x00008e75) c.and   a2, a3
core   0: 3 0x800050c6 (0x8e75) x12 0x00000000
core   0: 0x800050c8 (0x0df6e263) bltu    a3, t6, pc + 196
core   0: 3 0x800050c8 (0x0df6e263)
core   0: 0x8000518c (0x007d9993) slli    s3, s11, 7
core   0: 3 0x8000518c (0x007d9993) x19 0x00000000
core   0: 0x80005190 (0x030fea33) rem     s4, t6, a6
core   0: 3 0x80005190 (0x030fea33) x20 0x0000045f
core   0: 0x80005194 (0x0ff0000f) fence   iorw,iorw
core   0: 3 0x80005194 (0x0ff0000f)
core   0: 0x80005198 (0x0361b6b3) mulhu   a3, gp, s6
core   0: 3 0x80005198 (0x0361b6b3) x13 0x00000000
core   0: 0x8000519c (0x02b94b63) blt     s2, a1, pc + 54
core   0: 3 0x8000519c (0x02b94b63)
core   0: 0x800051a0 (0x02a6cc33) div     s8, a3, a0
core   0: 3 0x800051a0 (0x02a6cc33) x24 0x00000000
core   0: 0x800051a4 (0x03fd5663) bge     s10, t6, pc + 44
core   0: 3 0x800051a4 (0x03fd5663)
core   0: 0x800051a8 (0x000003bd) c.addi  t2, 15
core   0: 3 0x800051a8 (0x03bd) x 7 0x0000000f
core   0: 0x800051aa (0x0149b0b3) sltu    ra, s3, s4
core   0: 3 0x800051aa (0x0149b0b3) x 1 0x00000001
core   0: 0x800051ae (0x03691933) mulh    s2, s2, s6
core   0: 3 0x800051ae (0x03691933) x18 0x00000000
core   0: 0x800051b2 (0xc2e0b137) lui     sp, 0xc2e0b
core   0: 3 0x800051b2 (0xc2e0b137) x 2 0xc2e0b000
core   0: 0x800051b6 (0x00008709) c.srai  a4, 2
core   0: 3 0x800051b6 (0x8709) x14 0x19680000
core   0: 0x800051b8 (0x00fa61b3) or      gp, s4, a5
core   0: 3 0x800051b8 (0x00fa61b3) x 3 0x03b74e5f
core   0: 0x800051bc (0x000083cd) c.srli  a5, 19
core   0: 3 0x800051bc (0x83cd) x15 0x00000076
core   0: 0x800051be (0x4180d933) sra     s2, ra, s8
core   0: 3 0x800051be (0x4180d933) x18 0x00000001
core   0: 0x800051c2 (0x013ed733) srl     a4, t4, s3
core   0: 3 0x800051c2 (0x013ed733) x14 0xf6f38000
core   0: 0x800051c6 (0x00000001) c.nop
core   0: 3 0x800051c6 (0x0001)
core   0: 0x800051c8 (0x04af9563) bne     t6, a0, pc + 74
core   0: 3 0x800051c8 (0x04af9563)
core   0: 0x80005212 (0x76c9a817) auipc   a6, 0x76c9a
core   0: 3 0x80005212 (0x76c9a817) x16 0xf6c9f212
core   0: 0x80005216 (0x4115dc33) sra     s8, a1, a7
core   0: 3 0x80005216 (0x4115dc33) x24 0xf80026ce
core   0: 0x8000521a (0x8f6de693) ori     a3, s11, -1802
core   0: 3 0x8000521a (0x8f6de693) x13 0xfffff8f6
core   0: 0x8000521e (0x40ffde33) sra     t3, t6, a5
core   0: 3 0x8000521e (0x40ffde33) x28 0x000000aa
core   0: 0x80005222 (0x00000495) c.addi  s1, 5
core   0: 3 0x80005222 (0x0495) x 9 0x3fffd8c9
core   0: 0x80005224 (0x00006165) c.addi16sp sp, 112
core   0: 3 0x80005224 (0x6165) x 2 0xc2e0b070
core   0: 0x80005226 (0xc69fcf93) xori    t6, t6, -919
core   0: 3 0x80005226 (0xc69fcf93) x31 0xd5453173
core   0: 0x8000522a (0x40030433) sub     s0, t1, zero
core   0: 3 0x8000522a (0x40030433) x 8 0x7ffdd7db
core   0: 0x8000522e (0x40f6dcb3) sra     s9, a3, a5
core   0: 3 0x8000522e (0x40f6dcb3) x25 0xffffffff
core   0: 0x80005232 (0x00008849) c.andi  s0, 18
core   0: 3 0x80005232 (0x8849) x 8 0x00000012
core   0: 0x80005234 (0x019e7eb3) and     t4, t3, s9
core   0: 3 0x80005234 (0x019e7eb3) x29 0x000000aa
core   0: 0x80005238 (0x01c6d733) srl     a4, a3, t3
core   0: 3 0x80005238 (0x01c6d733) x14 0x003ffffe
core   0: 0x8000523c (0x0000100f) fence.i
core   0: 3 0x8000523c (0x0000100f)
core   0: 0x80005240 (0x01e74a63) blt     a4, t5, pc + 20
core   0: 3 0x80005240 (0x01e74a63)
core   0: 0x80005244 (0x00001f7d) c.addi  t5, -1
core   0: 3 0x80005244 (0x1f7d) x30 0x0000011f
core   0: 0x80005246 (0x036297b3) mulh    a5, t0, s6
core   0: 3 0x80005246 (0x036297b3) x15 0x00000000
core   0: 0x8000524a (0x0000c685) c.beqz  a3, pc + 40
core   0: 3 0x8000524a (0xc685)
core   0: 0x8000524c (0x02a629b3) mulhsu  s3, a2, a0
core   0: 3 0x8000524c (0x02a629b3) x19 0x00000000
core   0: 0x80005250 (0x04986363) bltu    a6, s1, pc + 70
core   0: 3 0x80005250 (0x04986363)
core   0: 0x80005254 (0xb1e02913) slti    s2, zero, -1250
core   0: 3 0x80005254 (0xb1e02913) x18 0x00000000
core   0: 0x80005258 (0x03893d33) mulhu   s10, s2, s8
core   0: 3 0x80005258 (0x03893d33) x26 0x00000000
core   0: 0x8000525c (0x41b8d693) srai    a3, a7, 27
core   0: 3 0x8000525c (0x41b8d693) x13 0xfffffff0
core   0: 0x80005260 (0x00000001) c.nop
core   0: 3 0x80005260 (0x0001)
core   0: 0x80005262 (0x033c4463) blt     s8, s3, pc + 40
core   0: 3 0x80005262 (0x033c4463)
core   0: 0x8000528a (0x40322f13) slti    t5, tp, 1027
core   0: 3 0x8000528a (0x40322f13) x30 0x00000001
core   0: 0x8000528e (0x01da2833) slt     a6, s4, t4
core   0: 3 0x8000528e (0x01da2833) x16 0x00000000
core   0: 0x80005292 (0x02500263) beq     zero, t0, pc + 36
core   0: 3 0x80005292 (0x02500263)
core   0: 0x80005296 (0x00001b9c) c.addi4spn a5, sp, 496
core   0: 3 0x80005296 (0x1b9c) x15 0xc2e0b260
core   0: 0x80005298 (0x0041ff63) bgeu    gp, tp, pc + 30
core   0: 3 0x80005298 (0x0041ff63)
core   0: 0x800052b6 (0x00568563) beq     a3, t0, pc + 10
core   0: 3 0x800052b6 (0x00568563)
core   0: 0x800052ba (0x00000ed1) c.addi  t4, 20
core   0: 3 0x800052ba (0x0ed1) x29 0x000000be
core   0: 0x800052bc (0x00dafeb3) and     t4, s5, a3
core   0: 3 0x800052bc (0x00dafeb3) x29 0x00000000
core   0: 0x800052c0 (0x0073b433) sltu    s0, t2, t2
core   0: 3 0x800052c0 (0x0073b433) x 8 0x00000000
core   0: 0x800052c4 (0x00000001) c.nop
core   0: 3 0x800052c4 (0x0001)
core   0: 0x800052c6 (0x00009452) c.add   s0, s4
core   0: 3 0x800052c6 (0x9452) x 8 0x0000045f
core   0: 0x800052c8 (0x031332b3) mulhu   t0, t1, a7
core   0: 3 0x800052c8 (0x031332b3) x 5 0x3ffffffa
core   0: 0x800052cc (0x00e867b3) or      a5, a6, a4
core   0: 3 0x800052cc (0x00e867b3) x15 0x003ffffe
core   0: 0x800052d0 (0x00000d55) c.addi  s10, 21
core   0: 3 0x800052d0 (0x0d55) x26 0x00000015
core   0: 0x800052d2 (0x036bf6b3) remu    a3, s7, s6
core   0: 3 0x800052d2 (0x036bf6b3) x13 0x0002a01c
core   0: 0x800052d6 (0x0164e763) bltu    s1, s6, pc + 14
core   0: 3 0x800052d6 (0x0164e763)
core   0: 0x800052da (0x00000001) c.nop
core   0: 3 0x800052da (0x0001)
core   0: 0x800052dc (0x9fdd2c37) lui     s8, 0x9fdd2
core   0: 3 0x800052dc (0x9fdd2c37) x24 0x9fdd2000
core   0: 0x800052e0 (0x011f5b63) bge     t5, a7, pc + 22
core   0: 3 0x800052e0 (0x011f5b63)
core   0: 0x800052f6 (0x036a24b3) mulhsu  s1, s4, s6
core   0: 3 0x800052f6 (0x036a24b3) x 9 0x00000000
core   0: 0x800052fa (0x00addc93) srli    s9, s11, 10
core   0: 3 0x800052fa (0x00addc93) x25 0x00000000
core   0: 0x800052fe (0x981d2a17) auipc   s4, 0x981d2
core   0: 3 0x800052fe (0x981d2a17) x20 0x181d72fe
core   0: 0x80005302 (0xde883793) sltiu   a5, a6, -536
core   0: 3 0x80005302 (0xde883793) x15 0x00000001
core   0: 0x80005306 (0x05375163) bge     a4, s3, pc + 66
core   0: 3 0x80005306 (0x05375163)
core   0: 0x80005348 (0x0000177d) c.addi  a4, -1
core   0: 3 0x80005348 (0x177d) x14 0x003ffffd
core   0: 0x8000534a (0x02e7ccb3) div     s9, a5, a4
core   0: 3 0x8000534a (0x02e7ccb3) x25 0x00000000
core   0: 0x8000534e (0x0000942a) c.add   s0, a0
core   0: 3 0x8000534e (0x942a) x 8 0x800232c3
core   0: 0x80005350 (0x0229e7b3) rem     a5, s3, sp
core   0: 3 0x80005350 (0x0229e7b3) x15 0x00000000
core   0: 0x80005354 (0x00351563) bne     a0, gp, pc + 10
core   0: 3 0x80005354 (0x00351563)
core   0: 0x8000535e (0x052bd063) bge     s7, s2, pc + 64
core   0: 3 0x8000535e (0x052bd063)
core   0: 0x8000539e (0x03fb3733) mulhu   a4, s6, t6
core   0: 3 0x8000539e (0x03fb3733) x14 0x00000000
core   0: 0x800053a2 (0x00cc8363) beq     s9, a2, pc + 6
core   0: 3 0x800053a2 (0x00cc8363)
core   0: 0x800053a8 (0x000086cd) c.srai  a3, 19
core   0: 3 0x800053a8 (0x86cd) x13 0x00000000
core   0: 0x800053aa (0x018dcd63) blt     s11, s8, pc + 26
core   0: 3 0x800053aa (0x018dcd63)
core   0: 0x800053ae (0x00000446) c.slli  s0, 17
core   0: 3 0x800053ae (0x0446) x 8 0x65860000
core   0: 0x800053b0 (0x27053893) sltiu   a7, a0, 624
core   0: 3 0x800053b0 (0x27053893) x17 0x00000000
core   0: 0x800053b4 (0x000091e6) c.add   gp, s9
core   0: 3 0x800053b4 (0x91e6) x 3 0x03b74e5f
core   0: 0x800053b6 (0x033d9133) mulh    sp, s11, s3
core   0: 3 0x800053b6 (0x033d9133) x 2 0x00000000
core   0: 0x800053ba (0x00451093) slli    ra, a0, 4
core   0: 3 0x800053ba (0x00451093) x 1 0x0022e640
core   0: 0x800053be (0x00008cc5) c.or    s1, s1
core   0: 3 0x800053be (0x8cc5) x 9 0x00000000
core   0: 0x800053c0 (0x039b9063) bne     s7, s9, pc + 32
core   0: 3 0x800053c0 (0x039b9063)
core   0: 0x800053e0 (0x00000090) c.addi4spn a2, sp, 64
core   0: 3 0x800053e0 (0x0090) x12 0x00000040
core   0: 0x800053e2 (0x00006131) c.addi16sp sp, 320
core   0: 3 0x800053e2 (0x6131) x 2 0x00000140
core   0: 0x800053e4 (0x00927cb3) and     s9, tp, s1
core   0: 3 0x800053e4 (0x00927cb3) x25 0x00000000
core   0: 0x800053e8 (0x0317d463) bge     a5, a7, pc + 40
core   0: 3 0x800053e8 (0x0317d463)
core   0: 0x80005410 (0x41af84b3) sub     s1, t6, s10
core   0: 3 0x80005410 (0x41af84b3) x 9 0xd545315e
core   0: 0x80005414 (0x4162e393) ori     t2, t0, 1046
core   0: 3 0x80005414 (0x4162e393) x 7 0x3ffffffe
core   0: 0x80005418 (0xf9e7a317) auipc   t1, 0xf9e7a
core   0: 3 0x80005418 (0xf9e7a317) x 6 0x79e7f418
core   0: 0x8000541c (0x00008166) c.mv    sp, s9
core   0: 3 0x8000541c (0x8166) x 2 0x00000000
core   0: 0x8000541e (0x0071c763) blt     gp, t2, pc + 14
core   0: 3 0x8000541e (0x0071c763)
core   0: 0x8000542c (0x00505793) srli    a5, zero, 5
core   0: 3 0x8000542c (0x00505793) x15 0x00000000
core   0: 0x80005430 (0x0172afb3) slt     t6, t0, s7
core   0: 3 0x80005430 (0x0172afb3) x31 0x00000000
core   0: 0x80005434 (0x00008f25) c.xor   a4, s1
core   0: 3 0x80005434 (0x8f25) x14 0xd545315e
core   0: 0x80005436 (0x03a15633) divu    a2, sp, s10
core   0: 3 0x80005436 (0x03a15633) x12 0x00000000
core   0: 0x8000543a (0x011ddab3) srl     s5, s11, a7
core   0: 3 0x8000543a (0x011ddab3) x21 0x00000000
core   0: 0x8000543e (0x41437613) andi    a2, t1, 1044
core   0: 3 0x8000543e (0x41437613) x12 0x00000410
core   0: 0x80005442 (0x00005c7d) c.li    s8, -1
core   0: 3 0x80005442 (0x5c7d) x24 0xffffffff
core   0: 0x80005444 (0x00008fcd) c.or    a5, a1
core   0: 3 0x80005444 (0x8fcd) x15 0x80026ce4
core   0: 0x80005446 (0x01119613) slli    a2, gp, 17
core   0: 3 0x80005446 (0x01119613) x12 0x9cbe0000
core   0: 0x8000544a (0x00629463) bne     t0, t1, pc + 8
core   0: 3 0x8000544a (0x00629463)
core   0: 0x80005452 (0x01f98d63) beq     s3, t6, pc + 26
core   0: 3 0x80005452 (0x01f98d63)
core   0: 0x8000546c (0x00004385) c.li    t2, 1
core   0: 3 0x8000546c (0x4385) x 7 0x00000001
core   0: 0x8000546e (0x00006621) c.lui   a2, 0x8
core   0: 3 0x8000546e (0x6621) x12 0x00008000
core   0: 0x80005470 (0x0000e3a9) c.bnez  a5, pc + 66
core   0: 3 0x80005470 (0xe3a9)
core   0: 0x800054b2 (0x0000e0a9) c.bnez  s1, pc + 66
core   0: 3 0x800054b2 (0xe0a9)
core   0: 0x800054f4 (0x01cf3733) sltu    a4, t5, t3
core   0: 3 0x800054f4 (0x01cf3733) x14 0x00000001
core   0: 0x800054f8 (0x00d15d93) srli    s11, sp, 13
core   0: 3 0x800054f8 (0x00d15d93) x27 0x00000000
core   0: 0x800054fc (0x00008c65) c.and   s0, s1
core   0: 3 0x800054fc (0x8c65) x 8 0x45040000
core   0: 0x800054fe (0x01810263) beq     sp, s8, pc + 4
core   0: 3 0x800054fe (0x01810263)
core   0: 0x80005502 (0x000c8933) add     s2, s9, zero
core   0: 3 0x80005502 (0x000c8933) x18 0x00000000
core   0: 0x80005506 (0x00008ace) c.mv    s5, s3
core   0: 3 0x80005506 (0x8ace) x21 0x00000000
core   0: 0x80005508 (0x0007e833) or      a6, a5, zero
core   0: 3 0x80005508 (0x0007e833) x16 0x80026ce4
core   0: 0x8000550c (0x41bc5b13) srai    s6, s8, 27
core   0: 3 0x8000550c (0x41bc5b13) x22 0xffffffff
core   0: 0x80005510 (0x0000cb15) c.beqz  a4, pc + 52
core   0: 3 0x80005510 (0xcb15)
core   0: 0x80005512 (0x0000c881) c.beqz  s1, pc + 16
core   0: 3 0x80005512 (0xc881)
core   0: 0x80005514 (0x00169633) sll     a2, a3, ra
core   0: 3 0x80005514 (0x00169633) x12 0x00000000
core   0: 0x80005518 (0x032081b3) mul     gp, ra, s2
core   0: 3 0x80005518 (0x032081b3) x 3 0x00000000
core   0: 0x8000551c (0x00008491) c.srai  s1, 4
core   0: 3 0x8000551c (0x8491) x 9 0xfd545315
core   0: 0x8000551e (0x0000992a) c.add   s2, a0
core   0: 3 0x8000551e (0x992a) x18 0x80022e64
core   0: 0x80005520 (0x0000635d) c.lui   t1, 0x17
core   0: 3 0x80005520 (0x635d) x 6 0x00017000
core   0: 0x80005522 (0x03ad1833) mulh    a6, s10, s10
core   0: 3 0x80005522 (0x03ad1833) x16 0x00000000
core   0: 0x80005526 (0x4088d633) sra     a2, a7, s0
core   0: 3 0x80005526 (0x4088d633) x12 0x00000000
core   0: 0x8000552a (0x008f4663) blt     t5, s0, pc + 12
core   0: 3 0x8000552a (0x008f4663)
core   0: 0x80005536 (0x41668c33) sub     s8, a3, s6
core   0: 3 0x80005536 (0x41668c33) x24 0x00000001
core   0: 0x8000553a (0x008f8133) add     sp, t6, s0
core   0: 3 0x8000553a (0x008f8133) x 2 0x45040000
core   0: 0x8000553e (0x027fef33) rem     t5, t6, t2
core   0: 3 0x8000553e (0x027fef33) x30 0x00000000
core   0: 0x80005542 (0x00000791) c.addi  a5, 4
core   0: 3 0x80005542 (0x0791) x15 0x80026ce8
core   0: 0x80005544 (0x000012fd) c.addi  t0, -1
core   0: 3 0x80005544 (0x12fd) x 5 0x3ffffff9
core   0: 0x80005546 (0x00008fad) c.xor   a5, a1
core   0: 3 0x80005546 (0x8fad) x15 0x0000000c
core   0: 0x80005548 (0x416104b3) sub     s1, sp, s6
core   0: 3 0x80005548 (0x416104b3) x 9 0x45040001
core   0: 0x8000554c (0x037a3f33) mulhu   t5, s4, s7
core   0: 3 0x8000554c (0x037a3f33) x30 0x00003f4f
core   0: 0x80005550 (0x00006129) c.addi16sp sp, 192
core   0: 3 0x80005550 (0x6129) x 2 0x450400c0
core   0: 0x80005552 (0x00008051) c.srli  s0, 20
core   0: 3 0x80005552 (0x8051) x 8 0x00000450
core   0: 0x80005554 (0x00008c65) c.and   s0, s1
core   0: 3 0x80005554 (0x8c65) x 8 0x00000000
core   0: 0x80005556 (0x00000001) c.nop
core   0: 3 0x80005556 (0x0001)
core   0: 0x80005558 (0x0105c763) blt     a1, a6, pc + 14
core   0: 3 0x80005558 (0x0105c763)
core   0: 0x80005566 (0x05fc5163) bge     s8, t6, pc + 66
core   0: 3 0x80005566 (0x05fc5163)
core   0: 0x800055a8 (0x0117d893) srli    a7, a5, 17
core   0: 3 0x800055a8 (0x0117d893) x17 0x00000000
core   0: 0x800055ac (0x00b8de33) srl     t3, a7, a1
core   0: 3 0x800055ac (0x00b8de33) x28 0x00000000
core   0: 0x800055b0 (0x03fec1b3) div     gp, t4, t6
core   0: 3 0x800055b0 (0x03fec1b3) x 3 0xffffffff
core   0: 0x800055b4 (0x0000717d) c.addi16sp sp, -16
core   0: 3 0x800055b4 (0x717d) x 2 0x450400b0
core   0: 0x800055b6 (0x0ff0000f) fence   iorw,iorw
core   0: 3 0x800055b6 (0x0ff0000f)
core   0: 0x800055ba (0x4cdb6a93) ori     s5, s6, 1229
core   0: 3 0x800055ba (0x4cdb6a93) x21 0xffffffff
core   0: 0x800055be (0x0000187d) c.addi  a6, -1
core   0: 3 0x800055be (0x187d) x16 0xffffffff
core   0: 0x800055c0 (0x417787b3) sub     a5, a5, s7
core   0: 3 0x800055c0 (0x417787b3) x15 0xfffd5ff0
core   0: 0x800055c4 (0x027aee63) bltu    s5, t2, pc + 60
core   0: 3 0x800055c4 (0x027aee63)
core   0: 0x800055c8 (0x0ff0000f) fence   iorw,iorw
core   0: 3 0x800055c8 (0x0ff0000f)
core   0: 0x800055cc (0x00479b33) sll     s6, a5, tp
core   0: 3 0x800055cc (0x00479b33) x22 0xfffd5ff0
core   0: 0x800055d0 (0x0000117d) c.addi  sp, -1
core   0: 3 0x800055d0 (0x117d) x 2 0x450400af
core   0: 0x800055d2 (0x41888033) sub     zero, a7, s8
core   0: 3 0x800055d2 (0x41888033)
core   0: 0x800055d6 (0x40165793) srai    a5, a2, 1
core   0: 3 0x800055d6 (0x40165793) x15 0x00000000
core   0: 0x800055da (0x0000100f) fence.i
core   0: 3 0x800055da (0x0000100f)
core   0: 0x800055de (0xeb52fb93) andi    s7, t0, -331
core   0: 3 0x800055de (0xeb52fb93) x23 0x3ffffeb1
core   0: 0x800055e2 (0x017a5c63) bge     s4, s7, pc + 24
core   0: 3 0x800055e2 (0x017a5c63)
core   0: 0x800055e6 (0x00008c7d) c.and   s0, a5
core   0: 3 0x800055e6 (0x8c7d) x 8 0x00000000
core   0: 0x800055e8 (0x00008249) c.srli  a2, 18
core   0: 3 0x800055e8 (0x8249) x12 0x00000000
core   0: 0x800055ea (0x0172e763) bltu    t0, s7, pc + 14
core   0: 3 0x800055ea (0x0172e763)
core   0: 0x800055ee (0x0066d013) srli    zero, a3, 6
core   0: 3 0x800055ee (0x0066d013)
core   0: 0x800055f2 (0x00000098) c.addi4spn a4, sp, 64
core   0: 3 0x800055f2 (0x0098) x14 0x450400ef
core   0: 0x800055f4 (0x02fd8a63) beq     s11, a5, pc + 52
core   0: 3 0x800055f4 (0x02fd8a63)
core   0: 0x80005628 (0x40308a33) sub     s4, ra, gp
core   0: 3 0x80005628 (0x40308a33) x20 0x0022e641
core   0: 0x8000562c (0x016b4033) xor     zero, s6, s6
core   0: 3 0x8000562c (0x016b4033)
core   0: 0x80005630 (0x01d82b33) slt     s6, a6, t4
core   0: 3 0x80005630 (0x01d82b33) x22 0x00000001
core   0: 0x80005634 (0x00008cf5) c.and   s1, a3
core   0: 3 0x80005634 (0x8cf5) x 9 0x00000000
core   0: 0x80005636 (0x00000a9c) c.addi4spn a5, sp, 336
core   0: 3 0x80005636 (0x0a9c) x15 0x450401ff
core   0: 0x80005638 (0x35f0ad13) slti    s10, ra, 863
core   0: 3 0x80005638 (0x35f0ad13) x26 0x00000000
core   0: 0x8000563c (0x01426433) or      s0, tp, s4
core   0: 3 0x8000563c (0x01426433) x 8 0x0022e641
core   0: 0x80005640 (0x00ef69b3) or      s3, t5, a4
core   0: 3 0x80005640 (0x00ef69b3) x19 0x45043fef
core   0: 0x80005644 (0x03d373b3) remu    t2, t1, t4
core   0: 3 0x80005644 (0x03d373b3) x 7 0x00017000
core   0: 0x80005648 (0x036b5163) bge     s6, s6, pc + 34
core   0: 3 0x80005648 (0x036b5163)
core   0: 0x8000566a (0x0000817e) c.mv    sp, t6
core   0: 3 0x8000566a (0x817e) x 2 0x00000000
core   0: 0x8000566c (0x02b5ab33) mulhsu  s6, a1, a1
core   0: 3 0x8000566c (0x02b5ab33) x22 0xc0000005
core   0: 0x80005670 (0x00008c95) c.sub   s1, a3
core   0: 3 0x80005670 (0x8c95) x 9 0x00000000
core   0: 0x80005672 (0x2e58d3b7) lui     t2, 0x2e58d
core   0: 3 0x80005672 (0x2e58d3b7) x 7 0x2e58d000
core   0: 0x80005676 (0x055ac363) blt     s5, s5, pc + 70
core   0: 3 0x80005676 (0x055ac363)
core   0: 0x8000567a (0x0000100f) fence.i
core   0: 3 0x8000567a (0x0000100f)
core   0: 0x8000567e (0x021cba33) mulhu   s4, s9, ra
core   0: 3 0x8000567e (0x021cba33) x20 0x00000000
core   0: 0x80005682 (0x00039b33) sll     s6, t2, zero
core   0: 3 0x80005682 (0x00039b33) x22 0x2e58d000
core   0: 0x80005686 (0x0000c329) c.beqz  a4, pc + 66
core   0: 3 0x80005686 (0xc329)
core   0: 0x80005688 (0x01a2c033) xor     zero, t0, s10
core   0: 3 0x80005688 (0x01a2c033)
core   0: 0x8000568c (0x0329d433) divu    s0, s3, s2
core   0: 3 0x8000568c (0x0329d433) x 8 0x00000000
core   0: 0x80005690 (0x02ad58b3) divu    a7, s10, a0
core   0: 3 0x80005690 (0x02ad58b3) x17 0x00000000
core   0: 0x80005694 (0x03d0c163) blt     ra, t4, pc + 34
core   0: 3 0x80005694 (0x03d0c163)
core   0: 0x80005698 (0x04cf8463) beq     t6, a2, pc + 72
core   0: 3 0x80005698 (0x04cf8463)
core   0: 0x800056e0 (0x418307b3) sub     a5, t1, s8
core   0: 3 0x800056e0 (0x418307b3) x15 0x00016fff
core   0: 0x800056e4 (0x00008e7d) c.and   a2, a5
core   0: 3 0x800056e4 (0x8e7d) x12 0x00000000
core   0: 0x800056e6 (0x00006769) c.lui   a4, 0x1a
core   0: 3 0x800056e6 (0x6769) x14 0x0001a000
core   0: 0x800056e8 (0x00e0a0b3) slt     ra, ra, a4
core   0: 3 0x800056e8 (0x00e0a0b3) x 1 0x00000000
core   0: 0x800056ec (0x01e75663) bge     a4, t5, pc + 12
core   0: 3 0x800056ec (0x01e75663)
core   0: 0x800056f8 (0xcb8d0f37) lui     t5, 0xcb8d0
core   0: 3 0x800056f8 (0xcb8d0f37) x30 0xcb8d0000
core   0: 0x800056fc (0x00008e49) c.or    a2, a0
core   0: 3 0x800056fc (0x8e49) x12 0x80022e64
core   0: 0x800056fe (0x00d894b3) sll     s1, a7, a3
core   0: 3 0x800056fe (0x00d894b3) x 9 0x00000000
core   0: 0x80005702 (0x905cb893) sltiu   a7, s9, -1787
core   0: 3 0x80005702 (0x905cb893) x17 0x00000001
core   0: 0x80005706 (0x04ad4163) blt     s10, a0, pc + 66
core   0: 3 0x80005706 (0x04ad4163)
core   0: 0x8000570a (0x02871e33) mulh    t3, a4, s0
core   0: 3 0x8000570a (0x02871e33) x28 0x00000000
core   0: 0x8000570e (0x00681463) bne     a6, t1, pc + 8
core   0: 3 0x8000570e (0x00681463)
core   0: 0x80005716 (0x0000ec09) c.bnez  s0, pc + 26
core   0: 3 0x80005716 (0xec09)
core   0: 0x80005718 (0x05cb4263) blt     s6, t3, pc + 68
core   0: 3 0x80005718 (0x05cb4263)
core   0: 0x8000571c (0x00000001) c.nop
core   0: 3 0x8000571c (0x0001)
core   0: 0x8000571e (0x0000ea9d) c.bnez  a3, pc + 54
core   0: 3 0x8000571e (0xea9d)
core   0: 0x80005720 (0x027e86b3) mul     a3, t4, t2
core   0: 3 0x80005720 (0x027e86b3) x13 0x00000000
core   0: 0x80005724 (0x00000033) add     zero, zero, zero
core   0: 3 0x80005724 (0x00000033)
core   0: 0x80005728 (0x02698c63) beq     s3, t1, pc + 56
core   0: 3 0x80005728 (0x02698c63)
core   0: 0x8000572c (0x0378c663) blt     a7, s7, pc + 44
core   0: 3 0x8000572c (0x0378c663)
core   0: 0x80005758 (0x03428133) mul     sp, t0, s4
core   0: 3 0x80005758 (0x03428133) x 2 0x00000000
core   0: 0x8000575c (0x00000001) c.nop
core   0: 3 0x8000575c (0x0001)
core   0: 0x8000575e (0x0000051c) c.addi4spn a5, sp, 640
core   0: 3 0x8000575e (0x051c) x15 0x00000280
core   0: 0x80005760 (0x0adb0313) addi    t1, s6, 173
core   0: 3 0x80005760 (0x0adb0313) x 6 0x2e58d0ad
core   0: 0x80005764 (0x014c9133) sll     sp, s9, s4
core   0: 3 0x80005764 (0x014c9133) x 2 0x00000000
core   0: 0x80005768 (0x00008cb5) c.xor   s1, a3
core   0: 3 0x80005768 (0x8cb5) x 9 0x00000000
core   0: 0x8000576a (0x00001790) c.addi4spn a2, sp, 992
core   0: 3 0x8000576a (0x1790) x12 0x000003e0
core   0: 0x8000576c (0x020e8763) beqz    t4, pc + 46
core   0: 3 0x8000576c (0x020e8763)
core   0: 0x8000579a (0x7edf3613) sltiu   a2, t5, 2029
core   0: 3 0x8000579a (0x7edf3613) x12 0x00000000
core   0: 0x8000579e (0x00008c91) c.sub   s1, a2
core   0: 3 0x8000579e (0x8c91) x 9 0x00000000
core   0: 0x800057a0 (0xfd2a0713) addi    a4, s4, -46
core   0: 3 0x800057a0 (0xfd2a0713) x14 0xffffffd2
core   0: 0x800057a4 (0x0000838d) c.srli  a5, 3
core   0: 3 0x800057a4 (0x838d) x15 0x00000050
core   0: 0x800057a6 (0x0000865d) c.srai  a2, 23
core   0: 3 0x800057a6 (0x865d) x12 0x00000000
core   0: 0x800057a8 (0x019f6e33) or      t3, t5, s9
core   0: 3 0x800057a8 (0x019f6e33) x28 0xcb8d0000
core   0: 0x800057ac (0x0000019a) c.slli  gp, 6
core   0: 3 0x800057ac (0x019a) x 3 0xffffffc0
core   0: 0x800057ae (0x00fc4cb3) xor     s9, s8, a5
core   0: 3 0x800057ae (0x00fc4cb3) x25 0x00000051
core   0: 0x800057b2 (0x00008f55) c.or    a4, a3
core   0: 3 0x800057b2 (0x8f55) x14 0xffffffd2
core   0: 0x800057b4 (0x000090c2) c.add   ra, a6
core   0: 3 0x800057b4 (0x90c2) x 1 0xffffffff
core   0: 0x800057b6 (0x9cb4aa93) slti    s5, s1, -1589
core   0: 3 0x800057b6 (0x9cb4aa93) x21 0x00000000
core   0: 0x800057ba (0x00617833) and     a6, sp, t1
core   0: 3 0x800057ba (0x00617833) x16 0x00000000
core   0: 0x800057be (0x4155d493) srai    s1, a1, 21
core   0: 3 0x800057be (0x4155d493) x 9 0xfffffc00
core   0: 0x800057c2 (0x0000c011) c.beqz  s0, pc + 4
core   0: 3 0x800057c2 (0xc011)
core   0: 0x800057c6 (0x00ee7d33) and     s10, t3, a4
core   0: 3 0x800057c6 (0x00ee7d33) x26 0xcb8d0000
core   0: 0x800057ca (0x00008ab5) c.andi  a3, 13
core   0: 3 0x800057ca (0x8ab5) x13 0x00000000
core   0: 0x800057cc (0x006fb8b3) sltu    a7, t6, t1
core   0: 3 0x800057cc (0x006fb8b3) x17 0x00000001
core   0: 0x800057d0 (0x01d31893) slli    a7, t1, 29
core   0: 3 0x800057d0 (0x01d31893) x17 0xa0000000
core   0: 0x800057d4 (0x000049c1) c.li    s3, 16
core   0: 3 0x800057d4 (0x49c1) x19 0x00000010
core   0: 0x800057d6 (0x0255e733) rem     a4, a1, t0
core   0: 3 0x800057d6 (0x0255e733) x14 0xc0026cdd
core   0: 0x800057da (0x00015363) bgez    sp, pc + 6
core   0: 3 0x800057da (0x00015363)
core   0: 0x800057e0 (0x00000001) c.nop
core   0: 3 0x800057e0 (0x0001)
core   0: 0x800057e2 (0x00008ccd) c.or    s1, a1
core   0: 3 0x800057e2 (0x8ccd) x 9 0xfffffce4
core   0: 0x800057e4 (0x00008f59) c.or    a4, a4
core   0: 3 0x800057e4 (0x8f59) x14 0xc0026cdd
core   0: 0x800057e6 (0x030e4e33) div     t3, t3, a6
core   0: 3 0x800057e6 (0x030e4e33) x28 0xffffffff
core   0: 0x800057ea (0x40c1de33) sra     t3, gp, a2
core   0: 3 0x800057ea (0x40c1de33) x28 0xffffffc0
core   0: 0x800057ee (0x6b36e813) ori     a6, a3, 1715
core   0: 3 0x800057ee (0x6b36e813) x16 0x000006b3
core   0: 0x800057f2 (0x4428ff13) andi    t5, a7, 1090
core   0: 3 0x800057f2 (0x4428ff13) x30 0x00000000
core   0: 0x800057f6 (0x00041a13) slli    s4, s0, 0
core   0: 3 0x800057f6 (0x00041a13) x20 0x00000000
core   0: 0x800057fa (0xe502a813) slti    a6, t0, -432
core   0: 3 0x800057fa (0xe502a813) x16 0x00000000
core   0: 0x800057fe (0x00000001) c.nop
core   0: 3 0x800057fe (0x0001)
core   0: 0x80005800 (0x00001e00) c.addi4spn s0, sp, 816
core   0: 3 0x80005800 (0x1e00) x 8 0x00000330
core   0: 0x80005802 (0x03eedb63) bge     t4, t5, pc + 54
core   0: 3 0x80005802 (0x03eedb63)
core   0: 0x80005838 (0xf46db713) sltiu   a4, s11, -186
core   0: 3 0x80005838 (0xf46db713) x14 0x00000001
core   0: 0x8000583c (0x00000001) c.nop
core   0: 3 0x8000583c (0x0001)
core   0: 0x8000583e (0x0209a433) mulhsu  s0, s3, zero
core   0: 3 0x8000583e (0x0209a433) x 8 0x00000000
core   0: 0x80005842 (0x0000029d) c.addi  t0, 7
core   0: 3 0x80005842 (0x029d) x 5 0x40000000
core   0: 0x80005844 (0x0000616d) c.addi16sp sp, 240
core   0: 3 0x80005844 (0x616d) x 2 0x000000f0
core   0: 0x80005846 (0x01625493) srli    s1, tp, 22
core   0: 3 0x80005846 (0x01625493) x 9 0x00000000
core   0: 0x8000584a (0x01c0d713) srli    a4, ra, 28
core   0: 3 0x8000584a (0x01c0d713) x14 0x0000000f
core   0: 0x8000584e (0x025a7a33) remu    s4, s4, t0
core   0: 3 0x8000584e (0x025a7a33) x20 0x00000000
core   0: 0x80005852 (0x00e9dfb3) srl     t6, s3, a4
core   0: 3 0x80005852 (0x00e9dfb3) x31 0x00000000
core   0: 0x80005856 (0x00fd9293) slli    t0, s11, 15
core   0: 3 0x80005856 (0x00fd9293) x 5 0x00000000
core   0: 0x8000585a (0x8d1b3d97) auipc   s11, 0x8d1b3
core   0: 3 0x8000585a (0x8d1b3d97) x27 0x0d1b885a
core   0: 0x8000585e (0x0346d033) divu    zero, a3, s4
core   0: 3 0x8000585e (0x0346d033)
core   0: 0x80005862 (0x3e688897) auipc   a7, 0x3e688
core   0: 3 0x80005862 (0x3e688897) x17 0xbe68d862
core   0: 0x80005866 (0xd6f2e413) ori     s0, t0, -657
core   0: 3 0x80005866 (0xd6f2e413) x 8 0xfffffd6f
core   0: 0x8000586a (0x023b6e33) rem     t3, s6, gp
core   0: 3 0x8000586a (0x023b6e33) x28 0x00000000
core   0: 0x8000586e (0x012a0697) auipc   a3, 0x12a0
core   0: 3 0x8000586e (0x012a0697) x13 0x812a586e
core   0: 0x80005872 (0x01b3ee33) or      t3, t2, s11
core   0: 3 0x80005872 (0x01b3ee33) x28 0x2f5bd85a
core   0: 0x80005876 (0x0230ea33) rem     s4, ra, gp
core   0: 3 0x80005876 (0x0230ea33) x20 0xffffffff
core   0: 0x8000587a (0x03e2a1b3) mulhsu  gp, t0, t5
core   0: 3 0x8000587a (0x03e2a1b3) x 3 0x00000000
core   0: 0x8000587e (0x008a21b3) slt     gp, s4, s0
core   0: 3 0x8000587e (0x008a21b3) x 3 0x00000000
core   0: 0x80005882 (0x02444c63) blt     s0, tp, pc + 56
core   0: 3 0x80005882 (0x02444c63)
core   0: 0x800058ba (0x00009a7d) c.andi  a2, -1
core   0: 3 0x800058ba (0x9a7d) x12 0x00000000
core   0: 0x800058bc (0x26a53393) sltiu   t2, a0, 618
core   0: 3 0x800058bc (0x26a53393) x 7 0x00000000
core   0: 0x800058c0 (0x003e1db3) sll     s11, t3, gp
core   0: 3 0x800058c0 (0x003e1db3) x27 0x2f5bd85a
core   0: 0x800058c4 (0x031a0f33) mul     t5, s4, a7
core   0: 3 0x800058c4 (0x031a0f33) x30 0x4197279e
core   0: 0x800058c8 (0x32f42093) slti    ra, s0, 815
core   0: 3 0x800058c8 (0x32f42093) x 1 0x00000001
core   0: 0x800058cc (0x8696de37) lui     t3, 0x8696d
core   0: 3 0x800058cc (0x8696de37) x28 0x8696d000
core   0: 0x800058d0 (0x00008116) c.mv    sp, t0
core   0: 3 0x800058d0 (0x8116) x 2 0x00000000
core   0: 0x800058d2 (0x96046d93) ori     s11, s0, -1696
core   0: 3 0x800058d2 (0x96046d93) x27 0xfffffd6f
core   0: 0x800058d6 (0x030f8b63) beq     t6, a6, pc + 54
core   0: 3 0x800058d6 (0x030f8b63)
core   0: 0x8000590c (0x03695833) divu    a6, s2, s6
core   0: 3 0x8000590c (0x03695833) x16 0x00000002
core   0: 0x80005910 (0x020a6e33) rem     t3, s4, zero
core   0: 3 0x80005910 (0x020a6e33) x28 0xffffffff
core   0: 0x80005914 (0x0000167d) c.addi  a2, -1
core   0: 3 0x80005914 (0x167d) x12 0xffffffff
core   0: 0x80005916 (0x0151b6b3) sltu    a3, gp, s5
core   0: 3 0x80005916 (0x0151b6b3) x13 0x00000000
core   0: 0x8000591a (0x03424b93) xori    s7, tp, 52
core   0: 3 0x8000591a (0x03424b93) x23 0x00000034
core   0: 0x8000591e (0x41d80e33) sub     t3, a6, t4
core   0: 3 0x8000591e (0x41d80e33) x28 0x00000002
core   0: 0x80005922 (0x413f5993) srai    s3, t5, 19
core   0: 3 0x80005922 (0x413f5993) x19 0x00000832
core   0: 0x80005926 (0x0000c021) c.beqz  s0, pc + 64
core   0: 3 0x80005926 (0xc021)
core   0: 0x80005928 (0x02011833) mulh    a6, sp, zero
core   0: 3 0x80005928 (0x02011833) x16 0x00000000
core   0: 0x8000592c (0x00a96663) bltu    s2, a0, pc + 12
core   0: 3 0x8000592c (0x00a96663)
core   0: 0x80005930 (0x00008e85) c.sub   a3, s1
core   0: 3 0x80005930 (0x8e85) x13 0x00000000
core   0: 0x80005932 (0x00008fa9) c.xor   a5, a0
core   0: 3 0x80005932 (0x8fa9) x15 0x80022e34
core   0: 0x80005934 (0x024b8b33) mul     s6, s7, tp
core   0: 3 0x80005934 (0x024b8b33) x22 0x00000000
core   0: 0x80005938 (0x00008361) c.srli  a4, 24
core   0: 3 0x80005938 (0x8361) x14 0x00000000
core   0: 0x8000593a (0x09fa4293) xori    t0, s4, 159
core   0: 3 0x8000593a (0x09fa4293) x 5 0xffffff60
core   0: 0x8000593e (0xd7c0f693) andi    a3, ra, -644
core   0: 3 0x8000593e (0xd7c0f693) x13 0x00000000
core   0: 0x80005942 (0x017c90b3) sll     ra, s9, s7
core   0: 3 0x80005942 (0x017c90b3) x 1 0x05100000
core   0: 0x80005946 (0x0000100f) fence.i
core   0: 3 0x80005946 (0x0000100f)
core   0: 0x8000594a (0x01581d13) slli    s10, a6, 21
core   0: 3 0x8000594a (0x01581d13) x26 0x00000000
core   0: 0x8000594e (0x0000100f) fence.i
core   0: 3 0x8000594e (0x0000100f)
core   0: 0x80005952 (0x00001bfd) c.addi  s7, -1
core   0: 3 0x80005952 (0x1bfd) x23 0x00000033
core   0: 0x80005954 (0x022ad463) bge     s5, sp, pc + 40
core   0: 3 0x80005954 (0x022ad463)
core   0: 0x8000597c (0x0000e401) c.bnez  s0, pc + 8
core   0: 3 0x8000597c (0xe401)
core   0: 0x80005984 (0x00d80a33) add     s4, a6, a3
core   0: 3 0x80005984 (0x00d80a33) x20 0x00000000
core   0: 0x80005988 (0x03e05d33) divu    s10, zero, t5
core   0: 3 0x80005988 (0x03e05d33) x26 0x00000000
core   0: 0x8000598c (0x006c9263) bne     s9, t1, pc + 4
core   0: 3 0x8000598c (0x006c9263)
core   0: 0x80005990 (0xfd7cb613) sltiu   a2, s9, -41
core   0: 3 0x80005990 (0xfd7cb613) x12 0x00000001
core   0: 0x80005994 (0x03a23933) mulhu   s2, tp, s10
core   0: 3 0x80005994 (0x03a23933) x18 0x00000000
core   0: 0x80005998 (0x03dd3333) mulhu   t1, s10, t4
core   0: 3 0x80005998 (0x03dd3333) x 6 0x00000000
core   0: 0x8000599c (0x00008af1) c.andi  a3, 28
core   0: 3 0x8000599c (0x8af1) x13 0x00000000
core   0: 0x8000599e (0x035116b3) mulh    a3, sp, s5
core   0: 3 0x8000599e (0x035116b3) x13 0x00000000
core   0: 0x800059a2 (0x004aa0b3) slt     ra, s5, tp
core   0: 3 0x800059a2 (0x004aa0b3) x 1 0x00000000
core   0: 0x800059a6 (0x00008be5) c.andi  a5, 25
core   0: 3 0x800059a6 (0x8be5) x15 0x00000010
core   0: 0x800059a8 (0x5bd1a493) slti    s1, gp, 1469
core   0: 3 0x800059a8 (0x5bd1a493) x 9 0x00000001
core   0: 0x800059ac (0x03ff7c33) remu    s8, t5, t6
core   0: 3 0x800059ac (0x03ff7c33) x24 0x4197279e
core   0: 0x800059b0 (0x0000844e) c.mv    s0, s3
core   0: 3 0x800059b0 (0x844e) x 8 0x00000832
core   0: 0x800059b2 (0x034a2eb3) mulhsu  t4, s4, s4
core   0: 3 0x800059b2 (0x034a2eb3) x29 0x00000000
core   0: 0x800059b6 (0x00005d7d) c.li    s10, -1
core   0: 3 0x800059b6 (0x5d7d) x26 0xffffffff
core   0: 0x800059b8 (0x02110733) mul     a4, sp, ra
core   0: 3 0x800059b8 (0x02110733) x14 0x00000000
core   0: 0x800059bc (0x0000100f) fence.i
core   0: 3 0x800059bc (0x0000100f)
core   0: 0x800059c0 (0x00000001) c.nop
core   0: 3 0x800059c0 (0x0001)
core   0: 0x800059c2 (0xf9c57b13) andi    s6, a0, -100
core   0: 3 0x800059c2 (0xf9c57b13) x22 0x80022e04
core   0: 0x800059c6 (0x00008f69) c.and   a4, a0
core   0: 3 0x800059c6 (0x8f69) x14 0x00000000
core   0: 0x800059c8 (0x0000cc81) c.beqz  s1, pc + 24
core   0: 3 0x800059c8 (0xcc81)
core   0: 0x800059ca (0x00008fcd) c.or    a5, a1
core   0: 3 0x800059ca (0x8fcd) x15 0x80026cf4
core   0: 0x800059cc (0x00c17a63) bgeu    sp, a2, pc + 20
core   0: 3 0x800059cc (0x00c17a63)
core   0: 0x800059d0 (0x03b090b3) mulh    ra, ra, s11
core   0: 3 0x800059d0 (0x03b090b3) x 1 0x00000000
core   0: 0x800059d4 (0x9f468693) addi    a3, a3, -1548
core   0: 3 0x800059d4 (0x9f468693) x13 0xfffff9f4
core   0: 0x800059d8 (0x00008c71) c.and   s0, a2
core   0: 3 0x800059d8 (0x8c71) x 8 0x00000000
core   0: 0x800059da (0x027f5733) divu    a4, t5, t2
core   0: 3 0x800059da (0x027f5733) x14 0xffffffff
core   0: 0x800059de (0x000006ae) c.slli  a3, 11
core   0: 3 0x800059de (0x06ae) x13 0xffcfa000
core   0: 0x800059e0 (0x01fda4b3) slt     s1, s11, t6
core   0: 3 0x800059e0 (0x01fda4b3) x 9 0x00000001
core   0: 0x800059e4 (0x4a66e613) ori     a2, a3, 1190
core   0: 3 0x800059e4 (0x4a66e613) x12 0xffcfa4a6
core   0: 0x800059e8 (0x00008ebd) c.xor   a3, a5
core   0: 3 0x800059e8 (0x8ebd) x13 0x7fcdccf4
core   0: 0x800059ea (0x00000001) c.nop
core   0: 3 0x800059ea (0x0001)
core   0: 0x800059ec (0x00009dc6) c.add   s11, a7
core   0: 3 0x800059ec (0x9dc6) x27 0xbe68d5d1
core   0: 0x800059ee (0x00008611) c.srai  a2, 4
core   0: 3 0x800059ee (0x8611) x12 0xfffcfa4a
core   0: 0x800059f0 (0x01750eb3) add     t4, a0, s7
core   0: 3 0x800059f0 (0x01750eb3) x29 0x80022e97
core   0: 0x800059f4 (0x02244663) blt     s0, sp, pc + 44
core   0: 3 0x800059f4 (0x02244663)
core   0: 0x800059f8 (0x02ae06b3) mul     a3, t3, a0
core   0: 3 0x800059f8 (0x02ae06b3) x13 0x00045cc8
core   0: 0x800059fc (0x03060e63) beq     a2, a6, pc + 60
core   0: 3 0x800059fc (0x03060e63)
core   0: 0x80005a00 (0x9daa6013) ori     zero, s4, -1574
core   0: 3 0x80005a00 (0x9daa6013)
core   0: 0x80005a04 (0x037484b3) mul     s1, s1, s7
core   0: 3 0x80005a04 (0x037484b3) x 9 0x00000033
core   0: 0x80005a08 (0x00918a33) add     s4, gp, s1
core   0: 3 0x80005a08 (0x00918a33) x20 0x00000033
core   0: 0x80005a0c (0x415f8633) sub     a2, t6, s5
core   0: 3 0x80005a0c (0x415f8633) x12 0x00000000
core   0: 0x80005a10 (0x40fd82b3) sub     t0, s11, a5
core   0: 3 0x80005a10 (0x40fd82b3) x 5 0x3e6668dd
core   0: 0x80005a14 (0x0000100f) fence.i
core   0: 3 0x80005a14 (0x0000100f)
core   0: 0x80005a18 (0x00008e11) c.sub   a2, a2
core   0: 3 0x80005a18 (0x8e11) x12 0x00000000
core   0: 0x80005a1a (0x00008c2d) c.xor   s0, a1
core   0: 3 0x80005a1a (0x8c2d) x 8 0x80026ce4
core   0: 0x80005a1c (0x03a0e6b3) rem     a3, ra, s10
core   0: 3 0x80005a1c (0x03a0e6b3) x13 0x00000000
core   0: 0x80005a20 (0x00008fa9) c.xor   a5, a0
core   0: 3 0x80005a20 (0x8fa9) x15 0x00004290
core   0: 0x80005a22 (0x023d3833) mulhu   a6, s10, gp
core   0: 3 0x80005a22 (0x023d3833) x16 0x00000000
core   0: 0x80005a26 (0x0000e099) c.bnez  s1, pc + 6
core   0: 3 0x80005a26 (0xe099)
core   0: 0x80005a2c (0x0000e311) c.bnez  a4, pc + 4
core   0: 3 0x80005a2c (0xe311)
core   0: 0x80005a30 (0x00008e05) c.sub   a2, s1
core   0: 3 0x80005a30 (0x8e05) x12 0xffffffcd
core   0: 0x80005a32 (0x0000664d) c.lui   a2, 0x13
core   0: 3 0x80005a32 (0x664d) x12 0x00013000
core   0: 0x80005a34 (0x03882fb3) mulhsu  t6, a6, s8
core   0: 3 0x80005a34 (0x03882fb3) x31 0x00000000
core   0: 0x80005a38 (0x03e96bb3) rem     s7, s2, t5
core   0: 3 0x80005a38 (0x03e96bb3) x23 0x00000000
core   0: 0x80005a3c (0x012b3c33) sltu    s8, s6, s2
core   0: 3 0x80005a3c (0x012b3c33) x24 0x00000000
core   0: 0x80005a40 (0x0000100f) fence.i
core   0: 3 0x80005a40 (0x0000100f)
core   0: 0x80005a44 (0x011b0d33) add     s10, s6, a7
core   0: 3 0x80005a44 (0x011b0d33) x26 0x3e6b0666
core   0: 0x80005a48 (0x02b44a33) div     s4, s0, a1
core   0: 3 0x80005a48 (0x02b44a33) x20 0x00000001
core   0: 0x80005a4c (0x0000893a) c.mv    s2, a4
core   0: 3 0x80005a4c (0x893a) x18 0xffffffff
core   0: 0x80005a4e (0x01065133) srl     sp, a2, a6
core   0: 3 0x80005a4e (0x01065133) x 2 0x00013000
core   0: 0x80005a52 (0x03c61d63) bne     a2, t3, pc + 58
core   0: 3 0x80005a52 (0x03c61d63)
core   0: 0x80005a8c (0x0089bdb3) sltu    s11, s3, s0
core   0: 3 0x80005a8c (0x0089bdb3) x27 0x00000001
core   0: 0x80005a90 (0x0000e67d) c.bnez  a2, pc + 238
core   0: 3 0x80005a90 (0xe67d)
core   0: 0x80005b7e (0x00008c79) c.and   s0, a4
core   0: 3 0x80005b7e (0x8c79) x 8 0x80026ce4
core   0: 0x80005b80 (0x0000597d) c.li    s2, -1
core   0: 3 0x80005b80 (0x597d) x18 0xffffffff
core   0: 0x80005b82 (0x00001000) c.addi4spn s0, sp, 32
core   0: 3 0x80005b82 (0x1000) x 8 0x00013020
core   0: 0x80005b84 (0x00c75d93) srli    s11, a4, 12
core   0: 3 0x80005b84 (0x00c75d93) x27 0x000fffff
core   0: 0x80005b88 (0x04856263) bltu    a0, s0, pc + 68
core   0: 3 0x80005b88 (0x04856263)
core   0: 0x80005b8c (0x00be9393) slli    t2, t4, 11
core   0: 3 0x80005b8c (0x00be9393) x 7 0x1174b800
core   0: 0x80005b90 (0x00000c9c) c.addi4spn a5, sp, 592
core   0: 3 0x80005b90 (0x0c9c) x15 0x00013250
core   0: 0x80005b92 (0x0000991e) c.add   s2, t2
core   0: 3 0x80005b92 (0x991e) x18 0x1174b7ff
core   0: 0x80005b94 (0x03c28bb3) mul     s7, t0, t3
core   0: 3 0x80005b94 (0x03c28bb3) x23 0x7cccd1ba
core   0: 0x80005b98 (0x00008fbd) c.xor   a5, a5
core   0: 3 0x80005b98 (0x8fbd) x15 0x00000000
core   0: 0x80005b9a (0x0367ad33) mulhsu  s10, a5, s6
core   0: 3 0x80005b9a (0x0367ad33) x26 0x00000000
core   0: 0x80005b9e (0x025d2333) mulhsu  t1, s10, t0
core   0: 3 0x80005b9e (0x025d2333) x 6 0x00000000
core   0: 0x80005ba2 (0x00008799) c.srai  a5, 6
core   0: 3 0x80005ba2 (0x8799) x15 0x00000000
core   0: 0x80005ba4 (0x013ffe63) bgeu    t6, s3, pc + 28
core   0: 3 0x80005ba4 (0x013ffe63)
core   0: 0x80005ba8 (0x4132d4b3) sra     s1, t0, s3
core   0: 3 0x80005ba8 (0x4132d4b3) x 9 0x00000f99
core   0: 0x80005bac (0x0000982a) c.add   a6, a0
core   0: 3 0x80005bac (0x982a) x16 0x80022e64
core   0: 0x80005bae (0x00591263) bne     s2, t0, pc + 4
core   0: 3 0x80005bae (0x00591263)
core   0: 0x80005bb2 (0x0222e0b3) rem     ra, t0, sp
core   0: 3 0x80005bb2 (0x0222e0b3) x 1 0x000028dd
core   0: 0x80005bb6 (0x02b15733) divu    a4, sp, a1
core   0: 3 0x80005bb6 (0x02b15733) x14 0x00000000
core   0: 0x80005bba (0x0000612d) c.addi16sp sp, 224
core   0: 3 0x80005bba (0x612d) x 2 0x000130e0
core   0: 0x80005bbc (0x03ddc833) div     a6, s11, t4
core   0: 3 0x80005bbc (0x03ddc833) x16 0x00000000
core   0: 0x80005bc0 (0x02e94b63) blt     s2, a4, pc + 54
core   0: 3 0x80005bc0 (0x02e94b63)
core   0: 0x80005bc4 (0x34453c93) sltiu   s9, a0, 836
core   0: 3 0x80005bc4 (0x34453c93) x25 0x00000000
core   0: 0x80005bc8 (0xac75a137) lui     sp, 0xac75a
core   0: 3 0x80005bc8 (0xac75a137) x 2 0xac75a000
core   0: 0x80005bcc (0x04449263) bne     s1, tp, pc + 68
core   0: 3 0x80005bcc (0x04449263)
core   0: 0x80005c10 (0x03c0bf33) mulhu   t5, ra, t3
core   0: 3 0x80005c10 (0x03c0bf33) x30 0x00000000
core   0: 0x80005c14 (0x0000c399) c.beqz  a5, pc + 6
core   0: 3 0x80005c14 (0xc399)
core   0: 0x80005c1a (0x01c59833) sll     a6, a1, t3
core   0: 3 0x80005c1a (0x01c59833) x16 0x0009b390
core   0: 0x80005c1e (0x0dd7c663) blt     a5, t4, pc + 204
core   0: 3 0x80005c1e (0x0dd7c663)
core   0: 0x80005c22 (0x0000839e) c.mv    t2, t2
core   0: 3 0x80005c22 (0x839e) x 7 0x1174b800
core   0: 0x80005c24 (0x0000436d) c.li    t1, 27
core   0: 3 0x80005c24 (0x436d) x 6 0x0000001b
core   0: 0x80005c26 (0x00016c97) auipc   s9, 0x16
core   0: 3 0x80005c26 (0x00016c97) x25 0x8001bc26
core   0: 0x80005c2a (0x475c8c93) addi    s9, s9, 1141
core   0: 3 0x80005c2a (0x475c8c93) x25 0x8001c09b
core   0: 0x80005c2e (0x03c5b433) mulhu   s0, a1, t3
core   0: 3 0x80005c2e (0x03c5b433) x 8 0x00000001
core   0: 0x80005c32 (0x039ca183) lw      gp, 57(s9)
core   0: 3 0x80005c32 (0x039ca183) x 3 0x8c8d8e8f mem 0x8001c0d4
core   0: 0x80005c36 (0x01353d33) sltu    s10, a0, s3
core   0: 3 0x80005c36 (0x01353d33) x26 0x00000000
core   0: 0x80005c3a (0x0123d133) srl     sp, t2, s2
core   0: 3 0x80005c3a (0x0123d133) x 2 0x00000000
core   0: 0x80005c3e (0xfe0c8423) sb      zero, -24(s9)
core   0: 3 0x80005c3e (0xfe0c8423) mem 0x8001c083 0x0
core   0: 0x80005c42 (0x03880e33) mul     t3, a6, s8
core   0: 3 0x80005c42 (0x03880e33) x28 0x00000000
core   0: 0x80005c46 (0x40ebdf13) srai    t5, s7, 14
core   0: 3 0x80005c46 (0x40ebdf13) x30 0x0001f333
core   0: 0x80005c4a (0x0077ac33) slt     s8, a5, t2
core   0: 3 0x80005c4a (0x0077ac33) x24 0x00000001
core   0: 0x80005c4e (0x02c2a4b3) mulhsu  s1, t0, a2
core   0: 3 0x80005c4e (0x02c2a4b3) x 9 0x00004a19
core   0: 0x80005c52 (0x024f3333) mulhu   t1, t5, tp
core   0: 3 0x80005c52 (0x024f3333) x 6 0x00000000
core   0: 0x80005c56 (0x3ed78913) addi    s2, a5, 1005
core   0: 3 0x80005c56 (0x3ed78913) x18 0x000003ed
core   0: 0x80005c5a (0x00dc9d83) lh      s11, 13(s9)
core   0: 3 0x80005c5a (0x00dc9d83) x27 0x00006263 mem 0x8001c0a8
core   0: 0x80005c5e (0x00a6c133) xor     sp, a3, a0
core   0: 3 0x80005c5e (0x00a6c133) x 2 0x80022e64
core   0: 0x80005c62 (0x418ad8b3) sra     a7, s5, s8
core   0: 3 0x80005c62 (0x418ad8b3) x17 0x00000000
core   0: 0x80005c66 (0x00008e3d) c.xor   a2, a5
core   0: 3 0x80005c66 (0x8e3d) x12 0x00013000
core   0: 0x80005c68 (0x018c99a3) sh      s8, 19(s9)
core   0: 3 0x80005c68 (0x018c99a3) mem 0x8001c0ae 0x0001
core   0: 0x80005c6c (0x00004181) c.li    gp, 0
core   0: 3 0x80005c6c (0x4181) x 3 0x00000000
core   0: 0x80005c6e (0x00000a04) c.addi4spn s1, sp, 272
core   0: 3 0x80005c6e (0x0a04) x 9 0x80022f74
core   0: 0x80005c70 (0xffcca4a3) sw      t3, -23(s9)
core   0: 3 0x80005c70 (0xffcca4a3) mem 0x8001c084 0x00000000
core   0: 0x80005c74 (0x037f5833) divu    a6, t5, s7
core   0: 3 0x80005c74 (0x037f5833) x16 0x00000000
core   0: 0x80005c78 (0x0100f9b3) and     s3, ra, a6
core   0: 3 0x80005c78 (0x0100f9b3) x19 0x00000000
core   0: 0x80005c7c (0x4b2ac717) auipc   a4, 0x4b2ac
core   0: 3 0x80005c7c (0x4b2ac717) x14 0xcb2b1c7c
core   0: 0x80005c80 (0xfd4c8b03) lb      s6, -44(s9)
core   0: 3 0x80005c80 (0xfd4c8b03) x22 0x00000024 mem 0x8001c06f
core   0: 0x80005c84 (0x00000f10) c.addi4spn a2, sp, 912
core   0: 3 0x80005c84 (0x0f10) x12 0x800231f4
core   0: 0x80005c86 (0x0295a433) mulhsu  s0, a1, s1
core   0: 3 0x80005c86 (0x0295a433) x 8 0xc0001ebd
core   0: 0x80005c8a (0x012a01b3) add     gp, s4, s2
core   0: 3 0x80005c8a (0x012a01b3) x 3 0x000003ee
core   0: 0x80005c8e (0xfe2cc403) lbu     s0, -30(s9)
core   0: 3 0x80005c8e (0xfe2cc403) x 8 0x00000036 mem 0x8001c07d
core   0: 0x80005c92 (0x0ff0000f) fence   iorw,iorw
core   0: 3 0x80005c92 (0x0ff0000f)
core   0: 0x80005c96 (0x026ccf03) lbu     t5, 38(s9)
core   0: 3 0x80005c96 (0x026ccf03) x30 0x0000007a mem 0x8001c0c1
core   0: 0x80005c9a (0x01dc9fa3) sh      t4, 31(s9)
core   0: 3 0x80005c9a (0x01dc9fa3) mem 0x8001c0ba 0x2e97
core   0: 0x80005c9e (0x01ecc783) lbu     a5, 30(s9)
core   0: 3 0x80005c9e (0x01ecc783) x15 0x00000072 mem 0x8001c0b9
core   0: 0x80005ca2 (0x00000001) c.nop
core   0: 3 0x80005ca2 (0x0001)
core   0: 0x80005ca4 (0x01f7fe33) and     t3, a5, t6
core   0: 3 0x80005ca4 (0x01f7fe33) x28 0x00000000
core   0: 0x80005ca8 (0x020cc483) lbu     s1, 32(s9)
core   0: 3 0x80005ca8 (0x020cc483) x 9 0x0000002e mem 0x8001c0bb
core   0: 0x80005cac (0x6a027d13) andi    s10, tp, 1696
core   0: 3 0x80005cac (0x6a027d13) x26 0x00000000
core   0: 0x80005cb0 (0x03f664b3) rem     s1, a2, t6
core   0: 3 0x80005cb0 (0x03f664b3) x 9 0x800231f4
core   0: 0x80005cb4 (0xfd0c8e03) lb      t3, -48(s9)
core   0: 3 0x80005cb4 (0xfd0c8e03) x28 0x00000020 mem 0x8001c06b
core   0: 0x80005cb8 (0xfe3c8023) sb      gp, -32(s9)
core   0: 3 0x80005cb8 (0xfe3c8023) mem 0x8001c07b 0xee
core   0: 0x80005cbc (0x00008e11) c.sub   a2, a2
core   0: 3 0x80005cbc (0x8e11) x12 0x00000000
core   0: 0x80005cbe (0x00000001) c.nop
core   0: 3 0x80005cbe (0x0001)
core   0: 0x80005cc0 (0x00008ec1) c.or    a3, s0
core   0: 3 0x80005cc0 (0x8ec1) x13 0x00000036
core   0: 0x80005cc2 (0x028201b3) mul     gp, tp, s0
core   0: 3 0x80005cc2 (0x028201b3) x 3 0x00000000
core   0: 0x80005cc6 (0x0000100f) fence.i
core   0: 3 0x80005cc6 (0x0000100f)
core   0: 0x80005cca (0x0000062a) c.slli  a2, 10
core   0: 3 0x80005cca (0x062a) x12 0x00000000
core   0: 0x80005ccc (0x0000e3a1) c.bnez  a5, pc + 64
core   0: 3 0x80005ccc (0xe3a1)
core   0: 0x80005d0c (0x0019f733) and     a4, s3, ra
core   0: 3 0x80005d0c (0x0019f733) x14 0x00000000
core   0: 0x80005d10 (0x01844e33) xor     t3, s0, s8
core   0: 3 0x80005d10 (0x01844e33) x28 0x00000037
core   0: 0x80005d14 (0x011d3ab3) sltu    s5, s10, a7
core   0: 3 0x80005d14 (0x011d3ab3) x21 0x00000000
core   0: 0x80005d18 (0xae7cfb93) andi    s7, s9, -1305
core   0: 3 0x80005d18 (0xae7cfb93) x23 0x8001c083
core   0: 0x80005d1c (0x023d1bb3) mulh    s7, s10, gp
core   0: 3 0x80005d1c (0x023d1bb3) x23 0x00000000
core   0: 0x80005d20 (0x000082ad) c.srli  a3, 11
core   0: 3 0x80005d20 (0x82ad) x13 0x00000000
core   0: 0x80005d22 (0x00009ac2) c.add   s5, a6
core   0: 3 0x80005d22 (0x9ac2) x21 0x00000000
core   0: 0x80005d24 (0x00000001) c.nop
core   0: 3 0x80005d24 (0x0001)
core   0: 0x80005d26 (0x015c9693) slli    a3, s9, 21
core   0: 3 0x80005d26 (0x015c9693) x13 0x13600000
core   0: 0x80005d2a (0x00008f75) c.and   a4, a3
core   0: 3 0x80005d2a (0x8f75) x14 0x00000000
core   0: 0x80005d2c (0x0000ce1d) c.beqz  a2, pc + 62
core   0: 3 0x80005d2c (0xce1d)
core   0: 0x80005d6a (0x01305b33) srl     s6, zero, s3
core   0: 3 0x80005d6a (0x01305b33) x22 0x00000000
core   0: 0x80005d6e (0x01b36563) bltu    t1, s11, pc + 10
core   0: 3 0x80005d6e (0x01b36563)
core   0: 0x80005d78 (0x000098fd) c.andi  s1, -1
core   0: 3 0x80005d78 (0x98fd) x 9 0x800231f4
core   0: 0x80005d7a (0x00007317) auipc   t1, 0x7
core   0: 3 0x80005d7a (0x00007317) x 6 0x8000cd7a
core   0: 0x80005d7e (0x4e030313) addi    t1, t1, 1248
core   0: 3 0x80005d7e (0x4e030313) x 6 0x8000d25a
core   0: 0x80005d82 (0xf3e30083) lb      ra, -194(t1)
core   0: 3 0x80005d82 (0xf3e30083) x 1 0x00000053 mem 0x8000d198
core   0: 0x80005d86 (0xf6734d03) lbu     s10, -153(t1)
core   0: 3 0x80005d86 (0xf6734d03) x26 0x00000000 mem 0x8000d1c1
core   0: 0x80005d8a (0xf8834c83) lbu     s9, -120(t1)
core   0: 3 0x80005d8a (0xf8834c83) x25 0x00000099 mem 0x8000d1e2
core   0: 0x80005d8e (0x00008a95) c.andi  a3, 5
core   0: 3 0x80005d8e (0x8a95) x13 0x00000000
core   0: 0x80005d90 (0xfcfcc393) xori    t2, s9, -49
core   0: 3 0x80005d90 (0xfcfcc393) x 7 0xffffff56
core   0: 0x80005d94 (0x0000965a) c.add   a2, s6
core   0: 3 0x80005d94 (0x965a) x12 0x00000000
core   0: 0x80005d96 (0x02f714b3) mulh    s1, a4, a5
core   0: 3 0x80005d96 (0x02f714b3) x 9 0x00000000
core   0: 0x80005d9a (0x0221bbb3) mulhu   s7, gp, sp
core   0: 3 0x80005d9a (0x0221bbb3) x23 0x00000000
core   0: 0x80005d9e (0x012a8133) add     sp, s5, s2
core   0: 3 0x80005d9e (0x012a8133) x 2 0x000003ed
core   0: 0x80005da2 (0xf3c31b83) lh      s7, -196(t1)
core   0: 3 0x80005da2 (0xf3c31b83) x23 0x00004c4d mem 0x8000d196
core   0: 0x80005da6 (0x015a7133) and     sp, s4, s5
core   0: 3 0x80005da6 (0x015a7133) x 2 0x00000000
core   0: 0x80005daa (0x0ff304a3) sb      t6, 233(t1)
core   0: 3 0x80005daa (0x0ff304a3) mem 0x8000d343 0x0
core   0: 0x80005dae (0x417c5d93) srai    s11, s8, 23
core   0: 3 0x80005dae (0x417c5d93) x27 0x00000000
core   0: 0x80005db2 (0x00000001) c.nop
core   0: 3 0x80005db2 (0x0001)
core   0: 0x80005db4 (0x04e32083) lw      ra, 78(t1)
core   0: 3 0x80005db4 (0x04e32083) x 1 0x60616263 mem 0x8000d2a8
core   0: 0x80005db8 (0x014997b3) sll     a5, s3, s4
core   0: 3 0x80005db8 (0x014997b3) x15 0x00000000
core   0: 0x80005dbc (0x06231b03) lh      s6, 98(t1)
core   0: 3 0x80005dbc (0x06231b03) x22 0x00007677 mem 0x8000d2bc
core   0: 0x80005dc0 (0xfca34a03) lbu     s4, -54(t1)
core   0: 3 0x80005dc0 (0xfca34a03) x20 0x000000df mem 0x8000d224
core   0: 0x80005dc4 (0x0f530403) lb      s0, 245(t1)
core   0: 3 0x80005dc4 (0x0f530403) x 8 0x00000004 mem 0x8000d34f
core   0: 0x80005dc8 (0x00008fe1) c.and   a5, s0
core   0: 3 0x80005dc8 (0x8fe1) x15 0x00000000
core   0: 0x80005dca (0x0000100f) fence.i
core   0: 3 0x80005dca (0x0000100f)
core   0: 0x80005dce (0x6858e137) lui     sp, 0x6858e
core   0: 3 0x80005dce (0x6858e137) x 2 0x6858e000
core   0: 0x80005dd2 (0x0ff30c23) sb      t6, 248(t1)
core   0: 3 0x80005dd2 (0x0ff30c23) mem 0x8000d352 0x0
core   0: 0x80005dd6 (0x00008c7d) c.and   s0, a5
core   0: 3 0x80005dd6 (0x8c7d) x 8 0x00000000
core   0: 0x80005dd8 (0x0ba30703) lb      a4, 186(t1)
core   0: 3 0x80005dd8 (0x0ba30703) x14 0xffffffcf mem 0x8000d314
core   0: 0x80005ddc (0xf8034b83) lbu     s7, -128(t1)
core   0: 3 0x80005ddc (0xf8034b83) x23 0x0000000a mem 0x8000d1da
core   0: 0x80005de0 (0x09334183) lbu     gp, 147(t1)
core   0: 3 0x80005de0 (0x09334183) x 3 0x000000a6 mem 0x8000d2ed
core   0: 0x80005de4 (0xf3ba7797) auipc   a5, 0xf3ba7
core   0: 3 0x80005de4 (0xf3ba7797) x15 0x73bacde4
core   0: 0x80005de8 (0xfe435d83) lhu     s11, -28(t1)
core   0: 3 0x80005de8 (0xfe435d83) x27 0x0000f4f5 mem 0x8000d23e
core   0: 0x80005dec (0xf1930ea3) sb      s9, -227(t1)
core   0: 3 0x80005dec (0xf1930ea3) mem 0x8000d177 0x99
core   0: 0x80005df0 (0x000003b2) c.slli  t2, 12
core   0: 3 0x80005df0 (0x03b2) x 7 0xfff56000
core   0: 0x80005df2 (0x08131d23) sh      ra, 154(t1)
core   0: 3 0x80005df2 (0x08131d23) mem 0x8000d2f4 0x6263
core   0: 0x80005df6 (0x02759833) mulh    a6, a1, t2
core   0: 3 0x80005df6 (0x02759833) x16 0x00054fe6
core   0: 0x80005dfa (0x963f3f13) sltiu   t5, t5, -1693
core   0: 3 0x80005dfa (0x963f3f13) x30 0x00000001
core   0: 0x80005dfe (0xb49b6293) ori     t0, s6, -1207
core   0: 3 0x80005dfe (0xb49b6293) x 5 0xffffff7f
core   0: 0x80005e02 (0x412bd413) srai    s0, s7, 18
core   0: 3 0x80005e02 (0x412bd413) x 8 0x00000000
core   0: 0x80005e06 (0x017cf4b3) and     s1, s9, s7
core   0: 3 0x80005e06 (0x017cf4b3) x 9 0x00000008
core   0: 0x80005e0a (0x0000e795) c.bnez  a5, pc + 44
core   0: 3 0x80005e0a (0xe795)
core   0: 0x80005e36 (0x00005cfd) c.li    s9, -1
core   0: 3 0x80005e36 (0x5cfd) x25 0xffffffff
core   0: 0x80005e38 (0x0080b833) sltu    a6, ra, s0
core   0: 3 0x80005e38 (0x0080b833) x16 0x00000000
core   0: 0x80005e3c (0x56afc613) xori    a2, t6, 1386
core   0: 3 0x80005e3c (0x56afc613) x12 0x0000056a
core   0: 0x80005e40 (0x00009912) c.add   s2, tp
core   0: 3 0x80005e40 (0x9912) x18 0x000003ed
core   0: 0x80005e42 (0xc5258f13) addi    t5, a1, -942
core   0: 3 0x80005e42 (0xc5258f13) x30 0x80026936
core   0: 0x80005e46 (0x0000ea89) c.bnez  a3, pc + 18
core   0: 3 0x80005e46 (0xea89)
core   0: 0x80005e48 (0x02149733) mulh    a4, s1, ra
core   0: 3 0x80005e48 (0x02149733) x14 0x00000003
core   0: 0x80005e4c (0x000088d9) c.andi  s1, 22
core   0: 3 0x80005e4c (0x88d9) x 9 0x00000000
core   0: 0x80005e4e (0x00001c18) c.addi4spn a4, sp, 560
core   0: 3 0x80005e4e (0x1c18) x14 0x6858e230
core   0: 0x80005e50 (0x037be7b3) rem     a5, s7, s7
core   0: 3 0x80005e50 (0x037be7b3) x15 0x00000000
core   0: 0x80005e54 (0x01b52d33) slt     s10, a0, s11
core   0: 3 0x80005e54 (0x01b52d33) x26 0x00000001
core   0: 0x80005e58 (0x00000001) c.nop
core   0: 3 0x80005e58 (0x0001)
core   0: 0x80005e5a (0x05356063) bltu    a0, s3, pc + 64
core   0: 3 0x80005e5a (0x05356063)
core   0: 0x80005e5e (0x009b9713) slli    a4, s7, 9
core   0: 3 0x80005e5e (0x009b9713) x14 0x00001400
core   0: 0x80005e62 (0x6f8a7113) andi    sp, s4, 1784
core   0: 3 0x80005e62 (0x6f8a7113) x 2 0x000000d8
core   0: 0x80005e66 (0x01df3f33) sltu    t5, t5, t4
core   0: 3 0x80005e66 (0x01df3f33) x30 0x00000000
core   0: 0x80005e6a (0x413ddcb3) sra     s9, s11, s3
core   0: 3 0x80005e6a (0x413ddcb3) x25 0x0000f4f5
core   0: 0x80005e6e (0x003d6a33) or      s4, s10, gp
core   0: 3 0x80005e6e (0x003d6a33) x20 0x000000a7
core   0: 0x80005e72 (0x0052da33) srl     s4, t0, t0
core   0: 3 0x80005e72 (0x0052da33) x20 0x00000001
core   0: 0x80005e76 (0x00195db3) srl     s11, s2, ra
core   0: 3 0x80005e76 (0x00195db3) x27 0x0000007d
core   0: 0x80005e7a (0x03cebdb3) mulhu   s11, t4, t3
core   0: 3 0x80005e7a (0x03cebdb3) x27 0x0000001b
core   0: 0x80005e7e (0x01688833) add     a6, a7, s6
core   0: 3 0x80005e7e (0x01688833) x16 0x00007677
core   0: 0x80005e82 (0x00008ee5) c.and   a3, s1
core   0: 3 0x80005e82 (0x8ee5) x13 0x00000000
core   0: 0x80005e84 (0x00c0a9b3) slt     s3, ra, a2
core   0: 3 0x80005e84 (0x00c0a9b3) x19 0x00000000
core   0: 0x80005e88 (0x01020033) add     zero, tp, a6
core   0: 3 0x80005e88 (0x01020033)
core   0: 0x80005e8c (0x00f80933) add     s2, a6, a5
core   0: 3 0x80005e8c (0x00f80933) x18 0x00007677
core   0: 0x80005e90 (0x00000bde) c.slli  s7, 23
core   0: 3 0x80005e90 (0x0bde) x23 0x05000000
core   0: 0x80005e92 (0xbd3d6f13) ori     t5, s10, -1069
core   0: 3 0x80005e92 (0xbd3d6f13) x30 0xfffffbd3
core   0: 0x80005e96 (0x00a38f63) beq     t2, a0, pc + 30
core   0: 3 0x80005e96 (0x00a38f63)
core   0: 0x80005e9a (0xb6435d17) auipc   s10, 0xb6435
core   0: 3 0x80005e9a (0xb6435d17) x26 0x3643ae9a
core   0: 0x80005e9e (0x036f7663) bgeu    t5, s6, pc + 44
core   0: 3 0x80005e9e (0x036f7663)
core   0: 0x80005eca (0x008f5db3) srl     s11, t5, s0
core   0: 3 0x80005eca (0x008f5db3) x27 0xfffffbd3
core   0: 0x80005ece (0x7060ca13) xori    s4, ra, 1798
core   0: 3 0x80005ece (0x7060ca13) x20 0x60616565
core   0: 0x80005ed2 (0x4fe80d97) auipc   s11, 0x4fe80
core   0: 3 0x80005ed2 (0x4fe80d97) x27 0xcfe85ed2
core   0: 0x80005ed6 (0x00000001) c.nop
core   0: 3 0x80005ed6 (0x0001)
core   0: 0x80005ed8 (0x02c3d763) bge     t2, a2, pc + 46
core   0: 3 0x80005ed8 (0x02c3d763)
core   0: 0x80005edc (0x00620d33) add     s10, tp, t1
core   0: 3 0x80005edc (0x00620d33) x26 0x8000d25a
core   0: 0x80005ee0 (0x00000a75) c.addi  s4, 29
core   0: 3 0x80005ee0 (0x0a75) x20 0x60616582
core   0: 0x80005ee2 (0x00000001) c.nop
core   0: 3 0x80005ee2 (0x0001)
core   0: 0x80005ee4 (0x00008711) c.srai  a4, 4
core   0: 3 0x80005ee4 (0x8711) x14 0x00000140
core   0: 0x80005ee6 (0x020801b3) mul     gp, a6, zero
core   0: 3 0x80005ee6 (0x020801b3) x 3 0x00000000
core   0: 0x80005eea (0x00000d56) c.slli  s10, 21
core   0: 3 0x80005eea (0x0d56) x26 0x4b400000
core   0: 0x80005eec (0x02a77963) bgeu    a4, a0, pc + 50
core   0: 3 0x80005eec (0x02a77963)
core   0: 0x80005ef0 (0x01894263) blt     s2, s8, pc + 4
core   0: 3 0x80005ef0 (0x01894263)
core   0: 0x80005ef4 (0xcab73b93) sltiu   s7, a4, -853
core   0: 3 0x80005ef4 (0xcab73b93) x23 0x00000001
core   0: 0x80005ef8 (0x00008fd5) c.or    a5, a3
core   0: 3 0x80005ef8 (0x8fd5) x15 0x00000000
core   0: 0x80005efa (0x00000001) c.nop
core   0: 3 0x80005efa (0x0001)
core   0: 0x80005efc (0x0000717d) c.addi16sp sp, -16
core   0: 3 0x80005efc (0x717d) x 2 0x000000c8
core   0: 0x80005efe (0x02a2ff63) bgeu    t0, a0, pc + 62
core   0: 3 0x80005efe (0x02a2ff63)
core   0: 0x80005f3c (0x0085fcb3) and     s9, a1, s0
core   0: 3 0x80005f3c (0x0085fcb3) x25 0x00000000
core   0: 0x80005f40 (0x000001fa) c.slli  gp, 30
core   0: 3 0x80005f40 (0x01fa) x 3 0x00000000
core   0: 0x80005f42 (0xaf362613) slti    a2, a2, -1293
core   0: 3 0x80005f42 (0xaf362613) x12 0x00000000
core   0: 0x80005f46 (0x003c8eb3) add     t4, s9, gp
core   0: 3 0x80005f46 (0x003c8eb3) x29 0x00000000
core   0: 0x80005f4a (0x0340e7b3) rem     a5, ra, s4
core   0: 3 0x80005f4a (0x0340e7b3) x15 0x60616263
core   0: 0x80005f4e (0x039218b3) mulh    a7, tp, s9
core   0: 3 0x80005f4e (0x039218b3) x17 0x00000000
core   0: 0x80005f52 (0x00006135) c.addi16sp sp, 352
core   0: 3 0x80005f52 (0x6135) x 2 0x00000228
core   0: 0x80005f54 (0x0343d063) bge     t2, s4, pc + 32
core   0: 3 0x80005f54 (0x0343d063)
core   0: 0x80005f58 (0x0000c485) c.beqz  s1, pc + 40
core   0: 3 0x80005f58 (0xc485)
core   0: 0x80005f80 (0x000087fd) c.srai  a5, 31
core   0: 3 0x80005f80 (0x87fd) x15 0x00000000
core   0: 0x80005f82 (0x00009966) c.add   s2, s9
core   0: 3 0x80005f82 (0x9966) x18 0x00007677
core   0: 0x80005f84 (0x0335b433) mulhu   s0, a1, s3
core   0: 3 0x80005f84 (0x0335b433) x 8 0x00000000
core   0: 0x80005f88 (0x41315e93) srai    t4, sp, 19
core   0: 3 0x80005f88 (0x41315e93) x29 0x00000000
core   0: 0x80005f8c (0xd7140913) addi    s2, s0, -655
core   0: 3 0x80005f8c (0xd7140913) x18 0xfffffd71
core   0: 0x80005f90 (0x00008fb5) c.xor   a5, a3
core   0: 3 0x80005f90 (0x8fb5) x15 0x00000000
core   0: 0x80005f92 (0x00008fa9) c.xor   a5, a0
core   0: 3 0x80005f92 (0x8fa9) x15 0x80022e64
core   0: 0x80005f94 (0x00d63733) sltu    a4, a2, a3
core   0: 3 0x80005f94 (0x00d63733) x14 0x00000000
core   0: 0x80005f98 (0x00d5be33) sltu    t3, a1, a3
core   0: 3 0x80005f98 (0x00d5be33) x28 0x00000000
core   0: 0x80005f9c (0x55bc9997) auipc   s3, 0x55bc9
core   0: 3 0x80005f9c (0x55bc9997) x19 0xd5bcef9c
core   0: 0x80005fa0 (0x49ec2693) slti    a3, s8, 1182
core   0: 3 0x80005fa0 (0x49ec2693) x13 0x00000001
core   0: 0x80005fa4 (0x03d06033) rem     zero, zero, t4
core   0: 3 0x80005fa4 (0x03d06033)
core   0: 0x80005fa8 (0x2cd46d93) ori     s11, s0, 717
core   0: 3 0x80005fa8 (0x2cd46d93) x27 0x000002cd
core   0: 0x80005fac (0xcd532193) slti    gp, t1, -811
core   0: 3 0x80005fac (0xcd532193) x 3 0x00000001
core   0: 0x80005fb0 (0x000096be) c.add   a3, a5
core   0: 3 0x80005fb0 (0x96be) x13 0x80022e65
core   0: 0x80005fb2 (0x03985d63) bge     a6, s9, pc + 58
core   0: 3 0x80005fb2 (0x03985d63)
core   0: 0x80005fec (0x016804b3) add     s1, a6, s6
core   0: 3 0x80005fec (0x016804b3) x 9 0x0000ecee
core   0: 0x80005ff0 (0x59922c93) slti    s9, tp, 1433
core   0: 3 0x80005ff0 (0x59922c93) x25 0x00000001
core   0: 0x80005ff4 (0x00008609) c.srai  a2, 2
core   0: 3 0x80005ff4 (0x8609) x12 0x00000000
core   0: 0x80005ff6 (0x0143a6b3) slt     a3, t2, s4
core   0: 3 0x80005ff6 (0x0143a6b3) x13 0x00000001
core   0: 0x80005ffa (0x0000436d) c.li    t1, 27
core   0: 3 0x80005ffa (0x436d) x 6 0x0000001b
core   0: 0x80005ffc (0x00008da2) c.mv    s11, s0
core   0: 3 0x80005ffc (0x8da2) x27 0x00000000
core   0: 0x80005ffe (0x2c464493) xori    s1, a2, 708
core   0: 3 0x80005ffe (0x2c464493) x 9 0x000002c4
core   0: 0x80006002 (0x03ae0e33) mul     t3, t3, s10
core   0: 3 0x80006002 (0x03ae0e33) x28 0x00000000
core   0: 0x80006006 (0x01a754b3) srl     s1, a4, s10
core   0: 3 0x80006006 (0x01a754b3) x 9 0x00000000
core   0: 0x8000600a (0x02121a33) mulh    s4, tp, ra
core   0: 3 0x8000600a (0x02121a33) x20 0x00000000
core   0: 0x8000600e (0x007a9113) slli    sp, s5, 7
core   0: 3 0x8000600e (0x007a9113) x 2 0x00000000
core   0: 0x80006012 (0x00000771) c.addi  a4, 28
core   0: 3 0x80006012 (0x0771) x14 0x0000001c
core   0: 0x80006014 (0x0000879a) c.mv    a5, t1
core   0: 3 0x80006014 (0x879a) x15 0x0000001b
core   0: 0x80006016 (0x40c70cb3) sub     s9, a4, a2
core   0: 3 0x80006016 (0x40c70cb3) x25 0x0000001c
core   0: 0x8000601a (0x0e3f4c63) blt     t5, gp, pc + 248
core   0: 3 0x8000601a (0x0e3f4c63)
core   0: 0x80006112 (0x00008e5d) c.or    a2, a5
core   0: 3 0x80006112 (0x8e5d) x12 0x0000001b
core   0: 0x80006114 (0x411bd013) srai    zero, s7, 17
core   0: 3 0x80006114 (0x411bd013)
core   0: 0x80006118 (0x0000e311) c.bnez  a4, pc + 4
core   0: 3 0x80006118 (0xe311)
core   0: 0x8000611c (0x00000001) c.nop
core   0: 3 0x8000611c (0x0001)
core   0: 0x8000611e (0x00b0bbb3) sltu    s7, ra, a1
core   0: 3 0x8000611e (0x00b0bbb3) x23 0x00000001
core   0: 0x80006122 (0x00000ba6) c.slli  s7, 9
core   0: 3 0x80006122 (0x0ba6) x23 0x00000200
core   0: 0x80006124 (0x025dbcb3) mulhu   s9, s11, t0
core   0: 3 0x80006124 (0x025dbcb3) x25 0x00000000
core   0: 0x80006128 (0x2f050b13) addi    s6, a0, 752
core   0: 3 0x80006128 (0x2f050b13) x22 0x80023154
core   0: 0x8000612c (0x0000987d) c.andi  s0, -1
core   0: 3 0x8000612c (0x987d) x 8 0x00000000
core   0: 0x8000612e (0x020fa9b3) mulhsu  s3, t6, zero
core   0: 3 0x8000612e (0x020fa9b3) x19 0x00000000
core   0: 0x80006132 (0x017626b3) slt     a3, a2, s7
core   0: 3 0x80006132 (0x017626b3) x13 0x00000001
core   0: 0x80006136 (0x6376f993) andi    s3, a3, 1591
core   0: 3 0x80006136 (0x6376f993) x19 0x00000001
core   0: 0x8000613a (0x027dec33) rem     s8, s11, t2
core   0: 3 0x8000613a (0x027dec33) x24 0x00000000
core   0: 0x8000613e (0x2eae4f13) xori    t5, t3, 746
core   0: 3 0x8000613e (0x2eae4f13) x30 0x000002ea
core   0: 0x80006142 (0x41310833) sub     a6, sp, s3
core   0: 3 0x80006142 (0x41310833) x16 0xffffffff
core   0: 0x80006146 (0x01dbbf33) sltu    t5, s7, t4
core   0: 3 0x80006146 (0x01dbbf33) x30 0x00000000
core   0: 0x8000614a (0x00f31413) slli    s0, t1, 15
core   0: 3 0x8000614a (0x00f31413) x 8 0x000d8000
core   0: 0x8000614e (0x00c70a33) add     s4, a4, a2
core   0: 3 0x8000614e (0x00c70a33) x20 0x00000037
core   0: 0x80006152 (0x0000100f) fence.i
core   0: 3 0x80006152 (0x0000100f)
core   0: 0x80006156 (0x0000e315) c.bnez  a4, pc + 36
core   0: 3 0x80006156 (0xe315)
core   0: 0x8000617a (0x00000646) c.slli  a2, 17
core   0: 3 0x8000617a (0x0646) x12 0x00360000
core   0: 0x8000617c (0x0000615d) c.addi16sp sp, 432
core   0: 3 0x8000617c (0x615d) x 2 0x000001b0
core   0: 0x8000617e (0x569af313) andi    t1, s5, 1385
core   0: 3 0x8000617e (0x569af313) x 6 0x00000000
core   0: 0x80006182 (0x0ff0000f) fence   iorw,iorw
core   0: 3 0x80006182 (0x0ff0000f)
core   0: 0x80006186 (0x02abeab3) rem     s5, s7, a0
core   0: 3 0x80006186 (0x02abeab3) x21 0x00000200
core   0: 0x8000618a (0x051c7363) bgeu    s8, a7, pc + 70
core   0: 3 0x8000618a (0x051c7363)
core   0: 0x800061d0 (0x025a8f63) beq     s5, t0, pc + 62
core   0: 3 0x800061d0 (0x025a8f63)
core   0: 0x800061d4 (0xd4056a17) auipc   s4, 0xd4056
core   0: 3 0x800061d4 (0xd4056a17) x20 0x5405c1d4
core   0: 0x800061d8 (0x01231863) bne     t1, s2, pc + 16
core   0: 3 0x800061d8 (0x01231863)
core   0: 0x800061e8 (0x00008235) c.srli  a2, 13
core   0: 3 0x800061e8 (0x8235) x12 0x000001b0
core   0: 0x800061ea (0x010b3933) sltu    s2, s6, a6
core   0: 3 0x800061ea (0x010b3933) x18 0x00000001
core   0: 0x800061ee (0x000006fa) c.slli  a3, 30
core   0: 3 0x800061ee (0x06fa) x13 0x40000000
core   0: 0x800061f0 (0x00e62fb3) slt     t6, a2, a4
core   0: 3 0x800061f0 (0x00e62fb3) x31 0x00000000
core   0: 0x800061f4 (0xfa5e7393) andi    t2, t3, -91
core   0: 3 0x800061f4 (0xfa5e7393) x 7 0x00000000
core   0: 0x800061f8 (0x00009916) c.add   s2, t0
core   0: 3 0x800061f8 (0x9916) x18 0xffffff80
core   0: 0x800061fa (0x5445c037) lui     zero, 0x5445c
core   0: 3 0x800061fa (0x5445c037)
core   0: 0x800061fe (0x01076c63) bltu    a4, a6, pc + 24
core   0: 3 0x800061fe (0x01076c63)
core   0: 0x80006216 (0x7f12e793) ori     a5, t0, 2033
core   0: 3 0x80006216 (0x7f12e793) x15 0xffffffff
core   0: 0x8000621a (0x00008bd1) c.andi  a5, 20
core   0: 3 0x8000621a (0x8bd1) x15 0x00000014
core   0: 0x8000621c (0xbe5d2cb7) lui     s9, 0xbe5d2
core   0: 3 0x8000621c (0xbe5d2cb7) x25 0xbe5d2000
core   0: 0x80006220 (0x00006ab1) c.lui   s5, 0xc
core   0: 3 0x80006220 (0x6ab1) x21 0x0000c000
core   0: 0x80006222 (0x5c8c4d97) auipc   s11, 0x5c8c4
core   0: 3 0x80006222 (0x5c8c4d97) x27 0xdc8ca222
core   0: 0x80006226 (0x00008c6e) c.mv    s8, s11
core   0: 3 0x80006226 (0x8c6e) x24 0xdc8ca222
core   0: 0x80006228 (0x01500733) add     a4, zero, s5
core   0: 3 0x80006228 (0x01500733) x14 0x0000c000
core   0: 0x8000622c (0x02a0efb3) rem     t6, ra, a0
core   0: 3 0x8000622c (0x02a0efb3) x31 0x60616263
core   0: 0x80006230 (0xff3e0493) addi    s1, t3, -13
core   0: 3 0x80006230 (0xff3e0493) x 9 0xfffffff3
core   0: 0x80006234 (0xa3dfbb13) sltiu   s6, t6, -1475
core   0: 3 0x80006234 (0xa3dfbb13) x22 0x00000001
core   0: 0x80006238 (0x00008835) c.andi  s0, 13
core   0: 3 0x80006238 (0x8835) x 8 0x00000000
core   0: 0x8000623a (0x1619ce93) xori    t4, s3, 353
core   0: 3 0x8000623a (0x1619ce93) x29 0x00000160
core   0: 0x8000623e (0x00000001) c.nop
core   0: 3 0x8000623e (0x0001)
core   0: 0x80006240 (0x00000001) c.nop
core   0: 3 0x80006240 (0x0001)
core   0: 0x80006242 (0x00008c01) c.sub   s0, s0
core   0: 3 0x80006242 (0x8c01) x 8 0x00000000
core   0: 0x80006244 (0x00962833) slt     a6, a2, s1
core   0: 3 0x80006244 (0x00962833) x16 0x00000000
core   0: 0x80006248 (0x004d6a63) bltu    s10, tp, pc + 20
core   0: 3 0x80006248 (0x004d6a63)
core   0: 0x8000624c (0x053c5463) bge     s8, s3, pc + 72
core   0: 3 0x8000624c (0x053c5463)
core   0: 0x80006250 (0x0000c289) c.beqz  a3, pc + 2
core   0: 3 0x80006250 (0xc289)
core   0: 0x80006252 (0x00008361) c.srli  a4, 24
core   0: 3 0x80006252 (0x8361) x14 0x00000000
core   0: 0x80006254 (0x00b31733) sll     a4, t1, a1
core   0: 3 0x80006254 (0x00b31733) x14 0x00000000
core   0: 0x80006258 (0x0ff0000f) fence   iorw,iorw
core   0: 3 0x80006258 (0x0ff0000f)
core   0: 0x8000625c (0x00006b55) c.lui   s6, 0x15
core   0: 3 0x8000625c (0x6b55) x22 0x00015000
core   0: 0x8000625e (0x4045dc93) srai    s9, a1, 4
core   0: 3 0x8000625e (0x4045dc93) x25 0xf80026ce
core   0: 0x80006262 (0x0000717d) c.addi16sp sp, -16
core   0: 3 0x80006262 (0x717d) x 2 0x000001a0
core   0: 0x80006264 (0x02721833) mulh    a6, tp, t2
core   0: 3 0x80006264 (0x02721833) x16 0x00000000
core   0: 0x80006268 (0x00f8fd17) auipc   s10, 0xf8f
core   0: 3 0x80006268 (0x00f8fd17) x26 0x80f95268
core   0: 0x8000626c (0x0389d963) bge     s3, s8, pc + 50
core   0: 3 0x8000626c (0x0389d963)
core   0: 0x8000629e (0x01f89f93) slli    t6, a7, 31
core   0: 3 0x8000629e (0x01f89f93) x31 0x00000000
core   0: 0x800062a2 (0x00c271b3) and     gp, tp, a2
core   0: 3 0x800062a2 (0x00c271b3) x 3 0x00000000
core   0: 0x800062a6 (0x55aa2193) slti    gp, s4, 1370
core   0: 3 0x800062a6 (0x55aa2193) x 3 0x00000000
core   0: 0x800062aa (0x02163f33) mulhu   t5, a2, ra
core   0: 3 0x800062aa (0x02163f33) x30 0x000000a2
core   0: 0x800062ae (0xb9ae6c13) ori     s8, t3, -1126
core   0: 3 0x800062ae (0xb9ae6c13) x24 0xfffffb9a
core   0: 0x800062b2 (0x00c7a433) slt     s0, a5, a2
core   0: 3 0x800062b2 (0x00c7a433) x 8 0x00000001
core   0: 0x800062b6 (0x01f6f463) bgeu    a3, t6, pc + 8
core   0: 3 0x800062b6 (0x01f6f463)
core   0: 0x800062be (0x00009afd) c.andi  a3, -1
core   0: 3 0x800062be (0x9afd) x13 0x40000000
core   0: 0x800062c0 (0x00000001) c.nop
core   0: 3 0x800062c0 (0x0001)
core   0: 0x800062c2 (0xa380c717) auipc   a4, 0xa380c
core   0: 3 0x800062c2 (0xa380c717) x14 0x238122c2
core   0: 0x800062c6 (0x03cdddb3) divu    s11, s11, t3
core   0: 3 0x800062c6 (0x03cdddb3) x27 0xffffffff
core   0: 0x800062ca (0x0261b8b3) mulhu   a7, gp, t1
core   0: 3 0x800062ca (0x0261b8b3) x17 0x00000000
core   0: 0x800062ce (0x0000100f) fence.i
core   0: 3 0x800062ce (0x0000100f)
core   0: 0x800062d2 (0x03841063) bne     s0, s8, pc + 32
core   0: 3 0x800062d2 (0x03841063)
core   0: 0x800062f2 (0x038fc8b3) div     a7, t6, s8
core   0: 3 0x800062f2 (0x038fc8b3) x17 0x00000000
core   0: 0x800062f6 (0x000097c2) c.add   a5, a6
core   0: 3 0x800062f6 (0x97c2) x15 0x00000014
core   0: 0x800062f8 (0x4e87bb13) sltiu   s6, a5, 1256
core   0: 3 0x800062f8 (0x4e87bb13) x22 0x00000001
core   0: 0x800062fc (0x00008cc5) c.or    s1, s1
core   0: 3 0x800062fc (0x8cc5) x 9 0xfffffff3
core   0: 0x800062fe (0x036f06b3) mul     a3, t5, s6
core   0: 3 0x800062fe (0x036f06b3) x13 0x000000a2
core   0: 0x80006302 (0xc4f19e17) auipc   t3, 0xc4f19
core   0: 3 0x80006302 (0xc4f19e17) x28 0x44f1f302
core   0: 0x80006306 (0x036b6b33) rem     s6, s6, s6
core   0: 3 0x80006306 (0x036b6b33) x22 0x00000000
core   0: 0x8000630a (0x0000717d) c.addi16sp sp, -16
core   0: 3 0x8000630a (0x717d) x 2 0x00000190
core   0: 0x8000630c (0x01b21993) slli    s3, tp, 27
core   0: 3 0x8000630c (0x01b21993) x19 0x00000000
core   0: 0x80006310 (0x028c2a33) mulhsu  s4, s8, s0
core   0: 3 0x80006310 (0x028c2a33) x20 0xffffffff
core   0: 0x80006314 (0xa6400793) li      a5, -1436
core   0: 3 0x80006314 (0xa6400793) x15 0xfffffa64
core   0: 0x80006318 (0x038c7633) remu    a2, s8, s8
core   0: 3 0x80006318 (0x038c7633) x12 0x00000000
core   0: 0x8000631c (0x00000690) c.addi4spn a2, sp, 832
core   0: 3 0x8000631c (0x0690) x12 0x000004d0
core   0: 0x8000631e (0x0000100f) fence.i
core   0: 3 0x8000631e (0x0000100f)
core   0: 0x80006322 (0x00000001) c.nop
core   0: 3 0x80006322 (0x0001)
core   0: 0x80006324 (0x00008fdd) c.or    a5, a5
core   0: 3 0x80006324 (0x8fdd) x15 0xfffffa64
core   0: 0x80006326 (0x0000928e) c.add   t0, gp
core   0: 3 0x80006326 (0x928e) x 5 0xffffff7f
core   0: 0x80006328 (0x00000001) c.nop
core   0: 3 0x80006328 (0x0001)
core   0: 0x8000632a (0x03967733) remu    a4, a2, s9
core   0: 3 0x8000632a (0x03967733) x14 0x000004d0
core   0: 0x8000632e (0x00b81333) sll     t1, a6, a1
core   0: 3 0x8000632e (0x00b81333) x 6 0x00000000
core   0: 0x80006332 (0x20b8fd93) andi    s11, a7, 523
core   0: 3 0x80006332 (0x20b8fd93) x27 0x00000000
core   0: 0x80006336 (0x00008e09) c.sub   a2, a0
core   0: 3 0x80006336 (0x8e09) x12 0x7ffdd66c
core   0: 0x80006338 (0x00000304) c.addi4spn s1, sp, 384
core   0: 3 0x80006338 (0x0304) x 9 0x00000310
core   0: 0x8000633a (0x024426b3) mulhsu  a3, s0, tp
core   0: 3 0x8000633a (0x024426b3) x13 0x00000000
core   0: 0x8000633e (0x12d88113) addi    sp, a7, 301
core   0: 3 0x8000633e (0x12d88113) x 2 0x0000012d
core   0: 0x80006342 (0x000098fd) c.andi  s1, -1
core   0: 3 0x80006342 (0x98fd) x 9 0x00000310
core   0: 0x80006344 (0x00008c0d) c.sub   s0, a1
core   0: 3 0x80006344 (0x8c0d) x 8 0x7ffd931d
core   0: 0x80006346 (0x067da313) slti    t1, s11, 103
core   0: 3 0x80006346 (0x067da313) x 6 0x00000001
core   0: 0x8000634a (0x10fb3f97) auipc   t6, 0x10fb3
core   0: 3 0x8000634a (0x10fb3f97) x31 0x90fb934a
core   0: 0x8000634e (0x034873b3) remu    t2, a6, s4
core   0: 3 0x8000634e (0x034873b3) x 7 0x00000000
core   0: 0x80006352 (0x0ff0000f) fence   iorw,iorw
core   0: 3 0x80006352 (0x0ff0000f)
core   0: 0x80006356 (0x01985193) srli    gp, a6, 25
core   0: 3 0x80006356 (0x01985193) x 3 0x00000000
core   0: 0x8000635a (0x0147ce33) xor     t3, a5, s4
core   0: 3 0x8000635a (0x0147ce33) x28 0x0000059b
core   0: 0x8000635e (0x00000001) c.nop
core   0: 3 0x8000635e (0x0001)
core   0: 0x80006360 (0x00008a2d) c.andi  a2, 11
core   0: 3 0x80006360 (0x8a2d) x12 0x00000008
core   0: 0x80006362 (0x02245f63) bge     s0, sp, pc + 62
core   0: 3 0x80006362 (0x02245f63)
core   0: 0x800063a0 (0x0ff0000f) fence   iorw,iorw
core   0: 3 0x800063a0 (0x0ff0000f)
core   0: 0x800063a4 (0x00000112) c.slli  sp, 4
core   0: 3 0x800063a4 (0x0112) x 2 0x000012d0
core   0: 0x800063a6 (0x0142dfb3) srl     t6, t0, s4
core   0: 3 0x800063a6 (0x0142dfb3) x31 0x00000001
core   0: 0x800063aa (0x024a5bb3) divu    s7, s4, tp
core   0: 3 0x800063aa (0x024a5bb3) x23 0xffffffff
core   0: 0x800063ae (0x405cd033) sra     zero, s9, t0
core   0: 3 0x800063ae (0x405cd033)
core   0: 0x800063b2 (0x00881013) slli    zero, a6, 8
core   0: 3 0x800063b2 (0x00881013)
core   0: 0x800063b6 (0x3079a893) slti    a7, s3, 775
core   0: 3 0x800063b6 (0x3079a893) x17 0x00000001
core   0: 0x800063ba (0x000097c6) c.add   a5, a7
core   0: 3 0x800063ba (0x97c6) x15 0xfffffa65
core   0: 0x800063bc (0x0ff0000f) fence   iorw,iorw
core   0: 3 0x800063bc (0x0ff0000f)
core   0: 0x800063c0 (0x40175c33) sra     s8, a4, ra
core   0: 3 0x800063c0 (0x40175c33) x24 0x0000009a
core   0: 0x800063c4 (0x88ab8a93) addi    s5, s7, -1910
core   0: 3 0x800063c4 (0x88ab8a93) x21 0xfffff889
core   0: 0x800063c8 (0x036fb9b3) mulhu   s3, t6, s6
core   0: 3 0x800063c8 (0x036fb9b3) x19 0x00000000
core   0: 0x800063cc (0x0000c815) c.beqz  s0, pc + 52
core   0: 3 0x800063cc (0xc815)
core   0: 0x800063ce (0x05d25063) bge     tp, t4, pc + 64
core   0: 3 0x800063ce (0x05d25063)
core   0: 0x800063d2 (0x00000001) c.nop
core   0: 3 0x800063d2 (0x0001)
core   0: 0x800063d4 (0x0019a4b3) slt     s1, s3, ra
core   0: 3 0x800063d4 (0x0019a4b3) x 9 0x00000001
core   0: 0x800063d8 (0x7f088913) addi    s2, a7, 2032
core   0: 3 0x800063d8 (0x7f088913) x18 0x000007f1
core   0: 0x800063dc (0x00009792) c.add   a5, tp
core   0: 3 0x800063dc (0x9792) x15 0xfffffa65
core   0: 0x800063de (0x002f1463) bne     t5, sp, pc + 8
core   0: 3 0x800063de (0x002f1463)
core   0: 0x800063e6 (0x0328a933) mulhsu  s2, a7, s2
core   0: 3 0x800063e6 (0x0328a933) x18 0x00000000
core   0: 0x800063ea (0x7d747737) lui     a4, 0x7d747
core   0: 3 0x800063ea (0x7d747737) x14 0x7d747000
core   0: 0x800063ee (0x00786833) or      a6, a6, t2
core   0: 3 0x800063ee (0x00786833) x16 0x00000000
core   0: 0x800063f2 (0x00639e13) slli    t3, t2, 6
core   0: 3 0x800063f2 (0x00639e13) x28 0x00000000
core   0: 0x800063f6 (0x00006149) c.addi16sp sp, 144
core   0: 3 0x800063f6 (0x6149) x 2 0x00001360
core   0: 0x800063f8 (0x02e44133) div     sp, s0, a4
core   0: 3 0x800063f8 (0x02e44133) x 2 0x00000001
core   0: 0x800063fc (0x0000cf15) c.beqz  a4, pc + 60
core   0: 3 0x800063fc (0xcf15)
core   0: 0x800063fe (0x00000001) c.nop
core   0: 3 0x800063fe (0x0001)
core   0: 0x80006400 (0x00f7a1b3) slt     gp, a5, a5
core   0: 3 0x80006400 (0x00f7a1b3) x 3 0x00000000
core   0: 0x80006404 (0x00001d98) c.addi4spn a4, sp, 752
core   0: 3 0x80006404 (0x1d98) x14 0x000002f1
core   0: 0x80006406 (0x01328833) add     a6, t0, s3
core   0: 3 0x80006406 (0x01328833) x16 0xffffff7f
core   0: 0x8000640a (0x03f60f33) mul     t5, a2, t6
core   0: 3 0x8000640a (0x03f60f33) x30 0x00000008
core   0: 0x8000640e (0x0ff0000f) fence   iorw,iorw
core   0: 3 0x8000640e (0x0ff0000f)
core   0: 0x80006412 (0x00578663) beq     a5, t0, pc + 12
core   0: 3 0x80006412 (0x00578663)
core   0: 0x80006416 (0x00004145) c.li    sp, 17
core   0: 3 0x80006416 (0x4145) x 2 0x00000011
core   0: 0x80006418 (0x00008e3a) c.mv    t3, a4
core   0: 3 0x80006418 (0x8e3a) x28 0x000002f1
core   0: 0x8000641a (0xe4446d93) ori     s11, s0, -444
core   0: 3 0x8000641a (0xe4446d93) x27 0xffffff5d
core   0: 0x8000641e (0x0263c133) div     sp, t2, t1
core   0: 3 0x8000641e (0x0263c133) x 2 0x00000000
core   0: 0x80006422 (0x000084ed) c.srai  s1, 27
core   0: 3 0x80006422 (0x84ed) x 9 0x00000000
core   0: 0x80006424 (0x00000900) c.addi4spn s0, sp, 144
core   0: 3 0x80006424 (0x0900) x 8 0x00000090
core   0: 0x80006426 (0x00000001) c.nop
core   0: 3 0x80006426 (0x0001)
core   0: 0x80006428 (0x00008e8d) c.sub   a3, a1
core   0: 3 0x80006428 (0x8e8d) x13 0x7ffd931c
core   0: 0x8000642a (0x00c7ce63) blt     a5, a2, pc + 28
core   0: 3 0x8000642a (0x00c7ce63)
core   0: 0x80006446 (0x02969db3) mulh    s11, a3, s1
core   0: 3 0x80006446 (0x02969db3) x27 0x00000000
core   0: 0x8000644a (0x0029c4b3) xor     s1, s3, sp
core   0: 3 0x8000644a (0x0029c4b3) x 9 0x00000000
core   0: 0x8000644e (0x000082e5) c.srli  a3, 25
core   0: 3 0x8000644e (0x82e5) x13 0x0000003f
core   0: 0x80006450 (0x7e9aab97) auipc   s7, 0x7e9aa
core   0: 3 0x80006450 (0x7e9aab97) x23 0xfe9b0450
core   0: 0x80006454 (0x01961633) sll     a2, a2, s9
core   0: 3 0x80006454 (0x01961633) x12 0x00020000
core   0: 0x80006458 (0x4047dc93) srai    s9, a5, 4
core   0: 3 0x80006458 (0x4047dc93) x25 0xffffffa6
core   0: 0x8000645c (0x003bf433) and     s0, s7, gp
core   0: 3 0x8000645c (0x003bf433) x 8 0x00000000
core   0: 0x80006460 (0x00af1763) bne     t5, a0, pc + 14
core   0: 3 0x80006460 (0x00af1763)
core   0: 0x8000646e (0x40905e13) srai    t3, zero, 9
core   0: 3 0x8000646e (0x40905e13) x28 0x00000000
core   0: 0x80006472 (0x0ff0000f) fence   iorw,iorw
core   0: 3 0x80006472 (0x0ff0000f)
core   0: 0x80006476 (0x00008f61) c.and   a4, s0
core   0: 3 0x80006476 (0x8f61) x14 0x00000000
core   0: 0x80006478 (0xc2b8fe93) andi    t4, a7, -981
core   0: 3 0x80006478 (0xc2b8fe93) x29 0x00000001
core   0: 0x8000647c (0x01d1fc63) bgeu    gp, t4, pc + 24
core   0: 3 0x8000647c (0x01d1fc63)
core   0: 0x80006480 (0x41a503b3) sub     t2, a0, s10
core   0: 3 0x80006480 (0x41a503b3) x 7 0xff08dbfc
core   0: 0x80006484 (0xa26af013) andi    zero, s5, -1498
core   0: 3 0x80006484 (0xa26af013)
core   0: 0x80006488 (0x038e0eb3) mul     t4, t3, s8
core   0: 3 0x80006488 (0x038e0eb3) x29 0x00000000
core   0: 0x8000648c (0x00df1e13) slli    t3, t5, 13
core   0: 3 0x8000648c (0x00df1e13) x28 0x00010000
core   0: 0x80006490 (0x0259d8b3) divu    a7, s3, t0
core   0: 3 0x80006490 (0x0259d8b3) x17 0x00000000
core   0: 0x80006494 (0xb3184297) auipc   t0, 0xb3184
core   0: 3 0x80006494 (0xb3184297) x 5 0x3318a494
core   0: 0x80006498 (0x0000646d) c.lui   s0, 0x1b
core   0: 3 0x80006498 (0x646d) x 8 0x0001b000
core   0: 0x8000649a (0x0000517d) c.li    sp, -1
core   0: 3 0x8000649a (0x517d) x 2 0xffffffff
core   0: 0x8000649c (0x049c1363) bne     s8, s1, pc + 70
core   0: 3 0x8000649c (0x049c1363)
core   0: 0x800064e2 (0x00000001) c.nop
core   0: 3 0x800064e2 (0x0001)
core   0: 0x800064e4 (0x000000fe) c.slli  ra, 31
core   0: 3 0x800064e4 (0x00fe) x 1 0x80000000
core   0: 0x800064e6 (0x41b2dc93) srai    s9, t0, 27
core   0: 3 0x800064e6 (0x41b2dc93) x25 0x00000006
core   0: 0x800064ea (0x000098fd) c.andi  s1, -1
core   0: 3 0x800064ea (0x98fd) x 9 0x00000000
core   0: 0x800064ec (0x01929a93) slli    s5, t0, 25
core   0: 3 0x800064ec (0x01929a93) x21 0x28000000
core   0: 0x800064f0 (0x00009a8e) c.add   s5, gp
core   0: 3 0x800064f0 (0x9a8e) x21 0x28000000
core   0: 0x800064f2 (0x40b30833) sub     a6, t1, a1
core   0: 3 0x800064f2 (0x40b30833) x16 0x7ffd931d
core   0: 0x800064f6 (0x40d68cb3) sub     s9, a3, a3
core   0: 3 0x800064f6 (0x40d68cb3) x25 0x00000000
core   0: 0x800064fa (0x0000717d) c.addi16sp sp, -16
core   0: 3 0x800064fa (0x717d) x 2 0xffffffef
core   0: 0x800064fc (0x00417833) and     a6, sp, tp
core   0: 3 0x800064fc (0x00417833) x16 0x00000000
core   0: 0x80006500 (0x0000091e) c.slli  s2, 7
core   0: 3 0x80006500 (0x091e) x18 0x00000000
core   0: 0x80006502 (0x0000873e) c.mv    a4, a5
core   0: 3 0x80006502 (0x873e) x14 0xfffffa65
core   0: 0x80006504 (0x00006ea9) c.lui   t4, 0xa
core   0: 3 0x80006504 (0x6ea9) x29 0x0000a000
core   0: 0x80006506 (0x00000dad) c.addi  s11, 11
core   0: 3 0x80006506 (0x0dad) x27 0x0000000b
core   0: 0x80006508 (0x01a71c33) sll     s8, a4, s10
core   0: 3 0x80006508 (0x01a71c33) x24 0xfffa6500
core   0: 0x8000650c (0x00009432) c.add   s0, a2
core   0: 3 0x8000650c (0x9432) x 8 0x0003b000
core   0: 0x8000650e (0x03193433) mulhu   s0, s2, a7
core   0: 3 0x8000650e (0x03193433) x 8 0x00000000
core   0: 0x80006512 (0x00008e61) c.and   a2, s0
core   0: 3 0x80006512 (0x8e61) x12 0x00000000
core   0: 0x80006514 (0x00008f39) c.xor   a4, a4
core   0: 3 0x80006514 (0x8f39) x14 0x00000000
core   0: 0x80006516 (0x02b44363) blt     s0, a1, pc + 38
core   0: 3 0x80006516 (0x02b44363)
core   0: 0x8000651a (0x01de5613) srli    a2, t3, 29
core   0: 3 0x8000651a (0x01de5613) x12 0x00000000
core   0: 0x8000651e (0x0193a6b3) slt     a3, t2, s9
core   0: 3 0x8000651e (0x0193a6b3) x13 0x00000001
core   0: 0x80006522 (0x019e9e63) bne     t4, s9, pc + 28
core   0: 3 0x80006522 (0x019e9e63)
core   0: 0x8000653e (0x000daa33) slt     s4, s11, zero
core   0: 3 0x8000653e (0x000daa33) x20 0x00000000
core   0: 0x80006542 (0x00000001) c.nop
core   0: 3 0x80006542 (0x0001)
core   0: 0x80006544 (0x4ba36b93) ori     s7, t1, 1210
core   0: 3 0x80006544 (0x4ba36b93) x23 0x000004bb
core   0: 0x80006548 (0x7e9e0b93) addi    s7, t3, 2025
core   0: 3 0x80006548 (0x7e9e0b93) x23 0x000107e9
core   0: 0x8000654c (0x0000940e) c.add   s0, gp
core   0: 3 0x8000654c (0x940e) x 8 0x00000000
core   0: 0x8000654e (0x000086d9) c.srai  a3, 22
core   0: 3 0x8000654e (0x86d9) x13 0x00000000
core   0: 0x80006550 (0x0000869d) c.srai  a3, 7
core   0: 3 0x80006550 (0x869d) x13 0x00000000
core   0: 0x80006552 (0x01a443b3) xor     t2, s0, s10
core   0: 3 0x80006552 (0x01a443b3) x 7 0x80f95268
core   0: 0x80006556 (0x0000717d) c.addi16sp sp, -16
core   0: 3 0x80006556 (0x717d) x 2 0xffffffdf
core   0: 0x80006558 (0x0325d733) divu    a4, a1, s2
core   0: 3 0x80006558 (0x0325d733) x14 0xffffffff
core   0: 0x8000655c (0x00006095) c.lui   ra, 0x5
core   0: 3 0x8000655c (0x6095) x 1 0x00005000
core   0: 0x8000655e (0x02c0e633) rem     a2, ra, a2
core   0: 3 0x8000655e (0x02c0e633) x12 0x00005000
core   0: 0x80006562 (0xb9248093) addi    ra, s1, -1134
core   0: 3 0x80006562 (0xb9248093) x 1 0xfffffb92
core   0: 0x80006566 (0x00008e11) c.sub   a2, a2
core   0: 3 0x80006566 (0x8e11) x12 0x00000000
core   0: 0x80006568 (0x03f5a033) mulhsu  zero, a1, t6
core   0: 3 0x80006568 (0x03f5a033)
core   0: 0x8000656c (0x0000808d) c.srli  s1, 3
core   0: 3 0x8000656c (0x808d) x 9 0x00000000
core   0: 0x8000656e (0x0014e733) or      a4, s1, ra
core   0: 3 0x8000656e (0x0014e733) x14 0xfffffb92
core   0: 0x80006572 (0x00000001) c.nop
core   0: 3 0x80006572 (0x0001)
core   0: 0x80006574 (0x11c90e63) beq     s2, t3, pc + 284
core   0: 3 0x80006574 (0x11c90e63)
core   0: 0x80006578 (0x50e9cf13) xori    t5, s3, 1294
core   0: 3 0x80006578 (0x50e9cf13) x30 0x0000050e
core   0: 0x8000657c (0x00016c97) auipc   s9, 0x16
core   0: 3 0x8000657c (0x00016c97) x25 0x8001c57c
core   0: 0x80006580 (0x9cac8c93) addi    s9, s9, -1590
core   0: 3 0x80006580 (0x9cac8c93) x25 0x8001bf46
core   0: 0x80006584 (0x00008fc9) c.or    a5, a0
core   0: 3 0x80006584 (0x8fc9) x15 0xfffffe65
core   0: 0x80006586 (0x0000717d) c.addi16sp sp, -16
core   0: 3 0x80006586 (0x717d) x 2 0xffffffcf
core   0: 0x80006588 (0x40eadc33) sra     s8, s5, a4
core   0: 3 0x80006588 (0x40eadc33) x24 0x00000a00
core   0: 0x8000658c (0x0378d733) divu    a4, a7, s7
core   0: 3 0x8000658c (0x0378d733) x14 0x00000000
core   0: 0x80006590 (0xf7cc9b23) sh      t3, -138(s9)
core   0: 3 0x80006590 (0xf7cc9b23) mem 0x8001bebc 0x0000
core   0: 0x80006594 (0x00006175) c.addi16sp sp, 368
core   0: 3 0x80006594 (0x6175) x 2 0x0000013f
core   0: 0x80006596 (0xf1bc8fa3) sb      s11, -225(s9)
core   0: 3 0x80006596 (0xf1bc8fa3) mem 0x8001be65 0xb
core   0: 0x8000659a (0x44756493) ori     s1, a0, 1095
core   0: 3 0x8000659a (0x44756493) x 9 0x80022e67
core   0: 0x8000659e (0xf81c8e83) lb      t4, -127(s9)
core   0: 3 0x8000659e (0xf81c8e83) x29 0x0000007c mem 0x8001bec7
core   0: 0x800065a2 (0xfa3cc803) lbu     a6, -93(s9)
core   0: 3 0x800065a2 (0xfa3cc803) x16 0x000000a2 mem 0x8001bee9
core   0: 0x800065a6 (0x01252eb3) slt     t4, a0, s2
core   0: 3 0x800065a6 (0x01252eb3) x29 0x00000001
core   0: 0x800065aa (0x00008cdd) c.or    s1, a5
core   0: 3 0x800065aa (0x8cdd) x 9 0xfffffe67
core   0: 0x800065ac (0x00000b6a) c.slli  s6, 26
core   0: 3 0x800065ac (0x0b6a) x22 0x00000000
core   0: 0x800065ae (0x0ff0000f) fence   iorw,iorw
core   0: 3 0x800065ae (0x0ff0000f)
core   0: 0x800065b2 (0x02307733) remu    a4, zero, gp
core   0: 3 0x800065b2 (0x02307733) x14 0x00000000
core   0: 0x800065b6 (0xfabc8803) lb      a6, -85(s9)
core   0: 3 0x800065b6 (0xfabc8803) x16 0xffffffaa mem 0x8001bef1
core   0: 0x800065ba (0x09fc88a3) sb      t6, 145(s9)
core   0: 3 0x800065ba (0x09fc88a3) mem 0x8001bfd7 0x1
core   0: 0x800065be (0xf2cc9e83) lh      t4, -212(s9)
core   0: 3 0x800065be (0xf2cc9e83) x29 0x00002829 mem 0x8001be72
core   0: 0x800065c2 (0x07fc8f83) lb      t6, 127(s9)
core   0: 3 0x800065c2 (0x07fc8f83) x31 0x0000007e mem 0x8001bfc5
core   0: 0x800065c6 (0x04bc9823) sh      a1, 80(s9)
core   0: 3 0x800065c6 (0x04bc9823) mem 0x8001bf96 0x6ce4
core   0: 0x800065ca (0x079cc403) lbu     s0, 121(s9)
core   0: 3 0x800065ca (0x079cc403) x 8 0x00000074 mem 0x8001bfbf
core   0: 0x800065ce (0x02d6b6b3) mulhu   a3, a3, a3
core   0: 3 0x800065ce (0x02d6b6b3) x13 0x00000000
core   0: 0x800065d2 (0x0382db33) divu    s6, t0, s8
core   0: 3 0x800065d2 (0x0382db33) x22 0x00051c10
core   0: 0x800065d6 (0x01df4133) xor     sp, t5, t4
core   0: 3 0x800065d6 (0x01df4133) x 2 0x00002d27
core   0: 0x800065da (0x02e6ec33) rem     s8, a3, a4
core   0: 3 0x800065da (0x02e6ec33) x24 0x00000000
core   0: 0x800065de (0xff0c9a23) sh      a6, -12(s9)
core   0: 3 0x800065de (0xff0c9a23) mem 0x8001bf3a 0xffaa
core   0: 0x800065e2 (0xf78cd483) lhu     s1, -136(s9)
core   0: 3 0x800065e2 (0xf78cd483) x 9 0x00007475 mem 0x8001bebe
core   0: 0x800065e6 (0xfc7cc003) lbu     zero, -57(s9)
core   0: 3 0x800065e6 (0xfc7cc003) mem 0x8001bf0d
core   0: 0x800065ea (0x40b58a33) sub     s4, a1, a1
core   0: 3 0x800065ea (0x40b58a33) x20 0x00000000
core   0: 0x800065ee (0xfb6caf83) lw      t6, -74(s9)
core   0: 3 0x800065ee (0xfb6caf83) x31 0xb4b5b6b7 mem 0x8001befc
core   0: 0x800065f2 (0x44dd4d13) xori    s10, s10, 1101
core   0: 3 0x800065f2 (0x44dd4d13) x26 0x80f95625
core   0: 0x800065f6 (0x0275a433) mulhsu  s0, a1, t2
core   0: 3 0x800065f6 (0x0275a433) x 8 0xbf848f9a
core   0: 0x800065fa (0x8c746d93) ori     s11, s0, -1849
core   0: 3 0x800065fa (0x8c746d93) x27 0xffffffdf
core   0: 0x800065fe (0x0decad23) sw      t5, 218(s9)
core   0: 3 0x800065fe (0x0decad23) mem 0x8001c020 0x0000050e
core   0: 0x80006602 (0xf26c89a3) sb      t1, -205(s9)
core   0: 3 0x80006602 (0xf26c89a3) mem 0x8001be79 0x1
core   0: 0x80006606 (0x005c5733) srl     a4, s8, t0
core   0: 3 0x80006606 (0x005c5733) x14 0x00000000
core   0: 0x8000660a (0x00008cc1) c.or    s1, s0
core   0: 3 0x8000660a (0x8cc1) x 9 0xbf84ffff
core   0: 0x8000660c (0x0000071c) c.addi4spn a5, sp, 896
core   0: 3 0x8000660c (0x071c) x15 0x000030a7
core   0: 0x8000660e (0x0f8c9703) lh      a4, 248(s9)
core   0: 3 0x8000660e (0x0f8c9703) x14 0xfffff4f5 mem 0x8001c03e
core   0: 0x80006612 (0x085cc303) lbu     t1, 133(s9)
core   0: 3 0x80006612 (0x085cc303) x 6 0x00000080 mem 0x8001bfcb
core   0: 0x80006616 (0x00000001) c.nop
core   0: 3 0x80006616 (0x0001)
core   0: 0x80006618 (0xff4c8483) lb      s1, -12(s9)
core   0: 3 0x80006618 (0xff4c8483) x 9 0xffffffaa mem 0x8001bf3a
core   0: 0x8000661c (0x00009f4a) c.add   t5, s2
core   0: 3 0x8000661c (0x9f4a) x30 0x0000050e
core   0: 0x8000661e (0x0000100f) fence.i
core   0: 3 0x8000661e (0x0000100f)
core   0: 0x80006622 (0x03658e33) mul     t3, a1, s6
core   0: 3 0x80006622 (0x03658e33) x28 0x6483be40
core   0: 0x80006626 (0x07bc8303) lb      t1, 123(s9)
core   0: 3 0x80006626 (0x07bc8303) x 6 0x0000007a mem 0x8001bfc1
core   0: 0x8000662a (0x156b6a93) ori     s5, s6, 342
core   0: 3 0x8000662a (0x156b6a93) x21 0x00051d56
core   0: 0x8000662e (0x406809b3) sub     s3, a6, t1
core   0: 3 0x8000662e (0x406809b3) x19 0xffffff30
core   0: 0x80006632 (0xfc6c8ea3) sb      t1, -35(s9)
core   0: 3 0x80006632 (0xfc6c8ea3) mem 0x8001bf23 0x7a
core   0: 0x80006636 (0x8b868e93) addi    t4, a3, -1864
core   0: 3 0x80006636 (0x8b868e93) x29 0xfffff8b8
core   0: 0x8000663a (0x827d4a93) xori    s5, s10, -2009
core   0: 3 0x8000663a (0x827d4a93) x21 0x7f06ae02
core   0: 0x8000663e (0x00008cb2) c.mv    s9, a2
core   0: 3 0x8000663e (0x8cb2) x25 0x00000000
core   0: 0x80006640 (0x00a84433) xor     s0, a6, a0
core   0: 3 0x80006640 (0x00a84433) x 8 0x7ffdd1ce
core   0: 0x80006644 (0x00004697) auipc   a3, 0x4
core   0: 3 0x80006644 (0x00004697) x13 0x8000a644
core   0: 0x80006648 (0xcb068693) addi    a3, a3, -848
core   0: 3 0x80006648 (0xcb068693) x13 0x8000a2f4
core   0: 0x8000664c (0xdc968693) addi    a3, a3, -567
core   0: 3 0x8000664c (0xdc968693) x13 0x8000a0bd
core   0: 0x80006650 (0x01366863) bltu    a2, s3, pc + 16
core   0: 3 0x80006650 (0x01366863)
core   0: 0x80006660 (0x237682e7) jalr    t0, a3, 567
core   0: 3 0x80006660 (0x237682e7) x 5 0x80006664
core   0: 0x8000a2f4 (0x0e0eec13) ori     s8, t4, 224
core   0: 3 0x8000a2f4 (0x0e0eec13) x24 0xfffff8f8
core   0: 0x8000a2f8 (0x03d4aa33) mulhsu  s4, s1, t4
core   0: 3 0x8000a2f8 (0x03d4aa33) x20 0xffffffaa
core   0: 0x8000a2fc (0x00001551) c.addi  a0, -12
core   0: 3 0x8000a2fc (0x1551) x10 0x80022e58
core   0: 0x8000a2fe (0x010584b3) add     s1, a1, a6
core   0: 3 0x8000a2fe (0x010584b3) x 9 0x80026c8e
core   0: 0x8000a302 (0x69ac0f13) addi    t5, s8, 1690
core   0: 3 0x8000a302 (0x69ac0f13) x30 0xffffff92
core   0: 0x8000a306 (0x00008eb9) c.xor   a3, a4
core   0: 3 0x8000a306 (0x8eb9) x13 0x7fff5448
core   0: 0x8000a308 (0x00008e91) c.sub   a3, a2
core   0: 3 0x8000a308 (0x8e91) x13 0x7fff5448
core   0: 0x8000a30a (0x00552223) sw      t0, 4(a0)
core   0: 3 0x8000a30a (0x00552223) mem 0x80022e5c 0x80006664
core   0: 0x8000a30e (0x0060dc33) srl     s8, ra, t1
core   0: 3 0x8000a30e (0x0060dc33) x24 0x0000003f
core   0: 0x8000a312 (0x00000797) auipc   a5, 0x0
core   0: 3 0x8000a312 (0x00000797) x15 0x8000a312
core   0: 0x8000a316 (0x0de78793) addi    a5, a5, 222
core   0: 3 0x8000a316 (0x0de78793) x15 0x8000a3f0
core   0: 0x8000a31a (0xc0e78793) addi    a5, a5, -1010
core   0: 3 0x8000a31a (0xc0e78793) x15 0x80009ffe
core   0: 0x8000a31e (0x00c86433) or      s0, a6, a2
core   0: 3 0x8000a31e (0x00c86433) x 8 0xffffffaa
core   0: 0x8000a322 (0x01b84d63) blt     a6, s11, pc + 26
core   0: 3 0x8000a322 (0x01b84d63)
core   0: 0x8000a33c (0x3f3782e7) jalr    t0, a5, 1011
core   0: 3 0x8000a33c (0x3f3782e7) x 5 0x8000a340
core   0: 0x8000a3f0 (0x02ce7a13) andi    s4, t3, 44
core   0: 3 0x8000a3f0 (0x02ce7a13) x20 0x00000000
core   0: 0x8000a3f4 (0x01f20bb3) add     s7, tp, t6
core   0: 3 0x8000a3f4 (0x01f20bb3) x23 0xb4b5b6b7
core   0: 0x8000a3f8 (0x00001561) c.addi  a0, -8
core   0: 3 0x8000a3f8 (0x1561) x10 0x80022e50
core   0: 0x8000a3fa (0x019baa33) slt     s4, s7, s9
core   0: 3 0x8000a3fa (0x019baa33) x20 0x00000001
core   0: 0x8000a3fe (0x00552223) sw      t0, 4(a0)
core   0: 3 0x8000a3fe (0x00552223) mem 0x80022e54 0x8000a340
core   0: 0x8000a402 (0x00a11493) slli    s1, sp, 10
core   0: 3 0x8000a402 (0x00a11493) x 9 0x00b49c00
core   0: 0x8000a406 (0x00008f0d) c.sub   a4, a1
core   0: 3 0x8000a406 (0x8f0d) x14 0x7ffd8811
core   0: 0x8000a408 (0x00009bde) c.add   s7, s7
core   0: 3 0x8000a408 (0x9bde) x23 0x696b6d6e
core   0: 0x8000a40a (0x00510e33) add     t3, sp, t0
core   0: 3 0x8000a40a (0x00510e33) x28 0x8000d067
core   0: 0x8000a40e (0x99d98c13) addi    s8, s3, -1635
core   0: 3 0x8000a40e (0x99d98c13) x24 0xfffff8cd
core   0: 0x8000a412 (0x017db6b3) sltu    a3, s11, s7
core   0: 3 0x8000a412 (0x017db6b3) x13 0x00000000
core   0: 0x8000a416 (0x0061c663) blt     gp, t1, pc + 12
core   0: 3 0x8000a416 (0x0061c663)
core   0: 0x8000a422 (0x078002ef) jal     t0, pc + 0x78
core   0: 3 0x8000a422 (0x078002ef) x 5 0x8000a426
core   0: 0x8000a49a (0x0084c663) blt     s1, s0, pc + 12
core   0: 3 0x8000a49a (0x0084c663)
core   0: 0x8000a49e (0x006cd333) srl     t1, s9, t1
core   0: 3 0x8000a49e (0x006cd333) x 6 0x00000000
core   0: 0x8000a4a2 (0x029e2fb3) mulhsu  t6, t3, s1
core   0: 3 0x8000a4a2 (0x029e2fb3) x31 0xffa5b293
core   0: 0x8000a4a6 (0x00001561) c.addi  a0, -8
core   0: 3 0x8000a4a6 (0x1561) x10 0x80022e48
core   0: 0x8000a4a8 (0x00008c65) c.and   s0, s1
core   0: 3 0x8000a4a8 (0x8c65) x 8 0x00b49c00
core   0: 0x8000a4aa (0x00552223) sw      t0, 4(a0)
core   0: 3 0x8000a4aa (0x00552223) mem 0x80022e4c 0x8000a426
core   0: 0x8000a4ae (0x02c03e33) mulhu   t3, zero, a2
core   0: 3 0x8000a4ae (0x02c03e33) x28 0x00000000
core   0: 0x8000a4b2 (0x00004889) c.li    a7, 2
core   0: 3 0x8000a4b2 (0x4889) x17 0x00000002
core   0: 0x8000a4b4 (0x009c02b3) add     t0, s8, s1
core   0: 3 0x8000a4b4 (0x009c02b3) x 5 0x00b494cd
core   0: 0x8000a4b8 (0x47cfb193) sltiu   gp, t6, 1148
core   0: 3 0x8000a4b8 (0x47cfb193) x 3 0x00000000
core   0: 0x8000a4bc (0x00001317) auipc   t1, 0x1
core   0: 3 0x8000a4bc (0x00001317) x 6 0x8000b4bc
core   0: 0x8000a4c0 (0x81c30313) addi    t1, t1, -2020
core   0: 3 0x8000a4c0 (0x81c30313) x 6 0x8000acd8
core   0: 0x8000a4c4 (0x00008ee5) c.and   a3, s1
core   0: 3 0x8000a4c4 (0x8ee5) x13 0x00000000
core   0: 0x8000a4c6 (0xfc230313) addi    t1, t1, -62
core   0: 3 0x8000a4c6 (0xfc230313) x 6 0x8000ac9a
core   0: 0x8000a4ca (0x00979f33) sll     t5, a5, s1
core   0: 3 0x8000a4ca (0x00979f33) x30 0x80009ffe
core   0: 0x8000a4ce (0x00dd4fb3) xor     t6, s10, a3
core   0: 3 0x8000a4ce (0x00dd4fb3) x31 0x80f95625
core   0: 0x8000a4d2 (0x41df0e33) sub     t3, t5, t4
core   0: 3 0x8000a4d2 (0x41df0e33) x28 0x8000a746
core   0: 0x8000a4d6 (0x03995eb3) divu    t4, s2, s9
core   0: 3 0x8000a4d6 (0x03995eb3) x29 0xffffffff
core   0: 0x8000a4da (0x00001d1c) c.addi4spn a5, sp, 688
core   0: 3 0x8000a4da (0x1d1c) x15 0x00002fd7
core   0: 0x8000a4dc (0x01fb5b13) srli    s6, s6, 31
core   0: 3 0x8000a4dc (0x01fb5b13) x22 0x00000000
core   0: 0x8000a4e0 (0x03e302e7) jalr    t0, t1, 62
core   0: 3 0x8000a4e0 (0x03e302e7) x 5 0x8000a4e4
core   0: 0x8000acd8 (0x00008351) c.srli  a4, 20
core   0: 3 0x8000acd8 (0x8351) x14 0x000007ff
core   0: 0x8000acda (0x00001511) c.addi  a0, -28
core   0: 3 0x8000acda (0x1511) x10 0x80022e2c
core   0: 0x8000acdc (0x03017c33) remu    s8, sp, a6
core   0: 3 0x8000acdc (0x03017c33) x24 0x00002d27
core   0: 0x8000ace0 (0x41d257b3) sra     a5, tp, t4
core   0: 3 0x8000ace0 (0x41d257b3) x15 0x00000000
core   0: 0x8000ace4 (0x000061bd) c.lui   gp, 0xf
core   0: 3 0x8000ace4 (0x61bd) x 3 0x0000f000
core   0: 0x8000ace6 (0x40bd8f33) sub     t5, s11, a1
core   0: 3 0x8000ace6 (0x40bd8f33) x30 0x7ffd92fb
core   0: 0x8000acea (0x00008e95) c.sub   a3, a3
core   0: 3 0x8000acea (0x8e95) x13 0x00000000
core   0: 0x8000acec (0x40858eb3) sub     t4, a1, s0
core   0: 3 0x8000acec (0x40858eb3) x29 0x7f4dd0e4
core   0: 0x8000acf0 (0x000067b1) c.lui   a5, 0xc
core   0: 3 0x8000acf0 (0x67b1) x15 0x0000c000
core   0: 0x8000acf2 (0x00bca833) slt     a6, s9, a1
core   0: 3 0x8000acf2 (0x00bca833) x16 0x00000000
core   0: 0x8000acf6 (0x00552223) sw      t0, 4(a0)
core   0: 3 0x8000acf6 (0x00552223) mem 0x80022e30 0x8000a4e4
core   0: 0x8000acfa (0x027e21b3) mulhsu  gp, t3, t2
core   0: 3 0x8000acfa (0x027e21b3) x 3 0xbf83ab11
core   0: 0x8000acfe (0x00003117) auipc   sp, 0x3
core   0: 3 0x8000acfe (0x00003117) x 2 0x8000dcfe
core   0: 0x8000ad02 (0x1f410113) addi    sp, sp, 500
core   0: 3 0x8000ad02 (0x1f410113) x 2 0x8000def2
core   0: 0x8000ad06 (0xffa14703) lbu     a4, -6(sp)
core   0: 3 0x8000ad06 (0xffa14703) x14 0x000000a7 mem 0x8000deec
core   0: 0x8000ad0a (0x03cbc8b3) div     a7, s7, t3
core   0: 3 0x8000ad0a (0x03cbc8b3) x17 0x00000000
core   0: 0x8000ad0e (0x00010b03) lb      s6, 0(sp)
core   0: 3 0x8000ad0e (0x00010b03) x22 0xffffffa9 mem 0x8000def2
core   0: 0x8000ad12 (0x00914703) lbu     a4, 9(sp)
core   0: 3 0x8000ad12 (0x00914703) x14 0x000000b0 mem 0x8000defb
core   0: 0x8000ad16 (0x411c0eb3) sub     t4, s8, a7
core   0: 3 0x8000ad16 (0x411c0eb3) x29 0x00002d27
core   0: 0x8000ad1a (0x01c7f033) and     zero, a5, t3
core   0: 3 0x8000ad1a (0x01c7f033)
core   0: 0x8000ad1e (0x01072eb3) slt     t4, a4, a6
core   0: 3 0x8000ad1e (0x01072eb3) x29 0x00000000
core   0: 0x8000ad22 (0x00815003) lhu     zero, 8(sp)
core   0: 3 0x8000ad22 (0x00815003) mem 0x8000defa
core   0: 0x8000ad26 (0xbd0abe13) sltiu   t3, s5, -1072
core   0: 3 0x8000ad26 (0xbd0abe13) x28 0x00000001
core   0: 0x8000ad2a (0xff615183) lhu     gp, -10(sp)
core   0: 3 0x8000ad2a (0xff615183) x 3 0x0000a2a3 mem 0x8000dee8
core   0: 0x8000ad2e (0x00000c2d) c.addi  s8, 11
core   0: 3 0x8000ad2e (0x0c2d) x24 0x00002d32
core   0: 0x8000ad30 (0x0129ddb3) srl     s11, s3, s2
core   0: 3 0x8000ad30 (0x0129ddb3) x27 0xffffff30
core   0: 0x8000ad34 (0x00e11b03) lh      s6, 14(sp)
core   0: 3 0x8000ad34 (0x00e11b03) x22 0xffffbabb mem 0x8000df00
core   0: 0x8000ad38 (0x00000001) c.nop
core   0: 3 0x8000ad38 (0x0001)
core   0: 0x8000ad3a (0x02680a33) mul     s4, a6, t1
core   0: 3 0x8000ad3a (0x02680a33) x20 0x00000000
core   0: 0x8000ad3e (0xff914a83) lbu     s5, -7(sp)
core   0: 3 0x8000ad3e (0xff914a83) x21 0x000000a0 mem 0x8000deeb
core   0: 0x8000ad42 (0x000098fd) c.andi  s1, -1
core   0: 3 0x8000ad42 (0x98fd) x 9 0x00b49c00
core   0: 0x8000ad44 (0xff415183) lhu     gp, -12(sp)
core   0: 3 0x8000ad44 (0xff415183) x 3 0x00009c9d mem 0x8000dee6
core   0: 0x8000ad48 (0x407f8a33) sub     s4, t6, t2
core   0: 3 0x8000ad48 (0x407f8a33) x20 0x000003bd
core   0: 0x8000ad4c (0xff510803) lb      a6, -11(sp)
core   0: 3 0x8000ad4c (0xff510803) x16 0xffffff9c mem 0x8000dee7
core   0: 0x8000ad50 (0x01710223) sb      s7, 4(sp)
core   0: 3 0x8000ad50 (0x01710223) mem 0x8000def6 0x6e
core   0: 0x8000ad54 (0x00002117) auipc   sp, 0x2
core   0: 3 0x8000ad54 (0x00002117) x 2 0x8000cd54
core   0: 0x8000ad58 (0x4aa10113) addi    sp, sp, 1194
core   0: 3 0x8000ad58 (0x4aa10113) x 2 0x8000d1fe
core   0: 0x8000ad5c (0x00008ead) c.xor   a3, a1
core   0: 3 0x8000ad5c (0x8ead) x13 0x80026ce4
core   0: 0x8000ad5e (0x0b310803) lb      a6, 179(sp)
core   0: 3 0x8000ad5e (0x0b310803) x16 0x0000006a mem 0x8000d2b1
core   0: 0x8000ad62 (0x000094b6) c.add   s1, a3
core   0: 3 0x8000ad62 (0x94b6) x 9 0x80b708e4
core   0: 0x8000ad64 (0xb74c8313) addi    t1, s9, -1164
core   0: 3 0x8000ad64 (0xb74c8313) x 6 0xfffffb74
core   0: 0x8000ad68 (0x05710423) sb      s7, 72(sp)
core   0: 3 0x8000ad68 (0x05710423) mem 0x8000d246 0x6e
core   0: 0x8000ad6c (0xfa510aa3) sb      t0, -75(sp)
core   0: 3 0x8000ad6c (0xfa510aa3) mem 0x8000d1b3 0xe4
core   0: 0x8000ad70 (0x007d79b3) and     s3, s10, t2
core   0: 3 0x8000ad70 (0x007d79b3) x19 0x80f95220
core   0: 0x8000ad74 (0x41c5d9b3) sra     s3, a1, t3
core   0: 3 0x8000ad74 (0x41c5d9b3) x19 0xc0013672
core   0: 0x8000ad78 (0xf24109a3) sb      tp, -205(sp)
core   0: 3 0x8000ad78 (0xf24109a3) mem 0x8000d131 0x0
core   0: 0x8000ad7c (0xf6b14c03) lbu     s8, -149(sp)
core   0: 3 0x8000ad7c (0xf6b14c03) x24 0x00000022 mem 0x8000d169
core   0: 0x8000ad80 (0x0cd10483) lb      s1, 205(sp)
core   0: 3 0x8000ad80 (0x0cd10483) x 9 0xffffff80 mem 0x8000d2cb
core   0: 0x8000ad84 (0x011f6d33) or      s10, t5, a7
core   0: 3 0x8000ad84 (0x011f6d33) x26 0x7ffd92fb
core   0: 0x8000ad88 (0x000059fd) c.li    s3, -1
core   0: 3 0x8000ad88 (0x59fd) x19 0xffffffff
core   0: 0x8000ad8a (0x09510ba3) sb      s5, 151(sp)
core   0: 3 0x8000ad8a (0x09510ba3) mem 0x8000d295 0xa0
core   0: 0x8000ad8e (0x00ec2933) slt     s2, s8, a4
core   0: 3 0x8000ad8e (0x00ec2933) x18 0x00000001
core   0: 0x8000ad92 (0xfdc10da3) sb      t3, -37(sp)
core   0: 3 0x8000ad92 (0xfdc10da3) mem 0x8000d1d9 0x1
core   0: 0x8000ad96 (0xfe1105a3) sb      ra, -21(sp)
core   0: 3 0x8000ad96 (0xfe1105a3) mem 0x8000d1e9 0x92
core   0: 0x8000ad9a (0x030c1eb3) mulh    t4, s8, a6
core   0: 3 0x8000ad9a (0x030c1eb3) x29 0x00000000
core   0: 0x8000ad9e (0x03b42933) mulhsu  s2, s0, s11
core   0: 3 0x8000ad9e (0x03b42933) x18 0x00b49bff
core   0: 0x8000ada2 (0x0bf14e03) lbu     t3, 191(sp)
core   0: 3 0x8000ada2 (0x0bf14e03) x28 0x00000076 mem 0x8000d2bd
core   0: 0x8000ada6 (0x02a15fb3) divu    t6, sp, a0
core   0: 3 0x8000ada6 (0x02a15fb3) x31 0x00000000
core   0: 0x8000adaa (0x04e14883) lbu     a7, 78(sp)
core   0: 3 0x8000adaa (0x04e14883) x17 0x00000007 mem 0x8000d24c
core   0: 0x8000adae (0x03c15003) lhu     zero, 60(sp)
core   0: 3 0x8000adae (0x03c15003) mem 0x8000d23a
core   0: 0x8000adb2 (0xf81108a3) sb      ra, -111(sp)
core   0: 3 0x8000adb2 (0xf81108a3) mem 0x8000d18f 0x92
core   0: 0x8000adb6 (0x00aa66b3) or      a3, s4, a0
core   0: 3 0x8000adb6 (0x00aa66b3) x13 0x80022fbd
core   0: 0x8000adba (0xf34104a3) sb      s4, -215(sp)
core   0: 3 0x8000adba (0xf34104a3) mem 0x8000d127 0xbd
core   0: 0x8000adbe (0x00c2c2b3) xor     t0, t0, a2
core   0: 3 0x8000adbe (0x00c2c2b3) x 5 0x8000a4e4
core   0: 0x8000adc2 (0x01010fa3) sb      a6, 31(sp)
core   0: 3 0x8000adc2 (0x01010fa3) mem 0x8000d21d 0x6a
core   0: 0x8000adc6 (0x77d80b17) auipc   s6, 0x77d80
core   0: 3 0x8000adc6 (0x77d80b17) x22 0xf7d8adc6
core   0: 0x8000adca (0x02b10683) lb      a3, 43(sp)
core   0: 3 0x8000adca (0x02b10683) x13 0xffffffe2 mem 0x8000d229
core   0: 0x8000adce (0x41b75b33) sra     s6, a4, s11
core   0: 3 0x8000adce (0x41b75b33) x22 0x00000000
core   0: 0x8000add2 (0x010380b3) add     ra, t2, a6
core   0: 3 0x8000add2 (0x010380b3) x 1 0x80f952d2
core   0: 0x8000add6 (0x0046ed63) bltu    a3, tp, pc + 26
core   0: 3 0x8000add6 (0x0046ed63)
core   0: 0x8000adda (0x0000061a) c.slli  a2, 6
core   0: 3 0x8000adda (0x061a) x12 0x00000000
core   0: 0x8000addc (0x00aeceb3) xor     t4, t4, a0
core   0: 3 0x8000addc (0x00aeceb3) x29 0x80022e2c
core   0: 0x8000ade0 (0xc6fc6793) ori     a5, s8, -913
core   0: 3 0x8000ade0 (0xc6fc6793) x15 0xfffffc6f
core   0: 0x8000ade4 (0x00008639) c.srai  a2, 14
core   0: 3 0x8000ade4 (0x8639) x12 0x00000000
core   0: 0x8000ade6 (0x00000001) c.nop
core   0: 3 0x8000ade6 (0x0001)
core   0: 0x8000ade8 (0x00f65393) srli    t2, a2, 15
core   0: 3 0x8000ade8 (0x00f65393) x 7 0x00000000
core   0: 0x8000adec (0x0260d163) bge     ra, t1, pc + 34
core   0: 3 0x8000adec (0x0260d163)
core   0: 0x8000adf0 (0x00000001) c.nop
core   0: 3 0x8000adf0 (0x0001)
core   0: 0x8000adf2 (0x41cbda13) srai    s4, s7, 28
core   0: 3 0x8000adf2 (0x41cbda13) x20 0x00000006
core   0: 0x8000adf6 (0x00005bfd) c.li    s7, -1
core   0: 3 0x8000adf6 (0x5bfd) x23 0xffffffff
core   0: 0x8000adf8 (0x025b6c63) bltu    s6, t0, pc + 56
core   0: 3 0x8000adf8 (0x025b6c63)
core   0: 0x8000ae30 (0x0072a4b3) slt     s1, t0, t2
core   0: 3 0x8000ae30 (0x0072a4b3) x 9 0x00000001
core   0: 0x8000ae34 (0xd1810493) addi    s1, sp, -744
core   0: 3 0x8000ae34 (0xd1810493) x 9 0x8000cf16
core   0: 0x8000ae38 (0x0122cc63) blt     t0, s2, pc + 24
core   0: 3 0x8000ae38 (0x0122cc63)
core   0: 0x8000ae50 (0x00000001) c.nop
core   0: 3 0x8000ae50 (0x0001)
core   0: 0x8000ae52 (0x00008ca1) c.xor   s1, s0
core   0: 3 0x8000ae52 (0x8ca1) x 9 0x80b45316
core   0: 0x8000ae54 (0x01193d33) sltu    s10, s2, a7
core   0: 3 0x8000ae54 (0x01193d33) x26 0x00000000
core   0: 0x8000ae58 (0x00008f65) c.and   a4, s1
core   0: 3 0x8000ae58 (0x8f65) x14 0x00000010
core   0: 0x8000ae5a (0xe1b73313) sltiu   t1, a4, -485
core   0: 3 0x8000ae5a (0xe1b73313) x 6 0x00000001
core   0: 0x8000ae5e (0x0000167d) c.addi  a2, -1
core   0: 3 0x8000ae5e (0x167d) x12 0xffffffff
core   0: 0x8000ae60 (0x03a80d63) beq     a6, s10, pc + 58
core   0: 3 0x8000ae60 (0x03a80d63)
core   0: 0x8000ae64 (0x00008dca) c.mv    s11, s2
core   0: 3 0x8000ae64 (0x8dca) x27 0x00b49bff
core   0: 0x8000ae66 (0x00008f79) c.and   a4, a4
core   0: 3 0x8000ae66 (0x8f79) x14 0x00000010
core   0: 0x8000ae68 (0x00009f0a) c.add   t5, sp
core   0: 3 0x8000ae68 (0x9f0a) x30 0xfffe64f9
core   0: 0x8000ae6a (0x00001810) c.addi4spn a2, sp, 48
core   0: 3 0x8000ae6a (0x1810) x12 0x8000d22e
core   0: 0x8000ae6c (0x000002a9) c.addi  t0, 10
core   0: 3 0x8000ae6c (0x02a9) x 5 0x8000a4ee
core   0: 0x8000ae6e (0x0000c715) c.beqz  a4, pc + 44
core   0: 3 0x8000ae6e (0xc715)
core   0: 0x8000ae70 (0x00000dba) c.slli  s11, 14
core   0: 3 0x8000ae70 (0x0dba) x27 0x26ffc000
core   0: 0x8000ae72 (0x75096393) ori     t2, s2, 1872
core   0: 3 0x8000ae72 (0x75096393) x 7 0x00b49fff
core   0: 0x8000ae76 (0x00008ccd) c.or    s1, a1
core   0: 3 0x8000ae76 (0x8ccd) x 9 0x80b67ff6
core   0: 0x8000ae78 (0x00006d31) c.lui   s10, 0xc
core   0: 3 0x8000ae78 (0x6d31) x26 0x0000c000
core   0: 0x8000ae7a (0x02666033) rem     zero, a2, t1
core   0: 3 0x8000ae7a (0x02666033)
core   0: 0x8000ae7e (0x00b00433) add     s0, zero, a1
core   0: 3 0x8000ae7e (0x00b00433) x 8 0x80026ce4
core   0: 0x8000ae82 (0x00008465) c.srai  s0, 25
core   0: 3 0x8000ae82 (0x8465) x 8 0xffffffc0
core   0: 0x8000ae84 (0xe47b0193) addi    gp, s6, -441
core   0: 3 0x8000ae84 (0xe47b0193) x 3 0xfffffe47
core   0: 0x8000ae88 (0x0000100f) fence.i
core   0: 3 0x8000ae88 (0x0000100f)
core   0: 0x8000ae8c (0x5f7c7a97) auipc   s5, 0x5f7c7
core   0: 3 0x8000ae8c (0x5f7c7a97) x21 0xdf7d1e8c
core   0: 0x8000ae90 (0x41b0da93) srai    s5, ra, 27
core   0: 3 0x8000ae90 (0x41b0da93) x21 0xfffffff0
core   0: 0x8000ae94 (0x0000100f) fence.i
core   0: 3 0x8000ae94 (0x0000100f)
core   0: 0x8000ae98 (0x00009fee) c.add   t6, s11
core   0: 3 0x8000ae98 (0x9fee) x31 0x26ffc000
core   0: 0x8000ae9a (0x0ff0000f) fence   iorw,iorw
core   0: 3 0x8000ae9a (0x0ff0000f)
core   0: 0x8000ae9e (0x41530133) sub     sp, t1, s5
core   0: 3 0x8000ae9e (0x41530133) x 2 0x00000011
core   0: 0x8000aea2 (0x00008fbd) c.xor   a5, a5
core   0: 3 0x8000aea2 (0x8fbd) x15 0x00000000
core   0: 0x8000aea4 (0xf1333393) sltiu   t2, t1, -237
core   0: 3 0x8000aea4 (0xf1333393) x 7 0x00000001
core   0: 0x8000aea8 (0x0000cf89) c.beqz  a5, pc + 26
core   0: 3 0x8000aea8 (0xcf89)
core   0: 0x8000aec2 (0x039c31b3) mulhu   gp, s8, s9
core   0: 3 0x8000aec2 (0x039c31b3) x 3 0x00000000
core   0: 0x8000aec6 (0x0271ef33) rem     t5, gp, t2
core   0: 3 0x8000aec6 (0x0271ef33) x30 0x00000000
core   0: 0x8000aeca (0x00000001) c.nop
core   0: 3 0x8000aeca (0x0001)
core   0: 0x8000aecc (0x00019993) slli    s3, gp, 0
core   0: 3 0x8000aecc (0x00019993) x19 0x00000000
core   0: 0x8000aed0 (0x3fef2993) slti    s3, t5, 1022
core   0: 3 0x8000aed0 (0x3fef2993) x19 0x00000001
core   0: 0x8000aed4 (0x0000100f) fence.i
core   0: 3 0x8000aed4 (0x0000100f)
core   0: 0x8000aed8 (0x00008ee9) c.and   a3, a0
core   0: 3 0x8000aed8 (0x8ee9) x13 0x80022e20
core   0: 0x8000aeda (0x0000c20d) c.beqz  a2, pc + 34
core   0: 3 0x8000aeda (0xc20d)
core   0: 0x8000aedc (0xb4f06893) ori     a7, zero, -1201
core   0: 3 0x8000aedc (0xb4f06893) x17 0xfffffb4f
core   0: 0x8000aee0 (0x00005c7d) c.li    s8, -1
core   0: 3 0x8000aee0 (0x5c7d) x24 0xffffffff
core   0: 0x8000aee2 (0x03a20633) mul     a2, tp, s10
core   0: 3 0x8000aee2 (0x03a20633) x12 0x00000000
core   0: 0x8000aee6 (0x004e1a13) slli    s4, t3, 4
core   0: 3 0x8000aee6 (0x004e1a13) x20 0x00000760
core   0: 0x8000aeea (0x031f09b3) mul     s3, t5, a7
core   0: 3 0x8000aeea (0x031f09b3) x19 0x00000000
core   0: 0x8000aeee (0xf200c613) xori    a2, ra, -224
core   0: 3 0x8000aeee (0xf200c613) x12 0x7f06adf2
core   0: 0x8000aef2 (0xecdf8f13) addi    t5, t6, -307
core   0: 3 0x8000aef2 (0xecdf8f13) x30 0x26ffbecd
core   0: 0x8000aef6 (0x00008f29) c.xor   a4, a0
core   0: 3 0x8000aef6 (0x8f29) x14 0x80022e3c
core   0: 0x8000aef8 (0x4665e693) ori     a3, a1, 1126
core   0: 3 0x8000aef8 (0x4665e693) x13 0x80026ce6
core   0: 0x8000aefc (0x01278a63) beq     a5, s2, pc + 20
core   0: 3 0x8000aefc (0x01278a63)
core   0: 0x8000af00 (0x02b1ff33) remu    t5, gp, a1
core   0: 3 0x8000af00 (0x02b1ff33) x30 0x00000000
core   0: 0x8000af04 (0x01543033) sltu    zero, s0, s5
core   0: 3 0x8000af04 (0x01543033)
core   0: 0x8000af08 (0x41418f33) sub     t5, gp, s4
core   0: 3 0x8000af08 (0x41418f33) x30 0xfffff8a0
core   0: 0x8000af0c (0xa082dd17) auipc   s10, 0xa082d
core   0: 3 0x8000af0c (0xa082dd17) x26 0x20837f0c
core   0: 0x8000af10 (0x256efdb7) lui     s11, 0x256ef
core   0: 3 0x8000af10 (0x256efdb7) x27 0x256ef000
core   0: 0x8000af14 (0x01419f33) sll     t5, gp, s4
core   0: 3 0x8000af14 (0x01419f33) x30 0x00000000
core   0: 0x8000af18 (0x01abc133) xor     sp, s7, s10
core   0: 3 0x8000af18 (0x01abc133) x 2 0xdf7c80f3
core   0: 0x8000af1c (0x03c04133) div     sp, zero, t3
core   0: 3 0x8000af1c (0x03c04133) x 2 0x00000000
core   0: 0x8000af20 (0x6d890117) auipc   sp, 0x6d890
core   0: 3 0x8000af20 (0x6d890117) x 2 0xed89af20
core   0: 0x8000af24 (0x00000d11) c.addi  s10, 4
core   0: 3 0x8000af24 (0x0d11) x26 0x20837f10
core   0: 0x8000af26 (0xba6e5797) auipc   a5, 0xba6e5
core   0: 3 0x8000af26 (0xba6e5797) x15 0x3a6eff26
core   0: 0x8000af2a (0x009e8e33) add     t3, t4, s1
core   0: 3 0x8000af2a (0x009e8e33) x28 0x00b8ae22
core   0: 0x8000af2e (0x0ff0000f) fence   iorw,iorw
core   0: 3 0x8000af2e (0x0ff0000f)
core   0: 0x8000af32 (0x3ba26e93) ori     t4, tp, 954
core   0: 3 0x8000af32 (0x3ba26e93) x29 0x000003ba
core   0: 0x8000af36 (0x00008f21) c.xor   a4, s0
core   0: 3 0x8000af36 (0x8f21) x14 0x7ffdd1fc
core   0: 0x8000af38 (0xc8f5fa13) andi    s4, a1, -881
core   0: 3 0x8000af38 (0xc8f5fa13) x20 0x80026c84
core   0: 0x8000af3c (0x03bfdc33) divu    s8, t6, s11
core   0: 3 0x8000af3c (0x03bfdc33) x24 0x00000001
core   0: 0x8000af40 (0x0273eb33) rem     s6, t2, t2
core   0: 3 0x8000af40 (0x0273eb33) x22 0x00000000
core   0: 0x8000af44 (0x113e6693) ori     a3, t3, 275
core   0: 3 0x8000af44 (0x113e6693) x13 0x00b8af33
core   0: 0x8000af48 (0x01f684b3) add     s1, a3, t6
core   0: 3 0x8000af48 (0x01f684b3) x 9 0x27b86f33
core   0: 0x8000af4c (0x0051a733) slt     a4, gp, t0
core   0: 3 0x8000af4c (0x0051a733) x14 0x00000000
core   0: 0x8000af50 (0x01d68463) beq     a3, t4, pc + 8
core   0: 3 0x8000af50 (0x01d68463)
core   0: 0x8000af54 (0x00980db3) add     s11, a6, s1
core   0: 3 0x8000af54 (0x00980db3) x27 0x27b86f9d
core   0: 0x8000af58 (0x036199b3) mulh    s3, gp, s6
core   0: 3 0x8000af58 (0x036199b3) x19 0x00000000
core   0: 0x8000af5c (0x02160833) mul     a6, a2, ra
core   0: 3 0x8000af5c (0x02160833) x16 0x87943484
core   0: 0x8000af60 (0xc4c98e97) auipc   t4, 0xc4c98
core   0: 3 0x8000af60 (0xc4c98e97) x29 0x44ca2f60
core   0: 0x8000af64 (0x0306a133) mulhsu  sp, a3, a6
core   0: 3 0x8000af64 (0x0306a133) x 2 0x0061cf4f
core   0: 0x8000af68 (0x0000100f) fence.i
core   0: 3 0x8000af68 (0x0000100f)
core   0: 0x8000af6c (0x243a5817) auipc   a6, 0x243a5
core   0: 3 0x8000af6c (0x243a5817) x16 0xa43aff6c
core   0: 0x8000af70 (0x02ab0e33) mul     t3, s6, a0
core   0: 3 0x8000af70 (0x02ab0e33) x28 0x00000000
core   0: 0x8000af74 (0x01cc46b3) xor     a3, s8, t3
core   0: 3 0x8000af74 (0x01cc46b3) x13 0x00000001
core   0: 0x8000af78 (0x013a73b3) and     t2, s4, s3
core   0: 3 0x8000af78 (0x013a73b3) x 7 0x00000000
core   0: 0x8000af7c (0x2c066193) ori     gp, a2, 704
core   0: 3 0x8000af7c (0x2c066193) x 3 0x7f06aff2
core   0: 0x8000af80 (0x417253b3) sra     t2, tp, s7
core   0: 3 0x8000af80 (0x417253b3) x 7 0x00000000
core   0: 0x8000af84 (0x0361da63) bge     gp, s6, pc + 52
core   0: 3 0x8000af84 (0x0361da63)
core   0: 0x8000afb8 (0x41975633) sra     a2, a4, s9
core   0: 3 0x8000afb8 (0x41975633) x12 0x00000000
core   0: 0x8000afbc (0x407edd33) sra     s10, t4, t2
core   0: 3 0x8000afbc (0x407edd33) x26 0x44ca2f60
core   0: 0x8000afc0 (0x402003b3) sub     t2, zero, sp
core   0: 3 0x8000afc0 (0x402003b3) x 7 0xff9e30b1
core   0: 0x8000afc4 (0x00008f99) c.sub   a5, a4
core   0: 3 0x8000afc4 (0x8f99) x15 0x3a6eff26
core   0: 0x8000afc6 (0x0112c8b3) xor     a7, t0, a7
core   0: 3 0x8000afc6 (0x0112c8b3) x17 0x7fff5fa1
core   0: 0x8000afca (0x00008e6d) c.and   a2, a1
core   0: 3 0x8000afca (0x8e6d) x12 0x00000000
core   0: 0x8000afcc (0x00000e17) auipc   t3, 0x0
core   0: 3 0x8000afcc (0x00000e17) x28 0x8000afcc
core   0: 0x8000afd0 (0x868e0e13) addi    t3, t3, -1944
core   0: 3 0x8000afd0 (0x868e0e13) x28 0x8000a834
core   0: 0x8000afd4 (0x00f69c93) slli    s9, a3, 15
core   0: 3 0x8000afd4 (0x00f69c93) x25 0x00008000
core   0: 0x8000afd8 (0x016ab3b3) sltu    t2, s5, s6
core   0: 3 0x8000afd8 (0x016ab3b3) x 7 0x00000000
core   0: 0x8000afdc (0x000088b9) c.andi  s1, 14
core   0: 3 0x8000afdc (0x88b9) x 9 0x00000002
core   0: 0x8000afde (0x00008c85) c.sub   s1, s1
core   0: 3 0x8000afde (0x8c85) x 9 0x00000000
core   0: 0x8000afe0 (0x014d0eb3) add     t4, s10, s4
core   0: 3 0x8000afe0 (0x014d0eb3) x29 0xc4cc9be4
core   0: 0x8000afe4 (0x13be0e13) addi    t3, t3, 315
core   0: 3 0x8000afe4 (0x13be0e13) x28 0x8000a96f
core   0: 0x8000afe8 (0xbdb9f993) andi    s3, s3, -1061
core   0: 3 0x8000afe8 (0xbdb9f993) x19 0x00000000
core   0: 0x8000afec (0x02cd8f33) mul     t5, s11, a2
core   0: 3 0x8000afec (0x02cd8f33) x30 0x00000000
core   0: 0x8000aff0 (0x01539663) bne     t2, s5, pc + 12
core   0: 3 0x8000aff0 (0x01539663)
core   0: 0x8000affc (0xec6e02e7) jalr    t0, t3, -314
core   0: 3 0x8000affc (0xec6e02e7) x 5 0x8000b000
core   0: 0x8000a834 (0x01e81d63) bne     a6, t5, pc + 26
core   0: 3 0x8000a834 (0x01e81d63)
core   0: 0x8000a84e (0xfd050513) addi    a0, a0, -48
core   0: 3 0x8000a84e (0xfd050513) x10 0x80022dfc
core   0: 0x8000a852 (0x00c7dd33) srl     s10, a5, a2
core   0: 3 0x8000a852 (0x00c7dd33) x26 0x3a6eff26
core   0: 0x8000a856 (0x009c8833) add     a6, s9, s1
core   0: 3 0x8000a856 (0x009c8833) x16 0x00008000
core   0: 0x8000a85a (0x00552223) sw      t0, 4(a0)
core   0: 3 0x8000a85a (0x00552223) mem 0x80022e00 0x8000b000
core   0: 0x8000a85e (0x377d3197) auipc   gp, 0x377d3
core   0: 3 0x8000a85e (0x377d3197) x 3 0xb77dd85e
core   0: 0x8000a862 (0xea53a913) slti    s2, t2, -347
core   0: 3 0x8000a862 (0xea53a913) x18 0x00000000
core   0: 0x8000a866 (0x00003317) auipc   t1, 0x3
core   0: 3 0x8000a866 (0x00003317) x 6 0x8000d866
core   0: 0x8000a86a (0x96d30313) addi    t1, t1, -1683
core   0: 3 0x8000a86a (0x96d30313) x 6 0x8000d1d3
core   0: 0x8000a86e (0x01730623) sb      s7, 12(t1)
core   0: 3 0x8000a86e (0x01730623) mem 0x8000d1df 0xff
core   0: 0x8000a872 (0x00e4b6b3) sltu    a3, s1, a4
core   0: 3 0x8000a872 (0x00e4b6b3) x13 0x00000000
core   0: 0x8000a876 (0x00009856) c.add   a6, s5
core   0: 3 0x8000a876 (0x9856) x16 0x00007ff0
core   0: 0x8000a878 (0x41565db3) sra     s11, a2, s5
core   0: 3 0x8000a878 (0x41565db3) x27 0x00000000
core   0: 0x8000a87c (0x00534b83) lbu     s7, 5(t1)
core   0: 3 0x8000a87c (0x00534b83) x23 0x00000093 mem 0x8000d1d8
core   0: 0x8000a880 (0x296aac13) slti    s8, s5, 662
core   0: 3 0x8000a880 (0x296aac13) x24 0x00000001
core   0: 0x8000a884 (0x0000100f) fence.i
core   0: 3 0x8000a884 (0x0000100f)
core   0: 0x8000a888 (0x00008f85) c.sub   a5, s1
core   0: 3 0x8000a888 (0x8f85) x15 0x3a6eff26
core   0: 0x8000a88a (0xff030b83) lb      s7, -16(t1)
core   0: 3 0x8000a88a (0xff030b83) x23 0x00000078 mem 0x8000d1c3
core   0: 0x8000a88e (0xfff30403) lb      s0, -1(t1)
core   0: 3 0x8000a88e (0xfff30403) x 8 0xffffff89 mem 0x8000d1d2
core   0: 0x8000a892 (0x007314a3) sh      t2, 9(t1)
core   0: 3 0x8000a892 (0x007314a3) mem 0x8000d1dc 0x0000
core   0: 0x8000a896 (0x00234083) lbu     ra, 2(t1)
core   0: 3 0x8000a896 (0x00234083) x 1 0x0000008e mem 0x8000d1d5
core   0: 0x8000a89a (0x01d307a3) sb      t4, 15(t1)
core   0: 3 0x8000a89a (0x01d307a3) mem 0x8000d1e2 0xe4
core   0: 0x8000a89e (0xff931183) lh      gp, -7(t1)
core   0: 3 0x8000a89e (0xff931183) x 3 0xffff8687 mem 0x8000d1cc
core   0: 0x8000a8a2 (0x00008fda) c.mv    t6, s6
core   0: 3 0x8000a8a2 (0x8fda) x31 0x00000000
core   0: 0x8000a8a4 (0x01c303a3) sb      t3, 7(t1)
core   0: 3 0x8000a8a4 (0x01c303a3) mem 0x8000d1da 0x6f
core   0: 0x8000a8a8 (0xfe730fa3) sb      t2, -1(t1)
core   0: 3 0x8000a8a8 (0xfe730fa3) mem 0x8000d1d2 0x0
core   0: 0x8000a8ac (0xfe730e23) sb      t2, -4(t1)
core   0: 3 0x8000a8ac (0xfe730e23) mem 0x8000d1cf 0x0
core   0: 0x8000a8b0 (0x00430c83) lb      s9, 4(t1)
core   0: 3 0x8000a8b0 (0x00430c83) x25 0xffffff8c mem 0x8000d1d7
core   0: 0x8000a8b4 (0xffa34f83) lbu     t6, -6(t1)
core   0: 3 0x8000a8b4 (0xffa34f83) x31 0x00000086 mem 0x8000d1cd
core   0: 0x8000a8b8 (0x00830023) sb      s0, 0(t1)
core   0: 3 0x8000a8b8 (0x00830023) mem 0x8000d1d3 0x89
core   0: 0x8000a8bc (0x00a34a03) lbu     s4, 10(t1)
core   0: 3 0x8000a8bc (0x00a34a03) x20 0x00000000 mem 0x8000d1dd
core   0: 0x8000a8c0 (0x007312a3) sh      t2, 5(t1)
core   0: 3 0x8000a8c0 (0x007312a3) mem 0x8000d1d8 0x0000
core   0: 0x8000a8c4 (0xff335c03) lhu     s8, -13(t1)
core   0: 3 0x8000a8c4 (0xff335c03) x24 0x00007c7d mem 0x8000d1c6
core   0: 0x8000a8c8 (0xff930603) lb      a2, -7(t1)
core   0: 3 0x8000a8c8 (0xff930603) x12 0xffffff87 mem 0x8000d1cc
core   0: 0x8000a8cc (0xfee32ea3) sw      a4, -3(t1)
core   0: 3 0x8000a8cc (0xfee32ea3) mem 0x8000d1d0 0x00000000
core   0: 0x8000a8d0 (0x00008f7d) c.and   a4, a5
core   0: 3 0x8000a8d0 (0x8f7d) x14 0x00000000
core   0: 0x8000a8d2 (0x00008e65) c.and   a2, s1
core   0: 3 0x8000a8d2 (0x8e65) x12 0x00000000
core   0: 0x8000a8d4 (0x00434483) lbu     s1, 4(t1)
core   0: 3 0x8000a8d4 (0x00434483) x 9 0x0000008c mem 0x8000d1d7
core   0: 0x8000a8d8 (0x0ff0000f) fence   iorw,iorw
core   0: 3 0x8000a8d8 (0x0ff0000f)
core   0: 0x8000a8dc (0xffd30d23) sb      t4, -6(t1)
core   0: 3 0x8000a8dc (0xffd30d23) mem 0x8000d1cd 0xe4
core   0: 0x8000a8e0 (0x00013417) auipc   s0, 0x13
core   0: 3 0x8000a8e0 (0x00013417) x 8 0x8001d8e0
core   0: 0x8000a8e4 (0x5f240413) addi    s0, s0, 1522
core   0: 3 0x8000a8e4 (0x5f240413) x 8 0x8001ded2
core   0: 0x8000a8e8 (0x00006fb9) c.lui   t6, 0xe
core   0: 3 0x8000a8e8 (0x6fb9) x31 0x0000e000
core   0: 0x8000a8ea (0x97e27613) andi    a2, tp, -1666
core   0: 3 0x8000a8ea (0x97e27613) x12 0x00000000
core   0: 0x8000a8ee (0x415e6d97) auipc   s11, 0x415e6
core   0: 3 0x8000a8ee (0x415e6d97) x27 0xc15f08ee
core   0: 0x8000a8f2 (0xff844a83) lbu     s5, -8(s0)
core   0: 3 0x8000a8f2 (0xff844a83) x21 0x00000081 mem 0x8001deca
core   0: 0x8000a8f6 (0x0ff0000f) fence   iorw,iorw
core   0: 3 0x8000a8f6 (0x0ff0000f)
core   0: 0x8000a8fa (0xff944603) lbu     a2, -7(s0)
core   0: 3 0x8000a8fa (0xff944603) x12 0x00000080 mem 0x8001decb
core   0: 0x8000a8fe (0x01473f33) sltu    t5, a4, s4
core   0: 3 0x8000a8fe (0x01473f33) x30 0x00000000
core   0: 0x8000a902 (0x00f44383) lbu     t2, 15(s0)
core   0: 3 0x8000a902 (0x00f44383) x 7 0x0000009a mem 0x8001dee1
core   0: 0x8000a906 (0x00544e83) lbu     t4, 5(s0)
core   0: 3 0x8000a906 (0x00544e83) x29 0x0000008c mem 0x8001ded7
core   0: 0x8000a90a (0x021363b3) rem     t2, t1, ra
core   0: 3 0x8000a90a (0x021363b3) x 7 0xffffffff
core   0: 0x8000a90e (0x01040603) lb      a2, 16(s0)
core   0: 3 0x8000a90e (0x01040603) x12 0xffffff99 mem 0x8001dee2
core   0: 0x8000a912 (0x01814033) xor     zero, sp, s8
core   0: 3 0x8000a912 (0x01814033)
core   0: 0x8000a916 (0x01640523) sb      s6, 10(s0)
core   0: 3 0x8000a916 (0x01640523) mem 0x8001dedc 0x0
core   0: 0x8000a91a (0x006402a3) sb      t1, 5(s0)
core   0: 3 0x8000a91a (0x006402a3) mem 0x8001ded7 0xd3
core   0: 0x8000a91e (0xff144303) lbu     t1, -15(s0)
core   0: 3 0x8000a91e (0xff144303) x 6 0x00000078 mem 0x8001dec3
core   0: 0x8000a922 (0x00f44e03) lbu     t3, 15(s0)
core   0: 3 0x8000a922 (0x00f44e03) x28 0x0000009a mem 0x8001dee1
core   0: 0x8000a926 (0x00e3a633) slt     a2, t2, a4
core   0: 3 0x8000a926 (0x00e3a633) x12 0x00000001
core   0: 0x8000a92a (0x0000567d) c.li    a2, -1
core   0: 3 0x8000a92a (0x567d) x12 0xffffffff
core   0: 0x8000a92c (0x00840283) lb      t0, 8(s0)
core   0: 3 0x8000a92c (0x00840283) x 5 0xffffff91 mem 0x8001deda
core   0: 0x8000a930 (0x41095113) srai    sp, s2, 16
core   0: 3 0x8000a930 (0x41095113) x 2 0x00000000
core   0: 0x8000a934 (0xff8408a3) sb      s8, -15(s0)
core   0: 3 0x8000a934 (0xff8408a3) mem 0x8001dec3 0x7d
core   0: 0x8000a938 (0x000043a1) c.li    t2, 8
core   0: 3 0x8000a938 (0x43a1) x 7 0x00000008
core   0: 0x8000a93a (0x01d646b3) xor     a3, a2, t4
core   0: 3 0x8000a93a (0x01d646b3) x13 0xffffff73
core   0: 0x8000a93e (0x00008906) c.mv    s2, ra
core   0: 3 0x8000a93e (0x8906) x18 0x0000008e
core   0: 0x8000a940 (0x00342323) sw      gp, 6(s0)
core   0: 3 0x8000a940 (0x00342323) mem 0x8001ded8 0xffff8687
core   0: 0x8000a944 (0xff841f03) lh      t5, -8(s0)
core   0: 3 0x8000a944 (0xff841f03) x30 0xffff8081 mem 0x8001deca
core   0: 0x8000a948 (0xff540d83) lb      s11, -11(s0)
core   0: 3 0x8000a948 (0xff540d83) x27 0x0000007c mem 0x8001dec7
core   0: 0x8000a94c (0x002a6c63) bltu    s4, sp, pc + 24
core   0: 3 0x8000a94c (0x002a6c63)
core   0: 0x8000a950 (0x41795db3) sra     s11, s2, s7
core   0: 3 0x8000a950 (0x41795db3) x27 0x00000000
core   0: 0x8000a954 (0x0243aa33) mulhsu  s4, t2, tp
core   0: 3 0x8000a954 (0x0243aa33) x20 0x00000000
core   0: 0x8000a958 (0x03493e33) mulhu   t3, s2, s4
core   0: 3 0x8000a958 (0x03493e33) x28 0x00000000
core   0: 0x8000a95c (0x00bad663) bge     s5, a1, pc + 12
core   0: 3 0x8000a95c (0x00bad663)
core   0: 0x8000a968 (0x00a35c63) bge     t1, a0, pc + 24
core   0: 3 0x8000a968 (0x00a35c63)
core   0: 0x8000a980 (0x02a79f33) mulh    t5, a5, a0
core   0: 3 0x8000a980 (0x02a79f33) x30 0xe2c8ffca
core   0: 0x8000a984 (0x00008769) c.srai  a4, 26
core   0: 3 0x8000a984 (0x8769) x14 0x00000000
core   0: 0x8000a986 (0x9d734013) xori    zero, t1, -1577
core   0: 3 0x8000a986 (0x9d734013)
core   0: 0x8000a98a (0x01949d13) slli    s10, s1, 25
core   0: 3 0x8000a98a (0x01949d13) x26 0x18000000
core   0: 0x8000a98e (0xbf38ac93) slti    s9, a7, -1037
core   0: 3 0x8000a98e (0xbf38ac93) x25 0x00000000
core   0: 0x8000a992 (0x03d66ab3) rem     s5, a2, t4
core   0: 3 0x8000a992 (0x03d66ab3) x21 0xffffffff
core   0: 0x8000a996 (0x01f6ffb3) and     t6, a3, t6
core   0: 3 0x8000a996 (0x01f6ffb3) x31 0x0000e000
core   0: 0x8000a99a (0x00000001) c.nop
core   0: 3 0x8000a99a (0x0001)
core   0: 0x8000a99c (0x0fba7a93) andi    s5, s4, 251
core   0: 3 0x8000a99c (0x0fba7a93) x21 0x00000000
core   0: 0x8000a9a0 (0xf925ca93) xori    s5, a1, -110
core   0: 3 0x8000a9a0 (0xf925ca93) x21 0x7ffd9376
core   0: 0x8000a9a4 (0x73cd0913) addi    s2, s10, 1852
core   0: 3 0x8000a9a4 (0x73cd0913) x18 0x1800073c
core   0: 0x8000a9a8 (0x028dfeb3) remu    t4, s11, s0
core   0: 3 0x8000a9a8 (0x028dfeb3) x29 0x00000000
core   0: 0x8000a9ac (0x5c6bf817) auipc   a6, 0x5c6bf
core   0: 3 0x8000a9ac (0x5c6bf817) x16 0xdc6c99ac
core   0: 0x8000a9b0 (0x41e45993) srai    s3, s0, 30
core   0: 3 0x8000a9b0 (0x41e45993) x19 0xfffffffe
core   0: 0x8000a9b4 (0x00000001) c.nop
core   0: 3 0x8000a9b4 (0x0001)
core   0: 0x8000a9b6 (0x033046b3) div     a3, zero, s3
core   0: 3 0x8000a9b6 (0x033046b3) x13 0x00000000
core   0: 0x8000a9ba (0x011421b3) slt     gp, s0, a7
core   0: 3 0x8000a9ba (0x011421b3) x 3 0x00000001
core   0: 0x8000a9be (0x09c90e13) addi    t3, s2, 156
core   0: 3 0x8000a9be (0x09c90e13) x28 0x180007d8
core   0: 0x8000a9c2 (0x0000ca9d) c.beqz  a3, pc + 54
core   0: 3 0x8000a9c2 (0xca9d)
core   0: 0x8000a9f8 (0x00006141) c.addi16sp sp, 16
core   0: 3 0x8000a9f8 (0x6141) x 2 0x00000010
core   0: 0x8000a9fa (0x404d81b3) sub     gp, s11, tp
core   0: 3 0x8000a9fa (0x404d81b3) x 3 0x00000000
core   0: 0x8000a9fe (0x00006811) c.lui   a6, 0x4
core   0: 3 0x8000a9fe (0x6811) x16 0x00004000
core   0: 0x8000aa00 (0x089c2813) slti    a6, s8, 137
core   0: 3 0x8000aa00 (0x089c2813) x16 0x00000000
core   0: 0x8000aa04 (0x02720733) mul     a4, tp, t2
core   0: 3 0x8000aa04 (0x02720733) x14 0x00000000
core   0: 0x8000aa08 (0x0036e7b3) or      a5, a3, gp
core   0: 3 0x8000aa08 (0x0036e7b3) x15 0x00000000
core   0: 0x8000aa0c (0x00008ccd) c.or    s1, a1
core   0: 3 0x8000aa0c (0x8ccd) x 9 0x80026cec
core   0: 0x8000aa0e (0x00008e01) c.sub   a2, s0
core   0: 3 0x8000aa0e (0x8e01) x12 0x7ffe212d
core   0: 0x8000aa10 (0x00006ba1) c.lui   s7, 0x8
core   0: 3 0x8000aa10 (0x6ba1) x23 0x00008000
core   0: 0x8000aa12 (0x0022dc33) srl     s8, t0, sp
core   0: 3 0x8000aa12 (0x0022dc33) x24 0x0000ffff
core   0: 0x8000aa16 (0x00ca4fb3) xor     t6, s4, a2
core   0: 3 0x8000aa16 (0x00ca4fb3) x31 0x7ffe212d
core   0: 0x8000aa1a (0x03059c63) bne     a1, a6, pc + 56
core   0: 3 0x8000aa1a (0x03059c63)
core   0: 0x8000aa52 (0x41d7df93) srai    t6, a5, 29
core   0: 3 0x8000aa52 (0x41d7df93) x31 0x00000000
core   0: 0x8000aa56 (0x00051f33) sll     t5, a0, zero
core   0: 3 0x8000aa56 (0x00051f33) x30 0x80022dfc
core   0: 0x8000aa5a (0x00e55793) srli    a5, a0, 14
core   0: 3 0x8000aa5a (0x00e55793) x15 0x00020008
core   0: 0x8000aa5e (0x0000e389) c.bnez  a5, pc + 2
core   0: 3 0x8000aa5e (0xe389)
core   0: 0x8000aa60 (0x00004671) c.li    a2, 28
core   0: 3 0x8000aa60 (0x4671) x12 0x0000001c
core   0: 0x8000aa62 (0x03af2db3) mulhsu  s11, t5, s10
core   0: 3 0x8000aa62 (0x03af2db3) x27 0xf400344f
core   0: 0x8000aa66 (0x0000717d) c.addi16sp sp, -16
core   0: 3 0x8000aa66 (0x717d) x 2 0x00000000
core   0: 0x8000aa68 (0x01481d33) sll     s10, a6, s4
core   0: 3 0x8000aa68 (0x01481d33) x26 0x00000000
core   0: 0x8000aa6c (0x0000614d) c.addi16sp sp, 176
core   0: 3 0x8000aa6c (0x614d) x 2 0x000000b0
core   0: 0x8000aa6e (0x00008771) c.srai  a4, 28
core   0: 3 0x8000aa6e (0x8771) x14 0x00000000
core   0: 0x8000aa70 (0xc528fd93) andi    s11, a7, -942
core   0: 3 0x8000aa70 (0xc528fd93) x27 0x7fff5c00
core   0: 0x8000aa74 (0x0000891e) c.mv    s2, t2
core   0: 3 0x8000aa74 (0x891e) x18 0x00000008
core   0: 0x8000aa76 (0x410ed013) srai    zero, t4, 16
core   0: 3 0x8000aa76 (0x410ed013)
core   0: 0x8000aa7a (0x3f937a93) andi    s5, t1, 1017
core   0: 3 0x8000aa7a (0x3f937a93) x21 0x00000078
core   0: 0x8000aa7e (0x41ff5393) srai    t2, t5, 31
core   0: 3 0x8000aa7e (0x41ff5393) x 7 0xffffffff
core   0: 0x8000aa82 (0x00000001) c.nop
core   0: 3 0x8000aa82 (0x0001)
core   0: 0x8000aa84 (0x18512913) slti    s2, sp, 389
core   0: 3 0x8000aa84 (0x18512913) x18 0x00000001
core   0: 0x8000aa88 (0x03f81eb3) mulh    t4, a6, t6
core   0: 3 0x8000aa88 (0x03f81eb3) x29 0x00000000
core   0: 0x8000aa8c (0x40025833) sra     a6, tp, zero
core   0: 3 0x8000aa8c (0x40025833) x16 0x00000000
core   0: 0x8000aa90 (0x02dbc1b3) div     gp, s7, a3
core   0: 3 0x8000aa90 (0x02dbc1b3) x 3 0xffffffff
core   0: 0x8000aa94 (0x290dbc17) auipc   s8, 0x290db
core   0: 3 0x8000aa94 (0x290dbc17) x24 0xa90e5a94
core   0: 0x8000aa98 (0x00008bbe) c.mv    s7, a5
core   0: 3 0x8000aa98 (0x8bbe) x23 0x00020008
core   0: 0x8000aa9a (0x00234eb3) xor     t4, t1, sp
core   0: 3 0x8000aa9a (0x00234eb3) x29 0x000000c8
core   0: 0x8000aa9e (0x00008ead) c.xor   a3, a1
core   0: 3 0x8000aa9e (0x8ead) x13 0x80026ce4
core   0: 0x8000aaa0 (0x01726e63) bltu    tp, s7, pc + 28
core   0: 3 0x8000aaa0 (0x01726e63)
core   0: 0x8000aabc (0x00000001) c.nop
core   0: 3 0x8000aabc (0x0001)
core   0: 0x8000aabe (0x00001a04) c.addi4spn s1, sp, 304
core   0: 3 0x8000aabe (0x1a04) x 9 0x000001e0
core   0: 0x8000aac0 (0x00009b1e) c.add   s6, t2
core   0: 3 0x8000aac0 (0x9b1e) x22 0xffffffff
core   0: 0x8000aac2 (0x03c7d6b3) divu    a3, a5, t3
core   0: 3 0x8000aac2 (0x03c7d6b3) x13 0x00000000
core   0: 0x8000aac6 (0x0ff0000f) fence   iorw,iorw
core   0: 3 0x8000aac6 (0x0ff0000f)
core   0: 0x8000aaca (0x12dd0993) addi    s3, s10, 301
core   0: 3 0x8000aaca (0x12dd0993) x19 0x0000012d
core   0: 0x8000aace (0x000067e9) c.lui   a5, 0x1a
core   0: 3 0x8000aace (0x67e9) x15 0x0001a000
core   0: 0x8000aad0 (0x00008cc5) c.or    s1, s1
core   0: 3 0x8000aad0 (0x8cc5) x 9 0x000001e0
core   0: 0x8000aad2 (0x00008f8d) c.sub   a5, a1
core   0: 3 0x8000aad2 (0x8f8d) x15 0x7fff331c
core   0: 0x8000aad4 (0x00001884) c.addi4spn s1, sp, 112
core   0: 3 0x8000aad4 (0x1884) x 9 0x00000120
core   0: 0x8000aad6 (0x013d4c63) blt     s10, s3, pc + 24
core   0: 3 0x8000aad6 (0x013d4c63)
core   0: 0x8000aaee (0x012b6263) bltu    s6, s2, pc + 4
core   0: 3 0x8000aaee (0x012b6263)
core   0: 0x8000aaf2 (0x00008f79) c.and   a4, a4
core   0: 3 0x8000aaf2 (0x8f79) x14 0x00000000
core   0: 0x8000aaf4 (0x00008c3d) c.xor   s0, a5
core   0: 3 0x8000aaf4 (0x8c3d) x 8 0xfffeedce
core   0: 0x8000aaf6 (0xd8633893) sltiu   a7, t1, -634
core   0: 3 0x8000aaf6 (0xd8633893) x17 0x00000001
core   0: 0x8000aafa (0xabd96893) ori     a7, s2, -1347
core   0: 3 0x8000aafa (0xabd96893) x17 0xfffffabd
core   0: 0x8000aafe (0x78d8ce37) lui     t3, 0x78d8c
core   0: 3 0x8000aafe (0x78d8ce37) x28 0x78d8c000
core   0: 0x8000ab02 (0xa8622493) slti    s1, tp, -1402
core   0: 3 0x8000ab02 (0xa8622493) x 9 0x00000000
core   0: 0x8000ab06 (0x00009a7a) c.add   s4, t5
core   0: 3 0x8000ab06 (0x9a7a) x20 0x80022dfc
core   0: 0x8000ab08 (0x01083b33) sltu    s6, a6, a6
core   0: 3 0x8000ab08 (0x01083b33) x22 0x00000000
core   0: 0x8000ab0c (0x02741c63) bne     s0, t2, pc + 56
core   0: 3 0x8000ab0c (0x02741c63)
core   0: 0x8000ab44 (0x02851d33) mulh    s10, a0, s0
core   0: 3 0x8000ab44 (0x02851d33) x26 0x00008916
core   0: 0x8000ab48 (0x0000eb9d) c.bnez  a5, pc + 54
core   0: 3 0x8000ab48 (0xeb9d)
core   0: 0x8000ab7e (0x41030a13) addi    s4, t1, 1040
core   0: 3 0x8000ab7e (0x41030a13) x20 0x00000488
core   0: 0x8000ab82 (0x0ff0000f) fence   iorw,iorw
core   0: 3 0x8000ab82 (0x0ff0000f)
core   0: 0x8000ab86 (0x02e80363) beq     a6, a4, pc + 38
core   0: 3 0x8000ab86 (0x02e80363)
core   0: 0x8000abac (0x00e7dc33) srl     s8, a5, a4
core   0: 3 0x8000abac (0x00e7dc33) x24 0x7fff331c
core   0: 0x8000abb0 (0x000096a6) c.add   a3, s1
core   0: 3 0x8000abb0 (0x96a6) x13 0x00000000
core   0: 0x8000abb2 (0x0000c021) c.beqz  s0, pc + 64
core   0: 3 0x8000abb2 (0xc021)
core   0: 0x8000abb4 (0x3e606f93) ori     t6, zero, 998
core   0: 3 0x8000abb4 (0x3e606f93) x31 0x000003e6
core   0: 0x8000abb8 (0x0000e609) c.bnez  a2, pc + 10
core   0: 3 0x8000abb8 (0xe609)
core   0: 0x8000abc2 (0x03ac9b33) mulh    s6, s9, s10
core   0: 3 0x8000abc2 (0x03ac9b33) x22 0x00000000
core   0: 0x8000abc6 (0x007368b3) or      a7, t1, t2
core   0: 3 0x8000abc6 (0x007368b3) x17 0xffffffff
core   0: 0x8000abca (0x00008e35) c.xor   a2, a3
core   0: 3 0x8000abca (0x8e35) x12 0x0000001c
core   0: 0x8000abcc (0x03250bb3) mul     s7, a0, s2
core   0: 3 0x8000abcc (0x03250bb3) x23 0x80022dfc
core   0: 0x8000abd0 (0x0000100f) fence.i
core   0: 3 0x8000abd0 (0x0000100f)
core   0: 0x8000abd4 (0x03778733) mul     a4, a5, s7
core   0: 3 0x8000abd4 (0x03778733) x14 0x416a3b90
core   0: 0x8000abd8 (0x01be9bb3) sll     s7, t4, s11
core   0: 3 0x8000abd8 (0x01be9bb3) x23 0x000000c8
core   0: 0x8000abdc (0x3e5eccb7) lui     s9, 0x3e5ec
core   0: 3 0x8000abdc (0x3e5eccb7) x25 0x3e5ec000
core   0: 0x8000abe0 (0x7391b893) sltiu   a7, gp, 1849
core   0: 3 0x8000abe0 (0x7391b893) x17 0x00000000
core   0: 0x8000abe4 (0x0d261497) auipc   s1, 0xd261
core   0: 3 0x8000abe4 (0x0d261497) x 9 0x8d26bbe4
core   0: 0x8000abe8 (0xf7b366b7) lui     a3, 0xf7b36
core   0: 3 0x8000abe8 (0xf7b366b7) x13 0xf7b36000
core   0: 0x8000abec (0x000012fd) c.addi  t0, -1
core   0: 3 0x8000abec (0x12fd) x 5 0xffffff90
core   0: 0x8000abee (0x03a73933) mulhu   s2, a4, s10
core   0: 3 0x8000abee (0x03a73933) x18 0x00002307
core   0: 0x8000abf2 (0x001be333) or      t1, s7, ra
core   0: 3 0x8000abf2 (0x001be333) x 6 0x000000ce
core   0: 0x8000abf6 (0x00000719) c.addi  a4, 6
core   0: 3 0x8000abf6 (0x0719) x14 0x416a3b96
core   0: 0x8000abf8 (0x0000717d) c.addi16sp sp, -16
core   0: 3 0x8000abf8 (0x717d) x 2 0x000000a0
core   0: 0x8000abfa (0x409458b3) sra     a7, s0, s1
core   0: 3 0x8000abfa (0x409458b3) x17 0xffffeedc
core   0: 0x8000abfe (0x002ade33) srl     t3, s5, sp
core   0: 3 0x8000abfe (0x002ade33) x28 0x00000078
core   0: 0x8000ac02 (0x00008efd) c.and   a3, a5
core   0: 3 0x8000ac02 (0x8efd) x13 0x77b32000
core   0: 0x8000ac04 (0xf32e8793) addi    a5, t4, -206
core   0: 3 0x8000ac04 (0xf32e8793) x15 0xfffffffa
core   0: 0x8000ac08 (0x1a302d93) slti    s11, zero, 419
core   0: 3 0x8000ac08 (0x1a302d93) x27 0x00000001
core   0: 0x8000ac0c (0x00000ef9) c.addi  t4, 30
core   0: 3 0x8000ac0c (0x0ef9) x29 0x000000e6
core   0: 0x8000ac0e (0x00000c0d) c.addi  s8, 3
core   0: 3 0x8000ac0e (0x0c0d) x24 0x7fff331f
core   0: 0x8000ac10 (0x85376f13) ori     t5, a4, -1965
core   0: 3 0x8000ac10 (0x85376f13) x30 0xfffffbd7
core   0: 0x8000ac14 (0x5cc57f93) andi    t6, a0, 1484
core   0: 3 0x8000ac14 (0x5cc57f93) x31 0x000005cc
core   0: 0x8000ac18 (0x010bb6b3) sltu    a3, s7, a6
core   0: 3 0x8000ac18 (0x010bb6b3) x13 0x00000000
core   0: 0x8000ac1c (0x40e98b33) sub     s6, s3, a4
core   0: 3 0x8000ac1c (0x40e98b33) x22 0xbe95c597
core   0: 0x8000ac20 (0x0000100f) fence.i
core   0: 3 0x8000ac20 (0x0000100f)
core   0: 0x8000ac24 (0x00008cba) c.mv    s9, a4
core   0: 3 0x8000ac24 (0x8cba) x25 0x416a3b96
core   0: 0x8000ac26 (0x00c3e8b3) or      a7, t2, a2
core   0: 3 0x8000ac26 (0x00c3e8b3) x17 0xffffffff
core   0: 0x8000ac2a (0x0ff0000f) fence   iorw,iorw
core   0: 3 0x8000ac2a (0x0ff0000f)
core   0: 0x8000ac2e (0x05072813) slti    a6, a4, 80
core   0: 3 0x8000ac2e (0x05072813) x16 0x00000000
core   0: 0x8000ac32 (0xe6eb02b7) lui     t0, 0xe6eb0
core   0: 3 0x8000ac32 (0xe6eb02b7) x 5 0xe6eb0000
core   0: 0x8000ac36 (0x3ded2a13) slti    s4, s10, 990
core   0: 3 0x8000ac36 (0x3ded2a13) x20 0x00000000
core   0: 0x8000ac3a (0x0004cb33) xor     s6, s1, zero
core   0: 3 0x8000ac3a (0x0004cb33) x22 0x8d26bbe4
core   0: 0x8000ac3e (0x00008606) c.mv    a2, ra
core   0: 3 0x8000ac3e (0x8606) x12 0x0000008e
core   0: 0x8000ac40 (0x0000100f) fence.i
core   0: 3 0x8000ac40 (0x0000100f)
core   0: 0x8000ac44 (0x030d91b3) mulh    gp, s11, a6
core   0: 3 0x8000ac44 (0x030d91b3) x 3 0x00000000
core   0: 0x8000ac48 (0x41e18ab3) sub     s5, gp, t5
core   0: 3 0x8000ac48 (0x41e18ab3) x21 0x00000429
core   0: 0x8000ac4c (0x00000098) c.addi4spn a4, sp, 64
core   0: 3 0x8000ac4c (0x0098) x14 0x000000e0
core   0: 0x8000ac4e (0x00008c19) c.sub   s0, a4
core   0: 3 0x8000ac4e (0x8c19) x 8 0xfffeecee
core   0: 0x8000ac50 (0x03bca1b3) mulhsu  gp, s9, s11
core   0: 3 0x8000ac50 (0x03bca1b3) x 3 0x00000000
core   0: 0x8000ac54 (0x02c87cb3) remu    s9, a6, a2
core   0: 3 0x8000ac54 (0x02c87cb3) x25 0x00000000
core   0: 0x8000ac58 (0x3797f293) andi    t0, a5, 889
core   0: 3 0x8000ac58 (0x3797f293) x 5 0x00000378
core   0: 0x8000ac5c (0xbf6ef617) auipc   a2, 0xbf6ef
core   0: 3 0x8000ac5c (0xbf6ef617) x12 0x3f6f9c5c
core   0: 0x8000ac60 (0x00e6c0b3) xor     ra, a3, a4
core   0: 3 0x8000ac60 (0x00e6c0b3) x 1 0x000000e0
core   0: 0x8000ac64 (0xaa59e313) ori     t1, s3, -1371
core   0: 3 0x8000ac64 (0xaa59e313) x 6 0xfffffbad
core   0: 0x8000ac68 (0x00fd9d13) slli    s10, s11, 15
core   0: 3 0x8000ac68 (0x00fd9d13) x26 0x00008000
core   0: 0x8000ac6c (0x00000304) c.addi4spn s1, sp, 384
core   0: 3 0x8000ac6c (0x0304) x 9 0x00000220
core   0: 0x8000ac6e (0x40675113) srai    sp, a4, 6
core   0: 3 0x8000ac6e (0x40675113) x 2 0x00000003
core   0: 0x8000ac72 (0xced57093) andi    ra, a0, -787
core   0: 3 0x8000ac72 (0xced57093) x 1 0x80022cec
core   0: 0x8000ac76 (0x0000717d) c.addi16sp sp, -16
core   0: 3 0x8000ac76 (0x717d) x 2 0xfffffff3
core   0: 0x8000ac78 (0x03eda4b3) mulhsu  s1, s11, t5
core   0: 3 0x8000ac78 (0x03eda4b3) x 9 0x00000000
core   0: 0x8000ac7c (0x031a7763) bgeu    s4, a7, pc + 46
core   0: 3 0x8000ac7c (0x031a7763)
core   0: 0x8000ac80 (0x00008f19) c.sub   a4, a4
core   0: 3 0x8000ac80 (0x8f19) x14 0x00000000
core   0: 0x8000ac82 (0x0201f0b3) remu    ra, gp, zero
core   0: 3 0x8000ac82 (0x0201f0b3) x 1 0x00000000
core   0: 0x8000ac86 (0x01c8d033) srl     zero, a7, t3
core   0: 3 0x8000ac86 (0x01c8d033)
core   0: 0x8000ac8a (0x037a1db3) mulh    s11, s4, s7
core   0: 3 0x8000ac8a (0x037a1db3) x27 0x00000000
core   0: 0x8000ac8e (0x0125d633) srl     a2, a1, s2
core   0: 3 0x8000ac8e (0x0125d633) x12 0x010004d9
core   0: 0x8000ac92 (0x012e9d93) slli    s11, t4, 18
core   0: 3 0x8000ac92 (0x012e9d93) x27 0x03980000
core   0: 0x8000ac96 (0x00e9e313) ori     t1, s3, 14
core   0: 3 0x8000ac96 (0x00e9e313) x 6 0x0000012f
core   0: 0x8000ac9a (0x05600713) li      a4, 86
core   0: 3 0x8000ac9a (0x05600713) x14 0x00000056
core   0: 0x8000ac9e (0xca37ca13) xori    s4, a5, -861
core   0: 3 0x8000ac9e (0xca37ca13) x20 0x00000359
core   0: 0x8000aca2 (0x01461db3) sll     s11, a2, s4
core   0: 3 0x8000aca2 (0x01461db3) x27 0xb2000000
core   0: 0x8000aca6 (0x01f25263) bge     tp, t6, pc + 4
core   0: 3 0x8000aca6 (0x01f25263)
core   0: 0x8000acaa (0x01924433) xor     s0, tp, s9
core   0: 3 0x8000acaa (0x01924433) x 8 0x00000000
core   0: 0x8000acae (0x00000001) c.nop
core   0: 3 0x8000acae (0x0001)
core   0: 0x8000acb0 (0x00c37bb3) and     s7, t1, a2
core   0: 3 0x8000acb0 (0x00c37bb3) x23 0x00000009
core   0: 0x8000acb4 (0x00000d0e) c.slli  s10, 3
core   0: 3 0x8000acb4 (0x0d0e) x26 0x00040000
core   0: 0x8000acb6 (0x00452283) lw      t0, 4(a0)
core   0: 3 0x8000acb6 (0x00452283) x 5 0x8000b000 mem 0x80022e00
core   0: 0x8000acba (0x00009a1e) c.add   s4, t2
core   0: 3 0x8000acba (0x9a1e) x20 0x00000358
core   0: 0x8000acbc (0x03050513) addi    a0, a0, 48
core   0: 3 0x8000acbc (0x03050513) x10 0x80022e2c
core   0: 0x8000acc0 (0x00008f65) c.and   a4, s1
core   0: 3 0x8000acc0 (0x8f65) x14 0x00000000
core   0: 0x8000acc2 (0x03a31033) mulh    zero, t1, s10
core   0: 3 0x8000acc2 (0x03a31033)
core   0: 0x8000acc6 (0x0000913e) c.add   sp, a5
core   0: 3 0x8000acc6 (0x913e) x 2 0xffffffed
core   0: 0x8000acc8 (0xf789f3b7) lui     t2, 0xf789f
core   0: 3 0x8000acc8 (0xf789f3b7) x 7 0xf789f000
core   0: 0x8000accc (0x02c4c033) div     zero, s1, a2
core   0: 3 0x8000accc (0x02c4c033)
core   0: 0x8000acd0 (0x00008ec9) c.or    a3, a0
core   0: 3 0x8000acd0 (0x8ec9) x13 0x80022e2c
core   0: 0x8000acd2 (0x00128d13) addi    s10, t0, 1
core   0: 3 0x8000acd2 (0x00128d13) x26 0x8000b001
core   0: 0x8000acd6 (0x00008d02) c.jr    s10
core   0: 3 0x8000acd6 (0x8d02)
core   0: 0x8000b000 (0x00822e33) slt     t3, tp, s0
core   0: 3 0x8000b000 (0x00822e33) x28 0x00000000
core   0: 0x8000b004 (0x19098293) addi    t0, s3, 400
core   0: 3 0x8000b004 (0x19098293) x 5 0x000002bd
core   0: 0x8000b008 (0x0ff0000f) fence   iorw,iorw
core   0: 3 0x8000b008 (0x0ff0000f)
core   0: 0x8000b00c (0xf60d6993) ori     s3, s10, -160
core   0: 3 0x8000b00c (0xf60d6993) x19 0xffffff61
core   0: 0x8000b010 (0x0000ec95) c.bnez  s1, pc + 60
core   0: 3 0x8000b010 (0xec95)
core   0: 0x8000b012 (0x0000cc85) c.beqz  s1, pc + 56
core   0: 3 0x8000b012 (0xcc85)
core   0: 0x8000b04a (0x0000567d) c.li    a2, -1
core   0: 3 0x8000b04a (0x567d) x12 0xffffffff
core   0: 0x8000b04c (0x40d0bd13) sltiu   s10, ra, 1037
core   0: 3 0x8000b04c (0x40d0bd13) x26 0x00000001
core   0: 0x8000b050 (0x9350e713) ori     a4, ra, -1739
core   0: 3 0x8000b050 (0x9350e713) x14 0xfffff935
core   0: 0x8000b054 (0x0000e329) c.bnez  a4, pc + 66
core   0: 3 0x8000b054 (0xe329)
core   0: 0x8000b096 (0x00008fa1) c.xor   a5, s0
core   0: 3 0x8000b096 (0x8fa1) x15 0xfffffffa
core   0: 0x8000b098 (0x0133a6b3) slt     a3, t2, s3
core   0: 3 0x8000b098 (0x0133a6b3) x13 0x00000001
core   0: 0x8000b09c (0x00b11a63) bne     sp, a1, pc + 20
core   0: 3 0x8000b09c (0x00b11a63)
core   0: 0x8000b0b0 (0x000003b9) c.addi  t2, 14
core   0: 3 0x8000b0b0 (0x03b9) x 7 0xf789f00e
core   0: 0x8000b0b2 (0x00009e92) c.add   t4, tp
core   0: 3 0x8000b0b2 (0x9e92) x29 0x000000e6
core   0: 0x8000b0b4 (0x02860e63) beq     a2, s0, pc + 60
core   0: 3 0x8000b0b4 (0x02860e63)
core   0: 0x8000b0b8 (0x000083dd) c.srli  a5, 23
core   0: 3 0x8000b0b8 (0x83dd) x15 0x000001ff
core   0: 0x8000b0ba (0x003fe463) bltu    t6, gp, pc + 8
core   0: 3 0x8000b0ba (0x003fe463)
core   0: 0x8000b0be (0x741ebd13) sltiu   s10, t4, 1857
core   0: 3 0x8000b0be (0x741ebd13) x26 0x00000001
core   0: 0x8000b0c2 (0x41fdd8b3) sra     a7, s11, t6
core   0: 3 0x8000b0c2 (0x41fdd8b3) x17 0xfffb2000
core   0: 0x8000b0c6 (0x4d9dc793) xori    a5, s11, 1241
core   0: 3 0x8000b0c6 (0x4d9dc793) x15 0xb20004d9
core   0: 0x8000b0ca (0x000087b5) c.srai  a5, 13
core   0: 3 0x8000b0ca (0x87b5) x15 0xfffd9000
core   0: 0x8000b0cc (0x000088ad) c.andi  s1, 11
core   0: 3 0x8000b0cc (0x88ad) x 9 0x00000000
core   0: 0x8000b0ce (0x00004db1) c.li    s11, 12
core   0: 3 0x8000b0ce (0x4db1) x27 0x0000000c
core   0: 0x8000b0d0 (0x00009fd2) c.add   t6, s4
core   0: 3 0x8000b0d0 (0x9fd2) x31 0x00000924
core   0: 0x8000b0d2 (0xd9dc0693) addi    a3, s8, -611
core   0: 3 0x8000b0d2 (0xd9dc0693) x13 0x7fff30bc
core   0: 0x8000b0d6 (0x019e30b3) sltu    ra, t3, s9
core   0: 3 0x8000b0d6 (0x019e30b3) x 1 0x00000000
core   0: 0x8000b0da (0x00008fb1) c.xor   a5, a2
core   0: 3 0x8000b0da (0x8fb1) x15 0x00026fff
core   0: 0x8000b0dc (0x0000187d) c.addi  a6, -1
core   0: 3 0x8000b0dc (0x187d) x16 0xffffffff
core   0: 0x8000b0de (0x481c2493) slti    s1, s8, 1153
core   0: 3 0x8000b0de (0x481c2493) x 9 0x00000000
core   0: 0x8000b0e2 (0x419ed293) srai    t0, t4, 25
core   0: 3 0x8000b0e2 (0x419ed293) x 5 0x00000000
core   0: 0x8000b0e6 (0x2898eab7) lui     s5, 0x2898e
core   0: 3 0x8000b0e6 (0x2898eab7) x21 0x2898e000
core   0: 0x8000b0ea (0x0000c3a1) c.beqz  a5, pc + 64
core   0: 3 0x8000b0ea (0xc3a1)
core   0: 0x8000b0ec (0x1e030f93) addi    t6, t1, 480
core   0: 3 0x8000b0ec (0x1e030f93) x31 0x0000030f
core   0: 0x8000b0f0 (0x00008c55) c.or    s0, a3
core   0: 3 0x8000b0f0 (0x8c55) x 8 0x7fff30bc
core   0: 0x8000b0f2 (0x32a4c093) xori    ra, s1, 810
core   0: 3 0x8000b0f2 (0x32a4c093) x 1 0x0000032a
core   0: 0x8000b0f6 (0x00000001) c.nop
core   0: 3 0x8000b0f6 (0x0001)
core   0: 0x8000b0f8 (0x01759293) slli    t0, a1, 23
core   0: 3 0x8000b0f8 (0x01759293) x 5 0x72000000
core   0: 0x8000b0fc (0x00000001) c.nop
core   0: 3 0x8000b0fc (0x0001)
core   0: 0x8000b0fe (0x0043a433) slt     s0, t2, tp
core   0: 3 0x8000b0fe (0x0043a433) x 8 0x00000001
core   0: 0x8000b102 (0x022e40b3) div     ra, t3, sp
core   0: 3 0x8000b102 (0x022e40b3) x 1 0x00000000
core   0: 0x8000b106 (0x0000717d) c.addi16sp sp, -16
core   0: 3 0x8000b106 (0x717d) x 2 0xffffffdd
core   0: 0x8000b108 (0x0218cd63) blt     a7, ra, pc + 58
core   0: 3 0x8000b108 (0x0218cd63)
core   0: 0x8000b142 (0xb2600c93) li      s9, -1242
core   0: 3 0x8000b142 (0xb2600c93) x25 0xfffffb26
core   0: 0x8000b146 (0x00385c63) bge     a6, gp, pc + 24
core   0: 3 0x8000b146 (0x00385c63)
core   0: 0x8000b14a (0x00000c95) c.addi  s9, 5
core   0: 3 0x8000b14a (0x0c95) x25 0xfffffb2b
core   0: 0x8000b14c (0x000002b9) c.addi  t0, 14
core   0: 3 0x8000b14c (0x02b9) x 5 0x7200000e
core   0: 0x8000b14e (0x41205d93) srai    s11, zero, 18
core   0: 3 0x8000b14e (0x41205d93) x27 0x00000000
core   0: 0x8000b152 (0x33ce8913) addi    s2, t4, 828
core   0: 3 0x8000b152 (0x33ce8913) x18 0x00000422
core   0: 0x8000b156 (0x530bb293) sltiu   t0, s7, 1328
core   0: 3 0x8000b156 (0x530bb293) x 5 0x00000001
core   0: 0x8000b15a (0x0000974a) c.add   a4, s2
core   0: 3 0x8000b15a (0x974a) x14 0xfffffd57
core   0: 0x8000b15c (0x00008ce5) c.and   s1, s1
core   0: 3 0x8000b15c (0x8ce5) x 9 0x00000000
core   0: 0x8000b15e (0x02603433) mulhu   s0, zero, t1
core   0: 3 0x8000b15e (0x02603433) x 8 0x00000000
core   0: 0x8000b162 (0x00b25f13) srli    t5, tp, 11
core   0: 3 0x8000b162 (0x00b25f13) x30 0x00000000
core   0: 0x8000b166 (0x0000880a) c.mv    a6, sp
core   0: 3 0x8000b166 (0x880a) x16 0xffffffdd
core   0: 0x8000b168 (0x007fa633) slt     a2, t6, t2
core   0: 3 0x8000b168 (0x007fa633) x12 0x00000000
core   0: 0x8000b16c (0x40185293) srai    t0, a6, 1
core   0: 3 0x8000b16c (0x40185293) x 5 0xffffffee
core   0: 0x8000b170 (0x017508b3) add     a7, a0, s7
core   0: 3 0x8000b170 (0x017508b3) x17 0x80022e35
core   0: 0x8000b174 (0x00000001) c.nop
core   0: 3 0x8000b174 (0x0001)
core   0: 0x8000b176 (0x00008bfe) c.mv    s7, t6
core   0: 3 0x8000b176 (0x8bfe) x23 0x0000030f
core   0: 0x8000b178 (0x00009a8a) c.add   s5, sp
core   0: 3 0x8000b178 (0x9a8a) x21 0x2898dfdd
core   0: 0x8000b17a (0x00006d35) c.lui   s10, 0xd
core   0: 3 0x8000b17a (0x6d35) x26 0x0000d000
core   0: 0x8000b17c (0xf8c22793) slti    a5, tp, -116
core   0: 3 0x8000b17c (0xf8c22793) x15 0x00000000
core   0: 0x8000b180 (0x0394a133) mulhsu  sp, s1, s9
core   0: 3 0x8000b180 (0x0394a133) x 2 0x00000000
core   0: 0x8000b184 (0x011034b3) snez    s1, a7
core   0: 3 0x8000b184 (0x011034b3) x 9 0x00000001
core   0: 0x8000b188 (0xfce97d13) andi    s10, s2, -50
core   0: 3 0x8000b188 (0xfce97d13) x26 0x00000402
core   0: 0x8000b18c (0x018a0eb3) add     t4, s4, s8
core   0: 3 0x8000b18c (0x018a0eb3) x29 0x7fff3677
core   0: 0x8000b190 (0x4125ff17) auipc   t5, 0x4125f
core   0: 3 0x8000b190 (0x4125ff17) x30 0xc126a190
core   0: 0x8000b194 (0x02346763) bltu    s0, gp, pc + 46
core   0: 3 0x8000b194 (0x02346763)
core   0: 0x8000b198 (0x013d0f63) beq     s10, s3, pc + 30
core   0: 3 0x8000b198 (0x013d0f63)
core   0: 0x8000b19c (0x01104cb3) xor     s9, zero, a7
core   0: 3 0x8000b19c (0x01104cb3) x25 0x80022e35
core   0: 0x8000b1a0 (0x00008c91) c.sub   s1, a2
core   0: 3 0x8000b1a0 (0x8c91) x 9 0x00000001
core   0: 0x8000b1a2 (0x02817ab3) remu    s5, sp, s0
core   0: 3 0x8000b1a2 (0x02817ab3) x21 0x00000000
core   0: 0x8000b1a6 (0x00790fb3) add     t6, s2, t2
core   0: 3 0x8000b1a6 (0x00790fb3) x31 0xf789f430
core   0: 0x8000b1aa (0x00008ef1) c.and   a3, a2
core   0: 3 0x8000b1aa (0x8ef1) x13 0x00000000
core   0: 0x8000b1ac (0x00008876) c.mv    a6, t4
core   0: 3 0x8000b1ac (0x8876) x16 0x7fff3677
core   0: 0x8000b1ae (0x000097d6) c.add   a5, s5
core   0: 3 0x8000b1ae (0x97d6) x15 0x00000000
core   0: 0x8000b1b0 (0x0185ebb3) or      s7, a1, s8
core   0: 3 0x8000b1b0 (0x0185ebb3) x23 0xffff7fff
core   0: 0x8000b1b4 (0x00000b6e) c.slli  s6, 27
core   0: 3 0x8000b1b4 (0x0b6e) x22 0x20000000
core   0: 0x8000b1b6 (0x0ff0000f) fence   iorw,iorw
core   0: 3 0x8000b1b6 (0x0ff0000f)
core   0: 0x8000b1ba (0x037fc7b3) div     a5, t6, s7
core   0: 3 0x8000b1ba (0x037fc7b3) x15 0x000010eb
core   0: 0x8000b1be (0x0343e963) bltu    t2, s4, pc + 50
core   0: 3 0x8000b1be (0x0343e963)
core   0: 0x8000b1c2 (0x40bd8bb3) sub     s7, s11, a1
core   0: 3 0x8000b1c2 (0x40bd8bb3) x23 0x7ffd931c
core   0: 0x8000b1c6 (0x0145d393) srli    t2, a1, 20
core   0: 3 0x8000b1c6 (0x0145d393) x 7 0x00000800
core   0: 0x8000b1ca (0x00009f6a) c.add   t5, s10
core   0: 3 0x8000b1ca (0x9f6a) x30 0xc126a592
core   0: 0x8000b1cc (0x00000822) c.slli  a6, 8
core   0: 3 0x8000b1cc (0x0822) x16 0xff367700
core   0: 0x8000b1ce (0x00f3de33) srl     t3, t2, a5
core   0: 3 0x8000b1ce (0x00f3de33) x28 0x00000001
core   0: 0x8000b1d2 (0x040bc463) bltz    s7, pc + 72
core   0: 3 0x8000b1d2 (0x040bc463)
core   0: 0x8000b1d6 (0x0000717d) c.addi16sp sp, -16
core   0: 3 0x8000b1d6 (0x717d) x 2 0xfffffff0
core   0: 0x8000b1d8 (0x01b2b033) sltu    zero, t0, s11
core   0: 3 0x8000b1d8 (0x01b2b033)
core   0: 0x8000b1dc (0x4060d9b3) sra     s3, ra, t1
core   0: 3 0x8000b1dc (0x4060d9b3) x19 0x00000000
core   0: 0x8000b1e0 (0x4055d033) sra     zero, a1, t0
core   0: 3 0x8000b1e0 (0x4055d033)
core   0: 0x8000b1e4 (0x03a374b3) remu    s1, t1, s10
core   0: 3 0x8000b1e4 (0x03a374b3) x 9 0x0000012f
core   0: 0x8000b1e8 (0x03f2f933) remu    s2, t0, t6
core   0: 3 0x8000b1e8 (0x03f2f933) x18 0x08760bbe
core   0: 0x8000b1ec (0x005a2d33) slt     s10, s4, t0
core   0: 3 0x8000b1ec (0x005a2d33) x26 0x00000000
core   0: 0x8000b1f0 (0x0066d7b3) srl     a5, a3, t1
core   0: 3 0x8000b1f0 (0x0066d7b3) x15 0x00000000
core   0: 0x8000b1f4 (0x40dbd813) srai    a6, s7, 13
core   0: 3 0x8000b1f4 (0x40dbd813) x16 0x0003ffec
core   0: 0x8000b1f8 (0x00272133) slt     sp, a4, sp
core   0: 3 0x8000b1f8 (0x00272133) x 2 0x00000001
core   0: 0x8000b1fc (0x00008c85) c.sub   s1, s1
core   0: 3 0x8000b1fc (0x8c85) x 9 0x00000000
core   0: 0x8000b1fe (0x02212ab3) mulhsu  s5, sp, sp
core   0: 3 0x8000b1fe (0x02212ab3) x21 0x00000000
core   0: 0x8000b202 (0x015e6633) or      a2, t3, s5
core   0: 3 0x8000b202 (0x015e6633) x12 0x00000001
core   0: 0x8000b206 (0x0000615d) c.addi16sp sp, 432
core   0: 3 0x8000b206 (0x615d) x 2 0x000001b1
core   0: 0x8000b208 (0x000a9f63) bnez    s5, pc + 30
core   0: 3 0x8000b208 (0x000a9f63)
core   0: 0x8000b20c (0x0083fc13) andi    s8, t2, 8
core   0: 3 0x8000b20c (0x0083fc13) x24 0x00000000
core   0: 0x8000b210 (0x01572a93) slti    s5, a4, 21
core   0: 3 0x8000b210 (0x01572a93) x21 0x00000001
core   0: 0x8000b214 (0x01e692b3) sll     t0, a3, t5
core   0: 3 0x8000b214 (0x01e692b3) x 5 0x00000000
core   0: 0x8000b218 (0x00008f5d) c.or    a4, a5
core   0: 3 0x8000b218 (0x8f5d) x14 0xfffffd57
core   0: 0x8000b21a (0x00008845) c.andi  s0, 17
core   0: 3 0x8000b21a (0x8845) x 8 0x00000000
core   0: 0x8000b21c (0x000067ad) c.lui   a5, 0xb
core   0: 3 0x8000b21c (0x67ad) x15 0x0000b000
core   0: 0x8000b21e (0x649ad0b7) lui     ra, 0x649ad
core   0: 3 0x8000b21e (0x649ad0b7) x 1 0x649ad000
core   0: 0x8000b222 (0x0252afb3) mulhsu  t6, t0, t0
core   0: 3 0x8000b222 (0x0252afb3) x31 0x00000000
core   0: 0x8000b226 (0x03c54e33) div     t3, a0, t3
core   0: 3 0x8000b226 (0x03c54e33) x28 0x80022e2c
core   0: 0x8000b22a (0x00000001) c.nop
core   0: 3 0x8000b22a (0x0001)
core   0: 0x8000b22c (0x00008fad) c.xor   a5, a1
core   0: 3 0x8000b22c (0x8fad) x15 0x8002dce4
core   0: 0x8000b22e (0x0334e333) rem     t1, s1, s3
core   0: 3 0x8000b22e (0x0334e333) x 6 0x00000000
core   0: 0x8000b232 (0x00008f4d) c.or    a4, a1
core   0: 3 0x8000b232 (0x8f4d) x14 0xfffffdf7
core   0: 0x8000b234 (0x01fe1463) bne     t3, t6, pc + 8
core   0: 3 0x8000b234 (0x01fe1463)
core   0: 0x8000b23c (0x4c004c93) xori    s9, zero, 1216
core   0: 3 0x8000b23c (0x4c004c93) x25 0x000004c0
core   0: 0x8000b240 (0x950f6693) ori     a3, t5, -1712
core   0: 3 0x8000b240 (0x950f6693) x13 0xfffffdd2
core   0: 0x8000b244 (0x0217d263) bge     a5, ra, pc + 36
core   0: 3 0x8000b244 (0x0217d263)
core   0: 0x8000b248 (0x00979a33) sll     s4, a5, s1
core   0: 3 0x8000b248 (0x00979a33) x20 0x8002dce4
core   0: 0x8000b24c (0x00000001) c.nop
core   0: 3 0x8000b24c (0x0001)
core   0: 0x8000b24e (0x4ea74613) xori    a2, a4, 1258
core   0: 3 0x8000b24e (0x4ea74613) x12 0xfffff91d
core   0: 0x8000b252 (0x00ea97b3) sll     a5, s5, a4
core   0: 3 0x8000b252 (0x00ea97b3) x15 0x00800000
core   0: 0x8000b256 (0xb4292313) slti    t1, s2, -1214
core   0: 3 0x8000b256 (0xb4292313) x 6 0x00000000
core   0: 0x8000b25a (0x01949e63) bne     s1, s9, pc + 28
core   0: 3 0x8000b25a (0x01949e63)
core   0: 0x8000b276 (0x8b113793) sltiu   a5, sp, -1871
core   0: 3 0x8000b276 (0x8b113793) x15 0x00000001
core   0: 0x8000b27a (0x01550a63) beq     a0, s5, pc + 20
core   0: 3 0x8000b27a (0x01550a63)
core   0: 0x8000b27e (0x409e5133) sra     sp, t3, s1
core   0: 3 0x8000b27e (0x409e5133) x 2 0x80022e2c
core   0: 0x8000b282 (0x00008cad) c.xor   s1, a1
core   0: 3 0x8000b282 (0x8cad) x 9 0x80026ce4
core   0: 0x8000b284 (0x52720417) auipc   s0, 0x52720
core   0: 3 0x8000b284 (0x52720417) x 8 0xd272b284
core   0: 0x8000b288 (0x0000717d) c.addi16sp sp, -16
core   0: 3 0x8000b288 (0x717d) x 2 0x80022e1c
core   0: 0x8000b28a (0x81caba13) sltiu   s4, s5, -2020
core   0: 3 0x8000b28a (0x81caba13) x20 0x00000001
core   0: 0x8000b28e (0x9f2e2f93) slti    t6, t3, -1550
core   0: 3 0x8000b28e (0x9f2e2f93) x31 0x00000001
core   0: 0x8000b292 (0x02a4ed33) rem     s10, s1, a0
core   0: 3 0x8000b292 (0x02a4ed33) x26 0x80026ce4
core   0: 0x8000b296 (0x00d66933) or      s2, a2, a3
core   0: 3 0x8000b296 (0x00d66933) x18 0xfffffddf
core   0: 0x8000b29a (0x021c82b3) mul     t0, s9, ra
core   0: 3 0x8000b29a (0x021c82b3) x 5 0xdf5c0000
core   0: 0x8000b29e (0x83952c93) slti    s9, a0, -1991
core   0: 3 0x8000b29e (0x83952c93) x25 0x00000001
core   0: 0x8000b2a2 (0x00b95693) srli    a3, s2, 11
core   0: 3 0x8000b2a2 (0x00b95693) x13 0x001fffff
core   0: 0x8000b2a6 (0x0284cc33) div     s8, s1, s0
core   0: 3 0x8000b2a6 (0x0284cc33) x24 0x00000002
core   0: 0x8000b2aa (0x02170763) beq     a4, ra, pc + 46
core   0: 3 0x8000b2aa (0x02170763)
core   0: 0x8000b2ae (0x00008e01) c.sub   a2, s0
core   0: 3 0x8000b2ae (0x8e01) x12 0x2d8d4699
core   0: 0x8000b2b0 (0x0000870d) c.srai  a4, 3
core   0: 3 0x8000b2b0 (0x870d) x14 0xffffffbe
core   0: 0x8000b2b2 (0x00000384) c.addi4spn s1, sp, 448
core   0: 3 0x8000b2b2 (0x0384) x 9 0x80022fdc
core   0: 0x8000b2b4 (0x015936b3) sltu    a3, s2, s5
core   0: 3 0x8000b2b4 (0x015936b3) x13 0x00000000
core   0: 0x8000b2b8 (0x00001a94) c.addi4spn a3, sp, 368
core   0: 3 0x8000b2b8 (0x1a94) x13 0x80022f8c
core   0: 0x8000b2ba (0x00006fdd) c.lui   t6, 0x17
core   0: 3 0x8000b2ba (0x6fdd) x31 0x00017000
core   0: 0x8000b2bc (0x00006121) c.addi16sp sp, 64
core   0: 3 0x8000b2bc (0x6121) x 2 0x80022e5c
core   0: 0x8000b2be (0x02045733) divu    a4, s0, zero
core   0: 3 0x8000b2be (0x02045733) x14 0xffffffff
core   0: 0x8000b2c2 (0x0000717d) c.addi16sp sp, -16
core   0: 3 0x8000b2c2 (0x717d) x 2 0x80022e4c
core   0: 0x8000b2c4 (0x16580413) addi    s0, a6, 357
core   0: 3 0x8000b2c4 (0x16580413) x 8 0x00040151
core   0: 0x8000b2c8 (0x413408b3) sub     a7, s0, s3
core   0: 3 0x8000b2c8 (0x413408b3) x17 0x00040151
core   0: 0x8000b2cc (0x0000100f) fence.i
core   0: 3 0x8000b2cc (0x0000100f)
core   0: 0x8000b2d0 (0x02d731b3) mulhu   gp, a4, a3
core   0: 3 0x8000b2d0 (0x02d731b3) x 3 0x80022f8b
core   0: 0x8000b2d4 (0x003b4d33) xor     s10, s6, gp
core   0: 3 0x8000b2d4 (0x003b4d33) x26 0xa0022f8b
core   0: 0x8000b2d8 (0x13487393) andi    t2, a6, 308
core   0: 3 0x8000b2d8 (0x13487393) x 7 0x00000124
core   0: 0x8000b2dc (0x00452283) lw      t0, 4(a0)
core   0: 3 0x8000b2dc (0x00452283) x 5 0x8000a4e4 mem 0x80022e30
core   0: 0x8000b2e0 (0x0000937a) c.add   t1, t5
core   0: 3 0x8000b2e0 (0x937a) x 6 0xc126a592
core   0: 0x8000b2e2 (0x00009ebe) c.add   t4, a5
core   0: 3 0x8000b2e2 (0x9ebe) x29 0x7fff3678
core   0: 0x8000b2e4 (0x41d3dd33) sra     s10, t2, t4
core   0: 3 0x8000b2e4 (0x41d3dd33) x26 0x00000000
core   0: 0x8000b2e8 (0x00000571) c.addi  a0, 28
core   0: 3 0x8000b2e8 (0x0571) x10 0x80022e48
core   0: 0x8000b2ea (0x02f1b833) mulhu   a6, gp, a5
core   0: 3 0x8000b2ea (0x02f1b833) x16 0x00000000
core   0: 0x8000b2ee (0x00028613) mv      a2, t0
core   0: 3 0x8000b2ee (0x00028613) x12 0x8000a4e4
core   0: 0x8000b2f2 (0x00009602) c.jalr  a2
core   0: 3 0x8000b2f2 (0x9602) x 1 0x8000b2f4
core   0: 0x8000a4e4 (0x02667a33) remu    s4, a2, t1
core   0: 3 0x8000a4e4 (0x02667a33) x20 0x8000a4e4
core   0: 0x8000a4e8 (0x000092b6) c.add   t0, a3
core   0: 3 0x8000a4e8 (0x92b6) x 5 0x0002d470
core   0: 0x8000a4ea (0x00178663) beq     a5, ra, pc + 12
core   0: 3 0x8000a4ea (0x00178663)
core   0: 0x8000a4ee (0x000083d1) c.srli  a5, 20
core   0: 3 0x8000a4ee (0x83d1) x15 0x00000000
core   0: 0x8000a4f0 (0x00004129) c.li    sp, 10
core   0: 3 0x8000a4f0 (0x4129) x 2 0x0000000a
core   0: 0x8000a4f2 (0x03e75933) divu    s2, a4, t5
core   0: 3 0x8000a4f2 (0x03e75933) x18 0x00000001
core   0: 0x8000a4f6 (0x7e2002ef) jal     t0, pc + 0x7e2
core   0: 3 0x8000a4f6 (0x7e2002ef) x 5 0x8000a4fa
core   0: 0x8000acd8 (0x00008351) c.srli  a4, 20
core   0: 3 0x8000acd8 (0x8351) x14 0x00000fff
core   0: 0x8000acda (0x00001511) c.addi  a0, -28
core   0: 3 0x8000acda (0x1511) x10 0x80022e2c
core   0: 0x8000acdc (0x03017c33) remu    s8, sp, a6
core   0: 3 0x8000acdc (0x03017c33) x24 0x0000000a
core   0: 0x8000ace0 (0x41d257b3) sra     a5, tp, t4
core   0: 3 0x8000ace0 (0x41d257b3) x15 0x00000000
core   0: 0x8000ace4 (0x000061bd) c.lui   gp, 0xf
core   0: 3 0x8000ace4 (0x61bd) x 3 0x0000f000
core   0: 0x8000ace6 (0x40bd8f33) sub     t5, s11, a1
core   0: 3 0x8000ace6 (0x40bd8f33) x30 0x7ffd931c
core   0: 0x8000acea (0x00008e95) c.sub   a3, a3
core   0: 3 0x8000acea (0x8e95) x13 0x00000000
core   0: 0x8000acec (0x40858eb3) sub     t4, a1, s0
core   0: 3 0x8000acec (0x40858eb3) x29 0x7ffe6b93
core   0: 0x8000acf0 (0x000067b1) c.lui   a5, 0xc
core   0: 3 0x8000acf0 (0x67b1) x15 0x0000c000
core   0: 0x8000acf2 (0x00bca833) slt     a6, s9, a1
core   0: 3 0x8000acf2 (0x00bca833) x16 0x00000000
core   0: 0x8000acf6 (0x00552223) sw      t0, 4(a0)
core   0: 3 0x8000acf6 (0x00552223) mem 0x80022e30 0x8000a4fa
core   0: 0x8000acfa (0x027e21b3) mulhsu  gp, t3, t2
core   0: 3 0x8000acfa (0x027e21b3) x 3 0xffffff6e
core   0: 0x8000acfe (0x00003117) auipc   sp, 0x3
core   0: 3 0x8000acfe (0x00003117) x 2 0x8000dcfe
core   0: 0x8000ad02 (0x1f410113) addi    sp, sp, 500
core   0: 3 0x8000ad02 (0x1f410113) x 2 0x8000def2
core   0: 0x8000ad06 (0xffa14703) lbu     a4, -6(sp)
core   0: 3 0x8000ad06 (0xffa14703) x14 0x000000a7 mem 0x8000deec
core   0: 0x8000ad0a (0x03cbc8b3) div     a7, s7, t3
core   0: 3 0x8000ad0a (0x03cbc8b3) x17 0x00000000
core   0: 0x8000ad0e (0x00010b03) lb      s6, 0(sp)
core   0: 3 0x8000ad0e (0x00010b03) x22 0xffffffa9 mem 0x8000def2
core   0: 0x8000ad12 (0x00914703) lbu     a4, 9(sp)
core   0: 3 0x8000ad12 (0x00914703) x14 0x000000b0 mem 0x8000defb
core   0: 0x8000ad16 (0x411c0eb3) sub     t4, s8, a7
core   0: 3 0x8000ad16 (0x411c0eb3) x29 0x0000000a
core   0: 0x8000ad1a (0x01c7f033) and     zero, a5, t3
core   0: 3 0x8000ad1a (0x01c7f033)
core   0: 0x8000ad1e (0x01072eb3) slt     t4, a4, a6
core   0: 3 0x8000ad1e (0x01072eb3) x29 0x00000000
core   0: 0x8000ad22 (0x00815003) lhu     zero, 8(sp)
core   0: 3 0x8000ad22 (0x00815003) mem 0x8000defa
core   0: 0x8000ad26 (0xbd0abe13) sltiu   t3, s5, -1072
core   0: 3 0x8000ad26 (0xbd0abe13) x28 0x00000001
core   0: 0x8000ad2a (0xff615183) lhu     gp, -10(sp)
core   0: 3 0x8000ad2a (0xff615183) x 3 0x0000a2a3 mem 0x8000dee8
core   0: 0x8000ad2e (0x00000c2d) c.addi  s8, 11
core   0: 3 0x8000ad2e (0x0c2d) x24 0x00000015
core   0: 0x8000ad30 (0x0129ddb3) srl     s11, s3, s2
core   0: 3 0x8000ad30 (0x0129ddb3) x27 0x00000000
core   0: 0x8000ad34 (0x00e11b03) lh      s6, 14(sp)
core   0: 3 0x8000ad34 (0x00e11b03) x22 0xffffbabb mem 0x8000df00
core   0: 0x8000ad38 (0x00000001) c.nop
core   0: 3 0x8000ad38 (0x0001)
core   0: 0x8000ad3a (0x02680a33) mul     s4, a6, t1
core   0: 3 0x8000ad3a (0x02680a33) x20 0x00000000
core   0: 0x8000ad3e (0xff914a83) lbu     s5, -7(sp)
core   0: 3 0x8000ad3e (0xff914a83) x21 0x000000a0 mem 0x8000deeb
core   0: 0x8000ad42 (0x000098fd) c.andi  s1, -1
core   0: 3 0x8000ad42 (0x98fd) x 9 0x80022fdc
core   0: 0x8000ad44 (0xff415183) lhu     gp, -12(sp)
core   0: 3 0x8000ad44 (0xff415183) x 3 0x00009c9d mem 0x8000dee6
core   0: 0x8000ad48 (0x407f8a33) sub     s4, t6, t2
core   0: 3 0x8000ad48 (0x407f8a33) x20 0x00016edc
core   0: 0x8000ad4c (0xff510803) lb      a6, -11(sp)
core   0: 3 0x8000ad4c (0xff510803) x16 0xffffff9c mem 0x8000dee7
core   0: 0x8000ad50 (0x01710223) sb      s7, 4(sp)
core   0: 3 0x8000ad50 (0x01710223) mem 0x8000def6 0x1c
core   0: 0x8000ad54 (0x00002117) auipc   sp, 0x2
core   0: 3 0x8000ad54 (0x00002117) x 2 0x8000cd54
core   0: 0x8000ad58 (0x4aa10113) addi    sp, sp, 1194
core   0: 3 0x8000ad58 (0x4aa10113) x 2 0x8000d1fe
core   0: 0x8000ad5c (0x00008ead) c.xor   a3, a1
core   0: 3 0x8000ad5c (0x8ead) x13 0x80026ce4
core   0: 0x8000ad5e (0x0b310803) lb      a6, 179(sp)
core   0: 3 0x8000ad5e (0x0b310803) x16 0x0000006a mem 0x8000d2b1
core   0: 0x8000ad62 (0x000094b6) c.add   s1, a3
core   0: 3 0x8000ad62 (0x94b6) x 9 0x00049cc0
core   0: 0x8000ad64 (0xb74c8313) addi    t1, s9, -1164
core   0: 3 0x8000ad64 (0xb74c8313) x 6 0xfffffb75
core   0: 0x8000ad68 (0x05710423) sb      s7, 72(sp)
core   0: 3 0x8000ad68 (0x05710423) mem 0x8000d246 0x1c
core   0: 0x8000ad6c (0xfa510aa3) sb      t0, -75(sp)
core   0: 3 0x8000ad6c (0xfa510aa3) mem 0x8000d1b3 0xfa
core   0: 0x8000ad70 (0x007d79b3) and     s3, s10, t2
core   0: 3 0x8000ad70 (0x007d79b3) x19 0x00000000
core   0: 0x8000ad74 (0x41c5d9b3) sra     s3, a1, t3
core   0: 3 0x8000ad74 (0x41c5d9b3) x19 0xc0013672
core   0: 0x8000ad78 (0xf24109a3) sb      tp, -205(sp)
core   0: 3 0x8000ad78 (0xf24109a3) mem 0x8000d131 0x0
core   0: 0x8000ad7c (0xf6b14c03) lbu     s8, -149(sp)
core   0: 3 0x8000ad7c (0xf6b14c03) x24 0x00000022 mem 0x8000d169
core   0: 0x8000ad80 (0x0cd10483) lb      s1, 205(sp)
core   0: 3 0x8000ad80 (0x0cd10483) x 9 0xffffff80 mem 0x8000d2cb
core   0: 0x8000ad84 (0x011f6d33) or      s10, t5, a7
core   0: 3 0x8000ad84 (0x011f6d33) x26 0x7ffd931c
core   0: 0x8000ad88 (0x000059fd) c.li    s3, -1
core   0: 3 0x8000ad88 (0x59fd) x19 0xffffffff
core   0: 0x8000ad8a (0x09510ba3) sb      s5, 151(sp)
core   0: 3 0x8000ad8a (0x09510ba3) mem 0x8000d295 0xa0
core   0: 0x8000ad8e (0x00ec2933) slt     s2, s8, a4
core   0: 3 0x8000ad8e (0x00ec2933) x18 0x00000001
core   0: 0x8000ad92 (0xfdc10da3) sb      t3, -37(sp)
core   0: 3 0x8000ad92 (0xfdc10da3) mem 0x8000d1d9 0x1
core   0: 0x8000ad96 (0xfe1105a3) sb      ra, -21(sp)
core   0: 3 0x8000ad96 (0xfe1105a3) mem 0x8000d1e9 0xf4
core   0: 0x8000ad9a (0x030c1eb3) mulh    t4, s8, a6
core   0: 3 0x8000ad9a (0x030c1eb3) x29 0x00000000
core   0: 0x8000ad9e (0x03b42933) mulhsu  s2, s0, s11
core   0: 3 0x8000ad9e (0x03b42933) x18 0x00000000
core   0: 0x8000ada2 (0x0bf14e03) lbu     t3, 191(sp)
core   0: 3 0x8000ada2 (0x0bf14e03) x28 0x00000076 mem 0x8000d2bd
core   0: 0x8000ada6 (0x02a15fb3) divu    t6, sp, a0
core   0: 3 0x8000ada6 (0x02a15fb3) x31 0x00000000
core   0: 0x8000adaa (0x04e14883) lbu     a7, 78(sp)
core   0: 3 0x8000adaa (0x04e14883) x17 0x00000007 mem 0x8000d24c
core   0: 0x8000adae (0x03c15003) lhu     zero, 60(sp)
core   0: 3 0x8000adae (0x03c15003) mem 0x8000d23a
core   0: 0x8000adb2 (0xf81108a3) sb      ra, -111(sp)
core   0: 3 0x8000adb2 (0xf81108a3) mem 0x8000d18f 0xf4
core   0: 0x8000adb6 (0x00aa66b3) or      a3, s4, a0
core   0: 3 0x8000adb6 (0x00aa66b3) x13 0x80036efc
core   0: 0x8000adba (0xf34104a3) sb      s4, -215(sp)
core   0: 3 0x8000adba (0xf34104a3) mem 0x8000d127 0xdc
core   0: 0x8000adbe (0x00c2c2b3) xor     t0, t0, a2
core   0: 3 0x8000adbe (0x00c2c2b3) x 5 0x0000001e
core   0: 0x8000adc2 (0x01010fa3) sb      a6, 31(sp)
core   0: 3 0x8000adc2 (0x01010fa3) mem 0x8000d21d 0x6a
core   0: 0x8000adc6 (0x77d80b17) auipc   s6, 0x77d80
core   0: 3 0x8000adc6 (0x77d80b17) x22 0xf7d8adc6
core   0: 0x8000adca (0x02b10683) lb      a3, 43(sp)
core   0: 3 0x8000adca (0x02b10683) x13 0xffffffe2 mem 0x8000d229
core   0: 0x8000adce (0x41b75b33) sra     s6, a4, s11
core   0: 3 0x8000adce (0x41b75b33) x22 0x000000b0
core   0: 0x8000add2 (0x010380b3) add     ra, t2, a6
core   0: 3 0x8000add2 (0x010380b3) x 1 0x0000018e
core   0: 0x8000add6 (0x0046ed63) bltu    a3, tp, pc + 26
core   0: 3 0x8000add6 (0x0046ed63)
core   0: 0x8000adda (0x0000061a) c.slli  a2, 6
core   0: 3 0x8000adda (0x061a) x12 0x00293900
core   0: 0x8000addc (0x00aeceb3) xor     t4, t4, a0
core   0: 3 0x8000addc (0x00aeceb3) x29 0x80022e2c
core   0: 0x8000ade0 (0xc6fc6793) ori     a5, s8, -913
core   0: 3 0x8000ade0 (0xc6fc6793) x15 0xfffffc6f
core   0: 0x8000ade4 (0x00008639) c.srai  a2, 14
core   0: 3 0x8000ade4 (0x8639) x12 0x000000a4
core   0: 0x8000ade6 (0x00000001) c.nop
core   0: 3 0x8000ade6 (0x0001)
core   0: 0x8000ade8 (0x00f65393) srli    t2, a2, 15
core   0: 3 0x8000ade8 (0x00f65393) x 7 0x00000000
core   0: 0x8000adec (0x0260d163) bge     ra, t1, pc + 34
core   0: 3 0x8000adec (0x0260d163)
core   0: 0x8000ae0e (0x03001d63) bne     zero, a6, pc + 58
core   0: 3 0x8000ae0e (0x03001d63)
core   0: 0x8000ae48 (0x00000b5a) c.slli  s6, 22
core   0: 3 0x8000ae48 (0x0b5a) x22 0x2c000000
core   0: 0x8000ae4a (0x01c95a63) bge     s2, t3, pc + 20
core   0: 3 0x8000ae4a (0x01c95a63)
core   0: 0x8000ae4e (0x00009dae) c.add   s11, a1
core   0: 3 0x8000ae4e (0x9dae) x27 0x80026ce4
core   0: 0x8000ae50 (0x00000001) c.nop
core   0: 3 0x8000ae50 (0x0001)
core   0: 0x8000ae52 (0x00008ca1) c.xor   s1, s0
core   0: 3 0x8000ae52 (0x8ca1) x 9 0xfffbfed1
core   0: 0x8000ae54 (0x01193d33) sltu    s10, s2, a7
core   0: 3 0x8000ae54 (0x01193d33) x26 0x00000001
core   0: 0x8000ae58 (0x00008f65) c.and   a4, s1
core   0: 3 0x8000ae58 (0x8f65) x14 0x00000090
core   0: 0x8000ae5a (0xe1b73313) sltiu   t1, a4, -485
core   0: 3 0x8000ae5a (0xe1b73313) x 6 0x00000001
core   0: 0x8000ae5e (0x0000167d) c.addi  a2, -1
core   0: 3 0x8000ae5e (0x167d) x12 0x000000a3
core   0: 0x8000ae60 (0x03a80d63) beq     a6, s10, pc + 58
core   0: 3 0x8000ae60 (0x03a80d63)
core   0: 0x8000ae64 (0x00008dca) c.mv    s11, s2
core   0: 3 0x8000ae64 (0x8dca) x27 0x00000000
core   0: 0x8000ae66 (0x00008f79) c.and   a4, a4
core   0: 3 0x8000ae66 (0x8f79) x14 0x00000090
core   0: 0x8000ae68 (0x00009f0a) c.add   t5, sp
core   0: 3 0x8000ae68 (0x9f0a) x30 0xfffe651a
core   0: 0x8000ae6a (0x00001810) c.addi4spn a2, sp, 48
core   0: 3 0x8000ae6a (0x1810) x12 0x8000d22e
core   0: 0x8000ae6c (0x000002a9) c.addi  t0, 10
core   0: 3 0x8000ae6c (0x02a9) x 5 0x00000028
core   0: 0x8000ae6e (0x0000c715) c.beqz  a4, pc + 44
core   0: 3 0x8000ae6e (0xc715)
core   0: 0x8000ae70 (0x00000dba) c.slli  s11, 14
core   0: 3 0x8000ae70 (0x0dba) x27 0x00000000
core   0: 0x8000ae72 (0x75096393) ori     t2, s2, 1872
core   0: 3 0x8000ae72 (0x75096393) x 7 0x00000750
core   0: 0x8000ae76 (0x00008ccd) c.or    s1, a1
core   0: 3 0x8000ae76 (0x8ccd) x 9 0xfffbfef5
core   0: 0x8000ae78 (0x00006d31) c.lui   s10, 0xc
core   0: 3 0x8000ae78 (0x6d31) x26 0x0000c000
core   0: 0x8000ae7a (0x02666033) rem     zero, a2, t1
core   0: 3 0x8000ae7a (0x02666033)
core   0: 0x8000ae7e (0x00b00433) add     s0, zero, a1
core   0: 3 0x8000ae7e (0x00b00433) x 8 0x80026ce4
core   0: 0x8000ae82 (0x00008465) c.srai  s0, 25
core   0: 3 0x8000ae82 (0x8465) x 8 0xffffffc0
core   0: 0x8000ae84 (0xe47b0193) addi    gp, s6, -441
core   0: 3 0x8000ae84 (0xe47b0193) x 3 0x2bfffe47
core   0: 0x8000ae88 (0x0000100f) fence.i
core   0: 3 0x8000ae88 (0x0000100f)
core   0: 0x8000ae8c (0x5f7c7a97) auipc   s5, 0x5f7c7
core   0: 3 0x8000ae8c (0x5f7c7a97) x21 0xdf7d1e8c
core   0: 0x8000ae90 (0x41b0da93) srai    s5, ra, 27
core   0: 3 0x8000ae90 (0x41b0da93) x21 0x00000000
core   0: 0x8000ae94 (0x0000100f) fence.i
core   0: 3 0x8000ae94 (0x0000100f)
core   0: 0x8000ae98 (0x00009fee) c.add   t6, s11
core   0: 3 0x8000ae98 (0x9fee) x31 0x00000000
core   0: 0x8000ae9a (0x0ff0000f) fence   iorw,iorw
core   0: 3 0x8000ae9a (0x0ff0000f)
core   0: 0x8000ae9e (0x41530133) sub     sp, t1, s5
core   0: 3 0x8000ae9e (0x41530133) x 2 0x00000001
core   0: 0x8000aea2 (0x00008fbd) c.xor   a5, a5
core   0: 3 0x8000aea2 (0x8fbd) x15 0x00000000
core   0: 0x8000aea4 (0xf1333393) sltiu   t2, t1, -237
core   0: 3 0x8000aea4 (0xf1333393) x 7 0x00000001
core   0: 0x8000aea8 (0x0000cf89) c.beqz  a5, pc + 26
core   0: 3 0x8000aea8 (0xcf89)
core   0: 0x8000aec2 (0x039c31b3) mulhu   gp, s8, s9
core   0: 3 0x8000aec2 (0x039c31b3) x 3 0x00000000
core   0: 0x8000aec6 (0x0271ef33) rem     t5, gp, t2
core   0: 3 0x8000aec6 (0x0271ef33) x30 0x00000000
core   0: 0x8000aeca (0x00000001) c.nop
core   0: 3 0x8000aeca (0x0001)
core   0: 0x8000aecc (0x00019993) slli    s3, gp, 0
core   0: 3 0x8000aecc (0x00019993) x19 0x00000000
core   0: 0x8000aed0 (0x3fef2993) slti    s3, t5, 1022
core   0: 3 0x8000aed0 (0x3fef2993) x19 0x00000001
core   0: 0x8000aed4 (0x0000100f) fence.i
core   0: 3 0x8000aed4 (0x0000100f)
core   0: 0x8000aed8 (0x00008ee9) c.and   a3, a0
core   0: 3 0x8000aed8 (0x8ee9) x13 0x80022e20
core   0: 0x8000aeda (0x0000c20d) c.beqz  a2, pc + 34
core   0: 3 0x8000aeda (0xc20d)
core   0: 0x8000aedc (0xb4f06893) ori     a7, zero, -1201
core   0: 3 0x8000aedc (0xb4f06893) x17 0xfffffb4f
core   0: 0x8000aee0 (0x00005c7d) c.li    s8, -1
core   0: 3 0x8000aee0 (0x5c7d) x24 0xffffffff
core   0: 0x8000aee2 (0x03a20633) mul     a2, tp, s10
core   0: 3 0x8000aee2 (0x03a20633) x12 0x00000000
core   0: 0x8000aee6 (0x004e1a13) slli    s4, t3, 4
core   0: 3 0x8000aee6 (0x004e1a13) x20 0x00000760
core   0: 0x8000aeea (0x031f09b3) mul     s3, t5, a7
core   0: 3 0x8000aeea (0x031f09b3) x19 0x00000000
core   0: 0x8000aeee (0xf200c613) xori    a2, ra, -224
core   0: 3 0x8000aeee (0xf200c613) x12 0xfffffeae
core   0: 0x8000aef2 (0xecdf8f13) addi    t5, t6, -307
core   0: 3 0x8000aef2 (0xecdf8f13) x30 0xfffffecd
core   0: 0x8000aef6 (0x00008f29) c.xor   a4, a0
core   0: 3 0x8000aef6 (0x8f29) x14 0x80022ebc
core   0: 0x8000aef8 (0x4665e693) ori     a3, a1, 1126
core   0: 3 0x8000aef8 (0x4665e693) x13 0x80026ce6
core   0: 0x8000aefc (0x01278a63) beq     a5, s2, pc + 20
core   0: 3 0x8000aefc (0x01278a63)
core   0: 0x8000af10 (0x256efdb7) lui     s11, 0x256ef
core   0: 3 0x8000af10 (0x256efdb7) x27 0x256ef000
core   0: 0x8000af14 (0x01419f33) sll     t5, gp, s4
core   0: 3 0x8000af14 (0x01419f33) x30 0x00000000
core   0: 0x8000af18 (0x01abc133) xor     sp, s7, s10
core   0: 3 0x8000af18 (0x01abc133) x 2 0x7ffd531c
core   0: 0x8000af1c (0x03c04133) div     sp, zero, t3
core   0: 3 0x8000af1c (0x03c04133) x 2 0x00000000
core   0: 0x8000af20 (0x6d890117) auipc   sp, 0x6d890
core   0: 3 0x8000af20 (0x6d890117) x 2 0xed89af20
core   0: 0x8000af24 (0x00000d11) c.addi  s10, 4
core   0: 3 0x8000af24 (0x0d11) x26 0x0000c004
core   0: 0x8000af26 (0xba6e5797) auipc   a5, 0xba6e5
core   0: 3 0x8000af26 (0xba6e5797) x15 0x3a6eff26
core   0: 0x8000af2a (0x009e8e33) add     t3, t4, s1
core   0: 3 0x8000af2a (0x009e8e33) x28 0x7ffe2d21
core   0: 0x8000af2e (0x0ff0000f) fence   iorw,iorw
core   0: 3 0x8000af2e (0x0ff0000f)
core   0: 0x8000af32 (0x3ba26e93) ori     t4, tp, 954
core   0: 3 0x8000af32 (0x3ba26e93) x29 0x000003ba
core   0: 0x8000af36 (0x00008f21) c.xor   a4, s0
core   0: 3 0x8000af36 (0x8f21) x14 0x7ffdd17c
core   0: 0x8000af38 (0xc8f5fa13) andi    s4, a1, -881
core   0: 3 0x8000af38 (0xc8f5fa13) x20 0x80026c84
core   0: 0x8000af3c (0x03bfdc33) divu    s8, t6, s11
core   0: 3 0x8000af3c (0x03bfdc33) x24 0x00000000
core   0: 0x8000af40 (0x0273eb33) rem     s6, t2, t2
core   0: 3 0x8000af40 (0x0273eb33) x22 0x00000000
core   0: 0x8000af44 (0x113e6693) ori     a3, t3, 275
core   0: 3 0x8000af44 (0x113e6693) x13 0x7ffe2d33
core   0: 0x8000af48 (0x01f684b3) add     s1, a3, t6
core   0: 3 0x8000af48 (0x01f684b3) x 9 0x7ffe2d33
core   0: 0x8000af4c (0x0051a733) slt     a4, gp, t0
core   0: 3 0x8000af4c (0x0051a733) x14 0x00000001
core   0: 0x8000af50 (0x01d68463) beq     a3, t4, pc + 8
core   0: 3 0x8000af50 (0x01d68463)
core   0: 0x8000af54 (0x00980db3) add     s11, a6, s1
core   0: 3 0x8000af54 (0x00980db3) x27 0x7ffe2d9d
core   0: 0x8000af58 (0x036199b3) mulh    s3, gp, s6
core   0: 3 0x8000af58 (0x036199b3) x19 0x00000000
core   0: 0x8000af5c (0x02160833) mul     a6, a2, ra
core   0: 3 0x8000af5c (0x02160833) x16 0xfffdf284
core   0: 0x8000af60 (0xc4c98e97) auipc   t4, 0xc4c98
core   0: 3 0x8000af60 (0xc4c98e97) x29 0x44ca2f60
core   0: 0x8000af64 (0x0306a133) mulhsu  sp, a3, a6
core   0: 3 0x8000af64 (0x0306a133) x 2 0x7ffd2678
core   0: 0x8000af68 (0x0000100f) fence.i
core   0: 3 0x8000af68 (0x0000100f)
core   0: 0x8000af6c (0x243a5817) auipc   a6, 0x243a5
core   0: 3 0x8000af6c (0x243a5817) x16 0xa43aff6c
core   0: 0x8000af70 (0x02ab0e33) mul     t3, s6, a0
core   0: 3 0x8000af70 (0x02ab0e33) x28 0x00000000
core   0: 0x8000af74 (0x01cc46b3) xor     a3, s8, t3
core   0: 3 0x8000af74 (0x01cc46b3) x13 0x00000000
core   0: 0x8000af78 (0x013a73b3) and     t2, s4, s3
core   0: 3 0x8000af78 (0x013a73b3) x 7 0x00000000
core   0: 0x8000af7c (0x2c066193) ori     gp, a2, 704
core   0: 3 0x8000af7c (0x2c066193) x 3 0xfffffeee
core   0: 0x8000af80 (0x417253b3) sra     t2, tp, s7
core   0: 3 0x8000af80 (0x417253b3) x 7 0x00000000
core   0: 0x8000af84 (0x0361da63) bge     gp, s6, pc + 52
core   0: 3 0x8000af84 (0x0361da63)
core   0: 0x8000af88 (0x00000001) c.nop
core   0: 3 0x8000af88 (0x0001)
core   0: 0x8000af8a (0x0379e633) rem     a2, s3, s7
core   0: 3 0x8000af8a (0x0379e633) x12 0x00000000
core   0: 0x8000af8e (0x015c5cb3) srl     s9, s8, s5
core   0: 3 0x8000af8e (0x015c5cb3) x25 0x00000000
core   0: 0x8000af92 (0x4150da13) srai    s4, ra, 21
core   0: 3 0x8000af92 (0x4150da13) x20 0x00000000
core   0: 0x8000af96 (0x41d65133) sra     sp, a2, t4
core   0: 3 0x8000af96 (0x41d65133) x 2 0x00000000
core   0: 0x8000af9a (0x00006add) c.lui   s5, 0x17
core   0: 3 0x8000af9a (0x6add) x21 0x00017000
core   0: 0x8000af9c (0x01295863) bge     s2, s2, pc + 16
core   0: 3 0x8000af9c (0x01295863)
core   0: 0x8000afac (0x01cf6133) or      sp, t5, t3
core   0: 3 0x8000afac (0x01cf6133) x 2 0x00000000
core   0: 0x8000afb0 (0x01d5c433) xor     s0, a1, t4
core   0: 3 0x8000afb0 (0x01d5c433) x 8 0xc4c84384
core   0: 0x8000afb4 (0x010edf13) srli    t5, t4, 16
core   0: 3 0x8000afb4 (0x010edf13) x30 0x000044ca
core   0: 0x8000afb8 (0x41975633) sra     a2, a4, s9
core   0: 3 0x8000afb8 (0x41975633) x12 0x00000001
core   0: 0x8000afbc (0x407edd33) sra     s10, t4, t2
core   0: 3 0x8000afbc (0x407edd33) x26 0x44ca2f60
core   0: 0x8000afc0 (0x402003b3) sub     t2, zero, sp
core   0: 3 0x8000afc0 (0x402003b3) x 7 0x00000000
core   0: 0x8000afc4 (0x00008f99) c.sub   a5, a4
core   0: 3 0x8000afc4 (0x8f99) x15 0x3a6eff25
core   0: 0x8000afc6 (0x0112c8b3) xor     a7, t0, a7
core   0: 3 0x8000afc6 (0x0112c8b3) x17 0xfffffb67
core   0: 0x8000afca (0x00008e6d) c.and   a2, a1
core   0: 3 0x8000afca (0x8e6d) x12 0x00000000
core   0: 0x8000afcc (0x00000e17) auipc   t3, 0x0
core   0: 3 0x8000afcc (0x00000e17) x28 0x8000afcc
core   0: 0x8000afd0 (0x868e0e13) addi    t3, t3, -1944
core   0: 3 0x8000afd0 (0x868e0e13) x28 0x8000a834
core   0: 0x8000afd4 (0x00f69c93) slli    s9, a3, 15
core   0: 3 0x8000afd4 (0x00f69c93) x25 0x00000000
core   0: 0x8000afd8 (0x016ab3b3) sltu    t2, s5, s6
core   0: 3 0x8000afd8 (0x016ab3b3) x 7 0x00000000
core   0: 0x8000afdc (0x000088b9) c.andi  s1, 14
core   0: 3 0x8000afdc (0x88b9) x 9 0x00000002
core   0: 0x8000afde (0x00008c85) c.sub   s1, s1
core   0: 3 0x8000afde (0x8c85) x 9 0x00000000
core   0: 0x8000afe0 (0x014d0eb3) add     t4, s10, s4
core   0: 3 0x8000afe0 (0x014d0eb3) x29 0x44ca2f60
core   0: 0x8000afe4 (0x13be0e13) addi    t3, t3, 315
core   0: 3 0x8000afe4 (0x13be0e13) x28 0x8000a96f
core   0: 0x8000afe8 (0xbdb9f993) andi    s3, s3, -1061
core   0: 3 0x8000afe8 (0xbdb9f993) x19 0x00000000
core   0: 0x8000afec (0x02cd8f33) mul     t5, s11, a2
core   0: 3 0x8000afec (0x02cd8f33) x30 0x00000000
core   0: 0x8000aff0 (0x01539663) bne     t2, s5, pc + 12
core   0: 3 0x8000aff0 (0x01539663)
core   0: 0x8000affc (0xec6e02e7) jalr    t0, t3, -314
core   0: 3 0x8000affc (0xec6e02e7) x 5 0x8000b000
core   0: 0x8000a834 (0x01e81d63) bne     a6, t5, pc + 26
core   0: 3 0x8000a834 (0x01e81d63)
core   0: 0x8000a84e (0xfd050513) addi    a0, a0, -48
core   0: 3 0x8000a84e (0xfd050513) x10 0x80022dfc
core   0: 0x8000a852 (0x00c7dd33) srl     s10, a5, a2
core   0: 3 0x8000a852 (0x00c7dd33) x26 0x3a6eff25
core   0: 0x8000a856 (0x009c8833) add     a6, s9, s1
core   0: 3 0x8000a856 (0x009c8833) x16 0x00000000
core   0: 0x8000a85a (0x00552223) sw      t0, 4(a0)
core   0: 3 0x8000a85a (0x00552223) mem 0x80022e00 0x8000b000
core   0: 0x8000a85e (0x377d3197) auipc   gp, 0x377d3
core   0: 3 0x8000a85e (0x377d3197) x 3 0xb77dd85e
core   0: 0x8000a862 (0xea53a913) slti    s2, t2, -347
core   0: 3 0x8000a862 (0xea53a913) x18 0x00000000
core   0: 0x8000a866 (0x00003317) auipc   t1, 0x3
core   0: 3 0x8000a866 (0x00003317) x 6 0x8000d866
core   0: 0x8000a86a (0x96d30313) addi    t1, t1, -1683
core   0: 3 0x8000a86a (0x96d30313) x 6 0x8000d1d3
core   0: 0x8000a86e (0x01730623) sb      s7, 12(t1)
core   0: 3 0x8000a86e (0x01730623) mem 0x8000d1df 0x1c
core   0: 0x8000a872 (0x00e4b6b3) sltu    a3, s1, a4
core   0: 3 0x8000a872 (0x00e4b6b3) x13 0x00000001
core   0: 0x8000a876 (0x00009856) c.add   a6, s5
core   0: 3 0x8000a876 (0x9856) x16 0x00017000
core   0: 0x8000a878 (0x41565db3) sra     s11, a2, s5
core   0: 3 0x8000a878 (0x41565db3) x27 0x00000000
core   0: 0x8000a87c (0x00534b83) lbu     s7, 5(t1)
core   0: 3 0x8000a87c (0x00534b83) x23 0x00000000 mem 0x8000d1d8
core   0: 0x8000a880 (0x296aac13) slti    s8, s5, 662
core   0: 3 0x8000a880 (0x296aac13) x24 0x00000000
core   0: 0x8000a884 (0x0000100f) fence.i
core   0: 3 0x8000a884 (0x0000100f)
core   0: 0x8000a888 (0x00008f85) c.sub   a5, s1
core   0: 3 0x8000a888 (0x8f85) x15 0x3a6eff25
core   0: 0x8000a88a (0xff030b83) lb      s7, -16(t1)
core   0: 3 0x8000a88a (0xff030b83) x23 0x00000078 mem 0x8000d1c3
core   0: 0x8000a88e (0xfff30403) lb      s0, -1(t1)
core   0: 3 0x8000a88e (0xfff30403) x 8 0x00000000 mem 0x8000d1d2
core   0: 0x8000a892 (0x007314a3) sh      t2, 9(t1)
core   0: 3 0x8000a892 (0x007314a3) mem 0x8000d1dc 0x0000
core   0: 0x8000a896 (0x00234083) lbu     ra, 2(t1)
core   0: 3 0x8000a896 (0x00234083) x 1 0x0000008e mem 0x8000d1d5
core   0: 0x8000a89a (0x01d307a3) sb      t4, 15(t1)
core   0: 3 0x8000a89a (0x01d307a3) mem 0x8000d1e2 0x60
core   0: 0x8000a89e (0xff931183) lh      gp, -7(t1)
core   0: 3 0x8000a89e (0xff931183) x 3 0xffffe487 mem 0x8000d1cc
core   0: 0x8000a8a2 (0x00008fda) c.mv    t6, s6
core   0: 3 0x8000a8a2 (0x8fda) x31 0x00000000
core   0: 0x8000a8a4 (0x01c303a3) sb      t3, 7(t1)
core   0: 3 0x8000a8a4 (0x01c303a3) mem 0x8000d1da 0x6f
core   0: 0x8000a8a8 (0xfe730fa3) sb      t2, -1(t1)
core   0: 3 0x8000a8a8 (0xfe730fa3) mem 0x8000d1d2 0x0
core   0: 0x8000a8ac (0xfe730e23) sb      t2, -4(t1)
core   0: 3 0x8000a8ac (0xfe730e23) mem 0x8000d1cf 0x0
core   0: 0x8000a8b0 (0x00430c83) lb      s9, 4(t1)
core   0: 3 0x8000a8b0 (0x00430c83) x25 0xffffff8c mem 0x8000d1d7
core   0: 0x8000a8b4 (0xffa34f83) lbu     t6, -6(t1)
core   0: 3 0x8000a8b4 (0xffa34f83) x31 0x000000e4 mem 0x8000d1cd
core   0: 0x8000a8b8 (0x00830023) sb      s0, 0(t1)
core   0: 3 0x8000a8b8 (0x00830023) mem 0x8000d1d3 0x0
core   0: 0x8000a8bc (0x00a34a03) lbu     s4, 10(t1)
core   0: 3 0x8000a8bc (0x00a34a03) x20 0x00000000 mem 0x8000d1dd
core   0: 0x8000a8c0 (0x007312a3) sh      t2, 5(t1)
core   0: 3 0x8000a8c0 (0x007312a3) mem 0x8000d1d8 0x0000
core   0: 0x8000a8c4 (0xff335c03) lhu     s8, -13(t1)
core   0: 3 0x8000a8c4 (0xff335c03) x24 0x00007c7d mem 0x8000d1c6
core   0: 0x8000a8c8 (0xff930603) lb      a2, -7(t1)
core   0: 3 0x8000a8c8 (0xff930603) x12 0xffffff87 mem 0x8000d1cc
core   0: 0x8000a8cc (0xfee32ea3) sw      a4, -3(t1)
core   0: 3 0x8000a8cc (0xfee32ea3) mem 0x8000d1d0 0x00000001
core   0: 0x8000a8d0 (0x00008f7d) c.and   a4, a5
core   0: 3 0x8000a8d0 (0x8f7d) x14 0x00000001
core   0: 0x8000a8d2 (0x00008e65) c.and   a2, s1
core   0: 3 0x8000a8d2 (0x8e65) x12 0x00000000
core   0: 0x8000a8d4 (0x00434483) lbu     s1, 4(t1)
core   0: 3 0x8000a8d4 (0x00434483) x 9 0x0000008c mem 0x8000d1d7
core   0: 0x8000a8d8 (0x0ff0000f) fence   iorw,iorw
core   0: 3 0x8000a8d8 (0x0ff0000f)
core   0: 0x8000a8dc (0xffd30d23) sb      t4, -6(t1)
core   0: 3 0x8000a8dc (0xffd30d23) mem 0x8000d1cd 0x60
core   0: 0x8000a8e0 (0x00013417) auipc   s0, 0x13
core   0: 3 0x8000a8e0 (0x00013417) x 8 0x8001d8e0
core   0: 0x8000a8e4 (0x5f240413) addi    s0, s0, 1522
core   0: 3 0x8000a8e4 (0x5f240413) x 8 0x8001ded2
core   0: 0x8000a8e8 (0x00006fb9) c.lui   t6, 0xe
core   0: 3 0x8000a8e8 (0x6fb9) x31 0x0000e000
core   0: 0x8000a8ea (0x97e27613) andi    a2, tp, -1666
core   0: 3 0x8000a8ea (0x97e27613) x12 0x00000000
core   0: 0x8000a8ee (0x415e6d97) auipc   s11, 0x415e6
core   0: 3 0x8000a8ee (0x415e6d97) x27 0xc15f08ee
core   0: 0x8000a8f2 (0xff844a83) lbu     s5, -8(s0)
core   0: 3 0x8000a8f2 (0xff844a83) x21 0x00000081 mem 0x8001deca
core   0: 0x8000a8f6 (0x0ff0000f) fence   iorw,iorw
core   0: 3 0x8000a8f6 (0x0ff0000f)
core   0: 0x8000a8fa (0xff944603) lbu     a2, -7(s0)
core   0: 3 0x8000a8fa (0xff944603) x12 0x00000080 mem 0x8001decb
core   0: 0x8000a8fe (0x01473f33) sltu    t5, a4, s4
core   0: 3 0x8000a8fe (0x01473f33) x30 0x00000000
core   0: 0x8000a902 (0x00f44383) lbu     t2, 15(s0)
core   0: 3 0x8000a902 (0x00f44383) x 7 0x0000009a mem 0x8001dee1
core   0: 0x8000a906 (0x00544e83) lbu     t4, 5(s0)
core   0: 3 0x8000a906 (0x00544e83) x29 0x000000d3 mem 0x8001ded7
core   0: 0x8000a90a (0x021363b3) rem     t2, t1, ra
core   0: 3 0x8000a90a (0x021363b3) x 7 0xffffffff
core   0: 0x8000a90e (0x01040603) lb      a2, 16(s0)
core   0: 3 0x8000a90e (0x01040603) x12 0xffffff99 mem 0x8001dee2
core   0: 0x8000a912 (0x01814033) xor     zero, sp, s8
core   0: 3 0x8000a912 (0x01814033)
core   0: 0x8000a916 (0x01640523) sb      s6, 10(s0)
core   0: 3 0x8000a916 (0x01640523) mem 0x8001dedc 0x0
core   0: 0x8000a91a (0x006402a3) sb      t1, 5(s0)
core   0: 3 0x8000a91a (0x006402a3) mem 0x8001ded7 0xd3
core   0: 0x8000a91e (0xff144303) lbu     t1, -15(s0)
core   0: 3 0x8000a91e (0xff144303) x 6 0x0000007d mem 0x8001dec3
core   0: 0x8000a922 (0x00f44e03) lbu     t3, 15(s0)
core   0: 3 0x8000a922 (0x00f44e03) x28 0x0000009a mem 0x8001dee1
core   0: 0x8000a926 (0x00e3a633) slt     a2, t2, a4
core   0: 3 0x8000a926 (0x00e3a633) x12 0x00000001
core   0: 0x8000a92a (0x0000567d) c.li    a2, -1
core   0: 3 0x8000a92a (0x567d) x12 0xffffffff
core   0: 0x8000a92c (0x00840283) lb      t0, 8(s0)
core   0: 3 0x8000a92c (0x00840283) x 5 0xffffffff mem 0x8001deda
core   0: 0x8000a930 (0x41095113) srai    sp, s2, 16
core   0: 3 0x8000a930 (0x41095113) x 2 0x00000000
core   0: 0x8000a934 (0xff8408a3) sb      s8, -15(s0)
core   0: 3 0x8000a934 (0xff8408a3) mem 0x8001dec3 0x7d
core   0: 0x8000a938 (0x000043a1) c.li    t2, 8
core   0: 3 0x8000a938 (0x43a1) x 7 0x00000008
core   0: 0x8000a93a (0x01d646b3) xor     a3, a2, t4
core   0: 3 0x8000a93a (0x01d646b3) x13 0xffffff2c
core   0: 0x8000a93e (0x00008906) c.mv    s2, ra
core   0: 3 0x8000a93e (0x8906) x18 0x0000008e
core   0: 0x8000a940 (0x00342323) sw      gp, 6(s0)
core   0: 3 0x8000a940 (0x00342323) mem 0x8001ded8 0xffffe487
core   0: 0x8000a944 (0xff841f03) lh      t5, -8(s0)
core   0: 3 0x8000a944 (0xff841f03) x30 0xffff8081 mem 0x8001deca
core   0: 0x8000a948 (0xff540d83) lb      s11, -11(s0)
core   0: 3 0x8000a948 (0xff540d83) x27 0x0000007c mem 0x8001dec7
core   0: 0x8000a94c (0x002a6c63) bltu    s4, sp, pc + 24
core   0: 3 0x8000a94c (0x002a6c63)
core   0: 0x8000a950 (0x41795db3) sra     s11, s2, s7
core   0: 3 0x8000a950 (0x41795db3) x27 0x00000000
core   0: 0x8000a954 (0x0243aa33) mulhsu  s4, t2, tp
core   0: 3 0x8000a954 (0x0243aa33) x20 0x00000000
core   0: 0x8000a958 (0x03493e33) mulhu   t3, s2, s4
core   0: 3 0x8000a958 (0x03493e33) x28 0x00000000
core   0: 0x8000a95c (0x00bad663) bge     s5, a1, pc + 12
core   0: 3 0x8000a95c (0x00bad663)
core   0: 0x8000a968 (0x00a35c63) bge     t1, a0, pc + 24
core   0: 3 0x8000a968 (0x00a35c63)
core   0: 0x8000a980 (0x02a79f33) mulh    t5, a5, a0
core   0: 3 0x8000a980 (0x02a79f33) x30 0xe2c8ffca
core   0: 0x8000a984 (0x00008769) c.srai  a4, 26
core   0: 3 0x8000a984 (0x8769) x14 0x00000000
core   0: 0x8000a986 (0x9d734013) xori    zero, t1, -1577
core   0: 3 0x8000a986 (0x9d734013)
core   0: 0x8000a98a (0x01949d13) slli    s10, s1, 25
core   0: 3 0x8000a98a (0x01949d13) x26 0x18000000
core   0: 0x8000a98e (0xbf38ac93) slti    s9, a7, -1037
core   0: 3 0x8000a98e (0xbf38ac93) x25 0x00000001
core   0: 0x8000a992 (0x03d66ab3) rem     s5, a2, t4
core   0: 3 0x8000a992 (0x03d66ab3) x21 0xffffffff
core   0: 0x8000a996 (0x01f6ffb3) and     t6, a3, t6
core   0: 3 0x8000a996 (0x01f6ffb3) x31 0x0000e000
core   0: 0x8000a99a (0x00000001) c.nop
core   0: 3 0x8000a99a (0x0001)
core   0: 0x8000a99c (0x0fba7a93) andi    s5, s4, 251
core   0: 3 0x8000a99c (0x0fba7a93) x21 0x00000000
core   0: 0x8000a9a0 (0xf925ca93) xori    s5, a1, -110
core   0: 3 0x8000a9a0 (0xf925ca93) x21 0x7ffd9376
core   0: 0x8000a9a4 (0x73cd0913) addi    s2, s10, 1852
core   0: 3 0x8000a9a4 (0x73cd0913) x18 0x1800073c
core   0: 0x8000a9a8 (0x028dfeb3) remu    t4, s11, s0
core   0: 3 0x8000a9a8 (0x028dfeb3) x29 0x00000000
core   0: 0x8000a9ac (0x5c6bf817) auipc   a6, 0x5c6bf
core   0: 3 0x8000a9ac (0x5c6bf817) x16 0xdc6c99ac
core   0: 0x8000a9b0 (0x41e45993) srai    s3, s0, 30
core   0: 3 0x8000a9b0 (0x41e45993) x19 0xfffffffe
core   0: 0x8000a9b4 (0x00000001) c.nop
core   0: 3 0x8000a9b4 (0x0001)
core   0: 0x8000a9b6 (0x033046b3) div     a3, zero, s3
core   0: 3 0x8000a9b6 (0x033046b3) x13 0x00000000
core   0: 0x8000a9ba (0x011421b3) slt     gp, s0, a7
core   0: 3 0x8000a9ba (0x011421b3) x 3 0x00000001
core   0: 0x8000a9be (0x09c90e13) addi    t3, s2, 156
core   0: 3 0x8000a9be (0x09c90e13) x28 0x180007d8
core   0: 0x8000a9c2 (0x0000ca9d) c.beqz  a3, pc + 54
core   0: 3 0x8000a9c2 (0xca9d)
core   0: 0x8000a9f8 (0x00006141) c.addi16sp sp, 16
core   0: 3 0x8000a9f8 (0x6141) x 2 0x00000010
core   0: 0x8000a9fa (0x404d81b3) sub     gp, s11, tp
core   0: 3 0x8000a9fa (0x404d81b3) x 3 0x00000000
core   0: 0x8000a9fe (0x00006811) c.lui   a6, 0x4
core   0: 3 0x8000a9fe (0x6811) x16 0x00004000
core   0: 0x8000aa00 (0x089c2813) slti    a6, s8, 137
core   0: 3 0x8000aa00 (0x089c2813) x16 0x00000000
core   0: 0x8000aa04 (0x02720733) mul     a4, tp, t2
core   0: 3 0x8000aa04 (0x02720733) x14 0x00000000
core   0: 0x8000aa08 (0x0036e7b3) or      a5, a3, gp
core   0: 3 0x8000aa08 (0x0036e7b3) x15 0x00000000
core   0: 0x8000aa0c (0x00008ccd) c.or    s1, a1
core   0: 3 0x8000aa0c (0x8ccd) x 9 0x80026cec
core   0: 0x8000aa0e (0x00008e01) c.sub   a2, s0
core   0: 3 0x8000aa0e (0x8e01) x12 0x7ffe212d
core   0: 0x8000aa10 (0x00006ba1) c.lui   s7, 0x8
core   0: 3 0x8000aa10 (0x6ba1) x23 0x00008000
core   0: 0x8000aa12 (0x0022dc33) srl     s8, t0, sp
core   0: 3 0x8000aa12 (0x0022dc33) x24 0x0000ffff
core   0: 0x8000aa16 (0x00ca4fb3) xor     t6, s4, a2
core   0: 3 0x8000aa16 (0x00ca4fb3) x31 0x7ffe212d
core   0: 0x8000aa1a (0x03059c63) bne     a1, a6, pc + 56
core   0: 3 0x8000aa1a (0x03059c63)
core   0: 0x8000aa52 (0x41d7df93) srai    t6, a5, 29
core   0: 3 0x8000aa52 (0x41d7df93) x31 0x00000000
core   0: 0x8000aa56 (0x00051f33) sll     t5, a0, zero
core   0: 3 0x8000aa56 (0x00051f33) x30 0x80022dfc
core   0: 0x8000aa5a (0x00e55793) srli    a5, a0, 14
core   0: 3 0x8000aa5a (0x00e55793) x15 0x00020008
core   0: 0x8000aa5e (0x0000e389) c.bnez  a5, pc + 2
core   0: 3 0x8000aa5e (0xe389)
core   0: 0x8000aa60 (0x00004671) c.li    a2, 28
core   0: 3 0x8000aa60 (0x4671) x12 0x0000001c
core   0: 0x8000aa62 (0x03af2db3) mulhsu  s11, t5, s10
core   0: 3 0x8000aa62 (0x03af2db3) x27 0xf400344f
core   0: 0x8000aa66 (0x0000717d) c.addi16sp sp, -16
core   0: 3 0x8000aa66 (0x717d) x 2 0x00000000
core   0: 0x8000aa68 (0x01481d33) sll     s10, a6, s4
core   0: 3 0x8000aa68 (0x01481d33) x26 0x00000000
core   0: 0x8000aa6c (0x0000614d) c.addi16sp sp, 176
core   0: 3 0x8000aa6c (0x614d) x 2 0x000000b0
core   0: 0x8000aa6e (0x00008771) c.srai  a4, 28
core   0: 3 0x8000aa6e (0x8771) x14 0x00000000
core   0: 0x8000aa70 (0xc528fd93) andi    s11, a7, -942
core   0: 3 0x8000aa70 (0xc528fd93) x27 0xfffff842
core   0: 0x8000aa74 (0x0000891e) c.mv    s2, t2
core   0: 3 0x8000aa74 (0x891e) x18 0x00000008
core   0: 0x8000aa76 (0x410ed013) srai    zero, t4, 16
core   0: 3 0x8000aa76 (0x410ed013)
core   0: 0x8000aa7a (0x3f937a93) andi    s5, t1, 1017
core   0: 3 0x8000aa7a (0x3f937a93) x21 0x00000079
core   0: 0x8000aa7e (0x41ff5393) srai    t2, t5, 31
core   0: 3 0x8000aa7e (0x41ff5393) x 7 0xffffffff
core   0: 0x8000aa82 (0x00000001) c.nop
core   0: 3 0x8000aa82 (0x0001)
core   0: 0x8000aa84 (0x18512913) slti    s2, sp, 389
core   0: 3 0x8000aa84 (0x18512913) x18 0x00000001
core   0: 0x8000aa88 (0x03f81eb3) mulh    t4, a6, t6
core   0: 3 0x8000aa88 (0x03f81eb3) x29 0x00000000
core   0: 0x8000aa8c (0x40025833) sra     a6, tp, zero
core   0: 3 0x8000aa8c (0x40025833) x16 0x00000000
core   0: 0x8000aa90 (0x02dbc1b3) div     gp, s7, a3
core   0: 3 0x8000aa90 (0x02dbc1b3) x 3 0xffffffff
core   0: 0x8000aa94 (0x290dbc17) auipc   s8, 0x290db
core   0: 3 0x8000aa94 (0x290dbc17) x24 0xa90e5a94
core   0: 0x8000aa98 (0x00008bbe) c.mv    s7, a5
core   0: 3 0x8000aa98 (0x8bbe) x23 0x00020008
core   0: 0x8000aa9a (0x00234eb3) xor     t4, t1, sp
core   0: 3 0x8000aa9a (0x00234eb3) x29 0x000000cd
core   0: 0x8000aa9e (0x00008ead) c.xor   a3, a1
core   0: 3 0x8000aa9e (0x8ead) x13 0x80026ce4
core   0: 0x8000aaa0 (0x01726e63) bltu    tp, s7, pc + 28
core   0: 3 0x8000aaa0 (0x01726e63)
core   0: 0x8000aabc (0x00000001) c.nop
core   0: 3 0x8000aabc (0x0001)
core   0: 0x8000aabe (0x00001a04) c.addi4spn s1, sp, 304
core   0: 3 0x8000aabe (0x1a04) x 9 0x000001e0
core   0: 0x8000aac0 (0x00009b1e) c.add   s6, t2
core   0: 3 0x8000aac0 (0x9b1e) x22 0xffffffff
core   0: 0x8000aac2 (0x03c7d6b3) divu    a3, a5, t3
core   0: 3 0x8000aac2 (0x03c7d6b3) x13 0x00000000
core   0: 0x8000aac6 (0x0ff0000f) fence   iorw,iorw
core   0: 3 0x8000aac6 (0x0ff0000f)
core   0: 0x8000aaca (0x12dd0993) addi    s3, s10, 301
core   0: 3 0x8000aaca (0x12dd0993) x19 0x0000012d
core   0: 0x8000aace (0x000067e9) c.lui   a5, 0x1a
core   0: 3 0x8000aace (0x67e9) x15 0x0001a000
core   0: 0x8000aad0 (0x00008cc5) c.or    s1, s1
core   0: 3 0x8000aad0 (0x8cc5) x 9 0x000001e0
core   0: 0x8000aad2 (0x00008f8d) c.sub   a5, a1
core   0: 3 0x8000aad2 (0x8f8d) x15 0x7fff331c
core   0: 0x8000aad4 (0x00001884) c.addi4spn s1, sp, 112
core   0: 3 0x8000aad4 (0x1884) x 9 0x00000120
core   0: 0x8000aad6 (0x013d4c63) blt     s10, s3, pc + 24
core   0: 3 0x8000aad6 (0x013d4c63)
core   0: 0x8000aaee (0x012b6263) bltu    s6, s2, pc + 4
core   0: 3 0x8000aaee (0x012b6263)
core   0: 0x8000aaf2 (0x00008f79) c.and   a4, a4
core   0: 3 0x8000aaf2 (0x8f79) x14 0x00000000
core   0: 0x8000aaf4 (0x00008c3d) c.xor   s0, a5
core   0: 3 0x8000aaf4 (0x8c3d) x 8 0xfffeedce
core   0: 0x8000aaf6 (0xd8633893) sltiu   a7, t1, -634
core   0: 3 0x8000aaf6 (0xd8633893) x17 0x00000001
core   0: 0x8000aafa (0xabd96893) ori     a7, s2, -1347
core   0: 3 0x8000aafa (0xabd96893) x17 0xfffffabd
core   0: 0x8000aafe (0x78d8ce37) lui     t3, 0x78d8c
core   0: 3 0x8000aafe (0x78d8ce37) x28 0x78d8c000
core   0: 0x8000ab02 (0xa8622493) slti    s1, tp, -1402
core   0: 3 0x8000ab02 (0xa8622493) x 9 0x00000000
core   0: 0x8000ab06 (0x00009a7a) c.add   s4, t5
core   0: 3 0x8000ab06 (0x9a7a) x20 0x80022dfc
core   0: 0x8000ab08 (0x01083b33) sltu    s6, a6, a6
core   0: 3 0x8000ab08 (0x01083b33) x22 0x00000000
core   0: 0x8000ab0c (0x02741c63) bne     s0, t2, pc + 56
core   0: 3 0x8000ab0c (0x02741c63)
core   0: 0x8000ab44 (0x02851d33) mulh    s10, a0, s0
core   0: 3 0x8000ab44 (0x02851d33) x26 0x00008916
core   0: 0x8000ab48 (0x0000eb9d) c.bnez  a5, pc + 54
core   0: 3 0x8000ab48 (0xeb9d)
core   0: 0x8000ab7e (0x41030a13) addi    s4, t1, 1040
core   0: 3 0x8000ab7e (0x41030a13) x20 0x0000048d
core   0: 0x8000ab82 (0x0ff0000f) fence   iorw,iorw
core   0: 3 0x8000ab82 (0x0ff0000f)
core   0: 0x8000ab86 (0x02e80363) beq     a6, a4, pc + 38
core   0: 3 0x8000ab86 (0x02e80363)
core   0: 0x8000abac (0x00e7dc33) srl     s8, a5, a4
core   0: 3 0x8000abac (0x00e7dc33) x24 0x7fff331c
core   0: 0x8000abb0 (0x000096a6) c.add   a3, s1
core   0: 3 0x8000abb0 (0x96a6) x13 0x00000000
core   0: 0x8000abb2 (0x0000c021) c.beqz  s0, pc + 64
core   0: 3 0x8000abb2 (0xc021)
core   0: 0x8000abb4 (0x3e606f93) ori     t6, zero, 998
core   0: 3 0x8000abb4 (0x3e606f93) x31 0x000003e6
core   0: 0x8000abb8 (0x0000e609) c.bnez  a2, pc + 10
core   0: 3 0x8000abb8 (0xe609)
core   0: 0x8000abc2 (0x03ac9b33) mulh    s6, s9, s10
core   0: 3 0x8000abc2 (0x03ac9b33) x22 0x00000000
core   0: 0x8000abc6 (0x007368b3) or      a7, t1, t2
core   0: 3 0x8000abc6 (0x007368b3) x17 0xffffffff
core   0: 0x8000abca (0x00008e35) c.xor   a2, a3
core   0: 3 0x8000abca (0x8e35) x12 0x0000001c
core   0: 0x8000abcc (0x03250bb3) mul     s7, a0, s2
core   0: 3 0x8000abcc (0x03250bb3) x23 0x80022dfc
core   0: 0x8000abd0 (0x0000100f) fence.i
core   0: 3 0x8000abd0 (0x0000100f)
core   0: 0x8000abd4 (0x03778733) mul     a4, a5, s7
core   0: 3 0x8000abd4 (0x03778733) x14 0x416a3b90
core   0: 0x8000abd8 (0x01be9bb3) sll     s7, t4, s11
core   0: 3 0x8000abd8 (0x01be9bb3) x23 0x00000334
core   0: 0x8000abdc (0x3e5eccb7) lui     s9, 0x3e5ec
core   0: 3 0x8000abdc (0x3e5eccb7) x25 0x3e5ec000
core   0: 0x8000abe0 (0x7391b893) sltiu   a7, gp, 1849
core   0: 3 0x8000abe0 (0x7391b893) x17 0x00000000
core   0: 0x8000abe4 (0x0d261497) auipc   s1, 0xd261
core   0: 3 0x8000abe4 (0x0d261497) x 9 0x8d26bbe4
core   0: 0x8000abe8 (0xf7b366b7) lui     a3, 0xf7b36
core   0: 3 0x8000abe8 (0xf7b366b7) x13 0xf7b36000
core   0: 0x8000abec (0x000012fd) c.addi  t0, -1
core   0: 3 0x8000abec (0x12fd) x 5 0xfffffffe
core   0: 0x8000abee (0x03a73933) mulhu   s2, a4, s10
core   0: 3 0x8000abee (0x03a73933) x18 0x00002307
core   0: 0x8000abf2 (0x001be333) or      t1, s7, ra
core   0: 3 0x8000abf2 (0x001be333) x 6 0x000003be
core   0: 0x8000abf6 (0x00000719) c.addi  a4, 6
core   0: 3 0x8000abf6 (0x0719) x14 0x416a3b96
core   0: 0x8000abf8 (0x0000717d) c.addi16sp sp, -16
core   0: 3 0x8000abf8 (0x717d) x 2 0x000000a0
core   0: 0x8000abfa (0x409458b3) sra     a7, s0, s1
core   0: 3 0x8000abfa (0x409458b3) x17 0xffffeedc
core   0: 0x8000abfe (0x002ade33) srl     t3, s5, sp
core   0: 3 0x8000abfe (0x002ade33) x28 0x00000079
core   0: 0x8000ac02 (0x00008efd) c.and   a3, a5
core   0: 3 0x8000ac02 (0x8efd) x13 0x77b32000
core   0: 0x8000ac04 (0xf32e8793) addi    a5, t4, -206
core   0: 3 0x8000ac04 (0xf32e8793) x15 0xffffffff
core   0: 0x8000ac08 (0x1a302d93) slti    s11, zero, 419
core   0: 3 0x8000ac08 (0x1a302d93) x27 0x00000001
core   0: 0x8000ac0c (0x00000ef9) c.addi  t4, 30
core   0: 3 0x8000ac0c (0x0ef9) x29 0x000000eb
core   0: 0x8000ac0e (0x00000c0d) c.addi  s8, 3
core   0: 3 0x8000ac0e (0x0c0d) x24 0x7fff331f
core   0: 0x8000ac10 (0x85376f13) ori     t5, a4, -1965
core   0: 3 0x8000ac10 (0x85376f13) x30 0xfffffbd7
core   0: 0x8000ac14 (0x5cc57f93) andi    t6, a0, 1484
core   0: 3 0x8000ac14 (0x5cc57f93) x31 0x000005cc
core   0: 0x8000ac18 (0x010bb6b3) sltu    a3, s7, a6
core   0: 3 0x8000ac18 (0x010bb6b3) x13 0x00000000
core   0: 0x8000ac1c (0x40e98b33) sub     s6, s3, a4
core   0: 3 0x8000ac1c (0x40e98b33) x22 0xbe95c597
core   0: 0x8000ac20 (0x0000100f) fence.i
core   0: 3 0x8000ac20 (0x0000100f)
core   0: 0x8000ac24 (0x00008cba) c.mv    s9, a4
core   0: 3 0x8000ac24 (0x8cba) x25 0x416a3b96
core   0: 0x8000ac26 (0x00c3e8b3) or      a7, t2, a2
core   0: 3 0x8000ac26 (0x00c3e8b3) x17 0xffffffff
core   0: 0x8000ac2a (0x0ff0000f) fence   iorw,iorw
core   0: 3 0x8000ac2a (0x0ff0000f)
core   0: 0x8000ac2e (0x05072813) slti    a6, a4, 80
core   0: 3 0x8000ac2e (0x05072813) x16 0x00000000
core   0: 0x8000ac32 (0xe6eb02b7) lui     t0, 0xe6eb0
core   0: 3 0x8000ac32 (0xe6eb02b7) x 5 0xe6eb0000
core   0: 0x8000ac36 (0x3ded2a13) slti    s4, s10, 990
core   0: 3 0x8000ac36 (0x3ded2a13) x20 0x00000000
core   0: 0x8000ac3a (0x0004cb33) xor     s6, s1, zero
core   0: 3 0x8000ac3a (0x0004cb33) x22 0x8d26bbe4
core   0: 0x8000ac3e (0x00008606) c.mv    a2, ra
core   0: 3 0x8000ac3e (0x8606) x12 0x0000008e
core   0: 0x8000ac40 (0x0000100f) fence.i
core   0: 3 0x8000ac40 (0x0000100f)
core   0: 0x8000ac44 (0x030d91b3) mulh    gp, s11, a6
core   0: 3 0x8000ac44 (0x030d91b3) x 3 0x00000000
core   0: 0x8000ac48 (0x41e18ab3) sub     s5, gp, t5
core   0: 3 0x8000ac48 (0x41e18ab3) x21 0x00000429
core   0: 0x8000ac4c (0x00000098) c.addi4spn a4, sp, 64
core   0: 3 0x8000ac4c (0x0098) x14 0x000000e0
core   0: 0x8000ac4e (0x00008c19) c.sub   s0, a4
core   0: 3 0x8000ac4e (0x8c19) x 8 0xfffeecee
core   0: 0x8000ac50 (0x03bca1b3) mulhsu  gp, s9, s11
core   0: 3 0x8000ac50 (0x03bca1b3) x 3 0x00000000
core   0: 0x8000ac54 (0x02c87cb3) remu    s9, a6, a2
core   0: 3 0x8000ac54 (0x02c87cb3) x25 0x00000000
core   0: 0x8000ac58 (0x3797f293) andi    t0, a5, 889
core   0: 3 0x8000ac58 (0x3797f293) x 5 0x00000379
core   0: 0x8000ac5c (0xbf6ef617) auipc   a2, 0xbf6ef
core   0: 3 0x8000ac5c (0xbf6ef617) x12 0x3f6f9c5c
core   0: 0x8000ac60 (0x00e6c0b3) xor     ra, a3, a4
core   0: 3 0x8000ac60 (0x00e6c0b3) x 1 0x000000e0
core   0: 0x8000ac64 (0xaa59e313) ori     t1, s3, -1371
core   0: 3 0x8000ac64 (0xaa59e313) x 6 0xfffffbad
core   0: 0x8000ac68 (0x00fd9d13) slli    s10, s11, 15
core   0: 3 0x8000ac68 (0x00fd9d13) x26 0x00008000
core   0: 0x8000ac6c (0x00000304) c.addi4spn s1, sp, 384
core   0: 3 0x8000ac6c (0x0304) x 9 0x00000220
core   0: 0x8000ac6e (0x40675113) srai    sp, a4, 6
core   0: 3 0x8000ac6e (0x40675113) x 2 0x00000003
core   0: 0x8000ac72 (0xced57093) andi    ra, a0, -787
core   0: 3 0x8000ac72 (0xced57093) x 1 0x80022cec
core   0: 0x8000ac76 (0x0000717d) c.addi16sp sp, -16
core   0: 3 0x8000ac76 (0x717d) x 2 0xfffffff3
core   0: 0x8000ac78 (0x03eda4b3) mulhsu  s1, s11, t5
core   0: 3 0x8000ac78 (0x03eda4b3) x 9 0x00000000
core   0: 0x8000ac7c (0x031a7763) bgeu    s4, a7, pc + 46
core   0: 3 0x8000ac7c (0x031a7763)
core   0: 0x8000ac80 (0x00008f19) c.sub   a4, a4
core   0: 3 0x8000ac80 (0x8f19) x14 0x00000000
core   0: 0x8000ac82 (0x0201f0b3) remu    ra, gp, zero
core   0: 3 0x8000ac82 (0x0201f0b3) x 1 0x00000000
core   0: 0x8000ac86 (0x01c8d033) srl     zero, a7, t3
core   0: 3 0x8000ac86 (0x01c8d033)
core   0: 0x8000ac8a (0x037a1db3) mulh    s11, s4, s7
core   0: 3 0x8000ac8a (0x037a1db3) x27 0x00000000
core   0: 0x8000ac8e (0x0125d633) srl     a2, a1, s2
core   0: 3 0x8000ac8e (0x0125d633) x12 0x010004d9
core   0: 0x8000ac92 (0x012e9d93) slli    s11, t4, 18
core   0: 3 0x8000ac92 (0x012e9d93) x27 0x03ac0000
core   0: 0x8000ac96 (0x00e9e313) ori     t1, s3, 14
core   0: 3 0x8000ac96 (0x00e9e313) x 6 0x0000012f
core   0: 0x8000ac9a (0x05600713) li      a4, 86
core   0: 3 0x8000ac9a (0x05600713) x14 0x00000056
core   0: 0x8000ac9e (0xca37ca13) xori    s4, a5, -861
core   0: 3 0x8000ac9e (0xca37ca13) x20 0x0000035c
core   0: 0x8000aca2 (0x01461db3) sll     s11, a2, s4
core   0: 3 0x8000aca2 (0x01461db3) x27 0x90000000
core   0: 0x8000aca6 (0x01f25263) bge     tp, t6, pc + 4
core   0: 3 0x8000aca6 (0x01f25263)
core   0: 0x8000acaa (0x01924433) xor     s0, tp, s9
core   0: 3 0x8000acaa (0x01924433) x 8 0x00000000
core   0: 0x8000acae (0x00000001) c.nop
core   0: 3 0x8000acae (0x0001)
core   0: 0x8000acb0 (0x00c37bb3) and     s7, t1, a2
core   0: 3 0x8000acb0 (0x00c37bb3) x23 0x00000009
core   0: 0x8000acb4 (0x00000d0e) c.slli  s10, 3
core   0: 3 0x8000acb4 (0x0d0e) x26 0x00040000
core   0: 0x8000acb6 (0x00452283) lw      t0, 4(a0)
core   0: 3 0x8000acb6 (0x00452283) x 5 0x8000b000 mem 0x80022e00
core   0: 0x8000acba (0x00009a1e) c.add   s4, t2
core   0: 3 0x8000acba (0x9a1e) x20 0x0000035b
core   0: 0x8000acbc (0x03050513) addi    a0, a0, 48
core   0: 3 0x8000acbc (0x03050513) x10 0x80022e2c
core   0: 0x8000acc0 (0x00008f65) c.and   a4, s1
core   0: 3 0x8000acc0 (0x8f65) x14 0x00000000
core   0: 0x8000acc2 (0x03a31033) mulh    zero, t1, s10
core   0: 3 0x8000acc2 (0x03a31033)
core   0: 0x8000acc6 (0x0000913e) c.add   sp, a5
core   0: 3 0x8000acc6 (0x913e) x 2 0xfffffff2
core   0: 0x8000acc8 (0xf789f3b7) lui     t2, 0xf789f
core   0: 3 0x8000acc8 (0xf789f3b7) x 7 0xf789f000
core   0: 0x8000accc (0x02c4c033) div     zero, s1, a2
core   0: 3 0x8000accc (0x02c4c033)
core   0: 0x8000acd0 (0x00008ec9) c.or    a3, a0
core   0: 3 0x8000acd0 (0x8ec9) x13 0x80022e2c
core   0: 0x8000acd2 (0x00128d13) addi    s10, t0, 1
core   0: 3 0x8000acd2 (0x00128d13) x26 0x8000b001
core   0: 0x8000acd6 (0x00008d02) c.jr    s10
core   0: 3 0x8000acd6 (0x8d02)
core   0: 0x8000b000 (0x00822e33) slt     t3, tp, s0
core   0: 3 0x8000b000 (0x00822e33) x28 0x00000000
core   0: 0x8000b004 (0x19098293) addi    t0, s3, 400
core   0: 3 0x8000b004 (0x19098293) x 5 0x000002bd
core   0: 0x8000b008 (0x0ff0000f) fence   iorw,iorw
core   0: 3 0x8000b008 (0x0ff0000f)
core   0: 0x8000b00c (0xf60d6993) ori     s3, s10, -160
core   0: 3 0x8000b00c (0xf60d6993) x19 0xffffff61
core   0: 0x8000b010 (0x0000ec95) c.bnez  s1, pc + 60
core   0: 3 0x8000b010 (0xec95)
core   0: 0x8000b012 (0x0000cc85) c.beqz  s1, pc + 56
core   0: 3 0x8000b012 (0xcc85)
core   0: 0x8000b04a (0x0000567d) c.li    a2, -1
core   0: 3 0x8000b04a (0x567d) x12 0xffffffff
core   0: 0x8000b04c (0x40d0bd13) sltiu   s10, ra, 1037
core   0: 3 0x8000b04c (0x40d0bd13) x26 0x00000001
core   0: 0x8000b050 (0x9350e713) ori     a4, ra, -1739
core   0: 3 0x8000b050 (0x9350e713) x14 0xfffff935
core   0: 0x8000b054 (0x0000e329) c.bnez  a4, pc + 66
core   0: 3 0x8000b054 (0xe329)
core   0: 0x8000b096 (0x00008fa1) c.xor   a5, s0
core   0: 3 0x8000b096 (0x8fa1) x15 0xffffffff
core   0: 0x8000b098 (0x0133a6b3) slt     a3, t2, s3
core   0: 3 0x8000b098 (0x0133a6b3) x13 0x00000001
core   0: 0x8000b09c (0x00b11a63) bne     sp, a1, pc + 20
core   0: 3 0x8000b09c (0x00b11a63)
core   0: 0x8000b0b0 (0x000003b9) c.addi  t2, 14
core   0: 3 0x8000b0b0 (0x03b9) x 7 0xf789f00e
core   0: 0x8000b0b2 (0x00009e92) c.add   t4, tp
core   0: 3 0x8000b0b2 (0x9e92) x29 0x000000eb
core   0: 0x8000b0b4 (0x02860e63) beq     a2, s0, pc + 60
core   0: 3 0x8000b0b4 (0x02860e63)
core   0: 0x8000b0b8 (0x000083dd) c.srli  a5, 23
core   0: 3 0x8000b0b8 (0x83dd) x15 0x000001ff
core   0: 0x8000b0ba (0x003fe463) bltu    t6, gp, pc + 8
core   0: 3 0x8000b0ba (0x003fe463)
core   0: 0x8000b0be (0x741ebd13) sltiu   s10, t4, 1857
core   0: 3 0x8000b0be (0x741ebd13) x26 0x00000001
core   0: 0x8000b0c2 (0x41fdd8b3) sra     a7, s11, t6
core   0: 3 0x8000b0c2 (0x41fdd8b3) x17 0xfff90000
core   0: 0x8000b0c6 (0x4d9dc793) xori    a5, s11, 1241
core   0: 3 0x8000b0c6 (0x4d9dc793) x15 0x900004d9
core   0: 0x8000b0ca (0x000087b5) c.srai  a5, 13
core   0: 3 0x8000b0ca (0x87b5) x15 0xfffc8000
core   0: 0x8000b0cc (0x000088ad) c.andi  s1, 11
core   0: 3 0x8000b0cc (0x88ad) x 9 0x00000000
core   0: 0x8000b0ce (0x00004db1) c.li    s11, 12
core   0: 3 0x8000b0ce (0x4db1) x27 0x0000000c
core   0: 0x8000b0d0 (0x00009fd2) c.add   t6, s4
core   0: 3 0x8000b0d0 (0x9fd2) x31 0x00000927
core   0: 0x8000b0d2 (0xd9dc0693) addi    a3, s8, -611
core   0: 3 0x8000b0d2 (0xd9dc0693) x13 0x7fff30bc
core   0: 0x8000b0d6 (0x019e30b3) sltu    ra, t3, s9
core   0: 3 0x8000b0d6 (0x019e30b3) x 1 0x00000000
core   0: 0x8000b0da (0x00008fb1) c.xor   a5, a2
core   0: 3 0x8000b0da (0x8fb1) x15 0x00037fff
core   0: 0x8000b0dc (0x0000187d) c.addi  a6, -1
core   0: 3 0x8000b0dc (0x187d) x16 0xffffffff
core   0: 0x8000b0de (0x481c2493) slti    s1, s8, 1153
core   0: 3 0x8000b0de (0x481c2493) x 9 0x00000000
core   0: 0x8000b0e2 (0x419ed293) srai    t0, t4, 25
core   0: 3 0x8000b0e2 (0x419ed293) x 5 0x00000000
core   0: 0x8000b0e6 (0x2898eab7) lui     s5, 0x2898e
core   0: 3 0x8000b0e6 (0x2898eab7) x21 0x2898e000
core   0: 0x8000b0ea (0x0000c3a1) c.beqz  a5, pc + 64
core   0: 3 0x8000b0ea (0xc3a1)
core   0: 0x8000b0ec (0x1e030f93) addi    t6, t1, 480
core   0: 3 0x8000b0ec (0x1e030f93) x31 0x0000030f
core   0: 0x8000b0f0 (0x00008c55) c.or    s0, a3
core   0: 3 0x8000b0f0 (0x8c55) x 8 0x7fff30bc
core   0: 0x8000b0f2 (0x32a4c093) xori    ra, s1, 810
core   0: 3 0x8000b0f2 (0x32a4c093) x 1 0x0000032a
core   0: 0x8000b0f6 (0x00000001) c.nop
core   0: 3 0x8000b0f6 (0x0001)
core   0: 0x8000b0f8 (0x01759293) slli    t0, a1, 23
core   0: 3 0x8000b0f8 (0x01759293) x 5 0x72000000
core   0: 0x8000b0fc (0x00000001) c.nop
core   0: 3 0x8000b0fc (0x0001)
core   0: 0x8000b0fe (0x0043a433) slt     s0, t2, tp
core   0: 3 0x8000b0fe (0x0043a433) x 8 0x00000001
core   0: 0x8000b102 (0x022e40b3) div     ra, t3, sp
core   0: 3 0x8000b102 (0x022e40b3) x 1 0x00000000
core   0: 0x8000b106 (0x0000717d) c.addi16sp sp, -16
core   0: 3 0x8000b106 (0x717d) x 2 0xffffffe2
core   0: 0x8000b108 (0x0218cd63) blt     a7, ra, pc + 58
core   0: 3 0x8000b108 (0x0218cd63)
core   0: 0x8000b142 (0xb2600c93) li      s9, -1242
core   0: 3 0x8000b142 (0xb2600c93) x25 0xfffffb26
core   0: 0x8000b146 (0x00385c63) bge     a6, gp, pc + 24
core   0: 3 0x8000b146 (0x00385c63)
core   0: 0x8000b14a (0x00000c95) c.addi  s9, 5
core   0: 3 0x8000b14a (0x0c95) x25 0xfffffb2b
core   0: 0x8000b14c (0x000002b9) c.addi  t0, 14
core   0: 3 0x8000b14c (0x02b9) x 5 0x7200000e
core   0: 0x8000b14e (0x41205d93) srai    s11, zero, 18
core   0: 3 0x8000b14e (0x41205d93) x27 0x00000000
core   0: 0x8000b152 (0x33ce8913) addi    s2, t4, 828
core   0: 3 0x8000b152 (0x33ce8913) x18 0x00000427
core   0: 0x8000b156 (0x530bb293) sltiu   t0, s7, 1328
core   0: 3 0x8000b156 (0x530bb293) x 5 0x00000001
core   0: 0x8000b15a (0x0000974a) c.add   a4, s2
core   0: 3 0x8000b15a (0x974a) x14 0xfffffd5c
core   0: 0x8000b15c (0x00008ce5) c.and   s1, s1
core   0: 3 0x8000b15c (0x8ce5) x 9 0x00000000
core   0: 0x8000b15e (0x02603433) mulhu   s0, zero, t1
core   0: 3 0x8000b15e (0x02603433) x 8 0x00000000
core   0: 0x8000b162 (0x00b25f13) srli    t5, tp, 11
core   0: 3 0x8000b162 (0x00b25f13) x30 0x00000000
core   0: 0x8000b166 (0x0000880a) c.mv    a6, sp
core   0: 3 0x8000b166 (0x880a) x16 0xffffffe2
core   0: 0x8000b168 (0x007fa633) slt     a2, t6, t2
core   0: 3 0x8000b168 (0x007fa633) x12 0x00000000
core   0: 0x8000b16c (0x40185293) srai    t0, a6, 1
core   0: 3 0x8000b16c (0x40185293) x 5 0xfffffff1
core   0: 0x8000b170 (0x017508b3) add     a7, a0, s7
core   0: 3 0x8000b170 (0x017508b3) x17 0x80022e35
core   0: 0x8000b174 (0x00000001) c.nop
core   0: 3 0x8000b174 (0x0001)
core   0: 0x8000b176 (0x00008bfe) c.mv    s7, t6
core   0: 3 0x8000b176 (0x8bfe) x23 0x0000030f
core   0: 0x8000b178 (0x00009a8a) c.add   s5, sp
core   0: 3 0x8000b178 (0x9a8a) x21 0x2898dfe2
core   0: 0x8000b17a (0x00006d35) c.lui   s10, 0xd
core   0: 3 0x8000b17a (0x6d35) x26 0x0000d000
core   0: 0x8000b17c (0xf8c22793) slti    a5, tp, -116
core   0: 3 0x8000b17c (0xf8c22793) x15 0x00000000
core   0: 0x8000b180 (0x0394a133) mulhsu  sp, s1, s9
core   0: 3 0x8000b180 (0x0394a133) x 2 0x00000000
core   0: 0x8000b184 (0x011034b3) snez    s1, a7
core   0: 3 0x8000b184 (0x011034b3) x 9 0x00000001
core   0: 0x8000b188 (0xfce97d13) andi    s10, s2, -50
core   0: 3 0x8000b188 (0xfce97d13) x26 0x00000406
core   0: 0x8000b18c (0x018a0eb3) add     t4, s4, s8
core   0: 3 0x8000b18c (0x018a0eb3) x29 0x7fff367a
core   0: 0x8000b190 (0x4125ff17) auipc   t5, 0x4125f
core   0: 3 0x8000b190 (0x4125ff17) x30 0xc126a190
core   0: 0x8000b194 (0x02346763) bltu    s0, gp, pc + 46
core   0: 3 0x8000b194 (0x02346763)
core   0: 0x8000b198 (0x013d0f63) beq     s10, s3, pc + 30
core   0: 3 0x8000b198 (0x013d0f63)
core   0: 0x8000b19c (0x01104cb3) xor     s9, zero, a7
core   0: 3 0x8000b19c (0x01104cb3) x25 0x80022e35
core   0: 0x8000b1a0 (0x00008c91) c.sub   s1, a2
core   0: 3 0x8000b1a0 (0x8c91) x 9 0x00000001
core   0: 0x8000b1a2 (0x02817ab3) remu    s5, sp, s0
core   0: 3 0x8000b1a2 (0x02817ab3) x21 0x00000000
core   0: 0x8000b1a6 (0x00790fb3) add     t6, s2, t2
core   0: 3 0x8000b1a6 (0x00790fb3) x31 0xf789f435
core   0: 0x8000b1aa (0x00008ef1) c.and   a3, a2
core   0: 3 0x8000b1aa (0x8ef1) x13 0x00000000
core   0: 0x8000b1ac (0x00008876) c.mv    a6, t4
core   0: 3 0x8000b1ac (0x8876) x16 0x7fff367a
core   0: 0x8000b1ae (0x000097d6) c.add   a5, s5
core   0: 3 0x8000b1ae (0x97d6) x15 0x00000000
core   0: 0x8000b1b0 (0x0185ebb3) or      s7, a1, s8
core   0: 3 0x8000b1b0 (0x0185ebb3) x23 0xffff7fff
core   0: 0x8000b1b4 (0x00000b6e) c.slli  s6, 27
core   0: 3 0x8000b1b4 (0x0b6e) x22 0x20000000
core   0: 0x8000b1b6 (0x0ff0000f) fence   iorw,iorw
core   0: 3 0x8000b1b6 (0x0ff0000f)
core   0: 0x8000b1ba (0x037fc7b3) div     a5, t6, s7
core   0: 3 0x8000b1ba (0x037fc7b3) x15 0x000010eb
core   0: 0x8000b1be (0x0343e963) bltu    t2, s4, pc + 50
core   0: 3 0x8000b1be (0x0343e963)
core   0: 0x8000b1c2 (0x40bd8bb3) sub     s7, s11, a1
core   0: 3 0x8000b1c2 (0x40bd8bb3) x23 0x7ffd931c
core   0: 0x8000b1c6 (0x0145d393) srli    t2, a1, 20
core   0: 3 0x8000b1c6 (0x0145d393) x 7 0x00000800
core   0: 0x8000b1ca (0x00009f6a) c.add   t5, s10
core   0: 3 0x8000b1ca (0x9f6a) x30 0xc126a596
core   0: 0x8000b1cc (0x00000822) c.slli  a6, 8
core   0: 3 0x8000b1cc (0x0822) x16 0xff367a00
core   0: 0x8000b1ce (0x00f3de33) srl     t3, t2, a5
core   0: 3 0x8000b1ce (0x00f3de33) x28 0x00000001
core   0: 0x8000b1d2 (0x040bc463) bltz    s7, pc + 72
core   0: 3 0x8000b1d2 (0x040bc463)
core   0: 0x8000b1d6 (0x0000717d) c.addi16sp sp, -16
core   0: 3 0x8000b1d6 (0x717d) x 2 0xfffffff0
core   0: 0x8000b1d8 (0x01b2b033) sltu    zero, t0, s11
core   0: 3 0x8000b1d8 (0x01b2b033)
core   0: 0x8000b1dc (0x4060d9b3) sra     s3, ra, t1
core   0: 3 0x8000b1dc (0x4060d9b3) x19 0x00000000
core   0: 0x8000b1e0 (0x4055d033) sra     zero, a1, t0
core   0: 3 0x8000b1e0 (0x4055d033)
core   0: 0x8000b1e4 (0x03a374b3) remu    s1, t1, s10
core   0: 3 0x8000b1e4 (0x03a374b3) x 9 0x0000012f
core   0: 0x8000b1e8 (0x03f2f933) remu    s2, t0, t6
core   0: 3 0x8000b1e8 (0x03f2f933) x18 0x08760bbc
core   0: 0x8000b1ec (0x005a2d33) slt     s10, s4, t0
core   0: 3 0x8000b1ec (0x005a2d33) x26 0x00000000
core   0: 0x8000b1f0 (0x0066d7b3) srl     a5, a3, t1
core   0: 3 0x8000b1f0 (0x0066d7b3) x15 0x00000000
core   0: 0x8000b1f4 (0x40dbd813) srai    a6, s7, 13
core   0: 3 0x8000b1f4 (0x40dbd813) x16 0x0003ffec
core   0: 0x8000b1f8 (0x00272133) slt     sp, a4, sp
core   0: 3 0x8000b1f8 (0x00272133) x 2 0x00000001
core   0: 0x8000b1fc (0x00008c85) c.sub   s1, s1
core   0: 3 0x8000b1fc (0x8c85) x 9 0x00000000
core   0: 0x8000b1fe (0x02212ab3) mulhsu  s5, sp, sp
core   0: 3 0x8000b1fe (0x02212ab3) x21 0x00000000
core   0: 0x8000b202 (0x015e6633) or      a2, t3, s5
core   0: 3 0x8000b202 (0x015e6633) x12 0x00000001
core   0: 0x8000b206 (0x0000615d) c.addi16sp sp, 432
core   0: 3 0x8000b206 (0x615d) x 2 0x000001b1
core   0: 0x8000b208 (0x000a9f63) bnez    s5, pc + 30
core   0: 3 0x8000b208 (0x000a9f63)
core   0: 0x8000b20c (0x0083fc13) andi    s8, t2, 8
core   0: 3 0x8000b20c (0x0083fc13) x24 0x00000000
core   0: 0x8000b210 (0x01572a93) slti    s5, a4, 21
core   0: 3 0x8000b210 (0x01572a93) x21 0x00000001
core   0: 0x8000b214 (0x01e692b3) sll     t0, a3, t5
core   0: 3 0x8000b214 (0x01e692b3) x 5 0x00000000
core   0: 0x8000b218 (0x00008f5d) c.or    a4, a5
core   0: 3 0x8000b218 (0x8f5d) x14 0xfffffd5c
core   0: 0x8000b21a (0x00008845) c.andi  s0, 17
core   0: 3 0x8000b21a (0x8845) x 8 0x00000000
core   0: 0x8000b21c (0x000067ad) c.lui   a5, 0xb
core   0: 3 0x8000b21c (0x67ad) x15 0x0000b000
core   0: 0x8000b21e (0x649ad0b7) lui     ra, 0x649ad
core   0: 3 0x8000b21e (0x649ad0b7) x 1 0x649ad000
core   0: 0x8000b222 (0x0252afb3) mulhsu  t6, t0, t0
core   0: 3 0x8000b222 (0x0252afb3) x31 0x00000000
core   0: 0x8000b226 (0x03c54e33) div     t3, a0, t3
core   0: 3 0x8000b226 (0x03c54e33) x28 0x80022e2c
core   0: 0x8000b22a (0x00000001) c.nop
core   0: 3 0x8000b22a (0x0001)
core   0: 0x8000b22c (0x00008fad) c.xor   a5, a1
core   0: 3 0x8000b22c (0x8fad) x15 0x8002dce4
core   0: 0x8000b22e (0x0334e333) rem     t1, s1, s3
core   0: 3 0x8000b22e (0x0334e333) x 6 0x00000000
core   0: 0x8000b232 (0x00008f4d) c.or    a4, a1
core   0: 3 0x8000b232 (0x8f4d) x14 0xfffffdfc
core   0: 0x8000b234 (0x01fe1463) bne     t3, t6, pc + 8
core   0: 3 0x8000b234 (0x01fe1463)
core   0: 0x8000b23c (0x4c004c93) xori    s9, zero, 1216
core   0: 3 0x8000b23c (0x4c004c93) x25 0x000004c0
core   0: 0x8000b240 (0x950f6693) ori     a3, t5, -1712
core   0: 3 0x8000b240 (0x950f6693) x13 0xfffffdd6
core   0: 0x8000b244 (0x0217d263) bge     a5, ra, pc + 36
core   0: 3 0x8000b244 (0x0217d263)
core   0: 0x8000b248 (0x00979a33) sll     s4, a5, s1
core   0: 3 0x8000b248 (0x00979a33) x20 0x8002dce4
core   0: 0x8000b24c (0x00000001) c.nop
core   0: 3 0x8000b24c (0x0001)
core   0: 0x8000b24e (0x4ea74613) xori    a2, a4, 1258
core   0: 3 0x8000b24e (0x4ea74613) x12 0xfffff916
core   0: 0x8000b252 (0x00ea97b3) sll     a5, s5, a4
core   0: 3 0x8000b252 (0x00ea97b3) x15 0x10000000
core   0: 0x8000b256 (0xb4292313) slti    t1, s2, -1214
core   0: 3 0x8000b256 (0xb4292313) x 6 0x00000000
core   0: 0x8000b25a (0x01949e63) bne     s1, s9, pc + 28
core   0: 3 0x8000b25a (0x01949e63)
core   0: 0x8000b276 (0x8b113793) sltiu   a5, sp, -1871
core   0: 3 0x8000b276 (0x8b113793) x15 0x00000001
core   0: 0x8000b27a (0x01550a63) beq     a0, s5, pc + 20
core   0: 3 0x8000b27a (0x01550a63)
core   0: 0x8000b27e (0x409e5133) sra     sp, t3, s1
core   0: 3 0x8000b27e (0x409e5133) x 2 0x80022e2c
core   0: 0x8000b282 (0x00008cad) c.xor   s1, a1
core   0: 3 0x8000b282 (0x8cad) x 9 0x80026ce4
core   0: 0x8000b284 (0x52720417) auipc   s0, 0x52720
core   0: 3 0x8000b284 (0x52720417) x 8 0xd272b284
core   0: 0x8000b288 (0x0000717d) c.addi16sp sp, -16
core   0: 3 0x8000b288 (0x717d) x 2 0x80022e1c
core   0: 0x8000b28a (0x81caba13) sltiu   s4, s5, -2020
core   0: 3 0x8000b28a (0x81caba13) x20 0x00000001
core   0: 0x8000b28e (0x9f2e2f93) slti    t6, t3, -1550
core   0: 3 0x8000b28e (0x9f2e2f93) x31 0x00000001
core   0: 0x8000b292 (0x02a4ed33) rem     s10, s1, a0
core   0: 3 0x8000b292 (0x02a4ed33) x26 0x80026ce4
core   0: 0x8000b296 (0x00d66933) or      s2, a2, a3
core   0: 3 0x8000b296 (0x00d66933) x18 0xfffffdd6
core   0: 0x8000b29a (0x021c82b3) mul     t0, s9, ra
core   0: 3 0x8000b29a (0x021c82b3) x 5 0xdf5c0000
core   0: 0x8000b29e (0x83952c93) slti    s9, a0, -1991
core   0: 3 0x8000b29e (0x83952c93) x25 0x00000001
core   0: 0x8000b2a2 (0x00b95693) srli    a3, s2, 11
core   0: 3 0x8000b2a2 (0x00b95693) x13 0x001fffff
core   0: 0x8000b2a6 (0x0284cc33) div     s8, s1, s0
core   0: 3 0x8000b2a6 (0x0284cc33) x24 0x00000002
core   0: 0x8000b2aa (0x02170763) beq     a4, ra, pc + 46
core   0: 3 0x8000b2aa (0x02170763)
core   0: 0x8000b2ae (0x00008e01) c.sub   a2, s0
core   0: 3 0x8000b2ae (0x8e01) x12 0x2d8d4692
core   0: 0x8000b2b0 (0x0000870d) c.srai  a4, 3
core   0: 3 0x8000b2b0 (0x870d) x14 0xffffffbf
core   0: 0x8000b2b2 (0x00000384) c.addi4spn s1, sp, 448
core   0: 3 0x8000b2b2 (0x0384) x 9 0x80022fdc
core   0: 0x8000b2b4 (0x015936b3) sltu    a3, s2, s5
core   0: 3 0x8000b2b4 (0x015936b3) x13 0x00000000
core   0: 0x8000b2b8 (0x00001a94) c.addi4spn a3, sp, 368
core   0: 3 0x8000b2b8 (0x1a94) x13 0x80022f8c
core   0: 0x8000b2ba (0x00006fdd) c.lui   t6, 0x17
core   0: 3 0x8000b2ba (0x6fdd) x31 0x00017000
core   0: 0x8000b2bc (0x00006121) c.addi16sp sp, 64
core   0: 3 0x8000b2bc (0x6121) x 2 0x80022e5c
core   0: 0x8000b2be (0x02045733) divu    a4, s0, zero
core   0: 3 0x8000b2be (0x02045733) x14 0xffffffff
core   0: 0x8000b2c2 (0x0000717d) c.addi16sp sp, -16
core   0: 3 0x8000b2c2 (0x717d) x 2 0x80022e4c
core   0: 0x8000b2c4 (0x16580413) addi    s0, a6, 357
core   0: 3 0x8000b2c4 (0x16580413) x 8 0x00040151
core   0: 0x8000b2c8 (0x413408b3) sub     a7, s0, s3
core   0: 3 0x8000b2c8 (0x413408b3) x17 0x00040151
core   0: 0x8000b2cc (0x0000100f) fence.i
core   0: 3 0x8000b2cc (0x0000100f)
core   0: 0x8000b2d0 (0x02d731b3) mulhu   gp, a4, a3
core   0: 3 0x8000b2d0 (0x02d731b3) x 3 0x80022f8b
core   0: 0x8000b2d4 (0x003b4d33) xor     s10, s6, gp
core   0: 3 0x8000b2d4 (0x003b4d33) x26 0xa0022f8b
core   0: 0x8000b2d8 (0x13487393) andi    t2, a6, 308
core   0: 3 0x8000b2d8 (0x13487393) x 7 0x00000124
core   0: 0x8000b2dc (0x00452283) lw      t0, 4(a0)
core   0: 3 0x8000b2dc (0x00452283) x 5 0x8000a4fa mem 0x80022e30
core   0: 0x8000b2e0 (0x0000937a) c.add   t1, t5
core   0: 3 0x8000b2e0 (0x937a) x 6 0xc126a596
core   0: 0x8000b2e2 (0x00009ebe) c.add   t4, a5
core   0: 3 0x8000b2e2 (0x9ebe) x29 0x7fff367b
core   0: 0x8000b2e4 (0x41d3dd33) sra     s10, t2, t4
core   0: 3 0x8000b2e4 (0x41d3dd33) x26 0x00000000
core   0: 0x8000b2e8 (0x00000571) c.addi  a0, 28
core   0: 3 0x8000b2e8 (0x0571) x10 0x80022e48
core   0: 0x8000b2ea (0x02f1b833) mulhu   a6, gp, a5
core   0: 3 0x8000b2ea (0x02f1b833) x16 0x00000000
core   0: 0x8000b2ee (0x00028613) mv      a2, t0
core   0: 3 0x8000b2ee (0x00028613) x12 0x8000a4fa
core   0: 0x8000b2f2 (0x00009602) c.jalr  a2
core   0: 3 0x8000b2f2 (0x9602) x 1 0x8000b2f4
core   0: 0x8000a4fa (0x0000b997) auipc   s3, 0xb
core   0: 3 0x8000a4fa (0x0000b997) x19 0x800154fa
core   0: 0x8000a4fe (0x8c398993) addi    s3, s3, -1853
core   0: 3 0x8000a4fe (0x8c398993) x19 0x80014dbd
core   0: 0x8000a502 (0x00008779) c.srai  a4, 30
core   0: 3 0x8000a502 (0x8779) x14 0xffffffff
core   0: 0x8000a504 (0xfc698823) sb      t1, -48(s3)
core   0: 3 0x8000a504 (0xfc698823) mem 0x80014d8d 0x96
core   0: 0x8000a508 (0x03e98323) sb      t5, 38(s3)
core   0: 3 0x8000a508 (0x03e98323) mem 0x80014de3 0x96
core   0: 0x8000a50c (0xfee98d83) lb      s11, -18(s3)
core   0: 3 0x8000a50c (0xfee98d83) x27 0x00000060 mem 0x80014dab
core   0: 0x8000a510 (0x00008309) c.srli  a4, 2
core   0: 3 0x8000a510 (0x8309) x14 0x3fffffff
core   0: 0x8000a512 (0x04198023) sb      ra, 64(s3)
core   0: 3 0x8000a512 (0x04198023) mem 0x80014dfd 0xf4
core   0: 0x8000a516 (0xfc898703) lb      a4, -56(s3)
core   0: 3 0x8000a516 (0xfc898703) x14 0x0000003e mem 0x80014d85
core   0: 0x8000a51a (0x00000001) c.nop
core   0: 3 0x8000a51a (0x0001)
core   0: 0x8000a51c (0x03ce2633) mulhsu  a2, t3, t3
core   0: 3 0x8000a51c (0x03ce2633) x12 0xc0000004
core   0: 0x8000a520 (0xff19d703) lhu     a4, -15(s3)
core   0: 3 0x8000a520 (0xff19d703) x14 0x00006465 mem 0x80014dae
core   0: 0x8000a524 (0x00799b03) lh      s6, 7(s3)
core   0: 3 0x8000a524 (0x00799b03) x22 0x00007e7f mem 0x80014dc4
core   0: 0x8000a528 (0x03f98623) sb      t6, 44(s3)
core   0: 3 0x8000a528 (0x03f98623) mem 0x80014de9 0x0
core   0: 0x8000a52c (0xe9bf0e93) addi    t4, t5, -357
core   0: 3 0x8000a52c (0xe9bf0e93) x29 0xc126a431
core   0: 0x8000a530 (0x00005f7d) c.li    t5, -1
core   0: 3 0x8000a530 (0x5f7d) x30 0xffffffff
core   0: 0x8000a532 (0xff89c083) lbu     ra, -8(s3)
core   0: 3 0x8000a532 (0xff89c083) x 1 0x0000006e mem 0x80014db5
core   0: 0x8000a536 (0x00008795) c.srai  a5, 5
core   0: 3 0x8000a536 (0x8795) x15 0x00000000
core   0: 0x8000a538 (0xff49c783) lbu     a5, -12(s3)
core   0: 3 0x8000a538 (0xff49c783) x15 0x0000006a mem 0x80014db1
core   0: 0x8000a53c (0x00000001) c.nop
core   0: 3 0x8000a53c (0x0001)
core   0: 0x8000a53e (0xfe29c383) lbu     t2, -30(s3)
core   0: 3 0x8000a53e (0xfe29c383) x 7 0x00000054 mem 0x80014d9f
core   0: 0x8000a542 (0x010981a3) sb      a6, 3(s3)
core   0: 3 0x8000a542 (0x010981a3) mem 0x80014dc0 0x0
core   0: 0x8000a546 (0x02e9cd83) lbu     s11, 46(s3)
core   0: 3 0x8000a546 (0x02e9cd83) x27 0x000000a0 mem 0x80014deb
core   0: 0x8000a54a (0x007c5bb3) srl     s7, s8, t2
core   0: 3 0x8000a54a (0x007c5bb3) x23 0x00000000
core   0: 0x8000a54e (0xff598fa3) sb      s5, -1(s3)
core   0: 3 0x8000a54e (0xff598fa3) mem 0x80014dbc 0x1
core   0: 0x8000a552 (0x02f9df03) lhu     t5, 47(s3)
core   0: 3 0x8000a552 (0x02f9df03) x30 0x0000a6a7 mem 0x80014dec
core   0: 0x8000a556 (0x412153b3) sra     t2, sp, s2
core   0: 3 0x8000a556 (0x412153b3) x 7 0xfffffe00
core   0: 0x8000a55a (0x0369c483) lbu     s1, 54(s3)
core   0: 3 0x8000a55a (0x0369c483) x 9 0x000000a8 mem 0x80014df3
core   0: 0x8000a55e (0x00008649) c.srai  a2, 18
core   0: 3 0x8000a55e (0x8649) x12 0xfffff000
core   0: 0x8000a560 (0xffe996a3) sh      t5, -19(s3)
core   0: 3 0x8000a560 (0xffe996a3) mem 0x80014daa 0xa6a7
core   0: 0x8000a564 (0x0a898693) addi    a3, s3, 168
core   0: 3 0x8000a564 (0x0a898693) x13 0x80014e65
core   0: 0x8000a568 (0xf3c3e893) ori     a7, t2, -196
core   0: 3 0x8000a568 (0xf3c3e893) x17 0xffffff3c
core   0: 0x8000a56c (0x01d7ce33) xor     t3, a5, t4
core   0: 3 0x8000a56c (0x01d7ce33) x28 0xc126a45b
core   0: 0x8000a570 (0x037c5f33) divu    t5, s8, s7
core   0: 3 0x8000a570 (0x037c5f33) x30 0xffffffff
core   0: 0x8000a574 (0x018cf1b3) and     gp, s9, s8
core   0: 3 0x8000a574 (0x018cf1b3) x 3 0x00000000
core   0: 0x8000a578 (0x00000001) c.nop
core   0: 3 0x8000a578 (0x0001)
core   0: 0x8000a57a (0x016bc463) blt     s7, s6, pc + 8
core   0: 3 0x8000a57a (0x016bc463)
core   0: 0x8000a582 (0x03883ab3) mulhu   s5, a6, s8
core   0: 3 0x8000a582 (0x03883ab3) x21 0x00000000
core   0: 0x8000a586 (0x0000100f) fence.i
core   0: 3 0x8000a586 (0x0000100f)
core   0: 0x8000a58a (0x02c3c563) blt     t2, a2, pc + 42
core   0: 3 0x8000a58a (0x02c3c563)
core   0: 0x8000a58e (0x002ed263) bge     t4, sp, pc + 4
core   0: 3 0x8000a58e (0x002ed263)
core   0: 0x8000a592 (0x00745433) srl     s0, s0, t2
core   0: 3 0x8000a592 (0x00745433) x 8 0x00040151
core   0: 0x8000a596 (0x00009bfd) c.andi  a5, -1
core   0: 3 0x8000a596 (0x9bfd) x15 0x0000006a
core   0: 0x8000a598 (0x00008365) c.srli  a4, 25
core   0: 3 0x8000a598 (0x8365) x14 0x00000000
core   0: 0x8000a59a (0x00000914) c.addi4spn a3, sp, 144
core   0: 3 0x8000a59a (0x0914) x13 0x80022edc
core   0: 0x8000a59c (0x02fd3433) mulhu   s0, s10, a5
core   0: 3 0x8000a59c (0x02fd3433) x 8 0x00000000
core   0: 0x8000a5a0 (0x00f33933) sltu    s2, t1, a5
core   0: 3 0x8000a5a0 (0x00f33933) x18 0x00000000
core   0: 0x8000a5a4 (0x5e4a8b13) addi    s6, s5, 1508
core   0: 3 0x8000a5a4 (0x5e4a8b13) x22 0x000005e4
core   0: 0x8000a5a8 (0x00001bfd) c.addi  s7, -1
core   0: 3 0x8000a5a8 (0x1bfd) x23 0xffffffff
core   0: 0x8000a5aa (0x03f8d3b3) divu    t2, a7, t6
core   0: 3 0x8000a5aa (0x03f8d3b3) x 7 0x0000b216
core   0: 0x8000a5ae (0x017153b3) srl     t2, sp, s7
core   0: 3 0x8000a5ae (0x017153b3) x 7 0x00000001
core   0: 0x8000a5b2 (0x00008e99) c.sub   a3, a4
core   0: 3 0x8000a5b2 (0x8e99) x13 0x80022edc
core   0: 0x8000a5b4 (0x00cdccb3) xor     s9, s11, a2
core   0: 3 0x8000a5b4 (0x00cdccb3) x25 0xfffff0a0
core   0: 0x8000a5b8 (0xe1452b93) slti    s7, a0, -492
core   0: 3 0x8000a5b8 (0xe1452b93) x23 0x00000001
core   0: 0x8000a5bc (0x0310ea63) bltu    ra, a7, pc + 52
core   0: 3 0x8000a5bc (0x0310ea63)
core   0: 0x8000a5f0 (0x0000100f) fence.i
core   0: 3 0x8000a5f0 (0x0000100f)
core   0: 0x8000a5f4 (0x011386b3) add     a3, t2, a7
core   0: 3 0x8000a5f4 (0x011386b3) x13 0xffffff3d
core   0: 0x8000a5f8 (0xa077e937) lui     s2, 0xa077e
core   0: 3 0x8000a5f8 (0xa077e937) x18 0xa077e000
core   0: 0x8000a5fc (0x03ab2cb3) mulhsu  s9, s6, s10
core   0: 3 0x8000a5fc (0x03ab2cb3) x25 0x00000000
core   0: 0x8000a600 (0x9c504113) xori    sp, zero, -1595
core   0: 3 0x8000a600 (0x9c504113) x 2 0xfffff9c5
core   0: 0x8000a604 (0x01eb2933) slt     s2, s6, t5
core   0: 3 0x8000a604 (0x01eb2933) x18 0x00000000
core   0: 0x8000a608 (0x1e0b2d13) slti    s10, s6, 480
core   0: 3 0x8000a608 (0x1e0b2d13) x26 0x00000000
core   0: 0x8000a60c (0x0381c263) blt     gp, s8, pc + 36
core   0: 3 0x8000a60c (0x0381c263)
core   0: 0x8000a630 (0x00008fb9) c.xor   a5, a4
core   0: 3 0x8000a630 (0x8fb9) x15 0x0000006a
core   0: 0x8000a632 (0x00008a11) c.andi  a2, 4
core   0: 3 0x8000a632 (0x8a11) x12 0x00000000
core   0: 0x8000a634 (0xdcf8be97) auipc   t4, 0xdcf8b
core   0: 3 0x8000a634 (0xdcf8be97) x29 0x5cf95634
core   0: 0x8000a638 (0x00c36733) or      a4, t1, a2
core   0: 3 0x8000a638 (0x00c36733) x14 0xc126a596
core   0: 0x8000a63c (0x019e9033) sll     zero, t4, s9
core   0: 3 0x8000a63c (0x019e9033)
core   0: 0x8000a640 (0x0256e3b3) rem     t2, a3, t0
core   0: 3 0x8000a640 (0x0256e3b3) x 7 0xffffff3d
core   0: 0x8000a644 (0x02894e63) blt     s2, s0, pc + 60
core   0: 3 0x8000a644 (0x02894e63)
core   0: 0x8000a648 (0x0345bdb3) mulhu   s11, a1, s4
core   0: 3 0x8000a648 (0x0345bdb3) x27 0x00000000
core   0: 0x8000a64c (0x01b24263) blt     tp, s11, pc + 4
core   0: 3 0x8000a64c (0x01b24263)
core   0: 0x8000a650 (0x000080a2) c.mv    ra, s0
core   0: 3 0x8000a650 (0x80a2) x 1 0x00000000
core   0: 0x8000a652 (0x0280bd33) mulhu   s10, ra, s0
core   0: 3 0x8000a652 (0x0280bd33) x26 0x00000000
core   0: 0x8000a656 (0x736f4113) xori    sp, t5, 1846
core   0: 3 0x8000a656 (0x736f4113) x 2 0xfffff8c9
core   0: 0x8000a65a (0x40475f93) srai    t6, a4, 4
core   0: 3 0x8000a65a (0x40475f93) x31 0xfc126a59
core   0: 0x8000a65e (0x0000717d) c.addi16sp sp, -16
core   0: 3 0x8000a65e (0x717d) x 2 0xfffff8b9
core   0: 0x8000a660 (0x01af2933) slt     s2, t5, s10
core   0: 3 0x8000a660 (0x01af2933) x18 0x00000001
core   0: 0x8000a664 (0x0112d4b3) srl     s1, t0, a7
core   0: 3 0x8000a664 (0x0112d4b3) x 9 0x00000008
core   0: 0x8000a668 (0x03bf48b3) div     a7, t5, s11
core   0: 3 0x8000a668 (0x03bf48b3) x17 0xffffffff
core   0: 0x8000a66c (0x02fcfb33) remu    s6, s9, a5
core   0: 3 0x8000a66c (0x02fcfb33) x22 0x00000000
core   0: 0x8000a670 (0xbe5fd337) lui     t1, 0xbe5fd
core   0: 3 0x8000a670 (0xbe5fd337) x 6 0xbe5fd000
core   0: 0x8000a674 (0x02b001b3) mul     gp, zero, a1
core   0: 3 0x8000a674 (0x02b001b3) x 3 0x00000000
core   0: 0x8000a678 (0x36b5ad13) slti    s10, a1, 875
core   0: 3 0x8000a678 (0x36b5ad13) x26 0x00000001
core   0: 0x8000a67c (0x41e85493) srai    s1, a6, 30
core   0: 3 0x8000a67c (0x41e85493) x 9 0x00000000
core   0: 0x8000a680 (0xbbbbc893) xori    a7, s7, -1093
core   0: 3 0x8000a680 (0xbbbbc893) x17 0xfffffbba
core   0: 0x8000a684 (0x01a37263) bgeu    t1, s10, pc + 4
core   0: 3 0x8000a684 (0x01a37263)
core   0: 0x8000a688 (0x0311d033) divu    zero, gp, a7
core   0: 3 0x8000a688 (0x0311d033)
core   0: 0x8000a68c (0x00008cf9) c.and   s1, a4
core   0: 3 0x8000a68c (0x8cf9) x 9 0x00000000
core   0: 0x8000a68e (0x00008e01) c.sub   a2, s0
core   0: 3 0x8000a68e (0x8e01) x12 0x00000000
core   0: 0x8000a690 (0x00000001) c.nop
core   0: 3 0x8000a690 (0x0001)
core   0: 0x8000a692 (0x00000884) c.addi4spn s1, sp, 80
core   0: 3 0x8000a692 (0x0884) x 9 0xfffff909
core   0: 0x8000a694 (0x023081b3) mul     gp, ra, gp
core   0: 3 0x8000a694 (0x023081b3) x 3 0x00000000
core   0: 0x8000a698 (0x00000bed) c.addi  s7, 27
core   0: 3 0x8000a698 (0x0bed) x23 0x0000001c
core   0: 0x8000a69a (0x00f69f13) slli    t5, a3, 15
core   0: 3 0x8000a69a (0x00f69f13) x30 0xff9e8000
core   0: 0x8000a69e (0x020c0763) beqz    s8, pc + 46
core   0: 3 0x8000a69e (0x020c0763)
core   0: 0x8000a6a2 (0x84c2aab7) lui     s5, 0x84c2a
core   0: 3 0x8000a6a2 (0x84c2aab7) x21 0x84c2a000
core   0: 0x8000a6a6 (0x00006109) c.addi16sp sp, 128
core   0: 3 0x8000a6a6 (0x6109) x 2 0xfffff939
core   0: 0x8000a6a8 (0x0297b633) mulhu   a2, a5, s1
core   0: 3 0x8000a6a8 (0x0297b633) x12 0x00000069
core   0: 0x8000a6ac (0x032b4863) blt     s6, s2, pc + 48
core   0: 3 0x8000a6ac (0x032b4863)
core   0: 0x8000a6dc (0x9d59c013) xori    zero, s3, -1579
core   0: 3 0x8000a6dc (0x9d59c013)
core   0: 0x8000a6e0 (0x00049ab3) sll     s5, s1, zero
core   0: 3 0x8000a6e0 (0x00049ab3) x21 0xfffff909
core   0: 0x8000a6e4 (0x00009122) c.add   sp, s0
core   0: 3 0x8000a6e4 (0x9122) x 2 0xfffff939
core   0: 0x8000a6e6 (0x0183f033) and     zero, t2, s8
core   0: 3 0x8000a6e6 (0x0183f033)
core   0: 0x8000a6ea (0x0000cb0d) c.beqz  a4, pc + 50
core   0: 3 0x8000a6ea (0xcb0d)
core   0: 0x8000a6ec (0x029dbc33) mulhu   s8, s11, s1
core   0: 3 0x8000a6ec (0x029dbc33) x24 0x00000000
core   0: 0x8000a6f0 (0x0000cf89) c.beqz  a5, pc + 26
core   0: 3 0x8000a6f0 (0xcf89)
core   0: 0x8000a6f2 (0x3c83b397) auipc   t2, 0x3c83b
core   0: 3 0x8000a6f2 (0x3c83b397) x 7 0xbc8456f2
core   0: 0x8000a6f6 (0x0000100f) fence.i
core   0: 3 0x8000a6f6 (0x0000100f)
core   0: 0x8000a6fa (0x00af5193) srli    gp, t5, 10
core   0: 3 0x8000a6fa (0x00af5193) x 3 0x003fe7a0
core   0: 0x8000a6fe (0x011b6463) bltu    s6, a7, pc + 8
core   0: 3 0x8000a6fe (0x011b6463)
core   0: 0x8000a706 (0x001866b3) or      a3, a6, ra
core   0: 3 0x8000a706 (0x001866b3) x13 0x00000000
core   0: 0x8000a70a (0x005c3eb3) sltu    t4, s8, t0
core   0: 3 0x8000a70a (0x005c3eb3) x29 0x00000001
core   0: 0x8000a70e (0x000004aa) c.slli  s1, 10
core   0: 3 0x8000a70e (0x04aa) x 9 0xffe42400
core   0: 0x8000a710 (0x001ef833) and     a6, t4, ra
core   0: 3 0x8000a710 (0x001ef833) x16 0x00000000
core   0: 0x8000a714 (0x00004b21) c.li    s6, 8
core   0: 3 0x8000a714 (0x4b21) x22 0x00000008
core   0: 0x8000a716 (0x0078dc93) srli    s9, a7, 7
core   0: 3 0x8000a716 (0x0078dc93) x25 0x01fffff7
core   0: 0x8000a71a (0x00008cc1) c.or    s1, s0
core   0: 3 0x8000a71a (0x8cc1) x 9 0xffe42400
core   0: 0x8000a71c (0x00008691) c.srai  a3, 4
core   0: 3 0x8000a71c (0x8691) x13 0x00000000
core   0: 0x8000a71e (0x00005e7d) c.li    t3, -1
core   0: 3 0x8000a71e (0x5e7d) x28 0xffffffff
core   0: 0x8000a720 (0x032c47b3) div     a5, s8, s2
core   0: 3 0x8000a720 (0x032c47b3) x15 0x00000000
core   0: 0x8000a724 (0x000064e5) c.lui   s1, 0x19
core   0: 3 0x8000a724 (0x64e5) x 9 0x00019000
core   0: 0x8000a726 (0x000084b5) c.srai  s1, 13
core   0: 3 0x8000a726 (0x84b5) x 9 0x0000000c
core   0: 0x8000a728 (0x014aedb3) or      s11, s5, s4
core   0: 3 0x8000a728 (0x014aedb3) x27 0xfffff909
core   0: 0x8000a72c (0x00000455) c.addi  s0, 21
core   0: 3 0x8000a72c (0x0455) x 8 0x00000015
core   0: 0x8000a72e (0x00008315) c.srli  a4, 5
core   0: 3 0x8000a72e (0x8315) x14 0x0609352c
core   0: 0x8000a730 (0x40f8d7b3) sra     a5, a7, a5
core   0: 3 0x8000a730 (0x40f8d7b3) x15 0xfffffbba
core   0: 0x8000a734 (0x03cf17b3) mulh    a5, t5, t3
core   0: 3 0x8000a734 (0x03cf17b3) x15 0x00000000
core   0: 0x8000a738 (0x00009e8a) c.add   t4, sp
core   0: 3 0x8000a738 (0x9e8a) x29 0xfffff93a
core   0: 0x8000a73a (0x00219433) sll     s0, gp, sp
core   0: 3 0x8000a73a (0x00219433) x 8 0x40000000
core   0: 0x8000a73e (0x00000a9c) c.addi4spn a5, sp, 336
core   0: 3 0x8000a73e (0x0a9c) x15 0xfffffa89
core   0: 0x8000a740 (0x00001e84) c.addi4spn s1, sp, 880
core   0: 3 0x8000a740 (0x1e84) x 9 0xfffffca9
core   0: 0x8000a742 (0x03ced363) bge     t4, t3, pc + 38
core   0: 3 0x8000a742 (0x03ced363)
core   0: 0x8000a746 (0x027f1d33) mulh    s10, t5, t2
core   0: 3 0x8000a746 (0x027f1d33) x26 0x0019b398
core   0: 0x8000a74a (0x00008e31) c.xor   a2, a2
core   0: 3 0x8000a74a (0x8e31) x12 0x00000000
core   0: 0x8000a74c (0x01ca7133) and     sp, s4, t3
core   0: 3 0x8000a74c (0x01ca7133) x 2 0x00000001
core   0: 0x8000a750 (0x000099c2) c.add   s3, a6
core   0: 3 0x8000a750 (0x99c2) x19 0x80014dbd
core   0: 0x8000a752 (0x0103db63) bge     t2, a6, pc + 22
core   0: 3 0x8000a752 (0x0103db63)
core   0: 0x8000a756 (0x44cd4193) xori    gp, s10, 1100
core   0: 3 0x8000a756 (0x44cd4193) x 3 0x0019b7d4
core   0: 0x8000a75a (0x000054fd) c.li    s1, -1
core   0: 3 0x8000a75a (0x54fd) x 9 0xffffffff
core   0: 0x8000a75c (0x0164e663) bltu    s1, s6, pc + 12
core   0: 3 0x8000a75c (0x0164e663)
core   0: 0x8000a760 (0x00008c89) c.sub   s1, a0
core   0: 3 0x8000a760 (0x8c89) x 9 0x7ffdd1b7
core   0: 0x8000a762 (0x58db8413) addi    s0, s7, 1421
core   0: 3 0x8000a762 (0x58db8413) x 8 0x000005a9
core   0: 0x8000a766 (0x00008c35) c.xor   s0, a3
core   0: 3 0x8000a766 (0x8c35) x 8 0x000005a9
core   0: 0x8000a768 (0x00137f33) and     t5, t1, ra
core   0: 3 0x8000a768 (0x00137f33) x30 0x00000000
core   0: 0x8000a76c (0x0000547d) c.li    s0, -1
core   0: 3 0x8000a76c (0x547d) x 8 0xffffffff
core   0: 0x8000a76e (0x00452283) lw      t0, 4(a0)
core   0: 3 0x8000a76e (0x00452283) x 5 0x8000a426 mem 0x80022e4c
core   0: 0x8000a772 (0x00000521) c.addi  a0, 8
core   0: 3 0x8000a772 (0x0521) x10 0x80022e50
core   0: 0x8000a774 (0x00009db2) c.add   s11, a2
core   0: 3 0x8000a774 (0x9db2) x27 0xfffff909
core   0: 0x8000a776 (0x866fb793) sltiu   a5, t6, -1946
core   0: 3 0x8000a776 (0x866fb793) x15 0x00000001
core   0: 0x8000a77a (0x00009eaa) c.add   t4, a0
core   0: 3 0x8000a77a (0x9eaa) x29 0x8002278a
core   0: 0x8000a77c (0x00028e93) mv      t4, t0
core   0: 3 0x8000a77c (0x00028e93) x29 0x8000a426
core   0: 0x8000a780 (0x000e8ee7) jalr    t4, t4, 0
core   0: 3 0x8000a780 (0x000e8ee7) x29 0x8000a784
core   0: 0x8000a426 (0x000092d6) c.add   t0, s5
core   0: 3 0x8000a426 (0x92d6) x 5 0x80009d2f
core   0: 0x8000a428 (0x00000797) auipc   a5, 0x0
core   0: 3 0x8000a428 (0x00000797) x15 0x8000a428
core   0: 0x8000a42c (0x35c78793) addi    a5, a5, 860
core   0: 3 0x8000a42c (0x35c78793) x15 0x8000a784
core   0: 0x8000a430 (0xf3f97cb7) lui     s9, 0xf3f97
core   0: 3 0x8000a430 (0xf3f97cb7) x25 0xf3f97000
core   0: 0x8000a434 (0x4003d933) sra     s2, t2, zero
core   0: 3 0x8000a434 (0x4003d933) x18 0xbc8456f2
core   0: 0x8000a438 (0x00009de2) c.add   s11, s8
core   0: 3 0x8000a438 (0x9de2) x27 0xfffff909
core   0: 0x8000a43a (0x0e1e6317) auipc   t1, 0xe1e6
core   0: 3 0x8000a43a (0x0e1e6317) x 6 0x8e1f043a
core   0: 0x8000a43e (0x0bf78793) addi    a5, a5, 191
core   0: 3 0x8000a43e (0x0bf78793) x15 0x8000a843
core   0: 0x8000a442 (0x00006151) c.addi16sp sp, 272
core   0: 3 0x8000a442 (0x6151) x 2 0x00000111
core   0: 0x8000a444 (0x01b5f733) and     a4, a1, s11
core   0: 3 0x8000a444 (0x01b5f733) x14 0x80026800
core   0: 0x8000a448 (0xf41782e7) jalr    t0, a5, -191
core   0: 3 0x8000a448 (0xf41782e7) x 5 0x8000a44c
core   0: 0x8000a784 (0x406fd0b3) sra     ra, t6, t1
core   0: 3 0x8000a784 (0x406fd0b3) x 1 0xffffffff
core   0: 0x8000a788 (0x00001501) c.addi  a0, -32
core   0: 3 0x8000a788 (0x1501) x10 0x80022e30
core   0: 0x8000a78a (0x40165bb3) sra     s7, a2, ra
core   0: 3 0x8000a78a (0x40165bb3) x23 0x00000000
core   0: 0x8000a78e (0x00552223) sw      t0, 4(a0)
core   0: 3 0x8000a78e (0x00552223) mem 0x80022e34 0x8000a44c
core   0: 0x8000a792 (0x0075b333) sltu    t1, a1, t2
core   0: 3 0x8000a792 (0x0075b333) x 6 0x00000001
core   0: 0x8000a796 (0x020aaa33) mulhsu  s4, s5, zero
core   0: 3 0x8000a796 (0x020aaa33) x20 0x00000000
core   0: 0x8000a79a (0x00008f01) c.sub   a4, s0
core   0: 3 0x8000a79a (0x8f01) x14 0x80026801
core   0: 0x8000a79c (0x000088d1) c.andi  s1, 20
core   0: 3 0x8000a79c (0x88d1) x 9 0x00000014
core   0: 0x8000a79e (0x01035913) srli    s2, t1, 16
core   0: 3 0x8000a79e (0x01035913) x18 0x00000000
core   0: 0x8000a7a2 (0x000040a9) c.li    ra, 10
core   0: 3 0x8000a7a2 (0x40a9) x 1 0x0000000a
core   0: 0x8000a7a4 (0x4d3e3d93) sltiu   s11, t3, 1235
core   0: 3 0x8000a7a4 (0x4d3e3d93) x27 0x00000000
core   0: 0x8000a7a8 (0x00008f65) c.and   a4, s1
core   0: 3 0x8000a7a8 (0x8f65) x14 0x00000000
core   0: 0x8000a7aa (0x0202d563) bgez    t0, pc + 42
core   0: 3 0x8000a7aa (0x0202d563)
core   0: 0x8000a7ae (0x00001e10) c.addi4spn a2, sp, 816
core   0: 3 0x8000a7ae (0x1e10) x12 0x00000441
core   0: 0x8000a7b0 (0x01f3f9b3) and     s3, t2, t6
core   0: 3 0x8000a7b0 (0x01f3f9b3) x19 0xbc004250
core   0: 0x8000a7b4 (0x0000100f) fence.i
core   0: 3 0x8000a7b4 (0x0000100f)
core   0: 0x8000a7b8 (0x00008bde) c.mv    s7, s7
core   0: 3 0x8000a7b8 (0x8bde) x23 0x00000000
core   0: 0x8000a7ba (0x0292e133) rem     sp, t0, s1
core   0: 3 0x8000a7ba (0x0292e133) x 2 0xfffffff8
core   0: 0x8000a7be (0x04d88163) beq     a7, a3, pc + 66
core   0: 3 0x8000a7be (0x04d88163)
core   0: 0x8000a7c2 (0x1bafb393) sltiu   t2, t6, 442
core   0: 3 0x8000a7c2 (0x1bafb393) x 7 0x00000000
core   0: 0x8000a7c6 (0x80f67b93) andi    s7, a2, -2033
core   0: 3 0x8000a7c6 (0x80f67b93) x23 0x00000001
core   0: 0x8000a7ca (0x022741b3) div     gp, a4, sp
core   0: 3 0x8000a7ca (0x022741b3) x 3 0x00000000
core   0: 0x8000a7ce (0x00000001) c.nop
core   0: 3 0x8000a7ce (0x0001)
core   0: 0x8000a7d0 (0x01027cb3) and     s9, tp, a6
core   0: 3 0x8000a7d0 (0x01027cb3) x25 0x00000000
core   0: 0x8000a7d4 (0xad306db7) lui     s11, 0xad306
core   0: 3 0x8000a7d4 (0xad306db7) x27 0xad306000
core   0: 0x8000a7d8 (0x01b4bf33) sltu    t5, s1, s11
core   0: 3 0x8000a7d8 (0x01b4bf33) x30 0x00000001
core   0: 0x8000a7dc (0x00008f49) c.or    a4, a0
core   0: 3 0x8000a7dc (0x8f49) x14 0x80022e30
core   0: 0x8000a7de (0x00c8c433) xor     s0, a7, a2
core   0: 3 0x8000a7de (0x00c8c433) x 8 0xfffffffb
core   0: 0x8000a7e2 (0x017739b3) sltu    s3, a4, s7
core   0: 3 0x8000a7e2 (0x017739b3) x19 0x00000000
core   0: 0x8000a7e6 (0x02fed7b3) divu    a5, t4, a5
core   0: 3 0x8000a7e6 (0x02fed7b3) x15 0x00000000
core   0: 0x8000a7ea (0x01b61d63) bne     a2, s11, pc + 26
core   0: 3 0x8000a7ea (0x01b61d63)
core   0: 0x8000a804 (0x00008ff9) c.and   a5, a4
core   0: 3 0x8000a804 (0x8ff9) x15 0x00000000
core   0: 0x8000a806 (0x41240eb3) sub     t4, s0, s2
core   0: 3 0x8000a806 (0x41240eb3) x29 0xfffffffb
core   0: 0x8000a80a (0x000002fa) c.slli  t0, 30
core   0: 3 0x8000a80a (0x02fa) x 5 0x00000000
core   0: 0x8000a80c (0x02d70933) mul     s2, a4, a3
core   0: 3 0x8000a80c (0x02d70933) x18 0x00000000
core   0: 0x8000a810 (0x00008e49) c.or    a2, a0
core   0: 3 0x8000a810 (0x8e49) x12 0x80022e71
core   0: 0x8000a812 (0x001f96b3) sll     a3, t6, ra
core   0: 3 0x8000a812 (0x001f96b3) x13 0x49a96400
core   0: 0x8000a816 (0x00006609) c.lui   a2, 0x2
core   0: 3 0x8000a816 (0x6609) x12 0x00002000
core   0: 0x8000a818 (0x47006293) ori     t0, zero, 1136
core   0: 3 0x8000a818 (0x47006293) x 5 0x00000470
core   0: 0x8000a81c (0x24772d13) slti    s10, a4, 583
core   0: 3 0x8000a81c (0x24772d13) x26 0x00000001
core   0: 0x8000a820 (0x00452283) lw      t0, 4(a0)
core   0: 3 0x8000a820 (0x00452283) x 5 0x8000a44c mem 0x80022e34
core   0: 0x8000a824 (0x00000001) c.nop
core   0: 3 0x8000a824 (0x0001)
core   0: 0x8000a826 (0x000082cd) c.srli  a3, 19
core   0: 3 0x8000a826 (0x82cd) x13 0x00000935
core   0: 0x8000a828 (0x02050513) addi    a0, a0, 32
core   0: 3 0x8000a828 (0x02050513) x10 0x80022e50
core   0: 0x8000a82c (0x000091d6) c.add   gp, s5
core   0: 3 0x8000a82c (0x91d6) x 3 0xfffff909
core   0: 0x8000a82e (0x00028813) mv      a6, t0
core   0: 3 0x8000a82e (0x00028813) x16 0x8000a44c
core   0: 0x8000a832 (0x00009802) c.jalr  a6
core   0: 3 0x8000a832 (0x9802) x 1 0x8000a834
core   0: 0x8000a44c (0x02b2a9b3) mulhsu  s3, t0, a1
core   0: 3 0x8000a44c (0x02b2a9b3) x19 0xbfff1bb5
core   0: 0x8000a450 (0x000083a5) c.srli  a5, 9
core   0: 3 0x8000a450 (0x83a5) x15 0x00000000
core   0: 0x8000a452 (0x0035de63) bge     a1, gp, pc + 28
core   0: 3 0x8000a452 (0x0035de63)
core   0: 0x8000a456 (0xaf2f6413) ori     s0, t5, -1294
core   0: 3 0x8000a456 (0xaf2f6413) x 8 0xfffffaf3
core   0: 0x8000a45a (0xb4c7b993) sltiu   s3, a5, -1204
core   0: 3 0x8000a45a (0xb4c7b993) x19 0x00000001
core   0: 0x8000a45e (0x00008f71) c.and   a4, a2
core   0: 3 0x8000a45e (0x8f71) x14 0x00002000
core   0: 0x8000a460 (0x68f26d13) ori     s10, tp, 1679
core   0: 3 0x8000a460 (0x68f26d13) x26 0x0000068f
core   0: 0x8000a464 (0x41cf5433) sra     s0, t5, t3
core   0: 3 0x8000a464 (0x41cf5433) x 8 0x00000000
core   0: 0x8000a468 (0x00008e16) c.mv    t3, t0
core   0: 3 0x8000a468 (0x8e16) x28 0x8000a44c
core   0: 0x8000a46a (0x004dbd33) sltu    s10, s11, tp
core   0: 3 0x8000a46a (0x004dbd33) x26 0x00000000
core   0: 0x8000a46e (0x00b9dc33) srl     s8, s3, a1
core   0: 3 0x8000a46e (0x00b9dc33) x24 0x00000000
core   0: 0x8000a472 (0x00452283) lw      t0, 4(a0)
core   0: 3 0x8000a472 (0x00452283) x 5 0x8000a340 mem 0x80022e54
core   0: 0x8000a476 (0x01bc0eb3) add     t4, s8, s11
core   0: 3 0x8000a476 (0x01bc0eb3) x29 0xad306000
core   0: 0x8000a47a (0x7ed7cf93) xori    t6, a5, 2029
core   0: 3 0x8000a47a (0x7ed7cf93) x31 0x000007ed
core   0: 0x8000a47e (0x00609d93) slli    s11, ra, 6
core   0: 3 0x8000a47e (0x00609d93) x27 0x002a0d00
core   0: 0x8000a482 (0x00000521) c.addi  a0, 8
core   0: 3 0x8000a482 (0x0521) x10 0x80022e58
core   0: 0x8000a484 (0x00009e86) c.add   t4, ra
core   0: 3 0x8000a484 (0x9e86) x29 0x2d310834
core   0: 0x8000a486 (0x0000100f) fence.i
core   0: 3 0x8000a486 (0x0000100f)
core   0: 0x8000a48a (0x006aeab3) or      s5, s5, t1
core   0: 3 0x8000a48a (0x006aeab3) x21 0xfffff909
core   0: 0x8000a48e (0xa2c63113) sltiu   sp, a2, -1492
core   0: 3 0x8000a48e (0xa2c63113) x 2 0x00000001
core   0: 0x8000a492 (0x00028393) mv      t2, t0
core   0: 3 0x8000a492 (0x00028393) x 7 0x8000a340
core   0: 0x8000a496 (0x000383e7) jalr    t2, t2, 0
core   0: 3 0x8000a496 (0x000383e7) x 7 0x8000a49a
core   0: 0x8000a340 (0x00008f7d) c.and   a4, a5
core   0: 3 0x8000a340 (0x8f7d) x14 0x00000000
core   0: 0x8000a342 (0x00651793) slli    a5, a0, 6
core   0: 3 0x8000a342 (0x00651793) x15 0x008b9600
core   0: 0x8000a346 (0x5315a093) slti    ra, a1, 1329
core   0: 3 0x8000a346 (0x5315a093) x 1 0x00000001
core   0: 0x8000a34a (0x02c7d8b3) divu    a7, a5, a2
core   0: 3 0x8000a34a (0x02c7d8b3) x17 0x0000045c
core   0: 0x8000a34e (0x0000537d) c.li    t1, -1
core   0: 3 0x8000a34e (0x537d) x 6 0xffffffff
core   0: 0x8000a350 (0x000084c9) c.srai  s1, 18
core   0: 3 0x8000a350 (0x84c9) x 9 0x00000000
core   0: 0x8000a352 (0xaa9ff2ef) jal     t0, pc - 0x558
core   0: 3 0x8000a352 (0xaa9ff2ef) x 5 0x8000a356
core   0: 0x80009dfa (0x00001541) c.addi  a0, -16
core   0: 3 0x80009dfa (0x1541) x10 0x80022e48
core   0: 0x80009dfc (0x00008e41) c.or    a2, s0
core   0: 3 0x80009dfc (0x8e41) x12 0x00002000
core   0: 0x80009dfe (0xfbcf7893) andi    a7, t5, -68
core   0: 3 0x80009dfe (0xfbcf7893) x17 0x00000000
core   0: 0x80009e02 (0x00552223) sw      t0, 4(a0)
core   0: 3 0x80009e02 (0x00552223) mem 0x80022e4c 0x8000a356
core   0: 0x80009e06 (0x00009bfd) c.andi  a5, -1
core   0: 3 0x80009e06 (0x9bfd) x15 0x008b9600
core   0: 0x80009e08 (0x00001497) auipc   s1, 0x1
core   0: 3 0x80009e08 (0x00001497) x 9 0x8000ae08
core   0: 0x80009e0c (0x4ec48493) addi    s1, s1, 1260
core   0: 3 0x80009e0c (0x4ec48493) x 9 0x8000b2f4
core   0: 0x80009e10 (0x01458cb3) add     s9, a1, s4
core   0: 3 0x80009e10 (0x01458cb3) x25 0x80026ce4
core   0: 0x80009e14 (0x5ab18093) addi    ra, gp, 1451
core   0: 3 0x80009e14 (0x5ab18093) x 1 0xfffffeb4
core   0: 0x80009e18 (0x000080ca) c.mv    ra, s2
core   0: 3 0x80009e18 (0x80ca) x 1 0x00000000
core   0: 0x80009e1a (0xc7c48493) addi    s1, s1, -900
core   0: 3 0x80009e1a (0xc7c48493) x 9 0x8000af70
core   0: 0x80009e1e (0x0ff0000f) fence   iorw,iorw
core   0: 3 0x80009e1e (0x0ff0000f)
core   0: 0x80009e22 (0xd7f456b7) lui     a3, 0xd7f45
core   0: 3 0x80009e22 (0xd7f456b7) x13 0xd7f45000
core   0: 0x80009e26 (0x402d8f33) sub     t5, s11, sp
core   0: 3 0x80009e26 (0x402d8f33) x30 0x002a0cff
core   0: 0x80009e2a (0x40a8d613) srai    a2, a7, 10
core   0: 3 0x80009e2a (0x40a8d613) x12 0x00000000
core   0: 0x80009e2e (0xae444a93) xori    s5, s0, -1308
core   0: 3 0x80009e2e (0xae444a93) x21 0xfffffae4
core   0: 0x80009e32 (0xef490e13) addi    t3, s2, -268
core   0: 3 0x80009e32 (0xef490e13) x28 0xfffffef4
core   0: 0x80009e36 (0x0075f363) bgeu    a1, t2, pc + 6
core   0: 3 0x80009e36 (0x0075f363)
core   0: 0x80009e3c (0x384482e7) jalr    t0, s1, 900
core   0: 3 0x80009e3c (0x384482e7) x 5 0x80009e40
core   0: 0x8000b2f4 (0x01493733) sltu    a4, s2, s4
core   0: 3 0x8000b2f4 (0x01493733) x14 0x00000000
core   0: 0x8000b2f8 (0x00001501) c.addi  a0, -32
core   0: 3 0x8000b2f8 (0x1501) x10 0x80022e28
core   0: 0x8000b2fa (0x00004f0d) c.li    t5, 3
core   0: 3 0x8000b2fa (0x4f0d) x30 0x00000003
core   0: 0x8000b2fc (0x00552223) sw      t0, 4(a0)
core   0: 3 0x8000b2fc (0x00552223) mem 0x80022e2c 0x80009e40
core   0: 0x8000b300 (0x01851133) sll     sp, a0, s8
core   0: 3 0x8000b300 (0x01851133) x 2 0x80022e28
core   0: 0x8000b304 (0x00008c99) c.sub   s1, a4
core   0: 3 0x8000b304 (0x8c99) x 9 0x8000af70
core   0: 0x8000b306 (0x039fa333) mulhsu  t1, t6, s9
core   0: 3 0x8000b306 (0x039fa333) x 6 0x000003f6
core   0: 0x8000b30a (0x01395db3) srl     s11, s2, s3
core   0: 3 0x8000b30a (0x01395db3) x27 0x00000000
core   0: 0x8000b30e (0x01ef21b3) slt     gp, t5, t5
core   0: 3 0x8000b30e (0x01ef21b3) x 3 0x00000000
core   0: 0x8000b312 (0x0147aeb3) slt     t4, a5, s4
core   0: 3 0x8000b312 (0x0147aeb3) x29 0x00000000
core   0: 0x8000b316 (0x003503b3) add     t2, a0, gp
core   0: 3 0x8000b316 (0x003503b3) x 7 0x80022e28
core   0: 0x8000b31a (0xe71fe2ef) jal     t0, pc - 0x1190
core   0: 3 0x8000b31a (0xe71fe2ef) x 5 0x8000b31e
core   0: 0x8000a18a (0x5c613f13) sltiu   t5, sp, 1478
core   0: 3 0x8000a18a (0x5c613f13) x30 0x00000000
core   0: 0x8000a18e (0x0000100f) fence.i
core   0: 3 0x8000a18e (0x0000100f)
core   0: 0x8000a192 (0x0000100f) fence.i
core   0: 3 0x8000a192 (0x0000100f)
core   0: 0x8000a196 (0xddc64793) xori    a5, a2, -548
core   0: 3 0x8000a196 (0xddc64793) x15 0xfffffddc
core   0: 0x8000a19a (0x000059fd) c.li    s3, -1
core   0: 3 0x8000a19a (0x59fd) x19 0xffffffff
core   0: 0x8000a19c (0x03dc54b3) divu    s1, s8, t4
core   0: 3 0x8000a19c (0x03dc54b3) x 9 0xffffffff
core   0: 0x8000a1a0 (0x0000567d) c.li    a2, -1
core   0: 3 0x8000a1a0 (0x567d) x12 0xffffffff
core   0: 0x8000a1a2 (0x0ff0000f) fence   iorw,iorw
core   0: 3 0x8000a1a2 (0x0ff0000f)
core   0: 0x8000a1a6 (0x41090d33) sub     s10, s2, a6
core   0: 3 0x8000a1a6 (0x41090d33) x26 0x7fff5bb4
core   0: 0x8000a1aa (0x00001501) c.addi  a0, -32
core   0: 3 0x8000a1aa (0x1501) x10 0x80022e08
core   0: 0x8000a1ac (0x00552223) sw      t0, 4(a0)
core   0: 3 0x8000a1ac (0x00552223) mem 0x80022e0c 0x8000b31e
core   0: 0x8000a1b0 (0x00874d33) xor     s10, a4, s0
core   0: 3 0x8000a1b0 (0x00874d33) x26 0x00000000
core   0: 0x8000a1b4 (0x00008785) c.srai  a5, 1
core   0: 3 0x8000a1b4 (0x8785) x15 0xfffffeee
core   0: 0x8000a1b6 (0x02b5cfb3) div     t6, a1, a1
core   0: 3 0x8000a1b6 (0x02b5cfb3) x31 0x00000001
core   0: 0x8000a1ba (0x12770d13) addi    s10, a4, 295
core   0: 3 0x8000a1ba (0x12770d13) x26 0x00000127
core   0: 0x8000a1be (0xc8f0f493) andi    s1, ra, -881
core   0: 3 0x8000a1be (0xc8f0f493) x 9 0x00000000
core   0: 0x8000a1c2 (0x026e08b3) mul     a7, t3, t1
core   0: 3 0x8000a1c2 (0x026e08b3) x17 0xfffbda78
core   0: 0x8000a1c6 (0x0000ec95) c.bnez  s1, pc + 60
core   0: 3 0x8000a1c6 (0xec95)
core   0: 0x8000a1c8 (0x01b74763) blt     a4, s11, pc + 14
core   0: 3 0x8000a1c8 (0x01b74763)
core   0: 0x8000a1cc (0x0000c399) c.beqz  a5, pc + 6
core   0: 3 0x8000a1cc (0xc399)
core   0: 0x8000a1ce (0x01513fb3) sltu    t6, sp, s5
core   0: 3 0x8000a1ce (0x01513fb3) x31 0x00000001
core   0: 0x8000a1d2 (0x02e09063) bne     ra, a4, pc + 32
core   0: 3 0x8000a1d2 (0x02e09063)
core   0: 0x8000a1d6 (0x408e5133) sra     sp, t3, s0
core   0: 3 0x8000a1d6 (0x408e5133) x 2 0xfffffef4
core   0: 0x8000a1da (0x03d2fe33) remu    t3, t0, t4
core   0: 3 0x8000a1da (0x03d2fe33) x28 0x8000b31e
core   0: 0x8000a1de (0x00000c7e) c.slli  s8, 31
core   0: 3 0x8000a1de (0x0c7e) x24 0x00000000
core   0: 0x8000a1e0 (0x00000d00) c.addi4spn s0, sp, 656
core   0: 3 0x8000a1e0 (0x0d00) x 8 0x00000184
core   0: 0x8000a1e2 (0x0000065d) c.addi  a2, 23
core   0: 3 0x8000a1e2 (0x065d) x12 0x00000016
core   0: 0x8000a1e4 (0x00000a0a) c.slli  s4, 2
core   0: 3 0x8000a1e4 (0x0a0a) x20 0x00000000
core   0: 0x8000a1e6 (0x05147e63) bgeu    s0, a7, pc + 92
core   0: 3 0x8000a1e6 (0x05147e63)
core   0: 0x8000a1ea (0x20866413) ori     s0, a2, 520
core   0: 3 0x8000a1ea (0x20866413) x 8 0x0000021e
core   0: 0x8000a1ee (0x00dff663) bgeu    t6, a3, pc + 12
core   0: 3 0x8000a1ee (0x00dff663)
core   0: 0x8000a1f2 (0x00c2fa33) and     s4, t0, a2
core   0: 3 0x8000a1f2 (0x00c2fa33) x20 0x00000016
core   0: 0x8000a1f6 (0x015c7db3) and     s11, s8, s5
core   0: 3 0x8000a1f6 (0x015c7db3) x27 0x00000000
core   0: 0x8000a1fa (0x41425793) srai    a5, tp, 20
core   0: 3 0x8000a1fa (0x41425793) x15 0x00000000
core   0: 0x8000a1fe (0x00559793) slli    a5, a1, 5
core   0: 3 0x8000a1fe (0x00559793) x15 0x004d9c80
core   0: 0x8000a202 (0x00909893) slli    a7, ra, 9
core   0: 3 0x8000a202 (0x00909893) x17 0x00000000
core   0: 0x8000a206 (0x0000c3b1) c.beqz  a5, pc + 68
core   0: 3 0x8000a206 (0xc3b1)
core   0: 0x8000a208 (0x0073d393) srli    t2, t2, 7
core   0: 3 0x8000a208 (0x0073d393) x 7 0x0100045c
core   0: 0x8000a20c (0x00ce9d33) sll     s10, t4, a2
core   0: 3 0x8000a20c (0x00ce9d33) x26 0x00000000
core   0: 0x8000a210 (0x00008c1d) c.sub   s0, a5
core   0: 3 0x8000a210 (0x8c1d) x 8 0xffb2659e
core   0: 0x8000a212 (0xf4e49f37) lui     t5, 0xf4e49
core   0: 3 0x8000a212 (0xf4e49f37) x30 0xf4e49000
core   0: 0x8000a216 (0x00006fad) c.lui   t6, 0xb
core   0: 3 0x8000a216 (0x6fad) x31 0x0000b000
core   0: 0x8000a218 (0x0040abb3) slt     s7, ra, tp
core   0: 3 0x8000a218 (0x0040abb3) x23 0x00000000
core   0: 0x8000a21c (0x018fd833) srl     a6, t6, s8
core   0: 3 0x8000a21c (0x018fd833) x16 0x0000b000
core   0: 0x8000a220 (0x00001884) c.addi4spn s1, sp, 112
core   0: 3 0x8000a220 (0x1884) x 9 0xffffff64
core   0: 0x8000a222 (0x00004131) c.li    sp, 12
core   0: 3 0x8000a222 (0x4131) x 2 0x0000000c
core   0: 0x8000a224 (0x00000c17) auipc   s8, 0x0
core   0: 3 0x8000a224 (0x00000c17) x24 0x8000a224
core   0: 0x8000a228 (0x610c0c13) addi    s8, s8, 1552
core   0: 3 0x8000a228 (0x610c0c13) x24 0x8000a834
core   0: 0x8000a22c (0x2c2c0c13) addi    s8, s8, 706
core   0: 3 0x8000a22c (0x2c2c0c13) x24 0x8000aaf6
core   0: 0x8000a230 (0x0114a133) slt     sp, s1, a7
core   0: 3 0x8000a230 (0x0114a133) x 2 0x00000001
core   0: 0x8000a234 (0x25510413) addi    s0, sp, 597
core   0: 3 0x8000a234 (0x25510413) x 8 0x00000256
core   0: 0x8000a238 (0xd3fc02e7) jalr    t0, s8, -705
core   0: 3 0x8000a238 (0xd3fc02e7) x 5 0x8000a23c
core   0: 0x8000a834 (0x01e81d63) bne     a6, t5, pc + 26
core   0: 3 0x8000a834 (0x01e81d63)
core   0: 0x8000a84e (0xfd050513) addi    a0, a0, -48
core   0: 3 0x8000a84e (0xfd050513) x10 0x80022dd8
core   0: 0x8000a852 (0x00c7dd33) srl     s10, a5, a2
core   0: 3 0x8000a852 (0x00c7dd33) x26 0x00000001
core   0: 0x8000a856 (0x009c8833) add     a6, s9, s1
core   0: 3 0x8000a856 (0x009c8833) x16 0x80026c48
core   0: 0x8000a85a (0x00552223) sw      t0, 4(a0)
core   0: 3 0x8000a85a (0x00552223) mem 0x80022ddc 0x8000a23c
core   0: 0x8000a85e (0x377d3197) auipc   gp, 0x377d3
core   0: 3 0x8000a85e (0x377d3197) x 3 0xb77dd85e
core   0: 0x8000a862 (0xea53a913) slti    s2, t2, -347
core   0: 3 0x8000a862 (0xea53a913) x18 0x00000000
core   0: 0x8000a866 (0x00003317) auipc   t1, 0x3
core   0: 3 0x8000a866 (0x00003317) x 6 0x8000d866
core   0: 0x8000a86a (0x96d30313) addi    t1, t1, -1683
core   0: 3 0x8000a86a (0x96d30313) x 6 0x8000d1d3
core   0: 0x8000a86e (0x01730623) sb      s7, 12(t1)
core   0: 3 0x8000a86e (0x01730623) mem 0x8000d1df 0x0
core   0: 0x8000a872 (0x00e4b6b3) sltu    a3, s1, a4
core   0: 3 0x8000a872 (0x00e4b6b3) x13 0x00000000
core   0: 0x8000a876 (0x00009856) c.add   a6, s5
core   0: 3 0x8000a876 (0x9856) x16 0x8002672c
core   0: 0x8000a878 (0x41565db3) sra     s11, a2, s5
core   0: 3 0x8000a878 (0x41565db3) x27 0x00000001
core   0: 0x8000a87c (0x00534b83) lbu     s7, 5(t1)
core   0: 3 0x8000a87c (0x00534b83) x23 0x00000000 mem 0x8000d1d8
core   0: 0x8000a880 (0x296aac13) slti    s8, s5, 662
core   0: 3 0x8000a880 (0x296aac13) x24 0x00000001
core   0: 0x8000a884 (0x0000100f) fence.i
core   0: 3 0x8000a884 (0x0000100f)
core   0: 0x8000a888 (0x00008f85) c.sub   a5, s1
core   0: 3 0x8000a888 (0x8f85) x15 0x004d9d1c
core   0: 0x8000a88a (0xff030b83) lb      s7, -16(t1)
core   0: 3 0x8000a88a (0xff030b83) x23 0x00000078 mem 0x8000d1c3
core   0: 0x8000a88e (0xfff30403) lb      s0, -1(t1)
core   0: 3 0x8000a88e (0xfff30403) x 8 0x00000000 mem 0x8000d1d2
core   0: 0x8000a892 (0x007314a3) sh      t2, 9(t1)
core   0: 3 0x8000a892 (0x007314a3) mem 0x8000d1dc 0x045c
core   0: 0x8000a896 (0x00234083) lbu     ra, 2(t1)
core   0: 3 0x8000a896 (0x00234083) x 1 0x0000008e mem 0x8000d1d5
core   0: 0x8000a89a (0x01d307a3) sb      t4, 15(t1)
core   0: 3 0x8000a89a (0x01d307a3) mem 0x8000d1e2 0x0
core   0: 0x8000a89e (0xff931183) lh      gp, -7(t1)
core   0: 3 0x8000a89e (0xff931183) x 3 0x00006087 mem 0x8000d1cc
core   0: 0x8000a8a2 (0x00008fda) c.mv    t6, s6
core   0: 3 0x8000a8a2 (0x8fda) x31 0x00000008
core   0: 0x8000a8a4 (0x01c303a3) sb      t3, 7(t1)
core   0: 3 0x8000a8a4 (0x01c303a3) mem 0x8000d1da 0x1e
core   0: 0x8000a8a8 (0xfe730fa3) sb      t2, -1(t1)
core   0: 3 0x8000a8a8 (0xfe730fa3) mem 0x8000d1d2 0x5c
core   0: 0x8000a8ac (0xfe730e23) sb      t2, -4(t1)
core   0: 3 0x8000a8ac (0xfe730e23) mem 0x8000d1cf 0x5c
core   0: 0x8000a8b0 (0x00430c83) lb      s9, 4(t1)
core   0: 3 0x8000a8b0 (0x00430c83) x25 0xffffff8c mem 0x8000d1d7
core   0: 0x8000a8b4 (0xffa34f83) lbu     t6, -6(t1)
core   0: 3 0x8000a8b4 (0xffa34f83) x31 0x00000060 mem 0x8000d1cd
core   0: 0x8000a8b8 (0x00830023) sb      s0, 0(t1)
core   0: 3 0x8000a8b8 (0x00830023) mem 0x8000d1d3 0x0
core   0: 0x8000a8bc (0x00a34a03) lbu     s4, 10(t1)
core   0: 3 0x8000a8bc (0x00a34a03) x20 0x00000004 mem 0x8000d1dd
core   0: 0x8000a8c0 (0x007312a3) sh      t2, 5(t1)
core   0: 3 0x8000a8c0 (0x007312a3) mem 0x8000d1d8 0x045c
core   0: 0x8000a8c4 (0xff335c03) lhu     s8, -13(t1)
core   0: 3 0x8000a8c4 (0xff335c03) x24 0x00007c7d mem 0x8000d1c6
core   0: 0x8000a8c8 (0xff930603) lb      a2, -7(t1)
core   0: 3 0x8000a8c8 (0xff930603) x12 0xffffff87 mem 0x8000d1cc
core   0: 0x8000a8cc (0xfee32ea3) sw      a4, -3(t1)
core   0: 3 0x8000a8cc (0xfee32ea3) mem 0x8000d1d0 0x00000000
core   0: 0x8000a8d0 (0x00008f7d) c.and   a4, a5
core   0: 3 0x8000a8d0 (0x8f7d) x14 0x00000000
core   0: 0x8000a8d2 (0x00008e65) c.and   a2, s1
core   0: 3 0x8000a8d2 (0x8e65) x12 0xffffff04
core   0: 0x8000a8d4 (0x00434483) lbu     s1, 4(t1)
core   0: 3 0x8000a8d4 (0x00434483) x 9 0x0000008c mem 0x8000d1d7
core   0: 0x8000a8d8 (0x0ff0000f) fence   iorw,iorw
core   0: 3 0x8000a8d8 (0x0ff0000f)
core   0: 0x8000a8dc (0xffd30d23) sb      t4, -6(t1)
core   0: 3 0x8000a8dc (0xffd30d23) mem 0x8000d1cd 0x0
core   0: 0x8000a8e0 (0x00013417) auipc   s0, 0x13
core   0: 3 0x8000a8e0 (0x00013417) x 8 0x8001d8e0
core   0: 0x8000a8e4 (0x5f240413) addi    s0, s0, 1522
core   0: 3 0x8000a8e4 (0x5f240413) x 8 0x8001ded2
core   0: 0x8000a8e8 (0x00006fb9) c.lui   t6, 0xe
core   0: 3 0x8000a8e8 (0x6fb9) x31 0x0000e000
core   0: 0x8000a8ea (0x97e27613) andi    a2, tp, -1666
core   0: 3 0x8000a8ea (0x97e27613) x12 0x00000000
core   0: 0x8000a8ee (0x415e6d97) auipc   s11, 0x415e6
core   0: 3 0x8000a8ee (0x415e6d97) x27 0xc15f08ee
core   0: 0x8000a8f2 (0xff844a83) lbu     s5, -8(s0)
core   0: 3 0x8000a8f2 (0xff844a83) x21 0x00000081 mem 0x8001deca
core   0: 0x8000a8f6 (0x0ff0000f) fence   iorw,iorw
core   0: 3 0x8000a8f6 (0x0ff0000f)
core   0: 0x8000a8fa (0xff944603) lbu     a2, -7(s0)
core   0: 3 0x8000a8fa (0xff944603) x12 0x00000080 mem 0x8001decb
core   0: 0x8000a8fe (0x01473f33) sltu    t5, a4, s4
core   0: 3 0x8000a8fe (0x01473f33) x30 0x00000001
core   0: 0x8000a902 (0x00f44383) lbu     t2, 15(s0)
core   0: 3 0x8000a902 (0x00f44383) x 7 0x0000009a mem 0x8001dee1
core   0: 0x8000a906 (0x00544e83) lbu     t4, 5(s0)
core   0: 3 0x8000a906 (0x00544e83) x29 0x000000d3 mem 0x8001ded7
core   0: 0x8000a90a (0x021363b3) rem     t2, t1, ra
core   0: 3 0x8000a90a (0x021363b3) x 7 0xffffffff
core   0: 0x8000a90e (0x01040603) lb      a2, 16(s0)
core   0: 3 0x8000a90e (0x01040603) x12 0xffffff99 mem 0x8001dee2
core   0: 0x8000a912 (0x01814033) xor     zero, sp, s8
core   0: 3 0x8000a912 (0x01814033)
core   0: 0x8000a916 (0x01640523) sb      s6, 10(s0)
core   0: 3 0x8000a916 (0x01640523) mem 0x8001dedc 0x8
core   0: 0x8000a91a (0x006402a3) sb      t1, 5(s0)
core   0: 3 0x8000a91a (0x006402a3) mem 0x8001ded7 0xd3
core   0: 0x8000a91e (0xff144303) lbu     t1, -15(s0)
core   0: 3 0x8000a91e (0xff144303) x 6 0x0000007d mem 0x8001dec3
core   0: 0x8000a922 (0x00f44e03) lbu     t3, 15(s0)
core   0: 3 0x8000a922 (0x00f44e03) x28 0x0000009a mem 0x8001dee1
core   0: 0x8000a926 (0x00e3a633) slt     a2, t2, a4
core   0: 3 0x8000a926 (0x00e3a633) x12 0x00000001
core   0: 0x8000a92a (0x0000567d) c.li    a2, -1
core   0: 3 0x8000a92a (0x567d) x12 0xffffffff
core   0: 0x8000a92c (0x00840283) lb      t0, 8(s0)
core   0: 3 0x8000a92c (0x00840283) x 5 0xffffffff mem 0x8001deda
core   0: 0x8000a930 (0x41095113) srai    sp, s2, 16
core   0: 3 0x8000a930 (0x41095113) x 2 0x00000000
core   0: 0x8000a934 (0xff8408a3) sb      s8, -15(s0)
core   0: 3 0x8000a934 (0xff8408a3) mem 0x8001dec3 0x7d
core   0: 0x8000a938 (0x000043a1) c.li    t2, 8
core   0: 3 0x8000a938 (0x43a1) x 7 0x00000008
core   0: 0x8000a93a (0x01d646b3) xor     a3, a2, t4
core   0: 3 0x8000a93a (0x01d646b3) x13 0xffffff2c
core   0: 0x8000a93e (0x00008906) c.mv    s2, ra
core   0: 3 0x8000a93e (0x8906) x18 0x0000008e
core   0: 0x8000a940 (0x00342323) sw      gp, 6(s0)
core   0: 3 0x8000a940 (0x00342323) mem 0x8001ded8 0x00006087
core   0: 0x8000a944 (0xff841f03) lh      t5, -8(s0)
core   0: 3 0x8000a944 (0xff841f03) x30 0xffff8081 mem 0x8001deca
core   0: 0x8000a948 (0xff540d83) lb      s11, -11(s0)
core   0: 3 0x8000a948 (0xff540d83) x27 0x0000007c mem 0x8001dec7
core   0: 0x8000a94c (0x002a6c63) bltu    s4, sp, pc + 24
core   0: 3 0x8000a94c (0x002a6c63)
core   0: 0x8000a950 (0x41795db3) sra     s11, s2, s7
core   0: 3 0x8000a950 (0x41795db3) x27 0x00000000
core   0: 0x8000a954 (0x0243aa33) mulhsu  s4, t2, tp
core   0: 3 0x8000a954 (0x0243aa33) x20 0x00000000
core   0: 0x8000a958 (0x03493e33) mulhu   t3, s2, s4
core   0: 3 0x8000a958 (0x03493e33) x28 0x00000000
core   0: 0x8000a95c (0x00bad663) bge     s5, a1, pc + 12
core   0: 3 0x8000a95c (0x00bad663)
core   0: 0x8000a968 (0x00a35c63) bge     t1, a0, pc + 24
core   0: 3 0x8000a968 (0x00a35c63)
core   0: 0x8000a980 (0x02a79f33) mulh    t5, a5, a0
core   0: 3 0x8000a980 (0x02a79f33) x30 0xffd9321b
core   0: 0x8000a984 (0x00008769) c.srai  a4, 26
core   0: 3 0x8000a984 (0x8769) x14 0x00000000
core   0: 0x8000a986 (0x9d734013) xori    zero, t1, -1577
core   0: 3 0x8000a986 (0x9d734013)
core   0: 0x8000a98a (0x01949d13) slli    s10, s1, 25
core   0: 3 0x8000a98a (0x01949d13) x26 0x18000000
core   0: 0x8000a98e (0xbf38ac93) slti    s9, a7, -1037
core   0: 3 0x8000a98e (0xbf38ac93) x25 0x00000000
core   0: 0x8000a992 (0x03d66ab3) rem     s5, a2, t4
core   0: 3 0x8000a992 (0x03d66ab3) x21 0xffffffff
core   0: 0x8000a996 (0x01f6ffb3) and     t6, a3, t6
core   0: 3 0x8000a996 (0x01f6ffb3) x31 0x0000e000
core   0: 0x8000a99a (0x00000001) c.nop
core   0: 3 0x8000a99a (0x0001)
core   0: 0x8000a99c (0x0fba7a93) andi    s5, s4, 251
core   0: 3 0x8000a99c (0x0fba7a93) x21 0x00000000
core   0: 0x8000a9a0 (0xf925ca93) xori    s5, a1, -110
core   0: 3 0x8000a9a0 (0xf925ca93) x21 0x7ffd9376
core   0: 0x8000a9a4 (0x73cd0913) addi    s2, s10, 1852
core   0: 3 0x8000a9a4 (0x73cd0913) x18 0x1800073c
core   0: 0x8000a9a8 (0x028dfeb3) remu    t4, s11, s0
core   0: 3 0x8000a9a8 (0x028dfeb3) x29 0x00000000
core   0: 0x8000a9ac (0x5c6bf817) auipc   a6, 0x5c6bf
core   0: 3 0x8000a9ac (0x5c6bf817) x16 0xdc6c99ac
core   0: 0x8000a9b0 (0x41e45993) srai    s3, s0, 30
core   0: 3 0x8000a9b0 (0x41e45993) x19 0xfffffffe
core   0: 0x8000a9b4 (0x00000001) c.nop
core   0: 3 0x8000a9b4 (0x0001)
core   0: 0x8000a9b6 (0x033046b3) div     a3, zero, s3
core   0: 3 0x8000a9b6 (0x033046b3) x13 0x00000000
core   0: 0x8000a9ba (0x011421b3) slt     gp, s0, a7
core   0: 3 0x8000a9ba (0x011421b3) x 3 0x00000001
core   0: 0x8000a9be (0x09c90e13) addi    t3, s2, 156
core   0: 3 0x8000a9be (0x09c90e13) x28 0x180007d8
core   0: 0x8000a9c2 (0x0000ca9d) c.beqz  a3, pc + 54
core   0: 3 0x8000a9c2 (0xca9d)
core   0: 0x8000a9f8 (0x00006141) c.addi16sp sp, 16
core   0: 3 0x8000a9f8 (0x6141) x 2 0x00000010
core   0: 0x8000a9fa (0x404d81b3) sub     gp, s11, tp
core   0: 3 0x8000a9fa (0x404d81b3) x 3 0x00000000
core   0: 0x8000a9fe (0x00006811) c.lui   a6, 0x4
core   0: 3 0x8000a9fe (0x6811) x16 0x00004000
core   0: 0x8000aa00 (0x089c2813) slti    a6, s8, 137
core   0: 3 0x8000aa00 (0x089c2813) x16 0x00000000
core   0: 0x8000aa04 (0x02720733) mul     a4, tp, t2
core   0: 3 0x8000aa04 (0x02720733) x14 0x00000000
core   0: 0x8000aa08 (0x0036e7b3) or      a5, a3, gp
core   0: 3 0x8000aa08 (0x0036e7b3) x15 0x00000000
core   0: 0x8000aa0c (0x00008ccd) c.or    s1, a1
core   0: 3 0x8000aa0c (0x8ccd) x 9 0x80026cec
core   0: 0x8000aa0e (0x00008e01) c.sub   a2, s0
core   0: 3 0x8000aa0e (0x8e01) x12 0x7ffe212d
core   0: 0x8000aa10 (0x00006ba1) c.lui   s7, 0x8
core   0: 3 0x8000aa10 (0x6ba1) x23 0x00008000
core   0: 0x8000aa12 (0x0022dc33) srl     s8, t0, sp
core   0: 3 0x8000aa12 (0x0022dc33) x24 0x0000ffff
core   0: 0x8000aa16 (0x00ca4fb3) xor     t6, s4, a2
core   0: 3 0x8000aa16 (0x00ca4fb3) x31 0x7ffe212d
core   0: 0x8000aa1a (0x03059c63) bne     a1, a6, pc + 56
core   0: 3 0x8000aa1a (0x03059c63)
core   0: 0x8000aa52 (0x41d7df93) srai    t6, a5, 29
core   0: 3 0x8000aa52 (0x41d7df93) x31 0x00000000
core   0: 0x8000aa56 (0x00051f33) sll     t5, a0, zero
core   0: 3 0x8000aa56 (0x00051f33) x30 0x80022dd8
core   0: 0x8000aa5a (0x00e55793) srli    a5, a0, 14
core   0: 3 0x8000aa5a (0x00e55793) x15 0x00020008
core   0: 0x8000aa5e (0x0000e389) c.bnez  a5, pc + 2
core   0: 3 0x8000aa5e (0xe389)
core   0: 0x8000aa60 (0x00004671) c.li    a2, 28
core   0: 3 0x8000aa60 (0x4671) x12 0x0000001c
core   0: 0x8000aa62 (0x03af2db3) mulhsu  s11, t5, s10
core   0: 3 0x8000aa62 (0x03af2db3) x27 0xf400344c
core   0: 0x8000aa66 (0x0000717d) c.addi16sp sp, -16
core   0: 3 0x8000aa66 (0x717d) x 2 0x00000000
core   0: 0x8000aa68 (0x01481d33) sll     s10, a6, s4
core   0: 3 0x8000aa68 (0x01481d33) x26 0x00000000
core   0: 0x8000aa6c (0x0000614d) c.addi16sp sp, 176
core   0: 3 0x8000aa6c (0x614d) x 2 0x000000b0
core   0: 0x8000aa6e (0x00008771) c.srai  a4, 28
core   0: 3 0x8000aa6e (0x8771) x14 0x00000000
core   0: 0x8000aa70 (0xc528fd93) andi    s11, a7, -942
core   0: 3 0x8000aa70 (0xc528fd93) x27 0x00000000
core   0: 0x8000aa74 (0x0000891e) c.mv    s2, t2
core   0: 3 0x8000aa74 (0x891e) x18 0x00000008
core   0: 0x8000aa76 (0x410ed013) srai    zero, t4, 16
core   0: 3 0x8000aa76 (0x410ed013)
core   0: 0x8000aa7a (0x3f937a93) andi    s5, t1, 1017
core   0: 3 0x8000aa7a (0x3f937a93) x21 0x00000079
core   0: 0x8000aa7e (0x41ff5393) srai    t2, t5, 31
core   0: 3 0x8000aa7e (0x41ff5393) x 7 0xffffffff
core   0: 0x8000aa82 (0x00000001) c.nop
core   0: 3 0x8000aa82 (0x0001)
core   0: 0x8000aa84 (0x18512913) slti    s2, sp, 389
core   0: 3 0x8000aa84 (0x18512913) x18 0x00000001
core   0: 0x8000aa88 (0x03f81eb3) mulh    t4, a6, t6
core   0: 3 0x8000aa88 (0x03f81eb3) x29 0x00000000
core   0: 0x8000aa8c (0x40025833) sra     a6, tp, zero
core   0: 3 0x8000aa8c (0x40025833) x16 0x00000000
core   0: 0x8000aa90 (0x02dbc1b3) div     gp, s7, a3
core   0: 3 0x8000aa90 (0x02dbc1b3) x 3 0xffffffff
core   0: 0x8000aa94 (0x290dbc17) auipc   s8, 0x290db
core   0: 3 0x8000aa94 (0x290dbc17) x24 0xa90e5a94
core   0: 0x8000aa98 (0x00008bbe) c.mv    s7, a5
core   0: 3 0x8000aa98 (0x8bbe) x23 0x00020008
core   0: 0x8000aa9a (0x00234eb3) xor     t4, t1, sp
core   0: 3 0x8000aa9a (0x00234eb3) x29 0x000000cd
core   0: 0x8000aa9e (0x00008ead) c.xor   a3, a1
core   0: 3 0x8000aa9e (0x8ead) x13 0x80026ce4
core   0: 0x8000aaa0 (0x01726e63) bltu    tp, s7, pc + 28
core   0: 3 0x8000aaa0 (0x01726e63)
core   0: 0x8000aabc (0x00000001) c.nop
core   0: 3 0x8000aabc (0x0001)
core   0: 0x8000aabe (0x00001a04) c.addi4spn s1, sp, 304
core   0: 3 0x8000aabe (0x1a04) x 9 0x000001e0
core   0: 0x8000aac0 (0x00009b1e) c.add   s6, t2
core   0: 3 0x8000aac0 (0x9b1e) x22 0x00000007
core   0: 0x8000aac2 (0x03c7d6b3) divu    a3, a5, t3
core   0: 3 0x8000aac2 (0x03c7d6b3) x13 0x00000000
core   0: 0x8000aac6 (0x0ff0000f) fence   iorw,iorw
core   0: 3 0x8000aac6 (0x0ff0000f)
core   0: 0x8000aaca (0x12dd0993) addi    s3, s10, 301
core   0: 3 0x8000aaca (0x12dd0993) x19 0x0000012d
core   0: 0x8000aace (0x000067e9) c.lui   a5, 0x1a
core   0: 3 0x8000aace (0x67e9) x15 0x0001a000
core   0: 0x8000aad0 (0x00008cc5) c.or    s1, s1
core   0: 3 0x8000aad0 (0x8cc5) x 9 0x000001e0
core   0: 0x8000aad2 (0x00008f8d) c.sub   a5, a1
core   0: 3 0x8000aad2 (0x8f8d) x15 0x7fff331c
core   0: 0x8000aad4 (0x00001884) c.addi4spn s1, sp, 112
core   0: 3 0x8000aad4 (0x1884) x 9 0x00000120
core   0: 0x8000aad6 (0x013d4c63) blt     s10, s3, pc + 24
core   0: 3 0x8000aad6 (0x013d4c63)
core   0: 0x8000aaee (0x012b6263) bltu    s6, s2, pc + 4
core   0: 3 0x8000aaee (0x012b6263)
core   0: 0x8000aaf2 (0x00008f79) c.and   a4, a4
core   0: 3 0x8000aaf2 (0x8f79) x14 0x00000000
core   0: 0x8000aaf4 (0x00008c3d) c.xor   s0, a5
core   0: 3 0x8000aaf4 (0x8c3d) x 8 0xfffeedce
core   0: 0x8000aaf6 (0xd8633893) sltiu   a7, t1, -634
core   0: 3 0x8000aaf6 (0xd8633893) x17 0x00000001
core   0: 0x8000aafa (0xabd96893) ori     a7, s2, -1347
core   0: 3 0x8000aafa (0xabd96893) x17 0xfffffabd
core   0: 0x8000aafe (0x78d8ce37) lui     t3, 0x78d8c
core   0: 3 0x8000aafe (0x78d8ce37) x28 0x78d8c000
core   0: 0x8000ab02 (0xa8622493) slti    s1, tp, -1402
core   0: 3 0x8000ab02 (0xa8622493) x 9 0x00000000
core   0: 0x8000ab06 (0x00009a7a) c.add   s4, t5
core   0: 3 0x8000ab06 (0x9a7a) x20 0x80022dd8
core   0: 0x8000ab08 (0x01083b33) sltu    s6, a6, a6
core   0: 3 0x8000ab08 (0x01083b33) x22 0x00000000
core   0: 0x8000ab0c (0x02741c63) bne     s0, t2, pc + 56
core   0: 3 0x8000ab0c (0x02741c63)
core   0: 0x8000ab44 (0x02851d33) mulh    s10, a0, s0
core   0: 3 0x8000ab44 (0x02851d33) x26 0x00008916
core   0: 0x8000ab48 (0x0000eb9d) c.bnez  a5, pc + 54
core   0: 3 0x8000ab48 (0xeb9d)
core   0: 0x8000ab7e (0x41030a13) addi    s4, t1, 1040
core   0: 3 0x8000ab7e (0x41030a13) x20 0x0000048d
core   0: 0x8000ab82 (0x0ff0000f) fence   iorw,iorw
core   0: 3 0x8000ab82 (0x0ff0000f)
core   0: 0x8000ab86 (0x02e80363) beq     a6, a4, pc + 38
core   0: 3 0x8000ab86 (0x02e80363)
core   0: 0x8000abac (0x00e7dc33) srl     s8, a5, a4
core   0: 3 0x8000abac (0x00e7dc33) x24 0x7fff331c
core   0: 0x8000abb0 (0x000096a6) c.add   a3, s1
core   0: 3 0x8000abb0 (0x96a6) x13 0x00000000
core   0: 0x8000abb2 (0x0000c021) c.beqz  s0, pc + 64
core   0: 3 0x8000abb2 (0xc021)
core   0: 0x8000abb4 (0x3e606f93) ori     t6, zero, 998
core   0: 3 0x8000abb4 (0x3e606f93) x31 0x000003e6
core   0: 0x8000abb8 (0x0000e609) c.bnez  a2, pc + 10
core   0: 3 0x8000abb8 (0xe609)
core   0: 0x8000abc2 (0x03ac9b33) mulh    s6, s9, s10
core   0: 3 0x8000abc2 (0x03ac9b33) x22 0x00000000
core   0: 0x8000abc6 (0x007368b3) or      a7, t1, t2
core   0: 3 0x8000abc6 (0x007368b3) x17 0xffffffff
core   0: 0x8000abca (0x00008e35) c.xor   a2, a3
core   0: 3 0x8000abca (0x8e35) x12 0x0000001c
core   0: 0x8000abcc (0x03250bb3) mul     s7, a0, s2
core   0: 3 0x8000abcc (0x03250bb3) x23 0x80022dd8
core   0: 0x8000abd0 (0x0000100f) fence.i
core   0: 3 0x8000abd0 (0x0000100f)
core   0: 0x8000abd4 (0x03778733) mul     a4, a5, s7
core   0: 3 0x8000abd4 (0x03778733) x14 0x41870ba0
core   0: 0x8000abd8 (0x01be9bb3) sll     s7, t4, s11
core   0: 3 0x8000abd8 (0x01be9bb3) x23 0x000000cd
core   0: 0x8000abdc (0x3e5eccb7) lui     s9, 0x3e5ec
core   0: 3 0x8000abdc (0x3e5eccb7) x25 0x3e5ec000
core   0: 0x8000abe0 (0x7391b893) sltiu   a7, gp, 1849
core   0: 3 0x8000abe0 (0x7391b893) x17 0x00000000
core   0: 0x8000abe4 (0x0d261497) auipc   s1, 0xd261
core   0: 3 0x8000abe4 (0x0d261497) x 9 0x8d26bbe4
core   0: 0x8000abe8 (0xf7b366b7) lui     a3, 0xf7b36
core   0: 3 0x8000abe8 (0xf7b366b7) x13 0xf7b36000
core   0: 0x8000abec (0x000012fd) c.addi  t0, -1
core   0: 3 0x8000abec (0x12fd) x 5 0xfffffffe
core   0: 0x8000abee (0x03a73933) mulhu   s2, a4, s10
core   0: 3 0x8000abee (0x03a73933) x18 0x00002316
core   0: 0x8000abf2 (0x001be333) or      t1, s7, ra
core   0: 3 0x8000abf2 (0x001be333) x 6 0x000000cf
core   0: 0x8000abf6 (0x00000719) c.addi  a4, 6
core   0: 3 0x8000abf6 (0x0719) x14 0x41870ba6
core   0: 0x8000abf8 (0x0000717d) c.addi16sp sp, -16
core   0: 3 0x8000abf8 (0x717d) x 2 0x000000a0
core   0: 0x8000abfa (0x409458b3) sra     a7, s0, s1
core   0: 3 0x8000abfa (0x409458b3) x17 0xffffeedc
core   0: 0x8000abfe (0x002ade33) srl     t3, s5, sp
core   0: 3 0x8000abfe (0x002ade33) x28 0x00000079
core   0: 0x8000ac02 (0x00008efd) c.and   a3, a5
core   0: 3 0x8000ac02 (0x8efd) x13 0x77b32000
core   0: 0x8000ac04 (0xf32e8793) addi    a5, t4, -206
core   0: 3 0x8000ac04 (0xf32e8793) x15 0xffffffff
core   0: 0x8000ac08 (0x1a302d93) slti    s11, zero, 419
core   0: 3 0x8000ac08 (0x1a302d93) x27 0x00000001
core   0: 0x8000ac0c (0x00000ef9) c.addi  t4, 30
core   0: 3 0x8000ac0c (0x0ef9) x29 0x000000eb
core   0: 0x8000ac0e (0x00000c0d) c.addi  s8, 3
core   0: 3 0x8000ac0e (0x0c0d) x24 0x7fff331f
core   0: 0x8000ac10 (0x85376f13) ori     t5, a4, -1965
core   0: 3 0x8000ac10 (0x85376f13) x30 0xfffffbf7
core   0: 0x8000ac14 (0x5cc57f93) andi    t6, a0, 1484
core   0: 3 0x8000ac14 (0x5cc57f93) x31 0x000005c8
core   0: 0x8000ac18 (0x010bb6b3) sltu    a3, s7, a6
core   0: 3 0x8000ac18 (0x010bb6b3) x13 0x00000000
core   0: 0x8000ac1c (0x40e98b33) sub     s6, s3, a4
core   0: 3 0x8000ac1c (0x40e98b33) x22 0xbe78f587
core   0: 0x8000ac20 (0x0000100f) fence.i
core   0: 3 0x8000ac20 (0x0000100f)
core   0: 0x8000ac24 (0x00008cba) c.mv    s9, a4
core   0: 3 0x8000ac24 (0x8cba) x25 0x41870ba6
core   0: 0x8000ac26 (0x00c3e8b3) or      a7, t2, a2
core   0: 3 0x8000ac26 (0x00c3e8b3) x17 0xffffffff
core   0: 0x8000ac2a (0x0ff0000f) fence   iorw,iorw
core   0: 3 0x8000ac2a (0x0ff0000f)
core   0: 0x8000ac2e (0x05072813) slti    a6, a4, 80
core   0: 3 0x8000ac2e (0x05072813) x16 0x00000000
core   0: 0x8000ac32 (0xe6eb02b7) lui     t0, 0xe6eb0
core   0: 3 0x8000ac32 (0xe6eb02b7) x 5 0xe6eb0000
core   0: 0x8000ac36 (0x3ded2a13) slti    s4, s10, 990
core   0: 3 0x8000ac36 (0x3ded2a13) x20 0x00000000
core   0: 0x8000ac3a (0x0004cb33) xor     s6, s1, zero
core   0: 3 0x8000ac3a (0x0004cb33) x22 0x8d26bbe4
core   0: 0x8000ac3e (0x00008606) c.mv    a2, ra
core   0: 3 0x8000ac3e (0x8606) x12 0x0000008e
core   0: 0x8000ac40 (0x0000100f) fence.i
core   0: 3 0x8000ac40 (0x0000100f)
core   0: 0x8000ac44 (0x030d91b3) mulh    gp, s11, a6
core   0: 3 0x8000ac44 (0x030d91b3) x 3 0x00000000
core   0: 0x8000ac48 (0x41e18ab3) sub     s5, gp, t5
core   0: 3 0x8000ac48 (0x41e18ab3) x21 0x00000409
core   0: 0x8000ac4c (0x00000098) c.addi4spn a4, sp, 64
core   0: 3 0x8000ac4c (0x0098) x14 0x000000e0
core   0: 0x8000ac4e (0x00008c19) c.sub   s0, a4
core   0: 3 0x8000ac4e (0x8c19) x 8 0xfffeecee
core   0: 0x8000ac50 (0x03bca1b3) mulhsu  gp, s9, s11
core   0: 3 0x8000ac50 (0x03bca1b3) x 3 0x00000000
core   0: 0x8000ac54 (0x02c87cb3) remu    s9, a6, a2
core   0: 3 0x8000ac54 (0x02c87cb3) x25 0x00000000
core   0: 0x8000ac58 (0x3797f293) andi    t0, a5, 889
core   0: 3 0x8000ac58 (0x3797f293) x 5 0x00000379
core   0: 0x8000ac5c (0xbf6ef617) auipc   a2, 0xbf6ef
core   0: 3 0x8000ac5c (0xbf6ef617) x12 0x3f6f9c5c
core   0: 0x8000ac60 (0x00e6c0b3) xor     ra, a3, a4
core   0: 3 0x8000ac60 (0x00e6c0b3) x 1 0x000000e0
core   0: 0x8000ac64 (0xaa59e313) ori     t1, s3, -1371
core   0: 3 0x8000ac64 (0xaa59e313) x 6 0xfffffbad
core   0: 0x8000ac68 (0x00fd9d13) slli    s10, s11, 15
core   0: 3 0x8000ac68 (0x00fd9d13) x26 0x00008000
core   0: 0x8000ac6c (0x00000304) c.addi4spn s1, sp, 384
core   0: 3 0x8000ac6c (0x0304) x 9 0x00000220
core   0: 0x8000ac6e (0x40675113) srai    sp, a4, 6
core   0: 3 0x8000ac6e (0x40675113) x 2 0x00000003
core   0: 0x8000ac72 (0xced57093) andi    ra, a0, -787
core   0: 3 0x8000ac72 (0xced57093) x 1 0x80022cc8
core   0: 0x8000ac76 (0x0000717d) c.addi16sp sp, -16
core   0: 3 0x8000ac76 (0x717d) x 2 0xfffffff3
core   0: 0x8000ac78 (0x03eda4b3) mulhsu  s1, s11, t5
core   0: 3 0x8000ac78 (0x03eda4b3) x 9 0x00000000
core   0: 0x8000ac7c (0x031a7763) bgeu    s4, a7, pc + 46
core   0: 3 0x8000ac7c (0x031a7763)
core   0: 0x8000ac80 (0x00008f19) c.sub   a4, a4
core   0: 3 0x8000ac80 (0x8f19) x14 0x00000000
core   0: 0x8000ac82 (0x0201f0b3) remu    ra, gp, zero
core   0: 3 0x8000ac82 (0x0201f0b3) x 1 0x00000000
core   0: 0x8000ac86 (0x01c8d033) srl     zero, a7, t3
core   0: 3 0x8000ac86 (0x01c8d033)
core   0: 0x8000ac8a (0x037a1db3) mulh    s11, s4, s7
core   0: 3 0x8000ac8a (0x037a1db3) x27 0x00000000
core   0: 0x8000ac8e (0x0125d633) srl     a2, a1, s2
core   0: 3 0x8000ac8e (0x0125d633) x12 0x00000200
core   0: 0x8000ac92 (0x012e9d93) slli    s11, t4, 18
core   0: 3 0x8000ac92 (0x012e9d93) x27 0x03ac0000
core   0: 0x8000ac96 (0x00e9e313) ori     t1, s3, 14
core   0: 3 0x8000ac96 (0x00e9e313) x 6 0x0000012f
core   0: 0x8000ac9a (0x05600713) li      a4, 86
core   0: 3 0x8000ac9a (0x05600713) x14 0x00000056
core   0: 0x8000ac9e (0xca37ca13) xori    s4, a5, -861
core   0: 3 0x8000ac9e (0xca37ca13) x20 0x0000035c
core   0: 0x8000aca2 (0x01461db3) sll     s11, a2, s4
core   0: 3 0x8000aca2 (0x01461db3) x27 0x00000000
core   0: 0x8000aca6 (0x01f25263) bge     tp, t6, pc + 4
core   0: 3 0x8000aca6 (0x01f25263)
core   0: 0x8000acaa (0x01924433) xor     s0, tp, s9
core   0: 3 0x8000acaa (0x01924433) x 8 0x00000000
core   0: 0x8000acae (0x00000001) c.nop
core   0: 3 0x8000acae (0x0001)
core   0: 0x8000acb0 (0x00c37bb3) and     s7, t1, a2
core   0: 3 0x8000acb0 (0x00c37bb3) x23 0x00000000
core   0: 0x8000acb4 (0x00000d0e) c.slli  s10, 3
core   0: 3 0x8000acb4 (0x0d0e) x26 0x00040000
core   0: 0x8000acb6 (0x00452283) lw      t0, 4(a0)
core   0: 3 0x8000acb6 (0x00452283) x 5 0x8000a23c mem 0x80022ddc
core   0: 0x8000acba (0x00009a1e) c.add   s4, t2
core   0: 3 0x8000acba (0x9a1e) x20 0x0000035b
core   0: 0x8000acbc (0x03050513) addi    a0, a0, 48
core   0: 3 0x8000acbc (0x03050513) x10 0x80022e08
core   0: 0x8000acc0 (0x00008f65) c.and   a4, s1
core   0: 3 0x8000acc0 (0x8f65) x14 0x00000000
core   0: 0x8000acc2 (0x03a31033) mulh    zero, t1, s10
core   0: 3 0x8000acc2 (0x03a31033)
core   0: 0x8000acc6 (0x0000913e) c.add   sp, a5
core   0: 3 0x8000acc6 (0x913e) x 2 0xfffffff2
core   0: 0x8000acc8 (0xf789f3b7) lui     t2, 0xf789f
core   0: 3 0x8000acc8 (0xf789f3b7) x 7 0xf789f000
core   0: 0x8000accc (0x02c4c033) div     zero, s1, a2
core   0: 3 0x8000accc (0x02c4c033)
core   0: 0x8000acd0 (0x00008ec9) c.or    a3, a0
core   0: 3 0x8000acd0 (0x8ec9) x13 0x80022e08
core   0: 0x8000acd2 (0x00128d13) addi    s10, t0, 1
core   0: 3 0x8000acd2 (0x00128d13) x26 0x8000a23d
core   0: 0x8000acd6 (0x00008d02) c.jr    s10
core   0: 3 0x8000acd6 (0x8d02)
core   0: 0x8000a23c (0x0000875d) c.srai  a4, 23
core   0: 3 0x8000a23c (0x875d) x14 0x00000000
core   0: 0x8000a23e (0x0066bf33) sltu    t5, a3, t1
core   0: 3 0x8000a23e (0x0066bf33) x30 0x00000000
core   0: 0x8000a242 (0x66420013) addi    zero, tp, 1636
core   0: 3 0x8000a242 (0x66420013)
core   0: 0x8000a246 (0x03da5fb3) divu    t6, s4, t4
core   0: 3 0x8000a246 (0x03da5fb3) x31 0x00000003
core   0: 0x8000a24a (0x00009f2a) c.add   t5, a0
core   0: 3 0x8000a24a (0x9f2a) x30 0x80022e08
core   0: 0x8000a24c (0x00006f9d) c.lui   t6, 0x7
core   0: 3 0x8000a24c (0x6f9d) x31 0x00007000
core   0: 0x8000a24e (0x013f3933) sltu    s2, t5, s3
core   0: 3 0x8000a24e (0x013f3933) x18 0x00000000
core   0: 0x8000a252 (0x01ab7663) bgeu    s6, s10, pc + 12
core   0: 3 0x8000a252 (0x01ab7663)
core   0: 0x8000a25e (0x0000100f) fence.i
core   0: 3 0x8000a25e (0x0000100f)
core   0: 0x8000a262 (0x00006179) c.addi16sp sp, 464
core   0: 3 0x8000a262 (0x6179) x 2 0x000001c2
core   0: 0x8000a264 (0x0000167d) c.addi  a2, -1
core   0: 3 0x8000a264 (0x167d) x12 0x000001ff
core   0: 0x8000a266 (0x00617863) bgeu    sp, t1, pc + 16
core   0: 3 0x8000a266 (0x00617863)
core   0: 0x8000a276 (0x0000100f) fence.i
core   0: 3 0x8000a276 (0x0000100f)
core   0: 0x8000a27a (0xa8a1da37) lui     s4, 0xa8a1d
core   0: 3 0x8000a27a (0xa8a1da37) x20 0xa8a1d000
core   0: 0x8000a27e (0x00006119) c.addi16sp sp, 384
core   0: 3 0x8000a27e (0x6119) x 2 0x00000342
core   0: 0x8000a280 (0x00ba6033) or      zero, s4, a1
core   0: 3 0x8000a280 (0x00ba6033)
core   0: 0x8000a284 (0x00006ab5) c.lui   s5, 0xd
core   0: 3 0x8000a284 (0x6ab5) x21 0x0000d000
core   0: 0x8000a286 (0x0ff0000f) fence   iorw,iorw
core   0: 3 0x8000a286 (0x0ff0000f)
core   0: 0x8000a28a (0x0000825d) c.srli  a2, 23
core   0: 3 0x8000a28a (0x825d) x12 0x00000000
core   0: 0x8000a28c (0x8219a013) slti    zero, s3, -2015
core   0: 3 0x8000a28c (0x8219a013)
core   0: 0x8000a290 (0x00647733) and     a4, s0, t1
core   0: 3 0x8000a290 (0x00647733) x14 0x00000000
core   0: 0x8000a294 (0x9d213193) sltiu   gp, sp, -1582
core   0: 3 0x8000a294 (0x9d213193) x 3 0x00000001
core   0: 0x8000a298 (0x0000880a) c.mv    a6, sp
core   0: 3 0x8000a298 (0x880a) x16 0x00000342
core   0: 0x8000a29a (0x00d1afb3) slt     t6, gp, a3
core   0: 3 0x8000a29a (0x00d1afb3) x31 0x00000000
core   0: 0x8000a29e (0x000088a9) c.andi  s1, 10
core   0: 3 0x8000a29e (0x88a9) x 9 0x00000000
core   0: 0x8000a2a0 (0x00000001) c.nop
core   0: 3 0x8000a2a0 (0x0001)
core   0: 0x8000a2a2 (0x022c7663) bgeu    s8, sp, pc + 44
core   0: 3 0x8000a2a2 (0x022c7663)
core   0: 0x8000a2ce (0x41835b33) sra     s6, t1, s8
core   0: 3 0x8000a2ce (0x41835b33) x22 0x00000000
core   0: 0x8000a2d2 (0x02581333) mulh    t1, a6, t0
core   0: 3 0x8000a2d2 (0x02581333) x 6 0xfffffe5f
core   0: 0x8000a2d6 (0x00452283) lw      t0, 4(a0)
core   0: 3 0x8000a2d6 (0x00452283) x 5 0x8000b31e mem 0x80022e0c
core   0: 0x8000a2da (0x02050513) addi    a0, a0, 32
core   0: 3 0x8000a2da (0x02050513) x10 0x80022e28
core   0: 0x8000a2de (0x00006cb9) c.lui   s9, 0xe
core   0: 3 0x8000a2de (0x6cb9) x25 0x0000e000
core   0: 0x8000a2e0 (0x00e77b33) and     s6, a4, a4
core   0: 3 0x8000a2e0 (0x00e77b33) x22 0x00000000
core   0: 0x8000a2e4 (0x00a37633) and     a2, t1, a0
core   0: 3 0x8000a2e4 (0x00a37633) x12 0x80022e08
core   0: 0x8000a2e8 (0x036a57b3) divu    a5, s4, s6
core   0: 3 0x8000a2e8 (0x036a57b3) x15 0xffffffff
core   0: 0x8000a2ec (0x00028193) mv      gp, t0
core   0: 3 0x8000a2ec (0x00028193) x 3 0x8000b31e
core   0: 0x8000a2f0 (0x000181e7) jalr    gp, gp, 0
core   0: 3 0x8000a2f0 (0x000181e7) x 3 0x8000a2f4
core   0: 0x8000b31e (0x03531c63) bne     t1, s5, pc + 56
core   0: 3 0x8000b31e (0x03531c63)
core   0: 0x8000b356 (0x0000717d) c.addi16sp sp, -16
core   0: 3 0x8000b356 (0x717d) x 2 0x00000332
core   0: 0x8000b358 (0x000fe263) bltu    t6, zero, pc + 4
core   0: 3 0x8000b358 (0x000fe263)
core   0: 0x8000b35c (0x00000001) c.nop
core   0: 3 0x8000b35c (0x0001)
core   0: 0x8000b35e (0x6bfc36b7) lui     a3, 0x6bfc3
core   0: 3 0x8000b35e (0x6bfc36b7) x13 0x6bfc3000
core   0: 0x8000b362 (0x000049f9) c.li    s3, 30
core   0: 3 0x8000b362 (0x49f9) x19 0x0000001e
core   0: 0x8000b364 (0x02d596b3) mulh    a3, a1, a3
core   0: 3 0x8000b364 (0x02d596b3) x13 0xca02ede6
core   0: 0x8000b368 (0x0ff0000f) fence   iorw,iorw
core   0: 3 0x8000b368 (0x0ff0000f)
core   0: 0x8000b36c (0x31ae2013) slti    zero, t3, 794
core   0: 3 0x8000b36c (0x31ae2013)
core   0: 0x8000b370 (0x01ad61b3) or      gp, s10, s10
core   0: 3 0x8000b370 (0x01ad61b3) x 3 0x8000a23d
core   0: 0x8000b374 (0x00ecdc63) bge     s9, a4, pc + 24
core   0: 3 0x8000b374 (0x00ecdc63)
core   0: 0x8000b38c (0x004fef33) or      t5, t6, tp
core   0: 3 0x8000b38c (0x004fef33) x30 0x00000000
core   0: 0x8000b390 (0x03620863) beq     tp, s6, pc + 48
core   0: 3 0x8000b390 (0x03620863)
core   0: 0x8000b3c0 (0x03583bb3) mulhu   s7, a6, s5
core   0: 3 0x8000b3c0 (0x03583bb3) x23 0x00000000
core   0: 0x8000b3c4 (0x03d78433) mul     s0, a5, t4
core   0: 3 0x8000b3c4 (0x03d78433) x 8 0xffffff15
core   0: 0x8000b3c8 (0x4145d333) sra     t1, a1, s4
core   0: 3 0x8000b3c8 (0x4145d333) x 6 0x80026ce4
core   0: 0x8000b3cc (0x00452283) lw      t0, 4(a0)
core   0: 3 0x8000b3cc (0x00452283) x 5 0x80009e40 mem 0x80022e2c
core   0: 0x8000b3d0 (0x00008ec5) c.or    a3, s1
core   0: 3 0x8000b3d0 (0x8ec5) x13 0xca02ede6
core   0: 0x8000b3d2 (0x02050513) addi    a0, a0, 32
core   0: 3 0x8000b3d2 (0x02050513) x10 0x80022e48
core   0: 0x8000b3d6 (0x41b1d813) srai    a6, gp, 27
core   0: 3 0x8000b3d6 (0x41b1d813) x16 0xfffffff0
core   0: 0x8000b3da (0x00128813) addi    a6, t0, 1
core   0: 3 0x8000b3da (0x00128813) x16 0x80009e41
core   0: 0x8000b3de (0x00009802) c.jalr  a6
core   0: 3 0x8000b3de (0x9802) x 1 0x8000b3e0
core   0: 0x80009e40 (0x00011a97) auipc   s5, 0x11
core   0: 3 0x80009e40 (0x00011a97) x21 0x8001ae40
core   0: 0x80009e44 (0x7d0a8a93) addi    s5, s5, 2000
core   0: 3 0x80009e44 (0x7d0a8a93) x21 0x8001b610
core   0: 0x80009e48 (0xd6aa8e83) lb      t4, -662(s5)
core   0: 3 0x80009e48 (0xd6aa8e83) x29 0x00000031 mem 0x8001b37a
core   0: 0x80009e4c (0x672a9d83) lh      s11, 1650(s5)
core   0: 3 0x80009e4c (0x672a9d83) x27 0x00003839 mem 0x8001bc82
core   0: 0x80009e50 (0x0000717d) c.addi16sp sp, -16
core   0: 3 0x80009e50 (0x717d) x 2 0x00000322
core   0: 0x80009e52 (0x5748f713) andi    a4, a7, 1396
core   0: 3 0x80009e52 (0x5748f713) x14 0x00000574
core   0: 0x80009e56 (0x037059b3) divu    s3, zero, s7
core   0: 3 0x80009e56 (0x037059b3) x19 0xffffffff
core   0: 0x80009e5a (0x02aba0b3) mulhsu  ra, s7, a0
core   0: 3 0x80009e5a (0x02aba0b3) x 1 0x00000000
core   0: 0x80009e5e (0x000017fd) c.addi  a5, -1
core   0: 3 0x80009e5e (0x17fd) x15 0xfffffffe
core   0: 0x80009e60 (0x61fa8403) lb      s0, 1567(s5)
core   0: 3 0x80009e60 (0x61fa8403) x 8 0xffffffe4 mem 0x8001bc2f
core   0: 0x80009e64 (0x895a82a3) sb      s5, -1915(s5)
core   0: 3 0x80009e64 (0x895a82a3) mem 0x8001ae95 0x10
core   0: 0x80009e68 (0xa44a9d23) sh      tp, -1446(s5)
core   0: 3 0x80009e68 (0xa44a9d23) mem 0x8001b06a 0x0000
core   0: 0x80009e6c (0x03576eb3) rem     t4, a4, s5
core   0: 3 0x80009e6c (0x03576eb3) x29 0x00000574
core   0: 0x80009e70 (0xe84aa483) lw      s1, -380(s5)
core   0: 3 0x80009e70 (0xe84aa483) x 9 0x4c4d4e4f mem 0x8001b494
core   0: 0x80009e74 (0x03392333) mulhsu  t1, s2, s3
core   0: 3 0x80009e74 (0x03392333) x 6 0x00000000
core   0: 0x80009e78 (0x007e4033) xor     zero, t3, t2
core   0: 3 0x80009e78 (0x007e4033)
core   0: 0x80009e7c (0x000ac403) lbu     s0, 0(s5)
core   0: 3 0x80009e7c (0x000ac403) x 8 0x000000cb mem 0x8001b610
core   0: 0x80009e80 (0x2e0b8a13) addi    s4, s7, 736
core   0: 3 0x80009e80 (0x2e0b8a13) x20 0x000002e0
core   0: 0x80009e84 (0x00008b15) c.andi  a4, 5
core   0: 3 0x80009e84 (0x8b15) x14 0x00000004
core   0: 0x80009e86 (0x033f9eb3) mulh    t4, t6, s3
core   0: 3 0x80009e86 (0x033f9eb3) x29 0x00000000
core   0: 0x80009e8a (0xaed13497) auipc   s1, 0xaed13
core   0: 3 0x80009e8a (0xaed13497) x 9 0x2ed1ce8a
core   0: 0x80009e8e (0x41afd693) srai    a3, t6, 26
core   0: 3 0x80009e8e (0x41afd693) x13 0x00000000
core   0: 0x80009e92 (0xcb2ade03) lhu     t3, -846(s5)
core   0: 3 0x80009e92 (0xcb2ade03) x28 0x00007879 mem 0x8001b2c2
core   0: 0x80009e96 (0xcd6a89a3) sb      s6, -813(s5)
core   0: 3 0x80009e96 (0xcd6a89a3) mem 0x8001b2e3 0x0
core   0: 0x80009e9a (0x486a8f23) sb      t1, 1182(s5)
core   0: 3 0x80009e9a (0x486a8f23) mem 0x8001baae 0x0
core   0: 0x80009e9e (0x83dace83) lbu     t4, -1987(s5)
core   0: 3 0x80009e9e (0x83dace83) x29 0x00000006 mem 0x8001ae4d
core   0: 0x80009ea2 (0x0ff0000f) fence   iorw,iorw
core   0: 3 0x80009ea2 (0x0ff0000f)
core   0: 0x80009ea6 (0x4d3a8883) lb      a7, 1235(s5)
core   0: 3 0x80009ea6 (0x4d3a8883) x17 0xffffff98 mem 0x8001bae3
core   0: 0x80009eaa (0xd0c42e93) slti    t4, s0, -756
core   0: 3 0x80009eaa (0xd0c42e93) x29 0x00000000
core   0: 0x80009eae (0x757acb83) lbu     s7, 1879(s5)
core   0: 3 0x80009eae (0x757acb83) x23 0x0000001c mem 0x8001bd67
core   0: 0x80009eb2 (0x014b73b3) and     t2, s6, s4
core   0: 3 0x80009eb2 (0x014b73b3) x 7 0x00000000
core   0: 0x80009eb6 (0x41360f33) sub     t5, a2, s3
core   0: 3 0x80009eb6 (0x41360f33) x30 0x80022e09
core   0: 0x80009eba (0x66ca9f23) sh      a2, 1662(s5)
core   0: 3 0x80009eba (0x66ca9f23) mem 0x8001bc8e 0x2e08
core   0: 0x80009ebe (0x9d7a8da3) sb      s7, -1573(s5)
core   0: 3 0x80009ebe (0x9d7a8da3) mem 0x8001afeb 0x1c
core   0: 0x80009ec2 (0xaeda8283) lb      t0, -1299(s5)
core   0: 3 0x80009ec2 (0xaeda8283) x 5 0xffffffb6 mem 0x8001b0fd
core   0: 0x80009ec6 (0x050a9183) lh      gp, 80(s5)
core   0: 3 0x80009ec6 (0x050a9183) x 3 0x00001a1b mem 0x8001b660
core   0: 0x80009eca (0xcbaac003) lbu     zero, -838(s5)
core   0: 3 0x80009eca (0xcbaac003) mem 0x8001b2ca
core   0: 0x80009ece (0xaaea9903) lh      s2, -1362(s5)
core   0: 3 0x80009ece (0xaaea9903) x18 0x00007475 mem 0x8001b0be
core   0: 0x80009ed2 (0x03fb8733) mul     a4, s7, t6
core   0: 3 0x80009ed2 (0x03fb8733) x14 0x00000000
core   0: 0x80009ed6 (0x00008be1) c.andi  a5, 24
core   0: 3 0x80009ed6 (0x8be1) x15 0x00000018
core   0: 0x80009ed8 (0x69fa85a3) sb      t6, 1675(s5)
core   0: 3 0x80009ed8 (0x69fa85a3) mem 0x8001bc9b 0x0
core   0: 0x80009edc (0xf9ba88a3) sb      s11, -111(s5)
core   0: 3 0x80009edc (0xf9ba88a3) mem 0x8001b5a1 0x39
core   0: 0x80009ee0 (0x0000960a) c.add   a2, sp
core   0: 3 0x80009ee0 (0x960a) x12 0x8002312a
core   0: 0x80009ee2 (0x01bd44b3) xor     s1, s10, s11
core   0: 3 0x80009ee2 (0x01bd44b3) x 9 0x80009a04
core   0: 0x80009ee6 (0x020db033) mulhu   zero, s11, zero
core   0: 3 0x80009ee6 (0x020db033)
core   0: 0x80009eea (0x69fa9d23) sh      t6, 1690(s5)
core   0: 3 0x80009eea (0x69fa9d23) mem 0x8001bcaa 0x0000
core   0: 0x80009eee (0x00000001) c.nop
core   0: 3 0x80009eee (0x0001)
core   0: 0x80009ef0 (0xb21a9423) sh      ra, -1240(s5)
core   0: 3 0x80009ef0 (0xb21a9423) mem 0x8001b138 0x0000
core   0: 0x80009ef4 (0x00009936) c.add   s2, a3
core   0: 3 0x80009ef4 (0x9936) x18 0x00007475
core   0: 0x80009ef6 (0xf73a89a3) sb      s3, -141(s5)
core   0: 3 0x80009ef6 (0xf73a89a3) mem 0x8001b583 0xff
core   0: 0x80009efa (0x0000100f) fence.i
core   0: 3 0x80009efa (0x0000100f)
core   0: 0x80009efe (0xc5aa9783) lh      a5, -934(s5)
core   0: 3 0x80009efe (0xc5aa9783) x15 0x00002021 mem 0x8001b26a
core   0: 0x80009f02 (0x011882b3) add     t0, a7, a7
core   0: 3 0x80009f02 (0x011882b3) x 5 0xffffff30
core   0: 0x80009f06 (0x562acd03) lbu     s10, 1378(s5)
core   0: 3 0x80009f06 (0x562acd03) x26 0x00000029 mem 0x8001bb72
core   0: 0x80009f0a (0x00008cdd) c.or    s1, a5
core   0: 3 0x80009f0a (0x8cdd) x 9 0x8000ba25
core   0: 0x80009f0c (0x015faa33) slt     s4, t6, s5
core   0: 3 0x80009f0c (0x015faa33) x20 0x00000000
core   0: 0x80009f10 (0x01545193) srli    gp, s0, 21
core   0: 3 0x80009f10 (0x01545193) x 3 0x00000000
core   0: 0x80009f14 (0xb5810d93) addi    s11, sp, -1192
core   0: 3 0x80009f14 (0xb5810d93) x27 0xfffffe7a
core   0: 0x80009f18 (0x04a0b813) sltiu   a6, ra, 74
core   0: 3 0x80009f18 (0x04a0b813) x16 0x00000001
core   0: 0x80009f1c (0x02cad833) divu    a6, s5, a2
core   0: 3 0x80009f1c (0x02cad833) x16 0x00000000
core   0: 0x80009f20 (0x00008aaa) c.mv    s5, a0
core   0: 3 0x80009f20 (0x8aaa) x21 0x80022e48
core   0: 0x80009f22 (0x00af0b63) beq     t5, a0, pc + 22
core   0: 3 0x80009f22 (0x00af0b63)
core   0: 0x80009f26 (0x00008fc9) c.or    a5, a0
core   0: 3 0x80009f26 (0x8fc9) x15 0x80022e69
core   0: 0x80009f28 (0x40885d13) srai    s10, a6, 8
core   0: 3 0x80009f28 (0x40885d13) x26 0x00000000
core   0: 0x80009f2c (0xe08a6a13) ori     s4, s4, -504
core   0: 3 0x80009f2c (0xe08a6a13) x20 0xfffffe08
core   0: 0x80009f30 (0x02ccc363) blt     s9, a2, pc + 38
core   0: 3 0x80009f30 (0x02ccc363)
core   0: 0x80009f34 (0x000088e5) c.andi  s1, 25
core   0: 3 0x80009f34 (0x88e5) x 9 0x00000001
core   0: 0x80009f36 (0x0000e019) c.bnez  s0, pc + 6
core   0: 3 0x80009f36 (0xe019)
core   0: 0x80009f3c (0x0213eeb3) rem     t4, t2, ra
core   0: 3 0x80009f3c (0x0213eeb3) x29 0x00000000
core   0: 0x80009f40 (0x00c5d563) bge     a1, a2, pc + 10
core   0: 3 0x80009f40 (0x00c5d563)
core   0: 0x80009f4a (0x02f14133) div     sp, sp, a5
core   0: 3 0x80009f4a (0x02f14133) x 2 0x00000000
core   0: 0x80009f4e (0x00008f95) c.sub   a5, a3
core   0: 3 0x80009f4e (0x8f95) x15 0x80022e69
core   0: 0x80009f50 (0x01ed8c33) add     s8, s11, t5
core   0: 3 0x80009f50 (0x01ed8c33) x24 0x80022c83
core   0: 0x80009f54 (0x000013fd) c.addi  t2, -1
core   0: 3 0x80009f54 (0x13fd) x 7 0xffffffff
core   0: 0x80009f56 (0x036f3fb3) mulhu   t6, t5, s6
core   0: 3 0x80009f56 (0x036f3fb3) x31 0x00000000
core   0: 0x80009f5a (0x00000966) c.slli  s2, 25
core   0: 3 0x80009f5a (0x0966) x18 0xea000000
core   0: 0x80009f5c (0x6328c493) xori    s1, a7, 1586
core   0: 3 0x80009f5c (0x6328c493) x 9 0xfffff9aa
core   0: 0x80009f60 (0xf8194893) xori    a7, s2, -127
core   0: 3 0x80009f60 (0xf8194893) x17 0x15ffff81
core   0: 0x80009f64 (0x03f4c3b3) div     t2, s1, t6
core   0: 3 0x80009f64 (0x03f4c3b3) x 7 0xffffffff
core   0: 0x80009f68 (0x9d723493) sltiu   s1, tp, -1577
core   0: 3 0x80009f68 (0x9d723493) x 9 0x00000001
core   0: 0x80009f6c (0x71122817) auipc   a6, 0x71122
core   0: 3 0x80009f6c (0x71122817) x16 0xf112bf6c
core   0: 0x80009f70 (0x00fd9313) slli    t1, s11, 15
core   0: 3 0x80009f70 (0x00fd9313) x 6 0xff3d0000
core   0: 0x80009f74 (0xe6e59b97) auipc   s7, 0xe6e59
core   0: 3 0x80009f74 (0xe6e59b97) x23 0x66e62f74
core   0: 0x80009f78 (0x039f1363) bne     t5, s9, pc + 38
core   0: 3 0x80009f78 (0x039f1363)
core   0: 0x80009f9e (0x00d18a63) beq     gp, a3, pc + 20
core   0: 3 0x80009f9e (0x00d18a63)
core   0: 0x80009fb2 (0x344d8913) addi    s2, s11, 836
core   0: 3 0x80009fb2 (0x344d8913) x18 0x000001be
core   0: 0x80009fb6 (0x007370b3) and     ra, t1, t2
core   0: 3 0x80009fb6 (0x007370b3) x 1 0xff3d0000
core   0: 0x80009fba (0x0000ef11) c.bnez  a4, pc + 28
core   0: 3 0x80009fba (0xef11)
core   0: 0x80009fbc (0x00b866b3) or      a3, a6, a1
core   0: 3 0x80009fbc (0x00b866b3) x13 0xf112ffec
core   0: 0x80009fc0 (0x0a015d37) lui     s10, 0xa015
core   0: 3 0x80009fc0 (0x0a015d37) x26 0x0a015000
core   0: 0x80009fc4 (0x0297bdb3) mulhu   s11, a5, s1
core   0: 3 0x80009fc4 (0x0297bdb3) x27 0x00000000
core   0: 0x80009fc8 (0x018b9433) sll     s0, s7, s8
core   0: 3 0x80009fc8 (0x018b9433) x 8 0x37317ba0
core   0: 0x80009fcc (0xef6da013) slti    zero, s11, -266
core   0: 3 0x80009fcc (0xef6da013)
core   0: 0x80009fd0 (0x001a5d63) bge     s4, ra, pc + 26
core   0: 3 0x80009fd0 (0x001a5d63)
core   0: 0x80009fea (0x0000886d) c.andi  s0, 27
core   0: 3 0x80009fea (0x886d) x 8 0x00000000
core   0: 0x80009fec (0x00008c4e) c.mv    s8, s3
core   0: 3 0x80009fec (0x8c4e) x24 0xffffffff
core   0: 0x80009fee (0x005d5633) srl     a2, s10, t0
core   0: 3 0x80009fee (0x005d5633) x12 0x00000a01
core   0: 0x80009ff2 (0x5a60d117) auipc   sp, 0x5a60d
core   0: 3 0x80009ff2 (0x5a60d117) x 2 0xda616ff2
core   0: 0x80009ff6 (0x411a5c33) sra     s8, s4, a7
core   0: 3 0x80009ff6 (0x411a5c33) x24 0xffffff04
core   0: 0x80009ffa (0x0140bcb3) sltu    s9, ra, s4
core   0: 3 0x80009ffa (0x0140bcb3) x25 0x00000001
core   0: 0x80009ffe (0x918e0813) addi    a6, t3, -1768
core   0: 3 0x80009ffe (0x918e0813) x16 0x00007191
core   0: 0x8000a002 (0x24d2a337) lui     t1, 0x24d2a
core   0: 3 0x8000a002 (0x24d2a337) x 6 0x24d2a000
core   0: 0x8000a006 (0x008ade33) srl     t3, s5, s0
core   0: 3 0x8000a006 (0x008ade33) x28 0x80022e48
core   0: 0x8000a00a (0x00008ec9) c.or    a3, a0
core   0: 3 0x8000a00a (0x8ec9) x13 0xf112ffec
core   0: 0x8000a00c (0x0000eb85) c.bnez  a5, pc + 48
core   0: 3 0x8000a00c (0xeb85)
core   0: 0x8000a03c (0x021ae263) bltu    s5, ra, pc + 36
core   0: 3 0x8000a03c (0x021ae263)
core   0: 0x8000a060 (0x0193edb3) or      s11, t2, s9
core   0: 3 0x8000a060 (0x0193edb3) x27 0xffffffff
core   0: 0x8000a064 (0xf5f98713) addi    a4, s3, -161
core   0: 3 0x8000a064 (0xf5f98713) x14 0xffffff5e
core   0: 0x8000a068 (0x00ea76b3) and     a3, s4, a4
core   0: 3 0x8000a068 (0x00ea76b3) x13 0xfffffe08
core   0: 0x8000a06c (0x00008259) c.srli  a2, 22
core   0: 3 0x8000a06c (0x8259) x12 0x00000000
core   0: 0x8000a06e (0x627a8693) addi    a3, s5, 1575
core   0: 3 0x8000a06e (0x627a8693) x13 0x8002346f
core   0: 0x8000a072 (0x00004a39) c.li    s4, 14
core   0: 3 0x8000a072 (0x4a39) x20 0x0000000e
core   0: 0x8000a074 (0x03363d33) mulhu   s10, a2, s3
core   0: 3 0x8000a074 (0x03363d33) x26 0x00000000
core   0: 0x8000a078 (0x00a69e93) slli    t4, a3, 10
core   0: 3 0x8000a078 (0x00a69e93) x29 0x08d1bc00
core   0: 0x8000a07c (0x02b64833) div     a6, a2, a1
core   0: 3 0x8000a07c (0x02b64833) x16 0x00000000
core   0: 0x8000a080 (0x00008ea1) c.xor   a3, s0
core   0: 3 0x8000a080 (0x8ea1) x13 0x8002346f
core   0: 0x8000a082 (0x014ef963) bgeu    t4, s4, pc + 18
core   0: 3 0x8000a082 (0x014ef963)
core   0: 0x8000a094 (0x0000e401) c.bnez  s0, pc + 8
core   0: 3 0x8000a094 (0xe401)
core   0: 0x8000a096 (0x00008b05) c.andi  a4, 1
core   0: 3 0x8000a096 (0x8b05) x14 0x00000000
core   0: 0x8000a098 (0x02401033) mulh    zero, zero, tp
core   0: 3 0x8000a098 (0x02401033)
core   0: 0x8000a09c (0x00000d3a) c.slli  s10, 14
core   0: 3 0x8000a09c (0x0d3a) x26 0x00000000
core   0: 0x8000a09e (0x402bd433) sra     s0, s7, sp
core   0: 3 0x8000a09e (0x402bd433) x 8 0x000019b9
core   0: 0x8000a0a2 (0x00c64333) xor     t1, a2, a2
core   0: 3 0x8000a0a2 (0x00c64333) x 6 0x00000000
core   0: 0x8000a0a6 (0x0393d633) divu    a2, t2, s9
core   0: 3 0x8000a0a6 (0x0393d633) x12 0xffffffff
core   0: 0x8000a0aa (0x018d9b93) slli    s7, s11, 24
core   0: 3 0x8000a0aa (0x018d9b93) x23 0xff000000
core   0: 0x8000a0ae (0x03dac363) blt     s5, t4, pc + 38
core   0: 3 0x8000a0ae (0x03dac363)
core   0: 0x8000a0d4 (0x00008cbd) c.xor   s1, a5
core   0: 3 0x8000a0d4 (0x8cbd) x 9 0x80022e68
core   0: 0x8000a0d6 (0x000064f5) c.lui   s1, 0x1d
core   0: 3 0x8000a0d6 (0x64f5) x 9 0x0001d000
core   0: 0x8000a0d8 (0x000084a9) c.srai  s1, 10
core   0: 3 0x8000a0d8 (0x84a9) x 9 0x00000074
core   0: 0x8000a0da (0xbb433d13) sltiu   s10, t1, -1100
core   0: 3 0x8000a0da (0xbb433d13) x26 0x00000001
core   0: 0x8000a0de (0x013a1d63) bne     s4, s3, pc + 26
core   0: 3 0x8000a0de (0x013a1d63)
core   0: 0x8000a0f8 (0x0ff0000f) fence   iorw,iorw
core   0: 3 0x8000a0f8 (0x0ff0000f)
core   0: 0x8000a0fc (0x02652ab3) mulhsu  s5, a0, t1
core   0: 3 0x8000a0fc (0x02652ab3) x21 0x00000000
core   0: 0x8000a100 (0xa7091317) auipc   t1, 0xa7091
core   0: 3 0x8000a100 (0xa7091317) x 6 0x2709b100
core   0: 0x8000a104 (0x02dd1e33) mulh    t3, s10, a3
core   0: 3 0x8000a104 (0x02dd1e33) x28 0xffffffff
core   0: 0x8000a108 (0x029916b3) mulh    a3, s2, s1
core   0: 3 0x8000a108 (0x029916b3) x13 0x00000000
core   0: 0x8000a10c (0xabdd3713) sltiu   a4, s10, -1347
core   0: 3 0x8000a10c (0xabdd3713) x14 0x00000001
core   0: 0x8000a110 (0x00008c91) c.sub   s1, a2
core   0: 3 0x8000a110 (0x8c91) x 9 0x00000075
core   0: 0x8000a112 (0x01f99133) sll     sp, s3, t6
core   0: 3 0x8000a112 (0x01f99133) x 2 0xffffffff
core   0: 0x8000a116 (0x0000eb1d) c.bnez  a4, pc + 54
core   0: 3 0x8000a116 (0xeb1d)
core   0: 0x8000a14c (0x43ff6313) ori     t1, t5, 1087
core   0: 3 0x8000a14c (0x43ff6313) x 6 0x80022e3f
core   0: 0x8000a150 (0xda18aa93) slti    s5, a7, -607
core   0: 3 0x8000a150 (0xda18aa93) x21 0x00000000
core   0: 0x8000a154 (0x0000c681) c.beqz  a3, pc + 8
core   0: 3 0x8000a154 (0xc681)
core   0: 0x8000a15c (0x0000987d) c.andi  s0, -1
core   0: 3 0x8000a15c (0x987d) x 8 0x000019b9
core   0: 0x8000a15e (0x00006ae5) c.lui   s5, 0x19
core   0: 3 0x8000a15e (0x6ae5) x21 0x00019000
core   0: 0x8000a160 (0x00000001) c.nop
core   0: 3 0x8000a160 (0x0001)
core   0: 0x8000a162 (0x00008c0e) c.mv    s8, gp
core   0: 3 0x8000a162 (0x8c0e) x24 0x00000000
core   0: 0x8000a164 (0x4028d393) srai    t2, a7, 2
core   0: 3 0x8000a164 (0x4028d393) x 7 0x057fffe0
core   0: 0x8000a168 (0x02d65e33) divu    t3, a2, a3
core   0: 3 0x8000a168 (0x02d65e33) x28 0xffffffff
core   0: 0x8000a16c (0xbef47013) andi    zero, s0, -1041
core   0: 3 0x8000a16c (0xbef47013)
core   0: 0x8000a170 (0x00452283) lw      t0, 4(a0)
core   0: 3 0x8000a170 (0x00452283) x 5 0x8000a356 mem 0x80022e4c
core   0: 0x8000a174 (0x00008822) c.mv    a6, s0
core   0: 3 0x8000a174 (0x8822) x16 0x000019b9
core   0: 0x8000a176 (0x00000541) c.addi  a0, 16
core   0: 3 0x8000a176 (0x0541) x10 0x80022e58
core   0: 0x8000a178 (0x0040b1b3) sltu    gp, ra, tp
core   0: 3 0x8000a178 (0x0040b1b3) x 3 0x00000000
core   0: 0x8000a17c (0xa5b00c93) li      s9, -1445
core   0: 3 0x8000a17c (0xa5b00c93) x25 0xfffffa5b
core   0: 0x8000a180 (0x40ee0ab3) sub     s5, t3, a4
core   0: 3 0x8000a180 (0x40ee0ab3) x21 0xfffffffe
core   0: 0x8000a184 (0x00128313) addi    t1, t0, 1
core   0: 3 0x8000a184 (0x00128313) x 6 0x8000a357
core   0: 0x8000a188 (0x00009302) c.jalr  t1
core   0: 3 0x8000a188 (0x9302) x 1 0x8000a18a
core   0: 0x8000a356 (0x0ff0000f) fence   iorw,iorw
core   0: 3 0x8000a356 (0x0ff0000f)
core   0: 0x8000a35a (0x0091d313) srli    t1, gp, 9
core   0: 3 0x8000a35a (0x0091d313) x 6 0x00000000
core   0: 0x8000a35e (0x027d8133) mul     sp, s11, t2
core   0: 3 0x8000a35e (0x027d8133) x 2 0xfa800020
core   0: 0x8000a362 (0x01c81f63) bne     a6, t3, pc + 30
core   0: 3 0x8000a362 (0x01c81f63)
core   0: 0x8000a380 (0x070002ef) jal     t0, pc + 0x70
core   0: 3 0x8000a380 (0x070002ef) x 5 0x8000a384
core   0: 0x8000a3f0 (0x02ce7a13) andi    s4, t3, 44
core   0: 3 0x8000a3f0 (0x02ce7a13) x20 0x0000002c
core   0: 0x8000a3f4 (0x01f20bb3) add     s7, tp, t6
core   0: 3 0x8000a3f4 (0x01f20bb3) x23 0x00000000
core   0: 0x8000a3f8 (0x00001561) c.addi  a0, -8
core   0: 3 0x8000a3f8 (0x1561) x10 0x80022e50
core   0: 0x8000a3fa (0x019baa33) slt     s4, s7, s9
core   0: 3 0x8000a3fa (0x019baa33) x20 0x00000000
core   0: 0x8000a3fe (0x00552223) sw      t0, 4(a0)
core   0: 3 0x8000a3fe (0x00552223) mem 0x80022e54 0x8000a384
core   0: 0x8000a402 (0x00a11493) slli    s1, sp, 10
core   0: 3 0x8000a402 (0x00a11493) x 9 0x00008000
core   0: 0x8000a406 (0x00008f0d) c.sub   a4, a1
core   0: 3 0x8000a406 (0x8f0d) x14 0x7ffd931d
core   0: 0x8000a408 (0x00009bde) c.add   s7, s7
core   0: 3 0x8000a408 (0x9bde) x23 0x00000000
core   0: 0x8000a40a (0x00510e33) add     t3, sp, t0
core   0: 3 0x8000a40a (0x00510e33) x28 0x7a80a3a4
core   0: 0x8000a40e (0x99d98c13) addi    s8, s3, -1635
core   0: 3 0x8000a40e (0x99d98c13) x24 0xfffff99c
core   0: 0x8000a412 (0x017db6b3) sltu    a3, s11, s7
core   0: 3 0x8000a412 (0x017db6b3) x13 0x00000000
core   0: 0x8000a416 (0x0061c663) blt     gp, t1, pc + 12
core   0: 3 0x8000a416 (0x0061c663)
core   0: 0x8000a41a (0xa3aa1737) lui     a4, 0xa3aa1
core   0: 3 0x8000a41a (0xa3aa1737) x14 0xa3aa1000
core   0: 0x8000a41e (0x0316db33) divu    s6, a3, a7
core   0: 3 0x8000a41e (0x0316db33) x22 0x00000000
core   0: 0x8000a422 (0x078002ef) jal     t0, pc + 0x78
core   0: 3 0x8000a422 (0x078002ef) x 5 0x8000a426
core   0: 0x8000a49a (0x0084c663) blt     s1, s0, pc + 12
core   0: 3 0x8000a49a (0x0084c663)
core   0: 0x8000a49e (0x006cd333) srl     t1, s9, t1
core   0: 3 0x8000a49e (0x006cd333) x 6 0xfffffa5b
core   0: 0x8000a4a2 (0x029e2fb3) mulhsu  t6, t3, s1
core   0: 3 0x8000a4a2 (0x029e2fb3) x31 0x00003d40
core   0: 0x8000a4a6 (0x00001561) c.addi  a0, -8
core   0: 3 0x8000a4a6 (0x1561) x10 0x80022e48
core   0: 0x8000a4a8 (0x00008c65) c.and   s0, s1
core   0: 3 0x8000a4a8 (0x8c65) x 8 0x00000000
core   0: 0x8000a4aa (0x00552223) sw      t0, 4(a0)
core   0: 3 0x8000a4aa (0x00552223) mem 0x80022e4c 0x8000a426
core   0: 0x8000a4ae (0x02c03e33) mulhu   t3, zero, a2
core   0: 3 0x8000a4ae (0x02c03e33) x28 0x00000000
core   0: 0x8000a4b2 (0x00004889) c.li    a7, 2
core   0: 3 0x8000a4b2 (0x4889) x17 0x00000002
core   0: 0x8000a4b4 (0x009c02b3) add     t0, s8, s1
core   0: 3 0x8000a4b4 (0x009c02b3) x 5 0x0000799c
core   0: 0x8000a4b8 (0x47cfb193) sltiu   gp, t6, 1148
core   0: 3 0x8000a4b8 (0x47cfb193) x 3 0x00000000
core   0: 0x8000a4bc (0x00001317) auipc   t1, 0x1
core   0: 3 0x8000a4bc (0x00001317) x 6 0x8000b4bc
core   0: 0x8000a4c0 (0x81c30313) addi    t1, t1, -2020
core   0: 3 0x8000a4c0 (0x81c30313) x 6 0x8000acd8
core   0: 0x8000a4c4 (0x00008ee5) c.and   a3, s1
core   0: 3 0x8000a4c4 (0x8ee5) x13 0x00000000
core   0: 0x8000a4c6 (0xfc230313) addi    t1, t1, -62
core   0: 3 0x8000a4c6 (0xfc230313) x 6 0x8000ac9a
core   0: 0x8000a4ca (0x00979f33) sll     t5, a5, s1
core   0: 3 0x8000a4ca (0x00979f33) x30 0x80022e69
core   0: 0x8000a4ce (0x00dd4fb3) xor     t6, s10, a3
core   0: 3 0x8000a4ce (0x00dd4fb3) x31 0x00000001
core   0: 0x8000a4d2 (0x41df0e33) sub     t3, t5, t4
core   0: 3 0x8000a4d2 (0x41df0e33) x28 0x77307269
core   0: 0x8000a4d6 (0x03995eb3) divu    t4, s2, s9
core   0: 3 0x8000a4d6 (0x03995eb3) x29 0x00000000
core   0: 0x8000a4da (0x00001d1c) c.addi4spn a5, sp, 688
core   0: 3 0x8000a4da (0x1d1c) x15 0xfa8002d0
core   0: 0x8000a4dc (0x01fb5b13) srli    s6, s6, 31
core   0: 3 0x8000a4dc (0x01fb5b13) x22 0x00000000
core   0: 0x8000a4e0 (0x03e302e7) jalr    t0, t1, 62
core   0: 3 0x8000a4e0 (0x03e302e7) x 5 0x8000a4e4
core   0: 0x8000acd8 (0x00008351) c.srli  a4, 20
core   0: 3 0x8000acd8 (0x8351) x14 0x00000a3a
core   0: 0x8000acda (0x00001511) c.addi  a0, -28
core   0: 3 0x8000acda (0x1511) x10 0x80022e2c
core   0: 0x8000acdc (0x03017c33) remu    s8, sp, a6
core   0: 3 0x8000acdc (0x03017c33) x24 0x00000302
core   0: 0x8000ace0 (0x41d257b3) sra     a5, tp, t4
core   0: 3 0x8000ace0 (0x41d257b3) x15 0x00000000
core   0: 0x8000ace4 (0x000061bd) c.lui   gp, 0xf
core   0: 3 0x8000ace4 (0x61bd) x 3 0x0000f000
core   0: 0x8000ace6 (0x40bd8f33) sub     t5, s11, a1
core   0: 3 0x8000ace6 (0x40bd8f33) x30 0x7ffd931b
core   0: 0x8000acea (0x00008e95) c.sub   a3, a3
core   0: 3 0x8000acea (0x8e95) x13 0x00000000
core   0: 0x8000acec (0x40858eb3) sub     t4, a1, s0
core   0: 3 0x8000acec (0x40858eb3) x29 0x80026ce4
core   0: 0x8000acf0 (0x000067b1) c.lui   a5, 0xc
core   0: 3 0x8000acf0 (0x67b1) x15 0x0000c000
core   0: 0x8000acf2 (0x00bca833) slt     a6, s9, a1
core   0: 3 0x8000acf2 (0x00bca833) x16 0x00000000
core   0: 0x8000acf6 (0x00552223) sw      t0, 4(a0)
core   0: 3 0x8000acf6 (0x00552223) mem 0x80022e30 0x8000a4e4
core   0: 0x8000acfa (0x027e21b3) mulhsu  gp, t3, t2
core   0: 3 0x8000acfa (0x027e21b3) x 3 0x028f8a66
core   0: 0x8000acfe (0x00003117) auipc   sp, 0x3
core   0: 3 0x8000acfe (0x00003117) x 2 0x8000dcfe
core   0: 0x8000ad02 (0x1f410113) addi    sp, sp, 500
core   0: 3 0x8000ad02 (0x1f410113) x 2 0x8000def2
core   0: 0x8000ad06 (0xffa14703) lbu     a4, -6(sp)
core   0: 3 0x8000ad06 (0xffa14703) x14 0x000000a7 mem 0x8000deec
core   0: 0x8000ad0a (0x03cbc8b3) div     a7, s7, t3
core   0: 3 0x8000ad0a (0x03cbc8b3) x17 0x00000000
core   0: 0x8000ad0e (0x00010b03) lb      s6, 0(sp)
core   0: 3 0x8000ad0e (0x00010b03) x22 0xffffffa9 mem 0x8000def2
core   0: 0x8000ad12 (0x00914703) lbu     a4, 9(sp)
core   0: 3 0x8000ad12 (0x00914703) x14 0x000000b0 mem 0x8000defb
core   0: 0x8000ad16 (0x411c0eb3) sub     t4, s8, a7
core   0: 3 0x8000ad16 (0x411c0eb3) x29 0x00000302
core   0: 0x8000ad1a (0x01c7f033) and     zero, a5, t3
core   0: 3 0x8000ad1a (0x01c7f033)
core   0: 0x8000ad1e (0x01072eb3) slt     t4, a4, a6
core   0: 3 0x8000ad1e (0x01072eb3) x29 0x00000000
core   0: 0x8000ad22 (0x00815003) lhu     zero, 8(sp)
core   0: 3 0x8000ad22 (0x00815003) mem 0x8000defa
core   0: 0x8000ad26 (0xbd0abe13) sltiu   t3, s5, -1072
core   0: 3 0x8000ad26 (0xbd0abe13) x28 0x00000000
core   0: 0x8000ad2a (0xff615183) lhu     gp, -10(sp)
core   0: 3 0x8000ad2a (0xff615183) x 3 0x0000a2a3 mem 0x8000dee8
core   0: 0x8000ad2e (0x00000c2d) c.addi  s8, 11
core   0: 3 0x8000ad2e (0x0c2d) x24 0x0000030d
core   0: 0x8000ad30 (0x0129ddb3) srl     s11, s3, s2
core   0: 3 0x8000ad30 (0x0129ddb3) x27 0x00000003
core   0: 0x8000ad34 (0x00e11b03) lh      s6, 14(sp)
core   0: 3 0x8000ad34 (0x00e11b03) x22 0xffffbabb mem 0x8000df00
core   0: 0x8000ad38 (0x00000001) c.nop
core   0: 3 0x8000ad38 (0x0001)
core   0: 0x8000ad3a (0x02680a33) mul     s4, a6, t1
core   0: 3 0x8000ad3a (0x02680a33) x20 0x00000000
core   0: 0x8000ad3e (0xff914a83) lbu     s5, -7(sp)
core   0: 3 0x8000ad3e (0xff914a83) x21 0x000000a0 mem 0x8000deeb
core   0: 0x8000ad42 (0x000098fd) c.andi  s1, -1
core   0: 3 0x8000ad42 (0x98fd) x 9 0x00008000
core   0: 0x8000ad44 (0xff415183) lhu     gp, -12(sp)
core   0: 3 0x8000ad44 (0xff415183) x 3 0x00009c9d mem 0x8000dee6
core   0: 0x8000ad48 (0x407f8a33) sub     s4, t6, t2
core   0: 3 0x8000ad48 (0x407f8a33) x20 0xfa800021
core   0: 0x8000ad4c (0xff510803) lb      a6, -11(sp)
core   0: 3 0x8000ad4c (0xff510803) x16 0xffffff9c mem 0x8000dee7
core   0: 0x8000ad50 (0x01710223) sb      s7, 4(sp)
core   0: 3 0x8000ad50 (0x01710223) mem 0x8000def6 0x0
core   0: 0x8000ad54 (0x00002117) auipc   sp, 0x2
core   0: 3 0x8000ad54 (0x00002117) x 2 0x8000cd54
core   0: 0x8000ad58 (0x4aa10113) addi    sp, sp, 1194
core   0: 3 0x8000ad58 (0x4aa10113) x 2 0x8000d1fe
core   0: 0x8000ad5c (0x00008ead) c.xor   a3, a1
core   0: 3 0x8000ad5c (0x8ead) x13 0x80026ce4
core   0: 0x8000ad5e (0x0b310803) lb      a6, 179(sp)
core   0: 3 0x8000ad5e (0x0b310803) x16 0x0000006a mem 0x8000d2b1
core   0: 0x8000ad62 (0x000094b6) c.add   s1, a3
core   0: 3 0x8000ad62 (0x94b6) x 9 0x8002ece4
core   0: 0x8000ad64 (0xb74c8313) addi    t1, s9, -1164
core   0: 3 0x8000ad64 (0xb74c8313) x 6 0xfffff5cf
core   0: 0x8000ad68 (0x05710423) sb      s7, 72(sp)
core   0: 3 0x8000ad68 (0x05710423) mem 0x8000d246 0x0
core   0: 0x8000ad6c (0xfa510aa3) sb      t0, -75(sp)
core   0: 3 0x8000ad6c (0xfa510aa3) mem 0x8000d1b3 0xe4
core   0: 0x8000ad70 (0x007d79b3) and     s3, s10, t2
core   0: 3 0x8000ad70 (0x007d79b3) x19 0x00000000
core   0: 0x8000ad74 (0x41c5d9b3) sra     s3, a1, t3
core   0: 3 0x8000ad74 (0x41c5d9b3) x19 0x80026ce4
core   0: 0x8000ad78 (0xf24109a3) sb      tp, -205(sp)
core   0: 3 0x8000ad78 (0xf24109a3) mem 0x8000d131 0x0
core   0: 0x8000ad7c (0xf6b14c03) lbu     s8, -149(sp)
core   0: 3 0x8000ad7c (0xf6b14c03) x24 0x00000022 mem 0x8000d169
core   0: 0x8000ad80 (0x0cd10483) lb      s1, 205(sp)
core   0: 3 0x8000ad80 (0x0cd10483) x 9 0xffffff80 mem 0x8000d2cb
core   0: 0x8000ad84 (0x011f6d33) or      s10, t5, a7
core   0: 3 0x8000ad84 (0x011f6d33) x26 0x7ffd931b
core   0: 0x8000ad88 (0x000059fd) c.li    s3, -1
core   0: 3 0x8000ad88 (0x59fd) x19 0xffffffff
core   0: 0x8000ad8a (0x09510ba3) sb      s5, 151(sp)
core   0: 3 0x8000ad8a (0x09510ba3) mem 0x8000d295 0xa0
core   0: 0x8000ad8e (0x00ec2933) slt     s2, s8, a4
core   0: 3 0x8000ad8e (0x00ec2933) x18 0x00000001
core   0: 0x8000ad92 (0xfdc10da3) sb      t3, -37(sp)
core   0: 3 0x8000ad92 (0xfdc10da3) mem 0x8000d1d9 0x0
core   0: 0x8000ad96 (0xfe1105a3) sb      ra, -21(sp)
core   0: 3 0x8000ad96 (0xfe1105a3) mem 0x8000d1e9 0x8a
core   0: 0x8000ad9a (0x030c1eb3) mulh    t4, s8, a6
core   0: 3 0x8000ad9a (0x030c1eb3) x29 0x00000000
core   0: 0x8000ad9e (0x03b42933) mulhsu  s2, s0, s11
core   0: 3 0x8000ad9e (0x03b42933) x18 0x00000000
core   0: 0x8000ada2 (0x0bf14e03) lbu     t3, 191(sp)
core   0: 3 0x8000ada2 (0x0bf14e03) x28 0x00000076 mem 0x8000d2bd
core   0: 0x8000ada6 (0x02a15fb3) divu    t6, sp, a0
core   0: 3 0x8000ada6 (0x02a15fb3) x31 0x00000000
core   0: 0x8000adaa (0x04e14883) lbu     a7, 78(sp)
core   0: 3 0x8000adaa (0x04e14883) x17 0x00000007 mem 0x8000d24c
core   0: 0x8000adae (0x03c15003) lhu     zero, 60(sp)
core   0: 3 0x8000adae (0x03c15003) mem 0x8000d23a
core   0: 0x8000adb2 (0xf81108a3) sb      ra, -111(sp)
core   0: 3 0x8000adb2 (0xf81108a3) mem 0x8000d18f 0x8a
core   0: 0x8000adb6 (0x00aa66b3) or      a3, s4, a0
core   0: 3 0x8000adb6 (0x00aa66b3) x13 0xfa822e2d
core   0: 0x8000adba (0xf34104a3) sb      s4, -215(sp)
core   0: 3 0x8000adba (0xf34104a3) mem 0x8000d127 0x21
core   0: 0x8000adbe (0x00c2c2b3) xor     t0, t0, a2
core   0: 3 0x8000adbe (0x00c2c2b3) x 5 0x7fff5b1b
core   0: 0x8000adc2 (0x01010fa3) sb      a6, 31(sp)
core   0: 3 0x8000adc2 (0x01010fa3) mem 0x8000d21d 0x6a
core   0: 0x8000adc6 (0x77d80b17) auipc   s6, 0x77d80
core   0: 3 0x8000adc6 (0x77d80b17) x22 0xf7d8adc6
core   0: 0x8000adca (0x02b10683) lb      a3, 43(sp)
core   0: 3 0x8000adca (0x02b10683) x13 0xffffffe2 mem 0x8000d229
core   0: 0x8000adce (0x41b75b33) sra     s6, a4, s11
core   0: 3 0x8000adce (0x41b75b33) x22 0x00000016
core   0: 0x8000add2 (0x010380b3) add     ra, t2, a6
core   0: 3 0x8000add2 (0x010380b3) x 1 0x0580004a
core   0: 0x8000add6 (0x0046ed63) bltu    a3, tp, pc + 26
core   0: 3 0x8000add6 (0x0046ed63)
core   0: 0x8000adda (0x0000061a) c.slli  a2, 6
core   0: 3 0x8000adda (0x061a) x12 0xffffffc0
core   0: 0x8000addc (0x00aeceb3) xor     t4, t4, a0
core   0: 3 0x8000addc (0x00aeceb3) x29 0x80022e2c
core   0: 0x8000ade0 (0xc6fc6793) ori     a5, s8, -913
core   0: 3 0x8000ade0 (0xc6fc6793) x15 0xfffffc6f
core   0: 0x8000ade4 (0x00008639) c.srai  a2, 14
core   0: 3 0x8000ade4 (0x8639) x12 0xffffffff
core   0: 0x8000ade6 (0x00000001) c.nop
core   0: 3 0x8000ade6 (0x0001)
core   0: 0x8000ade8 (0x00f65393) srli    t2, a2, 15
core   0: 3 0x8000ade8 (0x00f65393) x 7 0x0001ffff
core   0: 0x8000adec (0x0260d163) bge     ra, t1, pc + 34
core   0: 3 0x8000adec (0x0260d163)
core   0: 0x8000ae0e (0x03001d63) bne     zero, a6, pc + 58
core   0: 3 0x8000ae0e (0x03001d63)
core   0: 0x8000ae48 (0x00000b5a) c.slli  s6, 22
core   0: 3 0x8000ae48 (0x0b5a) x22 0x05800000
core   0: 0x8000ae4a (0x01c95a63) bge     s2, t3, pc + 20
core   0: 3 0x8000ae4a (0x01c95a63)
core   0: 0x8000ae4e (0x00009dae) c.add   s11, a1
core   0: 3 0x8000ae4e (0x9dae) x27 0x80026ce7
core   0: 0x8000ae50 (0x00000001) c.nop
core   0: 3 0x8000ae50 (0x0001)
core   0: 0x8000ae52 (0x00008ca1) c.xor   s1, s0
core   0: 3 0x8000ae52 (0x8ca1) x 9 0xffffff80
core   0: 0x8000ae54 (0x01193d33) sltu    s10, s2, a7
core   0: 3 0x8000ae54 (0x01193d33) x26 0x00000001
core   0: 0x8000ae58 (0x00008f65) c.and   a4, s1
core   0: 3 0x8000ae58 (0x8f65) x14 0x00000080
core   0: 0x8000ae5a (0xe1b73313) sltiu   t1, a4, -485
core   0: 3 0x8000ae5a (0xe1b73313) x 6 0x00000001
core   0: 0x8000ae5e (0x0000167d) c.addi  a2, -1
core   0: 3 0x8000ae5e (0x167d) x12 0xfffffffe
core   0: 0x8000ae60 (0x03a80d63) beq     a6, s10, pc + 58
core   0: 3 0x8000ae60 (0x03a80d63)
core   0: 0x8000ae64 (0x00008dca) c.mv    s11, s2
core   0: 3 0x8000ae64 (0x8dca) x27 0x00000000
core   0: 0x8000ae66 (0x00008f79) c.and   a4, a4
core   0: 3 0x8000ae66 (0x8f79) x14 0x00000080
core   0: 0x8000ae68 (0x00009f0a) c.add   t5, sp
core   0: 3 0x8000ae68 (0x9f0a) x30 0xfffe6519
core   0: 0x8000ae6a (0x00001810) c.addi4spn a2, sp, 48
core   0: 3 0x8000ae6a (0x1810) x12 0x8000d22e
core   0: 0x8000ae6c (0x000002a9) c.addi  t0, 10
core   0: 3 0x8000ae6c (0x02a9) x 5 0x7fff5b25
core   0: 0x8000ae6e (0x0000c715) c.beqz  a4, pc + 44
core   0: 3 0x8000ae6e (0xc715)
core   0: 0x8000ae70 (0x00000dba) c.slli  s11, 14
core   0: 3 0x8000ae70 (0x0dba) x27 0x00000000
core   0: 0x8000ae72 (0x75096393) ori     t2, s2, 1872
core   0: 3 0x8000ae72 (0x75096393) x 7 0x00000750
core   0: 0x8000ae76 (0x00008ccd) c.or    s1, a1
core   0: 3 0x8000ae76 (0x8ccd) x 9 0xffffffe4
core   0: 0x8000ae78 (0x00006d31) c.lui   s10, 0xc
core   0: 3 0x8000ae78 (0x6d31) x26 0x0000c000
core   0: 0x8000ae7a (0x02666033) rem     zero, a2, t1
core   0: 3 0x8000ae7a (0x02666033)
core   0: 0x8000ae7e (0x00b00433) add     s0, zero, a1
core   0: 3 0x8000ae7e (0x00b00433) x 8 0x80026ce4
core   0: 0x8000ae82 (0x00008465) c.srai  s0, 25
core   0: 3 0x8000ae82 (0x8465) x 8 0xffffffc0
core   0: 0x8000ae84 (0xe47b0193) addi    gp, s6, -441
core   0: 3 0x8000ae84 (0xe47b0193) x 3 0x057ffe47
core   0: 0x8000ae88 (0x0000100f) fence.i
core   0: 3 0x8000ae88 (0x0000100f)
core   0: 0x8000ae8c (0x5f7c7a97) auipc   s5, 0x5f7c7
core   0: 3 0x8000ae8c (0x5f7c7a97) x21 0xdf7d1e8c
core   0: 0x8000ae90 (0x41b0da93) srai    s5, ra, 27
core   0: 3 0x8000ae90 (0x41b0da93) x21 0x00000000
core   0: 0x8000ae94 (0x0000100f) fence.i
core   0: 3 0x8000ae94 (0x0000100f)
core   0: 0x8000ae98 (0x00009fee) c.add   t6, s11
core   0: 3 0x8000ae98 (0x9fee) x31 0x00000000
core   0: 0x8000ae9a (0x0ff0000f) fence   iorw,iorw
core   0: 3 0x8000ae9a (0x0ff0000f)
core   0: 0x8000ae9e (0x41530133) sub     sp, t1, s5
core   0: 3 0x8000ae9e (0x41530133) x 2 0x00000001
core   0: 0x8000aea2 (0x00008fbd) c.xor   a5, a5
core   0: 3 0x8000aea2 (0x8fbd) x15 0x00000000
core   0: 0x8000aea4 (0xf1333393) sltiu   t2, t1, -237
core   0: 3 0x8000aea4 (0xf1333393) x 7 0x00000001
core   0: 0x8000aea8 (0x0000cf89) c.beqz  a5, pc + 26
core   0: 3 0x8000aea8 (0xcf89)
core   0: 0x8000aec2 (0x039c31b3) mulhu   gp, s8, s9
core   0: 3 0x8000aec2 (0x039c31b3) x 3 0x00000021
core   0: 0x8000aec6 (0x0271ef33) rem     t5, gp, t2
core   0: 3 0x8000aec6 (0x0271ef33) x30 0x00000000
core   0: 0x8000aeca (0x00000001) c.nop
core   0: 3 0x8000aeca (0x0001)
core   0: 0x8000aecc (0x00019993) slli    s3, gp, 0
core   0: 3 0x8000aecc (0x00019993) x19 0x00000021
core   0: 0x8000aed0 (0x3fef2993) slti    s3, t5, 1022
core   0: 3 0x8000aed0 (0x3fef2993) x19 0x00000001
core   0: 0x8000aed4 (0x0000100f) fence.i
core   0: 3 0x8000aed4 (0x0000100f)
core   0: 0x8000aed8 (0x00008ee9) c.and   a3, a0
core   0: 3 0x8000aed8 (0x8ee9) x13 0x80022e20
core   0: 0x8000aeda (0x0000c20d) c.beqz  a2, pc + 34
core   0: 3 0x8000aeda (0xc20d)
core   0: 0x8000aedc (0xb4f06893) ori     a7, zero, -1201
core   0: 3 0x8000aedc (0xb4f06893) x17 0xfffffb4f
core   0: 0x8000aee0 (0x00005c7d) c.li    s8, -1
core   0: 3 0x8000aee0 (0x5c7d) x24 0xffffffff
core   0: 0x8000aee2 (0x03a20633) mul     a2, tp, s10
core   0: 3 0x8000aee2 (0x03a20633) x12 0x00000000
core   0: 0x8000aee6 (0x004e1a13) slli    s4, t3, 4
core   0: 3 0x8000aee6 (0x004e1a13) x20 0x00000760
core   0: 0x8000aeea (0x031f09b3) mul     s3, t5, a7
core   0: 3 0x8000aeea (0x031f09b3) x19 0x00000000
core   0: 0x8000aeee (0xf200c613) xori    a2, ra, -224
core   0: 3 0x8000aeee (0xf200c613) x12 0xfa7fff6a
core   0: 0x8000aef2 (0xecdf8f13) addi    t5, t6, -307
core   0: 3 0x8000aef2 (0xecdf8f13) x30 0xfffffecd
core   0: 0x8000aef6 (0x00008f29) c.xor   a4, a0
core   0: 3 0x8000aef6 (0x8f29) x14 0x80022eac
core   0: 0x8000aef8 (0x4665e693) ori     a3, a1, 1126
core   0: 3 0x8000aef8 (0x4665e693) x13 0x80026ce6
core   0: 0x8000aefc (0x01278a63) beq     a5, s2, pc + 20
core   0: 3 0x8000aefc (0x01278a63)
core   0: 0x8000af10 (0x256efdb7) lui     s11, 0x256ef
core   0: 3 0x8000af10 (0x256efdb7) x27 0x256ef000
core   0: 0x8000af14 (0x01419f33) sll     t5, gp, s4
core   0: 3 0x8000af14 (0x01419f33) x30 0x00000021
core   0: 0x8000af18 (0x01abc133) xor     sp, s7, s10
core   0: 3 0x8000af18 (0x01abc133) x 2 0x0000c000
core   0: 0x8000af1c (0x03c04133) div     sp, zero, t3
core   0: 3 0x8000af1c (0x03c04133) x 2 0x00000000
core   0: 0x8000af20 (0x6d890117) auipc   sp, 0x6d890
core   0: 3 0x8000af20 (0x6d890117) x 2 0xed89af20
core   0: 0x8000af24 (0x00000d11) c.addi  s10, 4
core   0: 3 0x8000af24 (0x0d11) x26 0x0000c004
core   0: 0x8000af26 (0xba6e5797) auipc   a5, 0xba6e5
core   0: 3 0x8000af26 (0xba6e5797) x15 0x3a6eff26
core   0: 0x8000af2a (0x009e8e33) add     t3, t4, s1
core   0: 3 0x8000af2a (0x009e8e33) x28 0x80022e10
core   0: 0x8000af2e (0x0ff0000f) fence   iorw,iorw
core   0: 3 0x8000af2e (0x0ff0000f)
core   0: 0x8000af32 (0x3ba26e93) ori     t4, tp, 954
core   0: 3 0x8000af32 (0x3ba26e93) x29 0x000003ba
core   0: 0x8000af36 (0x00008f21) c.xor   a4, s0
core   0: 3 0x8000af36 (0x8f21) x14 0x7ffdd16c
core   0: 0x8000af38 (0xc8f5fa13) andi    s4, a1, -881
core   0: 3 0x8000af38 (0xc8f5fa13) x20 0x80026c84
core   0: 0x8000af3c (0x03bfdc33) divu    s8, t6, s11
core   0: 3 0x8000af3c (0x03bfdc33) x24 0x00000000
core   0: 0x8000af40 (0x0273eb33) rem     s6, t2, t2
core   0: 3 0x8000af40 (0x0273eb33) x22 0x00000000
core   0: 0x8000af44 (0x113e6693) ori     a3, t3, 275
core   0: 3 0x8000af44 (0x113e6693) x13 0x80022f13
core   0: 0x8000af48 (0x01f684b3) add     s1, a3, t6
core   0: 3 0x8000af48 (0x01f684b3) x 9 0x80022f13
core   0: 0x8000af4c (0x0051a733) slt     a4, gp, t0
core   0: 3 0x8000af4c (0x0051a733) x14 0x00000001
core   0: 0x8000af50 (0x01d68463) beq     a3, t4, pc + 8
core   0: 3 0x8000af50 (0x01d68463)
core   0: 0x8000af54 (0x00980db3) add     s11, a6, s1
core   0: 3 0x8000af54 (0x00980db3) x27 0x80022f7d
core   0: 0x8000af58 (0x036199b3) mulh    s3, gp, s6
core   0: 3 0x8000af58 (0x036199b3) x19 0x00000000
core   0: 0x8000af5c (0x02160833) mul     a6, a2, ra
core   0: 3 0x8000af5c (0x02160833) x16 0x2fffd4a4
core   0: 0x8000af60 (0xc4c98e97) auipc   t4, 0xc4c98
core   0: 3 0x8000af60 (0xc4c98e97) x29 0x44ca2f60
core   0: 0x8000af64 (0x0306a133) mulhsu  sp, a3, a6
core   0: 3 0x8000af64 (0x0306a133) x 2 0xe8007e81
core   0: 0x8000af68 (0x0000100f) fence.i
core   0: 3 0x8000af68 (0x0000100f)
core   0: 0x8000af6c (0x243a5817) auipc   a6, 0x243a5
core   0: 3 0x8000af6c (0x243a5817) x16 0xa43aff6c
core   0: 0x8000af70 (0x02ab0e33) mul     t3, s6, a0
core   0: 3 0x8000af70 (0x02ab0e33) x28 0x00000000
core   0: 0x8000af74 (0x01cc46b3) xor     a3, s8, t3
core   0: 3 0x8000af74 (0x01cc46b3) x13 0x00000000
core   0: 0x8000af78 (0x013a73b3) and     t2, s4, s3
core   0: 3 0x8000af78 (0x013a73b3) x 7 0x00000000
core   0: 0x8000af7c (0x2c066193) ori     gp, a2, 704
core   0: 3 0x8000af7c (0x2c066193) x 3 0xfa7fffea
core   0: 0x8000af80 (0x417253b3) sra     t2, tp, s7
core   0: 3 0x8000af80 (0x417253b3) x 7 0x00000000
core   0: 0x8000af84 (0x0361da63) bge     gp, s6, pc + 52
core   0: 3 0x8000af84 (0x0361da63)
core   0: 0x8000af88 (0x00000001) c.nop
core   0: 3 0x8000af88 (0x0001)
core   0: 0x8000af8a (0x0379e633) rem     a2, s3, s7
core   0: 3 0x8000af8a (0x0379e633) x12 0x00000000
core   0: 0x8000af8e (0x015c5cb3) srl     s9, s8, s5
core   0: 3 0x8000af8e (0x015c5cb3) x25 0x00000000
core   0: 0x8000af92 (0x4150da13) srai    s4, ra, 21
core   0: 3 0x8000af92 (0x4150da13) x20 0x0000002c
core   0: 0x8000af96 (0x41d65133) sra     sp, a2, t4
core   0: 3 0x8000af96 (0x41d65133) x 2 0x00000000
core   0: 0x8000af9a (0x00006add) c.lui   s5, 0x17
core   0: 3 0x8000af9a (0x6add) x21 0x00017000
core   0: 0x8000af9c (0x01295863) bge     s2, s2, pc + 16
core   0: 3 0x8000af9c (0x01295863)
core   0: 0x8000afac (0x01cf6133) or      sp, t5, t3
core   0: 3 0x8000afac (0x01cf6133) x 2 0x00000021
core   0: 0x8000afb0 (0x01d5c433) xor     s0, a1, t4
core   0: 3 0x8000afb0 (0x01d5c433) x 8 0xc4c84384
core   0: 0x8000afb4 (0x010edf13) srli    t5, t4, 16
core   0: 3 0x8000afb4 (0x010edf13) x30 0x000044ca
core   0: 0x8000afb8 (0x41975633) sra     a2, a4, s9
core   0: 3 0x8000afb8 (0x41975633) x12 0x00000001
core   0: 0x8000afbc (0x407edd33) sra     s10, t4, t2
core   0: 3 0x8000afbc (0x407edd33) x26 0x44ca2f60
core   0: 0x8000afc0 (0x402003b3) sub     t2, zero, sp
core   0: 3 0x8000afc0 (0x402003b3) x 7 0xffffffdf
core   0: 0x8000afc4 (0x00008f99) c.sub   a5, a4
core   0: 3 0x8000afc4 (0x8f99) x15 0x3a6eff25
core   0: 0x8000afc6 (0x0112c8b3) xor     a7, t0, a7
core   0: 3 0x8000afc6 (0x0112c8b3) x17 0x8000a06a
core   0: 0x8000afca (0x00008e6d) c.and   a2, a1
core   0: 3 0x8000afca (0x8e6d) x12 0x00000000
core   0: 0x8000afcc (0x00000e17) auipc   t3, 0x0
core   0: 3 0x8000afcc (0x00000e17) x28 0x8000afcc
core   0: 0x8000afd0 (0x868e0e13) addi    t3, t3, -1944
core   0: 3 0x8000afd0 (0x868e0e13) x28 0x8000a834
core   0: 0x8000afd4 (0x00f69c93) slli    s9, a3, 15
core   0: 3 0x8000afd4 (0x00f69c93) x25 0x00000000
core   0: 0x8000afd8 (0x016ab3b3) sltu    t2, s5, s6
core   0: 3 0x8000afd8 (0x016ab3b3) x 7 0x00000000
core   0: 0x8000afdc (0x000088b9) c.andi  s1, 14
core   0: 3 0x8000afdc (0x88b9) x 9 0x00000002
core   0: 0x8000afde (0x00008c85) c.sub   s1, s1
core   0: 3 0x8000afde (0x8c85) x 9 0x00000000
core   0: 0x8000afe0 (0x014d0eb3) add     t4, s10, s4
core   0: 3 0x8000afe0 (0x014d0eb3) x29 0x44ca2f8c
core   0: 0x8000afe4 (0x13be0e13) addi    t3, t3, 315
core   0: 3 0x8000afe4 (0x13be0e13) x28 0x8000a96f
core   0: 0x8000afe8 (0xbdb9f993) andi    s3, s3, -1061
core   0: 3 0x8000afe8 (0xbdb9f993) x19 0x00000000
core   0: 0x8000afec (0x02cd8f33) mul     t5, s11, a2
core   0: 3 0x8000afec (0x02cd8f33) x30 0x00000000
core   0: 0x8000aff0 (0x01539663) bne     t2, s5, pc + 12
core   0: 3 0x8000aff0 (0x01539663)
core   0: 0x8000affc (0xec6e02e7) jalr    t0, t3, -314
core   0: 3 0x8000affc (0xec6e02e7) x 5 0x8000b000
core   0: 0x8000a834 (0x01e81d63) bne     a6, t5, pc + 26
core   0: 3 0x8000a834 (0x01e81d63)
core   0: 0x8000a84e (0xfd050513) addi    a0, a0, -48
core   0: 3 0x8000a84e (0xfd050513) x10 0x80022dfc
core   0: 0x8000a852 (0x00c7dd33) srl     s10, a5, a2
core   0: 3 0x8000a852 (0x00c7dd33) x26 0x3a6eff25
core   0: 0x8000a856 (0x009c8833) add     a6, s9, s1
core   0: 3 0x8000a856 (0x009c8833) x16 0x00000000
core   0: 0x8000a85a (0x00552223) sw      t0, 4(a0)
core   0: 3 0x8000a85a (0x00552223) mem 0x80022e00 0x8000b000
core   0: 0x8000a85e (0x377d3197) auipc   gp, 0x377d3
core   0: 3 0x8000a85e (0x377d3197) x 3 0xb77dd85e
core   0: 0x8000a862 (0xea53a913) slti    s2, t2, -347
core   0: 3 0x8000a862 (0xea53a913) x18 0x00000000
core   0: 0x8000a866 (0x00003317) auipc   t1, 0x3
core   0: 3 0x8000a866 (0x00003317) x 6 0x8000d866
core   0: 0x8000a86a (0x96d30313) addi    t1, t1, -1683
core   0: 3 0x8000a86a (0x96d30313) x 6 0x8000d1d3
core   0: 0x8000a86e (0x01730623) sb      s7, 12(t1)
core   0: 3 0x8000a86e (0x01730623) mem 0x8000d1df 0x0
core   0: 0x8000a872 (0x00e4b6b3) sltu    a3, s1, a4
core   0: 3 0x8000a872 (0x00e4b6b3) x13 0x00000001
core   0: 0x8000a876 (0x00009856) c.add   a6, s5
core   0: 3 0x8000a876 (0x9856) x16 0x00017000
core   0: 0x8000a878 (0x41565db3) sra     s11, a2, s5
core   0: 3 0x8000a878 (0x41565db3) x27 0x00000000
core   0: 0x8000a87c (0x00534b83) lbu     s7, 5(t1)
core   0: 3 0x8000a87c (0x00534b83) x23 0x0000005c mem 0x8000d1d8
core   0: 0x8000a880 (0x296aac13) slti    s8, s5, 662
core   0: 3 0x8000a880 (0x296aac13) x24 0x00000000
core   0: 0x8000a884 (0x0000100f) fence.i
core   0: 3 0x8000a884 (0x0000100f)
core   0: 0x8000a888 (0x00008f85) c.sub   a5, s1
core   0: 3 0x8000a888 (0x8f85) x15 0x3a6eff25
core   0: 0x8000a88a (0xff030b83) lb      s7, -16(t1)
core   0: 3 0x8000a88a (0xff030b83) x23 0x00000078 mem 0x8000d1c3
core   0: 0x8000a88e (0xfff30403) lb      s0, -1(t1)
core   0: 3 0x8000a88e (0xfff30403) x 8 0x00000000 mem 0x8000d1d2
core   0: 0x8000a892 (0x007314a3) sh      t2, 9(t1)
core   0: 3 0x8000a892 (0x007314a3) mem 0x8000d1dc 0x0000
core   0: 0x8000a896 (0x00234083) lbu     ra, 2(t1)
core   0: 3 0x8000a896 (0x00234083) x 1 0x0000008e mem 0x8000d1d5
core   0: 0x8000a89a (0x01d307a3) sb      t4, 15(t1)
core   0: 3 0x8000a89a (0x01d307a3) mem 0x8000d1e2 0x8c
core   0: 0x8000a89e (0xff931183) lh      gp, -7(t1)
core   0: 3 0x8000a89e (0xff931183) x 3 0x00000087 mem 0x8000d1cc
core   0: 0x8000a8a2 (0x00008fda) c.mv    t6, s6
core   0: 3 0x8000a8a2 (0x8fda) x31 0x00000000
core   0: 0x8000a8a4 (0x01c303a3) sb      t3, 7(t1)
core   0: 3 0x8000a8a4 (0x01c303a3) mem 0x8000d1da 0x6f
core   0: 0x8000a8a8 (0xfe730fa3) sb      t2, -1(t1)
core   0: 3 0x8000a8a8 (0xfe730fa3) mem 0x8000d1d2 0x0
core   0: 0x8000a8ac (0xfe730e23) sb      t2, -4(t1)
core   0: 3 0x8000a8ac (0xfe730e23) mem 0x8000d1cf 0x0
core   0: 0x8000a8b0 (0x00430c83) lb      s9, 4(t1)
core   0: 3 0x8000a8b0 (0x00430c83) x25 0xffffff8c mem 0x8000d1d7
core   0: 0x8000a8b4 (0xffa34f83) lbu     t6, -6(t1)
core   0: 3 0x8000a8b4 (0xffa34f83) x31 0x00000000 mem 0x8000d1cd
core   0: 0x8000a8b8 (0x00830023) sb      s0, 0(t1)
core   0: 3 0x8000a8b8 (0x00830023) mem 0x8000d1d3 0x0
core   0: 0x8000a8bc (0x00a34a03) lbu     s4, 10(t1)
core   0: 3 0x8000a8bc (0x00a34a03) x20 0x00000000 mem 0x8000d1dd
core   0: 0x8000a8c0 (0x007312a3) sh      t2, 5(t1)
core   0: 3 0x8000a8c0 (0x007312a3) mem 0x8000d1d8 0x0000
core   0: 0x8000a8c4 (0xff335c03) lhu     s8, -13(t1)
core   0: 3 0x8000a8c4 (0xff335c03) x24 0x00007c7d mem 0x8000d1c6
core   0: 0x8000a8c8 (0xff930603) lb      a2, -7(t1)
core   0: 3 0x8000a8c8 (0xff930603) x12 0xffffff87 mem 0x8000d1cc
core   0: 0x8000a8cc (0xfee32ea3) sw      a4, -3(t1)
core   0: 3 0x8000a8cc (0xfee32ea3) mem 0x8000d1d0 0x00000001
core   0: 0x8000a8d0 (0x00008f7d) c.and   a4, a5
core   0: 3 0x8000a8d0 (0x8f7d) x14 0x00000001
core   0: 0x8000a8d2 (0x00008e65) c.and   a2, s1
core   0: 3 0x8000a8d2 (0x8e65) x12 0x00000000
core   0: 0x8000a8d4 (0x00434483) lbu     s1, 4(t1)
core   0: 3 0x8000a8d4 (0x00434483) x 9 0x0000008c mem 0x8000d1d7
core   0: 0x8000a8d8 (0x0ff0000f) fence   iorw,iorw
core   0: 3 0x8000a8d8 (0x0ff0000f)
core   0: 0x8000a8dc (0xffd30d23) sb      t4, -6(t1)
core   0: 3 0x8000a8dc (0xffd30d23) mem 0x8000d1cd 0x8c
core   0: 0x8000a8e0 (0x00013417) auipc   s0, 0x13
core   0: 3 0x8000a8e0 (0x00013417) x 8 0x8001d8e0
core   0: 0x8000a8e4 (0x5f240413) addi    s0, s0, 1522
core   0: 3 0x8000a8e4 (0x5f240413) x 8 0x8001ded2
core   0: 0x8000a8e8 (0x00006fb9) c.lui   t6, 0xe
core   0: 3 0x8000a8e8 (0x6fb9) x31 0x0000e000
core   0: 0x8000a8ea (0x97e27613) andi    a2, tp, -1666
core   0: 3 0x8000a8ea (0x97e27613) x12 0x00000000
core   0: 0x8000a8ee (0x415e6d97) auipc   s11, 0x415e6
core   0: 3 0x8000a8ee (0x415e6d97) x27 0xc15f08ee
core   0: 0x8000a8f2 (0xff844a83) lbu     s5, -8(s0)
core   0: 3 0x8000a8f2 (0xff844a83) x21 0x00000081 mem 0x8001deca
core   0: 0x8000a8f6 (0x0ff0000f) fence   iorw,iorw
core   0: 3 0x8000a8f6 (0x0ff0000f)
core   0: 0x8000a8fa (0xff944603) lbu     a2, -7(s0)
core   0: 3 0x8000a8fa (0xff944603) x12 0x00000080 mem 0x8001decb
core   0: 0x8000a8fe (0x01473f33) sltu    t5, a4, s4
core   0: 3 0x8000a8fe (0x01473f33) x30 0x00000000
core   0: 0x8000a902 (0x00f44383) lbu     t2, 15(s0)
core   0: 3 0x8000a902 (0x00f44383) x 7 0x0000009a mem 0x8001dee1
core   0: 0x8000a906 (0x00544e83) lbu     t4, 5(s0)
core   0: 3 0x8000a906 (0x00544e83) x29 0x000000d3 mem 0x8001ded7
core   0: 0x8000a90a (0x021363b3) rem     t2, t1, ra
core   0: 3 0x8000a90a (0x021363b3) x 7 0xffffffff
core   0: 0x8000a90e (0x01040603) lb      a2, 16(s0)
core   0: 3 0x8000a90e (0x01040603) x12 0xffffff99 mem 0x8001dee2
core   0: 0x8000a912 (0x01814033) xor     zero, sp, s8
core   0: 3 0x8000a912 (0x01814033)
core   0: 0x8000a916 (0x01640523) sb      s6, 10(s0)
core   0: 3 0x8000a916 (0x01640523) mem 0x8001dedc 0x0
core   0: 0x8000a91a (0x006402a3) sb      t1, 5(s0)
core   0: 3 0x8000a91a (0x006402a3) mem 0x8001ded7 0xd3
core   0: 0x8000a91e (0xff144303) lbu     t1, -15(s0)
core   0: 3 0x8000a91e (0xff144303) x 6 0x0000007d mem 0x8001dec3
core   0: 0x8000a922 (0x00f44e03) lbu     t3, 15(s0)
core   0: 3 0x8000a922 (0x00f44e03) x28 0x0000009a mem 0x8001dee1
core   0: 0x8000a926 (0x00e3a633) slt     a2, t2, a4
core   0: 3 0x8000a926 (0x00e3a633) x12 0x00000001
core   0: 0x8000a92a (0x0000567d) c.li    a2, -1
core   0: 3 0x8000a92a (0x567d) x12 0xffffffff
core   0: 0x8000a92c (0x00840283) lb      t0, 8(s0)
core   0: 3 0x8000a92c (0x00840283) x 5 0x00000000 mem 0x8001deda
core   0: 0x8000a930 (0x41095113) srai    sp, s2, 16
core   0: 3 0x8000a930 (0x41095113) x 2 0x00000000
core   0: 0x8000a934 (0xff8408a3) sb      s8, -15(s0)
core   0: 3 0x8000a934 (0xff8408a3) mem 0x8001dec3 0x7d
core   0: 0x8000a938 (0x000043a1) c.li    t2, 8
core   0: 3 0x8000a938 (0x43a1) x 7 0x00000008
core   0: 0x8000a93a (0x01d646b3) xor     a3, a2, t4
core   0: 3 0x8000a93a (0x01d646b3) x13 0xffffff2c
core   0: 0x8000a93e (0x00008906) c.mv    s2, ra
core   0: 3 0x8000a93e (0x8906) x18 0x0000008e
core   0: 0x8000a940 (0x00342323) sw      gp, 6(s0)
core   0: 3 0x8000a940 (0x00342323) mem 0x8001ded8 0x00000087
core   0: 0x8000a944 (0xff841f03) lh      t5, -8(s0)
core   0: 3 0x8000a944 (0xff841f03) x30 0xffff8081 mem 0x8001deca
core   0: 0x8000a948 (0xff540d83) lb      s11, -11(s0)
core   0: 3 0x8000a948 (0xff540d83) x27 0x0000007c mem 0x8001dec7
core   0: 0x8000a94c (0x002a6c63) bltu    s4, sp, pc + 24
core   0: 3 0x8000a94c (0x002a6c63)
core   0: 0x8000a950 (0x41795db3) sra     s11, s2, s7
core   0: 3 0x8000a950 (0x41795db3) x27 0x00000000
core   0: 0x8000a954 (0x0243aa33) mulhsu  s4, t2, tp
core   0: 3 0x8000a954 (0x0243aa33) x20 0x00000000
core   0: 0x8000a958 (0x03493e33) mulhu   t3, s2, s4
core   0: 3 0x8000a958 (0x03493e33) x28 0x00000000
core   0: 0x8000a95c (0x00bad663) bge     s5, a1, pc + 12
core   0: 3 0x8000a95c (0x00bad663)
core   0: 0x8000a968 (0x00a35c63) bge     t1, a0, pc + 24
core   0: 3 0x8000a968 (0x00a35c63)
core   0: 0x8000a980 (0x02a79f33) mulh    t5, a5, a0
core   0: 3 0x8000a980 (0x02a79f33) x30 0xe2c8ffca
core   0: 0x8000a984 (0x00008769) c.srai  a4, 26
core   0: 3 0x8000a984 (0x8769) x14 0x00000000
core   0: 0x8000a986 (0x9d734013) xori    zero, t1, -1577
core   0: 3 0x8000a986 (0x9d734013)
core   0: 0x8000a98a (0x01949d13) slli    s10, s1, 25
core   0: 3 0x8000a98a (0x01949d13) x26 0x18000000
core   0: 0x8000a98e (0xbf38ac93) slti    s9, a7, -1037
core   0: 3 0x8000a98e (0xbf38ac93) x25 0x00000001
core   0: 0x8000a992 (0x03d66ab3) rem     s5, a2, t4
core   0: 3 0x8000a992 (0x03d66ab3) x21 0xffffffff
core   0: 0x8000a996 (0x01f6ffb3) and     t6, a3, t6
core   0: 3 0x8000a996 (0x01f6ffb3) x31 0x0000e000
core   0: 0x8000a99a (0x00000001) c.nop
core   0: 3 0x8000a99a (0x0001)
core   0: 0x8000a99c (0x0fba7a93) andi    s5, s4, 251
core   0: 3 0x8000a99c (0x0fba7a93) x21 0x00000000
core   0: 0x8000a9a0 (0xf925ca93) xori    s5, a1, -110
core   0: 3 0x8000a9a0 (0xf925ca93) x21 0x7ffd9376
core   0: 0x8000a9a4 (0x73cd0913) addi    s2, s10, 1852
core   0: 3 0x8000a9a4 (0x73cd0913) x18 0x1800073c
core   0: 0x8000a9a8 (0x028dfeb3) remu    t4, s11, s0
core   0: 3 0x8000a9a8 (0x028dfeb3) x29 0x00000000
core   0: 0x8000a9ac (0x5c6bf817) auipc   a6, 0x5c6bf
core   0: 3 0x8000a9ac (0x5c6bf817) x16 0xdc6c99ac
core   0: 0x8000a9b0 (0x41e45993) srai    s3, s0, 30
core   0: 3 0x8000a9b0 (0x41e45993) x19 0xfffffffe
core   0: 0x8000a9b4 (0x00000001) c.nop
core   0: 3 0x8000a9b4 (0x0001)
core   0: 0x8000a9b6 (0x033046b3) div     a3, zero, s3
core   0: 3 0x8000a9b6 (0x033046b3) x13 0x00000000
core   0: 0x8000a9ba (0x011421b3) slt     gp, s0, a7
core   0: 3 0x8000a9ba (0x011421b3) x 3 0x00000000
core   0: 0x8000a9be (0x09c90e13) addi    t3, s2, 156
core   0: 3 0x8000a9be (0x09c90e13) x28 0x180007d8
core   0: 0x8000a9c2 (0x0000ca9d) c.beqz  a3, pc + 54
core   0: 3 0x8000a9c2 (0xca9d)
core   0: 0x8000a9f8 (0x00006141) c.addi16sp sp, 16
core   0: 3 0x8000a9f8 (0x6141) x 2 0x00000010
core   0: 0x8000a9fa (0x404d81b3) sub     gp, s11, tp
core   0: 3 0x8000a9fa (0x404d81b3) x 3 0x00000000
core   0: 0x8000a9fe (0x00006811) c.lui   a6, 0x4
core   0: 3 0x8000a9fe (0x6811) x16 0x00004000
core   0: 0x8000aa00 (0x089c2813) slti    a6, s8, 137
core   0: 3 0x8000aa00 (0x089c2813) x16 0x00000000
core   0: 0x8000aa04 (0x02720733) mul     a4, tp, t2
core   0: 3 0x8000aa04 (0x02720733) x14 0x00000000
core   0: 0x8000aa08 (0x0036e7b3) or      a5, a3, gp
core   0: 3 0x8000aa08 (0x0036e7b3) x15 0x00000000
core   0: 0x8000aa0c (0x00008ccd) c.or    s1, a1
core   0: 3 0x8000aa0c (0x8ccd) x 9 0x80026cec
core   0: 0x8000aa0e (0x00008e01) c.sub   a2, s0
core   0: 3 0x8000aa0e (0x8e01) x12 0x7ffe212d
core   0: 0x8000aa10 (0x00006ba1) c.lui   s7, 0x8
core   0: 3 0x8000aa10 (0x6ba1) x23 0x00008000
core   0: 0x8000aa12 (0x0022dc33) srl     s8, t0, sp
core   0: 3 0x8000aa12 (0x0022dc33) x24 0x00000000
core   0: 0x8000aa16 (0x00ca4fb3) xor     t6, s4, a2
core   0: 3 0x8000aa16 (0x00ca4fb3) x31 0x7ffe212d
core   0: 0x8000aa1a (0x03059c63) bne     a1, a6, pc + 56
core   0: 3 0x8000aa1a (0x03059c63)
core   0: 0x8000aa52 (0x41d7df93) srai    t6, a5, 29
core   0: 3 0x8000aa52 (0x41d7df93) x31 0x00000000
core   0: 0x8000aa56 (0x00051f33) sll     t5, a0, zero
core   0: 3 0x8000aa56 (0x00051f33) x30 0x80022dfc
core   0: 0x8000aa5a (0x00e55793) srli    a5, a0, 14
core   0: 3 0x8000aa5a (0x00e55793) x15 0x00020008
core   0: 0x8000aa5e (0x0000e389) c.bnez  a5, pc + 2
core   0: 3 0x8000aa5e (0xe389)
core   0: 0x8000aa60 (0x00004671) c.li    a2, 28
core   0: 3 0x8000aa60 (0x4671) x12 0x0000001c
core   0: 0x8000aa62 (0x03af2db3) mulhsu  s11, t5, s10
core   0: 3 0x8000aa62 (0x03af2db3) x27 0xf400344f
core   0: 0x8000aa66 (0x0000717d) c.addi16sp sp, -16
core   0: 3 0x8000aa66 (0x717d) x 2 0x00000000
core   0: 0x8000aa68 (0x01481d33) sll     s10, a6, s4
core   0: 3 0x8000aa68 (0x01481d33) x26 0x00000000
core   0: 0x8000aa6c (0x0000614d) c.addi16sp sp, 176
core   0: 3 0x8000aa6c (0x614d) x 2 0x000000b0
core   0: 0x8000aa6e (0x00008771) c.srai  a4, 28
core   0: 3 0x8000aa6e (0x8771) x14 0x00000000
core   0: 0x8000aa70 (0xc528fd93) andi    s11, a7, -942
core   0: 3 0x8000aa70 (0xc528fd93) x27 0x8000a042
core   0: 0x8000aa74 (0x0000891e) c.mv    s2, t2
core   0: 3 0x8000aa74 (0x891e) x18 0x00000008
core   0: 0x8000aa76 (0x410ed013) srai    zero, t4, 16
core   0: 3 0x8000aa76 (0x410ed013)
core   0: 0x8000aa7a (0x3f937a93) andi    s5, t1, 1017
core   0: 3 0x8000aa7a (0x3f937a93) x21 0x00000079
core   0: 0x8000aa7e (0x41ff5393) srai    t2, t5, 31
core   0: 3 0x8000aa7e (0x41ff5393) x 7 0xffffffff
core   0: 0x8000aa82 (0x00000001) c.nop
core   0: 3 0x8000aa82 (0x0001)
core   0: 0x8000aa84 (0x18512913) slti    s2, sp, 389
core   0: 3 0x8000aa84 (0x18512913) x18 0x00000001
core   0: 0x8000aa88 (0x03f81eb3) mulh    t4, a6, t6
core   0: 3 0x8000aa88 (0x03f81eb3) x29 0x00000000
core   0: 0x8000aa8c (0x40025833) sra     a6, tp, zero
core   0: 3 0x8000aa8c (0x40025833) x16 0x00000000
core   0: 0x8000aa90 (0x02dbc1b3) div     gp, s7, a3
core   0: 3 0x8000aa90 (0x02dbc1b3) x 3 0xffffffff
core   0: 0x8000aa94 (0x290dbc17) auipc   s8, 0x290db
core   0: 3 0x8000aa94 (0x290dbc17) x24 0xa90e5a94
core   0: 0x8000aa98 (0x00008bbe) c.mv    s7, a5
core   0: 3 0x8000aa98 (0x8bbe) x23 0x00020008
core   0: 0x8000aa9a (0x00234eb3) xor     t4, t1, sp
core   0: 3 0x8000aa9a (0x00234eb3) x29 0x000000cd
core   0: 0x8000aa9e (0x00008ead) c.xor   a3, a1
core   0: 3 0x8000aa9e (0x8ead) x13 0x80026ce4
core   0: 0x8000aaa0 (0x01726e63) bltu    tp, s7, pc + 28
core   0: 3 0x8000aaa0 (0x01726e63)
core   0: 0x8000aabc (0x00000001) c.nop
core   0: 3 0x8000aabc (0x0001)
core   0: 0x8000aabe (0x00001a04) c.addi4spn s1, sp, 304
core   0: 3 0x8000aabe (0x1a04) x 9 0x000001e0
core   0: 0x8000aac0 (0x00009b1e) c.add   s6, t2
core   0: 3 0x8000aac0 (0x9b1e) x22 0xffffffff
core   0: 0x8000aac2 (0x03c7d6b3) divu    a3, a5, t3
core   0: 3 0x8000aac2 (0x03c7d6b3) x13 0x00000000
core   0: 0x8000aac6 (0x0ff0000f) fence   iorw,iorw
core   0: 3 0x8000aac6 (0x0ff0000f)
core   0: 0x8000aaca (0x12dd0993) addi    s3, s10, 301
core   0: 3 0x8000aaca (0x12dd0993) x19 0x0000012d
core   0: 0x8000aace (0x000067e9) c.lui   a5, 0x1a
core   0: 3 0x8000aace (0x67e9) x15 0x0001a000
core   0: 0x8000aad0 (0x00008cc5) c.or    s1, s1
core   0: 3 0x8000aad0 (0x8cc5) x 9 0x000001e0
core   0: 0x8000aad2 (0x00008f8d) c.sub   a5, a1
core   0: 3 0x8000aad2 (0x8f8d) x15 0x7fff331c
core   0: 0x8000aad4 (0x00001884) c.addi4spn s1, sp, 112
core   0: 3 0x8000aad4 (0x1884) x 9 0x00000120
core   0: 0x8000aad6 (0x013d4c63) blt     s10, s3, pc + 24
core   0: 3 0x8000aad6 (0x013d4c63)
core   0: 0x8000aaee (0x012b6263) bltu    s6, s2, pc + 4
core   0: 3 0x8000aaee (0x012b6263)
core   0: 0x8000aaf2 (0x00008f79) c.and   a4, a4
core   0: 3 0x8000aaf2 (0x8f79) x14 0x00000000
core   0: 0x8000aaf4 (0x00008c3d) c.xor   s0, a5
core   0: 3 0x8000aaf4 (0x8c3d) x 8 0xfffeedce
core   0: 0x8000aaf6 (0xd8633893) sltiu   a7, t1, -634
core   0: 3 0x8000aaf6 (0xd8633893) x17 0x00000001
core   0: 0x8000aafa (0xabd96893) ori     a7, s2, -1347
core   0: 3 0x8000aafa (0xabd96893) x17 0xfffffabd
core   0: 0x8000aafe (0x78d8ce37) lui     t3, 0x78d8c
core   0: 3 0x8000aafe (0x78d8ce37) x28 0x78d8c000
core   0: 0x8000ab02 (0xa8622493) slti    s1, tp, -1402
core   0: 3 0x8000ab02 (0xa8622493) x 9 0x00000000
core   0: 0x8000ab06 (0x00009a7a) c.add   s4, t5
core   0: 3 0x8000ab06 (0x9a7a) x20 0x80022dfc
core   0: 0x8000ab08 (0x01083b33) sltu    s6, a6, a6
core   0: 3 0x8000ab08 (0x01083b33) x22 0x00000000
core   0: 0x8000ab0c (0x02741c63) bne     s0, t2, pc + 56
core   0: 3 0x8000ab0c (0x02741c63)
core   0: 0x8000ab44 (0x02851d33) mulh    s10, a0, s0
core   0: 3 0x8000ab44 (0x02851d33) x26 0x00008916
core   0: 0x8000ab48 (0x0000eb9d) c.bnez  a5, pc + 54
core   0: 3 0x8000ab48 (0xeb9d)
core   0: 0x8000ab7e (0x41030a13) addi    s4, t1, 1040
core   0: 3 0x8000ab7e (0x41030a13) x20 0x0000048d
core   0: 0x8000ab82 (0x0ff0000f) fence   iorw,iorw
core   0: 3 0x8000ab82 (0x0ff0000f)
core   0: 0x8000ab86 (0x02e80363) beq     a6, a4, pc + 38
core   0: 3 0x8000ab86 (0x02e80363)
core   0: 0x8000abac (0x00e7dc33) srl     s8, a5, a4
core   0: 3 0x8000abac (0x00e7dc33) x24 0x7fff331c
core   0: 0x8000abb0 (0x000096a6) c.add   a3, s1
core   0: 3 0x8000abb0 (0x96a6) x13 0x00000000
core   0: 0x8000abb2 (0x0000c021) c.beqz  s0, pc + 64
core   0: 3 0x8000abb2 (0xc021)
core   0: 0x8000abb4 (0x3e606f93) ori     t6, zero, 998
core   0: 3 0x8000abb4 (0x3e606f93) x31 0x000003e6
core   0: 0x8000abb8 (0x0000e609) c.bnez  a2, pc + 10
core   0: 3 0x8000abb8 (0xe609)
core   0: 0x8000abc2 (0x03ac9b33) mulh    s6, s9, s10
core   0: 3 0x8000abc2 (0x03ac9b33) x22 0x00000000
core   0: 0x8000abc6 (0x007368b3) or      a7, t1, t2
core   0: 3 0x8000abc6 (0x007368b3) x17 0xffffffff
core   0: 0x8000abca (0x00008e35) c.xor   a2, a3
core   0: 3 0x8000abca (0x8e35) x12 0x0000001c
core   0: 0x8000abcc (0x03250bb3) mul     s7, a0, s2
core   0: 3 0x8000abcc (0x03250bb3) x23 0x80022dfc
core   0: 0x8000abd0 (0x0000100f) fence.i
core   0: 3 0x8000abd0 (0x0000100f)
core   0: 0x8000abd4 (0x03778733) mul     a4, a5, s7
core   0: 3 0x8000abd4 (0x03778733) x14 0x416a3b90
core   0: 0x8000abd8 (0x01be9bb3) sll     s7, t4, s11
core   0: 3 0x8000abd8 (0x01be9bb3) x23 0x00000334
core   0: 0x8000abdc (0x3e5eccb7) lui     s9, 0x3e5ec
core   0: 3 0x8000abdc (0x3e5eccb7) x25 0x3e5ec000
core   0: 0x8000abe0 (0x7391b893) sltiu   a7, gp, 1849
core   0: 3 0x8000abe0 (0x7391b893) x17 0x00000000
core   0: 0x8000abe4 (0x0d261497) auipc   s1, 0xd261
core   0: 3 0x8000abe4 (0x0d261497) x 9 0x8d26bbe4
core   0: 0x8000abe8 (0xf7b366b7) lui     a3, 0xf7b36
core   0: 3 0x8000abe8 (0xf7b366b7) x13 0xf7b36000
core   0: 0x8000abec (0x000012fd) c.addi  t0, -1
core   0: 3 0x8000abec (0x12fd) x 5 0xffffffff
core   0: 0x8000abee (0x03a73933) mulhu   s2, a4, s10
core   0: 3 0x8000abee (0x03a73933) x18 0x00002307
core   0: 0x8000abf2 (0x001be333) or      t1, s7, ra
core   0: 3 0x8000abf2 (0x001be333) x 6 0x000003be
core   0: 0x8000abf6 (0x00000719) c.addi  a4, 6
core   0: 3 0x8000abf6 (0x0719) x14 0x416a3b96
core   0: 0x8000abf8 (0x0000717d) c.addi16sp sp, -16
core   0: 3 0x8000abf8 (0x717d) x 2 0x000000a0
core   0: 0x8000abfa (0x409458b3) sra     a7, s0, s1
core   0: 3 0x8000abfa (0x409458b3) x17 0xffffeedc
core   0: 0x8000abfe (0x002ade33) srl     t3, s5, sp
core   0: 3 0x8000abfe (0x002ade33) x28 0x00000079
core   0: 0x8000ac02 (0x00008efd) c.and   a3, a5
core   0: 3 0x8000ac02 (0x8efd) x13 0x77b32000
core   0: 0x8000ac04 (0xf32e8793) addi    a5, t4, -206
core   0: 3 0x8000ac04 (0xf32e8793) x15 0xffffffff
core   0: 0x8000ac08 (0x1a302d93) slti    s11, zero, 419
core   0: 3 0x8000ac08 (0x1a302d93) x27 0x00000001
core   0: 0x8000ac0c (0x00000ef9) c.addi  t4, 30
core   0: 3 0x8000ac0c (0x0ef9) x29 0x000000eb
core   0: 0x8000ac0e (0x00000c0d) c.addi  s8, 3
core   0: 3 0x8000ac0e (0x0c0d) x24 0x7fff331f
core   0: 0x8000ac10 (0x85376f13) ori     t5, a4, -1965
core   0: 3 0x8000ac10 (0x85376f13) x30 0xfffffbd7
core   0: 0x8000ac14 (0x5cc57f93) andi    t6, a0, 1484
core   0: 3 0x8000ac14 (0x5cc57f93) x31 0x000005cc
core   0: 0x8000ac18 (0x010bb6b3) sltu    a3, s7, a6
core   0: 3 0x8000ac18 (0x010bb6b3) x13 0x00000000
core   0: 0x8000ac1c (0x40e98b33) sub     s6, s3, a4
core   0: 3 0x8000ac1c (0x40e98b33) x22 0xbe95c597
core   0: 0x8000ac20 (0x0000100f) fence.i
core   0: 3 0x8000ac20 (0x0000100f)
core   0: 0x8000ac24 (0x00008cba) c.mv    s9, a4
core   0: 3 0x8000ac24 (0x8cba) x25 0x416a3b96
core   0: 0x8000ac26 (0x00c3e8b3) or      a7, t2, a2
core   0: 3 0x8000ac26 (0x00c3e8b3) x17 0xffffffff
core   0: 0x8000ac2a (0x0ff0000f) fence   iorw,iorw
core   0: 3 0x8000ac2a (0x0ff0000f)
core   0: 0x8000ac2e (0x05072813) slti    a6, a4, 80
core   0: 3 0x8000ac2e (0x05072813) x16 0x00000000
core   0: 0x8000ac32 (0xe6eb02b7) lui     t0, 0xe6eb0
core   0: 3 0x8000ac32 (0xe6eb02b7) x 5 0xe6eb0000
core   0: 0x8000ac36 (0x3ded2a13) slti    s4, s10, 990
core   0: 3 0x8000ac36 (0x3ded2a13) x20 0x00000000
core   0: 0x8000ac3a (0x0004cb33) xor     s6, s1, zero
core   0: 3 0x8000ac3a (0x0004cb33) x22 0x8d26bbe4
core   0: 0x8000ac3e (0x00008606) c.mv    a2, ra
core   0: 3 0x8000ac3e (0x8606) x12 0x0000008e
core   0: 0x8000ac40 (0x0000100f) fence.i
core   0: 3 0x8000ac40 (0x0000100f)
core   0: 0x8000ac44 (0x030d91b3) mulh    gp, s11, a6
core   0: 3 0x8000ac44 (0x030d91b3) x 3 0x00000000
core   0: 0x8000ac48 (0x41e18ab3) sub     s5, gp, t5
core   0: 3 0x8000ac48 (0x41e18ab3) x21 0x00000429
core   0: 0x8000ac4c (0x00000098) c.addi4spn a4, sp, 64
core   0: 3 0x8000ac4c (0x0098) x14 0x000000e0
core   0: 0x8000ac4e (0x00008c19) c.sub   s0, a4
core   0: 3 0x8000ac4e (0x8c19) x 8 0xfffeecee
core   0: 0x8000ac50 (0x03bca1b3) mulhsu  gp, s9, s11
core   0: 3 0x8000ac50 (0x03bca1b3) x 3 0x00000000
core   0: 0x8000ac54 (0x02c87cb3) remu    s9, a6, a2
core   0: 3 0x8000ac54 (0x02c87cb3) x25 0x00000000
core   0: 0x8000ac58 (0x3797f293) andi    t0, a5, 889
core   0: 3 0x8000ac58 (0x3797f293) x 5 0x00000379
core   0: 0x8000ac5c (0xbf6ef617) auipc   a2, 0xbf6ef
core   0: 3 0x8000ac5c (0xbf6ef617) x12 0x3f6f9c5c
core   0: 0x8000ac60 (0x00e6c0b3) xor     ra, a3, a4
core   0: 3 0x8000ac60 (0x00e6c0b3) x 1 0x000000e0
core   0: 0x8000ac64 (0xaa59e313) ori     t1, s3, -1371
core   0: 3 0x8000ac64 (0xaa59e313) x 6 0xfffffbad
core   0: 0x8000ac68 (0x00fd9d13) slli    s10, s11, 15
core   0: 3 0x8000ac68 (0x00fd9d13) x26 0x00008000
core   0: 0x8000ac6c (0x00000304) c.addi4spn s1, sp, 384
core   0: 3 0x8000ac6c (0x0304) x 9 0x00000220
core   0: 0x8000ac6e (0x40675113) srai    sp, a4, 6
core   0: 3 0x8000ac6e (0x40675113) x 2 0x00000003
core   0: 0x8000ac72 (0xced57093) andi    ra, a0, -787
core   0: 3 0x8000ac72 (0xced57093) x 1 0x80022cec
core   0: 0x8000ac76 (0x0000717d) c.addi16sp sp, -16
core   0: 3 0x8000ac76 (0x717d) x 2 0xfffffff3
core   0: 0x8000ac78 (0x03eda4b3) mulhsu  s1, s11, t5
core   0: 3 0x8000ac78 (0x03eda4b3) x 9 0x00000000
core   0: 0x8000ac7c (0x031a7763) bgeu    s4, a7, pc + 46
core   0: 3 0x8000ac7c (0x031a7763)
core   0: 0x8000ac80 (0x00008f19) c.sub   a4, a4
core   0: 3 0x8000ac80 (0x8f19) x14 0x00000000
core   0: 0x8000ac82 (0x0201f0b3) remu    ra, gp, zero
core   0: 3 0x8000ac82 (0x0201f0b3) x 1 0x00000000
core   0: 0x8000ac86 (0x01c8d033) srl     zero, a7, t3
core   0: 3 0x8000ac86 (0x01c8d033)
core   0: 0x8000ac8a (0x037a1db3) mulh    s11, s4, s7
core   0: 3 0x8000ac8a (0x037a1db3) x27 0x00000000
core   0: 0x8000ac8e (0x0125d633) srl     a2, a1, s2
core   0: 3 0x8000ac8e (0x0125d633) x12 0x010004d9
core   0: 0x8000ac92 (0x012e9d93) slli    s11, t4, 18
core   0: 3 0x8000ac92 (0x012e9d93) x27 0x03ac0000
core   0: 0x8000ac96 (0x00e9e313) ori     t1, s3, 14
core   0: 3 0x8000ac96 (0x00e9e313) x 6 0x0000012f
core   0: 0x8000ac9a (0x05600713) li      a4, 86
core   0: 3 0x8000ac9a (0x05600713) x14 0x00000056
core   0: 0x8000ac9e (0xca37ca13) xori    s4, a5, -861
core   0: 3 0x8000ac9e (0xca37ca13) x20 0x0000035c
core   0: 0x8000aca2 (0x01461db3) sll     s11, a2, s4
core   0: 3 0x8000aca2 (0x01461db3) x27 0x90000000
core   0: 0x8000aca6 (0x01f25263) bge     tp, t6, pc + 4
core   0: 3 0x8000aca6 (0x01f25263)
core   0: 0x8000acaa (0x01924433) xor     s0, tp, s9
core   0: 3 0x8000acaa (0x01924433) x 8 0x00000000
core   0: 0x8000acae (0x00000001) c.nop
core   0: 3 0x8000acae (0x0001)
core   0: 0x8000acb0 (0x00c37bb3) and     s7, t1, a2
core   0: 3 0x8000acb0 (0x00c37bb3) x23 0x00000009
core   0: 0x8000acb4 (0x00000d0e) c.slli  s10, 3
core   0: 3 0x8000acb4 (0x0d0e) x26 0x00040000
core   0: 0x8000acb6 (0x00452283) lw      t0, 4(a0)
core   0: 3 0x8000acb6 (0x00452283) x 5 0x8000b000 mem 0x80022e00
core   0: 0x8000acba (0x00009a1e) c.add   s4, t2
core   0: 3 0x8000acba (0x9a1e) x20 0x0000035b
core   0: 0x8000acbc (0x03050513) addi    a0, a0, 48
core   0: 3 0x8000acbc (0x03050513) x10 0x80022e2c
core   0: 0x8000acc0 (0x00008f65) c.and   a4, s1
core   0: 3 0x8000acc0 (0x8f65) x14 0x00000000
core   0: 0x8000acc2 (0x03a31033) mulh    zero, t1, s10
core   0: 3 0x8000acc2 (0x03a31033)
core   0: 0x8000acc6 (0x0000913e) c.add   sp, a5
core   0: 3 0x8000acc6 (0x913e) x 2 0xfffffff2
core   0: 0x8000acc8 (0xf789f3b7) lui     t2, 0xf789f
core   0: 3 0x8000acc8 (0xf789f3b7) x 7 0xf789f000
core   0: 0x8000accc (0x02c4c033) div     zero, s1, a2
core   0: 3 0x8000accc (0x02c4c033)
core   0: 0x8000acd0 (0x00008ec9) c.or    a3, a0
core   0: 3 0x8000acd0 (0x8ec9) x13 0x80022e2c
core   0: 0x8000acd2 (0x00128d13) addi    s10, t0, 1
core   0: 3 0x8000acd2 (0x00128d13) x26 0x8000b001
core   0: 0x8000acd6 (0x00008d02) c.jr    s10
core   0: 3 0x8000acd6 (0x8d02)
core   0: 0x8000b000 (0x00822e33) slt     t3, tp, s0
core   0: 3 0x8000b000 (0x00822e33) x28 0x00000000
core   0: 0x8000b004 (0x19098293) addi    t0, s3, 400
core   0: 3 0x8000b004 (0x19098293) x 5 0x000002bd
core   0: 0x8000b008 (0x0ff0000f) fence   iorw,iorw
core   0: 3 0x8000b008 (0x0ff0000f)
core   0: 0x8000b00c (0xf60d6993) ori     s3, s10, -160
core   0: 3 0x8000b00c (0xf60d6993) x19 0xffffff61
core   0: 0x8000b010 (0x0000ec95) c.bnez  s1, pc + 60
core   0: 3 0x8000b010 (0xec95)
core   0: 0x8000b012 (0x0000cc85) c.beqz  s1, pc + 56
core   0: 3 0x8000b012 (0xcc85)
core   0: 0x8000b04a (0x0000567d) c.li    a2, -1
core   0: 3 0x8000b04a (0x567d) x12 0xffffffff
core   0: 0x8000b04c (0x40d0bd13) sltiu   s10, ra, 1037
core   0: 3 0x8000b04c (0x40d0bd13) x26 0x00000001
core   0: 0x8000b050 (0x9350e713) ori     a4, ra, -1739
core   0: 3 0x8000b050 (0x9350e713) x14 0xfffff935
core   0: 0x8000b054 (0x0000e329) c.bnez  a4, pc + 66
core   0: 3 0x8000b054 (0xe329)
core   0: 0x8000b096 (0x00008fa1) c.xor   a5, s0
core   0: 3 0x8000b096 (0x8fa1) x15 0xffffffff
core   0: 0x8000b098 (0x0133a6b3) slt     a3, t2, s3
core   0: 3 0x8000b098 (0x0133a6b3) x13 0x00000001
core   0: 0x8000b09c (0x00b11a63) bne     sp, a1, pc + 20
core   0: 3 0x8000b09c (0x00b11a63)
core   0: 0x8000b0b0 (0x000003b9) c.addi  t2, 14
core   0: 3 0x8000b0b0 (0x03b9) x 7 0xf789f00e
core   0: 0x8000b0b2 (0x00009e92) c.add   t4, tp
core   0: 3 0x8000b0b2 (0x9e92) x29 0x000000eb
core   0: 0x8000b0b4 (0x02860e63) beq     a2, s0, pc + 60
core   0: 3 0x8000b0b4 (0x02860e63)
core   0: 0x8000b0b8 (0x000083dd) c.srli  a5, 23
core   0: 3 0x8000b0b8 (0x83dd) x15 0x000001ff
core   0: 0x8000b0ba (0x003fe463) bltu    t6, gp, pc + 8
core   0: 3 0x8000b0ba (0x003fe463)
core   0: 0x8000b0be (0x741ebd13) sltiu   s10, t4, 1857
core   0: 3 0x8000b0be (0x741ebd13) x26 0x00000001
core   0: 0x8000b0c2 (0x41fdd8b3) sra     a7, s11, t6
core   0: 3 0x8000b0c2 (0x41fdd8b3) x17 0xfff90000
core   0: 0x8000b0c6 (0x4d9dc793) xori    a5, s11, 1241
core   0: 3 0x8000b0c6 (0x4d9dc793) x15 0x900004d9
core   0: 0x8000b0ca (0x000087b5) c.srai  a5, 13
core   0: 3 0x8000b0ca (0x87b5) x15 0xfffc8000
core   0: 0x8000b0cc (0x000088ad) c.andi  s1, 11
core   0: 3 0x8000b0cc (0x88ad) x 9 0x00000000
core   0: 0x8000b0ce (0x00004db1) c.li    s11, 12
core   0: 3 0x8000b0ce (0x4db1) x27 0x0000000c
core   0: 0x8000b0d0 (0x00009fd2) c.add   t6, s4
core   0: 3 0x8000b0d0 (0x9fd2) x31 0x00000927
core   0: 0x8000b0d2 (0xd9dc0693) addi    a3, s8, -611
core   0: 3 0x8000b0d2 (0xd9dc0693) x13 0x7fff30bc
core   0: 0x8000b0d6 (0x019e30b3) sltu    ra, t3, s9
core   0: 3 0x8000b0d6 (0x019e30b3) x 1 0x00000000
core   0: 0x8000b0da (0x00008fb1) c.xor   a5, a2
core   0: 3 0x8000b0da (0x8fb1) x15 0x00037fff
core   0: 0x8000b0dc (0x0000187d) c.addi  a6, -1
core   0: 3 0x8000b0dc (0x187d) x16 0xffffffff
core   0: 0x8000b0de (0x481c2493) slti    s1, s8, 1153
core   0: 3 0x8000b0de (0x481c2493) x 9 0x00000000
core   0: 0x8000b0e2 (0x419ed293) srai    t0, t4, 25
core   0: 3 0x8000b0e2 (0x419ed293) x 5 0x00000000
core   0: 0x8000b0e6 (0x2898eab7) lui     s5, 0x2898e
core   0: 3 0x8000b0e6 (0x2898eab7) x21 0x2898e000
core   0: 0x8000b0ea (0x0000c3a1) c.beqz  a5, pc + 64
core   0: 3 0x8000b0ea (0xc3a1)
core   0: 0x8000b0ec (0x1e030f93) addi    t6, t1, 480
core   0: 3 0x8000b0ec (0x1e030f93) x31 0x0000030f
core   0: 0x8000b0f0 (0x00008c55) c.or    s0, a3
core   0: 3 0x8000b0f0 (0x8c55) x 8 0x7fff30bc
core   0: 0x8000b0f2 (0x32a4c093) xori    ra, s1, 810
core   0: 3 0x8000b0f2 (0x32a4c093) x 1 0x0000032a
core   0: 0x8000b0f6 (0x00000001) c.nop
core   0: 3 0x8000b0f6 (0x0001)
core   0: 0x8000b0f8 (0x01759293) slli    t0, a1, 23
core   0: 3 0x8000b0f8 (0x01759293) x 5 0x72000000
core   0: 0x8000b0fc (0x00000001) c.nop
core   0: 3 0x8000b0fc (0x0001)
core   0: 0x8000b0fe (0x0043a433) slt     s0, t2, tp
core   0: 3 0x8000b0fe (0x0043a433) x 8 0x00000001
core   0: 0x8000b102 (0x022e40b3) div     ra, t3, sp
core   0: 3 0x8000b102 (0x022e40b3) x 1 0x00000000
core   0: 0x8000b106 (0x0000717d) c.addi16sp sp, -16
core   0: 3 0x8000b106 (0x717d) x 2 0xffffffe2
core   0: 0x8000b108 (0x0218cd63) blt     a7, ra, pc + 58
core   0: 3 0x8000b108 (0x0218cd63)
core   0: 0x8000b142 (0xb2600c93) li      s9, -1242
core   0: 3 0x8000b142 (0xb2600c93) x25 0xfffffb26
core   0: 0x8000b146 (0x00385c63) bge     a6, gp, pc + 24
core   0: 3 0x8000b146 (0x00385c63)
core   0: 0x8000b14a (0x00000c95) c.addi  s9, 5
core   0: 3 0x8000b14a (0x0c95) x25 0xfffffb2b
core   0: 0x8000b14c (0x000002b9) c.addi  t0, 14
core   0: 3 0x8000b14c (0x02b9) x 5 0x7200000e
core   0: 0x8000b14e (0x41205d93) srai    s11, zero, 18
core   0: 3 0x8000b14e (0x41205d93) x27 0x00000000
core   0: 0x8000b152 (0x33ce8913) addi    s2, t4, 828
core   0: 3 0x8000b152 (0x33ce8913) x18 0x00000427
core   0: 0x8000b156 (0x530bb293) sltiu   t0, s7, 1328
core   0: 3 0x8000b156 (0x530bb293) x 5 0x00000001
core   0: 0x8000b15a (0x0000974a) c.add   a4, s2
core   0: 3 0x8000b15a (0x974a) x14 0xfffffd5c
core   0: 0x8000b15c (0x00008ce5) c.and   s1, s1
core   0: 3 0x8000b15c (0x8ce5) x 9 0x00000000
core   0: 0x8000b15e (0x02603433) mulhu   s0, zero, t1
core   0: 3 0x8000b15e (0x02603433) x 8 0x00000000
core   0: 0x8000b162 (0x00b25f13) srli    t5, tp, 11
core   0: 3 0x8000b162 (0x00b25f13) x30 0x00000000
core   0: 0x8000b166 (0x0000880a) c.mv    a6, sp
core   0: 3 0x8000b166 (0x880a) x16 0xffffffe2
core   0: 0x8000b168 (0x007fa633) slt     a2, t6, t2
core   0: 3 0x8000b168 (0x007fa633) x12 0x00000000
core   0: 0x8000b16c (0x40185293) srai    t0, a6, 1
core   0: 3 0x8000b16c (0x40185293) x 5 0xfffffff1
core   0: 0x8000b170 (0x017508b3) add     a7, a0, s7
core   0: 3 0x8000b170 (0x017508b3) x17 0x80022e35
core   0: 0x8000b174 (0x00000001) c.nop
core   0: 3 0x8000b174 (0x0001)
core   0: 0x8000b176 (0x00008bfe) c.mv    s7, t6
core   0: 3 0x8000b176 (0x8bfe) x23 0x0000030f
core   0: 0x8000b178 (0x00009a8a) c.add   s5, sp
core   0: 3 0x8000b178 (0x9a8a) x21 0x2898dfe2
core   0: 0x8000b17a (0x00006d35) c.lui   s10, 0xd
core   0: 3 0x8000b17a (0x6d35) x26 0x0000d000
core   0: 0x8000b17c (0xf8c22793) slti    a5, tp, -116
core   0: 3 0x8000b17c (0xf8c22793) x15 0x00000000
core   0: 0x8000b180 (0x0394a133) mulhsu  sp, s1, s9
core   0: 3 0x8000b180 (0x0394a133) x 2 0x00000000
core   0: 0x8000b184 (0x011034b3) snez    s1, a7
core   0: 3 0x8000b184 (0x011034b3) x 9 0x00000001
core   0: 0x8000b188 (0xfce97d13) andi    s10, s2, -50
core   0: 3 0x8000b188 (0xfce97d13) x26 0x00000406
core   0: 0x8000b18c (0x018a0eb3) add     t4, s4, s8
core   0: 3 0x8000b18c (0x018a0eb3) x29 0x7fff367a
core   0: 0x8000b190 (0x4125ff17) auipc   t5, 0x4125f
core   0: 3 0x8000b190 (0x4125ff17) x30 0xc126a190
core   0: 0x8000b194 (0x02346763) bltu    s0, gp, pc + 46
core   0: 3 0x8000b194 (0x02346763)
core   0: 0x8000b198 (0x013d0f63) beq     s10, s3, pc + 30
core   0: 3 0x8000b198 (0x013d0f63)
core   0: 0x8000b19c (0x01104cb3) xor     s9, zero, a7
core   0: 3 0x8000b19c (0x01104cb3) x25 0x80022e35
core   0: 0x8000b1a0 (0x00008c91) c.sub   s1, a2
core   0: 3 0x8000b1a0 (0x8c91) x 9 0x00000001
core   0: 0x8000b1a2 (0x02817ab3) remu    s5, sp, s0
core   0: 3 0x8000b1a2 (0x02817ab3) x21 0x00000000
core   0: 0x8000b1a6 (0x00790fb3) add     t6, s2, t2
core   0: 3 0x8000b1a6 (0x00790fb3) x31 0xf789f435
core   0: 0x8000b1aa (0x00008ef1) c.and   a3, a2
core   0: 3 0x8000b1aa (0x8ef1) x13 0x00000000
core   0: 0x8000b1ac (0x00008876) c.mv    a6, t4
core   0: 3 0x8000b1ac (0x8876) x16 0x7fff367a
core   0: 0x8000b1ae (0x000097d6) c.add   a5, s5
core   0: 3 0x8000b1ae (0x97d6) x15 0x00000000
core   0: 0x8000b1b0 (0x0185ebb3) or      s7, a1, s8
core   0: 3 0x8000b1b0 (0x0185ebb3) x23 0xffff7fff
core   0: 0x8000b1b4 (0x00000b6e) c.slli  s6, 27
core   0: 3 0x8000b1b4 (0x0b6e) x22 0x20000000
core   0: 0x8000b1b6 (0x0ff0000f) fence   iorw,iorw
core   0: 3 0x8000b1b6 (0x0ff0000f)
core   0: 0x8000b1ba (0x037fc7b3) div     a5, t6, s7
core   0: 3 0x8000b1ba (0x037fc7b3) x15 0x000010eb
core   0: 0x8000b1be (0x0343e963) bltu    t2, s4, pc + 50
core   0: 3 0x8000b1be (0x0343e963)
core   0: 0x8000b1c2 (0x40bd8bb3) sub     s7, s11, a1
core   0: 3 0x8000b1c2 (0x40bd8bb3) x23 0x7ffd931c
core   0: 0x8000b1c6 (0x0145d393) srli    t2, a1, 20
core   0: 3 0x8000b1c6 (0x0145d393) x 7 0x00000800
core   0: 0x8000b1ca (0x00009f6a) c.add   t5, s10
core   0: 3 0x8000b1ca (0x9f6a) x30 0xc126a596
core   0: 0x8000b1cc (0x00000822) c.slli  a6, 8
core   0: 3 0x8000b1cc (0x0822) x16 0xff367a00
core   0: 0x8000b1ce (0x00f3de33) srl     t3, t2, a5
core   0: 3 0x8000b1ce (0x00f3de33) x28 0x00000001
core   0: 0x8000b1d2 (0x040bc463) bltz    s7, pc + 72
core   0: 3 0x8000b1d2 (0x040bc463)
core   0: 0x8000b1d6 (0x0000717d) c.addi16sp sp, -16
core   0: 3 0x8000b1d6 (0x717d) x 2 0xfffffff0
core   0: 0x8000b1d8 (0x01b2b033) sltu    zero, t0, s11
core   0: 3 0x8000b1d8 (0x01b2b033)
core   0: 0x8000b1dc (0x4060d9b3) sra     s3, ra, t1
core   0: 3 0x8000b1dc (0x4060d9b3) x19 0x00000000
core   0: 0x8000b1e0 (0x4055d033) sra     zero, a1, t0
core   0: 3 0x8000b1e0 (0x4055d033)
core   0: 0x8000b1e4 (0x03a374b3) remu    s1, t1, s10
core   0: 3 0x8000b1e4 (0x03a374b3) x 9 0x0000012f
core   0: 0x8000b1e8 (0x03f2f933) remu    s2, t0, t6
core   0: 3 0x8000b1e8 (0x03f2f933) x18 0x08760bbc
core   0: 0x8000b1ec (0x005a2d33) slt     s10, s4, t0
core   0: 3 0x8000b1ec (0x005a2d33) x26 0x00000000
core   0: 0x8000b1f0 (0x0066d7b3) srl     a5, a3, t1
core   0: 3 0x8000b1f0 (0x0066d7b3) x15 0x00000000
core   0: 0x8000b1f4 (0x40dbd813) srai    a6, s7, 13
core   0: 3 0x8000b1f4 (0x40dbd813) x16 0x0003ffec
core   0: 0x8000b1f8 (0x00272133) slt     sp, a4, sp
core   0: 3 0x8000b1f8 (0x00272133) x 2 0x00000001
core   0: 0x8000b1fc (0x00008c85) c.sub   s1, s1
core   0: 3 0x8000b1fc (0x8c85) x 9 0x00000000
core   0: 0x8000b1fe (0x02212ab3) mulhsu  s5, sp, sp
core   0: 3 0x8000b1fe (0x02212ab3) x21 0x00000000
core   0: 0x8000b202 (0x015e6633) or      a2, t3, s5
core   0: 3 0x8000b202 (0x015e6633) x12 0x00000001
core   0: 0x8000b206 (0x0000615d) c.addi16sp sp, 432
core   0: 3 0x8000b206 (0x615d) x 2 0x000001b1
core   0: 0x8000b208 (0x000a9f63) bnez    s5, pc + 30
core   0: 3 0x8000b208 (0x000a9f63)
core   0: 0x8000b20c (0x0083fc13) andi    s8, t2, 8
core   0: 3 0x8000b20c (0x0083fc13) x24 0x00000000
core   0: 0x8000b210 (0x01572a93) slti    s5, a4, 21
core   0: 3 0x8000b210 (0x01572a93) x21 0x00000001
core   0: 0x8000b214 (0x01e692b3) sll     t0, a3, t5
core   0: 3 0x8000b214 (0x01e692b3) x 5 0x00000000
core   0: 0x8000b218 (0x00008f5d) c.or    a4, a5
core   0: 3 0x8000b218 (0x8f5d) x14 0xfffffd5c
core   0: 0x8000b21a (0x00008845) c.andi  s0, 17
core   0: 3 0x8000b21a (0x8845) x 8 0x00000000
core   0: 0x8000b21c (0x000067ad) c.lui   a5, 0xb
core   0: 3 0x8000b21c (0x67ad) x15 0x0000b000
core   0: 0x8000b21e (0x649ad0b7) lui     ra, 0x649ad
core   0: 3 0x8000b21e (0x649ad0b7) x 1 0x649ad000
core   0: 0x8000b222 (0x0252afb3) mulhsu  t6, t0, t0
core   0: 3 0x8000b222 (0x0252afb3) x31 0x00000000
core   0: 0x8000b226 (0x03c54e33) div     t3, a0, t3
core   0: 3 0x8000b226 (0x03c54e33) x28 0x80022e2c
core   0: 0x8000b22a (0x00000001) c.nop
core   0: 3 0x8000b22a (0x0001)
core   0: 0x8000b22c (0x00008fad) c.xor   a5, a1
core   0: 3 0x8000b22c (0x8fad) x15 0x8002dce4
core   0: 0x8000b22e (0x0334e333) rem     t1, s1, s3
core   0: 3 0x8000b22e (0x0334e333) x 6 0x00000000
core   0: 0x8000b232 (0x00008f4d) c.or    a4, a1
core   0: 3 0x8000b232 (0x8f4d) x14 0xfffffdfc
core   0: 0x8000b234 (0x01fe1463) bne     t3, t6, pc + 8
core   0: 3 0x8000b234 (0x01fe1463)
core   0: 0x8000b23c (0x4c004c93) xori    s9, zero, 1216
core   0: 3 0x8000b23c (0x4c004c93) x25 0x000004c0
core   0: 0x8000b240 (0x950f6693) ori     a3, t5, -1712
core   0: 3 0x8000b240 (0x950f6693) x13 0xfffffdd6
core   0: 0x8000b244 (0x0217d263) bge     a5, ra, pc + 36
core   0: 3 0x8000b244 (0x0217d263)
core   0: 0x8000b248 (0x00979a33) sll     s4, a5, s1
core   0: 3 0x8000b248 (0x00979a33) x20 0x8002dce4
core   0: 0x8000b24c (0x00000001) c.nop
core   0: 3 0x8000b24c (0x0001)
core   0: 0x8000b24e (0x4ea74613) xori    a2, a4, 1258
core   0: 3 0x8000b24e (0x4ea74613) x12 0xfffff916
core   0: 0x8000b252 (0x00ea97b3) sll     a5, s5, a4
core   0: 3 0x8000b252 (0x00ea97b3) x15 0x10000000
core   0: 0x8000b256 (0xb4292313) slti    t1, s2, -1214
core   0: 3 0x8000b256 (0xb4292313) x 6 0x00000000
core   0: 0x8000b25a (0x01949e63) bne     s1, s9, pc + 28
core   0: 3 0x8000b25a (0x01949e63)
core   0: 0x8000b276 (0x8b113793) sltiu   a5, sp, -1871
core   0: 3 0x8000b276 (0x8b113793) x15 0x00000001
core   0: 0x8000b27a (0x01550a63) beq     a0, s5, pc + 20
core   0: 3 0x8000b27a (0x01550a63)
core   0: 0x8000b27e (0x409e5133) sra     sp, t3, s1
core   0: 3 0x8000b27e (0x409e5133) x 2 0x80022e2c
core   0: 0x8000b282 (0x00008cad) c.xor   s1, a1
core   0: 3 0x8000b282 (0x8cad) x 9 0x80026ce4
core   0: 0x8000b284 (0x52720417) auipc   s0, 0x52720
core   0: 3 0x8000b284 (0x52720417) x 8 0xd272b284
core   0: 0x8000b288 (0x0000717d) c.addi16sp sp, -16
core   0: 3 0x8000b288 (0x717d) x 2 0x80022e1c
core   0: 0x8000b28a (0x81caba13) sltiu   s4, s5, -2020
core   0: 3 0x8000b28a (0x81caba13) x20 0x00000001
core   0: 0x8000b28e (0x9f2e2f93) slti    t6, t3, -1550
core   0: 3 0x8000b28e (0x9f2e2f93) x31 0x00000001
core   0: 0x8000b292 (0x02a4ed33) rem     s10, s1, a0
core   0: 3 0x8000b292 (0x02a4ed33) x26 0x80026ce4
core   0: 0x8000b296 (0x00d66933) or      s2, a2, a3
core   0: 3 0x8000b296 (0x00d66933) x18 0xfffffdd6
core   0: 0x8000b29a (0x021c82b3) mul     t0, s9, ra
core   0: 3 0x8000b29a (0x021c82b3) x 5 0xdf5c0000
core   0: 0x8000b29e (0x83952c93) slti    s9, a0, -1991
core   0: 3 0x8000b29e (0x83952c93) x25 0x00000001
core   0: 0x8000b2a2 (0x00b95693) srli    a3, s2, 11
core   0: 3 0x8000b2a2 (0x00b95693) x13 0x001fffff
core   0: 0x8000b2a6 (0x0284cc33) div     s8, s1, s0
core   0: 3 0x8000b2a6 (0x0284cc33) x24 0x00000002
core   0: 0x8000b2aa (0x02170763) beq     a4, ra, pc + 46
core   0: 3 0x8000b2aa (0x02170763)
core   0: 0x8000b2ae (0x00008e01) c.sub   a2, s0
core   0: 3 0x8000b2ae (0x8e01) x12 0x2d8d4692
core   0: 0x8000b2b0 (0x0000870d) c.srai  a4, 3
core   0: 3 0x8000b2b0 (0x870d) x14 0xffffffbf
core   0: 0x8000b2b2 (0x00000384) c.addi4spn s1, sp, 448
core   0: 3 0x8000b2b2 (0x0384) x 9 0x80022fdc
core   0: 0x8000b2b4 (0x015936b3) sltu    a3, s2, s5
core   0: 3 0x8000b2b4 (0x015936b3) x13 0x00000000
core   0: 0x8000b2b8 (0x00001a94) c.addi4spn a3, sp, 368
core   0: 3 0x8000b2b8 (0x1a94) x13 0x80022f8c
core   0: 0x8000b2ba (0x00006fdd) c.lui   t6, 0x17
core   0: 3 0x8000b2ba (0x6fdd) x31 0x00017000
core   0: 0x8000b2bc (0x00006121) c.addi16sp sp, 64
core   0: 3 0x8000b2bc (0x6121) x 2 0x80022e5c
core   0: 0x8000b2be (0x02045733) divu    a4, s0, zero
core   0: 3 0x8000b2be (0x02045733) x14 0xffffffff
core   0: 0x8000b2c2 (0x0000717d) c.addi16sp sp, -16
core   0: 3 0x8000b2c2 (0x717d) x 2 0x80022e4c
core   0: 0x8000b2c4 (0x16580413) addi    s0, a6, 357
core   0: 3 0x8000b2c4 (0x16580413) x 8 0x00040151
core   0: 0x8000b2c8 (0x413408b3) sub     a7, s0, s3
core   0: 3 0x8000b2c8 (0x413408b3) x17 0x00040151
core   0: 0x8000b2cc (0x0000100f) fence.i
core   0: 3 0x8000b2cc (0x0000100f)
core   0: 0x8000b2d0 (0x02d731b3) mulhu   gp, a4, a3
core   0: 3 0x8000b2d0 (0x02d731b3) x 3 0x80022f8b
core   0: 0x8000b2d4 (0x003b4d33) xor     s10, s6, gp
core   0: 3 0x8000b2d4 (0x003b4d33) x26 0xa0022f8b
core   0: 0x8000b2d8 (0x13487393) andi    t2, a6, 308
core   0: 3 0x8000b2d8 (0x13487393) x 7 0x00000124
core   0: 0x8000b2dc (0x00452283) lw      t0, 4(a0)
core   0: 3 0x8000b2dc (0x00452283) x 5 0x8000a4e4 mem 0x80022e30
core   0: 0x8000b2e0 (0x0000937a) c.add   t1, t5
core   0: 3 0x8000b2e0 (0x937a) x 6 0xc126a596
core   0: 0x8000b2e2 (0x00009ebe) c.add   t4, a5
core   0: 3 0x8000b2e2 (0x9ebe) x29 0x7fff367b
core   0: 0x8000b2e4 (0x41d3dd33) sra     s10, t2, t4
core   0: 3 0x8000b2e4 (0x41d3dd33) x26 0x00000000
core   0: 0x8000b2e8 (0x00000571) c.addi  a0, 28
core   0: 3 0x8000b2e8 (0x0571) x10 0x80022e48
core   0: 0x8000b2ea (0x02f1b833) mulhu   a6, gp, a5
core   0: 3 0x8000b2ea (0x02f1b833) x16 0x00000000
core   0: 0x8000b2ee (0x00028613) mv      a2, t0
core   0: 3 0x8000b2ee (0x00028613) x12 0x8000a4e4
core   0: 0x8000b2f2 (0x00009602) c.jalr  a2
core   0: 3 0x8000b2f2 (0x9602) x 1 0x8000b2f4
core   0: 0x8000a4e4 (0x02667a33) remu    s4, a2, t1
core   0: 3 0x8000a4e4 (0x02667a33) x20 0x8000a4e4
core   0: 0x8000a4e8 (0x000092b6) c.add   t0, a3
core   0: 3 0x8000a4e8 (0x92b6) x 5 0x0002d470
core   0: 0x8000a4ea (0x00178663) beq     a5, ra, pc + 12
core   0: 3 0x8000a4ea (0x00178663)
core   0: 0x8000a4ee (0x000083d1) c.srli  a5, 20
core   0: 3 0x8000a4ee (0x83d1) x15 0x00000000
core   0: 0x8000a4f0 (0x00004129) c.li    sp, 10
core   0: 3 0x8000a4f0 (0x4129) x 2 0x0000000a
core   0: 0x8000a4f2 (0x03e75933) divu    s2, a4, t5
core   0: 3 0x8000a4f2 (0x03e75933) x18 0x00000001
core   0: 0x8000a4f6 (0x7e2002ef) jal     t0, pc + 0x7e2
core   0: 3 0x8000a4f6 (0x7e2002ef) x 5 0x8000a4fa
core   0: 0x8000acd8 (0x00008351) c.srli  a4, 20
core   0: 3 0x8000acd8 (0x8351) x14 0x00000fff
core   0: 0x8000acda (0x00001511) c.addi  a0, -28
core   0: 3 0x8000acda (0x1511) x10 0x80022e2c
core   0: 0x8000acdc (0x03017c33) remu    s8, sp, a6
core   0: 3 0x8000acdc (0x03017c33) x24 0x0000000a
core   0: 0x8000ace0 (0x41d257b3) sra     a5, tp, t4
core   0: 3 0x8000ace0 (0x41d257b3) x15 0x00000000
core   0: 0x8000ace4 (0x000061bd) c.lui   gp, 0xf
core   0: 3 0x8000ace4 (0x61bd) x 3 0x0000f000
core   0: 0x8000ace6 (0x40bd8f33) sub     t5, s11, a1
core   0: 3 0x8000ace6 (0x40bd8f33) x30 0x7ffd931c
core   0: 0x8000acea (0x00008e95) c.sub   a3, a3
core   0: 3 0x8000acea (0x8e95) x13 0x00000000
core   0: 0x8000acec (0x40858eb3) sub     t4, a1, s0
core   0: 3 0x8000acec (0x40858eb3) x29 0x7ffe6b93
core   0: 0x8000acf0 (0x000067b1) c.lui   a5, 0xc
core   0: 3 0x8000acf0 (0x67b1) x15 0x0000c000
core   0: 0x8000acf2 (0x00bca833) slt     a6, s9, a1
core   0: 3 0x8000acf2 (0x00bca833) x16 0x00000000
core   0: 0x8000acf6 (0x00552223) sw      t0, 4(a0)
core   0: 3 0x8000acf6 (0x00552223) mem 0x80022e30 0x8000a4fa
core   0: 0x8000acfa (0x027e21b3) mulhsu  gp, t3, t2
core   0: 3 0x8000acfa (0x027e21b3) x 3 0xffffff6e
core   0: 0x8000acfe (0x00003117) auipc   sp, 0x3
core   0: 3 0x8000acfe (0x00003117) x 2 0x8000dcfe
core   0: 0x8000ad02 (0x1f410113) addi    sp, sp, 500
core   0: 3 0x8000ad02 (0x1f410113) x 2 0x8000def2
core   0: 0x8000ad06 (0xffa14703) lbu     a4, -6(sp)
core   0: 3 0x8000ad06 (0xffa14703) x14 0x000000a7 mem 0x8000deec
core   0: 0x8000ad0a (0x03cbc8b3) div     a7, s7, t3
core   0: 3 0x8000ad0a (0x03cbc8b3) x17 0x00000000
core   0: 0x8000ad0e (0x00010b03) lb      s6, 0(sp)
core   0: 3 0x8000ad0e (0x00010b03) x22 0xffffffa9 mem 0x8000def2
core   0: 0x8000ad12 (0x00914703) lbu     a4, 9(sp)
core   0: 3 0x8000ad12 (0x00914703) x14 0x000000b0 mem 0x8000defb
core   0: 0x8000ad16 (0x411c0eb3) sub     t4, s8, a7
core   0: 3 0x8000ad16 (0x411c0eb3) x29 0x0000000a
core   0: 0x8000ad1a (0x01c7f033) and     zero, a5, t3
core   0: 3 0x8000ad1a (0x01c7f033)
core   0: 0x8000ad1e (0x01072eb3) slt     t4, a4, a6
core   0: 3 0x8000ad1e (0x01072eb3) x29 0x00000000
core   0: 0x8000ad22 (0x00815003) lhu     zero, 8(sp)
core   0: 3 0x8000ad22 (0x00815003) mem 0x8000defa
core   0: 0x8000ad26 (0xbd0abe13) sltiu   t3, s5, -1072
core   0: 3 0x8000ad26 (0xbd0abe13) x28 0x00000001
core   0: 0x8000ad2a (0xff615183) lhu     gp, -10(sp)
core   0: 3 0x8000ad2a (0xff615183) x 3 0x0000a2a3 mem 0x8000dee8
core   0: 0x8000ad2e (0x00000c2d) c.addi  s8, 11
core   0: 3 0x8000ad2e (0x0c2d) x24 0x00000015
core   0: 0x8000ad30 (0x0129ddb3) srl     s11, s3, s2
core   0: 3 0x8000ad30 (0x0129ddb3) x27 0x00000000
core   0: 0x8000ad34 (0x00e11b03) lh      s6, 14(sp)
core   0: 3 0x8000ad34 (0x00e11b03) x22 0xffffbabb mem 0x8000df00
core   0: 0x8000ad38 (0x00000001) c.nop
core   0: 3 0x8000ad38 (0x0001)
core   0: 0x8000ad3a (0x02680a33) mul     s4, a6, t1
core   0: 3 0x8000ad3a (0x02680a33) x20 0x00000000
core   0: 0x8000ad3e (0xff914a83) lbu     s5, -7(sp)
core   0: 3 0x8000ad3e (0xff914a83) x21 0x000000a0 mem 0x8000deeb
core   0: 0x8000ad42 (0x000098fd) c.andi  s1, -1
core   0: 3 0x8000ad42 (0x98fd) x 9 0x80022fdc
core   0: 0x8000ad44 (0xff415183) lhu     gp, -12(sp)
core   0: 3 0x8000ad44 (0xff415183) x 3 0x00009c9d mem 0x8000dee6
core   0: 0x8000ad48 (0x407f8a33) sub     s4, t6, t2
core   0: 3 0x8000ad48 (0x407f8a33) x20 0x00016edc
core   0: 0x8000ad4c (0xff510803) lb      a6, -11(sp)
core   0: 3 0x8000ad4c (0xff510803) x16 0xffffff9c mem 0x8000dee7
core   0: 0x8000ad50 (0x01710223) sb      s7, 4(sp)
core   0: 3 0x8000ad50 (0x01710223) mem 0x8000def6 0x1c
core   0: 0x8000ad54 (0x00002117) auipc   sp, 0x2
core   0: 3 0x8000ad54 (0x00002117) x 2 0x8000cd54
core   0: 0x8000ad58 (0x4aa10113) addi    sp, sp, 1194
core   0: 3 0x8000ad58 (0x4aa10113) x 2 0x8000d1fe
core   0: 0x8000ad5c (0x00008ead) c.xor   a3, a1
core   0: 3 0x8000ad5c (0x8ead) x13 0x80026ce4
core   0: 0x8000ad5e (0x0b310803) lb      a6, 179(sp)
core   0: 3 0x8000ad5e (0x0b310803) x16 0x0000006a mem 0x8000d2b1
core   0: 0x8000ad62 (0x000094b6) c.add   s1, a3
core   0: 3 0x8000ad62 (0x94b6) x 9 0x00049cc0
core   0: 0x8000ad64 (0xb74c8313) addi    t1, s9, -1164
core   0: 3 0x8000ad64 (0xb74c8313) x 6 0xfffffb75
core   0: 0x8000ad68 (0x05710423) sb      s7, 72(sp)
core   0: 3 0x8000ad68 (0x05710423) mem 0x8000d246 0x1c
core   0: 0x8000ad6c (0xfa510aa3) sb      t0, -75(sp)
core   0: 3 0x8000ad6c (0xfa510aa3) mem 0x8000d1b3 0xfa
core   0: 0x8000ad70 (0x007d79b3) and     s3, s10, t2
core   0: 3 0x8000ad70 (0x007d79b3) x19 0x00000000
core   0: 0x8000ad74 (0x41c5d9b3) sra     s3, a1, t3
core   0: 3 0x8000ad74 (0x41c5d9b3) x19 0xc0013672
core   0: 0x8000ad78 (0xf24109a3) sb      tp, -205(sp)
core   0: 3 0x8000ad78 (0xf24109a3) mem 0x8000d131 0x0
core   0: 0x8000ad7c (0xf6b14c03) lbu     s8, -149(sp)
core   0: 3 0x8000ad7c (0xf6b14c03) x24 0x00000022 mem 0x8000d169
core   0: 0x8000ad80 (0x0cd10483) lb      s1, 205(sp)
core   0: 3 0x8000ad80 (0x0cd10483) x 9 0xffffff80 mem 0x8000d2cb
core   0: 0x8000ad84 (0x011f6d33) or      s10, t5, a7
core   0: 3 0x8000ad84 (0x011f6d33) x26 0x7ffd931c
core   0: 0x8000ad88 (0x000059fd) c.li    s3, -1
core   0: 3 0x8000ad88 (0x59fd) x19 0xffffffff
core   0: 0x8000ad8a (0x09510ba3) sb      s5, 151(sp)
core   0: 3 0x8000ad8a (0x09510ba3) mem 0x8000d295 0xa0
core   0: 0x8000ad8e (0x00ec2933) slt     s2, s8, a4
core   0: 3 0x8000ad8e (0x00ec2933) x18 0x00000001
core   0: 0x8000ad92 (0xfdc10da3) sb      t3, -37(sp)
core   0: 3 0x8000ad92 (0xfdc10da3) mem 0x8000d1d9 0x1
core   0: 0x8000ad96 (0xfe1105a3) sb      ra, -21(sp)
core   0: 3 0x8000ad96 (0xfe1105a3) mem 0x8000d1e9 0xf4
core   0: 0x8000ad9a (0x030c1eb3) mulh    t4, s8, a6
core   0: 3 0x8000ad9a (0x030c1eb3) x29 0x00000000
core   0: 0x8000ad9e (0x03b42933) mulhsu  s2, s0, s11
core   0: 3 0x8000ad9e (0x03b42933) x18 0x00000000
core   0: 0x8000ada2 (0x0bf14e03) lbu     t3, 191(sp)
core   0: 3 0x8000ada2 (0x0bf14e03) x28 0x00000076 mem 0x8000d2bd
core   0: 0x8000ada6 (0x02a15fb3) divu    t6, sp, a0
core   0: 3 0x8000ada6 (0x02a15fb3) x31 0x00000000
core   0: 0x8000adaa (0x04e14883) lbu     a7, 78(sp)
core   0: 3 0x8000adaa (0x04e14883) x17 0x00000007 mem 0x8000d24c
core   0: 0x8000adae (0x03c15003) lhu     zero, 60(sp)
core   0: 3 0x8000adae (0x03c15003) mem 0x8000d23a
core   0: 0x8000adb2 (0xf81108a3) sb      ra, -111(sp)
core   0: 3 0x8000adb2 (0xf81108a3) mem 0x8000d18f 0xf4
core   0: 0x8000adb6 (0x00aa66b3) or      a3, s4, a0
core   0: 3 0x8000adb6 (0x00aa66b3) x13 0x80036efc
core   0: 0x8000adba (0xf34104a3) sb      s4, -215(sp)
core   0: 3 0x8000adba (0xf34104a3) mem 0x8000d127 0xdc
core   0: 0x8000adbe (0x00c2c2b3) xor     t0, t0, a2
core   0: 3 0x8000adbe (0x00c2c2b3) x 5 0x0000001e
core   0: 0x8000adc2 (0x01010fa3) sb      a6, 31(sp)
core   0: 3 0x8000adc2 (0x01010fa3) mem 0x8000d21d 0x6a
core   0: 0x8000adc6 (0x77d80b17) auipc   s6, 0x77d80
core   0: 3 0x8000adc6 (0x77d80b17) x22 0xf7d8adc6
core   0: 0x8000adca (0x02b10683) lb      a3, 43(sp)
core   0: 3 0x8000adca (0x02b10683) x13 0xffffffe2 mem 0x8000d229
core   0: 0x8000adce (0x41b75b33) sra     s6, a4, s11
core   0: 3 0x8000adce (0x41b75b33) x22 0x000000b0
core   0: 0x8000add2 (0x010380b3) add     ra, t2, a6
core   0: 3 0x8000add2 (0x010380b3) x 1 0x0000018e
core   0: 0x8000add6 (0x0046ed63) bltu    a3, tp, pc + 26
core   0: 3 0x8000add6 (0x0046ed63)
core   0: 0x8000adda (0x0000061a) c.slli  a2, 6
core   0: 3 0x8000adda (0x061a) x12 0x00293900
core   0: 0x8000addc (0x00aeceb3) xor     t4, t4, a0
core   0: 3 0x8000addc (0x00aeceb3) x29 0x80022e2c
core   0: 0x8000ade0 (0xc6fc6793) ori     a5, s8, -913
core   0: 3 0x8000ade0 (0xc6fc6793) x15 0xfffffc6f
core   0: 0x8000ade4 (0x00008639) c.srai  a2, 14
core   0: 3 0x8000ade4 (0x8639) x12 0x000000a4
core   0: 0x8000ade6 (0x00000001) c.nop
core   0: 3 0x8000ade6 (0x0001)
core   0: 0x8000ade8 (0x00f65393) srli    t2, a2, 15
core   0: 3 0x8000ade8 (0x00f65393) x 7 0x00000000
core   0: 0x8000adec (0x0260d163) bge     ra, t1, pc + 34
core   0: 3 0x8000adec (0x0260d163)
core   0: 0x8000ae0e (0x03001d63) bne     zero, a6, pc + 58
core   0: 3 0x8000ae0e (0x03001d63)
core   0: 0x8000ae48 (0x00000b5a) c.slli  s6, 22
core   0: 3 0x8000ae48 (0x0b5a) x22 0x2c000000
core   0: 0x8000ae4a (0x01c95a63) bge     s2, t3, pc + 20
core   0: 3 0x8000ae4a (0x01c95a63)
core   0: 0x8000ae4e (0x00009dae) c.add   s11, a1
core   0: 3 0x8000ae4e (0x9dae) x27 0x80026ce4
core   0: 0x8000ae50 (0x00000001) c.nop
core   0: 3 0x8000ae50 (0x0001)
core   0: 0x8000ae52 (0x00008ca1) c.xor   s1, s0
core   0: 3 0x8000ae52 (0x8ca1) x 9 0xfffbfed1
core   0: 0x8000ae54 (0x01193d33) sltu    s10, s2, a7
core   0: 3 0x8000ae54 (0x01193d33) x26 0x00000001
core   0: 0x8000ae58 (0x00008f65) c.and   a4, s1
core   0: 3 0x8000ae58 (0x8f65) x14 0x00000090
core   0: 0x8000ae5a (0xe1b73313) sltiu   t1, a4, -485
core   0: 3 0x8000ae5a (0xe1b73313) x 6 0x00000001
core   0: 0x8000ae5e (0x0000167d) c.addi  a2, -1
core   0: 3 0x8000ae5e (0x167d) x12 0x000000a3
core   0: 0x8000ae60 (0x03a80d63) beq     a6, s10, pc + 58
core   0: 3 0x8000ae60 (0x03a80d63)
core   0: 0x8000ae64 (0x00008dca) c.mv    s11, s2
core   0: 3 0x8000ae64 (0x8dca) x27 0x00000000
core   0: 0x8000ae66 (0x00008f79) c.and   a4, a4
core   0: 3 0x8000ae66 (0x8f79) x14 0x00000090
core   0: 0x8000ae68 (0x00009f0a) c.add   t5, sp
core   0: 3 0x8000ae68 (0x9f0a) x30 0xfffe651a
core   0: 0x8000ae6a (0x00001810) c.addi4spn a2, sp, 48
core   0: 3 0x8000ae6a (0x1810) x12 0x8000d22e
core   0: 0x8000ae6c (0x000002a9) c.addi  t0, 10
core   0: 3 0x8000ae6c (0x02a9) x 5 0x00000028
core   0: 0x8000ae6e (0x0000c715) c.beqz  a4, pc + 44
core   0: 3 0x8000ae6e (0xc715)
core   0: 0x8000ae70 (0x00000dba) c.slli  s11, 14
core   0: 3 0x8000ae70 (0x0dba) x27 0x00000000
core   0: 0x8000ae72 (0x75096393) ori     t2, s2, 1872
core   0: 3 0x8000ae72 (0x75096393) x 7 0x00000750
core   0: 0x8000ae76 (0x00008ccd) c.or    s1, a1
core   0: 3 0x8000ae76 (0x8ccd) x 9 0xfffbfef5
core   0: 0x8000ae78 (0x00006d31) c.lui   s10, 0xc
core   0: 3 0x8000ae78 (0x6d31) x26 0x0000c000
core   0: 0x8000ae7a (0x02666033) rem     zero, a2, t1
core   0: 3 0x8000ae7a (0x02666033)
core   0: 0x8000ae7e (0x00b00433) add     s0, zero, a1
core   0: 3 0x8000ae7e (0x00b00433) x 8 0x80026ce4
core   0: 0x8000ae82 (0x00008465) c.srai  s0, 25
core   0: 3 0x8000ae82 (0x8465) x 8 0xffffffc0
core   0: 0x8000ae84 (0xe47b0193) addi    gp, s6, -441
core   0: 3 0x8000ae84 (0xe47b0193) x 3 0x2bfffe47
core   0: 0x8000ae88 (0x0000100f) fence.i
core   0: 3 0x8000ae88 (0x0000100f)
core   0: 0x8000ae8c (0x5f7c7a97) auipc   s5, 0x5f7c7
core   0: 3 0x8000ae8c (0x5f7c7a97) x21 0xdf7d1e8c
core   0: 0x8000ae90 (0x41b0da93) srai    s5, ra, 27
core   0: 3 0x8000ae90 (0x41b0da93) x21 0x00000000
core   0: 0x8000ae94 (0x0000100f) fence.i
core   0: 3 0x8000ae94 (0x0000100f)
core   0: 0x8000ae98 (0x00009fee) c.add   t6, s11
core   0: 3 0x8000ae98 (0x9fee) x31 0x00000000
core   0: 0x8000ae9a (0x0ff0000f) fence   iorw,iorw
core   0: 3 0x8000ae9a (0x0ff0000f)
core   0: 0x8000ae9e (0x41530133) sub     sp, t1, s5
core   0: 3 0x8000ae9e (0x41530133) x 2 0x00000001
core   0: 0x8000aea2 (0x00008fbd) c.xor   a5, a5
core   0: 3 0x8000aea2 (0x8fbd) x15 0x00000000
core   0: 0x8000aea4 (0xf1333393) sltiu   t2, t1, -237
core   0: 3 0x8000aea4 (0xf1333393) x 7 0x00000001
core   0: 0x8000aea8 (0x0000cf89) c.beqz  a5, pc + 26
core   0: 3 0x8000aea8 (0xcf89)
core   0: 0x8000aec2 (0x039c31b3) mulhu   gp, s8, s9
core   0: 3 0x8000aec2 (0x039c31b3) x 3 0x00000000
core   0: 0x8000aec6 (0x0271ef33) rem     t5, gp, t2
core   0: 3 0x8000aec6 (0x0271ef33) x30 0x00000000
core   0: 0x8000aeca (0x00000001) c.nop
core   0: 3 0x8000aeca (0x0001)
core   0: 0x8000aecc (0x00019993) slli    s3, gp, 0
core   0: 3 0x8000aecc (0x00019993) x19 0x00000000
core   0: 0x8000aed0 (0x3fef2993) slti    s3, t5, 1022
core   0: 3 0x8000aed0 (0x3fef2993) x19 0x00000001
core   0: 0x8000aed4 (0x0000100f) fence.i
core   0: 3 0x8000aed4 (0x0000100f)
core   0: 0x8000aed8 (0x00008ee9) c.and   a3, a0
core   0: 3 0x8000aed8 (0x8ee9) x13 0x80022e20
core   0: 0x8000aeda (0x0000c20d) c.beqz  a2, pc + 34
core   0: 3 0x8000aeda (0xc20d)
core   0: 0x8000aedc (0xb4f06893) ori     a7, zero, -1201
core   0: 3 0x8000aedc (0xb4f06893) x17 0xfffffb4f
core   0: 0x8000aee0 (0x00005c7d) c.li    s8, -1
core   0: 3 0x8000aee0 (0x5c7d) x24 0xffffffff
core   0: 0x8000aee2 (0x03a20633) mul     a2, tp, s10
core   0: 3 0x8000aee2 (0x03a20633) x12 0x00000000
core   0: 0x8000aee6 (0x004e1a13) slli    s4, t3, 4
core   0: 3 0x8000aee6 (0x004e1a13) x20 0x00000760
core   0: 0x8000aeea (0x031f09b3) mul     s3, t5, a7
core   0: 3 0x8000aeea (0x031f09b3) x19 0x00000000
core   0: 0x8000aeee (0xf200c613) xori    a2, ra, -224
core   0: 3 0x8000aeee (0xf200c613) x12 0xfffffeae
core   0: 0x8000aef2 (0xecdf8f13) addi    t5, t6, -307
core   0: 3 0x8000aef2 (0xecdf8f13) x30 0xfffffecd
core   0: 0x8000aef6 (0x00008f29) c.xor   a4, a0
core   0: 3 0x8000aef6 (0x8f29) x14 0x80022ebc
core   0: 0x8000aef8 (0x4665e693) ori     a3, a1, 1126
core   0: 3 0x8000aef8 (0x4665e693) x13 0x80026ce6
core   0: 0x8000aefc (0x01278a63) beq     a5, s2, pc + 20
core   0: 3 0x8000aefc (0x01278a63)
core   0: 0x8000af10 (0x256efdb7) lui     s11, 0x256ef
core   0: 3 0x8000af10 (0x256efdb7) x27 0x256ef000
core   0: 0x8000af14 (0x01419f33) sll     t5, gp, s4
core   0: 3 0x8000af14 (0x01419f33) x30 0x00000000
core   0: 0x8000af18 (0x01abc133) xor     sp, s7, s10
core   0: 3 0x8000af18 (0x01abc133) x 2 0x7ffd531c
core   0: 0x8000af1c (0x03c04133) div     sp, zero, t3
core   0: 3 0x8000af1c (0x03c04133) x 2 0x00000000
core   0: 0x8000af20 (0x6d890117) auipc   sp, 0x6d890
core   0: 3 0x8000af20 (0x6d890117) x 2 0xed89af20
core   0: 0x8000af24 (0x00000d11) c.addi  s10, 4
core   0: 3 0x8000af24 (0x0d11) x26 0x0000c004
core   0: 0x8000af26 (0xba6e5797) auipc   a5, 0xba6e5
core   0: 3 0x8000af26 (0xba6e5797) x15 0x3a6eff26
core   0: 0x8000af2a (0x009e8e33) add     t3, t4, s1
core   0: 3 0x8000af2a (0x009e8e33) x28 0x7ffe2d21
core   0: 0x8000af2e (0x0ff0000f) fence   iorw,iorw
core   0: 3 0x8000af2e (0x0ff0000f)
core   0: 0x8000af32 (0x3ba26e93) ori     t4, tp, 954
core   0: 3 0x8000af32 (0x3ba26e93) x29 0x000003ba
core   0: 0x8000af36 (0x00008f21) c.xor   a4, s0
core   0: 3 0x8000af36 (0x8f21) x14 0x7ffdd17c
core   0: 0x8000af38 (0xc8f5fa13) andi    s4, a1, -881
core   0: 3 0x8000af38 (0xc8f5fa13) x20 0x80026c84
core   0: 0x8000af3c (0x03bfdc33) divu    s8, t6, s11
core   0: 3 0x8000af3c (0x03bfdc33) x24 0x00000000
core   0: 0x8000af40 (0x0273eb33) rem     s6, t2, t2
core   0: 3 0x8000af40 (0x0273eb33) x22 0x00000000
core   0: 0x8000af44 (0x113e6693) ori     a3, t3, 275
core   0: 3 0x8000af44 (0x113e6693) x13 0x7ffe2d33
core   0: 0x8000af48 (0x01f684b3) add     s1, a3, t6
core   0: 3 0x8000af48 (0x01f684b3) x 9 0x7ffe2d33
core   0: 0x8000af4c (0x0051a733) slt     a4, gp, t0
core   0: 3 0x8000af4c (0x0051a733) x14 0x00000001
core   0: 0x8000af50 (0x01d68463) beq     a3, t4, pc + 8
core   0: 3 0x8000af50 (0x01d68463)
core   0: 0x8000af54 (0x00980db3) add     s11, a6, s1
core   0: 3 0x8000af54 (0x00980db3) x27 0x7ffe2d9d
core   0: 0x8000af58 (0x036199b3) mulh    s3, gp, s6
core   0: 3 0x8000af58 (0x036199b3) x19 0x00000000
core   0: 0x8000af5c (0x02160833) mul     a6, a2, ra
core   0: 3 0x8000af5c (0x02160833) x16 0xfffdf284
core   0: 0x8000af60 (0xc4c98e97) auipc   t4, 0xc4c98
core   0: 3 0x8000af60 (0xc4c98e97) x29 0x44ca2f60
core   0: 0x8000af64 (0x0306a133) mulhsu  sp, a3, a6
core   0: 3 0x8000af64 (0x0306a133) x 2 0x7ffd2678
core   0: 0x8000af68 (0x0000100f) fence.i
core   0: 3 0x8000af68 (0x0000100f)
core   0: 0x8000af6c (0x243a5817) auipc   a6, 0x243a5
core   0: 3 0x8000af6c (0x243a5817) x16 0xa43aff6c
core   0: 0x8000af70 (0x02ab0e33) mul     t3, s6, a0
core   0: 3 0x8000af70 (0x02ab0e33) x28 0x00000000
core   0: 0x8000af74 (0x01cc46b3) xor     a3, s8, t3
core   0: 3 0x8000af74 (0x01cc46b3) x13 0x00000000
core   0: 0x8000af78 (0x013a73b3) and     t2, s4, s3
core   0: 3 0x8000af78 (0x013a73b3) x 7 0x00000000
core   0: 0x8000af7c (0x2c066193) ori     gp, a2, 704
core   0: 3 0x8000af7c (0x2c066193) x 3 0xfffffeee
core   0: 0x8000af80 (0x417253b3) sra     t2, tp, s7
core   0: 3 0x8000af80 (0x417253b3) x 7 0x00000000
core   0: 0x8000af84 (0x0361da63) bge     gp, s6, pc + 52
core   0: 3 0x8000af84 (0x0361da63)
core   0: 0x8000af88 (0x00000001) c.nop
core   0: 3 0x8000af88 (0x0001)
core   0: 0x8000af8a (0x0379e633) rem     a2, s3, s7
core   0: 3 0x8000af8a (0x0379e633) x12 0x00000000
core   0: 0x8000af8e (0x015c5cb3) srl     s9, s8, s5
core   0: 3 0x8000af8e (0x015c5cb3) x25 0x00000000
core   0: 0x8000af92 (0x4150da13) srai    s4, ra, 21
core   0: 3 0x8000af92 (0x4150da13) x20 0x00000000
core   0: 0x8000af96 (0x41d65133) sra     sp, a2, t4
core   0: 3 0x8000af96 (0x41d65133) x 2 0x00000000
core   0: 0x8000af9a (0x00006add) c.lui   s5, 0x17
core   0: 3 0x8000af9a (0x6add) x21 0x00017000
core   0: 0x8000af9c (0x01295863) bge     s2, s2, pc + 16
core   0: 3 0x8000af9c (0x01295863)
core   0: 0x8000afac (0x01cf6133) or      sp, t5, t3
core   0: 3 0x8000afac (0x01cf6133) x 2 0x00000000
core   0: 0x8000afb0 (0x01d5c433) xor     s0, a1, t4
core   0: 3 0x8000afb0 (0x01d5c433) x 8 0xc4c84384
core   0: 0x8000afb4 (0x010edf13) srli    t5, t4, 16
core   0: 3 0x8000afb4 (0x010edf13) x30 0x000044ca
core   0: 0x8000afb8 (0x41975633) sra     a2, a4, s9
core   0: 3 0x8000afb8 (0x41975633) x12 0x00000001
core   0: 0x8000afbc (0x407edd33) sra     s10, t4, t2
core   0: 3 0x8000afbc (0x407edd33) x26 0x44ca2f60
core   0: 0x8000afc0 (0x402003b3) sub     t2, zero, sp
core   0: 3 0x8000afc0 (0x402003b3) x 7 0x00000000
core   0: 0x8000afc4 (0x00008f99) c.sub   a5, a4
core   0: 3 0x8000afc4 (0x8f99) x15 0x3a6eff25
core   0: 0x8000afc6 (0x0112c8b3) xor     a7, t0, a7
core   0: 3 0x8000afc6 (0x0112c8b3) x17 0xfffffb67
core   0: 0x8000afca (0x00008e6d) c.and   a2, a1
core   0: 3 0x8000afca (0x8e6d) x12 0x00000000
core   0: 0x8000afcc (0x00000e17) auipc   t3, 0x0
core   0: 3 0x8000afcc (0x00000e17) x28 0x8000afcc
core   0: 0x8000afd0 (0x868e0e13) addi    t3, t3, -1944
core   0: 3 0x8000afd0 (0x868e0e13) x28 0x8000a834
core   0: 0x8000afd4 (0x00f69c93) slli    s9, a3, 15
core   0: 3 0x8000afd4 (0x00f69c93) x25 0x00000000
core   0: 0x8000afd8 (0x016ab3b3) sltu    t2, s5, s6
core   0: 3 0x8000afd8 (0x016ab3b3) x 7 0x00000000
core   0: 0x8000afdc (0x000088b9) c.andi  s1, 14
core   0: 3 0x8000afdc (0x88b9) x 9 0x00000002
core   0: 0x8000afde (0x00008c85) c.sub   s1, s1
core   0: 3 0x8000afde (0x8c85) x 9 0x00000000
core   0: 0x8000afe0 (0x014d0eb3) add     t4, s10, s4
core   0: 3 0x8000afe0 (0x014d0eb3) x29 0x44ca2f60
core   0: 0x8000afe4 (0x13be0e13) addi    t3, t3, 315
core   0: 3 0x8000afe4 (0x13be0e13) x28 0x8000a96f
core   0: 0x8000afe8 (0xbdb9f993) andi    s3, s3, -1061
core   0: 3 0x8000afe8 (0xbdb9f993) x19 0x00000000
core   0: 0x8000afec (0x02cd8f33) mul     t5, s11, a2
core   0: 3 0x8000afec (0x02cd8f33) x30 0x00000000
core   0: 0x8000aff0 (0x01539663) bne     t2, s5, pc + 12
core   0: 3 0x8000aff0 (0x01539663)
core   0: 0x8000affc (0xec6e02e7) jalr    t0, t3, -314
core   0: 3 0x8000affc (0xec6e02e7) x 5 0x8000b000
core   0: 0x8000a834 (0x01e81d63) bne     a6, t5, pc + 26
core   0: 3 0x8000a834 (0x01e81d63)
core   0: 0x8000a84e (0xfd050513) addi    a0, a0, -48
core   0: 3 0x8000a84e (0xfd050513) x10 0x80022dfc
core   0: 0x8000a852 (0x00c7dd33) srl     s10, a5, a2
core   0: 3 0x8000a852 (0x00c7dd33) x26 0x3a6eff25
core   0: 0x8000a856 (0x009c8833) add     a6, s9, s1
core   0: 3 0x8000a856 (0x009c8833) x16 0x00000000
core   0: 0x8000a85a (0x00552223) sw      t0, 4(a0)
core   0: 3 0x8000a85a (0x00552223) mem 0x80022e00 0x8000b000
core   0: 0x8000a85e (0x377d3197) auipc   gp, 0x377d3
core   0: 3 0x8000a85e (0x377d3197) x 3 0xb77dd85e
core   0: 0x8000a862 (0xea53a913) slti    s2, t2, -347
core   0: 3 0x8000a862 (0xea53a913) x18 0x00000000
core   0: 0x8000a866 (0x00003317) auipc   t1, 0x3
core   0: 3 0x8000a866 (0x00003317) x 6 0x8000d866
core   0: 0x8000a86a (0x96d30313) addi    t1, t1, -1683
core   0: 3 0x8000a86a (0x96d30313) x 6 0x8000d1d3
core   0: 0x8000a86e (0x01730623) sb      s7, 12(t1)
core   0: 3 0x8000a86e (0x01730623) mem 0x8000d1df 0x1c
core   0: 0x8000a872 (0x00e4b6b3) sltu    a3, s1, a4
core   0: 3 0x8000a872 (0x00e4b6b3) x13 0x00000001
core   0: 0x8000a876 (0x00009856) c.add   a6, s5
core   0: 3 0x8000a876 (0x9856) x16 0x00017000
core   0: 0x8000a878 (0x41565db3) sra     s11, a2, s5
core   0: 3 0x8000a878 (0x41565db3) x27 0x00000000
core   0: 0x8000a87c (0x00534b83) lbu     s7, 5(t1)
core   0: 3 0x8000a87c (0x00534b83) x23 0x00000000 mem 0x8000d1d8
core   0: 0x8000a880 (0x296aac13) slti    s8, s5, 662
core   0: 3 0x8000a880 (0x296aac13) x24 0x00000000
core   0: 0x8000a884 (0x0000100f) fence.i
core   0: 3 0x8000a884 (0x0000100f)
core   0: 0x8000a888 (0x00008f85) c.sub   a5, s1
core   0: 3 0x8000a888 (0x8f85) x15 0x3a6eff25
core   0: 0x8000a88a (0xff030b83) lb      s7, -16(t1)
core   0: 3 0x8000a88a (0xff030b83) x23 0x00000078 mem 0x8000d1c3
core   0: 0x8000a88e (0xfff30403) lb      s0, -1(t1)
core   0: 3 0x8000a88e (0xfff30403) x 8 0x00000000 mem 0x8000d1d2
core   0: 0x8000a892 (0x007314a3) sh      t2, 9(t1)
core   0: 3 0x8000a892 (0x007314a3) mem 0x8000d1dc 0x0000
core   0: 0x8000a896 (0x00234083) lbu     ra, 2(t1)
core   0: 3 0x8000a896 (0x00234083) x 1 0x0000008e mem 0x8000d1d5
core   0: 0x8000a89a (0x01d307a3) sb      t4, 15(t1)
core   0: 3 0x8000a89a (0x01d307a3) mem 0x8000d1e2 0x60
core   0: 0x8000a89e (0xff931183) lh      gp, -7(t1)
core   0: 3 0x8000a89e (0xff931183) x 3 0xffff8c87 mem 0x8000d1cc
core   0: 0x8000a8a2 (0x00008fda) c.mv    t6, s6
core   0: 3 0x8000a8a2 (0x8fda) x31 0x00000000
core   0: 0x8000a8a4 (0x01c303a3) sb      t3, 7(t1)
core   0: 3 0x8000a8a4 (0x01c303a3) mem 0x8000d1da 0x6f
core   0: 0x8000a8a8 (0xfe730fa3) sb      t2, -1(t1)
core   0: 3 0x8000a8a8 (0xfe730fa3) mem 0x8000d1d2 0x0
core   0: 0x8000a8ac (0xfe730e23) sb      t2, -4(t1)
core   0: 3 0x8000a8ac (0xfe730e23) mem 0x8000d1cf 0x0
core   0: 0x8000a8b0 (0x00430c83) lb      s9, 4(t1)
core   0: 3 0x8000a8b0 (0x00430c83) x25 0xffffff8c mem 0x8000d1d7
core   0: 0x8000a8b4 (0xffa34f83) lbu     t6, -6(t1)
core   0: 3 0x8000a8b4 (0xffa34f83) x31 0x0000008c mem 0x8000d1cd
core   0: 0x8000a8b8 (0x00830023) sb      s0, 0(t1)
core   0: 3 0x8000a8b8 (0x00830023) mem 0x8000d1d3 0x0
core   0: 0x8000a8bc (0x00a34a03) lbu     s4, 10(t1)
core   0: 3 0x8000a8bc (0x00a34a03) x20 0x00000000 mem 0x8000d1dd
core   0: 0x8000a8c0 (0x007312a3) sh      t2, 5(t1)
core   0: 3 0x8000a8c0 (0x007312a3) mem 0x8000d1d8 0x0000
core   0: 0x8000a8c4 (0xff335c03) lhu     s8, -13(t1)
core   0: 3 0x8000a8c4 (0xff335c03) x24 0x00007c7d mem 0x8000d1c6
core   0: 0x8000a8c8 (0xff930603) lb      a2, -7(t1)
core   0: 3 0x8000a8c8 (0xff930603) x12 0xffffff87 mem 0x8000d1cc
core   0: 0x8000a8cc (0xfee32ea3) sw      a4, -3(t1)
core   0: 3 0x8000a8cc (0xfee32ea3) mem 0x8000d1d0 0x00000001
core   0: 0x8000a8d0 (0x00008f7d) c.and   a4, a5
core   0: 3 0x8000a8d0 (0x8f7d) x14 0x00000001
core   0: 0x8000a8d2 (0x00008e65) c.and   a2, s1
core   0: 3 0x8000a8d2 (0x8e65) x12 0x00000000
core   0: 0x8000a8d4 (0x00434483) lbu     s1, 4(t1)
core   0: 3 0x8000a8d4 (0x00434483) x 9 0x0000008c mem 0x8000d1d7
core   0: 0x8000a8d8 (0x0ff0000f) fence   iorw,iorw
core   0: 3 0x8000a8d8 (0x0ff0000f)
core   0: 0x8000a8dc (0xffd30d23) sb      t4, -6(t1)
core   0: 3 0x8000a8dc (0xffd30d23) mem 0x8000d1cd 0x60
core   0: 0x8000a8e0 (0x00013417) auipc   s0, 0x13
core   0: 3 0x8000a8e0 (0x00013417) x 8 0x8001d8e0
core   0: 0x8000a8e4 (0x5f240413) addi    s0, s0, 1522
core   0: 3 0x8000a8e4 (0x5f240413) x 8 0x8001ded2
core   0: 0x8000a8e8 (0x00006fb9) c.lui   t6, 0xe
core   0: 3 0x8000a8e8 (0x6fb9) x31 0x0000e000
core   0: 0x8000a8ea (0x97e27613) andi    a2, tp, -1666
core   0: 3 0x8000a8ea (0x97e27613) x12 0x00000000
core   0: 0x8000a8ee (0x415e6d97) auipc   s11, 0x415e6
core   0: 3 0x8000a8ee (0x415e6d97) x27 0xc15f08ee
core   0: 0x8000a8f2 (0xff844a83) lbu     s5, -8(s0)
core   0: 3 0x8000a8f2 (0xff844a83) x21 0x00000081 mem 0x8001deca
core   0: 0x8000a8f6 (0x0ff0000f) fence   iorw,iorw
core   0: 3 0x8000a8f6 (0x0ff0000f)
core   0: 0x8000a8fa (0xff944603) lbu     a2, -7(s0)
core   0: 3 0x8000a8fa (0xff944603) x12 0x00000080 mem 0x8001decb
core   0: 0x8000a8fe (0x01473f33) sltu    t5, a4, s4
core   0: 3 0x8000a8fe (0x01473f33) x30 0x00000000
core   0: 0x8000a902 (0x00f44383) lbu     t2, 15(s0)
core   0: 3 0x8000a902 (0x00f44383) x 7 0x0000009a mem 0x8001dee1
core   0: 0x8000a906 (0x00544e83) lbu     t4, 5(s0)
core   0: 3 0x8000a906 (0x00544e83) x29 0x000000d3 mem 0x8001ded7
core   0: 0x8000a90a (0x021363b3) rem     t2, t1, ra
core   0: 3 0x8000a90a (0x021363b3) x 7 0xffffffff
core   0: 0x8000a90e (0x01040603) lb      a2, 16(s0)
core   0: 3 0x8000a90e (0x01040603) x12 0xffffff99 mem 0x8001dee2
core   0: 0x8000a912 (0x01814033) xor     zero, sp, s8
core   0: 3 0x8000a912 (0x01814033)
core   0: 0x8000a916 (0x01640523) sb      s6, 10(s0)
core   0: 3 0x8000a916 (0x01640523) mem 0x8001dedc 0x0
core   0: 0x8000a91a (0x006402a3) sb      t1, 5(s0)
core   0: 3 0x8000a91a (0x006402a3) mem 0x8001ded7 0xd3
core   0: 0x8000a91e (0xff144303) lbu     t1, -15(s0)
core   0: 3 0x8000a91e (0xff144303) x 6 0x0000007d mem 0x8001dec3
core   0: 0x8000a922 (0x00f44e03) lbu     t3, 15(s0)
core   0: 3 0x8000a922 (0x00f44e03) x28 0x0000009a mem 0x8001dee1
core   0: 0x8000a926 (0x00e3a633) slt     a2, t2, a4
core   0: 3 0x8000a926 (0x00e3a633) x12 0x00000001
core   0: 0x8000a92a (0x0000567d) c.li    a2, -1
core   0: 3 0x8000a92a (0x567d) x12 0xffffffff
core   0: 0x8000a92c (0x00840283) lb      t0, 8(s0)
core   0: 3 0x8000a92c (0x00840283) x 5 0x00000000 mem 0x8001deda
core   0: 0x8000a930 (0x41095113) srai    sp, s2, 16
core   0: 3 0x8000a930 (0x41095113) x 2 0x00000000
core   0: 0x8000a934 (0xff8408a3) sb      s8, -15(s0)
core   0: 3 0x8000a934 (0xff8408a3) mem 0x8001dec3 0x7d
core   0: 0x8000a938 (0x000043a1) c.li    t2, 8
core   0: 3 0x8000a938 (0x43a1) x 7 0x00000008
core   0: 0x8000a93a (0x01d646b3) xor     a3, a2, t4
core   0: 3 0x8000a93a (0x01d646b3) x13 0xffffff2c
core   0: 0x8000a93e (0x00008906) c.mv    s2, ra
core   0: 3 0x8000a93e (0x8906) x18 0x0000008e
core   0: 0x8000a940 (0x00342323) sw      gp, 6(s0)
core   0: 3 0x8000a940 (0x00342323) mem 0x8001ded8 0xffff8c87
core   0: 0x8000a944 (0xff841f03) lh      t5, -8(s0)
core   0: 3 0x8000a944 (0xff841f03) x30 0xffff8081 mem 0x8001deca
core   0: 0x8000a948 (0xff540d83) lb      s11, -11(s0)
core   0: 3 0x8000a948 (0xff540d83) x27 0x0000007c mem 0x8001dec7
core   0: 0x8000a94c (0x002a6c63) bltu    s4, sp, pc + 24
core   0: 3 0x8000a94c (0x002a6c63)
core   0: 0x8000a950 (0x41795db3) sra     s11, s2, s7
core   0: 3 0x8000a950 (0x41795db3) x27 0x00000000
core   0: 0x8000a954 (0x0243aa33) mulhsu  s4, t2, tp
core   0: 3 0x8000a954 (0x0243aa33) x20 0x00000000
core   0: 0x8000a958 (0x03493e33) mulhu   t3, s2, s4
core   0: 3 0x8000a958 (0x03493e33) x28 0x00000000
core   0: 0x8000a95c (0x00bad663) bge     s5, a1, pc + 12
core   0: 3 0x8000a95c (0x00bad663)
core   0: 0x8000a968 (0x00a35c63) bge     t1, a0, pc + 24
core   0: 3 0x8000a968 (0x00a35c63)
core   0: 0x8000a980 (0x02a79f33) mulh    t5, a5, a0
core   0: 3 0x8000a980 (0x02a79f33) x30 0xe2c8ffca
core   0: 0x8000a984 (0x00008769) c.srai  a4, 26
core   0: 3 0x8000a984 (0x8769) x14 0x00000000
core   0: 0x8000a986 (0x9d734013) xori    zero, t1, -1577
core   0: 3 0x8000a986 (0x9d734013)
core   0: 0x8000a98a (0x01949d13) slli    s10, s1, 25
core   0: 3 0x8000a98a (0x01949d13) x26 0x18000000
core   0: 0x8000a98e (0xbf38ac93) slti    s9, a7, -1037
core   0: 3 0x8000a98e (0xbf38ac93) x25 0x00000001
core   0: 0x8000a992 (0x03d66ab3) rem     s5, a2, t4
core   0: 3 0x8000a992 (0x03d66ab3) x21 0xffffffff
core   0: 0x8000a996 (0x01f6ffb3) and     t6, a3, t6
core   0: 3 0x8000a996 (0x01f6ffb3) x31 0x0000e000
core   0: 0x8000a99a (0x00000001) c.nop
core   0: 3 0x8000a99a (0x0001)
core   0: 0x8000a99c (0x0fba7a93) andi    s5, s4, 251
core   0: 3 0x8000a99c (0x0fba7a93) x21 0x00000000
core   0: 0x8000a9a0 (0xf925ca93) xori    s5, a1, -110
core   0: 3 0x8000a9a0 (0xf925ca93) x21 0x7ffd9376
core   0: 0x8000a9a4 (0x73cd0913) addi    s2, s10, 1852
core   0: 3 0x8000a9a4 (0x73cd0913) x18 0x1800073c
core   0: 0x8000a9a8 (0x028dfeb3) remu    t4, s11, s0
core   0: 3 0x8000a9a8 (0x028dfeb3) x29 0x00000000
core   0: 0x8000a9ac (0x5c6bf817) auipc   a6, 0x5c6bf
core   0: 3 0x8000a9ac (0x5c6bf817) x16 0xdc6c99ac
core   0: 0x8000a9b0 (0x41e45993) srai    s3, s0, 30
core   0: 3 0x8000a9b0 (0x41e45993) x19 0xfffffffe
core   0: 0x8000a9b4 (0x00000001) c.nop
core   0: 3 0x8000a9b4 (0x0001)
core   0: 0x8000a9b6 (0x033046b3) div     a3, zero, s3
core   0: 3 0x8000a9b6 (0x033046b3) x13 0x00000000
core   0: 0x8000a9ba (0x011421b3) slt     gp, s0, a7
core   0: 3 0x8000a9ba (0x011421b3) x 3 0x00000001
core   0: 0x8000a9be (0x09c90e13) addi    t3, s2, 156
core   0: 3 0x8000a9be (0x09c90e13) x28 0x180007d8
core   0: 0x8000a9c2 (0x0000ca9d) c.beqz  a3, pc + 54
core   0: 3 0x8000a9c2 (0xca9d)
core   0: 0x8000a9f8 (0x00006141) c.addi16sp sp, 16
core   0: 3 0x8000a9f8 (0x6141) x 2 0x00000010
core   0: 0x8000a9fa (0x404d81b3) sub     gp, s11, tp
core   0: 3 0x8000a9fa (0x404d81b3) x 3 0x00000000
core   0: 0x8000a9fe (0x00006811) c.lui   a6, 0x4
core   0: 3 0x8000a9fe (0x6811) x16 0x00004000
core   0: 0x8000aa00 (0x089c2813) slti    a6, s8, 137
core   0: 3 0x8000aa00 (0x089c2813) x16 0x00000000
core   0: 0x8000aa04 (0x02720733) mul     a4, tp, t2
core   0: 3 0x8000aa04 (0x02720733) x14 0x00000000
core   0: 0x8000aa08 (0x0036e7b3) or      a5, a3, gp
core   0: 3 0x8000aa08 (0x0036e7b3) x15 0x00000000
core   0: 0x8000aa0c (0x00008ccd) c.or    s1, a1
core   0: 3 0x8000aa0c (0x8ccd) x 9 0x80026cec
core   0: 0x8000aa0e (0x00008e01) c.sub   a2, s0
core   0: 3 0x8000aa0e (0x8e01) x12 0x7ffe212d
core   0: 0x8000aa10 (0x00006ba1) c.lui   s7, 0x8
core   0: 3 0x8000aa10 (0x6ba1) x23 0x00008000
core   0: 0x8000aa12 (0x0022dc33) srl     s8, t0, sp
core   0: 3 0x8000aa12 (0x0022dc33) x24 0x00000000
core   0: 0x8000aa16 (0x00ca4fb3) xor     t6, s4, a2
core   0: 3 0x8000aa16 (0x00ca4fb3) x31 0x7ffe212d
core   0: 0x8000aa1a (0x03059c63) bne     a1, a6, pc + 56
core   0: 3 0x8000aa1a (0x03059c63)
core   0: 0x8000aa52 (0x41d7df93) srai    t6, a5, 29
core   0: 3 0x8000aa52 (0x41d7df93) x31 0x00000000
core   0: 0x8000aa56 (0x00051f33) sll     t5, a0, zero
core   0: 3 0x8000aa56 (0x00051f33) x30 0x80022dfc
core   0: 0x8000aa5a (0x00e55793) srli    a5, a0, 14
core   0: 3 0x8000aa5a (0x00e55793) x15 0x00020008
core   0: 0x8000aa5e (0x0000e389) c.bnez  a5, pc + 2
core   0: 3 0x8000aa5e (0xe389)
core   0: 0x8000aa60 (0x00004671) c.li    a2, 28
core   0: 3 0x8000aa60 (0x4671) x12 0x0000001c
core   0: 0x8000aa62 (0x03af2db3) mulhsu  s11, t5, s10
core   0: 3 0x8000aa62 (0x03af2db3) x27 0xf400344f
core   0: 0x8000aa66 (0x0000717d) c.addi16sp sp, -16
core   0: 3 0x8000aa66 (0x717d) x 2 0x00000000
core   0: 0x8000aa68 (0x01481d33) sll     s10, a6, s4
core   0: 3 0x8000aa68 (0x01481d33) x26 0x00000000
core   0: 0x8000aa6c (0x0000614d) c.addi16sp sp, 176
core   0: 3 0x8000aa6c (0x614d) x 2 0x000000b0
core   0: 0x8000aa6e (0x00008771) c.srai  a4, 28
core   0: 3 0x8000aa6e (0x8771) x14 0x00000000
core   0: 0x8000aa70 (0xc528fd93) andi    s11, a7, -942
core   0: 3 0x8000aa70 (0xc528fd93) x27 0xfffff842
core   0: 0x8000aa74 (0x0000891e) c.mv    s2, t2
core   0: 3 0x8000aa74 (0x891e) x18 0x00000008
core   0: 0x8000aa76 (0x410ed013) srai    zero, t4, 16
core   0: 3 0x8000aa76 (0x410ed013)
core   0: 0x8000aa7a (0x3f937a93) andi    s5, t1, 1017
core   0: 3 0x8000aa7a (0x3f937a93) x21 0x00000079
core   0: 0x8000aa7e (0x41ff5393) srai    t2, t5, 31
core   0: 3 0x8000aa7e (0x41ff5393) x 7 0xffffffff
core   0: 0x8000aa82 (0x00000001) c.nop
core   0: 3 0x8000aa82 (0x0001)
core   0: 0x8000aa84 (0x18512913) slti    s2, sp, 389
core   0: 3 0x8000aa84 (0x18512913) x18 0x00000001
core   0: 0x8000aa88 (0x03f81eb3) mulh    t4, a6, t6
core   0: 3 0x8000aa88 (0x03f81eb3) x29 0x00000000
core   0: 0x8000aa8c (0x40025833) sra     a6, tp, zero
core   0: 3 0x8000aa8c (0x40025833) x16 0x00000000
core   0: 0x8000aa90 (0x02dbc1b3) div     gp, s7, a3
core   0: 3 0x8000aa90 (0x02dbc1b3) x 3 0xffffffff
core   0: 0x8000aa94 (0x290dbc17) auipc   s8, 0x290db
core   0: 3 0x8000aa94 (0x290dbc17) x24 0xa90e5a94
core   0: 0x8000aa98 (0x00008bbe) c.mv    s7, a5
core   0: 3 0x8000aa98 (0x8bbe) x23 0x00020008
core   0: 0x8000aa9a (0x00234eb3) xor     t4, t1, sp
core   0: 3 0x8000aa9a (0x00234eb3) x29 0x000000cd
core   0: 0x8000aa9e (0x00008ead) c.xor   a3, a1
core   0: 3 0x8000aa9e (0x8ead) x13 0x80026ce4
core   0: 0x8000aaa0 (0x01726e63) bltu    tp, s7, pc + 28
core   0: 3 0x8000aaa0 (0x01726e63)
core   0: 0x8000aabc (0x00000001) c.nop
core   0: 3 0x8000aabc (0x0001)
core   0: 0x8000aabe (0x00001a04) c.addi4spn s1, sp, 304
core   0: 3 0x8000aabe (0x1a04) x 9 0x000001e0
core   0: 0x8000aac0 (0x00009b1e) c.add   s6, t2
core   0: 3 0x8000aac0 (0x9b1e) x22 0xffffffff
core   0: 0x8000aac2 (0x03c7d6b3) divu    a3, a5, t3
core   0: 3 0x8000aac2 (0x03c7d6b3) x13 0x00000000
core   0: 0x8000aac6 (0x0ff0000f) fence   iorw,iorw
core   0: 3 0x8000aac6 (0x0ff0000f)
core   0: 0x8000aaca (0x12dd0993) addi    s3, s10, 301
core   0: 3 0x8000aaca (0x12dd0993) x19 0x0000012d
core   0: 0x8000aace (0x000067e9) c.lui   a5, 0x1a
core   0: 3 0x8000aace (0x67e9) x15 0x0001a000
core   0: 0x8000aad0 (0x00008cc5) c.or    s1, s1
core   0: 3 0x8000aad0 (0x8cc5) x 9 0x000001e0
core   0: 0x8000aad2 (0x00008f8d) c.sub   a5, a1
core   0: 3 0x8000aad2 (0x8f8d) x15 0x7fff331c
core   0: 0x8000aad4 (0x00001884) c.addi4spn s1, sp, 112
core   0: 3 0x8000aad4 (0x1884) x 9 0x00000120
core   0: 0x8000aad6 (0x013d4c63) blt     s10, s3, pc + 24
core   0: 3 0x8000aad6 (0x013d4c63)
core   0: 0x8000aaee (0x012b6263) bltu    s6, s2, pc + 4
core   0: 3 0x8000aaee (0x012b6263)
core   0: 0x8000aaf2 (0x00008f79) c.and   a4, a4
core   0: 3 0x8000aaf2 (0x8f79) x14 0x00000000
core   0: 0x8000aaf4 (0x00008c3d) c.xor   s0, a5
core   0: 3 0x8000aaf4 (0x8c3d) x 8 0xfffeedce
core   0: 0x8000aaf6 (0xd8633893) sltiu   a7, t1, -634
core   0: 3 0x8000aaf6 (0xd8633893) x17 0x00000001
core   0: 0x8000aafa (0xabd96893) ori     a7, s2, -1347
core   0: 3 0x8000aafa (0xabd96893) x17 0xfffffabd
core   0: 0x8000aafe (0x78d8ce37) lui     t3, 0x78d8c
core   0: 3 0x8000aafe (0x78d8ce37) x28 0x78d8c000
core   0: 0x8000ab02 (0xa8622493) slti    s1, tp, -1402
core   0: 3 0x8000ab02 (0xa8622493) x 9 0x00000000
core   0: 0x8000ab06 (0x00009a7a) c.add   s4, t5
core   0: 3 0x8000ab06 (0x9a7a) x20 0x80022dfc
core   0: 0x8000ab08 (0x01083b33) sltu    s6, a6, a6
core   0: 3 0x8000ab08 (0x01083b33) x22 0x00000000
core   0: 0x8000ab0c (0x02741c63) bne     s0, t2, pc + 56
core   0: 3 0x8000ab0c (0x02741c63)
core   0: 0x8000ab44 (0x02851d33) mulh    s10, a0, s0
core   0: 3 0x8000ab44 (0x02851d33) x26 0x00008916
core   0: 0x8000ab48 (0x0000eb9d) c.bnez  a5, pc + 54
core   0: 3 0x8000ab48 (0xeb9d)
core   0: 0x8000ab7e (0x41030a13) addi    s4, t1, 1040
core   0: 3 0x8000ab7e (0x41030a13) x20 0x0000048d
core   0: 0x8000ab82 (0x0ff0000f) fence   iorw,iorw
core   0: 3 0x8000ab82 (0x0ff0000f)
core   0: 0x8000ab86 (0x02e80363) beq     a6, a4, pc + 38
core   0: 3 0x8000ab86 (0x02e80363)
core   0: 0x8000abac (0x00e7dc33) srl     s8, a5, a4
core   0: 3 0x8000abac (0x00e7dc33) x24 0x7fff331c
core   0: 0x8000abb0 (0x000096a6) c.add   a3, s1
core   0: 3 0x8000abb0 (0x96a6) x13 0x00000000
core   0: 0x8000abb2 (0x0000c021) c.beqz  s0, pc + 64
core   0: 3 0x8000abb2 (0xc021)
core   0: 0x8000abb4 (0x3e606f93) ori     t6, zero, 998
core   0: 3 0x8000abb4 (0x3e606f93) x31 0x000003e6
core   0: 0x8000abb8 (0x0000e609) c.bnez  a2, pc + 10
core   0: 3 0x8000abb8 (0xe609)
core   0: 0x8000abc2 (0x03ac9b33) mulh    s6, s9, s10
core   0: 3 0x8000abc2 (0x03ac9b33) x22 0x00000000
core   0: 0x8000abc6 (0x007368b3) or      a7, t1, t2
core   0: 3 0x8000abc6 (0x007368b3) x17 0xffffffff
core   0: 0x8000abca (0x00008e35) c.xor   a2, a3
core   0: 3 0x8000abca (0x8e35) x12 0x0000001c
core   0: 0x8000abcc (0x03250bb3) mul     s7, a0, s2
core   0: 3 0x8000abcc (0x03250bb3) x23 0x80022dfc
core   0: 0x8000abd0 (0x0000100f) fence.i
core   0: 3 0x8000abd0 (0x0000100f)
core   0: 0x8000abd4 (0x03778733) mul     a4, a5, s7
core   0: 3 0x8000abd4 (0x03778733) x14 0x416a3b90
core   0: 0x8000abd8 (0x01be9bb3) sll     s7, t4, s11
core   0: 3 0x8000abd8 (0x01be9bb3) x23 0x00000334
core   0: 0x8000abdc (0x3e5eccb7) lui     s9, 0x3e5ec
core   0: 3 0x8000abdc (0x3e5eccb7) x25 0x3e5ec000
core   0: 0x8000abe0 (0x7391b893) sltiu   a7, gp, 1849
core   0: 3 0x8000abe0 (0x7391b893) x17 0x00000000
core   0: 0x8000abe4 (0x0d261497) auipc   s1, 0xd261
core   0: 3 0x8000abe4 (0x0d261497) x 9 0x8d26bbe4
core   0: 0x8000abe8 (0xf7b366b7) lui     a3, 0xf7b36
core   0: 3 0x8000abe8 (0xf7b366b7) x13 0xf7b36000
core   0: 0x8000abec (0x000012fd) c.addi  t0, -1
core   0: 3 0x8000abec (0x12fd) x 5 0xffffffff
core   0: 0x8000abee (0x03a73933) mulhu   s2, a4, s10
core   0: 3 0x8000abee (0x03a73933) x18 0x00002307
core   0: 0x8000abf2 (0x001be333) or      t1, s7, ra
core   0: 3 0x8000abf2 (0x001be333) x 6 0x000003be
core   0: 0x8000abf6 (0x00000719) c.addi  a4, 6
core   0: 3 0x8000abf6 (0x0719) x14 0x416a3b96
core   0: 0x8000abf8 (0x0000717d) c.addi16sp sp, -16
core   0: 3 0x8000abf8 (0x717d) x 2 0x000000a0
core   0: 0x8000abfa (0x409458b3) sra     a7, s0, s1
core   0: 3 0x8000abfa (0x409458b3) x17 0xffffeedc
core   0: 0x8000abfe (0x002ade33) srl     t3, s5, sp
core   0: 3 0x8000abfe (0x002ade33) x28 0x00000079
core   0: 0x8000ac02 (0x00008efd) c.and   a3, a5
core   0: 3 0x8000ac02 (0x8efd) x13 0x77b32000
core   0: 0x8000ac04 (0xf32e8793) addi    a5, t4, -206
core   0: 3 0x8000ac04 (0xf32e8793) x15 0xffffffff
core   0: 0x8000ac08 (0x1a302d93) slti    s11, zero, 419
core   0: 3 0x8000ac08 (0x1a302d93) x27 0x00000001
core   0: 0x8000ac0c (0x00000ef9) c.addi  t4, 30
core   0: 3 0x8000ac0c (0x0ef9) x29 0x000000eb
core   0: 0x8000ac0e (0x00000c0d) c.addi  s8, 3
core   0: 3 0x8000ac0e (0x0c0d) x24 0x7fff331f
core   0: 0x8000ac10 (0x85376f13) ori     t5, a4, -1965
core   0: 3 0x8000ac10 (0x85376f13) x30 0xfffffbd7
core   0: 0x8000ac14 (0x5cc57f93) andi    t6, a0, 1484
core   0: 3 0x8000ac14 (0x5cc57f93) x31 0x000005cc
core   0: 0x8000ac18 (0x010bb6b3) sltu    a3, s7, a6
core   0: 3 0x8000ac18 (0x010bb6b3) x13 0x00000000
core   0: 0x8000ac1c (0x40e98b33) sub     s6, s3, a4
core   0: 3 0x8000ac1c (0x40e98b33) x22 0xbe95c597
core   0: 0x8000ac20 (0x0000100f) fence.i
core   0: 3 0x8000ac20 (0x0000100f)
core   0: 0x8000ac24 (0x00008cba) c.mv    s9, a4
core   0: 3 0x8000ac24 (0x8cba) x25 0x416a3b96
core   0: 0x8000ac26 (0x00c3e8b3) or      a7, t2, a2
core   0: 3 0x8000ac26 (0x00c3e8b3) x17 0xffffffff
core   0: 0x8000ac2a (0x0ff0000f) fence   iorw,iorw
core   0: 3 0x8000ac2a (0x0ff0000f)
core   0: 0x8000ac2e (0x05072813) slti    a6, a4, 80
core   0: 3 0x8000ac2e (0x05072813) x16 0x00000000
core   0: 0x8000ac32 (0xe6eb02b7) lui     t0, 0xe6eb0
core   0: 3 0x8000ac32 (0xe6eb02b7) x 5 0xe6eb0000
core   0: 0x8000ac36 (0x3ded2a13) slti    s4, s10, 990
core   0: 3 0x8000ac36 (0x3ded2a13) x20 0x00000000
core   0: 0x8000ac3a (0x0004cb33) xor     s6, s1, zero
core   0: 3 0x8000ac3a (0x0004cb33) x22 0x8d26bbe4
core   0: 0x8000ac3e (0x00008606) c.mv    a2, ra
core   0: 3 0x8000ac3e (0x8606) x12 0x0000008e
core   0: 0x8000ac40 (0x0000100f) fence.i
core   0: 3 0x8000ac40 (0x0000100f)
core   0: 0x8000ac44 (0x030d91b3) mulh    gp, s11, a6
core   0: 3 0x8000ac44 (0x030d91b3) x 3 0x00000000
core   0: 0x8000ac48 (0x41e18ab3) sub     s5, gp, t5
core   0: 3 0x8000ac48 (0x41e18ab3) x21 0x00000429
core   0: 0x8000ac4c (0x00000098) c.addi4spn a4, sp, 64
core   0: 3 0x8000ac4c (0x0098) x14 0x000000e0
core   0: 0x8000ac4e (0x00008c19) c.sub   s0, a4
core   0: 3 0x8000ac4e (0x8c19) x 8 0xfffeecee
core   0: 0x8000ac50 (0x03bca1b3) mulhsu  gp, s9, s11
core   0: 3 0x8000ac50 (0x03bca1b3) x 3 0x00000000
core   0: 0x8000ac54 (0x02c87cb3) remu    s9, a6, a2
core   0: 3 0x8000ac54 (0x02c87cb3) x25 0x00000000
core   0: 0x8000ac58 (0x3797f293) andi    t0, a5, 889
core   0: 3 0x8000ac58 (0x3797f293) x 5 0x00000379
core   0: 0x8000ac5c (0xbf6ef617) auipc   a2, 0xbf6ef
core   0: 3 0x8000ac5c (0xbf6ef617) x12 0x3f6f9c5c
core   0: 0x8000ac60 (0x00e6c0b3) xor     ra, a3, a4
core   0: 3 0x8000ac60 (0x00e6c0b3) x 1 0x000000e0
core   0: 0x8000ac64 (0xaa59e313) ori     t1, s3, -1371
core   0: 3 0x8000ac64 (0xaa59e313) x 6 0xfffffbad
core   0: 0x8000ac68 (0x00fd9d13) slli    s10, s11, 15
core   0: 3 0x8000ac68 (0x00fd9d13) x26 0x00008000
core   0: 0x8000ac6c (0x00000304) c.addi4spn s1, sp, 384
core   0: 3 0x8000ac6c (0x0304) x 9 0x00000220
core   0: 0x8000ac6e (0x40675113) srai    sp, a4, 6
core   0: 3 0x8000ac6e (0x40675113) x 2 0x00000003
core   0: 0x8000ac72 (0xced57093) andi    ra, a0, -787
core   0: 3 0x8000ac72 (0xced57093) x 1 0x80022cec
core   0: 0x8000ac76 (0x0000717d) c.addi16sp sp, -16
core   0: 3 0x8000ac76 (0x717d) x 2 0xfffffff3
core   0: 0x8000ac78 (0x03eda4b3) mulhsu  s1, s11, t5
core   0: 3 0x8000ac78 (0x03eda4b3) x 9 0x00000000
core   0: 0x8000ac7c (0x031a7763) bgeu    s4, a7, pc + 46
core   0: 3 0x8000ac7c (0x031a7763)
core   0: 0x8000ac80 (0x00008f19) c.sub   a4, a4
core   0: 3 0x8000ac80 (0x8f19) x14 0x00000000
core   0: 0x8000ac82 (0x0201f0b3) remu    ra, gp, zero
core   0: 3 0x8000ac82 (0x0201f0b3) x 1 0x00000000
core   0: 0x8000ac86 (0x01c8d033) srl     zero, a7, t3
core   0: 3 0x8000ac86 (0x01c8d033)
core   0: 0x8000ac8a (0x037a1db3) mulh    s11, s4, s7
core   0: 3 0x8000ac8a (0x037a1db3) x27 0x00000000
core   0: 0x8000ac8e (0x0125d633) srl     a2, a1, s2
core   0: 3 0x8000ac8e (0x0125d633) x12 0x010004d9
core   0: 0x8000ac92 (0x012e9d93) slli    s11, t4, 18
core   0: 3 0x8000ac92 (0x012e9d93) x27 0x03ac0000
core   0: 0x8000ac96 (0x00e9e313) ori     t1, s3, 14
core   0: 3 0x8000ac96 (0x00e9e313) x 6 0x0000012f
core   0: 0x8000ac9a (0x05600713) li      a4, 86
core   0: 3 0x8000ac9a (0x05600713) x14 0x00000056
core   0: 0x8000ac9e (0xca37ca13) xori    s4, a5, -861
core   0: 3 0x8000ac9e (0xca37ca13) x20 0x0000035c
core   0: 0x8000aca2 (0x01461db3) sll     s11, a2, s4
core   0: 3 0x8000aca2 (0x01461db3) x27 0x90000000
core   0: 0x8000aca6 (0x01f25263) bge     tp, t6, pc + 4
core   0: 3 0x8000aca6 (0x01f25263)
core   0: 0x8000acaa (0x01924433) xor     s0, tp, s9
core   0: 3 0x8000acaa (0x01924433) x 8 0x00000000
core   0: 0x8000acae (0x00000001) c.nop
core   0: 3 0x8000acae (0x0001)
core   0: 0x8000acb0 (0x00c37bb3) and     s7, t1, a2
core   0: 3 0x8000acb0 (0x00c37bb3) x23 0x00000009
core   0: 0x8000acb4 (0x00000d0e) c.slli  s10, 3
core   0: 3 0x8000acb4 (0x0d0e) x26 0x00040000
core   0: 0x8000acb6 (0x00452283) lw      t0, 4(a0)
core   0: 3 0x8000acb6 (0x00452283) x 5 0x8000b000 mem 0x80022e00
core   0: 0x8000acba (0x00009a1e) c.add   s4, t2
core   0: 3 0x8000acba (0x9a1e) x20 0x0000035b
core   0: 0x8000acbc (0x03050513) addi    a0, a0, 48
core   0: 3 0x8000acbc (0x03050513) x10 0x80022e2c
core   0: 0x8000acc0 (0x00008f65) c.and   a4, s1
core   0: 3 0x8000acc0 (0x8f65) x14 0x00000000
core   0: 0x8000acc2 (0x03a31033) mulh    zero, t1, s10
core   0: 3 0x8000acc2 (0x03a31033)
core   0: 0x8000acc6 (0x0000913e) c.add   sp, a5
core   0: 3 0x8000acc6 (0x913e) x 2 0xfffffff2
core   0: 0x8000acc8 (0xf789f3b7) lui     t2, 0xf789f
core   0: 3 0x8000acc8 (0xf789f3b7) x 7 0xf789f000
core   0: 0x8000accc (0x02c4c033) div     zero, s1, a2
core   0: 3 0x8000accc (0x02c4c033)
core   0: 0x8000acd0 (0x00008ec9) c.or    a3, a0
core   0: 3 0x8000acd0 (0x8ec9) x13 0x80022e2c
core   0: 0x8000acd2 (0x00128d13) addi    s10, t0, 1
core   0: 3 0x8000acd2 (0x00128d13) x26 0x8000b001
core   0: 0x8000acd6 (0x00008d02) c.jr    s10
core   0: 3 0x8000acd6 (0x8d02)
core   0: 0x8000b000 (0x00822e33) slt     t3, tp, s0
core   0: 3 0x8000b000 (0x00822e33) x28 0x00000000
core   0: 0x8000b004 (0x19098293) addi    t0, s3, 400
core   0: 3 0x8000b004 (0x19098293) x 5 0x000002bd
core   0: 0x8000b008 (0x0ff0000f) fence   iorw,iorw
core   0: 3 0x8000b008 (0x0ff0000f)
core   0: 0x8000b00c (0xf60d6993) ori     s3, s10, -160
core   0: 3 0x8000b00c (0xf60d6993) x19 0xffffff61
core   0: 0x8000b010 (0x0000ec95) c.bnez  s1, pc + 60
core   0: 3 0x8000b010 (0xec95)
core   0: 0x8000b012 (0x0000cc85) c.beqz  s1, pc + 56
core   0: 3 0x8000b012 (0xcc85)
core   0: 0x8000b04a (0x0000567d) c.li    a2, -1
core   0: 3 0x8000b04a (0x567d) x12 0xffffffff
core   0: 0x8000b04c (0x40d0bd13) sltiu   s10, ra, 1037
core   0: 3 0x8000b04c (0x40d0bd13) x26 0x00000001
core   0: 0x8000b050 (0x9350e713) ori     a4, ra, -1739
core   0: 3 0x8000b050 (0x9350e713) x14 0xfffff935
core   0: 0x8000b054 (0x0000e329) c.bnez  a4, pc + 66
core   0: 3 0x8000b054 (0xe329)
core   0: 0x8000b096 (0x00008fa1) c.xor   a5, s0
core   0: 3 0x8000b096 (0x8fa1) x15 0xffffffff
core   0: 0x8000b098 (0x0133a6b3) slt     a3, t2, s3
core   0: 3 0x8000b098 (0x0133a6b3) x13 0x00000001
core   0: 0x8000b09c (0x00b11a63) bne     sp, a1, pc + 20
core   0: 3 0x8000b09c (0x00b11a63)
core   0: 0x8000b0b0 (0x000003b9) c.addi  t2, 14
core   0: 3 0x8000b0b0 (0x03b9) x 7 0xf789f00e
core   0: 0x8000b0b2 (0x00009e92) c.add   t4, tp
core   0: 3 0x8000b0b2 (0x9e92) x29 0x000000eb
core   0: 0x8000b0b4 (0x02860e63) beq     a2, s0, pc + 60
core   0: 3 0x8000b0b4 (0x02860e63)
core   0: 0x8000b0b8 (0x000083dd) c.srli  a5, 23
core   0: 3 0x8000b0b8 (0x83dd) x15 0x000001ff
core   0: 0x8000b0ba (0x003fe463) bltu    t6, gp, pc + 8
core   0: 3 0x8000b0ba (0x003fe463)
core   0: 0x8000b0be (0x741ebd13) sltiu   s10, t4, 1857
core   0: 3 0x8000b0be (0x741ebd13) x26 0x00000001
core   0: 0x8000b0c2 (0x41fdd8b3) sra     a7, s11, t6
core   0: 3 0x8000b0c2 (0x41fdd8b3) x17 0xfff90000
core   0: 0x8000b0c6 (0x4d9dc793) xori    a5, s11, 1241
core   0: 3 0x8000b0c6 (0x4d9dc793) x15 0x900004d9
core   0: 0x8000b0ca (0x000087b5) c.srai  a5, 13
core   0: 3 0x8000b0ca (0x87b5) x15 0xfffc8000
core   0: 0x8000b0cc (0x000088ad) c.andi  s1, 11
core   0: 3 0x8000b0cc (0x88ad) x 9 0x00000000
core   0: 0x8000b0ce (0x00004db1) c.li    s11, 12
core   0: 3 0x8000b0ce (0x4db1) x27 0x0000000c
core   0: 0x8000b0d0 (0x00009fd2) c.add   t6, s4
core   0: 3 0x8000b0d0 (0x9fd2) x31 0x00000927
core   0: 0x8000b0d2 (0xd9dc0693) addi    a3, s8, -611
core   0: 3 0x8000b0d2 (0xd9dc0693) x13 0x7fff30bc
core   0: 0x8000b0d6 (0x019e30b3) sltu    ra, t3, s9
core   0: 3 0x8000b0d6 (0x019e30b3) x 1 0x00000000
core   0: 0x8000b0da (0x00008fb1) c.xor   a5, a2
core   0: 3 0x8000b0da (0x8fb1) x15 0x00037fff
core   0: 0x8000b0dc (0x0000187d) c.addi  a6, -1
core   0: 3 0x8000b0dc (0x187d) x16 0xffffffff
core   0: 0x8000b0de (0x481c2493) slti    s1, s8, 1153
core   0: 3 0x8000b0de (0x481c2493) x 9 0x00000000
core   0: 0x8000b0e2 (0x419ed293) srai    t0, t4, 25
core   0: 3 0x8000b0e2 (0x419ed293) x 5 0x00000000
core   0: 0x8000b0e6 (0x2898eab7) lui     s5, 0x2898e
core   0: 3 0x8000b0e6 (0x2898eab7) x21 0x2898e000
core   0: 0x8000b0ea (0x0000c3a1) c.beqz  a5, pc + 64
core   0: 3 0x8000b0ea (0xc3a1)
core   0: 0x8000b0ec (0x1e030f93) addi    t6, t1, 480
core   0: 3 0x8000b0ec (0x1e030f93) x31 0x0000030f
core   0: 0x8000b0f0 (0x00008c55) c.or    s0, a3
core   0: 3 0x8000b0f0 (0x8c55) x 8 0x7fff30bc
core   0: 0x8000b0f2 (0x32a4c093) xori    ra, s1, 810
core   0: 3 0x8000b0f2 (0x32a4c093) x 1 0x0000032a
core   0: 0x8000b0f6 (0x00000001) c.nop
core   0: 3 0x8000b0f6 (0x0001)
core   0: 0x8000b0f8 (0x01759293) slli    t0, a1, 23
core   0: 3 0x8000b0f8 (0x01759293) x 5 0x72000000
core   0: 0x8000b0fc (0x00000001) c.nop
core   0: 3 0x8000b0fc (0x0001)
core   0: 0x8000b0fe (0x0043a433) slt     s0, t2, tp
core   0: 3 0x8000b0fe (0x0043a433) x 8 0x00000001
core   0: 0x8000b102 (0x022e40b3) div     ra, t3, sp
core   0: 3 0x8000b102 (0x022e40b3) x 1 0x00000000
core   0: 0x8000b106 (0x0000717d) c.addi16sp sp, -16
core   0: 3 0x8000b106 (0x717d) x 2 0xffffffe2
core   0: 0x8000b108 (0x0218cd63) blt     a7, ra, pc + 58
core   0: 3 0x8000b108 (0x0218cd63)
core   0: 0x8000b142 (0xb2600c93) li      s9, -1242
core   0: 3 0x8000b142 (0xb2600c93) x25 0xfffffb26
core   0: 0x8000b146 (0x00385c63) bge     a6, gp, pc + 24
core   0: 3 0x8000b146 (0x00385c63)
core   0: 0x8000b14a (0x00000c95) c.addi  s9, 5
core   0: 3 0x8000b14a (0x0c95) x25 0xfffffb2b
core   0: 0x8000b14c (0x000002b9) c.addi  t0, 14
core   0: 3 0x8000b14c (0x02b9) x 5 0x7200000e
core   0: 0x8000b14e (0x41205d93) srai    s11, zero, 18
core   0: 3 0x8000b14e (0x41205d93) x27 0x00000000
core   0: 0x8000b152 (0x33ce8913) addi    s2, t4, 828
core   0: 3 0x8000b152 (0x33ce8913) x18 0x00000427
core   0: 0x8000b156 (0x530bb293) sltiu   t0, s7, 1328
core   0: 3 0x8000b156 (0x530bb293) x 5 0x00000001
core   0: 0x8000b15a (0x0000974a) c.add   a4, s2
core   0: 3 0x8000b15a (0x974a) x14 0xfffffd5c
core   0: 0x8000b15c (0x00008ce5) c.and   s1, s1
core   0: 3 0x8000b15c (0x8ce5) x 9 0x00000000
core   0: 0x8000b15e (0x02603433) mulhu   s0, zero, t1
core   0: 3 0x8000b15e (0x02603433) x 8 0x00000000
core   0: 0x8000b162 (0x00b25f13) srli    t5, tp, 11
core   0: 3 0x8000b162 (0x00b25f13) x30 0x00000000
core   0: 0x8000b166 (0x0000880a) c.mv    a6, sp
core   0: 3 0x8000b166 (0x880a) x16 0xffffffe2
core   0: 0x8000b168 (0x007fa633) slt     a2, t6, t2
core   0: 3 0x8000b168 (0x007fa633) x12 0x00000000
core   0: 0x8000b16c (0x40185293) srai    t0, a6, 1
core   0: 3 0x8000b16c (0x40185293) x 5 0xfffffff1
core   0: 0x8000b170 (0x017508b3) add     a7, a0, s7
core   0: 3 0x8000b170 (0x017508b3) x17 0x80022e35
core   0: 0x8000b174 (0x00000001) c.nop
core   0: 3 0x8000b174 (0x0001)
core   0: 0x8000b176 (0x00008bfe) c.mv    s7, t6
core   0: 3 0x8000b176 (0x8bfe) x23 0x0000030f
core   0: 0x8000b178 (0x00009a8a) c.add   s5, sp
core   0: 3 0x8000b178 (0x9a8a) x21 0x2898dfe2
core   0: 0x8000b17a (0x00006d35) c.lui   s10, 0xd
core   0: 3 0x8000b17a (0x6d35) x26 0x0000d000
core   0: 0x8000b17c (0xf8c22793) slti    a5, tp, -116
core   0: 3 0x8000b17c (0xf8c22793) x15 0x00000000
core   0: 0x8000b180 (0x0394a133) mulhsu  sp, s1, s9
core   0: 3 0x8000b180 (0x0394a133) x 2 0x00000000
core   0: 0x8000b184 (0x011034b3) snez    s1, a7
core   0: 3 0x8000b184 (0x011034b3) x 9 0x00000001
core   0: 0x8000b188 (0xfce97d13) andi    s10, s2, -50
core   0: 3 0x8000b188 (0xfce97d13) x26 0x00000406
core   0: 0x8000b18c (0x018a0eb3) add     t4, s4, s8
core   0: 3 0x8000b18c (0x018a0eb3) x29 0x7fff367a
core   0: 0x8000b190 (0x4125ff17) auipc   t5, 0x4125f
core   0: 3 0x8000b190 (0x4125ff17) x30 0xc126a190
core   0: 0x8000b194 (0x02346763) bltu    s0, gp, pc + 46
core   0: 3 0x8000b194 (0x02346763)
core   0: 0x8000b198 (0x013d0f63) beq     s10, s3, pc + 30
core   0: 3 0x8000b198 (0x013d0f63)
core   0: 0x8000b19c (0x01104cb3) xor     s9, zero, a7
core   0: 3 0x8000b19c (0x01104cb3) x25 0x80022e35
core   0: 0x8000b1a0 (0x00008c91) c.sub   s1, a2
core   0: 3 0x8000b1a0 (0x8c91) x 9 0x00000001
core   0: 0x8000b1a2 (0x02817ab3) remu    s5, sp, s0
core   0: 3 0x8000b1a2 (0x02817ab3) x21 0x00000000
core   0: 0x8000b1a6 (0x00790fb3) add     t6, s2, t2
core   0: 3 0x8000b1a6 (0x00790fb3) x31 0xf789f435
core   0: 0x8000b1aa (0x00008ef1) c.and   a3, a2
core   0: 3 0x8000b1aa (0x8ef1) x13 0x00000000
core   0: 0x8000b1ac (0x00008876) c.mv    a6, t4
core   0: 3 0x8000b1ac (0x8876) x16 0x7fff367a
core   0: 0x8000b1ae (0x000097d6) c.add   a5, s5
core   0: 3 0x8000b1ae (0x97d6) x15 0x00000000
core   0: 0x8000b1b0 (0x0185ebb3) or      s7, a1, s8
core   0: 3 0x8000b1b0 (0x0185ebb3) x23 0xffff7fff
core   0: 0x8000b1b4 (0x00000b6e) c.slli  s6, 27
core   0: 3 0x8000b1b4 (0x0b6e) x22 0x20000000
core   0: 0x8000b1b6 (0x0ff0000f) fence   iorw,iorw
core   0: 3 0x8000b1b6 (0x0ff0000f)
core   0: 0x8000b1ba (0x037fc7b3) div     a5, t6, s7
core   0: 3 0x8000b1ba (0x037fc7b3) x15 0x000010eb
core   0: 0x8000b1be (0x0343e963) bltu    t2, s4, pc + 50
core   0: 3 0x8000b1be (0x0343e963)
core   0: 0x8000b1c2 (0x40bd8bb3) sub     s7, s11, a1
core   0: 3 0x8000b1c2 (0x40bd8bb3) x23 0x7ffd931c
core   0: 0x8000b1c6 (0x0145d393) srli    t2, a1, 20
core   0: 3 0x8000b1c6 (0x0145d393) x 7 0x00000800
core   0: 0x8000b1ca (0x00009f6a) c.add   t5, s10
core   0: 3 0x8000b1ca (0x9f6a) x30 0xc126a596
core   0: 0x8000b1cc (0x00000822) c.slli  a6, 8
core   0: 3 0x8000b1cc (0x0822) x16 0xff367a00
core   0: 0x8000b1ce (0x00f3de33) srl     t3, t2, a5
core   0: 3 0x8000b1ce (0x00f3de33) x28 0x00000001
core   0: 0x8000b1d2 (0x040bc463) bltz    s7, pc + 72
core   0: 3 0x8000b1d2 (0x040bc463)
core   0: 0x8000b1d6 (0x0000717d) c.addi16sp sp, -16
core   0: 3 0x8000b1d6 (0x717d) x 2 0xfffffff0
core   0: 0x8000b1d8 (0x01b2b033) sltu    zero, t0, s11
core   0: 3 0x8000b1d8 (0x01b2b033)
core   0: 0x8000b1dc (0x4060d9b3) sra     s3, ra, t1
core   0: 3 0x8000b1dc (0x4060d9b3) x19 0x00000000
core   0: 0x8000b1e0 (0x4055d033) sra     zero, a1, t0
core   0: 3 0x8000b1e0 (0x4055d033)
core   0: 0x8000b1e4 (0x03a374b3) remu    s1, t1, s10
core   0: 3 0x8000b1e4 (0x03a374b3) x 9 0x0000012f
core   0: 0x8000b1e8 (0x03f2f933) remu    s2, t0, t6
core   0: 3 0x8000b1e8 (0x03f2f933) x18 0x08760bbc
core   0: 0x8000b1ec (0x005a2d33) slt     s10, s4, t0
core   0: 3 0x8000b1ec (0x005a2d33) x26 0x00000000
core   0: 0x8000b1f0 (0x0066d7b3) srl     a5, a3, t1
core   0: 3 0x8000b1f0 (0x0066d7b3) x15 0x00000000
core   0: 0x8000b1f4 (0x40dbd813) srai    a6, s7, 13
core   0: 3 0x8000b1f4 (0x40dbd813) x16 0x0003ffec
core   0: 0x8000b1f8 (0x00272133) slt     sp, a4, sp
core   0: 3 0x8000b1f8 (0x00272133) x 2 0x00000001
core   0: 0x8000b1fc (0x00008c85) c.sub   s1, s1
core   0: 3 0x8000b1fc (0x8c85) x 9 0x00000000
core   0: 0x8000b1fe (0x02212ab3) mulhsu  s5, sp, sp
core   0: 3 0x8000b1fe (0x02212ab3) x21 0x00000000
core   0: 0x8000b202 (0x015e6633) or      a2, t3, s5
core   0: 3 0x8000b202 (0x015e6633) x12 0x00000001
core   0: 0x8000b206 (0x0000615d) c.addi16sp sp, 432
core   0: 3 0x8000b206 (0x615d) x 2 0x000001b1
core   0: 0x8000b208 (0x000a9f63) bnez    s5, pc + 30
core   0: 3 0x8000b208 (0x000a9f63)
core   0: 0x8000b20c (0x0083fc13) andi    s8, t2, 8
core   0: 3 0x8000b20c (0x0083fc13) x24 0x00000000
core   0: 0x8000b210 (0x01572a93) slti    s5, a4, 21
core   0: 3 0x8000b210 (0x01572a93) x21 0x00000001
core   0: 0x8000b214 (0x01e692b3) sll     t0, a3, t5
core   0: 3 0x8000b214 (0x01e692b3) x 5 0x00000000
core   0: 0x8000b218 (0x00008f5d) c.or    a4, a5
core   0: 3 0x8000b218 (0x8f5d) x14 0xfffffd5c
core   0: 0x8000b21a (0x00008845) c.andi  s0, 17
core   0: 3 0x8000b21a (0x8845) x 8 0x00000000
core   0: 0x8000b21c (0x000067ad) c.lui   a5, 0xb
core   0: 3 0x8000b21c (0x67ad) x15 0x0000b000
core   0: 0x8000b21e (0x649ad0b7) lui     ra, 0x649ad
core   0: 3 0x8000b21e (0x649ad0b7) x 1 0x649ad000
core   0: 0x8000b222 (0x0252afb3) mulhsu  t6, t0, t0
core   0: 3 0x8000b222 (0x0252afb3) x31 0x00000000
core   0: 0x8000b226 (0x03c54e33) div     t3, a0, t3
core   0: 3 0x8000b226 (0x03c54e33) x28 0x80022e2c
core   0: 0x8000b22a (0x00000001) c.nop
core   0: 3 0x8000b22a (0x0001)
core   0: 0x8000b22c (0x00008fad) c.xor   a5, a1
core   0: 3 0x8000b22c (0x8fad) x15 0x8002dce4
core   0: 0x8000b22e (0x0334e333) rem     t1, s1, s3
core   0: 3 0x8000b22e (0x0334e333) x 6 0x00000000
core   0: 0x8000b232 (0x00008f4d) c.or    a4, a1
core   0: 3 0x8000b232 (0x8f4d) x14 0xfffffdfc
core   0: 0x8000b234 (0x01fe1463) bne     t3, t6, pc + 8
core   0: 3 0x8000b234 (0x01fe1463)
core   0: 0x8000b23c (0x4c004c93) xori    s9, zero, 1216
core   0: 3 0x8000b23c (0x4c004c93) x25 0x000004c0
core   0: 0x8000b240 (0x950f6693) ori     a3, t5, -1712
core   0: 3 0x8000b240 (0x950f6693) x13 0xfffffdd6
core   0: 0x8000b244 (0x0217d263) bge     a5, ra, pc + 36
core   0: 3 0x8000b244 (0x0217d263)
core   0: 0x8000b248 (0x00979a33) sll     s4, a5, s1
core   0: 3 0x8000b248 (0x00979a33) x20 0x8002dce4
core   0: 0x8000b24c (0x00000001) c.nop
core   0: 3 0x8000b24c (0x0001)
core   0: 0x8000b24e (0x4ea74613) xori    a2, a4, 1258
core   0: 3 0x8000b24e (0x4ea74613) x12 0xfffff916
core   0: 0x8000b252 (0x00ea97b3) sll     a5, s5, a4
core   0: 3 0x8000b252 (0x00ea97b3) x15 0x10000000
core   0: 0x8000b256 (0xb4292313) slti    t1, s2, -1214
core   0: 3 0x8000b256 (0xb4292313) x 6 0x00000000
core   0: 0x8000b25a (0x01949e63) bne     s1, s9, pc + 28
core   0: 3 0x8000b25a (0x01949e63)
core   0: 0x8000b276 (0x8b113793) sltiu   a5, sp, -1871
core   0: 3 0x8000b276 (0x8b113793) x15 0x00000001
core   0: 0x8000b27a (0x01550a63) beq     a0, s5, pc + 20
core   0: 3 0x8000b27a (0x01550a63)
core   0: 0x8000b27e (0x409e5133) sra     sp, t3, s1
core   0: 3 0x8000b27e (0x409e5133) x 2 0x80022e2c
core   0: 0x8000b282 (0x00008cad) c.xor   s1, a1
core   0: 3 0x8000b282 (0x8cad) x 9 0x80026ce4
core   0: 0x8000b284 (0x52720417) auipc   s0, 0x52720
core   0: 3 0x8000b284 (0x52720417) x 8 0xd272b284
core   0: 0x8000b288 (0x0000717d) c.addi16sp sp, -16
core   0: 3 0x8000b288 (0x717d) x 2 0x80022e1c
core   0: 0x8000b28a (0x81caba13) sltiu   s4, s5, -2020
core   0: 3 0x8000b28a (0x81caba13) x20 0x00000001
core   0: 0x8000b28e (0x9f2e2f93) slti    t6, t3, -1550
core   0: 3 0x8000b28e (0x9f2e2f93) x31 0x00000001
core   0: 0x8000b292 (0x02a4ed33) rem     s10, s1, a0
core   0: 3 0x8000b292 (0x02a4ed33) x26 0x80026ce4
core   0: 0x8000b296 (0x00d66933) or      s2, a2, a3
core   0: 3 0x8000b296 (0x00d66933) x18 0xfffffdd6
core   0: 0x8000b29a (0x021c82b3) mul     t0, s9, ra
core   0: 3 0x8000b29a (0x021c82b3) x 5 0xdf5c0000
core   0: 0x8000b29e (0x83952c93) slti    s9, a0, -1991
core   0: 3 0x8000b29e (0x83952c93) x25 0x00000001
core   0: 0x8000b2a2 (0x00b95693) srli    a3, s2, 11
core   0: 3 0x8000b2a2 (0x00b95693) x13 0x001fffff
core   0: 0x8000b2a6 (0x0284cc33) div     s8, s1, s0
core   0: 3 0x8000b2a6 (0x0284cc33) x24 0x00000002
core   0: 0x8000b2aa (0x02170763) beq     a4, ra, pc + 46
core   0: 3 0x8000b2aa (0x02170763)
core   0: 0x8000b2ae (0x00008e01) c.sub   a2, s0
core   0: 3 0x8000b2ae (0x8e01) x12 0x2d8d4692
core   0: 0x8000b2b0 (0x0000870d) c.srai  a4, 3
core   0: 3 0x8000b2b0 (0x870d) x14 0xffffffbf
core   0: 0x8000b2b2 (0x00000384) c.addi4spn s1, sp, 448
core   0: 3 0x8000b2b2 (0x0384) x 9 0x80022fdc
core   0: 0x8000b2b4 (0x015936b3) sltu    a3, s2, s5
core   0: 3 0x8000b2b4 (0x015936b3) x13 0x00000000
core   0: 0x8000b2b8 (0x00001a94) c.addi4spn a3, sp, 368
core   0: 3 0x8000b2b8 (0x1a94) x13 0x80022f8c
core   0: 0x8000b2ba (0x00006fdd) c.lui   t6, 0x17
core   0: 3 0x8000b2ba (0x6fdd) x31 0x00017000
core   0: 0x8000b2bc (0x00006121) c.addi16sp sp, 64
core   0: 3 0x8000b2bc (0x6121) x 2 0x80022e5c
core   0: 0x8000b2be (0x02045733) divu    a4, s0, zero
core   0: 3 0x8000b2be (0x02045733) x14 0xffffffff
core   0: 0x8000b2c2 (0x0000717d) c.addi16sp sp, -16
core   0: 3 0x8000b2c2 (0x717d) x 2 0x80022e4c
core   0: 0x8000b2c4 (0x16580413) addi    s0, a6, 357
core   0: 3 0x8000b2c4 (0x16580413) x 8 0x00040151
core   0: 0x8000b2c8 (0x413408b3) sub     a7, s0, s3
core   0: 3 0x8000b2c8 (0x413408b3) x17 0x00040151
core   0: 0x8000b2cc (0x0000100f) fence.i
core   0: 3 0x8000b2cc (0x0000100f)
core   0: 0x8000b2d0 (0x02d731b3) mulhu   gp, a4, a3
core   0: 3 0x8000b2d0 (0x02d731b3) x 3 0x80022f8b
core   0: 0x8000b2d4 (0x003b4d33) xor     s10, s6, gp
core   0: 3 0x8000b2d4 (0x003b4d33) x26 0xa0022f8b
core   0: 0x8000b2d8 (0x13487393) andi    t2, a6, 308
core   0: 3 0x8000b2d8 (0x13487393) x 7 0x00000124
core   0: 0x8000b2dc (0x00452283) lw      t0, 4(a0)
core   0: 3 0x8000b2dc (0x00452283) x 5 0x8000a4fa mem 0x80022e30
core   0: 0x8000b2e0 (0x0000937a) c.add   t1, t5
core   0: 3 0x8000b2e0 (0x937a) x 6 0xc126a596
core   0: 0x8000b2e2 (0x00009ebe) c.add   t4, a5
core   0: 3 0x8000b2e2 (0x9ebe) x29 0x7fff367b
core   0: 0x8000b2e4 (0x41d3dd33) sra     s10, t2, t4
core   0: 3 0x8000b2e4 (0x41d3dd33) x26 0x00000000
core   0: 0x8000b2e8 (0x00000571) c.addi  a0, 28
core   0: 3 0x8000b2e8 (0x0571) x10 0x80022e48
core   0: 0x8000b2ea (0x02f1b833) mulhu   a6, gp, a5
core   0: 3 0x8000b2ea (0x02f1b833) x16 0x00000000
core   0: 0x8000b2ee (0x00028613) mv      a2, t0
core   0: 3 0x8000b2ee (0x00028613) x12 0x8000a4fa
core   0: 0x8000b2f2 (0x00009602) c.jalr  a2
core   0: 3 0x8000b2f2 (0x9602) x 1 0x8000b2f4
core   0: 0x8000a4fa (0x0000b997) auipc   s3, 0xb
core   0: 3 0x8000a4fa (0x0000b997) x19 0x800154fa
core   0: 0x8000a4fe (0x8c398993) addi    s3, s3, -1853
core   0: 3 0x8000a4fe (0x8c398993) x19 0x80014dbd
core   0: 0x8000a502 (0x00008779) c.srai  a4, 30
core   0: 3 0x8000a502 (0x8779) x14 0xffffffff
core   0: 0x8000a504 (0xfc698823) sb      t1, -48(s3)
core   0: 3 0x8000a504 (0xfc698823) mem 0x80014d8d 0x96
core   0: 0x8000a508 (0x03e98323) sb      t5, 38(s3)
core   0: 3 0x8000a508 (0x03e98323) mem 0x80014de3 0x96
core   0: 0x8000a50c (0xfee98d83) lb      s11, -18(s3)
core   0: 3 0x8000a50c (0xfee98d83) x27 0xffffffa6 mem 0x80014dab
core   0: 0x8000a510 (0x00008309) c.srli  a4, 2
core   0: 3 0x8000a510 (0x8309) x14 0x3fffffff
core   0: 0x8000a512 (0x04198023) sb      ra, 64(s3)
core   0: 3 0x8000a512 (0x04198023) mem 0x80014dfd 0xf4
core   0: 0x8000a516 (0xfc898703) lb      a4, -56(s3)
core   0: 3 0x8000a516 (0xfc898703) x14 0x0000003e mem 0x80014d85
core   0: 0x8000a51a (0x00000001) c.nop
core   0: 3 0x8000a51a (0x0001)
core   0: 0x8000a51c (0x03ce2633) mulhsu  a2, t3, t3
core   0: 3 0x8000a51c (0x03ce2633) x12 0xc0000004
core   0: 0x8000a520 (0xff19d703) lhu     a4, -15(s3)
core   0: 3 0x8000a520 (0xff19d703) x14 0x00006465 mem 0x80014dae
core   0: 0x8000a524 (0x00799b03) lh      s6, 7(s3)
core   0: 3 0x8000a524 (0x00799b03) x22 0x00007e7f mem 0x80014dc4
core   0: 0x8000a528 (0x03f98623) sb      t6, 44(s3)
core   0: 3 0x8000a528 (0x03f98623) mem 0x80014de9 0x0
core   0: 0x8000a52c (0xe9bf0e93) addi    t4, t5, -357
core   0: 3 0x8000a52c (0xe9bf0e93) x29 0xc126a431
core   0: 0x8000a530 (0x00005f7d) c.li    t5, -1
core   0: 3 0x8000a530 (0x5f7d) x30 0xffffffff
core   0: 0x8000a532 (0xff89c083) lbu     ra, -8(s3)
core   0: 3 0x8000a532 (0xff89c083) x 1 0x0000006e mem 0x80014db5
core   0: 0x8000a536 (0x00008795) c.srai  a5, 5
core   0: 3 0x8000a536 (0x8795) x15 0x00000000
core   0: 0x8000a538 (0xff49c783) lbu     a5, -12(s3)
core   0: 3 0x8000a538 (0xff49c783) x15 0x0000006a mem 0x80014db1
core   0: 0x8000a53c (0x00000001) c.nop
core   0: 3 0x8000a53c (0x0001)
core   0: 0x8000a53e (0xfe29c383) lbu     t2, -30(s3)
core   0: 3 0x8000a53e (0xfe29c383) x 7 0x00000054 mem 0x80014d9f
core   0: 0x8000a542 (0x010981a3) sb      a6, 3(s3)
core   0: 3 0x8000a542 (0x010981a3) mem 0x80014dc0 0x0
core   0: 0x8000a546 (0x02e9cd83) lbu     s11, 46(s3)
core   0: 3 0x8000a546 (0x02e9cd83) x27 0x000000a0 mem 0x80014deb
core   0: 0x8000a54a (0x007c5bb3) srl     s7, s8, t2
core   0: 3 0x8000a54a (0x007c5bb3) x23 0x00000000
core   0: 0x8000a54e (0xff598fa3) sb      s5, -1(s3)
core   0: 3 0x8000a54e (0xff598fa3) mem 0x80014dbc 0x1
core   0: 0x8000a552 (0x02f9df03) lhu     t5, 47(s3)
core   0: 3 0x8000a552 (0x02f9df03) x30 0x0000a6a7 mem 0x80014dec
core   0: 0x8000a556 (0x412153b3) sra     t2, sp, s2
core   0: 3 0x8000a556 (0x412153b3) x 7 0xfffffe00
core   0: 0x8000a55a (0x0369c483) lbu     s1, 54(s3)
core   0: 3 0x8000a55a (0x0369c483) x 9 0x000000a8 mem 0x80014df3
core   0: 0x8000a55e (0x00008649) c.srai  a2, 18
core   0: 3 0x8000a55e (0x8649) x12 0xfffff000
core   0: 0x8000a560 (0xffe996a3) sh      t5, -19(s3)
core   0: 3 0x8000a560 (0xffe996a3) mem 0x80014daa 0xa6a7
core   0: 0x8000a564 (0x0a898693) addi    a3, s3, 168
core   0: 3 0x8000a564 (0x0a898693) x13 0x80014e65
core   0: 0x8000a568 (0xf3c3e893) ori     a7, t2, -196
core   0: 3 0x8000a568 (0xf3c3e893) x17 0xffffff3c
core   0: 0x8000a56c (0x01d7ce33) xor     t3, a5, t4
core   0: 3 0x8000a56c (0x01d7ce33) x28 0xc126a45b
core   0: 0x8000a570 (0x037c5f33) divu    t5, s8, s7
core   0: 3 0x8000a570 (0x037c5f33) x30 0xffffffff
core   0: 0x8000a574 (0x018cf1b3) and     gp, s9, s8
core   0: 3 0x8000a574 (0x018cf1b3) x 3 0x00000000
core   0: 0x8000a578 (0x00000001) c.nop
core   0: 3 0x8000a578 (0x0001)
core   0: 0x8000a57a (0x016bc463) blt     s7, s6, pc + 8
core   0: 3 0x8000a57a (0x016bc463)
core   0: 0x8000a582 (0x03883ab3) mulhu   s5, a6, s8
core   0: 3 0x8000a582 (0x03883ab3) x21 0x00000000
core   0: 0x8000a586 (0x0000100f) fence.i
core   0: 3 0x8000a586 (0x0000100f)
core   0: 0x8000a58a (0x02c3c563) blt     t2, a2, pc + 42
core   0: 3 0x8000a58a (0x02c3c563)
core   0: 0x8000a58e (0x002ed263) bge     t4, sp, pc + 4
core   0: 3 0x8000a58e (0x002ed263)
core   0: 0x8000a592 (0x00745433) srl     s0, s0, t2
core   0: 3 0x8000a592 (0x00745433) x 8 0x00040151
core   0: 0x8000a596 (0x00009bfd) c.andi  a5, -1
core   0: 3 0x8000a596 (0x9bfd) x15 0x0000006a
core   0: 0x8000a598 (0x00008365) c.srli  a4, 25
core   0: 3 0x8000a598 (0x8365) x14 0x00000000
core   0: 0x8000a59a (0x00000914) c.addi4spn a3, sp, 144
core   0: 3 0x8000a59a (0x0914) x13 0x80022edc
core   0: 0x8000a59c (0x02fd3433) mulhu   s0, s10, a5
core   0: 3 0x8000a59c (0x02fd3433) x 8 0x00000000
core   0: 0x8000a5a0 (0x00f33933) sltu    s2, t1, a5
core   0: 3 0x8000a5a0 (0x00f33933) x18 0x00000000
core   0: 0x8000a5a4 (0x5e4a8b13) addi    s6, s5, 1508
core   0: 3 0x8000a5a4 (0x5e4a8b13) x22 0x000005e4
core   0: 0x8000a5a8 (0x00001bfd) c.addi  s7, -1
core   0: 3 0x8000a5a8 (0x1bfd) x23 0xffffffff
core   0: 0x8000a5aa (0x03f8d3b3) divu    t2, a7, t6
core   0: 3 0x8000a5aa (0x03f8d3b3) x 7 0x0000b216
core   0: 0x8000a5ae (0x017153b3) srl     t2, sp, s7
core   0: 3 0x8000a5ae (0x017153b3) x 7 0x00000001
core   0: 0x8000a5b2 (0x00008e99) c.sub   a3, a4
core   0: 3 0x8000a5b2 (0x8e99) x13 0x80022edc
core   0: 0x8000a5b4 (0x00cdccb3) xor     s9, s11, a2
core   0: 3 0x8000a5b4 (0x00cdccb3) x25 0xfffff0a0
core   0: 0x8000a5b8 (0xe1452b93) slti    s7, a0, -492
core   0: 3 0x8000a5b8 (0xe1452b93) x23 0x00000001
core   0: 0x8000a5bc (0x0310ea63) bltu    ra, a7, pc + 52
core   0: 3 0x8000a5bc (0x0310ea63)
core   0: 0x8000a5f0 (0x0000100f) fence.i
core   0: 3 0x8000a5f0 (0x0000100f)
core   0: 0x8000a5f4 (0x011386b3) add     a3, t2, a7
core   0: 3 0x8000a5f4 (0x011386b3) x13 0xffffff3d
core   0: 0x8000a5f8 (0xa077e937) lui     s2, 0xa077e
core   0: 3 0x8000a5f8 (0xa077e937) x18 0xa077e000
core   0: 0x8000a5fc (0x03ab2cb3) mulhsu  s9, s6, s10
core   0: 3 0x8000a5fc (0x03ab2cb3) x25 0x00000000
core   0: 0x8000a600 (0x9c504113) xori    sp, zero, -1595
core   0: 3 0x8000a600 (0x9c504113) x 2 0xfffff9c5
core   0: 0x8000a604 (0x01eb2933) slt     s2, s6, t5
core   0: 3 0x8000a604 (0x01eb2933) x18 0x00000000
core   0: 0x8000a608 (0x1e0b2d13) slti    s10, s6, 480
core   0: 3 0x8000a608 (0x1e0b2d13) x26 0x00000000
core   0: 0x8000a60c (0x0381c263) blt     gp, s8, pc + 36
core   0: 3 0x8000a60c (0x0381c263)
core   0: 0x8000a630 (0x00008fb9) c.xor   a5, a4
core   0: 3 0x8000a630 (0x8fb9) x15 0x0000006a
core   0: 0x8000a632 (0x00008a11) c.andi  a2, 4
core   0: 3 0x8000a632 (0x8a11) x12 0x00000000
core   0: 0x8000a634 (0xdcf8be97) auipc   t4, 0xdcf8b
core   0: 3 0x8000a634 (0xdcf8be97) x29 0x5cf95634
core   0: 0x8000a638 (0x00c36733) or      a4, t1, a2
core   0: 3 0x8000a638 (0x00c36733) x14 0xc126a596
core   0: 0x8000a63c (0x019e9033) sll     zero, t4, s9
core   0: 3 0x8000a63c (0x019e9033)
core   0: 0x8000a640 (0x0256e3b3) rem     t2, a3, t0
core   0: 3 0x8000a640 (0x0256e3b3) x 7 0xffffff3d
core   0: 0x8000a644 (0x02894e63) blt     s2, s0, pc + 60
core   0: 3 0x8000a644 (0x02894e63)
core   0: 0x8000a648 (0x0345bdb3) mulhu   s11, a1, s4
core   0: 3 0x8000a648 (0x0345bdb3) x27 0x00000000
core   0: 0x8000a64c (0x01b24263) blt     tp, s11, pc + 4
core   0: 3 0x8000a64c (0x01b24263)
core   0: 0x8000a650 (0x000080a2) c.mv    ra, s0
core   0: 3 0x8000a650 (0x80a2) x 1 0x00000000
core   0: 0x8000a652 (0x0280bd33) mulhu   s10, ra, s0
core   0: 3 0x8000a652 (0x0280bd33) x26 0x00000000
core   0: 0x8000a656 (0x736f4113) xori    sp, t5, 1846
core   0: 3 0x8000a656 (0x736f4113) x 2 0xfffff8c9
core   0: 0x8000a65a (0x40475f93) srai    t6, a4, 4
core   0: 3 0x8000a65a (0x40475f93) x31 0xfc126a59
core   0: 0x8000a65e (0x0000717d) c.addi16sp sp, -16
core   0: 3 0x8000a65e (0x717d) x 2 0xfffff8b9
core   0: 0x8000a660 (0x01af2933) slt     s2, t5, s10
core   0: 3 0x8000a660 (0x01af2933) x18 0x00000001
core   0: 0x8000a664 (0x0112d4b3) srl     s1, t0, a7
core   0: 3 0x8000a664 (0x0112d4b3) x 9 0x00000008
core   0: 0x8000a668 (0x03bf48b3) div     a7, t5, s11
core   0: 3 0x8000a668 (0x03bf48b3) x17 0xffffffff
core   0: 0x8000a66c (0x02fcfb33) remu    s6, s9, a5
core   0: 3 0x8000a66c (0x02fcfb33) x22 0x00000000
core   0: 0x8000a670 (0xbe5fd337) lui     t1, 0xbe5fd
core   0: 3 0x8000a670 (0xbe5fd337) x 6 0xbe5fd000
core   0: 0x8000a674 (0x02b001b3) mul     gp, zero, a1
core   0: 3 0x8000a674 (0x02b001b3) x 3 0x00000000
core   0: 0x8000a678 (0x36b5ad13) slti    s10, a1, 875
core   0: 3 0x8000a678 (0x36b5ad13) x26 0x00000001
core   0: 0x8000a67c (0x41e85493) srai    s1, a6, 30
core   0: 3 0x8000a67c (0x41e85493) x 9 0x00000000
core   0: 0x8000a680 (0xbbbbc893) xori    a7, s7, -1093
core   0: 3 0x8000a680 (0xbbbbc893) x17 0xfffffbba
core   0: 0x8000a684 (0x01a37263) bgeu    t1, s10, pc + 4
core   0: 3 0x8000a684 (0x01a37263)
core   0: 0x8000a688 (0x0311d033) divu    zero, gp, a7
core   0: 3 0x8000a688 (0x0311d033)
core   0: 0x8000a68c (0x00008cf9) c.and   s1, a4
core   0: 3 0x8000a68c (0x8cf9) x 9 0x00000000
core   0: 0x8000a68e (0x00008e01) c.sub   a2, s0
core   0: 3 0x8000a68e (0x8e01) x12 0x00000000
core   0: 0x8000a690 (0x00000001) c.nop
core   0: 3 0x8000a690 (0x0001)
core   0: 0x8000a692 (0x00000884) c.addi4spn s1, sp, 80
core   0: 3 0x8000a692 (0x0884) x 9 0xfffff909
core   0: 0x8000a694 (0x023081b3) mul     gp, ra, gp
core   0: 3 0x8000a694 (0x023081b3) x 3 0x00000000
core   0: 0x8000a698 (0x00000bed) c.addi  s7, 27
core   0: 3 0x8000a698 (0x0bed) x23 0x0000001c
core   0: 0x8000a69a (0x00f69f13) slli    t5, a3, 15
core   0: 3 0x8000a69a (0x00f69f13) x30 0xff9e8000
core   0: 0x8000a69e (0x020c0763) beqz    s8, pc + 46
core   0: 3 0x8000a69e (0x020c0763)
core   0: 0x8000a6a2 (0x84c2aab7) lui     s5, 0x84c2a
core   0: 3 0x8000a6a2 (0x84c2aab7) x21 0x84c2a000
core   0: 0x8000a6a6 (0x00006109) c.addi16sp sp, 128
core   0: 3 0x8000a6a6 (0x6109) x 2 0xfffff939
core   0: 0x8000a6a8 (0x0297b633) mulhu   a2, a5, s1
core   0: 3 0x8000a6a8 (0x0297b633) x12 0x00000069
core   0: 0x8000a6ac (0x032b4863) blt     s6, s2, pc + 48
core   0: 3 0x8000a6ac (0x032b4863)
core   0: 0x8000a6dc (0x9d59c013) xori    zero, s3, -1579
core   0: 3 0x8000a6dc (0x9d59c013)
core   0: 0x8000a6e0 (0x00049ab3) sll     s5, s1, zero
core   0: 3 0x8000a6e0 (0x00049ab3) x21 0xfffff909
core   0: 0x8000a6e4 (0x00009122) c.add   sp, s0
core   0: 3 0x8000a6e4 (0x9122) x 2 0xfffff939
core   0: 0x8000a6e6 (0x0183f033) and     zero, t2, s8
core   0: 3 0x8000a6e6 (0x0183f033)
core   0: 0x8000a6ea (0x0000cb0d) c.beqz  a4, pc + 50
core   0: 3 0x8000a6ea (0xcb0d)
core   0: 0x8000a6ec (0x029dbc33) mulhu   s8, s11, s1
core   0: 3 0x8000a6ec (0x029dbc33) x24 0x00000000
core   0: 0x8000a6f0 (0x0000cf89) c.beqz  a5, pc + 26
core   0: 3 0x8000a6f0 (0xcf89)
core   0: 0x8000a6f2 (0x3c83b397) auipc   t2, 0x3c83b
core   0: 3 0x8000a6f2 (0x3c83b397) x 7 0xbc8456f2
core   0: 0x8000a6f6 (0x0000100f) fence.i
core   0: 3 0x8000a6f6 (0x0000100f)
core   0: 0x8000a6fa (0x00af5193) srli    gp, t5, 10
core   0: 3 0x8000a6fa (0x00af5193) x 3 0x003fe7a0
core   0: 0x8000a6fe (0x011b6463) bltu    s6, a7, pc + 8
core   0: 3 0x8000a6fe (0x011b6463)
core   0: 0x8000a706 (0x001866b3) or      a3, a6, ra
core   0: 3 0x8000a706 (0x001866b3) x13 0x00000000
core   0: 0x8000a70a (0x005c3eb3) sltu    t4, s8, t0
core   0: 3 0x8000a70a (0x005c3eb3) x29 0x00000001
core   0: 0x8000a70e (0x000004aa) c.slli  s1, 10
core   0: 3 0x8000a70e (0x04aa) x 9 0xffe42400
core   0: 0x8000a710 (0x001ef833) and     a6, t4, ra
core   0: 3 0x8000a710 (0x001ef833) x16 0x00000000
core   0: 0x8000a714 (0x00004b21) c.li    s6, 8
core   0: 3 0x8000a714 (0x4b21) x22 0x00000008
core   0: 0x8000a716 (0x0078dc93) srli    s9, a7, 7
core   0: 3 0x8000a716 (0x0078dc93) x25 0x01fffff7
core   0: 0x8000a71a (0x00008cc1) c.or    s1, s0
core   0: 3 0x8000a71a (0x8cc1) x 9 0xffe42400
core   0: 0x8000a71c (0x00008691) c.srai  a3, 4
core   0: 3 0x8000a71c (0x8691) x13 0x00000000
core   0: 0x8000a71e (0x00005e7d) c.li    t3, -1
core   0: 3 0x8000a71e (0x5e7d) x28 0xffffffff
core   0: 0x8000a720 (0x032c47b3) div     a5, s8, s2
core   0: 3 0x8000a720 (0x032c47b3) x15 0x00000000
core   0: 0x8000a724 (0x000064e5) c.lui   s1, 0x19
core   0: 3 0x8000a724 (0x64e5) x 9 0x00019000
core   0: 0x8000a726 (0x000084b5) c.srai  s1, 13
core   0: 3 0x8000a726 (0x84b5) x 9 0x0000000c
core   0: 0x8000a728 (0x014aedb3) or      s11, s5, s4
core   0: 3 0x8000a728 (0x014aedb3) x27 0xfffff909
core   0: 0x8000a72c (0x00000455) c.addi  s0, 21
core   0: 3 0x8000a72c (0x0455) x 8 0x00000015
core   0: 0x8000a72e (0x00008315) c.srli  a4, 5
core   0: 3 0x8000a72e (0x8315) x14 0x0609352c
core   0: 0x8000a730 (0x40f8d7b3) sra     a5, a7, a5
core   0: 3 0x8000a730 (0x40f8d7b3) x15 0xfffffbba
core   0: 0x8000a734 (0x03cf17b3) mulh    a5, t5, t3
core   0: 3 0x8000a734 (0x03cf17b3) x15 0x00000000
core   0: 0x8000a738 (0x00009e8a) c.add   t4, sp
core   0: 3 0x8000a738 (0x9e8a) x29 0xfffff93a
core   0: 0x8000a73a (0x00219433) sll     s0, gp, sp
core   0: 3 0x8000a73a (0x00219433) x 8 0x40000000
core   0: 0x8000a73e (0x00000a9c) c.addi4spn a5, sp, 336
core   0: 3 0x8000a73e (0x0a9c) x15 0xfffffa89
core   0: 0x8000a740 (0x00001e84) c.addi4spn s1, sp, 880
core   0: 3 0x8000a740 (0x1e84) x 9 0xfffffca9
core   0: 0x8000a742 (0x03ced363) bge     t4, t3, pc + 38
core   0: 3 0x8000a742 (0x03ced363)
core   0: 0x8000a746 (0x027f1d33) mulh    s10, t5, t2
core   0: 3 0x8000a746 (0x027f1d33) x26 0x0019b398
core   0: 0x8000a74a (0x00008e31) c.xor   a2, a2
core   0: 3 0x8000a74a (0x8e31) x12 0x00000000
core   0: 0x8000a74c (0x01ca7133) and     sp, s4, t3
core   0: 3 0x8000a74c (0x01ca7133) x 2 0x00000001
core   0: 0x8000a750 (0x000099c2) c.add   s3, a6
core   0: 3 0x8000a750 (0x99c2) x19 0x80014dbd
core   0: 0x8000a752 (0x0103db63) bge     t2, a6, pc + 22
core   0: 3 0x8000a752 (0x0103db63)
core   0: 0x8000a756 (0x44cd4193) xori    gp, s10, 1100
core   0: 3 0x8000a756 (0x44cd4193) x 3 0x0019b7d4
core   0: 0x8000a75a (0x000054fd) c.li    s1, -1
core   0: 3 0x8000a75a (0x54fd) x 9 0xffffffff
core   0: 0x8000a75c (0x0164e663) bltu    s1, s6, pc + 12
core   0: 3 0x8000a75c (0x0164e663)
core   0: 0x8000a760 (0x00008c89) c.sub   s1, a0
core   0: 3 0x8000a760 (0x8c89) x 9 0x7ffdd1b7
core   0: 0x8000a762 (0x58db8413) addi    s0, s7, 1421
core   0: 3 0x8000a762 (0x58db8413) x 8 0x000005a9
core   0: 0x8000a766 (0x00008c35) c.xor   s0, a3
core   0: 3 0x8000a766 (0x8c35) x 8 0x000005a9
core   0: 0x8000a768 (0x00137f33) and     t5, t1, ra
core   0: 3 0x8000a768 (0x00137f33) x30 0x00000000
core   0: 0x8000a76c (0x0000547d) c.li    s0, -1
core   0: 3 0x8000a76c (0x547d) x 8 0xffffffff
core   0: 0x8000a76e (0x00452283) lw      t0, 4(a0)
core   0: 3 0x8000a76e (0x00452283) x 5 0x8000a426 mem 0x80022e4c
core   0: 0x8000a772 (0x00000521) c.addi  a0, 8
core   0: 3 0x8000a772 (0x0521) x10 0x80022e50
core   0: 0x8000a774 (0x00009db2) c.add   s11, a2
core   0: 3 0x8000a774 (0x9db2) x27 0xfffff909
core   0: 0x8000a776 (0x866fb793) sltiu   a5, t6, -1946
core   0: 3 0x8000a776 (0x866fb793) x15 0x00000001
core   0: 0x8000a77a (0x00009eaa) c.add   t4, a0
core   0: 3 0x8000a77a (0x9eaa) x29 0x8002278a
core   0: 0x8000a77c (0x00028e93) mv      t4, t0
core   0: 3 0x8000a77c (0x00028e93) x29 0x8000a426
core   0: 0x8000a780 (0x000e8ee7) jalr    t4, t4, 0
core   0: 3 0x8000a780 (0x000e8ee7) x29 0x8000a784
core   0: 0x8000a426 (0x000092d6) c.add   t0, s5
core   0: 3 0x8000a426 (0x92d6) x 5 0x80009d2f
core   0: 0x8000a428 (0x00000797) auipc   a5, 0x0
core   0: 3 0x8000a428 (0x00000797) x15 0x8000a428
core   0: 0x8000a42c (0x35c78793) addi    a5, a5, 860
core   0: 3 0x8000a42c (0x35c78793) x15 0x8000a784
core   0: 0x8000a430 (0xf3f97cb7) lui     s9, 0xf3f97
core   0: 3 0x8000a430 (0xf3f97cb7) x25 0xf3f97000
core   0: 0x8000a434 (0x4003d933) sra     s2, t2, zero
core   0: 3 0x8000a434 (0x4003d933) x18 0xbc8456f2
core   0: 0x8000a438 (0x00009de2) c.add   s11, s8
core   0: 3 0x8000a438 (0x9de2) x27 0xfffff909
core   0: 0x8000a43a (0x0e1e6317) auipc   t1, 0xe1e6
core   0: 3 0x8000a43a (0x0e1e6317) x 6 0x8e1f043a
core   0: 0x8000a43e (0x0bf78793) addi    a5, a5, 191
core   0: 3 0x8000a43e (0x0bf78793) x15 0x8000a843
core   0: 0x8000a442 (0x00006151) c.addi16sp sp, 272
core   0: 3 0x8000a442 (0x6151) x 2 0x00000111
core   0: 0x8000a444 (0x01b5f733) and     a4, a1, s11
core   0: 3 0x8000a444 (0x01b5f733) x14 0x80026800
core   0: 0x8000a448 (0xf41782e7) jalr    t0, a5, -191
core   0: 3 0x8000a448 (0xf41782e7) x 5 0x8000a44c
core   0: 0x8000a784 (0x406fd0b3) sra     ra, t6, t1
core   0: 3 0x8000a784 (0x406fd0b3) x 1 0xffffffff
core   0: 0x8000a788 (0x00001501) c.addi  a0, -32
core   0: 3 0x8000a788 (0x1501) x10 0x80022e30
core   0: 0x8000a78a (0x40165bb3) sra     s7, a2, ra
core   0: 3 0x8000a78a (0x40165bb3) x23 0x00000000
core   0: 0x8000a78e (0x00552223) sw      t0, 4(a0)
core   0: 3 0x8000a78e (0x00552223) mem 0x80022e34 0x8000a44c
core   0: 0x8000a792 (0x0075b333) sltu    t1, a1, t2
core   0: 3 0x8000a792 (0x0075b333) x 6 0x00000001
core   0: 0x8000a796 (0x020aaa33) mulhsu  s4, s5, zero
core   0: 3 0x8000a796 (0x020aaa33) x20 0x00000000
core   0: 0x8000a79a (0x00008f01) c.sub   a4, s0
core   0: 3 0x8000a79a (0x8f01) x14 0x80026801
core   0: 0x8000a79c (0x000088d1) c.andi  s1, 20
core   0: 3 0x8000a79c (0x88d1) x 9 0x00000014
core   0: 0x8000a79e (0x01035913) srli    s2, t1, 16
core   0: 3 0x8000a79e (0x01035913) x18 0x00000000
core   0: 0x8000a7a2 (0x000040a9) c.li    ra, 10
core   0: 3 0x8000a7a2 (0x40a9) x 1 0x0000000a
core   0: 0x8000a7a4 (0x4d3e3d93) sltiu   s11, t3, 1235
core   0: 3 0x8000a7a4 (0x4d3e3d93) x27 0x00000000
core   0: 0x8000a7a8 (0x00008f65) c.and   a4, s1
core   0: 3 0x8000a7a8 (0x8f65) x14 0x00000000
core   0: 0x8000a7aa (0x0202d563) bgez    t0, pc + 42
core   0: 3 0x8000a7aa (0x0202d563)
core   0: 0x8000a7ae (0x00001e10) c.addi4spn a2, sp, 816
core   0: 3 0x8000a7ae (0x1e10) x12 0x00000441
core   0: 0x8000a7b0 (0x01f3f9b3) and     s3, t2, t6
core   0: 3 0x8000a7b0 (0x01f3f9b3) x19 0xbc004250
core   0: 0x8000a7b4 (0x0000100f) fence.i
core   0: 3 0x8000a7b4 (0x0000100f)
core   0: 0x8000a7b8 (0x00008bde) c.mv    s7, s7
core   0: 3 0x8000a7b8 (0x8bde) x23 0x00000000
core   0: 0x8000a7ba (0x0292e133) rem     sp, t0, s1
core   0: 3 0x8000a7ba (0x0292e133) x 2 0xfffffff8
core   0: 0x8000a7be (0x04d88163) beq     a7, a3, pc + 66
core   0: 3 0x8000a7be (0x04d88163)
core   0: 0x8000a7c2 (0x1bafb393) sltiu   t2, t6, 442
core   0: 3 0x8000a7c2 (0x1bafb393) x 7 0x00000000
core   0: 0x8000a7c6 (0x80f67b93) andi    s7, a2, -2033
core   0: 3 0x8000a7c6 (0x80f67b93) x23 0x00000001
core   0: 0x8000a7ca (0x022741b3) div     gp, a4, sp
core   0: 3 0x8000a7ca (0x022741b3) x 3 0x00000000
core   0: 0x8000a7ce (0x00000001) c.nop
core   0: 3 0x8000a7ce (0x0001)
core   0: 0x8000a7d0 (0x01027cb3) and     s9, tp, a6
core   0: 3 0x8000a7d0 (0x01027cb3) x25 0x00000000
core   0: 0x8000a7d4 (0xad306db7) lui     s11, 0xad306
core   0: 3 0x8000a7d4 (0xad306db7) x27 0xad306000
core   0: 0x8000a7d8 (0x01b4bf33) sltu    t5, s1, s11
core   0: 3 0x8000a7d8 (0x01b4bf33) x30 0x00000001
core   0: 0x8000a7dc (0x00008f49) c.or    a4, a0
core   0: 3 0x8000a7dc (0x8f49) x14 0x80022e30
core   0: 0x8000a7de (0x00c8c433) xor     s0, a7, a2
core   0: 3 0x8000a7de (0x00c8c433) x 8 0xfffffffb
core   0: 0x8000a7e2 (0x017739b3) sltu    s3, a4, s7
core   0: 3 0x8000a7e2 (0x017739b3) x19 0x00000000
core   0: 0x8000a7e6 (0x02fed7b3) divu    a5, t4, a5
core   0: 3 0x8000a7e6 (0x02fed7b3) x15 0x00000000
core   0: 0x8000a7ea (0x01b61d63) bne     a2, s11, pc + 26
core   0: 3 0x8000a7ea (0x01b61d63)
core   0: 0x8000a804 (0x00008ff9) c.and   a5, a4
core   0: 3 0x8000a804 (0x8ff9) x15 0x00000000
core   0: 0x8000a806 (0x41240eb3) sub     t4, s0, s2
core   0: 3 0x8000a806 (0x41240eb3) x29 0xfffffffb
core   0: 0x8000a80a (0x000002fa) c.slli  t0, 30
core   0: 3 0x8000a80a (0x02fa) x 5 0x00000000
core   0: 0x8000a80c (0x02d70933) mul     s2, a4, a3
core   0: 3 0x8000a80c (0x02d70933) x18 0x00000000
core   0: 0x8000a810 (0x00008e49) c.or    a2, a0
core   0: 3 0x8000a810 (0x8e49) x12 0x80022e71
core   0: 0x8000a812 (0x001f96b3) sll     a3, t6, ra
core   0: 3 0x8000a812 (0x001f96b3) x13 0x49a96400
core   0: 0x8000a816 (0x00006609) c.lui   a2, 0x2
core   0: 3 0x8000a816 (0x6609) x12 0x00002000
core   0: 0x8000a818 (0x47006293) ori     t0, zero, 1136
core   0: 3 0x8000a818 (0x47006293) x 5 0x00000470
core   0: 0x8000a81c (0x24772d13) slti    s10, a4, 583
core   0: 3 0x8000a81c (0x24772d13) x26 0x00000001
core   0: 0x8000a820 (0x00452283) lw      t0, 4(a0)
core   0: 3 0x8000a820 (0x00452283) x 5 0x8000a44c mem 0x80022e34
core   0: 0x8000a824 (0x00000001) c.nop
core   0: 3 0x8000a824 (0x0001)
core   0: 0x8000a826 (0x000082cd) c.srli  a3, 19
core   0: 3 0x8000a826 (0x82cd) x13 0x00000935
core   0: 0x8000a828 (0x02050513) addi    a0, a0, 32
core   0: 3 0x8000a828 (0x02050513) x10 0x80022e50
core   0: 0x8000a82c (0x000091d6) c.add   gp, s5
core   0: 3 0x8000a82c (0x91d6) x 3 0xfffff909
core   0: 0x8000a82e (0x00028813) mv      a6, t0
core   0: 3 0x8000a82e (0x00028813) x16 0x8000a44c
core   0: 0x8000a832 (0x00009802) c.jalr  a6
core   0: 3 0x8000a832 (0x9802) x 1 0x8000a834
core   0: 0x8000a44c (0x02b2a9b3) mulhsu  s3, t0, a1
core   0: 3 0x8000a44c (0x02b2a9b3) x19 0xbfff1bb5
core   0: 0x8000a450 (0x000083a5) c.srli  a5, 9
core   0: 3 0x8000a450 (0x83a5) x15 0x00000000
core   0: 0x8000a452 (0x0035de63) bge     a1, gp, pc + 28
core   0: 3 0x8000a452 (0x0035de63)
core   0: 0x8000a456 (0xaf2f6413) ori     s0, t5, -1294
core   0: 3 0x8000a456 (0xaf2f6413) x 8 0xfffffaf3
core   0: 0x8000a45a (0xb4c7b993) sltiu   s3, a5, -1204
core   0: 3 0x8000a45a (0xb4c7b993) x19 0x00000001
core   0: 0x8000a45e (0x00008f71) c.and   a4, a2
core   0: 3 0x8000a45e (0x8f71) x14 0x00002000
core   0: 0x8000a460 (0x68f26d13) ori     s10, tp, 1679
core   0: 3 0x8000a460 (0x68f26d13) x26 0x0000068f
core   0: 0x8000a464 (0x41cf5433) sra     s0, t5, t3
core   0: 3 0x8000a464 (0x41cf5433) x 8 0x00000000
core   0: 0x8000a468 (0x00008e16) c.mv    t3, t0
core   0: 3 0x8000a468 (0x8e16) x28 0x8000a44c
core   0: 0x8000a46a (0x004dbd33) sltu    s10, s11, tp
core   0: 3 0x8000a46a (0x004dbd33) x26 0x00000000
core   0: 0x8000a46e (0x00b9dc33) srl     s8, s3, a1
core   0: 3 0x8000a46e (0x00b9dc33) x24 0x00000000
core   0: 0x8000a472 (0x00452283) lw      t0, 4(a0)
core   0: 3 0x8000a472 (0x00452283) x 5 0x8000a384 mem 0x80022e54
core   0: 0x8000a476 (0x01bc0eb3) add     t4, s8, s11
core   0: 3 0x8000a476 (0x01bc0eb3) x29 0xad306000
core   0: 0x8000a47a (0x7ed7cf93) xori    t6, a5, 2029
core   0: 3 0x8000a47a (0x7ed7cf93) x31 0x000007ed
core   0: 0x8000a47e (0x00609d93) slli    s11, ra, 6
core   0: 3 0x8000a47e (0x00609d93) x27 0x002a0d00
core   0: 0x8000a482 (0x00000521) c.addi  a0, 8
core   0: 3 0x8000a482 (0x0521) x10 0x80022e58
core   0: 0x8000a484 (0x00009e86) c.add   t4, ra
core   0: 3 0x8000a484 (0x9e86) x29 0x2d310834
core   0: 0x8000a486 (0x0000100f) fence.i
core   0: 3 0x8000a486 (0x0000100f)
core   0: 0x8000a48a (0x006aeab3) or      s5, s5, t1
core   0: 3 0x8000a48a (0x006aeab3) x21 0xfffff909
core   0: 0x8000a48e (0xa2c63113) sltiu   sp, a2, -1492
core   0: 3 0x8000a48e (0xa2c63113) x 2 0x00000001
core   0: 0x8000a492 (0x00028393) mv      t2, t0
core   0: 3 0x8000a492 (0x00028393) x 7 0x8000a384
core   0: 0x8000a496 (0x000383e7) jalr    t2, t2, 0
core   0: 3 0x8000a496 (0x000383e7) x 7 0x8000a49a
core   0: 0x8000a384 (0x00008619) c.srai  a2, 6
core   0: 3 0x8000a384 (0x8619) x12 0x00000080
core   0: 0x8000a386 (0x02d3c0b3) div     ra, t2, a3
core   0: 3 0x8000a386 (0x02d3c0b3) x 1 0xfff2190d
core   0: 0x8000a38a (0x7d3f4a13) xori    s4, t5, 2003
core   0: 3 0x8000a38a (0x7d3f4a13) x20 0x000007d2
core   0: 0x8000a38e (0xffffe297) auipc   t0, 0xffffe
core   0: 3 0x8000a38e (0xffffe297) x 5 0x8000838e
core   0: 0x8000a392 (0x98828293) addi    t0, t0, -1656
core   0: 3 0x8000a392 (0x98828293) x 5 0x80007d16
core   0: 0x8000a396 (0x000012a5) c.addi  t0, -23
core   0: 3 0x8000a396 (0x12a5) x 5 0x80007cff
core   0: 0x8000a398 (0x00008fdd) c.or    a5, a5
core   0: 3 0x8000a398 (0x8fdd) x15 0x00000000
core   0: 0x8000a39a (0x0192c733) xor     a4, t0, s9
core   0: 3 0x8000a39a (0x0192c733) x14 0x80007cff
core   0: 0x8000a39e (0x6cc1ee93) ori     t4, gp, 1740
core   0: 3 0x8000a39e (0x6cc1ee93) x29 0xffffffcd
core   0: 0x8000a3a2 (0x33d9c713) xori    a4, s3, 829
core   0: 3 0x8000a3a2 (0x33d9c713) x14 0x0000033c
core   0: 0x8000a3a6 (0x00008435) c.srai  s0, 13
core   0: 3 0x8000a3a6 (0x8435) x 8 0x00000000
core   0: 0x8000a3a8 (0x00006111) c.addi16sp sp, 256
core   0: 3 0x8000a3a8 (0x6111) x 2 0x00000101
core   0: 0x8000a3aa (0x018282e7) jalr    t0, t0, 24
core   0: 3 0x8000a3aa (0x018282e7) x 5 0x8000a3ae
core   0: 0x80007d16 (0x01870a33) add     s4, a4, s8
core   0: 3 0x80007d16 (0x01870a33) x20 0x0000033c
core   0: 0x80007d1a (0x023e37b3) mulhu   a5, t3, gp
core   0: 3 0x80007d1a (0x023e37b3) x15 0x8000a0d0
core   0: 0x80007d1e (0xfdc50513) addi    a0, a0, -36
core   0: 3 0x80007d1e (0xfdc50513) x10 0x80022e34
core   0: 0x80007d22 (0x00009d7a) c.add   s10, t5
core   0: 3 0x80007d22 (0x9d7a) x26 0x00000001
core   0: 0x80007d24 (0x00552223) sw      t0, 4(a0)
core   0: 3 0x80007d24 (0x00552223) mem 0x80022e38 0x8000a3ae
core   0: 0x80007d28 (0x00000001) c.nop
core   0: 3 0x80007d28 (0x0001)
core   0: 0x80007d2a (0x00008fb5) c.xor   a5, a3
core   0: 3 0x80007d2a (0x8fb5) x15 0x8000a9e5
core   0: 0x80007d2c (0x00012197) auipc   gp, 0x12
core   0: 3 0x80007d2c (0x00012197) x 3 0x80019d2c
core   0: 0x80007d30 (0xa9018193) addi    gp, gp, -1392
core   0: 3 0x80007d30 (0xa9018193) x 3 0x800197bc
core   0: 0x80007d34 (0xfdd19423) sh      t4, -56(gp)
core   0: 3 0x80007d34 (0xfdd19423) mem 0x80019784 0xffcd
core   0: 0x80007d38 (0xfe31c983) lbu     s3, -29(gp)
core   0: 3 0x80007d38 (0xfe31c983) x19 0x00000054 mem 0x8001979f
core   0: 0x80007d3c (0xfe91c283) lbu     t0, -23(gp)
core   0: 3 0x80007d3c (0xfe91c283) x 5 0x0000005e mem 0x800197a5
core   0: 0x80007d40 (0x01c0d793) srli    a5, ra, 28
core   0: 3 0x80007d40 (0x01c0d793) x15 0x0000000f
core   0: 0x80007d44 (0xfc21cf03) lbu     t5, -62(gp)
core   0: 3 0x80007d44 (0xfc21cf03) x30 0x00000035 mem 0x8001977e
core   0: 0x80007d48 (0xc82bb913) sltiu   s2, s7, -894
core   0: 3 0x80007d48 (0xc82bb913) x18 0x00000001
core   0: 0x80007d4c (0x012d3db3) sltu    s11, s10, s2
core   0: 3 0x80007d4c (0x012d3db3) x27 0x00000000
core   0: 0x80007d50 (0x02218523) sb      sp, 42(gp)
core   0: 3 0x80007d50 (0x02218523) mem 0x800197e6 0x1
core   0: 0x80007d54 (0xfcd1ca03) lbu     s4, -51(gp)
core   0: 3 0x80007d54 (0xfcd1ca03) x20 0x00000042 mem 0x80019789
core   0: 0x80007d58 (0x40ae5813) srai    a6, t3, 10
core   0: 3 0x80007d58 (0x40ae5813) x16 0xffe00029
core   0: 0x80007d5c (0x02668bb3) mul     s7, a3, t1
core   0: 3 0x80007d5c (0x02668bb3) x23 0x00000935
core   0: 0x80007d60 (0x0331c303) lbu     t1, 51(gp)
core   0: 3 0x80007d60 (0x0331c303) x 6 0x000000a4 mem 0x800197ef
core   0: 0x80007d64 (0xff31c303) lbu     t1, -13(gp)
core   0: 3 0x80007d64 (0xff31c303) x 6 0x00000064 mem 0x800197af
core   0: 0x80007d68 (0x03e5c933) div     s2, a1, t5
core   0: 3 0x80007d68 (0x03e5c933) x18 0xfd95c818
core   0: 0x80007d6c (0x0111ca03) lbu     s4, 17(gp)
core   0: 3 0x80007d6c (0x0111ca03) x20 0x00000086 mem 0x800197cd
core   0: 0x80007d70 (0x00006dd1) c.lui   s11, 0x14
core   0: 3 0x80007d70 (0x6dd1) x27 0x00014000
core   0: 0x80007d72 (0x00008f41) c.or    a4, s0
core   0: 3 0x80007d72 (0x8f41) x14 0x0000033c
core   0: 0x80007d74 (0x005181a3) sb      t0, 3(gp)
core   0: 3 0x80007d74 (0x005181a3) mem 0x800197bf 0x5e
core   0: 0x80007d78 (0x0361c103) lbu     sp, 54(gp)
core   0: 3 0x80007d78 (0x0361c103) x 2 0x000000a9 mem 0x800197f2
core   0: 0x80007d7c (0x00001afd) c.addi  s5, -1
core   0: 3 0x80007d7c (0x1afd) x21 0xfffff908
core   0: 0x80007d7e (0xfe0186a3) sb      zero, -19(gp)
core   0: 3 0x80007d7e (0xfe0186a3) mem 0x800197a9 0x0
core   0: 0x80007d82 (0x04018d83) lb      s11, 64(gp)
core   0: 3 0x80007d82 (0x04018d83) x27 0xffffffb7 mem 0x800197fc
core   0: 0x80007d86 (0x03718c03) lb      s8, 55(gp)
core   0: 3 0x80007d86 (0x03718c03) x24 0xffffffa8 mem 0x800197f3
core   0: 0x80007d8a (0x03d839b3) mulhu   s3, a6, t4
core   0: 3 0x80007d8a (0x03d839b3) x19 0xffdffff6
core   0: 0x80007d8e (0xfcd1c283) lbu     t0, -51(gp)
core   0: 3 0x80007d8e (0xfcd1c283) x 5 0x00000042 mem 0x80019789
core   0: 0x80007d92 (0xff418683) lb      a3, -12(gp)
core   0: 3 0x80007d92 (0xff418683) x13 0x0000006b mem 0x800197b0
core   0: 0x80007d96 (0x01618ca3) sb      s6, 25(gp)
core   0: 3 0x80007d96 (0x01618ca3) mem 0x800197d5 0x8
core   0: 0x80007d9a (0x01f18ea3) sb      t6, 29(gp)
core   0: 3 0x80007d9a (0x01f18ea3) mem 0x800197d9 0xed
core   0: 0x80007d9e (0xfc718fa3) sb      t2, -33(gp)
core   0: 3 0x80007d9e (0xfc718fa3) mem 0x8001979b 0x9a
core   0: 0x80007da2 (0xc59fe697) auipc   a3, 0xc59fe
core   0: 3 0x80007da2 (0xc59fe697) x13 0x45a05da2
core   0: 0x80007da6 (0x853afc13) andi    s8, s5, -1965
core   0: 3 0x80007da6 (0x853afc13) x24 0xfffff800
core   0: 0x80007daa (0x01918f83) lb      t6, 25(gp)
core   0: 3 0x80007daa (0x01918f83) x31 0x00000008 mem 0x800197d5
core   0: 0x80007dae (0xfd51cc03) lbu     s8, -43(gp)
core   0: 3 0x80007dae (0xfd51cc03) x24 0x0000004a mem 0x80019791
core   0: 0x80007db2 (0x03118223) sb      a7, 36(gp)
core   0: 3 0x80007db2 (0x03118223) mem 0x800197e0 0xba
core   0: 0x80007db6 (0xff81a103) lw      sp, -8(gp)
core   0: 3 0x80007db6 (0xff81a103) x 2 0x6c6d6e6f mem 0x800197b4
core   0: 0x80007dba (0xfe918c03) lb      s8, -23(gp)
core   0: 3 0x80007dba (0xfe918c03) x24 0x0000005e mem 0x800197a5
core   0: 0x80007dbe (0x0101ae03) lw      t3, 16(gp)
core   0: 3 0x80007dbe (0x0101ae03) x28 0x84858687 mem 0x800197cc
core   0: 0x80007dc2 (0xfc21c883) lbu     a7, -62(gp)
core   0: 3 0x80007dc2 (0xfc21c883) x17 0x00000035 mem 0x8001977e
core   0: 0x80007dc6 (0x00008fb1) c.xor   a5, a2
core   0: 3 0x80007dc6 (0x8fb1) x15 0x0000008f
core   0: 0x80007dc8 (0x00e18083) lb      ra, 14(gp)
core   0: 3 0x80007dc8 (0x00e18083) x 1 0xffffff81 mem 0x800197ca
core   0: 0x80007dcc (0x0301d683) lhu     a3, 48(gp)
core   0: 3 0x80007dcc (0x0301d683) x13 0x0000a6a7 mem 0x800197ec
core   0: 0x80007dd0 (0x00006117) auipc   sp, 0x6
core   0: 3 0x80007dd0 (0x00006117) x 2 0x8000ddd0
core   0: 0x80007dd4 (0x05410113) addi    sp, sp, 84
core   0: 3 0x80007dd4 (0x05410113) x 2 0x8000de24
core   0: 0x80007dd8 (0xb68cf693) andi    a3, s9, -1176
core   0: 3 0x80007dd8 (0xb68cf693) x13 0x00000000
core   0: 0x80007ddc (0x00008419) c.srai  s0, 6
core   0: 3 0x80007ddc (0x8419) x 8 0x00000000
core   0: 0x80007dde (0x000052c6) c.lwsp  t0, 112(sp)
core   0: 3 0x80007dde (0x52c6) x 5 0x4c4d4e4f mem 0x8000de94
core   0: 0x80007de0 (0x00006bf9) c.lui   s7, 0x1e
core   0: 3 0x80007de0 (0x6bf9) x23 0x0001e000
core   0: 0x80007de2 (0x417b5913) srai    s2, s6, 23
core   0: 3 0x80007de2 (0x417b5913) x18 0x00000000
core   0: 0x80007de6 (0x00009b7d) c.andi  a4, -1
core   0: 3 0x80007de6 (0x9b7d) x14 0x0000033c
core   0: 0x80007de8 (0xfa614d83) lbu     s11, -90(sp)
core   0: 3 0x80007de8 (0xfa614d83) x27 0x00000081 mem 0x8000ddca
core   0: 0x80007dec (0x0b014483) lbu     s1, 176(sp)
core   0: 3 0x80007dec (0x0b014483) x 9 0x0000008f mem 0x8000ded4
core   0: 0x80007df0 (0xf6f10f83) lb      t6, -145(sp)
core   0: 3 0x80007df0 (0xf6f10f83) x31 0x00000048 mem 0x8000dd93
core   0: 0x80007df4 (0x00008f25) c.xor   a4, s1
core   0: 3 0x80007df4 (0x8f25) x14 0x000003b3
core   0: 0x80007df6 (0x00006c75) c.lui   s8, 0x1d
core   0: 3 0x80007df6 (0x6c75) x24 0x0001d000
core   0: 0x80007df8 (0x000098fd) c.andi  s1, -1
core   0: 3 0x80007df8 (0x98fd) x 9 0x0000008f
core   0: 0x80007dfa (0x09f14483) lbu     s1, 159(sp)
core   0: 3 0x80007dfa (0x09f14483) x 9 0x00000078 mem 0x8000dec3
core   0: 0x80007dfe (0xf6e11f83) lh      t6, -146(sp)
core   0: 3 0x80007dfe (0xf6e11f83) x31 0x00004849 mem 0x8000dd92
core   0: 0x80007e02 (0xf9e10a83) lb      s5, -98(sp)
core   0: 3 0x80007e02 (0xf9e10a83) x21 0x00000079 mem 0x8000ddc2
core   0: 0x80007e06 (0x03110123) sb      a7, 34(sp)
core   0: 3 0x80007e06 (0x03110123) mem 0x8000de46 0x35
core   0: 0x80007e0a (0xfd510d03) lb      s10, -43(sp)
core   0: 3 0x80007e0a (0xfd510d03) x26 0xffffffb2 mem 0x8000ddf9
core   0: 0x80007e0e (0x01b14f83) lbu     t6, 27(sp)
core   0: 3 0x80007e0e (0x01b14f83) x31 0x000000f4 mem 0x8000de3f
core   0: 0x80007e12 (0xf0512c23) sw      t0, -232(sp)
core   0: 3 0x80007e12 (0xf0512c23) mem 0x8000dd3c 0x4c4d4e4f
core   0: 0x80007e16 (0xf1511323) sh      s5, -250(sp)
core   0: 3 0x80007e16 (0xf1511323) mem 0x8000dd2a 0x0079
core   0: 0x80007e1a (0x01514303) lbu     t1, 21(sp)
core   0: 3 0x80007e1a (0x01514303) x 6 0x000000f2 mem 0x8000de39
core   0: 0x80007e1e (0x01d8eb33) or      s6, a7, t4
core   0: 3 0x80007e1e (0x01d8eb33) x22 0xfffffffd
core   0: 0x80007e22 (0x0ff0000f) fence   iorw,iorw
core   0: 3 0x80007e22 (0x0ff0000f)
core   0: 0x80007e26 (0x0df14803) lbu     a6, 223(sp)
core   0: 3 0x80007e26 (0x0df14803) x16 0x000000b8 mem 0x8000df03
core   0: 0x80007e2a (0x40f95313) srai    t1, s2, 15
core   0: 3 0x80007e2a (0x40f95313) x 6 0x00000000
core   0: 0x80007e2e (0x01047db3) and     s11, s0, a6
core   0: 3 0x80007e2e (0x01047db3) x27 0x00000000
core   0: 0x80007e32 (0x00006bc1) c.lui   s7, 0x10
core   0: 3 0x80007e32 (0x6bc1) x23 0x00010000
core   0: 0x80007e34 (0x00008f01) c.sub   a4, s0
core   0: 3 0x80007e34 (0x8f01) x14 0x000003b3
core   0: 0x80007e36 (0x05911523) sh      s9, 74(sp)
core   0: 3 0x80007e36 (0x05911523) mem 0x8000de6e 0x0000
core   0: 0x80007e3a (0x00005a7d) c.li    s4, -1
core   0: 3 0x80007e3a (0x5a7d) x20 0xffffffff
core   0: 0x80007e3c (0x02620033) mul     zero, tp, t1
core   0: 3 0x80007e3c (0x02620033)
core   0: 0x80007e40 (0x02114783) lbu     a5, 33(sp)
core   0: 3 0x80007e40 (0x02114783) x15 0x000000fe mem 0x8000de45
core   0: 0x80007e44 (0x00013117) auipc   sp, 0x13
core   0: 3 0x80007e44 (0x00013117) x 2 0x8001ae44
core   0: 0x80007e48 (0x8e110113) addi    sp, sp, -1823
core   0: 3 0x80007e48 (0x8e110113) x 2 0x8001a725
core   0: 0x80007e4c (0x64a60013) addi    zero, a2, 1610
core   0: 3 0x80007e4c (0x64a60013)
core   0: 0x80007e50 (0x75610323) sb      s6, 1862(sp)
core   0: 3 0x80007e50 (0x75610323) mem 0x8001ae6b 0xfd
core   0: 0x80007e54 (0x1d414e83) lbu     t4, 468(sp)
core   0: 3 0x80007e54 (0x1d414e83) x29 0x000000b2 mem 0x8001a8f9
core   0: 0x80007e58 (0xc4315e83) lhu     t4, -957(sp)
core   0: 3 0x80007e58 (0xc4315e83) x29 0x00002223 mem 0x8001a368
core   0: 0x80007e5c (0x6b010403) lb      s0, 1712(sp)
core   0: 3 0x80007e5c (0x6b010403) x 8 0xffffff8e mem 0x8001add5
core   0: 0x80007e60 (0x0ff0000f) fence   iorw,iorw
core   0: 3 0x80007e60 (0x0ff0000f)
core   0: 0x80007e64 (0x00008fc5) c.or    a5, s1
core   0: 3 0x80007e64 (0x8fc5) x15 0x000000fe
core   0: 0x80007e66 (0x18e10003) lb      zero, 398(sp)
core   0: 3 0x80007e66 (0x18e10003) mem 0x8001a8b3
core   0: 0x80007e6a (0x02125933) divu    s2, tp, ra
core   0: 3 0x80007e6a (0x02125933) x18 0x00000000
core   0: 0x80007e6e (0x00009b42) c.add   s6, a6
core   0: 3 0x80007e6e (0x9b42) x22 0x000000b5
core   0: 0x80007e70 (0x0328e733) rem     a4, a7, s2
core   0: 3 0x80007e70 (0x0328e733) x14 0x00000035
core   0: 0x80007e74 (0xa0a18013) addi    zero, gp, -1526
core   0: 3 0x80007e74 (0xa0a18013)
core   0: 0x80007e78 (0x027f0a33) mul     s4, t5, t2
core   0: 3 0x80007e78 (0x027f0a33) x20 0x802213e2
core   0: 0x80007e7c (0x008b5ab3) srl     s5, s6, s0
core   0: 3 0x80007e7c (0x008b5ab3) x21 0x00000000
core   0: 0x80007e80 (0x02cafd33) remu    s10, s5, a2
core   0: 3 0x80007e80 (0x02cafd33) x26 0x00000000
core   0: 0x80007e84 (0x00c7b8b3) sltu    a7, a5, a2
core   0: 3 0x80007e84 (0x00c7b8b3) x17 0x00000000
core   0: 0x80007e88 (0x95010a03) lb      s4, -1712(sp)
core   0: 3 0x80007e88 (0x95010a03) x20 0x0000002e mem 0x8001a075
core   0: 0x80007e8c (0x5e31d337) lui     t1, 0x5e31d
core   0: 3 0x80007e8c (0x5e31d337) x 6 0x5e31d000
core   0: 0x80007e90 (0x01b05a13) srli    s4, zero, 27
core   0: 3 0x80007e90 (0x01b05a13) x20 0x00000000
core   0: 0x80007e94 (0x9e210e83) lb      t4, -1566(sp)
core   0: 3 0x80007e94 (0x9e210e83) x29 0xffffffbc mem 0x8001a107
core   0: 0x80007e98 (0x40cdde33) sra     t3, s11, a2
core   0: 3 0x80007e98 (0x40cdde33) x28 0x00000000
core   0: 0x80007e9c (0x000084c6) c.mv    s1, a7
core   0: 3 0x80007e9c (0x84c6) x 9 0x00000000
core   0: 0x80007e9e (0x92f11283) lh      t0, -1745(sp)
core   0: 3 0x80007e9e (0x92f11283) x 5 0x00000e0f mem 0x8001a054
core   0: 0x80007ea2 (0x00008d7a) c.mv    s10, t5
core   0: 3 0x80007ea2 (0x8d7a) x26 0x00000035
core   0: 0x80007ea4 (0xc0414003) lbu     zero, -1020(sp)
core   0: 3 0x80007ea4 (0xc0414003) mem 0x8001a329
core   0: 0x80007ea8 (0x018cb8b3) sltu    a7, s9, s8
core   0: 3 0x80007ea8 (0x018cb8b3) x17 0x00000001
core   0: 0x80007eac (0x00009312) c.add   t1, tp
core   0: 3 0x80007eac (0x9312) x 6 0x5e31d000
core   0: 0x80007eae (0x410a88b3) sub     a7, s5, a6
core   0: 3 0x80007eae (0x410a88b3) x17 0xffffff48
core   0: 0x80007eb2 (0xeb214e83) lbu     t4, -334(sp)
core   0: 3 0x80007eb2 (0xeb214e83) x29 0x0000008c mem 0x8001a5d7
core   0: 0x80007eb6 (0x009e9c33) sll     s8, t4, s1
core   0: 3 0x80007eb6 (0x009e9c33) x24 0x0000008c
core   0: 0x80007eba (0x016eaa33) slt     s4, t4, s6
core   0: 3 0x80007eba (0x016eaa33) x20 0x00000001
core   0: 0x80007ebe (0x00006f99) c.lui   t6, 0x6
core   0: 3 0x80007ebe (0x6f99) x31 0x00006000
core   0: 0x80007ec0 (0x000090be) c.add   ra, a5
core   0: 3 0x80007ec0 (0x90be) x 1 0x0000007f
core   0: 0x80007ec2 (0x00008c99) c.sub   s1, a4
core   0: 3 0x80007ec2 (0x8c99) x 9 0xffffffcb
core   0: 0x80007ec4 (0x00fb5413) srli    s0, s6, 15
core   0: 3 0x80007ec4 (0x00fb5413) x 8 0x00000000
core   0: 0x80007ec8 (0x03a75db3) divu    s11, a4, s10
core   0: 3 0x80007ec8 (0x03a75db3) x27 0x00000001
core   0: 0x80007ecc (0x009c4cb3) xor     s9, s8, s1
core   0: 3 0x80007ecc (0x009c4cb3) x25 0xffffff47
core   0: 0x80007ed0 (0xf8a10003) lb      zero, -118(sp)
core   0: 3 0x80007ed0 (0xf8a10003) mem 0x8001a6af
core   0: 0x80007ed4 (0x00010b97) auipc   s7, 0x10
core   0: 3 0x80007ed4 (0x00010b97) x23 0x80017ed4
core   0: 0x80007ed8 (0x79bb8b93) addi    s7, s7, 1947
core   0: 3 0x80007ed8 (0x79bb8b93) x23 0x8001866f
core   0: 0x80007edc (0x0a8bc683) lbu     a3, 168(s7)
core   0: 3 0x80007edc (0x0a8bc683) x13 0x000000cc mem 0x80018717
core   0: 0x80007ee0 (0x000080b5) c.srli  s1, 13
core   0: 3 0x80007ee0 (0x80b5) x 9 0x0007ffff
core   0: 0x80007ee2 (0xf01b8983) lb      s3, -255(s7)
core   0: 3 0x80007ee2 (0xf01b8983) x19 0x0000002b mem 0x80018570
core   0: 0x80007ee6 (0x412888b3) sub     a7, a7, s2
core   0: 3 0x80007ee6 (0x412888b3) x17 0xffffff48
core   0: 0x80007eea (0xfc3ba0a3) sw      gp, -63(s7)
core   0: 3 0x80007eea (0xfc3ba0a3) mem 0x80018630 0x800197bc
core   0: 0x80007eee (0x004b8c83) lb      s9, 4(s7)
core   0: 3 0x80007eee (0x004b8c83) x25 0x00000028 mem 0x80018673
core   0: 0x80007ef2 (0x03dbc803) lbu     a6, 61(s7)
core   0: 3 0x80007ef2 (0x03dbc803) x16 0x00000067 mem 0x800186ac
core   0: 0x80007ef6 (0x00845993) srli    s3, s0, 8
core   0: 3 0x80007ef6 (0x00845993) x19 0x00000000
core   0: 0x80007efa (0xf6ebca83) lbu     s5, -146(s7)
core   0: 3 0x80007efa (0xf6ebca83) x21 0x00000096 mem 0x800185dd
core   0: 0x80007efe (0x00008e1d) c.sub   a2, a5
core   0: 3 0x80007efe (0x8e1d) x12 0xffffff82
core   0: 0x80007f00 (0x0ffb98a3) sh      t6, 241(s7)
core   0: 3 0x80007f00 (0x0ffb98a3) mem 0x80018760 0x6000
core   0: 0x80007f04 (0x011b0333) add     t1, s6, a7
core   0: 3 0x80007f04 (0x011b0333) x 6 0xfffffffd
core   0: 0x80007f08 (0xfe6bc903) lbu     s2, -26(s7)
core   0: 3 0x80007f08 (0xfe6bc903) x18 0x0000000e mem 0x80018655
core   0: 0x80007f0c (0x4b59a893) slti    a7, s3, 1205
core   0: 3 0x80007f0c (0x4b59a893) x17 0x00000001
core   0: 0x80007f10 (0x0eab8723) sb      a0, 238(s7)
core   0: 3 0x80007f10 (0x0eab8723) mem 0x8001875d 0x34
core   0: 0x80007f14 (0xf1eb8783) lb      a5, -226(s7)
core   0: 3 0x80007f14 (0xf1eb8783) x15 0x00000046 mem 0x8001858d
core   0: 0x80007f18 (0xf29b9ba3) sh      s1, -201(s7)
core   0: 3 0x80007f18 (0xf29b9ba3) mem 0x800185a6 0xffff
core   0: 0x80007f1c (0x00001a84) c.addi4spn s1, sp, 368
core   0: 3 0x80007f1c (0x1a84) x 9 0x8001a895
core   0: 0x80007f1e (0x00008fed) c.and   a5, a1
core   0: 3 0x80007f1e (0x8fed) x15 0x00000044
core   0: 0x80007f20 (0x031b9e03) lh      t3, 49(s7)
core   0: 3 0x80007f20 (0x031b9e03) x28 0x00005a5b mem 0x800186a0
core   0: 0x80007f24 (0x00605b33) srl     s6, zero, t1
core   0: 3 0x80007f24 (0x00605b33) x22 0x00000000
core   0: 0x80007f28 (0x00bbd083) lhu     ra, 11(s7)
core   0: 3 0x80007f28 (0x00bbd083) x 1 0x00003031 mem 0x8001867a
core   0: 0x80007f2c (0x41c0d093) srai    ra, ra, 28
core   0: 3 0x80007f2c (0x41c0d093) x 1 0x00000000
core   0: 0x80007f30 (0xf35b9fa3) sh      s5, -193(s7)
core   0: 3 0x80007f30 (0xf35b9fa3) mem 0x800185ae 0x0096
core   0: 0x80007f34 (0x023c5733) divu    a4, s8, gp
core   0: 3 0x80007f34 (0x023c5733) x14 0x00000000
core   0: 0x80007f38 (0x02a7ef33) rem     t5, a5, a0
core   0: 3 0x80007f38 (0x02a7ef33) x30 0x00000044
core   0: 0x80007f3c (0x00006165) c.addi16sp sp, 112
core   0: 3 0x80007f3c (0x6165) x 2 0x8001a795
core   0: 0x80007f3e (0x41acdc93) srai    s9, s9, 26
core   0: 3 0x80007f3e (0x41acdc93) x25 0x00000000
core   0: 0x80007f42 (0x00006d51) c.lui   s10, 0x14
core   0: 3 0x80007f42 (0x6d51) x26 0x00014000
core   0: 0x80007f44 (0x0058d333) srl     t1, a7, t0
core   0: 3 0x80007f44 (0x0058d333) x 6 0x00000000
core   0: 0x80007f48 (0x0edb8023) sb      a3, 224(s7)
core   0: 3 0x80007f48 (0x0edb8023) mem 0x8001874f 0xcc
core   0: 0x80007f4c (0x059bd383) lhu     t2, 89(s7)
core   0: 3 0x80007f4c (0x059bd383) x 7 0x00008283 mem 0x800186c8
core   0: 0x80007f50 (0x00008c09) c.sub   s0, a0
core   0: 3 0x80007f50 (0x8c09) x 8 0x7ffdd1cc
core   0: 0x80007f52 (0xf4bb8823) sb      a1, -176(s7)
core   0: 3 0x80007f52 (0xf4bb8823) mem 0x800185bf 0xe4
core   0: 0x80007f56 (0xac04ae93) slti    t4, s1, -1344
core   0: 3 0x80007f56 (0xac04ae93) x29 0x00000001
core   0: 0x80007f5a (0x053b9603) lh      a2, 83(s7)
core   0: 3 0x80007f5a (0x053b9603) x12 0x00007879 mem 0x800186c2
core   0: 0x80007f5e (0xf26b8b23) sb      t1, -202(s7)
core   0: 3 0x80007f5e (0xf26b8b23) mem 0x800185a5 0x0
core   0: 0x80007f62 (0x0181c1b3) xor     gp, gp, s8
core   0: 3 0x80007f62 (0x0181c1b3) x 3 0x80019730
core   0: 0x80007f66 (0xfa7b8303) lb      t1, -89(s7)
core   0: 3 0x80007f66 (0xfa7b8303) x 6 0xffffffcd mem 0x80018616
core   0: 0x80007f6a (0xa0580a13) addi    s4, a6, -1531
core   0: 3 0x80007f6a (0xa0580a13) x20 0xfffffa6c
core   0: 0x80007f6e (0xf9ee6813) ori     a6, t3, -98
core   0: 3 0x80007f6e (0xf9ee6813) x16 0xffffffdf
core   0: 0x80007f72 (0x0089cf33) xor     t5, s3, s0
core   0: 3 0x80007f72 (0x0089cf33) x30 0x7ffdd1cc
core   0: 0x80007f76 (0xf7fbdf03) lhu     t5, -129(s7)
core   0: 3 0x80007f76 (0xf7fbdf03) x30 0x0000a4a5 mem 0x800185ee
core   0: 0x80007f7a (0x00012c17) auipc   s8, 0x12
core   0: 3 0x80007f7a (0x00012c17) x24 0x80019f7a
core   0: 0x80007f7e (0xc39c0c13) addi    s8, s8, -967
core   0: 3 0x80007f7e (0xc39c0c13) x24 0x80019bb3
core   0: 0x80007f82 (0x023c5483) lhu     s1, 35(s8)
core   0: 3 0x80007f82 (0x023c5483) x 9 0x00008c8d mem 0x80019bd6
core   0: 0x80007f86 (0x01bc4403) lbu     s0, 27(s8)
core   0: 3 0x80007f86 (0x01bc4403) x 8 0x00000085 mem 0x80019bce
core   0: 0x80007f8a (0x00008f3d) c.xor   a4, a5
core   0: 3 0x80007f8a (0x8f3d) x14 0x00000044
core   0: 0x80007f8c (0x01ac4783) lbu     a5, 26(s8)
core   0: 3 0x80007f8c (0x01ac4783) x15 0x00000086 mem 0x80019bcd
core   0: 0x80007f90 (0xfccc0003) lb      zero, -52(s8)
core   0: 3 0x80007f90 (0xfccc0003) mem 0x80019b7f
core   0: 0x80007f94 (0x000017fd) c.addi  a5, -1
core   0: 3 0x80007f94 (0x17fd) x15 0x00000085
core   0: 0x80007f96 (0xfdcc4303) lbu     t1, -36(s8)
core   0: 3 0x80007f96 (0xfdcc4303) x 6 0x00000044 mem 0x80019b8f
core   0: 0x80007f9a (0xc13640b7) lui     ra, 0xc1364
core   0: 3 0x80007f9a (0xc13640b7) x 1 0xc1364000
core   0: 0x80007f9e (0xfe4c22a3) sw      tp, -27(s8)
core   0: 3 0x80007f9e (0xfe4c22a3) mem 0x80019b98 0x00000000
core   0: 0x80007fa2 (0x6d912b13) slti    s6, sp, 1753
core   0: 3 0x80007fa2 (0x6d912b13) x22 0x00000001
core   0: 0x80007fa6 (0x2572f713) andi    a4, t0, 599
core   0: 3 0x80007fa6 (0x2572f713) x14 0x00000207
core   0: 0x80007faa (0x023c5103) lhu     sp, 35(s8)
core   0: 3 0x80007faa (0x023c5103) x 2 0x00008c8d mem 0x80019bd6
core   0: 0x80007fae (0x034e22b3) mulhsu  t0, t3, s4
core   0: 3 0x80007fae (0x034e22b3) x 5 0x00005a5a
core   0: 0x80007fb2 (0x0391b0b3) mulhu   ra, gp, s9
core   0: 3 0x80007fb2 (0x0391b0b3) x 1 0x00000000
core   0: 0x80007fb6 (0x006c0e23) sb      t1, 28(s8)
core   0: 3 0x80007fb6 (0x006c0e23) mem 0x80019bcf 0x44
core   0: 0x80007fba (0xfcec2aa3) sw      a4, -43(s8)
core   0: 3 0x80007fba (0xfcec2aa3) mem 0x80019b88 0x00000207
core   0: 0x80007fbe (0xff6c4803) lbu     a6, -10(s8)
core   0: 3 0x80007fbe (0xff6c4803) x16 0x00000062 mem 0x80019ba9
core   0: 0x80007fc2 (0x030c8133) mul     sp, s9, a6
core   0: 3 0x80007fc2 (0x030c8133) x 2 0x00000000
core   0: 0x80007fc6 (0xffac4a03) lbu     s4, -6(s8)
core   0: 3 0x80007fc6 (0xffac4a03) x20 0x00000066 mem 0x80019bad
core   0: 0x80007fca (0xfe6c0c83) lb      s9, -26(s8)
core   0: 3 0x80007fca (0xfe6c0c83) x25 0x00000000 mem 0x80019b99
core   0: 0x80007fce (0xfe4c0ba3) sb      tp, -9(s8)
core   0: 3 0x80007fce (0xfe4c0ba3) mem 0x80019baa 0x0
core   0: 0x80007fd2 (0x02ddc7b3) div     a5, s11, a3
core   0: 3 0x80007fd2 (0x02ddc7b3) x15 0x00000000
core   0: 0x80007fd6 (0x01565993) srli    s3, a2, 21
core   0: 3 0x80007fd6 (0x01565993) x19 0x00000000
core   0: 0x80007fda (0xff6c4103) lbu     sp, -10(s8)
core   0: 3 0x80007fda (0xff6c4103) x 2 0x00000062 mem 0x80019ba9
core   0: 0x80007fde (0xfd4c0783) lb      a5, -44(s8)
core   0: 3 0x80007fde (0xfd4c0783) x15 0x0000003c mem 0x80019b87
core   0: 0x80007fe2 (0x00000422) c.slli  s0, 8
core   0: 3 0x80007fe2 (0x0422) x 8 0x00008500
core   0: 0x80007fe4 (0xfeac0283) lb      t0, -22(s8)
core   0: 3 0x80007fe4 (0xfeac0283) x 5 0x00000056 mem 0x80019b9d
core   0: 0x80007fe8 (0x9acfcd13) xori    s10, t6, -1620
core   0: 3 0x80007fe8 (0x9acfcd13) x26 0xffff99ac
core   0: 0x80007fec (0x0000876d) c.srai  a4, 27
core   0: 3 0x80007fec (0x876d) x14 0x00000000
core   0: 0x80007fee (0x02c007b3) mul     a5, zero, a2
core   0: 3 0x80007fee (0x02c007b3) x15 0x00000000
core   0: 0x80007ff2 (0x00fc5e83) lhu     t4, 15(s8)
core   0: 3 0x80007ff2 (0x00fc5e83) x29 0x00007879 mem 0x80019bc2
core   0: 0x80007ff6 (0x034c09a3) sb      s4, 51(s8)
core   0: 3 0x80007ff6 (0x034c09a3) mem 0x80019be6 0x66
core   0: 0x80007ffa (0x00009bce) c.add   s7, s3
core   0: 3 0x80007ffa (0x9bce) x23 0x8001866f
core   0: 0x80007ffc (0x00367933) and     s2, a2, gp
core   0: 3 0x80007ffc (0x00367933) x18 0x00001030
core   0: 0x80008000 (0xfc9c0f23) sb      s1, -34(s8)
core   0: 3 0x80008000 (0xfc9c0f23) mem 0x80019b91 0x8d
core   0: 0x80008004 (0x00011117) auipc   sp, 0x11
core   0: 3 0x80008004 (0x00011117) x 2 0x80019004
core   0: 0x80008008 (0x1fd10113) addi    sp, sp, 509
core   0: 3 0x80008008 (0x1fd10113) x 2 0x80019201
core   0: 0x8000800c (0x0049eab3) or      s5, s3, tp
core   0: 3 0x8000800c (0x0049eab3) x21 0x00000000
core   0: 0x80008010 (0x004b5f33) srl     t5, s6, tp
core   0: 3 0x80008010 (0x004b5f33) x30 0x00000001
core   0: 0x80008014 (0xf1910f23) sb      s9, -226(sp)
core   0: 3 0x80008014 (0xf1910f23) mem 0x8001911f 0x0
core   0: 0x80008018 (0x02f15d83) lhu     s11, 47(sp)
core   0: 3 0x80008018 (0x02f15d83) x27 0x0000eaeb mem 0x80019230
core   0: 0x8000801c (0xfc3111a3) sh      gp, -61(sp)
core   0: 3 0x8000801c (0xfc3111a3) mem 0x800191c4 0x9730
core   0: 0x80008020 (0x0dc14b83) lbu     s7, 220(sp)
core   0: 3 0x80008020 (0x0dc14b83) x23 0x00000096 mem 0x800192dd
core   0: 0x80008024 (0x00fa41b3) xor     gp, s4, a5
core   0: 3 0x80008024 (0x00fa41b3) x 3 0x00000066
core   0: 0x80008028 (0x1a40f413) andi    s0, ra, 420
core   0: 3 0x80008028 (0x1a40f413) x 8 0x00000000
core   0: 0x8000802c (0x00008e29) c.xor   a2, a0
core   0: 3 0x8000802c (0x8e29) x12 0x8002564d
core   0: 0x8000802e (0xfb810903) lb      s2, -72(sp)
core   0: 3 0x8000802e (0xfb810903) x18 0x00000072 mem 0x800191b9
core   0: 0x80008032 (0xb8af6717) auipc   a4, 0xb8af6
core   0: 3 0x80008032 (0xb8af6717) x14 0x38afe032
core   0: 0x80008036 (0x00785e33) srl     t3, a6, t2
core   0: 3 0x80008036 (0x00785e33) x28 0x0000000c
core   0: 0x8000803a (0x09114883) lbu     a7, 145(sp)
core   0: 3 0x8000803a (0x09114883) x17 0x00000049 mem 0x80019292
core   0: 0x8000803e (0x0000673d) c.lui   a4, 0xf
core   0: 3 0x8000803e (0x673d) x14 0x0000f000
core   0: 0x80008040 (0x0c315e03) lhu     t3, 195(sp)
core   0: 3 0x80008040 (0x0c315e03) x28 0x00007e7f mem 0x800192c4
core   0: 0x80008044 (0x0d414a03) lbu     s4, 212(sp)
core   0: 3 0x80008044 (0x0d414a03) x20 0x0000008e mem 0x800192d5
core   0: 0x80008048 (0xb952a413) slti    s0, t0, -1131
core   0: 3 0x80008048 (0xb952a413) x 8 0x00000000
core   0: 0x8000804c (0xfe410283) lb      t0, -28(sp)
core   0: 3 0x8000804c (0xfe410283) x 5 0xffffff9e mem 0x800191e5
core   0: 0x80008050 (0xf8c14c83) lbu     s9, -116(sp)
core   0: 3 0x80008050 (0xf8c14c83) x25 0x00000046 mem 0x8001918d
core   0: 0x80008054 (0x0bf10023) sb      t6, 160(sp)
core   0: 3 0x80008054 (0x0bf10023) mem 0x800192a1 0x0
core   0: 0x80008058 (0x00508f33) add     t5, ra, t0
core   0: 3 0x80008058 (0x00508f33) x30 0xffffff9e
core   0: 0x8000805c (0xf3711b03) lh      s6, -201(sp)
core   0: 3 0x8000805c (0xf3711b03) x22 0xfffff2f3 mem 0x80019138
core   0: 0x80008060 (0x00008ce9) c.and   s1, a0
core   0: 3 0x80008060 (0x8ce9) x 9 0x00000c04
core   0: 0x80008062 (0x013d4033) xor     zero, s10, s3
core   0: 3 0x80008062 (0x013d4033)
core   0: 0x80008066 (0xf4b11083) lh      ra, -181(sp)
core   0: 3 0x80008066 (0xf4b11083) x 1 0x00000607 mem 0x8001914c
core   0: 0x8000806a (0x00110283) lb      t0, 1(sp)
core   0: 3 0x8000806a (0x00110283) x 5 0xffffffb9 mem 0x80019202
core   0: 0x8000806e (0x40765833) sra     a6, a2, t2
core   0: 3 0x8000806e (0x40765833) x16 0xf0004ac9
core   0: 0x80008072 (0x2a162b13) slti    s6, a2, 673
core   0: 3 0x80008072 (0x2a162b13) x22 0x00000001
core   0: 0x80008076 (0x01c94c33) xor     s8, s2, t3
core   0: 3 0x80008076 (0x01c94c33) x24 0x00007e0d
core   0: 0x8000807a (0x00008cd5) c.or    s1, a3
core   0: 3 0x8000807a (0x8cd5) x 9 0x00000ccc
core   0: 0x8000807c (0x06014d03) lbu     s10, 96(sp)
core   0: 3 0x8000807c (0x06014d03) x26 0x0000001a mem 0x80019261
core   0: 0x80008080 (0x07712b03) lw      s6, 119(sp)
core   0: 3 0x80008080 (0x07712b03) x22 0x30313233 mem 0x80019278
core   0: 0x80008084 (0xfbc105a3) sb      t3, -85(sp)
core   0: 3 0x80008084 (0xfbc105a3) mem 0x800191ac 0x7f
core   0: 0x80008088 (0x01c03a33) snez    s4, t3
core   0: 3 0x80008088 (0x01c03a33) x20 0x00000001
core   0: 0x8000808c (0x00000001) c.nop
core   0: 3 0x8000808c (0x0001)
core   0: 0x8000808e (0x0ff0000f) fence   iorw,iorw
core   0: 3 0x8000808e (0x0ff0000f)
core   0: 0x80008092 (0x000040ed) c.li    ra, 27
core   0: 3 0x80008092 (0x40ed) x 1 0x0000001b
core   0: 0x80008094 (0x000054fd) c.li    s1, -1
core   0: 3 0x80008094 (0x54fd) x 9 0xffffffff
core   0: 0x80008096 (0xf5010e83) lb      t4, -176(sp)
core   0: 3 0x80008096 (0xf5010e83) x29 0x0000000a mem 0x80019151
core   0: 0x8000809a (0xfce10e03) lb      t3, -50(sp)
core   0: 3 0x8000809a (0xfce10e03) x28 0xffffff84 mem 0x800191cf
core   0: 0x8000809e (0x08910ea3) sb      s1, 157(sp)
core   0: 3 0x8000809e (0x08910ea3) mem 0x8001929e 0xff
core   0: 0x800080a2 (0x00008f31) c.xor   a4, a2
core   0: 3 0x800080a2 (0x8f31) x14 0x8002a64d
core   0: 0x800080a4 (0x03da72b3) remu    t0, s4, t4
core   0: 3 0x800080a4 (0x03da72b3) x 5 0x00000001
core   0: 0x800080a8 (0x00008e61) c.and   a2, s0
core   0: 3 0x800080a8 (0x8e61) x12 0x00000000
core   0: 0x800080aa (0x00009ee6) c.add   t4, s9
core   0: 3 0x800080aa (0x9ee6) x29 0x00000050
core   0: 0x800080ac (0x79c8ae13) slti    t3, a7, 1948
core   0: 3 0x800080ac (0x79c8ae13) x28 0x00000001
core   0: 0x800080b0 (0x00008ca5) c.xor   s1, s1
core   0: 3 0x800080b0 (0x8ca5) x 9 0x00000000
core   0: 0x800080b2 (0xf3f12fa3) sw      t6, -193(sp)
core   0: 3 0x800080b2 (0xf3f12fa3) mem 0x80019140 0x00006000
core   0: 0x800080b6 (0x09614f83) lbu     t6, 150(sp)
core   0: 3 0x800080b6 (0x09614f83) x31 0x0000004c mem 0x80019297
core   0: 0x800080ba (0x02679a33) mulh    s4, a5, t1
core   0: 3 0x800080ba (0x02679a33) x20 0x00000000
core   0: 0x800080be (0xf8010483) lb      s1, -128(sp)
core   0: 3 0x800080be (0xf8010483) x 9 0x0000003a mem 0x80019181
core   0: 0x800080c2 (0x0b414303) lbu     t1, 180(sp)
core   0: 3 0x800080c2 (0x0b414303) x 6 0x0000006e mem 0x800192b5
core   0: 0x800080c6 (0x00006117) auipc   sp, 0x6
core   0: 3 0x800080c6 (0x00006117) x 2 0x8000e0c6
core   0: 0x800080ca (0x99b10113) addi    sp, sp, -1637
core   0: 3 0x800080ca (0x99b10113) x 2 0x8000da61
core   0: 0x800080ce (0x000087c5) c.srai  a5, 17
core   0: 3 0x800080ce (0x87c5) x15 0x00000000
core   0: 0x800080d0 (0x184f70b7) lui     ra, 0x184f7
core   0: 3 0x800080d0 (0x184f70b7) x 1 0x184f7000
core   0: 0x800080d4 (0x03e000b3) mul     ra, zero, t5
core   0: 3 0x800080d4 (0x03e000b3) x 1 0x00000000
core   0: 0x800080d8 (0x0000100f) fence.i
core   0: 3 0x800080d8 (0x0000100f)
core   0: 0x800080dc (0x01410983) lb      s3, 20(sp)
core   0: 3 0x800080dc (0x01410983) x19 0x0000002e mem 0x8000da75
core   0: 0x800080e0 (0x00000001) c.nop
core   0: 3 0x800080e0 (0x0001)
core   0: 0x800080e2 (0xfc110683) lb      a3, -63(sp)
core   0: 3 0x800080e2 (0xfc110683) x13 0xffffffd9 mem 0x8000da22
core   0: 0x800080e6 (0xfd6112a3) sh      s6, -59(sp)
core   0: 3 0x800080e6 (0xfd6112a3) mem 0x8000da26 0x3233
core   0: 0x800080ea (0x00008c79) c.and   s0, a4
core   0: 3 0x800080ea (0x8c79) x 8 0x00000000
core   0: 0x800080ec (0x00008eb9) c.xor   a3, a4
core   0: 3 0x800080ec (0x8eb9) x13 0x7ffd5994
core   0: 0x800080ee (0x5b7e0f93) addi    t6, t3, 1463
core   0: 3 0x800080ee (0x5b7e0f93) x31 0x000005b8
core   0: 0x800080f2 (0xfe014603) lbu     a2, -32(sp)
core   0: 3 0x800080f2 (0xfe014603) x12 0x000000fa mem 0x8000da41
core   0: 0x800080f6 (0xb06cf397) auipc   t2, 0xb06cf
core   0: 3 0x800080f6 (0xb06cf397) x 7 0x306d70f6
core   0: 0x800080fa (0x00000001) c.nop
core   0: 3 0x800080fa (0x0001)
core   0: 0x800080fc (0xfe712a83) lw      s5, -25(sp)
core   0: 3 0x800080fc (0xfe712a83) x21 0x00010203 mem 0x8000da48
core   0: 0x80008100 (0x03019733) mulh    a4, gp, a6
core   0: 3 0x80008100 (0x03019733) x14 0xfffffff9
core   0: 0x80008104 (0x01312da3) sw      s3, 27(sp)
core   0: 3 0x80008104 (0x01312da3) mem 0x8000da7c 0x0000002e
core   0: 0x80008108 (0x03b117a3) sh      s11, 47(sp)
core   0: 3 0x80008108 (0x03b117a3) mem 0x8000da90 0xeaeb
core   0: 0x8000810c (0x000014fd) c.addi  s1, -1
core   0: 3 0x8000810c (0x14fd) x 9 0x00000039
core   0: 0x8000810e (0x019112a3) sh      s9, 5(sp)
core   0: 3 0x8000810e (0x019112a3) mem 0x8000da66 0x0046
core   0: 0x80008112 (0x00c10183) lb      gp, 12(sp)
core   0: 3 0x80008112 (0x00c10183) x 3 0x00000026 mem 0x8000da6d
core   0: 0x80008116 (0x42203f93) sltiu   t6, zero, 1058
core   0: 3 0x80008116 (0x42203f93) x31 0x00000001
core   0: 0x8000811a (0x01810d83) lb      s11, 24(sp)
core   0: 3 0x8000811a (0x01810d83) x27 0x00000032 mem 0x8000da79
core   0: 0x8000811e (0x00005117) auipc   sp, 0x5
core   0: 3 0x8000811e (0x00005117) x 2 0x8000d11e
core   0: 0x80008122 (0x0fc10113) addi    sp, sp, 252
core   0: 3 0x80008122 (0x0fc10113) x 2 0x8000d21a
core   0: 0x80008126 (0xfee109a3) sb      a4, -13(sp)
core   0: 3 0x80008126 (0xfee109a3) mem 0x8000d20d 0xf9
core   0: 0x8000812a (0x005bdc13) srli    s8, s7, 5
core   0: 3 0x8000812a (0x005bdc13) x24 0x00000004
core   0: 0x8000812e (0xfdb107a3) sb      s11, -49(sp)
core   0: 3 0x8000812e (0xfdb107a3) mem 0x8000d1e9 0x32
core   0: 0x80008132 (0x019109a3) sb      s9, 19(sp)
core   0: 3 0x80008132 (0x019109a3) mem 0x8000d22d 0x46
core   0: 0x80008136 (0xfe1104a3) sb      ra, -23(sp)
core   0: 3 0x80008136 (0xfe1104a3) mem 0x8000d203 0x0
core   0: 0x8000813a (0x02e10483) lb      s1, 46(sp)
core   0: 3 0x8000813a (0x02e10483) x 9 0x00000003 mem 0x8000d248
core   0: 0x8000813e (0x00f89313) slli    t1, a7, 15
core   0: 3 0x8000813e (0x00f89313) x 6 0x00248000
core   0: 0x80008142 (0x00f14403) lbu     s0, 15(sp)
core   0: 3 0x80008142 (0x00f14403) x 8 0x000000e2 mem 0x8000d229
core   0: 0x80008146 (0xff714783) lbu     a5, -9(sp)
core   0: 3 0x80008146 (0xff714783) x15 0x000000ca mem 0x8000d211
core   0: 0x8000814a (0x0ff0000f) fence   iorw,iorw
core   0: 3 0x8000814a (0x0ff0000f)
core   0: 0x8000814e (0xfeb14003) lbu     zero, -21(sp)
core   0: 3 0x8000814e (0xfeb14003) mem 0x8000d205
core   0: 0x80008152 (0xc0840893) addi    a7, s0, -1016
core   0: 3 0x80008152 (0xc0840893) x17 0xfffffcea
core   0: 0x80008156 (0x00000712) c.slli  a4, 4
core   0: 3 0x80008156 (0x0712) x14 0xffffff90
core   0: 0x80008158 (0x000107a3) sb      zero, 15(sp)
core   0: 3 0x80008158 (0x000107a3) mem 0x8000d229 0x0
core   0: 0x8000815c (0xfc310723) sb      gp, -50(sp)
core   0: 3 0x8000815c (0xfc310723) mem 0x8000d1e8 0x26
core   0: 0x80008160 (0x0698c313) xori    t1, a7, 105
core   0: 3 0x80008160 (0x0698c313) x 6 0xfffffc83
core   0: 0x80008164 (0x00910683) lb      a3, 9(sp)
core   0: 3 0x80008164 (0x00910683) x13 0xffffffd8 mem 0x8000d223
core   0: 0x80008168 (0xfe9109a3) sb      s1, -13(sp)
core   0: 3 0x80008168 (0xfe9109a3) mem 0x8000d20d 0x3
core   0: 0x8000816c (0x03612683) lw      a3, 54(sp)
core   0: 3 0x8000816c (0x03612683) x13 0x08090a0b mem 0x8000d250
core   0: 0x80008170 (0xfe614b03) lbu     s6, -26(sp)
core   0: 3 0x80008170 (0xfe614b03) x22 0x000000bb mem 0x8000d200
core   0: 0x80008174 (0xfea14e03) lbu     t3, -22(sp)
core   0: 3 0x80008174 (0xfea14e03) x28 0x000000bf mem 0x8000d204
core   0: 0x80008178 (0xdcc0c313) xori    t1, ra, -564
core   0: 3 0x80008178 (0xdcc0c313) x 6 0xfffffdcc
core   0: 0x8000817c (0x00718433) add     s0, gp, t2
core   0: 3 0x8000817c (0x00718433) x 8 0x306d711c
core   0: 0x80008180 (0xfe110f83) lb      t6, -31(sp)
core   0: 3 0x80008180 (0xfe110f83) x31 0xffffffb0 mem 0x8000d1fb
core   0: 0x80008184 (0xfc312923) sw      gp, -46(sp)
core   0: 3 0x80008184 (0xfc312923) mem 0x8000d1ec 0x00000026
core   0: 0x80008188 (0xfe914283) lbu     t0, -23(sp)
core   0: 3 0x80008188 (0xfe914283) x 5 0x00000000 mem 0x8000d203
core   0: 0x8000818c (0x016a6433) or      s0, s4, s6
core   0: 3 0x8000818c (0x016a6433) x 8 0x000000bb
core   0: 0x80008190 (0x03214b03) lbu     s6, 50(sp)
core   0: 3 0x80008190 (0x03214b03) x22 0x00000007 mem 0x8000d24c
core   0: 0x80008194 (0xff810323) sb      s8, -26(sp)
core   0: 3 0x80008194 (0xff810323) mem 0x8000d200 0x4
core   0: 0x80008198 (0x02110e03) lb      t3, 33(sp)
core   0: 3 0x80008198 (0x02110e03) x28 0xfffffff0 mem 0x8000d23b
core   0: 0x8000819c (0x00000001) c.nop
core   0: 3 0x8000819c (0x0001)
core   0: 0x8000819e (0x0000100f) fence.i
core   0: 3 0x8000819e (0x0000100f)
core   0: 0x800081a2 (0x03d14b83) lbu     s7, 61(sp)
core   0: 3 0x800081a2 (0x03d14b83) x23 0x0000000c mem 0x8000d257
core   0: 0x800081a6 (0xfdf14183) lbu     gp, -33(sp)
core   0: 3 0x800081a6 (0xfdf14183) x 3 0x000000b2 mem 0x8000d1f9
core   0: 0x800081aa (0x00007117) auipc   sp, 0x7
core   0: 3 0x800081aa (0x00007117) x 2 0x8000f1aa
core   0: 0x800081ae (0x65810113) addi    sp, sp, 1624
core   0: 3 0x800081ae (0x65810113) x 2 0x8000f802
core   0: 0x800081b2 (0x00008cd9) c.or    s1, a4
core   0: 3 0x800081b2 (0x8cd9) x 9 0xffffff93
core   0: 0x800081b4 (0xfde11483) lh      s1, -34(sp)
core   0: 3 0x800081b4 (0xfde11483) x 9 0xffff9a9b mem 0x8000f7e0
core   0: 0x800081b8 (0xfd310f83) lb      t6, -45(sp)
core   0: 3 0x800081b8 (0xfd310f83) x31 0xffffff8e mem 0x8000f7d5
core   0: 0x800081bc (0x02a1d7b3) divu    a5, gp, a0
core   0: 3 0x800081bc (0x02a1d7b3) x15 0x00000000
core   0: 0x800081c0 (0x0156db93) srli    s7, a3, 21
core   0: 3 0x800081c0 (0x0156db93) x23 0x00000040
core   0: 0x800081c4 (0x03110703) lb      a4, 49(sp)
core   0: 3 0x800081c4 (0x03110703) x14 0xffffffe8 mem 0x8000f833
core   0: 0x800081c8 (0xe364c613) xori    a2, s1, -458
core   0: 3 0x800081c8 (0xe364c613) x12 0x000064ad
core   0: 0x800081cc (0x0000029e) c.slli  t0, 7
core   0: 3 0x800081cc (0x029e) x 5 0x00000000
core   0: 0x800081ce (0x00710f83) lb      t6, 7(sp)
core   0: 3 0x800081ce (0x00710f83) x31 0xffffffc2 mem 0x8000f809
core   0: 0x800081d2 (0x78d18693) addi    a3, gp, 1933
core   0: 3 0x800081d2 (0x78d18693) x13 0x0000083f
core   0: 0x800081d6 (0xf77c3f13) sltiu   t5, s8, -137
core   0: 3 0x800081d6 (0xf77c3f13) x30 0x00000001
core   0: 0x800081da (0x02210c83) lb      s9, 34(sp)
core   0: 3 0x800081da (0x02210c83) x25 0xffffffdf mem 0x8000f824
core   0: 0x800081de (0x03010283) lb      t0, 48(sp)
core   0: 3 0x800081de (0x03010283) x 5 0xffffffe9 mem 0x8000f832
core   0: 0x800081e2 (0x03314603) lbu     a2, 51(sp)
core   0: 3 0x800081e2 (0x03314603) x12 0x000000ee mem 0x8000f835
core   0: 0x800081e6 (0x03a11423) sh      s10, 40(sp)
core   0: 3 0x800081e6 (0x03a11423) mem 0x8000f82a 0x001a
core   0: 0x800081ea (0xaf1ccb93) xori    s7, s9, -1295
core   0: 3 0x800081ea (0xaf1ccb93) x23 0x0000052e
core   0: 0x800081ee (0x2457fb13) andi    s6, a5, 581
core   0: 3 0x800081ee (0x2457fb13) x22 0x00000000
core   0: 0x800081f2 (0x03114b83) lbu     s7, 49(sp)
core   0: 3 0x800081f2 (0x03114b83) x23 0x000000e8 mem 0x8000f833
core   0: 0x800081f6 (0x02998033) mul     zero, s3, s1
core   0: 3 0x800081f6 (0x02998033)
core   0: 0x800081fa (0x00008611) c.srai  a2, 4
core   0: 3 0x800081fa (0x8611) x12 0x0000000e
core   0: 0x800081fc (0x03714303) lbu     t1, 55(sp)
core   0: 3 0x800081fc (0x03714303) x 6 0x000000f2 mem 0x8000f839
core   0: 0x80008200 (0xe33da693) slti    a3, s11, -461
core   0: 3 0x80008200 (0xe33da693) x13 0x00000000
core   0: 0x80008204 (0x00d65093) srli    ra, a2, 13
core   0: 3 0x80008204 (0x00d65093) x 1 0x00000000
core   0: 0x80008208 (0x03314883) lbu     a7, 51(sp)
core   0: 3 0x80008208 (0x03314883) x17 0x000000ee mem 0x8000f835
core   0: 0x8000820c (0x02415403) lhu     s0, 36(sp)
core   0: 3 0x8000820c (0x02415403) x 8 0x0000dcdd mem 0x8000f826
core   0: 0x80008210 (0xffe107a3) sb      t5, -17(sp)
core   0: 3 0x80008210 (0xffe107a3) mem 0x8000f7f1 0x1
core   0: 0x80008214 (0x02a03833) mulhu   a6, zero, a0
core   0: 3 0x80008214 (0x02a03833) x16 0x00000000
core   0: 0x80008218 (0xfd514183) lbu     gp, -43(sp)
core   0: 3 0x80008218 (0xfd514183) x 3 0x0000008c mem 0x8000f7d7
core   0: 0x8000821c (0x57f92293) slti    t0, s2, 1407
core   0: 3 0x8000821c (0x57f92293) x 5 0x00000001
core   0: 0x80008220 (0x022f1833) mulh    a6, t5, sp
core   0: 3 0x80008220 (0x022f1833) x16 0xffffffff
core   0: 0x80008224 (0x0384f833) remu    a6, s1, s8
core   0: 3 0x80008224 (0x0384f833) x16 0x00000003
core   0: 0x80008228 (0x000049e9) c.li    s3, 26
core   0: 3 0x80008228 (0x49e9) x19 0x0000001a
core   0: 0x8000822a (0x03710b03) lb      s6, 55(sp)
core   0: 3 0x8000822a (0x03710b03) x22 0xfffffff2 mem 0x8000f839
core   0: 0x8000822e (0x000052fd) c.li    t0, -1
core   0: 3 0x8000822e (0x52fd) x 5 0xffffffff
core   0: 0x80008230 (0x006374b3) and     s1, t1, t1
core   0: 3 0x80008230 (0x006374b3) x 9 0x000000f2
core   0: 0x80008234 (0x02411e23) sh      tp, 60(sp)
core   0: 3 0x80008234 (0x02411e23) mem 0x8000f83e 0x0000
core   0: 0x80008238 (0x05111023) sh      a7, 64(sp)
core   0: 3 0x80008238 (0x05111023) mem 0x8000f842 0x00ee
core   0: 0x8000823c (0x00005b7d) c.li    s6, -1
core   0: 3 0x8000823c (0x5b7d) x22 0xffffffff
core   0: 0x8000823e (0x02910523) sb      s1, 42(sp)
core   0: 3 0x8000823e (0x02910523) mem 0x8000f82c 0xf2
core   0: 0x80008242 (0x00008c95) c.sub   s1, a3
core   0: 3 0x80008242 (0x8c95) x 9 0x000000f2
core   0: 0x80008244 (0x03310603) lb      a2, 51(sp)
core   0: 3 0x80008244 (0x03310603) x12 0xffffffee mem 0x8000f835
core   0: 0x80008248 (0xff510b23) sb      s5, -10(sp)
core   0: 3 0x80008248 (0xff510b23) mem 0x8000f7f8 0x3
core   0: 0x8000824c (0x00910d03) lb      s10, 9(sp)
core   0: 3 0x8000824c (0x00910d03) x26 0xffffffc0 mem 0x8000f80b
core   0: 0x80008250 (0x01bf1933) sll     s2, t5, s11
core   0: 3 0x80008250 (0x01bf1933) x18 0x00040000
core   0: 0x80008254 (0x008f4433) xor     s0, t5, s0
core   0: 3 0x80008254 (0x008f4433) x 8 0x0000dcdc
core   0: 0x80008258 (0x038094b3) mulh    s1, ra, s8
core   0: 3 0x80008258 (0x038094b3) x 9 0x00000000
core   0: 0x8000825c (0x03129cb3) mulh    s9, t0, a7
core   0: 3 0x8000825c (0x03129cb3) x25 0xffffffff
core   0: 0x80008260 (0x00d07d33) and     s10, zero, a3
core   0: 3 0x80008260 (0x00d07d33) x26 0x00000000
core   0: 0x80008264 (0x0211f633) remu    a2, gp, ra
core   0: 3 0x80008264 (0x0211f633) x12 0x0000008c
core   0: 0x80008268 (0x021f7fb3) remu    t6, t5, ra
core   0: 3 0x80008268 (0x021f7fb3) x31 0x00000001
core   0: 0x8000826c (0x03d14683) lbu     a3, 61(sp)
core   0: 3 0x8000826c (0x03d14683) x13 0x00000000 mem 0x8000f83f
core   0: 0x80008270 (0x02b10983) lb      s3, 43(sp)
core   0: 3 0x80008270 (0x02b10983) x19 0xffffffe6 mem 0x8000f82d
core   0: 0x80008274 (0x4024df33) sra     t5, s1, sp
core   0: 3 0x80008274 (0x4024df33) x30 0x00000000
core   0: 0x80008278 (0x02111e23) sh      ra, 60(sp)
core   0: 3 0x80008278 (0x02111e23) mem 0x8000f83e 0x0000
core   0: 0x8000827c (0xf6c10293) addi    t0, sp, -148
core   0: 3 0x8000827c (0xf6c10293) x 5 0x8000f76e
core   0: 0x80008280 (0x039cf463) bgeu    s9, s9, pc + 40
core   0: 3 0x80008280 (0x039cf463)
core   0: 0x800082a8 (0x00008795) c.srai  a5, 5
core   0: 3 0x800082a8 (0x8795) x15 0x00000000
core   0: 0x800082aa (0x018714b3) sll     s1, a4, s8
core   0: 3 0x800082aa (0x018714b3) x 9 0xfffffe80
core   0: 0x800082ae (0x000054fd) c.li    s1, -1
core   0: 3 0x800082ae (0x54fd) x 9 0xffffffff
core   0: 0x800082b0 (0xa5e7c393) xori    t2, a5, -1442
core   0: 3 0x800082b0 (0xa5e7c393) x 7 0xfffffa5e
core   0: 0x800082b4 (0x0290e8b3) rem     a7, ra, s1
core   0: 3 0x800082b4 (0x0290e8b3) x17 0x00000000
core   0: 0x800082b8 (0x01c27b33) and     s6, tp, t3
core   0: 3 0x800082b8 (0x01c27b33) x22 0x00000000
core   0: 0x800082bc (0x00590f33) add     t5, s2, t0
core   0: 3 0x800082bc (0x00590f33) x30 0x8004f76e
core   0: 0x800082c0 (0x00000001) c.nop
core   0: 3 0x800082c0 (0x0001)
core   0: 0x800082c2 (0x00000dc2) c.slli  s11, 16
core   0: 3 0x800082c2 (0x0dc2) x27 0x00320000
core   0: 0x800082c4 (0xbb980613) addi    a2, a6, -1095
core   0: 3 0x800082c4 (0xbb980613) x12 0xfffffbbc
core   0: 0x800082c8 (0x01c52733) slt     a4, a0, t3
core   0: 3 0x800082c8 (0x01c52733) x14 0x00000001
core   0: 0x800082cc (0x0000717d) c.addi16sp sp, -16
core   0: 3 0x800082cc (0x717d) x 2 0x8000f7f2
core   0: 0x800082ce (0x01851a33) sll     s4, a0, s8
core   0: 3 0x800082ce (0x01851a33) x20 0x0022e340
core   0: 0x800082d2 (0x01d09333) sll     t1, ra, t4
core   0: 3 0x800082d2 (0x01d09333) x 6 0x00000000
core   0: 0x800082d6 (0x19a1be13) sltiu   t3, gp, 410
core   0: 3 0x800082d6 (0x19a1be13) x28 0x00000001
core   0: 0x800082da (0x0338e263) bltu    a7, s3, pc + 36
core   0: 3 0x800082da (0x0338e263)
core   0: 0x800082fe (0x00386663) bltu    a6, gp, pc + 12
core   0: 3 0x800082fe (0x00386663)
core   0: 0x8000830a (0x002721b3) slt     gp, a4, sp
core   0: 3 0x8000830a (0x002721b3) x 3 0x00000000
core   0: 0x8000830e (0x0000069c) c.addi4spn a5, sp, 832
core   0: 3 0x8000830e (0x069c) x15 0x8000fb32
core   0: 0x80008310 (0x5c4cbc13) sltiu   s8, s9, 1476
core   0: 3 0x80008310 (0x5c4cbc13) x24 0x00000000
core   0: 0x80008314 (0x0000100f) fence.i
core   0: 3 0x80008314 (0x0000100f)
core   0: 0x80008318 (0x00ba28b3) slt     a7, s4, a1
core   0: 3 0x80008318 (0x00ba28b3) x17 0x00000000
core   0: 0x8000831c (0x40eb5013) srai    zero, s6, 14
core   0: 3 0x8000831c (0x40eb5013)
core   0: 0x80008320 (0x02125a33) divu    s4, tp, ra
core   0: 3 0x80008320 (0x02125a33) x20 0xffffffff
core   0: 0x80008324 (0x0ff0000f) fence   iorw,iorw
core   0: 3 0x80008324 (0x0ff0000f)
core   0: 0x80008328 (0x03185db3) divu    s11, a6, a7
core   0: 3 0x80008328 (0x03185db3) x27 0xffffffff
core   0: 0x8000832c (0x074eba17) auipc   s4, 0x74eb
core   0: 3 0x8000832c (0x074eba17) x20 0x874f332c
core   0: 0x80008330 (0x00c17d33) and     s10, sp, a2
core   0: 3 0x80008330 (0x00c17d33) x26 0x8000f3b0
core   0: 0x80008334 (0x0189a933) slt     s2, s3, s8
core   0: 3 0x80008334 (0x0189a933) x18 0x00000001
core   0: 0x80008338 (0x0000810a) c.mv    sp, sp
core   0: 3 0x80008338 (0x810a) x 2 0x8000f7f2
core   0: 0x8000833a (0x0013dd13) srli    s10, t2, 1
core   0: 3 0x8000833a (0x0013dd13) x26 0x7ffffd2f
core   0: 0x8000833e (0x005fa633) slt     a2, t6, t0
core   0: 3 0x8000833e (0x005fa633) x12 0x00000000
core   0: 0x80008342 (0x00000126) c.slli  sp, 9
core   0: 3 0x80008342 (0x0126) x 2 0x01efe400
core   0: 0x80008344 (0xe52c2113) slti    sp, s8, -430
core   0: 3 0x80008344 (0xe52c2113) x 2 0x00000000
core   0: 0x80008348 (0x03583633) mulhu   a2, a6, s5
core   0: 3 0x80008348 (0x03583633) x12 0x00000000
core   0: 0x8000834c (0x9220c293) xori    t0, ra, -1758
core   0: 3 0x8000834c (0x9220c293) x 5 0xfffff922
core   0: 0x80008350 (0x02e2bb33) mulhu   s6, t0, a4
core   0: 3 0x80008350 (0x02e2bb33) x22 0x00000000
core   0: 0x80008354 (0x0000100f) fence.i
core   0: 3 0x80008354 (0x0000100f)
core   0: 0x80008358 (0x00000001) c.nop
core   0: 3 0x80008358 (0x0001)
core   0: 0x8000835a (0x4119d693) srai    a3, s3, 17
core   0: 3 0x8000835a (0x4119d693) x13 0xffffffff
core   0: 0x8000835e (0x00008fe9) c.and   a5, a0
core   0: 3 0x8000835e (0x8fe9) x15 0x80002a30
core   0: 0x80008360 (0x00009afd) c.andi  a3, -1
core   0: 3 0x80008360 (0x9afd) x13 0xffffffff
core   0: 0x80008362 (0x0000cc09) c.beqz  s0, pc + 26
core   0: 3 0x80008362 (0xcc09)
core   0: 0x80008364 (0x00008339) c.srli  a4, 14
core   0: 3 0x80008364 (0x8339) x14 0x00000000
core   0: 0x80008366 (0x034c1433) mulh    s0, s8, s4
core   0: 3 0x80008366 (0x034c1433) x 8 0x00000000
core   0: 0x8000836a (0x7cc1a313) slti    t1, gp, 1996
core   0: 3 0x8000836a (0x7cc1a313) x 6 0x00000001
core   0: 0x8000836e (0x02ef7d33) remu    s10, t5, a4
core   0: 3 0x8000836e (0x02ef7d33) x26 0x8004f76e
core   0: 0x80008372 (0x0175df63) bge     a1, s7, pc + 30
core   0: 3 0x80008372 (0x0175df63)
core   0: 0x80008376 (0x0ff0000f) fence   iorw,iorw
core   0: 3 0x80008376 (0x0ff0000f)
core   0: 0x8000837a (0x00008ce9) c.and   s1, a0
core   0: 3 0x8000837a (0x8ce9) x 9 0x80022e34
core   0: 0x8000837c (0x03421633) mulh    a2, tp, s4
core   0: 3 0x8000837c (0x03421633) x12 0x00000000
core   0: 0x80008380 (0x03f4b3b3) mulhu   t2, s1, t6
core   0: 3 0x80008380 (0x03f4b3b3) x 7 0x00000000
core   0: 0x80008384 (0x00008e95) c.sub   a3, a3
core   0: 3 0x80008384 (0x8e95) x13 0x00000000
core   0: 0x80008386 (0x01e4a633) slt     a2, s1, t5
core   0: 3 0x80008386 (0x01e4a633) x12 0x00000001
core   0: 0x8000838a (0x0000197d) c.addi  s2, -1
core   0: 3 0x8000838a (0x197d) x18 0x00000000
core   0: 0x8000838c (0x03599b63) bne     s3, s5, pc + 54
core   0: 3 0x8000838c (0x03599b63)
core   0: 0x800083c2 (0x00000001) c.nop
core   0: 3 0x800083c2 (0x0001)
core   0: 0x800083c4 (0x001918b3) sll     a7, s2, ra
core   0: 3 0x800083c4 (0x001918b3) x17 0x00000000
core   0: 0x800083c8 (0x00000001) c.nop
core   0: 3 0x800083c8 (0x0001)
core   0: 0x800083ca (0x0000eb85) c.bnez  a5, pc + 48
core   0: 3 0x800083ca (0xeb85)
core   0: 0x800083fa (0x0ff0000f) fence   iorw,iorw
core   0: 3 0x800083fa (0x0ff0000f)
core   0: 0x800083fe (0x00169f13) slli    t5, a3, 1
core   0: 3 0x800083fe (0x00169f13) x30 0x00000000
core   0: 0x80008402 (0x8c94ca93) xori    s5, s1, -1847
core   0: 3 0x80008402 (0x8c94ca93) x21 0x7ffdd6fd
core   0: 0x80008406 (0x032a2933) mulhsu  s2, s4, s2
core   0: 3 0x80008406 (0x032a2933) x18 0x00000000
core   0: 0x8000840a (0x03ccd933) divu    s2, s9, t3
core   0: 3 0x8000840a (0x03ccd933) x18 0xffffffff
core   0: 0x8000840e (0x007b2833) slt     a6, s6, t2
core   0: 3 0x8000840e (0x007b2833) x16 0x00000000
core   0: 0x80008412 (0x02c44163) blt     s0, a2, pc + 34
core   0: 3 0x80008412 (0x02c44163)
core   0: 0x80008434 (0x03fa4e63) blt     s4, t6, pc + 60
core   0: 3 0x80008434 (0x03fa4e63)
core   0: 0x80008470 (0x68972837) lui     a6, 0x68972
core   0: 3 0x80008470 (0x68972837) x16 0x68972000
core   0: 0x80008474 (0x00008f45) c.or    a4, s1
core   0: 3 0x80008474 (0x8f45) x14 0x80022e34
core   0: 0x80008476 (0x004797b3) sll     a5, a5, tp
core   0: 3 0x80008476 (0x004797b3) x15 0x80002a30
core   0: 0x8000847a (0x0136d013) srli    zero, a3, 19
core   0: 3 0x8000847a (0x0136d013)
core   0: 0x8000847e (0x00000c8a) c.slli  s9, 2
core   0: 3 0x8000847e (0x0c8a) x25 0xfffffffc
core   0: 0x80008480 (0x00121c33) sll     s8, tp, ra
core   0: 3 0x80008480 (0x00121c33) x24 0x00000000
core   0: 0x80008484 (0xcb751f97) auipc   t6, 0xcb751
core   0: 3 0x80008484 (0xcb751f97) x31 0x4b759484
core   0: 0x80008488 (0x4b002e93) slti    t4, zero, 1200
core   0: 3 0x80008488 (0x4b002e93) x29 0x00000001
core   0: 0x8000848c (0x00009afd) c.andi  a3, -1
core   0: 3 0x8000848c (0x9afd) x13 0x00000000
core   0: 0x8000848e (0x02ce5333) divu    t1, t3, a2
core   0: 3 0x8000848e (0x02ce5333) x 6 0x00000001
core   0: 0x80008492 (0x000080d1) c.srli  s1, 20
core   0: 3 0x80008492 (0x80d1) x 9 0x00000800
core   0: 0x80008494 (0x017bd4b3) srl     s1, s7, s7
core   0: 3 0x80008494 (0x017bd4b3) x 9 0x00000000
core   0: 0x80008498 (0x0263feb3) remu    t4, t2, t1
core   0: 3 0x80008498 (0x0263feb3) x29 0x00000000
core   0: 0x8000849c (0x019414b3) sll     s1, s0, s9
core   0: 3 0x8000849c (0x019414b3) x 9 0x00000000
core   0: 0x800084a0 (0x6f07cb93) xori    s7, a5, 1776
core   0: 3 0x800084a0 (0x6f07cb93) x23 0x80002cc0
core   0: 0x800084a4 (0x7f7c6d37) lui     s10, 0x7f7c6
core   0: 3 0x800084a4 (0x7f7c6d37) x26 0x7f7c6000
core   0: 0x800084a8 (0x000063a1) c.lui   t2, 0x8
core   0: 3 0x800084a8 (0x63a1) x 7 0x00008000
core   0: 0x800084aa (0x03ff83b3) mul     t2, t6, t6
core   0: 3 0x800084aa (0x03ff83b3) x 7 0x6ed0e410
core   0: 0x800084ae (0x419c0e33) sub     t3, s8, s9
core   0: 3 0x800084ae (0x419c0e33) x28 0x00000004
core   0: 0x800084b2 (0xa6363913) sltiu   s2, a2, -1437
core   0: 3 0x800084b2 (0xa6363913) x18 0x00000001
core   0: 0x800084b6 (0x00008f25) c.xor   a4, s1
core   0: 3 0x800084b6 (0x8f25) x14 0x80022e34
core   0: 0x800084b8 (0x0000c21d) c.beqz  a2, pc + 38
core   0: 3 0x800084b8 (0xc21d)
core   0: 0x800084ba (0x0ff0000f) fence   iorw,iorw
core   0: 3 0x800084ba (0x0ff0000f)
core   0: 0x800084be (0x03ccacb3) mulhsu  s9, s9, t3
core   0: 3 0x800084be (0x03ccacb3) x25 0xffffffff
core   0: 0x800084c2 (0x00008f09) c.sub   a4, a0
core   0: 3 0x800084c2 (0x8f09) x14 0x00000000
core   0: 0x800084c4 (0x00004b59) c.li    s6, 22
core   0: 3 0x800084c4 (0x4b59) x22 0x00000016
core   0: 0x800084c6 (0x692cfb93) andi    s7, s9, 1682
core   0: 3 0x800084c6 (0x692cfb93) x23 0x00000692
core   0: 0x800084ca (0xd4612793) slti    a5, sp, -698
core   0: 3 0x800084ca (0xd4612793) x15 0x00000000
core   0: 0x800084ce (0x00006111) c.addi16sp sp, 256
core   0: 3 0x800084ce (0x6111) x 2 0x00000100
core   0: 0x800084d0 (0x65683293) sltiu   t0, a6, 1622
core   0: 3 0x800084d0 (0x65683293) x 5 0x00000000
core   0: 0x800084d4 (0x7081e613) ori     a2, gp, 1800
core   0: 3 0x800084d4 (0x7081e613) x12 0x00000708
core   0: 0x800084d8 (0x004ae6b3) or      a3, s5, tp
core   0: 3 0x800084d8 (0x004ae6b3) x13 0x7ffdd6fd
core   0: 0x800084dc (0x0000eb99) c.bnez  a5, pc + 22
core   0: 3 0x800084dc (0xeb99)
core   0: 0x800084de (0x00504863) blt     zero, t0, pc + 16
core   0: 3 0x800084de (0x00504863)
core   0: 0x800084e2 (0x0000100f) fence.i
core   0: 3 0x800084e2 (0x0000100f)
core   0: 0x800084e6 (0xb6f87193) andi    gp, a6, -1169
core   0: 3 0x800084e6 (0xb6f87193) x 3 0x68972000
core   0: 0x800084ea (0x00008ff5) c.and   a5, a3
core   0: 3 0x800084ea (0x8ff5) x15 0x00000000
core   0: 0x800084ec (0x00001bfd) c.addi  s7, -1
core   0: 3 0x800084ec (0x1bfd) x23 0x00000691
core   0: 0x800084ee (0x03f56f63) bltu    a0, t6, pc + 62
core   0: 3 0x800084ee (0x03f56f63)
core   0: 0x800084f2 (0xe823a793) slti    a5, t2, -382
core   0: 3 0x800084f2 (0xe823a793) x15 0x00000000
core   0: 0x800084f6 (0x020cb893) sltiu   a7, s9, 32
core   0: 3 0x800084f6 (0x020cb893) x17 0x00000000
core   0: 0x800084fa (0x00004b75) c.li    s6, 29
core   0: 3 0x800084fa (0x4b75) x22 0x0000001d
core   0: 0x800084fc (0x520cc313) xori    t1, s9, 1312
core   0: 3 0x800084fc (0x520cc313) x 6 0xfffffadf
core   0: 0x80008500 (0x00009bea) c.add   s7, s10
core   0: 3 0x80008500 (0x9bea) x23 0x7f7c6691
core   0: 0x80008502 (0x02841063) bne     s0, s0, pc + 32
core   0: 3 0x80008502 (0x02841063)
core   0: 0x80008506 (0x003147b3) xor     a5, sp, gp
core   0: 3 0x80008506 (0x003147b3) x15 0x68972100
core   0: 0x8000850a (0xe08ecf93) xori    t6, t4, -504
core   0: 3 0x8000850a (0xe08ecf93) x31 0xfffffe08
core   0: 0x8000850e (0x00b95333) srl     t1, s2, a1
core   0: 3 0x8000850e (0x00b95333) x 6 0x00000000
core   0: 0x80008512 (0x03f89863) bne     a7, t6, pc + 48
core   0: 3 0x80008512 (0x03f89863)
core   0: 0x80008542 (0x036f1033) mulh    zero, t5, s6
core   0: 3 0x80008542 (0x036f1033)
core   0: 0x80008546 (0x0245ebb3) rem     s7, a1, tp
core   0: 3 0x80008546 (0x0245ebb3) x23 0x80026ce4
core   0: 0x8000854a (0x00008b0e) c.mv    s6, gp
core   0: 3 0x8000854a (0x8b0e) x22 0x68972000
core   0: 0x8000854c (0x00008122) c.mv    sp, s0
core   0: 3 0x8000854c (0x8122) x 2 0x00000000
core   0: 0x8000854e (0x41eb5893) srai    a7, s6, 30
core   0: 3 0x8000854e (0x41eb5893) x17 0x00000001
core   0: 0x80008552 (0x02996c63) bltu    s2, s1, pc + 56
core   0: 3 0x80008552 (0x02996c63)
core   0: 0x80008556 (0x03b6c6b3) div     a3, a3, s11
core   0: 3 0x80008556 (0x03b6c6b3) x13 0x80022903
core   0: 0x8000855a (0x03903d33) mulhu   s10, zero, s9
core   0: 3 0x8000855a (0x03903d33) x26 0x00000000
core   0: 0x8000855e (0x031ebf33) mulhu   t5, t4, a7
core   0: 3 0x8000855e (0x031ebf33) x30 0x00000000
core   0: 0x80008562 (0x01455b63) bge     a0, s4, pc + 22
core   0: 3 0x80008562 (0x01455b63)
core   0: 0x80008566 (0xf4afc193) xori    gp, t6, -182
core   0: 3 0x80008566 (0xf4afc193) x 3 0x00000142
core   0: 0x8000856a (0x0300f733) remu    a4, ra, a6
core   0: 3 0x8000856a (0x0300f733) x14 0x00000000
core   0: 0x8000856e (0x03f29763) bne     t0, t6, pc + 46
core   0: 3 0x8000856e (0x03f29763)
core   0: 0x8000859c (0x025d2a33) mulhsu  s4, s10, t0
core   0: 3 0x8000859c (0x025d2a33) x20 0x00000000
core   0: 0x800085a0 (0x00ca3333) sltu    t1, s4, a2
core   0: 3 0x800085a0 (0x00ca3333) x 6 0x00000001
core   0: 0x800085a4 (0x00008c91) c.sub   s1, a2
core   0: 3 0x800085a4 (0x8c91) x 9 0xfffff8f8
core   0: 0x800085a6 (0x00008e89) c.sub   a3, a0
core   0: 3 0x800085a6 (0x8e89) x13 0xfffffacf
core   0: 0x800085a8 (0x03eeceb3) div     t4, t4, t5
core   0: 3 0x800085a8 (0x03eeceb3) x29 0xffffffff
core   0: 0x800085ac (0x00008f05) c.sub   a4, s1
core   0: 3 0x800085ac (0x8f05) x14 0x00000708
core   0: 0x800085ae (0x00000001) c.nop
core   0: 3 0x800085ae (0x0001)
core   0: 0x800085b0 (0x00008b61) c.andi  a4, 24
core   0: 3 0x800085b0 (0x8b61) x14 0x00000008
core   0: 0x800085b2 (0xa2de3fb7) lui     t6, 0xa2de3
core   0: 3 0x800085b2 (0xa2de3fb7) x31 0xa2de3000
core   0: 0x800085b6 (0xb8c6e313) ori     t1, a3, -1140
core   0: 3 0x800085b6 (0xb8c6e313) x 6 0xfffffbcf
core   0: 0x800085ba (0x01d15c33) srl     s8, sp, t4
core   0: 3 0x800085ba (0x01d15c33) x24 0x00000000
core   0: 0x800085be (0x002e0e63) beq     t3, sp, pc + 28
core   0: 3 0x800085be (0x002e0e63)
core   0: 0x800085c2 (0x00006139) c.addi16sp sp, 448
core   0: 3 0x800085c2 (0x6139) x 2 0x000001c0
core   0: 0x800085c4 (0x01eb9c63) bne     s7, t5, pc + 24
core   0: 3 0x800085c4 (0x01eb9c63)
core   0: 0x800085dc (0x00008731) c.srai  a4, 12
core   0: 3 0x800085dc (0x8731) x14 0x00000000
core   0: 0x800085de (0x037f3933) mulhu   s2, t5, s7
core   0: 3 0x800085de (0x037f3933) x18 0x00000000
core   0: 0x800085e2 (0x01ab9f33) sll     t5, s7, s10
core   0: 3 0x800085e2 (0x01ab9f33) x30 0x80026ce4
core   0: 0x800085e6 (0x00008cdd) c.or    s1, a5
core   0: 3 0x800085e6 (0x8cdd) x 9 0xfffff9f8
core   0: 0x800085e8 (0x037526b3) mulhsu  a3, a0, s7
core   0: 3 0x800085e8 (0x037526b3) x13 0xbfffe0ad
core   0: 0x800085ec (0x00000001) c.nop
core   0: 3 0x800085ec (0x0001)
core   0: 0x800085ee (0x03fff733) remu    a4, t6, t6
core   0: 3 0x800085ee (0x03fff733) x14 0x00000000
core   0: 0x800085f2 (0x0000877d) c.srai  a4, 31
core   0: 3 0x800085f2 (0x877d) x14 0x00000000
core   0: 0x800085f4 (0x0146d0b3) srl     ra, a3, s4
core   0: 3 0x800085f4 (0x0146d0b3) x 1 0xbfffe0ad
core   0: 0x800085f8 (0x000082c5) c.srli  a3, 17
core   0: 3 0x800085f8 (0x82c5) x13 0x00005fff
core   0: 0x800085fa (0x40dc5eb3) sra     t4, s8, a3
core   0: 3 0x800085fa (0x40dc5eb3) x29 0x00000000
core   0: 0x800085fe (0x00009bfd) c.andi  a5, -1
core   0: 3 0x800085fe (0x9bfd) x15 0x68972100
core   0: 0x80008600 (0x0000100f) fence.i
core   0: 3 0x80008600 (0x0000100f)
core   0: 0x80008604 (0x037a6d63) bltu    s4, s7, pc + 58
core   0: 3 0x80008604 (0x037a6d63)
core   0: 0x8000863e (0x00000b14) c.addi4spn a3, sp, 400
core   0: 3 0x8000863e (0x0b14) x13 0x00000350
core   0: 0x80008640 (0x0ff0000f) fence   iorw,iorw
core   0: 3 0x80008640 (0x0ff0000f)
core   0: 0x80008644 (0x00008059) c.srli  s0, 22
core   0: 3 0x80008644 (0x8059) x 8 0x00000000
core   0: 0x80008646 (0x00f53033) sltu    zero, a0, a5
core   0: 3 0x80008646 (0x00f53033)
core   0: 0x8000864a (0x41f3de13) srai    t3, t2, 31
core   0: 3 0x8000864a (0x41f3de13) x28 0x00000000
core   0: 0x8000864e (0x414c5cb3) sra     s9, s8, s4
core   0: 3 0x8000864e (0x414c5cb3) x25 0x00000000
core   0: 0x80008652 (0x02507ab3) remu    s5, zero, t0
core   0: 3 0x80008652 (0x02507ab3) x21 0x00000000
core   0: 0x80008656 (0x000086a5) c.srai  a3, 9
core   0: 3 0x80008656 (0x86a5) x13 0x00000001
core   0: 0x80008658 (0x00000001) c.nop
core   0: 3 0x80008658 (0x0001)
core   0: 0x8000865a (0x0ff0000f) fence   iorw,iorw
core   0: 3 0x8000865a (0x0ff0000f)
core   0: 0x8000865e (0xf2ea7e13) andi    t3, s4, -210
core   0: 3 0x8000865e (0xf2ea7e13) x28 0x00000000
core   0: 0x80008662 (0x00000cde) c.slli  s9, 23
core   0: 3 0x80008662 (0x0cde) x25 0x00000000
core   0: 0x80008664 (0x035ce4b3) rem     s1, s9, s5
core   0: 3 0x80008664 (0x035ce4b3) x 9 0x00000000
core   0: 0x80008668 (0x004e1433) sll     s0, t3, tp
core   0: 3 0x80008668 (0x004e1433) x 8 0x00000000
core   0: 0x8000866c (0x022bf563) bgeu    s7, sp, pc + 42
core   0: 3 0x8000866c (0x022bf563)
core   0: 0x80008696 (0x00006a4d) c.lui   s4, 0x13
core   0: 3 0x80008696 (0x6a4d) x20 0x00013000
core   0: 0x80008698 (0x5e572713) slti    a4, a4, 1509
core   0: 3 0x80008698 (0x5e572713) x14 0x00000001
core   0: 0x8000869c (0xf87f7393) andi    t2, t5, -121
core   0: 3 0x8000869c (0xf87f7393) x 7 0x80026c84
core   0: 0x800086a0 (0x00000001) c.nop
core   0: 3 0x800086a0 (0x0001)
core   0: 0x800086a2 (0x01e00563) beq     zero, t5, pc + 10
core   0: 3 0x800086a2 (0x01e00563)
core   0: 0x800086a6 (0x00b97c33) and     s8, s2, a1
core   0: 3 0x800086a6 (0x00b97c33) x24 0x00000000
core   0: 0x800086aa (0x00001200) c.addi4spn s0, sp, 288
core   0: 3 0x800086aa (0x1200) x 8 0x000002e0
core   0: 0x800086ac (0x024e1db3) mulh    s11, t3, tp
core   0: 3 0x800086ac (0x024e1db3) x27 0x00000000
core   0: 0x800086b0 (0x02c18133) mul     sp, gp, a2
core   0: 3 0x800086b0 (0x02c18133) x 2 0x0008d810
core   0: 0x800086b4 (0x40d9da33) sra     s4, s3, a3
core   0: 3 0x800086b4 (0x40d9da33) x20 0xfffffff3
core   0: 0x800086b8 (0xf8310413) addi    s0, sp, -125
core   0: 3 0x800086b8 (0xf8310413) x 8 0x0008d793
core   0: 0x800086bc (0xdcc48b13) addi    s6, s1, -564
core   0: 3 0x800086bc (0xdcc48b13) x22 0xfffffdcc
core   0: 0x800086c0 (0x002c9e13) slli    t3, s9, 2
core   0: 3 0x800086c0 (0x002c9e13) x28 0x00000000
core   0: 0x800086c4 (0x3f2cc493) xori    s1, s9, 1010
core   0: 3 0x800086c4 (0x3f2cc493) x 9 0x000003f2
core   0: 0x800086c8 (0x8d913637) lui     a2, 0x8d913
core   0: 3 0x800086c8 (0x8d913637) x12 0x8d913000
core   0: 0x800086cc (0x00006f31) c.lui   t5, 0xc
core   0: 3 0x800086cc (0x6f31) x30 0x0000c000
core   0: 0x800086ce (0x00f79c33) sll     s8, a5, a5
core   0: 3 0x800086ce (0x00f79c33) x24 0x68972100
core   0: 0x800086d2 (0x0ff0000f) fence   iorw,iorw
core   0: 3 0x800086d2 (0x0ff0000f)
core   0: 0x800086d6 (0xe54ab813) sltiu   a6, s5, -428
core   0: 3 0x800086d6 (0xe54ab813) x16 0x00000001
core   0: 0x800086da (0x00959f33) sll     t5, a1, s1
core   0: 3 0x800086da (0x00959f33) x30 0xb3900000
core   0: 0x800086de (0x411d8c33) sub     s8, s11, a7
core   0: 3 0x800086de (0x411d8c33) x24 0xffffffff
core   0: 0x800086e2 (0x0212b133) mulhu   sp, t0, ra
core   0: 3 0x800086e2 (0x0212b133) x 2 0x00000000
core   0: 0x800086e6 (0x039fc8b3) div     a7, t6, s9
core   0: 3 0x800086e6 (0x039fc8b3) x17 0xffffffff
core   0: 0x800086ea (0x00001a7d) c.addi  s4, -1
core   0: 3 0x800086ea (0x1a7d) x20 0xfffffff2
core   0: 0x800086ec (0x0092b0b3) sltu    ra, t0, s1
core   0: 3 0x800086ec (0x0092b0b3) x 1 0x00000001
core   0: 0x800086f0 (0x016d2633) slt     a2, s10, s6
core   0: 3 0x800086f0 (0x016d2633) x12 0x00000000
core   0: 0x800086f4 (0x000084dd) c.srai  s1, 23
core   0: 3 0x800086f4 (0x84dd) x 9 0x00000000
core   0: 0x800086f6 (0x00c25a93) srli    s5, tp, 12
core   0: 3 0x800086f6 (0x00c25a93) x21 0x00000000
core   0: 0x800086fa (0x0236b3b3) mulhu   t2, a3, gp
core   0: 3 0x800086fa (0x0236b3b3) x 7 0x00000000
core   0: 0x800086fe (0x03046a63) bltu    s0, a6, pc + 52
core   0: 3 0x800086fe (0x03046a63)
core   0: 0x80008702 (0x015d6863) bltu    s10, s5, pc + 16
core   0: 3 0x80008702 (0x015d6863)
core   0: 0x80008706 (0x03f42f33) mulhsu  t5, s0, t6
core   0: 3 0x80008706 (0x03f42f33) x30 0x0005a017
core   0: 0x8000870a (0x02195663) bge     s2, ra, pc + 44
core   0: 3 0x8000870a (0x02195663)
core   0: 0x8000870e (0x030378b3) remu    a7, t1, a6
core   0: 3 0x8000870e (0x030378b3) x17 0x00000000
core   0: 0x80008712 (0x017b2fb3) slt     t6, s6, s7
core   0: 3 0x80008712 (0x017b2fb3) x31 0x00000000
core   0: 0x80008716 (0x00008efd) c.and   a3, a5
core   0: 3 0x80008716 (0x8efd) x13 0x00000000
core   0: 0x80008718 (0x40b2d333) sra     t1, t0, a1
core   0: 3 0x80008718 (0x40b2d333) x 6 0x00000000
core   0: 0x8000871c (0x40b6d713) srai    a4, a3, 11
core   0: 3 0x8000871c (0x40b6d713) x14 0x00000000
core   0: 0x80008720 (0x00371433) sll     s0, a4, gp
core   0: 3 0x80008720 (0x00371433) x 8 0x00000000
core   0: 0x80008724 (0x0000830d) c.srli  a4, 3
core   0: 3 0x80008724 (0x830d) x14 0x00000000
core   0: 0x80008726 (0x006ae633) or      a2, s5, t1
core   0: 3 0x80008726 (0x006ae633) x12 0x00000000
core   0: 0x8000872a (0x00008cb5) c.xor   s1, a3
core   0: 3 0x8000872a (0x8cb5) x 9 0x00000000
core   0: 0x8000872c (0x00004441) c.li    s0, 16
core   0: 3 0x8000872c (0x4441) x 8 0x00000010
core   0: 0x8000872e (0x03b79463) bne     a5, s11, pc + 40
core   0: 3 0x8000872e (0x03b79463)
core   0: 0x80008756 (0x0370e733) rem     a4, ra, s7
core   0: 3 0x80008756 (0x0370e733) x14 0x00000001
core   0: 0x8000875a (0x02e434b3) mulhu   s1, s0, a4
core   0: 3 0x8000875a (0x02e434b3) x 9 0x00000000
core   0: 0x8000875e (0x00000742) c.slli  a4, 16
core   0: 3 0x8000875e (0x0742) x14 0x00010000
core   0: 0x80008760 (0x0000879d) c.srai  a5, 7
core   0: 3 0x80008760 (0x879d) x15 0x00d12e42
core   0: 0x80008762 (0x029eb6b3) mulhu   a3, t4, s1
core   0: 3 0x80008762 (0x029eb6b3) x13 0x00000000
core   0: 0x80008766 (0x40c05713) srai    a4, zero, 12
core   0: 3 0x80008766 (0x40c05713) x14 0x00000000
core   0: 0x8000876a (0x00000bb9) c.addi  s7, 14
core   0: 3 0x8000876a (0x0bb9) x23 0x80026cf2
core   0: 0x8000876c (0x00000001) c.nop
core   0: 3 0x8000876c (0x0001)
core   0: 0x8000876e (0x000082f1) c.srli  a3, 28
core   0: 3 0x8000876e (0x82f1) x13 0x00000000
core   0: 0x80008770 (0x00008cad) c.xor   s1, a1
core   0: 3 0x80008770 (0x8cad) x 9 0x80026ce4
core   0: 0x80008772 (0x001a20b3) slt     ra, s4, ra
core   0: 3 0x80008772 (0x001a20b3) x 1 0x00000001
core   0: 0x80008776 (0x035567b3) rem     a5, a0, s5
core   0: 3 0x80008776 (0x035567b3) x15 0x80022e34
core   0: 0x8000877a (0x021106b3) mul     a3, sp, ra
core   0: 3 0x8000877a (0x021106b3) x13 0x00000000
core   0: 0x8000877e (0x8c1b8813) addi    a6, s7, -1855
core   0: 3 0x8000877e (0x8c1b8813) x16 0x800265b3
core   0: 0x80008782 (0x02ceb033) mulhu   zero, t4, a2
core   0: 3 0x80008782 (0x02ceb033)
core   0: 0x80008786 (0x012a9b13) slli    s6, s5, 18
core   0: 3 0x80008786 (0x012a9b13) x22 0x00000000
core   0: 0x8000878a (0xf8e7a317) auipc   t1, 0xf8e7a
core   0: 3 0x8000878a (0xf8e7a317) x 6 0x78e8278a
core   0: 0x8000878e (0x013727b3) slt     a5, a4, s3
core   0: 3 0x8000878e (0x013727b3) x15 0x00000000
core   0: 0x80008792 (0x03614763) blt     sp, s6, pc + 46
core   0: 3 0x80008792 (0x03614763)
core   0: 0x80008796 (0x40aadc13) srai    s8, s5, 10
core   0: 3 0x80008796 (0x40aadc13) x24 0x00000000
core   0: 0x8000879a (0x0000100f) fence.i
core   0: 3 0x8000879a (0x0000100f)
core   0: 0x8000879e (0x03980bb3) mul     s7, a6, s9
core   0: 3 0x8000879e (0x03980bb3) x23 0x00000000
core   0: 0x800087a2 (0x02cb2633) mulhsu  a2, s6, a2
core   0: 3 0x800087a2 (0x02cb2633) x12 0x00000000
core   0: 0x800087a6 (0x67a84713) xori    a4, a6, 1658
core   0: 3 0x800087a6 (0x67a84713) x14 0x800263c9
core   0: 0x800087aa (0x01adc9b3) xor     s3, s11, s10
core   0: 3 0x800087aa (0x01adc9b3) x19 0x00000000
core   0: 0x800087ae (0x03cca633) mulhsu  a2, s9, t3
core   0: 3 0x800087ae (0x03cca633) x12 0x00000000
core   0: 0x800087b2 (0x7b8b0cb7) lui     s9, 0x7b8b0
core   0: 3 0x800087b2 (0x7b8b0cb7) x25 0x7b8b0000
core   0: 0x800087b6 (0x02e6cf33) div     t5, a3, a4
core   0: 3 0x800087b6 (0x02e6cf33) x30 0x00000000
core   0: 0x800087ba (0x00000001) c.nop
core   0: 3 0x800087ba (0x0001)
core   0: 0x800087bc (0x011a0963) beq     s4, a7, pc + 18
core   0: 3 0x800087bc (0x011a0963)
core   0: 0x800087c0 (0x03bc3a33) mulhu   s4, s8, s11
core   0: 3 0x800087c0 (0x03bc3a33) x20 0x00000000
core   0: 0x800087c4 (0xba3d5797) auipc   a5, 0xba3d5
core   0: 3 0x800087c4 (0xba3d5797) x15 0x3a3dd7c4
core   0: 0x800087c8 (0x003257b3) srl     a5, tp, gp
core   0: 3 0x800087c8 (0x003257b3) x15 0x00000000
core   0: 0x800087cc (0x00006fb5) c.lui   t6, 0xd
core   0: 3 0x800087cc (0x6fb5) x31 0x0000d000
core   0: 0x800087ce (0x02874ab3) div     s5, a4, s0
core   0: 3 0x800087ce (0x02874ab3) x21 0xf800263d
core   0: 0x800087d2 (0x00008bd2) c.mv    s7, s4
core   0: 3 0x800087d2 (0x8bd2) x23 0x00000000
core   0: 0x800087d4 (0xc16b7193) andi    gp, s6, -1002
core   0: 3 0x800087d4 (0xc16b7193) x 3 0x00000000
core   0: 0x800087d8 (0x000001be) c.slli  gp, 15
core   0: 3 0x800087d8 (0x01be) x 3 0x00000000
core   0: 0x800087da (0x0ff0000f) fence   iorw,iorw
core   0: 3 0x800087da (0x0ff0000f)
core   0: 0x800087de (0x02adf733) remu    a4, s11, a0
core   0: 3 0x800087de (0x02adf733) x14 0x00000000
core   0: 0x800087e2 (0x02f68f33) mul     t5, a3, a5
core   0: 3 0x800087e2 (0x02f68f33) x30 0x00000000
core   0: 0x800087e6 (0x00008ae1) c.andi  a3, 24
core   0: 3 0x800087e6 (0x8ae1) x13 0x00000000
core   0: 0x800087e8 (0x649fb813) sltiu   a6, t6, 1609
core   0: 3 0x800087e8 (0x649fb813) x16 0x00000000
core   0: 0x800087ec (0x41655b33) sra     s6, a0, s6
core   0: 3 0x800087ec (0x41655b33) x22 0x80022e34
core   0: 0x800087f0 (0x00000e94) c.addi4spn a3, sp, 848
core   0: 3 0x800087f0 (0x0e94) x13 0x00000350
core   0: 0x800087f2 (0x01df7f63) bgeu    t5, t4, pc + 30
core   0: 3 0x800087f2 (0x01df7f63)
core   0: 0x80008810 (0x02237f33) remu    t5, t1, sp
core   0: 3 0x80008810 (0x02237f33) x30 0x78e8278a
core   0: 0x80008814 (0x03439563) bne     t2, s4, pc + 42
core   0: 3 0x80008814 (0x03439563)
core   0: 0x80008818 (0x01e7c3b3) xor     t2, a5, t5
core   0: 3 0x80008818 (0x01e7c3b3) x 7 0x78e8278a
core   0: 0x8000881c (0x00008f89) c.sub   a5, a0
core   0: 3 0x8000881c (0x8f89) x15 0x7ffdd1cc
core   0: 0x8000881e (0x00001094) c.addi4spn a3, sp, 96
core   0: 3 0x8000881e (0x1094) x13 0x00000060
core   0: 0x80008820 (0x000090be) c.add   ra, a5
core   0: 3 0x80008820 (0x90be) x 1 0x7ffdd1cd
core   0: 0x80008822 (0x020421b3) mulhsu  gp, s0, zero
core   0: 3 0x80008822 (0x020421b3) x 3 0x00000000
core   0: 0x80008826 (0x03294833) div     a6, s2, s2
core   0: 3 0x80008826 (0x03294833) x16 0xffffffff
core   0: 0x8000882a (0x011bcd63) blt     s7, a7, pc + 26
core   0: 3 0x8000882a (0x011bcd63)
core   0: 0x8000882e (0x01199433) sll     s0, s3, a7
core   0: 3 0x8000882e (0x01199433) x 8 0x00000000
core   0: 0x80008832 (0x0000049c) c.addi4spn a5, sp, 576
core   0: 3 0x80008832 (0x049c) x15 0x00000240
core   0: 0x80008834 (0x00000001) c.nop
core   0: 3 0x80008834 (0x0001)
core   0: 0x80008836 (0x0116c733) xor     a4, a3, a7
core   0: 3 0x80008836 (0x0116c733) x14 0x00000060
core   0: 0x8000883a (0x0383ec33) rem     s8, t2, s8
core   0: 3 0x8000883a (0x0383ec33) x24 0x78e8278a
core   0: 0x8000883e (0xfb0b4317) auipc   t1, 0xfb0b4
core   0: 3 0x8000883e (0xfb0b4317) x 6 0x7b0bc83e
core   0: 0x80008842 (0x00000001) c.nop
core   0: 3 0x80008842 (0x0001)
core   0: 0x80008844 (0x41800133) sub     sp, zero, s8
core   0: 3 0x80008844 (0x41800133) x 2 0x8717d876
core   0: 0x80008848 (0x0bb6f963) bgeu    a3, s11, pc + 178
core   0: 3 0x80008848 (0x0bb6f963)
core   0: 0x800088fa (0x015e89b3) add     s3, t4, s5
core   0: 3 0x800088fa (0x015e89b3) x19 0xf800263d
core   0: 0x800088fe (0x16e00a93) li      s5, 366
core   0: 3 0x800088fe (0x16e00a93) x21 0x0000016e
core   0: 0x80008902 (0x00000001) c.nop
core   0: 3 0x80008902 (0x0001)
core   0: 0x80008904 (0x00009442) c.add   s0, a6
core   0: 3 0x80008904 (0x9442) x 8 0xffffffff
core   0: 0x80008906 (0x000063cd) c.lui   t2, 0x13
core   0: 3 0x80008906 (0x63cd) x 7 0x00013000
core   0: 0x80008908 (0x02b8bbb3) mulhu   s7, a7, a1
core   0: 3 0x80008908 (0x02b8bbb3) x23 0x00000000
core   0: 0x8000890c (0x5a07ab13) slti    s6, a5, 1440
core   0: 3 0x8000890c (0x5a07ab13) x22 0x00000001
core   0: 0x80008910 (0x00008e21) c.xor   a2, s0
core   0: 3 0x80008910 (0x8e21) x12 0xffffffff
core   0: 0x80008912 (0x030bb8b3) mulhu   a7, s7, a6
core   0: 3 0x80008912 (0x030bb8b3) x17 0x00000000
core   0: 0x80008916 (0x894d4713) xori    a4, s10, -1900
core   0: 3 0x80008916 (0x894d4713) x14 0xfffff894
core   0: 0x8000891a (0x00008c2e) c.mv    s8, a1
core   0: 3 0x8000891a (0x8c2e) x24 0x80026ce4
core   0: 0x8000891c (0x00005117) auipc   sp, 0x5
core   0: 3 0x8000891c (0x00005117) x 2 0x8000d91c
core   0: 0x80008920 (0xb4510113) addi    sp, sp, -1211
core   0: 3 0x80008920 (0xb4510113) x 2 0x8000d461
core   0: 0x80008924 (0x0000100f) fence.i
core   0: 3 0x80008924 (0x0000100f)
core   0: 0x80008928 (0x01ca8cb3) add     s9, s5, t3
core   0: 3 0x80008928 (0x01ca8cb3) x25 0x0000016e
core   0: 0x8000892c (0x03ff2b33) mulhsu  s6, t5, t6
core   0: 3 0x8000892c (0x03ff2b33) x22 0x0000623c
core   0: 0x80008930 (0xdc711303) lh      t1, -569(sp)
core   0: 3 0x80008930 (0xdc711303) x 6 0x000000e3 mem 0x8000d228
core   0: 0x80008934 (0x5b810703) lb      a4, 1464(sp)
core   0: 3 0x80008934 (0x5b810703) x14 0xffffffd2 mem 0x8000da19
core   0: 0x80008938 (0xc7715c83) lhu     s9, -905(sp)
core   0: 3 0x80008938 (0xc7715c83) x25 0x00009293 mem 0x8000d0d8
core   0: 0x8000893c (0xfbb12a83) lw      s5, -69(sp)
core   0: 3 0x8000893c (0xfbb12a83) x21 0xd4d5d6d7 mem 0x8000d41c
core   0: 0x80008940 (0x00008c8d) c.sub   s1, a1
core   0: 3 0x80008940 (0x8c8d) x 9 0x00000000
core   0: 0x80008942 (0xefd14003) lbu     zero, -259(sp)
core   0: 3 0x80008942 (0xefd14003) mem 0x8000d35e
core   0: 0x80008946 (0x0bb104a3) sb      s11, 169(sp)
core   0: 3 0x80008946 (0x0bb104a3) mem 0x8000d50a 0x0
core   0: 0x8000894a (0xf2915f03) lhu     t5, -215(sp)
core   0: 3 0x8000894a (0xf2915f03) x30 0x00006200 mem 0x8000d38a
core   0: 0x8000894e (0x42110923) sb      ra, 1074(sp)
core   0: 3 0x8000894e (0x42110923) mem 0x8000d893 0xcd
core   0: 0x80008952 (0x6b4127a3) sw      s4, 1711(sp)
core   0: 3 0x80008952 (0x6b4127a3) mem 0x8000db10 0x00000000
core   0: 0x80008956 (0xff310823) sb      s3, -16(sp)
core   0: 3 0x80008956 (0xff310823) mem 0x8000d451 0x3d
core   0: 0x8000895a (0x08d117a3) sh      a3, 143(sp)
core   0: 3 0x8000895a (0x08d117a3) mem 0x8000d4f0 0x0060
core   0: 0x8000895e (0x587fcd93) xori    s11, t6, 1415
core   0: 3 0x8000895e (0x587fcd93) x27 0x0000d587
core   0: 0x80008962 (0x00008c29) c.xor   s0, a0
core   0: 3 0x80008962 (0x8c29) x 8 0x7ffdd1cb
core   0: 0x80008964 (0x48c10803) lb      a6, 1164(sp)
core   0: 3 0x80008964 (0x48c10803) x16 0xffffffa6 mem 0x8000d8ed
core   0: 0x80008968 (0x0247e3b3) rem     t2, a5, tp
core   0: 3 0x80008968 (0x0247e3b3) x 7 0x00000240
core   0: 0x8000896c (0x01b65e93) srli    t4, a2, 27
core   0: 3 0x8000896c (0x01b65e93) x29 0x0000001f
core   0: 0x80008970 (0xc63108a3) sb      gp, -911(sp)
core   0: 3 0x80008970 (0xc63108a3) mem 0x8000d0d2 0x0
core   0: 0x80008974 (0x6ee14983) lbu     s3, 1774(sp)
core   0: 3 0x80008974 (0x6ee14983) x19 0x00000004 mem 0x8000db4f
core   0: 0x80008978 (0x02b12603) lw      a2, 43(sp)
core   0: 3 0x80008978 (0x02b12603) x12 0x44454647 mem 0x8000d48c
core   0: 0x8000897c (0xfa014783) lbu     a5, -96(sp)
core   0: 3 0x8000897c (0xfa014783) x15 0x000000ba mem 0x8000d401
core   0: 0x80008980 (0x4e210723) sb      sp, 1262(sp)
core   0: 3 0x80008980 (0x4e210723) mem 0x8000d94f 0x61
core   0: 0x80008984 (0x4a610303) lb      t1, 1190(sp)
core   0: 3 0x80008984 (0x4a610303) x 6 0xffffffbc mem 0x8000d907
core   0: 0x80008988 (0x406e5833) sra     a6, t3, t1
core   0: 3 0x80008988 (0x406e5833) x16 0x00000000
core   0: 0x8000898c (0xc7910c23) sb      s9, -904(sp)
core   0: 3 0x8000898c (0xc7910c23) mem 0x8000d0d9 0x93
core   0: 0x80008990 (0x3a214703) lbu     a4, 930(sp)
core   0: 3 0x80008990 (0x3a214703) x14 0x000000b8 mem 0x8000d803
core   0: 0x80008994 (0xd4d100a3) sb      a3, -703(sp)
core   0: 3 0x80008994 (0xd4d100a3) mem 0x8000d1a2 0x60
core   0: 0x80008998 (0x0000587d) c.li    a6, -1
core   0: 3 0x80008998 (0x587d) x16 0xffffffff
core   0: 0x8000899a (0x000086b1) c.srai  a3, 12
core   0: 3 0x8000899a (0x86b1) x13 0x00000000
core   0: 0x8000899c (0x69412da3) sw      s4, 1691(sp)
core   0: 3 0x8000899c (0x69412da3) mem 0x8000dafc 0x00000000
core   0: 0x800089a0 (0x007241b3) xor     gp, tp, t2
core   0: 3 0x800089a0 (0x007241b3) x 3 0x00000240
core   0: 0x800089a4 (0x02322e33) mulhsu  t3, tp, gp
core   0: 3 0x800089a4 (0x02322e33) x28 0x00000000
core   0: 0x800089a8 (0x55502293) slti    t0, zero, 1365
core   0: 3 0x800089a8 (0x55502293) x 5 0x00000001
core   0: 0x800089ac (0x00008071) c.srli  s0, 28
core   0: 3 0x800089ac (0x8071) x 8 0x00000007
core   0: 0x800089ae (0x00000594) c.addi4spn a3, sp, 704
core   0: 3 0x800089ae (0x0594) x13 0x8000d721
core   0: 0x800089b0 (0x00008162) c.mv    sp, s8
core   0: 3 0x800089b0 (0x8162) x 2 0x80026ce4
core   0: 0x800089b2 (0x53e67993) andi    s3, a2, 1342
core   0: 3 0x800089b2 (0x53e67993) x19 0x00000406
core   0: 0x800089b6 (0x01497933) and     s2, s2, s4
core   0: 3 0x800089b6 (0x01497933) x18 0x00000000
core   0: 0x800089ba (0x036b4c63) blt     s6, s6, pc + 56
core   0: 3 0x800089ba (0x036b4c63)
core   0: 0x800089be (0x00ec1313) slli    t1, s8, 14
core   0: 3 0x800089be (0x00ec1313) x 6 0x9b390000
core   0: 0x800089c2 (0x033198b3) mulh    a7, gp, s3
core   0: 3 0x800089c2 (0x033198b3) x17 0x00000000
core   0: 0x800089c6 (0x0123a2b3) slt     t0, t2, s2
core   0: 3 0x800089c6 (0x0123a2b3) x 5 0x00000000
core   0: 0x800089ca (0x0090f2b3) and     t0, ra, s1
core   0: 3 0x800089ca (0x0090f2b3) x 5 0x00000000
core   0: 0x800089ce (0x03f41563) bne     s0, t6, pc + 42
core   0: 3 0x800089ce (0x03f41563)
core   0: 0x800089f8 (0x00009c62) c.add   s8, s8
core   0: 3 0x800089f8 (0x9c62) x24 0x0004d9c8
core   0: 0x800089fa (0x02a128b3) mulhsu  a7, sp, a0
core   0: 3 0x800089fa (0x02a128b3) x17 0xc0001f5d
core   0: 0x800089fe (0x000061e9) c.lui   gp, 0x1a
core   0: 3 0x800089fe (0x61e9) x 3 0x0001a000
core   0: 0x80008a00 (0x00008c15) c.sub   s0, a3
core   0: 3 0x80008a00 (0x8c15) x 8 0x7fff28e6
core   0: 0x80008a02 (0x03965963) bge     a2, s9, pc + 50
core   0: 3 0x80008a02 (0x03965963)
core   0: 0x80008a34 (0x000086f9) c.srai  a3, 30
core   0: 3 0x80008a34 (0x86f9) x13 0xfffffffe
core   0: 0x80008a36 (0x00008ef1) c.and   a3, a2
core   0: 3 0x80008a36 (0x8ef1) x13 0x44454646
core   0: 0x80008a38 (0x00001bfd) c.addi  s7, -1
core   0: 3 0x80008a38 (0x1bfd) x23 0xffffffff
core   0: 0x80008a3a (0x0095aa33) slt     s4, a1, s1
core   0: 3 0x80008a3a (0x0095aa33) x20 0x00000001
core   0: 0x80008a3e (0x00006909) c.lui   s2, 0x2
core   0: 3 0x80008a3e (0x6909) x18 0x00002000
core   0: 0x80008a40 (0x000093ea) c.add   t2, s10
core   0: 3 0x80008a40 (0x93ea) x 7 0x00000240
core   0: 0x80008a42 (0x00001e1c) c.addi4spn a5, sp, 816
core   0: 3 0x80008a42 (0x1e1c) x15 0x80027014
core   0: 0x80008a44 (0x0078f763) bgeu    a7, t2, pc + 14
core   0: 3 0x80008a44 (0x0078f763)
core   0: 0x80008a52 (0xab56d997) auipc   s3, 0xab56d
core   0: 3 0x80008a52 (0xab56d997) x19 0x2b575a52
core   0: 0x80008a56 (0x01189d33) sll     s10, a7, a7
core   0: 3 0x80008a56 (0x01189d33) x26 0xa0000000
core   0: 0x80008a5a (0xe498f293) andi    t0, a7, -439
core   0: 3 0x80008a5a (0xe498f293) x 5 0xc0001e49
core   0: 0x80008a5e (0x02318563) beq     gp, gp, pc + 42
core   0: 3 0x80008a5e (0x02318563)
core   0: 0x80008a88 (0x0345e663) bltu    a1, s4, pc + 44
core   0: 3 0x80008a88 (0x0345e663)
core   0: 0x80008a8c (0x02ace6b3) rem     a3, s9, a0
core   0: 3 0x80008a8c (0x02ace6b3) x13 0x00009293
core   0: 0x80008a90 (0x000087c5) c.srai  a5, 17
core   0: 3 0x80008a90 (0x87c5) x15 0xffffc001
core   0: 0x80008a92 (0xfea52b93) slti    s7, a0, -22
core   0: 3 0x80008a92 (0xfea52b93) x23 0x00000001
core   0: 0x80008a96 (0x03979b33) mulh    s6, a5, s9
core   0: 3 0x80008a96 (0x03979b33) x22 0xffffffff
core   0: 0x80008a9a (0xf04fbf93) sltiu   t6, t6, -252
core   0: 3 0x80008a9a (0xf04fbf93) x31 0x00000001
core   0: 0x80008a9e (0x7c9bb693) sltiu   a3, s7, 1993
core   0: 3 0x80008a9e (0x7c9bb693) x13 0x00000001
core   0: 0x80008aa2 (0x005bc1b3) xor     gp, s7, t0
core   0: 3 0x80008aa2 (0x005bc1b3) x 3 0xc0001e48
core   0: 0x80008aa6 (0x00001c7d) c.addi  s8, -1
core   0: 3 0x80008aa6 (0x1c7d) x24 0x0004d9c7
core   0: 0x80008aa8 (0x00008e55) c.or    a2, a3
core   0: 3 0x80008aa8 (0x8e55) x12 0x44454647
core   0: 0x80008aaa (0x959e0a93) addi    s5, t3, -1703
core   0: 3 0x80008aaa (0x959e0a93) x21 0xfffff959
core   0: 0x80008aae (0x000098fd) c.andi  s1, -1
core   0: 3 0x80008aae (0x98fd) x 9 0x00000000
core   0: 0x80008ab0 (0x0ff0000f) fence   iorw,iorw
core   0: 3 0x80008ab0 (0x0ff0000f)
core   0: 0x80008ab4 (0x7e287c13) andi    s8, a6, 2018
core   0: 3 0x80008ab4 (0x7e287c13) x24 0x000007e2
core   0: 0x80008ab8 (0x0211d663) bge     gp, ra, pc + 44
core   0: 3 0x80008ab8 (0x0211d663)
core   0: 0x80008abc (0x01a79563) bne     a5, s10, pc + 10
core   0: 3 0x80008abc (0x01a79563)
core   0: 0x80008ac6 (0xd85a2e93) slti    t4, s4, -635
core   0: 3 0x80008ac6 (0xd85a2e93) x29 0x00000000
core   0: 0x80008aca (0x49be8897) auipc   a7, 0x49be8
core   0: 3 0x80008aca (0x49be8897) x17 0xc9bf0aca
core   0: 0x80008ace (0x00185f93) srli    t6, a6, 1
core   0: 3 0x80008ace (0x00185f93) x31 0x7fffffff
core   0: 0x80008ad2 (0x00000001) c.nop
core   0: 3 0x80008ad2 (0x0001)
core   0: 0x80008ad4 (0x02afc163) blt     t6, a0, pc + 34
core   0: 3 0x80008ad4 (0x02afc163)
core   0: 0x80008ad8 (0x0ff0000f) fence   iorw,iorw
core   0: 3 0x80008ad8 (0x0ff0000f)
core   0: 0x80008adc (0x02915463) bge     sp, s1, pc + 40
core   0: 3 0x80008adc (0x02915463)
core   0: 0x80008ae0 (0x0260f133) remu    sp, ra, t1
core   0: 3 0x80008ae0 (0x0260f133) x 2 0x7ffdd1cd
core   0: 0x80008ae4 (0x003dfe33) and     t3, s11, gp
core   0: 3 0x80008ae4 (0x003dfe33) x28 0x00001400
core   0: 0x80008ae8 (0x026a5db3) divu    s11, s4, t1
core   0: 3 0x80008ae8 (0x026a5db3) x27 0x00000000
core   0: 0x80008aec (0x03bb7c33) remu    s8, s6, s11
core   0: 3 0x80008aec (0x03bb7c33) x24 0xffffffff
core   0: 0x80008af0 (0x0115db13) srli    s6, a1, 17
core   0: 3 0x80008af0 (0x0115db13) x22 0x00004001
core   0: 0x80008af4 (0x0000717d) c.addi16sp sp, -16
core   0: 3 0x80008af4 (0x717d) x 2 0x7ffdd1bd
core   0: 0x80008af6 (0x000080f1) c.srli  s1, 28
core   0: 3 0x80008af6 (0x80f1) x 9 0x00000000
core   0: 0x80008af8 (0x00008711) c.srai  a4, 4
core   0: 3 0x80008af8 (0x8711) x14 0x0000000b
core   0: 0x80008afa (0x00000001) c.nop
core   0: 3 0x80008afa (0x0001)
core   0: 0x80008afc (0x45cb3b93) sltiu   s7, s6, 1116
core   0: 3 0x80008afc (0x45cb3b93) x23 0x00000000
core   0: 0x80008b00 (0x9a096d13) ori     s10, s2, -1632
core   0: 3 0x80008b00 (0x9a096d13) x26 0xfffff9a0
core   0: 0x80008b04 (0x02c1dfb3) divu    t6, gp, a2
core   0: 3 0x80008b04 (0x02c1dfb3) x31 0x00000002
core   0: 0x80008b08 (0x03d4f6b3) remu    a3, s1, t4
core   0: 3 0x80008b08 (0x03d4f6b3) x13 0x00000000
core   0: 0x80008b0c (0x0000159c) c.addi4spn a5, sp, 736
core   0: 3 0x80008b0c (0x159c) x15 0x7ffdd49d
core   0: 0x80008b0e (0x012b8f63) beq     s7, s2, pc + 30
core   0: 3 0x80008b0e (0x012b8f63)
core   0: 0x80008b12 (0x4dbf2eb7) lui     t4, 0x4dbf2
core   0: 3 0x80008b12 (0x4dbf2eb7) x29 0x4dbf2000
core   0: 0x80008b16 (0x035f4e63) blt     t5, s5, pc + 60
core   0: 3 0x80008b16 (0x035f4e63)
core   0: 0x80008b1a (0x75254c93) xori    s9, a0, 1874
core   0: 3 0x80008b1a (0x75254c93) x25 0x80022966
core   0: 0x80008b1e (0x000006f6) c.slli  a3, 29
core   0: 3 0x80008b1e (0x06f6) x13 0x00000000
core   0: 0x80008b20 (0x03985eb3) divu    t4, a6, s9
core   0: 3 0x80008b20 (0x03985eb3) x29 0x00000001
core   0: 0x80008b24 (0x00df7033) and     zero, t5, a3
core   0: 3 0x80008b24 (0x00df7033)
core   0: 0x80008b28 (0x022ecd63) blt     t4, sp, pc + 58
core   0: 3 0x80008b28 (0x022ecd63)
core   0: 0x80008b62 (0x49023317) auipc   t1, 0x49023
core   0: 3 0x80008b62 (0x49023317) x 6 0xc902bb62
core   0: 0x80008b66 (0x00000c18) c.addi4spn a4, sp, 528
core   0: 3 0x80008b66 (0x0c18) x14 0x7ffdd3cd
core   0: 0x80008b68 (0x03826db3) rem     s11, tp, s8
core   0: 3 0x80008b68 (0x03826db3) x27 0x00000000
core   0: 0x80008b6c (0x00000001) c.nop
core   0: 3 0x80008b6c (0x0001)
core   0: 0x80008b6e (0x251cb613) sltiu   a2, s9, 593
core   0: 3 0x80008b6e (0x251cb613) x12 0x00000000
core   0: 0x80008b72 (0x0000ef09) c.bnez  a4, pc + 26
core   0: 3 0x80008b72 (0xef09)
core   0: 0x80008b8c (0x0130da93) srli    s5, ra, 19
core   0: 3 0x80008b8c (0x0130da93) x21 0x00000fff
core   0: 0x80008b90 (0x0000100f) fence.i
core   0: 3 0x80008b90 (0x0000100f)
core   0: 0x80008b94 (0x0000e815) c.bnez  s0, pc + 52
core   0: 3 0x80008b94 (0xe815)
core   0: 0x80008bc8 (0x011309b3) add     s3, t1, a7
core   0: 3 0x80008bc8 (0x011309b3) x19 0x92c1c62c
core   0: 0x80008bcc (0x000040d5) c.li    ra, 21
core   0: 3 0x80008bcc (0x40d5) x 1 0x00000015
core   0: 0x80008bce (0x41418fb3) sub     t6, gp, s4
core   0: 3 0x80008bce (0x41418fb3) x31 0xc0001e47
core   0: 0x80008bd2 (0x000058fd) c.li    a7, -1
core   0: 3 0x80008bd2 (0x58fd) x17 0xffffffff
core   0: 0x80008bd4 (0x0100d6b3) srl     a3, ra, a6
core   0: 3 0x80008bd4 (0x0100d6b3) x13 0x00000000
core   0: 0x80008bd8 (0xab56cd97) auipc   s11, 0xab56c
core   0: 3 0x80008bd8 (0xab56cd97) x27 0x2b574bd8
core   0: 0x80008bdc (0x008f59b3) srl     s3, t5, s0
core   0: 3 0x80008bdc (0x008f59b3) x19 0x00000188
core   0: 0x80008be0 (0x0d4a8d13) addi    s10, s5, 212
core   0: 3 0x80008be0 (0x0d4a8d13) x26 0x000010d3
core   0: 0x80008be4 (0x023a96b3) mulh    a3, s5, gp
core   0: 3 0x80008be4 (0x023a96b3) x13 0xfffffc00
core   0: 0x80008be8 (0x007c4663) blt     s8, t2, pc + 12
core   0: 3 0x80008be8 (0x007c4663)
core   0: 0x80008bf4 (0x0297b433) mulhu   s0, a5, s1
core   0: 3 0x80008bf4 (0x0297b433) x 8 0x00000000
core   0: 0x80008bf8 (0x0000c681) c.beqz  a3, pc + 8
core   0: 3 0x80008bf8 (0xc681)
core   0: 0x80008bfa (0x00008f55) c.or    a4, a3
core   0: 3 0x80008bfa (0x8f55) x14 0xffffffcd
core   0: 0x80008bfc (0x00001618) c.addi4spn a4, sp, 800
core   0: 3 0x80008bfc (0x1618) x14 0x7ffdd4dd
core   0: 0x80008bfe (0x0000074e) c.slli  a4, 19
core   0: 3 0x80008bfe (0x074e) x14 0xa6e80000
core   0: 0x80008c00 (0x56ddc413) xori    s0, s11, 1389
core   0: 3 0x80008c00 (0x56ddc413) x 8 0x2b574eb5
core   0: 0x80008c04 (0x00e097b3) sll     a5, ra, a4
core   0: 3 0x80008c04 (0x00e097b3) x15 0x00000015
core   0: 0x80008c08 (0x0000cc05) c.beqz  s0, pc + 56
core   0: 3 0x80008c08 (0xcc05)
core   0: 0x80008c0a (0x65397037) lui     zero, 0x65397
core   0: 3 0x80008c0a (0x65397037)
core   0: 0x80008c0e (0x0214fd63) bgeu    s1, ra, pc + 58
core   0: 3 0x80008c0e (0x0214fd63)
core   0: 0x80008c12 (0x00000c8d) c.addi  s9, 3
core   0: 3 0x80008c12 (0x0c8d) x25 0x80022969
core   0: 0x80008c14 (0x03633833) mulhu   a6, t1, s6
core   0: 3 0x80008c14 (0x03633833) x16 0x00003241
core   0: 0x80008c18 (0x018d1613) slli    a2, s10, 24
core   0: 3 0x80008c18 (0x018d1613) x12 0xd3000000
core   0: 0x80008c1c (0x002297b3) sll     a5, t0, sp
core   0: 3 0x80008c1c (0x002297b3) x15 0x20000000
core   0: 0x80008c20 (0x01db98b3) sll     a7, s7, t4
core   0: 3 0x80008c20 (0x01db98b3) x17 0x00000000
core   0: 0x80008c24 (0x01f38cb3) add     s9, t2, t6
core   0: 3 0x80008c24 (0x01f38cb3) x25 0xc0002087
core   0: 0x80008c28 (0xfd903d13) sltiu   s10, zero, -39
core   0: 3 0x80008c28 (0xfd903d13) x26 0x00000001
core   0: 0x80008c2c (0x00008fd1) c.or    a5, a2
core   0: 3 0x80008c2c (0x8fd1) x15 0xf3000000
core   0: 0x80008c2e (0x0000717d) c.addi16sp sp, -16
core   0: 3 0x80008c2e (0x717d) x 2 0x7ffdd1ad
core   0: 0x80008c30 (0xdfcdf493) andi    s1, s11, -516
core   0: 3 0x80008c30 (0xdfcdf493) x 9 0x2b5749d8
core   0: 0x80008c34 (0x02ae3733) mulhu   a4, t3, a0
core   0: 3 0x80008c34 (0x02ae3733) x14 0x00000a00
core   0: 0x80008c38 (0x00000001) c.nop
core   0: 3 0x80008c38 (0x0001)
core   0: 0x80008c3a (0x9a5c4913) xori    s2, s8, -1627
core   0: 3 0x80008c3a (0x9a5c4913) x18 0x0000065a
core   0: 0x80008c3e (0x000088ea) c.mv    a7, s10
core   0: 3 0x80008c3e (0x88ea) x17 0x00000001
core   0: 0x80008c40 (0x014d9c33) sll     s8, s11, s4
core   0: 3 0x80008c40 (0x014d9c33) x24 0x56ae97b0
core   0: 0x80008c44 (0x03be7663) bgeu    t3, s11, pc + 44
core   0: 3 0x80008c44 (0x03be7663)
core   0: 0x80008c48 (0xc9177693) andi    a3, a4, -879
core   0: 3 0x80008c48 (0xc9177693) x13 0x00000800
core   0: 0x80008c4c (0x012c6833) or      a6, s8, s2
core   0: 3 0x80008c4c (0x012c6833) x16 0x56ae97fa
core   0: 0x80008c50 (0x00008409) c.srai  s0, 2
core   0: 3 0x80008c50 (0x8409) x 8 0x0ad5d3ad
core   0: 0x80008c52 (0x000018fd) c.addi  a7, -1
core   0: 3 0x80008c52 (0x18fd) x17 0x00000000
core   0: 0x80008c54 (0x022ee433) rem     s0, t4, sp
core   0: 3 0x80008c54 (0x022ee433) x 8 0x00000001
core   0: 0x80008c58 (0xe2312a93) slti    s5, sp, -477
core   0: 3 0x80008c58 (0xe2312a93) x21 0x00000000
core   0: 0x80008c5c (0x00e07a63) bgeu    zero, a4, pc + 20
core   0: 3 0x80008c5c (0x00e07a63)
core   0: 0x80008c60 (0x00008069) c.srli  s0, 26
core   0: 3 0x80008c60 (0x8069) x 8 0x00000000
core   0: 0x80008c62 (0x01a2ca33) xor     s4, t0, s10
core   0: 3 0x80008c62 (0x01a2ca33) x20 0xc0001e48
core   0: 0x80008c66 (0x03f8ed33) rem     s10, a7, t6
core   0: 3 0x80008c66 (0x03f8ed33) x26 0x00000000
core   0: 0x80008c6a (0x000080d1) c.srli  s1, 20
core   0: 3 0x80008c6a (0x80d1) x 9 0x000002b5
core   0: 0x80008c6c (0x4103d993) srai    s3, t2, 16
core   0: 3 0x80008c6c (0x4103d993) x19 0x00000000
core   0: 0x80008c70 (0x6e40e893) ori     a7, ra, 1764
core   0: 3 0x80008c70 (0x6e40e893) x17 0x000006f5
core   0: 0x80008c74 (0x01bbe863) bltu    s7, s11, pc + 16
core   0: 3 0x80008c74 (0x01bbe863)
core   0: 0x80008c84 (0x00b49633) sll     a2, s1, a1
core   0: 3 0x80008c84 (0x00b49633) x12 0x00002b50
core   0: 0x80008c88 (0x40165f93) srai    t6, a2, 1
core   0: 3 0x80008c88 (0x40165f93) x31 0x000015a8
core   0: 0x80008c8c (0xa381ed13) ori     s10, gp, -1480
core   0: 3 0x80008c8c (0xa381ed13) x26 0xfffffe78
core   0: 0x80008c90 (0x02087963) bgeu    a6, zero, pc + 50
core   0: 3 0x80008c90 (0x02087963)
core   0: 0x80008cc2 (0x0ff0000f) fence   iorw,iorw
core   0: 3 0x80008cc2 (0x0ff0000f)
core   0: 0x80008cc6 (0x00f04a33) xor     s4, zero, a5
core   0: 3 0x80008cc6 (0x00f04a33) x20 0xf3000000
core   0: 0x80008cca (0x000090ee) c.add   ra, s11
core   0: 3 0x80008cca (0x90ee) x 1 0x2b574bed
core   0: 0x80008ccc (0x00000ece) c.slli  t4, 19
core   0: 3 0x80008ccc (0x0ece) x29 0x00080000
core   0: 0x80008cce (0x0000100f) fence.i
core   0: 3 0x80008cce (0x0000100f)
core   0: 0x80008cd2 (0x00008239) c.srli  a2, 14
core   0: 3 0x80008cd2 (0x8239) x12 0x00000000
core   0: 0x80008cd4 (0x0250eab3) rem     s5, ra, t0
core   0: 3 0x80008cd4 (0x0250eab3) x21 0x2b574bed
core   0: 0x80008cd8 (0x02f57563) bgeu    a0, a5, pc + 42
core   0: 3 0x80008cd8 (0x02f57563)
core   0: 0x80008cdc (0x00755833) srl     a6, a0, t2
core   0: 3 0x80008cdc (0x00755833) x16 0x80022e34
core   0: 0x80008ce0 (0x00009bfd) c.andi  a5, -1
core   0: 3 0x80008ce0 (0x9bfd) x15 0xf3000000
core   0: 0x80008ce2 (0x01b31e63) bne     t1, s11, pc + 28
core   0: 3 0x80008ce2 (0x01b31e63)
core   0: 0x80008cfe (0xf3c4ee13) ori     t3, s1, -196
core   0: 3 0x80008cfe (0xf3c4ee13) x28 0xffffffbd
core   0: 0x80008d02 (0x009547b3) xor     a5, a0, s1
core   0: 3 0x80008d02 (0x009547b3) x15 0x80022c81
core   0: 0x80008d06 (0x406d5d33) sra     s10, s10, t1
core   0: 3 0x80008d06 (0x406d5d33) x26 0xffffff9e
core   0: 0x80008d0a (0x00000171) c.addi  sp, 28
core   0: 3 0x80008d0a (0x0171) x 2 0x7ffdd1c9
core   0: 0x80008d0c (0x0058dd13) srli    s10, a7, 5
core   0: 3 0x80008d0c (0x0058dd13) x26 0x00000037
core   0: 0x80008d10 (0x0301b0b3) mulhu   ra, gp, a6
core   0: 3 0x80008d10 (0x0301b0b3) x 1 0x6001b1cb
core   0: 0x80008d14 (0x40458133) sub     sp, a1, tp
core   0: 3 0x80008d14 (0x40458133) x 2 0x80026ce4
core   0: 0x80008d18 (0x02bc9963) bne     s9, a1, pc + 50
core   0: 3 0x80008d18 (0x02bc9963)
core   0: 0x80008d4a (0x009134b3) sltu    s1, sp, s1
core   0: 3 0x80008d4a (0x009134b3) x 9 0x00000000
core   0: 0x80008d4e (0x0000cc11) c.beqz  s0, pc + 28
core   0: 3 0x80008d4e (0xcc11)
core   0: 0x80008d6a (0x4fbdf813) andi    a6, s11, 1275
core   0: 3 0x80008d6a (0x4fbdf813) x16 0x000000d8
core   0: 0x80008d6e (0x0ff0000f) fence   iorw,iorw
core   0: 3 0x80008d6e (0x0ff0000f)
core   0: 0x80008d72 (0x03f78763) beq     a5, t6, pc + 46
core   0: 3 0x80008d72 (0x03f78763)
core   0: 0x80008d76 (0x8910e313) ori     t1, ra, -1903
core   0: 3 0x80008d76 (0x8910e313) x 6 0xfffff9db
core   0: 0x80008d7a (0xb9160313) addi    t1, a2, -1135
core   0: 3 0x80008d7a (0xb9160313) x 6 0xfffffb91
core   0: 0x80008d7e (0xff27ff13) andi    t5, a5, -14
core   0: 3 0x80008d7e (0xff27ff13) x30 0x80022c80
core   0: 0x80008d82 (0x01284f63) blt     a6, s2, pc + 30
core   0: 3 0x80008d82 (0x01284f63)
core   0: 0x80008da0 (0x01c6e563) bltu    a3, t3, pc + 10
core   0: 3 0x80008da0 (0x01c6e563)
core   0: 0x80008daa (0x4c828f13) addi    t5, t0, 1224
core   0: 3 0x80008daa (0x4c828f13) x30 0xc0002311
core   0: 0x80008dae (0xddf4e617) auipc   a2, 0xddf4e
core   0: 3 0x80008dae (0xddf4e617) x12 0x5df56dae
core   0: 0x80008db2 (0x03e163b3) rem     t2, sp, t5
core   0: 3 0x80008db2 (0x03e163b3) x 7 0xc00249d3
core   0: 0x80008db6 (0x00000001) c.nop
core   0: 3 0x80008db6 (0x0001)
core   0: 0x80008db8 (0x000084bd) c.srai  s1, 15
core   0: 3 0x80008db8 (0x84bd) x 9 0x00000000
core   0: 0x80008dba (0x03a88c33) mul     s8, a7, s10
core   0: 3 0x80008dba (0x03a88c33) x24 0x00017ea3
core   0: 0x80008dbe (0x00008fd5) c.or    a5, a3
core   0: 3 0x80008dbe (0x8fd5) x15 0x80022c81
core   0: 0x80008dc0 (0x00bb0433) add     s0, s6, a1
core   0: 3 0x80008dc0 (0x00bb0433) x 8 0x8002ace5
core   0: 0x80008dc4 (0x01ad9733) sll     a4, s11, s10
core   0: 3 0x80008dc4 (0x01ad9733) x14 0xec000000
core   0: 0x80008dc8 (0x0ff0000f) fence   iorw,iorw
core   0: 3 0x80008dc8 (0x0ff0000f)
core   0: 0x80008dcc (0x0000cc1d) c.beqz  s0, pc + 62
core   0: 3 0x80008dcc (0xcc1d)
core   0: 0x80008dce (0xe42c3c13) sltiu   s8, s8, -446
core   0: 3 0x80008dce (0xe42c3c13) x24 0x00000001
core   0: 0x80008dd2 (0x01c4d413) srli    s0, s1, 28
core   0: 3 0x80008dd2 (0x01c4d413) x 8 0x00000000
core   0: 0x80008dd6 (0x031a71b3) remu    gp, s4, a7
core   0: 3 0x80008dd6 (0x031a71b3) x 3 0x0000052a
core   0: 0x80008dda (0x02b0aeb3) mulhsu  t4, ra, a1
core   0: 3 0x80008dda (0x02b0aeb3) x29 0x3001c1bf
core   0: 0x80008dde (0x018590b3) sll     ra, a1, s8
core   0: 3 0x80008dde (0x018590b3) x 1 0x0004d9c8
core   0: 0x80008de2 (0x02457bb3) remu    s7, a0, tp
core   0: 3 0x80008de2 (0x02457bb3) x23 0x80022e34
core   0: 0x80008de6 (0x0000100f) fence.i
core   0: 3 0x80008de6 (0x0000100f)
core   0: 0x80008dea (0x024a7333) remu    t1, s4, tp
core   0: 3 0x80008dea (0x024a7333) x 6 0xf3000000
core   0: 0x80008dee (0x00001f1c) c.addi4spn a5, sp, 944
core   0: 3 0x80008dee (0x1f1c) x15 0x80027094
core   0: 0x80008df0 (0x01fa4763) blt     s4, t6, pc + 14
core   0: 3 0x80008df0 (0x01fa4763)
core   0: 0x80008dfe (0x41a65893) srai    a7, a2, 26
core   0: 3 0x80008dfe (0x41a65893) x17 0x00000017
core   0: 0x80008e02 (0x00004d89) c.li    s11, 2
core   0: 3 0x80008e02 (0x4d89) x27 0x00000002
core   0: 0x80008e04 (0x00008f41) c.or    a4, s0
core   0: 3 0x80008e04 (0x8f41) x14 0xec000000
core   0: 0x80008e06 (0x00808963) beq     ra, s0, pc + 18
core   0: 3 0x80008e06 (0x00808963)
core   0: 0x80008e0a (0x00000001) c.nop
core   0: 3 0x80008e0a (0x0001)
core   0: 0x80008e0c (0xcffdb793) sltiu   a5, s11, -769
core   0: 3 0x80008e0c (0xcffdb793) x15 0x00000001
core   0: 0x80008e10 (0x0000100f) fence.i
core   0: 3 0x80008e10 (0x0000100f)
core   0: 0x80008e14 (0x03522833) mulhsu  a6, tp, s5
core   0: 3 0x80008e14 (0x03522833) x16 0x00000000
core   0: 0x80008e18 (0x4038de13) srai    t3, a7, 3
core   0: 3 0x80008e18 (0x4038de13) x28 0x00000002
core   0: 0x80008e1c (0x031b50b3) divu    ra, s6, a7
core   0: 3 0x80008e1c (0x031b50b3) x 1 0x000002c8
core   0: 0x80008e20 (0x0000078a) c.slli  a5, 2
core   0: 3 0x80008e20 (0x078a) x15 0x00000004
core   0: 0x80008e22 (0x013dc933) xor     s2, s11, s3
core   0: 3 0x80008e22 (0x013dc933) x18 0x00000002
core   0: 0x80008e26 (0x417d53b3) sra     t2, s10, s7
core   0: 3 0x80008e26 (0x417d53b3) x 7 0x00000000
core   0: 0x80008e2a (0x00000001) c.nop
core   0: 3 0x80008e2a (0x0001)
core   0: 0x80008e2c (0x000082f2) c.mv    t0, t3
core   0: 3 0x80008e2c (0x82f2) x 5 0x00000002
core   0: 0x80008e2e (0x022637b3) mulhu   a5, a2, sp
core   0: 3 0x80008e2e (0x022637b3) x15 0x2efb9ab9
core   0: 0x80008e32 (0x0000717d) c.addi16sp sp, -16
core   0: 3 0x80008e32 (0x717d) x 2 0x80026cd4
core   0: 0x80008e34 (0x00008249) c.srli  a2, 18
core   0: 3 0x80008e34 (0x8249) x12 0x0000177d
core   0: 0x80008e36 (0x0000617d) c.addi16sp sp, 496
core   0: 3 0x80008e36 (0x617d) x 2 0x80026ec4
core   0: 0x80008e38 (0x000016fd) c.addi  a3, -1
core   0: 3 0x80008e38 (0x16fd) x13 0x000007ff
core   0: 0x80008e3a (0x03bb0433) mul     s0, s6, s11
core   0: 3 0x80008e3a (0x03bb0433) x 8 0x00008002
core   0: 0x80008e3e (0x00008711) c.srai  a4, 4
core   0: 3 0x80008e3e (0x8711) x14 0xfec00000
core   0: 0x80008e40 (0x033e0d33) mul     s10, t3, s3
core   0: 3 0x80008e40 (0x033e0d33) x26 0x00000000
core   0: 0x80008e44 (0x004fbeb3) sltu    t4, t6, tp
core   0: 3 0x80008e44 (0x004fbeb3) x29 0x00000000
core   0: 0x80008e48 (0x4157dc93) srai    s9, a5, 21
core   0: 3 0x80008e48 (0x4157dc93) x25 0x00000177
core   0: 0x80008e4c (0x00008039) c.srli  s0, 14
core   0: 3 0x80008e4c (0x8039) x 8 0x00000002
core   0: 0x80008e4e (0x8fc87917) auipc   s2, 0x8fc87
core   0: 3 0x80008e4e (0x8fc87917) x18 0x0fc8fe4e
core   0: 0x80008e52 (0x01dae2b3) or      t0, s5, t4
core   0: 3 0x80008e52 (0x01dae2b3) x 5 0x2b574bed
core   0: 0x80008e56 (0x0026deb3) srl     t4, a3, sp
core   0: 3 0x80008e56 (0x0026deb3) x29 0x0000007f
core   0: 0x80008e5a (0x0ff0000f) fence   iorw,iorw
core   0: 3 0x80008e5a (0x0ff0000f)
core   0: 0x80008e5e (0x0000c795) c.beqz  a5, pc + 44
core   0: 3 0x80008e5e (0xc795)
core   0: 0x80008e60 (0x000012fd) c.addi  t0, -1
core   0: 3 0x80008e60 (0x12fd) x 5 0x2b574bec
core   0: 0x80008e62 (0x0ff0000f) fence   iorw,iorw
core   0: 3 0x80008e62 (0x0ff0000f)
core   0: 0x80008e66 (0x029dbcb3) mulhu   s9, s11, s1
core   0: 3 0x80008e66 (0x029dbcb3) x25 0x00000000
core   0: 0x80008e6a (0x41d4d333) sra     t1, s1, t4
core   0: 3 0x80008e6a (0x41d4d333) x 6 0x00000000
core   0: 0x80008e6e (0x01b67f63) bgeu    a2, s11, pc + 30
core   0: 3 0x80008e6e (0x01b67f63)
core   0: 0x80008e8c (0x038350b3) divu    ra, t1, s8
core   0: 3 0x80008e8c (0x038350b3) x 1 0x00000000
core   0: 0x80008e90 (0x008cd993) srli    s3, s9, 8
core   0: 3 0x80008e90 (0x008cd993) x19 0x00000000
core   0: 0x80008e94 (0x019f6433) or      s0, t5, s9
core   0: 3 0x80008e94 (0x019f6433) x 8 0xc0002311
core   0: 0x80008e98 (0x00008ea9) c.xor   a3, a0
core   0: 3 0x80008e98 (0x8ea9) x13 0x800229cb
core   0: 0x80008e9a (0x836e8393) addi    t2, t4, -1994
core   0: 3 0x80008e9a (0x836e8393) x 7 0xfffff8b5
core   0: 0x80008e9e (0x0000068d) c.addi  a3, 3
core   0: 3 0x80008e9e (0x068d) x13 0x800229ce
core   0: 0x80008ea0 (0x00d05433) srl     s0, zero, a3
core   0: 3 0x80008ea0 (0x00d05433) x 8 0x00000000
core   0: 0x80008ea4 (0x02efd363) bge     t6, a4, pc + 38
core   0: 3 0x80008ea4 (0x02efd363)
core   0: 0x80008eca (0x00000001) c.nop
core   0: 3 0x80008eca (0x0001)
core   0: 0x80008ecc (0x0ddbf463) bgeu    s7, t4, pc + 200
core   0: 3 0x80008ecc (0x0ddbf463)
core   0: 0x80008f94 (0x00000001) c.nop
core   0: 3 0x80008f94 (0x0001)
core   0: 0x80008f96 (0x0000eb91) c.bnez  a5, pc + 20
core   0: 3 0x80008f96 (0xeb91)
core   0: 0x80008faa (0x00006bb1) c.lui   s7, 0xc
core   0: 3 0x80008faa (0x6bb1) x23 0x0000c000
core   0: 0x80008fac (0x00008455) c.srai  s0, 21
core   0: 3 0x80008fac (0x8455) x 8 0x00000000
core   0: 0x80008fae (0x00008f45) c.or    a4, s1
core   0: 3 0x80008fae (0x8f45) x14 0xfec00000
core   0: 0x80008fb0 (0x02cc1433) mulh    s0, s8, a2
core   0: 3 0x80008fb0 (0x02cc1433) x 8 0x00000000
core   0: 0x80008fb4 (0x000067b9) c.lui   a5, 0xe
core   0: 3 0x80008fb4 (0x67b9) x15 0x0000e000
core   0: 0x80008fb6 (0x01295833) srl     a6, s2, s2
core   0: 3 0x80008fb6 (0x01295833) x16 0x00003f23
core   0: 0x80008fba (0x000063a5) c.lui   t2, 0x9
core   0: 3 0x80008fba (0x63a5) x 7 0x00009000
core   0: 0x80008fbc (0x00008f2d) c.xor   a4, a1
core   0: 3 0x80008fbc (0x8f2d) x14 0x7ec26ce4
core   0: 0x80008fbe (0x000087d5) c.srai  a5, 21
core   0: 3 0x80008fbe (0x87d5) x15 0x00000000
core   0: 0x80008fc0 (0x00000298) c.addi4spn a4, sp, 320
core   0: 3 0x80008fc0 (0x0298) x14 0x80027004
core   0: 0x80008fc2 (0x01f6dd33) srl     s10, a3, t6
core   0: 3 0x80008fc2 (0x01f6dd33) x26 0x00800229
core   0: 0x80008fc6 (0x00000892) c.slli  a7, 4
core   0: 3 0x80008fc6 (0x0892) x17 0x00000170
core   0: 0x80008fc8 (0x0000070a) c.slli  a4, 2
core   0: 3 0x80008fc8 (0x070a) x14 0x0009c010
core   0: 0x80008fca (0x02edff63) bgeu    s11, a4, pc + 62
core   0: 3 0x80008fca (0x02edff63)
core   0: 0x80008fce (0x0135f863) bgeu    a1, s3, pc + 16
core   0: 3 0x80008fce (0x0135f863)
core   0: 0x80008fde (0xf2b16293) ori     t0, sp, -213
core   0: 3 0x80008fde (0xf2b16293) x 5 0xffffffef
core   0: 0x80008fe2 (0x41448eb3) sub     t4, s1, s4
core   0: 3 0x80008fe2 (0x41448eb3) x29 0x0d000000
core   0: 0x80008fe6 (0x020b81b3) mul     gp, s7, zero
core   0: 3 0x80008fe6 (0x020b81b3) x 3 0x00000000
core   0: 0x80008fea (0x00009f56) c.add   t5, s5
core   0: 3 0x80008fea (0x9f56) x30 0xeb576efe
core   0: 0x80008fec (0x00963cb3) sltu    s9, a2, s1
core   0: 3 0x80008fec (0x00963cb3) x25 0x00000000
core   0: 0x80008ff0 (0x40a153b3) sra     t2, sp, a0
core   0: 3 0x80008ff0 (0x40a153b3) x 7 0xfffff800
core   0: 0x80008ff4 (0x0925b813) sltiu   a6, a1, 146
core   0: 3 0x80008ff4 (0x0925b813) x16 0x00000000
core   0: 0x80008ff8 (0xcc8fd497) auipc   s1, 0xcc8fd
core   0: 3 0x80008ff8 (0xcc8fd497) x 9 0x4c905ff8
core   0: 0x80008ffc (0x00008395) c.srli  a5, 5
core   0: 3 0x80008ffc (0x8395) x15 0x00000000
core   0: 0x80008ffe (0x0125d763) bge     a1, s2, pc + 14
core   0: 3 0x80008ffe (0x0125d763)
core   0: 0x80009002 (0x0202f033) remu    zero, t0, zero
core   0: 3 0x80009002 (0x0202f033)
core   0: 0x80009006 (0x00000895) c.addi  a7, 5
core   0: 3 0x80009006 (0x0895) x17 0x00000175
core   0: 0x80009008 (0x03cb8eb3) mul     t4, s7, t3
core   0: 3 0x80009008 (0x03cb8eb3) x29 0x00018000
core   0: 0x8000900c (0x036c0063) beq     s8, s6, pc + 32
core   0: 3 0x8000900c (0x036c0063)
core   0: 0x80009010 (0x03726a33) rem     s4, tp, s7
core   0: 3 0x80009010 (0x03726a33) x20 0x00000000
core   0: 0x80009014 (0x03bd5733) divu    a4, s10, s11
core   0: 3 0x80009014 (0x03bd5733) x14 0x00400114
core   0: 0x80009018 (0x0199aa33) slt     s4, s3, s9
core   0: 3 0x80009018 (0x0199aa33) x20 0x00000000
core   0: 0x8000901c (0x00d583b3) add     t2, a1, a3
core   0: 3 0x8000901c (0x00d583b3) x 7 0x000496b2
core   0: 0x80009020 (0x41538333) sub     t1, t2, s5
core   0: 3 0x80009020 (0x41538333) x 6 0xd4ad4ac5
core   0: 0x80009024 (0x00204c63) blt     zero, sp, pc + 24
core   0: 3 0x80009024 (0x00204c63)
core   0: 0x80009028 (0x0386ed33) rem     s10, a3, s8
core   0: 3 0x80009028 (0x0386ed33) x26 0x00000000
core   0: 0x8000902c (0x03569733) mulh    a4, a3, s5
core   0: 3 0x8000902c (0x03569733) x14 0xea54b7cb
core   0: 0x80009030 (0x00000001) c.nop
core   0: 3 0x80009030 (0x0001)
core   0: 0x80009032 (0x00008c4d) c.or    s0, a1
core   0: 3 0x80009032 (0x8c4d) x 8 0x80026ce4
core   0: 0x80009034 (0x00000001) c.nop
core   0: 3 0x80009034 (0x0001)
core   0: 0x80009036 (0x014bcb63) blt     s7, s4, pc + 22
core   0: 3 0x80009036 (0x014bcb63)
core   0: 0x8000903a (0x00008d3e) c.mv    s10, a5
core   0: 3 0x8000903a (0x8d3e) x26 0x00000000
core   0: 0x8000903c (0x030c0763) beq     s8, a6, pc + 46
core   0: 3 0x8000903c (0x030c0763)
core   0: 0x80009040 (0x003e37b3) sltu    a5, t3, gp
core   0: 3 0x80009040 (0x003e37b3) x15 0x00000000
core   0: 0x80009044 (0x00004115) c.li    sp, 5
core   0: 3 0x80009044 (0x4115) x 2 0x00000005
core   0: 0x80009046 (0x004d4a33) xor     s4, s10, tp
core   0: 3 0x80009046 (0x004d4a33) x20 0x00000000
core   0: 0x8000904a (0x000004e2) c.slli  s1, 24
core   0: 3 0x8000904a (0x04e2) x 9 0xf8000000
core   0: 0x8000904c (0x01b0d393) srli    t2, ra, 27
core   0: 3 0x8000904c (0x01b0d393) x 7 0x00000000
core   0: 0x80009050 (0x0ff0000f) fence   iorw,iorw
core   0: 3 0x80009050 (0x0ff0000f)
core   0: 0x80009054 (0x0000c495) c.beqz  s1, pc + 44
core   0: 3 0x80009054 (0xc495)
core   0: 0x80009056 (0x00009a0a) c.add   s4, sp
core   0: 3 0x80009056 (0x9a0a) x20 0x00000005
core   0: 0x80009058 (0x00000001) c.nop
core   0: 3 0x80009058 (0x0001)
core   0: 0x8000905a (0x2701b113) sltiu   sp, gp, 624
core   0: 3 0x8000905a (0x2701b113) x 2 0x00000001
core   0: 0x8000905e (0x1a766037) lui     zero, 0x1a766
core   0: 3 0x8000905e (0x1a766037)
core   0: 0x80009062 (0xec392f93) slti    t6, s2, -317
core   0: 3 0x80009062 (0xec392f93) x31 0x00000000
core   0: 0x80009066 (0x00c921b3) slt     gp, s2, a2
core   0: 3 0x80009066 (0x00c921b3) x 3 0x00000000
core   0: 0x8000906a (0x023e4db3) div     s11, t3, gp
core   0: 3 0x8000906a (0x023e4db3) x27 0xffffffff
core   0: 0x8000906e (0x02d84e63) blt     a6, a3, pc + 60
core   0: 3 0x8000906e (0x02d84e63)
core   0: 0x80009072 (0x969fb993) sltiu   s3, t6, -1687
core   0: 3 0x80009072 (0x969fb993) x19 0x00000001
core   0: 0x80009076 (0x02899e33) mulh    t3, s3, s0
core   0: 3 0x80009076 (0x02899e33) x28 0xffffffff
core   0: 0x8000907a (0x00000171) c.addi  sp, 28
core   0: 3 0x8000907a (0x0171) x 2 0x0000001d
core   0: 0x8000907c (0x03fece33) div     t3, t4, t6
core   0: 3 0x8000907c (0x03fece33) x28 0xffffffff
core   0: 0x80009080 (0x0301adb3) mulhsu  s11, gp, a6
core   0: 3 0x80009080 (0x0301adb3) x27 0x00000000
core   0: 0x80009084 (0x039b1433) mulh    s0, s6, s9
core   0: 3 0x80009084 (0x039b1433) x 8 0x00000000
core   0: 0x80009088 (0x0000c805) c.beqz  s0, pc + 48
core   0: 3 0x80009088 (0xc805)
core   0: 0x800090b8 (0x00008bbd) c.andi  a5, 15
core   0: 3 0x800090b8 (0x8bbd) x15 0x00000000
core   0: 0x800090ba (0x41d85c13) srai    s8, a6, 29
core   0: 3 0x800090ba (0x41d85c13) x24 0x00000000
core   0: 0x800090be (0x0ff0000f) fence   iorw,iorw
core   0: 3 0x800090be (0x0ff0000f)
core   0: 0x800090c2 (0x00f60b63) beq     a2, a5, pc + 22
core   0: 3 0x800090c2 (0x00f60b63)
core   0: 0x800090c6 (0x00008ea1) c.xor   a3, s0
core   0: 3 0x800090c6 (0x8ea1) x13 0x800229ce
core   0: 0x800090c8 (0x00008416) c.mv    s0, t0
core   0: 3 0x800090c8 (0x8416) x 8 0xffffffef
core   0: 0x800090ca (0x00008a3a) c.mv    s4, a4
core   0: 3 0x800090ca (0x8a3a) x20 0xea54b7cb
core   0: 0x800090cc (0x00000e46) c.slli  t3, 17
core   0: 3 0x800090cc (0x0e46) x28 0xfffe0000
core   0: 0x800090ce (0x00008fe9) c.and   a5, a0
core   0: 3 0x800090ce (0x8fe9) x15 0x00000000
core   0: 0x800090d0 (0x00000001) c.nop
core   0: 3 0x800090d0 (0x0001)
core   0: 0x800090d2 (0x00008fc9) c.or    a5, a0
core   0: 3 0x800090d2 (0x8fc9) x15 0x80022e34
core   0: 0x800090d4 (0x4fec7793) andi    a5, s8, 1278
core   0: 3 0x800090d4 (0x4fec7793) x15 0x00000000
core   0: 0x800090d8 (0x03661363) bne     a2, s6, pc + 38
core   0: 3 0x800090d8 (0x03661363)
core   0: 0x800090fe (0x00008ef9) c.and   a3, a4
core   0: 3 0x800090fe (0x8ef9) x13 0x800021ca
core   0: 0x80009100 (0x03b28463) beq     t0, s11, pc + 40
core   0: 3 0x80009100 (0x03b28463)
core   0: 0x80009104 (0x0cc8d317) auipc   t1, 0xcc8d
core   0: 3 0x80009104 (0x0cc8d317) x 6 0x8cc96104
core   0: 0x80009108 (0xe506d637) lui     a2, 0xe506d
core   0: 3 0x80009108 (0xe506d637) x12 0xe506d000
core   0: 0x8000910c (0x00e38db3) add     s11, t2, a4
core   0: 3 0x8000910c (0x00e38db3) x27 0xea54b7cb
core   0: 0x80009110 (0x0000c095) c.beqz  s1, pc + 36
core   0: 3 0x80009110 (0xc095)
core   0: 0x80009112 (0x0159ff63) bgeu    s3, s5, pc + 30
core   0: 3 0x80009112 (0x0159ff63)
core   0: 0x80009116 (0x41478fb3) sub     t6, a5, s4
core   0: 3 0x80009116 (0x41478fb3) x31 0x15ab4835
core   0: 0x8000911a (0x00afde93) srli    t4, t6, 10
core   0: 3 0x8000911a (0x00afde93) x29 0x00056ad2
core   0: 0x8000911e (0x0371e4b3) rem     s1, gp, s7
core   0: 3 0x8000911e (0x0371e4b3) x 9 0x00000000
core   0: 0x80009122 (0x0000e419) c.bnez  s0, pc + 14
core   0: 3 0x80009122 (0xe419)
core   0: 0x80009130 (0xcfbc4193) xori    gp, s8, -773
core   0: 3 0x80009130 (0xcfbc4193) x 3 0xfffffcfb
core   0: 0x80009134 (0x00004601) c.li    a2, 0
core   0: 3 0x80009134 (0x4601) x12 0x00000000
core   0: 0x80009136 (0x0b39c963) blt     s3, s3, pc + 178
core   0: 3 0x80009136 (0x0b39c963)
core   0: 0x8000913a (0x5e534193) xori    gp, t1, 1509
core   0: 3 0x8000913a (0x5e534193) x 3 0x8cc964e1
core   0: 0x8000913e (0x00008cdd) c.or    s1, a5
core   0: 3 0x8000913e (0x8cdd) x 9 0x00000000
core   0: 0x80009140 (0x0cdc8063) beq     s9, a3, pc + 192
core   0: 3 0x80009140 (0x0cdc8063)
core   0: 0x80009144 (0x00005117) auipc   sp, 0x5
core   0: 3 0x80009144 (0x00005117) x 2 0x8000e144
core   0: 0x80009148 (0xd1610113) addi    sp, sp, -746
core   0: 3 0x80009148 (0xd1610113) x 2 0x8000de5a
core   0: 0x8000914c (0x0ff0000f) fence   iorw,iorw
core   0: 3 0x8000914c (0x0ff0000f)
core   0: 0x80009150 (0xd034bd37) lui     s10, 0xd034b
core   0: 3 0x80009150 (0xd034bd37) x26 0xd034b000
core   0: 0x80009154 (0xf8310d03) lb      s10, -125(sp)
core   0: 3 0x80009154 (0xf8310d03) x26 0xffffff96 mem 0x8000dddd
core   0: 0x80009158 (0x035101a3) sb      s5, 35(sp)
core   0: 3 0x80009158 (0x035101a3) mem 0x8000de7d 0xed
core   0: 0x8000915c (0x00008ea1) c.xor   a3, s0
core   0: 3 0x8000915c (0x8ea1) x13 0x7fffde25
core   0: 0x8000915e (0x03358db3) mul     s11, a1, s3
core   0: 3 0x8000915e (0x03358db3) x27 0x80026ce4
core   0: 0x80009162 (0x00006ba5) c.lui   s7, 0x9
core   0: 3 0x80009162 (0x6ba5) x23 0x00009000
core   0: 0x80009164 (0x011b36b3) sltu    a3, s6, a7
core   0: 3 0x80009164 (0x011b36b3) x13 0x00000000
core   0: 0x80009168 (0x0000833d) c.srli  a4, 15
core   0: 3 0x80009168 (0x833d) x14 0x0001d4a9
core   0: 0x8000916a (0x0b212003) lw      zero, 178(sp)
core   0: 3 0x8000916a (0x0b212003) mem 0x8000df0c
core   0: 0x8000916e (0x7bd1be13) sltiu   t3, gp, 1981
core   0: 3 0x8000916e (0x7bd1be13) x28 0x00000000
core   0: 0x80009172 (0x0b710a23) sb      s7, 180(sp)
core   0: 3 0x80009172 (0x0b710a23) mem 0x8000df0e 0x0
core   0: 0x80009176 (0xa514c913) xori    s2, s1, -1455
core   0: 3 0x80009176 (0xa514c913) x18 0xfffffa51
core   0: 0x8000917a (0x00008a09) c.andi  a2, 2
core   0: 3 0x8000917a (0x8a09) x12 0x00000000
core   0: 0x8000917c (0x007f50b3) srl     ra, t5, t2
core   0: 3 0x8000917c (0x007f50b3) x 1 0xeb576efe
core   0: 0x80009180 (0x0ff10b03) lb      s6, 255(sp)
core   0: 3 0x80009180 (0x0ff10b03) x22 0x00000012 mem 0x8000df59
core   0: 0x80009184 (0x06214d83) lbu     s11, 98(sp)
core   0: 3 0x80009184 (0x06214d83) x27 0x00000077 mem 0x8000debc
core   0: 0x80009188 (0x04110703) lb      a4, 65(sp)
core   0: 3 0x80009188 (0x04110703) x14 0x00000050 mem 0x8000de9b
core   0: 0x8000918c (0x00000001) c.nop
core   0: 3 0x8000918c (0x0001)
core   0: 0x8000918e (0xfa914403) lbu     s0, -87(sp)
core   0: 3 0x8000918e (0xfa914403) x 8 0x000000b8 mem 0x8000de03
core   0: 0x80009192 (0xfa9107a3) sb      s1, -81(sp)
core   0: 3 0x80009192 (0xfa9107a3) mem 0x8000de09 0x0
core   0: 0x80009196 (0x030d2bb3) mulhsu  s7, s10, a6
core   0: 3 0x80009196 (0x030d2bb3) x23 0x00000000
core   0: 0x8000919a (0x00000001) c.nop
core   0: 3 0x8000919a (0x0001)
core   0: 0x8000919c (0x0bc14703) lbu     a4, 188(sp)
core   0: 3 0x8000919c (0x0bc14703) x14 0x000000cd mem 0x8000df16
core   0: 0x800091a0 (0x01c11423) sh      t3, 8(sp)
core   0: 3 0x800091a0 (0x01c11423) mem 0x8000de62 0x0000
core   0: 0x800091a4 (0x0bb10703) lb      a4, 187(sp)
core   0: 3 0x800091a4 (0x0bb10703) x14 0xffffffce mem 0x8000df15
core   0: 0x800091a8 (0x0b112523) sw      a7, 170(sp)
core   0: 3 0x800091a8 (0x0b112523) mem 0x8000df04 0x00000175
core   0: 0x800091ac (0x00006e35) c.lui   t3, 0xd
core   0: 3 0x800091ac (0x6e35) x28 0x0000d000
core   0: 0x800091ae (0x410a5f33) sra     t5, s4, a6
core   0: 3 0x800091ae (0x410a5f33) x30 0xea54b7cb
core   0: 0x800091b2 (0x4071dfb3) sra     t6, gp, t2
core   0: 3 0x800091b2 (0x4071dfb3) x31 0x8cc964e1
core   0: 0x800091b6 (0x00009766) c.add   a4, s9
core   0: 3 0x800091b6 (0x9766) x14 0xffffffce
core   0: 0x800091b8 (0x01514a03) lbu     s4, 21(sp)
core   0: 3 0x800091b8 (0x01514a03) x20 0x00000000 mem 0x8000de6f
core   0: 0x800091bc (0x00006ca9) c.lui   s9, 0xa
core   0: 3 0x800091bc (0x6ca9) x25 0x0000a000
core   0: 0x800091be (0x00000001) c.nop
core   0: 3 0x800091be (0x0001)
core   0: 0x800091c0 (0x009377b3) and     a5, t1, s1
core   0: 3 0x800091c0 (0x009377b3) x15 0x00000000
core   0: 0x800091c4 (0x40e78433) sub     s0, a5, a4
core   0: 3 0x800091c4 (0x40e78433) x 8 0x00000032
core   0: 0x800091c8 (0xf2615483) lhu     s1, -218(sp)
core   0: 3 0x800091c8 (0xf2615483) x 9 0x00003a3b mem 0x8000dd80
core   0: 0x800091cc (0x00000894) c.addi4spn a3, sp, 80
core   0: 3 0x800091cc (0x0894) x13 0x8000deaa
core   0: 0x800091ce (0x00000c6d) c.addi  s8, 27
core   0: 3 0x800091ce (0x0c6d) x24 0x0000001b
core   0: 0x800091d0 (0x94056c97) auipc   s9, 0x94056
core   0: 3 0x800091d0 (0x94056c97) x25 0x1405f1d0
core   0: 0x800091d4 (0x02506f33) rem     t5, zero, t0
core   0: 3 0x800091d4 (0x02506f33) x30 0x00000000
core   0: 0x800091d8 (0x02a41c33) mulh    s8, s0, a0
core   0: 3 0x800091d8 (0x02a41c33) x24 0xffffffe7
core   0: 0x800091dc (0x419fd2b3) sra     t0, t6, s9
core   0: 3 0x800091dc (0x419fd2b3) x 5 0xffff8cc9
core   0: 0x800091e0 (0x03570433) mul     s0, a4, s5
core   0: 3 0x800091e0 (0x03570433) x 8 0x88f32bb6
core   0: 0x800091e4 (0x03bbdb63) bge     s7, s11, pc + 54
core   0: 3 0x800091e4 (0x03bbdb63)
core   0: 0x800091e8 (0x41bd0ab3) sub     s5, s10, s11
core   0: 3 0x800091e8 (0x41bd0ab3) x21 0xffffff1f
core   0: 0x800091ec (0x00cccfb3) xor     t6, s9, a2
core   0: 3 0x800091ec (0x00cccfb3) x31 0x1405f1d0
core   0: 0x800091f0 (0x00000001) c.nop
core   0: 3 0x800091f0 (0x0001)
core   0: 0x800091f2 (0x00008f01) c.sub   a4, s0
core   0: 3 0x800091f2 (0x8f01) x14 0x770cd418
core   0: 0x800091f4 (0x03d60863) beq     a2, t4, pc + 48
core   0: 3 0x800091f4 (0x03d60863)
core   0: 0x800091f8 (0x6050ffb7) lui     t6, 0x6050f
core   0: 3 0x800091f8 (0x6050ffb7) x31 0x6050f000
core   0: 0x800091fc (0x407c5cb3) sra     s9, s8, t2
core   0: 3 0x800091fc (0x407c5cb3) x25 0xffffffe7
core   0: 0x80009200 (0x40be5613) srai    a2, t3, 11
core   0: 3 0x80009200 (0x40be5613) x12 0x0000001a
core   0: 0x80009204 (0x000086d5) c.srai  a3, 21
core   0: 3 0x80009204 (0x86d5) x13 0xfffffc00
core   0: 0x80009206 (0x01e3d293) srli    t0, t2, 30
core   0: 3 0x80009206 (0x01e3d293) x 5 0x00000000
core   0: 0x8000920a (0x02417033) remu    zero, sp, tp
core   0: 3 0x8000920a (0x02417033)
core   0: 0x8000920e (0x01efa613) slti    a2, t6, 30
core   0: 3 0x8000920e (0x01efa613) x12 0x00000000
core   0: 0x80009212 (0x02f44a13) xori    s4, s0, 47
core   0: 3 0x80009212 (0x02f44a13) x20 0x88f32b99
core   0: 0x80009216 (0x00731b13) slli    s6, t1, 7
core   0: 3 0x80009216 (0x00731b13) x22 0x64b08200
core   0: 0x8000921a (0x032dc563) blt     s11, s2, pc + 42
core   0: 3 0x8000921a (0x032dc563)
core   0: 0x8000921e (0x003a9113) slli    sp, s5, 3
core   0: 3 0x8000921e (0x003a9113) x 2 0xfffff8f8
core   0: 0x80009222 (0x00008389) c.srli  a5, 2
core   0: 3 0x80009222 (0x8389) x15 0x00000000
core   0: 0x80009224 (0x00cf8563) beq     t6, a2, pc + 10
core   0: 3 0x80009224 (0x00cf8563)
core   0: 0x80009228 (0x0203c363) bltz    t2, pc + 38
core   0: 3 0x80009228 (0x0203c363)
core   0: 0x8000922c (0x000083b9) c.srli  a5, 14
core   0: 3 0x8000922c (0x83b9) x15 0x00000000
core   0: 0x8000922e (0x00000a8a) c.slli  s5, 2
core   0: 3 0x8000922e (0x0a8a) x21 0xfffffc7c
core   0: 0x80009230 (0x00c99193) slli    gp, s3, 12
core   0: 3 0x80009230 (0x00c99193) x 3 0x00001000
core   0: 0x80009234 (0x00000001) c.nop
core   0: 3 0x80009234 (0x0001)
core   0: 0x80009236 (0x00006d85) c.lui   s11, 0x1
core   0: 3 0x80009236 (0x6d85) x27 0x00001000
core   0: 0x80009238 (0x00005efd) c.li    t4, -1
core   0: 3 0x80009238 (0x5efd) x29 0xffffffff
core   0: 0x8000923a (0x00c7d2b3) srl     t0, a5, a2
core   0: 3 0x8000923a (0x00c7d2b3) x 5 0x00000000
core   0: 0x8000923e (0x02ad6a33) rem     s4, s10, a0
core   0: 3 0x8000923e (0x02ad6a33) x20 0xffffff96
core   0: 0x80009242 (0x00000001) c.nop
core   0: 3 0x80009242 (0x0001)
core   0: 0x80009244 (0x00008ae5) c.andi  a3, 25
core   0: 3 0x80009244 (0x8ae5) x13 0x00000000
core   0: 0x80009246 (0x0000100f) fence.i
core   0: 3 0x80009246 (0x0000100f)
core   0: 0x8000924a (0x03d252b3) divu    t0, tp, t4
core   0: 3 0x8000924a (0x03d252b3) x 5 0x00000000
core   0: 0x8000924e (0x0000cf89) c.beqz  a5, pc + 26
core   0: 3 0x8000924e (0xcf89)
core   0: 0x80009268 (0x00008cc5) c.or    s1, s1
core   0: 3 0x80009268 (0x8cc5) x 9 0x00003a3b
core   0: 0x8000926a (0x00006105) c.addi16sp sp, 32
core   0: 3 0x8000926a (0x6105) x 2 0xfffff918
core   0: 0x8000926c (0x0000c489) c.beqz  s1, pc + 10
core   0: 3 0x8000926c (0xc489)
core   0: 0x8000926e (0x00008eb5) c.xor   a3, a3
core   0: 3 0x8000926e (0x8eb5) x13 0x00000000
core   0: 0x80009270 (0x00004cd1) c.li    s9, 20
core   0: 3 0x80009270 (0x4cd1) x25 0x00000014
core   0: 0x80009272 (0xcf3af813) andi    a6, s5, -781
core   0: 3 0x80009272 (0xcf3af813) x16 0xfffffc70
core   0: 0x80009276 (0x01a9b633) sltu    a2, s3, s10
core   0: 3 0x80009276 (0x01a9b633) x12 0x00000001
core   0: 0x8000927a (0x0000806d) c.srli  s0, 27
core   0: 3 0x8000927a (0x806d) x 8 0x00000011
core   0: 0x8000927c (0x00008ae2) c.mv    s5, s8
core   0: 3 0x8000927c (0x8ae2) x21 0xffffffe7
core   0: 0x8000927e (0x00008362) c.mv    t1, s8
core   0: 3 0x8000927e (0x8362) x 6 0xffffffe7
core   0: 0x80009280 (0x033e6b33) rem     s6, t3, s3
core   0: 3 0x80009280 (0x033e6b33) x22 0x00000000
core   0: 0x80009284 (0x03d9c733) div     a4, s3, t4
core   0: 3 0x80009284 (0x03d9c733) x14 0xffffffff
core   0: 0x80009288 (0x03005933) divu    s2, zero, a6
core   0: 3 0x80009288 (0x03005933) x18 0x00000000
core   0: 0x8000928c (0x4d6ea313) slti    t1, t4, 1238
core   0: 3 0x8000928c (0x4d6ea313) x 6 0x00000001
core   0: 0x80009290 (0x000098fd) c.andi  s1, -1
core   0: 3 0x80009290 (0x98fd) x 9 0x00003a3b
core   0: 0x80009292 (0x0000867a) c.mv    a2, t5
core   0: 3 0x80009292 (0x867a) x12 0x00000000
core   0: 0x80009294 (0x0000597d) c.li    s2, -1
core   0: 3 0x80009294 (0x597d) x18 0xffffffff
core   0: 0x80009296 (0x00dd47b3) xor     a5, s10, a3
core   0: 3 0x80009296 (0x00dd47b3) x15 0xffffff96
core   0: 0x8000929a (0x012b38b3) sltu    a7, s6, s2
core   0: 3 0x8000929a (0x012b38b3) x17 0x00000001
core   0: 0x8000929e (0x015bde13) srli    t3, s7, 21
core   0: 3 0x8000929e (0x015bde13) x28 0x00000000
core   0: 0x800092a2 (0x0ff0000f) fence   iorw,iorw
core   0: 3 0x800092a2 (0x0ff0000f)
core   0: 0x800092a6 (0x0000717d) c.addi16sp sp, -16
core   0: 3 0x800092a6 (0x717d) x 2 0xfffff908
core   0: 0x800092a8 (0x041f6063) bltu    t5, ra, pc + 64
core   0: 3 0x800092a8 (0x041f6063)
core   0: 0x800092e8 (0x037c4463) blt     s8, s7, pc + 40
core   0: 3 0x800092e8 (0x037c4463)
core   0: 0x80009310 (0x000011fd) c.addi  gp, -1
core   0: 3 0x80009310 (0x11fd) x 3 0x00000fff
core   0: 0x80009312 (0x024a4d63) blt     s4, tp, pc + 58
core   0: 3 0x80009312 (0x024a4d63)
core   0: 0x8000934c (0x40f8d993) srai    s3, a7, 15
core   0: 3 0x8000934c (0x40f8d993) x19 0x00000000
core   0: 0x80009350 (0x00008f19) c.sub   a4, a4
core   0: 3 0x80009350 (0x8f19) x14 0x00000000
core   0: 0x80009352 (0x01e83eb3) sltu    t4, a6, t5
core   0: 3 0x80009352 (0x01e83eb3) x29 0x00000000
core   0: 0x80009356 (0x00000732) c.slli  a4, 12
core   0: 3 0x80009356 (0x0732) x14 0x00000000
core   0: 0x80009358 (0x00000001) c.nop
core   0: 3 0x80009358 (0x0001)
core   0: 0x8000935a (0x40c457b3) sra     a5, s0, a2
core   0: 3 0x8000935a (0x40c457b3) x15 0x00000011
core   0: 0x8000935e (0x00c45433) srl     s0, s0, a2
core   0: 3 0x8000935e (0x00c45433) x 8 0x00000011
core   0: 0x80009362 (0x017f3cb3) sltu    s9, t5, s7
core   0: 3 0x80009362 (0x017f3cb3) x25 0x00000000
core   0: 0x80009366 (0xac41ef93) ori     t6, gp, -1340
core   0: 3 0x80009366 (0xac41ef93) x31 0xffffffff
core   0: 0x8000936a (0x00009bfd) c.andi  a5, -1
core   0: 3 0x8000936a (0x9bfd) x15 0x00000011
core   0: 0x8000936c (0x01a90863) beq     s2, s10, pc + 16
core   0: 3 0x8000936c (0x01a90863)
core   0: 0x80009370 (0x408806b3) sub     a3, a6, s0
core   0: 3 0x80009370 (0x408806b3) x13 0xfffffc5f
core   0: 0x80009374 (0x01bf0f63) beq     t5, s11, pc + 30
core   0: 3 0x80009374 (0x01bf0f63)
core   0: 0x80009378 (0x023cc463) blt     s9, gp, pc + 40
core   0: 3 0x80009378 (0x023cc463)
core   0: 0x800093a0 (0x899d2613) slti    a2, s10, -1895
core   0: 3 0x800093a0 (0x899d2613) x12 0x00000000
core   0: 0x800093a4 (0x955dedb7) lui     s11, 0x955de
core   0: 3 0x800093a4 (0x955dedb7) x27 0x955de000
core   0: 0x800093a8 (0x00009e8e) c.add   t4, gp
core   0: 3 0x800093a8 (0x9e8e) x29 0x00000fff
core   0: 0x800093aa (0xce077a93) andi    s5, a4, -800
core   0: 3 0x800093aa (0xce077a93) x21 0x00000000
core   0: 0x800093ae (0x00008f4d) c.or    a4, a1
core   0: 3 0x800093ae (0x8f4d) x14 0x80026ce4
core   0: 0x800093b0 (0x00000001) c.nop
core   0: 3 0x800093b0 (0x0001)
core   0: 0x800093b2 (0x012c1193) slli    gp, s8, 18
core   0: 3 0x800093b2 (0x012c1193) x 3 0xff9c0000
core   0: 0x800093b6 (0x01309d33) sll     s10, ra, s3
core   0: 3 0x800093b6 (0x01309d33) x26 0xeb576efe
core   0: 0x800093ba (0x00009afd) c.andi  a3, -1
core   0: 3 0x800093ba (0x9afd) x13 0xfffffc5f
core   0: 0x800093bc (0x01ca4633) xor     a2, s4, t3
core   0: 3 0x800093bc (0x01ca4633) x12 0xffffff96
core   0: 0x800093c0 (0x011fd713) srli    a4, t6, 17
core   0: 3 0x800093c0 (0x011fd713) x14 0x00007fff
core   0: 0x800093c4 (0x00001918) c.addi4spn a4, sp, 176
core   0: 3 0x800093c4 (0x1918) x14 0xfffff9b8
core   0: 0x800093c6 (0x00008f75) c.and   a4, a3
core   0: 3 0x800093c6 (0x8f75) x14 0xfffff818
core   0: 0x800093c8 (0x014ca433) slt     s0, s9, s4
core   0: 3 0x800093c8 (0x014ca433) x 8 0x00000000
core   0: 0x800093cc (0xad0a6c13) ori     s8, s4, -1328
core   0: 3 0x800093cc (0xad0a6c13) x24 0xffffffd6
core   0: 0x800093d0 (0x0000e39d) c.bnez  a5, pc + 38
core   0: 3 0x800093d0 (0xe39d)
core   0: 0x800093f6 (0x039afa63) bgeu    s5, s9, pc + 52
core   0: 3 0x800093f6 (0x039afa63)
core   0: 0x8000942a (0x01add993) srli    s3, s11, 26
core   0: 3 0x8000942a (0x01add993) x19 0x00000025
core   0: 0x8000942e (0x01c684b3) add     s1, a3, t3
core   0: 3 0x8000942e (0x01c684b3) x 9 0xfffffc5f
core   0: 0x80009432 (0x02404913) xori    s2, zero, 36
core   0: 3 0x80009432 (0x02404913) x18 0x00000024
core   0: 0x80009436 (0x0022ecb3) or      s9, t0, sp
core   0: 3 0x80009436 (0x0022ecb3) x25 0xfffff908
core   0: 0x8000943a (0x0096e663) bltu    a3, s1, pc + 12
core   0: 3 0x8000943a (0x0096e663)
core   0: 0x8000943e (0x00008f19) c.sub   a4, a4
core   0: 3 0x8000943e (0x8f19) x14 0x00000000
core   0: 0x80009440 (0x000083d1) c.srli  a5, 20
core   0: 3 0x80009440 (0x83d1) x15 0x00000000
core   0: 0x80009442 (0x8d8acc13) xori    s8, s5, -1832
core   0: 3 0x80009442 (0x8d8acc13) x24 0xfffff8d8
core   0: 0x80009446 (0x40b98833) sub     a6, s3, a1
core   0: 3 0x80009446 (0x40b98833) x16 0x7ffd9341
core   0: 0x8000944a (0x02cf3733) mulhu   a4, t5, a2
core   0: 3 0x8000944a (0x02cf3733) x14 0x00000000
core   0: 0x8000944e (0x0ff0000f) fence   iorw,iorw
core   0: 3 0x8000944e (0x0ff0000f)
core   0: 0x80009452 (0x03990b33) mul     s6, s2, s9
core   0: 3 0x80009452 (0x03990b33) x22 0xffff0520
core   0: 0x80009456 (0x01046fb3) or      t6, s0, a6
core   0: 3 0x80009456 (0x01046fb3) x31 0x7ffd9341
core   0: 0x8000945a (0xf4e07b93) andi    s7, zero, -178
core   0: 3 0x8000945a (0xf4e07b93) x23 0x00000000
core   0: 0x8000945e (0x038a0363) beq     s4, s8, pc + 38
core   0: 3 0x8000945e (0x038a0363)
core   0: 0x80009462 (0x00006111) c.addi16sp sp, 256
core   0: 3 0x80009462 (0x6111) x 2 0xfffffa08
core   0: 0x80009464 (0x022cc063) blt     s9, sp, pc + 32
core   0: 3 0x80009464 (0x022cc063)
core   0: 0x80009484 (0x01910d63) beq     sp, s9, pc + 26
core   0: 3 0x80009484 (0x01910d63)
core   0: 0x80009488 (0xbdc94893) xori    a7, s2, -1060
core   0: 3 0x80009488 (0xbdc94893) x17 0xfffffbf8
core   0: 0x8000948c (0x00f60733) add     a4, a2, a5
core   0: 3 0x8000948c (0x00f60733) x14 0xffffff96
core   0: 0x80009490 (0x234757b7) lui     a5, 0x23475
core   0: 3 0x80009490 (0x234757b7) x15 0x23475000
core   0: 0x80009494 (0x00009342) c.add   t1, a6
core   0: 3 0x80009494 (0x9342) x 6 0x7ffd9342
core   0: 0x80009496 (0x00b9f433) and     s0, s3, a1
core   0: 3 0x80009496 (0x00b9f433) x 8 0x00000024
core   0: 0x8000949a (0x037d4663) blt     s10, s7, pc + 44
core   0: 3 0x8000949a (0x037d4663)
core   0: 0x800094c6 (0x00439e93) slli    t4, t2, 4
core   0: 3 0x800094c6 (0x00439e93) x29 0x00000000
core   0: 0x800094ca (0x000010fd) c.addi  ra, -1
core   0: 3 0x800094ca (0x10fd) x 1 0xeb576efd
core   0: 0x800094cc (0x0000cb11) c.beqz  a4, pc + 20
core   0: 3 0x800094cc (0xcb11)
core   0: 0x800094ce (0x00b4e333) or      t1, s1, a1
core   0: 3 0x800094ce (0x00b4e333) x 6 0xfffffcff
core   0: 0x800094d2 (0x0010c0b3) xor     ra, ra, ra
core   0: 3 0x800094d2 (0x0010c0b3) x 1 0x00000000
core   0: 0x800094d6 (0x19eaab37) lui     s6, 0x19eaa
core   0: 3 0x800094d6 (0x19eaab37) x22 0x19eaa000
core   0: 0x800094da (0x0000717d) c.addi16sp sp, -16
core   0: 3 0x800094da (0x717d) x 2 0xfffff9f8
core   0: 0x800094dc (0x039317b3) mulh    a5, t1, s9
core   0: 3 0x800094dc (0x039317b3) x15 0x00000000
core   0: 0x800094e0 (0x00b36633) or      a2, t1, a1
core   0: 3 0x800094e0 (0x00b36633) x12 0xfffffcff
core   0: 0x800094e4 (0xc36e8cb7) lui     s9, 0xc36e8
core   0: 3 0x800094e4 (0xc36e8cb7) x25 0xc36e8000
core   0: 0x800094e8 (0x021dbbb3) mulhu   s7, s11, ra
core   0: 3 0x800094e8 (0x021dbbb3) x23 0x00000000
core   0: 0x800094ec (0x000047c5) c.li    a5, 17
core   0: 3 0x800094ec (0x47c5) x15 0x00000011
core   0: 0x800094ee (0x000084c9) c.srai  s1, 18
core   0: 3 0x800094ee (0x84c9) x 9 0xffffffff
core   0: 0x800094f0 (0x9eea0693) addi    a3, s4, -1554
core   0: 3 0x800094f0 (0x9eea0693) x13 0xfffff984
core   0: 0x800094f4 (0x0000100f) fence.i
core   0: 3 0x800094f4 (0x0000100f)
core   0: 0x800094f8 (0x03b30b63) beq     t1, s11, pc + 54
core   0: 3 0x800094f8 (0x03b30b63)
core   0: 0x800094fc (0x00000109) c.addi  sp, 2
core   0: 3 0x800094fc (0x0109) x 2 0xfffff9fa
core   0: 0x800094fe (0x2c18c793) xori    a5, a7, 705
core   0: 3 0x800094fe (0x2c18c793) x15 0xfffff939
core   0: 0x80009502 (0x0000885d) c.andi  s0, 23
core   0: 3 0x80009502 (0x885d) x 8 0x00000004
core   0: 0x80009504 (0x00006179) c.addi16sp sp, 464
core   0: 3 0x80009504 (0x6179) x 2 0xfffffbca
core   0: 0x80009506 (0x0221bab3) mulhu   s5, gp, sp
core   0: 3 0x80009506 (0x0221bab3) x21 0xff9bfbcb
core   0: 0x8000950a (0x01b11fb3) sll     t6, sp, s11
core   0: 3 0x8000950a (0x01b11fb3) x31 0xfffffbca
core   0: 0x8000950e (0x02eeeb63) bltu    t4, a4, pc + 54
core   0: 3 0x8000950e (0x02eeeb63)
core   0: 0x80009544 (0x0174e7b3) or      a5, s1, s7
core   0: 3 0x80009544 (0x0174e7b3) x15 0xffffffff
core   0: 0x80009548 (0x01831963) bne     t1, s8, pc + 18
core   0: 3 0x80009548 (0x01831963)
core   0: 0x8000955a (0x01742733) slt     a4, s0, s7
core   0: 3 0x8000955a (0x01742733) x14 0x00000000
core   0: 0x8000955e (0x00005e7d) c.li    t3, -1
core   0: 3 0x8000955e (0x5e7d) x28 0xffffffff
core   0: 0x80009560 (0x4aac9817) auipc   a6, 0x4aac9
core   0: 3 0x80009560 (0x4aac9817) x16 0xcaad2560
core   0: 0x80009564 (0x978abe93) sltiu   t4, s5, -1672
core   0: 3 0x80009564 (0x978abe93) x29 0x00000001
core   0: 0x80009568 (0x03beab33) mulhsu  s6, t4, s11
core   0: 3 0x80009568 (0x03beab33) x22 0x00000000
core   0: 0x8000956c (0x00009b96) c.add   s7, t0
core   0: 3 0x8000956c (0x9b96) x23 0x00000000
core   0: 0x8000956e (0x0ff0000f) fence   iorw,iorw
core   0: 3 0x8000956e (0x0ff0000f)
core   0: 0x80009572 (0x00008ee5) c.and   a3, s1
core   0: 3 0x80009572 (0x8ee5) x13 0xfffff984
core   0: 0x80009574 (0x01f93ab3) sltu    s5, s2, t6
core   0: 3 0x80009574 (0x01f93ab3) x21 0x00000001
core   0: 0x80009578 (0x0000613d) c.addi16sp sp, 480
core   0: 3 0x80009578 (0x613d) x 2 0xfffffdaa
core   0: 0x8000957a (0x015d9fb3) sll     t6, s11, s5
core   0: 3 0x8000957a (0x015d9fb3) x31 0x2abbc000
core   0: 0x8000957e (0x00008bc9) c.andi  a5, 18
core   0: 3 0x8000957e (0x8bc9) x15 0x00000012
core   0: 0x80009580 (0x006f3c33) sltu    s8, t5, t1
core   0: 3 0x80009580 (0x006f3c33) x24 0x00000001
core   0: 0x80009584 (0x023a3ab3) mulhu   s5, s4, gp
core   0: 3 0x80009584 (0x023a3ab3) x21 0xff9bff96
core   0: 0x80009588 (0x018b5293) srli    t0, s6, 24
core   0: 3 0x80009588 (0x018b5293) x 5 0x00000000
core   0: 0x8000958c (0x00009d36) c.add   s10, a3
core   0: 3 0x8000958c (0x9d36) x26 0xeb576882
core   0: 0x8000958e (0x00ad86b3) add     a3, s11, a0
core   0: 3 0x8000958e (0x00ad86b3) x13 0x15600e34
core   0: 0x80009592 (0x03ac2eb3) mulhsu  t4, s8, s10
core   0: 3 0x80009592 (0x03ac2eb3) x29 0x00000000
core   0: 0x80009596 (0x00849e13) slli    t3, s1, 8
core   0: 3 0x80009596 (0x00849e13) x28 0xffffff00
core   0: 0x8000959a (0x01f91433) sll     s0, s2, t6
core   0: 3 0x8000959a (0x01f91433) x 8 0x00000024
core   0: 0x8000959e (0x00004fed) c.li    t6, 27
core   0: 3 0x8000959e (0x4fed) x31 0x0000001b
core   0: 0x800095a0 (0x00001698) c.addi4spn a4, sp, 864
core   0: 3 0x800095a0 (0x1698) x14 0x0000010a
core   0: 0x800095a2 (0x0327afb3) mulhsu  t6, a5, s2
core   0: 3 0x800095a2 (0x0327afb3) x31 0x00000000
core   0: 0x800095a6 (0x00001ffd) c.addi  t6, -1
core   0: 3 0x800095a6 (0x1ffd) x31 0xffffffff
core   0: 0x800095a8 (0x8355e713) ori     a4, a1, -1995
core   0: 3 0x800095a8 (0x8355e713) x14 0xfffffcf5
core   0: 0x800095ac (0x412c51b3) sra     gp, s8, s2
core   0: 3 0x800095ac (0x412c51b3) x 3 0x00000000
core   0: 0x800095b0 (0x000098fd) c.andi  s1, -1
core   0: 3 0x800095b0 (0x98fd) x 9 0xffffffff
core   0: 0x800095b2 (0x00000001) c.nop
core   0: 3 0x800095b2 (0x0001)
core   0: 0x800095b4 (0x0000010d) c.addi  sp, 3
core   0: 3 0x800095b4 (0x010d) x 2 0xfffffdad
core   0: 0x800095b6 (0x4000df13) srai    t5, ra, 0
core   0: 3 0x800095b6 (0x4000df13) x30 0x00000000
core   0: 0x800095ba (0x029f01b3) mul     gp, t5, s1
core   0: 3 0x800095ba (0x029f01b3) x 3 0x00000000
core   0: 0x800095be (0x00006129) c.addi16sp sp, 192
core   0: 3 0x800095be (0x6129) x 2 0xfffffe6d
core   0: 0x800095c0 (0x015ccf33) xor     t5, s9, s5
core   0: 3 0x800095c0 (0x015ccf33) x30 0x3cf57f96
core   0: 0x800095c4 (0x012ddf63) bge     s11, s2, pc + 30
core   0: 3 0x800095c4 (0x012ddf63)
core   0: 0x800095c8 (0x00008f21) c.xor   a4, s0
core   0: 3 0x800095c8 (0x8f21) x14 0xfffffcd1
core   0: 0x800095ca (0x00008e81) c.sub   a3, s0
core   0: 3 0x800095ca (0x8e81) x13 0x15600e10
core   0: 0x800095cc (0xf2b10f93) addi    t6, sp, -213
core   0: 3 0x800095cc (0xf2b10f93) x31 0xfffffd98
core   0: 0x800095d0 (0xb21f3493) sltiu   s1, t5, -1247
core   0: 3 0x800095d0 (0xb21f3493) x 9 0x00000001
core   0: 0x800095d4 (0x0218e463) bltu    a7, ra, pc + 40
core   0: 3 0x800095d4 (0x0218e463)
core   0: 0x800095d8 (0x0141a9b3) slt     s3, gp, s4
core   0: 3 0x800095d8 (0x0141a9b3) x19 0x00000000
core   0: 0x800095dc (0x0ff0000f) fence   iorw,iorw
core   0: 3 0x800095dc (0x0ff0000f)
core   0: 0x800095e0 (0x00006445) c.lui   s0, 0x11
core   0: 3 0x800095e0 (0x6445) x 8 0x00011000
core   0: 0x800095e2 (0x03d51b63) bne     a0, t4, pc + 54
core   0: 3 0x800095e2 (0x03d51b63)
core   0: 0x80009618 (0x00008b51) c.andi  a4, 20
core   0: 3 0x80009618 (0x8b51) x14 0x00000010
core   0: 0x8000961a (0x00006099) c.lui   ra, 0x6
core   0: 3 0x8000961a (0x6099) x 1 0x00006000
core   0: 0x8000961c (0x0000e509) c.bnez  a0, pc + 10
core   0: 3 0x8000961c (0xe509)
core   0: 0x80009626 (0x00e61833) sll     a6, a2, a4
core   0: 3 0x80009626 (0x00e61833) x16 0xfcff0000
core   0: 0x8000962a (0x000007a2) c.slli  a5, 8
core   0: 3 0x8000962a (0x07a2) x15 0x00001200
core   0: 0x8000962c (0x00008f79) c.and   a4, a4
core   0: 3 0x8000962c (0x8f79) x14 0x00000010
core   0: 0x8000962e (0x000090be) c.add   ra, a5
core   0: 3 0x8000962e (0x90be) x 1 0x00007200
core   0: 0x80009630 (0x0ff0000f) fence   iorw,iorw
core   0: 3 0x80009630 (0x0ff0000f)
core   0: 0x80009634 (0x10c96fb7) lui     t6, 0x10c96
core   0: 3 0x80009634 (0x10c96fb7) x31 0x10c96000
core   0: 0x80009638 (0x02bb2733) mulhsu  a4, s6, a1
core   0: 3 0x80009638 (0x02bb2733) x14 0x00000000
core   0: 0x8000963c (0x0000100f) fence.i
core   0: 3 0x8000963c (0x0000100f)
core   0: 0x80009640 (0x0129ceb3) xor     t4, s3, s2
core   0: 3 0x80009640 (0x0129ceb3) x29 0x00000024
core   0: 0x80009644 (0xb2f26013) ori     zero, tp, -1233
core   0: 3 0x80009644 (0xb2f26013)
core   0: 0x80009648 (0x99277893) andi    a7, a4, -1646
core   0: 3 0x80009648 (0x99277893) x17 0x00000000
core   0: 0x8000964c (0x00008e1d) c.sub   a2, a5
core   0: 3 0x8000964c (0x8e1d) x12 0xffffeaff
core   0: 0x8000964e (0x013f7c33) and     s8, t5, s3
core   0: 3 0x8000964e (0x013f7c33) x24 0x00000000
core   0: 0x80009652 (0x0000717d) c.addi16sp sp, -16
core   0: 3 0x80009652 (0x717d) x 2 0xfffffe5d
core   0: 0x80009654 (0x02c2a033) mulhsu  zero, t0, a2
core   0: 3 0x80009654 (0x02c2a033)
core   0: 0x80009658 (0x00006bb1) c.lui   s7, 0xc
core   0: 3 0x80009658 (0x6bb1) x23 0x0000c000
core   0: 0x8000965a (0x02121cb3) mulh    s9, tp, ra
core   0: 3 0x8000965a (0x02121cb3) x25 0x00000000
core   0: 0x8000965e (0x000062d9) c.lui   t0, 0x16
core   0: 3 0x8000965e (0x62d9) x 5 0x00016000
core   0: 0x80009660 (0x02222833) mulhsu  a6, tp, sp
core   0: 3 0x80009660 (0x02222833) x16 0x00000000
core   0: 0x80009664 (0x01cdf863) bgeu    s11, t3, pc + 16
core   0: 3 0x80009664 (0x01cdf863)
core   0: 0x80009668 (0x00475633) srl     a2, a4, tp
core   0: 3 0x80009668 (0x00475633) x12 0x00000000
core   0: 0x8000966c (0x41b35c93) srai    s9, t1, 27
core   0: 3 0x8000966c (0x41b35c93) x25 0xffffffff
core   0: 0x80009670 (0x0000100f) fence.i
core   0: 3 0x80009670 (0x0000100f)
core   0: 0x80009674 (0x02960f63) beq     a2, s1, pc + 62
core   0: 3 0x80009674 (0x02960f63)
core   0: 0x80009678 (0x00008f1d) c.sub   a4, a5
core   0: 3 0x80009678 (0x8f1d) x14 0xffffee00
core   0: 0x8000967a (0x027956b3) divu    a3, s2, t2
core   0: 3 0x8000967a (0x027956b3) x13 0xffffffff
core   0: 0x8000967e (0x00006159) c.addi16sp sp, 400
core   0: 3 0x8000967e (0x6159) x 2 0xffffffed
core   0: 0x80009680 (0x4034d0b3) sra     ra, s1, gp
core   0: 3 0x80009680 (0x4034d0b3) x 1 0x00000001
core   0: 0x80009684 (0x00008f9d) c.sub   a5, a5
core   0: 3 0x80009684 (0x8f9d) x15 0x00000000
core   0: 0x80009686 (0x01f651b3) srl     gp, a2, t6
core   0: 3 0x80009686 (0x01f651b3) x 3 0x00000000
core   0: 0x8000968a (0x014f4c33) xor     s8, t5, s4
core   0: 3 0x8000968a (0x014f4c33) x24 0xc30a8000
core   0: 0x8000968e (0x006d3933) sltu    s2, s10, t1
core   0: 3 0x8000968e (0x006d3933) x18 0x00000001
core   0: 0x80009692 (0x761d6d93) ori     s11, s10, 1889
core   0: 3 0x80009692 (0x761d6d93) x27 0xeb576fe3
core   0: 0x80009696 (0x016f5f33) srl     t5, t5, s6
core   0: 3 0x80009696 (0x016f5f33) x30 0x3cf57f96
core   0: 0x8000969a (0x03828763) beq     t0, s8, pc + 46
core   0: 3 0x8000969a (0x03828763)
core   0: 0x8000969e (0x03601833) mulh    a6, zero, s6
core   0: 3 0x8000969e (0x03601833) x16 0x00000000
core   0: 0x800096a2 (0x035422b3) mulhsu  t0, s0, s5
core   0: 3 0x800096a2 (0x035422b3) x 5 0x00010f95
core   0: 0x800096a6 (0xa5cba717) auipc   a4, 0xa5cba
core   0: 3 0x800096a6 (0xa5cba717) x14 0x25cc36a6
core   0: 0x800096aa (0xfcc32f93) slti    t6, t1, -52
core   0: 3 0x800096aa (0xfcc32f93) x31 0x00000001
core   0: 0x800096ae (0x03553ab3) mulhu   s5, a0, s5
core   0: 3 0x800096ae (0x03553ab3) x21 0x7fd02d24
core   0: 0x800096b2 (0x015f1c33) sll     s8, t5, s5
core   0: 3 0x800096b2 (0x015f1c33) x24 0xcf57f960
core   0: 0x800096b6 (0x0189d933) srl     s2, s3, s8
core   0: 3 0x800096b6 (0x0189d933) x18 0x00000000
core   0: 0x800096ba (0x22832717) auipc   a4, 0x22832
core   0: 3 0x800096ba (0x22832717) x14 0xa283b6ba
core   0: 0x800096be (0x01cae7b3) or      a5, s5, t3
core   0: 3 0x800096be (0x01cae7b3) x15 0xffffff24
core   0: 0x800096c2 (0x00563033) sltu    zero, a2, t0
core   0: 3 0x800096c2 (0x00563033)
core   0: 0x800096c6 (0x00008f75) c.and   a4, a3
core   0: 3 0x800096c6 (0x8f75) x14 0xa283b6ba
core   0: 0x800096c8 (0x00006829) c.lui   a6, 0xa
core   0: 3 0x800096c8 (0x6829) x16 0x0000a000
core   0: 0x800096ca (0x00008c19) c.sub   s0, a4
core   0: 3 0x800096ca (0x8c19) x 8 0x5d7d5946
core   0: 0x800096cc (0x02804463) blt     zero, s0, pc + 40
core   0: 3 0x800096cc (0x02804463)
core   0: 0x800096f4 (0x00006121) c.addi16sp sp, 64
core   0: 3 0x800096f4 (0x6121) x 2 0x0000002d
core   0: 0x800096f6 (0x0ff0000f) fence   iorw,iorw
core   0: 3 0x800096f6 (0x0ff0000f)
core   0: 0x800096fa (0x000084b1) c.srai  s1, 12
core   0: 3 0x800096fa (0x84b1) x 9 0x00000000
core   0: 0x800096fc (0x0000100f) fence.i
core   0: 3 0x800096fc (0x0000100f)
core   0: 0x80009700 (0x05ef8063) beq     t6, t5, pc + 64
core   0: 3 0x80009700 (0x05ef8063)
core   0: 0x80009704 (0x00221763) bne     tp, sp, pc + 14
core   0: 3 0x80009704 (0x00221763)
core   0: 0x80009712 (0xb2666613) ori     a2, a2, -1242
core   0: 3 0x80009712 (0xb2666613) x12 0xfffffb26
core   0: 0x80009716 (0x019432b3) sltu    t0, s0, s9
core   0: 3 0x80009716 (0x019432b3) x 5 0x00000001
core   0: 0x8000971a (0xee3ee113) ori     sp, t4, -285
core   0: 3 0x8000971a (0xee3ee113) x 2 0xfffffee7
core   0: 0x8000971e (0x0000e60d) c.bnez  a2, pc + 42
core   0: 3 0x8000971e (0xe60d)
core   0: 0x80009748 (0x0000100f) fence.i
core   0: 3 0x80009748 (0x0000100f)
core   0: 0x8000974c (0x00ab91b3) sll     gp, s7, a0
core   0: 3 0x8000974c (0x00ab91b3) x 3 0x00000000
core   0: 0x80009750 (0x00000001) c.nop
core   0: 3 0x80009750 (0x0001)
core   0: 0x80009752 (0x8528f417) auipc   s0, 0x8528f
core   0: 3 0x80009752 (0x8528f417) x 8 0x05298752
core   0: 0x80009756 (0x00008485) c.srai  s1, 1
core   0: 3 0x80009756 (0x8485) x 9 0x00000000
core   0: 0x80009758 (0x02b062b3) rem     t0, zero, a1
core   0: 3 0x80009758 (0x02b062b3) x 5 0x00000000
core   0: 0x8000975c (0x00000d31) c.addi  s10, 12
core   0: 3 0x8000975c (0x0d31) x26 0xeb57688e
core   0: 0x8000975e (0x0284f563) bgeu    s1, s0, pc + 42
core   0: 3 0x8000975e (0x0284f563)
core   0: 0x80009762 (0x03cde6b3) rem     a3, s11, t3
core   0: 3 0x80009762 (0x03cde6b3) x13 0xffffffe3
core   0: 0x80009766 (0x022a3933) mulhu   s2, s4, sp
core   0: 3 0x80009766 (0x022a3933) x18 0xfffffe7d
core   0: 0x8000976a (0x00da7a33) and     s4, s4, a3
core   0: 3 0x8000976a (0x00da7a33) x20 0xffffff82
core   0: 0x8000976e (0x00000001) c.nop
core   0: 3 0x8000976e (0x0001)
core   0: 0x80009770 (0x0000ef91) c.bnez  a5, pc + 28
core   0: 3 0x80009770 (0xef91)
core   0: 0x8000978c (0xb8960d93) addi    s11, a2, -1143
core   0: 3 0x8000978c (0xb8960d93) x27 0xfffff6af
core   0: 0x80009790 (0x027dc133) div     sp, s11, t2
core   0: 3 0x80009790 (0x027dc133) x 2 0xffffffff
core   0: 0x80009794 (0x00008c69) c.and   s0, a0
core   0: 3 0x80009794 (0x8c69) x 8 0x00000610
core   0: 0x80009796 (0x014691b3) sll     gp, a3, s4
core   0: 3 0x80009796 (0x014691b3) x 3 0xffffff8c
core   0: 0x8000979a (0x0374c733) div     a4, s1, s7
core   0: 3 0x8000979a (0x0374c733) x14 0x00000000
core   0: 0x8000979e (0x40550033) sub     zero, a0, t0
core   0: 3 0x8000979e (0x40550033)
core   0: 0x800097a2 (0x40875893) srai    a7, a4, 8
core   0: 3 0x800097a2 (0x40875893) x17 0x00000000
core   0: 0x800097a6 (0x02889763) bne     a7, s0, pc + 46
core   0: 3 0x800097a6 (0x02889763)
core   0: 0x800097d4 (0x017099b3) sll     s3, ra, s7
core   0: 3 0x800097d4 (0x017099b3) x19 0x00000001
core   0: 0x800097d8 (0x0ff0000f) fence   iorw,iorw
core   0: 3 0x800097d8 (0x0ff0000f)
core   0: 0x800097dc (0x03d76733) rem     a4, a4, t4
core   0: 3 0x800097dc (0x03d76733) x14 0x00000000
core   0: 0x800097e0 (0xcf10cf13) xori    t5, ra, -783
core   0: 3 0x800097e0 (0xcf10cf13) x30 0xfffffcf0
core   0: 0x800097e4 (0x01bb87b3) add     a5, s7, s11
core   0: 3 0x800097e4 (0x01bb87b3) x15 0x0000b6af
core   0: 0x800097e8 (0x419bd313) srai    t1, s7, 25
core   0: 3 0x800097e8 (0x419bd313) x 6 0x00000000
core   0: 0x800097ec (0xffbbac13) slti    s8, s7, -5
core   0: 3 0x800097ec (0xffbbac13) x24 0x00000000
core   0: 0x800097f0 (0x02326db3) rem     s11, tp, gp
core   0: 3 0x800097f0 (0x02326db3) x27 0x00000000
core   0: 0x800097f4 (0x03f8f833) remu    a6, a7, t6
core   0: 3 0x800097f4 (0x03f8f833) x16 0x00000000
core   0: 0x800097f8 (0x10048363) beqz    s1, pc + 262
core   0: 3 0x800097f8 (0x10048363)
core   0: 0x800098fe (0x4174db93) srai    s7, s1, 23
core   0: 3 0x800098fe (0x4174db93) x23 0x00000000
core   0: 0x80009902 (0x000083c9) c.srli  a5, 18
core   0: 3 0x80009902 (0x83c9) x15 0x00000000
core   0: 0x80009904 (0x012bed33) or      s10, s7, s2
core   0: 3 0x80009904 (0x012bed33) x26 0xfffffe7d
core   0: 0x80009908 (0x00000001) c.nop
core   0: 3 0x80009908 (0x0001)
core   0: 0x8000990a (0x02efaf33) mulhsu  t5, t6, a4
core   0: 3 0x8000990a (0x02efaf33) x30 0x00000000
core   0: 0x8000990e (0x00008cf9) c.and   s1, a4
core   0: 3 0x8000990e (0x8cf9) x 9 0x00000000
core   0: 0x80009910 (0x934e7f13) andi    t5, t3, -1740
core   0: 3 0x80009910 (0x934e7f13) x30 0xfffff900
core   0: 0x80009914 (0xfb807913) andi    s2, zero, -72
core   0: 3 0x80009914 (0xfb807913) x18 0x00000000
core   0: 0x80009918 (0x01743933) sltu    s2, s0, s7
core   0: 3 0x80009918 (0x01743933) x18 0x00000000
core   0: 0x8000991c (0x00a01813) slli    a6, zero, 10
core   0: 3 0x8000991c (0x00a01813) x16 0x00000000
core   0: 0x80009920 (0x022cca63) blt     s9, sp, pc + 52
core   0: 3 0x80009920 (0x022cca63)
core   0: 0x80009924 (0x03e28863) beq     t0, t5, pc + 48
core   0: 3 0x80009924 (0x03e28863)
core   0: 0x80009928 (0x0175c633) xor     a2, a1, s7
core   0: 3 0x80009928 (0x0175c633) x12 0x80026ce4
core   0: 0x8000992c (0x0000c711) c.beqz  a4, pc + 12
core   0: 3 0x8000992c (0xc711)
core   0: 0x80009938 (0x000080da) c.mv    ra, s6
core   0: 3 0x80009938 (0x80da) x 1 0x00000000
core   0: 0x8000993a (0x7784a613) slti    a2, s1, 1912
core   0: 3 0x8000993a (0x7784a613) x12 0x00000001
core   0: 0x8000993e (0x010bcab3) xor     s5, s7, a6
core   0: 3 0x8000993e (0x010bcab3) x21 0x00000000
core   0: 0x80009942 (0x0000ec05) c.bnez  s0, pc + 56
core   0: 3 0x80009942 (0xec05)
core   0: 0x8000997a (0x466ce093) ori     ra, s9, 1126
core   0: 3 0x8000997a (0x466ce093) x 1 0xffffffff
core   0: 0x8000997e (0xdd92c993) xori    s3, t0, -551
core   0: 3 0x8000997e (0xdd92c993) x19 0xfffffdd9
core   0: 0x80009982 (0x40f25bb3) sra     s7, tp, a5
core   0: 3 0x80009982 (0x40f25bb3) x23 0x00000000
core   0: 0x80009986 (0x0000c09d) c.beqz  s1, pc + 38
core   0: 3 0x80009986 (0xc09d)
core   0: 0x800099ac (0x03a8b2b3) mulhu   t0, a7, s10
core   0: 3 0x800099ac (0x03a8b2b3) x 5 0x00000000
core   0: 0x800099b0 (0x0000016e) c.slli  sp, 27
core   0: 3 0x800099b0 (0x016e) x 2 0xf8000000
core   0: 0x800099b2 (0x006bd413) srli    s0, s7, 6
core   0: 3 0x800099b2 (0x006bd413) x 8 0x00000000
core   0: 0x800099b6 (0x0ff0000f) fence   iorw,iorw
core   0: 3 0x800099b6 (0x0ff0000f)
core   0: 0x800099ba (0x41f05a33) sra     s4, zero, t6
core   0: 3 0x800099ba (0x41f05a33) x20 0x00000000
core   0: 0x800099be (0x00a6e1b3) or      gp, a3, a0
core   0: 3 0x800099be (0x00a6e1b3) x 3 0xfffffff7
core   0: 0x800099c2 (0x004a13b3) sll     t2, s4, tp
core   0: 3 0x800099c2 (0x004a13b3) x 7 0x00000000
core   0: 0x800099c6 (0x000016fd) c.addi  a3, -1
core   0: 3 0x800099c6 (0x16fd) x13 0xffffffe2
core   0: 0x800099c8 (0x006cf763) bgeu    s9, t1, pc + 14
core   0: 3 0x800099c8 (0x006cf763)
core   0: 0x800099d6 (0x0068db93) srli    s7, a7, 6
core   0: 3 0x800099d6 (0x0068db93) x23 0x00000000
core   0: 0x800099da (0x0000100f) fence.i
core   0: 3 0x800099da (0x0000100f)
core   0: 0x800099de (0x41a95fb3) sra     t6, s2, s10
core   0: 3 0x800099de (0x41a95fb3) x31 0x00000000
core   0: 0x800099e2 (0x1cf0fc93) andi    s9, ra, 463
core   0: 3 0x800099e2 (0x1cf0fc93) x25 0x000001cf
core   0: 0x800099e6 (0x5e286293) ori     t0, a6, 1506
core   0: 3 0x800099e6 (0x5e286293) x 5 0x000005e2
core   0: 0x800099ea (0x00008ee5) c.and   a3, s1
core   0: 3 0x800099ea (0x8ee5) x13 0x00000000
core   0: 0x800099ec (0x00515d33) srl     s10, sp, t0
core   0: 3 0x800099ec (0x00515d33) x26 0x3e000000
core   0: 0x800099f0 (0x03437663) bgeu    t1, s4, pc + 44
core   0: 3 0x800099f0 (0x03437663)
core   0: 0x80009a1c (0x03700f33) mul     t5, zero, s7
core   0: 3 0x80009a1c (0x03700f33) x30 0x00000000
core   0: 0x80009a20 (0x0000eb85) c.bnez  a5, pc + 48
core   0: 3 0x80009a20 (0xeb85)
core   0: 0x80009a22 (0x3418b297) auipc   t0, 0x3418b
core   0: 3 0x80009a22 (0x3418b297) x 5 0xb4194a22
core   0: 0x80009a26 (0x00bad8b3) srl     a7, s5, a1
core   0: 3 0x80009a26 (0x00bad8b3) x17 0x00000000
core   0: 0x80009a2a (0x024edd63) bge     t4, tp, pc + 58
core   0: 3 0x80009a2a (0x024edd63)
core   0: 0x80009a64 (0x0319c8b3) div     a7, s3, a7
core   0: 3 0x80009a64 (0x0319c8b3) x17 0xffffffff
core   0: 0x80009a68 (0x00000001) c.nop
core   0: 3 0x80009a68 (0x0001)
core   0: 0x80009a6a (0x000067ad) c.lui   a5, 0xb
core   0: 3 0x80009a6a (0x67ad) x15 0x0000b000
core   0: 0x80009a6c (0x1fe2cf17) auipc   t5, 0x1fe2c
core   0: 3 0x80009a6c (0x1fe2cf17) x30 0x9fe35a6c
core   0: 0x80009a70 (0x32083a93) sltiu   s5, a6, 800
core   0: 3 0x80009a70 (0x32083a93) x21 0x00000001
core   0: 0x80009a74 (0x00005cfd) c.li    s9, -1
core   0: 3 0x80009a74 (0x5cfd) x25 0xffffffff
core   0: 0x80009a76 (0x02be4bb3) div     s7, t3, a1
core   0: 3 0x80009a76 (0x02be4bb3) x23 0x00000000
core   0: 0x80009a7a (0x00008ee1) c.and   a3, s0
core   0: 3 0x80009a7a (0x8ee1) x13 0x00000000
core   0: 0x80009a7c (0x0ff0000f) fence   iorw,iorw
core   0: 3 0x80009a7c (0x0ff0000f)
core   0: 0x80009a80 (0x02094833) div     a6, s2, zero
core   0: 3 0x80009a80 (0x02094833) x16 0xffffffff
core   0: 0x80009a84 (0x02de1563) bne     t3, a3, pc + 42
core   0: 3 0x80009a84 (0x02de1563)
core   0: 0x80009aae (0x01125713) srli    a4, tp, 17
core   0: 3 0x80009aae (0x01125713) x14 0x00000000
core   0: 0x80009ab2 (0x0000151c) c.addi4spn a5, sp, 672
core   0: 3 0x80009ab2 (0x151c) x15 0xf80002a0
core   0: 0x80009ab4 (0x00005e7d) c.li    t3, -1
core   0: 3 0x80009ab4 (0x5e7d) x28 0xffffffff
core   0: 0x80009ab6 (0x0000081c) c.addi4spn a5, sp, 16
core   0: 3 0x80009ab6 (0x081c) x15 0xf8000010
core   0: 0x80009ab8 (0xf04dbf93) sltiu   t6, s11, -252
core   0: 3 0x80009ab8 (0xf04dbf93) x31 0x00000001
core   0: 0x80009abc (0x00001284) c.addi4spn s1, sp, 352
core   0: 3 0x80009abc (0x1284) x 9 0xf8000160
core   0: 0x80009abe (0xf46a3b93) sltiu   s7, s4, -186
core   0: 3 0x80009abe (0xf46a3b93) x23 0x00000001
core   0: 0x80009ac2 (0x009a7633) and     a2, s4, s1
core   0: 3 0x80009ac2 (0x009a7633) x12 0x00000000
core   0: 0x80009ac6 (0x00008a6d) c.andi  a2, 27
core   0: 3 0x80009ac6 (0x8a6d) x12 0x00000000
core   0: 0x80009ac8 (0x0000011e) c.slli  sp, 7
core   0: 3 0x80009ac8 (0x011e) x 2 0x00000000
core   0: 0x80009aca (0x0000100f) fence.i
core   0: 3 0x80009aca (0x0000100f)
core   0: 0x80009ace (0x03766b63) bltu    a2, s7, pc + 54
core   0: 3 0x80009ace (0x03766b63)
core   0: 0x80009b04 (0x001338b3) sltu    a7, t1, ra
core   0: 3 0x80009b04 (0x001338b3) x17 0x00000001
core   0: 0x80009b08 (0x8e902013) slti    zero, zero, -1815
core   0: 3 0x80009b08 (0x8e902013)
core   0: 0x80009b0c (0x01096c33) or      s8, s2, a6
core   0: 3 0x80009b0c (0x01096c33) x24 0xffffffff
core   0: 0x80009b10 (0x00e55bb3) srl     s7, a0, a4
core   0: 3 0x80009b10 (0x00e55bb3) x23 0x80022e34
core   0: 0x80009b14 (0x4080d2b3) sra     t0, ra, s0
core   0: 3 0x80009b14 (0x4080d2b3) x 5 0xffffffff
core   0: 0x80009b18 (0x00000001) c.nop
core   0: 3 0x80009b18 (0x0001)
core   0: 0x80009b1a (0x02b9f1b3) remu    gp, s3, a1
core   0: 3 0x80009b1a (0x02b9f1b3) x 3 0x7ffd90f5
core   0: 0x80009b1e (0x0000717d) c.addi16sp sp, -16
core   0: 3 0x80009b1e (0x717d) x 2 0xfffffff0
core   0: 0x80009b20 (0x00000001) c.nop
core   0: 3 0x80009b20 (0x0001)
core   0: 0x80009b22 (0x011b9c13) slli    s8, s7, 17
core   0: 3 0x80009b22 (0x011b9c13) x24 0x5c680000
core   0: 0x80009b26 (0x4133d633) sra     a2, t2, s3
core   0: 3 0x80009b26 (0x4133d633) x12 0x00000000
core   0: 0x80009b2a (0x41405133) sra     sp, zero, s4
core   0: 3 0x80009b2a (0x41405133) x 2 0x00000000
core   0: 0x80009b2e (0x0000cc19) c.beqz  s0, pc + 30
core   0: 3 0x80009b2e (0xcc19)
core   0: 0x80009b4c (0x000084fd) c.srai  s1, 31
core   0: 3 0x80009b4c (0x84fd) x 9 0xffffffff
core   0: 0x80009b4e (0x03e13733) mulhu   a4, sp, t5
core   0: 3 0x80009b4e (0x03e13733) x14 0x00000000
core   0: 0x80009b52 (0xbfdc6913) ori     s2, s8, -1027
core   0: 3 0x80009b52 (0xbfdc6913) x18 0xfffffbfd
core   0: 0x80009b56 (0x0000c68d) c.beqz  a3, pc + 42
core   0: 3 0x80009b56 (0xc68d)
core   0: 0x80009b80 (0x9a9b7413) andi    s0, s6, -1623
core   0: 3 0x80009b80 (0x9a9b7413) x 8 0x00000000
core   0: 0x80009b84 (0x0000100f) fence.i
core   0: 3 0x80009b84 (0x0000100f)
core   0: 0x80009b88 (0x00c40a63) beq     s0, a2, pc + 20
core   0: 3 0x80009b88 (0x00c40a63)
core   0: 0x80009b9c (0x00008472) c.mv    s0, t3
core   0: 3 0x80009b9c (0x8472) x 8 0xffffffff
core   0: 0x80009b9e (0x00008f99) c.sub   a5, a4
core   0: 3 0x80009b9e (0x8f99) x15 0xf8000010
core   0: 0x80009ba0 (0x4114dbb3) sra     s7, s1, a7
core   0: 3 0x80009ba0 (0x4114dbb3) x23 0xffffffff
core   0: 0x80009ba4 (0x00000001) c.nop
core   0: 3 0x80009ba4 (0x0001)
core   0: 0x80009ba6 (0x027bbf33) mulhu   t5, s7, t2
core   0: 3 0x80009ba6 (0x027bbf33) x30 0x00000000
core   0: 0x80009baa (0x00008cea) c.mv    s9, s10
core   0: 3 0x80009baa (0x8cea) x25 0x3e000000
core   0: 0x80009bac (0x000001da) c.slli  gp, 22
core   0: 3 0x80009bac (0x01da) x 3 0x3d400000
core   0: 0x80009bae (0x00861313) slli    t1, a2, 8
core   0: 3 0x80009bae (0x00861313) x 6 0x00000000
core   0: 0x80009bb2 (0x00000001) c.nop
core   0: 3 0x80009bb2 (0x0001)
core   0: 0x80009bb4 (0x03eda793) slti    a5, s11, 62
core   0: 3 0x80009bb4 (0x03eda793) x15 0x00000001
core   0: 0x80009bb8 (0x0000100f) fence.i
core   0: 3 0x80009bb8 (0x0000100f)
core   0: 0x80009bbc (0x01a98033) add     zero, s3, s10
core   0: 3 0x80009bbc (0x01a98033)
core   0: 0x80009bc0 (0x00b67f33) and     t5, a2, a1
core   0: 3 0x80009bc0 (0x00b67f33) x30 0x00000000
core   0: 0x80009bc4 (0x0f65c893) xori    a7, a1, 246
core   0: 3 0x80009bc4 (0x0f65c893) x17 0x80026c12
core   0: 0x80009bc8 (0x0000100f) fence.i
core   0: 3 0x80009bc8 (0x0000100f)
core   0: 0x80009bcc (0x00ed4eb3) xor     t4, s10, a4
core   0: 3 0x80009bcc (0x00ed4eb3) x29 0x3e000000
core   0: 0x80009bd0 (0x02324033) div     zero, tp, gp
core   0: 3 0x80009bd0 (0x02324033)
core   0: 0x80009bd4 (0x03a92433) mulhsu  s0, s2, s10
core   0: 3 0x80009bd4 (0x03a92433) x 8 0xffffff07
core   0: 0x80009bd8 (0x0000717d) c.addi16sp sp, -16
core   0: 3 0x80009bd8 (0x717d) x 2 0xfffffff0
core   0: 0x80009bda (0x02511cb3) mulh    s9, sp, t0
core   0: 3 0x80009bda (0x02511cb3) x25 0x00000000
core   0: 0x80009bde (0x008664b3) or      s1, a2, s0
core   0: 3 0x80009bde (0x008664b3) x 9 0xffffff07
core   0: 0x80009be2 (0x000084c1) c.srai  s1, 16
core   0: 3 0x80009be2 (0x84c1) x 9 0xffffffff
core   0: 0x80009be4 (0x00008f21) c.xor   a4, s0
core   0: 3 0x80009be4 (0x8f21) x14 0xffffff07
core   0: 0x80009be6 (0x01628633) add     a2, t0, s6
core   0: 3 0x80009be6 (0x01628633) x12 0xffffffff
core   0: 0x80009bea (0xf455cb17) auipc   s6, 0xf455c
core   0: 3 0x80009bea (0xf455cb17) x22 0x74565bea
core   0: 0x80009bee (0x40e184b3) sub     s1, gp, a4
core   0: 3 0x80009bee (0x40e184b3) x 9 0x3d4000f9
core   0: 0x80009bf2 (0x0000835e) c.mv    t1, s7
core   0: 3 0x80009bf2 (0x835e) x 6 0xffffffff
core   0: 0x80009bf4 (0x0000830a) c.mv    t1, sp
core   0: 3 0x80009bf4 (0x830a) x 6 0xfffffff0
core   0: 0x80009bf6 (0x0000e695) c.bnez  a3, pc + 44
core   0: 3 0x80009bf6 (0xe695)
core   0: 0x80009bf8 (0x00009726) c.add   a4, s1
core   0: 3 0x80009bf8 (0x9726) x14 0x3d400000
core   0: 0x80009bfa (0x005e1693) slli    a3, t3, 5
core   0: 3 0x80009bfa (0x005e1693) x13 0xffffffe0
core   0: 0x80009bfe (0x0000717d) c.addi16sp sp, -16
core   0: 3 0x80009bfe (0x717d) x 2 0xffffffe0
core   0: 0x80009c00 (0x0310e933) rem     s2, ra, a7
core   0: 3 0x80009c00 (0x0310e933) x18 0xffffffff
core   0: 0x80009c04 (0x407d58b3) sra     a7, s10, t2
core   0: 3 0x80009c04 (0x407d58b3) x17 0x3e000000
core   0: 0x80009c08 (0x0190d413) srli    s0, ra, 25
core   0: 3 0x80009c08 (0x0190d413) x 8 0x0000007f
core   0: 0x80009c0c (0x4906c717) auipc   a4, 0x4906c
core   0: 3 0x80009c0c (0x4906c717) x14 0xc9075c0c
core   0: 0x80009c10 (0x0296ebb3) rem     s7, a3, s1
core   0: 3 0x80009c10 (0x0296ebb3) x23 0xffffffe0
core   0: 0x80009c14 (0xde1c0d93) addi    s11, s8, -543
core   0: 3 0x80009c14 (0xde1c0d93) x27 0x5c67fde1
core   0: 0x80009c18 (0x419b01b3) sub     gp, s6, s9
core   0: 3 0x80009c18 (0x419b01b3) x 3 0x74565bea
core   0: 0x80009c1c (0x442e0497) auipc   s1, 0x442e0
core   0: 3 0x80009c1c (0x442e0497) x 9 0xc42e9c1c
core   0: 0x80009c20 (0x000009d2) c.slli  s3, 20
core   0: 3 0x80009c20 (0x09d2) x19 0xdd900000
core   0: 0x80009c22 (0x00008b15) c.andi  a4, 5
core   0: 3 0x80009c22 (0x8b15) x14 0x00000004
core   0: 0x80009c24 (0x40a35d13) srai    s10, t1, 10
core   0: 3 0x80009c24 (0x40a35d13) x26 0xffffffff
core   0: 0x80009c28 (0x00f0a333) slt     t1, ra, a5
core   0: 3 0x80009c28 (0x00f0a333) x 6 0x00000001
core   0: 0x80009c2c (0x02b87a63) bgeu    a6, a1, pc + 52
core   0: 3 0x80009c2c (0x02b87a63)
core   0: 0x80009c60 (0x00006835) c.lui   a6, 0xd
core   0: 3 0x80009c60 (0x6835) x16 0x0000d000
core   0: 0x80009c62 (0x00c9e8b3) or      a7, s3, a2
core   0: 3 0x80009c62 (0x00c9e8b3) x17 0xffffffff
core   0: 0x80009c66 (0x03410563) beq     sp, s4, pc + 42
core   0: 3 0x80009c66 (0x03410563)
core   0: 0x80009c6a (0x40dfd393) srai    t2, t6, 13
core   0: 3 0x80009c6a (0x40dfd393) x 7 0x00000000
core   0: 0x80009c6e (0x2ecd87b7) lui     a5, 0x2ecd8
core   0: 3 0x80009c6e (0x2ecd87b7) x15 0x2ecd8000
core   0: 0x80009c72 (0x00485733) srl     a4, a6, tp
core   0: 3 0x80009c72 (0x00485733) x14 0x0000d000
core   0: 0x80009c76 (0x00004f11) c.li    t5, 4
core   0: 3 0x80009c76 (0x4f11) x30 0x00000004
core   0: 0x80009c78 (0x0000100f) fence.i
core   0: 3 0x80009c78 (0x0000100f)
core   0: 0x80009c7c (0x00000001) c.nop
core   0: 3 0x80009c7c (0x0001)
core   0: 0x80009c7e (0x004fd133) srl     sp, t6, tp
core   0: 3 0x80009c7e (0x004fd133) x 2 0x00000001
core   0: 0x80009c82 (0x00000001) c.nop
core   0: 3 0x80009c82 (0x0001)
core   0: 0x80009c84 (0x03d74ab3) div     s5, a4, t4
core   0: 3 0x80009c84 (0x03d74ab3) x21 0x00000000
core   0: 0x80009c88 (0xb8457293) andi    t0, a0, -1148
core   0: 3 0x80009c88 (0xb8457293) x 5 0x80022a04
core   0: 0x80009c8c (0x02310463) beq     sp, gp, pc + 40
core   0: 3 0x80009c8c (0x02310463)
core   0: 0x80009c90 (0x41360eb3) sub     t4, a2, s3
core   0: 3 0x80009c90 (0x41360eb3) x29 0x226fffff
core   0: 0x80009c94 (0x00008489) c.srai  s1, 2
core   0: 3 0x80009c94 (0x8489) x 9 0xf10ba707
core   0: 0x80009c96 (0x40773013) sltiu   zero, a4, 1031
core   0: 3 0x80009c96 (0x40773013)
core   0: 0x80009c9a (0x0000042e) c.slli  s0, 11
core   0: 3 0x80009c9a (0x042e) x 8 0x0003f800
core   0: 0x80009c9c (0x00008cb5) c.xor   s1, a3
core   0: 3 0x80009c9c (0x8cb5) x 9 0x0ef458e7
core   0: 0x80009c9e (0x41195d93) srai    s11, s2, 17
core   0: 3 0x80009c9e (0x41195d93) x27 0xffffffff
core   0: 0x80009ca2 (0x4122d333) sra     t1, t0, s2
core   0: 3 0x80009ca2 (0x4122d333) x 6 0xffffffff
core   0: 0x80009ca6 (0x00000001) c.nop
core   0: 3 0x80009ca6 (0x0001)
core   0: 0x80009ca8 (0x00008e11) c.sub   a2, a2
core   0: 3 0x80009ca8 (0x8e11) x12 0x00000000
core   0: 0x80009caa (0xfd4c8713) addi    a4, s9, -44
core   0: 3 0x80009caa (0xfd4c8713) x14 0xffffffd4
core   0: 0x80009cae (0x009ca2b3) slt     t0, s9, s1
core   0: 3 0x80009cae (0x009ca2b3) x 5 0x00000001
core   0: 0x80009cb2 (0x00008f31) c.xor   a4, a2
core   0: 3 0x80009cb2 (0x8f31) x14 0xffffffd4
core   0: 0x80009cb4 (0x414b8133) sub     sp, s7, s4
core   0: 3 0x80009cb4 (0x414b8133) x 2 0xffffffe0
core   0: 0x80009cb8 (0x00861b33) sll     s6, a2, s0
core   0: 3 0x80009cb8 (0x00861b33) x22 0x00000000
core   0: 0x80009cbc (0xc2a89a17) auipc   s4, 0xc2a89
core   0: 3 0x80009cbc (0xc2a89a17) x20 0x42a92cbc
core   0: 0x80009cc0 (0x036e7433) remu    s0, t3, s6
core   0: 3 0x80009cc0 (0x036e7433) x 8 0xffffffff
core   0: 0x80009cc4 (0x017b5763) bge     s6, s7, pc + 14
core   0: 3 0x80009cc4 (0x017b5763)
core   0: 0x80009cd2 (0x00008c95) c.sub   s1, a3
core   0: 3 0x80009cd2 (0x8c95) x 9 0x0ef45907
core   0: 0x80009cd4 (0x00000165) c.addi  sp, 25
core   0: 3 0x80009cd4 (0x0165) x 2 0xfffffff9
core   0: 0x80009cd6 (0x00008f31) c.xor   a4, a2
core   0: 3 0x80009cd6 (0x8f31) x14 0xffffffd4
core   0: 0x80009cd8 (0x01bd26b3) slt     a3, s10, s11
core   0: 3 0x80009cd8 (0x01bd26b3) x13 0x00000000
core   0: 0x80009cdc (0x0000717d) c.addi16sp sp, -16
core   0: 3 0x80009cdc (0x717d) x 2 0xffffffe9
core   0: 0x80009cde (0x000060c1) c.lui   ra, 0x10
core   0: 3 0x80009cde (0x60c1) x 1 0x00010000
core   0: 0x80009ce0 (0x00000001) c.nop
core   0: 3 0x80009ce0 (0x0001)
core   0: 0x80009ce2 (0x2058cd13) xori    s10, a7, 517
core   0: 3 0x80009ce2 (0x2058cd13) x26 0xfffffdfa
core   0: 0x80009ce6 (0x001ddf63) bge     s11, ra, pc + 30
core   0: 3 0x80009ce6 (0x001ddf63)
core   0: 0x80009cea (0x00e07733) and     a4, zero, a4
core   0: 3 0x80009cea (0x00e07733) x14 0x00000000
core   0: 0x80009cee (0x00300d63) beq     zero, gp, pc + 26
core   0: 3 0x80009cee (0x00300d63)
core   0: 0x80009cf2 (0x00005efd) c.li    t4, -1
core   0: 3 0x80009cf2 (0x5efd) x29 0xffffffff
core   0: 0x80009cf4 (0x023fa4b3) mulhsu  s1, t6, gp
core   0: 3 0x80009cf4 (0x023fa4b3) x 9 0x00000000
core   0: 0x80009cf8 (0x013062b3) or      t0, zero, s3
core   0: 3 0x80009cf8 (0x013062b3) x 5 0xdd900000
core   0: 0x80009cfc (0xc38567b7) lui     a5, 0xc3856
core   0: 3 0x80009cfc (0xc38567b7) x15 0xc3856000
core   0: 0x80009d00 (0x035a7863) bgeu    s4, s5, pc + 48
core   0: 3 0x80009d00 (0x035a7863)
core   0: 0x80009d30 (0x00008029) c.srli  s0, 10
core   0: 3 0x80009d30 (0x8029) x 8 0x003fffff
core   0: 0x80009d32 (0x00004289) c.li    t0, 2
core   0: 3 0x80009d32 (0x4289) x 5 0x00000002
core   0: 0x80009d34 (0x036908b3) mul     a7, s2, s6
core   0: 3 0x80009d34 (0x036908b3) x17 0x00000000
core   0: 0x80009d38 (0xff94b937) lui     s2, 0xff94b
core   0: 3 0x80009d38 (0xff94b937) x18 0xff94b000
core   0: 0x80009d3c (0x405c8033) sub     zero, s9, t0
core   0: 3 0x80009d3c (0x405c8033)
core   0: 0x80009d40 (0x00004119) c.li    sp, 6
core   0: 3 0x80009d40 (0x4119) x 2 0x00000006
core   0: 0x80009d42 (0x00008f6d) c.and   a4, a1
core   0: 3 0x80009d42 (0x8f6d) x14 0x00000000
core   0: 0x80009d44 (0x00741993) slli    s3, s0, 7
core   0: 3 0x80009d44 (0x00741993) x19 0x1fffff80
core   0: 0x80009d48 (0x41905b93) srai    s7, zero, 25
core   0: 3 0x80009d48 (0x41905b93) x23 0x00000000
core   0: 0x80009d4c (0x01b527b3) slt     a5, a0, s11
core   0: 3 0x80009d4c (0x01b527b3) x15 0x00000001
core   0: 0x80009d50 (0x01c267b3) or      a5, tp, t3
core   0: 3 0x80009d50 (0x01c267b3) x15 0xffffffff
core   0: 0x80009d54 (0x00008379) c.srli  a4, 30
core   0: 3 0x80009d54 (0x8379) x14 0x00000000
core   0: 0x80009d56 (0x0396fc33) remu    s8, a3, s9
core   0: 3 0x80009d56 (0x0396fc33) x24 0x00000000
core   0: 0x80009d5a (0x416888b3) sub     a7, a7, s6
core   0: 3 0x80009d5a (0x416888b3) x17 0x00000000
core   0: 0x80009d5e (0x01531e63) bne     t1, s5, pc + 28
core   0: 3 0x80009d5e (0x01531e63)
core   0: 0x80009d7a (0x000086e5) c.srai  a3, 25
core   0: 3 0x80009d7a (0x86e5) x13 0x00000000
core   0: 0x80009d7c (0x00008c55) c.or    s0, a3
core   0: 3 0x80009d7c (0x8c55) x 8 0x003fffff
core   0: 0x80009d7e (0x026411b3) mulh    gp, s0, t1
core   0: 3 0x80009d7e (0x026411b3) x 3 0xffffffff
core   0: 0x80009d82 (0x40675833) sra     a6, a4, t1
core   0: 3 0x80009d82 (0x40675833) x16 0x00000000
core   0: 0x80009d86 (0x01fbd833) srl     a6, s7, t6
core   0: 3 0x80009d86 (0x01fbd833) x16 0x00000000
core   0: 0x80009d8a (0x00008f0d) c.sub   a4, a1
core   0: 3 0x80009d8a (0x8f0d) x14 0x7ffd931c
core   0: 0x80009d8c (0x00f41bb3) sll     s7, s0, a5
core   0: 3 0x80009d8c (0x00f41bb3) x23 0x80000000
core   0: 0x80009d90 (0x00a624b3) slt     s1, a2, a0
core   0: 3 0x80009d90 (0x00a624b3) x 9 0x00000000
core   0: 0x80009d94 (0x00008c89) c.sub   s1, a0
core   0: 3 0x80009d94 (0x8c89) x 9 0x7ffdd1cc
core   0: 0x80009d96 (0x000006e9) c.addi  a3, 26
core   0: 3 0x80009d96 (0x06e9) x13 0x0000001a
core   0: 0x80009d98 (0x2e7ab093) sltiu   ra, s5, 743
core   0: 3 0x80009d98 (0x2e7ab093) x 1 0x00000001
core   0: 0x80009d9c (0x00008b29) c.andi  a4, 10
core   0: 3 0x80009d9c (0x8b29) x14 0x00000008
core   0: 0x80009d9e (0x0198df93) srli    t6, a7, 25
core   0: 3 0x80009d9e (0x0198df93) x31 0x00000000
core   0: 0x80009da2 (0x00008c59) c.or    s0, a4
core   0: 3 0x80009da2 (0x8c59) x 8 0x003fffff
core   0: 0x80009da4 (0x00008011) c.srli  s0, 4
core   0: 3 0x80009da4 (0x8011) x 8 0x0003ffff
core   0: 0x80009da6 (0x00000001) c.nop
core   0: 3 0x80009da6 (0x0001)
core   0: 0x80009da8 (0x01d27c33) and     s8, tp, t4
core   0: 3 0x80009da8 (0x01d27c33) x24 0x00000000
core   0: 0x80009dac (0x00000001) c.nop
core   0: 3 0x80009dac (0x0001)
core   0: 0x80009dae (0x00000001) c.nop
core   0: 3 0x80009dae (0x0001)
core   0: 0x80009db0 (0x00004d71) c.li    s10, 28
core   0: 3 0x80009db0 (0x4d71) x26 0x0000001c
core   0: 0x80009db2 (0x01008f63) beq     ra, a6, pc + 30
core   0: 3 0x80009db2 (0x01008f63)
core   0: 0x80009db6 (0x024eec33) rem     s8, t4, tp
core   0: 3 0x80009db6 (0x024eec33) x24 0xffffffff
core   0: 0x80009dba (0x00008e49) c.or    a2, a0
core   0: 3 0x80009dba (0x8e49) x12 0x80022e34
core   0: 0x80009dbc (0x00008a46) c.mv    s4, a7
core   0: 3 0x80009dbc (0x8a46) x20 0x00000000
core   0: 0x80009dbe (0x03bea6b3) mulhsu  a3, t4, s11
core   0: 3 0x80009dbe (0x03bea6b3) x13 0xffffffff
core   0: 0x80009dc2 (0x26f72f93) slti    t6, a4, 623
core   0: 3 0x80009dc2 (0x26f72f93) x31 0x00000001
core   0: 0x80009dc6 (0x923e3993) sltiu   s3, t3, -1757
core   0: 3 0x80009dc6 (0x923e3993) x19 0x00000000
core   0: 0x80009dca (0x02359033) mulh    zero, a1, gp
core   0: 3 0x80009dca (0x02359033)
core   0: 0x80009dce (0x0000717d) c.addi16sp sp, -16
core   0: 3 0x80009dce (0x717d) x 2 0xfffffff6
core   0: 0x80009dd0 (0x00001c7d) c.addi  s8, -1
core   0: 3 0x80009dd0 (0x1c7d) x24 0xfffffffe
core   0: 0x80009dd2 (0xa2842117) auipc   sp, 0xa2842
core   0: 3 0x80009dd2 (0xa2842117) x 2 0x2284bdd2
core   0: 0x80009dd6 (0xa1b49fb7) lui     t6, 0xa1b49
core   0: 3 0x80009dd6 (0xa1b49fb7) x31 0xa1b49000
core   0: 0x80009dda (0x00452283) lw      t0, 4(a0)
core   0: 3 0x80009dda (0x00452283) x 5 0x8000a3ae mem 0x80022e38
core   0: 0x80009dde (0x00000fb1) c.addi  t6, 12
core   0: 3 0x80009dde (0x0fb1) x31 0xa1b4900c
core   0: 0x80009de0 (0x01985f93) srli    t6, a6, 25
core   0: 3 0x80009de0 (0x01985f93) x31 0x00000000
core   0: 0x80009de4 (0x02450513) addi    a0, a0, 36
core   0: 3 0x80009de4 (0x02450513) x10 0x80022e58
core   0: 0x80009de8 (0x006e4133) xor     sp, t3, t1
core   0: 3 0x80009de8 (0x006e4133) x 2 0x00000000
core   0: 0x80009dec (0x0a731337) lui     t1, 0xa731
core   0: 3 0x80009dec (0x0a731337) x 6 0x0a731000
core   0: 0x80009df0 (0x00008f61) c.and   a4, s0
core   0: 3 0x80009df0 (0x8f61) x14 0x00000008
core   0: 0x80009df2 (0x0000197d) c.addi  s2, -1
core   0: 3 0x80009df2 (0x197d) x18 0xff94afff
core   0: 0x80009df4 (0x00028813) mv      a6, t0
core   0: 3 0x80009df4 (0x00028813) x16 0x8000a3ae
core   0: 0x80009df8 (0x00008802) c.jr    a6
core   0: 3 0x80009df8 (0x8802)
core   0: 0x8000a3ae (0x00514ab3) xor     s5, sp, t0
core   0: 3 0x8000a3ae (0x00514ab3) x21 0x8000a3ae
core   0: 0x8000a3b2 (0x02158b33) mul     s6, a1, ra
core   0: 3 0x8000a3b2 (0x02158b33) x22 0x80026ce4
core   0: 0x8000a3b6 (0x0ff0000f) fence   iorw,iorw
core   0: 3 0x8000a3b6 (0x0ff0000f)
core   0: 0x8000a3ba (0x004a0633) add     a2, s4, tp
core   0: 3 0x8000a3ba (0x004a0633) x12 0x00000000
core   0: 0x8000a3be (0x416b0e33) sub     t3, s6, s6
core   0: 3 0x8000a3be (0x416b0e33) x28 0x00000000
core   0: 0x8000a3c2 (0x00000118) c.addi4spn a4, sp, 128
core   0: 3 0x8000a3c2 (0x0118) x14 0x00000080
core   0: 0x8000a3c4 (0x7d97d9b7) lui     s3, 0x7d97d
core   0: 3 0x8000a3c4 (0x7d97d9b7) x19 0x7d97d000
core   0: 0x8000a3c8 (0x00008c0d) c.sub   s0, a1
core   0: 3 0x8000a3c8 (0x8c0d) x 8 0x8001931b
core   0: 0x8000a3ca (0x77c4a893) slti    a7, s1, 1916
core   0: 3 0x8000a3ca (0x77c4a893) x17 0x00000000
core   0: 0x8000a3ce (0x01c88133) add     sp, a7, t3
core   0: 3 0x8000a3ce (0x01c88133) x 2 0x00000000
core   0: 0x8000a3d2 (0x000080f5) c.srli  s1, 29
core   0: 3 0x8000a3d2 (0x80f5) x 9 0x00000003
core   0: 0x8000a3d4 (0x4a3c8713) addi    a4, s9, 1187
core   0: 3 0x8000a3d4 (0x4a3c8713) x14 0x000004a3
core   0: 0x8000a3d8 (0x00452283) lw      t0, 4(a0)
core   0: 3 0x8000a3d8 (0x00452283) x 5 0x80006664 mem 0x80022e5c
core   0: 0x8000a3dc (0x41bbddb3) sra     s11, s7, s11
core   0: 3 0x8000a3dc (0x41bbddb3) x27 0xffffffff
core   0: 0x8000a3e0 (0x00008c61) c.and   s0, s0
core   0: 3 0x8000a3e0 (0x8c61) x 8 0x8001931b
core   0: 0x8000a3e2 (0x00000531) c.addi  a0, 12
core   0: 3 0x8000a3e2 (0x0531) x10 0x80022e64
core   0: 0x8000a3e4 (0xd5483493) sltiu   s1, a6, -684
core   0: 3 0x8000a3e4 (0xd5483493) x 9 0x00000001
core   0: 0x8000a3e8 (0x00128c93) addi    s9, t0, 1
core   0: 3 0x8000a3e8 (0x00128c93) x25 0x80006665
core   0: 0x8000a3ec (0x000c8ce7) jalr    s9, s9, 0
core   0: 3 0x8000a3ec (0x000c8ce7) x25 0x8000a3f0
core   0: 0x80006664 (0x0249a8b3) mulhsu  a7, s3, tp
core   0: 3 0x80006664 (0x0249a8b3) x17 0x00000000
core   0: 0x80006668 (0x0000100f) fence.i
core   0: 3 0x80006668 (0x0000100f)
core   0: 0x8000666c (0x0000100f) fence.i
core   0: 3 0x8000666c (0x0000100f)
core   0: 0x80006670 (0x000001ce) c.slli  gp, 19
core   0: 3 0x80006670 (0x01ce) x 3 0xfff80000
core   0: 0x80006672 (0x00005afd) c.li    s5, -1
core   0: 3 0x80006672 (0x5afd) x21 0xffffffff
core   0: 0x80006674 (0x000083dd) c.srli  a5, 23
core   0: 3 0x80006674 (0x83dd) x15 0x000001ff
core   0: 0x80006676 (0x00000001) c.nop
core   0: 3 0x80006676 (0x0001)
core   0: 0x80006678 (0x99027e13) andi    t3, tp, -1648
core   0: 3 0x80006678 (0x99027e13) x28 0x00000000
core   0: 0x8000667c (0x0535f263) bgeu    a1, s3, pc + 68
core   0: 3 0x8000667c (0x0535f263)
core   0: 0x800066c0 (0x01a50cb3) add     s9, a0, s10
core   0: 3 0x800066c0 (0x01a50cb3) x25 0x80022e80
core   0: 0x800066c4 (0x413d54b3) sra     s1, s10, s3
core   0: 3 0x800066c4 (0x413d54b3) x 9 0x0000001c
core   0: 0x800066c8 (0x00000bfe) c.slli  s7, 31
core   0: 3 0x800066c8 (0x0bfe) x23 0x00000000
core   0: 0x800066ca (0x2917a493) slti    s1, a5, 657
core   0: 3 0x800066ca (0x2917a493) x 9 0x00000001
core   0: 0x800066ce (0x0171a3b3) slt     t2, gp, s7
core   0: 3 0x800066ce (0x0171a3b3) x 7 0x00000001
core   0: 0x800066d2 (0x1a134c13) xori    s8, t1, 417
core   0: 3 0x800066d2 (0x1a134c13) x24 0x0a7311a1
core   0: 0x800066d6 (0x00c4bcb3) sltu    s9, s1, a2
core   0: 3 0x800066d6 (0x00c4bcb3) x25 0x00000000
core   0: 0x800066da (0x0ff0000f) fence   iorw,iorw
core   0: 3 0x800066da (0x0ff0000f)
core   0: 0x800066de (0x0000ec85) c.bnez  s1, pc + 56
core   0: 3 0x800066de (0xec85)
core   0: 0x80006716 (0x00bb7c33) and     s8, s6, a1
core   0: 3 0x80006716 (0x00bb7c33) x24 0x80026ce4
core   0: 0x8000671a (0xa5befb37) lui     s6, 0xa5bef
core   0: 3 0x8000671a (0xa5befb37) x22 0xa5bef000
core   0: 0x8000671e (0x00000e8a) c.slli  t4, 2
core   0: 3 0x8000671e (0x0e8a) x29 0xfffffffc
core   0: 0x80006720 (0x00008e19) c.sub   a2, a4
core   0: 3 0x80006720 (0x8e19) x12 0xfffffb5d
core   0: 0x80006722 (0x00000001) c.nop
core   0: 3 0x80006722 (0x0001)
core   0: 0x80006724 (0x03dd84b3) mul     s1, s11, t4
core   0: 3 0x80006724 (0x03dd84b3) x 9 0x00000004
core   0: 0x80006728 (0x1fff3113) sltiu   sp, t5, 511
core   0: 3 0x80006728 (0x1fff3113) x 2 0x00000001
core   0: 0x8000672c (0x410b0133) sub     sp, s6, a6
core   0: 3 0x8000672c (0x410b0133) x 2 0x25be4c52
core   0: 0x80006730 (0x0000717d) c.addi16sp sp, -16
core   0: 3 0x80006730 (0x717d) x 2 0x25be4c42
core   0: 0x80006732 (0xd2792813) slti    a6, s2, -729
core   0: 3 0x80006732 (0xd2792813) x16 0x00000001
core   0: 0x80006736 (0x0ff0000f) fence   iorw,iorw
core   0: 3 0x80006736 (0x0ff0000f)
core   0: 0x8000673a (0x023e28b3) mulhsu  a7, t3, gp
core   0: 3 0x8000673a (0x023e28b3) x17 0x00000000
core   0: 0x8000673e (0x00008fe1) c.and   a5, s0
core   0: 3 0x8000673e (0x8fe1) x15 0x0000011b
core   0: 0x80006740 (0x01853a33) sltu    s4, a0, s8
core   0: 3 0x80006740 (0x01853a33) x20 0x00000001
core   0: 0x80006744 (0x01639113) slli    sp, t2, 22
core   0: 3 0x80006744 (0x01639113) x 2 0x00400000
core   0: 0x80006748 (0x0204ca33) div     s4, s1, zero
core   0: 3 0x80006748 (0x0204ca33) x20 0xffffffff
core   0: 0x8000674c (0x401ed493) srai    s1, t4, 1
core   0: 3 0x8000674c (0x401ed493) x 9 0xfffffffe
core   0: 0x80006750 (0x0026fcb3) and     s9, a3, sp
core   0: 3 0x80006750 (0x0026fcb3) x25 0x00400000
core   0: 0x80006754 (0x000004fe) c.slli  s1, 31
core   0: 3 0x80006754 (0x04fe) x 9 0x00000000
core   0: 0x80006756 (0x00008fed) c.and   a5, a1
core   0: 3 0x80006756 (0x8fed) x15 0x00000000
core   0: 0x80006758 (0x00008cdd) c.or    s1, a5
core   0: 3 0x80006758 (0x8cdd) x 9 0x00000000
core   0: 0x8000675a (0x004d5863) bge     s10, tp, pc + 16
core   0: 3 0x8000675a (0x004d5863)
core   0: 0x8000676a (0x0000647d) c.lui   s0, 0x1f
core   0: 3 0x8000676a (0x647d) x 8 0x0001f000
core   0: 0x8000676c (0x00c35913) srli    s2, t1, 12
core   0: 3 0x8000676c (0x00c35913) x18 0x0000a731
core   0: 0x80006770 (0x02f329b3) mulhsu  s3, t1, a5
core   0: 3 0x80006770 (0x02f329b3) x19 0x00000000
core   0: 0x80006774 (0x03cdb933) mulhu   s2, s11, t3
core   0: 3 0x80006774 (0x03cdb933) x18 0x00000000
core   0: 0x80006778 (0x009d5913) srli    s2, s10, 9
core   0: 3 0x80006778 (0x009d5913) x18 0x00000000
core   0: 0x8000677c (0x0ff0000f) fence   iorw,iorw
core   0: 3 0x8000677c (0x0ff0000f)
core   0: 0x80006780 (0x0ff1f3b7) lui     t2, 0xff1f
core   0: 3 0x80006780 (0x0ff1f3b7) x 7 0x0ff1f000
core   0: 0x80006784 (0x03b17063) bgeu    sp, s11, pc + 32
core   0: 3 0x80006784 (0x03b17063)
core   0: 0x80006788 (0x0000c3b1) c.beqz  a5, pc + 68
core   0: 3 0x80006788 (0xc3b1)
core   0: 0x800067cc (0x01ca5b13) srli    s6, s4, 28
core   0: 3 0x800067cc (0x01ca5b13) x22 0x0000000f
core   0: 0x800067d0 (0x0127e4b3) or      s1, a5, s2
core   0: 3 0x800067d0 (0x0127e4b3) x 9 0x00000000
core   0: 0x800067d4 (0xb25cb493) sltiu   s1, s9, -1243
core   0: 3 0x800067d4 (0xb25cb493) x 9 0x00000001
core   0: 0x800067d8 (0x0000834e) c.mv    t1, s3
core   0: 3 0x800067d8 (0x834e) x 6 0x00000000
core   0: 0x800067da (0x00006cc9) c.lui   s9, 0x12
core   0: 3 0x800067da (0x6cc9) x25 0x00012000
core   0: 0x800067dc (0x00a962b3) or      t0, s2, a0
core   0: 3 0x800067dc (0x00a962b3) x 5 0x80022e64
core   0: 0x800067e0 (0xc6337693) andi    a3, t1, -925
core   0: 3 0x800067e0 (0xc6337693) x13 0x00000000
core   0: 0x800067e4 (0x00008e19) c.sub   a2, a4
core   0: 3 0x800067e4 (0x8e19) x12 0xfffff6ba
core   0: 0x800067e6 (0x01ea8e63) beq     s5, t5, pc + 28
core   0: 3 0x800067e6 (0x01ea8e63)
core   0: 0x800067ea (0x00000001) c.nop
core   0: 3 0x800067ea (0x0001)
core   0: 0x800067ec (0x03e3ed33) rem     s10, t2, t5
core   0: 3 0x800067ec (0x03e3ed33) x26 0x00000000
core   0: 0x800067f0 (0x039a4d33) div     s10, s4, s9
core   0: 3 0x800067f0 (0x039a4d33) x26 0x00000000
core   0: 0x800067f4 (0x4038df13) srai    t5, a7, 3
core   0: 3 0x800067f4 (0x4038df13) x30 0x00000000
core   0: 0x800067f8 (0x01372b33) slt     s6, a4, s3
core   0: 3 0x800067f8 (0x01372b33) x22 0x00000000
core   0: 0x800067fc (0x0269e633) rem     a2, s3, t1
core   0: 3 0x800067fc (0x0269e633) x12 0x00000000
core   0: 0x80006800 (0x00008ca9) c.xor   s1, a0
core   0: 3 0x80006800 (0x8ca9) x 9 0x80022e65
core   0: 0x80006802 (0x4116d713) srai    a4, a3, 17
core   0: 3 0x80006802 (0x4116d713) x14 0x00000000
core   0: 0x80006806 (0x01878433) add     s0, a5, s8
core   0: 3 0x80006806 (0x01878433) x 8 0x80026ce4
core   0: 0x8000680a (0x01ee7633) and     a2, t3, t5
core   0: 3 0x8000680a (0x01ee7633) x12 0x00000000
core   0: 0x8000680e (0x00000001) c.nop
core   0: 3 0x8000680e (0x0001)
core   0: 0x80006810 (0x4151b093) sltiu   ra, gp, 1045
core   0: 3 0x80006810 (0x4151b093) x 1 0x00000000
core   0: 0x80006814 (0x000088c9) c.andi  s1, 18
core   0: 3 0x80006814 (0x88c9) x 9 0x00000000
core   0: 0x80006816 (0x00000001) c.nop
core   0: 3 0x80006816 (0x0001)
core   0: 0x80006818 (0x3b39a293) slti    t0, s3, 947
core   0: 3 0x80006818 (0x3b39a293) x 5 0x00000001
core   0: 0x8000681c (0x0ff0000f) fence   iorw,iorw
core   0: 3 0x8000681c (0x0ff0000f)
core   0: 0x80006820 (0x03487163) bgeu    a6, s4, pc + 34
core   0: 3 0x80006820 (0x03487163)
core   0: 0x80006824 (0x0000c495) c.beqz  s1, pc + 44
core   0: 3 0x80006824 (0xc495)
core   0: 0x80006850 (0x000010fd) c.addi  ra, -1
core   0: 3 0x80006850 (0x10fd) x 1 0xffffffff
core   0: 0x80006852 (0x0000614d) c.addi16sp sp, 176
core   0: 3 0x80006852 (0x614d) x 2 0x004000b0
core   0: 0x80006854 (0x006c94b3) sll     s1, s9, t1
core   0: 3 0x80006854 (0x006c94b3) x 9 0x00012000
core   0: 0x80006858 (0x00008cb9) c.xor   s1, a4
core   0: 3 0x80006858 (0x8cb9) x 9 0x00012000
core   0: 0x8000685a (0x89e72393) slti    t2, a4, -1890
core   0: 3 0x8000685a (0x89e72393) x 7 0x00000000
core   0: 0x8000685e (0x00000106) c.slli  sp, 1
core   0: 3 0x8000685e (0x0106) x 2 0x00800160
core   0: 0x80006860 (0x0093f263) bgeu    t2, s1, pc + 4
core   0: 3 0x80006860 (0x0093f263)
core   0: 0x80006864 (0x0000717d) c.addi16sp sp, -16
core   0: 3 0x80006864 (0x717d) x 2 0x00800150
core   0: 0x80006866 (0xd4838493) addi    s1, t2, -696
core   0: 3 0x80006866 (0xd4838493) x 9 0xfffffd48
core   0: 0x8000686a (0x0000100f) fence.i
core   0: 3 0x8000686a (0x0000100f)
core   0: 0x8000686e (0x01200363) beq     zero, s2, pc + 6
core   0: 3 0x8000686e (0x01200363)
core   0: 0x80006874 (0x0216f433) remu    s0, a3, ra
core   0: 3 0x80006874 (0x0216f433) x 8 0x00000000
core   0: 0x80006878 (0x011c9013) slli    zero, s9, 17
core   0: 3 0x80006878 (0x011c9013)
core   0: 0x8000687c (0x05fd1163) bne     s10, t6, pc + 66
core   0: 3 0x8000687c (0x05fd1163)
core   0: 0x80006880 (0x8bb00413) li      s0, -1861
core   0: 3 0x80006880 (0x8bb00413) x 8 0xfffff8bb
core   0: 0x80006884 (0x0066dc33) srl     s8, a3, t1
core   0: 3 0x80006884 (0x0066dc33) x24 0x00000000
core   0: 0x80006888 (0x02622bb3) mulhsu  s7, tp, t1
core   0: 3 0x80006888 (0x02622bb3) x23 0x00000000
core   0: 0x8000688c (0x288d2713) slti    a4, s10, 648
core   0: 3 0x8000688c (0x288d2713) x14 0x00000001
core   0: 0x80006890 (0x00008aed) c.andi  a3, 27
core   0: 3 0x80006890 (0x8aed) x13 0x00000000
core   0: 0x80006892 (0x406a6e93) ori     t4, s4, 1030
core   0: 3 0x80006892 (0x406a6e93) x29 0xffffffff
core   0: 0x80006896 (0x02acaeb3) mulhsu  t4, s9, a0
core   0: 3 0x80006896 (0x02acaeb3) x29 0x00009002
core   0: 0x8000689a (0x01875e33) srl     t3, a4, s8
core   0: 3 0x8000689a (0x01875e33) x28 0x00000001
core   0: 0x8000689e (0x00006161) c.addi16sp sp, 80
core   0: 3 0x8000689e (0x6161) x 2 0x008001a0
core   0: 0x800068a0 (0x02ddc833) div     a6, s11, a3
core   0: 3 0x800068a0 (0x02ddc833) x16 0xffffffff
core   0: 0x800068a4 (0x0000e019) c.bnez  s0, pc + 6
core   0: 3 0x800068a4 (0xe019)
core   0: 0x800068aa (0x00009e22) c.add   t3, s0
core   0: 3 0x800068aa (0x9e22) x28 0xfffff8bc
core   0: 0x800068ac (0x00aada63) bge     s5, a0, pc + 20
core   0: 3 0x800068ac (0x00aada63)
core   0: 0x800068c0 (0x00000094) c.addi4spn a3, sp, 64
core   0: 3 0x800068c0 (0x0094) x13 0x008001e0
core   0: 0x800068c2 (0x00000001) c.nop
core   0: 3 0x800068c2 (0x0001)
core   0: 0x800068c4 (0x00001f98) c.addi4spn a4, sp, 1008
core   0: 3 0x800068c4 (0x1f98) x14 0x00800590
core   0: 0x800068c6 (0x031b8d63) beq     s7, a7, pc + 58
core   0: 3 0x800068c6 (0x031b8d63)
core   0: 0x80006900 (0x00008fe5) c.and   a5, s1
core   0: 3 0x80006900 (0x8fe5) x15 0x00000000
core   0: 0x80006902 (0xb3c61817) auipc   a6, 0xb3c61
core   0: 3 0x80006902 (0xb3c61817) x16 0x33c67902
core   0: 0x80006906 (0x01495b93) srli    s7, s2, 20
core   0: 3 0x80006906 (0x01495b93) x23 0x00000000
core   0: 0x8000690a (0x51d02a97) auipc   s5, 0x51d02
core   0: 3 0x8000690a (0x51d02a97) x21 0xd1d0890a
core   0: 0x8000690e (0x0000187d) c.addi  a6, -1
core   0: 3 0x8000690e (0x187d) x16 0x33c67901
core   0: 0x80006910 (0x01ae54b3) srl     s1, t3, s10
core   0: 3 0x80006910 (0x01ae54b3) x 9 0xfffff8bc
core   0: 0x80006914 (0xf057bd13) sltiu   s10, a5, -251
core   0: 3 0x80006914 (0xf057bd13) x26 0x00000001
core   0: 0x80006918 (0x00fcacb3) slt     s9, s9, a5
core   0: 3 0x80006918 (0x00fcacb3) x25 0x00000000
core   0: 0x8000691c (0x000066d1) c.lui   a3, 0x14
core   0: 3 0x8000691c (0x66d1) x13 0x00014000
core   0: 0x8000691e (0x004b1663) bne     s6, tp, pc + 12
core   0: 3 0x8000691e (0x004b1663)
core   0: 0x80006922 (0x01696f33) or      t5, s2, s6
core   0: 3 0x80006922 (0x01696f33) x30 0x00000000
core   0: 0x80006926 (0x40495633) sra     a2, s2, tp
core   0: 3 0x80006926 (0x40495633) x12 0x00000000
core   0: 0x8000692a (0x0ff0000f) fence   iorw,iorw
core   0: 3 0x8000692a (0x0ff0000f)
core   0: 0x8000692e (0x00008162) c.mv    sp, s8
core   0: 3 0x8000692e (0x8162) x 2 0x00000000
core   0: 0x80006930 (0x0000cb05) c.beqz  a4, pc + 48
core   0: 3 0x80006930 (0xcb05)
core   0: 0x80006932 (0x00009a7d) c.andi  a2, -1
core   0: 3 0x80006932 (0x9a7d) x12 0x00000000
core   0: 0x80006934 (0xec9e8c93) addi    s9, t4, -311
core   0: 3 0x80006934 (0xec9e8c93) x25 0x00008ecb
core   0: 0x80006938 (0x7e876793) ori     a5, a4, 2024
core   0: 3 0x80006938 (0x7e876793) x15 0x008007f8
core   0: 0x8000693c (0x00008679) c.srai  a2, 30
core   0: 3 0x8000693c (0x8679) x12 0x00000000
core   0: 0x8000693e (0x00008cf1) c.and   s1, a2
core   0: 3 0x8000693e (0x8cf1) x 9 0x00000000
core   0: 0x80006940 (0x0ff0000f) fence   iorw,iorw
core   0: 3 0x80006940 (0x0ff0000f)
core   0: 0x80006944 (0x00000e76) c.slli  t3, 29
core   0: 3 0x80006944 (0x0e76) x28 0x80000000
core   0: 0x80006946 (0x0075a433) slt     s0, a1, t2
core   0: 3 0x80006946 (0x0075a433) x 8 0x00000001
core   0: 0x8000694a (0x000084a9) c.srai  s1, 10
core   0: 3 0x8000694a (0x84a9) x 9 0x00000000
core   0: 0x8000694c (0x037d4cb3) div     s9, s10, s7
core   0: 3 0x8000694c (0x037d4cb3) x25 0xffffffff
core   0: 0x80006950 (0x0000915e) c.add   sp, s7
core   0: 3 0x80006950 (0x915e) x 2 0x00000000
core   0: 0x80006952 (0x021a5563) bge     s4, ra, pc + 42
core   0: 3 0x80006952 (0x021a5563)
core   0: 0x8000697c (0xadd50cb7) lui     s9, 0xadd50
core   0: 3 0x8000697c (0xadd50cb7) x25 0xadd50000
core   0: 0x80006980 (0x04f06263) bltu    zero, a5, pc + 68
core   0: 3 0x80006980 (0x04f06263)
core   0: 0x800069c4 (0x000001a2) c.slli  gp, 8
core   0: 3 0x800069c4 (0x01a2) x 3 0xf8000000
core   0: 0x800069c6 (0xa9370a93) addi    s5, a4, -1389
core   0: 3 0x800069c6 (0xa9370a93) x21 0x00800023
core   0: 0x800069ca (0x6fe47393) andi    t2, s0, 1790
core   0: 3 0x800069ca (0x6fe47393) x 7 0x00000000
core   0: 0x800069ce (0x40778eb3) sub     t4, a5, t2
core   0: 3 0x800069ce (0x40778eb3) x29 0x008007f8
core   0: 0x800069d2 (0x00006ae1) c.lui   s5, 0x18
core   0: 3 0x800069d2 (0x6ae1) x21 0x00018000
core   0: 0x800069d4 (0x00006895) c.lui   a7, 0x5
core   0: 3 0x800069d4 (0x6895) x17 0x00005000
core   0: 0x800069d6 (0x001b24b3) slt     s1, s6, ra
core   0: 3 0x800069d6 (0x001b24b3) x 9 0x00000000
core   0: 0x800069da (0x0000cf95) c.beqz  a5, pc + 60
core   0: 3 0x800069da (0xcf95)
core   0: 0x800069dc (0x02fb38b3) mulhu   a7, s6, a5
core   0: 3 0x800069dc (0x02fb38b3) x17 0x00000000
core   0: 0x800069e0 (0x00005afd) c.li    s5, -1
core   0: 3 0x800069e0 (0x5afd) x21 0xffffffff
core   0: 0x800069e2 (0x009ed3b3) srl     t2, t4, s1
core   0: 3 0x800069e2 (0x009ed3b3) x 7 0x008007f8
core   0: 0x800069e6 (0x00008d9e) c.mv    s11, t2
core   0: 3 0x800069e6 (0x8d9e) x27 0x008007f8
core   0: 0x800069e8 (0x01399bb3) sll     s7, s3, s3
core   0: 3 0x800069e8 (0x01399bb3) x23 0x00000000
core   0: 0x800069ec (0x00001204) c.addi4spn s1, sp, 288
core   0: 3 0x800069ec (0x1204) x 9 0x00000120
core   0: 0x800069ee (0x01c46433) or      s0, s0, t3
core   0: 3 0x800069ee (0x01c46433) x 8 0x80000001
core   0: 0x800069f2 (0x00000c91) c.addi  s9, 4
core   0: 3 0x800069f2 (0x0c91) x25 0xadd50004
core   0: 0x800069f4 (0x002d5cb3) srl     s9, s10, sp
core   0: 3 0x800069f4 (0x002d5cb3) x25 0x00000001
core   0: 0x800069f8 (0x0000c889) c.beqz  s1, pc + 18
core   0: 3 0x800069f8 (0xc889)
core   0: 0x800069fa (0x006e6363) bltu    t3, t1, pc + 6
core   0: 3 0x800069fa (0x006e6363)
core   0: 0x800069fe (0x000086fd) c.srai  a3, 31
core   0: 3 0x800069fe (0x86fd) x13 0x00000000
core   0: 0x80006a00 (0x000001d5) c.addi  gp, 21
core   0: 3 0x80006a00 (0x01d5) x 3 0xf8000015
core   0: 0x80006a02 (0x02adcb63) blt     s11, a0, pc + 54
core   0: 3 0x80006a02 (0x02adcb63)
core   0: 0x80006a06 (0x71b4a037) lui     zero, 0x71b4a
core   0: 3 0x80006a06 (0x71b4a037)
core   0: 0x80006a0a (0x0000100f) fence.i
core   0: 3 0x80006a0a (0x0000100f)
core   0: 0x80006a0e (0x00009afd) c.andi  a3, -1
core   0: 3 0x80006a0e (0x9afd) x13 0x00000000
core   0: 0x80006a10 (0x00008e11) c.sub   a2, a2
core   0: 3 0x80006a10 (0x8e11) x12 0x00000000
core   0: 0x80006a12 (0x014a59b3) srl     s3, s4, s4
core   0: 3 0x80006a12 (0x014a59b3) x19 0x00000001
core   0: 0x80006a16 (0x00008c49) c.or    s0, a0
core   0: 3 0x80006a16 (0x8c49) x 8 0x80022e65
core   0: 0x80006a18 (0x3154c113) xori    sp, s1, 789
core   0: 3 0x80006a18 (0x3154c113) x 2 0x00000235
core   0: 0x80006a1c (0x0255c733) div     a4, a1, t0
core   0: 3 0x80006a1c (0x0255c733) x14 0x80026ce4
core   0: 0x80006a20 (0x0183bc33) sltu    s8, t2, s8
core   0: 3 0x80006a20 (0x0183bc33) x24 0x00000000
core   0: 0x80006a24 (0x2cc87417) auipc   s0, 0x2cc87
core   0: 3 0x80006a24 (0x2cc87417) x 8 0xacc8da24
core   0: 0x80006a28 (0x0004d8b3) srl     a7, s1, zero
core   0: 3 0x80006a28 (0x0004d8b3) x17 0x00000120
core   0: 0x80006a2c (0x0000807d) c.srli  s0, 31
core   0: 3 0x80006a2c (0x807d) x 8 0x00000001
core   0: 0x80006a2e (0x02f4a1b3) mulhsu  gp, s1, a5
core   0: 3 0x80006a2e (0x02f4a1b3) x 3 0x00000000
core   0: 0x80006a32 (0x0000831e) c.mv    t1, t2
core   0: 3 0x80006a32 (0x831e) x 6 0x008007f8
core   0: 0x80006a34 (0x00009bd6) c.add   s7, s5
core   0: 3 0x80006a34 (0x9bd6) x23 0xffffffff
core   0: 0x80006a36 (0x00008f45) c.or    a4, s1
core   0: 3 0x80006a36 (0x8f45) x14 0x80026de4
core   0: 0x80006a38 (0x00000001) c.nop
core   0: 3 0x80006a38 (0x0001)
core   0: 0x80006a3a (0x00008639) c.srai  a2, 14
core   0: 3 0x80006a3a (0x8639) x12 0x00000000
core   0: 0x80006a3c (0x40ce5713) srai    a4, t3, 12
core   0: 3 0x80006a3c (0x40ce5713) x14 0xfff80000
core   0: 0x80006a40 (0xb61cc713) xori    a4, s9, -1183
core   0: 3 0x80006a40 (0xb61cc713) x14 0xfffffb60
core   0: 0x80006a44 (0x000003fa) c.slli  t2, 30
core   0: 3 0x80006a44 (0x03fa) x 7 0x00000000
core   0: 0x80006a46 (0x000019fd) c.addi  s3, -1
core   0: 3 0x80006a46 (0x19fd) x19 0x00000000
core   0: 0x80006a48 (0x00001784) c.addi4spn s1, sp, 992
core   0: 3 0x80006a48 (0x1784) x 9 0x00000615
core   0: 0x80006a4a (0x00000001) c.nop
core   0: 3 0x80006a4a (0x0001)
core   0: 0x80006a4c (0x00319b93) slli    s7, gp, 3
core   0: 3 0x80006a4c (0x00319b93) x23 0x00000000
core   0: 0x80006a50 (0x0000075d) c.addi  a4, 23
core   0: 3 0x80006a50 (0x075d) x14 0xfffffb77
core   0: 0x80006a52 (0x0341a133) mulhsu  sp, gp, s4
core   0: 3 0x80006a52 (0x0341a133) x 2 0x00000000
core   0: 0x80006a56 (0xb326ae13) slti    t3, a3, -1230
core   0: 3 0x80006a56 (0xb326ae13) x28 0x00000000
core   0: 0x80006a5a (0x0000c711) c.beqz  a4, pc + 12
core   0: 3 0x80006a5a (0xc711)
core   0: 0x80006a5c (0x00000001) c.nop
core   0: 3 0x80006a5c (0x0001)
core   0: 0x80006a5e (0x009300b3) add     ra, t1, s1
core   0: 3 0x80006a5e (0x009300b3) x 1 0x00800e0d
core   0: 0x80006a62 (0xf14b7393) andi    t2, s6, -236
core   0: 3 0x80006a62 (0xf14b7393) x 7 0x00000000
core   0: 0x80006a66 (0xe6b16413) ori     s0, sp, -405
core   0: 3 0x80006a66 (0xe6b16413) x 8 0xfffffe6b
core   0: 0x80006a6a (0x0000117d) c.addi  sp, -1
core   0: 3 0x80006a6a (0x117d) x 2 0xffffffff
core   0: 0x80006a6c (0x019461b3) or      gp, s0, s9
core   0: 3 0x80006a6c (0x019461b3) x 3 0xfffffe6b
core   0: 0x80006a70 (0x00000c9c) c.addi4spn a5, sp, 592
core   0: 3 0x80006a70 (0x0c9c) x15 0x0000024f
core   0: 0x80006a72 (0x00008f55) c.or    a4, a3
core   0: 3 0x80006a72 (0x8f55) x14 0xfffffb77
core   0: 0x80006a74 (0x00abc7b3) xor     a5, s7, a0
core   0: 3 0x80006a74 (0x00abc7b3) x15 0x80022e64
core   0: 0x80006a78 (0x44f96693) ori     a3, s2, 1103
core   0: 3 0x80006a78 (0x44f96693) x13 0x0000044f
core   0: 0x80006a7c (0x0000ca9d) c.beqz  a3, pc + 54
core   0: 3 0x80006a7c (0xca9d)
core   0: 0x80006a7e (0xa0d9bbb7) lui     s7, 0xa0d9b
core   0: 3 0x80006a7e (0xa0d9bbb7) x23 0xa0d9b000
core   0: 0x80006a82 (0x005a3733) sltu    a4, s4, t0
core   0: 3 0x80006a82 (0x005a3733) x14 0x00000000
core   0: 0x80006a86 (0x00ded663) bge     t4, a3, pc + 12
core   0: 3 0x80006a86 (0x00ded663)
core   0: 0x80006a92 (0x000062d1) c.lui   t0, 0x14
core   0: 3 0x80006a92 (0x62d1) x 5 0x00014000
core   0: 0x80006a94 (0x0100c3b3) xor     t2, ra, a6
core   0: 3 0x80006a94 (0x0100c3b3) x 7 0x3346770c
core   0: 0x80006a98 (0x00e97bb3) and     s7, s2, a4
core   0: 3 0x80006a98 (0x00e97bb3) x23 0x00000000
core   0: 0x80006a9c (0x0000717d) c.addi16sp sp, -16
core   0: 3 0x80006a9c (0x717d) x 2 0xffffffef
core   0: 0x80006a9e (0x00006179) c.addi16sp sp, 464
core   0: 3 0x80006a9e (0x6179) x 2 0x000001bf
core   0: 0x80006aa0 (0x004fda63) bge     t6, tp, pc + 20
core   0: 3 0x80006aa0 (0x004fda63)
core   0: 0x80006ab4 (0x03dadcb3) divu    s9, s5, t4
core   0: 3 0x80006ab4 (0x03dadcb3) x25 0x000001ff
core   0: 0x80006ab8 (0x00ec4f33) xor     t5, s8, a4
core   0: 3 0x80006ab8 (0x00ec4f33) x30 0x00000000
core   0: 0x80006abc (0x0238e433) rem     s0, a7, gp
core   0: 3 0x80006abc (0x0238e433) x 8 0x00000120
core   0: 0x80006ac0 (0x025426b3) mulhsu  a3, s0, t0
core   0: 3 0x80006ac0 (0x025426b3) x13 0x00000000
core   0: 0x80006ac4 (0xcf370013) addi    zero, a4, -781
core   0: 3 0x80006ac4 (0xcf370013)
core   0: 0x80006ac8 (0xeb049617) auipc   a2, 0xeb049
core   0: 3 0x80006ac8 (0xeb049617) x12 0x6b04fac8
core   0: 0x80006acc (0x03686163) bltu    a6, s6, pc + 34
core   0: 3 0x80006acc (0x03686163)
core   0: 0x80006ad0 (0x00139e33) sll     t3, t2, ra
core   0: 3 0x80006ad0 (0x00139e33) x28 0xcee18000
core   0: 0x80006ad4 (0x00008ac5) c.andi  a3, 17
core   0: 3 0x80006ad4 (0x8ac5) x13 0x00000000
core   0: 0x80006ad6 (0x00000e6a) c.slli  t3, 26
core   0: 3 0x80006ad6 (0x0e6a) x28 0x00000000
core   0: 0x80006ad8 (0x00008e55) c.or    a2, a3
core   0: 3 0x80006ad8 (0x8e55) x12 0x6b04fac8
core   0: 0x80006ada (0x44420393) addi    t2, tp, 1092
core   0: 3 0x80006ada (0x44420393) x 7 0x00000444
core   0: 0x80006ade (0x0050be33) sltu    t3, ra, t0
core   0: 3 0x80006ade (0x0050be33) x28 0x00000000
core   0: 0x80006ae2 (0x005911b3) sll     gp, s2, t0
core   0: 3 0x80006ae2 (0x005911b3) x 3 0x00000000
core   0: 0x80006ae6 (0x01f15fb3) srl     t6, sp, t6
core   0: 3 0x80006ae6 (0x01f15fb3) x31 0x000001bf
core   0: 0x80006aea (0x04ff4163) blt     t5, a5, pc + 66
core   0: 3 0x80006aea (0x04ff4163)
core   0: 0x80006aee (0x0bb06093) ori     ra, zero, 187
core   0: 3 0x80006aee (0x0bb06093) x 1 0x000000bb
core   0: 0x80006af2 (0x0364ff63) bgeu    s1, s6, pc + 62
core   0: 3 0x80006af2 (0x0364ff63)
core   0: 0x80006b30 (0x00008c25) c.xor   s0, s1
core   0: 3 0x80006b30 (0x8c25) x 8 0x00000735
core   0: 0x80006b32 (0x05ab9263) bne     s7, s10, pc + 68
core   0: 3 0x80006b32 (0x05ab9263)
core   0: 0x80006b76 (0x0ff0000f) fence   iorw,iorw
core   0: 3 0x80006b76 (0x0ff0000f)
core   0: 0x80006b7a (0x22de0313) addi    t1, t3, 557
core   0: 3 0x80006b7a (0x22de0313) x 6 0x0000022d
core   0: 0x80006b7e (0x022c3cb3) mulhu   s9, s8, sp
core   0: 3 0x80006b7e (0x022c3cb3) x25 0x00000000
core   0: 0x80006b82 (0x00391e13) slli    t3, s2, 3
core   0: 3 0x80006b82 (0x00391e13) x28 0x00000000
core   0: 0x80006b86 (0x00000001) c.nop
core   0: 3 0x80006b86 (0x0001)
core   0: 0x80006b88 (0x60e36db7) lui     s11, 0x60e36
core   0: 3 0x80006b88 (0x60e36db7) x27 0x60e36000
core   0: 0x80006b8c (0x0000717d) c.addi16sp sp, -16
core   0: 3 0x80006b8c (0x717d) x 2 0x000001af
core   0: 0x80006b8e (0x267a7f93) andi    t6, s4, 615
core   0: 3 0x80006b8e (0x267a7f93) x31 0x00000267
core   0: 0x80006b92 (0x002553b3) srl     t2, a0, sp
core   0: 3 0x80006b92 (0x002553b3) x 7 0x00010004
core   0: 0x80006b96 (0x000098ce) c.add   a7, s3
core   0: 3 0x80006b96 (0x98ce) x17 0x00000120
core   0: 0x80006b98 (0x00eed313) srli    t1, t4, 14
core   0: 3 0x80006b98 (0x00eed313) x 6 0x00000200
core   0: 0x80006b9c (0x0ff0000f) fence   iorw,iorw
core   0: 3 0x80006b9c (0x0ff0000f)
core   0: 0x80006ba0 (0x5b352713) slti    a4, a0, 1459
core   0: 3 0x80006ba0 (0x5b352713) x14 0x00000001
core   0: 0x80006ba4 (0x00008672) c.mv    a2, t3
core   0: 3 0x80006ba4 (0x8672) x12 0x00000000
core   0: 0x80006ba6 (0x050a0063) beq     s4, a6, pc + 64
core   0: 3 0x80006ba6 (0x050a0063)
core   0: 0x80006baa (0x00001f1c) c.addi4spn a5, sp, 944
core   0: 3 0x80006baa (0x1f1c) x15 0x0000055f
core   0: 0x80006bac (0x009b9393) slli    t2, s7, 9
core   0: 3 0x80006bac (0x009b9393) x 7 0x00000000
core   0: 0x80006bb0 (0x020e99b3) mulh    s3, t4, zero
core   0: 3 0x80006bb0 (0x020e99b3) x19 0x00000000
core   0: 0x80006bb4 (0x014208b3) add     a7, tp, s4
core   0: 3 0x80006bb4 (0x014208b3) x17 0xffffffff
core   0: 0x80006bb8 (0xe22b0c93) addi    s9, s6, -478
core   0: 3 0x80006bb8 (0xe22b0c93) x25 0xfffffe22
core   0: 0x80006bbc (0x00008415) c.srai  s0, 5
core   0: 3 0x80006bbc (0x8415) x 8 0x00000039
core   0: 0x80006bbe (0x40298933) sub     s2, s3, sp
core   0: 3 0x80006bbe (0x40298933) x18 0xfffffe51
core   0: 0x80006bc2 (0x029fc463) blt     t6, s1, pc + 40
core   0: 3 0x80006bc2 (0x029fc463)
core   0: 0x80006bea (0x00008ad9) c.andi  a3, 22
core   0: 3 0x80006bea (0x8ad9) x13 0x00000000
core   0: 0x80006bec (0x0000100f) fence.i
core   0: 3 0x80006bec (0x0000100f)
core   0: 0x80006bf0 (0x087cbb93) sltiu   s7, s9, 135
core   0: 3 0x80006bf0 (0x087cbb93) x23 0x00000000
core   0: 0x80006bf4 (0x03765d33) divu    s10, a2, s7
core   0: 3 0x80006bf4 (0x03765d33) x26 0xffffffff
core   0: 0x80006bf8 (0x003430b3) sltu    ra, s0, gp
core   0: 3 0x80006bf8 (0x003430b3) x 1 0x00000000
core   0: 0x80006bfc (0x00009d9a) c.add   s11, t1
core   0: 3 0x80006bfc (0x9d9a) x27 0x60e36200
core   0: 0x80006bfe (0x01a27e63) bgeu    tp, s10, pc + 28
core   0: 3 0x80006bfe (0x01a27e63)
core   0: 0x80006c02 (0x02df5663) bge     t5, a3, pc + 44
core   0: 3 0x80006c02 (0x02df5663)
core   0: 0x80006c2e (0x00008075) c.srli  s0, 29
core   0: 3 0x80006c2e (0x8075) x 8 0x00000000
core   0: 0x80006c30 (0x00a79663) bne     a5, a0, pc + 12
core   0: 3 0x80006c30 (0x00a79663)
core   0: 0x80006c3c (0x02970a33) mul     s4, a4, s1
core   0: 3 0x80006c3c (0x02970a33) x20 0x00000615
core   0: 0x80006c40 (0x00008c05) c.sub   s0, s1
core   0: 3 0x80006c40 (0x8c05) x 8 0xfffff9eb
core   0: 0x80006c42 (0x03c4de33) divu    t3, s1, t3
core   0: 3 0x80006c42 (0x03c4de33) x28 0xffffffff
core   0: 0x80006c46 (0x00001b94) c.addi4spn a3, sp, 496
core   0: 3 0x80006c46 (0x1b94) x13 0x0000039f
core   0: 0x80006c48 (0xc0670993) addi    s3, a4, -1018
core   0: 3 0x80006c48 (0xc0670993) x19 0xfffffc07
core   0: 0x80006c4c (0x00008c11) c.sub   s0, a2
core   0: 3 0x80006c4c (0x8c11) x 8 0xfffff9eb
core   0: 0x80006c4e (0x03c0e633) rem     a2, ra, t3
core   0: 3 0x80006c4e (0x03c0e633) x12 0x00000000
core   0: 0x80006c52 (0x5f1d4e17) auipc   t3, 0x5f1d4
core   0: 3 0x80006c52 (0x5f1d4e17) x28 0xdf1dac52
core   0: 0x80006c56 (0x017e74b3) and     s1, t3, s7
core   0: 3 0x80006c56 (0x017e74b3) x 9 0x00000000
core   0: 0x80006c5a (0x00e08a33) add     s4, ra, a4
core   0: 3 0x80006c5a (0x00e08a33) x20 0x00000001
core   0: 0x80006c5e (0x0216ff63) bgeu    a3, ra, pc + 62
core   0: 3 0x80006c5e (0x0216ff63)
core   0: 0x80006c9c (0x03620d33) mul     s10, tp, s6
core   0: 3 0x80006c9c (0x03620d33) x26 0x00000000
core   0: 0x80006ca0 (0x00005a7d) c.li    s4, -1
core   0: 3 0x80006ca0 (0x5a7d) x20 0xffffffff
core   0: 0x80006ca2 (0x953de613) ori     a2, s11, -1709
core   0: 3 0x80006ca2 (0x953de613) x12 0xfffffb53
core   0: 0x80006ca6 (0x00008176) c.mv    sp, t4
core   0: 3 0x80006ca6 (0x8176) x 2 0x008007f8
core   0: 0x80006ca8 (0x00501bb3) sll     s7, zero, t0
core   0: 3 0x80006ca8 (0x00501bb3) x23 0x00000000
core   0: 0x80006cac (0x75a1c793) xori    a5, gp, 1882
core   0: 3 0x80006cac (0x75a1c793) x15 0x0000075a
core   0: 0x80006cb0 (0x02725ab3) divu    s5, tp, t2
core   0: 3 0x80006cb0 (0x02725ab3) x21 0xffffffff
core   0: 0x80006cb4 (0x0177ee63) bltu    a5, s7, pc + 28
core   0: 3 0x80006cb4 (0x0177ee63)
core   0: 0x80006cb8 (0x002eca33) xor     s4, t4, sp
core   0: 3 0x80006cb8 (0x002eca33) x20 0x00000000
core   0: 0x80006cbc (0x00008f51) c.or    a4, a2
core   0: 3 0x80006cbc (0x8f51) x14 0xfffffb53
core   0: 0x80006cbe (0x028ff833) remu    a6, t6, s0
core   0: 3 0x80006cbe (0x028ff833) x16 0x00000267
core   0: 0x80006cc2 (0x3306c197) auipc   gp, 0x3306c
core   0: 3 0x80006cc2 (0x3306c197) x 3 0xb3072cc2
core   0: 0x80006cc6 (0x0ff0000f) fence   iorw,iorw
core   0: 3 0x80006cc6 (0x0ff0000f)
core   0: 0x80006cca (0x46847e13) andi    t3, s0, 1128
core   0: 3 0x80006cca (0x46847e13) x28 0x00000068
core   0: 0x80006cce (0x0000c811) c.beqz  s0, pc + 20
core   0: 3 0x80006cce (0xc811)
core   0: 0x80006cd0 (0x404d0633) sub     a2, s10, tp
core   0: 3 0x80006cd0 (0x404d0633) x12 0x00000000
core   0: 0x80006cd4 (0x036d9633) mulh    a2, s11, s6
core   0: 3 0x80006cd4 (0x036d9633) x12 0x00000000
core   0: 0x80006cd8 (0x00009bfd) c.andi  a5, -1
core   0: 3 0x80006cd8 (0x9bfd) x15 0x0000075a
core   0: 0x80006cda (0x02b510b3) mulh    ra, a0, a1
core   0: 3 0x80006cda (0x02b510b3) x 1 0x3ffdb261
core   0: 0x80006cde (0x01ca9263) bne     s5, t3, pc + 4
core   0: 3 0x80006cde (0x01ca9263)
core   0: 0x80006ce2 (0x009af663) bgeu    s5, s1, pc + 12
core   0: 3 0x80006ce2 (0x009af663)
core   0: 0x80006cee (0x03459633) mulh    a2, a1, s4
core   0: 3 0x80006cee (0x03459633) x12 0x00000000
core   0: 0x80006cf2 (0xf5898393) addi    t2, s3, -168
core   0: 3 0x80006cf2 (0xf5898393) x 7 0xfffffb5f
core   0: 0x80006cf6 (0x017199b3) sll     s3, gp, s7
core   0: 3 0x80006cf6 (0x017199b3) x19 0xb3072cc2
core   0: 0x80006cfa (0x000096be) c.add   a3, a5
core   0: 3 0x80006cfa (0x96be) x13 0x00000af9
core   0: 0x80006cfc (0x00001100) c.addi4spn s0, sp, 160
core   0: 3 0x80006cfc (0x1100) x 8 0x00800898
core   0: 0x80006cfe (0x4c1b9197) auipc   gp, 0x4c1b9
core   0: 3 0x80006cfe (0x4c1b9197) x 3 0xcc1bfcfe
core   0: 0x80006d02 (0x9c7c8b13) addi    s6, s9, -1593
core   0: 3 0x80006d02 (0x9c7c8b13) x22 0xfffff7e9
core   0: 0x80006d06 (0x006152b3) srl     t0, sp, t1
core   0: 3 0x80006d06 (0x006152b3) x 5 0x008007f8
core   0: 0x80006d0a (0xfe2d0393) addi    t2, s10, -30
core   0: 3 0x80006d0a (0xfe2d0393) x 7 0xffffffe2
core   0: 0x80006d0e (0x0000100f) fence.i
core   0: 3 0x80006d0e (0x0000100f)
core   0: 0x80006d12 (0x03c498b3) mulh    a7, s1, t3
core   0: 3 0x80006d12 (0x03c498b3) x17 0x00000000
core   0: 0x80006d16 (0x0000717d) c.addi16sp sp, -16
core   0: 3 0x80006d16 (0x717d) x 2 0x008007e8
core   0: 0x80006d18 (0x00000001) c.nop
core   0: 3 0x80006d18 (0x0001)
core   0: 0x80006d1a (0x00005efd) c.li    t4, -1
core   0: 3 0x80006d1a (0x5efd) x29 0xffffffff
core   0: 0x80006d1c (0x00008c59) c.or    s0, a4
core   0: 3 0x80006d1c (0x8c59) x 8 0xfffffbdb
core   0: 0x80006d1e (0x0253d163) bge     t2, t0, pc + 34
core   0: 3 0x80006d1e (0x0253d163)
core   0: 0x80006d22 (0x00000f90) c.addi4spn a2, sp, 976
core   0: 3 0x80006d22 (0x0f90) x12 0x00800bb8
core   0: 0x80006d24 (0x00008fc9) c.or    a5, a0
core   0: 3 0x80006d24 (0x8fc9) x15 0x80022f7e
core   0: 0x80006d26 (0x94db0193) addi    gp, s6, -1715
core   0: 3 0x80006d26 (0x94db0193) x 3 0xfffff136
core   0: 0x80006d2a (0x001f71b3) and     gp, t5, ra
core   0: 3 0x80006d2a (0x001f71b3) x 3 0x00000000
core   0: 0x80006d2e (0x03150b33) mul     s6, a0, a7
core   0: 3 0x80006d2e (0x03150b33) x22 0x00000000
core   0: 0x80006d32 (0x0000c319) c.beqz  a4, pc + 6
core   0: 3 0x80006d32 (0xc319)
core   0: 0x80006d34 (0x00ac1863) bne     s8, a0, pc + 16
core   0: 3 0x80006d34 (0x00ac1863)
core   0: 0x80006d44 (0x0000877a) c.mv    a4, t5
core   0: 3 0x80006d44 (0x877a) x14 0x00000000
core   0: 0x80006d46 (0x03be0733) mul     a4, t3, s11
core   0: 3 0x80006d46 (0x03be0733) x14 0x5c5fd000
core   0: 0x80006d4a (0x0187d2b3) srl     t0, a5, s8
core   0: 3 0x80006d4a (0x0187d2b3) x 5 0x80022f7e
core   0: 0x80006d4e (0x02a962b3) rem     t0, s2, a0
core   0: 3 0x80006d4e (0x02a962b3) x 5 0xfffffe51
core   0: 0x80006d52 (0x01249363) bne     s1, s2, pc + 6
core   0: 3 0x80006d52 (0x01249363)
core   0: 0x80006d58 (0x00008e05) c.sub   a2, s1
core   0: 3 0x80006d58 (0x8e05) x12 0x00800bb8
core   0: 0x80006d5a (0xdef8ff17) auipc   t5, 0xdef8f
core   0: 3 0x80006d5a (0xdef8ff17) x30 0x5ef95d5a
core   0: 0x80006d5e (0x0000e6b1) c.bnez  a3, pc + 76
core   0: 3 0x80006d5e (0xe6b1)
core   0: 0x80006daa (0x00008c71) c.and   s0, a2
core   0: 3 0x80006daa (0x8c71) x 8 0x00800b98
core   0: 0x80006dac (0x00008265) c.srli  a2, 25
core   0: 3 0x80006dac (0x8265) x12 0x00000000
core   0: 0x80006dae (0x000067a5) c.lui   a5, 0x9
core   0: 3 0x80006dae (0x67a5) x15 0x00009000
core   0: 0x80006db0 (0x0000ce05) c.beqz  a2, pc + 56
core   0: 3 0x80006db0 (0xce05)
core   0: 0x80006de8 (0x0000ef11) c.bnez  a4, pc + 28
core   0: 3 0x80006de8 (0xef11)
core   0: 0x80006e04 (0x00009afd) c.andi  a3, -1
core   0: 3 0x80006e04 (0x9afd) x13 0x00000af9
core   0: 0x80006e06 (0x000049e9) c.li    s3, 26
core   0: 3 0x80006e06 (0x49e9) x19 0x0000001a
core   0: 0x80006e08 (0x039fcb63) blt     t6, s9, pc + 54
core   0: 3 0x80006e08 (0x039fcb63)
core   0: 0x80006e0c (0x002527b3) slt     a5, a0, sp
core   0: 3 0x80006e0c (0x002527b3) x15 0x00000001
core   0: 0x80006e10 (0x00008c25) c.xor   s0, s1
core   0: 3 0x80006e10 (0x8c25) x 8 0x00800b98
core   0: 0x80006e12 (0x00000c84) c.addi4spn s1, sp, 592
core   0: 3 0x80006e12 (0x0c84) x 9 0x00800a38
core   0: 0x80006e14 (0x000087f9) c.srai  a5, 30
core   0: 3 0x80006e14 (0x87f9) x15 0x00000000
core   0: 0x80006e16 (0x0297d333) divu    t1, a5, s1
core   0: 3 0x80006e16 (0x0297d333) x 6 0x00000000
core   0: 0x80006e1a (0x0429f163) bgeu    s3, sp, pc + 66
core   0: 3 0x80006e1a (0x0429f163)
core   0: 0x80006e1e (0x01d89c33) sll     s8, a7, t4
core   0: 3 0x80006e1e (0x01d89c33) x24 0x00000000
core   0: 0x80006e22 (0x00a0dc93) srli    s9, ra, 10
core   0: 3 0x80006e22 (0x00a0dc93) x25 0x000fff6c
core   0: 0x80006e26 (0x0000100f) fence.i
core   0: 3 0x80006e26 (0x0000100f)
core   0: 0x80006e2a (0x40eedf13) srai    t5, t4, 14
core   0: 3 0x80006e2a (0x40eedf13) x30 0xffffffff
core   0: 0x80006e2e (0x037a6eb3) rem     t4, s4, s7
core   0: 3 0x80006e2e (0x037a6eb3) x29 0x00000000
core   0: 0x80006e32 (0x025d6b63) bltu    s10, t0, pc + 54
core   0: 3 0x80006e32 (0x025d6b63)
core   0: 0x80006e68 (0x45c3f313) andi    t1, t2, 1116
core   0: 3 0x80006e68 (0x45c3f313) x 6 0x00000440
core   0: 0x80006e6c (0x00c78133) add     sp, a5, a2
core   0: 3 0x80006e6c (0x00c78133) x 2 0x00000000
core   0: 0x80006e70 (0x0000577d) c.li    a4, -1
core   0: 3 0x80006e70 (0x577d) x14 0xffffffff
core   0: 0x80006e72 (0xfab0e037) lui     zero, 0xfab0e
core   0: 3 0x80006e72 (0xfab0e037)
core   0: 0x80006e76 (0x03cf2833) mulhsu  a6, t5, t3
core   0: 3 0x80006e76 (0x03cf2833) x16 0xffffffff
core   0: 0x80006e7a (0x0d26ad93) slti    s11, a3, 210
core   0: 3 0x80006e7a (0x0d26ad93) x27 0x00000000
core   0: 0x80006e7e (0xcbe2dcb7) lui     s9, 0xcbe2d
core   0: 3 0x80006e7e (0xcbe2dcb7) x25 0xcbe2d000
core   0: 0x80006e82 (0x00839f33) sll     t5, t2, s0
core   0: 3 0x80006e82 (0x00839f33) x30 0xe2000000
core   0: 0x80006e86 (0x00b2a633) slt     a2, t0, a1
core   0: 3 0x80006e86 (0x00b2a633) x12 0x00000000
core   0: 0x80006e8a (0x0000537d) c.li    t1, -1
core   0: 3 0x80006e8a (0x537d) x 6 0xffffffff
core   0: 0x80006e8c (0x01d49c93) slli    s9, s1, 29
core   0: 3 0x80006e8c (0x01d49c93) x25 0x00000000
core   0: 0x80006e90 (0x000087d1) c.srai  a5, 20
core   0: 3 0x80006e90 (0x87d1) x15 0x00000000
core   0: 0x80006e92 (0x0ff0000f) fence   iorw,iorw
core   0: 3 0x80006e92 (0x0ff0000f)
core   0: 0x80006e96 (0x035bab33) mulhsu  s6, s7, s5
core   0: 3 0x80006e96 (0x035bab33) x22 0x00000000
core   0: 0x80006e9a (0x00008f4d) c.or    a4, a1
core   0: 3 0x80006e9a (0x8f4d) x14 0xffffffff
core   0: 0x80006e9c (0x033f6d33) rem     s10, t5, s3
core   0: 3 0x80006e9c (0x033f6d33) x26 0xfffffffc
core   0: 0x80006ea0 (0x4125d133) sra     sp, a1, s2
core   0: 3 0x80006ea0 (0x4125d133) x 2 0xffffc001
core   0: 0x80006ea4 (0x0000517d) c.li    sp, -1
core   0: 3 0x80006ea4 (0x517d) x 2 0xffffffff
core   0: 0x80006ea6 (0x00008841) c.andi  s0, 16
core   0: 3 0x80006ea6 (0x8841) x 8 0x00000010
core   0: 0x80006ea8 (0x01a5d0b3) srl     ra, a1, s10
core   0: 3 0x80006ea8 (0x01a5d0b3) x 1 0x00000008
core   0: 0x80006eac (0x006ef463) bgeu    t4, t1, pc + 8
core   0: 3 0x80006eac (0x006ef463)
core   0: 0x80006eb0 (0x90323493) sltiu   s1, tp, -1789
core   0: 3 0x80006eb0 (0x90323493) x 9 0x00000001
core   0: 0x80006eb4 (0x00c01313) slli    t1, zero, 12
core   0: 3 0x80006eb4 (0x00c01313) x 6 0x00000000
core   0: 0x80006eb8 (0x00c15d33) srl     s10, sp, a2
core   0: 3 0x80006eb8 (0x00c15d33) x26 0xffffffff
core   0: 0x80006ebc (0x00000001) c.nop
core   0: 3 0x80006ebc (0x0001)
core   0: 0x80006ebe (0x43afc713) xori    a4, t6, 1082
core   0: 3 0x80006ebe (0x43afc713) x14 0x0000065d
core   0: 0x80006ec2 (0x03721f33) mulh    t5, tp, s7
core   0: 3 0x80006ec2 (0x03721f33) x30 0x00000000
core   0: 0x80006ec6 (0x005da133) slt     sp, s11, t0
core   0: 3 0x80006ec6 (0x005da133) x 2 0x00000000
core   0: 0x80006eca (0x408e5093) srai    ra, t3, 8
core   0: 3 0x80006eca (0x408e5093) x 1 0x00000000
core   0: 0x80006ece (0x00000180) c.addi4spn s0, sp, 192
core   0: 3 0x80006ece (0x0180) x 8 0x000000c0
core   0: 0x80006ed0 (0x00008c55) c.or    s0, a3
core   0: 3 0x80006ed0 (0x8c55) x 8 0x00000af9
core   0: 0x80006ed2 (0x03b99733) mulh    a4, s3, s11
core   0: 3 0x80006ed2 (0x03b99733) x14 0x00000000
core   0: 0x80006ed6 (0x00000001) c.nop
core   0: 3 0x80006ed6 (0x0001)
core   0: 0x80006ed8 (0x01794763) blt     s2, s7, pc + 14
core   0: 3 0x80006ed8 (0x01794763)
core   0: 0x80006ee6 (0x0000e021) c.bnez  s0, pc + 64
core   0: 3 0x80006ee6 (0xe021)
core   0: 0x80006f26 (0x03ded2b3) divu    t0, t4, t4
core   0: 3 0x80006f26 (0x03ded2b3) x 5 0xffffffff
core   0: 0x80006f2a (0x01145133) srl     sp, s0, a7
core   0: 3 0x80006f2a (0x01145133) x 2 0x00000af9
core   0: 0x80006f2e (0x012409b3) add     s3, s0, s2
core   0: 3 0x80006f2e (0x012409b3) x19 0x0000094a
core   0: 0x80006f32 (0x01c00263) beq     zero, t3, pc + 4
core   0: 3 0x80006f32 (0x01c00263)
core   0: 0x80006f36 (0x66533997) auipc   s3, 0x66533
core   0: 3 0x80006f36 (0x66533997) x19 0xe6539f36
core   0: 0x80006f3a (0x00008cbd) c.xor   s1, a5
core   0: 3 0x80006f3a (0x8cbd) x 9 0x00000001
core   0: 0x80006f3c (0x00006b79) c.lui   s6, 0x1e
core   0: 3 0x80006f3c (0x6b79) x22 0x0001e000
core   0: 0x80006f3e (0x40d8d713) srai    a4, a7, 13
core   0: 3 0x80006f3e (0x40d8d713) x14 0x00000000
core   0: 0x80006f42 (0x00000001) c.nop
core   0: 3 0x80006f42 (0x0001)
core   0: 0x80006f44 (0x00000001) c.nop
core   0: 3 0x80006f44 (0x0001)
core   0: 0x80006f46 (0x047c8363) beq     s9, t2, pc + 70
core   0: 3 0x80006f46 (0x047c8363)
core   0: 0x80006f4a (0x000bab33) slt     s6, s7, zero
core   0: 3 0x80006f4a (0x000bab33) x22 0x00000000
core   0: 0x80006f4e (0x03562d33) mulhsu  s10, a2, s5
core   0: 3 0x80006f4e (0x03562d33) x26 0x00000000
core   0: 0x80006f52 (0x000003aa) c.slli  t2, 10
core   0: 3 0x80006f52 (0x03aa) x 7 0xffff8800
core   0: 0x80006f54 (0x03d2b433) mulhu   s0, t0, t4
core   0: 3 0x80006f54 (0x03d2b433) x 8 0x00000000
core   0: 0x80006f58 (0x000052fd) c.li    t0, -1
core   0: 3 0x80006f58 (0x52fd) x 5 0xffffffff
core   0: 0x80006f5a (0x02df6c63) bltu    t5, a3, pc + 56
core   0: 3 0x80006f5a (0x02df6c63)
core   0: 0x80006f92 (0x41b904b3) sub     s1, s2, s11
core   0: 3 0x80006f92 (0x41b904b3) x 9 0xfffffe51
core   0: 0x80006f96 (0x03228833) mul     a6, t0, s2
core   0: 3 0x80006f96 (0x03228833) x16 0x000001af
core   0: 0x80006f9a (0x0337d1b3) divu    gp, a5, s3
core   0: 3 0x80006f9a (0x0337d1b3) x 3 0x00000000
core   0: 0x80006f9e (0x40d30333) sub     t1, t1, a3
core   0: 3 0x80006f9e (0x40d30333) x 6 0xfffff507
core   0: 0x80006fa2 (0x020428b3) mulhsu  a7, s0, zero
core   0: 3 0x80006fa2 (0x020428b3) x17 0x00000000
core   0: 0x80006fa6 (0x001f6733) or      a4, t5, ra
core   0: 3 0x80006fa6 (0x001f6733) x14 0x00000000
core   0: 0x80006faa (0x00000d26) c.slli  s10, 9
core   0: 3 0x80006faa (0x0d26) x26 0x00000000
core   0: 0x80006fac (0x0120ed33) or      s10, ra, s2
core   0: 3 0x80006fac (0x0120ed33) x26 0xfffffe51
core   0: 0x80006fb0 (0x00008a49) c.andi  a2, 18
core   0: 3 0x80006fb0 (0x8a49) x12 0x00000000
core   0: 0x80006fb2 (0x00ed9a33) sll     s4, s11, a4
core   0: 3 0x80006fb2 (0x00ed9a33) x20 0x00000000
core   0: 0x80006fb6 (0x00c81413) slli    s0, a6, 12
core   0: 3 0x80006fb6 (0x00c81413) x 8 0x001af000
core   0: 0x80006fba (0x0260deb3) divu    t4, ra, t1
core   0: 3 0x80006fba (0x0260deb3) x29 0x00000000
core   0: 0x80006fbe (0x000010fd) c.addi  ra, -1
core   0: 3 0x80006fbe (0x10fd) x 1 0xffffffff
core   0: 0x80006fc0 (0x000080bd) c.srli  s1, 15
core   0: 3 0x80006fc0 (0x80bd) x 9 0x0001ffff
core   0: 0x80006fc2 (0x00719413) slli    s0, gp, 7
core   0: 3 0x80006fc2 (0x00719413) x 8 0x00000000
core   0: 0x80006fc6 (0x038df563) bgeu    s11, s8, pc + 42
core   0: 3 0x80006fc6 (0x038df563)
core   0: 0x80006ff0 (0x00008f65) c.and   a4, s1
core   0: 3 0x80006ff0 (0x8f65) x14 0x00000000
core   0: 0x80006ff2 (0x02d6dd63) bge     a3, a3, pc + 58
core   0: 3 0x80006ff2 (0x02d6dd63)
core   0: 0x8000702c (0x01dcc033) xor     zero, s9, t4
core   0: 3 0x8000702c (0x01dcc033)
core   0: 0x80007030 (0x415889b3) sub     s3, a7, s5
core   0: 3 0x80007030 (0x415889b3) x19 0x00000001
core   0: 0x80007034 (0x000061b9) c.lui   gp, 0xe
core   0: 3 0x80007034 (0x61b9) x 3 0x0000e000
core   0: 0x80007036 (0x03b064b3) rem     s1, zero, s11
core   0: 3 0x80007036 (0x03b064b3) x 9 0x00000000
core   0: 0x8000703a (0x0000875d) c.srai  a4, 23
core   0: 3 0x8000703a (0x875d) x14 0x00000000
core   0: 0x8000703c (0x1117a393) slti    t2, a5, 273
core   0: 3 0x8000703c (0x1117a393) x 7 0x00000001
core   0: 0x80007040 (0x00008351) c.srli  a4, 20
core   0: 3 0x80007040 (0x8351) x14 0x00000000
core   0: 0x80007042 (0x00000898) c.addi4spn a4, sp, 80
core   0: 3 0x80007042 (0x0898) x14 0x00000b49
core   0: 0x80007044 (0x02f1bb33) mulhu   s6, gp, a5
core   0: 3 0x80007044 (0x02f1bb33) x22 0x00000000
core   0: 0x80007048 (0x03e9e063) bltu    s3, t5, pc + 32
core   0: 3 0x80007048 (0x03e9e063)
core   0: 0x8000704c (0x0a13e463) bltu    t2, ra, pc + 168
core   0: 3 0x8000704c (0x0a13e463)
core   0: 0x800070f4 (0x00008ba9) c.andi  a5, 10
core   0: 3 0x800070f4 (0x8ba9) x15 0x00000000
core   0: 0x800070f6 (0x0000cc89) c.beqz  s1, pc + 26
core   0: 3 0x800070f6 (0xcc89)
core   0: 0x80007110 (0xd89d8793) addi    a5, s11, -631
core   0: 3 0x80007110 (0xd89d8793) x15 0xfffffd89
core   0: 0x80007114 (0x01397033) and     zero, s2, s3
core   0: 3 0x80007114 (0x01397033)
core   0: 0x80007118 (0x039bf133) remu    sp, s7, s9
core   0: 3 0x80007118 (0x039bf133) x 2 0x00000000
core   0: 0x8000711c (0x0000ef09) c.bnez  a4, pc + 26
core   0: 3 0x8000711c (0xef09)
core   0: 0x80007136 (0x01cebb33) sltu    s6, t4, t3
core   0: 3 0x80007136 (0x01cebb33) x22 0x00000001
core   0: 0x8000713a (0x000062cd) c.lui   t0, 0x13
core   0: 3 0x8000713a (0x62cd) x 5 0x00013000
core   0: 0x8000713c (0x000000fe) c.slli  ra, 31
core   0: 3 0x8000713c (0x00fe) x 1 0x80000000
core   0: 0x8000713e (0x00008009) c.srli  s0, 2
core   0: 3 0x8000713e (0x8009) x 8 0x00000000
core   0: 0x80007140 (0x00000001) c.nop
core   0: 3 0x80007140 (0x0001)
core   0: 0x80007142 (0x00006865) c.lui   a6, 0x19
core   0: 3 0x80007142 (0x6865) x16 0x00019000
core   0: 0x80007144 (0x013f4463) blt     t5, s3, pc + 8
core   0: 3 0x80007144 (0x013f4463)
core   0: 0x8000714c (0x589a2f13) slti    t5, s4, 1417
core   0: 3 0x8000714c (0x589a2f13) x30 0x00000001
core   0: 0x80007150 (0x09042a13) slti    s4, s0, 144
core   0: 3 0x80007150 (0x09042a13) x20 0x00000001
core   0: 0x80007154 (0x000000d1) c.addi  ra, 20
core   0: 3 0x80007154 (0x00d1) x 1 0x80000014
core   0: 0x80007156 (0x00006175) c.addi16sp sp, 368
core   0: 3 0x80007156 (0x6175) x 2 0x00000170
core   0: 0x80007158 (0x02b3a7b3) mulhsu  a5, t2, a1
core   0: 3 0x80007158 (0x02b3a7b3) x15 0x00000000
core   0: 0x8000715c (0x0000cb8d) c.beqz  a5, pc + 50
core   0: 3 0x8000715c (0xcb8d)
core   0: 0x8000718e (0x00008f99) c.sub   a5, a4
core   0: 3 0x8000718e (0x8f99) x15 0xfffff4b7
core   0: 0x80007190 (0x000081da) c.mv    gp, s6
core   0: 3 0x80007190 (0x81da) x 3 0x00000001
core   0: 0x80007192 (0x403a5633) sra     a2, s4, gp
core   0: 3 0x80007192 (0x403a5633) x12 0x00000000
core   0: 0x80007196 (0x0000ec05) c.bnez  s0, pc + 56
core   0: 3 0x80007196 (0xec05)
core   0: 0x80007198 (0x3c8bf413) andi    s0, s7, 968
core   0: 3 0x80007198 (0x3c8bf413) x 8 0x00000000
core   0: 0x8000719c (0x00006ba5) c.lui   s7, 0x9
core   0: 3 0x8000719c (0x6ba5) x23 0x00009000
core   0: 0x8000719e (0x00f7bbb3) sltu    s7, a5, a5
core   0: 3 0x8000719e (0x00f7bbb3) x23 0x00000000
core   0: 0x800071a2 (0x0000614d) c.addi16sp sp, 176
core   0: 3 0x800071a2 (0x614d) x 2 0x00000220
core   0: 0x800071a4 (0x0039d463) bge     s3, gp, pc + 8
core   0: 3 0x800071a4 (0x0039d463)
core   0: 0x800071ac (0x0ff0000f) fence   iorw,iorw
core   0: 3 0x800071ac (0x0ff0000f)
core   0: 0x800071b0 (0x7f486113) ori     sp, a6, 2036
core   0: 3 0x800071b0 (0x7f486113) x 2 0x000197f4
core   0: 0x800071b4 (0x01731cb3) sll     s9, t1, s7
core   0: 3 0x800071b4 (0x01731cb3) x25 0xfffff507
core   0: 0x800071b8 (0x00004469) c.li    s0, 26
core   0: 3 0x800071b8 (0x4469) x 8 0x0000001a
core   0: 0x800071ba (0xc88e27b7) lui     a5, 0xc88e2
core   0: 3 0x800071ba (0xc88e27b7) x15 0xc88e2000
core   0: 0x800071be (0x015bffb3) and     t6, s7, s5
core   0: 3 0x800071be (0x015bffb3) x31 0x00000000
core   0: 0x800071c2 (0x000f6933) or      s2, t5, zero
core   0: 3 0x800071c2 (0x000f6933) x18 0x00000001
core   0: 0x800071c6 (0x01e98433) add     s0, s3, t5
core   0: 3 0x800071c6 (0x01e98433) x 8 0x00000002
core   0: 0x800071ca (0x0355e4b3) rem     s1, a1, s5
core   0: 3 0x800071ca (0x0355e4b3) x 9 0x00000000
core   0: 0x800071ce (0x00000001) c.nop
core   0: 3 0x800071ce (0x0001)
core   0: 0x800071d0 (0xe31fa993) slti    s3, t6, -463
core   0: 3 0x800071d0 (0xe31fa993) x19 0x00000000
core   0: 0x800071d4 (0x03821d63) bne     tp, s8, pc + 58
core   0: 3 0x800071d4 (0x03821d63)
core   0: 0x800071d8 (0x00106833) or      a6, zero, ra
core   0: 3 0x800071d8 (0x00106833) x16 0x80000014
core   0: 0x800071dc (0x00000ac5) c.addi  s5, 17
core   0: 3 0x800071dc (0x0ac5) x21 0x00000010
core   0: 0x800071de (0x004f5763) bge     t5, tp, pc + 14
core   0: 3 0x800071de (0x004f5763)
core   0: 0x800071ec (0x015c26b3) slt     a3, s8, s5
core   0: 3 0x800071ec (0x015c26b3) x13 0x00000001
core   0: 0x800071f0 (0x41d508b3) sub     a7, a0, t4
core   0: 3 0x800071f0 (0x41d508b3) x17 0x80022e64
core   0: 0x800071f4 (0x471bf013) andi    zero, s7, 1137
core   0: 3 0x800071f4 (0x471bf013)
core   0: 0x800071f8 (0xd31f3d93) sltiu   s11, t5, -719
core   0: 3 0x800071f8 (0xd31f3d93) x27 0x00000001
core   0: 0x800071fc (0x01c57eb3) and     t4, a0, t3
core   0: 3 0x800071fc (0x01c57eb3) x29 0x00000060
core   0: 0x80007200 (0x00008e2d) c.xor   a2, a1
core   0: 3 0x80007200 (0x8e2d) x12 0x80026ce4
core   0: 0x80007202 (0x00008c65) c.and   s0, s1
core   0: 3 0x80007202 (0x8c65) x 8 0x00000000
core   0: 0x80007204 (0x000087b1) c.srai  a5, 12
core   0: 3 0x80007204 (0x87b1) x15 0xfffc88e2
core   0: 0x80007206 (0x028db3b3) mulhu   t2, s11, s0
core   0: 3 0x80007206 (0x028db3b3) x 7 0x00000000
core   0: 0x8000720a (0x04450263) beq     a0, tp, pc + 68
core   0: 3 0x8000720a (0x04450263)
core   0: 0x8000720e (0x0000100f) fence.i
core   0: 3 0x8000720e (0x0000100f)
core   0: 0x80007212 (0x00008af9) c.andi  a3, 30
core   0: 3 0x80007212 (0x8af9) x13 0x00000000
core   0: 0x80007214 (0x01a59e33) sll     t3, a1, s10
core   0: 3 0x80007214 (0x01a59e33) x28 0xd9c80000
core   0: 0x80007218 (0x0307c363) blt     a5, a6, pc + 38
core   0: 3 0x80007218 (0x0307c363)
core   0: 0x8000721c (0x0000717d) c.addi16sp sp, -16
core   0: 3 0x8000721c (0x717d) x 2 0x000197e4
core   0: 0x8000721e (0x007e8433) add     s0, t4, t2
core   0: 3 0x8000721e (0x007e8433) x 8 0x00000060
core   0: 0x80007222 (0x02799363) bne     s3, t2, pc + 38
core   0: 3 0x80007222 (0x02799363)
core   0: 0x80007226 (0x033463b3) rem     t2, s0, s3
core   0: 3 0x80007226 (0x033463b3) x 7 0x00000060
core   0: 0x8000722a (0x00125d93) srli    s11, tp, 1
core   0: 3 0x8000722a (0x00125d93) x27 0x00000000
core   0: 0x8000722e (0x03450563) beq     a0, s4, pc + 42
core   0: 3 0x8000722e (0x03450563)
core   0: 0x80007232 (0x40ccda33) sra     s4, s9, a2
core   0: 3 0x80007232 (0x40ccda33) x20 0xffffff50
core   0: 0x80007236 (0x0ff0000f) fence   iorw,iorw
core   0: 3 0x80007236 (0x0ff0000f)
core   0: 0x8000723a (0xc2800313) li      t1, -984
core   0: 3 0x8000723a (0xc2800313) x 6 0xfffffc28
core   0: 0x8000723e (0x00008f41) c.or    a4, s0
core   0: 3 0x8000723e (0x8f41) x14 0x00000b69
core   0: 0x80007240 (0x00ff9663) bne     t6, a5, pc + 12
core   0: 3 0x80007240 (0x00ff9663)
core   0: 0x8000724c (0x0000c091) c.beqz  s1, pc + 4
core   0: 3 0x8000724c (0xc091)
core   0: 0x80007250 (0x01c7f1b3) and     gp, a5, t3
core   0: 3 0x80007250 (0x01c7f1b3) x 3 0xd9c80000
core   0: 0x80007254 (0xf74e6c37) lui     s8, 0xf74e6
core   0: 3 0x80007254 (0xf74e6c37) x24 0xf74e6000
core   0: 0x80007258 (0x00008f91) c.sub   a5, a2
core   0: 3 0x80007258 (0x8f91) x15 0x7ffa1bfe
core   0: 0x8000725a (0x026a3d33) mulhu   s10, s4, t1
core   0: 3 0x8000725a (0x026a3d33) x26 0xfffffb78
core   0: 0x8000725e (0xfd5a3093) sltiu   ra, s4, -43
core   0: 3 0x8000725e (0xfd5a3093) x 1 0x00000001
core   0: 0x80007262 (0x00000d18) c.addi4spn a4, sp, 656
core   0: 3 0x80007262 (0x0d18) x14 0x00019a74
core   0: 0x80007264 (0x0ffe8b93) addi    s7, t4, 255
core   0: 3 0x80007264 (0x0ffe8b93) x23 0x0000015f
core   0: 0x80007268 (0x630bb793) sltiu   a5, s7, 1584
core   0: 3 0x80007268 (0x630bb793) x15 0x00000001
core   0: 0x8000726c (0x7e7ef313) andi    t1, t4, 2023
core   0: 3 0x8000726c (0x7e7ef313) x 6 0x00000060
core   0: 0x80007270 (0x00008c8d) c.sub   s1, a1
core   0: 3 0x80007270 (0x8c8d) x 9 0x7ffd931c
core   0: 0x80007272 (0x02e41bb3) mulh    s7, s0, a4
core   0: 3 0x80007272 (0x02e41bb3) x23 0x00000000
core   0: 0x80007276 (0x00008c29) c.xor   s0, a0
core   0: 3 0x80007276 (0x8c29) x 8 0x80022e04
core   0: 0x80007278 (0x02907663) bgeu    zero, s1, pc + 44
core   0: 3 0x80007278 (0x02907663)
core   0: 0x8000727c (0x0022ef33) or      t5, t0, sp
core   0: 3 0x8000727c (0x0022ef33) x30 0x0001b7e4
core   0: 0x80007280 (0x0000894e) c.mv    s2, s3
core   0: 3 0x80007280 (0x894e) x18 0x00000000
core   0: 0x80007282 (0x03a5afb3) mulhsu  t6, a1, s10
core   0: 3 0x80007282 (0x03a5afb3) x31 0x80026f27
core   0: 0x80007286 (0x02632633) mulhsu  a2, t1, t1
core   0: 3 0x80007286 (0x02632633) x12 0x00000000
core   0: 0x8000728a (0x031b3133) mulhu   sp, s6, a7
core   0: 3 0x8000728a (0x031b3133) x 2 0x00000000
core   0: 0x8000728e (0xbf254897) auipc   a7, 0xbf254
core   0: 3 0x8000728e (0xbf254897) x17 0x3f25b28e
core   0: 0x80007292 (0x0000c3b9) c.beqz  a5, pc + 70
core   0: 3 0x80007292 (0xc3b9)
core   0: 0x80007294 (0x002406b3) add     a3, s0, sp
core   0: 3 0x80007294 (0x002406b3) x13 0x80022e04
core   0: 0x80007298 (0x00008f09) c.sub   a4, a0
core   0: 3 0x80007298 (0x8f09) x14 0x7fff6c10
core   0: 0x8000729a (0x01cb5313) srli    t1, s6, 28
core   0: 3 0x8000729a (0x01cb5313) x 6 0x00000000
core   0: 0x8000729e (0x049f6463) bltu    t5, s1, pc + 72
core   0: 3 0x8000729e (0x049f6463)
core   0: 0x800072e6 (0x02e00a33) mul     s4, zero, a4
core   0: 3 0x800072e6 (0x02e00a33) x20 0x00000000
core   0: 0x800072ea (0x022152b3) divu    t0, sp, sp
core   0: 3 0x800072ea (0x022152b3) x 5 0xffffffff
core   0: 0x800072ee (0x00bf6733) or      a4, t5, a1
core   0: 3 0x800072ee (0x00bf6733) x14 0x8003ffe4
core   0: 0x800072f2 (0x00000001) c.nop
core   0: 3 0x800072f2 (0x0001)
core   0: 0x800072f4 (0x00008cf5) c.and   s1, a3
core   0: 3 0x800072f4 (0x8cf5) x 9 0x00000204
core   0: 0x800072f6 (0x000069c1) c.lui   s3, 0x10
core   0: 3 0x800072f6 (0x69c1) x19 0x00010000
core   0: 0x800072f8 (0x007ea4b3) slt     s1, t4, t2
core   0: 3 0x800072f8 (0x007ea4b3) x 9 0x00000000
core   0: 0x800072fc (0xedec0693) addi    a3, s8, -290
core   0: 3 0x800072fc (0xedec0693) x13 0xf74e5ede
core   0: 0x80007300 (0x00de5193) srli    gp, t3, 13
core   0: 3 0x80007300 (0x00de5193) x 3 0x0006ce40
core   0: 0x80007304 (0x02d62733) mulhsu  a4, a2, a3
core   0: 3 0x80007304 (0x02d62733) x14 0x00000000
core   0: 0x80007308 (0x011a4c33) xor     s8, s4, a7
core   0: 3 0x80007308 (0x011a4c33) x24 0x3f25b28e
core   0: 0x8000730c (0x00008f79) c.and   a4, a4
core   0: 3 0x8000730c (0x8f79) x14 0x00000000
core   0: 0x8000730e (0x0000c321) c.beqz  a4, pc + 64
core   0: 3 0x8000730e (0xc321)
core   0: 0x8000734e (0x0174f363) bgeu    s1, s7, pc + 6
core   0: 3 0x8000734e (0x0174f363)
core   0: 0x80007354 (0x02543f33) mulhu   t5, s0, t0
core   0: 3 0x80007354 (0x02543f33) x30 0x80022e03
core   0: 0x80007358 (0x000096ce) c.add   a3, s3
core   0: 3 0x80007358 (0x96ce) x13 0xf74f5ede
core   0: 0x8000735a (0x00008785) c.srai  a5, 1
core   0: 3 0x8000735a (0x8785) x15 0x00000000
core   0: 0x8000735c (0x013977b3) and     a5, s2, s3
core   0: 3 0x8000735c (0x013977b3) x15 0x00000000
core   0: 0x80007360 (0x00008c8d) c.sub   s1, a1
core   0: 3 0x80007360 (0x8c8d) x 9 0x7ffd931c
core   0: 0x80007362 (0x0273ad33) mulhsu  s10, t2, t2
core   0: 3 0x80007362 (0x0273ad33) x26 0x00000000
core   0: 0x80007366 (0x00714e33) xor     t3, sp, t2
core   0: 3 0x80007366 (0x00714e33) x28 0x00000060
core   0: 0x8000736a (0x038350b3) divu    ra, t1, s8
core   0: 3 0x8000736a (0x038350b3) x 1 0x00000000
core   0: 0x8000736e (0x0000c3a1) c.beqz  a5, pc + 64
core   0: 3 0x8000736e (0xc3a1)
core   0: 0x800073ae (0x0000980e) c.add   a6, gp
core   0: 3 0x800073ae (0x980e) x16 0x8006ce54
core   0: 0x800073b0 (0x04e59163) bne     a1, a4, pc + 66
core   0: 3 0x800073b0 (0x04e59163)
core   0: 0x800073f2 (0x020e2ab3) mulhsu  s5, t3, zero
core   0: 3 0x800073f2 (0x020e2ab3) x21 0x00000000
core   0: 0x800073f6 (0xa9127a93) andi    s5, tp, -1391
core   0: 3 0x800073f6 (0xa9127a93) x21 0x00000000
core   0: 0x800073fa (0x419f5e13) srai    t3, t5, 25
core   0: 3 0x800073fa (0x419f5e13) x28 0xffffffc0
core   0: 0x800073fe (0x00296d63) bltu    s2, sp, pc + 26
core   0: 3 0x800073fe (0x00296d63)
core   0: 0x80007402 (0x00000001) c.nop
core   0: 3 0x80007402 (0x0001)
core   0: 0x80007404 (0x00054cb3) xor     s9, a0, zero
core   0: 3 0x80007404 (0x00054cb3) x25 0x80022e64
core   0: 0x80007408 (0x0089d793) srli    a5, s3, 8
core   0: 3 0x80007408 (0x0089d793) x15 0x00000100
core   0: 0x8000740c (0x0000100f) fence.i
core   0: 3 0x8000740c (0x0000100f)
core   0: 0x80007410 (0x00008f05) c.sub   a4, s1
core   0: 3 0x80007410 (0x8f05) x14 0x80026ce4
core   0: 0x80007412 (0x02ae64b3) rem     s1, t3, a0
core   0: 3 0x80007412 (0x02ae64b3) x 9 0xffffffc0
core   0: 0x80007416 (0x0000877a) c.mv    a4, t5
core   0: 3 0x80007416 (0x877a) x14 0x80022e03
core   0: 0x80007418 (0x012281b3) add     gp, t0, s2
core   0: 3 0x80007418 (0x012281b3) x 3 0xffffffff
core   0: 0x8000741c (0x00004851) c.li    a6, 20
core   0: 3 0x8000741c (0x4851) x16 0x00000014
core   0: 0x8000741e (0x40cdd793) srai    a5, s11, 12
core   0: 3 0x8000741e (0x40cdd793) x15 0x00000000
core   0: 0x80007422 (0x00009426) c.add   s0, s1
core   0: 3 0x80007422 (0x9426) x 8 0x80022dc4
core   0: 0x80007424 (0x00051993) slli    s3, a0, 0
core   0: 3 0x80007424 (0x00051993) x19 0x80022e64
core   0: 0x80007428 (0x015d1993) slli    s3, s10, 21
core   0: 3 0x80007428 (0x015d1993) x19 0x00000000
core   0: 0x8000742c (0x01fc2333) slt     t1, s8, t6
core   0: 3 0x8000742c (0x01fc2333) x 6 0x00000000
core   0: 0x80007430 (0x000080a5) c.srli  s1, 9
core   0: 3 0x80007430 (0x80a5) x 9 0x007fffff
core   0: 0x80007432 (0x0000812a) c.mv    sp, a0
core   0: 3 0x80007432 (0x812a) x 2 0x80022e64
core   0: 0x80007434 (0x01d06933) or      s2, zero, t4
core   0: 3 0x80007434 (0x01d06933) x18 0x00000060
core   0: 0x80007438 (0x00e8bfb3) sltu    t6, a7, a4
core   0: 3 0x80007438 (0x00e8bfb3) x31 0x00000001
core   0: 0x8000743c (0x00000001) c.nop
core   0: 3 0x8000743c (0x0001)
core   0: 0x8000743e (0x0000e021) c.bnez  s0, pc + 64
core   0: 3 0x8000743e (0xe021)
core   0: 0x8000747e (0xd0d36113) ori     sp, t1, -755
core   0: 3 0x8000747e (0xd0d36113) x 2 0xfffffd0d
core   0: 0x80007482 (0x0315aab3) mulhsu  s5, a1, a7
core   0: 3 0x80007482 (0x0315aab3) x21 0xe06dbfe0
core   0: 0x80007486 (0x404e07b3) sub     a5, t3, tp
core   0: 3 0x80007486 (0x404e07b3) x15 0xffffffc0
core   0: 0x8000748a (0x0000019c) c.addi4spn a5, sp, 192
core   0: 3 0x8000748a (0x019c) x15 0xfffffdcd
core   0: 0x8000748c (0x00000001) c.nop
core   0: 3 0x8000748c (0x0001)
core   0: 0x8000748e (0x404f06b3) sub     a3, t5, tp
core   0: 3 0x8000748e (0x404f06b3) x13 0x80022e03
core   0: 0x80007492 (0x014b5363) bge     s6, s4, pc + 6
core   0: 3 0x80007492 (0x014b5363)
core   0: 0x80007498 (0x40c88033) sub     zero, a7, a2
core   0: 3 0x80007498 (0x40c88033)
core   0: 0x8000749c (0x03bd9463) bne     s11, s11, pc + 40
core   0: 3 0x8000749c (0x03bd9463)
core   0: 0x800074a0 (0x02be6833) rem     a6, t3, a1
core   0: 3 0x800074a0 (0x02be6833) x16 0xffffffc0
core   0: 0x800074a4 (0x00008bd1) c.andi  a5, 20
core   0: 3 0x800074a4 (0x8bd1) x15 0x00000004
core   0: 0x800074a6 (0x00932633) slt     a2, t1, s1
core   0: 3 0x800074a6 (0x00932633) x12 0x00000001
core   0: 0x800074aa (0x268e4617) auipc   a2, 0x268e4
core   0: 3 0x800074aa (0x268e4617) x12 0xa68eb4aa
core   0: 0x800074ae (0x000060a1) c.lui   ra, 0x8
core   0: 3 0x800074ae (0x60a1) x 1 0x00008000
core   0: 0x800074b0 (0x00006109) c.addi16sp sp, 128
core   0: 3 0x800074b0 (0x6109) x 2 0xfffffd8d
core   0: 0x800074b2 (0x363fcd17) auipc   s10, 0x363fc
core   0: 3 0x800074b2 (0x363fcd17) x26 0xb64034b2
core   0: 0x800074b6 (0x028546b3) div     a3, a0, s0
core   0: 3 0x800074b6 (0x028546b3) x13 0x00000000
core   0: 0x800074ba (0x02b7d663) bge     a5, a1, pc + 44
core   0: 3 0x800074ba (0x02b7d663)
core   0: 0x800074e6 (0x00008f2e) c.mv    t5, a1
core   0: 3 0x800074e6 (0x8f2e) x30 0x80026ce4
core   0: 0x800074e8 (0x0000100f) fence.i
core   0: 3 0x800074e8 (0x0000100f)
core   0: 0x800074ec (0x41828333) sub     t1, t0, s8
core   0: 3 0x800074ec (0x41828333) x 6 0xc0da4d71
core   0: 0x800074f0 (0x0000e309) c.bnez  a4, pc + 2
core   0: 3 0x800074f0 (0xe309)
core   0: 0x800074f2 (0x02e86f33) rem     t5, a6, a4
core   0: 3 0x800074f2 (0x02e86f33) x30 0xffffffc0
core   0: 0x800074f6 (0xc87b4cb7) lui     s9, 0xc87b4
core   0: 3 0x800074f6 (0xc87b4cb7) x25 0xc87b4000
core   0: 0x800074fa (0x110d6813) ori     a6, s10, 272
core   0: 3 0x800074fa (0x110d6813) x16 0xb64035b2
core   0: 0x800074fe (0x407403b3) sub     t2, s0, t2
core   0: 3 0x800074fe (0x407403b3) x 7 0x80022d64
core   0: 0x80007502 (0x00008cb5) c.xor   s1, a3
core   0: 3 0x80007502 (0x8cb5) x 9 0x007fffff
core   0: 0x80007504 (0x40d6d413) srai    s0, a3, 13
core   0: 3 0x80007504 (0x40d6d413) x 8 0x00000000
core   0: 0x80007508 (0x02019e63) bnez    gp, pc + 60
core   0: 3 0x80007508 (0x02019e63)
core   0: 0x80007544 (0x0353c8b3) div     a7, t2, s5
core   0: 3 0x80007544 (0x0353c8b3) x17 0x00000004
core   0: 0x80007548 (0x0095ce33) xor     t3, a1, s1
core   0: 3 0x80007548 (0x0095ce33) x28 0x807d931b
core   0: 0x8000754c (0x03012733) mulhsu  a4, sp, a6
core   0: 3 0x8000754c (0x03012733) x14 0xfffffe41
core   0: 0x80007550 (0x0ff0000f) fence   iorw,iorw
core   0: 3 0x80007550 (0x0ff0000f)
core   0: 0x80007554 (0x00009c9a) c.add   s9, t1
core   0: 3 0x80007554 (0x9c9a) x25 0x89558d71
core   0: 0x80007556 (0x0066d733) srl     a4, a3, t1
core   0: 3 0x80007556 (0x0066d733) x14 0x00000000
core   0: 0x8000755a (0x0000100f) fence.i
core   0: 3 0x8000755a (0x0000100f)
core   0: 0x8000755e (0x032f9363) bne     t6, s2, pc + 38
core   0: 3 0x8000755e (0x032f9363)
core   0: 0x80007584 (0x02ac8333) mul     t1, s9, a0
core   0: 3 0x80007584 (0x02ac8333) x 6 0x9fb78e24
core   0: 0x80007588 (0x00008fbd) c.xor   a5, a5
core   0: 3 0x80007588 (0x8fbd) x15 0x00000000
core   0: 0x8000758a (0x03e4d6b3) divu    a3, s1, t5
core   0: 3 0x8000758a (0x03e4d6b3) x13 0x00000000
core   0: 0x8000758e (0x2e0e0393) addi    t2, t3, 736
core   0: 3 0x8000758e (0x2e0e0393) x 7 0x807d95fb
core   0: 0x80007592 (0x00c48a33) add     s4, s1, a2
core   0: 3 0x80007592 (0x00c48a33) x20 0xa70eb4a9
core   0: 0x80007596 (0x03fb3133) mulhu   sp, s6, t6
core   0: 3 0x80007596 (0x03fb3133) x 2 0x00000000
core   0: 0x8000759a (0xa5647093) andi    ra, s0, -1450
core   0: 3 0x8000759a (0xa5647093) x 1 0x00000000
core   0: 0x8000759e (0x41335893) srai    a7, t1, 19
core   0: 3 0x8000759e (0x41335893) x17 0xfffff3f6
core   0: 0x800075a2 (0x01ad4ab3) xor     s5, s10, s10
core   0: 3 0x800075a2 (0x01ad4ab3) x21 0x00000000
core   0: 0x800075a6 (0x035418b3) mulh    a7, s0, s5
core   0: 3 0x800075a6 (0x035418b3) x17 0x00000000
core   0: 0x800075aa (0xdb65af13) slti    t5, a1, -586
core   0: 3 0x800075aa (0xdb65af13) x30 0x00000001
core   0: 0x800075ae (0x00008c05) c.sub   s0, s1
core   0: 3 0x800075ae (0x8c05) x 8 0xff800001
core   0: 0x800075b0 (0x00001904) c.addi4spn s1, sp, 176
core   0: 3 0x800075b0 (0x1904) x 9 0x000000b0
core   0: 0x800075b2 (0x000babb3) slt     s7, s7, zero
core   0: 3 0x800075b2 (0x000babb3) x23 0x00000000
core   0: 0x800075b6 (0x40145c33) sra     s8, s0, ra
core   0: 3 0x800075b6 (0x40145c33) x24 0xff800001
core   0: 0x800075ba (0x408cdbb3) sra     s7, s9, s0
core   0: 3 0x800075ba (0x408cdbb3) x23 0xc4aac6b8
core   0: 0x800075be (0x322c7f93) andi    t6, s8, 802
core   0: 3 0x800075be (0x322c7f93) x31 0x00000000
core   0: 0x800075c2 (0xce234837) lui     a6, 0xce234
core   0: 3 0x800075c2 (0xce234837) x16 0xce234000
core   0: 0x800075c6 (0x007c1a13) slli    s4, s8, 7
core   0: 3 0x800075c6 (0x007c1a13) x20 0xc0000080
core   0: 0x800075ca (0x00384bb3) xor     s7, a6, gp
core   0: 3 0x800075ca (0x00384bb3) x23 0x31dcbfff
core   0: 0x800075ce (0x5c716793) ori     a5, sp, 1479
core   0: 3 0x800075ce (0x5c716793) x15 0x000005c7
core   0: 0x800075d2 (0x00008725) c.srai  a4, 9
core   0: 3 0x800075d2 (0x8725) x14 0x00000000
core   0: 0x800075d4 (0x023b4833) div     a6, s6, gp
core   0: 3 0x800075d4 (0x023b4833) x16 0xffffffff
core   0: 0x800075d8 (0x56d62913) slti    s2, a2, 1389
core   0: 3 0x800075d8 (0x56d62913) x18 0x00000001
core   0: 0x800075dc (0x03f4a833) mulhsu  a6, s1, t6
core   0: 3 0x800075dc (0x03f4a833) x16 0x00000000
core   0: 0x800075e0 (0x00008225) c.srli  a2, 9
core   0: 3 0x800075e0 (0x8225) x12 0x0053475a
core   0: 0x800075e2 (0x4110da33) sra     s4, ra, a7
core   0: 3 0x800075e2 (0x4110da33) x20 0x00000000
core   0: 0x800075e6 (0x01515e13) srli    t3, sp, 21
core   0: 3 0x800075e6 (0x01515e13) x28 0x00000000
core   0: 0x800075ea (0x00008649) c.srai  a2, 18
core   0: 3 0x800075ea (0x8649) x12 0x00000014
core   0: 0x800075ec (0x0000eb09) c.bnez  a4, pc + 18
core   0: 3 0x800075ec (0xeb09)
core   0: 0x800075ee (0x0000e219) c.bnez  a2, pc + 6
core   0: 3 0x800075ee (0xe219)
core   0: 0x800075f4 (0x013dae33) slt     t3, s11, s3
core   0: 3 0x800075f4 (0x013dae33) x28 0x00000000
core   0: 0x800075f8 (0x034954b3) divu    s1, s2, s4
core   0: 3 0x800075f8 (0x034954b3) x 9 0xffffffff
core   0: 0x800075fc (0x00000001) c.nop
core   0: 3 0x800075fc (0x0001)
core   0: 0x800075fe (0x000058fd) c.li    a7, -1
core   0: 3 0x800075fe (0x58fd) x17 0xffffffff
core   0: 0x80007600 (0x0048c3b3) xor     t2, a7, tp
core   0: 3 0x80007600 (0x0048c3b3) x 7 0xffffffff
core   0: 0x80007604 (0x0000100f) fence.i
core   0: 3 0x80007604 (0x0000100f)
core   0: 0x80007608 (0x0108ba33) sltu    s4, a7, a6
core   0: 3 0x80007608 (0x0108ba33) x20 0x00000000
core   0: 0x8000760c (0x02ed24b3) mulhsu  s1, s10, a4
core   0: 3 0x8000760c (0x02ed24b3) x 9 0x00000000
core   0: 0x80007610 (0x0000840d) c.srai  s0, 3
core   0: 3 0x80007610 (0x840d) x 8 0xfff00000
core   0: 0x80007612 (0xbc8d0193) addi    gp, s10, -1080
core   0: 3 0x80007612 (0xbc8d0193) x 3 0xb640307a
core   0: 0x80007616 (0x02ec7133) remu    sp, s8, a4
core   0: 3 0x80007616 (0x02ec7133) x 2 0xff800001
core   0: 0x8000761a (0x0000814e) c.mv    sp, s3
core   0: 3 0x8000761a (0x814e) x 2 0x00000000
core   0: 0x8000761c (0x03454033) div     zero, a0, s4
core   0: 3 0x8000761c (0x03454033)
core   0: 0x80007620 (0x03dee2b3) rem     t0, t4, t4
core   0: 3 0x80007620 (0x03dee2b3) x 5 0x00000000
core   0: 0x80007624 (0x00008fed) c.and   a5, a1
core   0: 3 0x80007624 (0x8fed) x15 0x000004c4
core   0: 0x80007626 (0x00008691) c.srai  a3, 4
core   0: 3 0x80007626 (0x8691) x13 0x00000000
core   0: 0x80007628 (0x0054a8b3) slt     a7, s1, t0
core   0: 3 0x80007628 (0x0054a8b3) x17 0x00000000
core   0: 0x8000762c (0x012af6b3) and     a3, s5, s2
core   0: 3 0x8000762c (0x012af6b3) x13 0x00000000
core   0: 0x80007630 (0x021e5633) divu    a2, t3, ra
core   0: 3 0x80007630 (0x021e5633) x12 0xffffffff
core   0: 0x80007634 (0x00008fb1) c.xor   a5, a2
core   0: 3 0x80007634 (0x8fb1) x15 0xfffffb3b
core   0: 0x80007636 (0x0000c889) c.beqz  s1, pc + 18
core   0: 3 0x80007636 (0xc889)
core   0: 0x80007648 (0x00000001) c.nop
core   0: 3 0x80007648 (0x0001)
core   0: 0x8000764a (0x02df1a33) mulh    s4, t5, a3
core   0: 3 0x8000764a (0x02df1a33) x20 0x00000000
core   0: 0x8000764e (0x41efde93) srai    t4, t6, 30
core   0: 3 0x8000764e (0x41efde93) x29 0x00000000
core   0: 0x80007652 (0x0000100f) fence.i
core   0: 3 0x80007652 (0x0000100f)
core   0: 0x80007656 (0x00a61863) bne     a2, a0, pc + 16
core   0: 3 0x80007656 (0x00a61863)
core   0: 0x80007666 (0x32a4ee93) ori     t4, s1, 810
core   0: 3 0x80007666 (0x32a4ee93) x29 0x0000032a
core   0: 0x8000766a (0x006f3f33) sltu    t5, t5, t1
core   0: 3 0x8000766a (0x006f3f33) x30 0x00000001
core   0: 0x8000766e (0x00afe633) or      a2, t6, a0
core   0: 3 0x8000766e (0x00afe633) x12 0x80022e64
core   0: 0x80007672 (0x92c7a137) lui     sp, 0x92c7a
core   0: 3 0x80007672 (0x92c7a137) x 2 0x92c7a000
core   0: 0x80007676 (0x00fa1d13) slli    s10, s4, 15
core   0: 3 0x80007676 (0x00fa1d13) x26 0x00000000
core   0: 0x8000767a (0x41bd88b3) sub     a7, s11, s11
core   0: 3 0x8000767a (0x41bd88b3) x17 0x00000000
core   0: 0x8000767e (0x0000648d) c.lui   s1, 0x3
core   0: 3 0x8000767e (0x648d) x 9 0x00003000
core   0: 0x80007680 (0x3984e613) ori     a2, s1, 920
core   0: 3 0x80007680 (0x3984e613) x12 0x00003398
core   0: 0x80007684 (0x0000717d) c.addi16sp sp, -16
core   0: 3 0x80007684 (0x717d) x 2 0x92c79ff0
core   0: 0x80007686 (0x024711b3) mulh    gp, a4, tp
core   0: 3 0x80007686 (0x024711b3) x 3 0x00000000
core   0: 0x8000768a (0x232bc813) xori    a6, s7, 562
core   0: 3 0x8000768a (0x232bc813) x16 0x31dcbdcd
core   0: 0x8000768e (0x21680413) addi    s0, a6, 534
core   0: 3 0x8000768e (0x21680413) x 8 0x31dcbfe3
core   0: 0x80007692 (0x05dc0263) beq     s8, t4, pc + 68
core   0: 3 0x80007692 (0x05dc0263)
core   0: 0x80007696 (0x0000100f) fence.i
core   0: 3 0x80007696 (0x0000100f)
core   0: 0x8000769a (0x011dd993) srli    s3, s11, 17
core   0: 3 0x8000769a (0x011dd993) x19 0x00000000
core   0: 0x8000769e (0x3ed54293) xori    t0, a0, 1005
core   0: 3 0x8000769e (0x3ed54293) x 5 0x80022d89
core   0: 0x800076a2 (0xcb8a6993) ori     s3, s4, -840
core   0: 3 0x800076a2 (0xcb8a6993) x19 0xfffffcb8
core   0: 0x800076a6 (0x000083cd) c.srli  a5, 19
core   0: 3 0x800076a6 (0x83cd) x15 0x00001fff
core   0: 0x800076a8 (0x0000cc09) c.beqz  s0, pc + 26
core   0: 3 0x800076a8 (0xcc09)
core   0: 0x800076aa (0xdba40093) addi    ra, s0, -582
core   0: 3 0x800076aa (0xdba40093) x 1 0x31dcbd9d
core   0: 0x800076ae (0x00008ed9) c.or    a3, a4
core   0: 3 0x800076ae (0x8ed9) x13 0x00000000
core   0: 0x800076b0 (0x02698a63) beq     s3, t1, pc + 52
core   0: 3 0x800076b0 (0x02698a63)
core   0: 0x800076b4 (0x0000717d) c.addi16sp sp, -16
core   0: 3 0x800076b4 (0x717d) x 2 0x92c79fe0
core   0: 0x800076b6 (0x03c4b833) mulhu   a6, s1, t3
core   0: 3 0x800076b6 (0x03c4b833) x16 0x00000000
core   0: 0x800076ba (0x037db8b3) mulhu   a7, s11, s7
core   0: 3 0x800076ba (0x037db8b3) x17 0x00000000
core   0: 0x800076be (0x01c044b3) xor     s1, zero, t3
core   0: 3 0x800076be (0x01c044b3) x 9 0x00000000
core   0: 0x800076c2 (0x0274ebb3) rem     s7, s1, t2
core   0: 3 0x800076c2 (0x0274ebb3) x23 0x00000000
core   0: 0x800076c6 (0x03e584b3) mul     s1, a1, t5
core   0: 3 0x800076c6 (0x03e584b3) x 9 0x80026ce4
core   0: 0x800076ca (0x031a4f33) div     t5, s4, a7
core   0: 3 0x800076ca (0x031a4f33) x30 0xffffffff
core   0: 0x800076ce (0x03dc7b33) remu    s6, s8, t4
core   0: 3 0x800076ce (0x03dc7b33) x22 0x00000171
core   0: 0x800076d2 (0x000068e1) c.lui   a7, 0x18
core   0: 3 0x800076d2 (0x68e1) x17 0x00018000
core   0: 0x800076d4 (0x00008f55) c.or    a4, a3
core   0: 3 0x800076d4 (0x8f55) x14 0x00000000
core   0: 0x800076d6 (0xf372f093) andi    ra, t0, -201
core   0: 3 0x800076d6 (0xf372f093) x 1 0x80022d01
core   0: 0x800076da (0x000013fd) c.addi  t2, -1
core   0: 3 0x800076da (0x13fd) x 7 0xfffffffe
core   0: 0x800076dc (0x00000001) c.nop
core   0: 3 0x800076dc (0x0001)
core   0: 0x800076de (0x40e0dc33) sra     s8, ra, a4
core   0: 3 0x800076de (0x40e0dc33) x24 0x80022d01
core   0: 0x800076e2 (0x00008c31) c.xor   s0, a2
core   0: 3 0x800076e2 (0x8c31) x 8 0x31dc8c7b
core   0: 0x800076e4 (0x0000e45d) c.bnez  s0, pc + 174
core   0: 3 0x800076e4 (0xe45d)
core   0: 0x80007792 (0x0000803d) c.srli  s0, 15
core   0: 3 0x80007792 (0x803d) x 8 0x000063b9
core   0: 0x80007794 (0x00986763) bltu    a6, s1, pc + 14
core   0: 3 0x80007794 (0x00986763)
core   0: 0x800077a2 (0x009f3613) sltiu   a2, t5, 9
core   0: 3 0x800077a2 (0x009f3613) x12 0x00000000
core   0: 0x800077a6 (0x04961263) bne     a2, s1, pc + 68
core   0: 3 0x800077a6 (0x04961263)
core   0: 0x800077ea (0x4018d733) sra     a4, a7, ra
core   0: 3 0x800077ea (0x4018d733) x14 0x0000c000
core   0: 0x800077ee (0x41a39917) auipc   s2, 0x41a39
core   0: 3 0x800077ee (0x41a39917) x18 0xc1a407ee
core   0: 0x800077f2 (0x6df137b7) lui     a5, 0x6df13
core   0: 3 0x800077f2 (0x6df137b7) x15 0x6df13000
core   0: 0x800077f6 (0x4107da13) srai    s4, a5, 16
core   0: 3 0x800077f6 (0x4107da13) x20 0x00006df1
core   0: 0x800077fa (0x00008eb1) c.xor   a3, a2
core   0: 3 0x800077fa (0x8eb1) x13 0x00000000
core   0: 0x800077fc (0x012e5cb3) srl     s9, t3, s2
core   0: 3 0x800077fc (0x012e5cb3) x25 0x00000000
core   0: 0x80007800 (0x01cec7b3) xor     a5, t4, t3
core   0: 3 0x80007800 (0x01cec7b3) x15 0x0000032a
core   0: 0x80007804 (0x03071433) mulh    s0, a4, a6
core   0: 3 0x80007804 (0x03071433) x 8 0x00000000
core   0: 0x80007808 (0x02a64163) blt     a2, a0, pc + 34
core   0: 3 0x80007808 (0x02a64163)
core   0: 0x8000780c (0x01da9293) slli    t0, s5, 29
core   0: 3 0x8000780c (0x01da9293) x 5 0x00000000
core   0: 0x80007810 (0xc493b093) sltiu   ra, t2, -951
core   0: 3 0x80007810 (0xc493b093) x 1 0x00000000
core   0: 0x80007814 (0x4a09aa97) auipc   s5, 0x4a09a
core   0: 3 0x80007814 (0x4a09aa97) x21 0xca0a1814
core   0: 0x80007818 (0x000083c1) c.srli  a5, 16
core   0: 3 0x80007818 (0x83c1) x15 0x00000000
core   0: 0x8000781a (0x0000ee91) c.bnez  a3, pc + 28
core   0: 3 0x8000781a (0xee91)
core   0: 0x8000781c (0x00b55293) srli    t0, a0, 11
core   0: 3 0x8000781c (0x00b55293) x 5 0x00100045
core   0: 0x80007820 (0x000083fd) c.srli  a5, 31
core   0: 3 0x80007820 (0x83fd) x15 0x00000000
core   0: 0x80007822 (0x00d812b3) sll     t0, a6, a3
core   0: 3 0x80007822 (0x00d812b3) x 5 0x00000000
core   0: 0x80007826 (0x02c4df63) bge     s1, a2, pc + 62
core   0: 3 0x80007826 (0x02c4df63)
core   0: 0x8000782a (0x035a4033) div     zero, s4, s5
core   0: 3 0x8000782a (0x035a4033)
core   0: 0x8000782e (0xc1847897) auipc   a7, 0xc1847
core   0: 3 0x8000782e (0xc1847897) x17 0x4184e82e
core   0: 0x80007832 (0x00cd2a33) slt     s4, s10, a2
core   0: 3 0x80007832 (0x00cd2a33) x20 0x00000000
core   0: 0x80007836 (0x0000c309) c.beqz  a4, pc + 2
core   0: 3 0x80007836 (0xc309)
core   0: 0x80007838 (0x03055c33) divu    s8, a0, a6
core   0: 3 0x80007838 (0x03055c33) x24 0xffffffff
core   0: 0x8000783c (0x0000812a) c.mv    sp, a0
core   0: 3 0x8000783c (0x812a) x 2 0x80022e64
core   0: 0x8000783e (0x0121d693) srli    a3, gp, 18
core   0: 3 0x8000783e (0x0121d693) x13 0x00000000
core   0: 0x80007842 (0x0000100f) fence.i
core   0: 3 0x80007842 (0x0000100f)
core   0: 0x80007846 (0x036d7863) bgeu    s10, s6, pc + 48
core   0: 3 0x80007846 (0x036d7863)
core   0: 0x8000784a (0x0106b1b3) sltu    gp, a3, a6
core   0: 3 0x8000784a (0x0106b1b3) x 3 0x00000000
core   0: 0x8000784e (0x00008ac5) c.andi  a3, 17
core   0: 3 0x8000784e (0x8ac5) x13 0x00000000
core   0: 0x80007850 (0x00008cc9) c.or    s1, a0
core   0: 3 0x80007850 (0x8cc9) x 9 0x80026ee4
core   0: 0x80007852 (0x03d6d2b3) divu    t0, a3, t4
core   0: 3 0x80007852 (0x03d6d2b3) x 5 0x00000000
core   0: 0x80007856 (0x00008259) c.srli  a2, 22
core   0: 3 0x80007856 (0x8259) x12 0x00000000
core   0: 0x80007858 (0x0000100f) fence.i
core   0: 3 0x80007858 (0x0000100f)
core   0: 0x8000785c (0x00008cfd) c.and   s1, a5
core   0: 3 0x8000785c (0x8cfd) x 9 0x00000000
core   0: 0x8000785e (0x000059fd) c.li    s3, -1
core   0: 3 0x8000785e (0x59fd) x19 0xffffffff
core   0: 0x80007860 (0x05716e17) auipc   t3, 0x5716
core   0: 3 0x80007860 (0x05716e17) x28 0x8571d860
core   0: 0x80007864 (0x000006f1) c.addi  a3, 28
core   0: 3 0x80007864 (0x06f1) x13 0x0000001c
core   0: 0x80007866 (0x00000001) c.nop
core   0: 3 0x80007866 (0x0001)
core   0: 0x80007868 (0x013ffcb3) and     s9, t6, s3
core   0: 3 0x80007868 (0x013ffcb3) x25 0x00000000
core   0: 0x8000786c (0x00008291) c.srli  a3, 4
core   0: 3 0x8000786c (0x8291) x13 0x00000001
core   0: 0x8000786e (0x02b91db3) mulh    s11, s2, a1
core   0: 3 0x8000786e (0x02b91db3) x27 0x1f2d64ca
core   0: 0x80007872 (0x00001dfd) c.addi  s11, -1
core   0: 3 0x80007872 (0x1dfd) x27 0x1f2d64c9
core   0: 0x80007874 (0x00000b9e) c.slli  s7, 7
core   0: 3 0x80007874 (0x0b9e) x23 0x00000000
core   0: 0x80007876 (0x00dfabb3) slt     s7, t6, a3
core   0: 3 0x80007876 (0x00dfabb3) x23 0x00000001
core   0: 0x8000787a (0xe62cf613) andi    a2, s9, -414
core   0: 3 0x8000787a (0xe62cf613) x12 0x00000000
core   0: 0x8000787e (0x00009afd) c.andi  a3, -1
core   0: 3 0x8000787e (0x9afd) x13 0x00000001
core   0: 0x80007880 (0x01f57ab3) and     s5, a0, t6
core   0: 3 0x80007880 (0x01f57ab3) x21 0x00000000
core   0: 0x80007884 (0x015a62b3) or      t0, s4, s5
core   0: 3 0x80007884 (0x015a62b3) x 5 0x00000000
core   0: 0x80007888 (0x012777b3) and     a5, a4, s2
core   0: 3 0x80007888 (0x012777b3) x15 0x00000000
core   0: 0x8000788c (0x005e1013) slli    zero, t3, 5
core   0: 3 0x8000788c (0x005e1013)
core   0: 0x80007890 (0x00000001) c.nop
core   0: 3 0x80007890 (0x0001)
core   0: 0x80007892 (0x000088d6) c.mv    a7, s5
core   0: 3 0x80007892 (0x88d6) x17 0x00000000
core   0: 0x80007894 (0xcc52c313) xori    t1, t0, -827
core   0: 3 0x80007894 (0xcc52c313) x 6 0xfffffcc5
core   0: 0x80007898 (0x00009946) c.add   s2, a7
core   0: 3 0x80007898 (0x9946) x18 0xc1a407ee
core   0: 0x8000789a (0x0922bf93) sltiu   t6, t0, 146
core   0: 3 0x8000789a (0x0922bf93) x31 0x00000001
core   0: 0x8000789e (0x008d9963) bne     s11, s0, pc + 18
core   0: 3 0x8000789e (0x008d9963)
core   0: 0x800078b0 (0x000011fd) c.addi  gp, -1
core   0: 3 0x800078b0 (0x11fd) x 3 0xffffffff
core   0: 0x800078b2 (0x01c3fbb3) and     s7, t2, t3
core   0: 3 0x800078b2 (0x01c3fbb3) x23 0x8571d860
core   0: 0x800078b6 (0x033d81b3) mul     gp, s11, s3
core   0: 3 0x800078b6 (0x033d81b3) x 3 0xe0d29b37
core   0: 0x800078ba (0x0ff0000f) fence   iorw,iorw
core   0: 3 0x800078ba (0x0ff0000f)
core   0: 0x800078be (0x0190e463) bltu    ra, s9, pc + 8
core   0: 3 0x800078be (0x0190e463)
core   0: 0x800078c2 (0x414d8eb3) sub     t4, s11, s4
core   0: 3 0x800078c2 (0x414d8eb3) x29 0x1f2d64c9
core   0: 0x800078c6 (0x00119833) sll     a6, gp, ra
core   0: 3 0x800078c6 (0x00119833) x16 0xe0d29b37
core   0: 0x800078ca (0x018c1713) slli    a4, s8, 24
core   0: 3 0x800078ca (0x018c1713) x14 0xff000000
core   0: 0x800078ce (0x023c0eb3) mul     t4, s8, gp
core   0: 3 0x800078ce (0x023c0eb3) x29 0x1f2d64c9
core   0: 0x800078d2 (0x0194e363) bltu    s1, s9, pc + 6
core   0: 3 0x800078d2 (0x0194e363)
core   0: 0x800078d6 (0x00008eae) c.mv    t4, a1
core   0: 3 0x800078d6 (0x8eae) x29 0x80026ce4
core   0: 0x800078d8 (0x00c19713) slli    a4, gp, 12
core   0: 3 0x800078d8 (0x00c19713) x14 0x29b37000
core   0: 0x800078dc (0x03a23833) mulhu   a6, tp, s10
core   0: 3 0x800078dc (0x03a23833) x16 0x00000000
core   0: 0x800078e0 (0x74602013) slti    zero, zero, 1862
core   0: 3 0x800078e0 (0x74602013)
core   0: 0x800078e4 (0x02476db3) rem     s11, a4, tp
core   0: 3 0x800078e4 (0x02476db3) x27 0x29b37000
core   0: 0x800078e8 (0x03ed7c33) remu    s8, s10, t5
core   0: 3 0x800078e8 (0x03ed7c33) x24 0x00000000
core   0: 0x800078ec (0x0ff0000f) fence   iorw,iorw
core   0: 3 0x800078ec (0x0ff0000f)
core   0: 0x800078f0 (0x00008cb5) c.xor   s1, a3
core   0: 3 0x800078f0 (0x8cb5) x 9 0x00000001
core   0: 0x800078f2 (0x6cf17613) andi    a2, sp, 1743
core   0: 3 0x800078f2 (0x6cf17613) x12 0x00000644
core   0: 0x800078f6 (0x032754b3) divu    s1, a4, s2
core   0: 3 0x800078f6 (0x032754b3) x 9 0x00000000
core   0: 0x800078fa (0x033c3333) mulhu   t1, s8, s3
core   0: 3 0x800078fa (0x033c3333) x 6 0x00000000
core   0: 0x800078fe (0x00006d3d) c.lui   s10, 0xf
core   0: 3 0x800078fe (0x6d3d) x26 0x0000f000
core   0: 0x80007900 (0x02ef6833) rem     a6, t5, a4
core   0: 3 0x80007900 (0x02ef6833) x16 0xffffffff
core   0: 0x80007904 (0x00ec1733) sll     a4, s8, a4
core   0: 3 0x80007904 (0x00ec1733) x14 0x00000000
core   0: 0x80007908 (0x00008fa9) c.xor   a5, a0
core   0: 3 0x80007908 (0x8fa9) x15 0x80022e64
core   0: 0x8000790a (0xbe00c793) xori    a5, ra, -1056
core   0: 3 0x8000790a (0xbe00c793) x15 0xfffffbe0
core   0: 0x8000790e (0x0000100f) fence.i
core   0: 3 0x8000790e (0x0000100f)
core   0: 0x80007912 (0x0000199c) c.addi4spn a5, sp, 240
core   0: 3 0x80007912 (0x199c) x15 0x80022f54
core   0: 0x80007914 (0x0254f663) bgeu    s1, t0, pc + 44
core   0: 3 0x80007914 (0x0254f663)
core   0: 0x80007940 (0x03022cb3) mulhsu  s9, tp, a6
core   0: 3 0x80007940 (0x03022cb3) x25 0x00000000
core   0: 0x80007944 (0x24df9017) auipc   zero, 0x24df9
core   0: 3 0x80007944 (0x24df9017)
core   0: 0x80007948 (0x403a5313) srai    t1, s4, 3
core   0: 3 0x80007948 (0x403a5313) x 6 0x00000000
core   0: 0x8000794c (0x000098fd) c.andi  s1, -1
core   0: 3 0x8000794c (0x98fd) x 9 0x00000000
core   0: 0x8000794e (0x01fd5d93) srli    s11, s10, 31
core   0: 3 0x8000794e (0x01fd5d93) x27 0x00000000
core   0: 0x80007952 (0x000097e6) c.add   a5, s9
core   0: 3 0x80007952 (0x97e6) x15 0x80022f54
core   0: 0x80007954 (0xb840ea13) ori     s4, ra, -1148
core   0: 3 0x80007954 (0xb840ea13) x20 0xfffffb84
core   0: 0x80007958 (0x00006ee9) c.lui   t4, 0x1a
core   0: 3 0x80007958 (0x6ee9) x29 0x0001a000
core   0: 0x8000795a (0x25e97113) andi    sp, s2, 606
core   0: 3 0x8000795a (0x25e97113) x 2 0x0000024e
core   0: 0x8000795e (0x00008c4d) c.or    s0, a1
core   0: 3 0x8000795e (0x8c4d) x 8 0x80026ce4
core   0: 0x80007960 (0x00009bfd) c.andi  a5, -1
core   0: 3 0x80007960 (0x9bfd) x15 0x80022f54
core   0: 0x80007962 (0x03ac9263) bne     s9, s10, pc + 36
core   0: 3 0x80007962 (0x03ac9263)
core   0: 0x80007986 (0x03ae5bb3) divu    s7, t3, s10
core   0: 3 0x80007986 (0x03ae5bb3) x23 0x00008e57
core   0: 0x8000798a (0x00008c71) c.and   s0, a2
core   0: 3 0x8000798a (0x8c71) x 8 0x00000444
core   0: 0x8000798c (0x00008e0d) c.sub   a2, a1
core   0: 3 0x8000798c (0x8e0d) x12 0x7ffd9960
core   0: 0x8000798e (0x00008361) c.srli  a4, 24
core   0: 3 0x8000798e (0x8361) x14 0x00000000
core   0: 0x80007990 (0x019601b3) add     gp, a2, s9
core   0: 3 0x80007990 (0x019601b3) x 3 0x7ffd9960
core   0: 0x80007994 (0x00008cf5) c.and   s1, a3
core   0: 3 0x80007994 (0x8cf5) x 9 0x00000000
core   0: 0x80007996 (0x00008339) c.srli  a4, 14
core   0: 3 0x80007996 (0x8339) x14 0x00000000
core   0: 0x80007998 (0x0ff0000f) fence   iorw,iorw
core   0: 3 0x80007998 (0x0ff0000f)
core   0: 0x8000799c (0x025ed463) bge     t4, t0, pc + 40
core   0: 3 0x8000799c (0x025ed463)
core   0: 0x800079c4 (0x000098fd) c.andi  s1, -1
core   0: 3 0x800079c4 (0x98fd) x 9 0x00000000
core   0: 0x800079c6 (0x00000001) c.nop
core   0: 3 0x800079c6 (0x0001)
core   0: 0x800079c8 (0x000060e1) c.lui   ra, 0x18
core   0: 3 0x800079c8 (0x60e1) x 1 0x00018000
core   0: 0x800079ca (0x03a94263) blt     s2, s10, pc + 36
core   0: 3 0x800079ca (0x03a94263)
core   0: 0x800079ee (0x00c64d33) xor     s10, a2, a2
core   0: 3 0x800079ee (0x00c64d33) x26 0x00000000
core   0: 0x800079f2 (0x0000998a) c.add   s3, sp
core   0: 3 0x800079f2 (0x998a) x19 0x0000024d
core   0: 0x800079f4 (0x0262b7b3) mulhu   a5, t0, t1
core   0: 3 0x800079f4 (0x0262b7b3) x15 0x00000000
core   0: 0x800079f8 (0x0000c615) c.beqz  a2, pc + 44
core   0: 3 0x800079f8 (0xc615)
core   0: 0x800079fa (0x020f1633) mulh    a2, t5, zero
core   0: 3 0x800079fa (0x020f1633) x12 0x00000000
core   0: 0x800079fe (0x01d15c93) srli    s9, sp, 29
core   0: 3 0x800079fe (0x01d15c93) x25 0x00000000
core   0: 0x80007a02 (0x012b2433) slt     s0, s6, s2
core   0: 3 0x80007a02 (0x012b2433) x 8 0x00000000
core   0: 0x80007a06 (0x00a02fb3) slt     t6, zero, a0
core   0: 3 0x80007a06 (0x00a02fb3) x31 0x00000000
core   0: 0x80007a0a (0xc578ae97) auipc   t4, 0xc578a
core   0: 3 0x80007a0a (0xc578ae97) x29 0x45791a0a
core   0: 0x80007a0e (0x020afc63) bgeu    s5, zero, pc + 56
core   0: 3 0x80007a0e (0x020afc63)
core   0: 0x80007a46 (0x50737f17) auipc   t5, 0x50737
core   0: 3 0x80007a46 (0x50737f17) x30 0xd073ea46
core   0: 0x80007a4a (0x0295c963) blt     a1, s1, pc + 50
core   0: 3 0x80007a4a (0x0295c963)
core   0: 0x80007a7c (0x0ff0000f) fence   iorw,iorw
core   0: 3 0x80007a7c (0x0ff0000f)
core   0: 0x80007a80 (0x0152d1b3) srl     gp, t0, s5
core   0: 3 0x80007a80 (0x0152d1b3) x 3 0x00000000
core   0: 0x80007a84 (0x03a5bbb3) mulhu   s7, a1, s10
core   0: 3 0x80007a84 (0x03a5bbb3) x23 0x00000000
core   0: 0x80007a88 (0x02c9fe33) remu    t3, s3, a2
core   0: 3 0x80007a88 (0x02c9fe33) x28 0x0000024d
core   0: 0x80007a8c (0x0000137d) c.addi  t1, -1
core   0: 3 0x80007a8c (0x137d) x 6 0xffffffff
core   0: 0x80007a8e (0x00fc83b3) add     t2, s9, a5
core   0: 3 0x80007a8e (0x00fc83b3) x 7 0x00000000
core   0: 0x80007a92 (0x00008426) c.mv    s0, s1
core   0: 3 0x80007a92 (0x8426) x 8 0x00000000
core   0: 0x80007a94 (0x01ca5793) srli    a5, s4, 28
core   0: 3 0x80007a94 (0x01ca5793) x15 0x0000000f
core   0: 0x80007a98 (0x00008c69) c.and   s0, a0
core   0: 3 0x80007a98 (0x8c69) x 8 0x00000000
core   0: 0x80007a9a (0x01f8d363) bge     a7, t6, pc + 6
core   0: 3 0x80007a9a (0x01f8d363)
core   0: 0x80007aa0 (0x00ff52b3) srl     t0, t5, a5
core   0: 3 0x80007aa0 (0x00ff52b3) x 5 0x0001a0e7
core   0: 0x80007aa4 (0x41f1d393) srai    t2, gp, 31
core   0: 3 0x80007aa4 (0x41f1d393) x 7 0x00000000
core   0: 0x80007aa8 (0x00008f9d) c.sub   a5, a5
core   0: 3 0x80007aa8 (0x8f9d) x15 0x00000000
core   0: 0x80007aaa (0xc4e93613) sltiu   a2, s2, -946
core   0: 3 0x80007aaa (0xc4e93613) x12 0x00000001
core   0: 0x80007aae (0x00bc8d63) beq     s9, a1, pc + 26
core   0: 3 0x80007aae (0x00bc8d63)
core   0: 0x80007ab2 (0x0088d293) srli    t0, a7, 8
core   0: 3 0x80007ab2 (0x0088d293) x 5 0x00000000
core   0: 0x80007ab6 (0x006ba1b3) slt     gp, s7, t1
core   0: 3 0x80007ab6 (0x006ba1b3) x 3 0x00000000
core   0: 0x80007aba (0x00483d33) sltu    s10, a6, tp
core   0: 3 0x80007aba (0x00483d33) x26 0x00000000
core   0: 0x80007abe (0x000080b1) c.srli  s1, 12
core   0: 3 0x80007abe (0x80b1) x 9 0x00000000
core   0: 0x80007ac0 (0x00008c3d) c.xor   s0, a5
core   0: 3 0x80007ac0 (0x8c3d) x 8 0x00000000
core   0: 0x80007ac2 (0x40900933) sub     s2, zero, s1
core   0: 3 0x80007ac2 (0x40900933) x18 0x00000000
core   0: 0x80007ac6 (0x0000987d) c.andi  s0, -1
core   0: 3 0x80007ac6 (0x987d) x 8 0x00000000
core   0: 0x80007ac8 (0x03794733) div     a4, s2, s7
core   0: 3 0x80007ac8 (0x03794733) x14 0xffffffff
core   0: 0x80007acc (0x03ba79b3) remu    s3, s4, s11
core   0: 3 0x80007acc (0x03ba79b3) x19 0xfffffb84
core   0: 0x80007ad0 (0x021472b3) remu    t0, s0, ra
core   0: 3 0x80007ad0 (0x021472b3) x 5 0x00000000
core   0: 0x80007ad4 (0x00008471) c.srai  s0, 28
core   0: 3 0x80007ad4 (0x8471) x 8 0x00000000
core   0: 0x80007ad6 (0x00000001) c.nop
core   0: 3 0x80007ad6 (0x0001)
core   0: 0x80007ad8 (0x00006469) c.lui   s0, 0x1a
core   0: 3 0x80007ad8 (0x6469) x 8 0x0001a000
core   0: 0x80007ada (0x05cd4163) blt     s10, t3, pc + 66
core   0: 3 0x80007ada (0x05cd4163)
core   0: 0x80007b1c (0xf617ef97) auipc   t6, 0xf617e
core   0: 3 0x80007b1c (0xf617ef97) x31 0x76185b1c
core   0: 0x80007b20 (0x0000086d) c.addi  a6, 27
core   0: 3 0x80007b20 (0x086d) x16 0x0000001a
core   0: 0x80007b22 (0x0000e0b1) c.bnez  s1, pc + 68
core   0: 3 0x80007b22 (0xe0b1)
core   0: 0x80007b24 (0x0091d463) bge     gp, s1, pc + 8
core   0: 3 0x80007b24 (0x0091d463)
core   0: 0x80007b2c (0x03a621b3) mulhsu  gp, a2, s10
core   0: 3 0x80007b2c (0x03a621b3) x 3 0x00000000
core   0: 0x80007b30 (0x006a6d33) or      s10, s4, t1
core   0: 3 0x80007b30 (0x006a6d33) x26 0xffffffff
core   0: 0x80007b34 (0x00008e5d) c.or    a2, a5
core   0: 3 0x80007b34 (0x8e5d) x12 0x00000001
core   0: 0x80007b36 (0x8150b013) sltiu   zero, ra, -2027
core   0: 3 0x80007b36 (0x8150b013)
core   0: 0x80007b3a (0x41d754b3) sra     s1, a4, t4
core   0: 3 0x80007b3a (0x41d754b3) x 9 0xffffffff
core   0: 0x80007b3e (0x001e3b33) sltu    s6, t3, ra
core   0: 3 0x80007b3e (0x001e3b33) x22 0x00000001
core   0: 0x80007b42 (0x0000c419) c.beqz  s0, pc + 14
core   0: 3 0x80007b42 (0xc419)
core   0: 0x80007b44 (0x036d2cb3) mulhsu  s9, s10, s6
core   0: 3 0x80007b44 (0x036d2cb3) x25 0xffffffff
core   0: 0x80007b48 (0x014a3333) sltu    t1, s4, s4
core   0: 3 0x80007b48 (0x014a3333) x 6 0x00000000
core   0: 0x80007b4c (0x01a5bf33) sltu    t5, a1, s10
core   0: 3 0x80007b4c (0x01a5bf33) x30 0x00000001
core   0: 0x80007b50 (0x03d002b3) mul     t0, zero, t4
core   0: 3 0x80007b50 (0x03d002b3) x 5 0x00000000
core   0: 0x80007b54 (0x00008cfa) c.mv    s9, t5
core   0: 3 0x80007b54 (0x8cfa) x25 0x00000001
core   0: 0x80007b56 (0x0000816a) c.mv    sp, s10
core   0: 3 0x80007b56 (0x816a) x 2 0xffffffff
core   0: 0x80007b58 (0x031a01b3) mul     gp, s4, a7
core   0: 3 0x80007b58 (0x031a01b3) x 3 0x00000000
core   0: 0x80007b5c (0x7333ba93) sltiu   s5, t2, 1843
core   0: 3 0x80007b5c (0x7333ba93) x21 0x00000001
core   0: 0x80007b60 (0x00006b11) c.lui   s6, 0x4
core   0: 3 0x80007b60 (0x6b11) x22 0x00004000
core   0: 0x80007b62 (0x02bdc6b3) div     a3, s11, a1
core   0: 3 0x80007b62 (0x02bdc6b3) x13 0x00000000
core   0: 0x80007b66 (0x0000c705) c.beqz  a4, pc + 40
core   0: 3 0x80007b66 (0xc705)
core   0: 0x80007b68 (0x00008879) c.andi  s0, 30
core   0: 3 0x80007b68 (0x8879) x 8 0x00000000
core   0: 0x80007b6a (0x016c9733) sll     a4, s9, s6
core   0: 3 0x80007b6a (0x016c9733) x14 0x00000001
core   0: 0x80007b6e (0x4099d6b3) sra     a3, s3, s1
core   0: 3 0x80007b6e (0x4099d6b3) x13 0xffffffff
core   0: 0x80007b72 (0x01935f33) srl     t5, t1, s9
core   0: 3 0x80007b72 (0x01935f33) x30 0x00000000
core   0: 0x80007b76 (0x000060e5) c.lui   ra, 0x19
core   0: 3 0x80007b76 (0x60e5) x 1 0x00019000
core   0: 0x80007b78 (0x40ce0133) sub     sp, t3, a2
core   0: 3 0x80007b78 (0x40ce0133) x 2 0x0000024c
core   0: 0x80007b7c (0x418ad833) sra     a6, s5, s8
core   0: 3 0x80007b7c (0x418ad833) x16 0x00000001
core   0: 0x80007b80 (0x40e3d113) srai    sp, t2, 14
core   0: 3 0x80007b80 (0x40e3d113) x 2 0x00000000
core   0: 0x80007b84 (0x03fece33) div     t3, t4, t6
core   0: 3 0x80007b84 (0x03fece33) x28 0x00000000
core   0: 0x80007b88 (0x0348f133) remu    sp, a7, s4
core   0: 3 0x80007b88 (0x0348f133) x 2 0x00000000
core   0: 0x80007b8c (0x000091ee) c.add   gp, s11
core   0: 3 0x80007b8c (0x91ee) x 3 0x00000000
core   0: 0x80007b8e (0x00008c19) c.sub   s0, a4
core   0: 3 0x80007b8e (0x8c19) x 8 0xffffffff
core   0: 0x80007b90 (0x0000e209) c.bnez  a2, pc + 2
core   0: 3 0x80007b90 (0xe209)
core   0: 0x80007b92 (0x015d1133) sll     sp, s10, s5
core   0: 3 0x80007b92 (0x015d1133) x 2 0xfffffffe
core   0: 0x80007b96 (0x00000001) c.nop
core   0: 3 0x80007b96 (0x0001)
core   0: 0x80007b98 (0x00009e0a) c.add   t3, sp
core   0: 3 0x80007b98 (0x9e0a) x28 0xfffffffe
core   0: 0x80007b9a (0x00008f41) c.or    a4, s0
core   0: 3 0x80007b9a (0x8f41) x14 0xffffffff
core   0: 0x80007b9c (0x0000117d) c.addi  sp, -1
core   0: 3 0x80007b9c (0x117d) x 2 0xfffffffd
core   0: 0x80007b9e (0x00009432) c.add   s0, a2
core   0: 3 0x80007b9e (0x9432) x 8 0x00000000
core   0: 0x80007ba0 (0x00008e8d) c.sub   a3, a1
core   0: 3 0x80007ba0 (0x8e8d) x13 0x7ffd931b
core   0: 0x80007ba2 (0x02156fb3) rem     t6, a0, ra
core   0: 3 0x80007ba2 (0x02156fb3) x31 0xffffce64
core   0: 0x80007ba6 (0x00009fce) c.add   t6, s3
core   0: 3 0x80007ba6 (0x9fce) x31 0xffffc9e8
core   0: 0x80007ba8 (0x01c39e13) slli    t3, t2, 28
core   0: 3 0x80007ba8 (0x01c39e13) x28 0x00000000
core   0: 0x80007bac (0x04b37163) bgeu    t1, a1, pc + 66
core   0: 3 0x80007bac (0x04b37163)
core   0: 0x80007bb0 (0x5e43c293) xori    t0, t2, 1508
core   0: 3 0x80007bb0 (0x5e43c293) x 5 0x000005e4
core   0: 0x80007bb4 (0x24fbac13) slti    s8, s7, 591
core   0: 3 0x80007bb4 (0x24fbac13) x24 0x00000001
core   0: 0x80007bb8 (0xc6420813) addi    a6, tp, -924
core   0: 3 0x80007bb8 (0xc6420813) x16 0xfffffc64
core   0: 0x80007bbc (0x00008ca9) c.xor   s1, a0
core   0: 3 0x80007bbc (0x8ca9) x 9 0x7ffdd19b
core   0: 0x80007bbe (0x030097b3) mulh    a5, ra, a6
core   0: 3 0x80007bbe (0x030097b3) x15 0xffffffff
core   0: 0x80007bc2 (0x48370f97) auipc   t6, 0x48370
core   0: 3 0x80007bc2 (0x48370f97) x31 0xc8377bc2
core   0: 0x80007bc6 (0x03e36ab3) rem     s5, t1, t5
core   0: 3 0x80007bc6 (0x03e36ab3) x21 0x00000000
core   0: 0x80007bca (0x037ac763) blt     s5, s7, pc + 46
core   0: 3 0x80007bca (0x037ac763)
core   0: 0x80007bce (0x001a3833) sltu    a6, s4, ra
core   0: 3 0x80007bce (0x001a3833) x16 0x00000000
core   0: 0x80007bd2 (0x0000ef1d) c.bnez  a4, pc + 62
core   0: 3 0x80007bd2 (0xef1d)
core   0: 0x80007c10 (0xd21c7817) auipc   a6, 0xd21c7
core   0: 3 0x80007c10 (0xd21c7817) x16 0x521cec10
core   0: 0x80007c14 (0x024e5cb3) divu    s9, t3, tp
core   0: 3 0x80007c14 (0x024e5cb3) x25 0xffffffff
core   0: 0x80007c18 (0x028d2a33) mulhsu  s4, s10, s0
core   0: 3 0x80007c18 (0x028d2a33) x20 0x00000000
core   0: 0x80007c1c (0x03c832b3) mulhu   t0, a6, t3
core   0: 3 0x80007c1c (0x03c832b3) x 5 0x00000000
core   0: 0x80007c20 (0x00005d7d) c.li    s10, -1
core   0: 3 0x80007c20 (0x5d7d) x26 0xffffffff
core   0: 0x80007c22 (0x03fe9833) mulh    a6, t4, t6
core   0: 3 0x80007c22 (0x03fe9833) x16 0xf0dc90e8
core   0: 0x80007c26 (0x03a117b3) mulh    a5, sp, s10
core   0: 3 0x80007c26 (0x03a117b3) x15 0x00000000
core   0: 0x80007c2a (0x0000ea99) c.bnez  a3, pc + 22
core   0: 3 0x80007c2a (0xea99)
core   0: 0x80007c40 (0x00001980) c.addi4spn s0, sp, 240
core   0: 3 0x80007c40 (0x1980) x 8 0x000000ed
core   0: 0x80007c42 (0x02d6afb3) mulhsu  t6, a3, a3
core   0: 3 0x80007c42 (0x02d6afb3) x31 0x3ffd9320
core   0: 0x80007c46 (0x00000001) c.nop
core   0: 3 0x80007c46 (0x0001)
core   0: 0x80007c48 (0x00008fc9) c.or    a5, a0
core   0: 3 0x80007c48 (0x8fc9) x15 0x80022e64
core   0: 0x80007c4a (0x00009bae) c.add   s7, a1
core   0: 3 0x80007c4a (0x9bae) x23 0x80026ce4
core   0: 0x80007c4c (0x003ceeb3) or      t4, s9, gp
core   0: 3 0x80007c4c (0x003ceeb3) x29 0xffffffff
core   0: 0x80007c50 (0x033a9133) mulh    sp, s5, s3
core   0: 3 0x80007c50 (0x033a9133) x 2 0x00000000
core   0: 0x80007c54 (0x02daea33) rem     s4, s5, a3
core   0: 3 0x80007c54 (0x02daea33) x20 0x00000000
core   0: 0x80007c58 (0x018c92b3) sll     t0, s9, s8
core   0: 3 0x80007c58 (0x018c92b3) x 5 0xfffffffe
core   0: 0x80007c5c (0x032c09b3) mul     s3, s8, s2
core   0: 3 0x80007c5c (0x032c09b3) x19 0x00000000
core   0: 0x80007c60 (0x01e84933) xor     s2, a6, t5
core   0: 3 0x80007c60 (0x01e84933) x18 0xf0dc90e8
core   0: 0x80007c64 (0x227ad417) auipc   s0, 0x227ad
core   0: 3 0x80007c64 (0x227ad417) x 8 0xa27b4c64
core   0: 0x80007c68 (0x0044bc33) sltu    s8, s1, tp
core   0: 3 0x80007c68 (0x0044bc33) x24 0x00000000
core   0: 0x80007c6c (0xe52a2e13) slti    t3, s4, -430
core   0: 3 0x80007c6c (0xe52a2e13) x28 0x00000000
core   0: 0x80007c70 (0x0000c329) c.beqz  a4, pc + 66
core   0: 3 0x80007c70 (0xc329)
core   0: 0x80007c72 (0x3318a2b7) lui     t0, 0x3318a
core   0: 3 0x80007c72 (0x3318a2b7) x 5 0x3318a000
core   0: 0x80007c76 (0x03797db3) remu    s11, s2, s7
core   0: 3 0x80007c76 (0x03797db3) x27 0x70da2404
core   0: 0x80007c7a (0x00000f14) c.addi4spn a3, sp, 912
core   0: 3 0x80007c7a (0x0f14) x13 0x00000390
core   0: 0x80007c7c (0x019ad433) srl     s0, s5, s9
core   0: 3 0x80007c7c (0x019ad433) x 8 0x00000000
core   0: 0x80007c80 (0x02aff763) bgeu    t6, a0, pc + 46
core   0: 3 0x80007c80 (0x02aff763)
core   0: 0x80007c84 (0x00008456) c.mv    s0, s5
core   0: 3 0x80007c84 (0x8456) x 8 0x00000000
core   0: 0x80007c86 (0x00000001) c.nop
core   0: 3 0x80007c86 (0x0001)
core   0: 0x80007c88 (0x00251c33) sll     s8, a0, sp
core   0: 3 0x80007c88 (0x00251c33) x24 0x80022e64
core   0: 0x80007c8c (0xdfae4993) xori    s3, t3, -518
core   0: 3 0x80007c8c (0xdfae4993) x19 0xfffffdfa
core   0: 0x80007c90 (0x0031e033) or      zero, gp, gp
core   0: 3 0x80007c90 (0x0031e033)
core   0: 0x80007c94 (0x9b694417) auipc   s0, 0x9b694
core   0: 3 0x80007c94 (0x9b694417) x 8 0x1b69bc94
core   0: 0x80007c98 (0x00000001) c.nop
core   0: 3 0x80007c98 (0x0001)
core   0: 0x80007c9a (0x23ab4493) xori    s1, s6, 570
core   0: 3 0x80007c9a (0x23ab4493) x 9 0x0000423a
core   0: 0x80007c9e (0x010dbcb3) sltu    s9, s11, a6
core   0: 3 0x80007c9e (0x010dbcb3) x25 0x00000001
core   0: 0x80007ca2 (0x4c4b8d13) addi    s10, s7, 1220
core   0: 3 0x80007ca2 (0x4c4b8d13) x26 0x800271a8
core   0: 0x80007ca6 (0x017eda63) bge     t4, s7, pc + 20
core   0: 3 0x80007ca6 (0x017eda63)
core   0: 0x80007cba (0x0000643d) c.lui   s0, 0xf
core   0: 3 0x80007cba (0x643d) x 8 0x0000f000
core   0: 0x80007cbc (0x5d818a93) addi    s5, gp, 1496
core   0: 3 0x80007cbc (0x5d818a93) x21 0x000005d8
core   0: 0x80007cc0 (0x024ca0b3) mulhsu  ra, s9, tp
core   0: 3 0x80007cc0 (0x024ca0b3) x 1 0x00000000
core   0: 0x80007cc4 (0xd3ae9e97) auipc   t4, 0xd3ae9
core   0: 3 0x80007cc4 (0xd3ae9e97) x29 0x53af0cc4
core   0: 0x80007cc8 (0x00000001) c.nop
core   0: 3 0x80007cc8 (0x0001)
core   0: 0x80007cca (0x0000c88d) c.beqz  s1, pc + 50
core   0: 3 0x80007cca (0xc88d)
core   0: 0x80007ccc (0x00006e39) c.lui   t3, 0xe
core   0: 3 0x80007ccc (0x6e39) x28 0x0000e000
core   0: 0x80007cce (0x0300edb3) rem     s11, ra, a6
core   0: 3 0x80007cce (0x0300edb3) x27 0x00000000
core   0: 0x80007cd2 (0x487b2893) slti    a7, s6, 1159
core   0: 3 0x80007cd2 (0x487b2893) x17 0x00000000
core   0: 0x80007cd6 (0x4171d913) srai    s2, gp, 23
core   0: 3 0x80007cd6 (0x4171d913) x18 0x00000000
core   0: 0x80007cda (0x44910917) auipc   s2, 0x44910
core   0: 3 0x80007cda (0x44910917) x18 0xc4917cda
core   0: 0x80007cde (0xd91dbd13) sltiu   s10, s11, -623
core   0: 3 0x80007cde (0xd91dbd13) x26 0x00000001
core   0: 0x80007ce2 (0xfcb67113) andi    sp, a2, -53
core   0: 3 0x80007ce2 (0xfcb67113) x 2 0x00000001
core   0: 0x80007ce6 (0x011377b3) and     a5, t1, a7
core   0: 3 0x80007ce6 (0x011377b3) x15 0x00000000
core   0: 0x80007cea (0x000017fd) c.addi  a5, -1
core   0: 3 0x80007cea (0x17fd) x15 0xffffffff
core   0: 0x80007cec (0x031071b3) remu    gp, zero, a7
core   0: 3 0x80007cec (0x031071b3) x 3 0x00000000
core   0: 0x80007cf0 (0x00008f69) c.and   a4, a0
core   0: 3 0x80007cf0 (0x8f69) x14 0x80022e64
core   0: 0x80007cf2 (0x000086a1) c.srai  a3, 8
core   0: 3 0x80007cf2 (0x86a1) x13 0x00000003
core   0: 0x80007cf4 (0x00008ffd) c.and   a5, a5
core   0: 3 0x80007cf4 (0x8ffd) x15 0xffffffff
core   0: 0x80007cf6 (0x023809b3) mul     s3, a6, gp
core   0: 3 0x80007cf6 (0x023809b3) x19 0x00000000
core   0: 0x80007cfa (0x0000c781) c.beqz  a5, pc + 8
core   0: 3 0x80007cfa (0xc781)
core   0: 0x80007cfc (0x2a1acd13) xori    s10, s5, 673
core   0: 3 0x80007cfc (0x2a1acd13) x26 0x00000779
core   0: 0x80007d00 (0x00000852) c.slli  a6, 20
core   0: 3 0x80007d00 (0x0852) x16 0x0e800000
core   0: 0x80007d02 (0x000004ba) c.slli  s1, 14
core   0: 3 0x80007d02 (0x04ba) x 9 0x108e8000
core   0: 0x80007d04 (0x00000217) auipc   tp, 0x0
core   0: 3 0x80007d04 (0x00000217) x 4 0x80007d04
core   0: 0x80007d08 (0x00c20213) addi    tp, tp, 12
core   0: 3 0x80007d08 (0x00c20213) x 4 0x80007d10
core   0: 0x80007d0c (0x00020067) jr      tp
core   0: 3 0x80007d0c (0x00020067)
core   0: 0x80007d10 (0x00004185) c.li    gp, 1
core   0: 3 0x80007d10 (0x4185) x 3 0x00000001
core   0: 0x80007d12 (0x00000073) ecall
core   0: exception trap_machine_ecall, epc 0x80007d12
core   0: >>>>  mtvec_handler
core   0: 0x8000bcd0 (0x0400006f) j       pc + 0x40
core   0: 3 0x8000bcd0 (0x0400006f)
core   0: 0x8000bd10 (0x000015f1) c.addi  a1, -4
core   0: 3 0x8000bd10 (0x15f1) x11 0x80026ce0
core   0: 0x8000bd12 (0x0000c188) c.sw    a0, 0(a1)
core   0: 3 0x8000bd12 (0xc188) mem 0x80026ce0 0x80022e64
core   0: 0x8000bd14 (0x00058533) add     a0, a1, zero
core   0: 3 0x8000bd14 (0x00058533) x10 0x80026ce0
core   0: 0x8000bd18 (0xf8050513) addi    a0, a0, -128
core   0: 3 0x8000bd18 (0xf8050513) x10 0x80026c60
core   0: 0x8000bd1c (0x00152223) sw      ra, 4(a0)
core   0: 3 0x8000bd1c (0x00152223) mem 0x80026c64 0x00000000
core   0: 0x8000bd20 (0x00252423) sw      sp, 8(a0)
core   0: 3 0x8000bd20 (0x00252423) mem 0x80026c68 0x00000001
core   0: 0x8000bd24 (0x00352623) sw      gp, 12(a0)
core   0: 3 0x8000bd24 (0x00352623) mem 0x80026c6c 0x00000001
core   0: 0x8000bd28 (0x00452823) sw      tp, 16(a0)
core   0: 3 0x8000bd28 (0x00452823) mem 0x80026c70 0x80007d10
core   0: 0x8000bd2c (0x00552a23) sw      t0, 20(a0)
core   0: 3 0x8000bd2c (0x00552a23) mem 0x80026c74 0x3318a000
core   0: 0x8000bd30 (0x00652c23) sw      t1, 24(a0)
core   0: 3 0x8000bd30 (0x00652c23) mem 0x80026c78 0x00000000
core   0: 0x8000bd34 (0x00752e23) sw      t2, 28(a0)
core   0: 3 0x8000bd34 (0x00752e23) mem 0x80026c7c 0x00000000
core   0: 0x8000bd38 (0x0000d100) c.sw    s0, 32(a0)
core   0: 3 0x8000bd38 (0xd100) mem 0x80026c80 0x0000f000
core   0: 0x8000bd3a (0x0000d144) c.sw    s1, 36(a0)
core   0: 3 0x8000bd3a (0xd144) mem 0x80026c84 0x108e8000
core   0: 0x8000bd3c (0x0000d508) c.sw    a0, 40(a0)
core   0: 3 0x8000bd3c (0xd508) mem 0x80026c88 0x80026c60
core   0: 0x8000bd3e (0x0000d54c) c.sw    a1, 44(a0)
core   0: 3 0x8000bd3e (0xd54c) mem 0x80026c8c 0x80026ce0
core   0: 0x8000bd40 (0x0000d910) c.sw    a2, 48(a0)
core   0: 3 0x8000bd40 (0xd910) mem 0x80026c90 0x00000001
core   0: 0x8000bd42 (0x0000d954) c.sw    a3, 52(a0)
core   0: 3 0x8000bd42 (0xd954) mem 0x80026c94 0x00000003
core   0: 0x8000bd44 (0x0000dd18) c.sw    a4, 56(a0)
core   0: 3 0x8000bd44 (0xdd18) mem 0x80026c98 0x80022e64
core   0: 0x8000bd46 (0x0000dd5c) c.sw    a5, 60(a0)
core   0: 3 0x8000bd46 (0xdd5c) mem 0x80026c9c 0xffffffff
core   0: 0x8000bd48 (0x05052023) sw      a6, 64(a0)
core   0: 3 0x8000bd48 (0x05052023) mem 0x80026ca0 0x0e800000
core   0: 0x8000bd4c (0x05152223) sw      a7, 68(a0)
core   0: 3 0x8000bd4c (0x05152223) mem 0x80026ca4 0x00000000
core   0: 0x8000bd50 (0x05252423) sw      s2, 72(a0)
core   0: 3 0x8000bd50 (0x05252423) mem 0x80026ca8 0xc4917cda
core   0: 0x8000bd54 (0x05352623) sw      s3, 76(a0)
core   0: 3 0x8000bd54 (0x05352623) mem 0x80026cac 0x00000000
core   0: 0x8000bd58 (0x05452823) sw      s4, 80(a0)
core   0: 3 0x8000bd58 (0x05452823) mem 0x80026cb0 0x00000000
core   0: 0x8000bd5c (0x05552a23) sw      s5, 84(a0)
core   0: 3 0x8000bd5c (0x05552a23) mem 0x80026cb4 0x000005d8
core   0: 0x8000bd60 (0x05652c23) sw      s6, 88(a0)
core   0: 3 0x8000bd60 (0x05652c23) mem 0x80026cb8 0x00004000
core   0: 0x8000bd64 (0x05752e23) sw      s7, 92(a0)
core   0: 3 0x8000bd64 (0x05752e23) mem 0x80026cbc 0x80026ce4
core   0: 0x8000bd68 (0x07852023) sw      s8, 96(a0)
core   0: 3 0x8000bd68 (0x07852023) mem 0x80026cc0 0x80022e64
core   0: 0x8000bd6c (0x07952223) sw      s9, 100(a0)
core   0: 3 0x8000bd6c (0x07952223) mem 0x80026cc4 0x00000001
core   0: 0x8000bd70 (0x07a52423) sw      s10, 104(a0)
core   0: 3 0x8000bd70 (0x07a52423) mem 0x80026cc8 0x00000779
core   0: 0x8000bd74 (0x07b52623) sw      s11, 108(a0)
core   0: 3 0x8000bd74 (0x07b52623) mem 0x80026ccc 0x00000000
core   0: 0x8000bd78 (0x07c52823) sw      t3, 112(a0)
core   0: 3 0x8000bd78 (0x07c52823) mem 0x80026cd0 0x0000e000
core   0: 0x8000bd7c (0x07d52a23) sw      t4, 116(a0)
core   0: 3 0x8000bd7c (0x07d52a23) mem 0x80026cd4 0x53af0cc4
core   0: 0x8000bd80 (0x07e52c23) sw      t5, 120(a0)
core   0: 3 0x8000bd80 (0x07e52c23) mem 0x80026cd8 0x00000000
core   0: 0x8000bd84 (0x07f52e23) sw      t6, 124(a0)
core   0: 3 0x8000bd84 (0x07f52e23) mem 0x80026cdc 0x3ffd9320
core   0: 0x8000bd88 (0x000505b3) add     a1, a0, zero
core   0: 3 0x8000bd88 (0x000505b3) x11 0x80026c60
core   0: 0x8000bd8c (0x34102173) csrr    sp, mepc
core   0: 3 0x8000bd8c (0x34102173) x 2 0x80007d12
core   0: 0x8000bd90 (0x34202173) csrr    sp, mcause
core   0: 3 0x8000bd90 (0x34202173) x 2 0x0000000b
core   0: 0x8000bd94 (0x00004f0d) c.li    t5, 3
core   0: 3 0x8000bd94 (0x4f0d) x30 0x00000003
core   0: 0x8000bd96 (0x23e10263) beq     sp, t5, pc + 548
core   0: 3 0x8000bd96 (0x23e10263)
core   0: 0x8000bd9a (0x00004f21) c.li    t5, 8
core   0: 3 0x8000bd9a (0x4f21) x30 0x00000008
core   0: 0x8000bd9c (0x05e10563) beq     sp, t5, pc + 74
core   0: 3 0x8000bd9c (0x05e10563)
core   0: 0x8000bda0 (0x00004f25) c.li    t5, 9
core   0: 3 0x8000bda0 (0x4f25) x30 0x00000009
core   0: 0x8000bda2 (0x05e10263) beq     sp, t5, pc + 68
core   0: 3 0x8000bda2 (0x05e10263)
core   0: 0x8000bda6 (0x00004f2d) c.li    t5, 11
core   0: 3 0x8000bda6 (0x4f2d) x30 0x0000000b
core   0: 0x8000bda8 (0x03e10f63) beq     sp, t5, pc + 62
core   0: 3 0x8000bda8 (0x03e10f63)
core   0: 0x8000bde6 (0xffff4117) auipc   sp, 0xffff4
core   0: 3 0x8000bde6 (0xffff4117) x 2 0x7ffffde6
core   0: 0x8000bdea (0x21a10113) addi    sp, sp, 538
core   0: 3 0x8000bdea (0x21a10113) x 2 0x80000000
core   0: 0x8000bdee (0x0000c002) c.swsp  zero, 0(sp)
core   0: 3 0x8000bdee (0xc002) mem 0x80000000 0x00000000
core   0: 0x8000bdf0 (0x0000c206) c.swsp  ra, 4(sp)
core   0: 3 0x8000bdf0 (0xc206) mem 0x80000004 0x00000000
core   0: 0x8000bdf2 (0x0000c40a) c.swsp  sp, 8(sp)
core   0: 3 0x8000bdf2 (0xc40a) mem 0x80000008 0x80000000
core   0: 0x8000bdf4 (0x0000c60e) c.swsp  gp, 12(sp)
core   0: 3 0x8000bdf4 (0xc60e) mem 0x8000000c 0x00000001
core   0: 0x8000bdf6 (0x0000c812) c.swsp  tp, 16(sp)
core   0: 3 0x8000bdf6 (0xc812) mem 0x80000010 0x80007d10
core   0: 0x8000bdf8 (0x0000ca16) c.swsp  t0, 20(sp)
core   0: 3 0x8000bdf8 (0xca16) mem 0x80000014 0x3318a000
core   0: 0x8000bdfa (0x0000cc1a) c.swsp  t1, 24(sp)
core   0: 3 0x8000bdfa (0xcc1a) mem 0x80000018 0x00000000
core   0: 0x8000bdfc (0x0000ce1e) c.swsp  t2, 28(sp)
core   0: 3 0x8000bdfc (0xce1e) mem 0x8000001c 0x00000000
core   0: 0x8000bdfe (0x0000d022) c.swsp  s0, 32(sp)
core   0: 3 0x8000bdfe (0xd022) mem 0x80000020 0x0000f000
core   0: 0x8000be00 (0x0000d226) c.swsp  s1, 36(sp)
core   0: 3 0x8000be00 (0xd226) mem 0x80000024 0x108e8000
core   0: 0x8000be02 (0x0000d42a) c.swsp  a0, 40(sp)
core   0: 3 0x8000be02 (0xd42a) mem 0x80000028 0x80026c60
core   0: 0x8000be04 (0x0000d62e) c.swsp  a1, 44(sp)
core   0: 3 0x8000be04 (0xd62e) mem 0x8000002c 0x80026c60
core   0: 0x8000be06 (0x0000d832) c.swsp  a2, 48(sp)
core   0: 3 0x8000be06 (0xd832) mem 0x80000030 0x00000001
core   0: 0x8000be08 (0x0000da36) c.swsp  a3, 52(sp)
core   0: 3 0x8000be08 (0xda36) mem 0x80000034 0x00000003
core   0: 0x8000be0a (0x0000dc3a) c.swsp  a4, 56(sp)
core   0: 3 0x8000be0a (0xdc3a) mem 0x80000038 0x80022e64
core   0: 0x8000be0c (0x0000de3e) c.swsp  a5, 60(sp)
core   0: 3 0x8000be0c (0xde3e) mem 0x8000003c 0xffffffff
core   0: 0x8000be0e (0x0000c0c2) c.swsp  a6, 64(sp)
core   0: 3 0x8000be0e (0xc0c2) mem 0x80000040 0x0e800000
core   0: 0x8000be10 (0x0000c2c6) c.swsp  a7, 68(sp)
core   0: 3 0x8000be10 (0xc2c6) mem 0x80000044 0x00000000
core   0: 0x8000be12 (0x0000c4ca) c.swsp  s2, 72(sp)
core   0: 3 0x8000be12 (0xc4ca) mem 0x80000048 0xc4917cda
core   0: 0x8000be14 (0x0000c6ce) c.swsp  s3, 76(sp)
core   0: 3 0x8000be14 (0xc6ce) mem 0x8000004c 0x00000000
core   0: 0x8000be16 (0x0000c8d2) c.swsp  s4, 80(sp)
core   0: 3 0x8000be16 (0xc8d2) mem 0x80000050 0x00000000
core   0: 0x8000be18 (0x0000cad6) c.swsp  s5, 84(sp)
core   0: 3 0x8000be18 (0xcad6) mem 0x80000054 0x000005d8
core   0: 0x8000be1a (0x0000ccda) c.swsp  s6, 88(sp)
core   0: 3 0x8000be1a (0xccda) mem 0x80000058 0x00004000
core   0: 0x8000be1c (0x0000cede) c.swsp  s7, 92(sp)
core   0: 3 0x8000be1c (0xcede) mem 0x8000005c 0x80026ce4
core   0: 0x8000be1e (0x0000d0e2) c.swsp  s8, 96(sp)
core   0: 3 0x8000be1e (0xd0e2) mem 0x80000060 0x80022e64
core   0: 0x8000be20 (0x0000d2e6) c.swsp  s9, 100(sp)
core   0: 3 0x8000be20 (0xd2e6) mem 0x80000064 0x00000001
core   0: 0x8000be22 (0x0000d4ea) c.swsp  s10, 104(sp)
core   0: 3 0x8000be22 (0xd4ea) mem 0x80000068 0x00000779
core   0: 0x8000be24 (0x0000d6ee) c.swsp  s11, 108(sp)
core   0: 3 0x8000be24 (0xd6ee) mem 0x8000006c 0x00000000
core   0: 0x8000be26 (0x0000d8f2) c.swsp  t3, 112(sp)
core   0: 3 0x8000be26 (0xd8f2) mem 0x80000070 0x0000e000
core   0: 0x8000be28 (0x0000daf6) c.swsp  t4, 116(sp)
core   0: 3 0x8000be28 (0xdaf6) mem 0x80000074 0x53af0cc4
core   0: 0x8000be2a (0x0000dcfa) c.swsp  t5, 120(sp)
core   0: 3 0x8000be2a (0xdcfa) mem 0x80000078 0x0000000b
core   0: 0x8000be2c (0x0000defe) c.swsp  t6, 124(sp)
core   0: 3 0x8000be2c (0xdefe) mem 0x8000007c 0x3ffd9320
core   0: 0x8000be2e (0xfffff217) auipc   tp, 0xfffff
core   0: 3 0x8000be2e (0xfffff217) x 4 0x8000ae2e
core   0: 0x8000be32 (0x5b220213) addi    tp, tp, 1458
core   0: 3 0x8000be32 (0x5b220213) x 4 0x8000b3e0
core   0: 0x8000be36 (0x00020067) jr      tp
core   0: 3 0x8000be36 (0x00020067)
core   0: 0x8000b3e0 (0x00002f17) auipc   t5, 0x2
core   0: 3 0x8000b3e0 (0x00002f17) x30 0x8000d3e0
core   0: 0x8000b3e4 (0xc23f2023) sw      gp, -992(t5)
core   0: 3 0x8000b3e4 (0xc23f2023) mem 0x8000d000 0x00000001
core   0: 0x8000b3e8 (0x0000bfe5) c.j     pc - 8
core   0: 3 0x8000b3e8 (0xbfe5)
core   0: 0x8000b3e0 (0x00002f17) auipc   t5, 0x2
core   0: 3 0x8000b3e0 (0x00002f17) x30 0x8000d3e0
core   0: 0x8000b3e4 (0xc23f2023) sw      gp, -992(t5)
core   0: 3 0x8000b3e4 (0xc23f2023) mem 0x8000d000 0x00000001
core   0: 0x8000b3e8 (0x0000bfe5) c.j     pc - 8
core   0: 3 0x8000b3e8 (0xbfe5)
core   0: 0x8000b3e0 (0x00002f17) auipc   t5, 0x2
core   0: 3 0x8000b3e0 (0x00002f17) x30 0x8000d3e0
core   0: 0x8000b3e4 (0xc23f2023) sw      gp, -992(t5)
core   0: 3 0x8000b3e4 (0xc23f2023) mem 0x8000d000 0x00000001
core   0: 0x8000b3e8 (0x0000bfe5) c.j     pc - 8
core   0: 3 0x8000b3e8 (0xbfe5)
core   0: 0x8000b3e0 (0x00002f17) auipc   t5, 0x2
core   0: 3 0x8000b3e0 (0x00002f17) x30 0x8000d3e0
core   0: 0x8000b3e4 (0xc23f2023) sw      gp, -992(t5)
core   0: 3 0x8000b3e4 (0xc23f2023) mem 0x8000d000 0x00000001
core   0: 0x8000b3e8 (0x0000bfe5) c.j     pc - 8
core   0: 3 0x8000b3e8 (0xbfe5)
core   0: 0x8000b3e0 (0x00002f17) auipc   t5, 0x2
core   0: 3 0x8000b3e0 (0x00002f17) x30 0x8000d3e0
core   0: 0x8000b3e4 (0xc23f2023) sw      gp, -992(t5)
core   0: 3 0x8000b3e4 (0xc23f2023) mem 0x8000d000 0x00000001
core   0: 0x8000b3e8 (0x0000bfe5) c.j     pc - 8
core   0: 3 0x8000b3e8 (0xbfe5)
core   0: 0x8000b3e0 (0x00002f17) auipc   t5, 0x2
core   0: 3 0x8000b3e0 (0x00002f17) x30 0x8000d3e0
core   0: 0x8000b3e4 (0xc23f2023) sw      gp, -992(t5)
core   0: 3 0x8000b3e4 (0xc23f2023) mem 0x8000d000 0x00000001
core   0: 0x8000b3e8 (0x0000bfe5) c.j     pc - 8
core   0: 3 0x8000b3e8 (0xbfe5)
core   0: 0x8000b3e0 (0x00002f17) auipc   t5, 0x2
core   0: 3 0x8000b3e0 (0x00002f17) x30 0x8000d3e0
core   0: 0x8000b3e4 (0xc23f2023) sw      gp, -992(t5)
core   0: 3 0x8000b3e4 (0xc23f2023) mem 0x8000d000 0x00000001
core   0: 0x8000b3e8 (0x0000bfe5) c.j     pc - 8
core   0: 3 0x8000b3e8 (0xbfe5)
core   0: 0x8000b3e0 (0x00002f17) auipc   t5, 0x2
core   0: 3 0x8000b3e0 (0x00002f17) x30 0x8000d3e0
core   0: 0x8000b3e4 (0xc23f2023) sw      gp, -992(t5)
core   0: 3 0x8000b3e4 (0xc23f2023) mem 0x8000d000 0x00000001
core   0: 0x8000b3e8 (0x0000bfe5) c.j     pc - 8
core   0: 3 0x8000b3e8 (0xbfe5)
core   0: 0x8000b3e0 (0x00002f17) auipc   t5, 0x2
core   0: 3 0x8000b3e0 (0x00002f17) x30 0x8000d3e0
core   0: 0x8000b3e4 (0xc23f2023) sw      gp, -992(t5)
core   0: 3 0x8000b3e4 (0xc23f2023) mem 0x8000d000 0x00000001
core   0: 0x8000b3e8 (0x0000bfe5) c.j     pc - 8
core   0: 3 0x8000b3e8 (0xbfe5)
core   0: 0x8000b3e0 (0x00002f17) auipc   t5, 0x2
core   0: 3 0x8000b3e0 (0x00002f17) x30 0x8000d3e0
core   0: 0x8000b3e4 (0xc23f2023) sw      gp, -992(t5)
core   0: 3 0x8000b3e4 (0xc23f2023) mem 0x8000d000 0x00000001
core   0: 0x8000b3e8 (0x0000bfe5) c.j     pc - 8
core   0: 3 0x8000b3e8 (0xbfe5)
core   0: 0x8000b3e0 (0x00002f17) auipc   t5, 0x2
core   0: 3 0x8000b3e0 (0x00002f17) x30 0x8000d3e0
core   0: 0x8000b3e4 (0xc23f2023) sw      gp, -992(t5)
core   0: 3 0x8000b3e4 (0xc23f2023) mem 0x8000d000 0x00000001
core   0: 0x8000b3e8 (0x0000bfe5) c.j     pc - 8
core   0: 3 0x8000b3e8 (0xbfe5)
core   0: 0x8000b3e0 (0x00002f17) auipc   t5, 0x2
core   0: 3 0x8000b3e0 (0x00002f17) x30 0x8000d3e0
core   0: 0x8000b3e4 (0xc23f2023) sw      gp, -992(t5)
core   0: 3 0x8000b3e4 (0xc23f2023) mem 0x8000d000 0x00000001
core   0: 0x8000b3e8 (0x0000bfe5) c.j     pc - 8
core   0: 3 0x8000b3e8 (0xbfe5)
core   0: 0x8000b3e0 (0x00002f17) auipc   t5, 0x2
core   0: 3 0x8000b3e0 (0x00002f17) x30 0x8000d3e0
core   0: 0x8000b3e4 (0xc23f2023) sw      gp, -992(t5)
core   0: 3 0x8000b3e4 (0xc23f2023) mem 0x8000d000 0x00000001
core   0: 0x8000b3e8 (0x0000bfe5) c.j     pc - 8
core   0: 3 0x8000b3e8 (0xbfe5)
core   0: 0x8000b3e0 (0x00002f17) auipc   t5, 0x2
core   0: 3 0x8000b3e0 (0x00002f17) x30 0x8000d3e0
core   0: 0x8000b3e4 (0xc23f2023) sw      gp, -992(t5)
core   0: 3 0x8000b3e4 (0xc23f2023) mem 0x8000d000 0x00000001
core   0: 0x8000b3e8 (0x0000bfe5) c.j     pc - 8
core   0: 3 0x8000b3e8 (0xbfe5)
core   0: 0x8000b3e0 (0x00002f17) auipc   t5, 0x2
core   0: 3 0x8000b3e0 (0x00002f17) x30 0x8000d3e0
core   0: 0x8000b3e4 (0xc23f2023) sw      gp, -992(t5)
core   0: 3 0x8000b3e4 (0xc23f2023) mem 0x8000d000 0x00000001
core   0: 0x8000b3e8 (0x0000bfe5) c.j     pc - 8
core   0: 3 0x8000b3e8 (0xbfe5)
core   0: 0x8000b3e0 (0x00002f17) auipc   t5, 0x2
core   0: 3 0x8000b3e0 (0x00002f17) x30 0x8000d3e0
core   0: 0x8000b3e4 (0xc23f2023) sw      gp, -992(t5)
core   0: 3 0x8000b3e4 (0xc23f2023) mem 0x8000d000 0x00000001
core   0: 0x8000b3e8 (0x0000bfe5) c.j     pc - 8
core   0: 3 0x8000b3e8 (0xbfe5)
core   0: 0x8000b3e0 (0x00002f17) auipc   t5, 0x2
core   0: 3 0x8000b3e0 (0x00002f17) x30 0x8000d3e0
core   0: 0x8000b3e4 (0xc23f2023) sw      gp, -992(t5)
core   0: 3 0x8000b3e4 (0xc23f2023) mem 0x8000d000 0x00000001
core   0: 0x8000b3e8 (0x0000bfe5) c.j     pc - 8
core   0: 3 0x8000b3e8 (0xbfe5)
core   0: 0x8000b3e0 (0x00002f17) auipc   t5, 0x2
core   0: 3 0x8000b3e0 (0x00002f17) x30 0x8000d3e0
core   0: 0x8000b3e4 (0xc23f2023) sw      gp, -992(t5)
core   0: 3 0x8000b3e4 (0xc23f2023) mem 0x8000d000 0x00000001
core   0: 0x8000b3e8 (0x0000bfe5) c.j     pc - 8
core   0: 3 0x8000b3e8 (0xbfe5)
core   0: 0x8000b3e0 (0x00002f17) auipc   t5, 0x2
core   0: 3 0x8000b3e0 (0x00002f17) x30 0x8000d3e0
core   0: 0x8000b3e4 (0xc23f2023) sw      gp, -992(t5)
core   0: 3 0x8000b3e4 (0xc23f2023) mem 0x8000d000 0x00000001
core   0: 0x8000b3e8 (0x0000bfe5) c.j     pc - 8
core   0: 3 0x8000b3e8 (0xbfe5)
core   0: 0x8000b3e0 (0x00002f17) auipc   t5, 0x2
core   0: 3 0x8000b3e0 (0x00002f17) x30 0x8000d3e0
core   0: 0x8000b3e4 (0xc23f2023) sw      gp, -992(t5)
core   0: 3 0x8000b3e4 (0xc23f2023) mem 0x8000d000 0x00000001
core   0: 0x8000b3e8 (0x0000bfe5) c.j     pc - 8
core   0: 3 0x8000b3e8 (0xbfe5)
core   0: 0x8000b3e0 (0x00002f17) auipc   t5, 0x2
core   0: 3 0x8000b3e0 (0x00002f17) x30 0x8000d3e0
core   0: 0x8000b3e4 (0xc23f2023) sw      gp, -992(t5)
core   0: 3 0x8000b3e4 (0xc23f2023) mem 0x8000d000 0x00000001
core   0: 0x8000b3e8 (0x0000bfe5) c.j     pc - 8
core   0: 3 0x8000b3e8 (0xbfe5)
core   0: 0x8000b3e0 (0x00002f17) auipc   t5, 0x2
core   0: 3 0x8000b3e0 (0x00002f17) x30 0x8000d3e0
core   0: 0x8000b3e4 (0xc23f2023) sw      gp, -992(t5)
core   0: 3 0x8000b3e4 (0xc23f2023) mem 0x8000d000 0x00000001
core   0: 0x8000b3e8 (0x0000bfe5) c.j     pc - 8
core   0: 3 0x8000b3e8 (0xbfe5)
core   0: 0x8000b3e0 (0x00002f17) auipc   t5, 0x2
core   0: 3 0x8000b3e0 (0x00002f17) x30 0x8000d3e0
core   0: 0x8000b3e4 (0xc23f2023) sw      gp, -992(t5)
core   0: 3 0x8000b3e4 (0xc23f2023) mem 0x8000d000 0x00000001
core   0: 0x8000b3e8 (0x0000bfe5) c.j     pc - 8
core   0: 3 0x8000b3e8 (0xbfe5)
core   0: 0x8000b3e0 (0x00002f17) auipc   t5, 0x2
core   0: 3 0x8000b3e0 (0x00002f17) x30 0x8000d3e0
core   0: 0x8000b3e4 (0xc23f2023) sw      gp, -992(t5)
core   0: 3 0x8000b3e4 (0xc23f2023) mem 0x8000d000 0x00000001
core   0: 0x8000b3e8 (0x0000bfe5) c.j     pc - 8
core   0: 3 0x8000b3e8 (0xbfe5)
core   0: 0x8000b3e0 (0x00002f17) auipc   t5, 0x2
core   0: 3 0x8000b3e0 (0x00002f17) x30 0x8000d3e0
core   0: 0x8000b3e4 (0xc23f2023) sw      gp, -992(t5)
core   0: 3 0x8000b3e4 (0xc23f2023) mem 0x8000d000 0x00000001
core   0: 0x8000b3e8 (0x0000bfe5) c.j     pc - 8
core   0: 3 0x8000b3e8 (0xbfe5)
core   0: 0x8000b3e0 (0x00002f17) auipc   t5, 0x2
core   0: 3 0x8000b3e0 (0x00002f17) x30 0x8000d3e0
core   0: 0x8000b3e4 (0xc23f2023) sw      gp, -992(t5)
core   0: 3 0x8000b3e4 (0xc23f2023) mem 0x8000d000 0x00000001
core   0: 0x8000b3e8 (0x0000bfe5) c.j     pc - 8
core   0: 3 0x8000b3e8 (0xbfe5)
core   0: 0x8000b3e0 (0x00002f17) auipc   t5, 0x2
core   0: 3 0x8000b3e0 (0x00002f17) x30 0x8000d3e0
core   0: 0x8000b3e4 (0xc23f2023) sw      gp, -992(t5)
core   0: 3 0x8000b3e4 (0xc23f2023) mem 0x8000d000 0x00000001
core   0: 0x8000b3e8 (0x0000bfe5) c.j     pc - 8
core   0: 3 0x8000b3e8 (0xbfe5)
core   0: 0x8000b3e0 (0x00002f17) auipc   t5, 0x2
core   0: 3 0x8000b3e0 (0x00002f17) x30 0x8000d3e0
core   0: 0x8000b3e4 (0xc23f2023) sw      gp, -992(t5)
core   0: 3 0x8000b3e4 (0xc23f2023) mem 0x8000d000 0x00000001
core   0: 0x8000b3e8 (0x0000bfe5) c.j     pc - 8
core   0: 3 0x8000b3e8 (0xbfe5)
core   0: 0x8000b3e0 (0x00002f17) auipc   t5, 0x2
core   0: 3 0x8000b3e0 (0x00002f17) x30 0x8000d3e0
core   0: 0x8000b3e4 (0xc23f2023) sw      gp, -992(t5)
core   0: 3 0x8000b3e4 (0xc23f2023) mem 0x8000d000 0x00000001
core   0: 0x8000b3e8 (0x0000bfe5) c.j     pc - 8
core   0: 3 0x8000b3e8 (0xbfe5)
core   0: 0x8000b3e0 (0x00002f17) auipc   t5, 0x2
core   0: 3 0x8000b3e0 (0x00002f17) x30 0x8000d3e0
core   0: 0x8000b3e4 (0xc23f2023) sw      gp, -992(t5)
core   0: 3 0x8000b3e4 (0xc23f2023) mem 0x8000d000 0x00000001
core   0: 0x8000b3e8 (0x0000bfe5) c.j     pc - 8
core   0: 3 0x8000b3e8 (0xbfe5)
core   0: 0x8000b3e0 (0x00002f17) auipc   t5, 0x2
core   0: 3 0x8000b3e0 (0x00002f17) x30 0x8000d3e0
core   0: 0x8000b3e4 (0xc23f2023) sw      gp, -992(t5)
core   0: 3 0x8000b3e4 (0xc23f2023) mem 0x8000d000 0x00000001
core   0: 0x8000b3e8 (0x0000bfe5) c.j     pc - 8
core   0: 3 0x8000b3e8 (0xbfe5)
core   0: 0x8000b3e0 (0x00002f17) auipc   t5, 0x2
core   0: 3 0x8000b3e0 (0x00002f17) x30 0x8000d3e0
core   0: 0x8000b3e4 (0xc23f2023) sw      gp, -992(t5)
core   0: 3 0x8000b3e4 (0xc23f2023) mem 0x8000d000 0x00000001
core   0: 0x8000b3e8 (0x0000bfe5) c.j     pc - 8
core   0: 3 0x8000b3e8 (0xbfe5)
core   0: 0x8000b3e0 (0x00002f17) auipc   t5, 0x2
core   0: 3 0x8000b3e0 (0x00002f17) x30 0x8000d3e0
core   0: 0x8000b3e4 (0xc23f2023) sw      gp, -992(t5)
core   0: 3 0x8000b3e4 (0xc23f2023) mem 0x8000d000 0x00000001
core   0: 0x8000b3e8 (0x0000bfe5) c.j     pc - 8
core   0: 3 0x8000b3e8 (0xbfe5)
core   0: 0x8000b3e0 (0x00002f17) auipc   t5, 0x2
core   0: 3 0x8000b3e0 (0x00002f17) x30 0x8000d3e0
core   0: 0x8000b3e4 (0xc23f2023) sw      gp, -992(t5)
core   0: 3 0x8000b3e4 (0xc23f2023) mem 0x8000d000 0x00000001
core   0: 0x8000b3e8 (0x0000bfe5) c.j     pc - 8
core   0: 3 0x8000b3e8 (0xbfe5)
core   0: 0x8000b3e0 (0x00002f17) auipc   t5, 0x2
core   0: 3 0x8000b3e0 (0x00002f17) x30 0x8000d3e0
core   0: 0x8000b3e4 (0xc23f2023) sw      gp, -992(t5)
core   0: 3 0x8000b3e4 (0xc23f2023) mem 0x8000d000 0x00000001
core   0: 0x8000b3e8 (0x0000bfe5) c.j     pc - 8
core   0: 3 0x8000b3e8 (0xbfe5)
core   0: 0x8000b3e0 (0x00002f17) auipc   t5, 0x2
core   0: 3 0x8000b3e0 (0x00002f17) x30 0x8000d3e0
core   0: 0x8000b3e4 (0xc23f2023) sw      gp, -992(t5)
core   0: 3 0x8000b3e4 (0xc23f2023) mem 0x8000d000 0x00000001
core   0: 0x8000b3e8 (0x0000bfe5) c.j     pc - 8
core   0: 3 0x8000b3e8 (0xbfe5)
core   0: 0x8000b3e0 (0x00002f17) auipc   t5, 0x2
core   0: 3 0x8000b3e0 (0x00002f17) x30 0x8000d3e0
core   0: 0x8000b3e4 (0xc23f2023) sw      gp, -992(t5)
core   0: 3 0x8000b3e4 (0xc23f2023) mem 0x8000d000 0x00000001
core   0: 0x8000b3e8 (0x0000bfe5) c.j     pc - 8
core   0: 3 0x8000b3e8 (0xbfe5)
core   0: 0x8000b3e0 (0x00002f17) auipc   t5, 0x2
core   0: 3 0x8000b3e0 (0x00002f17) x30 0x8000d3e0
core   0: 0x8000b3e4 (0xc23f2023) sw      gp, -992(t5)
core   0: 3 0x8000b3e4 (0xc23f2023) mem 0x8000d000 0x00000001
core   0: 0x8000b3e8 (0x0000bfe5) c.j     pc - 8
core   0: 3 0x8000b3e8 (0xbfe5)
core   0: 0x8000b3e0 (0x00002f17) auipc   t5, 0x2
core   0: 3 0x8000b3e0 (0x00002f17) x30 0x8000d3e0
core   0: 0x8000b3e4 (0xc23f2023) sw      gp, -992(t5)
core   0: 3 0x8000b3e4 (0xc23f2023) mem 0x8000d000 0x00000001
core   0: 0x8000b3e8 (0x0000bfe5) c.j     pc - 8
core   0: 3 0x8000b3e8 (0xbfe5)
core   0: 0x8000b3e0 (0x00002f17) auipc   t5, 0x2
core   0: 3 0x8000b3e0 (0x00002f17) x30 0x8000d3e0
core   0: 0x8000b3e4 (0xc23f2023) sw      gp, -992(t5)
core   0: 3 0x8000b3e4 (0xc23f2023) mem 0x8000d000 0x00000001
core   0: 0x8000b3e8 (0x0000bfe5) c.j     pc - 8
core   0: 3 0x8000b3e8 (0xbfe5)
core   0: 0x8000b3e0 (0x00002f17) auipc   t5, 0x2
core   0: 3 0x8000b3e0 (0x00002f17) x30 0x8000d3e0
core   0: 0x8000b3e4 (0xc23f2023) sw      gp, -992(t5)
core   0: 3 0x8000b3e4 (0xc23f2023) mem 0x8000d000 0x00000001
core   0: 0x8000b3e8 (0x0000bfe5) c.j     pc - 8
core   0: 3 0x8000b3e8 (0xbfe5)
core   0: 0x8000b3e0 (0x00002f17) auipc   t5, 0x2
core   0: 3 0x8000b3e0 (0x00002f17) x30 0x8000d3e0
core   0: 0x8000b3e4 (0xc23f2023) sw      gp, -992(t5)
core   0: 3 0x8000b3e4 (0xc23f2023) mem 0x8000d000 0x00000001
core   0: 0x8000b3e8 (0x0000bfe5) c.j     pc - 8
core   0: 3 0x8000b3e8 (0xbfe5)
core   0: 0x8000b3e0 (0x00002f17) auipc   t5, 0x2
core   0: 3 0x8000b3e0 (0x00002f17) x30 0x8000d3e0
core   0: 0x8000b3e4 (0xc23f2023) sw      gp, -992(t5)
core   0: 3 0x8000b3e4 (0xc23f2023) mem 0x8000d000 0x00000001
core   0: 0x8000b3e8 (0x0000bfe5) c.j     pc - 8
core   0: 3 0x8000b3e8 (0xbfe5)
core   0: 0x8000b3e0 (0x00002f17) auipc   t5, 0x2
core   0: 3 0x8000b3e0 (0x00002f17) x30 0x8000d3e0
core   0: 0x8000b3e4 (0xc23f2023) sw      gp, -992(t5)
core   0: 3 0x8000b3e4 (0xc23f2023) mem 0x8000d000 0x00000001
core   0: 0x8000b3e8 (0x0000bfe5) c.j     pc - 8
core   0: 3 0x8000b3e8 (0xbfe5)
core   0: 0x8000b3e0 (0x00002f17) auipc   t5, 0x2
core   0: 3 0x8000b3e0 (0x00002f17) x30 0x8000d3e0
core   0: 0x8000b3e4 (0xc23f2023) sw      gp, -992(t5)
core   0: 3 0x8000b3e4 (0xc23f2023) mem 0x8000d000 0x00000001
core   0: 0x8000b3e8 (0x0000bfe5) c.j     pc - 8
core   0: 3 0x8000b3e8 (0xbfe5)
core   0: 0x8000b3e0 (0x00002f17) auipc   t5, 0x2
core   0: 3 0x8000b3e0 (0x00002f17) x30 0x8000d3e0
core   0: 0x8000b3e4 (0xc23f2023) sw      gp, -992(t5)
core   0: 3 0x8000b3e4 (0xc23f2023) mem 0x8000d000 0x00000001
core   0: 0x8000b3e8 (0x0000bfe5) c.j     pc - 8
core   0: 3 0x8000b3e8 (0xbfe5)
core   0: 0x8000b3e0 (0x00002f17) auipc   t5, 0x2
core   0: 3 0x8000b3e0 (0x00002f17) x30 0x8000d3e0
core   0: 0x8000b3e4 (0xc23f2023) sw      gp, -992(t5)
core   0: 3 0x8000b3e4 (0xc23f2023) mem 0x8000d000 0x00000001
core   0: 0x8000b3e8 (0x0000bfe5) c.j     pc - 8
core   0: 3 0x8000b3e8 (0xbfe5)
core   0: 0x8000b3e0 (0x00002f17) auipc   t5, 0x2
core   0: 3 0x8000b3e0 (0x00002f17) x30 0x8000d3e0
core   0: 0x8000b3e4 (0xc23f2023) sw      gp, -992(t5)
core   0: 3 0x8000b3e4 (0xc23f2023) mem 0x8000d000 0x00000001
core   0: 0x8000b3e8 (0x0000bfe5) c.j     pc - 8
core   0: 3 0x8000b3e8 (0xbfe5)
core   0: 0x8000b3e0 (0x00002f17) auipc   t5, 0x2
core   0: 3 0x8000b3e0 (0x00002f17) x30 0x8000d3e0
core   0: 0x8000b3e4 (0xc23f2023) sw      gp, -992(t5)
core   0: 3 0x8000b3e4 (0xc23f2023) mem 0x8000d000 0x00000001
core   0: 0x8000b3e8 (0x0000bfe5) c.j     pc - 8
core   0: 3 0x8000b3e8 (0xbfe5)
core   0: 0x8000b3e0 (0x00002f17) auipc   t5, 0x2
core   0: 3 0x8000b3e0 (0x00002f17) x30 0x8000d3e0
core   0: 0x8000b3e4 (0xc23f2023) sw      gp, -992(t5)
core   0: 3 0x8000b3e4 (0xc23f2023) mem 0x8000d000 0x00000001
core   0: 0x8000b3e8 (0x0000bfe5) c.j     pc - 8
core   0: 3 0x8000b3e8 (0xbfe5)
core   0: 0x8000b3e0 (0x00002f17) auipc   t5, 0x2
core   0: 3 0x8000b3e0 (0x00002f17) x30 0x8000d3e0
core   0: 0x8000b3e4 (0xc23f2023) sw      gp, -992(t5)
core   0: 3 0x8000b3e4 (0xc23f2023) mem 0x8000d000 0x00000001
core   0: 0x8000b3e8 (0x0000bfe5) c.j     pc - 8
core   0: 3 0x8000b3e8 (0xbfe5)
core   0: 0x8000b3e0 (0x00002f17) auipc   t5, 0x2
core   0: 3 0x8000b3e0 (0x00002f17) x30 0x8000d3e0
core   0: 0x8000b3e4 (0xc23f2023) sw      gp, -992(t5)
core   0: 3 0x8000b3e4 (0xc23f2023) mem 0x8000d000 0x00000001
core   0: 0x8000b3e8 (0x0000bfe5) c.j     pc - 8
core   0: 3 0x8000b3e8 (0xbfe5)
core   0: 0x8000b3e0 (0x00002f17) auipc   t5, 0x2
core   0: 3 0x8000b3e0 (0x00002f17) x30 0x8000d3e0
core   0: 0x8000b3e4 (0xc23f2023) sw      gp, -992(t5)
core   0: 3 0x8000b3e4 (0xc23f2023) mem 0x8000d000 0x00000001
core   0: 0x8000b3e8 (0x0000bfe5) c.j     pc - 8
core   0: 3 0x8000b3e8 (0xbfe5)
core   0: 0x8000b3e0 (0x00002f17) auipc   t5, 0x2
core   0: 3 0x8000b3e0 (0x00002f17) x30 0x8000d3e0
core   0: 0x8000b3e4 (0xc23f2023) sw      gp, -992(t5)
core   0: 3 0x8000b3e4 (0xc23f2023) mem 0x8000d000 0x00000001
core   0: 0x8000b3e8 (0x0000bfe5) c.j     pc - 8
core   0: 3 0x8000b3e8 (0xbfe5)
core   0: 0x8000b3e0 (0x00002f17) auipc   t5, 0x2
core   0: 3 0x8000b3e0 (0x00002f17) x30 0x8000d3e0
core   0: 0x8000b3e4 (0xc23f2023) sw      gp, -992(t5)
core   0: 3 0x8000b3e4 (0xc23f2023) mem 0x8000d000 0x00000001
core   0: 0x8000b3e8 (0x0000bfe5) c.j     pc - 8
core   0: 3 0x8000b3e8 (0xbfe5)
core   0: 0x8000b3e0 (0x00002f17) auipc   t5, 0x2
core   0: 3 0x8000b3e0 (0x00002f17) x30 0x8000d3e0
core   0: 0x8000b3e4 (0xc23f2023) sw      gp, -992(t5)
core   0: 3 0x8000b3e4 (0xc23f2023) mem 0x8000d000 0x00000001
core   0: 0x8000b3e8 (0x0000bfe5) c.j     pc - 8
core   0: 3 0x8000b3e8 (0xbfe5)
core   0: 0x8000b3e0 (0x00002f17) auipc   t5, 0x2
core   0: 3 0x8000b3e0 (0x00002f17) x30 0x8000d3e0
core   0: 0x8000b3e4 (0xc23f2023) sw      gp, -992(t5)
core   0: 3 0x8000b3e4 (0xc23f2023) mem 0x8000d000 0x00000001
core   0: 0x8000b3e8 (0x0000bfe5) c.j     pc - 8
core   0: 3 0x8000b3e8 (0xbfe5)
core   0: 0x8000b3e0 (0x00002f17) auipc   t5, 0x2
core   0: 3 0x8000b3e0 (0x00002f17) x30 0x8000d3e0
core   0: 0x8000b3e4 (0xc23f2023) sw      gp, -992(t5)
core   0: 3 0x8000b3e4 (0xc23f2023) mem 0x8000d000 0x00000001
core   0: 0x8000b3e8 (0x0000bfe5) c.j     pc - 8
core   0: 3 0x8000b3e8 (0xbfe5)
core   0: 0x8000b3e0 (0x00002f17) auipc   t5, 0x2
core   0: 3 0x8000b3e0 (0x00002f17) x30 0x8000d3e0
core   0: 0x8000b3e4 (0xc23f2023) sw      gp, -992(t5)
core   0: 3 0x8000b3e4 (0xc23f2023) mem 0x8000d000 0x00000001
core   0: 0x8000b3e8 (0x0000bfe5) c.j     pc - 8
core   0: 3 0x8000b3e8 (0xbfe5)
core   0: 0x8000b3e0 (0x00002f17) auipc   t5, 0x2
core   0: 3 0x8000b3e0 (0x00002f17) x30 0x8000d3e0
core   0: 0x8000b3e4 (0xc23f2023) sw      gp, -992(t5)
core   0: 3 0x8000b3e4 (0xc23f2023) mem 0x8000d000 0x00000001
core   0: 0x8000b3e8 (0x0000bfe5) c.j     pc - 8
core   0: 3 0x8000b3e8 (0xbfe5)
core   0: 0x8000b3e0 (0x00002f17) auipc   t5, 0x2
core   0: 3 0x8000b3e0 (0x00002f17) x30 0x8000d3e0
core   0: 0x8000b3e4 (0xc23f2023) sw      gp, -992(t5)
core   0: 3 0x8000b3e4 (0xc23f2023) mem 0x8000d000 0x00000001
core   0: 0x8000b3e8 (0x0000bfe5) c.j     pc - 8
core   0: 3 0x8000b3e8 (0xbfe5)
core   0: 0x8000b3e0 (0x00002f17) auipc   t5, 0x2
core   0: 3 0x8000b3e0 (0x00002f17) x30 0x8000d3e0
core   0: 0x8000b3e4 (0xc23f2023) sw      gp, -992(t5)
core   0: 3 0x8000b3e4 (0xc23f2023) mem 0x8000d000 0x00000001
core   0: 0x8000b3e8 (0x0000bfe5) c.j     pc - 8
core   0: 3 0x8000b3e8 (0xbfe5)
core   0: 0x8000b3e0 (0x00002f17) auipc   t5, 0x2
core   0: 3 0x8000b3e0 (0x00002f17) x30 0x8000d3e0
core   0: 0x8000b3e4 (0xc23f2023) sw      gp, -992(t5)
core   0: 3 0x8000b3e4 (0xc23f2023) mem 0x8000d000 0x00000001
core   0: 0x8000b3e8 (0x0000bfe5) c.j     pc - 8
core   0: 3 0x8000b3e8 (0xbfe5)
core   0: 0x8000b3e0 (0x00002f17) auipc   t5, 0x2
core   0: 3 0x8000b3e0 (0x00002f17) x30 0x8000d3e0
core   0: 0x8000b3e4 (0xc23f2023) sw      gp, -992(t5)
core   0: 3 0x8000b3e4 (0xc23f2023) mem 0x8000d000 0x00000001
core   0: 0x8000b3e8 (0x0000bfe5) c.j     pc - 8
core   0: 3 0x8000b3e8 (0xbfe5)
core   0: 0x8000b3e0 (0x00002f17) auipc   t5, 0x2
core   0: 3 0x8000b3e0 (0x00002f17) x30 0x8000d3e0
core   0: 0x8000b3e4 (0xc23f2023) sw      gp, -992(t5)
core   0: 3 0x8000b3e4 (0xc23f2023) mem 0x8000d000 0x00000001
core   0: 0x8000b3e8 (0x0000bfe5) c.j     pc - 8
core   0: 3 0x8000b3e8 (0xbfe5)
core   0: 0x8000b3e0 (0x00002f17) auipc   t5, 0x2
core   0: 3 0x8000b3e0 (0x00002f17) x30 0x8000d3e0
core   0: 0x8000b3e4 (0xc23f2023) sw      gp, -992(t5)
core   0: 3 0x8000b3e4 (0xc23f2023) mem 0x8000d000 0x00000001
core   0: 0x8000b3e8 (0x0000bfe5) c.j     pc - 8
core   0: 3 0x8000b3e8 (0xbfe5)
core   0: 0x8000b3e0 (0x00002f17) auipc   t5, 0x2
core   0: 3 0x8000b3e0 (0x00002f17) x30 0x8000d3e0
core   0: 0x8000b3e4 (0xc23f2023) sw      gp, -992(t5)
core   0: 3 0x8000b3e4 (0xc23f2023) mem 0x8000d000 0x00000001
core   0: 0x8000b3e8 (0x0000bfe5) c.j     pc - 8
core   0: 3 0x8000b3e8 (0xbfe5)
core   0: 0x8000b3e0 (0x00002f17) auipc   t5, 0x2
core   0: 3 0x8000b3e0 (0x00002f17) x30 0x8000d3e0
core   0: 0x8000b3e4 (0xc23f2023) sw      gp, -992(t5)
core   0: 3 0x8000b3e4 (0xc23f2023) mem 0x8000d000 0x00000001
core   0: 0x8000b3e8 (0x0000bfe5) c.j     pc - 8
core   0: 3 0x8000b3e8 (0xbfe5)
core   0: 0x8000b3e0 (0x00002f17) auipc   t5, 0x2
core   0: 3 0x8000b3e0 (0x00002f17) x30 0x8000d3e0
core   0: 0x8000b3e4 (0xc23f2023) sw      gp, -992(t5)
core   0: 3 0x8000b3e4 (0xc23f2023) mem 0x8000d000 0x00000001
core   0: 0x8000b3e8 (0x0000bfe5) c.j     pc - 8
core   0: 3 0x8000b3e8 (0xbfe5)
core   0: 0x8000b3e0 (0x00002f17) auipc   t5, 0x2
core   0: 3 0x8000b3e0 (0x00002f17) x30 0x8000d3e0
core   0: 0x8000b3e4 (0xc23f2023) sw      gp, -992(t5)
core   0: 3 0x8000b3e4 (0xc23f2023) mem 0x8000d000 0x00000001
core   0: 0x8000b3e8 (0x0000bfe5) c.j     pc - 8
core   0: 3 0x8000b3e8 (0xbfe5)
core   0: 0x8000b3e0 (0x00002f17) auipc   t5, 0x2
core   0: 3 0x8000b3e0 (0x00002f17) x30 0x8000d3e0
core   0: 0x8000b3e4 (0xc23f2023) sw      gp, -992(t5)
core   0: 3 0x8000b3e4 (0xc23f2023) mem 0x8000d000 0x00000001
core   0: 0x8000b3e8 (0x0000bfe5) c.j     pc - 8
core   0: 3 0x8000b3e8 (0xbfe5)
core   0: 0x8000b3e0 (0x00002f17) auipc   t5, 0x2
core   0: 3 0x8000b3e0 (0x00002f17) x30 0x8000d3e0
core   0: 0x8000b3e4 (0xc23f2023) sw      gp, -992(t5)
core   0: 3 0x8000b3e4 (0xc23f2023) mem 0x8000d000 0x00000001
core   0: 0x8000b3e8 (0x0000bfe5) c.j     pc - 8
core   0: 3 0x8000b3e8 (0xbfe5)
core   0: 0x8000b3e0 (0x00002f17) auipc   t5, 0x2
core   0: 3 0x8000b3e0 (0x00002f17) x30 0x8000d3e0
core   0: 0x8000b3e4 (0xc23f2023) sw      gp, -992(t5)
core   0: 3 0x8000b3e4 (0xc23f2023) mem 0x8000d000 0x00000001
core   0: 0x8000b3e8 (0x0000bfe5) c.j     pc - 8
core   0: 3 0x8000b3e8 (0xbfe5)
core   0: 0x8000b3e0 (0x00002f17) auipc   t5, 0x2
core   0: 3 0x8000b3e0 (0x00002f17) x30 0x8000d3e0
core   0: 0x8000b3e4 (0xc23f2023) sw      gp, -992(t5)
core   0: 3 0x8000b3e4 (0xc23f2023) mem 0x8000d000 0x00000001
core   0: 0x8000b3e8 (0x0000bfe5) c.j     pc - 8
core   0: 3 0x8000b3e8 (0xbfe5)
core   0: 0x8000b3e0 (0x00002f17) auipc   t5, 0x2
core   0: 3 0x8000b3e0 (0x00002f17) x30 0x8000d3e0
core   0: 0x8000b3e4 (0xc23f2023) sw      gp, -992(t5)
core   0: 3 0x8000b3e4 (0xc23f2023) mem 0x8000d000 0x00000001
core   0: 0x8000b3e8 (0x0000bfe5) c.j     pc - 8
core   0: 3 0x8000b3e8 (0xbfe5)
core   0: 0x8000b3e0 (0x00002f17) auipc   t5, 0x2
core   0: 3 0x8000b3e0 (0x00002f17) x30 0x8000d3e0
core   0: 0x8000b3e4 (0xc23f2023) sw      gp, -992(t5)
core   0: 3 0x8000b3e4 (0xc23f2023) mem 0x8000d000 0x00000001
core   0: 0x8000b3e8 (0x0000bfe5) c.j     pc - 8
core   0: 3 0x8000b3e8 (0xbfe5)
core   0: 0x8000b3e0 (0x00002f17) auipc   t5, 0x2
core   0: 3 0x8000b3e0 (0x00002f17) x30 0x8000d3e0
core   0: 0x8000b3e4 (0xc23f2023) sw      gp, -992(t5)
core   0: 3 0x8000b3e4 (0xc23f2023) mem 0x8000d000 0x00000001
core   0: 0x8000b3e8 (0x0000bfe5) c.j     pc - 8
core   0: 3 0x8000b3e8 (0xbfe5)
core   0: 0x8000b3e0 (0x00002f17) auipc   t5, 0x2
core   0: 3 0x8000b3e0 (0x00002f17) x30 0x8000d3e0
core   0: 0x8000b3e4 (0xc23f2023) sw      gp, -992(t5)
core   0: 3 0x8000b3e4 (0xc23f2023) mem 0x8000d000 0x00000001
core   0: 0x8000b3e8 (0x0000bfe5) c.j     pc - 8
core   0: 3 0x8000b3e8 (0xbfe5)
core   0: 0x8000b3e0 (0x00002f17) auipc   t5, 0x2
core   0: 3 0x8000b3e0 (0x00002f17) x30 0x8000d3e0
core   0: 0x8000b3e4 (0xc23f2023) sw      gp, -992(t5)
core   0: 3 0x8000b3e4 (0xc23f2023) mem 0x8000d000 0x00000001
core   0: 0x8000b3e8 (0x0000bfe5) c.j     pc - 8
core   0: 3 0x8000b3e8 (0xbfe5)
core   0: 0x8000b3e0 (0x00002f17) auipc   t5, 0x2
core   0: 3 0x8000b3e0 (0x00002f17) x30 0x8000d3e0
core   0: 0x8000b3e4 (0xc23f2023) sw      gp, -992(t5)
core   0: 3 0x8000b3e4 (0xc23f2023) mem 0x8000d000 0x00000001
core   0: 0x8000b3e8 (0x0000bfe5) c.j     pc - 8
core   0: 3 0x8000b3e8 (0xbfe5)
core   0: 0x8000b3e0 (0x00002f17) auipc   t5, 0x2
core   0: 3 0x8000b3e0 (0x00002f17) x30 0x8000d3e0
core   0: 0x8000b3e4 (0xc23f2023) sw      gp, -992(t5)
core   0: 3 0x8000b3e4 (0xc23f2023) mem 0x8000d000 0x00000001
core   0: 0x8000b3e8 (0x0000bfe5) c.j     pc - 8
core   0: 3 0x8000b3e8 (0xbfe5)
core   0: 0x8000b3e0 (0x00002f17) auipc   t5, 0x2
core   0: 3 0x8000b3e0 (0x00002f17) x30 0x8000d3e0
core   0: 0x8000b3e4 (0xc23f2023) sw      gp, -992(t5)
core   0: 3 0x8000b3e4 (0xc23f2023) mem 0x8000d000 0x00000001
core   0: 0x8000b3e8 (0x0000bfe5) c.j     pc - 8
core   0: 3 0x8000b3e8 (0xbfe5)
core   0: 0x8000b3e0 (0x00002f17) auipc   t5, 0x2
core   0: 3 0x8000b3e0 (0x00002f17) x30 0x8000d3e0
core   0: 0x8000b3e4 (0xc23f2023) sw      gp, -992(t5)
core   0: 3 0x8000b3e4 (0xc23f2023) mem 0x8000d000 0x00000001
core   0: 0x8000b3e8 (0x0000bfe5) c.j     pc - 8
core   0: 3 0x8000b3e8 (0xbfe5)
core   0: 0x8000b3e0 (0x00002f17) auipc   t5, 0x2
core   0: 3 0x8000b3e0 (0x00002f17) x30 0x8000d3e0
core   0: 0x8000b3e4 (0xc23f2023) sw      gp, -992(t5)
core   0: 3 0x8000b3e4 (0xc23f2023) mem 0x8000d000 0x00000001
core   0: 0x8000b3e8 (0x0000bfe5) c.j     pc - 8
core   0: 3 0x8000b3e8 (0xbfe5)
core   0: 0x8000b3e0 (0x00002f17) auipc   t5, 0x2
core   0: 3 0x8000b3e0 (0x00002f17) x30 0x8000d3e0
core   0: 0x8000b3e4 (0xc23f2023) sw      gp, -992(t5)
core   0: 3 0x8000b3e4 (0xc23f2023) mem 0x8000d000 0x00000001
core   0: 0x8000b3e8 (0x0000bfe5) c.j     pc - 8
core   0: 3 0x8000b3e8 (0xbfe5)
core   0: 0x8000b3e0 (0x00002f17) auipc   t5, 0x2
core   0: 3 0x8000b3e0 (0x00002f17) x30 0x8000d3e0
core   0: 0x8000b3e4 (0xc23f2023) sw      gp, -992(t5)
core   0: 3 0x8000b3e4 (0xc23f2023) mem 0x8000d000 0x00000001
core   0: 0x8000b3e8 (0x0000bfe5) c.j     pc - 8
core   0: 3 0x8000b3e8 (0xbfe5)
core   0: 0x8000b3e0 (0x00002f17) auipc   t5, 0x2
core   0: 3 0x8000b3e0 (0x00002f17) x30 0x8000d3e0
core   0: 0x8000b3e4 (0xc23f2023) sw      gp, -992(t5)
core   0: 3 0x8000b3e4 (0xc23f2023) mem 0x8000d000 0x00000001
core   0: 0x8000b3e8 (0x0000bfe5) c.j     pc - 8
core   0: 3 0x8000b3e8 (0xbfe5)
core   0: 0x8000b3e0 (0x00002f17) auipc   t5, 0x2
core   0: 3 0x8000b3e0 (0x00002f17) x30 0x8000d3e0
core   0: 0x8000b3e4 (0xc23f2023) sw      gp, -992(t5)
core   0: 3 0x8000b3e4 (0xc23f2023) mem 0x8000d000 0x00000001
core   0: 0x8000b3e8 (0x0000bfe5) c.j     pc - 8
core   0: 3 0x8000b3e8 (0xbfe5)
core   0: 0x8000b3e0 (0x00002f17) auipc   t5, 0x2
core   0: 3 0x8000b3e0 (0x00002f17) x30 0x8000d3e0
core   0: 0x8000b3e4 (0xc23f2023) sw      gp, -992(t5)
core   0: 3 0x8000b3e4 (0xc23f2023) mem 0x8000d000 0x00000001
core   0: 0x8000b3e8 (0x0000bfe5) c.j     pc - 8
core   0: 3 0x8000b3e8 (0xbfe5)
core   0: 0x8000b3e0 (0x00002f17) auipc   t5, 0x2
core   0: 3 0x8000b3e0 (0x00002f17) x30 0x8000d3e0
core   0: 0x8000b3e4 (0xc23f2023) sw      gp, -992(t5)
core   0: 3 0x8000b3e4 (0xc23f2023) mem 0x8000d000 0x00000001
core   0: 0x8000b3e8 (0x0000bfe5) c.j     pc - 8
core   0: 3 0x8000b3e8 (0xbfe5)
core   0: 0x8000b3e0 (0x00002f17) auipc   t5, 0x2
core   0: 3 0x8000b3e0 (0x00002f17) x30 0x8000d3e0
core   0: 0x8000b3e4 (0xc23f2023) sw      gp, -992(t5)
core   0: 3 0x8000b3e4 (0xc23f2023) mem 0x8000d000 0x00000001
core   0: 0x8000b3e8 (0x0000bfe5) c.j     pc - 8
core   0: 3 0x8000b3e8 (0xbfe5)
core   0: 0x8000b3e0 (0x00002f17) auipc   t5, 0x2
core   0: 3 0x8000b3e0 (0x00002f17) x30 0x8000d3e0
core   0: 0x8000b3e4 (0xc23f2023) sw      gp, -992(t5)
core   0: 3 0x8000b3e4 (0xc23f2023) mem 0x8000d000 0x00000001
core   0: 0x8000b3e8 (0x0000bfe5) c.j     pc - 8
core   0: 3 0x8000b3e8 (0xbfe5)
core   0: 0x8000b3e0 (0x00002f17) auipc   t5, 0x2
core   0: 3 0x8000b3e0 (0x00002f17) x30 0x8000d3e0
core   0: 0x8000b3e4 (0xc23f2023) sw      gp, -992(t5)
core   0: 3 0x8000b3e4 (0xc23f2023) mem 0x8000d000 0x00000001
core   0: 0x8000b3e8 (0x0000bfe5) c.j     pc - 8
core   0: 3 0x8000b3e8 (0xbfe5)
core   0: 0x8000b3e0 (0x00002f17) auipc   t5, 0x2
core   0: 3 0x8000b3e0 (0x00002f17) x30 0x8000d3e0
core   0: 0x8000b3e4 (0xc23f2023) sw      gp, -992(t5)
core   0: 3 0x8000b3e4 (0xc23f2023) mem 0x8000d000 0x00000001
core   0: 0x8000b3e8 (0x0000bfe5) c.j     pc - 8
core   0: 3 0x8000b3e8 (0xbfe5)
core   0: 0x8000b3e0 (0x00002f17) auipc   t5, 0x2
core   0: 3 0x8000b3e0 (0x00002f17) x30 0x8000d3e0
core   0: 0x8000b3e4 (0xc23f2023) sw      gp, -992(t5)
core   0: 3 0x8000b3e4 (0xc23f2023) mem 0x8000d000 0x00000001
core   0: 0x8000b3e8 (0x0000bfe5) c.j     pc - 8
core   0: 3 0x8000b3e8 (0xbfe5)
core   0: 0x8000b3e0 (0x00002f17) auipc   t5, 0x2
core   0: 3 0x8000b3e0 (0x00002f17) x30 0x8000d3e0
core   0: 0x8000b3e4 (0xc23f2023) sw      gp, -992(t5)
core   0: 3 0x8000b3e4 (0xc23f2023) mem 0x8000d000 0x00000001
core   0: 0x8000b3e8 (0x0000bfe5) c.j     pc - 8
core   0: 3 0x8000b3e8 (0xbfe5)
core   0: 0x8000b3e0 (0x00002f17) auipc   t5, 0x2
core   0: 3 0x8000b3e0 (0x00002f17) x30 0x8000d3e0
core   0: 0x8000b3e4 (0xc23f2023) sw      gp, -992(t5)
core   0: 3 0x8000b3e4 (0xc23f2023) mem 0x8000d000 0x00000001
core   0: 0x8000b3e8 (0x0000bfe5) c.j     pc - 8
core   0: 3 0x8000b3e8 (0xbfe5)
core   0: 0x8000b3e0 (0x00002f17) auipc   t5, 0x2
core   0: 3 0x8000b3e0 (0x00002f17) x30 0x8000d3e0
core   0: 0x8000b3e4 (0xc23f2023) sw      gp, -992(t5)
core   0: 3 0x8000b3e4 (0xc23f2023) mem 0x8000d000 0x00000001
core   0: 0x8000b3e8 (0x0000bfe5) c.j     pc - 8
core   0: 3 0x8000b3e8 (0xbfe5)
core   0: 0x8000b3e0 (0x00002f17) auipc   t5, 0x2
core   0: 3 0x8000b3e0 (0x00002f17) x30 0x8000d3e0
core   0: 0x8000b3e4 (0xc23f2023) sw      gp, -992(t5)
core   0: 3 0x8000b3e4 (0xc23f2023) mem 0x8000d000 0x00000001
core   0: 0x8000b3e8 (0x0000bfe5) c.j     pc - 8
core   0: 3 0x8000b3e8 (0xbfe5)
core   0: 0x8000b3e0 (0x00002f17) auipc   t5, 0x2
core   0: 3 0x8000b3e0 (0x00002f17) x30 0x8000d3e0
core   0: 0x8000b3e4 (0xc23f2023) sw      gp, -992(t5)
core   0: 3 0x8000b3e4 (0xc23f2023) mem 0x8000d000 0x00000001
core   0: 0x8000b3e8 (0x0000bfe5) c.j     pc - 8
core   0: 3 0x8000b3e8 (0xbfe5)
core   0: 0x8000b3e0 (0x00002f17) auipc   t5, 0x2
core   0: 3 0x8000b3e0 (0x00002f17) x30 0x8000d3e0
core   0: 0x8000b3e4 (0xc23f2023) sw      gp, -992(t5)
core   0: 3 0x8000b3e4 (0xc23f2023) mem 0x8000d000 0x00000001
core   0: 0x8000b3e8 (0x0000bfe5) c.j     pc - 8
core   0: 3 0x8000b3e8 (0xbfe5)
core   0: 0x8000b3e0 (0x00002f17) auipc   t5, 0x2
core   0: 3 0x8000b3e0 (0x00002f17) x30 0x8000d3e0
core   0: 0x8000b3e4 (0xc23f2023) sw      gp, -992(t5)
core   0: 3 0x8000b3e4 (0xc23f2023) mem 0x8000d000 0x00000001
core   0: 0x8000b3e8 (0x0000bfe5) c.j     pc - 8
core   0: 3 0x8000b3e8 (0xbfe5)
core   0: 0x8000b3e0 (0x00002f17) auipc   t5, 0x2
core   0: 3 0x8000b3e0 (0x00002f17) x30 0x8000d3e0
core   0: 0x8000b3e4 (0xc23f2023) sw      gp, -992(t5)
core   0: 3 0x8000b3e4 (0xc23f2023) mem 0x8000d000 0x00000001
core   0: 0x8000b3e8 (0x0000bfe5) c.j     pc - 8
core   0: 3 0x8000b3e8 (0xbfe5)
core   0: 0x8000b3e0 (0x00002f17) auipc   t5, 0x2
core   0: 3 0x8000b3e0 (0x00002f17) x30 0x8000d3e0
core   0: 0x8000b3e4 (0xc23f2023) sw      gp, -992(t5)
core   0: 3 0x8000b3e4 (0xc23f2023) mem 0x8000d000 0x00000001
core   0: 0x8000b3e8 (0x0000bfe5) c.j     pc - 8
core   0: 3 0x8000b3e8 (0xbfe5)
core   0: 0x8000b3e0 (0x00002f17) auipc   t5, 0x2
core   0: 3 0x8000b3e0 (0x00002f17) x30 0x8000d3e0
core   0: 0x8000b3e4 (0xc23f2023) sw      gp, -992(t5)
core   0: 3 0x8000b3e4 (0xc23f2023) mem 0x8000d000 0x00000001
core   0: 0x8000b3e8 (0x0000bfe5) c.j     pc - 8
core   0: 3 0x8000b3e8 (0xbfe5)
core   0: 0x8000b3e0 (0x00002f17) auipc   t5, 0x2
core   0: 3 0x8000b3e0 (0x00002f17) x30 0x8000d3e0
core   0: 0x8000b3e4 (0xc23f2023) sw      gp, -992(t5)
core   0: 3 0x8000b3e4 (0xc23f2023) mem 0x8000d000 0x00000001
core   0: 0x8000b3e8 (0x0000bfe5) c.j     pc - 8
core   0: 3 0x8000b3e8 (0xbfe5)
core   0: 0x8000b3e0 (0x00002f17) auipc   t5, 0x2
core   0: 3 0x8000b3e0 (0x00002f17) x30 0x8000d3e0
core   0: 0x8000b3e4 (0xc23f2023) sw      gp, -992(t5)
core   0: 3 0x8000b3e4 (0xc23f2023) mem 0x8000d000 0x00000001
core   0: 0x8000b3e8 (0x0000bfe5) c.j     pc - 8
core   0: 3 0x8000b3e8 (0xbfe5)
core   0: 0x8000b3e0 (0x00002f17) auipc   t5, 0x2
core   0: 3 0x8000b3e0 (0x00002f17) x30 0x8000d3e0
core   0: 0x8000b3e4 (0xc23f2023) sw      gp, -992(t5)
core   0: 3 0x8000b3e4 (0xc23f2023) mem 0x8000d000 0x00000001
core   0: 0x8000b3e8 (0x0000bfe5) c.j     pc - 8
core   0: 3 0x8000b3e8 (0xbfe5)
core   0: 0x8000b3e0 (0x00002f17) auipc   t5, 0x2
core   0: 3 0x8000b3e0 (0x00002f17) x30 0x8000d3e0
core   0: 0x8000b3e4 (0xc23f2023) sw      gp, -992(t5)
core   0: 3 0x8000b3e4 (0xc23f2023) mem 0x8000d000 0x00000001
core   0: 0x8000b3e8 (0x0000bfe5) c.j     pc - 8
core   0: 3 0x8000b3e8 (0xbfe5)
core   0: 0x8000b3e0 (0x00002f17) auipc   t5, 0x2
core   0: 3 0x8000b3e0 (0x00002f17) x30 0x8000d3e0
core   0: 0x8000b3e4 (0xc23f2023) sw      gp, -992(t5)
core   0: 3 0x8000b3e4 (0xc23f2023) mem 0x8000d000 0x00000001
core   0: 0x8000b3e8 (0x0000bfe5) c.j     pc - 8
core   0: 3 0x8000b3e8 (0xbfe5)
core   0: 0x8000b3e0 (0x00002f17) auipc   t5, 0x2
core   0: 3 0x8000b3e0 (0x00002f17) x30 0x8000d3e0
core   0: 0x8000b3e4 (0xc23f2023) sw      gp, -992(t5)
core   0: 3 0x8000b3e4 (0xc23f2023) mem 0x8000d000 0x00000001
core   0: 0x8000b3e8 (0x0000bfe5) c.j     pc - 8
core   0: 3 0x8000b3e8 (0xbfe5)
core   0: 0x8000b3e0 (0x00002f17) auipc   t5, 0x2
core   0: 3 0x8000b3e0 (0x00002f17) x30 0x8000d3e0
core   0: 0x8000b3e4 (0xc23f2023) sw      gp, -992(t5)
core   0: 3 0x8000b3e4 (0xc23f2023) mem 0x8000d000 0x00000001
core   0: 0x8000b3e8 (0x0000bfe5) c.j     pc - 8
core   0: 3 0x8000b3e8 (0xbfe5)
core   0: 0x8000b3e0 (0x00002f17) auipc   t5, 0x2
core   0: 3 0x8000b3e0 (0x00002f17) x30 0x8000d3e0
core   0: 0x8000b3e4 (0xc23f2023) sw      gp, -992(t5)
core   0: 3 0x8000b3e4 (0xc23f2023) mem 0x8000d000 0x00000001
core   0: 0x8000b3e8 (0x0000bfe5) c.j     pc - 8
core   0: 3 0x8000b3e8 (0xbfe5)
core   0: 0x8000b3e0 (0x00002f17) auipc   t5, 0x2
core   0: 3 0x8000b3e0 (0x00002f17) x30 0x8000d3e0
core   0: 0x8000b3e4 (0xc23f2023) sw      gp, -992(t5)
core   0: 3 0x8000b3e4 (0xc23f2023) mem 0x8000d000 0x00000001
core   0: 0x8000b3e8 (0x0000bfe5) c.j     pc - 8
core   0: 3 0x8000b3e8 (0xbfe5)
core   0: 0x8000b3e0 (0x00002f17) auipc   t5, 0x2
core   0: 3 0x8000b3e0 (0x00002f17) x30 0x8000d3e0
core   0: 0x8000b3e4 (0xc23f2023) sw      gp, -992(t5)
core   0: 3 0x8000b3e4 (0xc23f2023) mem 0x8000d000 0x00000001
core   0: 0x8000b3e8 (0x0000bfe5) c.j     pc - 8
core   0: 3 0x8000b3e8 (0xbfe5)
core   0: 0x8000b3e0 (0x00002f17) auipc   t5, 0x2
core   0: 3 0x8000b3e0 (0x00002f17) x30 0x8000d3e0
core   0: 0x8000b3e4 (0xc23f2023) sw      gp, -992(t5)
core   0: 3 0x8000b3e4 (0xc23f2023) mem 0x8000d000 0x00000001
core   0: 0x8000b3e8 (0x0000bfe5) c.j     pc - 8
core   0: 3 0x8000b3e8 (0xbfe5)
core   0: 0x8000b3e0 (0x00002f17) auipc   t5, 0x2
core   0: 3 0x8000b3e0 (0x00002f17) x30 0x8000d3e0
core   0: 0x8000b3e4 (0xc23f2023) sw      gp, -992(t5)
core   0: 3 0x8000b3e4 (0xc23f2023) mem 0x8000d000 0x00000001
core   0: 0x8000b3e8 (0x0000bfe5) c.j     pc - 8
core   0: 3 0x8000b3e8 (0xbfe5)
core   0: 0x8000b3e0 (0x00002f17) auipc   t5, 0x2
core   0: 3 0x8000b3e0 (0x00002f17) x30 0x8000d3e0
core   0: 0x8000b3e4 (0xc23f2023) sw      gp, -992(t5)
core   0: 3 0x8000b3e4 (0xc23f2023) mem 0x8000d000 0x00000001
core   0: 0x8000b3e8 (0x0000bfe5) c.j     pc - 8
core   0: 3 0x8000b3e8 (0xbfe5)
core   0: 0x8000b3e0 (0x00002f17) auipc   t5, 0x2
core   0: 3 0x8000b3e0 (0x00002f17) x30 0x8000d3e0
core   0: 0x8000b3e4 (0xc23f2023) sw      gp, -992(t5)
core   0: 3 0x8000b3e4 (0xc23f2023) mem 0x8000d000 0x00000001
core   0: 0x8000b3e8 (0x0000bfe5) c.j     pc - 8
core   0: 3 0x8000b3e8 (0xbfe5)
core   0: 0x8000b3e0 (0x00002f17) auipc   t5, 0x2
core   0: 3 0x8000b3e0 (0x00002f17) x30 0x8000d3e0
core   0: 0x8000b3e4 (0xc23f2023) sw      gp, -992(t5)
core   0: 3 0x8000b3e4 (0xc23f2023) mem 0x8000d000 0x00000001
core   0: 0x8000b3e8 (0x0000bfe5) c.j     pc - 8
core   0: 3 0x8000b3e8 (0xbfe5)
core   0: 0x8000b3e0 (0x00002f17) auipc   t5, 0x2
core   0: 3 0x8000b3e0 (0x00002f17) x30 0x8000d3e0
core   0: 0x8000b3e4 (0xc23f2023) sw      gp, -992(t5)
core   0: 3 0x8000b3e4 (0xc23f2023) mem 0x8000d000 0x00000001
core   0: 0x8000b3e8 (0x0000bfe5) c.j     pc - 8
core   0: 3 0x8000b3e8 (0xbfe5)
core   0: 0x8000b3e0 (0x00002f17) auipc   t5, 0x2
core   0: 3 0x8000b3e0 (0x00002f17) x30 0x8000d3e0
core   0: 0x8000b3e4 (0xc23f2023) sw      gp, -992(t5)
core   0: 3 0x8000b3e4 (0xc23f2023) mem 0x8000d000 0x00000001
core   0: 0x8000b3e8 (0x0000bfe5) c.j     pc - 8
core   0: 3 0x8000b3e8 (0xbfe5)
core   0: 0x8000b3e0 (0x00002f17) auipc   t5, 0x2
core   0: 3 0x8000b3e0 (0x00002f17) x30 0x8000d3e0
core   0: 0x8000b3e4 (0xc23f2023) sw      gp, -992(t5)
core   0: 3 0x8000b3e4 (0xc23f2023) mem 0x8000d000 0x00000001
core   0: 0x8000b3e8 (0x0000bfe5) c.j     pc - 8
core   0: 3 0x8000b3e8 (0xbfe5)
core   0: 0x8000b3e0 (0x00002f17) auipc   t5, 0x2
core   0: 3 0x8000b3e0 (0x00002f17) x30 0x8000d3e0
core   0: 0x8000b3e4 (0xc23f2023) sw      gp, -992(t5)
core   0: 3 0x8000b3e4 (0xc23f2023) mem 0x8000d000 0x00000001
core   0: 0x8000b3e8 (0x0000bfe5) c.j     pc - 8
core   0: 3 0x8000b3e8 (0xbfe5)
core   0: 0x8000b3e0 (0x00002f17) auipc   t5, 0x2
core   0: 3 0x8000b3e0 (0x00002f17) x30 0x8000d3e0
core   0: 0x8000b3e4 (0xc23f2023) sw      gp, -992(t5)
core   0: 3 0x8000b3e4 (0xc23f2023) mem 0x8000d000 0x00000001
core   0: 0x8000b3e8 (0x0000bfe5) c.j     pc - 8
core   0: 3 0x8000b3e8 (0xbfe5)
core   0: 0x8000b3e0 (0x00002f17) auipc   t5, 0x2
core   0: 3 0x8000b3e0 (0x00002f17) x30 0x8000d3e0
core   0: 0x8000b3e4 (0xc23f2023) sw      gp, -992(t5)
core   0: 3 0x8000b3e4 (0xc23f2023) mem 0x8000d000 0x00000001
core   0: 0x8000b3e8 (0x0000bfe5) c.j     pc - 8
core   0: 3 0x8000b3e8 (0xbfe5)
core   0: 0x8000b3e0 (0x00002f17) auipc   t5, 0x2
core   0: 3 0x8000b3e0 (0x00002f17) x30 0x8000d3e0
core   0: 0x8000b3e4 (0xc23f2023) sw      gp, -992(t5)
core   0: 3 0x8000b3e4 (0xc23f2023) mem 0x8000d000 0x00000001
core   0: 0x8000b3e8 (0x0000bfe5) c.j     pc - 8
core   0: 3 0x8000b3e8 (0xbfe5)
core   0: 0x8000b3e0 (0x00002f17) auipc   t5, 0x2
core   0: 3 0x8000b3e0 (0x00002f17) x30 0x8000d3e0
core   0: 0x8000b3e4 (0xc23f2023) sw      gp, -992(t5)
core   0: 3 0x8000b3e4 (0xc23f2023) mem 0x8000d000 0x00000001
core   0: 0x8000b3e8 (0x0000bfe5) c.j     pc - 8
core   0: 3 0x8000b3e8 (0xbfe5)
core   0: 0x8000b3e0 (0x00002f17) auipc   t5, 0x2
core   0: 3 0x8000b3e0 (0x00002f17) x30 0x8000d3e0
core   0: 0x8000b3e4 (0xc23f2023) sw      gp, -992(t5)
core   0: 3 0x8000b3e4 (0xc23f2023) mem 0x8000d000 0x00000001
core   0: 0x8000b3e8 (0x0000bfe5) c.j     pc - 8
core   0: 3 0x8000b3e8 (0xbfe5)
core   0: 0x8000b3e0 (0x00002f17) auipc   t5, 0x2
core   0: 3 0x8000b3e0 (0x00002f17) x30 0x8000d3e0
core   0: 0x8000b3e4 (0xc23f2023) sw      gp, -992(t5)
core   0: 3 0x8000b3e4 (0xc23f2023) mem 0x8000d000 0x00000001
core   0: 0x8000b3e8 (0x0000bfe5) c.j     pc - 8
core   0: 3 0x8000b3e8 (0xbfe5)
core   0: 0x8000b3e0 (0x00002f17) auipc   t5, 0x2
core   0: 3 0x8000b3e0 (0x00002f17) x30 0x8000d3e0
core   0: 0x8000b3e4 (0xc23f2023) sw      gp, -992(t5)
core   0: 3 0x8000b3e4 (0xc23f2023) mem 0x8000d000 0x00000001
core   0: 0x8000b3e8 (0x0000bfe5) c.j     pc - 8
core   0: 3 0x8000b3e8 (0xbfe5)
core   0: 0x8000b3e0 (0x00002f17) auipc   t5, 0x2
core   0: 3 0x8000b3e0 (0x00002f17) x30 0x8000d3e0
core   0: 0x8000b3e4 (0xc23f2023) sw      gp, -992(t5)
core   0: 3 0x8000b3e4 (0xc23f2023) mem 0x8000d000 0x00000001
core   0: 0x8000b3e8 (0x0000bfe5) c.j     pc - 8
core   0: 3 0x8000b3e8 (0xbfe5)
core   0: 0x8000b3e0 (0x00002f17) auipc   t5, 0x2
core   0: 3 0x8000b3e0 (0x00002f17) x30 0x8000d3e0
core   0: 0x8000b3e4 (0xc23f2023) sw      gp, -992(t5)
core   0: 3 0x8000b3e4 (0xc23f2023) mem 0x8000d000 0x00000001
core   0: 0x8000b3e8 (0x0000bfe5) c.j     pc - 8
core   0: 3 0x8000b3e8 (0xbfe5)
core   0: 0x8000b3e0 (0x00002f17) auipc   t5, 0x2
core   0: 3 0x8000b3e0 (0x00002f17) x30 0x8000d3e0
core   0: 0x8000b3e4 (0xc23f2023) sw      gp, -992(t5)
core   0: 3 0x8000b3e4 (0xc23f2023) mem 0x8000d000 0x00000001
core   0: 0x8000b3e8 (0x0000bfe5) c.j     pc - 8
core   0: 3 0x8000b3e8 (0xbfe5)
core   0: 0x8000b3e0 (0x00002f17) auipc   t5, 0x2
core   0: 3 0x8000b3e0 (0x00002f17) x30 0x8000d3e0
core   0: 0x8000b3e4 (0xc23f2023) sw      gp, -992(t5)
core   0: 3 0x8000b3e4 (0xc23f2023) mem 0x8000d000 0x00000001
core   0: 0x8000b3e8 (0x0000bfe5) c.j     pc - 8
core   0: 3 0x8000b3e8 (0xbfe5)
core   0: 0x8000b3e0 (0x00002f17) auipc   t5, 0x2
core   0: 3 0x8000b3e0 (0x00002f17) x30 0x8000d3e0
core   0: 0x8000b3e4 (0xc23f2023) sw      gp, -992(t5)
core   0: 3 0x8000b3e4 (0xc23f2023) mem 0x8000d000 0x00000001
core   0: 0x8000b3e8 (0x0000bfe5) c.j     pc - 8
core   0: 3 0x8000b3e8 (0xbfe5)
core   0: 0x8000b3e0 (0x00002f17) auipc   t5, 0x2
core   0: 3 0x8000b3e0 (0x00002f17) x30 0x8000d3e0
core   0: 0x8000b3e4 (0xc23f2023) sw      gp, -992(t5)
core   0: 3 0x8000b3e4 (0xc23f2023) mem 0x8000d000 0x00000001
core   0: 0x8000b3e8 (0x0000bfe5) c.j     pc - 8
core   0: 3 0x8000b3e8 (0xbfe5)
core   0: 0x8000b3e0 (0x00002f17) auipc   t5, 0x2
core   0: 3 0x8000b3e0 (0x00002f17) x30 0x8000d3e0
core   0: 0x8000b3e4 (0xc23f2023) sw      gp, -992(t5)
core   0: 3 0x8000b3e4 (0xc23f2023) mem 0x8000d000 0x00000001
core   0: 0x8000b3e8 (0x0000bfe5) c.j     pc - 8
core   0: 3 0x8000b3e8 (0xbfe5)
core   0: 0x8000b3e0 (0x00002f17) auipc   t5, 0x2
core   0: 3 0x8000b3e0 (0x00002f17) x30 0x8000d3e0
core   0: 0x8000b3e4 (0xc23f2023) sw      gp, -992(t5)
core   0: 3 0x8000b3e4 (0xc23f2023) mem 0x8000d000 0x00000001
core   0: 0x8000b3e8 (0x0000bfe5) c.j     pc - 8
core   0: 3 0x8000b3e8 (0xbfe5)
core   0: 0x8000b3e0 (0x00002f17) auipc   t5, 0x2
core   0: 3 0x8000b3e0 (0x00002f17) x30 0x8000d3e0
core   0: 0x8000b3e4 (0xc23f2023) sw      gp, -992(t5)
core   0: 3 0x8000b3e4 (0xc23f2023) mem 0x8000d000 0x00000001
core   0: 0x8000b3e8 (0x0000bfe5) c.j     pc - 8
core   0: 3 0x8000b3e8 (0xbfe5)
core   0: 0x8000b3e0 (0x00002f17) auipc   t5, 0x2
core   0: 3 0x8000b3e0 (0x00002f17) x30 0x8000d3e0
core   0: 0x8000b3e4 (0xc23f2023) sw      gp, -992(t5)
core   0: 3 0x8000b3e4 (0xc23f2023) mem 0x8000d000 0x00000001
core   0: 0x8000b3e8 (0x0000bfe5) c.j     pc - 8
core   0: 3 0x8000b3e8 (0xbfe5)
core   0: 0x8000b3e0 (0x00002f17) auipc   t5, 0x2
core   0: 3 0x8000b3e0 (0x00002f17) x30 0x8000d3e0
core   0: 0x8000b3e4 (0xc23f2023) sw      gp, -992(t5)
core   0: 3 0x8000b3e4 (0xc23f2023) mem 0x8000d000 0x00000001
core   0: 0x8000b3e8 (0x0000bfe5) c.j     pc - 8
core   0: 3 0x8000b3e8 (0xbfe5)
core   0: 0x8000b3e0 (0x00002f17) auipc   t5, 0x2
core   0: 3 0x8000b3e0 (0x00002f17) x30 0x8000d3e0
core   0: 0x8000b3e4 (0xc23f2023) sw      gp, -992(t5)
core   0: 3 0x8000b3e4 (0xc23f2023) mem 0x8000d000 0x00000001
core   0: 0x8000b3e8 (0x0000bfe5) c.j     pc - 8
core   0: 3 0x8000b3e8 (0xbfe5)
core   0: 0x8000b3e0 (0x00002f17) auipc   t5, 0x2
core   0: 3 0x8000b3e0 (0x00002f17) x30 0x8000d3e0
core   0: 0x8000b3e4 (0xc23f2023) sw      gp, -992(t5)
core   0: 3 0x8000b3e4 (0xc23f2023) mem 0x8000d000 0x00000001
core   0: 0x8000b3e8 (0x0000bfe5) c.j     pc - 8
core   0: 3 0x8000b3e8 (0xbfe5)
core   0: 0x8000b3e0 (0x00002f17) auipc   t5, 0x2
core   0: 3 0x8000b3e0 (0x00002f17) x30 0x8000d3e0
core   0: 0x8000b3e4 (0xc23f2023) sw      gp, -992(t5)
core   0: 3 0x8000b3e4 (0xc23f2023) mem 0x8000d000 0x00000001
core   0: 0x8000b3e8 (0x0000bfe5) c.j     pc - 8
core   0: 3 0x8000b3e8 (0xbfe5)
core   0: 0x8000b3e0 (0x00002f17) auipc   t5, 0x2
core   0: 3 0x8000b3e0 (0x00002f17) x30 0x8000d3e0
core   0: 0x8000b3e4 (0xc23f2023) sw      gp, -992(t5)
core   0: 3 0x8000b3e4 (0xc23f2023) mem 0x8000d000 0x00000001
core   0: 0x8000b3e8 (0x0000bfe5) c.j     pc - 8
core   0: 3 0x8000b3e8 (0xbfe5)
core   0: 0x8000b3e0 (0x00002f17) auipc   t5, 0x2
core   0: 3 0x8000b3e0 (0x00002f17) x30 0x8000d3e0
core   0: 0x8000b3e4 (0xc23f2023) sw      gp, -992(t5)
core   0: 3 0x8000b3e4 (0xc23f2023) mem 0x8000d000 0x00000001
core   0: 0x8000b3e8 (0x0000bfe5) c.j     pc - 8
core   0: 3 0x8000b3e8 (0xbfe5)
core   0: 0x8000b3e0 (0x00002f17) auipc   t5, 0x2
core   0: 3 0x8000b3e0 (0x00002f17) x30 0x8000d3e0
core   0: 0x8000b3e4 (0xc23f2023) sw      gp, -992(t5)
core   0: 3 0x8000b3e4 (0xc23f2023) mem 0x8000d000 0x00000001
core   0: 0x8000b3e8 (0x0000bfe5) c.j     pc - 8
core   0: 3 0x8000b3e8 (0xbfe5)
core   0: 0x8000b3e0 (0x00002f17) auipc   t5, 0x2
core   0: 3 0x8000b3e0 (0x00002f17) x30 0x8000d3e0
core   0: 0x8000b3e4 (0xc23f2023) sw      gp, -992(t5)
core   0: 3 0x8000b3e4 (0xc23f2023) mem 0x8000d000 0x00000001
core   0: 0x8000b3e8 (0x0000bfe5) c.j     pc - 8
core   0: 3 0x8000b3e8 (0xbfe5)
core   0: 0x8000b3e0 (0x00002f17) auipc   t5, 0x2
core   0: 3 0x8000b3e0 (0x00002f17) x30 0x8000d3e0
core   0: 0x8000b3e4 (0xc23f2023) sw      gp, -992(t5)
core   0: 3 0x8000b3e4 (0xc23f2023) mem 0x8000d000 0x00000001
core   0: 0x8000b3e8 (0x0000bfe5) c.j     pc - 8
core   0: 3 0x8000b3e8 (0xbfe5)
core   0: 0x8000b3e0 (0x00002f17) auipc   t5, 0x2
core   0: 3 0x8000b3e0 (0x00002f17) x30 0x8000d3e0
core   0: 0x8000b3e4 (0xc23f2023) sw      gp, -992(t5)
core   0: 3 0x8000b3e4 (0xc23f2023) mem 0x8000d000 0x00000001
core   0: 0x8000b3e8 (0x0000bfe5) c.j     pc - 8
core   0: 3 0x8000b3e8 (0xbfe5)
core   0: 0x8000b3e0 (0x00002f17) auipc   t5, 0x2
core   0: 3 0x8000b3e0 (0x00002f17) x30 0x8000d3e0
core   0: 0x8000b3e4 (0xc23f2023) sw      gp, -992(t5)
core   0: 3 0x8000b3e4 (0xc23f2023) mem 0x8000d000 0x00000001
core   0: 0x8000b3e8 (0x0000bfe5) c.j     pc - 8
core   0: 3 0x8000b3e8 (0xbfe5)
core   0: 0x8000b3e0 (0x00002f17) auipc   t5, 0x2
core   0: 3 0x8000b3e0 (0x00002f17) x30 0x8000d3e0
core   0: 0x8000b3e4 (0xc23f2023) sw      gp, -992(t5)
core   0: 3 0x8000b3e4 (0xc23f2023) mem 0x8000d000 0x00000001
core   0: 0x8000b3e8 (0x0000bfe5) c.j     pc - 8
core   0: 3 0x8000b3e8 (0xbfe5)
core   0: 0x8000b3e0 (0x00002f17) auipc   t5, 0x2
core   0: 3 0x8000b3e0 (0x00002f17) x30 0x8000d3e0
core   0: 0x8000b3e4 (0xc23f2023) sw      gp, -992(t5)
core   0: 3 0x8000b3e4 (0xc23f2023) mem 0x8000d000 0x00000001
core   0: 0x8000b3e8 (0x0000bfe5) c.j     pc - 8
core   0: 3 0x8000b3e8 (0xbfe5)
core   0: 0x8000b3e0 (0x00002f17) auipc   t5, 0x2
core   0: 3 0x8000b3e0 (0x00002f17) x30 0x8000d3e0
core   0: 0x8000b3e4 (0xc23f2023) sw      gp, -992(t5)
core   0: 3 0x8000b3e4 (0xc23f2023) mem 0x8000d000 0x00000001
core   0: 0x8000b3e8 (0x0000bfe5) c.j     pc - 8
core   0: 3 0x8000b3e8 (0xbfe5)
core   0: 0x8000b3e0 (0x00002f17) auipc   t5, 0x2
core   0: 3 0x8000b3e0 (0x00002f17) x30 0x8000d3e0
core   0: 0x8000b3e4 (0xc23f2023) sw      gp, -992(t5)
core   0: 3 0x8000b3e4 (0xc23f2023) mem 0x8000d000 0x00000001
core   0: 0x8000b3e8 (0x0000bfe5) c.j     pc - 8
core   0: 3 0x8000b3e8 (0xbfe5)
core   0: 0x8000b3e0 (0x00002f17) auipc   t5, 0x2
core   0: 3 0x8000b3e0 (0x00002f17) x30 0x8000d3e0
core   0: 0x8000b3e4 (0xc23f2023) sw      gp, -992(t5)
core   0: 3 0x8000b3e4 (0xc23f2023) mem 0x8000d000 0x00000001
core   0: 0x8000b3e8 (0x0000bfe5) c.j     pc - 8
core   0: 3 0x8000b3e8 (0xbfe5)
core   0: 0x8000b3e0 (0x00002f17) auipc   t5, 0x2
core   0: 3 0x8000b3e0 (0x00002f17) x30 0x8000d3e0
core   0: 0x8000b3e4 (0xc23f2023) sw      gp, -992(t5)
core   0: 3 0x8000b3e4 (0xc23f2023) mem 0x8000d000 0x00000001
core   0: 0x8000b3e8 (0x0000bfe5) c.j     pc - 8
core   0: 3 0x8000b3e8 (0xbfe5)
core   0: 0x8000b3e0 (0x00002f17) auipc   t5, 0x2
core   0: 3 0x8000b3e0 (0x00002f17) x30 0x8000d3e0
core   0: 0x8000b3e4 (0xc23f2023) sw      gp, -992(t5)
core   0: 3 0x8000b3e4 (0xc23f2023) mem 0x8000d000 0x00000001
core   0: 0x8000b3e8 (0x0000bfe5) c.j     pc - 8
core   0: 3 0x8000b3e8 (0xbfe5)
core   0: 0x8000b3e0 (0x00002f17) auipc   t5, 0x2
core   0: 3 0x8000b3e0 (0x00002f17) x30 0x8000d3e0
core   0: 0x8000b3e4 (0xc23f2023) sw      gp, -992(t5)
core   0: 3 0x8000b3e4 (0xc23f2023) mem 0x8000d000 0x00000001
core   0: 0x8000b3e8 (0x0000bfe5) c.j     pc - 8
core   0: 3 0x8000b3e8 (0xbfe5)
core   0: 0x8000b3e0 (0x00002f17) auipc   t5, 0x2
core   0: 3 0x8000b3e0 (0x00002f17) x30 0x8000d3e0
core   0: 0x8000b3e4 (0xc23f2023) sw      gp, -992(t5)
core   0: 3 0x8000b3e4 (0xc23f2023) mem 0x8000d000 0x00000001
core   0: 0x8000b3e8 (0x0000bfe5) c.j     pc - 8
core   0: 3 0x8000b3e8 (0xbfe5)
core   0: 0x8000b3e0 (0x00002f17) auipc   t5, 0x2
core   0: 3 0x8000b3e0 (0x00002f17) x30 0x8000d3e0
core   0: 0x8000b3e4 (0xc23f2023) sw      gp, -992(t5)
core   0: 3 0x8000b3e4 (0xc23f2023) mem 0x8000d000 0x00000001
core   0: 0x8000b3e8 (0x0000bfe5) c.j     pc - 8
core   0: 3 0x8000b3e8 (0xbfe5)
core   0: 0x8000b3e0 (0x00002f17) auipc   t5, 0x2
core   0: 3 0x8000b3e0 (0x00002f17) x30 0x8000d3e0
core   0: 0x8000b3e4 (0xc23f2023) sw      gp, -992(t5)
core   0: 3 0x8000b3e4 (0xc23f2023) mem 0x8000d000 0x00000001
core   0: 0x8000b3e8 (0x0000bfe5) c.j     pc - 8
core   0: 3 0x8000b3e8 (0xbfe5)
core   0: 0x8000b3e0 (0x00002f17) auipc   t5, 0x2
core   0: 3 0x8000b3e0 (0x00002f17) x30 0x8000d3e0
core   0: 0x8000b3e4 (0xc23f2023) sw      gp, -992(t5)
core   0: 3 0x8000b3e4 (0xc23f2023) mem 0x8000d000 0x00000001
core   0: 0x8000b3e8 (0x0000bfe5) c.j     pc - 8
core   0: 3 0x8000b3e8 (0xbfe5)
core   0: 0x8000b3e0 (0x00002f17) auipc   t5, 0x2
core   0: 3 0x8000b3e0 (0x00002f17) x30 0x8000d3e0
core   0: 0x8000b3e4 (0xc23f2023) sw      gp, -992(t5)
core   0: 3 0x8000b3e4 (0xc23f2023) mem 0x8000d000 0x00000001
core   0: 0x8000b3e8 (0x0000bfe5) c.j     pc - 8
core   0: 3 0x8000b3e8 (0xbfe5)
core   0: 0x8000b3e0 (0x00002f17) auipc   t5, 0x2
core   0: 3 0x8000b3e0 (0x00002f17) x30 0x8000d3e0
core   0: 0x8000b3e4 (0xc23f2023) sw      gp, -992(t5)
core   0: 3 0x8000b3e4 (0xc23f2023) mem 0x8000d000 0x00000001
core   0: 0x8000b3e8 (0x0000bfe5) c.j     pc - 8
core   0: 3 0x8000b3e8 (0xbfe5)
core   0: 0x8000b3e0 (0x00002f17) auipc   t5, 0x2
core   0: 3 0x8000b3e0 (0x00002f17) x30 0x8000d3e0
core   0: 0x8000b3e4 (0xc23f2023) sw      gp, -992(t5)
core   0: 3 0x8000b3e4 (0xc23f2023) mem 0x8000d000 0x00000001
core   0: 0x8000b3e8 (0x0000bfe5) c.j     pc - 8
core   0: 3 0x8000b3e8 (0xbfe5)
core   0: 0x8000b3e0 (0x00002f17) auipc   t5, 0x2
core   0: 3 0x8000b3e0 (0x00002f17) x30 0x8000d3e0
core   0: 0x8000b3e4 (0xc23f2023) sw      gp, -992(t5)
core   0: 3 0x8000b3e4 (0xc23f2023) mem 0x8000d000 0x00000001
core   0: 0x8000b3e8 (0x0000bfe5) c.j     pc - 8
core   0: 3 0x8000b3e8 (0xbfe5)
core   0: 0x8000b3e0 (0x00002f17) auipc   t5, 0x2
core   0: 3 0x8000b3e0 (0x00002f17) x30 0x8000d3e0
core   0: 0x8000b3e4 (0xc23f2023) sw      gp, -992(t5)
core   0: 3 0x8000b3e4 (0xc23f2023) mem 0x8000d000 0x00000001
core   0: 0x8000b3e8 (0x0000bfe5) c.j     pc - 8
core   0: 3 0x8000b3e8 (0xbfe5)
core   0: 0x8000b3e0 (0x00002f17) auipc   t5, 0x2
core   0: 3 0x8000b3e0 (0x00002f17) x30 0x8000d3e0
core   0: 0x8000b3e4 (0xc23f2023) sw      gp, -992(t5)
core   0: 3 0x8000b3e4 (0xc23f2023) mem 0x8000d000 0x00000001
core   0: 0x8000b3e8 (0x0000bfe5) c.j     pc - 8
core   0: 3 0x8000b3e8 (0xbfe5)
core   0: 0x8000b3e0 (0x00002f17) auipc   t5, 0x2
core   0: 3 0x8000b3e0 (0x00002f17) x30 0x8000d3e0
core   0: 0x8000b3e4 (0xc23f2023) sw      gp, -992(t5)
core   0: 3 0x8000b3e4 (0xc23f2023) mem 0x8000d000 0x00000001
core   0: 0x8000b3e8 (0x0000bfe5) c.j     pc - 8
core   0: 3 0x8000b3e8 (0xbfe5)
core   0: 0x8000b3e0 (0x00002f17) auipc   t5, 0x2
core   0: 3 0x8000b3e0 (0x00002f17) x30 0x8000d3e0
core   0: 0x8000b3e4 (0xc23f2023) sw      gp, -992(t5)
core   0: 3 0x8000b3e4 (0xc23f2023) mem 0x8000d000 0x00000001
core   0: 0x8000b3e8 (0x0000bfe5) c.j     pc - 8
core   0: 3 0x8000b3e8 (0xbfe5)
core   0: 0x8000b3e0 (0x00002f17) auipc   t5, 0x2
core   0: 3 0x8000b3e0 (0x00002f17) x30 0x8000d3e0
core   0: 0x8000b3e4 (0xc23f2023) sw      gp, -992(t5)
core   0: 3 0x8000b3e4 (0xc23f2023) mem 0x8000d000 0x00000001
core   0: 0x8000b3e8 (0x0000bfe5) c.j     pc - 8
core   0: 3 0x8000b3e8 (0xbfe5)
core   0: 0x8000b3e0 (0x00002f17) auipc   t5, 0x2
core   0: 3 0x8000b3e0 (0x00002f17) x30 0x8000d3e0
core   0: 0x8000b3e4 (0xc23f2023) sw      gp, -992(t5)
core   0: 3 0x8000b3e4 (0xc23f2023) mem 0x8000d000 0x00000001
core   0: 0x8000b3e8 (0x0000bfe5) c.j     pc - 8
core   0: 3 0x8000b3e8 (0xbfe5)
core   0: 0x8000b3e0 (0x00002f17) auipc   t5, 0x2
core   0: 3 0x8000b3e0 (0x00002f17) x30 0x8000d3e0
core   0: 0x8000b3e4 (0xc23f2023) sw      gp, -992(t5)
core   0: 3 0x8000b3e4 (0xc23f2023) mem 0x8000d000 0x00000001
core   0: 0x8000b3e8 (0x0000bfe5) c.j     pc - 8
core   0: 3 0x8000b3e8 (0xbfe5)
core   0: 0x8000b3e0 (0x00002f17) auipc   t5, 0x2
core   0: 3 0x8000b3e0 (0x00002f17) x30 0x8000d3e0
core   0: 0x8000b3e4 (0xc23f2023) sw      gp, -992(t5)
core   0: 3 0x8000b3e4 (0xc23f2023) mem 0x8000d000 0x00000001
core   0: 0x8000b3e8 (0x0000bfe5) c.j     pc - 8
core   0: 3 0x8000b3e8 (0xbfe5)
core   0: 0x8000b3e0 (0x00002f17) auipc   t5, 0x2
core   0: 3 0x8000b3e0 (0x00002f17) x30 0x8000d3e0
core   0: 0x8000b3e4 (0xc23f2023) sw      gp, -992(t5)
core   0: 3 0x8000b3e4 (0xc23f2023) mem 0x8000d000 0x00000001
core   0: 0x8000b3e8 (0x0000bfe5) c.j     pc - 8
core   0: 3 0x8000b3e8 (0xbfe5)
core   0: 0x8000b3e0 (0x00002f17) auipc   t5, 0x2
core   0: 3 0x8000b3e0 (0x00002f17) x30 0x8000d3e0
core   0: 0x8000b3e4 (0xc23f2023) sw      gp, -992(t5)
core   0: 3 0x8000b3e4 (0xc23f2023) mem 0x8000d000 0x00000001
core   0: 0x8000b3e8 (0x0000bfe5) c.j     pc - 8
core   0: 3 0x8000b3e8 (0xbfe5)
core   0: 0x8000b3e0 (0x00002f17) auipc   t5, 0x2
core   0: 3 0x8000b3e0 (0x00002f17) x30 0x8000d3e0
core   0: 0x8000b3e4 (0xc23f2023) sw      gp, -992(t5)
core   0: 3 0x8000b3e4 (0xc23f2023) mem 0x8000d000 0x00000001
core   0: 0x8000b3e8 (0x0000bfe5) c.j     pc - 8
core   0: 3 0x8000b3e8 (0xbfe5)
core   0: 0x8000b3e0 (0x00002f17) auipc   t5, 0x2
core   0: 3 0x8000b3e0 (0x00002f17) x30 0x8000d3e0
core   0: 0x8000b3e4 (0xc23f2023) sw      gp, -992(t5)
core   0: 3 0x8000b3e4 (0xc23f2023) mem 0x8000d000 0x00000001
core   0: 0x8000b3e8 (0x0000bfe5) c.j     pc - 8
core   0: 3 0x8000b3e8 (0xbfe5)
core   0: 0x8000b3e0 (0x00002f17) auipc   t5, 0x2
core   0: 3 0x8000b3e0 (0x00002f17) x30 0x8000d3e0
core   0: 0x8000b3e4 (0xc23f2023) sw      gp, -992(t5)
core   0: 3 0x8000b3e4 (0xc23f2023) mem 0x8000d000 0x00000001
core   0: 0x8000b3e8 (0x0000bfe5) c.j     pc - 8
core   0: 3 0x8000b3e8 (0xbfe5)
core   0: 0x8000b3e0 (0x00002f17) auipc   t5, 0x2
core   0: 3 0x8000b3e0 (0x00002f17) x30 0x8000d3e0
core   0: 0x8000b3e4 (0xc23f2023) sw      gp, -992(t5)
core   0: 3 0x8000b3e4 (0xc23f2023) mem 0x8000d000 0x00000001
core   0: 0x8000b3e8 (0x0000bfe5) c.j     pc - 8
core   0: 3 0x8000b3e8 (0xbfe5)
core   0: 0x8000b3e0 (0x00002f17) auipc   t5, 0x2
core   0: 3 0x8000b3e0 (0x00002f17) x30 0x8000d3e0
core   0: 0x8000b3e4 (0xc23f2023) sw      gp, -992(t5)
core   0: 3 0x8000b3e4 (0xc23f2023) mem 0x8000d000 0x00000001
core   0: 0x8000b3e8 (0x0000bfe5) c.j     pc - 8
core   0: 3 0x8000b3e8 (0xbfe5)
core   0: 0x8000b3e0 (0x00002f17) auipc   t5, 0x2
core   0: 3 0x8000b3e0 (0x00002f17) x30 0x8000d3e0
core   0: 0x8000b3e4 (0xc23f2023) sw      gp, -992(t5)
core   0: 3 0x8000b3e4 (0xc23f2023) mem 0x8000d000 0x00000001
core   0: 0x8000b3e8 (0x0000bfe5) c.j     pc - 8
core   0: 3 0x8000b3e8 (0xbfe5)
core   0: 0x8000b3e0 (0x00002f17) auipc   t5, 0x2
core   0: 3 0x8000b3e0 (0x00002f17) x30 0x8000d3e0
core   0: 0x8000b3e4 (0xc23f2023) sw      gp, -992(t5)
core   0: 3 0x8000b3e4 (0xc23f2023) mem 0x8000d000 0x00000001
core   0: 0x8000b3e8 (0x0000bfe5) c.j     pc - 8
core   0: 3 0x8000b3e8 (0xbfe5)
core   0: 0x8000b3e0 (0x00002f17) auipc   t5, 0x2
core   0: 3 0x8000b3e0 (0x00002f17) x30 0x8000d3e0
core   0: 0x8000b3e4 (0xc23f2023) sw      gp, -992(t5)
core   0: 3 0x8000b3e4 (0xc23f2023) mem 0x8000d000 0x00000001
core   0: 0x8000b3e8 (0x0000bfe5) c.j     pc - 8
core   0: 3 0x8000b3e8 (0xbfe5)
core   0: 0x8000b3e0 (0x00002f17) auipc   t5, 0x2
core   0: 3 0x8000b3e0 (0x00002f17) x30 0x8000d3e0
core   0: 0x8000b3e4 (0xc23f2023) sw      gp, -992(t5)
core   0: 3 0x8000b3e4 (0xc23f2023) mem 0x8000d000 0x00000001
core   0: 0x8000b3e8 (0x0000bfe5) c.j     pc - 8
core   0: 3 0x8000b3e8 (0xbfe5)
core   0: 0x8000b3e0 (0x00002f17) auipc   t5, 0x2
core   0: 3 0x8000b3e0 (0x00002f17) x30 0x8000d3e0
core   0: 0x8000b3e4 (0xc23f2023) sw      gp, -992(t5)
core   0: 3 0x8000b3e4 (0xc23f2023) mem 0x8000d000 0x00000001
core   0: 0x8000b3e8 (0x0000bfe5) c.j     pc - 8
core   0: 3 0x8000b3e8 (0xbfe5)
core   0: 0x8000b3e0 (0x00002f17) auipc   t5, 0x2
core   0: 3 0x8000b3e0 (0x00002f17) x30 0x8000d3e0
core   0: 0x8000b3e4 (0xc23f2023) sw      gp, -992(t5)
core   0: 3 0x8000b3e4 (0xc23f2023) mem 0x8000d000 0x00000001
core   0: 0x8000b3e8 (0x0000bfe5) c.j     pc - 8
core   0: 3 0x8000b3e8 (0xbfe5)
core   0: 0x8000b3e0 (0x00002f17) auipc   t5, 0x2
core   0: 3 0x8000b3e0 (0x00002f17) x30 0x8000d3e0
core   0: 0x8000b3e4 (0xc23f2023) sw      gp, -992(t5)
core   0: 3 0x8000b3e4 (0xc23f2023) mem 0x8000d000 0x00000001
core   0: 0x8000b3e8 (0x0000bfe5) c.j     pc - 8
core   0: 3 0x8000b3e8 (0xbfe5)
core   0: 0x8000b3e0 (0x00002f17) auipc   t5, 0x2
core   0: 3 0x8000b3e0 (0x00002f17) x30 0x8000d3e0
core   0: 0x8000b3e4 (0xc23f2023) sw      gp, -992(t5)
core   0: 3 0x8000b3e4 (0xc23f2023) mem 0x8000d000 0x00000001
core   0: 0x8000b3e8 (0x0000bfe5) c.j     pc - 8
core   0: 3 0x8000b3e8 (0xbfe5)
core   0: 0x8000b3e0 (0x00002f17) auipc   t5, 0x2
core   0: 3 0x8000b3e0 (0x00002f17) x30 0x8000d3e0
core   0: 0x8000b3e4 (0xc23f2023) sw      gp, -992(t5)
core   0: 3 0x8000b3e4 (0xc23f2023) mem 0x8000d000 0x00000001
core   0: 0x8000b3e8 (0x0000bfe5) c.j     pc - 8
core   0: 3 0x8000b3e8 (0xbfe5)
core   0: 0x8000b3e0 (0x00002f17) auipc   t5, 0x2
core   0: 3 0x8000b3e0 (0x00002f17) x30 0x8000d3e0
core   0: 0x8000b3e4 (0xc23f2023) sw      gp, -992(t5)
core   0: 3 0x8000b3e4 (0xc23f2023) mem 0x8000d000 0x00000001
core   0: 0x8000b3e8 (0x0000bfe5) c.j     pc - 8
core   0: 3 0x8000b3e8 (0xbfe5)
core   0: 0x8000b3e0 (0x00002f17) auipc   t5, 0x2
core   0: 3 0x8000b3e0 (0x00002f17) x30 0x8000d3e0
core   0: 0x8000b3e4 (0xc23f2023) sw      gp, -992(t5)
core   0: 3 0x8000b3e4 (0xc23f2023) mem 0x8000d000 0x00000001
core   0: 0x8000b3e8 (0x0000bfe5) c.j     pc - 8
core   0: 3 0x8000b3e8 (0xbfe5)
core   0: 0x8000b3e0 (0x00002f17) auipc   t5, 0x2
core   0: 3 0x8000b3e0 (0x00002f17) x30 0x8000d3e0
core   0: 0x8000b3e4 (0xc23f2023) sw      gp, -992(t5)
core   0: 3 0x8000b3e4 (0xc23f2023) mem 0x8000d000 0x00000001
core   0: 0x8000b3e8 (0x0000bfe5) c.j     pc - 8
core   0: 3 0x8000b3e8 (0xbfe5)
core   0: 0x8000b3e0 (0x00002f17) auipc   t5, 0x2
core   0: 3 0x8000b3e0 (0x00002f17) x30 0x8000d3e0
core   0: 0x8000b3e4 (0xc23f2023) sw      gp, -992(t5)
core   0: 3 0x8000b3e4 (0xc23f2023) mem 0x8000d000 0x00000001
core   0: 0x8000b3e8 (0x0000bfe5) c.j     pc - 8
core   0: 3 0x8000b3e8 (0xbfe5)
core   0: 0x8000b3e0 (0x00002f17) auipc   t5, 0x2
core   0: 3 0x8000b3e0 (0x00002f17) x30 0x8000d3e0
core   0: 0x8000b3e4 (0xc23f2023) sw      gp, -992(t5)
core   0: 3 0x8000b3e4 (0xc23f2023) mem 0x8000d000 0x00000001
core   0: 0x8000b3e8 (0x0000bfe5) c.j     pc - 8
core   0: 3 0x8000b3e8 (0xbfe5)
core   0: 0x8000b3e0 (0x00002f17) auipc   t5, 0x2
core   0: 3 0x8000b3e0 (0x00002f17) x30 0x8000d3e0
core   0: 0x8000b3e4 (0xc23f2023) sw      gp, -992(t5)
core   0: 3 0x8000b3e4 (0xc23f2023) mem 0x8000d000 0x00000001
core   0: 0x8000b3e8 (0x0000bfe5) c.j     pc - 8
core   0: 3 0x8000b3e8 (0xbfe5)
core   0: 0x8000b3e0 (0x00002f17) auipc   t5, 0x2
core   0: 3 0x8000b3e0 (0x00002f17) x30 0x8000d3e0
core   0: 0x8000b3e4 (0xc23f2023) sw      gp, -992(t5)
core   0: 3 0x8000b3e4 (0xc23f2023) mem 0x8000d000 0x00000001
core   0: 0x8000b3e8 (0x0000bfe5) c.j     pc - 8
core   0: 3 0x8000b3e8 (0xbfe5)
core   0: 0x8000b3e0 (0x00002f17) auipc   t5, 0x2
core   0: 3 0x8000b3e0 (0x00002f17) x30 0x8000d3e0
core   0: 0x8000b3e4 (0xc23f2023) sw      gp, -992(t5)
core   0: 3 0x8000b3e4 (0xc23f2023) mem 0x8000d000 0x00000001
core   0: 0x8000b3e8 (0x0000bfe5) c.j     pc - 8
core   0: 3 0x8000b3e8 (0xbfe5)
core   0: 0x8000b3e0 (0x00002f17) auipc   t5, 0x2
core   0: 3 0x8000b3e0 (0x00002f17) x30 0x8000d3e0
core   0: 0x8000b3e4 (0xc23f2023) sw      gp, -992(t5)
core   0: 3 0x8000b3e4 (0xc23f2023) mem 0x8000d000 0x00000001
core   0: 0x8000b3e8 (0x0000bfe5) c.j     pc - 8
core   0: 3 0x8000b3e8 (0xbfe5)
core   0: 0x8000b3e0 (0x00002f17) auipc   t5, 0x2
core   0: 3 0x8000b3e0 (0x00002f17) x30 0x8000d3e0
core   0: 0x8000b3e4 (0xc23f2023) sw      gp, -992(t5)
core   0: 3 0x8000b3e4 (0xc23f2023) mem 0x8000d000 0x00000001
core   0: 0x8000b3e8 (0x0000bfe5) c.j     pc - 8
core   0: 3 0x8000b3e8 (0xbfe5)
core   0: 0x8000b3e0 (0x00002f17) auipc   t5, 0x2
core   0: 3 0x8000b3e0 (0x00002f17) x30 0x8000d3e0
core   0: 0x8000b3e4 (0xc23f2023) sw      gp, -992(t5)
core   0: 3 0x8000b3e4 (0xc23f2023) mem 0x8000d000 0x00000001
core   0: 0x8000b3e8 (0x0000bfe5) c.j     pc - 8
core   0: 3 0x8000b3e8 (0xbfe5)
core   0: 0x8000b3e0 (0x00002f17) auipc   t5, 0x2
core   0: 3 0x8000b3e0 (0x00002f17) x30 0x8000d3e0
core   0: 0x8000b3e4 (0xc23f2023) sw      gp, -992(t5)
core   0: 3 0x8000b3e4 (0xc23f2023) mem 0x8000d000 0x00000001
core   0: 0x8000b3e8 (0x0000bfe5) c.j     pc - 8
core   0: 3 0x8000b3e8 (0xbfe5)
core   0: 0x8000b3e0 (0x00002f17) auipc   t5, 0x2
core   0: 3 0x8000b3e0 (0x00002f17) x30 0x8000d3e0
core   0: 0x8000b3e4 (0xc23f2023) sw      gp, -992(t5)
core   0: 3 0x8000b3e4 (0xc23f2023) mem 0x8000d000 0x00000001
core   0: 0x8000b3e8 (0x0000bfe5) c.j     pc - 8
core   0: 3 0x8000b3e8 (0xbfe5)
core   0: 0x8000b3e0 (0x00002f17) auipc   t5, 0x2
core   0: 3 0x8000b3e0 (0x00002f17) x30 0x8000d3e0
core   0: 0x8000b3e4 (0xc23f2023) sw      gp, -992(t5)
core   0: 3 0x8000b3e4 (0xc23f2023) mem 0x8000d000 0x00000001
core   0: 0x8000b3e8 (0x0000bfe5) c.j     pc - 8
core   0: 3 0x8000b3e8 (0xbfe5)
core   0: 0x8000b3e0 (0x00002f17) auipc   t5, 0x2
core   0: 3 0x8000b3e0 (0x00002f17) x30 0x8000d3e0
core   0: 0x8000b3e4 (0xc23f2023) sw      gp, -992(t5)
core   0: 3 0x8000b3e4 (0xc23f2023) mem 0x8000d000 0x00000001
core   0: 0x8000b3e8 (0x0000bfe5) c.j     pc - 8
core   0: 3 0x8000b3e8 (0xbfe5)
core   0: 0x8000b3e0 (0x00002f17) auipc   t5, 0x2
core   0: 3 0x8000b3e0 (0x00002f17) x30 0x8000d3e0
core   0: 0x8000b3e4 (0xc23f2023) sw      gp, -992(t5)
core   0: 3 0x8000b3e4 (0xc23f2023) mem 0x8000d000 0x00000001
core   0: 0x8000b3e8 (0x0000bfe5) c.j     pc - 8
core   0: 3 0x8000b3e8 (0xbfe5)
core   0: 0x8000b3e0 (0x00002f17) auipc   t5, 0x2
core   0: 3 0x8000b3e0 (0x00002f17) x30 0x8000d3e0
core   0: 0x8000b3e4 (0xc23f2023) sw      gp, -992(t5)
core   0: 3 0x8000b3e4 (0xc23f2023) mem 0x8000d000 0x00000001
core   0: 0x8000b3e8 (0x0000bfe5) c.j     pc - 8
core   0: 3 0x8000b3e8 (0xbfe5)
core   0: 0x8000b3e0 (0x00002f17) auipc   t5, 0x2
core   0: 3 0x8000b3e0 (0x00002f17) x30 0x8000d3e0
core   0: 0x8000b3e4 (0xc23f2023) sw      gp, -992(t5)
core   0: 3 0x8000b3e4 (0xc23f2023) mem 0x8000d000 0x00000001
core   0: 0x8000b3e8 (0x0000bfe5) c.j     pc - 8
core   0: 3 0x8000b3e8 (0xbfe5)
core   0: 0x8000b3e0 (0x00002f17) auipc   t5, 0x2
core   0: 3 0x8000b3e0 (0x00002f17) x30 0x8000d3e0
core   0: 0x8000b3e4 (0xc23f2023) sw      gp, -992(t5)
core   0: 3 0x8000b3e4 (0xc23f2023) mem 0x8000d000 0x00000001
core   0: 0x8000b3e8 (0x0000bfe5) c.j     pc - 8
core   0: 3 0x8000b3e8 (0xbfe5)
core   0: 0x8000b3e0 (0x00002f17) auipc   t5, 0x2
core   0: 3 0x8000b3e0 (0x00002f17) x30 0x8000d3e0
core   0: 0x8000b3e4 (0xc23f2023) sw      gp, -992(t5)
core   0: 3 0x8000b3e4 (0xc23f2023) mem 0x8000d000 0x00000001
core   0: 0x8000b3e8 (0x0000bfe5) c.j     pc - 8
core   0: 3 0x8000b3e8 (0xbfe5)
core   0: 0x8000b3e0 (0x00002f17) auipc   t5, 0x2
core   0: 3 0x8000b3e0 (0x00002f17) x30 0x8000d3e0
core   0: 0x8000b3e4 (0xc23f2023) sw      gp, -992(t5)
core   0: 3 0x8000b3e4 (0xc23f2023) mem 0x8000d000 0x00000001
core   0: 0x8000b3e8 (0x0000bfe5) c.j     pc - 8
core   0: 3 0x8000b3e8 (0xbfe5)
core   0: 0x8000b3e0 (0x00002f17) auipc   t5, 0x2
core   0: 3 0x8000b3e0 (0x00002f17) x30 0x8000d3e0
core   0: 0x8000b3e4 (0xc23f2023) sw      gp, -992(t5)
core   0: 3 0x8000b3e4 (0xc23f2023) mem 0x8000d000 0x00000001
core   0: 0x8000b3e8 (0x0000bfe5) c.j     pc - 8
core   0: 3 0x8000b3e8 (0xbfe5)
core   0: 0x8000b3e0 (0x00002f17) auipc   t5, 0x2
core   0: 3 0x8000b3e0 (0x00002f17) x30 0x8000d3e0
core   0: 0x8000b3e4 (0xc23f2023) sw      gp, -992(t5)
core   0: 3 0x8000b3e4 (0xc23f2023) mem 0x8000d000 0x00000001
core   0: 0x8000b3e8 (0x0000bfe5) c.j     pc - 8
core   0: 3 0x8000b3e8 (0xbfe5)
core   0: 0x8000b3e0 (0x00002f17) auipc   t5, 0x2
core   0: 3 0x8000b3e0 (0x00002f17) x30 0x8000d3e0
core   0: 0x8000b3e4 (0xc23f2023) sw      gp, -992(t5)
core   0: 3 0x8000b3e4 (0xc23f2023) mem 0x8000d000 0x00000001
core   0: 0x8000b3e8 (0x0000bfe5) c.j     pc - 8
core   0: 3 0x8000b3e8 (0xbfe5)
core   0: 0x8000b3e0 (0x00002f17) auipc   t5, 0x2
core   0: 3 0x8000b3e0 (0x00002f17) x30 0x8000d3e0
core   0: 0x8000b3e4 (0xc23f2023) sw      gp, -992(t5)
core   0: 3 0x8000b3e4 (0xc23f2023) mem 0x8000d000 0x00000001
core   0: 0x8000b3e8 (0x0000bfe5) c.j     pc - 8
core   0: 3 0x8000b3e8 (0xbfe5)
core   0: 0x8000b3e0 (0x00002f17) auipc   t5, 0x2
core   0: 3 0x8000b3e0 (0x00002f17) x30 0x8000d3e0
core   0: 0x8000b3e4 (0xc23f2023) sw      gp, -992(t5)
core   0: 3 0x8000b3e4 (0xc23f2023) mem 0x8000d000 0x00000001
core   0: 0x8000b3e8 (0x0000bfe5) c.j     pc - 8
core   0: 3 0x8000b3e8 (0xbfe5)
core   0: 0x8000b3e0 (0x00002f17) auipc   t5, 0x2
core   0: 3 0x8000b3e0 (0x00002f17) x30 0x8000d3e0
core   0: 0x8000b3e4 (0xc23f2023) sw      gp, -992(t5)
core   0: 3 0x8000b3e4 (0xc23f2023) mem 0x8000d000 0x00000001
core   0: 0x8000b3e8 (0x0000bfe5) c.j     pc - 8
core   0: 3 0x8000b3e8 (0xbfe5)
core   0: 0x8000b3e0 (0x00002f17) auipc   t5, 0x2
core   0: 3 0x8000b3e0 (0x00002f17) x30 0x8000d3e0
core   0: 0x8000b3e4 (0xc23f2023) sw      gp, -992(t5)
core   0: 3 0x8000b3e4 (0xc23f2023) mem 0x8000d000 0x00000001
core   0: 0x8000b3e8 (0x0000bfe5) c.j     pc - 8
core   0: 3 0x8000b3e8 (0xbfe5)
core   0: 0x8000b3e0 (0x00002f17) auipc   t5, 0x2
core   0: 3 0x8000b3e0 (0x00002f17) x30 0x8000d3e0
core   0: 0x8000b3e4 (0xc23f2023) sw      gp, -992(t5)
core   0: 3 0x8000b3e4 (0xc23f2023) mem 0x8000d000 0x00000001
core   0: 0x8000b3e8 (0x0000bfe5) c.j     pc - 8
core   0: 3 0x8000b3e8 (0xbfe5)
core   0: 0x8000b3e0 (0x00002f17) auipc   t5, 0x2
core   0: 3 0x8000b3e0 (0x00002f17) x30 0x8000d3e0
core   0: 0x8000b3e4 (0xc23f2023) sw      gp, -992(t5)
core   0: 3 0x8000b3e4 (0xc23f2023) mem 0x8000d000 0x00000001
core   0: 0x8000b3e8 (0x0000bfe5) c.j     pc - 8
core   0: 3 0x8000b3e8 (0xbfe5)
core   0: 0x8000b3e0 (0x00002f17) auipc   t5, 0x2
core   0: 3 0x8000b3e0 (0x00002f17) x30 0x8000d3e0
core   0: 0x8000b3e4 (0xc23f2023) sw      gp, -992(t5)
core   0: 3 0x8000b3e4 (0xc23f2023) mem 0x8000d000 0x00000001
core   0: 0x8000b3e8 (0x0000bfe5) c.j     pc - 8
core   0: 3 0x8000b3e8 (0xbfe5)
core   0: 0x8000b3e0 (0x00002f17) auipc   t5, 0x2
core   0: 3 0x8000b3e0 (0x00002f17) x30 0x8000d3e0
core   0: 0x8000b3e4 (0xc23f2023) sw      gp, -992(t5)
core   0: 3 0x8000b3e4 (0xc23f2023) mem 0x8000d000 0x00000001
core   0: 0x8000b3e8 (0x0000bfe5) c.j     pc - 8
core   0: 3 0x8000b3e8 (0xbfe5)
core   0: 0x8000b3e0 (0x00002f17) auipc   t5, 0x2
core   0: 3 0x8000b3e0 (0x00002f17) x30 0x8000d3e0
core   0: 0x8000b3e4 (0xc23f2023) sw      gp, -992(t5)
core   0: 3 0x8000b3e4 (0xc23f2023) mem 0x8000d000 0x00000001
core   0: 0x8000b3e8 (0x0000bfe5) c.j     pc - 8
core   0: 3 0x8000b3e8 (0xbfe5)
core   0: 0x8000b3e0 (0x00002f17) auipc   t5, 0x2
core   0: 3 0x8000b3e0 (0x00002f17) x30 0x8000d3e0
core   0: 0x8000b3e4 (0xc23f2023) sw      gp, -992(t5)
core   0: 3 0x8000b3e4 (0xc23f2023) mem 0x8000d000 0x00000001
core   0: 0x8000b3e8 (0x0000bfe5) c.j     pc - 8
core   0: 3 0x8000b3e8 (0xbfe5)
core   0: 0x8000b3e0 (0x00002f17) auipc   t5, 0x2
core   0: 3 0x8000b3e0 (0x00002f17) x30 0x8000d3e0
core   0: 0x8000b3e4 (0xc23f2023) sw      gp, -992(t5)
core   0: 3 0x8000b3e4 (0xc23f2023) mem 0x8000d000 0x00000001
core   0: 0x8000b3e8 (0x0000bfe5) c.j     pc - 8
core   0: 3 0x8000b3e8 (0xbfe5)
core   0: 0x8000b3e0 (0x00002f17) auipc   t5, 0x2
core   0: 3 0x8000b3e0 (0x00002f17) x30 0x8000d3e0
core   0: 0x8000b3e4 (0xc23f2023) sw      gp, -992(t5)
core   0: 3 0x8000b3e4 (0xc23f2023) mem 0x8000d000 0x00000001
core   0: 0x8000b3e8 (0x0000bfe5) c.j     pc - 8
core   0: 3 0x8000b3e8 (0xbfe5)
core   0: 0x8000b3e0 (0x00002f17) auipc   t5, 0x2
core   0: 3 0x8000b3e0 (0x00002f17) x30 0x8000d3e0
core   0: 0x8000b3e4 (0xc23f2023) sw      gp, -992(t5)
core   0: 3 0x8000b3e4 (0xc23f2023) mem 0x8000d000 0x00000001
core   0: 0x8000b3e8 (0x0000bfe5) c.j     pc - 8
core   0: 3 0x8000b3e8 (0xbfe5)
core   0: 0x8000b3e0 (0x00002f17) auipc   t5, 0x2
core   0: 3 0x8000b3e0 (0x00002f17) x30 0x8000d3e0
core   0: 0x8000b3e4 (0xc23f2023) sw      gp, -992(t5)
core   0: 3 0x8000b3e4 (0xc23f2023) mem 0x8000d000 0x00000001
core   0: 0x8000b3e8 (0x0000bfe5) c.j     pc - 8
core   0: 3 0x8000b3e8 (0xbfe5)
core   0: 0x8000b3e0 (0x00002f17) auipc   t5, 0x2
core   0: 3 0x8000b3e0 (0x00002f17) x30 0x8000d3e0
core   0: 0x8000b3e4 (0xc23f2023) sw      gp, -992(t5)
core   0: 3 0x8000b3e4 (0xc23f2023) mem 0x8000d000 0x00000001
core   0: 0x8000b3e8 (0x0000bfe5) c.j     pc - 8
core   0: 3 0x8000b3e8 (0xbfe5)
core   0: 0x8000b3e0 (0x00002f17) auipc   t5, 0x2
core   0: 3 0x8000b3e0 (0x00002f17) x30 0x8000d3e0
core   0: 0x8000b3e4 (0xc23f2023) sw      gp, -992(t5)
core   0: 3 0x8000b3e4 (0xc23f2023) mem 0x8000d000 0x00000001
core   0: 0x8000b3e8 (0x0000bfe5) c.j     pc - 8
core   0: 3 0x8000b3e8 (0xbfe5)
core   0: 0x8000b3e0 (0x00002f17) auipc   t5, 0x2
core   0: 3 0x8000b3e0 (0x00002f17) x30 0x8000d3e0
core   0: 0x8000b3e4 (0xc23f2023) sw      gp, -992(t5)
core   0: 3 0x8000b3e4 (0xc23f2023) mem 0x8000d000 0x00000001
core   0: 0x8000b3e8 (0x0000bfe5) c.j     pc - 8
core   0: 3 0x8000b3e8 (0xbfe5)
core   0: 0x8000b3e0 (0x00002f17) auipc   t5, 0x2
core   0: 3 0x8000b3e0 (0x00002f17) x30 0x8000d3e0
core   0: 0x8000b3e4 (0xc23f2023) sw      gp, -992(t5)
core   0: 3 0x8000b3e4 (0xc23f2023) mem 0x8000d000 0x00000001
core   0: 0x8000b3e8 (0x0000bfe5) c.j     pc - 8
core   0: 3 0x8000b3e8 (0xbfe5)
core   0: 0x8000b3e0 (0x00002f17) auipc   t5, 0x2
core   0: 3 0x8000b3e0 (0x00002f17) x30 0x8000d3e0
core   0: 0x8000b3e4 (0xc23f2023) sw      gp, -992(t5)
core   0: 3 0x8000b3e4 (0xc23f2023) mem 0x8000d000 0x00000001
core   0: 0x8000b3e8 (0x0000bfe5) c.j     pc - 8
core   0: 3 0x8000b3e8 (0xbfe5)
core   0: 0x8000b3e0 (0x00002f17) auipc   t5, 0x2
core   0: 3 0x8000b3e0 (0x00002f17) x30 0x8000d3e0
core   0: 0x8000b3e4 (0xc23f2023) sw      gp, -992(t5)
core   0: 3 0x8000b3e4 (0xc23f2023) mem 0x8000d000 0x00000001
core   0: 0x8000b3e8 (0x0000bfe5) c.j     pc - 8
core   0: 3 0x8000b3e8 (0xbfe5)
core   0: 0x8000b3e0 (0x00002f17) auipc   t5, 0x2
core   0: 3 0x8000b3e0 (0x00002f17) x30 0x8000d3e0
core   0: 0x8000b3e4 (0xc23f2023) sw      gp, -992(t5)
core   0: 3 0x8000b3e4 (0xc23f2023) mem 0x8000d000 0x00000001
core   0: 0x8000b3e8 (0x0000bfe5) c.j     pc - 8
core   0: 3 0x8000b3e8 (0xbfe5)
core   0: 0x8000b3e0 (0x00002f17) auipc   t5, 0x2
core   0: 3 0x8000b3e0 (0x00002f17) x30 0x8000d3e0
core   0: 0x8000b3e4 (0xc23f2023) sw      gp, -992(t5)
core   0: 3 0x8000b3e4 (0xc23f2023) mem 0x8000d000 0x00000001
core   0: 0x8000b3e8 (0x0000bfe5) c.j     pc - 8
core   0: 3 0x8000b3e8 (0xbfe5)
core   0: 0x8000b3e0 (0x00002f17) auipc   t5, 0x2
core   0: 3 0x8000b3e0 (0x00002f17) x30 0x8000d3e0
core   0: 0x8000b3e4 (0xc23f2023) sw      gp, -992(t5)
core   0: 3 0x8000b3e4 (0xc23f2023) mem 0x8000d000 0x00000001
core   0: 0x8000b3e8 (0x0000bfe5) c.j     pc - 8
core   0: 3 0x8000b3e8 (0xbfe5)
core   0: 0x8000b3e0 (0x00002f17) auipc   t5, 0x2
core   0: 3 0x8000b3e0 (0x00002f17) x30 0x8000d3e0
core   0: 0x8000b3e4 (0xc23f2023) sw      gp, -992(t5)
core   0: 3 0x8000b3e4 (0xc23f2023) mem 0x8000d000 0x00000001
core   0: 0x8000b3e8 (0x0000bfe5) c.j     pc - 8
core   0: 3 0x8000b3e8 (0xbfe5)
core   0: 0x8000b3e0 (0x00002f17) auipc   t5, 0x2
core   0: 3 0x8000b3e0 (0x00002f17) x30 0x8000d3e0
core   0: 0x8000b3e4 (0xc23f2023) sw      gp, -992(t5)
core   0: 3 0x8000b3e4 (0xc23f2023) mem 0x8000d000 0x00000001
core   0: 0x8000b3e8 (0x0000bfe5) c.j     pc - 8
core   0: 3 0x8000b3e8 (0xbfe5)
core   0: 0x8000b3e0 (0x00002f17) auipc   t5, 0x2
core   0: 3 0x8000b3e0 (0x00002f17) x30 0x8000d3e0
core   0: 0x8000b3e4 (0xc23f2023) sw      gp, -992(t5)
core   0: 3 0x8000b3e4 (0xc23f2023) mem 0x8000d000 0x00000001
core   0: 0x8000b3e8 (0x0000bfe5) c.j     pc - 8
core   0: 3 0x8000b3e8 (0xbfe5)
core   0: 0x8000b3e0 (0x00002f17) auipc   t5, 0x2
core   0: 3 0x8000b3e0 (0x00002f17) x30 0x8000d3e0
core   0: 0x8000b3e4 (0xc23f2023) sw      gp, -992(t5)
core   0: 3 0x8000b3e4 (0xc23f2023) mem 0x8000d000 0x00000001
core   0: 0x8000b3e8 (0x0000bfe5) c.j     pc - 8
core   0: 3 0x8000b3e8 (0xbfe5)
core   0: 0x8000b3e0 (0x00002f17) auipc   t5, 0x2
core   0: 3 0x8000b3e0 (0x00002f17) x30 0x8000d3e0
core   0: 0x8000b3e4 (0xc23f2023) sw      gp, -992(t5)
core   0: 3 0x8000b3e4 (0xc23f2023) mem 0x8000d000 0x00000001
core   0: 0x8000b3e8 (0x0000bfe5) c.j     pc - 8
core   0: 3 0x8000b3e8 (0xbfe5)
core   0: 0x8000b3e0 (0x00002f17) auipc   t5, 0x2
core   0: 3 0x8000b3e0 (0x00002f17) x30 0x8000d3e0
core   0: 0x8000b3e4 (0xc23f2023) sw      gp, -992(t5)
core   0: 3 0x8000b3e4 (0xc23f2023) mem 0x8000d000 0x00000001
core   0: 0x8000b3e8 (0x0000bfe5) c.j     pc - 8
core   0: 3 0x8000b3e8 (0xbfe5)
core   0: 0x8000b3e0 (0x00002f17) auipc   t5, 0x2
core   0: 3 0x8000b3e0 (0x00002f17) x30 0x8000d3e0
core   0: 0x8000b3e4 (0xc23f2023) sw      gp, -992(t5)
core   0: 3 0x8000b3e4 (0xc23f2023) mem 0x8000d000 0x00000001
core   0: 0x8000b3e8 (0x0000bfe5) c.j     pc - 8
core   0: 3 0x8000b3e8 (0xbfe5)
core   0: 0x8000b3e0 (0x00002f17) auipc   t5, 0x2
core   0: 3 0x8000b3e0 (0x00002f17) x30 0x8000d3e0
core   0: 0x8000b3e4 (0xc23f2023) sw      gp, -992(t5)
core   0: 3 0x8000b3e4 (0xc23f2023) mem 0x8000d000 0x00000001
core   0: 0x8000b3e8 (0x0000bfe5) c.j     pc - 8
core   0: 3 0x8000b3e8 (0xbfe5)
core   0: 0x8000b3e0 (0x00002f17) auipc   t5, 0x2
core   0: 3 0x8000b3e0 (0x00002f17) x30 0x8000d3e0
core   0: 0x8000b3e4 (0xc23f2023) sw      gp, -992(t5)
core   0: 3 0x8000b3e4 (0xc23f2023) mem 0x8000d000 0x00000001
core   0: 0x8000b3e8 (0x0000bfe5) c.j     pc - 8
core   0: 3 0x8000b3e8 (0xbfe5)
core   0: 0x8000b3e0 (0x00002f17) auipc   t5, 0x2
core   0: 3 0x8000b3e0 (0x00002f17) x30 0x8000d3e0
core   0: 0x8000b3e4 (0xc23f2023) sw      gp, -992(t5)
core   0: 3 0x8000b3e4 (0xc23f2023) mem 0x8000d000 0x00000001
core   0: 0x8000b3e8 (0x0000bfe5) c.j     pc - 8
core   0: 3 0x8000b3e8 (0xbfe5)
core   0: 0x8000b3e0 (0x00002f17) auipc   t5, 0x2
core   0: 3 0x8000b3e0 (0x00002f17) x30 0x8000d3e0
core   0: 0x8000b3e4 (0xc23f2023) sw      gp, -992(t5)
core   0: 3 0x8000b3e4 (0xc23f2023) mem 0x8000d000 0x00000001
core   0: 0x8000b3e8 (0x0000bfe5) c.j     pc - 8
core   0: 3 0x8000b3e8 (0xbfe5)
core   0: 0x8000b3e0 (0x00002f17) auipc   t5, 0x2
core   0: 3 0x8000b3e0 (0x00002f17) x30 0x8000d3e0
core   0: 0x8000b3e4 (0xc23f2023) sw      gp, -992(t5)
core   0: 3 0x8000b3e4 (0xc23f2023) mem 0x8000d000 0x00000001
core   0: 0x8000b3e8 (0x0000bfe5) c.j     pc - 8
core   0: 3 0x8000b3e8 (0xbfe5)
core   0: 0x8000b3e0 (0x00002f17) auipc   t5, 0x2
core   0: 3 0x8000b3e0 (0x00002f17) x30 0x8000d3e0
core   0: 0x8000b3e4 (0xc23f2023) sw      gp, -992(t5)
core   0: 3 0x8000b3e4 (0xc23f2023) mem 0x8000d000 0x00000001
core   0: 0x8000b3e8 (0x0000bfe5) c.j     pc - 8
core   0: 3 0x8000b3e8 (0xbfe5)
core   0: 0x8000b3e0 (0x00002f17) auipc   t5, 0x2
core   0: 3 0x8000b3e0 (0x00002f17) x30 0x8000d3e0
core   0: 0x8000b3e4 (0xc23f2023) sw      gp, -992(t5)
core   0: 3 0x8000b3e4 (0xc23f2023) mem 0x8000d000 0x00000001
core   0: 0x8000b3e8 (0x0000bfe5) c.j     pc - 8
core   0: 3 0x8000b3e8 (0xbfe5)
core   0: 0x8000b3e0 (0x00002f17) auipc   t5, 0x2
core   0: 3 0x8000b3e0 (0x00002f17) x30 0x8000d3e0
core   0: 0x8000b3e4 (0xc23f2023) sw      gp, -992(t5)
core   0: 3 0x8000b3e4 (0xc23f2023) mem 0x8000d000 0x00000001
core   0: 0x8000b3e8 (0x0000bfe5) c.j     pc - 8
core   0: 3 0x8000b3e8 (0xbfe5)
core   0: 0x8000b3e0 (0x00002f17) auipc   t5, 0x2
core   0: 3 0x8000b3e0 (0x00002f17) x30 0x8000d3e0
core   0: 0x8000b3e4 (0xc23f2023) sw      gp, -992(t5)
core   0: 3 0x8000b3e4 (0xc23f2023) mem 0x8000d000 0x00000001
core   0: 0x8000b3e8 (0x0000bfe5) c.j     pc - 8
core   0: 3 0x8000b3e8 (0xbfe5)
core   0: 0x8000b3e0 (0x00002f17) auipc   t5, 0x2
core   0: 3 0x8000b3e0 (0x00002f17) x30 0x8000d3e0
core   0: 0x8000b3e4 (0xc23f2023) sw      gp, -992(t5)
core   0: 3 0x8000b3e4 (0xc23f2023) mem 0x8000d000 0x00000001
core   0: 0x8000b3e8 (0x0000bfe5) c.j     pc - 8
core   0: 3 0x8000b3e8 (0xbfe5)
core   0: 0x8000b3e0 (0x00002f17) auipc   t5, 0x2
core   0: 3 0x8000b3e0 (0x00002f17) x30 0x8000d3e0
core   0: 0x8000b3e4 (0xc23f2023) sw      gp, -992(t5)
core   0: 3 0x8000b3e4 (0xc23f2023) mem 0x8000d000 0x00000001
core   0: 0x8000b3e8 (0x0000bfe5) c.j     pc - 8
core   0: 3 0x8000b3e8 (0xbfe5)
core   0: 0x8000b3e0 (0x00002f17) auipc   t5, 0x2
core   0: 3 0x8000b3e0 (0x00002f17) x30 0x8000d3e0
core   0: 0x8000b3e4 (0xc23f2023) sw      gp, -992(t5)
core   0: 3 0x8000b3e4 (0xc23f2023) mem 0x8000d000 0x00000001
core   0: 0x8000b3e8 (0x0000bfe5) c.j     pc - 8
core   0: 3 0x8000b3e8 (0xbfe5)
core   0: 0x8000b3e0 (0x00002f17) auipc   t5, 0x2
core   0: 3 0x8000b3e0 (0x00002f17) x30 0x8000d3e0
core   0: 0x8000b3e4 (0xc23f2023) sw      gp, -992(t5)
core   0: 3 0x8000b3e4 (0xc23f2023) mem 0x8000d000 0x00000001
core   0: 0x8000b3e8 (0x0000bfe5) c.j     pc - 8
core   0: 3 0x8000b3e8 (0xbfe5)
core   0: 0x8000b3e0 (0x00002f17) auipc   t5, 0x2
core   0: 3 0x8000b3e0 (0x00002f17) x30 0x8000d3e0
core   0: 0x8000b3e4 (0xc23f2023) sw      gp, -992(t5)
core   0: 3 0x8000b3e4 (0xc23f2023) mem 0x8000d000 0x00000001
core   0: 0x8000b3e8 (0x0000bfe5) c.j     pc - 8
core   0: 3 0x8000b3e8 (0xbfe5)
core   0: 0x8000b3e0 (0x00002f17) auipc   t5, 0x2
core   0: 3 0x8000b3e0 (0x00002f17) x30 0x8000d3e0
core   0: 0x8000b3e4 (0xc23f2023) sw      gp, -992(t5)
core   0: 3 0x8000b3e4 (0xc23f2023) mem 0x8000d000 0x00000001
core   0: 0x8000b3e8 (0x0000bfe5) c.j     pc - 8
core   0: 3 0x8000b3e8 (0xbfe5)
core   0: 0x8000b3e0 (0x00002f17) auipc   t5, 0x2
core   0: 3 0x8000b3e0 (0x00002f17) x30 0x8000d3e0
core   0: 0x8000b3e4 (0xc23f2023) sw      gp, -992(t5)
core   0: 3 0x8000b3e4 (0xc23f2023) mem 0x8000d000 0x00000001
core   0: 0x8000b3e8 (0x0000bfe5) c.j     pc - 8
core   0: 3 0x8000b3e8 (0xbfe5)
core   0: 0x8000b3e0 (0x00002f17) auipc   t5, 0x2
core   0: 3 0x8000b3e0 (0x00002f17) x30 0x8000d3e0
core   0: 0x8000b3e4 (0xc23f2023) sw      gp, -992(t5)
core   0: 3 0x8000b3e4 (0xc23f2023) mem 0x8000d000 0x00000001
core   0: 0x8000b3e8 (0x0000bfe5) c.j     pc - 8
core   0: 3 0x8000b3e8 (0xbfe5)
core   0: 0x8000b3e0 (0x00002f17) auipc   t5, 0x2
core   0: 3 0x8000b3e0 (0x00002f17) x30 0x8000d3e0
core   0: 0x8000b3e4 (0xc23f2023) sw      gp, -992(t5)
core   0: 3 0x8000b3e4 (0xc23f2023) mem 0x8000d000 0x00000001
core   0: 0x8000b3e8 (0x0000bfe5) c.j     pc - 8
core   0: 3 0x8000b3e8 (0xbfe5)
core   0: 0x8000b3e0 (0x00002f17) auipc   t5, 0x2
core   0: 3 0x8000b3e0 (0x00002f17) x30 0x8000d3e0
core   0: 0x8000b3e4 (0xc23f2023) sw      gp, -992(t5)
core   0: 3 0x8000b3e4 (0xc23f2023) mem 0x8000d000 0x00000001
core   0: 0x8000b3e8 (0x0000bfe5) c.j     pc - 8
core   0: 3 0x8000b3e8 (0xbfe5)
core   0: 0x8000b3e0 (0x00002f17) auipc   t5, 0x2
core   0: 3 0x8000b3e0 (0x00002f17) x30 0x8000d3e0
core   0: 0x8000b3e4 (0xc23f2023) sw      gp, -992(t5)
core   0: 3 0x8000b3e4 (0xc23f2023) mem 0x8000d000 0x00000001
core   0: 0x8000b3e8 (0x0000bfe5) c.j     pc - 8
core   0: 3 0x8000b3e8 (0xbfe5)
core   0: 0x8000b3e0 (0x00002f17) auipc   t5, 0x2
core   0: 3 0x8000b3e0 (0x00002f17) x30 0x8000d3e0
core   0: 0x8000b3e4 (0xc23f2023) sw      gp, -992(t5)
core   0: 3 0x8000b3e4 (0xc23f2023) mem 0x8000d000 0x00000001
core   0: 0x8000b3e8 (0x0000bfe5) c.j     pc - 8
core   0: 3 0x8000b3e8 (0xbfe5)
core   0: 0x8000b3e0 (0x00002f17) auipc   t5, 0x2
core   0: 3 0x8000b3e0 (0x00002f17) x30 0x8000d3e0
core   0: 0x8000b3e4 (0xc23f2023) sw      gp, -992(t5)
core   0: 3 0x8000b3e4 (0xc23f2023) mem 0x8000d000 0x00000001
core   0: 0x8000b3e8 (0x0000bfe5) c.j     pc - 8
core   0: 3 0x8000b3e8 (0xbfe5)
core   0: 0x8000b3e0 (0x00002f17) auipc   t5, 0x2
core   0: 3 0x8000b3e0 (0x00002f17) x30 0x8000d3e0
core   0: 0x8000b3e4 (0xc23f2023) sw      gp, -992(t5)
core   0: 3 0x8000b3e4 (0xc23f2023) mem 0x8000d000 0x00000001
core   0: 0x8000b3e8 (0x0000bfe5) c.j     pc - 8
core   0: 3 0x8000b3e8 (0xbfe5)
core   0: 0x8000b3e0 (0x00002f17) auipc   t5, 0x2
core   0: 3 0x8000b3e0 (0x00002f17) x30 0x8000d3e0
core   0: 0x8000b3e4 (0xc23f2023) sw      gp, -992(t5)
core   0: 3 0x8000b3e4 (0xc23f2023) mem 0x8000d000 0x00000001
core   0: 0x8000b3e8 (0x0000bfe5) c.j     pc - 8
core   0: 3 0x8000b3e8 (0xbfe5)
core   0: 0x8000b3e0 (0x00002f17) auipc   t5, 0x2
core   0: 3 0x8000b3e0 (0x00002f17) x30 0x8000d3e0
core   0: 0x8000b3e4 (0xc23f2023) sw      gp, -992(t5)
core   0: 3 0x8000b3e4 (0xc23f2023) mem 0x8000d000 0x00000001
core   0: 0x8000b3e8 (0x0000bfe5) c.j     pc - 8
core   0: 3 0x8000b3e8 (0xbfe5)
core   0: 0x8000b3e0 (0x00002f17) auipc   t5, 0x2
core   0: 3 0x8000b3e0 (0x00002f17) x30 0x8000d3e0
core   0: 0x8000b3e4 (0xc23f2023) sw      gp, -992(t5)
core   0: 3 0x8000b3e4 (0xc23f2023) mem 0x8000d000 0x00000001
core   0: 0x8000b3e8 (0x0000bfe5) c.j     pc - 8
core   0: 3 0x8000b3e8 (0xbfe5)
core   0: 0x8000b3e0 (0x00002f17) auipc   t5, 0x2
core   0: 3 0x8000b3e0 (0x00002f17) x30 0x8000d3e0
core   0: 0x8000b3e4 (0xc23f2023) sw      gp, -992(t5)
core   0: 3 0x8000b3e4 (0xc23f2023) mem 0x8000d000 0x00000001
core   0: 0x8000b3e8 (0x0000bfe5) c.j     pc - 8
core   0: 3 0x8000b3e8 (0xbfe5)
core   0: 0x8000b3e0 (0x00002f17) auipc   t5, 0x2
core   0: 3 0x8000b3e0 (0x00002f17) x30 0x8000d3e0
core   0: 0x8000b3e4 (0xc23f2023) sw      gp, -992(t5)
core   0: 3 0x8000b3e4 (0xc23f2023) mem 0x8000d000 0x00000001
core   0: 0x8000b3e8 (0x0000bfe5) c.j     pc - 8
core   0: 3 0x8000b3e8 (0xbfe5)
core   0: 0x8000b3e0 (0x00002f17) auipc   t5, 0x2
core   0: 3 0x8000b3e0 (0x00002f17) x30 0x8000d3e0
core   0: 0x8000b3e4 (0xc23f2023) sw      gp, -992(t5)
core   0: 3 0x8000b3e4 (0xc23f2023) mem 0x8000d000 0x00000001
core   0: 0x8000b3e8 (0x0000bfe5) c.j     pc - 8
core   0: 3 0x8000b3e8 (0xbfe5)
core   0: 0x8000b3e0 (0x00002f17) auipc   t5, 0x2
core   0: 3 0x8000b3e0 (0x00002f17) x30 0x8000d3e0
core   0: 0x8000b3e4 (0xc23f2023) sw      gp, -992(t5)
core   0: 3 0x8000b3e4 (0xc23f2023) mem 0x8000d000 0x00000001
core   0: 0x8000b3e8 (0x0000bfe5) c.j     pc - 8
core   0: 3 0x8000b3e8 (0xbfe5)
core   0: 0x8000b3e0 (0x00002f17) auipc   t5, 0x2
core   0: 3 0x8000b3e0 (0x00002f17) x30 0x8000d3e0
core   0: 0x8000b3e4 (0xc23f2023) sw      gp, -992(t5)
core   0: 3 0x8000b3e4 (0xc23f2023) mem 0x8000d000 0x00000001
core   0: 0x8000b3e8 (0x0000bfe5) c.j     pc - 8
core   0: 3 0x8000b3e8 (0xbfe5)
core   0: 0x8000b3e0 (0x00002f17) auipc   t5, 0x2
core   0: 3 0x8000b3e0 (0x00002f17) x30 0x8000d3e0
core   0: 0x8000b3e4 (0xc23f2023) sw      gp, -992(t5)
core   0: 3 0x8000b3e4 (0xc23f2023) mem 0x8000d000 0x00000001
core   0: 0x8000b3e8 (0x0000bfe5) c.j     pc - 8
core   0: 3 0x8000b3e8 (0xbfe5)
core   0: 0x8000b3e0 (0x00002f17) auipc   t5, 0x2
core   0: 3 0x8000b3e0 (0x00002f17) x30 0x8000d3e0
core   0: 0x8000b3e4 (0xc23f2023) sw      gp, -992(t5)
core   0: 3 0x8000b3e4 (0xc23f2023) mem 0x8000d000 0x00000001
core   0: 0x8000b3e8 (0x0000bfe5) c.j     pc - 8
core   0: 3 0x8000b3e8 (0xbfe5)
core   0: 0x8000b3e0 (0x00002f17) auipc   t5, 0x2
core   0: 3 0x8000b3e0 (0x00002f17) x30 0x8000d3e0
core   0: 0x8000b3e4 (0xc23f2023) sw      gp, -992(t5)
core   0: 3 0x8000b3e4 (0xc23f2023) mem 0x8000d000 0x00000001
core   0: 0x8000b3e8 (0x0000bfe5) c.j     pc - 8
core   0: 3 0x8000b3e8 (0xbfe5)
core   0: 0x8000b3e0 (0x00002f17) auipc   t5, 0x2
core   0: 3 0x8000b3e0 (0x00002f17) x30 0x8000d3e0
core   0: 0x8000b3e4 (0xc23f2023) sw      gp, -992(t5)
core   0: 3 0x8000b3e4 (0xc23f2023) mem 0x8000d000 0x00000001
core   0: 0x8000b3e8 (0x0000bfe5) c.j     pc - 8
core   0: 3 0x8000b3e8 (0xbfe5)
core   0: 0x8000b3e0 (0x00002f17) auipc   t5, 0x2
core   0: 3 0x8000b3e0 (0x00002f17) x30 0x8000d3e0
core   0: 0x8000b3e4 (0xc23f2023) sw      gp, -992(t5)
core   0: 3 0x8000b3e4 (0xc23f2023) mem 0x8000d000 0x00000001
core   0: 0x8000b3e8 (0x0000bfe5) c.j     pc - 8
core   0: 3 0x8000b3e8 (0xbfe5)
core   0: 0x8000b3e0 (0x00002f17) auipc   t5, 0x2
core   0: 3 0x8000b3e0 (0x00002f17) x30 0x8000d3e0
core   0: 0x8000b3e4 (0xc23f2023) sw      gp, -992(t5)
core   0: 3 0x8000b3e4 (0xc23f2023) mem 0x8000d000 0x00000001
core   0: 0x8000b3e8 (0x0000bfe5) c.j     pc - 8
core   0: 3 0x8000b3e8 (0xbfe5)
core   0: 0x8000b3e0 (0x00002f17) auipc   t5, 0x2
core   0: 3 0x8000b3e0 (0x00002f17) x30 0x8000d3e0
core   0: 0x8000b3e4 (0xc23f2023) sw      gp, -992(t5)
core   0: 3 0x8000b3e4 (0xc23f2023) mem 0x8000d000 0x00000001
core   0: 0x8000b3e8 (0x0000bfe5) c.j     pc - 8
core   0: 3 0x8000b3e8 (0xbfe5)
core   0: 0x8000b3e0 (0x00002f17) auipc   t5, 0x2
core   0: 3 0x8000b3e0 (0x00002f17) x30 0x8000d3e0
core   0: 0x8000b3e4 (0xc23f2023) sw      gp, -992(t5)
core   0: 3 0x8000b3e4 (0xc23f2023) mem 0x8000d000 0x00000001
core   0: 0x8000b3e8 (0x0000bfe5) c.j     pc - 8
core   0: 3 0x8000b3e8 (0xbfe5)
core   0: 0x8000b3e0 (0x00002f17) auipc   t5, 0x2
core   0: 3 0x8000b3e0 (0x00002f17) x30 0x8000d3e0
core   0: 0x8000b3e4 (0xc23f2023) sw      gp, -992(t5)
core   0: 3 0x8000b3e4 (0xc23f2023) mem 0x8000d000 0x00000001
core   0: 0x8000b3e8 (0x0000bfe5) c.j     pc - 8
core   0: 3 0x8000b3e8 (0xbfe5)
core   0: 0x8000b3e0 (0x00002f17) auipc   t5, 0x2
core   0: 3 0x8000b3e0 (0x00002f17) x30 0x8000d3e0
core   0: 0x8000b3e4 (0xc23f2023) sw      gp, -992(t5)
core   0: 3 0x8000b3e4 (0xc23f2023) mem 0x8000d000 0x00000001
core   0: 0x8000b3e8 (0x0000bfe5) c.j     pc - 8
core   0: 3 0x8000b3e8 (0xbfe5)
core   0: 0x8000b3e0 (0x00002f17) auipc   t5, 0x2
core   0: 3 0x8000b3e0 (0x00002f17) x30 0x8000d3e0
core   0: 0x8000b3e4 (0xc23f2023) sw      gp, -992(t5)
core   0: 3 0x8000b3e4 (0xc23f2023) mem 0x8000d000 0x00000001
core   0: 0x8000b3e8 (0x0000bfe5) c.j     pc - 8
core   0: 3 0x8000b3e8 (0xbfe5)
core   0: 0x8000b3e0 (0x00002f17) auipc   t5, 0x2
core   0: 3 0x8000b3e0 (0x00002f17) x30 0x8000d3e0
core   0: 0x8000b3e4 (0xc23f2023) sw      gp, -992(t5)
core   0: 3 0x8000b3e4 (0xc23f2023) mem 0x8000d000 0x00000001
core   0: 0x8000b3e8 (0x0000bfe5) c.j     pc - 8
core   0: 3 0x8000b3e8 (0xbfe5)
core   0: 0x8000b3e0 (0x00002f17) auipc   t5, 0x2
core   0: 3 0x8000b3e0 (0x00002f17) x30 0x8000d3e0
core   0: 0x8000b3e4 (0xc23f2023) sw      gp, -992(t5)
core   0: 3 0x8000b3e4 (0xc23f2023) mem 0x8000d000 0x00000001
core   0: 0x8000b3e8 (0x0000bfe5) c.j     pc - 8
core   0: 3 0x8000b3e8 (0xbfe5)
core   0: 0x8000b3e0 (0x00002f17) auipc   t5, 0x2
core   0: 3 0x8000b3e0 (0x00002f17) x30 0x8000d3e0
core   0: 0x8000b3e4 (0xc23f2023) sw      gp, -992(t5)
core   0: 3 0x8000b3e4 (0xc23f2023) mem 0x8000d000 0x00000001
core   0: 0x8000b3e8 (0x0000bfe5) c.j     pc - 8
core   0: 3 0x8000b3e8 (0xbfe5)
core   0: 0x8000b3e0 (0x00002f17) auipc   t5, 0x2
core   0: 3 0x8000b3e0 (0x00002f17) x30 0x8000d3e0
core   0: 0x8000b3e4 (0xc23f2023) sw      gp, -992(t5)
core   0: 3 0x8000b3e4 (0xc23f2023) mem 0x8000d000 0x00000001
core   0: 0x8000b3e8 (0x0000bfe5) c.j     pc - 8
core   0: 3 0x8000b3e8 (0xbfe5)
core   0: 0x8000b3e0 (0x00002f17) auipc   t5, 0x2
core   0: 3 0x8000b3e0 (0x00002f17) x30 0x8000d3e0
core   0: 0x8000b3e4 (0xc23f2023) sw      gp, -992(t5)
core   0: 3 0x8000b3e4 (0xc23f2023) mem 0x8000d000 0x00000001
core   0: 0x8000b3e8 (0x0000bfe5) c.j     pc - 8
core   0: 3 0x8000b3e8 (0xbfe5)
core   0: 0x8000b3e0 (0x00002f17) auipc   t5, 0x2
core   0: 3 0x8000b3e0 (0x00002f17) x30 0x8000d3e0
core   0: 0x8000b3e4 (0xc23f2023) sw      gp, -992(t5)
core   0: 3 0x8000b3e4 (0xc23f2023) mem 0x8000d000 0x00000001
core   0: 0x8000b3e8 (0x0000bfe5) c.j     pc - 8
core   0: 3 0x8000b3e8 (0xbfe5)
core   0: 0x8000b3e0 (0x00002f17) auipc   t5, 0x2
core   0: 3 0x8000b3e0 (0x00002f17) x30 0x8000d3e0
core   0: 0x8000b3e4 (0xc23f2023) sw      gp, -992(t5)
core   0: 3 0x8000b3e4 (0xc23f2023) mem 0x8000d000 0x00000001
core   0: 0x8000b3e8 (0x0000bfe5) c.j     pc - 8
core   0: 3 0x8000b3e8 (0xbfe5)
core   0: 0x8000b3e0 (0x00002f17) auipc   t5, 0x2
core   0: 3 0x8000b3e0 (0x00002f17) x30 0x8000d3e0
core   0: 0x8000b3e4 (0xc23f2023) sw      gp, -992(t5)
core   0: 3 0x8000b3e4 (0xc23f2023) mem 0x8000d000 0x00000001
core   0: 0x8000b3e8 (0x0000bfe5) c.j     pc - 8
core   0: 3 0x8000b3e8 (0xbfe5)
core   0: 0x8000b3e0 (0x00002f17) auipc   t5, 0x2
core   0: 3 0x8000b3e0 (0x00002f17) x30 0x8000d3e0
core   0: 0x8000b3e4 (0xc23f2023) sw      gp, -992(t5)
core   0: 3 0x8000b3e4 (0xc23f2023) mem 0x8000d000 0x00000001
core   0: 0x8000b3e8 (0x0000bfe5) c.j     pc - 8
core   0: 3 0x8000b3e8 (0xbfe5)
core   0: 0x8000b3e0 (0x00002f17) auipc   t5, 0x2
core   0: 3 0x8000b3e0 (0x00002f17) x30 0x8000d3e0
core   0: 0x8000b3e4 (0xc23f2023) sw      gp, -992(t5)
core   0: 3 0x8000b3e4 (0xc23f2023) mem 0x8000d000 0x00000001
core   0: 0x8000b3e8 (0x0000bfe5) c.j     pc - 8
core   0: 3 0x8000b3e8 (0xbfe5)
core   0: 0x8000b3e0 (0x00002f17) auipc   t5, 0x2
core   0: 3 0x8000b3e0 (0x00002f17) x30 0x8000d3e0
core   0: 0x8000b3e4 (0xc23f2023) sw      gp, -992(t5)
core   0: 3 0x8000b3e4 (0xc23f2023) mem 0x8000d000 0x00000001
core   0: 0x8000b3e8 (0x0000bfe5) c.j     pc - 8
core   0: 3 0x8000b3e8 (0xbfe5)
core   0: 0x8000b3e0 (0x00002f17) auipc   t5, 0x2
core   0: 3 0x8000b3e0 (0x00002f17) x30 0x8000d3e0
core   0: 0x8000b3e4 (0xc23f2023) sw      gp, -992(t5)
core   0: 3 0x8000b3e4 (0xc23f2023) mem 0x8000d000 0x00000001
core   0: 0x8000b3e8 (0x0000bfe5) c.j     pc - 8
core   0: 3 0x8000b3e8 (0xbfe5)
core   0: 0x8000b3e0 (0x00002f17) auipc   t5, 0x2
core   0: 3 0x8000b3e0 (0x00002f17) x30 0x8000d3e0
core   0: 0x8000b3e4 (0xc23f2023) sw      gp, -992(t5)
core   0: 3 0x8000b3e4 (0xc23f2023) mem 0x8000d000 0x00000001
core   0: 0x8000b3e8 (0x0000bfe5) c.j     pc - 8
core   0: 3 0x8000b3e8 (0xbfe5)
core   0: 0x8000b3e0 (0x00002f17) auipc   t5, 0x2
core   0: 3 0x8000b3e0 (0x00002f17) x30 0x8000d3e0
core   0: 0x8000b3e4 (0xc23f2023) sw      gp, -992(t5)
core   0: 3 0x8000b3e4 (0xc23f2023) mem 0x8000d000 0x00000001
core   0: 0x8000b3e8 (0x0000bfe5) c.j     pc - 8
core   0: 3 0x8000b3e8 (0xbfe5)
core   0: 0x8000b3e0 (0x00002f17) auipc   t5, 0x2
core   0: 3 0x8000b3e0 (0x00002f17) x30 0x8000d3e0
core   0: 0x8000b3e4 (0xc23f2023) sw      gp, -992(t5)
core   0: 3 0x8000b3e4 (0xc23f2023) mem 0x8000d000 0x00000001
core   0: 0x8000b3e8 (0x0000bfe5) c.j     pc - 8
core   0: 3 0x8000b3e8 (0xbfe5)
core   0: 0x8000b3e0 (0x00002f17) auipc   t5, 0x2
core   0: 3 0x8000b3e0 (0x00002f17) x30 0x8000d3e0
core   0: 0x8000b3e4 (0xc23f2023) sw      gp, -992(t5)
core   0: 3 0x8000b3e4 (0xc23f2023) mem 0x8000d000 0x00000001
core   0: 0x8000b3e8 (0x0000bfe5) c.j     pc - 8
core   0: 3 0x8000b3e8 (0xbfe5)
core   0: 0x8000b3e0 (0x00002f17) auipc   t5, 0x2
core   0: 3 0x8000b3e0 (0x00002f17) x30 0x8000d3e0
core   0: 0x8000b3e4 (0xc23f2023) sw      gp, -992(t5)
core   0: 3 0x8000b3e4 (0xc23f2023) mem 0x8000d000 0x00000001
core   0: 0x8000b3e8 (0x0000bfe5) c.j     pc - 8
core   0: 3 0x8000b3e8 (0xbfe5)
core   0: 0x8000b3e0 (0x00002f17) auipc   t5, 0x2
core   0: 3 0x8000b3e0 (0x00002f17) x30 0x8000d3e0
core   0: 0x8000b3e4 (0xc23f2023) sw      gp, -992(t5)
core   0: 3 0x8000b3e4 (0xc23f2023) mem 0x8000d000 0x00000001
core   0: 0x8000b3e8 (0x0000bfe5) c.j     pc - 8
core   0: 3 0x8000b3e8 (0xbfe5)
core   0: 0x8000b3e0 (0x00002f17) auipc   t5, 0x2
core   0: 3 0x8000b3e0 (0x00002f17) x30 0x8000d3e0
core   0: 0x8000b3e4 (0xc23f2023) sw      gp, -992(t5)
core   0: 3 0x8000b3e4 (0xc23f2023) mem 0x8000d000 0x00000001
core   0: 0x8000b3e8 (0x0000bfe5) c.j     pc - 8
core   0: 3 0x8000b3e8 (0xbfe5)
core   0: 0x8000b3e0 (0x00002f17) auipc   t5, 0x2
core   0: 3 0x8000b3e0 (0x00002f17) x30 0x8000d3e0
core   0: 0x8000b3e4 (0xc23f2023) sw      gp, -992(t5)
core   0: 3 0x8000b3e4 (0xc23f2023) mem 0x8000d000 0x00000001
core   0: 0x8000b3e8 (0x0000bfe5) c.j     pc - 8
core   0: 3 0x8000b3e8 (0xbfe5)
core   0: 0x8000b3e0 (0x00002f17) auipc   t5, 0x2
core   0: 3 0x8000b3e0 (0x00002f17) x30 0x8000d3e0
core   0: 0x8000b3e4 (0xc23f2023) sw      gp, -992(t5)
core   0: 3 0x8000b3e4 (0xc23f2023) mem 0x8000d000 0x00000001
core   0: 0x8000b3e8 (0x0000bfe5) c.j     pc - 8
core   0: 3 0x8000b3e8 (0xbfe5)
core   0: 0x8000b3e0 (0x00002f17) auipc   t5, 0x2
core   0: 3 0x8000b3e0 (0x00002f17) x30 0x8000d3e0
core   0: 0x8000b3e4 (0xc23f2023) sw      gp, -992(t5)
core   0: 3 0x8000b3e4 (0xc23f2023) mem 0x8000d000 0x00000001
core   0: 0x8000b3e8 (0x0000bfe5) c.j     pc - 8
core   0: 3 0x8000b3e8 (0xbfe5)
core   0: 0x8000b3e0 (0x00002f17) auipc   t5, 0x2
core   0: 3 0x8000b3e0 (0x00002f17) x30 0x8000d3e0
core   0: 0x8000b3e4 (0xc23f2023) sw      gp, -992(t5)
core   0: 3 0x8000b3e4 (0xc23f2023) mem 0x8000d000 0x00000001
core   0: 0x8000b3e8 (0x0000bfe5) c.j     pc - 8
core   0: 3 0x8000b3e8 (0xbfe5)
core   0: 0x8000b3e0 (0x00002f17) auipc   t5, 0x2
core   0: 3 0x8000b3e0 (0x00002f17) x30 0x8000d3e0
core   0: 0x8000b3e4 (0xc23f2023) sw      gp, -992(t5)
core   0: 3 0x8000b3e4 (0xc23f2023) mem 0x8000d000 0x00000001
core   0: 0x8000b3e8 (0x0000bfe5) c.j     pc - 8
core   0: 3 0x8000b3e8 (0xbfe5)
core   0: 0x8000b3e0 (0x00002f17) auipc   t5, 0x2
core   0: 3 0x8000b3e0 (0x00002f17) x30 0x8000d3e0
core   0: 0x8000b3e4 (0xc23f2023) sw      gp, -992(t5)
core   0: 3 0x8000b3e4 (0xc23f2023) mem 0x8000d000 0x00000001
core   0: 0x8000b3e8 (0x0000bfe5) c.j     pc - 8
core   0: 3 0x8000b3e8 (0xbfe5)
core   0: 0x8000b3e0 (0x00002f17) auipc   t5, 0x2
core   0: 3 0x8000b3e0 (0x00002f17) x30 0x8000d3e0
core   0: 0x8000b3e4 (0xc23f2023) sw      gp, -992(t5)
core   0: 3 0x8000b3e4 (0xc23f2023) mem 0x8000d000 0x00000001
core   0: 0x8000b3e8 (0x0000bfe5) c.j     pc - 8
core   0: 3 0x8000b3e8 (0xbfe5)
core   0: 0x8000b3e0 (0x00002f17) auipc   t5, 0x2
core   0: 3 0x8000b3e0 (0x00002f17) x30 0x8000d3e0
core   0: 0x8000b3e4 (0xc23f2023) sw      gp, -992(t5)
core   0: 3 0x8000b3e4 (0xc23f2023) mem 0x8000d000 0x00000001
core   0: 0x8000b3e8 (0x0000bfe5) c.j     pc - 8
core   0: 3 0x8000b3e8 (0xbfe5)
core   0: 0x8000b3e0 (0x00002f17) auipc   t5, 0x2
core   0: 3 0x8000b3e0 (0x00002f17) x30 0x8000d3e0
core   0: 0x8000b3e4 (0xc23f2023) sw      gp, -992(t5)
core   0: 3 0x8000b3e4 (0xc23f2023) mem 0x8000d000 0x00000001
core   0: 0x8000b3e8 (0x0000bfe5) c.j     pc - 8
core   0: 3 0x8000b3e8 (0xbfe5)
core   0: 0x8000b3e0 (0x00002f17) auipc   t5, 0x2
core   0: 3 0x8000b3e0 (0x00002f17) x30 0x8000d3e0
core   0: 0x8000b3e4 (0xc23f2023) sw      gp, -992(t5)
core   0: 3 0x8000b3e4 (0xc23f2023) mem 0x8000d000 0x00000001
core   0: 0x8000b3e8 (0x0000bfe5) c.j     pc - 8
core   0: 3 0x8000b3e8 (0xbfe5)
core   0: 0x8000b3e0 (0x00002f17) auipc   t5, 0x2
core   0: 3 0x8000b3e0 (0x00002f17) x30 0x8000d3e0
core   0: 0x8000b3e4 (0xc23f2023) sw      gp, -992(t5)
core   0: 3 0x8000b3e4 (0xc23f2023) mem 0x8000d000 0x00000001
core   0: 0x8000b3e8 (0x0000bfe5) c.j     pc - 8
core   0: 3 0x8000b3e8 (0xbfe5)
core   0: 0x8000b3e0 (0x00002f17) auipc   t5, 0x2
core   0: 3 0x8000b3e0 (0x00002f17) x30 0x8000d3e0
core   0: 0x8000b3e4 (0xc23f2023) sw      gp, -992(t5)
core   0: 3 0x8000b3e4 (0xc23f2023) mem 0x8000d000 0x00000001
core   0: 0x8000b3e8 (0x0000bfe5) c.j     pc - 8
core   0: 3 0x8000b3e8 (0xbfe5)
core   0: 0x8000b3e0 (0x00002f17) auipc   t5, 0x2
core   0: 3 0x8000b3e0 (0x00002f17) x30 0x8000d3e0
core   0: 0x8000b3e4 (0xc23f2023) sw      gp, -992(t5)
core   0: 3 0x8000b3e4 (0xc23f2023) mem 0x8000d000 0x00000001
core   0: 0x8000b3e8 (0x0000bfe5) c.j     pc - 8
core   0: 3 0x8000b3e8 (0xbfe5)
core   0: 0x8000b3e0 (0x00002f17) auipc   t5, 0x2
core   0: 3 0x8000b3e0 (0x00002f17) x30 0x8000d3e0
core   0: 0x8000b3e4 (0xc23f2023) sw      gp, -992(t5)
core   0: 3 0x8000b3e4 (0xc23f2023) mem 0x8000d000 0x00000001
core   0: 0x8000b3e8 (0x0000bfe5) c.j     pc - 8
core   0: 3 0x8000b3e8 (0xbfe5)
core   0: 0x8000b3e0 (0x00002f17) auipc   t5, 0x2
core   0: 3 0x8000b3e0 (0x00002f17) x30 0x8000d3e0
core   0: 0x8000b3e4 (0xc23f2023) sw      gp, -992(t5)
core   0: 3 0x8000b3e4 (0xc23f2023) mem 0x8000d000 0x00000001
core   0: 0x8000b3e8 (0x0000bfe5) c.j     pc - 8
core   0: 3 0x8000b3e8 (0xbfe5)
core   0: 0x8000b3e0 (0x00002f17) auipc   t5, 0x2
core   0: 3 0x8000b3e0 (0x00002f17) x30 0x8000d3e0
core   0: 0x8000b3e4 (0xc23f2023) sw      gp, -992(t5)
core   0: 3 0x8000b3e4 (0xc23f2023) mem 0x8000d000 0x00000001
core   0: 0x8000b3e8 (0x0000bfe5) c.j     pc - 8
core   0: 3 0x8000b3e8 (0xbfe5)
core   0: 0x8000b3e0 (0x00002f17) auipc   t5, 0x2
core   0: 3 0x8000b3e0 (0x00002f17) x30 0x8000d3e0
core   0: 0x8000b3e4 (0xc23f2023) sw      gp, -992(t5)
core   0: 3 0x8000b3e4 (0xc23f2023) mem 0x8000d000 0x00000001
core   0: 0x8000b3e8 (0x0000bfe5) c.j     pc - 8
core   0: 3 0x8000b3e8 (0xbfe5)
core   0: 0x8000b3e0 (0x00002f17) auipc   t5, 0x2
core   0: 3 0x8000b3e0 (0x00002f17) x30 0x8000d3e0
core   0: 0x8000b3e4 (0xc23f2023) sw      gp, -992(t5)
core   0: 3 0x8000b3e4 (0xc23f2023) mem 0x8000d000 0x00000001
core   0: 0x8000b3e8 (0x0000bfe5) c.j     pc - 8
core   0: 3 0x8000b3e8 (0xbfe5)
core   0: 0x8000b3e0 (0x00002f17) auipc   t5, 0x2
core   0: 3 0x8000b3e0 (0x00002f17) x30 0x8000d3e0
core   0: 0x8000b3e4 (0xc23f2023) sw      gp, -992(t5)
core   0: 3 0x8000b3e4 (0xc23f2023) mem 0x8000d000 0x00000001
core   0: 0x8000b3e8 (0x0000bfe5) c.j     pc - 8
core   0: 3 0x8000b3e8 (0xbfe5)
core   0: 0x8000b3e0 (0x00002f17) auipc   t5, 0x2
core   0: 3 0x8000b3e0 (0x00002f17) x30 0x8000d3e0
core   0: 0x8000b3e4 (0xc23f2023) sw      gp, -992(t5)
core   0: 3 0x8000b3e4 (0xc23f2023) mem 0x8000d000 0x00000001
core   0: 0x8000b3e8 (0x0000bfe5) c.j     pc - 8
core   0: 3 0x8000b3e8 (0xbfe5)
core   0: 0x8000b3e0 (0x00002f17) auipc   t5, 0x2
core   0: 3 0x8000b3e0 (0x00002f17) x30 0x8000d3e0
core   0: 0x8000b3e4 (0xc23f2023) sw      gp, -992(t5)
core   0: 3 0x8000b3e4 (0xc23f2023) mem 0x8000d000 0x00000001
core   0: 0x8000b3e8 (0x0000bfe5) c.j     pc - 8
core   0: 3 0x8000b3e8 (0xbfe5)
core   0: 0x8000b3e0 (0x00002f17) auipc   t5, 0x2
core   0: 3 0x8000b3e0 (0x00002f17) x30 0x8000d3e0
core   0: 0x8000b3e4 (0xc23f2023) sw      gp, -992(t5)
core   0: 3 0x8000b3e4 (0xc23f2023) mem 0x8000d000 0x00000001
core   0: 0x8000b3e8 (0x0000bfe5) c.j     pc - 8
core   0: 3 0x8000b3e8 (0xbfe5)
core   0: 0x8000b3e0 (0x00002f17) auipc   t5, 0x2
core   0: 3 0x8000b3e0 (0x00002f17) x30 0x8000d3e0
core   0: 0x8000b3e4 (0xc23f2023) sw      gp, -992(t5)
core   0: 3 0x8000b3e4 (0xc23f2023) mem 0x8000d000 0x00000001
core   0: 0x8000b3e8 (0x0000bfe5) c.j     pc - 8
core   0: 3 0x8000b3e8 (0xbfe5)
core   0: 0x8000b3e0 (0x00002f17) auipc   t5, 0x2
core   0: 3 0x8000b3e0 (0x00002f17) x30 0x8000d3e0
core   0: 0x8000b3e4 (0xc23f2023) sw      gp, -992(t5)
core   0: 3 0x8000b3e4 (0xc23f2023) mem 0x8000d000 0x00000001
core   0: 0x8000b3e8 (0x0000bfe5) c.j     pc - 8
core   0: 3 0x8000b3e8 (0xbfe5)
core   0: 0x8000b3e0 (0x00002f17) auipc   t5, 0x2
core   0: 3 0x8000b3e0 (0x00002f17) x30 0x8000d3e0
core   0: 0x8000b3e4 (0xc23f2023) sw      gp, -992(t5)
core   0: 3 0x8000b3e4 (0xc23f2023) mem 0x8000d000 0x00000001
core   0: 0x8000b3e8 (0x0000bfe5) c.j     pc - 8
core   0: 3 0x8000b3e8 (0xbfe5)
core   0: 0x8000b3e0 (0x00002f17) auipc   t5, 0x2
core   0: 3 0x8000b3e0 (0x00002f17) x30 0x8000d3e0
core   0: 0x8000b3e4 (0xc23f2023) sw      gp, -992(t5)
core   0: 3 0x8000b3e4 (0xc23f2023) mem 0x8000d000 0x00000001
core   0: 0x8000b3e8 (0x0000bfe5) c.j     pc - 8
core   0: 3 0x8000b3e8 (0xbfe5)
core   0: 0x8000b3e0 (0x00002f17) auipc   t5, 0x2
core   0: 3 0x8000b3e0 (0x00002f17) x30 0x8000d3e0
core   0: 0x8000b3e4 (0xc23f2023) sw      gp, -992(t5)
core   0: 3 0x8000b3e4 (0xc23f2023) mem 0x8000d000 0x00000001
core   0: 0x8000b3e8 (0x0000bfe5) c.j     pc - 8
core   0: 3 0x8000b3e8 (0xbfe5)
core   0: 0x8000b3e0 (0x00002f17) auipc   t5, 0x2
core   0: 3 0x8000b3e0 (0x00002f17) x30 0x8000d3e0
core   0: 0x8000b3e4 (0xc23f2023) sw      gp, -992(t5)
core   0: 3 0x8000b3e4 (0xc23f2023) mem 0x8000d000 0x00000001
core   0: 0x8000b3e8 (0x0000bfe5) c.j     pc - 8
core   0: 3 0x8000b3e8 (0xbfe5)
core   0: 0x8000b3e0 (0x00002f17) auipc   t5, 0x2
core   0: 3 0x8000b3e0 (0x00002f17) x30 0x8000d3e0
core   0: 0x8000b3e4 (0xc23f2023) sw      gp, -992(t5)
core   0: 3 0x8000b3e4 (0xc23f2023) mem 0x8000d000 0x00000001
core   0: 0x8000b3e8 (0x0000bfe5) c.j     pc - 8
core   0: 3 0x8000b3e8 (0xbfe5)
core   0: 0x8000b3e0 (0x00002f17) auipc   t5, 0x2
core   0: 3 0x8000b3e0 (0x00002f17) x30 0x8000d3e0
core   0: 0x8000b3e4 (0xc23f2023) sw      gp, -992(t5)
core   0: 3 0x8000b3e4 (0xc23f2023) mem 0x8000d000 0x00000001
core   0: 0x8000b3e8 (0x0000bfe5) c.j     pc - 8
core   0: 3 0x8000b3e8 (0xbfe5)
core   0: 0x8000b3e0 (0x00002f17) auipc   t5, 0x2
core   0: 3 0x8000b3e0 (0x00002f17) x30 0x8000d3e0
core   0: 0x8000b3e4 (0xc23f2023) sw      gp, -992(t5)
core   0: 3 0x8000b3e4 (0xc23f2023) mem 0x8000d000 0x00000001
core   0: 0x8000b3e8 (0x0000bfe5) c.j     pc - 8
core   0: 3 0x8000b3e8 (0xbfe5)
core   0: 0x8000b3e0 (0x00002f17) auipc   t5, 0x2
core   0: 3 0x8000b3e0 (0x00002f17) x30 0x8000d3e0
core   0: 0x8000b3e4 (0xc23f2023) sw      gp, -992(t5)
core   0: 3 0x8000b3e4 (0xc23f2023) mem 0x8000d000 0x00000001
core   0: 0x8000b3e8 (0x0000bfe5) c.j     pc - 8
core   0: 3 0x8000b3e8 (0xbfe5)
core   0: 0x8000b3e0 (0x00002f17) auipc   t5, 0x2
core   0: 3 0x8000b3e0 (0x00002f17) x30 0x8000d3e0
core   0: 0x8000b3e4 (0xc23f2023) sw      gp, -992(t5)
core   0: 3 0x8000b3e4 (0xc23f2023) mem 0x8000d000 0x00000001
core   0: 0x8000b3e8 (0x0000bfe5) c.j     pc - 8
core   0: 3 0x8000b3e8 (0xbfe5)
core   0: 0x8000b3e0 (0x00002f17) auipc   t5, 0x2
core   0: 3 0x8000b3e0 (0x00002f17) x30 0x8000d3e0
core   0: 0x8000b3e4 (0xc23f2023) sw      gp, -992(t5)
core   0: 3 0x8000b3e4 (0xc23f2023) mem 0x8000d000 0x00000001
core   0: 0x8000b3e8 (0x0000bfe5) c.j     pc - 8
core   0: 3 0x8000b3e8 (0xbfe5)
core   0: 0x8000b3e0 (0x00002f17) auipc   t5, 0x2
core   0: 3 0x8000b3e0 (0x00002f17) x30 0x8000d3e0
core   0: 0x8000b3e4 (0xc23f2023) sw      gp, -992(t5)
core   0: 3 0x8000b3e4 (0xc23f2023) mem 0x8000d000 0x00000001
core   0: 0x8000b3e8 (0x0000bfe5) c.j     pc - 8
core   0: 3 0x8000b3e8 (0xbfe5)
core   0: 0x8000b3e0 (0x00002f17) auipc   t5, 0x2
core   0: 3 0x8000b3e0 (0x00002f17) x30 0x8000d3e0
core   0: 0x8000b3e4 (0xc23f2023) sw      gp, -992(t5)
core   0: 3 0x8000b3e4 (0xc23f2023) mem 0x8000d000 0x00000001
core   0: 0x8000b3e8 (0x0000bfe5) c.j     pc - 8
core   0: 3 0x8000b3e8 (0xbfe5)
core   0: 0x8000b3e0 (0x00002f17) auipc   t5, 0x2
core   0: 3 0x8000b3e0 (0x00002f17) x30 0x8000d3e0
core   0: 0x8000b3e4 (0xc23f2023) sw      gp, -992(t5)
core   0: 3 0x8000b3e4 (0xc23f2023) mem 0x8000d000 0x00000001
core   0: 0x8000b3e8 (0x0000bfe5) c.j     pc - 8
core   0: 3 0x8000b3e8 (0xbfe5)
core   0: 0x8000b3e0 (0x00002f17) auipc   t5, 0x2
core   0: 3 0x8000b3e0 (0x00002f17) x30 0x8000d3e0
core   0: 0x8000b3e4 (0xc23f2023) sw      gp, -992(t5)
core   0: 3 0x8000b3e4 (0xc23f2023) mem 0x8000d000 0x00000001
core   0: 0x8000b3e8 (0x0000bfe5) c.j     pc - 8
core   0: 3 0x8000b3e8 (0xbfe5)
core   0: 0x8000b3e0 (0x00002f17) auipc   t5, 0x2
core   0: 3 0x8000b3e0 (0x00002f17) x30 0x8000d3e0
core   0: 0x8000b3e4 (0xc23f2023) sw      gp, -992(t5)
core   0: 3 0x8000b3e4 (0xc23f2023) mem 0x8000d000 0x00000001
core   0: 0x8000b3e8 (0x0000bfe5) c.j     pc - 8
core   0: 3 0x8000b3e8 (0xbfe5)
core   0: 0x8000b3e0 (0x00002f17) auipc   t5, 0x2
core   0: 3 0x8000b3e0 (0x00002f17) x30 0x8000d3e0
core   0: 0x8000b3e4 (0xc23f2023) sw      gp, -992(t5)
core   0: 3 0x8000b3e4 (0xc23f2023) mem 0x8000d000 0x00000001
core   0: 0x8000b3e8 (0x0000bfe5) c.j     pc - 8
core   0: 3 0x8000b3e8 (0xbfe5)
core   0: 0x8000b3e0 (0x00002f17) auipc   t5, 0x2
core   0: 3 0x8000b3e0 (0x00002f17) x30 0x8000d3e0
core   0: 0x8000b3e4 (0xc23f2023) sw      gp, -992(t5)
core   0: 3 0x8000b3e4 (0xc23f2023) mem 0x8000d000 0x00000001
core   0: 0x8000b3e8 (0x0000bfe5) c.j     pc - 8
core   0: 3 0x8000b3e8 (0xbfe5)
core   0: 0x8000b3e0 (0x00002f17) auipc   t5, 0x2
core   0: 3 0x8000b3e0 (0x00002f17) x30 0x8000d3e0
core   0: 0x8000b3e4 (0xc23f2023) sw      gp, -992(t5)
core   0: 3 0x8000b3e4 (0xc23f2023) mem 0x8000d000 0x00000001
core   0: 0x8000b3e8 (0x0000bfe5) c.j     pc - 8
core   0: 3 0x8000b3e8 (0xbfe5)
core   0: 0x8000b3e0 (0x00002f17) auipc   t5, 0x2
core   0: 3 0x8000b3e0 (0x00002f17) x30 0x8000d3e0
core   0: 0x8000b3e4 (0xc23f2023) sw      gp, -992(t5)
core   0: 3 0x8000b3e4 (0xc23f2023) mem 0x8000d000 0x00000001
core   0: 0x8000b3e8 (0x0000bfe5) c.j     pc - 8
core   0: 3 0x8000b3e8 (0xbfe5)
core   0: 0x8000b3e0 (0x00002f17) auipc   t5, 0x2
core   0: 3 0x8000b3e0 (0x00002f17) x30 0x8000d3e0
core   0: 0x8000b3e4 (0xc23f2023) sw      gp, -992(t5)
core   0: 3 0x8000b3e4 (0xc23f2023) mem 0x8000d000 0x00000001
core   0: 0x8000b3e8 (0x0000bfe5) c.j     pc - 8
core   0: 3 0x8000b3e8 (0xbfe5)
core   0: 0x8000b3e0 (0x00002f17) auipc   t5, 0x2
core   0: 3 0x8000b3e0 (0x00002f17) x30 0x8000d3e0
core   0: 0x8000b3e4 (0xc23f2023) sw      gp, -992(t5)
core   0: 3 0x8000b3e4 (0xc23f2023) mem 0x8000d000 0x00000001
core   0: 0x8000b3e8 (0x0000bfe5) c.j     pc - 8
core   0: 3 0x8000b3e8 (0xbfe5)
core   0: 0x8000b3e0 (0x00002f17) auipc   t5, 0x2
core   0: 3 0x8000b3e0 (0x00002f17) x30 0x8000d3e0
core   0: 0x8000b3e4 (0xc23f2023) sw      gp, -992(t5)
core   0: 3 0x8000b3e4 (0xc23f2023) mem 0x8000d000 0x00000001
core   0: 0x8000b3e8 (0x0000bfe5) c.j     pc - 8
core   0: 3 0x8000b3e8 (0xbfe5)
core   0: 0x8000b3e0 (0x00002f17) auipc   t5, 0x2
core   0: 3 0x8000b3e0 (0x00002f17) x30 0x8000d3e0
core   0: 0x8000b3e4 (0xc23f2023) sw      gp, -992(t5)
core   0: 3 0x8000b3e4 (0xc23f2023) mem 0x8000d000 0x00000001
core   0: 0x8000b3e8 (0x0000bfe5) c.j     pc - 8
core   0: 3 0x8000b3e8 (0xbfe5)
core   0: 0x8000b3e0 (0x00002f17) auipc   t5, 0x2
core   0: 3 0x8000b3e0 (0x00002f17) x30 0x8000d3e0
core   0: 0x8000b3e4 (0xc23f2023) sw      gp, -992(t5)
core   0: 3 0x8000b3e4 (0xc23f2023) mem 0x8000d000 0x00000001
core   0: 0x8000b3e8 (0x0000bfe5) c.j     pc - 8
core   0: 3 0x8000b3e8 (0xbfe5)
core   0: 0x8000b3e0 (0x00002f17) auipc   t5, 0x2
core   0: 3 0x8000b3e0 (0x00002f17) x30 0x8000d3e0
core   0: 0x8000b3e4 (0xc23f2023) sw      gp, -992(t5)
core   0: 3 0x8000b3e4 (0xc23f2023) mem 0x8000d000 0x00000001
core   0: 0x8000b3e8 (0x0000bfe5) c.j     pc - 8
core   0: 3 0x8000b3e8 (0xbfe5)
core   0: 0x8000b3e0 (0x00002f17) auipc   t5, 0x2
core   0: 3 0x8000b3e0 (0x00002f17) x30 0x8000d3e0
core   0: 0x8000b3e4 (0xc23f2023) sw      gp, -992(t5)
core   0: 3 0x8000b3e4 (0xc23f2023) mem 0x8000d000 0x00000001
core   0: 0x8000b3e8 (0x0000bfe5) c.j     pc - 8
core   0: 3 0x8000b3e8 (0xbfe5)
core   0: 0x8000b3e0 (0x00002f17) auipc   t5, 0x2
core   0: 3 0x8000b3e0 (0x00002f17) x30 0x8000d3e0
core   0: 0x8000b3e4 (0xc23f2023) sw      gp, -992(t5)
core   0: 3 0x8000b3e4 (0xc23f2023) mem 0x8000d000 0x00000001
core   0: 0x8000b3e8 (0x0000bfe5) c.j     pc - 8
core   0: 3 0x8000b3e8 (0xbfe5)
core   0: 0x8000b3e0 (0x00002f17) auipc   t5, 0x2
core   0: 3 0x8000b3e0 (0x00002f17) x30 0x8000d3e0
core   0: 0x8000b3e4 (0xc23f2023) sw      gp, -992(t5)
core   0: 3 0x8000b3e4 (0xc23f2023) mem 0x8000d000 0x00000001
core   0: 0x8000b3e8 (0x0000bfe5) c.j     pc - 8
core   0: 3 0x8000b3e8 (0xbfe5)
core   0: 0x8000b3e0 (0x00002f17) auipc   t5, 0x2
core   0: 3 0x8000b3e0 (0x00002f17) x30 0x8000d3e0
core   0: 0x8000b3e4 (0xc23f2023) sw      gp, -992(t5)
core   0: 3 0x8000b3e4 (0xc23f2023) mem 0x8000d000 0x00000001
core   0: 0x8000b3e8 (0x0000bfe5) c.j     pc - 8
core   0: 3 0x8000b3e8 (0xbfe5)
core   0: 0x8000b3e0 (0x00002f17) auipc   t5, 0x2
core   0: 3 0x8000b3e0 (0x00002f17) x30 0x8000d3e0
core   0: 0x8000b3e4 (0xc23f2023) sw      gp, -992(t5)
core   0: 3 0x8000b3e4 (0xc23f2023) mem 0x8000d000 0x00000001
core   0: 0x8000b3e8 (0x0000bfe5) c.j     pc - 8
core   0: 3 0x8000b3e8 (0xbfe5)
core   0: 0x8000b3e0 (0x00002f17) auipc   t5, 0x2
core   0: 3 0x8000b3e0 (0x00002f17) x30 0x8000d3e0
core   0: 0x8000b3e4 (0xc23f2023) sw      gp, -992(t5)
core   0: 3 0x8000b3e4 (0xc23f2023) mem 0x8000d000 0x00000001
core   0: 0x8000b3e8 (0x0000bfe5) c.j     pc - 8
core   0: 3 0x8000b3e8 (0xbfe5)
core   0: 0x8000b3e0 (0x00002f17) auipc   t5, 0x2
core   0: 3 0x8000b3e0 (0x00002f17) x30 0x8000d3e0
core   0: 0x8000b3e4 (0xc23f2023) sw      gp, -992(t5)
core   0: 3 0x8000b3e4 (0xc23f2023) mem 0x8000d000 0x00000001
core   0: 0x8000b3e8 (0x0000bfe5) c.j     pc - 8
core   0: 3 0x8000b3e8 (0xbfe5)
core   0: 0x8000b3e0 (0x00002f17) auipc   t5, 0x2
core   0: 3 0x8000b3e0 (0x00002f17) x30 0x8000d3e0
core   0: 0x8000b3e4 (0xc23f2023) sw      gp, -992(t5)
core   0: 3 0x8000b3e4 (0xc23f2023) mem 0x8000d000 0x00000001
core   0: 0x8000b3e8 (0x0000bfe5) c.j     pc - 8
core   0: 3 0x8000b3e8 (0xbfe5)
core   0: 0x8000b3e0 (0x00002f17) auipc   t5, 0x2
core   0: 3 0x8000b3e0 (0x00002f17) x30 0x8000d3e0
core   0: 0x8000b3e4 (0xc23f2023) sw      gp, -992(t5)
core   0: 3 0x8000b3e4 (0xc23f2023) mem 0x8000d000 0x00000001
core   0: 0x8000b3e8 (0x0000bfe5) c.j     pc - 8
core   0: 3 0x8000b3e8 (0xbfe5)
core   0: 0x8000b3e0 (0x00002f17) auipc   t5, 0x2
core   0: 3 0x8000b3e0 (0x00002f17) x30 0x8000d3e0
core   0: 0x8000b3e4 (0xc23f2023) sw      gp, -992(t5)
core   0: 3 0x8000b3e4 (0xc23f2023) mem 0x8000d000 0x00000001
core   0: 0x8000b3e8 (0x0000bfe5) c.j     pc - 8
core   0: 3 0x8000b3e8 (0xbfe5)
core   0: 0x8000b3e0 (0x00002f17) auipc   t5, 0x2
core   0: 3 0x8000b3e0 (0x00002f17) x30 0x8000d3e0
core   0: 0x8000b3e4 (0xc23f2023) sw      gp, -992(t5)
core   0: 3 0x8000b3e4 (0xc23f2023) mem 0x8000d000 0x00000001
core   0: 0x8000b3e8 (0x0000bfe5) c.j     pc - 8
core   0: 3 0x8000b3e8 (0xbfe5)
core   0: 0x8000b3e0 (0x00002f17) auipc   t5, 0x2
core   0: 3 0x8000b3e0 (0x00002f17) x30 0x8000d3e0
core   0: 0x8000b3e4 (0xc23f2023) sw      gp, -992(t5)
core   0: 3 0x8000b3e4 (0xc23f2023) mem 0x8000d000 0x00000001
core   0: 0x8000b3e8 (0x0000bfe5) c.j     pc - 8
core   0: 3 0x8000b3e8 (0xbfe5)
core   0: 0x8000b3e0 (0x00002f17) auipc   t5, 0x2
core   0: 3 0x8000b3e0 (0x00002f17) x30 0x8000d3e0
core   0: 0x8000b3e4 (0xc23f2023) sw      gp, -992(t5)
core   0: 3 0x8000b3e4 (0xc23f2023) mem 0x8000d000 0x00000001
core   0: 0x8000b3e8 (0x0000bfe5) c.j     pc - 8
core   0: 3 0x8000b3e8 (0xbfe5)
core   0: 0x8000b3e0 (0x00002f17) auipc   t5, 0x2
core   0: 3 0x8000b3e0 (0x00002f17) x30 0x8000d3e0
core   0: 0x8000b3e4 (0xc23f2023) sw      gp, -992(t5)
core   0: 3 0x8000b3e4 (0xc23f2023) mem 0x8000d000 0x00000001
core   0: 0x8000b3e8 (0x0000bfe5) c.j     pc - 8
core   0: 3 0x8000b3e8 (0xbfe5)
core   0: 0x8000b3e0 (0x00002f17) auipc   t5, 0x2
core   0: 3 0x8000b3e0 (0x00002f17) x30 0x8000d3e0
core   0: 0x8000b3e4 (0xc23f2023) sw      gp, -992(t5)
core   0: 3 0x8000b3e4 (0xc23f2023) mem 0x8000d000 0x00000001
core   0: 0x8000b3e8 (0x0000bfe5) c.j     pc - 8
core   0: 3 0x8000b3e8 (0xbfe5)
core   0: 0x8000b3e0 (0x00002f17) auipc   t5, 0x2
core   0: 3 0x8000b3e0 (0x00002f17) x30 0x8000d3e0
core   0: 0x8000b3e4 (0xc23f2023) sw      gp, -992(t5)
core   0: 3 0x8000b3e4 (0xc23f2023) mem 0x8000d000 0x00000001
core   0: 0x8000b3e8 (0x0000bfe5) c.j     pc - 8
core   0: 3 0x8000b3e8 (0xbfe5)
core   0: 0x8000b3e0 (0x00002f17) auipc   t5, 0x2
core   0: 3 0x8000b3e0 (0x00002f17) x30 0x8000d3e0
core   0: 0x8000b3e4 (0xc23f2023) sw      gp, -992(t5)
core   0: 3 0x8000b3e4 (0xc23f2023) mem 0x8000d000 0x00000001
core   0: 0x8000b3e8 (0x0000bfe5) c.j     pc - 8
core   0: 3 0x8000b3e8 (0xbfe5)
core   0: 0x8000b3e0 (0x00002f17) auipc   t5, 0x2
core   0: 3 0x8000b3e0 (0x00002f17) x30 0x8000d3e0
core   0: 0x8000b3e4 (0xc23f2023) sw      gp, -992(t5)
core   0: 3 0x8000b3e4 (0xc23f2023) mem 0x8000d000 0x00000001
core   0: 0x8000b3e8 (0x0000bfe5) c.j     pc - 8
core   0: 3 0x8000b3e8 (0xbfe5)
core   0: 0x8000b3e0 (0x00002f17) auipc   t5, 0x2
core   0: 3 0x8000b3e0 (0x00002f17) x30 0x8000d3e0
core   0: 0x8000b3e4 (0xc23f2023) sw      gp, -992(t5)
core   0: 3 0x8000b3e4 (0xc23f2023) mem 0x8000d000 0x00000001
core   0: 0x8000b3e8 (0x0000bfe5) c.j     pc - 8
core   0: 3 0x8000b3e8 (0xbfe5)
core   0: 0x8000b3e0 (0x00002f17) auipc   t5, 0x2
core   0: 3 0x8000b3e0 (0x00002f17) x30 0x8000d3e0
core   0: 0x8000b3e4 (0xc23f2023) sw      gp, -992(t5)
core   0: 3 0x8000b3e4 (0xc23f2023) mem 0x8000d000 0x00000001
core   0: 0x8000b3e8 (0x0000bfe5) c.j     pc - 8
core   0: 3 0x8000b3e8 (0xbfe5)
core   0: 0x8000b3e0 (0x00002f17) auipc   t5, 0x2
core   0: 3 0x8000b3e0 (0x00002f17) x30 0x8000d3e0
core   0: 0x8000b3e4 (0xc23f2023) sw      gp, -992(t5)
core   0: 3 0x8000b3e4 (0xc23f2023) mem 0x8000d000 0x00000001
core   0: 0x8000b3e8 (0x0000bfe5) c.j     pc - 8
core   0: 3 0x8000b3e8 (0xbfe5)
core   0: 0x8000b3e0 (0x00002f17) auipc   t5, 0x2
core   0: 3 0x8000b3e0 (0x00002f17) x30 0x8000d3e0
core   0: 0x8000b3e4 (0xc23f2023) sw      gp, -992(t5)
core   0: 3 0x8000b3e4 (0xc23f2023) mem 0x8000d000 0x00000001
core   0: 0x8000b3e8 (0x0000bfe5) c.j     pc - 8
core   0: 3 0x8000b3e8 (0xbfe5)
core   0: 0x8000b3e0 (0x00002f17) auipc   t5, 0x2
core   0: 3 0x8000b3e0 (0x00002f17) x30 0x8000d3e0
core   0: 0x8000b3e4 (0xc23f2023) sw      gp, -992(t5)
core   0: 3 0x8000b3e4 (0xc23f2023) mem 0x8000d000 0x00000001
core   0: 0x8000b3e8 (0x0000bfe5) c.j     pc - 8
core   0: 3 0x8000b3e8 (0xbfe5)
core   0: 0x8000b3e0 (0x00002f17) auipc   t5, 0x2
core   0: 3 0x8000b3e0 (0x00002f17) x30 0x8000d3e0
core   0: 0x8000b3e4 (0xc23f2023) sw      gp, -992(t5)
core   0: 3 0x8000b3e4 (0xc23f2023) mem 0x8000d000 0x00000001
core   0: 0x8000b3e8 (0x0000bfe5) c.j     pc - 8
core   0: 3 0x8000b3e8 (0xbfe5)
core   0: 0x8000b3e0 (0x00002f17) auipc   t5, 0x2
core   0: 3 0x8000b3e0 (0x00002f17) x30 0x8000d3e0
core   0: 0x8000b3e4 (0xc23f2023) sw      gp, -992(t5)
core   0: 3 0x8000b3e4 (0xc23f2023) mem 0x8000d000 0x00000001
core   0: 0x8000b3e8 (0x0000bfe5) c.j     pc - 8
core   0: 3 0x8000b3e8 (0xbfe5)
core   0: 0x8000b3e0 (0x00002f17) auipc   t5, 0x2
core   0: 3 0x8000b3e0 (0x00002f17) x30 0x8000d3e0
core   0: 0x8000b3e4 (0xc23f2023) sw      gp, -992(t5)
core   0: 3 0x8000b3e4 (0xc23f2023) mem 0x8000d000 0x00000001
core   0: 0x8000b3e8 (0x0000bfe5) c.j     pc - 8
core   0: 3 0x8000b3e8 (0xbfe5)
core   0: 0x8000b3e0 (0x00002f17) auipc   t5, 0x2
core   0: 3 0x8000b3e0 (0x00002f17) x30 0x8000d3e0
core   0: 0x8000b3e4 (0xc23f2023) sw      gp, -992(t5)
core   0: 3 0x8000b3e4 (0xc23f2023) mem 0x8000d000 0x00000001
core   0: 0x8000b3e8 (0x0000bfe5) c.j     pc - 8
core   0: 3 0x8000b3e8 (0xbfe5)
core   0: 0x8000b3e0 (0x00002f17) auipc   t5, 0x2
core   0: 3 0x8000b3e0 (0x00002f17) x30 0x8000d3e0
core   0: 0x8000b3e4 (0xc23f2023) sw      gp, -992(t5)
core   0: 3 0x8000b3e4 (0xc23f2023) mem 0x8000d000 0x00000001
core   0: 0x8000b3e8 (0x0000bfe5) c.j     pc - 8
core   0: 3 0x8000b3e8 (0xbfe5)
core   0: 0x8000b3e0 (0x00002f17) auipc   t5, 0x2
core   0: 3 0x8000b3e0 (0x00002f17) x30 0x8000d3e0
core   0: 0x8000b3e4 (0xc23f2023) sw      gp, -992(t5)
core   0: 3 0x8000b3e4 (0xc23f2023) mem 0x8000d000 0x00000001
core   0: 0x8000b3e8 (0x0000bfe5) c.j     pc - 8
core   0: 3 0x8000b3e8 (0xbfe5)
core   0: 0x8000b3e0 (0x00002f17) auipc   t5, 0x2
core   0: 3 0x8000b3e0 (0x00002f17) x30 0x8000d3e0
core   0: 0x8000b3e4 (0xc23f2023) sw      gp, -992(t5)
core   0: 3 0x8000b3e4 (0xc23f2023) mem 0x8000d000 0x00000001
core   0: 0x8000b3e8 (0x0000bfe5) c.j     pc - 8
core   0: 3 0x8000b3e8 (0xbfe5)
core   0: 0x8000b3e0 (0x00002f17) auipc   t5, 0x2
core   0: 3 0x8000b3e0 (0x00002f17) x30 0x8000d3e0
core   0: 0x8000b3e4 (0xc23f2023) sw      gp, -992(t5)
core   0: 3 0x8000b3e4 (0xc23f2023) mem 0x8000d000 0x00000001
core   0: 0x8000b3e8 (0x0000bfe5) c.j     pc - 8
core   0: 3 0x8000b3e8 (0xbfe5)
core   0: 0x8000b3e0 (0x00002f17) auipc   t5, 0x2
core   0: 3 0x8000b3e0 (0x00002f17) x30 0x8000d3e0
core   0: 0x8000b3e4 (0xc23f2023) sw      gp, -992(t5)
core   0: 3 0x8000b3e4 (0xc23f2023) mem 0x8000d000 0x00000001
core   0: 0x8000b3e8 (0x0000bfe5) c.j     pc - 8
core   0: 3 0x8000b3e8 (0xbfe5)
core   0: 0x8000b3e0 (0x00002f17) auipc   t5, 0x2
core   0: 3 0x8000b3e0 (0x00002f17) x30 0x8000d3e0
core   0: 0x8000b3e4 (0xc23f2023) sw      gp, -992(t5)
core   0: 3 0x8000b3e4 (0xc23f2023) mem 0x8000d000 0x00000001
core   0: 0x8000b3e8 (0x0000bfe5) c.j     pc - 8
core   0: 3 0x8000b3e8 (0xbfe5)
core   0: 0x8000b3e0 (0x00002f17) auipc   t5, 0x2
core   0: 3 0x8000b3e0 (0x00002f17) x30 0x8000d3e0
core   0: 0x8000b3e4 (0xc23f2023) sw      gp, -992(t5)
core   0: 3 0x8000b3e4 (0xc23f2023) mem 0x8000d000 0x00000001
core   0: 0x8000b3e8 (0x0000bfe5) c.j     pc - 8
core   0: 3 0x8000b3e8 (0xbfe5)
core   0: 0x8000b3e0 (0x00002f17) auipc   t5, 0x2
core   0: 3 0x8000b3e0 (0x00002f17) x30 0x8000d3e0
core   0: 0x8000b3e4 (0xc23f2023) sw      gp, -992(t5)
core   0: 3 0x8000b3e4 (0xc23f2023) mem 0x8000d000 0x00000001
core   0: 0x8000b3e8 (0x0000bfe5) c.j     pc - 8
core   0: 3 0x8000b3e8 (0xbfe5)
core   0: 0x8000b3e0 (0x00002f17) auipc   t5, 0x2
core   0: 3 0x8000b3e0 (0x00002f17) x30 0x8000d3e0
core   0: 0x8000b3e4 (0xc23f2023) sw      gp, -992(t5)
core   0: 3 0x8000b3e4 (0xc23f2023) mem 0x8000d000 0x00000001
core   0: 0x8000b3e8 (0x0000bfe5) c.j     pc - 8
core   0: 3 0x8000b3e8 (0xbfe5)
core   0: 0x8000b3e0 (0x00002f17) auipc   t5, 0x2
core   0: 3 0x8000b3e0 (0x00002f17) x30 0x8000d3e0
core   0: 0x8000b3e4 (0xc23f2023) sw      gp, -992(t5)
core   0: 3 0x8000b3e4 (0xc23f2023) mem 0x8000d000 0x00000001
core   0: 0x8000b3e8 (0x0000bfe5) c.j     pc - 8
core   0: 3 0x8000b3e8 (0xbfe5)
core   0: 0x8000b3e0 (0x00002f17) auipc   t5, 0x2
core   0: 3 0x8000b3e0 (0x00002f17) x30 0x8000d3e0
core   0: 0x8000b3e4 (0xc23f2023) sw      gp, -992(t5)
core   0: 3 0x8000b3e4 (0xc23f2023) mem 0x8000d000 0x00000001
core   0: 0x8000b3e8 (0x0000bfe5) c.j     pc - 8
core   0: 3 0x8000b3e8 (0xbfe5)
core   0: 0x8000b3e0 (0x00002f17) auipc   t5, 0x2
core   0: 3 0x8000b3e0 (0x00002f17) x30 0x8000d3e0
core   0: 0x8000b3e4 (0xc23f2023) sw      gp, -992(t5)
core   0: 3 0x8000b3e4 (0xc23f2023) mem 0x8000d000 0x00000001
core   0: 0x8000b3e8 (0x0000bfe5) c.j     pc - 8
core   0: 3 0x8000b3e8 (0xbfe5)
core   0: 0x8000b3e0 (0x00002f17) auipc   t5, 0x2
core   0: 3 0x8000b3e0 (0x00002f17) x30 0x8000d3e0
core   0: 0x8000b3e4 (0xc23f2023) sw      gp, -992(t5)
core   0: 3 0x8000b3e4 (0xc23f2023) mem 0x8000d000 0x00000001
core   0: 0x8000b3e8 (0x0000bfe5) c.j     pc - 8
core   0: 3 0x8000b3e8 (0xbfe5)
core   0: 0x8000b3e0 (0x00002f17) auipc   t5, 0x2
core   0: 3 0x8000b3e0 (0x00002f17) x30 0x8000d3e0
core   0: 0x8000b3e4 (0xc23f2023) sw      gp, -992(t5)
core   0: 3 0x8000b3e4 (0xc23f2023) mem 0x8000d000 0x00000001
core   0: 0x8000b3e8 (0x0000bfe5) c.j     pc - 8
core   0: 3 0x8000b3e8 (0xbfe5)
core   0: 0x8000b3e0 (0x00002f17) auipc   t5, 0x2
core   0: 3 0x8000b3e0 (0x00002f17) x30 0x8000d3e0
core   0: 0x8000b3e4 (0xc23f2023) sw      gp, -992(t5)
core   0: 3 0x8000b3e4 (0xc23f2023) mem 0x8000d000 0x00000001
core   0: 0x8000b3e8 (0x0000bfe5) c.j     pc - 8
core   0: 3 0x8000b3e8 (0xbfe5)
core   0: 0x8000b3e0 (0x00002f17) auipc   t5, 0x2
core   0: 3 0x8000b3e0 (0x00002f17) x30 0x8000d3e0
core   0: 0x8000b3e4 (0xc23f2023) sw      gp, -992(t5)
core   0: 3 0x8000b3e4 (0xc23f2023) mem 0x8000d000 0x00000001
core   0: 0x8000b3e8 (0x0000bfe5) c.j     pc - 8
core   0: 3 0x8000b3e8 (0xbfe5)
core   0: 0x8000b3e0 (0x00002f17) auipc   t5, 0x2
core   0: 3 0x8000b3e0 (0x00002f17) x30 0x8000d3e0
core   0: 0x8000b3e4 (0xc23f2023) sw      gp, -992(t5)
core   0: 3 0x8000b3e4 (0xc23f2023) mem 0x8000d000 0x00000001
core   0: 0x8000b3e8 (0x0000bfe5) c.j     pc - 8
core   0: 3 0x8000b3e8 (0xbfe5)
core   0: 0x8000b3e0 (0x00002f17) auipc   t5, 0x2
core   0: 3 0x8000b3e0 (0x00002f17) x30 0x8000d3e0
core   0: 0x8000b3e4 (0xc23f2023) sw      gp, -992(t5)
core   0: 3 0x8000b3e4 (0xc23f2023) mem 0x8000d000 0x00000001
core   0: 0x8000b3e8 (0x0000bfe5) c.j     pc - 8
core   0: 3 0x8000b3e8 (0xbfe5)
core   0: 0x8000b3e0 (0x00002f17) auipc   t5, 0x2
core   0: 3 0x8000b3e0 (0x00002f17) x30 0x8000d3e0
core   0: 0x8000b3e4 (0xc23f2023) sw      gp, -992(t5)
core   0: 3 0x8000b3e4 (0xc23f2023) mem 0x8000d000 0x00000001
core   0: 0x8000b3e8 (0x0000bfe5) c.j     pc - 8
core   0: 3 0x8000b3e8 (0xbfe5)
core   0: 0x8000b3e0 (0x00002f17) auipc   t5, 0x2
core   0: 3 0x8000b3e0 (0x00002f17) x30 0x8000d3e0
core   0: 0x8000b3e4 (0xc23f2023) sw      gp, -992(t5)
core   0: 3 0x8000b3e4 (0xc23f2023) mem 0x8000d000 0x00000001
core   0: 0x8000b3e8 (0x0000bfe5) c.j     pc - 8
core   0: 3 0x8000b3e8 (0xbfe5)
core   0: 0x8000b3e0 (0x00002f17) auipc   t5, 0x2
core   0: 3 0x8000b3e0 (0x00002f17) x30 0x8000d3e0
core   0: 0x8000b3e4 (0xc23f2023) sw      gp, -992(t5)
core   0: 3 0x8000b3e4 (0xc23f2023) mem 0x8000d000 0x00000001
core   0: 0x8000b3e8 (0x0000bfe5) c.j     pc - 8
core   0: 3 0x8000b3e8 (0xbfe5)
core   0: 0x8000b3e0 (0x00002f17) auipc   t5, 0x2
core   0: 3 0x8000b3e0 (0x00002f17) x30 0x8000d3e0
core   0: 0x8000b3e4 (0xc23f2023) sw      gp, -992(t5)
core   0: 3 0x8000b3e4 (0xc23f2023) mem 0x8000d000 0x00000001
core   0: 0x8000b3e8 (0x0000bfe5) c.j     pc - 8
core   0: 3 0x8000b3e8 (0xbfe5)
core   0: 0x8000b3e0 (0x00002f17) auipc   t5, 0x2
core   0: 3 0x8000b3e0 (0x00002f17) x30 0x8000d3e0
core   0: 0x8000b3e4 (0xc23f2023) sw      gp, -992(t5)
core   0: 3 0x8000b3e4 (0xc23f2023) mem 0x8000d000 0x00000001
core   0: 0x8000b3e8 (0x0000bfe5) c.j     pc - 8
core   0: 3 0x8000b3e8 (0xbfe5)
core   0: 0x8000b3e0 (0x00002f17) auipc   t5, 0x2
core   0: 3 0x8000b3e0 (0x00002f17) x30 0x8000d3e0
core   0: 0x8000b3e4 (0xc23f2023) sw      gp, -992(t5)
core   0: 3 0x8000b3e4 (0xc23f2023) mem 0x8000d000 0x00000001
core   0: 0x8000b3e8 (0x0000bfe5) c.j     pc - 8
core   0: 3 0x8000b3e8 (0xbfe5)
core   0: 0x8000b3e0 (0x00002f17) auipc   t5, 0x2
core   0: 3 0x8000b3e0 (0x00002f17) x30 0x8000d3e0
core   0: 0x8000b3e4 (0xc23f2023) sw      gp, -992(t5)
core   0: 3 0x8000b3e4 (0xc23f2023) mem 0x8000d000 0x00000001
core   0: 0x8000b3e8 (0x0000bfe5) c.j     pc - 8
core   0: 3 0x8000b3e8 (0xbfe5)
core   0: 0x8000b3e0 (0x00002f17) auipc   t5, 0x2
core   0: 3 0x8000b3e0 (0x00002f17) x30 0x8000d3e0
core   0: 0x8000b3e4 (0xc23f2023) sw      gp, -992(t5)
core   0: 3 0x8000b3e4 (0xc23f2023) mem 0x8000d000 0x00000001
core   0: 0x8000b3e8 (0x0000bfe5) c.j     pc - 8
core   0: 3 0x8000b3e8 (0xbfe5)
core   0: 0x8000b3e0 (0x00002f17) auipc   t5, 0x2
core   0: 3 0x8000b3e0 (0x00002f17) x30 0x8000d3e0
core   0: 0x8000b3e4 (0xc23f2023) sw      gp, -992(t5)
core   0: 3 0x8000b3e4 (0xc23f2023) mem 0x8000d000 0x00000001
core   0: 0x8000b3e8 (0x0000bfe5) c.j     pc - 8
core   0: 3 0x8000b3e8 (0xbfe5)
core   0: 0x8000b3e0 (0x00002f17) auipc   t5, 0x2
core   0: 3 0x8000b3e0 (0x00002f17) x30 0x8000d3e0
core   0: 0x8000b3e4 (0xc23f2023) sw      gp, -992(t5)
core   0: 3 0x8000b3e4 (0xc23f2023) mem 0x8000d000 0x00000001
core   0: 0x8000b3e8 (0x0000bfe5) c.j     pc - 8
core   0: 3 0x8000b3e8 (0xbfe5)
core   0: 0x8000b3e0 (0x00002f17) auipc   t5, 0x2
core   0: 3 0x8000b3e0 (0x00002f17) x30 0x8000d3e0
core   0: 0x8000b3e4 (0xc23f2023) sw      gp, -992(t5)
core   0: 3 0x8000b3e4 (0xc23f2023) mem 0x8000d000 0x00000001
core   0: 0x8000b3e8 (0x0000bfe5) c.j     pc - 8
core   0: 3 0x8000b3e8 (0xbfe5)
core   0: 0x8000b3e0 (0x00002f17) auipc   t5, 0x2
core   0: 3 0x8000b3e0 (0x00002f17) x30 0x8000d3e0
core   0: 0x8000b3e4 (0xc23f2023) sw      gp, -992(t5)
core   0: 3 0x8000b3e4 (0xc23f2023) mem 0x8000d000 0x00000001
core   0: 0x8000b3e8 (0x0000bfe5) c.j     pc - 8
core   0: 3 0x8000b3e8 (0xbfe5)
core   0: 0x8000b3e0 (0x00002f17) auipc   t5, 0x2
core   0: 3 0x8000b3e0 (0x00002f17) x30 0x8000d3e0
core   0: 0x8000b3e4 (0xc23f2023) sw      gp, -992(t5)
core   0: 3 0x8000b3e4 (0xc23f2023) mem 0x8000d000 0x00000001
core   0: 0x8000b3e8 (0x0000bfe5) c.j     pc - 8
core   0: 3 0x8000b3e8 (0xbfe5)
core   0: 0x8000b3e0 (0x00002f17) auipc   t5, 0x2
core   0: 3 0x8000b3e0 (0x00002f17) x30 0x8000d3e0
core   0: 0x8000b3e4 (0xc23f2023) sw      gp, -992(t5)
core   0: 3 0x8000b3e4 (0xc23f2023) mem 0x8000d000 0x00000001
core   0: 0x8000b3e8 (0x0000bfe5) c.j     pc - 8
core   0: 3 0x8000b3e8 (0xbfe5)
core   0: 0x8000b3e0 (0x00002f17) auipc   t5, 0x2
core   0: 3 0x8000b3e0 (0x00002f17) x30 0x8000d3e0
core   0: 0x8000b3e4 (0xc23f2023) sw      gp, -992(t5)
core   0: 3 0x8000b3e4 (0xc23f2023) mem 0x8000d000 0x00000001
core   0: 0x8000b3e8 (0x0000bfe5) c.j     pc - 8
core   0: 3 0x8000b3e8 (0xbfe5)
core   0: 0x8000b3e0 (0x00002f17) auipc   t5, 0x2
core   0: 3 0x8000b3e0 (0x00002f17) x30 0x8000d3e0
core   0: 0x8000b3e4 (0xc23f2023) sw      gp, -992(t5)
core   0: 3 0x8000b3e4 (0xc23f2023) mem 0x8000d000 0x00000001
core   0: 0x8000b3e8 (0x0000bfe5) c.j     pc - 8
core   0: 3 0x8000b3e8 (0xbfe5)
core   0: 0x8000b3e0 (0x00002f17) auipc   t5, 0x2
core   0: 3 0x8000b3e0 (0x00002f17) x30 0x8000d3e0
core   0: 0x8000b3e4 (0xc23f2023) sw      gp, -992(t5)
core   0: 3 0x8000b3e4 (0xc23f2023) mem 0x8000d000 0x00000001
core   0: 0x8000b3e8 (0x0000bfe5) c.j     pc - 8
core   0: 3 0x8000b3e8 (0xbfe5)
core   0: 0x8000b3e0 (0x00002f17) auipc   t5, 0x2
core   0: 3 0x8000b3e0 (0x00002f17) x30 0x8000d3e0
core   0: 0x8000b3e4 (0xc23f2023) sw      gp, -992(t5)
core   0: 3 0x8000b3e4 (0xc23f2023) mem 0x8000d000 0x00000001
core   0: 0x8000b3e8 (0x0000bfe5) c.j     pc - 8
core   0: 3 0x8000b3e8 (0xbfe5)
core   0: 0x8000b3e0 (0x00002f17) auipc   t5, 0x2
core   0: 3 0x8000b3e0 (0x00002f17) x30 0x8000d3e0
core   0: 0x8000b3e4 (0xc23f2023) sw      gp, -992(t5)
core   0: 3 0x8000b3e4 (0xc23f2023) mem 0x8000d000 0x00000001
core   0: 0x8000b3e8 (0x0000bfe5) c.j     pc - 8
core   0: 3 0x8000b3e8 (0xbfe5)
core   0: 0x8000b3e0 (0x00002f17) auipc   t5, 0x2
core   0: 3 0x8000b3e0 (0x00002f17) x30 0x8000d3e0
core   0: 0x8000b3e4 (0xc23f2023) sw      gp, -992(t5)
core   0: 3 0x8000b3e4 (0xc23f2023) mem 0x8000d000 0x00000001
core   0: 0x8000b3e8 (0x0000bfe5) c.j     pc - 8
core   0: 3 0x8000b3e8 (0xbfe5)
core   0: 0x8000b3e0 (0x00002f17) auipc   t5, 0x2
core   0: 3 0x8000b3e0 (0x00002f17) x30 0x8000d3e0
core   0: 0x8000b3e4 (0xc23f2023) sw      gp, -992(t5)
core   0: 3 0x8000b3e4 (0xc23f2023) mem 0x8000d000 0x00000001
core   0: 0x8000b3e8 (0x0000bfe5) c.j     pc - 8
core   0: 3 0x8000b3e8 (0xbfe5)
core   0: 0x8000b3e0 (0x00002f17) auipc   t5, 0x2
core   0: 3 0x8000b3e0 (0x00002f17) x30 0x8000d3e0
core   0: 0x8000b3e4 (0xc23f2023) sw      gp, -992(t5)
core   0: 3 0x8000b3e4 (0xc23f2023) mem 0x8000d000 0x00000001
core   0: 0x8000b3e8 (0x0000bfe5) c.j     pc - 8
core   0: 3 0x8000b3e8 (0xbfe5)
core   0: 0x8000b3e0 (0x00002f17) auipc   t5, 0x2
core   0: 3 0x8000b3e0 (0x00002f17) x30 0x8000d3e0
core   0: 0x8000b3e4 (0xc23f2023) sw      gp, -992(t5)
core   0: 3 0x8000b3e4 (0xc23f2023) mem 0x8000d000 0x00000001
core   0: 0x8000b3e8 (0x0000bfe5) c.j     pc - 8
core   0: 3 0x8000b3e8 (0xbfe5)
core   0: 0x8000b3e0 (0x00002f17) auipc   t5, 0x2
core   0: 3 0x8000b3e0 (0x00002f17) x30 0x8000d3e0
core   0: 0x8000b3e4 (0xc23f2023) sw      gp, -992(t5)
core   0: 3 0x8000b3e4 (0xc23f2023) mem 0x8000d000 0x00000001
core   0: 0x8000b3e8 (0x0000bfe5) c.j     pc - 8
core   0: 3 0x8000b3e8 (0xbfe5)
core   0: 0x8000b3e0 (0x00002f17) auipc   t5, 0x2
core   0: 3 0x8000b3e0 (0x00002f17) x30 0x8000d3e0
core   0: 0x8000b3e4 (0xc23f2023) sw      gp, -992(t5)
core   0: 3 0x8000b3e4 (0xc23f2023) mem 0x8000d000 0x00000001
core   0: 0x8000b3e8 (0x0000bfe5) c.j     pc - 8
core   0: 3 0x8000b3e8 (0xbfe5)
core   0: 0x8000b3e0 (0x00002f17) auipc   t5, 0x2
core   0: 3 0x8000b3e0 (0x00002f17) x30 0x8000d3e0
core   0: 0x8000b3e4 (0xc23f2023) sw      gp, -992(t5)
core   0: 3 0x8000b3e4 (0xc23f2023) mem 0x8000d000 0x00000001
core   0: 0x8000b3e8 (0x0000bfe5) c.j     pc - 8
core   0: 3 0x8000b3e8 (0xbfe5)
core   0: 0x8000b3e0 (0x00002f17) auipc   t5, 0x2
core   0: 3 0x8000b3e0 (0x00002f17) x30 0x8000d3e0
core   0: 0x8000b3e4 (0xc23f2023) sw      gp, -992(t5)
core   0: 3 0x8000b3e4 (0xc23f2023) mem 0x8000d000 0x00000001
core   0: 0x8000b3e8 (0x0000bfe5) c.j     pc - 8
core   0: 3 0x8000b3e8 (0xbfe5)
core   0: 0x8000b3e0 (0x00002f17) auipc   t5, 0x2
core   0: 3 0x8000b3e0 (0x00002f17) x30 0x8000d3e0
core   0: 0x8000b3e4 (0xc23f2023) sw      gp, -992(t5)
core   0: 3 0x8000b3e4 (0xc23f2023) mem 0x8000d000 0x00000001
core   0: 0x8000b3e8 (0x0000bfe5) c.j     pc - 8
core   0: 3 0x8000b3e8 (0xbfe5)
core   0: 0x8000b3e0 (0x00002f17) auipc   t5, 0x2
core   0: 3 0x8000b3e0 (0x00002f17) x30 0x8000d3e0
core   0: 0x8000b3e4 (0xc23f2023) sw      gp, -992(t5)
core   0: 3 0x8000b3e4 (0xc23f2023) mem 0x8000d000 0x00000001
core   0: 0x8000b3e8 (0x0000bfe5) c.j     pc - 8
core   0: 3 0x8000b3e8 (0xbfe5)
core   0: 0x8000b3e0 (0x00002f17) auipc   t5, 0x2
core   0: 3 0x8000b3e0 (0x00002f17) x30 0x8000d3e0
core   0: 0x8000b3e4 (0xc23f2023) sw      gp, -992(t5)
core   0: 3 0x8000b3e4 (0xc23f2023) mem 0x8000d000 0x00000001
core   0: 0x8000b3e8 (0x0000bfe5) c.j     pc - 8
core   0: 3 0x8000b3e8 (0xbfe5)
core   0: 0x8000b3e0 (0x00002f17) auipc   t5, 0x2
core   0: 3 0x8000b3e0 (0x00002f17) x30 0x8000d3e0
core   0: 0x8000b3e4 (0xc23f2023) sw      gp, -992(t5)
core   0: 3 0x8000b3e4 (0xc23f2023) mem 0x8000d000 0x00000001
core   0: 0x8000b3e8 (0x0000bfe5) c.j     pc - 8
core   0: 3 0x8000b3e8 (0xbfe5)
core   0: 0x8000b3e0 (0x00002f17) auipc   t5, 0x2
core   0: 3 0x8000b3e0 (0x00002f17) x30 0x8000d3e0
core   0: 0x8000b3e4 (0xc23f2023) sw      gp, -992(t5)
core   0: 3 0x8000b3e4 (0xc23f2023) mem 0x8000d000 0x00000001
core   0: 0x8000b3e8 (0x0000bfe5) c.j     pc - 8
core   0: 3 0x8000b3e8 (0xbfe5)
core   0: 0x8000b3e0 (0x00002f17) auipc   t5, 0x2
core   0: 3 0x8000b3e0 (0x00002f17) x30 0x8000d3e0
core   0: 0x8000b3e4 (0xc23f2023) sw      gp, -992(t5)
core   0: 3 0x8000b3e4 (0xc23f2023) mem 0x8000d000 0x00000001
core   0: 0x8000b3e8 (0x0000bfe5) c.j     pc - 8
core   0: 3 0x8000b3e8 (0xbfe5)
core   0: 0x8000b3e0 (0x00002f17) auipc   t5, 0x2
core   0: 3 0x8000b3e0 (0x00002f17) x30 0x8000d3e0
core   0: 0x8000b3e4 (0xc23f2023) sw      gp, -992(t5)
core   0: 3 0x8000b3e4 (0xc23f2023) mem 0x8000d000 0x00000001
core   0: 0x8000b3e8 (0x0000bfe5) c.j     pc - 8
core   0: 3 0x8000b3e8 (0xbfe5)
core   0: 0x8000b3e0 (0x00002f17) auipc   t5, 0x2
core   0: 3 0x8000b3e0 (0x00002f17) x30 0x8000d3e0
core   0: 0x8000b3e4 (0xc23f2023) sw      gp, -992(t5)
core   0: 3 0x8000b3e4 (0xc23f2023) mem 0x8000d000 0x00000001
core   0: 0x8000b3e8 (0x0000bfe5) c.j     pc - 8
core   0: 3 0x8000b3e8 (0xbfe5)
core   0: 0x8000b3e0 (0x00002f17) auipc   t5, 0x2
core   0: 3 0x8000b3e0 (0x00002f17) x30 0x8000d3e0
core   0: 0x8000b3e4 (0xc23f2023) sw      gp, -992(t5)
core   0: 3 0x8000b3e4 (0xc23f2023) mem 0x8000d000 0x00000001
core   0: 0x8000b3e8 (0x0000bfe5) c.j     pc - 8
core   0: 3 0x8000b3e8 (0xbfe5)
core   0: 0x8000b3e0 (0x00002f17) auipc   t5, 0x2
core   0: 3 0x8000b3e0 (0x00002f17) x30 0x8000d3e0
core   0: 0x8000b3e4 (0xc23f2023) sw      gp, -992(t5)
core   0: 3 0x8000b3e4 (0xc23f2023) mem 0x8000d000 0x00000001
core   0: 0x8000b3e8 (0x0000bfe5) c.j     pc - 8
core   0: 3 0x8000b3e8 (0xbfe5)
core   0: 0x8000b3e0 (0x00002f17) auipc   t5, 0x2
core   0: 3 0x8000b3e0 (0x00002f17) x30 0x8000d3e0
core   0: 0x8000b3e4 (0xc23f2023) sw      gp, -992(t5)
core   0: 3 0x8000b3e4 (0xc23f2023) mem 0x8000d000 0x00000001
core   0: 0x8000b3e8 (0x0000bfe5) c.j     pc - 8
core   0: 3 0x8000b3e8 (0xbfe5)
core   0: 0x8000b3e0 (0x00002f17) auipc   t5, 0x2
core   0: 3 0x8000b3e0 (0x00002f17) x30 0x8000d3e0
core   0: 0x8000b3e4 (0xc23f2023) sw      gp, -992(t5)
core   0: 3 0x8000b3e4 (0xc23f2023) mem 0x8000d000 0x00000001
core   0: 0x8000b3e8 (0x0000bfe5) c.j     pc - 8
core   0: 3 0x8000b3e8 (0xbfe5)
core   0: 0x8000b3e0 (0x00002f17) auipc   t5, 0x2
core   0: 3 0x8000b3e0 (0x00002f17) x30 0x8000d3e0
core   0: 0x8000b3e4 (0xc23f2023) sw      gp, -992(t5)
core   0: 3 0x8000b3e4 (0xc23f2023) mem 0x8000d000 0x00000001
core   0: 0x8000b3e8 (0x0000bfe5) c.j     pc - 8
core   0: 3 0x8000b3e8 (0xbfe5)
core   0: 0x8000b3e0 (0x00002f17) auipc   t5, 0x2
core   0: 3 0x8000b3e0 (0x00002f17) x30 0x8000d3e0
core   0: 0x8000b3e4 (0xc23f2023) sw      gp, -992(t5)
core   0: 3 0x8000b3e4 (0xc23f2023) mem 0x8000d000 0x00000001
core   0: 0x8000b3e8 (0x0000bfe5) c.j     pc - 8
core   0: 3 0x8000b3e8 (0xbfe5)
core   0: 0x8000b3e0 (0x00002f17) auipc   t5, 0x2
core   0: 3 0x8000b3e0 (0x00002f17) x30 0x8000d3e0
core   0: 0x8000b3e4 (0xc23f2023) sw      gp, -992(t5)
core   0: 3 0x8000b3e4 (0xc23f2023) mem 0x8000d000 0x00000001
core   0: 0x8000b3e8 (0x0000bfe5) c.j     pc - 8
core   0: 3 0x8000b3e8 (0xbfe5)
core   0: 0x8000b3e0 (0x00002f17) auipc   t5, 0x2
core   0: 3 0x8000b3e0 (0x00002f17) x30 0x8000d3e0
core   0: 0x8000b3e4 (0xc23f2023) sw      gp, -992(t5)
core   0: 3 0x8000b3e4 (0xc23f2023) mem 0x8000d000 0x00000001
core   0: 0x8000b3e8 (0x0000bfe5) c.j     pc - 8
core   0: 3 0x8000b3e8 (0xbfe5)
core   0: 0x8000b3e0 (0x00002f17) auipc   t5, 0x2
core   0: 3 0x8000b3e0 (0x00002f17) x30 0x8000d3e0
core   0: 0x8000b3e4 (0xc23f2023) sw      gp, -992(t5)
core   0: 3 0x8000b3e4 (0xc23f2023) mem 0x8000d000 0x00000001
core   0: 0x8000b3e8 (0x0000bfe5) c.j     pc - 8
core   0: 3 0x8000b3e8 (0xbfe5)
core   0: 0x8000b3e0 (0x00002f17) auipc   t5, 0x2
core   0: 3 0x8000b3e0 (0x00002f17) x30 0x8000d3e0
core   0: 0x8000b3e4 (0xc23f2023) sw      gp, -992(t5)
core   0: 3 0x8000b3e4 (0xc23f2023) mem 0x8000d000 0x00000001
core   0: 0x8000b3e8 (0x0000bfe5) c.j     pc - 8
core   0: 3 0x8000b3e8 (0xbfe5)
core   0: 0x8000b3e0 (0x00002f17) auipc   t5, 0x2
core   0: 3 0x8000b3e0 (0x00002f17) x30 0x8000d3e0
core   0: 0x8000b3e4 (0xc23f2023) sw      gp, -992(t5)
core   0: 3 0x8000b3e4 (0xc23f2023) mem 0x8000d000 0x00000001
core   0: 0x8000b3e8 (0x0000bfe5) c.j     pc - 8
core   0: 3 0x8000b3e8 (0xbfe5)
core   0: 0x8000b3e0 (0x00002f17) auipc   t5, 0x2
core   0: 3 0x8000b3e0 (0x00002f17) x30 0x8000d3e0
core   0: 0x8000b3e4 (0xc23f2023) sw      gp, -992(t5)
core   0: 3 0x8000b3e4 (0xc23f2023) mem 0x8000d000 0x00000001
core   0: 0x8000b3e8 (0x0000bfe5) c.j     pc - 8
core   0: 3 0x8000b3e8 (0xbfe5)
core   0: 0x8000b3e0 (0x00002f17) auipc   t5, 0x2
core   0: 3 0x8000b3e0 (0x00002f17) x30 0x8000d3e0
core   0: 0x8000b3e4 (0xc23f2023) sw      gp, -992(t5)
core   0: 3 0x8000b3e4 (0xc23f2023) mem 0x8000d000 0x00000001
core   0: 0x8000b3e8 (0x0000bfe5) c.j     pc - 8
core   0: 3 0x8000b3e8 (0xbfe5)
core   0: 0x8000b3e0 (0x00002f17) auipc   t5, 0x2
core   0: 3 0x8000b3e0 (0x00002f17) x30 0x8000d3e0
core   0: 0x8000b3e4 (0xc23f2023) sw      gp, -992(t5)
core   0: 3 0x8000b3e4 (0xc23f2023) mem 0x8000d000 0x00000001
core   0: 0x8000b3e8 (0x0000bfe5) c.j     pc - 8
core   0: 3 0x8000b3e8 (0xbfe5)
core   0: 0x8000b3e0 (0x00002f17) auipc   t5, 0x2
core   0: 3 0x8000b3e0 (0x00002f17) x30 0x8000d3e0
core   0: 0x8000b3e4 (0xc23f2023) sw      gp, -992(t5)
core   0: 3 0x8000b3e4 (0xc23f2023) mem 0x8000d000 0x00000001
core   0: 0x8000b3e8 (0x0000bfe5) c.j     pc - 8
core   0: 3 0x8000b3e8 (0xbfe5)
core   0: 0x8000b3e0 (0x00002f17) auipc   t5, 0x2
core   0: 3 0x8000b3e0 (0x00002f17) x30 0x8000d3e0
core   0: 0x8000b3e4 (0xc23f2023) sw      gp, -992(t5)
core   0: 3 0x8000b3e4 (0xc23f2023) mem 0x8000d000 0x00000001
core   0: 0x8000b3e8 (0x0000bfe5) c.j     pc - 8
core   0: 3 0x8000b3e8 (0xbfe5)
core   0: 0x8000b3e0 (0x00002f17) auipc   t5, 0x2
core   0: 3 0x8000b3e0 (0x00002f17) x30 0x8000d3e0
core   0: 0x8000b3e4 (0xc23f2023) sw      gp, -992(t5)
core   0: 3 0x8000b3e4 (0xc23f2023) mem 0x8000d000 0x00000001
core   0: 0x8000b3e8 (0x0000bfe5) c.j     pc - 8
core   0: 3 0x8000b3e8 (0xbfe5)
core   0: 0x8000b3e0 (0x00002f17) auipc   t5, 0x2
core   0: 3 0x8000b3e0 (0x00002f17) x30 0x8000d3e0
core   0: 0x8000b3e4 (0xc23f2023) sw      gp, -992(t5)
core   0: 3 0x8000b3e4 (0xc23f2023) mem 0x8000d000 0x00000001
core   0: 0x8000b3e8 (0x0000bfe5) c.j     pc - 8
core   0: 3 0x8000b3e8 (0xbfe5)
core   0: 0x8000b3e0 (0x00002f17) auipc   t5, 0x2
core   0: 3 0x8000b3e0 (0x00002f17) x30 0x8000d3e0
core   0: 0x8000b3e4 (0xc23f2023) sw      gp, -992(t5)
core   0: 3 0x8000b3e4 (0xc23f2023) mem 0x8000d000 0x00000001
core   0: 0x8000b3e8 (0x0000bfe5) c.j     pc - 8
core   0: 3 0x8000b3e8 (0xbfe5)
core   0: 0x8000b3e0 (0x00002f17) auipc   t5, 0x2
core   0: 3 0x8000b3e0 (0x00002f17) x30 0x8000d3e0
core   0: 0x8000b3e4 (0xc23f2023) sw      gp, -992(t5)
core   0: 3 0x8000b3e4 (0xc23f2023) mem 0x8000d000 0x00000001
core   0: 0x8000b3e8 (0x0000bfe5) c.j     pc - 8
core   0: 3 0x8000b3e8 (0xbfe5)
core   0: 0x8000b3e0 (0x00002f17) auipc   t5, 0x2
core   0: 3 0x8000b3e0 (0x00002f17) x30 0x8000d3e0
core   0: 0x8000b3e4 (0xc23f2023) sw      gp, -992(t5)
core   0: 3 0x8000b3e4 (0xc23f2023) mem 0x8000d000 0x00000001
core   0: 0x8000b3e8 (0x0000bfe5) c.j     pc - 8
core   0: 3 0x8000b3e8 (0xbfe5)
core   0: 0x8000b3e0 (0x00002f17) auipc   t5, 0x2
core   0: 3 0x8000b3e0 (0x00002f17) x30 0x8000d3e0
core   0: 0x8000b3e4 (0xc23f2023) sw      gp, -992(t5)
core   0: 3 0x8000b3e4 (0xc23f2023) mem 0x8000d000 0x00000001
core   0: 0x8000b3e8 (0x0000bfe5) c.j     pc - 8
core   0: 3 0x8000b3e8 (0xbfe5)
core   0: 0x8000b3e0 (0x00002f17) auipc   t5, 0x2
core   0: 3 0x8000b3e0 (0x00002f17) x30 0x8000d3e0
core   0: 0x8000b3e4 (0xc23f2023) sw      gp, -992(t5)
core   0: 3 0x8000b3e4 (0xc23f2023) mem 0x8000d000 0x00000001
core   0: 0x8000b3e8 (0x0000bfe5) c.j     pc - 8
core   0: 3 0x8000b3e8 (0xbfe5)
core   0: 0x8000b3e0 (0x00002f17) auipc   t5, 0x2
core   0: 3 0x8000b3e0 (0x00002f17) x30 0x8000d3e0
core   0: 0x8000b3e4 (0xc23f2023) sw      gp, -992(t5)
core   0: 3 0x8000b3e4 (0xc23f2023) mem 0x8000d000 0x00000001
core   0: 0x8000b3e8 (0x0000bfe5) c.j     pc - 8
core   0: 3 0x8000b3e8 (0xbfe5)
core   0: 0x8000b3e0 (0x00002f17) auipc   t5, 0x2
core   0: 3 0x8000b3e0 (0x00002f17) x30 0x8000d3e0
core   0: 0x8000b3e4 (0xc23f2023) sw      gp, -992(t5)
core   0: 3 0x8000b3e4 (0xc23f2023) mem 0x8000d000 0x00000001
core   0: 0x8000b3e8 (0x0000bfe5) c.j     pc - 8
core   0: 3 0x8000b3e8 (0xbfe5)
core   0: 0x8000b3e0 (0x00002f17) auipc   t5, 0x2
core   0: 3 0x8000b3e0 (0x00002f17) x30 0x8000d3e0
core   0: 0x8000b3e4 (0xc23f2023) sw      gp, -992(t5)
core   0: 3 0x8000b3e4 (0xc23f2023) mem 0x8000d000 0x00000001
core   0: 0x8000b3e8 (0x0000bfe5) c.j     pc - 8
core   0: 3 0x8000b3e8 (0xbfe5)
core   0: 0x8000b3e0 (0x00002f17) auipc   t5, 0x2
core   0: 3 0x8000b3e0 (0x00002f17) x30 0x8000d3e0
core   0: 0x8000b3e4 (0xc23f2023) sw      gp, -992(t5)
core   0: 3 0x8000b3e4 (0xc23f2023) mem 0x8000d000 0x00000001
core   0: 0x8000b3e8 (0x0000bfe5) c.j     pc - 8
core   0: 3 0x8000b3e8 (0xbfe5)
core   0: 0x8000b3e0 (0x00002f17) auipc   t5, 0x2
core   0: 3 0x8000b3e0 (0x00002f17) x30 0x8000d3e0
core   0: 0x8000b3e4 (0xc23f2023) sw      gp, -992(t5)
core   0: 3 0x8000b3e4 (0xc23f2023) mem 0x8000d000 0x00000001
core   0: 0x8000b3e8 (0x0000bfe5) c.j     pc - 8
core   0: 3 0x8000b3e8 (0xbfe5)
core   0: 0x8000b3e0 (0x00002f17) auipc   t5, 0x2
core   0: 3 0x8000b3e0 (0x00002f17) x30 0x8000d3e0
core   0: 0x8000b3e4 (0xc23f2023) sw      gp, -992(t5)
core   0: 3 0x8000b3e4 (0xc23f2023) mem 0x8000d000 0x00000001
core   0: 0x8000b3e8 (0x0000bfe5) c.j     pc - 8
core   0: 3 0x8000b3e8 (0xbfe5)
core   0: 0x8000b3e0 (0x00002f17) auipc   t5, 0x2
core   0: 3 0x8000b3e0 (0x00002f17) x30 0x8000d3e0
core   0: 0x8000b3e4 (0xc23f2023) sw      gp, -992(t5)
core   0: 3 0x8000b3e4 (0xc23f2023) mem 0x8000d000 0x00000001
core   0: 0x8000b3e8 (0x0000bfe5) c.j     pc - 8
core   0: 3 0x8000b3e8 (0xbfe5)
core   0: 0x8000b3e0 (0x00002f17) auipc   t5, 0x2
core   0: 3 0x8000b3e0 (0x00002f17) x30 0x8000d3e0
core   0: 0x8000b3e4 (0xc23f2023) sw      gp, -992(t5)
core   0: 3 0x8000b3e4 (0xc23f2023) mem 0x8000d000 0x00000001
core   0: 0x8000b3e8 (0x0000bfe5) c.j     pc - 8
core   0: 3 0x8000b3e8 (0xbfe5)
core   0: 0x8000b3e0 (0x00002f17) auipc   t5, 0x2
core   0: 3 0x8000b3e0 (0x00002f17) x30 0x8000d3e0
core   0: 0x8000b3e4 (0xc23f2023) sw      gp, -992(t5)
core   0: 3 0x8000b3e4 (0xc23f2023) mem 0x8000d000 0x00000001
core   0: 0x8000b3e8 (0x0000bfe5) c.j     pc - 8
core   0: 3 0x8000b3e8 (0xbfe5)
core   0: 0x8000b3e0 (0x00002f17) auipc   t5, 0x2
core   0: 3 0x8000b3e0 (0x00002f17) x30 0x8000d3e0
core   0: 0x8000b3e4 (0xc23f2023) sw      gp, -992(t5)
core   0: 3 0x8000b3e4 (0xc23f2023) mem 0x8000d000 0x00000001
core   0: 0x8000b3e8 (0x0000bfe5) c.j     pc - 8
core   0: 3 0x8000b3e8 (0xbfe5)
core   0: 0x8000b3e0 (0x00002f17) auipc   t5, 0x2
core   0: 3 0x8000b3e0 (0x00002f17) x30 0x8000d3e0
core   0: 0x8000b3e4 (0xc23f2023) sw      gp, -992(t5)
core   0: 3 0x8000b3e4 (0xc23f2023) mem 0x8000d000 0x00000001
core   0: 0x8000b3e8 (0x0000bfe5) c.j     pc - 8
core   0: 3 0x8000b3e8 (0xbfe5)
core   0: 0x8000b3e0 (0x00002f17) auipc   t5, 0x2
core   0: 3 0x8000b3e0 (0x00002f17) x30 0x8000d3e0
core   0: 0x8000b3e4 (0xc23f2023) sw      gp, -992(t5)
core   0: 3 0x8000b3e4 (0xc23f2023) mem 0x8000d000 0x00000001
core   0: 0x8000b3e8 (0x0000bfe5) c.j     pc - 8
core   0: 3 0x8000b3e8 (0xbfe5)
core   0: 0x8000b3e0 (0x00002f17) auipc   t5, 0x2
core   0: 3 0x8000b3e0 (0x00002f17) x30 0x8000d3e0
core   0: 0x8000b3e4 (0xc23f2023) sw      gp, -992(t5)
core   0: 3 0x8000b3e4 (0xc23f2023) mem 0x8000d000 0x00000001
core   0: 0x8000b3e8 (0x0000bfe5) c.j     pc - 8
core   0: 3 0x8000b3e8 (0xbfe5)
core   0: 0x8000b3e0 (0x00002f17) auipc   t5, 0x2
core   0: 3 0x8000b3e0 (0x00002f17) x30 0x8000d3e0
core   0: 0x8000b3e4 (0xc23f2023) sw      gp, -992(t5)
core   0: 3 0x8000b3e4 (0xc23f2023) mem 0x8000d000 0x00000001
core   0: 0x8000b3e8 (0x0000bfe5) c.j     pc - 8
core   0: 3 0x8000b3e8 (0xbfe5)
core   0: 0x8000b3e0 (0x00002f17) auipc   t5, 0x2
core   0: 3 0x8000b3e0 (0x00002f17) x30 0x8000d3e0
core   0: 0x8000b3e4 (0xc23f2023) sw      gp, -992(t5)
core   0: 3 0x8000b3e4 (0xc23f2023) mem 0x8000d000 0x00000001
core   0: 0x8000b3e8 (0x0000bfe5) c.j     pc - 8
core   0: 3 0x8000b3e8 (0xbfe5)
core   0: 0x8000b3e0 (0x00002f17) auipc   t5, 0x2
core   0: 3 0x8000b3e0 (0x00002f17) x30 0x8000d3e0
core   0: 0x8000b3e4 (0xc23f2023) sw      gp, -992(t5)
core   0: 3 0x8000b3e4 (0xc23f2023) mem 0x8000d000 0x00000001
core   0: 0x8000b3e8 (0x0000bfe5) c.j     pc - 8
core   0: 3 0x8000b3e8 (0xbfe5)
core   0: 0x8000b3e0 (0x00002f17) auipc   t5, 0x2
core   0: 3 0x8000b3e0 (0x00002f17) x30 0x8000d3e0
core   0: 0x8000b3e4 (0xc23f2023) sw      gp, -992(t5)
core   0: 3 0x8000b3e4 (0xc23f2023) mem 0x8000d000 0x00000001
core   0: 0x8000b3e8 (0x0000bfe5) c.j     pc - 8
core   0: 3 0x8000b3e8 (0xbfe5)
core   0: 0x8000b3e0 (0x00002f17) auipc   t5, 0x2
core   0: 3 0x8000b3e0 (0x00002f17) x30 0x8000d3e0
core   0: 0x8000b3e4 (0xc23f2023) sw      gp, -992(t5)
core   0: 3 0x8000b3e4 (0xc23f2023) mem 0x8000d000 0x00000001
core   0: 0x8000b3e8 (0x0000bfe5) c.j     pc - 8
core   0: 3 0x8000b3e8 (0xbfe5)
core   0: 0x8000b3e0 (0x00002f17) auipc   t5, 0x2
core   0: 3 0x8000b3e0 (0x00002f17) x30 0x8000d3e0
core   0: 0x8000b3e4 (0xc23f2023) sw      gp, -992(t5)
core   0: 3 0x8000b3e4 (0xc23f2023) mem 0x8000d000 0x00000001
core   0: 0x8000b3e8 (0x0000bfe5) c.j     pc - 8
core   0: 3 0x8000b3e8 (0xbfe5)
core   0: 0x8000b3e0 (0x00002f17) auipc   t5, 0x2
core   0: 3 0x8000b3e0 (0x00002f17) x30 0x8000d3e0
core   0: 0x8000b3e4 (0xc23f2023) sw      gp, -992(t5)
core   0: 3 0x8000b3e4 (0xc23f2023) mem 0x8000d000 0x00000001
core   0: 0x8000b3e8 (0x0000bfe5) c.j     pc - 8
core   0: 3 0x8000b3e8 (0xbfe5)
core   0: 0x8000b3e0 (0x00002f17) auipc   t5, 0x2
core   0: 3 0x8000b3e0 (0x00002f17) x30 0x8000d3e0
core   0: 0x8000b3e4 (0xc23f2023) sw      gp, -992(t5)
core   0: 3 0x8000b3e4 (0xc23f2023) mem 0x8000d000 0x00000001
core   0: 0x8000b3e8 (0x0000bfe5) c.j     pc - 8
core   0: 3 0x8000b3e8 (0xbfe5)
core   0: 0x8000b3e0 (0x00002f17) auipc   t5, 0x2
core   0: 3 0x8000b3e0 (0x00002f17) x30 0x8000d3e0
core   0: 0x8000b3e4 (0xc23f2023) sw      gp, -992(t5)
core   0: 3 0x8000b3e4 (0xc23f2023) mem 0x8000d000 0x00000001
core   0: 0x8000b3e8 (0x0000bfe5) c.j     pc - 8
core   0: 3 0x8000b3e8 (0xbfe5)
core   0: 0x8000b3e0 (0x00002f17) auipc   t5, 0x2
core   0: 3 0x8000b3e0 (0x00002f17) x30 0x8000d3e0
core   0: 0x8000b3e4 (0xc23f2023) sw      gp, -992(t5)
core   0: 3 0x8000b3e4 (0xc23f2023) mem 0x8000d000 0x00000001
core   0: 0x8000b3e8 (0x0000bfe5) c.j     pc - 8
core   0: 3 0x8000b3e8 (0xbfe5)
core   0: 0x8000b3e0 (0x00002f17) auipc   t5, 0x2
core   0: 3 0x8000b3e0 (0x00002f17) x30 0x8000d3e0
core   0: 0x8000b3e4 (0xc23f2023) sw      gp, -992(t5)
core   0: 3 0x8000b3e4 (0xc23f2023) mem 0x8000d000 0x00000001
core   0: 0x8000b3e8 (0x0000bfe5) c.j     pc - 8
core   0: 3 0x8000b3e8 (0xbfe5)
core   0: 0x8000b3e0 (0x00002f17) auipc   t5, 0x2
core   0: 3 0x8000b3e0 (0x00002f17) x30 0x8000d3e0
core   0: 0x8000b3e4 (0xc23f2023) sw      gp, -992(t5)
core   0: 3 0x8000b3e4 (0xc23f2023) mem 0x8000d000 0x00000001
core   0: 0x8000b3e8 (0x0000bfe5) c.j     pc - 8
core   0: 3 0x8000b3e8 (0xbfe5)
core   0: 0x8000b3e0 (0x00002f17) auipc   t5, 0x2
core   0: 3 0x8000b3e0 (0x00002f17) x30 0x8000d3e0
core   0: 0x8000b3e4 (0xc23f2023) sw      gp, -992(t5)
core   0: 3 0x8000b3e4 (0xc23f2023) mem 0x8000d000 0x00000001
core   0: 0x8000b3e8 (0x0000bfe5) c.j     pc - 8
core   0: 3 0x8000b3e8 (0xbfe5)
core   0: 0x8000b3e0 (0x00002f17) auipc   t5, 0x2
core   0: 3 0x8000b3e0 (0x00002f17) x30 0x8000d3e0
core   0: 0x8000b3e4 (0xc23f2023) sw      gp, -992(t5)
core   0: 3 0x8000b3e4 (0xc23f2023) mem 0x8000d000 0x00000001
core   0: 0x8000b3e8 (0x0000bfe5) c.j     pc - 8
core   0: 3 0x8000b3e8 (0xbfe5)
core   0: 0x8000b3e0 (0x00002f17) auipc   t5, 0x2
core   0: 3 0x8000b3e0 (0x00002f17) x30 0x8000d3e0
core   0: 0x8000b3e4 (0xc23f2023) sw      gp, -992(t5)
core   0: 3 0x8000b3e4 (0xc23f2023) mem 0x8000d000 0x00000001
core   0: 0x8000b3e8 (0x0000bfe5) c.j     pc - 8
core   0: 3 0x8000b3e8 (0xbfe5)
core   0: 0x8000b3e0 (0x00002f17) auipc   t5, 0x2
core   0: 3 0x8000b3e0 (0x00002f17) x30 0x8000d3e0
core   0: 0x8000b3e4 (0xc23f2023) sw      gp, -992(t5)
core   0: 3 0x8000b3e4 (0xc23f2023) mem 0x8000d000 0x00000001
core   0: 0x8000b3e8 (0x0000bfe5) c.j     pc - 8
core   0: 3 0x8000b3e8 (0xbfe5)
core   0: 0x8000b3e0 (0x00002f17) auipc   t5, 0x2
core   0: 3 0x8000b3e0 (0x00002f17) x30 0x8000d3e0
core   0: 0x8000b3e4 (0xc23f2023) sw      gp, -992(t5)
core   0: 3 0x8000b3e4 (0xc23f2023) mem 0x8000d000 0x00000001
core   0: 0x8000b3e8 (0x0000bfe5) c.j     pc - 8
core   0: 3 0x8000b3e8 (0xbfe5)
core   0: 0x8000b3e0 (0x00002f17) auipc   t5, 0x2
core   0: 3 0x8000b3e0 (0x00002f17) x30 0x8000d3e0
core   0: 0x8000b3e4 (0xc23f2023) sw      gp, -992(t5)
core   0: 3 0x8000b3e4 (0xc23f2023) mem 0x8000d000 0x00000001
core   0: 0x8000b3e8 (0x0000bfe5) c.j     pc - 8
core   0: 3 0x8000b3e8 (0xbfe5)
core   0: 0x8000b3e0 (0x00002f17) auipc   t5, 0x2
core   0: 3 0x8000b3e0 (0x00002f17) x30 0x8000d3e0
core   0: 0x8000b3e4 (0xc23f2023) sw      gp, -992(t5)
core   0: 3 0x8000b3e4 (0xc23f2023) mem 0x8000d000 0x00000001
core   0: 0x8000b3e8 (0x0000bfe5) c.j     pc - 8
core   0: 3 0x8000b3e8 (0xbfe5)
core   0: 0x8000b3e0 (0x00002f17) auipc   t5, 0x2
core   0: 3 0x8000b3e0 (0x00002f17) x30 0x8000d3e0
core   0: 0x8000b3e4 (0xc23f2023) sw      gp, -992(t5)
core   0: 3 0x8000b3e4 (0xc23f2023) mem 0x8000d000 0x00000001
core   0: 0x8000b3e8 (0x0000bfe5) c.j     pc - 8
core   0: 3 0x8000b3e8 (0xbfe5)
core   0: 0x8000b3e0 (0x00002f17) auipc   t5, 0x2
core   0: 3 0x8000b3e0 (0x00002f17) x30 0x8000d3e0
core   0: 0x8000b3e4 (0xc23f2023) sw      gp, -992(t5)
core   0: 3 0x8000b3e4 (0xc23f2023) mem 0x8000d000 0x00000001
core   0: 0x8000b3e8 (0x0000bfe5) c.j     pc - 8
core   0: 3 0x8000b3e8 (0xbfe5)
core   0: 0x8000b3e0 (0x00002f17) auipc   t5, 0x2
core   0: 3 0x8000b3e0 (0x00002f17) x30 0x8000d3e0
core   0: 0x8000b3e4 (0xc23f2023) sw      gp, -992(t5)
core   0: 3 0x8000b3e4 (0xc23f2023) mem 0x8000d000 0x00000001
core   0: 0x8000b3e8 (0x0000bfe5) c.j     pc - 8
core   0: 3 0x8000b3e8 (0xbfe5)
core   0: 0x8000b3e0 (0x00002f17) auipc   t5, 0x2
core   0: 3 0x8000b3e0 (0x00002f17) x30 0x8000d3e0
core   0: 0x8000b3e4 (0xc23f2023) sw      gp, -992(t5)
core   0: 3 0x8000b3e4 (0xc23f2023) mem 0x8000d000 0x00000001
core   0: 0x8000b3e8 (0x0000bfe5) c.j     pc - 8
core   0: 3 0x8000b3e8 (0xbfe5)
core   0: 0x8000b3e0 (0x00002f17) auipc   t5, 0x2
core   0: 3 0x8000b3e0 (0x00002f17) x30 0x8000d3e0
core   0: 0x8000b3e4 (0xc23f2023) sw      gp, -992(t5)
core   0: 3 0x8000b3e4 (0xc23f2023) mem 0x8000d000 0x00000001
core   0: 0x8000b3e8 (0x0000bfe5) c.j     pc - 8
core   0: 3 0x8000b3e8 (0xbfe5)
core   0: 0x8000b3e0 (0x00002f17) auipc   t5, 0x2
core   0: 3 0x8000b3e0 (0x00002f17) x30 0x8000d3e0
core   0: 0x8000b3e4 (0xc23f2023) sw      gp, -992(t5)
core   0: 3 0x8000b3e4 (0xc23f2023) mem 0x8000d000 0x00000001
core   0: 0x8000b3e8 (0x0000bfe5) c.j     pc - 8
core   0: 3 0x8000b3e8 (0xbfe5)
core   0: 0x8000b3e0 (0x00002f17) auipc   t5, 0x2
core   0: 3 0x8000b3e0 (0x00002f17) x30 0x8000d3e0
core   0: 0x8000b3e4 (0xc23f2023) sw      gp, -992(t5)
core   0: 3 0x8000b3e4 (0xc23f2023) mem 0x8000d000 0x00000001
core   0: 0x8000b3e8 (0x0000bfe5) c.j     pc - 8
core   0: 3 0x8000b3e8 (0xbfe5)
core   0: 0x8000b3e0 (0x00002f17) auipc   t5, 0x2
core   0: 3 0x8000b3e0 (0x00002f17) x30 0x8000d3e0
core   0: 0x8000b3e4 (0xc23f2023) sw      gp, -992(t5)
core   0: 3 0x8000b3e4 (0xc23f2023) mem 0x8000d000 0x00000001
core   0: 0x8000b3e8 (0x0000bfe5) c.j     pc - 8
core   0: 3 0x8000b3e8 (0xbfe5)
core   0: 0x8000b3e0 (0x00002f17) auipc   t5, 0x2
core   0: 3 0x8000b3e0 (0x00002f17) x30 0x8000d3e0
core   0: 0x8000b3e4 (0xc23f2023) sw      gp, -992(t5)
core   0: 3 0x8000b3e4 (0xc23f2023) mem 0x8000d000 0x00000001
core   0: 0x8000b3e8 (0x0000bfe5) c.j     pc - 8
core   0: 3 0x8000b3e8 (0xbfe5)
core   0: 0x8000b3e0 (0x00002f17) auipc   t5, 0x2
core   0: 3 0x8000b3e0 (0x00002f17) x30 0x8000d3e0
core   0: 0x8000b3e4 (0xc23f2023) sw      gp, -992(t5)
core   0: 3 0x8000b3e4 (0xc23f2023) mem 0x8000d000 0x00000001
core   0: 0x8000b3e8 (0x0000bfe5) c.j     pc - 8
core   0: 3 0x8000b3e8 (0xbfe5)
core   0: 0x8000b3e0 (0x00002f17) auipc   t5, 0x2
core   0: 3 0x8000b3e0 (0x00002f17) x30 0x8000d3e0
core   0: 0x8000b3e4 (0xc23f2023) sw      gp, -992(t5)
core   0: 3 0x8000b3e4 (0xc23f2023) mem 0x8000d000 0x00000001
core   0: 0x8000b3e8 (0x0000bfe5) c.j     pc - 8
core   0: 3 0x8000b3e8 (0xbfe5)
core   0: 0x8000b3e0 (0x00002f17) auipc   t5, 0x2
core   0: 3 0x8000b3e0 (0x00002f17) x30 0x8000d3e0
core   0: 0x8000b3e4 (0xc23f2023) sw      gp, -992(t5)
core   0: 3 0x8000b3e4 (0xc23f2023) mem 0x8000d000 0x00000001
core   0: 0x8000b3e8 (0x0000bfe5) c.j     pc - 8
core   0: 3 0x8000b3e8 (0xbfe5)
core   0: 0x8000b3e0 (0x00002f17) auipc   t5, 0x2
core   0: 3 0x8000b3e0 (0x00002f17) x30 0x8000d3e0
core   0: 0x8000b3e4 (0xc23f2023) sw      gp, -992(t5)
core   0: 3 0x8000b3e4 (0xc23f2023) mem 0x8000d000 0x00000001
core   0: 0x8000b3e8 (0x0000bfe5) c.j     pc - 8
core   0: 3 0x8000b3e8 (0xbfe5)
core   0: 0x8000b3e0 (0x00002f17) auipc   t5, 0x2
core   0: 3 0x8000b3e0 (0x00002f17) x30 0x8000d3e0
core   0: 0x8000b3e4 (0xc23f2023) sw      gp, -992(t5)
core   0: 3 0x8000b3e4 (0xc23f2023) mem 0x8000d000 0x00000001
core   0: 0x8000b3e8 (0x0000bfe5) c.j     pc - 8
core   0: 3 0x8000b3e8 (0xbfe5)
core   0: 0x8000b3e0 (0x00002f17) auipc   t5, 0x2
core   0: 3 0x8000b3e0 (0x00002f17) x30 0x8000d3e0
core   0: 0x8000b3e4 (0xc23f2023) sw      gp, -992(t5)
core   0: 3 0x8000b3e4 (0xc23f2023) mem 0x8000d000 0x00000001
core   0: 0x8000b3e8 (0x0000bfe5) c.j     pc - 8
core   0: 3 0x8000b3e8 (0xbfe5)
core   0: 0x8000b3e0 (0x00002f17) auipc   t5, 0x2
core   0: 3 0x8000b3e0 (0x00002f17) x30 0x8000d3e0
core   0: 0x8000b3e4 (0xc23f2023) sw      gp, -992(t5)
core   0: 3 0x8000b3e4 (0xc23f2023) mem 0x8000d000 0x00000001
core   0: 0x8000b3e8 (0x0000bfe5) c.j     pc - 8
core   0: 3 0x8000b3e8 (0xbfe5)
core   0: 0x8000b3e0 (0x00002f17) auipc   t5, 0x2
core   0: 3 0x8000b3e0 (0x00002f17) x30 0x8000d3e0
core   0: 0x8000b3e4 (0xc23f2023) sw      gp, -992(t5)
core   0: 3 0x8000b3e4 (0xc23f2023) mem 0x8000d000 0x00000001
core   0: 0x8000b3e8 (0x0000bfe5) c.j     pc - 8
core   0: 3 0x8000b3e8 (0xbfe5)
core   0: 0x8000b3e0 (0x00002f17) auipc   t5, 0x2
core   0: 3 0x8000b3e0 (0x00002f17) x30 0x8000d3e0
core   0: 0x8000b3e4 (0xc23f2023) sw      gp, -992(t5)
core   0: 3 0x8000b3e4 (0xc23f2023) mem 0x8000d000 0x00000001
core   0: 0x8000b3e8 (0x0000bfe5) c.j     pc - 8
core   0: 3 0x8000b3e8 (0xbfe5)
core   0: 0x8000b3e0 (0x00002f17) auipc   t5, 0x2
core   0: 3 0x8000b3e0 (0x00002f17) x30 0x8000d3e0
core   0: 0x8000b3e4 (0xc23f2023) sw      gp, -992(t5)
core   0: 3 0x8000b3e4 (0xc23f2023) mem 0x8000d000 0x00000001
core   0: 0x8000b3e8 (0x0000bfe5) c.j     pc - 8
core   0: 3 0x8000b3e8 (0xbfe5)
core   0: 0x8000b3e0 (0x00002f17) auipc   t5, 0x2
core   0: 3 0x8000b3e0 (0x00002f17) x30 0x8000d3e0
core   0: 0x8000b3e4 (0xc23f2023) sw      gp, -992(t5)
core   0: 3 0x8000b3e4 (0xc23f2023) mem 0x8000d000 0x00000001
core   0: 0x8000b3e8 (0x0000bfe5) c.j     pc - 8
core   0: 3 0x8000b3e8 (0xbfe5)
core   0: 0x8000b3e0 (0x00002f17) auipc   t5, 0x2
core   0: 3 0x8000b3e0 (0x00002f17) x30 0x8000d3e0
core   0: 0x8000b3e4 (0xc23f2023) sw      gp, -992(t5)
core   0: 3 0x8000b3e4 (0xc23f2023) mem 0x8000d000 0x00000001
core   0: 0x8000b3e8 (0x0000bfe5) c.j     pc - 8
core   0: 3 0x8000b3e8 (0xbfe5)
core   0: 0x8000b3e0 (0x00002f17) auipc   t5, 0x2
core   0: 3 0x8000b3e0 (0x00002f17) x30 0x8000d3e0
core   0: 0x8000b3e4 (0xc23f2023) sw      gp, -992(t5)
core   0: 3 0x8000b3e4 (0xc23f2023) mem 0x8000d000 0x00000001
core   0: 0x8000b3e8 (0x0000bfe5) c.j     pc - 8
core   0: 3 0x8000b3e8 (0xbfe5)
core   0: 0x8000b3e0 (0x00002f17) auipc   t5, 0x2
core   0: 3 0x8000b3e0 (0x00002f17) x30 0x8000d3e0
core   0: 0x8000b3e4 (0xc23f2023) sw      gp, -992(t5)
core   0: 3 0x8000b3e4 (0xc23f2023) mem 0x8000d000 0x00000001
core   0: 0x8000b3e8 (0x0000bfe5) c.j     pc - 8
core   0: 3 0x8000b3e8 (0xbfe5)
core   0: 0x8000b3e0 (0x00002f17) auipc   t5, 0x2
core   0: 3 0x8000b3e0 (0x00002f17) x30 0x8000d3e0
core   0: 0x8000b3e4 (0xc23f2023) sw      gp, -992(t5)
core   0: 3 0x8000b3e4 (0xc23f2023) mem 0x8000d000 0x00000001
core   0: 0x8000b3e8 (0x0000bfe5) c.j     pc - 8
core   0: 3 0x8000b3e8 (0xbfe5)
core   0: 0x8000b3e0 (0x00002f17) auipc   t5, 0x2
core   0: 3 0x8000b3e0 (0x00002f17) x30 0x8000d3e0
core   0: 0x8000b3e4 (0xc23f2023) sw      gp, -992(t5)
core   0: 3 0x8000b3e4 (0xc23f2023) mem 0x8000d000 0x00000001
core   0: 0x8000b3e8 (0x0000bfe5) c.j     pc - 8
core   0: 3 0x8000b3e8 (0xbfe5)
core   0: 0x8000b3e0 (0x00002f17) auipc   t5, 0x2
core   0: 3 0x8000b3e0 (0x00002f17) x30 0x8000d3e0
core   0: 0x8000b3e4 (0xc23f2023) sw      gp, -992(t5)
core   0: 3 0x8000b3e4 (0xc23f2023) mem 0x8000d000 0x00000001
core   0: 0x8000b3e8 (0x0000bfe5) c.j     pc - 8
core   0: 3 0x8000b3e8 (0xbfe5)
core   0: 0x8000b3e0 (0x00002f17) auipc   t5, 0x2
core   0: 3 0x8000b3e0 (0x00002f17) x30 0x8000d3e0
core   0: 0x8000b3e4 (0xc23f2023) sw      gp, -992(t5)
core   0: 3 0x8000b3e4 (0xc23f2023) mem 0x8000d000 0x00000001
core   0: 0x8000b3e8 (0x0000bfe5) c.j     pc - 8
core   0: 3 0x8000b3e8 (0xbfe5)
core   0: 0x8000b3e0 (0x00002f17) auipc   t5, 0x2
core   0: 3 0x8000b3e0 (0x00002f17) x30 0x8000d3e0
core   0: 0x8000b3e4 (0xc23f2023) sw      gp, -992(t5)
core   0: 3 0x8000b3e4 (0xc23f2023) mem 0x8000d000 0x00000001
core   0: 0x8000b3e8 (0x0000bfe5) c.j     pc - 8
core   0: 3 0x8000b3e8 (0xbfe5)
core   0: 0x8000b3e0 (0x00002f17) auipc   t5, 0x2
core   0: 3 0x8000b3e0 (0x00002f17) x30 0x8000d3e0
core   0: 0x8000b3e4 (0xc23f2023) sw      gp, -992(t5)
core   0: 3 0x8000b3e4 (0xc23f2023) mem 0x8000d000 0x00000001
core   0: 0x8000b3e8 (0x0000bfe5) c.j     pc - 8
core   0: 3 0x8000b3e8 (0xbfe5)
core   0: 0x8000b3e0 (0x00002f17) auipc   t5, 0x2
core   0: 3 0x8000b3e0 (0x00002f17) x30 0x8000d3e0
core   0: 0x8000b3e4 (0xc23f2023) sw      gp, -992(t5)
core   0: 3 0x8000b3e4 (0xc23f2023) mem 0x8000d000 0x00000001
core   0: 0x8000b3e8 (0x0000bfe5) c.j     pc - 8
core   0: 3 0x8000b3e8 (0xbfe5)
core   0: 0x8000b3e0 (0x00002f17) auipc   t5, 0x2
core   0: 3 0x8000b3e0 (0x00002f17) x30 0x8000d3e0
core   0: 0x8000b3e4 (0xc23f2023) sw      gp, -992(t5)
core   0: 3 0x8000b3e4 (0xc23f2023) mem 0x8000d000 0x00000001
core   0: 0x8000b3e8 (0x0000bfe5) c.j     pc - 8
core   0: 3 0x8000b3e8 (0xbfe5)
core   0: 0x8000b3e0 (0x00002f17) auipc   t5, 0x2
core   0: 3 0x8000b3e0 (0x00002f17) x30 0x8000d3e0
core   0: 0x8000b3e4 (0xc23f2023) sw      gp, -992(t5)
core   0: 3 0x8000b3e4 (0xc23f2023) mem 0x8000d000 0x00000001
core   0: 0x8000b3e8 (0x0000bfe5) c.j     pc - 8
core   0: 3 0x8000b3e8 (0xbfe5)
core   0: 0x8000b3e0 (0x00002f17) auipc   t5, 0x2
core   0: 3 0x8000b3e0 (0x00002f17) x30 0x8000d3e0
core   0: 0x8000b3e4 (0xc23f2023) sw      gp, -992(t5)
core   0: 3 0x8000b3e4 (0xc23f2023) mem 0x8000d000 0x00000001
core   0: 0x8000b3e8 (0x0000bfe5) c.j     pc - 8
core   0: 3 0x8000b3e8 (0xbfe5)
core   0: 0x8000b3e0 (0x00002f17) auipc   t5, 0x2
core   0: 3 0x8000b3e0 (0x00002f17) x30 0x8000d3e0
core   0: 0x8000b3e4 (0xc23f2023) sw      gp, -992(t5)
core   0: 3 0x8000b3e4 (0xc23f2023) mem 0x8000d000 0x00000001
core   0: 0x8000b3e8 (0x0000bfe5) c.j     pc - 8
core   0: 3 0x8000b3e8 (0xbfe5)
core   0: 0x8000b3e0 (0x00002f17) auipc   t5, 0x2
core   0: 3 0x8000b3e0 (0x00002f17) x30 0x8000d3e0
core   0: 0x8000b3e4 (0xc23f2023) sw      gp, -992(t5)
core   0: 3 0x8000b3e4 (0xc23f2023) mem 0x8000d000 0x00000001
core   0: 0x8000b3e8 (0x0000bfe5) c.j     pc - 8
core   0: 3 0x8000b3e8 (0xbfe5)
core   0: 0x8000b3e0 (0x00002f17) auipc   t5, 0x2
core   0: 3 0x8000b3e0 (0x00002f17) x30 0x8000d3e0
core   0: 0x8000b3e4 (0xc23f2023) sw      gp, -992(t5)
core   0: 3 0x8000b3e4 (0xc23f2023) mem 0x8000d000 0x00000001
core   0: 0x8000b3e8 (0x0000bfe5) c.j     pc - 8
core   0: 3 0x8000b3e8 (0xbfe5)
core   0: 0x8000b3e0 (0x00002f17) auipc   t5, 0x2
core   0: 3 0x8000b3e0 (0x00002f17) x30 0x8000d3e0
core   0: 0x8000b3e4 (0xc23f2023) sw      gp, -992(t5)
core   0: 3 0x8000b3e4 (0xc23f2023) mem 0x8000d000 0x00000001
core   0: 0x8000b3e8 (0x0000bfe5) c.j     pc - 8
core   0: 3 0x8000b3e8 (0xbfe5)
core   0: 0x8000b3e0 (0x00002f17) auipc   t5, 0x2
core   0: 3 0x8000b3e0 (0x00002f17) x30 0x8000d3e0
core   0: 0x8000b3e4 (0xc23f2023) sw      gp, -992(t5)
core   0: 3 0x8000b3e4 (0xc23f2023) mem 0x8000d000 0x00000001
core   0: 0x8000b3e8 (0x0000bfe5) c.j     pc - 8
core   0: 3 0x8000b3e8 (0xbfe5)
core   0: 0x8000b3e0 (0x00002f17) auipc   t5, 0x2
core   0: 3 0x8000b3e0 (0x00002f17) x30 0x8000d3e0
core   0: 0x8000b3e4 (0xc23f2023) sw      gp, -992(t5)
core   0: 3 0x8000b3e4 (0xc23f2023) mem 0x8000d000 0x00000001
core   0: 0x8000b3e8 (0x0000bfe5) c.j     pc - 8
core   0: 3 0x8000b3e8 (0xbfe5)
core   0: 0x8000b3e0 (0x00002f17) auipc   t5, 0x2
core   0: 3 0x8000b3e0 (0x00002f17) x30 0x8000d3e0
core   0: 0x8000b3e4 (0xc23f2023) sw      gp, -992(t5)
core   0: 3 0x8000b3e4 (0xc23f2023) mem 0x8000d000 0x00000001
core   0: 0x8000b3e8 (0x0000bfe5) c.j     pc - 8
core   0: 3 0x8000b3e8 (0xbfe5)
core   0: 0x8000b3e0 (0x00002f17) auipc   t5, 0x2
core   0: 3 0x8000b3e0 (0x00002f17) x30 0x8000d3e0
core   0: 0x8000b3e4 (0xc23f2023) sw      gp, -992(t5)
core   0: 3 0x8000b3e4 (0xc23f2023) mem 0x8000d000 0x00000001
core   0: 0x8000b3e8 (0x0000bfe5) c.j     pc - 8
core   0: 3 0x8000b3e8 (0xbfe5)
core   0: 0x8000b3e0 (0x00002f17) auipc   t5, 0x2
core   0: 3 0x8000b3e0 (0x00002f17) x30 0x8000d3e0
core   0: 0x8000b3e4 (0xc23f2023) sw      gp, -992(t5)
core   0: 3 0x8000b3e4 (0xc23f2023) mem 0x8000d000 0x00000001
core   0: 0x8000b3e8 (0x0000bfe5) c.j     pc - 8
core   0: 3 0x8000b3e8 (0xbfe5)
core   0: 0x8000b3e0 (0x00002f17) auipc   t5, 0x2
core   0: 3 0x8000b3e0 (0x00002f17) x30 0x8000d3e0
core   0: 0x8000b3e4 (0xc23f2023) sw      gp, -992(t5)
core   0: 3 0x8000b3e4 (0xc23f2023) mem 0x8000d000 0x00000001
core   0: 0x8000b3e8 (0x0000bfe5) c.j     pc - 8
core   0: 3 0x8000b3e8 (0xbfe5)
core   0: 0x8000b3e0 (0x00002f17) auipc   t5, 0x2
core   0: 3 0x8000b3e0 (0x00002f17) x30 0x8000d3e0
core   0: 0x8000b3e4 (0xc23f2023) sw      gp, -992(t5)
core   0: 3 0x8000b3e4 (0xc23f2023) mem 0x8000d000 0x00000001
core   0: 0x8000b3e8 (0x0000bfe5) c.j     pc - 8
core   0: 3 0x8000b3e8 (0xbfe5)
core   0: 0x8000b3e0 (0x00002f17) auipc   t5, 0x2
core   0: 3 0x8000b3e0 (0x00002f17) x30 0x8000d3e0
core   0: 0x8000b3e4 (0xc23f2023) sw      gp, -992(t5)
core   0: 3 0x8000b3e4 (0xc23f2023) mem 0x8000d000 0x00000001
core   0: 0x8000b3e8 (0x0000bfe5) c.j     pc - 8
core   0: 3 0x8000b3e8 (0xbfe5)
core   0: 0x8000b3e0 (0x00002f17) auipc   t5, 0x2
core   0: 3 0x8000b3e0 (0x00002f17) x30 0x8000d3e0
core   0: 0x8000b3e4 (0xc23f2023) sw      gp, -992(t5)
core   0: 3 0x8000b3e4 (0xc23f2023) mem 0x8000d000 0x00000001
core   0: 0x8000b3e8 (0x0000bfe5) c.j     pc - 8
core   0: 3 0x8000b3e8 (0xbfe5)
core   0: 0x8000b3e0 (0x00002f17) auipc   t5, 0x2
core   0: 3 0x8000b3e0 (0x00002f17) x30 0x8000d3e0
core   0: 0x8000b3e4 (0xc23f2023) sw      gp, -992(t5)
core   0: 3 0x8000b3e4 (0xc23f2023) mem 0x8000d000 0x00000001
core   0: 0x8000b3e8 (0x0000bfe5) c.j     pc - 8
core   0: 3 0x8000b3e8 (0xbfe5)
core   0: 0x8000b3e0 (0x00002f17) auipc   t5, 0x2
core   0: 3 0x8000b3e0 (0x00002f17) x30 0x8000d3e0
core   0: 0x8000b3e4 (0xc23f2023) sw      gp, -992(t5)
core   0: 3 0x8000b3e4 (0xc23f2023) mem 0x8000d000 0x00000001
core   0: 0x8000b3e8 (0x0000bfe5) c.j     pc - 8
core   0: 3 0x8000b3e8 (0xbfe5)
core   0: 0x8000b3e0 (0x00002f17) auipc   t5, 0x2
core   0: 3 0x8000b3e0 (0x00002f17) x30 0x8000d3e0
core   0: 0x8000b3e4 (0xc23f2023) sw      gp, -992(t5)
core   0: 3 0x8000b3e4 (0xc23f2023) mem 0x8000d000 0x00000001
core   0: 0x8000b3e8 (0x0000bfe5) c.j     pc - 8
core   0: 3 0x8000b3e8 (0xbfe5)
core   0: 0x8000b3e0 (0x00002f17) auipc   t5, 0x2
core   0: 3 0x8000b3e0 (0x00002f17) x30 0x8000d3e0
core   0: 0x8000b3e4 (0xc23f2023) sw      gp, -992(t5)
core   0: 3 0x8000b3e4 (0xc23f2023) mem 0x8000d000 0x00000001
core   0: 0x8000b3e8 (0x0000bfe5) c.j     pc - 8
core   0: 3 0x8000b3e8 (0xbfe5)
core   0: 0x8000b3e0 (0x00002f17) auipc   t5, 0x2
core   0: 3 0x8000b3e0 (0x00002f17) x30 0x8000d3e0
core   0: 0x8000b3e4 (0xc23f2023) sw      gp, -992(t5)
core   0: 3 0x8000b3e4 (0xc23f2023) mem 0x8000d000 0x00000001
core   0: 0x8000b3e8 (0x0000bfe5) c.j     pc - 8
core   0: 3 0x8000b3e8 (0xbfe5)
core   0: 0x8000b3e0 (0x00002f17) auipc   t5, 0x2
core   0: 3 0x8000b3e0 (0x00002f17) x30 0x8000d3e0
core   0: 0x8000b3e4 (0xc23f2023) sw      gp, -992(t5)
core   0: 3 0x8000b3e4 (0xc23f2023) mem 0x8000d000 0x00000001
core   0: 0x8000b3e8 (0x0000bfe5) c.j     pc - 8
core   0: 3 0x8000b3e8 (0xbfe5)
core   0: 0x8000b3e0 (0x00002f17) auipc   t5, 0x2
core   0: 3 0x8000b3e0 (0x00002f17) x30 0x8000d3e0
core   0: 0x8000b3e4 (0xc23f2023) sw      gp, -992(t5)
core   0: 3 0x8000b3e4 (0xc23f2023) mem 0x8000d000 0x00000001
core   0: 0x8000b3e8 (0x0000bfe5) c.j     pc - 8
core   0: 3 0x8000b3e8 (0xbfe5)
core   0: 0x8000b3e0 (0x00002f17) auipc   t5, 0x2
core   0: 3 0x8000b3e0 (0x00002f17) x30 0x8000d3e0
core   0: 0x8000b3e4 (0xc23f2023) sw      gp, -992(t5)
core   0: 3 0x8000b3e4 (0xc23f2023) mem 0x8000d000 0x00000001
core   0: 0x8000b3e8 (0x0000bfe5) c.j     pc - 8
core   0: 3 0x8000b3e8 (0xbfe5)
core   0: 0x8000b3e0 (0x00002f17) auipc   t5, 0x2
core   0: 3 0x8000b3e0 (0x00002f17) x30 0x8000d3e0
core   0: 0x8000b3e4 (0xc23f2023) sw      gp, -992(t5)
core   0: 3 0x8000b3e4 (0xc23f2023) mem 0x8000d000 0x00000001
core   0: 0x8000b3e8 (0x0000bfe5) c.j     pc - 8
core   0: 3 0x8000b3e8 (0xbfe5)
core   0: 0x8000b3e0 (0x00002f17) auipc   t5, 0x2
core   0: 3 0x8000b3e0 (0x00002f17) x30 0x8000d3e0
core   0: 0x8000b3e4 (0xc23f2023) sw      gp, -992(t5)
core   0: 3 0x8000b3e4 (0xc23f2023) mem 0x8000d000 0x00000001
core   0: 0x8000b3e8 (0x0000bfe5) c.j     pc - 8
core   0: 3 0x8000b3e8 (0xbfe5)
core   0: 0x8000b3e0 (0x00002f17) auipc   t5, 0x2
core   0: 3 0x8000b3e0 (0x00002f17) x30 0x8000d3e0
core   0: 0x8000b3e4 (0xc23f2023) sw      gp, -992(t5)
core   0: 3 0x8000b3e4 (0xc23f2023) mem 0x8000d000 0x00000001
core   0: 0x8000b3e8 (0x0000bfe5) c.j     pc - 8
core   0: 3 0x8000b3e8 (0xbfe5)
core   0: 0x8000b3e0 (0x00002f17) auipc   t5, 0x2
core   0: 3 0x8000b3e0 (0x00002f17) x30 0x8000d3e0
core   0: 0x8000b3e4 (0xc23f2023) sw      gp, -992(t5)
core   0: 3 0x8000b3e4 (0xc23f2023) mem 0x8000d000 0x00000001
core   0: 0x8000b3e8 (0x0000bfe5) c.j     pc - 8
core   0: 3 0x8000b3e8 (0xbfe5)
core   0: 0x8000b3e0 (0x00002f17) auipc   t5, 0x2
core   0: 3 0x8000b3e0 (0x00002f17) x30 0x8000d3e0
core   0: 0x8000b3e4 (0xc23f2023) sw      gp, -992(t5)
core   0: 3 0x8000b3e4 (0xc23f2023) mem 0x8000d000 0x00000001
core   0: 0x8000b3e8 (0x0000bfe5) c.j     pc - 8
core   0: 3 0x8000b3e8 (0xbfe5)
core   0: 0x8000b3e0 (0x00002f17) auipc   t5, 0x2
core   0: 3 0x8000b3e0 (0x00002f17) x30 0x8000d3e0
core   0: 0x8000b3e4 (0xc23f2023) sw      gp, -992(t5)
core   0: 3 0x8000b3e4 (0xc23f2023) mem 0x8000d000 0x00000001
core   0: 0x8000b3e8 (0x0000bfe5) c.j     pc - 8
core   0: 3 0x8000b3e8 (0xbfe5)
core   0: 0x8000b3e0 (0x00002f17) auipc   t5, 0x2
core   0: 3 0x8000b3e0 (0x00002f17) x30 0x8000d3e0
core   0: 0x8000b3e4 (0xc23f2023) sw      gp, -992(t5)
core   0: 3 0x8000b3e4 (0xc23f2023) mem 0x8000d000 0x00000001
core   0: 0x8000b3e8 (0x0000bfe5) c.j     pc - 8
core   0: 3 0x8000b3e8 (0xbfe5)
core   0: 0x8000b3e0 (0x00002f17) auipc   t5, 0x2
core   0: 3 0x8000b3e0 (0x00002f17) x30 0x8000d3e0
core   0: 0x8000b3e4 (0xc23f2023) sw      gp, -992(t5)
core   0: 3 0x8000b3e4 (0xc23f2023) mem 0x8000d000 0x00000001
core   0: 0x8000b3e8 (0x0000bfe5) c.j     pc - 8
core   0: 3 0x8000b3e8 (0xbfe5)
core   0: 0x8000b3e0 (0x00002f17) auipc   t5, 0x2
core   0: 3 0x8000b3e0 (0x00002f17) x30 0x8000d3e0
core   0: 0x8000b3e4 (0xc23f2023) sw      gp, -992(t5)
core   0: 3 0x8000b3e4 (0xc23f2023) mem 0x8000d000 0x00000001
core   0: 0x8000b3e8 (0x0000bfe5) c.j     pc - 8
core   0: 3 0x8000b3e8 (0xbfe5)
core   0: 0x8000b3e0 (0x00002f17) auipc   t5, 0x2
core   0: 3 0x8000b3e0 (0x00002f17) x30 0x8000d3e0
core   0: 0x8000b3e4 (0xc23f2023) sw      gp, -992(t5)
core   0: 3 0x8000b3e4 (0xc23f2023) mem 0x8000d000 0x00000001
core   0: 0x8000b3e8 (0x0000bfe5) c.j     pc - 8
core   0: 3 0x8000b3e8 (0xbfe5)
core   0: 0x8000b3e0 (0x00002f17) auipc   t5, 0x2
core   0: 3 0x8000b3e0 (0x00002f17) x30 0x8000d3e0
core   0: 0x8000b3e4 (0xc23f2023) sw      gp, -992(t5)
core   0: 3 0x8000b3e4 (0xc23f2023) mem 0x8000d000 0x00000001
core   0: 0x8000b3e8 (0x0000bfe5) c.j     pc - 8
core   0: 3 0x8000b3e8 (0xbfe5)
core   0: 0x8000b3e0 (0x00002f17) auipc   t5, 0x2
core   0: 3 0x8000b3e0 (0x00002f17) x30 0x8000d3e0
core   0: 0x8000b3e4 (0xc23f2023) sw      gp, -992(t5)
core   0: 3 0x8000b3e4 (0xc23f2023) mem 0x8000d000 0x00000001
core   0: 0x8000b3e8 (0x0000bfe5) c.j     pc - 8
core   0: 3 0x8000b3e8 (0xbfe5)
core   0: 0x8000b3e0 (0x00002f17) auipc   t5, 0x2
core   0: 3 0x8000b3e0 (0x00002f17) x30 0x8000d3e0
core   0: 0x8000b3e4 (0xc23f2023) sw      gp, -992(t5)
core   0: 3 0x8000b3e4 (0xc23f2023) mem 0x8000d000 0x00000001
core   0: 0x8000b3e8 (0x0000bfe5) c.j     pc - 8
core   0: 3 0x8000b3e8 (0xbfe5)
core   0: 0x8000b3e0 (0x00002f17) auipc   t5, 0x2
core   0: 3 0x8000b3e0 (0x00002f17) x30 0x8000d3e0
core   0: 0x8000b3e4 (0xc23f2023) sw      gp, -992(t5)
core   0: 3 0x8000b3e4 (0xc23f2023) mem 0x8000d000 0x00000001
core   0: 0x8000b3e8 (0x0000bfe5) c.j     pc - 8
core   0: 3 0x8000b3e8 (0xbfe5)
core   0: 0x8000b3e0 (0x00002f17) auipc   t5, 0x2
core   0: 3 0x8000b3e0 (0x00002f17) x30 0x8000d3e0
core   0: 0x8000b3e4 (0xc23f2023) sw      gp, -992(t5)
core   0: 3 0x8000b3e4 (0xc23f2023) mem 0x8000d000 0x00000001
core   0: 0x8000b3e8 (0x0000bfe5) c.j     pc - 8
core   0: 3 0x8000b3e8 (0xbfe5)
core   0: 0x8000b3e0 (0x00002f17) auipc   t5, 0x2
core   0: 3 0x8000b3e0 (0x00002f17) x30 0x8000d3e0
core   0: 0x8000b3e4 (0xc23f2023) sw      gp, -992(t5)
core   0: 3 0x8000b3e4 (0xc23f2023) mem 0x8000d000 0x00000001
core   0: 0x8000b3e8 (0x0000bfe5) c.j     pc - 8
core   0: 3 0x8000b3e8 (0xbfe5)
core   0: 0x8000b3e0 (0x00002f17) auipc   t5, 0x2
core   0: 3 0x8000b3e0 (0x00002f17) x30 0x8000d3e0
core   0: 0x8000b3e4 (0xc23f2023) sw      gp, -992(t5)
core   0: 3 0x8000b3e4 (0xc23f2023) mem 0x8000d000 0x00000001
core   0: 0x8000b3e8 (0x0000bfe5) c.j     pc - 8
core   0: 3 0x8000b3e8 (0xbfe5)
core   0: 0x8000b3e0 (0x00002f17) auipc   t5, 0x2
core   0: 3 0x8000b3e0 (0x00002f17) x30 0x8000d3e0
core   0: 0x8000b3e4 (0xc23f2023) sw      gp, -992(t5)
core   0: 3 0x8000b3e4 (0xc23f2023) mem 0x8000d000 0x00000001
core   0: 0x8000b3e8 (0x0000bfe5) c.j     pc - 8
core   0: 3 0x8000b3e8 (0xbfe5)
core   0: 0x8000b3e0 (0x00002f17) auipc   t5, 0x2
core   0: 3 0x8000b3e0 (0x00002f17) x30 0x8000d3e0
core   0: 0x8000b3e4 (0xc23f2023) sw      gp, -992(t5)
core   0: 3 0x8000b3e4 (0xc23f2023) mem 0x8000d000 0x00000001
core   0: 0x8000b3e8 (0x0000bfe5) c.j     pc - 8
core   0: 3 0x8000b3e8 (0xbfe5)
core   0: 0x8000b3e0 (0x00002f17) auipc   t5, 0x2
core   0: 3 0x8000b3e0 (0x00002f17) x30 0x8000d3e0
core   0: 0x8000b3e4 (0xc23f2023) sw      gp, -992(t5)
core   0: 3 0x8000b3e4 (0xc23f2023) mem 0x8000d000 0x00000001
core   0: 0x8000b3e8 (0x0000bfe5) c.j     pc - 8
core   0: 3 0x8000b3e8 (0xbfe5)
core   0: 0x8000b3e0 (0x00002f17) auipc   t5, 0x2
core   0: 3 0x8000b3e0 (0x00002f17) x30 0x8000d3e0
core   0: 0x8000b3e4 (0xc23f2023) sw      gp, -992(t5)
core   0: 3 0x8000b3e4 (0xc23f2023) mem 0x8000d000 0x00000001
core   0: 0x8000b3e8 (0x0000bfe5) c.j     pc - 8
core   0: 3 0x8000b3e8 (0xbfe5)
core   0: 0x8000b3e0 (0x00002f17) auipc   t5, 0x2
core   0: 3 0x8000b3e0 (0x00002f17) x30 0x8000d3e0
core   0: 0x8000b3e4 (0xc23f2023) sw      gp, -992(t5)
core   0: 3 0x8000b3e4 (0xc23f2023) mem 0x8000d000 0x00000001
core   0: 0x8000b3e8 (0x0000bfe5) c.j     pc - 8
core   0: 3 0x8000b3e8 (0xbfe5)
core   0: 0x8000b3e0 (0x00002f17) auipc   t5, 0x2
core   0: 3 0x8000b3e0 (0x00002f17) x30 0x8000d3e0
core   0: 0x8000b3e4 (0xc23f2023) sw      gp, -992(t5)
core   0: 3 0x8000b3e4 (0xc23f2023) mem 0x8000d000 0x00000001
core   0: 0x8000b3e8 (0x0000bfe5) c.j     pc - 8
core   0: 3 0x8000b3e8 (0xbfe5)
core   0: 0x8000b3e0 (0x00002f17) auipc   t5, 0x2
core   0: 3 0x8000b3e0 (0x00002f17) x30 0x8000d3e0
core   0: 0x8000b3e4 (0xc23f2023) sw      gp, -992(t5)
core   0: 3 0x8000b3e4 (0xc23f2023) mem 0x8000d000 0x00000001
core   0: 0x8000b3e8 (0x0000bfe5) c.j     pc - 8
core   0: 3 0x8000b3e8 (0xbfe5)
core   0: 0x8000b3e0 (0x00002f17) auipc   t5, 0x2
core   0: 3 0x8000b3e0 (0x00002f17) x30 0x8000d3e0
core   0: 0x8000b3e4 (0xc23f2023) sw      gp, -992(t5)
core   0: 3 0x8000b3e4 (0xc23f2023) mem 0x8000d000 0x00000001
core   0: 0x8000b3e8 (0x0000bfe5) c.j     pc - 8
core   0: 3 0x8000b3e8 (0xbfe5)
core   0: 0x8000b3e0 (0x00002f17) auipc   t5, 0x2
core   0: 3 0x8000b3e0 (0x00002f17) x30 0x8000d3e0
core   0: 0x8000b3e4 (0xc23f2023) sw      gp, -992(t5)
core   0: 3 0x8000b3e4 (0xc23f2023) mem 0x8000d000 0x00000001
core   0: 0x8000b3e8 (0x0000bfe5) c.j     pc - 8
core   0: 3 0x8000b3e8 (0xbfe5)
core   0: 0x8000b3e0 (0x00002f17) auipc   t5, 0x2
core   0: 3 0x8000b3e0 (0x00002f17) x30 0x8000d3e0
core   0: 0x8000b3e4 (0xc23f2023) sw      gp, -992(t5)
core   0: 3 0x8000b3e4 (0xc23f2023) mem 0x8000d000 0x00000001
core   0: 0x8000b3e8 (0x0000bfe5) c.j     pc - 8
core   0: 3 0x8000b3e8 (0xbfe5)
core   0: 0x8000b3e0 (0x00002f17) auipc   t5, 0x2
core   0: 3 0x8000b3e0 (0x00002f17) x30 0x8000d3e0
core   0: 0x8000b3e4 (0xc23f2023) sw      gp, -992(t5)
core   0: 3 0x8000b3e4 (0xc23f2023) mem 0x8000d000 0x00000001
core   0: 0x8000b3e8 (0x0000bfe5) c.j     pc - 8
core   0: 3 0x8000b3e8 (0xbfe5)
core   0: 0x8000b3e0 (0x00002f17) auipc   t5, 0x2
core   0: 3 0x8000b3e0 (0x00002f17) x30 0x8000d3e0
core   0: 0x8000b3e4 (0xc23f2023) sw      gp, -992(t5)
core   0: 3 0x8000b3e4 (0xc23f2023) mem 0x8000d000 0x00000001
core   0: 0x8000b3e8 (0x0000bfe5) c.j     pc - 8
core   0: 3 0x8000b3e8 (0xbfe5)
core   0: 0x8000b3e0 (0x00002f17) auipc   t5, 0x2
core   0: 3 0x8000b3e0 (0x00002f17) x30 0x8000d3e0
core   0: 0x8000b3e4 (0xc23f2023) sw      gp, -992(t5)
core   0: 3 0x8000b3e4 (0xc23f2023) mem 0x8000d000 0x00000001
core   0: 0x8000b3e8 (0x0000bfe5) c.j     pc - 8
core   0: 3 0x8000b3e8 (0xbfe5)
core   0: 0x8000b3e0 (0x00002f17) auipc   t5, 0x2
core   0: 3 0x8000b3e0 (0x00002f17) x30 0x8000d3e0
core   0: 0x8000b3e4 (0xc23f2023) sw      gp, -992(t5)
core   0: 3 0x8000b3e4 (0xc23f2023) mem 0x8000d000 0x00000001
core   0: 0x8000b3e8 (0x0000bfe5) c.j     pc - 8
core   0: 3 0x8000b3e8 (0xbfe5)
core   0: 0x8000b3e0 (0x00002f17) auipc   t5, 0x2
core   0: 3 0x8000b3e0 (0x00002f17) x30 0x8000d3e0
core   0: 0x8000b3e4 (0xc23f2023) sw      gp, -992(t5)
core   0: 3 0x8000b3e4 (0xc23f2023) mem 0x8000d000 0x00000001
core   0: 0x8000b3e8 (0x0000bfe5) c.j     pc - 8
core   0: 3 0x8000b3e8 (0xbfe5)
core   0: 0x8000b3e0 (0x00002f17) auipc   t5, 0x2
core   0: 3 0x8000b3e0 (0x00002f17) x30 0x8000d3e0
core   0: 0x8000b3e4 (0xc23f2023) sw      gp, -992(t5)
core   0: 3 0x8000b3e4 (0xc23f2023) mem 0x8000d000 0x00000001
core   0: 0x8000b3e8 (0x0000bfe5) c.j     pc - 8
core   0: 3 0x8000b3e8 (0xbfe5)
core   0: 0x8000b3e0 (0x00002f17) auipc   t5, 0x2
core   0: 3 0x8000b3e0 (0x00002f17) x30 0x8000d3e0
core   0: 0x8000b3e4 (0xc23f2023) sw      gp, -992(t5)
core   0: 3 0x8000b3e4 (0xc23f2023) mem 0x8000d000 0x00000001
core   0: 0x8000b3e8 (0x0000bfe5) c.j     pc - 8
core   0: 3 0x8000b3e8 (0xbfe5)
core   0: 0x8000b3e0 (0x00002f17) auipc   t5, 0x2
core   0: 3 0x8000b3e0 (0x00002f17) x30 0x8000d3e0
core   0: 0x8000b3e4 (0xc23f2023) sw      gp, -992(t5)
core   0: 3 0x8000b3e4 (0xc23f2023) mem 0x8000d000 0x00000001
core   0: 0x8000b3e8 (0x0000bfe5) c.j     pc - 8
core   0: 3 0x8000b3e8 (0xbfe5)
core   0: 0x8000b3e0 (0x00002f17) auipc   t5, 0x2
core   0: 3 0x8000b3e0 (0x00002f17) x30 0x8000d3e0
core   0: 0x8000b3e4 (0xc23f2023) sw      gp, -992(t5)
core   0: 3 0x8000b3e4 (0xc23f2023) mem 0x8000d000 0x00000001
core   0: 0x8000b3e8 (0x0000bfe5) c.j     pc - 8
core   0: 3 0x8000b3e8 (0xbfe5)
core   0: 0x8000b3e0 (0x00002f17) auipc   t5, 0x2
core   0: 3 0x8000b3e0 (0x00002f17) x30 0x8000d3e0
core   0: 0x8000b3e4 (0xc23f2023) sw      gp, -992(t5)
core   0: 3 0x8000b3e4 (0xc23f2023) mem 0x8000d000 0x00000001
core   0: 0x8000b3e8 (0x0000bfe5) c.j     pc - 8
core   0: 3 0x8000b3e8 (0xbfe5)
core   0: 0x8000b3e0 (0x00002f17) auipc   t5, 0x2
core   0: 3 0x8000b3e0 (0x00002f17) x30 0x8000d3e0
core   0: 0x8000b3e4 (0xc23f2023) sw      gp, -992(t5)
core   0: 3 0x8000b3e4 (0xc23f2023) mem 0x8000d000 0x00000001
core   0: 0x8000b3e8 (0x0000bfe5) c.j     pc - 8
core   0: 3 0x8000b3e8 (0xbfe5)
core   0: 0x8000b3e0 (0x00002f17) auipc   t5, 0x2
core   0: 3 0x8000b3e0 (0x00002f17) x30 0x8000d3e0
core   0: 0x8000b3e4 (0xc23f2023) sw      gp, -992(t5)
core   0: 3 0x8000b3e4 (0xc23f2023) mem 0x8000d000 0x00000001
core   0: 0x8000b3e8 (0x0000bfe5) c.j     pc - 8
core   0: 3 0x8000b3e8 (0xbfe5)
core   0: 0x8000b3e0 (0x00002f17) auipc   t5, 0x2
core   0: 3 0x8000b3e0 (0x00002f17) x30 0x8000d3e0
core   0: 0x8000b3e4 (0xc23f2023) sw      gp, -992(t5)
core   0: 3 0x8000b3e4 (0xc23f2023) mem 0x8000d000 0x00000001
core   0: 0x8000b3e8 (0x0000bfe5) c.j     pc - 8
core   0: 3 0x8000b3e8 (0xbfe5)
core   0: 0x8000b3e0 (0x00002f17) auipc   t5, 0x2
core   0: 3 0x8000b3e0 (0x00002f17) x30 0x8000d3e0
core   0: 0x8000b3e4 (0xc23f2023) sw      gp, -992(t5)
core   0: 3 0x8000b3e4 (0xc23f2023) mem 0x8000d000 0x00000001
core   0: 0x8000b3e8 (0x0000bfe5) c.j     pc - 8
core   0: 3 0x8000b3e8 (0xbfe5)
core   0: 0x8000b3e0 (0x00002f17) auipc   t5, 0x2
core   0: 3 0x8000b3e0 (0x00002f17) x30 0x8000d3e0
core   0: 0x8000b3e4 (0xc23f2023) sw      gp, -992(t5)
core   0: 3 0x8000b3e4 (0xc23f2023) mem 0x8000d000 0x00000001
core   0: 0x8000b3e8 (0x0000bfe5) c.j     pc - 8
core   0: 3 0x8000b3e8 (0xbfe5)
core   0: 0x8000b3e0 (0x00002f17) auipc   t5, 0x2
core   0: 3 0x8000b3e0 (0x00002f17) x30 0x8000d3e0
core   0: 0x8000b3e4 (0xc23f2023) sw      gp, -992(t5)
core   0: 3 0x8000b3e4 (0xc23f2023) mem 0x8000d000 0x00000001
core   0: 0x8000b3e8 (0x0000bfe5) c.j     pc - 8
core   0: 3 0x8000b3e8 (0xbfe5)
core   0: 0x8000b3e0 (0x00002f17) auipc   t5, 0x2
core   0: 3 0x8000b3e0 (0x00002f17) x30 0x8000d3e0
core   0: 0x8000b3e4 (0xc23f2023) sw      gp, -992(t5)
core   0: 3 0x8000b3e4 (0xc23f2023) mem 0x8000d000 0x00000001
core   0: 0x8000b3e8 (0x0000bfe5) c.j     pc - 8
core   0: 3 0x8000b3e8 (0xbfe5)
core   0: 0x8000b3e0 (0x00002f17) auipc   t5, 0x2
core   0: 3 0x8000b3e0 (0x00002f17) x30 0x8000d3e0
core   0: 0x8000b3e4 (0xc23f2023) sw      gp, -992(t5)
core   0: 3 0x8000b3e4 (0xc23f2023) mem 0x8000d000 0x00000001
core   0: 0x8000b3e8 (0x0000bfe5) c.j     pc - 8
core   0: 3 0x8000b3e8 (0xbfe5)
core   0: 0x8000b3e0 (0x00002f17) auipc   t5, 0x2
core   0: 3 0x8000b3e0 (0x00002f17) x30 0x8000d3e0
core   0: 0x8000b3e4 (0xc23f2023) sw      gp, -992(t5)
core   0: 3 0x8000b3e4 (0xc23f2023) mem 0x8000d000 0x00000001
core   0: 0x8000b3e8 (0x0000bfe5) c.j     pc - 8
core   0: 3 0x8000b3e8 (0xbfe5)
core   0: 0x8000b3e0 (0x00002f17) auipc   t5, 0x2
core   0: 3 0x8000b3e0 (0x00002f17) x30 0x8000d3e0
core   0: 0x8000b3e4 (0xc23f2023) sw      gp, -992(t5)
core   0: 3 0x8000b3e4 (0xc23f2023) mem 0x8000d000 0x00000001
core   0: 0x8000b3e8 (0x0000bfe5) c.j     pc - 8
core   0: 3 0x8000b3e8 (0xbfe5)
core   0: 0x8000b3e0 (0x00002f17) auipc   t5, 0x2
core   0: 3 0x8000b3e0 (0x00002f17) x30 0x8000d3e0
core   0: 0x8000b3e4 (0xc23f2023) sw      gp, -992(t5)
core   0: 3 0x8000b3e4 (0xc23f2023) mem 0x8000d000 0x00000001
core   0: 0x8000b3e8 (0x0000bfe5) c.j     pc - 8
core   0: 3 0x8000b3e8 (0xbfe5)
core   0: 0x8000b3e0 (0x00002f17) auipc   t5, 0x2
core   0: 3 0x8000b3e0 (0x00002f17) x30 0x8000d3e0
core   0: 0x8000b3e4 (0xc23f2023) sw      gp, -992(t5)
core   0: 3 0x8000b3e4 (0xc23f2023) mem 0x8000d000 0x00000001
core   0: 0x8000b3e8 (0x0000bfe5) c.j     pc - 8
core   0: 3 0x8000b3e8 (0xbfe5)
core   0: 0x8000b3e0 (0x00002f17) auipc   t5, 0x2
core   0: 3 0x8000b3e0 (0x00002f17) x30 0x8000d3e0
core   0: 0x8000b3e4 (0xc23f2023) sw      gp, -992(t5)
core   0: 3 0x8000b3e4 (0xc23f2023) mem 0x8000d000 0x00000001
core   0: 0x8000b3e8 (0x0000bfe5) c.j     pc - 8
core   0: 3 0x8000b3e8 (0xbfe5)
core   0: 0x8000b3e0 (0x00002f17) auipc   t5, 0x2
core   0: 3 0x8000b3e0 (0x00002f17) x30 0x8000d3e0
core   0: 0x8000b3e4 (0xc23f2023) sw      gp, -992(t5)
core   0: 3 0x8000b3e4 (0xc23f2023) mem 0x8000d000 0x00000001
core   0: 0x8000b3e8 (0x0000bfe5) c.j     pc - 8
core   0: 3 0x8000b3e8 (0xbfe5)
core   0: 0x8000b3e0 (0x00002f17) auipc   t5, 0x2
core   0: 3 0x8000b3e0 (0x00002f17) x30 0x8000d3e0
core   0: 0x8000b3e4 (0xc23f2023) sw      gp, -992(t5)
core   0: 3 0x8000b3e4 (0xc23f2023) mem 0x8000d000 0x00000001
core   0: 0x8000b3e8 (0x0000bfe5) c.j     pc - 8
core   0: 3 0x8000b3e8 (0xbfe5)
core   0: 0x8000b3e0 (0x00002f17) auipc   t5, 0x2
core   0: 3 0x8000b3e0 (0x00002f17) x30 0x8000d3e0
core   0: 0x8000b3e4 (0xc23f2023) sw      gp, -992(t5)
core   0: 3 0x8000b3e4 (0xc23f2023) mem 0x8000d000 0x00000001
core   0: 0x8000b3e8 (0x0000bfe5) c.j     pc - 8
core   0: 3 0x8000b3e8 (0xbfe5)
core   0: 0x8000b3e0 (0x00002f17) auipc   t5, 0x2
core   0: 3 0x8000b3e0 (0x00002f17) x30 0x8000d3e0
core   0: 0x8000b3e4 (0xc23f2023) sw      gp, -992(t5)
core   0: 3 0x8000b3e4 (0xc23f2023) mem 0x8000d000 0x00000001
core   0: 0x8000b3e8 (0x0000bfe5) c.j     pc - 8
core   0: 3 0x8000b3e8 (0xbfe5)
core   0: 0x8000b3e0 (0x00002f17) auipc   t5, 0x2
core   0: 3 0x8000b3e0 (0x00002f17) x30 0x8000d3e0
core   0: 0x8000b3e4 (0xc23f2023) sw      gp, -992(t5)
core   0: 3 0x8000b3e4 (0xc23f2023) mem 0x8000d000 0x00000001
core   0: 0x8000b3e8 (0x0000bfe5) c.j     pc - 8
core   0: 3 0x8000b3e8 (0xbfe5)
core   0: 0x8000b3e0 (0x00002f17) auipc   t5, 0x2
core   0: 3 0x8000b3e0 (0x00002f17) x30 0x8000d3e0
core   0: 0x8000b3e4 (0xc23f2023) sw      gp, -992(t5)
core   0: 3 0x8000b3e4 (0xc23f2023) mem 0x8000d000 0x00000001
core   0: 0x8000b3e8 (0x0000bfe5) c.j     pc - 8
core   0: 3 0x8000b3e8 (0xbfe5)
core   0: 0x8000b3e0 (0x00002f17) auipc   t5, 0x2
core   0: 3 0x8000b3e0 (0x00002f17) x30 0x8000d3e0
core   0: 0x8000b3e4 (0xc23f2023) sw      gp, -992(t5)
core   0: 3 0x8000b3e4 (0xc23f2023) mem 0x8000d000 0x00000001
core   0: 0x8000b3e8 (0x0000bfe5) c.j     pc - 8
core   0: 3 0x8000b3e8 (0xbfe5)
core   0: 0x8000b3e0 (0x00002f17) auipc   t5, 0x2
core   0: 3 0x8000b3e0 (0x00002f17) x30 0x8000d3e0
core   0: 0x8000b3e4 (0xc23f2023) sw      gp, -992(t5)
core   0: 3 0x8000b3e4 (0xc23f2023) mem 0x8000d000 0x00000001
core   0: 0x8000b3e8 (0x0000bfe5) c.j     pc - 8
core   0: 3 0x8000b3e8 (0xbfe5)
core   0: 0x8000b3e0 (0x00002f17) auipc   t5, 0x2
core   0: 3 0x8000b3e0 (0x00002f17) x30 0x8000d3e0
core   0: 0x8000b3e4 (0xc23f2023) sw      gp, -992(t5)
core   0: 3 0x8000b3e4 (0xc23f2023) mem 0x8000d000 0x00000001
core   0: 0x8000b3e8 (0x0000bfe5) c.j     pc - 8
core   0: 3 0x8000b3e8 (0xbfe5)
core   0: 0x8000b3e0 (0x00002f17) auipc   t5, 0x2
core   0: 3 0x8000b3e0 (0x00002f17) x30 0x8000d3e0
core   0: 0x8000b3e4 (0xc23f2023) sw      gp, -992(t5)
core   0: 3 0x8000b3e4 (0xc23f2023) mem 0x8000d000 0x00000001
core   0: 0x8000b3e8 (0x0000bfe5) c.j     pc - 8
core   0: 3 0x8000b3e8 (0xbfe5)
core   0: 0x8000b3e0 (0x00002f17) auipc   t5, 0x2
core   0: 3 0x8000b3e0 (0x00002f17) x30 0x8000d3e0
core   0: 0x8000b3e4 (0xc23f2023) sw      gp, -992(t5)
core   0: 3 0x8000b3e4 (0xc23f2023) mem 0x8000d000 0x00000001
core   0: 0x8000b3e8 (0x0000bfe5) c.j     pc - 8
core   0: 3 0x8000b3e8 (0xbfe5)
core   0: 0x8000b3e0 (0x00002f17) auipc   t5, 0x2
core   0: 3 0x8000b3e0 (0x00002f17) x30 0x8000d3e0
core   0: 0x8000b3e4 (0xc23f2023) sw      gp, -992(t5)
core   0: 3 0x8000b3e4 (0xc23f2023) mem 0x8000d000 0x00000001
core   0: 0x8000b3e8 (0x0000bfe5) c.j     pc - 8
core   0: 3 0x8000b3e8 (0xbfe5)
core   0: 0x8000b3e0 (0x00002f17) auipc   t5, 0x2
core   0: 3 0x8000b3e0 (0x00002f17) x30 0x8000d3e0
core   0: 0x8000b3e4 (0xc23f2023) sw      gp, -992(t5)
core   0: 3 0x8000b3e4 (0xc23f2023) mem 0x8000d000 0x00000001
core   0: 0x8000b3e8 (0x0000bfe5) c.j     pc - 8
core   0: 3 0x8000b3e8 (0xbfe5)
core   0: 0x8000b3e0 (0x00002f17) auipc   t5, 0x2
core   0: 3 0x8000b3e0 (0x00002f17) x30 0x8000d3e0
core   0: 0x8000b3e4 (0xc23f2023) sw      gp, -992(t5)
core   0: 3 0x8000b3e4 (0xc23f2023) mem 0x8000d000 0x00000001
core   0: 0x8000b3e8 (0x0000bfe5) c.j     pc - 8
core   0: 3 0x8000b3e8 (0xbfe5)
core   0: 0x8000b3e0 (0x00002f17) auipc   t5, 0x2
core   0: 3 0x8000b3e0 (0x00002f17) x30 0x8000d3e0
core   0: 0x8000b3e4 (0xc23f2023) sw      gp, -992(t5)
core   0: 3 0x8000b3e4 (0xc23f2023) mem 0x8000d000 0x00000001
core   0: 0x8000b3e8 (0x0000bfe5) c.j     pc - 8
core   0: 3 0x8000b3e8 (0xbfe5)
core   0: 0x8000b3e0 (0x00002f17) auipc   t5, 0x2
core   0: 3 0x8000b3e0 (0x00002f17) x30 0x8000d3e0
core   0: 0x8000b3e4 (0xc23f2023) sw      gp, -992(t5)
core   0: 3 0x8000b3e4 (0xc23f2023) mem 0x8000d000 0x00000001
core   0: 0x8000b3e8 (0x0000bfe5) c.j     pc - 8
core   0: 3 0x8000b3e8 (0xbfe5)
core   0: 0x8000b3e0 (0x00002f17) auipc   t5, 0x2
core   0: 3 0x8000b3e0 (0x00002f17) x30 0x8000d3e0
core   0: 0x8000b3e4 (0xc23f2023) sw      gp, -992(t5)
core   0: 3 0x8000b3e4 (0xc23f2023) mem 0x8000d000 0x00000001
core   0: 0x8000b3e8 (0x0000bfe5) c.j     pc - 8
core   0: 3 0x8000b3e8 (0xbfe5)
core   0: 0x8000b3e0 (0x00002f17) auipc   t5, 0x2
core   0: 3 0x8000b3e0 (0x00002f17) x30 0x8000d3e0
core   0: 0x8000b3e4 (0xc23f2023) sw      gp, -992(t5)
core   0: 3 0x8000b3e4 (0xc23f2023) mem 0x8000d000 0x00000001
core   0: 0x8000b3e8 (0x0000bfe5) c.j     pc - 8
core   0: 3 0x8000b3e8 (0xbfe5)
core   0: 0x8000b3e0 (0x00002f17) auipc   t5, 0x2
core   0: 3 0x8000b3e0 (0x00002f17) x30 0x8000d3e0
core   0: 0x8000b3e4 (0xc23f2023) sw      gp, -992(t5)
core   0: 3 0x8000b3e4 (0xc23f2023) mem 0x8000d000 0x00000001
core   0: 0x8000b3e8 (0x0000bfe5) c.j     pc - 8
core   0: 3 0x8000b3e8 (0xbfe5)
core   0: 0x8000b3e0 (0x00002f17) auipc   t5, 0x2
core   0: 3 0x8000b3e0 (0x00002f17) x30 0x8000d3e0
core   0: 0x8000b3e4 (0xc23f2023) sw      gp, -992(t5)
core   0: 3 0x8000b3e4 (0xc23f2023) mem 0x8000d000 0x00000001
core   0: 0x8000b3e8 (0x0000bfe5) c.j     pc - 8
core   0: 3 0x8000b3e8 (0xbfe5)
core   0: 0x8000b3e0 (0x00002f17) auipc   t5, 0x2
core   0: 3 0x8000b3e0 (0x00002f17) x30 0x8000d3e0
core   0: 0x8000b3e4 (0xc23f2023) sw      gp, -992(t5)
core   0: 3 0x8000b3e4 (0xc23f2023) mem 0x8000d000 0x00000001
core   0: 0x8000b3e8 (0x0000bfe5) c.j     pc - 8
core   0: 3 0x8000b3e8 (0xbfe5)
core   0: 0x8000b3e0 (0x00002f17) auipc   t5, 0x2
core   0: 3 0x8000b3e0 (0x00002f17) x30 0x8000d3e0
core   0: 0x8000b3e4 (0xc23f2023) sw      gp, -992(t5)
core   0: 3 0x8000b3e4 (0xc23f2023) mem 0x8000d000 0x00000001
core   0: 0x8000b3e8 (0x0000bfe5) c.j     pc - 8
core   0: 3 0x8000b3e8 (0xbfe5)
core   0: 0x8000b3e0 (0x00002f17) auipc   t5, 0x2
core   0: 3 0x8000b3e0 (0x00002f17) x30 0x8000d3e0
core   0: 0x8000b3e4 (0xc23f2023) sw      gp, -992(t5)
core   0: 3 0x8000b3e4 (0xc23f2023) mem 0x8000d000 0x00000001
core   0: 0x8000b3e8 (0x0000bfe5) c.j     pc - 8
core   0: 3 0x8000b3e8 (0xbfe5)
core   0: 0x8000b3e0 (0x00002f17) auipc   t5, 0x2
core   0: 3 0x8000b3e0 (0x00002f17) x30 0x8000d3e0
core   0: 0x8000b3e4 (0xc23f2023) sw      gp, -992(t5)
core   0: 3 0x8000b3e4 (0xc23f2023) mem 0x8000d000 0x00000001
core   0: 0x8000b3e8 (0x0000bfe5) c.j     pc - 8
core   0: 3 0x8000b3e8 (0xbfe5)
core   0: 0x8000b3e0 (0x00002f17) auipc   t5, 0x2
core   0: 3 0x8000b3e0 (0x00002f17) x30 0x8000d3e0
core   0: 0x8000b3e4 (0xc23f2023) sw      gp, -992(t5)
core   0: 3 0x8000b3e4 (0xc23f2023) mem 0x8000d000 0x00000001
core   0: 0x8000b3e8 (0x0000bfe5) c.j     pc - 8
core   0: 3 0x8000b3e8 (0xbfe5)
core   0: 0x8000b3e0 (0x00002f17) auipc   t5, 0x2
core   0: 3 0x8000b3e0 (0x00002f17) x30 0x8000d3e0
core   0: 0x8000b3e4 (0xc23f2023) sw      gp, -992(t5)
core   0: 3 0x8000b3e4 (0xc23f2023) mem 0x8000d000 0x00000001
core   0: 0x8000b3e8 (0x0000bfe5) c.j     pc - 8
core   0: 3 0x8000b3e8 (0xbfe5)
core   0: 0x8000b3e0 (0x00002f17) auipc   t5, 0x2
core   0: 3 0x8000b3e0 (0x00002f17) x30 0x8000d3e0
core   0: 0x8000b3e4 (0xc23f2023) sw      gp, -992(t5)
core   0: 3 0x8000b3e4 (0xc23f2023) mem 0x8000d000 0x00000001
core   0: 0x8000b3e8 (0x0000bfe5) c.j     pc - 8
core   0: 3 0x8000b3e8 (0xbfe5)
core   0: 0x8000b3e0 (0x00002f17) auipc   t5, 0x2
core   0: 3 0x8000b3e0 (0x00002f17) x30 0x8000d3e0
core   0: 0x8000b3e4 (0xc23f2023) sw      gp, -992(t5)
core   0: 3 0x8000b3e4 (0xc23f2023) mem 0x8000d000 0x00000001
core   0: 0x8000b3e8 (0x0000bfe5) c.j     pc - 8
core   0: 3 0x8000b3e8 (0xbfe5)
core   0: 0x8000b3e0 (0x00002f17) auipc   t5, 0x2
core   0: 3 0x8000b3e0 (0x00002f17) x30 0x8000d3e0
core   0: 0x8000b3e4 (0xc23f2023) sw      gp, -992(t5)
core   0: 3 0x8000b3e4 (0xc23f2023) mem 0x8000d000 0x00000001
core   0: 0x8000b3e8 (0x0000bfe5) c.j     pc - 8
core   0: 3 0x8000b3e8 (0xbfe5)
core   0: 0x8000b3e0 (0x00002f17) auipc   t5, 0x2
core   0: 3 0x8000b3e0 (0x00002f17) x30 0x8000d3e0
core   0: 0x8000b3e4 (0xc23f2023) sw      gp, -992(t5)
core   0: 3 0x8000b3e4 (0xc23f2023) mem 0x8000d000 0x00000001
core   0: 0x8000b3e8 (0x0000bfe5) c.j     pc - 8
core   0: 3 0x8000b3e8 (0xbfe5)
core   0: 0x8000b3e0 (0x00002f17) auipc   t5, 0x2
core   0: 3 0x8000b3e0 (0x00002f17) x30 0x8000d3e0
core   0: 0x8000b3e4 (0xc23f2023) sw      gp, -992(t5)
core   0: 3 0x8000b3e4 (0xc23f2023) mem 0x8000d000 0x00000001
core   0: 0x8000b3e8 (0x0000bfe5) c.j     pc - 8
core   0: 3 0x8000b3e8 (0xbfe5)
core   0: 0x8000b3e0 (0x00002f17) auipc   t5, 0x2
core   0: 3 0x8000b3e0 (0x00002f17) x30 0x8000d3e0
core   0: 0x8000b3e4 (0xc23f2023) sw      gp, -992(t5)
core   0: 3 0x8000b3e4 (0xc23f2023) mem 0x8000d000 0x00000001
core   0: 0x8000b3e8 (0x0000bfe5) c.j     pc - 8
core   0: 3 0x8000b3e8 (0xbfe5)
core   0: 0x8000b3e0 (0x00002f17) auipc   t5, 0x2
core   0: 3 0x8000b3e0 (0x00002f17) x30 0x8000d3e0
core   0: 0x8000b3e4 (0xc23f2023) sw      gp, -992(t5)
core   0: 3 0x8000b3e4 (0xc23f2023) mem 0x8000d000 0x00000001
core   0: 0x8000b3e8 (0x0000bfe5) c.j     pc - 8
core   0: 3 0x8000b3e8 (0xbfe5)
core   0: 0x8000b3e0 (0x00002f17) auipc   t5, 0x2
core   0: 3 0x8000b3e0 (0x00002f17) x30 0x8000d3e0
core   0: 0x8000b3e4 (0xc23f2023) sw      gp, -992(t5)
core   0: 3 0x8000b3e4 (0xc23f2023) mem 0x8000d000 0x00000001
core   0: 0x8000b3e8 (0x0000bfe5) c.j     pc - 8
core   0: 3 0x8000b3e8 (0xbfe5)
core   0: 0x8000b3e0 (0x00002f17) auipc   t5, 0x2
core   0: 3 0x8000b3e0 (0x00002f17) x30 0x8000d3e0
core   0: 0x8000b3e4 (0xc23f2023) sw      gp, -992(t5)
core   0: 3 0x8000b3e4 (0xc23f2023) mem 0x8000d000 0x00000001
core   0: 0x8000b3e8 (0x0000bfe5) c.j     pc - 8
core   0: 3 0x8000b3e8 (0xbfe5)
core   0: 0x8000b3e0 (0x00002f17) auipc   t5, 0x2
core   0: 3 0x8000b3e0 (0x00002f17) x30 0x8000d3e0
core   0: 0x8000b3e4 (0xc23f2023) sw      gp, -992(t5)
core   0: 3 0x8000b3e4 (0xc23f2023) mem 0x8000d000 0x00000001
core   0: 0x8000b3e8 (0x0000bfe5) c.j     pc - 8
core   0: 3 0x8000b3e8 (0xbfe5)
core   0: 0x8000b3e0 (0x00002f17) auipc   t5, 0x2
core   0: 3 0x8000b3e0 (0x00002f17) x30 0x8000d3e0
core   0: 0x8000b3e4 (0xc23f2023) sw      gp, -992(t5)
core   0: 3 0x8000b3e4 (0xc23f2023) mem 0x8000d000 0x00000001
core   0: 0x8000b3e8 (0x0000bfe5) c.j     pc - 8
core   0: 3 0x8000b3e8 (0xbfe5)
core   0: 0x8000b3e0 (0x00002f17) auipc   t5, 0x2
core   0: 3 0x8000b3e0 (0x00002f17) x30 0x8000d3e0
core   0: 0x8000b3e4 (0xc23f2023) sw      gp, -992(t5)
core   0: 3 0x8000b3e4 (0xc23f2023) mem 0x8000d000 0x00000001
core   0: 0x8000b3e8 (0x0000bfe5) c.j     pc - 8
core   0: 3 0x8000b3e8 (0xbfe5)
core   0: 0x8000b3e0 (0x00002f17) auipc   t5, 0x2
core   0: 3 0x8000b3e0 (0x00002f17) x30 0x8000d3e0
core   0: 0x8000b3e4 (0xc23f2023) sw      gp, -992(t5)
core   0: 3 0x8000b3e4 (0xc23f2023) mem 0x8000d000 0x00000001
core   0: 0x8000b3e8 (0x0000bfe5) c.j     pc - 8
core   0: 3 0x8000b3e8 (0xbfe5)
core   0: 0x8000b3e0 (0x00002f17) auipc   t5, 0x2
core   0: 3 0x8000b3e0 (0x00002f17) x30 0x8000d3e0
core   0: 0x8000b3e4 (0xc23f2023) sw      gp, -992(t5)
core   0: 3 0x8000b3e4 (0xc23f2023) mem 0x8000d000 0x00000001
core   0: 0x8000b3e8 (0x0000bfe5) c.j     pc - 8
core   0: 3 0x8000b3e8 (0xbfe5)
core   0: 0x8000b3e0 (0x00002f17) auipc   t5, 0x2
core   0: 3 0x8000b3e0 (0x00002f17) x30 0x8000d3e0
core   0: 0x8000b3e4 (0xc23f2023) sw      gp, -992(t5)
core   0: 3 0x8000b3e4 (0xc23f2023) mem 0x8000d000 0x00000001
core   0: 0x8000b3e8 (0x0000bfe5) c.j     pc - 8
core   0: 3 0x8000b3e8 (0xbfe5)
core   0: 0x8000b3e0 (0x00002f17) auipc   t5, 0x2
core   0: 3 0x8000b3e0 (0x00002f17) x30 0x8000d3e0
core   0: 0x8000b3e4 (0xc23f2023) sw      gp, -992(t5)
core   0: 3 0x8000b3e4 (0xc23f2023) mem 0x8000d000 0x00000001
core   0: 0x8000b3e8 (0x0000bfe5) c.j     pc - 8
core   0: 3 0x8000b3e8 (0xbfe5)
core   0: 0x8000b3e0 (0x00002f17) auipc   t5, 0x2
core   0: 3 0x8000b3e0 (0x00002f17) x30 0x8000d3e0
core   0: 0x8000b3e4 (0xc23f2023) sw      gp, -992(t5)
core   0: 3 0x8000b3e4 (0xc23f2023) mem 0x8000d000 0x00000001
core   0: 0x8000b3e8 (0x0000bfe5) c.j     pc - 8
core   0: 3 0x8000b3e8 (0xbfe5)
core   0: 0x8000b3e0 (0x00002f17) auipc   t5, 0x2
core   0: 3 0x8000b3e0 (0x00002f17) x30 0x8000d3e0
core   0: 0x8000b3e4 (0xc23f2023) sw      gp, -992(t5)
core   0: 3 0x8000b3e4 (0xc23f2023) mem 0x8000d000 0x00000001
core   0: 0x8000b3e8 (0x0000bfe5) c.j     pc - 8
core   0: 3 0x8000b3e8 (0xbfe5)
core   0: 0x8000b3e0 (0x00002f17) auipc   t5, 0x2
core   0: 3 0x8000b3e0 (0x00002f17) x30 0x8000d3e0
core   0: 0x8000b3e4 (0xc23f2023) sw      gp, -992(t5)
core   0: 3 0x8000b3e4 (0xc23f2023) mem 0x8000d000 0x00000001
core   0: 0x8000b3e8 (0x0000bfe5) c.j     pc - 8
core   0: 3 0x8000b3e8 (0xbfe5)
core   0: 0x8000b3e0 (0x00002f17) auipc   t5, 0x2
core   0: 3 0x8000b3e0 (0x00002f17) x30 0x8000d3e0
core   0: 0x8000b3e4 (0xc23f2023) sw      gp, -992(t5)
core   0: 3 0x8000b3e4 (0xc23f2023) mem 0x8000d000 0x00000001
core   0: 0x8000b3e8 (0x0000bfe5) c.j     pc - 8
core   0: 3 0x8000b3e8 (0xbfe5)
core   0: 0x8000b3e0 (0x00002f17) auipc   t5, 0x2
core   0: 3 0x8000b3e0 (0x00002f17) x30 0x8000d3e0
core   0: 0x8000b3e4 (0xc23f2023) sw      gp, -992(t5)
core   0: 3 0x8000b3e4 (0xc23f2023) mem 0x8000d000 0x00000001
core   0: 0x8000b3e8 (0x0000bfe5) c.j     pc - 8
core   0: 3 0x8000b3e8 (0xbfe5)
core   0: 0x8000b3e0 (0x00002f17) auipc   t5, 0x2
core   0: 3 0x8000b3e0 (0x00002f17) x30 0x8000d3e0
core   0: 0x8000b3e4 (0xc23f2023) sw      gp, -992(t5)
core   0: 3 0x8000b3e4 (0xc23f2023) mem 0x8000d000 0x00000001
core   0: 0x8000b3e8 (0x0000bfe5) c.j     pc - 8
core   0: 3 0x8000b3e8 (0xbfe5)
core   0: 0x8000b3e0 (0x00002f17) auipc   t5, 0x2
core   0: 3 0x8000b3e0 (0x00002f17) x30 0x8000d3e0
core   0: 0x8000b3e4 (0xc23f2023) sw      gp, -992(t5)
core   0: 3 0x8000b3e4 (0xc23f2023) mem 0x8000d000 0x00000001
core   0: 0x8000b3e8 (0x0000bfe5) c.j     pc - 8
core   0: 3 0x8000b3e8 (0xbfe5)
core   0: 0x8000b3e0 (0x00002f17) auipc   t5, 0x2
core   0: 3 0x8000b3e0 (0x00002f17) x30 0x8000d3e0
core   0: 0x8000b3e4 (0xc23f2023) sw      gp, -992(t5)
core   0: 3 0x8000b3e4 (0xc23f2023) mem 0x8000d000 0x00000001
core   0: 0x8000b3e8 (0x0000bfe5) c.j     pc - 8
core   0: 3 0x8000b3e8 (0xbfe5)
core   0: 0x8000b3e0 (0x00002f17) auipc   t5, 0x2
core   0: 3 0x8000b3e0 (0x00002f17) x30 0x8000d3e0
core   0: 0x8000b3e4 (0xc23f2023) sw      gp, -992(t5)
core   0: 3 0x8000b3e4 (0xc23f2023) mem 0x8000d000 0x00000001
core   0: 0x8000b3e8 (0x0000bfe5) c.j     pc - 8
core   0: 3 0x8000b3e8 (0xbfe5)
core   0: 0x8000b3e0 (0x00002f17) auipc   t5, 0x2
core   0: 3 0x8000b3e0 (0x00002f17) x30 0x8000d3e0
core   0: 0x8000b3e4 (0xc23f2023) sw      gp, -992(t5)
core   0: 3 0x8000b3e4 (0xc23f2023) mem 0x8000d000 0x00000001
core   0: 0x8000b3e8 (0x0000bfe5) c.j     pc - 8
core   0: 3 0x8000b3e8 (0xbfe5)
core   0: 0x8000b3e0 (0x00002f17) auipc   t5, 0x2
core   0: 3 0x8000b3e0 (0x00002f17) x30 0x8000d3e0
core   0: 0x8000b3e4 (0xc23f2023) sw      gp, -992(t5)
core   0: 3 0x8000b3e4 (0xc23f2023) mem 0x8000d000 0x00000001
core   0: 0x8000b3e8 (0x0000bfe5) c.j     pc - 8
core   0: 3 0x8000b3e8 (0xbfe5)
core   0: 0x8000b3e0 (0x00002f17) auipc   t5, 0x2
core   0: 3 0x8000b3e0 (0x00002f17) x30 0x8000d3e0
core   0: 0x8000b3e4 (0xc23f2023) sw      gp, -992(t5)
core   0: 3 0x8000b3e4 (0xc23f2023) mem 0x8000d000 0x00000001
core   0: 0x8000b3e8 (0x0000bfe5) c.j     pc - 8
core   0: 3 0x8000b3e8 (0xbfe5)
core   0: 0x8000b3e0 (0x00002f17) auipc   t5, 0x2
core   0: 3 0x8000b3e0 (0x00002f17) x30 0x8000d3e0
core   0: 0x8000b3e4 (0xc23f2023) sw      gp, -992(t5)
core   0: 3 0x8000b3e4 (0xc23f2023) mem 0x8000d000 0x00000001
core   0: 0x8000b3e8 (0x0000bfe5) c.j     pc - 8
core   0: 3 0x8000b3e8 (0xbfe5)
core   0: 0x8000b3e0 (0x00002f17) auipc   t5, 0x2
core   0: 3 0x8000b3e0 (0x00002f17) x30 0x8000d3e0
core   0: 0x8000b3e4 (0xc23f2023) sw      gp, -992(t5)
core   0: 3 0x8000b3e4 (0xc23f2023) mem 0x8000d000 0x00000001
core   0: 0x8000b3e8 (0x0000bfe5) c.j     pc - 8
core   0: 3 0x8000b3e8 (0xbfe5)
core   0: 0x8000b3e0 (0x00002f17) auipc   t5, 0x2
core   0: 3 0x8000b3e0 (0x00002f17) x30 0x8000d3e0
core   0: 0x8000b3e4 (0xc23f2023) sw      gp, -992(t5)
core   0: 3 0x8000b3e4 (0xc23f2023) mem 0x8000d000 0x00000001
core   0: 0x8000b3e8 (0x0000bfe5) c.j     pc - 8
core   0: 3 0x8000b3e8 (0xbfe5)
core   0: 0x8000b3e0 (0x00002f17) auipc   t5, 0x2
core   0: 3 0x8000b3e0 (0x00002f17) x30 0x8000d3e0
core   0: 0x8000b3e4 (0xc23f2023) sw      gp, -992(t5)
core   0: 3 0x8000b3e4 (0xc23f2023) mem 0x8000d000 0x00000001
core   0: 0x8000b3e8 (0x0000bfe5) c.j     pc - 8
core   0: 3 0x8000b3e8 (0xbfe5)
core   0: 0x8000b3e0 (0x00002f17) auipc   t5, 0x2
core   0: 3 0x8000b3e0 (0x00002f17) x30 0x8000d3e0
core   0: 0x8000b3e4 (0xc23f2023) sw      gp, -992(t5)
core   0: 3 0x8000b3e4 (0xc23f2023) mem 0x8000d000 0x00000001
core   0: 0x8000b3e8 (0x0000bfe5) c.j     pc - 8
core   0: 3 0x8000b3e8 (0xbfe5)
core   0: 0x8000b3e0 (0x00002f17) auipc   t5, 0x2
core   0: 3 0x8000b3e0 (0x00002f17) x30 0x8000d3e0
core   0: 0x8000b3e4 (0xc23f2023) sw      gp, -992(t5)
core   0: 3 0x8000b3e4 (0xc23f2023) mem 0x8000d000 0x00000001
core   0: 0x8000b3e8 (0x0000bfe5) c.j     pc - 8
core   0: 3 0x8000b3e8 (0xbfe5)
core   0: 0x8000b3e0 (0x00002f17) auipc   t5, 0x2
core   0: 3 0x8000b3e0 (0x00002f17) x30 0x8000d3e0
core   0: 0x8000b3e4 (0xc23f2023) sw      gp, -992(t5)
core   0: 3 0x8000b3e4 (0xc23f2023) mem 0x8000d000 0x00000001
core   0: 0x8000b3e8 (0x0000bfe5) c.j     pc - 8
core   0: 3 0x8000b3e8 (0xbfe5)
core   0: 0x8000b3e0 (0x00002f17) auipc   t5, 0x2
core   0: 3 0x8000b3e0 (0x00002f17) x30 0x8000d3e0
core   0: 0x8000b3e4 (0xc23f2023) sw      gp, -992(t5)
core   0: 3 0x8000b3e4 (0xc23f2023) mem 0x8000d000 0x00000001
core   0: 0x8000b3e8 (0x0000bfe5) c.j     pc - 8
core   0: 3 0x8000b3e8 (0xbfe5)
core   0: 0x8000b3e0 (0x00002f17) auipc   t5, 0x2
core   0: 3 0x8000b3e0 (0x00002f17) x30 0x8000d3e0
core   0: 0x8000b3e4 (0xc23f2023) sw      gp, -992(t5)
core   0: 3 0x8000b3e4 (0xc23f2023) mem 0x8000d000 0x00000001
core   0: 0x8000b3e8 (0x0000bfe5) c.j     pc - 8
core   0: 3 0x8000b3e8 (0xbfe5)
core   0: 0x8000b3e0 (0x00002f17) auipc   t5, 0x2
core   0: 3 0x8000b3e0 (0x00002f17) x30 0x8000d3e0
core   0: 0x8000b3e4 (0xc23f2023) sw      gp, -992(t5)
core   0: 3 0x8000b3e4 (0xc23f2023) mem 0x8000d000 0x00000001
core   0: 0x8000b3e8 (0x0000bfe5) c.j     pc - 8
core   0: 3 0x8000b3e8 (0xbfe5)
core   0: 0x8000b3e0 (0x00002f17) auipc   t5, 0x2
core   0: 3 0x8000b3e0 (0x00002f17) x30 0x8000d3e0
core   0: 0x8000b3e4 (0xc23f2023) sw      gp, -992(t5)
core   0: 3 0x8000b3e4 (0xc23f2023) mem 0x8000d000 0x00000001
core   0: 0x8000b3e8 (0x0000bfe5) c.j     pc - 8
core   0: 3 0x8000b3e8 (0xbfe5)
core   0: 0x8000b3e0 (0x00002f17) auipc   t5, 0x2
core   0: 3 0x8000b3e0 (0x00002f17) x30 0x8000d3e0
core   0: 0x8000b3e4 (0xc23f2023) sw      gp, -992(t5)
core   0: 3 0x8000b3e4 (0xc23f2023) mem 0x8000d000 0x00000001
core   0: 0x8000b3e8 (0x0000bfe5) c.j     pc - 8
core   0: 3 0x8000b3e8 (0xbfe5)
core   0: 0x8000b3e0 (0x00002f17) auipc   t5, 0x2
core   0: 3 0x8000b3e0 (0x00002f17) x30 0x8000d3e0
core   0: 0x8000b3e4 (0xc23f2023) sw      gp, -992(t5)
core   0: 3 0x8000b3e4 (0xc23f2023) mem 0x8000d000 0x00000001
core   0: 0x8000b3e8 (0x0000bfe5) c.j     pc - 8
core   0: 3 0x8000b3e8 (0xbfe5)
core   0: 0x8000b3e0 (0x00002f17) auipc   t5, 0x2
core   0: 3 0x8000b3e0 (0x00002f17) x30 0x8000d3e0
core   0: 0x8000b3e4 (0xc23f2023) sw      gp, -992(t5)
core   0: 3 0x8000b3e4 (0xc23f2023) mem 0x8000d000 0x00000001
core   0: 0x8000b3e8 (0x0000bfe5) c.j     pc - 8
core   0: 3 0x8000b3e8 (0xbfe5)
core   0: 0x8000b3e0 (0x00002f17) auipc   t5, 0x2
core   0: 3 0x8000b3e0 (0x00002f17) x30 0x8000d3e0
core   0: 0x8000b3e4 (0xc23f2023) sw      gp, -992(t5)
core   0: 3 0x8000b3e4 (0xc23f2023) mem 0x8000d000 0x00000001
core   0: 0x8000b3e8 (0x0000bfe5) c.j     pc - 8
core   0: 3 0x8000b3e8 (0xbfe5)
core   0: 0x8000b3e0 (0x00002f17) auipc   t5, 0x2
core   0: 3 0x8000b3e0 (0x00002f17) x30 0x8000d3e0
core   0: 0x8000b3e4 (0xc23f2023) sw      gp, -992(t5)
core   0: 3 0x8000b3e4 (0xc23f2023) mem 0x8000d000 0x00000001
core   0: 0x8000b3e8 (0x0000bfe5) c.j     pc - 8
core   0: 3 0x8000b3e8 (0xbfe5)
core   0: 0x8000b3e0 (0x00002f17) auipc   t5, 0x2
core   0: 3 0x8000b3e0 (0x00002f17) x30 0x8000d3e0
core   0: 0x8000b3e4 (0xc23f2023) sw      gp, -992(t5)
core   0: 3 0x8000b3e4 (0xc23f2023) mem 0x8000d000 0x00000001
core   0: 0x8000b3e8 (0x0000bfe5) c.j     pc - 8
core   0: 3 0x8000b3e8 (0xbfe5)
core   0: 0x8000b3e0 (0x00002f17) auipc   t5, 0x2
core   0: 3 0x8000b3e0 (0x00002f17) x30 0x8000d3e0
core   0: 0x8000b3e4 (0xc23f2023) sw      gp, -992(t5)
core   0: 3 0x8000b3e4 (0xc23f2023) mem 0x8000d000 0x00000001
core   0: 0x8000b3e8 (0x0000bfe5) c.j     pc - 8
core   0: 3 0x8000b3e8 (0xbfe5)
core   0: 0x8000b3e0 (0x00002f17) auipc   t5, 0x2
core   0: 3 0x8000b3e0 (0x00002f17) x30 0x8000d3e0
core   0: 0x8000b3e4 (0xc23f2023) sw      gp, -992(t5)
core   0: 3 0x8000b3e4 (0xc23f2023) mem 0x8000d000 0x00000001
core   0: 0x8000b3e8 (0x0000bfe5) c.j     pc - 8
core   0: 3 0x8000b3e8 (0xbfe5)
core   0: 0x8000b3e0 (0x00002f17) auipc   t5, 0x2
core   0: 3 0x8000b3e0 (0x00002f17) x30 0x8000d3e0
core   0: 0x8000b3e4 (0xc23f2023) sw      gp, -992(t5)
core   0: 3 0x8000b3e4 (0xc23f2023) mem 0x8000d000 0x00000001
core   0: 0x8000b3e8 (0x0000bfe5) c.j     pc - 8
core   0: 3 0x8000b3e8 (0xbfe5)
core   0: 0x8000b3e0 (0x00002f17) auipc   t5, 0x2
core   0: 3 0x8000b3e0 (0x00002f17) x30 0x8000d3e0
core   0: 0x8000b3e4 (0xc23f2023) sw      gp, -992(t5)
core   0: 3 0x8000b3e4 (0xc23f2023) mem 0x8000d000 0x00000001
core   0: 0x8000b3e8 (0x0000bfe5) c.j     pc - 8
core   0: 3 0x8000b3e8 (0xbfe5)
core   0: 0x8000b3e0 (0x00002f17) auipc   t5, 0x2
core   0: 3 0x8000b3e0 (0x00002f17) x30 0x8000d3e0
core   0: 0x8000b3e4 (0xc23f2023) sw      gp, -992(t5)
core   0: 3 0x8000b3e4 (0xc23f2023) mem 0x8000d000 0x00000001
core   0: 0x8000b3e8 (0x0000bfe5) c.j     pc - 8
core   0: 3 0x8000b3e8 (0xbfe5)
core   0: 0x8000b3e0 (0x00002f17) auipc   t5, 0x2
core   0: 3 0x8000b3e0 (0x00002f17) x30 0x8000d3e0
core   0: 0x8000b3e4 (0xc23f2023) sw      gp, -992(t5)
core   0: 3 0x8000b3e4 (0xc23f2023) mem 0x8000d000 0x00000001
core   0: 0x8000b3e8 (0x0000bfe5) c.j     pc - 8
core   0: 3 0x8000b3e8 (0xbfe5)
core   0: 0x8000b3e0 (0x00002f17) auipc   t5, 0x2
core   0: 3 0x8000b3e0 (0x00002f17) x30 0x8000d3e0
core   0: 0x8000b3e4 (0xc23f2023) sw      gp, -992(t5)
core   0: 3 0x8000b3e4 (0xc23f2023) mem 0x8000d000 0x00000001
core   0: 0x8000b3e8 (0x0000bfe5) c.j     pc - 8
core   0: 3 0x8000b3e8 (0xbfe5)
core   0: 0x8000b3e0 (0x00002f17) auipc   t5, 0x2
core   0: 3 0x8000b3e0 (0x00002f17) x30 0x8000d3e0
core   0: 0x8000b3e4 (0xc23f2023) sw      gp, -992(t5)
core   0: 3 0x8000b3e4 (0xc23f2023) mem 0x8000d000 0x00000001
core   0: 0x8000b3e8 (0x0000bfe5) c.j     pc - 8
core   0: 3 0x8000b3e8 (0xbfe5)
core   0: 0x8000b3e0 (0x00002f17) auipc   t5, 0x2
core   0: 3 0x8000b3e0 (0x00002f17) x30 0x8000d3e0
core   0: 0x8000b3e4 (0xc23f2023) sw      gp, -992(t5)
core   0: 3 0x8000b3e4 (0xc23f2023) mem 0x8000d000 0x00000001
core   0: 0x8000b3e8 (0x0000bfe5) c.j     pc - 8
core   0: 3 0x8000b3e8 (0xbfe5)
core   0: 0x8000b3e0 (0x00002f17) auipc   t5, 0x2
core   0: 3 0x8000b3e0 (0x00002f17) x30 0x8000d3e0
core   0: 0x8000b3e4 (0xc23f2023) sw      gp, -992(t5)
core   0: 3 0x8000b3e4 (0xc23f2023) mem 0x8000d000 0x00000001
core   0: 0x8000b3e8 (0x0000bfe5) c.j     pc - 8
core   0: 3 0x8000b3e8 (0xbfe5)
core   0: 0x8000b3e0 (0x00002f17) auipc   t5, 0x2
core   0: 3 0x8000b3e0 (0x00002f17) x30 0x8000d3e0
core   0: 0x8000b3e4 (0xc23f2023) sw      gp, -992(t5)
core   0: 3 0x8000b3e4 (0xc23f2023) mem 0x8000d000 0x00000001
core   0: 0x8000b3e8 (0x0000bfe5) c.j     pc - 8
core   0: 3 0x8000b3e8 (0xbfe5)
core   0: 0x8000b3e0 (0x00002f17) auipc   t5, 0x2
core   0: 3 0x8000b3e0 (0x00002f17) x30 0x8000d3e0
core   0: 0x8000b3e4 (0xc23f2023) sw      gp, -992(t5)
core   0: 3 0x8000b3e4 (0xc23f2023) mem 0x8000d000 0x00000001
core   0: 0x8000b3e8 (0x0000bfe5) c.j     pc - 8
core   0: 3 0x8000b3e8 (0xbfe5)
core   0: 0x8000b3e0 (0x00002f17) auipc   t5, 0x2
core   0: 3 0x8000b3e0 (0x00002f17) x30 0x8000d3e0
core   0: 0x8000b3e4 (0xc23f2023) sw      gp, -992(t5)
core   0: 3 0x8000b3e4 (0xc23f2023) mem 0x8000d000 0x00000001
core   0: 0x8000b3e8 (0x0000bfe5) c.j     pc - 8
core   0: 3 0x8000b3e8 (0xbfe5)
core   0: 0x8000b3e0 (0x00002f17) auipc   t5, 0x2
core   0: 3 0x8000b3e0 (0x00002f17) x30 0x8000d3e0
core   0: 0x8000b3e4 (0xc23f2023) sw      gp, -992(t5)
core   0: 3 0x8000b3e4 (0xc23f2023) mem 0x8000d000 0x00000001
core   0: 0x8000b3e8 (0x0000bfe5) c.j     pc - 8
core   0: 3 0x8000b3e8 (0xbfe5)
core   0: 0x8000b3e0 (0x00002f17) auipc   t5, 0x2
core   0: 3 0x8000b3e0 (0x00002f17) x30 0x8000d3e0
core   0: 0x8000b3e4 (0xc23f2023) sw      gp, -992(t5)
core   0: 3 0x8000b3e4 (0xc23f2023) mem 0x8000d000 0x00000001
core   0: 0x8000b3e8 (0x0000bfe5) c.j     pc - 8
core   0: 3 0x8000b3e8 (0xbfe5)
core   0: 0x8000b3e0 (0x00002f17) auipc   t5, 0x2
core   0: 3 0x8000b3e0 (0x00002f17) x30 0x8000d3e0
core   0: 0x8000b3e4 (0xc23f2023) sw      gp, -992(t5)
core   0: 3 0x8000b3e4 (0xc23f2023) mem 0x8000d000 0x00000001
core   0: 0x8000b3e8 (0x0000bfe5) c.j     pc - 8
core   0: 3 0x8000b3e8 (0xbfe5)
core   0: 0x8000b3e0 (0x00002f17) auipc   t5, 0x2
core   0: 3 0x8000b3e0 (0x00002f17) x30 0x8000d3e0
core   0: 0x8000b3e4 (0xc23f2023) sw      gp, -992(t5)
core   0: 3 0x8000b3e4 (0xc23f2023) mem 0x8000d000 0x00000001
core   0: 0x8000b3e8 (0x0000bfe5) c.j     pc - 8
core   0: 3 0x8000b3e8 (0xbfe5)
core   0: 0x8000b3e0 (0x00002f17) auipc   t5, 0x2
core   0: 3 0x8000b3e0 (0x00002f17) x30 0x8000d3e0
core   0: 0x8000b3e4 (0xc23f2023) sw      gp, -992(t5)
core   0: 3 0x8000b3e4 (0xc23f2023) mem 0x8000d000 0x00000001
core   0: 0x8000b3e8 (0x0000bfe5) c.j     pc - 8
core   0: 3 0x8000b3e8 (0xbfe5)
core   0: 0x8000b3e0 (0x00002f17) auipc   t5, 0x2
core   0: 3 0x8000b3e0 (0x00002f17) x30 0x8000d3e0
core   0: 0x8000b3e4 (0xc23f2023) sw      gp, -992(t5)
core   0: 3 0x8000b3e4 (0xc23f2023) mem 0x8000d000 0x00000001
core   0: 0x8000b3e8 (0x0000bfe5) c.j     pc - 8
core   0: 3 0x8000b3e8 (0xbfe5)
core   0: 0x8000b3e0 (0x00002f17) auipc   t5, 0x2
core   0: 3 0x8000b3e0 (0x00002f17) x30 0x8000d3e0
core   0: 0x8000b3e4 (0xc23f2023) sw      gp, -992(t5)
core   0: 3 0x8000b3e4 (0xc23f2023) mem 0x8000d000 0x00000001
core   0: 0x8000b3e8 (0x0000bfe5) c.j     pc - 8
core   0: 3 0x8000b3e8 (0xbfe5)
core   0: 0x8000b3e0 (0x00002f17) auipc   t5, 0x2
core   0: 3 0x8000b3e0 (0x00002f17) x30 0x8000d3e0
core   0: 0x8000b3e4 (0xc23f2023) sw      gp, -992(t5)
core   0: 3 0x8000b3e4 (0xc23f2023) mem 0x8000d000 0x00000001
core   0: 0x8000b3e8 (0x0000bfe5) c.j     pc - 8
core   0: 3 0x8000b3e8 (0xbfe5)
core   0: 0x8000b3e0 (0x00002f17) auipc   t5, 0x2
core   0: 3 0x8000b3e0 (0x00002f17) x30 0x8000d3e0
core   0: 0x8000b3e4 (0xc23f2023) sw      gp, -992(t5)
core   0: 3 0x8000b3e4 (0xc23f2023) mem 0x8000d000 0x00000001
core   0: 0x8000b3e8 (0x0000bfe5) c.j     pc - 8
core   0: 3 0x8000b3e8 (0xbfe5)
core   0: 0x8000b3e0 (0x00002f17) auipc   t5, 0x2
core   0: 3 0x8000b3e0 (0x00002f17) x30 0x8000d3e0
core   0: 0x8000b3e4 (0xc23f2023) sw      gp, -992(t5)
core   0: 3 0x8000b3e4 (0xc23f2023) mem 0x8000d000 0x00000001
core   0: 0x8000b3e8 (0x0000bfe5) c.j     pc - 8
core   0: 3 0x8000b3e8 (0xbfe5)
core   0: 0x8000b3e0 (0x00002f17) auipc   t5, 0x2
core   0: 3 0x8000b3e0 (0x00002f17) x30 0x8000d3e0
core   0: 0x8000b3e4 (0xc23f2023) sw      gp, -992(t5)
core   0: 3 0x8000b3e4 (0xc23f2023) mem 0x8000d000 0x00000001
core   0: 0x8000b3e8 (0x0000bfe5) c.j     pc - 8
core   0: 3 0x8000b3e8 (0xbfe5)
core   0: 0x8000b3e0 (0x00002f17) auipc   t5, 0x2
core   0: 3 0x8000b3e0 (0x00002f17) x30 0x8000d3e0
core   0: 0x8000b3e4 (0xc23f2023) sw      gp, -992(t5)
core   0: 3 0x8000b3e4 (0xc23f2023) mem 0x8000d000 0x00000001
core   0: 0x8000b3e8 (0x0000bfe5) c.j     pc - 8
core   0: 3 0x8000b3e8 (0xbfe5)
core   0: 0x8000b3e0 (0x00002f17) auipc   t5, 0x2
core   0: 3 0x8000b3e0 (0x00002f17) x30 0x8000d3e0
core   0: 0x8000b3e4 (0xc23f2023) sw      gp, -992(t5)
core   0: 3 0x8000b3e4 (0xc23f2023) mem 0x8000d000 0x00000001
core   0: 0x8000b3e8 (0x0000bfe5) c.j     pc - 8
core   0: 3 0x8000b3e8 (0xbfe5)
core   0: 0x8000b3e0 (0x00002f17) auipc   t5, 0x2
core   0: 3 0x8000b3e0 (0x00002f17) x30 0x8000d3e0
core   0: 0x8000b3e4 (0xc23f2023) sw      gp, -992(t5)
core   0: 3 0x8000b3e4 (0xc23f2023) mem 0x8000d000 0x00000001
core   0: 0x8000b3e8 (0x0000bfe5) c.j     pc - 8
core   0: 3 0x8000b3e8 (0xbfe5)
core   0: 0x8000b3e0 (0x00002f17) auipc   t5, 0x2
core   0: 3 0x8000b3e0 (0x00002f17) x30 0x8000d3e0
core   0: 0x8000b3e4 (0xc23f2023) sw      gp, -992(t5)
core   0: 3 0x8000b3e4 (0xc23f2023) mem 0x8000d000 0x00000001
core   0: 0x8000b3e8 (0x0000bfe5) c.j     pc - 8
core   0: 3 0x8000b3e8 (0xbfe5)
core   0: 0x8000b3e0 (0x00002f17) auipc   t5, 0x2
core   0: 3 0x8000b3e0 (0x00002f17) x30 0x8000d3e0
core   0: 0x8000b3e4 (0xc23f2023) sw      gp, -992(t5)
core   0: 3 0x8000b3e4 (0xc23f2023) mem 0x8000d000 0x00000001
core   0: 0x8000b3e8 (0x0000bfe5) c.j     pc - 8
core   0: 3 0x8000b3e8 (0xbfe5)
core   0: 0x8000b3e0 (0x00002f17) auipc   t5, 0x2
core   0: 3 0x8000b3e0 (0x00002f17) x30 0x8000d3e0
core   0: 0x8000b3e4 (0xc23f2023) sw      gp, -992(t5)
core   0: 3 0x8000b3e4 (0xc23f2023) mem 0x8000d000 0x00000001
core   0: 0x8000b3e8 (0x0000bfe5) c.j     pc - 8
core   0: 3 0x8000b3e8 (0xbfe5)
core   0: 0x8000b3e0 (0x00002f17) auipc   t5, 0x2
core   0: 3 0x8000b3e0 (0x00002f17) x30 0x8000d3e0
core   0: 0x8000b3e4 (0xc23f2023) sw      gp, -992(t5)
core   0: 3 0x8000b3e4 (0xc23f2023) mem 0x8000d000 0x00000001
core   0: 0x8000b3e8 (0x0000bfe5) c.j     pc - 8
core   0: 3 0x8000b3e8 (0xbfe5)
core   0: 0x8000b3e0 (0x00002f17) auipc   t5, 0x2
core   0: 3 0x8000b3e0 (0x00002f17) x30 0x8000d3e0
core   0: 0x8000b3e4 (0xc23f2023) sw      gp, -992(t5)
core   0: 3 0x8000b3e4 (0xc23f2023) mem 0x8000d000 0x00000001
core   0: 0x8000b3e8 (0x0000bfe5) c.j     pc - 8
core   0: 3 0x8000b3e8 (0xbfe5)
core   0: 0x8000b3e0 (0x00002f17) auipc   t5, 0x2
core   0: 3 0x8000b3e0 (0x00002f17) x30 0x8000d3e0
core   0: 0x8000b3e4 (0xc23f2023) sw      gp, -992(t5)
core   0: 3 0x8000b3e4 (0xc23f2023) mem 0x8000d000 0x00000001
core   0: 0x8000b3e8 (0x0000bfe5) c.j     pc - 8
core   0: 3 0x8000b3e8 (0xbfe5)
core   0: 0x8000b3e0 (0x00002f17) auipc   t5, 0x2
core   0: 3 0x8000b3e0 (0x00002f17) x30 0x8000d3e0
core   0: 0x8000b3e4 (0xc23f2023) sw      gp, -992(t5)
core   0: 3 0x8000b3e4 (0xc23f2023) mem 0x8000d000 0x00000001
core   0: 0x8000b3e8 (0x0000bfe5) c.j     pc - 8
core   0: 3 0x8000b3e8 (0xbfe5)
core   0: 0x8000b3e0 (0x00002f17) auipc   t5, 0x2
core   0: 3 0x8000b3e0 (0x00002f17) x30 0x8000d3e0
core   0: 0x8000b3e4 (0xc23f2023) sw      gp, -992(t5)
core   0: 3 0x8000b3e4 (0xc23f2023) mem 0x8000d000 0x00000001
core   0: 0x8000b3e8 (0x0000bfe5) c.j     pc - 8
core   0: 3 0x8000b3e8 (0xbfe5)
core   0: 0x8000b3e0 (0x00002f17) auipc   t5, 0x2
core   0: 3 0x8000b3e0 (0x00002f17) x30 0x8000d3e0
core   0: 0x8000b3e4 (0xc23f2023) sw      gp, -992(t5)
core   0: 3 0x8000b3e4 (0xc23f2023) mem 0x8000d000 0x00000001
core   0: 0x8000b3e8 (0x0000bfe5) c.j     pc - 8
core   0: 3 0x8000b3e8 (0xbfe5)
core   0: 0x8000b3e0 (0x00002f17) auipc   t5, 0x2
core   0: 3 0x8000b3e0 (0x00002f17) x30 0x8000d3e0
core   0: 0x8000b3e4 (0xc23f2023) sw      gp, -992(t5)
core   0: 3 0x8000b3e4 (0xc23f2023) mem 0x8000d000 0x00000001
core   0: 0x8000b3e8 (0x0000bfe5) c.j     pc - 8
core   0: 3 0x8000b3e8 (0xbfe5)
core   0: 0x8000b3e0 (0x00002f17) auipc   t5, 0x2
core   0: 3 0x8000b3e0 (0x00002f17) x30 0x8000d3e0
core   0: 0x8000b3e4 (0xc23f2023) sw      gp, -992(t5)
core   0: 3 0x8000b3e4 (0xc23f2023) mem 0x8000d000 0x00000001
core   0: 0x8000b3e8 (0x0000bfe5) c.j     pc - 8
core   0: 3 0x8000b3e8 (0xbfe5)
core   0: 0x8000b3e0 (0x00002f17) auipc   t5, 0x2
core   0: 3 0x8000b3e0 (0x00002f17) x30 0x8000d3e0
core   0: 0x8000b3e4 (0xc23f2023) sw      gp, -992(t5)
core   0: 3 0x8000b3e4 (0xc23f2023) mem 0x8000d000 0x00000001
core   0: 0x8000b3e8 (0x0000bfe5) c.j     pc - 8
core   0: 3 0x8000b3e8 (0xbfe5)
core   0: 0x8000b3e0 (0x00002f17) auipc   t5, 0x2
core   0: 3 0x8000b3e0 (0x00002f17) x30 0x8000d3e0
core   0: 0x8000b3e4 (0xc23f2023) sw      gp, -992(t5)
core   0: 3 0x8000b3e4 (0xc23f2023) mem 0x8000d000 0x00000001
core   0: 0x8000b3e8 (0x0000bfe5) c.j     pc - 8
core   0: 3 0x8000b3e8 (0xbfe5)
core   0: 0x8000b3e0 (0x00002f17) auipc   t5, 0x2
core   0: 3 0x8000b3e0 (0x00002f17) x30 0x8000d3e0
core   0: 0x8000b3e4 (0xc23f2023) sw      gp, -992(t5)
core   0: 3 0x8000b3e4 (0xc23f2023) mem 0x8000d000 0x00000001
core   0: 0x8000b3e8 (0x0000bfe5) c.j     pc - 8
core   0: 3 0x8000b3e8 (0xbfe5)
core   0: 0x8000b3e0 (0x00002f17) auipc   t5, 0x2
core   0: 3 0x8000b3e0 (0x00002f17) x30 0x8000d3e0
core   0: 0x8000b3e4 (0xc23f2023) sw      gp, -992(t5)
core   0: 3 0x8000b3e4 (0xc23f2023) mem 0x8000d000 0x00000001
core   0: 0x8000b3e8 (0x0000bfe5) c.j     pc - 8
core   0: 3 0x8000b3e8 (0xbfe5)
core   0: 0x8000b3e0 (0x00002f17) auipc   t5, 0x2
core   0: 3 0x8000b3e0 (0x00002f17) x30 0x8000d3e0
core   0: 0x8000b3e4 (0xc23f2023) sw      gp, -992(t5)
core   0: 3 0x8000b3e4 (0xc23f2023) mem 0x8000d000 0x00000001
core   0: 0x8000b3e8 (0x0000bfe5) c.j     pc - 8
core   0: 3 0x8000b3e8 (0xbfe5)
core   0: 0x8000b3e0 (0x00002f17) auipc   t5, 0x2
core   0: 3 0x8000b3e0 (0x00002f17) x30 0x8000d3e0
core   0: 0x8000b3e4 (0xc23f2023) sw      gp, -992(t5)
core   0: 3 0x8000b3e4 (0xc23f2023) mem 0x8000d000 0x00000001
core   0: 0x8000b3e8 (0x0000bfe5) c.j     pc - 8
core   0: 3 0x8000b3e8 (0xbfe5)
core   0: 0x8000b3e0 (0x00002f17) auipc   t5, 0x2
core   0: 3 0x8000b3e0 (0x00002f17) x30 0x8000d3e0
core   0: 0x8000b3e4 (0xc23f2023) sw      gp, -992(t5)
core   0: 3 0x8000b3e4 (0xc23f2023) mem 0x8000d000 0x00000001
core   0: 0x8000b3e8 (0x0000bfe5) c.j     pc - 8
core   0: 3 0x8000b3e8 (0xbfe5)
core   0: 0x8000b3e0 (0x00002f17) auipc   t5, 0x2
core   0: 3 0x8000b3e0 (0x00002f17) x30 0x8000d3e0
core   0: 0x8000b3e4 (0xc23f2023) sw      gp, -992(t5)
core   0: 3 0x8000b3e4 (0xc23f2023) mem 0x8000d000 0x00000001
core   0: 0x8000b3e8 (0x0000bfe5) c.j     pc - 8
core   0: 3 0x8000b3e8 (0xbfe5)
core   0: 0x8000b3e0 (0x00002f17) auipc   t5, 0x2
core   0: 3 0x8000b3e0 (0x00002f17) x30 0x8000d3e0
core   0: 0x8000b3e4 (0xc23f2023) sw      gp, -992(t5)
core   0: 3 0x8000b3e4 (0xc23f2023) mem 0x8000d000 0x00000001
core   0: 0x8000b3e8 (0x0000bfe5) c.j     pc - 8
core   0: 3 0x8000b3e8 (0xbfe5)
core   0: 0x8000b3e0 (0x00002f17) auipc   t5, 0x2
core   0: 3 0x8000b3e0 (0x00002f17) x30 0x8000d3e0
core   0: 0x8000b3e4 (0xc23f2023) sw      gp, -992(t5)
core   0: 3 0x8000b3e4 (0xc23f2023) mem 0x8000d000 0x00000001
core   0: 0x8000b3e8 (0x0000bfe5) c.j     pc - 8
core   0: 3 0x8000b3e8 (0xbfe5)
core   0: 0x8000b3e0 (0x00002f17) auipc   t5, 0x2
core   0: 3 0x8000b3e0 (0x00002f17) x30 0x8000d3e0
core   0: 0x8000b3e4 (0xc23f2023) sw      gp, -992(t5)
core   0: 3 0x8000b3e4 (0xc23f2023) mem 0x8000d000 0x00000001
core   0: 0x8000b3e8 (0x0000bfe5) c.j     pc - 8
core   0: 3 0x8000b3e8 (0xbfe5)
core   0: 0x8000b3e0 (0x00002f17) auipc   t5, 0x2
core   0: 3 0x8000b3e0 (0x00002f17) x30 0x8000d3e0
core   0: 0x8000b3e4 (0xc23f2023) sw      gp, -992(t5)
core   0: 3 0x8000b3e4 (0xc23f2023) mem 0x8000d000 0x00000001
core   0: 0x8000b3e8 (0x0000bfe5) c.j     pc - 8
core   0: 3 0x8000b3e8 (0xbfe5)
core   0: 0x8000b3e0 (0x00002f17) auipc   t5, 0x2
core   0: 3 0x8000b3e0 (0x00002f17) x30 0x8000d3e0
core   0: 0x8000b3e4 (0xc23f2023) sw      gp, -992(t5)
core   0: 3 0x8000b3e4 (0xc23f2023) mem 0x8000d000 0x00000001
core   0: 0x8000b3e8 (0x0000bfe5) c.j     pc - 8
core   0: 3 0x8000b3e8 (0xbfe5)
core   0: 0x8000b3e0 (0x00002f17) auipc   t5, 0x2
core   0: 3 0x8000b3e0 (0x00002f17) x30 0x8000d3e0
core   0: 0x8000b3e4 (0xc23f2023) sw      gp, -992(t5)
core   0: 3 0x8000b3e4 (0xc23f2023) mem 0x8000d000 0x00000001
core   0: 0x8000b3e8 (0x0000bfe5) c.j     pc - 8
core   0: 3 0x8000b3e8 (0xbfe5)
core   0: 0x8000b3e0 (0x00002f17) auipc   t5, 0x2
core   0: 3 0x8000b3e0 (0x00002f17) x30 0x8000d3e0
core   0: 0x8000b3e4 (0xc23f2023) sw      gp, -992(t5)
core   0: 3 0x8000b3e4 (0xc23f2023) mem 0x8000d000 0x00000001
core   0: 0x8000b3e8 (0x0000bfe5) c.j     pc - 8
core   0: 3 0x8000b3e8 (0xbfe5)
core   0: 0x8000b3e0 (0x00002f17) auipc   t5, 0x2
core   0: 3 0x8000b3e0 (0x00002f17) x30 0x8000d3e0
core   0: 0x8000b3e4 (0xc23f2023) sw      gp, -992(t5)
core   0: 3 0x8000b3e4 (0xc23f2023) mem 0x8000d000 0x00000001
core   0: 0x8000b3e8 (0x0000bfe5) c.j     pc - 8
core   0: 3 0x8000b3e8 (0xbfe5)
core   0: 0x8000b3e0 (0x00002f17) auipc   t5, 0x2
core   0: 3 0x8000b3e0 (0x00002f17) x30 0x8000d3e0
core   0: 0x8000b3e4 (0xc23f2023) sw      gp, -992(t5)
core   0: 3 0x8000b3e4 (0xc23f2023) mem 0x8000d000 0x00000001
core   0: 0x8000b3e8 (0x0000bfe5) c.j     pc - 8
core   0: 3 0x8000b3e8 (0xbfe5)
core   0: 0x8000b3e0 (0x00002f17) auipc   t5, 0x2
core   0: 3 0x8000b3e0 (0x00002f17) x30 0x8000d3e0
core   0: 0x8000b3e4 (0xc23f2023) sw      gp, -992(t5)
core   0: 3 0x8000b3e4 (0xc23f2023) mem 0x8000d000 0x00000001
core   0: 0x8000b3e8 (0x0000bfe5) c.j     pc - 8
core   0: 3 0x8000b3e8 (0xbfe5)
core   0: 0x8000b3e0 (0x00002f17) auipc   t5, 0x2
core   0: 3 0x8000b3e0 (0x00002f17) x30 0x8000d3e0
core   0: 0x8000b3e4 (0xc23f2023) sw      gp, -992(t5)
core   0: 3 0x8000b3e4 (0xc23f2023) mem 0x8000d000 0x00000001
core   0: 0x8000b3e8 (0x0000bfe5) c.j     pc - 8
core   0: 3 0x8000b3e8 (0xbfe5)
core   0: 0x8000b3e0 (0x00002f17) auipc   t5, 0x2
core   0: 3 0x8000b3e0 (0x00002f17) x30 0x8000d3e0
core   0: 0x8000b3e4 (0xc23f2023) sw      gp, -992(t5)
core   0: 3 0x8000b3e4 (0xc23f2023) mem 0x8000d000 0x00000001
core   0: 0x8000b3e8 (0x0000bfe5) c.j     pc - 8
core   0: 3 0x8000b3e8 (0xbfe5)
core   0: 0x8000b3e0 (0x00002f17) auipc   t5, 0x2
core   0: 3 0x8000b3e0 (0x00002f17) x30 0x8000d3e0
core   0: 0x8000b3e4 (0xc23f2023) sw      gp, -992(t5)
core   0: 3 0x8000b3e4 (0xc23f2023) mem 0x8000d000 0x00000001
core   0: 0x8000b3e8 (0x0000bfe5) c.j     pc - 8
core   0: 3 0x8000b3e8 (0xbfe5)
core   0: 0x8000b3e0 (0x00002f17) auipc   t5, 0x2
core   0: 3 0x8000b3e0 (0x00002f17) x30 0x8000d3e0
core   0: 0x8000b3e4 (0xc23f2023) sw      gp, -992(t5)
core   0: 3 0x8000b3e4 (0xc23f2023) mem 0x8000d000 0x00000001
core   0: 0x8000b3e8 (0x0000bfe5) c.j     pc - 8
core   0: 3 0x8000b3e8 (0xbfe5)
core   0: 0x8000b3e0 (0x00002f17) auipc   t5, 0x2
core   0: 3 0x8000b3e0 (0x00002f17) x30 0x8000d3e0
core   0: 0x8000b3e4 (0xc23f2023) sw      gp, -992(t5)
core   0: 3 0x8000b3e4 (0xc23f2023) mem 0x8000d000 0x00000001
core   0: 0x8000b3e8 (0x0000bfe5) c.j     pc - 8
core   0: 3 0x8000b3e8 (0xbfe5)
core   0: 0x8000b3e0 (0x00002f17) auipc   t5, 0x2
core   0: 3 0x8000b3e0 (0x00002f17) x30 0x8000d3e0
core   0: 0x8000b3e4 (0xc23f2023) sw      gp, -992(t5)
core   0: 3 0x8000b3e4 (0xc23f2023) mem 0x8000d000 0x00000001
core   0: 0x8000b3e8 (0x0000bfe5) c.j     pc - 8
core   0: 3 0x8000b3e8 (0xbfe5)
core   0: 0x8000b3e0 (0x00002f17) auipc   t5, 0x2
core   0: 3 0x8000b3e0 (0x00002f17) x30 0x8000d3e0
core   0: 0x8000b3e4 (0xc23f2023) sw      gp, -992(t5)
core   0: 3 0x8000b3e4 (0xc23f2023) mem 0x8000d000 0x00000001
core   0: 0x8000b3e8 (0x0000bfe5) c.j     pc - 8
core   0: 3 0x8000b3e8 (0xbfe5)
core   0: 0x8000b3e0 (0x00002f17) auipc   t5, 0x2
core   0: 3 0x8000b3e0 (0x00002f17) x30 0x8000d3e0
core   0: 0x8000b3e4 (0xc23f2023) sw      gp, -992(t5)
core   0: 3 0x8000b3e4 (0xc23f2023) mem 0x8000d000 0x00000001
core   0: 0x8000b3e8 (0x0000bfe5) c.j     pc - 8
core   0: 3 0x8000b3e8 (0xbfe5)
core   0: 0x8000b3e0 (0x00002f17) auipc   t5, 0x2
core   0: 3 0x8000b3e0 (0x00002f17) x30 0x8000d3e0
core   0: 0x8000b3e4 (0xc23f2023) sw      gp, -992(t5)
core   0: 3 0x8000b3e4 (0xc23f2023) mem 0x8000d000 0x00000001
core   0: 0x8000b3e8 (0x0000bfe5) c.j     pc - 8
core   0: 3 0x8000b3e8 (0xbfe5)
core   0: 0x8000b3e0 (0x00002f17) auipc   t5, 0x2
core   0: 3 0x8000b3e0 (0x00002f17) x30 0x8000d3e0
core   0: 0x8000b3e4 (0xc23f2023) sw      gp, -992(t5)
core   0: 3 0x8000b3e4 (0xc23f2023) mem 0x8000d000 0x00000001
core   0: 0x8000b3e8 (0x0000bfe5) c.j     pc - 8
core   0: 3 0x8000b3e8 (0xbfe5)
core   0: 0x8000b3e0 (0x00002f17) auipc   t5, 0x2
core   0: 3 0x8000b3e0 (0x00002f17) x30 0x8000d3e0
core   0: 0x8000b3e4 (0xc23f2023) sw      gp, -992(t5)
core   0: 3 0x8000b3e4 (0xc23f2023) mem 0x8000d000 0x00000001
core   0: 0x8000b3e8 (0x0000bfe5) c.j     pc - 8
core   0: 3 0x8000b3e8 (0xbfe5)
core   0: 0x8000b3e0 (0x00002f17) auipc   t5, 0x2
core   0: 3 0x8000b3e0 (0x00002f17) x30 0x8000d3e0
core   0: 0x8000b3e4 (0xc23f2023) sw      gp, -992(t5)
core   0: 3 0x8000b3e4 (0xc23f2023) mem 0x8000d000 0x00000001
core   0: 0x8000b3e8 (0x0000bfe5) c.j     pc - 8
core   0: 3 0x8000b3e8 (0xbfe5)
core   0: 0x8000b3e0 (0x00002f17) auipc   t5, 0x2
core   0: 3 0x8000b3e0 (0x00002f17) x30 0x8000d3e0
core   0: 0x8000b3e4 (0xc23f2023) sw      gp, -992(t5)
core   0: 3 0x8000b3e4 (0xc23f2023) mem 0x8000d000 0x00000001
core   0: 0x8000b3e8 (0x0000bfe5) c.j     pc - 8
core   0: 3 0x8000b3e8 (0xbfe5)
core   0: 0x8000b3e0 (0x00002f17) auipc   t5, 0x2
core   0: 3 0x8000b3e0 (0x00002f17) x30 0x8000d3e0
core   0: 0x8000b3e4 (0xc23f2023) sw      gp, -992(t5)
core   0: 3 0x8000b3e4 (0xc23f2023) mem 0x8000d000 0x00000001
core   0: 0x8000b3e8 (0x0000bfe5) c.j     pc - 8
core   0: 3 0x8000b3e8 (0xbfe5)
core   0: 0x8000b3e0 (0x00002f17) auipc   t5, 0x2
core   0: 3 0x8000b3e0 (0x00002f17) x30 0x8000d3e0
core   0: 0x8000b3e4 (0xc23f2023) sw      gp, -992(t5)
core   0: 3 0x8000b3e4 (0xc23f2023) mem 0x8000d000 0x00000001
core   0: 0x8000b3e8 (0x0000bfe5) c.j     pc - 8
core   0: 3 0x8000b3e8 (0xbfe5)
core   0: 0x8000b3e0 (0x00002f17) auipc   t5, 0x2
core   0: 3 0x8000b3e0 (0x00002f17) x30 0x8000d3e0
core   0: 0x8000b3e4 (0xc23f2023) sw      gp, -992(t5)
core   0: 3 0x8000b3e4 (0xc23f2023) mem 0x8000d000 0x00000001
core   0: 0x8000b3e8 (0x0000bfe5) c.j     pc - 8
core   0: 3 0x8000b3e8 (0xbfe5)
core   0: 0x8000b3e0 (0x00002f17) auipc   t5, 0x2
core   0: 3 0x8000b3e0 (0x00002f17) x30 0x8000d3e0
core   0: 0x8000b3e4 (0xc23f2023) sw      gp, -992(t5)
core   0: 3 0x8000b3e4 (0xc23f2023) mem 0x8000d000 0x00000001
core   0: 0x8000b3e8 (0x0000bfe5) c.j     pc - 8
core   0: 3 0x8000b3e8 (0xbfe5)
core   0: 0x8000b3e0 (0x00002f17) auipc   t5, 0x2
core   0: 3 0x8000b3e0 (0x00002f17) x30 0x8000d3e0
core   0: 0x8000b3e4 (0xc23f2023) sw      gp, -992(t5)
core   0: 3 0x8000b3e4 (0xc23f2023) mem 0x8000d000 0x00000001
core   0: 0x8000b3e8 (0x0000bfe5) c.j     pc - 8
core   0: 3 0x8000b3e8 (0xbfe5)
core   0: 0x8000b3e0 (0x00002f17) auipc   t5, 0x2
core   0: 3 0x8000b3e0 (0x00002f17) x30 0x8000d3e0
core   0: 0x8000b3e4 (0xc23f2023) sw      gp, -992(t5)
core   0: 3 0x8000b3e4 (0xc23f2023) mem 0x8000d000 0x00000001
core   0: 0x8000b3e8 (0x0000bfe5) c.j     pc - 8
core   0: 3 0x8000b3e8 (0xbfe5)
core   0: 0x8000b3e0 (0x00002f17) auipc   t5, 0x2
core   0: 3 0x8000b3e0 (0x00002f17) x30 0x8000d3e0
core   0: 0x8000b3e4 (0xc23f2023) sw      gp, -992(t5)
core   0: 3 0x8000b3e4 (0xc23f2023) mem 0x8000d000 0x00000001
core   0: 0x8000b3e8 (0x0000bfe5) c.j     pc - 8
core   0: 3 0x8000b3e8 (0xbfe5)
core   0: 0x8000b3e0 (0x00002f17) auipc   t5, 0x2
core   0: 3 0x8000b3e0 (0x00002f17) x30 0x8000d3e0
core   0: 0x8000b3e4 (0xc23f2023) sw      gp, -992(t5)
core   0: 3 0x8000b3e4 (0xc23f2023) mem 0x8000d000 0x00000001
core   0: 0x8000b3e8 (0x0000bfe5) c.j     pc - 8
core   0: 3 0x8000b3e8 (0xbfe5)
core   0: 0x8000b3e0 (0x00002f17) auipc   t5, 0x2
core   0: 3 0x8000b3e0 (0x00002f17) x30 0x8000d3e0
core   0: 0x8000b3e4 (0xc23f2023) sw      gp, -992(t5)
core   0: 3 0x8000b3e4 (0xc23f2023) mem 0x8000d000 0x00000001
core   0: 0x8000b3e8 (0x0000bfe5) c.j     pc - 8
core   0: 3 0x8000b3e8 (0xbfe5)
core   0: 0x8000b3e0 (0x00002f17) auipc   t5, 0x2
core   0: 3 0x8000b3e0 (0x00002f17) x30 0x8000d3e0
core   0: 0x8000b3e4 (0xc23f2023) sw      gp, -992(t5)
core   0: 3 0x8000b3e4 (0xc23f2023) mem 0x8000d000 0x00000001
core   0: 0x8000b3e8 (0x0000bfe5) c.j     pc - 8
core   0: 3 0x8000b3e8 (0xbfe5)
core   0: 0x8000b3e0 (0x00002f17) auipc   t5, 0x2
core   0: 3 0x8000b3e0 (0x00002f17) x30 0x8000d3e0
core   0: 0x8000b3e4 (0xc23f2023) sw      gp, -992(t5)
core   0: 3 0x8000b3e4 (0xc23f2023) mem 0x8000d000 0x00000001
core   0: 0x8000b3e8 (0x0000bfe5) c.j     pc - 8
core   0: 3 0x8000b3e8 (0xbfe5)
core   0: 0x8000b3e0 (0x00002f17) auipc   t5, 0x2
core   0: 3 0x8000b3e0 (0x00002f17) x30 0x8000d3e0
core   0: 0x8000b3e4 (0xc23f2023) sw      gp, -992(t5)
core   0: 3 0x8000b3e4 (0xc23f2023) mem 0x8000d000 0x00000001
core   0: 0x8000b3e8 (0x0000bfe5) c.j     pc - 8
core   0: 3 0x8000b3e8 (0xbfe5)
core   0: 0x8000b3e0 (0x00002f17) auipc   t5, 0x2
core   0: 3 0x8000b3e0 (0x00002f17) x30 0x8000d3e0
core   0: 0x8000b3e4 (0xc23f2023) sw      gp, -992(t5)
core   0: 3 0x8000b3e4 (0xc23f2023) mem 0x8000d000 0x00000001
core   0: 0x8000b3e8 (0x0000bfe5) c.j     pc - 8
core   0: 3 0x8000b3e8 (0xbfe5)
core   0: 0x8000b3e0 (0x00002f17) auipc   t5, 0x2
core   0: 3 0x8000b3e0 (0x00002f17) x30 0x8000d3e0
core   0: 0x8000b3e4 (0xc23f2023) sw      gp, -992(t5)
core   0: 3 0x8000b3e4 (0xc23f2023) mem 0x8000d000 0x00000001
core   0: 0x8000b3e8 (0x0000bfe5) c.j     pc - 8
core   0: 3 0x8000b3e8 (0xbfe5)
core   0: 0x8000b3e0 (0x00002f17) auipc   t5, 0x2
core   0: 3 0x8000b3e0 (0x00002f17) x30 0x8000d3e0
core   0: 0x8000b3e4 (0xc23f2023) sw      gp, -992(t5)
core   0: 3 0x8000b3e4 (0xc23f2023) mem 0x8000d000 0x00000001
core   0: 0x8000b3e8 (0x0000bfe5) c.j     pc - 8
core   0: 3 0x8000b3e8 (0xbfe5)
core   0: 0x8000b3e0 (0x00002f17) auipc   t5, 0x2
core   0: 3 0x8000b3e0 (0x00002f17) x30 0x8000d3e0
core   0: 0x8000b3e4 (0xc23f2023) sw      gp, -992(t5)
core   0: 3 0x8000b3e4 (0xc23f2023) mem 0x8000d000 0x00000001
core   0: 0x8000b3e8 (0x0000bfe5) c.j     pc - 8
core   0: 3 0x8000b3e8 (0xbfe5)
core   0: 0x8000b3e0 (0x00002f17) auipc   t5, 0x2
core   0: 3 0x8000b3e0 (0x00002f17) x30 0x8000d3e0
core   0: 0x8000b3e4 (0xc23f2023) sw      gp, -992(t5)
core   0: 3 0x8000b3e4 (0xc23f2023) mem 0x8000d000 0x00000001
core   0: 0x8000b3e8 (0x0000bfe5) c.j     pc - 8
core   0: 3 0x8000b3e8 (0xbfe5)
core   0: 0x8000b3e0 (0x00002f17) auipc   t5, 0x2
core   0: 3 0x8000b3e0 (0x00002f17) x30 0x8000d3e0
core   0: 0x8000b3e4 (0xc23f2023) sw      gp, -992(t5)
core   0: 3 0x8000b3e4 (0xc23f2023) mem 0x8000d000 0x00000001
core   0: 0x8000b3e8 (0x0000bfe5) c.j     pc - 8
core   0: 3 0x8000b3e8 (0xbfe5)
core   0: 0x8000b3e0 (0x00002f17) auipc   t5, 0x2
core   0: 3 0x8000b3e0 (0x00002f17) x30 0x8000d3e0
core   0: 0x8000b3e4 (0xc23f2023) sw      gp, -992(t5)
core   0: 3 0x8000b3e4 (0xc23f2023) mem 0x8000d000 0x00000001
core   0: 0x8000b3e8 (0x0000bfe5) c.j     pc - 8
core   0: 3 0x8000b3e8 (0xbfe5)
core   0: 0x8000b3e0 (0x00002f17) auipc   t5, 0x2
core   0: 3 0x8000b3e0 (0x00002f17) x30 0x8000d3e0
core   0: 0x8000b3e4 (0xc23f2023) sw      gp, -992(t5)
core   0: 3 0x8000b3e4 (0xc23f2023) mem 0x8000d000 0x00000001
core   0: 0x8000b3e8 (0x0000bfe5) c.j     pc - 8
core   0: 3 0x8000b3e8 (0xbfe5)
core   0: 0x8000b3e0 (0x00002f17) auipc   t5, 0x2
core   0: 3 0x8000b3e0 (0x00002f17) x30 0x8000d3e0
core   0: 0x8000b3e4 (0xc23f2023) sw      gp, -992(t5)
core   0: 3 0x8000b3e4 (0xc23f2023) mem 0x8000d000 0x00000001
core   0: 0x8000b3e8 (0x0000bfe5) c.j     pc - 8
core   0: 3 0x8000b3e8 (0xbfe5)
core   0: 0x8000b3e0 (0x00002f17) auipc   t5, 0x2
core   0: 3 0x8000b3e0 (0x00002f17) x30 0x8000d3e0
core   0: 0x8000b3e4 (0xc23f2023) sw      gp, -992(t5)
core   0: 3 0x8000b3e4 (0xc23f2023) mem 0x8000d000 0x00000001
core   0: 0x8000b3e8 (0x0000bfe5) c.j     pc - 8
core   0: 3 0x8000b3e8 (0xbfe5)
core   0: 0x8000b3e0 (0x00002f17) auipc   t5, 0x2
core   0: 3 0x8000b3e0 (0x00002f17) x30 0x8000d3e0
core   0: 0x8000b3e4 (0xc23f2023) sw      gp, -992(t5)
core   0: 3 0x8000b3e4 (0xc23f2023) mem 0x8000d000 0x00000001
core   0: 0x8000b3e8 (0x0000bfe5) c.j     pc - 8
core   0: 3 0x8000b3e8 (0xbfe5)
core   0: 0x8000b3e0 (0x00002f17) auipc   t5, 0x2
core   0: 3 0x8000b3e0 (0x00002f17) x30 0x8000d3e0
core   0: 0x8000b3e4 (0xc23f2023) sw      gp, -992(t5)
core   0: 3 0x8000b3e4 (0xc23f2023) mem 0x8000d000 0x00000001
core   0: 0x8000b3e8 (0x0000bfe5) c.j     pc - 8
core   0: 3 0x8000b3e8 (0xbfe5)
core   0: 0x8000b3e0 (0x00002f17) auipc   t5, 0x2
core   0: 3 0x8000b3e0 (0x00002f17) x30 0x8000d3e0
core   0: 0x8000b3e4 (0xc23f2023) sw      gp, -992(t5)
core   0: 3 0x8000b3e4 (0xc23f2023) mem 0x8000d000 0x00000001
core   0: 0x8000b3e8 (0x0000bfe5) c.j     pc - 8
core   0: 3 0x8000b3e8 (0xbfe5)
core   0: 0x8000b3e0 (0x00002f17) auipc   t5, 0x2
core   0: 3 0x8000b3e0 (0x00002f17) x30 0x8000d3e0
core   0: 0x8000b3e4 (0xc23f2023) sw      gp, -992(t5)
core   0: 3 0x8000b3e4 (0xc23f2023) mem 0x8000d000 0x00000001
core   0: 0x8000b3e8 (0x0000bfe5) c.j     pc - 8
core   0: 3 0x8000b3e8 (0xbfe5)
core   0: 0x8000b3e0 (0x00002f17) auipc   t5, 0x2
core   0: 3 0x8000b3e0 (0x00002f17) x30 0x8000d3e0
core   0: 0x8000b3e4 (0xc23f2023) sw      gp, -992(t5)
core   0: 3 0x8000b3e4 (0xc23f2023) mem 0x8000d000 0x00000001
core   0: 0x8000b3e8 (0x0000bfe5) c.j     pc - 8
core   0: 3 0x8000b3e8 (0xbfe5)
core   0: 0x8000b3e0 (0x00002f17) auipc   t5, 0x2
core   0: 3 0x8000b3e0 (0x00002f17) x30 0x8000d3e0
core   0: 0x8000b3e4 (0xc23f2023) sw      gp, -992(t5)
core   0: 3 0x8000b3e4 (0xc23f2023) mem 0x8000d000 0x00000001
core   0: 0x8000b3e8 (0x0000bfe5) c.j     pc - 8
core   0: 3 0x8000b3e8 (0xbfe5)
core   0: 0x8000b3e0 (0x00002f17) auipc   t5, 0x2
core   0: 3 0x8000b3e0 (0x00002f17) x30 0x8000d3e0
core   0: 0x8000b3e4 (0xc23f2023) sw      gp, -992(t5)
core   0: 3 0x8000b3e4 (0xc23f2023) mem 0x8000d000 0x00000001
core   0: 0x8000b3e8 (0x0000bfe5) c.j     pc - 8
core   0: 3 0x8000b3e8 (0xbfe5)
core   0: 0x8000b3e0 (0x00002f17) auipc   t5, 0x2
core   0: 3 0x8000b3e0 (0x00002f17) x30 0x8000d3e0
core   0: 0x8000b3e4 (0xc23f2023) sw      gp, -992(t5)
core   0: 3 0x8000b3e4 (0xc23f2023) mem 0x8000d000 0x00000001
core   0: 0x8000b3e8 (0x0000bfe5) c.j     pc - 8
core   0: 3 0x8000b3e8 (0xbfe5)
core   0: 0x8000b3e0 (0x00002f17) auipc   t5, 0x2
core   0: 3 0x8000b3e0 (0x00002f17) x30 0x8000d3e0
core   0: 0x8000b3e4 (0xc23f2023) sw      gp, -992(t5)
core   0: 3 0x8000b3e4 (0xc23f2023) mem 0x8000d000 0x00000001
core   0: 0x8000b3e8 (0x0000bfe5) c.j     pc - 8
core   0: 3 0x8000b3e8 (0xbfe5)
core   0: 0x8000b3e0 (0x00002f17) auipc   t5, 0x2
core   0: 3 0x8000b3e0 (0x00002f17) x30 0x8000d3e0
core   0: 0x8000b3e4 (0xc23f2023) sw      gp, -992(t5)
core   0: 3 0x8000b3e4 (0xc23f2023) mem 0x8000d000 0x00000001
core   0: 0x8000b3e8 (0x0000bfe5) c.j     pc - 8
core   0: 3 0x8000b3e8 (0xbfe5)
core   0: 0x8000b3e0 (0x00002f17) auipc   t5, 0x2
core   0: 3 0x8000b3e0 (0x00002f17) x30 0x8000d3e0
core   0: 0x8000b3e4 (0xc23f2023) sw      gp, -992(t5)
core   0: 3 0x8000b3e4 (0xc23f2023) mem 0x8000d000 0x00000001
core   0: 0x8000b3e8 (0x0000bfe5) c.j     pc - 8
core   0: 3 0x8000b3e8 (0xbfe5)
core   0: 0x8000b3e0 (0x00002f17) auipc   t5, 0x2
core   0: 3 0x8000b3e0 (0x00002f17) x30 0x8000d3e0
core   0: 0x8000b3e4 (0xc23f2023) sw      gp, -992(t5)
core   0: 3 0x8000b3e4 (0xc23f2023) mem 0x8000d000 0x00000001
core   0: 0x8000b3e8 (0x0000bfe5) c.j     pc - 8
core   0: 3 0x8000b3e8 (0xbfe5)
core   0: 0x8000b3e0 (0x00002f17) auipc   t5, 0x2
core   0: 3 0x8000b3e0 (0x00002f17) x30 0x8000d3e0
core   0: 0x8000b3e4 (0xc23f2023) sw      gp, -992(t5)
core   0: 3 0x8000b3e4 (0xc23f2023) mem 0x8000d000 0x00000001
core   0: 0x8000b3e8 (0x0000bfe5) c.j     pc - 8
core   0: 3 0x8000b3e8 (0xbfe5)
core   0: 0x8000b3e0 (0x00002f17) auipc   t5, 0x2
core   0: 3 0x8000b3e0 (0x00002f17) x30 0x8000d3e0
core   0: 0x8000b3e4 (0xc23f2023) sw      gp, -992(t5)
core   0: 3 0x8000b3e4 (0xc23f2023) mem 0x8000d000 0x00000001
core   0: 0x8000b3e8 (0x0000bfe5) c.j     pc - 8
core   0: 3 0x8000b3e8 (0xbfe5)
core   0: 0x8000b3e0 (0x00002f17) auipc   t5, 0x2
core   0: 3 0x8000b3e0 (0x00002f17) x30 0x8000d3e0
core   0: 0x8000b3e4 (0xc23f2023) sw      gp, -992(t5)
core   0: 3 0x8000b3e4 (0xc23f2023) mem 0x8000d000 0x00000001
core   0: 0x8000b3e8 (0x0000bfe5) c.j     pc - 8
core   0: 3 0x8000b3e8 (0xbfe5)
core   0: 0x8000b3e0 (0x00002f17) auipc   t5, 0x2
core   0: 3 0x8000b3e0 (0x00002f17) x30 0x8000d3e0
core   0: 0x8000b3e4 (0xc23f2023) sw      gp, -992(t5)
core   0: 3 0x8000b3e4 (0xc23f2023) mem 0x8000d000 0x00000001
core   0: 0x8000b3e8 (0x0000bfe5) c.j     pc - 8
core   0: 3 0x8000b3e8 (0xbfe5)
core   0: 0x8000b3e0 (0x00002f17) auipc   t5, 0x2
core   0: 3 0x8000b3e0 (0x00002f17) x30 0x8000d3e0
core   0: 0x8000b3e4 (0xc23f2023) sw      gp, -992(t5)
core   0: 3 0x8000b3e4 (0xc23f2023) mem 0x8000d000 0x00000001
core   0: 0x8000b3e8 (0x0000bfe5) c.j     pc - 8
core   0: 3 0x8000b3e8 (0xbfe5)
core   0: 0x8000b3e0 (0x00002f17) auipc   t5, 0x2
core   0: 3 0x8000b3e0 (0x00002f17) x30 0x8000d3e0
core   0: 0x8000b3e4 (0xc23f2023) sw      gp, -992(t5)
core   0: 3 0x8000b3e4 (0xc23f2023) mem 0x8000d000 0x00000001
core   0: 0x8000b3e8 (0x0000bfe5) c.j     pc - 8
core   0: 3 0x8000b3e8 (0xbfe5)
core   0: 0x8000b3e0 (0x00002f17) auipc   t5, 0x2
core   0: 3 0x8000b3e0 (0x00002f17) x30 0x8000d3e0
core   0: 0x8000b3e4 (0xc23f2023) sw      gp, -992(t5)
core   0: 3 0x8000b3e4 (0xc23f2023) mem 0x8000d000 0x00000001
core   0: 0x8000b3e8 (0x0000bfe5) c.j     pc - 8
core   0: 3 0x8000b3e8 (0xbfe5)
core   0: 0x8000b3e0 (0x00002f17) auipc   t5, 0x2
core   0: 3 0x8000b3e0 (0x00002f17) x30 0x8000d3e0
core   0: 0x8000b3e4 (0xc23f2023) sw      gp, -992(t5)
core   0: 3 0x8000b3e4 (0xc23f2023) mem 0x8000d000 0x00000001
core   0: 0x8000b3e8 (0x0000bfe5) c.j     pc - 8
core   0: 3 0x8000b3e8 (0xbfe5)
core   0: 0x8000b3e0 (0x00002f17) auipc   t5, 0x2
core   0: 3 0x8000b3e0 (0x00002f17) x30 0x8000d3e0
core   0: 0x8000b3e4 (0xc23f2023) sw      gp, -992(t5)
core   0: 3 0x8000b3e4 (0xc23f2023) mem 0x8000d000 0x00000001
core   0: 0x8000b3e8 (0x0000bfe5) c.j     pc - 8
core   0: 3 0x8000b3e8 (0xbfe5)
core   0: 0x8000b3e0 (0x00002f17) auipc   t5, 0x2
core   0: 3 0x8000b3e0 (0x00002f17) x30 0x8000d3e0
core   0: 0x8000b3e4 (0xc23f2023) sw      gp, -992(t5)
core   0: 3 0x8000b3e4 (0xc23f2023) mem 0x8000d000 0x00000001
core   0: 0x8000b3e8 (0x0000bfe5) c.j     pc - 8
core   0: 3 0x8000b3e8 (0xbfe5)
core   0: 0x8000b3e0 (0x00002f17) auipc   t5, 0x2
core   0: 3 0x8000b3e0 (0x00002f17) x30 0x8000d3e0
core   0: 0x8000b3e4 (0xc23f2023) sw      gp, -992(t5)
core   0: 3 0x8000b3e4 (0xc23f2023) mem 0x8000d000 0x00000001
core   0: 0x8000b3e8 (0x0000bfe5) c.j     pc - 8
core   0: 3 0x8000b3e8 (0xbfe5)
core   0: 0x8000b3e0 (0x00002f17) auipc   t5, 0x2
core   0: 3 0x8000b3e0 (0x00002f17) x30 0x8000d3e0
core   0: 0x8000b3e4 (0xc23f2023) sw      gp, -992(t5)
core   0: 3 0x8000b3e4 (0xc23f2023) mem 0x8000d000 0x00000001
core   0: 0x8000b3e8 (0x0000bfe5) c.j     pc - 8
core   0: 3 0x8000b3e8 (0xbfe5)
core   0: 0x8000b3e0 (0x00002f17) auipc   t5, 0x2
core   0: 3 0x8000b3e0 (0x00002f17) x30 0x8000d3e0
core   0: 0x8000b3e4 (0xc23f2023) sw      gp, -992(t5)
core   0: 3 0x8000b3e4 (0xc23f2023) mem 0x8000d000 0x00000001
core   0: 0x8000b3e8 (0x0000bfe5) c.j     pc - 8
core   0: 3 0x8000b3e8 (0xbfe5)
core   0: 0x8000b3e0 (0x00002f17) auipc   t5, 0x2
core   0: 3 0x8000b3e0 (0x00002f17) x30 0x8000d3e0
core   0: 0x8000b3e4 (0xc23f2023) sw      gp, -992(t5)
core   0: 3 0x8000b3e4 (0xc23f2023) mem 0x8000d000 0x00000001
core   0: 0x8000b3e8 (0x0000bfe5) c.j     pc - 8
core   0: 3 0x8000b3e8 (0xbfe5)
core   0: 0x8000b3e0 (0x00002f17) auipc   t5, 0x2
core   0: 3 0x8000b3e0 (0x00002f17) x30 0x8000d3e0
core   0: 0x8000b3e4 (0xc23f2023) sw      gp, -992(t5)
core   0: 3 0x8000b3e4 (0xc23f2023) mem 0x8000d000 0x00000001
core   0: 0x8000b3e8 (0x0000bfe5) c.j     pc - 8
core   0: 3 0x8000b3e8 (0xbfe5)
core   0: 0x8000b3e0 (0x00002f17) auipc   t5, 0x2
core   0: 3 0x8000b3e0 (0x00002f17) x30 0x8000d3e0
core   0: 0x8000b3e4 (0xc23f2023) sw      gp, -992(t5)
core   0: 3 0x8000b3e4 (0xc23f2023) mem 0x8000d000 0x00000001
core   0: 0x8000b3e8 (0x0000bfe5) c.j     pc - 8
core   0: 3 0x8000b3e8 (0xbfe5)
core   0: 0x8000b3e0 (0x00002f17) auipc   t5, 0x2
core   0: 3 0x8000b3e0 (0x00002f17) x30 0x8000d3e0
core   0: 0x8000b3e4 (0xc23f2023) sw      gp, -992(t5)
core   0: 3 0x8000b3e4 (0xc23f2023) mem 0x8000d000 0x00000001
core   0: 0x8000b3e8 (0x0000bfe5) c.j     pc - 8
core   0: 3 0x8000b3e8 (0xbfe5)
core   0: 0x8000b3e0 (0x00002f17) auipc   t5, 0x2
core   0: 3 0x8000b3e0 (0x00002f17) x30 0x8000d3e0
core   0: 0x8000b3e4 (0xc23f2023) sw      gp, -992(t5)
core   0: 3 0x8000b3e4 (0xc23f2023) mem 0x8000d000 0x00000001
core   0: 0x8000b3e8 (0x0000bfe5) c.j     pc - 8
core   0: 3 0x8000b3e8 (0xbfe5)
core   0: 0x8000b3e0 (0x00002f17) auipc   t5, 0x2
core   0: 3 0x8000b3e0 (0x00002f17) x30 0x8000d3e0
core   0: 0x8000b3e4 (0xc23f2023) sw      gp, -992(t5)
core   0: 3 0x8000b3e4 (0xc23f2023) mem 0x8000d000 0x00000001
core   0: 0x8000b3e8 (0x0000bfe5) c.j     pc - 8
core   0: 3 0x8000b3e8 (0xbfe5)
core   0: 0x8000b3e0 (0x00002f17) auipc   t5, 0x2
core   0: 3 0x8000b3e0 (0x00002f17) x30 0x8000d3e0
core   0: 0x8000b3e4 (0xc23f2023) sw      gp, -992(t5)
core   0: 3 0x8000b3e4 (0xc23f2023) mem 0x8000d000 0x00000001
core   0: 0x8000b3e8 (0x0000bfe5) c.j     pc - 8
core   0: 3 0x8000b3e8 (0xbfe5)
core   0: 0x8000b3e0 (0x00002f17) auipc   t5, 0x2
core   0: 3 0x8000b3e0 (0x00002f17) x30 0x8000d3e0
core   0: 0x8000b3e4 (0xc23f2023) sw      gp, -992(t5)
core   0: 3 0x8000b3e4 (0xc23f2023) mem 0x8000d000 0x00000001
core   0: 0x8000b3e8 (0x0000bfe5) c.j     pc - 8
core   0: 3 0x8000b3e8 (0xbfe5)
core   0: 0x8000b3e0 (0x00002f17) auipc   t5, 0x2
core   0: 3 0x8000b3e0 (0x00002f17) x30 0x8000d3e0
core   0: 0x8000b3e4 (0xc23f2023) sw      gp, -992(t5)
core   0: 3 0x8000b3e4 (0xc23f2023) mem 0x8000d000 0x00000001
core   0: 0x8000b3e8 (0x0000bfe5) c.j     pc - 8
core   0: 3 0x8000b3e8 (0xbfe5)
core   0: 0x8000b3e0 (0x00002f17) auipc   t5, 0x2
core   0: 3 0x8000b3e0 (0x00002f17) x30 0x8000d3e0
core   0: 0x8000b3e4 (0xc23f2023) sw      gp, -992(t5)
core   0: 3 0x8000b3e4 (0xc23f2023) mem 0x8000d000 0x00000001
core   0: 0x8000b3e8 (0x0000bfe5) c.j     pc - 8
core   0: 3 0x8000b3e8 (0xbfe5)
core   0: 0x8000b3e0 (0x00002f17) auipc   t5, 0x2
core   0: 3 0x8000b3e0 (0x00002f17) x30 0x8000d3e0
core   0: 0x8000b3e4 (0xc23f2023) sw      gp, -992(t5)
core   0: 3 0x8000b3e4 (0xc23f2023) mem 0x8000d000 0x00000001
core   0: 0x8000b3e8 (0x0000bfe5) c.j     pc - 8
core   0: 3 0x8000b3e8 (0xbfe5)
core   0: 0x8000b3e0 (0x00002f17) auipc   t5, 0x2
core   0: 3 0x8000b3e0 (0x00002f17) x30 0x8000d3e0
core   0: 0x8000b3e4 (0xc23f2023) sw      gp, -992(t5)
core   0: 3 0x8000b3e4 (0xc23f2023) mem 0x8000d000 0x00000001
core   0: 0x8000b3e8 (0x0000bfe5) c.j     pc - 8
core   0: 3 0x8000b3e8 (0xbfe5)
core   0: 0x8000b3e0 (0x00002f17) auipc   t5, 0x2
core   0: 3 0x8000b3e0 (0x00002f17) x30 0x8000d3e0
core   0: 0x8000b3e4 (0xc23f2023) sw      gp, -992(t5)
core   0: 3 0x8000b3e4 (0xc23f2023) mem 0x8000d000 0x00000001
core   0: 0x8000b3e8 (0x0000bfe5) c.j     pc - 8
core   0: 3 0x8000b3e8 (0xbfe5)
core   0: 0x8000b3e0 (0x00002f17) auipc   t5, 0x2
core   0: 3 0x8000b3e0 (0x00002f17) x30 0x8000d3e0
core   0: 0x8000b3e4 (0xc23f2023) sw      gp, -992(t5)
core   0: 3 0x8000b3e4 (0xc23f2023) mem 0x8000d000 0x00000001
core   0: 0x8000b3e8 (0x0000bfe5) c.j     pc - 8
core   0: 3 0x8000b3e8 (0xbfe5)
core   0: 0x8000b3e0 (0x00002f17) auipc   t5, 0x2
core   0: 3 0x8000b3e0 (0x00002f17) x30 0x8000d3e0
core   0: 0x8000b3e4 (0xc23f2023) sw      gp, -992(t5)
core   0: 3 0x8000b3e4 (0xc23f2023) mem 0x8000d000 0x00000001
core   0: 0x8000b3e8 (0x0000bfe5) c.j     pc - 8
core   0: 3 0x8000b3e8 (0xbfe5)
core   0: 0x8000b3e0 (0x00002f17) auipc   t5, 0x2
core   0: 3 0x8000b3e0 (0x00002f17) x30 0x8000d3e0
core   0: 0x8000b3e4 (0xc23f2023) sw      gp, -992(t5)
core   0: 3 0x8000b3e4 (0xc23f2023) mem 0x8000d000 0x00000001
core   0: 0x8000b3e8 (0x0000bfe5) c.j     pc - 8
core   0: 3 0x8000b3e8 (0xbfe5)
core   0: 0x8000b3e0 (0x00002f17) auipc   t5, 0x2
core   0: 3 0x8000b3e0 (0x00002f17) x30 0x8000d3e0
core   0: 0x8000b3e4 (0xc23f2023) sw      gp, -992(t5)
core   0: 3 0x8000b3e4 (0xc23f2023) mem 0x8000d000 0x00000001
core   0: 0x8000b3e8 (0x0000bfe5) c.j     pc - 8
core   0: 3 0x8000b3e8 (0xbfe5)
core   0: 0x8000b3e0 (0x00002f17) auipc   t5, 0x2
core   0: 3 0x8000b3e0 (0x00002f17) x30 0x8000d3e0
core   0: 0x8000b3e4 (0xc23f2023) sw      gp, -992(t5)
core   0: 3 0x8000b3e4 (0xc23f2023) mem 0x8000d000 0x00000001
core   0: 0x8000b3e8 (0x0000bfe5) c.j     pc - 8
core   0: 3 0x8000b3e8 (0xbfe5)
core   0: 0x8000b3e0 (0x00002f17) auipc   t5, 0x2
core   0: 3 0x8000b3e0 (0x00002f17) x30 0x8000d3e0
core   0: 0x8000b3e4 (0xc23f2023) sw      gp, -992(t5)
core   0: 3 0x8000b3e4 (0xc23f2023) mem 0x8000d000 0x00000001
core   0: 0x8000b3e8 (0x0000bfe5) c.j     pc - 8
core   0: 3 0x8000b3e8 (0xbfe5)
core   0: 0x8000b3e0 (0x00002f17) auipc   t5, 0x2
core   0: 3 0x8000b3e0 (0x00002f17) x30 0x8000d3e0
core   0: 0x8000b3e4 (0xc23f2023) sw      gp, -992(t5)
core   0: 3 0x8000b3e4 (0xc23f2023) mem 0x8000d000 0x00000001
core   0: 0x8000b3e8 (0x0000bfe5) c.j     pc - 8
core   0: 3 0x8000b3e8 (0xbfe5)
core   0: 0x8000b3e0 (0x00002f17) auipc   t5, 0x2
core   0: 3 0x8000b3e0 (0x00002f17) x30 0x8000d3e0
core   0: 0x8000b3e4 (0xc23f2023) sw      gp, -992(t5)
core   0: 3 0x8000b3e4 (0xc23f2023) mem 0x8000d000 0x00000001
core   0: 0x8000b3e8 (0x0000bfe5) c.j     pc - 8
core   0: 3 0x8000b3e8 (0xbfe5)
core   0: 0x8000b3e0 (0x00002f17) auipc   t5, 0x2
core   0: 3 0x8000b3e0 (0x00002f17) x30 0x8000d3e0
core   0: 0x8000b3e4 (0xc23f2023) sw      gp, -992(t5)
core   0: 3 0x8000b3e4 (0xc23f2023) mem 0x8000d000 0x00000001
core   0: 0x8000b3e8 (0x0000bfe5) c.j     pc - 8
core   0: 3 0x8000b3e8 (0xbfe5)
core   0: 0x8000b3e0 (0x00002f17) auipc   t5, 0x2
core   0: 3 0x8000b3e0 (0x00002f17) x30 0x8000d3e0
core   0: 0x8000b3e4 (0xc23f2023) sw      gp, -992(t5)
core   0: 3 0x8000b3e4 (0xc23f2023) mem 0x8000d000 0x00000001
core   0: 0x8000b3e8 (0x0000bfe5) c.j     pc - 8
core   0: 3 0x8000b3e8 (0xbfe5)
core   0: 0x8000b3e0 (0x00002f17) auipc   t5, 0x2
core   0: 3 0x8000b3e0 (0x00002f17) x30 0x8000d3e0
core   0: 0x8000b3e4 (0xc23f2023) sw      gp, -992(t5)
core   0: 3 0x8000b3e4 (0xc23f2023) mem 0x8000d000 0x00000001
core   0: 0x8000b3e8 (0x0000bfe5) c.j     pc - 8
core   0: 3 0x8000b3e8 (0xbfe5)
core   0: 0x8000b3e0 (0x00002f17) auipc   t5, 0x2
core   0: 3 0x8000b3e0 (0x00002f17) x30 0x8000d3e0
core   0: 0x8000b3e4 (0xc23f2023) sw      gp, -992(t5)
core   0: 3 0x8000b3e4 (0xc23f2023) mem 0x8000d000 0x00000001
core   0: 0x8000b3e8 (0x0000bfe5) c.j     pc - 8
core   0: 3 0x8000b3e8 (0xbfe5)
core   0: 0x8000b3e0 (0x00002f17) auipc   t5, 0x2
core   0: 3 0x8000b3e0 (0x00002f17) x30 0x8000d3e0
core   0: 0x8000b3e4 (0xc23f2023) sw      gp, -992(t5)
core   0: 3 0x8000b3e4 (0xc23f2023) mem 0x8000d000 0x00000001
core   0: 0x8000b3e8 (0x0000bfe5) c.j     pc - 8
core   0: 3 0x8000b3e8 (0xbfe5)
core   0: 0x8000b3e0 (0x00002f17) auipc   t5, 0x2
core   0: 3 0x8000b3e0 (0x00002f17) x30 0x8000d3e0
core   0: 0x8000b3e4 (0xc23f2023) sw      gp, -992(t5)
core   0: 3 0x8000b3e4 (0xc23f2023) mem 0x8000d000 0x00000001
core   0: 0x8000b3e8 (0x0000bfe5) c.j     pc - 8
core   0: 3 0x8000b3e8 (0xbfe5)
core   0: 0x8000b3e0 (0x00002f17) auipc   t5, 0x2
core   0: 3 0x8000b3e0 (0x00002f17) x30 0x8000d3e0
core   0: 0x8000b3e4 (0xc23f2023) sw      gp, -992(t5)
core   0: 3 0x8000b3e4 (0xc23f2023) mem 0x8000d000 0x00000001
core   0: 0x8000b3e8 (0x0000bfe5) c.j     pc - 8
core   0: 3 0x8000b3e8 (0xbfe5)
core   0: 0x8000b3e0 (0x00002f17) auipc   t5, 0x2
core   0: 3 0x8000b3e0 (0x00002f17) x30 0x8000d3e0
core   0: 0x8000b3e4 (0xc23f2023) sw      gp, -992(t5)
core   0: 3 0x8000b3e4 (0xc23f2023) mem 0x8000d000 0x00000001
core   0: 0x8000b3e8 (0x0000bfe5) c.j     pc - 8
core   0: 3 0x8000b3e8 (0xbfe5)
core   0: 0x8000b3e0 (0x00002f17) auipc   t5, 0x2
core   0: 3 0x8000b3e0 (0x00002f17) x30 0x8000d3e0
core   0: 0x8000b3e4 (0xc23f2023) sw      gp, -992(t5)
core   0: 3 0x8000b3e4 (0xc23f2023) mem 0x8000d000 0x00000001
core   0: 0x8000b3e8 (0x0000bfe5) c.j     pc - 8
core   0: 3 0x8000b3e8 (0xbfe5)
core   0: 0x8000b3e0 (0x00002f17) auipc   t5, 0x2
core   0: 3 0x8000b3e0 (0x00002f17) x30 0x8000d3e0
core   0: 0x8000b3e4 (0xc23f2023) sw      gp, -992(t5)
core   0: 3 0x8000b3e4 (0xc23f2023) mem 0x8000d000 0x00000001
core   0: 0x8000b3e8 (0x0000bfe5) c.j     pc - 8
core   0: 3 0x8000b3e8 (0xbfe5)
core   0: 0x8000b3e0 (0x00002f17) auipc   t5, 0x2
core   0: 3 0x8000b3e0 (0x00002f17) x30 0x8000d3e0
core   0: 0x8000b3e4 (0xc23f2023) sw      gp, -992(t5)
core   0: 3 0x8000b3e4 (0xc23f2023) mem 0x8000d000 0x00000001
core   0: 0x8000b3e8 (0x0000bfe5) c.j     pc - 8
core   0: 3 0x8000b3e8 (0xbfe5)
core   0: 0x8000b3e0 (0x00002f17) auipc   t5, 0x2
core   0: 3 0x8000b3e0 (0x00002f17) x30 0x8000d3e0
core   0: 0x8000b3e4 (0xc23f2023) sw      gp, -992(t5)
core   0: 3 0x8000b3e4 (0xc23f2023) mem 0x8000d000 0x00000001
core   0: 0x8000b3e8 (0x0000bfe5) c.j     pc - 8
core   0: 3 0x8000b3e8 (0xbfe5)
core   0: 0x8000b3e0 (0x00002f17) auipc   t5, 0x2
core   0: 3 0x8000b3e0 (0x00002f17) x30 0x8000d3e0
core   0: 0x8000b3e4 (0xc23f2023) sw      gp, -992(t5)
core   0: 3 0x8000b3e4 (0xc23f2023) mem 0x8000d000 0x00000001
core   0: 0x8000b3e8 (0x0000bfe5) c.j     pc - 8
core   0: 3 0x8000b3e8 (0xbfe5)
core   0: 0x8000b3e0 (0x00002f17) auipc   t5, 0x2
core   0: 3 0x8000b3e0 (0x00002f17) x30 0x8000d3e0
core   0: 0x8000b3e4 (0xc23f2023) sw      gp, -992(t5)
core   0: 3 0x8000b3e4 (0xc23f2023) mem 0x8000d000 0x00000001
core   0: 0x8000b3e8 (0x0000bfe5) c.j     pc - 8
core   0: 3 0x8000b3e8 (0xbfe5)
core   0: 0x8000b3e0 (0x00002f17) auipc   t5, 0x2
core   0: 3 0x8000b3e0 (0x00002f17) x30 0x8000d3e0
core   0: 0x8000b3e4 (0xc23f2023) sw      gp, -992(t5)
core   0: 3 0x8000b3e4 (0xc23f2023) mem 0x8000d000 0x00000001
core   0: 0x8000b3e8 (0x0000bfe5) c.j     pc - 8
core   0: 3 0x8000b3e8 (0xbfe5)
core   0: 0x8000b3e0 (0x00002f17) auipc   t5, 0x2
core   0: 3 0x8000b3e0 (0x00002f17) x30 0x8000d3e0
core   0: 0x8000b3e4 (0xc23f2023) sw      gp, -992(t5)
core   0: 3 0x8000b3e4 (0xc23f2023) mem 0x8000d000 0x00000001
core   0: 0x8000b3e8 (0x0000bfe5) c.j     pc - 8
core   0: 3 0x8000b3e8 (0xbfe5)
core   0: 0x8000b3e0 (0x00002f17) auipc   t5, 0x2
core   0: 3 0x8000b3e0 (0x00002f17) x30 0x8000d3e0
core   0: 0x8000b3e4 (0xc23f2023) sw      gp, -992(t5)
core   0: 3 0x8000b3e4 (0xc23f2023) mem 0x8000d000 0x00000001
core   0: 0x8000b3e8 (0x0000bfe5) c.j     pc - 8
core   0: 3 0x8000b3e8 (0xbfe5)
core   0: 0x8000b3e0 (0x00002f17) auipc   t5, 0x2
core   0: 3 0x8000b3e0 (0x00002f17) x30 0x8000d3e0
core   0: 0x8000b3e4 (0xc23f2023) sw      gp, -992(t5)
core   0: 3 0x8000b3e4 (0xc23f2023) mem 0x8000d000 0x00000001
core   0: 0x8000b3e8 (0x0000bfe5) c.j     pc - 8
core   0: 3 0x8000b3e8 (0xbfe5)
core   0: 0x8000b3e0 (0x00002f17) auipc   t5, 0x2
core   0: 3 0x8000b3e0 (0x00002f17) x30 0x8000d3e0
core   0: 0x8000b3e4 (0xc23f2023) sw      gp, -992(t5)
core   0: 3 0x8000b3e4 (0xc23f2023) mem 0x8000d000 0x00000001
core   0: 0x8000b3e8 (0x0000bfe5) c.j     pc - 8
core   0: 3 0x8000b3e8 (0xbfe5)
core   0: 0x8000b3e0 (0x00002f17) auipc   t5, 0x2
core   0: 3 0x8000b3e0 (0x00002f17) x30 0x8000d3e0
core   0: 0x8000b3e4 (0xc23f2023) sw      gp, -992(t5)
core   0: 3 0x8000b3e4 (0xc23f2023) mem 0x8000d000 0x00000001
core   0: 0x8000b3e8 (0x0000bfe5) c.j     pc - 8
core   0: 3 0x8000b3e8 (0xbfe5)
core   0: 0x8000b3e0 (0x00002f17) auipc   t5, 0x2
core   0: 3 0x8000b3e0 (0x00002f17) x30 0x8000d3e0
core   0: 0x8000b3e4 (0xc23f2023) sw      gp, -992(t5)
core   0: 3 0x8000b3e4 (0xc23f2023) mem 0x8000d000 0x00000001
core   0: 0x8000b3e8 (0x0000bfe5) c.j     pc - 8
core   0: 3 0x8000b3e8 (0xbfe5)
core   0: 0x8000b3e0 (0x00002f17) auipc   t5, 0x2
core   0: 3 0x8000b3e0 (0x00002f17) x30 0x8000d3e0
core   0: 0x8000b3e4 (0xc23f2023) sw      gp, -992(t5)
core   0: 3 0x8000b3e4 (0xc23f2023) mem 0x8000d000 0x00000001
core   0: 0x8000b3e8 (0x0000bfe5) c.j     pc - 8
core   0: 3 0x8000b3e8 (0xbfe5)
core   0: 0x8000b3e0 (0x00002f17) auipc   t5, 0x2
core   0: 3 0x8000b3e0 (0x00002f17) x30 0x8000d3e0
core   0: 0x8000b3e4 (0xc23f2023) sw      gp, -992(t5)
core   0: 3 0x8000b3e4 (0xc23f2023) mem 0x8000d000 0x00000001
core   0: 0x8000b3e8 (0x0000bfe5) c.j     pc - 8
core   0: 3 0x8000b3e8 (0xbfe5)
core   0: 0x8000b3e0 (0x00002f17) auipc   t5, 0x2
core   0: 3 0x8000b3e0 (0x00002f17) x30 0x8000d3e0
core   0: 0x8000b3e4 (0xc23f2023) sw      gp, -992(t5)
core   0: 3 0x8000b3e4 (0xc23f2023) mem 0x8000d000 0x00000001
core   0: 0x8000b3e8 (0x0000bfe5) c.j     pc - 8
core   0: 3 0x8000b3e8 (0xbfe5)
core   0: 0x8000b3e0 (0x00002f17) auipc   t5, 0x2
core   0: 3 0x8000b3e0 (0x00002f17) x30 0x8000d3e0
core   0: 0x8000b3e4 (0xc23f2023) sw      gp, -992(t5)
core   0: 3 0x8000b3e4 (0xc23f2023) mem 0x8000d000 0x00000001
core   0: 0x8000b3e8 (0x0000bfe5) c.j     pc - 8
core   0: 3 0x8000b3e8 (0xbfe5)
core   0: 0x8000b3e0 (0x00002f17) auipc   t5, 0x2
core   0: 3 0x8000b3e0 (0x00002f17) x30 0x8000d3e0
core   0: 0x8000b3e4 (0xc23f2023) sw      gp, -992(t5)
core   0: 3 0x8000b3e4 (0xc23f2023) mem 0x8000d000 0x00000001
core   0: 0x8000b3e8 (0x0000bfe5) c.j     pc - 8
core   0: 3 0x8000b3e8 (0xbfe5)
core   0: 0x8000b3e0 (0x00002f17) auipc   t5, 0x2
core   0: 3 0x8000b3e0 (0x00002f17) x30 0x8000d3e0
core   0: 0x8000b3e4 (0xc23f2023) sw      gp, -992(t5)
core   0: 3 0x8000b3e4 (0xc23f2023) mem 0x8000d000 0x00000001
core   0: 0x8000b3e8 (0x0000bfe5) c.j     pc - 8
core   0: 3 0x8000b3e8 (0xbfe5)
core   0: 0x8000b3e0 (0x00002f17) auipc   t5, 0x2
core   0: 3 0x8000b3e0 (0x00002f17) x30 0x8000d3e0
core   0: 0x8000b3e4 (0xc23f2023) sw      gp, -992(t5)
core   0: 3 0x8000b3e4 (0xc23f2023) mem 0x8000d000 0x00000001
core   0: 0x8000b3e8 (0x0000bfe5) c.j     pc - 8
core   0: 3 0x8000b3e8 (0xbfe5)
core   0: 0x8000b3e0 (0x00002f17) auipc   t5, 0x2
core   0: 3 0x8000b3e0 (0x00002f17) x30 0x8000d3e0
core   0: 0x8000b3e4 (0xc23f2023) sw      gp, -992(t5)
core   0: 3 0x8000b3e4 (0xc23f2023) mem 0x8000d000 0x00000001
core   0: 0x8000b3e8 (0x0000bfe5) c.j     pc - 8
core   0: 3 0x8000b3e8 (0xbfe5)
core   0: 0x8000b3e0 (0x00002f17) auipc   t5, 0x2
core   0: 3 0x8000b3e0 (0x00002f17) x30 0x8000d3e0
core   0: 0x8000b3e4 (0xc23f2023) sw      gp, -992(t5)
core   0: 3 0x8000b3e4 (0xc23f2023) mem 0x8000d000 0x00000001
core   0: 0x8000b3e8 (0x0000bfe5) c.j     pc - 8
core   0: 3 0x8000b3e8 (0xbfe5)
core   0: 0x8000b3e0 (0x00002f17) auipc   t5, 0x2
core   0: 3 0x8000b3e0 (0x00002f17) x30 0x8000d3e0
core   0: 0x8000b3e4 (0xc23f2023) sw      gp, -992(t5)
core   0: 3 0x8000b3e4 (0xc23f2023) mem 0x8000d000 0x00000001
core   0: 0x8000b3e8 (0x0000bfe5) c.j     pc - 8
core   0: 3 0x8000b3e8 (0xbfe5)
core   0: 0x8000b3e0 (0x00002f17) auipc   t5, 0x2
core   0: 3 0x8000b3e0 (0x00002f17) x30 0x8000d3e0
core   0: 0x8000b3e4 (0xc23f2023) sw      gp, -992(t5)
core   0: 3 0x8000b3e4 (0xc23f2023) mem 0x8000d000 0x00000001
core   0: 0x8000b3e8 (0x0000bfe5) c.j     pc - 8
core   0: 3 0x8000b3e8 (0xbfe5)
core   0: 0x8000b3e0 (0x00002f17) auipc   t5, 0x2
core   0: 3 0x8000b3e0 (0x00002f17) x30 0x8000d3e0
core   0: 0x8000b3e4 (0xc23f2023) sw      gp, -992(t5)
core   0: 3 0x8000b3e4 (0xc23f2023) mem 0x8000d000 0x00000001
core   0: 0x8000b3e8 (0x0000bfe5) c.j     pc - 8
core   0: 3 0x8000b3e8 (0xbfe5)
core   0: 0x8000b3e0 (0x00002f17) auipc   t5, 0x2
core   0: 3 0x8000b3e0 (0x00002f17) x30 0x8000d3e0
core   0: 0x8000b3e4 (0xc23f2023) sw      gp, -992(t5)
core   0: 3 0x8000b3e4 (0xc23f2023) mem 0x8000d000 0x00000001
core   0: 0x8000b3e8 (0x0000bfe5) c.j     pc - 8
core   0: 3 0x8000b3e8 (0xbfe5)
core   0: 0x8000b3e0 (0x00002f17) auipc   t5, 0x2
core   0: 3 0x8000b3e0 (0x00002f17) x30 0x8000d3e0
core   0: 0x8000b3e4 (0xc23f2023) sw      gp, -992(t5)
core   0: 3 0x8000b3e4 (0xc23f2023) mem 0x8000d000 0x00000001
core   0: 0x8000b3e8 (0x0000bfe5) c.j     pc - 8
core   0: 3 0x8000b3e8 (0xbfe5)
core   0: 0x8000b3e0 (0x00002f17) auipc   t5, 0x2
core   0: 3 0x8000b3e0 (0x00002f17) x30 0x8000d3e0
core   0: 0x8000b3e4 (0xc23f2023) sw      gp, -992(t5)
core   0: 3 0x8000b3e4 (0xc23f2023) mem 0x8000d000 0x00000001
core   0: 0x8000b3e8 (0x0000bfe5) c.j     pc - 8
core   0: 3 0x8000b3e8 (0xbfe5)
core   0: 0x8000b3e0 (0x00002f17) auipc   t5, 0x2
core   0: 3 0x8000b3e0 (0x00002f17) x30 0x8000d3e0
core   0: 0x8000b3e4 (0xc23f2023) sw      gp, -992(t5)
core   0: 3 0x8000b3e4 (0xc23f2023) mem 0x8000d000 0x00000001
core   0: 0x8000b3e8 (0x0000bfe5) c.j     pc - 8
core   0: 3 0x8000b3e8 (0xbfe5)
core   0: 0x8000b3e0 (0x00002f17) auipc   t5, 0x2
core   0: 3 0x8000b3e0 (0x00002f17) x30 0x8000d3e0
core   0: 0x8000b3e4 (0xc23f2023) sw      gp, -992(t5)
core   0: 3 0x8000b3e4 (0xc23f2023) mem 0x8000d000 0x00000001
core   0: 0x8000b3e8 (0x0000bfe5) c.j     pc - 8
core   0: 3 0x8000b3e8 (0xbfe5)
core   0: 0x8000b3e0 (0x00002f17) auipc   t5, 0x2
core   0: 3 0x8000b3e0 (0x00002f17) x30 0x8000d3e0
core   0: 0x8000b3e4 (0xc23f2023) sw      gp, -992(t5)
core   0: 3 0x8000b3e4 (0xc23f2023) mem 0x8000d000 0x00000001
core   0: 0x8000b3e8 (0x0000bfe5) c.j     pc - 8
core   0: 3 0x8000b3e8 (0xbfe5)
core   0: 0x8000b3e0 (0x00002f17) auipc   t5, 0x2
core   0: 3 0x8000b3e0 (0x00002f17) x30 0x8000d3e0
core   0: 0x8000b3e4 (0xc23f2023) sw      gp, -992(t5)
core   0: 3 0x8000b3e4 (0xc23f2023) mem 0x8000d000 0x00000001
core   0: 0x8000b3e8 (0x0000bfe5) c.j     pc - 8
core   0: 3 0x8000b3e8 (0xbfe5)
core   0: 0x8000b3e0 (0x00002f17) auipc   t5, 0x2
core   0: 3 0x8000b3e0 (0x00002f17) x30 0x8000d3e0
core   0: 0x8000b3e4 (0xc23f2023) sw      gp, -992(t5)
core   0: 3 0x8000b3e4 (0xc23f2023) mem 0x8000d000 0x00000001
core   0: 0x8000b3e8 (0x0000bfe5) c.j     pc - 8
core   0: 3 0x8000b3e8 (0xbfe5)
core   0: 0x8000b3e0 (0x00002f17) auipc   t5, 0x2
core   0: 3 0x8000b3e0 (0x00002f17) x30 0x8000d3e0
core   0: 0x8000b3e4 (0xc23f2023) sw      gp, -992(t5)
core   0: 3 0x8000b3e4 (0xc23f2023) mem 0x8000d000 0x00000001
core   0: 0x8000b3e8 (0x0000bfe5) c.j     pc - 8
core   0: 3 0x8000b3e8 (0xbfe5)
core   0: 0x8000b3e0 (0x00002f17) auipc   t5, 0x2
core   0: 3 0x8000b3e0 (0x00002f17) x30 0x8000d3e0
core   0: 0x8000b3e4 (0xc23f2023) sw      gp, -992(t5)
core   0: 3 0x8000b3e4 (0xc23f2023) mem 0x8000d000 0x00000001
core   0: 0x8000b3e8 (0x0000bfe5) c.j     pc - 8
core   0: 3 0x8000b3e8 (0xbfe5)
core   0: 0x8000b3e0 (0x00002f17) auipc   t5, 0x2
core   0: 3 0x8000b3e0 (0x00002f17) x30 0x8000d3e0
core   0: 0x8000b3e4 (0xc23f2023) sw      gp, -992(t5)
core   0: 3 0x8000b3e4 (0xc23f2023) mem 0x8000d000 0x00000001
core   0: 0x8000b3e8 (0x0000bfe5) c.j     pc - 8
core   0: 3 0x8000b3e8 (0xbfe5)
core   0: 0x8000b3e0 (0x00002f17) auipc   t5, 0x2
core   0: 3 0x8000b3e0 (0x00002f17) x30 0x8000d3e0
core   0: 0x8000b3e4 (0xc23f2023) sw      gp, -992(t5)
core   0: 3 0x8000b3e4 (0xc23f2023) mem 0x8000d000 0x00000001
core   0: 0x8000b3e8 (0x0000bfe5) c.j     pc - 8
core   0: 3 0x8000b3e8 (0xbfe5)
core   0: 0x8000b3e0 (0x00002f17) auipc   t5, 0x2
core   0: 3 0x8000b3e0 (0x00002f17) x30 0x8000d3e0
core   0: 0x8000b3e4 (0xc23f2023) sw      gp, -992(t5)
core   0: 3 0x8000b3e4 (0xc23f2023) mem 0x8000d000 0x00000001
core   0: 0x8000b3e8 (0x0000bfe5) c.j     pc - 8
core   0: 3 0x8000b3e8 (0xbfe5)
core   0: 0x8000b3e0 (0x00002f17) auipc   t5, 0x2
core   0: 3 0x8000b3e0 (0x00002f17) x30 0x8000d3e0
core   0: 0x8000b3e4 (0xc23f2023) sw      gp, -992(t5)
core   0: 3 0x8000b3e4 (0xc23f2023) mem 0x8000d000 0x00000001
core   0: 0x8000b3e8 (0x0000bfe5) c.j     pc - 8
core   0: 3 0x8000b3e8 (0xbfe5)
core   0: 0x8000b3e0 (0x00002f17) auipc   t5, 0x2
core   0: 3 0x8000b3e0 (0x00002f17) x30 0x8000d3e0
core   0: 0x8000b3e4 (0xc23f2023) sw      gp, -992(t5)
core   0: 3 0x8000b3e4 (0xc23f2023) mem 0x8000d000 0x00000001
core   0: 0x8000b3e8 (0x0000bfe5) c.j     pc - 8
core   0: 3 0x8000b3e8 (0xbfe5)
core   0: 0x8000b3e0 (0x00002f17) auipc   t5, 0x2
core   0: 3 0x8000b3e0 (0x00002f17) x30 0x8000d3e0
core   0: 0x8000b3e4 (0xc23f2023) sw      gp, -992(t5)
core   0: 3 0x8000b3e4 (0xc23f2023) mem 0x8000d000 0x00000001
core   0: 0x8000b3e8 (0x0000bfe5) c.j     pc - 8
core   0: 3 0x8000b3e8 (0xbfe5)
core   0: 0x8000b3e0 (0x00002f17) auipc   t5, 0x2
core   0: 3 0x8000b3e0 (0x00002f17) x30 0x8000d3e0
core   0: 0x8000b3e4 (0xc23f2023) sw      gp, -992(t5)
core   0: 3 0x8000b3e4 (0xc23f2023) mem 0x8000d000 0x00000001
core   0: 0x8000b3e8 (0x0000bfe5) c.j     pc - 8
core   0: 3 0x8000b3e8 (0xbfe5)
core   0: 0x8000b3e0 (0x00002f17) auipc   t5, 0x2
core   0: 3 0x8000b3e0 (0x00002f17) x30 0x8000d3e0
core   0: 0x8000b3e4 (0xc23f2023) sw      gp, -992(t5)
core   0: 3 0x8000b3e4 (0xc23f2023) mem 0x8000d000 0x00000001
core   0: 0x8000b3e8 (0x0000bfe5) c.j     pc - 8
core   0: 3 0x8000b3e8 (0xbfe5)
core   0: 0x8000b3e0 (0x00002f17) auipc   t5, 0x2
core   0: 3 0x8000b3e0 (0x00002f17) x30 0x8000d3e0
core   0: 0x8000b3e4 (0xc23f2023) sw      gp, -992(t5)
core   0: 3 0x8000b3e4 (0xc23f2023) mem 0x8000d000 0x00000001
core   0: 0x8000b3e8 (0x0000bfe5) c.j     pc - 8
core   0: 3 0x8000b3e8 (0xbfe5)
core   0: 0x8000b3e0 (0x00002f17) auipc   t5, 0x2
core   0: 3 0x8000b3e0 (0x00002f17) x30 0x8000d3e0
core   0: 0x8000b3e4 (0xc23f2023) sw      gp, -992(t5)
core   0: 3 0x8000b3e4 (0xc23f2023) mem 0x8000d000 0x00000001
core   0: 0x8000b3e8 (0x0000bfe5) c.j     pc - 8
core   0: 3 0x8000b3e8 (0xbfe5)
core   0: 0x8000b3e0 (0x00002f17) auipc   t5, 0x2
core   0: 3 0x8000b3e0 (0x00002f17) x30 0x8000d3e0
core   0: 0x8000b3e4 (0xc23f2023) sw      gp, -992(t5)
core   0: 3 0x8000b3e4 (0xc23f2023) mem 0x8000d000 0x00000001
core   0: 0x8000b3e8 (0x0000bfe5) c.j     pc - 8
core   0: 3 0x8000b3e8 (0xbfe5)
core   0: 0x8000b3e0 (0x00002f17) auipc   t5, 0x2
core   0: 3 0x8000b3e0 (0x00002f17) x30 0x8000d3e0
core   0: 0x8000b3e4 (0xc23f2023) sw      gp, -992(t5)
core   0: 3 0x8000b3e4 (0xc23f2023) mem 0x8000d000 0x00000001
core   0: 0x8000b3e8 (0x0000bfe5) c.j     pc - 8
core   0: 3 0x8000b3e8 (0xbfe5)
core   0: 0x8000b3e0 (0x00002f17) auipc   t5, 0x2
core   0: 3 0x8000b3e0 (0x00002f17) x30 0x8000d3e0
core   0: 0x8000b3e4 (0xc23f2023) sw      gp, -992(t5)
core   0: 3 0x8000b3e4 (0xc23f2023) mem 0x8000d000 0x00000001
core   0: 0x8000b3e8 (0x0000bfe5) c.j     pc - 8
core   0: 3 0x8000b3e8 (0xbfe5)
core   0: 0x8000b3e0 (0x00002f17) auipc   t5, 0x2
core   0: 3 0x8000b3e0 (0x00002f17) x30 0x8000d3e0
core   0: 0x8000b3e4 (0xc23f2023) sw      gp, -992(t5)
core   0: 3 0x8000b3e4 (0xc23f2023) mem 0x8000d000 0x00000001
core   0: 0x8000b3e8 (0x0000bfe5) c.j     pc - 8
core   0: 3 0x8000b3e8 (0xbfe5)
core   0: 0x8000b3e0 (0x00002f17) auipc   t5, 0x2
core   0: 3 0x8000b3e0 (0x00002f17) x30 0x8000d3e0
core   0: 0x8000b3e4 (0xc23f2023) sw      gp, -992(t5)
core   0: 3 0x8000b3e4 (0xc23f2023) mem 0x8000d000 0x00000001
core   0: 0x8000b3e8 (0x0000bfe5) c.j     pc - 8
core   0: 3 0x8000b3e8 (0xbfe5)
core   0: 0x8000b3e0 (0x00002f17) auipc   t5, 0x2
core   0: 3 0x8000b3e0 (0x00002f17) x30 0x8000d3e0
core   0: 0x8000b3e4 (0xc23f2023) sw      gp, -992(t5)
core   0: 3 0x8000b3e4 (0xc23f2023) mem 0x8000d000 0x00000001
core   0: 0x8000b3e8 (0x0000bfe5) c.j     pc - 8
core   0: 3 0x8000b3e8 (0xbfe5)
core   0: 0x8000b3e0 (0x00002f17) auipc   t5, 0x2
core   0: 3 0x8000b3e0 (0x00002f17) x30 0x8000d3e0
core   0: 0x8000b3e4 (0xc23f2023) sw      gp, -992(t5)
core   0: 3 0x8000b3e4 (0xc23f2023) mem 0x8000d000 0x00000001
core   0: 0x8000b3e8 (0x0000bfe5) c.j     pc - 8
core   0: 3 0x8000b3e8 (0xbfe5)
core   0: 0x8000b3e0 (0x00002f17) auipc   t5, 0x2
core   0: 3 0x8000b3e0 (0x00002f17) x30 0x8000d3e0
core   0: 0x8000b3e4 (0xc23f2023) sw      gp, -992(t5)
core   0: 3 0x8000b3e4 (0xc23f2023) mem 0x8000d000 0x00000001
core   0: 0x8000b3e8 (0x0000bfe5) c.j     pc - 8
core   0: 3 0x8000b3e8 (0xbfe5)
core   0: 0x8000b3e0 (0x00002f17) auipc   t5, 0x2
core   0: 3 0x8000b3e0 (0x00002f17) x30 0x8000d3e0
core   0: 0x8000b3e4 (0xc23f2023) sw      gp, -992(t5)
core   0: 3 0x8000b3e4 (0xc23f2023) mem 0x8000d000 0x00000001
core   0: 0x8000b3e8 (0x0000bfe5) c.j     pc - 8
core   0: 3 0x8000b3e8 (0xbfe5)
core   0: 0x8000b3e0 (0x00002f17) auipc   t5, 0x2
core   0: 3 0x8000b3e0 (0x00002f17) x30 0x8000d3e0
core   0: 0x8000b3e4 (0xc23f2023) sw      gp, -992(t5)
core   0: 3 0x8000b3e4 (0xc23f2023) mem 0x8000d000 0x00000001
core   0: 0x8000b3e8 (0x0000bfe5) c.j     pc - 8
core   0: 3 0x8000b3e8 (0xbfe5)
core   0: 0x8000b3e0 (0x00002f17) auipc   t5, 0x2
core   0: 3 0x8000b3e0 (0x00002f17) x30 0x8000d3e0
core   0: 0x8000b3e4 (0xc23f2023) sw      gp, -992(t5)
core   0: 3 0x8000b3e4 (0xc23f2023) mem 0x8000d000 0x00000001
core   0: 0x8000b3e8 (0x0000bfe5) c.j     pc - 8
core   0: 3 0x8000b3e8 (0xbfe5)
core   0: 0x8000b3e0 (0x00002f17) auipc   t5, 0x2
core   0: 3 0x8000b3e0 (0x00002f17) x30 0x8000d3e0
core   0: 0x8000b3e4 (0xc23f2023) sw      gp, -992(t5)
core   0: 3 0x8000b3e4 (0xc23f2023) mem 0x8000d000 0x00000001
core   0: 0x8000b3e8 (0x0000bfe5) c.j     pc - 8
core   0: 3 0x8000b3e8 (0xbfe5)
core   0: 0x8000b3e0 (0x00002f17) auipc   t5, 0x2
core   0: 3 0x8000b3e0 (0x00002f17) x30 0x8000d3e0
core   0: 0x8000b3e4 (0xc23f2023) sw      gp, -992(t5)
core   0: 3 0x8000b3e4 (0xc23f2023) mem 0x8000d000 0x00000001
core   0: 0x8000b3e8 (0x0000bfe5) c.j     pc - 8
core   0: 3 0x8000b3e8 (0xbfe5)
core   0: 0x8000b3e0 (0x00002f17) auipc   t5, 0x2
core   0: 3 0x8000b3e0 (0x00002f17) x30 0x8000d3e0
core   0: 0x8000b3e4 (0xc23f2023) sw      gp, -992(t5)
core   0: 3 0x8000b3e4 (0xc23f2023) mem 0x8000d000 0x00000001
core   0: 0x8000b3e8 (0x0000bfe5) c.j     pc - 8
core   0: 3 0x8000b3e8 (0xbfe5)
core   0: 0x8000b3e0 (0x00002f17) auipc   t5, 0x2
core   0: 3 0x8000b3e0 (0x00002f17) x30 0x8000d3e0
core   0: 0x8000b3e4 (0xc23f2023) sw      gp, -992(t5)
core   0: 3 0x8000b3e4 (0xc23f2023) mem 0x8000d000 0x00000001
core   0: 0x8000b3e8 (0x0000bfe5) c.j     pc - 8
core   0: 3 0x8000b3e8 (0xbfe5)
core   0: 0x8000b3e0 (0x00002f17) auipc   t5, 0x2
core   0: 3 0x8000b3e0 (0x00002f17) x30 0x8000d3e0
core   0: 0x8000b3e4 (0xc23f2023) sw      gp, -992(t5)
core   0: 3 0x8000b3e4 (0xc23f2023) mem 0x8000d000 0x00000001
core   0: 0x8000b3e8 (0x0000bfe5) c.j     pc - 8
core   0: 3 0x8000b3e8 (0xbfe5)
core   0: 0x8000b3e0 (0x00002f17) auipc   t5, 0x2
core   0: 3 0x8000b3e0 (0x00002f17) x30 0x8000d3e0
core   0: 0x8000b3e4 (0xc23f2023) sw      gp, -992(t5)
core   0: 3 0x8000b3e4 (0xc23f2023) mem 0x8000d000 0x00000001
core   0: 0x8000b3e8 (0x0000bfe5) c.j     pc - 8
core   0: 3 0x8000b3e8 (0xbfe5)
core   0: 0x8000b3e0 (0x00002f17) auipc   t5, 0x2
core   0: 3 0x8000b3e0 (0x00002f17) x30 0x8000d3e0
core   0: 0x8000b3e4 (0xc23f2023) sw      gp, -992(t5)
core   0: 3 0x8000b3e4 (0xc23f2023) mem 0x8000d000 0x00000001
core   0: 0x8000b3e8 (0x0000bfe5) c.j     pc - 8
core   0: 3 0x8000b3e8 (0xbfe5)
core   0: 0x8000b3e0 (0x00002f17) auipc   t5, 0x2
core   0: 3 0x8000b3e0 (0x00002f17) x30 0x8000d3e0
core   0: 0x8000b3e4 (0xc23f2023) sw      gp, -992(t5)
core   0: 3 0x8000b3e4 (0xc23f2023) mem 0x8000d000 0x00000001
core   0: 0x8000b3e8 (0x0000bfe5) c.j     pc - 8
core   0: 3 0x8000b3e8 (0xbfe5)
core   0: 0x8000b3e0 (0x00002f17) auipc   t5, 0x2
core   0: 3 0x8000b3e0 (0x00002f17) x30 0x8000d3e0
core   0: 0x8000b3e4 (0xc23f2023) sw      gp, -992(t5)
core   0: 3 0x8000b3e4 (0xc23f2023) mem 0x8000d000 0x00000001
core   0: 0x8000b3e8 (0x0000bfe5) c.j     pc - 8
core   0: 3 0x8000b3e8 (0xbfe5)
core   0: 0x8000b3e0 (0x00002f17) auipc   t5, 0x2
core   0: 3 0x8000b3e0 (0x00002f17) x30 0x8000d3e0
core   0: 0x8000b3e4 (0xc23f2023) sw      gp, -992(t5)
core   0: 3 0x8000b3e4 (0xc23f2023) mem 0x8000d000 0x00000001
core   0: 0x8000b3e8 (0x0000bfe5) c.j     pc - 8
core   0: 3 0x8000b3e8 (0xbfe5)
core   0: 0x8000b3e0 (0x00002f17) auipc   t5, 0x2
core   0: 3 0x8000b3e0 (0x00002f17) x30 0x8000d3e0
core   0: 0x8000b3e4 (0xc23f2023) sw      gp, -992(t5)
core   0: 3 0x8000b3e4 (0xc23f2023) mem 0x8000d000 0x00000001
core   0: 0x8000b3e8 (0x0000bfe5) c.j     pc - 8
core   0: 3 0x8000b3e8 (0xbfe5)
core   0: 0x8000b3e0 (0x00002f17) auipc   t5, 0x2
core   0: 3 0x8000b3e0 (0x00002f17) x30 0x8000d3e0
core   0: 0x8000b3e4 (0xc23f2023) sw      gp, -992(t5)
core   0: 3 0x8000b3e4 (0xc23f2023) mem 0x8000d000 0x00000001
core   0: 0x8000b3e8 (0x0000bfe5) c.j     pc - 8
core   0: 3 0x8000b3e8 (0xbfe5)
core   0: 0x8000b3e0 (0x00002f17) auipc   t5, 0x2
core   0: 3 0x8000b3e0 (0x00002f17) x30 0x8000d3e0
core   0: 0x8000b3e4 (0xc23f2023) sw      gp, -992(t5)
core   0: 3 0x8000b3e4 (0xc23f2023) mem 0x8000d000 0x00000001
core   0: 0x8000b3e8 (0x0000bfe5) c.j     pc - 8
core   0: 3 0x8000b3e8 (0xbfe5)
core   0: 0x8000b3e0 (0x00002f17) auipc   t5, 0x2
core   0: 3 0x8000b3e0 (0x00002f17) x30 0x8000d3e0
core   0: 0x8000b3e4 (0xc23f2023) sw      gp, -992(t5)
core   0: 3 0x8000b3e4 (0xc23f2023) mem 0x8000d000 0x00000001
core   0: 0x8000b3e8 (0x0000bfe5) c.j     pc - 8
core   0: 3 0x8000b3e8 (0xbfe5)
core   0: 0x8000b3e0 (0x00002f17) auipc   t5, 0x2
core   0: 3 0x8000b3e0 (0x00002f17) x30 0x8000d3e0
core   0: 0x8000b3e4 (0xc23f2023) sw      gp, -992(t5)
core   0: 3 0x8000b3e4 (0xc23f2023) mem 0x8000d000 0x00000001
core   0: 0x8000b3e8 (0x0000bfe5) c.j     pc - 8
core   0: 3 0x8000b3e8 (0xbfe5)
core   0: 0x8000b3e0 (0x00002f17) auipc   t5, 0x2
core   0: 3 0x8000b3e0 (0x00002f17) x30 0x8000d3e0
core   0: 0x8000b3e4 (0xc23f2023) sw      gp, -992(t5)
core   0: 3 0x8000b3e4 (0xc23f2023) mem 0x8000d000 0x00000001
core   0: 0x8000b3e8 (0x0000bfe5) c.j     pc - 8
core   0: 3 0x8000b3e8 (0xbfe5)
core   0: 0x8000b3e0 (0x00002f17) auipc   t5, 0x2
core   0: 3 0x8000b3e0 (0x00002f17) x30 0x8000d3e0
core   0: 0x8000b3e4 (0xc23f2023) sw      gp, -992(t5)
core   0: 3 0x8000b3e4 (0xc23f2023) mem 0x8000d000 0x00000001
core   0: 0x8000b3e8 (0x0000bfe5) c.j     pc - 8
core   0: 3 0x8000b3e8 (0xbfe5)
core   0: 0x8000b3e0 (0x00002f17) auipc   t5, 0x2
core   0: 3 0x8000b3e0 (0x00002f17) x30 0x8000d3e0
core   0: 0x8000b3e4 (0xc23f2023) sw      gp, -992(t5)
core   0: 3 0x8000b3e4 (0xc23f2023) mem 0x8000d000 0x00000001
core   0: 0x8000b3e8 (0x0000bfe5) c.j     pc - 8
core   0: 3 0x8000b3e8 (0xbfe5)
core   0: 0x8000b3e0 (0x00002f17) auipc   t5, 0x2
core   0: 3 0x8000b3e0 (0x00002f17) x30 0x8000d3e0
core   0: 0x8000b3e4 (0xc23f2023) sw      gp, -992(t5)
core   0: 3 0x8000b3e4 (0xc23f2023) mem 0x8000d000 0x00000001
core   0: 0x8000b3e8 (0x0000bfe5) c.j     pc - 8
core   0: 3 0x8000b3e8 (0xbfe5)
core   0: 0x8000b3e0 (0x00002f17) auipc   t5, 0x2
core   0: 3 0x8000b3e0 (0x00002f17) x30 0x8000d3e0
core   0: 0x8000b3e4 (0xc23f2023) sw      gp, -992(t5)
core   0: 3 0x8000b3e4 (0xc23f2023) mem 0x8000d000 0x00000001
core   0: 0x8000b3e8 (0x0000bfe5) c.j     pc - 8
core   0: 3 0x8000b3e8 (0xbfe5)
core   0: 0x8000b3e0 (0x00002f17) auipc   t5, 0x2
core   0: 3 0x8000b3e0 (0x00002f17) x30 0x8000d3e0
core   0: 0x8000b3e4 (0xc23f2023) sw      gp, -992(t5)
core   0: 3 0x8000b3e4 (0xc23f2023) mem 0x8000d000 0x00000001
core   0: 0x8000b3e8 (0x0000bfe5) c.j     pc - 8
core   0: 3 0x8000b3e8 (0xbfe5)
core   0: 0x8000b3e0 (0x00002f17) auipc   t5, 0x2
core   0: 3 0x8000b3e0 (0x00002f17) x30 0x8000d3e0
core   0: 0x8000b3e4 (0xc23f2023) sw      gp, -992(t5)
core   0: 3 0x8000b3e4 (0xc23f2023) mem 0x8000d000 0x00000001
core   0: 0x8000b3e8 (0x0000bfe5) c.j     pc - 8
core   0: 3 0x8000b3e8 (0xbfe5)
core   0: 0x8000b3e0 (0x00002f17) auipc   t5, 0x2
core   0: 3 0x8000b3e0 (0x00002f17) x30 0x8000d3e0
core   0: 0x8000b3e4 (0xc23f2023) sw      gp, -992(t5)
core   0: 3 0x8000b3e4 (0xc23f2023) mem 0x8000d000 0x00000001
core   0: 0x8000b3e8 (0x0000bfe5) c.j     pc - 8
core   0: 3 0x8000b3e8 (0xbfe5)
core   0: 0x8000b3e0 (0x00002f17) auipc   t5, 0x2
core   0: 3 0x8000b3e0 (0x00002f17) x30 0x8000d3e0
core   0: 0x8000b3e4 (0xc23f2023) sw      gp, -992(t5)
core   0: 3 0x8000b3e4 (0xc23f2023) mem 0x8000d000 0x00000001
core   0: 0x8000b3e8 (0x0000bfe5) c.j     pc - 8
core   0: 3 0x8000b3e8 (0xbfe5)
core   0: 0x8000b3e0 (0x00002f17) auipc   t5, 0x2
core   0: 3 0x8000b3e0 (0x00002f17) x30 0x8000d3e0
core   0: 0x8000b3e4 (0xc23f2023) sw      gp, -992(t5)
core   0: 3 0x8000b3e4 (0xc23f2023) mem 0x8000d000 0x00000001
core   0: 0x8000b3e8 (0x0000bfe5) c.j     pc - 8
core   0: 3 0x8000b3e8 (0xbfe5)
core   0: 0x8000b3e0 (0x00002f17) auipc   t5, 0x2
core   0: 3 0x8000b3e0 (0x00002f17) x30 0x8000d3e0
core   0: 0x8000b3e4 (0xc23f2023) sw      gp, -992(t5)
core   0: 3 0x8000b3e4 (0xc23f2023) mem 0x8000d000 0x00000001
core   0: 0x8000b3e8 (0x0000bfe5) c.j     pc - 8
core   0: 3 0x8000b3e8 (0xbfe5)
core   0: 0x8000b3e0 (0x00002f17) auipc   t5, 0x2
core   0: 3 0x8000b3e0 (0x00002f17) x30 0x8000d3e0
core   0: 0x8000b3e4 (0xc23f2023) sw      gp, -992(t5)
core   0: 3 0x8000b3e4 (0xc23f2023) mem 0x8000d000 0x00000001
core   0: 0x8000b3e8 (0x0000bfe5) c.j     pc - 8
core   0: 3 0x8000b3e8 (0xbfe5)
core   0: 0x8000b3e0 (0x00002f17) auipc   t5, 0x2
core   0: 3 0x8000b3e0 (0x00002f17) x30 0x8000d3e0
core   0: 0x8000b3e4 (0xc23f2023) sw      gp, -992(t5)
core   0: 3 0x8000b3e4 (0xc23f2023) mem 0x8000d000 0x00000001
core   0: 0x8000b3e8 (0x0000bfe5) c.j     pc - 8
core   0: 3 0x8000b3e8 (0xbfe5)
core   0: 0x8000b3e0 (0x00002f17) auipc   t5, 0x2
core   0: 3 0x8000b3e0 (0x00002f17) x30 0x8000d3e0
core   0: 0x8000b3e4 (0xc23f2023) sw      gp, -992(t5)
core   0: 3 0x8000b3e4 (0xc23f2023) mem 0x8000d000 0x00000001
core   0: 0x8000b3e8 (0x0000bfe5) c.j     pc - 8
core   0: 3 0x8000b3e8 (0xbfe5)
core   0: 0x8000b3e0 (0x00002f17) auipc   t5, 0x2
core   0: 3 0x8000b3e0 (0x00002f17) x30 0x8000d3e0
core   0: 0x8000b3e4 (0xc23f2023) sw      gp, -992(t5)
core   0: 3 0x8000b3e4 (0xc23f2023) mem 0x8000d000 0x00000001
core   0: 0x8000b3e8 (0x0000bfe5) c.j     pc - 8
core   0: 3 0x8000b3e8 (0xbfe5)
core   0: 0x8000b3e0 (0x00002f17) auipc   t5, 0x2
core   0: 3 0x8000b3e0 (0x00002f17) x30 0x8000d3e0
core   0: 0x8000b3e4 (0xc23f2023) sw      gp, -992(t5)
core   0: 3 0x8000b3e4 (0xc23f2023) mem 0x8000d000 0x00000001
core   0: 0x8000b3e8 (0x0000bfe5) c.j     pc - 8
core   0: 3 0x8000b3e8 (0xbfe5)
core   0: 0x8000b3e0 (0x00002f17) auipc   t5, 0x2
core   0: 3 0x8000b3e0 (0x00002f17) x30 0x8000d3e0
core   0: 0x8000b3e4 (0xc23f2023) sw      gp, -992(t5)
core   0: 3 0x8000b3e4 (0xc23f2023) mem 0x8000d000 0x00000001
core   0: 0x8000b3e8 (0x0000bfe5) c.j     pc - 8
core   0: 3 0x8000b3e8 (0xbfe5)
core   0: 0x8000b3e0 (0x00002f17) auipc   t5, 0x2
core   0: 3 0x8000b3e0 (0x00002f17) x30 0x8000d3e0
core   0: 0x8000b3e4 (0xc23f2023) sw      gp, -992(t5)
core   0: 3 0x8000b3e4 (0xc23f2023) mem 0x8000d000 0x00000001
core   0: 0x8000b3e8 (0x0000bfe5) c.j     pc - 8
core   0: 3 0x8000b3e8 (0xbfe5)
core   0: 0x8000b3e0 (0x00002f17) auipc   t5, 0x2
core   0: 3 0x8000b3e0 (0x00002f17) x30 0x8000d3e0
core   0: 0x8000b3e4 (0xc23f2023) sw      gp, -992(t5)
core   0: 3 0x8000b3e4 (0xc23f2023) mem 0x8000d000 0x00000001
core   0: 0x8000b3e8 (0x0000bfe5) c.j     pc - 8
core   0: 3 0x8000b3e8 (0xbfe5)
core   0: 0x8000b3e0 (0x00002f17) auipc   t5, 0x2
core   0: 3 0x8000b3e0 (0x00002f17) x30 0x8000d3e0
core   0: 0x8000b3e4 (0xc23f2023) sw      gp, -992(t5)
core   0: 3 0x8000b3e4 (0xc23f2023) mem 0x8000d000 0x00000001
core   0: 0x8000b3e8 (0x0000bfe5) c.j     pc - 8
core   0: 3 0x8000b3e8 (0xbfe5)
core   0: 0x8000b3e0 (0x00002f17) auipc   t5, 0x2
core   0: 3 0x8000b3e0 (0x00002f17) x30 0x8000d3e0
core   0: 0x8000b3e4 (0xc23f2023) sw      gp, -992(t5)
core   0: 3 0x8000b3e4 (0xc23f2023) mem 0x8000d000 0x00000001
core   0: 0x8000b3e8 (0x0000bfe5) c.j     pc - 8
core   0: 3 0x8000b3e8 (0xbfe5)
core   0: 0x8000b3e0 (0x00002f17) auipc   t5, 0x2
core   0: 3 0x8000b3e0 (0x00002f17) x30 0x8000d3e0
core   0: 0x8000b3e4 (0xc23f2023) sw      gp, -992(t5)
core   0: 3 0x8000b3e4 (0xc23f2023) mem 0x8000d000 0x00000001
core   0: 0x8000b3e8 (0x0000bfe5) c.j     pc - 8
core   0: 3 0x8000b3e8 (0xbfe5)
core   0: 0x8000b3e0 (0x00002f17) auipc   t5, 0x2
core   0: 3 0x8000b3e0 (0x00002f17) x30 0x8000d3e0
core   0: 0x8000b3e4 (0xc23f2023) sw      gp, -992(t5)
core   0: 3 0x8000b3e4 (0xc23f2023) mem 0x8000d000 0x00000001
core   0: 0x8000b3e8 (0x0000bfe5) c.j     pc - 8
core   0: 3 0x8000b3e8 (0xbfe5)
core   0: 0x8000b3e0 (0x00002f17) auipc   t5, 0x2
core   0: 3 0x8000b3e0 (0x00002f17) x30 0x8000d3e0
core   0: 0x8000b3e4 (0xc23f2023) sw      gp, -992(t5)
core   0: 3 0x8000b3e4 (0xc23f2023) mem 0x8000d000 0x00000001
core   0: 0x8000b3e8 (0x0000bfe5) c.j     pc - 8
core   0: 3 0x8000b3e8 (0xbfe5)
core   0: 0x8000b3e0 (0x00002f17) auipc   t5, 0x2
core   0: 3 0x8000b3e0 (0x00002f17) x30 0x8000d3e0
core   0: 0x8000b3e4 (0xc23f2023) sw      gp, -992(t5)
core   0: 3 0x8000b3e4 (0xc23f2023) mem 0x8000d000 0x00000001
core   0: 0x8000b3e8 (0x0000bfe5) c.j     pc - 8
core   0: 3 0x8000b3e8 (0xbfe5)
core   0: 0x8000b3e0 (0x00002f17) auipc   t5, 0x2
core   0: 3 0x8000b3e0 (0x00002f17) x30 0x8000d3e0
core   0: 0x8000b3e4 (0xc23f2023) sw      gp, -992(t5)
core   0: 3 0x8000b3e4 (0xc23f2023) mem 0x8000d000 0x00000001
core   0: 0x8000b3e8 (0x0000bfe5) c.j     pc - 8
core   0: 3 0x8000b3e8 (0xbfe5)
core   0: 0x8000b3e0 (0x00002f17) auipc   t5, 0x2
core   0: 3 0x8000b3e0 (0x00002f17) x30 0x8000d3e0
core   0: 0x8000b3e4 (0xc23f2023) sw      gp, -992(t5)
core   0: 3 0x8000b3e4 (0xc23f2023) mem 0x8000d000 0x00000001
core   0: 0x8000b3e8 (0x0000bfe5) c.j     pc - 8
core   0: 3 0x8000b3e8 (0xbfe5)
core   0: 0x8000b3e0 (0x00002f17) auipc   t5, 0x2
core   0: 3 0x8000b3e0 (0x00002f17) x30 0x8000d3e0
core   0: 0x8000b3e4 (0xc23f2023) sw      gp, -992(t5)
core   0: 3 0x8000b3e4 (0xc23f2023) mem 0x8000d000 0x00000001
core   0: 0x8000b3e8 (0x0000bfe5) c.j     pc - 8
core   0: 3 0x8000b3e8 (0xbfe5)
core   0: 0x8000b3e0 (0x00002f17) auipc   t5, 0x2
core   0: 3 0x8000b3e0 (0x00002f17) x30 0x8000d3e0
core   0: 0x8000b3e4 (0xc23f2023) sw      gp, -992(t5)
core   0: 3 0x8000b3e4 (0xc23f2023) mem 0x8000d000 0x00000001
core   0: 0x8000b3e8 (0x0000bfe5) c.j     pc - 8
core   0: 3 0x8000b3e8 (0xbfe5)
core   0: 0x8000b3e0 (0x00002f17) auipc   t5, 0x2
core   0: 3 0x8000b3e0 (0x00002f17) x30 0x8000d3e0
core   0: 0x8000b3e4 (0xc23f2023) sw      gp, -992(t5)
core   0: 3 0x8000b3e4 (0xc23f2023) mem 0x8000d000 0x00000001
core   0: 0x8000b3e8 (0x0000bfe5) c.j     pc - 8
core   0: 3 0x8000b3e8 (0xbfe5)
core   0: 0x8000b3e0 (0x00002f17) auipc   t5, 0x2
core   0: 3 0x8000b3e0 (0x00002f17) x30 0x8000d3e0
core   0: 0x8000b3e4 (0xc23f2023) sw      gp, -992(t5)
core   0: 3 0x8000b3e4 (0xc23f2023) mem 0x8000d000 0x00000001
core   0: 0x8000b3e8 (0x0000bfe5) c.j     pc - 8
core   0: 3 0x8000b3e8 (0xbfe5)
core   0: 0x8000b3e0 (0x00002f17) auipc   t5, 0x2
core   0: 3 0x8000b3e0 (0x00002f17) x30 0x8000d3e0
core   0: 0x8000b3e4 (0xc23f2023) sw      gp, -992(t5)
core   0: 3 0x8000b3e4 (0xc23f2023) mem 0x8000d000 0x00000001
core   0: 0x8000b3e8 (0x0000bfe5) c.j     pc - 8
core   0: 3 0x8000b3e8 (0xbfe5)
core   0: 0x8000b3e0 (0x00002f17) auipc   t5, 0x2
core   0: 3 0x8000b3e0 (0x00002f17) x30 0x8000d3e0
core   0: 0x8000b3e4 (0xc23f2023) sw      gp, -992(t5)
core   0: 3 0x8000b3e4 (0xc23f2023) mem 0x8000d000 0x00000001
core   0: 0x8000b3e8 (0x0000bfe5) c.j     pc - 8
core   0: 3 0x8000b3e8 (0xbfe5)
core   0: 0x8000b3e0 (0x00002f17) auipc   t5, 0x2
core   0: 3 0x8000b3e0 (0x00002f17) x30 0x8000d3e0
core   0: 0x8000b3e4 (0xc23f2023) sw      gp, -992(t5)
core   0: 3 0x8000b3e4 (0xc23f2023) mem 0x8000d000 0x00000001
core   0: 0x8000b3e8 (0x0000bfe5) c.j     pc - 8
core   0: 3 0x8000b3e8 (0xbfe5)
core   0: 0x8000b3e0 (0x00002f17) auipc   t5, 0x2
core   0: 3 0x8000b3e0 (0x00002f17) x30 0x8000d3e0
core   0: 0x8000b3e4 (0xc23f2023) sw      gp, -992(t5)
core   0: 3 0x8000b3e4 (0xc23f2023) mem 0x8000d000 0x00000001
core   0: 0x8000b3e8 (0x0000bfe5) c.j     pc - 8
core   0: 3 0x8000b3e8 (0xbfe5)
core   0: 0x8000b3e0 (0x00002f17) auipc   t5, 0x2
core   0: 3 0x8000b3e0 (0x00002f17) x30 0x8000d3e0
core   0: 0x8000b3e4 (0xc23f2023) sw      gp, -992(t5)
core   0: 3 0x8000b3e4 (0xc23f2023) mem 0x8000d000 0x00000001
core   0: 0x8000b3e8 (0x0000bfe5) c.j     pc - 8
core   0: 3 0x8000b3e8 (0xbfe5)
core   0: 0x8000b3e0 (0x00002f17) auipc   t5, 0x2
core   0: 3 0x8000b3e0 (0x00002f17) x30 0x8000d3e0
core   0: 0x8000b3e4 (0xc23f2023) sw      gp, -992(t5)
core   0: 3 0x8000b3e4 (0xc23f2023) mem 0x8000d000 0x00000001
core   0: 0x8000b3e8 (0x0000bfe5) c.j     pc - 8
core   0: 3 0x8000b3e8 (0xbfe5)
core   0: 0x8000b3e0 (0x00002f17) auipc   t5, 0x2
core   0: 3 0x8000b3e0 (0x00002f17) x30 0x8000d3e0
core   0: 0x8000b3e4 (0xc23f2023) sw      gp, -992(t5)
core   0: 3 0x8000b3e4 (0xc23f2023) mem 0x8000d000 0x00000001
core   0: 0x8000b3e8 (0x0000bfe5) c.j     pc - 8
core   0: 3 0x8000b3e8 (0xbfe5)
core   0: 0x8000b3e0 (0x00002f17) auipc   t5, 0x2
core   0: 3 0x8000b3e0 (0x00002f17) x30 0x8000d3e0
core   0: 0x8000b3e4 (0xc23f2023) sw      gp, -992(t5)
core   0: 3 0x8000b3e4 (0xc23f2023) mem 0x8000d000 0x00000001
core   0: 0x8000b3e8 (0x0000bfe5) c.j     pc - 8
core   0: 3 0x8000b3e8 (0xbfe5)
core   0: 0x8000b3e0 (0x00002f17) auipc   t5, 0x2
core   0: 3 0x8000b3e0 (0x00002f17) x30 0x8000d3e0
core   0: 0x8000b3e4 (0xc23f2023) sw      gp, -992(t5)
core   0: 3 0x8000b3e4 (0xc23f2023) mem 0x8000d000 0x00000001
core   0: 0x8000b3e8 (0x0000bfe5) c.j     pc - 8
core   0: 3 0x8000b3e8 (0xbfe5)
core   0: 0x8000b3e0 (0x00002f17) auipc   t5, 0x2
core   0: 3 0x8000b3e0 (0x00002f17) x30 0x8000d3e0
core   0: 0x8000b3e4 (0xc23f2023) sw      gp, -992(t5)
core   0: 3 0x8000b3e4 (0xc23f2023) mem 0x8000d000 0x00000001
core   0: 0x8000b3e8 (0x0000bfe5) c.j     pc - 8
core   0: 3 0x8000b3e8 (0xbfe5)
core   0: 0x8000b3e0 (0x00002f17) auipc   t5, 0x2
core   0: 3 0x8000b3e0 (0x00002f17) x30 0x8000d3e0
core   0: 0x8000b3e4 (0xc23f2023) sw      gp, -992(t5)
core   0: 3 0x8000b3e4 (0xc23f2023) mem 0x8000d000 0x00000001
core   0: 0x8000b3e8 (0x0000bfe5) c.j     pc - 8
core   0: 3 0x8000b3e8 (0xbfe5)
core   0: 0x8000b3e0 (0x00002f17) auipc   t5, 0x2
core   0: 3 0x8000b3e0 (0x00002f17) x30 0x8000d3e0
core   0: 0x8000b3e4 (0xc23f2023) sw      gp, -992(t5)
core   0: 3 0x8000b3e4 (0xc23f2023) mem 0x8000d000 0x00000001
core   0: 0x8000b3e8 (0x0000bfe5) c.j     pc - 8
core   0: 3 0x8000b3e8 (0xbfe5)
core   0: 0x8000b3e0 (0x00002f17) auipc   t5, 0x2
core   0: 3 0x8000b3e0 (0x00002f17) x30 0x8000d3e0
core   0: 0x8000b3e4 (0xc23f2023) sw      gp, -992(t5)
core   0: 3 0x8000b3e4 (0xc23f2023) mem 0x8000d000 0x00000001
core   0: 0x8000b3e8 (0x0000bfe5) c.j     pc - 8
core   0: 3 0x8000b3e8 (0xbfe5)
core   0: 0x8000b3e0 (0x00002f17) auipc   t5, 0x2
core   0: 3 0x8000b3e0 (0x00002f17) x30 0x8000d3e0
core   0: 0x8000b3e4 (0xc23f2023) sw      gp, -992(t5)
core   0: 3 0x8000b3e4 (0xc23f2023) mem 0x8000d000 0x00000001
core   0: 0x8000b3e8 (0x0000bfe5) c.j     pc - 8
core   0: 3 0x8000b3e8 (0xbfe5)
core   0: 0x8000b3e0 (0x00002f17) auipc   t5, 0x2
core   0: 3 0x8000b3e0 (0x00002f17) x30 0x8000d3e0
core   0: 0x8000b3e4 (0xc23f2023) sw      gp, -992(t5)
core   0: 3 0x8000b3e4 (0xc23f2023) mem 0x8000d000 0x00000001
core   0: 0x8000b3e8 (0x0000bfe5) c.j     pc - 8
core   0: 3 0x8000b3e8 (0xbfe5)
core   0: 0x8000b3e0 (0x00002f17) auipc   t5, 0x2
core   0: 3 0x8000b3e0 (0x00002f17) x30 0x8000d3e0
core   0: 0x8000b3e4 (0xc23f2023) sw      gp, -992(t5)
core   0: 3 0x8000b3e4 (0xc23f2023) mem 0x8000d000 0x00000001
core   0: 0x8000b3e8 (0x0000bfe5) c.j     pc - 8
core   0: 3 0x8000b3e8 (0xbfe5)
core   0: 0x8000b3e0 (0x00002f17) auipc   t5, 0x2
core   0: 3 0x8000b3e0 (0x00002f17) x30 0x8000d3e0
core   0: 0x8000b3e4 (0xc23f2023) sw      gp, -992(t5)
core   0: 3 0x8000b3e4 (0xc23f2023) mem 0x8000d000 0x00000001
core   0: 0x8000b3e8 (0x0000bfe5) c.j     pc - 8
core   0: 3 0x8000b3e8 (0xbfe5)
core   0: 0x8000b3e0 (0x00002f17) auipc   t5, 0x2
core   0: 3 0x8000b3e0 (0x00002f17) x30 0x8000d3e0
core   0: 0x8000b3e4 (0xc23f2023) sw      gp, -992(t5)
core   0: 3 0x8000b3e4 (0xc23f2023) mem 0x8000d000 0x00000001
core   0: 0x8000b3e8 (0x0000bfe5) c.j     pc - 8
core   0: 3 0x8000b3e8 (0xbfe5)
core   0: 0x8000b3e0 (0x00002f17) auipc   t5, 0x2
core   0: 3 0x8000b3e0 (0x00002f17) x30 0x8000d3e0
core   0: 0x8000b3e4 (0xc23f2023) sw      gp, -992(t5)
core   0: 3 0x8000b3e4 (0xc23f2023) mem 0x8000d000 0x00000001
core   0: 0x8000b3e8 (0x0000bfe5) c.j     pc - 8
core   0: 3 0x8000b3e8 (0xbfe5)
core   0: 0x8000b3e0 (0x00002f17) auipc   t5, 0x2
core   0: 3 0x8000b3e0 (0x00002f17) x30 0x8000d3e0
core   0: 0x8000b3e4 (0xc23f2023) sw      gp, -992(t5)
core   0: 3 0x8000b3e4 (0xc23f2023) mem 0x8000d000 0x00000001
core   0: 0x8000b3e8 (0x0000bfe5) c.j     pc - 8
core   0: 3 0x8000b3e8 (0xbfe5)
core   0: 0x8000b3e0 (0x00002f17) auipc   t5, 0x2
core   0: 3 0x8000b3e0 (0x00002f17) x30 0x8000d3e0
core   0: 0x8000b3e4 (0xc23f2023) sw      gp, -992(t5)
core   0: 3 0x8000b3e4 (0xc23f2023) mem 0x8000d000 0x00000001
core   0: 0x8000b3e8 (0x0000bfe5) c.j     pc - 8
core   0: 3 0x8000b3e8 (0xbfe5)
core   0: 0x8000b3e0 (0x00002f17) auipc   t5, 0x2
core   0: 3 0x8000b3e0 (0x00002f17) x30 0x8000d3e0
core   0: 0x8000b3e4 (0xc23f2023) sw      gp, -992(t5)
core   0: 3 0x8000b3e4 (0xc23f2023) mem 0x8000d000 0x00000001
core   0: 0x8000b3e8 (0x0000bfe5) c.j     pc - 8
core   0: 3 0x8000b3e8 (0xbfe5)
core   0: 0x8000b3e0 (0x00002f17) auipc   t5, 0x2
core   0: 3 0x8000b3e0 (0x00002f17) x30 0x8000d3e0
core   0: 0x8000b3e4 (0xc23f2023) sw      gp, -992(t5)
core   0: 3 0x8000b3e4 (0xc23f2023) mem 0x8000d000 0x00000001
core   0: 0x8000b3e8 (0x0000bfe5) c.j     pc - 8
core   0: 3 0x8000b3e8 (0xbfe5)
core   0: 0x8000b3e0 (0x00002f17) auipc   t5, 0x2
core   0: 3 0x8000b3e0 (0x00002f17) x30 0x8000d3e0
core   0: 0x8000b3e4 (0xc23f2023) sw      gp, -992(t5)
core   0: 3 0x8000b3e4 (0xc23f2023) mem 0x8000d000 0x00000001
core   0: 0x8000b3e8 (0x0000bfe5) c.j     pc - 8
core   0: 3 0x8000b3e8 (0xbfe5)
core   0: 0x8000b3e0 (0x00002f17) auipc   t5, 0x2
core   0: 3 0x8000b3e0 (0x00002f17) x30 0x8000d3e0
core   0: 0x8000b3e4 (0xc23f2023) sw      gp, -992(t5)
core   0: 3 0x8000b3e4 (0xc23f2023) mem 0x8000d000 0x00000001
core   0: 0x8000b3e8 (0x0000bfe5) c.j     pc - 8
core   0: 3 0x8000b3e8 (0xbfe5)
core   0: 0x8000b3e0 (0x00002f17) auipc   t5, 0x2
core   0: 3 0x8000b3e0 (0x00002f17) x30 0x8000d3e0
core   0: 0x8000b3e4 (0xc23f2023) sw      gp, -992(t5)
core   0: 3 0x8000b3e4 (0xc23f2023) mem 0x8000d000 0x00000001
core   0: 0x8000b3e8 (0x0000bfe5) c.j     pc - 8
core   0: 3 0x8000b3e8 (0xbfe5)
core   0: 0x8000b3e0 (0x00002f17) auipc   t5, 0x2
core   0: 3 0x8000b3e0 (0x00002f17) x30 0x8000d3e0
core   0: 0x8000b3e4 (0xc23f2023) sw      gp, -992(t5)
core   0: 3 0x8000b3e4 (0xc23f2023) mem 0x8000d000 0x00000001
core   0: 0x8000b3e8 (0x0000bfe5) c.j     pc - 8
core   0: 3 0x8000b3e8 (0xbfe5)
core   0: 0x8000b3e0 (0x00002f17) auipc   t5, 0x2
core   0: 3 0x8000b3e0 (0x00002f17) x30 0x8000d3e0
core   0: 0x8000b3e4 (0xc23f2023) sw      gp, -992(t5)
core   0: 3 0x8000b3e4 (0xc23f2023) mem 0x8000d000 0x00000001
core   0: 0x8000b3e8 (0x0000bfe5) c.j     pc - 8
core   0: 3 0x8000b3e8 (0xbfe5)
core   0: 0x8000b3e0 (0x00002f17) auipc   t5, 0x2
core   0: 3 0x8000b3e0 (0x00002f17) x30 0x8000d3e0
core   0: 0x8000b3e4 (0xc23f2023) sw      gp, -992(t5)
core   0: 3 0x8000b3e4 (0xc23f2023) mem 0x8000d000 0x00000001
core   0: 0x8000b3e8 (0x0000bfe5) c.j     pc - 8
core   0: 3 0x8000b3e8 (0xbfe5)
core   0: 0x8000b3e0 (0x00002f17) auipc   t5, 0x2
core   0: 3 0x8000b3e0 (0x00002f17) x30 0x8000d3e0
core   0: 0x8000b3e4 (0xc23f2023) sw      gp, -992(t5)
core   0: 3 0x8000b3e4 (0xc23f2023) mem 0x8000d000 0x00000001
core   0: 0x8000b3e8 (0x0000bfe5) c.j     pc - 8
core   0: 3 0x8000b3e8 (0xbfe5)
core   0: 0x8000b3e0 (0x00002f17) auipc   t5, 0x2
core   0: 3 0x8000b3e0 (0x00002f17) x30 0x8000d3e0
core   0: 0x8000b3e4 (0xc23f2023) sw      gp, -992(t5)
core   0: 3 0x8000b3e4 (0xc23f2023) mem 0x8000d000 0x00000001
core   0: 0x8000b3e8 (0x0000bfe5) c.j     pc - 8
core   0: 3 0x8000b3e8 (0xbfe5)
core   0: 0x8000b3e0 (0x00002f17) auipc   t5, 0x2
core   0: 3 0x8000b3e0 (0x00002f17) x30 0x8000d3e0
core   0: 0x8000b3e4 (0xc23f2023) sw      gp, -992(t5)
core   0: 3 0x8000b3e4 (0xc23f2023) mem 0x8000d000 0x00000001
core   0: 0x8000b3e8 (0x0000bfe5) c.j     pc - 8
core   0: 3 0x8000b3e8 (0xbfe5)
core   0: 0x8000b3e0 (0x00002f17) auipc   t5, 0x2
core   0: 3 0x8000b3e0 (0x00002f17) x30 0x8000d3e0
core   0: 0x8000b3e4 (0xc23f2023) sw      gp, -992(t5)
core   0: 3 0x8000b3e4 (0xc23f2023) mem 0x8000d000 0x00000001
core   0: 0x8000b3e8 (0x0000bfe5) c.j     pc - 8
core   0: 3 0x8000b3e8 (0xbfe5)
core   0: 0x8000b3e0 (0x00002f17) auipc   t5, 0x2
core   0: 3 0x8000b3e0 (0x00002f17) x30 0x8000d3e0
core   0: 0x8000b3e4 (0xc23f2023) sw      gp, -992(t5)
core   0: 3 0x8000b3e4 (0xc23f2023) mem 0x8000d000 0x00000001
core   0: 0x8000b3e8 (0x0000bfe5) c.j     pc - 8
core   0: 3 0x8000b3e8 (0xbfe5)
core   0: 0x8000b3e0 (0x00002f17) auipc   t5, 0x2
core   0: 3 0x8000b3e0 (0x00002f17) x30 0x8000d3e0
core   0: 0x8000b3e4 (0xc23f2023) sw      gp, -992(t5)
core   0: 3 0x8000b3e4 (0xc23f2023) mem 0x8000d000 0x00000001
core   0: 0x8000b3e8 (0x0000bfe5) c.j     pc - 8
core   0: 3 0x8000b3e8 (0xbfe5)
core   0: 0x8000b3e0 (0x00002f17) auipc   t5, 0x2
core   0: 3 0x8000b3e0 (0x00002f17) x30 0x8000d3e0
core   0: 0x8000b3e4 (0xc23f2023) sw      gp, -992(t5)
core   0: 3 0x8000b3e4 (0xc23f2023) mem 0x8000d000 0x00000001
core   0: 0x8000b3e8 (0x0000bfe5) c.j     pc - 8
core   0: 3 0x8000b3e8 (0xbfe5)
core   0: 0x8000b3e0 (0x00002f17) auipc   t5, 0x2
core   0: 3 0x8000b3e0 (0x00002f17) x30 0x8000d3e0
core   0: 0x8000b3e4 (0xc23f2023) sw      gp, -992(t5)
core   0: 3 0x8000b3e4 (0xc23f2023) mem 0x8000d000 0x00000001
core   0: 0x8000b3e8 (0x0000bfe5) c.j     pc - 8
core   0: 3 0x8000b3e8 (0xbfe5)
core   0: 0x8000b3e0 (0x00002f17) auipc   t5, 0x2
core   0: 3 0x8000b3e0 (0x00002f17) x30 0x8000d3e0
core   0: 0x8000b3e4 (0xc23f2023) sw      gp, -992(t5)
core   0: 3 0x8000b3e4 (0xc23f2023) mem 0x8000d000 0x00000001
core   0: 0x8000b3e8 (0x0000bfe5) c.j     pc - 8
core   0: 3 0x8000b3e8 (0xbfe5)
core   0: 0x8000b3e0 (0x00002f17) auipc   t5, 0x2
core   0: 3 0x8000b3e0 (0x00002f17) x30 0x8000d3e0
core   0: 0x8000b3e4 (0xc23f2023) sw      gp, -992(t5)
core   0: 3 0x8000b3e4 (0xc23f2023) mem 0x8000d000 0x00000001
core   0: 0x8000b3e8 (0x0000bfe5) c.j     pc - 8
core   0: 3 0x8000b3e8 (0xbfe5)
core   0: 0x8000b3e0 (0x00002f17) auipc   t5, 0x2
core   0: 3 0x8000b3e0 (0x00002f17) x30 0x8000d3e0
core   0: 0x8000b3e4 (0xc23f2023) sw      gp, -992(t5)
core   0: 3 0x8000b3e4 (0xc23f2023) mem 0x8000d000 0x00000001
core   0: 0x8000b3e8 (0x0000bfe5) c.j     pc - 8
core   0: 3 0x8000b3e8 (0xbfe5)
core   0: 0x8000b3e0 (0x00002f17) auipc   t5, 0x2
core   0: 3 0x8000b3e0 (0x00002f17) x30 0x8000d3e0
core   0: 0x8000b3e4 (0xc23f2023) sw      gp, -992(t5)
core   0: 3 0x8000b3e4 (0xc23f2023) mem 0x8000d000 0x00000001
core   0: 0x8000b3e8 (0x0000bfe5) c.j     pc - 8
core   0: 3 0x8000b3e8 (0xbfe5)
core   0: 0x8000b3e0 (0x00002f17) auipc   t5, 0x2
core   0: 3 0x8000b3e0 (0x00002f17) x30 0x8000d3e0
core   0: 0x8000b3e4 (0xc23f2023) sw      gp, -992(t5)
core   0: 3 0x8000b3e4 (0xc23f2023) mem 0x8000d000 0x00000001
core   0: 0x8000b3e8 (0x0000bfe5) c.j     pc - 8
core   0: 3 0x8000b3e8 (0xbfe5)
core   0: 0x8000b3e0 (0x00002f17) auipc   t5, 0x2
core   0: 3 0x8000b3e0 (0x00002f17) x30 0x8000d3e0
core   0: 0x8000b3e4 (0xc23f2023) sw      gp, -992(t5)
core   0: 3 0x8000b3e4 (0xc23f2023) mem 0x8000d000 0x00000001
core   0: 0x8000b3e8 (0x0000bfe5) c.j     pc - 8
core   0: 3 0x8000b3e8 (0xbfe5)
core   0: 0x8000b3e0 (0x00002f17) auipc   t5, 0x2
core   0: 3 0x8000b3e0 (0x00002f17) x30 0x8000d3e0
core   0: 0x8000b3e4 (0xc23f2023) sw      gp, -992(t5)
core   0: 3 0x8000b3e4 (0xc23f2023) mem 0x8000d000 0x00000001
core   0: 0x8000b3e8 (0x0000bfe5) c.j     pc - 8
core   0: 3 0x8000b3e8 (0xbfe5)
core   0: 0x8000b3e0 (0x00002f17) auipc   t5, 0x2
core   0: 3 0x8000b3e0 (0x00002f17) x30 0x8000d3e0
core   0: 0x8000b3e4 (0xc23f2023) sw      gp, -992(t5)
core   0: 3 0x8000b3e4 (0xc23f2023) mem 0x8000d000 0x00000001
core   0: 0x8000b3e8 (0x0000bfe5) c.j     pc - 8
core   0: 3 0x8000b3e8 (0xbfe5)
core   0: 0x8000b3e0 (0x00002f17) auipc   t5, 0x2
core   0: 3 0x8000b3e0 (0x00002f17) x30 0x8000d3e0
core   0: 0x8000b3e4 (0xc23f2023) sw      gp, -992(t5)
core   0: 3 0x8000b3e4 (0xc23f2023) mem 0x8000d000 0x00000001
core   0: 0x8000b3e8 (0x0000bfe5) c.j     pc - 8
core   0: 3 0x8000b3e8 (0xbfe5)
core   0: 0x8000b3e0 (0x00002f17) auipc   t5, 0x2
core   0: 3 0x8000b3e0 (0x00002f17) x30 0x8000d3e0
core   0: 0x8000b3e4 (0xc23f2023) sw      gp, -992(t5)
core   0: 3 0x8000b3e4 (0xc23f2023) mem 0x8000d000 0x00000001
core   0: 0x8000b3e8 (0x0000bfe5) c.j     pc - 8
core   0: 3 0x8000b3e8 (0xbfe5)
core   0: 0x8000b3e0 (0x00002f17) auipc   t5, 0x2
core   0: 3 0x8000b3e0 (0x00002f17) x30 0x8000d3e0
core   0: 0x8000b3e4 (0xc23f2023) sw      gp, -992(t5)
core   0: 3 0x8000b3e4 (0xc23f2023) mem 0x8000d000 0x00000001
core   0: 0x8000b3e8 (0x0000bfe5) c.j     pc - 8
core   0: 3 0x8000b3e8 (0xbfe5)
core   0: 0x8000b3e0 (0x00002f17) auipc   t5, 0x2
core   0: 3 0x8000b3e0 (0x00002f17) x30 0x8000d3e0
core   0: 0x8000b3e4 (0xc23f2023) sw      gp, -992(t5)
core   0: 3 0x8000b3e4 (0xc23f2023) mem 0x8000d000 0x00000001
core   0: 0x8000b3e8 (0x0000bfe5) c.j     pc - 8
core   0: 3 0x8000b3e8 (0xbfe5)
core   0: 0x8000b3e0 (0x00002f17) auipc   t5, 0x2
core   0: 3 0x8000b3e0 (0x00002f17) x30 0x8000d3e0
core   0: 0x8000b3e4 (0xc23f2023) sw      gp, -992(t5)
core   0: 3 0x8000b3e4 (0xc23f2023) mem 0x8000d000 0x00000001
core   0: 0x8000b3e8 (0x0000bfe5) c.j     pc - 8
core   0: 3 0x8000b3e8 (0xbfe5)
core   0: 0x8000b3e0 (0x00002f17) auipc   t5, 0x2
core   0: 3 0x8000b3e0 (0x00002f17) x30 0x8000d3e0
core   0: 0x8000b3e4 (0xc23f2023) sw      gp, -992(t5)
core   0: 3 0x8000b3e4 (0xc23f2023) mem 0x8000d000 0x00000001
core   0: 0x8000b3e8 (0x0000bfe5) c.j     pc - 8
core   0: 3 0x8000b3e8 (0xbfe5)
core   0: 0x8000b3e0 (0x00002f17) auipc   t5, 0x2
core   0: 3 0x8000b3e0 (0x00002f17) x30 0x8000d3e0
core   0: 0x8000b3e4 (0xc23f2023) sw      gp, -992(t5)
core   0: 3 0x8000b3e4 (0xc23f2023) mem 0x8000d000 0x00000001
core   0: 0x8000b3e8 (0x0000bfe5) c.j     pc - 8
core   0: 3 0x8000b3e8 (0xbfe5)
core   0: 0x8000b3e0 (0x00002f17) auipc   t5, 0x2
core   0: 3 0x8000b3e0 (0x00002f17) x30 0x8000d3e0
core   0: 0x8000b3e4 (0xc23f2023) sw      gp, -992(t5)
core   0: 3 0x8000b3e4 (0xc23f2023) mem 0x8000d000 0x00000001
core   0: 0x8000b3e8 (0x0000bfe5) c.j     pc - 8
core   0: 3 0x8000b3e8 (0xbfe5)
core   0: 0x8000b3e0 (0x00002f17) auipc   t5, 0x2
core   0: 3 0x8000b3e0 (0x00002f17) x30 0x8000d3e0
core   0: 0x8000b3e4 (0xc23f2023) sw      gp, -992(t5)
core   0: 3 0x8000b3e4 (0xc23f2023) mem 0x8000d000 0x00000001
core   0: 0x8000b3e8 (0x0000bfe5) c.j     pc - 8
core   0: 3 0x8000b3e8 (0xbfe5)
core   0: 0x8000b3e0 (0x00002f17) auipc   t5, 0x2
core   0: 3 0x8000b3e0 (0x00002f17) x30 0x8000d3e0
core   0: 0x8000b3e4 (0xc23f2023) sw      gp, -992(t5)
core   0: 3 0x8000b3e4 (0xc23f2023) mem 0x8000d000 0x00000001
core   0: 0x8000b3e8 (0x0000bfe5) c.j     pc - 8
core   0: 3 0x8000b3e8 (0xbfe5)
core   0: 0x8000b3e0 (0x00002f17) auipc   t5, 0x2
core   0: 3 0x8000b3e0 (0x00002f17) x30 0x8000d3e0
core   0: 0x8000b3e4 (0xc23f2023) sw      gp, -992(t5)
core   0: 3 0x8000b3e4 (0xc23f2023) mem 0x8000d000 0x00000001
core   0: 0x8000b3e8 (0x0000bfe5) c.j     pc - 8
core   0: 3 0x8000b3e8 (0xbfe5)
core   0: 0x8000b3e0 (0x00002f17) auipc   t5, 0x2
core   0: 3 0x8000b3e0 (0x00002f17) x30 0x8000d3e0
core   0: 0x8000b3e4 (0xc23f2023) sw      gp, -992(t5)
core   0: 3 0x8000b3e4 (0xc23f2023) mem 0x8000d000 0x00000001
core   0: 0x8000b3e8 (0x0000bfe5) c.j     pc - 8
core   0: 3 0x8000b3e8 (0xbfe5)
core   0: 0x8000b3e0 (0x00002f17) auipc   t5, 0x2
core   0: 3 0x8000b3e0 (0x00002f17) x30 0x8000d3e0
core   0: 0x8000b3e4 (0xc23f2023) sw      gp, -992(t5)
core   0: 3 0x8000b3e4 (0xc23f2023) mem 0x8000d000 0x00000001
core   0: 0x8000b3e8 (0x0000bfe5) c.j     pc - 8
core   0: 3 0x8000b3e8 (0xbfe5)
core   0: 0x8000b3e0 (0x00002f17) auipc   t5, 0x2
core   0: 3 0x8000b3e0 (0x00002f17) x30 0x8000d3e0
core   0: 0x8000b3e4 (0xc23f2023) sw      gp, -992(t5)
core   0: 3 0x8000b3e4 (0xc23f2023) mem 0x8000d000 0x00000001
core   0: 0x8000b3e8 (0x0000bfe5) c.j     pc - 8
core   0: 3 0x8000b3e8 (0xbfe5)
core   0: 0x8000b3e0 (0x00002f17) auipc   t5, 0x2
core   0: 3 0x8000b3e0 (0x00002f17) x30 0x8000d3e0
core   0: 0x8000b3e4 (0xc23f2023) sw      gp, -992(t5)
core   0: 3 0x8000b3e4 (0xc23f2023) mem 0x8000d000 0x00000001
core   0: 0x8000b3e8 (0x0000bfe5) c.j     pc - 8
core   0: 3 0x8000b3e8 (0xbfe5)
core   0: 0x8000b3e0 (0x00002f17) auipc   t5, 0x2
core   0: 3 0x8000b3e0 (0x00002f17) x30 0x8000d3e0
core   0: 0x8000b3e4 (0xc23f2023) sw      gp, -992(t5)
core   0: 3 0x8000b3e4 (0xc23f2023) mem 0x8000d000 0x00000001
core   0: 0x8000b3e8 (0x0000bfe5) c.j     pc - 8
core   0: 3 0x8000b3e8 (0xbfe5)
core   0: 0x8000b3e0 (0x00002f17) auipc   t5, 0x2
core   0: 3 0x8000b3e0 (0x00002f17) x30 0x8000d3e0
core   0: 0x8000b3e4 (0xc23f2023) sw      gp, -992(t5)
core   0: 3 0x8000b3e4 (0xc23f2023) mem 0x8000d000 0x00000001
core   0: 0x8000b3e8 (0x0000bfe5) c.j     pc - 8
core   0: 3 0x8000b3e8 (0xbfe5)
core   0: 0x8000b3e0 (0x00002f17) auipc   t5, 0x2
core   0: 3 0x8000b3e0 (0x00002f17) x30 0x8000d3e0
core   0: 0x8000b3e4 (0xc23f2023) sw      gp, -992(t5)
core   0: 3 0x8000b3e4 (0xc23f2023) mem 0x8000d000 0x00000001
core   0: 0x8000b3e8 (0x0000bfe5) c.j     pc - 8
core   0: 3 0x8000b3e8 (0xbfe5)
core   0: 0x8000b3e0 (0x00002f17) auipc   t5, 0x2
core   0: 3 0x8000b3e0 (0x00002f17) x30 0x8000d3e0
core   0: 0x8000b3e4 (0xc23f2023) sw      gp, -992(t5)
core   0: 3 0x8000b3e4 (0xc23f2023) mem 0x8000d000 0x00000001
core   0: 0x8000b3e8 (0x0000bfe5) c.j     pc - 8
core   0: 3 0x8000b3e8 (0xbfe5)
core   0: 0x8000b3e0 (0x00002f17) auipc   t5, 0x2
core   0: 3 0x8000b3e0 (0x00002f17) x30 0x8000d3e0
core   0: 0x8000b3e4 (0xc23f2023) sw      gp, -992(t5)
core   0: 3 0x8000b3e4 (0xc23f2023) mem 0x8000d000 0x00000001
core   0: 0x8000b3e8 (0x0000bfe5) c.j     pc - 8
core   0: 3 0x8000b3e8 (0xbfe5)
core   0: 0x8000b3e0 (0x00002f17) auipc   t5, 0x2
core   0: 3 0x8000b3e0 (0x00002f17) x30 0x8000d3e0
core   0: 0x8000b3e4 (0xc23f2023) sw      gp, -992(t5)
core   0: 3 0x8000b3e4 (0xc23f2023) mem 0x8000d000 0x00000001
core   0: 0x8000b3e8 (0x0000bfe5) c.j     pc - 8
core   0: 3 0x8000b3e8 (0xbfe5)
core   0: 0x8000b3e0 (0x00002f17) auipc   t5, 0x2
core   0: 3 0x8000b3e0 (0x00002f17) x30 0x8000d3e0
core   0: 0x8000b3e4 (0xc23f2023) sw      gp, -992(t5)
core   0: 3 0x8000b3e4 (0xc23f2023) mem 0x8000d000 0x00000001
core   0: 0x8000b3e8 (0x0000bfe5) c.j     pc - 8
core   0: 3 0x8000b3e8 (0xbfe5)
core   0: 0x8000b3e0 (0x00002f17) auipc   t5, 0x2
core   0: 3 0x8000b3e0 (0x00002f17) x30 0x8000d3e0
core   0: 0x8000b3e4 (0xc23f2023) sw      gp, -992(t5)
core   0: 3 0x8000b3e4 (0xc23f2023) mem 0x8000d000 0x00000001
core   0: 0x8000b3e8 (0x0000bfe5) c.j     pc - 8
core   0: 3 0x8000b3e8 (0xbfe5)
core   0: 0x8000b3e0 (0x00002f17) auipc   t5, 0x2
core   0: 3 0x8000b3e0 (0x00002f17) x30 0x8000d3e0
core   0: 0x8000b3e4 (0xc23f2023) sw      gp, -992(t5)
core   0: 3 0x8000b3e4 (0xc23f2023) mem 0x8000d000 0x00000001
core   0: 0x8000b3e8 (0x0000bfe5) c.j     pc - 8
core   0: 3 0x8000b3e8 (0xbfe5)
core   0: 0x8000b3e0 (0x00002f17) auipc   t5, 0x2
core   0: 3 0x8000b3e0 (0x00002f17) x30 0x8000d3e0
core   0: 0x8000b3e4 (0xc23f2023) sw      gp, -992(t5)
core   0: 3 0x8000b3e4 (0xc23f2023) mem 0x8000d000 0x00000001
core   0: 0x8000b3e8 (0x0000bfe5) c.j     pc - 8
core   0: 3 0x8000b3e8 (0xbfe5)
core   0: 0x8000b3e0 (0x00002f17) auipc   t5, 0x2
core   0: 3 0x8000b3e0 (0x00002f17) x30 0x8000d3e0
core   0: 0x8000b3e4 (0xc23f2023) sw      gp, -992(t5)
core   0: 3 0x8000b3e4 (0xc23f2023) mem 0x8000d000 0x00000001
core   0: 0x8000b3e8 (0x0000bfe5) c.j     pc - 8
core   0: 3 0x8000b3e8 (0xbfe5)
core   0: 0x8000b3e0 (0x00002f17) auipc   t5, 0x2
core   0: 3 0x8000b3e0 (0x00002f17) x30 0x8000d3e0
core   0: 0x8000b3e4 (0xc23f2023) sw      gp, -992(t5)
core   0: 3 0x8000b3e4 (0xc23f2023) mem 0x8000d000 0x00000001
core   0: 0x8000b3e8 (0x0000bfe5) c.j     pc - 8
core   0: 3 0x8000b3e8 (0xbfe5)
core   0: 0x8000b3e0 (0x00002f17) auipc   t5, 0x2
core   0: 3 0x8000b3e0 (0x00002f17) x30 0x8000d3e0
core   0: 0x8000b3e4 (0xc23f2023) sw      gp, -992(t5)
core   0: 3 0x8000b3e4 (0xc23f2023) mem 0x8000d000 0x00000001
core   0: 0x8000b3e8 (0x0000bfe5) c.j     pc - 8
core   0: 3 0x8000b3e8 (0xbfe5)
core   0: 0x8000b3e0 (0x00002f17) auipc   t5, 0x2
core   0: 3 0x8000b3e0 (0x00002f17) x30 0x8000d3e0
core   0: 0x8000b3e4 (0xc23f2023) sw      gp, -992(t5)
core   0: 3 0x8000b3e4 (0xc23f2023) mem 0x8000d000 0x00000001
core   0: 0x8000b3e8 (0x0000bfe5) c.j     pc - 8
core   0: 3 0x8000b3e8 (0xbfe5)
core   0: 0x8000b3e0 (0x00002f17) auipc   t5, 0x2
core   0: 3 0x8000b3e0 (0x00002f17) x30 0x8000d3e0
core   0: 0x8000b3e4 (0xc23f2023) sw      gp, -992(t5)
core   0: 3 0x8000b3e4 (0xc23f2023) mem 0x8000d000 0x00000001
core   0: 0x8000b3e8 (0x0000bfe5) c.j     pc - 8
core   0: 3 0x8000b3e8 (0xbfe5)
core   0: 0x8000b3e0 (0x00002f17) auipc   t5, 0x2
core   0: 3 0x8000b3e0 (0x00002f17) x30 0x8000d3e0
core   0: 0x8000b3e4 (0xc23f2023) sw      gp, -992(t5)
core   0: 3 0x8000b3e4 (0xc23f2023) mem 0x8000d000 0x00000001
core   0: 0x8000b3e8 (0x0000bfe5) c.j     pc - 8
core   0: 3 0x8000b3e8 (0xbfe5)
core   0: 0x8000b3e0 (0x00002f17) auipc   t5, 0x2
core   0: 3 0x8000b3e0 (0x00002f17) x30 0x8000d3e0
core   0: 0x8000b3e4 (0xc23f2023) sw      gp, -992(t5)
core   0: 3 0x8000b3e4 (0xc23f2023) mem 0x8000d000 0x00000001
core   0: 0x8000b3e8 (0x0000bfe5) c.j     pc - 8
core   0: 3 0x8000b3e8 (0xbfe5)
core   0: 0x8000b3e0 (0x00002f17) auipc   t5, 0x2
core   0: 3 0x8000b3e0 (0x00002f17) x30 0x8000d3e0
core   0: 0x8000b3e4 (0xc23f2023) sw      gp, -992(t5)
core   0: 3 0x8000b3e4 (0xc23f2023) mem 0x8000d000 0x00000001
core   0: 0x8000b3e8 (0x0000bfe5) c.j     pc - 8
core   0: 3 0x8000b3e8 (0xbfe5)
core   0: 0x8000b3e0 (0x00002f17) auipc   t5, 0x2
core   0: 3 0x8000b3e0 (0x00002f17) x30 0x8000d3e0
core   0: 0x8000b3e4 (0xc23f2023) sw      gp, -992(t5)
core   0: 3 0x8000b3e4 (0xc23f2023) mem 0x8000d000 0x00000001
core   0: 0x8000b3e8 (0x0000bfe5) c.j     pc - 8
core   0: 3 0x8000b3e8 (0xbfe5)
core   0: 0x8000b3e0 (0x00002f17) auipc   t5, 0x2
core   0: 3 0x8000b3e0 (0x00002f17) x30 0x8000d3e0
core   0: 0x8000b3e4 (0xc23f2023) sw      gp, -992(t5)
core   0: 3 0x8000b3e4 (0xc23f2023) mem 0x8000d000 0x00000001
core   0: 0x8000b3e8 (0x0000bfe5) c.j     pc - 8
core   0: 3 0x8000b3e8 (0xbfe5)
core   0: 0x8000b3e0 (0x00002f17) auipc   t5, 0x2
core   0: 3 0x8000b3e0 (0x00002f17) x30 0x8000d3e0
core   0: 0x8000b3e4 (0xc23f2023) sw      gp, -992(t5)
core   0: 3 0x8000b3e4 (0xc23f2023) mem 0x8000d000 0x00000001
core   0: 0x8000b3e8 (0x0000bfe5) c.j     pc - 8
core   0: 3 0x8000b3e8 (0xbfe5)
core   0: 0x8000b3e0 (0x00002f17) auipc   t5, 0x2
core   0: 3 0x8000b3e0 (0x00002f17) x30 0x8000d3e0
core   0: 0x8000b3e4 (0xc23f2023) sw      gp, -992(t5)
core   0: 3 0x8000b3e4 (0xc23f2023) mem 0x8000d000 0x00000001
core   0: 0x8000b3e8 (0x0000bfe5) c.j     pc - 8
core   0: 3 0x8000b3e8 (0xbfe5)
core   0: 0x8000b3e0 (0x00002f17) auipc   t5, 0x2
core   0: 3 0x8000b3e0 (0x00002f17) x30 0x8000d3e0
core   0: 0x8000b3e4 (0xc23f2023) sw      gp, -992(t5)
core   0: 3 0x8000b3e4 (0xc23f2023) mem 0x8000d000 0x00000001
core   0: 0x8000b3e8 (0x0000bfe5) c.j     pc - 8
core   0: 3 0x8000b3e8 (0xbfe5)
core   0: 0x8000b3e0 (0x00002f17) auipc   t5, 0x2
core   0: 3 0x8000b3e0 (0x00002f17) x30 0x8000d3e0
core   0: 0x8000b3e4 (0xc23f2023) sw      gp, -992(t5)
core   0: 3 0x8000b3e4 (0xc23f2023) mem 0x8000d000 0x00000001
core   0: 0x8000b3e8 (0x0000bfe5) c.j     pc - 8
core   0: 3 0x8000b3e8 (0xbfe5)
core   0: 0x8000b3e0 (0x00002f17) auipc   t5, 0x2
core   0: 3 0x8000b3e0 (0x00002f17) x30 0x8000d3e0
core   0: 0x8000b3e4 (0xc23f2023) sw      gp, -992(t5)
core   0: 3 0x8000b3e4 (0xc23f2023) mem 0x8000d000 0x00000001
core   0: 0x8000b3e8 (0x0000bfe5) c.j     pc - 8
core   0: 3 0x8000b3e8 (0xbfe5)
core   0: 0x8000b3e0 (0x00002f17) auipc   t5, 0x2
core   0: 3 0x8000b3e0 (0x00002f17) x30 0x8000d3e0
core   0: 0x8000b3e4 (0xc23f2023) sw      gp, -992(t5)
core   0: 3 0x8000b3e4 (0xc23f2023) mem 0x8000d000 0x00000001
core   0: 0x8000b3e8 (0x0000bfe5) c.j     pc - 8
core   0: 3 0x8000b3e8 (0xbfe5)
core   0: 0x8000b3e0 (0x00002f17) auipc   t5, 0x2
core   0: 3 0x8000b3e0 (0x00002f17) x30 0x8000d3e0
core   0: 0x8000b3e4 (0xc23f2023) sw      gp, -992(t5)
core   0: 3 0x8000b3e4 (0xc23f2023) mem 0x8000d000 0x00000001
core   0: 0x8000b3e8 (0x0000bfe5) c.j     pc - 8
core   0: 3 0x8000b3e8 (0xbfe5)
core   0: 0x8000b3e0 (0x00002f17) auipc   t5, 0x2
core   0: 3 0x8000b3e0 (0x00002f17) x30 0x8000d3e0
core   0: 0x8000b3e4 (0xc23f2023) sw      gp, -992(t5)
core   0: 3 0x8000b3e4 (0xc23f2023) mem 0x8000d000 0x00000001
core   0: 0x8000b3e8 (0x0000bfe5) c.j     pc - 8
core   0: 3 0x8000b3e8 (0xbfe5)
core   0: 0x8000b3e0 (0x00002f17) auipc   t5, 0x2
core   0: 3 0x8000b3e0 (0x00002f17) x30 0x8000d3e0
core   0: 0x8000b3e4 (0xc23f2023) sw      gp, -992(t5)
core   0: 3 0x8000b3e4 (0xc23f2023) mem 0x8000d000 0x00000001
core   0: 0x8000b3e8 (0x0000bfe5) c.j     pc - 8
core   0: 3 0x8000b3e8 (0xbfe5)
core   0: 0x8000b3e0 (0x00002f17) auipc   t5, 0x2
core   0: 3 0x8000b3e0 (0x00002f17) x30 0x8000d3e0
core   0: 0x8000b3e4 (0xc23f2023) sw      gp, -992(t5)
core   0: 3 0x8000b3e4 (0xc23f2023) mem 0x8000d000 0x00000001
core   0: 0x8000b3e8 (0x0000bfe5) c.j     pc - 8
core   0: 3 0x8000b3e8 (0xbfe5)
core   0: 0x8000b3e0 (0x00002f17) auipc   t5, 0x2
core   0: 3 0x8000b3e0 (0x00002f17) x30 0x8000d3e0
core   0: 0x8000b3e4 (0xc23f2023) sw      gp, -992(t5)
core   0: 3 0x8000b3e4 (0xc23f2023) mem 0x8000d000 0x00000001
core   0: 0x8000b3e8 (0x0000bfe5) c.j     pc - 8
core   0: 3 0x8000b3e8 (0xbfe5)
core   0: 0x8000b3e0 (0x00002f17) auipc   t5, 0x2
core   0: 3 0x8000b3e0 (0x00002f17) x30 0x8000d3e0
core   0: 0x8000b3e4 (0xc23f2023) sw      gp, -992(t5)
core   0: 3 0x8000b3e4 (0xc23f2023) mem 0x8000d000 0x00000001
core   0: 0x8000b3e8 (0x0000bfe5) c.j     pc - 8
core   0: 3 0x8000b3e8 (0xbfe5)
core   0: 0x8000b3e0 (0x00002f17) auipc   t5, 0x2
core   0: 3 0x8000b3e0 (0x00002f17) x30 0x8000d3e0
core   0: 0x8000b3e4 (0xc23f2023) sw      gp, -992(t5)
core   0: 3 0x8000b3e4 (0xc23f2023) mem 0x8000d000 0x00000001
core   0: 0x8000b3e8 (0x0000bfe5) c.j     pc - 8
core   0: 3 0x8000b3e8 (0xbfe5)
core   0: 0x8000b3e0 (0x00002f17) auipc   t5, 0x2
core   0: 3 0x8000b3e0 (0x00002f17) x30 0x8000d3e0
core   0: 0x8000b3e4 (0xc23f2023) sw      gp, -992(t5)
core   0: 3 0x8000b3e4 (0xc23f2023) mem 0x8000d000 0x00000001
core   0: 0x8000b3e8 (0x0000bfe5) c.j     pc - 8
core   0: 3 0x8000b3e8 (0xbfe5)
core   0: 0x8000b3e0 (0x00002f17) auipc   t5, 0x2
core   0: 3 0x8000b3e0 (0x00002f17) x30 0x8000d3e0
core   0: 0x8000b3e4 (0xc23f2023) sw      gp, -992(t5)
core   0: 3 0x8000b3e4 (0xc23f2023) mem 0x8000d000 0x00000001
core   0: 0x8000b3e8 (0x0000bfe5) c.j     pc - 8
core   0: 3 0x8000b3e8 (0xbfe5)
core   0: 0x8000b3e0 (0x00002f17) auipc   t5, 0x2
core   0: 3 0x8000b3e0 (0x00002f17) x30 0x8000d3e0
core   0: 0x8000b3e4 (0xc23f2023) sw      gp, -992(t5)
core   0: 3 0x8000b3e4 (0xc23f2023) mem 0x8000d000 0x00000001
core   0: 0x8000b3e8 (0x0000bfe5) c.j     pc - 8
core   0: 3 0x8000b3e8 (0xbfe5)
core   0: 0x8000b3e0 (0x00002f17) auipc   t5, 0x2
core   0: 3 0x8000b3e0 (0x00002f17) x30 0x8000d3e0
core   0: 0x8000b3e4 (0xc23f2023) sw      gp, -992(t5)
core   0: 3 0x8000b3e4 (0xc23f2023) mem 0x8000d000 0x00000001
core   0: 0x8000b3e8 (0x0000bfe5) c.j     pc - 8
core   0: 3 0x8000b3e8 (0xbfe5)
core   0: 0x8000b3e0 (0x00002f17) auipc   t5, 0x2
core   0: 3 0x8000b3e0 (0x00002f17) x30 0x8000d3e0
core   0: 0x8000b3e4 (0xc23f2023) sw      gp, -992(t5)
core   0: 3 0x8000b3e4 (0xc23f2023) mem 0x8000d000 0x00000001
core   0: 0x8000b3e8 (0x0000bfe5) c.j     pc - 8
core   0: 3 0x8000b3e8 (0xbfe5)
core   0: 0x8000b3e0 (0x00002f17) auipc   t5, 0x2
core   0: 3 0x8000b3e0 (0x00002f17) x30 0x8000d3e0
core   0: 0x8000b3e4 (0xc23f2023) sw      gp, -992(t5)
core   0: 3 0x8000b3e4 (0xc23f2023) mem 0x8000d000 0x00000001
core   0: 0x8000b3e8 (0x0000bfe5) c.j     pc - 8
core   0: 3 0x8000b3e8 (0xbfe5)
core   0: 0x8000b3e0 (0x00002f17) auipc   t5, 0x2
core   0: 3 0x8000b3e0 (0x00002f17) x30 0x8000d3e0
core   0: 0x8000b3e4 (0xc23f2023) sw      gp, -992(t5)
core   0: 3 0x8000b3e4 (0xc23f2023) mem 0x8000d000 0x00000001
core   0: 0x8000b3e8 (0x0000bfe5) c.j     pc - 8
core   0: 3 0x8000b3e8 (0xbfe5)
core   0: 0x8000b3e0 (0x00002f17) auipc   t5, 0x2
core   0: 3 0x8000b3e0 (0x00002f17) x30 0x8000d3e0
core   0: 0x8000b3e4 (0xc23f2023) sw      gp, -992(t5)
core   0: 3 0x8000b3e4 (0xc23f2023) mem 0x8000d000 0x00000001
core   0: 0x8000b3e8 (0x0000bfe5) c.j     pc - 8
core   0: 3 0x8000b3e8 (0xbfe5)
core   0: 0x8000b3e0 (0x00002f17) auipc   t5, 0x2
core   0: 3 0x8000b3e0 (0x00002f17) x30 0x8000d3e0
core   0: 0x8000b3e4 (0xc23f2023) sw      gp, -992(t5)
core   0: 3 0x8000b3e4 (0xc23f2023) mem 0x8000d000 0x00000001
core   0: 0x8000b3e8 (0x0000bfe5) c.j     pc - 8
core   0: 3 0x8000b3e8 (0xbfe5)
core   0: 0x8000b3e0 (0x00002f17) auipc   t5, 0x2
core   0: 3 0x8000b3e0 (0x00002f17) x30 0x8000d3e0
core   0: 0x8000b3e4 (0xc23f2023) sw      gp, -992(t5)
core   0: 3 0x8000b3e4 (0xc23f2023) mem 0x8000d000 0x00000001
core   0: 0x8000b3e8 (0x0000bfe5) c.j     pc - 8
core   0: 3 0x8000b3e8 (0xbfe5)
core   0: 0x8000b3e0 (0x00002f17) auipc   t5, 0x2
core   0: 3 0x8000b3e0 (0x00002f17) x30 0x8000d3e0
core   0: 0x8000b3e4 (0xc23f2023) sw      gp, -992(t5)
core   0: 3 0x8000b3e4 (0xc23f2023) mem 0x8000d000 0x00000001
core   0: 0x8000b3e8 (0x0000bfe5) c.j     pc - 8
core   0: 3 0x8000b3e8 (0xbfe5)
core   0: 0x8000b3e0 (0x00002f17) auipc   t5, 0x2
core   0: 3 0x8000b3e0 (0x00002f17) x30 0x8000d3e0
core   0: 0x8000b3e4 (0xc23f2023) sw      gp, -992(t5)
core   0: 3 0x8000b3e4 (0xc23f2023) mem 0x8000d000 0x00000001
core   0: 0x8000b3e8 (0x0000bfe5) c.j     pc - 8
core   0: 3 0x8000b3e8 (0xbfe5)
core   0: 0x8000b3e0 (0x00002f17) auipc   t5, 0x2
core   0: 3 0x8000b3e0 (0x00002f17) x30 0x8000d3e0
core   0: 0x8000b3e4 (0xc23f2023) sw      gp, -992(t5)
core   0: 3 0x8000b3e4 (0xc23f2023) mem 0x8000d000 0x00000001
core   0: 0x8000b3e8 (0x0000bfe5) c.j     pc - 8
core   0: 3 0x8000b3e8 (0xbfe5)
core   0: 0x8000b3e0 (0x00002f17) auipc   t5, 0x2
core   0: 3 0x8000b3e0 (0x00002f17) x30 0x8000d3e0
core   0: 0x8000b3e4 (0xc23f2023) sw      gp, -992(t5)
core   0: 3 0x8000b3e4 (0xc23f2023) mem 0x8000d000 0x00000001
core   0: 0x8000b3e8 (0x0000bfe5) c.j     pc - 8
core   0: 3 0x8000b3e8 (0xbfe5)
core   0: 0x8000b3e0 (0x00002f17) auipc   t5, 0x2
core   0: 3 0x8000b3e0 (0x00002f17) x30 0x8000d3e0
core   0: 0x8000b3e4 (0xc23f2023) sw      gp, -992(t5)
core   0: 3 0x8000b3e4 (0xc23f2023) mem 0x8000d000 0x00000001
core   0: 0x8000b3e8 (0x0000bfe5) c.j     pc - 8
core   0: 3 0x8000b3e8 (0xbfe5)
core   0: 0x8000b3e0 (0x00002f17) auipc   t5, 0x2
core   0: 3 0x8000b3e0 (0x00002f17) x30 0x8000d3e0
core   0: 0x8000b3e4 (0xc23f2023) sw      gp, -992(t5)
core   0: 3 0x8000b3e4 (0xc23f2023) mem 0x8000d000 0x00000001
core   0: 0x8000b3e8 (0x0000bfe5) c.j     pc - 8
core   0: 3 0x8000b3e8 (0xbfe5)
core   0: 0x8000b3e0 (0x00002f17) auipc   t5, 0x2
core   0: 3 0x8000b3e0 (0x00002f17) x30 0x8000d3e0
core   0: 0x8000b3e4 (0xc23f2023) sw      gp, -992(t5)
core   0: 3 0x8000b3e4 (0xc23f2023) mem 0x8000d000 0x00000001
core   0: 0x8000b3e8 (0x0000bfe5) c.j     pc - 8
core   0: 3 0x8000b3e8 (0xbfe5)
core   0: 0x8000b3e0 (0x00002f17) auipc   t5, 0x2
core   0: 3 0x8000b3e0 (0x00002f17) x30 0x8000d3e0
core   0: 0x8000b3e4 (0xc23f2023) sw      gp, -992(t5)
core   0: 3 0x8000b3e4 (0xc23f2023) mem 0x8000d000 0x00000001
core   0: 0x8000b3e8 (0x0000bfe5) c.j     pc - 8
core   0: 3 0x8000b3e8 (0xbfe5)
core   0: 0x8000b3e0 (0x00002f17) auipc   t5, 0x2
core   0: 3 0x8000b3e0 (0x00002f17) x30 0x8000d3e0
core   0: 0x8000b3e4 (0xc23f2023) sw      gp, -992(t5)
core   0: 3 0x8000b3e4 (0xc23f2023) mem 0x8000d000 0x00000001
core   0: 0x8000b3e8 (0x0000bfe5) c.j     pc - 8
core   0: 3 0x8000b3e8 (0xbfe5)
core   0: 0x8000b3e0 (0x00002f17) auipc   t5, 0x2
core   0: 3 0x8000b3e0 (0x00002f17) x30 0x8000d3e0
core   0: 0x8000b3e4 (0xc23f2023) sw      gp, -992(t5)
core   0: 3 0x8000b3e4 (0xc23f2023) mem 0x8000d000 0x00000001
core   0: 0x8000b3e8 (0x0000bfe5) c.j     pc - 8
core   0: 3 0x8000b3e8 (0xbfe5)
core   0: 0x8000b3e0 (0x00002f17) auipc   t5, 0x2
core   0: 3 0x8000b3e0 (0x00002f17) x30 0x8000d3e0
core   0: 0x8000b3e4 (0xc23f2023) sw      gp, -992(t5)
core   0: 3 0x8000b3e4 (0xc23f2023) mem 0x8000d000 0x00000001
core   0: 0x8000b3e8 (0x0000bfe5) c.j     pc - 8
core   0: 3 0x8000b3e8 (0xbfe5)
core   0: 0x8000b3e0 (0x00002f17) auipc   t5, 0x2
core   0: 3 0x8000b3e0 (0x00002f17) x30 0x8000d3e0
core   0: 0x8000b3e4 (0xc23f2023) sw      gp, -992(t5)
core   0: 3 0x8000b3e4 (0xc23f2023) mem 0x8000d000 0x00000001
core   0: 0x8000b3e8 (0x0000bfe5) c.j     pc - 8
core   0: 3 0x8000b3e8 (0xbfe5)
core   0: 0x8000b3e0 (0x00002f17) auipc   t5, 0x2
core   0: 3 0x8000b3e0 (0x00002f17) x30 0x8000d3e0
core   0: 0x8000b3e4 (0xc23f2023) sw      gp, -992(t5)
core   0: 3 0x8000b3e4 (0xc23f2023) mem 0x8000d000 0x00000001
core   0: 0x8000b3e8 (0x0000bfe5) c.j     pc - 8
core   0: 3 0x8000b3e8 (0xbfe5)
core   0: 0x8000b3e0 (0x00002f17) auipc   t5, 0x2
core   0: 3 0x8000b3e0 (0x00002f17) x30 0x8000d3e0
core   0: 0x8000b3e4 (0xc23f2023) sw      gp, -992(t5)
core   0: 3 0x8000b3e4 (0xc23f2023) mem 0x8000d000 0x00000001
core   0: 0x8000b3e8 (0x0000bfe5) c.j     pc - 8
core   0: 3 0x8000b3e8 (0xbfe5)
core   0: 0x8000b3e0 (0x00002f17) auipc   t5, 0x2
core   0: 3 0x8000b3e0 (0x00002f17) x30 0x8000d3e0
core   0: 0x8000b3e4 (0xc23f2023) sw      gp, -992(t5)
core   0: 3 0x8000b3e4 (0xc23f2023) mem 0x8000d000 0x00000001
core   0: 0x8000b3e8 (0x0000bfe5) c.j     pc - 8
core   0: 3 0x8000b3e8 (0xbfe5)
core   0: 0x8000b3e0 (0x00002f17) auipc   t5, 0x2
core   0: 3 0x8000b3e0 (0x00002f17) x30 0x8000d3e0
core   0: 0x8000b3e4 (0xc23f2023) sw      gp, -992(t5)
core   0: 3 0x8000b3e4 (0xc23f2023) mem 0x8000d000 0x00000001
core   0: 0x8000b3e8 (0x0000bfe5) c.j     pc - 8
core   0: 3 0x8000b3e8 (0xbfe5)
core   0: 0x8000b3e0 (0x00002f17) auipc   t5, 0x2
core   0: 3 0x8000b3e0 (0x00002f17) x30 0x8000d3e0
core   0: 0x8000b3e4 (0xc23f2023) sw      gp, -992(t5)
core   0: 3 0x8000b3e4 (0xc23f2023) mem 0x8000d000 0x00000001
core   0: 0x8000b3e8 (0x0000bfe5) c.j     pc - 8
core   0: 3 0x8000b3e8 (0xbfe5)
core   0: 0x8000b3e0 (0x00002f17) auipc   t5, 0x2
core   0: 3 0x8000b3e0 (0x00002f17) x30 0x8000d3e0
core   0: 0x8000b3e4 (0xc23f2023) sw      gp, -992(t5)
core   0: 3 0x8000b3e4 (0xc23f2023) mem 0x8000d000 0x00000001
core   0: 0x8000b3e8 (0x0000bfe5) c.j     pc - 8
core   0: 3 0x8000b3e8 (0xbfe5)
core   0: 0x8000b3e0 (0x00002f17) auipc   t5, 0x2
core   0: 3 0x8000b3e0 (0x00002f17) x30 0x8000d3e0
core   0: 0x8000b3e4 (0xc23f2023) sw      gp, -992(t5)
core   0: 3 0x8000b3e4 (0xc23f2023) mem 0x8000d000 0x00000001
core   0: 0x8000b3e8 (0x0000bfe5) c.j     pc - 8
core   0: 3 0x8000b3e8 (0xbfe5)
core   0: 0x8000b3e0 (0x00002f17) auipc   t5, 0x2
core   0: 3 0x8000b3e0 (0x00002f17) x30 0x8000d3e0
core   0: 0x8000b3e4 (0xc23f2023) sw      gp, -992(t5)
core   0: 3 0x8000b3e4 (0xc23f2023) mem 0x8000d000 0x00000001
core   0: 0x8000b3e8 (0x0000bfe5) c.j     pc - 8
core   0: 3 0x8000b3e8 (0xbfe5)
core   0: 0x8000b3e0 (0x00002f17) auipc   t5, 0x2
core   0: 3 0x8000b3e0 (0x00002f17) x30 0x8000d3e0
core   0: 0x8000b3e4 (0xc23f2023) sw      gp, -992(t5)
core   0: 3 0x8000b3e4 (0xc23f2023) mem 0x8000d000 0x00000001
core   0: 0x8000b3e8 (0x0000bfe5) c.j     pc - 8
core   0: 3 0x8000b3e8 (0xbfe5)
core   0: 0x8000b3e0 (0x00002f17) auipc   t5, 0x2
core   0: 3 0x8000b3e0 (0x00002f17) x30 0x8000d3e0
core   0: 0x8000b3e4 (0xc23f2023) sw      gp, -992(t5)
core   0: 3 0x8000b3e4 (0xc23f2023) mem 0x8000d000 0x00000001
core   0: 0x8000b3e8 (0x0000bfe5) c.j     pc - 8
core   0: 3 0x8000b3e8 (0xbfe5)
core   0: 0x8000b3e0 (0x00002f17) auipc   t5, 0x2
core   0: 3 0x8000b3e0 (0x00002f17) x30 0x8000d3e0
core   0: 0x8000b3e4 (0xc23f2023) sw      gp, -992(t5)
core   0: 3 0x8000b3e4 (0xc23f2023) mem 0x8000d000 0x00000001
core   0: 0x8000b3e8 (0x0000bfe5) c.j     pc - 8
core   0: 3 0x8000b3e8 (0xbfe5)
core   0: 0x8000b3e0 (0x00002f17) auipc   t5, 0x2
core   0: 3 0x8000b3e0 (0x00002f17) x30 0x8000d3e0
core   0: 0x8000b3e4 (0xc23f2023) sw      gp, -992(t5)
core   0: 3 0x8000b3e4 (0xc23f2023) mem 0x8000d000 0x00000001
core   0: 0x8000b3e8 (0x0000bfe5) c.j     pc - 8
core   0: 3 0x8000b3e8 (0xbfe5)
core   0: 0x8000b3e0 (0x00002f17) auipc   t5, 0x2
core   0: 3 0x8000b3e0 (0x00002f17) x30 0x8000d3e0
core   0: 0x8000b3e4 (0xc23f2023) sw      gp, -992(t5)
core   0: 3 0x8000b3e4 (0xc23f2023) mem 0x8000d000 0x00000001
core   0: 0x8000b3e8 (0x0000bfe5) c.j     pc - 8
core   0: 3 0x8000b3e8 (0xbfe5)
core   0: 0x8000b3e0 (0x00002f17) auipc   t5, 0x2
core   0: 3 0x8000b3e0 (0x00002f17) x30 0x8000d3e0
core   0: 0x8000b3e4 (0xc23f2023) sw      gp, -992(t5)
core   0: 3 0x8000b3e4 (0xc23f2023) mem 0x8000d000 0x00000001
core   0: 0x8000b3e8 (0x0000bfe5) c.j     pc - 8
core   0: 3 0x8000b3e8 (0xbfe5)
core   0: 0x8000b3e0 (0x00002f17) auipc   t5, 0x2
core   0: 3 0x8000b3e0 (0x00002f17) x30 0x8000d3e0
core   0: 0x8000b3e4 (0xc23f2023) sw      gp, -992(t5)
core   0: 3 0x8000b3e4 (0xc23f2023) mem 0x8000d000 0x00000001
core   0: 0x8000b3e8 (0x0000bfe5) c.j     pc - 8
core   0: 3 0x8000b3e8 (0xbfe5)
core   0: 0x8000b3e0 (0x00002f17) auipc   t5, 0x2
core   0: 3 0x8000b3e0 (0x00002f17) x30 0x8000d3e0
core   0: 0x8000b3e4 (0xc23f2023) sw      gp, -992(t5)
core   0: 3 0x8000b3e4 (0xc23f2023) mem 0x8000d000 0x00000001
core   0: 0x8000b3e8 (0x0000bfe5) c.j     pc - 8
core   0: 3 0x8000b3e8 (0xbfe5)
core   0: 0x8000b3e0 (0x00002f17) auipc   t5, 0x2
core   0: 3 0x8000b3e0 (0x00002f17) x30 0x8000d3e0
core   0: 0x8000b3e4 (0xc23f2023) sw      gp, -992(t5)
core   0: 3 0x8000b3e4 (0xc23f2023) mem 0x8000d000 0x00000001
core   0: 0x8000b3e8 (0x0000bfe5) c.j     pc - 8
core   0: 3 0x8000b3e8 (0xbfe5)
core   0: 0x8000b3e0 (0x00002f17) auipc   t5, 0x2
core   0: 3 0x8000b3e0 (0x00002f17) x30 0x8000d3e0
core   0: 0x8000b3e4 (0xc23f2023) sw      gp, -992(t5)
core   0: 3 0x8000b3e4 (0xc23f2023) mem 0x8000d000 0x00000001
core   0: 0x8000b3e8 (0x0000bfe5) c.j     pc - 8
core   0: 3 0x8000b3e8 (0xbfe5)
core   0: 0x8000b3e0 (0x00002f17) auipc   t5, 0x2
core   0: 3 0x8000b3e0 (0x00002f17) x30 0x8000d3e0
core   0: 0x8000b3e4 (0xc23f2023) sw      gp, -992(t5)
core   0: 3 0x8000b3e4 (0xc23f2023) mem 0x8000d000 0x00000001
core   0: 0x8000b3e8 (0x0000bfe5) c.j     pc - 8
core   0: 3 0x8000b3e8 (0xbfe5)
core   0: 0x8000b3e0 (0x00002f17) auipc   t5, 0x2
core   0: 3 0x8000b3e0 (0x00002f17) x30 0x8000d3e0
core   0: 0x8000b3e4 (0xc23f2023) sw      gp, -992(t5)
core   0: 3 0x8000b3e4 (0xc23f2023) mem 0x8000d000 0x00000001
core   0: 0x8000b3e8 (0x0000bfe5) c.j     pc - 8
core   0: 3 0x8000b3e8 (0xbfe5)
core   0: 0x8000b3e0 (0x00002f17) auipc   t5, 0x2
core   0: 3 0x8000b3e0 (0x00002f17) x30 0x8000d3e0
core   0: 0x8000b3e4 (0xc23f2023) sw      gp, -992(t5)
core   0: 3 0x8000b3e4 (0xc23f2023) mem 0x8000d000 0x00000001
core   0: 0x8000b3e8 (0x0000bfe5) c.j     pc - 8
core   0: 3 0x8000b3e8 (0xbfe5)
core   0: 0x8000b3e0 (0x00002f17) auipc   t5, 0x2
core   0: 3 0x8000b3e0 (0x00002f17) x30 0x8000d3e0
core   0: 0x8000b3e4 (0xc23f2023) sw      gp, -992(t5)
core   0: 3 0x8000b3e4 (0xc23f2023) mem 0x8000d000 0x00000001
core   0: 0x8000b3e8 (0x0000bfe5) c.j     pc - 8
core   0: 3 0x8000b3e8 (0xbfe5)
core   0: 0x8000b3e0 (0x00002f17) auipc   t5, 0x2
core   0: 3 0x8000b3e0 (0x00002f17) x30 0x8000d3e0
core   0: 0x8000b3e4 (0xc23f2023) sw      gp, -992(t5)
core   0: 3 0x8000b3e4 (0xc23f2023) mem 0x8000d000 0x00000001
core   0: 0x8000b3e8 (0x0000bfe5) c.j     pc - 8
core   0: 3 0x8000b3e8 (0xbfe5)
core   0: 0x8000b3e0 (0x00002f17) auipc   t5, 0x2
core   0: 3 0x8000b3e0 (0x00002f17) x30 0x8000d3e0
core   0: 0x8000b3e4 (0xc23f2023) sw      gp, -992(t5)
core   0: 3 0x8000b3e4 (0xc23f2023) mem 0x8000d000 0x00000001
core   0: 0x8000b3e8 (0x0000bfe5) c.j     pc - 8
core   0: 3 0x8000b3e8 (0xbfe5)
core   0: 0x8000b3e0 (0x00002f17) auipc   t5, 0x2
core   0: 3 0x8000b3e0 (0x00002f17) x30 0x8000d3e0
core   0: 0x8000b3e4 (0xc23f2023) sw      gp, -992(t5)
core   0: 3 0x8000b3e4 (0xc23f2023) mem 0x8000d000 0x00000001
core   0: 0x8000b3e8 (0x0000bfe5) c.j     pc - 8
core   0: 3 0x8000b3e8 (0xbfe5)
core   0: 0x8000b3e0 (0x00002f17) auipc   t5, 0x2
core   0: 3 0x8000b3e0 (0x00002f17) x30 0x8000d3e0
core   0: 0x8000b3e4 (0xc23f2023) sw      gp, -992(t5)
core   0: 3 0x8000b3e4 (0xc23f2023) mem 0x8000d000 0x00000001
core   0: 0x8000b3e8 (0x0000bfe5) c.j     pc - 8
core   0: 3 0x8000b3e8 (0xbfe5)
core   0: 0x8000b3e0 (0x00002f17) auipc   t5, 0x2
core   0: 3 0x8000b3e0 (0x00002f17) x30 0x8000d3e0
core   0: 0x8000b3e4 (0xc23f2023) sw      gp, -992(t5)
core   0: 3 0x8000b3e4 (0xc23f2023) mem 0x8000d000 0x00000001
core   0: 0x8000b3e8 (0x0000bfe5) c.j     pc - 8
core   0: 3 0x8000b3e8 (0xbfe5)
core   0: 0x8000b3e0 (0x00002f17) auipc   t5, 0x2
core   0: 3 0x8000b3e0 (0x00002f17) x30 0x8000d3e0
core   0: 0x8000b3e4 (0xc23f2023) sw      gp, -992(t5)
core   0: 3 0x8000b3e4 (0xc23f2023) mem 0x8000d000 0x00000001
core   0: 0x8000b3e8 (0x0000bfe5) c.j     pc - 8
core   0: 3 0x8000b3e8 (0xbfe5)
core   0: 0x8000b3e0 (0x00002f17) auipc   t5, 0x2
core   0: 3 0x8000b3e0 (0x00002f17) x30 0x8000d3e0
core   0: 0x8000b3e4 (0xc23f2023) sw      gp, -992(t5)
core   0: 3 0x8000b3e4 (0xc23f2023) mem 0x8000d000 0x00000001
core   0: 0x8000b3e8 (0x0000bfe5) c.j     pc - 8
core   0: 3 0x8000b3e8 (0xbfe5)
core   0: 0x8000b3e0 (0x00002f17) auipc   t5, 0x2
core   0: 3 0x8000b3e0 (0x00002f17) x30 0x8000d3e0
core   0: 0x8000b3e4 (0xc23f2023) sw      gp, -992(t5)
core   0: 3 0x8000b3e4 (0xc23f2023) mem 0x8000d000 0x00000001
core   0: 0x8000b3e8 (0x0000bfe5) c.j     pc - 8
core   0: 3 0x8000b3e8 (0xbfe5)
core   0: 0x8000b3e0 (0x00002f17) auipc   t5, 0x2
core   0: 3 0x8000b3e0 (0x00002f17) x30 0x8000d3e0
core   0: 0x8000b3e4 (0xc23f2023) sw      gp, -992(t5)
core   0: 3 0x8000b3e4 (0xc23f2023) mem 0x8000d000 0x00000001
core   0: 0x8000b3e8 (0x0000bfe5) c.j     pc - 8
core   0: 3 0x8000b3e8 (0xbfe5)
core   0: 0x8000b3e0 (0x00002f17) auipc   t5, 0x2
core   0: 3 0x8000b3e0 (0x00002f17) x30 0x8000d3e0
core   0: 0x8000b3e4 (0xc23f2023) sw      gp, -992(t5)
core   0: 3 0x8000b3e4 (0xc23f2023) mem 0x8000d000 0x00000001
core   0: 0x8000b3e8 (0x0000bfe5) c.j     pc - 8
core   0: 3 0x8000b3e8 (0xbfe5)
core   0: 0x8000b3e0 (0x00002f17) auipc   t5, 0x2
core   0: 3 0x8000b3e0 (0x00002f17) x30 0x8000d3e0
core   0: 0x8000b3e4 (0xc23f2023) sw      gp, -992(t5)
core   0: 3 0x8000b3e4 (0xc23f2023) mem 0x8000d000 0x00000001
core   0: 0x8000b3e8 (0x0000bfe5) c.j     pc - 8
core   0: 3 0x8000b3e8 (0xbfe5)
core   0: 0x8000b3e0 (0x00002f17) auipc   t5, 0x2
core   0: 3 0x8000b3e0 (0x00002f17) x30 0x8000d3e0
core   0: 0x8000b3e4 (0xc23f2023) sw      gp, -992(t5)
core   0: 3 0x8000b3e4 (0xc23f2023) mem 0x8000d000 0x00000001
core   0: 0x8000b3e8 (0x0000bfe5) c.j     pc - 8
core   0: 3 0x8000b3e8 (0xbfe5)
core   0: 0x8000b3e0 (0x00002f17) auipc   t5, 0x2
core   0: 3 0x8000b3e0 (0x00002f17) x30 0x8000d3e0
core   0: 0x8000b3e4 (0xc23f2023) sw      gp, -992(t5)
core   0: 3 0x8000b3e4 (0xc23f2023) mem 0x8000d000 0x00000001
core   0: 0x8000b3e8 (0x0000bfe5) c.j     pc - 8
core   0: 3 0x8000b3e8 (0xbfe5)
core   0: 0x8000b3e0 (0x00002f17) auipc   t5, 0x2
core   0: 3 0x8000b3e0 (0x00002f17) x30 0x8000d3e0
core   0: 0x8000b3e4 (0xc23f2023) sw      gp, -992(t5)
core   0: 3 0x8000b3e4 (0xc23f2023) mem 0x8000d000 0x00000001
core   0: 0x8000b3e8 (0x0000bfe5) c.j     pc - 8
core   0: 3 0x8000b3e8 (0xbfe5)
core   0: 0x8000b3e0 (0x00002f17) auipc   t5, 0x2
core   0: 3 0x8000b3e0 (0x00002f17) x30 0x8000d3e0
core   0: 0x8000b3e4 (0xc23f2023) sw      gp, -992(t5)
core   0: 3 0x8000b3e4 (0xc23f2023) mem 0x8000d000 0x00000001
core   0: 0x8000b3e8 (0x0000bfe5) c.j     pc - 8
core   0: 3 0x8000b3e8 (0xbfe5)
core   0: 0x8000b3e0 (0x00002f17) auipc   t5, 0x2
core   0: 3 0x8000b3e0 (0x00002f17) x30 0x8000d3e0
core   0: 0x8000b3e4 (0xc23f2023) sw      gp, -992(t5)
core   0: 3 0x8000b3e4 (0xc23f2023) mem 0x8000d000 0x00000001
core   0: 0x8000b3e8 (0x0000bfe5) c.j     pc - 8
core   0: 3 0x8000b3e8 (0xbfe5)
core   0: 0x8000b3e0 (0x00002f17) auipc   t5, 0x2
core   0: 3 0x8000b3e0 (0x00002f17) x30 0x8000d3e0
core   0: 0x8000b3e4 (0xc23f2023) sw      gp, -992(t5)
core   0: 3 0x8000b3e4 (0xc23f2023) mem 0x8000d000 0x00000001
core   0: 0x8000b3e8 (0x0000bfe5) c.j     pc - 8
core   0: 3 0x8000b3e8 (0xbfe5)
core   0: 0x8000b3e0 (0x00002f17) auipc   t5, 0x2
core   0: 3 0x8000b3e0 (0x00002f17) x30 0x8000d3e0
core   0: 0x8000b3e4 (0xc23f2023) sw      gp, -992(t5)
core   0: 3 0x8000b3e4 (0xc23f2023) mem 0x8000d000 0x00000001
core   0: 0x8000b3e8 (0x0000bfe5) c.j     pc - 8
core   0: 3 0x8000b3e8 (0xbfe5)
core   0: 0x8000b3e0 (0x00002f17) auipc   t5, 0x2
core   0: 3 0x8000b3e0 (0x00002f17) x30 0x8000d3e0
core   0: 0x8000b3e4 (0xc23f2023) sw      gp, -992(t5)
core   0: 3 0x8000b3e4 (0xc23f2023) mem 0x8000d000 0x00000001
core   0: 0x8000b3e8 (0x0000bfe5) c.j     pc - 8
core   0: 3 0x8000b3e8 (0xbfe5)
core   0: 0x8000b3e0 (0x00002f17) auipc   t5, 0x2
core   0: 3 0x8000b3e0 (0x00002f17) x30 0x8000d3e0
core   0: 0x8000b3e4 (0xc23f2023) sw      gp, -992(t5)
core   0: 3 0x8000b3e4 (0xc23f2023) mem 0x8000d000 0x00000001
core   0: 0x8000b3e8 (0x0000bfe5) c.j     pc - 8
core   0: 3 0x8000b3e8 (0xbfe5)
core   0: 0x8000b3e0 (0x00002f17) auipc   t5, 0x2
core   0: 3 0x8000b3e0 (0x00002f17) x30 0x8000d3e0
core   0: 0x8000b3e4 (0xc23f2023) sw      gp, -992(t5)
core   0: 3 0x8000b3e4 (0xc23f2023) mem 0x8000d000 0x00000001
core   0: 0x8000b3e8 (0x0000bfe5) c.j     pc - 8
core   0: 3 0x8000b3e8 (0xbfe5)
core   0: 0x8000b3e0 (0x00002f17) auipc   t5, 0x2
core   0: 3 0x8000b3e0 (0x00002f17) x30 0x8000d3e0
core   0: 0x8000b3e4 (0xc23f2023) sw      gp, -992(t5)
core   0: 3 0x8000b3e4 (0xc23f2023) mem 0x8000d000 0x00000001
core   0: 0x8000b3e8 (0x0000bfe5) c.j     pc - 8
core   0: 3 0x8000b3e8 (0xbfe5)
core   0: 0x8000b3e0 (0x00002f17) auipc   t5, 0x2
core   0: 3 0x8000b3e0 (0x00002f17) x30 0x8000d3e0
core   0: 0x8000b3e4 (0xc23f2023) sw      gp, -992(t5)
core   0: 3 0x8000b3e4 (0xc23f2023) mem 0x8000d000 0x00000001
core   0: 0x8000b3e8 (0x0000bfe5) c.j     pc - 8
core   0: 3 0x8000b3e8 (0xbfe5)
core   0: 0x8000b3e0 (0x00002f17) auipc   t5, 0x2
core   0: 3 0x8000b3e0 (0x00002f17) x30 0x8000d3e0
core   0: 0x8000b3e4 (0xc23f2023) sw      gp, -992(t5)
core   0: 3 0x8000b3e4 (0xc23f2023) mem 0x8000d000 0x00000001
core   0: 0x8000b3e8 (0x0000bfe5) c.j     pc - 8
core   0: 3 0x8000b3e8 (0xbfe5)
core   0: 0x8000b3e0 (0x00002f17) auipc   t5, 0x2
core   0: 3 0x8000b3e0 (0x00002f17) x30 0x8000d3e0
core   0: 0x8000b3e4 (0xc23f2023) sw      gp, -992(t5)
core   0: 3 0x8000b3e4 (0xc23f2023) mem 0x8000d000 0x00000001
core   0: 0x8000b3e8 (0x0000bfe5) c.j     pc - 8
core   0: 3 0x8000b3e8 (0xbfe5)
core   0: 0x8000b3e0 (0x00002f17) auipc   t5, 0x2
core   0: 3 0x8000b3e0 (0x00002f17) x30 0x8000d3e0
core   0: 0x8000b3e4 (0xc23f2023) sw      gp, -992(t5)
core   0: 3 0x8000b3e4 (0xc23f2023) mem 0x8000d000 0x00000001
core   0: 0x8000b3e8 (0x0000bfe5) c.j     pc - 8
core   0: 3 0x8000b3e8 (0xbfe5)
core   0: 0x8000b3e0 (0x00002f17) auipc   t5, 0x2
core   0: 3 0x8000b3e0 (0x00002f17) x30 0x8000d3e0
core   0: 0x8000b3e4 (0xc23f2023) sw      gp, -992(t5)
core   0: 3 0x8000b3e4 (0xc23f2023) mem 0x8000d000 0x00000001
core   0: 0x8000b3e8 (0x0000bfe5) c.j     pc - 8
core   0: 3 0x8000b3e8 (0xbfe5)
core   0: 0x8000b3e0 (0x00002f17) auipc   t5, 0x2
core   0: 3 0x8000b3e0 (0x00002f17) x30 0x8000d3e0
core   0: 0x8000b3e4 (0xc23f2023) sw      gp, -992(t5)
core   0: 3 0x8000b3e4 (0xc23f2023) mem 0x8000d000 0x00000001
core   0: 0x8000b3e8 (0x0000bfe5) c.j     pc - 8
core   0: 3 0x8000b3e8 (0xbfe5)
core   0: 0x8000b3e0 (0x00002f17) auipc   t5, 0x2
core   0: 3 0x8000b3e0 (0x00002f17) x30 0x8000d3e0
core   0: 0x8000b3e4 (0xc23f2023) sw      gp, -992(t5)
core   0: 3 0x8000b3e4 (0xc23f2023) mem 0x8000d000 0x00000001
core   0: 0x8000b3e8 (0x0000bfe5) c.j     pc - 8
core   0: 3 0x8000b3e8 (0xbfe5)
core   0: 0x8000b3e0 (0x00002f17) auipc   t5, 0x2
core   0: 3 0x8000b3e0 (0x00002f17) x30 0x8000d3e0
core   0: 0x8000b3e4 (0xc23f2023) sw      gp, -992(t5)
core   0: 3 0x8000b3e4 (0xc23f2023) mem 0x8000d000 0x00000001
core   0: 0x8000b3e8 (0x0000bfe5) c.j     pc - 8
core   0: 3 0x8000b3e8 (0xbfe5)
core   0: 0x8000b3e0 (0x00002f17) auipc   t5, 0x2
core   0: 3 0x8000b3e0 (0x00002f17) x30 0x8000d3e0
core   0: 0x8000b3e4 (0xc23f2023) sw      gp, -992(t5)
core   0: 3 0x8000b3e4 (0xc23f2023) mem 0x8000d000 0x00000001
core   0: 0x8000b3e8 (0x0000bfe5) c.j     pc - 8
core   0: 3 0x8000b3e8 (0xbfe5)
core   0: 0x8000b3e0 (0x00002f17) auipc   t5, 0x2
core   0: 3 0x8000b3e0 (0x00002f17) x30 0x8000d3e0
core   0: 0x8000b3e4 (0xc23f2023) sw      gp, -992(t5)
core   0: 3 0x8000b3e4 (0xc23f2023) mem 0x8000d000 0x00000001
core   0: 0x8000b3e8 (0x0000bfe5) c.j     pc - 8
core   0: 3 0x8000b3e8 (0xbfe5)
core   0: 0x8000b3e0 (0x00002f17) auipc   t5, 0x2
core   0: 3 0x8000b3e0 (0x00002f17) x30 0x8000d3e0
core   0: 0x8000b3e4 (0xc23f2023) sw      gp, -992(t5)
core   0: 3 0x8000b3e4 (0xc23f2023) mem 0x8000d000 0x00000001
core   0: 0x8000b3e8 (0x0000bfe5) c.j     pc - 8
core   0: 3 0x8000b3e8 (0xbfe5)
core   0: 0x8000b3e0 (0x00002f17) auipc   t5, 0x2
core   0: 3 0x8000b3e0 (0x00002f17) x30 0x8000d3e0
core   0: 0x8000b3e4 (0xc23f2023) sw      gp, -992(t5)
core   0: 3 0x8000b3e4 (0xc23f2023) mem 0x8000d000 0x00000001
core   0: 0x8000b3e8 (0x0000bfe5) c.j     pc - 8
core   0: 3 0x8000b3e8 (0xbfe5)
core   0: 0x8000b3e0 (0x00002f17) auipc   t5, 0x2
core   0: 3 0x8000b3e0 (0x00002f17) x30 0x8000d3e0
core   0: 0x8000b3e4 (0xc23f2023) sw      gp, -992(t5)
core   0: 3 0x8000b3e4 (0xc23f2023) mem 0x8000d000 0x00000001
core   0: 0x8000b3e8 (0x0000bfe5) c.j     pc - 8
core   0: 3 0x8000b3e8 (0xbfe5)
core   0: 0x8000b3e0 (0x00002f17) auipc   t5, 0x2
core   0: 3 0x8000b3e0 (0x00002f17) x30 0x8000d3e0
core   0: 0x8000b3e4 (0xc23f2023) sw      gp, -992(t5)
core   0: 3 0x8000b3e4 (0xc23f2023) mem 0x8000d000 0x00000001
core   0: 0x8000b3e8 (0x0000bfe5) c.j     pc - 8
core   0: 3 0x8000b3e8 (0xbfe5)
core   0: 0x8000b3e0 (0x00002f17) auipc   t5, 0x2
core   0: 3 0x8000b3e0 (0x00002f17) x30 0x8000d3e0
core   0: 0x8000b3e4 (0xc23f2023) sw      gp, -992(t5)
core   0: 3 0x8000b3e4 (0xc23f2023) mem 0x8000d000 0x00000001
core   0: 0x8000b3e8 (0x0000bfe5) c.j     pc - 8
core   0: 3 0x8000b3e8 (0xbfe5)
core   0: 0x8000b3e0 (0x00002f17) auipc   t5, 0x2
core   0: 3 0x8000b3e0 (0x00002f17) x30 0x8000d3e0
core   0: 0x8000b3e4 (0xc23f2023) sw      gp, -992(t5)
core   0: 3 0x8000b3e4 (0xc23f2023) mem 0x8000d000 0x00000001
core   0: 0x8000b3e8 (0x0000bfe5) c.j     pc - 8
core   0: 3 0x8000b3e8 (0xbfe5)
core   0: 0x8000b3e0 (0x00002f17) auipc   t5, 0x2
core   0: 3 0x8000b3e0 (0x00002f17) x30 0x8000d3e0
core   0: 0x8000b3e4 (0xc23f2023) sw      gp, -992(t5)
core   0: 3 0x8000b3e4 (0xc23f2023) mem 0x8000d000 0x00000001
core   0: 0x8000b3e8 (0x0000bfe5) c.j     pc - 8
core   0: 3 0x8000b3e8 (0xbfe5)
core   0: 0x8000b3e0 (0x00002f17) auipc   t5, 0x2
core   0: 3 0x8000b3e0 (0x00002f17) x30 0x8000d3e0
core   0: 0x8000b3e4 (0xc23f2023) sw      gp, -992(t5)
core   0: 3 0x8000b3e4 (0xc23f2023) mem 0x8000d000 0x00000001
core   0: 0x8000b3e8 (0x0000bfe5) c.j     pc - 8
core   0: 3 0x8000b3e8 (0xbfe5)
core   0: 0x8000b3e0 (0x00002f17) auipc   t5, 0x2
core   0: 3 0x8000b3e0 (0x00002f17) x30 0x8000d3e0
core   0: 0x8000b3e4 (0xc23f2023) sw      gp, -992(t5)
core   0: 3 0x8000b3e4 (0xc23f2023) mem 0x8000d000 0x00000001
core   0: 0x8000b3e8 (0x0000bfe5) c.j     pc - 8
core   0: 3 0x8000b3e8 (0xbfe5)
core   0: 0x8000b3e0 (0x00002f17) auipc   t5, 0x2
core   0: 3 0x8000b3e0 (0x00002f17) x30 0x8000d3e0
core   0: 0x8000b3e4 (0xc23f2023) sw      gp, -992(t5)
core   0: 3 0x8000b3e4 (0xc23f2023) mem 0x8000d000 0x00000001
core   0: 0x8000b3e8 (0x0000bfe5) c.j     pc - 8
core   0: 3 0x8000b3e8 (0xbfe5)
core   0: 0x8000b3e0 (0x00002f17) auipc   t5, 0x2
core   0: 3 0x8000b3e0 (0x00002f17) x30 0x8000d3e0
core   0: 0x8000b3e4 (0xc23f2023) sw      gp, -992(t5)
core   0: 3 0x8000b3e4 (0xc23f2023) mem 0x8000d000 0x00000001
core   0: 0x8000b3e8 (0x0000bfe5) c.j     pc - 8
core   0: 3 0x8000b3e8 (0xbfe5)
core   0: 0x8000b3e0 (0x00002f17) auipc   t5, 0x2
core   0: 3 0x8000b3e0 (0x00002f17) x30 0x8000d3e0
core   0: 0x8000b3e4 (0xc23f2023) sw      gp, -992(t5)
core   0: 3 0x8000b3e4 (0xc23f2023) mem 0x8000d000 0x00000001
core   0: 0x8000b3e8 (0x0000bfe5) c.j     pc - 8
core   0: 3 0x8000b3e8 (0xbfe5)
core   0: 0x8000b3e0 (0x00002f17) auipc   t5, 0x2
core   0: 3 0x8000b3e0 (0x00002f17) x30 0x8000d3e0
core   0: 0x8000b3e4 (0xc23f2023) sw      gp, -992(t5)
core   0: 3 0x8000b3e4 (0xc23f2023) mem 0x8000d000 0x00000001
core   0: 0x8000b3e8 (0x0000bfe5) c.j     pc - 8
core   0: 3 0x8000b3e8 (0xbfe5)
core   0: 0x8000b3e0 (0x00002f17) auipc   t5, 0x2
core   0: 3 0x8000b3e0 (0x00002f17) x30 0x8000d3e0
core   0: 0x8000b3e4 (0xc23f2023) sw      gp, -992(t5)
core   0: 3 0x8000b3e4 (0xc23f2023) mem 0x8000d000 0x00000001
core   0: 0x8000b3e8 (0x0000bfe5) c.j     pc - 8
core   0: 3 0x8000b3e8 (0xbfe5)
core   0: 0x8000b3e0 (0x00002f17) auipc   t5, 0x2
core   0: 3 0x8000b3e0 (0x00002f17) x30 0x8000d3e0
core   0: 0x8000b3e4 (0xc23f2023) sw      gp, -992(t5)
core   0: 3 0x8000b3e4 (0xc23f2023) mem 0x8000d000 0x00000001
core   0: 0x8000b3e8 (0x0000bfe5) c.j     pc - 8
core   0: 3 0x8000b3e8 (0xbfe5)
core   0: 0x8000b3e0 (0x00002f17) auipc   t5, 0x2
core   0: 3 0x8000b3e0 (0x00002f17) x30 0x8000d3e0
core   0: 0x8000b3e4 (0xc23f2023) sw      gp, -992(t5)
core   0: 3 0x8000b3e4 (0xc23f2023) mem 0x8000d000 0x00000001
core   0: 0x8000b3e8 (0x0000bfe5) c.j     pc - 8
core   0: 3 0x8000b3e8 (0xbfe5)
core   0: 0x8000b3e0 (0x00002f17) auipc   t5, 0x2
core   0: 3 0x8000b3e0 (0x00002f17) x30 0x8000d3e0
core   0: 0x8000b3e4 (0xc23f2023) sw      gp, -992(t5)
core   0: 3 0x8000b3e4 (0xc23f2023) mem 0x8000d000 0x00000001
core   0: 0x8000b3e8 (0x0000bfe5) c.j     pc - 8
core   0: 3 0x8000b3e8 (0xbfe5)
core   0: 0x8000b3e0 (0x00002f17) auipc   t5, 0x2
core   0: 3 0x8000b3e0 (0x00002f17) x30 0x8000d3e0
core   0: 0x8000b3e4 (0xc23f2023) sw      gp, -992(t5)
core   0: 3 0x8000b3e4 (0xc23f2023) mem 0x8000d000 0x00000001
core   0: 0x8000b3e8 (0x0000bfe5) c.j     pc - 8
core   0: 3 0x8000b3e8 (0xbfe5)
core   0: 0x8000b3e0 (0x00002f17) auipc   t5, 0x2
core   0: 3 0x8000b3e0 (0x00002f17) x30 0x8000d3e0
core   0: 0x8000b3e4 (0xc23f2023) sw      gp, -992(t5)
core   0: 3 0x8000b3e4 (0xc23f2023) mem 0x8000d000 0x00000001
core   0: 0x8000b3e8 (0x0000bfe5) c.j     pc - 8
core   0: 3 0x8000b3e8 (0xbfe5)
core   0: 0x8000b3e0 (0x00002f17) auipc   t5, 0x2
core   0: 3 0x8000b3e0 (0x00002f17) x30 0x8000d3e0
core   0: 0x8000b3e4 (0xc23f2023) sw      gp, -992(t5)
core   0: 3 0x8000b3e4 (0xc23f2023) mem 0x8000d000 0x00000001
core   0: 0x8000b3e8 (0x0000bfe5) c.j     pc - 8
core   0: 3 0x8000b3e8 (0xbfe5)
core   0: 0x8000b3e0 (0x00002f17) auipc   t5, 0x2
core   0: 3 0x8000b3e0 (0x00002f17) x30 0x8000d3e0
core   0: 0x8000b3e4 (0xc23f2023) sw      gp, -992(t5)
core   0: 3 0x8000b3e4 (0xc23f2023) mem 0x8000d000 0x00000001
core   0: 0x8000b3e8 (0x0000bfe5) c.j     pc - 8
core   0: 3 0x8000b3e8 (0xbfe5)
core   0: 0x8000b3e0 (0x00002f17) auipc   t5, 0x2
core   0: 3 0x8000b3e0 (0x00002f17) x30 0x8000d3e0
core   0: 0x8000b3e4 (0xc23f2023) sw      gp, -992(t5)
core   0: 3 0x8000b3e4 (0xc23f2023) mem 0x8000d000 0x00000001
core   0: 0x8000b3e8 (0x0000bfe5) c.j     pc - 8
core   0: 3 0x8000b3e8 (0xbfe5)
core   0: 0x8000b3e0 (0x00002f17) auipc   t5, 0x2
core   0: 3 0x8000b3e0 (0x00002f17) x30 0x8000d3e0
core   0: 0x8000b3e4 (0xc23f2023) sw      gp, -992(t5)
core   0: 3 0x8000b3e4 (0xc23f2023) mem 0x8000d000 0x00000001
core   0: 0x8000b3e8 (0x0000bfe5) c.j     pc - 8
core   0: 3 0x8000b3e8 (0xbfe5)
core   0: 0x8000b3e0 (0x00002f17) auipc   t5, 0x2
core   0: 3 0x8000b3e0 (0x00002f17) x30 0x8000d3e0
core   0: 0x8000b3e4 (0xc23f2023) sw      gp, -992(t5)
core   0: 3 0x8000b3e4 (0xc23f2023) mem 0x8000d000 0x00000001
core   0: 0x8000b3e8 (0x0000bfe5) c.j     pc - 8
core   0: 3 0x8000b3e8 (0xbfe5)
core   0: 0x8000b3e0 (0x00002f17) auipc   t5, 0x2
core   0: 3 0x8000b3e0 (0x00002f17) x30 0x8000d3e0
core   0: 0x8000b3e4 (0xc23f2023) sw      gp, -992(t5)
core   0: 3 0x8000b3e4 (0xc23f2023) mem 0x8000d000 0x00000001
core   0: 0x8000b3e8 (0x0000bfe5) c.j     pc - 8
core   0: 3 0x8000b3e8 (0xbfe5)
core   0: 0x8000b3e0 (0x00002f17) auipc   t5, 0x2
core   0: 3 0x8000b3e0 (0x00002f17) x30 0x8000d3e0
core   0: 0x8000b3e4 (0xc23f2023) sw      gp, -992(t5)
core   0: 3 0x8000b3e4 (0xc23f2023) mem 0x8000d000 0x00000001
core   0: 0x8000b3e8 (0x0000bfe5) c.j     pc - 8
core   0: 3 0x8000b3e8 (0xbfe5)
core   0: 0x8000b3e0 (0x00002f17) auipc   t5, 0x2
core   0: 3 0x8000b3e0 (0x00002f17) x30 0x8000d3e0
core   0: 0x8000b3e4 (0xc23f2023) sw      gp, -992(t5)
core   0: 3 0x8000b3e4 (0xc23f2023) mem 0x8000d000 0x00000001
core   0: 0x8000b3e8 (0x0000bfe5) c.j     pc - 8
core   0: 3 0x8000b3e8 (0xbfe5)
core   0: 0x8000b3e0 (0x00002f17) auipc   t5, 0x2
core   0: 3 0x8000b3e0 (0x00002f17) x30 0x8000d3e0
core   0: 0x8000b3e4 (0xc23f2023) sw      gp, -992(t5)
core   0: 3 0x8000b3e4 (0xc23f2023) mem 0x8000d000 0x00000001
core   0: 0x8000b3e8 (0x0000bfe5) c.j     pc - 8
core   0: 3 0x8000b3e8 (0xbfe5)
core   0: 0x8000b3e0 (0x00002f17) auipc   t5, 0x2
core   0: 3 0x8000b3e0 (0x00002f17) x30 0x8000d3e0
core   0: 0x8000b3e4 (0xc23f2023) sw      gp, -992(t5)
core   0: 3 0x8000b3e4 (0xc23f2023) mem 0x8000d000 0x00000001
core   0: 0x8000b3e8 (0x0000bfe5) c.j     pc - 8
core   0: 3 0x8000b3e8 (0xbfe5)
core   0: 0x8000b3e0 (0x00002f17) auipc   t5, 0x2
core   0: 3 0x8000b3e0 (0x00002f17) x30 0x8000d3e0
core   0: 0x8000b3e4 (0xc23f2023) sw      gp, -992(t5)
core   0: 3 0x8000b3e4 (0xc23f2023) mem 0x8000d000 0x00000001
core   0: 0x8000b3e8 (0x0000bfe5) c.j     pc - 8
core   0: 3 0x8000b3e8 (0xbfe5)
core   0: 0x8000b3e0 (0x00002f17) auipc   t5, 0x2
core   0: 3 0x8000b3e0 (0x00002f17) x30 0x8000d3e0
core   0: 0x8000b3e4 (0xc23f2023) sw      gp, -992(t5)
core   0: 3 0x8000b3e4 (0xc23f2023) mem 0x8000d000 0x00000001
core   0: 0x8000b3e8 (0x0000bfe5) c.j     pc - 8
core   0: 3 0x8000b3e8 (0xbfe5)
core   0: 0x8000b3e0 (0x00002f17) auipc   t5, 0x2
core   0: 3 0x8000b3e0 (0x00002f17) x30 0x8000d3e0
core   0: 0x8000b3e4 (0xc23f2023) sw      gp, -992(t5)
core   0: 3 0x8000b3e4 (0xc23f2023) mem 0x8000d000 0x00000001
core   0: 0x8000b3e8 (0x0000bfe5) c.j     pc - 8
core   0: 3 0x8000b3e8 (0xbfe5)
core   0: 0x8000b3e0 (0x00002f17) auipc   t5, 0x2
core   0: 3 0x8000b3e0 (0x00002f17) x30 0x8000d3e0
core   0: 0x8000b3e4 (0xc23f2023) sw      gp, -992(t5)
core   0: 3 0x8000b3e4 (0xc23f2023) mem 0x8000d000 0x00000001
core   0: 0x8000b3e8 (0x0000bfe5) c.j     pc - 8
core   0: 3 0x8000b3e8 (0xbfe5)
core   0: 0x8000b3e0 (0x00002f17) auipc   t5, 0x2
core   0: 3 0x8000b3e0 (0x00002f17) x30 0x8000d3e0
core   0: 0x8000b3e4 (0xc23f2023) sw      gp, -992(t5)
core   0: 3 0x8000b3e4 (0xc23f2023) mem 0x8000d000 0x00000001
core   0: 0x8000b3e8 (0x0000bfe5) c.j     pc - 8
core   0: 3 0x8000b3e8 (0xbfe5)
core   0: 0x8000b3e0 (0x00002f17) auipc   t5, 0x2
core   0: 3 0x8000b3e0 (0x00002f17) x30 0x8000d3e0
core   0: 0x8000b3e4 (0xc23f2023) sw      gp, -992(t5)
core   0: 3 0x8000b3e4 (0xc23f2023) mem 0x8000d000 0x00000001
core   0: 0x8000b3e8 (0x0000bfe5) c.j     pc - 8
core   0: 3 0x8000b3e8 (0xbfe5)
core   0: 0x8000b3e0 (0x00002f17) auipc   t5, 0x2
core   0: 3 0x8000b3e0 (0x00002f17) x30 0x8000d3e0
core   0: 0x8000b3e4 (0xc23f2023) sw      gp, -992(t5)
core   0: 3 0x8000b3e4 (0xc23f2023) mem 0x8000d000 0x00000001
core   0: 0x8000b3e8 (0x0000bfe5) c.j     pc - 8
core   0: 3 0x8000b3e8 (0xbfe5)
core   0: 0x8000b3e0 (0x00002f17) auipc   t5, 0x2
core   0: 3 0x8000b3e0 (0x00002f17) x30 0x8000d3e0
core   0: 0x8000b3e4 (0xc23f2023) sw      gp, -992(t5)
core   0: 3 0x8000b3e4 (0xc23f2023) mem 0x8000d000 0x00000001
core   0: 0x8000b3e8 (0x0000bfe5) c.j     pc - 8
core   0: 3 0x8000b3e8 (0xbfe5)
core   0: 0x8000b3e0 (0x00002f17) auipc   t5, 0x2
core   0: 3 0x8000b3e0 (0x00002f17) x30 0x8000d3e0
core   0: 0x8000b3e4 (0xc23f2023) sw      gp, -992(t5)
core   0: 3 0x8000b3e4 (0xc23f2023) mem 0x8000d000 0x00000001
core   0: 0x8000b3e8 (0x0000bfe5) c.j     pc - 8
core   0: 3 0x8000b3e8 (0xbfe5)
core   0: 0x8000b3e0 (0x00002f17) auipc   t5, 0x2
core   0: 3 0x8000b3e0 (0x00002f17) x30 0x8000d3e0
core   0: 0x8000b3e4 (0xc23f2023) sw      gp, -992(t5)
core   0: 3 0x8000b3e4 (0xc23f2023) mem 0x8000d000 0x00000001
core   0: 0x8000b3e8 (0x0000bfe5) c.j     pc - 8
core   0: 3 0x8000b3e8 (0xbfe5)
core   0: 0x8000b3e0 (0x00002f17) auipc   t5, 0x2
core   0: 3 0x8000b3e0 (0x00002f17) x30 0x8000d3e0
core   0: 0x8000b3e4 (0xc23f2023) sw      gp, -992(t5)
core   0: 3 0x8000b3e4 (0xc23f2023) mem 0x8000d000 0x00000001
core   0: 0x8000b3e8 (0x0000bfe5) c.j     pc - 8
core   0: 3 0x8000b3e8 (0xbfe5)
core   0: 0x8000b3e0 (0x00002f17) auipc   t5, 0x2
core   0: 3 0x8000b3e0 (0x00002f17) x30 0x8000d3e0
core   0: 0x8000b3e4 (0xc23f2023) sw      gp, -992(t5)
core   0: 3 0x8000b3e4 (0xc23f2023) mem 0x8000d000 0x00000001
core   0: 0x8000b3e8 (0x0000bfe5) c.j     pc - 8
core   0: 3 0x8000b3e8 (0xbfe5)
core   0: 0x8000b3e0 (0x00002f17) auipc   t5, 0x2
core   0: 3 0x8000b3e0 (0x00002f17) x30 0x8000d3e0
core   0: 0x8000b3e4 (0xc23f2023) sw      gp, -992(t5)
core   0: 3 0x8000b3e4 (0xc23f2023) mem 0x8000d000 0x00000001
core   0: 0x8000b3e8 (0x0000bfe5) c.j     pc - 8
core   0: 3 0x8000b3e8 (0xbfe5)
core   0: 0x8000b3e0 (0x00002f17) auipc   t5, 0x2
core   0: 3 0x8000b3e0 (0x00002f17) x30 0x8000d3e0
core   0: 0x8000b3e4 (0xc23f2023) sw      gp, -992(t5)
core   0: 3 0x8000b3e4 (0xc23f2023) mem 0x8000d000 0x00000001
core   0: 0x8000b3e8 (0x0000bfe5) c.j     pc - 8
core   0: 3 0x8000b3e8 (0xbfe5)
core   0: 0x8000b3e0 (0x00002f17) auipc   t5, 0x2
core   0: 3 0x8000b3e0 (0x00002f17) x30 0x8000d3e0
core   0: 0x8000b3e4 (0xc23f2023) sw      gp, -992(t5)
core   0: 3 0x8000b3e4 (0xc23f2023) mem 0x8000d000 0x00000001
core   0: 0x8000b3e8 (0x0000bfe5) c.j     pc - 8
core   0: 3 0x8000b3e8 (0xbfe5)
core   0: 0x8000b3e0 (0x00002f17) auipc   t5, 0x2
core   0: 3 0x8000b3e0 (0x00002f17) x30 0x8000d3e0
core   0: 0x8000b3e4 (0xc23f2023) sw      gp, -992(t5)
core   0: 3 0x8000b3e4 (0xc23f2023) mem 0x8000d000 0x00000001
core   0: 0x8000b3e8 (0x0000bfe5) c.j     pc - 8
core   0: 3 0x8000b3e8 (0xbfe5)
core   0: 0x8000b3e0 (0x00002f17) auipc   t5, 0x2
core   0: 3 0x8000b3e0 (0x00002f17) x30 0x8000d3e0
core   0: 0x8000b3e4 (0xc23f2023) sw      gp, -992(t5)
core   0: 3 0x8000b3e4 (0xc23f2023) mem 0x8000d000 0x00000001
core   0: 0x8000b3e8 (0x0000bfe5) c.j     pc - 8
core   0: 3 0x8000b3e8 (0xbfe5)
core   0: 0x8000b3e0 (0x00002f17) auipc   t5, 0x2
core   0: 3 0x8000b3e0 (0x00002f17) x30 0x8000d3e0
core   0: 0x8000b3e4 (0xc23f2023) sw      gp, -992(t5)
core   0: 3 0x8000b3e4 (0xc23f2023) mem 0x8000d000 0x00000001
core   0: 0x8000b3e8 (0x0000bfe5) c.j     pc - 8
core   0: 3 0x8000b3e8 (0xbfe5)
core   0: 0x8000b3e0 (0x00002f17) auipc   t5, 0x2
core   0: 3 0x8000b3e0 (0x00002f17) x30 0x8000d3e0
core   0: 0x8000b3e4 (0xc23f2023) sw      gp, -992(t5)
core   0: 3 0x8000b3e4 (0xc23f2023) mem 0x8000d000 0x00000001
core   0: 0x8000b3e8 (0x0000bfe5) c.j     pc - 8
core   0: 3 0x8000b3e8 (0xbfe5)
core   0: 0x8000b3e0 (0x00002f17) auipc   t5, 0x2
core   0: 3 0x8000b3e0 (0x00002f17) x30 0x8000d3e0
core   0: 0x8000b3e4 (0xc23f2023) sw      gp, -992(t5)
core   0: 3 0x8000b3e4 (0xc23f2023) mem 0x8000d000 0x00000001
core   0: 0x8000b3e8 (0x0000bfe5) c.j     pc - 8
core   0: 3 0x8000b3e8 (0xbfe5)
core   0: 0x8000b3e0 (0x00002f17) auipc   t5, 0x2
core   0: 3 0x8000b3e0 (0x00002f17) x30 0x8000d3e0
core   0: 0x8000b3e4 (0xc23f2023) sw      gp, -992(t5)
core   0: 3 0x8000b3e4 (0xc23f2023) mem 0x8000d000 0x00000001
core   0: 0x8000b3e8 (0x0000bfe5) c.j     pc - 8
core   0: 3 0x8000b3e8 (0xbfe5)
core   0: 0x8000b3e0 (0x00002f17) auipc   t5, 0x2
core   0: 3 0x8000b3e0 (0x00002f17) x30 0x8000d3e0
core   0: 0x8000b3e4 (0xc23f2023) sw      gp, -992(t5)
core   0: 3 0x8000b3e4 (0xc23f2023) mem 0x8000d000 0x00000001
core   0: 0x8000b3e8 (0x0000bfe5) c.j     pc - 8
core   0: 3 0x8000b3e8 (0xbfe5)
core   0: 0x8000b3e0 (0x00002f17) auipc   t5, 0x2
core   0: 3 0x8000b3e0 (0x00002f17) x30 0x8000d3e0
core   0: 0x8000b3e4 (0xc23f2023) sw      gp, -992(t5)
core   0: 3 0x8000b3e4 (0xc23f2023) mem 0x8000d000 0x00000001
core   0: 0x8000b3e8 (0x0000bfe5) c.j     pc - 8
core   0: 3 0x8000b3e8 (0xbfe5)
core   0: 0x8000b3e0 (0x00002f17) auipc   t5, 0x2
core   0: 3 0x8000b3e0 (0x00002f17) x30 0x8000d3e0
core   0: 0x8000b3e4 (0xc23f2023) sw      gp, -992(t5)
core   0: 3 0x8000b3e4 (0xc23f2023) mem 0x8000d000 0x00000001
core   0: 0x8000b3e8 (0x0000bfe5) c.j     pc - 8
core   0: 3 0x8000b3e8 (0xbfe5)
core   0: 0x8000b3e0 (0x00002f17) auipc   t5, 0x2
core   0: 3 0x8000b3e0 (0x00002f17) x30 0x8000d3e0
core   0: 0x8000b3e4 (0xc23f2023) sw      gp, -992(t5)
core   0: 3 0x8000b3e4 (0xc23f2023) mem 0x8000d000 0x00000001
core   0: 0x8000b3e8 (0x0000bfe5) c.j     pc - 8
core   0: 3 0x8000b3e8 (0xbfe5)
core   0: 0x8000b3e0 (0x00002f17) auipc   t5, 0x2
core   0: 3 0x8000b3e0 (0x00002f17) x30 0x8000d3e0
core   0: 0x8000b3e4 (0xc23f2023) sw      gp, -992(t5)
core   0: 3 0x8000b3e4 (0xc23f2023) mem 0x8000d000 0x00000001
core   0: 0x8000b3e8 (0x0000bfe5) c.j     pc - 8
core   0: 3 0x8000b3e8 (0xbfe5)
core   0: 0x8000b3e0 (0x00002f17) auipc   t5, 0x2
core   0: 3 0x8000b3e0 (0x00002f17) x30 0x8000d3e0
core   0: 0x8000b3e4 (0xc23f2023) sw      gp, -992(t5)
core   0: 3 0x8000b3e4 (0xc23f2023) mem 0x8000d000 0x00000001
core   0: 0x8000b3e8 (0x0000bfe5) c.j     pc - 8
core   0: 3 0x8000b3e8 (0xbfe5)
core   0: 0x8000b3e0 (0x00002f17) auipc   t5, 0x2
core   0: 3 0x8000b3e0 (0x00002f17) x30 0x8000d3e0
core   0: 0x8000b3e4 (0xc23f2023) sw      gp, -992(t5)
core   0: 3 0x8000b3e4 (0xc23f2023) mem 0x8000d000 0x00000001
core   0: 0x8000b3e8 (0x0000bfe5) c.j     pc - 8
core   0: 3 0x8000b3e8 (0xbfe5)
core   0: 0x8000b3e0 (0x00002f17) auipc   t5, 0x2
core   0: 3 0x8000b3e0 (0x00002f17) x30 0x8000d3e0
core   0: 0x8000b3e4 (0xc23f2023) sw      gp, -992(t5)
core   0: 3 0x8000b3e4 (0xc23f2023) mem 0x8000d000 0x00000001
core   0: 0x8000b3e8 (0x0000bfe5) c.j     pc - 8
core   0: 3 0x8000b3e8 (0xbfe5)
core   0: 0x8000b3e0 (0x00002f17) auipc   t5, 0x2
core   0: 3 0x8000b3e0 (0x00002f17) x30 0x8000d3e0
core   0: 0x8000b3e4 (0xc23f2023) sw      gp, -992(t5)
core   0: 3 0x8000b3e4 (0xc23f2023) mem 0x8000d000 0x00000001
core   0: 0x8000b3e8 (0x0000bfe5) c.j     pc - 8
core   0: 3 0x8000b3e8 (0xbfe5)
core   0: 0x8000b3e0 (0x00002f17) auipc   t5, 0x2
core   0: 3 0x8000b3e0 (0x00002f17) x30 0x8000d3e0
core   0: 0x8000b3e4 (0xc23f2023) sw      gp, -992(t5)
core   0: 3 0x8000b3e4 (0xc23f2023) mem 0x8000d000 0x00000001
core   0: 0x8000b3e8 (0x0000bfe5) c.j     pc - 8
core   0: 3 0x8000b3e8 (0xbfe5)
core   0: 0x8000b3e0 (0x00002f17) auipc   t5, 0x2
core   0: 3 0x8000b3e0 (0x00002f17) x30 0x8000d3e0
core   0: 0x8000b3e4 (0xc23f2023) sw      gp, -992(t5)
core   0: 3 0x8000b3e4 (0xc23f2023) mem 0x8000d000 0x00000001
core   0: 0x8000b3e8 (0x0000bfe5) c.j     pc - 8
core   0: 3 0x8000b3e8 (0xbfe5)
core   0: 0x8000b3e0 (0x00002f17) auipc   t5, 0x2
core   0: 3 0x8000b3e0 (0x00002f17) x30 0x8000d3e0
core   0: 0x8000b3e4 (0xc23f2023) sw      gp, -992(t5)
core   0: 3 0x8000b3e4 (0xc23f2023) mem 0x8000d000 0x00000001
core   0: 0x8000b3e8 (0x0000bfe5) c.j     pc - 8
core   0: 3 0x8000b3e8 (0xbfe5)
core   0: 0x8000b3e0 (0x00002f17) auipc   t5, 0x2
core   0: 3 0x8000b3e0 (0x00002f17) x30 0x8000d3e0
core   0: 0x8000b3e4 (0xc23f2023) sw      gp, -992(t5)
core   0: 3 0x8000b3e4 (0xc23f2023) mem 0x8000d000 0x00000001
core   0: 0x8000b3e8 (0x0000bfe5) c.j     pc - 8
core   0: 3 0x8000b3e8 (0xbfe5)
core   0: 0x8000b3e0 (0x00002f17) auipc   t5, 0x2
core   0: 3 0x8000b3e0 (0x00002f17) x30 0x8000d3e0
core   0: 0x8000b3e4 (0xc23f2023) sw      gp, -992(t5)
core   0: 3 0x8000b3e4 (0xc23f2023) mem 0x8000d000 0x00000001
core   0: 0x8000b3e8 (0x0000bfe5) c.j     pc - 8
core   0: 3 0x8000b3e8 (0xbfe5)
core   0: 0x8000b3e0 (0x00002f17) auipc   t5, 0x2
core   0: 3 0x8000b3e0 (0x00002f17) x30 0x8000d3e0
core   0: 0x8000b3e4 (0xc23f2023) sw      gp, -992(t5)
core   0: 3 0x8000b3e4 (0xc23f2023) mem 0x8000d000 0x00000001
core   0: 0x8000b3e8 (0x0000bfe5) c.j     pc - 8
core   0: 3 0x8000b3e8 (0xbfe5)
core   0: 0x8000b3e0 (0x00002f17) auipc   t5, 0x2
core   0: 3 0x8000b3e0 (0x00002f17) x30 0x8000d3e0
core   0: 0x8000b3e4 (0xc23f2023) sw      gp, -992(t5)
core   0: 3 0x8000b3e4 (0xc23f2023) mem 0x8000d000 0x00000001
core   0: 0x8000b3e8 (0x0000bfe5) c.j     pc - 8
core   0: 3 0x8000b3e8 (0xbfe5)
core   0: 0x8000b3e0 (0x00002f17) auipc   t5, 0x2
core   0: 3 0x8000b3e0 (0x00002f17) x30 0x8000d3e0
core   0: 0x8000b3e4 (0xc23f2023) sw      gp, -992(t5)
core   0: 3 0x8000b3e4 (0xc23f2023) mem 0x8000d000 0x00000001
core   0: 0x8000b3e8 (0x0000bfe5) c.j     pc - 8
core   0: 3 0x8000b3e8 (0xbfe5)
core   0: 0x8000b3e0 (0x00002f17) auipc   t5, 0x2
core   0: 3 0x8000b3e0 (0x00002f17) x30 0x8000d3e0
core   0: 0x8000b3e4 (0xc23f2023) sw      gp, -992(t5)
core   0: 3 0x8000b3e4 (0xc23f2023) mem 0x8000d000 0x00000001
core   0: 0x8000b3e8 (0x0000bfe5) c.j     pc - 8
core   0: 3 0x8000b3e8 (0xbfe5)
core   0: 0x8000b3e0 (0x00002f17) auipc   t5, 0x2
core   0: 3 0x8000b3e0 (0x00002f17) x30 0x8000d3e0
core   0: 0x8000b3e4 (0xc23f2023) sw      gp, -992(t5)
core   0: 3 0x8000b3e4 (0xc23f2023) mem 0x8000d000 0x00000001
core   0: 0x8000b3e8 (0x0000bfe5) c.j     pc - 8
core   0: 3 0x8000b3e8 (0xbfe5)
core   0: 0x8000b3e0 (0x00002f17) auipc   t5, 0x2
core   0: 3 0x8000b3e0 (0x00002f17) x30 0x8000d3e0
core   0: 0x8000b3e4 (0xc23f2023) sw      gp, -992(t5)
core   0: 3 0x8000b3e4 (0xc23f2023) mem 0x8000d000 0x00000001
core   0: 0x8000b3e8 (0x0000bfe5) c.j     pc - 8
core   0: 3 0x8000b3e8 (0xbfe5)
core   0: 0x8000b3e0 (0x00002f17) auipc   t5, 0x2
core   0: 3 0x8000b3e0 (0x00002f17) x30 0x8000d3e0
core   0: 0x8000b3e4 (0xc23f2023) sw      gp, -992(t5)
core   0: 3 0x8000b3e4 (0xc23f2023) mem 0x8000d000 0x00000001
core   0: 0x8000b3e8 (0x0000bfe5) c.j     pc - 8
core   0: 3 0x8000b3e8 (0xbfe5)
core   0: 0x8000b3e0 (0x00002f17) auipc   t5, 0x2
core   0: 3 0x8000b3e0 (0x00002f17) x30 0x8000d3e0
core   0: 0x8000b3e4 (0xc23f2023) sw      gp, -992(t5)
core   0: 3 0x8000b3e4 (0xc23f2023) mem 0x8000d000 0x00000001
core   0: 0x8000b3e8 (0x0000bfe5) c.j     pc - 8
core   0: 3 0x8000b3e8 (0xbfe5)
core   0: 0x8000b3e0 (0x00002f17) auipc   t5, 0x2
core   0: 3 0x8000b3e0 (0x00002f17) x30 0x8000d3e0
core   0: 0x8000b3e4 (0xc23f2023) sw      gp, -992(t5)
core   0: 3 0x8000b3e4 (0xc23f2023) mem 0x8000d000 0x00000001
core   0: 0x8000b3e8 (0x0000bfe5) c.j     pc - 8
core   0: 3 0x8000b3e8 (0xbfe5)
core   0: 0x8000b3e0 (0x00002f17) auipc   t5, 0x2
core   0: 3 0x8000b3e0 (0x00002f17) x30 0x8000d3e0
core   0: 0x8000b3e4 (0xc23f2023) sw      gp, -992(t5)
core   0: 3 0x8000b3e4 (0xc23f2023) mem 0x8000d000 0x00000001
core   0: 0x8000b3e8 (0x0000bfe5) c.j     pc - 8
core   0: 3 0x8000b3e8 (0xbfe5)
core   0: 0x8000b3e0 (0x00002f17) auipc   t5, 0x2
core   0: 3 0x8000b3e0 (0x00002f17) x30 0x8000d3e0
core   0: 0x8000b3e4 (0xc23f2023) sw      gp, -992(t5)
core   0: 3 0x8000b3e4 (0xc23f2023) mem 0x8000d000 0x00000001
core   0: 0x8000b3e8 (0x0000bfe5) c.j     pc - 8
core   0: 3 0x8000b3e8 (0xbfe5)
core   0: 0x8000b3e0 (0x00002f17) auipc   t5, 0x2
core   0: 3 0x8000b3e0 (0x00002f17) x30 0x8000d3e0
core   0: 0x8000b3e4 (0xc23f2023) sw      gp, -992(t5)
core   0: 3 0x8000b3e4 (0xc23f2023) mem 0x8000d000 0x00000001
core   0: 0x8000b3e8 (0x0000bfe5) c.j     pc - 8
core   0: 3 0x8000b3e8 (0xbfe5)
core   0: 0x8000b3e0 (0x00002f17) auipc   t5, 0x2
core   0: 3 0x8000b3e0 (0x00002f17) x30 0x8000d3e0
core   0: 0x8000b3e4 (0xc23f2023) sw      gp, -992(t5)
core   0: 3 0x8000b3e4 (0xc23f2023) mem 0x8000d000 0x00000001
core   0: 0x8000b3e8 (0x0000bfe5) c.j     pc - 8
core   0: 3 0x8000b3e8 (0xbfe5)
core   0: 0x8000b3e0 (0x00002f17) auipc   t5, 0x2
core   0: 3 0x8000b3e0 (0x00002f17) x30 0x8000d3e0
core   0: 0x8000b3e4 (0xc23f2023) sw      gp, -992(t5)
core   0: 3 0x8000b3e4 (0xc23f2023) mem 0x8000d000 0x00000001
core   0: 0x8000b3e8 (0x0000bfe5) c.j     pc - 8
core   0: 3 0x8000b3e8 (0xbfe5)
core   0: 0x8000b3e0 (0x00002f17) auipc   t5, 0x2
core   0: 3 0x8000b3e0 (0x00002f17) x30 0x8000d3e0
core   0: 0x8000b3e4 (0xc23f2023) sw      gp, -992(t5)
core   0: 3 0x8000b3e4 (0xc23f2023) mem 0x8000d000 0x00000001
core   0: 0x8000b3e8 (0x0000bfe5) c.j     pc - 8
core   0: 3 0x8000b3e8 (0xbfe5)
core   0: 0x8000b3e0 (0x00002f17) auipc   t5, 0x2
core   0: 3 0x8000b3e0 (0x00002f17) x30 0x8000d3e0
core   0: 0x8000b3e4 (0xc23f2023) sw      gp, -992(t5)
core   0: 3 0x8000b3e4 (0xc23f2023) mem 0x8000d000 0x00000001
core   0: 0x8000b3e8 (0x0000bfe5) c.j     pc - 8
core   0: 3 0x8000b3e8 (0xbfe5)
core   0: 0x8000b3e0 (0x00002f17) auipc   t5, 0x2
core   0: 3 0x8000b3e0 (0x00002f17) x30 0x8000d3e0
core   0: 0x8000b3e4 (0xc23f2023) sw      gp, -992(t5)
core   0: 3 0x8000b3e4 (0xc23f2023) mem 0x8000d000 0x00000001
core   0: 0x8000b3e8 (0x0000bfe5) c.j     pc - 8
core   0: 3 0x8000b3e8 (0xbfe5)
core   0: 0x8000b3e0 (0x00002f17) auipc   t5, 0x2
core   0: 3 0x8000b3e0 (0x00002f17) x30 0x8000d3e0
core   0: 0x8000b3e4 (0xc23f2023) sw      gp, -992(t5)
core   0: 3 0x8000b3e4 (0xc23f2023) mem 0x8000d000 0x00000001
core   0: 0x8000b3e8 (0x0000bfe5) c.j     pc - 8
core   0: 3 0x8000b3e8 (0xbfe5)
core   0: 0x8000b3e0 (0x00002f17) auipc   t5, 0x2
core   0: 3 0x8000b3e0 (0x00002f17) x30 0x8000d3e0
core   0: 0x8000b3e4 (0xc23f2023) sw      gp, -992(t5)
core   0: 3 0x8000b3e4 (0xc23f2023) mem 0x8000d000 0x00000001
core   0: 0x8000b3e8 (0x0000bfe5) c.j     pc - 8
core   0: 3 0x8000b3e8 (0xbfe5)
core   0: 0x8000b3e0 (0x00002f17) auipc   t5, 0x2
core   0: 3 0x8000b3e0 (0x00002f17) x30 0x8000d3e0
core   0: 0x8000b3e4 (0xc23f2023) sw      gp, -992(t5)
core   0: 3 0x8000b3e4 (0xc23f2023) mem 0x8000d000 0x00000001
core   0: 0x8000b3e8 (0x0000bfe5) c.j     pc - 8
core   0: 3 0x8000b3e8 (0xbfe5)
core   0: 0x8000b3e0 (0x00002f17) auipc   t5, 0x2
core   0: 3 0x8000b3e0 (0x00002f17) x30 0x8000d3e0
core   0: 0x8000b3e4 (0xc23f2023) sw      gp, -992(t5)
core   0: 3 0x8000b3e4 (0xc23f2023) mem 0x8000d000 0x00000001
core   0: 0x8000b3e8 (0x0000bfe5) c.j     pc - 8
core   0: 3 0x8000b3e8 (0xbfe5)
core   0: 0x8000b3e0 (0x00002f17) auipc   t5, 0x2
core   0: 3 0x8000b3e0 (0x00002f17) x30 0x8000d3e0
core   0: 0x8000b3e4 (0xc23f2023) sw      gp, -992(t5)
core   0: 3 0x8000b3e4 (0xc23f2023) mem 0x8000d000 0x00000001
core   0: 0x8000b3e8 (0x0000bfe5) c.j     pc - 8
core   0: 3 0x8000b3e8 (0xbfe5)
core   0: 0x8000b3e0 (0x00002f17) auipc   t5, 0x2
core   0: 3 0x8000b3e0 (0x00002f17) x30 0x8000d3e0
core   0: 0x8000b3e4 (0xc23f2023) sw      gp, -992(t5)
core   0: 3 0x8000b3e4 (0xc23f2023) mem 0x8000d000 0x00000001
core   0: 0x8000b3e8 (0x0000bfe5) c.j     pc - 8
core   0: 3 0x8000b3e8 (0xbfe5)
core   0: 0x8000b3e0 (0x00002f17) auipc   t5, 0x2
core   0: 3 0x8000b3e0 (0x00002f17) x30 0x8000d3e0
core   0: 0x8000b3e4 (0xc23f2023) sw      gp, -992(t5)
core   0: 3 0x8000b3e4 (0xc23f2023) mem 0x8000d000 0x00000001
core   0: 0x8000b3e8 (0x0000bfe5) c.j     pc - 8
core   0: 3 0x8000b3e8 (0xbfe5)
core   0: 0x8000b3e0 (0x00002f17) auipc   t5, 0x2
core   0: 3 0x8000b3e0 (0x00002f17) x30 0x8000d3e0
core   0: 0x8000b3e4 (0xc23f2023) sw      gp, -992(t5)
core   0: 3 0x8000b3e4 (0xc23f2023) mem 0x8000d000 0x00000001
core   0: 0x8000b3e8 (0x0000bfe5) c.j     pc - 8
core   0: 3 0x8000b3e8 (0xbfe5)
core   0: 0x8000b3e0 (0x00002f17) auipc   t5, 0x2
core   0: 3 0x8000b3e0 (0x00002f17) x30 0x8000d3e0
core   0: 0x8000b3e4 (0xc23f2023) sw      gp, -992(t5)
core   0: 3 0x8000b3e4 (0xc23f2023) mem 0x8000d000 0x00000001
core   0: 0x8000b3e8 (0x0000bfe5) c.j     pc - 8
core   0: 3 0x8000b3e8 (0xbfe5)
core   0: 0x8000b3e0 (0x00002f17) auipc   t5, 0x2
core   0: 3 0x8000b3e0 (0x00002f17) x30 0x8000d3e0
core   0: 0x8000b3e4 (0xc23f2023) sw      gp, -992(t5)
core   0: 3 0x8000b3e4 (0xc23f2023) mem 0x8000d000 0x00000001
core   0: 0x8000b3e8 (0x0000bfe5) c.j     pc - 8
core   0: 3 0x8000b3e8 (0xbfe5)
core   0: 0x8000b3e0 (0x00002f17) auipc   t5, 0x2
core   0: 3 0x8000b3e0 (0x00002f17) x30 0x8000d3e0
core   0: 0x8000b3e4 (0xc23f2023) sw      gp, -992(t5)
core   0: 3 0x8000b3e4 (0xc23f2023) mem 0x8000d000 0x00000001
core   0: 0x8000b3e8 (0x0000bfe5) c.j     pc - 8
core   0: 3 0x8000b3e8 (0xbfe5)
core   0: 0x8000b3e0 (0x00002f17) auipc   t5, 0x2
core   0: 3 0x8000b3e0 (0x00002f17) x30 0x8000d3e0
core   0: 0x8000b3e4 (0xc23f2023) sw      gp, -992(t5)
core   0: 3 0x8000b3e4 (0xc23f2023) mem 0x8000d000 0x00000001
core   0: 0x8000b3e8 (0x0000bfe5) c.j     pc - 8
core   0: 3 0x8000b3e8 (0xbfe5)
core   0: 0x8000b3e0 (0x00002f17) auipc   t5, 0x2
core   0: 3 0x8000b3e0 (0x00002f17) x30 0x8000d3e0
core   0: 0x8000b3e4 (0xc23f2023) sw      gp, -992(t5)
core   0: 3 0x8000b3e4 (0xc23f2023) mem 0x8000d000 0x00000001
core   0: 0x8000b3e8 (0x0000bfe5) c.j     pc - 8
core   0: 3 0x8000b3e8 (0xbfe5)
core   0: 0x8000b3e0 (0x00002f17) auipc   t5, 0x2
core   0: 3 0x8000b3e0 (0x00002f17) x30 0x8000d3e0
core   0: 0x8000b3e4 (0xc23f2023) sw      gp, -992(t5)
core   0: 3 0x8000b3e4 (0xc23f2023) mem 0x8000d000 0x00000001
core   0: 0x8000b3e8 (0x0000bfe5) c.j     pc - 8
core   0: 3 0x8000b3e8 (0xbfe5)
core   0: 0x8000b3e0 (0x00002f17) auipc   t5, 0x2
core   0: 3 0x8000b3e0 (0x00002f17) x30 0x8000d3e0
core   0: 0x8000b3e4 (0xc23f2023) sw      gp, -992(t5)
core   0: 3 0x8000b3e4 (0xc23f2023) mem 0x8000d000 0x00000001
core   0: 0x8000b3e8 (0x0000bfe5) c.j     pc - 8
core   0: 3 0x8000b3e8 (0xbfe5)
core   0: 0x8000b3e0 (0x00002f17) auipc   t5, 0x2
core   0: 3 0x8000b3e0 (0x00002f17) x30 0x8000d3e0
core   0: 0x8000b3e4 (0xc23f2023) sw      gp, -992(t5)
core   0: 3 0x8000b3e4 (0xc23f2023) mem 0x8000d000 0x00000001
core   0: 0x8000b3e8 (0x0000bfe5) c.j     pc - 8
core   0: 3 0x8000b3e8 (0xbfe5)
core   0: 0x8000b3e0 (0x00002f17) auipc   t5, 0x2
core   0: 3 0x8000b3e0 (0x00002f17) x30 0x8000d3e0
core   0: 0x8000b3e4 (0xc23f2023) sw      gp, -992(t5)
core   0: 3 0x8000b3e4 (0xc23f2023) mem 0x8000d000 0x00000001
core   0: 0x8000b3e8 (0x0000bfe5) c.j     pc - 8
core   0: 3 0x8000b3e8 (0xbfe5)
core   0: 0x8000b3e0 (0x00002f17) auipc   t5, 0x2
core   0: 3 0x8000b3e0 (0x00002f17) x30 0x8000d3e0
core   0: 0x8000b3e4 (0xc23f2023) sw      gp, -992(t5)
core   0: 3 0x8000b3e4 (0xc23f2023) mem 0x8000d000 0x00000001
core   0: 0x8000b3e8 (0x0000bfe5) c.j     pc - 8
core   0: 3 0x8000b3e8 (0xbfe5)
core   0: 0x8000b3e0 (0x00002f17) auipc   t5, 0x2
core   0: 3 0x8000b3e0 (0x00002f17) x30 0x8000d3e0
core   0: 0x8000b3e4 (0xc23f2023) sw      gp, -992(t5)
core   0: 3 0x8000b3e4 (0xc23f2023) mem 0x8000d000 0x00000001
core   0: 0x8000b3e8 (0x0000bfe5) c.j     pc - 8
core   0: 3 0x8000b3e8 (0xbfe5)
core   0: 0x8000b3e0 (0x00002f17) auipc   t5, 0x2
core   0: 3 0x8000b3e0 (0x00002f17) x30 0x8000d3e0
core   0: 0x8000b3e4 (0xc23f2023) sw      gp, -992(t5)
core   0: 3 0x8000b3e4 (0xc23f2023) mem 0x8000d000 0x00000001
core   0: 0x8000b3e8 (0x0000bfe5) c.j     pc - 8
core   0: 3 0x8000b3e8 (0xbfe5)
core   0: 0x8000b3e0 (0x00002f17) auipc   t5, 0x2
core   0: 3 0x8000b3e0 (0x00002f17) x30 0x8000d3e0
core   0: 0x8000b3e4 (0xc23f2023) sw      gp, -992(t5)
core   0: 3 0x8000b3e4 (0xc23f2023) mem 0x8000d000 0x00000001
core   0: 0x8000b3e8 (0x0000bfe5) c.j     pc - 8
core   0: 3 0x8000b3e8 (0xbfe5)
core   0: 0x8000b3e0 (0x00002f17) auipc   t5, 0x2
core   0: 3 0x8000b3e0 (0x00002f17) x30 0x8000d3e0
core   0: 0x8000b3e4 (0xc23f2023) sw      gp, -992(t5)
core   0: 3 0x8000b3e4 (0xc23f2023) mem 0x8000d000 0x00000001
core   0: 0x8000b3e8 (0x0000bfe5) c.j     pc - 8
core   0: 3 0x8000b3e8 (0xbfe5)
core   0: 0x8000b3e0 (0x00002f17) auipc   t5, 0x2
core   0: 3 0x8000b3e0 (0x00002f17) x30 0x8000d3e0
core   0: 0x8000b3e4 (0xc23f2023) sw      gp, -992(t5)
core   0: 3 0x8000b3e4 (0xc23f2023) mem 0x8000d000 0x00000001
core   0: 0x8000b3e8 (0x0000bfe5) c.j     pc - 8
core   0: 3 0x8000b3e8 (0xbfe5)
core   0: 0x8000b3e0 (0x00002f17) auipc   t5, 0x2
core   0: 3 0x8000b3e0 (0x00002f17) x30 0x8000d3e0
core   0: 0x8000b3e4 (0xc23f2023) sw      gp, -992(t5)
core   0: 3 0x8000b3e4 (0xc23f2023) mem 0x8000d000 0x00000001
core   0: 0x8000b3e8 (0x0000bfe5) c.j     pc - 8
core   0: 3 0x8000b3e8 (0xbfe5)
core   0: 0x8000b3e0 (0x00002f17) auipc   t5, 0x2
core   0: 3 0x8000b3e0 (0x00002f17) x30 0x8000d3e0
core   0: 0x8000b3e4 (0xc23f2023) sw      gp, -992(t5)
core   0: 3 0x8000b3e4 (0xc23f2023) mem 0x8000d000 0x00000001
core   0: 0x8000b3e8 (0x0000bfe5) c.j     pc - 8
core   0: 3 0x8000b3e8 (0xbfe5)
core   0: 0x8000b3e0 (0x00002f17) auipc   t5, 0x2
core   0: 3 0x8000b3e0 (0x00002f17) x30 0x8000d3e0
core   0: 0x8000b3e4 (0xc23f2023) sw      gp, -992(t5)
core   0: 3 0x8000b3e4 (0xc23f2023) mem 0x8000d000 0x00000001
core   0: 0x8000b3e8 (0x0000bfe5) c.j     pc - 8
core   0: 3 0x8000b3e8 (0xbfe5)
core   0: 0x8000b3e0 (0x00002f17) auipc   t5, 0x2
core   0: 3 0x8000b3e0 (0x00002f17) x30 0x8000d3e0
core   0: 0x8000b3e4 (0xc23f2023) sw      gp, -992(t5)
core   0: 3 0x8000b3e4 (0xc23f2023) mem 0x8000d000 0x00000001
core   0: 0x8000b3e8 (0x0000bfe5) c.j     pc - 8
core   0: 3 0x8000b3e8 (0xbfe5)
core   0: 0x8000b3e0 (0x00002f17) auipc   t5, 0x2
core   0: 3 0x8000b3e0 (0x00002f17) x30 0x8000d3e0
core   0: 0x8000b3e4 (0xc23f2023) sw      gp, -992(t5)
core   0: 3 0x8000b3e4 (0xc23f2023) mem 0x8000d000 0x00000001
core   0: 0x8000b3e8 (0x0000bfe5) c.j     pc - 8
core   0: 3 0x8000b3e8 (0xbfe5)
core   0: 0x8000b3e0 (0x00002f17) auipc   t5, 0x2
core   0: 3 0x8000b3e0 (0x00002f17) x30 0x8000d3e0
core   0: 0x8000b3e4 (0xc23f2023) sw      gp, -992(t5)
core   0: 3 0x8000b3e4 (0xc23f2023) mem 0x8000d000 0x00000001
core   0: 0x8000b3e8 (0x0000bfe5) c.j     pc - 8
core   0: 3 0x8000b3e8 (0xbfe5)
core   0: 0x8000b3e0 (0x00002f17) auipc   t5, 0x2
core   0: 3 0x8000b3e0 (0x00002f17) x30 0x8000d3e0
core   0: 0x8000b3e4 (0xc23f2023) sw      gp, -992(t5)
core   0: 3 0x8000b3e4 (0xc23f2023) mem 0x8000d000 0x00000001
core   0: 0x8000b3e8 (0x0000bfe5) c.j     pc - 8
core   0: 3 0x8000b3e8 (0xbfe5)
core   0: 0x8000b3e0 (0x00002f17) auipc   t5, 0x2
core   0: 3 0x8000b3e0 (0x00002f17) x30 0x8000d3e0
core   0: 0x8000b3e4 (0xc23f2023) sw      gp, -992(t5)
core   0: 3 0x8000b3e4 (0xc23f2023) mem 0x8000d000 0x00000001
core   0: 0x8000b3e8 (0x0000bfe5) c.j     pc - 8
core   0: 3 0x8000b3e8 (0xbfe5)
core   0: 0x8000b3e0 (0x00002f17) auipc   t5, 0x2
core   0: 3 0x8000b3e0 (0x00002f17) x30 0x8000d3e0
core   0: 0x8000b3e4 (0xc23f2023) sw      gp, -992(t5)
core   0: 3 0x8000b3e4 (0xc23f2023) mem 0x8000d000 0x00000001
core   0: 0x8000b3e8 (0x0000bfe5) c.j     pc - 8
core   0: 3 0x8000b3e8 (0xbfe5)
core   0: 0x8000b3e0 (0x00002f17) auipc   t5, 0x2
core   0: 3 0x8000b3e0 (0x00002f17) x30 0x8000d3e0
core   0: 0x8000b3e4 (0xc23f2023) sw      gp, -992(t5)
core   0: 3 0x8000b3e4 (0xc23f2023) mem 0x8000d000 0x00000001
core   0: 0x8000b3e8 (0x0000bfe5) c.j     pc - 8
core   0: 3 0x8000b3e8 (0xbfe5)
core   0: 0x8000b3e0 (0x00002f17) auipc   t5, 0x2
core   0: 3 0x8000b3e0 (0x00002f17) x30 0x8000d3e0
core   0: 0x8000b3e4 (0xc23f2023) sw      gp, -992(t5)
core   0: 3 0x8000b3e4 (0xc23f2023) mem 0x8000d000 0x00000001
core   0: 0x8000b3e8 (0x0000bfe5) c.j     pc - 8
core   0: 3 0x8000b3e8 (0xbfe5)
core   0: 0x8000b3e0 (0x00002f17) auipc   t5, 0x2
core   0: 3 0x8000b3e0 (0x00002f17) x30 0x8000d3e0
core   0: 0x8000b3e4 (0xc23f2023) sw      gp, -992(t5)
core   0: 3 0x8000b3e4 (0xc23f2023) mem 0x8000d000 0x00000001
core   0: 0x8000b3e8 (0x0000bfe5) c.j     pc - 8
core   0: 3 0x8000b3e8 (0xbfe5)
core   0: 0x8000b3e0 (0x00002f17) auipc   t5, 0x2
core   0: 3 0x8000b3e0 (0x00002f17) x30 0x8000d3e0
core   0: 0x8000b3e4 (0xc23f2023) sw      gp, -992(t5)
core   0: 3 0x8000b3e4 (0xc23f2023) mem 0x8000d000 0x00000001
core   0: 0x8000b3e8 (0x0000bfe5) c.j     pc - 8
core   0: 3 0x8000b3e8 (0xbfe5)
core   0: 0x8000b3e0 (0x00002f17) auipc   t5, 0x2
core   0: 3 0x8000b3e0 (0x00002f17) x30 0x8000d3e0
core   0: 0x8000b3e4 (0xc23f2023) sw      gp, -992(t5)
core   0: 3 0x8000b3e4 (0xc23f2023) mem 0x8000d000 0x00000001
core   0: 0x8000b3e8 (0x0000bfe5) c.j     pc - 8
core   0: 3 0x8000b3e8 (0xbfe5)
core   0: 0x8000b3e0 (0x00002f17) auipc   t5, 0x2
core   0: 3 0x8000b3e0 (0x00002f17) x30 0x8000d3e0
core   0: 0x8000b3e4 (0xc23f2023) sw      gp, -992(t5)
core   0: 3 0x8000b3e4 (0xc23f2023) mem 0x8000d000 0x00000001
core   0: 0x8000b3e8 (0x0000bfe5) c.j     pc - 8
core   0: 3 0x8000b3e8 (0xbfe5)
core   0: 0x8000b3e0 (0x00002f17) auipc   t5, 0x2
core   0: 3 0x8000b3e0 (0x00002f17) x30 0x8000d3e0
core   0: 0x8000b3e4 (0xc23f2023) sw      gp, -992(t5)
core   0: 3 0x8000b3e4 (0xc23f2023) mem 0x8000d000 0x00000001
core   0: 0x8000b3e8 (0x0000bfe5) c.j     pc - 8
core   0: 3 0x8000b3e8 (0xbfe5)
core   0: 0x8000b3e0 (0x00002f17) auipc   t5, 0x2
core   0: 3 0x8000b3e0 (0x00002f17) x30 0x8000d3e0
core   0: 0x8000b3e4 (0xc23f2023) sw      gp, -992(t5)
core   0: 3 0x8000b3e4 (0xc23f2023) mem 0x8000d000 0x00000001
core   0: 0x8000b3e8 (0x0000bfe5) c.j     pc - 8
core   0: 3 0x8000b3e8 (0xbfe5)
core   0: 0x8000b3e0 (0x00002f17) auipc   t5, 0x2
core   0: 3 0x8000b3e0 (0x00002f17) x30 0x8000d3e0
core   0: 0x8000b3e4 (0xc23f2023) sw      gp, -992(t5)
core   0: 3 0x8000b3e4 (0xc23f2023) mem 0x8000d000 0x00000001
core   0: 0x8000b3e8 (0x0000bfe5) c.j     pc - 8
core   0: 3 0x8000b3e8 (0xbfe5)
core   0: 0x8000b3e0 (0x00002f17) auipc   t5, 0x2
core   0: 3 0x8000b3e0 (0x00002f17) x30 0x8000d3e0
core   0: 0x8000b3e4 (0xc23f2023) sw      gp, -992(t5)
core   0: 3 0x8000b3e4 (0xc23f2023) mem 0x8000d000 0x00000001
core   0: 0x8000b3e8 (0x0000bfe5) c.j     pc - 8
core   0: 3 0x8000b3e8 (0xbfe5)
core   0: 0x8000b3e0 (0x00002f17) auipc   t5, 0x2
core   0: 3 0x8000b3e0 (0x00002f17) x30 0x8000d3e0
core   0: 0x8000b3e4 (0xc23f2023) sw      gp, -992(t5)
core   0: 3 0x8000b3e4 (0xc23f2023) mem 0x8000d000 0x00000001
core   0: 0x8000b3e8 (0x0000bfe5) c.j     pc - 8
core   0: 3 0x8000b3e8 (0xbfe5)
core   0: 0x8000b3e0 (0x00002f17) auipc   t5, 0x2
core   0: 3 0x8000b3e0 (0x00002f17) x30 0x8000d3e0
core   0: 0x8000b3e4 (0xc23f2023) sw      gp, -992(t5)
core   0: 3 0x8000b3e4 (0xc23f2023) mem 0x8000d000 0x00000001
core   0: 0x8000b3e8 (0x0000bfe5) c.j     pc - 8
core   0: 3 0x8000b3e8 (0xbfe5)
core   0: 0x8000b3e0 (0x00002f17) auipc   t5, 0x2
core   0: 3 0x8000b3e0 (0x00002f17) x30 0x8000d3e0
core   0: 0x8000b3e4 (0xc23f2023) sw      gp, -992(t5)
core   0: 3 0x8000b3e4 (0xc23f2023) mem 0x8000d000 0x00000001
core   0: 0x8000b3e8 (0x0000bfe5) c.j     pc - 8
core   0: 3 0x8000b3e8 (0xbfe5)
core   0: 0x8000b3e0 (0x00002f17) auipc   t5, 0x2
core   0: 3 0x8000b3e0 (0x00002f17) x30 0x8000d3e0
core   0: 0x8000b3e4 (0xc23f2023) sw      gp, -992(t5)
core   0: 3 0x8000b3e4 (0xc23f2023) mem 0x8000d000 0x00000001
core   0: 0x8000b3e8 (0x0000bfe5) c.j     pc - 8
core   0: 3 0x8000b3e8 (0xbfe5)
core   0: 0x8000b3e0 (0x00002f17) auipc   t5, 0x2
core   0: 3 0x8000b3e0 (0x00002f17) x30 0x8000d3e0
core   0: 0x8000b3e4 (0xc23f2023) sw      gp, -992(t5)
core   0: 3 0x8000b3e4 (0xc23f2023) mem 0x8000d000 0x00000001
core   0: 0x8000b3e8 (0x0000bfe5) c.j     pc - 8
core   0: 3 0x8000b3e8 (0xbfe5)
core   0: 0x8000b3e0 (0x00002f17) auipc   t5, 0x2
core   0: 3 0x8000b3e0 (0x00002f17) x30 0x8000d3e0
core   0: 0x8000b3e4 (0xc23f2023) sw      gp, -992(t5)
core   0: 3 0x8000b3e4 (0xc23f2023) mem 0x8000d000 0x00000001
core   0: 0x8000b3e8 (0x0000bfe5) c.j     pc - 8
core   0: 3 0x8000b3e8 (0xbfe5)
core   0: 0x8000b3e0 (0x00002f17) auipc   t5, 0x2
core   0: 3 0x8000b3e0 (0x00002f17) x30 0x8000d3e0
core   0: 0x8000b3e4 (0xc23f2023) sw      gp, -992(t5)
core   0: 3 0x8000b3e4 (0xc23f2023) mem 0x8000d000 0x00000001
core   0: 0x8000b3e8 (0x0000bfe5) c.j     pc - 8
core   0: 3 0x8000b3e8 (0xbfe5)
core   0: 0x8000b3e0 (0x00002f17) auipc   t5, 0x2
core   0: 3 0x8000b3e0 (0x00002f17) x30 0x8000d3e0
core   0: 0x8000b3e4 (0xc23f2023) sw      gp, -992(t5)
core   0: 3 0x8000b3e4 (0xc23f2023) mem 0x8000d000 0x00000001
core   0: 0x8000b3e8 (0x0000bfe5) c.j     pc - 8
core   0: 3 0x8000b3e8 (0xbfe5)
core   0: 0x8000b3e0 (0x00002f17) auipc   t5, 0x2
core   0: 3 0x8000b3e0 (0x00002f17) x30 0x8000d3e0
core   0: 0x8000b3e4 (0xc23f2023) sw      gp, -992(t5)
core   0: 3 0x8000b3e4 (0xc23f2023) mem 0x8000d000 0x00000001
core   0: 0x8000b3e8 (0x0000bfe5) c.j     pc - 8
core   0: 3 0x8000b3e8 (0xbfe5)
core   0: 0x8000b3e0 (0x00002f17) auipc   t5, 0x2
core   0: 3 0x8000b3e0 (0x00002f17) x30 0x8000d3e0
core   0: 0x8000b3e4 (0xc23f2023) sw      gp, -992(t5)
core   0: 3 0x8000b3e4 (0xc23f2023) mem 0x8000d000 0x00000001
core   0: 0x8000b3e8 (0x0000bfe5) c.j     pc - 8
core   0: 3 0x8000b3e8 (0xbfe5)
core   0: 0x8000b3e0 (0x00002f17) auipc   t5, 0x2
core   0: 3 0x8000b3e0 (0x00002f17) x30 0x8000d3e0
core   0: 0x8000b3e4 (0xc23f2023) sw      gp, -992(t5)
core   0: 3 0x8000b3e4 (0xc23f2023) mem 0x8000d000 0x00000001
core   0: 0x8000b3e8 (0x0000bfe5) c.j     pc - 8
core   0: 3 0x8000b3e8 (0xbfe5)
core   0: 0x8000b3e0 (0x00002f17) auipc   t5, 0x2
core   0: 3 0x8000b3e0 (0x00002f17) x30 0x8000d3e0
core   0: 0x8000b3e4 (0xc23f2023) sw      gp, -992(t5)
core   0: 3 0x8000b3e4 (0xc23f2023) mem 0x8000d000 0x00000001
core   0: 0x8000b3e8 (0x0000bfe5) c.j     pc - 8
core   0: 3 0x8000b3e8 (0xbfe5)
core   0: 0x8000b3e0 (0x00002f17) auipc   t5, 0x2
core   0: 3 0x8000b3e0 (0x00002f17) x30 0x8000d3e0
core   0: 0x8000b3e4 (0xc23f2023) sw      gp, -992(t5)
core   0: 3 0x8000b3e4 (0xc23f2023) mem 0x8000d000 0x00000001
core   0: 0x8000b3e8 (0x0000bfe5) c.j     pc - 8
core   0: 3 0x8000b3e8 (0xbfe5)
core   0: 0x8000b3e0 (0x00002f17) auipc   t5, 0x2
core   0: 3 0x8000b3e0 (0x00002f17) x30 0x8000d3e0
core   0: 0x8000b3e4 (0xc23f2023) sw      gp, -992(t5)
core   0: 3 0x8000b3e4 (0xc23f2023) mem 0x8000d000 0x00000001
core   0: 0x8000b3e8 (0x0000bfe5) c.j     pc - 8
core   0: 3 0x8000b3e8 (0xbfe5)
core   0: 0x8000b3e0 (0x00002f17) auipc   t5, 0x2
core   0: 3 0x8000b3e0 (0x00002f17) x30 0x8000d3e0
core   0: 0x8000b3e4 (0xc23f2023) sw      gp, -992(t5)
core   0: 3 0x8000b3e4 (0xc23f2023) mem 0x8000d000 0x00000001
core   0: 0x8000b3e8 (0x0000bfe5) c.j     pc - 8
core   0: 3 0x8000b3e8 (0xbfe5)
core   0: 0x8000b3e0 (0x00002f17) auipc   t5, 0x2
core   0: 3 0x8000b3e0 (0x00002f17) x30 0x8000d3e0
core   0: 0x8000b3e4 (0xc23f2023) sw      gp, -992(t5)
core   0: 3 0x8000b3e4 (0xc23f2023) mem 0x8000d000 0x00000001
core   0: 0x8000b3e8 (0x0000bfe5) c.j     pc - 8
core   0: 3 0x8000b3e8 (0xbfe5)
core   0: 0x8000b3e0 (0x00002f17) auipc   t5, 0x2
core   0: 3 0x8000b3e0 (0x00002f17) x30 0x8000d3e0
core   0: 0x8000b3e4 (0xc23f2023) sw      gp, -992(t5)
core   0: 3 0x8000b3e4 (0xc23f2023) mem 0x8000d000 0x00000001
core   0: 0x8000b3e8 (0x0000bfe5) c.j     pc - 8
core   0: 3 0x8000b3e8 (0xbfe5)
core   0: 0x8000b3e0 (0x00002f17) auipc   t5, 0x2
core   0: 3 0x8000b3e0 (0x00002f17) x30 0x8000d3e0
core   0: 0x8000b3e4 (0xc23f2023) sw      gp, -992(t5)
core   0: 3 0x8000b3e4 (0xc23f2023) mem 0x8000d000 0x00000001
core   0: 0x8000b3e8 (0x0000bfe5) c.j     pc - 8
core   0: 3 0x8000b3e8 (0xbfe5)
core   0: 0x8000b3e0 (0x00002f17) auipc   t5, 0x2
core   0: 3 0x8000b3e0 (0x00002f17) x30 0x8000d3e0
core   0: 0x8000b3e4 (0xc23f2023) sw      gp, -992(t5)
core   0: 3 0x8000b3e4 (0xc23f2023) mem 0x8000d000 0x00000001
core   0: 0x8000b3e8 (0x0000bfe5) c.j     pc - 8
core   0: 3 0x8000b3e8 (0xbfe5)
core   0: 0x8000b3e0 (0x00002f17) auipc   t5, 0x2
core   0: 3 0x8000b3e0 (0x00002f17) x30 0x8000d3e0
core   0: 0x8000b3e4 (0xc23f2023) sw      gp, -992(t5)
core   0: 3 0x8000b3e4 (0xc23f2023) mem 0x8000d000 0x00000001
core   0: 0x8000b3e8 (0x0000bfe5) c.j     pc - 8
core   0: 3 0x8000b3e8 (0xbfe5)
core   0: 0x8000b3e0 (0x00002f17) auipc   t5, 0x2
core   0: 3 0x8000b3e0 (0x00002f17) x30 0x8000d3e0
core   0: 0x8000b3e4 (0xc23f2023) sw      gp, -992(t5)
core   0: 3 0x8000b3e4 (0xc23f2023) mem 0x8000d000 0x00000001
core   0: 0x8000b3e8 (0x0000bfe5) c.j     pc - 8
core   0: 3 0x8000b3e8 (0xbfe5)
core   0: 0x8000b3e0 (0x00002f17) auipc   t5, 0x2
core   0: 3 0x8000b3e0 (0x00002f17) x30 0x8000d3e0
core   0: 0x8000b3e4 (0xc23f2023) sw      gp, -992(t5)
core   0: 3 0x8000b3e4 (0xc23f2023) mem 0x8000d000 0x00000001
core   0: 0x8000b3e8 (0x0000bfe5) c.j     pc - 8
core   0: 3 0x8000b3e8 (0xbfe5)
core   0: 0x8000b3e0 (0x00002f17) auipc   t5, 0x2
core   0: 3 0x8000b3e0 (0x00002f17) x30 0x8000d3e0
core   0: 0x8000b3e4 (0xc23f2023) sw      gp, -992(t5)
core   0: 3 0x8000b3e4 (0xc23f2023) mem 0x8000d000 0x00000001
core   0: 0x8000b3e8 (0x0000bfe5) c.j     pc - 8
core   0: 3 0x8000b3e8 (0xbfe5)
core   0: 0x8000b3e0 (0x00002f17) auipc   t5, 0x2
core   0: 3 0x8000b3e0 (0x00002f17) x30 0x8000d3e0
core   0: 0x8000b3e4 (0xc23f2023) sw      gp, -992(t5)
core   0: 3 0x8000b3e4 (0xc23f2023) mem 0x8000d000 0x00000001
core   0: 0x8000b3e8 (0x0000bfe5) c.j     pc - 8
core   0: 3 0x8000b3e8 (0xbfe5)
core   0: 0x8000b3e0 (0x00002f17) auipc   t5, 0x2
core   0: 3 0x8000b3e0 (0x00002f17) x30 0x8000d3e0
core   0: 0x8000b3e4 (0xc23f2023) sw      gp, -992(t5)
core   0: 3 0x8000b3e4 (0xc23f2023) mem 0x8000d000 0x00000001
core   0: 0x8000b3e8 (0x0000bfe5) c.j     pc - 8
core   0: 3 0x8000b3e8 (0xbfe5)
core   0: 0x8000b3e0 (0x00002f17) auipc   t5, 0x2
core   0: 3 0x8000b3e0 (0x00002f17) x30 0x8000d3e0
core   0: 0x8000b3e4 (0xc23f2023) sw      gp, -992(t5)
core   0: 3 0x8000b3e4 (0xc23f2023) mem 0x8000d000 0x00000001
core   0: 0x8000b3e8 (0x0000bfe5) c.j     pc - 8
core   0: 3 0x8000b3e8 (0xbfe5)
core   0: 0x8000b3e0 (0x00002f17) auipc   t5, 0x2
core   0: 3 0x8000b3e0 (0x00002f17) x30 0x8000d3e0
core   0: 0x8000b3e4 (0xc23f2023) sw      gp, -992(t5)
core   0: 3 0x8000b3e4 (0xc23f2023) mem 0x8000d000 0x00000001
core   0: 0x8000b3e8 (0x0000bfe5) c.j     pc - 8
core   0: 3 0x8000b3e8 (0xbfe5)
core   0: 0x8000b3e0 (0x00002f17) auipc   t5, 0x2
core   0: 3 0x8000b3e0 (0x00002f17) x30 0x8000d3e0
core   0: 0x8000b3e4 (0xc23f2023) sw      gp, -992(t5)
core   0: 3 0x8000b3e4 (0xc23f2023) mem 0x8000d000 0x00000001
core   0: 0x8000b3e8 (0x0000bfe5) c.j     pc - 8
core   0: 3 0x8000b3e8 (0xbfe5)
core   0: 0x8000b3e0 (0x00002f17) auipc   t5, 0x2
core   0: 3 0x8000b3e0 (0x00002f17) x30 0x8000d3e0
core   0: 0x8000b3e4 (0xc23f2023) sw      gp, -992(t5)
core   0: 3 0x8000b3e4 (0xc23f2023) mem 0x8000d000 0x00000001
core   0: 0x8000b3e8 (0x0000bfe5) c.j     pc - 8
core   0: 3 0x8000b3e8 (0xbfe5)
core   0: 0x8000b3e0 (0x00002f17) auipc   t5, 0x2
core   0: 3 0x8000b3e0 (0x00002f17) x30 0x8000d3e0
core   0: 0x8000b3e4 (0xc23f2023) sw      gp, -992(t5)
core   0: 3 0x8000b3e4 (0xc23f2023) mem 0x8000d000 0x00000001
core   0: 0x8000b3e8 (0x0000bfe5) c.j     pc - 8
core   0: 3 0x8000b3e8 (0xbfe5)
core   0: 0x8000b3e0 (0x00002f17) auipc   t5, 0x2
core   0: 3 0x8000b3e0 (0x00002f17) x30 0x8000d3e0
core   0: 0x8000b3e4 (0xc23f2023) sw      gp, -992(t5)
core   0: 3 0x8000b3e4 (0xc23f2023) mem 0x8000d000 0x00000001
core   0: 0x8000b3e8 (0x0000bfe5) c.j     pc - 8
core   0: 3 0x8000b3e8 (0xbfe5)
core   0: 0x8000b3e0 (0x00002f17) auipc   t5, 0x2
core   0: 3 0x8000b3e0 (0x00002f17) x30 0x8000d3e0
core   0: 0x8000b3e4 (0xc23f2023) sw      gp, -992(t5)
core   0: 3 0x8000b3e4 (0xc23f2023) mem 0x8000d000 0x00000001
core   0: 0x8000b3e8 (0x0000bfe5) c.j     pc - 8
core   0: 3 0x8000b3e8 (0xbfe5)
core   0: 0x8000b3e0 (0x00002f17) auipc   t5, 0x2
core   0: 3 0x8000b3e0 (0x00002f17) x30 0x8000d3e0
core   0: 0x8000b3e4 (0xc23f2023) sw      gp, -992(t5)
core   0: 3 0x8000b3e4 (0xc23f2023) mem 0x8000d000 0x00000001
core   0: 0x8000b3e8 (0x0000bfe5) c.j     pc - 8
core   0: 3 0x8000b3e8 (0xbfe5)
core   0: 0x8000b3e0 (0x00002f17) auipc   t5, 0x2
core   0: 3 0x8000b3e0 (0x00002f17) x30 0x8000d3e0
core   0: 0x8000b3e4 (0xc23f2023) sw      gp, -992(t5)
core   0: 3 0x8000b3e4 (0xc23f2023) mem 0x8000d000 0x00000001
core   0: 0x8000b3e8 (0x0000bfe5) c.j     pc - 8
core   0: 3 0x8000b3e8 (0xbfe5)
core   0: 0x8000b3e0 (0x00002f17) auipc   t5, 0x2
core   0: 3 0x8000b3e0 (0x00002f17) x30 0x8000d3e0
core   0: 0x8000b3e4 (0xc23f2023) sw      gp, -992(t5)
core   0: 3 0x8000b3e4 (0xc23f2023) mem 0x8000d000 0x00000001
core   0: 0x8000b3e8 (0x0000bfe5) c.j     pc - 8
core   0: 3 0x8000b3e8 (0xbfe5)
core   0: 0x8000b3e0 (0x00002f17) auipc   t5, 0x2
core   0: 3 0x8000b3e0 (0x00002f17) x30 0x8000d3e0
core   0: 0x8000b3e4 (0xc23f2023) sw      gp, -992(t5)
core   0: 3 0x8000b3e4 (0xc23f2023) mem 0x8000d000 0x00000001
core   0: 0x8000b3e8 (0x0000bfe5) c.j     pc - 8
core   0: 3 0x8000b3e8 (0xbfe5)
core   0: 0x8000b3e0 (0x00002f17) auipc   t5, 0x2
core   0: 3 0x8000b3e0 (0x00002f17) x30 0x8000d3e0
core   0: 0x8000b3e4 (0xc23f2023) sw      gp, -992(t5)
core   0: 3 0x8000b3e4 (0xc23f2023) mem 0x8000d000 0x00000001
core   0: 0x8000b3e8 (0x0000bfe5) c.j     pc - 8
core   0: 3 0x8000b3e8 (0xbfe5)
core   0: 0x8000b3e0 (0x00002f17) auipc   t5, 0x2
core   0: 3 0x8000b3e0 (0x00002f17) x30 0x8000d3e0
core   0: 0x8000b3e4 (0xc23f2023) sw      gp, -992(t5)
core   0: 3 0x8000b3e4 (0xc23f2023) mem 0x8000d000 0x00000001
core   0: 0x8000b3e8 (0x0000bfe5) c.j     pc - 8
core   0: 3 0x8000b3e8 (0xbfe5)
core   0: 0x8000b3e0 (0x00002f17) auipc   t5, 0x2
core   0: 3 0x8000b3e0 (0x00002f17) x30 0x8000d3e0
core   0: 0x8000b3e4 (0xc23f2023) sw      gp, -992(t5)
core   0: 3 0x8000b3e4 (0xc23f2023) mem 0x8000d000 0x00000001
core   0: 0x8000b3e8 (0x0000bfe5) c.j     pc - 8
core   0: 3 0x8000b3e8 (0xbfe5)
core   0: 0x8000b3e0 (0x00002f17) auipc   t5, 0x2
core   0: 3 0x8000b3e0 (0x00002f17) x30 0x8000d3e0
core   0: 0x8000b3e4 (0xc23f2023) sw      gp, -992(t5)
core   0: 3 0x8000b3e4 (0xc23f2023) mem 0x8000d000 0x00000001
core   0: 0x8000b3e8 (0x0000bfe5) c.j     pc - 8
core   0: 3 0x8000b3e8 (0xbfe5)
core   0: 0x8000b3e0 (0x00002f17) auipc   t5, 0x2
core   0: 3 0x8000b3e0 (0x00002f17) x30 0x8000d3e0
core   0: 0x8000b3e4 (0xc23f2023) sw      gp, -992(t5)
core   0: 3 0x8000b3e4 (0xc23f2023) mem 0x8000d000 0x00000001
core   0: 0x8000b3e8 (0x0000bfe5) c.j     pc - 8
core   0: 3 0x8000b3e8 (0xbfe5)
core   0: 0x8000b3e0 (0x00002f17) auipc   t5, 0x2
core   0: 3 0x8000b3e0 (0x00002f17) x30 0x8000d3e0
core   0: 0x8000b3e4 (0xc23f2023) sw      gp, -992(t5)
core   0: 3 0x8000b3e4 (0xc23f2023) mem 0x8000d000 0x00000001
core   0: 0x8000b3e8 (0x0000bfe5) c.j     pc - 8
core   0: 3 0x8000b3e8 (0xbfe5)
core   0: 0x8000b3e0 (0x00002f17) auipc   t5, 0x2
core   0: 3 0x8000b3e0 (0x00002f17) x30 0x8000d3e0
core   0: 0x8000b3e4 (0xc23f2023) sw      gp, -992(t5)
core   0: 3 0x8000b3e4 (0xc23f2023) mem 0x8000d000 0x00000001
core   0: 0x8000b3e8 (0x0000bfe5) c.j     pc - 8
core   0: 3 0x8000b3e8 (0xbfe5)
core   0: 0x8000b3e0 (0x00002f17) auipc   t5, 0x2
core   0: 3 0x8000b3e0 (0x00002f17) x30 0x8000d3e0
core   0: 0x8000b3e4 (0xc23f2023) sw      gp, -992(t5)
core   0: 3 0x8000b3e4 (0xc23f2023) mem 0x8000d000 0x00000001
core   0: 0x8000b3e8 (0x0000bfe5) c.j     pc - 8
core   0: 3 0x8000b3e8 (0xbfe5)
core   0: 0x8000b3e0 (0x00002f17) auipc   t5, 0x2
core   0: 3 0x8000b3e0 (0x00002f17) x30 0x8000d3e0
core   0: 0x8000b3e4 (0xc23f2023) sw      gp, -992(t5)
core   0: 3 0x8000b3e4 (0xc23f2023) mem 0x8000d000 0x00000001
core   0: 0x8000b3e8 (0x0000bfe5) c.j     pc - 8
core   0: 3 0x8000b3e8 (0xbfe5)
core   0: 0x8000b3e0 (0x00002f17) auipc   t5, 0x2
core   0: 3 0x8000b3e0 (0x00002f17) x30 0x8000d3e0
core   0: 0x8000b3e4 (0xc23f2023) sw      gp, -992(t5)
core   0: 3 0x8000b3e4 (0xc23f2023) mem 0x8000d000 0x00000001
core   0: 0x8000b3e8 (0x0000bfe5) c.j     pc - 8
core   0: 3 0x8000b3e8 (0xbfe5)
core   0: 0x8000b3e0 (0x00002f17) auipc   t5, 0x2
core   0: 3 0x8000b3e0 (0x00002f17) x30 0x8000d3e0
core   0: 0x8000b3e4 (0xc23f2023) sw      gp, -992(t5)
core   0: 3 0x8000b3e4 (0xc23f2023) mem 0x8000d000 0x00000001
core   0: 0x8000b3e8 (0x0000bfe5) c.j     pc - 8
core   0: 3 0x8000b3e8 (0xbfe5)
core   0: 0x8000b3e0 (0x00002f17) auipc   t5, 0x2
core   0: 3 0x8000b3e0 (0x00002f17) x30 0x8000d3e0
core   0: 0x8000b3e4 (0xc23f2023) sw      gp, -992(t5)
core   0: 3 0x8000b3e4 (0xc23f2023) mem 0x8000d000 0x00000001
core   0: 0x8000b3e8 (0x0000bfe5) c.j     pc - 8
core   0: 3 0x8000b3e8 (0xbfe5)
core   0: 0x8000b3e0 (0x00002f17) auipc   t5, 0x2
core   0: 3 0x8000b3e0 (0x00002f17) x30 0x8000d3e0
core   0: 0x8000b3e4 (0xc23f2023) sw      gp, -992(t5)
core   0: 3 0x8000b3e4 (0xc23f2023) mem 0x8000d000 0x00000001
core   0: 0x8000b3e8 (0x0000bfe5) c.j     pc - 8
core   0: 3 0x8000b3e8 (0xbfe5)
core   0: 0x8000b3e0 (0x00002f17) auipc   t5, 0x2
core   0: 3 0x8000b3e0 (0x00002f17) x30 0x8000d3e0
core   0: 0x8000b3e4 (0xc23f2023) sw      gp, -992(t5)
core   0: 3 0x8000b3e4 (0xc23f2023) mem 0x8000d000 0x00000001
core   0: 0x8000b3e8 (0x0000bfe5) c.j     pc - 8
core   0: 3 0x8000b3e8 (0xbfe5)
core   0: 0x8000b3e0 (0x00002f17) auipc   t5, 0x2
core   0: 3 0x8000b3e0 (0x00002f17) x30 0x8000d3e0
core   0: 0x8000b3e4 (0xc23f2023) sw      gp, -992(t5)
core   0: 3 0x8000b3e4 (0xc23f2023) mem 0x8000d000 0x00000001
core   0: 0x8000b3e8 (0x0000bfe5) c.j     pc - 8
core   0: 3 0x8000b3e8 (0xbfe5)
core   0: 0x8000b3e0 (0x00002f17) auipc   t5, 0x2
core   0: 3 0x8000b3e0 (0x00002f17) x30 0x8000d3e0
core   0: 0x8000b3e4 (0xc23f2023) sw      gp, -992(t5)
core   0: 3 0x8000b3e4 (0xc23f2023) mem 0x8000d000 0x00000001
core   0: 0x8000b3e8 (0x0000bfe5) c.j     pc - 8
core   0: 3 0x8000b3e8 (0xbfe5)
core   0: 0x8000b3e0 (0x00002f17) auipc   t5, 0x2
core   0: 3 0x8000b3e0 (0x00002f17) x30 0x8000d3e0
core   0: 0x8000b3e4 (0xc23f2023) sw      gp, -992(t5)
core   0: 3 0x8000b3e4 (0xc23f2023) mem 0x8000d000 0x00000001
core   0: 0x8000b3e8 (0x0000bfe5) c.j     pc - 8
core   0: 3 0x8000b3e8 (0xbfe5)
core   0: 0x8000b3e0 (0x00002f17) auipc   t5, 0x2
core   0: 3 0x8000b3e0 (0x00002f17) x30 0x8000d3e0
core   0: 0x8000b3e4 (0xc23f2023) sw      gp, -992(t5)
core   0: 3 0x8000b3e4 (0xc23f2023) mem 0x8000d000 0x00000001
core   0: 0x8000b3e8 (0x0000bfe5) c.j     pc - 8
core   0: 3 0x8000b3e8 (0xbfe5)
core   0: 0x8000b3e0 (0x00002f17) auipc   t5, 0x2
core   0: 3 0x8000b3e0 (0x00002f17) x30 0x8000d3e0
core   0: 0x8000b3e4 (0xc23f2023) sw      gp, -992(t5)
core   0: 3 0x8000b3e4 (0xc23f2023) mem 0x8000d000 0x00000001
core   0: 0x8000b3e8 (0x0000bfe5) c.j     pc - 8
core   0: 3 0x8000b3e8 (0xbfe5)
core   0: 0x8000b3e0 (0x00002f17) auipc   t5, 0x2
core   0: 3 0x8000b3e0 (0x00002f17) x30 0x8000d3e0
core   0: 0x8000b3e4 (0xc23f2023) sw      gp, -992(t5)
core   0: 3 0x8000b3e4 (0xc23f2023) mem 0x8000d000 0x00000001
core   0: 0x8000b3e8 (0x0000bfe5) c.j     pc - 8
core   0: 3 0x8000b3e8 (0xbfe5)
core   0: 0x8000b3e0 (0x00002f17) auipc   t5, 0x2
core   0: 3 0x8000b3e0 (0x00002f17) x30 0x8000d3e0
core   0: 0x8000b3e4 (0xc23f2023) sw      gp, -992(t5)
core   0: 3 0x8000b3e4 (0xc23f2023) mem 0x8000d000 0x00000001
core   0: 0x8000b3e8 (0x0000bfe5) c.j     pc - 8
core   0: 3 0x8000b3e8 (0xbfe5)
core   0: 0x8000b3e0 (0x00002f17) auipc   t5, 0x2
core   0: 3 0x8000b3e0 (0x00002f17) x30 0x8000d3e0
core   0: 0x8000b3e4 (0xc23f2023) sw      gp, -992(t5)
core   0: 3 0x8000b3e4 (0xc23f2023) mem 0x8000d000 0x00000001
core   0: 0x8000b3e8 (0x0000bfe5) c.j     pc - 8
core   0: 3 0x8000b3e8 (0xbfe5)
core   0: 0x8000b3e0 (0x00002f17) auipc   t5, 0x2
core   0: 3 0x8000b3e0 (0x00002f17) x30 0x8000d3e0
core   0: 0x8000b3e4 (0xc23f2023) sw      gp, -992(t5)
core   0: 3 0x8000b3e4 (0xc23f2023) mem 0x8000d000 0x00000001
core   0: 0x8000b3e8 (0x0000bfe5) c.j     pc - 8
core   0: 3 0x8000b3e8 (0xbfe5)
core   0: 0x8000b3e0 (0x00002f17) auipc   t5, 0x2
core   0: 3 0x8000b3e0 (0x00002f17) x30 0x8000d3e0
core   0: 0x8000b3e4 (0xc23f2023) sw      gp, -992(t5)
core   0: 3 0x8000b3e4 (0xc23f2023) mem 0x8000d000 0x00000001
core   0: 0x8000b3e8 (0x0000bfe5) c.j     pc - 8
core   0: 3 0x8000b3e8 (0xbfe5)
core   0: 0x8000b3e0 (0x00002f17) auipc   t5, 0x2
core   0: 3 0x8000b3e0 (0x00002f17) x30 0x8000d3e0
core   0: 0x8000b3e4 (0xc23f2023) sw      gp, -992(t5)
core   0: 3 0x8000b3e4 (0xc23f2023) mem 0x8000d000 0x00000001
core   0: 0x8000b3e8 (0x0000bfe5) c.j     pc - 8
core   0: 3 0x8000b3e8 (0xbfe5)
core   0: 0x8000b3e0 (0x00002f17) auipc   t5, 0x2
core   0: 3 0x8000b3e0 (0x00002f17) x30 0x8000d3e0
core   0: 0x8000b3e4 (0xc23f2023) sw      gp, -992(t5)
core   0: 3 0x8000b3e4 (0xc23f2023) mem 0x8000d000 0x00000001
core   0: 0x8000b3e8 (0x0000bfe5) c.j     pc - 8
core   0: 3 0x8000b3e8 (0xbfe5)
core   0: 0x8000b3e0 (0x00002f17) auipc   t5, 0x2
core   0: 3 0x8000b3e0 (0x00002f17) x30 0x8000d3e0
core   0: 0x8000b3e4 (0xc23f2023) sw      gp, -992(t5)
core   0: 3 0x8000b3e4 (0xc23f2023) mem 0x8000d000 0x00000001
core   0: 0x8000b3e8 (0x0000bfe5) c.j     pc - 8
core   0: 3 0x8000b3e8 (0xbfe5)
core   0: 0x8000b3e0 (0x00002f17) auipc   t5, 0x2
core   0: 3 0x8000b3e0 (0x00002f17) x30 0x8000d3e0
core   0: 0x8000b3e4 (0xc23f2023) sw      gp, -992(t5)
core   0: 3 0x8000b3e4 (0xc23f2023) mem 0x8000d000 0x00000001
core   0: 0x8000b3e8 (0x0000bfe5) c.j     pc - 8
core   0: 3 0x8000b3e8 (0xbfe5)
core   0: 0x8000b3e0 (0x00002f17) auipc   t5, 0x2
core   0: 3 0x8000b3e0 (0x00002f17) x30 0x8000d3e0
core   0: 0x8000b3e4 (0xc23f2023) sw      gp, -992(t5)
core   0: 3 0x8000b3e4 (0xc23f2023) mem 0x8000d000 0x00000001
core   0: 0x8000b3e8 (0x0000bfe5) c.j     pc - 8
core   0: 3 0x8000b3e8 (0xbfe5)
core   0: 0x8000b3e0 (0x00002f17) auipc   t5, 0x2
core   0: 3 0x8000b3e0 (0x00002f17) x30 0x8000d3e0
core   0: 0x8000b3e4 (0xc23f2023) sw      gp, -992(t5)
core   0: 3 0x8000b3e4 (0xc23f2023) mem 0x8000d000 0x00000001
core   0: 0x8000b3e8 (0x0000bfe5) c.j     pc - 8
core   0: 3 0x8000b3e8 (0xbfe5)
core   0: 0x8000b3e0 (0x00002f17) auipc   t5, 0x2
core   0: 3 0x8000b3e0 (0x00002f17) x30 0x8000d3e0
core   0: 0x8000b3e4 (0xc23f2023) sw      gp, -992(t5)
core   0: 3 0x8000b3e4 (0xc23f2023) mem 0x8000d000 0x00000001
core   0: 0x8000b3e8 (0x0000bfe5) c.j     pc - 8
core   0: 3 0x8000b3e8 (0xbfe5)
core   0: 0x8000b3e0 (0x00002f17) auipc   t5, 0x2
core   0: 3 0x8000b3e0 (0x00002f17) x30 0x8000d3e0
core   0: 0x8000b3e4 (0xc23f2023) sw      gp, -992(t5)
core   0: 3 0x8000b3e4 (0xc23f2023) mem 0x8000d000 0x00000001
core   0: 0x8000b3e8 (0x0000bfe5) c.j     pc - 8
core   0: 3 0x8000b3e8 (0xbfe5)
core   0: 0x8000b3e0 (0x00002f17) auipc   t5, 0x2
core   0: 3 0x8000b3e0 (0x00002f17) x30 0x8000d3e0
core   0: 0x8000b3e4 (0xc23f2023) sw      gp, -992(t5)
core   0: 3 0x8000b3e4 (0xc23f2023) mem 0x8000d000 0x00000001
core   0: 0x8000b3e8 (0x0000bfe5) c.j     pc - 8
core   0: 3 0x8000b3e8 (0xbfe5)
core   0: 0x8000b3e0 (0x00002f17) auipc   t5, 0x2
core   0: 3 0x8000b3e0 (0x00002f17) x30 0x8000d3e0
core   0: 0x8000b3e4 (0xc23f2023) sw      gp, -992(t5)
core   0: 3 0x8000b3e4 (0xc23f2023) mem 0x8000d000 0x00000001
core   0: 0x8000b3e8 (0x0000bfe5) c.j     pc - 8
core   0: 3 0x8000b3e8 (0xbfe5)
core   0: 0x8000b3e0 (0x00002f17) auipc   t5, 0x2
core   0: 3 0x8000b3e0 (0x00002f17) x30 0x8000d3e0
core   0: 0x8000b3e4 (0xc23f2023) sw      gp, -992(t5)
core   0: 3 0x8000b3e4 (0xc23f2023) mem 0x8000d000 0x00000001
core   0: 0x8000b3e8 (0x0000bfe5) c.j     pc - 8
core   0: 3 0x8000b3e8 (0xbfe5)
core   0: 0x8000b3e0 (0x00002f17) auipc   t5, 0x2
core   0: 3 0x8000b3e0 (0x00002f17) x30 0x8000d3e0
core   0: 0x8000b3e4 (0xc23f2023) sw      gp, -992(t5)
core   0: 3 0x8000b3e4 (0xc23f2023) mem 0x8000d000 0x00000001
core   0: 0x8000b3e8 (0x0000bfe5) c.j     pc - 8
core   0: 3 0x8000b3e8 (0xbfe5)
core   0: 0x8000b3e0 (0x00002f17) auipc   t5, 0x2
core   0: 3 0x8000b3e0 (0x00002f17) x30 0x8000d3e0
core   0: 0x8000b3e4 (0xc23f2023) sw      gp, -992(t5)
core   0: 3 0x8000b3e4 (0xc23f2023) mem 0x8000d000 0x00000001
core   0: 0x8000b3e8 (0x0000bfe5) c.j     pc - 8
core   0: 3 0x8000b3e8 (0xbfe5)
core   0: 0x8000b3e0 (0x00002f17) auipc   t5, 0x2
core   0: 3 0x8000b3e0 (0x00002f17) x30 0x8000d3e0
core   0: 0x8000b3e4 (0xc23f2023) sw      gp, -992(t5)
core   0: 3 0x8000b3e4 (0xc23f2023) mem 0x8000d000 0x00000001
core   0: 0x8000b3e8 (0x0000bfe5) c.j     pc - 8
core   0: 3 0x8000b3e8 (0xbfe5)
core   0: 0x8000b3e0 (0x00002f17) auipc   t5, 0x2
core   0: 3 0x8000b3e0 (0x00002f17) x30 0x8000d3e0
core   0: 0x8000b3e4 (0xc23f2023) sw      gp, -992(t5)
core   0: 3 0x8000b3e4 (0xc23f2023) mem 0x8000d000 0x00000001
core   0: 0x8000b3e8 (0x0000bfe5) c.j     pc - 8
core   0: 3 0x8000b3e8 (0xbfe5)
core   0: 0x8000b3e0 (0x00002f17) auipc   t5, 0x2
core   0: 3 0x8000b3e0 (0x00002f17) x30 0x8000d3e0
core   0: 0x8000b3e4 (0xc23f2023) sw      gp, -992(t5)
core   0: 3 0x8000b3e4 (0xc23f2023) mem 0x8000d000 0x00000001
core   0: 0x8000b3e8 (0x0000bfe5) c.j     pc - 8
core   0: 3 0x8000b3e8 (0xbfe5)
core   0: 0x8000b3e0 (0x00002f17) auipc   t5, 0x2
core   0: 3 0x8000b3e0 (0x00002f17) x30 0x8000d3e0
core   0: 0x8000b3e4 (0xc23f2023) sw      gp, -992(t5)
core   0: 3 0x8000b3e4 (0xc23f2023) mem 0x8000d000 0x00000001
core   0: 0x8000b3e8 (0x0000bfe5) c.j     pc - 8
core   0: 3 0x8000b3e8 (0xbfe5)
core   0: 0x8000b3e0 (0x00002f17) auipc   t5, 0x2
core   0: 3 0x8000b3e0 (0x00002f17) x30 0x8000d3e0
core   0: 0x8000b3e4 (0xc23f2023) sw      gp, -992(t5)
core   0: 3 0x8000b3e4 (0xc23f2023) mem 0x8000d000 0x00000001
core   0: 0x8000b3e8 (0x0000bfe5) c.j     pc - 8
core   0: 3 0x8000b3e8 (0xbfe5)
core   0: 0x8000b3e0 (0x00002f17) auipc   t5, 0x2
core   0: 3 0x8000b3e0 (0x00002f17) x30 0x8000d3e0
core   0: 0x8000b3e4 (0xc23f2023) sw      gp, -992(t5)
core   0: 3 0x8000b3e4 (0xc23f2023) mem 0x8000d000 0x00000001
core   0: 0x8000b3e8 (0x0000bfe5) c.j     pc - 8
core   0: 3 0x8000b3e8 (0xbfe5)
core   0: 0x8000b3e0 (0x00002f17) auipc   t5, 0x2
core   0: 3 0x8000b3e0 (0x00002f17) x30 0x8000d3e0
core   0: 0x8000b3e4 (0xc23f2023) sw      gp, -992(t5)
core   0: 3 0x8000b3e4 (0xc23f2023) mem 0x8000d000 0x00000001
core   0: 0x8000b3e8 (0x0000bfe5) c.j     pc - 8
core   0: 3 0x8000b3e8 (0xbfe5)
core   0: 0x8000b3e0 (0x00002f17) auipc   t5, 0x2
core   0: 3 0x8000b3e0 (0x00002f17) x30 0x8000d3e0
core   0: 0x8000b3e4 (0xc23f2023) sw      gp, -992(t5)
core   0: 3 0x8000b3e4 (0xc23f2023) mem 0x8000d000 0x00000001
core   0: 0x8000b3e8 (0x0000bfe5) c.j     pc - 8
core   0: 3 0x8000b3e8 (0xbfe5)
core   0: 0x8000b3e0 (0x00002f17) auipc   t5, 0x2
core   0: 3 0x8000b3e0 (0x00002f17) x30 0x8000d3e0
core   0: 0x8000b3e4 (0xc23f2023) sw      gp, -992(t5)
core   0: 3 0x8000b3e4 (0xc23f2023) mem 0x8000d000 0x00000001
core   0: 0x8000b3e8 (0x0000bfe5) c.j     pc - 8
core   0: 3 0x8000b3e8 (0xbfe5)
core   0: 0x8000b3e0 (0x00002f17) auipc   t5, 0x2
core   0: 3 0x8000b3e0 (0x00002f17) x30 0x8000d3e0
core   0: 0x8000b3e4 (0xc23f2023) sw      gp, -992(t5)
core   0: 3 0x8000b3e4 (0xc23f2023) mem 0x8000d000 0x00000001
core   0: 0x8000b3e8 (0x0000bfe5) c.j     pc - 8
core   0: 3 0x8000b3e8 (0xbfe5)
core   0: 0x8000b3e0 (0x00002f17) auipc   t5, 0x2
core   0: 3 0x8000b3e0 (0x00002f17) x30 0x8000d3e0
core   0: 0x8000b3e4 (0xc23f2023) sw      gp, -992(t5)
core   0: 3 0x8000b3e4 (0xc23f2023) mem 0x8000d000 0x00000001
core   0: 0x8000b3e8 (0x0000bfe5) c.j     pc - 8
core   0: 3 0x8000b3e8 (0xbfe5)
core   0: 0x8000b3e0 (0x00002f17) auipc   t5, 0x2
core   0: 3 0x8000b3e0 (0x00002f17) x30 0x8000d3e0
core   0: 0x8000b3e4 (0xc23f2023) sw      gp, -992(t5)
core   0: 3 0x8000b3e4 (0xc23f2023) mem 0x8000d000 0x00000001
core   0: 0x8000b3e8 (0x0000bfe5) c.j     pc - 8
core   0: 3 0x8000b3e8 (0xbfe5)
core   0: 0x8000b3e0 (0x00002f17) auipc   t5, 0x2
core   0: 3 0x8000b3e0 (0x00002f17) x30 0x8000d3e0
core   0: 0x8000b3e4 (0xc23f2023) sw      gp, -992(t5)
core   0: 3 0x8000b3e4 (0xc23f2023) mem 0x8000d000 0x00000001
core   0: 0x8000b3e8 (0x0000bfe5) c.j     pc - 8
core   0: 3 0x8000b3e8 (0xbfe5)
core   0: 0x8000b3e0 (0x00002f17) auipc   t5, 0x2
core   0: 3 0x8000b3e0 (0x00002f17) x30 0x8000d3e0
core   0: 0x8000b3e4 (0xc23f2023) sw      gp, -992(t5)
core   0: 3 0x8000b3e4 (0xc23f2023) mem 0x8000d000 0x00000001
core   0: 0x8000b3e8 (0x0000bfe5) c.j     pc - 8
core   0: 3 0x8000b3e8 (0xbfe5)
core   0: 0x8000b3e0 (0x00002f17) auipc   t5, 0x2
core   0: 3 0x8000b3e0 (0x00002f17) x30 0x8000d3e0
core   0: 0x8000b3e4 (0xc23f2023) sw      gp, -992(t5)
core   0: 3 0x8000b3e4 (0xc23f2023) mem 0x8000d000 0x00000001
core   0: 0x8000b3e8 (0x0000bfe5) c.j     pc - 8
core   0: 3 0x8000b3e8 (0xbfe5)
core   0: 0x8000b3e0 (0x00002f17) auipc   t5, 0x2
core   0: 3 0x8000b3e0 (0x00002f17) x30 0x8000d3e0
core   0: 0x8000b3e4 (0xc23f2023) sw      gp, -992(t5)
core   0: 3 0x8000b3e4 (0xc23f2023) mem 0x8000d000 0x00000001
core   0: 0x8000b3e8 (0x0000bfe5) c.j     pc - 8
core   0: 3 0x8000b3e8 (0xbfe5)
core   0: 0x8000b3e0 (0x00002f17) auipc   t5, 0x2
core   0: 3 0x8000b3e0 (0x00002f17) x30 0x8000d3e0
core   0: 0x8000b3e4 (0xc23f2023) sw      gp, -992(t5)
core   0: 3 0x8000b3e4 (0xc23f2023) mem 0x8000d000 0x00000001
core   0: 0x8000b3e8 (0x0000bfe5) c.j     pc - 8
core   0: 3 0x8000b3e8 (0xbfe5)
core   0: 0x8000b3e0 (0x00002f17) auipc   t5, 0x2
core   0: 3 0x8000b3e0 (0x00002f17) x30 0x8000d3e0
core   0: 0x8000b3e4 (0xc23f2023) sw      gp, -992(t5)
core   0: 3 0x8000b3e4 (0xc23f2023) mem 0x8000d000 0x00000001
core   0: 0x8000b3e8 (0x0000bfe5) c.j     pc - 8
core   0: 3 0x8000b3e8 (0xbfe5)
core   0: 0x8000b3e0 (0x00002f17) auipc   t5, 0x2
core   0: 3 0x8000b3e0 (0x00002f17) x30 0x8000d3e0
core   0: 0x8000b3e4 (0xc23f2023) sw      gp, -992(t5)
core   0: 3 0x8000b3e4 (0xc23f2023) mem 0x8000d000 0x00000001
core   0: 0x8000b3e8 (0x0000bfe5) c.j     pc - 8
core   0: 3 0x8000b3e8 (0xbfe5)
core   0: 0x8000b3e0 (0x00002f17) auipc   t5, 0x2
core   0: 3 0x8000b3e0 (0x00002f17) x30 0x8000d3e0
core   0: 0x8000b3e4 (0xc23f2023) sw      gp, -992(t5)
core   0: 3 0x8000b3e4 (0xc23f2023) mem 0x8000d000 0x00000001
core   0: 0x8000b3e8 (0x0000bfe5) c.j     pc - 8
core   0: 3 0x8000b3e8 (0xbfe5)
core   0: 0x8000b3e0 (0x00002f17) auipc   t5, 0x2
core   0: 3 0x8000b3e0 (0x00002f17) x30 0x8000d3e0
core   0: 0x8000b3e4 (0xc23f2023) sw      gp, -992(t5)
core   0: 3 0x8000b3e4 (0xc23f2023) mem 0x8000d000 0x00000001
core   0: 0x8000b3e8 (0x0000bfe5) c.j     pc - 8
core   0: 3 0x8000b3e8 (0xbfe5)
core   0: 0x8000b3e0 (0x00002f17) auipc   t5, 0x2
core   0: 3 0x8000b3e0 (0x00002f17) x30 0x8000d3e0
core   0: 0x8000b3e4 (0xc23f2023) sw      gp, -992(t5)
core   0: 3 0x8000b3e4 (0xc23f2023) mem 0x8000d000 0x00000001
core   0: 0x8000b3e8 (0x0000bfe5) c.j     pc - 8
core   0: 3 0x8000b3e8 (0xbfe5)
core   0: 0x8000b3e0 (0x00002f17) auipc   t5, 0x2
core   0: 3 0x8000b3e0 (0x00002f17) x30 0x8000d3e0
core   0: 0x8000b3e4 (0xc23f2023) sw      gp, -992(t5)
core   0: 3 0x8000b3e4 (0xc23f2023) mem 0x8000d000 0x00000001
core   0: 0x8000b3e8 (0x0000bfe5) c.j     pc - 8
core   0: 3 0x8000b3e8 (0xbfe5)
core   0: 0x8000b3e0 (0x00002f17) auipc   t5, 0x2
core   0: 3 0x8000b3e0 (0x00002f17) x30 0x8000d3e0
core   0: 0x8000b3e4 (0xc23f2023) sw      gp, -992(t5)
core   0: 3 0x8000b3e4 (0xc23f2023) mem 0x8000d000 0x00000001
core   0: 0x8000b3e8 (0x0000bfe5) c.j     pc - 8
core   0: 3 0x8000b3e8 (0xbfe5)
core   0: 0x8000b3e0 (0x00002f17) auipc   t5, 0x2
core   0: 3 0x8000b3e0 (0x00002f17) x30 0x8000d3e0
core   0: 0x8000b3e4 (0xc23f2023) sw      gp, -992(t5)
core   0: 3 0x8000b3e4 (0xc23f2023) mem 0x8000d000 0x00000001
core   0: 0x8000b3e8 (0x0000bfe5) c.j     pc - 8
core   0: 3 0x8000b3e8 (0xbfe5)
core   0: 0x8000b3e0 (0x00002f17) auipc   t5, 0x2
core   0: 3 0x8000b3e0 (0x00002f17) x30 0x8000d3e0
core   0: 0x8000b3e4 (0xc23f2023) sw      gp, -992(t5)
core   0: 3 0x8000b3e4 (0xc23f2023) mem 0x8000d000 0x00000001
core   0: 0x8000b3e8 (0x0000bfe5) c.j     pc - 8
core   0: 3 0x8000b3e8 (0xbfe5)
core   0: 0x8000b3e0 (0x00002f17) auipc   t5, 0x2
core   0: 3 0x8000b3e0 (0x00002f17) x30 0x8000d3e0
core   0: 0x8000b3e4 (0xc23f2023) sw      gp, -992(t5)
core   0: 3 0x8000b3e4 (0xc23f2023) mem 0x8000d000 0x00000001
core   0: 0x8000b3e8 (0x0000bfe5) c.j     pc - 8
core   0: 3 0x8000b3e8 (0xbfe5)
core   0: 0x8000b3e0 (0x00002f17) auipc   t5, 0x2
core   0: 3 0x8000b3e0 (0x00002f17) x30 0x8000d3e0
core   0: 0x8000b3e4 (0xc23f2023) sw      gp, -992(t5)
core   0: 3 0x8000b3e4 (0xc23f2023) mem 0x8000d000 0x00000001
core   0: 0x8000b3e8 (0x0000bfe5) c.j     pc - 8
core   0: 3 0x8000b3e8 (0xbfe5)
core   0: 0x8000b3e0 (0x00002f17) auipc   t5, 0x2
core   0: 3 0x8000b3e0 (0x00002f17) x30 0x8000d3e0
core   0: 0x8000b3e4 (0xc23f2023) sw      gp, -992(t5)
core   0: 3 0x8000b3e4 (0xc23f2023) mem 0x8000d000 0x00000001
core   0: 0x8000b3e8 (0x0000bfe5) c.j     pc - 8
core   0: 3 0x8000b3e8 (0xbfe5)
core   0: 0x8000b3e0 (0x00002f17) auipc   t5, 0x2
core   0: 3 0x8000b3e0 (0x00002f17) x30 0x8000d3e0
core   0: 0x8000b3e4 (0xc23f2023) sw      gp, -992(t5)
core   0: 3 0x8000b3e4 (0xc23f2023) mem 0x8000d000 0x00000001
core   0: 0x8000b3e8 (0x0000bfe5) c.j     pc - 8
core   0: 3 0x8000b3e8 (0xbfe5)
core   0: 0x8000b3e0 (0x00002f17) auipc   t5, 0x2
core   0: 3 0x8000b3e0 (0x00002f17) x30 0x8000d3e0
core   0: 0x8000b3e4 (0xc23f2023) sw      gp, -992(t5)
core   0: 3 0x8000b3e4 (0xc23f2023) mem 0x8000d000 0x00000001
core   0: 0x8000b3e8 (0x0000bfe5) c.j     pc - 8
core   0: 3 0x8000b3e8 (0xbfe5)
core   0: 0x8000b3e0 (0x00002f17) auipc   t5, 0x2
core   0: 3 0x8000b3e0 (0x00002f17) x30 0x8000d3e0
core   0: 0x8000b3e4 (0xc23f2023) sw      gp, -992(t5)
core   0: 3 0x8000b3e4 (0xc23f2023) mem 0x8000d000 0x00000001
core   0: 0x8000b3e8 (0x0000bfe5) c.j     pc - 8
core   0: 3 0x8000b3e8 (0xbfe5)
core   0: 0x8000b3e0 (0x00002f17) auipc   t5, 0x2
core   0: 3 0x8000b3e0 (0x00002f17) x30 0x8000d3e0
core   0: 0x8000b3e4 (0xc23f2023) sw      gp, -992(t5)
core   0: 3 0x8000b3e4 (0xc23f2023) mem 0x8000d000 0x00000001
core   0: 0x8000b3e8 (0x0000bfe5) c.j     pc - 8
core   0: 3 0x8000b3e8 (0xbfe5)
core   0: 0x8000b3e0 (0x00002f17) auipc   t5, 0x2
core   0: 3 0x8000b3e0 (0x00002f17) x30 0x8000d3e0
core   0: 0x8000b3e4 (0xc23f2023) sw      gp, -992(t5)
core   0: 3 0x8000b3e4 (0xc23f2023) mem 0x8000d000 0x00000001
core   0: 0x8000b3e8 (0x0000bfe5) c.j     pc - 8
core   0: 3 0x8000b3e8 (0xbfe5)
core   0: 0x8000b3e0 (0x00002f17) auipc   t5, 0x2
core   0: 3 0x8000b3e0 (0x00002f17) x30 0x8000d3e0
core   0: 0x8000b3e4 (0xc23f2023) sw      gp, -992(t5)
core   0: 3 0x8000b3e4 (0xc23f2023) mem 0x8000d000 0x00000001
core   0: 0x8000b3e8 (0x0000bfe5) c.j     pc - 8
core   0: 3 0x8000b3e8 (0xbfe5)
core   0: 0x8000b3e0 (0x00002f17) auipc   t5, 0x2
core   0: 3 0x8000b3e0 (0x00002f17) x30 0x8000d3e0
core   0: 0x8000b3e4 (0xc23f2023) sw      gp, -992(t5)
core   0: 3 0x8000b3e4 (0xc23f2023) mem 0x8000d000 0x00000001
core   0: 0x8000b3e8 (0x0000bfe5) c.j     pc - 8
core   0: 3 0x8000b3e8 (0xbfe5)
core   0: 0x8000b3e0 (0x00002f17) auipc   t5, 0x2
core   0: 3 0x8000b3e0 (0x00002f17) x30 0x8000d3e0
core   0: 0x8000b3e4 (0xc23f2023) sw      gp, -992(t5)
core   0: 3 0x8000b3e4 (0xc23f2023) mem 0x8000d000 0x00000001
core   0: 0x8000b3e8 (0x0000bfe5) c.j     pc - 8
core   0: 3 0x8000b3e8 (0xbfe5)
core   0: 0x8000b3e0 (0x00002f17) auipc   t5, 0x2
core   0: 3 0x8000b3e0 (0x00002f17) x30 0x8000d3e0
core   0: 0x8000b3e4 (0xc23f2023) sw      gp, -992(t5)
core   0: 3 0x8000b3e4 (0xc23f2023) mem 0x8000d000 0x00000001
core   0: 0x8000b3e8 (0x0000bfe5) c.j     pc - 8
core   0: 3 0x8000b3e8 (0xbfe5)
core   0: 0x8000b3e0 (0x00002f17) auipc   t5, 0x2
core   0: 3 0x8000b3e0 (0x00002f17) x30 0x8000d3e0
core   0: 0x8000b3e4 (0xc23f2023) sw      gp, -992(t5)
core   0: 3 0x8000b3e4 (0xc23f2023) mem 0x8000d000 0x00000001
core   0: 0x8000b3e8 (0x0000bfe5) c.j     pc - 8
core   0: 3 0x8000b3e8 (0xbfe5)
core   0: 0x8000b3e0 (0x00002f17) auipc   t5, 0x2
core   0: 3 0x8000b3e0 (0x00002f17) x30 0x8000d3e0
core   0: 0x8000b3e4 (0xc23f2023) sw      gp, -992(t5)
core   0: 3 0x8000b3e4 (0xc23f2023) mem 0x8000d000 0x00000001
core   0: 0x8000b3e8 (0x0000bfe5) c.j     pc - 8
core   0: 3 0x8000b3e8 (0xbfe5)
core   0: 0x8000b3e0 (0x00002f17) auipc   t5, 0x2
core   0: 3 0x8000b3e0 (0x00002f17) x30 0x8000d3e0
core   0: 0x8000b3e4 (0xc23f2023) sw      gp, -992(t5)
core   0: 3 0x8000b3e4 (0xc23f2023) mem 0x8000d000 0x00000001
core   0: 0x8000b3e8 (0x0000bfe5) c.j     pc - 8
core   0: 3 0x8000b3e8 (0xbfe5)
core   0: 0x8000b3e0 (0x00002f17) auipc   t5, 0x2
core   0: 3 0x8000b3e0 (0x00002f17) x30 0x8000d3e0
core   0: 0x8000b3e4 (0xc23f2023) sw      gp, -992(t5)
core   0: 3 0x8000b3e4 (0xc23f2023) mem 0x8000d000 0x00000001
core   0: 0x8000b3e8 (0x0000bfe5) c.j     pc - 8
core   0: 3 0x8000b3e8 (0xbfe5)
core   0: 0x8000b3e0 (0x00002f17) auipc   t5, 0x2
core   0: 3 0x8000b3e0 (0x00002f17) x30 0x8000d3e0
core   0: 0x8000b3e4 (0xc23f2023) sw      gp, -992(t5)
core   0: 3 0x8000b3e4 (0xc23f2023) mem 0x8000d000 0x00000001
core   0: 0x8000b3e8 (0x0000bfe5) c.j     pc - 8
core   0: 3 0x8000b3e8 (0xbfe5)
core   0: 0x8000b3e0 (0x00002f17) auipc   t5, 0x2
core   0: 3 0x8000b3e0 (0x00002f17) x30 0x8000d3e0
core   0: 0x8000b3e4 (0xc23f2023) sw      gp, -992(t5)
core   0: 3 0x8000b3e4 (0xc23f2023) mem 0x8000d000 0x00000001
core   0: 0x8000b3e8 (0x0000bfe5) c.j     pc - 8
core   0: 3 0x8000b3e8 (0xbfe5)
core   0: 0x8000b3e0 (0x00002f17) auipc   t5, 0x2
core   0: 3 0x8000b3e0 (0x00002f17) x30 0x8000d3e0
core   0: 0x8000b3e4 (0xc23f2023) sw      gp, -992(t5)
core   0: 3 0x8000b3e4 (0xc23f2023) mem 0x8000d000 0x00000001
core   0: 0x8000b3e8 (0x0000bfe5) c.j     pc - 8
core   0: 3 0x8000b3e8 (0xbfe5)
core   0: 0x8000b3e0 (0x00002f17) auipc   t5, 0x2
core   0: 3 0x8000b3e0 (0x00002f17) x30 0x8000d3e0
core   0: 0x8000b3e4 (0xc23f2023) sw      gp, -992(t5)
core   0: 3 0x8000b3e4 (0xc23f2023) mem 0x8000d000 0x00000001
core   0: 0x8000b3e8 (0x0000bfe5) c.j     pc - 8
core   0: 3 0x8000b3e8 (0xbfe5)
core   0: 0x8000b3e0 (0x00002f17) auipc   t5, 0x2
core   0: 3 0x8000b3e0 (0x00002f17) x30 0x8000d3e0
core   0: 0x8000b3e4 (0xc23f2023) sw      gp, -992(t5)
core   0: 3 0x8000b3e4 (0xc23f2023) mem 0x8000d000 0x00000001
core   0: 0x8000b3e8 (0x0000bfe5) c.j     pc - 8
core   0: 3 0x8000b3e8 (0xbfe5)
core   0: 0x8000b3e0 (0x00002f17) auipc   t5, 0x2
core   0: 3 0x8000b3e0 (0x00002f17) x30 0x8000d3e0
core   0: 0x8000b3e4 (0xc23f2023) sw      gp, -992(t5)
core   0: 3 0x8000b3e4 (0xc23f2023) mem 0x8000d000 0x00000001
core   0: 0x8000b3e8 (0x0000bfe5) c.j     pc - 8
core   0: 3 0x8000b3e8 (0xbfe5)
core   0: 0x8000b3e0 (0x00002f17) auipc   t5, 0x2
core   0: 3 0x8000b3e0 (0x00002f17) x30 0x8000d3e0
core   0: 0x8000b3e4 (0xc23f2023) sw      gp, -992(t5)
core   0: 3 0x8000b3e4 (0xc23f2023) mem 0x8000d000 0x00000001
core   0: 0x8000b3e8 (0x0000bfe5) c.j     pc - 8
core   0: 3 0x8000b3e8 (0xbfe5)
core   0: 0x8000b3e0 (0x00002f17) auipc   t5, 0x2
core   0: 3 0x8000b3e0 (0x00002f17) x30 0x8000d3e0
core   0: 0x8000b3e4 (0xc23f2023) sw      gp, -992(t5)
core   0: 3 0x8000b3e4 (0xc23f2023) mem 0x8000d000 0x00000001
core   0: 0x8000b3e8 (0x0000bfe5) c.j     pc - 8
core   0: 3 0x8000b3e8 (0xbfe5)
core   0: 0x8000b3e0 (0x00002f17) auipc   t5, 0x2
core   0: 3 0x8000b3e0 (0x00002f17) x30 0x8000d3e0
core   0: 0x8000b3e4 (0xc23f2023) sw      gp, -992(t5)
core   0: 3 0x8000b3e4 (0xc23f2023) mem 0x8000d000 0x00000001
core   0: 0x8000b3e8 (0x0000bfe5) c.j     pc - 8
core   0: 3 0x8000b3e8 (0xbfe5)
core   0: 0x8000b3e0 (0x00002f17) auipc   t5, 0x2
core   0: 3 0x8000b3e0 (0x00002f17) x30 0x8000d3e0
core   0: 0x8000b3e4 (0xc23f2023) sw      gp, -992(t5)
core   0: 3 0x8000b3e4 (0xc23f2023) mem 0x8000d000 0x00000001
core   0: 0x8000b3e8 (0x0000bfe5) c.j     pc - 8
core   0: 3 0x8000b3e8 (0xbfe5)
core   0: 0x8000b3e0 (0x00002f17) auipc   t5, 0x2
core   0: 3 0x8000b3e0 (0x00002f17) x30 0x8000d3e0
core   0: 0x8000b3e4 (0xc23f2023) sw      gp, -992(t5)
core   0: 3 0x8000b3e4 (0xc23f2023) mem 0x8000d000 0x00000001
core   0: 0x8000b3e8 (0x0000bfe5) c.j     pc - 8
core   0: 3 0x8000b3e8 (0xbfe5)
core   0: 0x8000b3e0 (0x00002f17) auipc   t5, 0x2
core   0: 3 0x8000b3e0 (0x00002f17) x30 0x8000d3e0
core   0: 0x8000b3e4 (0xc23f2023) sw      gp, -992(t5)
core   0: 3 0x8000b3e4 (0xc23f2023) mem 0x8000d000 0x00000001
core   0: 0x8000b3e8 (0x0000bfe5) c.j     pc - 8
core   0: 3 0x8000b3e8 (0xbfe5)
core   0: 0x8000b3e0 (0x00002f17) auipc   t5, 0x2
core   0: 3 0x8000b3e0 (0x00002f17) x30 0x8000d3e0
core   0: 0x8000b3e4 (0xc23f2023) sw      gp, -992(t5)
core   0: 3 0x8000b3e4 (0xc23f2023) mem 0x8000d000 0x00000001
core   0: 0x8000b3e8 (0x0000bfe5) c.j     pc - 8
core   0: 3 0x8000b3e8 (0xbfe5)
core   0: 0x8000b3e0 (0x00002f17) auipc   t5, 0x2
core   0: 3 0x8000b3e0 (0x00002f17) x30 0x8000d3e0
core   0: 0x8000b3e4 (0xc23f2023) sw      gp, -992(t5)
core   0: 3 0x8000b3e4 (0xc23f2023) mem 0x8000d000 0x00000001
core   0: 0x8000b3e8 (0x0000bfe5) c.j     pc - 8
core   0: 3 0x8000b3e8 (0xbfe5)
core   0: 0x8000b3e0 (0x00002f17) auipc   t5, 0x2
core   0: 3 0x8000b3e0 (0x00002f17) x30 0x8000d3e0
core   0: 0x8000b3e4 (0xc23f2023) sw      gp, -992(t5)
core   0: 3 0x8000b3e4 (0xc23f2023) mem 0x8000d000 0x00000001
core   0: 0x8000b3e8 (0x0000bfe5) c.j     pc - 8
core   0: 3 0x8000b3e8 (0xbfe5)
core   0: 0x8000b3e0 (0x00002f17) auipc   t5, 0x2
core   0: 3 0x8000b3e0 (0x00002f17) x30 0x8000d3e0
core   0: 0x8000b3e4 (0xc23f2023) sw      gp, -992(t5)
core   0: 3 0x8000b3e4 (0xc23f2023) mem 0x8000d000 0x00000001
core   0: 0x8000b3e8 (0x0000bfe5) c.j     pc - 8
core   0: 3 0x8000b3e8 (0xbfe5)
core   0: 0x8000b3e0 (0x00002f17) auipc   t5, 0x2
core   0: 3 0x8000b3e0 (0x00002f17) x30 0x8000d3e0
core   0: 0x8000b3e4 (0xc23f2023) sw      gp, -992(t5)
core   0: 3 0x8000b3e4 (0xc23f2023) mem 0x8000d000 0x00000001
core   0: 0x8000b3e8 (0x0000bfe5) c.j     pc - 8
core   0: 3 0x8000b3e8 (0xbfe5)
core   0: 0x8000b3e0 (0x00002f17) auipc   t5, 0x2
core   0: 3 0x8000b3e0 (0x00002f17) x30 0x8000d3e0
core   0: 0x8000b3e4 (0xc23f2023) sw      gp, -992(t5)
core   0: 3 0x8000b3e4 (0xc23f2023) mem 0x8000d000 0x00000001
core   0: 0x8000b3e8 (0x0000bfe5) c.j     pc - 8
core   0: 3 0x8000b3e8 (0xbfe5)
core   0: 0x8000b3e0 (0x00002f17) auipc   t5, 0x2
core   0: 3 0x8000b3e0 (0x00002f17) x30 0x8000d3e0
core   0: 0x8000b3e4 (0xc23f2023) sw      gp, -992(t5)
core   0: 3 0x8000b3e4 (0xc23f2023) mem 0x8000d000 0x00000001
core   0: 0x8000b3e8 (0x0000bfe5) c.j     pc - 8
core   0: 3 0x8000b3e8 (0xbfe5)
core   0: 0x8000b3e0 (0x00002f17) auipc   t5, 0x2
core   0: 3 0x8000b3e0 (0x00002f17) x30 0x8000d3e0
core   0: 0x8000b3e4 (0xc23f2023) sw      gp, -992(t5)
core   0: 3 0x8000b3e4 (0xc23f2023) mem 0x8000d000 0x00000001
core   0: 0x8000b3e8 (0x0000bfe5) c.j     pc - 8
core   0: 3 0x8000b3e8 (0xbfe5)
core   0: 0x8000b3e0 (0x00002f17) auipc   t5, 0x2
core   0: 3 0x8000b3e0 (0x00002f17) x30 0x8000d3e0
core   0: 0x8000b3e4 (0xc23f2023) sw      gp, -992(t5)
core   0: 3 0x8000b3e4 (0xc23f2023) mem 0x8000d000 0x00000001
core   0: 0x8000b3e8 (0x0000bfe5) c.j     pc - 8
core   0: 3 0x8000b3e8 (0xbfe5)
core   0: 0x8000b3e0 (0x00002f17) auipc   t5, 0x2
core   0: 3 0x8000b3e0 (0x00002f17) x30 0x8000d3e0
core   0: 0x8000b3e4 (0xc23f2023) sw      gp, -992(t5)
core   0: 3 0x8000b3e4 (0xc23f2023) mem 0x8000d000 0x00000001
core   0: 0x8000b3e8 (0x0000bfe5) c.j     pc - 8
core   0: 3 0x8000b3e8 (0xbfe5)
core   0: 0x8000b3e0 (0x00002f17) auipc   t5, 0x2
core   0: 3 0x8000b3e0 (0x00002f17) x30 0x8000d3e0
core   0: 0x8000b3e4 (0xc23f2023) sw      gp, -992(t5)
core   0: 3 0x8000b3e4 (0xc23f2023) mem 0x8000d000 0x00000001
core   0: 0x8000b3e8 (0x0000bfe5) c.j     pc - 8
core   0: 3 0x8000b3e8 (0xbfe5)
core   0: 0x8000b3e0 (0x00002f17) auipc   t5, 0x2
core   0: 3 0x8000b3e0 (0x00002f17) x30 0x8000d3e0
core   0: 0x8000b3e4 (0xc23f2023) sw      gp, -992(t5)
core   0: 3 0x8000b3e4 (0xc23f2023) mem 0x8000d000 0x00000001
core   0: 0x8000b3e8 (0x0000bfe5) c.j     pc - 8
core   0: 3 0x8000b3e8 (0xbfe5)
core   0: 0x8000b3e0 (0x00002f17) auipc   t5, 0x2
core   0: 3 0x8000b3e0 (0x00002f17) x30 0x8000d3e0
core   0: 0x8000b3e4 (0xc23f2023) sw      gp, -992(t5)
core   0: 3 0x8000b3e4 (0xc23f2023) mem 0x8000d000 0x00000001
core   0: 0x8000b3e8 (0x0000bfe5) c.j     pc - 8
core   0: 3 0x8000b3e8 (0xbfe5)
core   0: 0x8000b3e0 (0x00002f17) auipc   t5, 0x2
core   0: 3 0x8000b3e0 (0x00002f17) x30 0x8000d3e0
core   0: 0x8000b3e4 (0xc23f2023) sw      gp, -992(t5)
core   0: 3 0x8000b3e4 (0xc23f2023) mem 0x8000d000 0x00000001
core   0: 0x8000b3e8 (0x0000bfe5) c.j     pc - 8
core   0: 3 0x8000b3e8 (0xbfe5)
core   0: 0x8000b3e0 (0x00002f17) auipc   t5, 0x2
core   0: 3 0x8000b3e0 (0x00002f17) x30 0x8000d3e0
core   0: 0x8000b3e4 (0xc23f2023) sw      gp, -992(t5)
core   0: 3 0x8000b3e4 (0xc23f2023) mem 0x8000d000 0x00000001
core   0: 0x8000b3e8 (0x0000bfe5) c.j     pc - 8
core   0: 3 0x8000b3e8 (0xbfe5)
core   0: 0x8000b3e0 (0x00002f17) auipc   t5, 0x2
core   0: 3 0x8000b3e0 (0x00002f17) x30 0x8000d3e0
core   0: 0x8000b3e4 (0xc23f2023) sw      gp, -992(t5)
core   0: 3 0x8000b3e4 (0xc23f2023) mem 0x8000d000 0x00000001
core   0: 0x8000b3e8 (0x0000bfe5) c.j     pc - 8
core   0: 3 0x8000b3e8 (0xbfe5)
core   0: 0x8000b3e0 (0x00002f17) auipc   t5, 0x2
core   0: 3 0x8000b3e0 (0x00002f17) x30 0x8000d3e0
core   0: 0x8000b3e4 (0xc23f2023) sw      gp, -992(t5)
core   0: 3 0x8000b3e4 (0xc23f2023) mem 0x8000d000 0x00000001
core   0: 0x8000b3e8 (0x0000bfe5) c.j     pc - 8
core   0: 3 0x8000b3e8 (0xbfe5)
core   0: 0x8000b3e0 (0x00002f17) auipc   t5, 0x2
core   0: 3 0x8000b3e0 (0x00002f17) x30 0x8000d3e0
core   0: 0x8000b3e4 (0xc23f2023) sw      gp, -992(t5)
core   0: 3 0x8000b3e4 (0xc23f2023) mem 0x8000d000 0x00000001
core   0: 0x8000b3e8 (0x0000bfe5) c.j     pc - 8
core   0: 3 0x8000b3e8 (0xbfe5)
core   0: 0x8000b3e0 (0x00002f17) auipc   t5, 0x2
core   0: 3 0x8000b3e0 (0x00002f17) x30 0x8000d3e0
core   0: 0x8000b3e4 (0xc23f2023) sw      gp, -992(t5)
core   0: 3 0x8000b3e4 (0xc23f2023) mem 0x8000d000 0x00000001
core   0: 0x8000b3e8 (0x0000bfe5) c.j     pc - 8
core   0: 3 0x8000b3e8 (0xbfe5)
core   0: 0x8000b3e0 (0x00002f17) auipc   t5, 0x2
core   0: 3 0x8000b3e0 (0x00002f17) x30 0x8000d3e0
core   0: 0x8000b3e4 (0xc23f2023) sw      gp, -992(t5)
core   0: 3 0x8000b3e4 (0xc23f2023) mem 0x8000d000 0x00000001
core   0: 0x8000b3e8 (0x0000bfe5) c.j     pc - 8
core   0: 3 0x8000b3e8 (0xbfe5)
core   0: 0x8000b3e0 (0x00002f17) auipc   t5, 0x2
core   0: 3 0x8000b3e0 (0x00002f17) x30 0x8000d3e0
core   0: 0x8000b3e4 (0xc23f2023) sw      gp, -992(t5)
core   0: 3 0x8000b3e4 (0xc23f2023) mem 0x8000d000 0x00000001
core   0: 0x8000b3e8 (0x0000bfe5) c.j     pc - 8
core   0: 3 0x8000b3e8 (0xbfe5)
core   0: 0x8000b3e0 (0x00002f17) auipc   t5, 0x2
core   0: 3 0x8000b3e0 (0x00002f17) x30 0x8000d3e0
core   0: 0x8000b3e4 (0xc23f2023) sw      gp, -992(t5)
core   0: 3 0x8000b3e4 (0xc23f2023) mem 0x8000d000 0x00000001
core   0: 0x8000b3e8 (0x0000bfe5) c.j     pc - 8
core   0: 3 0x8000b3e8 (0xbfe5)
core   0: 0x8000b3e0 (0x00002f17) auipc   t5, 0x2
core   0: 3 0x8000b3e0 (0x00002f17) x30 0x8000d3e0
core   0: 0x8000b3e4 (0xc23f2023) sw      gp, -992(t5)
core   0: 3 0x8000b3e4 (0xc23f2023) mem 0x8000d000 0x00000001
core   0: 0x8000b3e8 (0x0000bfe5) c.j     pc - 8
core   0: 3 0x8000b3e8 (0xbfe5)
core   0: 0x8000b3e0 (0x00002f17) auipc   t5, 0x2
core   0: 3 0x8000b3e0 (0x00002f17) x30 0x8000d3e0
core   0: 0x8000b3e4 (0xc23f2023) sw      gp, -992(t5)
core   0: 3 0x8000b3e4 (0xc23f2023) mem 0x8000d000 0x00000001
core   0: 0x8000b3e8 (0x0000bfe5) c.j     pc - 8
core   0: 3 0x8000b3e8 (0xbfe5)
core   0: 0x8000b3e0 (0x00002f17) auipc   t5, 0x2
core   0: 3 0x8000b3e0 (0x00002f17) x30 0x8000d3e0
core   0: 0x8000b3e4 (0xc23f2023) sw      gp, -992(t5)
core   0: 3 0x8000b3e4 (0xc23f2023) mem 0x8000d000 0x00000001
core   0: 0x8000b3e8 (0x0000bfe5) c.j     pc - 8
core   0: 3 0x8000b3e8 (0xbfe5)
core   0: 0x8000b3e0 (0x00002f17) auipc   t5, 0x2
core   0: 3 0x8000b3e0 (0x00002f17) x30 0x8000d3e0
core   0: 0x8000b3e4 (0xc23f2023) sw      gp, -992(t5)
core   0: 3 0x8000b3e4 (0xc23f2023) mem 0x8000d000 0x00000001
core   0: 0x8000b3e8 (0x0000bfe5) c.j     pc - 8
core   0: 3 0x8000b3e8 (0xbfe5)
core   0: 0x8000b3e0 (0x00002f17) auipc   t5, 0x2
core   0: 3 0x8000b3e0 (0x00002f17) x30 0x8000d3e0
core   0: 0x8000b3e4 (0xc23f2023) sw      gp, -992(t5)
core   0: 3 0x8000b3e4 (0xc23f2023) mem 0x8000d000 0x00000001
core   0: 0x8000b3e8 (0x0000bfe5) c.j     pc - 8
core   0: 3 0x8000b3e8 (0xbfe5)
core   0: 0x8000b3e0 (0x00002f17) auipc   t5, 0x2
core   0: 3 0x8000b3e0 (0x00002f17) x30 0x8000d3e0
core   0: 0x8000b3e4 (0xc23f2023) sw      gp, -992(t5)
core   0: 3 0x8000b3e4 (0xc23f2023) mem 0x8000d000 0x00000001
core   0: 0x8000b3e8 (0x0000bfe5) c.j     pc - 8
core   0: 3 0x8000b3e8 (0xbfe5)
core   0: 0x8000b3e0 (0x00002f17) auipc   t5, 0x2
core   0: 3 0x8000b3e0 (0x00002f17) x30 0x8000d3e0
core   0: 0x8000b3e4 (0xc23f2023) sw      gp, -992(t5)
core   0: 3 0x8000b3e4 (0xc23f2023) mem 0x8000d000 0x00000001
core   0: 0x8000b3e8 (0x0000bfe5) c.j     pc - 8
core   0: 3 0x8000b3e8 (0xbfe5)
core   0: 0x8000b3e0 (0x00002f17) auipc   t5, 0x2
core   0: 3 0x8000b3e0 (0x00002f17) x30 0x8000d3e0
core   0: 0x8000b3e4 (0xc23f2023) sw      gp, -992(t5)
core   0: 3 0x8000b3e4 (0xc23f2023) mem 0x8000d000 0x00000001
core   0: 0x8000b3e8 (0x0000bfe5) c.j     pc - 8
core   0: 3 0x8000b3e8 (0xbfe5)
core   0: 0x8000b3e0 (0x00002f17) auipc   t5, 0x2
core   0: 3 0x8000b3e0 (0x00002f17) x30 0x8000d3e0
core   0: 0x8000b3e4 (0xc23f2023) sw      gp, -992(t5)
core   0: 3 0x8000b3e4 (0xc23f2023) mem 0x8000d000 0x00000001
core   0: 0x8000b3e8 (0x0000bfe5) c.j     pc - 8
core   0: 3 0x8000b3e8 (0xbfe5)
core   0: 0x8000b3e0 (0x00002f17) auipc   t5, 0x2
core   0: 3 0x8000b3e0 (0x00002f17) x30 0x8000d3e0
core   0: 0x8000b3e4 (0xc23f2023) sw      gp, -992(t5)
core   0: 3 0x8000b3e4 (0xc23f2023) mem 0x8000d000 0x00000001
core   0: 0x8000b3e8 (0x0000bfe5) c.j     pc - 8
core   0: 3 0x8000b3e8 (0xbfe5)
core   0: 0x8000b3e0 (0x00002f17) auipc   t5, 0x2
core   0: 3 0x8000b3e0 (0x00002f17) x30 0x8000d3e0
core   0: 0x8000b3e4 (0xc23f2023) sw      gp, -992(t5)
core   0: 3 0x8000b3e4 (0xc23f2023) mem 0x8000d000 0x00000001
core   0: 0x8000b3e8 (0x0000bfe5) c.j     pc - 8
core   0: 3 0x8000b3e8 (0xbfe5)
core   0: 0x8000b3e0 (0x00002f17) auipc   t5, 0x2
core   0: 3 0x8000b3e0 (0x00002f17) x30 0x8000d3e0
core   0: 0x8000b3e4 (0xc23f2023) sw      gp, -992(t5)
core   0: 3 0x8000b3e4 (0xc23f2023) mem 0x8000d000 0x00000001
core   0: 0x8000b3e8 (0x0000bfe5) c.j     pc - 8
core   0: 3 0x8000b3e8 (0xbfe5)
core   0: 0x8000b3e0 (0x00002f17) auipc   t5, 0x2
core   0: 3 0x8000b3e0 (0x00002f17) x30 0x8000d3e0
core   0: 0x8000b3e4 (0xc23f2023) sw      gp, -992(t5)
core   0: 3 0x8000b3e4 (0xc23f2023) mem 0x8000d000 0x00000001
core   0: 0x8000b3e8 (0x0000bfe5) c.j     pc - 8
core   0: 3 0x8000b3e8 (0xbfe5)
core   0: 0x8000b3e0 (0x00002f17) auipc   t5, 0x2
core   0: 3 0x8000b3e0 (0x00002f17) x30 0x8000d3e0
core   0: 0x8000b3e4 (0xc23f2023) sw      gp, -992(t5)
core   0: 3 0x8000b3e4 (0xc23f2023) mem 0x8000d000 0x00000001
core   0: 0x8000b3e8 (0x0000bfe5) c.j     pc - 8
core   0: 3 0x8000b3e8 (0xbfe5)
core   0: 0x8000b3e0 (0x00002f17) auipc   t5, 0x2
core   0: 3 0x8000b3e0 (0x00002f17) x30 0x8000d3e0
core   0: 0x8000b3e4 (0xc23f2023) sw      gp, -992(t5)
core   0: 3 0x8000b3e4 (0xc23f2023) mem 0x8000d000 0x00000001
core   0: 0x8000b3e8 (0x0000bfe5) c.j     pc - 8
core   0: 3 0x8000b3e8 (0xbfe5)
core   0: 0x8000b3e0 (0x00002f17) auipc   t5, 0x2
core   0: 3 0x8000b3e0 (0x00002f17) x30 0x8000d3e0
core   0: 0x8000b3e4 (0xc23f2023) sw      gp, -992(t5)
core   0: 3 0x8000b3e4 (0xc23f2023) mem 0x8000d000 0x00000001
core   0: 0x8000b3e8 (0x0000bfe5) c.j     pc - 8
core   0: 3 0x8000b3e8 (0xbfe5)
core   0: 0x8000b3e0 (0x00002f17) auipc   t5, 0x2
core   0: 3 0x8000b3e0 (0x00002f17) x30 0x8000d3e0
core   0: 0x8000b3e4 (0xc23f2023) sw      gp, -992(t5)
core   0: 3 0x8000b3e4 (0xc23f2023) mem 0x8000d000 0x00000001
core   0: 0x8000b3e8 (0x0000bfe5) c.j     pc - 8
core   0: 3 0x8000b3e8 (0xbfe5)
core   0: 0x8000b3e0 (0x00002f17) auipc   t5, 0x2
core   0: 3 0x8000b3e0 (0x00002f17) x30 0x8000d3e0
core   0: 0x8000b3e4 (0xc23f2023) sw      gp, -992(t5)
core   0: 3 0x8000b3e4 (0xc23f2023) mem 0x8000d000 0x00000001
core   0: 0x8000b3e8 (0x0000bfe5) c.j     pc - 8
core   0: 3 0x8000b3e8 (0xbfe5)
core   0: 0x8000b3e0 (0x00002f17) auipc   t5, 0x2
core   0: 3 0x8000b3e0 (0x00002f17) x30 0x8000d3e0
core   0: 0x8000b3e4 (0xc23f2023) sw      gp, -992(t5)
core   0: 3 0x8000b3e4 (0xc23f2023) mem 0x8000d000 0x00000001
core   0: 0x8000b3e8 (0x0000bfe5) c.j     pc - 8
core   0: 3 0x8000b3e8 (0xbfe5)
core   0: 0x8000b3e0 (0x00002f17) auipc   t5, 0x2
core   0: 3 0x8000b3e0 (0x00002f17) x30 0x8000d3e0
core   0: 0x8000b3e4 (0xc23f2023) sw      gp, -992(t5)
core   0: 3 0x8000b3e4 (0xc23f2023) mem 0x8000d000 0x00000001
core   0: 0x8000b3e8 (0x0000bfe5) c.j     pc - 8
core   0: 3 0x8000b3e8 (0xbfe5)
core   0: 0x8000b3e0 (0x00002f17) auipc   t5, 0x2
core   0: 3 0x8000b3e0 (0x00002f17) x30 0x8000d3e0
core   0: 0x8000b3e4 (0xc23f2023) sw      gp, -992(t5)
core   0: 3 0x8000b3e4 (0xc23f2023) mem 0x8000d000 0x00000001
core   0: 0x8000b3e8 (0x0000bfe5) c.j     pc - 8
core   0: 3 0x8000b3e8 (0xbfe5)
core   0: 0x8000b3e0 (0x00002f17) auipc   t5, 0x2
core   0: 3 0x8000b3e0 (0x00002f17) x30 0x8000d3e0
core   0: 0x8000b3e4 (0xc23f2023) sw      gp, -992(t5)
core   0: 3 0x8000b3e4 (0xc23f2023) mem 0x8000d000 0x00000001
core   0: 0x8000b3e8 (0x0000bfe5) c.j     pc - 8
core   0: 3 0x8000b3e8 (0xbfe5)
core   0: 0x8000b3e0 (0x00002f17) auipc   t5, 0x2
core   0: 3 0x8000b3e0 (0x00002f17) x30 0x8000d3e0
core   0: 0x8000b3e4 (0xc23f2023) sw      gp, -992(t5)
core   0: 3 0x8000b3e4 (0xc23f2023) mem 0x8000d000 0x00000001
core   0: 0x8000b3e8 (0x0000bfe5) c.j     pc - 8
core   0: 3 0x8000b3e8 (0xbfe5)
core   0: 0x8000b3e0 (0x00002f17) auipc   t5, 0x2
core   0: 3 0x8000b3e0 (0x00002f17) x30 0x8000d3e0
core   0: 0x8000b3e4 (0xc23f2023) sw      gp, -992(t5)
core   0: 3 0x8000b3e4 (0xc23f2023) mem 0x8000d000 0x00000001
core   0: 0x8000b3e8 (0x0000bfe5) c.j     pc - 8
core   0: 3 0x8000b3e8 (0xbfe5)
core   0: 0x8000b3e0 (0x00002f17) auipc   t5, 0x2
core   0: 3 0x8000b3e0 (0x00002f17) x30 0x8000d3e0
core   0: 0x8000b3e4 (0xc23f2023) sw      gp, -992(t5)
core   0: 3 0x8000b3e4 (0xc23f2023) mem 0x8000d000 0x00000001
core   0: 0x8000b3e8 (0x0000bfe5) c.j     pc - 8
core   0: 3 0x8000b3e8 (0xbfe5)
core   0: 0x8000b3e0 (0x00002f17) auipc   t5, 0x2
core   0: 3 0x8000b3e0 (0x00002f17) x30 0x8000d3e0
core   0: 0x8000b3e4 (0xc23f2023) sw      gp, -992(t5)
core   0: 3 0x8000b3e4 (0xc23f2023) mem 0x8000d000 0x00000001
core   0: 0x8000b3e8 (0x0000bfe5) c.j     pc - 8
core   0: 3 0x8000b3e8 (0xbfe5)
core   0: 0x8000b3e0 (0x00002f17) auipc   t5, 0x2
core   0: 3 0x8000b3e0 (0x00002f17) x30 0x8000d3e0
core   0: 0x8000b3e4 (0xc23f2023) sw      gp, -992(t5)
core   0: 3 0x8000b3e4 (0xc23f2023) mem 0x8000d000 0x00000001
core   0: 0x8000b3e8 (0x0000bfe5) c.j     pc - 8
core   0: 3 0x8000b3e8 (0xbfe5)
core   0: 0x8000b3e0 (0x00002f17) auipc   t5, 0x2
core   0: 3 0x8000b3e0 (0x00002f17) x30 0x8000d3e0
core   0: 0x8000b3e4 (0xc23f2023) sw      gp, -992(t5)
core   0: 3 0x8000b3e4 (0xc23f2023) mem 0x8000d000 0x00000001
core   0: 0x8000b3e8 (0x0000bfe5) c.j     pc - 8
core   0: 3 0x8000b3e8 (0xbfe5)
core   0: 0x8000b3e0 (0x00002f17) auipc   t5, 0x2
core   0: 3 0x8000b3e0 (0x00002f17) x30 0x8000d3e0
core   0: 0x8000b3e4 (0xc23f2023) sw      gp, -992(t5)
core   0: 3 0x8000b3e4 (0xc23f2023) mem 0x8000d000 0x00000001
core   0: 0x8000b3e8 (0x0000bfe5) c.j     pc - 8
core   0: 3 0x8000b3e8 (0xbfe5)
core   0: 0x8000b3e0 (0x00002f17) auipc   t5, 0x2
core   0: 3 0x8000b3e0 (0x00002f17) x30 0x8000d3e0
core   0: 0x8000b3e4 (0xc23f2023) sw      gp, -992(t5)
core   0: 3 0x8000b3e4 (0xc23f2023) mem 0x8000d000 0x00000001
core   0: 0x8000b3e8 (0x0000bfe5) c.j     pc - 8
core   0: 3 0x8000b3e8 (0xbfe5)
core   0: 0x8000b3e0 (0x00002f17) auipc   t5, 0x2
core   0: 3 0x8000b3e0 (0x00002f17) x30 0x8000d3e0
core   0: 0x8000b3e4 (0xc23f2023) sw      gp, -992(t5)
core   0: 3 0x8000b3e4 (0xc23f2023) mem 0x8000d000 0x00000001
core   0: 0x8000b3e8 (0x0000bfe5) c.j     pc - 8
core   0: 3 0x8000b3e8 (0xbfe5)
core   0: 0x8000b3e0 (0x00002f17) auipc   t5, 0x2
core   0: 3 0x8000b3e0 (0x00002f17) x30 0x8000d3e0
core   0: 0x8000b3e4 (0xc23f2023) sw      gp, -992(t5)
core   0: 3 0x8000b3e4 (0xc23f2023) mem 0x8000d000 0x00000001
core   0: 0x8000b3e8 (0x0000bfe5) c.j     pc - 8
core   0: 3 0x8000b3e8 (0xbfe5)
core   0: 0x8000b3e0 (0x00002f17) auipc   t5, 0x2
core   0: 3 0x8000b3e0 (0x00002f17) x30 0x8000d3e0
core   0: 0x8000b3e4 (0xc23f2023) sw      gp, -992(t5)
core   0: 3 0x8000b3e4 (0xc23f2023) mem 0x8000d000 0x00000001
core   0: 0x8000b3e8 (0x0000bfe5) c.j     pc - 8
core   0: 3 0x8000b3e8 (0xbfe5)
core   0: 0x8000b3e0 (0x00002f17) auipc   t5, 0x2
core   0: 3 0x8000b3e0 (0x00002f17) x30 0x8000d3e0
core   0: 0x8000b3e4 (0xc23f2023) sw      gp, -992(t5)
core   0: 3 0x8000b3e4 (0xc23f2023) mem 0x8000d000 0x00000001
core   0: 0x8000b3e8 (0x0000bfe5) c.j     pc - 8
core   0: 3 0x8000b3e8 (0xbfe5)
core   0: 0x8000b3e0 (0x00002f17) auipc   t5, 0x2
core   0: 3 0x8000b3e0 (0x00002f17) x30 0x8000d3e0
core   0: 0x8000b3e4 (0xc23f2023) sw      gp, -992(t5)
core   0: 3 0x8000b3e4 (0xc23f2023) mem 0x8000d000 0x00000001
core   0: 0x8000b3e8 (0x0000bfe5) c.j     pc - 8
core   0: 3 0x8000b3e8 (0xbfe5)
core   0: 0x8000b3e0 (0x00002f17) auipc   t5, 0x2
core   0: 3 0x8000b3e0 (0x00002f17) x30 0x8000d3e0
core   0: 0x8000b3e4 (0xc23f2023) sw      gp, -992(t5)
core   0: 3 0x8000b3e4 (0xc23f2023) mem 0x8000d000 0x00000001
core   0: 0x8000b3e8 (0x0000bfe5) c.j     pc - 8
core   0: 3 0x8000b3e8 (0xbfe5)
core   0: 0x8000b3e0 (0x00002f17) auipc   t5, 0x2
core   0: 3 0x8000b3e0 (0x00002f17) x30 0x8000d3e0
core   0: 0x8000b3e4 (0xc23f2023) sw      gp, -992(t5)
core   0: 3 0x8000b3e4 (0xc23f2023) mem 0x8000d000 0x00000001
core   0: 0x8000b3e8 (0x0000bfe5) c.j     pc - 8
core   0: 3 0x8000b3e8 (0xbfe5)
core   0: 0x8000b3e0 (0x00002f17) auipc   t5, 0x2
core   0: 3 0x8000b3e0 (0x00002f17) x30 0x8000d3e0
core   0: 0x8000b3e4 (0xc23f2023) sw      gp, -992(t5)
core   0: 3 0x8000b3e4 (0xc23f2023) mem 0x8000d000 0x00000001
core   0: 0x8000b3e8 (0x0000bfe5) c.j     pc - 8
core   0: 3 0x8000b3e8 (0xbfe5)
core   0: 0x8000b3e0 (0x00002f17) auipc   t5, 0x2
core   0: 3 0x8000b3e0 (0x00002f17) x30 0x8000d3e0
core   0: 0x8000b3e4 (0xc23f2023) sw      gp, -992(t5)
core   0: 3 0x8000b3e4 (0xc23f2023) mem 0x8000d000 0x00000001
core   0: 0x8000b3e8 (0x0000bfe5) c.j     pc - 8
core   0: 3 0x8000b3e8 (0xbfe5)
core   0: 0x8000b3e0 (0x00002f17) auipc   t5, 0x2
core   0: 3 0x8000b3e0 (0x00002f17) x30 0x8000d3e0
core   0: 0x8000b3e4 (0xc23f2023) sw      gp, -992(t5)
core   0: 3 0x8000b3e4 (0xc23f2023) mem 0x8000d000 0x00000001
core   0: 0x8000b3e8 (0x0000bfe5) c.j     pc - 8
core   0: 3 0x8000b3e8 (0xbfe5)
core   0: 0x8000b3e0 (0x00002f17) auipc   t5, 0x2
core   0: 3 0x8000b3e0 (0x00002f17) x30 0x8000d3e0
core   0: 0x8000b3e4 (0xc23f2023) sw      gp, -992(t5)
core   0: 3 0x8000b3e4 (0xc23f2023) mem 0x8000d000 0x00000001
core   0: 0x8000b3e8 (0x0000bfe5) c.j     pc - 8
core   0: 3 0x8000b3e8 (0xbfe5)
core   0: 0x8000b3e0 (0x00002f17) auipc   t5, 0x2
core   0: 3 0x8000b3e0 (0x00002f17) x30 0x8000d3e0
core   0: 0x8000b3e4 (0xc23f2023) sw      gp, -992(t5)
core   0: 3 0x8000b3e4 (0xc23f2023) mem 0x8000d000 0x00000001
core   0: 0x8000b3e8 (0x0000bfe5) c.j     pc - 8
core   0: 3 0x8000b3e8 (0xbfe5)
core   0: 0x8000b3e0 (0x00002f17) auipc   t5, 0x2
core   0: 3 0x8000b3e0 (0x00002f17) x30 0x8000d3e0
core   0: 0x8000b3e4 (0xc23f2023) sw      gp, -992(t5)
core   0: 3 0x8000b3e4 (0xc23f2023) mem 0x8000d000 0x00000001
core   0: 0x8000b3e8 (0x0000bfe5) c.j     pc - 8
core   0: 3 0x8000b3e8 (0xbfe5)
core   0: 0x8000b3e0 (0x00002f17) auipc   t5, 0x2
core   0: 3 0x8000b3e0 (0x00002f17) x30 0x8000d3e0
core   0: 0x8000b3e4 (0xc23f2023) sw      gp, -992(t5)
core   0: 3 0x8000b3e4 (0xc23f2023) mem 0x8000d000 0x00000001
core   0: 0x8000b3e8 (0x0000bfe5) c.j     pc - 8
core   0: 3 0x8000b3e8 (0xbfe5)
core   0: 0x8000b3e0 (0x00002f17) auipc   t5, 0x2
core   0: 3 0x8000b3e0 (0x00002f17) x30 0x8000d3e0
core   0: 0x8000b3e4 (0xc23f2023) sw      gp, -992(t5)
core   0: 3 0x8000b3e4 (0xc23f2023) mem 0x8000d000 0x00000001
core   0: 0x8000b3e8 (0x0000bfe5) c.j     pc - 8
core   0: 3 0x8000b3e8 (0xbfe5)
core   0: 0x8000b3e0 (0x00002f17) auipc   t5, 0x2
core   0: 3 0x8000b3e0 (0x00002f17) x30 0x8000d3e0
core   0: 0x8000b3e4 (0xc23f2023) sw      gp, -992(t5)
core   0: 3 0x8000b3e4 (0xc23f2023) mem 0x8000d000 0x00000001
core   0: 0x8000b3e8 (0x0000bfe5) c.j     pc - 8
core   0: 3 0x8000b3e8 (0xbfe5)
core   0: 0x8000b3e0 (0x00002f17) auipc   t5, 0x2
core   0: 3 0x8000b3e0 (0x00002f17) x30 0x8000d3e0
core   0: 0x8000b3e4 (0xc23f2023) sw      gp, -992(t5)
core   0: 3 0x8000b3e4 (0xc23f2023) mem 0x8000d000 0x00000001
core   0: 0x8000b3e8 (0x0000bfe5) c.j     pc - 8
core   0: 3 0x8000b3e8 (0xbfe5)
core   0: 0x8000b3e0 (0x00002f17) auipc   t5, 0x2
core   0: 3 0x8000b3e0 (0x00002f17) x30 0x8000d3e0
core   0: 0x8000b3e4 (0xc23f2023) sw      gp, -992(t5)
core   0: 3 0x8000b3e4 (0xc23f2023) mem 0x8000d000 0x00000001
core   0: 0x8000b3e8 (0x0000bfe5) c.j     pc - 8
core   0: 3 0x8000b3e8 (0xbfe5)
core   0: 0x8000b3e0 (0x00002f17) auipc   t5, 0x2
core   0: 3 0x8000b3e0 (0x00002f17) x30 0x8000d3e0
core   0: 0x8000b3e4 (0xc23f2023) sw      gp, -992(t5)
core   0: 3 0x8000b3e4 (0xc23f2023) mem 0x8000d000 0x00000001
core   0: 0x8000b3e8 (0x0000bfe5) c.j     pc - 8
core   0: 3 0x8000b3e8 (0xbfe5)
core   0: 0x8000b3e0 (0x00002f17) auipc   t5, 0x2
core   0: 3 0x8000b3e0 (0x00002f17) x30 0x8000d3e0
core   0: 0x8000b3e4 (0xc23f2023) sw      gp, -992(t5)
core   0: 3 0x8000b3e4 (0xc23f2023) mem 0x8000d000 0x00000001
core   0: 0x8000b3e8 (0x0000bfe5) c.j     pc - 8
core   0: 3 0x8000b3e8 (0xbfe5)
core   0: 0x8000b3e0 (0x00002f17) auipc   t5, 0x2
core   0: 3 0x8000b3e0 (0x00002f17) x30 0x8000d3e0
core   0: 0x8000b3e4 (0xc23f2023) sw      gp, -992(t5)
core   0: 3 0x8000b3e4 (0xc23f2023) mem 0x8000d000 0x00000001
core   0: 0x8000b3e8 (0x0000bfe5) c.j     pc - 8
core   0: 3 0x8000b3e8 (0xbfe5)
core   0: 0x8000b3e0 (0x00002f17) auipc   t5, 0x2
core   0: 3 0x8000b3e0 (0x00002f17) x30 0x8000d3e0
core   0: 0x8000b3e4 (0xc23f2023) sw      gp, -992(t5)
core   0: 3 0x8000b3e4 (0xc23f2023) mem 0x8000d000 0x00000001
core   0: 0x8000b3e8 (0x0000bfe5) c.j     pc - 8
core   0: 3 0x8000b3e8 (0xbfe5)
core   0: 0x8000b3e0 (0x00002f17) auipc   t5, 0x2
core   0: 3 0x8000b3e0 (0x00002f17) x30 0x8000d3e0
core   0: 0x8000b3e4 (0xc23f2023) sw      gp, -992(t5)
core   0: 3 0x8000b3e4 (0xc23f2023) mem 0x8000d000 0x00000001
core   0: 0x8000b3e8 (0x0000bfe5) c.j     pc - 8
core   0: 3 0x8000b3e8 (0xbfe5)
core   0: 0x8000b3e0 (0x00002f17) auipc   t5, 0x2
core   0: 3 0x8000b3e0 (0x00002f17) x30 0x8000d3e0
core   0: 0x8000b3e4 (0xc23f2023) sw      gp, -992(t5)
core   0: 3 0x8000b3e4 (0xc23f2023) mem 0x8000d000 0x00000001
core   0: 0x8000b3e8 (0x0000bfe5) c.j     pc - 8
core   0: 3 0x8000b3e8 (0xbfe5)
core   0: 0x8000b3e0 (0x00002f17) auipc   t5, 0x2
core   0: 3 0x8000b3e0 (0x00002f17) x30 0x8000d3e0
core   0: 0x8000b3e4 (0xc23f2023) sw      gp, -992(t5)
core   0: 3 0x8000b3e4 (0xc23f2023) mem 0x8000d000 0x00000001
core   0: 0x8000b3e8 (0x0000bfe5) c.j     pc - 8
core   0: 3 0x8000b3e8 (0xbfe5)
core   0: 0x8000b3e0 (0x00002f17) auipc   t5, 0x2
core   0: 3 0x8000b3e0 (0x00002f17) x30 0x8000d3e0
core   0: 0x8000b3e4 (0xc23f2023) sw      gp, -992(t5)
core   0: 3 0x8000b3e4 (0xc23f2023) mem 0x8000d000 0x00000001
core   0: 0x8000b3e8 (0x0000bfe5) c.j     pc - 8
core   0: 3 0x8000b3e8 (0xbfe5)
core   0: 0x8000b3e0 (0x00002f17) auipc   t5, 0x2
core   0: 3 0x8000b3e0 (0x00002f17) x30 0x8000d3e0
core   0: 0x8000b3e4 (0xc23f2023) sw      gp, -992(t5)
core   0: 3 0x8000b3e4 (0xc23f2023) mem 0x8000d000 0x00000001
core   0: 0x8000b3e8 (0x0000bfe5) c.j     pc - 8
core   0: 3 0x8000b3e8 (0xbfe5)
core   0: 0x8000b3e0 (0x00002f17) auipc   t5, 0x2
core   0: 3 0x8000b3e0 (0x00002f17) x30 0x8000d3e0
core   0: 0x8000b3e4 (0xc23f2023) sw      gp, -992(t5)
core   0: 3 0x8000b3e4 (0xc23f2023) mem 0x8000d000 0x00000001
core   0: 0x8000b3e8 (0x0000bfe5) c.j     pc - 8
core   0: 3 0x8000b3e8 (0xbfe5)
core   0: 0x8000b3e0 (0x00002f17) auipc   t5, 0x2
core   0: 3 0x8000b3e0 (0x00002f17) x30 0x8000d3e0
core   0: 0x8000b3e4 (0xc23f2023) sw      gp, -992(t5)
core   0: 3 0x8000b3e4 (0xc23f2023) mem 0x8000d000 0x00000001
core   0: 0x8000b3e8 (0x0000bfe5) c.j     pc - 8
core   0: 3 0x8000b3e8 (0xbfe5)
core   0: 0x8000b3e0 (0x00002f17) auipc   t5, 0x2
core   0: 3 0x8000b3e0 (0x00002f17) x30 0x8000d3e0
core   0: 0x8000b3e4 (0xc23f2023) sw      gp, -992(t5)
core   0: 3 0x8000b3e4 (0xc23f2023) mem 0x8000d000 0x00000001
core   0: 0x8000b3e8 (0x0000bfe5) c.j     pc - 8
core   0: 3 0x8000b3e8 (0xbfe5)
core   0: 0x8000b3e0 (0x00002f17) auipc   t5, 0x2
core   0: 3 0x8000b3e0 (0x00002f17) x30 0x8000d3e0
core   0: 0x8000b3e4 (0xc23f2023) sw      gp, -992(t5)
core   0: 3 0x8000b3e4 (0xc23f2023) mem 0x8000d000 0x00000001
core   0: 0x8000b3e8 (0x0000bfe5) c.j     pc - 8
core   0: 3 0x8000b3e8 (0xbfe5)
core   0: 0x8000b3e0 (0x00002f17) auipc   t5, 0x2
core   0: 3 0x8000b3e0 (0x00002f17) x30 0x8000d3e0
core   0: 0x8000b3e4 (0xc23f2023) sw      gp, -992(t5)
core   0: 3 0x8000b3e4 (0xc23f2023) mem 0x8000d000 0x00000001
core   0: 0x8000b3e8 (0x0000bfe5) c.j     pc - 8
core   0: 3 0x8000b3e8 (0xbfe5)
core   0: 0x8000b3e0 (0x00002f17) auipc   t5, 0x2
core   0: 3 0x8000b3e0 (0x00002f17) x30 0x8000d3e0
core   0: 0x8000b3e4 (0xc23f2023) sw      gp, -992(t5)
core   0: 3 0x8000b3e4 (0xc23f2023) mem 0x8000d000 0x00000001
core   0: 0x8000b3e8 (0x0000bfe5) c.j     pc - 8
core   0: 3 0x8000b3e8 (0xbfe5)
core   0: 0x8000b3e0 (0x00002f17) auipc   t5, 0x2
core   0: 3 0x8000b3e0 (0x00002f17) x30 0x8000d3e0
core   0: 0x8000b3e4 (0xc23f2023) sw      gp, -992(t5)
core   0: 3 0x8000b3e4 (0xc23f2023) mem 0x8000d000 0x00000001
core   0: 0x8000b3e8 (0x0000bfe5) c.j     pc - 8
core   0: 3 0x8000b3e8 (0xbfe5)
core   0: 0x8000b3e0 (0x00002f17) auipc   t5, 0x2
core   0: 3 0x8000b3e0 (0x00002f17) x30 0x8000d3e0
core   0: 0x8000b3e4 (0xc23f2023) sw      gp, -992(t5)
core   0: 3 0x8000b3e4 (0xc23f2023) mem 0x8000d000 0x00000001
core   0: 0x8000b3e8 (0x0000bfe5) c.j     pc - 8
core   0: 3 0x8000b3e8 (0xbfe5)
core   0: 0x8000b3e0 (0x00002f17) auipc   t5, 0x2
core   0: 3 0x8000b3e0 (0x00002f17) x30 0x8000d3e0
core   0: 0x8000b3e4 (0xc23f2023) sw      gp, -992(t5)
core   0: 3 0x8000b3e4 (0xc23f2023) mem 0x8000d000 0x00000001
core   0: 0x8000b3e8 (0x0000bfe5) c.j     pc - 8
core   0: 3 0x8000b3e8 (0xbfe5)
core   0: 0x8000b3e0 (0x00002f17) auipc   t5, 0x2
core   0: 3 0x8000b3e0 (0x00002f17) x30 0x8000d3e0
core   0: 0x8000b3e4 (0xc23f2023) sw      gp, -992(t5)
core   0: 3 0x8000b3e4 (0xc23f2023) mem 0x8000d000 0x00000001
core   0: 0x8000b3e8 (0x0000bfe5) c.j     pc - 8
core   0: 3 0x8000b3e8 (0xbfe5)
core   0: 0x8000b3e0 (0x00002f17) auipc   t5, 0x2
core   0: 3 0x8000b3e0 (0x00002f17) x30 0x8000d3e0
core   0: 0x8000b3e4 (0xc23f2023) sw      gp, -992(t5)
core   0: 3 0x8000b3e4 (0xc23f2023) mem 0x8000d000 0x00000001
core   0: 0x8000b3e8 (0x0000bfe5) c.j     pc - 8
core   0: 3 0x8000b3e8 (0xbfe5)
core   0: 0x8000b3e0 (0x00002f17) auipc   t5, 0x2
core   0: 3 0x8000b3e0 (0x00002f17) x30 0x8000d3e0
core   0: 0x8000b3e4 (0xc23f2023) sw      gp, -992(t5)
core   0: 3 0x8000b3e4 (0xc23f2023) mem 0x8000d000 0x00000001
core   0: 0x8000b3e8 (0x0000bfe5) c.j     pc - 8
core   0: 3 0x8000b3e8 (0xbfe5)
core   0: 0x8000b3e0 (0x00002f17) auipc   t5, 0x2
core   0: 3 0x8000b3e0 (0x00002f17) x30 0x8000d3e0
core   0: 0x8000b3e4 (0xc23f2023) sw      gp, -992(t5)
core   0: 3 0x8000b3e4 (0xc23f2023) mem 0x8000d000 0x00000001
core   0: 0x8000b3e8 (0x0000bfe5) c.j     pc - 8
core   0: 3 0x8000b3e8 (0xbfe5)
core   0: 0x8000b3e0 (0x00002f17) auipc   t5, 0x2
core   0: 3 0x8000b3e0 (0x00002f17) x30 0x8000d3e0
core   0: 0x8000b3e4 (0xc23f2023) sw      gp, -992(t5)
core   0: 3 0x8000b3e4 (0xc23f2023) mem 0x8000d000 0x00000001
core   0: 0x8000b3e8 (0x0000bfe5) c.j     pc - 8
core   0: 3 0x8000b3e8 (0xbfe5)
core   0: 0x8000b3e0 (0x00002f17) auipc   t5, 0x2
core   0: 3 0x8000b3e0 (0x00002f17) x30 0x8000d3e0
core   0: 0x8000b3e4 (0xc23f2023) sw      gp, -992(t5)
core   0: 3 0x8000b3e4 (0xc23f2023) mem 0x8000d000 0x00000001
core   0: 0x8000b3e8 (0x0000bfe5) c.j     pc - 8
core   0: 3 0x8000b3e8 (0xbfe5)
core   0: 0x8000b3e0 (0x00002f17) auipc   t5, 0x2
core   0: 3 0x8000b3e0 (0x00002f17) x30 0x8000d3e0
core   0: 0x8000b3e4 (0xc23f2023) sw      gp, -992(t5)
core   0: 3 0x8000b3e4 (0xc23f2023) mem 0x8000d000 0x00000001
core   0: 0x8000b3e8 (0x0000bfe5) c.j     pc - 8
core   0: 3 0x8000b3e8 (0xbfe5)
core   0: 0x8000b3e0 (0x00002f17) auipc   t5, 0x2
core   0: 3 0x8000b3e0 (0x00002f17) x30 0x8000d3e0
core   0: 0x8000b3e4 (0xc23f2023) sw      gp, -992(t5)
core   0: 3 0x8000b3e4 (0xc23f2023) mem 0x8000d000 0x00000001
core   0: 0x8000b3e8 (0x0000bfe5) c.j     pc - 8
core   0: 3 0x8000b3e8 (0xbfe5)
core   0: 0x8000b3e0 (0x00002f17) auipc   t5, 0x2
core   0: 3 0x8000b3e0 (0x00002f17) x30 0x8000d3e0
core   0: 0x8000b3e4 (0xc23f2023) sw      gp, -992(t5)
core   0: 3 0x8000b3e4 (0xc23f2023) mem 0x8000d000 0x00000001
core   0: 0x8000b3e8 (0x0000bfe5) c.j     pc - 8
core   0: 3 0x8000b3e8 (0xbfe5)
core   0: 0x8000b3e0 (0x00002f17) auipc   t5, 0x2
core   0: 3 0x8000b3e0 (0x00002f17) x30 0x8000d3e0
core   0: 0x8000b3e4 (0xc23f2023) sw      gp, -992(t5)
core   0: 3 0x8000b3e4 (0xc23f2023) mem 0x8000d000 0x00000001
core   0: 0x8000b3e8 (0x0000bfe5) c.j     pc - 8
core   0: 3 0x8000b3e8 (0xbfe5)
core   0: 0x8000b3e0 (0x00002f17) auipc   t5, 0x2
core   0: 3 0x8000b3e0 (0x00002f17) x30 0x8000d3e0
core   0: 0x8000b3e4 (0xc23f2023) sw      gp, -992(t5)
core   0: 3 0x8000b3e4 (0xc23f2023) mem 0x8000d000 0x00000001
core   0: 0x8000b3e8 (0x0000bfe5) c.j     pc - 8
core   0: 3 0x8000b3e8 (0xbfe5)
core   0: 0x8000b3e0 (0x00002f17) auipc   t5, 0x2
core   0: 3 0x8000b3e0 (0x00002f17) x30 0x8000d3e0
core   0: 0x8000b3e4 (0xc23f2023) sw      gp, -992(t5)
core   0: 3 0x8000b3e4 (0xc23f2023) mem 0x8000d000 0x00000001
core   0: 0x8000b3e8 (0x0000bfe5) c.j     pc - 8
core   0: 3 0x8000b3e8 (0xbfe5)
core   0: 0x8000b3e0 (0x00002f17) auipc   t5, 0x2
core   0: 3 0x8000b3e0 (0x00002f17) x30 0x8000d3e0
core   0: 0x8000b3e4 (0xc23f2023) sw      gp, -992(t5)
core   0: 3 0x8000b3e4 (0xc23f2023) mem 0x8000d000 0x00000001
core   0: 0x8000b3e8 (0x0000bfe5) c.j     pc - 8
core   0: 3 0x8000b3e8 (0xbfe5)
core   0: 0x8000b3e0 (0x00002f17) auipc   t5, 0x2
core   0: 3 0x8000b3e0 (0x00002f17) x30 0x8000d3e0
core   0: 0x8000b3e4 (0xc23f2023) sw      gp, -992(t5)
core   0: 3 0x8000b3e4 (0xc23f2023) mem 0x8000d000 0x00000001
core   0: 0x8000b3e8 (0x0000bfe5) c.j     pc - 8
core   0: 3 0x8000b3e8 (0xbfe5)
core   0: 0x8000b3e0 (0x00002f17) auipc   t5, 0x2
core   0: 3 0x8000b3e0 (0x00002f17) x30 0x8000d3e0
core   0: 0x8000b3e4 (0xc23f2023) sw      gp, -992(t5)
core   0: 3 0x8000b3e4 (0xc23f2023) mem 0x8000d000 0x00000001
core   0: 0x8000b3e8 (0x0000bfe5) c.j     pc - 8
core   0: 3 0x8000b3e8 (0xbfe5)
core   0: 0x8000b3e0 (0x00002f17) auipc   t5, 0x2
core   0: 3 0x8000b3e0 (0x00002f17) x30 0x8000d3e0
core   0: 0x8000b3e4 (0xc23f2023) sw      gp, -992(t5)
core   0: 3 0x8000b3e4 (0xc23f2023) mem 0x8000d000 0x00000001
core   0: 0x8000b3e8 (0x0000bfe5) c.j     pc - 8
core   0: 3 0x8000b3e8 (0xbfe5)
core   0: 0x8000b3e0 (0x00002f17) auipc   t5, 0x2
core   0: 3 0x8000b3e0 (0x00002f17) x30 0x8000d3e0
core   0: 0x8000b3e4 (0xc23f2023) sw      gp, -992(t5)
core   0: 3 0x8000b3e4 (0xc23f2023) mem 0x8000d000 0x00000001
core   0: 0x8000b3e8 (0x0000bfe5) c.j     pc - 8
core   0: 3 0x8000b3e8 (0xbfe5)
core   0: 0x8000b3e0 (0x00002f17) auipc   t5, 0x2
core   0: 3 0x8000b3e0 (0x00002f17) x30 0x8000d3e0
core   0: 0x8000b3e4 (0xc23f2023) sw      gp, -992(t5)
core   0: 3 0x8000b3e4 (0xc23f2023) mem 0x8000d000 0x00000001
core   0: 0x8000b3e8 (0x0000bfe5) c.j     pc - 8
core   0: 3 0x8000b3e8 (0xbfe5)
core   0: 0x8000b3e0 (0x00002f17) auipc   t5, 0x2
core   0: 3 0x8000b3e0 (0x00002f17) x30 0x8000d3e0
core   0: 0x8000b3e4 (0xc23f2023) sw      gp, -992(t5)
core   0: 3 0x8000b3e4 (0xc23f2023) mem 0x8000d000 0x00000001
core   0: 0x8000b3e8 (0x0000bfe5) c.j     pc - 8
core   0: 3 0x8000b3e8 (0xbfe5)
core   0: 0x8000b3e0 (0x00002f17) auipc   t5, 0x2
core   0: 3 0x8000b3e0 (0x00002f17) x30 0x8000d3e0
core   0: 0x8000b3e4 (0xc23f2023) sw      gp, -992(t5)
core   0: 3 0x8000b3e4 (0xc23f2023) mem 0x8000d000 0x00000001
core   0: 0x8000b3e8 (0x0000bfe5) c.j     pc - 8
core   0: 3 0x8000b3e8 (0xbfe5)
core   0: 0x8000b3e0 (0x00002f17) auipc   t5, 0x2
core   0: 3 0x8000b3e0 (0x00002f17) x30 0x8000d3e0
core   0: 0x8000b3e4 (0xc23f2023) sw      gp, -992(t5)
core   0: 3 0x8000b3e4 (0xc23f2023) mem 0x8000d000 0x00000001
core   0: 0x8000b3e8 (0x0000bfe5) c.j     pc - 8
core   0: 3 0x8000b3e8 (0xbfe5)
core   0: 0x8000b3e0 (0x00002f17) auipc   t5, 0x2
core   0: 3 0x8000b3e0 (0x00002f17) x30 0x8000d3e0
core   0: 0x8000b3e4 (0xc23f2023) sw      gp, -992(t5)
core   0: 3 0x8000b3e4 (0xc23f2023) mem 0x8000d000 0x00000001
core   0: 0x8000b3e8 (0x0000bfe5) c.j     pc - 8
core   0: 3 0x8000b3e8 (0xbfe5)
core   0: 0x8000b3e0 (0x00002f17) auipc   t5, 0x2
core   0: 3 0x8000b3e0 (0x00002f17) x30 0x8000d3e0
core   0: 0x8000b3e4 (0xc23f2023) sw      gp, -992(t5)
core   0: 3 0x8000b3e4 (0xc23f2023) mem 0x8000d000 0x00000001
core   0: 0x8000b3e8 (0x0000bfe5) c.j     pc - 8
core   0: 3 0x8000b3e8 (0xbfe5)
core   0: 0x8000b3e0 (0x00002f17) auipc   t5, 0x2
core   0: 3 0x8000b3e0 (0x00002f17) x30 0x8000d3e0
core   0: 0x8000b3e4 (0xc23f2023) sw      gp, -992(t5)
core   0: 3 0x8000b3e4 (0xc23f2023) mem 0x8000d000 0x00000001
core   0: 0x8000b3e8 (0x0000bfe5) c.j     pc - 8
core   0: 3 0x8000b3e8 (0xbfe5)
core   0: 0x8000b3e0 (0x00002f17) auipc   t5, 0x2
core   0: 3 0x8000b3e0 (0x00002f17) x30 0x8000d3e0
core   0: 0x8000b3e4 (0xc23f2023) sw      gp, -992(t5)
core   0: 3 0x8000b3e4 (0xc23f2023) mem 0x8000d000 0x00000001
core   0: 0x8000b3e8 (0x0000bfe5) c.j     pc - 8
core   0: 3 0x8000b3e8 (0xbfe5)
core   0: 0x8000b3e0 (0x00002f17) auipc   t5, 0x2
core   0: 3 0x8000b3e0 (0x00002f17) x30 0x8000d3e0
core   0: 0x8000b3e4 (0xc23f2023) sw      gp, -992(t5)
core   0: 3 0x8000b3e4 (0xc23f2023) mem 0x8000d000 0x00000001
core   0: 0x8000b3e8 (0x0000bfe5) c.j     pc - 8
core   0: 3 0x8000b3e8 (0xbfe5)
core   0: 0x8000b3e0 (0x00002f17) auipc   t5, 0x2
core   0: 3 0x8000b3e0 (0x00002f17) x30 0x8000d3e0
core   0: 0x8000b3e4 (0xc23f2023) sw      gp, -992(t5)
core   0: 3 0x8000b3e4 (0xc23f2023) mem 0x8000d000 0x00000001
core   0: 0x8000b3e8 (0x0000bfe5) c.j     pc - 8
core   0: 3 0x8000b3e8 (0xbfe5)
core   0: 0x8000b3e0 (0x00002f17) auipc   t5, 0x2
core   0: 3 0x8000b3e0 (0x00002f17) x30 0x8000d3e0
core   0: 0x8000b3e4 (0xc23f2023) sw      gp, -992(t5)
core   0: 3 0x8000b3e4 (0xc23f2023) mem 0x8000d000 0x00000001
core   0: 0x8000b3e8 (0x0000bfe5) c.j     pc - 8
core   0: 3 0x8000b3e8 (0xbfe5)
core   0: 0x8000b3e0 (0x00002f17) auipc   t5, 0x2
core   0: 3 0x8000b3e0 (0x00002f17) x30 0x8000d3e0
core   0: 0x8000b3e4 (0xc23f2023) sw      gp, -992(t5)
core   0: 3 0x8000b3e4 (0xc23f2023) mem 0x8000d000 0x00000001
core   0: 0x8000b3e8 (0x0000bfe5) c.j     pc - 8
core   0: 3 0x8000b3e8 (0xbfe5)
core   0: 0x8000b3e0 (0x00002f17) auipc   t5, 0x2
core   0: 3 0x8000b3e0 (0x00002f17) x30 0x8000d3e0
core   0: 0x8000b3e4 (0xc23f2023) sw      gp, -992(t5)
core   0: 3 0x8000b3e4 (0xc23f2023) mem 0x8000d000 0x00000001
core   0: 0x8000b3e8 (0x0000bfe5) c.j     pc - 8
core   0: 3 0x8000b3e8 (0xbfe5)
core   0: 0x8000b3e0 (0x00002f17) auipc   t5, 0x2
core   0: 3 0x8000b3e0 (0x00002f17) x30 0x8000d3e0
core   0: 0x8000b3e4 (0xc23f2023) sw      gp, -992(t5)
core   0: 3 0x8000b3e4 (0xc23f2023) mem 0x8000d000 0x00000001
core   0: 0x8000b3e8 (0x0000bfe5) c.j     pc - 8
core   0: 3 0x8000b3e8 (0xbfe5)
core   0: 0x8000b3e0 (0x00002f17) auipc   t5, 0x2
core   0: 3 0x8000b3e0 (0x00002f17) x30 0x8000d3e0
core   0: 0x8000b3e4 (0xc23f2023) sw      gp, -992(t5)
core   0: 3 0x8000b3e4 (0xc23f2023) mem 0x8000d000 0x00000001
core   0: 0x8000b3e8 (0x0000bfe5) c.j     pc - 8
core   0: 3 0x8000b3e8 (0xbfe5)
core   0: 0x8000b3e0 (0x00002f17) auipc   t5, 0x2
core   0: 3 0x8000b3e0 (0x00002f17) x30 0x8000d3e0
core   0: 0x8000b3e4 (0xc23f2023) sw      gp, -992(t5)
core   0: 3 0x8000b3e4 (0xc23f2023) mem 0x8000d000 0x00000001
core   0: 0x8000b3e8 (0x0000bfe5) c.j     pc - 8
core   0: 3 0x8000b3e8 (0xbfe5)
core   0: 0x8000b3e0 (0x00002f17) auipc   t5, 0x2
core   0: 3 0x8000b3e0 (0x00002f17) x30 0x8000d3e0
core   0: 0x8000b3e4 (0xc23f2023) sw      gp, -992(t5)
core   0: 3 0x8000b3e4 (0xc23f2023) mem 0x8000d000 0x00000001
core   0: 0x8000b3e8 (0x0000bfe5) c.j     pc - 8
core   0: 3 0x8000b3e8 (0xbfe5)
core   0: 0x8000b3e0 (0x00002f17) auipc   t5, 0x2
core   0: 3 0x8000b3e0 (0x00002f17) x30 0x8000d3e0
core   0: 0x8000b3e4 (0xc23f2023) sw      gp, -992(t5)
core   0: 3 0x8000b3e4 (0xc23f2023) mem 0x8000d000 0x00000001
core   0: 0x8000b3e8 (0x0000bfe5) c.j     pc - 8
core   0: 3 0x8000b3e8 (0xbfe5)
core   0: 0x8000b3e0 (0x00002f17) auipc   t5, 0x2
core   0: 3 0x8000b3e0 (0x00002f17) x30 0x8000d3e0
core   0: 0x8000b3e4 (0xc23f2023) sw      gp, -992(t5)
core   0: 3 0x8000b3e4 (0xc23f2023) mem 0x8000d000 0x00000001
core   0: 0x8000b3e8 (0x0000bfe5) c.j     pc - 8
core   0: 3 0x8000b3e8 (0xbfe5)
core   0: 0x8000b3e0 (0x00002f17) auipc   t5, 0x2
core   0: 3 0x8000b3e0 (0x00002f17) x30 0x8000d3e0
core   0: 0x8000b3e4 (0xc23f2023) sw      gp, -992(t5)
core   0: 3 0x8000b3e4 (0xc23f2023) mem 0x8000d000 0x00000001
core   0: 0x8000b3e8 (0x0000bfe5) c.j     pc - 8
core   0: 3 0x8000b3e8 (0xbfe5)
core   0: 0x8000b3e0 (0x00002f17) auipc   t5, 0x2
core   0: 3 0x8000b3e0 (0x00002f17) x30 0x8000d3e0
core   0: 0x8000b3e4 (0xc23f2023) sw      gp, -992(t5)
core   0: 3 0x8000b3e4 (0xc23f2023) mem 0x8000d000 0x00000001
core   0: 0x8000b3e8 (0x0000bfe5) c.j     pc - 8
core   0: 3 0x8000b3e8 (0xbfe5)
core   0: 0x8000b3e0 (0x00002f17) auipc   t5, 0x2
core   0: 3 0x8000b3e0 (0x00002f17) x30 0x8000d3e0
core   0: 0x8000b3e4 (0xc23f2023) sw      gp, -992(t5)
core   0: 3 0x8000b3e4 (0xc23f2023) mem 0x8000d000 0x00000001
core   0: 0x8000b3e8 (0x0000bfe5) c.j     pc - 8
core   0: 3 0x8000b3e8 (0xbfe5)
core   0: 0x8000b3e0 (0x00002f17) auipc   t5, 0x2
core   0: 3 0x8000b3e0 (0x00002f17) x30 0x8000d3e0
core   0: 0x8000b3e4 (0xc23f2023) sw      gp, -992(t5)
core   0: 3 0x8000b3e4 (0xc23f2023) mem 0x8000d000 0x00000001
core   0: 0x8000b3e8 (0x0000bfe5) c.j     pc - 8
core   0: 3 0x8000b3e8 (0xbfe5)
core   0: 0x8000b3e0 (0x00002f17) auipc   t5, 0x2
core   0: 3 0x8000b3e0 (0x00002f17) x30 0x8000d3e0
core   0: 0x8000b3e4 (0xc23f2023) sw      gp, -992(t5)
core   0: 3 0x8000b3e4 (0xc23f2023) mem 0x8000d000 0x00000001
core   0: 0x8000b3e8 (0x0000bfe5) c.j     pc - 8
core   0: 3 0x8000b3e8 (0xbfe5)
core   0: 0x8000b3e0 (0x00002f17) auipc   t5, 0x2
core   0: 3 0x8000b3e0 (0x00002f17) x30 0x8000d3e0
core   0: 0x8000b3e4 (0xc23f2023) sw      gp, -992(t5)
core   0: 3 0x8000b3e4 (0xc23f2023) mem 0x8000d000 0x00000001
core   0: 0x8000b3e8 (0x0000bfe5) c.j     pc - 8
core   0: 3 0x8000b3e8 (0xbfe5)
core   0: 0x8000b3e0 (0x00002f17) auipc   t5, 0x2
core   0: 3 0x8000b3e0 (0x00002f17) x30 0x8000d3e0
core   0: 0x8000b3e4 (0xc23f2023) sw      gp, -992(t5)
core   0: 3 0x8000b3e4 (0xc23f2023) mem 0x8000d000 0x00000001
core   0: 0x8000b3e8 (0x0000bfe5) c.j     pc - 8
core   0: 3 0x8000b3e8 (0xbfe5)
core   0: 0x8000b3e0 (0x00002f17) auipc   t5, 0x2
core   0: 3 0x8000b3e0 (0x00002f17) x30 0x8000d3e0
core   0: 0x8000b3e4 (0xc23f2023) sw      gp, -992(t5)
core   0: 3 0x8000b3e4 (0xc23f2023) mem 0x8000d000 0x00000001
core   0: 0x8000b3e8 (0x0000bfe5) c.j     pc - 8
core   0: 3 0x8000b3e8 (0xbfe5)
core   0: 0x8000b3e0 (0x00002f17) auipc   t5, 0x2
core   0: 3 0x8000b3e0 (0x00002f17) x30 0x8000d3e0
core   0: 0x8000b3e4 (0xc23f2023) sw      gp, -992(t5)
core   0: 3 0x8000b3e4 (0xc23f2023) mem 0x8000d000 0x00000001
core   0: 0x8000b3e8 (0x0000bfe5) c.j     pc - 8
core   0: 3 0x8000b3e8 (0xbfe5)
core   0: 0x8000b3e0 (0x00002f17) auipc   t5, 0x2
core   0: 3 0x8000b3e0 (0x00002f17) x30 0x8000d3e0
core   0: 0x8000b3e4 (0xc23f2023) sw      gp, -992(t5)
core   0: 3 0x8000b3e4 (0xc23f2023) mem 0x8000d000 0x00000001
core   0: 0x8000b3e8 (0x0000bfe5) c.j     pc - 8
core   0: 3 0x8000b3e8 (0xbfe5)
core   0: 0x8000b3e0 (0x00002f17) auipc   t5, 0x2
core   0: 3 0x8000b3e0 (0x00002f17) x30 0x8000d3e0
core   0: 0x8000b3e4 (0xc23f2023) sw      gp, -992(t5)
core   0: 3 0x8000b3e4 (0xc23f2023) mem 0x8000d000 0x00000001
core   0: 0x8000b3e8 (0x0000bfe5) c.j     pc - 8
core   0: 3 0x8000b3e8 (0xbfe5)
core   0: 0x8000b3e0 (0x00002f17) auipc   t5, 0x2
core   0: 3 0x8000b3e0 (0x00002f17) x30 0x8000d3e0
core   0: 0x8000b3e4 (0xc23f2023) sw      gp, -992(t5)
core   0: 3 0x8000b3e4 (0xc23f2023) mem 0x8000d000 0x00000001
core   0: 0x8000b3e8 (0x0000bfe5) c.j     pc - 8
core   0: 3 0x8000b3e8 (0xbfe5)
core   0: 0x8000b3e0 (0x00002f17) auipc   t5, 0x2
core   0: 3 0x8000b3e0 (0x00002f17) x30 0x8000d3e0
core   0: 0x8000b3e4 (0xc23f2023) sw      gp, -992(t5)
core   0: 3 0x8000b3e4 (0xc23f2023) mem 0x8000d000 0x00000001
core   0: 0x8000b3e8 (0x0000bfe5) c.j     pc - 8
core   0: 3 0x8000b3e8 (0xbfe5)
core   0: 0x8000b3e0 (0x00002f17) auipc   t5, 0x2
core   0: 3 0x8000b3e0 (0x00002f17) x30 0x8000d3e0
core   0: 0x8000b3e4 (0xc23f2023) sw      gp, -992(t5)
core   0: 3 0x8000b3e4 (0xc23f2023) mem 0x8000d000 0x00000001
core   0: 0x8000b3e8 (0x0000bfe5) c.j     pc - 8
core   0: 3 0x8000b3e8 (0xbfe5)
core   0: 0x8000b3e0 (0x00002f17) auipc   t5, 0x2
core   0: 3 0x8000b3e0 (0x00002f17) x30 0x8000d3e0
core   0: 0x8000b3e4 (0xc23f2023) sw      gp, -992(t5)
core   0: 3 0x8000b3e4 (0xc23f2023) mem 0x8000d000 0x00000001
core   0: 0x8000b3e8 (0x0000bfe5) c.j     pc - 8
core   0: 3 0x8000b3e8 (0xbfe5)
core   0: 0x8000b3e0 (0x00002f17) auipc   t5, 0x2
core   0: 3 0x8000b3e0 (0x00002f17) x30 0x8000d3e0
core   0: 0x8000b3e4 (0xc23f2023) sw      gp, -992(t5)
core   0: 3 0x8000b3e4 (0xc23f2023) mem 0x8000d000 0x00000001
core   0: 0x8000b3e8 (0x0000bfe5) c.j     pc - 8
core   0: 3 0x8000b3e8 (0xbfe5)
core   0: 0x8000b3e0 (0x00002f17) auipc   t5, 0x2
core   0: 3 0x8000b3e0 (0x00002f17) x30 0x8000d3e0
core   0: 0x8000b3e4 (0xc23f2023) sw      gp, -992(t5)
core   0: 3 0x8000b3e4 (0xc23f2023) mem 0x8000d000 0x00000001
core   0: 0x8000b3e8 (0x0000bfe5) c.j     pc - 8
core   0: 3 0x8000b3e8 (0xbfe5)
core   0: 0x8000b3e0 (0x00002f17) auipc   t5, 0x2
core   0: 3 0x8000b3e0 (0x00002f17) x30 0x8000d3e0
core   0: 0x8000b3e4 (0xc23f2023) sw      gp, -992(t5)
core   0: 3 0x8000b3e4 (0xc23f2023) mem 0x8000d000 0x00000001
core   0: 0x8000b3e8 (0x0000bfe5) c.j     pc - 8
core   0: 3 0x8000b3e8 (0xbfe5)
core   0: 0x8000b3e0 (0x00002f17) auipc   t5, 0x2
core   0: 3 0x8000b3e0 (0x00002f17) x30 0x8000d3e0
core   0: 0x8000b3e4 (0xc23f2023) sw      gp, -992(t5)
core   0: 3 0x8000b3e4 (0xc23f2023) mem 0x8000d000 0x00000001
core   0: 0x8000b3e8 (0x0000bfe5) c.j     pc - 8
core   0: 3 0x8000b3e8 (0xbfe5)
core   0: 0x8000b3e0 (0x00002f17) auipc   t5, 0x2
core   0: 3 0x8000b3e0 (0x00002f17) x30 0x8000d3e0
core   0: 0x8000b3e4 (0xc23f2023) sw      gp, -992(t5)
core   0: 3 0x8000b3e4 (0xc23f2023) mem 0x8000d000 0x00000001
core   0: 0x8000b3e8 (0x0000bfe5) c.j     pc - 8
core   0: 3 0x8000b3e8 (0xbfe5)
core   0: 0x8000b3e0 (0x00002f17) auipc   t5, 0x2
core   0: 3 0x8000b3e0 (0x00002f17) x30 0x8000d3e0
core   0: 0x8000b3e4 (0xc23f2023) sw      gp, -992(t5)
core   0: 3 0x8000b3e4 (0xc23f2023) mem 0x8000d000 0x00000001
core   0: 0x8000b3e8 (0x0000bfe5) c.j     pc - 8
core   0: 3 0x8000b3e8 (0xbfe5)
core   0: 0x8000b3e0 (0x00002f17) auipc   t5, 0x2
core   0: 3 0x8000b3e0 (0x00002f17) x30 0x8000d3e0
core   0: 0x8000b3e4 (0xc23f2023) sw      gp, -992(t5)
core   0: 3 0x8000b3e4 (0xc23f2023) mem 0x8000d000 0x00000001
core   0: 0x8000b3e8 (0x0000bfe5) c.j     pc - 8
core   0: 3 0x8000b3e8 (0xbfe5)
core   0: 0x8000b3e0 (0x00002f17) auipc   t5, 0x2
core   0: 3 0x8000b3e0 (0x00002f17) x30 0x8000d3e0
core   0: 0x8000b3e4 (0xc23f2023) sw      gp, -992(t5)
core   0: 3 0x8000b3e4 (0xc23f2023) mem 0x8000d000 0x00000001
core   0: 0x8000b3e8 (0x0000bfe5) c.j     pc - 8
core   0: 3 0x8000b3e8 (0xbfe5)
core   0: 0x8000b3e0 (0x00002f17) auipc   t5, 0x2
core   0: 3 0x8000b3e0 (0x00002f17) x30 0x8000d3e0
core   0: 0x8000b3e4 (0xc23f2023) sw      gp, -992(t5)
core   0: 3 0x8000b3e4 (0xc23f2023) mem 0x8000d000 0x00000001
core   0: 0x8000b3e8 (0x0000bfe5) c.j     pc - 8
core   0: 3 0x8000b3e8 (0xbfe5)
core   0: 0x8000b3e0 (0x00002f17) auipc   t5, 0x2
core   0: 3 0x8000b3e0 (0x00002f17) x30 0x8000d3e0
core   0: 0x8000b3e4 (0xc23f2023) sw      gp, -992(t5)
core   0: 3 0x8000b3e4 (0xc23f2023) mem 0x8000d000 0x00000001
core   0: 0x8000b3e8 (0x0000bfe5) c.j     pc - 8
core   0: 3 0x8000b3e8 (0xbfe5)
core   0: 0x8000b3e0 (0x00002f17) auipc   t5, 0x2
core   0: 3 0x8000b3e0 (0x00002f17) x30 0x8000d3e0
core   0: 0x8000b3e4 (0xc23f2023) sw      gp, -992(t5)
core   0: 3 0x8000b3e4 (0xc23f2023) mem 0x8000d000 0x00000001
core   0: 0x8000b3e8 (0x0000bfe5) c.j     pc - 8
core   0: 3 0x8000b3e8 (0xbfe5)
core   0: 0x8000b3e0 (0x00002f17) auipc   t5, 0x2
core   0: 3 0x8000b3e0 (0x00002f17) x30 0x8000d3e0
core   0: 0x8000b3e4 (0xc23f2023) sw      gp, -992(t5)
core   0: 3 0x8000b3e4 (0xc23f2023) mem 0x8000d000 0x00000001
core   0: 0x8000b3e8 (0x0000bfe5) c.j     pc - 8
core   0: 3 0x8000b3e8 (0xbfe5)
core   0: 0x8000b3e0 (0x00002f17) auipc   t5, 0x2
core   0: 3 0x8000b3e0 (0x00002f17) x30 0x8000d3e0
core   0: 0x8000b3e4 (0xc23f2023) sw      gp, -992(t5)
core   0: 3 0x8000b3e4 (0xc23f2023) mem 0x8000d000 0x00000001
core   0: 0x8000b3e8 (0x0000bfe5) c.j     pc - 8
core   0: 3 0x8000b3e8 (0xbfe5)
core   0: 0x8000b3e0 (0x00002f17) auipc   t5, 0x2
core   0: 3 0x8000b3e0 (0x00002f17) x30 0x8000d3e0
core   0: 0x8000b3e4 (0xc23f2023) sw      gp, -992(t5)
core   0: 3 0x8000b3e4 (0xc23f2023) mem 0x8000d000 0x00000001
core   0: 0x8000b3e8 (0x0000bfe5) c.j     pc - 8
core   0: 3 0x8000b3e8 (0xbfe5)
core   0: 0x8000b3e0 (0x00002f17) auipc   t5, 0x2
core   0: 3 0x8000b3e0 (0x00002f17) x30 0x8000d3e0
core   0: 0x8000b3e4 (0xc23f2023) sw      gp, -992(t5)
core   0: 3 0x8000b3e4 (0xc23f2023) mem 0x8000d000 0x00000001
core   0: 0x8000b3e8 (0x0000bfe5) c.j     pc - 8
core   0: 3 0x8000b3e8 (0xbfe5)
core   0: 0x8000b3e0 (0x00002f17) auipc   t5, 0x2
core   0: 3 0x8000b3e0 (0x00002f17) x30 0x8000d3e0
core   0: 0x8000b3e4 (0xc23f2023) sw      gp, -992(t5)
core   0: 3 0x8000b3e4 (0xc23f2023) mem 0x8000d000 0x00000001
core   0: 0x8000b3e8 (0x0000bfe5) c.j     pc - 8
core   0: 3 0x8000b3e8 (0xbfe5)
core   0: 0x8000b3e0 (0x00002f17) auipc   t5, 0x2
core   0: 3 0x8000b3e0 (0x00002f17) x30 0x8000d3e0
core   0: 0x8000b3e4 (0xc23f2023) sw      gp, -992(t5)
core   0: 3 0x8000b3e4 (0xc23f2023) mem 0x8000d000 0x00000001
core   0: 0x8000b3e8 (0x0000bfe5) c.j     pc - 8
core   0: 3 0x8000b3e8 (0xbfe5)
core   0: 0x8000b3e0 (0x00002f17) auipc   t5, 0x2
core   0: 3 0x8000b3e0 (0x00002f17) x30 0x8000d3e0
core   0: 0x8000b3e4 (0xc23f2023) sw      gp, -992(t5)
core   0: 3 0x8000b3e4 (0xc23f2023) mem 0x8000d000 0x00000001
core   0: 0x8000b3e8 (0x0000bfe5) c.j     pc - 8
core   0: 3 0x8000b3e8 (0xbfe5)
core   0: 0x8000b3e0 (0x00002f17) auipc   t5, 0x2
core   0: 3 0x8000b3e0 (0x00002f17) x30 0x8000d3e0
core   0: 0x8000b3e4 (0xc23f2023) sw      gp, -992(t5)
core   0: 3 0x8000b3e4 (0xc23f2023) mem 0x8000d000 0x00000001
core   0: 0x8000b3e8 (0x0000bfe5) c.j     pc - 8
core   0: 3 0x8000b3e8 (0xbfe5)
core   0: 0x8000b3e0 (0x00002f17) auipc   t5, 0x2
core   0: 3 0x8000b3e0 (0x00002f17) x30 0x8000d3e0
core   0: 0x8000b3e4 (0xc23f2023) sw      gp, -992(t5)
core   0: 3 0x8000b3e4 (0xc23f2023) mem 0x8000d000 0x00000001
core   0: 0x8000b3e8 (0x0000bfe5) c.j     pc - 8
core   0: 3 0x8000b3e8 (0xbfe5)
core   0: 0x8000b3e0 (0x00002f17) auipc   t5, 0x2
core   0: 3 0x8000b3e0 (0x00002f17) x30 0x8000d3e0
core   0: 0x8000b3e4 (0xc23f2023) sw      gp, -992(t5)
core   0: 3 0x8000b3e4 (0xc23f2023) mem 0x8000d000 0x00000001
core   0: 0x8000b3e8 (0x0000bfe5) c.j     pc - 8
core   0: 3 0x8000b3e8 (0xbfe5)
core   0: 0x8000b3e0 (0x00002f17) auipc   t5, 0x2
core   0: 3 0x8000b3e0 (0x00002f17) x30 0x8000d3e0
core   0: 0x8000b3e4 (0xc23f2023) sw      gp, -992(t5)
core   0: 3 0x8000b3e4 (0xc23f2023) mem 0x8000d000 0x00000001
core   0: 0x8000b3e8 (0x0000bfe5) c.j     pc - 8
core   0: 3 0x8000b3e8 (0xbfe5)
core   0: 0x8000b3e0 (0x00002f17) auipc   t5, 0x2
core   0: 3 0x8000b3e0 (0x00002f17) x30 0x8000d3e0
core   0: 0x8000b3e4 (0xc23f2023) sw      gp, -992(t5)
core   0: 3 0x8000b3e4 (0xc23f2023) mem 0x8000d000 0x00000001
core   0: 0x8000b3e8 (0x0000bfe5) c.j     pc - 8
core   0: 3 0x8000b3e8 (0xbfe5)
core   0: 0x8000b3e0 (0x00002f17) auipc   t5, 0x2
core   0: 3 0x8000b3e0 (0x00002f17) x30 0x8000d3e0
core   0: 0x8000b3e4 (0xc23f2023) sw      gp, -992(t5)
core   0: 3 0x8000b3e4 (0xc23f2023) mem 0x8000d000 0x00000001
core   0: 0x8000b3e8 (0x0000bfe5) c.j     pc - 8
core   0: 3 0x8000b3e8 (0xbfe5)
core   0: 0x8000b3e0 (0x00002f17) auipc   t5, 0x2
core   0: 3 0x8000b3e0 (0x00002f17) x30 0x8000d3e0
core   0: 0x8000b3e4 (0xc23f2023) sw      gp, -992(t5)
core   0: 3 0x8000b3e4 (0xc23f2023) mem 0x8000d000 0x00000001
core   0: 0x8000b3e8 (0x0000bfe5) c.j     pc - 8
core   0: 3 0x8000b3e8 (0xbfe5)
core   0: 0x8000b3e0 (0x00002f17) auipc   t5, 0x2
core   0: 3 0x8000b3e0 (0x00002f17) x30 0x8000d3e0
core   0: 0x8000b3e4 (0xc23f2023) sw      gp, -992(t5)
core   0: 3 0x8000b3e4 (0xc23f2023) mem 0x8000d000 0x00000001
core   0: 0x8000b3e8 (0x0000bfe5) c.j     pc - 8
core   0: 3 0x8000b3e8 (0xbfe5)
core   0: 0x8000b3e0 (0x00002f17) auipc   t5, 0x2
core   0: 3 0x8000b3e0 (0x00002f17) x30 0x8000d3e0
core   0: 0x8000b3e4 (0xc23f2023) sw      gp, -992(t5)
core   0: 3 0x8000b3e4 (0xc23f2023) mem 0x8000d000 0x00000001
core   0: 0x8000b3e8 (0x0000bfe5) c.j     pc - 8
core   0: 3 0x8000b3e8 (0xbfe5)
core   0: 0x8000b3e0 (0x00002f17) auipc   t5, 0x2
core   0: 3 0x8000b3e0 (0x00002f17) x30 0x8000d3e0
core   0: 0x8000b3e4 (0xc23f2023) sw      gp, -992(t5)
core   0: 3 0x8000b3e4 (0xc23f2023) mem 0x8000d000 0x00000001
core   0: 0x8000b3e8 (0x0000bfe5) c.j     pc - 8
core   0: 3 0x8000b3e8 (0xbfe5)
core   0: 0x8000b3e0 (0x00002f17) auipc   t5, 0x2
core   0: 3 0x8000b3e0 (0x00002f17) x30 0x8000d3e0
core   0: 0x8000b3e4 (0xc23f2023) sw      gp, -992(t5)
core   0: 3 0x8000b3e4 (0xc23f2023) mem 0x8000d000 0x00000001
core   0: 0x8000b3e8 (0x0000bfe5) c.j     pc - 8
core   0: 3 0x8000b3e8 (0xbfe5)
core   0: 0x8000b3e0 (0x00002f17) auipc   t5, 0x2
core   0: 3 0x8000b3e0 (0x00002f17) x30 0x8000d3e0
core   0: 0x8000b3e4 (0xc23f2023) sw      gp, -992(t5)
core   0: 3 0x8000b3e4 (0xc23f2023) mem 0x8000d000 0x00000001
core   0: 0x8000b3e8 (0x0000bfe5) c.j     pc - 8
core   0: 3 0x8000b3e8 (0xbfe5)
core   0: 0x8000b3e0 (0x00002f17) auipc   t5, 0x2
core   0: 3 0x8000b3e0 (0x00002f17) x30 0x8000d3e0
core   0: 0x8000b3e4 (0xc23f2023) sw      gp, -992(t5)
core   0: 3 0x8000b3e4 (0xc23f2023) mem 0x8000d000 0x00000001
core   0: 0x8000b3e8 (0x0000bfe5) c.j     pc - 8
core   0: 3 0x8000b3e8 (0xbfe5)
core   0: 0x8000b3e0 (0x00002f17) auipc   t5, 0x2
core   0: 3 0x8000b3e0 (0x00002f17) x30 0x8000d3e0
core   0: 0x8000b3e4 (0xc23f2023) sw      gp, -992(t5)
core   0: 3 0x8000b3e4 (0xc23f2023) mem 0x8000d000 0x00000001
core   0: 0x8000b3e8 (0x0000bfe5) c.j     pc - 8
core   0: 3 0x8000b3e8 (0xbfe5)
core   0: 0x8000b3e0 (0x00002f17) auipc   t5, 0x2
core   0: 3 0x8000b3e0 (0x00002f17) x30 0x8000d3e0
core   0: 0x8000b3e4 (0xc23f2023) sw      gp, -992(t5)
core   0: 3 0x8000b3e4 (0xc23f2023) mem 0x8000d000 0x00000001
core   0: 0x8000b3e8 (0x0000bfe5) c.j     pc - 8
core   0: 3 0x8000b3e8 (0xbfe5)
core   0: 0x8000b3e0 (0x00002f17) auipc   t5, 0x2
core   0: 3 0x8000b3e0 (0x00002f17) x30 0x8000d3e0
core   0: 0x8000b3e4 (0xc23f2023) sw      gp, -992(t5)
core   0: 3 0x8000b3e4 (0xc23f2023) mem 0x8000d000 0x00000001
core   0: 0x8000b3e8 (0x0000bfe5) c.j     pc - 8
core   0: 3 0x8000b3e8 (0xbfe5)
core   0: 0x8000b3e0 (0x00002f17) auipc   t5, 0x2
core   0: 3 0x8000b3e0 (0x00002f17) x30 0x8000d3e0
core   0: 0x8000b3e4 (0xc23f2023) sw      gp, -992(t5)
core   0: 3 0x8000b3e4 (0xc23f2023) mem 0x8000d000 0x00000001
core   0: 0x8000b3e8 (0x0000bfe5) c.j     pc - 8
core   0: 3 0x8000b3e8 (0xbfe5)
core   0: 0x8000b3e0 (0x00002f17) auipc   t5, 0x2
core   0: 3 0x8000b3e0 (0x00002f17) x30 0x8000d3e0
core   0: 0x8000b3e4 (0xc23f2023) sw      gp, -992(t5)
core   0: 3 0x8000b3e4 (0xc23f2023) mem 0x8000d000 0x00000001
core   0: 0x8000b3e8 (0x0000bfe5) c.j     pc - 8
core   0: 3 0x8000b3e8 (0xbfe5)
core   0: 0x8000b3e0 (0x00002f17) auipc   t5, 0x2
core   0: 3 0x8000b3e0 (0x00002f17) x30 0x8000d3e0
core   0: 0x8000b3e4 (0xc23f2023) sw      gp, -992(t5)
core   0: 3 0x8000b3e4 (0xc23f2023) mem 0x8000d000 0x00000001
core   0: 0x8000b3e8 (0x0000bfe5) c.j     pc - 8
core   0: 3 0x8000b3e8 (0xbfe5)
core   0: 0x8000b3e0 (0x00002f17) auipc   t5, 0x2
core   0: 3 0x8000b3e0 (0x00002f17) x30 0x8000d3e0
core   0: 0x8000b3e4 (0xc23f2023) sw      gp, -992(t5)
core   0: 3 0x8000b3e4 (0xc23f2023) mem 0x8000d000 0x00000001
core   0: 0x8000b3e8 (0x0000bfe5) c.j     pc - 8
core   0: 3 0x8000b3e8 (0xbfe5)
core   0: 0x8000b3e0 (0x00002f17) auipc   t5, 0x2
core   0: 3 0x8000b3e0 (0x00002f17) x30 0x8000d3e0
core   0: 0x8000b3e4 (0xc23f2023) sw      gp, -992(t5)
core   0: 3 0x8000b3e4 (0xc23f2023) mem 0x8000d000 0x00000001
core   0: 0x8000b3e8 (0x0000bfe5) c.j     pc - 8
core   0: 3 0x8000b3e8 (0xbfe5)
core   0: 0x8000b3e0 (0x00002f17) auipc   t5, 0x2
core   0: 3 0x8000b3e0 (0x00002f17) x30 0x8000d3e0
core   0: 0x8000b3e4 (0xc23f2023) sw      gp, -992(t5)
core   0: 3 0x8000b3e4 (0xc23f2023) mem 0x8000d000 0x00000001
core   0: 0x8000b3e8 (0x0000bfe5) c.j     pc - 8
core   0: 3 0x8000b3e8 (0xbfe5)
core   0: 0x8000b3e0 (0x00002f17) auipc   t5, 0x2
core   0: 3 0x8000b3e0 (0x00002f17) x30 0x8000d3e0
core   0: 0x8000b3e4 (0xc23f2023) sw      gp, -992(t5)
core   0: 3 0x8000b3e4 (0xc23f2023) mem 0x8000d000 0x00000001
core   0: 0x8000b3e8 (0x0000bfe5) c.j     pc - 8
core   0: 3 0x8000b3e8 (0xbfe5)
core   0: 0x8000b3e0 (0x00002f17) auipc   t5, 0x2
core   0: 3 0x8000b3e0 (0x00002f17) x30 0x8000d3e0
core   0: 0x8000b3e4 (0xc23f2023) sw      gp, -992(t5)
core   0: 3 0x8000b3e4 (0xc23f2023) mem 0x8000d000 0x00000001
core   0: 0x8000b3e8 (0x0000bfe5) c.j     pc - 8
core   0: 3 0x8000b3e8 (0xbfe5)
core   0: 0x8000b3e0 (0x00002f17) auipc   t5, 0x2
core   0: 3 0x8000b3e0 (0x00002f17) x30 0x8000d3e0
core   0: 0x8000b3e4 (0xc23f2023) sw      gp, -992(t5)
core   0: 3 0x8000b3e4 (0xc23f2023) mem 0x8000d000 0x00000001
core   0: 0x8000b3e8 (0x0000bfe5) c.j     pc - 8
core   0: 3 0x8000b3e8 (0xbfe5)
core   0: 0x8000b3e0 (0x00002f17) auipc   t5, 0x2
core   0: 3 0x8000b3e0 (0x00002f17) x30 0x8000d3e0
core   0: 0x8000b3e4 (0xc23f2023) sw      gp, -992(t5)
core   0: 3 0x8000b3e4 (0xc23f2023) mem 0x8000d000 0x00000001
core   0: 0x8000b3e8 (0x0000bfe5) c.j     pc - 8
core   0: 3 0x8000b3e8 (0xbfe5)
core   0: 0x8000b3e0 (0x00002f17) auipc   t5, 0x2
core   0: 3 0x8000b3e0 (0x00002f17) x30 0x8000d3e0
core   0: 0x8000b3e4 (0xc23f2023) sw      gp, -992(t5)
core   0: 3 0x8000b3e4 (0xc23f2023) mem 0x8000d000 0x00000001
core   0: 0x8000b3e8 (0x0000bfe5) c.j     pc - 8
core   0: 3 0x8000b3e8 (0xbfe5)
core   0: 0x8000b3e0 (0x00002f17) auipc   t5, 0x2
core   0: 3 0x8000b3e0 (0x00002f17) x30 0x8000d3e0
core   0: 0x8000b3e4 (0xc23f2023) sw      gp, -992(t5)
core   0: 3 0x8000b3e4 (0xc23f2023) mem 0x8000d000 0x00000001
core   0: 0x8000b3e8 (0x0000bfe5) c.j     pc - 8
core   0: 3 0x8000b3e8 (0xbfe5)
core   0: 0x8000b3e0 (0x00002f17) auipc   t5, 0x2
core   0: 3 0x8000b3e0 (0x00002f17) x30 0x8000d3e0
core   0: 0x8000b3e4 (0xc23f2023) sw      gp, -992(t5)
core   0: 3 0x8000b3e4 (0xc23f2023) mem 0x8000d000 0x00000001
core   0: 0x8000b3e8 (0x0000bfe5) c.j     pc - 8
core   0: 3 0x8000b3e8 (0xbfe5)
core   0: 0x8000b3e0 (0x00002f17) auipc   t5, 0x2
core   0: 3 0x8000b3e0 (0x00002f17) x30 0x8000d3e0
core   0: 0x8000b3e4 (0xc23f2023) sw      gp, -992(t5)
core   0: 3 0x8000b3e4 (0xc23f2023) mem 0x8000d000 0x00000001
core   0: 0x8000b3e8 (0x0000bfe5) c.j     pc - 8
core   0: 3 0x8000b3e8 (0xbfe5)
core   0: 0x8000b3e0 (0x00002f17) auipc   t5, 0x2
core   0: 3 0x8000b3e0 (0x00002f17) x30 0x8000d3e0
core   0: 0x8000b3e4 (0xc23f2023) sw      gp, -992(t5)
core   0: 3 0x8000b3e4 (0xc23f2023) mem 0x8000d000 0x00000001
core   0: 0x8000b3e8 (0x0000bfe5) c.j     pc - 8
core   0: 3 0x8000b3e8 (0xbfe5)
core   0: 0x8000b3e0 (0x00002f17) auipc   t5, 0x2
core   0: 3 0x8000b3e0 (0x00002f17) x30 0x8000d3e0
core   0: 0x8000b3e4 (0xc23f2023) sw      gp, -992(t5)
core   0: 3 0x8000b3e4 (0xc23f2023) mem 0x8000d000 0x00000001
core   0: 0x8000b3e8 (0x0000bfe5) c.j     pc - 8
core   0: 3 0x8000b3e8 (0xbfe5)
core   0: 0x8000b3e0 (0x00002f17) auipc   t5, 0x2
core   0: 3 0x8000b3e0 (0x00002f17) x30 0x8000d3e0
core   0: 0x8000b3e4 (0xc23f2023) sw      gp, -992(t5)
core   0: 3 0x8000b3e4 (0xc23f2023) mem 0x8000d000 0x00000001
core   0: 0x8000b3e8 (0x0000bfe5) c.j     pc - 8
core   0: 3 0x8000b3e8 (0xbfe5)
core   0: 0x8000b3e0 (0x00002f17) auipc   t5, 0x2
core   0: 3 0x8000b3e0 (0x00002f17) x30 0x8000d3e0
core   0: 0x8000b3e4 (0xc23f2023) sw      gp, -992(t5)
core   0: 3 0x8000b3e4 (0xc23f2023) mem 0x8000d000 0x00000001
core   0: 0x8000b3e8 (0x0000bfe5) c.j     pc - 8
core   0: 3 0x8000b3e8 (0xbfe5)
core   0: 0x8000b3e0 (0x00002f17) auipc   t5, 0x2
core   0: 3 0x8000b3e0 (0x00002f17) x30 0x8000d3e0
core   0: 0x8000b3e4 (0xc23f2023) sw      gp, -992(t5)
core   0: 3 0x8000b3e4 (0xc23f2023) mem 0x8000d000 0x00000001
core   0: 0x8000b3e8 (0x0000bfe5) c.j     pc - 8
core   0: 3 0x8000b3e8 (0xbfe5)
core   0: 0x8000b3e0 (0x00002f17) auipc   t5, 0x2
core   0: 3 0x8000b3e0 (0x00002f17) x30 0x8000d3e0
core   0: 0x8000b3e4 (0xc23f2023) sw      gp, -992(t5)
core   0: 3 0x8000b3e4 (0xc23f2023) mem 0x8000d000 0x00000001
core   0: 0x8000b3e8 (0x0000bfe5) c.j     pc - 8
core   0: 3 0x8000b3e8 (0xbfe5)
core   0: 0x8000b3e0 (0x00002f17) auipc   t5, 0x2
core   0: 3 0x8000b3e0 (0x00002f17) x30 0x8000d3e0
core   0: 0x8000b3e4 (0xc23f2023) sw      gp, -992(t5)
core   0: 3 0x8000b3e4 (0xc23f2023) mem 0x8000d000 0x00000001
core   0: 0x8000b3e8 (0x0000bfe5) c.j     pc - 8
core   0: 3 0x8000b3e8 (0xbfe5)
core   0: 0x8000b3e0 (0x00002f17) auipc   t5, 0x2
core   0: 3 0x8000b3e0 (0x00002f17) x30 0x8000d3e0
core   0: 0x8000b3e4 (0xc23f2023) sw      gp, -992(t5)
core   0: 3 0x8000b3e4 (0xc23f2023) mem 0x8000d000 0x00000001
core   0: 0x8000b3e8 (0x0000bfe5) c.j     pc - 8
core   0: 3 0x8000b3e8 (0xbfe5)
core   0: 0x8000b3e0 (0x00002f17) auipc   t5, 0x2
core   0: 3 0x8000b3e0 (0x00002f17) x30 0x8000d3e0
core   0: 0x8000b3e4 (0xc23f2023) sw      gp, -992(t5)
core   0: 3 0x8000b3e4 (0xc23f2023) mem 0x8000d000 0x00000001
core   0: 0x8000b3e8 (0x0000bfe5) c.j     pc - 8
core   0: 3 0x8000b3e8 (0xbfe5)
core   0: 0x8000b3e0 (0x00002f17) auipc   t5, 0x2
core   0: 3 0x8000b3e0 (0x00002f17) x30 0x8000d3e0
core   0: 0x8000b3e4 (0xc23f2023) sw      gp, -992(t5)
core   0: 3 0x8000b3e4 (0xc23f2023) mem 0x8000d000 0x00000001
core   0: 0x8000b3e8 (0x0000bfe5) c.j     pc - 8
core   0: 3 0x8000b3e8 (0xbfe5)
core   0: 0x8000b3e0 (0x00002f17) auipc   t5, 0x2
core   0: 3 0x8000b3e0 (0x00002f17) x30 0x8000d3e0
core   0: 0x8000b3e4 (0xc23f2023) sw      gp, -992(t5)
core   0: 3 0x8000b3e4 (0xc23f2023) mem 0x8000d000 0x00000001
core   0: 0x8000b3e8 (0x0000bfe5) c.j     pc - 8
core   0: 3 0x8000b3e8 (0xbfe5)
core   0: 0x8000b3e0 (0x00002f17) auipc   t5, 0x2
core   0: 3 0x8000b3e0 (0x00002f17) x30 0x8000d3e0
core   0: 0x8000b3e4 (0xc23f2023) sw      gp, -992(t5)
core   0: 3 0x8000b3e4 (0xc23f2023) mem 0x8000d000 0x00000001
core   0: 0x8000b3e8 (0x0000bfe5) c.j     pc - 8
core   0: 3 0x8000b3e8 (0xbfe5)
core   0: 0x8000b3e0 (0x00002f17) auipc   t5, 0x2
core   0: 3 0x8000b3e0 (0x00002f17) x30 0x8000d3e0
core   0: 0x8000b3e4 (0xc23f2023) sw      gp, -992(t5)
core   0: 3 0x8000b3e4 (0xc23f2023) mem 0x8000d000 0x00000001
core   0: 0x8000b3e8 (0x0000bfe5) c.j     pc - 8
core   0: 3 0x8000b3e8 (0xbfe5)
core   0: 0x8000b3e0 (0x00002f17) auipc   t5, 0x2
core   0: 3 0x8000b3e0 (0x00002f17) x30 0x8000d3e0
core   0: 0x8000b3e4 (0xc23f2023) sw      gp, -992(t5)
core   0: 3 0x8000b3e4 (0xc23f2023) mem 0x8000d000 0x00000001
core   0: 0x8000b3e8 (0x0000bfe5) c.j     pc - 8
core   0: 3 0x8000b3e8 (0xbfe5)
core   0: 0x8000b3e0 (0x00002f17) auipc   t5, 0x2
core   0: 3 0x8000b3e0 (0x00002f17) x30 0x8000d3e0
core   0: 0x8000b3e4 (0xc23f2023) sw      gp, -992(t5)
core   0: 3 0x8000b3e4 (0xc23f2023) mem 0x8000d000 0x00000001
core   0: 0x8000b3e8 (0x0000bfe5) c.j     pc - 8
core   0: 3 0x8000b3e8 (0xbfe5)
core   0: 0x8000b3e0 (0x00002f17) auipc   t5, 0x2
core   0: 3 0x8000b3e0 (0x00002f17) x30 0x8000d3e0
core   0: 0x8000b3e4 (0xc23f2023) sw      gp, -992(t5)
core   0: 3 0x8000b3e4 (0xc23f2023) mem 0x8000d000 0x00000001
core   0: 0x8000b3e8 (0x0000bfe5) c.j     pc - 8
core   0: 3 0x8000b3e8 (0xbfe5)
core   0: 0x8000b3e0 (0x00002f17) auipc   t5, 0x2
core   0: 3 0x8000b3e0 (0x00002f17) x30 0x8000d3e0
core   0: 0x8000b3e4 (0xc23f2023) sw      gp, -992(t5)
core   0: 3 0x8000b3e4 (0xc23f2023) mem 0x8000d000 0x00000001
core   0: 0x8000b3e8 (0x0000bfe5) c.j     pc - 8
core   0: 3 0x8000b3e8 (0xbfe5)
core   0: 0x8000b3e0 (0x00002f17) auipc   t5, 0x2
core   0: 3 0x8000b3e0 (0x00002f17) x30 0x8000d3e0
core   0: 0x8000b3e4 (0xc23f2023) sw      gp, -992(t5)
core   0: 3 0x8000b3e4 (0xc23f2023) mem 0x8000d000 0x00000001
core   0: 0x8000b3e8 (0x0000bfe5) c.j     pc - 8
core   0: 3 0x8000b3e8 (0xbfe5)
core   0: 0x8000b3e0 (0x00002f17) auipc   t5, 0x2
core   0: 3 0x8000b3e0 (0x00002f17) x30 0x8000d3e0
core   0: 0x8000b3e4 (0xc23f2023) sw      gp, -992(t5)
core   0: 3 0x8000b3e4 (0xc23f2023) mem 0x8000d000 0x00000001
core   0: 0x8000b3e8 (0x0000bfe5) c.j     pc - 8
core   0: 3 0x8000b3e8 (0xbfe5)
core   0: 0x8000b3e0 (0x00002f17) auipc   t5, 0x2
core   0: 3 0x8000b3e0 (0x00002f17) x30 0x8000d3e0
core   0: 0x8000b3e4 (0xc23f2023) sw      gp, -992(t5)
core   0: 3 0x8000b3e4 (0xc23f2023) mem 0x8000d000 0x00000001
core   0: 0x8000b3e8 (0x0000bfe5) c.j     pc - 8
core   0: 3 0x8000b3e8 (0xbfe5)
core   0: 0x8000b3e0 (0x00002f17) auipc   t5, 0x2
core   0: 3 0x8000b3e0 (0x00002f17) x30 0x8000d3e0
core   0: 0x8000b3e4 (0xc23f2023) sw      gp, -992(t5)
core   0: 3 0x8000b3e4 (0xc23f2023) mem 0x8000d000 0x00000001
core   0: 0x8000b3e8 (0x0000bfe5) c.j     pc - 8
core   0: 3 0x8000b3e8 (0xbfe5)
core   0: 0x8000b3e0 (0x00002f17) auipc   t5, 0x2
core   0: 3 0x8000b3e0 (0x00002f17) x30 0x8000d3e0
core   0: 0x8000b3e4 (0xc23f2023) sw      gp, -992(t5)
core   0: 3 0x8000b3e4 (0xc23f2023) mem 0x8000d000 0x00000001
core   0: 0x8000b3e8 (0x0000bfe5) c.j     pc - 8
core   0: 3 0x8000b3e8 (0xbfe5)
core   0: 0x8000b3e0 (0x00002f17) auipc   t5, 0x2
core   0: 3 0x8000b3e0 (0x00002f17) x30 0x8000d3e0
core   0: 0x8000b3e4 (0xc23f2023) sw      gp, -992(t5)
core   0: 3 0x8000b3e4 (0xc23f2023) mem 0x8000d000 0x00000001
core   0: 0x8000b3e8 (0x0000bfe5) c.j     pc - 8
core   0: 3 0x8000b3e8 (0xbfe5)
core   0: 0x8000b3e0 (0x00002f17) auipc   t5, 0x2
core   0: 3 0x8000b3e0 (0x00002f17) x30 0x8000d3e0
core   0: 0x8000b3e4 (0xc23f2023) sw      gp, -992(t5)
core   0: 3 0x8000b3e4 (0xc23f2023) mem 0x8000d000 0x00000001
core   0: 0x8000b3e8 (0x0000bfe5) c.j     pc - 8
core   0: 3 0x8000b3e8 (0xbfe5)
core   0: 0x8000b3e0 (0x00002f17) auipc   t5, 0x2
core   0: 3 0x8000b3e0 (0x00002f17) x30 0x8000d3e0
core   0: 0x8000b3e4 (0xc23f2023) sw      gp, -992(t5)
core   0: 3 0x8000b3e4 (0xc23f2023) mem 0x8000d000 0x00000001
core   0: 0x8000b3e8 (0x0000bfe5) c.j     pc - 8
core   0: 3 0x8000b3e8 (0xbfe5)
core   0: 0x8000b3e0 (0x00002f17) auipc   t5, 0x2
core   0: 3 0x8000b3e0 (0x00002f17) x30 0x8000d3e0
core   0: 0x8000b3e4 (0xc23f2023) sw      gp, -992(t5)
core   0: 3 0x8000b3e4 (0xc23f2023) mem 0x8000d000 0x00000001
core   0: 0x8000b3e8 (0x0000bfe5) c.j     pc - 8
core   0: 3 0x8000b3e8 (0xbfe5)
core   0: 0x8000b3e0 (0x00002f17) auipc   t5, 0x2
core   0: 3 0x8000b3e0 (0x00002f17) x30 0x8000d3e0
core   0: 0x8000b3e4 (0xc23f2023) sw      gp, -992(t5)
core   0: 3 0x8000b3e4 (0xc23f2023) mem 0x8000d000 0x00000001
core   0: 0x8000b3e8 (0x0000bfe5) c.j     pc - 8
core   0: 3 0x8000b3e8 (0xbfe5)
core   0: 0x8000b3e0 (0x00002f17) auipc   t5, 0x2
core   0: 3 0x8000b3e0 (0x00002f17) x30 0x8000d3e0
core   0: 0x8000b3e4 (0xc23f2023) sw      gp, -992(t5)
core   0: 3 0x8000b3e4 (0xc23f2023) mem 0x8000d000 0x00000001
core   0: 0x8000b3e8 (0x0000bfe5) c.j     pc - 8
core   0: 3 0x8000b3e8 (0xbfe5)
core   0: 0x8000b3e0 (0x00002f17) auipc   t5, 0x2
core   0: 3 0x8000b3e0 (0x00002f17) x30 0x8000d3e0
core   0: 0x8000b3e4 (0xc23f2023) sw      gp, -992(t5)
core   0: 3 0x8000b3e4 (0xc23f2023) mem 0x8000d000 0x00000001
core   0: 0x8000b3e8 (0x0000bfe5) c.j     pc - 8
core   0: 3 0x8000b3e8 (0xbfe5)
core   0: 0x8000b3e0 (0x00002f17) auipc   t5, 0x2
core   0: 3 0x8000b3e0 (0x00002f17) x30 0x8000d3e0
core   0: 0x8000b3e4 (0xc23f2023) sw      gp, -992(t5)
core   0: 3 0x8000b3e4 (0xc23f2023) mem 0x8000d000 0x00000001
core   0: 0x8000b3e8 (0x0000bfe5) c.j     pc - 8
core   0: 3 0x8000b3e8 (0xbfe5)
core   0: 0x8000b3e0 (0x00002f17) auipc   t5, 0x2
core   0: 3 0x8000b3e0 (0x00002f17) x30 0x8000d3e0
core   0: 0x8000b3e4 (0xc23f2023) sw      gp, -992(t5)
core   0: 3 0x8000b3e4 (0xc23f2023) mem 0x8000d000 0x00000001
core   0: 0x8000b3e8 (0x0000bfe5) c.j     pc - 8
core   0: 3 0x8000b3e8 (0xbfe5)
core   0: 0x8000b3e0 (0x00002f17) auipc   t5, 0x2
core   0: 3 0x8000b3e0 (0x00002f17) x30 0x8000d3e0
core   0: 0x8000b3e4 (0xc23f2023) sw      gp, -992(t5)
core   0: 3 0x8000b3e4 (0xc23f2023) mem 0x8000d000 0x00000001
core   0: 0x8000b3e8 (0x0000bfe5) c.j     pc - 8
core   0: 3 0x8000b3e8 (0xbfe5)
core   0: 0x8000b3e0 (0x00002f17) auipc   t5, 0x2
core   0: 3 0x8000b3e0 (0x00002f17) x30 0x8000d3e0
core   0: 0x8000b3e4 (0xc23f2023) sw      gp, -992(t5)
core   0: 3 0x8000b3e4 (0xc23f2023) mem 0x8000d000 0x00000001
core   0: 0x8000b3e8 (0x0000bfe5) c.j     pc - 8
core   0: 3 0x8000b3e8 (0xbfe5)
core   0: 0x8000b3e0 (0x00002f17) auipc   t5, 0x2
core   0: 3 0x8000b3e0 (0x00002f17) x30 0x8000d3e0
core   0: 0x8000b3e4 (0xc23f2023) sw      gp, -992(t5)
core   0: 3 0x8000b3e4 (0xc23f2023) mem 0x8000d000 0x00000001
core   0: 0x8000b3e8 (0x0000bfe5) c.j     pc - 8
core   0: 3 0x8000b3e8 (0xbfe5)
core   0: 0x8000b3e0 (0x00002f17) auipc   t5, 0x2
core   0: 3 0x8000b3e0 (0x00002f17) x30 0x8000d3e0
core   0: 0x8000b3e4 (0xc23f2023) sw      gp, -992(t5)
core   0: 3 0x8000b3e4 (0xc23f2023) mem 0x8000d000 0x00000001
core   0: 0x8000b3e8 (0x0000bfe5) c.j     pc - 8
core   0: 3 0x8000b3e8 (0xbfe5)
core   0: 0x8000b3e0 (0x00002f17) auipc   t5, 0x2
core   0: 3 0x8000b3e0 (0x00002f17) x30 0x8000d3e0
core   0: 0x8000b3e4 (0xc23f2023) sw      gp, -992(t5)
core   0: 3 0x8000b3e4 (0xc23f2023) mem 0x8000d000 0x00000001
core   0: 0x8000b3e8 (0x0000bfe5) c.j     pc - 8
core   0: 3 0x8000b3e8 (0xbfe5)
core   0: 0x8000b3e0 (0x00002f17) auipc   t5, 0x2
core   0: 3 0x8000b3e0 (0x00002f17) x30 0x8000d3e0
core   0: 0x8000b3e4 (0xc23f2023) sw      gp, -992(t5)
core   0: 3 0x8000b3e4 (0xc23f2023) mem 0x8000d000 0x00000001
core   0: 0x8000b3e8 (0x0000bfe5) c.j     pc - 8
core   0: 3 0x8000b3e8 (0xbfe5)
core   0: 0x8000b3e0 (0x00002f17) auipc   t5, 0x2
core   0: 3 0x8000b3e0 (0x00002f17) x30 0x8000d3e0
core   0: 0x8000b3e4 (0xc23f2023) sw      gp, -992(t5)
core   0: 3 0x8000b3e4 (0xc23f2023) mem 0x8000d000 0x00000001
core   0: 0x8000b3e8 (0x0000bfe5) c.j     pc - 8
core   0: 3 0x8000b3e8 (0xbfe5)
core   0: 0x8000b3e0 (0x00002f17) auipc   t5, 0x2
core   0: 3 0x8000b3e0 (0x00002f17) x30 0x8000d3e0
core   0: 0x8000b3e4 (0xc23f2023) sw      gp, -992(t5)
core   0: 3 0x8000b3e4 (0xc23f2023) mem 0x8000d000 0x00000001
core   0: 0x8000b3e8 (0x0000bfe5) c.j     pc - 8
core   0: 3 0x8000b3e8 (0xbfe5)
core   0: 0x8000b3e0 (0x00002f17) auipc   t5, 0x2
core   0: 3 0x8000b3e0 (0x00002f17) x30 0x8000d3e0
core   0: 0x8000b3e4 (0xc23f2023) sw      gp, -992(t5)
core   0: 3 0x8000b3e4 (0xc23f2023) mem 0x8000d000 0x00000001
core   0: 0x8000b3e8 (0x0000bfe5) c.j     pc - 8
core   0: 3 0x8000b3e8 (0xbfe5)
core   0: 0x8000b3e0 (0x00002f17) auipc   t5, 0x2
core   0: 3 0x8000b3e0 (0x00002f17) x30 0x8000d3e0
core   0: 0x8000b3e4 (0xc23f2023) sw      gp, -992(t5)
core   0: 3 0x8000b3e4 (0xc23f2023) mem 0x8000d000 0x00000001
core   0: 0x8000b3e8 (0x0000bfe5) c.j     pc - 8
core   0: 3 0x8000b3e8 (0xbfe5)
core   0: 0x8000b3e0 (0x00002f17) auipc   t5, 0x2
core   0: 3 0x8000b3e0 (0x00002f17) x30 0x8000d3e0
core   0: 0x8000b3e4 (0xc23f2023) sw      gp, -992(t5)
core   0: 3 0x8000b3e4 (0xc23f2023) mem 0x8000d000 0x00000001
core   0: 0x8000b3e8 (0x0000bfe5) c.j     pc - 8
core   0: 3 0x8000b3e8 (0xbfe5)
core   0: 0x8000b3e0 (0x00002f17) auipc   t5, 0x2
core   0: 3 0x8000b3e0 (0x00002f17) x30 0x8000d3e0
core   0: 0x8000b3e4 (0xc23f2023) sw      gp, -992(t5)
core   0: 3 0x8000b3e4 (0xc23f2023) mem 0x8000d000 0x00000001
core   0: 0x8000b3e8 (0x0000bfe5) c.j     pc - 8
core   0: 3 0x8000b3e8 (0xbfe5)
core   0: 0x8000b3e0 (0x00002f17) auipc   t5, 0x2
core   0: 3 0x8000b3e0 (0x00002f17) x30 0x8000d3e0
core   0: 0x8000b3e4 (0xc23f2023) sw      gp, -992(t5)
core   0: 3 0x8000b3e4 (0xc23f2023) mem 0x8000d000 0x00000001
core   0: 0x8000b3e8 (0x0000bfe5) c.j     pc - 8
core   0: 3 0x8000b3e8 (0xbfe5)
core   0: 0x8000b3e0 (0x00002f17) auipc   t5, 0x2
core   0: 3 0x8000b3e0 (0x00002f17) x30 0x8000d3e0
core   0: 0x8000b3e4 (0xc23f2023) sw      gp, -992(t5)
core   0: 3 0x8000b3e4 (0xc23f2023) mem 0x8000d000 0x00000001
core   0: 0x8000b3e8 (0x0000bfe5) c.j     pc - 8
core   0: 3 0x8000b3e8 (0xbfe5)
core   0: 0x8000b3e0 (0x00002f17) auipc   t5, 0x2
core   0: 3 0x8000b3e0 (0x00002f17) x30 0x8000d3e0
core   0: 0x8000b3e4 (0xc23f2023) sw      gp, -992(t5)
core   0: 3 0x8000b3e4 (0xc23f2023) mem 0x8000d000 0x00000001
core   0: 0x8000b3e8 (0x0000bfe5) c.j     pc - 8
core   0: 3 0x8000b3e8 (0xbfe5)
core   0: 0x8000b3e0 (0x00002f17) auipc   t5, 0x2
core   0: 3 0x8000b3e0 (0x00002f17) x30 0x8000d3e0
core   0: 0x8000b3e4 (0xc23f2023) sw      gp, -992(t5)
core   0: 3 0x8000b3e4 (0xc23f2023) mem 0x8000d000 0x00000001
core   0: 0x8000b3e8 (0x0000bfe5) c.j     pc - 8
core   0: 3 0x8000b3e8 (0xbfe5)
core   0: 0x8000b3e0 (0x00002f17) auipc   t5, 0x2
core   0: 3 0x8000b3e0 (0x00002f17) x30 0x8000d3e0
core   0: 0x8000b3e4 (0xc23f2023) sw      gp, -992(t5)
core   0: 3 0x8000b3e4 (0xc23f2023) mem 0x8000d000 0x00000001
core   0: 0x8000b3e8 (0x0000bfe5) c.j     pc - 8
core   0: 3 0x8000b3e8 (0xbfe5)
core   0: 0x8000b3e0 (0x00002f17) auipc   t5, 0x2
core   0: 3 0x8000b3e0 (0x00002f17) x30 0x8000d3e0
core   0: 0x8000b3e4 (0xc23f2023) sw      gp, -992(t5)
core   0: 3 0x8000b3e4 (0xc23f2023) mem 0x8000d000 0x00000001
core   0: 0x8000b3e8 (0x0000bfe5) c.j     pc - 8
core   0: 3 0x8000b3e8 (0xbfe5)
core   0: 0x8000b3e0 (0x00002f17) auipc   t5, 0x2
core   0: 3 0x8000b3e0 (0x00002f17) x30 0x8000d3e0
core   0: 0x8000b3e4 (0xc23f2023) sw      gp, -992(t5)
core   0: 3 0x8000b3e4 (0xc23f2023) mem 0x8000d000 0x00000001
core   0: 0x8000b3e8 (0x0000bfe5) c.j     pc - 8
core   0: 3 0x8000b3e8 (0xbfe5)
core   0: 0x8000b3e0 (0x00002f17) auipc   t5, 0x2
core   0: 3 0x8000b3e0 (0x00002f17) x30 0x8000d3e0
core   0: 0x8000b3e4 (0xc23f2023) sw      gp, -992(t5)
core   0: 3 0x8000b3e4 (0xc23f2023) mem 0x8000d000 0x00000001
core   0: 0x8000b3e8 (0x0000bfe5) c.j     pc - 8
core   0: 3 0x8000b3e8 (0xbfe5)
core   0: 0x8000b3e0 (0x00002f17) auipc   t5, 0x2
core   0: 3 0x8000b3e0 (0x00002f17) x30 0x8000d3e0
core   0: 0x8000b3e4 (0xc23f2023) sw      gp, -992(t5)
core   0: 3 0x8000b3e4 (0xc23f2023) mem 0x8000d000 0x00000001
core   0: 0x8000b3e8 (0x0000bfe5) c.j     pc - 8
core   0: 3 0x8000b3e8 (0xbfe5)
core   0: 0x8000b3e0 (0x00002f17) auipc   t5, 0x2
core   0: 3 0x8000b3e0 (0x00002f17) x30 0x8000d3e0
core   0: 0x8000b3e4 (0xc23f2023) sw      gp, -992(t5)
core   0: 3 0x8000b3e4 (0xc23f2023) mem 0x8000d000 0x00000001
core   0: 0x8000b3e8 (0x0000bfe5) c.j     pc - 8
core   0: 3 0x8000b3e8 (0xbfe5)
core   0: 0x8000b3e0 (0x00002f17) auipc   t5, 0x2
core   0: 3 0x8000b3e0 (0x00002f17) x30 0x8000d3e0
core   0: 0x8000b3e4 (0xc23f2023) sw      gp, -992(t5)
core   0: 3 0x8000b3e4 (0xc23f2023) mem 0x8000d000 0x00000001
core   0: 0x8000b3e8 (0x0000bfe5) c.j     pc - 8
core   0: 3 0x8000b3e8 (0xbfe5)
core   0: 0x8000b3e0 (0x00002f17) auipc   t5, 0x2
core   0: 3 0x8000b3e0 (0x00002f17) x30 0x8000d3e0
core   0: 0x8000b3e4 (0xc23f2023) sw      gp, -992(t5)
core   0: 3 0x8000b3e4 (0xc23f2023) mem 0x8000d000 0x00000001
core   0: 0x8000b3e8 (0x0000bfe5) c.j     pc - 8
core   0: 3 0x8000b3e8 (0xbfe5)
core   0: 0x8000b3e0 (0x00002f17) auipc   t5, 0x2
core   0: 3 0x8000b3e0 (0x00002f17) x30 0x8000d3e0
core   0: 0x8000b3e4 (0xc23f2023) sw      gp, -992(t5)
core   0: 3 0x8000b3e4 (0xc23f2023) mem 0x8000d000 0x00000001
core   0: 0x8000b3e8 (0x0000bfe5) c.j     pc - 8
core   0: 3 0x8000b3e8 (0xbfe5)
core   0: 0x8000b3e0 (0x00002f17) auipc   t5, 0x2
core   0: 3 0x8000b3e0 (0x00002f17) x30 0x8000d3e0
core   0: 0x8000b3e4 (0xc23f2023) sw      gp, -992(t5)
core   0: 3 0x8000b3e4 (0xc23f2023) mem 0x8000d000 0x00000001
core   0: 0x8000b3e8 (0x0000bfe5) c.j     pc - 8
core   0: 3 0x8000b3e8 (0xbfe5)
core   0: 0x8000b3e0 (0x00002f17) auipc   t5, 0x2
core   0: 3 0x8000b3e0 (0x00002f17) x30 0x8000d3e0
core   0: 0x8000b3e4 (0xc23f2023) sw      gp, -992(t5)
core   0: 3 0x8000b3e4 (0xc23f2023) mem 0x8000d000 0x00000001
core   0: 0x8000b3e8 (0x0000bfe5) c.j     pc - 8
core   0: 3 0x8000b3e8 (0xbfe5)
core   0: 0x8000b3e0 (0x00002f17) auipc   t5, 0x2
core   0: 3 0x8000b3e0 (0x00002f17) x30 0x8000d3e0
core   0: 0x8000b3e4 (0xc23f2023) sw      gp, -992(t5)
core   0: 3 0x8000b3e4 (0xc23f2023) mem 0x8000d000 0x00000001
core   0: 0x8000b3e8 (0x0000bfe5) c.j     pc - 8
core   0: 3 0x8000b3e8 (0xbfe5)
core   0: 0x8000b3e0 (0x00002f17) auipc   t5, 0x2
core   0: 3 0x8000b3e0 (0x00002f17) x30 0x8000d3e0
core   0: 0x8000b3e4 (0xc23f2023) sw      gp, -992(t5)
core   0: 3 0x8000b3e4 (0xc23f2023) mem 0x8000d000 0x00000001
core   0: 0x8000b3e8 (0x0000bfe5) c.j     pc - 8
core   0: 3 0x8000b3e8 (0xbfe5)
core   0: 0x8000b3e0 (0x00002f17) auipc   t5, 0x2
core   0: 3 0x8000b3e0 (0x00002f17) x30 0x8000d3e0
core   0: 0x8000b3e4 (0xc23f2023) sw      gp, -992(t5)
core   0: 3 0x8000b3e4 (0xc23f2023) mem 0x8000d000 0x00000001
core   0: 0x8000b3e8 (0x0000bfe5) c.j     pc - 8
core   0: 3 0x8000b3e8 (0xbfe5)
core   0: 0x8000b3e0 (0x00002f17) auipc   t5, 0x2
core   0: 3 0x8000b3e0 (0x00002f17) x30 0x8000d3e0
core   0: 0x8000b3e4 (0xc23f2023) sw      gp, -992(t5)
core   0: 3 0x8000b3e4 (0xc23f2023) mem 0x8000d000 0x00000001
core   0: 0x8000b3e8 (0x0000bfe5) c.j     pc - 8
core   0: 3 0x8000b3e8 (0xbfe5)
core   0: 0x8000b3e0 (0x00002f17) auipc   t5, 0x2
core   0: 3 0x8000b3e0 (0x00002f17) x30 0x8000d3e0
core   0: 0x8000b3e4 (0xc23f2023) sw      gp, -992(t5)
core   0: 3 0x8000b3e4 (0xc23f2023) mem 0x8000d000 0x00000001
core   0: 0x8000b3e8 (0x0000bfe5) c.j     pc - 8
core   0: 3 0x8000b3e8 (0xbfe5)
core   0: 0x8000b3e0 (0x00002f17) auipc   t5, 0x2
core   0: 3 0x8000b3e0 (0x00002f17) x30 0x8000d3e0
core   0: 0x8000b3e4 (0xc23f2023) sw      gp, -992(t5)
core   0: 3 0x8000b3e4 (0xc23f2023) mem 0x8000d000 0x00000001
core   0: 0x8000b3e8 (0x0000bfe5) c.j     pc - 8
core   0: 3 0x8000b3e8 (0xbfe5)
core   0: 0x8000b3e0 (0x00002f17) auipc   t5, 0x2
core   0: 3 0x8000b3e0 (0x00002f17) x30 0x8000d3e0
core   0: 0x8000b3e4 (0xc23f2023) sw      gp, -992(t5)
core   0: 3 0x8000b3e4 (0xc23f2023) mem 0x8000d000 0x00000001
core   0: 0x8000b3e8 (0x0000bfe5) c.j     pc - 8
core   0: 3 0x8000b3e8 (0xbfe5)
core   0: 0x8000b3e0 (0x00002f17) auipc   t5, 0x2
core   0: 3 0x8000b3e0 (0x00002f17) x30 0x8000d3e0
core   0: 0x8000b3e4 (0xc23f2023) sw      gp, -992(t5)
core   0: 3 0x8000b3e4 (0xc23f2023) mem 0x8000d000 0x00000001
core   0: 0x8000b3e8 (0x0000bfe5) c.j     pc - 8
core   0: 3 0x8000b3e8 (0xbfe5)
core   0: 0x8000b3e0 (0x00002f17) auipc   t5, 0x2
core   0: 3 0x8000b3e0 (0x00002f17) x30 0x8000d3e0
core   0: 0x8000b3e4 (0xc23f2023) sw      gp, -992(t5)
core   0: 3 0x8000b3e4 (0xc23f2023) mem 0x8000d000 0x00000001
core   0: 0x8000b3e8 (0x0000bfe5) c.j     pc - 8
core   0: 3 0x8000b3e8 (0xbfe5)
core   0: 0x8000b3e0 (0x00002f17) auipc   t5, 0x2
core   0: 3 0x8000b3e0 (0x00002f17) x30 0x8000d3e0
core   0: 0x8000b3e4 (0xc23f2023) sw      gp, -992(t5)
core   0: 3 0x8000b3e4 (0xc23f2023) mem 0x8000d000 0x00000001
core   0: 0x8000b3e8 (0x0000bfe5) c.j     pc - 8
core   0: 3 0x8000b3e8 (0xbfe5)
core   0: 0x8000b3e0 (0x00002f17) auipc   t5, 0x2
core   0: 3 0x8000b3e0 (0x00002f17) x30 0x8000d3e0
core   0: 0x8000b3e4 (0xc23f2023) sw      gp, -992(t5)
core   0: 3 0x8000b3e4 (0xc23f2023) mem 0x8000d000 0x00000001
core   0: 0x8000b3e8 (0x0000bfe5) c.j     pc - 8
core   0: 3 0x8000b3e8 (0xbfe5)
core   0: 0x8000b3e0 (0x00002f17) auipc   t5, 0x2
core   0: 3 0x8000b3e0 (0x00002f17) x30 0x8000d3e0
core   0: 0x8000b3e4 (0xc23f2023) sw      gp, -992(t5)
core   0: 3 0x8000b3e4 (0xc23f2023) mem 0x8000d000 0x00000001
core   0: 0x8000b3e8 (0x0000bfe5) c.j     pc - 8
core   0: 3 0x8000b3e8 (0xbfe5)
core   0: 0x8000b3e0 (0x00002f17) auipc   t5, 0x2
core   0: 3 0x8000b3e0 (0x00002f17) x30 0x8000d3e0
core   0: 0x8000b3e4 (0xc23f2023) sw      gp, -992(t5)
core   0: 3 0x8000b3e4 (0xc23f2023) mem 0x8000d000 0x00000001
core   0: 0x8000b3e8 (0x0000bfe5) c.j     pc - 8
core   0: 3 0x8000b3e8 (0xbfe5)
core   0: 0x8000b3e0 (0x00002f17) auipc   t5, 0x2
core   0: 3 0x8000b3e0 (0x00002f17) x30 0x8000d3e0
core   0: 0x8000b3e4 (0xc23f2023) sw      gp, -992(t5)
core   0: 3 0x8000b3e4 (0xc23f2023) mem 0x8000d000 0x00000001
core   0: 0x8000b3e8 (0x0000bfe5) c.j     pc - 8
core   0: 3 0x8000b3e8 (0xbfe5)
core   0: 0x8000b3e0 (0x00002f17) auipc   t5, 0x2
core   0: 3 0x8000b3e0 (0x00002f17) x30 0x8000d3e0
core   0: 0x8000b3e4 (0xc23f2023) sw      gp, -992(t5)
core   0: 3 0x8000b3e4 (0xc23f2023) mem 0x8000d000 0x00000001
core   0: 0x8000b3e8 (0x0000bfe5) c.j     pc - 8
core   0: 3 0x8000b3e8 (0xbfe5)
core   0: 0x8000b3e0 (0x00002f17) auipc   t5, 0x2
core   0: 3 0x8000b3e0 (0x00002f17) x30 0x8000d3e0
core   0: 0x8000b3e4 (0xc23f2023) sw      gp, -992(t5)
core   0: 3 0x8000b3e4 (0xc23f2023) mem 0x8000d000 0x00000001
core   0: 0x8000b3e8 (0x0000bfe5) c.j     pc - 8
core   0: 3 0x8000b3e8 (0xbfe5)
core   0: 0x8000b3e0 (0x00002f17) auipc   t5, 0x2
core   0: 3 0x8000b3e0 (0x00002f17) x30 0x8000d3e0
core   0: 0x8000b3e4 (0xc23f2023) sw      gp, -992(t5)
core   0: 3 0x8000b3e4 (0xc23f2023) mem 0x8000d000 0x00000001
core   0: 0x8000b3e8 (0x0000bfe5) c.j     pc - 8
core   0: 3 0x8000b3e8 (0xbfe5)
core   0: 0x8000b3e0 (0x00002f17) auipc   t5, 0x2
core   0: 3 0x8000b3e0 (0x00002f17) x30 0x8000d3e0
core   0: 0x8000b3e4 (0xc23f2023) sw      gp, -992(t5)
core   0: 3 0x8000b3e4 (0xc23f2023) mem 0x8000d000 0x00000001
core   0: 0x8000b3e8 (0x0000bfe5) c.j     pc - 8
core   0: 3 0x8000b3e8 (0xbfe5)
core   0: 0x8000b3e0 (0x00002f17) auipc   t5, 0x2
core   0: 3 0x8000b3e0 (0x00002f17) x30 0x8000d3e0
core   0: 0x8000b3e4 (0xc23f2023) sw      gp, -992(t5)
core   0: 3 0x8000b3e4 (0xc23f2023) mem 0x8000d000 0x00000001
core   0: 0x8000b3e8 (0x0000bfe5) c.j     pc - 8
core   0: 3 0x8000b3e8 (0xbfe5)
core   0: 0x8000b3e0 (0x00002f17) auipc   t5, 0x2
core   0: 3 0x8000b3e0 (0x00002f17) x30 0x8000d3e0
core   0: 0x8000b3e4 (0xc23f2023) sw      gp, -992(t5)
core   0: 3 0x8000b3e4 (0xc23f2023) mem 0x8000d000 0x00000001
core   0: 0x8000b3e8 (0x0000bfe5) c.j     pc - 8
core   0: 3 0x8000b3e8 (0xbfe5)
core   0: 0x8000b3e0 (0x00002f17) auipc   t5, 0x2
core   0: 3 0x8000b3e0 (0x00002f17) x30 0x8000d3e0
core   0: 0x8000b3e4 (0xc23f2023) sw      gp, -992(t5)
core   0: 3 0x8000b3e4 (0xc23f2023) mem 0x8000d000 0x00000001
core   0: 0x8000b3e8 (0x0000bfe5) c.j     pc - 8
core   0: 3 0x8000b3e8 (0xbfe5)
core   0: 0x8000b3e0 (0x00002f17) auipc   t5, 0x2
core   0: 3 0x8000b3e0 (0x00002f17) x30 0x8000d3e0
core   0: 0x8000b3e4 (0xc23f2023) sw      gp, -992(t5)
core   0: 3 0x8000b3e4 (0xc23f2023) mem 0x8000d000 0x00000001
core   0: 0x8000b3e8 (0x0000bfe5) c.j     pc - 8
core   0: 3 0x8000b3e8 (0xbfe5)
core   0: 0x8000b3e0 (0x00002f17) auipc   t5, 0x2
core   0: 3 0x8000b3e0 (0x00002f17) x30 0x8000d3e0
core   0: 0x8000b3e4 (0xc23f2023) sw      gp, -992(t5)
core   0: 3 0x8000b3e4 (0xc23f2023) mem 0x8000d000 0x00000001
core   0: 0x8000b3e8 (0x0000bfe5) c.j     pc - 8
core   0: 3 0x8000b3e8 (0xbfe5)
core   0: 0x8000b3e0 (0x00002f17) auipc   t5, 0x2
core   0: 3 0x8000b3e0 (0x00002f17) x30 0x8000d3e0
core   0: 0x8000b3e4 (0xc23f2023) sw      gp, -992(t5)
core   0: 3 0x8000b3e4 (0xc23f2023) mem 0x8000d000 0x00000001
core   0: 0x8000b3e8 (0x0000bfe5) c.j     pc - 8
core   0: 3 0x8000b3e8 (0xbfe5)
core   0: 0x8000b3e0 (0x00002f17) auipc   t5, 0x2
core   0: 3 0x8000b3e0 (0x00002f17) x30 0x8000d3e0
core   0: 0x8000b3e4 (0xc23f2023) sw      gp, -992(t5)
core   0: 3 0x8000b3e4 (0xc23f2023) mem 0x8000d000 0x00000001
core   0: 0x8000b3e8 (0x0000bfe5) c.j     pc - 8
core   0: 3 0x8000b3e8 (0xbfe5)
core   0: 0x8000b3e0 (0x00002f17) auipc   t5, 0x2
core   0: 3 0x8000b3e0 (0x00002f17) x30 0x8000d3e0
core   0: 0x8000b3e4 (0xc23f2023) sw      gp, -992(t5)
core   0: 3 0x8000b3e4 (0xc23f2023) mem 0x8000d000 0x00000001
core   0: 0x8000b3e8 (0x0000bfe5) c.j     pc - 8
core   0: 3 0x8000b3e8 (0xbfe5)
core   0: 0x8000b3e0 (0x00002f17) auipc   t5, 0x2
core   0: 3 0x8000b3e0 (0x00002f17) x30 0x8000d3e0
core   0: 0x8000b3e4 (0xc23f2023) sw      gp, -992(t5)
core   0: 3 0x8000b3e4 (0xc23f2023) mem 0x8000d000 0x00000001
core   0: 0x8000b3e8 (0x0000bfe5) c.j     pc - 8
core   0: 3 0x8000b3e8 (0xbfe5)
core   0: 0x8000b3e0 (0x00002f17) auipc   t5, 0x2
core   0: 3 0x8000b3e0 (0x00002f17) x30 0x8000d3e0
core   0: 0x8000b3e4 (0xc23f2023) sw      gp, -992(t5)
core   0: 3 0x8000b3e4 (0xc23f2023) mem 0x8000d000 0x00000001
core   0: 0x8000b3e8 (0x0000bfe5) c.j     pc - 8
core   0: 3 0x8000b3e8 (0xbfe5)
core   0: 0x8000b3e0 (0x00002f17) auipc   t5, 0x2
core   0: 3 0x8000b3e0 (0x00002f17) x30 0x8000d3e0
core   0: 0x8000b3e4 (0xc23f2023) sw      gp, -992(t5)
core   0: 3 0x8000b3e4 (0xc23f2023) mem 0x8000d000 0x00000001
core   0: 0x8000b3e8 (0x0000bfe5) c.j     pc - 8
core   0: 3 0x8000b3e8 (0xbfe5)
core   0: 0x8000b3e0 (0x00002f17) auipc   t5, 0x2
core   0: 3 0x8000b3e0 (0x00002f17) x30 0x8000d3e0
core   0: 0x8000b3e4 (0xc23f2023) sw      gp, -992(t5)
core   0: 3 0x8000b3e4 (0xc23f2023) mem 0x8000d000 0x00000001
core   0: 0x8000b3e8 (0x0000bfe5) c.j     pc - 8
core   0: 3 0x8000b3e8 (0xbfe5)
core   0: 0x8000b3e0 (0x00002f17) auipc   t5, 0x2
core   0: 3 0x8000b3e0 (0x00002f17) x30 0x8000d3e0
core   0: 0x8000b3e4 (0xc23f2023) sw      gp, -992(t5)
core   0: 3 0x8000b3e4 (0xc23f2023) mem 0x8000d000 0x00000001
core   0: 0x8000b3e8 (0x0000bfe5) c.j     pc - 8
core   0: 3 0x8000b3e8 (0xbfe5)
core   0: 0x8000b3e0 (0x00002f17) auipc   t5, 0x2
core   0: 3 0x8000b3e0 (0x00002f17) x30 0x8000d3e0
core   0: 0x8000b3e4 (0xc23f2023) sw      gp, -992(t5)
core   0: 3 0x8000b3e4 (0xc23f2023) mem 0x8000d000 0x00000001
core   0: 0x8000b3e8 (0x0000bfe5) c.j     pc - 8
core   0: 3 0x8000b3e8 (0xbfe5)
core   0: 0x8000b3e0 (0x00002f17) auipc   t5, 0x2
core   0: 3 0x8000b3e0 (0x00002f17) x30 0x8000d3e0
core   0: 0x8000b3e4 (0xc23f2023) sw      gp, -992(t5)
core   0: 3 0x8000b3e4 (0xc23f2023) mem 0x8000d000 0x00000001
core   0: 0x8000b3e8 (0x0000bfe5) c.j     pc - 8
core   0: 3 0x8000b3e8 (0xbfe5)
core   0: 0x8000b3e0 (0x00002f17) auipc   t5, 0x2
core   0: 3 0x8000b3e0 (0x00002f17) x30 0x8000d3e0
core   0: 0x8000b3e4 (0xc23f2023) sw      gp, -992(t5)
core   0: 3 0x8000b3e4 (0xc23f2023) mem 0x8000d000 0x00000001
core   0: 0x8000b3e8 (0x0000bfe5) c.j     pc - 8
core   0: 3 0x8000b3e8 (0xbfe5)
core   0: 0x8000b3e0 (0x00002f17) auipc   t5, 0x2
core   0: 3 0x8000b3e0 (0x00002f17) x30 0x8000d3e0
core   0: 0x8000b3e4 (0xc23f2023) sw      gp, -992(t5)
core   0: 3 0x8000b3e4 (0xc23f2023) mem 0x8000d000 0x00000001
core   0: 0x8000b3e8 (0x0000bfe5) c.j     pc - 8
core   0: 3 0x8000b3e8 (0xbfe5)
core   0: 0x8000b3e0 (0x00002f17) auipc   t5, 0x2
core   0: 3 0x8000b3e0 (0x00002f17) x30 0x8000d3e0
core   0: 0x8000b3e4 (0xc23f2023) sw      gp, -992(t5)
core   0: 3 0x8000b3e4 (0xc23f2023) mem 0x8000d000 0x00000001
core   0: 0x8000b3e8 (0x0000bfe5) c.j     pc - 8
core   0: 3 0x8000b3e8 (0xbfe5)
core   0: 0x8000b3e0 (0x00002f17) auipc   t5, 0x2
core   0: 3 0x8000b3e0 (0x00002f17) x30 0x8000d3e0
core   0: 0x8000b3e4 (0xc23f2023) sw      gp, -992(t5)
core   0: 3 0x8000b3e4 (0xc23f2023) mem 0x8000d000 0x00000001
core   0: 0x8000b3e8 (0x0000bfe5) c.j     pc - 8
core   0: 3 0x8000b3e8 (0xbfe5)
core   0: 0x8000b3e0 (0x00002f17) auipc   t5, 0x2
core   0: 3 0x8000b3e0 (0x00002f17) x30 0x8000d3e0
core   0: 0x8000b3e4 (0xc23f2023) sw      gp, -992(t5)
core   0: 3 0x8000b3e4 (0xc23f2023) mem 0x8000d000 0x00000001
core   0: 0x8000b3e8 (0x0000bfe5) c.j     pc - 8
core   0: 3 0x8000b3e8 (0xbfe5)
core   0: 0x8000b3e0 (0x00002f17) auipc   t5, 0x2
core   0: 3 0x8000b3e0 (0x00002f17) x30 0x8000d3e0
core   0: 0x8000b3e4 (0xc23f2023) sw      gp, -992(t5)
core   0: 3 0x8000b3e4 (0xc23f2023) mem 0x8000d000 0x00000001
core   0: 0x8000b3e8 (0x0000bfe5) c.j     pc - 8
core   0: 3 0x8000b3e8 (0xbfe5)
core   0: 0x8000b3e0 (0x00002f17) auipc   t5, 0x2
core   0: 3 0x8000b3e0 (0x00002f17) x30 0x8000d3e0
core   0: 0x8000b3e4 (0xc23f2023) sw      gp, -992(t5)
core   0: 3 0x8000b3e4 (0xc23f2023) mem 0x8000d000 0x00000001
core   0: 0x8000b3e8 (0x0000bfe5) c.j     pc - 8
core   0: 3 0x8000b3e8 (0xbfe5)
core   0: 0x8000b3e0 (0x00002f17) auipc   t5, 0x2
core   0: 3 0x8000b3e0 (0x00002f17) x30 0x8000d3e0
core   0: 0x8000b3e4 (0xc23f2023) sw      gp, -992(t5)
core   0: 3 0x8000b3e4 (0xc23f2023) mem 0x8000d000 0x00000001
core   0: 0x8000b3e8 (0x0000bfe5) c.j     pc - 8
core   0: 3 0x8000b3e8 (0xbfe5)
core   0: 0x8000b3e0 (0x00002f17) auipc   t5, 0x2
core   0: 3 0x8000b3e0 (0x00002f17) x30 0x8000d3e0
core   0: 0x8000b3e4 (0xc23f2023) sw      gp, -992(t5)
core   0: 3 0x8000b3e4 (0xc23f2023) mem 0x8000d000 0x00000001
core   0: 0x8000b3e8 (0x0000bfe5) c.j     pc - 8
core   0: 3 0x8000b3e8 (0xbfe5)
core   0: 0x8000b3e0 (0x00002f17) auipc   t5, 0x2
core   0: 3 0x8000b3e0 (0x00002f17) x30 0x8000d3e0
core   0: 0x8000b3e4 (0xc23f2023) sw      gp, -992(t5)
core   0: 3 0x8000b3e4 (0xc23f2023) mem 0x8000d000 0x00000001
core   0: 0x8000b3e8 (0x0000bfe5) c.j     pc - 8
core   0: 3 0x8000b3e8 (0xbfe5)
core   0: 0x8000b3e0 (0x00002f17) auipc   t5, 0x2
core   0: 3 0x8000b3e0 (0x00002f17) x30 0x8000d3e0
core   0: 0x8000b3e4 (0xc23f2023) sw      gp, -992(t5)
core   0: 3 0x8000b3e4 (0xc23f2023) mem 0x8000d000 0x00000001
core   0: 0x8000b3e8 (0x0000bfe5) c.j     pc - 8
core   0: 3 0x8000b3e8 (0xbfe5)
core   0: 0x8000b3e0 (0x00002f17) auipc   t5, 0x2
core   0: 3 0x8000b3e0 (0x00002f17) x30 0x8000d3e0
core   0: 0x8000b3e4 (0xc23f2023) sw      gp, -992(t5)
core   0: 3 0x8000b3e4 (0xc23f2023) mem 0x8000d000 0x00000001
core   0: 0x8000b3e8 (0x0000bfe5) c.j     pc - 8
core   0: 3 0x8000b3e8 (0xbfe5)
core   0: 0x8000b3e0 (0x00002f17) auipc   t5, 0x2
core   0: 3 0x8000b3e0 (0x00002f17) x30 0x8000d3e0
core   0: 0x8000b3e4 (0xc23f2023) sw      gp, -992(t5)
core   0: 3 0x8000b3e4 (0xc23f2023) mem 0x8000d000 0x00000001
core   0: 0x8000b3e8 (0x0000bfe5) c.j     pc - 8
core   0: 3 0x8000b3e8 (0xbfe5)
core   0: 0x8000b3e0 (0x00002f17) auipc   t5, 0x2
core   0: 3 0x8000b3e0 (0x00002f17) x30 0x8000d3e0
core   0: 0x8000b3e4 (0xc23f2023) sw      gp, -992(t5)
core   0: 3 0x8000b3e4 (0xc23f2023) mem 0x8000d000 0x00000001
core   0: 0x8000b3e8 (0x0000bfe5) c.j     pc - 8
core   0: 3 0x8000b3e8 (0xbfe5)
core   0: 0x8000b3e0 (0x00002f17) auipc   t5, 0x2
core   0: 3 0x8000b3e0 (0x00002f17) x30 0x8000d3e0
core   0: 0x8000b3e4 (0xc23f2023) sw      gp, -992(t5)
core   0: 3 0x8000b3e4 (0xc23f2023) mem 0x8000d000 0x00000001
core   0: 0x8000b3e8 (0x0000bfe5) c.j     pc - 8
core   0: 3 0x8000b3e8 (0xbfe5)
core   0: 0x8000b3e0 (0x00002f17) auipc   t5, 0x2
core   0: 3 0x8000b3e0 (0x00002f17) x30 0x8000d3e0
core   0: 0x8000b3e4 (0xc23f2023) sw      gp, -992(t5)
core   0: 3 0x8000b3e4 (0xc23f2023) mem 0x8000d000 0x00000001
core   0: 0x8000b3e8 (0x0000bfe5) c.j     pc - 8
core   0: 3 0x8000b3e8 (0xbfe5)
core   0: 0x8000b3e0 (0x00002f17) auipc   t5, 0x2
core   0: 3 0x8000b3e0 (0x00002f17) x30 0x8000d3e0
core   0: 0x8000b3e4 (0xc23f2023) sw      gp, -992(t5)
core   0: 3 0x8000b3e4 (0xc23f2023) mem 0x8000d000 0x00000001
core   0: 0x8000b3e8 (0x0000bfe5) c.j     pc - 8
core   0: 3 0x8000b3e8 (0xbfe5)
core   0: 0x8000b3e0 (0x00002f17) auipc   t5, 0x2
core   0: 3 0x8000b3e0 (0x00002f17) x30 0x8000d3e0
core   0: 0x8000b3e4 (0xc23f2023) sw      gp, -992(t5)
core   0: 3 0x8000b3e4 (0xc23f2023) mem 0x8000d000 0x00000001
core   0: 0x8000b3e8 (0x0000bfe5) c.j     pc - 8
core   0: 3 0x8000b3e8 (0xbfe5)
core   0: 0x8000b3e0 (0x00002f17) auipc   t5, 0x2
core   0: 3 0x8000b3e0 (0x00002f17) x30 0x8000d3e0
core   0: 0x8000b3e4 (0xc23f2023) sw      gp, -992(t5)
core   0: 3 0x8000b3e4 (0xc23f2023) mem 0x8000d000 0x00000001
core   0: 0x8000b3e8 (0x0000bfe5) c.j     pc - 8
core   0: 3 0x8000b3e8 (0xbfe5)
core   0: 0x8000b3e0 (0x00002f17) auipc   t5, 0x2
core   0: 3 0x8000b3e0 (0x00002f17) x30 0x8000d3e0
core   0: 0x8000b3e4 (0xc23f2023) sw      gp, -992(t5)
core   0: 3 0x8000b3e4 (0xc23f2023) mem 0x8000d000 0x00000001
core   0: 0x8000b3e8 (0x0000bfe5) c.j     pc - 8
core   0: 3 0x8000b3e8 (0xbfe5)
core   0: 0x8000b3e0 (0x00002f17) auipc   t5, 0x2
core   0: 3 0x8000b3e0 (0x00002f17) x30 0x8000d3e0
core   0: 0x8000b3e4 (0xc23f2023) sw      gp, -992(t5)
core   0: 3 0x8000b3e4 (0xc23f2023) mem 0x8000d000 0x00000001
core   0: 0x8000b3e8 (0x0000bfe5) c.j     pc - 8
core   0: 3 0x8000b3e8 (0xbfe5)
core   0: 0x8000b3e0 (0x00002f17) auipc   t5, 0x2
core   0: 3 0x8000b3e0 (0x00002f17) x30 0x8000d3e0
core   0: 0x8000b3e4 (0xc23f2023) sw      gp, -992(t5)
core   0: 3 0x8000b3e4 (0xc23f2023) mem 0x8000d000 0x00000001
core   0: 0x8000b3e8 (0x0000bfe5) c.j     pc - 8
core   0: 3 0x8000b3e8 (0xbfe5)
core   0: 0x8000b3e0 (0x00002f17) auipc   t5, 0x2
core   0: 3 0x8000b3e0 (0x00002f17) x30 0x8000d3e0
core   0: 0x8000b3e4 (0xc23f2023) sw      gp, -992(t5)
core   0: 3 0x8000b3e4 (0xc23f2023) mem 0x8000d000 0x00000001
core   0: 0x8000b3e8 (0x0000bfe5) c.j     pc - 8
core   0: 3 0x8000b3e8 (0xbfe5)
core   0: 0x8000b3e0 (0x00002f17) auipc   t5, 0x2
core   0: 3 0x8000b3e0 (0x00002f17) x30 0x8000d3e0
core   0: 0x8000b3e4 (0xc23f2023) sw      gp, -992(t5)
core   0: 3 0x8000b3e4 (0xc23f2023) mem 0x8000d000 0x00000001
core   0: 0x8000b3e8 (0x0000bfe5) c.j     pc - 8
core   0: 3 0x8000b3e8 (0xbfe5)
core   0: 0x8000b3e0 (0x00002f17) auipc   t5, 0x2
core   0: 3 0x8000b3e0 (0x00002f17) x30 0x8000d3e0
core   0: 0x8000b3e4 (0xc23f2023) sw      gp, -992(t5)
core   0: 3 0x8000b3e4 (0xc23f2023) mem 0x8000d000 0x00000001
core   0: 0x8000b3e8 (0x0000bfe5) c.j     pc - 8
core   0: 3 0x8000b3e8 (0xbfe5)
core   0: 0x8000b3e0 (0x00002f17) auipc   t5, 0x2
core   0: 3 0x8000b3e0 (0x00002f17) x30 0x8000d3e0
core   0: 0x8000b3e4 (0xc23f2023) sw      gp, -992(t5)
core   0: 3 0x8000b3e4 (0xc23f2023) mem 0x8000d000 0x00000001
core   0: 0x8000b3e8 (0x0000bfe5) c.j     pc - 8
core   0: 3 0x8000b3e8 (0xbfe5)
core   0: 0x8000b3e0 (0x00002f17) auipc   t5, 0x2
core   0: 3 0x8000b3e0 (0x00002f17) x30 0x8000d3e0
core   0: 0x8000b3e4 (0xc23f2023) sw      gp, -992(t5)
core   0: 3 0x8000b3e4 (0xc23f2023) mem 0x8000d000 0x00000001
core   0: 0x8000b3e8 (0x0000bfe5) c.j     pc - 8
core   0: 3 0x8000b3e8 (0xbfe5)
core   0: 0x8000b3e0 (0x00002f17) auipc   t5, 0x2
core   0: 3 0x8000b3e0 (0x00002f17) x30 0x8000d3e0
core   0: 0x8000b3e4 (0xc23f2023) sw      gp, -992(t5)
core   0: 3 0x8000b3e4 (0xc23f2023) mem 0x8000d000 0x00000001
core   0: 0x8000b3e8 (0x0000bfe5) c.j     pc - 8
core   0: 3 0x8000b3e8 (0xbfe5)
core   0: 0x8000b3e0 (0x00002f17) auipc   t5, 0x2
core   0: 3 0x8000b3e0 (0x00002f17) x30 0x8000d3e0
core   0: 0x8000b3e4 (0xc23f2023) sw      gp, -992(t5)
core   0: 3 0x8000b3e4 (0xc23f2023) mem 0x8000d000 0x00000001
