core   0: 0x00001000 (0x00000297) auipc   t0, 0x0
core   0: 3 0x00001000 (0x00000297) x5  0x00001000
core   0: 0x00001004 (0x02028593) addi    a1, t0, 32
core   0: 3 0x00001004 (0x02028593) x11 0x00001020
core   0: 0x00001008 (0xf1402573) csrr    a0, mhartid
core   0: 3 0x00001008 (0xf1402573) x10 0x00000000
core   0: 0x0000100c (0x0182a283) lw      t0, 24(t0)
core   0: 3 0x0000100c (0x0182a283) x5  0x80000000 mem 0x00001018
core   0: 0x00001010 (0x00028067) jr      t0
core   0: 3 0x00001010 (0x00028067)
core   0: 0x80000000 (0xf14022f3) csrr    t0, mhartid
core   0: 3 0x80000000 (0xf14022f3) x5  0x00000000
core   0: 0x80000004 (0x00004301) c.li    t1, 0
core   0: 3 0x80000004 (0x4301) x6  0x00000000
core   0: 0x80000006 (0x00628263) beq     t0, t1, pc + 4
core   0: 3 0x80000006 (0x00628263)
core   0: 0x8000000a (0x00000c17) auipc   s8, 0x0
core   0: 3 0x8000000a (0x00000c17) x24 0x8000000a
core   0: 0x8000000e (0x00cc0c13) addi    s8, s8, 12
core   0: 3 0x8000000e (0x00cc0c13) x24 0x80000016
core   0: 0x80000012 (0x000c0067) jr      s8
core   0: 3 0x80000012 (0x000c0067)
core   0: 0x80000016 (0x40001937) lui     s2, 0x40001
core   0: 3 0x80000016 (0x40001937) x18 0x40001000
core   0: 0x8000001a (0x10490913) addi    s2, s2, 260
core   0: 3 0x8000001a (0x10490913) x18 0x40001104
core   0: 0x8000001e (0x30191073) csrw    misa, s2
core   0: 3 0x8000001e (0x30191073) c769_misa 0x40141104
core   0: 0x80000022 (0x0002a417) auipc   s0, 0x2a
core   0: 3 0x80000022 (0x0002a417) x8  0x8002a022
core   0: 0x80000026 (0xcc240413) addi    s0, s0, -830
core   0: 3 0x80000026 (0xcc240413) x8  0x80029ce4
core   0: 0x8000002a (0x0000b917) auipc   s2, 0xb
core   0: 3 0x8000002a (0x0000b917) x18 0x8000b02a
core   0: 0x8000002e (0xfde90913) addi    s2, s2, -34
core   0: 3 0x8000002e (0xfde90913) x18 0x8000b008
core   0: 0x80000032 (0x00096913) ori     s2, s2, 0
core   0: 3 0x80000032 (0x00096913) x18 0x8000b008
core   0: 0x80000036 (0x30591073) csrw    mtvec, s2
core   0: 3 0x80000036 (0x30591073) c773_mtvec 0x8000b008
core   0: 0x8000003a (0x00000917) auipc   s2, 0x0
core   0: 3 0x8000003a (0x00000917) x18 0x8000003a
core   0: 0x8000003e (0x02290913) addi    s2, s2, 34
core   0: 3 0x8000003e (0x02290913) x18 0x8000005c
core   0: 0x80000042 (0x34191073) csrw    mepc, s2
core   0: 3 0x80000042 (0x34191073) c833_mepc 0x8000005c
core   0: 0x80000046 (0x00000001) c.nop
core   0: 3 0x80000046 (0x0001)
core   0: 0x80000048 (0x00006909) c.lui   s2, 0x2
core   0: 3 0x80000048 (0x6909) x18 0x00002000
core   0: 0x8000004a (0x80090913) addi    s2, s2, -2048
core   0: 3 0x8000004a (0x80090913) x18 0x00001800
core   0: 0x8000004e (0x30091073) csrw    mstatus, s2
core   0: 3 0x8000004e (0x30091073) c768_mstatus 0x00001800
core   0: 0x80000052 (0x00004901) c.li    s2, 0
core   0: 3 0x80000052 (0x4901) x18 0x00000000
core   0: 0x80000054 (0x30491073) csrw    mie, s2
core   0: 3 0x80000054 (0x30491073) c772_mie 0x00000000
core   0: 0x80000058 (0x30200073) mret
core   0: 3 0x80000058 (0x30200073) c784_mstatush 0x00000000 c768_mstatus 0x00000080
core   0: >>>>  init
core   0: 0x8000005c (0xfa9b3037) lui     zero, 0xfa9b3
core   0: 3 0x8000005c (0xfa9b3037)
core   0: 0x80000060 (0x3d500013) li      zero, 981
core   0: 3 0x80000060 (0x3d500013)
core   0: 0x80000064 (0x000040a9) c.li    ra, 10
core   0: 3 0x80000064 (0x40a9) x1  0x0000000a
core   0: 0x80000066 (0x80000137) lui     sp, 0x80000
core   0: 3 0x80000066 (0x80000137) x2  0x80000000
core   0: 0x8000006a (0xc24051b7) lui     gp, 0xc2405
core   0: 3 0x8000006a (0xc24051b7) x3  0xc2405000
core   0: 0x8000006e (0xa9418193) addi    gp, gp, -1388
core   0: 3 0x8000006e (0xa9418193) x3  0xc2404a94
core   0: 0x80000072 (0x00004201) c.li    tp, 0
core   0: 3 0x80000072 (0x4201) x4  0x00000000
core   0: 0x80000074 (0x800002b7) lui     t0, 0x80000
core   0: 3 0x80000074 (0x800002b7) x5  0x80000000
core   0: 0x80000078 (0x00004325) c.li    t1, 9
core   0: 3 0x80000078 (0x4325) x6  0x00000009
core   0: 0x8000007a (0x5b9723b7) lui     t2, 0x5b972
core   0: 3 0x8000007a (0x5b9723b7) x7  0x5b972000
core   0: 0x8000007e (0x1c738393) addi    t2, t2, 455
core   0: 3 0x8000007e (0x1c738393) x7  0x5b9721c7
core   0: 0x80000082 (0x800004b7) lui     s1, 0x80000
core   0: 3 0x80000082 (0x800004b7) x9  0x80000000
core   0: 0x80000086 (0xf09e7537) lui     a0, 0xf09e7
core   0: 3 0x80000086 (0xf09e7537) x10 0xf09e7000
core   0: 0x8000008a (0xc8150513) addi    a0, a0, -895
core   0: 3 0x8000008a (0xc8150513) x10 0xf09e6c81
core   0: 0x8000008e (0xfe5435b7) lui     a1, 0xfe543
core   0: 3 0x8000008e (0xfe5435b7) x11 0xfe543000
core   0: 0x80000092 (0x15c58593) addi    a1, a1, 348
core   0: 3 0x80000092 (0x15c58593) x11 0xfe54315c
core   0: 0x80000096 (0x00004601) c.li    a2, 0
core   0: 3 0x80000096 (0x4601) x12 0x00000000
core   0: 0x80000098 (0x00004719) c.li    a4, 6
core   0: 3 0x80000098 (0x4719) x14 0x00000006
core   0: 0x8000009a (0x800007b7) lui     a5, 0x80000
core   0: 3 0x8000009a (0x800007b7) x15 0x80000000
core   0: 0x8000009e (0x80000837) lui     a6, 0x80000
core   0: 3 0x8000009e (0x80000837) x16 0x80000000
core   0: 0x800000a2 (0xfd5d48b7) lui     a7, 0xfd5d4
core   0: 3 0x800000a2 (0xfd5d48b7) x17 0xfd5d4000
core   0: 0x800000a6 (0x29a88893) addi    a7, a7, 666
core   0: 3 0x800000a6 (0x29a88893) x17 0xfd5d429a
core   0: 0x800000aa (0x809ca937) lui     s2, 0x809ca
core   0: 3 0x800000aa (0x809ca937) x18 0x809ca000
core   0: 0x800000ae (0xe1190913) addi    s2, s2, -495
core   0: 3 0x800000ae (0xe1190913) x18 0x809c9e11
core   0: 0x800000b2 (0x00004981) c.li    s3, 0
core   0: 3 0x800000b2 (0x4981) x19 0x00000000
core   0: 0x800000b4 (0x80000a37) lui     s4, 0x80000
core   0: 3 0x800000b4 (0x80000a37) x20 0x80000000
core   0: 0x800000b8 (0x80000ab7) lui     s5, 0x80000
core   0: 3 0x800000b8 (0x80000ab7) x21 0x80000000
core   0: 0x800000bc (0xf19efb37) lui     s6, 0xf19ef
core   0: 3 0x800000bc (0xf19efb37) x22 0xf19ef000
core   0: 0x800000c0 (0x483b0b13) addi    s6, s6, 1155
core   0: 3 0x800000c0 (0x483b0b13) x22 0xf19ef483
core   0: 0x800000c4 (0x00004b81) c.li    s7, 0
core   0: 3 0x800000c4 (0x4b81) x23 0x00000000
core   0: 0x800000c6 (0xfba32c37) lui     s8, 0xfba32
core   0: 3 0x800000c6 (0xfba32c37) x24 0xfba32000
core   0: 0x800000ca (0x397c0c13) addi    s8, s8, 919
core   0: 3 0x800000ca (0x397c0c13) x24 0xfba32397
core   0: 0x800000ce (0x00004cb1) c.li    s9, 12
core   0: 3 0x800000ce (0x4cb1) x25 0x0000000c
core   0: 0x800000d0 (0x00004d11) c.li    s10, 4
core   0: 3 0x800000d0 (0x4d11) x26 0x00000004
core   0: 0x800000d2 (0x00004d81) c.li    s11, 0
core   0: 3 0x800000d2 (0x4d81) x27 0x00000000
core   0: 0x800000d4 (0xf972ce37) lui     t3, 0xf972c
core   0: 3 0x800000d4 (0xf972ce37) x28 0xf972c000
core   0: 0x800000d8 (0x7d2e0e13) addi    t3, t3, 2002
core   0: 3 0x800000d8 (0x7d2e0e13) x28 0xf972c7d2
core   0: 0x800000dc (0x00004e81) c.li    t4, 0
core   0: 3 0x800000dc (0x4e81) x29 0x00000000
core   0: 0x800000de (0xfaa47f37) lui     t5, 0xfaa47
core   0: 3 0x800000de (0xfaa47f37) x30 0xfaa47000
core   0: 0x800000e2 (0xa55f0f13) addi    t5, t5, -1451
core   0: 3 0x800000e2 (0xa55f0f13) x30 0xfaa46a55
core   0: 0x800000e6 (0xf84b4fb7) lui     t6, 0xf84b4
core   0: 3 0x800000e6 (0xf84b4fb7) x31 0xf84b4000
core   0: 0x800000ea (0x370f8f93) addi    t6, t6, 880
core   0: 3 0x800000ea (0x370f8f93) x31 0xf84b4370
core   0: 0x800000ee (0x00026697) auipc   a3, 0x26
core   0: 3 0x800000ee (0x00026697) x13 0x800260ee
core   0: 0x800000f2 (0xd7668693) addi    a3, a3, -650
core   0: 3 0x800000f2 (0xd7668693) x13 0x80025e64
core   0: 0x800000f6 (0x00005eed) c.li    t4, -5
core   0: 3 0x800000f6 (0x5eed) x29 0xfffffffb
core   0: 0x800000f8 (0x00004135) c.li    sp, 13
core   0: 3 0x800000f8 (0x4135) x2  0x0000000d
core   0: 0x800000fa (0x00008e05) c.sub   a2, s1
core   0: 3 0x800000fa (0x8e05) x12 0x80000000
core   0: 0x800000fc (0x00000e89) c.addi  t4, 2
core   0: 3 0x800000fc (0x0e89) x29 0xfffffffd
core   0: 0x800000fe (0x00005d69) c.li    s10, -6
core   0: 3 0x800000fe (0x5d69) x26 0xfffffffa
core   0: 0x80000100 (0x00004da5) c.li    s11, 9
core   0: 3 0x80000100 (0x4da5) x27 0x00000009
core   0: 0x80000102 (0x42a16a13) ori     s4, sp, 1066
core   0: 3 0x80000102 (0x42a16a13) x20 0x0000042f
core   0: 0x80000106 (0x00000d29) c.addi  s10, 10
core   0: 3 0x80000106 (0x0d29) x26 0x00000004
core   0: 0x80000108 (0xffbd6de3) bltu    s10, s11, pc - 6
core   0: 3 0x80000108 (0xffbd6de3)
core   0: 0x80000102 (0x42a16a13) ori     s4, sp, 1066
core   0: 3 0x80000102 (0x42a16a13) x20 0x0000042f
core   0: 0x80000106 (0x00000d29) c.addi  s10, 10
core   0: 3 0x80000106 (0x0d29) x26 0x0000000e
core   0: 0x80000108 (0xffbd6de3) bltu    s10, s11, pc - 6
core   0: 3 0x80000108 (0xffbd6de3)
core   0: 0x8000010c (0xfe2e97e3) bne     t4, sp, pc - 18
core   0: 3 0x8000010c (0xfe2e97e3)
core   0: 0x800000fa (0x00008e05) c.sub   a2, s1
core   0: 3 0x800000fa (0x8e05) x12 0x00000000
core   0: 0x800000fc (0x00000e89) c.addi  t4, 2
core   0: 3 0x800000fc (0x0e89) x29 0xffffffff
core   0: 0x800000fe (0x00005d69) c.li    s10, -6
core   0: 3 0x800000fe (0x5d69) x26 0xfffffffa
core   0: 0x80000100 (0x00004da5) c.li    s11, 9
core   0: 3 0x80000100 (0x4da5) x27 0x00000009
core   0: 0x80000102 (0x42a16a13) ori     s4, sp, 1066
core   0: 3 0x80000102 (0x42a16a13) x20 0x0000042f
core   0: 0x80000106 (0x00000d29) c.addi  s10, 10
core   0: 3 0x80000106 (0x0d29) x26 0x00000004
core   0: 0x80000108 (0xffbd6de3) bltu    s10, s11, pc - 6
core   0: 3 0x80000108 (0xffbd6de3)
core   0: 0x80000102 (0x42a16a13) ori     s4, sp, 1066
core   0: 3 0x80000102 (0x42a16a13) x20 0x0000042f
core   0: 0x80000106 (0x00000d29) c.addi  s10, 10
core   0: 3 0x80000106 (0x0d29) x26 0x0000000e
core   0: 0x80000108 (0xffbd6de3) bltu    s10, s11, pc - 6
core   0: 3 0x80000108 (0xffbd6de3)
core   0: 0x8000010c (0xfe2e97e3) bne     t4, sp, pc - 18
core   0: 3 0x8000010c (0xfe2e97e3)
core   0: 0x800000fa (0x00008e05) c.sub   a2, s1
core   0: 3 0x800000fa (0x8e05) x12 0x80000000
core   0: 0x800000fc (0x00000e89) c.addi  t4, 2
core   0: 3 0x800000fc (0x0e89) x29 0x00000001
core   0: 0x800000fe (0x00005d69) c.li    s10, -6
core   0: 3 0x800000fe (0x5d69) x26 0xfffffffa
core   0: 0x80000100 (0x00004da5) c.li    s11, 9
core   0: 3 0x80000100 (0x4da5) x27 0x00000009
core   0: 0x80000102 (0x42a16a13) ori     s4, sp, 1066
core   0: 3 0x80000102 (0x42a16a13) x20 0x0000042f
core   0: 0x80000106 (0x00000d29) c.addi  s10, 10
core   0: 3 0x80000106 (0x0d29) x26 0x00000004
core   0: 0x80000108 (0xffbd6de3) bltu    s10, s11, pc - 6
core   0: 3 0x80000108 (0xffbd6de3)
core   0: 0x80000102 (0x42a16a13) ori     s4, sp, 1066
core   0: 3 0x80000102 (0x42a16a13) x20 0x0000042f
core   0: 0x80000106 (0x00000d29) c.addi  s10, 10
core   0: 3 0x80000106 (0x0d29) x26 0x0000000e
core   0: 0x80000108 (0xffbd6de3) bltu    s10, s11, pc - 6
core   0: 3 0x80000108 (0xffbd6de3)
core   0: 0x8000010c (0xfe2e97e3) bne     t4, sp, pc - 18
core   0: 3 0x8000010c (0xfe2e97e3)
core   0: 0x800000fa (0x00008e05) c.sub   a2, s1
core   0: 3 0x800000fa (0x8e05) x12 0x00000000
core   0: 0x800000fc (0x00000e89) c.addi  t4, 2
core   0: 3 0x800000fc (0x0e89) x29 0x00000003
core   0: 0x800000fe (0x00005d69) c.li    s10, -6
core   0: 3 0x800000fe (0x5d69) x26 0xfffffffa
core   0: 0x80000100 (0x00004da5) c.li    s11, 9
core   0: 3 0x80000100 (0x4da5) x27 0x00000009
core   0: 0x80000102 (0x42a16a13) ori     s4, sp, 1066
core   0: 3 0x80000102 (0x42a16a13) x20 0x0000042f
core   0: 0x80000106 (0x00000d29) c.addi  s10, 10
core   0: 3 0x80000106 (0x0d29) x26 0x00000004
core   0: 0x80000108 (0xffbd6de3) bltu    s10, s11, pc - 6
core   0: 3 0x80000108 (0xffbd6de3)
core   0: 0x80000102 (0x42a16a13) ori     s4, sp, 1066
core   0: 3 0x80000102 (0x42a16a13) x20 0x0000042f
core   0: 0x80000106 (0x00000d29) c.addi  s10, 10
core   0: 3 0x80000106 (0x0d29) x26 0x0000000e
core   0: 0x80000108 (0xffbd6de3) bltu    s10, s11, pc - 6
core   0: 3 0x80000108 (0xffbd6de3)
core   0: 0x8000010c (0xfe2e97e3) bne     t4, sp, pc - 18
core   0: 3 0x8000010c (0xfe2e97e3)
core   0: 0x800000fa (0x00008e05) c.sub   a2, s1
core   0: 3 0x800000fa (0x8e05) x12 0x80000000
core   0: 0x800000fc (0x00000e89) c.addi  t4, 2
core   0: 3 0x800000fc (0x0e89) x29 0x00000005
core   0: 0x800000fe (0x00005d69) c.li    s10, -6
core   0: 3 0x800000fe (0x5d69) x26 0xfffffffa
core   0: 0x80000100 (0x00004da5) c.li    s11, 9
core   0: 3 0x80000100 (0x4da5) x27 0x00000009
core   0: 0x80000102 (0x42a16a13) ori     s4, sp, 1066
core   0: 3 0x80000102 (0x42a16a13) x20 0x0000042f
core   0: 0x80000106 (0x00000d29) c.addi  s10, 10
core   0: 3 0x80000106 (0x0d29) x26 0x00000004
core   0: 0x80000108 (0xffbd6de3) bltu    s10, s11, pc - 6
core   0: 3 0x80000108 (0xffbd6de3)
core   0: 0x80000102 (0x42a16a13) ori     s4, sp, 1066
core   0: 3 0x80000102 (0x42a16a13) x20 0x0000042f
core   0: 0x80000106 (0x00000d29) c.addi  s10, 10
core   0: 3 0x80000106 (0x0d29) x26 0x0000000e
core   0: 0x80000108 (0xffbd6de3) bltu    s10, s11, pc - 6
core   0: 3 0x80000108 (0xffbd6de3)
core   0: 0x8000010c (0xfe2e97e3) bne     t4, sp, pc - 18
core   0: 3 0x8000010c (0xfe2e97e3)
core   0: 0x800000fa (0x00008e05) c.sub   a2, s1
core   0: 3 0x800000fa (0x8e05) x12 0x00000000
core   0: 0x800000fc (0x00000e89) c.addi  t4, 2
core   0: 3 0x800000fc (0x0e89) x29 0x00000007
core   0: 0x800000fe (0x00005d69) c.li    s10, -6
core   0: 3 0x800000fe (0x5d69) x26 0xfffffffa
core   0: 0x80000100 (0x00004da5) c.li    s11, 9
core   0: 3 0x80000100 (0x4da5) x27 0x00000009
core   0: 0x80000102 (0x42a16a13) ori     s4, sp, 1066
core   0: 3 0x80000102 (0x42a16a13) x20 0x0000042f
core   0: 0x80000106 (0x00000d29) c.addi  s10, 10
core   0: 3 0x80000106 (0x0d29) x26 0x00000004
core   0: 0x80000108 (0xffbd6de3) bltu    s10, s11, pc - 6
core   0: 3 0x80000108 (0xffbd6de3)
core   0: 0x80000102 (0x42a16a13) ori     s4, sp, 1066
core   0: 3 0x80000102 (0x42a16a13) x20 0x0000042f
core   0: 0x80000106 (0x00000d29) c.addi  s10, 10
core   0: 3 0x80000106 (0x0d29) x26 0x0000000e
core   0: 0x80000108 (0xffbd6de3) bltu    s10, s11, pc - 6
core   0: 3 0x80000108 (0xffbd6de3)
core   0: 0x8000010c (0xfe2e97e3) bne     t4, sp, pc - 18
core   0: 3 0x8000010c (0xfe2e97e3)
core   0: 0x800000fa (0x00008e05) c.sub   a2, s1
core   0: 3 0x800000fa (0x8e05) x12 0x80000000
core   0: 0x800000fc (0x00000e89) c.addi  t4, 2
core   0: 3 0x800000fc (0x0e89) x29 0x00000009
core   0: 0x800000fe (0x00005d69) c.li    s10, -6
core   0: 3 0x800000fe (0x5d69) x26 0xfffffffa
core   0: 0x80000100 (0x00004da5) c.li    s11, 9
core   0: 3 0x80000100 (0x4da5) x27 0x00000009
core   0: 0x80000102 (0x42a16a13) ori     s4, sp, 1066
core   0: 3 0x80000102 (0x42a16a13) x20 0x0000042f
core   0: 0x80000106 (0x00000d29) c.addi  s10, 10
core   0: 3 0x80000106 (0x0d29) x26 0x00000004
core   0: 0x80000108 (0xffbd6de3) bltu    s10, s11, pc - 6
core   0: 3 0x80000108 (0xffbd6de3)
core   0: 0x80000102 (0x42a16a13) ori     s4, sp, 1066
core   0: 3 0x80000102 (0x42a16a13) x20 0x0000042f
core   0: 0x80000106 (0x00000d29) c.addi  s10, 10
core   0: 3 0x80000106 (0x0d29) x26 0x0000000e
core   0: 0x80000108 (0xffbd6de3) bltu    s10, s11, pc - 6
core   0: 3 0x80000108 (0xffbd6de3)
core   0: 0x8000010c (0xfe2e97e3) bne     t4, sp, pc - 18
core   0: 3 0x8000010c (0xfe2e97e3)
core   0: 0x800000fa (0x00008e05) c.sub   a2, s1
core   0: 3 0x800000fa (0x8e05) x12 0x00000000
core   0: 0x800000fc (0x00000e89) c.addi  t4, 2
core   0: 3 0x800000fc (0x0e89) x29 0x0000000b
core   0: 0x800000fe (0x00005d69) c.li    s10, -6
core   0: 3 0x800000fe (0x5d69) x26 0xfffffffa
core   0: 0x80000100 (0x00004da5) c.li    s11, 9
core   0: 3 0x80000100 (0x4da5) x27 0x00000009
core   0: 0x80000102 (0x42a16a13) ori     s4, sp, 1066
core   0: 3 0x80000102 (0x42a16a13) x20 0x0000042f
core   0: 0x80000106 (0x00000d29) c.addi  s10, 10
core   0: 3 0x80000106 (0x0d29) x26 0x00000004
core   0: 0x80000108 (0xffbd6de3) bltu    s10, s11, pc - 6
core   0: 3 0x80000108 (0xffbd6de3)
core   0: 0x80000102 (0x42a16a13) ori     s4, sp, 1066
core   0: 3 0x80000102 (0x42a16a13) x20 0x0000042f
core   0: 0x80000106 (0x00000d29) c.addi  s10, 10
core   0: 3 0x80000106 (0x0d29) x26 0x0000000e
core   0: 0x80000108 (0xffbd6de3) bltu    s10, s11, pc - 6
core   0: 3 0x80000108 (0xffbd6de3)
core   0: 0x8000010c (0xfe2e97e3) bne     t4, sp, pc - 18
core   0: 3 0x8000010c (0xfe2e97e3)
core   0: 0x800000fa (0x00008e05) c.sub   a2, s1
core   0: 3 0x800000fa (0x8e05) x12 0x80000000
core   0: 0x800000fc (0x00000e89) c.addi  t4, 2
core   0: 3 0x800000fc (0x0e89) x29 0x0000000d
core   0: 0x800000fe (0x00005d69) c.li    s10, -6
core   0: 3 0x800000fe (0x5d69) x26 0xfffffffa
core   0: 0x80000100 (0x00004da5) c.li    s11, 9
core   0: 3 0x80000100 (0x4da5) x27 0x00000009
core   0: 0x80000102 (0x42a16a13) ori     s4, sp, 1066
core   0: 3 0x80000102 (0x42a16a13) x20 0x0000042f
core   0: 0x80000106 (0x00000d29) c.addi  s10, 10
core   0: 3 0x80000106 (0x0d29) x26 0x00000004
core   0: 0x80000108 (0xffbd6de3) bltu    s10, s11, pc - 6
core   0: 3 0x80000108 (0xffbd6de3)
core   0: 0x80000102 (0x42a16a13) ori     s4, sp, 1066
core   0: 3 0x80000102 (0x42a16a13) x20 0x0000042f
core   0: 0x80000106 (0x00000d29) c.addi  s10, 10
core   0: 3 0x80000106 (0x0d29) x26 0x0000000e
core   0: 0x80000108 (0xffbd6de3) bltu    s10, s11, pc - 6
core   0: 3 0x80000108 (0xffbd6de3)
core   0: 0x8000010c (0xfe2e97e3) bne     t4, sp, pc - 18
core   0: 3 0x8000010c (0xfe2e97e3)
core   0: 0x80000110 (0x01951ab3) sll     s5, a0, s9
core   0: 3 0x80000110 (0x01951ab3) x21 0xe6c81000
core   0: 0x80000114 (0x00004519) c.li    a0, 6
core   0: 3 0x80000114 (0x4519) x10 0x00000006
core   0: 0x80000116 (0x00000001) c.nop
core   0: 3 0x80000116 (0x0001)
core   0: 0x80000118 (0x00000001) c.nop
core   0: 3 0x80000118 (0x0001)
core   0: 0x8000011a (0x016915b3) sll     a1, s2, s6
core   0: 3 0x8000011a (0x016915b3) x11 0x04e4f088
core   0: 0x8000011e (0x02bb7eb3) remu    t4, s6, a1
core   0: 3 0x8000011e (0x02bb7eb3) x29 0x01ccea7b
core   0: 0x80000122 (0x00001575) c.addi  a0, -3
core   0: 3 0x80000122 (0x1575) x10 0x00000003
core   0: 0x80000124 (0x00005d69) c.li    s10, -6
core   0: 3 0x80000124 (0x5d69) x26 0xfffffffa
core   0: 0x80000126 (0x029fafb3) mulhsu  t6, t6, s1
core   0: 3 0x80000126 (0x029fafb3) x31 0xfc25a1b8
core   0: 0x8000012a (0x00005175) c.li    sp, -3
core   0: 3 0x8000012a (0x5175) x2  0xfffffffd
core   0: 0x8000012c (0xf48cfb93) andi    s7, s9, -184
core   0: 3 0x8000012c (0xf48cfb93) x23 0x00000008
core   0: 0x80000130 (0x00000d21) c.addi  s10, 8
core   0: 3 0x80000130 (0x0d21) x26 0x00000002
core   0: 0x80000132 (0x00008bf9) c.andi  a5, 30
core   0: 3 0x80000132 (0x8bf9) x15 0x00000000
core   0: 0x80000134 (0xfe2d4ce3) blt     s10, sp, pc - 8
core   0: 3 0x80000134 (0xfe2d4ce3)
core   0: 0x80000138 (0x0000f17d) c.bnez  a0, pc - 26
core   0: 3 0x80000138 (0xf17d)
core   0: 0x8000011e (0x02bb7eb3) remu    t4, s6, a1
core   0: 3 0x8000011e (0x02bb7eb3) x29 0x01ccea7b
core   0: 0x80000122 (0x00001575) c.addi  a0, -3
core   0: 3 0x80000122 (0x1575) x10 0x00000000
core   0: 0x80000124 (0x00005d69) c.li    s10, -6
core   0: 3 0x80000124 (0x5d69) x26 0xfffffffa
core   0: 0x80000126 (0x029fafb3) mulhsu  t6, t6, s1
core   0: 3 0x80000126 (0x029fafb3) x31 0xfe12d0dc
core   0: 0x8000012a (0x00005175) c.li    sp, -3
core   0: 3 0x8000012a (0x5175) x2  0xfffffffd
core   0: 0x8000012c (0xf48cfb93) andi    s7, s9, -184
core   0: 3 0x8000012c (0xf48cfb93) x23 0x00000008
core   0: 0x80000130 (0x00000d21) c.addi  s10, 8
core   0: 3 0x80000130 (0x0d21) x26 0x00000002
core   0: 0x80000132 (0x00008bf9) c.andi  a5, 30
core   0: 3 0x80000132 (0x8bf9) x15 0x00000000
core   0: 0x80000134 (0xfe2d4ce3) blt     s10, sp, pc - 8
core   0: 3 0x80000134 (0xfe2d4ce3)
core   0: 0x80000138 (0x0000f17d) c.bnez  a0, pc - 26
core   0: 3 0x80000138 (0xf17d)
core   0: 0x8000013a (0x000084ce) c.mv    s1, s3
core   0: 3 0x8000013a (0x84ce) x9  0x00000000
core   0: 0x8000013c (0x00004729) c.li    a4, 10
core   0: 3 0x8000013c (0x4729) x14 0x0000000a
core   0: 0x8000013e (0x00e6ed33) or      s10, a3, a4
core   0: 3 0x8000013e (0x00e6ed33) x26 0x80025e6e
core   0: 0x80000142 (0x01ebe3b3) or      t2, s7, t5
core   0: 3 0x80000142 (0x01ebe3b3) x7  0xfaa46a5d
core   0: 0x80000146 (0x00000001) c.nop
core   0: 3 0x80000146 (0x0001)
core   0: 0x80000148 (0x003f6033) or      zero, t5, gp
core   0: 3 0x80000148 (0x003f6033)
core   0: 0x8000014c (0x00004e91) c.li    t4, 4
core   0: 3 0x8000014c (0x4e91) x29 0x00000004
core   0: 0x8000014e (0x00008f9d) c.sub   a5, a5
core   0: 3 0x8000014e (0x8f9d) x15 0x00000000
core   0: 0x80000150 (0x02133f33) mulhu   t5, t1, ra
core   0: 3 0x80000150 (0x02133f33) x30 0x00000000
core   0: 0x80000154 (0x02b7fb33) remu    s6, a5, a1
core   0: 3 0x80000154 (0x02b7fb33) x22 0x00000000
core   0: 0x80000158 (0x000007d2) c.slli  a5, 20
core   0: 3 0x80000158 (0x07d2) x15 0x00000000
core   0: 0x8000015a (0x01baff33) and     t5, s5, s11
core   0: 3 0x8000015a (0x01baff33) x30 0x00000000
core   0: 0x8000015e (0x01438633) add     a2, t2, s4
core   0: 3 0x8000015e (0x01438633) x12 0xfaa46e8c
core   0: 0x80000162 (0x00009a6e) c.add   s4, s11
core   0: 3 0x80000162 (0x9a6e) x20 0x00000438
core   0: 0x80000164 (0x03d11633) mulh    a2, sp, t4
core   0: 3 0x80000164 (0x03d11633) x12 0xffffffff
core   0: 0x80000168 (0x39a67913) andi    s2, a2, 922
core   0: 3 0x80000168 (0x39a67913) x18 0x0000039a
core   0: 0x8000016c (0x00008e39) c.xor   a2, a4
core   0: 3 0x8000016c (0x8e39) x12 0xfffffff5
core   0: 0x8000016e (0x00008d5d) c.or    a0, a5
core   0: 3 0x8000016e (0x8d5d) x10 0x00000000
core   0: 0x80000170 (0x00001e90) c.addi4spn a2, sp, 880
core   0: 3 0x80000170 (0x1e90) x12 0x0000036d
core   0: 0x80000172 (0x00001775) c.addi  a4, -3
core   0: 3 0x80000172 (0x1775) x14 0x00000007
core   0: 0x80000174 (0x030d1bb3) mulh    s7, s10, a6
core   0: 3 0x80000174 (0x030d1bb3) x23 0x3ffed0c9
core   0: 0x80000178 (0x000080a1) c.srli  s1, 8
core   0: 3 0x80000178 (0x80a1) x9  0x00000000
core   0: 0x8000017a (0xbdc4ae13) slti    t3, s1, -1060
core   0: 3 0x8000017a (0xbdc4ae13) x28 0x00000000
core   0: 0x8000017e (0xffd772e3) bgeu    a4, t4, pc - 28
core   0: 3 0x8000017e (0xffd772e3)
core   0: 0x80000162 (0x00009a6e) c.add   s4, s11
core   0: 3 0x80000162 (0x9a6e) x20 0x00000441
core   0: 0x80000164 (0x03d11633) mulh    a2, sp, t4
core   0: 3 0x80000164 (0x03d11633) x12 0xffffffff
core   0: 0x80000168 (0x39a67913) andi    s2, a2, 922
core   0: 3 0x80000168 (0x39a67913) x18 0x0000039a
core   0: 0x8000016c (0x00008e39) c.xor   a2, a4
core   0: 3 0x8000016c (0x8e39) x12 0xfffffff8
core   0: 0x8000016e (0x00008d5d) c.or    a0, a5
core   0: 3 0x8000016e (0x8d5d) x10 0x00000000
core   0: 0x80000170 (0x00001e90) c.addi4spn a2, sp, 880
core   0: 3 0x80000170 (0x1e90) x12 0x0000036d
core   0: 0x80000172 (0x00001775) c.addi  a4, -3
core   0: 3 0x80000172 (0x1775) x14 0x00000004
core   0: 0x80000174 (0x030d1bb3) mulh    s7, s10, a6
core   0: 3 0x80000174 (0x030d1bb3) x23 0x3ffed0c9
core   0: 0x80000178 (0x000080a1) c.srli  s1, 8
core   0: 3 0x80000178 (0x80a1) x9  0x00000000
core   0: 0x8000017a (0xbdc4ae13) slti    t3, s1, -1060
core   0: 3 0x8000017a (0xbdc4ae13) x28 0x00000000
core   0: 0x8000017e (0xffd772e3) bgeu    a4, t4, pc - 28
core   0: 3 0x8000017e (0xffd772e3)
core   0: 0x80000162 (0x00009a6e) c.add   s4, s11
core   0: 3 0x80000162 (0x9a6e) x20 0x0000044a
core   0: 0x80000164 (0x03d11633) mulh    a2, sp, t4
core   0: 3 0x80000164 (0x03d11633) x12 0xffffffff
core   0: 0x80000168 (0x39a67913) andi    s2, a2, 922
core   0: 3 0x80000168 (0x39a67913) x18 0x0000039a
core   0: 0x8000016c (0x00008e39) c.xor   a2, a4
core   0: 3 0x8000016c (0x8e39) x12 0xfffffffb
core   0: 0x8000016e (0x00008d5d) c.or    a0, a5
core   0: 3 0x8000016e (0x8d5d) x10 0x00000000
core   0: 0x80000170 (0x00001e90) c.addi4spn a2, sp, 880
core   0: 3 0x80000170 (0x1e90) x12 0x0000036d
core   0: 0x80000172 (0x00001775) c.addi  a4, -3
core   0: 3 0x80000172 (0x1775) x14 0x00000001
core   0: 0x80000174 (0x030d1bb3) mulh    s7, s10, a6
core   0: 3 0x80000174 (0x030d1bb3) x23 0x3ffed0c9
core   0: 0x80000178 (0x000080a1) c.srli  s1, 8
core   0: 3 0x80000178 (0x80a1) x9  0x00000000
core   0: 0x8000017a (0xbdc4ae13) slti    t3, s1, -1060
core   0: 3 0x8000017a (0xbdc4ae13) x28 0x00000000
core   0: 0x8000017e (0xffd772e3) bgeu    a4, t4, pc - 28
core   0: 3 0x8000017e (0xffd772e3)
core   0: 0x80000182 (0x00008e69) c.and   a2, a0
core   0: 3 0x80000182 (0x8e69) x12 0x00000000
core   0: 0x80000184 (0x0000480d) c.li    a6, 3
core   0: 3 0x80000184 (0x480d) x16 0x00000003
core   0: 0x80000186 (0x0000717d) c.addi16sp sp, -16
core   0: 3 0x80000186 (0x717d) x2  0xffffffed
core   0: 0x80000188 (0x00005f3d) c.li    t5, -17
core   0: 3 0x80000188 (0x5f3d) x30 0xffffffef
core   0: 0x8000018a (0x000bc8b3) xor     a7, s7, zero
core   0: 3 0x8000018a (0x000bc8b3) x17 0x3ffed0c9
core   0: 0x8000018e (0x00000001) c.nop
core   0: 3 0x8000018e (0x0001)
core   0: 0x80000190 (0x41d458b3) sra     a7, s0, t4
core   0: 3 0x80000190 (0x41d458b3) x17 0xf80029ce
core   0: 0x80000194 (0x00008615) c.srai  a2, 5
core   0: 3 0x80000194 (0x8615) x12 0x00000000
core   0: 0x80000196 (0x0000825d) c.srli  a2, 23
core   0: 3 0x80000196 (0x825d) x12 0x00000000
core   0: 0x80000198 (0x00001861) c.addi  a6, -8
core   0: 3 0x80000198 (0x1861) x16 0xfffffffb
core   0: 0x8000019a (0x0000458d) c.li    a1, 3
core   0: 3 0x8000019a (0x458d) x11 0x00000003
core   0: 0x8000019c (0x0000597d) c.li    s2, -1
core   0: 3 0x8000019c (0x597d) x18 0xffffffff
core   0: 0x8000019e (0x0322e033) rem     zero, t0, s2
core   0: 3 0x8000019e (0x0322e033)
core   0: 0x800001a2 (0x41c15eb3) sra     t4, sp, t3
core   0: 3 0x800001a2 (0x41c15eb3) x29 0xffffffed
core   0: 0x800001a6 (0x000004a2) c.slli  s1, 8
core   0: 3 0x800001a6 (0x04a2) x9  0x00000000
core   0: 0x800001a8 (0x00008f11) c.sub   a4, a2
core   0: 3 0x800001a8 (0x8f11) x14 0x00000001
core   0: 0x800001aa (0x000015f1) c.addi  a1, -4
core   0: 3 0x800001aa (0x15f1) x11 0xffffffff
core   0: 0x800001ac (0x03e01a33) mulh    s4, zero, t5
core   0: 3 0x800001ac (0x03e01a33) x20 0x00000000
core   0: 0x800001b0 (0x03f684b3) mul     s1, a3, t6
core   0: 3 0x800001b0 (0x03f684b3) x9  0xc9c25df0
core   0: 0x800001b4 (0xff25d5e3) bge     a1, s2, pc - 22
core   0: 3 0x800001b4 (0xff25d5e3)
core   0: 0x8000019e (0x0322e033) rem     zero, t0, s2
core   0: 3 0x8000019e (0x0322e033)
core   0: 0x800001a2 (0x41c15eb3) sra     t4, sp, t3
core   0: 3 0x800001a2 (0x41c15eb3) x29 0xffffffed
core   0: 0x800001a6 (0x000004a2) c.slli  s1, 8
core   0: 3 0x800001a6 (0x04a2) x9  0xc25df000
core   0: 0x800001a8 (0x00008f11) c.sub   a4, a2
core   0: 3 0x800001a8 (0x8f11) x14 0x00000001
core   0: 0x800001aa (0x000015f1) c.addi  a1, -4
core   0: 3 0x800001aa (0x15f1) x11 0xfffffffb
core   0: 0x800001ac (0x03e01a33) mulh    s4, zero, t5
core   0: 3 0x800001ac (0x03e01a33) x20 0x00000000
core   0: 0x800001b0 (0x03f684b3) mul     s1, a3, t6
core   0: 3 0x800001b0 (0x03f684b3) x9  0xc9c25df0
core   0: 0x800001b4 (0xff25d5e3) bge     a1, s2, pc - 22
core   0: 3 0x800001b4 (0xff25d5e3)
core   0: 0x800001b8 (0x023f17b3) mulh    a5, t5, gp
core   0: 3 0x800001b8 (0x023f17b3) x15 0x00000004
core   0: 0x800001bc (0xfde859e3) bge     a6, t5, pc - 46
core   0: 3 0x800001bc (0xfde859e3)
core   0: 0x8000018e (0x00000001) c.nop
core   0: 3 0x8000018e (0x0001)
core   0: 0x80000190 (0x41d458b3) sra     a7, s0, t4
core   0: 3 0x80000190 (0x41d458b3) x17 0xfffc0014
core   0: 0x80000194 (0x00008615) c.srai  a2, 5
core   0: 3 0x80000194 (0x8615) x12 0x00000000
core   0: 0x80000196 (0x0000825d) c.srli  a2, 23
core   0: 3 0x80000196 (0x825d) x12 0x00000000
core   0: 0x80000198 (0x00001861) c.addi  a6, -8
core   0: 3 0x80000198 (0x1861) x16 0xfffffff3
core   0: 0x8000019a (0x0000458d) c.li    a1, 3
core   0: 3 0x8000019a (0x458d) x11 0x00000003
core   0: 0x8000019c (0x0000597d) c.li    s2, -1
core   0: 3 0x8000019c (0x597d) x18 0xffffffff
core   0: 0x8000019e (0x0322e033) rem     zero, t0, s2
core   0: 3 0x8000019e (0x0322e033)
core   0: 0x800001a2 (0x41c15eb3) sra     t4, sp, t3
core   0: 3 0x800001a2 (0x41c15eb3) x29 0xffffffed
core   0: 0x800001a6 (0x000004a2) c.slli  s1, 8
core   0: 3 0x800001a6 (0x04a2) x9  0xc25df000
core   0: 0x800001a8 (0x00008f11) c.sub   a4, a2
core   0: 3 0x800001a8 (0x8f11) x14 0x00000001
core   0: 0x800001aa (0x000015f1) c.addi  a1, -4
core   0: 3 0x800001aa (0x15f1) x11 0xffffffff
core   0: 0x800001ac (0x03e01a33) mulh    s4, zero, t5
core   0: 3 0x800001ac (0x03e01a33) x20 0x00000000
core   0: 0x800001b0 (0x03f684b3) mul     s1, a3, t6
core   0: 3 0x800001b0 (0x03f684b3) x9  0xc9c25df0
core   0: 0x800001b4 (0xff25d5e3) bge     a1, s2, pc - 22
core   0: 3 0x800001b4 (0xff25d5e3)
core   0: 0x8000019e (0x0322e033) rem     zero, t0, s2
core   0: 3 0x8000019e (0x0322e033)
core   0: 0x800001a2 (0x41c15eb3) sra     t4, sp, t3
core   0: 3 0x800001a2 (0x41c15eb3) x29 0xffffffed
core   0: 0x800001a6 (0x000004a2) c.slli  s1, 8
core   0: 3 0x800001a6 (0x04a2) x9  0xc25df000
core   0: 0x800001a8 (0x00008f11) c.sub   a4, a2
core   0: 3 0x800001a8 (0x8f11) x14 0x00000001
core   0: 0x800001aa (0x000015f1) c.addi  a1, -4
core   0: 3 0x800001aa (0x15f1) x11 0xfffffffb
core   0: 0x800001ac (0x03e01a33) mulh    s4, zero, t5
core   0: 3 0x800001ac (0x03e01a33) x20 0x00000000
core   0: 0x800001b0 (0x03f684b3) mul     s1, a3, t6
core   0: 3 0x800001b0 (0x03f684b3) x9  0xc9c25df0
core   0: 0x800001b4 (0xff25d5e3) bge     a1, s2, pc - 22
core   0: 3 0x800001b4 (0xff25d5e3)
core   0: 0x800001b8 (0x023f17b3) mulh    a5, t5, gp
core   0: 3 0x800001b8 (0x023f17b3) x15 0x00000004
core   0: 0x800001bc (0xfde859e3) bge     a6, t5, pc - 46
core   0: 3 0x800001bc (0xfde859e3)
core   0: 0x8000018e (0x00000001) c.nop
core   0: 3 0x8000018e (0x0001)
core   0: 0x80000190 (0x41d458b3) sra     a7, s0, t4
core   0: 3 0x80000190 (0x41d458b3) x17 0xfffc0014
core   0: 0x80000194 (0x00008615) c.srai  a2, 5
core   0: 3 0x80000194 (0x8615) x12 0x00000000
core   0: 0x80000196 (0x0000825d) c.srli  a2, 23
core   0: 3 0x80000196 (0x825d) x12 0x00000000
core   0: 0x80000198 (0x00001861) c.addi  a6, -8
core   0: 3 0x80000198 (0x1861) x16 0xffffffeb
core   0: 0x8000019a (0x0000458d) c.li    a1, 3
core   0: 3 0x8000019a (0x458d) x11 0x00000003
core   0: 0x8000019c (0x0000597d) c.li    s2, -1
core   0: 3 0x8000019c (0x597d) x18 0xffffffff
core   0: 0x8000019e (0x0322e033) rem     zero, t0, s2
core   0: 3 0x8000019e (0x0322e033)
core   0: 0x800001a2 (0x41c15eb3) sra     t4, sp, t3
core   0: 3 0x800001a2 (0x41c15eb3) x29 0xffffffed
core   0: 0x800001a6 (0x000004a2) c.slli  s1, 8
core   0: 3 0x800001a6 (0x04a2) x9  0xc25df000
core   0: 0x800001a8 (0x00008f11) c.sub   a4, a2
core   0: 3 0x800001a8 (0x8f11) x14 0x00000001
core   0: 0x800001aa (0x000015f1) c.addi  a1, -4
core   0: 3 0x800001aa (0x15f1) x11 0xffffffff
core   0: 0x800001ac (0x03e01a33) mulh    s4, zero, t5
core   0: 3 0x800001ac (0x03e01a33) x20 0x00000000
core   0: 0x800001b0 (0x03f684b3) mul     s1, a3, t6
core   0: 3 0x800001b0 (0x03f684b3) x9  0xc9c25df0
core   0: 0x800001b4 (0xff25d5e3) bge     a1, s2, pc - 22
core   0: 3 0x800001b4 (0xff25d5e3)
core   0: 0x8000019e (0x0322e033) rem     zero, t0, s2
core   0: 3 0x8000019e (0x0322e033)
core   0: 0x800001a2 (0x41c15eb3) sra     t4, sp, t3
core   0: 3 0x800001a2 (0x41c15eb3) x29 0xffffffed
core   0: 0x800001a6 (0x000004a2) c.slli  s1, 8
core   0: 3 0x800001a6 (0x04a2) x9  0xc25df000
core   0: 0x800001a8 (0x00008f11) c.sub   a4, a2
core   0: 3 0x800001a8 (0x8f11) x14 0x00000001
core   0: 0x800001aa (0x000015f1) c.addi  a1, -4
core   0: 3 0x800001aa (0x15f1) x11 0xfffffffb
core   0: 0x800001ac (0x03e01a33) mulh    s4, zero, t5
core   0: 3 0x800001ac (0x03e01a33) x20 0x00000000
core   0: 0x800001b0 (0x03f684b3) mul     s1, a3, t6
core   0: 3 0x800001b0 (0x03f684b3) x9  0xc9c25df0
core   0: 0x800001b4 (0xff25d5e3) bge     a1, s2, pc - 22
core   0: 3 0x800001b4 (0xff25d5e3)
core   0: 0x800001b8 (0x023f17b3) mulh    a5, t5, gp
core   0: 3 0x800001b8 (0x023f17b3) x15 0x00000004
core   0: 0x800001bc (0xfde859e3) bge     a6, t5, pc - 46
core   0: 3 0x800001bc (0xfde859e3)
core   0: 0x800001c0 (0x4d3fbd13) sltiu   s10, t6, 1235
core   0: 3 0x800001c0 (0x4d3fbd13) x26 0x00000000
core   0: 0x800001c4 (0x0000450d) c.li    a0, 3
core   0: 3 0x800001c4 (0x450d) x10 0x00000003
core   0: 0x800001c6 (0x459ef613) andi    a2, t4, 1113
core   0: 3 0x800001c6 (0x459ef613) x12 0x00000449
core   0: 0x800001ca (0x03d2eeb3) rem     t4, t0, t4
core   0: 3 0x800001ca (0x03d2eeb3) x29 0xfffffffd
core   0: 0x800001ce (0x008fa2b3) slt     t0, t6, s0
core   0: 3 0x800001ce (0x008fa2b3) x5  0x00000000
core   0: 0x800001d2 (0x000050f9) c.li    ra, -2
core   0: 3 0x800001d2 (0x50f9) x1  0xfffffffe
core   0: 0x800001d4 (0xb0d06593) ori     a1, zero, -1267
core   0: 3 0x800001d4 (0xb0d06593) x11 0xfffffb0d
core   0: 0x800001d8 (0x023b11b3) mulh    gp, s6, gp
core   0: 3 0x800001d8 (0x023b11b3) x3  0x00000000
core   0: 0x800001dc (0x00001559) c.addi  a0, -10
core   0: 3 0x800001dc (0x1559) x10 0xfffffff9
core   0: 0x800001de (0x030385b3) mul     a1, t2, a6
core   0: 3 0x800001de (0x030385b3) x11 0x7083465f
core   0: 0x800001e2 (0x00006225) c.lui   tp, 0x9
core   0: 3 0x800001e2 (0x6225) x4  0x00009000
core   0: 0x800001e4 (0x03d0c333) div     t1, ra, t4
core   0: 3 0x800001e4 (0x03d0c333) x6  0x00000000
core   0: 0x800001e8 (0x4095dd93) srai    s11, a1, 9
core   0: 3 0x800001e8 (0x4095dd93) x27 0x003841a3
core   0: 0x800001ec (0x00008cb9) c.xor   s1, a4
core   0: 3 0x800001ec (0x8cb9) x9  0xc9c25df1
core   0: 0x800001ee (0x038d1633) mulh    a2, s10, s8
core   0: 3 0x800001ee (0x038d1633) x12 0x00000000
core   0: 0x800001f2 (0x00004725) c.li    a4, 9
core   0: 3 0x800001f2 (0x4725) x14 0x00000009
core   0: 0x800001f4 (0x0000438d) c.li    t2, 3
core   0: 3 0x800001f4 (0x438d) x7  0x00000003
core   0: 0x800001f6 (0xd1d98fb7) lui     t6, 0xd1d98
core   0: 3 0x800001f6 (0xd1d98fb7) x31 0xd1d98000
core   0: 0x800001fa (0x35b1a213) slti    tp, gp, 859
core   0: 3 0x800001fa (0x35b1a213) x4  0x00000001
core   0: 0x800001fe (0x4cc68993) addi    s3, a3, 1228
core   0: 3 0x800001fe (0x4cc68993) x19 0x80026330
core   0: 0x80000202 (0x00a4ceb3) xor     t4, s1, a0
core   0: 3 0x80000202 (0x00a4ceb3) x29 0x363da208
core   0: 0x80000206 (0x00bca633) slt     a2, s9, a1
core   0: 3 0x80000206 (0x00bca633) x12 0x00000001
core   0: 0x8000020a (0x02bb94b3) mulh    s1, s7, a1
core   0: 3 0x8000020a (0x02bb94b3) x9  0x1c204c54
core   0: 0x8000020e (0x00001779) c.addi  a4, -2
core   0: 3 0x8000020e (0x1779) x14 0x00000007
core   0: 0x80000210 (0xc58a3313) sltiu   t1, s4, -936
core   0: 3 0x80000210 (0xc58a3313) x6  0x00000001
core   0: 0x80000214 (0x01f6de33) srl     t3, a3, t6
core   0: 3 0x80000214 (0x01f6de33) x28 0x80025e64
core   0: 0x80000218 (0x76fa4313) xori    t1, s4, 1903
core   0: 3 0x80000218 (0x76fa4313) x6  0x0000076f
core   0: 0x8000021c (0xfe7771e3) bgeu    a4, t2, pc - 30
core   0: 3 0x8000021c (0xfe7771e3)
core   0: 0x800001fe (0x4cc68993) addi    s3, a3, 1228
core   0: 3 0x800001fe (0x4cc68993) x19 0x80026330
core   0: 0x80000202 (0x00a4ceb3) xor     t4, s1, a0
core   0: 3 0x80000202 (0x00a4ceb3) x29 0xe3dfb3ad
core   0: 0x80000206 (0x00bca633) slt     a2, s9, a1
core   0: 3 0x80000206 (0x00bca633) x12 0x00000001
core   0: 0x8000020a (0x02bb94b3) mulh    s1, s7, a1
core   0: 3 0x8000020a (0x02bb94b3) x9  0x1c204c54
core   0: 0x8000020e (0x00001779) c.addi  a4, -2
core   0: 3 0x8000020e (0x1779) x14 0x00000005
core   0: 0x80000210 (0xc58a3313) sltiu   t1, s4, -936
core   0: 3 0x80000210 (0xc58a3313) x6  0x00000001
core   0: 0x80000214 (0x01f6de33) srl     t3, a3, t6
core   0: 3 0x80000214 (0x01f6de33) x28 0x80025e64
core   0: 0x80000218 (0x76fa4313) xori    t1, s4, 1903
core   0: 3 0x80000218 (0x76fa4313) x6  0x0000076f
core   0: 0x8000021c (0xfe7771e3) bgeu    a4, t2, pc - 30
core   0: 3 0x8000021c (0xfe7771e3)
core   0: 0x800001fe (0x4cc68993) addi    s3, a3, 1228
core   0: 3 0x800001fe (0x4cc68993) x19 0x80026330
core   0: 0x80000202 (0x00a4ceb3) xor     t4, s1, a0
core   0: 3 0x80000202 (0x00a4ceb3) x29 0xe3dfb3ad
core   0: 0x80000206 (0x00bca633) slt     a2, s9, a1
core   0: 3 0x80000206 (0x00bca633) x12 0x00000001
core   0: 0x8000020a (0x02bb94b3) mulh    s1, s7, a1
core   0: 3 0x8000020a (0x02bb94b3) x9  0x1c204c54
core   0: 0x8000020e (0x00001779) c.addi  a4, -2
core   0: 3 0x8000020e (0x1779) x14 0x00000003
core   0: 0x80000210 (0xc58a3313) sltiu   t1, s4, -936
core   0: 3 0x80000210 (0xc58a3313) x6  0x00000001
core   0: 0x80000214 (0x01f6de33) srl     t3, a3, t6
core   0: 3 0x80000214 (0x01f6de33) x28 0x80025e64
core   0: 0x80000218 (0x76fa4313) xori    t1, s4, 1903
core   0: 3 0x80000218 (0x76fa4313) x6  0x0000076f
core   0: 0x8000021c (0xfe7771e3) bgeu    a4, t2, pc - 30
core   0: 3 0x8000021c (0xfe7771e3)
core   0: 0x800001fe (0x4cc68993) addi    s3, a3, 1228
core   0: 3 0x800001fe (0x4cc68993) x19 0x80026330
core   0: 0x80000202 (0x00a4ceb3) xor     t4, s1, a0
core   0: 3 0x80000202 (0x00a4ceb3) x29 0xe3dfb3ad
core   0: 0x80000206 (0x00bca633) slt     a2, s9, a1
core   0: 3 0x80000206 (0x00bca633) x12 0x00000001
core   0: 0x8000020a (0x02bb94b3) mulh    s1, s7, a1
core   0: 3 0x8000020a (0x02bb94b3) x9  0x1c204c54
core   0: 0x8000020e (0x00001779) c.addi  a4, -2
core   0: 3 0x8000020e (0x1779) x14 0x00000001
core   0: 0x80000210 (0xc58a3313) sltiu   t1, s4, -936
core   0: 3 0x80000210 (0xc58a3313) x6  0x00000001
core   0: 0x80000214 (0x01f6de33) srl     t3, a3, t6
core   0: 3 0x80000214 (0x01f6de33) x28 0x80025e64
core   0: 0x80000218 (0x76fa4313) xori    t1, s4, 1903
core   0: 3 0x80000218 (0x76fa4313) x6  0x0000076f
core   0: 0x8000021c (0xfe7771e3) bgeu    a4, t2, pc - 30
core   0: 3 0x8000021c (0xfe7771e3)
core   0: 0x80000220 (0xfa155ae3) bge     a0, ra, pc - 76
core   0: 3 0x80000220 (0xfa155ae3)
core   0: 0x80000224 (0x02a365b3) rem     a1, t1, a0
core   0: 3 0x80000224 (0x02a365b3) x11 0x00000006
core   0: 0x80000228 (0x0000451d) c.li    a0, 7
core   0: 3 0x80000228 (0x451d) x10 0x00000007
core   0: 0x8000022a (0x00000001) c.nop
core   0: 3 0x8000022a (0x0001)
core   0: 0x8000022c (0x000041cd) c.li    gp, 19
core   0: 3 0x8000022c (0x41cd) x3  0x00000013
core   0: 0x8000022e (0x00000999) c.addi  s3, 6
core   0: 3 0x8000022e (0x0999) x19 0x80026336
core   0: 0x80000230 (0x00009bfd) c.andi  a5, -1
core   0: 3 0x80000230 (0x9bfd) x15 0x00000004
core   0: 0x80000232 (0x000099e6) c.add   s3, s9
core   0: 3 0x80000232 (0x99e6) x19 0x80026342
core   0: 0x80000234 (0x507b0013) addi    zero, s6, 1287
core   0: 3 0x80000234 (0x507b0013)
core   0: 0x80000238 (0x74a98593) addi    a1, s3, 1866
core   0: 3 0x80000238 (0x74a98593) x11 0x80026a8c
core   0: 0x8000023c (0xa19b4637) lui     a2, 0xa19b4
core   0: 3 0x8000023c (0xa19b4637) x12 0xa19b4000
core   0: 0x80000240 (0x0000050d) c.addi  a0, 3
core   0: 3 0x80000240 (0x050d) x10 0x0000000a
core   0: 0x80000242 (0x02886f33) rem     t5, a6, s0
core   0: 3 0x80000242 (0x02886f33) x30 0xffffffeb
core   0: 0x80000246 (0x00000c90) c.addi4spn a2, sp, 592
core   0: 3 0x80000246 (0x0c90) x12 0x0000023d
core   0: 0x80000248 (0x025ef333) remu    t1, t4, t0
core   0: 3 0x80000248 (0x025ef333) x6  0xe3dfb3ad
core   0: 0x8000024c (0x00004c9d) c.li    s9, 7
core   0: 3 0x8000024c (0x4c9d) x25 0x00000007
core   0: 0x8000024e (0x002349b3) xor     s3, t1, sp
core   0: 3 0x8000024e (0x002349b3) x19 0x1c204c40
core   0: 0x80000252 (0x02e3ef33) rem     t5, t2, a4
core   0: 3 0x80000252 (0x02e3ef33) x30 0x00000000
core   0: 0x80000256 (0x00992a33) slt     s4, s2, s1
core   0: 3 0x80000256 (0x00992a33) x20 0x00000001
core   0: 0x8000025a (0x419b8e33) sub     t3, s7, s9
core   0: 3 0x8000025a (0x419b8e33) x28 0x3ffed0c2
core   0: 0x8000025e (0xed946d93) ori     s11, s0, -295
core   0: 3 0x8000025e (0xed946d93) x27 0xfffffefd
core   0: 0x80000262 (0x4198dd13) srai    s10, a7, 25
core   0: 3 0x80000262 (0x4198dd13) x26 0xffffffff
core   0: 0x80000266 (0x00008c95) c.sub   s1, a3
core   0: 3 0x80000266 (0x8c95) x9  0x9c1dedf0
core   0: 0x80000268 (0x00731f13) slli    t5, t1, 7
core   0: 3 0x80000268 (0x00731f13) x30 0xefd9d680
core   0: 0x8000026c (0x000083bd) c.srli  a5, 15
core   0: 3 0x8000026c (0x83bd) x15 0x00000000
core   0: 0x8000026e (0x01c905b3) add     a1, s2, t3
core   0: 3 0x8000026e (0x01c905b3) x11 0x3ffed0c1
core   0: 0x80000272 (0x00004745) c.li    a4, 17
core   0: 3 0x80000272 (0x4745) x14 0x00000011
core   0: 0x80000274 (0x0cf15db7) lui     s11, 0xcf15
core   0: 3 0x80000274 (0x0cf15db7) x27 0x0cf15000
core   0: 0x80000278 (0x01f6a933) slt     s2, a3, t6
core   0: 3 0x80000278 (0x01f6a933) x18 0x00000001
core   0: 0x8000027c (0x03d63b33) mulhu   s6, a2, t4
core   0: 3 0x8000027c (0x03d63b33) x22 0x000001fe
core   0: 0x80000280 (0x00000ca9) c.addi  s9, 10
core   0: 3 0x80000280 (0x0ca9) x25 0x00000011
core   0: 0x80000282 (0x005e4fb3) xor     t6, t3, t0
core   0: 3 0x80000282 (0x005e4fb3) x31 0x3ffed0c2
core   0: 0x80000286 (0x023c2d33) mulhsu  s10, s8, gp
core   0: 3 0x80000286 (0x023c2d33) x26 0xffffffff
core   0: 0x8000028a (0x000080e5) c.srli  s1, 25
core   0: 3 0x8000028a (0x80e5) x9  0x0000004e
core   0: 0x8000028c (0xfeece4e3) bltu    s9, a4, pc - 24
core   0: 3 0x8000028c (0xfeece4e3)
core   0: 0x80000290 (0xfa3501e3) beq     a0, gp, pc - 94
core   0: 3 0x80000290 (0xfa3501e3)
core   0: 0x80000294 (0x00e58db3) add     s11, a1, a4
core   0: 3 0x80000294 (0x00e58db3) x27 0x3ffed0d2
core   0: 0x80000298 (0x00005569) c.li    a0, -6
core   0: 3 0x80000298 (0x5569) x10 0xfffffffa
core   0: 0x8000029a (0xe779e913) ori     s2, s3, -393
core   0: 3 0x8000029a (0xe779e913) x18 0xfffffe77
core   0: 0x8000029e (0x00000001) c.nop
core   0: 3 0x8000029e (0x0001)
core   0: 0x800002a0 (0x03071bb3) mulh    s7, a4, a6
core   0: 3 0x800002a0 (0x03071bb3) x23 0xffffffff
core   0: 0x800002a4 (0x00000001) c.nop
core   0: 3 0x800002a4 (0x0001)
core   0: 0x800002a6 (0x00000232) c.slli  tp, 12
core   0: 3 0x800002a6 (0x0232) x4  0x00001000
core   0: 0x800002a8 (0x010e0733) add     a4, t3, a6
core   0: 3 0x800002a8 (0x010e0733) x14 0x3ffed0ad
core   0: 0x800002ac (0x0000050d) c.addi  a0, 3
core   0: 3 0x800002ac (0x050d) x10 0xfffffffd
core   0: 0x800002ae (0x0000f97d) c.bnez  a0, pc - 10
core   0: 3 0x800002ae (0xf97d)
core   0: 0x800002a4 (0x00000001) c.nop
core   0: 3 0x800002a4 (0x0001)
core   0: 0x800002a6 (0x00000232) c.slli  tp, 12
core   0: 3 0x800002a6 (0x0232) x4  0x01000000
core   0: 0x800002a8 (0x010e0733) add     a4, t3, a6
core   0: 3 0x800002a8 (0x010e0733) x14 0x3ffed0ad
core   0: 0x800002ac (0x0000050d) c.addi  a0, 3
core   0: 3 0x800002ac (0x050d) x10 0x00000000
core   0: 0x800002ae (0x0000f97d) c.bnez  a0, pc - 10
core   0: 3 0x800002ae (0xf97d)
core   0: 0x800002b0 (0xea4cc997) auipc   s3, 0xea4cc
core   0: 3 0x800002b0 (0xea4cc997) x19 0x6a4cc2b0
core   0: 0x800002b4 (0x00004fa9) c.li    t6, 10
core   0: 3 0x800002b4 (0x4fa9) x31 0x0000000a
core   0: 0x800002b6 (0x000048a9) c.li    a7, 10
core   0: 3 0x800002b6 (0x48a9) x17 0x0000000a
core   0: 0x800002b8 (0x00006bed) c.lui   s7, 0x1b
core   0: 3 0x800002b8 (0x6bed) x23 0x0001b000
core   0: 0x800002ba (0x00001fdd) c.addi  t6, -9
core   0: 3 0x800002ba (0x1fdd) x31 0x00000001
core   0: 0x800002bc (0x00005d61) c.li    s10, -8
core   0: 3 0x800002bc (0x5d61) x26 0xfffffff8
core   0: 0x800002be (0x00004ec9) c.li    t4, 18
core   0: 3 0x800002be (0x4ec9) x29 0x00000012
core   0: 0x800002c0 (0x41d551b3) sra     gp, a0, t4
core   0: 3 0x800002c0 (0x41d551b3) x3  0x00000000
core   0: 0x800002c4 (0x00773333) sltu    t1, a4, t2
core   0: 3 0x800002c4 (0x00773333) x6  0x00000000
core   0: 0x800002c8 (0x00000d19) c.addi  s10, 6
core   0: 3 0x800002c8 (0x0d19) x26 0xfffffffe
core   0: 0x800002ca (0xffdd6de3) bltu    s10, t4, pc - 6
core   0: 3 0x800002ca (0xffdd6de3)
core   0: 0x800002ce (0xff1ff5e3) bgeu    t6, a7, pc - 22
core   0: 3 0x800002ce (0xff1ff5e3)
core   0: 0x800002d2 (0x00000001) c.nop
core   0: 3 0x800002d2 (0x0001)
core   0: 0x800002d4 (0x000057d9) c.li    a5, -10
core   0: 3 0x800002d4 (0x57d9) x15 0xfffffff6
core   0: 0x800002d6 (0x400c50b3) sra     ra, s8, zero
core   0: 3 0x800002d6 (0x400c50b3) x1  0xfba32397
core   0: 0x800002da (0x00005739) c.li    a4, -18
core   0: 3 0x800002da (0x5739) x14 0xffffffee
core   0: 0x800002dc (0x02438833) mul     a6, t2, tp
core   0: 3 0x800002dc (0x02438833) x16 0x03000000
core   0: 0x800002e0 (0x0e784493) xori    s1, a6, 231
core   0: 3 0x800002e0 (0x0e784493) x9  0x030000e7
core   0: 0x800002e4 (0x01bdf5b3) and     a1, s11, s11
core   0: 3 0x800002e4 (0x01bdf5b3) x11 0x3ffed0d2
core   0: 0x800002e8 (0x13373213) sltiu   tp, a4, 307
core   0: 3 0x800002e8 (0x13373213) x4  0x00000000
core   0: 0x800002ec (0x000017ed) c.addi  a5, -5
core   0: 3 0x800002ec (0x17ed) x15 0xfffffff1
core   0: 0x800002ee (0x016a5533) srl     a0, s4, s6
core   0: 3 0x800002ee (0x016a5533) x10 0x00000000
core   0: 0x800002f2 (0x6581de37) lui     t3, 0x6581d
core   0: 3 0x800002f2 (0x6581de37) x28 0x6581d000
core   0: 0x800002f6 (0x00001c84) c.addi4spn s1, sp, 624
core   0: 3 0x800002f6 (0x1c84) x9  0x0000025d
core   0: 0x800002f8 (0x00008db9) c.xor   a1, a4
core   0: 3 0x800002f8 (0x8db9) x11 0xc0012f3c
core   0: 0x800002fa (0x03a133b3) mulhu   t2, sp, s10
core   0: 3 0x800002fa (0x03a133b3) x7  0xffffffeb
core   0: 0x800002fe (0xfee7d1e3) bge     a5, a4, pc - 30
core   0: 3 0x800002fe (0xfee7d1e3)
core   0: 0x800002e0 (0x0e784493) xori    s1, a6, 231
core   0: 3 0x800002e0 (0x0e784493) x9  0x030000e7
core   0: 0x800002e4 (0x01bdf5b3) and     a1, s11, s11
core   0: 3 0x800002e4 (0x01bdf5b3) x11 0x3ffed0d2
core   0: 0x800002e8 (0x13373213) sltiu   tp, a4, 307
core   0: 3 0x800002e8 (0x13373213) x4  0x00000000
core   0: 0x800002ec (0x000017ed) c.addi  a5, -5
core   0: 3 0x800002ec (0x17ed) x15 0xffffffec
core   0: 0x800002ee (0x016a5533) srl     a0, s4, s6
core   0: 3 0x800002ee (0x016a5533) x10 0x00000000
core   0: 0x800002f2 (0x6581de37) lui     t3, 0x6581d
core   0: 3 0x800002f2 (0x6581de37) x28 0x6581d000
core   0: 0x800002f6 (0x00001c84) c.addi4spn s1, sp, 624
core   0: 3 0x800002f6 (0x1c84) x9  0x0000025d
core   0: 0x800002f8 (0x00008db9) c.xor   a1, a4
core   0: 3 0x800002f8 (0x8db9) x11 0xc0012f3c
core   0: 0x800002fa (0x03a133b3) mulhu   t2, sp, s10
core   0: 3 0x800002fa (0x03a133b3) x7  0xffffffeb
core   0: 0x800002fe (0xfee7d1e3) bge     a5, a4, pc - 30
core   0: 3 0x800002fe (0xfee7d1e3)
core   0: 0x80000302 (0x00008d55) c.or    a0, a3
core   0: 3 0x80000302 (0x8d55) x10 0x80025e64
core   0: 0x80000304 (0x00005f71) c.li    t5, -4
core   0: 3 0x80000304 (0x5f71) x30 0xfffffffc
core   0: 0x80000306 (0x40445713) srai    a4, s0, 4
core   0: 3 0x80000306 (0x40445713) x14 0xf80029ce
core   0: 0x8000030a (0x934b6b13) ori     s6, s6, -1740
core   0: 3 0x8000030a (0x934b6b13) x22 0xfffff9fe
core   0: 0x8000030e (0x01f70db3) add     s11, a4, t6
core   0: 3 0x8000030e (0x01f70db3) x27 0xf80029cf
core   0: 0x80000312 (0x007343b3) xor     t2, t1, t2
core   0: 3 0x80000312 (0x007343b3) x7  0xffffffeb
core   0: 0x80000316 (0x00005975) c.li    s2, -3
core   0: 3 0x80000316 (0x5975) x18 0xfffffffd
core   0: 0x80000318 (0x005d3db3) sltu    s11, s10, t0
core   0: 3 0x80000318 (0x005d3db3) x27 0x00000000
core   0: 0x8000031c (0x0085abb3) slt     s7, a1, s0
core   0: 3 0x8000031c (0x0085abb3) x23 0x00000000
core   0: 0x80000320 (0x00d93333) sltu    t1, s2, a3
core   0: 3 0x80000320 (0x00d93333) x6  0x00000000
core   0: 0x80000324 (0x4ca90513) addi    a0, s2, 1226
core   0: 3 0x80000324 (0x4ca90513) x10 0x000004c7
core   0: 0x80000328 (0x00000f11) c.addi  t5, 4
core   0: 3 0x80000328 (0x0f11) x30 0x00000000
core   0: 0x8000032a (0x00000a10) c.addi4spn a2, sp, 272
core   0: 3 0x8000032a (0x0a10) x12 0x000000fd
core   0: 0x8000032c (0x00001ffd) c.addi  t6, -1
core   0: 3 0x8000032c (0x1ffd) x31 0x00000000
core   0: 0x8000032e (0x000084fd) c.srai  s1, 31
core   0: 3 0x8000032e (0x84fd) x9  0x00000000
core   0: 0x80000330 (0x00008746) c.mv    a4, a7
core   0: 3 0x80000330 (0x8746) x14 0x0000000a
core   0: 0x80000332 (0x0000458d) c.li    a1, 3
core   0: 3 0x80000332 (0x458d) x11 0x00000003
core   0: 0x80000334 (0x02edda33) divu    s4, s11, a4
core   0: 3 0x80000334 (0x02edda33) x20 0x00000000
core   0: 0x80000338 (0x6186e4b7) lui     s1, 0x6186e
core   0: 3 0x80000338 (0x6186e4b7) x9  0x6186e000
core   0: 0x8000033c (0x00008925) c.andi  a0, 9
core   0: 3 0x8000033c (0x8925) x10 0x00000001
core   0: 0x8000033e (0x00005abd) c.li    s5, -17
core   0: 3 0x8000033e (0x5abd) x21 0xffffffef
core   0: 0x80000340 (0x00008641) c.srai  a2, 16
core   0: 3 0x80000340 (0x8641) x12 0x00000000
core   0: 0x80000342 (0x00000e04) c.addi4spn s1, sp, 784
core   0: 3 0x80000342 (0x0e04) x9  0x000002fd
core   0: 0x80000344 (0x02833733) mulhu   a4, t1, s0
core   0: 3 0x80000344 (0x02833733) x14 0x00000000
core   0: 0x80000348 (0x03e2ae33) mulhsu  t3, t0, t5
core   0: 3 0x80000348 (0x03e2ae33) x28 0x00000000
core   0: 0x8000034c (0x00000b91) c.addi  s7, 4
core   0: 3 0x8000034c (0x0b91) x23 0x00000004
core   0: 0x8000034e (0x000084e9) c.srai  s1, 26
core   0: 3 0x8000034e (0x84e9) x9  0x00000000
core   0: 0x80000350 (0x0000717d) c.addi16sp sp, -16
core   0: 3 0x80000350 (0x717d) x2  0xffffffdd
core   0: 0x80000352 (0x000015f1) c.addi  a1, -4
core   0: 3 0x80000352 (0x15f1) x11 0xffffffff
core   0: 0x80000354 (0x00000651) c.addi  a2, 20
core   0: 3 0x80000354 (0x0651) x12 0x00000014
core   0: 0x80000356 (0xff55d7e3) bge     a1, s5, pc - 18
core   0: 3 0x80000356 (0xff55d7e3)
core   0: 0x80000344 (0x02833733) mulhu   a4, t1, s0
core   0: 3 0x80000344 (0x02833733) x14 0x00000000
core   0: 0x80000348 (0x03e2ae33) mulhsu  t3, t0, t5
core   0: 3 0x80000348 (0x03e2ae33) x28 0x00000000
core   0: 0x8000034c (0x00000b91) c.addi  s7, 4
core   0: 3 0x8000034c (0x0b91) x23 0x00000008
core   0: 0x8000034e (0x000084e9) c.srai  s1, 26
core   0: 3 0x8000034e (0x84e9) x9  0x00000000
core   0: 0x80000350 (0x0000717d) c.addi16sp sp, -16
core   0: 3 0x80000350 (0x717d) x2  0xffffffcd
core   0: 0x80000352 (0x000015f1) c.addi  a1, -4
core   0: 3 0x80000352 (0x15f1) x11 0xfffffffb
core   0: 0x80000354 (0x00000651) c.addi  a2, 20
core   0: 3 0x80000354 (0x0651) x12 0x00000028
core   0: 0x80000356 (0xff55d7e3) bge     a1, s5, pc - 18
core   0: 3 0x80000356 (0xff55d7e3)
core   0: 0x80000344 (0x02833733) mulhu   a4, t1, s0
core   0: 3 0x80000344 (0x02833733) x14 0x00000000
core   0: 0x80000348 (0x03e2ae33) mulhsu  t3, t0, t5
core   0: 3 0x80000348 (0x03e2ae33) x28 0x00000000
core   0: 0x8000034c (0x00000b91) c.addi  s7, 4
core   0: 3 0x8000034c (0x0b91) x23 0x0000000c
core   0: 0x8000034e (0x000084e9) c.srai  s1, 26
core   0: 3 0x8000034e (0x84e9) x9  0x00000000
core   0: 0x80000350 (0x0000717d) c.addi16sp sp, -16
core   0: 3 0x80000350 (0x717d) x2  0xffffffbd
core   0: 0x80000352 (0x000015f1) c.addi  a1, -4
core   0: 3 0x80000352 (0x15f1) x11 0xfffffff7
core   0: 0x80000354 (0x00000651) c.addi  a2, 20
core   0: 3 0x80000354 (0x0651) x12 0x0000003c
core   0: 0x80000356 (0xff55d7e3) bge     a1, s5, pc - 18
core   0: 3 0x80000356 (0xff55d7e3)
core   0: 0x80000344 (0x02833733) mulhu   a4, t1, s0
core   0: 3 0x80000344 (0x02833733) x14 0x00000000
core   0: 0x80000348 (0x03e2ae33) mulhsu  t3, t0, t5
core   0: 3 0x80000348 (0x03e2ae33) x28 0x00000000
core   0: 0x8000034c (0x00000b91) c.addi  s7, 4
core   0: 3 0x8000034c (0x0b91) x23 0x00000010
core   0: 0x8000034e (0x000084e9) c.srai  s1, 26
core   0: 3 0x8000034e (0x84e9) x9  0x00000000
core   0: 0x80000350 (0x0000717d) c.addi16sp sp, -16
core   0: 3 0x80000350 (0x717d) x2  0xffffffad
core   0: 0x80000352 (0x000015f1) c.addi  a1, -4
core   0: 3 0x80000352 (0x15f1) x11 0xfffffff3
core   0: 0x80000354 (0x00000651) c.addi  a2, 20
core   0: 3 0x80000354 (0x0651) x12 0x00000050
core   0: 0x80000356 (0xff55d7e3) bge     a1, s5, pc - 18
core   0: 3 0x80000356 (0xff55d7e3)
core   0: 0x80000344 (0x02833733) mulhu   a4, t1, s0
core   0: 3 0x80000344 (0x02833733) x14 0x00000000
core   0: 0x80000348 (0x03e2ae33) mulhsu  t3, t0, t5
core   0: 3 0x80000348 (0x03e2ae33) x28 0x00000000
core   0: 0x8000034c (0x00000b91) c.addi  s7, 4
core   0: 3 0x8000034c (0x0b91) x23 0x00000014
core   0: 0x8000034e (0x000084e9) c.srai  s1, 26
core   0: 3 0x8000034e (0x84e9) x9  0x00000000
core   0: 0x80000350 (0x0000717d) c.addi16sp sp, -16
core   0: 3 0x80000350 (0x717d) x2  0xffffff9d
core   0: 0x80000352 (0x000015f1) c.addi  a1, -4
core   0: 3 0x80000352 (0x15f1) x11 0xffffffef
core   0: 0x80000354 (0x00000651) c.addi  a2, 20
core   0: 3 0x80000354 (0x0651) x12 0x00000064
core   0: 0x80000356 (0xff55d7e3) bge     a1, s5, pc - 18
core   0: 3 0x80000356 (0xff55d7e3)
core   0: 0x80000344 (0x02833733) mulhu   a4, t1, s0
core   0: 3 0x80000344 (0x02833733) x14 0x00000000
core   0: 0x80000348 (0x03e2ae33) mulhsu  t3, t0, t5
core   0: 3 0x80000348 (0x03e2ae33) x28 0x00000000
core   0: 0x8000034c (0x00000b91) c.addi  s7, 4
core   0: 3 0x8000034c (0x0b91) x23 0x00000018
core   0: 0x8000034e (0x000084e9) c.srai  s1, 26
core   0: 3 0x8000034e (0x84e9) x9  0x00000000
core   0: 0x80000350 (0x0000717d) c.addi16sp sp, -16
core   0: 3 0x80000350 (0x717d) x2  0xffffff8d
core   0: 0x80000352 (0x000015f1) c.addi  a1, -4
core   0: 3 0x80000352 (0x15f1) x11 0xffffffeb
core   0: 0x80000354 (0x00000651) c.addi  a2, 20
core   0: 3 0x80000354 (0x0651) x12 0x00000078
core   0: 0x80000356 (0xff55d7e3) bge     a1, s5, pc - 18
core   0: 3 0x80000356 (0xff55d7e3)
core   0: 0x8000035a (0xfd2f43e3) blt     t5, s2, pc - 58
core   0: 3 0x8000035a (0xfd2f43e3)
core   0: 0x8000035e (0x8944c8b7) lui     a7, 0x8944c
core   0: 3 0x8000035e (0x8944c8b7) x17 0x8944c000
core   0: 0x80000362 (0x00004811) c.li    a6, 4
core   0: 3 0x80000362 (0x4811) x16 0x00000004
core   0: 0x80000364 (0x0100c333) xor     t1, ra, a6
core   0: 3 0x80000364 (0x0100c333) x6  0xfba32393
core   0: 0x80000368 (0x00005eb1) c.li    t4, -20
core   0: 3 0x80000368 (0x5eb1) x29 0xffffffec
core   0: 0x8000036a (0x01829d33) sll     s10, t0, s8
core   0: 3 0x8000036a (0x01829d33) x26 0x00000000
core   0: 0x8000036e (0x000099fd) c.andi  a1, -1
core   0: 3 0x8000036e (0x99fd) x11 0xffffffeb
core   0: 0x80000370 (0x00001879) c.addi  a6, -2
core   0: 3 0x80000370 (0x1879) x16 0x00000002
core   0: 0x80000372 (0x00c6b7b3) sltu    a5, a3, a2
core   0: 3 0x80000372 (0x00c6b7b3) x15 0x00000000
core   0: 0x80000376 (0x00005565) c.li    a0, -7
core   0: 3 0x80000376 (0x5565) x10 0xfffffff9
core   0: 0x80000378 (0xd36aad13) slti    s10, s5, -714
core   0: 3 0x80000378 (0xd36aad13) x26 0x00000000
core   0: 0x8000037c (0x00008ca1) c.xor   s1, s0
core   0: 3 0x8000037c (0x8ca1) x9  0x80029ce4
core   0: 0x8000037e (0x00004a15) c.li    s4, 5
core   0: 3 0x8000037e (0x4a15) x20 0x00000005
core   0: 0x80000380 (0x07d67b37) lui     s6, 0x7d67
core   0: 3 0x80000380 (0x07d67b37) x22 0x07d67000
core   0: 0x80000384 (0x8888a493) slti    s1, a7, -1912
core   0: 3 0x80000384 (0x8888a493) x9  0x00000001
core   0: 0x80000388 (0x36b60193) addi    gp, a2, 875
core   0: 3 0x80000388 (0x36b60193) x3  0x000003e3
core   0: 0x8000038c (0x00000519) c.addi  a0, 6
core   0: 3 0x8000038c (0x0519) x10 0xffffffff
core   0: 0x8000038e (0xff450be3) beq     a0, s4, pc - 10
core   0: 3 0x8000038e (0xff450be3)
core   0: 0x80000392 (0x711d7297) auipc   t0, 0x711d7
core   0: 3 0x80000392 (0x711d7297) x5  0xf11d7392
core   0: 0x80000396 (0xfdd80ce3) beq     a6, t4, pc - 40
core   0: 3 0x80000396 (0xfdd80ce3)
core   0: 0x8000039a (0x00006e79) c.lui   t3, 0x1e
core   0: 3 0x8000039a (0x6e79) x28 0x0001e000
core   0: 0x8000039c (0x000045a1) c.li    a1, 8
core   0: 3 0x8000039c (0x45a1) x11 0x00000008
core   0: 0x8000039e (0x013abd33) sltu    s10, s5, s3
core   0: 3 0x8000039e (0x013abd33) x26 0x00000000
core   0: 0x800003a2 (0x02dbd4b3) divu    s1, s7, a3
core   0: 3 0x800003a2 (0x02dbd4b3) x9  0x00000000
core   0: 0x800003a6 (0x000009fa) c.slli  s3, 30
core   0: 3 0x800003a6 (0x09fa) x19 0x00000000
core   0: 0x800003a8 (0x00004b21) c.li    s6, 8
core   0: 3 0x800003a8 (0x4b21) x22 0x00000008
core   0: 0x800003aa (0x02d559b3) divu    s3, a0, a3
core   0: 3 0x800003aa (0x02d559b3) x19 0x00000001
core   0: 0x800003ae (0x000015ed) c.addi  a1, -5
core   0: 3 0x800003ae (0x15ed) x11 0x00000003
core   0: 0x800003b0 (0x41825293) srai    t0, tp, 24
core   0: 3 0x800003b0 (0x41825293) x5  0x00000000
core   0: 0x800003b4 (0x00004711) c.li    a4, 4
core   0: 3 0x800003b4 (0x4711) x14 0x00000004
core   0: 0x800003b6 (0x00005ae1) c.li    s5, -8
core   0: 3 0x800003b6 (0x5ae1) x21 0xfffffff8
core   0: 0x800003b8 (0x002082b3) add     t0, ra, sp
core   0: 3 0x800003b8 (0x002082b3) x5  0xfba32324
core   0: 0x800003bc (0x035331b3) mulhu   gp, t1, s5
core   0: 3 0x800003bc (0x035331b3) x3  0xfba3238b
core   0: 0x800003c0 (0x411704b3) sub     s1, a4, a7
core   0: 3 0x800003c0 (0x411704b3) x9  0x76bb4004
core   0: 0x800003c4 (0x0000176d) c.addi  a4, -5
core   0: 3 0x800003c4 (0x176d) x14 0xffffffff
core   0: 0x800003c6 (0xff5759e3) bge     a4, s5, pc - 14
core   0: 3 0x800003c6 (0xff5759e3)
core   0: 0x800003b8 (0x002082b3) add     t0, ra, sp
core   0: 3 0x800003b8 (0x002082b3) x5  0xfba32324
core   0: 0x800003bc (0x035331b3) mulhu   gp, t1, s5
core   0: 3 0x800003bc (0x035331b3) x3  0xfba3238b
core   0: 0x800003c0 (0x411704b3) sub     s1, a4, a7
core   0: 3 0x800003c0 (0x411704b3) x9  0x76bb3fff
core   0: 0x800003c4 (0x0000176d) c.addi  a4, -5
core   0: 3 0x800003c4 (0x176d) x14 0xfffffffa
core   0: 0x800003c6 (0xff5759e3) bge     a4, s5, pc - 14
core   0: 3 0x800003c6 (0xff5759e3)
core   0: 0x800003b8 (0x002082b3) add     t0, ra, sp
core   0: 3 0x800003b8 (0x002082b3) x5  0xfba32324
core   0: 0x800003bc (0x035331b3) mulhu   gp, t1, s5
core   0: 3 0x800003bc (0x035331b3) x3  0xfba3238b
core   0: 0x800003c0 (0x411704b3) sub     s1, a4, a7
core   0: 3 0x800003c0 (0x411704b3) x9  0x76bb3ffa
core   0: 0x800003c4 (0x0000176d) c.addi  a4, -5
core   0: 3 0x800003c4 (0x176d) x14 0xfffffff5
core   0: 0x800003c6 (0xff5759e3) bge     a4, s5, pc - 14
core   0: 3 0x800003c6 (0xff5759e3)
core   0: 0x800003ca (0xff65f0e3) bgeu    a1, s6, pc - 32
core   0: 3 0x800003ca (0xff65f0e3)
core   0: 0x800003ce (0x024c1f33) mulh    t5, s8, tp
core   0: 3 0x800003ce (0x024c1f33) x30 0x00000000
core   0: 0x800003d2 (0x00004ba9) c.li    s7, 10
core   0: 3 0x800003d2 (0x4ba9) x23 0x0000000a
core   0: 0x800003d4 (0x00004201) c.li    tp, 0
core   0: 3 0x800003d4 (0x4201) x4  0x00000000
core   0: 0x800003d6 (0x0353f133) remu    sp, t2, s5
core   0: 3 0x800003d6 (0x0353f133) x2  0xffffffeb
core   0: 0x800003da (0x00001bf9) c.addi  s7, -2
core   0: 3 0x800003da (0x1bf9) x23 0x00000008
core   0: 0x800003dc (0x0000535d) c.li    t1, -9
core   0: 3 0x800003dc (0x535d) x6  0xfffffff7
core   0: 0x800003de (0x00004809) c.li    a6, 2
core   0: 3 0x800003de (0x4809) x16 0x00000002
core   0: 0x800003e0 (0x00001b9c) c.addi4spn a5, sp, 496
core   0: 3 0x800003e0 (0x1b9c) x15 0x000001db
core   0: 0x800003e2 (0x00008fa1) c.xor   a5, s0
core   0: 3 0x800003e2 (0x8fa1) x15 0x80029d3f
core   0: 0x800003e4 (0x00000319) c.addi  t1, 6
core   0: 3 0x800003e4 (0x0319) x6  0xfffffffd
core   0: 0x800003e6 (0xff036de3) bltu    t1, a6, pc - 6
core   0: 3 0x800003e6 (0xff036de3)
core   0: 0x800003ea (0xfe4b86e3) beq     s7, tp, pc - 20
core   0: 3 0x800003ea (0xfe4b86e3)
core   0: 0x800003ee (0x03396d33) rem     s10, s2, s3
core   0: 3 0x800003ee (0x03396d33) x26 0x00000000
core   0: 0x800003f2 (0x00004601) c.li    a2, 0
core   0: 3 0x800003f2 (0x4601) x12 0x00000000
core   0: 0x800003f4 (0x00004d31) c.li    s10, 12
core   0: 3 0x800003f4 (0x4d31) x26 0x0000000c
core   0: 0x800003f6 (0x00008f55) c.or    a4, a3
core   0: 3 0x800003f6 (0x8f55) x14 0xfffffff5
core   0: 0x800003f8 (0x014ddb93) srli    s7, s11, 20
core   0: 3 0x800003f8 (0x014ddb93) x23 0x00000000
core   0: 0x800003fc (0x0000060d) c.addi  a2, 3
core   0: 3 0x800003fc (0x060d) x12 0x00000003
core   0: 0x800003fe (0xffa66ce3) bltu    a2, s10, pc - 8
core   0: 3 0x800003fe (0xffa66ce3)
core   0: 0x800003f6 (0x00008f55) c.or    a4, a3
core   0: 3 0x800003f6 (0x8f55) x14 0xfffffff5
core   0: 0x800003f8 (0x014ddb93) srli    s7, s11, 20
core   0: 3 0x800003f8 (0x014ddb93) x23 0x00000000
core   0: 0x800003fc (0x0000060d) c.addi  a2, 3
core   0: 3 0x800003fc (0x060d) x12 0x00000006
core   0: 0x800003fe (0xffa66ce3) bltu    a2, s10, pc - 8
core   0: 3 0x800003fe (0xffa66ce3)
core   0: 0x800003f6 (0x00008f55) c.or    a4, a3
core   0: 3 0x800003f6 (0x8f55) x14 0xfffffff5
core   0: 0x800003f8 (0x014ddb93) srli    s7, s11, 20
core   0: 3 0x800003f8 (0x014ddb93) x23 0x00000000
core   0: 0x800003fc (0x0000060d) c.addi  a2, 3
core   0: 3 0x800003fc (0x060d) x12 0x00000009
core   0: 0x800003fe (0xffa66ce3) bltu    a2, s10, pc - 8
core   0: 3 0x800003fe (0xffa66ce3)
core   0: 0x800003f6 (0x00008f55) c.or    a4, a3
core   0: 3 0x800003f6 (0x8f55) x14 0xfffffff5
core   0: 0x800003f8 (0x014ddb93) srli    s7, s11, 20
core   0: 3 0x800003f8 (0x014ddb93) x23 0x00000000
core   0: 0x800003fc (0x0000060d) c.addi  a2, 3
core   0: 3 0x800003fc (0x060d) x12 0x0000000c
core   0: 0x800003fe (0xffa66ce3) bltu    a2, s10, pc - 8
core   0: 3 0x800003fe (0xffa66ce3)
core   0: 0x80000402 (0x23b3c793) xori    a5, t2, 571
core   0: 3 0x80000402 (0x23b3c793) x15 0xfffffdd0
core   0: 0x80000406 (0x00004495) c.li    s1, 5
core   0: 3 0x80000406 (0x4495) x9  0x00000005
core   0: 0x80000408 (0x00008092) c.mv    ra, tp
core   0: 3 0x80000408 (0x8092) x1  0x00000000
core   0: 0x8000040a (0x000047d1) c.li    a5, 20
core   0: 3 0x8000040a (0x47d1) x15 0x00000014
core   0: 0x8000040c (0x00000001) c.nop
core   0: 3 0x8000040c (0x0001)
core   0: 0x8000040e (0x4d0f3d93) sltiu   s11, t5, 1232
core   0: 3 0x8000040e (0x4d0f3d93) x27 0x00000001
core   0: 0x80000412 (0x00008e6d) c.and   a2, a1
core   0: 3 0x80000412 (0x8e6d) x12 0x00000000
core   0: 0x80000414 (0x00008e51) c.or    a2, a2
core   0: 3 0x80000414 (0x8e51) x12 0x00000000
core   0: 0x80000416 (0x000014ed) c.addi  s1, -5
core   0: 3 0x80000416 (0x14ed) x9  0x00000000
core   0: 0x80000418 (0x02487a33) remu    s4, a6, tp
core   0: 3 0x80000418 (0x02487a33) x20 0x00000002
core   0: 0x8000041c (0x02351d33) mulh    s10, a0, gp
core   0: 3 0x8000041c (0x02351d33) x26 0x00000000
core   0: 0x80000420 (0x618fc093) xori    ra, t6, 1560
core   0: 3 0x80000420 (0x618fc093) x1  0x00000618
core   0: 0x80000424 (0x013e9533) sll     a0, t4, s3
core   0: 3 0x80000424 (0x013e9533) x10 0xffffffd8
core   0: 0x80000428 (0x00005b79) c.li    s6, -2
core   0: 3 0x80000428 (0x5b79) x22 0xfffffffe
core   0: 0x8000042a (0x039fcd33) div     s10, t6, s9
core   0: 3 0x8000042a (0x039fcd33) x26 0x00000000
core   0: 0x8000042e (0x00004f09) c.li    t5, 2
core   0: 3 0x8000042e (0x4f09) x30 0x00000002
core   0: 0x80000430 (0x00b48bb3) add     s7, s1, a1
core   0: 3 0x80000430 (0x00b48bb3) x23 0x00000003
core   0: 0x80000434 (0x0000893d) c.andi  a0, 15
core   0: 3 0x80000434 (0x893d) x10 0x00000008
core   0: 0x80000436 (0x00000b09) c.addi  s6, 2
core   0: 3 0x80000436 (0x0b09) x22 0x00000000
core   0: 0x80000438 (0x01571fb3) sll     t6, a4, s5
core   0: 3 0x80000438 (0x01571fb3) x31 0xf5000000
core   0: 0x8000043c (0xf45d2613) slti    a2, s10, -187
core   0: 3 0x8000043c (0xf45d2613) x12 0x00000000
core   0: 0x80000440 (0xffeb6ae3) bltu    s6, t5, pc - 12
core   0: 3 0x80000440 (0xffeb6ae3)
core   0: 0x80000434 (0x0000893d) c.andi  a0, 15
core   0: 3 0x80000434 (0x893d) x10 0x00000008
core   0: 0x80000436 (0x00000b09) c.addi  s6, 2
core   0: 3 0x80000436 (0x0b09) x22 0x00000002
core   0: 0x80000438 (0x01571fb3) sll     t6, a4, s5
core   0: 3 0x80000438 (0x01571fb3) x31 0xf5000000
core   0: 0x8000043c (0xf45d2613) slti    a2, s10, -187
core   0: 3 0x8000043c (0xf45d2613) x12 0x00000000
core   0: 0x80000440 (0xffeb6ae3) bltu    s6, t5, pc - 12
core   0: 3 0x80000440 (0xffeb6ae3)
core   0: 0x80000444 (0xc74dbc93) sltiu   s9, s11, -908
core   0: 3 0x80000444 (0xc74dbc93) x25 0x00000001
core   0: 0x80000448 (0x00008b11) c.andi  a4, 4
core   0: 3 0x80000448 (0x8b11) x14 0x00000004
core   0: 0x8000044a (0x00000d92) c.slli  s11, 4
core   0: 3 0x8000044a (0x0d92) x27 0x00000010
core   0: 0x8000044c (0x02d57a33) remu    s4, a0, a3
core   0: 3 0x8000044c (0x02d57a33) x20 0x00000008
core   0: 0x80000450 (0x00006919) c.lui   s2, 0x6
core   0: 3 0x80000450 (0x6919) x18 0x00006000
core   0: 0x80000452 (0x000005c2) c.slli  a1, 16
core   0: 3 0x80000452 (0x05c2) x11 0x00030000
core   0: 0x80000454 (0x00009a7d) c.andi  a2, -1
core   0: 3 0x80000454 (0x9a7d) x12 0x00000000
core   0: 0x80000456 (0x0152adb3) slt     s11, t0, s5
core   0: 3 0x80000456 (0x0152adb3) x27 0x00000001
core   0: 0x8000045a (0x03544133) div     sp, s0, s5
core   0: 3 0x8000045a (0x03544133) x2  0x0fffac63
core   0: 0x8000045e (0x02882533) mulhsu  a0, a6, s0
core   0: 3 0x8000045e (0x02882533) x10 0x00000001
core   0: 0x80000462 (0x00e5e8b3) or      a7, a1, a4
core   0: 3 0x80000462 (0x00e5e8b3) x17 0x00030004
core   0: 0x80000466 (0x414d5e13) srai    t3, s10, 20
core   0: 3 0x80000466 (0x414d5e13) x28 0x00000000
core   0: 0x8000046a (0x0000d4c5) c.beqz  s1, pc - 88
core   0: 3 0x8000046a (0xd4c5)
core   0: 0x80000412 (0x00008e6d) c.and   a2, a1
core   0: 3 0x80000412 (0x8e6d) x12 0x00000000
core   0: 0x80000414 (0x00008e51) c.or    a2, a2
core   0: 3 0x80000414 (0x8e51) x12 0x00000000
core   0: 0x80000416 (0x000014ed) c.addi  s1, -5
core   0: 3 0x80000416 (0x14ed) x9  0xfffffffb
core   0: 0x80000418 (0x02487a33) remu    s4, a6, tp
core   0: 3 0x80000418 (0x02487a33) x20 0x00000002
core   0: 0x8000041c (0x02351d33) mulh    s10, a0, gp
core   0: 3 0x8000041c (0x02351d33) x26 0xffffffff
core   0: 0x80000420 (0x618fc093) xori    ra, t6, 1560
core   0: 3 0x80000420 (0x618fc093) x1  0xf5000618
core   0: 0x80000424 (0x013e9533) sll     a0, t4, s3
core   0: 3 0x80000424 (0x013e9533) x10 0xffffffd8
core   0: 0x80000428 (0x00005b79) c.li    s6, -2
core   0: 3 0x80000428 (0x5b79) x22 0xfffffffe
core   0: 0x8000042a (0x039fcd33) div     s10, t6, s9
core   0: 3 0x8000042a (0x039fcd33) x26 0xf5000000
core   0: 0x8000042e (0x00004f09) c.li    t5, 2
core   0: 3 0x8000042e (0x4f09) x30 0x00000002
core   0: 0x80000430 (0x00b48bb3) add     s7, s1, a1
core   0: 3 0x80000430 (0x00b48bb3) x23 0x0002fffb
core   0: 0x80000434 (0x0000893d) c.andi  a0, 15
core   0: 3 0x80000434 (0x893d) x10 0x00000008
core   0: 0x80000436 (0x00000b09) c.addi  s6, 2
core   0: 3 0x80000436 (0x0b09) x22 0x00000000
core   0: 0x80000438 (0x01571fb3) sll     t6, a4, s5
core   0: 3 0x80000438 (0x01571fb3) x31 0x04000000
core   0: 0x8000043c (0xf45d2613) slti    a2, s10, -187
core   0: 3 0x8000043c (0xf45d2613) x12 0x00000001
core   0: 0x80000440 (0xffeb6ae3) bltu    s6, t5, pc - 12
core   0: 3 0x80000440 (0xffeb6ae3)
core   0: 0x80000434 (0x0000893d) c.andi  a0, 15
core   0: 3 0x80000434 (0x893d) x10 0x00000008
core   0: 0x80000436 (0x00000b09) c.addi  s6, 2
core   0: 3 0x80000436 (0x0b09) x22 0x00000002
core   0: 0x80000438 (0x01571fb3) sll     t6, a4, s5
core   0: 3 0x80000438 (0x01571fb3) x31 0x04000000
core   0: 0x8000043c (0xf45d2613) slti    a2, s10, -187
core   0: 3 0x8000043c (0xf45d2613) x12 0x00000001
core   0: 0x80000440 (0xffeb6ae3) bltu    s6, t5, pc - 12
core   0: 3 0x80000440 (0xffeb6ae3)
core   0: 0x80000444 (0xc74dbc93) sltiu   s9, s11, -908
core   0: 3 0x80000444 (0xc74dbc93) x25 0x00000001
core   0: 0x80000448 (0x00008b11) c.andi  a4, 4
core   0: 3 0x80000448 (0x8b11) x14 0x00000004
core   0: 0x8000044a (0x00000d92) c.slli  s11, 4
core   0: 3 0x8000044a (0x0d92) x27 0x00000010
core   0: 0x8000044c (0x02d57a33) remu    s4, a0, a3
core   0: 3 0x8000044c (0x02d57a33) x20 0x00000008
core   0: 0x80000450 (0x00006919) c.lui   s2, 0x6
core   0: 3 0x80000450 (0x6919) x18 0x00006000
core   0: 0x80000452 (0x000005c2) c.slli  a1, 16
core   0: 3 0x80000452 (0x05c2) x11 0x00000000
core   0: 0x80000454 (0x00009a7d) c.andi  a2, -1
core   0: 3 0x80000454 (0x9a7d) x12 0x00000001
core   0: 0x80000456 (0x0152adb3) slt     s11, t0, s5
core   0: 3 0x80000456 (0x0152adb3) x27 0x00000001
core   0: 0x8000045a (0x03544133) div     sp, s0, s5
core   0: 3 0x8000045a (0x03544133) x2  0x0fffac63
core   0: 0x8000045e (0x02882533) mulhsu  a0, a6, s0
core   0: 3 0x8000045e (0x02882533) x10 0x00000001
core   0: 0x80000462 (0x00e5e8b3) or      a7, a1, a4
core   0: 3 0x80000462 (0x00e5e8b3) x17 0x00000004
core   0: 0x80000466 (0x414d5e13) srai    t3, s10, 20
core   0: 3 0x80000466 (0x414d5e13) x28 0xffffff50
core   0: 0x8000046a (0x0000d4c5) c.beqz  s1, pc - 88
core   0: 3 0x8000046a (0xd4c5)
core   0: 0x8000046c (0x0029c933) xor     s2, s3, sp
core   0: 3 0x8000046c (0x0029c933) x18 0x0fffac62
core   0: 0x80000470 (0x00004c91) c.li    s9, 4
core   0: 3 0x80000470 (0x4c91) x25 0x00000004
core   0: 0x80000472 (0x00008239) c.srli  a2, 14
core   0: 3 0x80000472 (0x8239) x12 0x00000000
core   0: 0x80000474 (0x027dd833) divu    a6, s11, t2
core   0: 3 0x80000474 (0x027dd833) x16 0x00000000
core   0: 0x80000478 (0x00009a1e) c.add   s4, t2
core   0: 3 0x80000478 (0x9a1e) x20 0xfffffff3
core   0: 0x8000047a (0x00008dfd) c.and   a1, a5
core   0: 3 0x8000047a (0x8dfd) x11 0x00000000
core   0: 0x8000047c (0x00000001) c.nop
core   0: 3 0x8000047c (0x0001)
core   0: 0x8000047e (0x01468633) add     a2, a3, s4
core   0: 3 0x8000047e (0x01468633) x12 0x80025e57
core   0: 0x80000482 (0x00004e1d) c.li    t3, 7
core   0: 3 0x80000482 (0x4e1d) x28 0x00000007
core   0: 0x80000484 (0x010dbd33) sltu    s10, s11, a6
core   0: 3 0x80000484 (0x010dbd33) x26 0x00000000
core   0: 0x80000488 (0x00000001) c.nop
core   0: 3 0x80000488 (0x0001)
core   0: 0x8000048a (0x5a10b593) sltiu   a1, ra, 1441
core   0: 3 0x8000048a (0x5a10b593) x11 0x00000000
core   0: 0x8000048e (0x000053fd) c.li    t2, -1
core   0: 3 0x8000048e (0x53fd) x7  0xffffffff
core   0: 0x80000490 (0x00008e45) c.or    a2, s1
core   0: 3 0x80000490 (0x8e45) x12 0xffffffff
core   0: 0x80000492 (0x03efd9b3) divu    s3, t6, t5
core   0: 3 0x80000492 (0x03efd9b3) x19 0x02000000
core   0: 0x80000496 (0x0000567d) c.li    a2, -1
core   0: 3 0x80000496 (0x567d) x12 0xffffffff
core   0: 0x80000498 (0x00000ca5) c.addi  s9, 9
core   0: 3 0x80000498 (0x0ca5) x25 0x0000000d
core   0: 0x8000049a (0xffccece3) bltu    s9, t3, pc - 8
core   0: 3 0x8000049a (0xffccece3)
core   0: 0x8000049e (0xf5eeef93) ori     t6, t4, -162
core   0: 3 0x8000049e (0xf5eeef93) x31 0xfffffffe
core   0: 0x800004a2 (0x00005675) c.li    a2, -3
core   0: 3 0x800004a2 (0x5675) x12 0xfffffffd
core   0: 0x800004a4 (0x000002ea) c.slli  t0, 26
core   0: 3 0x800004a4 (0x02ea) x5  0x90000000
core   0: 0x800004a6 (0x2263fc93) andi    s9, t2, 550
core   0: 3 0x800004a6 (0x2263fc93) x25 0x00000226
core   0: 0x800004aa (0x41065333) sra     t1, a2, a6
core   0: 3 0x800004aa (0x41065333) x6  0xfffffffd
core   0: 0x800004ae (0x404d5db3) sra     s11, s10, tp
core   0: 3 0x800004ae (0x404d5db3) x27 0x00000000
core   0: 0x800004b2 (0x00008cd1) c.or    s1, a2
core   0: 3 0x800004b2 (0x8cd1) x9  0xffffffff
core   0: 0x800004b4 (0x017874b3) and     s1, a6, s7
core   0: 3 0x800004b4 (0x017874b3) x9  0x00000000
core   0: 0x800004b8 (0x00000001) c.nop
core   0: 3 0x800004b8 (0x0001)
core   0: 0x800004ba (0x0000051c) c.addi4spn a5, sp, 640
core   0: 3 0x800004ba (0x051c) x15 0x0fffaee3
core   0: 0x800004bc (0x00008fc9) c.or    a5, a0
core   0: 3 0x800004bc (0x8fc9) x15 0x0fffaee3
core   0: 0x800004be (0x00000001) c.nop
core   0: 3 0x800004be (0x0001)
core   0: 0x800004c0 (0x00008d4d) c.or    a0, a1
core   0: 3 0x800004c0 (0x8d4d) x10 0x00000001
core   0: 0x800004c2 (0x038761b3) rem     gp, a4, s8
core   0: 3 0x800004c2 (0x038761b3) x3  0x00000004
core   0: 0x800004c6 (0x0060f8b3) and     a7, ra, t1
core   0: 3 0x800004c6 (0x0060f8b3) x17 0xf5000618
core   0: 0x800004ca (0x02bf8db3) mul     s11, t6, a1
core   0: 3 0x800004ca (0x02bf8db3) x27 0x00000000
core   0: 0x800004ce (0x00000bfa) c.slli  s7, 30
core   0: 3 0x800004ce (0x0bfa) x23 0xc0000000
core   0: 0x800004d0 (0x00008d35) c.xor   a0, a3
core   0: 3 0x800004d0 (0x8d35) x10 0x80025e65
core   0: 0x800004d2 (0xb05bcb93) xori    s7, s7, -1275
core   0: 3 0x800004d2 (0xb05bcb93) x23 0x3ffffb05
core   0: 0x800004d6 (0x615f84b7) lui     s1, 0x615f8
core   0: 3 0x800004d6 (0x615f84b7) x9  0x615f8000
core   0: 0x800004da (0x0000140c) c.addi4spn a1, sp, 544
core   0: 3 0x800004da (0x140c) x11 0x0fffae83
core   0: 0x800004dc (0x00000605) c.addi  a2, 1
core   0: 3 0x800004dc (0x0605) x12 0xfffffffe
core   0: 0x800004de (0x40145313) srai    t1, s0, 1
core   0: 3 0x800004de (0x40145313) x6  0xc0014e72
core   0: 0x800004e2 (0x4fce2893) slti    a7, t3, 1276
core   0: 3 0x800004e2 (0x4fce2893) x17 0x00000001
core   0: 0x800004e6 (0x000061c9) c.lui   gp, 0x12
core   0: 3 0x800004e6 (0x61c9) x3  0x00012000
core   0: 0x800004e8 (0x0000fa69) c.bnez  a2, pc - 46
core   0: 3 0x800004e8 (0xfa69)
core   0: 0x800004ba (0x0000051c) c.addi4spn a5, sp, 640
core   0: 3 0x800004ba (0x051c) x15 0x0fffaee3
core   0: 0x800004bc (0x00008fc9) c.or    a5, a0
core   0: 3 0x800004bc (0x8fc9) x15 0x8ffffee7
core   0: 0x800004be (0x00000001) c.nop
core   0: 3 0x800004be (0x0001)
core   0: 0x800004c0 (0x00008d4d) c.or    a0, a1
core   0: 3 0x800004c0 (0x8d4d) x10 0x8ffffee7
core   0: 0x800004c2 (0x038761b3) rem     gp, a4, s8
core   0: 3 0x800004c2 (0x038761b3) x3  0x00000004
core   0: 0x800004c6 (0x0060f8b3) and     a7, ra, t1
core   0: 3 0x800004c6 (0x0060f8b3) x17 0xc0000610
core   0: 0x800004ca (0x02bf8db3) mul     s11, t6, a1
core   0: 3 0x800004ca (0x02bf8db3) x27 0xe000a2fa
core   0: 0x800004ce (0x00000bfa) c.slli  s7, 30
core   0: 3 0x800004ce (0x0bfa) x23 0x40000000
core   0: 0x800004d0 (0x00008d35) c.xor   a0, a3
core   0: 3 0x800004d0 (0x8d35) x10 0x0ffda083
core   0: 0x800004d2 (0xb05bcb93) xori    s7, s7, -1275
core   0: 3 0x800004d2 (0xb05bcb93) x23 0xbffffb05
core   0: 0x800004d6 (0x615f84b7) lui     s1, 0x615f8
core   0: 3 0x800004d6 (0x615f84b7) x9  0x615f8000
core   0: 0x800004da (0x0000140c) c.addi4spn a1, sp, 544
core   0: 3 0x800004da (0x140c) x11 0x0fffae83
core   0: 0x800004dc (0x00000605) c.addi  a2, 1
core   0: 3 0x800004dc (0x0605) x12 0xffffffff
core   0: 0x800004de (0x40145313) srai    t1, s0, 1
core   0: 3 0x800004de (0x40145313) x6  0xc0014e72
core   0: 0x800004e2 (0x4fce2893) slti    a7, t3, 1276
core   0: 3 0x800004e2 (0x4fce2893) x17 0x00000001
core   0: 0x800004e6 (0x000061c9) c.lui   gp, 0x12
core   0: 3 0x800004e6 (0x61c9) x3  0x00012000
core   0: 0x800004e8 (0x0000fa69) c.bnez  a2, pc - 46
core   0: 3 0x800004e8 (0xfa69)
core   0: 0x800004ba (0x0000051c) c.addi4spn a5, sp, 640
core   0: 3 0x800004ba (0x051c) x15 0x0fffaee3
core   0: 0x800004bc (0x00008fc9) c.or    a5, a0
core   0: 3 0x800004bc (0x8fc9) x15 0x0fffaee3
core   0: 0x800004be (0x00000001) c.nop
core   0: 3 0x800004be (0x0001)
core   0: 0x800004c0 (0x00008d4d) c.or    a0, a1
core   0: 3 0x800004c0 (0x8d4d) x10 0x0fffae83
core   0: 0x800004c2 (0x038761b3) rem     gp, a4, s8
core   0: 3 0x800004c2 (0x038761b3) x3  0x00000004
core   0: 0x800004c6 (0x0060f8b3) and     a7, ra, t1
core   0: 3 0x800004c6 (0x0060f8b3) x17 0xc0000610
core   0: 0x800004ca (0x02bf8db3) mul     s11, t6, a1
core   0: 3 0x800004ca (0x02bf8db3) x27 0xe000a2fa
core   0: 0x800004ce (0x00000bfa) c.slli  s7, 30
core   0: 3 0x800004ce (0x0bfa) x23 0x40000000
core   0: 0x800004d0 (0x00008d35) c.xor   a0, a3
core   0: 3 0x800004d0 (0x8d35) x10 0x8ffdf0e7
core   0: 0x800004d2 (0xb05bcb93) xori    s7, s7, -1275
core   0: 3 0x800004d2 (0xb05bcb93) x23 0xbffffb05
core   0: 0x800004d6 (0x615f84b7) lui     s1, 0x615f8
core   0: 3 0x800004d6 (0x615f84b7) x9  0x615f8000
core   0: 0x800004da (0x0000140c) c.addi4spn a1, sp, 544
core   0: 3 0x800004da (0x140c) x11 0x0fffae83
core   0: 0x800004dc (0x00000605) c.addi  a2, 1
core   0: 3 0x800004dc (0x0605) x12 0x00000000
core   0: 0x800004de (0x40145313) srai    t1, s0, 1
core   0: 3 0x800004de (0x40145313) x6  0xc0014e72
core   0: 0x800004e2 (0x4fce2893) slti    a7, t3, 1276
core   0: 3 0x800004e2 (0x4fce2893) x17 0x00000001
core   0: 0x800004e6 (0x000061c9) c.lui   gp, 0x12
core   0: 3 0x800004e6 (0x61c9) x3  0x00012000
core   0: 0x800004e8 (0x0000fa69) c.bnez  a2, pc - 46
core   0: 3 0x800004e8 (0xfa69)
core   0: 0x800004ea (0x00d0de33) srl     t3, ra, a3
core   0: 3 0x800004ea (0x00d0de33) x28 0x0f500061
core   0: 0x800004ee (0x00004621) c.li    a2, 8
core   0: 3 0x800004ee (0x4621) x12 0x00000008
core   0: 0x800004f0 (0x000084e5) c.srai  s1, 25
core   0: 3 0x800004f0 (0x84e5) x9  0x00000030
core   0: 0x800004f2 (0x00008fed) c.and   a5, a1
core   0: 3 0x800004f2 (0x8fed) x15 0x0fffae83
core   0: 0x800004f4 (0x00000001) c.nop
core   0: 3 0x800004f4 (0x0001)
core   0: 0x800004f6 (0x02e4e2b3) rem     t0, s1, a4
core   0: 3 0x800004f6 (0x02e4e2b3) x5  0x00000000
core   0: 0x800004fa (0x00005cc1) c.li    s9, -16
core   0: 3 0x800004fa (0x5cc1) x25 0xfffffff0
core   0: 0x800004fc (0x00008f99) c.sub   a5, a4
core   0: 3 0x800004fc (0x8f99) x15 0x0fffae7f
core   0: 0x800004fe (0x0000616d) c.addi16sp sp, 240
core   0: 3 0x800004fe (0x616d) x2  0x0fffad53
core   0: 0x80000500 (0x00001679) c.addi  a2, -2
core   0: 3 0x80000500 (0x1679) x12 0x00000006
core   0: 0x80000502 (0x00004a9d) c.li    s5, 7
core   0: 3 0x80000502 (0x4a9d) x21 0x00000007
core   0: 0x80000504 (0x842a6813) ori     a6, s4, -1982
core   0: 3 0x80000504 (0x842a6813) x16 0xfffffff3
core   0: 0x80000508 (0x02a0f533) remu    a0, ra, a0
core   0: 3 0x80000508 (0x02a0f533) x10 0x65021531
core   0: 0x8000050c (0x0214c733) div     a4, s1, ra
core   0: 3 0x8000050c (0x0214c733) x14 0x00000000
core   0: 0x80000510 (0x0000459d) c.li    a1, 7
core   0: 3 0x80000510 (0x459d) x11 0x00000007
core   0: 0x80000512 (0x000087ee) c.mv    a5, s11
core   0: 3 0x80000512 (0x87ee) x15 0xe000a2fa
core   0: 0x80000514 (0x3872fd13) andi    s10, t0, 903
core   0: 3 0x80000514 (0x3872fd13) x26 0x00000000
core   0: 0x80000518 (0x40475b13) srai    s6, a4, 4
core   0: 3 0x80000518 (0x40475b13) x22 0x00000000
core   0: 0x8000051c (0x3b827f13) andi    t5, tp, 952
core   0: 3 0x8000051c (0x3b827f13) x30 0x00000000
core   0: 0x80000520 (0x000098fd) c.andi  s1, -1
core   0: 3 0x80000520 (0x98fd) x9  0x00000030
core   0: 0x80000522 (0x73f4c913) xori    s2, s1, 1855
core   0: 3 0x80000522 (0x73f4c913) x18 0x0000070f
core   0: 0x80000526 (0x4090dbb3) sra     s7, ra, s1
core   0: 3 0x80000526 (0x4090dbb3) x23 0xfffff500
core   0: 0x8000052a (0x007509b3) add     s3, a0, t2
core   0: 3 0x8000052a (0x007509b3) x19 0x65021530
core   0: 0x8000052e (0x000019fd) c.addi  s3, -1
core   0: 3 0x8000052e (0x19fd) x19 0x6502152f
core   0: 0x80000530 (0x00001af9) c.addi  s5, -2
core   0: 3 0x80000530 (0x1af9) x21 0x00000005
core   0: 0x80000532 (0x98273737) lui     a4, 0x98273
core   0: 3 0x80000532 (0x98273737) x14 0x98273000
core   0: 0x80000536 (0xfebaf5e3) bgeu    s5, a1, pc - 22
core   0: 3 0x80000536 (0xfebaf5e3)
core   0: 0x8000053a (0x033d8033) mul     zero, s11, s3
core   0: 3 0x8000053a (0x033d8033)
core   0: 0x8000053e (0xfb960fe3) beq     a2, s9, pc - 66
core   0: 3 0x8000053e (0xfb960fe3)
core   0: 0x80000542 (0x02f9b3b3) mulhu   t2, s3, a5
core   0: 3 0x80000542 (0x02f9b3b3) x7  0x586212d7
core   0: 0x80000546 (0x000057f9) c.li    a5, -2
core   0: 3 0x80000546 (0x57f9) x15 0xfffffffe
core   0: 0x80000548 (0xfaeb3d93) sltiu   s11, s6, -82
core   0: 3 0x80000548 (0xfaeb3d93) x27 0x00000001
core   0: 0x8000054c (0x007d8bb3) add     s7, s11, t2
core   0: 3 0x8000054c (0x007d8bb3) x23 0x586212d8
core   0: 0x80000550 (0x00008305) c.srli  a4, 1
core   0: 3 0x80000550 (0x8305) x14 0x4c139800
core   0: 0x80000552 (0x00008ced) c.and   s1, a1
core   0: 3 0x80000552 (0x8ced) x9  0x00000000
core   0: 0x80000554 (0x0113e933) or      s2, t2, a7
core   0: 3 0x80000554 (0x0113e933) x18 0x586212d7
core   0: 0x80000558 (0x1b08cf93) xori    t6, a7, 432
core   0: 3 0x80000558 (0x1b08cf93) x31 0x000001b1
core   0: 0x8000055c (0x0300fbb3) remu    s7, ra, a6
core   0: 3 0x8000055c (0x0300fbb3) x23 0xf5000618
core   0: 0x80000560 (0x000045b9) c.li    a1, 14
core   0: 3 0x80000560 (0x45b9) x11 0x0000000e
core   0: 0x80000562 (0xa0d37613) andi    a2, t1, -1523
core   0: 3 0x80000562 (0xa0d37613) x12 0xc0014a00
core   0: 0x80000566 (0xe0ba8013) addi    zero, s5, -501
core   0: 3 0x80000566 (0xe0ba8013)
core   0: 0x8000056a (0x009448b3) xor     a7, s0, s1
core   0: 3 0x8000056a (0x009448b3) x17 0x80029ce4
core   0: 0x8000056e (0x00000799) c.addi  a5, 6
core   0: 3 0x8000056e (0x0799) x15 0x00000004
core   0: 0x80000570 (0x00000889) c.addi  a7, 2
core   0: 3 0x80000570 (0x0889) x17 0x80029ce6
core   0: 0x80000572 (0x82dea937) lui     s2, 0x82dea
core   0: 3 0x80000572 (0x82dea937) x18 0x82dea000
core   0: 0x80000576 (0x0338b333) mulhu   t1, a7, s3
core   0: 3 0x80000576 (0x0338b333) x6  0x32821283
core   0: 0x8000057a (0xfeb7c6e3) blt     a5, a1, pc - 20
core   0: 3 0x8000057a (0xfeb7c6e3)
core   0: 0x80000566 (0xe0ba8013) addi    zero, s5, -501
core   0: 3 0x80000566 (0xe0ba8013)
core   0: 0x8000056a (0x009448b3) xor     a7, s0, s1
core   0: 3 0x8000056a (0x009448b3) x17 0x80029ce4
core   0: 0x8000056e (0x00000799) c.addi  a5, 6
core   0: 3 0x8000056e (0x0799) x15 0x0000000a
core   0: 0x80000570 (0x00000889) c.addi  a7, 2
core   0: 3 0x80000570 (0x0889) x17 0x80029ce6
core   0: 0x80000572 (0x82dea937) lui     s2, 0x82dea
core   0: 3 0x80000572 (0x82dea937) x18 0x82dea000
core   0: 0x80000576 (0x0338b333) mulhu   t1, a7, s3
core   0: 3 0x80000576 (0x0338b333) x6  0x32821283
core   0: 0x8000057a (0xfeb7c6e3) blt     a5, a1, pc - 20
core   0: 3 0x8000057a (0xfeb7c6e3)
core   0: 0x80000566 (0xe0ba8013) addi    zero, s5, -501
core   0: 3 0x80000566 (0xe0ba8013)
core   0: 0x8000056a (0x009448b3) xor     a7, s0, s1
core   0: 3 0x8000056a (0x009448b3) x17 0x80029ce4
core   0: 0x8000056e (0x00000799) c.addi  a5, 6
core   0: 3 0x8000056e (0x0799) x15 0x00000010
core   0: 0x80000570 (0x00000889) c.addi  a7, 2
core   0: 3 0x80000570 (0x0889) x17 0x80029ce6
core   0: 0x80000572 (0x82dea937) lui     s2, 0x82dea
core   0: 3 0x80000572 (0x82dea937) x18 0x82dea000
core   0: 0x80000576 (0x0338b333) mulhu   t1, a7, s3
core   0: 3 0x80000576 (0x0338b333) x6  0x32821283
core   0: 0x8000057a (0xfeb7c6e3) blt     a5, a1, pc - 20
core   0: 3 0x8000057a (0xfeb7c6e3)
core   0: 0x8000057e (0x5bf80513) addi    a0, a6, 1471
core   0: 3 0x8000057e (0x5bf80513) x10 0x000005b2
core   0: 0x80000582 (0x00008ca1) c.xor   s1, s0
core   0: 3 0x80000582 (0x8ca1) x9  0x80029ce4
core   0: 0x80000584 (0x0000c991) c.beqz  a1, pc + 20
core   0: 3 0x80000584 (0xc991)
core   0: 0x80000586 (0x00009bd2) c.add   s7, s4
core   0: 3 0x80000586 (0x9bd2) x23 0xf500060b
core   0: 0x80000588 (0x00000001) c.nop
core   0: 3 0x80000588 (0x0001)
core   0: 0x8000058a (0x00000001) c.nop
core   0: 3 0x8000058a (0x0001)
core   0: 0x8000058c (0x00008d19) c.sub   a0, a4
core   0: 3 0x8000058c (0x8d19) x10 0xb3ec6db2
core   0: 0x8000058e (0x01543533) sltu    a0, s0, s5
core   0: 3 0x8000058e (0x01543533) x10 0x00000000
core   0: 0x80000592 (0x02dc6333) rem     t1, s8, a3
core   0: 3 0x80000592 (0x02dc6333) x6  0xfba32397
core   0: 0x80000596 (0x00000001) c.nop
core   0: 3 0x80000596 (0x0001)
core   0: 0x80000598 (0x00008ce5) c.and   s1, s1
core   0: 3 0x80000598 (0x8ce5) x9  0x80029ce4
core   0: 0x8000059a (0x413a08b3) sub     a7, s4, s3
core   0: 3 0x8000059a (0x413a08b3) x17 0x9afdeac4
core   0: 0x8000059e (0x0284e5b3) rem     a1, s1, s0
core   0: 3 0x8000059e (0x0284e5b3) x11 0x00000000
core   0: 0x800005a2 (0x01931d63) bne     t1, s9, pc + 26
core   0: 3 0x800005a2 (0x01931d63)
core   0: 0x800005bc (0x0000872d) c.srai  a4, 11
core   0: 3 0x800005bc (0x872d) x14 0x00098273
core   0: 0x800005be (0x00007d17) auipc   s10, 0x7
core   0: 3 0x800005be (0x00007d17) x26 0x800075be
core   0: 0x800005c2 (0xa38d0d13) addi    s10, s10, -1480
core   0: 3 0x800005c2 (0xa38d0d13) x26 0x80006ff6
core   0: 0x800005c6 (0x02536833) rem     a6, t1, t0
core   0: 3 0x800005c6 (0x02536833) x16 0xfba32397
core   0: 0x800005ca (0x018ece33) xor     t3, t4, s8
core   0: 3 0x800005ca (0x018ece33) x28 0x045cdc7b
core   0: 0x800005ce (0xd35d0d13) addi    s10, s10, -715
core   0: 3 0x800005ce (0xd35d0d13) x26 0x80006d2b
core   0: 0x800005d2 (0x00008f41) c.or    a4, s0
core   0: 3 0x800005d2 (0x8f41) x14 0x800b9ef7
core   0: 0x800005d4 (0x00d75863) bge     a4, a3, pc + 16
core   0: 3 0x800005d4 (0x00d75863)
core   0: 0x800005e4 (0x2cbd0367) jalr    t1, s10, 715
core   0: 3 0x800005e4 (0x2cbd0367) x6  0x800005e8
core   0: 0x80006ff6 (0x0000c901) c.beqz  a0, pc + 16
core   0: 3 0x80006ff6 (0xc901)
core   0: 0x80007006 (0xfcc68693) addi    a3, a3, -52
core   0: 3 0x80007006 (0xfcc68693) x13 0x80025e30
core   0: 0x8000700a (0x000014fd) c.addi  s1, -1
core   0: 3 0x8000700a (0x14fd) x9  0x80029ce3
core   0: 0x8000700c (0x0066a223) sw      t1, 4(a3)
core   0: 3 0x8000700c (0x0066a223) mem 0x80025e34 0x800005e8
core   0: 0x80007010 (0x00008ccd) c.or    s1, a1
core   0: 3 0x80007010 (0x8ccd) x9  0x80029ce3
core   0: 0x80007012 (0x00008621) c.srai  a2, 8
core   0: 3 0x80007012 (0x8621) x12 0xffc0014a
core   0: 0x80007014 (0x00005b69) c.li    s6, -6
core   0: 3 0x80007014 (0x5b69) x22 0xfffffffa
core   0: 0x80007016 (0x00004e85) c.li    t4, 1
core   0: 3 0x80007016 (0x4e85) x29 0x00000001
core   0: 0x80007018 (0x41308533) sub     a0, ra, s3
core   0: 3 0x80007018 (0x41308533) x10 0x8ffdf0e9
core   0: 0x8000701c (0x02208f33) mul     t5, ra, sp
core   0: 3 0x8000701c (0x02208f33) x30 0xed0831c8
core   0: 0x80007020 (0x00000b09) c.addi  s6, 2
core   0: 3 0x80007020 (0x0b09) x22 0xfffffffc
core   0: 0x80007022 (0x03407ab3) remu    s5, zero, s4
core   0: 3 0x80007022 (0x03407ab3) x21 0x00000000
core   0: 0x80007026 (0x000051e1) c.li    gp, -8
core   0: 3 0x80007026 (0x51e1) x3  0xfffffff8
core   0: 0x80007028 (0x00001d04) c.addi4spn s1, sp, 688
core   0: 3 0x80007028 (0x1d04) x9  0x0fffb003
core   0: 0x8000702a (0x000047a9) c.li    a5, 10
core   0: 3 0x8000702a (0x47a9) x15 0x0000000a
core   0: 0x8000702c (0x00296f33) or      t5, s2, sp
core   0: 3 0x8000702c (0x00296f33) x30 0x8fffad53
core   0: 0x80007030 (0x0000019d) c.addi  gp, 7
core   0: 3 0x80007030 (0x019d) x3  0xffffffff
core   0: 0x80007032 (0xfef1ede3) bltu    gp, a5, pc - 6
core   0: 3 0x80007032 (0xfef1ede3)
core   0: 0x80007036 (0x977d0713) addi    a4, s10, -1673
core   0: 3 0x80007036 (0x977d0713) x14 0x800066a2
core   0: 0x8000703a (0xffdb61e3) bltu    s6, t4, pc - 30
core   0: 3 0x8000703a (0xffdb61e3)
core   0: 0x8000703e (0x03ca3933) mulhu   s2, s4, t3
core   0: 3 0x8000703e (0x03ca3933) x18 0x045cdc7a
core   0: 0x80007042 (0x00005971) c.li    s2, -4
core   0: 3 0x80007042 (0x5971) x18 0xfffffffc
core   0: 0x80007044 (0x00000104) c.addi4spn s1, sp, 128
core   0: 3 0x80007044 (0x0104) x9  0x0fffadd3
core   0: 0x80007046 (0x00004335) c.li    t1, 13
core   0: 3 0x80007046 (0x4335) x6  0x0000000d
core   0: 0x80007048 (0x000085a5) c.srai  a1, 9
core   0: 3 0x80007048 (0x85a5) x11 0x00000000
core   0: 0x8000704a (0x7e08f113) andi    sp, a7, 2016
core   0: 3 0x8000704a (0x7e08f113) x2  0x000002c0
core   0: 0x8000704e (0x000085d9) c.srai  a1, 22
core   0: 3 0x8000704e (0x85d9) x11 0x00000000
core   0: 0x80007050 (0x566e5f97) auipc   t6, 0x566e5
core   0: 3 0x80007050 (0x566e5f97) x31 0xd66ec050
core   0: 0x80007054 (0x00008eea) c.mv    t4, s10
core   0: 3 0x80007054 (0x8eea) x29 0x80006d2b
core   0: 0x80007056 (0x00000929) c.addi  s2, 10
core   0: 3 0x80007056 (0x0929) x18 0x00000006
core   0: 0x80007058 (0x98088893) addi    a7, a7, -1664
core   0: 3 0x80007058 (0x98088893) x17 0x9afde444
core   0: 0x8000705c (0x00521c93) slli    s9, tp, 5
core   0: 3 0x8000705c (0x00521c93) x25 0x00000000
core   0: 0x80007060 (0xfe6968e3) bltu    s2, t1, pc - 16
core   0: 3 0x80007060 (0xfe6968e3)
core   0: 0x80007050 (0x566e5f97) auipc   t6, 0x566e5
core   0: 3 0x80007050 (0x566e5f97) x31 0xd66ec050
core   0: 0x80007054 (0x00008eea) c.mv    t4, s10
core   0: 3 0x80007054 (0x8eea) x29 0x80006d2b
core   0: 0x80007056 (0x00000929) c.addi  s2, 10
core   0: 3 0x80007056 (0x0929) x18 0x00000010
core   0: 0x80007058 (0x98088893) addi    a7, a7, -1664
core   0: 3 0x80007058 (0x98088893) x17 0x9afdddc4
core   0: 0x8000705c (0x00521c93) slli    s9, tp, 5
core   0: 3 0x8000705c (0x00521c93) x25 0x00000000
core   0: 0x80007060 (0xfe6968e3) bltu    s2, t1, pc - 16
core   0: 3 0x80007060 (0xfe6968e3)
core   0: 0x80007064 (0x03efd2b3) divu    t0, t6, t5
core   0: 3 0x80007064 (0x03efd2b3) x5  0x00000001
core   0: 0x80007068 (0x000043a9) c.li    t2, 10
core   0: 3 0x80007068 (0x43a9) x7  0x0000000a
core   0: 0x8000706a (0x000040a5) c.li    ra, 9
core   0: 3 0x8000706a (0x40a5) x1  0x00000009
core   0: 0x8000706c (0x00008d71) c.and   a0, a2
core   0: 3 0x8000706c (0x8d71) x10 0x8fc00048
core   0: 0x8000706e (0x000013e9) c.addi  t2, -6
core   0: 3 0x8000706e (0x13e9) x7  0x00000004
core   0: 0x80007070 (0x000054d9) c.li    s1, -10
core   0: 3 0x80007070 (0x54d9) x9  0xfffffff6
core   0: 0x80007072 (0x00000001) c.nop
core   0: 3 0x80007072 (0x0001)
core   0: 0x80007074 (0xfa134517) auipc   a0, 0xfa134
core   0: 3 0x80007074 (0xfa134517) x10 0x7a13b074
core   0: 0x80007078 (0x00000485) c.addi  s1, 1
core   0: 3 0x80007078 (0x0485) x9  0xfffffff7
core   0: 0x8000707a (0x0000dced) c.beqz  s1, pc - 6
core   0: 3 0x8000707a (0xdced)
core   0: 0x8000707c (0xfe13f8e3) bgeu    t2, ra, pc - 16
core   0: 3 0x8000707c (0xfe13f8e3)
core   0: 0x80007080 (0x000083ed) c.srli  a5, 27
core   0: 3 0x80007080 (0x83ed) x15 0x00000000
core   0: 0x80007082 (0x00005579) c.li    a0, -2
core   0: 3 0x80007082 (0x5579) x10 0xfffffffe
core   0: 0x80007084 (0x00004fa9) c.li    t6, 10
core   0: 3 0x80007084 (0x4fa9) x31 0x0000000a
core   0: 0x80007086 (0x026e57b3) divu    a5, t3, t1
core   0: 3 0x80007086 (0x026e57b3) x15 0x0055e993
core   0: 0x8000708a (0x00000511) c.addi  a0, 4
core   0: 3 0x8000708a (0x0511) x10 0x00000002
core   0: 0x8000708c (0x00005e7d) c.li    t3, -1
core   0: 3 0x8000708c (0x5e7d) x28 0xffffffff
core   0: 0x8000708e (0x000050ed) c.li    ra, -5
core   0: 3 0x8000708e (0x50ed) x1  0xfffffffb
core   0: 0x80007090 (0x00004115) c.li    sp, 5
core   0: 3 0x80007090 (0x4115) x2  0x00000005
core   0: 0x80007092 (0x034985b3) mul     a1, s3, s4
core   0: 3 0x80007092 (0x034985b3) x11 0xdee4ec9d
core   0: 0x80007096 (0x00000095) c.addi  ra, 5
core   0: 3 0x80007096 (0x0095) x1  0x00000000
core   0: 0x80007098 (0x00008e1d) c.sub   a2, a5
core   0: 3 0x80007098 (0x8e1d) x12 0xff6a17b7
core   0: 0x8000709a (0xfe208ce3) beq     ra, sp, pc - 8
core   0: 3 0x8000709a (0xfe208ce3)
core   0: 0x8000709e (0xfff514e3) bne     a0, t6, pc - 24
core   0: 3 0x8000709e (0xfff514e3)
core   0: 0x80007086 (0x026e57b3) divu    a5, t3, t1
core   0: 3 0x80007086 (0x026e57b3) x15 0x13b13b13
core   0: 0x8000708a (0x00000511) c.addi  a0, 4
core   0: 3 0x8000708a (0x0511) x10 0x00000006
core   0: 0x8000708c (0x00005e7d) c.li    t3, -1
core   0: 3 0x8000708c (0x5e7d) x28 0xffffffff
core   0: 0x8000708e (0x000050ed) c.li    ra, -5
core   0: 3 0x8000708e (0x50ed) x1  0xfffffffb
core   0: 0x80007090 (0x00004115) c.li    sp, 5
core   0: 3 0x80007090 (0x4115) x2  0x00000005
core   0: 0x80007092 (0x034985b3) mul     a1, s3, s4
core   0: 3 0x80007092 (0x034985b3) x11 0xdee4ec9d
core   0: 0x80007096 (0x00000095) c.addi  ra, 5
core   0: 3 0x80007096 (0x0095) x1  0x00000000
core   0: 0x80007098 (0x00008e1d) c.sub   a2, a5
core   0: 3 0x80007098 (0x8e1d) x12 0xebb8dca4
core   0: 0x8000709a (0xfe208ce3) beq     ra, sp, pc - 8
core   0: 3 0x8000709a (0xfe208ce3)
core   0: 0x8000709e (0xfff514e3) bne     a0, t6, pc - 24
core   0: 3 0x8000709e (0xfff514e3)
core   0: 0x80007086 (0x026e57b3) divu    a5, t3, t1
core   0: 3 0x80007086 (0x026e57b3) x15 0x13b13b13
core   0: 0x8000708a (0x00000511) c.addi  a0, 4
core   0: 3 0x8000708a (0x0511) x10 0x0000000a
core   0: 0x8000708c (0x00005e7d) c.li    t3, -1
core   0: 3 0x8000708c (0x5e7d) x28 0xffffffff
core   0: 0x8000708e (0x000050ed) c.li    ra, -5
core   0: 3 0x8000708e (0x50ed) x1  0xfffffffb
core   0: 0x80007090 (0x00004115) c.li    sp, 5
core   0: 3 0x80007090 (0x4115) x2  0x00000005
core   0: 0x80007092 (0x034985b3) mul     a1, s3, s4
core   0: 3 0x80007092 (0x034985b3) x11 0xdee4ec9d
core   0: 0x80007096 (0x00000095) c.addi  ra, 5
core   0: 3 0x80007096 (0x0095) x1  0x00000000
core   0: 0x80007098 (0x00008e1d) c.sub   a2, a5
core   0: 3 0x80007098 (0x8e1d) x12 0xd807a191
core   0: 0x8000709a (0xfe208ce3) beq     ra, sp, pc - 8
core   0: 3 0x8000709a (0xfe208ce3)
core   0: 0x8000709e (0xfff514e3) bne     a0, t6, pc - 24
core   0: 3 0x8000709e (0xfff514e3)
core   0: 0x800070a2 (0x00000001) c.nop
core   0: 3 0x800070a2 (0x0001)
core   0: 0x800070a4 (0x000055dd) c.li    a1, -9
core   0: 3 0x800070a4 (0x55dd) x11 0xfffffff7
core   0: 0x800070a6 (0x026add33) divu    s10, s5, t1
core   0: 3 0x800070a6 (0x026add33) x26 0x00000000
core   0: 0x800070aa (0x000040cd) c.li    ra, 19
core   0: 3 0x800070aa (0x40cd) x1  0x00000013
core   0: 0x800070ac (0x00004a31) c.li    s4, 12
core   0: 3 0x800070ac (0x4a31) x20 0x0000000c
core   0: 0x800070ae (0x03534933) div     s2, t1, s5
core   0: 3 0x800070ae (0x03534933) x18 0xffffffff
core   0: 0x800070b2 (0x01845217) auipc   tp, 0x1845
core   0: 3 0x800070b2 (0x01845217) x4  0x8184c0b2
core   0: 0x800070b6 (0x03861e33) mulh    t3, a2, s8
core   0: 3 0x800070b6 (0x03861e33) x28 0x00ae6125
core   0: 0x800070ba (0x00000585) c.addi  a1, 1
core   0: 3 0x800070ba (0x0585) x11 0xfffffff8
core   0: 0x800070bc (0x003b84b3) add     s1, s7, gp
core   0: 3 0x800070bc (0x003b84b3) x9  0xf500060a
core   0: 0x800070c0 (0x00004115) c.li    sp, 5
core   0: 3 0x800070c0 (0x4115) x2  0x00000005
core   0: 0x800070c2 (0x52a64fb7) lui     t6, 0x52a64
core   0: 3 0x800070c2 (0x52a64fb7) x31 0x52a64000
core   0: 0x800070c6 (0x0000997d) c.andi  a0, -1
core   0: 3 0x800070c6 (0x997d) x10 0x0000000a
core   0: 0x800070c8 (0x8eef0713) addi    a4, t5, -1810
core   0: 3 0x800070c8 (0x8eef0713) x14 0x8fffa641
core   0: 0x800070cc (0x00000001) c.nop
core   0: 3 0x800070cc (0x0001)
core   0: 0x800070ce (0x02082233) mulhsu  tp, a6, zero
core   0: 3 0x800070ce (0x02082233) x4  0x00000000
core   0: 0x800070d2 (0x00008785) c.srai  a5, 1
core   0: 3 0x800070d2 (0x8785) x15 0x09d89d89
core   0: 0x800070d4 (0x000052fd) c.li    t0, -1
core   0: 3 0x800070d4 (0x52fd) x5  0xffffffff
core   0: 0x800070d6 (0xb42a3913) sltiu   s2, s4, -1214
core   0: 3 0x800070d6 (0xb42a3913) x18 0x00000001
core   0: 0x800070da (0x000041c9) c.li    gp, 18
core   0: 3 0x800070da (0x41c9) x3  0x00000012
core   0: 0x800070dc (0x007d04b3) add     s1, s10, t2
core   0: 3 0x800070dc (0x007d04b3) x9  0x00000004
core   0: 0x800070e0 (0x00008fa9) c.xor   a5, a0
core   0: 3 0x800070e0 (0x8fa9) x15 0x09d89d83
core   0: 0x800070e2 (0x113e6d93) ori     s11, t3, 275
core   0: 3 0x800070e2 (0x113e6d93) x27 0x00ae6137
core   0: 0x800070e6 (0xfad36013) ori     zero, t1, -83
core   0: 3 0x800070e6 (0xfad36013)
core   0: 0x800070ea (0x00000105) c.addi  sp, 1
core   0: 3 0x800070ea (0x0105) x2  0x00000006
core   0: 0x800070ec (0x67fc6a13) ori     s4, s8, 1663
core   0: 3 0x800070ec (0x67fc6a13) x20 0xfba327ff
core   0: 0x800070f0 (0x00514cb3) xor     s9, sp, t0
core   0: 3 0x800070f0 (0x00514cb3) x25 0xfffffff9
core   0: 0x800070f4 (0xfe3116e3) bne     sp, gp, pc - 20
core   0: 3 0x800070f4 (0xfe3116e3)
core   0: 0x800070e0 (0x00008fa9) c.xor   a5, a0
core   0: 3 0x800070e0 (0x8fa9) x15 0x09d89d89
core   0: 0x800070e2 (0x113e6d93) ori     s11, t3, 275
core   0: 3 0x800070e2 (0x113e6d93) x27 0x00ae6137
core   0: 0x800070e6 (0xfad36013) ori     zero, t1, -83
core   0: 3 0x800070e6 (0xfad36013)
core   0: 0x800070ea (0x00000105) c.addi  sp, 1
core   0: 3 0x800070ea (0x0105) x2  0x00000007
core   0: 0x800070ec (0x67fc6a13) ori     s4, s8, 1663
core   0: 3 0x800070ec (0x67fc6a13) x20 0xfba327ff
core   0: 0x800070f0 (0x00514cb3) xor     s9, sp, t0
core   0: 3 0x800070f0 (0x00514cb3) x25 0xfffffff8
core   0: 0x800070f4 (0xfe3116e3) bne     sp, gp, pc - 20
core   0: 3 0x800070f4 (0xfe3116e3)
core   0: 0x800070e0 (0x00008fa9) c.xor   a5, a0
core   0: 3 0x800070e0 (0x8fa9) x15 0x09d89d83
core   0: 0x800070e2 (0x113e6d93) ori     s11, t3, 275
core   0: 3 0x800070e2 (0x113e6d93) x27 0x00ae6137
core   0: 0x800070e6 (0xfad36013) ori     zero, t1, -83
core   0: 3 0x800070e6 (0xfad36013)
core   0: 0x800070ea (0x00000105) c.addi  sp, 1
core   0: 3 0x800070ea (0x0105) x2  0x00000008
core   0: 0x800070ec (0x67fc6a13) ori     s4, s8, 1663
core   0: 3 0x800070ec (0x67fc6a13) x20 0xfba327ff
core   0: 0x800070f0 (0x00514cb3) xor     s9, sp, t0
core   0: 3 0x800070f0 (0x00514cb3) x25 0xfffffff7
core   0: 0x800070f4 (0xfe3116e3) bne     sp, gp, pc - 20
core   0: 3 0x800070f4 (0xfe3116e3)
core   0: 0x800070e0 (0x00008fa9) c.xor   a5, a0
core   0: 3 0x800070e0 (0x8fa9) x15 0x09d89d89
core   0: 0x800070e2 (0x113e6d93) ori     s11, t3, 275
core   0: 3 0x800070e2 (0x113e6d93) x27 0x00ae6137
core   0: 0x800070e6 (0xfad36013) ori     zero, t1, -83
core   0: 3 0x800070e6 (0xfad36013)
core   0: 0x800070ea (0x00000105) c.addi  sp, 1
core   0: 3 0x800070ea (0x0105) x2  0x00000009
core   0: 0x800070ec (0x67fc6a13) ori     s4, s8, 1663
core   0: 3 0x800070ec (0x67fc6a13) x20 0xfba327ff
core   0: 0x800070f0 (0x00514cb3) xor     s9, sp, t0
core   0: 3 0x800070f0 (0x00514cb3) x25 0xfffffff6
core   0: 0x800070f4 (0xfe3116e3) bne     sp, gp, pc - 20
core   0: 3 0x800070f4 (0xfe3116e3)
core   0: 0x800070e0 (0x00008fa9) c.xor   a5, a0
core   0: 3 0x800070e0 (0x8fa9) x15 0x09d89d83
core   0: 0x800070e2 (0x113e6d93) ori     s11, t3, 275
core   0: 3 0x800070e2 (0x113e6d93) x27 0x00ae6137
core   0: 0x800070e6 (0xfad36013) ori     zero, t1, -83
core   0: 3 0x800070e6 (0xfad36013)
core   0: 0x800070ea (0x00000105) c.addi  sp, 1
core   0: 3 0x800070ea (0x0105) x2  0x0000000a
core   0: 0x800070ec (0x67fc6a13) ori     s4, s8, 1663
core   0: 3 0x800070ec (0x67fc6a13) x20 0xfba327ff
core   0: 0x800070f0 (0x00514cb3) xor     s9, sp, t0
core   0: 3 0x800070f0 (0x00514cb3) x25 0xfffffff5
core   0: 0x800070f4 (0xfe3116e3) bne     sp, gp, pc - 20
core   0: 3 0x800070f4 (0xfe3116e3)
core   0: 0x800070e0 (0x00008fa9) c.xor   a5, a0
core   0: 3 0x800070e0 (0x8fa9) x15 0x09d89d89
core   0: 0x800070e2 (0x113e6d93) ori     s11, t3, 275
core   0: 3 0x800070e2 (0x113e6d93) x27 0x00ae6137
core   0: 0x800070e6 (0xfad36013) ori     zero, t1, -83
core   0: 3 0x800070e6 (0xfad36013)
core   0: 0x800070ea (0x00000105) c.addi  sp, 1
core   0: 3 0x800070ea (0x0105) x2  0x0000000b
core   0: 0x800070ec (0x67fc6a13) ori     s4, s8, 1663
core   0: 3 0x800070ec (0x67fc6a13) x20 0xfba327ff
core   0: 0x800070f0 (0x00514cb3) xor     s9, sp, t0
core   0: 3 0x800070f0 (0x00514cb3) x25 0xfffffff4
core   0: 0x800070f4 (0xfe3116e3) bne     sp, gp, pc - 20
core   0: 3 0x800070f4 (0xfe3116e3)
core   0: 0x800070e0 (0x00008fa9) c.xor   a5, a0
core   0: 3 0x800070e0 (0x8fa9) x15 0x09d89d83
core   0: 0x800070e2 (0x113e6d93) ori     s11, t3, 275
core   0: 3 0x800070e2 (0x113e6d93) x27 0x00ae6137
core   0: 0x800070e6 (0xfad36013) ori     zero, t1, -83
core   0: 3 0x800070e6 (0xfad36013)
core   0: 0x800070ea (0x00000105) c.addi  sp, 1
core   0: 3 0x800070ea (0x0105) x2  0x0000000c
core   0: 0x800070ec (0x67fc6a13) ori     s4, s8, 1663
core   0: 3 0x800070ec (0x67fc6a13) x20 0xfba327ff
core   0: 0x800070f0 (0x00514cb3) xor     s9, sp, t0
core   0: 3 0x800070f0 (0x00514cb3) x25 0xfffffff3
core   0: 0x800070f4 (0xfe3116e3) bne     sp, gp, pc - 20
core   0: 3 0x800070f4 (0xfe3116e3)
core   0: 0x800070e0 (0x00008fa9) c.xor   a5, a0
core   0: 3 0x800070e0 (0x8fa9) x15 0x09d89d89
core   0: 0x800070e2 (0x113e6d93) ori     s11, t3, 275
core   0: 3 0x800070e2 (0x113e6d93) x27 0x00ae6137
core   0: 0x800070e6 (0xfad36013) ori     zero, t1, -83
core   0: 3 0x800070e6 (0xfad36013)
core   0: 0x800070ea (0x00000105) c.addi  sp, 1
core   0: 3 0x800070ea (0x0105) x2  0x0000000d
core   0: 0x800070ec (0x67fc6a13) ori     s4, s8, 1663
core   0: 3 0x800070ec (0x67fc6a13) x20 0xfba327ff
core   0: 0x800070f0 (0x00514cb3) xor     s9, sp, t0
core   0: 3 0x800070f0 (0x00514cb3) x25 0xfffffff2
core   0: 0x800070f4 (0xfe3116e3) bne     sp, gp, pc - 20
core   0: 3 0x800070f4 (0xfe3116e3)
core   0: 0x800070e0 (0x00008fa9) c.xor   a5, a0
core   0: 3 0x800070e0 (0x8fa9) x15 0x09d89d83
core   0: 0x800070e2 (0x113e6d93) ori     s11, t3, 275
core   0: 3 0x800070e2 (0x113e6d93) x27 0x00ae6137
core   0: 0x800070e6 (0xfad36013) ori     zero, t1, -83
core   0: 3 0x800070e6 (0xfad36013)
core   0: 0x800070ea (0x00000105) c.addi  sp, 1
core   0: 3 0x800070ea (0x0105) x2  0x0000000e
core   0: 0x800070ec (0x67fc6a13) ori     s4, s8, 1663
core   0: 3 0x800070ec (0x67fc6a13) x20 0xfba327ff
core   0: 0x800070f0 (0x00514cb3) xor     s9, sp, t0
core   0: 3 0x800070f0 (0x00514cb3) x25 0xfffffff1
core   0: 0x800070f4 (0xfe3116e3) bne     sp, gp, pc - 20
core   0: 3 0x800070f4 (0xfe3116e3)
core   0: 0x800070e0 (0x00008fa9) c.xor   a5, a0
core   0: 3 0x800070e0 (0x8fa9) x15 0x09d89d89
core   0: 0x800070e2 (0x113e6d93) ori     s11, t3, 275
core   0: 3 0x800070e2 (0x113e6d93) x27 0x00ae6137
core   0: 0x800070e6 (0xfad36013) ori     zero, t1, -83
core   0: 3 0x800070e6 (0xfad36013)
core   0: 0x800070ea (0x00000105) c.addi  sp, 1
core   0: 3 0x800070ea (0x0105) x2  0x0000000f
core   0: 0x800070ec (0x67fc6a13) ori     s4, s8, 1663
core   0: 3 0x800070ec (0x67fc6a13) x20 0xfba327ff
core   0: 0x800070f0 (0x00514cb3) xor     s9, sp, t0
core   0: 3 0x800070f0 (0x00514cb3) x25 0xfffffff0
core   0: 0x800070f4 (0xfe3116e3) bne     sp, gp, pc - 20
core   0: 3 0x800070f4 (0xfe3116e3)
core   0: 0x800070e0 (0x00008fa9) c.xor   a5, a0
core   0: 3 0x800070e0 (0x8fa9) x15 0x09d89d83
core   0: 0x800070e2 (0x113e6d93) ori     s11, t3, 275
core   0: 3 0x800070e2 (0x113e6d93) x27 0x00ae6137
core   0: 0x800070e6 (0xfad36013) ori     zero, t1, -83
core   0: 3 0x800070e6 (0xfad36013)
core   0: 0x800070ea (0x00000105) c.addi  sp, 1
core   0: 3 0x800070ea (0x0105) x2  0x00000010
core   0: 0x800070ec (0x67fc6a13) ori     s4, s8, 1663
core   0: 3 0x800070ec (0x67fc6a13) x20 0xfba327ff
core   0: 0x800070f0 (0x00514cb3) xor     s9, sp, t0
core   0: 3 0x800070f0 (0x00514cb3) x25 0xffffffef
core   0: 0x800070f4 (0xfe3116e3) bne     sp, gp, pc - 20
core   0: 3 0x800070f4 (0xfe3116e3)
core   0: 0x800070e0 (0x00008fa9) c.xor   a5, a0
core   0: 3 0x800070e0 (0x8fa9) x15 0x09d89d89
core   0: 0x800070e2 (0x113e6d93) ori     s11, t3, 275
core   0: 3 0x800070e2 (0x113e6d93) x27 0x00ae6137
core   0: 0x800070e6 (0xfad36013) ori     zero, t1, -83
core   0: 3 0x800070e6 (0xfad36013)
core   0: 0x800070ea (0x00000105) c.addi  sp, 1
core   0: 3 0x800070ea (0x0105) x2  0x00000011
core   0: 0x800070ec (0x67fc6a13) ori     s4, s8, 1663
core   0: 3 0x800070ec (0x67fc6a13) x20 0xfba327ff
core   0: 0x800070f0 (0x00514cb3) xor     s9, sp, t0
core   0: 3 0x800070f0 (0x00514cb3) x25 0xffffffee
core   0: 0x800070f4 (0xfe3116e3) bne     sp, gp, pc - 20
core   0: 3 0x800070f4 (0xfe3116e3)
core   0: 0x800070e0 (0x00008fa9) c.xor   a5, a0
core   0: 3 0x800070e0 (0x8fa9) x15 0x09d89d83
core   0: 0x800070e2 (0x113e6d93) ori     s11, t3, 275
core   0: 3 0x800070e2 (0x113e6d93) x27 0x00ae6137
core   0: 0x800070e6 (0xfad36013) ori     zero, t1, -83
core   0: 3 0x800070e6 (0xfad36013)
core   0: 0x800070ea (0x00000105) c.addi  sp, 1
core   0: 3 0x800070ea (0x0105) x2  0x00000012
core   0: 0x800070ec (0x67fc6a13) ori     s4, s8, 1663
core   0: 3 0x800070ec (0x67fc6a13) x20 0xfba327ff
core   0: 0x800070f0 (0x00514cb3) xor     s9, sp, t0
core   0: 3 0x800070f0 (0x00514cb3) x25 0xffffffed
core   0: 0x800070f4 (0xfe3116e3) bne     sp, gp, pc - 20
core   0: 3 0x800070f4 (0xfe3116e3)
core   0: 0x800070f8 (0x02d4b2b3) mulhu   t0, s1, a3
core   0: 3 0x800070f8 (0x02d4b2b3) x5  0x00000002
core   0: 0x800070fc (0x000064dd) c.lui   s1, 0x17
core   0: 3 0x800070fc (0x64dd) x9  0x00017000
core   0: 0x800070fe (0xddb5e393) ori     t2, a1, -549
core   0: 3 0x800070fe (0xddb5e393) x7  0xfffffffb
core   0: 0x80007102 (0xc6c30613) addi    a2, t1, -916
core   0: 3 0x80007102 (0xc6c30613) x12 0xfffffc79
core   0: 0x80007106 (0x00008531) c.srai  a0, 12
core   0: 3 0x80007106 (0x8531) x10 0x00000000
core   0: 0x80007108 (0xfa1583e3) beq     a1, ra, pc - 90
core   0: 3 0x80007108 (0xfa1583e3)
core   0: 0x8000710c (0x00000001) c.nop
core   0: 3 0x8000710c (0x0001)
core   0: 0x8000710e (0x00005675) c.li    a2, -3
core   0: 3 0x8000710e (0x5675) x12 0xfffffffd
core   0: 0x80007110 (0x02196033) rem     zero, s2, ra
core   0: 3 0x80007110 (0x02196033)
core   0: 0x80007114 (0x00009866) c.add   a6, s9
core   0: 3 0x80007114 (0x9866) x16 0xfba32384
core   0: 0x80007116 (0x00000001) c.nop
core   0: 3 0x80007116 (0x0001)
core   0: 0x80007118 (0x0000028c) c.addi4spn a1, sp, 320
core   0: 3 0x80007118 (0x028c) x11 0x00000152
core   0: 0x8000711a (0x00004e2d) c.li    t3, 11
core   0: 3 0x8000711a (0x4e2d) x28 0x0000000b
core   0: 0x8000711c (0x03aa7db3) remu    s11, s4, s10
core   0: 3 0x8000711c (0x03aa7db3) x27 0xfba327ff
core   0: 0x80007120 (0x01999a13) slli    s4, s3, 25
core   0: 3 0x80007120 (0x01999a13) x20 0x5e000000
core   0: 0x80007124 (0x1999a793) slti    a5, s3, 409
core   0: 3 0x80007124 (0x1999a793) x15 0x00000000
core   0: 0x80007128 (0x00a21293) slli    t0, tp, 10
core   0: 3 0x80007128 (0x00a21293) x5  0x00000000
core   0: 0x8000712c (0x037f3933) mulhu   s2, t5, s7
core   0: 3 0x8000712c (0x037f3933) x18 0x89cfb446
core   0: 0x80007130 (0x00008eee) c.mv    t4, s11
core   0: 3 0x80007130 (0x8eee) x29 0xfba327ff
core   0: 0x80007132 (0x28680713) addi    a4, a6, 646
core   0: 3 0x80007132 (0x28680713) x14 0xfba3260a
core   0: 0x80007136 (0x000084c5) c.srai  s1, 17
core   0: 3 0x80007136 (0x84c5) x9  0x00000000
core   0: 0x80007138 (0xbae77193) andi    gp, a4, -1106
core   0: 3 0x80007138 (0xbae77193) x3  0xfba3220a
core   0: 0x8000713c (0x025e0bb3) mul     s7, t3, t0
core   0: 3 0x8000713c (0x025e0bb3) x23 0x00000000
core   0: 0x80007140 (0x036a37b3) mulhu   a5, s4, s6
core   0: 3 0x80007140 (0x036a37b3) x15 0x5dfffffe
core   0: 0x80007144 (0x00000001) c.nop
core   0: 3 0x80007144 (0x0001)
core   0: 0x80007146 (0xc4726b13) ori     s6, tp, -953
core   0: 3 0x80007146 (0xc4726b13) x22 0xfffffc47
core   0: 0x8000714a (0x41df8fb3) sub     t6, t6, t4
core   0: 3 0x8000714a (0x41df8fb3) x31 0x57031801
core   0: 0x8000714e (0x0308c2b3) div     t0, a7, a6
core   0: 3 0x8000714e (0x0308c2b3) x5  0x00000017
core   0: 0x80007152 (0x037839b3) mulhu   s3, a6, s7
core   0: 3 0x80007152 (0x037839b3) x19 0x00000000
core   0: 0x80007156 (0x0000061d) c.addi  a2, 7
core   0: 3 0x80007156 (0x061d) x12 0x00000004
core   0: 0x80007158 (0x01e85793) srli    a5, a6, 30
core   0: 3 0x80007158 (0x01e85793) x15 0x00000003
core   0: 0x8000715c (0x033fdfb3) divu    t6, t6, s3
core   0: 3 0x8000715c (0x033fdfb3) x31 0xffffffff
core   0: 0x80007160 (0x410802b3) sub     t0, a6, a6
core   0: 3 0x80007160 (0x410802b3) x5  0x00000000
core   0: 0x80007164 (0x00091733) sll     a4, s2, zero
core   0: 3 0x80007164 (0x00091733) x14 0x89cfb446
core   0: 0x80007168 (0x0281d233) divu    tp, gp, s0
core   0: 3 0x80007168 (0x0281d233) x4  0x00000001
core   0: 0x8000716c (0xfdc66ae3) bltu    a2, t3, pc - 44
core   0: 3 0x8000716c (0xfdc66ae3)
core   0: 0x80007140 (0x036a37b3) mulhu   a5, s4, s6
core   0: 3 0x80007140 (0x036a37b3) x15 0x5dfffea2
core   0: 0x80007144 (0x00000001) c.nop
core   0: 3 0x80007144 (0x0001)
core   0: 0x80007146 (0xc4726b13) ori     s6, tp, -953
core   0: 3 0x80007146 (0xc4726b13) x22 0xfffffc47
core   0: 0x8000714a (0x41df8fb3) sub     t6, t6, t4
core   0: 3 0x8000714a (0x41df8fb3) x31 0x045cd800
core   0: 0x8000714e (0x0308c2b3) div     t0, a7, a6
core   0: 3 0x8000714e (0x0308c2b3) x5  0x00000017
core   0: 0x80007152 (0x037839b3) mulhu   s3, a6, s7
core   0: 3 0x80007152 (0x037839b3) x19 0x00000000
core   0: 0x80007156 (0x0000061d) c.addi  a2, 7
core   0: 3 0x80007156 (0x061d) x12 0x0000000b
core   0: 0x80007158 (0x01e85793) srli    a5, a6, 30
core   0: 3 0x80007158 (0x01e85793) x15 0x00000003
core   0: 0x8000715c (0x033fdfb3) divu    t6, t6, s3
core   0: 3 0x8000715c (0x033fdfb3) x31 0xffffffff
core   0: 0x80007160 (0x410802b3) sub     t0, a6, a6
core   0: 3 0x80007160 (0x410802b3) x5  0x00000000
core   0: 0x80007164 (0x00091733) sll     a4, s2, zero
core   0: 3 0x80007164 (0x00091733) x14 0x89cfb446
core   0: 0x80007168 (0x0281d233) divu    tp, gp, s0
core   0: 3 0x80007168 (0x0281d233) x4  0x00000001
core   0: 0x8000716c (0xfdc66ae3) bltu    a2, t3, pc - 44
core   0: 3 0x8000716c (0xfdc66ae3)
core   0: 0x80007170 (0x00000001) c.nop
core   0: 3 0x80007170 (0x0001)
core   0: 0x80007172 (0x00005ae5) c.li    s5, -7
core   0: 3 0x80007172 (0x5ae5) x21 0xfffffff9
core   0: 0x80007174 (0x000041c1) c.li    gp, 16
core   0: 3 0x80007174 (0x41c1) x3  0x00000010
core   0: 0x80007176 (0x025718b3) mulh    a7, a4, t0
core   0: 3 0x80007176 (0x025718b3) x17 0x00000000
core   0: 0x8000717a (0x00a50eb3) add     t4, a0, a0
core   0: 3 0x8000717a (0x00a50eb3) x29 0x00000000
core   0: 0x8000717e (0x03e0cfb3) div     t6, ra, t5
core   0: 3 0x8000717e (0x03e0cfb3) x31 0x00000000
core   0: 0x80007182 (0x00008ff9) c.and   a5, a4
core   0: 3 0x80007182 (0x8ff9) x15 0x00000002
core   0: 0x80007184 (0x00000aa9) c.addi  s5, 10
core   0: 3 0x80007184 (0x0aa9) x21 0x00000003
core   0: 0x80007186 (0x70594293) xori    t0, s2, 1797
core   0: 3 0x80007186 (0x70594293) x5  0x89cfb343
core   0: 0x8000718a (0x00008901) c.andi  a0, 0
core   0: 3 0x8000718a (0x8901) x10 0x00000000
core   0: 0x8000718c (0xfe3ae9e3) bltu    s5, gp, pc - 14
core   0: 3 0x8000718c (0xfe3ae9e3)
core   0: 0x8000717e (0x03e0cfb3) div     t6, ra, t5
core   0: 3 0x8000717e (0x03e0cfb3) x31 0x00000000
core   0: 0x80007182 (0x00008ff9) c.and   a5, a4
core   0: 3 0x80007182 (0x8ff9) x15 0x00000002
core   0: 0x80007184 (0x00000aa9) c.addi  s5, 10
core   0: 3 0x80007184 (0x0aa9) x21 0x0000000d
core   0: 0x80007186 (0x70594293) xori    t0, s2, 1797
core   0: 3 0x80007186 (0x70594293) x5  0x89cfb343
core   0: 0x8000718a (0x00008901) c.andi  a0, 0
core   0: 3 0x8000718a (0x8901) x10 0x00000000
core   0: 0x8000718c (0xfe3ae9e3) bltu    s5, gp, pc - 14
core   0: 3 0x8000718c (0xfe3ae9e3)
core   0: 0x8000717e (0x03e0cfb3) div     t6, ra, t5
core   0: 3 0x8000717e (0x03e0cfb3) x31 0x00000000
core   0: 0x80007182 (0x00008ff9) c.and   a5, a4
core   0: 3 0x80007182 (0x8ff9) x15 0x00000002
core   0: 0x80007184 (0x00000aa9) c.addi  s5, 10
core   0: 3 0x80007184 (0x0aa9) x21 0x00000017
core   0: 0x80007186 (0x70594293) xori    t0, s2, 1797
core   0: 3 0x80007186 (0x70594293) x5  0x89cfb343
core   0: 0x8000718a (0x00008901) c.andi  a0, 0
core   0: 3 0x8000718a (0x8901) x10 0x00000000
core   0: 0x8000718c (0xfe3ae9e3) bltu    s5, gp, pc - 14
core   0: 3 0x8000718c (0xfe3ae9e3)
core   0: 0x80007190 (0x023024b3) mulhsu  s1, zero, gp
core   0: 3 0x80007190 (0x023024b3) x9  0x00000000
core   0: 0x80007194 (0x0000448d) c.li    s1, 3
core   0: 3 0x80007194 (0x448d) x9  0x00000003
core   0: 0x80007196 (0x00001388) c.addi4spn a0, sp, 480
core   0: 3 0x80007196 (0x1388) x10 0x000001f2
core   0: 0x80007198 (0x000055f1) c.li    a1, -4
core   0: 3 0x80007198 (0x55f1) x11 0xfffffffc
core   0: 0x8000719a (0x00000001) c.nop
core   0: 3 0x8000719a (0x0001)
core   0: 0x8000719c (0x00008d05) c.sub   a0, s1
core   0: 3 0x8000719c (0x8d05) x10 0x000001ef
core   0: 0x8000719e (0x48014193) xori    gp, sp, 1152
core   0: 3 0x8000719e (0x48014193) x3  0x00000492
core   0: 0x800071a2 (0x0345f133) remu    sp, a1, s4
core   0: 3 0x800071a2 (0x0345f133) x2  0x43fffffc
core   0: 0x800071a6 (0x00008111) c.srli  a0, 4
core   0: 3 0x800071a6 (0x8111) x10 0x0000001e
core   0: 0x800071a8 (0x000014e1) c.addi  s1, -8
core   0: 3 0x800071a8 (0x14e1) x9  0xfffffffb
core   0: 0x800071aa (0x0000997d) c.andi  a0, -1
core   0: 3 0x800071aa (0x997d) x10 0x0000001e
core   0: 0x800071ac (0x00004785) c.li    a5, 1
core   0: 3 0x800071ac (0x4785) x15 0x00000001
core   0: 0x800071ae (0x00004705) c.li    a4, 1
core   0: 3 0x800071ae (0x4705) x14 0x00000001
core   0: 0x800071b0 (0x0061d3b3) srl     t2, gp, t1
core   0: 3 0x800071b0 (0x0061d3b3) x7  0x00000000
core   0: 0x800071b4 (0xe8cae213) ori     tp, s5, -372
core   0: 3 0x800071b4 (0xe8cae213) x4  0xfffffe9f
core   0: 0x800071b8 (0x000017f1) c.addi  a5, -4
core   0: 3 0x800071b8 (0x17f1) x15 0xfffffffd
core   0: 0x800071ba (0xfee7dde3) bge     a5, a4, pc - 6
core   0: 3 0x800071ba (0xfee7dde3)
core   0: 0x800071be (0xfeb4d2e3) bge     s1, a1, pc - 28
core   0: 3 0x800071be (0xfeb4d2e3)
core   0: 0x800071c2 (0x0024c1b3) xor     gp, s1, sp
core   0: 3 0x800071c2 (0x0024c1b3) x3  0xbc000007
core   0: 0x800071c6 (0x000054f9) c.li    s1, -2
core   0: 3 0x800071c6 (0x54f9) x9  0xfffffffe
core   0: 0x800071c8 (0xb20bc593) xori    a1, s7, -1248
core   0: 3 0x800071c8 (0xb20bc593) x11 0xfffffb20
core   0: 0x800071cc (0x00165ab3) srl     s5, a2, ra
core   0: 3 0x800071cc (0x00165ab3) x21 0x00000000
core   0: 0x800071d0 (0x01558d33) add     s10, a1, s5
core   0: 3 0x800071d0 (0x01558d33) x26 0xfffffb20
core   0: 0x800071d4 (0xfcb7b113) sltiu   sp, a5, -53
core   0: 3 0x800071d4 (0xfcb7b113) x2  0x00000000
core   0: 0x800071d8 (0x00001908) c.addi4spn a0, sp, 176
core   0: 3 0x800071d8 (0x1908) x10 0x000000b0
core   0: 0x800071da (0x0caaa313) slti    t1, s5, 202
core   0: 3 0x800071da (0x0caaa313) x6  0x00000001
core   0: 0x800071de (0x000001c5) c.addi  gp, 17
core   0: 3 0x800071de (0x01c5) x3  0xbc000018
core   0: 0x800071e0 (0x02f0b1b3) mulhu   gp, ra, a5
core   0: 3 0x800071e0 (0x02f0b1b3) x3  0x00000012
core   0: 0x800071e4 (0x00008d3d) c.xor   a0, a5
core   0: 3 0x800071e4 (0x8d3d) x10 0xffffff4d
core   0: 0x800071e6 (0xbf60af93) slti    t6, ra, -1034
core   0: 3 0x800071e6 (0xbf60af93) x31 0x00000000
core   0: 0x800071ea (0x00004921) c.li    s2, 8
core   0: 3 0x800071ea (0x4921) x18 0x00000008
core   0: 0x800071ec (0x000011fd) c.addi  gp, -1
core   0: 3 0x800071ec (0x11fd) x3  0x00000011
core   0: 0x800071ee (0x02000eb3) mul     t4, zero, zero
core   0: 3 0x800071ee (0x02000eb3) x29 0x00000000
core   0: 0x800071f2 (0x00537a33) and     s4, t1, t0
core   0: 3 0x800071f2 (0x00537a33) x20 0x00000001
core   0: 0x800071f6 (0x00000706) c.slli  a4, 1
core   0: 3 0x800071f6 (0x0706) x14 0x00000002
core   0: 0x800071f8 (0x0254fcb3) remu    s9, s1, t0
core   0: 3 0x800071f8 (0x0254fcb3) x25 0x76304cbb
core   0: 0x800071fc (0x01c43133) sltu    sp, s0, t3
core   0: 3 0x800071fc (0x01c43133) x2  0x00000000
core   0: 0x80007200 (0xb349b013) sltiu   zero, s3, -1228
core   0: 3 0x80007200 (0xb349b013)
core   0: 0x80007204 (0x03117333) remu    t1, sp, a7
core   0: 3 0x80007204 (0x03117333) x6  0x00000000
core   0: 0x80007208 (0x00008d75) c.and   a0, a3
core   0: 3 0x80007208 (0x8d75) x10 0x80025e00
core   0: 0x8000720a (0xcb79eb93) ori     s7, s3, -841
core   0: 3 0x8000720a (0xcb79eb93) x23 0xfffffcb7
core   0: 0x8000720e (0x000004a5) c.addi  s1, 9
core   0: 3 0x8000720e (0x04a5) x9  0x00000007
core   0: 0x80007210 (0x030b80b3) mul     ra, s7, a6
core   0: 3 0x80007210 (0x030b80b3) x1  0x5510535c
core   0: 0x80007214 (0xf4e0c393) xori    t2, ra, -178
core   0: 3 0x80007214 (0xf4e0c393) x7  0xaaefac12
core   0: 0x80007218 (0xff24c8e3) blt     s1, s2, pc - 16
core   0: 3 0x80007218 (0xff24c8e3)
core   0: 0x80007208 (0x00008d75) c.and   a0, a3
core   0: 3 0x80007208 (0x8d75) x10 0x80025e00
core   0: 0x8000720a (0xcb79eb93) ori     s7, s3, -841
core   0: 3 0x8000720a (0xcb79eb93) x23 0xfffffcb7
core   0: 0x8000720e (0x000004a5) c.addi  s1, 9
core   0: 3 0x8000720e (0x04a5) x9  0x00000010
core   0: 0x80007210 (0x030b80b3) mul     ra, s7, a6
core   0: 3 0x80007210 (0x030b80b3) x1  0x5510535c
core   0: 0x80007214 (0xf4e0c393) xori    t2, ra, -178
core   0: 3 0x80007214 (0xf4e0c393) x7  0xaaefac12
core   0: 0x80007218 (0xff24c8e3) blt     s1, s2, pc - 16
core   0: 3 0x80007218 (0xff24c8e3)
core   0: 0x8000721c (0x01b309b3) add     s3, t1, s11
core   0: 3 0x8000721c (0x01b309b3) x19 0xfba327ff
core   0: 0x80007220 (0x00004309) c.li    t1, 2
core   0: 3 0x80007220 (0x4309) x6  0x00000002
core   0: 0x80007222 (0x00004a91) c.li    s5, 4
core   0: 3 0x80007222 (0x4a91) x21 0x00000004
core   0: 0x80007224 (0xd3155997) auipc   s3, 0xd3155
core   0: 3 0x80007224 (0xd3155997) x19 0x5315c224
core   0: 0x80007228 (0x10f83713) sltiu   a4, a6, 271
core   0: 3 0x80007228 (0x10f83713) x14 0x00000000
core   0: 0x8000722c (0x00000319) c.addi  t1, 6
core   0: 3 0x8000722c (0x0319) x6  0x00000008
core   0: 0x8000722e (0x00008495) c.srai  s1, 5
core   0: 3 0x8000722e (0x8495) x9  0x00000000
core   0: 0x80007230 (0x00005561) c.li    a0, -8
core   0: 3 0x80007230 (0x5561) x10 0xfffffff8
core   0: 0x80007232 (0x01c7c0b3) xor     ra, a5, t3
core   0: 3 0x80007232 (0x01c7c0b3) x1  0xfffffff6
core   0: 0x80007236 (0x00000001) c.nop
core   0: 3 0x80007236 (0x0001)
core   0: 0x80007238 (0x00008e4d) c.or    a2, a1
core   0: 3 0x80007238 (0x8e4d) x12 0xfffffb2b
core   0: 0x8000723a (0x032d9f33) mulh    t5, s11, s2
core   0: 3 0x8000723a (0x032d9f33) x30 0xffffffff
core   0: 0x8000723e (0x00000505) c.addi  a0, 1
core   0: 3 0x8000723e (0x0505) x10 0xfffffff9
core   0: 0x80007240 (0x0000fd6d) c.bnez  a0, pc - 6
core   0: 3 0x80007240 (0xfd6d)
core   0: 0x8000723a (0x032d9f33) mulh    t5, s11, s2
core   0: 3 0x8000723a (0x032d9f33) x30 0xffffffff
core   0: 0x8000723e (0x00000505) c.addi  a0, 1
core   0: 3 0x8000723e (0x0505) x10 0xfffffffa
core   0: 0x80007240 (0x0000fd6d) c.bnez  a0, pc - 6
core   0: 3 0x80007240 (0xfd6d)
core   0: 0x8000723a (0x032d9f33) mulh    t5, s11, s2
core   0: 3 0x8000723a (0x032d9f33) x30 0xffffffff
core   0: 0x8000723e (0x00000505) c.addi  a0, 1
core   0: 3 0x8000723e (0x0505) x10 0xfffffffb
core   0: 0x80007240 (0x0000fd6d) c.bnez  a0, pc - 6
core   0: 3 0x80007240 (0xfd6d)
core   0: 0x8000723a (0x032d9f33) mulh    t5, s11, s2
core   0: 3 0x8000723a (0x032d9f33) x30 0xffffffff
core   0: 0x8000723e (0x00000505) c.addi  a0, 1
core   0: 3 0x8000723e (0x0505) x10 0xfffffffc
core   0: 0x80007240 (0x0000fd6d) c.bnez  a0, pc - 6
core   0: 3 0x80007240 (0xfd6d)
core   0: 0x8000723a (0x032d9f33) mulh    t5, s11, s2
core   0: 3 0x8000723a (0x032d9f33) x30 0xffffffff
core   0: 0x8000723e (0x00000505) c.addi  a0, 1
core   0: 3 0x8000723e (0x0505) x10 0xfffffffd
core   0: 0x80007240 (0x0000fd6d) c.bnez  a0, pc - 6
core   0: 3 0x80007240 (0xfd6d)
core   0: 0x8000723a (0x032d9f33) mulh    t5, s11, s2
core   0: 3 0x8000723a (0x032d9f33) x30 0xffffffff
core   0: 0x8000723e (0x00000505) c.addi  a0, 1
core   0: 3 0x8000723e (0x0505) x10 0xfffffffe
core   0: 0x80007240 (0x0000fd6d) c.bnez  a0, pc - 6
core   0: 3 0x80007240 (0xfd6d)
core   0: 0x8000723a (0x032d9f33) mulh    t5, s11, s2
core   0: 3 0x8000723a (0x032d9f33) x30 0xffffffff
core   0: 0x8000723e (0x00000505) c.addi  a0, 1
core   0: 3 0x8000723e (0x0505) x10 0xffffffff
core   0: 0x80007240 (0x0000fd6d) c.bnez  a0, pc - 6
core   0: 3 0x80007240 (0xfd6d)
core   0: 0x8000723a (0x032d9f33) mulh    t5, s11, s2
core   0: 3 0x8000723a (0x032d9f33) x30 0xffffffff
core   0: 0x8000723e (0x00000505) c.addi  a0, 1
core   0: 3 0x8000723e (0x0505) x10 0x00000000
core   0: 0x80007240 (0x0000fd6d) c.bnez  a0, pc - 6
core   0: 3 0x80007240 (0xfd6d)
core   0: 0x80007242 (0x03699733) mulh    a4, s3, s6
core   0: 3 0x80007242 (0x03699733) x14 0xfffffeca
core   0: 0x80007246 (0xfd536fe3) bltu    t1, s5, pc - 34
core   0: 3 0x80007246 (0xfd536fe3)
core   0: 0x8000724a (0x02ba30b3) mulhu   ra, s4, a1
core   0: 3 0x8000724a (0x02ba30b3) x1  0x00000000
core   0: 0x8000724e (0x00005761) c.li    a4, -8
core   0: 3 0x8000724e (0x5761) x14 0xfffffff8
core   0: 0x80007250 (0x679f0f13) addi    t5, t5, 1657
core   0: 3 0x80007250 (0x679f0f13) x30 0x00000678
core   0: 0x80007254 (0x00000001) c.nop
core   0: 3 0x80007254 (0x0001)
core   0: 0x80007256 (0x00f31ab3) sll     s5, t1, a5
core   0: 3 0x80007256 (0x00f31ab3) x21 0x00000000
core   0: 0x8000725a (0x038743b3) div     t2, a4, s8
core   0: 3 0x8000725a (0x038743b3) x7  0x00000000
core   0: 0x8000725e (0x00000001) c.nop
core   0: 3 0x8000725e (0x0001)
core   0: 0x80007260 (0x00000705) c.addi  a4, 1
core   0: 3 0x80007260 (0x0705) x14 0xfffffff9
core   0: 0x80007262 (0xec566f97) auipc   t6, 0xec566
core   0: 3 0x80007262 (0xec566f97) x31 0x6c56d262
core   0: 0x80007266 (0x0000409d) c.li    ra, 7
core   0: 3 0x80007266 (0x409d) x1  0x00000007
core   0: 0x80007268 (0x0000537d) c.li    t1, -1
core   0: 3 0x80007268 (0x537d) x6  0xffffffff
core   0: 0x8000726a (0x0170fb33) and     s6, ra, s7
core   0: 3 0x8000726a (0x0170fb33) x22 0x00000007
core   0: 0x8000726e (0x000010e1) c.addi  ra, -8
core   0: 3 0x8000726e (0x10e1) x1  0xffffffff
core   0: 0x80007270 (0x00008221) c.srli  a2, 8
core   0: 3 0x80007270 (0x8221) x12 0x00fffffb
core   0: 0x80007272 (0xfe60dce3) bge     ra, t1, pc - 8
core   0: 3 0x80007272 (0xfe60dce3)
core   0: 0x8000726a (0x0170fb33) and     s6, ra, s7
core   0: 3 0x8000726a (0x0170fb33) x22 0xfffffcb7
core   0: 0x8000726e (0x000010e1) c.addi  ra, -8
core   0: 3 0x8000726e (0x10e1) x1  0xfffffff7
core   0: 0x80007270 (0x00008221) c.srli  a2, 8
core   0: 3 0x80007270 (0x8221) x12 0x0000ffff
core   0: 0x80007272 (0xfe60dce3) bge     ra, t1, pc - 8
core   0: 3 0x80007272 (0xfe60dce3)
core   0: 0x80007276 (0x0000f375) c.bnez  a4, pc - 28
core   0: 3 0x80007276 (0xf375)
core   0: 0x8000725a (0x038743b3) div     t2, a4, s8
core   0: 3 0x8000725a (0x038743b3) x7  0x00000000
core   0: 0x8000725e (0x00000001) c.nop
core   0: 3 0x8000725e (0x0001)
core   0: 0x80007260 (0x00000705) c.addi  a4, 1
core   0: 3 0x80007260 (0x0705) x14 0xfffffffa
core   0: 0x80007262 (0xec566f97) auipc   t6, 0xec566
core   0: 3 0x80007262 (0xec566f97) x31 0x6c56d262
core   0: 0x80007266 (0x0000409d) c.li    ra, 7
core   0: 3 0x80007266 (0x409d) x1  0x00000007
core   0: 0x80007268 (0x0000537d) c.li    t1, -1
core   0: 3 0x80007268 (0x537d) x6  0xffffffff
core   0: 0x8000726a (0x0170fb33) and     s6, ra, s7
core   0: 3 0x8000726a (0x0170fb33) x22 0x00000007
core   0: 0x8000726e (0x000010e1) c.addi  ra, -8
core   0: 3 0x8000726e (0x10e1) x1  0xffffffff
core   0: 0x80007270 (0x00008221) c.srli  a2, 8
core   0: 3 0x80007270 (0x8221) x12 0x000000ff
core   0: 0x80007272 (0xfe60dce3) bge     ra, t1, pc - 8
core   0: 3 0x80007272 (0xfe60dce3)
core   0: 0x8000726a (0x0170fb33) and     s6, ra, s7
core   0: 3 0x8000726a (0x0170fb33) x22 0xfffffcb7
core   0: 0x8000726e (0x000010e1) c.addi  ra, -8
core   0: 3 0x8000726e (0x10e1) x1  0xfffffff7
core   0: 0x80007270 (0x00008221) c.srli  a2, 8
core   0: 3 0x80007270 (0x8221) x12 0x00000000
core   0: 0x80007272 (0xfe60dce3) bge     ra, t1, pc - 8
core   0: 3 0x80007272 (0xfe60dce3)
core   0: 0x80007276 (0x0000f375) c.bnez  a4, pc - 28
core   0: 3 0x80007276 (0xf375)
core   0: 0x8000725a (0x038743b3) div     t2, a4, s8
core   0: 3 0x8000725a (0x038743b3) x7  0x00000000
core   0: 0x8000725e (0x00000001) c.nop
core   0: 3 0x8000725e (0x0001)
core   0: 0x80007260 (0x00000705) c.addi  a4, 1
core   0: 3 0x80007260 (0x0705) x14 0xfffffffb
core   0: 0x80007262 (0xec566f97) auipc   t6, 0xec566
core   0: 3 0x80007262 (0xec566f97) x31 0x6c56d262
core   0: 0x80007266 (0x0000409d) c.li    ra, 7
core   0: 3 0x80007266 (0x409d) x1  0x00000007
core   0: 0x80007268 (0x0000537d) c.li    t1, -1
core   0: 3 0x80007268 (0x537d) x6  0xffffffff
core   0: 0x8000726a (0x0170fb33) and     s6, ra, s7
core   0: 3 0x8000726a (0x0170fb33) x22 0x00000007
core   0: 0x8000726e (0x000010e1) c.addi  ra, -8
core   0: 3 0x8000726e (0x10e1) x1  0xffffffff
core   0: 0x80007270 (0x00008221) c.srli  a2, 8
core   0: 3 0x80007270 (0x8221) x12 0x00000000
core   0: 0x80007272 (0xfe60dce3) bge     ra, t1, pc - 8
core   0: 3 0x80007272 (0xfe60dce3)
core   0: 0x8000726a (0x0170fb33) and     s6, ra, s7
core   0: 3 0x8000726a (0x0170fb33) x22 0xfffffcb7
core   0: 0x8000726e (0x000010e1) c.addi  ra, -8
core   0: 3 0x8000726e (0x10e1) x1  0xfffffff7
core   0: 0x80007270 (0x00008221) c.srli  a2, 8
core   0: 3 0x80007270 (0x8221) x12 0x00000000
core   0: 0x80007272 (0xfe60dce3) bge     ra, t1, pc - 8
core   0: 3 0x80007272 (0xfe60dce3)
core   0: 0x80007276 (0x0000f375) c.bnez  a4, pc - 28
core   0: 3 0x80007276 (0xf375)
core   0: 0x8000725a (0x038743b3) div     t2, a4, s8
core   0: 3 0x8000725a (0x038743b3) x7  0x00000000
core   0: 0x8000725e (0x00000001) c.nop
core   0: 3 0x8000725e (0x0001)
core   0: 0x80007260 (0x00000705) c.addi  a4, 1
core   0: 3 0x80007260 (0x0705) x14 0xfffffffc
core   0: 0x80007262 (0xec566f97) auipc   t6, 0xec566
core   0: 3 0x80007262 (0xec566f97) x31 0x6c56d262
core   0: 0x80007266 (0x0000409d) c.li    ra, 7
core   0: 3 0x80007266 (0x409d) x1  0x00000007
core   0: 0x80007268 (0x0000537d) c.li    t1, -1
core   0: 3 0x80007268 (0x537d) x6  0xffffffff
core   0: 0x8000726a (0x0170fb33) and     s6, ra, s7
core   0: 3 0x8000726a (0x0170fb33) x22 0x00000007
core   0: 0x8000726e (0x000010e1) c.addi  ra, -8
core   0: 3 0x8000726e (0x10e1) x1  0xffffffff
core   0: 0x80007270 (0x00008221) c.srli  a2, 8
core   0: 3 0x80007270 (0x8221) x12 0x00000000
core   0: 0x80007272 (0xfe60dce3) bge     ra, t1, pc - 8
core   0: 3 0x80007272 (0xfe60dce3)
core   0: 0x8000726a (0x0170fb33) and     s6, ra, s7
core   0: 3 0x8000726a (0x0170fb33) x22 0xfffffcb7
core   0: 0x8000726e (0x000010e1) c.addi  ra, -8
core   0: 3 0x8000726e (0x10e1) x1  0xfffffff7
core   0: 0x80007270 (0x00008221) c.srli  a2, 8
core   0: 3 0x80007270 (0x8221) x12 0x00000000
core   0: 0x80007272 (0xfe60dce3) bge     ra, t1, pc - 8
core   0: 3 0x80007272 (0xfe60dce3)
core   0: 0x80007276 (0x0000f375) c.bnez  a4, pc - 28
core   0: 3 0x80007276 (0xf375)
core   0: 0x8000725a (0x038743b3) div     t2, a4, s8
core   0: 3 0x8000725a (0x038743b3) x7  0x00000000
core   0: 0x8000725e (0x00000001) c.nop
core   0: 3 0x8000725e (0x0001)
core   0: 0x80007260 (0x00000705) c.addi  a4, 1
core   0: 3 0x80007260 (0x0705) x14 0xfffffffd
core   0: 0x80007262 (0xec566f97) auipc   t6, 0xec566
core   0: 3 0x80007262 (0xec566f97) x31 0x6c56d262
core   0: 0x80007266 (0x0000409d) c.li    ra, 7
core   0: 3 0x80007266 (0x409d) x1  0x00000007
core   0: 0x80007268 (0x0000537d) c.li    t1, -1
core   0: 3 0x80007268 (0x537d) x6  0xffffffff
core   0: 0x8000726a (0x0170fb33) and     s6, ra, s7
core   0: 3 0x8000726a (0x0170fb33) x22 0x00000007
core   0: 0x8000726e (0x000010e1) c.addi  ra, -8
core   0: 3 0x8000726e (0x10e1) x1  0xffffffff
core   0: 0x80007270 (0x00008221) c.srli  a2, 8
core   0: 3 0x80007270 (0x8221) x12 0x00000000
core   0: 0x80007272 (0xfe60dce3) bge     ra, t1, pc - 8
core   0: 3 0x80007272 (0xfe60dce3)
core   0: 0x8000726a (0x0170fb33) and     s6, ra, s7
core   0: 3 0x8000726a (0x0170fb33) x22 0xfffffcb7
core   0: 0x8000726e (0x000010e1) c.addi  ra, -8
core   0: 3 0x8000726e (0x10e1) x1  0xfffffff7
core   0: 0x80007270 (0x00008221) c.srli  a2, 8
core   0: 3 0x80007270 (0x8221) x12 0x00000000
core   0: 0x80007272 (0xfe60dce3) bge     ra, t1, pc - 8
core   0: 3 0x80007272 (0xfe60dce3)
core   0: 0x80007276 (0x0000f375) c.bnez  a4, pc - 28
core   0: 3 0x80007276 (0xf375)
core   0: 0x8000725a (0x038743b3) div     t2, a4, s8
core   0: 3 0x8000725a (0x038743b3) x7  0x00000000
core   0: 0x8000725e (0x00000001) c.nop
core   0: 3 0x8000725e (0x0001)
core   0: 0x80007260 (0x00000705) c.addi  a4, 1
core   0: 3 0x80007260 (0x0705) x14 0xfffffffe
core   0: 0x80007262 (0xec566f97) auipc   t6, 0xec566
core   0: 3 0x80007262 (0xec566f97) x31 0x6c56d262
core   0: 0x80007266 (0x0000409d) c.li    ra, 7
core   0: 3 0x80007266 (0x409d) x1  0x00000007
core   0: 0x80007268 (0x0000537d) c.li    t1, -1
core   0: 3 0x80007268 (0x537d) x6  0xffffffff
core   0: 0x8000726a (0x0170fb33) and     s6, ra, s7
core   0: 3 0x8000726a (0x0170fb33) x22 0x00000007
core   0: 0x8000726e (0x000010e1) c.addi  ra, -8
core   0: 3 0x8000726e (0x10e1) x1  0xffffffff
core   0: 0x80007270 (0x00008221) c.srli  a2, 8
core   0: 3 0x80007270 (0x8221) x12 0x00000000
core   0: 0x80007272 (0xfe60dce3) bge     ra, t1, pc - 8
core   0: 3 0x80007272 (0xfe60dce3)
core   0: 0x8000726a (0x0170fb33) and     s6, ra, s7
core   0: 3 0x8000726a (0x0170fb33) x22 0xfffffcb7
core   0: 0x8000726e (0x000010e1) c.addi  ra, -8
core   0: 3 0x8000726e (0x10e1) x1  0xfffffff7
core   0: 0x80007270 (0x00008221) c.srli  a2, 8
core   0: 3 0x80007270 (0x8221) x12 0x00000000
core   0: 0x80007272 (0xfe60dce3) bge     ra, t1, pc - 8
core   0: 3 0x80007272 (0xfe60dce3)
core   0: 0x80007276 (0x0000f375) c.bnez  a4, pc - 28
core   0: 3 0x80007276 (0xf375)
core   0: 0x8000725a (0x038743b3) div     t2, a4, s8
core   0: 3 0x8000725a (0x038743b3) x7  0x00000000
core   0: 0x8000725e (0x00000001) c.nop
core   0: 3 0x8000725e (0x0001)
core   0: 0x80007260 (0x00000705) c.addi  a4, 1
core   0: 3 0x80007260 (0x0705) x14 0xffffffff
core   0: 0x80007262 (0xec566f97) auipc   t6, 0xec566
core   0: 3 0x80007262 (0xec566f97) x31 0x6c56d262
core   0: 0x80007266 (0x0000409d) c.li    ra, 7
core   0: 3 0x80007266 (0x409d) x1  0x00000007
core   0: 0x80007268 (0x0000537d) c.li    t1, -1
core   0: 3 0x80007268 (0x537d) x6  0xffffffff
core   0: 0x8000726a (0x0170fb33) and     s6, ra, s7
core   0: 3 0x8000726a (0x0170fb33) x22 0x00000007
core   0: 0x8000726e (0x000010e1) c.addi  ra, -8
core   0: 3 0x8000726e (0x10e1) x1  0xffffffff
core   0: 0x80007270 (0x00008221) c.srli  a2, 8
core   0: 3 0x80007270 (0x8221) x12 0x00000000
core   0: 0x80007272 (0xfe60dce3) bge     ra, t1, pc - 8
core   0: 3 0x80007272 (0xfe60dce3)
core   0: 0x8000726a (0x0170fb33) and     s6, ra, s7
core   0: 3 0x8000726a (0x0170fb33) x22 0xfffffcb7
core   0: 0x8000726e (0x000010e1) c.addi  ra, -8
core   0: 3 0x8000726e (0x10e1) x1  0xfffffff7
core   0: 0x80007270 (0x00008221) c.srli  a2, 8
core   0: 3 0x80007270 (0x8221) x12 0x00000000
core   0: 0x80007272 (0xfe60dce3) bge     ra, t1, pc - 8
core   0: 3 0x80007272 (0xfe60dce3)
core   0: 0x80007276 (0x0000f375) c.bnez  a4, pc - 28
core   0: 3 0x80007276 (0xf375)
core   0: 0x8000725a (0x038743b3) div     t2, a4, s8
core   0: 3 0x8000725a (0x038743b3) x7  0x00000000
core   0: 0x8000725e (0x00000001) c.nop
core   0: 3 0x8000725e (0x0001)
core   0: 0x80007260 (0x00000705) c.addi  a4, 1
core   0: 3 0x80007260 (0x0705) x14 0x00000000
core   0: 0x80007262 (0xec566f97) auipc   t6, 0xec566
core   0: 3 0x80007262 (0xec566f97) x31 0x6c56d262
core   0: 0x80007266 (0x0000409d) c.li    ra, 7
core   0: 3 0x80007266 (0x409d) x1  0x00000007
core   0: 0x80007268 (0x0000537d) c.li    t1, -1
core   0: 3 0x80007268 (0x537d) x6  0xffffffff
core   0: 0x8000726a (0x0170fb33) and     s6, ra, s7
core   0: 3 0x8000726a (0x0170fb33) x22 0x00000007
core   0: 0x8000726e (0x000010e1) c.addi  ra, -8
core   0: 3 0x8000726e (0x10e1) x1  0xffffffff
core   0: 0x80007270 (0x00008221) c.srli  a2, 8
core   0: 3 0x80007270 (0x8221) x12 0x00000000
core   0: 0x80007272 (0xfe60dce3) bge     ra, t1, pc - 8
core   0: 3 0x80007272 (0xfe60dce3)
core   0: 0x8000726a (0x0170fb33) and     s6, ra, s7
core   0: 3 0x8000726a (0x0170fb33) x22 0xfffffcb7
core   0: 0x8000726e (0x000010e1) c.addi  ra, -8
core   0: 3 0x8000726e (0x10e1) x1  0xfffffff7
core   0: 0x80007270 (0x00008221) c.srli  a2, 8
core   0: 3 0x80007270 (0x8221) x12 0x00000000
core   0: 0x80007272 (0xfe60dce3) bge     ra, t1, pc - 8
core   0: 3 0x80007272 (0xfe60dce3)
core   0: 0x80007276 (0x0000f375) c.bnez  a4, pc - 28
core   0: 3 0x80007276 (0xf375)
core   0: 0x80007278 (0x025b39b3) mulhu   s3, s6, t0
core   0: 3 0x80007278 (0x025b39b3) x19 0x89cfb17e
core   0: 0x8000727c (0x000045a1) c.li    a1, 8
core   0: 3 0x8000727c (0x45a1) x11 0x00000008
core   0: 0x8000727e (0x038b7b33) remu    s6, s6, s8
core   0: 3 0x8000727e (0x038b7b33) x22 0x045cd920
core   0: 0x80007282 (0x00000001) c.nop
core   0: 3 0x80007282 (0x0001)
core   0: 0x80007284 (0x48a40917) auipc   s2, 0x48a40
core   0: 3 0x80007284 (0x48a40917) x18 0xc8a47284
core   0: 0x80007288 (0x00006519) c.lui   a0, 0x6
core   0: 3 0x80007288 (0x6519) x10 0x00006000
core   0: 0x8000728a (0x000015f9) c.addi  a1, -2
core   0: 3 0x8000728a (0x15f9) x11 0x00000006
core   0: 0x8000728c (0x03b7d933) divu    s2, a5, s11
core   0: 3 0x8000728c (0x03b7d933) x18 0x00000001
core   0: 0x80007290 (0xc24d6713) ori     a4, s10, -988
core   0: 3 0x80007290 (0xc24d6713) x14 0xffffff24
core   0: 0x80007294 (0x9c4f6d93) ori     s11, t5, -1596
core   0: 3 0x80007294 (0x9c4f6d93) x27 0xfffffffc
core   0: 0x80007298 (0x00005d59) c.li    s10, -10
core   0: 3 0x80007298 (0x5d59) x26 0xfffffff6
core   0: 0x8000729a (0x011a4833) xor     a6, s4, a7
core   0: 3 0x8000729a (0x011a4833) x16 0x00000001
core   0: 0x8000729e (0x000053d9) c.li    t2, -10
core   0: 3 0x8000729e (0x53d9) x7  0xfffffff6
core   0: 0x800072a0 (0x01579eb3) sll     t4, a5, s5
core   0: 3 0x800072a0 (0x01579eb3) x29 0xfffffffd
core   0: 0x800072a4 (0x00008535) c.srai  a0, 13
core   0: 3 0x800072a4 (0x8535) x10 0x00000003
core   0: 0x800072a6 (0x006b1e93) slli    t4, s6, 6
core   0: 3 0x800072a6 (0x006b1e93) x29 0x17364800
core   0: 0x800072aa (0x00008385) c.srli  a5, 1
core   0: 3 0x800072aa (0x8385) x15 0x7ffffffe
core   0: 0x800072ac (0x00008e29) c.xor   a2, a0
core   0: 3 0x800072ac (0x8e29) x12 0x00000003
core   0: 0x800072ae (0x0000875d) c.srai  a4, 23
core   0: 3 0x800072ae (0x875d) x14 0xffffffff
core   0: 0x800072b0 (0x56b0af13) slti    t5, ra, 1387
core   0: 3 0x800072b0 (0x56b0af13) x30 0x00000001
core   0: 0x800072b4 (0x00008e49) c.or    a2, a0
core   0: 3 0x800072b4 (0x8e49) x12 0x00000003
core   0: 0x800072b6 (0x653ac913) xori    s2, s5, 1619
core   0: 3 0x800072b6 (0x653ac913) x18 0x00000653
core   0: 0x800072ba (0x03af69b3) rem     s3, t5, s10
core   0: 3 0x800072ba (0x03af69b3) x19 0x00000001
core   0: 0x800072be (0x00001d79) c.addi  s10, -2
core   0: 3 0x800072be (0x1d79) x26 0xfffffff4
core   0: 0x800072c0 (0x41125fb3) sra     t6, tp, a7
core   0: 3 0x800072c0 (0x41125fb3) x31 0xfffffe9f
core   0: 0x800072c4 (0x00709a33) sll     s4, ra, t2
core   0: 3 0x800072c4 (0x00709a33) x20 0xfdc00000
core   0: 0x800072c8 (0x01c12333) slt     t1, sp, t3
core   0: 3 0x800072c8 (0x01c12333) x6  0x00000001
core   0: 0x800072cc (0x0209bfb3) mulhu   t6, s3, zero
core   0: 3 0x800072cc (0x0209bfb3) x31 0x00000000
core   0: 0x800072d0 (0xfe7d50e3) bge     s10, t2, pc - 32
core   0: 3 0x800072d0 (0xfe7d50e3)
core   0: 0x800072d4 (0x00008675) c.srai  a2, 29
core   0: 3 0x800072d4 (0x8675) x12 0x00000000
core   0: 0x800072d6 (0x00c0c7b3) xor     a5, ra, a2
core   0: 3 0x800072d6 (0x00c0c7b3) x15 0xfffffff7
core   0: 0x800072da (0x00000708) c.addi4spn a0, sp, 896
core   0: 3 0x800072da (0x0708) x10 0x00000380
core   0: 0x800072dc (0x00008f9d) c.sub   a5, a5
core   0: 3 0x800072dc (0x8f9d) x15 0x00000000
core   0: 0x800072de (0x01a644b3) xor     s1, a2, s10
core   0: 3 0x800072de (0x01a644b3) x9  0xfffffff4
core   0: 0x800072e2 (0x0000d1cd) c.beqz  a1, pc - 94
core   0: 3 0x800072e2 (0xd1cd)
core   0: 0x800072e4 (0x00009226) c.add   tp, s1
core   0: 3 0x800072e4 (0x9226) x4  0xfffffe93
core   0: 0x800072e6 (0x0000499d) c.li    s3, 7
core   0: 3 0x800072e6 (0x499d) x19 0x00000007
core   0: 0x800072e8 (0x00005665) c.li    a2, -7
core   0: 3 0x800072e8 (0x5665) x12 0xfffffff9
core   0: 0x800072ea (0x00000001) c.nop
core   0: 3 0x800072ea (0x0001)
core   0: 0x800072ec (0x000019f9) c.addi  s3, -2
core   0: 3 0x800072ec (0x19f9) x19 0x00000005
core   0: 0x800072ee (0x0295cdb3) div     s11, a1, s1
core   0: 3 0x800072ee (0x0295cdb3) x27 0x00000000
core   0: 0x800072f2 (0x0000576d) c.li    a4, -5
core   0: 3 0x800072f2 (0x576d) x14 0xfffffffb
core   0: 0x800072f4 (0x000047b9) c.li    a5, 14
core   0: 3 0x800072f4 (0x47b9) x15 0x0000000e
core   0: 0x800072f6 (0x03ee4a33) div     s4, t3, t5
core   0: 3 0x800072f6 (0x03ee4a33) x20 0x0000000b
core   0: 0x800072fa (0x00000705) c.addi  a4, 1
core   0: 3 0x800072fa (0x0705) x14 0xfffffffc
core   0: 0x800072fc (0x01d5afb3) slt     t6, a1, t4
core   0: 3 0x800072fc (0x01d5afb3) x31 0x00000001
core   0: 0x80007300 (0xfef76be3) bltu    a4, a5, pc - 10
core   0: 3 0x80007300 (0xfef76be3)
core   0: 0x80007304 (0xfec983e3) beq     s3, a2, pc - 26
core   0: 3 0x80007304 (0xfec983e3)
core   0: 0x80007308 (0xd257b5b7) lui     a1, 0xd257b
core   0: 3 0x80007308 (0xd257b5b7) x11 0xd257b000
core   0: 0x8000730c (0x00005279) c.li    tp, -2
core   0: 3 0x8000730c (0x5279) x4  0xfffffffe
core   0: 0x8000730e (0x00008f6d) c.and   a4, a1
core   0: 3 0x8000730e (0x8f6d) x14 0xd257b000
core   0: 0x80007310 (0x000055e5) c.li    a1, -7
core   0: 3 0x80007310 (0x55e5) x11 0xfffffff9
core   0: 0x80007312 (0x00009a7d) c.andi  a2, -1
core   0: 3 0x80007312 (0x9a7d) x12 0xfffffff9
core   0: 0x80007314 (0x013cd813) srli    a6, s9, 19
core   0: 3 0x80007314 (0x013cd813) x16 0x00000ec6
core   0: 0x80007318 (0x019cb3b3) sltu    t2, s9, s9
core   0: 3 0x80007318 (0x019cb3b3) x7  0x00000000
core   0: 0x8000731c (0x0000126d) c.addi  tp, -5
core   0: 3 0x8000731c (0x126d) x4  0xfffffff9
core   0: 0x8000731e (0x00008c95) c.sub   s1, a3
core   0: 3 0x8000731e (0x8c95) x9  0x7ffda1c4
core   0: 0x80007320 (0x00005e7d) c.li    t3, -1
core   0: 3 0x80007320 (0x5e7d) x28 0xffffffff
core   0: 0x80007322 (0x00008d96) c.mv    s11, t0
core   0: 3 0x80007322 (0x8d96) x27 0x89cfb343
core   0: 0x80007324 (0x000047a9) c.li    a5, 10
core   0: 3 0x80007324 (0x47a9) x15 0x0000000a
core   0: 0x80007326 (0x40165633) sra     a2, a2, ra
core   0: 3 0x80007326 (0x40165633) x12 0xffffffff
core   0: 0x8000732a (0x00000001) c.nop
core   0: 3 0x8000732a (0x0001)
core   0: 0x8000732c (0x00008e39) c.xor   a2, a4
core   0: 3 0x8000732c (0x8e39) x12 0x2da84fff
core   0: 0x8000732e (0x02f4f8b3) remu    a7, s1, a5
core   0: 3 0x8000732e (0x02f4f8b3) x17 0x00000002
core   0: 0x80007332 (0x412cd3b3) sra     t2, s9, s2
core   0: 3 0x80007332 (0x412cd3b3) x7  0x00000ec6
core   0: 0x80007336 (0x000017f9) c.addi  a5, -2
core   0: 3 0x80007336 (0x17f9) x15 0x00000008
core   0: 0x80007338 (0x0000fbf5) c.bnez  a5, pc - 12
core   0: 3 0x80007338 (0xfbf5)
core   0: 0x8000732c (0x00008e39) c.xor   a2, a4
core   0: 3 0x8000732c (0x8e39) x12 0xffffffff
core   0: 0x8000732e (0x02f4f8b3) remu    a7, s1, a5
core   0: 3 0x8000732e (0x02f4f8b3) x17 0x00000004
core   0: 0x80007332 (0x412cd3b3) sra     t2, s9, s2
core   0: 3 0x80007332 (0x412cd3b3) x7  0x00000ec6
core   0: 0x80007336 (0x000017f9) c.addi  a5, -2
core   0: 3 0x80007336 (0x17f9) x15 0x00000006
core   0: 0x80007338 (0x0000fbf5) c.bnez  a5, pc - 12
core   0: 3 0x80007338 (0xfbf5)
core   0: 0x8000732c (0x00008e39) c.xor   a2, a4
core   0: 3 0x8000732c (0x8e39) x12 0x2da84fff
core   0: 0x8000732e (0x02f4f8b3) remu    a7, s1, a5
core   0: 3 0x8000732e (0x02f4f8b3) x17 0x00000002
core   0: 0x80007332 (0x412cd3b3) sra     t2, s9, s2
core   0: 3 0x80007332 (0x412cd3b3) x7  0x00000ec6
core   0: 0x80007336 (0x000017f9) c.addi  a5, -2
core   0: 3 0x80007336 (0x17f9) x15 0x00000004
core   0: 0x80007338 (0x0000fbf5) c.bnez  a5, pc - 12
core   0: 3 0x80007338 (0xfbf5)
core   0: 0x8000732c (0x00008e39) c.xor   a2, a4
core   0: 3 0x8000732c (0x8e39) x12 0xffffffff
core   0: 0x8000732e (0x02f4f8b3) remu    a7, s1, a5
core   0: 3 0x8000732e (0x02f4f8b3) x17 0x00000000
core   0: 0x80007332 (0x412cd3b3) sra     t2, s9, s2
core   0: 3 0x80007332 (0x412cd3b3) x7  0x00000ec6
core   0: 0x80007336 (0x000017f9) c.addi  a5, -2
core   0: 3 0x80007336 (0x17f9) x15 0x00000002
core   0: 0x80007338 (0x0000fbf5) c.bnez  a5, pc - 12
core   0: 3 0x80007338 (0xfbf5)
core   0: 0x8000732c (0x00008e39) c.xor   a2, a4
core   0: 3 0x8000732c (0x8e39) x12 0x2da84fff
core   0: 0x8000732e (0x02f4f8b3) remu    a7, s1, a5
core   0: 3 0x8000732e (0x02f4f8b3) x17 0x00000000
core   0: 0x80007332 (0x412cd3b3) sra     t2, s9, s2
core   0: 3 0x80007332 (0x412cd3b3) x7  0x00000ec6
core   0: 0x80007336 (0x000017f9) c.addi  a5, -2
core   0: 3 0x80007336 (0x17f9) x15 0x00000000
core   0: 0x80007338 (0x0000fbf5) c.bnez  a5, pc - 12
core   0: 3 0x80007338 (0xfbf5)
core   0: 0x8000733a (0xfcb21fe3) bne     tp, a1, pc - 34
core   0: 3 0x8000733a (0xfcb21fe3)
core   0: 0x8000733e (0xe26b4813) xori    a6, s6, -474
core   0: 3 0x8000733e (0xe26b4813) x16 0xfba32706
core   0: 0x80007342 (0x00005e71) c.li    t3, -4
core   0: 3 0x80007342 (0x5e71) x28 0xfffffffc
core   0: 0x80007344 (0x0087a933) slt     s2, a5, s0
core   0: 3 0x80007344 (0x0087a933) x18 0x00000000
core   0: 0x80007348 (0x00008b92) c.mv    s7, tp
core   0: 3 0x80007348 (0x8b92) x23 0xfffffff9
core   0: 0x8000734a (0x2000ad93) slti    s11, ra, 512
core   0: 3 0x8000734a (0x2000ad93) x27 0x00000001
core   0: 0x8000734e (0xf2ffa993) slti    s3, t6, -209
core   0: 3 0x8000734e (0xf2ffa993) x19 0x00000000
core   0: 0x80007352 (0x00000001) c.nop
core   0: 3 0x80007352 (0x0001)
core   0: 0x80007354 (0x00008e61) c.and   a2, s0
core   0: 3 0x80007354 (0x8e61) x12 0x00000ce4
core   0: 0x80007356 (0x63aff097) auipc   ra, 0x63aff
core   0: 3 0x80007356 (0x63aff097) x1  0xe3b06356
core   0: 0x8000735a (0x01ad14b3) sll     s1, s10, s10
core   0: 3 0x8000735a (0x01ad14b3) x9  0xff400000
core   0: 0x8000735e (0x5222fa93) andi    s5, t0, 1314
core   0: 3 0x8000735e (0x5222fa93) x21 0x00000102
core   0: 0x80007362 (0x02597db3) remu    s11, s2, t0
core   0: 3 0x80007362 (0x02597db3) x27 0x00000000
core   0: 0x80007366 (0x002daf33) slt     t5, s11, sp
core   0: 3 0x80007366 (0x002daf33) x30 0x00000000
core   0: 0x8000736a (0x91d54017) auipc   zero, 0x91d54
core   0: 3 0x8000736a (0x91d54017)
core   0: 0x8000736e (0x00004c85) c.li    s9, 1
core   0: 3 0x8000736e (0x4c85) x25 0x00000001
core   0: 0x80007370 (0x0040df93) srli    t6, ra, 4
core   0: 3 0x80007370 (0x0040df93) x31 0x0e3b0635
core   0: 0x80007374 (0x00fee7b3) or      a5, t4, a5
core   0: 3 0x80007374 (0x00fee7b3) x15 0x17364800
core   0: 0x80007378 (0x00009d62) c.add   s10, s8
core   0: 3 0x80007378 (0x9d62) x26 0xfba3238b
core   0: 0x8000737a (0x00000e15) c.addi  t3, 5
core   0: 3 0x8000737a (0x0e15) x28 0x00000001
core   0: 0x8000737c (0x00ad1513) slli    a0, s10, 10
core   0: 3 0x8000737c (0x00ad1513) x10 0x8c8e2c00
core   0: 0x80007380 (0x01923ab3) sltu    s5, tp, s9
core   0: 3 0x80007380 (0x01923ab3) x21 0x00000000
core   0: 0x80007384 (0x00535b13) srli    s6, t1, 5
core   0: 3 0x80007384 (0x00535b13) x22 0x00000000
core   0: 0x80007388 (0x208d6537) lui     a0, 0x208d6
core   0: 3 0x80007388 (0x208d6537) x10 0x208d6000
core   0: 0x8000738c (0xff9e44e3) blt     t3, s9, pc - 24
core   0: 3 0x8000738c (0xff9e44e3)
core   0: 0x80007390 (0x000099fd) c.andi  a1, -1
core   0: 3 0x80007390 (0x99fd) x11 0xfffffff9
core   0: 0x80007392 (0x00004305) c.li    t1, 1
core   0: 3 0x80007392 (0x4305) x6  0x00000001
core   0: 0x80007394 (0x0000414d) c.li    sp, 19
core   0: 3 0x80007394 (0x414d) x2  0x00000013
core   0: 0x80007396 (0x00000aee) c.slli  s5, 27
core   0: 3 0x80007396 (0x0aee) x21 0x00000000
core   0: 0x80007398 (0x008cf9b3) and     s3, s9, s0
core   0: 3 0x80007398 (0x008cf9b3) x19 0x00000000
core   0: 0x8000739c (0x011bf633) and     a2, s7, a7
core   0: 3 0x8000739c (0x011bf633) x12 0x00000000
core   0: 0x800073a0 (0x00000321) c.addi  t1, 8
core   0: 3 0x800073a0 (0x0321) x6  0x00000009
core   0: 0x800073a2 (0x0000421d) c.li    tp, 7
core   0: 3 0x800073a2 (0x421d) x4  0x00000007
core   0: 0x800073a4 (0x009332b3) sltu    t0, t1, s1
core   0: 3 0x800073a4 (0x009332b3) x5  0x00000001
core   0: 0x800073a8 (0x00004ed1) c.li    t4, 20
core   0: 3 0x800073a8 (0x4ed1) x29 0x00000014
core   0: 0x800073aa (0x01cf9613) slli    a2, t6, 28
core   0: 3 0x800073aa (0x01cf9613) x12 0x50000000
core   0: 0x800073ae (0x42672d93) slti    s11, a4, 1062
core   0: 3 0x800073ae (0x42672d93) x27 0x00000001
core   0: 0x800073b2 (0x012c1033) sll     zero, s8, s2
core   0: 3 0x800073b2 (0x012c1033)
core   0: 0x800073b6 (0x00009cbe) c.add   s9, a5
core   0: 3 0x800073b6 (0x9cbe) x25 0x17364801
core   0: 0x800073b8 (0x00000205) c.addi  tp, 1
core   0: 3 0x800073b8 (0x0205) x4  0x00000008
core   0: 0x800073ba (0xffd26ee3) bltu    tp, t4, pc - 4
core   0: 3 0x800073ba (0xffd26ee3)
core   0: 0x800073b6 (0x00009cbe) c.add   s9, a5
core   0: 3 0x800073b6 (0x9cbe) x25 0x2e6c9001
core   0: 0x800073b8 (0x00000205) c.addi  tp, 1
core   0: 3 0x800073b8 (0x0205) x4  0x00000009
core   0: 0x800073ba (0xffd26ee3) bltu    tp, t4, pc - 4
core   0: 3 0x800073ba (0xffd26ee3)
core   0: 0x800073b6 (0x00009cbe) c.add   s9, a5
core   0: 3 0x800073b6 (0x9cbe) x25 0x45a2d801
core   0: 0x800073b8 (0x00000205) c.addi  tp, 1
core   0: 3 0x800073b8 (0x0205) x4  0x0000000a
core   0: 0x800073ba (0xffd26ee3) bltu    tp, t4, pc - 4
core   0: 3 0x800073ba (0xffd26ee3)
core   0: 0x800073b6 (0x00009cbe) c.add   s9, a5
core   0: 3 0x800073b6 (0x9cbe) x25 0x5cd92001
core   0: 0x800073b8 (0x00000205) c.addi  tp, 1
core   0: 3 0x800073b8 (0x0205) x4  0x0000000b
core   0: 0x800073ba (0xffd26ee3) bltu    tp, t4, pc - 4
core   0: 3 0x800073ba (0xffd26ee3)
core   0: 0x800073b6 (0x00009cbe) c.add   s9, a5
core   0: 3 0x800073b6 (0x9cbe) x25 0x740f6801
core   0: 0x800073b8 (0x00000205) c.addi  tp, 1
core   0: 3 0x800073b8 (0x0205) x4  0x0000000c
core   0: 0x800073ba (0xffd26ee3) bltu    tp, t4, pc - 4
core   0: 3 0x800073ba (0xffd26ee3)
core   0: 0x800073b6 (0x00009cbe) c.add   s9, a5
core   0: 3 0x800073b6 (0x9cbe) x25 0x8b45b001
core   0: 0x800073b8 (0x00000205) c.addi  tp, 1
core   0: 3 0x800073b8 (0x0205) x4  0x0000000d
core   0: 0x800073ba (0xffd26ee3) bltu    tp, t4, pc - 4
core   0: 3 0x800073ba (0xffd26ee3)
core   0: 0x800073b6 (0x00009cbe) c.add   s9, a5
core   0: 3 0x800073b6 (0x9cbe) x25 0xa27bf801
core   0: 0x800073b8 (0x00000205) c.addi  tp, 1
core   0: 3 0x800073b8 (0x0205) x4  0x0000000e
core   0: 0x800073ba (0xffd26ee3) bltu    tp, t4, pc - 4
core   0: 3 0x800073ba (0xffd26ee3)
core   0: 0x800073b6 (0x00009cbe) c.add   s9, a5
core   0: 3 0x800073b6 (0x9cbe) x25 0xb9b24001
core   0: 0x800073b8 (0x00000205) c.addi  tp, 1
core   0: 3 0x800073b8 (0x0205) x4  0x0000000f
core   0: 0x800073ba (0xffd26ee3) bltu    tp, t4, pc - 4
core   0: 3 0x800073ba (0xffd26ee3)
core   0: 0x800073b6 (0x00009cbe) c.add   s9, a5
core   0: 3 0x800073b6 (0x9cbe) x25 0xd0e88801
core   0: 0x800073b8 (0x00000205) c.addi  tp, 1
core   0: 3 0x800073b8 (0x0205) x4  0x00000010
core   0: 0x800073ba (0xffd26ee3) bltu    tp, t4, pc - 4
core   0: 3 0x800073ba (0xffd26ee3)
core   0: 0x800073b6 (0x00009cbe) c.add   s9, a5
core   0: 3 0x800073b6 (0x9cbe) x25 0xe81ed001
core   0: 0x800073b8 (0x00000205) c.addi  tp, 1
core   0: 3 0x800073b8 (0x0205) x4  0x00000011
core   0: 0x800073ba (0xffd26ee3) bltu    tp, t4, pc - 4
core   0: 3 0x800073ba (0xffd26ee3)
core   0: 0x800073b6 (0x00009cbe) c.add   s9, a5
core   0: 3 0x800073b6 (0x9cbe) x25 0xff551801
core   0: 0x800073b8 (0x00000205) c.addi  tp, 1
core   0: 3 0x800073b8 (0x0205) x4  0x00000012
core   0: 0x800073ba (0xffd26ee3) bltu    tp, t4, pc - 4
core   0: 3 0x800073ba (0xffd26ee3)
core   0: 0x800073b6 (0x00009cbe) c.add   s9, a5
core   0: 3 0x800073b6 (0x9cbe) x25 0x168b6001
core   0: 0x800073b8 (0x00000205) c.addi  tp, 1
core   0: 3 0x800073b8 (0x0205) x4  0x00000013
core   0: 0x800073ba (0xffd26ee3) bltu    tp, t4, pc - 4
core   0: 3 0x800073ba (0xffd26ee3)
core   0: 0x800073b6 (0x00009cbe) c.add   s9, a5
core   0: 3 0x800073b6 (0x9cbe) x25 0x2dc1a801
core   0: 0x800073b8 (0x00000205) c.addi  tp, 1
core   0: 3 0x800073b8 (0x0205) x4  0x00000014
core   0: 0x800073ba (0xffd26ee3) bltu    tp, t4, pc - 4
core   0: 3 0x800073ba (0xffd26ee3)
core   0: 0x800073be (0x020109b3) mul     s3, sp, zero
core   0: 3 0x800073be (0x020109b3) x19 0x00000000
core   0: 0x800073c2 (0xfc236be3) bltu    t1, sp, pc - 42
core   0: 3 0x800073c2 (0xfc236be3)
core   0: 0x80007398 (0x008cf9b3) and     s3, s9, s0
core   0: 3 0x80007398 (0x008cf9b3) x19 0x00008800
core   0: 0x8000739c (0x011bf633) and     a2, s7, a7
core   0: 3 0x8000739c (0x011bf633) x12 0x00000000
core   0: 0x800073a0 (0x00000321) c.addi  t1, 8
core   0: 3 0x800073a0 (0x0321) x6  0x00000011
core   0: 0x800073a2 (0x0000421d) c.li    tp, 7
core   0: 3 0x800073a2 (0x421d) x4  0x00000007
core   0: 0x800073a4 (0x009332b3) sltu    t0, t1, s1
core   0: 3 0x800073a4 (0x009332b3) x5  0x00000001
core   0: 0x800073a8 (0x00004ed1) c.li    t4, 20
core   0: 3 0x800073a8 (0x4ed1) x29 0x00000014
core   0: 0x800073aa (0x01cf9613) slli    a2, t6, 28
core   0: 3 0x800073aa (0x01cf9613) x12 0x50000000
core   0: 0x800073ae (0x42672d93) slti    s11, a4, 1062
core   0: 3 0x800073ae (0x42672d93) x27 0x00000001
core   0: 0x800073b2 (0x012c1033) sll     zero, s8, s2
core   0: 3 0x800073b2 (0x012c1033)
core   0: 0x800073b6 (0x00009cbe) c.add   s9, a5
core   0: 3 0x800073b6 (0x9cbe) x25 0x44f7f001
core   0: 0x800073b8 (0x00000205) c.addi  tp, 1
core   0: 3 0x800073b8 (0x0205) x4  0x00000008
core   0: 0x800073ba (0xffd26ee3) bltu    tp, t4, pc - 4
core   0: 3 0x800073ba (0xffd26ee3)
core   0: 0x800073b6 (0x00009cbe) c.add   s9, a5
core   0: 3 0x800073b6 (0x9cbe) x25 0x5c2e3801
core   0: 0x800073b8 (0x00000205) c.addi  tp, 1
core   0: 3 0x800073b8 (0x0205) x4  0x00000009
core   0: 0x800073ba (0xffd26ee3) bltu    tp, t4, pc - 4
core   0: 3 0x800073ba (0xffd26ee3)
core   0: 0x800073b6 (0x00009cbe) c.add   s9, a5
core   0: 3 0x800073b6 (0x9cbe) x25 0x73648001
core   0: 0x800073b8 (0x00000205) c.addi  tp, 1
core   0: 3 0x800073b8 (0x0205) x4  0x0000000a
core   0: 0x800073ba (0xffd26ee3) bltu    tp, t4, pc - 4
core   0: 3 0x800073ba (0xffd26ee3)
core   0: 0x800073b6 (0x00009cbe) c.add   s9, a5
core   0: 3 0x800073b6 (0x9cbe) x25 0x8a9ac801
core   0: 0x800073b8 (0x00000205) c.addi  tp, 1
core   0: 3 0x800073b8 (0x0205) x4  0x0000000b
core   0: 0x800073ba (0xffd26ee3) bltu    tp, t4, pc - 4
core   0: 3 0x800073ba (0xffd26ee3)
core   0: 0x800073b6 (0x00009cbe) c.add   s9, a5
core   0: 3 0x800073b6 (0x9cbe) x25 0xa1d11001
core   0: 0x800073b8 (0x00000205) c.addi  tp, 1
core   0: 3 0x800073b8 (0x0205) x4  0x0000000c
core   0: 0x800073ba (0xffd26ee3) bltu    tp, t4, pc - 4
core   0: 3 0x800073ba (0xffd26ee3)
core   0: 0x800073b6 (0x00009cbe) c.add   s9, a5
core   0: 3 0x800073b6 (0x9cbe) x25 0xb9075801
core   0: 0x800073b8 (0x00000205) c.addi  tp, 1
core   0: 3 0x800073b8 (0x0205) x4  0x0000000d
core   0: 0x800073ba (0xffd26ee3) bltu    tp, t4, pc - 4
core   0: 3 0x800073ba (0xffd26ee3)
core   0: 0x800073b6 (0x00009cbe) c.add   s9, a5
core   0: 3 0x800073b6 (0x9cbe) x25 0xd03da001
core   0: 0x800073b8 (0x00000205) c.addi  tp, 1
core   0: 3 0x800073b8 (0x0205) x4  0x0000000e
core   0: 0x800073ba (0xffd26ee3) bltu    tp, t4, pc - 4
core   0: 3 0x800073ba (0xffd26ee3)
core   0: 0x800073b6 (0x00009cbe) c.add   s9, a5
core   0: 3 0x800073b6 (0x9cbe) x25 0xe773e801
core   0: 0x800073b8 (0x00000205) c.addi  tp, 1
core   0: 3 0x800073b8 (0x0205) x4  0x0000000f
core   0: 0x800073ba (0xffd26ee3) bltu    tp, t4, pc - 4
core   0: 3 0x800073ba (0xffd26ee3)
core   0: 0x800073b6 (0x00009cbe) c.add   s9, a5
core   0: 3 0x800073b6 (0x9cbe) x25 0xfeaa3001
core   0: 0x800073b8 (0x00000205) c.addi  tp, 1
core   0: 3 0x800073b8 (0x0205) x4  0x00000010
core   0: 0x800073ba (0xffd26ee3) bltu    tp, t4, pc - 4
core   0: 3 0x800073ba (0xffd26ee3)
core   0: 0x800073b6 (0x00009cbe) c.add   s9, a5
core   0: 3 0x800073b6 (0x9cbe) x25 0x15e07801
core   0: 0x800073b8 (0x00000205) c.addi  tp, 1
core   0: 3 0x800073b8 (0x0205) x4  0x00000011
core   0: 0x800073ba (0xffd26ee3) bltu    tp, t4, pc - 4
core   0: 3 0x800073ba (0xffd26ee3)
core   0: 0x800073b6 (0x00009cbe) c.add   s9, a5
core   0: 3 0x800073b6 (0x9cbe) x25 0x2d16c001
core   0: 0x800073b8 (0x00000205) c.addi  tp, 1
core   0: 3 0x800073b8 (0x0205) x4  0x00000012
core   0: 0x800073ba (0xffd26ee3) bltu    tp, t4, pc - 4
core   0: 3 0x800073ba (0xffd26ee3)
core   0: 0x800073b6 (0x00009cbe) c.add   s9, a5
core   0: 3 0x800073b6 (0x9cbe) x25 0x444d0801
core   0: 0x800073b8 (0x00000205) c.addi  tp, 1
core   0: 3 0x800073b8 (0x0205) x4  0x00000013
core   0: 0x800073ba (0xffd26ee3) bltu    tp, t4, pc - 4
core   0: 3 0x800073ba (0xffd26ee3)
core   0: 0x800073b6 (0x00009cbe) c.add   s9, a5
core   0: 3 0x800073b6 (0x9cbe) x25 0x5b835001
core   0: 0x800073b8 (0x00000205) c.addi  tp, 1
core   0: 3 0x800073b8 (0x0205) x4  0x00000014
core   0: 0x800073ba (0xffd26ee3) bltu    tp, t4, pc - 4
core   0: 3 0x800073ba (0xffd26ee3)
core   0: 0x800073be (0x020109b3) mul     s3, sp, zero
core   0: 3 0x800073be (0x020109b3) x19 0x00000000
core   0: 0x800073c2 (0xfc236be3) bltu    t1, sp, pc - 42
core   0: 3 0x800073c2 (0xfc236be3)
core   0: 0x80007398 (0x008cf9b3) and     s3, s9, s0
core   0: 3 0x80007398 (0x008cf9b3) x19 0x00021000
core   0: 0x8000739c (0x011bf633) and     a2, s7, a7
core   0: 3 0x8000739c (0x011bf633) x12 0x00000000
core   0: 0x800073a0 (0x00000321) c.addi  t1, 8
core   0: 3 0x800073a0 (0x0321) x6  0x00000019
core   0: 0x800073a2 (0x0000421d) c.li    tp, 7
core   0: 3 0x800073a2 (0x421d) x4  0x00000007
core   0: 0x800073a4 (0x009332b3) sltu    t0, t1, s1
core   0: 3 0x800073a4 (0x009332b3) x5  0x00000001
core   0: 0x800073a8 (0x00004ed1) c.li    t4, 20
core   0: 3 0x800073a8 (0x4ed1) x29 0x00000014
core   0: 0x800073aa (0x01cf9613) slli    a2, t6, 28
core   0: 3 0x800073aa (0x01cf9613) x12 0x50000000
core   0: 0x800073ae (0x42672d93) slti    s11, a4, 1062
core   0: 3 0x800073ae (0x42672d93) x27 0x00000001
core   0: 0x800073b2 (0x012c1033) sll     zero, s8, s2
core   0: 3 0x800073b2 (0x012c1033)
core   0: 0x800073b6 (0x00009cbe) c.add   s9, a5
core   0: 3 0x800073b6 (0x9cbe) x25 0x72b99801
core   0: 0x800073b8 (0x00000205) c.addi  tp, 1
core   0: 3 0x800073b8 (0x0205) x4  0x00000008
core   0: 0x800073ba (0xffd26ee3) bltu    tp, t4, pc - 4
core   0: 3 0x800073ba (0xffd26ee3)
core   0: 0x800073b6 (0x00009cbe) c.add   s9, a5
core   0: 3 0x800073b6 (0x9cbe) x25 0x89efe001
core   0: 0x800073b8 (0x00000205) c.addi  tp, 1
core   0: 3 0x800073b8 (0x0205) x4  0x00000009
core   0: 0x800073ba (0xffd26ee3) bltu    tp, t4, pc - 4
core   0: 3 0x800073ba (0xffd26ee3)
core   0: 0x800073b6 (0x00009cbe) c.add   s9, a5
core   0: 3 0x800073b6 (0x9cbe) x25 0xa1262801
core   0: 0x800073b8 (0x00000205) c.addi  tp, 1
core   0: 3 0x800073b8 (0x0205) x4  0x0000000a
core   0: 0x800073ba (0xffd26ee3) bltu    tp, t4, pc - 4
core   0: 3 0x800073ba (0xffd26ee3)
core   0: 0x800073b6 (0x00009cbe) c.add   s9, a5
core   0: 3 0x800073b6 (0x9cbe) x25 0xb85c7001
core   0: 0x800073b8 (0x00000205) c.addi  tp, 1
core   0: 3 0x800073b8 (0x0205) x4  0x0000000b
core   0: 0x800073ba (0xffd26ee3) bltu    tp, t4, pc - 4
core   0: 3 0x800073ba (0xffd26ee3)
core   0: 0x800073b6 (0x00009cbe) c.add   s9, a5
core   0: 3 0x800073b6 (0x9cbe) x25 0xcf92b801
core   0: 0x800073b8 (0x00000205) c.addi  tp, 1
core   0: 3 0x800073b8 (0x0205) x4  0x0000000c
core   0: 0x800073ba (0xffd26ee3) bltu    tp, t4, pc - 4
core   0: 3 0x800073ba (0xffd26ee3)
core   0: 0x800073b6 (0x00009cbe) c.add   s9, a5
core   0: 3 0x800073b6 (0x9cbe) x25 0xe6c90001
core   0: 0x800073b8 (0x00000205) c.addi  tp, 1
core   0: 3 0x800073b8 (0x0205) x4  0x0000000d
core   0: 0x800073ba (0xffd26ee3) bltu    tp, t4, pc - 4
core   0: 3 0x800073ba (0xffd26ee3)
core   0: 0x800073b6 (0x00009cbe) c.add   s9, a5
core   0: 3 0x800073b6 (0x9cbe) x25 0xfdff4801
core   0: 0x800073b8 (0x00000205) c.addi  tp, 1
core   0: 3 0x800073b8 (0x0205) x4  0x0000000e
core   0: 0x800073ba (0xffd26ee3) bltu    tp, t4, pc - 4
core   0: 3 0x800073ba (0xffd26ee3)
core   0: 0x800073b6 (0x00009cbe) c.add   s9, a5
core   0: 3 0x800073b6 (0x9cbe) x25 0x15359001
core   0: 0x800073b8 (0x00000205) c.addi  tp, 1
core   0: 3 0x800073b8 (0x0205) x4  0x0000000f
core   0: 0x800073ba (0xffd26ee3) bltu    tp, t4, pc - 4
core   0: 3 0x800073ba (0xffd26ee3)
core   0: 0x800073b6 (0x00009cbe) c.add   s9, a5
core   0: 3 0x800073b6 (0x9cbe) x25 0x2c6bd801
core   0: 0x800073b8 (0x00000205) c.addi  tp, 1
core   0: 3 0x800073b8 (0x0205) x4  0x00000010
core   0: 0x800073ba (0xffd26ee3) bltu    tp, t4, pc - 4
core   0: 3 0x800073ba (0xffd26ee3)
core   0: 0x800073b6 (0x00009cbe) c.add   s9, a5
core   0: 3 0x800073b6 (0x9cbe) x25 0x43a22001
core   0: 0x800073b8 (0x00000205) c.addi  tp, 1
core   0: 3 0x800073b8 (0x0205) x4  0x00000011
core   0: 0x800073ba (0xffd26ee3) bltu    tp, t4, pc - 4
core   0: 3 0x800073ba (0xffd26ee3)
core   0: 0x800073b6 (0x00009cbe) c.add   s9, a5
core   0: 3 0x800073b6 (0x9cbe) x25 0x5ad86801
core   0: 0x800073b8 (0x00000205) c.addi  tp, 1
core   0: 3 0x800073b8 (0x0205) x4  0x00000012
core   0: 0x800073ba (0xffd26ee3) bltu    tp, t4, pc - 4
core   0: 3 0x800073ba (0xffd26ee3)
core   0: 0x800073b6 (0x00009cbe) c.add   s9, a5
core   0: 3 0x800073b6 (0x9cbe) x25 0x720eb001
core   0: 0x800073b8 (0x00000205) c.addi  tp, 1
core   0: 3 0x800073b8 (0x0205) x4  0x00000013
core   0: 0x800073ba (0xffd26ee3) bltu    tp, t4, pc - 4
core   0: 3 0x800073ba (0xffd26ee3)
core   0: 0x800073b6 (0x00009cbe) c.add   s9, a5
core   0: 3 0x800073b6 (0x9cbe) x25 0x8944f801
core   0: 0x800073b8 (0x00000205) c.addi  tp, 1
core   0: 3 0x800073b8 (0x0205) x4  0x00000014
core   0: 0x800073ba (0xffd26ee3) bltu    tp, t4, pc - 4
core   0: 3 0x800073ba (0xffd26ee3)
core   0: 0x800073be (0x020109b3) mul     s3, sp, zero
core   0: 3 0x800073be (0x020109b3) x19 0x00000000
core   0: 0x800073c2 (0xfc236be3) bltu    t1, sp, pc - 42
core   0: 3 0x800073c2 (0xfc236be3)
core   0: 0x800073c6 (0x00000751) c.addi  a4, 20
core   0: 3 0x800073c6 (0x0751) x14 0xd257b014
core   0: 0x800073c8 (0x00004585) c.li    a1, 1
core   0: 3 0x800073c8 (0x4585) x11 0x00000001
core   0: 0x800073ca (0x000004a1) c.addi  s1, 8
core   0: 3 0x800073ca (0x04a1) x9  0xff400008
core   0: 0x800073cc (0x00008f85) c.sub   a5, s1
core   0: 3 0x800073cc (0x8f85) x15 0x17f647f8
core   0: 0x800073ce (0x0000851e) c.mv    a0, t2
core   0: 3 0x800073ce (0x851e) x10 0x00000ec6
core   0: 0x800073d0 (0x00005f5d) c.li    t5, -9
core   0: 3 0x800073d0 (0x5f5d) x30 0xfffffff7
core   0: 0x800073d2 (0x037cfa33) remu    s4, s9, s7
core   0: 3 0x800073d2 (0x037cfa33) x20 0x8944f801
core   0: 0x800073d6 (0x00000001) c.nop
core   0: 3 0x800073d6 (0x0001)
core   0: 0x800073d8 (0x4e668193) addi    gp, a3, 1254
core   0: 3 0x800073d8 (0x4e668193) x3  0x80026316
core   0: 0x800073dc (0x00ce13b3) sll     t2, t3, a2
core   0: 3 0x800073dc (0x00ce13b3) x7  0x00000001
core   0: 0x800073e0 (0x000015d9) c.addi  a1, -10
core   0: 3 0x800073e0 (0x15d9) x11 0xfffffff7
core   0: 0x800073e2 (0x00000d9a) c.slli  s11, 6
core   0: 3 0x800073e2 (0x0d9a) x27 0x00000040
core   0: 0x800073e4 (0x7ed0f813) andi    a6, ra, 2029
core   0: 3 0x800073e4 (0x7ed0f813) x16 0x00000344
core   0: 0x800073e8 (0x00004929) c.li    s2, 10
core   0: 3 0x800073e8 (0x4929) x18 0x0000000a
core   0: 0x800073ea (0x023e5bb3) divu    s7, t3, gp
core   0: 3 0x800073ea (0x023e5bb3) x23 0x00000000
core   0: 0x800073ee (0x00000d6a) c.slli  s10, 26
core   0: 3 0x800073ee (0x0d6a) x26 0x2c000000
core   0: 0x800073f0 (0x00008f25) c.xor   a4, s1
core   0: 3 0x800073f0 (0x8f25) x14 0x2d17b01c
core   0: 0x800073f2 (0x00008e2d) c.xor   a2, a1
core   0: 3 0x800073f2 (0x8e2d) x12 0xaffffff7
core   0: 0x800073f4 (0x00004ea1) c.li    t4, 8
core   0: 3 0x800073f4 (0x4ea1) x29 0x00000008
core   0: 0x800073f6 (0x00000001) c.nop
core   0: 3 0x800073f6 (0x0001)
core   0: 0x800073f8 (0x02ced0b3) divu    ra, t4, a2
core   0: 3 0x800073f8 (0x02ced0b3) x1  0x00000000
core   0: 0x800073fc (0x00001979) c.addi  s2, -2
core   0: 3 0x800073fc (0x1979) x18 0x00000008
core   0: 0x800073fe (0x00008979) c.andi  a0, 30
core   0: 3 0x800073fe (0x8979) x10 0x00000006
core   0: 0x80007400 (0xffd97be3) bgeu    s2, t4, pc - 10
core   0: 3 0x80007400 (0xffd97be3)
core   0: 0x800073f6 (0x00000001) c.nop
core   0: 3 0x800073f6 (0x0001)
core   0: 0x800073f8 (0x02ced0b3) divu    ra, t4, a2
core   0: 3 0x800073f8 (0x02ced0b3) x1  0x00000000
core   0: 0x800073fc (0x00001979) c.addi  s2, -2
core   0: 3 0x800073fc (0x1979) x18 0x00000006
core   0: 0x800073fe (0x00008979) c.andi  a0, 30
core   0: 3 0x800073fe (0x8979) x10 0x00000006
core   0: 0x80007400 (0xffd97be3) bgeu    s2, t4, pc - 10
core   0: 3 0x80007400 (0xffd97be3)
core   0: 0x80007404 (0x0000717d) c.addi16sp sp, -16
core   0: 3 0x80007404 (0x717d) x2  0x00000003
core   0: 0x80007406 (0x00832fb3) slt     t6, t1, s0
core   0: 3 0x80007406 (0x00832fb3) x31 0x00000000
core   0: 0x8000740a (0xfde597e3) bne     a1, t5, pc - 50
core   0: 3 0x8000740a (0xfde597e3)
core   0: 0x8000740e (0x00008fbd) c.xor   a5, a5
core   0: 3 0x8000740e (0x8fbd) x15 0x00000000
core   0: 0x80007410 (0x00005b61) c.li    s6, -8
core   0: 3 0x80007410 (0x5b61) x22 0xfffffff8
core   0: 0x80007412 (0x00004eb5) c.li    t4, 13
core   0: 3 0x80007412 (0x4eb5) x29 0x0000000d
core   0: 0x80007414 (0x93d7b893) sltiu   a7, a5, -1731
core   0: 3 0x80007414 (0x93d7b893) x17 0x00000001
core   0: 0x80007418 (0x00008d29) c.xor   a0, a0
core   0: 3 0x80007418 (0x8d29) x10 0x00000000
core   0: 0x8000741a (0x006f9013) slli    zero, t6, 6
core   0: 3 0x8000741a (0x006f9013)
core   0: 0x8000741e (0x00009d6a) c.add   s10, s10
core   0: 3 0x8000741e (0x9d6a) x26 0x58000000
core   0: 0x80007420 (0x00bd3333) sltu    t1, s10, a1
core   0: 3 0x80007420 (0x00bd3333) x6  0x00000001
core   0: 0x80007424 (0x00009af6) c.add   s5, t4
core   0: 3 0x80007424 (0x9af6) x21 0x0000000d
core   0: 0x80007426 (0x371f2813) slti    a6, t5, 881
core   0: 3 0x80007426 (0x371f2813) x16 0x00000001
core   0: 0x8000742a (0x20fb3837) lui     a6, 0x20fb3
core   0: 3 0x8000742a (0x20fb3837) x16 0x20fb3000
core   0: 0x8000742e (0xc2d6f2b7) lui     t0, 0xc2d6f
core   0: 3 0x8000742e (0xc2d6f2b7) x5  0xc2d6f000
core   0: 0x80007432 (0x00df2133) slt     sp, t5, a3
core   0: 3 0x80007432 (0x00df2133) x2  0x00000000
core   0: 0x80007436 (0x00000b1d) c.addi  s6, 7
core   0: 3 0x80007436 (0x0b1d) x22 0xffffffff
core   0: 0x80007438 (0x000080d6) c.mv    ra, s5
core   0: 3 0x80007438 (0x80d6) x1  0x0000000d
core   0: 0x8000743a (0xfddb6fe3) bltu    s6, t4, pc - 34
core   0: 3 0x8000743a (0xfddb6fe3)
core   0: 0x8000743e (0x024db933) mulhu   s2, s11, tp
core   0: 3 0x8000743e (0x024db933) x18 0x00000000
core   0: 0x80007442 (0x00004621) c.li    a2, 8
core   0: 3 0x80007442 (0x4621) x12 0x00000008
core   0: 0x80007444 (0x0000482d) c.li    a6, 11
core   0: 3 0x80007444 (0x482d) x16 0x0000000b
core   0: 0x80007446 (0x00008fad) c.xor   a5, a1
core   0: 3 0x80007446 (0x8fad) x15 0xfffffff7
core   0: 0x80007448 (0x00e91293) slli    t0, s2, 14
core   0: 3 0x80007448 (0x00e91293) x5  0x00000000
core   0: 0x8000744c (0x00004ca1) c.li    s9, 8
core   0: 3 0x8000744c (0x4ca1) x25 0x00000008
core   0: 0x8000744e (0x03175f33) divu    t5, a4, a7
core   0: 3 0x8000744e (0x03175f33) x30 0x2d17b01c
core   0: 0x80007452 (0xb7cb6b93) ori     s7, s6, -1156
core   0: 3 0x80007452 (0xb7cb6b93) x23 0xffffffff
core   0: 0x80007456 (0x00f80533) add     a0, a6, a5
core   0: 3 0x80007456 (0x00f80533) x10 0x00000002
core   0: 0x8000745a (0x00001675) c.addi  a2, -3
core   0: 3 0x8000745a (0x1675) x12 0x00000005
core   0: 0x8000745c (0x40f48033) sub     zero, s1, a5
core   0: 3 0x8000745c (0x40f48033)
core   0: 0x80007460 (0x0000458d) c.li    a1, 3
core   0: 3 0x80007460 (0x458d) x11 0x00000003
core   0: 0x80007462 (0x92a752b7) lui     t0, 0x92a75
core   0: 3 0x80007462 (0x92a752b7) x5  0x92a75000
core   0: 0x80007466 (0x00004719) c.li    a4, 6
core   0: 3 0x80007466 (0x4719) x14 0x00000006
core   0: 0x80007468 (0x027fb533) mulhu   a0, t6, t2
core   0: 3 0x80007468 (0x027fb533) x10 0x00000000
core   0: 0x8000746c (0x0345ed33) rem     s10, a1, s4
core   0: 3 0x8000746c (0x0345ed33) x26 0x00000003
core   0: 0x80007470 (0x00000585) c.addi  a1, 1
core   0: 3 0x80007470 (0x0585) x11 0x00000004
core   0: 0x80007472 (0x00006b95) c.lui   s7, 0x5
core   0: 3 0x80007472 (0x6b95) x23 0x00005000
core   0: 0x80007474 (0xfee5eae3) bltu    a1, a4, pc - 12
core   0: 3 0x80007474 (0xfee5eae3)
core   0: 0x80007468 (0x027fb533) mulhu   a0, t6, t2
core   0: 3 0x80007468 (0x027fb533) x10 0x00000000
core   0: 0x8000746c (0x0345ed33) rem     s10, a1, s4
core   0: 3 0x8000746c (0x0345ed33) x26 0x00000004
core   0: 0x80007470 (0x00000585) c.addi  a1, 1
core   0: 3 0x80007470 (0x0585) x11 0x00000005
core   0: 0x80007472 (0x00006b95) c.lui   s7, 0x5
core   0: 3 0x80007472 (0x6b95) x23 0x00005000
core   0: 0x80007474 (0xfee5eae3) bltu    a1, a4, pc - 12
core   0: 3 0x80007474 (0xfee5eae3)
core   0: 0x80007468 (0x027fb533) mulhu   a0, t6, t2
core   0: 3 0x80007468 (0x027fb533) x10 0x00000000
core   0: 0x8000746c (0x0345ed33) rem     s10, a1, s4
core   0: 3 0x8000746c (0x0345ed33) x26 0x00000005
core   0: 0x80007470 (0x00000585) c.addi  a1, 1
core   0: 3 0x80007470 (0x0585) x11 0x00000006
core   0: 0x80007472 (0x00006b95) c.lui   s7, 0x5
core   0: 3 0x80007472 (0x6b95) x23 0x00005000
core   0: 0x80007474 (0xfee5eae3) bltu    a1, a4, pc - 12
core   0: 3 0x80007474 (0xfee5eae3)
core   0: 0x80007478 (0x00008ff9) c.and   a5, a4
core   0: 3 0x80007478 (0x8ff9) x15 0x00000006
core   0: 0x8000747a (0xfd967ce3) bgeu    a2, s9, pc - 40
core   0: 3 0x8000747a (0xfd967ce3)
core   0: 0x8000747e (0x03207233) remu    tp, zero, s2
core   0: 3 0x8000747e (0x03207233) x4  0x00000000
core   0: 0x80007482 (0x00005669) c.li    a2, -6
core   0: 3 0x80007482 (0x5669) x12 0xfffffffa
core   0: 0x80007484 (0x00008561) c.srai  a0, 24
core   0: 3 0x80007484 (0x8561) x10 0x00000000
core   0: 0x80007486 (0x00b4a2b3) slt     t0, s1, a1
core   0: 3 0x80007486 (0x00b4a2b3) x5  0x00000001
core   0: 0x8000748a (0x311c48b7) lui     a7, 0x311c4
core   0: 3 0x8000748a (0x311c48b7) x17 0x311c4000
core   0: 0x8000748e (0x000059f9) c.li    s3, -2
core   0: 3 0x8000748e (0x59f9) x19 0xfffffffe
core   0: 0x80007490 (0x00009852) c.add   a6, s4
core   0: 3 0x80007490 (0x9852) x16 0x8944f80c
core   0: 0x80007492 (0x00008ccd) c.or    s1, a1
core   0: 3 0x80007492 (0x8ccd) x9  0xff40000e
core   0: 0x80007494 (0x00000605) c.addi  a2, 1
core   0: 3 0x80007494 (0x0605) x12 0xfffffffb
core   0: 0x80007496 (0x00000001) c.nop
core   0: 3 0x80007496 (0x0001)
core   0: 0x80007498 (0x00000001) c.nop
core   0: 3 0x80007498 (0x0001)
core   0: 0x8000749a (0xff360ce3) beq     a2, s3, pc - 8
core   0: 3 0x8000749a (0xff360ce3)
core   0: 0x8000749e (0x32280793) addi    a5, a6, 802
core   0: 3 0x8000749e (0x32280793) x15 0x8944fb2e
core   0: 0x800074a2 (0x0000565d) c.li    a2, -9
core   0: 3 0x800074a2 (0x565d) x12 0xfffffff7
core   0: 0x800074a4 (0x75e8fc93) andi    s9, a7, 1886
core   0: 3 0x800074a4 (0x75e8fc93) x25 0x00000000
core   0: 0x800074a8 (0x0000893d) c.andi  a0, 15
core   0: 3 0x800074a8 (0x893d) x10 0x00000000
core   0: 0x800074aa (0x4b434f17) auipc   t5, 0x4b434
core   0: 3 0x800074aa (0x4b434f17) x30 0xcb43b4aa
core   0: 0x800074ae (0x015dd233) srl     tp, s11, s5
core   0: 3 0x800074ae (0x015dd233) x4  0x00000000
core   0: 0x800074b2 (0x0000038a) c.slli  t2, 2
core   0: 3 0x800074b2 (0x038a) x7  0x00000004
core   0: 0x800074b4 (0x40358333) sub     t1, a1, gp
core   0: 3 0x800074b4 (0x40358333) x6  0x7ffd9cf0
core   0: 0x800074b8 (0x00000001) c.nop
core   0: 3 0x800074b8 (0x0001)
core   0: 0x800074ba (0x00004ba5) c.li    s7, 9
core   0: 3 0x800074ba (0x4ba5) x23 0x00000009
core   0: 0x800074bc (0x00008cf5) c.and   s1, a3
core   0: 3 0x800074bc (0x8cf5) x9  0x80000000
core   0: 0x800074be (0x00000605) c.addi  a2, 1
core   0: 3 0x800074be (0x0605) x12 0xfffffff8
core   0: 0x800074c0 (0x00006145) c.addi16sp sp, 48
core   0: 3 0x800074c0 (0x6145) x2  0x00000030
core   0: 0x800074c2 (0x58926f93) ori     t6, tp, 1417
core   0: 3 0x800074c2 (0x58926f93) x31 0x00000589
core   0: 0x800074c6 (0x497acf93) xori    t6, s5, 1175
core   0: 3 0x800074c6 (0x497acf93) x31 0x0000049a
core   0: 0x800074ca (0x5b91e893) ori     a7, gp, 1465
core   0: 3 0x800074ca (0x5b91e893) x17 0x800267bf
core   0: 0x800074ce (0x031f25b3) mulhsu  a1, t5, a7
core   0: 3 0x800074ce (0x031f25b3) x11 0xe5a15b7d
core   0: 0x800074d2 (0x0000197d) c.addi  s2, -1
core   0: 3 0x800074d2 (0x197d) x18 0xffffffff
core   0: 0x800074d4 (0x00008e26) c.mv    t3, s1
core   0: 3 0x800074d4 (0x8e26) x28 0x80000000
core   0: 0x800074d6 (0x00008246) c.mv    tp, a7
core   0: 3 0x800074d6 (0x8246) x4  0x800267bf
core   0: 0x800074d8 (0xff7612e3) bne     a2, s7, pc - 28
core   0: 3 0x800074d8 (0xff7612e3)
core   0: 0x800074bc (0x00008cf5) c.and   s1, a3
core   0: 3 0x800074bc (0x8cf5) x9  0x80000000
core   0: 0x800074be (0x00000605) c.addi  a2, 1
core   0: 3 0x800074be (0x0605) x12 0xfffffff9
core   0: 0x800074c0 (0x00006145) c.addi16sp sp, 48
core   0: 3 0x800074c0 (0x6145) x2  0x00000060
core   0: 0x800074c2 (0x58926f93) ori     t6, tp, 1417
core   0: 3 0x800074c2 (0x58926f93) x31 0x800267bf
core   0: 0x800074c6 (0x497acf93) xori    t6, s5, 1175
core   0: 3 0x800074c6 (0x497acf93) x31 0x0000049a
core   0: 0x800074ca (0x5b91e893) ori     a7, gp, 1465
core   0: 3 0x800074ca (0x5b91e893) x17 0x800267bf
core   0: 0x800074ce (0x031f25b3) mulhsu  a1, t5, a7
core   0: 3 0x800074ce (0x031f25b3) x11 0xe5a15b7d
core   0: 0x800074d2 (0x0000197d) c.addi  s2, -1
core   0: 3 0x800074d2 (0x197d) x18 0xfffffffe
core   0: 0x800074d4 (0x00008e26) c.mv    t3, s1
core   0: 3 0x800074d4 (0x8e26) x28 0x80000000
core   0: 0x800074d6 (0x00008246) c.mv    tp, a7
core   0: 3 0x800074d6 (0x8246) x4  0x800267bf
core   0: 0x800074d8 (0xff7612e3) bne     a2, s7, pc - 28
core   0: 3 0x800074d8 (0xff7612e3)
core   0: 0x800074bc (0x00008cf5) c.and   s1, a3
core   0: 3 0x800074bc (0x8cf5) x9  0x80000000
core   0: 0x800074be (0x00000605) c.addi  a2, 1
core   0: 3 0x800074be (0x0605) x12 0xfffffffa
core   0: 0x800074c0 (0x00006145) c.addi16sp sp, 48
core   0: 3 0x800074c0 (0x6145) x2  0x00000090
core   0: 0x800074c2 (0x58926f93) ori     t6, tp, 1417
core   0: 3 0x800074c2 (0x58926f93) x31 0x800267bf
core   0: 0x800074c6 (0x497acf93) xori    t6, s5, 1175
core   0: 3 0x800074c6 (0x497acf93) x31 0x0000049a
core   0: 0x800074ca (0x5b91e893) ori     a7, gp, 1465
core   0: 3 0x800074ca (0x5b91e893) x17 0x800267bf
core   0: 0x800074ce (0x031f25b3) mulhsu  a1, t5, a7
core   0: 3 0x800074ce (0x031f25b3) x11 0xe5a15b7d
core   0: 0x800074d2 (0x0000197d) c.addi  s2, -1
core   0: 3 0x800074d2 (0x197d) x18 0xfffffffd
core   0: 0x800074d4 (0x00008e26) c.mv    t3, s1
core   0: 3 0x800074d4 (0x8e26) x28 0x80000000
core   0: 0x800074d6 (0x00008246) c.mv    tp, a7
core   0: 3 0x800074d6 (0x8246) x4  0x800267bf
core   0: 0x800074d8 (0xff7612e3) bne     a2, s7, pc - 28
core   0: 3 0x800074d8 (0xff7612e3)
core   0: 0x800074bc (0x00008cf5) c.and   s1, a3
core   0: 3 0x800074bc (0x8cf5) x9  0x80000000
core   0: 0x800074be (0x00000605) c.addi  a2, 1
core   0: 3 0x800074be (0x0605) x12 0xfffffffb
core   0: 0x800074c0 (0x00006145) c.addi16sp sp, 48
core   0: 3 0x800074c0 (0x6145) x2  0x000000c0
core   0: 0x800074c2 (0x58926f93) ori     t6, tp, 1417
core   0: 3 0x800074c2 (0x58926f93) x31 0x800267bf
core   0: 0x800074c6 (0x497acf93) xori    t6, s5, 1175
core   0: 3 0x800074c6 (0x497acf93) x31 0x0000049a
core   0: 0x800074ca (0x5b91e893) ori     a7, gp, 1465
core   0: 3 0x800074ca (0x5b91e893) x17 0x800267bf
core   0: 0x800074ce (0x031f25b3) mulhsu  a1, t5, a7
core   0: 3 0x800074ce (0x031f25b3) x11 0xe5a15b7d
core   0: 0x800074d2 (0x0000197d) c.addi  s2, -1
core   0: 3 0x800074d2 (0x197d) x18 0xfffffffc
core   0: 0x800074d4 (0x00008e26) c.mv    t3, s1
core   0: 3 0x800074d4 (0x8e26) x28 0x80000000
core   0: 0x800074d6 (0x00008246) c.mv    tp, a7
core   0: 3 0x800074d6 (0x8246) x4  0x800267bf
core   0: 0x800074d8 (0xff7612e3) bne     a2, s7, pc - 28
core   0: 3 0x800074d8 (0xff7612e3)
core   0: 0x800074bc (0x00008cf5) c.and   s1, a3
core   0: 3 0x800074bc (0x8cf5) x9  0x80000000
core   0: 0x800074be (0x00000605) c.addi  a2, 1
core   0: 3 0x800074be (0x0605) x12 0xfffffffc
core   0: 0x800074c0 (0x00006145) c.addi16sp sp, 48
core   0: 3 0x800074c0 (0x6145) x2  0x000000f0
core   0: 0x800074c2 (0x58926f93) ori     t6, tp, 1417
core   0: 3 0x800074c2 (0x58926f93) x31 0x800267bf
core   0: 0x800074c6 (0x497acf93) xori    t6, s5, 1175
core   0: 3 0x800074c6 (0x497acf93) x31 0x0000049a
core   0: 0x800074ca (0x5b91e893) ori     a7, gp, 1465
core   0: 3 0x800074ca (0x5b91e893) x17 0x800267bf
core   0: 0x800074ce (0x031f25b3) mulhsu  a1, t5, a7
core   0: 3 0x800074ce (0x031f25b3) x11 0xe5a15b7d
core   0: 0x800074d2 (0x0000197d) c.addi  s2, -1
core   0: 3 0x800074d2 (0x197d) x18 0xfffffffb
core   0: 0x800074d4 (0x00008e26) c.mv    t3, s1
core   0: 3 0x800074d4 (0x8e26) x28 0x80000000
core   0: 0x800074d6 (0x00008246) c.mv    tp, a7
core   0: 3 0x800074d6 (0x8246) x4  0x800267bf
core   0: 0x800074d8 (0xff7612e3) bne     a2, s7, pc - 28
core   0: 3 0x800074d8 (0xff7612e3)
core   0: 0x800074bc (0x00008cf5) c.and   s1, a3
core   0: 3 0x800074bc (0x8cf5) x9  0x80000000
core   0: 0x800074be (0x00000605) c.addi  a2, 1
core   0: 3 0x800074be (0x0605) x12 0xfffffffd
core   0: 0x800074c0 (0x00006145) c.addi16sp sp, 48
core   0: 3 0x800074c0 (0x6145) x2  0x00000120
core   0: 0x800074c2 (0x58926f93) ori     t6, tp, 1417
core   0: 3 0x800074c2 (0x58926f93) x31 0x800267bf
core   0: 0x800074c6 (0x497acf93) xori    t6, s5, 1175
core   0: 3 0x800074c6 (0x497acf93) x31 0x0000049a
core   0: 0x800074ca (0x5b91e893) ori     a7, gp, 1465
core   0: 3 0x800074ca (0x5b91e893) x17 0x800267bf
core   0: 0x800074ce (0x031f25b3) mulhsu  a1, t5, a7
core   0: 3 0x800074ce (0x031f25b3) x11 0xe5a15b7d
core   0: 0x800074d2 (0x0000197d) c.addi  s2, -1
core   0: 3 0x800074d2 (0x197d) x18 0xfffffffa
core   0: 0x800074d4 (0x00008e26) c.mv    t3, s1
core   0: 3 0x800074d4 (0x8e26) x28 0x80000000
core   0: 0x800074d6 (0x00008246) c.mv    tp, a7
core   0: 3 0x800074d6 (0x8246) x4  0x800267bf
core   0: 0x800074d8 (0xff7612e3) bne     a2, s7, pc - 28
core   0: 3 0x800074d8 (0xff7612e3)
core   0: 0x800074bc (0x00008cf5) c.and   s1, a3
core   0: 3 0x800074bc (0x8cf5) x9  0x80000000
core   0: 0x800074be (0x00000605) c.addi  a2, 1
core   0: 3 0x800074be (0x0605) x12 0xfffffffe
core   0: 0x800074c0 (0x00006145) c.addi16sp sp, 48
core   0: 3 0x800074c0 (0x6145) x2  0x00000150
core   0: 0x800074c2 (0x58926f93) ori     t6, tp, 1417
core   0: 3 0x800074c2 (0x58926f93) x31 0x800267bf
core   0: 0x800074c6 (0x497acf93) xori    t6, s5, 1175
core   0: 3 0x800074c6 (0x497acf93) x31 0x0000049a
core   0: 0x800074ca (0x5b91e893) ori     a7, gp, 1465
core   0: 3 0x800074ca (0x5b91e893) x17 0x800267bf
core   0: 0x800074ce (0x031f25b3) mulhsu  a1, t5, a7
core   0: 3 0x800074ce (0x031f25b3) x11 0xe5a15b7d
core   0: 0x800074d2 (0x0000197d) c.addi  s2, -1
core   0: 3 0x800074d2 (0x197d) x18 0xfffffff9
core   0: 0x800074d4 (0x00008e26) c.mv    t3, s1
core   0: 3 0x800074d4 (0x8e26) x28 0x80000000
core   0: 0x800074d6 (0x00008246) c.mv    tp, a7
core   0: 3 0x800074d6 (0x8246) x4  0x800267bf
core   0: 0x800074d8 (0xff7612e3) bne     a2, s7, pc - 28
core   0: 3 0x800074d8 (0xff7612e3)
core   0: 0x800074bc (0x00008cf5) c.and   s1, a3
core   0: 3 0x800074bc (0x8cf5) x9  0x80000000
core   0: 0x800074be (0x00000605) c.addi  a2, 1
core   0: 3 0x800074be (0x0605) x12 0xffffffff
core   0: 0x800074c0 (0x00006145) c.addi16sp sp, 48
core   0: 3 0x800074c0 (0x6145) x2  0x00000180
core   0: 0x800074c2 (0x58926f93) ori     t6, tp, 1417
core   0: 3 0x800074c2 (0x58926f93) x31 0x800267bf
core   0: 0x800074c6 (0x497acf93) xori    t6, s5, 1175
core   0: 3 0x800074c6 (0x497acf93) x31 0x0000049a
core   0: 0x800074ca (0x5b91e893) ori     a7, gp, 1465
core   0: 3 0x800074ca (0x5b91e893) x17 0x800267bf
core   0: 0x800074ce (0x031f25b3) mulhsu  a1, t5, a7
core   0: 3 0x800074ce (0x031f25b3) x11 0xe5a15b7d
core   0: 0x800074d2 (0x0000197d) c.addi  s2, -1
core   0: 3 0x800074d2 (0x197d) x18 0xfffffff8
core   0: 0x800074d4 (0x00008e26) c.mv    t3, s1
core   0: 3 0x800074d4 (0x8e26) x28 0x80000000
core   0: 0x800074d6 (0x00008246) c.mv    tp, a7
core   0: 3 0x800074d6 (0x8246) x4  0x800267bf
core   0: 0x800074d8 (0xff7612e3) bne     a2, s7, pc - 28
core   0: 3 0x800074d8 (0xff7612e3)
core   0: 0x800074bc (0x00008cf5) c.and   s1, a3
core   0: 3 0x800074bc (0x8cf5) x9  0x80000000
core   0: 0x800074be (0x00000605) c.addi  a2, 1
core   0: 3 0x800074be (0x0605) x12 0x00000000
core   0: 0x800074c0 (0x00006145) c.addi16sp sp, 48
core   0: 3 0x800074c0 (0x6145) x2  0x000001b0
core   0: 0x800074c2 (0x58926f93) ori     t6, tp, 1417
core   0: 3 0x800074c2 (0x58926f93) x31 0x800267bf
core   0: 0x800074c6 (0x497acf93) xori    t6, s5, 1175
core   0: 3 0x800074c6 (0x497acf93) x31 0x0000049a
core   0: 0x800074ca (0x5b91e893) ori     a7, gp, 1465
core   0: 3 0x800074ca (0x5b91e893) x17 0x800267bf
core   0: 0x800074ce (0x031f25b3) mulhsu  a1, t5, a7
core   0: 3 0x800074ce (0x031f25b3) x11 0xe5a15b7d
core   0: 0x800074d2 (0x0000197d) c.addi  s2, -1
core   0: 3 0x800074d2 (0x197d) x18 0xfffffff7
core   0: 0x800074d4 (0x00008e26) c.mv    t3, s1
core   0: 3 0x800074d4 (0x8e26) x28 0x80000000
core   0: 0x800074d6 (0x00008246) c.mv    tp, a7
core   0: 3 0x800074d6 (0x8246) x4  0x800267bf
core   0: 0x800074d8 (0xff7612e3) bne     a2, s7, pc - 28
core   0: 3 0x800074d8 (0xff7612e3)
core   0: 0x800074bc (0x00008cf5) c.and   s1, a3
core   0: 3 0x800074bc (0x8cf5) x9  0x80000000
core   0: 0x800074be (0x00000605) c.addi  a2, 1
core   0: 3 0x800074be (0x0605) x12 0x00000001
core   0: 0x800074c0 (0x00006145) c.addi16sp sp, 48
core   0: 3 0x800074c0 (0x6145) x2  0x000001e0
core   0: 0x800074c2 (0x58926f93) ori     t6, tp, 1417
core   0: 3 0x800074c2 (0x58926f93) x31 0x800267bf
core   0: 0x800074c6 (0x497acf93) xori    t6, s5, 1175
core   0: 3 0x800074c6 (0x497acf93) x31 0x0000049a
core   0: 0x800074ca (0x5b91e893) ori     a7, gp, 1465
core   0: 3 0x800074ca (0x5b91e893) x17 0x800267bf
core   0: 0x800074ce (0x031f25b3) mulhsu  a1, t5, a7
core   0: 3 0x800074ce (0x031f25b3) x11 0xe5a15b7d
core   0: 0x800074d2 (0x0000197d) c.addi  s2, -1
core   0: 3 0x800074d2 (0x197d) x18 0xfffffff6
core   0: 0x800074d4 (0x00008e26) c.mv    t3, s1
core   0: 3 0x800074d4 (0x8e26) x28 0x80000000
core   0: 0x800074d6 (0x00008246) c.mv    tp, a7
core   0: 3 0x800074d6 (0x8246) x4  0x800267bf
core   0: 0x800074d8 (0xff7612e3) bne     a2, s7, pc - 28
core   0: 3 0x800074d8 (0xff7612e3)
core   0: 0x800074bc (0x00008cf5) c.and   s1, a3
core   0: 3 0x800074bc (0x8cf5) x9  0x80000000
core   0: 0x800074be (0x00000605) c.addi  a2, 1
core   0: 3 0x800074be (0x0605) x12 0x00000002
core   0: 0x800074c0 (0x00006145) c.addi16sp sp, 48
core   0: 3 0x800074c0 (0x6145) x2  0x00000210
core   0: 0x800074c2 (0x58926f93) ori     t6, tp, 1417
core   0: 3 0x800074c2 (0x58926f93) x31 0x800267bf
core   0: 0x800074c6 (0x497acf93) xori    t6, s5, 1175
core   0: 3 0x800074c6 (0x497acf93) x31 0x0000049a
core   0: 0x800074ca (0x5b91e893) ori     a7, gp, 1465
core   0: 3 0x800074ca (0x5b91e893) x17 0x800267bf
core   0: 0x800074ce (0x031f25b3) mulhsu  a1, t5, a7
core   0: 3 0x800074ce (0x031f25b3) x11 0xe5a15b7d
core   0: 0x800074d2 (0x0000197d) c.addi  s2, -1
core   0: 3 0x800074d2 (0x197d) x18 0xfffffff5
core   0: 0x800074d4 (0x00008e26) c.mv    t3, s1
core   0: 3 0x800074d4 (0x8e26) x28 0x80000000
core   0: 0x800074d6 (0x00008246) c.mv    tp, a7
core   0: 3 0x800074d6 (0x8246) x4  0x800267bf
core   0: 0x800074d8 (0xff7612e3) bne     a2, s7, pc - 28
core   0: 3 0x800074d8 (0xff7612e3)
core   0: 0x800074bc (0x00008cf5) c.and   s1, a3
core   0: 3 0x800074bc (0x8cf5) x9  0x80000000
core   0: 0x800074be (0x00000605) c.addi  a2, 1
core   0: 3 0x800074be (0x0605) x12 0x00000003
core   0: 0x800074c0 (0x00006145) c.addi16sp sp, 48
core   0: 3 0x800074c0 (0x6145) x2  0x00000240
core   0: 0x800074c2 (0x58926f93) ori     t6, tp, 1417
core   0: 3 0x800074c2 (0x58926f93) x31 0x800267bf
core   0: 0x800074c6 (0x497acf93) xori    t6, s5, 1175
core   0: 3 0x800074c6 (0x497acf93) x31 0x0000049a
core   0: 0x800074ca (0x5b91e893) ori     a7, gp, 1465
core   0: 3 0x800074ca (0x5b91e893) x17 0x800267bf
core   0: 0x800074ce (0x031f25b3) mulhsu  a1, t5, a7
core   0: 3 0x800074ce (0x031f25b3) x11 0xe5a15b7d
core   0: 0x800074d2 (0x0000197d) c.addi  s2, -1
core   0: 3 0x800074d2 (0x197d) x18 0xfffffff4
core   0: 0x800074d4 (0x00008e26) c.mv    t3, s1
core   0: 3 0x800074d4 (0x8e26) x28 0x80000000
core   0: 0x800074d6 (0x00008246) c.mv    tp, a7
core   0: 3 0x800074d6 (0x8246) x4  0x800267bf
core   0: 0x800074d8 (0xff7612e3) bne     a2, s7, pc - 28
core   0: 3 0x800074d8 (0xff7612e3)
core   0: 0x800074bc (0x00008cf5) c.and   s1, a3
core   0: 3 0x800074bc (0x8cf5) x9  0x80000000
core   0: 0x800074be (0x00000605) c.addi  a2, 1
core   0: 3 0x800074be (0x0605) x12 0x00000004
core   0: 0x800074c0 (0x00006145) c.addi16sp sp, 48
core   0: 3 0x800074c0 (0x6145) x2  0x00000270
core   0: 0x800074c2 (0x58926f93) ori     t6, tp, 1417
core   0: 3 0x800074c2 (0x58926f93) x31 0x800267bf
core   0: 0x800074c6 (0x497acf93) xori    t6, s5, 1175
core   0: 3 0x800074c6 (0x497acf93) x31 0x0000049a
core   0: 0x800074ca (0x5b91e893) ori     a7, gp, 1465
core   0: 3 0x800074ca (0x5b91e893) x17 0x800267bf
core   0: 0x800074ce (0x031f25b3) mulhsu  a1, t5, a7
core   0: 3 0x800074ce (0x031f25b3) x11 0xe5a15b7d
core   0: 0x800074d2 (0x0000197d) c.addi  s2, -1
core   0: 3 0x800074d2 (0x197d) x18 0xfffffff3
core   0: 0x800074d4 (0x00008e26) c.mv    t3, s1
core   0: 3 0x800074d4 (0x8e26) x28 0x80000000
core   0: 0x800074d6 (0x00008246) c.mv    tp, a7
core   0: 3 0x800074d6 (0x8246) x4  0x800267bf
core   0: 0x800074d8 (0xff7612e3) bne     a2, s7, pc - 28
core   0: 3 0x800074d8 (0xff7612e3)
core   0: 0x800074bc (0x00008cf5) c.and   s1, a3
core   0: 3 0x800074bc (0x8cf5) x9  0x80000000
core   0: 0x800074be (0x00000605) c.addi  a2, 1
core   0: 3 0x800074be (0x0605) x12 0x00000005
core   0: 0x800074c0 (0x00006145) c.addi16sp sp, 48
core   0: 3 0x800074c0 (0x6145) x2  0x000002a0
core   0: 0x800074c2 (0x58926f93) ori     t6, tp, 1417
core   0: 3 0x800074c2 (0x58926f93) x31 0x800267bf
core   0: 0x800074c6 (0x497acf93) xori    t6, s5, 1175
core   0: 3 0x800074c6 (0x497acf93) x31 0x0000049a
core   0: 0x800074ca (0x5b91e893) ori     a7, gp, 1465
core   0: 3 0x800074ca (0x5b91e893) x17 0x800267bf
core   0: 0x800074ce (0x031f25b3) mulhsu  a1, t5, a7
core   0: 3 0x800074ce (0x031f25b3) x11 0xe5a15b7d
core   0: 0x800074d2 (0x0000197d) c.addi  s2, -1
core   0: 3 0x800074d2 (0x197d) x18 0xfffffff2
core   0: 0x800074d4 (0x00008e26) c.mv    t3, s1
core   0: 3 0x800074d4 (0x8e26) x28 0x80000000
core   0: 0x800074d6 (0x00008246) c.mv    tp, a7
core   0: 3 0x800074d6 (0x8246) x4  0x800267bf
core   0: 0x800074d8 (0xff7612e3) bne     a2, s7, pc - 28
core   0: 3 0x800074d8 (0xff7612e3)
core   0: 0x800074bc (0x00008cf5) c.and   s1, a3
core   0: 3 0x800074bc (0x8cf5) x9  0x80000000
core   0: 0x800074be (0x00000605) c.addi  a2, 1
core   0: 3 0x800074be (0x0605) x12 0x00000006
core   0: 0x800074c0 (0x00006145) c.addi16sp sp, 48
core   0: 3 0x800074c0 (0x6145) x2  0x000002d0
core   0: 0x800074c2 (0x58926f93) ori     t6, tp, 1417
core   0: 3 0x800074c2 (0x58926f93) x31 0x800267bf
core   0: 0x800074c6 (0x497acf93) xori    t6, s5, 1175
core   0: 3 0x800074c6 (0x497acf93) x31 0x0000049a
core   0: 0x800074ca (0x5b91e893) ori     a7, gp, 1465
core   0: 3 0x800074ca (0x5b91e893) x17 0x800267bf
core   0: 0x800074ce (0x031f25b3) mulhsu  a1, t5, a7
core   0: 3 0x800074ce (0x031f25b3) x11 0xe5a15b7d
core   0: 0x800074d2 (0x0000197d) c.addi  s2, -1
core   0: 3 0x800074d2 (0x197d) x18 0xfffffff1
core   0: 0x800074d4 (0x00008e26) c.mv    t3, s1
core   0: 3 0x800074d4 (0x8e26) x28 0x80000000
core   0: 0x800074d6 (0x00008246) c.mv    tp, a7
core   0: 3 0x800074d6 (0x8246) x4  0x800267bf
core   0: 0x800074d8 (0xff7612e3) bne     a2, s7, pc - 28
core   0: 3 0x800074d8 (0xff7612e3)
core   0: 0x800074bc (0x00008cf5) c.and   s1, a3
core   0: 3 0x800074bc (0x8cf5) x9  0x80000000
core   0: 0x800074be (0x00000605) c.addi  a2, 1
core   0: 3 0x800074be (0x0605) x12 0x00000007
core   0: 0x800074c0 (0x00006145) c.addi16sp sp, 48
core   0: 3 0x800074c0 (0x6145) x2  0x00000300
core   0: 0x800074c2 (0x58926f93) ori     t6, tp, 1417
core   0: 3 0x800074c2 (0x58926f93) x31 0x800267bf
core   0: 0x800074c6 (0x497acf93) xori    t6, s5, 1175
core   0: 3 0x800074c6 (0x497acf93) x31 0x0000049a
core   0: 0x800074ca (0x5b91e893) ori     a7, gp, 1465
core   0: 3 0x800074ca (0x5b91e893) x17 0x800267bf
core   0: 0x800074ce (0x031f25b3) mulhsu  a1, t5, a7
core   0: 3 0x800074ce (0x031f25b3) x11 0xe5a15b7d
core   0: 0x800074d2 (0x0000197d) c.addi  s2, -1
core   0: 3 0x800074d2 (0x197d) x18 0xfffffff0
core   0: 0x800074d4 (0x00008e26) c.mv    t3, s1
core   0: 3 0x800074d4 (0x8e26) x28 0x80000000
core   0: 0x800074d6 (0x00008246) c.mv    tp, a7
core   0: 3 0x800074d6 (0x8246) x4  0x800267bf
core   0: 0x800074d8 (0xff7612e3) bne     a2, s7, pc - 28
core   0: 3 0x800074d8 (0xff7612e3)
core   0: 0x800074bc (0x00008cf5) c.and   s1, a3
core   0: 3 0x800074bc (0x8cf5) x9  0x80000000
core   0: 0x800074be (0x00000605) c.addi  a2, 1
core   0: 3 0x800074be (0x0605) x12 0x00000008
core   0: 0x800074c0 (0x00006145) c.addi16sp sp, 48
core   0: 3 0x800074c0 (0x6145) x2  0x00000330
core   0: 0x800074c2 (0x58926f93) ori     t6, tp, 1417
core   0: 3 0x800074c2 (0x58926f93) x31 0x800267bf
core   0: 0x800074c6 (0x497acf93) xori    t6, s5, 1175
core   0: 3 0x800074c6 (0x497acf93) x31 0x0000049a
core   0: 0x800074ca (0x5b91e893) ori     a7, gp, 1465
core   0: 3 0x800074ca (0x5b91e893) x17 0x800267bf
core   0: 0x800074ce (0x031f25b3) mulhsu  a1, t5, a7
core   0: 3 0x800074ce (0x031f25b3) x11 0xe5a15b7d
core   0: 0x800074d2 (0x0000197d) c.addi  s2, -1
core   0: 3 0x800074d2 (0x197d) x18 0xffffffef
core   0: 0x800074d4 (0x00008e26) c.mv    t3, s1
core   0: 3 0x800074d4 (0x8e26) x28 0x80000000
core   0: 0x800074d6 (0x00008246) c.mv    tp, a7
core   0: 3 0x800074d6 (0x8246) x4  0x800267bf
core   0: 0x800074d8 (0xff7612e3) bne     a2, s7, pc - 28
core   0: 3 0x800074d8 (0xff7612e3)
core   0: 0x800074bc (0x00008cf5) c.and   s1, a3
core   0: 3 0x800074bc (0x8cf5) x9  0x80000000
core   0: 0x800074be (0x00000605) c.addi  a2, 1
core   0: 3 0x800074be (0x0605) x12 0x00000009
core   0: 0x800074c0 (0x00006145) c.addi16sp sp, 48
core   0: 3 0x800074c0 (0x6145) x2  0x00000360
core   0: 0x800074c2 (0x58926f93) ori     t6, tp, 1417
core   0: 3 0x800074c2 (0x58926f93) x31 0x800267bf
core   0: 0x800074c6 (0x497acf93) xori    t6, s5, 1175
core   0: 3 0x800074c6 (0x497acf93) x31 0x0000049a
core   0: 0x800074ca (0x5b91e893) ori     a7, gp, 1465
core   0: 3 0x800074ca (0x5b91e893) x17 0x800267bf
core   0: 0x800074ce (0x031f25b3) mulhsu  a1, t5, a7
core   0: 3 0x800074ce (0x031f25b3) x11 0xe5a15b7d
core   0: 0x800074d2 (0x0000197d) c.addi  s2, -1
core   0: 3 0x800074d2 (0x197d) x18 0xffffffee
core   0: 0x800074d4 (0x00008e26) c.mv    t3, s1
core   0: 3 0x800074d4 (0x8e26) x28 0x80000000
core   0: 0x800074d6 (0x00008246) c.mv    tp, a7
core   0: 3 0x800074d6 (0x8246) x4  0x800267bf
core   0: 0x800074d8 (0xff7612e3) bne     a2, s7, pc - 28
core   0: 3 0x800074d8 (0xff7612e3)
core   0: 0x800074dc (0x000008a1) c.addi  a7, 8
core   0: 3 0x800074dc (0x08a1) x17 0x800267c7
core   0: 0x800074de (0x0000557d) c.li    a0, -1
core   0: 3 0x800074de (0x557d) x10 0xffffffff
core   0: 0x800074e0 (0x000099fd) c.andi  a1, -1
core   0: 3 0x800074e0 (0x99fd) x11 0xe5a15b7d
core   0: 0x800074e2 (0x017991b3) sll     gp, s3, s7
core   0: 3 0x800074e2 (0x017991b3) x3  0xfffffc00
core   0: 0x800074e6 (0x0000463d) c.li    a2, 15
core   0: 3 0x800074e6 (0x463d) x12 0x0000000f
core   0: 0x800074e8 (0x00f5c333) xor     t1, a1, a5
core   0: 3 0x800074e8 (0x00f5c333) x6  0x6ce5a053
core   0: 0x800074ec (0x01c29d13) slli    s10, t0, 28
core   0: 3 0x800074ec (0x01c29d13) x26 0x10000000
core   0: 0x800074f0 (0x03913bb3) mulhu   s7, sp, s9
core   0: 3 0x800074f0 (0x03913bb3) x23 0x00000000
core   0: 0x800074f4 (0x00348ab3) add     s5, s1, gp
core   0: 3 0x800074f4 (0x00348ab3) x21 0x7ffffc00
core   0: 0x800074f8 (0x5c693f13) sltiu   t5, s2, 1478
core   0: 3 0x800074f8 (0x5c693f13) x30 0x00000000
core   0: 0x800074fc (0x5594f213) andi    tp, s1, 1369
core   0: 3 0x800074fc (0x5594f213) x4  0x00000000
core   0: 0x80007500 (0x039d4eb3) div     t4, s10, s9
core   0: 3 0x80007500 (0x039d4eb3) x29 0xffffffff
core   0: 0x80007504 (0xdea4f913) andi    s2, s1, -534
core   0: 3 0x80007504 (0xdea4f913) x18 0x80000000
core   0: 0x80007508 (0x00000509) c.addi  a0, 2
core   0: 3 0x80007508 (0x0509) x10 0x00000001
core   0: 0x8000750a (0x00004709) c.li    a4, 2
core   0: 3 0x8000750a (0x4709) x14 0x00000002
core   0: 0x8000750c (0x000005fa) c.slli  a1, 30
core   0: 3 0x8000750c (0x05fa) x11 0x40000000
core   0: 0x8000750e (0x00004115) c.li    sp, 5
core   0: 3 0x8000750e (0x4115) x2  0x00000005
core   0: 0x80007510 (0x7742cf93) xori    t6, t0, 1908
core   0: 3 0x80007510 (0x7742cf93) x31 0x00000775
core   0: 0x80007514 (0x7d0c4313) xori    t1, s8, 2000
core   0: 3 0x80007514 (0x7d0c4313) x6  0xfba32447
core   0: 0x80007518 (0x00000711) c.addi  a4, 4
core   0: 3 0x80007518 (0x0711) x14 0x00000006
core   0: 0x8000751a (0xfe276de3) bltu    a4, sp, pc - 6
core   0: 3 0x8000751a (0xfe276de3)
core   0: 0x8000751e (0x418fd0b3) sra     ra, t6, s8
core   0: 3 0x8000751e (0x418fd0b3) x1  0x00000000
core   0: 0x80007522 (0xfcc56be3) bltu    a0, a2, pc - 42
core   0: 3 0x80007522 (0xfcc56be3)
core   0: 0x800074f8 (0x5c693f13) sltiu   t5, s2, 1478
core   0: 3 0x800074f8 (0x5c693f13) x30 0x00000000
core   0: 0x800074fc (0x5594f213) andi    tp, s1, 1369
core   0: 3 0x800074fc (0x5594f213) x4  0x00000000
core   0: 0x80007500 (0x039d4eb3) div     t4, s10, s9
core   0: 3 0x80007500 (0x039d4eb3) x29 0xffffffff
core   0: 0x80007504 (0xdea4f913) andi    s2, s1, -534
core   0: 3 0x80007504 (0xdea4f913) x18 0x80000000
core   0: 0x80007508 (0x00000509) c.addi  a0, 2
core   0: 3 0x80007508 (0x0509) x10 0x00000003
core   0: 0x8000750a (0x00004709) c.li    a4, 2
core   0: 3 0x8000750a (0x4709) x14 0x00000002
core   0: 0x8000750c (0x000005fa) c.slli  a1, 30
core   0: 3 0x8000750c (0x05fa) x11 0x00000000
core   0: 0x8000750e (0x00004115) c.li    sp, 5
core   0: 3 0x8000750e (0x4115) x2  0x00000005
core   0: 0x80007510 (0x7742cf93) xori    t6, t0, 1908
core   0: 3 0x80007510 (0x7742cf93) x31 0x00000775
core   0: 0x80007514 (0x7d0c4313) xori    t1, s8, 2000
core   0: 3 0x80007514 (0x7d0c4313) x6  0xfba32447
core   0: 0x80007518 (0x00000711) c.addi  a4, 4
core   0: 3 0x80007518 (0x0711) x14 0x00000006
core   0: 0x8000751a (0xfe276de3) bltu    a4, sp, pc - 6
core   0: 3 0x8000751a (0xfe276de3)
core   0: 0x8000751e (0x418fd0b3) sra     ra, t6, s8
core   0: 3 0x8000751e (0x418fd0b3) x1  0x00000000
core   0: 0x80007522 (0xfcc56be3) bltu    a0, a2, pc - 42
core   0: 3 0x80007522 (0xfcc56be3)
core   0: 0x800074f8 (0x5c693f13) sltiu   t5, s2, 1478
core   0: 3 0x800074f8 (0x5c693f13) x30 0x00000000
core   0: 0x800074fc (0x5594f213) andi    tp, s1, 1369
core   0: 3 0x800074fc (0x5594f213) x4  0x00000000
core   0: 0x80007500 (0x039d4eb3) div     t4, s10, s9
core   0: 3 0x80007500 (0x039d4eb3) x29 0xffffffff
core   0: 0x80007504 (0xdea4f913) andi    s2, s1, -534
core   0: 3 0x80007504 (0xdea4f913) x18 0x80000000
core   0: 0x80007508 (0x00000509) c.addi  a0, 2
core   0: 3 0x80007508 (0x0509) x10 0x00000005
core   0: 0x8000750a (0x00004709) c.li    a4, 2
core   0: 3 0x8000750a (0x4709) x14 0x00000002
core   0: 0x8000750c (0x000005fa) c.slli  a1, 30
core   0: 3 0x8000750c (0x05fa) x11 0x00000000
core   0: 0x8000750e (0x00004115) c.li    sp, 5
core   0: 3 0x8000750e (0x4115) x2  0x00000005
core   0: 0x80007510 (0x7742cf93) xori    t6, t0, 1908
core   0: 3 0x80007510 (0x7742cf93) x31 0x00000775
core   0: 0x80007514 (0x7d0c4313) xori    t1, s8, 2000
core   0: 3 0x80007514 (0x7d0c4313) x6  0xfba32447
core   0: 0x80007518 (0x00000711) c.addi  a4, 4
core   0: 3 0x80007518 (0x0711) x14 0x00000006
core   0: 0x8000751a (0xfe276de3) bltu    a4, sp, pc - 6
core   0: 3 0x8000751a (0xfe276de3)
core   0: 0x8000751e (0x418fd0b3) sra     ra, t6, s8
core   0: 3 0x8000751e (0x418fd0b3) x1  0x00000000
core   0: 0x80007522 (0xfcc56be3) bltu    a0, a2, pc - 42
core   0: 3 0x80007522 (0xfcc56be3)
core   0: 0x800074f8 (0x5c693f13) sltiu   t5, s2, 1478
core   0: 3 0x800074f8 (0x5c693f13) x30 0x00000000
core   0: 0x800074fc (0x5594f213) andi    tp, s1, 1369
core   0: 3 0x800074fc (0x5594f213) x4  0x00000000
core   0: 0x80007500 (0x039d4eb3) div     t4, s10, s9
core   0: 3 0x80007500 (0x039d4eb3) x29 0xffffffff
core   0: 0x80007504 (0xdea4f913) andi    s2, s1, -534
core   0: 3 0x80007504 (0xdea4f913) x18 0x80000000
core   0: 0x80007508 (0x00000509) c.addi  a0, 2
core   0: 3 0x80007508 (0x0509) x10 0x00000007
core   0: 0x8000750a (0x00004709) c.li    a4, 2
core   0: 3 0x8000750a (0x4709) x14 0x00000002
core   0: 0x8000750c (0x000005fa) c.slli  a1, 30
core   0: 3 0x8000750c (0x05fa) x11 0x00000000
core   0: 0x8000750e (0x00004115) c.li    sp, 5
core   0: 3 0x8000750e (0x4115) x2  0x00000005
core   0: 0x80007510 (0x7742cf93) xori    t6, t0, 1908
core   0: 3 0x80007510 (0x7742cf93) x31 0x00000775
core   0: 0x80007514 (0x7d0c4313) xori    t1, s8, 2000
core   0: 3 0x80007514 (0x7d0c4313) x6  0xfba32447
core   0: 0x80007518 (0x00000711) c.addi  a4, 4
core   0: 3 0x80007518 (0x0711) x14 0x00000006
core   0: 0x8000751a (0xfe276de3) bltu    a4, sp, pc - 6
core   0: 3 0x8000751a (0xfe276de3)
core   0: 0x8000751e (0x418fd0b3) sra     ra, t6, s8
core   0: 3 0x8000751e (0x418fd0b3) x1  0x00000000
core   0: 0x80007522 (0xfcc56be3) bltu    a0, a2, pc - 42
core   0: 3 0x80007522 (0xfcc56be3)
core   0: 0x800074f8 (0x5c693f13) sltiu   t5, s2, 1478
core   0: 3 0x800074f8 (0x5c693f13) x30 0x00000000
core   0: 0x800074fc (0x5594f213) andi    tp, s1, 1369
core   0: 3 0x800074fc (0x5594f213) x4  0x00000000
core   0: 0x80007500 (0x039d4eb3) div     t4, s10, s9
core   0: 3 0x80007500 (0x039d4eb3) x29 0xffffffff
core   0: 0x80007504 (0xdea4f913) andi    s2, s1, -534
core   0: 3 0x80007504 (0xdea4f913) x18 0x80000000
core   0: 0x80007508 (0x00000509) c.addi  a0, 2
core   0: 3 0x80007508 (0x0509) x10 0x00000009
core   0: 0x8000750a (0x00004709) c.li    a4, 2
core   0: 3 0x8000750a (0x4709) x14 0x00000002
core   0: 0x8000750c (0x000005fa) c.slli  a1, 30
core   0: 3 0x8000750c (0x05fa) x11 0x00000000
core   0: 0x8000750e (0x00004115) c.li    sp, 5
core   0: 3 0x8000750e (0x4115) x2  0x00000005
core   0: 0x80007510 (0x7742cf93) xori    t6, t0, 1908
core   0: 3 0x80007510 (0x7742cf93) x31 0x00000775
core   0: 0x80007514 (0x7d0c4313) xori    t1, s8, 2000
core   0: 3 0x80007514 (0x7d0c4313) x6  0xfba32447
core   0: 0x80007518 (0x00000711) c.addi  a4, 4
core   0: 3 0x80007518 (0x0711) x14 0x00000006
core   0: 0x8000751a (0xfe276de3) bltu    a4, sp, pc - 6
core   0: 3 0x8000751a (0xfe276de3)
core   0: 0x8000751e (0x418fd0b3) sra     ra, t6, s8
core   0: 3 0x8000751e (0x418fd0b3) x1  0x00000000
core   0: 0x80007522 (0xfcc56be3) bltu    a0, a2, pc - 42
core   0: 3 0x80007522 (0xfcc56be3)
core   0: 0x800074f8 (0x5c693f13) sltiu   t5, s2, 1478
core   0: 3 0x800074f8 (0x5c693f13) x30 0x00000000
core   0: 0x800074fc (0x5594f213) andi    tp, s1, 1369
core   0: 3 0x800074fc (0x5594f213) x4  0x00000000
core   0: 0x80007500 (0x039d4eb3) div     t4, s10, s9
core   0: 3 0x80007500 (0x039d4eb3) x29 0xffffffff
core   0: 0x80007504 (0xdea4f913) andi    s2, s1, -534
core   0: 3 0x80007504 (0xdea4f913) x18 0x80000000
core   0: 0x80007508 (0x00000509) c.addi  a0, 2
core   0: 3 0x80007508 (0x0509) x10 0x0000000b
core   0: 0x8000750a (0x00004709) c.li    a4, 2
core   0: 3 0x8000750a (0x4709) x14 0x00000002
core   0: 0x8000750c (0x000005fa) c.slli  a1, 30
core   0: 3 0x8000750c (0x05fa) x11 0x00000000
core   0: 0x8000750e (0x00004115) c.li    sp, 5
core   0: 3 0x8000750e (0x4115) x2  0x00000005
core   0: 0x80007510 (0x7742cf93) xori    t6, t0, 1908
core   0: 3 0x80007510 (0x7742cf93) x31 0x00000775
core   0: 0x80007514 (0x7d0c4313) xori    t1, s8, 2000
core   0: 3 0x80007514 (0x7d0c4313) x6  0xfba32447
core   0: 0x80007518 (0x00000711) c.addi  a4, 4
core   0: 3 0x80007518 (0x0711) x14 0x00000006
core   0: 0x8000751a (0xfe276de3) bltu    a4, sp, pc - 6
core   0: 3 0x8000751a (0xfe276de3)
core   0: 0x8000751e (0x418fd0b3) sra     ra, t6, s8
core   0: 3 0x8000751e (0x418fd0b3) x1  0x00000000
core   0: 0x80007522 (0xfcc56be3) bltu    a0, a2, pc - 42
core   0: 3 0x80007522 (0xfcc56be3)
core   0: 0x800074f8 (0x5c693f13) sltiu   t5, s2, 1478
core   0: 3 0x800074f8 (0x5c693f13) x30 0x00000000
core   0: 0x800074fc (0x5594f213) andi    tp, s1, 1369
core   0: 3 0x800074fc (0x5594f213) x4  0x00000000
core   0: 0x80007500 (0x039d4eb3) div     t4, s10, s9
core   0: 3 0x80007500 (0x039d4eb3) x29 0xffffffff
core   0: 0x80007504 (0xdea4f913) andi    s2, s1, -534
core   0: 3 0x80007504 (0xdea4f913) x18 0x80000000
core   0: 0x80007508 (0x00000509) c.addi  a0, 2
core   0: 3 0x80007508 (0x0509) x10 0x0000000d
core   0: 0x8000750a (0x00004709) c.li    a4, 2
core   0: 3 0x8000750a (0x4709) x14 0x00000002
core   0: 0x8000750c (0x000005fa) c.slli  a1, 30
core   0: 3 0x8000750c (0x05fa) x11 0x00000000
core   0: 0x8000750e (0x00004115) c.li    sp, 5
core   0: 3 0x8000750e (0x4115) x2  0x00000005
core   0: 0x80007510 (0x7742cf93) xori    t6, t0, 1908
core   0: 3 0x80007510 (0x7742cf93) x31 0x00000775
core   0: 0x80007514 (0x7d0c4313) xori    t1, s8, 2000
core   0: 3 0x80007514 (0x7d0c4313) x6  0xfba32447
core   0: 0x80007518 (0x00000711) c.addi  a4, 4
core   0: 3 0x80007518 (0x0711) x14 0x00000006
core   0: 0x8000751a (0xfe276de3) bltu    a4, sp, pc - 6
core   0: 3 0x8000751a (0xfe276de3)
core   0: 0x8000751e (0x418fd0b3) sra     ra, t6, s8
core   0: 3 0x8000751e (0x418fd0b3) x1  0x00000000
core   0: 0x80007522 (0xfcc56be3) bltu    a0, a2, pc - 42
core   0: 3 0x80007522 (0xfcc56be3)
core   0: 0x800074f8 (0x5c693f13) sltiu   t5, s2, 1478
core   0: 3 0x800074f8 (0x5c693f13) x30 0x00000000
core   0: 0x800074fc (0x5594f213) andi    tp, s1, 1369
core   0: 3 0x800074fc (0x5594f213) x4  0x00000000
core   0: 0x80007500 (0x039d4eb3) div     t4, s10, s9
core   0: 3 0x80007500 (0x039d4eb3) x29 0xffffffff
core   0: 0x80007504 (0xdea4f913) andi    s2, s1, -534
core   0: 3 0x80007504 (0xdea4f913) x18 0x80000000
core   0: 0x80007508 (0x00000509) c.addi  a0, 2
core   0: 3 0x80007508 (0x0509) x10 0x0000000f
core   0: 0x8000750a (0x00004709) c.li    a4, 2
core   0: 3 0x8000750a (0x4709) x14 0x00000002
core   0: 0x8000750c (0x000005fa) c.slli  a1, 30
core   0: 3 0x8000750c (0x05fa) x11 0x00000000
core   0: 0x8000750e (0x00004115) c.li    sp, 5
core   0: 3 0x8000750e (0x4115) x2  0x00000005
core   0: 0x80007510 (0x7742cf93) xori    t6, t0, 1908
core   0: 3 0x80007510 (0x7742cf93) x31 0x00000775
core   0: 0x80007514 (0x7d0c4313) xori    t1, s8, 2000
core   0: 3 0x80007514 (0x7d0c4313) x6  0xfba32447
core   0: 0x80007518 (0x00000711) c.addi  a4, 4
core   0: 3 0x80007518 (0x0711) x14 0x00000006
core   0: 0x8000751a (0xfe276de3) bltu    a4, sp, pc - 6
core   0: 3 0x8000751a (0xfe276de3)
core   0: 0x8000751e (0x418fd0b3) sra     ra, t6, s8
core   0: 3 0x8000751e (0x418fd0b3) x1  0x00000000
core   0: 0x80007522 (0xfcc56be3) bltu    a0, a2, pc - 42
core   0: 3 0x80007522 (0xfcc56be3)
core   0: 0x80007526 (0x00008ce9) c.and   s1, a0
core   0: 3 0x80007526 (0x8ce9) x9  0x00000000
core   0: 0x80007528 (0x000042a1) c.li    t0, 8
core   0: 3 0x80007528 (0x42a1) x5  0x00000008
core   0: 0x8000752a (0x00001f7d) c.addi  t5, -1
core   0: 3 0x8000752a (0x1f7d) x30 0xffffffff
core   0: 0x8000752c (0x00004ba1) c.li    s7, 8
core   0: 3 0x8000752c (0x4ba1) x23 0x00000008
core   0: 0x8000752e (0x01aeecb3) or      s9, t4, s10
core   0: 3 0x8000752e (0x01aeecb3) x25 0xffffffff
core   0: 0x80007532 (0xb96de1b7) lui     gp, 0xb96de
core   0: 3 0x80007532 (0xb96de1b7) x3  0xb96de000
core   0: 0x80007536 (0x00008a35) c.andi  a2, 13
core   0: 3 0x80007536 (0x8a35) x12 0x0000000d
core   0: 0x80007538 (0x00097fb3) and     t6, s2, zero
core   0: 3 0x80007538 (0x00097fb3) x31 0x00000000
core   0: 0x8000753c (0x570bc393) xori    t2, s7, 1392
core   0: 3 0x8000753c (0x570bc393) x7  0x00000578
core   0: 0x80007540 (0x000012f9) c.addi  t0, -2
core   0: 3 0x80007540 (0x12f9) x5  0x00000006
core   0: 0x80007542 (0x00c14f33) xor     t5, sp, a2
core   0: 3 0x80007542 (0x00c14f33) x30 0x00000008
core   0: 0x80007546 (0x000054dd) c.li    s1, -9
core   0: 3 0x80007546 (0x54dd) x9  0xfffffff7
core   0: 0x80007548 (0x000058c5) c.li    a7, -15
core   0: 3 0x80007548 (0x58c5) x17 0xfffffff1
core   0: 0x8000754a (0x006b1913) slli    s2, s6, 6
core   0: 3 0x8000754a (0x006b1913) x18 0xffffffc0
core   0: 0x8000754e (0x00008931) c.andi  a0, 12
core   0: 3 0x8000754e (0x8931) x10 0x0000000c
core   0: 0x80007550 (0x02198633) mul     a2, s3, ra
core   0: 3 0x80007550 (0x02198633) x12 0x00000000
core   0: 0x80007554 (0x00006635) c.lui   a2, 0xd
core   0: 3 0x80007554 (0x6635) x12 0x0000d000
core   0: 0x80007556 (0xd4433317) auipc   t1, 0xd4433
core   0: 3 0x80007556 (0xd4433317) x6  0x5443a556
core   0: 0x8000755a (0x0327f033) remu    zero, a5, s2
core   0: 3 0x8000755a (0x0327f033)
core   0: 0x8000755e (0x0f266b17) auipc   s6, 0xf266
core   0: 3 0x8000755e (0x0f266b17) x22 0x8f26d55e
core   0: 0x80007562 (0x0034d513) srli    a0, s1, 3
core   0: 3 0x80007562 (0x0034d513) x10 0x1ffffffe
core   0: 0x80007566 (0x03d52933) mulhsu  s2, a0, t4
core   0: 3 0x80007566 (0x03d52933) x18 0x1ffffffd
core   0: 0x8000756a (0x0000833d) c.srli  a4, 15
core   0: 3 0x8000756a (0x833d) x14 0x00000000
core   0: 0x8000756c (0x000014f9) c.addi  s1, -2
core   0: 3 0x8000756c (0x14f9) x9  0xfffffff5
core   0: 0x8000756e (0x01164833) xor     a6, a2, a7
core   0: 3 0x8000756e (0x01164833) x16 0xffff2ff1
core   0: 0x80007572 (0xff14dae3) bge     s1, a7, pc - 12
core   0: 3 0x80007572 (0xff14dae3)
core   0: 0x80007566 (0x03d52933) mulhsu  s2, a0, t4
core   0: 3 0x80007566 (0x03d52933) x18 0x1ffffffd
core   0: 0x8000756a (0x0000833d) c.srli  a4, 15
core   0: 3 0x8000756a (0x833d) x14 0x00000000
core   0: 0x8000756c (0x000014f9) c.addi  s1, -2
core   0: 3 0x8000756c (0x14f9) x9  0xfffffff3
core   0: 0x8000756e (0x01164833) xor     a6, a2, a7
core   0: 3 0x8000756e (0x01164833) x16 0xffff2ff1
core   0: 0x80007572 (0xff14dae3) bge     s1, a7, pc - 12
core   0: 3 0x80007572 (0xff14dae3)
core   0: 0x80007566 (0x03d52933) mulhsu  s2, a0, t4
core   0: 3 0x80007566 (0x03d52933) x18 0x1ffffffd
core   0: 0x8000756a (0x0000833d) c.srli  a4, 15
core   0: 3 0x8000756a (0x833d) x14 0x00000000
core   0: 0x8000756c (0x000014f9) c.addi  s1, -2
core   0: 3 0x8000756c (0x14f9) x9  0xfffffff1
core   0: 0x8000756e (0x01164833) xor     a6, a2, a7
core   0: 3 0x8000756e (0x01164833) x16 0xffff2ff1
core   0: 0x80007572 (0xff14dae3) bge     s1, a7, pc - 12
core   0: 3 0x80007572 (0xff14dae3)
core   0: 0x80007566 (0x03d52933) mulhsu  s2, a0, t4
core   0: 3 0x80007566 (0x03d52933) x18 0x1ffffffd
core   0: 0x8000756a (0x0000833d) c.srli  a4, 15
core   0: 3 0x8000756a (0x833d) x14 0x00000000
core   0: 0x8000756c (0x000014f9) c.addi  s1, -2
core   0: 3 0x8000756c (0x14f9) x9  0xffffffef
core   0: 0x8000756e (0x01164833) xor     a6, a2, a7
core   0: 3 0x8000756e (0x01164833) x16 0xffff2ff1
core   0: 0x80007572 (0xff14dae3) bge     s1, a7, pc - 12
core   0: 3 0x80007572 (0xff14dae3)
core   0: 0x80007576 (0x000089e1) c.andi  a1, 24
core   0: 3 0x80007576 (0x89e1) x11 0x00000000
core   0: 0x80007578 (0x62049837) lui     a6, 0x62049
core   0: 3 0x80007578 (0x62049837) x16 0x62049000
core   0: 0x8000757c (0x039a7db3) remu    s11, s4, s9
core   0: 3 0x8000757c (0x039a7db3) x27 0x8944f801
core   0: 0x80007580 (0x00000001) c.nop
core   0: 3 0x80007580 (0x0001)
core   0: 0x80007582 (0x86ac2593) slti    a1, s8, -1942
core   0: 3 0x80007582 (0x86ac2593) x11 0x00000001
core   0: 0x80007586 (0x00009e52) c.add   t3, s4
core   0: 3 0x80007586 (0x9e52) x28 0x0944f801
core   0: 0x80007588 (0x035d4033) div     zero, s10, s5
core   0: 3 0x80007588 (0x035d4033)
core   0: 0x8000758c (0xf8fa7737) lui     a4, 0xf8fa7
core   0: 3 0x8000758c (0xf8fa7737) x14 0xf8fa7000
core   0: 0x80007590 (0xfb72f6e3) bgeu    t0, s7, pc - 84
core   0: 3 0x80007590 (0xfb72f6e3)
core   0: 0x80007594 (0x0000836d) c.srli  a4, 27
core   0: 3 0x80007594 (0x836d) x14 0x0000001f
core   0: 0x80007596 (0x00005be5) c.li    s7, -7
core   0: 3 0x80007596 (0x5be5) x23 0xfffffff9
core   0: 0x80007598 (0x03a1cd33) div     s10, gp, s10
core   0: 3 0x80007598 (0x03a1cd33) x26 0xfffffffc
core   0: 0x8000759c (0x00005ebd) c.li    t4, -17
core   0: 3 0x8000759c (0x5ebd) x29 0xffffffef
core   0: 0x8000759e (0x01e833b3) sltu    t2, a6, t5
core   0: 3 0x8000759e (0x01e833b3) x7  0x00000000
core   0: 0x800075a2 (0x00102533) slt     a0, zero, ra
core   0: 3 0x800075a2 (0x00102533) x10 0x00000000
core   0: 0x800075a6 (0x00001bd9) c.addi  s7, -10
core   0: 3 0x800075a6 (0x1bd9) x23 0xffffffef
core   0: 0x800075a8 (0xafddc113) xori    sp, s11, -1283
core   0: 3 0x800075a8 (0xafddc113) x2  0x76bb02fc
core   0: 0x800075ac (0xffdb8be3) beq     s7, t4, pc - 10
core   0: 3 0x800075ac (0xffdb8be3)
core   0: 0x800075a2 (0x00102533) slt     a0, zero, ra
core   0: 3 0x800075a2 (0x00102533) x10 0x00000000
core   0: 0x800075a6 (0x00001bd9) c.addi  s7, -10
core   0: 3 0x800075a6 (0x1bd9) x23 0xffffffe5
core   0: 0x800075a8 (0xafddc113) xori    sp, s11, -1283
core   0: 3 0x800075a8 (0xafddc113) x2  0x76bb02fc
core   0: 0x800075ac (0xffdb8be3) beq     s7, t4, pc - 10
core   0: 3 0x800075ac (0xffdb8be3)
core   0: 0x800075b0 (0x00000001) c.nop
core   0: 3 0x800075b0 (0x0001)
core   0: 0x800075b2 (0x0000478d) c.li    a5, 3
core   0: 3 0x800075b2 (0x478d) x15 0x00000003
core   0: 0x800075b4 (0xe335a513) slti    a0, a1, -461
core   0: 3 0x800075b4 (0xe335a513) x10 0x00000000
core   0: 0x800075b8 (0x00000001) c.nop
core   0: 3 0x800075b8 (0x0001)
core   0: 0x800075ba (0x0349c0b3) div     ra, s3, s4
core   0: 3 0x800075ba (0x0349c0b3) x1  0x00000000
core   0: 0x800075be (0x75ce6593) ori     a1, t3, 1884
core   0: 3 0x800075be (0x75ce6593) x11 0x0944ff5d
core   0: 0x800075c2 (0x00ba3b33) sltu    s6, s4, a1
core   0: 3 0x800075c2 (0x00ba3b33) x22 0x00000000
core   0: 0x800075c6 (0x000017f5) c.addi  a5, -3
core   0: 3 0x800075c6 (0x17f5) x15 0x00000000
core   0: 0x800075c8 (0x00004589) c.li    a1, 2
core   0: 3 0x800075c8 (0x4589) x11 0x00000002
core   0: 0x800075ca (0x0000dbf5) c.beqz  a5, pc - 12
core   0: 3 0x800075ca (0xdbf5)
core   0: 0x800075be (0x75ce6593) ori     a1, t3, 1884
core   0: 3 0x800075be (0x75ce6593) x11 0x0944ff5d
core   0: 0x800075c2 (0x00ba3b33) sltu    s6, s4, a1
core   0: 3 0x800075c2 (0x00ba3b33) x22 0x00000000
core   0: 0x800075c6 (0x000017f5) c.addi  a5, -3
core   0: 3 0x800075c6 (0x17f5) x15 0xfffffffd
core   0: 0x800075c8 (0x00004589) c.li    a1, 2
core   0: 3 0x800075c8 (0x4589) x11 0x00000002
core   0: 0x800075ca (0x0000dbf5) c.beqz  a5, pc - 12
core   0: 3 0x800075ca (0xdbf5)
core   0: 0x800075cc (0xe1cf4317) auipc   t1, 0xe1cf4
core   0: 3 0x800075cc (0xe1cf4317) x6  0x61cfb5cc
core   0: 0x800075d0 (0x00005175) c.li    sp, -3
core   0: 3 0x800075d0 (0x5175) x2  0xfffffffd
core   0: 0x800075d2 (0x0000879d) c.srai  a5, 7
core   0: 3 0x800075d2 (0x879d) x15 0xffffffff
core   0: 0x800075d4 (0x00004815) c.li    a6, 5
core   0: 3 0x800075d4 (0x4815) x16 0x00000005
core   0: 0x800075d6 (0x69747a13) andi    s4, s0, 1687
core   0: 3 0x800075d6 (0x69747a13) x20 0x00000484
core   0: 0x800075da (0x41f200b3) sub     ra, tp, t6
core   0: 3 0x800075da (0x41f200b3) x1  0x00000000
core   0: 0x800075de (0x00000121) c.addi  sp, 8
core   0: 3 0x800075de (0x0121) x2  0x00000005
core   0: 0x800075e0 (0x006ee333) or      t1, t4, t1
core   0: 3 0x800075e0 (0x006ee333) x6  0xffffffef
core   0: 0x800075e4 (0xff0169e3) bltu    sp, a6, pc - 14
core   0: 3 0x800075e4 (0xff0169e3)
core   0: 0x800075e8 (0xf6fb0017) auipc   zero, 0xf6fb0
core   0: 3 0x800075e8 (0xf6fb0017)
core   0: 0x800075ec (0x000040a9) c.li    ra, 10
core   0: 3 0x800075ec (0x40a9) x1  0x0000000a
core   0: 0x800075ee (0x000088e5) c.andi  s1, 25
core   0: 3 0x800075ee (0x88e5) x9  0x00000009
core   0: 0x800075f0 (0xe78bbd13) sltiu   s10, s7, -392
core   0: 3 0x800075f0 (0xe78bbd13) x26 0x00000000
core   0: 0x800075f4 (0x03335633) divu    a2, t1, s3
core   0: 3 0x800075f4 (0x03335633) x12 0x00000000
core   0: 0x800075f8 (0x00004545) c.li    a0, 17
core   0: 3 0x800075f8 (0x4545) x10 0x00000011
core   0: 0x800075fa (0x00008611) c.srai  a2, 4
core   0: 3 0x800075fa (0x8611) x12 0x00000000
core   0: 0x800075fc (0xdb59b997) auipc   s3, 0xdb59b
core   0: 3 0x800075fc (0xdb59b997) x19 0x5b5a25fc
core   0: 0x80007600 (0x402bd333) sra     t1, s7, sp
core   0: 3 0x80007600 (0x402bd333) x6  0xffffffff
core   0: 0x80007604 (0x00000089) c.addi  ra, 2
core   0: 3 0x80007604 (0x0089) x1  0x0000000c
core   0: 0x80007606 (0x00391333) sll     t1, s2, gp
core   0: 3 0x80007606 (0x00391333) x6  0x1ffffffd
core   0: 0x8000760a (0x00008e2d) c.xor   a2, a1
core   0: 3 0x8000760a (0x8e2d) x12 0x00000002
core   0: 0x8000760c (0x00001efd) c.addi  t4, -1
core   0: 3 0x8000760c (0x1efd) x29 0xffffffee
core   0: 0x8000760e (0x000055ed) c.li    a1, -5
core   0: 3 0x8000760e (0x55ed) x11 0xfffffffb
core   0: 0x80007610 (0x00000001) c.nop
core   0: 3 0x80007610 (0x0001)
core   0: 0x80007612 (0x010e5913) srli    s2, t3, 16
core   0: 3 0x80007612 (0x010e5913) x18 0x00000944
core   0: 0x80007616 (0x0037afb3) slt     t6, a5, gp
core   0: 3 0x80007616 (0x0037afb3) x31 0x00000000
core   0: 0x8000761a (0x00000595) c.addi  a1, 5
core   0: 3 0x8000761a (0x0595) x11 0x00000000
core   0: 0x8000761c (0x00004f5d) c.li    t5, 23
core   0: 3 0x8000761c (0x4f5d) x30 0x00000017
core   0: 0x8000761e (0x0000fde5) c.bnez  a1, pc - 8
core   0: 3 0x8000761e (0xfde5)
core   0: 0x80007620 (0x03828f33) mul     t5, t0, s8
core   0: 3 0x80007620 (0x03828f33) x30 0xe5d2d58a
core   0: 0x80007624 (0x000067bd) c.lui   a5, 0xf
core   0: 3 0x80007624 (0x67bd) x15 0x0000f000
core   0: 0x80007626 (0x0065fa33) and     s4, a1, t1
core   0: 3 0x80007626 (0x0065fa33) x20 0x00000000
core   0: 0x8000762a (0xfca0e9e3) bltu    ra, a0, pc - 46
core   0: 3 0x8000762a (0xfca0e9e3)
core   0: 0x800075fc (0xdb59b997) auipc   s3, 0xdb59b
core   0: 3 0x800075fc (0xdb59b997) x19 0x5b5a25fc
core   0: 0x80007600 (0x402bd333) sra     t1, s7, sp
core   0: 3 0x80007600 (0x402bd333) x6  0xffffffff
core   0: 0x80007604 (0x00000089) c.addi  ra, 2
core   0: 3 0x80007604 (0x0089) x1  0x0000000e
core   0: 0x80007606 (0x00391333) sll     t1, s2, gp
core   0: 3 0x80007606 (0x00391333) x6  0x00000944
core   0: 0x8000760a (0x00008e2d) c.xor   a2, a1
core   0: 3 0x8000760a (0x8e2d) x12 0x00000002
core   0: 0x8000760c (0x00001efd) c.addi  t4, -1
core   0: 3 0x8000760c (0x1efd) x29 0xffffffed
core   0: 0x8000760e (0x000055ed) c.li    a1, -5
core   0: 3 0x8000760e (0x55ed) x11 0xfffffffb
core   0: 0x80007610 (0x00000001) c.nop
core   0: 3 0x80007610 (0x0001)
core   0: 0x80007612 (0x010e5913) srli    s2, t3, 16
core   0: 3 0x80007612 (0x010e5913) x18 0x00000944
core   0: 0x80007616 (0x0037afb3) slt     t6, a5, gp
core   0: 3 0x80007616 (0x0037afb3) x31 0x00000000
core   0: 0x8000761a (0x00000595) c.addi  a1, 5
core   0: 3 0x8000761a (0x0595) x11 0x00000000
core   0: 0x8000761c (0x00004f5d) c.li    t5, 23
core   0: 3 0x8000761c (0x4f5d) x30 0x00000017
core   0: 0x8000761e (0x0000fde5) c.bnez  a1, pc - 8
core   0: 3 0x8000761e (0xfde5)
core   0: 0x80007620 (0x03828f33) mul     t5, t0, s8
core   0: 3 0x80007620 (0x03828f33) x30 0xe5d2d58a
core   0: 0x80007624 (0x000067bd) c.lui   a5, 0xf
core   0: 3 0x80007624 (0x67bd) x15 0x0000f000
core   0: 0x80007626 (0x0065fa33) and     s4, a1, t1
core   0: 3 0x80007626 (0x0065fa33) x20 0x00000000
core   0: 0x8000762a (0xfca0e9e3) bltu    ra, a0, pc - 46
core   0: 3 0x8000762a (0xfca0e9e3)
core   0: 0x800075fc (0xdb59b997) auipc   s3, 0xdb59b
core   0: 3 0x800075fc (0xdb59b997) x19 0x5b5a25fc
core   0: 0x80007600 (0x402bd333) sra     t1, s7, sp
core   0: 3 0x80007600 (0x402bd333) x6  0xffffffff
core   0: 0x80007604 (0x00000089) c.addi  ra, 2
core   0: 3 0x80007604 (0x0089) x1  0x00000010
core   0: 0x80007606 (0x00391333) sll     t1, s2, gp
core   0: 3 0x80007606 (0x00391333) x6  0x00000944
core   0: 0x8000760a (0x00008e2d) c.xor   a2, a1
core   0: 3 0x8000760a (0x8e2d) x12 0x00000002
core   0: 0x8000760c (0x00001efd) c.addi  t4, -1
core   0: 3 0x8000760c (0x1efd) x29 0xffffffec
core   0: 0x8000760e (0x000055ed) c.li    a1, -5
core   0: 3 0x8000760e (0x55ed) x11 0xfffffffb
core   0: 0x80007610 (0x00000001) c.nop
core   0: 3 0x80007610 (0x0001)
core   0: 0x80007612 (0x010e5913) srli    s2, t3, 16
core   0: 3 0x80007612 (0x010e5913) x18 0x00000944
core   0: 0x80007616 (0x0037afb3) slt     t6, a5, gp
core   0: 3 0x80007616 (0x0037afb3) x31 0x00000000
core   0: 0x8000761a (0x00000595) c.addi  a1, 5
core   0: 3 0x8000761a (0x0595) x11 0x00000000
core   0: 0x8000761c (0x00004f5d) c.li    t5, 23
core   0: 3 0x8000761c (0x4f5d) x30 0x00000017
core   0: 0x8000761e (0x0000fde5) c.bnez  a1, pc - 8
core   0: 3 0x8000761e (0xfde5)
core   0: 0x80007620 (0x03828f33) mul     t5, t0, s8
core   0: 3 0x80007620 (0x03828f33) x30 0xe5d2d58a
core   0: 0x80007624 (0x000067bd) c.lui   a5, 0xf
core   0: 3 0x80007624 (0x67bd) x15 0x0000f000
core   0: 0x80007626 (0x0065fa33) and     s4, a1, t1
core   0: 3 0x80007626 (0x0065fa33) x20 0x00000000
core   0: 0x8000762a (0xfca0e9e3) bltu    ra, a0, pc - 46
core   0: 3 0x8000762a (0xfca0e9e3)
core   0: 0x800075fc (0xdb59b997) auipc   s3, 0xdb59b
core   0: 3 0x800075fc (0xdb59b997) x19 0x5b5a25fc
core   0: 0x80007600 (0x402bd333) sra     t1, s7, sp
core   0: 3 0x80007600 (0x402bd333) x6  0xffffffff
core   0: 0x80007604 (0x00000089) c.addi  ra, 2
core   0: 3 0x80007604 (0x0089) x1  0x00000012
core   0: 0x80007606 (0x00391333) sll     t1, s2, gp
core   0: 3 0x80007606 (0x00391333) x6  0x00000944
core   0: 0x8000760a (0x00008e2d) c.xor   a2, a1
core   0: 3 0x8000760a (0x8e2d) x12 0x00000002
core   0: 0x8000760c (0x00001efd) c.addi  t4, -1
core   0: 3 0x8000760c (0x1efd) x29 0xffffffeb
core   0: 0x8000760e (0x000055ed) c.li    a1, -5
core   0: 3 0x8000760e (0x55ed) x11 0xfffffffb
core   0: 0x80007610 (0x00000001) c.nop
core   0: 3 0x80007610 (0x0001)
core   0: 0x80007612 (0x010e5913) srli    s2, t3, 16
core   0: 3 0x80007612 (0x010e5913) x18 0x00000944
core   0: 0x80007616 (0x0037afb3) slt     t6, a5, gp
core   0: 3 0x80007616 (0x0037afb3) x31 0x00000000
core   0: 0x8000761a (0x00000595) c.addi  a1, 5
core   0: 3 0x8000761a (0x0595) x11 0x00000000
core   0: 0x8000761c (0x00004f5d) c.li    t5, 23
core   0: 3 0x8000761c (0x4f5d) x30 0x00000017
core   0: 0x8000761e (0x0000fde5) c.bnez  a1, pc - 8
core   0: 3 0x8000761e (0xfde5)
core   0: 0x80007620 (0x03828f33) mul     t5, t0, s8
core   0: 3 0x80007620 (0x03828f33) x30 0xe5d2d58a
core   0: 0x80007624 (0x000067bd) c.lui   a5, 0xf
core   0: 3 0x80007624 (0x67bd) x15 0x0000f000
core   0: 0x80007626 (0x0065fa33) and     s4, a1, t1
core   0: 3 0x80007626 (0x0065fa33) x20 0x00000000
core   0: 0x8000762a (0xfca0e9e3) bltu    ra, a0, pc - 46
core   0: 3 0x8000762a (0xfca0e9e3)
core   0: 0x8000762e (0x000094aa) c.add   s1, a0
core   0: 3 0x8000762e (0x94aa) x9  0x0000001a
core   0: 0x80007630 (0x000057e1) c.li    a5, -8
core   0: 3 0x80007630 (0x57e1) x15 0xfffffff8
core   0: 0x80007632 (0x000014fd) c.addi  s1, -1
core   0: 3 0x80007632 (0x14fd) x9  0x00000019
core   0: 0x80007634 (0x00000001) c.nop
core   0: 3 0x80007634 (0x0001)
core   0: 0x80007636 (0x030bd4b3) divu    s1, s7, a6
core   0: 3 0x80007636 (0x030bd4b3) x9  0x3333332d
core   0: 0x8000763a (0x00b2a0b3) slt     ra, t0, a1
core   0: 3 0x8000763a (0x00b2a0b3) x1  0x00000000
core   0: 0x8000763e (0x9096a113) slti    sp, a3, -1783
core   0: 3 0x8000763e (0x9096a113) x2  0x00000001
core   0: 0x80007642 (0x00000785) c.addi  a5, 1
core   0: 3 0x80007642 (0x0785) x15 0xfffffff9
core   0: 0x80007644 (0xf6f89397) auipc   t2, 0xf6f89
core   0: 3 0x80007644 (0xf6f89397) x7  0x76f90644
core   0: 0x80007648 (0xc4196d37) lui     s10, 0xc4196
core   0: 3 0x80007648 (0xc4196d37) x26 0xc4196000
core   0: 0x8000764c (0x00004825) c.li    a6, 9
core   0: 3 0x8000764c (0x4825) x16 0x00000009
core   0: 0x8000764e (0xf6fa6a13) ori     s4, s4, -145
core   0: 3 0x8000764e (0xf6fa6a13) x20 0xffffff6f
core   0: 0x80007652 (0x0000f3f5) c.bnez  a5, pc - 28
core   0: 3 0x80007652 (0xf3f5)
core   0: 0x80007636 (0x030bd4b3) divu    s1, s7, a6
core   0: 3 0x80007636 (0x030bd4b3) x9  0x1c71c719
core   0: 0x8000763a (0x00b2a0b3) slt     ra, t0, a1
core   0: 3 0x8000763a (0x00b2a0b3) x1  0x00000000
core   0: 0x8000763e (0x9096a113) slti    sp, a3, -1783
core   0: 3 0x8000763e (0x9096a113) x2  0x00000001
core   0: 0x80007642 (0x00000785) c.addi  a5, 1
core   0: 3 0x80007642 (0x0785) x15 0xfffffffa
core   0: 0x80007644 (0xf6f89397) auipc   t2, 0xf6f89
core   0: 3 0x80007644 (0xf6f89397) x7  0x76f90644
core   0: 0x80007648 (0xc4196d37) lui     s10, 0xc4196
core   0: 3 0x80007648 (0xc4196d37) x26 0xc4196000
core   0: 0x8000764c (0x00004825) c.li    a6, 9
core   0: 3 0x8000764c (0x4825) x16 0x00000009
core   0: 0x8000764e (0xf6fa6a13) ori     s4, s4, -145
core   0: 3 0x8000764e (0xf6fa6a13) x20 0xffffff6f
core   0: 0x80007652 (0x0000f3f5) c.bnez  a5, pc - 28
core   0: 3 0x80007652 (0xf3f5)
core   0: 0x80007636 (0x030bd4b3) divu    s1, s7, a6
core   0: 3 0x80007636 (0x030bd4b3) x9  0x1c71c719
core   0: 0x8000763a (0x00b2a0b3) slt     ra, t0, a1
core   0: 3 0x8000763a (0x00b2a0b3) x1  0x00000000
core   0: 0x8000763e (0x9096a113) slti    sp, a3, -1783
core   0: 3 0x8000763e (0x9096a113) x2  0x00000001
core   0: 0x80007642 (0x00000785) c.addi  a5, 1
core   0: 3 0x80007642 (0x0785) x15 0xfffffffb
core   0: 0x80007644 (0xf6f89397) auipc   t2, 0xf6f89
core   0: 3 0x80007644 (0xf6f89397) x7  0x76f90644
core   0: 0x80007648 (0xc4196d37) lui     s10, 0xc4196
core   0: 3 0x80007648 (0xc4196d37) x26 0xc4196000
core   0: 0x8000764c (0x00004825) c.li    a6, 9
core   0: 3 0x8000764c (0x4825) x16 0x00000009
core   0: 0x8000764e (0xf6fa6a13) ori     s4, s4, -145
core   0: 3 0x8000764e (0xf6fa6a13) x20 0xffffff6f
core   0: 0x80007652 (0x0000f3f5) c.bnez  a5, pc - 28
core   0: 3 0x80007652 (0xf3f5)
core   0: 0x80007636 (0x030bd4b3) divu    s1, s7, a6
core   0: 3 0x80007636 (0x030bd4b3) x9  0x1c71c719
core   0: 0x8000763a (0x00b2a0b3) slt     ra, t0, a1
core   0: 3 0x8000763a (0x00b2a0b3) x1  0x00000000
core   0: 0x8000763e (0x9096a113) slti    sp, a3, -1783
core   0: 3 0x8000763e (0x9096a113) x2  0x00000001
core   0: 0x80007642 (0x00000785) c.addi  a5, 1
core   0: 3 0x80007642 (0x0785) x15 0xfffffffc
core   0: 0x80007644 (0xf6f89397) auipc   t2, 0xf6f89
core   0: 3 0x80007644 (0xf6f89397) x7  0x76f90644
core   0: 0x80007648 (0xc4196d37) lui     s10, 0xc4196
core   0: 3 0x80007648 (0xc4196d37) x26 0xc4196000
core   0: 0x8000764c (0x00004825) c.li    a6, 9
core   0: 3 0x8000764c (0x4825) x16 0x00000009
core   0: 0x8000764e (0xf6fa6a13) ori     s4, s4, -145
core   0: 3 0x8000764e (0xf6fa6a13) x20 0xffffff6f
core   0: 0x80007652 (0x0000f3f5) c.bnez  a5, pc - 28
core   0: 3 0x80007652 (0xf3f5)
core   0: 0x80007636 (0x030bd4b3) divu    s1, s7, a6
core   0: 3 0x80007636 (0x030bd4b3) x9  0x1c71c719
core   0: 0x8000763a (0x00b2a0b3) slt     ra, t0, a1
core   0: 3 0x8000763a (0x00b2a0b3) x1  0x00000000
core   0: 0x8000763e (0x9096a113) slti    sp, a3, -1783
core   0: 3 0x8000763e (0x9096a113) x2  0x00000001
core   0: 0x80007642 (0x00000785) c.addi  a5, 1
core   0: 3 0x80007642 (0x0785) x15 0xfffffffd
core   0: 0x80007644 (0xf6f89397) auipc   t2, 0xf6f89
core   0: 3 0x80007644 (0xf6f89397) x7  0x76f90644
core   0: 0x80007648 (0xc4196d37) lui     s10, 0xc4196
core   0: 3 0x80007648 (0xc4196d37) x26 0xc4196000
core   0: 0x8000764c (0x00004825) c.li    a6, 9
core   0: 3 0x8000764c (0x4825) x16 0x00000009
core   0: 0x8000764e (0xf6fa6a13) ori     s4, s4, -145
core   0: 3 0x8000764e (0xf6fa6a13) x20 0xffffff6f
core   0: 0x80007652 (0x0000f3f5) c.bnez  a5, pc - 28
core   0: 3 0x80007652 (0xf3f5)
core   0: 0x80007636 (0x030bd4b3) divu    s1, s7, a6
core   0: 3 0x80007636 (0x030bd4b3) x9  0x1c71c719
core   0: 0x8000763a (0x00b2a0b3) slt     ra, t0, a1
core   0: 3 0x8000763a (0x00b2a0b3) x1  0x00000000
core   0: 0x8000763e (0x9096a113) slti    sp, a3, -1783
core   0: 3 0x8000763e (0x9096a113) x2  0x00000001
core   0: 0x80007642 (0x00000785) c.addi  a5, 1
core   0: 3 0x80007642 (0x0785) x15 0xfffffffe
core   0: 0x80007644 (0xf6f89397) auipc   t2, 0xf6f89
core   0: 3 0x80007644 (0xf6f89397) x7  0x76f90644
core   0: 0x80007648 (0xc4196d37) lui     s10, 0xc4196
core   0: 3 0x80007648 (0xc4196d37) x26 0xc4196000
core   0: 0x8000764c (0x00004825) c.li    a6, 9
core   0: 3 0x8000764c (0x4825) x16 0x00000009
core   0: 0x8000764e (0xf6fa6a13) ori     s4, s4, -145
core   0: 3 0x8000764e (0xf6fa6a13) x20 0xffffff6f
core   0: 0x80007652 (0x0000f3f5) c.bnez  a5, pc - 28
core   0: 3 0x80007652 (0xf3f5)
core   0: 0x80007636 (0x030bd4b3) divu    s1, s7, a6
core   0: 3 0x80007636 (0x030bd4b3) x9  0x1c71c719
core   0: 0x8000763a (0x00b2a0b3) slt     ra, t0, a1
core   0: 3 0x8000763a (0x00b2a0b3) x1  0x00000000
core   0: 0x8000763e (0x9096a113) slti    sp, a3, -1783
core   0: 3 0x8000763e (0x9096a113) x2  0x00000001
core   0: 0x80007642 (0x00000785) c.addi  a5, 1
core   0: 3 0x80007642 (0x0785) x15 0xffffffff
core   0: 0x80007644 (0xf6f89397) auipc   t2, 0xf6f89
core   0: 3 0x80007644 (0xf6f89397) x7  0x76f90644
core   0: 0x80007648 (0xc4196d37) lui     s10, 0xc4196
core   0: 3 0x80007648 (0xc4196d37) x26 0xc4196000
core   0: 0x8000764c (0x00004825) c.li    a6, 9
core   0: 3 0x8000764c (0x4825) x16 0x00000009
core   0: 0x8000764e (0xf6fa6a13) ori     s4, s4, -145
core   0: 3 0x8000764e (0xf6fa6a13) x20 0xffffff6f
core   0: 0x80007652 (0x0000f3f5) c.bnez  a5, pc - 28
core   0: 3 0x80007652 (0xf3f5)
core   0: 0x80007636 (0x030bd4b3) divu    s1, s7, a6
core   0: 3 0x80007636 (0x030bd4b3) x9  0x1c71c719
core   0: 0x8000763a (0x00b2a0b3) slt     ra, t0, a1
core   0: 3 0x8000763a (0x00b2a0b3) x1  0x00000000
core   0: 0x8000763e (0x9096a113) slti    sp, a3, -1783
core   0: 3 0x8000763e (0x9096a113) x2  0x00000001
core   0: 0x80007642 (0x00000785) c.addi  a5, 1
core   0: 3 0x80007642 (0x0785) x15 0x00000000
core   0: 0x80007644 (0xf6f89397) auipc   t2, 0xf6f89
core   0: 3 0x80007644 (0xf6f89397) x7  0x76f90644
core   0: 0x80007648 (0xc4196d37) lui     s10, 0xc4196
core   0: 3 0x80007648 (0xc4196d37) x26 0xc4196000
core   0: 0x8000764c (0x00004825) c.li    a6, 9
core   0: 3 0x8000764c (0x4825) x16 0x00000009
core   0: 0x8000764e (0xf6fa6a13) ori     s4, s4, -145
core   0: 3 0x8000764e (0xf6fa6a13) x20 0xffffff6f
core   0: 0x80007652 (0x0000f3f5) c.bnez  a5, pc - 28
core   0: 3 0x80007652 (0xf3f5)
core   0: 0x80007654 (0x03db58b3) divu    a7, s6, t4
core   0: 3 0x80007654 (0x03db58b3) x17 0x00000000
core   0: 0x80007658 (0x000055f1) c.li    a1, -4
core   0: 3 0x80007658 (0x55f1) x11 0xfffffffc
core   0: 0x8000765a (0x010de233) or      tp, s11, a6
core   0: 3 0x8000765a (0x010de233) x4  0x8944f809
core   0: 0x8000765e (0x008191b3) sll     gp, gp, s0
core   0: 3 0x8000765e (0x008191b3) x3  0x96de0000
core   0: 0x80007662 (0x00000001) c.nop
core   0: 3 0x80007662 (0x0001)
core   0: 0x80007664 (0x00000001) c.nop
core   0: 3 0x80007664 (0x0001)
core   0: 0x80007666 (0x00f73233) sltu    tp, a4, a5
core   0: 3 0x80007666 (0x00f73233) x4  0x00000000
core   0: 0x8000766a (0x00000585) c.addi  a1, 1
core   0: 3 0x8000766a (0x0585) x11 0xfffffffd
core   0: 0x8000766c (0x00004719) c.li    a4, 6
core   0: 3 0x8000766c (0x4719) x14 0x00000006
core   0: 0x8000766e (0x00004e89) c.li    t4, 2
core   0: 3 0x8000766e (0x4e89) x29 0x00000002
core   0: 0x80007670 (0x7a996513) ori     a0, s2, 1961
core   0: 3 0x80007670 (0x7a996513) x10 0x00000fed
core   0: 0x80007674 (0x00a328b3) slt     a7, t1, a0
core   0: 3 0x80007674 (0x00a328b3) x17 0x00000001
core   0: 0x80007678 (0x02c01d33) mulh    s10, zero, a2
core   0: 3 0x80007678 (0x02c01d33) x26 0x00000000
core   0: 0x8000767c (0x00001771) c.addi  a4, -4
core   0: 3 0x8000767c (0x1771) x14 0x00000002
core   0: 0x8000767e (0x00008cd1) c.or    s1, a2
core   0: 3 0x8000767e (0x8cd1) x9  0x1c71c71b
core   0: 0x80007680 (0xffd708e3) beq     a4, t4, pc - 16
core   0: 3 0x80007680 (0xffd708e3)
core   0: 0x80007670 (0x7a996513) ori     a0, s2, 1961
core   0: 3 0x80007670 (0x7a996513) x10 0x00000fed
core   0: 0x80007674 (0x00a328b3) slt     a7, t1, a0
core   0: 3 0x80007674 (0x00a328b3) x17 0x00000001
core   0: 0x80007678 (0x02c01d33) mulh    s10, zero, a2
core   0: 3 0x80007678 (0x02c01d33) x26 0x00000000
core   0: 0x8000767c (0x00001771) c.addi  a4, -4
core   0: 3 0x8000767c (0x1771) x14 0xfffffffe
core   0: 0x8000767e (0x00008cd1) c.or    s1, a2
core   0: 3 0x8000767e (0x8cd1) x9  0x1c71c71b
core   0: 0x80007680 (0xffd708e3) beq     a4, t4, pc - 16
core   0: 3 0x80007680 (0xffd708e3)
core   0: 0x80007684 (0x03b1b7b3) mulhu   a5, gp, s11
core   0: 3 0x80007684 (0x03b1b7b3) x15 0x50e5731f
core   0: 0x80007688 (0x00008f8d) c.sub   a5, a1
core   0: 3 0x80007688 (0x8f8d) x15 0x50e57322
core   0: 0x8000768a (0x00000e1d) c.addi  t3, 7
core   0: 3 0x8000768a (0x0e1d) x28 0x0944f808
core   0: 0x8000768c (0x41ae5f13) srai    t5, t3, 26
core   0: 3 0x8000768c (0x41ae5f13) x30 0x00000002
core   0: 0x80007690 (0x000054fd) c.li    s1, -1
core   0: 3 0x80007690 (0x54fd) x9  0xffffffff
core   0: 0x80007692 (0x0000f9e9) c.bnez  a1, pc - 46
core   0: 3 0x80007692 (0xf9e9)
core   0: 0x80007664 (0x00000001) c.nop
core   0: 3 0x80007664 (0x0001)
core   0: 0x80007666 (0x00f73233) sltu    tp, a4, a5
core   0: 3 0x80007666 (0x00f73233) x4  0x00000000
core   0: 0x8000766a (0x00000585) c.addi  a1, 1
core   0: 3 0x8000766a (0x0585) x11 0xfffffffe
core   0: 0x8000766c (0x00004719) c.li    a4, 6
core   0: 3 0x8000766c (0x4719) x14 0x00000006
core   0: 0x8000766e (0x00004e89) c.li    t4, 2
core   0: 3 0x8000766e (0x4e89) x29 0x00000002
core   0: 0x80007670 (0x7a996513) ori     a0, s2, 1961
core   0: 3 0x80007670 (0x7a996513) x10 0x00000fed
core   0: 0x80007674 (0x00a328b3) slt     a7, t1, a0
core   0: 3 0x80007674 (0x00a328b3) x17 0x00000001
core   0: 0x80007678 (0x02c01d33) mulh    s10, zero, a2
core   0: 3 0x80007678 (0x02c01d33) x26 0x00000000
core   0: 0x8000767c (0x00001771) c.addi  a4, -4
core   0: 3 0x8000767c (0x1771) x14 0x00000002
core   0: 0x8000767e (0x00008cd1) c.or    s1, a2
core   0: 3 0x8000767e (0x8cd1) x9  0xffffffff
core   0: 0x80007680 (0xffd708e3) beq     a4, t4, pc - 16
core   0: 3 0x80007680 (0xffd708e3)
core   0: 0x80007670 (0x7a996513) ori     a0, s2, 1961
core   0: 3 0x80007670 (0x7a996513) x10 0x00000fed
core   0: 0x80007674 (0x00a328b3) slt     a7, t1, a0
core   0: 3 0x80007674 (0x00a328b3) x17 0x00000001
core   0: 0x80007678 (0x02c01d33) mulh    s10, zero, a2
core   0: 3 0x80007678 (0x02c01d33) x26 0x00000000
core   0: 0x8000767c (0x00001771) c.addi  a4, -4
core   0: 3 0x8000767c (0x1771) x14 0xfffffffe
core   0: 0x8000767e (0x00008cd1) c.or    s1, a2
core   0: 3 0x8000767e (0x8cd1) x9  0xffffffff
core   0: 0x80007680 (0xffd708e3) beq     a4, t4, pc - 16
core   0: 3 0x80007680 (0xffd708e3)
core   0: 0x80007684 (0x03b1b7b3) mulhu   a5, gp, s11
core   0: 3 0x80007684 (0x03b1b7b3) x15 0x50e5731f
core   0: 0x80007688 (0x00008f8d) c.sub   a5, a1
core   0: 3 0x80007688 (0x8f8d) x15 0x50e57321
core   0: 0x8000768a (0x00000e1d) c.addi  t3, 7
core   0: 3 0x8000768a (0x0e1d) x28 0x0944f80f
core   0: 0x8000768c (0x41ae5f13) srai    t5, t3, 26
core   0: 3 0x8000768c (0x41ae5f13) x30 0x00000002
core   0: 0x80007690 (0x000054fd) c.li    s1, -1
core   0: 3 0x80007690 (0x54fd) x9  0xffffffff
core   0: 0x80007692 (0x0000f9e9) c.bnez  a1, pc - 46
core   0: 3 0x80007692 (0xf9e9)
core   0: 0x80007664 (0x00000001) c.nop
core   0: 3 0x80007664 (0x0001)
core   0: 0x80007666 (0x00f73233) sltu    tp, a4, a5
core   0: 3 0x80007666 (0x00f73233) x4  0x00000000
core   0: 0x8000766a (0x00000585) c.addi  a1, 1
core   0: 3 0x8000766a (0x0585) x11 0xffffffff
core   0: 0x8000766c (0x00004719) c.li    a4, 6
core   0: 3 0x8000766c (0x4719) x14 0x00000006
core   0: 0x8000766e (0x00004e89) c.li    t4, 2
core   0: 3 0x8000766e (0x4e89) x29 0x00000002
core   0: 0x80007670 (0x7a996513) ori     a0, s2, 1961
core   0: 3 0x80007670 (0x7a996513) x10 0x00000fed
core   0: 0x80007674 (0x00a328b3) slt     a7, t1, a0
core   0: 3 0x80007674 (0x00a328b3) x17 0x00000001
core   0: 0x80007678 (0x02c01d33) mulh    s10, zero, a2
core   0: 3 0x80007678 (0x02c01d33) x26 0x00000000
core   0: 0x8000767c (0x00001771) c.addi  a4, -4
core   0: 3 0x8000767c (0x1771) x14 0x00000002
core   0: 0x8000767e (0x00008cd1) c.or    s1, a2
core   0: 3 0x8000767e (0x8cd1) x9  0xffffffff
core   0: 0x80007680 (0xffd708e3) beq     a4, t4, pc - 16
core   0: 3 0x80007680 (0xffd708e3)
core   0: 0x80007670 (0x7a996513) ori     a0, s2, 1961
core   0: 3 0x80007670 (0x7a996513) x10 0x00000fed
core   0: 0x80007674 (0x00a328b3) slt     a7, t1, a0
core   0: 3 0x80007674 (0x00a328b3) x17 0x00000001
core   0: 0x80007678 (0x02c01d33) mulh    s10, zero, a2
core   0: 3 0x80007678 (0x02c01d33) x26 0x00000000
core   0: 0x8000767c (0x00001771) c.addi  a4, -4
core   0: 3 0x8000767c (0x1771) x14 0xfffffffe
core   0: 0x8000767e (0x00008cd1) c.or    s1, a2
core   0: 3 0x8000767e (0x8cd1) x9  0xffffffff
core   0: 0x80007680 (0xffd708e3) beq     a4, t4, pc - 16
core   0: 3 0x80007680 (0xffd708e3)
core   0: 0x80007684 (0x03b1b7b3) mulhu   a5, gp, s11
core   0: 3 0x80007684 (0x03b1b7b3) x15 0x50e5731f
core   0: 0x80007688 (0x00008f8d) c.sub   a5, a1
core   0: 3 0x80007688 (0x8f8d) x15 0x50e57320
core   0: 0x8000768a (0x00000e1d) c.addi  t3, 7
core   0: 3 0x8000768a (0x0e1d) x28 0x0944f816
core   0: 0x8000768c (0x41ae5f13) srai    t5, t3, 26
core   0: 3 0x8000768c (0x41ae5f13) x30 0x00000002
core   0: 0x80007690 (0x000054fd) c.li    s1, -1
core   0: 3 0x80007690 (0x54fd) x9  0xffffffff
core   0: 0x80007692 (0x0000f9e9) c.bnez  a1, pc - 46
core   0: 3 0x80007692 (0xf9e9)
core   0: 0x80007664 (0x00000001) c.nop
core   0: 3 0x80007664 (0x0001)
core   0: 0x80007666 (0x00f73233) sltu    tp, a4, a5
core   0: 3 0x80007666 (0x00f73233) x4  0x00000000
core   0: 0x8000766a (0x00000585) c.addi  a1, 1
core   0: 3 0x8000766a (0x0585) x11 0x00000000
core   0: 0x8000766c (0x00004719) c.li    a4, 6
core   0: 3 0x8000766c (0x4719) x14 0x00000006
core   0: 0x8000766e (0x00004e89) c.li    t4, 2
core   0: 3 0x8000766e (0x4e89) x29 0x00000002
core   0: 0x80007670 (0x7a996513) ori     a0, s2, 1961
core   0: 3 0x80007670 (0x7a996513) x10 0x00000fed
core   0: 0x80007674 (0x00a328b3) slt     a7, t1, a0
core   0: 3 0x80007674 (0x00a328b3) x17 0x00000001
core   0: 0x80007678 (0x02c01d33) mulh    s10, zero, a2
core   0: 3 0x80007678 (0x02c01d33) x26 0x00000000
core   0: 0x8000767c (0x00001771) c.addi  a4, -4
core   0: 3 0x8000767c (0x1771) x14 0x00000002
core   0: 0x8000767e (0x00008cd1) c.or    s1, a2
core   0: 3 0x8000767e (0x8cd1) x9  0xffffffff
core   0: 0x80007680 (0xffd708e3) beq     a4, t4, pc - 16
core   0: 3 0x80007680 (0xffd708e3)
core   0: 0x80007670 (0x7a996513) ori     a0, s2, 1961
core   0: 3 0x80007670 (0x7a996513) x10 0x00000fed
core   0: 0x80007674 (0x00a328b3) slt     a7, t1, a0
core   0: 3 0x80007674 (0x00a328b3) x17 0x00000001
core   0: 0x80007678 (0x02c01d33) mulh    s10, zero, a2
core   0: 3 0x80007678 (0x02c01d33) x26 0x00000000
core   0: 0x8000767c (0x00001771) c.addi  a4, -4
core   0: 3 0x8000767c (0x1771) x14 0xfffffffe
core   0: 0x8000767e (0x00008cd1) c.or    s1, a2
core   0: 3 0x8000767e (0x8cd1) x9  0xffffffff
core   0: 0x80007680 (0xffd708e3) beq     a4, t4, pc - 16
core   0: 3 0x80007680 (0xffd708e3)
core   0: 0x80007684 (0x03b1b7b3) mulhu   a5, gp, s11
core   0: 3 0x80007684 (0x03b1b7b3) x15 0x50e5731f
core   0: 0x80007688 (0x00008f8d) c.sub   a5, a1
core   0: 3 0x80007688 (0x8f8d) x15 0x50e5731f
core   0: 0x8000768a (0x00000e1d) c.addi  t3, 7
core   0: 3 0x8000768a (0x0e1d) x28 0x0944f81d
core   0: 0x8000768c (0x41ae5f13) srai    t5, t3, 26
core   0: 3 0x8000768c (0x41ae5f13) x30 0x00000002
core   0: 0x80007690 (0x000054fd) c.li    s1, -1
core   0: 3 0x80007690 (0x54fd) x9  0xffffffff
core   0: 0x80007692 (0x0000f9e9) c.bnez  a1, pc - 46
core   0: 3 0x80007692 (0xf9e9)
core   0: 0x80007694 (0x01621293) slli    t0, tp, 22
core   0: 3 0x80007694 (0x01621293) x5  0x00000000
core   0: 0x80007698 (0x000058fd) c.li    a7, -1
core   0: 3 0x80007698 (0x58fd) x17 0xffffffff
core   0: 0x8000769a (0x000088a9) c.andi  s1, 10
core   0: 3 0x8000769a (0x88a9) x9  0x0000000a
core   0: 0x8000769c (0x798ad737) lui     a4, 0x798ad
core   0: 3 0x8000769c (0x798ad737) x14 0x798ad000
core   0: 0x800076a0 (0xeb8ee293) ori     t0, t4, -328
core   0: 3 0x800076a0 (0xeb8ee293) x5  0xfffffeba
core   0: 0x800076a4 (0x00b2df93) srli    t6, t0, 11
core   0: 3 0x800076a4 (0x00b2df93) x31 0x001fffff
core   0: 0x800076a8 (0x7a351617) auipc   a2, 0x7a351
core   0: 3 0x800076a8 (0x7a351617) x12 0xfa3586a8
core   0: 0x800076ac (0x00009836) c.add   a6, a3
core   0: 3 0x800076ac (0x9836) x16 0x80025e39
core   0: 0x800076ae (0x00005349) c.li    t1, -14
core   0: 3 0x800076ae (0x5349) x6  0xfffffff2
core   0: 0x800076b0 (0x00000001) c.nop
core   0: 3 0x800076b0 (0x0001)
core   0: 0x800076b2 (0x407f8233) sub     tp, t6, t2
core   0: 3 0x800076b2 (0x407f8233) x4  0x8926f9bb
core   0: 0x800076b6 (0x02795db3) divu    s11, s2, t2
core   0: 3 0x800076b6 (0x02795db3) x27 0x00000000
core   0: 0x800076ba (0xf885c093) xori    ra, a1, -120
core   0: 3 0x800076ba (0xf885c093) x1  0xffffff88
core   0: 0x800076be (0x028a15b3) mulh    a1, s4, s0
core   0: 3 0x800076be (0x028a15b3) x11 0x00000048
core   0: 0x800076c2 (0xe71a2797) auipc   a5, 0xe71a2
core   0: 3 0x800076c2 (0xe71a2797) x15 0x671a96c2
core   0: 0x800076c6 (0x00008ce9) c.and   s1, a0
core   0: 3 0x800076c6 (0x8ce9) x9  0x00000008
core   0: 0x800076c8 (0x000018e5) c.addi  a7, -7
core   0: 3 0x800076c8 (0x18e5) x17 0xfffffff8
core   0: 0x800076ca (0x00000001) c.nop
core   0: 3 0x800076ca (0x0001)
core   0: 0x800076cc (0x00009dd6) c.add   s11, s5
core   0: 3 0x800076cc (0x9dd6) x27 0x7ffffc00
core   0: 0x800076ce (0xfe68d4e3) bge     a7, t1, pc - 24
core   0: 3 0x800076ce (0xfe68d4e3)
core   0: 0x800076b6 (0x02795db3) divu    s11, s2, t2
core   0: 3 0x800076b6 (0x02795db3) x27 0x00000000
core   0: 0x800076ba (0xf885c093) xori    ra, a1, -120
core   0: 3 0x800076ba (0xf885c093) x1  0xffffffc0
core   0: 0x800076be (0x028a15b3) mulh    a1, s4, s0
core   0: 3 0x800076be (0x028a15b3) x11 0x00000048
core   0: 0x800076c2 (0xe71a2797) auipc   a5, 0xe71a2
core   0: 3 0x800076c2 (0xe71a2797) x15 0x671a96c2
core   0: 0x800076c6 (0x00008ce9) c.and   s1, a0
core   0: 3 0x800076c6 (0x8ce9) x9  0x00000008
core   0: 0x800076c8 (0x000018e5) c.addi  a7, -7
core   0: 3 0x800076c8 (0x18e5) x17 0xfffffff1
core   0: 0x800076ca (0x00000001) c.nop
core   0: 3 0x800076ca (0x0001)
core   0: 0x800076cc (0x00009dd6) c.add   s11, s5
core   0: 3 0x800076cc (0x9dd6) x27 0x7ffffc00
core   0: 0x800076ce (0xfe68d4e3) bge     a7, t1, pc - 24
core   0: 3 0x800076ce (0xfe68d4e3)
core   0: 0x800076d2 (0x00008651) c.srai  a2, 20
core   0: 3 0x800076d2 (0x8651) x12 0xffffffa3
core   0: 0x800076d4 (0x00005371) c.li    t1, -4
core   0: 3 0x800076d4 (0x5371) x6  0xfffffffc
core   0: 0x800076d6 (0x00000001) c.nop
core   0: 3 0x800076d6 (0x0001)
core   0: 0x800076d8 (0x032f7bb3) remu    s7, t5, s2
core   0: 3 0x800076d8 (0x032f7bb3) x23 0x00000002
core   0: 0x800076dc (0x00826bb3) or      s7, tp, s0
core   0: 3 0x800076dc (0x00826bb3) x23 0x8926fdff
core   0: 0x800076e0 (0x01825f13) srli    t5, tp, 24
core   0: 3 0x800076e0 (0x01825f13) x30 0x00000089
core   0: 0x800076e4 (0x0000089c) c.addi4spn a5, sp, 80
core   0: 3 0x800076e4 (0x089c) x15 0x00000051
core   0: 0x800076e6 (0x00485293) srli    t0, a6, 4
core   0: 3 0x800076e6 (0x00485293) x5  0x080025e3
core   0: 0x800076ea (0x0319a4b3) mulhsu  s1, s3, a7
core   0: 3 0x800076ea (0x0319a4b3) x9  0x5b5a25f6
core   0: 0x800076ee (0x0159abb3) slt     s7, s3, s5
core   0: 3 0x800076ee (0x0159abb3) x23 0x00000001
core   0: 0x800076f2 (0x001c1a13) slli    s4, s8, 1
core   0: 3 0x800076f2 (0x001c1a13) x20 0xf746472e
core   0: 0x800076f6 (0xe83dcf13) xori    t5, s11, -381
core   0: 3 0x800076f6 (0xe83dcf13) x30 0x80000283
core   0: 0x800076fa (0x000087e9) c.srai  a5, 26
core   0: 3 0x800076fa (0x87e9) x15 0x00000000
core   0: 0x800076fc (0x00008dc5) c.or    a1, s1
core   0: 3 0x800076fc (0x8dc5) x11 0x5b5a25fe
core   0: 0x800076fe (0x00005545) c.li    a0, -15
core   0: 3 0x800076fe (0x5545) x10 0xfffffff1
core   0: 0x80007700 (0x00871633) sll     a2, a4, s0
core   0: 3 0x80007700 (0x00871633) x12 0x98ad0000
core   0: 0x80007704 (0x00006151) c.addi16sp sp, 272
core   0: 3 0x80007704 (0x6151) x2  0x00000111
core   0: 0x80007706 (0x02663933) mulhu   s2, a2, t1
core   0: 3 0x80007706 (0x02663933) x18 0x98acfffd
core   0: 0x8000770a (0x03e18b33) mul     s6, gp, t5
core   0: 3 0x8000770a (0x03e18b33) x22 0xef9a0000
core   0: 0x8000770e (0x00001379) c.addi  t1, -2
core   0: 3 0x8000770e (0x1379) x6  0xfffffffa
core   0: 0x80007710 (0xfea35be3) bge     t1, a0, pc - 10
core   0: 3 0x80007710 (0xfea35be3)
core   0: 0x80007706 (0x02663933) mulhu   s2, a2, t1
core   0: 3 0x80007706 (0x02663933) x18 0x98acfffc
core   0: 0x8000770a (0x03e18b33) mul     s6, gp, t5
core   0: 3 0x8000770a (0x03e18b33) x22 0xef9a0000
core   0: 0x8000770e (0x00001379) c.addi  t1, -2
core   0: 3 0x8000770e (0x1379) x6  0xfffffff8
core   0: 0x80007710 (0xfea35be3) bge     t1, a0, pc - 10
core   0: 3 0x80007710 (0xfea35be3)
core   0: 0x80007706 (0x02663933) mulhu   s2, a2, t1
core   0: 3 0x80007706 (0x02663933) x18 0x98acfffb
core   0: 0x8000770a (0x03e18b33) mul     s6, gp, t5
core   0: 3 0x8000770a (0x03e18b33) x22 0xef9a0000
core   0: 0x8000770e (0x00001379) c.addi  t1, -2
core   0: 3 0x8000770e (0x1379) x6  0xfffffff6
core   0: 0x80007710 (0xfea35be3) bge     t1, a0, pc - 10
core   0: 3 0x80007710 (0xfea35be3)
core   0: 0x80007706 (0x02663933) mulhu   s2, a2, t1
core   0: 3 0x80007706 (0x02663933) x18 0x98acfffa
core   0: 0x8000770a (0x03e18b33) mul     s6, gp, t5
core   0: 3 0x8000770a (0x03e18b33) x22 0xef9a0000
core   0: 0x8000770e (0x00001379) c.addi  t1, -2
core   0: 3 0x8000770e (0x1379) x6  0xfffffff4
core   0: 0x80007710 (0xfea35be3) bge     t1, a0, pc - 10
core   0: 3 0x80007710 (0xfea35be3)
core   0: 0x80007706 (0x02663933) mulhu   s2, a2, t1
core   0: 3 0x80007706 (0x02663933) x18 0x98acfff8
core   0: 0x8000770a (0x03e18b33) mul     s6, gp, t5
core   0: 3 0x8000770a (0x03e18b33) x22 0xef9a0000
core   0: 0x8000770e (0x00001379) c.addi  t1, -2
core   0: 3 0x8000770e (0x1379) x6  0xfffffff2
core   0: 0x80007710 (0xfea35be3) bge     t1, a0, pc - 10
core   0: 3 0x80007710 (0xfea35be3)
core   0: 0x80007706 (0x02663933) mulhu   s2, a2, t1
core   0: 3 0x80007706 (0x02663933) x18 0x98acfff7
core   0: 0x8000770a (0x03e18b33) mul     s6, gp, t5
core   0: 3 0x8000770a (0x03e18b33) x22 0xef9a0000
core   0: 0x8000770e (0x00001379) c.addi  t1, -2
core   0: 3 0x8000770e (0x1379) x6  0xfffffff0
core   0: 0x80007710 (0xfea35be3) bge     t1, a0, pc - 10
core   0: 3 0x80007710 (0xfea35be3)
core   0: 0x80007714 (0x5917ca13) xori    s4, a5, 1425
core   0: 3 0x80007714 (0x5917ca13) x20 0x00000591
core   0: 0x80007718 (0x000043a9) c.li    t2, 10
core   0: 3 0x80007718 (0x43a9) x7  0x0000000a
core   0: 0x8000771a (0x83956f13) ori     t5, a0, -1991
core   0: 3 0x8000771a (0x83956f13) x30 0xfffffff9
core   0: 0x8000771e (0x32791c97) auipc   s9, 0x32791
core   0: 3 0x8000771e (0x32791c97) x25 0xb279871e
core   0: 0x80007722 (0x00000001) c.nop
core   0: 3 0x80007722 (0x0001)
core   0: 0x80007724 (0x01853eb3) sltu    t4, a0, s8
core   0: 3 0x80007724 (0x01853eb3) x29 0x00000000
core   0: 0x80007728 (0x96194313) xori    t1, s2, -1695
core   0: 3 0x80007728 (0x96194313) x6  0x67530696
core   0: 0x8000772c (0x00004aa9) c.li    s5, 10
core   0: 3 0x8000772c (0x4aa9) x21 0x0000000a
core   0: 0x8000772e (0x00000001) c.nop
core   0: 3 0x8000772e (0x0001)
core   0: 0x80007730 (0x005a5193) srli    gp, s4, 5
core   0: 3 0x80007730 (0x005a5193) x3  0x0000002c
core   0: 0x80007734 (0x03ad0fb3) mul     t6, s10, s10
core   0: 3 0x80007734 (0x03ad0fb3) x31 0x00000000
core   0: 0x80007738 (0x4a8b3c93) sltiu   s9, s6, 1192
core   0: 3 0x80007738 (0x4a8b3c93) x25 0x00000000
core   0: 0x8000773c (0x000013dd) c.addi  t2, -9
core   0: 3 0x8000773c (0x13dd) x7  0x00000001
core   0: 0x8000773e (0x0075fd33) and     s10, a1, t2
core   0: 3 0x8000773e (0x0075fd33) x26 0x00000000
core   0: 0x80007742 (0x00965e13) srli    t3, a2, 9
core   0: 3 0x80007742 (0x00965e13) x28 0x004c5680
core   0: 0x80007746 (0x000058fd) c.li    a7, -1
core   0: 3 0x80007746 (0x58fd) x17 0xffffffff
core   0: 0x80007748 (0x01e32033) slt     zero, t1, t5
core   0: 3 0x80007748 (0x01e32033)
core   0: 0x8000774c (0x00008bb5) c.andi  a5, 13
core   0: 3 0x8000774c (0x8bb5) x15 0x00000000
core   0: 0x8000774e (0xff53f3e3) bgeu    t2, s5, pc - 26
core   0: 3 0x8000774e (0xff53f3e3)
core   0: 0x80007752 (0x02e199b3) mulh    s3, gp, a4
core   0: 3 0x80007752 (0x02e199b3) x19 0x00000014
core   0: 0x80007756 (0x00004081) c.li    ra, 0
core   0: 3 0x80007756 (0x4081) x1  0x00000000
core   0: 0x80007758 (0x00a499b3) sll     s3, s1, a0
core   0: 3 0x80007758 (0x00a499b3) x19 0x4bec0000
core   0: 0x8000775c (0x00004105) c.li    sp, 1
core   0: 3 0x8000775c (0x4105) x2  0x00000001
core   0: 0x8000775e (0x01b6c333) xor     t1, a3, s11
core   0: 3 0x8000775e (0x01b6c333) x6  0xfffda230
core   0: 0x80007762 (0x0000009d) c.addi  ra, 7
core   0: 3 0x80007762 (0x009d) x1  0x00000007
core   0: 0x80007764 (0x001da9b3) slt     s3, s11, ra
core   0: 3 0x80007764 (0x001da9b3) x19 0x00000000
core   0: 0x80007768 (0x0000997d) c.andi  a0, -1
core   0: 3 0x80007768 (0x997d) x10 0xfffffff1
core   0: 0x8000776a (0x00008d5d) c.or    a0, a5
core   0: 3 0x8000776a (0x8d5d) x10 0xfffffff1
core   0: 0x8000776c (0xfe20e9e3) bltu    ra, sp, pc - 14
core   0: 3 0x8000776c (0xfe20e9e3)
core   0: 0x80007770 (0x7185e793) ori     a5, a1, 1816
core   0: 3 0x80007770 (0x7185e793) x15 0x5b5a27fe
core   0: 0x80007774 (0x00005671) c.li    a2, -4
core   0: 3 0x80007774 (0x5671) x12 0xfffffffc
core   0: 0x80007776 (0x00008c9d) c.sub   s1, a5
core   0: 3 0x80007776 (0x8c9d) x9  0xfffffdf8
core   0: 0x80007778 (0x03796533) rem     a0, s2, s7
core   0: 3 0x80007778 (0x03796533) x10 0x00000000
core   0: 0x8000777c (0x00000001) c.nop
core   0: 3 0x8000777c (0x0001)
core   0: 0x8000777e (0x00008fb9) c.xor   a5, a4
core   0: 3 0x8000777e (0x8fb9) x15 0x22d0f7fe
core   0: 0x80007780 (0x00b874b3) and     s1, a6, a1
core   0: 3 0x80007780 (0x00b874b3) x9  0x00020438
core   0: 0x80007784 (0x00000605) c.addi  a2, 1
core   0: 3 0x80007784 (0x0605) x12 0xfffffffd
core   0: 0x80007786 (0x000057fd) c.li    a5, -1
core   0: 3 0x80007786 (0x57fd) x15 0xffffffff
core   0: 0x80007788 (0x40c95093) srai    ra, s2, 12
core   0: 3 0x80007788 (0x40c95093) x1  0xfff98acf
core   0: 0x8000778c (0x0000495d) c.li    s2, 23
core   0: 3 0x8000778c (0x495d) x18 0x00000017
core   0: 0x8000778e (0x000087c9) c.srai  a5, 18
core   0: 3 0x8000778e (0x87c9) x15 0xffffffff
core   0: 0x80007790 (0x0000d67d) c.beqz  a2, pc - 18
core   0: 3 0x80007790 (0xd67d)
core   0: 0x80007792 (0x00000afa) c.slli  s5, 30
core   0: 3 0x80007792 (0x0afa) x21 0x80000000
core   0: 0x80007794 (0x00004a19) c.li    s4, 6
core   0: 3 0x80007794 (0x4a19) x20 0x00000006
core   0: 0x80007796 (0x00008785) c.srai  a5, 1
core   0: 3 0x80007796 (0x8785) x15 0xffffffff
core   0: 0x80007798 (0x02289633) mulh    a2, a7, sp
core   0: 3 0x80007798 (0x02289633) x12 0xffffffff
core   0: 0x8000779c (0x00004f21) c.li    t5, 8
core   0: 3 0x8000779c (0x4f21) x30 0x00000008
core   0: 0x8000779e (0x32676313) ori     t1, a4, 806
core   0: 3 0x8000779e (0x32676313) x6  0x798ad326
core   0: 0x800077a2 (0x00004ff5) c.li    t6, 29
core   0: 3 0x800077a2 (0x4ff5) x31 0x0000001d
core   0: 0x800077a4 (0x000069bd) c.lui   s3, 0xf
core   0: 3 0x800077a4 (0x69bd) x19 0x0000f000
core   0: 0x800077a6 (0x00008d61) c.and   a0, s0
core   0: 3 0x800077a6 (0x8d61) x10 0x00000000
core   0: 0x800077a8 (0x000087b2) c.mv    a5, a2
core   0: 3 0x800077a8 (0x87b2) x15 0xffffffff
core   0: 0x800077aa (0x408dd193) srai    gp, s11, 8
core   0: 3 0x800077aa (0x408dd193) x3  0x007ffffc
core   0: 0x800077ae (0x02514cb3) div     s9, sp, t0
core   0: 3 0x800077ae (0x02514cb3) x25 0x00000000
core   0: 0x800077b2 (0x00000a05) c.addi  s4, 1
core   0: 3 0x800077b2 (0x0a05) x20 0x00000007
core   0: 0x800077b4 (0x0196eb33) or      s6, a3, s9
core   0: 3 0x800077b4 (0x0196eb33) x22 0x80025e30
core   0: 0x800077b8 (0x00000518) c.addi4spn a4, sp, 640
core   0: 3 0x800077b8 (0x0518) x14 0x00000281
core   0: 0x800077ba (0x00008e2d) c.xor   a2, a1
core   0: 3 0x800077ba (0x8e2d) x12 0xa4a5da01
core   0: 0x800077bc (0x0000068c) c.addi4spn a1, sp, 832
core   0: 3 0x800077bc (0x068c) x11 0x00000341
core   0: 0x800077be (0xffea63e3) bltu    s4, t5, pc - 26
core   0: 3 0x800077be (0xffea63e3)
core   0: 0x800077a4 (0x000069bd) c.lui   s3, 0xf
core   0: 3 0x800077a4 (0x69bd) x19 0x0000f000
core   0: 0x800077a6 (0x00008d61) c.and   a0, s0
core   0: 3 0x800077a6 (0x8d61) x10 0x00000000
core   0: 0x800077a8 (0x000087b2) c.mv    a5, a2
core   0: 3 0x800077a8 (0x87b2) x15 0xa4a5da01
core   0: 0x800077aa (0x408dd193) srai    gp, s11, 8
core   0: 3 0x800077aa (0x408dd193) x3  0x007ffffc
core   0: 0x800077ae (0x02514cb3) div     s9, sp, t0
core   0: 3 0x800077ae (0x02514cb3) x25 0x00000000
core   0: 0x800077b2 (0x00000a05) c.addi  s4, 1
core   0: 3 0x800077b2 (0x0a05) x20 0x00000008
core   0: 0x800077b4 (0x0196eb33) or      s6, a3, s9
core   0: 3 0x800077b4 (0x0196eb33) x22 0x80025e30
core   0: 0x800077b8 (0x00000518) c.addi4spn a4, sp, 640
core   0: 3 0x800077b8 (0x0518) x14 0x00000281
core   0: 0x800077ba (0x00008e2d) c.xor   a2, a1
core   0: 3 0x800077ba (0x8e2d) x12 0xa4a5d940
core   0: 0x800077bc (0x0000068c) c.addi4spn a1, sp, 832
core   0: 3 0x800077bc (0x068c) x11 0x00000341
core   0: 0x800077be (0xffea63e3) bltu    s4, t5, pc - 26
core   0: 3 0x800077be (0xffea63e3)
core   0: 0x800077c2 (0x02cc9cb3) mulh    s9, s9, a2
core   0: 3 0x800077c2 (0x02cc9cb3) x25 0x00000000
core   0: 0x800077c6 (0x00004c89) c.li    s9, 2
core   0: 3 0x800077c6 (0x4c89) x25 0x00000002
core   0: 0x800077c8 (0x000084ae) c.mv    s1, a1
core   0: 3 0x800077c8 (0x84ae) x9  0x00000341
core   0: 0x800077ca (0x00008dc5) c.or    a1, s1
core   0: 3 0x800077ca (0x8dc5) x11 0x00000341
core   0: 0x800077cc (0x0000576d) c.li    a4, -5
core   0: 3 0x800077cc (0x576d) x14 0xfffffffb
core   0: 0x800077ce (0x01ffd4b3) srl     s1, t6, t6
core   0: 3 0x800077ce (0x01ffd4b3) x9  0x00000000
core   0: 0x800077d2 (0x000083ca) c.mv    t2, s2
core   0: 3 0x800077d2 (0x83ca) x7  0x00000017
core   0: 0x800077d4 (0x43fc2813) slti    a6, s8, 1087
core   0: 3 0x800077d4 (0x43fc2813) x16 0x00000001
core   0: 0x800077d8 (0x00001ce5) c.addi  s9, -7
core   0: 3 0x800077d8 (0x1ce5) x25 0xfffffffb
core   0: 0x800077da (0x00000001) c.nop
core   0: 3 0x800077da (0x0001)
core   0: 0x800077dc (0xfeec9be3) bne     s9, a4, pc - 10
core   0: 3 0x800077dc (0xfeec9be3)
core   0: 0x800077e0 (0x00000001) c.nop
core   0: 3 0x800077e0 (0x0001)
core   0: 0x800077e2 (0x000055dd) c.li    a1, -9
core   0: 3 0x800077e2 (0x55dd) x11 0xfffffff7
core   0: 0x800077e4 (0x9b6bff93) andi    t6, s7, -1610
core   0: 3 0x800077e4 (0x9b6bff93) x31 0x00000000
core   0: 0x800077e8 (0x000003ca) c.slli  t2, 18
core   0: 3 0x800077e8 (0x03ca) x7  0x005c0000
core   0: 0x800077ea (0x03107eb3) remu    t4, zero, a7
core   0: 3 0x800077ea (0x03107eb3) x29 0x00000000
core   0: 0x800077ee (0x000083ed) c.srli  a5, 27
core   0: 3 0x800077ee (0x83ed) x15 0x00000014
core   0: 0x800077f0 (0x00000001) c.nop
core   0: 3 0x800077f0 (0x0001)
core   0: 0x800077f2 (0x270b0913) addi    s2, s6, 624
core   0: 3 0x800077f2 (0x270b0913) x18 0x800260a0
core   0: 0x800077f6 (0x68000a13) li      s4, 1664
core   0: 3 0x800077f6 (0x68000a13) x20 0x00000680
core   0: 0x800077fa (0x50188c93) addi    s9, a7, 1281
core   0: 3 0x800077fa (0x50188c93) x25 0x00000500
core   0: 0x800077fe (0x02728e33) mul     t3, t0, t2
core   0: 3 0x800077fe (0x02728e33) x28 0x9d940000
core   0: 0x80007802 (0x4149d533) sra     a0, s3, s4
core   0: 3 0x80007802 (0x4149d533) x10 0x0000f000
core   0: 0x80007806 (0x01c06833) or      a6, zero, t3
core   0: 3 0x80007806 (0x01c06833) x16 0x9d940000
core   0: 0x8000780a (0x00000585) c.addi  a1, 1
core   0: 3 0x8000780a (0x0585) x11 0xfffffff8
core   0: 0x8000780c (0x02f892b3) mulh    t0, a7, a5
core   0: 3 0x8000780c (0x02f892b3) x5  0xffffffff
core   0: 0x80007810 (0x0000d5fd) c.beqz  a1, pc - 18
core   0: 3 0x80007810 (0xd5fd)
core   0: 0x80007812 (0xc7e7e193) ori     gp, a5, -898
core   0: 3 0x80007812 (0xc7e7e193) x3  0xfffffc7e
core   0: 0x80007816 (0x0000450d) c.li    a0, 3
core   0: 3 0x80007816 (0x450d) x10 0x00000003
core   0: 0x80007818 (0x4113d113) srai    sp, t2, 17
core   0: 3 0x80007818 (0x4113d113) x2  0x0000002e
core   0: 0x8000781c (0x0392ed33) rem     s10, t0, s9
core   0: 3 0x8000781c (0x0392ed33) x26 0xffffffff
core   0: 0x80007820 (0x063d4993) xori    s3, s10, 99
core   0: 3 0x80007820 (0x063d4993) x19 0xffffff9c
core   0: 0x80007824 (0x000048a9) c.li    a7, 10
core   0: 3 0x80007824 (0x48a9) x17 0x0000000a
core   0: 0x80007826 (0x01f391b3) sll     gp, t2, t6
core   0: 3 0x80007826 (0x01f391b3) x3  0x005c0000
core   0: 0x8000782a (0x00bfa833) slt     a6, t6, a1
core   0: 3 0x8000782a (0x00bfa833) x16 0x00000000
core   0: 0x8000782e (0x0139b733) sltu    a4, s3, s3
core   0: 3 0x8000782e (0x0139b733) x14 0x00000000
core   0: 0x80007832 (0x0000870d) c.srai  a4, 3
core   0: 3 0x80007832 (0x870d) x14 0x00000000
core   0: 0x80007834 (0x00000509) c.addi  a0, 2
core   0: 3 0x80007834 (0x0509) x10 0x00000005
core   0: 0x80007836 (0x039bf1b3) remu    gp, s7, s9
core   0: 3 0x80007836 (0x039bf1b3) x3  0x00000001
core   0: 0x8000783a (0x00000001) c.nop
core   0: 3 0x8000783a (0x0001)
core   0: 0x8000783c (0x00004789) c.li    a5, 2
core   0: 3 0x8000783c (0x4789) x15 0x00000002
core   0: 0x8000783e (0x191ea813) slti    a6, t4, 401
core   0: 3 0x8000783e (0x191ea813) x16 0x00000001
core   0: 0x80007842 (0x00004b25) c.li    s6, 9
core   0: 3 0x80007842 (0x4b25) x22 0x00000009
core   0: 0x80007844 (0x0000431d) c.li    t1, 7
core   0: 3 0x80007844 (0x431d) x6  0x00000007
core   0: 0x80007846 (0x00001e7d) c.addi  t3, -1
core   0: 3 0x80007846 (0x1e7d) x28 0x9d93ffff
core   0: 0x80007848 (0x00000785) c.addi  a5, 1
core   0: 3 0x80007848 (0x0785) x15 0x00000003
core   0: 0x8000784a (0x010e9e33) sll     t3, t4, a6
core   0: 3 0x8000784a (0x010e9e33) x28 0x00000000
core   0: 0x8000784e (0xff67cbe3) blt     a5, s6, pc - 10
core   0: 3 0x8000784e (0xff67cbe3)
core   0: 0x80007844 (0x0000431d) c.li    t1, 7
core   0: 3 0x80007844 (0x431d) x6  0x00000007
core   0: 0x80007846 (0x00001e7d) c.addi  t3, -1
core   0: 3 0x80007846 (0x1e7d) x28 0xffffffff
core   0: 0x80007848 (0x00000785) c.addi  a5, 1
core   0: 3 0x80007848 (0x0785) x15 0x00000004
core   0: 0x8000784a (0x010e9e33) sll     t3, t4, a6
core   0: 3 0x8000784a (0x010e9e33) x28 0x00000000
core   0: 0x8000784e (0xff67cbe3) blt     a5, s6, pc - 10
core   0: 3 0x8000784e (0xff67cbe3)
core   0: 0x80007844 (0x0000431d) c.li    t1, 7
core   0: 3 0x80007844 (0x431d) x6  0x00000007
core   0: 0x80007846 (0x00001e7d) c.addi  t3, -1
core   0: 3 0x80007846 (0x1e7d) x28 0xffffffff
core   0: 0x80007848 (0x00000785) c.addi  a5, 1
core   0: 3 0x80007848 (0x0785) x15 0x00000005
core   0: 0x8000784a (0x010e9e33) sll     t3, t4, a6
core   0: 3 0x8000784a (0x010e9e33) x28 0x00000000
core   0: 0x8000784e (0xff67cbe3) blt     a5, s6, pc - 10
core   0: 3 0x8000784e (0xff67cbe3)
core   0: 0x80007844 (0x0000431d) c.li    t1, 7
core   0: 3 0x80007844 (0x431d) x6  0x00000007
core   0: 0x80007846 (0x00001e7d) c.addi  t3, -1
core   0: 3 0x80007846 (0x1e7d) x28 0xffffffff
core   0: 0x80007848 (0x00000785) c.addi  a5, 1
core   0: 3 0x80007848 (0x0785) x15 0x00000006
core   0: 0x8000784a (0x010e9e33) sll     t3, t4, a6
core   0: 3 0x8000784a (0x010e9e33) x28 0x00000000
core   0: 0x8000784e (0xff67cbe3) blt     a5, s6, pc - 10
core   0: 3 0x8000784e (0xff67cbe3)
core   0: 0x80007844 (0x0000431d) c.li    t1, 7
core   0: 3 0x80007844 (0x431d) x6  0x00000007
core   0: 0x80007846 (0x00001e7d) c.addi  t3, -1
core   0: 3 0x80007846 (0x1e7d) x28 0xffffffff
core   0: 0x80007848 (0x00000785) c.addi  a5, 1
core   0: 3 0x80007848 (0x0785) x15 0x00000007
core   0: 0x8000784a (0x010e9e33) sll     t3, t4, a6
core   0: 3 0x8000784a (0x010e9e33) x28 0x00000000
core   0: 0x8000784e (0xff67cbe3) blt     a5, s6, pc - 10
core   0: 3 0x8000784e (0xff67cbe3)
core   0: 0x80007844 (0x0000431d) c.li    t1, 7
core   0: 3 0x80007844 (0x431d) x6  0x00000007
core   0: 0x80007846 (0x00001e7d) c.addi  t3, -1
core   0: 3 0x80007846 (0x1e7d) x28 0xffffffff
core   0: 0x80007848 (0x00000785) c.addi  a5, 1
core   0: 3 0x80007848 (0x0785) x15 0x00000008
core   0: 0x8000784a (0x010e9e33) sll     t3, t4, a6
core   0: 3 0x8000784a (0x010e9e33) x28 0x00000000
core   0: 0x8000784e (0xff67cbe3) blt     a5, s6, pc - 10
core   0: 3 0x8000784e (0xff67cbe3)
core   0: 0x80007844 (0x0000431d) c.li    t1, 7
core   0: 3 0x80007844 (0x431d) x6  0x00000007
core   0: 0x80007846 (0x00001e7d) c.addi  t3, -1
core   0: 3 0x80007846 (0x1e7d) x28 0xffffffff
core   0: 0x80007848 (0x00000785) c.addi  a5, 1
core   0: 3 0x80007848 (0x0785) x15 0x00000009
core   0: 0x8000784a (0x010e9e33) sll     t3, t4, a6
core   0: 3 0x8000784a (0x010e9e33) x28 0x00000000
core   0: 0x8000784e (0xff67cbe3) blt     a5, s6, pc - 10
core   0: 3 0x8000784e (0xff67cbe3)
core   0: 0x80007852 (0x03a7abb3) mulhsu  s7, a5, s10
core   0: 3 0x80007852 (0x03a7abb3) x23 0x00000008
core   0: 0x80007856 (0xfd156ae3) bltu    a0, a7, pc - 44
core   0: 3 0x80007856 (0xfd156ae3)
core   0: 0x8000782a (0x00bfa833) slt     a6, t6, a1
core   0: 3 0x8000782a (0x00bfa833) x16 0x00000000
core   0: 0x8000782e (0x0139b733) sltu    a4, s3, s3
core   0: 3 0x8000782e (0x0139b733) x14 0x00000000
core   0: 0x80007832 (0x0000870d) c.srai  a4, 3
core   0: 3 0x80007832 (0x870d) x14 0x00000000
core   0: 0x80007834 (0x00000509) c.addi  a0, 2
core   0: 3 0x80007834 (0x0509) x10 0x00000007
core   0: 0x80007836 (0x039bf1b3) remu    gp, s7, s9
core   0: 3 0x80007836 (0x039bf1b3) x3  0x00000008
core   0: 0x8000783a (0x00000001) c.nop
core   0: 3 0x8000783a (0x0001)
core   0: 0x8000783c (0x00004789) c.li    a5, 2
core   0: 3 0x8000783c (0x4789) x15 0x00000002
core   0: 0x8000783e (0x191ea813) slti    a6, t4, 401
core   0: 3 0x8000783e (0x191ea813) x16 0x00000001
core   0: 0x80007842 (0x00004b25) c.li    s6, 9
core   0: 3 0x80007842 (0x4b25) x22 0x00000009
core   0: 0x80007844 (0x0000431d) c.li    t1, 7
core   0: 3 0x80007844 (0x431d) x6  0x00000007
core   0: 0x80007846 (0x00001e7d) c.addi  t3, -1
core   0: 3 0x80007846 (0x1e7d) x28 0xffffffff
core   0: 0x80007848 (0x00000785) c.addi  a5, 1
core   0: 3 0x80007848 (0x0785) x15 0x00000003
core   0: 0x8000784a (0x010e9e33) sll     t3, t4, a6
core   0: 3 0x8000784a (0x010e9e33) x28 0x00000000
core   0: 0x8000784e (0xff67cbe3) blt     a5, s6, pc - 10
core   0: 3 0x8000784e (0xff67cbe3)
core   0: 0x80007844 (0x0000431d) c.li    t1, 7
core   0: 3 0x80007844 (0x431d) x6  0x00000007
core   0: 0x80007846 (0x00001e7d) c.addi  t3, -1
core   0: 3 0x80007846 (0x1e7d) x28 0xffffffff
core   0: 0x80007848 (0x00000785) c.addi  a5, 1
core   0: 3 0x80007848 (0x0785) x15 0x00000004
core   0: 0x8000784a (0x010e9e33) sll     t3, t4, a6
core   0: 3 0x8000784a (0x010e9e33) x28 0x00000000
core   0: 0x8000784e (0xff67cbe3) blt     a5, s6, pc - 10
core   0: 3 0x8000784e (0xff67cbe3)
core   0: 0x80007844 (0x0000431d) c.li    t1, 7
core   0: 3 0x80007844 (0x431d) x6  0x00000007
core   0: 0x80007846 (0x00001e7d) c.addi  t3, -1
core   0: 3 0x80007846 (0x1e7d) x28 0xffffffff
core   0: 0x80007848 (0x00000785) c.addi  a5, 1
core   0: 3 0x80007848 (0x0785) x15 0x00000005
core   0: 0x8000784a (0x010e9e33) sll     t3, t4, a6
core   0: 3 0x8000784a (0x010e9e33) x28 0x00000000
core   0: 0x8000784e (0xff67cbe3) blt     a5, s6, pc - 10
core   0: 3 0x8000784e (0xff67cbe3)
core   0: 0x80007844 (0x0000431d) c.li    t1, 7
core   0: 3 0x80007844 (0x431d) x6  0x00000007
core   0: 0x80007846 (0x00001e7d) c.addi  t3, -1
core   0: 3 0x80007846 (0x1e7d) x28 0xffffffff
core   0: 0x80007848 (0x00000785) c.addi  a5, 1
core   0: 3 0x80007848 (0x0785) x15 0x00000006
core   0: 0x8000784a (0x010e9e33) sll     t3, t4, a6
core   0: 3 0x8000784a (0x010e9e33) x28 0x00000000
core   0: 0x8000784e (0xff67cbe3) blt     a5, s6, pc - 10
core   0: 3 0x8000784e (0xff67cbe3)
core   0: 0x80007844 (0x0000431d) c.li    t1, 7
core   0: 3 0x80007844 (0x431d) x6  0x00000007
core   0: 0x80007846 (0x00001e7d) c.addi  t3, -1
core   0: 3 0x80007846 (0x1e7d) x28 0xffffffff
core   0: 0x80007848 (0x00000785) c.addi  a5, 1
core   0: 3 0x80007848 (0x0785) x15 0x00000007
core   0: 0x8000784a (0x010e9e33) sll     t3, t4, a6
core   0: 3 0x8000784a (0x010e9e33) x28 0x00000000
core   0: 0x8000784e (0xff67cbe3) blt     a5, s6, pc - 10
core   0: 3 0x8000784e (0xff67cbe3)
core   0: 0x80007844 (0x0000431d) c.li    t1, 7
core   0: 3 0x80007844 (0x431d) x6  0x00000007
core   0: 0x80007846 (0x00001e7d) c.addi  t3, -1
core   0: 3 0x80007846 (0x1e7d) x28 0xffffffff
core   0: 0x80007848 (0x00000785) c.addi  a5, 1
core   0: 3 0x80007848 (0x0785) x15 0x00000008
core   0: 0x8000784a (0x010e9e33) sll     t3, t4, a6
core   0: 3 0x8000784a (0x010e9e33) x28 0x00000000
core   0: 0x8000784e (0xff67cbe3) blt     a5, s6, pc - 10
core   0: 3 0x8000784e (0xff67cbe3)
core   0: 0x80007844 (0x0000431d) c.li    t1, 7
core   0: 3 0x80007844 (0x431d) x6  0x00000007
core   0: 0x80007846 (0x00001e7d) c.addi  t3, -1
core   0: 3 0x80007846 (0x1e7d) x28 0xffffffff
core   0: 0x80007848 (0x00000785) c.addi  a5, 1
core   0: 3 0x80007848 (0x0785) x15 0x00000009
core   0: 0x8000784a (0x010e9e33) sll     t3, t4, a6
core   0: 3 0x8000784a (0x010e9e33) x28 0x00000000
core   0: 0x8000784e (0xff67cbe3) blt     a5, s6, pc - 10
core   0: 3 0x8000784e (0xff67cbe3)
core   0: 0x80007852 (0x03a7abb3) mulhsu  s7, a5, s10
core   0: 3 0x80007852 (0x03a7abb3) x23 0x00000008
core   0: 0x80007856 (0xfd156ae3) bltu    a0, a7, pc - 44
core   0: 3 0x80007856 (0xfd156ae3)
core   0: 0x8000782a (0x00bfa833) slt     a6, t6, a1
core   0: 3 0x8000782a (0x00bfa833) x16 0x00000000
core   0: 0x8000782e (0x0139b733) sltu    a4, s3, s3
core   0: 3 0x8000782e (0x0139b733) x14 0x00000000
core   0: 0x80007832 (0x0000870d) c.srai  a4, 3
core   0: 3 0x80007832 (0x870d) x14 0x00000000
core   0: 0x80007834 (0x00000509) c.addi  a0, 2
core   0: 3 0x80007834 (0x0509) x10 0x00000009
core   0: 0x80007836 (0x039bf1b3) remu    gp, s7, s9
core   0: 3 0x80007836 (0x039bf1b3) x3  0x00000008
core   0: 0x8000783a (0x00000001) c.nop
core   0: 3 0x8000783a (0x0001)
core   0: 0x8000783c (0x00004789) c.li    a5, 2
core   0: 3 0x8000783c (0x4789) x15 0x00000002
core   0: 0x8000783e (0x191ea813) slti    a6, t4, 401
core   0: 3 0x8000783e (0x191ea813) x16 0x00000001
core   0: 0x80007842 (0x00004b25) c.li    s6, 9
core   0: 3 0x80007842 (0x4b25) x22 0x00000009
core   0: 0x80007844 (0x0000431d) c.li    t1, 7
core   0: 3 0x80007844 (0x431d) x6  0x00000007
core   0: 0x80007846 (0x00001e7d) c.addi  t3, -1
core   0: 3 0x80007846 (0x1e7d) x28 0xffffffff
core   0: 0x80007848 (0x00000785) c.addi  a5, 1
core   0: 3 0x80007848 (0x0785) x15 0x00000003
core   0: 0x8000784a (0x010e9e33) sll     t3, t4, a6
core   0: 3 0x8000784a (0x010e9e33) x28 0x00000000
core   0: 0x8000784e (0xff67cbe3) blt     a5, s6, pc - 10
core   0: 3 0x8000784e (0xff67cbe3)
core   0: 0x80007844 (0x0000431d) c.li    t1, 7
core   0: 3 0x80007844 (0x431d) x6  0x00000007
core   0: 0x80007846 (0x00001e7d) c.addi  t3, -1
core   0: 3 0x80007846 (0x1e7d) x28 0xffffffff
core   0: 0x80007848 (0x00000785) c.addi  a5, 1
core   0: 3 0x80007848 (0x0785) x15 0x00000004
core   0: 0x8000784a (0x010e9e33) sll     t3, t4, a6
core   0: 3 0x8000784a (0x010e9e33) x28 0x00000000
core   0: 0x8000784e (0xff67cbe3) blt     a5, s6, pc - 10
core   0: 3 0x8000784e (0xff67cbe3)
core   0: 0x80007844 (0x0000431d) c.li    t1, 7
core   0: 3 0x80007844 (0x431d) x6  0x00000007
core   0: 0x80007846 (0x00001e7d) c.addi  t3, -1
core   0: 3 0x80007846 (0x1e7d) x28 0xffffffff
core   0: 0x80007848 (0x00000785) c.addi  a5, 1
core   0: 3 0x80007848 (0x0785) x15 0x00000005
core   0: 0x8000784a (0x010e9e33) sll     t3, t4, a6
core   0: 3 0x8000784a (0x010e9e33) x28 0x00000000
core   0: 0x8000784e (0xff67cbe3) blt     a5, s6, pc - 10
core   0: 3 0x8000784e (0xff67cbe3)
core   0: 0x80007844 (0x0000431d) c.li    t1, 7
core   0: 3 0x80007844 (0x431d) x6  0x00000007
core   0: 0x80007846 (0x00001e7d) c.addi  t3, -1
core   0: 3 0x80007846 (0x1e7d) x28 0xffffffff
core   0: 0x80007848 (0x00000785) c.addi  a5, 1
core   0: 3 0x80007848 (0x0785) x15 0x00000006
core   0: 0x8000784a (0x010e9e33) sll     t3, t4, a6
core   0: 3 0x8000784a (0x010e9e33) x28 0x00000000
core   0: 0x8000784e (0xff67cbe3) blt     a5, s6, pc - 10
core   0: 3 0x8000784e (0xff67cbe3)
core   0: 0x80007844 (0x0000431d) c.li    t1, 7
core   0: 3 0x80007844 (0x431d) x6  0x00000007
core   0: 0x80007846 (0x00001e7d) c.addi  t3, -1
core   0: 3 0x80007846 (0x1e7d) x28 0xffffffff
core   0: 0x80007848 (0x00000785) c.addi  a5, 1
core   0: 3 0x80007848 (0x0785) x15 0x00000007
core   0: 0x8000784a (0x010e9e33) sll     t3, t4, a6
core   0: 3 0x8000784a (0x010e9e33) x28 0x00000000
core   0: 0x8000784e (0xff67cbe3) blt     a5, s6, pc - 10
core   0: 3 0x8000784e (0xff67cbe3)
core   0: 0x80007844 (0x0000431d) c.li    t1, 7
core   0: 3 0x80007844 (0x431d) x6  0x00000007
core   0: 0x80007846 (0x00001e7d) c.addi  t3, -1
core   0: 3 0x80007846 (0x1e7d) x28 0xffffffff
core   0: 0x80007848 (0x00000785) c.addi  a5, 1
core   0: 3 0x80007848 (0x0785) x15 0x00000008
core   0: 0x8000784a (0x010e9e33) sll     t3, t4, a6
core   0: 3 0x8000784a (0x010e9e33) x28 0x00000000
core   0: 0x8000784e (0xff67cbe3) blt     a5, s6, pc - 10
core   0: 3 0x8000784e (0xff67cbe3)
core   0: 0x80007844 (0x0000431d) c.li    t1, 7
core   0: 3 0x80007844 (0x431d) x6  0x00000007
core   0: 0x80007846 (0x00001e7d) c.addi  t3, -1
core   0: 3 0x80007846 (0x1e7d) x28 0xffffffff
core   0: 0x80007848 (0x00000785) c.addi  a5, 1
core   0: 3 0x80007848 (0x0785) x15 0x00000009
core   0: 0x8000784a (0x010e9e33) sll     t3, t4, a6
core   0: 3 0x8000784a (0x010e9e33) x28 0x00000000
core   0: 0x8000784e (0xff67cbe3) blt     a5, s6, pc - 10
core   0: 3 0x8000784e (0xff67cbe3)
core   0: 0x80007852 (0x03a7abb3) mulhsu  s7, a5, s10
core   0: 3 0x80007852 (0x03a7abb3) x23 0x00000008
core   0: 0x80007856 (0xfd156ae3) bltu    a0, a7, pc - 44
core   0: 3 0x80007856 (0xfd156ae3)
core   0: 0x8000782a (0x00bfa833) slt     a6, t6, a1
core   0: 3 0x8000782a (0x00bfa833) x16 0x00000000
core   0: 0x8000782e (0x0139b733) sltu    a4, s3, s3
core   0: 3 0x8000782e (0x0139b733) x14 0x00000000
core   0: 0x80007832 (0x0000870d) c.srai  a4, 3
core   0: 3 0x80007832 (0x870d) x14 0x00000000
core   0: 0x80007834 (0x00000509) c.addi  a0, 2
core   0: 3 0x80007834 (0x0509) x10 0x0000000b
core   0: 0x80007836 (0x039bf1b3) remu    gp, s7, s9
core   0: 3 0x80007836 (0x039bf1b3) x3  0x00000008
core   0: 0x8000783a (0x00000001) c.nop
core   0: 3 0x8000783a (0x0001)
core   0: 0x8000783c (0x00004789) c.li    a5, 2
core   0: 3 0x8000783c (0x4789) x15 0x00000002
core   0: 0x8000783e (0x191ea813) slti    a6, t4, 401
core   0: 3 0x8000783e (0x191ea813) x16 0x00000001
core   0: 0x80007842 (0x00004b25) c.li    s6, 9
core   0: 3 0x80007842 (0x4b25) x22 0x00000009
core   0: 0x80007844 (0x0000431d) c.li    t1, 7
core   0: 3 0x80007844 (0x431d) x6  0x00000007
core   0: 0x80007846 (0x00001e7d) c.addi  t3, -1
core   0: 3 0x80007846 (0x1e7d) x28 0xffffffff
core   0: 0x80007848 (0x00000785) c.addi  a5, 1
core   0: 3 0x80007848 (0x0785) x15 0x00000003
core   0: 0x8000784a (0x010e9e33) sll     t3, t4, a6
core   0: 3 0x8000784a (0x010e9e33) x28 0x00000000
core   0: 0x8000784e (0xff67cbe3) blt     a5, s6, pc - 10
core   0: 3 0x8000784e (0xff67cbe3)
core   0: 0x80007844 (0x0000431d) c.li    t1, 7
core   0: 3 0x80007844 (0x431d) x6  0x00000007
core   0: 0x80007846 (0x00001e7d) c.addi  t3, -1
core   0: 3 0x80007846 (0x1e7d) x28 0xffffffff
core   0: 0x80007848 (0x00000785) c.addi  a5, 1
core   0: 3 0x80007848 (0x0785) x15 0x00000004
core   0: 0x8000784a (0x010e9e33) sll     t3, t4, a6
core   0: 3 0x8000784a (0x010e9e33) x28 0x00000000
core   0: 0x8000784e (0xff67cbe3) blt     a5, s6, pc - 10
core   0: 3 0x8000784e (0xff67cbe3)
core   0: 0x80007844 (0x0000431d) c.li    t1, 7
core   0: 3 0x80007844 (0x431d) x6  0x00000007
core   0: 0x80007846 (0x00001e7d) c.addi  t3, -1
core   0: 3 0x80007846 (0x1e7d) x28 0xffffffff
core   0: 0x80007848 (0x00000785) c.addi  a5, 1
core   0: 3 0x80007848 (0x0785) x15 0x00000005
core   0: 0x8000784a (0x010e9e33) sll     t3, t4, a6
core   0: 3 0x8000784a (0x010e9e33) x28 0x00000000
core   0: 0x8000784e (0xff67cbe3) blt     a5, s6, pc - 10
core   0: 3 0x8000784e (0xff67cbe3)
core   0: 0x80007844 (0x0000431d) c.li    t1, 7
core   0: 3 0x80007844 (0x431d) x6  0x00000007
core   0: 0x80007846 (0x00001e7d) c.addi  t3, -1
core   0: 3 0x80007846 (0x1e7d) x28 0xffffffff
core   0: 0x80007848 (0x00000785) c.addi  a5, 1
core   0: 3 0x80007848 (0x0785) x15 0x00000006
core   0: 0x8000784a (0x010e9e33) sll     t3, t4, a6
core   0: 3 0x8000784a (0x010e9e33) x28 0x00000000
core   0: 0x8000784e (0xff67cbe3) blt     a5, s6, pc - 10
core   0: 3 0x8000784e (0xff67cbe3)
core   0: 0x80007844 (0x0000431d) c.li    t1, 7
core   0: 3 0x80007844 (0x431d) x6  0x00000007
core   0: 0x80007846 (0x00001e7d) c.addi  t3, -1
core   0: 3 0x80007846 (0x1e7d) x28 0xffffffff
core   0: 0x80007848 (0x00000785) c.addi  a5, 1
core   0: 3 0x80007848 (0x0785) x15 0x00000007
core   0: 0x8000784a (0x010e9e33) sll     t3, t4, a6
core   0: 3 0x8000784a (0x010e9e33) x28 0x00000000
core   0: 0x8000784e (0xff67cbe3) blt     a5, s6, pc - 10
core   0: 3 0x8000784e (0xff67cbe3)
core   0: 0x80007844 (0x0000431d) c.li    t1, 7
core   0: 3 0x80007844 (0x431d) x6  0x00000007
core   0: 0x80007846 (0x00001e7d) c.addi  t3, -1
core   0: 3 0x80007846 (0x1e7d) x28 0xffffffff
core   0: 0x80007848 (0x00000785) c.addi  a5, 1
core   0: 3 0x80007848 (0x0785) x15 0x00000008
core   0: 0x8000784a (0x010e9e33) sll     t3, t4, a6
core   0: 3 0x8000784a (0x010e9e33) x28 0x00000000
core   0: 0x8000784e (0xff67cbe3) blt     a5, s6, pc - 10
core   0: 3 0x8000784e (0xff67cbe3)
core   0: 0x80007844 (0x0000431d) c.li    t1, 7
core   0: 3 0x80007844 (0x431d) x6  0x00000007
core   0: 0x80007846 (0x00001e7d) c.addi  t3, -1
core   0: 3 0x80007846 (0x1e7d) x28 0xffffffff
core   0: 0x80007848 (0x00000785) c.addi  a5, 1
core   0: 3 0x80007848 (0x0785) x15 0x00000009
core   0: 0x8000784a (0x010e9e33) sll     t3, t4, a6
core   0: 3 0x8000784a (0x010e9e33) x28 0x00000000
core   0: 0x8000784e (0xff67cbe3) blt     a5, s6, pc - 10
core   0: 3 0x8000784e (0xff67cbe3)
core   0: 0x80007852 (0x03a7abb3) mulhsu  s7, a5, s10
core   0: 3 0x80007852 (0x03a7abb3) x23 0x00000008
core   0: 0x80007856 (0xfd156ae3) bltu    a0, a7, pc - 44
core   0: 3 0x80007856 (0xfd156ae3)
core   0: 0x8000785a (0x0d53a813) slti    a6, t2, 213
core   0: 3 0x8000785a (0x0d53a813) x16 0x00000000
core   0: 0x8000785e (0x00005569) c.li    a0, -6
core   0: 3 0x8000785e (0x5569) x10 0xfffffffa
core   0: 0x80007860 (0xb92d3d93) sltiu   s11, s10, -1134
core   0: 3 0x80007860 (0xb92d3d93) x27 0x00000000
core   0: 0x80007864 (0x00000001) c.nop
core   0: 3 0x80007864 (0x0001)
core   0: 0x80007866 (0x0000077a) c.slli  a4, 30
core   0: 3 0x80007866 (0x077a) x14 0x00000000
core   0: 0x80007868 (0x02a621b3) mulhsu  gp, a2, a0
core   0: 3 0x80007868 (0x02a621b3) x3  0xa4a5d942
core   0: 0x8000786c (0x00006955) c.lui   s2, 0x15
core   0: 3 0x8000786c (0x6955) x18 0x00015000
core   0: 0x8000786e (0x0157c9b3) xor     s3, a5, s5
core   0: 3 0x8000786e (0x0157c9b3) x19 0x80000009
core   0: 0x80007872 (0x00000001) c.nop
core   0: 3 0x80007872 (0x0001)
core   0: 0x80007874 (0x03e87833) remu    a6, a6, t5
core   0: 3 0x80007874 (0x03e87833) x16 0x00000000
core   0: 0x80007878 (0x00006171) c.addi16sp sp, 336
core   0: 3 0x80007878 (0x6171) x2  0x0000017e
core   0: 0x8000787a (0x00008ffd) c.and   a5, a5
core   0: 3 0x8000787a (0x8ffd) x15 0x00000009
core   0: 0x8000787c (0x3b2c7e93) andi    t4, s8, 946
core   0: 3 0x8000787c (0x3b2c7e93) x29 0x00000392
core   0: 0x80007880 (0x00000001) c.nop
core   0: 3 0x80007880 (0x0001)
core   0: 0x80007882 (0x000081d5) c.srli  a1, 21
core   0: 3 0x80007882 (0x81d5) x11 0x000007ff
core   0: 0x80007884 (0xe0c98213) addi    tp, s3, -500
core   0: 3 0x80007884 (0xe0c98213) x4  0x7ffffe15
core   0: 0x80007888 (0x778124b7) lui     s1, 0x77812
core   0: 3 0x80007888 (0x778124b7) x9  0x77812000
core   0: 0x8000788c (0x020b6cb3) rem     s9, s6, zero
core   0: 3 0x8000788c (0x020b6cb3) x25 0x00000009
core   0: 0x80007890 (0x67da4313) xori    t1, s4, 1661
core   0: 3 0x80007890 (0x67da4313) x6  0x000000fd
core   0: 0x80007894 (0x00000752) c.slli  a4, 20
core   0: 3 0x80007894 (0x0752) x14 0x00000000
core   0: 0x80007896 (0x709b8937) lui     s2, 0x709b8
core   0: 3 0x80007896 (0x709b8937) x18 0x709b8000
core   0: 0x8000789a (0x402958b3) sra     a7, s2, sp
core   0: 3 0x8000789a (0x402958b3) x17 0x00000001
core   0: 0x8000789e (0x00000505) c.addi  a0, 1
core   0: 3 0x8000789e (0x0505) x10 0xfffffffb
core   0: 0x800078a0 (0x00d5f733) and     a4, a1, a3
core   0: 3 0x800078a0 (0x00d5f733) x14 0x00000630
core   0: 0x800078a4 (0x032d2cb3) mulhsu  s9, s10, s2
core   0: 3 0x800078a4 (0x032d2cb3) x25 0xffffffff
core   0: 0x800078a8 (0x0000fd71) c.bnez  a0, pc - 36
core   0: 3 0x800078a8 (0xfd71)
core   0: 0x80007884 (0xe0c98213) addi    tp, s3, -500
core   0: 3 0x80007884 (0xe0c98213) x4  0x7ffffe15
core   0: 0x80007888 (0x778124b7) lui     s1, 0x77812
core   0: 3 0x80007888 (0x778124b7) x9  0x77812000
core   0: 0x8000788c (0x020b6cb3) rem     s9, s6, zero
core   0: 3 0x8000788c (0x020b6cb3) x25 0x00000009
core   0: 0x80007890 (0x67da4313) xori    t1, s4, 1661
core   0: 3 0x80007890 (0x67da4313) x6  0x000000fd
core   0: 0x80007894 (0x00000752) c.slli  a4, 20
core   0: 3 0x80007894 (0x0752) x14 0x63000000
core   0: 0x80007896 (0x709b8937) lui     s2, 0x709b8
core   0: 3 0x80007896 (0x709b8937) x18 0x709b8000
core   0: 0x8000789a (0x402958b3) sra     a7, s2, sp
core   0: 3 0x8000789a (0x402958b3) x17 0x00000001
core   0: 0x8000789e (0x00000505) c.addi  a0, 1
core   0: 3 0x8000789e (0x0505) x10 0xfffffffc
core   0: 0x800078a0 (0x00d5f733) and     a4, a1, a3
core   0: 3 0x800078a0 (0x00d5f733) x14 0x00000630
core   0: 0x800078a4 (0x032d2cb3) mulhsu  s9, s10, s2
core   0: 3 0x800078a4 (0x032d2cb3) x25 0xffffffff
core   0: 0x800078a8 (0x0000fd71) c.bnez  a0, pc - 36
core   0: 3 0x800078a8 (0xfd71)
core   0: 0x80007884 (0xe0c98213) addi    tp, s3, -500
core   0: 3 0x80007884 (0xe0c98213) x4  0x7ffffe15
core   0: 0x80007888 (0x778124b7) lui     s1, 0x77812
core   0: 3 0x80007888 (0x778124b7) x9  0x77812000
core   0: 0x8000788c (0x020b6cb3) rem     s9, s6, zero
core   0: 3 0x8000788c (0x020b6cb3) x25 0x00000009
core   0: 0x80007890 (0x67da4313) xori    t1, s4, 1661
core   0: 3 0x80007890 (0x67da4313) x6  0x000000fd
core   0: 0x80007894 (0x00000752) c.slli  a4, 20
core   0: 3 0x80007894 (0x0752) x14 0x63000000
core   0: 0x80007896 (0x709b8937) lui     s2, 0x709b8
core   0: 3 0x80007896 (0x709b8937) x18 0x709b8000
core   0: 0x8000789a (0x402958b3) sra     a7, s2, sp
core   0: 3 0x8000789a (0x402958b3) x17 0x00000001
core   0: 0x8000789e (0x00000505) c.addi  a0, 1
core   0: 3 0x8000789e (0x0505) x10 0xfffffffd
core   0: 0x800078a0 (0x00d5f733) and     a4, a1, a3
core   0: 3 0x800078a0 (0x00d5f733) x14 0x00000630
core   0: 0x800078a4 (0x032d2cb3) mulhsu  s9, s10, s2
core   0: 3 0x800078a4 (0x032d2cb3) x25 0xffffffff
core   0: 0x800078a8 (0x0000fd71) c.bnez  a0, pc - 36
core   0: 3 0x800078a8 (0xfd71)
core   0: 0x80007884 (0xe0c98213) addi    tp, s3, -500
core   0: 3 0x80007884 (0xe0c98213) x4  0x7ffffe15
core   0: 0x80007888 (0x778124b7) lui     s1, 0x77812
core   0: 3 0x80007888 (0x778124b7) x9  0x77812000
core   0: 0x8000788c (0x020b6cb3) rem     s9, s6, zero
core   0: 3 0x8000788c (0x020b6cb3) x25 0x00000009
core   0: 0x80007890 (0x67da4313) xori    t1, s4, 1661
core   0: 3 0x80007890 (0x67da4313) x6  0x000000fd
core   0: 0x80007894 (0x00000752) c.slli  a4, 20
core   0: 3 0x80007894 (0x0752) x14 0x63000000
core   0: 0x80007896 (0x709b8937) lui     s2, 0x709b8
core   0: 3 0x80007896 (0x709b8937) x18 0x709b8000
core   0: 0x8000789a (0x402958b3) sra     a7, s2, sp
core   0: 3 0x8000789a (0x402958b3) x17 0x00000001
core   0: 0x8000789e (0x00000505) c.addi  a0, 1
core   0: 3 0x8000789e (0x0505) x10 0xfffffffe
core   0: 0x800078a0 (0x00d5f733) and     a4, a1, a3
core   0: 3 0x800078a0 (0x00d5f733) x14 0x00000630
core   0: 0x800078a4 (0x032d2cb3) mulhsu  s9, s10, s2
core   0: 3 0x800078a4 (0x032d2cb3) x25 0xffffffff
core   0: 0x800078a8 (0x0000fd71) c.bnez  a0, pc - 36
core   0: 3 0x800078a8 (0xfd71)
core   0: 0x80007884 (0xe0c98213) addi    tp, s3, -500
core   0: 3 0x80007884 (0xe0c98213) x4  0x7ffffe15
core   0: 0x80007888 (0x778124b7) lui     s1, 0x77812
core   0: 3 0x80007888 (0x778124b7) x9  0x77812000
core   0: 0x8000788c (0x020b6cb3) rem     s9, s6, zero
core   0: 3 0x8000788c (0x020b6cb3) x25 0x00000009
core   0: 0x80007890 (0x67da4313) xori    t1, s4, 1661
core   0: 3 0x80007890 (0x67da4313) x6  0x000000fd
core   0: 0x80007894 (0x00000752) c.slli  a4, 20
core   0: 3 0x80007894 (0x0752) x14 0x63000000
core   0: 0x80007896 (0x709b8937) lui     s2, 0x709b8
core   0: 3 0x80007896 (0x709b8937) x18 0x709b8000
core   0: 0x8000789a (0x402958b3) sra     a7, s2, sp
core   0: 3 0x8000789a (0x402958b3) x17 0x00000001
core   0: 0x8000789e (0x00000505) c.addi  a0, 1
core   0: 3 0x8000789e (0x0505) x10 0xffffffff
core   0: 0x800078a0 (0x00d5f733) and     a4, a1, a3
core   0: 3 0x800078a0 (0x00d5f733) x14 0x00000630
core   0: 0x800078a4 (0x032d2cb3) mulhsu  s9, s10, s2
core   0: 3 0x800078a4 (0x032d2cb3) x25 0xffffffff
core   0: 0x800078a8 (0x0000fd71) c.bnez  a0, pc - 36
core   0: 3 0x800078a8 (0xfd71)
core   0: 0x80007884 (0xe0c98213) addi    tp, s3, -500
core   0: 3 0x80007884 (0xe0c98213) x4  0x7ffffe15
core   0: 0x80007888 (0x778124b7) lui     s1, 0x77812
core   0: 3 0x80007888 (0x778124b7) x9  0x77812000
core   0: 0x8000788c (0x020b6cb3) rem     s9, s6, zero
core   0: 3 0x8000788c (0x020b6cb3) x25 0x00000009
core   0: 0x80007890 (0x67da4313) xori    t1, s4, 1661
core   0: 3 0x80007890 (0x67da4313) x6  0x000000fd
core   0: 0x80007894 (0x00000752) c.slli  a4, 20
core   0: 3 0x80007894 (0x0752) x14 0x63000000
core   0: 0x80007896 (0x709b8937) lui     s2, 0x709b8
core   0: 3 0x80007896 (0x709b8937) x18 0x709b8000
core   0: 0x8000789a (0x402958b3) sra     a7, s2, sp
core   0: 3 0x8000789a (0x402958b3) x17 0x00000001
core   0: 0x8000789e (0x00000505) c.addi  a0, 1
core   0: 3 0x8000789e (0x0505) x10 0x00000000
core   0: 0x800078a0 (0x00d5f733) and     a4, a1, a3
core   0: 3 0x800078a0 (0x00d5f733) x14 0x00000630
core   0: 0x800078a4 (0x032d2cb3) mulhsu  s9, s10, s2
core   0: 3 0x800078a4 (0x032d2cb3) x25 0xffffffff
core   0: 0x800078a8 (0x0000fd71) c.bnez  a0, pc - 36
core   0: 3 0x800078a8 (0xfd71)
core   0: 0x800078aa (0x0000077a) c.slli  a4, 30
core   0: 3 0x800078aa (0x077a) x14 0x00000000
core   0: 0x800078ac (0x000051e9) c.li    gp, -6
core   0: 3 0x800078ac (0x51e9) x3  0xfffffffa
core   0: 0x800078ae (0x405c5f33) sra     t5, s8, t0
core   0: 3 0x800078ae (0x405c5f33) x30 0xffffffff
core   0: 0x800078b2 (0xa5d12793) slti    a5, sp, -1443
core   0: 3 0x800078b2 (0xa5d12793) x15 0x00000000
core   0: 0x800078b6 (0x00005149) c.li    sp, -14
core   0: 3 0x800078b6 (0x5149) x2  0xfffffff2
core   0: 0x800078b8 (0x000062c9) c.lui   t0, 0x12
core   0: 3 0x800078b8 (0x62c9) x5  0x00012000
core   0: 0x800078ba (0x018a49b3) xor     s3, s4, s8
core   0: 3 0x800078ba (0x018a49b3) x19 0xfba32517
core   0: 0x800078be (0x01b09c93) slli    s9, ra, 27
core   0: 3 0x800078be (0x01b09c93) x25 0x78000000
core   0: 0x800078c2 (0x00008f7d) c.and   a4, a5
core   0: 3 0x800078c2 (0x8f7d) x14 0x00000000
core   0: 0x800078c4 (0x00008d35) c.xor   a0, a3
core   0: 3 0x800078c4 (0x8d35) x10 0x80025e30
core   0: 0x800078c6 (0xcc768913) addi    s2, a3, -825
core   0: 3 0x800078c6 (0xcc768913) x18 0x80025af7
core   0: 0x800078ca (0x000085dd) c.srai  a1, 23
core   0: 3 0x800078ca (0x85dd) x11 0x00000000
core   0: 0x800078cc (0x009e1893) slli    a7, t3, 9
core   0: 3 0x800078cc (0x009e1893) x17 0x00000000
core   0: 0x800078d0 (0x000011f9) c.addi  gp, -2
core   0: 3 0x800078d0 (0x11f9) x3  0xfffffff8
core   0: 0x800078d2 (0x000044a9) c.li    s1, 10
core   0: 3 0x800078d2 (0x44a9) x9  0x0000000a
core   0: 0x800078d4 (0x00005afd) c.li    s5, -1
core   0: 3 0x800078d4 (0x5afd) x21 0xffffffff
core   0: 0x800078d6 (0x00004da9) c.li    s11, 10
core   0: 3 0x800078d6 (0x4da9) x27 0x0000000a
core   0: 0x800078d8 (0x00004bd9) c.li    s7, 22
core   0: 3 0x800078d8 (0x4bd9) x23 0x00000016
core   0: 0x800078da (0x4ded0613) addi    a2, s10, 1246
core   0: 3 0x800078da (0x4ded0613) x12 0x000004dd
core   0: 0x800078de (0x000014dd) c.addi  s1, -9
core   0: 3 0x800078de (0x14dd) x9  0x00000001
core   0: 0x800078e0 (0x40ebd733) sra     a4, s7, a4
core   0: 3 0x800078e0 (0x40ebd733) x14 0x00000016
core   0: 0x800078e4 (0xffb4fae3) bgeu    s1, s11, pc - 12
core   0: 3 0x800078e4 (0xffb4fae3)
core   0: 0x800078e8 (0x018f7033) and     zero, t5, s8
core   0: 3 0x800078e8 (0x018f7033)
core   0: 0x800078ec (0xfc218de3) beq     gp, sp, pc - 38
core   0: 3 0x800078ec (0xfc218de3)
core   0: 0x800078f0 (0x00008fcd) c.or    a5, a1
core   0: 3 0x800078f0 (0x8fcd) x15 0x00000000
core   0: 0x800078f2 (0x0000478d) c.li    a5, 3
core   0: 3 0x800078f2 (0x478d) x15 0x00000003
core   0: 0x800078f4 (0x02867b33) remu    s6, a2, s0
core   0: 3 0x800078f4 (0x02867b33) x22 0x000004dd
core   0: 0x800078f8 (0x027495b3) mulh    a1, s1, t2
core   0: 3 0x800078f8 (0x027495b3) x11 0x00000000
core   0: 0x800078fc (0x00004d11) c.li    s10, 4
core   0: 3 0x800078fc (0x4d11) x26 0x00000004
core   0: 0x800078fe (0x00009b7d) c.andi  a4, -1
core   0: 3 0x800078fe (0x9b7d) x14 0x00000016
core   0: 0x80007900 (0x03f9cbb3) div     s7, s3, t6
core   0: 3 0x80007900 (0x03f9cbb3) x23 0xffffffff
core   0: 0x80007904 (0x401b5a13) srai    s4, s6, 1
core   0: 3 0x80007904 (0x401b5a13) x20 0x0000026e
core   0: 0x80007908 (0x00000785) c.addi  a5, 1
core   0: 3 0x80007908 (0x0785) x15 0x00000004
core   0: 0x8000790a (0x58a8f293) andi    t0, a7, 1418
core   0: 3 0x8000790a (0x58a8f293) x5  0x00000000
core   0: 0x8000790e (0x0000896d) c.andi  a0, 27
core   0: 3 0x8000790e (0x896d) x10 0x00000010
core   0: 0x80007910 (0x00008759) c.srai  a4, 22
core   0: 3 0x80007910 (0x8759) x14 0x00000000
core   0: 0x80007912 (0x00001b90) c.addi4spn a2, sp, 496
core   0: 3 0x80007912 (0x1b90) x12 0x000001e2
core   0: 0x80007914 (0xffa7e6e3) bltu    a5, s10, pc - 20
core   0: 3 0x80007914 (0xffa7e6e3)
core   0: 0x80007918 (0xfe39a613) slti    a2, s3, -29
core   0: 3 0x80007918 (0xfe39a613) x12 0x00000001
core   0: 0x8000791c (0x0000565d) c.li    a2, -9
core   0: 3 0x8000791c (0x565d) x12 0xfffffff7
core   0: 0x8000791e (0x000084fd) c.srai  s1, 31
core   0: 3 0x8000791e (0x84fd) x9  0x00000000
core   0: 0x80007920 (0x00000001) c.nop
core   0: 3 0x80007920 (0x0001)
core   0: 0x80007922 (0xfc870b93) addi    s7, a4, -56
core   0: 3 0x80007922 (0xfc870b93) x23 0xffffffc8
core   0: 0x80007926 (0x00000c8e) c.slli  s9, 3
core   0: 3 0x80007926 (0x0c8e) x25 0xc0000000
core   0: 0x80007928 (0x00000605) c.addi  a2, 1
core   0: 3 0x80007928 (0x0605) x12 0xfffffff8
core   0: 0x8000792a (0x0000717d) c.addi16sp sp, -16
core   0: 3 0x8000792a (0x717d) x2  0xffffffe2
core   0: 0x8000792c (0x8a1d4113) xori    sp, s10, -1887
core   0: 3 0x8000792c (0x8a1d4113) x2  0xfffff8a5
core   0: 0x80007930 (0x0000479d) c.li    a5, 7
core   0: 3 0x80007930 (0x479d) x15 0x00000007
core   0: 0x80007932 (0x00b2d913) srli    s2, t0, 11
core   0: 3 0x80007932 (0x00b2d913) x18 0x00000000
core   0: 0x80007936 (0x0000431d) c.li    t1, 7
core   0: 3 0x80007936 (0x431d) x6  0x00000007
core   0: 0x80007938 (0x68458f93) addi    t6, a1, 1668
core   0: 3 0x80007938 (0x68458f93) x31 0x00000684
core   0: 0x8000793c (0x00008d21) c.xor   a0, s0
core   0: 3 0x8000793c (0x8d21) x10 0x80029cf4
core   0: 0x8000793e (0x5a5ed0b7) lui     ra, 0x5a5ed
core   0: 3 0x8000793e (0x5a5ed0b7) x1  0x5a5ed000
core   0: 0x80007942 (0x000017f5) c.addi  a5, -3
core   0: 3 0x80007942 (0x17f5) x15 0x00000004
core   0: 0x80007944 (0x006a5593) srli    a1, s4, 6
core   0: 3 0x80007944 (0x006a5593) x11 0x00000009
core   0: 0x80007948 (0xfe67fae3) bgeu    a5, t1, pc - 12
core   0: 3 0x80007948 (0xfe67fae3)
core   0: 0x8000794c (0x00008f09) c.sub   a4, a0
core   0: 3 0x8000794c (0x8f09) x14 0x7ffd630c
core   0: 0x8000794e (0x00008c8d) c.sub   s1, a1
core   0: 3 0x8000794e (0x8c8d) x9  0xfffffff7
core   0: 0x80007950 (0x0000da69) c.beqz  a2, pc - 46
core   0: 3 0x80007950 (0xda69)
core   0: 0x80007952 (0x144c8237) lui     tp, 0x144c8
core   0: 3 0x80007952 (0x144c8237) x4  0x144c8000
core   0: 0x80007956 (0x00004489) c.li    s1, 2
core   0: 3 0x80007956 (0x4489) x9  0x00000002
core   0: 0x80007958 (0x00000c1c) c.addi4spn a5, sp, 528
core   0: 3 0x80007958 (0x0c1c) x15 0xfffffab5
core   0: 0x8000795a (0x0194b133) sltu    sp, s1, s9
core   0: 3 0x8000795a (0x0194b133) x2  0x00000001
core   0: 0x8000795e (0x00f65813) srli    a6, a2, 15
core   0: 3 0x8000795e (0x00f65813) x16 0x0001ffff
core   0: 0x80007962 (0x0000187d) c.addi  a6, -1
core   0: 3 0x80007962 (0x187d) x16 0x0001fffe
core   0: 0x80007964 (0x00000001) c.nop
core   0: 3 0x80007964 (0x0001)
core   0: 0x80007966 (0x00006851) c.lui   a6, 0x14
core   0: 3 0x80007966 (0x6851) x16 0x00014000
core   0: 0x80007968 (0x0302cab3) div     s5, t0, a6
core   0: 3 0x80007968 (0x0302cab3) x21 0x00000000
core   0: 0x8000796c (0x400ad993) srai    s3, s5, 0
core   0: 3 0x8000796c (0x400ad993) x19 0x00000000
core   0: 0x80007970 (0x00447233) and     tp, s0, tp
core   0: 3 0x80007970 (0x00447233) x4  0x00008000
core   0: 0x80007974 (0x00006349) c.lui   t1, 0x12
core   0: 3 0x80007974 (0x6349) x6  0x00012000
core   0: 0x80007976 (0x00000001) c.nop
core   0: 3 0x80007976 (0x0001)
core   0: 0x80007978 (0x014e5133) srl     sp, t3, s4
core   0: 3 0x80007978 (0x014e5133) x2  0x00000000
core   0: 0x8000797c (0x00008dd5) c.or    a1, a3
core   0: 3 0x8000797c (0x8dd5) x11 0x80025e39
core   0: 0x8000797e (0x0000855d) c.srai  a0, 23
core   0: 3 0x8000797e (0x855d) x10 0xffffff00
core   0: 0x80007980 (0x0000717d) c.addi16sp sp, -16
core   0: 3 0x80007980 (0x717d) x2  0xfffffff0
core   0: 0x80007982 (0x00001a9c) c.addi4spn a5, sp, 368
core   0: 3 0x80007982 (0x1a9c) x15 0x00000160
core   0: 0x80007984 (0x022a0733) mul     a4, s4, sp
core   0: 3 0x80007984 (0x022a0733) x14 0xffffd920
core   0: 0x80007988 (0x228ec893) xori    a7, t4, 552
core   0: 3 0x80007988 (0x228ec893) x17 0x000001ba
core   0: 0x8000798c (0x008c1bb3) sll     s7, s8, s0
core   0: 3 0x8000798c (0x008c1bb3) x23 0xba323970
core   0: 0x80007990 (0x02101eb3) mulh    t4, zero, ra
core   0: 3 0x80007990 (0x02101eb3) x29 0x00000000
core   0: 0x80007994 (0x0000950a) c.add   a0, sp
core   0: 3 0x80007994 (0x950a) x10 0xfffffef0
core   0: 0x80007996 (0x13cd4f93) xori    t6, s10, 316
core   0: 3 0x80007996 (0x13cd4f93) x31 0x00000138
core   0: 0x8000799a (0x000014fd) c.addi  s1, -1
core   0: 3 0x8000799a (0x14fd) x9  0x00000001
core   0: 0x8000799c (0x00008f81) c.sub   a5, s0
core   0: 3 0x8000799c (0x8f81) x15 0x7ffd647c
core   0: 0x8000799e (0x2285a613) slti    a2, a1, 552
core   0: 3 0x8000799e (0x2285a613) x12 0x00000001
core   0: 0x800079a2 (0x022bcfb3) div     t6, s7, sp
core   0: 3 0x800079a2 (0x022bcfb3) x31 0x045cdc69
core   0: 0x800079a6 (0x00008f81) c.sub   a5, s0
core   0: 3 0x800079a6 (0x8f81) x15 0xfffac798
core   0: 0x800079a8 (0x0000d0e1) c.beqz  s1, pc - 64
core   0: 3 0x800079a8 (0xd0e1)
core   0: 0x800079aa (0x4f47c893) xori    a7, a5, 1268
core   0: 3 0x800079aa (0x4f47c893) x17 0xfffac36c
core   0: 0x800079ae (0x0000567d) c.li    a2, -1
core   0: 3 0x800079ae (0x567d) x12 0xffffffff
core   0: 0x800079b0 (0x0000431d) c.li    t1, 7
core   0: 3 0x800079b0 (0x431d) x6  0x00000007
core   0: 0x800079b2 (0x00006159) c.addi16sp sp, 400
core   0: 3 0x800079b2 (0x6159) x2  0x00000180
core   0: 0x800079b4 (0x01da8f33) add     t5, s5, t4
core   0: 3 0x800079b4 (0x01da8f33) x30 0x00000000
core   0: 0x800079b8 (0x00000629) c.addi  a2, 10
core   0: 3 0x800079b8 (0x0629) x12 0x00000009
core   0: 0x800079ba (0x00d1d4b3) srl     s1, gp, a3
core   0: 3 0x800079ba (0x00d1d4b3) x9  0x0000ffff
core   0: 0x800079be (0x0000556d) c.li    a0, -5
core   0: 3 0x800079be (0x556d) x10 0xfffffffb
core   0: 0x800079c0 (0x00004c81) c.li    s9, 0
core   0: 3 0x800079c0 (0x4c81) x25 0x00000000
core   0: 0x800079c2 (0x981d0197) auipc   gp, 0x981d0
core   0: 3 0x800079c2 (0x981d0197) x3  0x181d79c2
core   0: 0x800079c6 (0x00294d33) xor     s10, s2, sp
core   0: 3 0x800079c6 (0x00294d33) x26 0x00000180
core   0: 0x800079ca (0x00000515) c.addi  a0, 5
core   0: 3 0x800079ca (0x0515) x10 0x00000000
core   0: 0x800079cc (0xff950be3) beq     a0, s9, pc - 10
core   0: 3 0x800079cc (0xff950be3)
core   0: 0x800079c2 (0x981d0197) auipc   gp, 0x981d0
core   0: 3 0x800079c2 (0x981d0197) x3  0x181d79c2
core   0: 0x800079c6 (0x00294d33) xor     s10, s2, sp
core   0: 3 0x800079c6 (0x00294d33) x26 0x00000180
core   0: 0x800079ca (0x00000515) c.addi  a0, 5
core   0: 3 0x800079ca (0x0515) x10 0x00000005
core   0: 0x800079cc (0xff950be3) beq     a0, s9, pc - 10
core   0: 3 0x800079cc (0xff950be3)
core   0: 0x800079d0 (0xfe6642e3) blt     a2, t1, pc - 28
core   0: 3 0x800079d0 (0xfe6642e3)
core   0: 0x800079d4 (0x59b74493) xori    s1, a4, 1435
core   0: 3 0x800079d4 (0x59b74493) x9  0xffffdcbb
core   0: 0x800079d8 (0x000044a1) c.li    s1, 8
core   0: 3 0x800079d8 (0x44a1) x9  0x00000008
core   0: 0x800079da (0x4124d793) srai    a5, s1, 18
core   0: 3 0x800079da (0x4124d793) x15 0x00000000
core   0: 0x800079de (0x89f4a113) slti    sp, s1, -1889
core   0: 3 0x800079de (0x89f4a113) x2  0x00000000
core   0: 0x800079e2 (0x005050b3) srl     ra, zero, t0
core   0: 3 0x800079e2 (0x005050b3) x1  0x00000000
core   0: 0x800079e6 (0x032d30b3) mulhu   ra, s10, s2
core   0: 3 0x800079e6 (0x032d30b3) x1  0x00000000
core   0: 0x800079ea (0x000051d9) c.li    gp, -10
core   0: 3 0x800079ea (0x51d9) x3  0xfffffff6
core   0: 0x800079ec (0x0096fcb3) and     s9, a3, s1
core   0: 3 0x800079ec (0x0096fcb3) x25 0x00000000
core   0: 0x800079f0 (0x00e2da13) srli    s4, t0, 14
core   0: 3 0x800079f0 (0x00e2da13) x20 0x00000000
core   0: 0x800079f4 (0x5f000537) lui     a0, 0x5f000
core   0: 3 0x800079f4 (0x5f000537) x10 0x5f000000
core   0: 0x800079f8 (0x000014e1) c.addi  s1, -8
core   0: 3 0x800079f8 (0x14e1) x9  0x00000000
core   0: 0x800079fa (0x038aa933) mulhsu  s2, s5, s8
core   0: 3 0x800079fa (0x038aa933) x18 0x00000000
core   0: 0x800079fe (0x00000ec6) c.slli  t4, 17
core   0: 3 0x800079fe (0x0ec6) x29 0x00000000
core   0: 0x80007a00 (0x00005379) c.li    t1, -2
core   0: 3 0x80007a00 (0x5379) x6  0xfffffffe
core   0: 0x80007a02 (0x00009ad6) c.add   s5, s5
core   0: 3 0x80007a02 (0x9ad6) x21 0x00000000
core   0: 0x80007a04 (0x00004b8d) c.li    s7, 3
core   0: 3 0x80007a04 (0x4b8d) x23 0x00000003
core   0: 0x80007a06 (0x41b3d233) sra     tp, t2, s11
core   0: 3 0x80007a06 (0x41b3d233) x4  0x00001700
core   0: 0x80007a0a (0x00c2c2b3) xor     t0, t0, a2
core   0: 3 0x80007a0a (0x00c2c2b3) x5  0x00000009
core   0: 0x80007a0e (0x000099fd) c.andi  a1, -1
core   0: 3 0x80007a0e (0x99fd) x11 0x80025e39
core   0: 0x80007a10 (0x012257b3) srl     a5, tp, s2
core   0: 3 0x80007a10 (0x012257b3) x15 0x00001700
core   0: 0x80007a14 (0x0000078a) c.slli  a5, 2
core   0: 3 0x80007a14 (0x078a) x15 0x00005c00
core   0: 0x80007a16 (0x035fb7b3) mulhu   a5, t6, s5
core   0: 3 0x80007a16 (0x035fb7b3) x15 0x00000000
core   0: 0x80007a1a (0x000089d1) c.andi  a1, 20
core   0: 3 0x80007a1a (0x89d1) x11 0x00000010
core   0: 0x80007a1c (0x0000873d) c.srai  a4, 15
core   0: 3 0x80007a1c (0x873d) x14 0xffffffff
core   0: 0x80007a1e (0x00008145) c.srli  a0, 17
core   0: 3 0x80007a1e (0x8145) x10 0x00002f80
core   0: 0x80007a20 (0x00000315) c.addi  t1, 5
core   0: 3 0x80007a20 (0x0315) x6  0x00000003
core   0: 0x80007a22 (0x0000822d) c.srli  a2, 11
core   0: 3 0x80007a22 (0x822d) x12 0x00000000
core   0: 0x80007a24 (0x00006811) c.lui   a6, 0x4
core   0: 3 0x80007a24 (0x6811) x16 0x00004000
core   0: 0x80007a26 (0xff7348e3) blt     t1, s7, pc - 16
core   0: 3 0x80007a26 (0xff7348e3)
core   0: 0x80007a2a (0x00008e75) c.and   a2, a3
core   0: 3 0x80007a2a (0x8e75) x12 0x00000000
core   0: 0x80007a2c (0x9a0f2513) slti    a0, t5, -1632
core   0: 3 0x80007a2c (0x9a0f2513) x10 0x00000000
core   0: 0x80007a30 (0x00001f90) c.addi4spn a2, sp, 1008
core   0: 3 0x80007a30 (0x1f90) x12 0x000003f0
core   0: 0x80007a32 (0x032c42b3) div     t0, s8, s2
core   0: 3 0x80007a32 (0x032c42b3) x5  0xffffffff
core   0: 0x80007a36 (0xfa34dbe3) bge     s1, gp, pc - 74
core   0: 3 0x80007a36 (0xfa34dbe3)
core   0: 0x800079ec (0x0096fcb3) and     s9, a3, s1
core   0: 3 0x800079ec (0x0096fcb3) x25 0x00000000
core   0: 0x800079f0 (0x00e2da13) srli    s4, t0, 14
core   0: 3 0x800079f0 (0x00e2da13) x20 0x0003ffff
core   0: 0x800079f4 (0x5f000537) lui     a0, 0x5f000
core   0: 3 0x800079f4 (0x5f000537) x10 0x5f000000
core   0: 0x800079f8 (0x000014e1) c.addi  s1, -8
core   0: 3 0x800079f8 (0x14e1) x9  0xfffffff8
core   0: 0x800079fa (0x038aa933) mulhsu  s2, s5, s8
core   0: 3 0x800079fa (0x038aa933) x18 0x00000000
core   0: 0x800079fe (0x00000ec6) c.slli  t4, 17
core   0: 3 0x800079fe (0x0ec6) x29 0x00000000
core   0: 0x80007a00 (0x00005379) c.li    t1, -2
core   0: 3 0x80007a00 (0x5379) x6  0xfffffffe
core   0: 0x80007a02 (0x00009ad6) c.add   s5, s5
core   0: 3 0x80007a02 (0x9ad6) x21 0x00000000
core   0: 0x80007a04 (0x00004b8d) c.li    s7, 3
core   0: 3 0x80007a04 (0x4b8d) x23 0x00000003
core   0: 0x80007a06 (0x41b3d233) sra     tp, t2, s11
core   0: 3 0x80007a06 (0x41b3d233) x4  0x00001700
core   0: 0x80007a0a (0x00c2c2b3) xor     t0, t0, a2
core   0: 3 0x80007a0a (0x00c2c2b3) x5  0xfffffc0f
core   0: 0x80007a0e (0x000099fd) c.andi  a1, -1
core   0: 3 0x80007a0e (0x99fd) x11 0x00000010
core   0: 0x80007a10 (0x012257b3) srl     a5, tp, s2
core   0: 3 0x80007a10 (0x012257b3) x15 0x00001700
core   0: 0x80007a14 (0x0000078a) c.slli  a5, 2
core   0: 3 0x80007a14 (0x078a) x15 0x00005c00
core   0: 0x80007a16 (0x035fb7b3) mulhu   a5, t6, s5
core   0: 3 0x80007a16 (0x035fb7b3) x15 0x00000000
core   0: 0x80007a1a (0x000089d1) c.andi  a1, 20
core   0: 3 0x80007a1a (0x89d1) x11 0x00000010
core   0: 0x80007a1c (0x0000873d) c.srai  a4, 15
core   0: 3 0x80007a1c (0x873d) x14 0xffffffff
core   0: 0x80007a1e (0x00008145) c.srli  a0, 17
core   0: 3 0x80007a1e (0x8145) x10 0x00002f80
core   0: 0x80007a20 (0x00000315) c.addi  t1, 5
core   0: 3 0x80007a20 (0x0315) x6  0x00000003
core   0: 0x80007a22 (0x0000822d) c.srli  a2, 11
core   0: 3 0x80007a22 (0x822d) x12 0x00000000
core   0: 0x80007a24 (0x00006811) c.lui   a6, 0x4
core   0: 3 0x80007a24 (0x6811) x16 0x00004000
core   0: 0x80007a26 (0xff7348e3) blt     t1, s7, pc - 16
core   0: 3 0x80007a26 (0xff7348e3)
core   0: 0x80007a2a (0x00008e75) c.and   a2, a3
core   0: 3 0x80007a2a (0x8e75) x12 0x00000000
core   0: 0x80007a2c (0x9a0f2513) slti    a0, t5, -1632
core   0: 3 0x80007a2c (0x9a0f2513) x10 0x00000000
core   0: 0x80007a30 (0x00001f90) c.addi4spn a2, sp, 1008
core   0: 3 0x80007a30 (0x1f90) x12 0x000003f0
core   0: 0x80007a32 (0x032c42b3) div     t0, s8, s2
core   0: 3 0x80007a32 (0x032c42b3) x5  0xffffffff
core   0: 0x80007a36 (0xfa34dbe3) bge     s1, gp, pc - 74
core   0: 3 0x80007a36 (0xfa34dbe3)
core   0: 0x800079ec (0x0096fcb3) and     s9, a3, s1
core   0: 3 0x800079ec (0x0096fcb3) x25 0x80025e30
core   0: 0x800079f0 (0x00e2da13) srli    s4, t0, 14
core   0: 3 0x800079f0 (0x00e2da13) x20 0x0003ffff
core   0: 0x800079f4 (0x5f000537) lui     a0, 0x5f000
core   0: 3 0x800079f4 (0x5f000537) x10 0x5f000000
core   0: 0x800079f8 (0x000014e1) c.addi  s1, -8
core   0: 3 0x800079f8 (0x14e1) x9  0xfffffff0
core   0: 0x800079fa (0x038aa933) mulhsu  s2, s5, s8
core   0: 3 0x800079fa (0x038aa933) x18 0x00000000
core   0: 0x800079fe (0x00000ec6) c.slli  t4, 17
core   0: 3 0x800079fe (0x0ec6) x29 0x00000000
core   0: 0x80007a00 (0x00005379) c.li    t1, -2
core   0: 3 0x80007a00 (0x5379) x6  0xfffffffe
core   0: 0x80007a02 (0x00009ad6) c.add   s5, s5
core   0: 3 0x80007a02 (0x9ad6) x21 0x00000000
core   0: 0x80007a04 (0x00004b8d) c.li    s7, 3
core   0: 3 0x80007a04 (0x4b8d) x23 0x00000003
core   0: 0x80007a06 (0x41b3d233) sra     tp, t2, s11
core   0: 3 0x80007a06 (0x41b3d233) x4  0x00001700
core   0: 0x80007a0a (0x00c2c2b3) xor     t0, t0, a2
core   0: 3 0x80007a0a (0x00c2c2b3) x5  0xfffffc0f
core   0: 0x80007a0e (0x000099fd) c.andi  a1, -1
core   0: 3 0x80007a0e (0x99fd) x11 0x00000010
core   0: 0x80007a10 (0x012257b3) srl     a5, tp, s2
core   0: 3 0x80007a10 (0x012257b3) x15 0x00001700
core   0: 0x80007a14 (0x0000078a) c.slli  a5, 2
core   0: 3 0x80007a14 (0x078a) x15 0x00005c00
core   0: 0x80007a16 (0x035fb7b3) mulhu   a5, t6, s5
core   0: 3 0x80007a16 (0x035fb7b3) x15 0x00000000
core   0: 0x80007a1a (0x000089d1) c.andi  a1, 20
core   0: 3 0x80007a1a (0x89d1) x11 0x00000010
core   0: 0x80007a1c (0x0000873d) c.srai  a4, 15
core   0: 3 0x80007a1c (0x873d) x14 0xffffffff
core   0: 0x80007a1e (0x00008145) c.srli  a0, 17
core   0: 3 0x80007a1e (0x8145) x10 0x00002f80
core   0: 0x80007a20 (0x00000315) c.addi  t1, 5
core   0: 3 0x80007a20 (0x0315) x6  0x00000003
core   0: 0x80007a22 (0x0000822d) c.srli  a2, 11
core   0: 3 0x80007a22 (0x822d) x12 0x00000000
core   0: 0x80007a24 (0x00006811) c.lui   a6, 0x4
core   0: 3 0x80007a24 (0x6811) x16 0x00004000
core   0: 0x80007a26 (0xff7348e3) blt     t1, s7, pc - 16
core   0: 3 0x80007a26 (0xff7348e3)
core   0: 0x80007a2a (0x00008e75) c.and   a2, a3
core   0: 3 0x80007a2a (0x8e75) x12 0x00000000
core   0: 0x80007a2c (0x9a0f2513) slti    a0, t5, -1632
core   0: 3 0x80007a2c (0x9a0f2513) x10 0x00000000
core   0: 0x80007a30 (0x00001f90) c.addi4spn a2, sp, 1008
core   0: 3 0x80007a30 (0x1f90) x12 0x000003f0
core   0: 0x80007a32 (0x032c42b3) div     t0, s8, s2
core   0: 3 0x80007a32 (0x032c42b3) x5  0xffffffff
core   0: 0x80007a36 (0xfa34dbe3) bge     s1, gp, pc - 74
core   0: 3 0x80007a36 (0xfa34dbe3)
core   0: 0x80007a3a (0x00000001) c.nop
core   0: 3 0x80007a3a (0x0001)
core   0: 0x80007a3c (0x026f1933) mulh    s2, t5, t1
core   0: 3 0x80007a3c (0x026f1933) x18 0x00000000
core   0: 0x80007a40 (0x0000117d) c.addi  sp, -1
core   0: 3 0x80007a40 (0x117d) x2  0xffffffff
core   0: 0x80007a42 (0x00006135) c.addi16sp sp, 352
core   0: 3 0x80007a42 (0x6135) x2  0x0000015f
core   0: 0x80007a44 (0x408ede13) srai    t3, t4, 8
core   0: 3 0x80007a44 (0x408ede13) x28 0x00000000
core   0: 0x80007a48 (0x00901b13) slli    s6, zero, 9
core   0: 3 0x80007a48 (0x00901b13) x22 0x00000000
core   0: 0x80007a4c (0x03cf1263) bne     t5, t3, pc + 36
core   0: 3 0x80007a4c (0x03cf1263)
core   0: 0x80007a50 (0x001879b3) and     s3, a6, ra
core   0: 3 0x80007a50 (0x001879b3) x19 0x00000000
core   0: 0x80007a54 (0x4e6aaf13) slti    t5, s5, 1254
core   0: 3 0x80007a54 (0x4e6aaf13) x30 0x00000001
core   0: 0x80007a58 (0x00008e59) c.or    a2, a4
core   0: 3 0x80007a58 (0x8e59) x12 0xffffffff
core   0: 0x80007a5a (0x000003e5) c.addi  t2, 25
core   0: 3 0x80007a5a (0x03e5) x7  0x005c0019
core   0: 0x80007a5c (0x0170ff33) and     t5, ra, s7
core   0: 3 0x80007a5c (0x0170ff33) x30 0x00000000
core   0: 0x80007a60 (0x006e0833) add     a6, t3, t1
core   0: 3 0x80007a60 (0x006e0833) x16 0x00000003
core   0: 0x80007a64 (0x00008d45) c.or    a0, s1
core   0: 3 0x80007a64 (0x8d45) x10 0xfffffff0
core   0: 0x80007a66 (0x02594a63) blt     s2, t0, pc + 52
core   0: 3 0x80007a66 (0x02594a63)
core   0: 0x80007a6a (0x028dc963) blt     s11, s0, pc + 50
core   0: 3 0x80007a6a (0x028dc963)
core   0: 0x80007a6e (0x00005b7d) c.li    s6, -1
core   0: 3 0x80007a6e (0x5b7d) x22 0xffffffff
core   0: 0x80007a70 (0x0000ed91) c.bnez  a1, pc + 28
core   0: 3 0x80007a70 (0xed91)
core   0: 0x80007a8c (0x32afea13) ori     s4, t6, 810
core   0: 3 0x80007a8c (0x32afea13) x20 0x045cdf6b
core   0: 0x80007a90 (0x032ba233) mulhsu  tp, s7, s2
core   0: 3 0x80007a90 (0x032ba233) x4  0x00000000
core   0: 0x80007a94 (0x017780b3) add     ra, a5, s7
core   0: 3 0x80007a94 (0x017780b3) x1  0x00000003
core   0: 0x80007a98 (0x00000001) c.nop
core   0: 3 0x80007a98 (0x0001)
core   0: 0x80007a9a (0x00008fd1) c.or    a5, a2
core   0: 3 0x80007a9a (0x8fd1) x15 0xffffffff
core   0: 0x80007a9c (0xe56d7813) andi    a6, s10, -426
core   0: 3 0x80007a9c (0xe56d7813) x16 0x00000000
core   0: 0x80007aa0 (0x02f77f63) bgeu    a4, a5, pc + 62
core   0: 3 0x80007aa0 (0x02f77f63)
core   0: 0x80007ade (0xcd698593) addi    a1, s3, -810
core   0: 3 0x80007ade (0xcd698593) x11 0xfffffcd6
core   0: 0x80007ae2 (0x00008e7d) c.and   a2, a5
core   0: 3 0x80007ae2 (0x8e7d) x12 0xffffffff
core   0: 0x80007ae4 (0x0000866a) c.mv    a2, s10
core   0: 3 0x80007ae4 (0x866a) x12 0x00000180
core   0: 0x80007ae6 (0x00006485) c.lui   s1, 0x1
core   0: 3 0x80007ae6 (0x6485) x9  0x00001000
core   0: 0x80007ae8 (0x022ede33) divu    t3, t4, sp
core   0: 3 0x80007ae8 (0x022ede33) x28 0x00000000
core   0: 0x80007aec (0x03e8c133) div     sp, a7, t5
core   0: 3 0x80007aec (0x03e8c133) x2  0xffffffff
core   0: 0x80007af0 (0x00000001) c.nop
core   0: 3 0x80007af0 (0x0001)
core   0: 0x80007af2 (0x02384763) blt     a6, gp, pc + 46
core   0: 3 0x80007af2 (0x02384763)
core   0: 0x80007af6 (0x0157c263) blt     a5, s5, pc + 4
core   0: 3 0x80007af6 (0x0157c263)
core   0: 0x80007afa (0x0228f493) andi    s1, a7, 34
core   0: 3 0x80007afa (0x0228f493) x9  0x00000020
core   0: 0x80007afe (0xe561b713) sltiu   a4, gp, -426
core   0: 3 0x80007afe (0xe561b713) x14 0x00000000
core   0: 0x80007b02 (0x00008fc9) c.or    a5, a0
core   0: 3 0x80007b02 (0x8fc9) x15 0xffffffff
core   0: 0x80007b04 (0x023fcd33) div     s10, t6, gp
core   0: 3 0x80007b04 (0x023fcd33) x26 0xff90505c
core   0: 0x80007b08 (0x01ce4f33) xor     t5, t3, t3
core   0: 3 0x80007b08 (0x01ce4f33) x30 0x00000000
core   0: 0x80007b0c (0x00009306) c.add   t1, ra
core   0: 3 0x80007b0c (0x9306) x6  0x00000006
core   0: 0x80007b0e (0x02990733) mul     a4, s2, s1
core   0: 3 0x80007b0e (0x02990733) x14 0x00000000
core   0: 0x80007b12 (0x03fc4eb3) div     t4, s8, t6
core   0: 3 0x80007b12 (0x03fc4eb3) x29 0xffffffff
core   0: 0x80007b16 (0x9632fa93) andi    s5, t0, -1693
core   0: 3 0x80007b16 (0x9632fa93) x21 0xfffff963
core   0: 0x80007b1a (0x00000001) c.nop
core   0: 3 0x80007b1a (0x0001)
core   0: 0x80007b1c (0x0084db13) srli    s6, s1, 8
core   0: 3 0x80007b1c (0x0084db13) x22 0x00000000
core   0: 0x80007b20 (0x02343233) mulhu   tp, s0, gp
core   0: 3 0x80007b20 (0x02343233) x4  0x80029cde
core   0: 0x80007b24 (0x01c55933) srl     s2, a0, t3
core   0: 3 0x80007b24 (0x01c55933) x18 0xfffffff0
core   0: 0x80007b28 (0x000a3eb3) sltu    t4, s4, zero
core   0: 3 0x80007b28 (0x000a3eb3) x29 0x00000000
core   0: 0x80007b2c (0x025323b3) mulhsu  t2, t1, t0
core   0: 3 0x80007b2c (0x025323b3) x7  0x00000005
core   0: 0x80007b30 (0x7614c793) xori    a5, s1, 1889
core   0: 3 0x80007b30 (0x7614c793) x15 0x00000741
core   0: 0x80007b34 (0x02fc1bb3) mulh    s7, s8, a5
core   0: 3 0x80007b34 (0x02fc1bb3) x23 0xffffffe0
core   0: 0x80007b38 (0x01a1c663) blt     gp, s10, pc + 12
core   0: 3 0x80007b38 (0x01a1c663)
core   0: 0x80007b3c (0x03e21533) mulh    a0, tp, t5
core   0: 3 0x80007b3c (0x03e21533) x10 0x00000000
core   0: 0x80007b40 (0x0000c119) c.beqz  a0, pc + 6
core   0: 3 0x80007b40 (0xc119)
core   0: 0x80007b46 (0x94140597) auipc   a1, 0x94140
core   0: 3 0x80007b46 (0x94140597) x11 0x14147b46
core   0: 0x80007b4a (0x03c923b3) mulhsu  t2, s2, t3
core   0: 3 0x80007b4a (0x03c923b3) x7  0x00000000
core   0: 0x80007b4e (0x020275b3) remu    a1, tp, zero
core   0: 3 0x80007b4e (0x020275b3) x11 0x80029cde
core   0: 0x80007b52 (0x00005579) c.li    a0, -2
core   0: 3 0x80007b52 (0x5579) x10 0xfffffffe
core   0: 0x80007b54 (0x03700833) mul     a6, zero, s7
core   0: 3 0x80007b54 (0x03700833) x16 0x00000000
core   0: 0x80007b58 (0x00008bed) c.andi  a5, 27
core   0: 3 0x80007b58 (0x8bed) x15 0x00000001
core   0: 0x80007b5a (0x00ff0cb3) add     s9, t5, a5
core   0: 3 0x80007b5a (0x00ff0cb3) x25 0x00000001
core   0: 0x80007b5e (0x00008e01) c.sub   a2, s0
core   0: 3 0x80007b5e (0x8e01) x12 0x7ffd649c
core   0: 0x80007b60 (0x00000001) c.nop
core   0: 3 0x80007b60 (0x0001)
core   0: 0x80007b62 (0x00005d7d) c.li    s10, -1
core   0: 3 0x80007b62 (0x5d7d) x26 0xffffffff
core   0: 0x80007b64 (0x0000030c) c.addi4spn a1, sp, 384
core   0: 3 0x80007b64 (0x030c) x11 0x0000017f
core   0: 0x80007b66 (0x00000505) c.addi  a0, 1
core   0: 3 0x80007b66 (0x0505) x10 0xffffffff
core   0: 0x80007b68 (0x00c29393) slli    t2, t0, 12
core   0: 3 0x80007b68 (0x00c29393) x7  0xfffff000
core   0: 0x80007b6c (0x00723cb3) sltu    s9, tp, t2
core   0: 3 0x80007b6c (0x00723cb3) x25 0x00000001
core   0: 0x80007b70 (0x00004b99) c.li    s7, 6
core   0: 3 0x80007b70 (0x4b99) x23 0x00000006
core   0: 0x80007b72 (0x00005f51) c.li    t5, -12
core   0: 3 0x80007b72 (0x5f51) x30 0xfffffff4
core   0: 0x80007b74 (0x90604313) xori    t1, zero, -1786
core   0: 3 0x80007b74 (0x90604313) x6  0xfffff906
core   0: 0x80007b78 (0x00001bf9) c.addi  s7, -2
core   0: 3 0x80007b78 (0x1bf9) x23 0x00000004
core   0: 0x80007b7a (0x03779b33) mulh    s6, a5, s7
core   0: 3 0x80007b7a (0x03779b33) x22 0x00000000
core   0: 0x80007b7e (0xffeb8be3) beq     s7, t5, pc - 10
core   0: 3 0x80007b7e (0xffeb8be3)
core   0: 0x80007b82 (0x00008715) c.srai  a4, 5
core   0: 3 0x80007b82 (0x8715) x14 0x00000000
core   0: 0x80007b84 (0x8266be13) sltiu   t3, a3, -2010
core   0: 3 0x80007b84 (0x8266be13) x28 0x00000001
core   0: 0x80007b88 (0x0bfbcd13) xori    s10, s7, 191
core   0: 3 0x80007b88 (0x0bfbcd13) x26 0x000000bb
core   0: 0x80007b8c (0x0000d979) c.beqz  a0, pc - 42
core   0: 3 0x80007b8c (0xd979)
core   0: 0x80007b8e (0x0000717d) c.addi16sp sp, -16
core   0: 3 0x80007b8e (0x717d) x2  0xffffffef
core   0: 0x80007b90 (0x00bcc463) blt     s9, a1, pc + 8
core   0: 3 0x80007b90 (0x00bcc463)
core   0: 0x80007b98 (0xc1d42013) slti    zero, s0, -995
core   0: 3 0x80007b98 (0xc1d42013)
core   0: 0x80007b9c (0x02d87a33) remu    s4, a6, a3
core   0: 3 0x80007b9c (0x02d87a33) x20 0x00000000
core   0: 0x80007ba0 (0x1d34a213) slti    tp, s1, 467
core   0: 3 0x80007ba0 (0x1d34a213) x4  0x00000001
core   0: 0x80007ba4 (0x00008e01) c.sub   a2, s0
core   0: 3 0x80007ba4 (0x8e01) x12 0xfffac7b8
core   0: 0x80007ba6 (0x000098ee) c.add   a7, s11
core   0: 3 0x80007ba6 (0x98ee) x17 0xfffac376
core   0: 0x80007ba8 (0x03a2e533) rem     a0, t0, s10
core   0: 3 0x80007ba8 (0x03a2e533) x10 0xffffffff
core   0: 0x80007bac (0xe641b313) sltiu   t1, gp, -412
core   0: 3 0x80007bac (0xe641b313) x6  0x00000000
core   0: 0x80007bb0 (0x000080e9) c.srli  s1, 26
core   0: 3 0x80007bb0 (0x80e9) x9  0x00000000
core   0: 0x80007bb2 (0x01014033) xor     zero, sp, a6
core   0: 3 0x80007bb2 (0x01014033)
core   0: 0x80007bb6 (0x00000001) c.nop
core   0: 3 0x80007bb6 (0x0001)
core   0: 0x80007bb8 (0x083e4e13) xori    t3, t3, 131
core   0: 3 0x80007bb8 (0x083e4e13) x28 0x00000082
core   0: 0x80007bbc (0x0000c79d) c.beqz  a5, pc + 46
core   0: 3 0x80007bbc (0xc79d)
core   0: 0x80007bbe (0x00008fb9) c.xor   a5, a4
core   0: 3 0x80007bbe (0x8fb9) x15 0x00000001
core   0: 0x80007bc0 (0x003eb7b3) sltu    a5, t4, gp
core   0: 3 0x80007bc0 (0x003eb7b3) x15 0x00000001
core   0: 0x80007bc4 (0x00006831) c.lui   a6, 0xc
core   0: 3 0x80007bc4 (0x6831) x16 0x0000c000
core   0: 0x80007bc6 (0x00008f0a) c.mv    t5, sp
core   0: 3 0x80007bc6 (0x8f0a) x30 0xffffffef
core   0: 0x80007bc8 (0x0000ca11) c.beqz  a2, pc + 20
core   0: 3 0x80007bc8 (0xca11)
core   0: 0x80007bca (0xa0edaa13) slti    s4, s11, -1522
core   0: 3 0x80007bca (0xa0edaa13) x20 0x00000000
core   0: 0x80007bce (0x0137f263) bgeu    a5, s3, pc + 4
core   0: 3 0x80007bce (0x0137f263)
core   0: 0x80007bd2 (0x0000828a) c.mv    t0, sp
core   0: 3 0x80007bd2 (0x828a) x5  0xffffffef
core   0: 0x80007bd4 (0x41e25793) srai    a5, tp, 30
core   0: 3 0x80007bd4 (0x41e25793) x15 0x00000000
core   0: 0x80007bd8 (0x03253eb3) mulhu   t4, a0, s2
core   0: 3 0x80007bd8 (0x03253eb3) x29 0xffffffef
core   0: 0x80007bdc (0x03350633) mul     a2, a0, s3
core   0: 3 0x80007bdc (0x03350633) x12 0x00000000
core   0: 0x80007be0 (0xdfdb3893) sltiu   a7, s6, -515
core   0: 3 0x80007be0 (0xdfdb3893) x17 0x00000001
core   0: 0x80007be4 (0x00d87f63) bgeu    a6, a3, pc + 30
core   0: 3 0x80007be4 (0x00d87f63)
core   0: 0x80007be8 (0x00008fed) c.and   a5, a1
core   0: 3 0x80007be8 (0x8fed) x15 0x00000000
core   0: 0x80007bea (0x000080f5) c.srli  s1, 29
core   0: 3 0x80007bea (0x80f5) x9  0x00000000
core   0: 0x80007bec (0x00008f9d) c.sub   a5, a5
core   0: 3 0x80007bec (0x8f9d) x15 0x00000000
core   0: 0x80007bee (0xe752ee13) ori     t3, t0, -395
core   0: 3 0x80007bee (0xe752ee13) x28 0xffffffff
core   0: 0x80007bf2 (0x00000001) c.nop
core   0: 3 0x80007bf2 (0x0001)
core   0: 0x80007bf4 (0x00000e84) c.addi4spn s1, sp, 848
core   0: 3 0x80007bf4 (0x0e84) x9  0x0000033f
core   0: 0x80007bf6 (0x013acc63) blt     s5, s3, pc + 24
core   0: 3 0x80007bf6 (0x013acc63)
core   0: 0x80007c0e (0x00008261) c.srli  a2, 24
core   0: 3 0x80007c0e (0x8261) x12 0x00000000
core   0: 0x80007c10 (0x00008e49) c.or    a2, a0
core   0: 3 0x80007c10 (0x8e49) x12 0xffffffff
core   0: 0x80007c12 (0x00008f4d) c.or    a4, a1
core   0: 3 0x80007c12 (0x8f4d) x14 0x0000017f
core   0: 0x80007c14 (0x0225a133) mulhsu  sp, a1, sp
core   0: 3 0x80007c14 (0x0225a133) x2  0x0000017e
core   0: 0x80007c18 (0x000017fd) c.addi  a5, -1
core   0: 3 0x80007c18 (0x17fd) x15 0xffffffff
core   0: 0x80007c1a (0x004becb3) or      s9, s7, tp
core   0: 3 0x80007c1a (0x004becb3) x25 0x00000005
core   0: 0x80007c1e (0x9a77ca13) xori    s4, a5, -1625
core   0: 3 0x80007c1e (0x9a77ca13) x20 0x00000658
core   0: 0x80007c22 (0x02c330b3) mulhu   ra, t1, a2
core   0: 3 0x80007c22 (0x02c330b3) x1  0x00000000
core   0: 0x80007c26 (0x9347f213) andi    tp, a5, -1740
core   0: 3 0x80007c26 (0x9347f213) x4  0xfffff934
core   0: 0x80007c2a (0x01c35993) srli    s3, t1, 28
core   0: 3 0x80007c2a (0x01c35993) x19 0x00000000
core   0: 0x80007c2e (0x00008d05) c.sub   a0, s1
core   0: 3 0x80007c2e (0x8d05) x10 0xfffffcc0
core   0: 0x80007c30 (0x01db5993) srli    s3, s6, 29
core   0: 3 0x80007c30 (0x01db5993) x19 0x00000000
core   0: 0x80007c34 (0x40ab0b33) sub     s6, s6, a0
core   0: 3 0x80007c34 (0x40ab0b33) x22 0x00000340
core   0: 0x80007c38 (0x01206eb3) or      t4, zero, s2
core   0: 3 0x80007c38 (0x01206eb3) x29 0xfffffff0
core   0: 0x80007c3c (0xa3fbb893) sltiu   a7, s7, -1473
core   0: 3 0x80007c3c (0xa3fbb893) x17 0x00000001
core   0: 0x80007c40 (0x00008639) c.srai  a2, 14
core   0: 3 0x80007c40 (0x8639) x12 0xffffffff
core   0: 0x80007c42 (0x0323e133) rem     sp, t2, s2
core   0: 3 0x80007c42 (0x0323e133) x2  0x00000000
core   0: 0x80007c46 (0x00009c86) c.add   s9, ra
core   0: 3 0x80007c46 (0x9c86) x25 0x00000005
core   0: 0x80007c48 (0xf3fe2793) slti    a5, t3, -193
core   0: 3 0x80007c48 (0xf3fe2793) x15 0x00000000
core   0: 0x80007c4c (0x0190d793) srli    a5, ra, 25
core   0: 3 0x80007c4c (0x0190d793) x15 0x00000000
core   0: 0x80007c50 (0x03c29b33) mulh    s6, t0, t3
core   0: 3 0x80007c50 (0x03c29b33) x22 0x00000000
core   0: 0x80007c54 (0x0000c48d) c.beqz  s1, pc + 42
core   0: 3 0x80007c54 (0xc48d)
core   0: 0x80007c56 (0x02d82e33) mulhsu  t3, a6, a3
core   0: 3 0x80007c56 (0x02d82e33) x28 0x00006001
core   0: 0x80007c5a (0x02f7a233) mulhsu  tp, a5, a5
core   0: 3 0x80007c5a (0x02f7a233) x4  0x00000000
core   0: 0x80007c5e (0x0000864a) c.mv    a2, s2
core   0: 3 0x80007c5e (0x864a) x12 0xfffffff0
core   0: 0x80007c60 (0x034b2533) mulhsu  a0, s6, s4
core   0: 3 0x80007c60 (0x034b2533) x10 0x00000000
core   0: 0x80007c64 (0x0279b5b3) mulhu   a1, s3, t2
core   0: 3 0x80007c64 (0x0279b5b3) x11 0x00000000
core   0: 0x80007c68 (0x030c2fb3) mulhsu  t6, s8, a6
core   0: 3 0x80007c68 (0x030c2fb3) x31 0xfffffcba
core   0: 0x80007c6c (0x025f6633) rem     a2, t5, t0
core   0: 3 0x80007c6c (0x025f6633) x12 0x00000000
core   0: 0x80007c70 (0x01db1663) bne     s6, t4, pc + 12
core   0: 3 0x80007c70 (0x01db1663)
core   0: 0x80007c7c (0x00000a04) c.addi4spn s1, sp, 272
core   0: 3 0x80007c7c (0x0a04) x9  0x00000110
core   0: 0x80007c7e (0x012948b3) xor     a7, s2, s2
core   0: 3 0x80007c7e (0x012948b3) x17 0x00000000
core   0: 0x80007c82 (0xb0bdbe13) sltiu   t3, s11, -1269
core   0: 3 0x80007c82 (0xb0bdbe13) x28 0x00000001
core   0: 0x80007c86 (0x9c000793) li      a5, -1600
core   0: 3 0x80007c86 (0x9c000793) x15 0xfffff9c0
core   0: 0x80007c8a (0x000ed863) bgez    t4, pc + 16
core   0: 3 0x80007c8a (0x000ed863)
core   0: 0x80007c8e (0x01d225b3) slt     a1, tp, t4
core   0: 3 0x80007c8e (0x01d225b3) x11 0x00000000
core   0: 0x80007c92 (0x02dd9c63) bne     s11, a3, pc + 56
core   0: 3 0x80007c92 (0x02dd9c63)
core   0: 0x80007cca (0x008763b3) or      t2, a4, s0
core   0: 3 0x80007cca (0x008763b3) x7  0x80029dff
core   0: 0x80007cce (0x0000e595) c.bnez  a1, pc + 44
core   0: 3 0x80007cce (0xe595)
core   0: 0x80007cd0 (0x032792b3) mulh    t0, a5, s2
core   0: 3 0x80007cd0 (0x032792b3) x5  0x00000000
core   0: 0x80007cd4 (0x000087ed) c.srai  a5, 27
core   0: 3 0x80007cd4 (0x87ed) x15 0xffffffff
core   0: 0x80007cd6 (0x2b4fc313) xori    t1, t6, 692
core   0: 3 0x80007cd6 (0x2b4fc313) x6  0xfffffe0e
core   0: 0x80007cda (0x000015fd) c.addi  a1, -1
core   0: 3 0x80007cda (0x15fd) x11 0xffffffff
core   0: 0x80007cdc (0x0213c133) div     sp, t2, ra
core   0: 3 0x80007cdc (0x0213c133) x2  0xffffffff
core   0: 0x80007ce0 (0x00008cd9) c.or    s1, a4
core   0: 3 0x80007ce0 (0x8cd9) x9  0x0000017f
core   0: 0x80007ce2 (0x02cd3233) mulhu   tp, s10, a2
core   0: 3 0x80007ce2 (0x02cd3233) x4  0x00000000
core   0: 0x80007ce6 (0x0382bbb3) mulhu   s7, t0, s8
core   0: 3 0x80007ce6 (0x0382bbb3) x23 0x00000000
core   0: 0x80007cea (0x267f3d93) sltiu   s11, t5, 615
core   0: 3 0x80007cea (0x267f3d93) x27 0x00000000
core   0: 0x80007cee (0xd9354113) xori    sp, a0, -621
core   0: 3 0x80007cee (0xd9354113) x2  0xfffffd93
core   0: 0x80007cf2 (0x03775f63) bge     a4, s7, pc + 62
core   0: 3 0x80007cf2 (0x03775f63)
core   0: 0x80007d30 (0x0000c121) c.beqz  a0, pc + 64
core   0: 3 0x80007d30 (0xc121)
core   0: 0x80007d70 (0x0074fe63) bgeu    s1, t2, pc + 28
core   0: 3 0x80007d70 (0x0074fe63)
core   0: 0x80007d74 (0x00008fe1) c.and   a5, s0
core   0: 3 0x80007d74 (0x8fe1) x15 0x80029ce4
core   0: 0x80007d76 (0x00008e4d) c.or    a2, a1
core   0: 3 0x80007d76 (0x8e4d) x12 0xffffffff
core   0: 0x80007d78 (0x006e32b3) sltu    t0, t3, t1
core   0: 3 0x80007d78 (0x006e32b3) x5  0x00000001
core   0: 0x80007d7c (0x00008d69) c.and   a0, a0
core   0: 3 0x80007d7c (0x8d69) x10 0x00000000
core   0: 0x80007d7e (0x00008616) c.mv    a2, t0
core   0: 3 0x80007d7e (0x8616) x12 0x00000001
core   0: 0x80007d80 (0x000ff8b3) and     a7, t6, zero
core   0: 3 0x80007d80 (0x000ff8b3) x17 0x00000000
core   0: 0x80007d84 (0x001f9293) slli    t0, t6, 1
core   0: 3 0x80007d84 (0x001f9293) x5  0xfffff974
core   0: 0x80007d88 (0x015750b3) srl     ra, a4, s5
core   0: 3 0x80007d88 (0x015750b3) x1  0x0000002f
core   0: 0x80007d8c (0x00008816) c.mv    a6, t0
core   0: 3 0x80007d8c (0x8816) x16 0xfffff974
core   0: 0x80007d8e (0x03a942b3) div     t0, s2, s10
core   0: 3 0x80007d8e (0x03a942b3) x5  0x00000000
core   0: 0x80007d92 (0x01b8cb63) blt     a7, s11, pc + 22
core   0: 3 0x80007d92 (0x01b8cb63)
core   0: 0x80007d96 (0x01dfa9b3) slt     s3, t6, t4
core   0: 3 0x80007d96 (0x01dfa9b3) x19 0x00000001
core   0: 0x80007d9a (0x026bc333) div     t1, s7, t1
core   0: 3 0x80007d9a (0x026bc333) x6  0x00000000
core   0: 0x80007d9e (0x02db8cb3) mul     s9, s7, a3
core   0: 3 0x80007d9e (0x02db8cb3) x25 0x00000000
core   0: 0x80007da2 (0x0000187d) c.addi  a6, -1
core   0: 3 0x80007da2 (0x187d) x16 0xfffff973
core   0: 0x80007da4 (0x87783913) sltiu   s2, a6, -1929
core   0: 3 0x80007da4 (0x87783913) x18 0x00000000
core   0: 0x80007da8 (0xba044e13) xori    t3, s0, -1120
core   0: 3 0x80007da8 (0xba044e13) x28 0x7ffd6744
core   0: 0x80007dac (0x31b34513) xori    a0, t1, 795
core   0: 3 0x80007dac (0x31b34513) x10 0x0000031b
core   0: 0x80007db0 (0x61096c93) ori     s9, s2, 1552
core   0: 3 0x80007db0 (0x61096c93) x25 0x00000610
core   0: 0x80007db4 (0x641fcd13) xori    s10, t6, 1601
core   0: 3 0x80007db4 (0x641fcd13) x26 0xfffffafb
core   0: 0x80007db8 (0x0000ea11) c.bnez  a2, pc + 20
core   0: 3 0x80007db8 (0xea11)
core   0: 0x80007dcc (0x8664b313) sltiu   t1, s1, -1946
core   0: 3 0x80007dcc (0x8664b313) x6  0x00000001
core   0: 0x80007dd0 (0x027b28b3) mulhsu  a7, s6, t2
core   0: 3 0x80007dd0 (0x027b28b3) x17 0x00000000
core   0: 0x80007dd4 (0x037f4863) blt     t5, s7, pc + 48
core   0: 3 0x80007dd4 (0x037f4863)
core   0: 0x80007e04 (0x40a38033) sub     zero, t2, a0
core   0: 3 0x80007e04 (0x40a38033)
core   0: 0x80007e08 (0x02a80bb3) mul     s7, a6, a0
core   0: 3 0x80007e08 (0x02a80bb3) x23 0xffeba821
core   0: 0x80007e0c (0x03b1ad33) mulhsu  s10, gp, s11
core   0: 3 0x80007e0c (0x03b1ad33) x26 0x00000000
core   0: 0x80007e10 (0xffffb297) auipc   t0, 0xffffb
core   0: 3 0x80007e10 (0xffffb297) x5  0x80002e10
core   0: 0x80007e14 (0x51828293) addi    t0, t0, 1304
core   0: 3 0x80007e14 (0x51828293) x5  0x80003328
core   0: 0x80007e18 (0x00001e9c) c.addi4spn a5, sp, 880
core   0: 3 0x80007e18 (0x1e9c) x15 0x00000103
core   0: 0x80007e1a (0x51cb6b13) ori     s6, s6, 1308
core   0: 3 0x80007e1a (0x51cb6b13) x22 0x0000051c
core   0: 0x80007e1e (0x00008be1) c.andi  a5, 24
core   0: 3 0x80007e1e (0x8be1) x15 0x00000000
core   0: 0x80007e20 (0x039bbbb3) mulhu   s7, s7, s9
core   0: 3 0x80007e20 (0x039bbbb3) x23 0x0000060f
core   0: 0x80007e24 (0x0392f533) remu    a0, t0, s9
core   0: 3 0x80007e24 (0x0392f533) x10 0x00000228
core   0: 0x80007e28 (0xc6a28293) addi    t0, t0, -918
core   0: 3 0x80007e28 (0xc6a28293) x5  0x80002f92
core   0: 0x80007e2c (0x41fdd513) srai    a0, s11, 31
core   0: 3 0x80007e2c (0x41fdd513) x10 0x00000000
core   0: 0x80007e30 (0x00006e41) c.lui   t3, 0x10
core   0: 3 0x80007e30 (0x6e41) x28 0x00010000
core   0: 0x80007e32 (0x39728367) jalr    t1, t0, 919
core   0: 3 0x80007e32 (0x39728367) x6  0x80007e36
core   0: 0x80003328 (0x00008351) c.srli  a4, 20
core   0: 3 0x80003328 (0x8351) x14 0x00000000
core   0: 0x8000332a (0x01205933) srl     s2, zero, s2
core   0: 3 0x8000332a (0x01205933) x18 0x00000000
core   0: 0x8000332e (0x00004629) c.li    a2, 10
core   0: 3 0x8000332e (0x4629) x12 0x0000000a
core   0: 0x80003330 (0x00008b65) c.andi  a4, 25
core   0: 3 0x80003330 (0x8b65) x14 0x00000000
core   0: 0x80003332 (0x000016e1) c.addi  a3, -8
core   0: 3 0x80003332 (0x16e1) x13 0x80025e28
core   0: 0x80003334 (0x0066a223) sw      t1, 4(a3)
core   0: 3 0x80003334 (0x0066a223) mem 0x80025e2c 0x80007e36
core   0: 0x80003338 (0x3051b713) sltiu   a4, gp, 773
core   0: 3 0x80003338 (0x3051b713) x14 0x00000000
core   0: 0x8000333c (0x41be5bb3) sra     s7, t3, s11
core   0: 3 0x8000333c (0x41be5bb3) x23 0x00010000
core   0: 0x80003340 (0x31a94893) xori    a7, s2, 794
core   0: 3 0x80003340 (0x31a94893) x17 0x0000031a
core   0: 0x80003344 (0x00005571) c.li    a0, -4
core   0: 3 0x80003344 (0x5571) x10 0xfffffffc
core   0: 0x80003346 (0x00000001) c.nop
core   0: 3 0x80003346 (0x0001)
core   0: 0x80003348 (0x8c364f13) xori    t5, a2, -1853
core   0: 3 0x80003348 (0x8c364f13) x30 0xfffff8c9
core   0: 0x8000334c (0x00eea833) slt     a6, t4, a4
core   0: 3 0x8000334c (0x00eea833) x16 0x00000001
core   0: 0x80003350 (0x00000509) c.addi  a0, 2
core   0: 3 0x80003350 (0x0509) x10 0xfffffffe
core   0: 0x80003352 (0x00004491) c.li    s1, 4
core   0: 3 0x80003352 (0x4491) x9  0x00000004
core   0: 0x80003354 (0x0277b3b3) mulhu   t2, a5, t2
core   0: 3 0x80003354 (0x0277b3b3) x7  0x00000000
core   0: 0x80003358 (0x038cc733) div     a4, s9, s8
core   0: 3 0x80003358 (0x038cc733) x14 0x00000000
core   0: 0x8000335c (0x000042ad) c.li    t0, 11
core   0: 3 0x8000335c (0x42ad) x5  0x0000000b
core   0: 0x8000335e (0x020fe0b3) rem     ra, t6, zero
core   0: 3 0x8000335e (0x020fe0b3) x1  0xfffffcba
core   0: 0x80003362 (0x00000485) c.addi  s1, 1
core   0: 3 0x80003362 (0x0485) x9  0x00000005
core   0: 0x80003364 (0xfe548de3) beq     s1, t0, pc - 6
core   0: 3 0x80003364 (0xfe548de3)
core   0: 0x80003368 (0x0000f175) c.bnez  a0, pc - 28
core   0: 3 0x80003368 (0xf175)
core   0: 0x8000334c (0x00eea833) slt     a6, t4, a4
core   0: 3 0x8000334c (0x00eea833) x16 0x00000001
core   0: 0x80003350 (0x00000509) c.addi  a0, 2
core   0: 3 0x80003350 (0x0509) x10 0x00000000
core   0: 0x80003352 (0x00004491) c.li    s1, 4
core   0: 3 0x80003352 (0x4491) x9  0x00000004
core   0: 0x80003354 (0x0277b3b3) mulhu   t2, a5, t2
core   0: 3 0x80003354 (0x0277b3b3) x7  0x00000000
core   0: 0x80003358 (0x038cc733) div     a4, s9, s8
core   0: 3 0x80003358 (0x038cc733) x14 0x00000000
core   0: 0x8000335c (0x000042ad) c.li    t0, 11
core   0: 3 0x8000335c (0x42ad) x5  0x0000000b
core   0: 0x8000335e (0x020fe0b3) rem     ra, t6, zero
core   0: 3 0x8000335e (0x020fe0b3) x1  0xfffffcba
core   0: 0x80003362 (0x00000485) c.addi  s1, 1
core   0: 3 0x80003362 (0x0485) x9  0x00000005
core   0: 0x80003364 (0xfe548de3) beq     s1, t0, pc - 6
core   0: 3 0x80003364 (0xfe548de3)
core   0: 0x80003368 (0x0000f175) c.bnez  a0, pc - 28
core   0: 3 0x80003368 (0xf175)
core   0: 0x8000336a (0x007f57b3) srl     a5, t5, t2
core   0: 3 0x8000336a (0x007f57b3) x15 0xfffff8c9
core   0: 0x8000336e (0x00005775) c.li    a4, -3
core   0: 3 0x8000336e (0x5775) x14 0xfffffffd
core   0: 0x80003370 (0x00008e0d) c.sub   a2, a1
core   0: 3 0x80003370 (0x8e0d) x12 0x0000000b
core   0: 0x80003372 (0x00004199) c.li    gp, 6
core   0: 3 0x80003372 (0x4199) x3  0x00000006
core   0: 0x80003374 (0x00f860b3) or      ra, a6, a5
core   0: 3 0x80003374 (0x00f860b3) x1  0xfffff8c9
core   0: 0x80003378 (0x2ed90997) auipc   s3, 0x2ed90
core   0: 3 0x80003378 (0x2ed90997) x19 0xaed93378
core   0: 0x8000337c (0x01d69793) slli    a5, a3, 29
core   0: 3 0x8000337c (0x01d69793) x15 0x00000000
core   0: 0x80003380 (0xd96a8b13) addi    s6, s5, -618
core   0: 3 0x80003380 (0xd96a8b13) x22 0xfffff6f9
core   0: 0x80003384 (0x0000070d) c.addi  a4, 3
core   0: 3 0x80003384 (0x070d) x14 0x00000000
core   0: 0x80003386 (0x000054ed) c.li    s1, -5
core   0: 3 0x80003386 (0x54ed) x9  0xfffffffb
core   0: 0x80003388 (0x01ef1893) slli    a7, t5, 30
core   0: 3 0x80003388 (0x01ef1893) x17 0x40000000
core   0: 0x8000338c (0x00004589) c.li    a1, 2
core   0: 3 0x8000338c (0x4589) x11 0x00000002
core   0: 0x8000338e (0x0064ea33) or      s4, s1, t1
core   0: 3 0x8000338e (0x0064ea33) x20 0xffffffff
core   0: 0x80003392 (0x00009606) c.add   a2, ra
core   0: 3 0x80003392 (0x9606) x12 0xfffff8d4
core   0: 0x80003394 (0xd4878f93) addi    t6, a5, -696
core   0: 3 0x80003394 (0xd4878f93) x31 0xfffffd48
core   0: 0x80003398 (0x0000048d) c.addi  s1, 3
core   0: 3 0x80003398 (0x048d) x9  0xfffffffe
core   0: 0x8000339a (0xfeb4eae3) bltu    s1, a1, pc - 12
core   0: 3 0x8000339a (0xfeb4eae3)
core   0: 0x8000339e (0x00008fd9) c.or    a5, a4
core   0: 3 0x8000339e (0x8fd9) x15 0x00000000
core   0: 0x800033a0 (0x08a2e613) ori     a2, t0, 138
core   0: 3 0x800033a0 (0x08a2e613) x12 0x0000008b
core   0: 0x800033a4 (0x41365e93) srai    t4, a2, 19
core   0: 3 0x800033a4 (0x41365e93) x29 0x00000000
core   0: 0x800033a8 (0x0000838d) c.srli  a5, 3
core   0: 3 0x800033a8 (0x838d) x15 0x00000000
core   0: 0x800033aa (0x02d55ab3) divu    s5, a0, a3
core   0: 3 0x800033aa (0x02d55ab3) x21 0x00000000
core   0: 0x800033ae (0x0174ccb3) xor     s9, s1, s7
core   0: 3 0x800033ae (0x0174ccb3) x25 0xfffefffe
core   0: 0x800033b2 (0xfc3707e3) beq     a4, gp, pc - 50
core   0: 3 0x800033b2 (0xfc3707e3)
core   0: 0x800033b6 (0x00001b90) c.addi4spn a2, sp, 496
core   0: 3 0x800033b6 (0x1b90) x12 0xffffff83
core   0: 0x800033b8 (0x00004d81) c.li    s11, 0
core   0: 3 0x800033b8 (0x4d81) x27 0x00000000
core   0: 0x800033ba (0x0000423d) c.li    tp, 15
core   0: 3 0x800033ba (0x423d) x4  0x0000000f
core   0: 0x800033bc (0x4401a493) slti    s1, gp, 1088
core   0: 3 0x800033bc (0x4401a493) x9  0x00000001
core   0: 0x800033c0 (0x67d26b17) auipc   s6, 0x67d26
core   0: 3 0x800033c0 (0x67d26b17) x22 0xe7d293c0
core   0: 0x800033c4 (0x00000d8d) c.addi  s11, 3
core   0: 3 0x800033c4 (0x0d8d) x27 0x00000003
core   0: 0x800033c6 (0xfe4d8de3) beq     s11, tp, pc - 6
core   0: 3 0x800033c6 (0xfe4d8de3)
core   0: 0x800033ca (0x00001810) c.addi4spn a2, sp, 48
core   0: 3 0x800033ca (0x1810) x12 0xfffffdc3
core   0: 0x800033cc (0x000055e1) c.li    a1, -8
core   0: 3 0x800033cc (0x55e1) x11 0xfffffff8
core   0: 0x800033ce (0x00004eb5) c.li    t4, 13
core   0: 3 0x800033ce (0x4eb5) x29 0x0000000d
core   0: 0x800033d0 (0x0000171c) c.addi4spn a5, sp, 928
core   0: 3 0x800033d0 (0x171c) x15 0x00000133
core   0: 0x800033d2 (0x0000058d) c.addi  a1, 3
core   0: 3 0x800033d2 (0x058d) x11 0xfffffffb
core   0: 0x800033d4 (0x0000566d) c.li    a2, -5
core   0: 3 0x800033d4 (0x566d) x12 0xfffffffb
core   0: 0x800033d6 (0x00000001) c.nop
core   0: 3 0x800033d6 (0x0001)
core   0: 0x800033d8 (0x0388ffb3) remu    t6, a7, s8
core   0: 3 0x800033d8 (0x0388ffb3) x31 0x40000000
core   0: 0x800033dc (0x00000605) c.addi  a2, 1
core   0: 3 0x800033dc (0x0605) x12 0xfffffffc
core   0: 0x800033de (0x0000fe6d) c.bnez  a2, pc - 6
core   0: 3 0x800033de (0xfe6d)
core   0: 0x800033d8 (0x0388ffb3) remu    t6, a7, s8
core   0: 3 0x800033d8 (0x0388ffb3) x31 0x40000000
core   0: 0x800033dc (0x00000605) c.addi  a2, 1
core   0: 3 0x800033dc (0x0605) x12 0xfffffffd
core   0: 0x800033de (0x0000fe6d) c.bnez  a2, pc - 6
core   0: 3 0x800033de (0xfe6d)
core   0: 0x800033d8 (0x0388ffb3) remu    t6, a7, s8
core   0: 3 0x800033d8 (0x0388ffb3) x31 0x40000000
core   0: 0x800033dc (0x00000605) c.addi  a2, 1
core   0: 3 0x800033dc (0x0605) x12 0xfffffffe
core   0: 0x800033de (0x0000fe6d) c.bnez  a2, pc - 6
core   0: 3 0x800033de (0xfe6d)
core   0: 0x800033d8 (0x0388ffb3) remu    t6, a7, s8
core   0: 3 0x800033d8 (0x0388ffb3) x31 0x40000000
core   0: 0x800033dc (0x00000605) c.addi  a2, 1
core   0: 3 0x800033dc (0x0605) x12 0xffffffff
core   0: 0x800033de (0x0000fe6d) c.bnez  a2, pc - 6
core   0: 3 0x800033de (0xfe6d)
core   0: 0x800033d8 (0x0388ffb3) remu    t6, a7, s8
core   0: 3 0x800033d8 (0x0388ffb3) x31 0x40000000
core   0: 0x800033dc (0x00000605) c.addi  a2, 1
core   0: 3 0x800033dc (0x0605) x12 0x00000000
core   0: 0x800033de (0x0000fe6d) c.bnez  a2, pc - 6
core   0: 3 0x800033de (0xfe6d)
core   0: 0x800033e0 (0xffd588e3) beq     a1, t4, pc - 16
core   0: 3 0x800033e0 (0xffd588e3)
core   0: 0x800033e4 (0x00006165) c.addi16sp sp, 112
core   0: 3 0x800033e4 (0x6165) x2  0xfffffe03
core   0: 0x800033e6 (0x00004501) c.li    a0, 0
core   0: 3 0x800033e6 (0x4501) x10 0x00000000
core   0: 0x800033e8 (0x00000bfd) c.addi  s7, 31
core   0: 3 0x800033e8 (0x0bfd) x23 0x0001001f
core   0: 0x800033ea (0x00004609) c.li    a2, 2
core   0: 3 0x800033ea (0x4609) x12 0x00000002
core   0: 0x800033ec (0x0000879d) c.srai  a5, 7
core   0: 3 0x800033ec (0x879d) x15 0x00000002
core   0: 0x800033ee (0x006a7833) and     a6, s4, t1
core   0: 3 0x800033ee (0x006a7833) x16 0x80007e36
core   0: 0x800033f2 (0x00008f3d) c.xor   a4, a5
core   0: 3 0x800033f2 (0x8f3d) x14 0x00000002
core   0: 0x800033f4 (0x005e6d33) or      s10, t3, t0
core   0: 3 0x800033f4 (0x005e6d33) x26 0x0001000b
core   0: 0x800033f8 (0x00000515) c.addi  a0, 5
core   0: 3 0x800033f8 (0x0515) x10 0x00000005
core   0: 0x800033fa (0x00008df9) c.and   a1, a4
core   0: 3 0x800033fa (0x8df9) x11 0x00000002
core   0: 0x800033fc (0x88cbfa37) lui     s4, 0x88cbf
core   0: 3 0x800033fc (0x88cbfa37) x20 0x88cbf000
core   0: 0x80003400 (0x023e0033) mul     zero, t3, gp
core   0: 3 0x80003400 (0x023e0033)
core   0: 0x80003404 (0x5d792b93) slti    s7, s2, 1495
core   0: 3 0x80003404 (0x5d792b93) x23 0x00000001
core   0: 0x80003408 (0x000087ee) c.mv    a5, s11
core   0: 3 0x80003408 (0x87ee) x15 0x00000003
core   0: 0x8000340a (0x00008f69) c.and   a4, a0
core   0: 3 0x8000340a (0x8f69) x14 0x00000000
core   0: 0x8000340c (0x001657b3) srl     a5, a2, ra
core   0: 3 0x8000340c (0x001657b3) x15 0x00000000
core   0: 0x80003410 (0xfcc54fe3) blt     a0, a2, pc - 34
core   0: 3 0x80003410 (0xfcc54fe3)
core   0: 0x80003414 (0xf1b7cf97) auipc   t6, 0xf1b7c
core   0: 3 0x80003414 (0xf1b7cf97) x31 0x71b7f414
core   0: 0x80003418 (0x00004525) c.li    a0, 9
core   0: 3 0x80003418 (0x4525) x10 0x00000009
core   0: 0x8000341a (0x00004351) c.li    t1, 20
core   0: 3 0x8000341a (0x4351) x6  0x00000014
core   0: 0x8000341c (0x00000001) c.nop
core   0: 3 0x8000341c (0x0001)
core   0: 0x8000341e (0x000047c5) c.li    a5, 17
core   0: 3 0x8000341e (0x47c5) x15 0x00000011
core   0: 0x80003420 (0x00000505) c.addi  a0, 1
core   0: 3 0x80003420 (0x0505) x10 0x0000000a
core   0: 0x80003422 (0x00004625) c.li    a2, 9
core   0: 3 0x80003422 (0x4625) x12 0x00000009
core   0: 0x80003424 (0x00004c81) c.li    s9, 0
core   0: 3 0x80003424 (0x4c81) x25 0x00000000
core   0: 0x80003426 (0x00dd8e33) add     t3, s11, a3
core   0: 3 0x80003426 (0x00dd8e33) x28 0x80025e2b
core   0: 0x8000342a (0x0000165d) c.addi  a2, -9
core   0: 3 0x8000342a (0x165d) x12 0x00000000
core   0: 0x8000342c (0x000065ed) c.lui   a1, 0x1b
core   0: 3 0x8000342c (0x65ed) x11 0x0001b000
core   0: 0x8000342e (0xff965ce3) bge     a2, s9, pc - 8
core   0: 3 0x8000342e (0xff965ce3)
core   0: 0x80003426 (0x00dd8e33) add     t3, s11, a3
core   0: 3 0x80003426 (0x00dd8e33) x28 0x80025e2b
core   0: 0x8000342a (0x0000165d) c.addi  a2, -9
core   0: 3 0x8000342a (0x165d) x12 0xfffffff7
core   0: 0x8000342c (0x000065ed) c.lui   a1, 0x1b
core   0: 3 0x8000342c (0x65ed) x11 0x0001b000
core   0: 0x8000342e (0xff965ce3) bge     a2, s9, pc - 8
core   0: 3 0x8000342e (0xff965ce3)
core   0: 0x80003432 (0xfe6505e3) beq     a0, t1, pc - 22
core   0: 3 0x80003432 (0xfe6505e3)
core   0: 0x80003436 (0x00006211) c.lui   tp, 0x4
core   0: 3 0x80003436 (0x6211) x4  0x00004000
core   0: 0x80003438 (0x000040a1) c.li    ra, 8
core   0: 3 0x80003438 (0x40a1) x1  0x00000008
core   0: 0x8000343a (0x3e368193) addi    gp, a3, 995
core   0: 3 0x8000343a (0x3e368193) x3  0x8002620b
core   0: 0x8000343e (0x0000717d) c.addi16sp sp, -16
core   0: 3 0x8000343e (0x717d) x2  0xfffffdf3
core   0: 0x80003440 (0x0000872d) c.srai  a4, 11
core   0: 3 0x80003440 (0x872d) x14 0x00000000
core   0: 0x80003442 (0x000083bd) c.srli  a5, 15
core   0: 3 0x80003442 (0x83bd) x15 0x00000000
core   0: 0x80003444 (0x408b8d33) sub     s10, s7, s0
core   0: 3 0x80003444 (0x408b8d33) x26 0x7ffd631d
core   0: 0x80003448 (0x00cca133) slt     sp, s9, a2
core   0: 3 0x80003448 (0x00cca133) x2  0x00000000
core   0: 0x8000344c (0x00004995) c.li    s3, 5
core   0: 3 0x8000344c (0x4995) x19 0x00000005
core   0: 0x8000344e (0xa535fc93) andi    s9, a1, -1453
core   0: 3 0x8000344e (0xa535fc93) x25 0x0001b000
core   0: 0x80003452 (0xbc8e8717) auipc   a4, 0xbc8e8
core   0: 3 0x80003452 (0xbc8e8717) x14 0x3c8eb452
core   0: 0x80003456 (0x03d2efb3) rem     t6, t0, t4
core   0: 3 0x80003456 (0x03d2efb3) x31 0x0000000b
core   0: 0x8000345a (0x00b34ab3) xor     s5, t1, a1
core   0: 3 0x8000345a (0x00b34ab3) x21 0x0001b014
core   0: 0x8000345e (0x00000001) c.nop
core   0: 3 0x8000345e (0x0001)
core   0: 0x80003460 (0x00008d3a) c.mv    s10, a4
core   0: 3 0x80003460 (0x8d3a) x26 0x3c8eb452
core   0: 0x80003462 (0x0275abb3) mulhsu  s7, a1, t2
core   0: 3 0x80003462 (0x0275abb3) x23 0x00000000
core   0: 0x80003466 (0x00727633) and     a2, tp, t2
core   0: 3 0x80003466 (0x00727633) x12 0x00000000
core   0: 0x8000346a (0x03dac933) div     s2, s5, t4
core   0: 3 0x8000346a (0x03dac933) x18 0x0000213c
core   0: 0x8000346e (0x000010f1) c.addi  ra, -4
core   0: 3 0x8000346e (0x10f1) x1  0x00000004
core   0: 0x80003470 (0xe577d617) auipc   a2, 0xe577d
core   0: 3 0x80003470 (0xe577d617) x12 0x65780470
core   0: 0x80003474 (0x00b01133) sll     sp, zero, a1
core   0: 3 0x80003474 (0x00b01133) x2  0x00000000
core   0: 0x80003478 (0xfd30fde3) bgeu    ra, s3, pc - 38
core   0: 3 0x80003478 (0xfd30fde3)
core   0: 0x8000347c (0x024cbdb3) mulhu   s11, s9, tp
core   0: 3 0x8000347c (0x024cbdb3) x27 0x00000000
core   0: 0x80003480 (0x0000459d) c.li    a1, 7
core   0: 3 0x80003480 (0x459d) x11 0x00000007
core   0: 0x80003482 (0x4f302e93) slti    t4, zero, 1267
core   0: 3 0x80003482 (0x4f302e93) x29 0x00000001
core   0: 0x80003486 (0x00e92933) slt     s2, s2, a4
core   0: 3 0x80003486 (0x00e92933) x18 0x00000001
core   0: 0x8000348a (0x66c00b13) li      s6, 1644
core   0: 3 0x8000348a (0x66c00b13) x22 0x0000066c
core   0: 0x8000348e (0x00005e5d) c.li    t3, -9
core   0: 3 0x8000348e (0x5e5d) x28 0xfffffff7
core   0: 0x80003490 (0x03f8e533) rem     a0, a7, t6
core   0: 3 0x80003490 (0x03f8e533) x10 0x00000001
core   0: 0x80003494 (0x03043ab3) mulhu   s5, s0, a6
core   0: 3 0x80003494 (0x03043ab3) x21 0x40018d8e
core   0: 0x80003498 (0x0000997d) c.andi  a0, -1
core   0: 3 0x80003498 (0x997d) x10 0x00000001
core   0: 0x8000349a (0x15014013) xori    zero, sp, 336
core   0: 3 0x8000349a (0x15014013)
core   0: 0x8000349e (0x9fb90f97) auipc   t6, 0x9fb90
core   0: 3 0x8000349e (0x9fb90f97) x31 0x1fb9349e
core   0: 0x800034a2 (0x8c1ba913) slti    s2, s7, -1855
core   0: 3 0x800034a2 (0x8c1ba913) x18 0x00000000
core   0: 0x800034a6 (0x000015f9) c.addi  a1, -2
core   0: 3 0x800034a6 (0x15f9) x11 0x00000005
core   0: 0x800034a8 (0xffc58be3) beq     a1, t3, pc - 10
core   0: 3 0x800034a8 (0xffc58be3)
core   0: 0x800034ac (0x006802b3) add     t0, a6, t1
core   0: 3 0x800034ac (0x006802b3) x5  0x80007e4a
core   0: 0x800034b0 (0x00004589) c.li    a1, 2
core   0: 3 0x800034b0 (0x4589) x11 0x00000002
core   0: 0x800034b2 (0x030481b3) mul     gp, s1, a6
core   0: 3 0x800034b2 (0x030481b3) x3  0x80007e36
core   0: 0x800034b6 (0x0000482d) c.li    a6, 11
core   0: 3 0x800034b6 (0x482d) x16 0x0000000b
core   0: 0x800034b8 (0x00008f11) c.sub   a4, a2
core   0: 3 0x800034b8 (0x8f11) x14 0xd716afe2
core   0: 0x800034ba (0x00008622) c.mv    a2, s0
core   0: 3 0x800034ba (0x8622) x12 0x80029ce4
core   0: 0x800034bc (0x000005a1) c.addi  a1, 8
core   0: 3 0x800034bc (0x05a1) x11 0x0000000a
core   0: 0x800034be (0x00004fa5) c.li    t6, 9
core   0: 3 0x800034be (0x4fa5) x31 0x00000009
core   0: 0x800034c0 (0x00004321) c.li    t1, 8
core   0: 3 0x800034c0 (0x4321) x6  0x00000008
core   0: 0x800034c2 (0x00000001) c.nop
core   0: 3 0x800034c2 (0x0001)
core   0: 0x800034c4 (0x00001fe9) c.addi  t6, -6
core   0: 3 0x800034c4 (0x1fe9) x31 0x00000003
core   0: 0x800034c6 (0xfe6fdee3) bge     t6, t1, pc - 4
core   0: 3 0x800034c6 (0xfe6fdee3)
core   0: 0x800034ca (0xff05c7e3) blt     a1, a6, pc - 18
core   0: 3 0x800034ca (0xff05c7e3)
core   0: 0x800034b8 (0x00008f11) c.sub   a4, a2
core   0: 3 0x800034b8 (0x8f11) x14 0x571412fe
core   0: 0x800034ba (0x00008622) c.mv    a2, s0
core   0: 3 0x800034ba (0x8622) x12 0x80029ce4
core   0: 0x800034bc (0x000005a1) c.addi  a1, 8
core   0: 3 0x800034bc (0x05a1) x11 0x00000012
core   0: 0x800034be (0x00004fa5) c.li    t6, 9
core   0: 3 0x800034be (0x4fa5) x31 0x00000009
core   0: 0x800034c0 (0x00004321) c.li    t1, 8
core   0: 3 0x800034c0 (0x4321) x6  0x00000008
core   0: 0x800034c2 (0x00000001) c.nop
core   0: 3 0x800034c2 (0x0001)
core   0: 0x800034c4 (0x00001fe9) c.addi  t6, -6
core   0: 3 0x800034c4 (0x1fe9) x31 0x00000003
core   0: 0x800034c6 (0xfe6fdee3) bge     t6, t1, pc - 4
core   0: 3 0x800034c6 (0xfe6fdee3)
core   0: 0x800034ca (0xff05c7e3) blt     a1, a6, pc - 18
core   0: 3 0x800034ca (0xff05c7e3)
core   0: 0x800034ce (0x00008b31) c.andi  a4, 12
core   0: 3 0x800034ce (0x8b31) x14 0x0000000c
core   0: 0x800034d0 (0x00004295) c.li    t0, 5
core   0: 3 0x800034d0 (0x4295) x5  0x00000005
core   0: 0x800034d2 (0x00008671) c.srai  a2, 28
core   0: 3 0x800034d2 (0x8671) x12 0xfffffff8
core   0: 0x800034d4 (0x0000424d) c.li    tp, 19
core   0: 3 0x800034d4 (0x424d) x4  0x00000013
core   0: 0x800034d6 (0xe9d9c713) xori    a4, s3, -355
core   0: 3 0x800034d6 (0xe9d9c713) x14 0xfffffe98
core   0: 0x800034da (0x0345bf33) mulhu   t5, a1, s4
core   0: 3 0x800034da (0x0345bf33) x30 0x00000009
core   0: 0x800034de (0x0000137d) c.addi  t1, -1
core   0: 3 0x800034de (0x137d) x6  0x00000007
core   0: 0x800034e0 (0x02982fb3) mulhsu  t6, a6, s1
core   0: 3 0x800034e0 (0x02982fb3) x31 0x00000000
core   0: 0x800034e4 (0x00000295) c.addi  t0, 5
core   0: 3 0x800034e4 (0x0295) x5  0x0000000a
core   0: 0x800034e6 (0x01595933) srl     s2, s2, s5
core   0: 3 0x800034e6 (0x01595933) x18 0x00000000
core   0: 0x800034ea (0x000054e9) c.li    s1, -6
core   0: 3 0x800034ea (0x54e9) x9  0xfffffffa
core   0: 0x800034ec (0x8f3b4813) xori    a6, s6, -1805
core   0: 3 0x800034ec (0x8f3b4813) x16 0xfffffe9f
core   0: 0x800034f0 (0x00000001) c.nop
core   0: 3 0x800034f0 (0x0001)
core   0: 0x800034f2 (0x016bc133) xor     sp, s7, s6
core   0: 3 0x800034f2 (0x016bc133) x2  0x0000066c
core   0: 0x800034f6 (0x91c7c0b7) lui     ra, 0x91c7c
core   0: 3 0x800034f6 (0x91c7c0b7) x1  0x91c7c000
core   0: 0x800034fa (0xb28fcc93) xori    s9, t6, -1240
core   0: 3 0x800034fa (0xb28fcc93) x25 0xfffffb28
core   0: 0x800034fe (0x00000485) c.addi  s1, 1
core   0: 3 0x800034fe (0x0485) x9  0xfffffffb
core   0: 0x80003500 (0x0000f8fd) c.bnez  s1, pc - 10
core   0: 3 0x80003500 (0xf8fd)
core   0: 0x800034f6 (0x91c7c0b7) lui     ra, 0x91c7c
core   0: 3 0x800034f6 (0x91c7c0b7) x1  0x91c7c000
core   0: 0x800034fa (0xb28fcc93) xori    s9, t6, -1240
core   0: 3 0x800034fa (0xb28fcc93) x25 0xfffffb28
core   0: 0x800034fe (0x00000485) c.addi  s1, 1
core   0: 3 0x800034fe (0x0485) x9  0xfffffffc
core   0: 0x80003500 (0x0000f8fd) c.bnez  s1, pc - 10
core   0: 3 0x80003500 (0xf8fd)
core   0: 0x800034f6 (0x91c7c0b7) lui     ra, 0x91c7c
core   0: 3 0x800034f6 (0x91c7c0b7) x1  0x91c7c000
core   0: 0x800034fa (0xb28fcc93) xori    s9, t6, -1240
core   0: 3 0x800034fa (0xb28fcc93) x25 0xfffffb28
core   0: 0x800034fe (0x00000485) c.addi  s1, 1
core   0: 3 0x800034fe (0x0485) x9  0xfffffffd
core   0: 0x80003500 (0x0000f8fd) c.bnez  s1, pc - 10
core   0: 3 0x80003500 (0xf8fd)
core   0: 0x800034f6 (0x91c7c0b7) lui     ra, 0x91c7c
core   0: 3 0x800034f6 (0x91c7c0b7) x1  0x91c7c000
core   0: 0x800034fa (0xb28fcc93) xori    s9, t6, -1240
core   0: 3 0x800034fa (0xb28fcc93) x25 0xfffffb28
core   0: 0x800034fe (0x00000485) c.addi  s1, 1
core   0: 3 0x800034fe (0x0485) x9  0xfffffffe
core   0: 0x80003500 (0x0000f8fd) c.bnez  s1, pc - 10
core   0: 3 0x80003500 (0xf8fd)
core   0: 0x800034f6 (0x91c7c0b7) lui     ra, 0x91c7c
core   0: 3 0x800034f6 (0x91c7c0b7) x1  0x91c7c000
core   0: 0x800034fa (0xb28fcc93) xori    s9, t6, -1240
core   0: 3 0x800034fa (0xb28fcc93) x25 0xfffffb28
core   0: 0x800034fe (0x00000485) c.addi  s1, 1
core   0: 3 0x800034fe (0x0485) x9  0xffffffff
core   0: 0x80003500 (0x0000f8fd) c.bnez  s1, pc - 10
core   0: 3 0x80003500 (0xf8fd)
core   0: 0x800034f6 (0x91c7c0b7) lui     ra, 0x91c7c
core   0: 3 0x800034f6 (0x91c7c0b7) x1  0x91c7c000
core   0: 0x800034fa (0xb28fcc93) xori    s9, t6, -1240
core   0: 3 0x800034fa (0xb28fcc93) x25 0xfffffb28
core   0: 0x800034fe (0x00000485) c.addi  s1, 1
core   0: 3 0x800034fe (0x0485) x9  0x00000000
core   0: 0x80003500 (0x0000f8fd) c.bnez  s1, pc - 10
core   0: 3 0x80003500 (0xf8fd)
core   0: 0x80003502 (0x015a1d13) slli    s10, s4, 21
core   0: 3 0x80003502 (0x015a1d13) x26 0x00000000
core   0: 0x80003506 (0xfc42cae3) blt     t0, tp, pc - 44
core   0: 3 0x80003506 (0xfc42cae3)
core   0: 0x800034da (0x0345bf33) mulhu   t5, a1, s4
core   0: 3 0x800034da (0x0345bf33) x30 0x00000009
core   0: 0x800034de (0x0000137d) c.addi  t1, -1
core   0: 3 0x800034de (0x137d) x6  0x00000006
core   0: 0x800034e0 (0x02982fb3) mulhsu  t6, a6, s1
core   0: 3 0x800034e0 (0x02982fb3) x31 0x00000000
core   0: 0x800034e4 (0x00000295) c.addi  t0, 5
core   0: 3 0x800034e4 (0x0295) x5  0x0000000f
core   0: 0x800034e6 (0x01595933) srl     s2, s2, s5
core   0: 3 0x800034e6 (0x01595933) x18 0x00000000
core   0: 0x800034ea (0x000054e9) c.li    s1, -6
core   0: 3 0x800034ea (0x54e9) x9  0xfffffffa
core   0: 0x800034ec (0x8f3b4813) xori    a6, s6, -1805
core   0: 3 0x800034ec (0x8f3b4813) x16 0xfffffe9f
core   0: 0x800034f0 (0x00000001) c.nop
core   0: 3 0x800034f0 (0x0001)
core   0: 0x800034f2 (0x016bc133) xor     sp, s7, s6
core   0: 3 0x800034f2 (0x016bc133) x2  0x0000066c
core   0: 0x800034f6 (0x91c7c0b7) lui     ra, 0x91c7c
core   0: 3 0x800034f6 (0x91c7c0b7) x1  0x91c7c000
core   0: 0x800034fa (0xb28fcc93) xori    s9, t6, -1240
core   0: 3 0x800034fa (0xb28fcc93) x25 0xfffffb28
core   0: 0x800034fe (0x00000485) c.addi  s1, 1
core   0: 3 0x800034fe (0x0485) x9  0xfffffffb
core   0: 0x80003500 (0x0000f8fd) c.bnez  s1, pc - 10
core   0: 3 0x80003500 (0xf8fd)
core   0: 0x800034f6 (0x91c7c0b7) lui     ra, 0x91c7c
core   0: 3 0x800034f6 (0x91c7c0b7) x1  0x91c7c000
core   0: 0x800034fa (0xb28fcc93) xori    s9, t6, -1240
core   0: 3 0x800034fa (0xb28fcc93) x25 0xfffffb28
core   0: 0x800034fe (0x00000485) c.addi  s1, 1
core   0: 3 0x800034fe (0x0485) x9  0xfffffffc
core   0: 0x80003500 (0x0000f8fd) c.bnez  s1, pc - 10
core   0: 3 0x80003500 (0xf8fd)
core   0: 0x800034f6 (0x91c7c0b7) lui     ra, 0x91c7c
core   0: 3 0x800034f6 (0x91c7c0b7) x1  0x91c7c000
core   0: 0x800034fa (0xb28fcc93) xori    s9, t6, -1240
core   0: 3 0x800034fa (0xb28fcc93) x25 0xfffffb28
core   0: 0x800034fe (0x00000485) c.addi  s1, 1
core   0: 3 0x800034fe (0x0485) x9  0xfffffffd
core   0: 0x80003500 (0x0000f8fd) c.bnez  s1, pc - 10
core   0: 3 0x80003500 (0xf8fd)
core   0: 0x800034f6 (0x91c7c0b7) lui     ra, 0x91c7c
core   0: 3 0x800034f6 (0x91c7c0b7) x1  0x91c7c000
core   0: 0x800034fa (0xb28fcc93) xori    s9, t6, -1240
core   0: 3 0x800034fa (0xb28fcc93) x25 0xfffffb28
core   0: 0x800034fe (0x00000485) c.addi  s1, 1
core   0: 3 0x800034fe (0x0485) x9  0xfffffffe
core   0: 0x80003500 (0x0000f8fd) c.bnez  s1, pc - 10
core   0: 3 0x80003500 (0xf8fd)
core   0: 0x800034f6 (0x91c7c0b7) lui     ra, 0x91c7c
core   0: 3 0x800034f6 (0x91c7c0b7) x1  0x91c7c000
core   0: 0x800034fa (0xb28fcc93) xori    s9, t6, -1240
core   0: 3 0x800034fa (0xb28fcc93) x25 0xfffffb28
core   0: 0x800034fe (0x00000485) c.addi  s1, 1
core   0: 3 0x800034fe (0x0485) x9  0xffffffff
core   0: 0x80003500 (0x0000f8fd) c.bnez  s1, pc - 10
core   0: 3 0x80003500 (0xf8fd)
core   0: 0x800034f6 (0x91c7c0b7) lui     ra, 0x91c7c
core   0: 3 0x800034f6 (0x91c7c0b7) x1  0x91c7c000
core   0: 0x800034fa (0xb28fcc93) xori    s9, t6, -1240
core   0: 3 0x800034fa (0xb28fcc93) x25 0xfffffb28
core   0: 0x800034fe (0x00000485) c.addi  s1, 1
core   0: 3 0x800034fe (0x0485) x9  0x00000000
core   0: 0x80003500 (0x0000f8fd) c.bnez  s1, pc - 10
core   0: 3 0x80003500 (0xf8fd)
core   0: 0x80003502 (0x015a1d13) slli    s10, s4, 21
core   0: 3 0x80003502 (0x015a1d13) x26 0x00000000
core   0: 0x80003506 (0xfc42cae3) blt     t0, tp, pc - 44
core   0: 3 0x80003506 (0xfc42cae3)
core   0: 0x800034da (0x0345bf33) mulhu   t5, a1, s4
core   0: 3 0x800034da (0x0345bf33) x30 0x00000009
core   0: 0x800034de (0x0000137d) c.addi  t1, -1
core   0: 3 0x800034de (0x137d) x6  0x00000005
core   0: 0x800034e0 (0x02982fb3) mulhsu  t6, a6, s1
core   0: 3 0x800034e0 (0x02982fb3) x31 0x00000000
core   0: 0x800034e4 (0x00000295) c.addi  t0, 5
core   0: 3 0x800034e4 (0x0295) x5  0x00000014
core   0: 0x800034e6 (0x01595933) srl     s2, s2, s5
core   0: 3 0x800034e6 (0x01595933) x18 0x00000000
core   0: 0x800034ea (0x000054e9) c.li    s1, -6
core   0: 3 0x800034ea (0x54e9) x9  0xfffffffa
core   0: 0x800034ec (0x8f3b4813) xori    a6, s6, -1805
core   0: 3 0x800034ec (0x8f3b4813) x16 0xfffffe9f
core   0: 0x800034f0 (0x00000001) c.nop
core   0: 3 0x800034f0 (0x0001)
core   0: 0x800034f2 (0x016bc133) xor     sp, s7, s6
core   0: 3 0x800034f2 (0x016bc133) x2  0x0000066c
core   0: 0x800034f6 (0x91c7c0b7) lui     ra, 0x91c7c
core   0: 3 0x800034f6 (0x91c7c0b7) x1  0x91c7c000
core   0: 0x800034fa (0xb28fcc93) xori    s9, t6, -1240
core   0: 3 0x800034fa (0xb28fcc93) x25 0xfffffb28
core   0: 0x800034fe (0x00000485) c.addi  s1, 1
core   0: 3 0x800034fe (0x0485) x9  0xfffffffb
core   0: 0x80003500 (0x0000f8fd) c.bnez  s1, pc - 10
core   0: 3 0x80003500 (0xf8fd)
core   0: 0x800034f6 (0x91c7c0b7) lui     ra, 0x91c7c
core   0: 3 0x800034f6 (0x91c7c0b7) x1  0x91c7c000
core   0: 0x800034fa (0xb28fcc93) xori    s9, t6, -1240
core   0: 3 0x800034fa (0xb28fcc93) x25 0xfffffb28
core   0: 0x800034fe (0x00000485) c.addi  s1, 1
core   0: 3 0x800034fe (0x0485) x9  0xfffffffc
core   0: 0x80003500 (0x0000f8fd) c.bnez  s1, pc - 10
core   0: 3 0x80003500 (0xf8fd)
core   0: 0x800034f6 (0x91c7c0b7) lui     ra, 0x91c7c
core   0: 3 0x800034f6 (0x91c7c0b7) x1  0x91c7c000
core   0: 0x800034fa (0xb28fcc93) xori    s9, t6, -1240
core   0: 3 0x800034fa (0xb28fcc93) x25 0xfffffb28
core   0: 0x800034fe (0x00000485) c.addi  s1, 1
core   0: 3 0x800034fe (0x0485) x9  0xfffffffd
core   0: 0x80003500 (0x0000f8fd) c.bnez  s1, pc - 10
core   0: 3 0x80003500 (0xf8fd)
core   0: 0x800034f6 (0x91c7c0b7) lui     ra, 0x91c7c
core   0: 3 0x800034f6 (0x91c7c0b7) x1  0x91c7c000
core   0: 0x800034fa (0xb28fcc93) xori    s9, t6, -1240
core   0: 3 0x800034fa (0xb28fcc93) x25 0xfffffb28
core   0: 0x800034fe (0x00000485) c.addi  s1, 1
core   0: 3 0x800034fe (0x0485) x9  0xfffffffe
core   0: 0x80003500 (0x0000f8fd) c.bnez  s1, pc - 10
core   0: 3 0x80003500 (0xf8fd)
core   0: 0x800034f6 (0x91c7c0b7) lui     ra, 0x91c7c
core   0: 3 0x800034f6 (0x91c7c0b7) x1  0x91c7c000
core   0: 0x800034fa (0xb28fcc93) xori    s9, t6, -1240
core   0: 3 0x800034fa (0xb28fcc93) x25 0xfffffb28
core   0: 0x800034fe (0x00000485) c.addi  s1, 1
core   0: 3 0x800034fe (0x0485) x9  0xffffffff
core   0: 0x80003500 (0x0000f8fd) c.bnez  s1, pc - 10
core   0: 3 0x80003500 (0xf8fd)
core   0: 0x800034f6 (0x91c7c0b7) lui     ra, 0x91c7c
core   0: 3 0x800034f6 (0x91c7c0b7) x1  0x91c7c000
core   0: 0x800034fa (0xb28fcc93) xori    s9, t6, -1240
core   0: 3 0x800034fa (0xb28fcc93) x25 0xfffffb28
core   0: 0x800034fe (0x00000485) c.addi  s1, 1
core   0: 3 0x800034fe (0x0485) x9  0x00000000
core   0: 0x80003500 (0x0000f8fd) c.bnez  s1, pc - 10
core   0: 3 0x80003500 (0xf8fd)
core   0: 0x80003502 (0x015a1d13) slli    s10, s4, 21
core   0: 3 0x80003502 (0x015a1d13) x26 0x00000000
core   0: 0x80003506 (0xfc42cae3) blt     t0, tp, pc - 44
core   0: 3 0x80003506 (0xfc42cae3)
core   0: 0x8000350a (0x02c3ceb3) div     t4, t2, a2
core   0: 3 0x8000350a (0x02c3ceb3) x29 0x00000000
core   0: 0x8000350e (0x00005561) c.li    a0, -8
core   0: 3 0x8000350e (0x5561) x10 0xfffffff8
core   0: 0x80003510 (0x006f91b3) sll     gp, t6, t1
core   0: 3 0x80003510 (0x006f91b3) x3  0x00000000
core   0: 0x80003514 (0x020b7e33) remu    t3, s6, zero
core   0: 3 0x80003514 (0x020b7e33) x28 0x0000066c
core   0: 0x80003518 (0x019fceb3) xor     t4, t6, s9
core   0: 3 0x80003518 (0x019fceb3) x29 0xfffffb28
core   0: 0x8000351c (0x000008d5) c.addi  a7, 21
core   0: 3 0x8000351c (0x08d5) x17 0x40000015
core   0: 0x8000351e (0x00008d95) c.sub   a1, a3
core   0: 3 0x8000351e (0x8d95) x11 0x7ffda1ea
core   0: 0x80003520 (0x4a3f4a13) xori    s4, t5, 1187
core   0: 3 0x80003520 (0x4a3f4a13) x20 0x000004aa
core   0: 0x80003524 (0x370a1ab7) lui     s5, 0x370a1
core   0: 3 0x80003524 (0x370a1ab7) x21 0x370a1000
core   0: 0x80003528 (0x00008e11) c.sub   a2, a2
core   0: 3 0x80003528 (0x8e11) x12 0x00000000
core   0: 0x8000352a (0x00000001) c.nop
core   0: 3 0x8000352a (0x0001)
core   0: 0x8000352c (0x000099fd) c.andi  a1, -1
core   0: 3 0x8000352c (0x99fd) x11 0x7ffda1ea
core   0: 0x8000352e (0x0000931e) c.add   t1, t2
core   0: 3 0x8000352e (0x931e) x6  0x00000005
core   0: 0x80003530 (0x00000505) c.addi  a0, 1
core   0: 3 0x80003530 (0x0505) x10 0xfffffff9
core   0: 0x80003532 (0x410c50b3) sra     ra, s8, a6
core   0: 3 0x80003532 (0x410c50b3) x1  0xffffffff
core   0: 0x80003536 (0x0266ed33) rem     s10, a3, t1
core   0: 3 0x80003536 (0x0266ed33) x26 0xfffffffe
core   0: 0x8000353a (0x00006139) c.addi16sp sp, 448
core   0: 3 0x8000353a (0x6139) x2  0x0000082c
core   0: 0x8000353c (0x026215b3) mulh    a1, tp, t1
core   0: 3 0x8000353c (0x026215b3) x11 0x00000000
core   0: 0x80003540 (0x0000d57d) c.beqz  a0, pc - 18
core   0: 3 0x80003540 (0xd57d)
core   0: 0x80003542 (0x007b59b3) srl     s3, s6, t2
core   0: 3 0x80003542 (0x007b59b3) x19 0x0000066c
core   0: 0x80003546 (0x00005579) c.li    a0, -2
core   0: 3 0x80003546 (0x5579) x10 0xfffffffe
core   0: 0x80003548 (0x00009bfd) c.andi  a5, -1
core   0: 3 0x80003548 (0x9bfd) x15 0x00000000
core   0: 0x8000354a (0x001a7fb3) and     t6, s4, ra
core   0: 3 0x8000354a (0x001a7fb3) x31 0x000004aa
core   0: 0x8000354e (0x00004389) c.li    t2, 2
core   0: 3 0x8000354e (0x4389) x7  0x00000002
core   0: 0x80003550 (0x000084d9) c.srai  s1, 22
core   0: 3 0x80003550 (0x84d9) x9  0x00000000
core   0: 0x80003552 (0x00000001) c.nop
core   0: 3 0x80003552 (0x0001)
core   0: 0x80003554 (0x80788e13) addi    t3, a7, -2041
core   0: 3 0x80003554 (0x80788e13) x28 0x3ffff81c
core   0: 0x80003558 (0x00008bbd) c.andi  a5, 15
core   0: 3 0x80003558 (0x8bbd) x15 0x00000000
core   0: 0x8000355a (0x51e94d13) xori    s10, s2, 1310
core   0: 3 0x8000355a (0x51e94d13) x26 0x0000051e
core   0: 0x8000355e (0x001f81b3) add     gp, t6, ra
core   0: 3 0x8000355e (0x001f81b3) x3  0x000004a9
core   0: 0x80003562 (0x00008e51) c.or    a2, a2
core   0: 3 0x80003562 (0x8e51) x12 0x00000000
core   0: 0x80003564 (0x00a01233) sll     tp, zero, a0
core   0: 3 0x80003564 (0x00a01233) x4  0x00000000
core   0: 0x80003568 (0x41cddc93) srai    s9, s11, 28
core   0: 3 0x80003568 (0x41cddc93) x25 0x00000000
core   0: 0x8000356c (0x028659b3) divu    s3, a2, s0
core   0: 3 0x8000356c (0x028659b3) x19 0x00000000
core   0: 0x80003570 (0x00008bed) c.andi  a5, 27
core   0: 3 0x80003570 (0x8bed) x15 0x00000000
core   0: 0x80003572 (0x02d000b3) mul     ra, zero, a3
core   0: 3 0x80003572 (0x02d000b3) x1  0x00000000
core   0: 0x80003576 (0x00000509) c.addi  a0, 2
core   0: 3 0x80003576 (0x0509) x10 0x00000000
core   0: 0x80003578 (0x0297cab3) div     s5, a5, s1
core   0: 3 0x80003578 (0x0297cab3) x21 0xffffffff
core   0: 0x8000357c (0x00005761) c.li    a4, -8
core   0: 3 0x8000357c (0x5761) x14 0xfffffff8
core   0: 0x8000357e (0x00004919) c.li    s2, 6
core   0: 3 0x8000357e (0x4919) x18 0x00000006
core   0: 0x80003580 (0x1a7cee93) ori     t4, s9, 423
core   0: 3 0x80003580 (0x1a7cee93) x29 0x000001a7
core   0: 0x80003584 (0x00008fa9) c.xor   a5, a0
core   0: 3 0x80003584 (0x8fa9) x15 0x00000000
core   0: 0x80003586 (0x00000729) c.addi  a4, 10
core   0: 3 0x80003586 (0x0729) x14 0x00000002
core   0: 0x80003588 (0x2f703613) sltiu   a2, zero, 759
core   0: 3 0x80003588 (0x2f703613) x12 0x00000001
core   0: 0x8000358c (0x00008fd1) c.or    a5, a2
core   0: 3 0x8000358c (0x8fd1) x15 0x00000001
core   0: 0x8000358e (0xff2749e3) blt     a4, s2, pc - 14
core   0: 3 0x8000358e (0xff2749e3)
core   0: 0x80003580 (0x1a7cee93) ori     t4, s9, 423
core   0: 3 0x80003580 (0x1a7cee93) x29 0x000001a7
core   0: 0x80003584 (0x00008fa9) c.xor   a5, a0
core   0: 3 0x80003584 (0x8fa9) x15 0x00000001
core   0: 0x80003586 (0x00000729) c.addi  a4, 10
core   0: 3 0x80003586 (0x0729) x14 0x0000000c
core   0: 0x80003588 (0x2f703613) sltiu   a2, zero, 759
core   0: 3 0x80003588 (0x2f703613) x12 0x00000001
core   0: 0x8000358c (0x00008fd1) c.or    a5, a2
core   0: 3 0x8000358c (0x8fd1) x15 0x00000001
core   0: 0x8000358e (0xff2749e3) blt     a4, s2, pc - 14
core   0: 3 0x8000358e (0xff2749e3)
core   0: 0x80003592 (0x403b5db3) sra     s11, s6, gp
core   0: 3 0x80003592 (0x403b5db3) x27 0x00000003
core   0: 0x80003596 (0xfa751fe3) bne     a0, t2, pc - 66
core   0: 3 0x80003596 (0xfa751fe3)
core   0: 0x80003554 (0x80788e13) addi    t3, a7, -2041
core   0: 3 0x80003554 (0x80788e13) x28 0x3ffff81c
core   0: 0x80003558 (0x00008bbd) c.andi  a5, 15
core   0: 3 0x80003558 (0x8bbd) x15 0x00000001
core   0: 0x8000355a (0x51e94d13) xori    s10, s2, 1310
core   0: 3 0x8000355a (0x51e94d13) x26 0x00000518
core   0: 0x8000355e (0x001f81b3) add     gp, t6, ra
core   0: 3 0x8000355e (0x001f81b3) x3  0x000004aa
core   0: 0x80003562 (0x00008e51) c.or    a2, a2
core   0: 3 0x80003562 (0x8e51) x12 0x00000001
core   0: 0x80003564 (0x00a01233) sll     tp, zero, a0
core   0: 3 0x80003564 (0x00a01233) x4  0x00000000
core   0: 0x80003568 (0x41cddc93) srai    s9, s11, 28
core   0: 3 0x80003568 (0x41cddc93) x25 0x00000000
core   0: 0x8000356c (0x028659b3) divu    s3, a2, s0
core   0: 3 0x8000356c (0x028659b3) x19 0x00000000
core   0: 0x80003570 (0x00008bed) c.andi  a5, 27
core   0: 3 0x80003570 (0x8bed) x15 0x00000001
core   0: 0x80003572 (0x02d000b3) mul     ra, zero, a3
core   0: 3 0x80003572 (0x02d000b3) x1  0x00000000
core   0: 0x80003576 (0x00000509) c.addi  a0, 2
core   0: 3 0x80003576 (0x0509) x10 0x00000002
core   0: 0x80003578 (0x0297cab3) div     s5, a5, s1
core   0: 3 0x80003578 (0x0297cab3) x21 0xffffffff
core   0: 0x8000357c (0x00005761) c.li    a4, -8
core   0: 3 0x8000357c (0x5761) x14 0xfffffff8
core   0: 0x8000357e (0x00004919) c.li    s2, 6
core   0: 3 0x8000357e (0x4919) x18 0x00000006
core   0: 0x80003580 (0x1a7cee93) ori     t4, s9, 423
core   0: 3 0x80003580 (0x1a7cee93) x29 0x000001a7
core   0: 0x80003584 (0x00008fa9) c.xor   a5, a0
core   0: 3 0x80003584 (0x8fa9) x15 0x00000003
core   0: 0x80003586 (0x00000729) c.addi  a4, 10
core   0: 3 0x80003586 (0x0729) x14 0x00000002
core   0: 0x80003588 (0x2f703613) sltiu   a2, zero, 759
core   0: 3 0x80003588 (0x2f703613) x12 0x00000001
core   0: 0x8000358c (0x00008fd1) c.or    a5, a2
core   0: 3 0x8000358c (0x8fd1) x15 0x00000003
core   0: 0x8000358e (0xff2749e3) blt     a4, s2, pc - 14
core   0: 3 0x8000358e (0xff2749e3)
core   0: 0x80003580 (0x1a7cee93) ori     t4, s9, 423
core   0: 3 0x80003580 (0x1a7cee93) x29 0x000001a7
core   0: 0x80003584 (0x00008fa9) c.xor   a5, a0
core   0: 3 0x80003584 (0x8fa9) x15 0x00000001
core   0: 0x80003586 (0x00000729) c.addi  a4, 10
core   0: 3 0x80003586 (0x0729) x14 0x0000000c
core   0: 0x80003588 (0x2f703613) sltiu   a2, zero, 759
core   0: 3 0x80003588 (0x2f703613) x12 0x00000001
core   0: 0x8000358c (0x00008fd1) c.or    a5, a2
core   0: 3 0x8000358c (0x8fd1) x15 0x00000001
core   0: 0x8000358e (0xff2749e3) blt     a4, s2, pc - 14
core   0: 3 0x8000358e (0xff2749e3)
core   0: 0x80003592 (0x403b5db3) sra     s11, s6, gp
core   0: 3 0x80003592 (0x403b5db3) x27 0x00000001
core   0: 0x80003596 (0xfa751fe3) bne     a0, t2, pc - 66
core   0: 3 0x80003596 (0xfa751fe3)
core   0: 0x8000359a (0x006e7f33) and     t5, t3, t1
core   0: 3 0x8000359a (0x006e7f33) x30 0x00000004
core   0: 0x8000359e (0x00005e75) c.li    t3, -3
core   0: 3 0x8000359e (0x5e75) x28 0xfffffffd
core   0: 0x800035a0 (0x4123d813) srai    a6, t2, 18
core   0: 3 0x800035a0 (0x4123d813) x16 0x00000000
core   0: 0x800035a4 (0x00004239) c.li    tp, 14
core   0: 3 0x800035a4 (0x4239) x4  0x0000000e
core   0: 0x800035a6 (0x0259a9b3) mulhsu  s3, s3, t0
core   0: 3 0x800035a6 (0x0259a9b3) x19 0x00000000
core   0: 0x800035aa (0x000053fd) c.li    t2, -1
core   0: 3 0x800035aa (0x53fd) x7  0xffffffff
core   0: 0x800035ac (0x00000e05) c.addi  t3, 1
core   0: 3 0x800035ac (0x0e05) x28 0xfffffffe
core   0: 0x800035ae (0x000047a9) c.li    a5, 10
core   0: 3 0x800035ae (0x47a9) x15 0x0000000a
core   0: 0x800035b0 (0x03990933) mul     s2, s2, s9
core   0: 3 0x800035b0 (0x03990933) x18 0x00000000
core   0: 0x800035b4 (0x00004521) c.li    a0, 8
core   0: 3 0x800035b4 (0x4521) x10 0x00000008
core   0: 0x800035b6 (0x021d7fb3) remu    t6, s10, ra
core   0: 3 0x800035b6 (0x021d7fb3) x31 0x00000518
core   0: 0x800035ba (0x805d7b93) andi    s7, s10, -2043
core   0: 3 0x800035ba (0x805d7b93) x23 0x00000000
core   0: 0x800035be (0x2c8e2317) auipc   t1, 0x2c8e2
core   0: 3 0x800035be (0x2c8e2317) x6  0xac8e55be
core   0: 0x800035c2 (0x000017f9) c.addi  a5, -2
core   0: 3 0x800035c2 (0x17f9) x15 0x00000008
core   0: 0x800035c4 (0xfea7f9e3) bgeu    a5, a0, pc - 14
core   0: 3 0x800035c4 (0xfea7f9e3)
core   0: 0x800035b6 (0x021d7fb3) remu    t6, s10, ra
core   0: 3 0x800035b6 (0x021d7fb3) x31 0x00000518
core   0: 0x800035ba (0x805d7b93) andi    s7, s10, -2043
core   0: 3 0x800035ba (0x805d7b93) x23 0x00000000
core   0: 0x800035be (0x2c8e2317) auipc   t1, 0x2c8e2
core   0: 3 0x800035be (0x2c8e2317) x6  0xac8e55be
core   0: 0x800035c2 (0x000017f9) c.addi  a5, -2
core   0: 3 0x800035c2 (0x17f9) x15 0x00000006
core   0: 0x800035c4 (0xfea7f9e3) bgeu    a5, a0, pc - 14
core   0: 3 0x800035c4 (0xfea7f9e3)
core   0: 0x800035c8 (0xfc4e0fe3) beq     t3, tp, pc - 34
core   0: 3 0x800035c8 (0xfc4e0fe3)
core   0: 0x800035cc (0x03d209b3) mul     s3, tp, t4
core   0: 3 0x800035cc (0x03d209b3) x19 0x00001722
core   0: 0x800035d0 (0x000057dd) c.li    a5, -9
core   0: 3 0x800035d0 (0x57dd) x15 0xfffffff7
core   0: 0x800035d2 (0x00004ab5) c.li    s5, 13
core   0: 3 0x800035d2 (0x4ab5) x21 0x0000000d
core   0: 0x800035d4 (0x00001f7d) c.addi  t5, -1
core   0: 3 0x800035d4 (0x1f7d) x30 0x00000003
core   0: 0x800035d6 (0x40d45513) srai    a0, s0, 13
core   0: 3 0x800035d6 (0x40d45513) x10 0xfffc0014
core   0: 0x800035da (0x00000789) c.addi  a5, 2
core   0: 3 0x800035da (0x0789) x15 0xfffffff9
core   0: 0x800035dc (0x00004a09) c.li    s4, 2
core   0: 3 0x800035dc (0x4a09) x20 0x00000002
core   0: 0x800035de (0x000050e1) c.li    ra, -8
core   0: 3 0x800035de (0x50e1) x1  0xfffffff8
core   0: 0x800035e0 (0xd6b7e313) ori     t1, a5, -661
core   0: 3 0x800035e0 (0xd6b7e313) x6  0xfffffffb
core   0: 0x800035e4 (0x8a281f97) auipc   t6, 0x8a281
core   0: 3 0x800035e4 (0x8a281f97) x31 0x0a2845e4
core   0: 0x800035e8 (0x00001a7d) c.addi  s4, -1
core   0: 3 0x800035e8 (0x1a7d) x20 0x00000001
core   0: 0x800035ea (0xfe1a1be3) bne     s4, ra, pc - 10
core   0: 3 0x800035ea (0xfe1a1be3)
core   0: 0x800035e0 (0xd6b7e313) ori     t1, a5, -661
core   0: 3 0x800035e0 (0xd6b7e313) x6  0xfffffffb
core   0: 0x800035e4 (0x8a281f97) auipc   t6, 0x8a281
core   0: 3 0x800035e4 (0x8a281f97) x31 0x0a2845e4
core   0: 0x800035e8 (0x00001a7d) c.addi  s4, -1
core   0: 3 0x800035e8 (0x1a7d) x20 0x00000000
core   0: 0x800035ea (0xfe1a1be3) bne     s4, ra, pc - 10
core   0: 3 0x800035ea (0xfe1a1be3)
core   0: 0x800035e0 (0xd6b7e313) ori     t1, a5, -661
core   0: 3 0x800035e0 (0xd6b7e313) x6  0xfffffffb
core   0: 0x800035e4 (0x8a281f97) auipc   t6, 0x8a281
core   0: 3 0x800035e4 (0x8a281f97) x31 0x0a2845e4
core   0: 0x800035e8 (0x00001a7d) c.addi  s4, -1
core   0: 3 0x800035e8 (0x1a7d) x20 0xffffffff
core   0: 0x800035ea (0xfe1a1be3) bne     s4, ra, pc - 10
core   0: 3 0x800035ea (0xfe1a1be3)
core   0: 0x800035e0 (0xd6b7e313) ori     t1, a5, -661
core   0: 3 0x800035e0 (0xd6b7e313) x6  0xfffffffb
core   0: 0x800035e4 (0x8a281f97) auipc   t6, 0x8a281
core   0: 3 0x800035e4 (0x8a281f97) x31 0x0a2845e4
core   0: 0x800035e8 (0x00001a7d) c.addi  s4, -1
core   0: 3 0x800035e8 (0x1a7d) x20 0xfffffffe
core   0: 0x800035ea (0xfe1a1be3) bne     s4, ra, pc - 10
core   0: 3 0x800035ea (0xfe1a1be3)
core   0: 0x800035e0 (0xd6b7e313) ori     t1, a5, -661
core   0: 3 0x800035e0 (0xd6b7e313) x6  0xfffffffb
core   0: 0x800035e4 (0x8a281f97) auipc   t6, 0x8a281
core   0: 3 0x800035e4 (0x8a281f97) x31 0x0a2845e4
core   0: 0x800035e8 (0x00001a7d) c.addi  s4, -1
core   0: 3 0x800035e8 (0x1a7d) x20 0xfffffffd
core   0: 0x800035ea (0xfe1a1be3) bne     s4, ra, pc - 10
core   0: 3 0x800035ea (0xfe1a1be3)
core   0: 0x800035e0 (0xd6b7e313) ori     t1, a5, -661
core   0: 3 0x800035e0 (0xd6b7e313) x6  0xfffffffb
core   0: 0x800035e4 (0x8a281f97) auipc   t6, 0x8a281
core   0: 3 0x800035e4 (0x8a281f97) x31 0x0a2845e4
core   0: 0x800035e8 (0x00001a7d) c.addi  s4, -1
core   0: 3 0x800035e8 (0x1a7d) x20 0xfffffffc
core   0: 0x800035ea (0xfe1a1be3) bne     s4, ra, pc - 10
core   0: 3 0x800035ea (0xfe1a1be3)
core   0: 0x800035e0 (0xd6b7e313) ori     t1, a5, -661
core   0: 3 0x800035e0 (0xd6b7e313) x6  0xfffffffb
core   0: 0x800035e4 (0x8a281f97) auipc   t6, 0x8a281
core   0: 3 0x800035e4 (0x8a281f97) x31 0x0a2845e4
core   0: 0x800035e8 (0x00001a7d) c.addi  s4, -1
core   0: 3 0x800035e8 (0x1a7d) x20 0xfffffffb
core   0: 0x800035ea (0xfe1a1be3) bne     s4, ra, pc - 10
core   0: 3 0x800035ea (0xfe1a1be3)
core   0: 0x800035e0 (0xd6b7e313) ori     t1, a5, -661
core   0: 3 0x800035e0 (0xd6b7e313) x6  0xfffffffb
core   0: 0x800035e4 (0x8a281f97) auipc   t6, 0x8a281
core   0: 3 0x800035e4 (0x8a281f97) x31 0x0a2845e4
core   0: 0x800035e8 (0x00001a7d) c.addi  s4, -1
core   0: 3 0x800035e8 (0x1a7d) x20 0xfffffffa
core   0: 0x800035ea (0xfe1a1be3) bne     s4, ra, pc - 10
core   0: 3 0x800035ea (0xfe1a1be3)
core   0: 0x800035e0 (0xd6b7e313) ori     t1, a5, -661
core   0: 3 0x800035e0 (0xd6b7e313) x6  0xfffffffb
core   0: 0x800035e4 (0x8a281f97) auipc   t6, 0x8a281
core   0: 3 0x800035e4 (0x8a281f97) x31 0x0a2845e4
core   0: 0x800035e8 (0x00001a7d) c.addi  s4, -1
core   0: 3 0x800035e8 (0x1a7d) x20 0xfffffff9
core   0: 0x800035ea (0xfe1a1be3) bne     s4, ra, pc - 10
core   0: 3 0x800035ea (0xfe1a1be3)
core   0: 0x800035e0 (0xd6b7e313) ori     t1, a5, -661
core   0: 3 0x800035e0 (0xd6b7e313) x6  0xfffffffb
core   0: 0x800035e4 (0x8a281f97) auipc   t6, 0x8a281
core   0: 3 0x800035e4 (0x8a281f97) x31 0x0a2845e4
core   0: 0x800035e8 (0x00001a7d) c.addi  s4, -1
core   0: 3 0x800035e8 (0x1a7d) x20 0xfffffff8
core   0: 0x800035ea (0xfe1a1be3) bne     s4, ra, pc - 10
core   0: 3 0x800035ea (0xfe1a1be3)
core   0: 0x800035ee (0xff5793e3) bne     a5, s5, pc - 26
core   0: 3 0x800035ee (0xff5793e3)
core   0: 0x800035d4 (0x00001f7d) c.addi  t5, -1
core   0: 3 0x800035d4 (0x1f7d) x30 0x00000002
core   0: 0x800035d6 (0x40d45513) srai    a0, s0, 13
core   0: 3 0x800035d6 (0x40d45513) x10 0xfffc0014
core   0: 0x800035da (0x00000789) c.addi  a5, 2
core   0: 3 0x800035da (0x0789) x15 0xfffffffb
core   0: 0x800035dc (0x00004a09) c.li    s4, 2
core   0: 3 0x800035dc (0x4a09) x20 0x00000002
core   0: 0x800035de (0x000050e1) c.li    ra, -8
core   0: 3 0x800035de (0x50e1) x1  0xfffffff8
core   0: 0x800035e0 (0xd6b7e313) ori     t1, a5, -661
core   0: 3 0x800035e0 (0xd6b7e313) x6  0xfffffffb
core   0: 0x800035e4 (0x8a281f97) auipc   t6, 0x8a281
core   0: 3 0x800035e4 (0x8a281f97) x31 0x0a2845e4
core   0: 0x800035e8 (0x00001a7d) c.addi  s4, -1
core   0: 3 0x800035e8 (0x1a7d) x20 0x00000001
core   0: 0x800035ea (0xfe1a1be3) bne     s4, ra, pc - 10
core   0: 3 0x800035ea (0xfe1a1be3)
core   0: 0x800035e0 (0xd6b7e313) ori     t1, a5, -661
core   0: 3 0x800035e0 (0xd6b7e313) x6  0xfffffffb
core   0: 0x800035e4 (0x8a281f97) auipc   t6, 0x8a281
core   0: 3 0x800035e4 (0x8a281f97) x31 0x0a2845e4
core   0: 0x800035e8 (0x00001a7d) c.addi  s4, -1
core   0: 3 0x800035e8 (0x1a7d) x20 0x00000000
core   0: 0x800035ea (0xfe1a1be3) bne     s4, ra, pc - 10
core   0: 3 0x800035ea (0xfe1a1be3)
core   0: 0x800035e0 (0xd6b7e313) ori     t1, a5, -661
core   0: 3 0x800035e0 (0xd6b7e313) x6  0xfffffffb
core   0: 0x800035e4 (0x8a281f97) auipc   t6, 0x8a281
core   0: 3 0x800035e4 (0x8a281f97) x31 0x0a2845e4
core   0: 0x800035e8 (0x00001a7d) c.addi  s4, -1
core   0: 3 0x800035e8 (0x1a7d) x20 0xffffffff
core   0: 0x800035ea (0xfe1a1be3) bne     s4, ra, pc - 10
core   0: 3 0x800035ea (0xfe1a1be3)
core   0: 0x800035e0 (0xd6b7e313) ori     t1, a5, -661
core   0: 3 0x800035e0 (0xd6b7e313) x6  0xfffffffb
core   0: 0x800035e4 (0x8a281f97) auipc   t6, 0x8a281
core   0: 3 0x800035e4 (0x8a281f97) x31 0x0a2845e4
core   0: 0x800035e8 (0x00001a7d) c.addi  s4, -1
core   0: 3 0x800035e8 (0x1a7d) x20 0xfffffffe
core   0: 0x800035ea (0xfe1a1be3) bne     s4, ra, pc - 10
core   0: 3 0x800035ea (0xfe1a1be3)
core   0: 0x800035e0 (0xd6b7e313) ori     t1, a5, -661
core   0: 3 0x800035e0 (0xd6b7e313) x6  0xfffffffb
core   0: 0x800035e4 (0x8a281f97) auipc   t6, 0x8a281
core   0: 3 0x800035e4 (0x8a281f97) x31 0x0a2845e4
core   0: 0x800035e8 (0x00001a7d) c.addi  s4, -1
core   0: 3 0x800035e8 (0x1a7d) x20 0xfffffffd
core   0: 0x800035ea (0xfe1a1be3) bne     s4, ra, pc - 10
core   0: 3 0x800035ea (0xfe1a1be3)
core   0: 0x800035e0 (0xd6b7e313) ori     t1, a5, -661
core   0: 3 0x800035e0 (0xd6b7e313) x6  0xfffffffb
core   0: 0x800035e4 (0x8a281f97) auipc   t6, 0x8a281
core   0: 3 0x800035e4 (0x8a281f97) x31 0x0a2845e4
core   0: 0x800035e8 (0x00001a7d) c.addi  s4, -1
core   0: 3 0x800035e8 (0x1a7d) x20 0xfffffffc
core   0: 0x800035ea (0xfe1a1be3) bne     s4, ra, pc - 10
core   0: 3 0x800035ea (0xfe1a1be3)
core   0: 0x800035e0 (0xd6b7e313) ori     t1, a5, -661
core   0: 3 0x800035e0 (0xd6b7e313) x6  0xfffffffb
core   0: 0x800035e4 (0x8a281f97) auipc   t6, 0x8a281
core   0: 3 0x800035e4 (0x8a281f97) x31 0x0a2845e4
core   0: 0x800035e8 (0x00001a7d) c.addi  s4, -1
core   0: 3 0x800035e8 (0x1a7d) x20 0xfffffffb
core   0: 0x800035ea (0xfe1a1be3) bne     s4, ra, pc - 10
core   0: 3 0x800035ea (0xfe1a1be3)
core   0: 0x800035e0 (0xd6b7e313) ori     t1, a5, -661
core   0: 3 0x800035e0 (0xd6b7e313) x6  0xfffffffb
core   0: 0x800035e4 (0x8a281f97) auipc   t6, 0x8a281
core   0: 3 0x800035e4 (0x8a281f97) x31 0x0a2845e4
core   0: 0x800035e8 (0x00001a7d) c.addi  s4, -1
core   0: 3 0x800035e8 (0x1a7d) x20 0xfffffffa
core   0: 0x800035ea (0xfe1a1be3) bne     s4, ra, pc - 10
core   0: 3 0x800035ea (0xfe1a1be3)
core   0: 0x800035e0 (0xd6b7e313) ori     t1, a5, -661
core   0: 3 0x800035e0 (0xd6b7e313) x6  0xfffffffb
core   0: 0x800035e4 (0x8a281f97) auipc   t6, 0x8a281
core   0: 3 0x800035e4 (0x8a281f97) x31 0x0a2845e4
core   0: 0x800035e8 (0x00001a7d) c.addi  s4, -1
core   0: 3 0x800035e8 (0x1a7d) x20 0xfffffff9
core   0: 0x800035ea (0xfe1a1be3) bne     s4, ra, pc - 10
core   0: 3 0x800035ea (0xfe1a1be3)
core   0: 0x800035e0 (0xd6b7e313) ori     t1, a5, -661
core   0: 3 0x800035e0 (0xd6b7e313) x6  0xfffffffb
core   0: 0x800035e4 (0x8a281f97) auipc   t6, 0x8a281
core   0: 3 0x800035e4 (0x8a281f97) x31 0x0a2845e4
core   0: 0x800035e8 (0x00001a7d) c.addi  s4, -1
core   0: 3 0x800035e8 (0x1a7d) x20 0xfffffff8
core   0: 0x800035ea (0xfe1a1be3) bne     s4, ra, pc - 10
core   0: 3 0x800035ea (0xfe1a1be3)
core   0: 0x800035ee (0xff5793e3) bne     a5, s5, pc - 26
core   0: 3 0x800035ee (0xff5793e3)
core   0: 0x800035d4 (0x00001f7d) c.addi  t5, -1
core   0: 3 0x800035d4 (0x1f7d) x30 0x00000001
core   0: 0x800035d6 (0x40d45513) srai    a0, s0, 13
core   0: 3 0x800035d6 (0x40d45513) x10 0xfffc0014
core   0: 0x800035da (0x00000789) c.addi  a5, 2
core   0: 3 0x800035da (0x0789) x15 0xfffffffd
core   0: 0x800035dc (0x00004a09) c.li    s4, 2
core   0: 3 0x800035dc (0x4a09) x20 0x00000002
core   0: 0x800035de (0x000050e1) c.li    ra, -8
core   0: 3 0x800035de (0x50e1) x1  0xfffffff8
core   0: 0x800035e0 (0xd6b7e313) ori     t1, a5, -661
core   0: 3 0x800035e0 (0xd6b7e313) x6  0xffffffff
core   0: 0x800035e4 (0x8a281f97) auipc   t6, 0x8a281
core   0: 3 0x800035e4 (0x8a281f97) x31 0x0a2845e4
core   0: 0x800035e8 (0x00001a7d) c.addi  s4, -1
core   0: 3 0x800035e8 (0x1a7d) x20 0x00000001
core   0: 0x800035ea (0xfe1a1be3) bne     s4, ra, pc - 10
core   0: 3 0x800035ea (0xfe1a1be3)
core   0: 0x800035e0 (0xd6b7e313) ori     t1, a5, -661
core   0: 3 0x800035e0 (0xd6b7e313) x6  0xffffffff
core   0: 0x800035e4 (0x8a281f97) auipc   t6, 0x8a281
core   0: 3 0x800035e4 (0x8a281f97) x31 0x0a2845e4
core   0: 0x800035e8 (0x00001a7d) c.addi  s4, -1
core   0: 3 0x800035e8 (0x1a7d) x20 0x00000000
core   0: 0x800035ea (0xfe1a1be3) bne     s4, ra, pc - 10
core   0: 3 0x800035ea (0xfe1a1be3)
core   0: 0x800035e0 (0xd6b7e313) ori     t1, a5, -661
core   0: 3 0x800035e0 (0xd6b7e313) x6  0xffffffff
core   0: 0x800035e4 (0x8a281f97) auipc   t6, 0x8a281
core   0: 3 0x800035e4 (0x8a281f97) x31 0x0a2845e4
core   0: 0x800035e8 (0x00001a7d) c.addi  s4, -1
core   0: 3 0x800035e8 (0x1a7d) x20 0xffffffff
core   0: 0x800035ea (0xfe1a1be3) bne     s4, ra, pc - 10
core   0: 3 0x800035ea (0xfe1a1be3)
core   0: 0x800035e0 (0xd6b7e313) ori     t1, a5, -661
core   0: 3 0x800035e0 (0xd6b7e313) x6  0xffffffff
core   0: 0x800035e4 (0x8a281f97) auipc   t6, 0x8a281
core   0: 3 0x800035e4 (0x8a281f97) x31 0x0a2845e4
core   0: 0x800035e8 (0x00001a7d) c.addi  s4, -1
core   0: 3 0x800035e8 (0x1a7d) x20 0xfffffffe
core   0: 0x800035ea (0xfe1a1be3) bne     s4, ra, pc - 10
core   0: 3 0x800035ea (0xfe1a1be3)
core   0: 0x800035e0 (0xd6b7e313) ori     t1, a5, -661
core   0: 3 0x800035e0 (0xd6b7e313) x6  0xffffffff
core   0: 0x800035e4 (0x8a281f97) auipc   t6, 0x8a281
core   0: 3 0x800035e4 (0x8a281f97) x31 0x0a2845e4
core   0: 0x800035e8 (0x00001a7d) c.addi  s4, -1
core   0: 3 0x800035e8 (0x1a7d) x20 0xfffffffd
core   0: 0x800035ea (0xfe1a1be3) bne     s4, ra, pc - 10
core   0: 3 0x800035ea (0xfe1a1be3)
core   0: 0x800035e0 (0xd6b7e313) ori     t1, a5, -661
core   0: 3 0x800035e0 (0xd6b7e313) x6  0xffffffff
core   0: 0x800035e4 (0x8a281f97) auipc   t6, 0x8a281
core   0: 3 0x800035e4 (0x8a281f97) x31 0x0a2845e4
core   0: 0x800035e8 (0x00001a7d) c.addi  s4, -1
core   0: 3 0x800035e8 (0x1a7d) x20 0xfffffffc
core   0: 0x800035ea (0xfe1a1be3) bne     s4, ra, pc - 10
core   0: 3 0x800035ea (0xfe1a1be3)
core   0: 0x800035e0 (0xd6b7e313) ori     t1, a5, -661
core   0: 3 0x800035e0 (0xd6b7e313) x6  0xffffffff
core   0: 0x800035e4 (0x8a281f97) auipc   t6, 0x8a281
core   0: 3 0x800035e4 (0x8a281f97) x31 0x0a2845e4
core   0: 0x800035e8 (0x00001a7d) c.addi  s4, -1
core   0: 3 0x800035e8 (0x1a7d) x20 0xfffffffb
core   0: 0x800035ea (0xfe1a1be3) bne     s4, ra, pc - 10
core   0: 3 0x800035ea (0xfe1a1be3)
core   0: 0x800035e0 (0xd6b7e313) ori     t1, a5, -661
core   0: 3 0x800035e0 (0xd6b7e313) x6  0xffffffff
core   0: 0x800035e4 (0x8a281f97) auipc   t6, 0x8a281
core   0: 3 0x800035e4 (0x8a281f97) x31 0x0a2845e4
core   0: 0x800035e8 (0x00001a7d) c.addi  s4, -1
core   0: 3 0x800035e8 (0x1a7d) x20 0xfffffffa
core   0: 0x800035ea (0xfe1a1be3) bne     s4, ra, pc - 10
core   0: 3 0x800035ea (0xfe1a1be3)
core   0: 0x800035e0 (0xd6b7e313) ori     t1, a5, -661
core   0: 3 0x800035e0 (0xd6b7e313) x6  0xffffffff
core   0: 0x800035e4 (0x8a281f97) auipc   t6, 0x8a281
core   0: 3 0x800035e4 (0x8a281f97) x31 0x0a2845e4
core   0: 0x800035e8 (0x00001a7d) c.addi  s4, -1
core   0: 3 0x800035e8 (0x1a7d) x20 0xfffffff9
core   0: 0x800035ea (0xfe1a1be3) bne     s4, ra, pc - 10
core   0: 3 0x800035ea (0xfe1a1be3)
core   0: 0x800035e0 (0xd6b7e313) ori     t1, a5, -661
core   0: 3 0x800035e0 (0xd6b7e313) x6  0xffffffff
core   0: 0x800035e4 (0x8a281f97) auipc   t6, 0x8a281
core   0: 3 0x800035e4 (0x8a281f97) x31 0x0a2845e4
core   0: 0x800035e8 (0x00001a7d) c.addi  s4, -1
core   0: 3 0x800035e8 (0x1a7d) x20 0xfffffff8
core   0: 0x800035ea (0xfe1a1be3) bne     s4, ra, pc - 10
core   0: 3 0x800035ea (0xfe1a1be3)
core   0: 0x800035ee (0xff5793e3) bne     a5, s5, pc - 26
core   0: 3 0x800035ee (0xff5793e3)
core   0: 0x800035d4 (0x00001f7d) c.addi  t5, -1
core   0: 3 0x800035d4 (0x1f7d) x30 0x00000000
core   0: 0x800035d6 (0x40d45513) srai    a0, s0, 13
core   0: 3 0x800035d6 (0x40d45513) x10 0xfffc0014
core   0: 0x800035da (0x00000789) c.addi  a5, 2
core   0: 3 0x800035da (0x0789) x15 0xffffffff
core   0: 0x800035dc (0x00004a09) c.li    s4, 2
core   0: 3 0x800035dc (0x4a09) x20 0x00000002
core   0: 0x800035de (0x000050e1) c.li    ra, -8
core   0: 3 0x800035de (0x50e1) x1  0xfffffff8
core   0: 0x800035e0 (0xd6b7e313) ori     t1, a5, -661
core   0: 3 0x800035e0 (0xd6b7e313) x6  0xffffffff
core   0: 0x800035e4 (0x8a281f97) auipc   t6, 0x8a281
core   0: 3 0x800035e4 (0x8a281f97) x31 0x0a2845e4
core   0: 0x800035e8 (0x00001a7d) c.addi  s4, -1
core   0: 3 0x800035e8 (0x1a7d) x20 0x00000001
core   0: 0x800035ea (0xfe1a1be3) bne     s4, ra, pc - 10
core   0: 3 0x800035ea (0xfe1a1be3)
core   0: 0x800035e0 (0xd6b7e313) ori     t1, a5, -661
core   0: 3 0x800035e0 (0xd6b7e313) x6  0xffffffff
core   0: 0x800035e4 (0x8a281f97) auipc   t6, 0x8a281
core   0: 3 0x800035e4 (0x8a281f97) x31 0x0a2845e4
core   0: 0x800035e8 (0x00001a7d) c.addi  s4, -1
core   0: 3 0x800035e8 (0x1a7d) x20 0x00000000
core   0: 0x800035ea (0xfe1a1be3) bne     s4, ra, pc - 10
core   0: 3 0x800035ea (0xfe1a1be3)
core   0: 0x800035e0 (0xd6b7e313) ori     t1, a5, -661
core   0: 3 0x800035e0 (0xd6b7e313) x6  0xffffffff
core   0: 0x800035e4 (0x8a281f97) auipc   t6, 0x8a281
core   0: 3 0x800035e4 (0x8a281f97) x31 0x0a2845e4
core   0: 0x800035e8 (0x00001a7d) c.addi  s4, -1
core   0: 3 0x800035e8 (0x1a7d) x20 0xffffffff
core   0: 0x800035ea (0xfe1a1be3) bne     s4, ra, pc - 10
core   0: 3 0x800035ea (0xfe1a1be3)
core   0: 0x800035e0 (0xd6b7e313) ori     t1, a5, -661
core   0: 3 0x800035e0 (0xd6b7e313) x6  0xffffffff
core   0: 0x800035e4 (0x8a281f97) auipc   t6, 0x8a281
core   0: 3 0x800035e4 (0x8a281f97) x31 0x0a2845e4
core   0: 0x800035e8 (0x00001a7d) c.addi  s4, -1
core   0: 3 0x800035e8 (0x1a7d) x20 0xfffffffe
core   0: 0x800035ea (0xfe1a1be3) bne     s4, ra, pc - 10
core   0: 3 0x800035ea (0xfe1a1be3)
core   0: 0x800035e0 (0xd6b7e313) ori     t1, a5, -661
core   0: 3 0x800035e0 (0xd6b7e313) x6  0xffffffff
core   0: 0x800035e4 (0x8a281f97) auipc   t6, 0x8a281
core   0: 3 0x800035e4 (0x8a281f97) x31 0x0a2845e4
core   0: 0x800035e8 (0x00001a7d) c.addi  s4, -1
core   0: 3 0x800035e8 (0x1a7d) x20 0xfffffffd
core   0: 0x800035ea (0xfe1a1be3) bne     s4, ra, pc - 10
core   0: 3 0x800035ea (0xfe1a1be3)
core   0: 0x800035e0 (0xd6b7e313) ori     t1, a5, -661
core   0: 3 0x800035e0 (0xd6b7e313) x6  0xffffffff
core   0: 0x800035e4 (0x8a281f97) auipc   t6, 0x8a281
core   0: 3 0x800035e4 (0x8a281f97) x31 0x0a2845e4
core   0: 0x800035e8 (0x00001a7d) c.addi  s4, -1
core   0: 3 0x800035e8 (0x1a7d) x20 0xfffffffc
core   0: 0x800035ea (0xfe1a1be3) bne     s4, ra, pc - 10
core   0: 3 0x800035ea (0xfe1a1be3)
core   0: 0x800035e0 (0xd6b7e313) ori     t1, a5, -661
core   0: 3 0x800035e0 (0xd6b7e313) x6  0xffffffff
core   0: 0x800035e4 (0x8a281f97) auipc   t6, 0x8a281
core   0: 3 0x800035e4 (0x8a281f97) x31 0x0a2845e4
core   0: 0x800035e8 (0x00001a7d) c.addi  s4, -1
core   0: 3 0x800035e8 (0x1a7d) x20 0xfffffffb
core   0: 0x800035ea (0xfe1a1be3) bne     s4, ra, pc - 10
core   0: 3 0x800035ea (0xfe1a1be3)
core   0: 0x800035e0 (0xd6b7e313) ori     t1, a5, -661
core   0: 3 0x800035e0 (0xd6b7e313) x6  0xffffffff
core   0: 0x800035e4 (0x8a281f97) auipc   t6, 0x8a281
core   0: 3 0x800035e4 (0x8a281f97) x31 0x0a2845e4
core   0: 0x800035e8 (0x00001a7d) c.addi  s4, -1
core   0: 3 0x800035e8 (0x1a7d) x20 0xfffffffa
core   0: 0x800035ea (0xfe1a1be3) bne     s4, ra, pc - 10
core   0: 3 0x800035ea (0xfe1a1be3)
core   0: 0x800035e0 (0xd6b7e313) ori     t1, a5, -661
core   0: 3 0x800035e0 (0xd6b7e313) x6  0xffffffff
core   0: 0x800035e4 (0x8a281f97) auipc   t6, 0x8a281
core   0: 3 0x800035e4 (0x8a281f97) x31 0x0a2845e4
core   0: 0x800035e8 (0x00001a7d) c.addi  s4, -1
core   0: 3 0x800035e8 (0x1a7d) x20 0xfffffff9
core   0: 0x800035ea (0xfe1a1be3) bne     s4, ra, pc - 10
core   0: 3 0x800035ea (0xfe1a1be3)
core   0: 0x800035e0 (0xd6b7e313) ori     t1, a5, -661
core   0: 3 0x800035e0 (0xd6b7e313) x6  0xffffffff
core   0: 0x800035e4 (0x8a281f97) auipc   t6, 0x8a281
core   0: 3 0x800035e4 (0x8a281f97) x31 0x0a2845e4
core   0: 0x800035e8 (0x00001a7d) c.addi  s4, -1
core   0: 3 0x800035e8 (0x1a7d) x20 0xfffffff8
core   0: 0x800035ea (0xfe1a1be3) bne     s4, ra, pc - 10
core   0: 3 0x800035ea (0xfe1a1be3)
core   0: 0x800035ee (0xff5793e3) bne     a5, s5, pc - 26
core   0: 3 0x800035ee (0xff5793e3)
core   0: 0x800035d4 (0x00001f7d) c.addi  t5, -1
core   0: 3 0x800035d4 (0x1f7d) x30 0xffffffff
core   0: 0x800035d6 (0x40d45513) srai    a0, s0, 13
core   0: 3 0x800035d6 (0x40d45513) x10 0xfffc0014
core   0: 0x800035da (0x00000789) c.addi  a5, 2
core   0: 3 0x800035da (0x0789) x15 0x00000001
core   0: 0x800035dc (0x00004a09) c.li    s4, 2
core   0: 3 0x800035dc (0x4a09) x20 0x00000002
core   0: 0x800035de (0x000050e1) c.li    ra, -8
core   0: 3 0x800035de (0x50e1) x1  0xfffffff8
core   0: 0x800035e0 (0xd6b7e313) ori     t1, a5, -661
core   0: 3 0x800035e0 (0xd6b7e313) x6  0xfffffd6b
core   0: 0x800035e4 (0x8a281f97) auipc   t6, 0x8a281
core   0: 3 0x800035e4 (0x8a281f97) x31 0x0a2845e4
core   0: 0x800035e8 (0x00001a7d) c.addi  s4, -1
core   0: 3 0x800035e8 (0x1a7d) x20 0x00000001
core   0: 0x800035ea (0xfe1a1be3) bne     s4, ra, pc - 10
core   0: 3 0x800035ea (0xfe1a1be3)
core   0: 0x800035e0 (0xd6b7e313) ori     t1, a5, -661
core   0: 3 0x800035e0 (0xd6b7e313) x6  0xfffffd6b
core   0: 0x800035e4 (0x8a281f97) auipc   t6, 0x8a281
core   0: 3 0x800035e4 (0x8a281f97) x31 0x0a2845e4
core   0: 0x800035e8 (0x00001a7d) c.addi  s4, -1
core   0: 3 0x800035e8 (0x1a7d) x20 0x00000000
core   0: 0x800035ea (0xfe1a1be3) bne     s4, ra, pc - 10
core   0: 3 0x800035ea (0xfe1a1be3)
core   0: 0x800035e0 (0xd6b7e313) ori     t1, a5, -661
core   0: 3 0x800035e0 (0xd6b7e313) x6  0xfffffd6b
core   0: 0x800035e4 (0x8a281f97) auipc   t6, 0x8a281
core   0: 3 0x800035e4 (0x8a281f97) x31 0x0a2845e4
core   0: 0x800035e8 (0x00001a7d) c.addi  s4, -1
core   0: 3 0x800035e8 (0x1a7d) x20 0xffffffff
core   0: 0x800035ea (0xfe1a1be3) bne     s4, ra, pc - 10
core   0: 3 0x800035ea (0xfe1a1be3)
core   0: 0x800035e0 (0xd6b7e313) ori     t1, a5, -661
core   0: 3 0x800035e0 (0xd6b7e313) x6  0xfffffd6b
core   0: 0x800035e4 (0x8a281f97) auipc   t6, 0x8a281
core   0: 3 0x800035e4 (0x8a281f97) x31 0x0a2845e4
core   0: 0x800035e8 (0x00001a7d) c.addi  s4, -1
core   0: 3 0x800035e8 (0x1a7d) x20 0xfffffffe
core   0: 0x800035ea (0xfe1a1be3) bne     s4, ra, pc - 10
core   0: 3 0x800035ea (0xfe1a1be3)
core   0: 0x800035e0 (0xd6b7e313) ori     t1, a5, -661
core   0: 3 0x800035e0 (0xd6b7e313) x6  0xfffffd6b
core   0: 0x800035e4 (0x8a281f97) auipc   t6, 0x8a281
core   0: 3 0x800035e4 (0x8a281f97) x31 0x0a2845e4
core   0: 0x800035e8 (0x00001a7d) c.addi  s4, -1
core   0: 3 0x800035e8 (0x1a7d) x20 0xfffffffd
core   0: 0x800035ea (0xfe1a1be3) bne     s4, ra, pc - 10
core   0: 3 0x800035ea (0xfe1a1be3)
core   0: 0x800035e0 (0xd6b7e313) ori     t1, a5, -661
core   0: 3 0x800035e0 (0xd6b7e313) x6  0xfffffd6b
core   0: 0x800035e4 (0x8a281f97) auipc   t6, 0x8a281
core   0: 3 0x800035e4 (0x8a281f97) x31 0x0a2845e4
core   0: 0x800035e8 (0x00001a7d) c.addi  s4, -1
core   0: 3 0x800035e8 (0x1a7d) x20 0xfffffffc
core   0: 0x800035ea (0xfe1a1be3) bne     s4, ra, pc - 10
core   0: 3 0x800035ea (0xfe1a1be3)
core   0: 0x800035e0 (0xd6b7e313) ori     t1, a5, -661
core   0: 3 0x800035e0 (0xd6b7e313) x6  0xfffffd6b
core   0: 0x800035e4 (0x8a281f97) auipc   t6, 0x8a281
core   0: 3 0x800035e4 (0x8a281f97) x31 0x0a2845e4
core   0: 0x800035e8 (0x00001a7d) c.addi  s4, -1
core   0: 3 0x800035e8 (0x1a7d) x20 0xfffffffb
core   0: 0x800035ea (0xfe1a1be3) bne     s4, ra, pc - 10
core   0: 3 0x800035ea (0xfe1a1be3)
core   0: 0x800035e0 (0xd6b7e313) ori     t1, a5, -661
core   0: 3 0x800035e0 (0xd6b7e313) x6  0xfffffd6b
core   0: 0x800035e4 (0x8a281f97) auipc   t6, 0x8a281
core   0: 3 0x800035e4 (0x8a281f97) x31 0x0a2845e4
core   0: 0x800035e8 (0x00001a7d) c.addi  s4, -1
core   0: 3 0x800035e8 (0x1a7d) x20 0xfffffffa
core   0: 0x800035ea (0xfe1a1be3) bne     s4, ra, pc - 10
core   0: 3 0x800035ea (0xfe1a1be3)
core   0: 0x800035e0 (0xd6b7e313) ori     t1, a5, -661
core   0: 3 0x800035e0 (0xd6b7e313) x6  0xfffffd6b
core   0: 0x800035e4 (0x8a281f97) auipc   t6, 0x8a281
core   0: 3 0x800035e4 (0x8a281f97) x31 0x0a2845e4
core   0: 0x800035e8 (0x00001a7d) c.addi  s4, -1
core   0: 3 0x800035e8 (0x1a7d) x20 0xfffffff9
core   0: 0x800035ea (0xfe1a1be3) bne     s4, ra, pc - 10
core   0: 3 0x800035ea (0xfe1a1be3)
core   0: 0x800035e0 (0xd6b7e313) ori     t1, a5, -661
core   0: 3 0x800035e0 (0xd6b7e313) x6  0xfffffd6b
core   0: 0x800035e4 (0x8a281f97) auipc   t6, 0x8a281
core   0: 3 0x800035e4 (0x8a281f97) x31 0x0a2845e4
core   0: 0x800035e8 (0x00001a7d) c.addi  s4, -1
core   0: 3 0x800035e8 (0x1a7d) x20 0xfffffff8
core   0: 0x800035ea (0xfe1a1be3) bne     s4, ra, pc - 10
core   0: 3 0x800035ea (0xfe1a1be3)
core   0: 0x800035ee (0xff5793e3) bne     a5, s5, pc - 26
core   0: 3 0x800035ee (0xff5793e3)
core   0: 0x800035d4 (0x00001f7d) c.addi  t5, -1
core   0: 3 0x800035d4 (0x1f7d) x30 0xfffffffe
core   0: 0x800035d6 (0x40d45513) srai    a0, s0, 13
core   0: 3 0x800035d6 (0x40d45513) x10 0xfffc0014
core   0: 0x800035da (0x00000789) c.addi  a5, 2
core   0: 3 0x800035da (0x0789) x15 0x00000003
core   0: 0x800035dc (0x00004a09) c.li    s4, 2
core   0: 3 0x800035dc (0x4a09) x20 0x00000002
core   0: 0x800035de (0x000050e1) c.li    ra, -8
core   0: 3 0x800035de (0x50e1) x1  0xfffffff8
core   0: 0x800035e0 (0xd6b7e313) ori     t1, a5, -661
core   0: 3 0x800035e0 (0xd6b7e313) x6  0xfffffd6b
core   0: 0x800035e4 (0x8a281f97) auipc   t6, 0x8a281
core   0: 3 0x800035e4 (0x8a281f97) x31 0x0a2845e4
core   0: 0x800035e8 (0x00001a7d) c.addi  s4, -1
core   0: 3 0x800035e8 (0x1a7d) x20 0x00000001
core   0: 0x800035ea (0xfe1a1be3) bne     s4, ra, pc - 10
core   0: 3 0x800035ea (0xfe1a1be3)
core   0: 0x800035e0 (0xd6b7e313) ori     t1, a5, -661
core   0: 3 0x800035e0 (0xd6b7e313) x6  0xfffffd6b
core   0: 0x800035e4 (0x8a281f97) auipc   t6, 0x8a281
core   0: 3 0x800035e4 (0x8a281f97) x31 0x0a2845e4
core   0: 0x800035e8 (0x00001a7d) c.addi  s4, -1
core   0: 3 0x800035e8 (0x1a7d) x20 0x00000000
core   0: 0x800035ea (0xfe1a1be3) bne     s4, ra, pc - 10
core   0: 3 0x800035ea (0xfe1a1be3)
core   0: 0x800035e0 (0xd6b7e313) ori     t1, a5, -661
core   0: 3 0x800035e0 (0xd6b7e313) x6  0xfffffd6b
core   0: 0x800035e4 (0x8a281f97) auipc   t6, 0x8a281
core   0: 3 0x800035e4 (0x8a281f97) x31 0x0a2845e4
core   0: 0x800035e8 (0x00001a7d) c.addi  s4, -1
core   0: 3 0x800035e8 (0x1a7d) x20 0xffffffff
core   0: 0x800035ea (0xfe1a1be3) bne     s4, ra, pc - 10
core   0: 3 0x800035ea (0xfe1a1be3)
core   0: 0x800035e0 (0xd6b7e313) ori     t1, a5, -661
core   0: 3 0x800035e0 (0xd6b7e313) x6  0xfffffd6b
core   0: 0x800035e4 (0x8a281f97) auipc   t6, 0x8a281
core   0: 3 0x800035e4 (0x8a281f97) x31 0x0a2845e4
core   0: 0x800035e8 (0x00001a7d) c.addi  s4, -1
core   0: 3 0x800035e8 (0x1a7d) x20 0xfffffffe
core   0: 0x800035ea (0xfe1a1be3) bne     s4, ra, pc - 10
core   0: 3 0x800035ea (0xfe1a1be3)
core   0: 0x800035e0 (0xd6b7e313) ori     t1, a5, -661
core   0: 3 0x800035e0 (0xd6b7e313) x6  0xfffffd6b
core   0: 0x800035e4 (0x8a281f97) auipc   t6, 0x8a281
core   0: 3 0x800035e4 (0x8a281f97) x31 0x0a2845e4
core   0: 0x800035e8 (0x00001a7d) c.addi  s4, -1
core   0: 3 0x800035e8 (0x1a7d) x20 0xfffffffd
core   0: 0x800035ea (0xfe1a1be3) bne     s4, ra, pc - 10
core   0: 3 0x800035ea (0xfe1a1be3)
core   0: 0x800035e0 (0xd6b7e313) ori     t1, a5, -661
core   0: 3 0x800035e0 (0xd6b7e313) x6  0xfffffd6b
core   0: 0x800035e4 (0x8a281f97) auipc   t6, 0x8a281
core   0: 3 0x800035e4 (0x8a281f97) x31 0x0a2845e4
core   0: 0x800035e8 (0x00001a7d) c.addi  s4, -1
core   0: 3 0x800035e8 (0x1a7d) x20 0xfffffffc
core   0: 0x800035ea (0xfe1a1be3) bne     s4, ra, pc - 10
core   0: 3 0x800035ea (0xfe1a1be3)
core   0: 0x800035e0 (0xd6b7e313) ori     t1, a5, -661
core   0: 3 0x800035e0 (0xd6b7e313) x6  0xfffffd6b
core   0: 0x800035e4 (0x8a281f97) auipc   t6, 0x8a281
core   0: 3 0x800035e4 (0x8a281f97) x31 0x0a2845e4
core   0: 0x800035e8 (0x00001a7d) c.addi  s4, -1
core   0: 3 0x800035e8 (0x1a7d) x20 0xfffffffb
core   0: 0x800035ea (0xfe1a1be3) bne     s4, ra, pc - 10
core   0: 3 0x800035ea (0xfe1a1be3)
core   0: 0x800035e0 (0xd6b7e313) ori     t1, a5, -661
core   0: 3 0x800035e0 (0xd6b7e313) x6  0xfffffd6b
core   0: 0x800035e4 (0x8a281f97) auipc   t6, 0x8a281
core   0: 3 0x800035e4 (0x8a281f97) x31 0x0a2845e4
core   0: 0x800035e8 (0x00001a7d) c.addi  s4, -1
core   0: 3 0x800035e8 (0x1a7d) x20 0xfffffffa
core   0: 0x800035ea (0xfe1a1be3) bne     s4, ra, pc - 10
core   0: 3 0x800035ea (0xfe1a1be3)
core   0: 0x800035e0 (0xd6b7e313) ori     t1, a5, -661
core   0: 3 0x800035e0 (0xd6b7e313) x6  0xfffffd6b
core   0: 0x800035e4 (0x8a281f97) auipc   t6, 0x8a281
core   0: 3 0x800035e4 (0x8a281f97) x31 0x0a2845e4
core   0: 0x800035e8 (0x00001a7d) c.addi  s4, -1
core   0: 3 0x800035e8 (0x1a7d) x20 0xfffffff9
core   0: 0x800035ea (0xfe1a1be3) bne     s4, ra, pc - 10
core   0: 3 0x800035ea (0xfe1a1be3)
core   0: 0x800035e0 (0xd6b7e313) ori     t1, a5, -661
core   0: 3 0x800035e0 (0xd6b7e313) x6  0xfffffd6b
core   0: 0x800035e4 (0x8a281f97) auipc   t6, 0x8a281
core   0: 3 0x800035e4 (0x8a281f97) x31 0x0a2845e4
core   0: 0x800035e8 (0x00001a7d) c.addi  s4, -1
core   0: 3 0x800035e8 (0x1a7d) x20 0xfffffff8
core   0: 0x800035ea (0xfe1a1be3) bne     s4, ra, pc - 10
core   0: 3 0x800035ea (0xfe1a1be3)
core   0: 0x800035ee (0xff5793e3) bne     a5, s5, pc - 26
core   0: 3 0x800035ee (0xff5793e3)
core   0: 0x800035d4 (0x00001f7d) c.addi  t5, -1
core   0: 3 0x800035d4 (0x1f7d) x30 0xfffffffd
core   0: 0x800035d6 (0x40d45513) srai    a0, s0, 13
core   0: 3 0x800035d6 (0x40d45513) x10 0xfffc0014
core   0: 0x800035da (0x00000789) c.addi  a5, 2
core   0: 3 0x800035da (0x0789) x15 0x00000005
core   0: 0x800035dc (0x00004a09) c.li    s4, 2
core   0: 3 0x800035dc (0x4a09) x20 0x00000002
core   0: 0x800035de (0x000050e1) c.li    ra, -8
core   0: 3 0x800035de (0x50e1) x1  0xfffffff8
core   0: 0x800035e0 (0xd6b7e313) ori     t1, a5, -661
core   0: 3 0x800035e0 (0xd6b7e313) x6  0xfffffd6f
core   0: 0x800035e4 (0x8a281f97) auipc   t6, 0x8a281
core   0: 3 0x800035e4 (0x8a281f97) x31 0x0a2845e4
core   0: 0x800035e8 (0x00001a7d) c.addi  s4, -1
core   0: 3 0x800035e8 (0x1a7d) x20 0x00000001
core   0: 0x800035ea (0xfe1a1be3) bne     s4, ra, pc - 10
core   0: 3 0x800035ea (0xfe1a1be3)
core   0: 0x800035e0 (0xd6b7e313) ori     t1, a5, -661
core   0: 3 0x800035e0 (0xd6b7e313) x6  0xfffffd6f
core   0: 0x800035e4 (0x8a281f97) auipc   t6, 0x8a281
core   0: 3 0x800035e4 (0x8a281f97) x31 0x0a2845e4
core   0: 0x800035e8 (0x00001a7d) c.addi  s4, -1
core   0: 3 0x800035e8 (0x1a7d) x20 0x00000000
core   0: 0x800035ea (0xfe1a1be3) bne     s4, ra, pc - 10
core   0: 3 0x800035ea (0xfe1a1be3)
core   0: 0x800035e0 (0xd6b7e313) ori     t1, a5, -661
core   0: 3 0x800035e0 (0xd6b7e313) x6  0xfffffd6f
core   0: 0x800035e4 (0x8a281f97) auipc   t6, 0x8a281
core   0: 3 0x800035e4 (0x8a281f97) x31 0x0a2845e4
core   0: 0x800035e8 (0x00001a7d) c.addi  s4, -1
core   0: 3 0x800035e8 (0x1a7d) x20 0xffffffff
core   0: 0x800035ea (0xfe1a1be3) bne     s4, ra, pc - 10
core   0: 3 0x800035ea (0xfe1a1be3)
core   0: 0x800035e0 (0xd6b7e313) ori     t1, a5, -661
core   0: 3 0x800035e0 (0xd6b7e313) x6  0xfffffd6f
core   0: 0x800035e4 (0x8a281f97) auipc   t6, 0x8a281
core   0: 3 0x800035e4 (0x8a281f97) x31 0x0a2845e4
core   0: 0x800035e8 (0x00001a7d) c.addi  s4, -1
core   0: 3 0x800035e8 (0x1a7d) x20 0xfffffffe
core   0: 0x800035ea (0xfe1a1be3) bne     s4, ra, pc - 10
core   0: 3 0x800035ea (0xfe1a1be3)
core   0: 0x800035e0 (0xd6b7e313) ori     t1, a5, -661
core   0: 3 0x800035e0 (0xd6b7e313) x6  0xfffffd6f
core   0: 0x800035e4 (0x8a281f97) auipc   t6, 0x8a281
core   0: 3 0x800035e4 (0x8a281f97) x31 0x0a2845e4
core   0: 0x800035e8 (0x00001a7d) c.addi  s4, -1
core   0: 3 0x800035e8 (0x1a7d) x20 0xfffffffd
core   0: 0x800035ea (0xfe1a1be3) bne     s4, ra, pc - 10
core   0: 3 0x800035ea (0xfe1a1be3)
core   0: 0x800035e0 (0xd6b7e313) ori     t1, a5, -661
core   0: 3 0x800035e0 (0xd6b7e313) x6  0xfffffd6f
core   0: 0x800035e4 (0x8a281f97) auipc   t6, 0x8a281
core   0: 3 0x800035e4 (0x8a281f97) x31 0x0a2845e4
core   0: 0x800035e8 (0x00001a7d) c.addi  s4, -1
core   0: 3 0x800035e8 (0x1a7d) x20 0xfffffffc
core   0: 0x800035ea (0xfe1a1be3) bne     s4, ra, pc - 10
core   0: 3 0x800035ea (0xfe1a1be3)
core   0: 0x800035e0 (0xd6b7e313) ori     t1, a5, -661
core   0: 3 0x800035e0 (0xd6b7e313) x6  0xfffffd6f
core   0: 0x800035e4 (0x8a281f97) auipc   t6, 0x8a281
core   0: 3 0x800035e4 (0x8a281f97) x31 0x0a2845e4
core   0: 0x800035e8 (0x00001a7d) c.addi  s4, -1
core   0: 3 0x800035e8 (0x1a7d) x20 0xfffffffb
core   0: 0x800035ea (0xfe1a1be3) bne     s4, ra, pc - 10
core   0: 3 0x800035ea (0xfe1a1be3)
core   0: 0x800035e0 (0xd6b7e313) ori     t1, a5, -661
core   0: 3 0x800035e0 (0xd6b7e313) x6  0xfffffd6f
core   0: 0x800035e4 (0x8a281f97) auipc   t6, 0x8a281
core   0: 3 0x800035e4 (0x8a281f97) x31 0x0a2845e4
core   0: 0x800035e8 (0x00001a7d) c.addi  s4, -1
core   0: 3 0x800035e8 (0x1a7d) x20 0xfffffffa
core   0: 0x800035ea (0xfe1a1be3) bne     s4, ra, pc - 10
core   0: 3 0x800035ea (0xfe1a1be3)
core   0: 0x800035e0 (0xd6b7e313) ori     t1, a5, -661
core   0: 3 0x800035e0 (0xd6b7e313) x6  0xfffffd6f
core   0: 0x800035e4 (0x8a281f97) auipc   t6, 0x8a281
core   0: 3 0x800035e4 (0x8a281f97) x31 0x0a2845e4
core   0: 0x800035e8 (0x00001a7d) c.addi  s4, -1
core   0: 3 0x800035e8 (0x1a7d) x20 0xfffffff9
core   0: 0x800035ea (0xfe1a1be3) bne     s4, ra, pc - 10
core   0: 3 0x800035ea (0xfe1a1be3)
core   0: 0x800035e0 (0xd6b7e313) ori     t1, a5, -661
core   0: 3 0x800035e0 (0xd6b7e313) x6  0xfffffd6f
core   0: 0x800035e4 (0x8a281f97) auipc   t6, 0x8a281
core   0: 3 0x800035e4 (0x8a281f97) x31 0x0a2845e4
core   0: 0x800035e8 (0x00001a7d) c.addi  s4, -1
core   0: 3 0x800035e8 (0x1a7d) x20 0xfffffff8
core   0: 0x800035ea (0xfe1a1be3) bne     s4, ra, pc - 10
core   0: 3 0x800035ea (0xfe1a1be3)
core   0: 0x800035ee (0xff5793e3) bne     a5, s5, pc - 26
core   0: 3 0x800035ee (0xff5793e3)
core   0: 0x800035d4 (0x00001f7d) c.addi  t5, -1
core   0: 3 0x800035d4 (0x1f7d) x30 0xfffffffc
core   0: 0x800035d6 (0x40d45513) srai    a0, s0, 13
core   0: 3 0x800035d6 (0x40d45513) x10 0xfffc0014
core   0: 0x800035da (0x00000789) c.addi  a5, 2
core   0: 3 0x800035da (0x0789) x15 0x00000007
core   0: 0x800035dc (0x00004a09) c.li    s4, 2
core   0: 3 0x800035dc (0x4a09) x20 0x00000002
core   0: 0x800035de (0x000050e1) c.li    ra, -8
core   0: 3 0x800035de (0x50e1) x1  0xfffffff8
core   0: 0x800035e0 (0xd6b7e313) ori     t1, a5, -661
core   0: 3 0x800035e0 (0xd6b7e313) x6  0xfffffd6f
core   0: 0x800035e4 (0x8a281f97) auipc   t6, 0x8a281
core   0: 3 0x800035e4 (0x8a281f97) x31 0x0a2845e4
core   0: 0x800035e8 (0x00001a7d) c.addi  s4, -1
core   0: 3 0x800035e8 (0x1a7d) x20 0x00000001
core   0: 0x800035ea (0xfe1a1be3) bne     s4, ra, pc - 10
core   0: 3 0x800035ea (0xfe1a1be3)
core   0: 0x800035e0 (0xd6b7e313) ori     t1, a5, -661
core   0: 3 0x800035e0 (0xd6b7e313) x6  0xfffffd6f
core   0: 0x800035e4 (0x8a281f97) auipc   t6, 0x8a281
core   0: 3 0x800035e4 (0x8a281f97) x31 0x0a2845e4
core   0: 0x800035e8 (0x00001a7d) c.addi  s4, -1
core   0: 3 0x800035e8 (0x1a7d) x20 0x00000000
core   0: 0x800035ea (0xfe1a1be3) bne     s4, ra, pc - 10
core   0: 3 0x800035ea (0xfe1a1be3)
core   0: 0x800035e0 (0xd6b7e313) ori     t1, a5, -661
core   0: 3 0x800035e0 (0xd6b7e313) x6  0xfffffd6f
core   0: 0x800035e4 (0x8a281f97) auipc   t6, 0x8a281
core   0: 3 0x800035e4 (0x8a281f97) x31 0x0a2845e4
core   0: 0x800035e8 (0x00001a7d) c.addi  s4, -1
core   0: 3 0x800035e8 (0x1a7d) x20 0xffffffff
core   0: 0x800035ea (0xfe1a1be3) bne     s4, ra, pc - 10
core   0: 3 0x800035ea (0xfe1a1be3)
core   0: 0x800035e0 (0xd6b7e313) ori     t1, a5, -661
core   0: 3 0x800035e0 (0xd6b7e313) x6  0xfffffd6f
core   0: 0x800035e4 (0x8a281f97) auipc   t6, 0x8a281
core   0: 3 0x800035e4 (0x8a281f97) x31 0x0a2845e4
core   0: 0x800035e8 (0x00001a7d) c.addi  s4, -1
core   0: 3 0x800035e8 (0x1a7d) x20 0xfffffffe
core   0: 0x800035ea (0xfe1a1be3) bne     s4, ra, pc - 10
core   0: 3 0x800035ea (0xfe1a1be3)
core   0: 0x800035e0 (0xd6b7e313) ori     t1, a5, -661
core   0: 3 0x800035e0 (0xd6b7e313) x6  0xfffffd6f
core   0: 0x800035e4 (0x8a281f97) auipc   t6, 0x8a281
core   0: 3 0x800035e4 (0x8a281f97) x31 0x0a2845e4
core   0: 0x800035e8 (0x00001a7d) c.addi  s4, -1
core   0: 3 0x800035e8 (0x1a7d) x20 0xfffffffd
core   0: 0x800035ea (0xfe1a1be3) bne     s4, ra, pc - 10
core   0: 3 0x800035ea (0xfe1a1be3)
core   0: 0x800035e0 (0xd6b7e313) ori     t1, a5, -661
core   0: 3 0x800035e0 (0xd6b7e313) x6  0xfffffd6f
core   0: 0x800035e4 (0x8a281f97) auipc   t6, 0x8a281
core   0: 3 0x800035e4 (0x8a281f97) x31 0x0a2845e4
core   0: 0x800035e8 (0x00001a7d) c.addi  s4, -1
core   0: 3 0x800035e8 (0x1a7d) x20 0xfffffffc
core   0: 0x800035ea (0xfe1a1be3) bne     s4, ra, pc - 10
core   0: 3 0x800035ea (0xfe1a1be3)
core   0: 0x800035e0 (0xd6b7e313) ori     t1, a5, -661
core   0: 3 0x800035e0 (0xd6b7e313) x6  0xfffffd6f
core   0: 0x800035e4 (0x8a281f97) auipc   t6, 0x8a281
core   0: 3 0x800035e4 (0x8a281f97) x31 0x0a2845e4
core   0: 0x800035e8 (0x00001a7d) c.addi  s4, -1
core   0: 3 0x800035e8 (0x1a7d) x20 0xfffffffb
core   0: 0x800035ea (0xfe1a1be3) bne     s4, ra, pc - 10
core   0: 3 0x800035ea (0xfe1a1be3)
core   0: 0x800035e0 (0xd6b7e313) ori     t1, a5, -661
core   0: 3 0x800035e0 (0xd6b7e313) x6  0xfffffd6f
core   0: 0x800035e4 (0x8a281f97) auipc   t6, 0x8a281
core   0: 3 0x800035e4 (0x8a281f97) x31 0x0a2845e4
core   0: 0x800035e8 (0x00001a7d) c.addi  s4, -1
core   0: 3 0x800035e8 (0x1a7d) x20 0xfffffffa
core   0: 0x800035ea (0xfe1a1be3) bne     s4, ra, pc - 10
core   0: 3 0x800035ea (0xfe1a1be3)
core   0: 0x800035e0 (0xd6b7e313) ori     t1, a5, -661
core   0: 3 0x800035e0 (0xd6b7e313) x6  0xfffffd6f
core   0: 0x800035e4 (0x8a281f97) auipc   t6, 0x8a281
core   0: 3 0x800035e4 (0x8a281f97) x31 0x0a2845e4
core   0: 0x800035e8 (0x00001a7d) c.addi  s4, -1
core   0: 3 0x800035e8 (0x1a7d) x20 0xfffffff9
core   0: 0x800035ea (0xfe1a1be3) bne     s4, ra, pc - 10
core   0: 3 0x800035ea (0xfe1a1be3)
core   0: 0x800035e0 (0xd6b7e313) ori     t1, a5, -661
core   0: 3 0x800035e0 (0xd6b7e313) x6  0xfffffd6f
core   0: 0x800035e4 (0x8a281f97) auipc   t6, 0x8a281
core   0: 3 0x800035e4 (0x8a281f97) x31 0x0a2845e4
core   0: 0x800035e8 (0x00001a7d) c.addi  s4, -1
core   0: 3 0x800035e8 (0x1a7d) x20 0xfffffff8
core   0: 0x800035ea (0xfe1a1be3) bne     s4, ra, pc - 10
core   0: 3 0x800035ea (0xfe1a1be3)
core   0: 0x800035ee (0xff5793e3) bne     a5, s5, pc - 26
core   0: 3 0x800035ee (0xff5793e3)
core   0: 0x800035d4 (0x00001f7d) c.addi  t5, -1
core   0: 3 0x800035d4 (0x1f7d) x30 0xfffffffb
core   0: 0x800035d6 (0x40d45513) srai    a0, s0, 13
core   0: 3 0x800035d6 (0x40d45513) x10 0xfffc0014
core   0: 0x800035da (0x00000789) c.addi  a5, 2
core   0: 3 0x800035da (0x0789) x15 0x00000009
core   0: 0x800035dc (0x00004a09) c.li    s4, 2
core   0: 3 0x800035dc (0x4a09) x20 0x00000002
core   0: 0x800035de (0x000050e1) c.li    ra, -8
core   0: 3 0x800035de (0x50e1) x1  0xfffffff8
core   0: 0x800035e0 (0xd6b7e313) ori     t1, a5, -661
core   0: 3 0x800035e0 (0xd6b7e313) x6  0xfffffd6b
core   0: 0x800035e4 (0x8a281f97) auipc   t6, 0x8a281
core   0: 3 0x800035e4 (0x8a281f97) x31 0x0a2845e4
core   0: 0x800035e8 (0x00001a7d) c.addi  s4, -1
core   0: 3 0x800035e8 (0x1a7d) x20 0x00000001
core   0: 0x800035ea (0xfe1a1be3) bne     s4, ra, pc - 10
core   0: 3 0x800035ea (0xfe1a1be3)
core   0: 0x800035e0 (0xd6b7e313) ori     t1, a5, -661
core   0: 3 0x800035e0 (0xd6b7e313) x6  0xfffffd6b
core   0: 0x800035e4 (0x8a281f97) auipc   t6, 0x8a281
core   0: 3 0x800035e4 (0x8a281f97) x31 0x0a2845e4
core   0: 0x800035e8 (0x00001a7d) c.addi  s4, -1
core   0: 3 0x800035e8 (0x1a7d) x20 0x00000000
core   0: 0x800035ea (0xfe1a1be3) bne     s4, ra, pc - 10
core   0: 3 0x800035ea (0xfe1a1be3)
core   0: 0x800035e0 (0xd6b7e313) ori     t1, a5, -661
core   0: 3 0x800035e0 (0xd6b7e313) x6  0xfffffd6b
core   0: 0x800035e4 (0x8a281f97) auipc   t6, 0x8a281
core   0: 3 0x800035e4 (0x8a281f97) x31 0x0a2845e4
core   0: 0x800035e8 (0x00001a7d) c.addi  s4, -1
core   0: 3 0x800035e8 (0x1a7d) x20 0xffffffff
core   0: 0x800035ea (0xfe1a1be3) bne     s4, ra, pc - 10
core   0: 3 0x800035ea (0xfe1a1be3)
core   0: 0x800035e0 (0xd6b7e313) ori     t1, a5, -661
core   0: 3 0x800035e0 (0xd6b7e313) x6  0xfffffd6b
core   0: 0x800035e4 (0x8a281f97) auipc   t6, 0x8a281
core   0: 3 0x800035e4 (0x8a281f97) x31 0x0a2845e4
core   0: 0x800035e8 (0x00001a7d) c.addi  s4, -1
core   0: 3 0x800035e8 (0x1a7d) x20 0xfffffffe
core   0: 0x800035ea (0xfe1a1be3) bne     s4, ra, pc - 10
core   0: 3 0x800035ea (0xfe1a1be3)
core   0: 0x800035e0 (0xd6b7e313) ori     t1, a5, -661
core   0: 3 0x800035e0 (0xd6b7e313) x6  0xfffffd6b
core   0: 0x800035e4 (0x8a281f97) auipc   t6, 0x8a281
core   0: 3 0x800035e4 (0x8a281f97) x31 0x0a2845e4
core   0: 0x800035e8 (0x00001a7d) c.addi  s4, -1
core   0: 3 0x800035e8 (0x1a7d) x20 0xfffffffd
core   0: 0x800035ea (0xfe1a1be3) bne     s4, ra, pc - 10
core   0: 3 0x800035ea (0xfe1a1be3)
core   0: 0x800035e0 (0xd6b7e313) ori     t1, a5, -661
core   0: 3 0x800035e0 (0xd6b7e313) x6  0xfffffd6b
core   0: 0x800035e4 (0x8a281f97) auipc   t6, 0x8a281
core   0: 3 0x800035e4 (0x8a281f97) x31 0x0a2845e4
core   0: 0x800035e8 (0x00001a7d) c.addi  s4, -1
core   0: 3 0x800035e8 (0x1a7d) x20 0xfffffffc
core   0: 0x800035ea (0xfe1a1be3) bne     s4, ra, pc - 10
core   0: 3 0x800035ea (0xfe1a1be3)
core   0: 0x800035e0 (0xd6b7e313) ori     t1, a5, -661
core   0: 3 0x800035e0 (0xd6b7e313) x6  0xfffffd6b
core   0: 0x800035e4 (0x8a281f97) auipc   t6, 0x8a281
core   0: 3 0x800035e4 (0x8a281f97) x31 0x0a2845e4
core   0: 0x800035e8 (0x00001a7d) c.addi  s4, -1
core   0: 3 0x800035e8 (0x1a7d) x20 0xfffffffb
core   0: 0x800035ea (0xfe1a1be3) bne     s4, ra, pc - 10
core   0: 3 0x800035ea (0xfe1a1be3)
core   0: 0x800035e0 (0xd6b7e313) ori     t1, a5, -661
core   0: 3 0x800035e0 (0xd6b7e313) x6  0xfffffd6b
core   0: 0x800035e4 (0x8a281f97) auipc   t6, 0x8a281
core   0: 3 0x800035e4 (0x8a281f97) x31 0x0a2845e4
core   0: 0x800035e8 (0x00001a7d) c.addi  s4, -1
core   0: 3 0x800035e8 (0x1a7d) x20 0xfffffffa
core   0: 0x800035ea (0xfe1a1be3) bne     s4, ra, pc - 10
core   0: 3 0x800035ea (0xfe1a1be3)
core   0: 0x800035e0 (0xd6b7e313) ori     t1, a5, -661
core   0: 3 0x800035e0 (0xd6b7e313) x6  0xfffffd6b
core   0: 0x800035e4 (0x8a281f97) auipc   t6, 0x8a281
core   0: 3 0x800035e4 (0x8a281f97) x31 0x0a2845e4
core   0: 0x800035e8 (0x00001a7d) c.addi  s4, -1
core   0: 3 0x800035e8 (0x1a7d) x20 0xfffffff9
core   0: 0x800035ea (0xfe1a1be3) bne     s4, ra, pc - 10
core   0: 3 0x800035ea (0xfe1a1be3)
core   0: 0x800035e0 (0xd6b7e313) ori     t1, a5, -661
core   0: 3 0x800035e0 (0xd6b7e313) x6  0xfffffd6b
core   0: 0x800035e4 (0x8a281f97) auipc   t6, 0x8a281
core   0: 3 0x800035e4 (0x8a281f97) x31 0x0a2845e4
core   0: 0x800035e8 (0x00001a7d) c.addi  s4, -1
core   0: 3 0x800035e8 (0x1a7d) x20 0xfffffff8
core   0: 0x800035ea (0xfe1a1be3) bne     s4, ra, pc - 10
core   0: 3 0x800035ea (0xfe1a1be3)
core   0: 0x800035ee (0xff5793e3) bne     a5, s5, pc - 26
core   0: 3 0x800035ee (0xff5793e3)
core   0: 0x800035d4 (0x00001f7d) c.addi  t5, -1
core   0: 3 0x800035d4 (0x1f7d) x30 0xfffffffa
core   0: 0x800035d6 (0x40d45513) srai    a0, s0, 13
core   0: 3 0x800035d6 (0x40d45513) x10 0xfffc0014
core   0: 0x800035da (0x00000789) c.addi  a5, 2
core   0: 3 0x800035da (0x0789) x15 0x0000000b
core   0: 0x800035dc (0x00004a09) c.li    s4, 2
core   0: 3 0x800035dc (0x4a09) x20 0x00000002
core   0: 0x800035de (0x000050e1) c.li    ra, -8
core   0: 3 0x800035de (0x50e1) x1  0xfffffff8
core   0: 0x800035e0 (0xd6b7e313) ori     t1, a5, -661
core   0: 3 0x800035e0 (0xd6b7e313) x6  0xfffffd6b
core   0: 0x800035e4 (0x8a281f97) auipc   t6, 0x8a281
core   0: 3 0x800035e4 (0x8a281f97) x31 0x0a2845e4
core   0: 0x800035e8 (0x00001a7d) c.addi  s4, -1
core   0: 3 0x800035e8 (0x1a7d) x20 0x00000001
core   0: 0x800035ea (0xfe1a1be3) bne     s4, ra, pc - 10
core   0: 3 0x800035ea (0xfe1a1be3)
core   0: 0x800035e0 (0xd6b7e313) ori     t1, a5, -661
core   0: 3 0x800035e0 (0xd6b7e313) x6  0xfffffd6b
core   0: 0x800035e4 (0x8a281f97) auipc   t6, 0x8a281
core   0: 3 0x800035e4 (0x8a281f97) x31 0x0a2845e4
core   0: 0x800035e8 (0x00001a7d) c.addi  s4, -1
core   0: 3 0x800035e8 (0x1a7d) x20 0x00000000
core   0: 0x800035ea (0xfe1a1be3) bne     s4, ra, pc - 10
core   0: 3 0x800035ea (0xfe1a1be3)
core   0: 0x800035e0 (0xd6b7e313) ori     t1, a5, -661
core   0: 3 0x800035e0 (0xd6b7e313) x6  0xfffffd6b
core   0: 0x800035e4 (0x8a281f97) auipc   t6, 0x8a281
core   0: 3 0x800035e4 (0x8a281f97) x31 0x0a2845e4
core   0: 0x800035e8 (0x00001a7d) c.addi  s4, -1
core   0: 3 0x800035e8 (0x1a7d) x20 0xffffffff
core   0: 0x800035ea (0xfe1a1be3) bne     s4, ra, pc - 10
core   0: 3 0x800035ea (0xfe1a1be3)
core   0: 0x800035e0 (0xd6b7e313) ori     t1, a5, -661
core   0: 3 0x800035e0 (0xd6b7e313) x6  0xfffffd6b
core   0: 0x800035e4 (0x8a281f97) auipc   t6, 0x8a281
core   0: 3 0x800035e4 (0x8a281f97) x31 0x0a2845e4
core   0: 0x800035e8 (0x00001a7d) c.addi  s4, -1
core   0: 3 0x800035e8 (0x1a7d) x20 0xfffffffe
core   0: 0x800035ea (0xfe1a1be3) bne     s4, ra, pc - 10
core   0: 3 0x800035ea (0xfe1a1be3)
core   0: 0x800035e0 (0xd6b7e313) ori     t1, a5, -661
core   0: 3 0x800035e0 (0xd6b7e313) x6  0xfffffd6b
core   0: 0x800035e4 (0x8a281f97) auipc   t6, 0x8a281
core   0: 3 0x800035e4 (0x8a281f97) x31 0x0a2845e4
core   0: 0x800035e8 (0x00001a7d) c.addi  s4, -1
core   0: 3 0x800035e8 (0x1a7d) x20 0xfffffffd
core   0: 0x800035ea (0xfe1a1be3) bne     s4, ra, pc - 10
core   0: 3 0x800035ea (0xfe1a1be3)
core   0: 0x800035e0 (0xd6b7e313) ori     t1, a5, -661
core   0: 3 0x800035e0 (0xd6b7e313) x6  0xfffffd6b
core   0: 0x800035e4 (0x8a281f97) auipc   t6, 0x8a281
core   0: 3 0x800035e4 (0x8a281f97) x31 0x0a2845e4
core   0: 0x800035e8 (0x00001a7d) c.addi  s4, -1
core   0: 3 0x800035e8 (0x1a7d) x20 0xfffffffc
core   0: 0x800035ea (0xfe1a1be3) bne     s4, ra, pc - 10
core   0: 3 0x800035ea (0xfe1a1be3)
core   0: 0x800035e0 (0xd6b7e313) ori     t1, a5, -661
core   0: 3 0x800035e0 (0xd6b7e313) x6  0xfffffd6b
core   0: 0x800035e4 (0x8a281f97) auipc   t6, 0x8a281
core   0: 3 0x800035e4 (0x8a281f97) x31 0x0a2845e4
core   0: 0x800035e8 (0x00001a7d) c.addi  s4, -1
core   0: 3 0x800035e8 (0x1a7d) x20 0xfffffffb
core   0: 0x800035ea (0xfe1a1be3) bne     s4, ra, pc - 10
core   0: 3 0x800035ea (0xfe1a1be3)
core   0: 0x800035e0 (0xd6b7e313) ori     t1, a5, -661
core   0: 3 0x800035e0 (0xd6b7e313) x6  0xfffffd6b
core   0: 0x800035e4 (0x8a281f97) auipc   t6, 0x8a281
core   0: 3 0x800035e4 (0x8a281f97) x31 0x0a2845e4
core   0: 0x800035e8 (0x00001a7d) c.addi  s4, -1
core   0: 3 0x800035e8 (0x1a7d) x20 0xfffffffa
core   0: 0x800035ea (0xfe1a1be3) bne     s4, ra, pc - 10
core   0: 3 0x800035ea (0xfe1a1be3)
core   0: 0x800035e0 (0xd6b7e313) ori     t1, a5, -661
core   0: 3 0x800035e0 (0xd6b7e313) x6  0xfffffd6b
core   0: 0x800035e4 (0x8a281f97) auipc   t6, 0x8a281
core   0: 3 0x800035e4 (0x8a281f97) x31 0x0a2845e4
core   0: 0x800035e8 (0x00001a7d) c.addi  s4, -1
core   0: 3 0x800035e8 (0x1a7d) x20 0xfffffff9
core   0: 0x800035ea (0xfe1a1be3) bne     s4, ra, pc - 10
core   0: 3 0x800035ea (0xfe1a1be3)
core   0: 0x800035e0 (0xd6b7e313) ori     t1, a5, -661
core   0: 3 0x800035e0 (0xd6b7e313) x6  0xfffffd6b
core   0: 0x800035e4 (0x8a281f97) auipc   t6, 0x8a281
core   0: 3 0x800035e4 (0x8a281f97) x31 0x0a2845e4
core   0: 0x800035e8 (0x00001a7d) c.addi  s4, -1
core   0: 3 0x800035e8 (0x1a7d) x20 0xfffffff8
core   0: 0x800035ea (0xfe1a1be3) bne     s4, ra, pc - 10
core   0: 3 0x800035ea (0xfe1a1be3)
core   0: 0x800035ee (0xff5793e3) bne     a5, s5, pc - 26
core   0: 3 0x800035ee (0xff5793e3)
core   0: 0x800035d4 (0x00001f7d) c.addi  t5, -1
core   0: 3 0x800035d4 (0x1f7d) x30 0xfffffff9
core   0: 0x800035d6 (0x40d45513) srai    a0, s0, 13
core   0: 3 0x800035d6 (0x40d45513) x10 0xfffc0014
core   0: 0x800035da (0x00000789) c.addi  a5, 2
core   0: 3 0x800035da (0x0789) x15 0x0000000d
core   0: 0x800035dc (0x00004a09) c.li    s4, 2
core   0: 3 0x800035dc (0x4a09) x20 0x00000002
core   0: 0x800035de (0x000050e1) c.li    ra, -8
core   0: 3 0x800035de (0x50e1) x1  0xfffffff8
core   0: 0x800035e0 (0xd6b7e313) ori     t1, a5, -661
core   0: 3 0x800035e0 (0xd6b7e313) x6  0xfffffd6f
core   0: 0x800035e4 (0x8a281f97) auipc   t6, 0x8a281
core   0: 3 0x800035e4 (0x8a281f97) x31 0x0a2845e4
core   0: 0x800035e8 (0x00001a7d) c.addi  s4, -1
core   0: 3 0x800035e8 (0x1a7d) x20 0x00000001
core   0: 0x800035ea (0xfe1a1be3) bne     s4, ra, pc - 10
core   0: 3 0x800035ea (0xfe1a1be3)
core   0: 0x800035e0 (0xd6b7e313) ori     t1, a5, -661
core   0: 3 0x800035e0 (0xd6b7e313) x6  0xfffffd6f
core   0: 0x800035e4 (0x8a281f97) auipc   t6, 0x8a281
core   0: 3 0x800035e4 (0x8a281f97) x31 0x0a2845e4
core   0: 0x800035e8 (0x00001a7d) c.addi  s4, -1
core   0: 3 0x800035e8 (0x1a7d) x20 0x00000000
core   0: 0x800035ea (0xfe1a1be3) bne     s4, ra, pc - 10
core   0: 3 0x800035ea (0xfe1a1be3)
core   0: 0x800035e0 (0xd6b7e313) ori     t1, a5, -661
core   0: 3 0x800035e0 (0xd6b7e313) x6  0xfffffd6f
core   0: 0x800035e4 (0x8a281f97) auipc   t6, 0x8a281
core   0: 3 0x800035e4 (0x8a281f97) x31 0x0a2845e4
core   0: 0x800035e8 (0x00001a7d) c.addi  s4, -1
core   0: 3 0x800035e8 (0x1a7d) x20 0xffffffff
core   0: 0x800035ea (0xfe1a1be3) bne     s4, ra, pc - 10
core   0: 3 0x800035ea (0xfe1a1be3)
core   0: 0x800035e0 (0xd6b7e313) ori     t1, a5, -661
core   0: 3 0x800035e0 (0xd6b7e313) x6  0xfffffd6f
core   0: 0x800035e4 (0x8a281f97) auipc   t6, 0x8a281
core   0: 3 0x800035e4 (0x8a281f97) x31 0x0a2845e4
core   0: 0x800035e8 (0x00001a7d) c.addi  s4, -1
core   0: 3 0x800035e8 (0x1a7d) x20 0xfffffffe
core   0: 0x800035ea (0xfe1a1be3) bne     s4, ra, pc - 10
core   0: 3 0x800035ea (0xfe1a1be3)
core   0: 0x800035e0 (0xd6b7e313) ori     t1, a5, -661
core   0: 3 0x800035e0 (0xd6b7e313) x6  0xfffffd6f
core   0: 0x800035e4 (0x8a281f97) auipc   t6, 0x8a281
core   0: 3 0x800035e4 (0x8a281f97) x31 0x0a2845e4
core   0: 0x800035e8 (0x00001a7d) c.addi  s4, -1
core   0: 3 0x800035e8 (0x1a7d) x20 0xfffffffd
core   0: 0x800035ea (0xfe1a1be3) bne     s4, ra, pc - 10
core   0: 3 0x800035ea (0xfe1a1be3)
core   0: 0x800035e0 (0xd6b7e313) ori     t1, a5, -661
core   0: 3 0x800035e0 (0xd6b7e313) x6  0xfffffd6f
core   0: 0x800035e4 (0x8a281f97) auipc   t6, 0x8a281
core   0: 3 0x800035e4 (0x8a281f97) x31 0x0a2845e4
core   0: 0x800035e8 (0x00001a7d) c.addi  s4, -1
core   0: 3 0x800035e8 (0x1a7d) x20 0xfffffffc
core   0: 0x800035ea (0xfe1a1be3) bne     s4, ra, pc - 10
core   0: 3 0x800035ea (0xfe1a1be3)
core   0: 0x800035e0 (0xd6b7e313) ori     t1, a5, -661
core   0: 3 0x800035e0 (0xd6b7e313) x6  0xfffffd6f
core   0: 0x800035e4 (0x8a281f97) auipc   t6, 0x8a281
core   0: 3 0x800035e4 (0x8a281f97) x31 0x0a2845e4
core   0: 0x800035e8 (0x00001a7d) c.addi  s4, -1
core   0: 3 0x800035e8 (0x1a7d) x20 0xfffffffb
core   0: 0x800035ea (0xfe1a1be3) bne     s4, ra, pc - 10
core   0: 3 0x800035ea (0xfe1a1be3)
core   0: 0x800035e0 (0xd6b7e313) ori     t1, a5, -661
core   0: 3 0x800035e0 (0xd6b7e313) x6  0xfffffd6f
core   0: 0x800035e4 (0x8a281f97) auipc   t6, 0x8a281
core   0: 3 0x800035e4 (0x8a281f97) x31 0x0a2845e4
core   0: 0x800035e8 (0x00001a7d) c.addi  s4, -1
core   0: 3 0x800035e8 (0x1a7d) x20 0xfffffffa
core   0: 0x800035ea (0xfe1a1be3) bne     s4, ra, pc - 10
core   0: 3 0x800035ea (0xfe1a1be3)
core   0: 0x800035e0 (0xd6b7e313) ori     t1, a5, -661
core   0: 3 0x800035e0 (0xd6b7e313) x6  0xfffffd6f
core   0: 0x800035e4 (0x8a281f97) auipc   t6, 0x8a281
core   0: 3 0x800035e4 (0x8a281f97) x31 0x0a2845e4
core   0: 0x800035e8 (0x00001a7d) c.addi  s4, -1
core   0: 3 0x800035e8 (0x1a7d) x20 0xfffffff9
core   0: 0x800035ea (0xfe1a1be3) bne     s4, ra, pc - 10
core   0: 3 0x800035ea (0xfe1a1be3)
core   0: 0x800035e0 (0xd6b7e313) ori     t1, a5, -661
core   0: 3 0x800035e0 (0xd6b7e313) x6  0xfffffd6f
core   0: 0x800035e4 (0x8a281f97) auipc   t6, 0x8a281
core   0: 3 0x800035e4 (0x8a281f97) x31 0x0a2845e4
core   0: 0x800035e8 (0x00001a7d) c.addi  s4, -1
core   0: 3 0x800035e8 (0x1a7d) x20 0xfffffff8
core   0: 0x800035ea (0xfe1a1be3) bne     s4, ra, pc - 10
core   0: 3 0x800035ea (0xfe1a1be3)
core   0: 0x800035ee (0xff5793e3) bne     a5, s5, pc - 26
core   0: 3 0x800035ee (0xff5793e3)
core   0: 0x800035f2 (0x029f2e33) mulhsu  t3, t5, s1
core   0: 3 0x800035f2 (0x029f2e33) x28 0x00000000
core   0: 0x800035f6 (0x00004591) c.li    a1, 4
core   0: 3 0x800035f6 (0x4591) x11 0x00000004
core   0: 0x800035f8 (0x0000567d) c.li    a2, -1
core   0: 3 0x800035f8 (0x567d) x12 0xffffffff
core   0: 0x800035fa (0x0019d393) srli    t2, s3, 1
core   0: 3 0x800035fa (0x0019d393) x7  0x00000b91
core   0: 0x800035fe (0x00004099) c.li    ra, 6
core   0: 3 0x800035fe (0x4099) x1  0x00000006
core   0: 0x80003600 (0x000069b1) c.lui   s3, 0xc
core   0: 3 0x80003600 (0x69b1) x19 0x0000c000
core   0: 0x80003602 (0x00000589) c.addi  a1, 2
core   0: 3 0x80003602 (0x0589) x11 0x00000006
core   0: 0x80003604 (0x40450133) sub     sp, a0, tp
core   0: 3 0x80003604 (0x40450133) x2  0xfffc0006
core   0: 0x80003608 (0x02220633) mul     a2, tp, sp
core   0: 3 0x80003608 (0x02220633) x12 0xffc80054
core   0: 0x8000360c (0x00352233) slt     tp, a0, gp
core   0: 3 0x8000360c (0x00352233) x4  0x00000001
core   0: 0x80003610 (0x01095c93) srli    s9, s2, 16
core   0: 3 0x80003610 (0x01095c93) x25 0x00000000
core   0: 0x80003614 (0xfe1596e3) bne     a1, ra, pc - 20
core   0: 3 0x80003614 (0xfe1596e3)
core   0: 0x80003618 (0x0275fab3) remu    s5, a1, t2
core   0: 3 0x80003618 (0x0275fab3) x21 0x00000006
core   0: 0x8000361c (0x00004321) c.li    t1, 8
core   0: 3 0x8000361c (0x4321) x6  0x00000008
core   0: 0x8000361e (0x41868ab3) sub     s5, a3, s8
core   0: 3 0x8000361e (0x41868ab3) x21 0x845f3a91
core   0: 0x80003622 (0x0000866d) c.srai  a2, 27
core   0: 3 0x80003622 (0x866d) x12 0xffffffff
core   0: 0x80003624 (0x000002b2) c.slli  t0, 12
core   0: 3 0x80003624 (0x02b2) x5  0x00014000
core   0: 0x80003626 (0x62660a97) auipc   s5, 0x62660
core   0: 3 0x80003626 (0x62660a97) x21 0xe2663626
core   0: 0x8000362a (0x40cf5993) srai    s3, t5, 12
core   0: 3 0x8000362a (0x40cf5993) x19 0xffffffff
core   0: 0x8000362e (0x0014a033) slt     zero, s1, ra
core   0: 3 0x8000362e (0x0014a033)
core   0: 0x80003632 (0x00deba33) sltu    s4, t4, a3
core   0: 3 0x80003632 (0x00deba33) x20 0x00000001
core   0: 0x80003636 (0x01e80b33) add     s6, a6, t5
core   0: 3 0x80003636 (0x01e80b33) x22 0xfffffff9
core   0: 0x8000363a (0x01e25bb3) srl     s7, tp, t5
core   0: 3 0x8000363a (0x01e25bb3) x23 0x00000000
core   0: 0x8000363e (0x00000aaa) c.slli  s5, 10
core   0: 3 0x8000363e (0x0aaa) x21 0x98d89800
core   0: 0x80003640 (0x02b97033) remu    zero, s2, a1
core   0: 3 0x80003640 (0x02b97033)
core   0: 0x80003644 (0x00008eb6) c.mv    t4, a3
core   0: 3 0x80003644 (0x8eb6) x29 0x80025e28
core   0: 0x80003646 (0x004971b3) and     gp, s2, tp
core   0: 3 0x80003646 (0x004971b3) x3  0x00000000
core   0: 0x8000364a (0x00008fb9) c.xor   a5, a4
core   0: 3 0x8000364a (0x8fb9) x15 0x00000001
core   0: 0x8000364c (0x01edf733) and     a4, s11, t5
core   0: 3 0x8000364c (0x01edf733) x14 0x00000001
core   0: 0x80003650 (0x00004b4d) c.li    s6, 19
core   0: 3 0x80003650 (0x4b4d) x22 0x00000013
core   0: 0x80003652 (0x00004239) c.li    tp, 14
core   0: 3 0x80003652 (0x4239) x4  0x0000000e
core   0: 0x80003654 (0xf29fcb13) xori    s6, t6, -215
core   0: 3 0x80003654 (0xf29fcb13) x22 0xf5d7bacd
core   0: 0x80003658 (0x00ee5893) srli    a7, t3, 14
core   0: 3 0x80003658 (0x00ee5893) x17 0x00000000
core   0: 0x8000365c (0x4007d3b3) sra     t2, a5, zero
core   0: 3 0x8000365c (0x4007d3b3) x7  0x00000001
core   0: 0x80003660 (0x00000001) c.nop
core   0: 3 0x80003660 (0x0001)
core   0: 0x80003662 (0x033cd0b3) divu    ra, s9, s3
core   0: 3 0x80003662 (0x033cd0b3) x1  0x00000000
core   0: 0x80003666 (0x00008d01) c.sub   a0, s0
core   0: 3 0x80003666 (0x8d01) x10 0x7ff96330
core   0: 0x80003668 (0x00000309) c.addi  t1, 2
core   0: 3 0x80003668 (0x0309) x6  0x0000000a
core   0: 0x8000366a (0x029c4833) div     a6, s8, s1
core   0: 3 0x8000366a (0x029c4833) x16 0xffffffff
core   0: 0x8000366e (0xbc83cd17) auipc   s10, 0xbc83c
core   0: 3 0x8000366e (0xbc83cd17) x26 0x3c83f66e
core   0: 0x80003672 (0x00008d45) c.or    a0, s1
core   0: 3 0x80003672 (0x8d45) x10 0x7ff96330
core   0: 0x80003674 (0xfe4340e3) blt     t1, tp, pc - 32
core   0: 3 0x80003674 (0xfe4340e3)
core   0: 0x80003654 (0xf29fcb13) xori    s6, t6, -215
core   0: 3 0x80003654 (0xf29fcb13) x22 0xf5d7bacd
core   0: 0x80003658 (0x00ee5893) srli    a7, t3, 14
core   0: 3 0x80003658 (0x00ee5893) x17 0x00000000
core   0: 0x8000365c (0x4007d3b3) sra     t2, a5, zero
core   0: 3 0x8000365c (0x4007d3b3) x7  0x00000001
core   0: 0x80003660 (0x00000001) c.nop
core   0: 3 0x80003660 (0x0001)
core   0: 0x80003662 (0x033cd0b3) divu    ra, s9, s3
core   0: 3 0x80003662 (0x033cd0b3) x1  0x00000000
core   0: 0x80003666 (0x00008d01) c.sub   a0, s0
core   0: 3 0x80003666 (0x8d01) x10 0xfff6c64c
core   0: 0x80003668 (0x00000309) c.addi  t1, 2
core   0: 3 0x80003668 (0x0309) x6  0x0000000c
core   0: 0x8000366a (0x029c4833) div     a6, s8, s1
core   0: 3 0x8000366a (0x029c4833) x16 0xffffffff
core   0: 0x8000366e (0xbc83cd17) auipc   s10, 0xbc83c
core   0: 3 0x8000366e (0xbc83cd17) x26 0x3c83f66e
core   0: 0x80003672 (0x00008d45) c.or    a0, s1
core   0: 3 0x80003672 (0x8d45) x10 0xfff6c64c
core   0: 0x80003674 (0xfe4340e3) blt     t1, tp, pc - 32
core   0: 3 0x80003674 (0xfe4340e3)
core   0: 0x80003654 (0xf29fcb13) xori    s6, t6, -215
core   0: 3 0x80003654 (0xf29fcb13) x22 0xf5d7bacd
core   0: 0x80003658 (0x00ee5893) srli    a7, t3, 14
core   0: 3 0x80003658 (0x00ee5893) x17 0x00000000
core   0: 0x8000365c (0x4007d3b3) sra     t2, a5, zero
core   0: 3 0x8000365c (0x4007d3b3) x7  0x00000001
core   0: 0x80003660 (0x00000001) c.nop
core   0: 3 0x80003660 (0x0001)
core   0: 0x80003662 (0x033cd0b3) divu    ra, s9, s3
core   0: 3 0x80003662 (0x033cd0b3) x1  0x00000000
core   0: 0x80003666 (0x00008d01) c.sub   a0, s0
core   0: 3 0x80003666 (0x8d01) x10 0x7ff42968
core   0: 0x80003668 (0x00000309) c.addi  t1, 2
core   0: 3 0x80003668 (0x0309) x6  0x0000000e
core   0: 0x8000366a (0x029c4833) div     a6, s8, s1
core   0: 3 0x8000366a (0x029c4833) x16 0xffffffff
core   0: 0x8000366e (0xbc83cd17) auipc   s10, 0xbc83c
core   0: 3 0x8000366e (0xbc83cd17) x26 0x3c83f66e
core   0: 0x80003672 (0x00008d45) c.or    a0, s1
core   0: 3 0x80003672 (0x8d45) x10 0x7ff42968
core   0: 0x80003674 (0xfe4340e3) blt     t1, tp, pc - 32
core   0: 3 0x80003674 (0xfe4340e3)
core   0: 0x80003678 (0x0218aab3) mulhsu  s5, a7, ra
core   0: 3 0x80003678 (0x0218aab3) x21 0x00000000
core   0: 0x8000367c (0x00004621) c.li    a2, 8
core   0: 3 0x8000367c (0x4621) x12 0x00000008
core   0: 0x8000367e (0x00373cb3) sltu    s9, a4, gp
core   0: 3 0x8000367e (0x00373cb3) x25 0x00000000
core   0: 0x80003682 (0x000004fd) c.addi  s1, 31
core   0: 3 0x80003682 (0x04fd) x9  0x0000001f
core   0: 0x80003684 (0x000042cd) c.li    t0, 19
core   0: 3 0x80003684 (0x42cd) x5  0x00000013
core   0: 0x80003686 (0x031ceab3) rem     s5, s9, a7
core   0: 3 0x80003686 (0x031ceab3) x21 0x00000000
core   0: 0x8000368a (0x00e3dcb3) srl     s9, t2, a4
core   0: 3 0x8000368a (0x00e3dcb3) x25 0x00000000
core   0: 0x8000368e (0x00000001) c.nop
core   0: 3 0x8000368e (0x0001)
core   0: 0x80003690 (0x4842ee93) ori     t4, t0, 1156
core   0: 3 0x80003690 (0x4842ee93) x29 0x00000497
core   0: 0x80003694 (0xb9f1e213) ori     tp, gp, -1121
core   0: 3 0x80003694 (0xb9f1e213) x4  0xfffffb9f
core   0: 0x80003698 (0x00000609) c.addi  a2, 2
core   0: 3 0x80003698 (0x0609) x12 0x0000000a
core   0: 0x8000369a (0x028b63b3) rem     t2, s6, s0
core   0: 3 0x8000369a (0x028b63b3) x7  0xf5d7bacd
core   0: 0x8000369e (0xfe564be3) blt     a2, t0, pc - 10
core   0: 3 0x8000369e (0xfe564be3)
core   0: 0x80003694 (0xb9f1e213) ori     tp, gp, -1121
core   0: 3 0x80003694 (0xb9f1e213) x4  0xfffffb9f
core   0: 0x80003698 (0x00000609) c.addi  a2, 2
core   0: 3 0x80003698 (0x0609) x12 0x0000000c
core   0: 0x8000369a (0x028b63b3) rem     t2, s6, s0
core   0: 3 0x8000369a (0x028b63b3) x7  0xf5d7bacd
core   0: 0x8000369e (0xfe564be3) blt     a2, t0, pc - 10
core   0: 3 0x8000369e (0xfe564be3)
core   0: 0x80003694 (0xb9f1e213) ori     tp, gp, -1121
core   0: 3 0x80003694 (0xb9f1e213) x4  0xfffffb9f
core   0: 0x80003698 (0x00000609) c.addi  a2, 2
core   0: 3 0x80003698 (0x0609) x12 0x0000000e
core   0: 0x8000369a (0x028b63b3) rem     t2, s6, s0
core   0: 3 0x8000369a (0x028b63b3) x7  0xf5d7bacd
core   0: 0x8000369e (0xfe564be3) blt     a2, t0, pc - 10
core   0: 3 0x8000369e (0xfe564be3)
core   0: 0x80003694 (0xb9f1e213) ori     tp, gp, -1121
core   0: 3 0x80003694 (0xb9f1e213) x4  0xfffffb9f
core   0: 0x80003698 (0x00000609) c.addi  a2, 2
core   0: 3 0x80003698 (0x0609) x12 0x00000010
core   0: 0x8000369a (0x028b63b3) rem     t2, s6, s0
core   0: 3 0x8000369a (0x028b63b3) x7  0xf5d7bacd
core   0: 0x8000369e (0xfe564be3) blt     a2, t0, pc - 10
core   0: 3 0x8000369e (0xfe564be3)
core   0: 0x80003694 (0xb9f1e213) ori     tp, gp, -1121
core   0: 3 0x80003694 (0xb9f1e213) x4  0xfffffb9f
core   0: 0x80003698 (0x00000609) c.addi  a2, 2
core   0: 3 0x80003698 (0x0609) x12 0x00000012
core   0: 0x8000369a (0x028b63b3) rem     t2, s6, s0
core   0: 3 0x8000369a (0x028b63b3) x7  0xf5d7bacd
core   0: 0x8000369e (0xfe564be3) blt     a2, t0, pc - 10
core   0: 3 0x8000369e (0xfe564be3)
core   0: 0x80003694 (0xb9f1e213) ori     tp, gp, -1121
core   0: 3 0x80003694 (0xb9f1e213) x4  0xfffffb9f
core   0: 0x80003698 (0x00000609) c.addi  a2, 2
core   0: 3 0x80003698 (0x0609) x12 0x00000014
core   0: 0x8000369a (0x028b63b3) rem     t2, s6, s0
core   0: 3 0x8000369a (0x028b63b3) x7  0xf5d7bacd
core   0: 0x8000369e (0xfe564be3) blt     a2, t0, pc - 10
core   0: 3 0x8000369e (0xfe564be3)
core   0: 0x800036a2 (0x000098e2) c.add   a7, s8
core   0: 3 0x800036a2 (0x98e2) x17 0xfba32397
core   0: 0x800036a4 (0x000053f1) c.li    t2, -4
core   0: 3 0x800036a4 (0x53f1) x7  0xfffffffc
core   0: 0x800036a6 (0x0077b833) sltu    a6, a5, t2
core   0: 3 0x800036a6 (0x0077b833) x16 0x00000001
core   0: 0x800036aa (0x00008d0d) c.sub   a0, a1
core   0: 3 0x800036aa (0x8d0d) x10 0x7ff42962
core   0: 0x800036ac (0x000083d9) c.srli  a5, 22
core   0: 3 0x800036ac (0x83d9) x15 0x00000000
core   0: 0x800036ae (0x00008f65) c.and   a4, s1
core   0: 3 0x800036ae (0x8f65) x14 0x00000001
core   0: 0x800036b0 (0x03bd7fb3) remu    t6, s10, s11
core   0: 3 0x800036b0 (0x03bd7fb3) x31 0x00000000
core   0: 0x800036b4 (0x0000089e) c.slli  a7, 7
core   0: 3 0x800036b4 (0x089e) x17 0xd191cb80
core   0: 0x800036b6 (0x02a49eb3) mulh    t4, s1, a0
core   0: 3 0x800036b6 (0x02a49eb3) x29 0x0000000f
core   0: 0x800036ba (0x010d9a33) sll     s4, s11, a6
core   0: 3 0x800036ba (0x010d9a33) x20 0x00000002
core   0: 0x800036be (0x0336cf33) div     t5, a3, s3
core   0: 3 0x800036be (0x0336cf33) x30 0x7ffda1d8
core   0: 0x800036c2 (0x9442e793) ori     a5, t0, -1724
core   0: 3 0x800036c2 (0x9442e793) x15 0xfffff957
core   0: 0x800036c6 (0x00005e79) c.li    t3, -2
core   0: 3 0x800036c6 (0x5e79) x28 0xfffffffe
core   0: 0x800036c8 (0x0000177d) c.addi  a4, -1
core   0: 3 0x800036c8 (0x177d) x14 0x00000000
core   0: 0x800036ca (0x00008e0d) c.sub   a2, a1
core   0: 3 0x800036ca (0x8e0d) x12 0x0000000e
core   0: 0x800036cc (0x02c6d133) divu    sp, a3, a2
core   0: 3 0x800036cc (0x02c6d133) x2  0x0924bd95
core   0: 0x800036d0 (0x7e7c8313) addi    t1, s9, 2023
core   0: 3 0x800036d0 (0x7e7c8313) x6  0x000007e7
core   0: 0x800036d4 (0x00000385) c.addi  t2, 1
core   0: 3 0x800036d4 (0x0385) x7  0xfffffffd
core   0: 0x800036d6 (0x0361ecb3) rem     s9, gp, s6
core   0: 3 0x800036d6 (0x0361ecb3) x25 0x00000000
core   0: 0x800036da (0x002c5e93) srli    t4, s8, 2
core   0: 3 0x800036da (0x002c5e93) x29 0x3ee8c8e5
core   0: 0x800036de (0x03b9f333) remu    t1, s3, s11
core   0: 3 0x800036de (0x03b9f333) x6  0x00000000
core   0: 0x800036e2 (0x00008e0d) c.sub   a2, a1
core   0: 3 0x800036e2 (0x8e0d) x12 0x00000008
core   0: 0x800036e4 (0x00008f0d) c.sub   a4, a1
core   0: 3 0x800036e4 (0x8f0d) x14 0xfffffffa
core   0: 0x800036e6 (0x00009176) c.add   sp, t4
core   0: 3 0x800036e6 (0x9176) x2  0x480d867a
core   0: 0x800036e8 (0xffc3c2e3) blt     t2, t3, pc - 28
core   0: 3 0x800036e8 (0xffc3c2e3)
core   0: 0x800036cc (0x02c6d133) divu    sp, a3, a2
core   0: 3 0x800036cc (0x02c6d133) x2  0x10004bc5
core   0: 0x800036d0 (0x7e7c8313) addi    t1, s9, 2023
core   0: 3 0x800036d0 (0x7e7c8313) x6  0x000007e7
core   0: 0x800036d4 (0x00000385) c.addi  t2, 1
core   0: 3 0x800036d4 (0x0385) x7  0xfffffffe
core   0: 0x800036d6 (0x0361ecb3) rem     s9, gp, s6
core   0: 3 0x800036d6 (0x0361ecb3) x25 0x00000000
core   0: 0x800036da (0x002c5e93) srli    t4, s8, 2
core   0: 3 0x800036da (0x002c5e93) x29 0x3ee8c8e5
core   0: 0x800036de (0x03b9f333) remu    t1, s3, s11
core   0: 3 0x800036de (0x03b9f333) x6  0x00000000
core   0: 0x800036e2 (0x00008e0d) c.sub   a2, a1
core   0: 3 0x800036e2 (0x8e0d) x12 0x00000002
core   0: 0x800036e4 (0x00008f0d) c.sub   a4, a1
core   0: 3 0x800036e4 (0x8f0d) x14 0xfffffff4
core   0: 0x800036e6 (0x00009176) c.add   sp, t4
core   0: 3 0x800036e6 (0x9176) x2  0x4ee914aa
core   0: 0x800036e8 (0xffc3c2e3) blt     t2, t3, pc - 28
core   0: 3 0x800036e8 (0xffc3c2e3)
core   0: 0x800036ec (0x404d0533) sub     a0, s10, tp
core   0: 3 0x800036ec (0x404d0533) x10 0x3c83facf
core   0: 0x800036f0 (0x00004a9d) c.li    s5, 7
core   0: 3 0x800036f0 (0x4a9d) x21 0x00000007
core   0: 0x800036f2 (0x608944b7) lui     s1, 0x60894
core   0: 3 0x800036f2 (0x608944b7) x9  0x60894000
core   0: 0x800036f6 (0x000003fa) c.slli  t2, 30
core   0: 3 0x800036f6 (0x03fa) x7  0x80000000
core   0: 0x800036f8 (0x00004f51) c.li    t5, 20
core   0: 3 0x800036f8 (0x4f51) x30 0x00000014
core   0: 0x800036fa (0x022b71b3) remu    gp, s6, sp
core   0: 3 0x800036fa (0x022b71b3) x3  0x091c7ccf
core   0: 0x800036fe (0x022b0eb3) mul     t4, s6, sp
core   0: 3 0x800036fe (0x022b0eb3) x29 0x966f1022
core   0: 0x80003702 (0x00005275) c.li    tp, -3
core   0: 3 0x80003702 (0x5275) x4  0xfffffffd
core   0: 0x80003704 (0x000095be) c.add   a1, a5
core   0: 3 0x80003704 (0x95be) x11 0xfffff95d
core   0: 0x80003706 (0x000084aa) c.mv    s1, a0
core   0: 3 0x80003706 (0x84aa) x9  0x3c83facf
core   0: 0x80003708 (0x01977e33) and     t3, a4, s9
core   0: 3 0x80003708 (0x01977e33) x28 0x00000000
core   0: 0x8000370c (0x03f368b3) rem     a7, t1, t6
core   0: 3 0x8000370c (0x03f368b3) x17 0x00000000
core   0: 0x80003710 (0x00001ad9) c.addi  s5, -10
core   0: 3 0x80003710 (0x1ad9) x21 0xfffffffd
core   0: 0x80003712 (0x00008515) c.srai  a0, 5
core   0: 3 0x80003712 (0x8515) x10 0x01e41fd6
core   0: 0x80003714 (0x1d2ee913) ori     s2, t4, 466
core   0: 3 0x80003714 (0x1d2ee913) x18 0x966f11f2
core   0: 0x80003718 (0x00000001) c.nop
core   0: 3 0x80003718 (0x0001)
core   0: 0x8000371a (0x000012fd) c.addi  t0, -1
core   0: 3 0x8000371a (0x12fd) x5  0x00000012
core   0: 0x8000371c (0x000063e9) c.lui   t2, 0x1a
core   0: 3 0x8000371c (0x63e9) x7  0x0001a000
core   0: 0x8000371e (0x0000981e) c.add   a6, t2
core   0: 3 0x8000371e (0x981e) x16 0x0001a001
core   0: 0x80003720 (0xfe4a83e3) beq     s5, tp, pc - 26
core   0: 3 0x80003720 (0xfe4a83e3)
core   0: 0x80003706 (0x000084aa) c.mv    s1, a0
core   0: 3 0x80003706 (0x84aa) x9  0x01e41fd6
core   0: 0x80003708 (0x01977e33) and     t3, a4, s9
core   0: 3 0x80003708 (0x01977e33) x28 0x00000000
core   0: 0x8000370c (0x03f368b3) rem     a7, t1, t6
core   0: 3 0x8000370c (0x03f368b3) x17 0x00000000
core   0: 0x80003710 (0x00001ad9) c.addi  s5, -10
core   0: 3 0x80003710 (0x1ad9) x21 0xfffffff3
core   0: 0x80003712 (0x00008515) c.srai  a0, 5
core   0: 3 0x80003712 (0x8515) x10 0x000f20fe
core   0: 0x80003714 (0x1d2ee913) ori     s2, t4, 466
core   0: 3 0x80003714 (0x1d2ee913) x18 0x966f11f2
core   0: 0x80003718 (0x00000001) c.nop
core   0: 3 0x80003718 (0x0001)
core   0: 0x8000371a (0x000012fd) c.addi  t0, -1
core   0: 3 0x8000371a (0x12fd) x5  0x00000011
core   0: 0x8000371c (0x000063e9) c.lui   t2, 0x1a
core   0: 3 0x8000371c (0x63e9) x7  0x0001a000
core   0: 0x8000371e (0x0000981e) c.add   a6, t2
core   0: 3 0x8000371e (0x981e) x16 0x00034001
core   0: 0x80003720 (0xfe4a83e3) beq     s5, tp, pc - 26
core   0: 3 0x80003720 (0xfe4a83e3)
core   0: 0x80003724 (0x3ada8313) addi    t1, s5, 941
core   0: 3 0x80003724 (0x3ada8313) x6  0x000003a0
core   0: 0x80003728 (0x00004721) c.li    a4, 8
core   0: 3 0x80003728 (0x4721) x14 0x00000008
core   0: 0x8000372a (0x001291b3) sll     gp, t0, ra
core   0: 3 0x8000372a (0x001291b3) x3  0x00000011
core   0: 0x8000372e (0x6fd2e493) ori     s1, t0, 1789
core   0: 3 0x8000372e (0x6fd2e493) x9  0x000006fd
core   0: 0x80003732 (0x002b9293) slli    t0, s7, 2
core   0: 3 0x80003732 (0x002b9293) x5  0x00000000
core   0: 0x80003736 (0x01a11213) slli    tp, sp, 26
core   0: 3 0x80003736 (0x01a11213) x4  0xa8000000
core   0: 0x8000373a (0x00000001) c.nop
core   0: 3 0x8000373a (0x0001)
core   0: 0x8000373c (0x5992f293) andi    t0, t0, 1433
core   0: 3 0x8000373c (0x5992f293) x5  0x00000000
core   0: 0x80003740 (0x0130eb33) or      s6, ra, s3
core   0: 3 0x80003740 (0x0130eb33) x22 0xffffffff
core   0: 0x80003744 (0x00e97cb3) and     s9, s2, a4
core   0: 3 0x80003744 (0x00e97cb3) x25 0x00000000
core   0: 0x80003748 (0x00001761) c.addi  a4, -8
core   0: 3 0x80003748 (0x1761) x14 0x00000000
core   0: 0x8000374a (0x00008d11) c.sub   a0, a2
core   0: 3 0x8000374a (0x8d11) x10 0x000f20fc
core   0: 0x8000374c (0x000081d6) c.mv    gp, s5
core   0: 3 0x8000374c (0x81d6) x3  0xfffffff3
core   0: 0x8000374e (0x00004929) c.li    s2, 10
core   0: 3 0x8000374e (0x4929) x18 0x0000000a
core   0: 0x80003750 (0xb7956393) ori     t2, a0, -1159
core   0: 3 0x80003750 (0xb7956393) x7  0xfffffbfd
core   0: 0x80003754 (0x01b49a33) sll     s4, s1, s11
core   0: 3 0x80003754 (0x01b49a33) x20 0x00000dfa
core   0: 0x80003758 (0x0186d133) srl     sp, a3, s8
core   0: 3 0x80003758 (0x0186d133) x2  0x00000100
core   0: 0x8000375c (0x000087e5) c.srai  a5, 25
core   0: 3 0x8000375c (0x87e5) x15 0xffffffff
core   0: 0x8000375e (0x00000001) c.nop
core   0: 3 0x8000375e (0x0001)
core   0: 0x80003760 (0x00004645) c.li    a2, 17
core   0: 3 0x80003760 (0x4645) x12 0x00000011
core   0: 0x80003762 (0x000054fd) c.li    s1, -1
core   0: 3 0x80003762 (0x54fd) x9  0xffffffff
core   0: 0x80003764 (0x5c13f313) andi    t1, t2, 1473
core   0: 3 0x80003764 (0x5c13f313) x6  0x000001c1
core   0: 0x80003768 (0x035842b3) div     t0, a6, s5
core   0: 3 0x80003768 (0x035842b3) x5  0xffffc000
core   0: 0x8000376c (0x0000091d) c.addi  s2, 7
core   0: 3 0x8000376c (0x091d) x18 0x00000011
core   0: 0x8000376e (0x00000001) c.nop
core   0: 3 0x8000376e (0x0001)
core   0: 0x80003770 (0xfec90ae3) beq     s2, a2, pc - 12
core   0: 3 0x80003770 (0xfec90ae3)
core   0: 0x80003764 (0x5c13f313) andi    t1, t2, 1473
core   0: 3 0x80003764 (0x5c13f313) x6  0x000001c1
core   0: 0x80003768 (0x035842b3) div     t0, a6, s5
core   0: 3 0x80003768 (0x035842b3) x5  0xffffc000
core   0: 0x8000376c (0x0000091d) c.addi  s2, 7
core   0: 3 0x8000376c (0x091d) x18 0x00000018
core   0: 0x8000376e (0x00000001) c.nop
core   0: 3 0x8000376e (0x0001)
core   0: 0x80003770 (0xfec90ae3) beq     s2, a2, pc - 12
core   0: 3 0x80003770 (0xfec90ae3)
core   0: 0x80003774 (0x037c64b3) rem     s1, s8, s7
core   0: 3 0x80003774 (0x037c64b3) x9  0xfba32397
core   0: 0x80003778 (0x01ffad33) slt     s10, t6, t6
core   0: 3 0x80003778 (0x01ffad33) x26 0x00000000
core   0: 0x8000377c (0x260ede37) lui     t3, 0x260ed
core   0: 3 0x8000377c (0x260ede37) x28 0x260ed000
core   0: 0x80003780 (0x0000f371) c.bnez  a4, pc - 60
core   0: 3 0x80003780 (0xf371)
core   0: 0x80003782 (0x0162f9b3) and     s3, t0, s6
core   0: 3 0x80003782 (0x0162f9b3) x19 0xffffc000
core   0: 0x80003786 (0x0000448d) c.li    s1, 3
core   0: 3 0x80003786 (0x448d) x9  0x00000003
core   0: 0x80003788 (0x00008bae) c.mv    s7, a1
core   0: 3 0x80003788 (0x8bae) x23 0xfffff95d
core   0: 0x8000378a (0x000080b6) c.mv    ra, a3
core   0: 3 0x8000378a (0x80b6) x1  0x80025e28
core   0: 0x8000378c (0x03f63ab3) mulhu   s5, a2, t6
core   0: 3 0x8000378c (0x03f63ab3) x21 0x00000000
core   0: 0x80003790 (0x00005a45) c.li    s4, -15
core   0: 3 0x80003790 (0x5a45) x20 0xfffffff1
core   0: 0x80003792 (0x03997b33) remu    s6, s2, s9
core   0: 3 0x80003792 (0x03997b33) x22 0x00000018
core   0: 0x80003796 (0x02db7233) remu    tp, s6, a3
core   0: 3 0x80003796 (0x02db7233) x4  0x00000018
core   0: 0x8000379a (0x0000717d) c.addi16sp sp, -16
core   0: 3 0x8000379a (0x717d) x2  0x000000f0
core   0: 0x8000379c (0x00000001) c.nop
core   0: 3 0x8000379c (0x0001)
core   0: 0x8000379e (0x013a6ab3) or      s5, s4, s3
core   0: 3 0x8000379e (0x013a6ab3) x21 0xfffffff1
core   0: 0x800037a2 (0x00000001) c.nop
core   0: 3 0x800037a2 (0x0001)
core   0: 0x800037a4 (0x3d40c793) xori    a5, ra, 980
core   0: 3 0x800037a4 (0x3d40c793) x15 0x80025dfc
core   0: 0x800037a8 (0x40c255b3) sra     a1, tp, a2
core   0: 3 0x800037a8 (0x40c255b3) x11 0x00000000
core   0: 0x800037ac (0x01741833) sll     a6, s0, s7
core   0: 3 0x800037ac (0x01741833) x16 0x80000000
core   0: 0x800037b0 (0x0253d833) divu    a6, t2, t0
core   0: 3 0x800037b0 (0x0253d833) x16 0x00000001
core   0: 0x800037b4 (0x000014e9) c.addi  s1, -6
core   0: 3 0x800037b4 (0x14e9) x9  0xfffffffd
core   0: 0x800037b6 (0x9db0b617) auipc   a2, 0x9db0b
core   0: 3 0x800037b6 (0x9db0b617) x12 0x1db0e7b6
core   0: 0x800037ba (0x030c0533) mul     a0, s8, a6
core   0: 3 0x800037ba (0x030c0533) x10 0xfba32397
core   0: 0x800037be (0x00009926) c.add   s2, s1
core   0: 3 0x800037be (0x9926) x18 0x00000015
core   0: 0x800037c0 (0x403189b3) sub     s3, gp, gp
core   0: 3 0x800037c0 (0x403189b3) x19 0x00000000
core   0: 0x800037c4 (0x00c6e2b3) or      t0, a3, a2
core   0: 3 0x800037c4 (0x00c6e2b3) x5  0x9db2ffbe
core   0: 0x800037c8 (0x01ac6033) or      zero, s8, s10
core   0: 3 0x800037c8 (0x01ac6033)
core   0: 0x800037cc (0x02876db3) rem     s11, a4, s0
core   0: 3 0x800037cc (0x02876db3) x27 0x00000000
core   0: 0x800037d0 (0xfd4496e3) bne     s1, s4, pc - 52
core   0: 3 0x800037d0 (0xfd4496e3)
core   0: 0x8000379c (0x00000001) c.nop
core   0: 3 0x8000379c (0x0001)
core   0: 0x8000379e (0x013a6ab3) or      s5, s4, s3
core   0: 3 0x8000379e (0x013a6ab3) x21 0xfffffff1
core   0: 0x800037a2 (0x00000001) c.nop
core   0: 3 0x800037a2 (0x0001)
core   0: 0x800037a4 (0x3d40c793) xori    a5, ra, 980
core   0: 3 0x800037a4 (0x3d40c793) x15 0x80025dfc
core   0: 0x800037a8 (0x40c255b3) sra     a1, tp, a2
core   0: 3 0x800037a8 (0x40c255b3) x11 0x00000000
core   0: 0x800037ac (0x01741833) sll     a6, s0, s7
core   0: 3 0x800037ac (0x01741833) x16 0x80000000
core   0: 0x800037b0 (0x0253d833) divu    a6, t2, t0
core   0: 3 0x800037b0 (0x0253d833) x16 0x00000001
core   0: 0x800037b4 (0x000014e9) c.addi  s1, -6
core   0: 3 0x800037b4 (0x14e9) x9  0xfffffff7
core   0: 0x800037b6 (0x9db0b617) auipc   a2, 0x9db0b
core   0: 3 0x800037b6 (0x9db0b617) x12 0x1db0e7b6
core   0: 0x800037ba (0x030c0533) mul     a0, s8, a6
core   0: 3 0x800037ba (0x030c0533) x10 0xfba32397
core   0: 0x800037be (0x00009926) c.add   s2, s1
core   0: 3 0x800037be (0x9926) x18 0x0000000c
core   0: 0x800037c0 (0x403189b3) sub     s3, gp, gp
core   0: 3 0x800037c0 (0x403189b3) x19 0x00000000
core   0: 0x800037c4 (0x00c6e2b3) or      t0, a3, a2
core   0: 3 0x800037c4 (0x00c6e2b3) x5  0x9db2ffbe
core   0: 0x800037c8 (0x01ac6033) or      zero, s8, s10
core   0: 3 0x800037c8 (0x01ac6033)
core   0: 0x800037cc (0x02876db3) rem     s11, a4, s0
core   0: 3 0x800037cc (0x02876db3) x27 0x00000000
core   0: 0x800037d0 (0xfd4496e3) bne     s1, s4, pc - 52
core   0: 3 0x800037d0 (0xfd4496e3)
core   0: 0x8000379c (0x00000001) c.nop
core   0: 3 0x8000379c (0x0001)
core   0: 0x8000379e (0x013a6ab3) or      s5, s4, s3
core   0: 3 0x8000379e (0x013a6ab3) x21 0xfffffff1
core   0: 0x800037a2 (0x00000001) c.nop
core   0: 3 0x800037a2 (0x0001)
core   0: 0x800037a4 (0x3d40c793) xori    a5, ra, 980
core   0: 3 0x800037a4 (0x3d40c793) x15 0x80025dfc
core   0: 0x800037a8 (0x40c255b3) sra     a1, tp, a2
core   0: 3 0x800037a8 (0x40c255b3) x11 0x00000000
core   0: 0x800037ac (0x01741833) sll     a6, s0, s7
core   0: 3 0x800037ac (0x01741833) x16 0x80000000
core   0: 0x800037b0 (0x0253d833) divu    a6, t2, t0
core   0: 3 0x800037b0 (0x0253d833) x16 0x00000001
core   0: 0x800037b4 (0x000014e9) c.addi  s1, -6
core   0: 3 0x800037b4 (0x14e9) x9  0xfffffff1
core   0: 0x800037b6 (0x9db0b617) auipc   a2, 0x9db0b
core   0: 3 0x800037b6 (0x9db0b617) x12 0x1db0e7b6
core   0: 0x800037ba (0x030c0533) mul     a0, s8, a6
core   0: 3 0x800037ba (0x030c0533) x10 0xfba32397
core   0: 0x800037be (0x00009926) c.add   s2, s1
core   0: 3 0x800037be (0x9926) x18 0xfffffffd
core   0: 0x800037c0 (0x403189b3) sub     s3, gp, gp
core   0: 3 0x800037c0 (0x403189b3) x19 0x00000000
core   0: 0x800037c4 (0x00c6e2b3) or      t0, a3, a2
core   0: 3 0x800037c4 (0x00c6e2b3) x5  0x9db2ffbe
core   0: 0x800037c8 (0x01ac6033) or      zero, s8, s10
core   0: 3 0x800037c8 (0x01ac6033)
core   0: 0x800037cc (0x02876db3) rem     s11, a4, s0
core   0: 3 0x800037cc (0x02876db3) x27 0x00000000
core   0: 0x800037d0 (0xfd4496e3) bne     s1, s4, pc - 52
core   0: 3 0x800037d0 (0xfd4496e3)
core   0: 0x800037d4 (0x417889b3) sub     s3, a7, s7
core   0: 3 0x800037d4 (0x417889b3) x19 0x000006a3
core   0: 0x800037d8 (0x00004991) c.li    s3, 4
core   0: 3 0x800037d8 (0x4991) x19 0x00000004
core   0: 0x800037da (0x0b6ae937) lui     s2, 0xb6ae
core   0: 3 0x800037da (0x0b6ae937) x18 0x0b6ae000
core   0: 0x800037de (0x00004f39) c.li    t5, 14
core   0: 3 0x800037de (0x4f39) x30 0x0000000e
core   0: 0x800037e0 (0x00008dd1) c.or    a1, a2
core   0: 3 0x800037e0 (0x8dd1) x11 0x1db0e7b6
core   0: 0x800037e2 (0x02cf7fb3) remu    t6, t5, a2
core   0: 3 0x800037e2 (0x02cf7fb3) x31 0x0000000e
core   0: 0x800037e6 (0x00000985) c.addi  s3, 1
core   0: 3 0x800037e6 (0x0985) x19 0x00000005
core   0: 0x800037e8 (0x000054e5) c.li    s1, -7
core   0: 3 0x800037e8 (0x54e5) x9  0xfffffff9
core   0: 0x800037ea (0x00000001) c.nop
core   0: 3 0x800037ea (0x0001)
core   0: 0x800037ec (0x00001d9c) c.addi4spn a5, sp, 752
core   0: 3 0x800037ec (0x1d9c) x15 0x000003e0
core   0: 0x800037ee (0x00000001) c.nop
core   0: 3 0x800037ee (0x0001)
core   0: 0x800037f0 (0x00000485) c.addi  s1, 1
core   0: 3 0x800037f0 (0x0485) x9  0xfffffffa
core   0: 0x800037f2 (0x000083bd) c.srli  a5, 15
core   0: 3 0x800037f2 (0x83bd) x15 0x00000000
core   0: 0x800037f4 (0x0000fced) c.bnez  s1, pc - 6
core   0: 3 0x800037f4 (0xfced)
core   0: 0x800037ee (0x00000001) c.nop
core   0: 3 0x800037ee (0x0001)
core   0: 0x800037f0 (0x00000485) c.addi  s1, 1
core   0: 3 0x800037f0 (0x0485) x9  0xfffffffb
core   0: 0x800037f2 (0x000083bd) c.srli  a5, 15
core   0: 3 0x800037f2 (0x83bd) x15 0x00000000
core   0: 0x800037f4 (0x0000fced) c.bnez  s1, pc - 6
core   0: 3 0x800037f4 (0xfced)
core   0: 0x800037ee (0x00000001) c.nop
core   0: 3 0x800037ee (0x0001)
core   0: 0x800037f0 (0x00000485) c.addi  s1, 1
core   0: 3 0x800037f0 (0x0485) x9  0xfffffffc
core   0: 0x800037f2 (0x000083bd) c.srli  a5, 15
core   0: 3 0x800037f2 (0x83bd) x15 0x00000000
core   0: 0x800037f4 (0x0000fced) c.bnez  s1, pc - 6
core   0: 3 0x800037f4 (0xfced)
core   0: 0x800037ee (0x00000001) c.nop
core   0: 3 0x800037ee (0x0001)
core   0: 0x800037f0 (0x00000485) c.addi  s1, 1
core   0: 3 0x800037f0 (0x0485) x9  0xfffffffd
core   0: 0x800037f2 (0x000083bd) c.srli  a5, 15
core   0: 3 0x800037f2 (0x83bd) x15 0x00000000
core   0: 0x800037f4 (0x0000fced) c.bnez  s1, pc - 6
core   0: 3 0x800037f4 (0xfced)
core   0: 0x800037ee (0x00000001) c.nop
core   0: 3 0x800037ee (0x0001)
core   0: 0x800037f0 (0x00000485) c.addi  s1, 1
core   0: 3 0x800037f0 (0x0485) x9  0xfffffffe
core   0: 0x800037f2 (0x000083bd) c.srli  a5, 15
core   0: 3 0x800037f2 (0x83bd) x15 0x00000000
core   0: 0x800037f4 (0x0000fced) c.bnez  s1, pc - 6
core   0: 3 0x800037f4 (0xfced)
core   0: 0x800037ee (0x00000001) c.nop
core   0: 3 0x800037ee (0x0001)
core   0: 0x800037f0 (0x00000485) c.addi  s1, 1
core   0: 3 0x800037f0 (0x0485) x9  0xffffffff
core   0: 0x800037f2 (0x000083bd) c.srli  a5, 15
core   0: 3 0x800037f2 (0x83bd) x15 0x00000000
core   0: 0x800037f4 (0x0000fced) c.bnez  s1, pc - 6
core   0: 3 0x800037f4 (0xfced)
core   0: 0x800037ee (0x00000001) c.nop
core   0: 3 0x800037ee (0x0001)
core   0: 0x800037f0 (0x00000485) c.addi  s1, 1
core   0: 3 0x800037f0 (0x0485) x9  0x00000000
core   0: 0x800037f2 (0x000083bd) c.srli  a5, 15
core   0: 3 0x800037f2 (0x83bd) x15 0x00000000
core   0: 0x800037f4 (0x0000fced) c.bnez  s1, pc - 6
core   0: 3 0x800037f4 (0xfced)
core   0: 0x800037f6 (0x02979ab3) mulh    s5, a5, s1
core   0: 3 0x800037f6 (0x02979ab3) x21 0x00000000
core   0: 0x800037fa (0x0000830d) c.srli  a4, 3
core   0: 3 0x800037fa (0x830d) x14 0x00000000
core   0: 0x800037fc (0xffe993e3) bne     s3, t5, pc - 26
core   0: 3 0x800037fc (0xffe993e3)
core   0: 0x800037e2 (0x02cf7fb3) remu    t6, t5, a2
core   0: 3 0x800037e2 (0x02cf7fb3) x31 0x0000000e
core   0: 0x800037e6 (0x00000985) c.addi  s3, 1
core   0: 3 0x800037e6 (0x0985) x19 0x00000006
core   0: 0x800037e8 (0x000054e5) c.li    s1, -7
core   0: 3 0x800037e8 (0x54e5) x9  0xfffffff9
core   0: 0x800037ea (0x00000001) c.nop
core   0: 3 0x800037ea (0x0001)
core   0: 0x800037ec (0x00001d9c) c.addi4spn a5, sp, 752
core   0: 3 0x800037ec (0x1d9c) x15 0x000003e0
core   0: 0x800037ee (0x00000001) c.nop
core   0: 3 0x800037ee (0x0001)
core   0: 0x800037f0 (0x00000485) c.addi  s1, 1
core   0: 3 0x800037f0 (0x0485) x9  0xfffffffa
core   0: 0x800037f2 (0x000083bd) c.srli  a5, 15
core   0: 3 0x800037f2 (0x83bd) x15 0x00000000
core   0: 0x800037f4 (0x0000fced) c.bnez  s1, pc - 6
core   0: 3 0x800037f4 (0xfced)
core   0: 0x800037ee (0x00000001) c.nop
core   0: 3 0x800037ee (0x0001)
core   0: 0x800037f0 (0x00000485) c.addi  s1, 1
core   0: 3 0x800037f0 (0x0485) x9  0xfffffffb
core   0: 0x800037f2 (0x000083bd) c.srli  a5, 15
core   0: 3 0x800037f2 (0x83bd) x15 0x00000000
core   0: 0x800037f4 (0x0000fced) c.bnez  s1, pc - 6
core   0: 3 0x800037f4 (0xfced)
core   0: 0x800037ee (0x00000001) c.nop
core   0: 3 0x800037ee (0x0001)
core   0: 0x800037f0 (0x00000485) c.addi  s1, 1
core   0: 3 0x800037f0 (0x0485) x9  0xfffffffc
core   0: 0x800037f2 (0x000083bd) c.srli  a5, 15
core   0: 3 0x800037f2 (0x83bd) x15 0x00000000
core   0: 0x800037f4 (0x0000fced) c.bnez  s1, pc - 6
core   0: 3 0x800037f4 (0xfced)
core   0: 0x800037ee (0x00000001) c.nop
core   0: 3 0x800037ee (0x0001)
core   0: 0x800037f0 (0x00000485) c.addi  s1, 1
core   0: 3 0x800037f0 (0x0485) x9  0xfffffffd
core   0: 0x800037f2 (0x000083bd) c.srli  a5, 15
core   0: 3 0x800037f2 (0x83bd) x15 0x00000000
core   0: 0x800037f4 (0x0000fced) c.bnez  s1, pc - 6
core   0: 3 0x800037f4 (0xfced)
core   0: 0x800037ee (0x00000001) c.nop
core   0: 3 0x800037ee (0x0001)
core   0: 0x800037f0 (0x00000485) c.addi  s1, 1
core   0: 3 0x800037f0 (0x0485) x9  0xfffffffe
core   0: 0x800037f2 (0x000083bd) c.srli  a5, 15
core   0: 3 0x800037f2 (0x83bd) x15 0x00000000
core   0: 0x800037f4 (0x0000fced) c.bnez  s1, pc - 6
core   0: 3 0x800037f4 (0xfced)
core   0: 0x800037ee (0x00000001) c.nop
core   0: 3 0x800037ee (0x0001)
core   0: 0x800037f0 (0x00000485) c.addi  s1, 1
core   0: 3 0x800037f0 (0x0485) x9  0xffffffff
core   0: 0x800037f2 (0x000083bd) c.srli  a5, 15
core   0: 3 0x800037f2 (0x83bd) x15 0x00000000
core   0: 0x800037f4 (0x0000fced) c.bnez  s1, pc - 6
core   0: 3 0x800037f4 (0xfced)
core   0: 0x800037ee (0x00000001) c.nop
core   0: 3 0x800037ee (0x0001)
core   0: 0x800037f0 (0x00000485) c.addi  s1, 1
core   0: 3 0x800037f0 (0x0485) x9  0x00000000
core   0: 0x800037f2 (0x000083bd) c.srli  a5, 15
core   0: 3 0x800037f2 (0x83bd) x15 0x00000000
core   0: 0x800037f4 (0x0000fced) c.bnez  s1, pc - 6
core   0: 3 0x800037f4 (0xfced)
core   0: 0x800037f6 (0x02979ab3) mulh    s5, a5, s1
core   0: 3 0x800037f6 (0x02979ab3) x21 0x00000000
core   0: 0x800037fa (0x0000830d) c.srli  a4, 3
core   0: 3 0x800037fa (0x830d) x14 0x00000000
core   0: 0x800037fc (0xffe993e3) bne     s3, t5, pc - 26
core   0: 3 0x800037fc (0xffe993e3)
core   0: 0x800037e2 (0x02cf7fb3) remu    t6, t5, a2
core   0: 3 0x800037e2 (0x02cf7fb3) x31 0x0000000e
core   0: 0x800037e6 (0x00000985) c.addi  s3, 1
core   0: 3 0x800037e6 (0x0985) x19 0x00000007
core   0: 0x800037e8 (0x000054e5) c.li    s1, -7
core   0: 3 0x800037e8 (0x54e5) x9  0xfffffff9
core   0: 0x800037ea (0x00000001) c.nop
core   0: 3 0x800037ea (0x0001)
core   0: 0x800037ec (0x00001d9c) c.addi4spn a5, sp, 752
core   0: 3 0x800037ec (0x1d9c) x15 0x000003e0
core   0: 0x800037ee (0x00000001) c.nop
core   0: 3 0x800037ee (0x0001)
core   0: 0x800037f0 (0x00000485) c.addi  s1, 1
core   0: 3 0x800037f0 (0x0485) x9  0xfffffffa
core   0: 0x800037f2 (0x000083bd) c.srli  a5, 15
core   0: 3 0x800037f2 (0x83bd) x15 0x00000000
core   0: 0x800037f4 (0x0000fced) c.bnez  s1, pc - 6
core   0: 3 0x800037f4 (0xfced)
core   0: 0x800037ee (0x00000001) c.nop
core   0: 3 0x800037ee (0x0001)
core   0: 0x800037f0 (0x00000485) c.addi  s1, 1
core   0: 3 0x800037f0 (0x0485) x9  0xfffffffb
core   0: 0x800037f2 (0x000083bd) c.srli  a5, 15
core   0: 3 0x800037f2 (0x83bd) x15 0x00000000
core   0: 0x800037f4 (0x0000fced) c.bnez  s1, pc - 6
core   0: 3 0x800037f4 (0xfced)
core   0: 0x800037ee (0x00000001) c.nop
core   0: 3 0x800037ee (0x0001)
core   0: 0x800037f0 (0x00000485) c.addi  s1, 1
core   0: 3 0x800037f0 (0x0485) x9  0xfffffffc
core   0: 0x800037f2 (0x000083bd) c.srli  a5, 15
core   0: 3 0x800037f2 (0x83bd) x15 0x00000000
core   0: 0x800037f4 (0x0000fced) c.bnez  s1, pc - 6
core   0: 3 0x800037f4 (0xfced)
core   0: 0x800037ee (0x00000001) c.nop
core   0: 3 0x800037ee (0x0001)
core   0: 0x800037f0 (0x00000485) c.addi  s1, 1
core   0: 3 0x800037f0 (0x0485) x9  0xfffffffd
core   0: 0x800037f2 (0x000083bd) c.srli  a5, 15
core   0: 3 0x800037f2 (0x83bd) x15 0x00000000
core   0: 0x800037f4 (0x0000fced) c.bnez  s1, pc - 6
core   0: 3 0x800037f4 (0xfced)
core   0: 0x800037ee (0x00000001) c.nop
core   0: 3 0x800037ee (0x0001)
core   0: 0x800037f0 (0x00000485) c.addi  s1, 1
core   0: 3 0x800037f0 (0x0485) x9  0xfffffffe
core   0: 0x800037f2 (0x000083bd) c.srli  a5, 15
core   0: 3 0x800037f2 (0x83bd) x15 0x00000000
core   0: 0x800037f4 (0x0000fced) c.bnez  s1, pc - 6
core   0: 3 0x800037f4 (0xfced)
core   0: 0x800037ee (0x00000001) c.nop
core   0: 3 0x800037ee (0x0001)
core   0: 0x800037f0 (0x00000485) c.addi  s1, 1
core   0: 3 0x800037f0 (0x0485) x9  0xffffffff
core   0: 0x800037f2 (0x000083bd) c.srli  a5, 15
core   0: 3 0x800037f2 (0x83bd) x15 0x00000000
core   0: 0x800037f4 (0x0000fced) c.bnez  s1, pc - 6
core   0: 3 0x800037f4 (0xfced)
core   0: 0x800037ee (0x00000001) c.nop
core   0: 3 0x800037ee (0x0001)
core   0: 0x800037f0 (0x00000485) c.addi  s1, 1
core   0: 3 0x800037f0 (0x0485) x9  0x00000000
core   0: 0x800037f2 (0x000083bd) c.srli  a5, 15
core   0: 3 0x800037f2 (0x83bd) x15 0x00000000
core   0: 0x800037f4 (0x0000fced) c.bnez  s1, pc - 6
core   0: 3 0x800037f4 (0xfced)
core   0: 0x800037f6 (0x02979ab3) mulh    s5, a5, s1
core   0: 3 0x800037f6 (0x02979ab3) x21 0x00000000
core   0: 0x800037fa (0x0000830d) c.srli  a4, 3
core   0: 3 0x800037fa (0x830d) x14 0x00000000
core   0: 0x800037fc (0xffe993e3) bne     s3, t5, pc - 26
core   0: 3 0x800037fc (0xffe993e3)
core   0: 0x800037e2 (0x02cf7fb3) remu    t6, t5, a2
core   0: 3 0x800037e2 (0x02cf7fb3) x31 0x0000000e
core   0: 0x800037e6 (0x00000985) c.addi  s3, 1
core   0: 3 0x800037e6 (0x0985) x19 0x00000008
core   0: 0x800037e8 (0x000054e5) c.li    s1, -7
core   0: 3 0x800037e8 (0x54e5) x9  0xfffffff9
core   0: 0x800037ea (0x00000001) c.nop
core   0: 3 0x800037ea (0x0001)
core   0: 0x800037ec (0x00001d9c) c.addi4spn a5, sp, 752
core   0: 3 0x800037ec (0x1d9c) x15 0x000003e0
core   0: 0x800037ee (0x00000001) c.nop
core   0: 3 0x800037ee (0x0001)
core   0: 0x800037f0 (0x00000485) c.addi  s1, 1
core   0: 3 0x800037f0 (0x0485) x9  0xfffffffa
core   0: 0x800037f2 (0x000083bd) c.srli  a5, 15
core   0: 3 0x800037f2 (0x83bd) x15 0x00000000
core   0: 0x800037f4 (0x0000fced) c.bnez  s1, pc - 6
core   0: 3 0x800037f4 (0xfced)
core   0: 0x800037ee (0x00000001) c.nop
core   0: 3 0x800037ee (0x0001)
core   0: 0x800037f0 (0x00000485) c.addi  s1, 1
core   0: 3 0x800037f0 (0x0485) x9  0xfffffffb
core   0: 0x800037f2 (0x000083bd) c.srli  a5, 15
core   0: 3 0x800037f2 (0x83bd) x15 0x00000000
core   0: 0x800037f4 (0x0000fced) c.bnez  s1, pc - 6
core   0: 3 0x800037f4 (0xfced)
core   0: 0x800037ee (0x00000001) c.nop
core   0: 3 0x800037ee (0x0001)
core   0: 0x800037f0 (0x00000485) c.addi  s1, 1
core   0: 3 0x800037f0 (0x0485) x9  0xfffffffc
core   0: 0x800037f2 (0x000083bd) c.srli  a5, 15
core   0: 3 0x800037f2 (0x83bd) x15 0x00000000
core   0: 0x800037f4 (0x0000fced) c.bnez  s1, pc - 6
core   0: 3 0x800037f4 (0xfced)
core   0: 0x800037ee (0x00000001) c.nop
core   0: 3 0x800037ee (0x0001)
core   0: 0x800037f0 (0x00000485) c.addi  s1, 1
core   0: 3 0x800037f0 (0x0485) x9  0xfffffffd
core   0: 0x800037f2 (0x000083bd) c.srli  a5, 15
core   0: 3 0x800037f2 (0x83bd) x15 0x00000000
core   0: 0x800037f4 (0x0000fced) c.bnez  s1, pc - 6
core   0: 3 0x800037f4 (0xfced)
core   0: 0x800037ee (0x00000001) c.nop
core   0: 3 0x800037ee (0x0001)
core   0: 0x800037f0 (0x00000485) c.addi  s1, 1
core   0: 3 0x800037f0 (0x0485) x9  0xfffffffe
core   0: 0x800037f2 (0x000083bd) c.srli  a5, 15
core   0: 3 0x800037f2 (0x83bd) x15 0x00000000
core   0: 0x800037f4 (0x0000fced) c.bnez  s1, pc - 6
core   0: 3 0x800037f4 (0xfced)
core   0: 0x800037ee (0x00000001) c.nop
core   0: 3 0x800037ee (0x0001)
core   0: 0x800037f0 (0x00000485) c.addi  s1, 1
core   0: 3 0x800037f0 (0x0485) x9  0xffffffff
core   0: 0x800037f2 (0x000083bd) c.srli  a5, 15
core   0: 3 0x800037f2 (0x83bd) x15 0x00000000
core   0: 0x800037f4 (0x0000fced) c.bnez  s1, pc - 6
core   0: 3 0x800037f4 (0xfced)
core   0: 0x800037ee (0x00000001) c.nop
core   0: 3 0x800037ee (0x0001)
core   0: 0x800037f0 (0x00000485) c.addi  s1, 1
core   0: 3 0x800037f0 (0x0485) x9  0x00000000
core   0: 0x800037f2 (0x000083bd) c.srli  a5, 15
core   0: 3 0x800037f2 (0x83bd) x15 0x00000000
core   0: 0x800037f4 (0x0000fced) c.bnez  s1, pc - 6
core   0: 3 0x800037f4 (0xfced)
core   0: 0x800037f6 (0x02979ab3) mulh    s5, a5, s1
core   0: 3 0x800037f6 (0x02979ab3) x21 0x00000000
core   0: 0x800037fa (0x0000830d) c.srli  a4, 3
core   0: 3 0x800037fa (0x830d) x14 0x00000000
core   0: 0x800037fc (0xffe993e3) bne     s3, t5, pc - 26
core   0: 3 0x800037fc (0xffe993e3)
core   0: 0x800037e2 (0x02cf7fb3) remu    t6, t5, a2
core   0: 3 0x800037e2 (0x02cf7fb3) x31 0x0000000e
core   0: 0x800037e6 (0x00000985) c.addi  s3, 1
core   0: 3 0x800037e6 (0x0985) x19 0x00000009
core   0: 0x800037e8 (0x000054e5) c.li    s1, -7
core   0: 3 0x800037e8 (0x54e5) x9  0xfffffff9
core   0: 0x800037ea (0x00000001) c.nop
core   0: 3 0x800037ea (0x0001)
core   0: 0x800037ec (0x00001d9c) c.addi4spn a5, sp, 752
core   0: 3 0x800037ec (0x1d9c) x15 0x000003e0
core   0: 0x800037ee (0x00000001) c.nop
core   0: 3 0x800037ee (0x0001)
core   0: 0x800037f0 (0x00000485) c.addi  s1, 1
core   0: 3 0x800037f0 (0x0485) x9  0xfffffffa
core   0: 0x800037f2 (0x000083bd) c.srli  a5, 15
core   0: 3 0x800037f2 (0x83bd) x15 0x00000000
core   0: 0x800037f4 (0x0000fced) c.bnez  s1, pc - 6
core   0: 3 0x800037f4 (0xfced)
core   0: 0x800037ee (0x00000001) c.nop
core   0: 3 0x800037ee (0x0001)
core   0: 0x800037f0 (0x00000485) c.addi  s1, 1
core   0: 3 0x800037f0 (0x0485) x9  0xfffffffb
core   0: 0x800037f2 (0x000083bd) c.srli  a5, 15
core   0: 3 0x800037f2 (0x83bd) x15 0x00000000
core   0: 0x800037f4 (0x0000fced) c.bnez  s1, pc - 6
core   0: 3 0x800037f4 (0xfced)
core   0: 0x800037ee (0x00000001) c.nop
core   0: 3 0x800037ee (0x0001)
core   0: 0x800037f0 (0x00000485) c.addi  s1, 1
core   0: 3 0x800037f0 (0x0485) x9  0xfffffffc
core   0: 0x800037f2 (0x000083bd) c.srli  a5, 15
core   0: 3 0x800037f2 (0x83bd) x15 0x00000000
core   0: 0x800037f4 (0x0000fced) c.bnez  s1, pc - 6
core   0: 3 0x800037f4 (0xfced)
core   0: 0x800037ee (0x00000001) c.nop
core   0: 3 0x800037ee (0x0001)
core   0: 0x800037f0 (0x00000485) c.addi  s1, 1
core   0: 3 0x800037f0 (0x0485) x9  0xfffffffd
core   0: 0x800037f2 (0x000083bd) c.srli  a5, 15
core   0: 3 0x800037f2 (0x83bd) x15 0x00000000
core   0: 0x800037f4 (0x0000fced) c.bnez  s1, pc - 6
core   0: 3 0x800037f4 (0xfced)
core   0: 0x800037ee (0x00000001) c.nop
core   0: 3 0x800037ee (0x0001)
core   0: 0x800037f0 (0x00000485) c.addi  s1, 1
core   0: 3 0x800037f0 (0x0485) x9  0xfffffffe
core   0: 0x800037f2 (0x000083bd) c.srli  a5, 15
core   0: 3 0x800037f2 (0x83bd) x15 0x00000000
core   0: 0x800037f4 (0x0000fced) c.bnez  s1, pc - 6
core   0: 3 0x800037f4 (0xfced)
core   0: 0x800037ee (0x00000001) c.nop
core   0: 3 0x800037ee (0x0001)
core   0: 0x800037f0 (0x00000485) c.addi  s1, 1
core   0: 3 0x800037f0 (0x0485) x9  0xffffffff
core   0: 0x800037f2 (0x000083bd) c.srli  a5, 15
core   0: 3 0x800037f2 (0x83bd) x15 0x00000000
core   0: 0x800037f4 (0x0000fced) c.bnez  s1, pc - 6
core   0: 3 0x800037f4 (0xfced)
core   0: 0x800037ee (0x00000001) c.nop
core   0: 3 0x800037ee (0x0001)
core   0: 0x800037f0 (0x00000485) c.addi  s1, 1
core   0: 3 0x800037f0 (0x0485) x9  0x00000000
core   0: 0x800037f2 (0x000083bd) c.srli  a5, 15
core   0: 3 0x800037f2 (0x83bd) x15 0x00000000
core   0: 0x800037f4 (0x0000fced) c.bnez  s1, pc - 6
core   0: 3 0x800037f4 (0xfced)
core   0: 0x800037f6 (0x02979ab3) mulh    s5, a5, s1
core   0: 3 0x800037f6 (0x02979ab3) x21 0x00000000
core   0: 0x800037fa (0x0000830d) c.srli  a4, 3
core   0: 3 0x800037fa (0x830d) x14 0x00000000
core   0: 0x800037fc (0xffe993e3) bne     s3, t5, pc - 26
core   0: 3 0x800037fc (0xffe993e3)
core   0: 0x800037e2 (0x02cf7fb3) remu    t6, t5, a2
core   0: 3 0x800037e2 (0x02cf7fb3) x31 0x0000000e
core   0: 0x800037e6 (0x00000985) c.addi  s3, 1
core   0: 3 0x800037e6 (0x0985) x19 0x0000000a
core   0: 0x800037e8 (0x000054e5) c.li    s1, -7
core   0: 3 0x800037e8 (0x54e5) x9  0xfffffff9
core   0: 0x800037ea (0x00000001) c.nop
core   0: 3 0x800037ea (0x0001)
core   0: 0x800037ec (0x00001d9c) c.addi4spn a5, sp, 752
core   0: 3 0x800037ec (0x1d9c) x15 0x000003e0
core   0: 0x800037ee (0x00000001) c.nop
core   0: 3 0x800037ee (0x0001)
core   0: 0x800037f0 (0x00000485) c.addi  s1, 1
core   0: 3 0x800037f0 (0x0485) x9  0xfffffffa
core   0: 0x800037f2 (0x000083bd) c.srli  a5, 15
core   0: 3 0x800037f2 (0x83bd) x15 0x00000000
core   0: 0x800037f4 (0x0000fced) c.bnez  s1, pc - 6
core   0: 3 0x800037f4 (0xfced)
core   0: 0x800037ee (0x00000001) c.nop
core   0: 3 0x800037ee (0x0001)
core   0: 0x800037f0 (0x00000485) c.addi  s1, 1
core   0: 3 0x800037f0 (0x0485) x9  0xfffffffb
core   0: 0x800037f2 (0x000083bd) c.srli  a5, 15
core   0: 3 0x800037f2 (0x83bd) x15 0x00000000
core   0: 0x800037f4 (0x0000fced) c.bnez  s1, pc - 6
core   0: 3 0x800037f4 (0xfced)
core   0: 0x800037ee (0x00000001) c.nop
core   0: 3 0x800037ee (0x0001)
core   0: 0x800037f0 (0x00000485) c.addi  s1, 1
core   0: 3 0x800037f0 (0x0485) x9  0xfffffffc
core   0: 0x800037f2 (0x000083bd) c.srli  a5, 15
core   0: 3 0x800037f2 (0x83bd) x15 0x00000000
core   0: 0x800037f4 (0x0000fced) c.bnez  s1, pc - 6
core   0: 3 0x800037f4 (0xfced)
core   0: 0x800037ee (0x00000001) c.nop
core   0: 3 0x800037ee (0x0001)
core   0: 0x800037f0 (0x00000485) c.addi  s1, 1
core   0: 3 0x800037f0 (0x0485) x9  0xfffffffd
core   0: 0x800037f2 (0x000083bd) c.srli  a5, 15
core   0: 3 0x800037f2 (0x83bd) x15 0x00000000
core   0: 0x800037f4 (0x0000fced) c.bnez  s1, pc - 6
core   0: 3 0x800037f4 (0xfced)
core   0: 0x800037ee (0x00000001) c.nop
core   0: 3 0x800037ee (0x0001)
core   0: 0x800037f0 (0x00000485) c.addi  s1, 1
core   0: 3 0x800037f0 (0x0485) x9  0xfffffffe
core   0: 0x800037f2 (0x000083bd) c.srli  a5, 15
core   0: 3 0x800037f2 (0x83bd) x15 0x00000000
core   0: 0x800037f4 (0x0000fced) c.bnez  s1, pc - 6
core   0: 3 0x800037f4 (0xfced)
core   0: 0x800037ee (0x00000001) c.nop
core   0: 3 0x800037ee (0x0001)
core   0: 0x800037f0 (0x00000485) c.addi  s1, 1
core   0: 3 0x800037f0 (0x0485) x9  0xffffffff
core   0: 0x800037f2 (0x000083bd) c.srli  a5, 15
core   0: 3 0x800037f2 (0x83bd) x15 0x00000000
core   0: 0x800037f4 (0x0000fced) c.bnez  s1, pc - 6
core   0: 3 0x800037f4 (0xfced)
core   0: 0x800037ee (0x00000001) c.nop
core   0: 3 0x800037ee (0x0001)
core   0: 0x800037f0 (0x00000485) c.addi  s1, 1
core   0: 3 0x800037f0 (0x0485) x9  0x00000000
core   0: 0x800037f2 (0x000083bd) c.srli  a5, 15
core   0: 3 0x800037f2 (0x83bd) x15 0x00000000
core   0: 0x800037f4 (0x0000fced) c.bnez  s1, pc - 6
core   0: 3 0x800037f4 (0xfced)
core   0: 0x800037f6 (0x02979ab3) mulh    s5, a5, s1
core   0: 3 0x800037f6 (0x02979ab3) x21 0x00000000
core   0: 0x800037fa (0x0000830d) c.srli  a4, 3
core   0: 3 0x800037fa (0x830d) x14 0x00000000
core   0: 0x800037fc (0xffe993e3) bne     s3, t5, pc - 26
core   0: 3 0x800037fc (0xffe993e3)
core   0: 0x800037e2 (0x02cf7fb3) remu    t6, t5, a2
core   0: 3 0x800037e2 (0x02cf7fb3) x31 0x0000000e
core   0: 0x800037e6 (0x00000985) c.addi  s3, 1
core   0: 3 0x800037e6 (0x0985) x19 0x0000000b
core   0: 0x800037e8 (0x000054e5) c.li    s1, -7
core   0: 3 0x800037e8 (0x54e5) x9  0xfffffff9
core   0: 0x800037ea (0x00000001) c.nop
core   0: 3 0x800037ea (0x0001)
core   0: 0x800037ec (0x00001d9c) c.addi4spn a5, sp, 752
core   0: 3 0x800037ec (0x1d9c) x15 0x000003e0
core   0: 0x800037ee (0x00000001) c.nop
core   0: 3 0x800037ee (0x0001)
core   0: 0x800037f0 (0x00000485) c.addi  s1, 1
core   0: 3 0x800037f0 (0x0485) x9  0xfffffffa
core   0: 0x800037f2 (0x000083bd) c.srli  a5, 15
core   0: 3 0x800037f2 (0x83bd) x15 0x00000000
core   0: 0x800037f4 (0x0000fced) c.bnez  s1, pc - 6
core   0: 3 0x800037f4 (0xfced)
core   0: 0x800037ee (0x00000001) c.nop
core   0: 3 0x800037ee (0x0001)
core   0: 0x800037f0 (0x00000485) c.addi  s1, 1
core   0: 3 0x800037f0 (0x0485) x9  0xfffffffb
core   0: 0x800037f2 (0x000083bd) c.srli  a5, 15
core   0: 3 0x800037f2 (0x83bd) x15 0x00000000
core   0: 0x800037f4 (0x0000fced) c.bnez  s1, pc - 6
core   0: 3 0x800037f4 (0xfced)
core   0: 0x800037ee (0x00000001) c.nop
core   0: 3 0x800037ee (0x0001)
core   0: 0x800037f0 (0x00000485) c.addi  s1, 1
core   0: 3 0x800037f0 (0x0485) x9  0xfffffffc
core   0: 0x800037f2 (0x000083bd) c.srli  a5, 15
core   0: 3 0x800037f2 (0x83bd) x15 0x00000000
core   0: 0x800037f4 (0x0000fced) c.bnez  s1, pc - 6
core   0: 3 0x800037f4 (0xfced)
core   0: 0x800037ee (0x00000001) c.nop
core   0: 3 0x800037ee (0x0001)
core   0: 0x800037f0 (0x00000485) c.addi  s1, 1
core   0: 3 0x800037f0 (0x0485) x9  0xfffffffd
core   0: 0x800037f2 (0x000083bd) c.srli  a5, 15
core   0: 3 0x800037f2 (0x83bd) x15 0x00000000
core   0: 0x800037f4 (0x0000fced) c.bnez  s1, pc - 6
core   0: 3 0x800037f4 (0xfced)
core   0: 0x800037ee (0x00000001) c.nop
core   0: 3 0x800037ee (0x0001)
core   0: 0x800037f0 (0x00000485) c.addi  s1, 1
core   0: 3 0x800037f0 (0x0485) x9  0xfffffffe
core   0: 0x800037f2 (0x000083bd) c.srli  a5, 15
core   0: 3 0x800037f2 (0x83bd) x15 0x00000000
core   0: 0x800037f4 (0x0000fced) c.bnez  s1, pc - 6
core   0: 3 0x800037f4 (0xfced)
core   0: 0x800037ee (0x00000001) c.nop
core   0: 3 0x800037ee (0x0001)
core   0: 0x800037f0 (0x00000485) c.addi  s1, 1
core   0: 3 0x800037f0 (0x0485) x9  0xffffffff
core   0: 0x800037f2 (0x000083bd) c.srli  a5, 15
core   0: 3 0x800037f2 (0x83bd) x15 0x00000000
core   0: 0x800037f4 (0x0000fced) c.bnez  s1, pc - 6
core   0: 3 0x800037f4 (0xfced)
core   0: 0x800037ee (0x00000001) c.nop
core   0: 3 0x800037ee (0x0001)
core   0: 0x800037f0 (0x00000485) c.addi  s1, 1
core   0: 3 0x800037f0 (0x0485) x9  0x00000000
core   0: 0x800037f2 (0x000083bd) c.srli  a5, 15
core   0: 3 0x800037f2 (0x83bd) x15 0x00000000
core   0: 0x800037f4 (0x0000fced) c.bnez  s1, pc - 6
core   0: 3 0x800037f4 (0xfced)
core   0: 0x800037f6 (0x02979ab3) mulh    s5, a5, s1
core   0: 3 0x800037f6 (0x02979ab3) x21 0x00000000
core   0: 0x800037fa (0x0000830d) c.srli  a4, 3
core   0: 3 0x800037fa (0x830d) x14 0x00000000
core   0: 0x800037fc (0xffe993e3) bne     s3, t5, pc - 26
core   0: 3 0x800037fc (0xffe993e3)
core   0: 0x800037e2 (0x02cf7fb3) remu    t6, t5, a2
core   0: 3 0x800037e2 (0x02cf7fb3) x31 0x0000000e
core   0: 0x800037e6 (0x00000985) c.addi  s3, 1
core   0: 3 0x800037e6 (0x0985) x19 0x0000000c
core   0: 0x800037e8 (0x000054e5) c.li    s1, -7
core   0: 3 0x800037e8 (0x54e5) x9  0xfffffff9
core   0: 0x800037ea (0x00000001) c.nop
core   0: 3 0x800037ea (0x0001)
core   0: 0x800037ec (0x00001d9c) c.addi4spn a5, sp, 752
core   0: 3 0x800037ec (0x1d9c) x15 0x000003e0
core   0: 0x800037ee (0x00000001) c.nop
core   0: 3 0x800037ee (0x0001)
core   0: 0x800037f0 (0x00000485) c.addi  s1, 1
core   0: 3 0x800037f0 (0x0485) x9  0xfffffffa
core   0: 0x800037f2 (0x000083bd) c.srli  a5, 15
core   0: 3 0x800037f2 (0x83bd) x15 0x00000000
core   0: 0x800037f4 (0x0000fced) c.bnez  s1, pc - 6
core   0: 3 0x800037f4 (0xfced)
core   0: 0x800037ee (0x00000001) c.nop
core   0: 3 0x800037ee (0x0001)
core   0: 0x800037f0 (0x00000485) c.addi  s1, 1
core   0: 3 0x800037f0 (0x0485) x9  0xfffffffb
core   0: 0x800037f2 (0x000083bd) c.srli  a5, 15
core   0: 3 0x800037f2 (0x83bd) x15 0x00000000
core   0: 0x800037f4 (0x0000fced) c.bnez  s1, pc - 6
core   0: 3 0x800037f4 (0xfced)
core   0: 0x800037ee (0x00000001) c.nop
core   0: 3 0x800037ee (0x0001)
core   0: 0x800037f0 (0x00000485) c.addi  s1, 1
core   0: 3 0x800037f0 (0x0485) x9  0xfffffffc
core   0: 0x800037f2 (0x000083bd) c.srli  a5, 15
core   0: 3 0x800037f2 (0x83bd) x15 0x00000000
core   0: 0x800037f4 (0x0000fced) c.bnez  s1, pc - 6
core   0: 3 0x800037f4 (0xfced)
core   0: 0x800037ee (0x00000001) c.nop
core   0: 3 0x800037ee (0x0001)
core   0: 0x800037f0 (0x00000485) c.addi  s1, 1
core   0: 3 0x800037f0 (0x0485) x9  0xfffffffd
core   0: 0x800037f2 (0x000083bd) c.srli  a5, 15
core   0: 3 0x800037f2 (0x83bd) x15 0x00000000
core   0: 0x800037f4 (0x0000fced) c.bnez  s1, pc - 6
core   0: 3 0x800037f4 (0xfced)
core   0: 0x800037ee (0x00000001) c.nop
core   0: 3 0x800037ee (0x0001)
core   0: 0x800037f0 (0x00000485) c.addi  s1, 1
core   0: 3 0x800037f0 (0x0485) x9  0xfffffffe
core   0: 0x800037f2 (0x000083bd) c.srli  a5, 15
core   0: 3 0x800037f2 (0x83bd) x15 0x00000000
core   0: 0x800037f4 (0x0000fced) c.bnez  s1, pc - 6
core   0: 3 0x800037f4 (0xfced)
core   0: 0x800037ee (0x00000001) c.nop
core   0: 3 0x800037ee (0x0001)
core   0: 0x800037f0 (0x00000485) c.addi  s1, 1
core   0: 3 0x800037f0 (0x0485) x9  0xffffffff
core   0: 0x800037f2 (0x000083bd) c.srli  a5, 15
core   0: 3 0x800037f2 (0x83bd) x15 0x00000000
core   0: 0x800037f4 (0x0000fced) c.bnez  s1, pc - 6
core   0: 3 0x800037f4 (0xfced)
core   0: 0x800037ee (0x00000001) c.nop
core   0: 3 0x800037ee (0x0001)
core   0: 0x800037f0 (0x00000485) c.addi  s1, 1
core   0: 3 0x800037f0 (0x0485) x9  0x00000000
core   0: 0x800037f2 (0x000083bd) c.srli  a5, 15
core   0: 3 0x800037f2 (0x83bd) x15 0x00000000
core   0: 0x800037f4 (0x0000fced) c.bnez  s1, pc - 6
core   0: 3 0x800037f4 (0xfced)
core   0: 0x800037f6 (0x02979ab3) mulh    s5, a5, s1
core   0: 3 0x800037f6 (0x02979ab3) x21 0x00000000
core   0: 0x800037fa (0x0000830d) c.srli  a4, 3
core   0: 3 0x800037fa (0x830d) x14 0x00000000
core   0: 0x800037fc (0xffe993e3) bne     s3, t5, pc - 26
core   0: 3 0x800037fc (0xffe993e3)
core   0: 0x800037e2 (0x02cf7fb3) remu    t6, t5, a2
core   0: 3 0x800037e2 (0x02cf7fb3) x31 0x0000000e
core   0: 0x800037e6 (0x00000985) c.addi  s3, 1
core   0: 3 0x800037e6 (0x0985) x19 0x0000000d
core   0: 0x800037e8 (0x000054e5) c.li    s1, -7
core   0: 3 0x800037e8 (0x54e5) x9  0xfffffff9
core   0: 0x800037ea (0x00000001) c.nop
core   0: 3 0x800037ea (0x0001)
core   0: 0x800037ec (0x00001d9c) c.addi4spn a5, sp, 752
core   0: 3 0x800037ec (0x1d9c) x15 0x000003e0
core   0: 0x800037ee (0x00000001) c.nop
core   0: 3 0x800037ee (0x0001)
core   0: 0x800037f0 (0x00000485) c.addi  s1, 1
core   0: 3 0x800037f0 (0x0485) x9  0xfffffffa
core   0: 0x800037f2 (0x000083bd) c.srli  a5, 15
core   0: 3 0x800037f2 (0x83bd) x15 0x00000000
core   0: 0x800037f4 (0x0000fced) c.bnez  s1, pc - 6
core   0: 3 0x800037f4 (0xfced)
core   0: 0x800037ee (0x00000001) c.nop
core   0: 3 0x800037ee (0x0001)
core   0: 0x800037f0 (0x00000485) c.addi  s1, 1
core   0: 3 0x800037f0 (0x0485) x9  0xfffffffb
core   0: 0x800037f2 (0x000083bd) c.srli  a5, 15
core   0: 3 0x800037f2 (0x83bd) x15 0x00000000
core   0: 0x800037f4 (0x0000fced) c.bnez  s1, pc - 6
core   0: 3 0x800037f4 (0xfced)
core   0: 0x800037ee (0x00000001) c.nop
core   0: 3 0x800037ee (0x0001)
core   0: 0x800037f0 (0x00000485) c.addi  s1, 1
core   0: 3 0x800037f0 (0x0485) x9  0xfffffffc
core   0: 0x800037f2 (0x000083bd) c.srli  a5, 15
core   0: 3 0x800037f2 (0x83bd) x15 0x00000000
core   0: 0x800037f4 (0x0000fced) c.bnez  s1, pc - 6
core   0: 3 0x800037f4 (0xfced)
core   0: 0x800037ee (0x00000001) c.nop
core   0: 3 0x800037ee (0x0001)
core   0: 0x800037f0 (0x00000485) c.addi  s1, 1
core   0: 3 0x800037f0 (0x0485) x9  0xfffffffd
core   0: 0x800037f2 (0x000083bd) c.srli  a5, 15
core   0: 3 0x800037f2 (0x83bd) x15 0x00000000
core   0: 0x800037f4 (0x0000fced) c.bnez  s1, pc - 6
core   0: 3 0x800037f4 (0xfced)
core   0: 0x800037ee (0x00000001) c.nop
core   0: 3 0x800037ee (0x0001)
core   0: 0x800037f0 (0x00000485) c.addi  s1, 1
core   0: 3 0x800037f0 (0x0485) x9  0xfffffffe
core   0: 0x800037f2 (0x000083bd) c.srli  a5, 15
core   0: 3 0x800037f2 (0x83bd) x15 0x00000000
core   0: 0x800037f4 (0x0000fced) c.bnez  s1, pc - 6
core   0: 3 0x800037f4 (0xfced)
core   0: 0x800037ee (0x00000001) c.nop
core   0: 3 0x800037ee (0x0001)
core   0: 0x800037f0 (0x00000485) c.addi  s1, 1
core   0: 3 0x800037f0 (0x0485) x9  0xffffffff
core   0: 0x800037f2 (0x000083bd) c.srli  a5, 15
core   0: 3 0x800037f2 (0x83bd) x15 0x00000000
core   0: 0x800037f4 (0x0000fced) c.bnez  s1, pc - 6
core   0: 3 0x800037f4 (0xfced)
core   0: 0x800037ee (0x00000001) c.nop
core   0: 3 0x800037ee (0x0001)
core   0: 0x800037f0 (0x00000485) c.addi  s1, 1
core   0: 3 0x800037f0 (0x0485) x9  0x00000000
core   0: 0x800037f2 (0x000083bd) c.srli  a5, 15
core   0: 3 0x800037f2 (0x83bd) x15 0x00000000
core   0: 0x800037f4 (0x0000fced) c.bnez  s1, pc - 6
core   0: 3 0x800037f4 (0xfced)
core   0: 0x800037f6 (0x02979ab3) mulh    s5, a5, s1
core   0: 3 0x800037f6 (0x02979ab3) x21 0x00000000
core   0: 0x800037fa (0x0000830d) c.srli  a4, 3
core   0: 3 0x800037fa (0x830d) x14 0x00000000
core   0: 0x800037fc (0xffe993e3) bne     s3, t5, pc - 26
core   0: 3 0x800037fc (0xffe993e3)
core   0: 0x800037e2 (0x02cf7fb3) remu    t6, t5, a2
core   0: 3 0x800037e2 (0x02cf7fb3) x31 0x0000000e
core   0: 0x800037e6 (0x00000985) c.addi  s3, 1
core   0: 3 0x800037e6 (0x0985) x19 0x0000000e
core   0: 0x800037e8 (0x000054e5) c.li    s1, -7
core   0: 3 0x800037e8 (0x54e5) x9  0xfffffff9
core   0: 0x800037ea (0x00000001) c.nop
core   0: 3 0x800037ea (0x0001)
core   0: 0x800037ec (0x00001d9c) c.addi4spn a5, sp, 752
core   0: 3 0x800037ec (0x1d9c) x15 0x000003e0
core   0: 0x800037ee (0x00000001) c.nop
core   0: 3 0x800037ee (0x0001)
core   0: 0x800037f0 (0x00000485) c.addi  s1, 1
core   0: 3 0x800037f0 (0x0485) x9  0xfffffffa
core   0: 0x800037f2 (0x000083bd) c.srli  a5, 15
core   0: 3 0x800037f2 (0x83bd) x15 0x00000000
core   0: 0x800037f4 (0x0000fced) c.bnez  s1, pc - 6
core   0: 3 0x800037f4 (0xfced)
core   0: 0x800037ee (0x00000001) c.nop
core   0: 3 0x800037ee (0x0001)
core   0: 0x800037f0 (0x00000485) c.addi  s1, 1
core   0: 3 0x800037f0 (0x0485) x9  0xfffffffb
core   0: 0x800037f2 (0x000083bd) c.srli  a5, 15
core   0: 3 0x800037f2 (0x83bd) x15 0x00000000
core   0: 0x800037f4 (0x0000fced) c.bnez  s1, pc - 6
core   0: 3 0x800037f4 (0xfced)
core   0: 0x800037ee (0x00000001) c.nop
core   0: 3 0x800037ee (0x0001)
core   0: 0x800037f0 (0x00000485) c.addi  s1, 1
core   0: 3 0x800037f0 (0x0485) x9  0xfffffffc
core   0: 0x800037f2 (0x000083bd) c.srli  a5, 15
core   0: 3 0x800037f2 (0x83bd) x15 0x00000000
core   0: 0x800037f4 (0x0000fced) c.bnez  s1, pc - 6
core   0: 3 0x800037f4 (0xfced)
core   0: 0x800037ee (0x00000001) c.nop
core   0: 3 0x800037ee (0x0001)
core   0: 0x800037f0 (0x00000485) c.addi  s1, 1
core   0: 3 0x800037f0 (0x0485) x9  0xfffffffd
core   0: 0x800037f2 (0x000083bd) c.srli  a5, 15
core   0: 3 0x800037f2 (0x83bd) x15 0x00000000
core   0: 0x800037f4 (0x0000fced) c.bnez  s1, pc - 6
core   0: 3 0x800037f4 (0xfced)
core   0: 0x800037ee (0x00000001) c.nop
core   0: 3 0x800037ee (0x0001)
core   0: 0x800037f0 (0x00000485) c.addi  s1, 1
core   0: 3 0x800037f0 (0x0485) x9  0xfffffffe
core   0: 0x800037f2 (0x000083bd) c.srli  a5, 15
core   0: 3 0x800037f2 (0x83bd) x15 0x00000000
core   0: 0x800037f4 (0x0000fced) c.bnez  s1, pc - 6
core   0: 3 0x800037f4 (0xfced)
core   0: 0x800037ee (0x00000001) c.nop
core   0: 3 0x800037ee (0x0001)
core   0: 0x800037f0 (0x00000485) c.addi  s1, 1
core   0: 3 0x800037f0 (0x0485) x9  0xffffffff
core   0: 0x800037f2 (0x000083bd) c.srli  a5, 15
core   0: 3 0x800037f2 (0x83bd) x15 0x00000000
core   0: 0x800037f4 (0x0000fced) c.bnez  s1, pc - 6
core   0: 3 0x800037f4 (0xfced)
core   0: 0x800037ee (0x00000001) c.nop
core   0: 3 0x800037ee (0x0001)
core   0: 0x800037f0 (0x00000485) c.addi  s1, 1
core   0: 3 0x800037f0 (0x0485) x9  0x00000000
core   0: 0x800037f2 (0x000083bd) c.srli  a5, 15
core   0: 3 0x800037f2 (0x83bd) x15 0x00000000
core   0: 0x800037f4 (0x0000fced) c.bnez  s1, pc - 6
core   0: 3 0x800037f4 (0xfced)
core   0: 0x800037f6 (0x02979ab3) mulh    s5, a5, s1
core   0: 3 0x800037f6 (0x02979ab3) x21 0x00000000
core   0: 0x800037fa (0x0000830d) c.srli  a4, 3
core   0: 3 0x800037fa (0x830d) x14 0x00000000
core   0: 0x800037fc (0xffe993e3) bne     s3, t5, pc - 26
core   0: 3 0x800037fc (0xffe993e3)
core   0: 0x80003800 (0x00366933) or      s2, a2, gp
core   0: 3 0x80003800 (0x00366933) x18 0xfffffff7
core   0: 0x80003804 (0x0000421d) c.li    tp, 7
core   0: 3 0x80003804 (0x421d) x4  0x00000007
core   0: 0x80003806 (0x00009b7d) c.andi  a4, -1
core   0: 3 0x80003806 (0x9b7d) x14 0x00000000
core   0: 0x80003808 (0x40f780b3) sub     ra, a5, a5
core   0: 3 0x80003808 (0x40f780b3) x1  0x00000000
core   0: 0x8000380c (0x0000717d) c.addi16sp sp, -16
core   0: 3 0x8000380c (0x717d) x2  0x000000e0
core   0: 0x8000380e (0x48e87493) andi    s1, a6, 1166
core   0: 3 0x8000380e (0x48e87493) x9  0x00000000
core   0: 0x80003812 (0x00006485) c.lui   s1, 0x1
core   0: 3 0x80003812 (0x6485) x9  0x00001000
core   0: 0x80003814 (0x000045b5) c.li    a1, 13
core   0: 3 0x80003814 (0x45b5) x11 0x0000000d
core   0: 0x80003816 (0xd7343a13) sltiu   s4, s0, -653
core   0: 3 0x80003816 (0xd7343a13) x20 0x00000001
core   0: 0x8000381a (0x2b183f93) sltiu   t6, a6, 689
core   0: 3 0x8000381a (0x2b183f93) x31 0x00000001
core   0: 0x8000381e (0x41d65ab3) sra     s5, a2, t4
core   0: 3 0x8000381e (0x41d65ab3) x21 0x076c39ed
core   0: 0x80003822 (0x000098c6) c.add   a7, a7
core   0: 3 0x80003822 (0x98c6) x17 0x00000000
core   0: 0x80003824 (0x00000229) c.addi  tp, 10
core   0: 3 0x80003824 (0x0229) x4  0x00000011
core   0: 0x80003826 (0x00005ee1) c.li    t4, -8
core   0: 3 0x80003826 (0x5ee1) x29 0xfffffff8
core   0: 0x80003828 (0xb3643713) sltiu   a4, s0, -1226
core   0: 3 0x80003828 (0xb3643713) x14 0x00000001
core   0: 0x8000382c (0x00e642b3) xor     t0, a2, a4
core   0: 3 0x8000382c (0x00e642b3) x5  0x1db0e7b7
core   0: 0x80003830 (0x00af5733) srl     a4, t5, a0
core   0: 3 0x80003830 (0x00af5733) x14 0x00000000
core   0: 0x80003834 (0x012128b3) slt     a7, sp, s2
core   0: 3 0x80003834 (0x012128b3) x17 0x00000000
core   0: 0x80003838 (0x00008519) c.srai  a0, 6
core   0: 3 0x80003838 (0x8519) x10 0xffee8c8e
core   0: 0x8000383a (0x000041c9) c.li    gp, 18
core   0: 3 0x8000383a (0x41c9) x3  0x00000012
core   0: 0x8000383c (0x00008cb9) c.xor   s1, a4
core   0: 3 0x8000383c (0x8cb9) x9  0x00001000
core   0: 0x8000383e (0x00008f4d) c.or    a4, a1
core   0: 3 0x8000383e (0x8f4d) x14 0x0000000d
core   0: 0x80003840 (0x00000e85) c.addi  t4, 1
core   0: 3 0x80003840 (0x0e85) x29 0xfffffff9
core   0: 0x80003842 (0x000087b1) c.srai  a5, 12
core   0: 3 0x80003842 (0x87b1) x15 0x00000000
core   0: 0x80003844 (0xfe3e8de3) beq     t4, gp, pc - 6
core   0: 3 0x80003844 (0xfe3e8de3)
core   0: 0x80003848 (0x0102d913) srli    s2, t0, 16
core   0: 3 0x80003848 (0x0102d913) x18 0x00001db0
core   0: 0x8000384c (0x01ca4d33) xor     s10, s4, t3
core   0: 3 0x8000384c (0x01ca4d33) x26 0x260ed001
core   0: 0x80003850 (0xfcb269e3) bltu    tp, a1, pc - 46
core   0: 3 0x80003850 (0xfcb269e3)
core   0: 0x80003854 (0x00bffb33) and     s6, t6, a1
core   0: 3 0x80003854 (0x00bffb33) x22 0x00000001
core   0: 0x80003858 (0x00005ce1) c.li    s9, -8
core   0: 3 0x80003858 (0x5ce1) x25 0xfffffff8
core   0: 0x8000385a (0x01965893) srli    a7, a2, 25
core   0: 3 0x8000385a (0x01965893) x17 0x0000000e
core   0: 0x8000385e (0xb6e88d13) addi    s10, a7, -1170
core   0: 3 0x8000385e (0xb6e88d13) x26 0xfffffb7c
core   0: 0x80003862 (0x02e90233) mul     tp, s2, a4
core   0: 3 0x80003862 (0x02e90233) x4  0x000181f0
core   0: 0x80003866 (0x00004b21) c.li    s6, 8
core   0: 3 0x80003866 (0x4b21) x22 0x00000008
core   0: 0x80003868 (0xb7d09d17) auipc   s10, 0xb7d09
core   0: 3 0x80003868 (0xb7d09d17) x26 0x37d0c868
core   0: 0x8000386c (0x0000025d) c.addi  tp, 23
core   0: 3 0x8000386c (0x025d) x4  0x00018207
core   0: 0x8000386e (0x00006d69) c.lui   s10, 0x1a
core   0: 3 0x8000386e (0x6d69) x26 0x0001a000
core   0: 0x80003870 (0x00008f71) c.and   a4, a2
core   0: 3 0x80003870 (0x8f71) x14 0x00000004
core   0: 0x80003872 (0x00000c91) c.addi  s9, 4
core   0: 3 0x80003872 (0x0c91) x25 0xfffffffc
core   0: 0x80003874 (0x00005569) c.li    a0, -6
core   0: 3 0x80003874 (0x5569) x10 0xfffffffa
core   0: 0x80003876 (0x00006bf5) c.lui   s7, 0x1d
core   0: 3 0x80003876 (0x6bf5) x23 0x0001d000
core   0: 0x80003878 (0x016c9133) sll     sp, s9, s6
core   0: 3 0x80003878 (0x016c9133) x2  0xfffffc00
core   0: 0x8000387c (0x000057e5) c.li    a5, -7
core   0: 3 0x8000387c (0x57e5) x15 0xfffffff9
core   0: 0x8000387e (0x024ec933) div     s2, t4, tp
core   0: 3 0x8000387e (0x024ec933) x18 0x00000000
core   0: 0x80003882 (0x00740ab3) add     s5, s0, t2
core   0: 3 0x80003882 (0x00740ab3) x21 0x800298e1
core   0: 0x80003886 (0x00001565) c.addi  a0, -7
core   0: 3 0x80003886 (0x1565) x10 0xfffffff3
core   0: 0x80003888 (0x014c5993) srli    s3, s8, 20
core   0: 3 0x80003888 (0x014c5993) x19 0x00000fba
core   0: 0x8000388c (0xfef55be3) bge     a0, a5, pc - 10
core   0: 3 0x8000388c (0xfef55be3)
core   0: 0x80003890 (0xfd6cece3) bltu    s9, s6, pc - 40
core   0: 3 0x80003890 (0xfd6cece3)
core   0: 0x80003894 (0xc9b34993) xori    s3, t1, -869
core   0: 3 0x80003894 (0xc9b34993) x19 0xfffffd5a
core   0: 0x80003898 (0x00004b25) c.li    s6, 9
core   0: 3 0x80003898 (0x4b25) x22 0x00000009
core   0: 0x8000389a (0x41cc8bb3) sub     s7, s9, t3
core   0: 3 0x8000389a (0x41cc8bb3) x23 0xd9f12ffc
core   0: 0x8000389e (0x00008cf5) c.and   s1, a3
core   0: 3 0x8000389e (0x8cf5) x9  0x00001000
core   0: 0x800038a0 (0x0ea78a93) addi    s5, a5, 234
core   0: 3 0x800038a0 (0x0ea78a93) x21 0x000000e3
core   0: 0x800038a4 (0x00008da1) c.xor   a1, s0
core   0: 3 0x800038a4 (0x8da1) x11 0x80029ce9
core   0: 0x800038a6 (0x015173b3) and     t2, sp, s5
core   0: 3 0x800038a6 (0x015173b3) x7  0x00000000
core   0: 0x800038aa (0x01df99b3) sll     s3, t6, t4
core   0: 3 0x800038aa (0x01df99b3) x19 0x02000000
core   0: 0x800038ae (0xa9393593) sltiu   a1, s2, -1389
core   0: 3 0x800038ae (0xa9393593) x11 0x00000001
core   0: 0x800038b2 (0x7df40913) addi    s2, s0, 2015
core   0: 3 0x800038b2 (0x7df40913) x18 0x8002a4c3
core   0: 0x800038b6 (0x00004821) c.li    a6, 8
core   0: 3 0x800038b6 (0x4821) x16 0x00000008
core   0: 0x800038b8 (0x00008dc5) c.or    a1, s1
core   0: 3 0x800038b8 (0x8dc5) x11 0x00001001
core   0: 0x800038ba (0x00009ff2) c.add   t6, t3
core   0: 3 0x800038ba (0x9ff2) x31 0x260ed001
core   0: 0x800038bc (0xe5ddae93) slti    t4, s11, -419
core   0: 3 0x800038bc (0xe5ddae93) x29 0x00000000
core   0: 0x800038c0 (0x00001b7d) c.addi  s6, -1
core   0: 3 0x800038c0 (0x1b7d) x22 0x00000008
core   0: 0x800038c2 (0x0000997d) c.andi  a0, -1
core   0: 3 0x800038c2 (0x997d) x10 0xfffffff3
core   0: 0x800038c4 (0x00000001) c.nop
core   0: 3 0x800038c4 (0x0001)
core   0: 0x800038c6 (0x000068a9) c.lui   a7, 0xa
core   0: 3 0x800038c6 (0x68a9) x17 0x0000a000
core   0: 0x800038c8 (0x0000998e) c.add   s3, gp
core   0: 3 0x800038c8 (0x998e) x19 0x02000012
core   0: 0x800038ca (0x000080d1) c.srli  s1, 20
core   0: 3 0x800038ca (0x80d1) x9  0x00000000
core   0: 0x800038cc (0x00aa24b3) slt     s1, s4, a0
core   0: 3 0x800038cc (0x00aa24b3) x9  0x00000000
core   0: 0x800038d0 (0x02f30633) mul     a2, t1, a5
core   0: 3 0x800038d0 (0x02f30633) x12 0xfffff3b9
core   0: 0x800038d4 (0x00765fb3) srl     t6, a2, t2
core   0: 3 0x800038d4 (0x00765fb3) x31 0xfffff3b9
core   0: 0x800038d8 (0x010eae33) slt     t3, t4, a6
core   0: 3 0x800038d8 (0x010eae33) x28 0x00000001
core   0: 0x800038dc (0x184d6997) auipc   s3, 0x184d6
core   0: 3 0x800038dc (0x184d6997) x19 0x984d98dc
core   0: 0x800038e0 (0xcf91c293) xori    t0, gp, -775
core   0: 3 0x800038e0 (0xcf91c293) x5  0xfffffceb
core   0: 0x800038e4 (0xfd0b7ae3) bgeu    s6, a6, pc - 44
core   0: 3 0x800038e4 (0xfd0b7ae3)
core   0: 0x800038b8 (0x00008dc5) c.or    a1, s1
core   0: 3 0x800038b8 (0x8dc5) x11 0x00001001
core   0: 0x800038ba (0x00009ff2) c.add   t6, t3
core   0: 3 0x800038ba (0x9ff2) x31 0xfffff3ba
core   0: 0x800038bc (0xe5ddae93) slti    t4, s11, -419
core   0: 3 0x800038bc (0xe5ddae93) x29 0x00000000
core   0: 0x800038c0 (0x00001b7d) c.addi  s6, -1
core   0: 3 0x800038c0 (0x1b7d) x22 0x00000007
core   0: 0x800038c2 (0x0000997d) c.andi  a0, -1
core   0: 3 0x800038c2 (0x997d) x10 0xfffffff3
core   0: 0x800038c4 (0x00000001) c.nop
core   0: 3 0x800038c4 (0x0001)
core   0: 0x800038c6 (0x000068a9) c.lui   a7, 0xa
core   0: 3 0x800038c6 (0x68a9) x17 0x0000a000
core   0: 0x800038c8 (0x0000998e) c.add   s3, gp
core   0: 3 0x800038c8 (0x998e) x19 0x984d98ee
core   0: 0x800038ca (0x000080d1) c.srli  s1, 20
core   0: 3 0x800038ca (0x80d1) x9  0x00000000
core   0: 0x800038cc (0x00aa24b3) slt     s1, s4, a0
core   0: 3 0x800038cc (0x00aa24b3) x9  0x00000000
core   0: 0x800038d0 (0x02f30633) mul     a2, t1, a5
core   0: 3 0x800038d0 (0x02f30633) x12 0xfffff3b9
core   0: 0x800038d4 (0x00765fb3) srl     t6, a2, t2
core   0: 3 0x800038d4 (0x00765fb3) x31 0xfffff3b9
core   0: 0x800038d8 (0x010eae33) slt     t3, t4, a6
core   0: 3 0x800038d8 (0x010eae33) x28 0x00000001
core   0: 0x800038dc (0x184d6997) auipc   s3, 0x184d6
core   0: 3 0x800038dc (0x184d6997) x19 0x984d98dc
core   0: 0x800038e0 (0xcf91c293) xori    t0, gp, -775
core   0: 3 0x800038e0 (0xcf91c293) x5  0xfffffceb
core   0: 0x800038e4 (0xfd0b7ae3) bgeu    s6, a6, pc - 44
core   0: 3 0x800038e4 (0xfd0b7ae3)
core   0: 0x800038e8 (0x01249033) sll     zero, s1, s2
core   0: 3 0x800038e8 (0x01249033)
core   0: 0x800038ec (0x00005de5) c.li    s11, -7
core   0: 3 0x800038ec (0x5de5) x27 0xfffffff9
core   0: 0x800038ee (0x03b0bcb3) mulhu   s9, ra, s11
core   0: 3 0x800038ee (0x03b0bcb3) x25 0x00000000
core   0: 0x800038f2 (0x031c0233) mul     tp, s8, a7
core   0: 3 0x800038f2 (0x031c0233) x4  0xf63e6000
core   0: 0x800038f6 (0x5b901797) auipc   a5, 0x5b901
core   0: 3 0x800038f6 (0x5b901797) x15 0xdb9048f6
core   0: 0x800038fa (0x40c658b3) sra     a7, a2, a2
core   0: 3 0x800038fa (0x40c658b3) x17 0xffffffff
core   0: 0x800038fe (0x00004ab5) c.li    s5, 13
core   0: 3 0x800038fe (0x4ab5) x21 0x0000000d
core   0: 0x80003900 (0x00009ff6) c.add   t6, t4
core   0: 3 0x80003900 (0x9ff6) x31 0xfffff3b9
core   0: 0x80003902 (0x0105a2b3) slt     t0, a1, a6
core   0: 3 0x80003902 (0x0105a2b3) x5  0x00000000
core   0: 0x80003906 (0x00006185) c.lui   gp, 0x1
core   0: 3 0x80003906 (0x6185) x3  0x00001000
core   0: 0x80003908 (0x00008f09) c.sub   a4, a0
core   0: 3 0x80003908 (0x8f09) x14 0x00000011
core   0: 0x8000390a (0x00000d8d) c.addi  s11, 3
core   0: 3 0x8000390a (0x0d8d) x27 0xfffffffc
core   0: 0x8000390c (0x010f7533) and     a0, t5, a6
core   0: 3 0x8000390c (0x010f7533) x10 0x00000008
core   0: 0x80003910 (0x00004921) c.li    s2, 8
core   0: 3 0x80003910 (0x4921) x18 0x00000008
core   0: 0x80003912 (0x00521013) slli    zero, tp, 5
core   0: 3 0x80003912 (0x00521013)
core   0: 0x80003916 (0x821eab13) slti    s6, t4, -2015
core   0: 3 0x80003916 (0x821eab13) x22 0x00000000
core   0: 0x8000391a (0x00004ea1) c.li    t4, 8
core   0: 3 0x8000391a (0x4ea1) x29 0x00000008
core   0: 0x8000391c (0x00374233) xor     tp, a4, gp
core   0: 3 0x8000391c (0x00374233) x4  0x00001011
core   0: 0x80003920 (0x8d877737) lui     a4, 0x8d877
core   0: 3 0x80003920 (0x8d877737) x14 0x8d877000
core   0: 0x80003924 (0x00001971) c.addi  s2, -4
core   0: 3 0x80003924 (0x1971) x18 0x00000004
core   0: 0x80003926 (0x40f7dd33) sra     s10, a5, a5
core   0: 3 0x80003926 (0x40f7dd33) x26 0xffffff6e
core   0: 0x8000392a (0xffd979e3) bgeu    s2, t4, pc - 14
core   0: 3 0x8000392a (0xffd979e3)
core   0: 0x8000392e (0x013c9713) slli    a4, s9, 19
core   0: 3 0x8000392e (0x013c9713) x14 0x00000000
core   0: 0x80003932 (0x02bad233) divu    tp, s5, a1
core   0: 3 0x80003932 (0x02bad233) x4  0x00000000
core   0: 0x80003936 (0x00009a7d) c.andi  a2, -1
core   0: 3 0x80003936 (0x9a7d) x12 0xfffff3b9
core   0: 0x80003938 (0x03041e33) mulh    t3, s0, a6
core   0: 3 0x80003938 (0x03041e33) x28 0xfffffffc
core   0: 0x8000393c (0xfd5dc3e3) blt     s11, s5, pc - 58
core   0: 3 0x8000393c (0xfd5dc3e3)
core   0: 0x80003902 (0x0105a2b3) slt     t0, a1, a6
core   0: 3 0x80003902 (0x0105a2b3) x5  0x00000000
core   0: 0x80003906 (0x00006185) c.lui   gp, 0x1
core   0: 3 0x80003906 (0x6185) x3  0x00001000
core   0: 0x80003908 (0x00008f09) c.sub   a4, a0
core   0: 3 0x80003908 (0x8f09) x14 0xfffffff8
core   0: 0x8000390a (0x00000d8d) c.addi  s11, 3
core   0: 3 0x8000390a (0x0d8d) x27 0xffffffff
core   0: 0x8000390c (0x010f7533) and     a0, t5, a6
core   0: 3 0x8000390c (0x010f7533) x10 0x00000008
core   0: 0x80003910 (0x00004921) c.li    s2, 8
core   0: 3 0x80003910 (0x4921) x18 0x00000008
core   0: 0x80003912 (0x00521013) slli    zero, tp, 5
core   0: 3 0x80003912 (0x00521013)
core   0: 0x80003916 (0x821eab13) slti    s6, t4, -2015
core   0: 3 0x80003916 (0x821eab13) x22 0x00000000
core   0: 0x8000391a (0x00004ea1) c.li    t4, 8
core   0: 3 0x8000391a (0x4ea1) x29 0x00000008
core   0: 0x8000391c (0x00374233) xor     tp, a4, gp
core   0: 3 0x8000391c (0x00374233) x4  0xffffeff8
core   0: 0x80003920 (0x8d877737) lui     a4, 0x8d877
core   0: 3 0x80003920 (0x8d877737) x14 0x8d877000
core   0: 0x80003924 (0x00001971) c.addi  s2, -4
core   0: 3 0x80003924 (0x1971) x18 0x00000004
core   0: 0x80003926 (0x40f7dd33) sra     s10, a5, a5
core   0: 3 0x80003926 (0x40f7dd33) x26 0xffffff6e
core   0: 0x8000392a (0xffd979e3) bgeu    s2, t4, pc - 14
core   0: 3 0x8000392a (0xffd979e3)
core   0: 0x8000392e (0x013c9713) slli    a4, s9, 19
core   0: 3 0x8000392e (0x013c9713) x14 0x00000000
core   0: 0x80003932 (0x02bad233) divu    tp, s5, a1
core   0: 3 0x80003932 (0x02bad233) x4  0x00000000
core   0: 0x80003936 (0x00009a7d) c.andi  a2, -1
core   0: 3 0x80003936 (0x9a7d) x12 0xfffff3b9
core   0: 0x80003938 (0x03041e33) mulh    t3, s0, a6
core   0: 3 0x80003938 (0x03041e33) x28 0xfffffffc
core   0: 0x8000393c (0xfd5dc3e3) blt     s11, s5, pc - 58
core   0: 3 0x8000393c (0xfd5dc3e3)
core   0: 0x80003902 (0x0105a2b3) slt     t0, a1, a6
core   0: 3 0x80003902 (0x0105a2b3) x5  0x00000000
core   0: 0x80003906 (0x00006185) c.lui   gp, 0x1
core   0: 3 0x80003906 (0x6185) x3  0x00001000
core   0: 0x80003908 (0x00008f09) c.sub   a4, a0
core   0: 3 0x80003908 (0x8f09) x14 0xfffffff8
core   0: 0x8000390a (0x00000d8d) c.addi  s11, 3
core   0: 3 0x8000390a (0x0d8d) x27 0x00000002
core   0: 0x8000390c (0x010f7533) and     a0, t5, a6
core   0: 3 0x8000390c (0x010f7533) x10 0x00000008
core   0: 0x80003910 (0x00004921) c.li    s2, 8
core   0: 3 0x80003910 (0x4921) x18 0x00000008
core   0: 0x80003912 (0x00521013) slli    zero, tp, 5
core   0: 3 0x80003912 (0x00521013)
core   0: 0x80003916 (0x821eab13) slti    s6, t4, -2015
core   0: 3 0x80003916 (0x821eab13) x22 0x00000000
core   0: 0x8000391a (0x00004ea1) c.li    t4, 8
core   0: 3 0x8000391a (0x4ea1) x29 0x00000008
core   0: 0x8000391c (0x00374233) xor     tp, a4, gp
core   0: 3 0x8000391c (0x00374233) x4  0xffffeff8
core   0: 0x80003920 (0x8d877737) lui     a4, 0x8d877
core   0: 3 0x80003920 (0x8d877737) x14 0x8d877000
core   0: 0x80003924 (0x00001971) c.addi  s2, -4
core   0: 3 0x80003924 (0x1971) x18 0x00000004
core   0: 0x80003926 (0x40f7dd33) sra     s10, a5, a5
core   0: 3 0x80003926 (0x40f7dd33) x26 0xffffff6e
core   0: 0x8000392a (0xffd979e3) bgeu    s2, t4, pc - 14
core   0: 3 0x8000392a (0xffd979e3)
core   0: 0x8000392e (0x013c9713) slli    a4, s9, 19
core   0: 3 0x8000392e (0x013c9713) x14 0x00000000
core   0: 0x80003932 (0x02bad233) divu    tp, s5, a1
core   0: 3 0x80003932 (0x02bad233) x4  0x00000000
core   0: 0x80003936 (0x00009a7d) c.andi  a2, -1
core   0: 3 0x80003936 (0x9a7d) x12 0xfffff3b9
core   0: 0x80003938 (0x03041e33) mulh    t3, s0, a6
core   0: 3 0x80003938 (0x03041e33) x28 0xfffffffc
core   0: 0x8000393c (0xfd5dc3e3) blt     s11, s5, pc - 58
core   0: 3 0x8000393c (0xfd5dc3e3)
core   0: 0x80003902 (0x0105a2b3) slt     t0, a1, a6
core   0: 3 0x80003902 (0x0105a2b3) x5  0x00000000
core   0: 0x80003906 (0x00006185) c.lui   gp, 0x1
core   0: 3 0x80003906 (0x6185) x3  0x00001000
core   0: 0x80003908 (0x00008f09) c.sub   a4, a0
core   0: 3 0x80003908 (0x8f09) x14 0xfffffff8
core   0: 0x8000390a (0x00000d8d) c.addi  s11, 3
core   0: 3 0x8000390a (0x0d8d) x27 0x00000005
core   0: 0x8000390c (0x010f7533) and     a0, t5, a6
core   0: 3 0x8000390c (0x010f7533) x10 0x00000008
core   0: 0x80003910 (0x00004921) c.li    s2, 8
core   0: 3 0x80003910 (0x4921) x18 0x00000008
core   0: 0x80003912 (0x00521013) slli    zero, tp, 5
core   0: 3 0x80003912 (0x00521013)
core   0: 0x80003916 (0x821eab13) slti    s6, t4, -2015
core   0: 3 0x80003916 (0x821eab13) x22 0x00000000
core   0: 0x8000391a (0x00004ea1) c.li    t4, 8
core   0: 3 0x8000391a (0x4ea1) x29 0x00000008
core   0: 0x8000391c (0x00374233) xor     tp, a4, gp
core   0: 3 0x8000391c (0x00374233) x4  0xffffeff8
core   0: 0x80003920 (0x8d877737) lui     a4, 0x8d877
core   0: 3 0x80003920 (0x8d877737) x14 0x8d877000
core   0: 0x80003924 (0x00001971) c.addi  s2, -4
core   0: 3 0x80003924 (0x1971) x18 0x00000004
core   0: 0x80003926 (0x40f7dd33) sra     s10, a5, a5
core   0: 3 0x80003926 (0x40f7dd33) x26 0xffffff6e
core   0: 0x8000392a (0xffd979e3) bgeu    s2, t4, pc - 14
core   0: 3 0x8000392a (0xffd979e3)
core   0: 0x8000392e (0x013c9713) slli    a4, s9, 19
core   0: 3 0x8000392e (0x013c9713) x14 0x00000000
core   0: 0x80003932 (0x02bad233) divu    tp, s5, a1
core   0: 3 0x80003932 (0x02bad233) x4  0x00000000
core   0: 0x80003936 (0x00009a7d) c.andi  a2, -1
core   0: 3 0x80003936 (0x9a7d) x12 0xfffff3b9
core   0: 0x80003938 (0x03041e33) mulh    t3, s0, a6
core   0: 3 0x80003938 (0x03041e33) x28 0xfffffffc
core   0: 0x8000393c (0xfd5dc3e3) blt     s11, s5, pc - 58
core   0: 3 0x8000393c (0xfd5dc3e3)
core   0: 0x80003902 (0x0105a2b3) slt     t0, a1, a6
core   0: 3 0x80003902 (0x0105a2b3) x5  0x00000000
core   0: 0x80003906 (0x00006185) c.lui   gp, 0x1
core   0: 3 0x80003906 (0x6185) x3  0x00001000
core   0: 0x80003908 (0x00008f09) c.sub   a4, a0
core   0: 3 0x80003908 (0x8f09) x14 0xfffffff8
core   0: 0x8000390a (0x00000d8d) c.addi  s11, 3
core   0: 3 0x8000390a (0x0d8d) x27 0x00000008
core   0: 0x8000390c (0x010f7533) and     a0, t5, a6
core   0: 3 0x8000390c (0x010f7533) x10 0x00000008
core   0: 0x80003910 (0x00004921) c.li    s2, 8
core   0: 3 0x80003910 (0x4921) x18 0x00000008
core   0: 0x80003912 (0x00521013) slli    zero, tp, 5
core   0: 3 0x80003912 (0x00521013)
core   0: 0x80003916 (0x821eab13) slti    s6, t4, -2015
core   0: 3 0x80003916 (0x821eab13) x22 0x00000000
core   0: 0x8000391a (0x00004ea1) c.li    t4, 8
core   0: 3 0x8000391a (0x4ea1) x29 0x00000008
core   0: 0x8000391c (0x00374233) xor     tp, a4, gp
core   0: 3 0x8000391c (0x00374233) x4  0xffffeff8
core   0: 0x80003920 (0x8d877737) lui     a4, 0x8d877
core   0: 3 0x80003920 (0x8d877737) x14 0x8d877000
core   0: 0x80003924 (0x00001971) c.addi  s2, -4
core   0: 3 0x80003924 (0x1971) x18 0x00000004
core   0: 0x80003926 (0x40f7dd33) sra     s10, a5, a5
core   0: 3 0x80003926 (0x40f7dd33) x26 0xffffff6e
core   0: 0x8000392a (0xffd979e3) bgeu    s2, t4, pc - 14
core   0: 3 0x8000392a (0xffd979e3)
core   0: 0x8000392e (0x013c9713) slli    a4, s9, 19
core   0: 3 0x8000392e (0x013c9713) x14 0x00000000
core   0: 0x80003932 (0x02bad233) divu    tp, s5, a1
core   0: 3 0x80003932 (0x02bad233) x4  0x00000000
core   0: 0x80003936 (0x00009a7d) c.andi  a2, -1
core   0: 3 0x80003936 (0x9a7d) x12 0xfffff3b9
core   0: 0x80003938 (0x03041e33) mulh    t3, s0, a6
core   0: 3 0x80003938 (0x03041e33) x28 0xfffffffc
core   0: 0x8000393c (0xfd5dc3e3) blt     s11, s5, pc - 58
core   0: 3 0x8000393c (0xfd5dc3e3)
core   0: 0x80003902 (0x0105a2b3) slt     t0, a1, a6
core   0: 3 0x80003902 (0x0105a2b3) x5  0x00000000
core   0: 0x80003906 (0x00006185) c.lui   gp, 0x1
core   0: 3 0x80003906 (0x6185) x3  0x00001000
core   0: 0x80003908 (0x00008f09) c.sub   a4, a0
core   0: 3 0x80003908 (0x8f09) x14 0xfffffff8
core   0: 0x8000390a (0x00000d8d) c.addi  s11, 3
core   0: 3 0x8000390a (0x0d8d) x27 0x0000000b
core   0: 0x8000390c (0x010f7533) and     a0, t5, a6
core   0: 3 0x8000390c (0x010f7533) x10 0x00000008
core   0: 0x80003910 (0x00004921) c.li    s2, 8
core   0: 3 0x80003910 (0x4921) x18 0x00000008
core   0: 0x80003912 (0x00521013) slli    zero, tp, 5
core   0: 3 0x80003912 (0x00521013)
core   0: 0x80003916 (0x821eab13) slti    s6, t4, -2015
core   0: 3 0x80003916 (0x821eab13) x22 0x00000000
core   0: 0x8000391a (0x00004ea1) c.li    t4, 8
core   0: 3 0x8000391a (0x4ea1) x29 0x00000008
core   0: 0x8000391c (0x00374233) xor     tp, a4, gp
core   0: 3 0x8000391c (0x00374233) x4  0xffffeff8
core   0: 0x80003920 (0x8d877737) lui     a4, 0x8d877
core   0: 3 0x80003920 (0x8d877737) x14 0x8d877000
core   0: 0x80003924 (0x00001971) c.addi  s2, -4
core   0: 3 0x80003924 (0x1971) x18 0x00000004
core   0: 0x80003926 (0x40f7dd33) sra     s10, a5, a5
core   0: 3 0x80003926 (0x40f7dd33) x26 0xffffff6e
core   0: 0x8000392a (0xffd979e3) bgeu    s2, t4, pc - 14
core   0: 3 0x8000392a (0xffd979e3)
core   0: 0x8000392e (0x013c9713) slli    a4, s9, 19
core   0: 3 0x8000392e (0x013c9713) x14 0x00000000
core   0: 0x80003932 (0x02bad233) divu    tp, s5, a1
core   0: 3 0x80003932 (0x02bad233) x4  0x00000000
core   0: 0x80003936 (0x00009a7d) c.andi  a2, -1
core   0: 3 0x80003936 (0x9a7d) x12 0xfffff3b9
core   0: 0x80003938 (0x03041e33) mulh    t3, s0, a6
core   0: 3 0x80003938 (0x03041e33) x28 0xfffffffc
core   0: 0x8000393c (0xfd5dc3e3) blt     s11, s5, pc - 58
core   0: 3 0x8000393c (0xfd5dc3e3)
core   0: 0x80003902 (0x0105a2b3) slt     t0, a1, a6
core   0: 3 0x80003902 (0x0105a2b3) x5  0x00000000
core   0: 0x80003906 (0x00006185) c.lui   gp, 0x1
core   0: 3 0x80003906 (0x6185) x3  0x00001000
core   0: 0x80003908 (0x00008f09) c.sub   a4, a0
core   0: 3 0x80003908 (0x8f09) x14 0xfffffff8
core   0: 0x8000390a (0x00000d8d) c.addi  s11, 3
core   0: 3 0x8000390a (0x0d8d) x27 0x0000000e
core   0: 0x8000390c (0x010f7533) and     a0, t5, a6
core   0: 3 0x8000390c (0x010f7533) x10 0x00000008
core   0: 0x80003910 (0x00004921) c.li    s2, 8
core   0: 3 0x80003910 (0x4921) x18 0x00000008
core   0: 0x80003912 (0x00521013) slli    zero, tp, 5
core   0: 3 0x80003912 (0x00521013)
core   0: 0x80003916 (0x821eab13) slti    s6, t4, -2015
core   0: 3 0x80003916 (0x821eab13) x22 0x00000000
core   0: 0x8000391a (0x00004ea1) c.li    t4, 8
core   0: 3 0x8000391a (0x4ea1) x29 0x00000008
core   0: 0x8000391c (0x00374233) xor     tp, a4, gp
core   0: 3 0x8000391c (0x00374233) x4  0xffffeff8
core   0: 0x80003920 (0x8d877737) lui     a4, 0x8d877
core   0: 3 0x80003920 (0x8d877737) x14 0x8d877000
core   0: 0x80003924 (0x00001971) c.addi  s2, -4
core   0: 3 0x80003924 (0x1971) x18 0x00000004
core   0: 0x80003926 (0x40f7dd33) sra     s10, a5, a5
core   0: 3 0x80003926 (0x40f7dd33) x26 0xffffff6e
core   0: 0x8000392a (0xffd979e3) bgeu    s2, t4, pc - 14
core   0: 3 0x8000392a (0xffd979e3)
core   0: 0x8000392e (0x013c9713) slli    a4, s9, 19
core   0: 3 0x8000392e (0x013c9713) x14 0x00000000
core   0: 0x80003932 (0x02bad233) divu    tp, s5, a1
core   0: 3 0x80003932 (0x02bad233) x4  0x00000000
core   0: 0x80003936 (0x00009a7d) c.andi  a2, -1
core   0: 3 0x80003936 (0x9a7d) x12 0xfffff3b9
core   0: 0x80003938 (0x03041e33) mulh    t3, s0, a6
core   0: 3 0x80003938 (0x03041e33) x28 0xfffffffc
core   0: 0x8000393c (0xfd5dc3e3) blt     s11, s5, pc - 58
core   0: 3 0x8000393c (0xfd5dc3e3)
core   0: 0x80003940 (0x00008ffe) c.mv    t6, t6
core   0: 3 0x80003940 (0x8ffe) x31 0xfffff3b9
core   0: 0x80003942 (0x00004495) c.li    s1, 5
core   0: 3 0x80003942 (0x4495) x9  0x00000005
core   0: 0x80003944 (0x03bc12b3) mulh    t0, s8, s11
core   0: 3 0x80003944 (0x03bc12b3) x5  0xffffffff
core   0: 0x80003948 (0x00004c99) c.li    s9, 6
core   0: 3 0x80003948 (0x4c99) x25 0x00000006
core   0: 0x8000394a (0x02b5ef33) rem     t5, a1, a1
core   0: 3 0x8000394a (0x02b5ef33) x30 0x00000000
core   0: 0x8000394e (0x03511d33) mulh    s10, sp, s5
core   0: 3 0x8000394e (0x03511d33) x26 0xffffffff
core   0: 0x80003952 (0x78e400b7) lui     ra, 0x78e40
core   0: 3 0x80003952 (0x78e400b7) x1  0x78e40000
core   0: 0x80003956 (0x00004a59) c.li    s4, 22
core   0: 3 0x80003956 (0x4a59) x20 0x00000016
core   0: 0x80003958 (0x0000450d) c.li    a0, 3
core   0: 3 0x80003958 (0x450d) x10 0x00000003
core   0: 0x8000395a (0x00009bfd) c.andi  a5, -1
core   0: 3 0x8000395a (0x9bfd) x15 0xdb9048f6
core   0: 0x8000395c (0x024a9a33) mulh    s4, s5, tp
core   0: 3 0x8000395c (0x024a9a33) x20 0x00000000
core   0: 0x80003960 (0x0123ffb3) and     t6, t2, s2
core   0: 3 0x80003960 (0x0123ffb3) x31 0x00000000
core   0: 0x80003964 (0x86849eb7) lui     t4, 0x86849
core   0: 3 0x80003964 (0x86849eb7) x29 0x86849000
core   0: 0x80003968 (0x03938e33) mul     t3, t2, s9
core   0: 3 0x80003968 (0x03938e33) x28 0x00000000
core   0: 0x8000396c (0x014081b3) add     gp, ra, s4
core   0: 3 0x8000396c (0x014081b3) x3  0x78e40000
core   0: 0x80003970 (0x00000499) c.addi  s1, 6
core   0: 3 0x80003970 (0x0499) x9  0x0000000b
core   0: 0x80003972 (0x03713033) mulhu   zero, sp, s7
core   0: 3 0x80003972 (0x03713033)
core   0: 0x80003976 (0x29060a93) addi    s5, a2, 656
core   0: 3 0x80003976 (0x29060a93) x21 0xfffff649
core   0: 0x8000397a (0x02f2b133) mulhu   sp, t0, a5
core   0: 3 0x8000397a (0x02f2b133) x2  0xdb9048f5
core   0: 0x8000397e (0xc43b6093) ori     ra, s6, -957
core   0: 3 0x8000397e (0xc43b6093) x1  0xfffffc43
core   0: 0x80003982 (0x00000718) c.addi4spn a4, sp, 896
core   0: 3 0x80003982 (0x0718) x14 0xdb904c75
core   0: 0x80003984 (0xfd94eae3) bltu    s1, s9, pc - 44
core   0: 3 0x80003984 (0xfd94eae3)
core   0: 0x80003988 (0x40200833) sub     a6, zero, sp
core   0: 3 0x80003988 (0x40200833) x16 0x246fb70b
core   0: 0x8000398c (0x0000479d) c.li    a5, 7
core   0: 3 0x8000398c (0x479d) x15 0x00000007
core   0: 0x8000398e (0x01b23133) sltu    sp, tp, s11
core   0: 3 0x8000398e (0x01b23133) x2  0x00000001
core   0: 0x80003992 (0x000009d2) c.slli  s3, 20
core   0: 3 0x80003992 (0x09d2) x19 0x8dc00000
core   0: 0x80003994 (0x004702b3) add     t0, a4, tp
core   0: 3 0x80003994 (0x004702b3) x5  0xdb904c75
core   0: 0x80003998 (0x00006499) c.lui   s1, 0x6
core   0: 3 0x80003998 (0x6499) x9  0x00006000
core   0: 0x8000399a (0x4133de13) srai    t3, t2, 19
core   0: 3 0x8000399a (0x4133de13) x28 0x00000000
core   0: 0x8000399e (0x01eba633) slt     a2, s7, t5
core   0: 3 0x8000399e (0x01eba633) x12 0x00000001
core   0: 0x800039a2 (0x48b53f17) auipc   t5, 0x48b53
core   0: 3 0x800039a2 (0x48b53f17) x30 0xc8b569a2
core   0: 0x800039a6 (0x0000489d) c.li    a7, 7
core   0: 3 0x800039a6 (0x489d) x17 0x00000007
core   0: 0x800039a8 (0x024d0933) mul     s2, s10, tp
core   0: 3 0x800039a8 (0x024d0933) x18 0x00000000
core   0: 0x800039ac (0x000092fe) c.add   t0, t6
core   0: 3 0x800039ac (0x92fe) x5  0xdb904c75
core   0: 0x800039ae (0x03559133) mulh    sp, a1, s5
core   0: 3 0x800039ae (0x03559133) x2  0xffffffff
core   0: 0x800039b2 (0x00001208) c.addi4spn a0, sp, 288
core   0: 3 0x800039b2 (0x1208) x10 0x0000011f
core   0: 0x800039b4 (0x00008db1) c.xor   a1, a2
core   0: 3 0x800039b4 (0x8db1) x11 0x00001000
core   0: 0x800039b6 (0x2d1a3b93) sltiu   s7, s4, 721
core   0: 3 0x800039b6 (0x2d1a3b93) x23 0x00000001
core   0: 0x800039ba (0x000017dd) c.addi  a5, -9
core   0: 3 0x800039ba (0x17dd) x15 0xfffffffe
core   0: 0x800039bc (0x8a21ed13) ori     s10, gp, -1886
core   0: 3 0x800039bc (0x8a21ed13) x26 0xfffff8a2
core   0: 0x800039c0 (0x03e4b133) mulhu   sp, s1, t5
core   0: 3 0x800039c0 (0x03e4b133) x2  0x00004b44
core   0: 0x800039c4 (0x028e8f33) mul     t5, t4, s0
core   0: 3 0x800039c4 (0x028e8f33) x30 0xb5d04000
core   0: 0x800039c8 (0xff17d6e3) bge     a5, a7, pc - 20
core   0: 3 0x800039c8 (0xff17d6e3)
core   0: 0x800039cc (0x01faedb3) or      s11, s5, t6
core   0: 3 0x800039cc (0x01faedb3) x27 0xfffff649
core   0: 0x800039d0 (0x00004725) c.li    a4, 9
core   0: 3 0x800039d0 (0x4725) x14 0x00000009
core   0: 0x800039d2 (0x00001e1c) c.addi4spn a5, sp, 816
core   0: 3 0x800039d2 (0x1e1c) x15 0x00004e74
core   0: 0x800039d4 (0x00005ee5) c.li    t4, -7
core   0: 3 0x800039d4 (0x5ee5) x29 0xfffffff9
core   0: 0x800039d6 (0x03318e33) mul     t3, gp, s3
core   0: 3 0x800039d6 (0x03318e33) x28 0x00000000
core   0: 0x800039da (0x00c75f33) srl     t5, a4, a2
core   0: 3 0x800039da (0x00c75f33) x30 0x00000004
core   0: 0x800039de (0x027b3933) mulhu   s2, s6, t2
core   0: 3 0x800039de (0x027b3933) x18 0x00000000
core   0: 0x800039e2 (0x40c2d893) srai    a7, t0, 12
core   0: 3 0x800039e2 (0x40c2d893) x17 0xfffdb904
core   0: 0x800039e6 (0x78f2c893) xori    a7, t0, 1935
core   0: 3 0x800039e6 (0x78f2c893) x17 0xdb904bfa
core   0: 0x800039ea (0x00e91fb3) sll     t6, s2, a4
core   0: 3 0x800039ea (0x00e91fb3) x31 0x00000000
core   0: 0x800039ee (0x00008d09) c.sub   a0, a0
core   0: 3 0x800039ee (0x8d09) x10 0x00000000
core   0: 0x800039f0 (0x010de533) or      a0, s11, a6
core   0: 3 0x800039f0 (0x010de533) x10 0xfffff74b
core   0: 0x800039f4 (0x00001761) c.addi  a4, -8
core   0: 3 0x800039f4 (0x1761) x14 0x00000001
core   0: 0x800039f6 (0x00000001) c.nop
core   0: 3 0x800039f6 (0x0001)
core   0: 0x800039f8 (0x00008dad) c.xor   a1, a1
core   0: 3 0x800039f8 (0x8dad) x11 0x00000000
core   0: 0x800039fa (0x034c6133) rem     sp, s8, s4
core   0: 3 0x800039fa (0x034c6133) x2  0xfba32397
core   0: 0x800039fe (0xd868a593) slti    a1, a7, -634
core   0: 3 0x800039fe (0xd868a593) x11 0x00000001
core   0: 0x80003a02 (0xfdd71ee3) bne     a4, t4, pc - 36
core   0: 3 0x80003a02 (0xfdd71ee3)
core   0: 0x800039de (0x027b3933) mulhu   s2, s6, t2
core   0: 3 0x800039de (0x027b3933) x18 0x00000000
core   0: 0x800039e2 (0x40c2d893) srai    a7, t0, 12
core   0: 3 0x800039e2 (0x40c2d893) x17 0xfffdb904
core   0: 0x800039e6 (0x78f2c893) xori    a7, t0, 1935
core   0: 3 0x800039e6 (0x78f2c893) x17 0xdb904bfa
core   0: 0x800039ea (0x00e91fb3) sll     t6, s2, a4
core   0: 3 0x800039ea (0x00e91fb3) x31 0x00000000
core   0: 0x800039ee (0x00008d09) c.sub   a0, a0
core   0: 3 0x800039ee (0x8d09) x10 0x00000000
core   0: 0x800039f0 (0x010de533) or      a0, s11, a6
core   0: 3 0x800039f0 (0x010de533) x10 0xfffff74b
core   0: 0x800039f4 (0x00001761) c.addi  a4, -8
core   0: 3 0x800039f4 (0x1761) x14 0xfffffff9
core   0: 0x800039f6 (0x00000001) c.nop
core   0: 3 0x800039f6 (0x0001)
core   0: 0x800039f8 (0x00008dad) c.xor   a1, a1
core   0: 3 0x800039f8 (0x8dad) x11 0x00000000
core   0: 0x800039fa (0x034c6133) rem     sp, s8, s4
core   0: 3 0x800039fa (0x034c6133) x2  0xfba32397
core   0: 0x800039fe (0xd868a593) slti    a1, a7, -634
core   0: 3 0x800039fe (0xd868a593) x11 0x00000001
core   0: 0x80003a02 (0xfdd71ee3) bne     a4, t4, pc - 36
core   0: 3 0x80003a02 (0xfdd71ee3)
core   0: 0x80003a06 (0x00ad37b3) sltu    a5, s10, a0
core   0: 3 0x80003a06 (0x00ad37b3) x15 0x00000000
core   0: 0x80003a0a (0x000057e9) c.li    a5, -6
core   0: 3 0x80003a0a (0x57e9) x15 0xfffffffa
core   0: 0x80003a0c (0x000084f2) c.mv    s1, t3
core   0: 3 0x80003a0c (0x84f2) x9  0x00000000
core   0: 0x80003a0e (0x01f19493) slli    s1, gp, 31
core   0: 3 0x80003a0e (0x01f19493) x9  0x00000000
core   0: 0x80003a12 (0x00000001) c.nop
core   0: 3 0x80003a12 (0x0001)
core   0: 0x80003a14 (0x03656533) rem     a0, a0, s6
core   0: 3 0x80003a14 (0x03656533) x10 0xfffff74b
core   0: 0x80003a18 (0x406d80b3) sub     ra, s11, t1
core   0: 3 0x80003a18 (0x406d80b3) x1  0xfffff488
core   0: 0x80003a1c (0x01159e13) slli    t3, a1, 17
core   0: 3 0x80003a1c (0x01159e13) x28 0x00020000
core   0: 0x80003a20 (0x027523b3) mulhsu  t2, a0, t2
core   0: 3 0x80003a20 (0x027523b3) x7  0x00000000
core   0: 0x80003a24 (0x000092f2) c.add   t0, t3
core   0: 3 0x80003a24 (0x92f2) x5  0xdb924c75
core   0: 0x80003a26 (0x00d010b3) sll     ra, zero, a3
core   0: 3 0x80003a26 (0x00d010b3) x1  0x00000000
core   0: 0x80003a2a (0x00001c08) c.addi4spn a0, sp, 560
core   0: 3 0x80003a2a (0x1c08) x10 0xfba325c7
core   0: 0x80003a2c (0x00000001) c.nop
core   0: 3 0x80003a2c (0x0001)
core   0: 0x80003a2e (0x0000717d) c.addi16sp sp, -16
core   0: 3 0x80003a2e (0x717d) x2  0xfba32387
core   0: 0x80003a30 (0x00000192) c.slli  gp, 4
core   0: 3 0x80003a30 (0x0192) x3  0x8e400000
core   0: 0x80003a32 (0x00000799) c.addi  a5, 6
core   0: 3 0x80003a32 (0x0799) x15 0x00000000
core   0: 0x80003a34 (0xc9b17e93) andi    t4, sp, -869
core   0: 3 0x80003a34 (0xc9b17e93) x29 0xfba32083
core   0: 0x80003a38 (0x000005f6) c.slli  a1, 29
core   0: 3 0x80003a38 (0x05f6) x11 0x20000000
core   0: 0x80003a3a (0x03bc0833) mul     a6, s8, s11
core   0: 3 0x80003a3a (0x03bc0833) x16 0x6221400f
core   0: 0x80003a3e (0x001af633) and     a2, s5, ra
core   0: 3 0x80003a3e (0x001af633) x12 0x00000000
core   0: 0x80003a42 (0x0000f3ed) c.bnez  a5, pc - 30
core   0: 3 0x80003a42 (0xf3ed)
core   0: 0x80003a44 (0x658ee393) ori     t2, t4, 1624
core   0: 3 0x80003a44 (0x658ee393) x7  0xfba326db
core   0: 0x80003a48 (0x000055e5) c.li    a1, -7
core   0: 3 0x80003a48 (0x55e5) x11 0xfffffff9
core   0: 0x80003a4a (0x02493633) mulhu   a2, s2, tp
core   0: 3 0x80003a4a (0x02493633) x12 0x00000000
core   0: 0x80003a4e (0x02b4c733) div     a4, s1, a1
core   0: 3 0x80003a4e (0x02b4c733) x14 0x00000000
core   0: 0x80003a52 (0x00004301) c.li    t1, 0
core   0: 3 0x80003a52 (0x4301) x6  0x00000000
core   0: 0x80003a54 (0x000092f6) c.add   t0, t4
core   0: 3 0x80003a54 (0x92f6) x5  0xd7356cf8
core   0: 0x80003a56 (0x000063a9) c.lui   t2, 0xa
core   0: 3 0x80003a56 (0x63a9) x7  0x0000a000
core   0: 0x80003a58 (0x0205f0b3) remu    ra, a1, zero
core   0: 3 0x80003a58 (0x0205f0b3) x1  0xfffffff9
core   0: 0x80003a5c (0x00008eb2) c.mv    t4, a2
core   0: 3 0x80003a5c (0x8eb2) x29 0x00000000
core   0: 0x80003a5e (0x00006121) c.addi16sp sp, 64
core   0: 3 0x80003a5e (0x6121) x2  0xfba323c7
core   0: 0x80003a60 (0xbfb62f93) slti    t6, a2, -1029
core   0: 3 0x80003a60 (0xbfb62f93) x31 0x00000000
core   0: 0x80003a64 (0x00000310) c.addi4spn a2, sp, 384
core   0: 3 0x80003a64 (0x0310) x12 0xfba32547
core   0: 0x80003a66 (0x3685eb13) ori     s6, a1, 872
core   0: 3 0x80003a66 (0x3685eb13) x22 0xfffffff9
core   0: 0x80003a6a (0x00008f9a) c.mv    t6, t1
core   0: 3 0x80003a6a (0x8f9a) x31 0x00000000
core   0: 0x80003a6c (0x00dafcb3) and     s9, s5, a3
core   0: 3 0x80003a6c (0x00dafcb3) x25 0x80025608
core   0: 0x80003a70 (0x03efbeb3) mulhu   t4, t6, t5
core   0: 3 0x80003a70 (0x03efbeb3) x29 0x00000000
core   0: 0x80003a74 (0x00000599) c.addi  a1, 6
core   0: 3 0x80003a74 (0x0599) x11 0xffffffff
core   0: 0x80003a76 (0x030247b3) div     a5, tp, a6
core   0: 3 0x80003a76 (0x030247b3) x15 0x00000000
core   0: 0x80003a7a (0xfe65c1e3) blt     a1, t1, pc - 30
core   0: 3 0x80003a7a (0xfe65c1e3)
core   0: 0x80003a5c (0x00008eb2) c.mv    t4, a2
core   0: 3 0x80003a5c (0x8eb2) x29 0xfba32547
core   0: 0x80003a5e (0x00006121) c.addi16sp sp, 64
core   0: 3 0x80003a5e (0x6121) x2  0xfba32407
core   0: 0x80003a60 (0xbfb62f93) slti    t6, a2, -1029
core   0: 3 0x80003a60 (0xbfb62f93) x31 0x00000001
core   0: 0x80003a64 (0x00000310) c.addi4spn a2, sp, 384
core   0: 3 0x80003a64 (0x0310) x12 0xfba32587
core   0: 0x80003a66 (0x3685eb13) ori     s6, a1, 872
core   0: 3 0x80003a66 (0x3685eb13) x22 0xffffffff
core   0: 0x80003a6a (0x00008f9a) c.mv    t6, t1
core   0: 3 0x80003a6a (0x8f9a) x31 0x00000000
core   0: 0x80003a6c (0x00dafcb3) and     s9, s5, a3
core   0: 3 0x80003a6c (0x00dafcb3) x25 0x80025608
core   0: 0x80003a70 (0x03efbeb3) mulhu   t4, t6, t5
core   0: 3 0x80003a70 (0x03efbeb3) x29 0x00000000
core   0: 0x80003a74 (0x00000599) c.addi  a1, 6
core   0: 3 0x80003a74 (0x0599) x11 0x00000005
core   0: 0x80003a76 (0x030247b3) div     a5, tp, a6
core   0: 3 0x80003a76 (0x030247b3) x15 0x00000000
core   0: 0x80003a7a (0xfe65c1e3) blt     a1, t1, pc - 30
core   0: 3 0x80003a7a (0xfe65c1e3)
core   0: 0x80003a7e (0x405e07b3) sub     a5, t3, t0
core   0: 3 0x80003a7e (0x405e07b3) x15 0x28cc9308
core   0: 0x80003a82 (0x000047a9) c.li    a5, 10
core   0: 3 0x80003a82 (0x47a9) x15 0x0000000a
core   0: 0x80003a84 (0x00004729) c.li    a4, 10
core   0: 3 0x80003a84 (0x4729) x14 0x0000000a
core   0: 0x80003a86 (0x00001808) c.addi4spn a0, sp, 48
core   0: 3 0x80003a86 (0x1808) x10 0xfba32437
core   0: 0x80003a88 (0x000017dd) c.addi  a5, -9
core   0: 3 0x80003a88 (0x17dd) x15 0x00000001
core   0: 0x80003a8a (0x0298d1b3) divu    gp, a7, s1
core   0: 3 0x80003a8a (0x0298d1b3) x3  0xffffffff
core   0: 0x80003a8e (0x00004491) c.li    s1, 4
core   0: 3 0x80003a8e (0x4491) x9  0x00000004
core   0: 0x80003a90 (0x00000001) c.nop
core   0: 3 0x80003a90 (0x0001)
core   0: 0x80003a92 (0xf5a4bd13) sltiu   s10, s1, -166
core   0: 3 0x80003a92 (0xf5a4bd13) x26 0x00000001
core   0: 0x80003a96 (0x000014f1) c.addi  s1, -4
core   0: 3 0x80003a96 (0x14f1) x9  0x00000000
core   0: 0x80003a98 (0x0000dced) c.beqz  s1, pc - 6
core   0: 3 0x80003a98 (0xdced)
core   0: 0x80003a92 (0xf5a4bd13) sltiu   s10, s1, -166
core   0: 3 0x80003a92 (0xf5a4bd13) x26 0x00000001
core   0: 0x80003a96 (0x000014f1) c.addi  s1, -4
core   0: 3 0x80003a96 (0x14f1) x9  0xfffffffc
core   0: 0x80003a98 (0x0000dced) c.beqz  s1, pc - 6
core   0: 3 0x80003a98 (0xdced)
core   0: 0x80003a9a (0xfee7f6e3) bgeu    a5, a4, pc - 20
core   0: 3 0x80003a9a (0xfee7f6e3)
core   0: 0x80003a9e (0x00001d90) c.addi4spn a2, sp, 752
core   0: 3 0x80003a9e (0x1d90) x12 0xfba326f7
core   0: 0x80003aa0 (0x00004b99) c.li    s7, 6
core   0: 3 0x80003aa0 (0x4b99) x23 0x00000006
core   0: 0x80003aa2 (0x00004311) c.li    t1, 4
core   0: 3 0x80003aa2 (0x4311) x6  0x00000004
core   0: 0x80003aa4 (0x00008d79) c.and   a0, a4
core   0: 3 0x80003aa4 (0x8d79) x10 0x00000002
core   0: 0x80003aa6 (0x00001bf5) c.addi  s7, -3
core   0: 3 0x80003aa6 (0x1bf5) x23 0x00000003
core   0: 0x80003aa8 (0x000045a5) c.li    a1, 9
core   0: 3 0x80003aa8 (0x45a5) x11 0x00000009
core   0: 0x80003aaa (0xe4000093) li      ra, -448
core   0: 3 0x80003aaa (0xe4000093) x1  0xfffffe40
core   0: 0x80003aae (0x00004e89) c.li    t4, 2
core   0: 3 0x80003aae (0x4e89) x29 0x00000002
core   0: 0x80003ab0 (0x00008cb1) c.xor   s1, a2
core   0: 3 0x80003ab0 (0x8cb1) x9  0x045cd90b
core   0: 0x80003ab2 (0x000015e5) c.addi  a1, -7
core   0: 3 0x80003ab2 (0x15e5) x11 0x00000002
core   0: 0x80003ab4 (0xffd59ee3) bne     a1, t4, pc - 4
core   0: 3 0x80003ab4 (0xffd59ee3)
core   0: 0x80003ab8 (0xfe6bf6e3) bgeu    s7, t1, pc - 20
core   0: 3 0x80003ab8 (0xfe6bf6e3)
core   0: 0x80003abc (0x02a87833) remu    a6, a6, a0
core   0: 3 0x80003abc (0x02a87833) x16 0x00000001
core   0: 0x80003ac0 (0x00005761) c.li    a4, -8
core   0: 3 0x80003ac0 (0x5761) x14 0xfffffff8
core   0: 0x80003ac2 (0x000084fd) c.srai  s1, 31
core   0: 3 0x80003ac2 (0x84fd) x9  0x00000000
core   0: 0x80003ac4 (0x00000001) c.nop
core   0: 3 0x80003ac4 (0x0001)
core   0: 0x80003ac6 (0x0000997d) c.andi  a0, -1
core   0: 3 0x80003ac6 (0x997d) x10 0x00000002
core   0: 0x80003ac8 (0x000060c9) c.lui   ra, 0x12
core   0: 3 0x80003ac8 (0x60c9) x1  0x00012000
core   0: 0x80003aca (0x0000950e) c.add   a0, gp
core   0: 3 0x80003aca (0x950e) x10 0x00000001
core   0: 0x80003acc (0x0000854d) c.srai  a0, 19
core   0: 3 0x80003acc (0x854d) x10 0x00000000
core   0: 0x80003ace (0x00000705) c.addi  a4, 1
core   0: 3 0x80003ace (0x0705) x14 0xfffffff9
core   0: 0x80003ad0 (0x00009cfa) c.add   s9, t5
core   0: 3 0x80003ad0 (0x9cfa) x25 0x8002560c
core   0: 0x80003ad2 (0x0000ff65) c.bnez  a4, pc - 8
core   0: 3 0x80003ad2 (0xff65)
core   0: 0x80003aca (0x0000950e) c.add   a0, gp
core   0: 3 0x80003aca (0x950e) x10 0xffffffff
core   0: 0x80003acc (0x0000854d) c.srai  a0, 19
core   0: 3 0x80003acc (0x854d) x10 0xffffffff
core   0: 0x80003ace (0x00000705) c.addi  a4, 1
core   0: 3 0x80003ace (0x0705) x14 0xfffffffa
core   0: 0x80003ad0 (0x00009cfa) c.add   s9, t5
core   0: 3 0x80003ad0 (0x9cfa) x25 0x80025610
core   0: 0x80003ad2 (0x0000ff65) c.bnez  a4, pc - 8
core   0: 3 0x80003ad2 (0xff65)
core   0: 0x80003aca (0x0000950e) c.add   a0, gp
core   0: 3 0x80003aca (0x950e) x10 0xfffffffe
core   0: 0x80003acc (0x0000854d) c.srai  a0, 19
core   0: 3 0x80003acc (0x854d) x10 0xffffffff
core   0: 0x80003ace (0x00000705) c.addi  a4, 1
core   0: 3 0x80003ace (0x0705) x14 0xfffffffb
core   0: 0x80003ad0 (0x00009cfa) c.add   s9, t5
core   0: 3 0x80003ad0 (0x9cfa) x25 0x80025614
core   0: 0x80003ad2 (0x0000ff65) c.bnez  a4, pc - 8
core   0: 3 0x80003ad2 (0xff65)
core   0: 0x80003aca (0x0000950e) c.add   a0, gp
core   0: 3 0x80003aca (0x950e) x10 0xfffffffe
core   0: 0x80003acc (0x0000854d) c.srai  a0, 19
core   0: 3 0x80003acc (0x854d) x10 0xffffffff
core   0: 0x80003ace (0x00000705) c.addi  a4, 1
core   0: 3 0x80003ace (0x0705) x14 0xfffffffc
core   0: 0x80003ad0 (0x00009cfa) c.add   s9, t5
core   0: 3 0x80003ad0 (0x9cfa) x25 0x80025618
core   0: 0x80003ad2 (0x0000ff65) c.bnez  a4, pc - 8
core   0: 3 0x80003ad2 (0xff65)
core   0: 0x80003aca (0x0000950e) c.add   a0, gp
core   0: 3 0x80003aca (0x950e) x10 0xfffffffe
core   0: 0x80003acc (0x0000854d) c.srai  a0, 19
core   0: 3 0x80003acc (0x854d) x10 0xffffffff
core   0: 0x80003ace (0x00000705) c.addi  a4, 1
core   0: 3 0x80003ace (0x0705) x14 0xfffffffd
core   0: 0x80003ad0 (0x00009cfa) c.add   s9, t5
core   0: 3 0x80003ad0 (0x9cfa) x25 0x8002561c
core   0: 0x80003ad2 (0x0000ff65) c.bnez  a4, pc - 8
core   0: 3 0x80003ad2 (0xff65)
core   0: 0x80003aca (0x0000950e) c.add   a0, gp
core   0: 3 0x80003aca (0x950e) x10 0xfffffffe
core   0: 0x80003acc (0x0000854d) c.srai  a0, 19
core   0: 3 0x80003acc (0x854d) x10 0xffffffff
core   0: 0x80003ace (0x00000705) c.addi  a4, 1
core   0: 3 0x80003ace (0x0705) x14 0xfffffffe
core   0: 0x80003ad0 (0x00009cfa) c.add   s9, t5
core   0: 3 0x80003ad0 (0x9cfa) x25 0x80025620
core   0: 0x80003ad2 (0x0000ff65) c.bnez  a4, pc - 8
core   0: 3 0x80003ad2 (0xff65)
core   0: 0x80003aca (0x0000950e) c.add   a0, gp
core   0: 3 0x80003aca (0x950e) x10 0xfffffffe
core   0: 0x80003acc (0x0000854d) c.srai  a0, 19
core   0: 3 0x80003acc (0x854d) x10 0xffffffff
core   0: 0x80003ace (0x00000705) c.addi  a4, 1
core   0: 3 0x80003ace (0x0705) x14 0xffffffff
core   0: 0x80003ad0 (0x00009cfa) c.add   s9, t5
core   0: 3 0x80003ad0 (0x9cfa) x25 0x80025624
core   0: 0x80003ad2 (0x0000ff65) c.bnez  a4, pc - 8
core   0: 3 0x80003ad2 (0xff65)
core   0: 0x80003aca (0x0000950e) c.add   a0, gp
core   0: 3 0x80003aca (0x950e) x10 0xfffffffe
core   0: 0x80003acc (0x0000854d) c.srai  a0, 19
core   0: 3 0x80003acc (0x854d) x10 0xffffffff
core   0: 0x80003ace (0x00000705) c.addi  a4, 1
core   0: 3 0x80003ace (0x0705) x14 0x00000000
core   0: 0x80003ad0 (0x00009cfa) c.add   s9, t5
core   0: 3 0x80003ad0 (0x9cfa) x25 0x80025628
core   0: 0x80003ad2 (0x0000ff65) c.bnez  a4, pc - 8
core   0: 3 0x80003ad2 (0xff65)
core   0: 0x80003ad4 (0x01d233b3) sltu    t2, tp, t4
core   0: 3 0x80003ad4 (0x01d233b3) x7  0x00000001
core   0: 0x80003ad8 (0x00004a1d) c.li    s4, 7
core   0: 3 0x80003ad8 (0x4a1d) x20 0x00000007
core   0: 0x80003ada (0x000044cd) c.li    s1, 19
core   0: 3 0x80003ada (0x44cd) x9  0x00000013
core   0: 0x80003adc (0x116fae37) lui     t3, 0x116fa
core   0: 3 0x80003adc (0x116fae37) x28 0x116fa000
core   0: 0x80003ae0 (0x00000a11) c.addi  s4, 4
core   0: 3 0x80003ae0 (0x0a11) x20 0x0000000b
core   0: 0x80003ae2 (0x000051d9) c.li    gp, -10
core   0: 3 0x80003ae2 (0x51d9) x3  0xfffffff6
core   0: 0x80003ae4 (0x000042b9) c.li    t0, 14
core   0: 3 0x80003ae4 (0x42b9) x5  0x0000000e
core   0: 0x80003ae6 (0x4c646213) ori     tp, s0, 1222
core   0: 3 0x80003ae6 (0x4c646213) x4  0x80029ce6
core   0: 0x80003aea (0x00000185) c.addi  gp, 1
core   0: 3 0x80003aea (0x0185) x3  0xfffffff7
core   0: 0x80003aec (0xfe51ede3) bltu    gp, t0, pc - 6
core   0: 3 0x80003aec (0xfe51ede3)
core   0: 0x80003af0 (0xfe9a16e3) bne     s4, s1, pc - 20
core   0: 3 0x80003af0 (0xfe9a16e3)
core   0: 0x80003adc (0x116fae37) lui     t3, 0x116fa
core   0: 3 0x80003adc (0x116fae37) x28 0x116fa000
core   0: 0x80003ae0 (0x00000a11) c.addi  s4, 4
core   0: 3 0x80003ae0 (0x0a11) x20 0x0000000f
core   0: 0x80003ae2 (0x000051d9) c.li    gp, -10
core   0: 3 0x80003ae2 (0x51d9) x3  0xfffffff6
core   0: 0x80003ae4 (0x000042b9) c.li    t0, 14
core   0: 3 0x80003ae4 (0x42b9) x5  0x0000000e
core   0: 0x80003ae6 (0x4c646213) ori     tp, s0, 1222
core   0: 3 0x80003ae6 (0x4c646213) x4  0x80029ce6
core   0: 0x80003aea (0x00000185) c.addi  gp, 1
core   0: 3 0x80003aea (0x0185) x3  0xfffffff7
core   0: 0x80003aec (0xfe51ede3) bltu    gp, t0, pc - 6
core   0: 3 0x80003aec (0xfe51ede3)
core   0: 0x80003af0 (0xfe9a16e3) bne     s4, s1, pc - 20
core   0: 3 0x80003af0 (0xfe9a16e3)
core   0: 0x80003adc (0x116fae37) lui     t3, 0x116fa
core   0: 3 0x80003adc (0x116fae37) x28 0x116fa000
core   0: 0x80003ae0 (0x00000a11) c.addi  s4, 4
core   0: 3 0x80003ae0 (0x0a11) x20 0x00000013
core   0: 0x80003ae2 (0x000051d9) c.li    gp, -10
core   0: 3 0x80003ae2 (0x51d9) x3  0xfffffff6
core   0: 0x80003ae4 (0x000042b9) c.li    t0, 14
core   0: 3 0x80003ae4 (0x42b9) x5  0x0000000e
core   0: 0x80003ae6 (0x4c646213) ori     tp, s0, 1222
core   0: 3 0x80003ae6 (0x4c646213) x4  0x80029ce6
core   0: 0x80003aea (0x00000185) c.addi  gp, 1
core   0: 3 0x80003aea (0x0185) x3  0xfffffff7
core   0: 0x80003aec (0xfe51ede3) bltu    gp, t0, pc - 6
core   0: 3 0x80003aec (0xfe51ede3)
core   0: 0x80003af0 (0xfe9a16e3) bne     s4, s1, pc - 20
core   0: 3 0x80003af0 (0xfe9a16e3)
core   0: 0x80003af4 (0x00009cd6) c.add   s9, s5
core   0: 3 0x80003af4 (0x9cd6) x25 0x80024c71
core   0: 0x80003af6 (0x00005975) c.li    s2, -3
core   0: 3 0x80003af6 (0x5975) x18 0xfffffffd
core   0: 0x80003af8 (0x02f80bb3) mul     s7, a6, a5
core   0: 3 0x80003af8 (0x02f80bb3) x23 0x00000001
core   0: 0x80003afc (0x00000a22) c.slli  s4, 8
core   0: 3 0x80003afc (0x0a22) x20 0x00001300
core   0: 0x80003afe (0x03bf1633) mulh    a2, t5, s11
core   0: 3 0x80003afe (0x03bf1633) x12 0xffffffff
core   0: 0x80003b02 (0x0361f4b3) remu    s1, gp, s6
core   0: 3 0x80003b02 (0x0361f4b3) x9  0xfffffff7
core   0: 0x80003b06 (0x00004535) c.li    a0, 13
core   0: 3 0x80003b06 (0x4535) x10 0x0000000d
core   0: 0x80003b08 (0x02ce38b3) mulhu   a7, t3, a2
core   0: 3 0x80003b08 (0x02ce38b3) x17 0x116f9fff
core   0: 0x80003b0c (0x00000001) c.nop
core   0: 3 0x80003b0c (0x0001)
core   0: 0x80003b0e (0x03e35eb3) divu    t4, t1, t5
core   0: 3 0x80003b0e (0x03e35eb3) x29 0x00000001
core   0: 0x80003b12 (0x0298eab3) rem     s5, a7, s1
core   0: 3 0x80003b12 (0x0298eab3) x21 0x00000002
core   0: 0x80003b16 (0x40c45a33) sra     s4, s0, a2
core   0: 3 0x80003b16 (0x40c45a33) x20 0xffffffff
core   0: 0x80003b1a (0x00008db1) c.xor   a1, a2
core   0: 3 0x80003b1a (0x8db1) x11 0xfffffffd
core   0: 0x80003b1c (0x00e35db3) srl     s11, t1, a4
core   0: 3 0x80003b1c (0x00e35db3) x27 0x00000004
core   0: 0x80003b20 (0x00000911) c.addi  s2, 4
core   0: 3 0x80003b20 (0x0911) x18 0x00000001
core   0: 0x80003b22 (0x0050bd33) sltu    s10, ra, t0
core   0: 3 0x80003b22 (0x0050bd33) x26 0x00000000
core   0: 0x80003b26 (0x000002de) c.slli  t0, 23
core   0: 3 0x80003b26 (0x02de) x5  0x07000000
core   0: 0x80003b28 (0x00008c81) c.sub   s1, s0
core   0: 3 0x80003b28 (0x8c81) x9  0x7ffd6313
core   0: 0x80003b2a (0x1d873093) sltiu   ra, a4, 472
core   0: 3 0x80003b2a (0x1d873093) x1  0x00000001
core   0: 0x80003b2e (0x00000001) c.nop
core   0: 3 0x80003b2e (0x0001)
core   0: 0x80003b30 (0x00362ab3) slt     s5, a2, gp
core   0: 3 0x80003b30 (0x00362ab3) x21 0x00000000
core   0: 0x80003b34 (0x00008c81) c.sub   s1, s0
core   0: 3 0x80003b34 (0x8c81) x9  0xfffac62f
core   0: 0x80003b36 (0xe05e1e37) lui     t3, 0xe05e1
core   0: 3 0x80003b36 (0xe05e1e37) x28 0xe05e1000
core   0: 0x80003b3a (0xa84a4137) lui     sp, 0xa84a4
core   0: 3 0x80003b3a (0xa84a4137) x2  0xa84a4000
core   0: 0x80003b3e (0x02eb7133) remu    sp, s6, a4
core   0: 3 0x80003b3e (0x02eb7133) x2  0xffffffff
core   0: 0x80003b42 (0x41e38733) sub     a4, t2, t5
core   0: 3 0x80003b42 (0x41e38733) x14 0xfffffffd
core   0: 0x80003b46 (0x00008c81) c.sub   s1, s0
core   0: 3 0x80003b46 (0x8c81) x9  0x7ff8294b
core   0: 0x80003b48 (0xfca903e3) beq     s2, a0, pc - 58
core   0: 3 0x80003b48 (0xfca903e3)
core   0: 0x80003b4c (0x00008f8d) c.sub   a5, a1
core   0: 3 0x80003b4c (0x8f8d) x15 0x00000004
core   0: 0x80003b4e (0x00005df9) c.li    s11, -2
core   0: 3 0x80003b4e (0x5df9) x27 0xfffffffe
core   0: 0x80003b50 (0x02aea2b3) mulhsu  t0, t4, a0
core   0: 3 0x80003b50 (0x02aea2b3) x5  0x00000000
core   0: 0x80003b54 (0x00004a15) c.li    s4, 5
core   0: 3 0x80003b54 (0x4a15) x20 0x00000005
core   0: 0x80003b56 (0x002fc633) xor     a2, t6, sp
core   0: 3 0x80003b56 (0x002fc633) x12 0xffffffff
core   0: 0x80003b5a (0x00000910) c.addi4spn a2, sp, 144
core   0: 3 0x80003b5a (0x0910) x12 0x0000008f
core   0: 0x80003b5c (0x034d9d33) mulh    s10, s11, s4
core   0: 3 0x80003b5c (0x034d9d33) x26 0xffffffff
core   0: 0x80003b60 (0x00008785) c.srai  a5, 1
core   0: 3 0x80003b60 (0x8785) x15 0x00000002
core   0: 0x80003b62 (0x00ce94b3) sll     s1, t4, a2
core   0: 3 0x80003b62 (0x00ce94b3) x9  0x00008000
core   0: 0x80003b66 (0x00000d89) c.addi  s11, 2
core   0: 3 0x80003b66 (0x0d89) x27 0x00000000
core   0: 0x80003b68 (0x00422fb3) slt     t6, tp, tp
core   0: 3 0x80003b68 (0x00422fb3) x31 0x00000000
core   0: 0x80003b6c (0x000045a1) c.li    a1, 8
core   0: 3 0x80003b6c (0x45a1) x11 0x00000008
core   0: 0x80003b6e (0x0000717d) c.addi16sp sp, -16
core   0: 3 0x80003b6e (0x717d) x2  0xffffffef
core   0: 0x80003b70 (0x00005cb5) c.li    s9, -19
core   0: 3 0x80003b70 (0x5cb5) x25 0xffffffed
core   0: 0x80003b72 (0x7b0d6293) ori     t0, s10, 1968
core   0: 3 0x80003b72 (0x7b0d6293) x5  0xffffffff
core   0: 0x80003b76 (0x0000597d) c.li    s2, -1
core   0: 3 0x80003b76 (0x597d) x18 0xffffffff
core   0: 0x80003b78 (0x00954eb3) xor     t4, a0, s1
core   0: 3 0x80003b78 (0x00954eb3) x29 0x0000800d
core   0: 0x80003b7c (0x000015d9) c.addi  a1, -10
core   0: 3 0x80003b7c (0x15d9) x11 0xfffffffe
core   0: 0x80003b7e (0x02401bb3) mulh    s7, zero, tp
core   0: 3 0x80003b7e (0x02401bb3) x23 0x00000000
core   0: 0x80003b82 (0x3cf78a97) auipc   s5, 0x3cf78
core   0: 3 0x80003b82 (0x3cf78a97) x21 0xbcf7bb82
core   0: 0x80003b86 (0x00008fb9) c.xor   a5, a4
core   0: 3 0x80003b86 (0x8fb9) x15 0xffffffff
core   0: 0x80003b88 (0xff95d5e3) bge     a1, s9, pc - 22
core   0: 3 0x80003b88 (0xff95d5e3)
core   0: 0x80003b72 (0x7b0d6293) ori     t0, s10, 1968
core   0: 3 0x80003b72 (0x7b0d6293) x5  0xffffffff
core   0: 0x80003b76 (0x0000597d) c.li    s2, -1
core   0: 3 0x80003b76 (0x597d) x18 0xffffffff
core   0: 0x80003b78 (0x00954eb3) xor     t4, a0, s1
core   0: 3 0x80003b78 (0x00954eb3) x29 0x0000800d
core   0: 0x80003b7c (0x000015d9) c.addi  a1, -10
core   0: 3 0x80003b7c (0x15d9) x11 0xfffffff4
core   0: 0x80003b7e (0x02401bb3) mulh    s7, zero, tp
core   0: 3 0x80003b7e (0x02401bb3) x23 0x00000000
core   0: 0x80003b82 (0x3cf78a97) auipc   s5, 0x3cf78
core   0: 3 0x80003b82 (0x3cf78a97) x21 0xbcf7bb82
core   0: 0x80003b86 (0x00008fb9) c.xor   a5, a4
core   0: 3 0x80003b86 (0x8fb9) x15 0x00000002
core   0: 0x80003b88 (0xff95d5e3) bge     a1, s9, pc - 22
core   0: 3 0x80003b88 (0xff95d5e3)
core   0: 0x80003b72 (0x7b0d6293) ori     t0, s10, 1968
core   0: 3 0x80003b72 (0x7b0d6293) x5  0xffffffff
core   0: 0x80003b76 (0x0000597d) c.li    s2, -1
core   0: 3 0x80003b76 (0x597d) x18 0xffffffff
core   0: 0x80003b78 (0x00954eb3) xor     t4, a0, s1
core   0: 3 0x80003b78 (0x00954eb3) x29 0x0000800d
core   0: 0x80003b7c (0x000015d9) c.addi  a1, -10
core   0: 3 0x80003b7c (0x15d9) x11 0xffffffea
core   0: 0x80003b7e (0x02401bb3) mulh    s7, zero, tp
core   0: 3 0x80003b7e (0x02401bb3) x23 0x00000000
core   0: 0x80003b82 (0x3cf78a97) auipc   s5, 0x3cf78
core   0: 3 0x80003b82 (0x3cf78a97) x21 0xbcf7bb82
core   0: 0x80003b86 (0x00008fb9) c.xor   a5, a4
core   0: 3 0x80003b86 (0x8fb9) x15 0xffffffff
core   0: 0x80003b88 (0xff95d5e3) bge     a1, s9, pc - 22
core   0: 3 0x80003b88 (0xff95d5e3)
core   0: 0x80003b8c (0x02a01eb3) mulh    t4, zero, a0
core   0: 3 0x80003b8c (0x02a01eb3) x29 0x00000000
core   0: 0x80003b90 (0x41c4d893) srai    a7, s1, 28
core   0: 3 0x80003b90 (0x41c4d893) x17 0x00000000
core   0: 0x80003b94 (0x417b0e33) sub     t3, s6, s7
core   0: 3 0x80003b94 (0x417b0e33) x28 0xffffffff
core   0: 0x80003b98 (0x002f24b3) slt     s1, t5, sp
core   0: 3 0x80003b98 (0x002f24b3) x9  0x00000000
core   0: 0x80003b9c (0xfb4dede3) bltu    s11, s4, pc - 70
core   0: 3 0x80003b9c (0xfb4dede3)
core   0: 0x80003b56 (0x002fc633) xor     a2, t6, sp
core   0: 3 0x80003b56 (0x002fc633) x12 0xffffffef
core   0: 0x80003b5a (0x00000910) c.addi4spn a2, sp, 144
core   0: 3 0x80003b5a (0x0910) x12 0x0000007f
core   0: 0x80003b5c (0x034d9d33) mulh    s10, s11, s4
core   0: 3 0x80003b5c (0x034d9d33) x26 0x00000000
core   0: 0x80003b60 (0x00008785) c.srai  a5, 1
core   0: 3 0x80003b60 (0x8785) x15 0xffffffff
core   0: 0x80003b62 (0x00ce94b3) sll     s1, t4, a2
core   0: 3 0x80003b62 (0x00ce94b3) x9  0x00000000
core   0: 0x80003b66 (0x00000d89) c.addi  s11, 2
core   0: 3 0x80003b66 (0x0d89) x27 0x00000002
core   0: 0x80003b68 (0x00422fb3) slt     t6, tp, tp
core   0: 3 0x80003b68 (0x00422fb3) x31 0x00000000
core   0: 0x80003b6c (0x000045a1) c.li    a1, 8
core   0: 3 0x80003b6c (0x45a1) x11 0x00000008
core   0: 0x80003b6e (0x0000717d) c.addi16sp sp, -16
core   0: 3 0x80003b6e (0x717d) x2  0xffffffdf
core   0: 0x80003b70 (0x00005cb5) c.li    s9, -19
core   0: 3 0x80003b70 (0x5cb5) x25 0xffffffed
core   0: 0x80003b72 (0x7b0d6293) ori     t0, s10, 1968
core   0: 3 0x80003b72 (0x7b0d6293) x5  0x000007b0
core   0: 0x80003b76 (0x0000597d) c.li    s2, -1
core   0: 3 0x80003b76 (0x597d) x18 0xffffffff
core   0: 0x80003b78 (0x00954eb3) xor     t4, a0, s1
core   0: 3 0x80003b78 (0x00954eb3) x29 0x0000000d
core   0: 0x80003b7c (0x000015d9) c.addi  a1, -10
core   0: 3 0x80003b7c (0x15d9) x11 0xfffffffe
core   0: 0x80003b7e (0x02401bb3) mulh    s7, zero, tp
core   0: 3 0x80003b7e (0x02401bb3) x23 0x00000000
core   0: 0x80003b82 (0x3cf78a97) auipc   s5, 0x3cf78
core   0: 3 0x80003b82 (0x3cf78a97) x21 0xbcf7bb82
core   0: 0x80003b86 (0x00008fb9) c.xor   a5, a4
core   0: 3 0x80003b86 (0x8fb9) x15 0x00000002
core   0: 0x80003b88 (0xff95d5e3) bge     a1, s9, pc - 22
core   0: 3 0x80003b88 (0xff95d5e3)
core   0: 0x80003b72 (0x7b0d6293) ori     t0, s10, 1968
core   0: 3 0x80003b72 (0x7b0d6293) x5  0x000007b0
core   0: 0x80003b76 (0x0000597d) c.li    s2, -1
core   0: 3 0x80003b76 (0x597d) x18 0xffffffff
core   0: 0x80003b78 (0x00954eb3) xor     t4, a0, s1
core   0: 3 0x80003b78 (0x00954eb3) x29 0x0000000d
core   0: 0x80003b7c (0x000015d9) c.addi  a1, -10
core   0: 3 0x80003b7c (0x15d9) x11 0xfffffff4
core   0: 0x80003b7e (0x02401bb3) mulh    s7, zero, tp
core   0: 3 0x80003b7e (0x02401bb3) x23 0x00000000
core   0: 0x80003b82 (0x3cf78a97) auipc   s5, 0x3cf78
core   0: 3 0x80003b82 (0x3cf78a97) x21 0xbcf7bb82
core   0: 0x80003b86 (0x00008fb9) c.xor   a5, a4
core   0: 3 0x80003b86 (0x8fb9) x15 0xffffffff
core   0: 0x80003b88 (0xff95d5e3) bge     a1, s9, pc - 22
core   0: 3 0x80003b88 (0xff95d5e3)
core   0: 0x80003b72 (0x7b0d6293) ori     t0, s10, 1968
core   0: 3 0x80003b72 (0x7b0d6293) x5  0x000007b0
core   0: 0x80003b76 (0x0000597d) c.li    s2, -1
core   0: 3 0x80003b76 (0x597d) x18 0xffffffff
core   0: 0x80003b78 (0x00954eb3) xor     t4, a0, s1
core   0: 3 0x80003b78 (0x00954eb3) x29 0x0000000d
core   0: 0x80003b7c (0x000015d9) c.addi  a1, -10
core   0: 3 0x80003b7c (0x15d9) x11 0xffffffea
core   0: 0x80003b7e (0x02401bb3) mulh    s7, zero, tp
core   0: 3 0x80003b7e (0x02401bb3) x23 0x00000000
core   0: 0x80003b82 (0x3cf78a97) auipc   s5, 0x3cf78
core   0: 3 0x80003b82 (0x3cf78a97) x21 0xbcf7bb82
core   0: 0x80003b86 (0x00008fb9) c.xor   a5, a4
core   0: 3 0x80003b86 (0x8fb9) x15 0x00000002
core   0: 0x80003b88 (0xff95d5e3) bge     a1, s9, pc - 22
core   0: 3 0x80003b88 (0xff95d5e3)
core   0: 0x80003b8c (0x02a01eb3) mulh    t4, zero, a0
core   0: 3 0x80003b8c (0x02a01eb3) x29 0x00000000
core   0: 0x80003b90 (0x41c4d893) srai    a7, s1, 28
core   0: 3 0x80003b90 (0x41c4d893) x17 0x00000000
core   0: 0x80003b94 (0x417b0e33) sub     t3, s6, s7
core   0: 3 0x80003b94 (0x417b0e33) x28 0xffffffff
core   0: 0x80003b98 (0x002f24b3) slt     s1, t5, sp
core   0: 3 0x80003b98 (0x002f24b3) x9  0x00000000
core   0: 0x80003b9c (0xfb4dede3) bltu    s11, s4, pc - 70
core   0: 3 0x80003b9c (0xfb4dede3)
core   0: 0x80003b56 (0x002fc633) xor     a2, t6, sp
core   0: 3 0x80003b56 (0x002fc633) x12 0xffffffdf
core   0: 0x80003b5a (0x00000910) c.addi4spn a2, sp, 144
core   0: 3 0x80003b5a (0x0910) x12 0x0000006f
core   0: 0x80003b5c (0x034d9d33) mulh    s10, s11, s4
core   0: 3 0x80003b5c (0x034d9d33) x26 0x00000000
core   0: 0x80003b60 (0x00008785) c.srai  a5, 1
core   0: 3 0x80003b60 (0x8785) x15 0x00000001
core   0: 0x80003b62 (0x00ce94b3) sll     s1, t4, a2
core   0: 3 0x80003b62 (0x00ce94b3) x9  0x00000000
core   0: 0x80003b66 (0x00000d89) c.addi  s11, 2
core   0: 3 0x80003b66 (0x0d89) x27 0x00000004
core   0: 0x80003b68 (0x00422fb3) slt     t6, tp, tp
core   0: 3 0x80003b68 (0x00422fb3) x31 0x00000000
core   0: 0x80003b6c (0x000045a1) c.li    a1, 8
core   0: 3 0x80003b6c (0x45a1) x11 0x00000008
core   0: 0x80003b6e (0x0000717d) c.addi16sp sp, -16
core   0: 3 0x80003b6e (0x717d) x2  0xffffffcf
core   0: 0x80003b70 (0x00005cb5) c.li    s9, -19
core   0: 3 0x80003b70 (0x5cb5) x25 0xffffffed
core   0: 0x80003b72 (0x7b0d6293) ori     t0, s10, 1968
core   0: 3 0x80003b72 (0x7b0d6293) x5  0x000007b0
core   0: 0x80003b76 (0x0000597d) c.li    s2, -1
core   0: 3 0x80003b76 (0x597d) x18 0xffffffff
core   0: 0x80003b78 (0x00954eb3) xor     t4, a0, s1
core   0: 3 0x80003b78 (0x00954eb3) x29 0x0000000d
core   0: 0x80003b7c (0x000015d9) c.addi  a1, -10
core   0: 3 0x80003b7c (0x15d9) x11 0xfffffffe
core   0: 0x80003b7e (0x02401bb3) mulh    s7, zero, tp
core   0: 3 0x80003b7e (0x02401bb3) x23 0x00000000
core   0: 0x80003b82 (0x3cf78a97) auipc   s5, 0x3cf78
core   0: 3 0x80003b82 (0x3cf78a97) x21 0xbcf7bb82
core   0: 0x80003b86 (0x00008fb9) c.xor   a5, a4
core   0: 3 0x80003b86 (0x8fb9) x15 0xfffffffc
core   0: 0x80003b88 (0xff95d5e3) bge     a1, s9, pc - 22
core   0: 3 0x80003b88 (0xff95d5e3)
core   0: 0x80003b72 (0x7b0d6293) ori     t0, s10, 1968
core   0: 3 0x80003b72 (0x7b0d6293) x5  0x000007b0
core   0: 0x80003b76 (0x0000597d) c.li    s2, -1
core   0: 3 0x80003b76 (0x597d) x18 0xffffffff
core   0: 0x80003b78 (0x00954eb3) xor     t4, a0, s1
core   0: 3 0x80003b78 (0x00954eb3) x29 0x0000000d
core   0: 0x80003b7c (0x000015d9) c.addi  a1, -10
core   0: 3 0x80003b7c (0x15d9) x11 0xfffffff4
core   0: 0x80003b7e (0x02401bb3) mulh    s7, zero, tp
core   0: 3 0x80003b7e (0x02401bb3) x23 0x00000000
core   0: 0x80003b82 (0x3cf78a97) auipc   s5, 0x3cf78
core   0: 3 0x80003b82 (0x3cf78a97) x21 0xbcf7bb82
core   0: 0x80003b86 (0x00008fb9) c.xor   a5, a4
core   0: 3 0x80003b86 (0x8fb9) x15 0x00000001
core   0: 0x80003b88 (0xff95d5e3) bge     a1, s9, pc - 22
core   0: 3 0x80003b88 (0xff95d5e3)
core   0: 0x80003b72 (0x7b0d6293) ori     t0, s10, 1968
core   0: 3 0x80003b72 (0x7b0d6293) x5  0x000007b0
core   0: 0x80003b76 (0x0000597d) c.li    s2, -1
core   0: 3 0x80003b76 (0x597d) x18 0xffffffff
core   0: 0x80003b78 (0x00954eb3) xor     t4, a0, s1
core   0: 3 0x80003b78 (0x00954eb3) x29 0x0000000d
core   0: 0x80003b7c (0x000015d9) c.addi  a1, -10
core   0: 3 0x80003b7c (0x15d9) x11 0xffffffea
core   0: 0x80003b7e (0x02401bb3) mulh    s7, zero, tp
core   0: 3 0x80003b7e (0x02401bb3) x23 0x00000000
core   0: 0x80003b82 (0x3cf78a97) auipc   s5, 0x3cf78
core   0: 3 0x80003b82 (0x3cf78a97) x21 0xbcf7bb82
core   0: 0x80003b86 (0x00008fb9) c.xor   a5, a4
core   0: 3 0x80003b86 (0x8fb9) x15 0xfffffffc
core   0: 0x80003b88 (0xff95d5e3) bge     a1, s9, pc - 22
core   0: 3 0x80003b88 (0xff95d5e3)
core   0: 0x80003b8c (0x02a01eb3) mulh    t4, zero, a0
core   0: 3 0x80003b8c (0x02a01eb3) x29 0x00000000
core   0: 0x80003b90 (0x41c4d893) srai    a7, s1, 28
core   0: 3 0x80003b90 (0x41c4d893) x17 0x00000000
core   0: 0x80003b94 (0x417b0e33) sub     t3, s6, s7
core   0: 3 0x80003b94 (0x417b0e33) x28 0xffffffff
core   0: 0x80003b98 (0x002f24b3) slt     s1, t5, sp
core   0: 3 0x80003b98 (0x002f24b3) x9  0x00000000
core   0: 0x80003b9c (0xfb4dede3) bltu    s11, s4, pc - 70
core   0: 3 0x80003b9c (0xfb4dede3)
core   0: 0x80003b56 (0x002fc633) xor     a2, t6, sp
core   0: 3 0x80003b56 (0x002fc633) x12 0xffffffcf
core   0: 0x80003b5a (0x00000910) c.addi4spn a2, sp, 144
core   0: 3 0x80003b5a (0x0910) x12 0x0000005f
core   0: 0x80003b5c (0x034d9d33) mulh    s10, s11, s4
core   0: 3 0x80003b5c (0x034d9d33) x26 0x00000000
core   0: 0x80003b60 (0x00008785) c.srai  a5, 1
core   0: 3 0x80003b60 (0x8785) x15 0xfffffffe
core   0: 0x80003b62 (0x00ce94b3) sll     s1, t4, a2
core   0: 3 0x80003b62 (0x00ce94b3) x9  0x00000000
core   0: 0x80003b66 (0x00000d89) c.addi  s11, 2
core   0: 3 0x80003b66 (0x0d89) x27 0x00000006
core   0: 0x80003b68 (0x00422fb3) slt     t6, tp, tp
core   0: 3 0x80003b68 (0x00422fb3) x31 0x00000000
core   0: 0x80003b6c (0x000045a1) c.li    a1, 8
core   0: 3 0x80003b6c (0x45a1) x11 0x00000008
core   0: 0x80003b6e (0x0000717d) c.addi16sp sp, -16
core   0: 3 0x80003b6e (0x717d) x2  0xffffffbf
core   0: 0x80003b70 (0x00005cb5) c.li    s9, -19
core   0: 3 0x80003b70 (0x5cb5) x25 0xffffffed
core   0: 0x80003b72 (0x7b0d6293) ori     t0, s10, 1968
core   0: 3 0x80003b72 (0x7b0d6293) x5  0x000007b0
core   0: 0x80003b76 (0x0000597d) c.li    s2, -1
core   0: 3 0x80003b76 (0x597d) x18 0xffffffff
core   0: 0x80003b78 (0x00954eb3) xor     t4, a0, s1
core   0: 3 0x80003b78 (0x00954eb3) x29 0x0000000d
core   0: 0x80003b7c (0x000015d9) c.addi  a1, -10
core   0: 3 0x80003b7c (0x15d9) x11 0xfffffffe
core   0: 0x80003b7e (0x02401bb3) mulh    s7, zero, tp
core   0: 3 0x80003b7e (0x02401bb3) x23 0x00000000
core   0: 0x80003b82 (0x3cf78a97) auipc   s5, 0x3cf78
core   0: 3 0x80003b82 (0x3cf78a97) x21 0xbcf7bb82
core   0: 0x80003b86 (0x00008fb9) c.xor   a5, a4
core   0: 3 0x80003b86 (0x8fb9) x15 0x00000003
core   0: 0x80003b88 (0xff95d5e3) bge     a1, s9, pc - 22
core   0: 3 0x80003b88 (0xff95d5e3)
core   0: 0x80003b72 (0x7b0d6293) ori     t0, s10, 1968
core   0: 3 0x80003b72 (0x7b0d6293) x5  0x000007b0
core   0: 0x80003b76 (0x0000597d) c.li    s2, -1
core   0: 3 0x80003b76 (0x597d) x18 0xffffffff
core   0: 0x80003b78 (0x00954eb3) xor     t4, a0, s1
core   0: 3 0x80003b78 (0x00954eb3) x29 0x0000000d
core   0: 0x80003b7c (0x000015d9) c.addi  a1, -10
core   0: 3 0x80003b7c (0x15d9) x11 0xfffffff4
core   0: 0x80003b7e (0x02401bb3) mulh    s7, zero, tp
core   0: 3 0x80003b7e (0x02401bb3) x23 0x00000000
core   0: 0x80003b82 (0x3cf78a97) auipc   s5, 0x3cf78
core   0: 3 0x80003b82 (0x3cf78a97) x21 0xbcf7bb82
core   0: 0x80003b86 (0x00008fb9) c.xor   a5, a4
core   0: 3 0x80003b86 (0x8fb9) x15 0xfffffffe
core   0: 0x80003b88 (0xff95d5e3) bge     a1, s9, pc - 22
core   0: 3 0x80003b88 (0xff95d5e3)
core   0: 0x80003b72 (0x7b0d6293) ori     t0, s10, 1968
core   0: 3 0x80003b72 (0x7b0d6293) x5  0x000007b0
core   0: 0x80003b76 (0x0000597d) c.li    s2, -1
core   0: 3 0x80003b76 (0x597d) x18 0xffffffff
core   0: 0x80003b78 (0x00954eb3) xor     t4, a0, s1
core   0: 3 0x80003b78 (0x00954eb3) x29 0x0000000d
core   0: 0x80003b7c (0x000015d9) c.addi  a1, -10
core   0: 3 0x80003b7c (0x15d9) x11 0xffffffea
core   0: 0x80003b7e (0x02401bb3) mulh    s7, zero, tp
core   0: 3 0x80003b7e (0x02401bb3) x23 0x00000000
core   0: 0x80003b82 (0x3cf78a97) auipc   s5, 0x3cf78
core   0: 3 0x80003b82 (0x3cf78a97) x21 0xbcf7bb82
core   0: 0x80003b86 (0x00008fb9) c.xor   a5, a4
core   0: 3 0x80003b86 (0x8fb9) x15 0x00000003
core   0: 0x80003b88 (0xff95d5e3) bge     a1, s9, pc - 22
core   0: 3 0x80003b88 (0xff95d5e3)
core   0: 0x80003b8c (0x02a01eb3) mulh    t4, zero, a0
core   0: 3 0x80003b8c (0x02a01eb3) x29 0x00000000
core   0: 0x80003b90 (0x41c4d893) srai    a7, s1, 28
core   0: 3 0x80003b90 (0x41c4d893) x17 0x00000000
core   0: 0x80003b94 (0x417b0e33) sub     t3, s6, s7
core   0: 3 0x80003b94 (0x417b0e33) x28 0xffffffff
core   0: 0x80003b98 (0x002f24b3) slt     s1, t5, sp
core   0: 3 0x80003b98 (0x002f24b3) x9  0x00000000
core   0: 0x80003b9c (0xfb4dede3) bltu    s11, s4, pc - 70
core   0: 3 0x80003b9c (0xfb4dede3)
core   0: 0x80003ba0 (0xc511b3b7) lui     t2, 0xc511b
core   0: 3 0x80003ba0 (0xc511b3b7) x7  0xc511b000
core   0: 0x80003ba4 (0x00004609) c.li    a2, 2
core   0: 3 0x80003ba4 (0x4609) x12 0x00000002
core   0: 0x80003ba6 (0x00b7c233) xor     tp, a5, a1
core   0: 3 0x80003ba6 (0x00b7c233) x4  0xffffffe9
core   0: 0x80003baa (0x00004199) c.li    gp, 6
core   0: 3 0x80003baa (0x4199) x3  0x00000006
core   0: 0x80003bac (0xf2c8de37) lui     t3, 0xf2c8d
core   0: 3 0x80003bac (0xf2c8de37) x28 0xf2c8d000
core   0: 0x80003bb0 (0x00009b4a) c.add   s6, s2
core   0: 3 0x80003bb0 (0x9b4a) x22 0xfffffffe
core   0: 0x80003bb2 (0x00008dea) c.mv    s11, s10
core   0: 3 0x80003bb2 (0x8dea) x27 0x00000000
core   0: 0x80003bb4 (0x0378a833) mulhsu  a6, a7, s7
core   0: 3 0x80003bb4 (0x0378a833) x16 0x00000000
core   0: 0x80003bb8 (0x0000587d) c.li    a6, -1
core   0: 3 0x80003bb8 (0x587d) x16 0xffffffff
core   0: 0x80003bba (0x03d3c533) div     a0, t2, t4
core   0: 3 0x80003bba (0x03d3c533) x10 0xffffffff
core   0: 0x80003bbe (0x01175f93) srli    t6, a4, 17
core   0: 3 0x80003bbe (0x01175f93) x31 0x00007fff
core   0: 0x80003bc2 (0x0158e233) or      tp, a7, s5
core   0: 3 0x80003bc2 (0x0158e233) x4  0xbcf7bb82
core   0: 0x80003bc6 (0x00000605) c.addi  a2, 1
core   0: 3 0x80003bc6 (0x0605) x12 0x00000003
core   0: 0x80003bc8 (0x0380ee33) rem     t3, ra, s8
core   0: 3 0x80003bc8 (0x0380ee33) x28 0x00000001
core   0: 0x80003bcc (0x0000880e) c.mv    a6, gp
core   0: 3 0x80003bcc (0x880e) x16 0x00000006
core   0: 0x80003bce (0xfe3602e3) beq     a2, gp, pc - 28
core   0: 3 0x80003bce (0xfe3602e3)
core   0: 0x80003bd2 (0x00006bc1) c.lui   s7, 0x10
core   0: 3 0x80003bd2 (0x6bc1) x23 0x00010000
core   0: 0x80003bd4 (0x000057d9) c.li    a5, -10
core   0: 3 0x80003bd4 (0x57d9) x15 0xfffffff6
core   0: 0x80003bd6 (0x000042b9) c.li    t0, 14
core   0: 3 0x80003bd6 (0x42b9) x5  0x0000000e
core   0: 0x80003bd8 (0xca373913) sltiu   s2, a4, -861
core   0: 3 0x80003bd8 (0xca373913) x18 0x00000000
core   0: 0x80003bdc (0x000007a1) c.addi  a5, 8
core   0: 3 0x80003bdc (0x07a1) x15 0xfffffffe
core   0: 0x80003bde (0x00004d29) c.li    s10, 10
core   0: 3 0x80003bde (0x4d29) x26 0x0000000a
core   0: 0x80003be0 (0x00004aa9) c.li    s5, 10
core   0: 3 0x80003be0 (0x4aa9) x21 0x0000000a
core   0: 0x80003be2 (0x47683097) auipc   ra, 0x47683
core   0: 3 0x80003be2 (0x47683097) x1  0xc7686be2
core   0: 0x80003be6 (0x00001d69) c.addi  s10, -6
core   0: 3 0x80003be6 (0x1d69) x26 0x00000004
core   0: 0x80003be8 (0xff5d5de3) bge     s10, s5, pc - 6
core   0: 3 0x80003be8 (0xff5d5de3)
core   0: 0x80003bec (0xfe57e6e3) bltu    a5, t0, pc - 20
core   0: 3 0x80003bec (0xfe57e6e3)
core   0: 0x80003bf0 (0x031d71b3) remu    gp, s10, a7
core   0: 3 0x80003bf0 (0x031d71b3) x3  0x00000004
core   0: 0x80003bf4 (0x0000537d) c.li    t1, -1
core   0: 3 0x80003bf4 (0x537d) x6  0xffffffff
core   0: 0x80003bf6 (0x00b04033) xor     zero, zero, a1
core   0: 3 0x80003bf6 (0x00b04033)
core   0: 0x80003bfa (0x02d0d933) divu    s2, ra, a3
core   0: 3 0x80003bfa (0x02d0d933) x18 0x00000001
core   0: 0x80003bfe (0x00004115) c.li    sp, 5
core   0: 3 0x80003bfe (0x4115) x2  0x00000005
core   0: 0x80003c00 (0x00000001) c.nop
core   0: 3 0x80003c00 (0x0001)
core   0: 0x80003c02 (0x026ef0b3) remu    ra, t4, t1
core   0: 3 0x80003c02 (0x026ef0b3) x1  0x00000000
core   0: 0x80003c06 (0x0000031d) c.addi  t1, 7
core   0: 3 0x80003c06 (0x031d) x6  0x00000006
core   0: 0x80003c08 (0x00000c96) c.slli  s9, 5
core   0: 3 0x80003c08 (0x0c96) x25 0xfffffda0
core   0: 0x80003c0a (0xfe236be3) bltu    t1, sp, pc - 10
core   0: 3 0x80003c0a (0xfe236be3)
core   0: 0x80003c0e (0x029b6b33) rem     s6, s6, s1
core   0: 3 0x80003c0e (0x029b6b33) x22 0xfffffffe
core   0: 0x80003c12 (0x00004529) c.li    a0, 10
core   0: 3 0x80003c12 (0x4529) x10 0x0000000a
core   0: 0x80003c14 (0x00009d92) c.add   s11, tp
core   0: 3 0x80003c14 (0x9d92) x27 0xbcf7bb82
core   0: 0x80003c16 (0x010e7db3) and     s11, t3, a6
core   0: 3 0x80003c16 (0x010e7db3) x27 0x00000000
core   0: 0x80003c1a (0x0bb9be13) sltiu   t3, s3, 187
core   0: 3 0x80003c1a (0x0bb9be13) x28 0x00000000
core   0: 0x80003c1e (0x00005cd9) c.li    s9, -10
core   0: 3 0x80003c1e (0x5cd9) x25 0xfffffff6
core   0: 0x80003c20 (0x5ce2f793) andi    a5, t0, 1486
core   0: 3 0x80003c20 (0x5ce2f793) x15 0x0000000e
core   0: 0x80003c24 (0x01b26a33) or      s4, tp, s11
core   0: 3 0x80003c24 (0x01b26a33) x20 0xbcf7bb82
core   0: 0x80003c28 (0x00008f61) c.and   a4, s0
core   0: 3 0x80003c28 (0x8f61) x14 0x80029ce4
core   0: 0x80003c2a (0x696e67b7) lui     a5, 0x696e6
core   0: 3 0x80003c2a (0x696e67b7) x15 0x696e6000
core   0: 0x80003c2e (0x00008741) c.srai  a4, 16
core   0: 3 0x80003c2e (0x8741) x14 0xffff8002
core   0: 0x80003c30 (0x00006e3d) c.lui   t3, 0xf
core   0: 3 0x80003c30 (0x6e3d) x28 0x0000f000
core   0: 0x80003c32 (0x426cff37) lui     t5, 0x426cf
core   0: 3 0x80003c32 (0x426cff37) x30 0x426cf000
core   0: 0x80003c36 (0x0000156d) c.addi  a0, -5
core   0: 3 0x80003c36 (0x156d) x10 0x00000005
core   0: 0x80003c38 (0x000055dd) c.li    a1, -9
core   0: 3 0x80003c38 (0x55dd) x11 0xfffffff7
core   0: 0x80003c3a (0x00001c1c) c.addi4spn a5, sp, 560
core   0: 3 0x80003c3a (0x1c1c) x15 0x00000235
core   0: 0x80003c3c (0x0324ba33) mulhu   s4, s1, s2
core   0: 3 0x80003c3c (0x0324ba33) x20 0x00000000
core   0: 0x80003c40 (0x0000462d) c.li    a2, 11
core   0: 3 0x80003c40 (0x462d) x12 0x0000000b
core   0: 0x80003c42 (0x00006165) c.addi16sp sp, 112
core   0: 3 0x80003c42 (0x6165) x2  0x00000075
core   0: 0x80003c44 (0x00000001) c.nop
core   0: 3 0x80003c44 (0x0001)
core   0: 0x80003c46 (0x67adc193) xori    gp, s11, 1658
core   0: 3 0x80003c46 (0x67adc193) x3  0x0000067a
core   0: 0x80003c4a (0x00000595) c.addi  a1, 5
core   0: 3 0x80003c4a (0x0595) x11 0xfffffffc
core   0: 0x80003c4c (0x0ab80713) addi    a4, a6, 171
core   0: 3 0x80003c4c (0x0ab80713) x14 0x000000b1
core   0: 0x80003c50 (0x01449293) slli    t0, s1, 20
core   0: 3 0x80003c50 (0x01449293) x5  0x00000000
core   0: 0x80003c54 (0xfec5c9e3) blt     a1, a2, pc - 14
core   0: 3 0x80003c54 (0xfec5c9e3)
core   0: 0x80003c46 (0x67adc193) xori    gp, s11, 1658
core   0: 3 0x80003c46 (0x67adc193) x3  0x0000067a
core   0: 0x80003c4a (0x00000595) c.addi  a1, 5
core   0: 3 0x80003c4a (0x0595) x11 0x00000001
core   0: 0x80003c4c (0x0ab80713) addi    a4, a6, 171
core   0: 3 0x80003c4c (0x0ab80713) x14 0x000000b1
core   0: 0x80003c50 (0x01449293) slli    t0, s1, 20
core   0: 3 0x80003c50 (0x01449293) x5  0x00000000
core   0: 0x80003c54 (0xfec5c9e3) blt     a1, a2, pc - 14
core   0: 3 0x80003c54 (0xfec5c9e3)
core   0: 0x80003c46 (0x67adc193) xori    gp, s11, 1658
core   0: 3 0x80003c46 (0x67adc193) x3  0x0000067a
core   0: 0x80003c4a (0x00000595) c.addi  a1, 5
core   0: 3 0x80003c4a (0x0595) x11 0x00000006
core   0: 0x80003c4c (0x0ab80713) addi    a4, a6, 171
core   0: 3 0x80003c4c (0x0ab80713) x14 0x000000b1
core   0: 0x80003c50 (0x01449293) slli    t0, s1, 20
core   0: 3 0x80003c50 (0x01449293) x5  0x00000000
core   0: 0x80003c54 (0xfec5c9e3) blt     a1, a2, pc - 14
core   0: 3 0x80003c54 (0xfec5c9e3)
core   0: 0x80003c46 (0x67adc193) xori    gp, s11, 1658
core   0: 3 0x80003c46 (0x67adc193) x3  0x0000067a
core   0: 0x80003c4a (0x00000595) c.addi  a1, 5
core   0: 3 0x80003c4a (0x0595) x11 0x0000000b
core   0: 0x80003c4c (0x0ab80713) addi    a4, a6, 171
core   0: 3 0x80003c4c (0x0ab80713) x14 0x000000b1
core   0: 0x80003c50 (0x01449293) slli    t0, s1, 20
core   0: 3 0x80003c50 (0x01449293) x5  0x00000000
core   0: 0x80003c54 (0xfec5c9e3) blt     a1, a2, pc - 14
core   0: 3 0x80003c54 (0xfec5c9e3)
core   0: 0x80003c58 (0x012a2ab3) slt     s5, s4, s2
core   0: 3 0x80003c58 (0x012a2ab3) x21 0x00000001
core   0: 0x80003c5c (0x416382b3) sub     t0, t2, s6
core   0: 3 0x80003c5c (0x416382b3) x5  0xc511b002
core   0: 0x80003c60 (0x000088c1) c.andi  s1, 16
core   0: 3 0x80003c60 (0x88c1) x9  0x00000000
core   0: 0x80003c62 (0xfb950fe3) beq     a0, s9, pc - 66
core   0: 3 0x80003c62 (0xfb950fe3)
core   0: 0x80003c66 (0x0000717d) c.addi16sp sp, -16
core   0: 3 0x80003c66 (0x717d) x2  0x00000065
core   0: 0x80003c68 (0x000047a5) c.li    a5, 9
core   0: 3 0x80003c68 (0x47a5) x15 0x00000009
core   0: 0x80003c6a (0x40fc52b3) sra     t0, s8, a5
core   0: 3 0x80003c6a (0x40fc52b3) x5  0xfffdd191
core   0: 0x80003c6e (0x00004925) c.li    s2, 9
core   0: 3 0x80003c6e (0x4925) x18 0x00000009
core   0: 0x80003c70 (0xfc7ab193) sltiu   gp, s5, -57
core   0: 3 0x80003c70 (0xfc7ab193) x3  0x00000001
core   0: 0x80003c74 (0x00008255) c.srli  a2, 21
core   0: 3 0x80003c74 (0x8255) x12 0x00000000
core   0: 0x80003c76 (0x01a57133) and     sp, a0, s10
core   0: 3 0x80003c76 (0x01a57133) x2  0x00000004
core   0: 0x80003c7a (0x4002d993) srai    s3, t0, 0
core   0: 3 0x80003c7a (0x4002d993) x19 0xfffdd191
core   0: 0x80003c7e (0x000017fd) c.addi  a5, -1
core   0: 3 0x80003c7e (0x17fd) x15 0x00000008
core   0: 0x80003c80 (0x00008609) c.srai  a2, 2
core   0: 3 0x80003c80 (0x8609) x12 0x00000000
core   0: 0x80003c82 (0x00000829) c.addi  a6, 10
core   0: 3 0x80003c82 (0x0829) x16 0x00000010
core   0: 0x80003c84 (0x01f5b3b3) sltu    t2, a1, t6
core   0: 3 0x80003c84 (0x01f5b3b3) x7  0x00000001
core   0: 0x80003c88 (0x0303bfb3) mulhu   t6, t2, a6
core   0: 3 0x80003c88 (0x0303bfb3) x31 0x00000000
core   0: 0x80003c8c (0x00004519) c.li    a0, 6
core   0: 3 0x80003c8c (0x4519) x10 0x00000006
core   0: 0x80003c8e (0x00000001) c.nop
core   0: 3 0x80003c8e (0x0001)
core   0: 0x80003c90 (0x00000001) c.nop
core   0: 3 0x80003c90 (0x0001)
core   0: 0x80003c92 (0x13bbcb93) xori    s7, s7, 315
core   0: 3 0x80003c92 (0x13bbcb93) x23 0x0001013b
core   0: 0x80003c96 (0x00008595) c.srai  a1, 5
core   0: 3 0x80003c96 (0x8595) x11 0x00000000
core   0: 0x80003c98 (0x00006f09) c.lui   t5, 0x2
core   0: 3 0x80003c98 (0x6f09) x30 0x00002000
core   0: 0x80003c9a (0xf5f86213) ori     tp, a6, -161
core   0: 3 0x80003c9a (0xf5f86213) x4  0xffffff5f
core   0: 0x80003c9e (0x03d6cb33) div     s6, a3, t4
core   0: 3 0x80003c9e (0x03d6cb33) x22 0xffffffff
core   0: 0x80003ca2 (0x00001579) c.addi  a0, -2
core   0: 3 0x80003ca2 (0x1579) x10 0x00000004
core   0: 0x80003ca4 (0xea21a817) auipc   a6, 0xea21a
core   0: 3 0x80003ca4 (0xea21a817) x16 0x6a21dca4
core   0: 0x80003ca8 (0x0000f965) c.bnez  a0, pc - 16
core   0: 3 0x80003ca8 (0xf965)
core   0: 0x80003c98 (0x00006f09) c.lui   t5, 0x2
core   0: 3 0x80003c98 (0x6f09) x30 0x00002000
core   0: 0x80003c9a (0xf5f86213) ori     tp, a6, -161
core   0: 3 0x80003c9a (0xf5f86213) x4  0xffffffff
core   0: 0x80003c9e (0x03d6cb33) div     s6, a3, t4
core   0: 3 0x80003c9e (0x03d6cb33) x22 0xffffffff
core   0: 0x80003ca2 (0x00001579) c.addi  a0, -2
core   0: 3 0x80003ca2 (0x1579) x10 0x00000002
core   0: 0x80003ca4 (0xea21a817) auipc   a6, 0xea21a
core   0: 3 0x80003ca4 (0xea21a817) x16 0x6a21dca4
core   0: 0x80003ca8 (0x0000f965) c.bnez  a0, pc - 16
core   0: 3 0x80003ca8 (0xf965)
core   0: 0x80003c98 (0x00006f09) c.lui   t5, 0x2
core   0: 3 0x80003c98 (0x6f09) x30 0x00002000
core   0: 0x80003c9a (0xf5f86213) ori     tp, a6, -161
core   0: 3 0x80003c9a (0xf5f86213) x4  0xffffffff
core   0: 0x80003c9e (0x03d6cb33) div     s6, a3, t4
core   0: 3 0x80003c9e (0x03d6cb33) x22 0xffffffff
core   0: 0x80003ca2 (0x00001579) c.addi  a0, -2
core   0: 3 0x80003ca2 (0x1579) x10 0x00000000
core   0: 0x80003ca4 (0xea21a817) auipc   a6, 0xea21a
core   0: 3 0x80003ca4 (0xea21a817) x16 0x6a21dca4
core   0: 0x80003ca8 (0x0000f965) c.bnez  a0, pc - 16
core   0: 3 0x80003ca8 (0xf965)
core   0: 0x80003caa (0x00d549b3) xor     s3, a0, a3
core   0: 3 0x80003caa (0x00d549b3) x19 0x80025e28
core   0: 0x80003cae (0xfd27f4e3) bgeu    a5, s2, pc - 56
core   0: 3 0x80003cae (0xfd27f4e3)
core   0: 0x80003cb2 (0x419a5393) srai    t2, s4, 25
core   0: 3 0x80003cb2 (0x419a5393) x7  0x00000000
core   0: 0x80003cb6 (0x00005659) c.li    a2, -10
core   0: 3 0x80003cb6 (0x5659) x12 0xfffffff6
core   0: 0x80003cb8 (0x000081bd) c.srli  a1, 15
core   0: 3 0x80003cb8 (0x81bd) x11 0x00000000
core   0: 0x80003cba (0x40b5d4b3) sra     s1, a1, a1
core   0: 3 0x80003cba (0x40b5d4b3) x9  0x00000000
core   0: 0x80003cbe (0x01ff4db3) xor     s11, t5, t6
core   0: 3 0x80003cbe (0x01ff4db3) x27 0x00002000
core   0: 0x80003cc2 (0x0000450d) c.li    a0, 3
core   0: 3 0x80003cc2 (0x450d) x10 0x00000003
core   0: 0x80003cc4 (0x41e954b3) sra     s1, s2, t5
core   0: 3 0x80003cc4 (0x41e954b3) x9  0x00000009
core   0: 0x80003cc8 (0xb5353c93) sltiu   s9, a0, -1197
core   0: 3 0x80003cc8 (0xb5353c93) x25 0x00000001
core   0: 0x80003ccc (0x000099a2) c.add   s3, s0
core   0: 3 0x80003ccc (0x99a2) x19 0x0004fb0c
core   0: 0x80003cce (0x00ced833) srl     a6, t4, a2
core   0: 3 0x80003cce (0x00ced833) x16 0x00000000
core   0: 0x80003cd2 (0x00000605) c.addi  a2, 1
core   0: 3 0x80003cd2 (0x0605) x12 0xfffffff7
core   0: 0x80003cd4 (0x2f4cb493) sltiu   s1, s9, 756
core   0: 3 0x80003cd4 (0x2f4cb493) x9  0x00000001
core   0: 0x80003cd8 (0x00008a8e) c.mv    s5, gp
core   0: 3 0x80003cd8 (0x8a8e) x21 0x00000001
core   0: 0x80003cda (0x00009d06) c.add   s10, ra
core   0: 3 0x80003cda (0x9d06) x26 0x00000004
core   0: 0x80003cdc (0x76e2ca93) xori    s5, t0, 1902
core   0: 3 0x80003cdc (0x76e2ca93) x21 0xfffdd6ff
core   0: 0x80003ce0 (0xfea646e3) blt     a2, a0, pc - 20
core   0: 3 0x80003ce0 (0xfea646e3)
core   0: 0x80003ccc (0x000099a2) c.add   s3, s0
core   0: 3 0x80003ccc (0x99a2) x19 0x800797f0
core   0: 0x80003cce (0x00ced833) srl     a6, t4, a2
core   0: 3 0x80003cce (0x00ced833) x16 0x00000000
core   0: 0x80003cd2 (0x00000605) c.addi  a2, 1
core   0: 3 0x80003cd2 (0x0605) x12 0xfffffff8
core   0: 0x80003cd4 (0x2f4cb493) sltiu   s1, s9, 756
core   0: 3 0x80003cd4 (0x2f4cb493) x9  0x00000001
core   0: 0x80003cd8 (0x00008a8e) c.mv    s5, gp
core   0: 3 0x80003cd8 (0x8a8e) x21 0x00000001
core   0: 0x80003cda (0x00009d06) c.add   s10, ra
core   0: 3 0x80003cda (0x9d06) x26 0x00000004
core   0: 0x80003cdc (0x76e2ca93) xori    s5, t0, 1902
core   0: 3 0x80003cdc (0x76e2ca93) x21 0xfffdd6ff
core   0: 0x80003ce0 (0xfea646e3) blt     a2, a0, pc - 20
core   0: 3 0x80003ce0 (0xfea646e3)
core   0: 0x80003ccc (0x000099a2) c.add   s3, s0
core   0: 3 0x80003ccc (0x99a2) x19 0x000a34d4
core   0: 0x80003cce (0x00ced833) srl     a6, t4, a2
core   0: 3 0x80003cce (0x00ced833) x16 0x00000000
core   0: 0x80003cd2 (0x00000605) c.addi  a2, 1
core   0: 3 0x80003cd2 (0x0605) x12 0xfffffff9
core   0: 0x80003cd4 (0x2f4cb493) sltiu   s1, s9, 756
core   0: 3 0x80003cd4 (0x2f4cb493) x9  0x00000001
core   0: 0x80003cd8 (0x00008a8e) c.mv    s5, gp
core   0: 3 0x80003cd8 (0x8a8e) x21 0x00000001
core   0: 0x80003cda (0x00009d06) c.add   s10, ra
core   0: 3 0x80003cda (0x9d06) x26 0x00000004
core   0: 0x80003cdc (0x76e2ca93) xori    s5, t0, 1902
core   0: 3 0x80003cdc (0x76e2ca93) x21 0xfffdd6ff
core   0: 0x80003ce0 (0xfea646e3) blt     a2, a0, pc - 20
core   0: 3 0x80003ce0 (0xfea646e3)
core   0: 0x80003ccc (0x000099a2) c.add   s3, s0
core   0: 3 0x80003ccc (0x99a2) x19 0x800cd1b8
core   0: 0x80003cce (0x00ced833) srl     a6, t4, a2
core   0: 3 0x80003cce (0x00ced833) x16 0x00000000
core   0: 0x80003cd2 (0x00000605) c.addi  a2, 1
core   0: 3 0x80003cd2 (0x0605) x12 0xfffffffa
core   0: 0x80003cd4 (0x2f4cb493) sltiu   s1, s9, 756
core   0: 3 0x80003cd4 (0x2f4cb493) x9  0x00000001
core   0: 0x80003cd8 (0x00008a8e) c.mv    s5, gp
core   0: 3 0x80003cd8 (0x8a8e) x21 0x00000001
core   0: 0x80003cda (0x00009d06) c.add   s10, ra
core   0: 3 0x80003cda (0x9d06) x26 0x00000004
core   0: 0x80003cdc (0x76e2ca93) xori    s5, t0, 1902
core   0: 3 0x80003cdc (0x76e2ca93) x21 0xfffdd6ff
core   0: 0x80003ce0 (0xfea646e3) blt     a2, a0, pc - 20
core   0: 3 0x80003ce0 (0xfea646e3)
core   0: 0x80003ccc (0x000099a2) c.add   s3, s0
core   0: 3 0x80003ccc (0x99a2) x19 0x000f6e9c
core   0: 0x80003cce (0x00ced833) srl     a6, t4, a2
core   0: 3 0x80003cce (0x00ced833) x16 0x00000000
core   0: 0x80003cd2 (0x00000605) c.addi  a2, 1
core   0: 3 0x80003cd2 (0x0605) x12 0xfffffffb
core   0: 0x80003cd4 (0x2f4cb493) sltiu   s1, s9, 756
core   0: 3 0x80003cd4 (0x2f4cb493) x9  0x00000001
core   0: 0x80003cd8 (0x00008a8e) c.mv    s5, gp
core   0: 3 0x80003cd8 (0x8a8e) x21 0x00000001
core   0: 0x80003cda (0x00009d06) c.add   s10, ra
core   0: 3 0x80003cda (0x9d06) x26 0x00000004
core   0: 0x80003cdc (0x76e2ca93) xori    s5, t0, 1902
core   0: 3 0x80003cdc (0x76e2ca93) x21 0xfffdd6ff
core   0: 0x80003ce0 (0xfea646e3) blt     a2, a0, pc - 20
core   0: 3 0x80003ce0 (0xfea646e3)
core   0: 0x80003ccc (0x000099a2) c.add   s3, s0
core   0: 3 0x80003ccc (0x99a2) x19 0x80120b80
core   0: 0x80003cce (0x00ced833) srl     a6, t4, a2
core   0: 3 0x80003cce (0x00ced833) x16 0x00000000
core   0: 0x80003cd2 (0x00000605) c.addi  a2, 1
core   0: 3 0x80003cd2 (0x0605) x12 0xfffffffc
core   0: 0x80003cd4 (0x2f4cb493) sltiu   s1, s9, 756
core   0: 3 0x80003cd4 (0x2f4cb493) x9  0x00000001
core   0: 0x80003cd8 (0x00008a8e) c.mv    s5, gp
core   0: 3 0x80003cd8 (0x8a8e) x21 0x00000001
core   0: 0x80003cda (0x00009d06) c.add   s10, ra
core   0: 3 0x80003cda (0x9d06) x26 0x00000004
core   0: 0x80003cdc (0x76e2ca93) xori    s5, t0, 1902
core   0: 3 0x80003cdc (0x76e2ca93) x21 0xfffdd6ff
core   0: 0x80003ce0 (0xfea646e3) blt     a2, a0, pc - 20
core   0: 3 0x80003ce0 (0xfea646e3)
core   0: 0x80003ccc (0x000099a2) c.add   s3, s0
core   0: 3 0x80003ccc (0x99a2) x19 0x0014a864
core   0: 0x80003cce (0x00ced833) srl     a6, t4, a2
core   0: 3 0x80003cce (0x00ced833) x16 0x00000000
core   0: 0x80003cd2 (0x00000605) c.addi  a2, 1
core   0: 3 0x80003cd2 (0x0605) x12 0xfffffffd
core   0: 0x80003cd4 (0x2f4cb493) sltiu   s1, s9, 756
core   0: 3 0x80003cd4 (0x2f4cb493) x9  0x00000001
core   0: 0x80003cd8 (0x00008a8e) c.mv    s5, gp
core   0: 3 0x80003cd8 (0x8a8e) x21 0x00000001
core   0: 0x80003cda (0x00009d06) c.add   s10, ra
core   0: 3 0x80003cda (0x9d06) x26 0x00000004
core   0: 0x80003cdc (0x76e2ca93) xori    s5, t0, 1902
core   0: 3 0x80003cdc (0x76e2ca93) x21 0xfffdd6ff
core   0: 0x80003ce0 (0xfea646e3) blt     a2, a0, pc - 20
core   0: 3 0x80003ce0 (0xfea646e3)
core   0: 0x80003ccc (0x000099a2) c.add   s3, s0
core   0: 3 0x80003ccc (0x99a2) x19 0x80174548
core   0: 0x80003cce (0x00ced833) srl     a6, t4, a2
core   0: 3 0x80003cce (0x00ced833) x16 0x00000000
core   0: 0x80003cd2 (0x00000605) c.addi  a2, 1
core   0: 3 0x80003cd2 (0x0605) x12 0xfffffffe
core   0: 0x80003cd4 (0x2f4cb493) sltiu   s1, s9, 756
core   0: 3 0x80003cd4 (0x2f4cb493) x9  0x00000001
core   0: 0x80003cd8 (0x00008a8e) c.mv    s5, gp
core   0: 3 0x80003cd8 (0x8a8e) x21 0x00000001
core   0: 0x80003cda (0x00009d06) c.add   s10, ra
core   0: 3 0x80003cda (0x9d06) x26 0x00000004
core   0: 0x80003cdc (0x76e2ca93) xori    s5, t0, 1902
core   0: 3 0x80003cdc (0x76e2ca93) x21 0xfffdd6ff
core   0: 0x80003ce0 (0xfea646e3) blt     a2, a0, pc - 20
core   0: 3 0x80003ce0 (0xfea646e3)
core   0: 0x80003ccc (0x000099a2) c.add   s3, s0
core   0: 3 0x80003ccc (0x99a2) x19 0x0019e22c
core   0: 0x80003cce (0x00ced833) srl     a6, t4, a2
core   0: 3 0x80003cce (0x00ced833) x16 0x00000000
core   0: 0x80003cd2 (0x00000605) c.addi  a2, 1
core   0: 3 0x80003cd2 (0x0605) x12 0xffffffff
core   0: 0x80003cd4 (0x2f4cb493) sltiu   s1, s9, 756
core   0: 3 0x80003cd4 (0x2f4cb493) x9  0x00000001
core   0: 0x80003cd8 (0x00008a8e) c.mv    s5, gp
core   0: 3 0x80003cd8 (0x8a8e) x21 0x00000001
core   0: 0x80003cda (0x00009d06) c.add   s10, ra
core   0: 3 0x80003cda (0x9d06) x26 0x00000004
core   0: 0x80003cdc (0x76e2ca93) xori    s5, t0, 1902
core   0: 3 0x80003cdc (0x76e2ca93) x21 0xfffdd6ff
core   0: 0x80003ce0 (0xfea646e3) blt     a2, a0, pc - 20
core   0: 3 0x80003ce0 (0xfea646e3)
core   0: 0x80003ccc (0x000099a2) c.add   s3, s0
core   0: 3 0x80003ccc (0x99a2) x19 0x801c7f10
core   0: 0x80003cce (0x00ced833) srl     a6, t4, a2
core   0: 3 0x80003cce (0x00ced833) x16 0x00000000
core   0: 0x80003cd2 (0x00000605) c.addi  a2, 1
core   0: 3 0x80003cd2 (0x0605) x12 0x00000000
core   0: 0x80003cd4 (0x2f4cb493) sltiu   s1, s9, 756
core   0: 3 0x80003cd4 (0x2f4cb493) x9  0x00000001
core   0: 0x80003cd8 (0x00008a8e) c.mv    s5, gp
core   0: 3 0x80003cd8 (0x8a8e) x21 0x00000001
core   0: 0x80003cda (0x00009d06) c.add   s10, ra
core   0: 3 0x80003cda (0x9d06) x26 0x00000004
core   0: 0x80003cdc (0x76e2ca93) xori    s5, t0, 1902
core   0: 3 0x80003cdc (0x76e2ca93) x21 0xfffdd6ff
core   0: 0x80003ce0 (0xfea646e3) blt     a2, a0, pc - 20
core   0: 3 0x80003ce0 (0xfea646e3)
core   0: 0x80003ccc (0x000099a2) c.add   s3, s0
core   0: 3 0x80003ccc (0x99a2) x19 0x001f1bf4
core   0: 0x80003cce (0x00ced833) srl     a6, t4, a2
core   0: 3 0x80003cce (0x00ced833) x16 0x00000000
core   0: 0x80003cd2 (0x00000605) c.addi  a2, 1
core   0: 3 0x80003cd2 (0x0605) x12 0x00000001
core   0: 0x80003cd4 (0x2f4cb493) sltiu   s1, s9, 756
core   0: 3 0x80003cd4 (0x2f4cb493) x9  0x00000001
core   0: 0x80003cd8 (0x00008a8e) c.mv    s5, gp
core   0: 3 0x80003cd8 (0x8a8e) x21 0x00000001
core   0: 0x80003cda (0x00009d06) c.add   s10, ra
core   0: 3 0x80003cda (0x9d06) x26 0x00000004
core   0: 0x80003cdc (0x76e2ca93) xori    s5, t0, 1902
core   0: 3 0x80003cdc (0x76e2ca93) x21 0xfffdd6ff
core   0: 0x80003ce0 (0xfea646e3) blt     a2, a0, pc - 20
core   0: 3 0x80003ce0 (0xfea646e3)
core   0: 0x80003ccc (0x000099a2) c.add   s3, s0
core   0: 3 0x80003ccc (0x99a2) x19 0x8021b8d8
core   0: 0x80003cce (0x00ced833) srl     a6, t4, a2
core   0: 3 0x80003cce (0x00ced833) x16 0x00000000
core   0: 0x80003cd2 (0x00000605) c.addi  a2, 1
core   0: 3 0x80003cd2 (0x0605) x12 0x00000002
core   0: 0x80003cd4 (0x2f4cb493) sltiu   s1, s9, 756
core   0: 3 0x80003cd4 (0x2f4cb493) x9  0x00000001
core   0: 0x80003cd8 (0x00008a8e) c.mv    s5, gp
core   0: 3 0x80003cd8 (0x8a8e) x21 0x00000001
core   0: 0x80003cda (0x00009d06) c.add   s10, ra
core   0: 3 0x80003cda (0x9d06) x26 0x00000004
core   0: 0x80003cdc (0x76e2ca93) xori    s5, t0, 1902
core   0: 3 0x80003cdc (0x76e2ca93) x21 0xfffdd6ff
core   0: 0x80003ce0 (0xfea646e3) blt     a2, a0, pc - 20
core   0: 3 0x80003ce0 (0xfea646e3)
core   0: 0x80003ccc (0x000099a2) c.add   s3, s0
core   0: 3 0x80003ccc (0x99a2) x19 0x002455bc
core   0: 0x80003cce (0x00ced833) srl     a6, t4, a2
core   0: 3 0x80003cce (0x00ced833) x16 0x00000000
core   0: 0x80003cd2 (0x00000605) c.addi  a2, 1
core   0: 3 0x80003cd2 (0x0605) x12 0x00000003
core   0: 0x80003cd4 (0x2f4cb493) sltiu   s1, s9, 756
core   0: 3 0x80003cd4 (0x2f4cb493) x9  0x00000001
core   0: 0x80003cd8 (0x00008a8e) c.mv    s5, gp
core   0: 3 0x80003cd8 (0x8a8e) x21 0x00000001
core   0: 0x80003cda (0x00009d06) c.add   s10, ra
core   0: 3 0x80003cda (0x9d06) x26 0x00000004
core   0: 0x80003cdc (0x76e2ca93) xori    s5, t0, 1902
core   0: 3 0x80003cdc (0x76e2ca93) x21 0xfffdd6ff
core   0: 0x80003ce0 (0xfea646e3) blt     a2, a0, pc - 20
core   0: 3 0x80003ce0 (0xfea646e3)
core   0: 0x80003ce4 (0x000081dd) c.srli  a1, 23
core   0: 3 0x80003ce4 (0x81dd) x11 0x00000000
core   0: 0x80003ce6 (0x00004511) c.li    a0, 4
core   0: 3 0x80003ce6 (0x4511) x10 0x00000004
core   0: 0x80003ce8 (0x00000001) c.nop
core   0: 3 0x80003ce8 (0x0001)
core   0: 0x80003cea (0x00005761) c.li    a4, -8
core   0: 3 0x80003cea (0x5761) x14 0xfffffff8
core   0: 0x80003cec (0x41bcdd13) srai    s10, s9, 27
core   0: 3 0x80003cec (0x41bcdd13) x26 0x00000000
core   0: 0x80003cf0 (0x030137b3) mulhu   a5, sp, a6
core   0: 3 0x80003cf0 (0x030137b3) x15 0x00000000
core   0: 0x80003cf4 (0x038098b3) mulh    a7, ra, s8
core   0: 3 0x80003cf4 (0x038098b3) x17 0x00000000
core   0: 0x80003cf8 (0x0000156d) c.addi  a0, -5
core   0: 3 0x80003cf8 (0x156d) x10 0xffffffff
core   0: 0x80003cfa (0x4053df93) srai    t6, t2, 5
core   0: 3 0x80003cfa (0x4053df93) x31 0x00000000
core   0: 0x80003cfe (0x000054d9) c.li    s1, -10
core   0: 3 0x80003cfe (0x54d9) x9  0xfffffff6
core   0: 0x80003d00 (0x00004601) c.li    a2, 0
core   0: 3 0x80003d00 (0x4601) x12 0x00000000
core   0: 0x80003d02 (0x0350ba33) mulhu   s4, ra, s5
core   0: 3 0x80003d02 (0x0350ba33) x20 0x00000000
core   0: 0x80003d06 (0x018b5993) srli    s3, s6, 24
core   0: 3 0x80003d06 (0x018b5993) x19 0x000000ff
core   0: 0x80003d0a (0x6d99fc93) andi    s9, s3, 1753
core   0: 3 0x80003d0a (0x6d99fc93) x25 0x000000d9
core   0: 0x80003d0e (0x000080ca) c.mv    ra, s2
core   0: 3 0x80003d0e (0x80ca) x1  0x00000009
core   0: 0x80003d10 (0x00000489) c.addi  s1, 2
core   0: 3 0x80003d10 (0x0489) x9  0xfffffff8
core   0: 0x80003d12 (0xfec4c8e3) blt     s1, a2, pc - 16
core   0: 3 0x80003d12 (0xfec4c8e3)
core   0: 0x80003d02 (0x0350ba33) mulhu   s4, ra, s5
core   0: 3 0x80003d02 (0x0350ba33) x20 0x00000008
core   0: 0x80003d06 (0x018b5993) srli    s3, s6, 24
core   0: 3 0x80003d06 (0x018b5993) x19 0x000000ff
core   0: 0x80003d0a (0x6d99fc93) andi    s9, s3, 1753
core   0: 3 0x80003d0a (0x6d99fc93) x25 0x000000d9
core   0: 0x80003d0e (0x000080ca) c.mv    ra, s2
core   0: 3 0x80003d0e (0x80ca) x1  0x00000009
core   0: 0x80003d10 (0x00000489) c.addi  s1, 2
core   0: 3 0x80003d10 (0x0489) x9  0xfffffffa
core   0: 0x80003d12 (0xfec4c8e3) blt     s1, a2, pc - 16
core   0: 3 0x80003d12 (0xfec4c8e3)
core   0: 0x80003d02 (0x0350ba33) mulhu   s4, ra, s5
core   0: 3 0x80003d02 (0x0350ba33) x20 0x00000008
core   0: 0x80003d06 (0x018b5993) srli    s3, s6, 24
core   0: 3 0x80003d06 (0x018b5993) x19 0x000000ff
core   0: 0x80003d0a (0x6d99fc93) andi    s9, s3, 1753
core   0: 3 0x80003d0a (0x6d99fc93) x25 0x000000d9
core   0: 0x80003d0e (0x000080ca) c.mv    ra, s2
core   0: 3 0x80003d0e (0x80ca) x1  0x00000009
core   0: 0x80003d10 (0x00000489) c.addi  s1, 2
core   0: 3 0x80003d10 (0x0489) x9  0xfffffffc
core   0: 0x80003d12 (0xfec4c8e3) blt     s1, a2, pc - 16
core   0: 3 0x80003d12 (0xfec4c8e3)
core   0: 0x80003d02 (0x0350ba33) mulhu   s4, ra, s5
core   0: 3 0x80003d02 (0x0350ba33) x20 0x00000008
core   0: 0x80003d06 (0x018b5993) srli    s3, s6, 24
core   0: 3 0x80003d06 (0x018b5993) x19 0x000000ff
core   0: 0x80003d0a (0x6d99fc93) andi    s9, s3, 1753
core   0: 3 0x80003d0a (0x6d99fc93) x25 0x000000d9
core   0: 0x80003d0e (0x000080ca) c.mv    ra, s2
core   0: 3 0x80003d0e (0x80ca) x1  0x00000009
core   0: 0x80003d10 (0x00000489) c.addi  s1, 2
core   0: 3 0x80003d10 (0x0489) x9  0xfffffffe
core   0: 0x80003d12 (0xfec4c8e3) blt     s1, a2, pc - 16
core   0: 3 0x80003d12 (0xfec4c8e3)
core   0: 0x80003d02 (0x0350ba33) mulhu   s4, ra, s5
core   0: 3 0x80003d02 (0x0350ba33) x20 0x00000008
core   0: 0x80003d06 (0x018b5993) srli    s3, s6, 24
core   0: 3 0x80003d06 (0x018b5993) x19 0x000000ff
core   0: 0x80003d0a (0x6d99fc93) andi    s9, s3, 1753
core   0: 3 0x80003d0a (0x6d99fc93) x25 0x000000d9
core   0: 0x80003d0e (0x000080ca) c.mv    ra, s2
core   0: 3 0x80003d0e (0x80ca) x1  0x00000009
core   0: 0x80003d10 (0x00000489) c.addi  s1, 2
core   0: 3 0x80003d10 (0x0489) x9  0x00000000
core   0: 0x80003d12 (0xfec4c8e3) blt     s1, a2, pc - 16
core   0: 3 0x80003d12 (0xfec4c8e3)
core   0: 0x80003d16 (0xfce55de3) bge     a0, a4, pc - 38
core   0: 3 0x80003d16 (0xfce55de3)
core   0: 0x80003cf0 (0x030137b3) mulhu   a5, sp, a6
core   0: 3 0x80003cf0 (0x030137b3) x15 0x00000000
core   0: 0x80003cf4 (0x038098b3) mulh    a7, ra, s8
core   0: 3 0x80003cf4 (0x038098b3) x17 0xffffffff
core   0: 0x80003cf8 (0x0000156d) c.addi  a0, -5
core   0: 3 0x80003cf8 (0x156d) x10 0xfffffffa
core   0: 0x80003cfa (0x4053df93) srai    t6, t2, 5
core   0: 3 0x80003cfa (0x4053df93) x31 0x00000000
core   0: 0x80003cfe (0x000054d9) c.li    s1, -10
core   0: 3 0x80003cfe (0x54d9) x9  0xfffffff6
core   0: 0x80003d00 (0x00004601) c.li    a2, 0
core   0: 3 0x80003d00 (0x4601) x12 0x00000000
core   0: 0x80003d02 (0x0350ba33) mulhu   s4, ra, s5
core   0: 3 0x80003d02 (0x0350ba33) x20 0x00000008
core   0: 0x80003d06 (0x018b5993) srli    s3, s6, 24
core   0: 3 0x80003d06 (0x018b5993) x19 0x000000ff
core   0: 0x80003d0a (0x6d99fc93) andi    s9, s3, 1753
core   0: 3 0x80003d0a (0x6d99fc93) x25 0x000000d9
core   0: 0x80003d0e (0x000080ca) c.mv    ra, s2
core   0: 3 0x80003d0e (0x80ca) x1  0x00000009
core   0: 0x80003d10 (0x00000489) c.addi  s1, 2
core   0: 3 0x80003d10 (0x0489) x9  0xfffffff8
core   0: 0x80003d12 (0xfec4c8e3) blt     s1, a2, pc - 16
core   0: 3 0x80003d12 (0xfec4c8e3)
core   0: 0x80003d02 (0x0350ba33) mulhu   s4, ra, s5
core   0: 3 0x80003d02 (0x0350ba33) x20 0x00000008
core   0: 0x80003d06 (0x018b5993) srli    s3, s6, 24
core   0: 3 0x80003d06 (0x018b5993) x19 0x000000ff
core   0: 0x80003d0a (0x6d99fc93) andi    s9, s3, 1753
core   0: 3 0x80003d0a (0x6d99fc93) x25 0x000000d9
core   0: 0x80003d0e (0x000080ca) c.mv    ra, s2
core   0: 3 0x80003d0e (0x80ca) x1  0x00000009
core   0: 0x80003d10 (0x00000489) c.addi  s1, 2
core   0: 3 0x80003d10 (0x0489) x9  0xfffffffa
core   0: 0x80003d12 (0xfec4c8e3) blt     s1, a2, pc - 16
core   0: 3 0x80003d12 (0xfec4c8e3)
core   0: 0x80003d02 (0x0350ba33) mulhu   s4, ra, s5
core   0: 3 0x80003d02 (0x0350ba33) x20 0x00000008
core   0: 0x80003d06 (0x018b5993) srli    s3, s6, 24
core   0: 3 0x80003d06 (0x018b5993) x19 0x000000ff
core   0: 0x80003d0a (0x6d99fc93) andi    s9, s3, 1753
core   0: 3 0x80003d0a (0x6d99fc93) x25 0x000000d9
core   0: 0x80003d0e (0x000080ca) c.mv    ra, s2
core   0: 3 0x80003d0e (0x80ca) x1  0x00000009
core   0: 0x80003d10 (0x00000489) c.addi  s1, 2
core   0: 3 0x80003d10 (0x0489) x9  0xfffffffc
core   0: 0x80003d12 (0xfec4c8e3) blt     s1, a2, pc - 16
core   0: 3 0x80003d12 (0xfec4c8e3)
core   0: 0x80003d02 (0x0350ba33) mulhu   s4, ra, s5
core   0: 3 0x80003d02 (0x0350ba33) x20 0x00000008
core   0: 0x80003d06 (0x018b5993) srli    s3, s6, 24
core   0: 3 0x80003d06 (0x018b5993) x19 0x000000ff
core   0: 0x80003d0a (0x6d99fc93) andi    s9, s3, 1753
core   0: 3 0x80003d0a (0x6d99fc93) x25 0x000000d9
core   0: 0x80003d0e (0x000080ca) c.mv    ra, s2
core   0: 3 0x80003d0e (0x80ca) x1  0x00000009
core   0: 0x80003d10 (0x00000489) c.addi  s1, 2
core   0: 3 0x80003d10 (0x0489) x9  0xfffffffe
core   0: 0x80003d12 (0xfec4c8e3) blt     s1, a2, pc - 16
core   0: 3 0x80003d12 (0xfec4c8e3)
core   0: 0x80003d02 (0x0350ba33) mulhu   s4, ra, s5
core   0: 3 0x80003d02 (0x0350ba33) x20 0x00000008
core   0: 0x80003d06 (0x018b5993) srli    s3, s6, 24
core   0: 3 0x80003d06 (0x018b5993) x19 0x000000ff
core   0: 0x80003d0a (0x6d99fc93) andi    s9, s3, 1753
core   0: 3 0x80003d0a (0x6d99fc93) x25 0x000000d9
core   0: 0x80003d0e (0x000080ca) c.mv    ra, s2
core   0: 3 0x80003d0e (0x80ca) x1  0x00000009
core   0: 0x80003d10 (0x00000489) c.addi  s1, 2
core   0: 3 0x80003d10 (0x0489) x9  0x00000000
core   0: 0x80003d12 (0xfec4c8e3) blt     s1, a2, pc - 16
core   0: 3 0x80003d12 (0xfec4c8e3)
core   0: 0x80003d16 (0xfce55de3) bge     a0, a4, pc - 38
core   0: 3 0x80003d16 (0xfce55de3)
core   0: 0x80003cf0 (0x030137b3) mulhu   a5, sp, a6
core   0: 3 0x80003cf0 (0x030137b3) x15 0x00000000
core   0: 0x80003cf4 (0x038098b3) mulh    a7, ra, s8
core   0: 3 0x80003cf4 (0x038098b3) x17 0xffffffff
core   0: 0x80003cf8 (0x0000156d) c.addi  a0, -5
core   0: 3 0x80003cf8 (0x156d) x10 0xfffffff5
core   0: 0x80003cfa (0x4053df93) srai    t6, t2, 5
core   0: 3 0x80003cfa (0x4053df93) x31 0x00000000
core   0: 0x80003cfe (0x000054d9) c.li    s1, -10
core   0: 3 0x80003cfe (0x54d9) x9  0xfffffff6
core   0: 0x80003d00 (0x00004601) c.li    a2, 0
core   0: 3 0x80003d00 (0x4601) x12 0x00000000
core   0: 0x80003d02 (0x0350ba33) mulhu   s4, ra, s5
core   0: 3 0x80003d02 (0x0350ba33) x20 0x00000008
core   0: 0x80003d06 (0x018b5993) srli    s3, s6, 24
core   0: 3 0x80003d06 (0x018b5993) x19 0x000000ff
core   0: 0x80003d0a (0x6d99fc93) andi    s9, s3, 1753
core   0: 3 0x80003d0a (0x6d99fc93) x25 0x000000d9
core   0: 0x80003d0e (0x000080ca) c.mv    ra, s2
core   0: 3 0x80003d0e (0x80ca) x1  0x00000009
core   0: 0x80003d10 (0x00000489) c.addi  s1, 2
core   0: 3 0x80003d10 (0x0489) x9  0xfffffff8
core   0: 0x80003d12 (0xfec4c8e3) blt     s1, a2, pc - 16
core   0: 3 0x80003d12 (0xfec4c8e3)
core   0: 0x80003d02 (0x0350ba33) mulhu   s4, ra, s5
core   0: 3 0x80003d02 (0x0350ba33) x20 0x00000008
core   0: 0x80003d06 (0x018b5993) srli    s3, s6, 24
core   0: 3 0x80003d06 (0x018b5993) x19 0x000000ff
core   0: 0x80003d0a (0x6d99fc93) andi    s9, s3, 1753
core   0: 3 0x80003d0a (0x6d99fc93) x25 0x000000d9
core   0: 0x80003d0e (0x000080ca) c.mv    ra, s2
core   0: 3 0x80003d0e (0x80ca) x1  0x00000009
core   0: 0x80003d10 (0x00000489) c.addi  s1, 2
core   0: 3 0x80003d10 (0x0489) x9  0xfffffffa
core   0: 0x80003d12 (0xfec4c8e3) blt     s1, a2, pc - 16
core   0: 3 0x80003d12 (0xfec4c8e3)
core   0: 0x80003d02 (0x0350ba33) mulhu   s4, ra, s5
core   0: 3 0x80003d02 (0x0350ba33) x20 0x00000008
core   0: 0x80003d06 (0x018b5993) srli    s3, s6, 24
core   0: 3 0x80003d06 (0x018b5993) x19 0x000000ff
core   0: 0x80003d0a (0x6d99fc93) andi    s9, s3, 1753
core   0: 3 0x80003d0a (0x6d99fc93) x25 0x000000d9
core   0: 0x80003d0e (0x000080ca) c.mv    ra, s2
core   0: 3 0x80003d0e (0x80ca) x1  0x00000009
core   0: 0x80003d10 (0x00000489) c.addi  s1, 2
core   0: 3 0x80003d10 (0x0489) x9  0xfffffffc
core   0: 0x80003d12 (0xfec4c8e3) blt     s1, a2, pc - 16
core   0: 3 0x80003d12 (0xfec4c8e3)
core   0: 0x80003d02 (0x0350ba33) mulhu   s4, ra, s5
core   0: 3 0x80003d02 (0x0350ba33) x20 0x00000008
core   0: 0x80003d06 (0x018b5993) srli    s3, s6, 24
core   0: 3 0x80003d06 (0x018b5993) x19 0x000000ff
core   0: 0x80003d0a (0x6d99fc93) andi    s9, s3, 1753
core   0: 3 0x80003d0a (0x6d99fc93) x25 0x000000d9
core   0: 0x80003d0e (0x000080ca) c.mv    ra, s2
core   0: 3 0x80003d0e (0x80ca) x1  0x00000009
core   0: 0x80003d10 (0x00000489) c.addi  s1, 2
core   0: 3 0x80003d10 (0x0489) x9  0xfffffffe
core   0: 0x80003d12 (0xfec4c8e3) blt     s1, a2, pc - 16
core   0: 3 0x80003d12 (0xfec4c8e3)
core   0: 0x80003d02 (0x0350ba33) mulhu   s4, ra, s5
core   0: 3 0x80003d02 (0x0350ba33) x20 0x00000008
core   0: 0x80003d06 (0x018b5993) srli    s3, s6, 24
core   0: 3 0x80003d06 (0x018b5993) x19 0x000000ff
core   0: 0x80003d0a (0x6d99fc93) andi    s9, s3, 1753
core   0: 3 0x80003d0a (0x6d99fc93) x25 0x000000d9
core   0: 0x80003d0e (0x000080ca) c.mv    ra, s2
core   0: 3 0x80003d0e (0x80ca) x1  0x00000009
core   0: 0x80003d10 (0x00000489) c.addi  s1, 2
core   0: 3 0x80003d10 (0x0489) x9  0x00000000
core   0: 0x80003d12 (0xfec4c8e3) blt     s1, a2, pc - 16
core   0: 3 0x80003d12 (0xfec4c8e3)
core   0: 0x80003d16 (0xfce55de3) bge     a0, a4, pc - 38
core   0: 3 0x80003d16 (0xfce55de3)
core   0: 0x80003d1a (0x412fd1b3) sra     gp, t6, s2
core   0: 3 0x80003d1a (0x412fd1b3) x3  0x00000000
core   0: 0x80003d1e (0x00004f89) c.li    t6, 2
core   0: 3 0x80003d1e (0x4f89) x31 0x00000002
core   0: 0x80003d20 (0x8934f213) andi    tp, s1, -1901
core   0: 3 0x80003d20 (0x8934f213) x4  0x00000000
core   0: 0x80003d24 (0x03dc0cb3) mul     s9, s8, t4
core   0: 3 0x80003d24 (0x03dc0cb3) x25 0x00000000
core   0: 0x80003d28 (0x00004839) c.li    a6, 14
core   0: 3 0x80003d28 (0x4839) x16 0x0000000e
core   0: 0x80003d2a (0x61442993) slti    s3, s0, 1556
core   0: 3 0x80003d2a (0x61442993) x19 0x00000001
core   0: 0x80003d2e (0x39aaeb93) ori     s7, s5, 922
core   0: 3 0x80003d2e (0x39aaeb93) x23 0xfffdd7ff
core   0: 0x80003d32 (0x00006941) c.lui   s2, 0x10
core   0: 3 0x80003d32 (0x6941) x18 0x00010000
core   0: 0x80003d34 (0x00000f9d) c.addi  t6, 7
core   0: 3 0x80003d34 (0x0f9d) x31 0x00000009
core   0: 0x80003d36 (0x00008e75) c.and   a2, a3
core   0: 3 0x80003d36 (0x8e75) x12 0x00000000
core   0: 0x80003d38 (0x00005759) c.li    a4, -10
core   0: 3 0x80003d38 (0x5759) x14 0xfffffff6
core   0: 0x80003d3a (0x00008ffd) c.and   a5, a5
core   0: 3 0x80003d3a (0x8ffd) x15 0x00000000
core   0: 0x80003d3c (0x00000001) c.nop
core   0: 3 0x80003d3c (0x0001)
core   0: 0x80003d3e (0x031b1933) mulh    s2, s6, a7
core   0: 3 0x80003d3e (0x031b1933) x18 0x00000000
core   0: 0x80003d42 (0x0000889a) c.mv    a7, t1
core   0: 3 0x80003d42 (0x889a) x17 0x00000006
core   0: 0x80003d44 (0xd6882e13) slti    t3, a6, -664
core   0: 3 0x80003d44 (0xd6882e13) x28 0x00000000
core   0: 0x80003d48 (0x00000709) c.addi  a4, 2
core   0: 3 0x80003d48 (0x0709) x14 0xfffffff8
core   0: 0x80003d4a (0x0000ff65) c.bnez  a4, pc - 8
core   0: 3 0x80003d4a (0xff65)
core   0: 0x80003d42 (0x0000889a) c.mv    a7, t1
core   0: 3 0x80003d42 (0x889a) x17 0x00000006
core   0: 0x80003d44 (0xd6882e13) slti    t3, a6, -664
core   0: 3 0x80003d44 (0xd6882e13) x28 0x00000000
core   0: 0x80003d48 (0x00000709) c.addi  a4, 2
core   0: 3 0x80003d48 (0x0709) x14 0xfffffffa
core   0: 0x80003d4a (0x0000ff65) c.bnez  a4, pc - 8
core   0: 3 0x80003d4a (0xff65)
core   0: 0x80003d42 (0x0000889a) c.mv    a7, t1
core   0: 3 0x80003d42 (0x889a) x17 0x00000006
core   0: 0x80003d44 (0xd6882e13) slti    t3, a6, -664
core   0: 3 0x80003d44 (0xd6882e13) x28 0x00000000
core   0: 0x80003d48 (0x00000709) c.addi  a4, 2
core   0: 3 0x80003d48 (0x0709) x14 0xfffffffc
core   0: 0x80003d4a (0x0000ff65) c.bnez  a4, pc - 8
core   0: 3 0x80003d4a (0xff65)
core   0: 0x80003d42 (0x0000889a) c.mv    a7, t1
core   0: 3 0x80003d42 (0x889a) x17 0x00000006
core   0: 0x80003d44 (0xd6882e13) slti    t3, a6, -664
core   0: 3 0x80003d44 (0xd6882e13) x28 0x00000000
core   0: 0x80003d48 (0x00000709) c.addi  a4, 2
core   0: 3 0x80003d48 (0x0709) x14 0xfffffffe
core   0: 0x80003d4a (0x0000ff65) c.bnez  a4, pc - 8
core   0: 3 0x80003d4a (0xff65)
core   0: 0x80003d42 (0x0000889a) c.mv    a7, t1
core   0: 3 0x80003d42 (0x889a) x17 0x00000006
core   0: 0x80003d44 (0xd6882e13) slti    t3, a6, -664
core   0: 3 0x80003d44 (0xd6882e13) x28 0x00000000
core   0: 0x80003d48 (0x00000709) c.addi  a4, 2
core   0: 3 0x80003d48 (0x0709) x14 0x00000000
core   0: 0x80003d4a (0x0000ff65) c.bnez  a4, pc - 8
core   0: 3 0x80003d4a (0xff65)
core   0: 0x80003d4c (0x00008e15) c.sub   a2, a3
core   0: 3 0x80003d4c (0x8e15) x12 0x7ffda1d8
core   0: 0x80003d4e (0x00008f89) c.sub   a5, a0
core   0: 3 0x80003d4e (0x8f89) x15 0x0000000b
core   0: 0x80003d50 (0x02c3a633) mulhsu  a2, t2, a2
core   0: 3 0x80003d50 (0x02c3a633) x12 0x00000000
core   0: 0x80003d54 (0x000041b9) c.li    gp, 14
core   0: 3 0x80003d54 (0x41b9) x3  0x0000000e
core   0: 0x80003d56 (0xfd0fcee3) blt     t6, a6, pc - 36
core   0: 3 0x80003d56 (0xfd0fcee3)
core   0: 0x80003d32 (0x00006941) c.lui   s2, 0x10
core   0: 3 0x80003d32 (0x6941) x18 0x00010000
core   0: 0x80003d34 (0x00000f9d) c.addi  t6, 7
core   0: 3 0x80003d34 (0x0f9d) x31 0x00000010
core   0: 0x80003d36 (0x00008e75) c.and   a2, a3
core   0: 3 0x80003d36 (0x8e75) x12 0x00000000
core   0: 0x80003d38 (0x00005759) c.li    a4, -10
core   0: 3 0x80003d38 (0x5759) x14 0xfffffff6
core   0: 0x80003d3a (0x00008ffd) c.and   a5, a5
core   0: 3 0x80003d3a (0x8ffd) x15 0x0000000b
core   0: 0x80003d3c (0x00000001) c.nop
core   0: 3 0x80003d3c (0x0001)
core   0: 0x80003d3e (0x031b1933) mulh    s2, s6, a7
core   0: 3 0x80003d3e (0x031b1933) x18 0xffffffff
core   0: 0x80003d42 (0x0000889a) c.mv    a7, t1
core   0: 3 0x80003d42 (0x889a) x17 0x00000006
core   0: 0x80003d44 (0xd6882e13) slti    t3, a6, -664
core   0: 3 0x80003d44 (0xd6882e13) x28 0x00000000
core   0: 0x80003d48 (0x00000709) c.addi  a4, 2
core   0: 3 0x80003d48 (0x0709) x14 0xfffffff8
core   0: 0x80003d4a (0x0000ff65) c.bnez  a4, pc - 8
core   0: 3 0x80003d4a (0xff65)
core   0: 0x80003d42 (0x0000889a) c.mv    a7, t1
core   0: 3 0x80003d42 (0x889a) x17 0x00000006
core   0: 0x80003d44 (0xd6882e13) slti    t3, a6, -664
core   0: 3 0x80003d44 (0xd6882e13) x28 0x00000000
core   0: 0x80003d48 (0x00000709) c.addi  a4, 2
core   0: 3 0x80003d48 (0x0709) x14 0xfffffffa
core   0: 0x80003d4a (0x0000ff65) c.bnez  a4, pc - 8
core   0: 3 0x80003d4a (0xff65)
core   0: 0x80003d42 (0x0000889a) c.mv    a7, t1
core   0: 3 0x80003d42 (0x889a) x17 0x00000006
core   0: 0x80003d44 (0xd6882e13) slti    t3, a6, -664
core   0: 3 0x80003d44 (0xd6882e13) x28 0x00000000
core   0: 0x80003d48 (0x00000709) c.addi  a4, 2
core   0: 3 0x80003d48 (0x0709) x14 0xfffffffc
core   0: 0x80003d4a (0x0000ff65) c.bnez  a4, pc - 8
core   0: 3 0x80003d4a (0xff65)
core   0: 0x80003d42 (0x0000889a) c.mv    a7, t1
core   0: 3 0x80003d42 (0x889a) x17 0x00000006
core   0: 0x80003d44 (0xd6882e13) slti    t3, a6, -664
core   0: 3 0x80003d44 (0xd6882e13) x28 0x00000000
core   0: 0x80003d48 (0x00000709) c.addi  a4, 2
core   0: 3 0x80003d48 (0x0709) x14 0xfffffffe
core   0: 0x80003d4a (0x0000ff65) c.bnez  a4, pc - 8
core   0: 3 0x80003d4a (0xff65)
core   0: 0x80003d42 (0x0000889a) c.mv    a7, t1
core   0: 3 0x80003d42 (0x889a) x17 0x00000006
core   0: 0x80003d44 (0xd6882e13) slti    t3, a6, -664
core   0: 3 0x80003d44 (0xd6882e13) x28 0x00000000
core   0: 0x80003d48 (0x00000709) c.addi  a4, 2
core   0: 3 0x80003d48 (0x0709) x14 0x00000000
core   0: 0x80003d4a (0x0000ff65) c.bnez  a4, pc - 8
core   0: 3 0x80003d4a (0xff65)
core   0: 0x80003d4c (0x00008e15) c.sub   a2, a3
core   0: 3 0x80003d4c (0x8e15) x12 0x7ffda1d8
core   0: 0x80003d4e (0x00008f89) c.sub   a5, a0
core   0: 3 0x80003d4e (0x8f89) x15 0x00000016
core   0: 0x80003d50 (0x02c3a633) mulhsu  a2, t2, a2
core   0: 3 0x80003d50 (0x02c3a633) x12 0x00000000
core   0: 0x80003d54 (0x000041b9) c.li    gp, 14
core   0: 3 0x80003d54 (0x41b9) x3  0x0000000e
core   0: 0x80003d56 (0xfd0fcee3) blt     t6, a6, pc - 36
core   0: 3 0x80003d56 (0xfd0fcee3)
core   0: 0x80003d5a (0x0000717d) c.addi16sp sp, -16
core   0: 3 0x80003d5a (0x717d) x2  0xfffffff4
core   0: 0x80003d5c (0x000054d9) c.li    s1, -10
core   0: 3 0x80003d5c (0x54d9) x9  0xfffffff6
core   0: 0x80003d5e (0x0e25b593) sltiu   a1, a1, 226
core   0: 3 0x80003d5e (0x0e25b593) x11 0x00000001
core   0: 0x80003d62 (0x029b71b3) remu    gp, s6, s1
core   0: 3 0x80003d62 (0x029b71b3) x3  0x00000009
core   0: 0x80003d66 (0x00004d25) c.li    s10, 9
core   0: 3 0x80003d66 (0x4d25) x26 0x00000009
core   0: 0x80003d68 (0xa4993213) sltiu   tp, s2, -1463
core   0: 3 0x80003d68 (0xa4993213) x4  0x00000000
core   0: 0x80003d6c (0x0216d933) divu    s2, a3, ra
core   0: 3 0x80003d6c (0x0216d933) x18 0x0e3926e8
core   0: 0x80003d70 (0x40bb0333) sub     t1, s6, a1
core   0: 3 0x80003d70 (0x40bb0333) x6  0xfffffffe
core   0: 0x80003d74 (0x40ce8133) sub     sp, t4, a2
core   0: 3 0x80003d74 (0x40ce8133) x2  0x00000000
core   0: 0x80003d78 (0x0000049d) c.addi  s1, 7
core   0: 3 0x80003d78 (0x049d) x9  0xfffffffd
core   0: 0x80003d7a (0x03e21733) mulh    a4, tp, t5
core   0: 3 0x80003d7a (0x03e21733) x14 0x00000000
core   0: 0x80003d7e (0x000092e2) c.add   t0, s8
core   0: 3 0x80003d7e (0x92e2) x5  0xfba0f528
core   0: 0x80003d80 (0x00008359) c.srli  a4, 22
core   0: 3 0x80003d80 (0x8359) x14 0x00000000
core   0: 0x80003d82 (0x00008545) c.srai  a0, 17
core   0: 3 0x80003d82 (0x8545) x10 0xffffffff
core   0: 0x80003d84 (0x41c8d993) srai    s3, a7, 28
core   0: 3 0x80003d84 (0x41c8d993) x19 0x00000000
core   0: 0x80003d88 (0x615a3893) sltiu   a7, s4, 1557
core   0: 3 0x80003d88 (0x615a3893) x17 0x00000001
core   0: 0x80003d8c (0x00001d10) c.addi4spn a2, sp, 688
core   0: 3 0x80003d8c (0x1d10) x12 0x000002b0
core   0: 0x80003d8e (0x00d590b3) sll     ra, a1, a3
core   0: 3 0x80003d8e (0x00d590b3) x1  0x00000100
core   0: 0x80003d92 (0x40ff0cb3) sub     s9, t5, a5
core   0: 3 0x80003d92 (0x40ff0cb3) x25 0x00001fea
core   0: 0x80003d96 (0x00008fad) c.xor   a5, a1
core   0: 3 0x80003d96 (0x8fad) x15 0x00000017
core   0: 0x80003d98 (0x031ba533) mulhsu  a0, s7, a7
core   0: 3 0x80003d98 (0x031ba533) x10 0xffffffff
core   0: 0x80003d9c (0x02bc9f33) mulh    t5, s9, a1
core   0: 3 0x80003d9c (0x02bc9f33) x30 0x00000000
core   0: 0x80003da0 (0x0000717d) c.addi16sp sp, -16
core   0: 3 0x80003da0 (0x717d) x2  0xfffffff0
core   0: 0x80003da2 (0x03dd6cb3) rem     s9, s10, t4
core   0: 3 0x80003da2 (0x03dd6cb3) x25 0x00000009
core   0: 0x80003da6 (0x00008fad) c.xor   a5, a1
core   0: 3 0x80003da6 (0x8fad) x15 0x00000016
core   0: 0x80003da8 (0x40328233) sub     tp, t0, gp
core   0: 3 0x80003da8 (0x40328233) x4  0xfba0f51f
core   0: 0x80003dac (0x00008fc9) c.or    a5, a0
core   0: 3 0x80003dac (0x8fc9) x15 0xffffffff
core   0: 0x80003dae (0x548a3d93) sltiu   s11, s4, 1352
core   0: 3 0x80003dae (0x548a3d93) x27 0x00000001
core   0: 0x80003db2 (0x00000001) c.nop
core   0: 3 0x80003db2 (0x0001)
core   0: 0x80003db4 (0xfba4cae3) blt     s1, s10, pc - 76
core   0: 3 0x80003db4 (0xfba4cae3)
core   0: 0x80003d68 (0xa4993213) sltiu   tp, s2, -1463
core   0: 3 0x80003d68 (0xa4993213) x4  0x00000001
core   0: 0x80003d6c (0x0216d933) divu    s2, a3, ra
core   0: 3 0x80003d6c (0x0216d933) x18 0x0080025e
core   0: 0x80003d70 (0x40bb0333) sub     t1, s6, a1
core   0: 3 0x80003d70 (0x40bb0333) x6  0xfffffffe
core   0: 0x80003d74 (0x40ce8133) sub     sp, t4, a2
core   0: 3 0x80003d74 (0x40ce8133) x2  0xfffffd50
core   0: 0x80003d78 (0x0000049d) c.addi  s1, 7
core   0: 3 0x80003d78 (0x049d) x9  0x00000004
core   0: 0x80003d7a (0x03e21733) mulh    a4, tp, t5
core   0: 3 0x80003d7a (0x03e21733) x14 0x00000000
core   0: 0x80003d7e (0x000092e2) c.add   t0, s8
core   0: 3 0x80003d7e (0x92e2) x5  0xf74418bf
core   0: 0x80003d80 (0x00008359) c.srli  a4, 22
core   0: 3 0x80003d80 (0x8359) x14 0x00000000
core   0: 0x80003d82 (0x00008545) c.srai  a0, 17
core   0: 3 0x80003d82 (0x8545) x10 0xffffffff
core   0: 0x80003d84 (0x41c8d993) srai    s3, a7, 28
core   0: 3 0x80003d84 (0x41c8d993) x19 0x00000000
core   0: 0x80003d88 (0x615a3893) sltiu   a7, s4, 1557
core   0: 3 0x80003d88 (0x615a3893) x17 0x00000001
core   0: 0x80003d8c (0x00001d10) c.addi4spn a2, sp, 688
core   0: 3 0x80003d8c (0x1d10) x12 0x00000000
core   0: 0x80003d8e (0x00d590b3) sll     ra, a1, a3
core   0: 3 0x80003d8e (0x00d590b3) x1  0x00000100
core   0: 0x80003d92 (0x40ff0cb3) sub     s9, t5, a5
core   0: 3 0x80003d92 (0x40ff0cb3) x25 0x00000001
core   0: 0x80003d96 (0x00008fad) c.xor   a5, a1
core   0: 3 0x80003d96 (0x8fad) x15 0xfffffffe
core   0: 0x80003d98 (0x031ba533) mulhsu  a0, s7, a7
core   0: 3 0x80003d98 (0x031ba533) x10 0xffffffff
core   0: 0x80003d9c (0x02bc9f33) mulh    t5, s9, a1
core   0: 3 0x80003d9c (0x02bc9f33) x30 0x00000000
core   0: 0x80003da0 (0x0000717d) c.addi16sp sp, -16
core   0: 3 0x80003da0 (0x717d) x2  0xfffffd40
core   0: 0x80003da2 (0x03dd6cb3) rem     s9, s10, t4
core   0: 3 0x80003da2 (0x03dd6cb3) x25 0x00000009
core   0: 0x80003da6 (0x00008fad) c.xor   a5, a1
core   0: 3 0x80003da6 (0x8fad) x15 0xffffffff
core   0: 0x80003da8 (0x40328233) sub     tp, t0, gp
core   0: 3 0x80003da8 (0x40328233) x4  0xf74418b6
core   0: 0x80003dac (0x00008fc9) c.or    a5, a0
core   0: 3 0x80003dac (0x8fc9) x15 0xffffffff
core   0: 0x80003dae (0x548a3d93) sltiu   s11, s4, 1352
core   0: 3 0x80003dae (0x548a3d93) x27 0x00000001
core   0: 0x80003db2 (0x00000001) c.nop
core   0: 3 0x80003db2 (0x0001)
core   0: 0x80003db4 (0xfba4cae3) blt     s1, s10, pc - 76
core   0: 3 0x80003db4 (0xfba4cae3)
core   0: 0x80003d68 (0xa4993213) sltiu   tp, s2, -1463
core   0: 3 0x80003d68 (0xa4993213) x4  0x00000001
core   0: 0x80003d6c (0x0216d933) divu    s2, a3, ra
core   0: 3 0x80003d6c (0x0216d933) x18 0x0080025e
core   0: 0x80003d70 (0x40bb0333) sub     t1, s6, a1
core   0: 3 0x80003d70 (0x40bb0333) x6  0xfffffffe
core   0: 0x80003d74 (0x40ce8133) sub     sp, t4, a2
core   0: 3 0x80003d74 (0x40ce8133) x2  0x00000000
core   0: 0x80003d78 (0x0000049d) c.addi  s1, 7
core   0: 3 0x80003d78 (0x049d) x9  0x0000000b
core   0: 0x80003d7a (0x03e21733) mulh    a4, tp, t5
core   0: 3 0x80003d7a (0x03e21733) x14 0x00000000
core   0: 0x80003d7e (0x000092e2) c.add   t0, s8
core   0: 3 0x80003d7e (0x92e2) x5  0xf2e73c56
core   0: 0x80003d80 (0x00008359) c.srli  a4, 22
core   0: 3 0x80003d80 (0x8359) x14 0x00000000
core   0: 0x80003d82 (0x00008545) c.srai  a0, 17
core   0: 3 0x80003d82 (0x8545) x10 0xffffffff
core   0: 0x80003d84 (0x41c8d993) srai    s3, a7, 28
core   0: 3 0x80003d84 (0x41c8d993) x19 0x00000000
core   0: 0x80003d88 (0x615a3893) sltiu   a7, s4, 1557
core   0: 3 0x80003d88 (0x615a3893) x17 0x00000001
core   0: 0x80003d8c (0x00001d10) c.addi4spn a2, sp, 688
core   0: 3 0x80003d8c (0x1d10) x12 0x000002b0
core   0: 0x80003d8e (0x00d590b3) sll     ra, a1, a3
core   0: 3 0x80003d8e (0x00d590b3) x1  0x00000100
core   0: 0x80003d92 (0x40ff0cb3) sub     s9, t5, a5
core   0: 3 0x80003d92 (0x40ff0cb3) x25 0x00000001
core   0: 0x80003d96 (0x00008fad) c.xor   a5, a1
core   0: 3 0x80003d96 (0x8fad) x15 0xfffffffe
core   0: 0x80003d98 (0x031ba533) mulhsu  a0, s7, a7
core   0: 3 0x80003d98 (0x031ba533) x10 0xffffffff
core   0: 0x80003d9c (0x02bc9f33) mulh    t5, s9, a1
core   0: 3 0x80003d9c (0x02bc9f33) x30 0x00000000
core   0: 0x80003da0 (0x0000717d) c.addi16sp sp, -16
core   0: 3 0x80003da0 (0x717d) x2  0xfffffff0
core   0: 0x80003da2 (0x03dd6cb3) rem     s9, s10, t4
core   0: 3 0x80003da2 (0x03dd6cb3) x25 0x00000009
core   0: 0x80003da6 (0x00008fad) c.xor   a5, a1
core   0: 3 0x80003da6 (0x8fad) x15 0xffffffff
core   0: 0x80003da8 (0x40328233) sub     tp, t0, gp
core   0: 3 0x80003da8 (0x40328233) x4  0xf2e73c4d
core   0: 0x80003dac (0x00008fc9) c.or    a5, a0
core   0: 3 0x80003dac (0x8fc9) x15 0xffffffff
core   0: 0x80003dae (0x548a3d93) sltiu   s11, s4, 1352
core   0: 3 0x80003dae (0x548a3d93) x27 0x00000001
core   0: 0x80003db2 (0x00000001) c.nop
core   0: 3 0x80003db2 (0x0001)
core   0: 0x80003db4 (0xfba4cae3) blt     s1, s10, pc - 76
core   0: 3 0x80003db4 (0xfba4cae3)
core   0: 0x80003db8 (0x038117b3) mulh    a5, sp, s8
core   0: 3 0x80003db8 (0x038117b3) x15 0x00000000
core   0: 0x80003dbc (0x00004ea1) c.li    t4, 8
core   0: 3 0x80003dbc (0x4ea1) x29 0x00000008
core   0: 0x80003dbe (0x40e75893) srai    a7, a4, 14
core   0: 3 0x80003dbe (0x40e75893) x17 0x00000000
core   0: 0x80003dc2 (0x0000014a) c.slli  sp, 18
core   0: 3 0x80003dc2 (0x014a) x2  0xffc00000
core   0: 0x80003dc4 (0x4022d1b3) sra     gp, t0, sp
core   0: 3 0x80003dc4 (0x4022d1b3) x3  0xf2e73c56
core   0: 0x80003dc8 (0x000043a1) c.li    t2, 8
core   0: 3 0x80003dc8 (0x43a1) x7  0x00000008
core   0: 0x80003dca (0x00008d39) c.xor   a0, a4
core   0: 3 0x80003dca (0x8d39) x10 0xffffffff
core   0: 0x80003dcc (0x00006179) c.addi16sp sp, 464
core   0: 3 0x80003dcc (0x6179) x2  0xffc001d0
core   0: 0x80003dce (0x00000001) c.nop
core   0: 3 0x80003dce (0x0001)
core   0: 0x80003dd0 (0x028e47b3) div     a5, t3, s0
core   0: 3 0x80003dd0 (0x028e47b3) x15 0x00000000
core   0: 0x80003dd4 (0x00c458b3) srl     a7, s0, a2
core   0: 3 0x80003dd4 (0x00c458b3) x17 0x00008002
core   0: 0x80003dd8 (0x00000001) c.nop
core   0: 3 0x80003dd8 (0x0001)
core   0: 0x80003dda (0x0000831d) c.srli  a4, 7
core   0: 3 0x80003dda (0x831d) x14 0x00000000
core   0: 0x80003ddc (0x99353897) auipc   a7, 0x99353
core   0: 3 0x80003ddc (0x99353897) x17 0x19356ddc
core   0: 0x80003de0 (0x000082f6) c.mv    t0, t4
core   0: 3 0x80003de0 (0x82f6) x5  0x00000008
core   0: 0x80003de2 (0x00001ee5) c.addi  t4, -7
core   0: 3 0x80003de2 (0x1ee5) x29 0x00000001
core   0: 0x80003de4 (0x40d88733) sub     a4, a7, a3
core   0: 3 0x80003de4 (0x40d88733) x14 0x99330fb4
core   0: 0x80003de8 (0x00ffb733) sltu    a4, t6, a5
core   0: 3 0x80003de8 (0x00ffb733) x14 0x00000000
core   0: 0x80003dec (0x2a5bca13) xori    s4, s7, 677
core   0: 3 0x80003dec (0x2a5bca13) x20 0xfffdd55a
core   0: 0x80003df0 (0x416457b3) sra     a5, s0, s6
core   0: 3 0x80003df0 (0x416457b3) x15 0xffffffff
core   0: 0x80003df4 (0xfc7efee3) bgeu    t4, t2, pc - 36
core   0: 3 0x80003df4 (0xfc7efee3)
core   0: 0x80003df8 (0x00008329) c.srli  a4, 10
core   0: 3 0x80003df8 (0x8329) x14 0x00000000
core   0: 0x80003dfa (0x000055ed) c.li    a1, -5
core   0: 3 0x80003dfa (0x55ed) x11 0xfffffffb
core   0: 0x80003dfc (0x00008f75) c.and   a4, a3
core   0: 3 0x80003dfc (0x8f75) x14 0x00000000
core   0: 0x80003dfe (0x00006149) c.addi16sp sp, 144
core   0: 3 0x80003dfe (0x6149) x2  0xffc00260
core   0: 0x80003e00 (0x0259a533) mulhsu  a0, s3, t0
core   0: 3 0x80003e00 (0x0259a533) x10 0x00000000
core   0: 0x80003e04 (0x023b2e33) mulhsu  t3, s6, gp
core   0: 3 0x80003e04 (0x023b2e33) x28 0xffffffff
core   0: 0x80003e08 (0x00004d19) c.li    s10, 6
core   0: 3 0x80003e08 (0x4d19) x26 0x00000006
core   0: 0x80003e0a (0x00000001) c.nop
core   0: 3 0x80003e0a (0x0001)
core   0: 0x80003e0c (0x8e37c513) xori    a0, a5, -1821
core   0: 3 0x80003e0c (0x8e37c513) x10 0x0000071c
core   0: 0x80003e10 (0x00006f45) c.lui   t5, 0x11
core   0: 3 0x80003e10 (0x6f45) x30 0x00011000
core   0: 0x80003e12 (0x000005a1) c.addi  a1, 8
core   0: 3 0x80003e12 (0x05a1) x11 0x00000003
core   0: 0x80003e14 (0x000050e1) c.li    ra, -8
core   0: 3 0x80003e14 (0x50e1) x1  0xfffffff8
core   0: 0x80003e16 (0x00001410) c.addi4spn a2, sp, 544
core   0: 3 0x80003e16 (0x1410) x12 0xffc00480
core   0: 0x80003e18 (0x00005b39) c.li    s6, -18
core   0: 3 0x80003e18 (0x5b39) x22 0xffffffee
core   0: 0x80003e1a (0x00047133) and     sp, s0, zero
core   0: 3 0x80003e1a (0x00047133) x2  0x00000000
core   0: 0x80003e1e (0x325ee513) ori     a0, t4, 805
core   0: 3 0x80003e1e (0x325ee513) x10 0x00000325
core   0: 0x80003e22 (0x000010f5) c.addi  ra, -3
core   0: 3 0x80003e22 (0x10f5) x1  0xfffffff5
core   0: 0x80003e24 (0x33c96393) ori     t2, s2, 828
core   0: 3 0x80003e24 (0x33c96393) x7  0x0080037e
core   0: 0x80003e28 (0xff60d9e3) bge     ra, s6, pc - 14
core   0: 3 0x80003e28 (0xff60d9e3)
core   0: 0x80003e1a (0x00047133) and     sp, s0, zero
core   0: 3 0x80003e1a (0x00047133) x2  0x00000000
core   0: 0x80003e1e (0x325ee513) ori     a0, t4, 805
core   0: 3 0x80003e1e (0x325ee513) x10 0x00000325
core   0: 0x80003e22 (0x000010f5) c.addi  ra, -3
core   0: 3 0x80003e22 (0x10f5) x1  0xfffffff2
core   0: 0x80003e24 (0x33c96393) ori     t2, s2, 828
core   0: 3 0x80003e24 (0x33c96393) x7  0x0080037e
core   0: 0x80003e28 (0xff60d9e3) bge     ra, s6, pc - 14
core   0: 3 0x80003e28 (0xff60d9e3)
core   0: 0x80003e1a (0x00047133) and     sp, s0, zero
core   0: 3 0x80003e1a (0x00047133) x2  0x00000000
core   0: 0x80003e1e (0x325ee513) ori     a0, t4, 805
core   0: 3 0x80003e1e (0x325ee513) x10 0x00000325
core   0: 0x80003e22 (0x000010f5) c.addi  ra, -3
core   0: 3 0x80003e22 (0x10f5) x1  0xffffffef
core   0: 0x80003e24 (0x33c96393) ori     t2, s2, 828
core   0: 3 0x80003e24 (0x33c96393) x7  0x0080037e
core   0: 0x80003e28 (0xff60d9e3) bge     ra, s6, pc - 14
core   0: 3 0x80003e28 (0xff60d9e3)
core   0: 0x80003e1a (0x00047133) and     sp, s0, zero
core   0: 3 0x80003e1a (0x00047133) x2  0x00000000
core   0: 0x80003e1e (0x325ee513) ori     a0, t4, 805
core   0: 3 0x80003e1e (0x325ee513) x10 0x00000325
core   0: 0x80003e22 (0x000010f5) c.addi  ra, -3
core   0: 3 0x80003e22 (0x10f5) x1  0xffffffec
core   0: 0x80003e24 (0x33c96393) ori     t2, s2, 828
core   0: 3 0x80003e24 (0x33c96393) x7  0x0080037e
core   0: 0x80003e28 (0xff60d9e3) bge     ra, s6, pc - 14
core   0: 3 0x80003e28 (0xff60d9e3)
core   0: 0x80003e2c (0x00008e15) c.sub   a2, a3
core   0: 3 0x80003e2c (0x8e15) x12 0x7fbda658
core   0: 0x80003e2e (0xe77fe917) auipc   s2, 0xe77fe
core   0: 3 0x80003e2e (0xe77fe917) x18 0x67801e2e
core   0: 0x80003e32 (0x009144b3) xor     s1, sp, s1
core   0: 3 0x80003e32 (0x009144b3) x9  0x0000000b
core   0: 0x80003e36 (0x018263b3) or      t2, tp, s8
core   0: 3 0x80003e36 (0x018263b3) x7  0xfbe73fdf
core   0: 0x80003e3a (0xfda5cbe3) blt     a1, s10, pc - 42
core   0: 3 0x80003e3a (0xfda5cbe3)
core   0: 0x80003e10 (0x00006f45) c.lui   t5, 0x11
core   0: 3 0x80003e10 (0x6f45) x30 0x00011000
core   0: 0x80003e12 (0x000005a1) c.addi  a1, 8
core   0: 3 0x80003e12 (0x05a1) x11 0x0000000b
core   0: 0x80003e14 (0x000050e1) c.li    ra, -8
core   0: 3 0x80003e14 (0x50e1) x1  0xfffffff8
core   0: 0x80003e16 (0x00001410) c.addi4spn a2, sp, 544
core   0: 3 0x80003e16 (0x1410) x12 0x00000220
core   0: 0x80003e18 (0x00005b39) c.li    s6, -18
core   0: 3 0x80003e18 (0x5b39) x22 0xffffffee
core   0: 0x80003e1a (0x00047133) and     sp, s0, zero
core   0: 3 0x80003e1a (0x00047133) x2  0x00000000
core   0: 0x80003e1e (0x325ee513) ori     a0, t4, 805
core   0: 3 0x80003e1e (0x325ee513) x10 0x00000325
core   0: 0x80003e22 (0x000010f5) c.addi  ra, -3
core   0: 3 0x80003e22 (0x10f5) x1  0xfffffff5
core   0: 0x80003e24 (0x33c96393) ori     t2, s2, 828
core   0: 3 0x80003e24 (0x33c96393) x7  0x67801f3e
core   0: 0x80003e28 (0xff60d9e3) bge     ra, s6, pc - 14
core   0: 3 0x80003e28 (0xff60d9e3)
core   0: 0x80003e1a (0x00047133) and     sp, s0, zero
core   0: 3 0x80003e1a (0x00047133) x2  0x00000000
core   0: 0x80003e1e (0x325ee513) ori     a0, t4, 805
core   0: 3 0x80003e1e (0x325ee513) x10 0x00000325
core   0: 0x80003e22 (0x000010f5) c.addi  ra, -3
core   0: 3 0x80003e22 (0x10f5) x1  0xfffffff2
core   0: 0x80003e24 (0x33c96393) ori     t2, s2, 828
core   0: 3 0x80003e24 (0x33c96393) x7  0x67801f3e
core   0: 0x80003e28 (0xff60d9e3) bge     ra, s6, pc - 14
core   0: 3 0x80003e28 (0xff60d9e3)
core   0: 0x80003e1a (0x00047133) and     sp, s0, zero
core   0: 3 0x80003e1a (0x00047133) x2  0x00000000
core   0: 0x80003e1e (0x325ee513) ori     a0, t4, 805
core   0: 3 0x80003e1e (0x325ee513) x10 0x00000325
core   0: 0x80003e22 (0x000010f5) c.addi  ra, -3
core   0: 3 0x80003e22 (0x10f5) x1  0xffffffef
core   0: 0x80003e24 (0x33c96393) ori     t2, s2, 828
core   0: 3 0x80003e24 (0x33c96393) x7  0x67801f3e
core   0: 0x80003e28 (0xff60d9e3) bge     ra, s6, pc - 14
core   0: 3 0x80003e28 (0xff60d9e3)
core   0: 0x80003e1a (0x00047133) and     sp, s0, zero
core   0: 3 0x80003e1a (0x00047133) x2  0x00000000
core   0: 0x80003e1e (0x325ee513) ori     a0, t4, 805
core   0: 3 0x80003e1e (0x325ee513) x10 0x00000325
core   0: 0x80003e22 (0x000010f5) c.addi  ra, -3
core   0: 3 0x80003e22 (0x10f5) x1  0xffffffec
core   0: 0x80003e24 (0x33c96393) ori     t2, s2, 828
core   0: 3 0x80003e24 (0x33c96393) x7  0x67801f3e
core   0: 0x80003e28 (0xff60d9e3) bge     ra, s6, pc - 14
core   0: 3 0x80003e28 (0xff60d9e3)
core   0: 0x80003e2c (0x00008e15) c.sub   a2, a3
core   0: 3 0x80003e2c (0x8e15) x12 0x7ffda3f8
core   0: 0x80003e2e (0xe77fe917) auipc   s2, 0xe77fe
core   0: 3 0x80003e2e (0xe77fe917) x18 0x67801e2e
core   0: 0x80003e32 (0x009144b3) xor     s1, sp, s1
core   0: 3 0x80003e32 (0x009144b3) x9  0x0000000b
core   0: 0x80003e36 (0x018263b3) or      t2, tp, s8
core   0: 3 0x80003e36 (0x018263b3) x7  0xfbe73fdf
core   0: 0x80003e3a (0xfda5cbe3) blt     a1, s10, pc - 42
core   0: 3 0x80003e3a (0xfda5cbe3)
core   0: 0x80003e3e (0x0000157d) c.addi  a0, -1
core   0: 3 0x80003e3e (0x157d) x10 0x00000324
core   0: 0x80003e40 (0x00004ea9) c.li    t4, 10
core   0: 3 0x80003e40 (0x4ea9) x29 0x0000000a
core   0: 0x80003e42 (0x1531ff37) lui     t5, 0x1531f
core   0: 3 0x80003e42 (0x1531ff37) x30 0x1531f000
core   0: 0x80003e46 (0x00008dc1) c.or    a1, s0
core   0: 3 0x80003e46 (0x8dc1) x11 0x80029cef
core   0: 0x80003e48 (0x00f44533) xor     a0, s0, a5
core   0: 3 0x80003e48 (0x00f44533) x10 0x7ffd631b
core   0: 0x80003e4c (0x4bbd0e17) auipc   t3, 0x4bbd0
core   0: 3 0x80003e4c (0x4bbd0e17) x28 0xcbbd3e4c
core   0: 0x80003e50 (0x00004291) c.li    t0, 4
core   0: 3 0x80003e50 (0x4291) x5  0x00000004
core   0: 0x80003e52 (0x000050fd) c.li    ra, -1
core   0: 3 0x80003e52 (0x50fd) x1  0xffffffff
core   0: 0x80003e54 (0x00001efd) c.addi  t4, -1
core   0: 3 0x80003e54 (0x1efd) x29 0x00000009
core   0: 0x80003e56 (0x000080fa) c.mv    ra, t5
core   0: 3 0x80003e56 (0x80fa) x1  0x1531f000
core   0: 0x80003e58 (0x028d1833) mulh    a6, s10, s0
core   0: 3 0x80003e58 (0x028d1833) x16 0xfffffffd
core   0: 0x80003e5c (0x4008d313) srai    t1, a7, 0
core   0: 3 0x80003e5c (0x4008d313) x6  0x19356ddc
core   0: 0x80003e60 (0x005e54b3) srl     s1, t3, t0
core   0: 3 0x80003e60 (0x005e54b3) x9  0x0cbbd3e4
core   0: 0x80003e64 (0x00008e35) c.xor   a2, a3
core   0: 3 0x80003e64 (0x8e35) x12 0xfffffdd0
core   0: 0x80003e66 (0xfe5ef6e3) bgeu    t4, t0, pc - 20
core   0: 3 0x80003e66 (0xfe5ef6e3)
core   0: 0x80003e52 (0x000050fd) c.li    ra, -1
core   0: 3 0x80003e52 (0x50fd) x1  0xffffffff
core   0: 0x80003e54 (0x00001efd) c.addi  t4, -1
core   0: 3 0x80003e54 (0x1efd) x29 0x00000008
core   0: 0x80003e56 (0x000080fa) c.mv    ra, t5
core   0: 3 0x80003e56 (0x80fa) x1  0x1531f000
core   0: 0x80003e58 (0x028d1833) mulh    a6, s10, s0
core   0: 3 0x80003e58 (0x028d1833) x16 0xfffffffd
core   0: 0x80003e5c (0x4008d313) srai    t1, a7, 0
core   0: 3 0x80003e5c (0x4008d313) x6  0x19356ddc
core   0: 0x80003e60 (0x005e54b3) srl     s1, t3, t0
core   0: 3 0x80003e60 (0x005e54b3) x9  0x0cbbd3e4
core   0: 0x80003e64 (0x00008e35) c.xor   a2, a3
core   0: 3 0x80003e64 (0x8e35) x12 0x7ffda3f8
core   0: 0x80003e66 (0xfe5ef6e3) bgeu    t4, t0, pc - 20
core   0: 3 0x80003e66 (0xfe5ef6e3)
core   0: 0x80003e52 (0x000050fd) c.li    ra, -1
core   0: 3 0x80003e52 (0x50fd) x1  0xffffffff
core   0: 0x80003e54 (0x00001efd) c.addi  t4, -1
core   0: 3 0x80003e54 (0x1efd) x29 0x00000007
core   0: 0x80003e56 (0x000080fa) c.mv    ra, t5
core   0: 3 0x80003e56 (0x80fa) x1  0x1531f000
core   0: 0x80003e58 (0x028d1833) mulh    a6, s10, s0
core   0: 3 0x80003e58 (0x028d1833) x16 0xfffffffd
core   0: 0x80003e5c (0x4008d313) srai    t1, a7, 0
core   0: 3 0x80003e5c (0x4008d313) x6  0x19356ddc
core   0: 0x80003e60 (0x005e54b3) srl     s1, t3, t0
core   0: 3 0x80003e60 (0x005e54b3) x9  0x0cbbd3e4
core   0: 0x80003e64 (0x00008e35) c.xor   a2, a3
core   0: 3 0x80003e64 (0x8e35) x12 0xfffffdd0
core   0: 0x80003e66 (0xfe5ef6e3) bgeu    t4, t0, pc - 20
core   0: 3 0x80003e66 (0xfe5ef6e3)
core   0: 0x80003e52 (0x000050fd) c.li    ra, -1
core   0: 3 0x80003e52 (0x50fd) x1  0xffffffff
core   0: 0x80003e54 (0x00001efd) c.addi  t4, -1
core   0: 3 0x80003e54 (0x1efd) x29 0x00000006
core   0: 0x80003e56 (0x000080fa) c.mv    ra, t5
core   0: 3 0x80003e56 (0x80fa) x1  0x1531f000
core   0: 0x80003e58 (0x028d1833) mulh    a6, s10, s0
core   0: 3 0x80003e58 (0x028d1833) x16 0xfffffffd
core   0: 0x80003e5c (0x4008d313) srai    t1, a7, 0
core   0: 3 0x80003e5c (0x4008d313) x6  0x19356ddc
core   0: 0x80003e60 (0x005e54b3) srl     s1, t3, t0
core   0: 3 0x80003e60 (0x005e54b3) x9  0x0cbbd3e4
core   0: 0x80003e64 (0x00008e35) c.xor   a2, a3
core   0: 3 0x80003e64 (0x8e35) x12 0x7ffda3f8
core   0: 0x80003e66 (0xfe5ef6e3) bgeu    t4, t0, pc - 20
core   0: 3 0x80003e66 (0xfe5ef6e3)
core   0: 0x80003e52 (0x000050fd) c.li    ra, -1
core   0: 3 0x80003e52 (0x50fd) x1  0xffffffff
core   0: 0x80003e54 (0x00001efd) c.addi  t4, -1
core   0: 3 0x80003e54 (0x1efd) x29 0x00000005
core   0: 0x80003e56 (0x000080fa) c.mv    ra, t5
core   0: 3 0x80003e56 (0x80fa) x1  0x1531f000
core   0: 0x80003e58 (0x028d1833) mulh    a6, s10, s0
core   0: 3 0x80003e58 (0x028d1833) x16 0xfffffffd
core   0: 0x80003e5c (0x4008d313) srai    t1, a7, 0
core   0: 3 0x80003e5c (0x4008d313) x6  0x19356ddc
core   0: 0x80003e60 (0x005e54b3) srl     s1, t3, t0
core   0: 3 0x80003e60 (0x005e54b3) x9  0x0cbbd3e4
core   0: 0x80003e64 (0x00008e35) c.xor   a2, a3
core   0: 3 0x80003e64 (0x8e35) x12 0xfffffdd0
core   0: 0x80003e66 (0xfe5ef6e3) bgeu    t4, t0, pc - 20
core   0: 3 0x80003e66 (0xfe5ef6e3)
core   0: 0x80003e52 (0x000050fd) c.li    ra, -1
core   0: 3 0x80003e52 (0x50fd) x1  0xffffffff
core   0: 0x80003e54 (0x00001efd) c.addi  t4, -1
core   0: 3 0x80003e54 (0x1efd) x29 0x00000004
core   0: 0x80003e56 (0x000080fa) c.mv    ra, t5
core   0: 3 0x80003e56 (0x80fa) x1  0x1531f000
core   0: 0x80003e58 (0x028d1833) mulh    a6, s10, s0
core   0: 3 0x80003e58 (0x028d1833) x16 0xfffffffd
core   0: 0x80003e5c (0x4008d313) srai    t1, a7, 0
core   0: 3 0x80003e5c (0x4008d313) x6  0x19356ddc
core   0: 0x80003e60 (0x005e54b3) srl     s1, t3, t0
core   0: 3 0x80003e60 (0x005e54b3) x9  0x0cbbd3e4
core   0: 0x80003e64 (0x00008e35) c.xor   a2, a3
core   0: 3 0x80003e64 (0x8e35) x12 0x7ffda3f8
core   0: 0x80003e66 (0xfe5ef6e3) bgeu    t4, t0, pc - 20
core   0: 3 0x80003e66 (0xfe5ef6e3)
core   0: 0x80003e52 (0x000050fd) c.li    ra, -1
core   0: 3 0x80003e52 (0x50fd) x1  0xffffffff
core   0: 0x80003e54 (0x00001efd) c.addi  t4, -1
core   0: 3 0x80003e54 (0x1efd) x29 0x00000003
core   0: 0x80003e56 (0x000080fa) c.mv    ra, t5
core   0: 3 0x80003e56 (0x80fa) x1  0x1531f000
core   0: 0x80003e58 (0x028d1833) mulh    a6, s10, s0
core   0: 3 0x80003e58 (0x028d1833) x16 0xfffffffd
core   0: 0x80003e5c (0x4008d313) srai    t1, a7, 0
core   0: 3 0x80003e5c (0x4008d313) x6  0x19356ddc
core   0: 0x80003e60 (0x005e54b3) srl     s1, t3, t0
core   0: 3 0x80003e60 (0x005e54b3) x9  0x0cbbd3e4
core   0: 0x80003e64 (0x00008e35) c.xor   a2, a3
core   0: 3 0x80003e64 (0x8e35) x12 0xfffffdd0
core   0: 0x80003e66 (0xfe5ef6e3) bgeu    t4, t0, pc - 20
core   0: 3 0x80003e66 (0xfe5ef6e3)
core   0: 0x80003e6a (0x00000486) c.slli  s1, 1
core   0: 3 0x80003e6a (0x0486) x9  0x1977a7c8
core   0: 0x80003e6c (0x00004a11) c.li    s4, 4
core   0: 3 0x80003e6c (0x4a11) x20 0x00000004
core   0: 0x80003e6e (0x0000717d) c.addi16sp sp, -16
core   0: 3 0x80003e6e (0x717d) x2  0xfffffff0
core   0: 0x80003e70 (0x40fe0e33) sub     t3, t3, a5
core   0: 3 0x80003e70 (0x40fe0e33) x28 0xcbbd3e4d
core   0: 0x80003e74 (0x00004e91) c.li    t4, 4
core   0: 3 0x80003e74 (0x4e91) x29 0x00000004
core   0: 0x80003e76 (0x0000140c) c.addi4spn a1, sp, 544
core   0: 3 0x80003e76 (0x140c) x11 0x00000210
core   0: 0x80003e78 (0x40dbdbb3) sra     s7, s7, a3
core   0: 3 0x80003e78 (0x40dbdbb3) x23 0xfffffdd7
core   0: 0x80003e7c (0x00af6fb3) or      t6, t5, a0
core   0: 3 0x80003e7c (0x00af6fb3) x31 0x7ffdf31b
core   0: 0x80003e80 (0x00b0bab3) sltu    s5, ra, a1
core   0: 3 0x80003e80 (0x00b0bab3) x21 0x00000000
core   0: 0x80003e84 (0x00001a79) c.addi  s4, -2
core   0: 3 0x80003e84 (0x1a79) x20 0x00000002
core   0: 0x80003e86 (0x017f4833) xor     a6, t5, s7
core   0: 3 0x80003e86 (0x017f4833) x16 0xeace0dd7
core   0: 0x80003e8a (0x411fdf93) srai    t6, t6, 17
core   0: 3 0x80003e8a (0x411fdf93) x31 0x00003ffe
core   0: 0x80003e8e (0x0319aab3) mulhsu  s5, s3, a7
core   0: 3 0x80003e8e (0x0319aab3) x21 0x00000000
core   0: 0x80003e92 (0x01119113) slli    sp, gp, 17
core   0: 3 0x80003e92 (0x01119113) x2  0x78ac0000
core   0: 0x80003e96 (0xffda55e3) bge     s4, t4, pc - 22
core   0: 3 0x80003e96 (0xffda55e3)
core   0: 0x80003e9a (0x02afa4b3) mulhsu  s1, t6, a0
core   0: 3 0x80003e9a (0x02afa4b3) x9  0x00001ffe
core   0: 0x80003e9e (0x00004aa5) c.li    s5, 9
core   0: 3 0x80003e9e (0x4aa5) x21 0x00000009
core   0: 0x80003ea0 (0x00000001) c.nop
core   0: 3 0x80003ea0 (0x0001)
core   0: 0x80003ea2 (0x000081bd) c.srli  a1, 15
core   0: 3 0x80003ea2 (0x81bd) x11 0x00000000
core   0: 0x80003ea4 (0x00008cc2) c.mv    s9, a6
core   0: 3 0x80003ea4 (0x8cc2) x25 0xeace0dd7
core   0: 0x80003ea6 (0xb13fc393) xori    t2, t6, -1261
core   0: 3 0x80003ea6 (0xb13fc393) x7  0xffffc4ed
core   0: 0x80003eaa (0x0000717d) c.addi16sp sp, -16
core   0: 3 0x80003eaa (0x717d) x2  0x78abfff0
core   0: 0x80003eac (0x00004895) c.li    a7, 5
core   0: 3 0x80003eac (0x4895) x17 0x00000005
core   0: 0x80003eae (0x00006f65) c.lui   t5, 0x19
core   0: 3 0x80003eae (0x6f65) x30 0x00019000
core   0: 0x80003eb0 (0x00ea9513) slli    a0, s5, 14
core   0: 3 0x80003eb0 (0x00ea9513) x10 0x00024000
core   0: 0x80003eb4 (0x00008f1d) c.sub   a4, a5
core   0: 3 0x80003eb4 (0x8f1d) x14 0x00000001
core   0: 0x80003eb6 (0x00001ae1) c.addi  s5, -8
core   0: 3 0x80003eb6 (0x1ae1) x21 0x00000001
core   0: 0x80003eb8 (0xff1adee3) bge     s5, a7, pc - 4
core   0: 3 0x80003eb8 (0xff1adee3)
core   0: 0x80003ebc (0x000084c5) c.srai  s1, 17
core   0: 3 0x80003ebc (0x84c5) x9  0x00000000
core   0: 0x80003ebe (0x00004621) c.li    a2, 8
core   0: 3 0x80003ebe (0x4621) x12 0x00000008
core   0: 0x80003ec0 (0x005863b3) or      t2, a6, t0
core   0: 3 0x80003ec0 (0x005863b3) x7  0xeace0dd7
core   0: 0x80003ec4 (0x0000997d) c.andi  a0, -1
core   0: 3 0x80003ec4 (0x997d) x10 0x00024000
core   0: 0x80003ec6 (0x000055fd) c.li    a1, -1
core   0: 3 0x80003ec6 (0x55fd) x11 0xffffffff
core   0: 0x80003ec8 (0x00004db9) c.li    s11, 14
core   0: 3 0x80003ec8 (0x4db9) x27 0x0000000e
core   0: 0x80003eca (0x032f8b33) mul     s6, t6, s2
core   0: 3 0x80003eca (0x032f8b33) x22 0x388b43a4
core   0: 0x80003ece (0x001307b3) add     a5, t1, ra
core   0: 3 0x80003ece (0x001307b3) x15 0x2e675ddc
core   0: 0x80003ed2 (0xc9a7ab13) slti    s6, a5, -870
core   0: 3 0x80003ed2 (0xc9a7ab13) x22 0x00000000
core   0: 0x80003ed6 (0x00000609) c.addi  a2, 2
core   0: 3 0x80003ed6 (0x0609) x12 0x0000000a
core   0: 0x80003ed8 (0x00000001) c.nop
core   0: 3 0x80003ed8 (0x0001)
core   0: 0x80003eda (0x175db713) sltiu   a4, s11, 373
core   0: 3 0x80003eda (0x175db713) x14 0x00000001
core   0: 0x80003ede (0x000040f1) c.li    ra, 28
core   0: 3 0x80003ede (0x40f1) x1  0x0000001c
core   0: 0x80003ee0 (0x96166393) ori     t2, a2, -1695
core   0: 3 0x80003ee0 (0x96166393) x7  0xfffff96b
core   0: 0x80003ee4 (0xffb643e3) blt     a2, s11, pc - 26
core   0: 3 0x80003ee4 (0xffb643e3)
core   0: 0x80003eca (0x032f8b33) mul     s6, t6, s2
core   0: 3 0x80003eca (0x032f8b33) x22 0x388b43a4
core   0: 0x80003ece (0x001307b3) add     a5, t1, ra
core   0: 3 0x80003ece (0x001307b3) x15 0x19356df8
core   0: 0x80003ed2 (0xc9a7ab13) slti    s6, a5, -870
core   0: 3 0x80003ed2 (0xc9a7ab13) x22 0x00000000
core   0: 0x80003ed6 (0x00000609) c.addi  a2, 2
core   0: 3 0x80003ed6 (0x0609) x12 0x0000000c
core   0: 0x80003ed8 (0x00000001) c.nop
core   0: 3 0x80003ed8 (0x0001)
core   0: 0x80003eda (0x175db713) sltiu   a4, s11, 373
core   0: 3 0x80003eda (0x175db713) x14 0x00000001
core   0: 0x80003ede (0x000040f1) c.li    ra, 28
core   0: 3 0x80003ede (0x40f1) x1  0x0000001c
core   0: 0x80003ee0 (0x96166393) ori     t2, a2, -1695
core   0: 3 0x80003ee0 (0x96166393) x7  0xfffff96d
core   0: 0x80003ee4 (0xffb643e3) blt     a2, s11, pc - 26
core   0: 3 0x80003ee4 (0xffb643e3)
core   0: 0x80003eca (0x032f8b33) mul     s6, t6, s2
core   0: 3 0x80003eca (0x032f8b33) x22 0x388b43a4
core   0: 0x80003ece (0x001307b3) add     a5, t1, ra
core   0: 3 0x80003ece (0x001307b3) x15 0x19356df8
core   0: 0x80003ed2 (0xc9a7ab13) slti    s6, a5, -870
core   0: 3 0x80003ed2 (0xc9a7ab13) x22 0x00000000
core   0: 0x80003ed6 (0x00000609) c.addi  a2, 2
core   0: 3 0x80003ed6 (0x0609) x12 0x0000000e
core   0: 0x80003ed8 (0x00000001) c.nop
core   0: 3 0x80003ed8 (0x0001)
core   0: 0x80003eda (0x175db713) sltiu   a4, s11, 373
core   0: 3 0x80003eda (0x175db713) x14 0x00000001
core   0: 0x80003ede (0x000040f1) c.li    ra, 28
core   0: 3 0x80003ede (0x40f1) x1  0x0000001c
core   0: 0x80003ee0 (0x96166393) ori     t2, a2, -1695
core   0: 3 0x80003ee0 (0x96166393) x7  0xfffff96f
core   0: 0x80003ee4 (0xffb643e3) blt     a2, s11, pc - 26
core   0: 3 0x80003ee4 (0xffb643e3)
core   0: 0x80003ee8 (0x023b9fb3) mulh    t6, s7, gp
core   0: 3 0x80003ee8 (0x023b9fb3) x31 0x0000001c
core   0: 0x80003eec (0x00005ad9) c.li    s5, -10
core   0: 3 0x80003eec (0x5ad9) x21 0xfffffff6
core   0: 0x80003eee (0x41375fb3) sra     t6, a4, s3
core   0: 3 0x80003eee (0x41375fb3) x31 0x00000001
core   0: 0x80003ef2 (0x00005161) c.li    sp, -8
core   0: 3 0x80003ef2 (0x5161) x2  0xfffffff8
core   0: 0x80003ef4 (0x4d1dfe17) auipc   t3, 0x4d1df
core   0: 3 0x80003ef4 (0x4d1dfe17) x28 0xcd1e2ef4
core   0: 0x80003ef8 (0x016f41b3) xor     gp, t5, s6
core   0: 3 0x80003ef8 (0x016f41b3) x3  0x00019000
core   0: 0x80003efc (0x244c7393) andi    t2, s8, 580
core   0: 3 0x80003efc (0x244c7393) x7  0x00000204
core   0: 0x80003f00 (0x00006dad) c.lui   s11, 0xb
core   0: 3 0x80003f00 (0x6dad) x27 0x0000b000
core   0: 0x80003f02 (0x63897e13) andi    t3, s2, 1592
core   0: 3 0x80003f02 (0x63897e13) x28 0x00000628
core   0: 0x80003f06 (0x7ff6af17) auipc   t5, 0x7ff6a
core   0: 3 0x80003f06 (0x7ff6af17) x30 0xfff6df06
core   0: 0x80003f0a (0x00000a95) c.addi  s5, 5
core   0: 3 0x80003f0a (0x0a95) x21 0xfffffffb
core   0: 0x80003f0c (0x00006eb5) c.lui   t4, 0xd
core   0: 3 0x80003f0c (0x6eb5) x29 0x0000d000
core   0: 0x80003f0e (0x000002ae) c.slli  t0, 11
core   0: 3 0x80003f0e (0x02ae) x5  0x00002000
core   0: 0x80003f10 (0x00008c95) c.sub   s1, a3
core   0: 3 0x80003f10 (0x8c95) x9  0x7ffda1d8
core   0: 0x80003f12 (0x00971f93) slli    t6, a4, 9
core   0: 3 0x80003f12 (0x00971f93) x31 0x00000200
core   0: 0x80003f16 (0x02d2fb33) remu    s6, t0, a3
core   0: 3 0x80003f16 (0x02d2fb33) x22 0x00002000
core   0: 0x80003f1a (0x0027e933) or      s2, a5, sp
core   0: 3 0x80003f1a (0x0027e933) x18 0xfffffff8
core   0: 0x80003f1e (0xf3f70193) addi    gp, a4, -193
core   0: 3 0x80003f1e (0xf3f70193) x3  0xffffff40
core   0: 0x80003f22 (0x57b9acb7) lui     s9, 0x57b9a
core   0: 3 0x80003f22 (0x57b9acb7) x25 0x57b9a000
core   0: 0x80003f26 (0x1f5cc493) xori    s1, s9, 501
core   0: 3 0x80003f26 (0x1f5cc493) x9  0x57b9a1f5
core   0: 0x80003f2a (0x4ff80613) addi    a2, a6, 1279
core   0: 3 0x80003f2a (0x4ff80613) x12 0xeace12d6
core   0: 0x80003f2e (0xfc2acce3) blt     s5, sp, pc - 40
core   0: 3 0x80003f2e (0xfc2acce3)
core   0: 0x80003f32 (0x0270ffb3) remu    t6, ra, t2
core   0: 3 0x80003f32 (0x0270ffb3) x31 0x0000001c
core   0: 0x80003f36 (0x00005e61) c.li    t3, -8
core   0: 3 0x80003f36 (0x5e61) x28 0xfffffff8
core   0: 0x80003f38 (0x000047c9) c.li    a5, 18
core   0: 3 0x80003f38 (0x47c9) x15 0x00000012
core   0: 0x80003f3a (0x0171bf33) sltu    t5, gp, s7
core   0: 3 0x80003f3a (0x0171bf33) x30 0x00000000
core   0: 0x80003f3e (0xebb65d17) auipc   s10, 0xebb65
core   0: 3 0x80003f3e (0xebb65d17) x26 0x6bb68f3e
core   0: 0x80003f42 (0x022f6933) rem     s2, t5, sp
core   0: 3 0x80003f42 (0x022f6933) x18 0x00000000
core   0: 0x80003f46 (0x00000e05) c.addi  t3, 1
core   0: 3 0x80003f46 (0x0e05) x28 0xfffffff9
core   0: 0x80003f48 (0xfefe0be3) beq     t3, a5, pc - 10
core   0: 3 0x80003f48 (0xfefe0be3)
core   0: 0x80003f4c (0x000050fd) c.li    ra, -1
core   0: 3 0x80003f4c (0x50fd) x1  0xffffffff
core   0: 0x80003f4e (0x00004491) c.li    s1, 4
core   0: 3 0x80003f4e (0x4491) x9  0x00000004
core   0: 0x80003f50 (0x03163233) mulhu   tp, a2, a7
core   0: 3 0x80003f50 (0x03163233) x4  0x00000004
core   0: 0x80003f54 (0x01f5f933) and     s2, a1, t6
core   0: 3 0x80003f54 (0x01f5f933) x18 0x0000001c
core   0: 0x80003f58 (0x00000001) c.nop
core   0: 3 0x80003f58 (0x0001)
core   0: 0x80003f5a (0x03a77cb3) remu    s9, a4, s10
core   0: 3 0x80003f5a (0x03a77cb3) x25 0x00000001
core   0: 0x80003f5e (0x00001510) c.addi4spn a2, sp, 672
core   0: 3 0x80003f5e (0x1510) x12 0x00000298
core   0: 0x80003f60 (0x408105b3) sub     a1, sp, s0
core   0: 3 0x80003f60 (0x408105b3) x11 0x7ffd6314
core   0: 0x80003f64 (0x000014f9) c.addi  s1, -2
core   0: 3 0x80003f64 (0x14f9) x9  0x00000002
core   0: 0x80003f66 (0x00000001) c.nop
core   0: 3 0x80003f66 (0x0001)
core   0: 0x80003f68 (0xd448a613) slti    a2, a7, -700
core   0: 3 0x80003f68 (0xd448a613) x12 0x00000000
core   0: 0x80003f6c (0x13dcf293) andi    t0, s9, 317
core   0: 3 0x80003f6c (0x13dcf293) x5  0x00000001
core   0: 0x80003f70 (0x0000717d) c.addi16sp sp, -16
core   0: 3 0x80003f70 (0x717d) x2  0xffffffe8
core   0: 0x80003f72 (0x00008942) c.mv    s2, a6
core   0: 3 0x80003f72 (0x8942) x18 0xeace0dd7
core   0: 0x80003f74 (0x00005575) c.li    a0, -3
core   0: 3 0x80003f74 (0x5575) x10 0xfffffffd
core   0: 0x80003f76 (0x015aa733) slt     a4, s5, s5
core   0: 3 0x80003f76 (0x015aa733) x14 0x00000000
core   0: 0x80003f7a (0x00009776) c.add   a4, t4
core   0: 3 0x80003f7a (0x9776) x14 0x0000d000
core   0: 0x80003f7c (0x00004f99) c.li    t6, 6
core   0: 3 0x80003f7c (0x4f99) x31 0x00000006
core   0: 0x80003f7e (0x00ea12b3) sll     t0, s4, a4
core   0: 3 0x80003f7e (0x00ea12b3) x5  0x00000002
core   0: 0x80003f82 (0x5244a813) slti    a6, s1, 1316
core   0: 3 0x80003f82 (0x5244a813) x16 0x00000001
core   0: 0x80003f86 (0x00008e5d) c.or    a2, a5
core   0: 3 0x80003f86 (0x8e5d) x12 0x00000012
core   0: 0x80003f88 (0x4084bc93) sltiu   s9, s1, 1032
core   0: 3 0x80003f88 (0x4084bc93) x25 0x00000001
core   0: 0x80003f8c (0x00008f1d) c.sub   a4, a5
core   0: 3 0x80003f8c (0x8f1d) x14 0x0000cfee
core   0: 0x80003f8e (0x038c8cb3) mul     s9, s9, s8
core   0: 3 0x80003f8e (0x038c8cb3) x25 0xfba32397
core   0: 0x80003f92 (0x00000505) c.addi  a0, 1
core   0: 3 0x80003f92 (0x0505) x10 0xfffffffe
core   0: 0x80003f94 (0xfff56ce3) bltu    a0, t6, pc - 8
core   0: 3 0x80003f94 (0xfff56ce3)
core   0: 0x80003f98 (0x03cc82b3) mul     t0, s9, t3
core   0: 3 0x80003f98 (0x03cc82b3) x5  0x1e8a06df
core   0: 0x80003f9c (0x01158333) add     t1, a1, a7
core   0: 3 0x80003f9c (0x01158333) x6  0x7ffd6319
core   0: 0x80003fa0 (0x0000f0e1) c.bnez  s1, pc - 64
core   0: 3 0x80003fa0 (0xf0e1)
core   0: 0x80003f60 (0x408105b3) sub     a1, sp, s0
core   0: 3 0x80003f60 (0x408105b3) x11 0x7ffd6304
core   0: 0x80003f64 (0x000014f9) c.addi  s1, -2
core   0: 3 0x80003f64 (0x14f9) x9  0x00000000
core   0: 0x80003f66 (0x00000001) c.nop
core   0: 3 0x80003f66 (0x0001)
core   0: 0x80003f68 (0xd448a613) slti    a2, a7, -700
core   0: 3 0x80003f68 (0xd448a613) x12 0x00000000
core   0: 0x80003f6c (0x13dcf293) andi    t0, s9, 317
core   0: 3 0x80003f6c (0x13dcf293) x5  0x00000115
core   0: 0x80003f70 (0x0000717d) c.addi16sp sp, -16
core   0: 3 0x80003f70 (0x717d) x2  0xffffffd8
core   0: 0x80003f72 (0x00008942) c.mv    s2, a6
core   0: 3 0x80003f72 (0x8942) x18 0x00000001
core   0: 0x80003f74 (0x00005575) c.li    a0, -3
core   0: 3 0x80003f74 (0x5575) x10 0xfffffffd
core   0: 0x80003f76 (0x015aa733) slt     a4, s5, s5
core   0: 3 0x80003f76 (0x015aa733) x14 0x00000000
core   0: 0x80003f7a (0x00009776) c.add   a4, t4
core   0: 3 0x80003f7a (0x9776) x14 0x0000d000
core   0: 0x80003f7c (0x00004f99) c.li    t6, 6
core   0: 3 0x80003f7c (0x4f99) x31 0x00000006
core   0: 0x80003f7e (0x00ea12b3) sll     t0, s4, a4
core   0: 3 0x80003f7e (0x00ea12b3) x5  0x00000002
core   0: 0x80003f82 (0x5244a813) slti    a6, s1, 1316
core   0: 3 0x80003f82 (0x5244a813) x16 0x00000001
core   0: 0x80003f86 (0x00008e5d) c.or    a2, a5
core   0: 3 0x80003f86 (0x8e5d) x12 0x00000012
core   0: 0x80003f88 (0x4084bc93) sltiu   s9, s1, 1032
core   0: 3 0x80003f88 (0x4084bc93) x25 0x00000001
core   0: 0x80003f8c (0x00008f1d) c.sub   a4, a5
core   0: 3 0x80003f8c (0x8f1d) x14 0x0000cfee
core   0: 0x80003f8e (0x038c8cb3) mul     s9, s9, s8
core   0: 3 0x80003f8e (0x038c8cb3) x25 0xfba32397
core   0: 0x80003f92 (0x00000505) c.addi  a0, 1
core   0: 3 0x80003f92 (0x0505) x10 0xfffffffe
core   0: 0x80003f94 (0xfff56ce3) bltu    a0, t6, pc - 8
core   0: 3 0x80003f94 (0xfff56ce3)
core   0: 0x80003f98 (0x03cc82b3) mul     t0, s9, t3
core   0: 3 0x80003f98 (0x03cc82b3) x5  0x1e8a06df
core   0: 0x80003f9c (0x01158333) add     t1, a1, a7
core   0: 3 0x80003f9c (0x01158333) x6  0x7ffd6309
core   0: 0x80003fa0 (0x0000f0e1) c.bnez  s1, pc - 64
core   0: 3 0x80003fa0 (0xf0e1)
core   0: 0x80003fa2 (0x01ce8ab3) add     s5, t4, t3
core   0: 3 0x80003fa2 (0x01ce8ab3) x21 0x0000cff9
core   0: 0x80003fa6 (0x00004629) c.li    a2, 10
core   0: 3 0x80003fa6 (0x4629) x12 0x0000000a
core   0: 0x80003fa8 (0x0299d333) divu    t1, s3, s1
core   0: 3 0x80003fa8 (0x0299d333) x6  0xffffffff
core   0: 0x80003fac (0x00001afd) c.addi  s5, -1
core   0: 3 0x80003fac (0x1afd) x21 0x0000cff8
core   0: 0x80003fae (0x0157fe33) and     t3, a5, s5
core   0: 3 0x80003fae (0x0157fe33) x28 0x00000010
core   0: 0x80003fb2 (0x0227b3b3) mulhu   t2, a5, sp
core   0: 3 0x80003fb2 (0x0227b3b3) x7  0x00000011
core   0: 0x80003fb6 (0x0363e0b3) rem     ra, t2, s6
core   0: 3 0x80003fb6 (0x0363e0b3) x1  0x00000011
core   0: 0x80003fba (0x00008f4d) c.or    a4, a1
core   0: 3 0x80003fba (0x8f4d) x14 0x7ffdefee
core   0: 0x80003fbc (0x00001f7d) c.addi  t5, -1
core   0: 3 0x80003fbc (0x1f7d) x30 0xffffffff
core   0: 0x80003fbe (0x40d289b3) sub     s3, t0, a3
core   0: 3 0x80003fbe (0x40d289b3) x19 0x9e87a8b7
core   0: 0x80003fc2 (0x00000001) c.nop
core   0: 3 0x80003fc2 (0x0001)
core   0: 0x80003fc4 (0x02c5e233) rem     tp, a1, a2
core   0: 3 0x80003fc4 (0x02c5e233) x4  0x00000008
core   0: 0x80003fc8 (0x033bde33) divu    t3, s7, s3
core   0: 3 0x80003fc8 (0x033bde33) x28 0x00000001
core   0: 0x80003fcc (0x00005cfd) c.li    s9, -1
core   0: 3 0x80003fcc (0x5cfd) x25 0xffffffff
core   0: 0x80003fce (0x00a49593) slli    a1, s1, 10
core   0: 3 0x80003fce (0x00a49593) x11 0x00000000
core   0: 0x80003fd2 (0x00008f3d) c.xor   a4, a5
core   0: 3 0x80003fd2 (0x8f3d) x14 0x7ffdeffc
core   0: 0x80003fd4 (0x62df8d37) lui     s10, 0x62df8
core   0: 3 0x80003fd4 (0x62df8d37) x26 0x62df8000
core   0: 0x80003fd8 (0x00000001) c.nop
core   0: 3 0x80003fd8 (0x0001)
core   0: 0x80003fda (0x00d61233) sll     tp, a2, a3
core   0: 3 0x80003fda (0x00d61233) x4  0x00000a00
core   0: 0x80003fde (0x00001659) c.addi  a2, -10
core   0: 3 0x80003fde (0x1659) x12 0x00000000
core   0: 0x80003fe0 (0x00008d6d) c.and   a0, a1
core   0: 3 0x80003fe0 (0x8d6d) x10 0x00000000
core   0: 0x80003fe2 (0x91b5a093) slti    ra, a1, -1765
core   0: 3 0x80003fe2 (0x91b5a093) x1  0x00000000
core   0: 0x80003fe6 (0x03e4eeb3) rem     t4, s1, t5
core   0: 3 0x80003fe6 (0x03e4eeb3) x29 0x00000000
core   0: 0x80003fea (0x45d86993) ori     s3, a6, 1117
core   0: 3 0x80003fea (0x45d86993) x19 0x0000045d
core   0: 0x80003fee (0x00006b7d) c.lui   s6, 0x1f
core   0: 3 0x80003fee (0x6b7d) x22 0x0001f000
core   0: 0x80003ff0 (0x322d8997) auipc   s3, 0x322d8
core   0: 3 0x80003ff0 (0x322d8997) x19 0xb22dbff0
core   0: 0x80003ff4 (0x00000001) c.nop
core   0: 3 0x80003ff4 (0x0001)
core   0: 0x80003ff6 (0x0000fa79) c.bnez  a2, pc - 42
core   0: 3 0x80003ff6 (0xfa79)
core   0: 0x80003ff8 (0x03f60e33) mul     t3, a2, t6
core   0: 3 0x80003ff8 (0x03f60e33) x28 0x00000000
core   0: 0x80003ffc (0x00005a69) c.li    s4, -6
core   0: 3 0x80003ffc (0x5a69) x20 0xfffffffa
core   0: 0x80003ffe (0x00008db5) c.xor   a1, a3
core   0: 3 0x80003ffe (0x8db5) x11 0x80025e28
core   0: 0x80004000 (0xf3416893) ori     a7, sp, -204
core   0: 3 0x80004000 (0xf3416893) x17 0xfffffffc
core   0: 0x80004004 (0x00005549) c.li    a0, -14
core   0: 3 0x80004004 (0x5549) x10 0xfffffff2
core   0: 0x80004006 (0x000049b5) c.li    s3, 13
core   0: 3 0x80004006 (0x49b5) x19 0x0000000d
core   0: 0x80004008 (0x016d01b3) add     gp, s10, s6
core   0: 3 0x80004008 (0x016d01b3) x3  0x62e17000
core   0: 0x8000400c (0x004fab33) slt     s6, t6, tp
core   0: 3 0x8000400c (0x004fab33) x22 0x00000001
core   0: 0x80004010 (0x00001a71) c.addi  s4, -4
core   0: 3 0x80004010 (0x1a71) x20 0xfffffff6
core   0: 0x80004012 (0x0000866d) c.srai  a2, 27
core   0: 3 0x80004012 (0x866d) x12 0x00000000
core   0: 0x80004014 (0x00008099) c.srli  s1, 6
core   0: 3 0x80004014 (0x8099) x9  0x00000000
core   0: 0x80004016 (0x0000081c) c.addi4spn a5, sp, 16
core   0: 3 0x80004016 (0x081c) x15 0xffffffe8
core   0: 0x80004018 (0xfeaa07e3) beq     s4, a0, pc - 18
core   0: 3 0x80004018 (0xfeaa07e3)
core   0: 0x8000401c (0x00004f41) c.li    t5, 16
core   0: 3 0x8000401c (0x4f41) x30 0x00000010
core   0: 0x8000401e (0x00006135) c.addi16sp sp, 352
core   0: 3 0x8000401e (0x6135) x2  0x00000138
core   0: 0x80004020 (0x00008e09) c.sub   a2, a0
core   0: 3 0x80004020 (0x8e09) x12 0x0000000e
core   0: 0x80004022 (0x00004709) c.li    a4, 2
core   0: 3 0x80004022 (0x4709) x14 0x00000002
core   0: 0x80004024 (0x0105db13) srli    s6, a1, 16
core   0: 3 0x80004024 (0x0105db13) x22 0x00008002
core   0: 0x80004028 (0x0000e305) c.bnez  a4, pc + 32
core   0: 3 0x80004028 (0xe305)
core   0: 0x80004048 (0x03152933) mulhsu  s2, a0, a7
core   0: 3 0x80004048 (0x03152933) x18 0xfffffff2
core   0: 0x8000404c (0x0026d013) srli    zero, a3, 2
core   0: 3 0x8000404c (0x0026d013)
core   0: 0x80004050 (0x03598cb3) mul     s9, s3, s5
core   0: 3 0x80004050 (0x03598cb3) x25 0x000a8f98
core   0: 0x80004054 (0x014ada63) bge     s5, s4, pc + 20
core   0: 3 0x80004054 (0x014ada63)
core   0: 0x80004068 (0x028484b3) mul     s1, s1, s0
core   0: 3 0x80004068 (0x028484b3) x9  0x00000000
core   0: 0x8000406c (0x01221513) slli    a0, tp, 18
core   0: 3 0x8000406c (0x01221513) x10 0x28000000
core   0: 0x80004070 (0x00008919) c.andi  a0, 6
core   0: 3 0x80004070 (0x8919) x10 0x00000000
core   0: 0x80004072 (0x0000537d) c.li    t1, -1
core   0: 3 0x80004072 (0x537d) x6  0xffffffff
core   0: 0x80004074 (0x004e1fb3) sll     t6, t3, tp
core   0: 3 0x80004074 (0x004e1fb3) x31 0x00000000
core   0: 0x80004078 (0x00909d93) slli    s11, ra, 9
core   0: 3 0x80004078 (0x00909d93) x27 0x00000000
core   0: 0x8000407c (0x002b9013) slli    zero, s7, 2
core   0: 3 0x8000407c (0x002b9013)
core   0: 0x80004080 (0x00089663) bnez    a7, pc + 12
core   0: 3 0x80004080 (0x00089663)
core   0: 0x8000408c (0x00008a19) c.andi  a2, 6
core   0: 3 0x8000408c (0x8a19) x12 0x00000006
core   0: 0x8000408e (0x00006109) c.addi16sp sp, 128
core   0: 3 0x8000408e (0x6109) x2  0x000001b8
core   0: 0x80004090 (0x0034afb3) slt     t6, s1, gp
core   0: 3 0x80004090 (0x0034afb3) x31 0x00000001
core   0: 0x80004094 (0x0119dc93) srli    s9, s3, 17
core   0: 3 0x80004094 (0x0119dc93) x25 0x00000000
core   0: 0x80004098 (0x01974d33) xor     s10, a4, s9
core   0: 3 0x80004098 (0x01974d33) x26 0x00000002
core   0: 0x8000409c (0x40085b93) srai    s7, a6, 0
core   0: 3 0x8000409c (0x40085b93) x23 0x00000001
core   0: 0x800040a0 (0x0000717d) c.addi16sp sp, -16
core   0: 3 0x800040a0 (0x717d) x2  0x000001a8
core   0: 0x800040a2 (0x0259d363) bge     s3, t0, pc + 38
core   0: 3 0x800040a2 (0x0259d363)
core   0: 0x800040a6 (0x41368933) sub     s2, a3, s3
core   0: 3 0x800040a6 (0x41368933) x18 0x80025e1b
core   0: 0x800040aa (0x5d752e93) slti    t4, a0, 1495
core   0: 3 0x800040aa (0x5d752e93) x29 0x00000001
core   0: 0x800040ae (0x0000852d) c.srai  a0, 11
core   0: 3 0x800040ae (0x852d) x10 0x00000000
core   0: 0x800040b0 (0x0257e933) rem     s2, a5, t0
core   0: 3 0x800040b0 (0x0257e933) x18 0xffffffe8
core   0: 0x800040b4 (0x00008e09) c.sub   a2, a0
core   0: 3 0x800040b4 (0x8e09) x12 0x00000006
core   0: 0x800040b6 (0x02ceb033) mulhu   zero, t4, a2
core   0: 3 0x800040b6 (0x02ceb033)
core   0: 0x800040ba (0x03d9beb3) mulhu   t4, s3, t4
core   0: 3 0x800040ba (0x03d9beb3) x29 0x00000000
core   0: 0x800040be (0x000088e1) c.andi  s1, 24
core   0: 3 0x800040be (0x88e1) x9  0x00000000
core   0: 0x800040c0 (0x02aeee33) rem     t3, t4, a0
core   0: 3 0x800040c0 (0x02aeee33) x28 0x00000000
core   0: 0x800040c4 (0x00a3d8b3) srl     a7, t2, a0
core   0: 3 0x800040c4 (0x00a3d8b3) x17 0x00000011
core   0: 0x800040c8 (0x00008c8d) c.sub   s1, a1
core   0: 3 0x800040c8 (0x8c8d) x9  0x7ffda1d8
core   0: 0x800040ca (0x03240163) beq     s0, s2, pc + 34
core   0: 3 0x800040ca (0x03240163)
core   0: 0x800040ce (0x05c45263) bge     s0, t3, pc + 68
core   0: 3 0x800040ce (0x05c45263)
core   0: 0x800040d2 (0x01e74233) xor     tp, a4, t5
core   0: 3 0x800040d2 (0x01e74233) x4  0x00000012
core   0: 0x800040d6 (0x03c59ab3) mulh    s5, a1, t3
core   0: 3 0x800040d6 (0x03c59ab3) x21 0x00000000
core   0: 0x800040da (0x444bef93) ori     t6, s7, 1092
core   0: 3 0x800040da (0x444bef93) x31 0x00000445
core   0: 0x800040de (0x84b2f313) andi    t1, t0, -1973
core   0: 3 0x800040de (0x84b2f313) x6  0x1e8a004b
core   0: 0x800040e2 (0x00bf7e33) and     t3, t5, a1
core   0: 3 0x800040e2 (0x00bf7e33) x28 0x00000000
core   0: 0x800040e6 (0x000087ba) c.mv    a5, a4
core   0: 3 0x800040e6 (0x87ba) x15 0x00000002
core   0: 0x800040e8 (0x029a0d63) beq     s4, s1, pc + 58
core   0: 3 0x800040e8 (0x029a0d63)
core   0: 0x800040ec (0x00000001) c.nop
core   0: 3 0x800040ec (0x0001)
core   0: 0x800040ee (0x03ec0263) beq     s8, t5, pc + 36
core   0: 3 0x800040ee (0x03ec0263)
core   0: 0x800040f2 (0x00f31813) slli    a6, t1, 15
core   0: 3 0x800040f2 (0x00f31813) x16 0x00258000
core   0: 0x800040f6 (0x0331e763) bltu    gp, s3, pc + 46
core   0: 3 0x800040f6 (0x0331e763)
core   0: 0x800040fa (0x00988e63) beq     a7, s1, pc + 28
core   0: 3 0x800040fa (0x00988e63)
core   0: 0x800040fe (0x00008a12) c.mv    s4, tp
core   0: 3 0x800040fe (0x8a12) x20 0x00000012
core   0: 0x80004100 (0x00000b5e) c.slli  s6, 23
core   0: 3 0x80004100 (0x0b5e) x22 0x01000000
core   0: 0x80004102 (0x00001484) c.addi4spn s1, sp, 608
core   0: 3 0x80004102 (0x1484) x9  0x00000408
core   0: 0x80004104 (0x393a50b7) lui     ra, 0x393a5
core   0: 3 0x80004104 (0x393a50b7) x1  0x393a5000
core   0: 0x80004108 (0x03d64963) blt     a2, t4, pc + 50
core   0: 3 0x80004108 (0x03d64963)
core   0: 0x8000410c (0x00006305) c.lui   t1, 0x1
core   0: 3 0x8000410c (0x6305) x6  0x00001000
core   0: 0x8000410e (0x5e1fa293) slti    t0, t6, 1505
core   0: 3 0x8000410e (0x5e1fa293) x5  0x00000001
core   0: 0x80004112 (0x03244363) blt     s0, s2, pc + 38
core   0: 3 0x80004112 (0x03244363)
core   0: 0x80004138 (0x00009bfd) c.andi  a5, -1
core   0: 3 0x80004138 (0x9bfd) x15 0x00000002
core   0: 0x8000413a (0x00000001) c.nop
core   0: 3 0x8000413a (0x0001)
core   0: 0x8000413c (0x00264b63) blt     a2, sp, pc + 22
core   0: 3 0x8000413c (0x00264b63)
core   0: 0x80004152 (0xc4989d37) lui     s10, 0xc4989
core   0: 3 0x80004152 (0xc4989d37) x26 0xc4989000
core   0: 0x80004156 (0x014d17b3) sll     a5, s10, s4
core   0: 3 0x80004156 (0x014d17b3) x15 0x40000000
core   0: 0x8000415a (0x00000001) c.nop
core   0: 3 0x8000415a (0x0001)
core   0: 0x8000415c (0x0000e61d) c.bnez  a2, pc + 46
core   0: 3 0x8000415c (0xe61d)
core   0: 0x8000418a (0x04381063) bne     a6, gp, pc + 64
core   0: 3 0x8000418a (0x04381063)
core   0: 0x800041ca (0x000084fd) c.srai  s1, 31
core   0: 3 0x800041ca (0x84fd) x9  0x00000000
core   0: 0x800041cc (0x0321ff63) bgeu    gp, s2, pc + 62
core   0: 3 0x800041cc (0x0321ff63)
core   0: 0x800041d0 (0x00008d95) c.sub   a1, a3
core   0: 3 0x800041d0 (0x8d95) x11 0x00000000
core   0: 0x800041d2 (0x0000ce19) c.beqz  a2, pc + 30
core   0: 3 0x800041d2 (0xce19)
core   0: 0x800041d4 (0x02b57b63) bgeu    a0, a1, pc + 54
core   0: 3 0x800041d4 (0x02b57b63)
core   0: 0x8000420a (0x03539b63) bne     t2, s5, pc + 54
core   0: 3 0x8000420a (0x03539b63)
core   0: 0x80004240 (0x50a83a93) sltiu   s5, a6, 1290
core   0: 3 0x80004240 (0x50a83a93) x21 0x00000000
core   0: 0x80004244 (0x00004485) c.li    s1, 1
core   0: 3 0x80004244 (0x4485) x9  0x00000001
core   0: 0x80004246 (0x00008e2e) c.mv    t3, a1
core   0: 3 0x80004246 (0x8e2e) x28 0x00000000
core   0: 0x80004248 (0xf0613f13) sltiu   t5, sp, -250
core   0: 3 0x80004248 (0xf0613f13) x30 0x00000001
core   0: 0x8000424c (0x00004641) c.li    a2, 16
core   0: 3 0x8000424c (0x4641) x12 0x00000010
core   0: 0x8000424e (0x00006d1d) c.lui   s10, 0x7
core   0: 3 0x8000424e (0x6d1d) x26 0x00007000
core   0: 0x80004250 (0x00000485) c.addi  s1, 1
core   0: 3 0x80004250 (0x0485) x9  0x00000002
core   0: 0x80004252 (0x02c5b0b3) mulhu   ra, a1, a2
core   0: 3 0x80004252 (0x02c5b0b3) x1  0x00000000
core   0: 0x80004256 (0x0000478d) c.li    a5, 3
core   0: 3 0x80004256 (0x478d) x15 0x00000003
core   0: 0x80004258 (0x66110093) addi    ra, sp, 1633
core   0: 3 0x80004258 (0x66110093) x1  0x00000809
core   0: 0x8000425c (0x00004a99) c.li    s5, 6
core   0: 3 0x8000425c (0x4a99) x21 0x00000006
core   0: 0x8000425e (0x5dd82193) slti    gp, a6, 1501
core   0: 3 0x8000425e (0x5dd82193) x3  0x00000000
core   0: 0x80004262 (0x0000079d) c.addi  a5, 7
core   0: 3 0x80004262 (0x079d) x15 0x0000000a
core   0: 0x80004264 (0xff57ede3) bltu    a5, s5, pc - 6
core   0: 3 0x80004264 (0xff57ede3)
core   0: 0x80004268 (0xfec483e3) beq     s1, a2, pc - 26
core   0: 3 0x80004268 (0xfec483e3)
core   0: 0x8000426c (0x01ea59b3) srl     s3, s4, t5
core   0: 3 0x8000426c (0x01ea59b3) x19 0x00000009
core   0: 0x80004270 (0x4140df13) srai    t5, ra, 20
core   0: 3 0x80004270 (0x4140df13) x30 0x00000000
core   0: 0x80004274 (0x00008e35) c.xor   a2, a3
core   0: 3 0x80004274 (0x8e35) x12 0x80025e38
core   0: 0x80004276 (0x00009552) c.add   a0, s4
core   0: 3 0x80004276 (0x9552) x10 0x00000012
core   0: 0x80004278 (0x000083a6) c.mv    t2, s1
core   0: 3 0x80004278 (0x83a6) x7  0x00000002
core   0: 0x8000427a (0xa48def13) ori     t5, s11, -1464
core   0: 3 0x8000427a (0xa48def13) x30 0xfffffa48
core   0: 0x8000427e (0x03e18eb3) mul     t4, gp, t5
core   0: 3 0x8000427e (0x03e18eb3) x29 0x00000000
core   0: 0x80004282 (0x095cc093) xori    ra, s9, 149
core   0: 3 0x80004282 (0x095cc093) x1  0x00000095
core   0: 0x80004286 (0x0132d993) srli    s3, t0, 19
core   0: 3 0x80004286 (0x0132d993) x19 0x00000000
core   0: 0x8000428a (0x409e5f93) srai    t6, t3, 9
core   0: 3 0x8000428a (0x409e5f93) x31 0x00000000
core   0: 0x8000428e (0xe4179ab7) lui     s5, 0xe4179
core   0: 3 0x8000428e (0xe4179ab7) x21 0xe4179000
core   0: 0x80004292 (0x00558963) beq     a1, t0, pc + 18
core   0: 3 0x80004292 (0x00558963)
core   0: 0x80004296 (0x00006125) c.addi16sp sp, 96
core   0: 3 0x80004296 (0x6125) x2  0x00000208
core   0: 0x80004298 (0x00008d71) c.and   a0, a2
core   0: 3 0x80004298 (0x8d71) x10 0x00000010
core   0: 0x8000429a (0xfb894ab7) lui     s5, 0xfb894
core   0: 3 0x8000429a (0xfb894ab7) x21 0xfb894000
core   0: 0x8000429e (0x005179b3) and     s3, sp, t0
core   0: 3 0x8000429e (0x005179b3) x19 0x00000000
core   0: 0x800042a2 (0x00000caa) c.slli  s9, 10
core   0: 3 0x800042a2 (0x0caa) x25 0x00000000
core   0: 0x800042a4 (0x01641393) slli    t2, s0, 22
core   0: 3 0x800042a4 (0x01641393) x7  0x39000000
core   0: 0x800042a8 (0x2e210893) addi    a7, sp, 738
core   0: 3 0x800042a8 (0x2e210893) x17 0x000004ea
core   0: 0x800042ac (0x41e38833) sub     a6, t2, t5
core   0: 3 0x800042ac (0x41e38833) x16 0x390005b8
core   0: 0x800042b0 (0x000084d1) c.srai  s1, 20
core   0: 3 0x800042b0 (0x84d1) x9  0x00000000
core   0: 0x800042b2 (0x02e51533) mulh    a0, a0, a4
core   0: 3 0x800042b2 (0x02e51533) x10 0x00000000
core   0: 0x800042b6 (0x00009fbe) c.add   t6, a5
core   0: 3 0x800042b6 (0x9fbe) x31 0x0000000a
core   0: 0x800042b8 (0x00000aea) c.slli  s5, 26
core   0: 3 0x800042b8 (0x0aea) x21 0x00000000
core   0: 0x800042ba (0x00008f29) c.xor   a4, a0
core   0: 3 0x800042ba (0x8f29) x14 0x00000002
core   0: 0x800042bc (0xcb752e13) slti    t3, a0, -841
core   0: 3 0x800042bc (0xcb752e13) x28 0x00000000
core   0: 0x800042c0 (0x0000ec91) c.bnez  s1, pc + 28
core   0: 3 0x800042c0 (0xec91)
core   0: 0x800042c2 (0x0000cb91) c.beqz  a5, pc + 20
core   0: 3 0x800042c2 (0xcb91)
core   0: 0x800042c4 (0x7bf9f593) andi    a1, s3, 1983
core   0: 3 0x800042c4 (0x7bf9f593) x11 0x00000000
core   0: 0x800042c8 (0x00fa88b3) add     a7, s5, a5
core   0: 3 0x800042c8 (0x00fa88b3) x17 0x0000000a
core   0: 0x800042cc (0x00edb233) sltu    tp, s11, a4
core   0: 3 0x800042cc (0x00edb233) x4  0x00000001
core   0: 0x800042d0 (0xf687c613) xori    a2, a5, -152
core   0: 3 0x800042d0 (0xf687c613) x12 0xffffff62
core   0: 0x800042d4 (0x00000001) c.nop
core   0: 3 0x800042d4 (0x0001)
core   0: 0x800042d6 (0x000088a1) c.andi  s1, 8
core   0: 3 0x800042d6 (0x88a1) x9  0x00000000
core   0: 0x800042d8 (0x03598863) beq     s3, s5, pc + 48
core   0: 3 0x800042d8 (0x03598863)
core   0: 0x80004308 (0x09d32a97) auipc   s5, 0x9d32
core   0: 3 0x80004308 (0x09d32a97) x21 0x89d36308
core   0: 0x8000430c (0x41afdfb3) sra     t6, t6, s10
core   0: 3 0x8000430c (0x41afdfb3) x31 0x0000000a
core   0: 0x80004310 (0x000083fe) c.mv    t2, t6
core   0: 3 0x80004310 (0x83fe) x7  0x0000000a
core   0: 0x80004312 (0x00008d15) c.sub   a0, a3
core   0: 3 0x80004312 (0x8d15) x10 0x7ffda1d8
core   0: 0x80004314 (0x005effb3) and     t6, t4, t0
core   0: 3 0x80004314 (0x005effb3) x31 0x00000000
core   0: 0x80004318 (0x8876ba93) sltiu   s5, a3, -1913
core   0: 3 0x80004318 (0x8876ba93) x21 0x00000001
core   0: 0x8000431c (0xe8d80813) addi    a6, a6, -371
core   0: 3 0x8000431c (0xe8d80813) x16 0x39000445
core   0: 0x80004320 (0x01d59093) slli    ra, a1, 29
core   0: 3 0x80004320 (0x01d59093) x1  0x00000000
core   0: 0x80004324 (0x000000d2) c.slli  ra, 20
core   0: 3 0x80004324 (0x00d2) x1  0x00000000
core   0: 0x80004326 (0xa7c52613) slti    a2, a0, -1412
core   0: 3 0x80004326 (0xa7c52613) x12 0x00000000
core   0: 0x8000432a (0x0000c615) c.beqz  a2, pc + 44
core   0: 3 0x8000432a (0xc615)
core   0: 0x80004356 (0x00008e31) c.xor   a2, a2
core   0: 3 0x80004356 (0x8e31) x12 0x00000000
core   0: 0x80004358 (0x01185513) srli    a0, a6, 17
core   0: 3 0x80004358 (0x01185513) x10 0x00001c80
core   0: 0x8000435c (0x02c89f63) bne     a7, a2, pc + 62
core   0: 3 0x8000435c (0x02c89f63)
core   0: 0x8000439a (0x020bc963) bltz    s7, pc + 50
core   0: 3 0x8000439a (0x020bc963)
core   0: 0x8000439e (0x40835733) sra     a4, t1, s0
core   0: 3 0x8000439e (0x40835733) x14 0x00000100
core   0: 0x800043a2 (0x02a0b933) mulhu   s2, ra, a0
core   0: 3 0x800043a2 (0x02a0b933) x18 0x00000000
core   0: 0x800043a6 (0x0373d633) divu    a2, t2, s7
core   0: 3 0x800043a6 (0x0373d633) x12 0x0000000a
core   0: 0x800043aa (0x0356de63) bge     a3, s5, pc + 60
core   0: 3 0x800043aa (0x0356de63)
core   0: 0x800043ae (0x000088ee) c.mv    a7, s11
core   0: 3 0x800043ae (0x88ee) x17 0x00000000
core   0: 0x800043b0 (0x00794963) blt     s2, t2, pc + 18
core   0: 3 0x800043b0 (0x00794963)
core   0: 0x800043c2 (0x00008da5) c.xor   a1, s1
core   0: 3 0x800043c2 (0x8da5) x11 0x00000000
core   0: 0x800043c4 (0x000084ba) c.mv    s1, a4
core   0: 3 0x800043c4 (0x84ba) x9  0x00000100
core   0: 0x800043c6 (0x02313833) mulhu   a6, sp, gp
core   0: 3 0x800043c6 (0x02313833) x16 0x00000000
core   0: 0x800043ca (0x000005f1) c.addi  a1, 28
core   0: 3 0x800043ca (0x05f1) x11 0x0000001c
core   0: 0x800043cc (0x00008f3d) c.xor   a4, a5
core   0: 3 0x800043cc (0x8f3d) x14 0x0000010a
core   0: 0x800043ce (0x0065ebb3) or      s7, a1, t1
core   0: 3 0x800043ce (0x0065ebb3) x23 0x0000101c
core   0: 0x800043d2 (0x024e4e63) blt     t3, tp, pc + 60
core   0: 3 0x800043d2 (0x024e4e63)
core   0: 0x8000440e (0x00409fb3) sll     t6, ra, tp
core   0: 3 0x8000440e (0x00409fb3) x31 0x00000000
core   0: 0x80004412 (0x002f1b33) sll     s6, t5, sp
core   0: 3 0x80004412 (0x002f1b33) x22 0xfffa4800
core   0: 0x80004416 (0x03a16463) bltu    sp, s10, pc + 40
core   0: 3 0x80004416 (0x03a16463)
core   0: 0x8000443e (0x00edad33) slt     s10, s11, a4
core   0: 3 0x8000443e (0x00edad33) x26 0x00000001
core   0: 0x80004442 (0x00f05a13) srli    s4, zero, 15
core   0: 3 0x80004442 (0x00f05a13) x20 0x00000000
core   0: 0x80004446 (0x0109d033) srl     zero, s3, a6
core   0: 3 0x80004446 (0x0109d033)
core   0: 0x8000444a (0x0000c605) c.beqz  a2, pc + 40
core   0: 3 0x8000444a (0xc605)
core   0: 0x8000444c (0x01fa7133) and     sp, s4, t6
core   0: 3 0x8000444c (0x01fa7133) x2  0x00000000
core   0: 0x80004450 (0x6dca2113) slti    sp, s4, 1756
core   0: 3 0x80004450 (0x6dca2113) x2  0x00000001
core   0: 0x80004454 (0x00008e15) c.sub   a2, a3
core   0: 3 0x80004454 (0x8e15) x12 0x7ffda1e2
core   0: 0x80004456 (0x01854c63) blt     a0, s8, pc + 24
core   0: 3 0x80004456 (0x01854c63)
core   0: 0x8000445a (0x036c4463) blt     s8, s6, pc + 40
core   0: 3 0x8000445a (0x036c4463)
core   0: 0x80004482 (0x0149a4b3) slt     s1, s3, s4
core   0: 3 0x80004482 (0x0149a4b3) x9  0x00000000
core   0: 0x80004486 (0x000007e6) c.slli  a5, 25
core   0: 3 0x80004486 (0x07e6) x15 0x14000000
core   0: 0x80004488 (0x000042e9) c.li    t0, 26
core   0: 3 0x80004488 (0x42e9) x5  0x0000001a
core   0: 0x8000448a (0x00009a7d) c.andi  a2, -1
core   0: 3 0x8000448a (0x9a7d) x12 0x7ffda1e2
core   0: 0x8000448c (0x40ca0b33) sub     s6, s4, a2
core   0: 3 0x8000448c (0x40ca0b33) x22 0x80025e1e
core   0: 0x80004490 (0x02a920b3) mulhsu  ra, s2, a0
core   0: 3 0x80004490 (0x02a920b3) x1  0x00000000
core   0: 0x80004494 (0xab707813) andi    a6, zero, -1353
core   0: 3 0x80004494 (0xab707813) x16 0x00000000
core   0: 0x80004498 (0x08c0e563) bltu    ra, a2, pc + 138
core   0: 3 0x80004498 (0x08c0e563)
core   0: 0x80004522 (0x00a7b0b3) sltu    ra, a5, a0
core   0: 3 0x80004522 (0x00a7b0b3) x1  0x00000000
core   0: 0x80004526 (0xdf761997) auipc   s3, 0xdf761
core   0: 3 0x80004526 (0xdf761997) x19 0x5f765526
core   0: 0x8000452a (0x0301bd33) mulhu   s10, gp, a6
core   0: 3 0x8000452a (0x0301bd33) x26 0x00000000
core   0: 0x8000452e (0x00008f6d) c.and   a4, a1
core   0: 3 0x8000452e (0x8f6d) x14 0x00000008
core   0: 0x80004530 (0x41925a13) srai    s4, tp, 25
core   0: 3 0x80004530 (0x41925a13) x20 0x00000000
core   0: 0x80004534 (0x40ffd2b3) sra     t0, t6, a5
core   0: 3 0x80004534 (0x40ffd2b3) x5  0x00000000
core   0: 0x80004538 (0x006a61b3) or      gp, s4, t1
core   0: 3 0x80004538 (0x006a61b3) x3  0x00001000
core   0: 0x8000453c (0x0000717d) c.addi16sp sp, -16
core   0: 3 0x8000453c (0x717d) x2  0xfffffff1
core   0: 0x8000453e (0xd484c213) xori    tp, s1, -696
core   0: 3 0x8000453e (0xd484c213) x4  0xfffffd48
core   0: 0x80004542 (0x004a4963) blt     s4, tp, pc + 18
core   0: 3 0x80004542 (0x004a4963)
core   0: 0x80004546 (0x00000001) c.nop
core   0: 3 0x80004546 (0x0001)
core   0: 0x80004548 (0x00008645) c.srai  a2, 17
core   0: 3 0x80004548 (0x8645) x12 0x00003ffe
core   0: 0x8000454a (0x00008c95) c.sub   s1, a3
core   0: 3 0x8000454a (0x8c95) x9  0x7ffda1d8
core   0: 0x8000454c (0x00e341b3) xor     gp, t1, a4
core   0: 3 0x8000454c (0x00e341b3) x3  0x00001008
core   0: 0x80004550 (0x02176eb3) rem     t4, a4, ra
core   0: 3 0x80004550 (0x02176eb3) x29 0x00000008
core   0: 0x80004554 (0x00008cf5) c.and   s1, a3
core   0: 3 0x80004554 (0x8cf5) x9  0x00000008
core   0: 0x80004556 (0x014c4533) xor     a0, s8, s4
core   0: 3 0x80004556 (0x014c4533) x10 0xfba32397
core   0: 0x8000455a (0x000013fd) c.addi  t2, -1
core   0: 3 0x8000455a (0x13fd) x7  0x00000009
core   0: 0x8000455c (0x40d45993) srai    s3, s0, 13
core   0: 3 0x8000455c (0x40d45993) x19 0xfffc0014
core   0: 0x80004560 (0x0000e385) c.bnez  a5, pc + 32
core   0: 3 0x80004560 (0xe385)
core   0: 0x80004580 (0x00008de5) c.and   a1, s1
core   0: 3 0x80004580 (0x8de5) x11 0x00000008
core   0: 0x80004582 (0x0198c763) blt     a7, s9, pc + 14
core   0: 3 0x80004582 (0x0198c763)
core   0: 0x80004586 (0x000060a1) c.lui   ra, 0x8
core   0: 3 0x80004586 (0x60a1) x1  0x00008000
core   0: 0x80004588 (0xfb526613) ori     a2, tp, -75
core   0: 3 0x80004588 (0xfb526613) x12 0xfffffffd
core   0: 0x8000458c (0x01d038b3) snez    a7, t4
core   0: 3 0x8000458c (0x01d038b3) x17 0x00000001
core   0: 0x80004590 (0x03b771b3) remu    gp, a4, s11
core   0: 3 0x80004590 (0x03b771b3) x3  0x00000008
core   0: 0x80004594 (0x70132213) slti    tp, t1, 1793
core   0: 3 0x80004594 (0x70132213) x4  0x00000000
core   0: 0x80004598 (0x010c7363) bgeu    s8, a6, pc + 6
core   0: 3 0x80004598 (0x010c7363)
core   0: 0x8000459e (0x009d7a33) and     s4, s10, s1
core   0: 3 0x8000459e (0x009d7a33) x20 0x00000000
core   0: 0x800045a2 (0x40235913) srai    s2, t1, 2
core   0: 3 0x800045a2 (0x40235913) x18 0x00000400
core   0: 0x800045a6 (0x00000829) c.addi  a6, 10
core   0: 3 0x800045a6 (0x0829) x16 0x0000000a
core   0: 0x800045a8 (0x016a9b13) slli    s6, s5, 22
core   0: 3 0x800045a8 (0x016a9b13) x22 0x00400000
core   0: 0x800045ac (0x41d35b93) srai    s7, t1, 29
core   0: 3 0x800045ac (0x41d35b93) x23 0x00000000
core   0: 0x800045b0 (0x010257b3) srl     a5, tp, a6
core   0: 3 0x800045b0 (0x010257b3) x15 0x00000000
core   0: 0x800045b4 (0x00008dc1) c.or    a1, s0
core   0: 3 0x800045b4 (0x8dc1) x11 0x80029cec
core   0: 0x800045b6 (0x030c7f33) remu    t5, s8, a6
core   0: 3 0x800045b6 (0x030c7f33) x30 0x00000005
core   0: 0x800045ba (0x02ff9c63) bne     t6, a5, pc + 56
core   0: 3 0x800045ba (0x02ff9c63)
core   0: 0x800045be (0x015187b3) add     a5, gp, s5
core   0: 3 0x800045be (0x015187b3) x15 0x00000009
core   0: 0x800045c2 (0x00008995) c.andi  a1, 5
core   0: 3 0x800045c2 (0x8995) x11 0x00000004
core   0: 0x800045c4 (0x00a82733) slt     a4, a6, a0
core   0: 3 0x800045c4 (0x00a82733) x14 0x00000000
core   0: 0x800045c8 (0x00000ed6) c.slli  t4, 21
core   0: 3 0x800045c8 (0x0ed6) x29 0x01000000
core   0: 0x800045ca (0x01f367b3) or      a5, t1, t6
core   0: 3 0x800045ca (0x01f367b3) x15 0x00001000
core   0: 0x800045ce (0x00008f49) c.or    a4, a0
core   0: 3 0x800045ce (0x8f49) x14 0xfba32397
core   0: 0x800045d0 (0x00008e29) c.xor   a2, a0
core   0: 3 0x800045d0 (0x8e29) x12 0x045cdc6a
core   0: 0x800045d2 (0x0821ba93) sltiu   s5, gp, 130
core   0: 3 0x800045d2 (0x0821ba93) x21 0x00000001
core   0: 0x800045d6 (0x03ac9b33) mulh    s6, s9, s10
core   0: 3 0x800045d6 (0x03ac9b33) x22 0x00000000
core   0: 0x800045da (0x00008d35) c.xor   a0, a3
core   0: 3 0x800045da (0x8d35) x10 0x7ba17dbf
core   0: 0x800045dc (0x00000001) c.nop
core   0: 3 0x800045dc (0x0001)
core   0: 0x800045de (0x20664bb7) lui     s7, 0x20664
core   0: 3 0x800045de (0x20664bb7) x23 0x20664000
core   0: 0x800045e2 (0x00000388) c.addi4spn a0, sp, 448
core   0: 3 0x800045e2 (0x0388) x10 0x000001b1
core   0: 0x800045e4 (0x010c74b3) and     s1, s8, a6
core   0: 3 0x800045e4 (0x010c74b3) x9  0x00000002
core   0: 0x800045e8 (0x01ad5893) srli    a7, s10, 26
core   0: 3 0x800045e8 (0x01ad5893) x17 0x00000000
core   0: 0x800045ec (0x03805333) divu    t1, zero, s8
core   0: 3 0x800045ec (0x03805333) x6  0x00000000
core   0: 0x800045f0 (0x000088b5) c.andi  s1, 13
core   0: 3 0x800045f0 (0x88b5) x9  0x00000000
core   0: 0x800045f2 (0x000089ed) c.andi  a1, 27
core   0: 3 0x800045f2 (0x89ed) x11 0x00000000
core   0: 0x800045f4 (0xa3270f13) addi    t5, a4, -1486
core   0: 3 0x800045f4 (0xa3270f13) x30 0xfba31dc9
core   0: 0x800045f8 (0x40518a33) sub     s4, gp, t0
core   0: 3 0x800045f8 (0x40518a33) x20 0x00000008
core   0: 0x800045fc (0x4112dd33) sra     s10, t0, a7
core   0: 3 0x800045fc (0x4112dd33) x26 0x00000000
core   0: 0x80004600 (0x0310df63) bge     ra, a7, pc + 62
core   0: 3 0x80004600 (0x0310df63)
core   0: 0x8000463e (0x00008f51) c.or    a4, a2
core   0: 3 0x8000463e (0x8f51) x14 0xffffffff
core   0: 0x80004640 (0x00b51793) slli    a5, a0, 11
core   0: 3 0x80004640 (0x00b51793) x15 0x000d8800
core   0: 0x80004644 (0x00000001) c.nop
core   0: 3 0x80004644 (0x0001)
core   0: 0x80004646 (0x0362a333) mulhsu  t1, t0, s6
core   0: 3 0x80004646 (0x0362a333) x6  0x00000000
core   0: 0x8000464a (0x03ba9363) bne     s5, s11, pc + 38
core   0: 3 0x8000464a (0x03ba9363)
core   0: 0x80004670 (0x0030fbb3) and     s7, ra, gp
core   0: 3 0x80004670 (0x0030fbb3) x23 0x00000000
core   0: 0x80004674 (0x00008936) c.mv    s2, a3
core   0: 3 0x80004674 (0x8936) x18 0x80025e28
core   0: 0x80004676 (0x01fbda13) srli    s4, s7, 31
core   0: 3 0x80004676 (0x01fbda13) x20 0x00000000
core   0: 0x8000467a (0x000098fd) c.andi  s1, -1
core   0: 3 0x8000467a (0x98fd) x9  0x00000000
core   0: 0x8000467c (0x00008f01) c.sub   a4, s0
core   0: 3 0x8000467c (0x8f01) x14 0x7ffd631b
core   0: 0x8000467e (0x01f38033) add     zero, t2, t6
core   0: 3 0x8000467e (0x01f38033)
core   0: 0x80004682 (0x03854233) div     tp, a0, s8
core   0: 3 0x80004682 (0x03854233) x4  0x00000000
core   0: 0x80004686 (0x414f5493) srai    s1, t5, 20
core   0: 3 0x80004686 (0x414f5493) x9  0xffffffba
core   0: 0x8000468a (0x000083ad) c.srli  a5, 11
core   0: 3 0x8000468a (0x83ad) x15 0x000001b1
core   0: 0x8000468c (0x01079863) bne     a5, a6, pc + 16
core   0: 3 0x8000468c (0x01079863)
core   0: 0x8000469c (0x00006125) c.addi16sp sp, 96
core   0: 3 0x8000469c (0x6125) x2  0x00000051
core   0: 0x8000469e (0x01aa9133) sll     sp, s5, s10
core   0: 3 0x8000469e (0x01aa9133) x2  0x00000001
core   0: 0x800046a2 (0x0c95ed93) ori     s11, a1, 201
core   0: 3 0x800046a2 (0x0c95ed93) x27 0x000000c9
core   0: 0x800046a6 (0x5be80913) addi    s2, a6, 1470
core   0: 3 0x800046a6 (0x5be80913) x18 0x000005c8
core   0: 0x800046aa (0x00009ec6) c.add   t4, a7
core   0: 3 0x800046aa (0x9ec6) x29 0x01000000
core   0: 0x800046ac (0x41e0dab3) sra     s5, ra, t5
core   0: 3 0x800046ac (0x41e0dab3) x21 0x00000040
core   0: 0x800046b0 (0x03444c63) blt     s0, s4, pc + 56
core   0: 3 0x800046b0 (0x03444c63)
core   0: 0x800046e8 (0x00057db3) and     s11, a0, zero
core   0: 3 0x800046e8 (0x00057db3) x27 0x00000000
core   0: 0x800046ec (0x00000001) c.nop
core   0: 3 0x800046ec (0x0001)
core   0: 0x800046ee (0x00000895) c.addi  a7, 5
core   0: 3 0x800046ee (0x0895) x17 0x00000005
core   0: 0x800046f0 (0x000088f5) c.andi  s1, 29
core   0: 3 0x800046f0 (0x88f5) x9  0x00000018
core   0: 0x800046f2 (0x40ab05b3) sub     a1, s6, a0
core   0: 3 0x800046f2 (0x40ab05b3) x11 0xfffffe4f
core   0: 0x800046f6 (0x287800b7) lui     ra, 0x28780
core   0: 3 0x800046f6 (0x287800b7) x1  0x28780000
core   0: 0x800046fa (0x00004be9) c.li    s7, 26
core   0: 3 0x800046fa (0x4be9) x23 0x0000001a
core   0: 0x800046fc (0xabe62f93) slti    t6, a2, -1346
core   0: 3 0x800046fc (0xabe62f93) x31 0x00000000
core   0: 0x80004700 (0x026a7c63) bgeu    s4, t1, pc + 56
core   0: 3 0x80004700 (0x026a7c63)
core   0: 0x80004738 (0x0a083817) auipc   a6, 0xa083
core   0: 3 0x80004738 (0x0a083817) x16 0x8a087738
core   0: 0x8000473c (0x036bd233) divu    tp, s7, s6
core   0: 3 0x8000473c (0x036bd233) x4  0xffffffff
core   0: 0x80004740 (0x00006fb1) c.lui   t6, 0xc
core   0: 3 0x80004740 (0x6fb1) x31 0x0000c000
core   0: 0x80004742 (0x00006745) c.lui   a4, 0x11
core   0: 3 0x80004742 (0x6745) x14 0x00011000
core   0: 0x80004744 (0x00008d15) c.sub   a0, a3
core   0: 3 0x80004744 (0x8d15) x10 0x7ffda389
core   0: 0x80004746 (0x4152d233) sra     tp, t0, s5
core   0: 3 0x80004746 (0x4152d233) x4  0x00000000
core   0: 0x8000474a (0x00008ced) c.and   s1, a1
core   0: 3 0x8000474a (0x8ced) x9  0x00000008
core   0: 0x8000474c (0x00869993) slli    s3, a3, 8
core   0: 3 0x8000474c (0x00869993) x19 0x025e2800
core   0: 0x80004750 (0x00000001) c.nop
core   0: 3 0x80004750 (0x0001)
core   0: 0x80004752 (0x00006d71) c.lui   s10, 0x1c
core   0: 3 0x80004752 (0x6d71) x26 0x0001c000
core   0: 0x80004754 (0x0cc9c613) xori    a2, s3, 204
core   0: 3 0x80004754 (0x0cc9c613) x12 0x025e28cc
core   0: 0x80004758 (0x037ae263) bltu    s5, s7, pc + 36
core   0: 3 0x80004758 (0x037ae263)
core   0: 0x8000475c (0x0133ff33) and     t5, t2, s3
core   0: 3 0x8000475c (0x0133ff33) x30 0x00000000
core   0: 0x80004760 (0x000007c6) c.slli  a5, 17
core   0: 3 0x80004760 (0x07c6) x15 0x03620000
core   0: 0x80004762 (0x00119533) sll     a0, gp, ra
core   0: 3 0x80004762 (0x00119533) x10 0x00000008
core   0: 0x80004766 (0x03154633) div     a2, a0, a7
core   0: 3 0x80004766 (0x03154633) x12 0x00000001
core   0: 0x8000476a (0x1d20a513) slti    a0, ra, 466
core   0: 3 0x8000476a (0x1d20a513) x10 0x00000000
core   0: 0x8000476e (0x010b5133) srl     sp, s6, a6
core   0: 3 0x8000476e (0x010b5133) x2  0x00000000
core   0: 0x80004772 (0x00008cf1) c.and   s1, a2
core   0: 3 0x80004772 (0x8cf1) x9  0x00000000
core   0: 0x80004774 (0x01afefb3) or      t6, t6, s10
core   0: 3 0x80004774 (0x01afefb3) x31 0x0001c000
core   0: 0x80004778 (0x01be1993) slli    s3, t3, 27
core   0: 3 0x80004778 (0x01be1993) x19 0x00000000
core   0: 0x8000477c (0x000061dd) c.lui   gp, 0x17
core   0: 3 0x8000477c (0x61dd) x3  0x00017000
core   0: 0x8000477e (0x020d87b3) mul     a5, s11, zero
core   0: 3 0x8000477e (0x020d87b3) x15 0x00000000
core   0: 0x80004782 (0x03ffb533) mulhu   a0, t6, t6
core   0: 3 0x80004782 (0x03ffb533) x10 0x00000003
core   0: 0x80004786 (0x99fbc613) xori    a2, s7, -1633
core   0: 3 0x80004786 (0x99fbc613) x12 0xfffff985
core   0: 0x8000478a (0x40855cb3) sra     s9, a0, s0
core   0: 3 0x8000478a (0x40855cb3) x25 0x00000000
core   0: 0x8000478e (0x00006119) c.addi16sp sp, 384
core   0: 3 0x8000478e (0x6119) x2  0x00000180
core   0: 0x80004790 (0x000045a1) c.li    a1, 8
core   0: 3 0x80004790 (0x45a1) x11 0x00000008
core   0: 0x80004792 (0x00009dd2) c.add   s11, s4
core   0: 3 0x80004792 (0x9dd2) x27 0x00000000
core   0: 0x80004794 (0x00008d15) c.sub   a0, a3
core   0: 3 0x80004794 (0x8d15) x10 0x7ffda1db
core   0: 0x80004796 (0x0000036e) c.slli  t1, 27
core   0: 3 0x80004796 (0x036e) x6  0x00000000
core   0: 0x80004798 (0x00008e05) c.sub   a2, s1
core   0: 3 0x80004798 (0x8e05) x12 0xfffff985
core   0: 0x8000479a (0x00000001) c.nop
core   0: 3 0x8000479a (0x0001)
core   0: 0x8000479c (0x00009986) c.add   s3, ra
core   0: 3 0x8000479c (0x9986) x19 0x28780000
core   0: 0x8000479e (0x03ed8db3) mul     s11, s11, t5
core   0: 3 0x8000479e (0x03ed8db3) x27 0x00000000
core   0: 0x800047a2 (0x00008349) c.srli  a4, 18
core   0: 3 0x800047a2 (0x8349) x14 0x00000000
core   0: 0x800047a4 (0x00006141) c.addi16sp sp, 16
core   0: 3 0x800047a4 (0x6141) x2  0x00000190
core   0: 0x800047a6 (0x010b42b3) xor     t0, s6, a6
core   0: 3 0x800047a6 (0x010b42b3) x5  0x8a087738
core   0: 0x800047aa (0x00008fd1) c.or    a5, a2
core   0: 3 0x800047aa (0x8fd1) x15 0xfffff985
core   0: 0x800047ac (0x000015fd) c.addi  a1, -1
core   0: 3 0x800047ac (0x15fd) x11 0x00000007
core   0: 0x800047ae (0x03862833) mulhsu  a6, a2, s8
core   0: 3 0x800047ae (0x03862833) x16 0xfffff9a1
core   0: 0x800047b2 (0x4b06a893) slti    a7, a3, 1200
core   0: 3 0x800047b2 (0x4b06a893) x17 0x00000001
core   0: 0x800047b6 (0x01c7d133) srl     sp, a5, t3
core   0: 3 0x800047b6 (0x01c7d133) x2  0xfffff985
core   0: 0x800047ba (0x4df26e17) auipc   t3, 0x4df26
core   0: 3 0x800047ba (0x4df26e17) x28 0xcdf2a7ba
core   0: 0x800047be (0x41fe8f33) sub     t5, t4, t6
core   0: 3 0x800047be (0x41fe8f33) x30 0x00fe4000
core   0: 0x800047c2 (0x003037b3) snez    a5, gp
core   0: 3 0x800047c2 (0x003037b3) x15 0x00000001
core   0: 0x800047c6 (0x0000d1e5) c.beqz  a1, pc - 32
core   0: 3 0x800047c6 (0xd1e5)
core   0: 0x800047c8 (0xaaf9f993) andi    s3, s3, -1361
core   0: 3 0x800047c8 (0xaaf9f993) x19 0x28780000
core   0: 0x800047cc (0x03dd67b3) rem     a5, s10, t4
core   0: 3 0x800047cc (0x03dd67b3) x15 0x0001c000
core   0: 0x800047d0 (0x00008d91) c.sub   a1, a2
core   0: 3 0x800047d0 (0x8d91) x11 0x00000682
core   0: 0x800047d2 (0x00008d6d) c.and   a0, a1
core   0: 3 0x800047d2 (0x8d6d) x10 0x00000082
core   0: 0x800047d4 (0x0000c30d) c.beqz  a4, pc + 34
core   0: 3 0x800047d4 (0xc30d)
core   0: 0x800047f6 (0x99e77813) andi    a6, a4, -1634
core   0: 3 0x800047f6 (0x99e77813) x16 0x00000000
core   0: 0x800047fa (0x6b7a7d13) andi    s10, s4, 1719
core   0: 3 0x800047fa (0x6b7a7d13) x26 0x00000000
core   0: 0x800047fe (0x03dd4233) div     tp, s10, t4
core   0: 3 0x800047fe (0x03dd4233) x4  0x00000000
core   0: 0x80004802 (0x00000001) c.nop
core   0: 3 0x80004802 (0x0001)
core   0: 0x80004804 (0x01561113) slli    sp, a2, 21
core   0: 3 0x80004804 (0x01561113) x2  0x30a00000
core   0: 0x80004808 (0x00000a72) c.slli  s4, 28
core   0: 3 0x80004808 (0x0a72) x20 0x00000000
core   0: 0x8000480a (0x00801293) slli    t0, zero, 8
core   0: 3 0x8000480a (0x00801293) x5  0x00000000
core   0: 0x8000480e (0xe53eb513) sltiu   a0, t4, -429
core   0: 3 0x8000480e (0xe53eb513) x10 0x00000001
core   0: 0x80004812 (0x02ca0033) mul     zero, s4, a2
core   0: 3 0x80004812 (0x02ca0033)
core   0: 0x80004816 (0x00006bf5) c.lui   s7, 0x1d
core   0: 3 0x80004816 (0x6bf5) x23 0x0001d000
core   0: 0x80004818 (0x0266bcb3) mulhu   s9, a3, t1
core   0: 3 0x80004818 (0x0266bcb3) x25 0x00000000
core   0: 0x8000481c (0x00009776) c.add   a4, t4
core   0: 3 0x8000481c (0x9776) x14 0x01000000
core   0: 0x8000481e (0x00006d45) c.lui   s10, 0x11
core   0: 3 0x8000481e (0x6d45) x26 0x00011000
core   0: 0x80004820 (0x00617533) and     a0, sp, t1
core   0: 3 0x80004820 (0x00617533) x10 0x00000000
core   0: 0x80004824 (0x03fffe63) bgeu    t6, t6, pc + 60
core   0: 3 0x80004824 (0x03fffe63)
core   0: 0x80004860 (0x2beece13) xori    t3, t4, 702
core   0: 3 0x80004860 (0x2beece13) x28 0x010002be
core   0: 0x80004864 (0x03a23bb3) mulhu   s7, tp, s10
core   0: 3 0x80004864 (0x03a23bb3) x23 0x00000000
core   0: 0x80004868 (0x02a85463) bge     a6, a0, pc + 40
core   0: 3 0x80004868 (0x02a85463)
core   0: 0x80004890 (0x028974b3) remu    s1, s2, s0
core   0: 3 0x80004890 (0x028974b3) x9  0x000005c8
core   0: 0x80004894 (0x03a5eb63) bltu    a1, s10, pc + 54
core   0: 3 0x80004894 (0x03a5eb63)
core   0: 0x800048ca (0x017563b3) or      t2, a0, s7
core   0: 3 0x800048ca (0x017563b3) x7  0x00000000
core   0: 0x800048ce (0x00000001) c.nop
core   0: 3 0x800048ce (0x0001)
core   0: 0x800048d0 (0xfe8ac393) xori    t2, s5, -24
core   0: 3 0x800048d0 (0xfe8ac393) x7  0xffffffa8
core   0: 0x800048d4 (0x000098fd) c.andi  s1, -1
core   0: 3 0x800048d4 (0x98fd) x9  0x000005c8
core   0: 0x800048d6 (0x03ed4f33) div     t5, s10, t5
core   0: 3 0x800048d6 (0x03ed4f33) x30 0x00000000
core   0: 0x800048da (0x03cf5d33) divu    s10, t5, t3
core   0: 3 0x800048da (0x03cf5d33) x26 0x00000000
core   0: 0x800048de (0x000003b5) c.addi  t2, 13
core   0: 3 0x800048de (0x03b5) x7  0xffffffb5
core   0: 0x800048e0 (0x00000001) c.nop
core   0: 3 0x800048e0 (0x0001)
core   0: 0x800048e2 (0x00000001) c.nop
core   0: 3 0x800048e2 (0x0001)
core   0: 0x800048e4 (0x0000849d) c.srai  s1, 7
core   0: 3 0x800048e4 (0x849d) x9  0x0000000b
core   0: 0x800048e6 (0x03124363) blt     tp, a7, pc + 38
core   0: 3 0x800048e6 (0x03124363)
core   0: 0x8000490c (0x0000e499) c.bnez  s1, pc + 14
core   0: 3 0x8000490c (0xe499)
core   0: 0x8000491a (0x01e71833) sll     a6, a4, t5
core   0: 3 0x8000491a (0x01e71833) x16 0x01000000
core   0: 0x8000491e (0x00008622) c.mv    a2, s0
core   0: 3 0x8000491e (0x8622) x12 0x80029ce4
core   0: 0x80004920 (0x33852d13) slti    s10, a0, 824
core   0: 3 0x80004920 (0x33852d13) x26 0x00000001
core   0: 0x80004924 (0x000080b5) c.srli  s1, 13
core   0: 3 0x80004924 (0x80b5) x9  0x00000000
core   0: 0x80004926 (0xf331bd13) sltiu   s10, gp, -205
core   0: 3 0x80004926 (0xf331bd13) x26 0x00000001
core   0: 0x8000492a (0x0000655d) c.lui   a0, 0x17
core   0: 3 0x8000492a (0x655d) x10 0x00017000
core   0: 0x8000492c (0x00005afd) c.li    s5, -1
core   0: 3 0x8000492c (0x5afd) x21 0xffffffff
core   0: 0x8000492e (0x02dce4b3) rem     s1, s9, a3
core   0: 3 0x8000492e (0x02dce4b3) x9  0x00000000
core   0: 0x80004932 (0x03b71133) mulh    sp, a4, s11
core   0: 3 0x80004932 (0x03b71133) x2  0x00000000
core   0: 0x80004936 (0x00005a7d) c.li    s4, -1
core   0: 3 0x80004936 (0x5a7d) x20 0xffffffff
core   0: 0x80004938 (0x007f5713) srli    a4, t5, 7
core   0: 3 0x80004938 (0x007f5713) x14 0x00000000
core   0: 0x8000493c (0x040fba93) sltiu   s5, t6, 64
core   0: 3 0x8000493c (0x040fba93) x21 0x00000000
core   0: 0x80004940 (0x00000001) c.nop
core   0: 3 0x80004940 (0x0001)
core   0: 0x80004942 (0x0000c491) c.beqz  s1, pc + 12
core   0: 3 0x80004942 (0xc491)
core   0: 0x8000494e (0x000084c5) c.srai  s1, 17
core   0: 3 0x8000494e (0x84c5) x9  0x00000000
core   0: 0x80004950 (0x00001f7d) c.addi  t5, -1
core   0: 3 0x80004950 (0x1f7d) x30 0xffffffff
core   0: 0x80004952 (0x00008f65) c.and   a4, s1
core   0: 3 0x80004952 (0x8f65) x14 0x00000000
core   0: 0x80004954 (0x00005cfd) c.li    s9, -1
core   0: 3 0x80004954 (0x5cfd) x25 0xffffffff
core   0: 0x80004956 (0x02bca033) mulhsu  zero, s9, a1
core   0: 3 0x80004956 (0x02bca033)
core   0: 0x8000495a (0x03ee0e63) beq     t3, t5, pc + 60
core   0: 3 0x8000495a (0x03ee0e63)
core   0: 0x8000495e (0x02addeb3) divu    t4, s11, a0
core   0: 3 0x8000495e (0x02addeb3) x29 0x00000000
core   0: 0x80004962 (0x0254bf33) mulhu   t5, s1, t0
core   0: 3 0x80004962 (0x0254bf33) x30 0x00000000
core   0: 0x80004966 (0xe6cfbd13) sltiu   s10, t6, -404
core   0: 3 0x80004966 (0xe6cfbd13) x26 0x00000001
core   0: 0x8000496a (0x02c91933) mulh    s2, s2, a2
core   0: 3 0x8000496a (0x02c91933) x18 0xfffffd1c
core   0: 0x8000496e (0x013d43b3) xor     t2, s10, s3
core   0: 3 0x8000496e (0x013d43b3) x7  0x28780001
core   0: 0x80004972 (0x00006111) c.addi16sp sp, 256
core   0: 3 0x80004972 (0x6111) x2  0x00000100
core   0: 0x80004974 (0x00000aca) c.slli  s5, 18
core   0: 3 0x80004974 (0x0aca) x21 0x00000000
core   0: 0x80004976 (0x00008ffa) c.mv    t6, t5
core   0: 3 0x80004976 (0x8ffa) x31 0x00000000
core   0: 0x80004978 (0x000080a1) c.srli  s1, 8
core   0: 3 0x80004978 (0x80a1) x9  0x00000000
core   0: 0x8000497a (0x416ad5b3) sra     a1, s5, s6
core   0: 3 0x8000497a (0x416ad5b3) x11 0x00000000
core   0: 0x8000497e (0x4102d1b3) sra     gp, t0, a6
core   0: 3 0x8000497e (0x4102d1b3) x3  0x00000000
core   0: 0x80004982 (0x093e5db7) lui     s11, 0x93e5
core   0: 3 0x80004982 (0x093e5db7) x27 0x093e5000
core   0: 0x80004986 (0x01a89393) slli    t2, a7, 26
core   0: 3 0x80004986 (0x01a89393) x7  0x04000000
core   0: 0x8000498a (0x0327eab3) rem     s5, a5, s2
core   0: 3 0x8000498a (0x0327eab3) x21 0x000002d8
core   0: 0x8000498e (0x000084f5) c.srai  s1, 29
core   0: 3 0x8000498e (0x84f5) x9  0x00000000
core   0: 0x80004990 (0x6eea3613) sltiu   a2, s4, 1774
core   0: 3 0x80004990 (0x6eea3613) x12 0x00000000
core   0: 0x80004994 (0x00000001) c.nop
core   0: 3 0x80004994 (0x0001)
core   0: 0x80004996 (0x00008126) c.mv    sp, s1
core   0: 3 0x80004996 (0x8126) x2  0x00000000
core   0: 0x80004998 (0x02e14833) div     a6, sp, a4
core   0: 3 0x80004998 (0x02e14833) x16 0xffffffff
core   0: 0x8000499c (0x02e09cb3) mulh    s9, ra, a4
core   0: 3 0x8000499c (0x02e09cb3) x25 0x00000000
core   0: 0x800049a0 (0x00000001) c.nop
core   0: 3 0x800049a0 (0x0001)
core   0: 0x800049a2 (0x024b8f63) beq     s7, tp, pc + 62
core   0: 3 0x800049a2 (0x024b8f63)
core   0: 0x800049e0 (0xf4f76c93) ori     s9, a4, -177
core   0: 3 0x800049e0 (0xf4f76c93) x25 0xffffff4f
core   0: 0x800049e4 (0x00006179) c.addi16sp sp, 464
core   0: 3 0x800049e4 (0x6179) x2  0x000001d0
core   0: 0x800049e6 (0x031177b3) remu    a5, sp, a7
core   0: 3 0x800049e6 (0x031177b3) x15 0x00000000
core   0: 0x800049ea (0x7053b717) auipc   a4, 0x7053b
core   0: 3 0x800049ea (0x7053b717) x14 0xf053f9ea
core   0: 0x800049ee (0x01b1db93) srli    s7, gp, 27
core   0: 3 0x800049ee (0x01b1db93) x23 0x00000000
core   0: 0x800049f2 (0x012ef233) and     tp, t4, s2
core   0: 3 0x800049f2 (0x012ef233) x4  0x00000000
core   0: 0x800049f6 (0xe8583297) auipc   t0, 0xe8583
core   0: 3 0x800049f6 (0xe8583297) x5  0x685879f6
core   0: 0x800049fa (0x0000e315) c.bnez  a4, pc + 36
core   0: 3 0x800049fa (0xe315)
core   0: 0x80004a1e (0x70214793) xori    a5, sp, 1794
core   0: 3 0x80004a1e (0x70214793) x15 0x000006d2
core   0: 0x80004a22 (0x00008361) c.srli  a4, 24
core   0: 3 0x80004a22 (0x8361) x14 0x000000f0
core   0: 0x80004a24 (0x000081ad) c.srli  a1, 11
core   0: 3 0x80004a24 (0x81ad) x11 0x00000000
core   0: 0x80004a26 (0x02256533) rem     a0, a0, sp
core   0: 3 0x80004a26 (0x02256533) x10 0x00000010
core   0: 0x80004a2a (0x02609f63) bne     ra, t1, pc + 62
core   0: 3 0x80004a2a (0x02609f63)
core   0: 0x80004a68 (0x0123f833) and     a6, t2, s2
core   0: 3 0x80004a68 (0x0123f833) x16 0x04000000
core   0: 0x80004a6c (0x0000c89d) c.beqz  s1, pc + 54
core   0: 3 0x80004a6c (0xc89d)
core   0: 0x80004aa2 (0x00724eb3) xor     t4, tp, t2
core   0: 3 0x80004aa2 (0x00724eb3) x29 0x04000000
core   0: 0x80004aa6 (0x00008f71) c.and   a4, a2
core   0: 3 0x80004aa6 (0x8f71) x14 0x00000000
core   0: 0x80004aa8 (0xe66cfa93) andi    s5, s9, -410
core   0: 3 0x80004aa8 (0xe66cfa93) x21 0xfffffe46
core   0: 0x80004aac (0x40043813) sltiu   a6, s0, 1024
core   0: 3 0x80004aac (0x40043813) x16 0x00000000
core   0: 0x80004ab0 (0x03339463) bne     t2, s3, pc + 40
core   0: 3 0x80004ab0 (0x03339463)
core   0: 0x80004ad8 (0x01eb5713) srli    a4, s6, 30
core   0: 3 0x80004ad8 (0x01eb5713) x14 0x00000000
core   0: 0x80004adc (0x0000717d) c.addi16sp sp, -16
core   0: 3 0x80004adc (0x717d) x2  0x000001c0
core   0: 0x80004ade (0x01f16763) bltu    sp, t6, pc + 14
core   0: 3 0x80004ade (0x01f16763)
core   0: 0x80004ae2 (0x00000242) c.slli  tp, 16
core   0: 3 0x80004ae2 (0x0242) x4  0x00000000
core   0: 0x80004ae4 (0x00287533) and     a0, a6, sp
core   0: 3 0x80004ae4 (0x00287533) x10 0x00000000
core   0: 0x80004ae8 (0x80050e93) addi    t4, a0, -2048
core   0: 3 0x80004ae8 (0x80050e93) x29 0xfffff800
core   0: 0x80004aec (0x02d75a63) bge     a4, a3, pc + 52
core   0: 3 0x80004aec (0x02d75a63)
core   0: 0x80004b20 (0x0009eeb3) or      t4, s3, zero
core   0: 3 0x80004b20 (0x0009eeb3) x29 0x28780000
core   0: 0x80004b24 (0x027dca33) div     s4, s11, t2
core   0: 3 0x80004b24 (0x027dca33) x20 0x00000002
core   0: 0x80004b28 (0x00008e19) c.sub   a2, a4
core   0: 3 0x80004b28 (0x8e19) x12 0x00000000
core   0: 0x80004b2a (0x035ec133) div     sp, t4, s5
core   0: 3 0x80004b2a (0x035ec133) x2  0xffe88fa4
core   0: 0x80004b2e (0x0182e2b3) or      t0, t0, s8
core   0: 3 0x80004b2e (0x0182e2b3) x5  0xfbfb7bf7
core   0: 0x80004b32 (0x6ecb2e93) slti    t4, s6, 1772
core   0: 3 0x80004b32 (0x6ecb2e93) x29 0x00000001
core   0: 0x80004b36 (0x0207dd63) bgez    a5, pc + 58
core   0: 3 0x80004b36 (0x0207dd63)
core   0: 0x80004b70 (0x02525063) bge     tp, t0, pc + 32
core   0: 3 0x80004b70 (0x02525063)
core   0: 0x80004b90 (0x59f5f193) andi    gp, a1, 1439
core   0: 3 0x80004b90 (0x59f5f193) x3  0x00000000
core   0: 0x80004b94 (0x018fc963) blt     t6, s8, pc + 18
core   0: 3 0x80004b94 (0x018fc963)
core   0: 0x80004b98 (0x0000c595) c.beqz  a1, pc + 44
core   0: 3 0x80004b98 (0xc595)
core   0: 0x80004bc4 (0x6eb74393) xori    t2, a4, 1771
core   0: 3 0x80004bc4 (0x6eb74393) x7  0x000006eb
core   0: 0x80004bc8 (0x00000001) c.nop
core   0: 3 0x80004bc8 (0x0001)
core   0: 0x80004bca (0x00000516) c.slli  a0, 5
core   0: 3 0x80004bca (0x0516) x10 0x00000000
core   0: 0x80004bcc (0x00008fcd) c.or    a5, a1
core   0: 3 0x80004bcc (0x8fcd) x15 0x000006d2
core   0: 0x80004bce (0x00009ef6) c.add   t4, t4
core   0: 3 0x80004bce (0x9ef6) x29 0x00000002
core   0: 0x80004bd0 (0x6bb25617) auipc   a2, 0x6bb25
core   0: 3 0x80004bd0 (0x6bb25617) x12 0xebb29bd0
core   0: 0x80004bd4 (0xd6740893) addi    a7, s0, -665
core   0: 3 0x80004bd4 (0xd6740893) x17 0x80029a4b
core   0: 0x80004bd8 (0x00004aed) c.li    s5, 27
core   0: 3 0x80004bd8 (0x4aed) x21 0x0000001b
core   0: 0x80004bda (0x00009632) c.add   a2, a2
core   0: 3 0x80004bda (0x9632) x12 0xd76537a0
core   0: 0x80004bdc (0x6415c393) xori    t2, a1, 1601
core   0: 3 0x80004bdc (0x6415c393) x7  0x00000641
core   0: 0x80004be0 (0x02677763) bgeu    a4, t1, pc + 46
core   0: 3 0x80004be0 (0x02677763)
core   0: 0x80004c0e (0x0000ea01) c.bnez  a2, pc + 16
core   0: 3 0x80004c0e (0xea01)
core   0: 0x80004c1e (0x721f7b93) andi    s7, t5, 1825
core   0: 3 0x80004c1e (0x721f7b93) x23 0x00000000
core   0: 0x80004c22 (0x0319b133) mulhu   sp, s3, a7
core   0: 3 0x80004c22 (0x0319b133) x2  0x143c6954
core   0: 0x80004c26 (0x00008f11) c.sub   a4, a2
core   0: 3 0x80004c26 (0x8f11) x14 0x289ac860
core   0: 0x80004c28 (0x00008ff9) c.and   a5, a4
core   0: 3 0x80004c28 (0x8ff9) x15 0x00000040
core   0: 0x80004c2a (0xa33abab7) lui     s5, 0xa33ab
core   0: 3 0x80004c2a (0xa33abab7) x21 0xa33ab000
core   0: 0x80004c2e (0x0000e18d) c.bnez  a1, pc + 34
core   0: 3 0x80004c2e (0xe18d)
core   0: 0x80004c30 (0x013b2bb3) slt     s7, s6, s3
core   0: 3 0x80004c30 (0x013b2bb3) x23 0x00000001
core   0: 0x80004c34 (0x01015313) srli    t1, sp, 16
core   0: 3 0x80004c34 (0x01015313) x6  0x0000143c
core   0: 0x80004c38 (0x037e7713) andi    a4, t3, 55
core   0: 3 0x80004c38 (0x037e7713) x14 0x00000036
core   0: 0x80004c3c (0x61ece193) ori     gp, s9, 1566
core   0: 3 0x80004c3c (0x61ece193) x3  0xffffff5f
core   0: 0x80004c40 (0x01477ab3) and     s5, a4, s4
core   0: 3 0x80004c40 (0x01477ab3) x21 0x00000002
core   0: 0x80004c44 (0x0205a333) mulhsu  t1, a1, zero
core   0: 3 0x80004c44 (0x0205a333) x6  0x00000000
core   0: 0x80004c48 (0x018260b3) or      ra, tp, s8
core   0: 3 0x80004c48 (0x018260b3) x1  0xfba32397
core   0: 0x80004c4c (0x01635333) srl     t1, t1, s6
core   0: 3 0x80004c4c (0x01635333) x6  0x00000000
core   0: 0x80004c50 (0x0485c463) blt     a1, s0, pc + 72
core   0: 3 0x80004c50 (0x0485c463)
core   0: 0x80004c54 (0x40f8d213) srai    tp, a7, 15
core   0: 3 0x80004c54 (0x40f8d213) x4  0xffff0005
core   0: 0x80004c58 (0x40d5da33) sra     s4, a1, a3
core   0: 3 0x80004c58 (0x40d5da33) x20 0x00000000
core   0: 0x80004c5c (0x2b7e22b7) lui     t0, 0x2b7e2
core   0: 3 0x80004c5c (0x2b7e22b7) x5  0x2b7e2000
core   0: 0x80004c60 (0x03e9eb33) rem     s6, s3, t5
core   0: 3 0x80004c60 (0x03e9eb33) x22 0x28780000
core   0: 0x80004c64 (0x01fe3633) sltu    a2, t3, t6
core   0: 3 0x80004c64 (0x01fe3633) x12 0x00000000
core   0: 0x80004c68 (0x02702233) mulhsu  tp, zero, t2
core   0: 3 0x80004c68 (0x02702233) x4  0x00000000
core   0: 0x80004c6c (0x007881b3) add     gp, a7, t2
core   0: 3 0x80004c6c (0x007881b3) x3  0x8002a08c
core   0: 0x80004c70 (0x00259a93) slli    s5, a1, 2
core   0: 3 0x80004c70 (0x00259a93) x21 0x00000000
core   0: 0x80004c74 (0x00211013) slli    zero, sp, 2
core   0: 3 0x80004c74 (0x00211013)
core   0: 0x80004c78 (0x0041a033) slt     zero, gp, tp
core   0: 3 0x80004c78 (0x0041a033)
core   0: 0x80004c7c (0x0000428d) c.li    t0, 3
core   0: 3 0x80004c7c (0x428d) x5  0x00000003
core   0: 0x80004c7e (0xc0c5c293) xori    t0, a1, -1012
core   0: 3 0x80004c7e (0xc0c5c293) x5  0xfffffc0c
core   0: 0x80004c82 (0x0225e933) rem     s2, a1, sp
core   0: 3 0x80004c82 (0x0225e933) x18 0x00000000
core   0: 0x80004c86 (0x0000c91d) c.beqz  a0, pc + 54
core   0: 3 0x80004c86 (0xc91d)
core   0: 0x80004cbc (0x03ee0633) mul     a2, t3, t5
core   0: 3 0x80004cbc (0x03ee0633) x12 0x00000000
core   0: 0x80004cc0 (0x0000cb1d) c.beqz  a4, pc + 54
core   0: 3 0x80004cc0 (0xcb1d)
core   0: 0x80004cc2 (0x03136e33) rem     t3, t1, a7
core   0: 3 0x80004cc2 (0x03136e33) x28 0x00000000
core   0: 0x80004cc6 (0x0129d613) srli    a2, s3, 18
core   0: 3 0x80004cc6 (0x0129d613) x12 0x00000a1e
core   0: 0x80004cca (0x0000997d) c.andi  a0, -1
core   0: 3 0x80004cca (0x997d) x10 0x00000000
core   0: 0x80004ccc (0x00991d13) slli    s10, s2, 9
core   0: 3 0x80004ccc (0x00991d13) x26 0x00000000
core   0: 0x80004cd0 (0x01d16f63) bltu    sp, t4, pc + 30
core   0: 3 0x80004cd0 (0x01d16f63)
core   0: 0x80004cd4 (0x03006eb3) rem     t4, zero, a6
core   0: 3 0x80004cd4 (0x03006eb3) x29 0x00000000
core   0: 0x80004cd8 (0x00001c88) c.addi4spn a0, sp, 624
core   0: 3 0x80004cd8 (0x1c88) x10 0x143c6bc4
core   0: 0x80004cda (0x41fed033) sra     zero, t4, t6
core   0: 3 0x80004cda (0x41fed033)
core   0: 0x80004cde (0x002ee833) or      a6, t4, sp
core   0: 3 0x80004cde (0x002ee833) x16 0x143c6954
core   0: 0x80004ce2 (0x00008635) c.srai  a2, 13
core   0: 3 0x80004ce2 (0x8635) x12 0x00000000
core   0: 0x80004ce4 (0x00009f76) c.add   t5, t4
core   0: 3 0x80004ce4 (0x9f76) x30 0x00000000
core   0: 0x80004ce6 (0x02922fb3) mulhsu  t6, tp, s1
core   0: 3 0x80004ce6 (0x02922fb3) x31 0x00000000
core   0: 0x80004cea (0x00008761) c.srai  a4, 24
core   0: 3 0x80004cea (0x8761) x14 0x00000000
core   0: 0x80004cec (0x00008f6d) c.and   a4, a1
core   0: 3 0x80004cec (0x8f6d) x14 0x00000000
core   0: 0x80004cee (0x000080c1) c.srli  s1, 16
core   0: 3 0x80004cee (0x80c1) x9  0x00000000
core   0: 0x80004cf0 (0x00008c91) c.sub   s1, a2
core   0: 3 0x80004cf0 (0x8c91) x9  0x00000000
core   0: 0x80004cf2 (0x0344da63) bge     s1, s4, pc + 52
core   0: 3 0x80004cf2 (0x0344da63)
core   0: 0x80004d26 (0x0000959e) c.add   a1, t2
core   0: 3 0x80004d26 (0x959e) x11 0x00000641
core   0: 0x80004d28 (0x0b0f6163) bltu    t5, a6, pc + 162
core   0: 3 0x80004d28 (0x0b0f6163)
core   0: 0x80004dca (0x63446c97) auipc   s9, 0x63446
core   0: 3 0x80004dca (0x63446c97) x25 0xe344adca
core   0: 0x80004dce (0x021b2133) mulhsu  sp, s6, ra
core   0: 3 0x80004dce (0x021b2133) x2  0x27c77208
core   0: 0x80004dd2 (0x415f81b3) sub     gp, t6, s5
core   0: 3 0x80004dd2 (0x415f81b3) x3  0x00000000
core   0: 0x80004dd6 (0x00008ba6) c.mv    s7, s1
core   0: 3 0x80004dd6 (0x8ba6) x23 0x00000000
core   0: 0x80004dd8 (0xb0e1bc93) sltiu   s9, gp, -1266
core   0: 3 0x80004dd8 (0xb0e1bc93) x25 0x00000001
core   0: 0x80004ddc (0x0000997d) c.andi  a0, -1
core   0: 3 0x80004ddc (0x997d) x10 0x143c6bc4
core   0: 0x80004dde (0x00008fa1) c.xor   a5, s0
core   0: 3 0x80004dde (0x8fa1) x15 0x80029ca4
core   0: 0x80004de0 (0x0000717d) c.addi16sp sp, -16
core   0: 3 0x80004de0 (0x717d) x2  0x27c771f8
core   0: 0x80004de2 (0x00008606) c.mv    a2, ra
core   0: 3 0x80004de2 (0x8606) x12 0xfba32397
core   0: 0x80004de4 (0x27595097) auipc   ra, 0x27595
core   0: 3 0x80004de4 (0x27595097) x1  0xa7599de4
core   0: 0x80004de8 (0x00008cb1) c.xor   s1, a2
core   0: 3 0x80004de8 (0x8cb1) x9  0xfba32397
core   0: 0x80004dea (0x02ef7463) bgeu    t5, a4, pc + 40
core   0: 3 0x80004dea (0x02ef7463)
core   0: 0x80004e12 (0xf9690c93) addi    s9, s2, -106
core   0: 3 0x80004e12 (0xf9690c93) x25 0xffffff96
core   0: 0x80004e16 (0x02197933) remu    s2, s2, ra
core   0: 3 0x80004e16 (0x02197933) x18 0x00000000
core   0: 0x80004e1a (0x013c3033) sltu    zero, s8, s3
core   0: 3 0x80004e1a (0x013c3033)
core   0: 0x80004e1e (0x0000cf91) c.beqz  a5, pc + 28
core   0: 3 0x80004e1e (0xcf91)
core   0: 0x80004e20 (0x015a8bb3) add     s7, s5, s5
core   0: 3 0x80004e20 (0x015a8bb3) x23 0x00000000
core   0: 0x80004e24 (0x000080e9) c.srli  s1, 26
core   0: 3 0x80004e24 (0x80e9) x9  0x0000003e
core   0: 0x80004e26 (0x00454963) blt     a0, tp, pc + 18
core   0: 3 0x80004e26 (0x00454963)
core   0: 0x80004e2a (0x00008f9d) c.sub   a5, a5
core   0: 3 0x80004e2a (0x8f9d) x15 0x00000000
core   0: 0x80004e2c (0x00aeeab3) or      s5, t4, a0
core   0: 3 0x80004e2c (0x00aeeab3) x21 0x143c6bc4
core   0: 0x80004e30 (0x0000cb09) c.beqz  a4, pc + 18
core   0: 3 0x80004e30 (0xcb09)
core   0: 0x80004e42 (0x04604063) blt     zero, t1, pc + 64
core   0: 3 0x80004e42 (0x04604063)
core   0: 0x80004e46 (0x00008f45) c.or    a4, s1
core   0: 3 0x80004e46 (0x8f45) x14 0x0000003e
core   0: 0x80004e48 (0x03bd0063) beq     s10, s11, pc + 32
core   0: 3 0x80004e48 (0x03bd0063)
core   0: 0x80004e4c (0x02a59263) bne     a1, a0, pc + 36
core   0: 3 0x80004e4c (0x02a59263)
core   0: 0x80004e70 (0x01661093) slli    ra, a2, 22
core   0: 3 0x80004e70 (0x01661093) x1  0xe5c00000
core   0: 0x80004e74 (0x0229ef33) rem     t5, s3, sp
core   0: 3 0x80004e74 (0x0229ef33) x30 0x00b08e08
core   0: 0x80004e78 (0x03478513) addi    a0, a5, 52
core   0: 3 0x80004e78 (0x03478513) x10 0x00000034
core   0: 0x80004e7c (0x00009f6a) c.add   t5, s10
core   0: 3 0x80004e7c (0x9f6a) x30 0x00b08e08
core   0: 0x80004e7e (0x41935c93) srai    s9, t1, 25
core   0: 3 0x80004e7e (0x41935c93) x25 0x00000000
core   0: 0x80004e82 (0x01ea8363) beq     s5, t5, pc + 6
core   0: 3 0x80004e82 (0x01ea8363)
core   0: 0x80004e86 (0x00008531) c.srai  a0, 12
core   0: 3 0x80004e86 (0x8531) x10 0x00000000
core   0: 0x80004e88 (0x9b7dbd13) sltiu   s10, s11, -1609
core   0: 3 0x80004e88 (0x9b7dbd13) x26 0x00000001
core   0: 0x80004e8c (0x01673ab3) sltu    s5, a4, s6
core   0: 3 0x80004e8c (0x01673ab3) x21 0x00000001
core   0: 0x80004e90 (0x0000086a) c.slli  a6, 26
core   0: 3 0x80004e90 (0x086a) x16 0x50000000
core   0: 0x80004e92 (0x02d15863) bge     sp, a3, pc + 48
core   0: 3 0x80004e92 (0x02d15863)
core   0: 0x80004ec2 (0x0320dfb3) divu    t6, ra, s2
core   0: 3 0x80004ec2 (0x0320dfb3) x31 0xffffffff
core   0: 0x80004ec6 (0x00000001) c.nop
core   0: 3 0x80004ec6 (0x0001)
core   0: 0x80004ec8 (0x000048a1) c.li    a7, 8
core   0: 3 0x80004ec8 (0x48a1) x17 0x00000008
core   0: 0x80004eca (0x00fe3033) sltu    zero, t3, a5
core   0: 3 0x80004eca (0x00fe3033)
core   0: 0x80004ece (0x00008d91) c.sub   a1, a2
core   0: 3 0x80004ece (0x8d91) x11 0x045ce2aa
core   0: 0x80004ed0 (0xf950b2b7) lui     t0, 0xf950b
core   0: 3 0x80004ed0 (0xf950b2b7) x5  0xf950b000
core   0: 0x80004ed4 (0x0118ee33) or      t3, a7, a7
core   0: 3 0x80004ed4 (0x0118ee33) x28 0x00000008
core   0: 0x80004ed8 (0x00000fb1) c.addi  t6, 12
core   0: 3 0x80004ed8 (0x0fb1) x31 0x0000000b
core   0: 0x80004eda (0x03fcbd33) mulhu   s10, s9, t6
core   0: 3 0x80004eda (0x03fcbd33) x26 0x00000000
core   0: 0x80004ede (0x000040f1) c.li    ra, 28
core   0: 3 0x80004ede (0x40f1) x1  0x0000001c
core   0: 0x80004ee0 (0x0000c4b9) c.beqz  s1, pc + 78
core   0: 3 0x80004ee0 (0xc4b9)
core   0: 0x80004ee2 (0x00008115) c.srli  a0, 5
core   0: 3 0x80004ee2 (0x8115) x10 0x00000000
core   0: 0x80004ee4 (0x00000c9c) c.addi4spn a5, sp, 592
core   0: 3 0x80004ee4 (0x0c9c) x15 0x27c77448
core   0: 0x80004ee6 (0x87a03993) sltiu   s3, zero, -1926
core   0: 3 0x80004ee6 (0x87a03993) x19 0x00000001
core   0: 0x80004eea (0x000084c1) c.srai  s1, 16
core   0: 3 0x80004eea (0x84c1) x9  0x00000000
core   0: 0x80004eec (0x000050e5) c.li    ra, -7
core   0: 3 0x80004eec (0x50e5) x1  0xfffffff9
core   0: 0x80004eee (0x00004b51) c.li    s6, 20
core   0: 3 0x80004eee (0x4b51) x22 0x00000014
core   0: 0x80004ef0 (0x00008cb1) c.xor   s1, a2
core   0: 3 0x80004ef0 (0x8cb1) x9  0xfba32397
core   0: 0x80004ef2 (0x01ed19b3) sll     s3, s10, t5
core   0: 3 0x80004ef2 (0x01ed19b3) x19 0x00000000
core   0: 0x80004ef6 (0x01fa8133) add     sp, s5, t6
core   0: 3 0x80004ef6 (0x01fa8133) x2  0x0000000c
core   0: 0x80004efa (0x00000089) c.addi  ra, 2
core   0: 3 0x80004efa (0x0089) x1  0xfffffffb
core   0: 0x80004efc (0x6c21f113) andi    sp, gp, 1730
core   0: 3 0x80004efc (0x6c21f113) x2  0x00000000
core   0: 0x80004f00 (0xbb2acc97) auipc   s9, 0xbb2ac
core   0: 3 0x80004f00 (0xbb2acc97) x25 0x3b2b0f00
core   0: 0x80004f04 (0xff60e6e3) bltu    ra, s6, pc - 20
core   0: 3 0x80004f04 (0xff60e6e3)
core   0: 0x80004f08 (0x00004311) c.li    t1, 4
core   0: 3 0x80004f08 (0x4311) x6  0x00000004
core   0: 0x80004f0a (0x407d0d33) sub     s10, s10, t2
core   0: 3 0x80004f0a (0x407d0d33) x26 0xfffff9bf
core   0: 0x80004f0e (0x0011d333) srl     t1, gp, ra
core   0: 3 0x80004f0e (0x0011d333) x6  0x00000000
core   0: 0x80004f12 (0x7b75ed93) ori     s11, a1, 1975
core   0: 3 0x80004f12 (0x7b75ed93) x27 0x045ce7bf
core   0: 0x80004f16 (0x45344313) xori    t1, s0, 1107
core   0: 3 0x80004f16 (0x45344313) x6  0x800298b7
core   0: 0x80004f1a (0x00088333) add     t1, a7, zero
core   0: 3 0x80004f1a (0x00088333) x6  0x00000008
core   0: 0x80004f1e (0x023150b3) divu    ra, sp, gp
core   0: 3 0x80004f1e (0x023150b3) x1  0xffffffff
core   0: 0x80004f22 (0x007a4a63) blt     s4, t2, pc + 20
core   0: 3 0x80004f22 (0x007a4a63)
core   0: 0x80004f36 (0x00008f51) c.or    a4, a2
core   0: 3 0x80004f36 (0x8f51) x14 0xfba323bf
core   0: 0x80004f38 (0x0029b9b3) sltu    s3, s3, sp
core   0: 3 0x80004f38 (0x0029b9b3) x19 0x00000000
core   0: 0x80004f3c (0x00bd8333) add     t1, s11, a1
core   0: 3 0x80004f3c (0x00bd8333) x6  0x08b9ca69
core   0: 0x80004f40 (0x0000e60d) c.bnez  a2, pc + 42
core   0: 3 0x80004f40 (0xe60d)
core   0: 0x80004f6a (0x7ae932b7) lui     t0, 0x7ae93
core   0: 3 0x80004f6a (0x7ae932b7) x5  0x7ae93000
core   0: 0x80004f6e (0x0000ea05) c.bnez  a2, pc + 48
core   0: 3 0x80004f6e (0xea05)
core   0: 0x80004f9e (0x019cc833) xor     a6, s9, s9
core   0: 3 0x80004f9e (0x019cc833) x16 0x00000000
core   0: 0x80004fa2 (0x022d9c63) bne     s11, sp, pc + 56
core   0: 3 0x80004fa2 (0x022d9c63)
core   0: 0x80004fda (0x0303deb3) divu    t4, t2, a6
core   0: 3 0x80004fda (0x0303deb3) x29 0xffffffff
core   0: 0x80004fde (0x0000c095) c.beqz  s1, pc + 36
core   0: 3 0x80004fde (0xc095)
core   0: 0x80004fe0 (0x009131b3) sltu    gp, sp, s1
core   0: 3 0x80004fe0 (0x009131b3) x3  0x00000001
core   0: 0x80004fe4 (0x0081f5b3) and     a1, gp, s0
core   0: 3 0x80004fe4 (0x0081f5b3) x11 0x00000000
core   0: 0x80004fe8 (0x01717c63) bgeu    sp, s7, pc + 24
core   0: 3 0x80004fe8 (0x01717c63)
core   0: 0x80005000 (0x0000e495) c.bnez  s1, pc + 44
core   0: 3 0x80005000 (0xe495)
core   0: 0x8000502c (0x000061f5) c.lui   gp, 0x1d
core   0: 3 0x8000502c (0x61f5) x3  0x0001d000
core   0: 0x8000502e (0x00008f7d) c.and   a4, a5
core   0: 3 0x8000502e (0x8f7d) x14 0x23832008
core   0: 0x80005030 (0x03948b63) beq     s1, s9, pc + 54
core   0: 3 0x80005030 (0x03948b63)
core   0: 0x80005034 (0x61c8f193) andi    gp, a7, 1564
core   0: 3 0x80005034 (0x61c8f193) x3  0x00000008
core   0: 0x80005038 (0x02d04d63) blt     zero, a3, pc + 58
core   0: 3 0x80005038 (0x02d04d63)
core   0: 0x8000503c (0x00000a1c) c.addi4spn a5, sp, 272
core   0: 3 0x8000503c (0x0a1c) x15 0x00000110
core   0: 0x8000503e (0x03c28463) beq     t0, t3, pc + 40
core   0: 3 0x8000503e (0x03c28463)
core   0: 0x80005042 (0x03093b33) mulhu   s6, s2, a6
core   0: 3 0x80005042 (0x03093b33) x22 0x00000000
core   0: 0x80005046 (0x00006119) c.addi16sp sp, 384
core   0: 3 0x80005046 (0x6119) x2  0x00000180
core   0: 0x80005048 (0x00000001) c.nop
core   0: 3 0x80005048 (0x0001)
core   0: 0x8000504a (0x030a9e63) bne     s5, a6, pc + 60
core   0: 3 0x8000504a (0x030a9e63)
core   0: 0x80005086 (0x01fad193) srli    gp, s5, 31
core   0: 3 0x80005086 (0x01fad193) x3  0x00000000
core   0: 0x8000508a (0x03a36b63) bltu    t1, s10, pc + 54
core   0: 3 0x8000508a (0x03a36b63)
core   0: 0x800050c0 (0x00000e7a) c.slli  t3, 30
core   0: 3 0x800050c0 (0x0e7a) x28 0x00000000
core   0: 0x800050c2 (0x00008ff5) c.and   a5, a3
core   0: 3 0x800050c2 (0x8ff5) x15 0x00000000
core   0: 0x800050c4 (0x011e5e63) bge     t3, a7, pc + 28
core   0: 3 0x800050c4 (0x011e5e63)
core   0: 0x800050c8 (0x000080d5) c.srli  s1, 21
core   0: 3 0x800050c8 (0x80d5) x9  0x000007dd
core   0: 0x800050ca (0x00000112) c.slli  sp, 4
core   0: 3 0x800050ca (0x0112) x2  0x00001800
core   0: 0x800050cc (0xa71eee13) ori     t3, t4, -1423
core   0: 3 0x800050cc (0xa71eee13) x28 0xffffffff
core   0: 0x800050d0 (0xc43bec97) auipc   s9, 0xc43be
core   0: 3 0x800050d0 (0xc43bec97) x25 0x443c30d0
core   0: 0x800050d4 (0x00001d08) c.addi4spn a0, sp, 688
core   0: 3 0x800050d4 (0x1d08) x10 0x00001ab0
core   0: 0x800050d6 (0x00009fe2) c.add   t6, s8
core   0: 3 0x800050d6 (0x9fe2) x31 0xfba323a2
core   0: 0x800050d8 (0x03cabbb3) mulhu   s7, s5, t3
core   0: 3 0x800050d8 (0x03cabbb3) x23 0x00000000
core   0: 0x800050dc (0x00008561) c.srai  a0, 24
core   0: 3 0x800050dc (0x8561) x10 0x00000000
core   0: 0x800050de (0x00006139) c.addi16sp sp, 448
core   0: 3 0x800050de (0x6139) x2  0x000019c0
core   0: 0x800050e0 (0x00000e98) c.addi4spn a4, sp, 848
core   0: 3 0x800050e0 (0x0e98) x14 0x00001d10
core   0: 0x800050e2 (0x0368f0b3) remu    ra, a7, s6
core   0: 3 0x800050e2 (0x0368f0b3) x1  0x00000008
core   0: 0x800050e6 (0x00367cb3) and     s9, a2, gp
core   0: 3 0x800050e6 (0x00367cb3) x25 0x00000000
core   0: 0x800050ea (0x03cdf7b3) remu    a5, s11, t3
core   0: 3 0x800050ea (0x03cdf7b3) x15 0x045ce7bf
core   0: 0x800050ee (0x41738f33) sub     t5, t2, s7
core   0: 3 0x800050ee (0x41738f33) x30 0x00000641
core   0: 0x800050f2 (0x000080e9) c.srli  s1, 26
core   0: 3 0x800050f2 (0x80e9) x9  0x00000000
core   0: 0x800050f4 (0x0000c305) c.beqz  a4, pc + 32
core   0: 3 0x800050f4 (0xc305)
core   0: 0x800050f6 (0x9921af93) slti    t6, gp, -1646
core   0: 3 0x800050f6 (0x9921af93) x31 0x00000000
core   0: 0x800050fa (0x00008cd5) c.or    s1, a3
core   0: 3 0x800050fa (0x8cd5) x9  0x80025e28
core   0: 0x800050fc (0x0130fc63) bgeu    ra, s3, pc + 24
core   0: 3 0x800050fc (0x0130fc63)
core   0: 0x80005114 (0x00009cd6) c.add   s9, s5
core   0: 3 0x80005114 (0x9cd6) x25 0x00000001
core   0: 0x80005116 (0x02fa9533) mulh    a0, s5, a5
core   0: 3 0x80005116 (0x02fa9533) x10 0x00000000
core   0: 0x8000511a (0x01a625b3) slt     a1, a2, s10
core   0: 3 0x8000511a (0x01a625b3) x11 0x00000001
core   0: 0x8000511e (0x00000c18) c.addi4spn a4, sp, 528
core   0: 3 0x8000511e (0x0c18) x14 0x00001bd0
core   0: 0x80005120 (0x01341933) sll     s2, s0, s3
core   0: 3 0x80005120 (0x01341933) x18 0x80029ce4
core   0: 0x80005124 (0x00008d01) c.sub   a0, s0
core   0: 3 0x80005124 (0x8d01) x10 0x7ffd631c
core   0: 0x80005126 (0x00008d41) c.or    a0, s0
core   0: 3 0x80005126 (0x8d41) x10 0xfffffffc
core   0: 0x80005128 (0x51b32913) slti    s2, t1, 1307
core   0: 3 0x80005128 (0x51b32913) x18 0x00000000
core   0: 0x8000512c (0x00008a79) c.andi  a2, 30
core   0: 3 0x8000512c (0x8a79) x12 0x00000016
core   0: 0x8000512e (0x000010fd) c.addi  ra, -1
core   0: 3 0x8000512e (0x10fd) x1  0x00000007
core   0: 0x80005130 (0x009e6763) bltu    t3, s1, pc + 14
core   0: 3 0x80005130 (0x009e6763)
core   0: 0x80005134 (0x40f80833) sub     a6, a6, a5
core   0: 3 0x80005134 (0x40f80833) x16 0xfba31841
core   0: 0x80005138 (0x00008fe9) c.and   a5, a0
core   0: 3 0x80005138 (0x8fe9) x15 0x045ce7bc
core   0: 0x8000513a (0x0dfa0593) addi    a1, s4, 223
core   0: 3 0x8000513a (0x0dfa0593) x11 0x000000df
core   0: 0x8000513e (0x00008ca1) c.xor   s1, s0
core   0: 3 0x8000513e (0x8ca1) x9  0x0000c2cc
core   0: 0x80005140 (0x41bb8d13) addi    s10, s7, 1051
core   0: 3 0x80005140 (0x41bb8d13) x26 0x0000041b
core   0: 0x80005144 (0x00008f91) c.sub   a5, a2
core   0: 3 0x80005144 (0x8f91) x15 0x045ce7a6
core   0: 0x80005146 (0x018abb33) sltu    s6, s5, s8
core   0: 3 0x80005146 (0x018abb33) x22 0x00000001
core   0: 0x8000514a (0x00008cd9) c.or    s1, a4
core   0: 3 0x8000514a (0x8cd9) x9  0x0000dbdc
core   0: 0x8000514c (0x032a4fb3) div     t6, s4, s2
core   0: 3 0x8000514c (0x032a4fb3) x31 0xffffffff
core   0: 0x80005150 (0x028294b3) mulh    s1, t0, s0
core   0: 3 0x80005150 (0x028294b3) x9  0xc28ca925
core   0: 0x80005154 (0x03870ab3) mul     s5, a4, s8
core   0: 3 0x80005154 (0x03870ab3) x21 0xa94dd7b0
core   0: 0x80005158 (0x0000e21d) c.bnez  a2, pc + 38
core   0: 3 0x80005158 (0xe21d)
core   0: 0x8000517e (0x8551f993) andi    s3, gp, -1963
core   0: 3 0x8000517e (0x8551f993) x19 0x00000000
core   0: 0x80005182 (0x00008e4d) c.or    a2, a1
core   0: 3 0x80005182 (0x8e4d) x12 0x000000df
core   0: 0x80005184 (0xc480f493) andi    s1, ra, -952
core   0: 3 0x80005184 (0xc480f493) x9  0x00000000
core   0: 0x80005188 (0x84042d93) slti    s11, s0, -1984
core   0: 3 0x80005188 (0x84042d93) x27 0x00000001
core   0: 0x8000518c (0x01877363) bgeu    a4, s8, pc + 6
core   0: 3 0x8000518c (0x01877363)
core   0: 0x80005190 (0x00006829) c.lui   a6, 0xa
core   0: 3 0x80005190 (0x6829) x16 0x0000a000
core   0: 0x80005192 (0x017bddb3) srl     s11, s7, s7
core   0: 3 0x80005192 (0x017bddb3) x27 0x00000000
core   0: 0x80005196 (0x02ed9333) mulh    t1, s11, a4
core   0: 3 0x80005196 (0x02ed9333) x6  0x00000000
core   0: 0x8000519a (0xd8530513) addi    a0, t1, -635
core   0: 3 0x8000519a (0xd8530513) x10 0xfffffd85
core   0: 0x8000519e (0x00000001) c.nop
core   0: 3 0x8000519e (0x0001)
core   0: 0x800051a0 (0x000083a5) c.srli  a5, 9
core   0: 3 0x800051a0 (0x83a5) x15 0x00022e73
core   0: 0x800051a2 (0x021db333) mulhu   t1, s11, ra
core   0: 3 0x800051a2 (0x021db333) x6  0x00000000
core   0: 0x800051a6 (0x000088b9) c.andi  s1, 14
core   0: 3 0x800051a6 (0x88b9) x9  0x00000000
core   0: 0x800051a8 (0x00008d09) c.sub   a0, a0
core   0: 3 0x800051a8 (0x8d09) x10 0x00000000
core   0: 0x800051aa (0x03be3e33) mulhu   t3, t3, s11
core   0: 3 0x800051aa (0x03be3e33) x28 0x00000000
core   0: 0x800051ae (0x012b0217) auipc   tp, 0x12b0
core   0: 3 0x800051ae (0x012b0217) x4  0x812b51ae
core   0: 0x800051b2 (0x03e6d933) divu    s2, a3, t5
core   0: 3 0x800051b2 (0x03e6d933) x18 0x001477fb
core   0: 0x800051b6 (0x08b4f093) andi    ra, s1, 139
core   0: 3 0x800051b6 (0x08b4f093) x1  0x00000000
core   0: 0x800051ba (0x00009d2e) c.add   s10, a1
core   0: 3 0x800051ba (0x9d2e) x26 0x000004fa
core   0: 0x800051bc (0x0000816d) c.srli  a0, 27
core   0: 3 0x800051bc (0x816d) x10 0x00000000
core   0: 0x800051be (0x00000001) c.nop
core   0: 3 0x800051be (0x0001)
core   0: 0x800051c0 (0x00008d75) c.and   a0, a3
core   0: 3 0x800051c0 (0x8d75) x10 0x00000000
core   0: 0x800051c2 (0x03afc233) div     tp, t6, s10
core   0: 3 0x800051c2 (0x03afc233) x4  0x00000000
core   0: 0x800051c6 (0x0c3f3393) sltiu   t2, t5, 195
core   0: 3 0x800051c6 (0x0c3f3393) x7  0x00000000
core   0: 0x800051ca (0x0088e9b3) or      s3, a7, s0
core   0: 3 0x800051ca (0x0088e9b3) x19 0x80029cec
core   0: 0x800051ce (0x5f7fc193) xori    gp, t6, 1527
core   0: 3 0x800051ce (0x5f7fc193) x3  0xfffffa08
core   0: 0x800051d2 (0x03d92e33) mulhsu  t3, s2, t4
core   0: 3 0x800051d2 (0x03d92e33) x28 0x001477fa
core   0: 0x800051d6 (0x00000001) c.nop
core   0: 3 0x800051d6 (0x0001)
core   0: 0x800051d8 (0x00008d81) c.sub   a1, s0
core   0: 3 0x800051d8 (0x8d81) x11 0x7ffd63fb
core   0: 0x800051da (0x020aaab3) mulhsu  s5, s5, zero
core   0: 3 0x800051da (0x020aaab3) x21 0x00000000
core   0: 0x800051de (0x0000855d) c.srai  a0, 23
core   0: 3 0x800051de (0x855d) x10 0x00000000
core   0: 0x800051e0 (0x03bf71b3) remu    gp, t5, s11
core   0: 3 0x800051e0 (0x03bf71b3) x3  0x00000641
core   0: 0x800051e4 (0x008a5633) srl     a2, s4, s0
core   0: 3 0x800051e4 (0x008a5633) x12 0x00000000
core   0: 0x800051e8 (0x41122997) auipc   s3, 0x41122
core   0: 3 0x800051e8 (0x41122997) x19 0xc11271e8
core   0: 0x800051ec (0x02110533) mul     a0, sp, ra
core   0: 3 0x800051ec (0x02110533) x10 0x00000000
core   0: 0x800051f0 (0x417ada93) srai    s5, s5, 23
core   0: 3 0x800051f0 (0x417ada93) x21 0x00000000
core   0: 0x800051f4 (0x01825493) srli    s1, tp, 24
core   0: 3 0x800051f4 (0x01825493) x9  0x00000000
core   0: 0x800051f8 (0x0000997d) c.andi  a0, -1
core   0: 3 0x800051f8 (0x997d) x10 0x00000000
core   0: 0x800051fa (0x48ee6813) ori     a6, t3, 1166
core   0: 3 0x800051fa (0x48ee6813) x16 0x001477fe
core   0: 0x800051fe (0x02415eb3) divu    t4, sp, tp
core   0: 3 0x800051fe (0x02415eb3) x29 0xffffffff
core   0: 0x80005202 (0x0014fbb3) and     s7, s1, ra
core   0: 3 0x80005202 (0x0014fbb3) x23 0x00000000
core   0: 0x80005206 (0x00008241) c.srli  a2, 16
core   0: 3 0x80005206 (0x8241) x12 0x00000000
core   0: 0x80005208 (0x0216d5b3) divu    a1, a3, ra
core   0: 3 0x80005208 (0x0216d5b3) x11 0xffffffff
core   0: 0x8000520c (0x000057fd) c.li    a5, -1
core   0: 3 0x8000520c (0x57fd) x15 0xffffffff
core   0: 0x8000520e (0x41b05533) sra     a0, zero, s11
core   0: 3 0x8000520e (0x41b05533) x10 0x00000000
core   0: 0x80005212 (0x000011fd) c.addi  gp, -1
core   0: 3 0x80005212 (0x11fd) x3  0x00000640
core   0: 0x80005214 (0x026e0963) beq     t3, t1, pc + 50
core   0: 3 0x80005214 (0x026e0963)
core   0: 0x80005218 (0x01d0ef33) or      t5, ra, t4
core   0: 3 0x80005218 (0x01d0ef33) x30 0xffffffff
core   0: 0x8000521c (0x0000912a) c.add   sp, a0
core   0: 3 0x8000521c (0x912a) x2  0x000019c0
core   0: 0x8000521e (0x01cf7133) and     sp, t5, t3
core   0: 3 0x8000521e (0x01cf7133) x2  0x001477fa
core   0: 0x80005222 (0x00008b21) c.andi  a4, 8
core   0: 3 0x80005222 (0x8b21) x14 0x00000000
core   0: 0x80005224 (0x023857b3) divu    a5, a6, gp
core   0: 3 0x80005224 (0x023857b3) x15 0x00000346
core   0: 0x80005228 (0x03169633) mulh    a2, a3, a7
core   0: 3 0x80005228 (0x03169633) x12 0xfffffffc
core   0: 0x8000522c (0x00000001) c.nop
core   0: 3 0x8000522c (0x0001)
core   0: 0x8000522e (0x00000b59) c.addi  s6, 22
core   0: 3 0x8000522e (0x0b59) x22 0x00000017
core   0: 0x80005230 (0x018fc1b3) xor     gp, t6, s8
core   0: 3 0x80005230 (0x018fc1b3) x3  0x045cdc68
core   0: 0x80005234 (0x419080b3) sub     ra, ra, s9
core   0: 3 0x80005234 (0x419080b3) x1  0xffffffff
core   0: 0x80005238 (0x03718bb3) mul     s7, gp, s7
core   0: 3 0x80005238 (0x03718bb3) x23 0x00000000
core   0: 0x8000523c (0x0373ff63) bgeu    t2, s7, pc + 62
core   0: 3 0x8000523c (0x0373ff63)
core   0: 0x8000527a (0x00006165) c.addi16sp sp, 112
core   0: 3 0x8000527a (0x6165) x2  0x0014786a
core   0: 0x8000527c (0x03dd0e33) mul     t3, s10, t4
core   0: 3 0x8000527c (0x03dd0e33) x28 0xfffffb06
core   0: 0x80005280 (0x4193de13) srai    t3, t2, 25
core   0: 3 0x80005280 (0x4193de13) x28 0x00000000
core   0: 0x80005284 (0x00000001) c.nop
core   0: 3 0x80005284 (0x0001)
core   0: 0x80005286 (0x4113d933) sra     s2, t2, a7
core   0: 3 0x80005286 (0x4113d933) x18 0x00000000
core   0: 0x8000528a (0x00008b85) c.andi  a5, 1
core   0: 3 0x8000528a (0x8b85) x15 0x00000000
core   0: 0x8000528c (0x01dfa0b3) slt     ra, t6, t4
core   0: 3 0x8000528c (0x01dfa0b3) x1  0x00000000
core   0: 0x80005290 (0x7eed0f37) lui     t5, 0x7eed0
core   0: 3 0x80005290 (0x7eed0f37) x30 0x7eed0000
core   0: 0x80005294 (0x0000060a) c.slli  a2, 2
core   0: 3 0x80005294 (0x060a) x12 0xfffffff0
core   0: 0x80005296 (0x000081d1) c.srli  a1, 20
core   0: 3 0x80005296 (0x81d1) x11 0x00000fff
core   0: 0x80005298 (0xbf0ca493) slti    s1, s9, -1040
core   0: 3 0x80005298 (0xbf0ca493) x9  0x00000000
core   0: 0x8000529c (0x019ccd33) xor     s10, s9, s9
core   0: 3 0x8000529c (0x019ccd33) x26 0x00000000
core   0: 0x800052a0 (0x01a05b13) srli    s6, zero, 26
core   0: 3 0x800052a0 (0x01a05b13) x22 0x00000000
core   0: 0x800052a4 (0x018ebe33) sltu    t3, t4, s8
core   0: 3 0x800052a4 (0x018ebe33) x28 0x00000000
core   0: 0x800052a8 (0xcd422713) slti    a4, tp, -812
core   0: 3 0x800052a8 (0xcd422713) x14 0x00000000
core   0: 0x800052ac (0x010cb033) sltu    zero, s9, a6
core   0: 3 0x800052ac (0x010cb033)
core   0: 0x800052b0 (0x00327f63) bgeu    tp, gp, pc + 30
core   0: 3 0x800052b0 (0x00327f63)
core   0: 0x800052b4 (0x000069ed) c.lui   s3, 0x1b
core   0: 3 0x800052b4 (0x69ed) x19 0x0001b000
core   0: 0x800052b6 (0x00008579) c.srai  a0, 30
core   0: 3 0x800052b6 (0x8579) x10 0x00000000
core   0: 0x800052b8 (0x03ef73b3) remu    t2, t5, t5
core   0: 3 0x800052b8 (0x03ef73b3) x7  0x00000000
core   0: 0x800052bc (0x02f6d063) bge     a3, a5, pc + 32
core   0: 3 0x800052bc (0x02f6d063)
core   0: 0x800052c0 (0x03c87163) bgeu    a6, t3, pc + 34
core   0: 3 0x800052c0 (0x03c87163)
core   0: 0x800052e2 (0x0389b533) mulhu   a0, s3, s8
core   0: 3 0x800052e2 (0x0389b533) x10 0x0001a8a3
core   0: 0x800052e6 (0x0000cb89) c.beqz  a5, pc + 18
core   0: 3 0x800052e6 (0xcb89)
core   0: 0x800052f8 (0x022b9eb3) mulh    t4, s7, sp
core   0: 3 0x800052f8 (0x022b9eb3) x29 0x00000000
core   0: 0x800052fc (0x4ca63793) sltiu   a5, a2, 1226
core   0: 3 0x800052fc (0x4ca63793) x15 0x00000000
core   0: 0x80005300 (0x00565a93) srli    s5, a2, 5
core   0: 3 0x80005300 (0x00565a93) x21 0x07ffffff
core   0: 0x80005304 (0x0000717d) c.addi16sp sp, -16
core   0: 3 0x80005304 (0x717d) x2  0x0014785a
core   0: 0x80005306 (0x4074d5b3) sra     a1, s1, t2
core   0: 3 0x80005306 (0x4074d5b3) x11 0x00000000
core   0: 0x8000530a (0x9fc5bc93) sltiu   s9, a1, -1540
core   0: 3 0x8000530a (0x9fc5bc93) x25 0x00000001
core   0: 0x8000530e (0x00000001) c.nop
core   0: 3 0x8000530e (0x0001)
core   0: 0x80005310 (0x039e63b3) rem     t2, t3, s9
core   0: 3 0x80005310 (0x039e63b3) x7  0x00000000
core   0: 0x80005314 (0xaa5e6293) ori     t0, t3, -1371
core   0: 3 0x80005314 (0xaa5e6293) x5  0xfffffaa5
core   0: 0x80005318 (0xb70fc36f) jal     t1, pc - 0x3c90
core   0: 3 0x80005318 (0xb70fc36f) x6  0x8000531c
core   0: 0x80001688 (0x41315493) srai    s1, sp, 19
core   0: 3 0x80001688 (0x41315493) x9  0x00000002
core   0: 0x8000168c (0x00ca4463) blt     s4, a2, pc + 8
core   0: 3 0x8000168c (0x00ca4463)
core   0: 0x80001690 (0x038de2b3) rem     t0, s11, s8
core   0: 3 0x80001690 (0x038de2b3) x5  0x00000000
core   0: 0x80001694 (0xfc468693) addi    a3, a3, -60
core   0: 3 0x80001694 (0xfc468693) x13 0x80025dec
core   0: 0x80001698 (0x0066a223) sw      t1, 4(a3)
core   0: 3 0x80001698 (0x0066a223) mem 0x80025df0 0x8000531c
core   0: 0x8000169c (0x01fc9093) slli    ra, s9, 31
core   0: 3 0x8000169c (0x01fc9093) x1  0x80000000
core   0: 0x800016a0 (0x008bd813) srli    a6, s7, 8
core   0: 3 0x800016a0 (0x008bd813) x16 0x00000000
core   0: 0x800016a4 (0x034164b3) rem     s1, sp, s4
core   0: 3 0x800016a4 (0x034164b3) x9  0x0014785a
core   0: 0x800016a8 (0x03fede33) divu    t3, t4, t6
core   0: 3 0x800016a8 (0x03fede33) x28 0x00000000
core   0: 0x800016ac (0x02415e33) divu    t3, sp, tp
core   0: 3 0x800016ac (0x02415e33) x28 0xffffffff
core   0: 0x800016b0 (0x4b686837) lui     a6, 0x4b686
core   0: 3 0x800016b0 (0x4b686837) x16 0x4b686000
core   0: 0x800016b4 (0x00009317) auipc   t1, 0x9
core   0: 3 0x800016b4 (0x00009317) x6  0x8000a6b4
core   0: 0x800016b8 (0x2be30313) addi    t1, t1, 702
core   0: 3 0x800016b8 (0x2be30313) x6  0x8000a972
core   0: 0x800016bc (0x000050fd) c.li    ra, -1
core   0: 3 0x800016bc (0x50fd) x1  0xffffffff
core   0: 0x800016be (0x2ff30313) addi    t1, t1, 767
core   0: 3 0x800016be (0x2ff30313) x6  0x8000ac71
core   0: 0x800016c2 (0x00bde8b3) or      a7, s11, a1
core   0: 3 0x800016c2 (0x00bde8b3) x17 0x00000000
core   0: 0x800016c6 (0x00004f21) c.li    t5, 8
core   0: 3 0x800016c6 (0x4f21) x30 0x00000008
core   0: 0x800016c8 (0x03a235b3) mulhu   a1, tp, s10
core   0: 3 0x800016c8 (0x03a235b3) x11 0x00000000
core   0: 0x800016cc (0x01042133) slt     sp, s0, a6
core   0: 3 0x800016cc (0x01042133) x2  0x00000001
core   0: 0x800016d0 (0xd0130367) jalr    t1, t1, -767
core   0: 3 0x800016d0 (0xd0130367) x6  0x800016d4
core   0: 0x8000a972 (0x000099fd) c.andi  a1, -1
core   0: 3 0x8000a972 (0x99fd) x11 0x00000000
core   0: 0x8000a974 (0x0000e509) c.bnez  a0, pc + 10
core   0: 3 0x8000a974 (0xe509)
core   0: 0x8000a97e (0x00001681) c.addi  a3, -32
core   0: 3 0x8000a97e (0x1681) x13 0x80025dcc
core   0: 0x8000a980 (0x0066a223) sw      t1, 4(a3)
core   0: 3 0x8000a980 (0x0066a223) mem 0x80025dd0 0x800016d4
core   0: 0x8000a984 (0x012dd013) srli    zero, s11, 18
core   0: 3 0x8000a984 (0x012dd013)
core   0: 0x8000a988 (0x028d3133) mulhu   sp, s10, s0
core   0: 3 0x8000a988 (0x028d3133) x2  0x00000000
core   0: 0x8000a98c (0x029bdcb3) divu    s9, s7, s1
core   0: 3 0x8000a98c (0x029bdcb3) x25 0x00000000
core   0: 0x8000a990 (0x676d3193) sltiu   gp, s10, 1654
core   0: 3 0x8000a990 (0x676d3193) x3  0x00000001
core   0: 0x8000a994 (0x00004605) c.li    a2, 1
core   0: 3 0x8000a994 (0x4605) x12 0x00000001
core   0: 0x8000a996 (0x0000717d) c.addi16sp sp, -16
core   0: 3 0x8000a996 (0x717d) x2  0xfffffff0
core   0: 0x8000a998 (0x0000587d) c.li    a6, -1
core   0: 3 0x8000a998 (0x587d) x16 0xffffffff
core   0: 0x8000a99a (0x00000001) c.nop
core   0: 3 0x8000a99a (0x0001)
core   0: 0x8000a99c (0x1ba7e997) auipc   s3, 0x1ba7e
core   0: 3 0x8000a99c (0x1ba7e997) x19 0x9ba8899c
core   0: 0x8000a9a0 (0x000098fd) c.andi  s1, -1
core   0: 3 0x8000a9a0 (0x98fd) x9  0x0014785a
core   0: 0x8000a9a2 (0x00005e31) c.li    t3, -20
core   0: 3 0x8000a9a2 (0x5e31) x28 0xffffffec
core   0: 0x8000a9a4 (0x1f0f0d13) addi    s10, t5, 496
core   0: 3 0x8000a9a4 (0x1f0f0d13) x26 0x000001f8
core   0: 0x8000a9a8 (0x4366a837) lui     a6, 0x4366a
core   0: 3 0x8000a9a8 (0x4366a837) x16 0x4366a000
core   0: 0x8000a9ac (0x407c8233) sub     tp, s9, t2
core   0: 3 0x8000a9ac (0x407c8233) x4  0x00000000
core   0: 0x8000a9b0 (0x011a30b3) sltu    ra, s4, a7
core   0: 3 0x8000a9b0 (0x011a30b3) x1  0x00000000
core   0: 0x8000a9b4 (0x0000997a) c.add   s2, t5
core   0: 3 0x8000a9b4 (0x997a) x18 0x00000008
core   0: 0x8000a9b6 (0x00001661) c.addi  a2, -8
core   0: 3 0x8000a9b6 (0x1661) x12 0xfffffff9
core   0: 0x8000a9b8 (0x0b1f1b37) lui     s6, 0xb1f1
core   0: 3 0x8000a9b8 (0x0b1f1b37) x22 0x0b1f1000
core   0: 0x8000a9bc (0x00000a88) c.addi4spn a0, sp, 336
core   0: 3 0x8000a9bc (0x0a88) x10 0x00000140
core   0: 0x8000a9be (0x000087a1) c.srai  a5, 8
core   0: 3 0x8000a9be (0x87a1) x15 0x00000000
core   0: 0x8000a9c0 (0x00001cfd) c.addi  s9, -1
core   0: 3 0x8000a9c0 (0x1cfd) x25 0xffffffff
core   0: 0x8000a9c2 (0x02f0ffb3) remu    t6, ra, a5
core   0: 3 0x8000a9c2 (0x02f0ffb3) x31 0x00000000
core   0: 0x8000a9c6 (0xfdc65fe3) bge     a2, t3, pc - 34
core   0: 3 0x8000a9c6 (0xfdc65fe3)
core   0: 0x8000a9a4 (0x1f0f0d13) addi    s10, t5, 496
core   0: 3 0x8000a9a4 (0x1f0f0d13) x26 0x000001f8
core   0: 0x8000a9a8 (0x4366a837) lui     a6, 0x4366a
core   0: 3 0x8000a9a8 (0x4366a837) x16 0x4366a000
core   0: 0x8000a9ac (0x407c8233) sub     tp, s9, t2
core   0: 3 0x8000a9ac (0x407c8233) x4  0xffffffff
core   0: 0x8000a9b0 (0x011a30b3) sltu    ra, s4, a7
core   0: 3 0x8000a9b0 (0x011a30b3) x1  0x00000000
core   0: 0x8000a9b4 (0x0000997a) c.add   s2, t5
core   0: 3 0x8000a9b4 (0x997a) x18 0x00000010
core   0: 0x8000a9b6 (0x00001661) c.addi  a2, -8
core   0: 3 0x8000a9b6 (0x1661) x12 0xfffffff1
core   0: 0x8000a9b8 (0x0b1f1b37) lui     s6, 0xb1f1
core   0: 3 0x8000a9b8 (0x0b1f1b37) x22 0x0b1f1000
core   0: 0x8000a9bc (0x00000a88) c.addi4spn a0, sp, 336
core   0: 3 0x8000a9bc (0x0a88) x10 0x00000140
core   0: 0x8000a9be (0x000087a1) c.srai  a5, 8
core   0: 3 0x8000a9be (0x87a1) x15 0x00000000
core   0: 0x8000a9c0 (0x00001cfd) c.addi  s9, -1
core   0: 3 0x8000a9c0 (0x1cfd) x25 0xfffffffe
core   0: 0x8000a9c2 (0x02f0ffb3) remu    t6, ra, a5
core   0: 3 0x8000a9c2 (0x02f0ffb3) x31 0x00000000
core   0: 0x8000a9c6 (0xfdc65fe3) bge     a2, t3, pc - 34
core   0: 3 0x8000a9c6 (0xfdc65fe3)
core   0: 0x8000a9a4 (0x1f0f0d13) addi    s10, t5, 496
core   0: 3 0x8000a9a4 (0x1f0f0d13) x26 0x000001f8
core   0: 0x8000a9a8 (0x4366a837) lui     a6, 0x4366a
core   0: 3 0x8000a9a8 (0x4366a837) x16 0x4366a000
core   0: 0x8000a9ac (0x407c8233) sub     tp, s9, t2
core   0: 3 0x8000a9ac (0x407c8233) x4  0xfffffffe
core   0: 0x8000a9b0 (0x011a30b3) sltu    ra, s4, a7
core   0: 3 0x8000a9b0 (0x011a30b3) x1  0x00000000
core   0: 0x8000a9b4 (0x0000997a) c.add   s2, t5
core   0: 3 0x8000a9b4 (0x997a) x18 0x00000018
core   0: 0x8000a9b6 (0x00001661) c.addi  a2, -8
core   0: 3 0x8000a9b6 (0x1661) x12 0xffffffe9
core   0: 0x8000a9b8 (0x0b1f1b37) lui     s6, 0xb1f1
core   0: 3 0x8000a9b8 (0x0b1f1b37) x22 0x0b1f1000
core   0: 0x8000a9bc (0x00000a88) c.addi4spn a0, sp, 336
core   0: 3 0x8000a9bc (0x0a88) x10 0x00000140
core   0: 0x8000a9be (0x000087a1) c.srai  a5, 8
core   0: 3 0x8000a9be (0x87a1) x15 0x00000000
core   0: 0x8000a9c0 (0x00001cfd) c.addi  s9, -1
core   0: 3 0x8000a9c0 (0x1cfd) x25 0xfffffffd
core   0: 0x8000a9c2 (0x02f0ffb3) remu    t6, ra, a5
core   0: 3 0x8000a9c2 (0x02f0ffb3) x31 0x00000000
core   0: 0x8000a9c6 (0xfdc65fe3) bge     a2, t3, pc - 34
core   0: 3 0x8000a9c6 (0xfdc65fe3)
core   0: 0x8000a9ca (0x03a32f33) mulhsu  t5, t1, s10
core   0: 3 0x8000a9ca (0x03a32f33) x30 0xffffff04
core   0: 0x8000a9ce (0x000055d9) c.li    a1, -10
core   0: 3 0x8000a9ce (0x55d9) x11 0xfffffff6
core   0: 0x8000a9d0 (0x0223deb3) divu    t4, t2, sp
core   0: 3 0x8000a9d0 (0x0223deb3) x29 0x00000000
core   0: 0x8000a9d4 (0x00005de1) c.li    s11, -8
core   0: 3 0x8000a9d4 (0x5de1) x27 0xfffffff8
core   0: 0x8000a9d6 (0x02da0b33) mul     s6, s4, a3
core   0: 3 0x8000a9d6 (0x02da0b33) x22 0x00000000
core   0: 0x8000a9da (0x00008e51) c.or    a2, a2
core   0: 3 0x8000a9da (0x8e51) x12 0xffffffe9
core   0: 0x8000a9dc (0x00008a7d) c.andi  a2, 31
core   0: 3 0x8000a9dc (0x8a7d) x12 0x00000009
core   0: 0x8000a9de (0x00000599) c.addi  a1, 6
core   0: 3 0x8000a9de (0x0599) x11 0xfffffffc
core   0: 0x8000a9e0 (0x00004e19) c.li    t3, 6
core   0: 3 0x8000a9e0 (0x4e19) x28 0x00000006
core   0: 0x8000a9e2 (0x00008261) c.srli  a2, 24
core   0: 3 0x8000a9e2 (0x8261) x12 0x00000000
core   0: 0x8000a9e4 (0x00005f7d) c.li    t5, -1
core   0: 3 0x8000a9e4 (0x5f7d) x30 0xffffffff
core   0: 0x8000a9e6 (0x000002e2) c.slli  t0, 24
core   0: 3 0x8000a9e6 (0x02e2) x5  0x00000000
core   0: 0x8000a9e8 (0x000054ed) c.li    s1, -5
core   0: 3 0x8000a9e8 (0x54ed) x9  0xfffffffb
core   0: 0x8000a9ea (0x00c71813) slli    a6, a4, 12
core   0: 3 0x8000a9ea (0x00c71813) x16 0x00000000
core   0: 0x8000a9ee (0x038beeb3) rem     t4, s7, s8
core   0: 3 0x8000a9ee (0x038beeb3) x29 0x00000000
core   0: 0x8000a9f2 (0x00008f9d) c.sub   a5, a5
core   0: 3 0x8000a9f2 (0x8f9d) x15 0x00000000
core   0: 0x8000a9f4 (0x7faef093) andi    ra, t4, 2042
core   0: 3 0x8000a9f4 (0x7faef093) x1  0x00000000
core   0: 0x8000a9f8 (0x000000a1) c.addi  ra, 8
core   0: 3 0x8000a9f8 (0x00a1) x1  0x00000008
core   0: 0x8000a9fa (0x00001e75) c.addi  t3, -3
core   0: 3 0x8000a9fa (0x1e75) x28 0x00000003
core   0: 0x8000a9fc (0xfe9e5be3) bge     t3, s1, pc - 10
core   0: 3 0x8000a9fc (0xfe9e5be3)
core   0: 0x8000a9f2 (0x00008f9d) c.sub   a5, a5
core   0: 3 0x8000a9f2 (0x8f9d) x15 0x00000000
core   0: 0x8000a9f4 (0x7faef093) andi    ra, t4, 2042
core   0: 3 0x8000a9f4 (0x7faef093) x1  0x00000000
core   0: 0x8000a9f8 (0x000000a1) c.addi  ra, 8
core   0: 3 0x8000a9f8 (0x00a1) x1  0x00000008
core   0: 0x8000a9fa (0x00001e75) c.addi  t3, -3
core   0: 3 0x8000a9fa (0x1e75) x28 0x00000000
core   0: 0x8000a9fc (0xfe9e5be3) bge     t3, s1, pc - 10
core   0: 3 0x8000a9fc (0xfe9e5be3)
core   0: 0x8000a9f2 (0x00008f9d) c.sub   a5, a5
core   0: 3 0x8000a9f2 (0x8f9d) x15 0x00000000
core   0: 0x8000a9f4 (0x7faef093) andi    ra, t4, 2042
core   0: 3 0x8000a9f4 (0x7faef093) x1  0x00000000
core   0: 0x8000a9f8 (0x000000a1) c.addi  ra, 8
core   0: 3 0x8000a9f8 (0x00a1) x1  0x00000008
core   0: 0x8000a9fa (0x00001e75) c.addi  t3, -3
core   0: 3 0x8000a9fa (0x1e75) x28 0xfffffffd
core   0: 0x8000a9fc (0xfe9e5be3) bge     t3, s1, pc - 10
core   0: 3 0x8000a9fc (0xfe9e5be3)
core   0: 0x8000a9f2 (0x00008f9d) c.sub   a5, a5
core   0: 3 0x8000a9f2 (0x8f9d) x15 0x00000000
core   0: 0x8000a9f4 (0x7faef093) andi    ra, t4, 2042
core   0: 3 0x8000a9f4 (0x7faef093) x1  0x00000000
core   0: 0x8000a9f8 (0x000000a1) c.addi  ra, 8
core   0: 3 0x8000a9f8 (0x00a1) x1  0x00000008
core   0: 0x8000a9fa (0x00001e75) c.addi  t3, -3
core   0: 3 0x8000a9fa (0x1e75) x28 0xfffffffa
core   0: 0x8000a9fc (0xfe9e5be3) bge     t3, s1, pc - 10
core   0: 3 0x8000a9fc (0xfe9e5be3)
core   0: 0x8000aa00 (0x03f8bd33) mulhu   s10, a7, t6
core   0: 3 0x8000aa00 (0x03f8bd33) x26 0x00000000
core   0: 0x8000aa04 (0x02211cb3) mulh    s9, sp, sp
core   0: 3 0x8000aa04 (0x02211cb3) x25 0x00000000
core   0: 0x8000aa08 (0xfd250013) addi    zero, a0, -46
core   0: 3 0x8000aa08 (0xfd250013)
core   0: 0x8000aa0c (0xfdb5c7e3) blt     a1, s11, pc - 50
core   0: 3 0x8000aa0c (0xfdb5c7e3)
core   0: 0x8000aa10 (0x106b6f13) ori     t5, s6, 262
core   0: 3 0x8000aa10 (0x106b6f13) x30 0x00000106
core   0: 0x8000aa14 (0x00004719) c.li    a4, 6
core   0: 3 0x8000aa14 (0x4719) x14 0x00000006
core   0: 0x8000aa16 (0x00005f7d) c.li    t5, -1
core   0: 3 0x8000aa16 (0x5f7d) x30 0xffffffff
core   0: 0x8000aa18 (0x3fa0c513) xori    a0, ra, 1018
core   0: 3 0x8000aa18 (0x3fa0c513) x10 0x000003f2
core   0: 0x8000aa1c (0x00001765) c.addi  a4, -7
core   0: 3 0x8000aa1c (0x1765) x14 0xffffffff
core   0: 0x8000aa1e (0xffe71de3) bne     a4, t5, pc - 6
core   0: 3 0x8000aa1e (0xffe71de3)
core   0: 0x8000aa22 (0x2dd76113) ori     sp, a4, 733
core   0: 3 0x8000aa22 (0x2dd76113) x2  0xffffffff
core   0: 0x8000aa26 (0x00004b01) c.li    s6, 0
core   0: 3 0x8000aa26 (0x4b01) x22 0x00000000
core   0: 0x8000aa28 (0x00281ab3) sll     s5, a6, sp
core   0: 3 0x8000aa28 (0x00281ab3) x21 0x00000000
core   0: 0x8000aa2c (0x000081fe) c.mv    gp, t6
core   0: 3 0x8000aa2c (0x81fe) x3  0x00000000
core   0: 0x8000aa2e (0x00004a25) c.li    s4, 9
core   0: 3 0x8000aa2e (0x4a25) x20 0x00000009
core   0: 0x8000aa30 (0x00008fd9) c.or    a5, a4
core   0: 3 0x8000aa30 (0x8fd9) x15 0xffffffff
core   0: 0x8000aa32 (0x03f493b3) mulh    t2, s1, t6
core   0: 3 0x8000aa32 (0x03f493b3) x7  0x00000000
core   0: 0x8000aa36 (0x03633d33) mulhu   s10, t1, s6
core   0: 3 0x8000aa36 (0x03633d33) x26 0x00000000
core   0: 0x8000aa3a (0x0089ce33) xor     t3, s3, s0
core   0: 3 0x8000aa3a (0x0089ce33) x28 0x1baa1578
core   0: 0x8000aa3e (0x000004f6) c.slli  s1, 29
core   0: 3 0x8000aa3e (0x04f6) x9  0x60000000
core   0: 0x8000aa40 (0xa70c7d13) andi    s10, s8, -1424
core   0: 3 0x8000aa40 (0xa70c7d13) x26 0xfba32210
core   0: 0x8000aa44 (0x00006135) c.addi16sp sp, 352
core   0: 3 0x8000aa44 (0x6135) x2  0x0000015f
core   0: 0x8000aa46 (0x00000b15) c.addi  s6, 5
core   0: 3 0x8000aa46 (0x0b15) x22 0x00000005
core   0: 0x8000aa48 (0x00004729) c.li    a4, 10
core   0: 3 0x8000aa48 (0x4729) x14 0x0000000a
core   0: 0x8000aa4a (0x000042a9) c.li    t0, 10
core   0: 3 0x8000aa4a (0x42a9) x5  0x0000000a
core   0: 0x8000aa4c (0xd574fd13) andi    s10, s1, -681
core   0: 3 0x8000aa4c (0xd574fd13) x26 0x60000000
core   0: 0x8000aa50 (0x00008e39) c.xor   a2, a4
core   0: 3 0x8000aa50 (0x8e39) x12 0x0000000a
core   0: 0x8000aa52 (0x02803d33) mulhu   s10, zero, s0
core   0: 3 0x8000aa52 (0x02803d33) x26 0x00000000
core   0: 0x8000aa56 (0x00001769) c.addi  a4, -6
core   0: 3 0x8000aa56 (0x1769) x14 0x00000004
core   0: 0x8000aa58 (0x82543f13) sltiu   t5, s0, -2011
core   0: 3 0x8000aa58 (0x82543f13) x30 0x00000001
core   0: 0x8000aa5c (0x197e8f13) addi    t5, t4, 407
core   0: 3 0x8000aa5c (0x197e8f13) x30 0x00000197
core   0: 0x8000aa60 (0xfe5759e3) bge     a4, t0, pc - 14
core   0: 3 0x8000aa60 (0xfe5759e3)
core   0: 0x8000aa64 (0x00008cb6) c.mv    s9, a3
core   0: 3 0x8000aa64 (0x8cb6) x25 0x80025dcc
core   0: 0x8000aa66 (0xfd4b68e3) bltu    s6, s4, pc - 48
core   0: 3 0x8000aa66 (0xfd4b68e3)
core   0: 0x8000aa36 (0x03633d33) mulhu   s10, t1, s6
core   0: 3 0x8000aa36 (0x03633d33) x26 0x00000002
core   0: 0x8000aa3a (0x0089ce33) xor     t3, s3, s0
core   0: 3 0x8000aa3a (0x0089ce33) x28 0x1baa1578
core   0: 0x8000aa3e (0x000004f6) c.slli  s1, 29
core   0: 3 0x8000aa3e (0x04f6) x9  0x00000000
core   0: 0x8000aa40 (0xa70c7d13) andi    s10, s8, -1424
core   0: 3 0x8000aa40 (0xa70c7d13) x26 0xfba32210
core   0: 0x8000aa44 (0x00006135) c.addi16sp sp, 352
core   0: 3 0x8000aa44 (0x6135) x2  0x000002bf
core   0: 0x8000aa46 (0x00000b15) c.addi  s6, 5
core   0: 3 0x8000aa46 (0x0b15) x22 0x0000000a
core   0: 0x8000aa48 (0x00004729) c.li    a4, 10
core   0: 3 0x8000aa48 (0x4729) x14 0x0000000a
core   0: 0x8000aa4a (0x000042a9) c.li    t0, 10
core   0: 3 0x8000aa4a (0x42a9) x5  0x0000000a
core   0: 0x8000aa4c (0xd574fd13) andi    s10, s1, -681
core   0: 3 0x8000aa4c (0xd574fd13) x26 0x00000000
core   0: 0x8000aa50 (0x00008e39) c.xor   a2, a4
core   0: 3 0x8000aa50 (0x8e39) x12 0x00000000
core   0: 0x8000aa52 (0x02803d33) mulhu   s10, zero, s0
core   0: 3 0x8000aa52 (0x02803d33) x26 0x00000000
core   0: 0x8000aa56 (0x00001769) c.addi  a4, -6
core   0: 3 0x8000aa56 (0x1769) x14 0x00000004
core   0: 0x8000aa58 (0x82543f13) sltiu   t5, s0, -2011
core   0: 3 0x8000aa58 (0x82543f13) x30 0x00000001
core   0: 0x8000aa5c (0x197e8f13) addi    t5, t4, 407
core   0: 3 0x8000aa5c (0x197e8f13) x30 0x00000197
core   0: 0x8000aa60 (0xfe5759e3) bge     a4, t0, pc - 14
core   0: 3 0x8000aa60 (0xfe5759e3)
core   0: 0x8000aa64 (0x00008cb6) c.mv    s9, a3
core   0: 3 0x8000aa64 (0x8cb6) x25 0x80025dcc
core   0: 0x8000aa66 (0xfd4b68e3) bltu    s6, s4, pc - 48
core   0: 3 0x8000aa66 (0xfd4b68e3)
core   0: 0x8000aa6a (0x00008e3d) c.xor   a2, a5
core   0: 3 0x8000aa6a (0x8e3d) x12 0xffffffff
core   0: 0x8000aa6c (0x000057fd) c.li    a5, -1
core   0: 3 0x8000aa6c (0x57fd) x15 0xffffffff
core   0: 0x8000aa6e (0x00008fd2) c.mv    t6, s4
core   0: 3 0x8000aa6e (0x8fd2) x31 0x00000009
core   0: 0x8000aa70 (0x036af1b3) remu    gp, s5, s6
core   0: 3 0x8000aa70 (0x036af1b3) x3  0x00000000
core   0: 0x8000aa74 (0x00008912) c.mv    s2, tp
core   0: 3 0x8000aa74 (0x8912) x18 0xfffffffe
core   0: 0x8000aa76 (0x00000001) c.nop
core   0: 3 0x8000aa76 (0x0001)
core   0: 0x8000aa78 (0x00000001) c.nop
core   0: 3 0x8000aa78 (0x0001)
core   0: 0x8000aa7a (0xfbc06e13) ori     t3, zero, -68
core   0: 3 0x8000aa7a (0xfbc06e13) x28 0xffffffbc
core   0: 0x8000aa7e (0x00000dae) c.slli  s11, 11
core   0: 3 0x8000aa7e (0x0dae) x27 0xffffc000
core   0: 0x8000aa80 (0x00008e45) c.or    a2, s1
core   0: 3 0x8000aa80 (0x8e45) x12 0xffffffff
core   0: 0x8000aa82 (0x011a5613) srli    a2, s4, 17
core   0: 3 0x8000aa82 (0x011a5613) x12 0x00000000
core   0: 0x8000aa86 (0x00000785) c.addi  a5, 1
core   0: 3 0x8000aa86 (0x0785) x15 0x00000000
core   0: 0x8000aa88 (0x03b7a633) mulhsu  a2, a5, s11
core   0: 3 0x8000aa88 (0x03b7a633) x12 0x00000000
core   0: 0x8000aa8c (0x024fdcb3) divu    s9, t6, tp
core   0: 3 0x8000aa8c (0x024fdcb3) x25 0x00000000
core   0: 0x8000aa90 (0x0191a533) slt     a0, gp, s9
core   0: 3 0x8000aa90 (0x0191a533) x10 0x00000000
core   0: 0x8000aa94 (0x004e1a33) sll     s4, t3, tp
core   0: 3 0x8000aa94 (0x004e1a33) x20 0x00000000
core   0: 0x8000aa98 (0x0000d7e5) c.beqz  a5, pc - 24
core   0: 3 0x8000aa98 (0xd7e5)
core   0: 0x8000aa80 (0x00008e45) c.or    a2, s1
core   0: 3 0x8000aa80 (0x8e45) x12 0x00000000
core   0: 0x8000aa82 (0x011a5613) srli    a2, s4, 17
core   0: 3 0x8000aa82 (0x011a5613) x12 0x00000000
core   0: 0x8000aa86 (0x00000785) c.addi  a5, 1
core   0: 3 0x8000aa86 (0x0785) x15 0x00000001
core   0: 0x8000aa88 (0x03b7a633) mulhsu  a2, a5, s11
core   0: 3 0x8000aa88 (0x03b7a633) x12 0x00000000
core   0: 0x8000aa8c (0x024fdcb3) divu    s9, t6, tp
core   0: 3 0x8000aa8c (0x024fdcb3) x25 0x00000000
core   0: 0x8000aa90 (0x0191a533) slt     a0, gp, s9
core   0: 3 0x8000aa90 (0x0191a533) x10 0x00000000
core   0: 0x8000aa94 (0x004e1a33) sll     s4, t3, tp
core   0: 3 0x8000aa94 (0x004e1a33) x20 0x00000000
core   0: 0x8000aa98 (0x0000d7e5) c.beqz  a5, pc - 24
core   0: 3 0x8000aa98 (0xd7e5)
core   0: 0x8000aa9a (0x00008e19) c.sub   a2, a4
core   0: 3 0x8000aa9a (0x8e19) x12 0xfffffffc
core   0: 0x8000aa9c (0x0000717d) c.addi16sp sp, -16
core   0: 3 0x8000aa9c (0x717d) x2  0x000002af
core   0: 0x8000aa9e (0x417d5133) sra     sp, s10, s7
core   0: 3 0x8000aa9e (0x417d5133) x2  0x00000000
core   0: 0x8000aaa2 (0x02ec8533) mul     a0, s9, a4
core   0: 3 0x8000aaa2 (0x02ec8533) x10 0x00000000
core   0: 0x8000aaa6 (0x00008fb6) c.mv    t6, a3
core   0: 3 0x8000aaa6 (0x8fb6) x31 0x80025dcc
core   0: 0x8000aaa8 (0x0000031c) c.addi4spn a5, sp, 384
core   0: 3 0x8000aaa8 (0x031c) x15 0x00000180
core   0: 0x8000aaaa (0x0000169c) c.addi4spn a5, sp, 864
core   0: 3 0x8000aaaa (0x169c) x15 0x00000360
core   0: 0x8000aaac (0xa3486613) ori     a2, a6, -1484
core   0: 3 0x8000aaac (0xa3486613) x12 0xfffffa34
core   0: 0x8000aab0 (0x0117ee63) bltu    a5, a7, pc + 28
core   0: 3 0x8000aab0 (0x0117ee63)
core   0: 0x8000aab4 (0x0000c511) c.beqz  a0, pc + 12
core   0: 3 0x8000aab4 (0xc511)
core   0: 0x8000aac0 (0x018c87b3) add     a5, s9, s8
core   0: 3 0x8000aac0 (0x018c87b3) x15 0xfba32397
core   0: 0x8000aac4 (0x00008e19) c.sub   a2, a4
core   0: 3 0x8000aac4 (0x8e19) x12 0xfffffa30
core   0: 0x8000aac6 (0x000138b3) sltu    a7, sp, zero
core   0: 3 0x8000aac6 (0x000138b3) x17 0x00000000
core   0: 0x8000aaca (0x000004a6) c.slli  s1, 9
core   0: 3 0x8000aaca (0x04a6) x9  0x00000000
core   0: 0x8000aacc (0x01a80333) add     t1, a6, s10
core   0: 3 0x8000aacc (0x01a80333) x6  0x00000000
core   0: 0x8000aad0 (0x03532233) mulhsu  tp, t1, s5
core   0: 3 0x8000aad0 (0x03532233) x4  0x00000000
core   0: 0x8000aad4 (0x00008e61) c.and   a2, s0
core   0: 3 0x8000aad4 (0x8e61) x12 0x80029820
core   0: 0x8000aad6 (0x0000567d) c.li    a2, -1
core   0: 3 0x8000aad6 (0x567d) x12 0xffffffff
core   0: 0x8000aad8 (0x019a0033) add     zero, s4, s9
core   0: 3 0x8000aad8 (0x019a0033)
core   0: 0x8000aadc (0x01099a63) bne     s3, a6, pc + 20
core   0: 3 0x8000aadc (0x01099a63)
core   0: 0x8000aaf0 (0x00001688) c.addi4spn a0, sp, 864
core   0: 3 0x8000aaf0 (0x1688) x10 0x00000360
core   0: 0x8000aaf2 (0x00008f81) c.sub   a5, s0
core   0: 3 0x8000aaf2 (0x8f81) x15 0x7ba086b3
core   0: 0x8000aaf4 (0x0061f133) and     sp, gp, t1
core   0: 3 0x8000aaf4 (0x0061f133) x2  0x00000000
core   0: 0x8000aaf8 (0x000052fd) c.li    t0, -1
core   0: 3 0x8000aaf8 (0x52fd) x5  0xffffffff
core   0: 0x8000aafa (0x010a9563) bne     s5, a6, pc + 10
core   0: 3 0x8000aafa (0x010a9563)
core   0: 0x8000aafe (0x00008fed) c.and   a5, a1
core   0: 3 0x8000aafe (0x8fed) x15 0x7ba086b0
core   0: 0x8000ab00 (0x0174d913) srli    s2, s1, 23
core   0: 3 0x8000ab00 (0x0174d913) x18 0x00000000
core   0: 0x8000ab04 (0x00e5ce63) blt     a1, a4, pc + 28
core   0: 3 0x8000ab04 (0x00e5ce63)
core   0: 0x8000ab20 (0x02f525b3) mulhsu  a1, a0, a5
core   0: 3 0x8000ab20 (0x02f525b3) x11 0x000001a1
core   0: 0x8000ab24 (0x41ce8ab3) sub     s5, t4, t3
core   0: 3 0x8000ab24 (0x41ce8ab3) x21 0x00000044
core   0: 0x8000ab28 (0x01bd0933) add     s2, s10, s11
core   0: 3 0x8000ab28 (0x01bd0933) x18 0xffffc000
core   0: 0x8000ab2c (0x018b68b3) or      a7, s6, s8
core   0: 3 0x8000ab2c (0x018b68b3) x17 0xfba3239f
core   0: 0x8000ab30 (0x02328b33) mul     s6, t0, gp
core   0: 3 0x8000ab30 (0x02328b33) x22 0x00000000
core   0: 0x8000ab34 (0xb3e64113) xori    sp, a2, -1218
core   0: 3 0x8000ab34 (0xb3e64113) x2  0x000004c1
core   0: 0x8000ab38 (0x00259993) slli    s3, a1, 2
core   0: 3 0x8000ab38 (0x00259993) x19 0x00000684
core   0: 0x8000ab3c (0x038e9763) bne     t4, s8, pc + 46
core   0: 3 0x8000ab3c (0x038e9763)
core   0: 0x8000ab6a (0x00000001) c.nop
core   0: 3 0x8000ab6a (0x0001)
core   0: 0x8000ab6c (0x0000612d) c.addi16sp sp, 224
core   0: 3 0x8000ab6c (0x612d) x2  0x000005a1
core   0: 0x8000ab6e (0x02ee53b3) divu    t2, t3, a4
core   0: 3 0x8000ab6e (0x02ee53b3) x7  0x3fffffef
core   0: 0x8000ab72 (0x5549f993) andi    s3, s3, 1364
core   0: 3 0x8000ab72 (0x5549f993) x19 0x00000404
core   0: 0x8000ab76 (0x00000001) c.nop
core   0: 3 0x8000ab76 (0x0001)
core   0: 0x8000ab78 (0x00000488) c.addi4spn a0, sp, 576
core   0: 3 0x8000ab78 (0x0488) x10 0x000007e1
core   0: 0x8000ab7a (0x0000717d) c.addi16sp sp, -16
core   0: 3 0x8000ab7a (0x717d) x2  0x00000591
core   0: 0x8000ab7c (0x00008f41) c.or    a4, s0
core   0: 3 0x8000ab7c (0x8f41) x14 0x80029ce4
core   0: 0x8000ab7e (0x0000717d) c.addi16sp sp, -16
core   0: 3 0x8000ab7e (0x717d) x2  0x00000581
core   0: 0x8000ab80 (0x00000001) c.nop
core   0: 3 0x8000ab80 (0x0001)
core   0: 0x8000ab82 (0x00008f41) c.or    a4, s0
core   0: 3 0x8000ab82 (0x8f41) x14 0x80029ce4
core   0: 0x8000ab84 (0x00004499) c.li    s1, 6
core   0: 3 0x8000ab84 (0x4499) x9  0x00000006
core   0: 0x8000ab86 (0x03e7a633) mulhsu  a2, a5, t5
core   0: 3 0x8000ab86 (0x03e7a633) x12 0x000000c4
core   0: 0x8000ab8a (0x000083b1) c.srli  a5, 12
core   0: 3 0x8000ab8a (0x83b1) x15 0x0007ba08
core   0: 0x8000ab8c (0x00000001) c.nop
core   0: 3 0x8000ab8c (0x0001)
core   0: 0x8000ab8e (0xbd1d6293) ori     t0, s10, -1071
core   0: 3 0x8000ab8e (0xbd1d6293) x5  0xfffffbd1
core   0: 0x8000ab92 (0x00004595) c.li    a1, 5
core   0: 3 0x8000ab92 (0x4595) x11 0x00000005
core   0: 0x8000ab94 (0x3336ea93) ori     s5, a3, 819
core   0: 3 0x8000ab94 (0x3336ea93) x21 0x80025fff
core   0: 0x8000ab98 (0xcd39ee93) ori     t4, s3, -813
core   0: 3 0x8000ab98 (0xcd39ee93) x29 0xfffffcd7
core   0: 0x8000ab9c (0x000014f9) c.addi  s1, -2
core   0: 3 0x8000ab9c (0x14f9) x9  0x00000004
core   0: 0x8000ab9e (0x00004729) c.li    a4, 10
core   0: 3 0x8000ab9e (0x4729) x14 0x0000000a
core   0: 0x8000aba0 (0x03ae9933) mulh    s2, t4, s10
core   0: 3 0x8000aba0 (0x03ae9933) x18 0x00000000
core   0: 0x8000aba4 (0x000041c5) c.li    gp, 17
core   0: 3 0x8000aba4 (0x41c5) x3  0x00000011
core   0: 0x8000aba6 (0x0042b533) sltu    a0, t0, tp
core   0: 3 0x8000aba6 (0x0042b533) x10 0x00000000
core   0: 0x8000abaa (0x00000001) c.nop
core   0: 3 0x8000abaa (0x0001)
core   0: 0x8000abac (0x0000486d) c.li    a6, 27
core   0: 3 0x8000abac (0x486d) x16 0x0000001b
core   0: 0x8000abae (0x007bdb93) srli    s7, s7, 7
core   0: 3 0x8000abae (0x007bdb93) x23 0x00000000
core   0: 0x8000abb2 (0x03808b33) mul     s6, ra, s8
core   0: 3 0x8000abb2 (0x03808b33) x22 0xdd191cb8
core   0: 0x8000abb6 (0x00000705) c.addi  a4, 1
core   0: 3 0x8000abb6 (0x0705) x14 0x0000000b
core   0: 0x8000abb8 (0x0139e633) or      a2, s3, s3
core   0: 3 0x8000abb8 (0x0139e633) x12 0x00000404
core   0: 0x8000abbc (0x0000717d) c.addi16sp sp, -16
core   0: 3 0x8000abbc (0x717d) x2  0x00000571
core   0: 0x8000abbe (0x01d5a0b3) slt     ra, a1, t4
core   0: 3 0x8000abbe (0x01d5a0b3) x1  0x00000000
core   0: 0x8000abc2 (0xfe3762e3) bltu    a4, gp, pc - 28
core   0: 3 0x8000abc2 (0xfe3762e3)
core   0: 0x8000aba6 (0x0042b533) sltu    a0, t0, tp
core   0: 3 0x8000aba6 (0x0042b533) x10 0x00000000
core   0: 0x8000abaa (0x00000001) c.nop
core   0: 3 0x8000abaa (0x0001)
core   0: 0x8000abac (0x0000486d) c.li    a6, 27
core   0: 3 0x8000abac (0x486d) x16 0x0000001b
core   0: 0x8000abae (0x007bdb93) srli    s7, s7, 7
core   0: 3 0x8000abae (0x007bdb93) x23 0x00000000
core   0: 0x8000abb2 (0x03808b33) mul     s6, ra, s8
core   0: 3 0x8000abb2 (0x03808b33) x22 0x00000000
core   0: 0x8000abb6 (0x00000705) c.addi  a4, 1
core   0: 3 0x8000abb6 (0x0705) x14 0x0000000c
core   0: 0x8000abb8 (0x0139e633) or      a2, s3, s3
core   0: 3 0x8000abb8 (0x0139e633) x12 0x00000404
core   0: 0x8000abbc (0x0000717d) c.addi16sp sp, -16
core   0: 3 0x8000abbc (0x717d) x2  0x00000561
core   0: 0x8000abbe (0x01d5a0b3) slt     ra, a1, t4
core   0: 3 0x8000abbe (0x01d5a0b3) x1  0x00000000
core   0: 0x8000abc2 (0xfe3762e3) bltu    a4, gp, pc - 28
core   0: 3 0x8000abc2 (0xfe3762e3)
core   0: 0x8000aba6 (0x0042b533) sltu    a0, t0, tp
core   0: 3 0x8000aba6 (0x0042b533) x10 0x00000000
core   0: 0x8000abaa (0x00000001) c.nop
core   0: 3 0x8000abaa (0x0001)
core   0: 0x8000abac (0x0000486d) c.li    a6, 27
core   0: 3 0x8000abac (0x486d) x16 0x0000001b
core   0: 0x8000abae (0x007bdb93) srli    s7, s7, 7
core   0: 3 0x8000abae (0x007bdb93) x23 0x00000000
core   0: 0x8000abb2 (0x03808b33) mul     s6, ra, s8
core   0: 3 0x8000abb2 (0x03808b33) x22 0x00000000
core   0: 0x8000abb6 (0x00000705) c.addi  a4, 1
core   0: 3 0x8000abb6 (0x0705) x14 0x0000000d
core   0: 0x8000abb8 (0x0139e633) or      a2, s3, s3
core   0: 3 0x8000abb8 (0x0139e633) x12 0x00000404
core   0: 0x8000abbc (0x0000717d) c.addi16sp sp, -16
core   0: 3 0x8000abbc (0x717d) x2  0x00000551
core   0: 0x8000abbe (0x01d5a0b3) slt     ra, a1, t4
core   0: 3 0x8000abbe (0x01d5a0b3) x1  0x00000000
core   0: 0x8000abc2 (0xfe3762e3) bltu    a4, gp, pc - 28
core   0: 3 0x8000abc2 (0xfe3762e3)
core   0: 0x8000aba6 (0x0042b533) sltu    a0, t0, tp
core   0: 3 0x8000aba6 (0x0042b533) x10 0x00000000
core   0: 0x8000abaa (0x00000001) c.nop
core   0: 3 0x8000abaa (0x0001)
core   0: 0x8000abac (0x0000486d) c.li    a6, 27
core   0: 3 0x8000abac (0x486d) x16 0x0000001b
core   0: 0x8000abae (0x007bdb93) srli    s7, s7, 7
core   0: 3 0x8000abae (0x007bdb93) x23 0x00000000
core   0: 0x8000abb2 (0x03808b33) mul     s6, ra, s8
core   0: 3 0x8000abb2 (0x03808b33) x22 0x00000000
core   0: 0x8000abb6 (0x00000705) c.addi  a4, 1
core   0: 3 0x8000abb6 (0x0705) x14 0x0000000e
core   0: 0x8000abb8 (0x0139e633) or      a2, s3, s3
core   0: 3 0x8000abb8 (0x0139e633) x12 0x00000404
core   0: 0x8000abbc (0x0000717d) c.addi16sp sp, -16
core   0: 3 0x8000abbc (0x717d) x2  0x00000541
core   0: 0x8000abbe (0x01d5a0b3) slt     ra, a1, t4
core   0: 3 0x8000abbe (0x01d5a0b3) x1  0x00000000
core   0: 0x8000abc2 (0xfe3762e3) bltu    a4, gp, pc - 28
core   0: 3 0x8000abc2 (0xfe3762e3)
core   0: 0x8000aba6 (0x0042b533) sltu    a0, t0, tp
core   0: 3 0x8000aba6 (0x0042b533) x10 0x00000000
core   0: 0x8000abaa (0x00000001) c.nop
core   0: 3 0x8000abaa (0x0001)
core   0: 0x8000abac (0x0000486d) c.li    a6, 27
core   0: 3 0x8000abac (0x486d) x16 0x0000001b
core   0: 0x8000abae (0x007bdb93) srli    s7, s7, 7
core   0: 3 0x8000abae (0x007bdb93) x23 0x00000000
core   0: 0x8000abb2 (0x03808b33) mul     s6, ra, s8
core   0: 3 0x8000abb2 (0x03808b33) x22 0x00000000
core   0: 0x8000abb6 (0x00000705) c.addi  a4, 1
core   0: 3 0x8000abb6 (0x0705) x14 0x0000000f
core   0: 0x8000abb8 (0x0139e633) or      a2, s3, s3
core   0: 3 0x8000abb8 (0x0139e633) x12 0x00000404
core   0: 0x8000abbc (0x0000717d) c.addi16sp sp, -16
core   0: 3 0x8000abbc (0x717d) x2  0x00000531
core   0: 0x8000abbe (0x01d5a0b3) slt     ra, a1, t4
core   0: 3 0x8000abbe (0x01d5a0b3) x1  0x00000000
core   0: 0x8000abc2 (0xfe3762e3) bltu    a4, gp, pc - 28
core   0: 3 0x8000abc2 (0xfe3762e3)
core   0: 0x8000aba6 (0x0042b533) sltu    a0, t0, tp
core   0: 3 0x8000aba6 (0x0042b533) x10 0x00000000
core   0: 0x8000abaa (0x00000001) c.nop
core   0: 3 0x8000abaa (0x0001)
core   0: 0x8000abac (0x0000486d) c.li    a6, 27
core   0: 3 0x8000abac (0x486d) x16 0x0000001b
core   0: 0x8000abae (0x007bdb93) srli    s7, s7, 7
core   0: 3 0x8000abae (0x007bdb93) x23 0x00000000
core   0: 0x8000abb2 (0x03808b33) mul     s6, ra, s8
core   0: 3 0x8000abb2 (0x03808b33) x22 0x00000000
core   0: 0x8000abb6 (0x00000705) c.addi  a4, 1
core   0: 3 0x8000abb6 (0x0705) x14 0x00000010
core   0: 0x8000abb8 (0x0139e633) or      a2, s3, s3
core   0: 3 0x8000abb8 (0x0139e633) x12 0x00000404
core   0: 0x8000abbc (0x0000717d) c.addi16sp sp, -16
core   0: 3 0x8000abbc (0x717d) x2  0x00000521
core   0: 0x8000abbe (0x01d5a0b3) slt     ra, a1, t4
core   0: 3 0x8000abbe (0x01d5a0b3) x1  0x00000000
core   0: 0x8000abc2 (0xfe3762e3) bltu    a4, gp, pc - 28
core   0: 3 0x8000abc2 (0xfe3762e3)
core   0: 0x8000aba6 (0x0042b533) sltu    a0, t0, tp
core   0: 3 0x8000aba6 (0x0042b533) x10 0x00000000
core   0: 0x8000abaa (0x00000001) c.nop
core   0: 3 0x8000abaa (0x0001)
core   0: 0x8000abac (0x0000486d) c.li    a6, 27
core   0: 3 0x8000abac (0x486d) x16 0x0000001b
core   0: 0x8000abae (0x007bdb93) srli    s7, s7, 7
core   0: 3 0x8000abae (0x007bdb93) x23 0x00000000
core   0: 0x8000abb2 (0x03808b33) mul     s6, ra, s8
core   0: 3 0x8000abb2 (0x03808b33) x22 0x00000000
core   0: 0x8000abb6 (0x00000705) c.addi  a4, 1
core   0: 3 0x8000abb6 (0x0705) x14 0x00000011
core   0: 0x8000abb8 (0x0139e633) or      a2, s3, s3
core   0: 3 0x8000abb8 (0x0139e633) x12 0x00000404
core   0: 0x8000abbc (0x0000717d) c.addi16sp sp, -16
core   0: 3 0x8000abbc (0x717d) x2  0x00000511
core   0: 0x8000abbe (0x01d5a0b3) slt     ra, a1, t4
core   0: 3 0x8000abbe (0x01d5a0b3) x1  0x00000000
core   0: 0x8000abc2 (0xfe3762e3) bltu    a4, gp, pc - 28
core   0: 3 0x8000abc2 (0xfe3762e3)
core   0: 0x8000abc6 (0x00008d49) c.or    a0, a0
core   0: 3 0x8000abc6 (0x8d49) x10 0x00000000
core   0: 0x8000abc8 (0x03db59b3) divu    s3, s6, t4
core   0: 3 0x8000abc8 (0x03db59b3) x19 0x00000000
core   0: 0x8000abcc (0x021c63b3) rem     t2, s8, ra
core   0: 3 0x8000abcc (0x021c63b3) x7  0xfba32397
core   0: 0x8000abd0 (0x00008fd9) c.or    a5, a4
core   0: 3 0x8000abd0 (0x8fd9) x15 0x0007ba19
core   0: 0x8000abd2 (0x004a9033) sll     zero, s5, tp
core   0: 3 0x8000abd2 (0x004a9033)
core   0: 0x8000abd6 (0x01914633) xor     a2, sp, s9
core   0: 3 0x8000abd6 (0x01914633) x12 0x00000511
core   0: 0x8000abda (0x000bedb3) or      s11, s7, zero
core   0: 3 0x8000abda (0x000bedb3) x27 0x00000000
core   0: 0x8000abde (0x00008385) c.srli  a5, 1
core   0: 3 0x8000abde (0x8385) x15 0x0003dd0c
core   0: 0x8000abe0 (0x00008e01) c.sub   a2, s0
core   0: 3 0x8000abe0 (0x8e01) x12 0x7ffd682d
core   0: 0x8000abe2 (0x02d50a33) mul     s4, a0, a3
core   0: 3 0x8000abe2 (0x02d50a33) x20 0x00000000
core   0: 0x8000abe6 (0xfab4f9e3) bgeu    s1, a1, pc - 78
core   0: 3 0x8000abe6 (0xfab4f9e3)
core   0: 0x8000abea (0x01289a93) slli    s5, a7, 18
core   0: 3 0x8000abea (0x01289a93) x21 0x8e7c0000
core   0: 0x8000abee (0x00008f4a) c.mv    t5, s2
core   0: 3 0x8000abee (0x8f4a) x30 0x00000000
core   0: 0x8000abf0 (0x402b5a93) srai    s5, s6, 2
core   0: 3 0x8000abf0 (0x402b5a93) x21 0x00000000
core   0: 0x8000abf4 (0x0000e915) c.bnez  a0, pc + 52
core   0: 3 0x8000abf4 (0xe915)
core   0: 0x8000abf6 (0x012035b3) snez    a1, s2
core   0: 3 0x8000abf6 (0x012035b3) x11 0x00000000
core   0: 0x8000abfa (0x419c83b3) sub     t2, s9, s9
core   0: 3 0x8000abfa (0x419c83b3) x7  0x00000000
core   0: 0x8000abfe (0x00ba5663) bge     s4, a1, pc + 12
core   0: 3 0x8000abfe (0x00ba5663)
core   0: 0x8000ac0a (0x00008211) c.srli  a2, 4
core   0: 3 0x8000ac0a (0x8211) x12 0x07ffd682
core   0: 0x8000ac0c (0x7ac10113) addi    sp, sp, 1964
core   0: 3 0x8000ac0c (0x7ac10113) x2  0x00000cbd
core   0: 0x8000ac10 (0xc8cb8093) addi    ra, s7, -884
core   0: 3 0x8000ac10 (0xc8cb8093) x1  0xfffffc8c
core   0: 0x8000ac14 (0x00009676) c.add   a2, t4
core   0: 3 0x8000ac14 (0x9676) x12 0x07ffd359
core   0: 0x8000ac16 (0x00585c93) srli    s9, a6, 5
core   0: 3 0x8000ac16 (0x00585c93) x25 0x00000000
core   0: 0x8000ac1a (0x00008d2a) c.mv    s10, a0
core   0: 3 0x8000ac1a (0x8d2a) x26 0x00000000
core   0: 0x8000ac1c (0x0055e1b3) or      gp, a1, t0
core   0: 3 0x8000ac1c (0x0055e1b3) x3  0xfffffbd1
core   0: 0x8000ac20 (0x00008e3d) c.xor   a2, a5
core   0: 3 0x8000ac20 (0x8e3d) x12 0x07fc0e55
core   0: 0x8000ac22 (0x00006151) c.addi16sp sp, 272
core   0: 3 0x8000ac22 (0x6151) x2  0x00000dcd
core   0: 0x8000ac24 (0x010ce263) bltu    s9, a6, pc + 4
core   0: 3 0x8000ac24 (0x010ce263)
core   0: 0x8000ac28 (0x40a588b3) sub     a7, a1, a0
core   0: 3 0x8000ac28 (0x40a588b3) x17 0x00000000
core   0: 0x8000ac2c (0x00009b7d) c.andi  a4, -1
core   0: 3 0x8000ac2c (0x9b7d) x14 0x00000011
core   0: 0x8000ac2e (0x000fdf93) srli    t6, t6, 0
core   0: 3 0x8000ac2e (0x000fdf93) x31 0x80025dcc
core   0: 0x8000ac32 (0xcd1f6013) ori     zero, t5, -815
core   0: 3 0x8000ac32 (0xcd1f6013)
core   0: 0x8000ac36 (0x0333f0b3) remu    ra, t2, s3
core   0: 3 0x8000ac36 (0x0333f0b3) x1  0x00000000
core   0: 0x8000ac3a (0x00008149) c.srli  a0, 18
core   0: 3 0x8000ac3a (0x8149) x10 0x00000000
core   0: 0x8000ac3c (0x00001bfd) c.addi  s7, -1
core   0: 3 0x8000ac3c (0x1bfd) x23 0xffffffff
core   0: 0x8000ac3e (0x0000e98d) c.bnez  a1, pc + 50
core   0: 3 0x8000ac3e (0xe98d)
core   0: 0x8000ac40 (0x00000a10) c.addi4spn a2, sp, 272
core   0: 3 0x8000ac40 (0x0a10) x12 0x00000edd
core   0: 0x8000ac42 (0x00000001) c.nop
core   0: 3 0x8000ac42 (0x0001)
core   0: 0x8000ac44 (0x00eee997) auipc   s3, 0xeee
core   0: 3 0x8000ac44 (0x00eee997) x19 0x80ef8c44
core   0: 0x8000ac48 (0x25323d93) sltiu   s11, tp, 595
core   0: 3 0x8000ac48 (0x25323d93) x27 0x00000001
core   0: 0x8000ac4c (0x000080a5) c.srli  s1, 9
core   0: 3 0x8000ac4c (0x80a5) x9  0x00000000
core   0: 0x8000ac4e (0x00000e0d) c.addi  t3, 3
core   0: 3 0x8000ac4e (0x0e0d) x28 0xffffffbf
core   0: 0x8000ac50 (0x00189f13) slli    t5, a7, 1
core   0: 3 0x8000ac50 (0x00189f13) x30 0x00000000
core   0: 0x8000ac54 (0x4166d933) sra     s2, a3, s6
core   0: 3 0x8000ac54 (0x4166d933) x18 0x80025dcc
core   0: 0x8000ac58 (0x0169da13) srli    s4, s3, 22
core   0: 3 0x8000ac58 (0x0169da13) x20 0x00000203
core   0: 0x8000ac5c (0x00384a63) blt     a6, gp, pc + 20
core   0: 3 0x8000ac5c (0x00384a63)
core   0: 0x8000ac60 (0x037be5b3) rem     a1, s7, s7
core   0: 3 0x8000ac60 (0x037be5b3) x11 0x00000000
core   0: 0x8000ac64 (0x00009866) c.add   a6, s9
core   0: 3 0x8000ac64 (0x9866) x16 0x0000001b
core   0: 0x8000ac66 (0x035751b3) divu    gp, a4, s5
core   0: 3 0x8000ac66 (0x035751b3) x3  0xffffffff
core   0: 0x8000ac6a (0x0000cf81) c.beqz  a5, pc + 24
core   0: 3 0x8000ac6a (0xcf81)
core   0: 0x8000ac6c (0x41630933) sub     s2, t1, s6
core   0: 3 0x8000ac6c (0x41630933) x18 0x00000000
core   0: 0x8000ac70 (0x03df6463) bltu    t5, t4, pc + 40
core   0: 3 0x8000ac70 (0x03df6463)
core   0: 0x8000ac98 (0x034d1e33) mulh    t3, s10, s4
core   0: 3 0x8000ac98 (0x034d1e33) x28 0x00000000
core   0: 0x8000ac9c (0x00000001) c.nop
core   0: 3 0x8000ac9c (0x0001)
core   0: 0x8000ac9e (0x000099b2) c.add   s3, a2
core   0: 3 0x8000ac9e (0x99b2) x19 0x80ef9b21
core   0: 0x8000aca0 (0x024f33b3) mulhu   t2, t5, tp
core   0: 3 0x8000aca0 (0x024f33b3) x7  0x00000000
core   0: 0x8000aca4 (0x012adc63) bge     s5, s2, pc + 24
core   0: 3 0x8000aca4 (0x012adc63)
core   0: 0x8000acbc (0x00008cad) c.xor   s1, a1
core   0: 3 0x8000acbc (0x8cad) x9  0x00000000
core   0: 0x8000acbe (0x00008f39) c.xor   a4, a4
core   0: 3 0x8000acbe (0x8f39) x14 0x00000000
core   0: 0x8000acc0 (0xc7fc8e37) lui     t3, 0xc7fc8
core   0: 3 0x8000acc0 (0xc7fc8e37) x28 0xc7fc8000
core   0: 0x8000acc4 (0x91913813) sltiu   a6, sp, -1767
core   0: 3 0x8000acc4 (0x91913813) x16 0x00000001
core   0: 0x8000acc8 (0x03d58063) beq     a1, t4, pc + 32
core   0: 3 0x8000acc8 (0x03d58063)
core   0: 0x8000accc (0x415e5db3) sra     s11, t3, s5
core   0: 3 0x8000accc (0x415e5db3) x27 0xc7fc8000
core   0: 0x8000acd0 (0x00008822) c.mv    a6, s0
core   0: 3 0x8000acd0 (0x8822) x16 0x80029ce4
core   0: 0x8000acd2 (0x000057fd) c.li    a5, -1
core   0: 3 0x8000acd2 (0x57fd) x15 0xffffffff
core   0: 0x8000acd4 (0x00008fb1) c.xor   a5, a2
core   0: 3 0x8000acd4 (0x8fb1) x15 0xfffff122
core   0: 0x8000acd6 (0x03344663) blt     s0, s3, pc + 44
core   0: 3 0x8000acd6 (0x03344663)
core   0: 0x8000ad02 (0x000001b2) c.slli  gp, 12
core   0: 3 0x8000ad02 (0x01b2) x3  0xfffff000
core   0: 0x8000ad04 (0x00000001) c.nop
core   0: 3 0x8000ad04 (0x0001)
core   0: 0x8000ad06 (0x00000084) c.addi4spn s1, sp, 64
core   0: 3 0x8000ad06 (0x0084) x9  0x00000e0d
core   0: 0x8000ad08 (0xe9723613) sltiu   a2, tp, -361
core   0: 3 0x8000ad08 (0xe9723613) x12 0x00000001
core   0: 0x8000ad0c (0x026f9a33) mulh    s4, t6, t1
core   0: 3 0x8000ad0c (0x026f9a33) x20 0x00000000
core   0: 0x8000ad10 (0x00001b90) c.addi4spn a2, sp, 496
core   0: 3 0x8000ad10 (0x1b90) x12 0x00000fbd
core   0: 0x8000ad12 (0x415954b3) sra     s1, s2, s5
core   0: 3 0x8000ad12 (0x415954b3) x9  0x00000000
core   0: 0x8000ad16 (0x024fdf33) divu    t5, t6, tp
core   0: 3 0x8000ad16 (0x024fdf33) x30 0xffffffff
core   0: 0x8000ad1a (0x00000001) c.nop
core   0: 3 0x8000ad1a (0x0001)
core   0: 0x8000ad1c (0xe8c23c97) auipc   s9, 0xe8c23
core   0: 3 0x8000ad1c (0xe8c23c97) x25 0x68c2dd1c
core   0: 0x8000ad20 (0xda7db493) sltiu   s1, s11, -601
core   0: 3 0x8000ad20 (0xda7db493) x9  0x00000001
core   0: 0x8000ad24 (0x03f3beb3) mulhu   t4, t2, t6
core   0: 3 0x8000ad24 (0x03f3beb3) x29 0x00000000
core   0: 0x8000ad28 (0x0004c463) bltz    s1, pc + 8
core   0: 3 0x8000ad28 (0x0004c463)
core   0: 0x8000ad2c (0x05c1f263) bgeu    gp, t3, pc + 68
core   0: 3 0x8000ad2c (0x05c1f263)
core   0: 0x8000ad70 (0x00005ffd) c.li    t6, -1
core   0: 3 0x8000ad70 (0x5ffd) x31 0xffffffff
core   0: 0x8000ad72 (0x000060bd) c.lui   ra, 0xf
core   0: 3 0x8000ad72 (0x60bd) x1  0x0000f000
core   0: 0x8000ad74 (0x0000cc89) c.beqz  s1, pc + 26
core   0: 3 0x8000ad74 (0xcc89)
core   0: 0x8000ad76 (0x03199c63) bne     s3, a7, pc + 56
core   0: 3 0x8000ad76 (0x03199c63)
core   0: 0x8000adae (0x00000918) c.addi4spn a4, sp, 144
core   0: 3 0x8000adae (0x0918) x14 0x00000e5d
core   0: 0x8000adb0 (0x10e73113) sltiu   sp, a4, 270
core   0: 3 0x8000adb0 (0x10e73113) x2  0x00000000
core   0: 0x8000adb4 (0x03844c63) blt     s0, s8, pc + 56
core   0: 3 0x8000adb4 (0x03844c63)
core   0: 0x8000adec (0x00004c91) c.li    s9, 4
core   0: 3 0x8000adec (0x4c91) x25 0x00000004
core   0: 0x8000adee (0x0b9bbe13) sltiu   t3, s7, 185
core   0: 3 0x8000adee (0x0b9bbe13) x28 0x00000000
core   0: 0x8000adf2 (0x0133bf33) sltu    t5, t2, s3
core   0: 3 0x8000adf2 (0x0133bf33) x30 0x00000001
core   0: 0x8000adf6 (0x1b09af93) slti    t6, s3, 432
core   0: 3 0x8000adf6 (0x1b09af93) x31 0x00000001
core   0: 0x8000adfa (0x01bf7a33) and     s4, t5, s11
core   0: 3 0x8000adfa (0x01bf7a33) x20 0x00000000
core   0: 0x8000adfe (0xfa762193) slti    gp, a2, -89
core   0: 3 0x8000adfe (0xfa762193) x3  0x00000000
core   0: 0x8000ae02 (0x025bbf33) mulhu   t5, s7, t0
core   0: 3 0x8000ae02 (0x025bbf33) x30 0xfffffbd0
core   0: 0x8000ae06 (0x0129ca63) blt     s3, s2, pc + 20
core   0: 3 0x8000ae06 (0x0129ca63)
core   0: 0x8000ae1a (0x67bbdd97) auipc   s11, 0x67bbd
core   0: 3 0x8000ae1a (0x67bbdd97) x27 0xe7bc7e1a
core   0: 0x8000ae1e (0xd4b7f293) andi    t0, a5, -693
core   0: 3 0x8000ae1e (0xd4b7f293) x5  0xfffff102
core   0: 0x8000ae22 (0x00008d35) c.xor   a0, a3
core   0: 3 0x8000ae22 (0x8d35) x10 0x80025dcc
core   0: 0x8000ae24 (0x0000077e) c.slli  a4, 31
core   0: 3 0x8000ae24 (0x077e) x14 0x80000000
core   0: 0x8000ae26 (0x00000001) c.nop
core   0: 3 0x8000ae26 (0x0001)
core   0: 0x8000ae28 (0x41755793) srai    a5, a0, 23
core   0: 3 0x8000ae28 (0x41755793) x15 0xffffff00
core   0: 0x8000ae2c (0x00000e6d) c.addi  t3, 27
core   0: 3 0x8000ae2c (0x0e6d) x28 0x0000001b
core   0: 0x8000ae2e (0x023ac533) div     a0, s5, gp
core   0: 3 0x8000ae2e (0x023ac533) x10 0xffffffff
core   0: 0x8000ae32 (0x03e0e633) rem     a2, ra, t5
core   0: 3 0x8000ae32 (0x03e0e633) x12 0x00000150
core   0: 0x8000ae36 (0x02ef8233) mul     tp, t6, a4
core   0: 3 0x8000ae36 (0x02ef8233) x4  0x80000000
core   0: 0x8000ae3a (0x00008d05) c.sub   a0, s1
core   0: 3 0x8000ae3a (0x8d05) x10 0xfffffffe
core   0: 0x8000ae3c (0xb3ef8293) addi    t0, t6, -1218
core   0: 3 0x8000ae3c (0xb3ef8293) x5  0xfffffb3f
core   0: 0x8000ae40 (0x1eaee893) ori     a7, t4, 490
core   0: 3 0x8000ae40 (0x1eaee893) x17 0x000001ea
core   0: 0x8000ae44 (0x40078533) sub     a0, a5, zero
core   0: 3 0x8000ae44 (0x40078533) x10 0xffffff00
core   0: 0x8000ae48 (0x00008f22) c.mv    t5, s0
core   0: 3 0x8000ae48 (0x8f22) x30 0x80029ce4
core   0: 0x8000ae4a (0x010dc733) xor     a4, s11, a6
core   0: 3 0x8000ae4a (0x010dc733) x14 0x67bee2fe
core   0: 0x8000ae4e (0x0078a0b3) slt     ra, a7, t2
core   0: 3 0x8000ae4e (0x0078a0b3) x1  0x00000000
core   0: 0x8000ae52 (0x01bcd113) srli    sp, s9, 27
core   0: 3 0x8000ae52 (0x01bcd113) x2  0x00000000
core   0: 0x8000ae56 (0x000e45b3) xor     a1, t3, zero
core   0: 3 0x8000ae56 (0x000e45b3) x11 0x0000001b
core   0: 0x8000ae5a (0x00a475b3) and     a1, s0, a0
core   0: 3 0x8000ae5a (0x00a475b3) x11 0x80029c00
core   0: 0x8000ae5e (0x0000527d) c.li    tp, -1
core   0: 3 0x8000ae5e (0x527d) x4  0xffffffff
core   0: 0x8000ae60 (0x038ddd33) divu    s10, s11, s8
core   0: 3 0x8000ae60 (0x038ddd33) x26 0x00000000
core   0: 0x8000ae64 (0x00001f88) c.addi4spn a0, sp, 1008
core   0: 3 0x8000ae64 (0x1f88) x10 0x000003f0
core   0: 0x8000ae66 (0x02010d33) mul     s10, sp, zero
core   0: 3 0x8000ae66 (0x02010d33) x26 0x00000000
core   0: 0x8000ae6a (0x0289bf33) mulhu   t5, s3, s0
core   0: 3 0x8000ae6a (0x0289bf33) x30 0x40791e74
core   0: 0x8000ae6e (0xb21fc917) auipc   s2, 0xb21fc
core   0: 3 0x8000ae6e (0xb21fc917) x18 0x32206e6e
core   0: 0x8000ae72 (0x00008f8d) c.sub   a5, a1
core   0: 3 0x8000ae72 (0x8f8d) x15 0x7ffd6300
core   0: 0x8000ae74 (0x016993b3) sll     t2, s3, s6
core   0: 3 0x8000ae74 (0x016993b3) x7  0x80ef9b21
core   0: 0x8000ae78 (0x01af1593) slli    a1, t5, 26
core   0: 3 0x8000ae78 (0x01af1593) x11 0xd0000000
core   0: 0x8000ae7c (0x4a850893) addi    a7, a0, 1192
core   0: 3 0x8000ae7c (0x4a850893) x17 0x00000898
core   0: 0x8000ae80 (0x010a9263) bne     s5, a6, pc + 4
core   0: 3 0x8000ae80 (0x010a9263)
core   0: 0x8000ae84 (0x02abab33) mulhsu  s6, s7, a0
core   0: 3 0x8000ae84 (0x02abab33) x22 0xffffffff
core   0: 0x8000ae88 (0x0000cc81) c.beqz  s1, pc + 24
core   0: 3 0x8000ae88 (0xcc81)
core   0: 0x8000ae8a (0x01189713) slli    a4, a7, 17
core   0: 3 0x8000ae8a (0x01189713) x14 0x11300000
core   0: 0x8000ae8e (0x0234a933) mulhsu  s2, s1, gp
core   0: 3 0x8000ae8e (0x0234a933) x18 0x00000000
core   0: 0x8000ae92 (0x000098fd) c.andi  s1, -1
core   0: 3 0x8000ae92 (0x98fd) x9  0x00000001
core   0: 0x8000ae94 (0xd8edab93) slti    s7, s11, -626
core   0: 3 0x8000ae94 (0xd8edab93) x23 0x00000001
core   0: 0x8000ae98 (0x0341a0b3) mulhsu  ra, gp, s4
core   0: 3 0x8000ae98 (0x0341a0b3) x1  0x00000000
core   0: 0x8000ae9c (0xa0f6ff13) andi    t5, a3, -1521
core   0: 3 0x8000ae9c (0xa0f6ff13) x30 0x8002580c
core   0: 0x8000aea0 (0x01201833) sll     a6, zero, s2
core   0: 3 0x8000aea0 (0x01201833) x16 0x00000000
core   0: 0x8000aea4 (0x00008cb9) c.xor   s1, a4
core   0: 3 0x8000aea4 (0x8cb9) x9  0x11300001
core   0: 0x8000aea6 (0x010d4563) blt     s10, a6, pc + 10
core   0: 3 0x8000aea6 (0x010d4563)
core   0: 0x8000aeaa (0x00000001) c.nop
core   0: 3 0x8000aeaa (0x0001)
core   0: 0x8000aeac (0x00801e13) slli    t3, zero, 8
core   0: 3 0x8000aeac (0x00801e13) x28 0x00000000
core   0: 0x8000aeb0 (0x7a7e2793) slti    a5, t3, 1959
core   0: 3 0x8000aeb0 (0x7a7e2793) x15 0x00000001
core   0: 0x8000aeb4 (0xb3ec4b13) xori    s6, s8, -1218
core   0: 3 0x8000aeb4 (0xb3ec4b13) x22 0x045cd8a9
core   0: 0x8000aeb8 (0x00006be5) c.lui   s7, 0x19
core   0: 3 0x8000aeb8 (0x6be5) x23 0x00019000
core   0: 0x8000aeba (0x0000151c) c.addi4spn a5, sp, 672
core   0: 3 0x8000aeba (0x151c) x15 0x000002a0
core   0: 0x8000aebc (0x00008ca9) c.xor   s1, a0
core   0: 3 0x8000aebc (0x8ca9) x9  0x113003f1
core   0: 0x8000aebe (0x01284bb3) xor     s7, a6, s2
core   0: 3 0x8000aebe (0x01284bb3) x23 0x00000000
core   0: 0x8000aec2 (0x02f530b3) mulhu   ra, a0, a5
core   0: 3 0x8000aec2 (0x02f530b3) x1  0x00000000
core   0: 0x8000aec6 (0x01bc2f33) slt     t5, s8, s11
core   0: 3 0x8000aec6 (0x01bc2f33) x30 0x00000000
core   0: 0x8000aeca (0x0000e491) c.bnez  s1, pc + 12
core   0: 3 0x8000aeca (0xe491)
core   0: 0x8000aed6 (0x024ff7b3) remu    a5, t6, tp
core   0: 3 0x8000aed6 (0x024ff7b3) x15 0x00000001
core   0: 0x8000aeda (0x00008d4d) c.or    a0, a1
core   0: 3 0x8000aeda (0x8d4d) x10 0xd00003f0
core   0: 0x8000aedc (0x00dce963) bltu    s9, a3, pc + 18
core   0: 3 0x8000aedc (0x00dce963)
core   0: 0x8000aeee (0x0000e499) c.bnez  s1, pc + 14
core   0: 3 0x8000aeee (0xe499)
core   0: 0x8000aefc (0x02733333) mulhu   t1, t1, t2
core   0: 3 0x8000aefc (0x02733333) x6  0x00000000
core   0: 0x8000af00 (0x41c88633) sub     a2, a7, t3
core   0: 3 0x8000af00 (0x41c88633) x12 0x00000898
core   0: 0x8000af04 (0x0000e0b1) c.bnez  s1, pc + 68
core   0: 3 0x8000af04 (0xe0b1)
core   0: 0x8000af48 (0x01410233) add     tp, sp, s4
core   0: 3 0x8000af48 (0x01410233) x4  0x00000000
core   0: 0x8000af4c (0x000084cd) c.srai  s1, 19
core   0: 3 0x8000af4c (0x84cd) x9  0x00000226
core   0: 0x8000af4e (0x008b02b3) add     t0, s6, s0
core   0: 3 0x8000af4e (0x008b02b3) x5  0x845f758d
core   0: 0x8000af52 (0x0000c309) c.beqz  a4, pc + 2
core   0: 3 0x8000af52 (0xc309)
core   0: 0x8000af54 (0x01bfd2b3) srl     t0, t6, s11
core   0: 3 0x8000af54 (0x01bfd2b3) x5  0x00000000
core   0: 0x8000af58 (0x02851a33) mulh    s4, a0, s0
core   0: 3 0x8000af58 (0x02851a33) x20 0x17ff809d
core   0: 0x8000af5c (0x008e1c93) slli    s9, t3, 8
core   0: 3 0x8000af5c (0x008e1c93) x25 0x00000000
core   0: 0x8000af60 (0x00000b7e) c.slli  s6, 31
core   0: 3 0x8000af60 (0x0b7e) x22 0x80000000
core   0: 0x8000af62 (0x47d4ea13) ori     s4, s1, 1149
core   0: 3 0x8000af62 (0x47d4ea13) x20 0x0000067f
core   0: 0x8000af66 (0x00000a96) c.slli  s5, 5
core   0: 3 0x8000af66 (0x0a96) x21 0x00000000
core   0: 0x8000af68 (0x011f1393) slli    t2, t5, 17
core   0: 3 0x8000af68 (0x011f1393) x7  0x00000000
core   0: 0x8000af6c (0x000053fd) c.li    t2, -1
core   0: 3 0x8000af6c (0x53fd) x7  0xffffffff
core   0: 0x8000af6e (0x00008e01) c.sub   a2, s0
core   0: 3 0x8000af6e (0x8e01) x12 0x7ffd6bb4
core   0: 0x8000af70 (0x00008cf5) c.and   s1, a3
core   0: 3 0x8000af70 (0x8cf5) x9  0x00000004
core   0: 0x8000af72 (0x00008f6d) c.and   a4, a1
core   0: 3 0x8000af72 (0x8f6d) x14 0x10000000
core   0: 0x8000af74 (0x000054ed) c.li    s1, -5
core   0: 3 0x8000af74 (0x54ed) x9  0xfffffffb
core   0: 0x8000af76 (0x4157df13) srai    t5, a5, 21
core   0: 3 0x8000af76 (0x4157df13) x30 0x00000000
core   0: 0x8000af7a (0x00000001) c.nop
core   0: 3 0x8000af7a (0x0001)
core   0: 0x8000af7c (0x00008796) c.mv    a5, t0
core   0: 3 0x8000af7c (0x8796) x15 0x00000000
core   0: 0x8000af7e (0x67d39517) auipc   a0, 0x67d39
core   0: 3 0x8000af7e (0x67d39517) x10 0xe7d43f7e
core   0: 0x8000af82 (0x00ec1e33) sll     t3, s8, a4
core   0: 3 0x8000af82 (0x00ec1e33) x28 0xfba32397
core   0: 0x8000af86 (0x00cf0a33) add     s4, t5, a2
core   0: 3 0x8000af86 (0x00cf0a33) x20 0x7ffd6bb4
core   0: 0x8000af8a (0x023c7233) remu    tp, s8, gp
core   0: 3 0x8000af8a (0x023c7233) x4  0xfba32397
core   0: 0x8000af8e (0x00000495) c.addi  s1, 5
core   0: 3 0x8000af8e (0x0495) x9  0x00000000
core   0: 0x8000af90 (0x00000001) c.nop
core   0: 3 0x8000af90 (0x0001)
core   0: 0x8000af92 (0x00008e09) c.sub   a2, a0
core   0: 3 0x8000af92 (0x8e09) x12 0x98292c36
core   0: 0x8000af94 (0x00008d4d) c.or    a0, a1
core   0: 3 0x8000af94 (0x8d4d) x10 0xf7d43f7e
core   0: 0x8000af96 (0x00d7bb33) sltu    s6, a5, a3
core   0: 3 0x8000af96 (0x00d7bb33) x22 0x00000001
core   0: 0x8000af9a (0x00008d6d) c.and   a0, a1
core   0: 3 0x8000af9a (0x8d6d) x10 0xd0000000
core   0: 0x8000af9c (0x0000d4ed) c.beqz  s1, pc - 22
core   0: 3 0x8000af9c (0xd4ed)
core   0: 0x8000af86 (0x00cf0a33) add     s4, t5, a2
core   0: 3 0x8000af86 (0x00cf0a33) x20 0x98292c36
core   0: 0x8000af8a (0x023c7233) remu    tp, s8, gp
core   0: 3 0x8000af8a (0x023c7233) x4  0xfba32397
core   0: 0x8000af8e (0x00000495) c.addi  s1, 5
core   0: 3 0x8000af8e (0x0495) x9  0x00000005
core   0: 0x8000af90 (0x00000001) c.nop
core   0: 3 0x8000af90 (0x0001)
core   0: 0x8000af92 (0x00008e09) c.sub   a2, a0
core   0: 3 0x8000af92 (0x8e09) x12 0xc8292c36
core   0: 0x8000af94 (0x00008d4d) c.or    a0, a1
core   0: 3 0x8000af94 (0x8d4d) x10 0xd0000000
core   0: 0x8000af96 (0x00d7bb33) sltu    s6, a5, a3
core   0: 3 0x8000af96 (0x00d7bb33) x22 0x00000001
core   0: 0x8000af9a (0x00008d6d) c.and   a0, a1
core   0: 3 0x8000af9a (0x8d6d) x10 0xd0000000
core   0: 0x8000af9c (0x0000d4ed) c.beqz  s1, pc - 22
core   0: 3 0x8000af9c (0xd4ed)
core   0: 0x8000af9e (0x41340233) sub     tp, s0, s3
core   0: 3 0x8000af9e (0x41340233) x4  0xff1301c3
core   0: 0x8000afa2 (0x03644fb3) div     t6, s0, s6
core   0: 3 0x8000afa2 (0x03644fb3) x31 0x80029ce4
core   0: 0x8000afa6 (0x17b70317) auipc   t1, 0x17b70
core   0: 3 0x8000afa6 (0x17b70317) x6  0x97b7afa6
core   0: 0x8000afaa (0x032ae333) rem     t1, s5, s2
core   0: 3 0x8000afaa (0x032ae333) x6  0x00000000
core   0: 0x8000afae (0x00009a6e) c.add   s4, s11
core   0: 3 0x8000afae (0x9a6e) x20 0x7fe5aa50
core   0: 0x8000afb0 (0x020422b3) mulhsu  t0, s0, zero
core   0: 3 0x8000afb0 (0x020422b3) x5  0x00000000
core   0: 0x8000afb4 (0x02bb7833) remu    a6, s6, a1
core   0: 3 0x8000afb4 (0x02bb7833) x16 0x00000001
core   0: 0x8000afb8 (0x01ee4663) blt     t3, t5, pc + 12
core   0: 3 0x8000afb8 (0x01ee4663)
core   0: 0x8000afc4 (0xfadff493) andi    s1, t6, -83
core   0: 3 0x8000afc4 (0xfadff493) x9  0x80029ca4
core   0: 0x8000afc8 (0x0046a303) lw      t1, 4(a3)
core   0: 3 0x8000afc8 (0x0046a303) x6  0x800016d4 mem 0x80025dd0
core   0: 0x8000afcc (0x757be913) ori     s2, s7, 1879
core   0: 3 0x8000afcc (0x757be913) x18 0x00000757
core   0: 0x8000afd0 (0x02068693) addi    a3, a3, 32
core   0: 3 0x8000afd0 (0x02068693) x13 0x80025dec
core   0: 0x8000afd4 (0x00006c91) c.lui   s9, 0x4
core   0: 3 0x8000afd4 (0x6c91) x25 0x00004000
core   0: 0x8000afd6 (0x78e6e113) ori     sp, a3, 1934
core   0: 3 0x8000afd6 (0x78e6e113) x2  0x80025fee
core   0: 0x8000afda (0x03f46533) rem     a0, s0, t6
core   0: 3 0x8000afda (0x03f46533) x10 0x00000000
core   0: 0x8000afde (0xc282ba93) sltiu   s5, t0, -984
core   0: 3 0x8000afde (0xc282ba93) x21 0x00000001
core   0: 0x8000afe2 (0x010f0db3) add     s11, t5, a6
core   0: 3 0x8000afe2 (0x010f0db3) x27 0x00000001
core   0: 0x8000afe6 (0x4124d713) srai    a4, s1, 18
core   0: 3 0x8000afe6 (0x4124d713) x14 0xffffe000
core   0: 0x8000afea (0xe4d84517) auipc   a0, 0xe4d84
core   0: 3 0x8000afea (0xe4d84517) x10 0x64d8efea
core   0: 0x8000afee (0x00001904) c.addi4spn s1, sp, 176
core   0: 3 0x8000afee (0x1904) x9  0x8002609e
core   0: 0x8000aff0 (0xdc9cc093) xori    ra, s9, -567
core   0: 3 0x8000aff0 (0xdc9cc093) x1  0xffffbdc9
core   0: 0x8000aff4 (0x00030f93) mv      t6, t1
core   0: 3 0x8000aff4 (0x00030f93) x31 0x800016d4
core   0: 0x8000aff8 (0x000f8fe7) jalr    t6, t6, 0
core   0: 3 0x8000aff8 (0x000f8fe7) x31 0x8000affc
core   0: 0x800016d4 (0x00004d05) c.li    s10, 1
core   0: 3 0x800016d4 (0x4d05) x26 0x00000001
core   0: 0x800016d6 (0x00001b04) c.addi4spn s1, sp, 432
core   0: 3 0x800016d6 (0x1b04) x9  0x8002619e
core   0: 0x800016d8 (0x41738cb3) sub     s9, t2, s7
core   0: 3 0x800016d8 (0x41738cb3) x25 0xffffffff
core   0: 0x800016dc (0x000044fd) c.li    s1, 31
core   0: 3 0x800016dc (0x44fd) x9  0x0000001f
core   0: 0x800016de (0x00004945) c.li    s2, 17
core   0: 3 0x800016de (0x4945) x18 0x00000011
core   0: 0x800016e0 (0x00000eba) c.slli  t4, 14
core   0: 3 0x800016e0 (0x0eba) x29 0x00000000
core   0: 0x800016e2 (0xcf276293) ori     t0, a4, -782
core   0: 3 0x800016e2 (0xcf276293) x5  0xfffffcf2
core   0: 0x800016e6 (0x38d3e613) ori     a2, t2, 909
core   0: 3 0x800016e6 (0x38d3e613) x12 0xffffffff
core   0: 0x800016ea (0x00ddda13) srli    s4, s11, 13
core   0: 3 0x800016ea (0x00ddda13) x20 0x00000000
core   0: 0x800016ee (0x034dbcb3) mulhu   s9, s11, s4
core   0: 3 0x800016ee (0x034dbcb3) x25 0x00000000
core   0: 0x800016f2 (0x00000d09) c.addi  s10, 2
core   0: 3 0x800016f2 (0x0d09) x26 0x00000003
core   0: 0x800016f4 (0x4052df93) srai    t6, t0, 5
core   0: 3 0x800016f4 (0x4052df93) x31 0xffffffe7
core   0: 0x800016f8 (0xff2d67e3) bltu    s10, s2, pc - 18
core   0: 3 0x800016f8 (0xff2d67e3)
core   0: 0x800016e6 (0x38d3e613) ori     a2, t2, 909
core   0: 3 0x800016e6 (0x38d3e613) x12 0xffffffff
core   0: 0x800016ea (0x00ddda13) srli    s4, s11, 13
core   0: 3 0x800016ea (0x00ddda13) x20 0x00000000
core   0: 0x800016ee (0x034dbcb3) mulhu   s9, s11, s4
core   0: 3 0x800016ee (0x034dbcb3) x25 0x00000000
core   0: 0x800016f2 (0x00000d09) c.addi  s10, 2
core   0: 3 0x800016f2 (0x0d09) x26 0x00000005
core   0: 0x800016f4 (0x4052df93) srai    t6, t0, 5
core   0: 3 0x800016f4 (0x4052df93) x31 0xffffffe7
core   0: 0x800016f8 (0xff2d67e3) bltu    s10, s2, pc - 18
core   0: 3 0x800016f8 (0xff2d67e3)
core   0: 0x800016e6 (0x38d3e613) ori     a2, t2, 909
core   0: 3 0x800016e6 (0x38d3e613) x12 0xffffffff
core   0: 0x800016ea (0x00ddda13) srli    s4, s11, 13
core   0: 3 0x800016ea (0x00ddda13) x20 0x00000000
core   0: 0x800016ee (0x034dbcb3) mulhu   s9, s11, s4
core   0: 3 0x800016ee (0x034dbcb3) x25 0x00000000
core   0: 0x800016f2 (0x00000d09) c.addi  s10, 2
core   0: 3 0x800016f2 (0x0d09) x26 0x00000007
core   0: 0x800016f4 (0x4052df93) srai    t6, t0, 5
core   0: 3 0x800016f4 (0x4052df93) x31 0xffffffe7
core   0: 0x800016f8 (0xff2d67e3) bltu    s10, s2, pc - 18
core   0: 3 0x800016f8 (0xff2d67e3)
core   0: 0x800016e6 (0x38d3e613) ori     a2, t2, 909
core   0: 3 0x800016e6 (0x38d3e613) x12 0xffffffff
core   0: 0x800016ea (0x00ddda13) srli    s4, s11, 13
core   0: 3 0x800016ea (0x00ddda13) x20 0x00000000
core   0: 0x800016ee (0x034dbcb3) mulhu   s9, s11, s4
core   0: 3 0x800016ee (0x034dbcb3) x25 0x00000000
core   0: 0x800016f2 (0x00000d09) c.addi  s10, 2
core   0: 3 0x800016f2 (0x0d09) x26 0x00000009
core   0: 0x800016f4 (0x4052df93) srai    t6, t0, 5
core   0: 3 0x800016f4 (0x4052df93) x31 0xffffffe7
core   0: 0x800016f8 (0xff2d67e3) bltu    s10, s2, pc - 18
core   0: 3 0x800016f8 (0xff2d67e3)
core   0: 0x800016e6 (0x38d3e613) ori     a2, t2, 909
core   0: 3 0x800016e6 (0x38d3e613) x12 0xffffffff
core   0: 0x800016ea (0x00ddda13) srli    s4, s11, 13
core   0: 3 0x800016ea (0x00ddda13) x20 0x00000000
core   0: 0x800016ee (0x034dbcb3) mulhu   s9, s11, s4
core   0: 3 0x800016ee (0x034dbcb3) x25 0x00000000
core   0: 0x800016f2 (0x00000d09) c.addi  s10, 2
core   0: 3 0x800016f2 (0x0d09) x26 0x0000000b
core   0: 0x800016f4 (0x4052df93) srai    t6, t0, 5
core   0: 3 0x800016f4 (0x4052df93) x31 0xffffffe7
core   0: 0x800016f8 (0xff2d67e3) bltu    s10, s2, pc - 18
core   0: 3 0x800016f8 (0xff2d67e3)
core   0: 0x800016e6 (0x38d3e613) ori     a2, t2, 909
core   0: 3 0x800016e6 (0x38d3e613) x12 0xffffffff
core   0: 0x800016ea (0x00ddda13) srli    s4, s11, 13
core   0: 3 0x800016ea (0x00ddda13) x20 0x00000000
core   0: 0x800016ee (0x034dbcb3) mulhu   s9, s11, s4
core   0: 3 0x800016ee (0x034dbcb3) x25 0x00000000
core   0: 0x800016f2 (0x00000d09) c.addi  s10, 2
core   0: 3 0x800016f2 (0x0d09) x26 0x0000000d
core   0: 0x800016f4 (0x4052df93) srai    t6, t0, 5
core   0: 3 0x800016f4 (0x4052df93) x31 0xffffffe7
core   0: 0x800016f8 (0xff2d67e3) bltu    s10, s2, pc - 18
core   0: 3 0x800016f8 (0xff2d67e3)
core   0: 0x800016e6 (0x38d3e613) ori     a2, t2, 909
core   0: 3 0x800016e6 (0x38d3e613) x12 0xffffffff
core   0: 0x800016ea (0x00ddda13) srli    s4, s11, 13
core   0: 3 0x800016ea (0x00ddda13) x20 0x00000000
core   0: 0x800016ee (0x034dbcb3) mulhu   s9, s11, s4
core   0: 3 0x800016ee (0x034dbcb3) x25 0x00000000
core   0: 0x800016f2 (0x00000d09) c.addi  s10, 2
core   0: 3 0x800016f2 (0x0d09) x26 0x0000000f
core   0: 0x800016f4 (0x4052df93) srai    t6, t0, 5
core   0: 3 0x800016f4 (0x4052df93) x31 0xffffffe7
core   0: 0x800016f8 (0xff2d67e3) bltu    s10, s2, pc - 18
core   0: 3 0x800016f8 (0xff2d67e3)
core   0: 0x800016e6 (0x38d3e613) ori     a2, t2, 909
core   0: 3 0x800016e6 (0x38d3e613) x12 0xffffffff
core   0: 0x800016ea (0x00ddda13) srli    s4, s11, 13
core   0: 3 0x800016ea (0x00ddda13) x20 0x00000000
core   0: 0x800016ee (0x034dbcb3) mulhu   s9, s11, s4
core   0: 3 0x800016ee (0x034dbcb3) x25 0x00000000
core   0: 0x800016f2 (0x00000d09) c.addi  s10, 2
core   0: 3 0x800016f2 (0x0d09) x26 0x00000011
core   0: 0x800016f4 (0x4052df93) srai    t6, t0, 5
core   0: 3 0x800016f4 (0x4052df93) x31 0xffffffe7
core   0: 0x800016f8 (0xff2d67e3) bltu    s10, s2, pc - 18
core   0: 3 0x800016f8 (0xff2d67e3)
core   0: 0x800016fc (0x00000fe2) c.slli  t6, 24
core   0: 3 0x800016fc (0x0fe2) x31 0xe7000000
core   0: 0x800016fe (0x00005569) c.li    a0, -6
core   0: 3 0x800016fe (0x5569) x10 0xfffffffa
core   0: 0x80001700 (0x00000001) c.nop
core   0: 3 0x80001700 (0x0001)
core   0: 0x80001702 (0x0070aa33) slt     s4, ra, t2
core   0: 3 0x80001702 (0x0070aa33) x20 0x00000001
core   0: 0x80001706 (0x027a68b3) rem     a7, s4, t2
core   0: 3 0x80001706 (0x027a68b3) x17 0x00000000
core   0: 0x8000170a (0xbeae2c93) slti    s9, t3, -1046
core   0: 3 0x8000170a (0xbeae2c93) x25 0x00000001
core   0: 0x8000170e (0x0044eeb3) or      t4, s1, tp
core   0: 3 0x8000170e (0x0044eeb3) x29 0xff1301df
core   0: 0x80001712 (0x00008e4d) c.or    a2, a1
core   0: 3 0x80001712 (0x8e4d) x12 0xffffffff
core   0: 0x80001714 (0x0000097a) c.slli  s2, 30
core   0: 3 0x80001714 (0x097a) x18 0x40000000
core   0: 0x80001716 (0x00000509) c.addi  a0, 2
core   0: 3 0x80001716 (0x0509) x10 0xfffffffc
core   0: 0x80001718 (0x035def33) rem     t5, s11, s5
core   0: 3 0x80001718 (0x035def33) x30 0x00000000
core   0: 0x8000171c (0x5ac03213) sltiu   tp, zero, 1452
core   0: 3 0x8000171c (0x5ac03213) x4  0x00000001
core   0: 0x80001720 (0x00ef0a33) add     s4, t5, a4
core   0: 3 0x80001720 (0x00ef0a33) x20 0xffffe000
core   0: 0x80001724 (0xe8716397) auipc   t2, 0xe8716
core   0: 3 0x80001724 (0xe8716397) x7  0x68717724
core   0: 0x80001728 (0x000045e1) c.li    a1, 24
core   0: 3 0x80001728 (0x45e1) x11 0x00000018
core   0: 0x8000172a (0x0000fd71) c.bnez  a0, pc - 36
core   0: 3 0x8000172a (0xfd71)
core   0: 0x80001706 (0x027a68b3) rem     a7, s4, t2
core   0: 3 0x80001706 (0x027a68b3) x17 0xffffe000
core   0: 0x8000170a (0xbeae2c93) slti    s9, t3, -1046
core   0: 3 0x8000170a (0xbeae2c93) x25 0x00000001
core   0: 0x8000170e (0x0044eeb3) or      t4, s1, tp
core   0: 3 0x8000170e (0x0044eeb3) x29 0x0000001f
core   0: 0x80001712 (0x00008e4d) c.or    a2, a1
core   0: 3 0x80001712 (0x8e4d) x12 0xffffffff
core   0: 0x80001714 (0x0000097a) c.slli  s2, 30
core   0: 3 0x80001714 (0x097a) x18 0x00000000
core   0: 0x80001716 (0x00000509) c.addi  a0, 2
core   0: 3 0x80001716 (0x0509) x10 0xfffffffe
core   0: 0x80001718 (0x035def33) rem     t5, s11, s5
core   0: 3 0x80001718 (0x035def33) x30 0x00000000
core   0: 0x8000171c (0x5ac03213) sltiu   tp, zero, 1452
core   0: 3 0x8000171c (0x5ac03213) x4  0x00000001
core   0: 0x80001720 (0x00ef0a33) add     s4, t5, a4
core   0: 3 0x80001720 (0x00ef0a33) x20 0xffffe000
core   0: 0x80001724 (0xe8716397) auipc   t2, 0xe8716
core   0: 3 0x80001724 (0xe8716397) x7  0x68717724
core   0: 0x80001728 (0x000045e1) c.li    a1, 24
core   0: 3 0x80001728 (0x45e1) x11 0x00000018
core   0: 0x8000172a (0x0000fd71) c.bnez  a0, pc - 36
core   0: 3 0x8000172a (0xfd71)
core   0: 0x80001706 (0x027a68b3) rem     a7, s4, t2
core   0: 3 0x80001706 (0x027a68b3) x17 0xffffe000
core   0: 0x8000170a (0xbeae2c93) slti    s9, t3, -1046
core   0: 3 0x8000170a (0xbeae2c93) x25 0x00000001
core   0: 0x8000170e (0x0044eeb3) or      t4, s1, tp
core   0: 3 0x8000170e (0x0044eeb3) x29 0x0000001f
core   0: 0x80001712 (0x00008e4d) c.or    a2, a1
core   0: 3 0x80001712 (0x8e4d) x12 0xffffffff
core   0: 0x80001714 (0x0000097a) c.slli  s2, 30
core   0: 3 0x80001714 (0x097a) x18 0x00000000
core   0: 0x80001716 (0x00000509) c.addi  a0, 2
core   0: 3 0x80001716 (0x0509) x10 0x00000000
core   0: 0x80001718 (0x035def33) rem     t5, s11, s5
core   0: 3 0x80001718 (0x035def33) x30 0x00000000
core   0: 0x8000171c (0x5ac03213) sltiu   tp, zero, 1452
core   0: 3 0x8000171c (0x5ac03213) x4  0x00000001
core   0: 0x80001720 (0x00ef0a33) add     s4, t5, a4
core   0: 3 0x80001720 (0x00ef0a33) x20 0xffffe000
core   0: 0x80001724 (0xe8716397) auipc   t2, 0xe8716
core   0: 3 0x80001724 (0xe8716397) x7  0x68717724
core   0: 0x80001728 (0x000045e1) c.li    a1, 24
core   0: 3 0x80001728 (0x45e1) x11 0x00000018
core   0: 0x8000172a (0x0000fd71) c.bnez  a0, pc - 36
core   0: 3 0x8000172a (0xfd71)
core   0: 0x8000172c (0x0128b233) sltu    tp, a7, s2
core   0: 3 0x8000172c (0x0128b233) x4  0x00000000
core   0: 0x80001730 (0x000040a9) c.li    ra, 10
core   0: 3 0x80001730 (0x40a9) x1  0x0000000a
core   0: 0x80001732 (0x03c7e2b3) rem     t0, a5, t3
core   0: 3 0x80001732 (0x03c7e2b3) x5  0x00000000
core   0: 0x80001736 (0x03229d33) mulh    s10, t0, s2
core   0: 3 0x80001736 (0x03229d33) x26 0x00000000
core   0: 0x8000173a (0xf102fe93) andi    t4, t0, -240
core   0: 3 0x8000173a (0xf102fe93) x29 0x00000000
core   0: 0x8000173e (0x40cbd393) srai    t2, s7, 12
core   0: 3 0x8000173e (0x40cbd393) x7  0x00000000
core   0: 0x80001742 (0x00000001) c.nop
core   0: 3 0x80001742 (0x0001)
core   0: 0x80001744 (0x00000001) c.nop
core   0: 3 0x80001744 (0x0001)
core   0: 0x80001746 (0x00f8d533) srl     a0, a7, a5
core   0: 3 0x80001746 (0x00f8d533) x10 0xffffe000
core   0: 0x8000174a (0x003e92b3) sll     t0, t4, gp
core   0: 3 0x8000174a (0x003e92b3) x5  0x00000000
core   0: 0x8000174e (0x00004995) c.li    s3, 5
core   0: 3 0x8000174e (0x4995) x19 0x00000005
core   0: 0x80001750 (0x02059933) mulh    s2, a1, zero
core   0: 3 0x80001750 (0x02059933) x18 0x00000000
core   0: 0x80001754 (0x01c0fcb3) and     s9, ra, t3
core   0: 3 0x80001754 (0x01c0fcb3) x25 0x00000002
core   0: 0x80001758 (0x8d507513) andi    a0, zero, -1835
core   0: 3 0x80001758 (0x8d507513) x10 0x00000000
core   0: 0x8000175c (0x000010f9) c.addi  ra, -2
core   0: 3 0x8000175c (0x10f9) x1  0x00000008
core   0: 0x8000175e (0xbbfbb013) sltiu   zero, s7, -1089
core   0: 3 0x8000175e (0xbbfbb013)
core   0: 0x80001762 (0x008fd793) srli    a5, t6, 8
core   0: 3 0x80001762 (0x008fd793) x15 0x00e70000
core   0: 0x80001766 (0x00008c95) c.sub   s1, a3
core   0: 3 0x80001766 (0x8c95) x9  0x7ffda233
core   0: 0x80001768 (0x50a8c513) xori    a0, a7, 1290
core   0: 3 0x80001768 (0x50a8c513) x10 0xffffe50a
core   0: 0x8000176c (0x003b0333) add     t1, s6, gp
core   0: 3 0x8000176c (0x003b0333) x6  0x00000001
core   0: 0x80001770 (0x00006ea1) c.lui   t4, 0x8
core   0: 3 0x80001770 (0x6ea1) x29 0x00008000
core   0: 0x80001772 (0x01f403b3) add     t2, s0, t6
core   0: 3 0x80001772 (0x01f403b3) x7  0x67029ce4
core   0: 0x80001776 (0x016158b3) srl     a7, sp, s6
core   0: 3 0x80001776 (0x016158b3) x17 0x40012ff7
core   0: 0x8000177a (0x008c9f13) slli    t5, s9, 8
core   0: 3 0x8000177a (0x008c9f13) x30 0x00000200
core   0: 0x8000177e (0x00008f29) c.xor   a4, a0
core   0: 3 0x8000177e (0x8f29) x14 0x0000050a
core   0: 0x80001780 (0xfd30fae3) bgeu    ra, s3, pc - 44
core   0: 3 0x80001780 (0xfd30fae3)
core   0: 0x80001754 (0x01c0fcb3) and     s9, ra, t3
core   0: 3 0x80001754 (0x01c0fcb3) x25 0x00000000
core   0: 0x80001758 (0x8d507513) andi    a0, zero, -1835
core   0: 3 0x80001758 (0x8d507513) x10 0x00000000
core   0: 0x8000175c (0x000010f9) c.addi  ra, -2
core   0: 3 0x8000175c (0x10f9) x1  0x00000006
core   0: 0x8000175e (0xbbfbb013) sltiu   zero, s7, -1089
core   0: 3 0x8000175e (0xbbfbb013)
core   0: 0x80001762 (0x008fd793) srli    a5, t6, 8
core   0: 3 0x80001762 (0x008fd793) x15 0x00e70000
core   0: 0x80001766 (0x00008c95) c.sub   s1, a3
core   0: 3 0x80001766 (0x8c95) x9  0xfffb4447
core   0: 0x80001768 (0x50a8c513) xori    a0, a7, 1290
core   0: 3 0x80001768 (0x50a8c513) x10 0x40012afd
core   0: 0x8000176c (0x003b0333) add     t1, s6, gp
core   0: 3 0x8000176c (0x003b0333) x6  0x00000001
core   0: 0x80001770 (0x00006ea1) c.lui   t4, 0x8
core   0: 3 0x80001770 (0x6ea1) x29 0x00008000
core   0: 0x80001772 (0x01f403b3) add     t2, s0, t6
core   0: 3 0x80001772 (0x01f403b3) x7  0x67029ce4
core   0: 0x80001776 (0x016158b3) srl     a7, sp, s6
core   0: 3 0x80001776 (0x016158b3) x17 0x40012ff7
core   0: 0x8000177a (0x008c9f13) slli    t5, s9, 8
core   0: 3 0x8000177a (0x008c9f13) x30 0x00000000
core   0: 0x8000177e (0x00008f29) c.xor   a4, a0
core   0: 3 0x8000177e (0x8f29) x14 0x40012ff7
core   0: 0x80001780 (0xfd30fae3) bgeu    ra, s3, pc - 44
core   0: 3 0x80001780 (0xfd30fae3)
core   0: 0x80001754 (0x01c0fcb3) and     s9, ra, t3
core   0: 3 0x80001754 (0x01c0fcb3) x25 0x00000006
core   0: 0x80001758 (0x8d507513) andi    a0, zero, -1835
core   0: 3 0x80001758 (0x8d507513) x10 0x00000000
core   0: 0x8000175c (0x000010f9) c.addi  ra, -2
core   0: 3 0x8000175c (0x10f9) x1  0x00000004
core   0: 0x8000175e (0xbbfbb013) sltiu   zero, s7, -1089
core   0: 3 0x8000175e (0xbbfbb013)
core   0: 0x80001762 (0x008fd793) srli    a5, t6, 8
core   0: 3 0x80001762 (0x008fd793) x15 0x00e70000
core   0: 0x80001766 (0x00008c95) c.sub   s1, a3
core   0: 3 0x80001766 (0x8c95) x9  0x7ff8e65b
core   0: 0x80001768 (0x50a8c513) xori    a0, a7, 1290
core   0: 3 0x80001768 (0x50a8c513) x10 0x40012afd
core   0: 0x8000176c (0x003b0333) add     t1, s6, gp
core   0: 3 0x8000176c (0x003b0333) x6  0x00000001
core   0: 0x80001770 (0x00006ea1) c.lui   t4, 0x8
core   0: 3 0x80001770 (0x6ea1) x29 0x00008000
core   0: 0x80001772 (0x01f403b3) add     t2, s0, t6
core   0: 3 0x80001772 (0x01f403b3) x7  0x67029ce4
core   0: 0x80001776 (0x016158b3) srl     a7, sp, s6
core   0: 3 0x80001776 (0x016158b3) x17 0x40012ff7
core   0: 0x8000177a (0x008c9f13) slli    t5, s9, 8
core   0: 3 0x8000177a (0x008c9f13) x30 0x00000600
core   0: 0x8000177e (0x00008f29) c.xor   a4, a0
core   0: 3 0x8000177e (0x8f29) x14 0x0000050a
core   0: 0x80001780 (0xfd30fae3) bgeu    ra, s3, pc - 44
core   0: 3 0x80001780 (0xfd30fae3)
core   0: 0x80001784 (0x000002e5) c.addi  t0, 25
core   0: 3 0x80001784 (0x02e5) x5  0x00000019
core   0: 0x80001786 (0x00005761) c.li    a4, -8
core   0: 3 0x80001786 (0x5761) x14 0xfffffff8
core   0: 0x80001788 (0x00000001) c.nop
core   0: 3 0x80001788 (0x0001)
core   0: 0x8000178a (0x000049cd) c.li    s3, 19
core   0: 3 0x8000178a (0x49cd) x19 0x00000013
core   0: 0x8000178c (0x00005f7d) c.li    t5, -1
core   0: 3 0x8000178c (0x5f7d) x30 0xffffffff
core   0: 0x8000178e (0x03d218b3) mulh    a7, tp, t4
core   0: 3 0x8000178e (0x03d218b3) x17 0x00000000
core   0: 0x80001792 (0x00000001) c.nop
core   0: 3 0x80001792 (0x0001)
core   0: 0x80001794 (0x00009146) c.add   sp, a7
core   0: 3 0x80001794 (0x9146) x2  0x80025fee
core   0: 0x80001796 (0x013a5393) srli    t2, s4, 19
core   0: 3 0x80001796 (0x013a5393) x7  0x00001fff
core   0: 0x8000179a (0x00000709) c.addi  a4, 2
core   0: 3 0x8000179a (0x0709) x14 0xfffffffa
core   0: 0x8000179c (0x74f44d93) xori    s11, s0, 1871
core   0: 3 0x8000179c (0x74f44d93) x27 0x80029bab
core   0: 0x800017a0 (0x00004911) c.li    s2, 4
core   0: 3 0x800017a0 (0x4911) x18 0x00000004
core   0: 0x800017a2 (0x00000001) c.nop
core   0: 3 0x800017a2 (0x0001)
core   0: 0x800017a4 (0x023c8ab3) mul     s5, s9, gp
core   0: 3 0x800017a4 (0x023c8ab3) x21 0x00000000
core   0: 0x800017a8 (0x00000001) c.nop
core   0: 3 0x800017a8 (0x0001)
core   0: 0x800017aa (0x017e8e33) add     t3, t4, s7
core   0: 3 0x800017aa (0x017e8e33) x28 0x00008000
core   0: 0x800017ae (0x000045a1) c.li    a1, 8
core   0: 3 0x800017ae (0x45a1) x11 0x00000008
core   0: 0x800017b0 (0x03798033) mul     zero, s3, s7
core   0: 3 0x800017b0 (0x03798033)
core   0: 0x800017b4 (0x7b9c0493) addi    s1, s8, 1977
core   0: 3 0x800017b4 (0x7b9c0493) x9  0xfba32b50
core   0: 0x800017b8 (0x023ab2b3) mulhu   t0, s5, gp
core   0: 3 0x800017b8 (0x023ab2b3) x5  0x00000000
core   0: 0x800017bc (0x00000909) c.addi  s2, 2
core   0: 3 0x800017bc (0x0909) x18 0x00000006
core   0: 0x800017be (0xfeb909e3) beq     s2, a1, pc - 14
core   0: 3 0x800017be (0xfeb909e3)
core   0: 0x800017c2 (0x00000001) c.nop
core   0: 3 0x800017c2 (0x0001)
core   0: 0x800017c4 (0xfd3745e3) blt     a4, s3, pc - 54
core   0: 3 0x800017c4 (0xfd3745e3)
core   0: 0x8000178e (0x03d218b3) mulh    a7, tp, t4
core   0: 3 0x8000178e (0x03d218b3) x17 0x00000000
core   0: 0x80001792 (0x00000001) c.nop
core   0: 3 0x80001792 (0x0001)
core   0: 0x80001794 (0x00009146) c.add   sp, a7
core   0: 3 0x80001794 (0x9146) x2  0x80025fee
core   0: 0x80001796 (0x013a5393) srli    t2, s4, 19
core   0: 3 0x80001796 (0x013a5393) x7  0x00001fff
core   0: 0x8000179a (0x00000709) c.addi  a4, 2
core   0: 3 0x8000179a (0x0709) x14 0xfffffffc
core   0: 0x8000179c (0x74f44d93) xori    s11, s0, 1871
core   0: 3 0x8000179c (0x74f44d93) x27 0x80029bab
core   0: 0x800017a0 (0x00004911) c.li    s2, 4
core   0: 3 0x800017a0 (0x4911) x18 0x00000004
core   0: 0x800017a2 (0x00000001) c.nop
core   0: 3 0x800017a2 (0x0001)
core   0: 0x800017a4 (0x023c8ab3) mul     s5, s9, gp
core   0: 3 0x800017a4 (0x023c8ab3) x21 0x00000000
core   0: 0x800017a8 (0x00000001) c.nop
core   0: 3 0x800017a8 (0x0001)
core   0: 0x800017aa (0x017e8e33) add     t3, t4, s7
core   0: 3 0x800017aa (0x017e8e33) x28 0x00008000
core   0: 0x800017ae (0x000045a1) c.li    a1, 8
core   0: 3 0x800017ae (0x45a1) x11 0x00000008
core   0: 0x800017b0 (0x03798033) mul     zero, s3, s7
core   0: 3 0x800017b0 (0x03798033)
core   0: 0x800017b4 (0x7b9c0493) addi    s1, s8, 1977
core   0: 3 0x800017b4 (0x7b9c0493) x9  0xfba32b50
core   0: 0x800017b8 (0x023ab2b3) mulhu   t0, s5, gp
core   0: 3 0x800017b8 (0x023ab2b3) x5  0x00000000
core   0: 0x800017bc (0x00000909) c.addi  s2, 2
core   0: 3 0x800017bc (0x0909) x18 0x00000006
core   0: 0x800017be (0xfeb909e3) beq     s2, a1, pc - 14
core   0: 3 0x800017be (0xfeb909e3)
core   0: 0x800017c2 (0x00000001) c.nop
core   0: 3 0x800017c2 (0x0001)
core   0: 0x800017c4 (0xfd3745e3) blt     a4, s3, pc - 54
core   0: 3 0x800017c4 (0xfd3745e3)
core   0: 0x8000178e (0x03d218b3) mulh    a7, tp, t4
core   0: 3 0x8000178e (0x03d218b3) x17 0x00000000
core   0: 0x80001792 (0x00000001) c.nop
core   0: 3 0x80001792 (0x0001)
core   0: 0x80001794 (0x00009146) c.add   sp, a7
core   0: 3 0x80001794 (0x9146) x2  0x80025fee
core   0: 0x80001796 (0x013a5393) srli    t2, s4, 19
core   0: 3 0x80001796 (0x013a5393) x7  0x00001fff
core   0: 0x8000179a (0x00000709) c.addi  a4, 2
core   0: 3 0x8000179a (0x0709) x14 0xfffffffe
core   0: 0x8000179c (0x74f44d93) xori    s11, s0, 1871
core   0: 3 0x8000179c (0x74f44d93) x27 0x80029bab
core   0: 0x800017a0 (0x00004911) c.li    s2, 4
core   0: 3 0x800017a0 (0x4911) x18 0x00000004
core   0: 0x800017a2 (0x00000001) c.nop
core   0: 3 0x800017a2 (0x0001)
core   0: 0x800017a4 (0x023c8ab3) mul     s5, s9, gp
core   0: 3 0x800017a4 (0x023c8ab3) x21 0x00000000
core   0: 0x800017a8 (0x00000001) c.nop
core   0: 3 0x800017a8 (0x0001)
core   0: 0x800017aa (0x017e8e33) add     t3, t4, s7
core   0: 3 0x800017aa (0x017e8e33) x28 0x00008000
core   0: 0x800017ae (0x000045a1) c.li    a1, 8
core   0: 3 0x800017ae (0x45a1) x11 0x00000008
core   0: 0x800017b0 (0x03798033) mul     zero, s3, s7
core   0: 3 0x800017b0 (0x03798033)
core   0: 0x800017b4 (0x7b9c0493) addi    s1, s8, 1977
core   0: 3 0x800017b4 (0x7b9c0493) x9  0xfba32b50
core   0: 0x800017b8 (0x023ab2b3) mulhu   t0, s5, gp
core   0: 3 0x800017b8 (0x023ab2b3) x5  0x00000000
core   0: 0x800017bc (0x00000909) c.addi  s2, 2
core   0: 3 0x800017bc (0x0909) x18 0x00000006
core   0: 0x800017be (0xfeb909e3) beq     s2, a1, pc - 14
core   0: 3 0x800017be (0xfeb909e3)
core   0: 0x800017c2 (0x00000001) c.nop
core   0: 3 0x800017c2 (0x0001)
core   0: 0x800017c4 (0xfd3745e3) blt     a4, s3, pc - 54
core   0: 3 0x800017c4 (0xfd3745e3)
core   0: 0x8000178e (0x03d218b3) mulh    a7, tp, t4
core   0: 3 0x8000178e (0x03d218b3) x17 0x00000000
core   0: 0x80001792 (0x00000001) c.nop
core   0: 3 0x80001792 (0x0001)
core   0: 0x80001794 (0x00009146) c.add   sp, a7
core   0: 3 0x80001794 (0x9146) x2  0x80025fee
core   0: 0x80001796 (0x013a5393) srli    t2, s4, 19
core   0: 3 0x80001796 (0x013a5393) x7  0x00001fff
core   0: 0x8000179a (0x00000709) c.addi  a4, 2
core   0: 3 0x8000179a (0x0709) x14 0x00000000
core   0: 0x8000179c (0x74f44d93) xori    s11, s0, 1871
core   0: 3 0x8000179c (0x74f44d93) x27 0x80029bab
core   0: 0x800017a0 (0x00004911) c.li    s2, 4
core   0: 3 0x800017a0 (0x4911) x18 0x00000004
core   0: 0x800017a2 (0x00000001) c.nop
core   0: 3 0x800017a2 (0x0001)
core   0: 0x800017a4 (0x023c8ab3) mul     s5, s9, gp
core   0: 3 0x800017a4 (0x023c8ab3) x21 0x00000000
core   0: 0x800017a8 (0x00000001) c.nop
core   0: 3 0x800017a8 (0x0001)
core   0: 0x800017aa (0x017e8e33) add     t3, t4, s7
core   0: 3 0x800017aa (0x017e8e33) x28 0x00008000
core   0: 0x800017ae (0x000045a1) c.li    a1, 8
core   0: 3 0x800017ae (0x45a1) x11 0x00000008
core   0: 0x800017b0 (0x03798033) mul     zero, s3, s7
core   0: 3 0x800017b0 (0x03798033)
core   0: 0x800017b4 (0x7b9c0493) addi    s1, s8, 1977
core   0: 3 0x800017b4 (0x7b9c0493) x9  0xfba32b50
core   0: 0x800017b8 (0x023ab2b3) mulhu   t0, s5, gp
core   0: 3 0x800017b8 (0x023ab2b3) x5  0x00000000
core   0: 0x800017bc (0x00000909) c.addi  s2, 2
core   0: 3 0x800017bc (0x0909) x18 0x00000006
core   0: 0x800017be (0xfeb909e3) beq     s2, a1, pc - 14
core   0: 3 0x800017be (0xfeb909e3)
core   0: 0x800017c2 (0x00000001) c.nop
core   0: 3 0x800017c2 (0x0001)
core   0: 0x800017c4 (0xfd3745e3) blt     a4, s3, pc - 54
core   0: 3 0x800017c4 (0xfd3745e3)
core   0: 0x8000178e (0x03d218b3) mulh    a7, tp, t4
core   0: 3 0x8000178e (0x03d218b3) x17 0x00000000
core   0: 0x80001792 (0x00000001) c.nop
core   0: 3 0x80001792 (0x0001)
core   0: 0x80001794 (0x00009146) c.add   sp, a7
core   0: 3 0x80001794 (0x9146) x2  0x80025fee
core   0: 0x80001796 (0x013a5393) srli    t2, s4, 19
core   0: 3 0x80001796 (0x013a5393) x7  0x00001fff
core   0: 0x8000179a (0x00000709) c.addi  a4, 2
core   0: 3 0x8000179a (0x0709) x14 0x00000002
core   0: 0x8000179c (0x74f44d93) xori    s11, s0, 1871
core   0: 3 0x8000179c (0x74f44d93) x27 0x80029bab
core   0: 0x800017a0 (0x00004911) c.li    s2, 4
core   0: 3 0x800017a0 (0x4911) x18 0x00000004
core   0: 0x800017a2 (0x00000001) c.nop
core   0: 3 0x800017a2 (0x0001)
core   0: 0x800017a4 (0x023c8ab3) mul     s5, s9, gp
core   0: 3 0x800017a4 (0x023c8ab3) x21 0x00000000
core   0: 0x800017a8 (0x00000001) c.nop
core   0: 3 0x800017a8 (0x0001)
core   0: 0x800017aa (0x017e8e33) add     t3, t4, s7
core   0: 3 0x800017aa (0x017e8e33) x28 0x00008000
core   0: 0x800017ae (0x000045a1) c.li    a1, 8
core   0: 3 0x800017ae (0x45a1) x11 0x00000008
core   0: 0x800017b0 (0x03798033) mul     zero, s3, s7
core   0: 3 0x800017b0 (0x03798033)
core   0: 0x800017b4 (0x7b9c0493) addi    s1, s8, 1977
core   0: 3 0x800017b4 (0x7b9c0493) x9  0xfba32b50
core   0: 0x800017b8 (0x023ab2b3) mulhu   t0, s5, gp
core   0: 3 0x800017b8 (0x023ab2b3) x5  0x00000000
core   0: 0x800017bc (0x00000909) c.addi  s2, 2
core   0: 3 0x800017bc (0x0909) x18 0x00000006
core   0: 0x800017be (0xfeb909e3) beq     s2, a1, pc - 14
core   0: 3 0x800017be (0xfeb909e3)
core   0: 0x800017c2 (0x00000001) c.nop
core   0: 3 0x800017c2 (0x0001)
core   0: 0x800017c4 (0xfd3745e3) blt     a4, s3, pc - 54
core   0: 3 0x800017c4 (0xfd3745e3)
core   0: 0x8000178e (0x03d218b3) mulh    a7, tp, t4
core   0: 3 0x8000178e (0x03d218b3) x17 0x00000000
core   0: 0x80001792 (0x00000001) c.nop
core   0: 3 0x80001792 (0x0001)
core   0: 0x80001794 (0x00009146) c.add   sp, a7
core   0: 3 0x80001794 (0x9146) x2  0x80025fee
core   0: 0x80001796 (0x013a5393) srli    t2, s4, 19
core   0: 3 0x80001796 (0x013a5393) x7  0x00001fff
core   0: 0x8000179a (0x00000709) c.addi  a4, 2
core   0: 3 0x8000179a (0x0709) x14 0x00000004
core   0: 0x8000179c (0x74f44d93) xori    s11, s0, 1871
core   0: 3 0x8000179c (0x74f44d93) x27 0x80029bab
core   0: 0x800017a0 (0x00004911) c.li    s2, 4
core   0: 3 0x800017a0 (0x4911) x18 0x00000004
core   0: 0x800017a2 (0x00000001) c.nop
core   0: 3 0x800017a2 (0x0001)
core   0: 0x800017a4 (0x023c8ab3) mul     s5, s9, gp
core   0: 3 0x800017a4 (0x023c8ab3) x21 0x00000000
core   0: 0x800017a8 (0x00000001) c.nop
core   0: 3 0x800017a8 (0x0001)
core   0: 0x800017aa (0x017e8e33) add     t3, t4, s7
core   0: 3 0x800017aa (0x017e8e33) x28 0x00008000
core   0: 0x800017ae (0x000045a1) c.li    a1, 8
core   0: 3 0x800017ae (0x45a1) x11 0x00000008
core   0: 0x800017b0 (0x03798033) mul     zero, s3, s7
core   0: 3 0x800017b0 (0x03798033)
core   0: 0x800017b4 (0x7b9c0493) addi    s1, s8, 1977
core   0: 3 0x800017b4 (0x7b9c0493) x9  0xfba32b50
core   0: 0x800017b8 (0x023ab2b3) mulhu   t0, s5, gp
core   0: 3 0x800017b8 (0x023ab2b3) x5  0x00000000
core   0: 0x800017bc (0x00000909) c.addi  s2, 2
core   0: 3 0x800017bc (0x0909) x18 0x00000006
core   0: 0x800017be (0xfeb909e3) beq     s2, a1, pc - 14
core   0: 3 0x800017be (0xfeb909e3)
core   0: 0x800017c2 (0x00000001) c.nop
core   0: 3 0x800017c2 (0x0001)
core   0: 0x800017c4 (0xfd3745e3) blt     a4, s3, pc - 54
core   0: 3 0x800017c4 (0xfd3745e3)
core   0: 0x8000178e (0x03d218b3) mulh    a7, tp, t4
core   0: 3 0x8000178e (0x03d218b3) x17 0x00000000
core   0: 0x80001792 (0x00000001) c.nop
core   0: 3 0x80001792 (0x0001)
core   0: 0x80001794 (0x00009146) c.add   sp, a7
core   0: 3 0x80001794 (0x9146) x2  0x80025fee
core   0: 0x80001796 (0x013a5393) srli    t2, s4, 19
core   0: 3 0x80001796 (0x013a5393) x7  0x00001fff
core   0: 0x8000179a (0x00000709) c.addi  a4, 2
core   0: 3 0x8000179a (0x0709) x14 0x00000006
core   0: 0x8000179c (0x74f44d93) xori    s11, s0, 1871
core   0: 3 0x8000179c (0x74f44d93) x27 0x80029bab
core   0: 0x800017a0 (0x00004911) c.li    s2, 4
core   0: 3 0x800017a0 (0x4911) x18 0x00000004
core   0: 0x800017a2 (0x00000001) c.nop
core   0: 3 0x800017a2 (0x0001)
core   0: 0x800017a4 (0x023c8ab3) mul     s5, s9, gp
core   0: 3 0x800017a4 (0x023c8ab3) x21 0x00000000
core   0: 0x800017a8 (0x00000001) c.nop
core   0: 3 0x800017a8 (0x0001)
core   0: 0x800017aa (0x017e8e33) add     t3, t4, s7
core   0: 3 0x800017aa (0x017e8e33) x28 0x00008000
core   0: 0x800017ae (0x000045a1) c.li    a1, 8
core   0: 3 0x800017ae (0x45a1) x11 0x00000008
core   0: 0x800017b0 (0x03798033) mul     zero, s3, s7
core   0: 3 0x800017b0 (0x03798033)
core   0: 0x800017b4 (0x7b9c0493) addi    s1, s8, 1977
core   0: 3 0x800017b4 (0x7b9c0493) x9  0xfba32b50
core   0: 0x800017b8 (0x023ab2b3) mulhu   t0, s5, gp
core   0: 3 0x800017b8 (0x023ab2b3) x5  0x00000000
core   0: 0x800017bc (0x00000909) c.addi  s2, 2
core   0: 3 0x800017bc (0x0909) x18 0x00000006
core   0: 0x800017be (0xfeb909e3) beq     s2, a1, pc - 14
core   0: 3 0x800017be (0xfeb909e3)
core   0: 0x800017c2 (0x00000001) c.nop
core   0: 3 0x800017c2 (0x0001)
core   0: 0x800017c4 (0xfd3745e3) blt     a4, s3, pc - 54
core   0: 3 0x800017c4 (0xfd3745e3)
core   0: 0x8000178e (0x03d218b3) mulh    a7, tp, t4
core   0: 3 0x8000178e (0x03d218b3) x17 0x00000000
core   0: 0x80001792 (0x00000001) c.nop
core   0: 3 0x80001792 (0x0001)
core   0: 0x80001794 (0x00009146) c.add   sp, a7
core   0: 3 0x80001794 (0x9146) x2  0x80025fee
core   0: 0x80001796 (0x013a5393) srli    t2, s4, 19
core   0: 3 0x80001796 (0x013a5393) x7  0x00001fff
core   0: 0x8000179a (0x00000709) c.addi  a4, 2
core   0: 3 0x8000179a (0x0709) x14 0x00000008
core   0: 0x8000179c (0x74f44d93) xori    s11, s0, 1871
core   0: 3 0x8000179c (0x74f44d93) x27 0x80029bab
core   0: 0x800017a0 (0x00004911) c.li    s2, 4
core   0: 3 0x800017a0 (0x4911) x18 0x00000004
core   0: 0x800017a2 (0x00000001) c.nop
core   0: 3 0x800017a2 (0x0001)
core   0: 0x800017a4 (0x023c8ab3) mul     s5, s9, gp
core   0: 3 0x800017a4 (0x023c8ab3) x21 0x00000000
core   0: 0x800017a8 (0x00000001) c.nop
core   0: 3 0x800017a8 (0x0001)
core   0: 0x800017aa (0x017e8e33) add     t3, t4, s7
core   0: 3 0x800017aa (0x017e8e33) x28 0x00008000
core   0: 0x800017ae (0x000045a1) c.li    a1, 8
core   0: 3 0x800017ae (0x45a1) x11 0x00000008
core   0: 0x800017b0 (0x03798033) mul     zero, s3, s7
core   0: 3 0x800017b0 (0x03798033)
core   0: 0x800017b4 (0x7b9c0493) addi    s1, s8, 1977
core   0: 3 0x800017b4 (0x7b9c0493) x9  0xfba32b50
core   0: 0x800017b8 (0x023ab2b3) mulhu   t0, s5, gp
core   0: 3 0x800017b8 (0x023ab2b3) x5  0x00000000
core   0: 0x800017bc (0x00000909) c.addi  s2, 2
core   0: 3 0x800017bc (0x0909) x18 0x00000006
core   0: 0x800017be (0xfeb909e3) beq     s2, a1, pc - 14
core   0: 3 0x800017be (0xfeb909e3)
core   0: 0x800017c2 (0x00000001) c.nop
core   0: 3 0x800017c2 (0x0001)
core   0: 0x800017c4 (0xfd3745e3) blt     a4, s3, pc - 54
core   0: 3 0x800017c4 (0xfd3745e3)
core   0: 0x8000178e (0x03d218b3) mulh    a7, tp, t4
core   0: 3 0x8000178e (0x03d218b3) x17 0x00000000
core   0: 0x80001792 (0x00000001) c.nop
core   0: 3 0x80001792 (0x0001)
core   0: 0x80001794 (0x00009146) c.add   sp, a7
core   0: 3 0x80001794 (0x9146) x2  0x80025fee
core   0: 0x80001796 (0x013a5393) srli    t2, s4, 19
core   0: 3 0x80001796 (0x013a5393) x7  0x00001fff
core   0: 0x8000179a (0x00000709) c.addi  a4, 2
core   0: 3 0x8000179a (0x0709) x14 0x0000000a
core   0: 0x8000179c (0x74f44d93) xori    s11, s0, 1871
core   0: 3 0x8000179c (0x74f44d93) x27 0x80029bab
core   0: 0x800017a0 (0x00004911) c.li    s2, 4
core   0: 3 0x800017a0 (0x4911) x18 0x00000004
core   0: 0x800017a2 (0x00000001) c.nop
core   0: 3 0x800017a2 (0x0001)
core   0: 0x800017a4 (0x023c8ab3) mul     s5, s9, gp
core   0: 3 0x800017a4 (0x023c8ab3) x21 0x00000000
core   0: 0x800017a8 (0x00000001) c.nop
core   0: 3 0x800017a8 (0x0001)
core   0: 0x800017aa (0x017e8e33) add     t3, t4, s7
core   0: 3 0x800017aa (0x017e8e33) x28 0x00008000
core   0: 0x800017ae (0x000045a1) c.li    a1, 8
core   0: 3 0x800017ae (0x45a1) x11 0x00000008
core   0: 0x800017b0 (0x03798033) mul     zero, s3, s7
core   0: 3 0x800017b0 (0x03798033)
core   0: 0x800017b4 (0x7b9c0493) addi    s1, s8, 1977
core   0: 3 0x800017b4 (0x7b9c0493) x9  0xfba32b50
core   0: 0x800017b8 (0x023ab2b3) mulhu   t0, s5, gp
core   0: 3 0x800017b8 (0x023ab2b3) x5  0x00000000
core   0: 0x800017bc (0x00000909) c.addi  s2, 2
core   0: 3 0x800017bc (0x0909) x18 0x00000006
core   0: 0x800017be (0xfeb909e3) beq     s2, a1, pc - 14
core   0: 3 0x800017be (0xfeb909e3)
core   0: 0x800017c2 (0x00000001) c.nop
core   0: 3 0x800017c2 (0x0001)
core   0: 0x800017c4 (0xfd3745e3) blt     a4, s3, pc - 54
core   0: 3 0x800017c4 (0xfd3745e3)
core   0: 0x8000178e (0x03d218b3) mulh    a7, tp, t4
core   0: 3 0x8000178e (0x03d218b3) x17 0x00000000
core   0: 0x80001792 (0x00000001) c.nop
core   0: 3 0x80001792 (0x0001)
core   0: 0x80001794 (0x00009146) c.add   sp, a7
core   0: 3 0x80001794 (0x9146) x2  0x80025fee
core   0: 0x80001796 (0x013a5393) srli    t2, s4, 19
core   0: 3 0x80001796 (0x013a5393) x7  0x00001fff
core   0: 0x8000179a (0x00000709) c.addi  a4, 2
core   0: 3 0x8000179a (0x0709) x14 0x0000000c
core   0: 0x8000179c (0x74f44d93) xori    s11, s0, 1871
core   0: 3 0x8000179c (0x74f44d93) x27 0x80029bab
core   0: 0x800017a0 (0x00004911) c.li    s2, 4
core   0: 3 0x800017a0 (0x4911) x18 0x00000004
core   0: 0x800017a2 (0x00000001) c.nop
core   0: 3 0x800017a2 (0x0001)
core   0: 0x800017a4 (0x023c8ab3) mul     s5, s9, gp
core   0: 3 0x800017a4 (0x023c8ab3) x21 0x00000000
core   0: 0x800017a8 (0x00000001) c.nop
core   0: 3 0x800017a8 (0x0001)
core   0: 0x800017aa (0x017e8e33) add     t3, t4, s7
core   0: 3 0x800017aa (0x017e8e33) x28 0x00008000
core   0: 0x800017ae (0x000045a1) c.li    a1, 8
core   0: 3 0x800017ae (0x45a1) x11 0x00000008
core   0: 0x800017b0 (0x03798033) mul     zero, s3, s7
core   0: 3 0x800017b0 (0x03798033)
core   0: 0x800017b4 (0x7b9c0493) addi    s1, s8, 1977
core   0: 3 0x800017b4 (0x7b9c0493) x9  0xfba32b50
core   0: 0x800017b8 (0x023ab2b3) mulhu   t0, s5, gp
core   0: 3 0x800017b8 (0x023ab2b3) x5  0x00000000
core   0: 0x800017bc (0x00000909) c.addi  s2, 2
core   0: 3 0x800017bc (0x0909) x18 0x00000006
core   0: 0x800017be (0xfeb909e3) beq     s2, a1, pc - 14
core   0: 3 0x800017be (0xfeb909e3)
core   0: 0x800017c2 (0x00000001) c.nop
core   0: 3 0x800017c2 (0x0001)
core   0: 0x800017c4 (0xfd3745e3) blt     a4, s3, pc - 54
core   0: 3 0x800017c4 (0xfd3745e3)
core   0: 0x8000178e (0x03d218b3) mulh    a7, tp, t4
core   0: 3 0x8000178e (0x03d218b3) x17 0x00000000
core   0: 0x80001792 (0x00000001) c.nop
core   0: 3 0x80001792 (0x0001)
core   0: 0x80001794 (0x00009146) c.add   sp, a7
core   0: 3 0x80001794 (0x9146) x2  0x80025fee
core   0: 0x80001796 (0x013a5393) srli    t2, s4, 19
core   0: 3 0x80001796 (0x013a5393) x7  0x00001fff
core   0: 0x8000179a (0x00000709) c.addi  a4, 2
core   0: 3 0x8000179a (0x0709) x14 0x0000000e
core   0: 0x8000179c (0x74f44d93) xori    s11, s0, 1871
core   0: 3 0x8000179c (0x74f44d93) x27 0x80029bab
core   0: 0x800017a0 (0x00004911) c.li    s2, 4
core   0: 3 0x800017a0 (0x4911) x18 0x00000004
core   0: 0x800017a2 (0x00000001) c.nop
core   0: 3 0x800017a2 (0x0001)
core   0: 0x800017a4 (0x023c8ab3) mul     s5, s9, gp
core   0: 3 0x800017a4 (0x023c8ab3) x21 0x00000000
core   0: 0x800017a8 (0x00000001) c.nop
core   0: 3 0x800017a8 (0x0001)
core   0: 0x800017aa (0x017e8e33) add     t3, t4, s7
core   0: 3 0x800017aa (0x017e8e33) x28 0x00008000
core   0: 0x800017ae (0x000045a1) c.li    a1, 8
core   0: 3 0x800017ae (0x45a1) x11 0x00000008
core   0: 0x800017b0 (0x03798033) mul     zero, s3, s7
core   0: 3 0x800017b0 (0x03798033)
core   0: 0x800017b4 (0x7b9c0493) addi    s1, s8, 1977
core   0: 3 0x800017b4 (0x7b9c0493) x9  0xfba32b50
core   0: 0x800017b8 (0x023ab2b3) mulhu   t0, s5, gp
core   0: 3 0x800017b8 (0x023ab2b3) x5  0x00000000
core   0: 0x800017bc (0x00000909) c.addi  s2, 2
core   0: 3 0x800017bc (0x0909) x18 0x00000006
core   0: 0x800017be (0xfeb909e3) beq     s2, a1, pc - 14
core   0: 3 0x800017be (0xfeb909e3)
core   0: 0x800017c2 (0x00000001) c.nop
core   0: 3 0x800017c2 (0x0001)
core   0: 0x800017c4 (0xfd3745e3) blt     a4, s3, pc - 54
core   0: 3 0x800017c4 (0xfd3745e3)
core   0: 0x8000178e (0x03d218b3) mulh    a7, tp, t4
core   0: 3 0x8000178e (0x03d218b3) x17 0x00000000
core   0: 0x80001792 (0x00000001) c.nop
core   0: 3 0x80001792 (0x0001)
core   0: 0x80001794 (0x00009146) c.add   sp, a7
core   0: 3 0x80001794 (0x9146) x2  0x80025fee
core   0: 0x80001796 (0x013a5393) srli    t2, s4, 19
core   0: 3 0x80001796 (0x013a5393) x7  0x00001fff
core   0: 0x8000179a (0x00000709) c.addi  a4, 2
core   0: 3 0x8000179a (0x0709) x14 0x00000010
core   0: 0x8000179c (0x74f44d93) xori    s11, s0, 1871
core   0: 3 0x8000179c (0x74f44d93) x27 0x80029bab
core   0: 0x800017a0 (0x00004911) c.li    s2, 4
core   0: 3 0x800017a0 (0x4911) x18 0x00000004
core   0: 0x800017a2 (0x00000001) c.nop
core   0: 3 0x800017a2 (0x0001)
core   0: 0x800017a4 (0x023c8ab3) mul     s5, s9, gp
core   0: 3 0x800017a4 (0x023c8ab3) x21 0x00000000
core   0: 0x800017a8 (0x00000001) c.nop
core   0: 3 0x800017a8 (0x0001)
core   0: 0x800017aa (0x017e8e33) add     t3, t4, s7
core   0: 3 0x800017aa (0x017e8e33) x28 0x00008000
core   0: 0x800017ae (0x000045a1) c.li    a1, 8
core   0: 3 0x800017ae (0x45a1) x11 0x00000008
core   0: 0x800017b0 (0x03798033) mul     zero, s3, s7
core   0: 3 0x800017b0 (0x03798033)
core   0: 0x800017b4 (0x7b9c0493) addi    s1, s8, 1977
core   0: 3 0x800017b4 (0x7b9c0493) x9  0xfba32b50
core   0: 0x800017b8 (0x023ab2b3) mulhu   t0, s5, gp
core   0: 3 0x800017b8 (0x023ab2b3) x5  0x00000000
core   0: 0x800017bc (0x00000909) c.addi  s2, 2
core   0: 3 0x800017bc (0x0909) x18 0x00000006
core   0: 0x800017be (0xfeb909e3) beq     s2, a1, pc - 14
core   0: 3 0x800017be (0xfeb909e3)
core   0: 0x800017c2 (0x00000001) c.nop
core   0: 3 0x800017c2 (0x0001)
core   0: 0x800017c4 (0xfd3745e3) blt     a4, s3, pc - 54
core   0: 3 0x800017c4 (0xfd3745e3)
core   0: 0x8000178e (0x03d218b3) mulh    a7, tp, t4
core   0: 3 0x8000178e (0x03d218b3) x17 0x00000000
core   0: 0x80001792 (0x00000001) c.nop
core   0: 3 0x80001792 (0x0001)
core   0: 0x80001794 (0x00009146) c.add   sp, a7
core   0: 3 0x80001794 (0x9146) x2  0x80025fee
core   0: 0x80001796 (0x013a5393) srli    t2, s4, 19
core   0: 3 0x80001796 (0x013a5393) x7  0x00001fff
core   0: 0x8000179a (0x00000709) c.addi  a4, 2
core   0: 3 0x8000179a (0x0709) x14 0x00000012
core   0: 0x8000179c (0x74f44d93) xori    s11, s0, 1871
core   0: 3 0x8000179c (0x74f44d93) x27 0x80029bab
core   0: 0x800017a0 (0x00004911) c.li    s2, 4
core   0: 3 0x800017a0 (0x4911) x18 0x00000004
core   0: 0x800017a2 (0x00000001) c.nop
core   0: 3 0x800017a2 (0x0001)
core   0: 0x800017a4 (0x023c8ab3) mul     s5, s9, gp
core   0: 3 0x800017a4 (0x023c8ab3) x21 0x00000000
core   0: 0x800017a8 (0x00000001) c.nop
core   0: 3 0x800017a8 (0x0001)
core   0: 0x800017aa (0x017e8e33) add     t3, t4, s7
core   0: 3 0x800017aa (0x017e8e33) x28 0x00008000
core   0: 0x800017ae (0x000045a1) c.li    a1, 8
core   0: 3 0x800017ae (0x45a1) x11 0x00000008
core   0: 0x800017b0 (0x03798033) mul     zero, s3, s7
core   0: 3 0x800017b0 (0x03798033)
core   0: 0x800017b4 (0x7b9c0493) addi    s1, s8, 1977
core   0: 3 0x800017b4 (0x7b9c0493) x9  0xfba32b50
core   0: 0x800017b8 (0x023ab2b3) mulhu   t0, s5, gp
core   0: 3 0x800017b8 (0x023ab2b3) x5  0x00000000
core   0: 0x800017bc (0x00000909) c.addi  s2, 2
core   0: 3 0x800017bc (0x0909) x18 0x00000006
core   0: 0x800017be (0xfeb909e3) beq     s2, a1, pc - 14
core   0: 3 0x800017be (0xfeb909e3)
core   0: 0x800017c2 (0x00000001) c.nop
core   0: 3 0x800017c2 (0x0001)
core   0: 0x800017c4 (0xfd3745e3) blt     a4, s3, pc - 54
core   0: 3 0x800017c4 (0xfd3745e3)
core   0: 0x8000178e (0x03d218b3) mulh    a7, tp, t4
core   0: 3 0x8000178e (0x03d218b3) x17 0x00000000
core   0: 0x80001792 (0x00000001) c.nop
core   0: 3 0x80001792 (0x0001)
core   0: 0x80001794 (0x00009146) c.add   sp, a7
core   0: 3 0x80001794 (0x9146) x2  0x80025fee
core   0: 0x80001796 (0x013a5393) srli    t2, s4, 19
core   0: 3 0x80001796 (0x013a5393) x7  0x00001fff
core   0: 0x8000179a (0x00000709) c.addi  a4, 2
core   0: 3 0x8000179a (0x0709) x14 0x00000014
core   0: 0x8000179c (0x74f44d93) xori    s11, s0, 1871
core   0: 3 0x8000179c (0x74f44d93) x27 0x80029bab
core   0: 0x800017a0 (0x00004911) c.li    s2, 4
core   0: 3 0x800017a0 (0x4911) x18 0x00000004
core   0: 0x800017a2 (0x00000001) c.nop
core   0: 3 0x800017a2 (0x0001)
core   0: 0x800017a4 (0x023c8ab3) mul     s5, s9, gp
core   0: 3 0x800017a4 (0x023c8ab3) x21 0x00000000
core   0: 0x800017a8 (0x00000001) c.nop
core   0: 3 0x800017a8 (0x0001)
core   0: 0x800017aa (0x017e8e33) add     t3, t4, s7
core   0: 3 0x800017aa (0x017e8e33) x28 0x00008000
core   0: 0x800017ae (0x000045a1) c.li    a1, 8
core   0: 3 0x800017ae (0x45a1) x11 0x00000008
core   0: 0x800017b0 (0x03798033) mul     zero, s3, s7
core   0: 3 0x800017b0 (0x03798033)
core   0: 0x800017b4 (0x7b9c0493) addi    s1, s8, 1977
core   0: 3 0x800017b4 (0x7b9c0493) x9  0xfba32b50
core   0: 0x800017b8 (0x023ab2b3) mulhu   t0, s5, gp
core   0: 3 0x800017b8 (0x023ab2b3) x5  0x00000000
core   0: 0x800017bc (0x00000909) c.addi  s2, 2
core   0: 3 0x800017bc (0x0909) x18 0x00000006
core   0: 0x800017be (0xfeb909e3) beq     s2, a1, pc - 14
core   0: 3 0x800017be (0xfeb909e3)
core   0: 0x800017c2 (0x00000001) c.nop
core   0: 3 0x800017c2 (0x0001)
core   0: 0x800017c4 (0xfd3745e3) blt     a4, s3, pc - 54
core   0: 3 0x800017c4 (0xfd3745e3)
core   0: 0x800017c8 (0x893af613) andi    a2, s5, -1901
core   0: 3 0x800017c8 (0x893af613) x12 0x00000000
core   0: 0x800017cc (0x000054fd) c.li    s1, -1
core   0: 3 0x800017cc (0x54fd) x9  0xffffffff
core   0: 0x800017ce (0x0000824d) c.srli  a2, 19
core   0: 3 0x800017ce (0x824d) x12 0x00000000
core   0: 0x800017d0 (0x00000001) c.nop
core   0: 3 0x800017d0 (0x0001)
core   0: 0x800017d2 (0x00000d0c) c.addi4spn a1, sp, 656
core   0: 3 0x800017d2 (0x0d0c) x11 0x8002627e
core   0: 0x800017d4 (0xbca7fb13) andi    s6, a5, -1078
core   0: 3 0x800017d4 (0xbca7fb13) x22 0x00e70000
core   0: 0x800017d8 (0x006f77b3) and     a5, t5, t1
core   0: 3 0x800017d8 (0x006f77b3) x15 0x00000001
core   0: 0x800017dc (0x00000485) c.addi  s1, 1
core   0: 3 0x800017dc (0x0485) x9  0x00000000
core   0: 0x800017de (0x00000001) c.nop
core   0: 3 0x800017de (0x0001)
core   0: 0x800017e0 (0x00008755) c.srai  a4, 21
core   0: 3 0x800017e0 (0x8755) x14 0x00000000
core   0: 0x800017e2 (0x0000f8ed) c.bnez  s1, pc - 14
core   0: 3 0x800017e2 (0xf8ed)
core   0: 0x800017e4 (0x0242f3b3) remu    t2, t0, tp
core   0: 3 0x800017e4 (0x0242f3b3) x7  0x00000000
core   0: 0x800017e8 (0x000045a5) c.li    a1, 9
core   0: 3 0x800017e8 (0x45a5) x11 0x00000009
core   0: 0x800017ea (0x00008cb9) c.xor   s1, a4
core   0: 3 0x800017ea (0x8cb9) x9  0x00000000
core   0: 0x800017ec (0x00000001) c.nop
core   0: 3 0x800017ec (0x0001)
core   0: 0x800017ee (0x00ab4d33) xor     s10, s6, a0
core   0: 3 0x800017ee (0x00ab4d33) x26 0x40e62afd
core   0: 0x800017f2 (0x0358b333) mulhu   t1, a7, s5
core   0: 3 0x800017f2 (0x0358b333) x6  0x00000000
core   0: 0x800017f6 (0x000015f5) c.addi  a1, -3
core   0: 3 0x800017f6 (0x15f5) x11 0x00000006
core   0: 0x800017f8 (0x000064c9) c.lui   s1, 0x12
core   0: 3 0x800017f8 (0x64c9) x9  0x00012000
core   0: 0x800017fa (0x03db2933) mulhsu  s2, s6, t4
core   0: 3 0x800017fa (0x03db2933) x18 0x00000073
core   0: 0x800017fe (0x00004e95) c.li    t4, 5
core   0: 3 0x800017fe (0x4e95) x29 0x00000005
core   0: 0x80001800 (0x009db733) sltu    a4, s11, s1
core   0: 3 0x80001800 (0x009db733) x14 0x00000000
core   0: 0x80001804 (0x0000418d) c.li    gp, 3
core   0: 3 0x80001804 (0x418d) x3  0x00000003
core   0: 0x80001806 (0x00a19513) slli    a0, gp, 10
core   0: 3 0x80001806 (0x00a19513) x10 0x00000c00
core   0: 0x8000180a (0x0136db33) srl     s6, a3, s3
core   0: 3 0x8000180a (0x0136db33) x22 0x00001000
core   0: 0x8000180e (0x03c1cdb3) div     s11, gp, t3
core   0: 3 0x8000180e (0x03c1cdb3) x27 0x00000000
core   0: 0x80001812 (0x00008fb2) c.mv    t6, a2
core   0: 3 0x80001812 (0x8fb2) x31 0x00000000
core   0: 0x80001814 (0x00008561) c.srai  a0, 24
core   0: 3 0x80001814 (0x8561) x10 0x00000000
core   0: 0x80001816 (0x4b5ce293) ori     t0, s9, 1205
core   0: 3 0x80001816 (0x4b5ce293) x5  0x000004b7
core   0: 0x8000181a (0x00001ef9) c.addi  t4, -2
core   0: 3 0x8000181a (0x1ef9) x29 0x00000003
core   0: 0x8000181c (0xfe3ef9e3) bgeu    t4, gp, pc - 14
core   0: 3 0x8000181c (0xfe3ef9e3)
core   0: 0x8000180e (0x03c1cdb3) div     s11, gp, t3
core   0: 3 0x8000180e (0x03c1cdb3) x27 0x00000000
core   0: 0x80001812 (0x00008fb2) c.mv    t6, a2
core   0: 3 0x80001812 (0x8fb2) x31 0x00000000
core   0: 0x80001814 (0x00008561) c.srai  a0, 24
core   0: 3 0x80001814 (0x8561) x10 0x00000000
core   0: 0x80001816 (0x4b5ce293) ori     t0, s9, 1205
core   0: 3 0x80001816 (0x4b5ce293) x5  0x000004b7
core   0: 0x8000181a (0x00001ef9) c.addi  t4, -2
core   0: 3 0x8000181a (0x1ef9) x29 0x00000001
core   0: 0x8000181c (0xfe3ef9e3) bgeu    t4, gp, pc - 14
core   0: 3 0x8000181c (0xfe3ef9e3)
core   0: 0x80001820 (0x00000001) c.nop
core   0: 3 0x80001820 (0x0001)
core   0: 0x80001822 (0x0000d9e1) c.beqz  a1, pc - 48
core   0: 3 0x80001822 (0xd9e1)
core   0: 0x80001824 (0x03f93a33) mulhu   s4, s2, t6
core   0: 3 0x80001824 (0x03f93a33) x20 0x00000000
core   0: 0x80001828 (0x00004791) c.li    a5, 4
core   0: 3 0x80001828 (0x4791) x15 0x00000004
core   0: 0x8000182a (0x5dac54b7) lui     s1, 0x5dac5
core   0: 3 0x8000182a (0x5dac54b7) x9  0x5dac5000
core   0: 0x8000182e (0x00000001) c.nop
core   0: 3 0x8000182e (0x0001)
core   0: 0x80001830 (0x02f591b3) mulh    gp, a1, a5
core   0: 3 0x80001830 (0x02f591b3) x3  0x00000000
core   0: 0x80001834 (0x024bce33) div     t3, s7, tp
core   0: 3 0x80001834 (0x024bce33) x28 0xffffffff
core   0: 0x80001838 (0x00008c95) c.sub   s1, a3
core   0: 3 0x80001838 (0x8c95) x9  0xdda9f214
core   0: 0x8000183a (0x40815633) sra     a2, sp, s0
core   0: 3 0x8000183a (0x40815633) x12 0xf80025fe
core   0: 0x8000183e (0x0c682913) slti    s2, a6, 198
core   0: 3 0x8000183e (0x0c682913) x18 0x00000001
core   0: 0x80001842 (0x000081a2) c.mv    gp, s0
core   0: 3 0x80001842 (0x81a2) x3  0x80029ce4
core   0: 0x80001844 (0x00f0de33) srl     t3, ra, a5
core   0: 3 0x80001844 (0x00f0de33) x28 0x00000000
core   0: 0x80001848 (0x0000415d) c.li    sp, 23
core   0: 3 0x80001848 (0x415d) x2  0x00000017
core   0: 0x8000184a (0x02782533) mulhsu  a0, a6, t2
core   0: 3 0x8000184a (0x02782533) x10 0x00000000
core   0: 0x8000184e (0x00008e51) c.or    a2, a2
core   0: 3 0x8000184e (0x8e51) x12 0xf80025fe
core   0: 0x80001850 (0x02cd6eb3) rem     t4, s10, a2
core   0: 3 0x80001850 (0x02cd6eb3) x29 0x00e75aed
core   0: 0x80001854 (0xee6cf8b7) lui     a7, 0xee6cf
core   0: 3 0x80001854 (0xee6cf8b7) x17 0xee6cf000
core   0: 0x80001858 (0x00008e41) c.or    a2, s0
core   0: 3 0x80001858 (0x8e41) x12 0xf802bdfe
core   0: 0x8000185a (0x000010fd) c.addi  ra, -1
core   0: 3 0x8000185a (0x10fd) x1  0x00000003
core   0: 0x8000185c (0x000017f9) c.addi  a5, -2
core   0: 3 0x8000185c (0x17f9) x15 0x00000002
core   0: 0x8000185e (0x000015fd) c.addi  a1, -1
core   0: 3 0x8000185e (0x15fd) x11 0x00000005
core   0: 0x80001860 (0x000081ed) c.srli  a1, 27
core   0: 3 0x80001860 (0x81ed) x11 0x00000000
core   0: 0x80001862 (0x0000fbed) c.bnez  a5, pc - 14
core   0: 3 0x80001862 (0xfbed)
core   0: 0x80001854 (0xee6cf8b7) lui     a7, 0xee6cf
core   0: 3 0x80001854 (0xee6cf8b7) x17 0xee6cf000
core   0: 0x80001858 (0x00008e41) c.or    a2, s0
core   0: 3 0x80001858 (0x8e41) x12 0xf802bdfe
core   0: 0x8000185a (0x000010fd) c.addi  ra, -1
core   0: 3 0x8000185a (0x10fd) x1  0x00000002
core   0: 0x8000185c (0x000017f9) c.addi  a5, -2
core   0: 3 0x8000185c (0x17f9) x15 0x00000000
core   0: 0x8000185e (0x000015fd) c.addi  a1, -1
core   0: 3 0x8000185e (0x15fd) x11 0xffffffff
core   0: 0x80001860 (0x000081ed) c.srli  a1, 27
core   0: 3 0x80001860 (0x81ed) x11 0x0000001f
core   0: 0x80001862 (0x0000fbed) c.bnez  a5, pc - 14
core   0: 3 0x80001862 (0xfbed)
core   0: 0x80001864 (0x93165a37) lui     s4, 0x93165
core   0: 3 0x80001864 (0x93165a37) x20 0x93165000
core   0: 0x80001868 (0x000057fd) c.li    a5, -1
core   0: 3 0x80001868 (0x57fd) x15 0xffffffff
core   0: 0x8000186a (0x00006159) c.addi16sp sp, 400
core   0: 3 0x8000186a (0x6159) x2  0x000001a7
core   0: 0x8000186c (0x00000001) c.nop
core   0: 3 0x8000186c (0x0001)
core   0: 0x8000186e (0x02e57a33) remu    s4, a0, a4
core   0: 3 0x8000186e (0x02e57a33) x20 0x00000000
core   0: 0x80001872 (0x00006119) c.addi16sp sp, 384
core   0: 3 0x80001872 (0x6119) x2  0x00000327
core   0: 0x80001874 (0x000040bd) c.li    ra, 15
core   0: 3 0x80001874 (0x40bd) x1  0x0000000f
core   0: 0x80001876 (0x019e1f33) sll     t5, t3, s9
core   0: 3 0x80001876 (0x019e1f33) x30 0x00000000
core   0: 0x8000187a (0x00000001) c.nop
core   0: 3 0x8000187a (0x0001)
core   0: 0x8000187c (0x00006219) c.lui   tp, 0x6
core   0: 3 0x8000187c (0x6219) x4  0x00006000
core   0: 0x8000187e (0x415a54b3) sra     s1, s4, s5
core   0: 3 0x8000187e (0x415a54b3) x9  0x00000000
core   0: 0x80001882 (0x001cce33) xor     t3, s9, ra
core   0: 3 0x80001882 (0x001cce33) x28 0x00000009
core   0: 0x80001886 (0x0000079d) c.addi  a5, 7
core   0: 3 0x80001886 (0x079d) x15 0x00000006
core   0: 0x80001888 (0x0196be33) sltu    t3, a3, s9
core   0: 3 0x80001888 (0x0196be33) x28 0x00000000
core   0: 0x8000188c (0x00000001) c.nop
core   0: 3 0x8000188c (0x0001)
core   0: 0x8000188e (0x87ef4213) xori    tp, t5, -1922
core   0: 3 0x8000188e (0x87ef4213) x4  0xfffff87e
core   0: 0x80001892 (0x00004701) c.li    a4, 0
core   0: 3 0x80001892 (0x4701) x14 0x00000000
core   0: 0x80001894 (0x02f8e533) rem     a0, a7, a5
core   0: 3 0x80001894 (0x02f8e533) x10 0x00000000
core   0: 0x80001898 (0x00009a7d) c.andi  a2, -1
core   0: 3 0x80001898 (0x9a7d) x12 0xf802bdfe
core   0: 0x8000189a (0x000041cd) c.li    gp, 19
core   0: 3 0x8000189a (0x41cd) x3  0x00000013
core   0: 0x8000189c (0x000003a9) c.addi  t2, 10
core   0: 3 0x8000189c (0x03a9) x7  0x0000000a
core   0: 0x8000189e (0x0006ce33) xor     t3, a3, zero
core   0: 3 0x8000189e (0x0006ce33) x28 0x80025dec
core   0: 0x800018a2 (0x0394c633) div     a2, s1, s9
core   0: 3 0x800018a2 (0x0394c633) x12 0x00000000
core   0: 0x800018a6 (0x3ee40393) addi    t2, s0, 1006
core   0: 3 0x800018a6 (0x3ee40393) x7  0x8002a0d2
core   0: 0x800018aa (0x0000853d) c.srai  a0, 15
core   0: 3 0x800018aa (0x853d) x10 0x00000000
core   0: 0x800018ac (0x00000001) c.nop
core   0: 3 0x800018ac (0x0001)
core   0: 0x800018ae (0x0000587d) c.li    a6, -1
core   0: 3 0x800018ae (0x587d) x16 0xffffffff
core   0: 0x800018b0 (0x0000952e) c.add   a0, a1
core   0: 3 0x800018b0 (0x952e) x10 0x0000001f
core   0: 0x800018b2 (0x000092d2) c.add   t0, s4
core   0: 3 0x800018b2 (0x92d2) x5  0x000004b7
core   0: 0x800018b4 (0x00000711) c.addi  a4, 4
core   0: 3 0x800018b4 (0x0711) x14 0x00000004
core   0: 0x800018b6 (0x02d22933) mulhsu  s2, tp, a3
core   0: 3 0x800018b6 (0x02d22933) x18 0xfffffc3e
core   0: 0x800018ba (0x022914b3) mulh    s1, s2, sp
core   0: 3 0x800018ba (0x022914b3) x9  0xffffffff
core   0: 0x800018be (0xfe3764e3) bltu    a4, gp, pc - 24
core   0: 3 0x800018be (0xfe3764e3)
core   0: 0x800018a6 (0x3ee40393) addi    t2, s0, 1006
core   0: 3 0x800018a6 (0x3ee40393) x7  0x8002a0d2
core   0: 0x800018aa (0x0000853d) c.srai  a0, 15
core   0: 3 0x800018aa (0x853d) x10 0x00000000
core   0: 0x800018ac (0x00000001) c.nop
core   0: 3 0x800018ac (0x0001)
core   0: 0x800018ae (0x0000587d) c.li    a6, -1
core   0: 3 0x800018ae (0x587d) x16 0xffffffff
core   0: 0x800018b0 (0x0000952e) c.add   a0, a1
core   0: 3 0x800018b0 (0x952e) x10 0x0000001f
core   0: 0x800018b2 (0x000092d2) c.add   t0, s4
core   0: 3 0x800018b2 (0x92d2) x5  0x000004b7
core   0: 0x800018b4 (0x00000711) c.addi  a4, 4
core   0: 3 0x800018b4 (0x0711) x14 0x00000008
core   0: 0x800018b6 (0x02d22933) mulhsu  s2, tp, a3
core   0: 3 0x800018b6 (0x02d22933) x18 0xfffffc3e
core   0: 0x800018ba (0x022914b3) mulh    s1, s2, sp
core   0: 3 0x800018ba (0x022914b3) x9  0xffffffff
core   0: 0x800018be (0xfe3764e3) bltu    a4, gp, pc - 24
core   0: 3 0x800018be (0xfe3764e3)
core   0: 0x800018a6 (0x3ee40393) addi    t2, s0, 1006
core   0: 3 0x800018a6 (0x3ee40393) x7  0x8002a0d2
core   0: 0x800018aa (0x0000853d) c.srai  a0, 15
core   0: 3 0x800018aa (0x853d) x10 0x00000000
core   0: 0x800018ac (0x00000001) c.nop
core   0: 3 0x800018ac (0x0001)
core   0: 0x800018ae (0x0000587d) c.li    a6, -1
core   0: 3 0x800018ae (0x587d) x16 0xffffffff
core   0: 0x800018b0 (0x0000952e) c.add   a0, a1
core   0: 3 0x800018b0 (0x952e) x10 0x0000001f
core   0: 0x800018b2 (0x000092d2) c.add   t0, s4
core   0: 3 0x800018b2 (0x92d2) x5  0x000004b7
core   0: 0x800018b4 (0x00000711) c.addi  a4, 4
core   0: 3 0x800018b4 (0x0711) x14 0x0000000c
core   0: 0x800018b6 (0x02d22933) mulhsu  s2, tp, a3
core   0: 3 0x800018b6 (0x02d22933) x18 0xfffffc3e
core   0: 0x800018ba (0x022914b3) mulh    s1, s2, sp
core   0: 3 0x800018ba (0x022914b3) x9  0xffffffff
core   0: 0x800018be (0xfe3764e3) bltu    a4, gp, pc - 24
core   0: 3 0x800018be (0xfe3764e3)
core   0: 0x800018a6 (0x3ee40393) addi    t2, s0, 1006
core   0: 3 0x800018a6 (0x3ee40393) x7  0x8002a0d2
core   0: 0x800018aa (0x0000853d) c.srai  a0, 15
core   0: 3 0x800018aa (0x853d) x10 0x00000000
core   0: 0x800018ac (0x00000001) c.nop
core   0: 3 0x800018ac (0x0001)
core   0: 0x800018ae (0x0000587d) c.li    a6, -1
core   0: 3 0x800018ae (0x587d) x16 0xffffffff
core   0: 0x800018b0 (0x0000952e) c.add   a0, a1
core   0: 3 0x800018b0 (0x952e) x10 0x0000001f
core   0: 0x800018b2 (0x000092d2) c.add   t0, s4
core   0: 3 0x800018b2 (0x92d2) x5  0x000004b7
core   0: 0x800018b4 (0x00000711) c.addi  a4, 4
core   0: 3 0x800018b4 (0x0711) x14 0x00000010
core   0: 0x800018b6 (0x02d22933) mulhsu  s2, tp, a3
core   0: 3 0x800018b6 (0x02d22933) x18 0xfffffc3e
core   0: 0x800018ba (0x022914b3) mulh    s1, s2, sp
core   0: 3 0x800018ba (0x022914b3) x9  0xffffffff
core   0: 0x800018be (0xfe3764e3) bltu    a4, gp, pc - 24
core   0: 3 0x800018be (0xfe3764e3)
core   0: 0x800018a6 (0x3ee40393) addi    t2, s0, 1006
core   0: 3 0x800018a6 (0x3ee40393) x7  0x8002a0d2
core   0: 0x800018aa (0x0000853d) c.srai  a0, 15
core   0: 3 0x800018aa (0x853d) x10 0x00000000
core   0: 0x800018ac (0x00000001) c.nop
core   0: 3 0x800018ac (0x0001)
core   0: 0x800018ae (0x0000587d) c.li    a6, -1
core   0: 3 0x800018ae (0x587d) x16 0xffffffff
core   0: 0x800018b0 (0x0000952e) c.add   a0, a1
core   0: 3 0x800018b0 (0x952e) x10 0x0000001f
core   0: 0x800018b2 (0x000092d2) c.add   t0, s4
core   0: 3 0x800018b2 (0x92d2) x5  0x000004b7
core   0: 0x800018b4 (0x00000711) c.addi  a4, 4
core   0: 3 0x800018b4 (0x0711) x14 0x00000014
core   0: 0x800018b6 (0x02d22933) mulhsu  s2, tp, a3
core   0: 3 0x800018b6 (0x02d22933) x18 0xfffffc3e
core   0: 0x800018ba (0x022914b3) mulh    s1, s2, sp
core   0: 3 0x800018ba (0x022914b3) x9  0xffffffff
core   0: 0x800018be (0xfe3764e3) bltu    a4, gp, pc - 24
core   0: 3 0x800018be (0xfe3764e3)
core   0: 0x800018c2 (0xfa17ece3) bltu    a5, ra, pc - 72
core   0: 3 0x800018c2 (0xfa17ece3)
core   0: 0x8000187a (0x00000001) c.nop
core   0: 3 0x8000187a (0x0001)
core   0: 0x8000187c (0x00006219) c.lui   tp, 0x6
core   0: 3 0x8000187c (0x6219) x4  0x00006000
core   0: 0x8000187e (0x415a54b3) sra     s1, s4, s5
core   0: 3 0x8000187e (0x415a54b3) x9  0x00000000
core   0: 0x80001882 (0x001cce33) xor     t3, s9, ra
core   0: 3 0x80001882 (0x001cce33) x28 0x00000009
core   0: 0x80001886 (0x0000079d) c.addi  a5, 7
core   0: 3 0x80001886 (0x079d) x15 0x0000000d
core   0: 0x80001888 (0x0196be33) sltu    t3, a3, s9
core   0: 3 0x80001888 (0x0196be33) x28 0x00000000
core   0: 0x8000188c (0x00000001) c.nop
core   0: 3 0x8000188c (0x0001)
core   0: 0x8000188e (0x87ef4213) xori    tp, t5, -1922
core   0: 3 0x8000188e (0x87ef4213) x4  0xfffff87e
core   0: 0x80001892 (0x00004701) c.li    a4, 0
core   0: 3 0x80001892 (0x4701) x14 0x00000000
core   0: 0x80001894 (0x02f8e533) rem     a0, a7, a5
core   0: 3 0x80001894 (0x02f8e533) x10 0xfffffffc
core   0: 0x80001898 (0x00009a7d) c.andi  a2, -1
core   0: 3 0x80001898 (0x9a7d) x12 0x00000000
core   0: 0x8000189a (0x000041cd) c.li    gp, 19
core   0: 3 0x8000189a (0x41cd) x3  0x00000013
core   0: 0x8000189c (0x000003a9) c.addi  t2, 10
core   0: 3 0x8000189c (0x03a9) x7  0x8002a0dc
core   0: 0x8000189e (0x0006ce33) xor     t3, a3, zero
core   0: 3 0x8000189e (0x0006ce33) x28 0x80025dec
core   0: 0x800018a2 (0x0394c633) div     a2, s1, s9
core   0: 3 0x800018a2 (0x0394c633) x12 0x00000000
core   0: 0x800018a6 (0x3ee40393) addi    t2, s0, 1006
core   0: 3 0x800018a6 (0x3ee40393) x7  0x8002a0d2
core   0: 0x800018aa (0x0000853d) c.srai  a0, 15
core   0: 3 0x800018aa (0x853d) x10 0xffffffff
core   0: 0x800018ac (0x00000001) c.nop
core   0: 3 0x800018ac (0x0001)
core   0: 0x800018ae (0x0000587d) c.li    a6, -1
core   0: 3 0x800018ae (0x587d) x16 0xffffffff
core   0: 0x800018b0 (0x0000952e) c.add   a0, a1
core   0: 3 0x800018b0 (0x952e) x10 0x0000001e
core   0: 0x800018b2 (0x000092d2) c.add   t0, s4
core   0: 3 0x800018b2 (0x92d2) x5  0x000004b7
core   0: 0x800018b4 (0x00000711) c.addi  a4, 4
core   0: 3 0x800018b4 (0x0711) x14 0x00000004
core   0: 0x800018b6 (0x02d22933) mulhsu  s2, tp, a3
core   0: 3 0x800018b6 (0x02d22933) x18 0xfffffc3e
core   0: 0x800018ba (0x022914b3) mulh    s1, s2, sp
core   0: 3 0x800018ba (0x022914b3) x9  0xffffffff
core   0: 0x800018be (0xfe3764e3) bltu    a4, gp, pc - 24
core   0: 3 0x800018be (0xfe3764e3)
core   0: 0x800018a6 (0x3ee40393) addi    t2, s0, 1006
core   0: 3 0x800018a6 (0x3ee40393) x7  0x8002a0d2
core   0: 0x800018aa (0x0000853d) c.srai  a0, 15
core   0: 3 0x800018aa (0x853d) x10 0x00000000
core   0: 0x800018ac (0x00000001) c.nop
core   0: 3 0x800018ac (0x0001)
core   0: 0x800018ae (0x0000587d) c.li    a6, -1
core   0: 3 0x800018ae (0x587d) x16 0xffffffff
core   0: 0x800018b0 (0x0000952e) c.add   a0, a1
core   0: 3 0x800018b0 (0x952e) x10 0x0000001f
core   0: 0x800018b2 (0x000092d2) c.add   t0, s4
core   0: 3 0x800018b2 (0x92d2) x5  0x000004b7
core   0: 0x800018b4 (0x00000711) c.addi  a4, 4
core   0: 3 0x800018b4 (0x0711) x14 0x00000008
core   0: 0x800018b6 (0x02d22933) mulhsu  s2, tp, a3
core   0: 3 0x800018b6 (0x02d22933) x18 0xfffffc3e
core   0: 0x800018ba (0x022914b3) mulh    s1, s2, sp
core   0: 3 0x800018ba (0x022914b3) x9  0xffffffff
core   0: 0x800018be (0xfe3764e3) bltu    a4, gp, pc - 24
core   0: 3 0x800018be (0xfe3764e3)
core   0: 0x800018a6 (0x3ee40393) addi    t2, s0, 1006
core   0: 3 0x800018a6 (0x3ee40393) x7  0x8002a0d2
core   0: 0x800018aa (0x0000853d) c.srai  a0, 15
core   0: 3 0x800018aa (0x853d) x10 0x00000000
core   0: 0x800018ac (0x00000001) c.nop
core   0: 3 0x800018ac (0x0001)
core   0: 0x800018ae (0x0000587d) c.li    a6, -1
core   0: 3 0x800018ae (0x587d) x16 0xffffffff
core   0: 0x800018b0 (0x0000952e) c.add   a0, a1
core   0: 3 0x800018b0 (0x952e) x10 0x0000001f
core   0: 0x800018b2 (0x000092d2) c.add   t0, s4
core   0: 3 0x800018b2 (0x92d2) x5  0x000004b7
core   0: 0x800018b4 (0x00000711) c.addi  a4, 4
core   0: 3 0x800018b4 (0x0711) x14 0x0000000c
core   0: 0x800018b6 (0x02d22933) mulhsu  s2, tp, a3
core   0: 3 0x800018b6 (0x02d22933) x18 0xfffffc3e
core   0: 0x800018ba (0x022914b3) mulh    s1, s2, sp
core   0: 3 0x800018ba (0x022914b3) x9  0xffffffff
core   0: 0x800018be (0xfe3764e3) bltu    a4, gp, pc - 24
core   0: 3 0x800018be (0xfe3764e3)
core   0: 0x800018a6 (0x3ee40393) addi    t2, s0, 1006
core   0: 3 0x800018a6 (0x3ee40393) x7  0x8002a0d2
core   0: 0x800018aa (0x0000853d) c.srai  a0, 15
core   0: 3 0x800018aa (0x853d) x10 0x00000000
core   0: 0x800018ac (0x00000001) c.nop
core   0: 3 0x800018ac (0x0001)
core   0: 0x800018ae (0x0000587d) c.li    a6, -1
core   0: 3 0x800018ae (0x587d) x16 0xffffffff
core   0: 0x800018b0 (0x0000952e) c.add   a0, a1
core   0: 3 0x800018b0 (0x952e) x10 0x0000001f
core   0: 0x800018b2 (0x000092d2) c.add   t0, s4
core   0: 3 0x800018b2 (0x92d2) x5  0x000004b7
core   0: 0x800018b4 (0x00000711) c.addi  a4, 4
core   0: 3 0x800018b4 (0x0711) x14 0x00000010
core   0: 0x800018b6 (0x02d22933) mulhsu  s2, tp, a3
core   0: 3 0x800018b6 (0x02d22933) x18 0xfffffc3e
core   0: 0x800018ba (0x022914b3) mulh    s1, s2, sp
core   0: 3 0x800018ba (0x022914b3) x9  0xffffffff
core   0: 0x800018be (0xfe3764e3) bltu    a4, gp, pc - 24
core   0: 3 0x800018be (0xfe3764e3)
core   0: 0x800018a6 (0x3ee40393) addi    t2, s0, 1006
core   0: 3 0x800018a6 (0x3ee40393) x7  0x8002a0d2
core   0: 0x800018aa (0x0000853d) c.srai  a0, 15
core   0: 3 0x800018aa (0x853d) x10 0x00000000
core   0: 0x800018ac (0x00000001) c.nop
core   0: 3 0x800018ac (0x0001)
core   0: 0x800018ae (0x0000587d) c.li    a6, -1
core   0: 3 0x800018ae (0x587d) x16 0xffffffff
core   0: 0x800018b0 (0x0000952e) c.add   a0, a1
core   0: 3 0x800018b0 (0x952e) x10 0x0000001f
core   0: 0x800018b2 (0x000092d2) c.add   t0, s4
core   0: 3 0x800018b2 (0x92d2) x5  0x000004b7
core   0: 0x800018b4 (0x00000711) c.addi  a4, 4
core   0: 3 0x800018b4 (0x0711) x14 0x00000014
core   0: 0x800018b6 (0x02d22933) mulhsu  s2, tp, a3
core   0: 3 0x800018b6 (0x02d22933) x18 0xfffffc3e
core   0: 0x800018ba (0x022914b3) mulh    s1, s2, sp
core   0: 3 0x800018ba (0x022914b3) x9  0xffffffff
core   0: 0x800018be (0xfe3764e3) bltu    a4, gp, pc - 24
core   0: 3 0x800018be (0xfe3764e3)
core   0: 0x800018c2 (0xfa17ece3) bltu    a5, ra, pc - 72
core   0: 3 0x800018c2 (0xfa17ece3)
core   0: 0x8000187a (0x00000001) c.nop
core   0: 3 0x8000187a (0x0001)
core   0: 0x8000187c (0x00006219) c.lui   tp, 0x6
core   0: 3 0x8000187c (0x6219) x4  0x00006000
core   0: 0x8000187e (0x415a54b3) sra     s1, s4, s5
core   0: 3 0x8000187e (0x415a54b3) x9  0x00000000
core   0: 0x80001882 (0x001cce33) xor     t3, s9, ra
core   0: 3 0x80001882 (0x001cce33) x28 0x00000009
core   0: 0x80001886 (0x0000079d) c.addi  a5, 7
core   0: 3 0x80001886 (0x079d) x15 0x00000014
core   0: 0x80001888 (0x0196be33) sltu    t3, a3, s9
core   0: 3 0x80001888 (0x0196be33) x28 0x00000000
core   0: 0x8000188c (0x00000001) c.nop
core   0: 3 0x8000188c (0x0001)
core   0: 0x8000188e (0x87ef4213) xori    tp, t5, -1922
core   0: 3 0x8000188e (0x87ef4213) x4  0xfffff87e
core   0: 0x80001892 (0x00004701) c.li    a4, 0
core   0: 3 0x80001892 (0x4701) x14 0x00000000
core   0: 0x80001894 (0x02f8e533) rem     a0, a7, a5
core   0: 3 0x80001894 (0x02f8e533) x10 0x00000000
core   0: 0x80001898 (0x00009a7d) c.andi  a2, -1
core   0: 3 0x80001898 (0x9a7d) x12 0x00000000
core   0: 0x8000189a (0x000041cd) c.li    gp, 19
core   0: 3 0x8000189a (0x41cd) x3  0x00000013
core   0: 0x8000189c (0x000003a9) c.addi  t2, 10
core   0: 3 0x8000189c (0x03a9) x7  0x8002a0dc
core   0: 0x8000189e (0x0006ce33) xor     t3, a3, zero
core   0: 3 0x8000189e (0x0006ce33) x28 0x80025dec
core   0: 0x800018a2 (0x0394c633) div     a2, s1, s9
core   0: 3 0x800018a2 (0x0394c633) x12 0x00000000
core   0: 0x800018a6 (0x3ee40393) addi    t2, s0, 1006
core   0: 3 0x800018a6 (0x3ee40393) x7  0x8002a0d2
core   0: 0x800018aa (0x0000853d) c.srai  a0, 15
core   0: 3 0x800018aa (0x853d) x10 0x00000000
core   0: 0x800018ac (0x00000001) c.nop
core   0: 3 0x800018ac (0x0001)
core   0: 0x800018ae (0x0000587d) c.li    a6, -1
core   0: 3 0x800018ae (0x587d) x16 0xffffffff
core   0: 0x800018b0 (0x0000952e) c.add   a0, a1
core   0: 3 0x800018b0 (0x952e) x10 0x0000001f
core   0: 0x800018b2 (0x000092d2) c.add   t0, s4
core   0: 3 0x800018b2 (0x92d2) x5  0x000004b7
core   0: 0x800018b4 (0x00000711) c.addi  a4, 4
core   0: 3 0x800018b4 (0x0711) x14 0x00000004
core   0: 0x800018b6 (0x02d22933) mulhsu  s2, tp, a3
core   0: 3 0x800018b6 (0x02d22933) x18 0xfffffc3e
core   0: 0x800018ba (0x022914b3) mulh    s1, s2, sp
core   0: 3 0x800018ba (0x022914b3) x9  0xffffffff
core   0: 0x800018be (0xfe3764e3) bltu    a4, gp, pc - 24
core   0: 3 0x800018be (0xfe3764e3)
core   0: 0x800018a6 (0x3ee40393) addi    t2, s0, 1006
core   0: 3 0x800018a6 (0x3ee40393) x7  0x8002a0d2
core   0: 0x800018aa (0x0000853d) c.srai  a0, 15
core   0: 3 0x800018aa (0x853d) x10 0x00000000
core   0: 0x800018ac (0x00000001) c.nop
core   0: 3 0x800018ac (0x0001)
core   0: 0x800018ae (0x0000587d) c.li    a6, -1
core   0: 3 0x800018ae (0x587d) x16 0xffffffff
core   0: 0x800018b0 (0x0000952e) c.add   a0, a1
core   0: 3 0x800018b0 (0x952e) x10 0x0000001f
core   0: 0x800018b2 (0x000092d2) c.add   t0, s4
core   0: 3 0x800018b2 (0x92d2) x5  0x000004b7
core   0: 0x800018b4 (0x00000711) c.addi  a4, 4
core   0: 3 0x800018b4 (0x0711) x14 0x00000008
core   0: 0x800018b6 (0x02d22933) mulhsu  s2, tp, a3
core   0: 3 0x800018b6 (0x02d22933) x18 0xfffffc3e
core   0: 0x800018ba (0x022914b3) mulh    s1, s2, sp
core   0: 3 0x800018ba (0x022914b3) x9  0xffffffff
core   0: 0x800018be (0xfe3764e3) bltu    a4, gp, pc - 24
core   0: 3 0x800018be (0xfe3764e3)
core   0: 0x800018a6 (0x3ee40393) addi    t2, s0, 1006
core   0: 3 0x800018a6 (0x3ee40393) x7  0x8002a0d2
core   0: 0x800018aa (0x0000853d) c.srai  a0, 15
core   0: 3 0x800018aa (0x853d) x10 0x00000000
core   0: 0x800018ac (0x00000001) c.nop
core   0: 3 0x800018ac (0x0001)
core   0: 0x800018ae (0x0000587d) c.li    a6, -1
core   0: 3 0x800018ae (0x587d) x16 0xffffffff
core   0: 0x800018b0 (0x0000952e) c.add   a0, a1
core   0: 3 0x800018b0 (0x952e) x10 0x0000001f
core   0: 0x800018b2 (0x000092d2) c.add   t0, s4
core   0: 3 0x800018b2 (0x92d2) x5  0x000004b7
core   0: 0x800018b4 (0x00000711) c.addi  a4, 4
core   0: 3 0x800018b4 (0x0711) x14 0x0000000c
core   0: 0x800018b6 (0x02d22933) mulhsu  s2, tp, a3
core   0: 3 0x800018b6 (0x02d22933) x18 0xfffffc3e
core   0: 0x800018ba (0x022914b3) mulh    s1, s2, sp
core   0: 3 0x800018ba (0x022914b3) x9  0xffffffff
core   0: 0x800018be (0xfe3764e3) bltu    a4, gp, pc - 24
core   0: 3 0x800018be (0xfe3764e3)
core   0: 0x800018a6 (0x3ee40393) addi    t2, s0, 1006
core   0: 3 0x800018a6 (0x3ee40393) x7  0x8002a0d2
core   0: 0x800018aa (0x0000853d) c.srai  a0, 15
core   0: 3 0x800018aa (0x853d) x10 0x00000000
core   0: 0x800018ac (0x00000001) c.nop
core   0: 3 0x800018ac (0x0001)
core   0: 0x800018ae (0x0000587d) c.li    a6, -1
core   0: 3 0x800018ae (0x587d) x16 0xffffffff
core   0: 0x800018b0 (0x0000952e) c.add   a0, a1
core   0: 3 0x800018b0 (0x952e) x10 0x0000001f
core   0: 0x800018b2 (0x000092d2) c.add   t0, s4
core   0: 3 0x800018b2 (0x92d2) x5  0x000004b7
core   0: 0x800018b4 (0x00000711) c.addi  a4, 4
core   0: 3 0x800018b4 (0x0711) x14 0x00000010
core   0: 0x800018b6 (0x02d22933) mulhsu  s2, tp, a3
core   0: 3 0x800018b6 (0x02d22933) x18 0xfffffc3e
core   0: 0x800018ba (0x022914b3) mulh    s1, s2, sp
core   0: 3 0x800018ba (0x022914b3) x9  0xffffffff
core   0: 0x800018be (0xfe3764e3) bltu    a4, gp, pc - 24
core   0: 3 0x800018be (0xfe3764e3)
core   0: 0x800018a6 (0x3ee40393) addi    t2, s0, 1006
core   0: 3 0x800018a6 (0x3ee40393) x7  0x8002a0d2
core   0: 0x800018aa (0x0000853d) c.srai  a0, 15
core   0: 3 0x800018aa (0x853d) x10 0x00000000
core   0: 0x800018ac (0x00000001) c.nop
core   0: 3 0x800018ac (0x0001)
core   0: 0x800018ae (0x0000587d) c.li    a6, -1
core   0: 3 0x800018ae (0x587d) x16 0xffffffff
core   0: 0x800018b0 (0x0000952e) c.add   a0, a1
core   0: 3 0x800018b0 (0x952e) x10 0x0000001f
core   0: 0x800018b2 (0x000092d2) c.add   t0, s4
core   0: 3 0x800018b2 (0x92d2) x5  0x000004b7
core   0: 0x800018b4 (0x00000711) c.addi  a4, 4
core   0: 3 0x800018b4 (0x0711) x14 0x00000014
core   0: 0x800018b6 (0x02d22933) mulhsu  s2, tp, a3
core   0: 3 0x800018b6 (0x02d22933) x18 0xfffffc3e
core   0: 0x800018ba (0x022914b3) mulh    s1, s2, sp
core   0: 3 0x800018ba (0x022914b3) x9  0xffffffff
core   0: 0x800018be (0xfe3764e3) bltu    a4, gp, pc - 24
core   0: 3 0x800018be (0xfe3764e3)
core   0: 0x800018c2 (0xfa17ece3) bltu    a5, ra, pc - 72
core   0: 3 0x800018c2 (0xfa17ece3)
core   0: 0x800018c6 (0x00008e11) c.sub   a2, a2
core   0: 3 0x800018c6 (0x8e11) x12 0x00000000
core   0: 0x800018c8 (0x000054d9) c.li    s1, -10
core   0: 3 0x800018c8 (0x54d9) x9  0xfffffff6
core   0: 0x800018ca (0x00008ff9) c.and   a5, a4
core   0: 3 0x800018ca (0x8ff9) x15 0x00000014
core   0: 0x800018cc (0x29577613) andi    a2, a4, 661
core   0: 3 0x800018cc (0x29577613) x12 0x00000014
core   0: 0x800018d0 (0xee6afd13) andi    s10, s5, -282
core   0: 3 0x800018d0 (0xee6afd13) x26 0x00000000
core   0: 0x800018d4 (0x00000001) c.nop
core   0: 3 0x800018d4 (0x0001)
core   0: 0x800018d6 (0x31dc8b13) addi    s6, s9, 797
core   0: 3 0x800018d6 (0x31dc8b13) x22 0x00000323
core   0: 0x800018da (0x021d3933) mulhu   s2, s10, ra
core   0: 3 0x800018da (0x021d3933) x18 0x00000000
core   0: 0x800018de (0x23277593) andi    a1, a4, 562
core   0: 3 0x800018de (0x23277593) x11 0x00000010
core   0: 0x800018e2 (0x00008e75) c.and   a2, a3
core   0: 3 0x800018e2 (0x8e75) x12 0x00000004
core   0: 0x800018e4 (0x02791ab3) mulh    s5, s2, t2
core   0: 3 0x800018e4 (0x02791ab3) x21 0x00000000
core   0: 0x800018e8 (0x00000346) c.slli  t1, 17
core   0: 3 0x800018e8 (0x0346) x6  0x00000000
core   0: 0x800018ea (0x00000485) c.addi  s1, 1
core   0: 3 0x800018ea (0x0485) x9  0xfffffff7
core   0: 0x800018ec (0x68d20a13) addi    s4, tp, 1677
core   0: 3 0x800018ec (0x68d20a13) x20 0xffffff0b
core   0: 0x800018f0 (0x00c542b3) xor     t0, a0, a2
core   0: 3 0x800018f0 (0x00c542b3) x5  0x0000001b
core   0: 0x800018f4 (0x004048b3) xor     a7, zero, tp
core   0: 3 0x800018f4 (0x004048b3) x17 0xfffff87e
core   0: 0x800018f8 (0x000099fd) c.andi  a1, -1
core   0: 3 0x800018f8 (0x99fd) x11 0x00000010
core   0: 0x800018fa (0x0000109c) c.addi4spn a5, sp, 96
core   0: 3 0x800018fa (0x109c) x15 0x00000387
core   0: 0x800018fc (0x03d143b3) div     t2, sp, t4
core   0: 3 0x800018fc (0x03d143b3) x7  0x00000000
core   0: 0x80001900 (0x007a15b3) sll     a1, s4, t2
core   0: 3 0x80001900 (0x007a15b3) x11 0xffffff0b
core   0: 0x80001904 (0x02a679b3) remu    s3, a2, a0
core   0: 3 0x80001904 (0x02a679b3) x19 0x00000004
core   0: 0x80001908 (0x00008d11) c.sub   a0, a2
core   0: 3 0x80001908 (0x8d11) x10 0x0000001b
core   0: 0x8000190a (0x00008e7d) c.and   a2, a5
core   0: 3 0x8000190a (0x8e7d) x12 0x00000004
core   0: 0x8000190c (0x40305513) srai    a0, zero, 3
core   0: 3 0x8000190c (0x40305513) x10 0x00000000
core   0: 0x80001910 (0x005c38b3) sltu    a7, s8, t0
core   0: 3 0x80001910 (0x005c38b3) x17 0x00000000
core   0: 0x80001914 (0xabaea637) lui     a2, 0xabaea
core   0: 3 0x80001914 (0xabaea637) x12 0xabaea000
core   0: 0x80001918 (0x40a80733) sub     a4, a6, a0
core   0: 3 0x80001918 (0x40a80733) x14 0xffffffff
core   0: 0x8000191c (0x00008e6a) c.mv    t3, s10
core   0: 3 0x8000191c (0x8e6a) x28 0x00000000
core   0: 0x8000191e (0x0000f0e1) c.bnez  s1, pc - 64
core   0: 3 0x8000191e (0xf0e1)
core   0: 0x800018de (0x23277593) andi    a1, a4, 562
core   0: 3 0x800018de (0x23277593) x11 0x00000232
core   0: 0x800018e2 (0x00008e75) c.and   a2, a3
core   0: 3 0x800018e2 (0x8e75) x12 0x80020000
core   0: 0x800018e4 (0x02791ab3) mulh    s5, s2, t2
core   0: 3 0x800018e4 (0x02791ab3) x21 0x00000000
core   0: 0x800018e8 (0x00000346) c.slli  t1, 17
core   0: 3 0x800018e8 (0x0346) x6  0x00000000
core   0: 0x800018ea (0x00000485) c.addi  s1, 1
core   0: 3 0x800018ea (0x0485) x9  0xfffffff8
core   0: 0x800018ec (0x68d20a13) addi    s4, tp, 1677
core   0: 3 0x800018ec (0x68d20a13) x20 0xffffff0b
core   0: 0x800018f0 (0x00c542b3) xor     t0, a0, a2
core   0: 3 0x800018f0 (0x00c542b3) x5  0x80020000
core   0: 0x800018f4 (0x004048b3) xor     a7, zero, tp
core   0: 3 0x800018f4 (0x004048b3) x17 0xfffff87e
core   0: 0x800018f8 (0x000099fd) c.andi  a1, -1
core   0: 3 0x800018f8 (0x99fd) x11 0x00000232
core   0: 0x800018fa (0x0000109c) c.addi4spn a5, sp, 96
core   0: 3 0x800018fa (0x109c) x15 0x00000387
core   0: 0x800018fc (0x03d143b3) div     t2, sp, t4
core   0: 3 0x800018fc (0x03d143b3) x7  0x00000000
core   0: 0x80001900 (0x007a15b3) sll     a1, s4, t2
core   0: 3 0x80001900 (0x007a15b3) x11 0xffffff0b
core   0: 0x80001904 (0x02a679b3) remu    s3, a2, a0
core   0: 3 0x80001904 (0x02a679b3) x19 0x80020000
core   0: 0x80001908 (0x00008d11) c.sub   a0, a2
core   0: 3 0x80001908 (0x8d11) x10 0x7ffe0000
core   0: 0x8000190a (0x00008e7d) c.and   a2, a5
core   0: 3 0x8000190a (0x8e7d) x12 0x00000000
core   0: 0x8000190c (0x40305513) srai    a0, zero, 3
core   0: 3 0x8000190c (0x40305513) x10 0x00000000
core   0: 0x80001910 (0x005c38b3) sltu    a7, s8, t0
core   0: 3 0x80001910 (0x005c38b3) x17 0x00000000
core   0: 0x80001914 (0xabaea637) lui     a2, 0xabaea
core   0: 3 0x80001914 (0xabaea637) x12 0xabaea000
core   0: 0x80001918 (0x40a80733) sub     a4, a6, a0
core   0: 3 0x80001918 (0x40a80733) x14 0xffffffff
core   0: 0x8000191c (0x00008e6a) c.mv    t3, s10
core   0: 3 0x8000191c (0x8e6a) x28 0x00000000
core   0: 0x8000191e (0x0000f0e1) c.bnez  s1, pc - 64
core   0: 3 0x8000191e (0xf0e1)
core   0: 0x800018de (0x23277593) andi    a1, a4, 562
core   0: 3 0x800018de (0x23277593) x11 0x00000232
core   0: 0x800018e2 (0x00008e75) c.and   a2, a3
core   0: 3 0x800018e2 (0x8e75) x12 0x80020000
core   0: 0x800018e4 (0x02791ab3) mulh    s5, s2, t2
core   0: 3 0x800018e4 (0x02791ab3) x21 0x00000000
core   0: 0x800018e8 (0x00000346) c.slli  t1, 17
core   0: 3 0x800018e8 (0x0346) x6  0x00000000
core   0: 0x800018ea (0x00000485) c.addi  s1, 1
core   0: 3 0x800018ea (0x0485) x9  0xfffffff9
core   0: 0x800018ec (0x68d20a13) addi    s4, tp, 1677
core   0: 3 0x800018ec (0x68d20a13) x20 0xffffff0b
core   0: 0x800018f0 (0x00c542b3) xor     t0, a0, a2
core   0: 3 0x800018f0 (0x00c542b3) x5  0x80020000
core   0: 0x800018f4 (0x004048b3) xor     a7, zero, tp
core   0: 3 0x800018f4 (0x004048b3) x17 0xfffff87e
core   0: 0x800018f8 (0x000099fd) c.andi  a1, -1
core   0: 3 0x800018f8 (0x99fd) x11 0x00000232
core   0: 0x800018fa (0x0000109c) c.addi4spn a5, sp, 96
core   0: 3 0x800018fa (0x109c) x15 0x00000387
core   0: 0x800018fc (0x03d143b3) div     t2, sp, t4
core   0: 3 0x800018fc (0x03d143b3) x7  0x00000000
core   0: 0x80001900 (0x007a15b3) sll     a1, s4, t2
core   0: 3 0x80001900 (0x007a15b3) x11 0xffffff0b
core   0: 0x80001904 (0x02a679b3) remu    s3, a2, a0
core   0: 3 0x80001904 (0x02a679b3) x19 0x80020000
core   0: 0x80001908 (0x00008d11) c.sub   a0, a2
core   0: 3 0x80001908 (0x8d11) x10 0x7ffe0000
core   0: 0x8000190a (0x00008e7d) c.and   a2, a5
core   0: 3 0x8000190a (0x8e7d) x12 0x00000000
core   0: 0x8000190c (0x40305513) srai    a0, zero, 3
core   0: 3 0x8000190c (0x40305513) x10 0x00000000
core   0: 0x80001910 (0x005c38b3) sltu    a7, s8, t0
core   0: 3 0x80001910 (0x005c38b3) x17 0x00000000
core   0: 0x80001914 (0xabaea637) lui     a2, 0xabaea
core   0: 3 0x80001914 (0xabaea637) x12 0xabaea000
core   0: 0x80001918 (0x40a80733) sub     a4, a6, a0
core   0: 3 0x80001918 (0x40a80733) x14 0xffffffff
core   0: 0x8000191c (0x00008e6a) c.mv    t3, s10
core   0: 3 0x8000191c (0x8e6a) x28 0x00000000
core   0: 0x8000191e (0x0000f0e1) c.bnez  s1, pc - 64
core   0: 3 0x8000191e (0xf0e1)
core   0: 0x800018de (0x23277593) andi    a1, a4, 562
core   0: 3 0x800018de (0x23277593) x11 0x00000232
core   0: 0x800018e2 (0x00008e75) c.and   a2, a3
core   0: 3 0x800018e2 (0x8e75) x12 0x80020000
core   0: 0x800018e4 (0x02791ab3) mulh    s5, s2, t2
core   0: 3 0x800018e4 (0x02791ab3) x21 0x00000000
core   0: 0x800018e8 (0x00000346) c.slli  t1, 17
core   0: 3 0x800018e8 (0x0346) x6  0x00000000
core   0: 0x800018ea (0x00000485) c.addi  s1, 1
core   0: 3 0x800018ea (0x0485) x9  0xfffffffa
core   0: 0x800018ec (0x68d20a13) addi    s4, tp, 1677
core   0: 3 0x800018ec (0x68d20a13) x20 0xffffff0b
core   0: 0x800018f0 (0x00c542b3) xor     t0, a0, a2
core   0: 3 0x800018f0 (0x00c542b3) x5  0x80020000
core   0: 0x800018f4 (0x004048b3) xor     a7, zero, tp
core   0: 3 0x800018f4 (0x004048b3) x17 0xfffff87e
core   0: 0x800018f8 (0x000099fd) c.andi  a1, -1
core   0: 3 0x800018f8 (0x99fd) x11 0x00000232
core   0: 0x800018fa (0x0000109c) c.addi4spn a5, sp, 96
core   0: 3 0x800018fa (0x109c) x15 0x00000387
core   0: 0x800018fc (0x03d143b3) div     t2, sp, t4
core   0: 3 0x800018fc (0x03d143b3) x7  0x00000000
core   0: 0x80001900 (0x007a15b3) sll     a1, s4, t2
core   0: 3 0x80001900 (0x007a15b3) x11 0xffffff0b
core   0: 0x80001904 (0x02a679b3) remu    s3, a2, a0
core   0: 3 0x80001904 (0x02a679b3) x19 0x80020000
core   0: 0x80001908 (0x00008d11) c.sub   a0, a2
core   0: 3 0x80001908 (0x8d11) x10 0x7ffe0000
core   0: 0x8000190a (0x00008e7d) c.and   a2, a5
core   0: 3 0x8000190a (0x8e7d) x12 0x00000000
core   0: 0x8000190c (0x40305513) srai    a0, zero, 3
core   0: 3 0x8000190c (0x40305513) x10 0x00000000
core   0: 0x80001910 (0x005c38b3) sltu    a7, s8, t0
core   0: 3 0x80001910 (0x005c38b3) x17 0x00000000
core   0: 0x80001914 (0xabaea637) lui     a2, 0xabaea
core   0: 3 0x80001914 (0xabaea637) x12 0xabaea000
core   0: 0x80001918 (0x40a80733) sub     a4, a6, a0
core   0: 3 0x80001918 (0x40a80733) x14 0xffffffff
core   0: 0x8000191c (0x00008e6a) c.mv    t3, s10
core   0: 3 0x8000191c (0x8e6a) x28 0x00000000
core   0: 0x8000191e (0x0000f0e1) c.bnez  s1, pc - 64
core   0: 3 0x8000191e (0xf0e1)
core   0: 0x800018de (0x23277593) andi    a1, a4, 562
core   0: 3 0x800018de (0x23277593) x11 0x00000232
core   0: 0x800018e2 (0x00008e75) c.and   a2, a3
core   0: 3 0x800018e2 (0x8e75) x12 0x80020000
core   0: 0x800018e4 (0x02791ab3) mulh    s5, s2, t2
core   0: 3 0x800018e4 (0x02791ab3) x21 0x00000000
core   0: 0x800018e8 (0x00000346) c.slli  t1, 17
core   0: 3 0x800018e8 (0x0346) x6  0x00000000
core   0: 0x800018ea (0x00000485) c.addi  s1, 1
core   0: 3 0x800018ea (0x0485) x9  0xfffffffb
core   0: 0x800018ec (0x68d20a13) addi    s4, tp, 1677
core   0: 3 0x800018ec (0x68d20a13) x20 0xffffff0b
core   0: 0x800018f0 (0x00c542b3) xor     t0, a0, a2
core   0: 3 0x800018f0 (0x00c542b3) x5  0x80020000
core   0: 0x800018f4 (0x004048b3) xor     a7, zero, tp
core   0: 3 0x800018f4 (0x004048b3) x17 0xfffff87e
core   0: 0x800018f8 (0x000099fd) c.andi  a1, -1
core   0: 3 0x800018f8 (0x99fd) x11 0x00000232
core   0: 0x800018fa (0x0000109c) c.addi4spn a5, sp, 96
core   0: 3 0x800018fa (0x109c) x15 0x00000387
core   0: 0x800018fc (0x03d143b3) div     t2, sp, t4
core   0: 3 0x800018fc (0x03d143b3) x7  0x00000000
core   0: 0x80001900 (0x007a15b3) sll     a1, s4, t2
core   0: 3 0x80001900 (0x007a15b3) x11 0xffffff0b
core   0: 0x80001904 (0x02a679b3) remu    s3, a2, a0
core   0: 3 0x80001904 (0x02a679b3) x19 0x80020000
core   0: 0x80001908 (0x00008d11) c.sub   a0, a2
core   0: 3 0x80001908 (0x8d11) x10 0x7ffe0000
core   0: 0x8000190a (0x00008e7d) c.and   a2, a5
core   0: 3 0x8000190a (0x8e7d) x12 0x00000000
core   0: 0x8000190c (0x40305513) srai    a0, zero, 3
core   0: 3 0x8000190c (0x40305513) x10 0x00000000
core   0: 0x80001910 (0x005c38b3) sltu    a7, s8, t0
core   0: 3 0x80001910 (0x005c38b3) x17 0x00000000
core   0: 0x80001914 (0xabaea637) lui     a2, 0xabaea
core   0: 3 0x80001914 (0xabaea637) x12 0xabaea000
core   0: 0x80001918 (0x40a80733) sub     a4, a6, a0
core   0: 3 0x80001918 (0x40a80733) x14 0xffffffff
core   0: 0x8000191c (0x00008e6a) c.mv    t3, s10
core   0: 3 0x8000191c (0x8e6a) x28 0x00000000
core   0: 0x8000191e (0x0000f0e1) c.bnez  s1, pc - 64
core   0: 3 0x8000191e (0xf0e1)
core   0: 0x800018de (0x23277593) andi    a1, a4, 562
core   0: 3 0x800018de (0x23277593) x11 0x00000232
core   0: 0x800018e2 (0x00008e75) c.and   a2, a3
core   0: 3 0x800018e2 (0x8e75) x12 0x80020000
core   0: 0x800018e4 (0x02791ab3) mulh    s5, s2, t2
core   0: 3 0x800018e4 (0x02791ab3) x21 0x00000000
core   0: 0x800018e8 (0x00000346) c.slli  t1, 17
core   0: 3 0x800018e8 (0x0346) x6  0x00000000
core   0: 0x800018ea (0x00000485) c.addi  s1, 1
core   0: 3 0x800018ea (0x0485) x9  0xfffffffc
core   0: 0x800018ec (0x68d20a13) addi    s4, tp, 1677
core   0: 3 0x800018ec (0x68d20a13) x20 0xffffff0b
core   0: 0x800018f0 (0x00c542b3) xor     t0, a0, a2
core   0: 3 0x800018f0 (0x00c542b3) x5  0x80020000
core   0: 0x800018f4 (0x004048b3) xor     a7, zero, tp
core   0: 3 0x800018f4 (0x004048b3) x17 0xfffff87e
core   0: 0x800018f8 (0x000099fd) c.andi  a1, -1
core   0: 3 0x800018f8 (0x99fd) x11 0x00000232
core   0: 0x800018fa (0x0000109c) c.addi4spn a5, sp, 96
core   0: 3 0x800018fa (0x109c) x15 0x00000387
core   0: 0x800018fc (0x03d143b3) div     t2, sp, t4
core   0: 3 0x800018fc (0x03d143b3) x7  0x00000000
core   0: 0x80001900 (0x007a15b3) sll     a1, s4, t2
core   0: 3 0x80001900 (0x007a15b3) x11 0xffffff0b
core   0: 0x80001904 (0x02a679b3) remu    s3, a2, a0
core   0: 3 0x80001904 (0x02a679b3) x19 0x80020000
core   0: 0x80001908 (0x00008d11) c.sub   a0, a2
core   0: 3 0x80001908 (0x8d11) x10 0x7ffe0000
core   0: 0x8000190a (0x00008e7d) c.and   a2, a5
core   0: 3 0x8000190a (0x8e7d) x12 0x00000000
core   0: 0x8000190c (0x40305513) srai    a0, zero, 3
core   0: 3 0x8000190c (0x40305513) x10 0x00000000
core   0: 0x80001910 (0x005c38b3) sltu    a7, s8, t0
core   0: 3 0x80001910 (0x005c38b3) x17 0x00000000
core   0: 0x80001914 (0xabaea637) lui     a2, 0xabaea
core   0: 3 0x80001914 (0xabaea637) x12 0xabaea000
core   0: 0x80001918 (0x40a80733) sub     a4, a6, a0
core   0: 3 0x80001918 (0x40a80733) x14 0xffffffff
core   0: 0x8000191c (0x00008e6a) c.mv    t3, s10
core   0: 3 0x8000191c (0x8e6a) x28 0x00000000
core   0: 0x8000191e (0x0000f0e1) c.bnez  s1, pc - 64
core   0: 3 0x8000191e (0xf0e1)
core   0: 0x800018de (0x23277593) andi    a1, a4, 562
core   0: 3 0x800018de (0x23277593) x11 0x00000232
core   0: 0x800018e2 (0x00008e75) c.and   a2, a3
core   0: 3 0x800018e2 (0x8e75) x12 0x80020000
core   0: 0x800018e4 (0x02791ab3) mulh    s5, s2, t2
core   0: 3 0x800018e4 (0x02791ab3) x21 0x00000000
core   0: 0x800018e8 (0x00000346) c.slli  t1, 17
core   0: 3 0x800018e8 (0x0346) x6  0x00000000
core   0: 0x800018ea (0x00000485) c.addi  s1, 1
core   0: 3 0x800018ea (0x0485) x9  0xfffffffd
core   0: 0x800018ec (0x68d20a13) addi    s4, tp, 1677
core   0: 3 0x800018ec (0x68d20a13) x20 0xffffff0b
core   0: 0x800018f0 (0x00c542b3) xor     t0, a0, a2
core   0: 3 0x800018f0 (0x00c542b3) x5  0x80020000
core   0: 0x800018f4 (0x004048b3) xor     a7, zero, tp
core   0: 3 0x800018f4 (0x004048b3) x17 0xfffff87e
core   0: 0x800018f8 (0x000099fd) c.andi  a1, -1
core   0: 3 0x800018f8 (0x99fd) x11 0x00000232
core   0: 0x800018fa (0x0000109c) c.addi4spn a5, sp, 96
core   0: 3 0x800018fa (0x109c) x15 0x00000387
core   0: 0x800018fc (0x03d143b3) div     t2, sp, t4
core   0: 3 0x800018fc (0x03d143b3) x7  0x00000000
core   0: 0x80001900 (0x007a15b3) sll     a1, s4, t2
core   0: 3 0x80001900 (0x007a15b3) x11 0xffffff0b
core   0: 0x80001904 (0x02a679b3) remu    s3, a2, a0
core   0: 3 0x80001904 (0x02a679b3) x19 0x80020000
core   0: 0x80001908 (0x00008d11) c.sub   a0, a2
core   0: 3 0x80001908 (0x8d11) x10 0x7ffe0000
core   0: 0x8000190a (0x00008e7d) c.and   a2, a5
core   0: 3 0x8000190a (0x8e7d) x12 0x00000000
core   0: 0x8000190c (0x40305513) srai    a0, zero, 3
core   0: 3 0x8000190c (0x40305513) x10 0x00000000
core   0: 0x80001910 (0x005c38b3) sltu    a7, s8, t0
core   0: 3 0x80001910 (0x005c38b3) x17 0x00000000
core   0: 0x80001914 (0xabaea637) lui     a2, 0xabaea
core   0: 3 0x80001914 (0xabaea637) x12 0xabaea000
core   0: 0x80001918 (0x40a80733) sub     a4, a6, a0
core   0: 3 0x80001918 (0x40a80733) x14 0xffffffff
core   0: 0x8000191c (0x00008e6a) c.mv    t3, s10
core   0: 3 0x8000191c (0x8e6a) x28 0x00000000
core   0: 0x8000191e (0x0000f0e1) c.bnez  s1, pc - 64
core   0: 3 0x8000191e (0xf0e1)
core   0: 0x800018de (0x23277593) andi    a1, a4, 562
core   0: 3 0x800018de (0x23277593) x11 0x00000232
core   0: 0x800018e2 (0x00008e75) c.and   a2, a3
core   0: 3 0x800018e2 (0x8e75) x12 0x80020000
core   0: 0x800018e4 (0x02791ab3) mulh    s5, s2, t2
core   0: 3 0x800018e4 (0x02791ab3) x21 0x00000000
core   0: 0x800018e8 (0x00000346) c.slli  t1, 17
core   0: 3 0x800018e8 (0x0346) x6  0x00000000
core   0: 0x800018ea (0x00000485) c.addi  s1, 1
core   0: 3 0x800018ea (0x0485) x9  0xfffffffe
core   0: 0x800018ec (0x68d20a13) addi    s4, tp, 1677
core   0: 3 0x800018ec (0x68d20a13) x20 0xffffff0b
core   0: 0x800018f0 (0x00c542b3) xor     t0, a0, a2
core   0: 3 0x800018f0 (0x00c542b3) x5  0x80020000
core   0: 0x800018f4 (0x004048b3) xor     a7, zero, tp
core   0: 3 0x800018f4 (0x004048b3) x17 0xfffff87e
core   0: 0x800018f8 (0x000099fd) c.andi  a1, -1
core   0: 3 0x800018f8 (0x99fd) x11 0x00000232
core   0: 0x800018fa (0x0000109c) c.addi4spn a5, sp, 96
core   0: 3 0x800018fa (0x109c) x15 0x00000387
core   0: 0x800018fc (0x03d143b3) div     t2, sp, t4
core   0: 3 0x800018fc (0x03d143b3) x7  0x00000000
core   0: 0x80001900 (0x007a15b3) sll     a1, s4, t2
core   0: 3 0x80001900 (0x007a15b3) x11 0xffffff0b
core   0: 0x80001904 (0x02a679b3) remu    s3, a2, a0
core   0: 3 0x80001904 (0x02a679b3) x19 0x80020000
core   0: 0x80001908 (0x00008d11) c.sub   a0, a2
core   0: 3 0x80001908 (0x8d11) x10 0x7ffe0000
core   0: 0x8000190a (0x00008e7d) c.and   a2, a5
core   0: 3 0x8000190a (0x8e7d) x12 0x00000000
core   0: 0x8000190c (0x40305513) srai    a0, zero, 3
core   0: 3 0x8000190c (0x40305513) x10 0x00000000
core   0: 0x80001910 (0x005c38b3) sltu    a7, s8, t0
core   0: 3 0x80001910 (0x005c38b3) x17 0x00000000
core   0: 0x80001914 (0xabaea637) lui     a2, 0xabaea
core   0: 3 0x80001914 (0xabaea637) x12 0xabaea000
core   0: 0x80001918 (0x40a80733) sub     a4, a6, a0
core   0: 3 0x80001918 (0x40a80733) x14 0xffffffff
core   0: 0x8000191c (0x00008e6a) c.mv    t3, s10
core   0: 3 0x8000191c (0x8e6a) x28 0x00000000
core   0: 0x8000191e (0x0000f0e1) c.bnez  s1, pc - 64
core   0: 3 0x8000191e (0xf0e1)
core   0: 0x800018de (0x23277593) andi    a1, a4, 562
core   0: 3 0x800018de (0x23277593) x11 0x00000232
core   0: 0x800018e2 (0x00008e75) c.and   a2, a3
core   0: 3 0x800018e2 (0x8e75) x12 0x80020000
core   0: 0x800018e4 (0x02791ab3) mulh    s5, s2, t2
core   0: 3 0x800018e4 (0x02791ab3) x21 0x00000000
core   0: 0x800018e8 (0x00000346) c.slli  t1, 17
core   0: 3 0x800018e8 (0x0346) x6  0x00000000
core   0: 0x800018ea (0x00000485) c.addi  s1, 1
core   0: 3 0x800018ea (0x0485) x9  0xffffffff
core   0: 0x800018ec (0x68d20a13) addi    s4, tp, 1677
core   0: 3 0x800018ec (0x68d20a13) x20 0xffffff0b
core   0: 0x800018f0 (0x00c542b3) xor     t0, a0, a2
core   0: 3 0x800018f0 (0x00c542b3) x5  0x80020000
core   0: 0x800018f4 (0x004048b3) xor     a7, zero, tp
core   0: 3 0x800018f4 (0x004048b3) x17 0xfffff87e
core   0: 0x800018f8 (0x000099fd) c.andi  a1, -1
core   0: 3 0x800018f8 (0x99fd) x11 0x00000232
core   0: 0x800018fa (0x0000109c) c.addi4spn a5, sp, 96
core   0: 3 0x800018fa (0x109c) x15 0x00000387
core   0: 0x800018fc (0x03d143b3) div     t2, sp, t4
core   0: 3 0x800018fc (0x03d143b3) x7  0x00000000
core   0: 0x80001900 (0x007a15b3) sll     a1, s4, t2
core   0: 3 0x80001900 (0x007a15b3) x11 0xffffff0b
core   0: 0x80001904 (0x02a679b3) remu    s3, a2, a0
core   0: 3 0x80001904 (0x02a679b3) x19 0x80020000
core   0: 0x80001908 (0x00008d11) c.sub   a0, a2
core   0: 3 0x80001908 (0x8d11) x10 0x7ffe0000
core   0: 0x8000190a (0x00008e7d) c.and   a2, a5
core   0: 3 0x8000190a (0x8e7d) x12 0x00000000
core   0: 0x8000190c (0x40305513) srai    a0, zero, 3
core   0: 3 0x8000190c (0x40305513) x10 0x00000000
core   0: 0x80001910 (0x005c38b3) sltu    a7, s8, t0
core   0: 3 0x80001910 (0x005c38b3) x17 0x00000000
core   0: 0x80001914 (0xabaea637) lui     a2, 0xabaea
core   0: 3 0x80001914 (0xabaea637) x12 0xabaea000
core   0: 0x80001918 (0x40a80733) sub     a4, a6, a0
core   0: 3 0x80001918 (0x40a80733) x14 0xffffffff
core   0: 0x8000191c (0x00008e6a) c.mv    t3, s10
core   0: 3 0x8000191c (0x8e6a) x28 0x00000000
core   0: 0x8000191e (0x0000f0e1) c.bnez  s1, pc - 64
core   0: 3 0x8000191e (0xf0e1)
core   0: 0x800018de (0x23277593) andi    a1, a4, 562
core   0: 3 0x800018de (0x23277593) x11 0x00000232
core   0: 0x800018e2 (0x00008e75) c.and   a2, a3
core   0: 3 0x800018e2 (0x8e75) x12 0x80020000
core   0: 0x800018e4 (0x02791ab3) mulh    s5, s2, t2
core   0: 3 0x800018e4 (0x02791ab3) x21 0x00000000
core   0: 0x800018e8 (0x00000346) c.slli  t1, 17
core   0: 3 0x800018e8 (0x0346) x6  0x00000000
core   0: 0x800018ea (0x00000485) c.addi  s1, 1
core   0: 3 0x800018ea (0x0485) x9  0x00000000
core   0: 0x800018ec (0x68d20a13) addi    s4, tp, 1677
core   0: 3 0x800018ec (0x68d20a13) x20 0xffffff0b
core   0: 0x800018f0 (0x00c542b3) xor     t0, a0, a2
core   0: 3 0x800018f0 (0x00c542b3) x5  0x80020000
core   0: 0x800018f4 (0x004048b3) xor     a7, zero, tp
core   0: 3 0x800018f4 (0x004048b3) x17 0xfffff87e
core   0: 0x800018f8 (0x000099fd) c.andi  a1, -1
core   0: 3 0x800018f8 (0x99fd) x11 0x00000232
core   0: 0x800018fa (0x0000109c) c.addi4spn a5, sp, 96
core   0: 3 0x800018fa (0x109c) x15 0x00000387
core   0: 0x800018fc (0x03d143b3) div     t2, sp, t4
core   0: 3 0x800018fc (0x03d143b3) x7  0x00000000
core   0: 0x80001900 (0x007a15b3) sll     a1, s4, t2
core   0: 3 0x80001900 (0x007a15b3) x11 0xffffff0b
core   0: 0x80001904 (0x02a679b3) remu    s3, a2, a0
core   0: 3 0x80001904 (0x02a679b3) x19 0x80020000
core   0: 0x80001908 (0x00008d11) c.sub   a0, a2
core   0: 3 0x80001908 (0x8d11) x10 0x7ffe0000
core   0: 0x8000190a (0x00008e7d) c.and   a2, a5
core   0: 3 0x8000190a (0x8e7d) x12 0x00000000
core   0: 0x8000190c (0x40305513) srai    a0, zero, 3
core   0: 3 0x8000190c (0x40305513) x10 0x00000000
core   0: 0x80001910 (0x005c38b3) sltu    a7, s8, t0
core   0: 3 0x80001910 (0x005c38b3) x17 0x00000000
core   0: 0x80001914 (0xabaea637) lui     a2, 0xabaea
core   0: 3 0x80001914 (0xabaea637) x12 0xabaea000
core   0: 0x80001918 (0x40a80733) sub     a4, a6, a0
core   0: 3 0x80001918 (0x40a80733) x14 0xffffffff
core   0: 0x8000191c (0x00008e6a) c.mv    t3, s10
core   0: 3 0x8000191c (0x8e6a) x28 0x00000000
core   0: 0x8000191e (0x0000f0e1) c.bnez  s1, pc - 64
core   0: 3 0x8000191e (0xf0e1)
core   0: 0x80001920 (0x0001d913) srli    s2, gp, 0
core   0: 3 0x80001920 (0x0001d913) x18 0x00000013
core   0: 0x80001924 (0x000047a1) c.li    a5, 8
core   0: 3 0x80001924 (0x47a1) x15 0x00000008
core   0: 0x80001926 (0x00008761) c.srai  a4, 24
core   0: 3 0x80001926 (0x8761) x14 0xffffffff
core   0: 0x80001928 (0x00008b06) c.mv    s6, ra
core   0: 3 0x80001928 (0x8b06) x22 0x0000000f
core   0: 0x8000192a (0x021033b3) mulhu   t2, zero, ra
core   0: 3 0x8000192a (0x021033b3) x7  0x00000000
core   0: 0x8000192e (0x00004a41) c.li    s4, 16
core   0: 3 0x8000192e (0x4a41) x20 0x00000010
core   0: 0x80001930 (0x0278abb3) mulhsu  s7, a7, t2
core   0: 3 0x80001930 (0x0278abb3) x23 0x00000000
core   0: 0x80001934 (0x8e5fa293) slti    t0, t6, -1819
core   0: 3 0x80001934 (0x8e5fa293) x5  0x00000000
core   0: 0x80001938 (0x00000789) c.addi  a5, 2
core   0: 3 0x80001938 (0x0789) x15 0x0000000a
core   0: 0x8000193a (0x0183a4b3) slt     s1, t2, s8
core   0: 3 0x8000193a (0x0183a4b3) x9  0x00000000
core   0: 0x8000193e (0x00008d41) c.or    a0, s0
core   0: 3 0x8000193e (0x8d41) x10 0x80029ce4
core   0: 0x80001940 (0x0258e633) rem     a2, a7, t0
core   0: 3 0x80001940 (0x0258e633) x12 0x00000000
core   0: 0x80001944 (0xff4786e3) beq     a5, s4, pc - 20
core   0: 3 0x80001944 (0xff4786e3)
core   0: 0x80001948 (0x01a17db3) and     s11, sp, s10
core   0: 3 0x80001948 (0x01a17db3) x27 0x00000000
core   0: 0x8000194c (0x00004509) c.li    a0, 2
core   0: 3 0x8000194c (0x4509) x10 0x00000002
core   0: 0x8000194e (0xcb1bc613) xori    a2, s7, -847
core   0: 3 0x8000194e (0xcb1bc613) x12 0xfffffcb1
core   0: 0x80001952 (0x000043a5) c.li    t2, 9
core   0: 3 0x80001952 (0x43a5) x7  0x00000009
core   0: 0x80001954 (0x022ab733) mulhu   a4, s5, sp
core   0: 3 0x80001954 (0x022ab733) x14 0x00000000
core   0: 0x80001958 (0x00000a0d) c.addi  s4, 3
core   0: 3 0x80001958 (0x0a0d) x20 0x00000013
core   0: 0x8000195a (0x00000505) c.addi  a0, 1
core   0: 3 0x8000195a (0x0505) x10 0x00000003
core   0: 0x8000195c (0x00000810) c.addi4spn a2, sp, 16
core   0: 3 0x8000195c (0x0810) x12 0x00000337
core   0: 0x8000195e (0xfe756de3) bltu    a0, t2, pc - 6
core   0: 3 0x8000195e (0xfe756de3)
core   0: 0x80001958 (0x00000a0d) c.addi  s4, 3
core   0: 3 0x80001958 (0x0a0d) x20 0x00000016
core   0: 0x8000195a (0x00000505) c.addi  a0, 1
core   0: 3 0x8000195a (0x0505) x10 0x00000004
core   0: 0x8000195c (0x00000810) c.addi4spn a2, sp, 16
core   0: 3 0x8000195c (0x0810) x12 0x00000337
core   0: 0x8000195e (0xfe756de3) bltu    a0, t2, pc - 6
core   0: 3 0x8000195e (0xfe756de3)
core   0: 0x80001958 (0x00000a0d) c.addi  s4, 3
core   0: 3 0x80001958 (0x0a0d) x20 0x00000019
core   0: 0x8000195a (0x00000505) c.addi  a0, 1
core   0: 3 0x8000195a (0x0505) x10 0x00000005
core   0: 0x8000195c (0x00000810) c.addi4spn a2, sp, 16
core   0: 3 0x8000195c (0x0810) x12 0x00000337
core   0: 0x8000195e (0xfe756de3) bltu    a0, t2, pc - 6
core   0: 3 0x8000195e (0xfe756de3)
core   0: 0x80001958 (0x00000a0d) c.addi  s4, 3
core   0: 3 0x80001958 (0x0a0d) x20 0x0000001c
core   0: 0x8000195a (0x00000505) c.addi  a0, 1
core   0: 3 0x8000195a (0x0505) x10 0x00000006
core   0: 0x8000195c (0x00000810) c.addi4spn a2, sp, 16
core   0: 3 0x8000195c (0x0810) x12 0x00000337
core   0: 0x8000195e (0xfe756de3) bltu    a0, t2, pc - 6
core   0: 3 0x8000195e (0xfe756de3)
core   0: 0x80001958 (0x00000a0d) c.addi  s4, 3
core   0: 3 0x80001958 (0x0a0d) x20 0x0000001f
core   0: 0x8000195a (0x00000505) c.addi  a0, 1
core   0: 3 0x8000195a (0x0505) x10 0x00000007
core   0: 0x8000195c (0x00000810) c.addi4spn a2, sp, 16
core   0: 3 0x8000195c (0x0810) x12 0x00000337
core   0: 0x8000195e (0xfe756de3) bltu    a0, t2, pc - 6
core   0: 3 0x8000195e (0xfe756de3)
core   0: 0x80001958 (0x00000a0d) c.addi  s4, 3
core   0: 3 0x80001958 (0x0a0d) x20 0x00000022
core   0: 0x8000195a (0x00000505) c.addi  a0, 1
core   0: 3 0x8000195a (0x0505) x10 0x00000008
core   0: 0x8000195c (0x00000810) c.addi4spn a2, sp, 16
core   0: 3 0x8000195c (0x0810) x12 0x00000337
core   0: 0x8000195e (0xfe756de3) bltu    a0, t2, pc - 6
core   0: 3 0x8000195e (0xfe756de3)
core   0: 0x80001958 (0x00000a0d) c.addi  s4, 3
core   0: 3 0x80001958 (0x0a0d) x20 0x00000025
core   0: 0x8000195a (0x00000505) c.addi  a0, 1
core   0: 3 0x8000195a (0x0505) x10 0x00000009
core   0: 0x8000195c (0x00000810) c.addi4spn a2, sp, 16
core   0: 3 0x8000195c (0x0810) x12 0x00000337
core   0: 0x8000195e (0xfe756de3) bltu    a0, t2, pc - 6
core   0: 3 0x8000195e (0xfe756de3)
core   0: 0x80001962 (0x00478d33) add     s10, a5, tp
core   0: 3 0x80001962 (0x00478d33) x26 0xfffff888
core   0: 0x80001966 (0x4761c793) xori    a5, gp, 1142
core   0: 3 0x80001966 (0x4761c793) x15 0x00000465
core   0: 0x8000196a (0x0237bdb3) mulhu   s11, a5, gp
core   0: 3 0x8000196a (0x0237bdb3) x27 0x00000000
core   0: 0x8000196e (0x00008e49) c.or    a2, a0
core   0: 3 0x8000196e (0x8e49) x12 0x0000033f
core   0: 0x80001970 (0x00a61a63) bne     a2, a0, pc + 20
core   0: 3 0x80001970 (0x00a61a63)
core   0: 0x80001984 (0x0000973a) c.add   a4, a4
core   0: 3 0x80001984 (0x973a) x14 0x00000000
core   0: 0x80001986 (0x00008d61) c.and   a0, s0
core   0: 3 0x80001986 (0x8d61) x10 0x00000000
core   0: 0x80001988 (0x01269d63) bne     a3, s2, pc + 26
core   0: 3 0x80001988 (0x01269d63)
core   0: 0x800019a2 (0xad59ae93) slti    t4, s3, -1323
core   0: 3 0x800019a2 (0xad59ae93) x29 0x00000001
core   0: 0x800019a6 (0x0000038c) c.addi4spn a1, sp, 448
core   0: 3 0x800019a6 (0x038c) x11 0x000004e7
core   0: 0x800019a8 (0x0000e91d) c.bnez  a0, pc + 54
core   0: 3 0x800019a8 (0xe91d)
core   0: 0x800019aa (0x013b94b3) sll     s1, s7, s3
core   0: 3 0x800019aa (0x013b94b3) x9  0x00000000
core   0: 0x800019ae (0x01dc4663) blt     s8, t4, pc + 12
core   0: 3 0x800019ae (0x01dc4663)
core   0: 0x800019ba (0x000081d1) c.srli  a1, 20
core   0: 3 0x800019ba (0x81d1) x11 0x00000000
core   0: 0x800019bc (0x037e6fb3) rem     t6, t3, s7
core   0: 3 0x800019bc (0x037e6fb3) x31 0x00000000
core   0: 0x800019c0 (0x0061fa63) bgeu    gp, t1, pc + 20
core   0: 3 0x800019c0 (0x0061fa63)
core   0: 0x800019d4 (0x4073dcb3) sra     s9, t2, t2
core   0: 3 0x800019d4 (0x4073dcb3) x25 0x00000000
core   0: 0x800019d8 (0x0000c895) c.beqz  s1, pc + 52
core   0: 3 0x800019d8 (0xc895)
core   0: 0x80001a0c (0x024d4bb3) div     s7, s10, tp
core   0: 3 0x80001a0c (0x024d4bb3) x23 0x00000000
core   0: 0x80001a10 (0x033851b3) divu    gp, a6, s3
core   0: 3 0x80001a10 (0x033851b3) x3  0x00000001
core   0: 0x80001a14 (0x000003aa) c.slli  t2, 10
core   0: 3 0x80001a14 (0x03aa) x7  0x00002400
core   0: 0x80001a16 (0x00000236) c.slli  tp, 13
core   0: 3 0x80001a16 (0x0236) x4  0xff0fc000
core   0: 0x80001a18 (0x00fb4963) blt     s6, a5, pc + 18
core   0: 3 0x80001a18 (0x00fb4963)
core   0: 0x80001a2a (0x000c6d63) bltu    s8, zero, pc + 26
core   0: 3 0x80001a2a (0x000c6d63)
core   0: 0x80001a2e (0x00008d41) c.or    a0, s0
core   0: 3 0x80001a2e (0x8d41) x10 0x80029ce4
core   0: 0x80001a30 (0x02d4c4b3) div     s1, s1, a3
core   0: 3 0x80001a30 (0x02d4c4b3) x9  0x00000000
core   0: 0x80001a34 (0x00008c8d) c.sub   s1, a1
core   0: 3 0x80001a34 (0x8c8d) x9  0x00000000
core   0: 0x80001a36 (0x030179b3) remu    s3, sp, a6
core   0: 3 0x80001a36 (0x030179b3) x19 0x00000327
core   0: 0x80001a3a (0x00008e4d) c.or    a2, a1
core   0: 3 0x80001a3a (0x8e4d) x12 0x0000033f
core   0: 0x80001a3c (0x41e1d793) srai    a5, gp, 30
core   0: 3 0x80001a3c (0x41e1d793) x15 0x00000000
core   0: 0x80001a40 (0x0220e763) bltu    ra, sp, pc + 46
core   0: 3 0x80001a40 (0x0220e763)
core   0: 0x80001a6e (0x0000e791) c.bnez  a5, pc + 12
core   0: 3 0x80001a6e (0xe791)
core   0: 0x80001a70 (0x034d2bb3) mulhsu  s7, s10, s4
core   0: 3 0x80001a70 (0x034d2bb3) x23 0xffffffff
core   0: 0x80001a74 (0x00000590) c.addi4spn a2, sp, 704
core   0: 3 0x80001a74 (0x0590) x12 0x000005e7
core   0: 0x80001a76 (0x0147e1b3) or      gp, a5, s4
core   0: 3 0x80001a76 (0x0147e1b3) x3  0x00000025
core   0: 0x80001a7a (0x020cc833) div     a6, s9, zero
core   0: 3 0x80001a7a (0x020cc833) x16 0xffffffff
core   0: 0x80001a7e (0x0000e099) c.bnez  s1, pc + 6
core   0: 3 0x80001a7e (0xe099)
core   0: 0x80001a80 (0x03df83b3) mul     t2, t6, t4
core   0: 3 0x80001a80 (0x03df83b3) x7  0x00000000
core   0: 0x80001a84 (0x00008235) c.srli  a2, 13
core   0: 3 0x80001a84 (0x8235) x12 0x00000000
core   0: 0x80001a86 (0x02e76463) bltu    a4, a4, pc + 40
core   0: 3 0x80001a86 (0x02e76463)
core   0: 0x80001a8a (0x03781663) bne     a6, s7, pc + 44
core   0: 3 0x80001a8a (0x03781663)
core   0: 0x80001a8e (0x014e1513) slli    a0, t3, 20
core   0: 3 0x80001a8e (0x014e1513) x10 0x00000000
core   0: 0x80001a92 (0x00b171b3) and     gp, sp, a1
core   0: 3 0x80001a92 (0x00b171b3) x3  0x00000000
core   0: 0x80001a96 (0x00000001) c.nop
core   0: 3 0x80001a96 (0x0001)
core   0: 0x80001a98 (0xcf8e8113) addi    sp, t4, -776
core   0: 3 0x80001a98 (0xcf8e8113) x2  0xfffffcf9
core   0: 0x80001a9c (0x04007f63) bgeu    zero, zero, pc + 94
core   0: 3 0x80001a9c (0x04007f63)
core   0: 0x80001afa (0x41f48db3) sub     s11, s1, t6
core   0: 3 0x80001afa (0x41f48db3) x27 0x00000000
core   0: 0x80001afe (0x0000e08d) c.bnez  s1, pc + 34
core   0: 3 0x80001afe (0xe08d)
core   0: 0x80001b00 (0x034ee163) bltu    t4, s4, pc + 34
core   0: 3 0x80001b00 (0x034ee163)
core   0: 0x80001b22 (0xe2d08013) addi    zero, ra, -467
core   0: 3 0x80001b22 (0xe2d08013)
core   0: 0x80001b26 (0x0000717d) c.addi16sp sp, -16
core   0: 3 0x80001b26 (0x717d) x2  0xfffffce9
core   0: 0x80001b28 (0x00008f99) c.sub   a5, a4
core   0: 3 0x80001b28 (0x8f99) x15 0x00000000
core   0: 0x80001b2a (0x020b05b3) mul     a1, s6, zero
core   0: 3 0x80001b2a (0x020b05b3) x11 0x00000000
core   0: 0x80001b2e (0x00000001) c.nop
core   0: 3 0x80001b2e (0x0001)
core   0: 0x80001b30 (0x0280b333) mulhu   t1, ra, s0
core   0: 3 0x80001b30 (0x0280b333) x6  0x00000007
core   0: 0x80001b34 (0x00008f61) c.and   a4, s0
core   0: 3 0x80001b34 (0x8f61) x14 0x00000000
core   0: 0x80001b36 (0x00000001) c.nop
core   0: 3 0x80001b36 (0x0001)
core   0: 0x80001b38 (0x770d2913) slti    s2, s10, 1904
core   0: 3 0x80001b38 (0x770d2913) x18 0x00000001
core   0: 0x80001b3c (0x01e25913) srli    s2, tp, 30
core   0: 3 0x80001b3c (0x01e25913) x18 0x00000003
core   0: 0x80001b40 (0x0206f563) bgeu    a3, zero, pc + 42
core   0: 3 0x80001b40 (0x0206f563)
core   0: 0x80001b6a (0x019e1b63) bne     t3, s9, pc + 22
core   0: 3 0x80001b6a (0x019e1b63)
core   0: 0x80001b6e (0x432a0893) addi    a7, s4, 1074
core   0: 3 0x80001b6e (0x432a0893) x17 0x00000457
core   0: 0x80001b72 (0x010e5593) srli    a1, t3, 16
core   0: 3 0x80001b72 (0x010e5593) x11 0x00000000
core   0: 0x80001b76 (0x00008d3d) c.xor   a0, a5
core   0: 3 0x80001b76 (0x8d3d) x10 0x00000000
core   0: 0x80001b78 (0x00008e49) c.or    a2, a0
core   0: 3 0x80001b78 (0x8e49) x12 0x00000000
core   0: 0x80001b7a (0x00008759) c.srai  a4, 22
core   0: 3 0x80001b7a (0x8759) x14 0x00000000
core   0: 0x80001b7c (0x18a5a213) slti    tp, a1, 394
core   0: 3 0x80001b7c (0x18a5a213) x4  0x00000001
core   0: 0x80001b80 (0x00008a5e) c.mv    s4, s7
core   0: 3 0x80001b80 (0x8a5e) x20 0xffffffff
core   0: 0x80001b82 (0x03a480b3) mul     ra, s1, s10
core   0: 3 0x80001b82 (0x03a480b3) x1  0x00000000
core   0: 0x80001b86 (0x00145613) srli    a2, s0, 1
core   0: 3 0x80001b86 (0x00145613) x12 0x40014e72
core   0: 0x80001b8a (0x029b5ab3) divu    s5, s6, s1
core   0: 3 0x80001b8a (0x029b5ab3) x21 0xffffffff
core   0: 0x80001b8e (0x01ae2833) slt     a6, t3, s10
core   0: 3 0x80001b8e (0x01ae2833) x16 0x00000000
core   0: 0x80001b92 (0x00bfda13) srli    s4, t6, 11
core   0: 3 0x80001b92 (0x00bfda13) x20 0x00000000
core   0: 0x80001b96 (0x00008e1d) c.sub   a2, a5
core   0: 3 0x80001b96 (0x8e1d) x12 0x40014e72
core   0: 0x80001b98 (0x01869e33) sll     t3, a3, s8
core   0: 3 0x80001b98 (0x01869e33) x28 0xf6000000
core   0: 0x80001b9c (0x00000001) c.nop
core   0: 3 0x80001b9c (0x0001)
core   0: 0x80001b9e (0xd8503713) sltiu   a4, zero, -635
core   0: 3 0x80001b9e (0xd8503713) x14 0x00000001
core   0: 0x80001ba2 (0xa7c3f593) andi    a1, t2, -1412
core   0: 3 0x80001ba2 (0xa7c3f593) x11 0x00000000
core   0: 0x80001ba6 (0x02608833) mul     a6, ra, t1
core   0: 3 0x80001ba6 (0x02608833) x16 0x00000000
core   0: 0x80001baa (0x00008ce1) c.and   s1, s0
core   0: 3 0x80001baa (0x8ce1) x9  0x00000000
core   0: 0x80001bac (0x0308a633) mulhsu  a2, a7, a6
core   0: 3 0x80001bac (0x0308a633) x12 0x00000000
core   0: 0x80001bb0 (0x00666633) or      a2, a2, t1
core   0: 3 0x80001bb0 (0x00666633) x12 0x00000007
core   0: 0x80001bb4 (0x000084ad) c.srai  s1, 11
core   0: 3 0x80001bb4 (0x84ad) x9  0x00000000
core   0: 0x80001bb6 (0x00000001) c.nop
core   0: 3 0x80001bb6 (0x0001)
core   0: 0x80001bb8 (0x00008db5) c.xor   a1, a3
core   0: 3 0x80001bb8 (0x8db5) x11 0x80025dec
core   0: 0x80001bba (0x00005b7d) c.li    s6, -1
core   0: 3 0x80001bba (0x5b7d) x22 0xffffffff
core   0: 0x80001bbc (0xd5436393) ori     t2, t1, -684
core   0: 3 0x80001bbc (0xd5436393) x7  0xfffffd57
core   0: 0x80001bc0 (0x000df4b3) and     s1, s11, zero
core   0: 3 0x80001bc0 (0x000df4b3) x9  0x00000000
core   0: 0x80001bc4 (0x01d28f63) beq     t0, t4, pc + 30
core   0: 3 0x80001bc4 (0x01d28f63)
core   0: 0x80001bc8 (0x00000001) c.nop
core   0: 3 0x80001bc8 (0x0001)
core   0: 0x80001bca (0x00008f11) c.sub   a4, a2
core   0: 3 0x80001bca (0x8f11) x14 0xfffffffa
core   0: 0x80001bcc (0x01dec963) blt     t4, t4, pc + 18
core   0: 3 0x80001bcc (0x01dec963)
core   0: 0x80001bd0 (0x0000188c) c.addi4spn a1, sp, 112
core   0: 3 0x80001bd0 (0x188c) x11 0xfffffd59
core   0: 0x80001bd2 (0x02757f33) remu    t5, a0, t2
core   0: 3 0x80001bd2 (0x02757f33) x30 0x00000000
core   0: 0x80001bd6 (0x00008215) c.srli  a2, 5
core   0: 3 0x80001bd6 (0x8215) x12 0x00000000
core   0: 0x80001bd8 (0x027fd633) divu    a2, t6, t2
core   0: 3 0x80001bd8 (0x027fd633) x12 0x00000000
core   0: 0x80001bdc (0x00000a85) c.addi  s5, 1
core   0: 3 0x80001bdc (0x0a85) x21 0x00000000
core   0: 0x80001bde (0x01085963) bge     a6, a6, pc + 18
core   0: 3 0x80001bde (0x01085963)
core   0: 0x80001bf0 (0x0b382d13) slti    s10, a6, 179
core   0: 3 0x80001bf0 (0x0b382d13) x26 0x00000001
core   0: 0x80001bf4 (0x00000001) c.nop
core   0: 3 0x80001bf4 (0x0001)
core   0: 0x80001bf6 (0x01f73a33) sltu    s4, a4, t6
core   0: 3 0x80001bf6 (0x01f73a33) x20 0x00000000
core   0: 0x80001bfa (0x028de663) bltu    s11, s0, pc + 44
core   0: 3 0x80001bfa (0x028de663)
core   0: 0x80001c26 (0x01d5f763) bgeu    a1, t4, pc + 14
core   0: 3 0x80001c26 (0x01d5f763)
core   0: 0x80001c34 (0x00008bed) c.andi  a5, 27
core   0: 3 0x80001c34 (0x8bed) x15 0x00000000
core   0: 0x80001c36 (0x01e0e2b3) or      t0, ra, t5
core   0: 3 0x80001c36 (0x01e0e2b3) x5  0x00000000
core   0: 0x80001c3a (0xe6b93997) auipc   s3, 0xe6b93
core   0: 3 0x80001c3a (0xe6b93997) x19 0x66b94c3a
core   0: 0x80001c3e (0x019253b3) srl     t2, tp, s9
core   0: 3 0x80001c3e (0x019253b3) x7  0x00000001
core   0: 0x80001c42 (0x03613633) mulhu   a2, sp, s6
core   0: 3 0x80001c42 (0x03613633) x12 0xfffffce8
core   0: 0x80001c46 (0x40855833) sra     a6, a0, s0
core   0: 3 0x80001c46 (0x40855833) x16 0x00000000
core   0: 0x80001c4a (0x413cdc93) srai    s9, s9, 19
core   0: 3 0x80001c4a (0x413cdc93) x25 0x00000000
core   0: 0x80001c4e (0x02ea5133) divu    sp, s4, a4
core   0: 3 0x80001c4e (0x02ea5133) x2  0x00000000
core   0: 0x80001c52 (0x0000ca19) c.beqz  a2, pc + 22
core   0: 3 0x80001c52 (0xca19)
core   0: 0x80001c54 (0x00443bb3) sltu    s7, s0, tp
core   0: 3 0x80001c54 (0x00443bb3) x23 0x00000000
core   0: 0x80001c58 (0x01777633) and     a2, a4, s7
core   0: 3 0x80001c58 (0x01777633) x12 0x00000000
core   0: 0x80001c5c (0x00000001) c.nop
core   0: 3 0x80001c5c (0x0001)
core   0: 0x80001c5e (0x00001b8c) c.addi4spn a1, sp, 496
core   0: 3 0x80001c5e (0x1b8c) x11 0x000001f0
core   0: 0x80001c60 (0x00000b7a) c.slli  s6, 30
core   0: 3 0x80001c60 (0x0b7a) x22 0xc0000000
core   0: 0x80001c62 (0xf7674893) xori    a7, a4, -138
core   0: 3 0x80001c62 (0xf7674893) x17 0x0000008c
core   0: 0x80001c66 (0x0000eb3d) c.bnez  a4, pc + 118
core   0: 3 0x80001c66 (0xeb3d)
core   0: 0x80001cdc (0x00009b56) c.add   s6, s5
core   0: 3 0x80001cdc (0x9b56) x22 0xc0000000
core   0: 0x80001cde (0x57ceca93) xori    s5, t4, 1404
core   0: 3 0x80001cde (0x57ceca93) x21 0x0000057d
core   0: 0x80001ce2 (0x0104d133) srl     sp, s1, a6
core   0: 3 0x80001ce2 (0x0104d133) x2  0x00000000
core   0: 0x80001ce6 (0x029447b3) div     a5, s0, s1
core   0: 3 0x80001ce6 (0x029447b3) x15 0xffffffff
core   0: 0x80001cea (0x008103b3) add     t2, sp, s0
core   0: 3 0x80001cea (0x008103b3) x7  0x80029ce4
core   0: 0x80001cee (0x011b9e63) bne     s7, a7, pc + 28
core   0: 3 0x80001cee (0x011b9e63)
core   0: 0x80001d0a (0x022aed63) bltu    s5, sp, pc + 58
core   0: 3 0x80001d0a (0x022aed63)
core   0: 0x80001d0e (0x000087f9) c.srai  a5, 30
core   0: 3 0x80001d0e (0x87f9) x15 0xffffffff
core   0: 0x80001d10 (0x00b4ed63) bltu    s1, a1, pc + 26
core   0: 3 0x80001d10 (0x00b4ed63)
core   0: 0x80001d2a (0x01546863) bltu    s0, s5, pc + 16
core   0: 3 0x80001d2a (0x01546863)
core   0: 0x80001d2e (0x00000f86) c.slli  t6, 1
core   0: 3 0x80001d2e (0x0f86) x31 0x00000000
core   0: 0x80001d30 (0x41805133) sra     sp, zero, s8
core   0: 3 0x80001d30 (0x41805133) x2  0x00000000
core   0: 0x80001d34 (0x1eed8113) addi    sp, s11, 494
core   0: 3 0x80001d34 (0x1eed8113) x2  0x000001ee
core   0: 0x80001d38 (0x00000001) c.nop
core   0: 3 0x80001d38 (0x0001)
core   0: 0x80001d3a (0x0110b533) sltu    a0, ra, a7
core   0: 3 0x80001d3a (0x0110b533) x10 0x00000001
core   0: 0x80001d3e (0x9b84ea93) ori     s5, s1, -1608
core   0: 3 0x80001d3e (0x9b84ea93) x21 0xfffff9b8
core   0: 0x80001d42 (0x000093b6) c.add   t2, a3
core   0: 3 0x80001d42 (0x93b6) x7  0x0004fad0
core   0: 0x80001d44 (0x00af31b3) sltu    gp, t5, a0
core   0: 3 0x80001d44 (0x00af31b3) x3  0x00000001
core   0: 0x80001d48 (0x00905cb3) srl     s9, zero, s1
core   0: 3 0x80001d48 (0x00905cb3) x25 0x00000000
core   0: 0x80001d4c (0x00000001) c.nop
core   0: 3 0x80001d4c (0x0001)
core   0: 0x80001d4e (0xfd523613) sltiu   a2, tp, -43
core   0: 3 0x80001d4e (0xfd523613) x12 0x00000001
core   0: 0x80001d52 (0x00001d84) c.addi4spn s1, sp, 752
core   0: 3 0x80001d52 (0x1d84) x9  0x000004de
core   0: 0x80001d54 (0x41a8d3b3) sra     t2, a7, s10
core   0: 3 0x80001d54 (0x41a8d3b3) x7  0x00000046
core   0: 0x80001d58 (0x00439ab3) sll     s5, t2, tp
core   0: 3 0x80001d58 (0x00439ab3) x21 0x0000008c
core   0: 0x80001d5c (0x0067cb33) xor     s6, a5, t1
core   0: 3 0x80001d5c (0x0067cb33) x22 0xfffffff8
core   0: 0x80001d60 (0xb504b837) lui     a6, 0xb504b
core   0: 3 0x80001d60 (0xb504b837) x16 0xb504b000
core   0: 0x80001d64 (0x037ab5b3) mulhu   a1, s5, s7
core   0: 3 0x80001d64 (0x037ab5b3) x11 0x00000000
core   0: 0x80001d68 (0x000083de) c.mv    t2, s7
core   0: 3 0x80001d68 (0x83de) x7  0x00000000
core   0: 0x80001d6a (0x0000ef91) c.bnez  a5, pc + 28
core   0: 3 0x80001d6a (0xef91)
core   0: 0x80001d86 (0x000081ae) c.mv    gp, a1
core   0: 3 0x80001d86 (0x81ae) x3  0x00000000
core   0: 0x80001d88 (0x0000c891) c.beqz  s1, pc + 20
core   0: 3 0x80001d88 (0xc891)
core   0: 0x80001d8a (0x00008769) c.srai  a4, 26
core   0: 3 0x80001d8a (0x8769) x14 0xffffffff
core   0: 0x80001d8c (0x000004f2) c.slli  s1, 28
core   0: 3 0x80001d8c (0x04f2) x9  0xe0000000
core   0: 0x80001d8e (0x011834b3) sltu    s1, a6, a7
core   0: 3 0x80001d8e (0x011834b3) x9  0x00000000
core   0: 0x80001d92 (0x00090bb3) add     s7, s2, zero
core   0: 3 0x80001d92 (0x00090bb3) x23 0x00000003
core   0: 0x80001d96 (0x000087a1) c.srai  a5, 8
core   0: 3 0x80001d96 (0x87a1) x15 0xffffffff
core   0: 0x80001d98 (0x2a6a0313) addi    t1, s4, 678
core   0: 3 0x80001d98 (0x2a6a0313) x6  0x000002a6
core   0: 0x80001d9c (0x00008f89) c.sub   a5, a0
core   0: 3 0x80001d9c (0x8f89) x15 0xfffffffe
core   0: 0x80001d9e (0x035efd93) andi    s11, t4, 53
core   0: 3 0x80001d9e (0x035efd93) x27 0x00000001
core   0: 0x80001da2 (0x41975c93) srai    s9, a4, 25
core   0: 3 0x80001da2 (0x41975c93) x25 0xffffffff
core   0: 0x80001da6 (0xc6f73f13) sltiu   t5, a4, -913
core   0: 3 0x80001da6 (0xc6f73f13) x30 0x00000000
core   0: 0x80001daa (0x00923a33) sltu    s4, tp, s1
core   0: 3 0x80001daa (0x00923a33) x20 0x00000000
core   0: 0x80001dae (0x00000b84) c.addi4spn s1, sp, 464
core   0: 3 0x80001dae (0x0b84) x9  0x000003be
core   0: 0x80001db0 (0x00000e6a) c.slli  t3, 26
core   0: 3 0x80001db0 (0x0e6a) x28 0x00000000
core   0: 0x80001db2 (0x00000001) c.nop
core   0: 3 0x80001db2 (0x0001)
core   0: 0x80001db4 (0x01e32a33) slt     s4, t1, t5
core   0: 3 0x80001db4 (0x01e32a33) x20 0x00000000
core   0: 0x80001db8 (0x00000001) c.nop
core   0: 3 0x80001db8 (0x0001)
core   0: 0x80001dba (0x02d23633) mulhu   a2, tp, a3
core   0: 3 0x80001dba (0x02d23633) x12 0x00000000
core   0: 0x80001dbe (0x01a67db3) and     s11, a2, s10
core   0: 3 0x80001dbe (0x01a67db3) x27 0x00000000
core   0: 0x80001dc2 (0x02470833) mul     a6, a4, tp
core   0: 3 0x80001dc2 (0x02470833) x16 0xffffffff
core   0: 0x80001dc6 (0x00010733) add     a4, sp, zero
core   0: 3 0x80001dc6 (0x00010733) x14 0x000001ee
core   0: 0x80001dca (0x91180113) addi    sp, a6, -1775
core   0: 3 0x80001dca (0x91180113) x2  0xfffff910
core   0: 0x80001dce (0x030cb3b3) mulhu   t2, s9, a6
core   0: 3 0x80001dce (0x030cb3b3) x7  0xfffffffe
core   0: 0x80001dd2 (0x00001a7d) c.addi  s4, -1
core   0: 3 0x80001dd2 (0x1a7d) x20 0xffffffff
core   0: 0x80001dd4 (0x290dba93) sltiu   s5, s11, 656
core   0: 3 0x80001dd4 (0x290dba93) x21 0x00000001
core   0: 0x80001dd8 (0x00001d04) c.addi4spn s1, sp, 688
core   0: 3 0x80001dd8 (0x1d04) x9  0xfffffbc0
core   0: 0x80001dda (0x034b38b3) mulhu   a7, s6, s4
core   0: 3 0x80001dda (0x034b38b3) x17 0xfffffff7
core   0: 0x80001dde (0x019d4eb3) xor     t4, s10, s9
core   0: 3 0x80001dde (0x019d4eb3) x29 0xfffffffe
core   0: 0x80001de2 (0x00006d55) c.lui   s10, 0x15
core   0: 3 0x80001de2 (0x6d55) x26 0x00015000
core   0: 0x80001de4 (0x00000211) c.addi  tp, 4
core   0: 3 0x80001de4 (0x0211) x4  0x00000005
core   0: 0x80001de6 (0x0000e60d) c.bnez  a2, pc + 42
core   0: 3 0x80001de6 (0xe60d)
core   0: 0x80001de8 (0x013c62b3) or      t0, s8, s3
core   0: 3 0x80001de8 (0x013c62b3) x5  0xffbb6fbf
core   0: 0x80001dec (0x019ad493) srli    s1, s5, 25
core   0: 3 0x80001dec (0x019ad493) x9  0x00000000
core   0: 0x80001df0 (0x00cb5833) srl     a6, s6, a2
core   0: 3 0x80001df0 (0x00cb5833) x16 0xfffffff8
core   0: 0x80001df4 (0x01da0863) beq     s4, t4, pc + 16
core   0: 3 0x80001df4 (0x01da0863)
core   0: 0x80001df8 (0x03390663) beq     s2, s3, pc + 44
core   0: 3 0x80001df8 (0x03390663)
core   0: 0x80001dfc (0x0123d713) srli    a4, t2, 18
core   0: 3 0x80001dfc (0x0123d713) x14 0x00003fff
core   0: 0x80001e00 (0x01f85793) srli    a5, a6, 31
core   0: 3 0x80001e00 (0x01f85793) x15 0x00000001
core   0: 0x80001e04 (0x41f5d5b3) sra     a1, a1, t6
core   0: 3 0x80001e04 (0x41f5d5b3) x11 0x00000000
core   0: 0x80001e08 (0x01907133) and     sp, zero, s9
core   0: 3 0x80001e08 (0x01907133) x2  0x00000000
core   0: 0x80001e0c (0x02ccbd33) mulhu   s10, s9, a2
core   0: 3 0x80001e0c (0x02ccbd33) x26 0x00000000
core   0: 0x80001e10 (0x016dcc63) blt     s11, s6, pc + 24
core   0: 3 0x80001e10 (0x016dcc63)
core   0: 0x80001e14 (0x0271a133) mulhsu  sp, gp, t2
core   0: 3 0x80001e14 (0x0271a133) x2  0x00000000
core   0: 0x80001e18 (0x02c01f63) bne     zero, a2, pc + 62
core   0: 3 0x80001e18 (0x02c01f63)
core   0: 0x80001e1c (0x0151fe63) bgeu    gp, s5, pc + 28
core   0: 3 0x80001e1c (0x0151fe63)
core   0: 0x80001e20 (0x02f99e33) mulh    t3, s3, a5
core   0: 3 0x80001e20 (0x02f99e33) x28 0x00000000
core   0: 0x80001e24 (0x0327d4b3) divu    s1, a5, s2
core   0: 3 0x80001e24 (0x0327d4b3) x9  0x00000000
core   0: 0x80001e28 (0x0147c463) blt     a5, s4, pc + 8
core   0: 3 0x80001e28 (0x0147c463)
core   0: 0x80001e2c (0x02f51363) bne     a0, a5, pc + 38
core   0: 3 0x80001e2c (0x02f51363)
core   0: 0x80001e30 (0x03ce7cb3) remu    s9, t3, t3
core   0: 3 0x80001e30 (0x03ce7cb3) x25 0x00000000
core   0: 0x80001e34 (0x00eddfb3) srl     t6, s11, a4
core   0: 3 0x80001e34 (0x00eddfb3) x31 0x00000000
core   0: 0x80001e38 (0x02315a33) divu    s4, sp, gp
core   0: 3 0x80001e38 (0x02315a33) x20 0xffffffff
core   0: 0x80001e3c (0x01aa19b3) sll     s3, s4, s10
core   0: 3 0x80001e3c (0x01aa19b3) x19 0xffffffff
core   0: 0x80001e40 (0x0264c363) blt     s1, t1, pc + 38
core   0: 3 0x80001e40 (0x0264c363)
core   0: 0x80001e66 (0x0000717d) c.addi16sp sp, -16
core   0: 3 0x80001e66 (0x717d) x2  0xfffffff0
core   0: 0x80001e68 (0x31b48b17) auipc   s6, 0x31b48
core   0: 3 0x80001e68 (0x31b48b17) x22 0xb1b49e68
core   0: 0x80001e6c (0x0000860d) c.srai  a2, 3
core   0: 3 0x80001e6c (0x860d) x12 0x00000000
core   0: 0x80001e6e (0x40d45593) srai    a1, s0, 13
core   0: 3 0x80001e6e (0x40d45593) x11 0xfffc0014
core   0: 0x80001e72 (0x02298463) beq     s3, sp, pc + 40
core   0: 3 0x80001e72 (0x02298463)
core   0: 0x80001e76 (0x02a9c733) div     a4, s3, a0
core   0: 3 0x80001e76 (0x02a9c733) x14 0xffffffff
core   0: 0x80001e7a (0x01db9bb3) sll     s7, s7, t4
core   0: 3 0x80001e7a (0x01db9bb3) x23 0xc0000000
core   0: 0x80001e7e (0x41bd54b3) sra     s1, s10, s11
core   0: 3 0x80001e7e (0x41bd54b3) x9  0x00000000
core   0: 0x80001e82 (0x01a43cb3) sltu    s9, s0, s10
core   0: 3 0x80001e82 (0x01a43cb3) x25 0x00000000
core   0: 0x80001e86 (0x03b9da63) bge     s3, s11, pc + 52
core   0: 3 0x80001e86 (0x03b9da63)
core   0: 0x80001e8a (0x02479db3) mulh    s11, a5, tp
core   0: 3 0x80001e8a (0x02479db3) x27 0x00000000
core   0: 0x80001e8e (0x01b40fb3) add     t6, s0, s11
core   0: 3 0x80001e8e (0x01b40fb3) x31 0x80029ce4
core   0: 0x80001e92 (0x01cfd313) srli    t1, t6, 28
core   0: 3 0x80001e92 (0x01cfd313) x6  0x00000008
core   0: 0x80001e96 (0xa53087b7) lui     a5, 0xa5308
core   0: 3 0x80001e96 (0xa53087b7) x15 0xa5308000
core   0: 0x80001e9a (0x405e0fb3) sub     t6, t3, t0
core   0: 3 0x80001e9a (0x405e0fb3) x31 0x00449041
core   0: 0x80001e9e (0x00da5133) srl     sp, s4, a3
core   0: 3 0x80001e9e (0x00da5133) x2  0x000fffff
core   0: 0x80001ea2 (0x015e9033) sll     zero, t4, s5
core   0: 3 0x80001ea2 (0x015e9033)
core   0: 0x80001ea6 (0x018be033) or      zero, s7, s8
core   0: 3 0x80001ea6 (0x018be033)
core   0: 0x80001eaa (0x01f38ab3) add     s5, t2, t6
core   0: 3 0x80001eaa (0x01f38ab3) x21 0x0044903f
core   0: 0x80001eae (0x0000898d) c.andi  a1, 3
core   0: 3 0x80001eae (0x898d) x11 0x00000000
core   0: 0x80001eb0 (0x00008d25) c.xor   a0, s1
core   0: 3 0x80001eb0 (0x8d25) x10 0x00000001
core   0: 0x80001eb2 (0x00008d6d) c.and   a0, a1
core   0: 3 0x80001eb2 (0x8d6d) x10 0x00000000
core   0: 0x80001eb4 (0x00008a0a) c.mv    s4, sp
core   0: 3 0x80001eb4 (0x8a0a) x20 0x000fffff
core   0: 0x80001eb6 (0x000041b5) c.li    gp, 13
core   0: 3 0x80001eb6 (0x41b5) x3  0x0000000d
core   0: 0x80001eb8 (0x0000ca11) c.beqz  a2, pc + 20
core   0: 3 0x80001eb8 (0xca11)
core   0: 0x80001ecc (0x013e6933) or      s2, t3, s3
core   0: 3 0x80001ecc (0x013e6933) x18 0xffffffff
core   0: 0x80001ed0 (0x00681bb3) sll     s7, a6, t1
core   0: 3 0x80001ed0 (0x00681bb3) x23 0xfffff800
core   0: 0x80001ed4 (0x00733833) sltu    a6, t1, t2
core   0: 3 0x80001ed4 (0x00733833) x16 0x00000001
core   0: 0x80001ed8 (0x03ae4bb3) div     s7, t3, s10
core   0: 3 0x80001ed8 (0x03ae4bb3) x23 0xffffffff
core   0: 0x80001edc (0x000080a9) c.srli  s1, 10
core   0: 3 0x80001edc (0x80a9) x9  0x00000000
core   0: 0x80001ede (0x017bcdb3) xor     s11, s7, s7
core   0: 3 0x80001ede (0x017bcdb3) x27 0x00000000
core   0: 0x80001ee2 (0x0000910a) c.add   sp, sp
core   0: 3 0x80001ee2 (0x910a) x2  0x001ffffe
core   0: 0x80001ee4 (0x4c50f293) andi    t0, ra, 1221
core   0: 3 0x80001ee4 (0x4c50f293) x5  0x00000000
core   0: 0x80001ee8 (0x026a1833) mulh    a6, s4, t1
core   0: 3 0x80001ee8 (0x026a1833) x16 0x00000000
core   0: 0x80001eec (0x0308dcb3) divu    s9, a7, a6
core   0: 3 0x80001eec (0x0308dcb3) x25 0xffffffff
core   0: 0x80001ef0 (0x00008f35) c.xor   a4, a3
core   0: 3 0x80001ef0 (0x8f35) x14 0x7ffda213
core   0: 0x80001ef2 (0xf592a993) slti    s3, t0, -167
core   0: 3 0x80001ef2 (0xf592a993) x19 0x00000000
core   0: 0x80001ef6 (0x019c34b3) sltu    s1, s8, s9
core   0: 3 0x80001ef6 (0x019c34b3) x9  0x00000001
core   0: 0x80001efa (0x413f85b3) sub     a1, t6, s3
core   0: 3 0x80001efa (0x413f85b3) x11 0x00449041
core   0: 0x80001efe (0x0000717d) c.addi16sp sp, -16
core   0: 3 0x80001efe (0x717d) x2  0x001fffee
core   0: 0x80001f00 (0x0000816d) c.srli  a0, 27
core   0: 3 0x80001f00 (0x816d) x10 0x00000000
core   0: 0x80001f02 (0x00008d01) c.sub   a0, s0
core   0: 3 0x80001f02 (0x8d01) x10 0x7ffd631c
core   0: 0x80001f04 (0x02e71833) mulh    a6, a4, a4
core   0: 3 0x80001f04 (0x02e71833) x16 0x3ffda218
core   0: 0x80001f08 (0x035b4963) blt     s6, s5, pc + 50
core   0: 3 0x80001f08 (0x035b4963)
core   0: 0x80001f3a (0x000010fd) c.addi  ra, -1
core   0: 3 0x80001f3a (0x10fd) x1  0xffffffff
core   0: 0x80001f3c (0x011c31b3) sltu    gp, s8, a7
core   0: 3 0x80001f3c (0x011c31b3) x3  0x00000001
core   0: 0x80001f40 (0x646c3493) sltiu   s1, s8, 1606
core   0: 3 0x80001f40 (0x646c3493) x9  0x00000000
core   0: 0x80001f44 (0x00000001) c.nop
core   0: 3 0x80001f44 (0x0001)
core   0: 0x80001f46 (0x707e9797) auipc   a5, 0x707e9
core   0: 3 0x80001f46 (0x707e9797) x15 0xf07eaf46
core   0: 0x80001f4a (0x40cf5113) srai    sp, t5, 12
core   0: 3 0x80001f4a (0x40cf5113) x2  0x00000000
core   0: 0x80001f4e (0x03914e33) div     t3, sp, s9
core   0: 3 0x80001f4e (0x03914e33) x28 0x00000000
core   0: 0x80001f52 (0x01a4edb3) or      s11, s1, s10
core   0: 3 0x80001f52 (0x01a4edb3) x27 0x00000000
core   0: 0x80001f56 (0x02828d33) mul     s10, t0, s0
core   0: 3 0x80001f56 (0x02828d33) x26 0x00000000
core   0: 0x80001f5a (0x5aca9f97) auipc   t6, 0x5aca9
core   0: 3 0x80001f5a (0x5aca9f97) x31 0xdacaaf5a
core   0: 0x80001f5e (0x00a7e9b3) or      s3, a5, a0
core   0: 3 0x80001f5e (0x00a7e9b3) x19 0xffffef5e
core   0: 0x80001f62 (0x00008d89) c.sub   a1, a0
core   0: 3 0x80001f62 (0x8d89) x11 0x80472d25
core   0: 0x80001f64 (0x0000e18d) c.bnez  a1, pc + 34
core   0: 3 0x80001f64 (0xe18d)
core   0: 0x80001f86 (0xbd858193) addi    gp, a1, -1064
core   0: 3 0x80001f86 (0xbd858193) x3  0x804728fd
core   0: 0x80001f8a (0xa7252f93) slti    t6, a0, -1422
core   0: 3 0x80001f8a (0xa7252f93) x31 0x00000000
core   0: 0x80001f8e (0x0000ea0d) c.bnez  a2, pc + 50
core   0: 3 0x80001f8e (0xea0d)
core   0: 0x80001f90 (0x00494eb3) xor     t4, s2, tp
core   0: 3 0x80001f90 (0x00494eb3) x29 0xfffffffa
core   0: 0x80001f94 (0x00000e97) auipc   t4, 0x0
core   0: 3 0x80001f94 (0x00000e97) x29 0x80001f94
core   0: 0x80001f98 (0x326e8e93) addi    t4, t4, 806
core   0: 3 0x80001f98 (0x326e8e93) x29 0x800022ba
core   0: 0x80001f9c (0x00008625) c.srai  a2, 9
core   0: 3 0x80001f9c (0x8625) x12 0x00000000
core   0: 0x80001f9e (0x21ae8e93) addi    t4, t4, 538
core   0: 3 0x80001f9e (0x21ae8e93) x29 0x800024d4
core   0: 0x80001fa2 (0x00000001) c.nop
core   0: 3 0x80001fa2 (0x0001)
core   0: 0x80001fa4 (0x00000e62) c.slli  t3, 24
core   0: 3 0x80001fa4 (0x0e62) x28 0x00000000
core   0: 0x80001fa6 (0x030c42b3) div     t0, s8, a6
core   0: 3 0x80001fa6 (0x030c42b3) x5  0x00000000
core   0: 0x80001faa (0x02183e33) mulhu   t3, a6, ra
core   0: 3 0x80001faa (0x02183e33) x28 0x3ffda217
core   0: 0x80001fae (0x01d0e563) bltu    ra, t4, pc + 10
core   0: 3 0x80001fae (0x01d0e563)
core   0: 0x80001fb2 (0x026b2e33) mulhsu  t3, s6, t1
core   0: 3 0x80001fb2 (0x026b2e33) x28 0xfffffffd
core   0: 0x80001fb6 (0x0000980a) c.add   a6, sp
core   0: 3 0x80001fb6 (0x980a) x16 0x3ffda218
core   0: 0x80001fb8 (0xde7e8367) jalr    t1, t4, -537
core   0: 3 0x80001fb8 (0xde7e8367) x6  0x80001fbc
core   0: 0x800022ba (0x02f23ab3) mulhu   s5, tp, a5
core   0: 3 0x800022ba (0x02f23ab3) x21 0x00000004
core   0: 0x800022be (0x03a8d233) divu    tp, a7, s10
core   0: 3 0x800022be (0x03a8d233) x4  0xffffffff
core   0: 0x800022c2 (0x000016c1) c.addi  a3, -16
core   0: 3 0x800022c2 (0x16c1) x13 0x80025ddc
core   0: 0x800022c4 (0x0066a223) sw      t1, 4(a3)
core   0: 3 0x800022c4 (0x0066a223) mem 0x80025de0 0x80001fbc
core   0: 0x800022c8 (0x00809f93) slli    t6, ra, 8
core   0: 3 0x800022c8 (0x00809f93) x31 0xffffff00
core   0: 0x800022cc (0x0254e8b3) rem     a7, s1, t0
core   0: 3 0x800022cc (0x0254e8b3) x17 0x00000000
core   0: 0x800022d0 (0x00f50f33) add     t5, a0, a5
core   0: 3 0x800022d0 (0x00f50f33) x30 0x707c1262
core   0: 0x800022d4 (0x00008c81) c.sub   s1, s0
core   0: 3 0x800022d4 (0x8c81) x9  0x7ffd631c
core   0: 0x800022d6 (0x00000d32) c.slli  s10, 12
core   0: 3 0x800022d6 (0x0d32) x26 0x00000000
core   0: 0x800022d8 (0x0122ceb3) xor     t4, t0, s2
core   0: 3 0x800022d8 (0x0122ceb3) x29 0xffffffff
core   0: 0x800022dc (0x03bf7d33) remu    s10, t5, s11
core   0: 3 0x800022dc (0x03bf7d33) x26 0x707c1262
core   0: 0x800022e0 (0x00005675) c.li    a2, -3
core   0: 3 0x800022e0 (0x5675) x12 0xfffffffd
core   0: 0x800022e2 (0x0000098c) c.addi4spn a1, sp, 208
core   0: 3 0x800022e2 (0x098c) x11 0x000000d0
core   0: 0x800022e4 (0x035103b3) mul     t2, sp, s5
core   0: 3 0x800022e4 (0x035103b3) x7  0x00000000
core   0: 0x800022e8 (0x40b5d213) srai    tp, a1, 11
core   0: 3 0x800022e8 (0x40b5d213) x4  0x00000000
core   0: 0x800022ec (0x02bff4b3) remu    s1, t6, a1
core   0: 3 0x800022ec (0x02bff4b3) x9  0x00000000
core   0: 0x800022f0 (0x00000001) c.nop
core   0: 3 0x800022f0 (0x0001)
core   0: 0x800022f2 (0x00008d11) c.sub   a0, a2
core   0: 3 0x800022f2 (0x8d11) x10 0x7ffd631f
core   0: 0x800022f4 (0x038bbeb3) mulhu   t4, s7, s8
core   0: 3 0x800022f4 (0x038bbeb3) x29 0xfba32396
core   0: 0x800022f8 (0x004a5db3) srl     s11, s4, tp
core   0: 3 0x800022f8 (0x004a5db3) x27 0x000fffff
core   0: 0x800022fc (0x00a88833) add     a6, a7, a0
core   0: 3 0x800022fc (0x00a88833) x16 0x7ffd631f
core   0: 0x80002300 (0x0000060d) c.addi  a2, 3
core   0: 3 0x80002300 (0x060d) x12 0x00000000
core   0: 0x80002302 (0x01b1a833) slt     a6, gp, s11
core   0: 3 0x80002302 (0x01b1a833) x16 0x00000001
core   0: 0x80002306 (0x0000f67d) c.bnez  a2, pc - 18
core   0: 3 0x80002306 (0xf67d)
core   0: 0x80002308 (0x40815113) srai    sp, sp, 8
core   0: 3 0x80002308 (0x40815113) x2  0x00000000
core   0: 0x8000230c (0x000054ed) c.li    s1, -5
core   0: 3 0x8000230c (0x54ed) x9  0xfffffffb
core   0: 0x8000230e (0x00000001) c.nop
core   0: 3 0x8000230e (0x0001)
core   0: 0x80002310 (0x01d3c5b3) xor     a1, t2, t4
core   0: 3 0x80002310 (0x01d3c5b3) x11 0xfba32396
core   0: 0x80002314 (0x00000485) c.addi  s1, 1
core   0: 3 0x80002314 (0x0485) x9  0xfffffffc
core   0: 0x80002316 (0x000057e5) c.li    a5, -7
core   0: 3 0x80002316 (0x57e5) x15 0xfffffff9
core   0: 0x80002318 (0x00005565) c.li    a0, -7
core   0: 3 0x80002318 (0x5565) x10 0xfffffff9
core   0: 0x8000231a (0x00000001) c.nop
core   0: 3 0x8000231a (0x0001)
core   0: 0x8000231c (0x415cddb3) sra     s11, s9, s5
core   0: 3 0x8000231c (0x415cddb3) x27 0xffffffff
core   0: 0x80002320 (0x000017f9) c.addi  a5, -2
core   0: 3 0x80002320 (0x17f9) x15 0xfffffff7
core   0: 0x80002322 (0xfea7dce3) bge     a5, a0, pc - 8
core   0: 3 0x80002322 (0xfea7dce3)
core   0: 0x80002326 (0x0000f4ed) c.bnez  s1, pc - 22
core   0: 3 0x80002326 (0xf4ed)
core   0: 0x80002310 (0x01d3c5b3) xor     a1, t2, t4
core   0: 3 0x80002310 (0x01d3c5b3) x11 0xfba32396
core   0: 0x80002314 (0x00000485) c.addi  s1, 1
core   0: 3 0x80002314 (0x0485) x9  0xfffffffd
core   0: 0x80002316 (0x000057e5) c.li    a5, -7
core   0: 3 0x80002316 (0x57e5) x15 0xfffffff9
core   0: 0x80002318 (0x00005565) c.li    a0, -7
core   0: 3 0x80002318 (0x5565) x10 0xfffffff9
core   0: 0x8000231a (0x00000001) c.nop
core   0: 3 0x8000231a (0x0001)
core   0: 0x8000231c (0x415cddb3) sra     s11, s9, s5
core   0: 3 0x8000231c (0x415cddb3) x27 0xffffffff
core   0: 0x80002320 (0x000017f9) c.addi  a5, -2
core   0: 3 0x80002320 (0x17f9) x15 0xfffffff7
core   0: 0x80002322 (0xfea7dce3) bge     a5, a0, pc - 8
core   0: 3 0x80002322 (0xfea7dce3)
core   0: 0x80002326 (0x0000f4ed) c.bnez  s1, pc - 22
core   0: 3 0x80002326 (0xf4ed)
core   0: 0x80002310 (0x01d3c5b3) xor     a1, t2, t4
core   0: 3 0x80002310 (0x01d3c5b3) x11 0xfba32396
core   0: 0x80002314 (0x00000485) c.addi  s1, 1
core   0: 3 0x80002314 (0x0485) x9  0xfffffffe
core   0: 0x80002316 (0x000057e5) c.li    a5, -7
core   0: 3 0x80002316 (0x57e5) x15 0xfffffff9
core   0: 0x80002318 (0x00005565) c.li    a0, -7
core   0: 3 0x80002318 (0x5565) x10 0xfffffff9
core   0: 0x8000231a (0x00000001) c.nop
core   0: 3 0x8000231a (0x0001)
core   0: 0x8000231c (0x415cddb3) sra     s11, s9, s5
core   0: 3 0x8000231c (0x415cddb3) x27 0xffffffff
core   0: 0x80002320 (0x000017f9) c.addi  a5, -2
core   0: 3 0x80002320 (0x17f9) x15 0xfffffff7
core   0: 0x80002322 (0xfea7dce3) bge     a5, a0, pc - 8
core   0: 3 0x80002322 (0xfea7dce3)
core   0: 0x80002326 (0x0000f4ed) c.bnez  s1, pc - 22
core   0: 3 0x80002326 (0xf4ed)
core   0: 0x80002310 (0x01d3c5b3) xor     a1, t2, t4
core   0: 3 0x80002310 (0x01d3c5b3) x11 0xfba32396
core   0: 0x80002314 (0x00000485) c.addi  s1, 1
core   0: 3 0x80002314 (0x0485) x9  0xffffffff
core   0: 0x80002316 (0x000057e5) c.li    a5, -7
core   0: 3 0x80002316 (0x57e5) x15 0xfffffff9
core   0: 0x80002318 (0x00005565) c.li    a0, -7
core   0: 3 0x80002318 (0x5565) x10 0xfffffff9
core   0: 0x8000231a (0x00000001) c.nop
core   0: 3 0x8000231a (0x0001)
core   0: 0x8000231c (0x415cddb3) sra     s11, s9, s5
core   0: 3 0x8000231c (0x415cddb3) x27 0xffffffff
core   0: 0x80002320 (0x000017f9) c.addi  a5, -2
core   0: 3 0x80002320 (0x17f9) x15 0xfffffff7
core   0: 0x80002322 (0xfea7dce3) bge     a5, a0, pc - 8
core   0: 3 0x80002322 (0xfea7dce3)
core   0: 0x80002326 (0x0000f4ed) c.bnez  s1, pc - 22
core   0: 3 0x80002326 (0xf4ed)
core   0: 0x80002310 (0x01d3c5b3) xor     a1, t2, t4
core   0: 3 0x80002310 (0x01d3c5b3) x11 0xfba32396
core   0: 0x80002314 (0x00000485) c.addi  s1, 1
core   0: 3 0x80002314 (0x0485) x9  0x00000000
core   0: 0x80002316 (0x000057e5) c.li    a5, -7
core   0: 3 0x80002316 (0x57e5) x15 0xfffffff9
core   0: 0x80002318 (0x00005565) c.li    a0, -7
core   0: 3 0x80002318 (0x5565) x10 0xfffffff9
core   0: 0x8000231a (0x00000001) c.nop
core   0: 3 0x8000231a (0x0001)
core   0: 0x8000231c (0x415cddb3) sra     s11, s9, s5
core   0: 3 0x8000231c (0x415cddb3) x27 0xffffffff
core   0: 0x80002320 (0x000017f9) c.addi  a5, -2
core   0: 3 0x80002320 (0x17f9) x15 0xfffffff7
core   0: 0x80002322 (0xfea7dce3) bge     a5, a0, pc - 8
core   0: 3 0x80002322 (0xfea7dce3)
core   0: 0x80002326 (0x0000f4ed) c.bnez  s1, pc - 22
core   0: 3 0x80002326 (0xf4ed)
core   0: 0x80002328 (0x0053bab3) sltu    s5, t2, t0
core   0: 3 0x80002328 (0x0053bab3) x21 0x00000000
core   0: 0x8000232c (0x0000451d) c.li    a0, 7
core   0: 3 0x8000232c (0x451d) x10 0x00000007
core   0: 0x8000232e (0x414c5fb3) sra     t6, s8, s4
core   0: 3 0x8000232e (0x414c5fb3) x31 0xffffffff
core   0: 0x80002332 (0xeae48d93) addi    s11, s1, -338
core   0: 3 0x80002332 (0xeae48d93) x27 0xfffffeae
core   0: 0x80002336 (0x00ebdc93) srli    s9, s7, 14
core   0: 3 0x80002336 (0x00ebdc93) x25 0x0003ffff
core   0: 0x8000233a (0x000005fe) c.slli  a1, 31
core   0: 3 0x8000233a (0x05fe) x11 0x00000000
core   0: 0x8000233c (0x00004495) c.li    s1, 5
core   0: 3 0x8000233c (0x4495) x9  0x00000005
core   0: 0x8000233e (0xe7b52037) lui     zero, 0xe7b52
core   0: 3 0x8000233e (0xe7b52037)
core   0: 0x80002342 (0x619d6a17) auipc   s4, 0x619d6
core   0: 3 0x80002342 (0x619d6a17) x20 0xe19d8342
core   0: 0x80002346 (0x00008599) c.srai  a1, 6
core   0: 3 0x80002346 (0x8599) x11 0x00000000
core   0: 0x80002348 (0x02ea67b3) rem     a5, s4, a4
core   0: 3 0x80002348 (0x02ea67b3) x15 0xe19d8342
core   0: 0x8000234c (0x46e1ab13) slti    s6, gp, 1134
core   0: 3 0x8000234c (0x46e1ab13) x22 0x00000001
core   0: 0x80002350 (0x00008e39) c.xor   a2, a4
core   0: 3 0x80002350 (0x8e39) x12 0x7ffda213
core   0: 0x80002352 (0x00008e11) c.sub   a2, a2
core   0: 3 0x80002352 (0x8e11) x12 0x00000000
core   0: 0x80002354 (0x09bcbf13) sltiu   t5, s9, 155
core   0: 3 0x80002354 (0x09bcbf13) x30 0x00000000
core   0: 0x80002358 (0x037b08b3) mul     a7, s6, s7
core   0: 3 0x80002358 (0x037b08b3) x17 0xffffffff
core   0: 0x8000235c (0x4118de33) sra     t3, a7, a7
core   0: 3 0x8000235c (0x4118de33) x28 0xffffffff
core   0: 0x80002360 (0x00008e55) c.or    a2, a3
core   0: 3 0x80002360 (0x8e55) x12 0x80025ddc
core   0: 0x80002362 (0x0142abb3) slt     s7, t0, s4
core   0: 3 0x80002362 (0x0142abb3) x23 0x00000000
core   0: 0x80002366 (0x01182933) slt     s2, a6, a7
core   0: 3 0x80002366 (0x01182933) x18 0x00000000
core   0: 0x8000236a (0x01d311b3) sll     gp, t1, t4
core   0: 3 0x8000236a (0x01d311b3) x3  0xef000000
core   0: 0x8000236e (0x013b3d33) sltu    s10, s6, s3
core   0: 3 0x8000236e (0x013b3d33) x26 0x00000001
core   0: 0x80002372 (0x40c00633) sub     a2, zero, a2
core   0: 3 0x80002372 (0x40c00633) x12 0x7ffda224
core   0: 0x80002376 (0x027a3cb3) mulhu   s9, s4, t2
core   0: 3 0x80002376 (0x027a3cb3) x25 0x00000000
core   0: 0x8000237a (0x0000156d) c.addi  a0, -5
core   0: 3 0x8000237a (0x156d) x10 0x00000002
core   0: 0x8000237c (0x00009b7d) c.andi  a4, -1
core   0: 3 0x8000237c (0x9b7d) x14 0x7ffda213
core   0: 0x8000237e (0x6b96f3b7) lui     t2, 0x6b96f
core   0: 3 0x8000237e (0x6b96f3b7) x7  0x6b96f000
core   0: 0x80002382 (0xfc9559e3) bge     a0, s1, pc - 46
core   0: 3 0x80002382 (0xfc9559e3)
core   0: 0x80002386 (0x00008d95) c.sub   a1, a3
core   0: 3 0x80002386 (0x8d95) x11 0x7ffda224
core   0: 0x80002388 (0x00004719) c.li    a4, 6
core   0: 3 0x80002388 (0x4719) x14 0x00000006
core   0: 0x8000238a (0x0089aa33) slt     s4, s3, s0
core   0: 3 0x8000238a (0x0089aa33) x20 0x00000000
core   0: 0x8000238e (0x00006efd) c.lui   t4, 0x1f
core   0: 3 0x8000238e (0x6efd) x29 0x0001f000
core   0: 0x80002390 (0x00004b09) c.li    s6, 2
core   0: 3 0x80002390 (0x4b09) x22 0x00000002
core   0: 0x80002392 (0x9c5c3e13) sltiu   t3, s8, -1595
core   0: 3 0x80002392 (0x9c5c3e13) x28 0x00000001
core   0: 0x80002396 (0x00001a7d) c.addi  s4, -1
core   0: 3 0x80002396 (0x1a7d) x20 0xffffffff
core   0: 0x80002398 (0x6ac88993) addi    s3, a7, 1708
core   0: 3 0x80002398 (0x6ac88993) x19 0x000006ab
core   0: 0x8000239c (0x000087c1) c.srai  a5, 16
core   0: 3 0x8000239c (0x87c1) x15 0xffffe19d
core   0: 0x8000239e (0x838a3013) sltiu   zero, s4, -1992
core   0: 3 0x8000239e (0x838a3013)
core   0: 0x800023a2 (0x01a86bb3) or      s7, a6, s10
core   0: 3 0x800023a2 (0x01a86bb3) x23 0x00000001
core   0: 0x800023a6 (0x00008251) c.srli  a2, 20
core   0: 3 0x800023a6 (0x8251) x12 0x000007ff
core   0: 0x800023a8 (0x02e33f33) mulhu   t5, t1, a4
core   0: 3 0x800023a8 (0x02e33f33) x30 0x00000003
core   0: 0x800023ac (0x00001775) c.addi  a4, -3
core   0: 3 0x800023ac (0x1775) x14 0x00000003
core   0: 0x800023ae (0x00006125) c.addi16sp sp, 96
core   0: 3 0x800023ae (0x6125) x2  0x00000060
core   0: 0x800023b0 (0x0000449d) c.li    s1, 7
core   0: 3 0x800023b0 (0x449d) x9  0x00000007
core   0: 0x800023b2 (0xb6c87c93) andi    s9, a6, -1172
core   0: 3 0x800023b2 (0xb6c87c93) x25 0x00000000
core   0: 0x800023b6 (0x408fda33) sra     s4, t6, s0
core   0: 3 0x800023b6 (0x408fda33) x20 0xffffffff
core   0: 0x800023ba (0x000045a9) c.li    a1, 10
core   0: 3 0x800023ba (0x45a9) x11 0x0000000a
core   0: 0x800023bc (0x00387133) and     sp, a6, gp
core   0: 3 0x800023bc (0x00387133) x2  0x00000000
core   0: 0x800023c0 (0x000001ee) c.slli  gp, 27
core   0: 3 0x800023c0 (0x01ee) x3  0x00000000
core   0: 0x800023c2 (0x00009ff2) c.add   t6, t3
core   0: 3 0x800023c2 (0x9ff2) x31 0x00000000
core   0: 0x800023c4 (0x00004505) c.li    a0, 1
core   0: 3 0x800023c4 (0x4505) x10 0x00000001
core   0: 0x800023c6 (0x005b5513) srli    a0, s6, 5
core   0: 3 0x800023c6 (0x005b5513) x10 0x00000000
core   0: 0x800023ca (0x0dfb0b93) addi    s7, s6, 223
core   0: 3 0x800023ca (0x0dfb0b93) x23 0x000000e1
core   0: 0x800023ce (0x00000485) c.addi  s1, 1
core   0: 3 0x800023ce (0x0485) x9  0x00000008
core   0: 0x800023d0 (0x00000001) c.nop
core   0: 3 0x800023d0 (0x0001)
core   0: 0x800023d2 (0x03e081b3) mul     gp, ra, t5
core   0: 3 0x800023d2 (0x03e081b3) x3  0xfffffffd
core   0: 0x800023d6 (0x00009fd6) c.add   t6, s5
core   0: 3 0x800023d6 (0x9fd6) x31 0x00000000
core   0: 0x800023d8 (0xfeb485e3) beq     s1, a1, pc - 22
core   0: 3 0x800023d8 (0xfeb485e3)
core   0: 0x800023dc (0xfd6753e3) bge     a4, s6, pc - 58
core   0: 3 0x800023dc (0xfd6753e3)
core   0: 0x800023a2 (0x01a86bb3) or      s7, a6, s10
core   0: 3 0x800023a2 (0x01a86bb3) x23 0x00000001
core   0: 0x800023a6 (0x00008251) c.srli  a2, 20
core   0: 3 0x800023a6 (0x8251) x12 0x00000000
core   0: 0x800023a8 (0x02e33f33) mulhu   t5, t1, a4
core   0: 3 0x800023a8 (0x02e33f33) x30 0x00000001
core   0: 0x800023ac (0x00001775) c.addi  a4, -3
core   0: 3 0x800023ac (0x1775) x14 0x00000000
core   0: 0x800023ae (0x00006125) c.addi16sp sp, 96
core   0: 3 0x800023ae (0x6125) x2  0x00000060
core   0: 0x800023b0 (0x0000449d) c.li    s1, 7
core   0: 3 0x800023b0 (0x449d) x9  0x00000007
core   0: 0x800023b2 (0xb6c87c93) andi    s9, a6, -1172
core   0: 3 0x800023b2 (0xb6c87c93) x25 0x00000000
core   0: 0x800023b6 (0x408fda33) sra     s4, t6, s0
core   0: 3 0x800023b6 (0x408fda33) x20 0x00000000
core   0: 0x800023ba (0x000045a9) c.li    a1, 10
core   0: 3 0x800023ba (0x45a9) x11 0x0000000a
core   0: 0x800023bc (0x00387133) and     sp, a6, gp
core   0: 3 0x800023bc (0x00387133) x2  0x00000001
core   0: 0x800023c0 (0x000001ee) c.slli  gp, 27
core   0: 3 0x800023c0 (0x01ee) x3  0xe8000000
core   0: 0x800023c2 (0x00009ff2) c.add   t6, t3
core   0: 3 0x800023c2 (0x9ff2) x31 0x00000001
core   0: 0x800023c4 (0x00004505) c.li    a0, 1
core   0: 3 0x800023c4 (0x4505) x10 0x00000001
core   0: 0x800023c6 (0x005b5513) srli    a0, s6, 5
core   0: 3 0x800023c6 (0x005b5513) x10 0x00000000
core   0: 0x800023ca (0x0dfb0b93) addi    s7, s6, 223
core   0: 3 0x800023ca (0x0dfb0b93) x23 0x000000e1
core   0: 0x800023ce (0x00000485) c.addi  s1, 1
core   0: 3 0x800023ce (0x0485) x9  0x00000008
core   0: 0x800023d0 (0x00000001) c.nop
core   0: 3 0x800023d0 (0x0001)
core   0: 0x800023d2 (0x03e081b3) mul     gp, ra, t5
core   0: 3 0x800023d2 (0x03e081b3) x3  0xffffffff
core   0: 0x800023d6 (0x00009fd6) c.add   t6, s5
core   0: 3 0x800023d6 (0x9fd6) x31 0x00000001
core   0: 0x800023d8 (0xfeb485e3) beq     s1, a1, pc - 22
core   0: 3 0x800023d8 (0xfeb485e3)
core   0: 0x800023dc (0xfd6753e3) bge     a4, s6, pc - 58
core   0: 3 0x800023dc (0xfd6753e3)
core   0: 0x800023e0 (0x00008e55) c.or    a2, a3
core   0: 3 0x800023e0 (0x8e55) x12 0x80025ddc
core   0: 0x800023e2 (0x0000567d) c.li    a2, -1
core   0: 3 0x800023e2 (0x567d) x12 0xffffffff
core   0: 0x800023e4 (0x00000001) c.nop
core   0: 3 0x800023e4 (0x0001)
core   0: 0x800023e6 (0x00000001) c.nop
core   0: 3 0x800023e6 (0x0001)
core   0: 0x800023e8 (0x01045713) srli    a4, s0, 16
core   0: 3 0x800023e8 (0x01045713) x14 0x00008002
core   0: 0x800023ec (0x00000605) c.addi  a2, 1
core   0: 3 0x800023ec (0x0605) x12 0x00000000
core   0: 0x800023ee (0x0000fe65) c.bnez  a2, pc - 8
core   0: 3 0x800023ee (0xfe65)
core   0: 0x800023f0 (0x00008dad) c.xor   a1, a1
core   0: 3 0x800023f0 (0x8dad) x11 0x00000000
core   0: 0x800023f2 (0x00005fe5) c.li    t6, -7
core   0: 3 0x800023f2 (0x5fe5) x31 0xfffffff9
core   0: 0x800023f4 (0x03eeedb3) rem     s11, t4, t5
core   0: 3 0x800023f4 (0x03eeedb3) x27 0x00000000
core   0: 0x800023f8 (0x02f25733) divu    a4, tp, a5
core   0: 3 0x800023f8 (0x02f25733) x14 0x00000000
core   0: 0x800023fc (0x000c64b3) or      s1, s8, zero
core   0: 3 0x800023fc (0x000c64b3) x9  0xfba32397
core   0: 0x80002400 (0x0dd6f593) andi    a1, a3, 221
core   0: 3 0x80002400 (0x0dd6f593) x11 0x000000dc
core   0: 0x80002404 (0x02b40e33) mul     t3, s0, a1
core   0: 3 0x80002404 (0x02b40e33) x28 0x023ed3f0
core   0: 0x80002408 (0x00819933) sll     s2, gp, s0
core   0: 3 0x80002408 (0x00819933) x18 0xfffffff0
core   0: 0x8000240c (0x000041c9) c.li    gp, 18
core   0: 3 0x8000240c (0x41c9) x3  0x00000012
core   0: 0x8000240e (0x02877933) remu    s2, a4, s0
core   0: 3 0x8000240e (0x02877933) x18 0x00000000
core   0: 0x80002412 (0x025e6b33) rem     s6, t3, t0
core   0: 3 0x80002412 (0x025e6b33) x22 0x023ed3f0
core   0: 0x80002416 (0x00001d90) c.addi4spn a2, sp, 752
core   0: 3 0x80002416 (0x1d90) x12 0x000002f1
core   0: 0x80002418 (0x00000f85) c.addi  t6, 1
core   0: 3 0x80002418 (0x0f85) x31 0xfffffffa
core   0: 0x8000241a (0x003db033) sltu    zero, s11, gp
core   0: 3 0x8000241a (0x003db033)
core   0: 0x8000241e (0x03f5af33) mulhsu  t5, a1, t6
core   0: 3 0x8000241e (0x03f5af33) x30 0x000000db
core   0: 0x80002422 (0x019bd593) srli    a1, s7, 25
core   0: 3 0x80002422 (0x019bd593) x11 0x00000000
core   0: 0x80002426 (0x41d383b3) sub     t2, t2, t4
core   0: 3 0x80002426 (0x41d383b3) x7  0x6b950000
core   0: 0x8000242a (0xfe3fc4e3) blt     t6, gp, pc - 24
core   0: 3 0x8000242a (0xfe3fc4e3)
core   0: 0x80002412 (0x025e6b33) rem     s6, t3, t0
core   0: 3 0x80002412 (0x025e6b33) x22 0x023ed3f0
core   0: 0x80002416 (0x00001d90) c.addi4spn a2, sp, 752
core   0: 3 0x80002416 (0x1d90) x12 0x000002f1
core   0: 0x80002418 (0x00000f85) c.addi  t6, 1
core   0: 3 0x80002418 (0x0f85) x31 0xfffffffb
core   0: 0x8000241a (0x003db033) sltu    zero, s11, gp
core   0: 3 0x8000241a (0x003db033)
core   0: 0x8000241e (0x03f5af33) mulhsu  t5, a1, t6
core   0: 3 0x8000241e (0x03f5af33) x30 0x00000000
core   0: 0x80002422 (0x019bd593) srli    a1, s7, 25
core   0: 3 0x80002422 (0x019bd593) x11 0x00000000
core   0: 0x80002426 (0x41d383b3) sub     t2, t2, t4
core   0: 3 0x80002426 (0x41d383b3) x7  0x6b931000
core   0: 0x8000242a (0xfe3fc4e3) blt     t6, gp, pc - 24
core   0: 3 0x8000242a (0xfe3fc4e3)
core   0: 0x80002412 (0x025e6b33) rem     s6, t3, t0
core   0: 3 0x80002412 (0x025e6b33) x22 0x023ed3f0
core   0: 0x80002416 (0x00001d90) c.addi4spn a2, sp, 752
core   0: 3 0x80002416 (0x1d90) x12 0x000002f1
core   0: 0x80002418 (0x00000f85) c.addi  t6, 1
core   0: 3 0x80002418 (0x0f85) x31 0xfffffffc
core   0: 0x8000241a (0x003db033) sltu    zero, s11, gp
core   0: 3 0x8000241a (0x003db033)
core   0: 0x8000241e (0x03f5af33) mulhsu  t5, a1, t6
core   0: 3 0x8000241e (0x03f5af33) x30 0x00000000
core   0: 0x80002422 (0x019bd593) srli    a1, s7, 25
core   0: 3 0x80002422 (0x019bd593) x11 0x00000000
core   0: 0x80002426 (0x41d383b3) sub     t2, t2, t4
core   0: 3 0x80002426 (0x41d383b3) x7  0x6b912000
core   0: 0x8000242a (0xfe3fc4e3) blt     t6, gp, pc - 24
core   0: 3 0x8000242a (0xfe3fc4e3)
core   0: 0x80002412 (0x025e6b33) rem     s6, t3, t0
core   0: 3 0x80002412 (0x025e6b33) x22 0x023ed3f0
core   0: 0x80002416 (0x00001d90) c.addi4spn a2, sp, 752
core   0: 3 0x80002416 (0x1d90) x12 0x000002f1
core   0: 0x80002418 (0x00000f85) c.addi  t6, 1
core   0: 3 0x80002418 (0x0f85) x31 0xfffffffd
core   0: 0x8000241a (0x003db033) sltu    zero, s11, gp
core   0: 3 0x8000241a (0x003db033)
core   0: 0x8000241e (0x03f5af33) mulhsu  t5, a1, t6
core   0: 3 0x8000241e (0x03f5af33) x30 0x00000000
core   0: 0x80002422 (0x019bd593) srli    a1, s7, 25
core   0: 3 0x80002422 (0x019bd593) x11 0x00000000
core   0: 0x80002426 (0x41d383b3) sub     t2, t2, t4
core   0: 3 0x80002426 (0x41d383b3) x7  0x6b8f3000
core   0: 0x8000242a (0xfe3fc4e3) blt     t6, gp, pc - 24
core   0: 3 0x8000242a (0xfe3fc4e3)
core   0: 0x80002412 (0x025e6b33) rem     s6, t3, t0
core   0: 3 0x80002412 (0x025e6b33) x22 0x023ed3f0
core   0: 0x80002416 (0x00001d90) c.addi4spn a2, sp, 752
core   0: 3 0x80002416 (0x1d90) x12 0x000002f1
core   0: 0x80002418 (0x00000f85) c.addi  t6, 1
core   0: 3 0x80002418 (0x0f85) x31 0xfffffffe
core   0: 0x8000241a (0x003db033) sltu    zero, s11, gp
core   0: 3 0x8000241a (0x003db033)
core   0: 0x8000241e (0x03f5af33) mulhsu  t5, a1, t6
core   0: 3 0x8000241e (0x03f5af33) x30 0x00000000
core   0: 0x80002422 (0x019bd593) srli    a1, s7, 25
core   0: 3 0x80002422 (0x019bd593) x11 0x00000000
core   0: 0x80002426 (0x41d383b3) sub     t2, t2, t4
core   0: 3 0x80002426 (0x41d383b3) x7  0x6b8d4000
core   0: 0x8000242a (0xfe3fc4e3) blt     t6, gp, pc - 24
core   0: 3 0x8000242a (0xfe3fc4e3)
core   0: 0x80002412 (0x025e6b33) rem     s6, t3, t0
core   0: 3 0x80002412 (0x025e6b33) x22 0x023ed3f0
core   0: 0x80002416 (0x00001d90) c.addi4spn a2, sp, 752
core   0: 3 0x80002416 (0x1d90) x12 0x000002f1
core   0: 0x80002418 (0x00000f85) c.addi  t6, 1
core   0: 3 0x80002418 (0x0f85) x31 0xffffffff
core   0: 0x8000241a (0x003db033) sltu    zero, s11, gp
core   0: 3 0x8000241a (0x003db033)
core   0: 0x8000241e (0x03f5af33) mulhsu  t5, a1, t6
core   0: 3 0x8000241e (0x03f5af33) x30 0x00000000
core   0: 0x80002422 (0x019bd593) srli    a1, s7, 25
core   0: 3 0x80002422 (0x019bd593) x11 0x00000000
core   0: 0x80002426 (0x41d383b3) sub     t2, t2, t4
core   0: 3 0x80002426 (0x41d383b3) x7  0x6b8b5000
core   0: 0x8000242a (0xfe3fc4e3) blt     t6, gp, pc - 24
core   0: 3 0x8000242a (0xfe3fc4e3)
core   0: 0x80002412 (0x025e6b33) rem     s6, t3, t0
core   0: 3 0x80002412 (0x025e6b33) x22 0x023ed3f0
core   0: 0x80002416 (0x00001d90) c.addi4spn a2, sp, 752
core   0: 3 0x80002416 (0x1d90) x12 0x000002f1
core   0: 0x80002418 (0x00000f85) c.addi  t6, 1
core   0: 3 0x80002418 (0x0f85) x31 0x00000000
core   0: 0x8000241a (0x003db033) sltu    zero, s11, gp
core   0: 3 0x8000241a (0x003db033)
core   0: 0x8000241e (0x03f5af33) mulhsu  t5, a1, t6
core   0: 3 0x8000241e (0x03f5af33) x30 0x00000000
core   0: 0x80002422 (0x019bd593) srli    a1, s7, 25
core   0: 3 0x80002422 (0x019bd593) x11 0x00000000
core   0: 0x80002426 (0x41d383b3) sub     t2, t2, t4
core   0: 3 0x80002426 (0x41d383b3) x7  0x6b896000
core   0: 0x8000242a (0xfe3fc4e3) blt     t6, gp, pc - 24
core   0: 3 0x8000242a (0xfe3fc4e3)
core   0: 0x80002412 (0x025e6b33) rem     s6, t3, t0
core   0: 3 0x80002412 (0x025e6b33) x22 0x023ed3f0
core   0: 0x80002416 (0x00001d90) c.addi4spn a2, sp, 752
core   0: 3 0x80002416 (0x1d90) x12 0x000002f1
core   0: 0x80002418 (0x00000f85) c.addi  t6, 1
core   0: 3 0x80002418 (0x0f85) x31 0x00000001
core   0: 0x8000241a (0x003db033) sltu    zero, s11, gp
core   0: 3 0x8000241a (0x003db033)
core   0: 0x8000241e (0x03f5af33) mulhsu  t5, a1, t6
core   0: 3 0x8000241e (0x03f5af33) x30 0x00000000
core   0: 0x80002422 (0x019bd593) srli    a1, s7, 25
core   0: 3 0x80002422 (0x019bd593) x11 0x00000000
core   0: 0x80002426 (0x41d383b3) sub     t2, t2, t4
core   0: 3 0x80002426 (0x41d383b3) x7  0x6b877000
core   0: 0x8000242a (0xfe3fc4e3) blt     t6, gp, pc - 24
core   0: 3 0x8000242a (0xfe3fc4e3)
core   0: 0x80002412 (0x025e6b33) rem     s6, t3, t0
core   0: 3 0x80002412 (0x025e6b33) x22 0x023ed3f0
core   0: 0x80002416 (0x00001d90) c.addi4spn a2, sp, 752
core   0: 3 0x80002416 (0x1d90) x12 0x000002f1
core   0: 0x80002418 (0x00000f85) c.addi  t6, 1
core   0: 3 0x80002418 (0x0f85) x31 0x00000002
core   0: 0x8000241a (0x003db033) sltu    zero, s11, gp
core   0: 3 0x8000241a (0x003db033)
core   0: 0x8000241e (0x03f5af33) mulhsu  t5, a1, t6
core   0: 3 0x8000241e (0x03f5af33) x30 0x00000000
core   0: 0x80002422 (0x019bd593) srli    a1, s7, 25
core   0: 3 0x80002422 (0x019bd593) x11 0x00000000
core   0: 0x80002426 (0x41d383b3) sub     t2, t2, t4
core   0: 3 0x80002426 (0x41d383b3) x7  0x6b858000
core   0: 0x8000242a (0xfe3fc4e3) blt     t6, gp, pc - 24
core   0: 3 0x8000242a (0xfe3fc4e3)
core   0: 0x80002412 (0x025e6b33) rem     s6, t3, t0
core   0: 3 0x80002412 (0x025e6b33) x22 0x023ed3f0
core   0: 0x80002416 (0x00001d90) c.addi4spn a2, sp, 752
core   0: 3 0x80002416 (0x1d90) x12 0x000002f1
core   0: 0x80002418 (0x00000f85) c.addi  t6, 1
core   0: 3 0x80002418 (0x0f85) x31 0x00000003
core   0: 0x8000241a (0x003db033) sltu    zero, s11, gp
core   0: 3 0x8000241a (0x003db033)
core   0: 0x8000241e (0x03f5af33) mulhsu  t5, a1, t6
core   0: 3 0x8000241e (0x03f5af33) x30 0x00000000
core   0: 0x80002422 (0x019bd593) srli    a1, s7, 25
core   0: 3 0x80002422 (0x019bd593) x11 0x00000000
core   0: 0x80002426 (0x41d383b3) sub     t2, t2, t4
core   0: 3 0x80002426 (0x41d383b3) x7  0x6b839000
core   0: 0x8000242a (0xfe3fc4e3) blt     t6, gp, pc - 24
core   0: 3 0x8000242a (0xfe3fc4e3)
core   0: 0x80002412 (0x025e6b33) rem     s6, t3, t0
core   0: 3 0x80002412 (0x025e6b33) x22 0x023ed3f0
core   0: 0x80002416 (0x00001d90) c.addi4spn a2, sp, 752
core   0: 3 0x80002416 (0x1d90) x12 0x000002f1
core   0: 0x80002418 (0x00000f85) c.addi  t6, 1
core   0: 3 0x80002418 (0x0f85) x31 0x00000004
core   0: 0x8000241a (0x003db033) sltu    zero, s11, gp
core   0: 3 0x8000241a (0x003db033)
core   0: 0x8000241e (0x03f5af33) mulhsu  t5, a1, t6
core   0: 3 0x8000241e (0x03f5af33) x30 0x00000000
core   0: 0x80002422 (0x019bd593) srli    a1, s7, 25
core   0: 3 0x80002422 (0x019bd593) x11 0x00000000
core   0: 0x80002426 (0x41d383b3) sub     t2, t2, t4
core   0: 3 0x80002426 (0x41d383b3) x7  0x6b81a000
core   0: 0x8000242a (0xfe3fc4e3) blt     t6, gp, pc - 24
core   0: 3 0x8000242a (0xfe3fc4e3)
core   0: 0x80002412 (0x025e6b33) rem     s6, t3, t0
core   0: 3 0x80002412 (0x025e6b33) x22 0x023ed3f0
core   0: 0x80002416 (0x00001d90) c.addi4spn a2, sp, 752
core   0: 3 0x80002416 (0x1d90) x12 0x000002f1
core   0: 0x80002418 (0x00000f85) c.addi  t6, 1
core   0: 3 0x80002418 (0x0f85) x31 0x00000005
core   0: 0x8000241a (0x003db033) sltu    zero, s11, gp
core   0: 3 0x8000241a (0x003db033)
core   0: 0x8000241e (0x03f5af33) mulhsu  t5, a1, t6
core   0: 3 0x8000241e (0x03f5af33) x30 0x00000000
core   0: 0x80002422 (0x019bd593) srli    a1, s7, 25
core   0: 3 0x80002422 (0x019bd593) x11 0x00000000
core   0: 0x80002426 (0x41d383b3) sub     t2, t2, t4
core   0: 3 0x80002426 (0x41d383b3) x7  0x6b7fb000
core   0: 0x8000242a (0xfe3fc4e3) blt     t6, gp, pc - 24
core   0: 3 0x8000242a (0xfe3fc4e3)
core   0: 0x80002412 (0x025e6b33) rem     s6, t3, t0
core   0: 3 0x80002412 (0x025e6b33) x22 0x023ed3f0
core   0: 0x80002416 (0x00001d90) c.addi4spn a2, sp, 752
core   0: 3 0x80002416 (0x1d90) x12 0x000002f1
core   0: 0x80002418 (0x00000f85) c.addi  t6, 1
core   0: 3 0x80002418 (0x0f85) x31 0x00000006
core   0: 0x8000241a (0x003db033) sltu    zero, s11, gp
core   0: 3 0x8000241a (0x003db033)
core   0: 0x8000241e (0x03f5af33) mulhsu  t5, a1, t6
core   0: 3 0x8000241e (0x03f5af33) x30 0x00000000
core   0: 0x80002422 (0x019bd593) srli    a1, s7, 25
core   0: 3 0x80002422 (0x019bd593) x11 0x00000000
core   0: 0x80002426 (0x41d383b3) sub     t2, t2, t4
core   0: 3 0x80002426 (0x41d383b3) x7  0x6b7dc000
core   0: 0x8000242a (0xfe3fc4e3) blt     t6, gp, pc - 24
core   0: 3 0x8000242a (0xfe3fc4e3)
core   0: 0x80002412 (0x025e6b33) rem     s6, t3, t0
core   0: 3 0x80002412 (0x025e6b33) x22 0x023ed3f0
core   0: 0x80002416 (0x00001d90) c.addi4spn a2, sp, 752
core   0: 3 0x80002416 (0x1d90) x12 0x000002f1
core   0: 0x80002418 (0x00000f85) c.addi  t6, 1
core   0: 3 0x80002418 (0x0f85) x31 0x00000007
core   0: 0x8000241a (0x003db033) sltu    zero, s11, gp
core   0: 3 0x8000241a (0x003db033)
core   0: 0x8000241e (0x03f5af33) mulhsu  t5, a1, t6
core   0: 3 0x8000241e (0x03f5af33) x30 0x00000000
core   0: 0x80002422 (0x019bd593) srli    a1, s7, 25
core   0: 3 0x80002422 (0x019bd593) x11 0x00000000
core   0: 0x80002426 (0x41d383b3) sub     t2, t2, t4
core   0: 3 0x80002426 (0x41d383b3) x7  0x6b7bd000
core   0: 0x8000242a (0xfe3fc4e3) blt     t6, gp, pc - 24
core   0: 3 0x8000242a (0xfe3fc4e3)
core   0: 0x80002412 (0x025e6b33) rem     s6, t3, t0
core   0: 3 0x80002412 (0x025e6b33) x22 0x023ed3f0
core   0: 0x80002416 (0x00001d90) c.addi4spn a2, sp, 752
core   0: 3 0x80002416 (0x1d90) x12 0x000002f1
core   0: 0x80002418 (0x00000f85) c.addi  t6, 1
core   0: 3 0x80002418 (0x0f85) x31 0x00000008
core   0: 0x8000241a (0x003db033) sltu    zero, s11, gp
core   0: 3 0x8000241a (0x003db033)
core   0: 0x8000241e (0x03f5af33) mulhsu  t5, a1, t6
core   0: 3 0x8000241e (0x03f5af33) x30 0x00000000
core   0: 0x80002422 (0x019bd593) srli    a1, s7, 25
core   0: 3 0x80002422 (0x019bd593) x11 0x00000000
core   0: 0x80002426 (0x41d383b3) sub     t2, t2, t4
core   0: 3 0x80002426 (0x41d383b3) x7  0x6b79e000
core   0: 0x8000242a (0xfe3fc4e3) blt     t6, gp, pc - 24
core   0: 3 0x8000242a (0xfe3fc4e3)
core   0: 0x80002412 (0x025e6b33) rem     s6, t3, t0
core   0: 3 0x80002412 (0x025e6b33) x22 0x023ed3f0
core   0: 0x80002416 (0x00001d90) c.addi4spn a2, sp, 752
core   0: 3 0x80002416 (0x1d90) x12 0x000002f1
core   0: 0x80002418 (0x00000f85) c.addi  t6, 1
core   0: 3 0x80002418 (0x0f85) x31 0x00000009
core   0: 0x8000241a (0x003db033) sltu    zero, s11, gp
core   0: 3 0x8000241a (0x003db033)
core   0: 0x8000241e (0x03f5af33) mulhsu  t5, a1, t6
core   0: 3 0x8000241e (0x03f5af33) x30 0x00000000
core   0: 0x80002422 (0x019bd593) srli    a1, s7, 25
core   0: 3 0x80002422 (0x019bd593) x11 0x00000000
core   0: 0x80002426 (0x41d383b3) sub     t2, t2, t4
core   0: 3 0x80002426 (0x41d383b3) x7  0x6b77f000
core   0: 0x8000242a (0xfe3fc4e3) blt     t6, gp, pc - 24
core   0: 3 0x8000242a (0xfe3fc4e3)
core   0: 0x80002412 (0x025e6b33) rem     s6, t3, t0
core   0: 3 0x80002412 (0x025e6b33) x22 0x023ed3f0
core   0: 0x80002416 (0x00001d90) c.addi4spn a2, sp, 752
core   0: 3 0x80002416 (0x1d90) x12 0x000002f1
core   0: 0x80002418 (0x00000f85) c.addi  t6, 1
core   0: 3 0x80002418 (0x0f85) x31 0x0000000a
core   0: 0x8000241a (0x003db033) sltu    zero, s11, gp
core   0: 3 0x8000241a (0x003db033)
core   0: 0x8000241e (0x03f5af33) mulhsu  t5, a1, t6
core   0: 3 0x8000241e (0x03f5af33) x30 0x00000000
core   0: 0x80002422 (0x019bd593) srli    a1, s7, 25
core   0: 3 0x80002422 (0x019bd593) x11 0x00000000
core   0: 0x80002426 (0x41d383b3) sub     t2, t2, t4
core   0: 3 0x80002426 (0x41d383b3) x7  0x6b760000
core   0: 0x8000242a (0xfe3fc4e3) blt     t6, gp, pc - 24
core   0: 3 0x8000242a (0xfe3fc4e3)
core   0: 0x80002412 (0x025e6b33) rem     s6, t3, t0
core   0: 3 0x80002412 (0x025e6b33) x22 0x023ed3f0
core   0: 0x80002416 (0x00001d90) c.addi4spn a2, sp, 752
core   0: 3 0x80002416 (0x1d90) x12 0x000002f1
core   0: 0x80002418 (0x00000f85) c.addi  t6, 1
core   0: 3 0x80002418 (0x0f85) x31 0x0000000b
core   0: 0x8000241a (0x003db033) sltu    zero, s11, gp
core   0: 3 0x8000241a (0x003db033)
core   0: 0x8000241e (0x03f5af33) mulhsu  t5, a1, t6
core   0: 3 0x8000241e (0x03f5af33) x30 0x00000000
core   0: 0x80002422 (0x019bd593) srli    a1, s7, 25
core   0: 3 0x80002422 (0x019bd593) x11 0x00000000
core   0: 0x80002426 (0x41d383b3) sub     t2, t2, t4
core   0: 3 0x80002426 (0x41d383b3) x7  0x6b741000
core   0: 0x8000242a (0xfe3fc4e3) blt     t6, gp, pc - 24
core   0: 3 0x8000242a (0xfe3fc4e3)
core   0: 0x80002412 (0x025e6b33) rem     s6, t3, t0
core   0: 3 0x80002412 (0x025e6b33) x22 0x023ed3f0
core   0: 0x80002416 (0x00001d90) c.addi4spn a2, sp, 752
core   0: 3 0x80002416 (0x1d90) x12 0x000002f1
core   0: 0x80002418 (0x00000f85) c.addi  t6, 1
core   0: 3 0x80002418 (0x0f85) x31 0x0000000c
core   0: 0x8000241a (0x003db033) sltu    zero, s11, gp
core   0: 3 0x8000241a (0x003db033)
core   0: 0x8000241e (0x03f5af33) mulhsu  t5, a1, t6
core   0: 3 0x8000241e (0x03f5af33) x30 0x00000000
core   0: 0x80002422 (0x019bd593) srli    a1, s7, 25
core   0: 3 0x80002422 (0x019bd593) x11 0x00000000
core   0: 0x80002426 (0x41d383b3) sub     t2, t2, t4
core   0: 3 0x80002426 (0x41d383b3) x7  0x6b722000
core   0: 0x8000242a (0xfe3fc4e3) blt     t6, gp, pc - 24
core   0: 3 0x8000242a (0xfe3fc4e3)
core   0: 0x80002412 (0x025e6b33) rem     s6, t3, t0
core   0: 3 0x80002412 (0x025e6b33) x22 0x023ed3f0
core   0: 0x80002416 (0x00001d90) c.addi4spn a2, sp, 752
core   0: 3 0x80002416 (0x1d90) x12 0x000002f1
core   0: 0x80002418 (0x00000f85) c.addi  t6, 1
core   0: 3 0x80002418 (0x0f85) x31 0x0000000d
core   0: 0x8000241a (0x003db033) sltu    zero, s11, gp
core   0: 3 0x8000241a (0x003db033)
core   0: 0x8000241e (0x03f5af33) mulhsu  t5, a1, t6
core   0: 3 0x8000241e (0x03f5af33) x30 0x00000000
core   0: 0x80002422 (0x019bd593) srli    a1, s7, 25
core   0: 3 0x80002422 (0x019bd593) x11 0x00000000
core   0: 0x80002426 (0x41d383b3) sub     t2, t2, t4
core   0: 3 0x80002426 (0x41d383b3) x7  0x6b703000
core   0: 0x8000242a (0xfe3fc4e3) blt     t6, gp, pc - 24
core   0: 3 0x8000242a (0xfe3fc4e3)
core   0: 0x80002412 (0x025e6b33) rem     s6, t3, t0
core   0: 3 0x80002412 (0x025e6b33) x22 0x023ed3f0
core   0: 0x80002416 (0x00001d90) c.addi4spn a2, sp, 752
core   0: 3 0x80002416 (0x1d90) x12 0x000002f1
core   0: 0x80002418 (0x00000f85) c.addi  t6, 1
core   0: 3 0x80002418 (0x0f85) x31 0x0000000e
core   0: 0x8000241a (0x003db033) sltu    zero, s11, gp
core   0: 3 0x8000241a (0x003db033)
core   0: 0x8000241e (0x03f5af33) mulhsu  t5, a1, t6
core   0: 3 0x8000241e (0x03f5af33) x30 0x00000000
core   0: 0x80002422 (0x019bd593) srli    a1, s7, 25
core   0: 3 0x80002422 (0x019bd593) x11 0x00000000
core   0: 0x80002426 (0x41d383b3) sub     t2, t2, t4
core   0: 3 0x80002426 (0x41d383b3) x7  0x6b6e4000
core   0: 0x8000242a (0xfe3fc4e3) blt     t6, gp, pc - 24
core   0: 3 0x8000242a (0xfe3fc4e3)
core   0: 0x80002412 (0x025e6b33) rem     s6, t3, t0
core   0: 3 0x80002412 (0x025e6b33) x22 0x023ed3f0
core   0: 0x80002416 (0x00001d90) c.addi4spn a2, sp, 752
core   0: 3 0x80002416 (0x1d90) x12 0x000002f1
core   0: 0x80002418 (0x00000f85) c.addi  t6, 1
core   0: 3 0x80002418 (0x0f85) x31 0x0000000f
core   0: 0x8000241a (0x003db033) sltu    zero, s11, gp
core   0: 3 0x8000241a (0x003db033)
core   0: 0x8000241e (0x03f5af33) mulhsu  t5, a1, t6
core   0: 3 0x8000241e (0x03f5af33) x30 0x00000000
core   0: 0x80002422 (0x019bd593) srli    a1, s7, 25
core   0: 3 0x80002422 (0x019bd593) x11 0x00000000
core   0: 0x80002426 (0x41d383b3) sub     t2, t2, t4
core   0: 3 0x80002426 (0x41d383b3) x7  0x6b6c5000
core   0: 0x8000242a (0xfe3fc4e3) blt     t6, gp, pc - 24
core   0: 3 0x8000242a (0xfe3fc4e3)
core   0: 0x80002412 (0x025e6b33) rem     s6, t3, t0
core   0: 3 0x80002412 (0x025e6b33) x22 0x023ed3f0
core   0: 0x80002416 (0x00001d90) c.addi4spn a2, sp, 752
core   0: 3 0x80002416 (0x1d90) x12 0x000002f1
core   0: 0x80002418 (0x00000f85) c.addi  t6, 1
core   0: 3 0x80002418 (0x0f85) x31 0x00000010
core   0: 0x8000241a (0x003db033) sltu    zero, s11, gp
core   0: 3 0x8000241a (0x003db033)
core   0: 0x8000241e (0x03f5af33) mulhsu  t5, a1, t6
core   0: 3 0x8000241e (0x03f5af33) x30 0x00000000
core   0: 0x80002422 (0x019bd593) srli    a1, s7, 25
core   0: 3 0x80002422 (0x019bd593) x11 0x00000000
core   0: 0x80002426 (0x41d383b3) sub     t2, t2, t4
core   0: 3 0x80002426 (0x41d383b3) x7  0x6b6a6000
core   0: 0x8000242a (0xfe3fc4e3) blt     t6, gp, pc - 24
core   0: 3 0x8000242a (0xfe3fc4e3)
core   0: 0x80002412 (0x025e6b33) rem     s6, t3, t0
core   0: 3 0x80002412 (0x025e6b33) x22 0x023ed3f0
core   0: 0x80002416 (0x00001d90) c.addi4spn a2, sp, 752
core   0: 3 0x80002416 (0x1d90) x12 0x000002f1
core   0: 0x80002418 (0x00000f85) c.addi  t6, 1
core   0: 3 0x80002418 (0x0f85) x31 0x00000011
core   0: 0x8000241a (0x003db033) sltu    zero, s11, gp
core   0: 3 0x8000241a (0x003db033)
core   0: 0x8000241e (0x03f5af33) mulhsu  t5, a1, t6
core   0: 3 0x8000241e (0x03f5af33) x30 0x00000000
core   0: 0x80002422 (0x019bd593) srli    a1, s7, 25
core   0: 3 0x80002422 (0x019bd593) x11 0x00000000
core   0: 0x80002426 (0x41d383b3) sub     t2, t2, t4
core   0: 3 0x80002426 (0x41d383b3) x7  0x6b687000
core   0: 0x8000242a (0xfe3fc4e3) blt     t6, gp, pc - 24
core   0: 3 0x8000242a (0xfe3fc4e3)
core   0: 0x80002412 (0x025e6b33) rem     s6, t3, t0
core   0: 3 0x80002412 (0x025e6b33) x22 0x023ed3f0
core   0: 0x80002416 (0x00001d90) c.addi4spn a2, sp, 752
core   0: 3 0x80002416 (0x1d90) x12 0x000002f1
core   0: 0x80002418 (0x00000f85) c.addi  t6, 1
core   0: 3 0x80002418 (0x0f85) x31 0x00000012
core   0: 0x8000241a (0x003db033) sltu    zero, s11, gp
core   0: 3 0x8000241a (0x003db033)
core   0: 0x8000241e (0x03f5af33) mulhsu  t5, a1, t6
core   0: 3 0x8000241e (0x03f5af33) x30 0x00000000
core   0: 0x80002422 (0x019bd593) srli    a1, s7, 25
core   0: 3 0x80002422 (0x019bd593) x11 0x00000000
core   0: 0x80002426 (0x41d383b3) sub     t2, t2, t4
core   0: 3 0x80002426 (0x41d383b3) x7  0x6b668000
core   0: 0x8000242a (0xfe3fc4e3) blt     t6, gp, pc - 24
core   0: 3 0x8000242a (0xfe3fc4e3)
core   0: 0x8000242e (0xc6510813) addi    a6, sp, -923
core   0: 3 0x8000242e (0xc6510813) x16 0xfffffc66
core   0: 0x80002432 (0x000045a9) c.li    a1, 10
core   0: 3 0x80002432 (0x45a9) x11 0x0000000a
core   0: 0x80002434 (0x00004321) c.li    t1, 8
core   0: 3 0x80002434 (0x4321) x6  0x00000008
core   0: 0x80002436 (0x00008fcd) c.or    a5, a1
core   0: 3 0x80002436 (0x8fcd) x15 0xffffe19f
core   0: 0x80002438 (0xa928ca93) xori    s5, a7, -1390
core   0: 3 0x80002438 (0xa928ca93) x21 0x0000056d
core   0: 0x8000243c (0x000015e9) c.addi  a1, -6
core   0: 3 0x8000243c (0x15e9) x11 0x00000004
core   0: 0x8000243e (0x00008f85) c.sub   a5, s1
core   0: 3 0x8000243e (0x8f85) x15 0x045cbe08
core   0: 0x80002440 (0x00000001) c.nop
core   0: 3 0x80002440 (0x0001)
core   0: 0x80002442 (0x40955813) srai    a6, a0, 9
core   0: 3 0x80002442 (0x40955813) x16 0x00000000
core   0: 0x80002446 (0x000054f1) c.li    s1, -4
core   0: 3 0x80002446 (0x54f1) x9  0xfffffffc
core   0: 0x80002448 (0x029768b3) rem     a7, a4, s1
core   0: 3 0x80002448 (0x029768b3) x17 0x00000000
core   0: 0x8000244c (0x00005549) c.li    a0, -14
core   0: 3 0x8000244c (0x5549) x10 0xfffffff2
core   0: 0x8000244e (0x01c1d793) srli    a5, gp, 28
core   0: 3 0x8000244e (0x01c1d793) x15 0x00000000
core   0: 0x80002452 (0xa58a4b93) xori    s7, s4, -1448
core   0: 3 0x80002452 (0xa58a4b93) x23 0xfffffa58
core   0: 0x80002456 (0x000014fd) c.addi  s1, -1
core   0: 3 0x80002456 (0x14fd) x9  0xfffffffb
core   0: 0x80002458 (0x40d0d233) sra     tp, ra, a3
core   0: 3 0x80002458 (0x40d0d233) x4  0xffffffff
core   0: 0x8000245c (0x008360b3) or      ra, t1, s0
core   0: 3 0x8000245c (0x008360b3) x1  0x80029cec
core   0: 0x80002460 (0x03cff633) remu    a2, t6, t3
core   0: 3 0x80002460 (0x03cff633) x12 0x00000012
core   0: 0x80002464 (0x00f432b3) sltu    t0, s0, a5
core   0: 3 0x80002464 (0x00f432b3) x5  0x00000000
core   0: 0x80002468 (0x0178b933) sltu    s2, a7, s7
core   0: 3 0x80002468 (0x0178b933) x18 0x00000001
core   0: 0x8000246c (0x0000717d) c.addi16sp sp, -16
core   0: 3 0x8000246c (0x717d) x2  0xfffffff1
core   0: 0x8000246e (0x00008f91) c.sub   a5, a2
core   0: 3 0x8000246e (0x8f91) x15 0xffffffee
core   0: 0x80002470 (0xfea491e3) bne     s1, a0, pc - 30
core   0: 3 0x80002470 (0xfea491e3)
core   0: 0x80002452 (0xa58a4b93) xori    s7, s4, -1448
core   0: 3 0x80002452 (0xa58a4b93) x23 0xfffffa58
core   0: 0x80002456 (0x000014fd) c.addi  s1, -1
core   0: 3 0x80002456 (0x14fd) x9  0xfffffffa
core   0: 0x80002458 (0x40d0d233) sra     tp, ra, a3
core   0: 3 0x80002458 (0x40d0d233) x4  0xfffffff8
core   0: 0x8000245c (0x008360b3) or      ra, t1, s0
core   0: 3 0x8000245c (0x008360b3) x1  0x80029cec
core   0: 0x80002460 (0x03cff633) remu    a2, t6, t3
core   0: 3 0x80002460 (0x03cff633) x12 0x00000012
core   0: 0x80002464 (0x00f432b3) sltu    t0, s0, a5
core   0: 3 0x80002464 (0x00f432b3) x5  0x00000001
core   0: 0x80002468 (0x0178b933) sltu    s2, a7, s7
core   0: 3 0x80002468 (0x0178b933) x18 0x00000001
core   0: 0x8000246c (0x0000717d) c.addi16sp sp, -16
core   0: 3 0x8000246c (0x717d) x2  0xffffffe1
core   0: 0x8000246e (0x00008f91) c.sub   a5, a2
core   0: 3 0x8000246e (0x8f91) x15 0xffffffdc
core   0: 0x80002470 (0xfea491e3) bne     s1, a0, pc - 30
core   0: 3 0x80002470 (0xfea491e3)
core   0: 0x80002452 (0xa58a4b93) xori    s7, s4, -1448
core   0: 3 0x80002452 (0xa58a4b93) x23 0xfffffa58
core   0: 0x80002456 (0x000014fd) c.addi  s1, -1
core   0: 3 0x80002456 (0x14fd) x9  0xfffffff9
core   0: 0x80002458 (0x40d0d233) sra     tp, ra, a3
core   0: 3 0x80002458 (0x40d0d233) x4  0xfffffff8
core   0: 0x8000245c (0x008360b3) or      ra, t1, s0
core   0: 3 0x8000245c (0x008360b3) x1  0x80029cec
core   0: 0x80002460 (0x03cff633) remu    a2, t6, t3
core   0: 3 0x80002460 (0x03cff633) x12 0x00000012
core   0: 0x80002464 (0x00f432b3) sltu    t0, s0, a5
core   0: 3 0x80002464 (0x00f432b3) x5  0x00000001
core   0: 0x80002468 (0x0178b933) sltu    s2, a7, s7
core   0: 3 0x80002468 (0x0178b933) x18 0x00000001
core   0: 0x8000246c (0x0000717d) c.addi16sp sp, -16
core   0: 3 0x8000246c (0x717d) x2  0xffffffd1
core   0: 0x8000246e (0x00008f91) c.sub   a5, a2
core   0: 3 0x8000246e (0x8f91) x15 0xffffffca
core   0: 0x80002470 (0xfea491e3) bne     s1, a0, pc - 30
core   0: 3 0x80002470 (0xfea491e3)
core   0: 0x80002452 (0xa58a4b93) xori    s7, s4, -1448
core   0: 3 0x80002452 (0xa58a4b93) x23 0xfffffa58
core   0: 0x80002456 (0x000014fd) c.addi  s1, -1
core   0: 3 0x80002456 (0x14fd) x9  0xfffffff8
core   0: 0x80002458 (0x40d0d233) sra     tp, ra, a3
core   0: 3 0x80002458 (0x40d0d233) x4  0xfffffff8
core   0: 0x8000245c (0x008360b3) or      ra, t1, s0
core   0: 3 0x8000245c (0x008360b3) x1  0x80029cec
core   0: 0x80002460 (0x03cff633) remu    a2, t6, t3
core   0: 3 0x80002460 (0x03cff633) x12 0x00000012
core   0: 0x80002464 (0x00f432b3) sltu    t0, s0, a5
core   0: 3 0x80002464 (0x00f432b3) x5  0x00000001
core   0: 0x80002468 (0x0178b933) sltu    s2, a7, s7
core   0: 3 0x80002468 (0x0178b933) x18 0x00000001
core   0: 0x8000246c (0x0000717d) c.addi16sp sp, -16
core   0: 3 0x8000246c (0x717d) x2  0xffffffc1
core   0: 0x8000246e (0x00008f91) c.sub   a5, a2
core   0: 3 0x8000246e (0x8f91) x15 0xffffffb8
core   0: 0x80002470 (0xfea491e3) bne     s1, a0, pc - 30
core   0: 3 0x80002470 (0xfea491e3)
core   0: 0x80002452 (0xa58a4b93) xori    s7, s4, -1448
core   0: 3 0x80002452 (0xa58a4b93) x23 0xfffffa58
core   0: 0x80002456 (0x000014fd) c.addi  s1, -1
core   0: 3 0x80002456 (0x14fd) x9  0xfffffff7
core   0: 0x80002458 (0x40d0d233) sra     tp, ra, a3
core   0: 3 0x80002458 (0x40d0d233) x4  0xfffffff8
core   0: 0x8000245c (0x008360b3) or      ra, t1, s0
core   0: 3 0x8000245c (0x008360b3) x1  0x80029cec
core   0: 0x80002460 (0x03cff633) remu    a2, t6, t3
core   0: 3 0x80002460 (0x03cff633) x12 0x00000012
core   0: 0x80002464 (0x00f432b3) sltu    t0, s0, a5
core   0: 3 0x80002464 (0x00f432b3) x5  0x00000001
core   0: 0x80002468 (0x0178b933) sltu    s2, a7, s7
core   0: 3 0x80002468 (0x0178b933) x18 0x00000001
core   0: 0x8000246c (0x0000717d) c.addi16sp sp, -16
core   0: 3 0x8000246c (0x717d) x2  0xffffffb1
core   0: 0x8000246e (0x00008f91) c.sub   a5, a2
core   0: 3 0x8000246e (0x8f91) x15 0xffffffa6
core   0: 0x80002470 (0xfea491e3) bne     s1, a0, pc - 30
core   0: 3 0x80002470 (0xfea491e3)
core   0: 0x80002452 (0xa58a4b93) xori    s7, s4, -1448
core   0: 3 0x80002452 (0xa58a4b93) x23 0xfffffa58
core   0: 0x80002456 (0x000014fd) c.addi  s1, -1
core   0: 3 0x80002456 (0x14fd) x9  0xfffffff6
core   0: 0x80002458 (0x40d0d233) sra     tp, ra, a3
core   0: 3 0x80002458 (0x40d0d233) x4  0xfffffff8
core   0: 0x8000245c (0x008360b3) or      ra, t1, s0
core   0: 3 0x8000245c (0x008360b3) x1  0x80029cec
core   0: 0x80002460 (0x03cff633) remu    a2, t6, t3
core   0: 3 0x80002460 (0x03cff633) x12 0x00000012
core   0: 0x80002464 (0x00f432b3) sltu    t0, s0, a5
core   0: 3 0x80002464 (0x00f432b3) x5  0x00000001
core   0: 0x80002468 (0x0178b933) sltu    s2, a7, s7
core   0: 3 0x80002468 (0x0178b933) x18 0x00000001
core   0: 0x8000246c (0x0000717d) c.addi16sp sp, -16
core   0: 3 0x8000246c (0x717d) x2  0xffffffa1
core   0: 0x8000246e (0x00008f91) c.sub   a5, a2
core   0: 3 0x8000246e (0x8f91) x15 0xffffff94
core   0: 0x80002470 (0xfea491e3) bne     s1, a0, pc - 30
core   0: 3 0x80002470 (0xfea491e3)
core   0: 0x80002452 (0xa58a4b93) xori    s7, s4, -1448
core   0: 3 0x80002452 (0xa58a4b93) x23 0xfffffa58
core   0: 0x80002456 (0x000014fd) c.addi  s1, -1
core   0: 3 0x80002456 (0x14fd) x9  0xfffffff5
core   0: 0x80002458 (0x40d0d233) sra     tp, ra, a3
core   0: 3 0x80002458 (0x40d0d233) x4  0xfffffff8
core   0: 0x8000245c (0x008360b3) or      ra, t1, s0
core   0: 3 0x8000245c (0x008360b3) x1  0x80029cec
core   0: 0x80002460 (0x03cff633) remu    a2, t6, t3
core   0: 3 0x80002460 (0x03cff633) x12 0x00000012
core   0: 0x80002464 (0x00f432b3) sltu    t0, s0, a5
core   0: 3 0x80002464 (0x00f432b3) x5  0x00000001
core   0: 0x80002468 (0x0178b933) sltu    s2, a7, s7
core   0: 3 0x80002468 (0x0178b933) x18 0x00000001
core   0: 0x8000246c (0x0000717d) c.addi16sp sp, -16
core   0: 3 0x8000246c (0x717d) x2  0xffffff91
core   0: 0x8000246e (0x00008f91) c.sub   a5, a2
core   0: 3 0x8000246e (0x8f91) x15 0xffffff82
core   0: 0x80002470 (0xfea491e3) bne     s1, a0, pc - 30
core   0: 3 0x80002470 (0xfea491e3)
core   0: 0x80002452 (0xa58a4b93) xori    s7, s4, -1448
core   0: 3 0x80002452 (0xa58a4b93) x23 0xfffffa58
core   0: 0x80002456 (0x000014fd) c.addi  s1, -1
core   0: 3 0x80002456 (0x14fd) x9  0xfffffff4
core   0: 0x80002458 (0x40d0d233) sra     tp, ra, a3
core   0: 3 0x80002458 (0x40d0d233) x4  0xfffffff8
core   0: 0x8000245c (0x008360b3) or      ra, t1, s0
core   0: 3 0x8000245c (0x008360b3) x1  0x80029cec
core   0: 0x80002460 (0x03cff633) remu    a2, t6, t3
core   0: 3 0x80002460 (0x03cff633) x12 0x00000012
core   0: 0x80002464 (0x00f432b3) sltu    t0, s0, a5
core   0: 3 0x80002464 (0x00f432b3) x5  0x00000001
core   0: 0x80002468 (0x0178b933) sltu    s2, a7, s7
core   0: 3 0x80002468 (0x0178b933) x18 0x00000001
core   0: 0x8000246c (0x0000717d) c.addi16sp sp, -16
core   0: 3 0x8000246c (0x717d) x2  0xffffff81
core   0: 0x8000246e (0x00008f91) c.sub   a5, a2
core   0: 3 0x8000246e (0x8f91) x15 0xffffff70
core   0: 0x80002470 (0xfea491e3) bne     s1, a0, pc - 30
core   0: 3 0x80002470 (0xfea491e3)
core   0: 0x80002452 (0xa58a4b93) xori    s7, s4, -1448
core   0: 3 0x80002452 (0xa58a4b93) x23 0xfffffa58
core   0: 0x80002456 (0x000014fd) c.addi  s1, -1
core   0: 3 0x80002456 (0x14fd) x9  0xfffffff3
core   0: 0x80002458 (0x40d0d233) sra     tp, ra, a3
core   0: 3 0x80002458 (0x40d0d233) x4  0xfffffff8
core   0: 0x8000245c (0x008360b3) or      ra, t1, s0
core   0: 3 0x8000245c (0x008360b3) x1  0x80029cec
core   0: 0x80002460 (0x03cff633) remu    a2, t6, t3
core   0: 3 0x80002460 (0x03cff633) x12 0x00000012
core   0: 0x80002464 (0x00f432b3) sltu    t0, s0, a5
core   0: 3 0x80002464 (0x00f432b3) x5  0x00000001
core   0: 0x80002468 (0x0178b933) sltu    s2, a7, s7
core   0: 3 0x80002468 (0x0178b933) x18 0x00000001
core   0: 0x8000246c (0x0000717d) c.addi16sp sp, -16
core   0: 3 0x8000246c (0x717d) x2  0xffffff71
core   0: 0x8000246e (0x00008f91) c.sub   a5, a2
core   0: 3 0x8000246e (0x8f91) x15 0xffffff5e
core   0: 0x80002470 (0xfea491e3) bne     s1, a0, pc - 30
core   0: 3 0x80002470 (0xfea491e3)
core   0: 0x80002452 (0xa58a4b93) xori    s7, s4, -1448
core   0: 3 0x80002452 (0xa58a4b93) x23 0xfffffa58
core   0: 0x80002456 (0x000014fd) c.addi  s1, -1
core   0: 3 0x80002456 (0x14fd) x9  0xfffffff2
core   0: 0x80002458 (0x40d0d233) sra     tp, ra, a3
core   0: 3 0x80002458 (0x40d0d233) x4  0xfffffff8
core   0: 0x8000245c (0x008360b3) or      ra, t1, s0
core   0: 3 0x8000245c (0x008360b3) x1  0x80029cec
core   0: 0x80002460 (0x03cff633) remu    a2, t6, t3
core   0: 3 0x80002460 (0x03cff633) x12 0x00000012
core   0: 0x80002464 (0x00f432b3) sltu    t0, s0, a5
core   0: 3 0x80002464 (0x00f432b3) x5  0x00000001
core   0: 0x80002468 (0x0178b933) sltu    s2, a7, s7
core   0: 3 0x80002468 (0x0178b933) x18 0x00000001
core   0: 0x8000246c (0x0000717d) c.addi16sp sp, -16
core   0: 3 0x8000246c (0x717d) x2  0xffffff61
core   0: 0x8000246e (0x00008f91) c.sub   a5, a2
core   0: 3 0x8000246e (0x8f91) x15 0xffffff4c
core   0: 0x80002470 (0xfea491e3) bne     s1, a0, pc - 30
core   0: 3 0x80002470 (0xfea491e3)
core   0: 0x80002474 (0xfc65f2e3) bgeu    a1, t1, pc - 60
core   0: 3 0x80002474 (0xfc65f2e3)
core   0: 0x80002478 (0x412c5fb3) sra     t6, s8, s2
core   0: 3 0x80002478 (0x412c5fb3) x31 0xfdd191cb
core   0: 0x8000247c (0x00004f89) c.li    t6, 2
core   0: 3 0x8000247c (0x4f89) x31 0x00000002
core   0: 0x8000247e (0x000040ad) c.li    ra, 11
core   0: 3 0x8000247e (0x40ad) x1  0x0000000b
core   0: 0x80002480 (0x00005bfd) c.li    s7, -1
core   0: 3 0x80002480 (0x5bfd) x23 0xffffffff
core   0: 0x80002482 (0x00000f9d) c.addi  t6, 7
core   0: 3 0x80002482 (0x0f9d) x31 0x00000009
core   0: 0x80002484 (0xfe1fcee3) blt     t6, ra, pc - 4
core   0: 3 0x80002484 (0xfe1fcee3)
core   0: 0x80002480 (0x00005bfd) c.li    s7, -1
core   0: 3 0x80002480 (0x5bfd) x23 0xffffffff
core   0: 0x80002482 (0x00000f9d) c.addi  t6, 7
core   0: 3 0x80002482 (0x0f9d) x31 0x00000010
core   0: 0x80002484 (0xfe1fcee3) blt     t6, ra, pc - 4
core   0: 3 0x80002484 (0xfe1fcee3)
core   0: 0x80002488 (0x01873633) sltu    a2, a4, s8
core   0: 3 0x80002488 (0x01873633) x12 0x00000001
core   0: 0x8000248c (0x000053ed) c.li    t2, -5
core   0: 3 0x8000248c (0x53ed) x7  0xfffffffb
core   0: 0x8000248e (0x00001818) c.addi4spn a4, sp, 48
core   0: 3 0x8000248e (0x1818) x14 0xffffff91
core   0: 0x80002490 (0x0000587d) c.li    a6, -1
core   0: 3 0x80002490 (0x587d) x16 0xffffffff
core   0: 0x80002492 (0xc1817a13) andi    s4, sp, -1000
core   0: 3 0x80002492 (0xc1817a13) x20 0xfffffc00
core   0: 0x80002496 (0x00004889) c.li    a7, 2
core   0: 3 0x80002496 (0x4889) x17 0x00000002
core   0: 0x80002498 (0x00005ffd) c.li    t6, -1
core   0: 3 0x80002498 (0x5ffd) x31 0xffffffff
core   0: 0x8000249a (0x79b58993) addi    s3, a1, 1947
core   0: 3 0x8000249a (0x79b58993) x19 0x0000079f
core   0: 0x8000249e (0x417adf33) sra     t5, s5, s7
core   0: 3 0x8000249e (0x417adf33) x30 0x00000000
core   0: 0x800024a2 (0x03f615b3) mulh    a1, a2, t6
core   0: 3 0x800024a2 (0x03f615b3) x11 0xffffffff
core   0: 0x800024a6 (0x00008eba) c.mv    t4, a4
core   0: 3 0x800024a6 (0x8eba) x29 0xffffff91
core   0: 0x800024a8 (0x0000717d) c.addi16sp sp, -16
core   0: 3 0x800024a8 (0x717d) x2  0xffffff51
core   0: 0x800024aa (0x0000038d) c.addi  t2, 3
core   0: 3 0x800024aa (0x038d) x7  0xfffffffe
core   0: 0x800024ac (0x000089e5) c.andi  a1, 25
core   0: 3 0x800024ac (0x89e5) x11 0x00000019
core   0: 0x800024ae (0x6c7ebf13) sltiu   t5, t4, 1735
core   0: 3 0x800024ae (0x6c7ebf13) x30 0x00000000
core   0: 0x800024b2 (0x000054d9) c.li    s1, -10
core   0: 3 0x800024b2 (0x54d9) x9  0xfffffff6
core   0: 0x800024b4 (0x129b9a37) lui     s4, 0x129b9
core   0: 3 0x800024b4 (0x129b9a37) x20 0x129b9000
core   0: 0x800024b8 (0x0000478d) c.li    a5, 3
core   0: 3 0x800024b8 (0x478d) x15 0x00000003
core   0: 0x800024ba (0x01083333) sltu    t1, a6, a6
core   0: 3 0x800024ba (0x01083333) x6  0x00000000
core   0: 0x800024be (0x000005d6) c.slli  a1, 21
core   0: 3 0x800024be (0x05d6) x11 0x03200000
core   0: 0x800024c0 (0x00085d93) srli    s11, a6, 0
core   0: 3 0x800024c0 (0x00085d93) x27 0xffffffff
core   0: 0x800024c4 (0x020d9333) mulh    t1, s11, zero
core   0: 3 0x800024c4 (0x020d9333) x6  0x00000000
core   0: 0x800024c8 (0x03536db3) rem     s11, t1, s5
core   0: 3 0x800024c8 (0x03536db3) x27 0x00000000
core   0: 0x800024cc (0x000004a1) c.addi  s1, 8
core   0: 3 0x800024cc (0x04a1) x9  0xfffffffe
core   0: 0x800024ce (0x30d6f813) andi    a6, a3, 781
core   0: 3 0x800024ce (0x30d6f813) x16 0x0000010c
core   0: 0x800024d2 (0xfef4e4e3) bltu    s1, a5, pc - 24
core   0: 3 0x800024d2 (0xfef4e4e3)
core   0: 0x800024d6 (0x0000070c) c.addi4spn a1, sp, 896
core   0: 3 0x800024d6 (0x070c) x11 0x000002d1
core   0: 0x800024d8 (0x35334e13) xori    t3, t1, 851
core   0: 3 0x800024d8 (0x35334e13) x28 0x00000353
core   0: 0x800024dc (0x000061a1) c.lui   gp, 0x8
core   0: 3 0x800024dc (0x61a1) x3  0x00008000
core   0: 0x800024de (0x00008d1d) c.sub   a0, a5
core   0: 3 0x800024de (0x8d1d) x10 0xffffffef
core   0: 0x800024e0 (0xfd13e3e3) bltu    t2, a7, pc - 58
core   0: 3 0x800024e0 (0xfd13e3e3)
core   0: 0x800024e4 (0x00000652) c.slli  a2, 20
core   0: 3 0x800024e4 (0x0652) x12 0x00100000
core   0: 0x800024e6 (0x00004a91) c.li    s5, 4
core   0: 3 0x800024e6 (0x4a91) x21 0x00000004
core   0: 0x800024e8 (0x0048b833) sltu    a6, a7, tp
core   0: 3 0x800024e8 (0x0048b833) x16 0x00000001
core   0: 0x800024ec (0x00005bed) c.li    s7, -5
core   0: 3 0x800024ec (0x5bed) x23 0xfffffffb
core   0: 0x800024ee (0x00d741b3) xor     gp, a4, a3
core   0: 3 0x800024ee (0x00d741b3) x3  0x7ffda24d
core   0: 0x800024f2 (0x02229e33) mulh    t3, t0, sp
core   0: 3 0x800024f2 (0x02229e33) x28 0xffffffff
core   0: 0x800024f6 (0x00001af5) c.addi  s5, -3
core   0: 3 0x800024f6 (0x1af5) x21 0x00000001
core   0: 0x800024f8 (0xff7a9be3) bne     s5, s7, pc - 10
core   0: 3 0x800024f8 (0xff7a9be3)
core   0: 0x800024ee (0x00d741b3) xor     gp, a4, a3
core   0: 3 0x800024ee (0x00d741b3) x3  0x7ffda24d
core   0: 0x800024f2 (0x02229e33) mulh    t3, t0, sp
core   0: 3 0x800024f2 (0x02229e33) x28 0xffffffff
core   0: 0x800024f6 (0x00001af5) c.addi  s5, -3
core   0: 3 0x800024f6 (0x1af5) x21 0xfffffffe
core   0: 0x800024f8 (0xff7a9be3) bne     s5, s7, pc - 10
core   0: 3 0x800024f8 (0xff7a9be3)
core   0: 0x800024ee (0x00d741b3) xor     gp, a4, a3
core   0: 3 0x800024ee (0x00d741b3) x3  0x7ffda24d
core   0: 0x800024f2 (0x02229e33) mulh    t3, t0, sp
core   0: 3 0x800024f2 (0x02229e33) x28 0xffffffff
core   0: 0x800024f6 (0x00001af5) c.addi  s5, -3
core   0: 3 0x800024f6 (0x1af5) x21 0xfffffffb
core   0: 0x800024f8 (0xff7a9be3) bne     s5, s7, pc - 10
core   0: 3 0x800024f8 (0xff7a9be3)
core   0: 0x800024fc (0x00006929) c.lui   s2, 0xa
core   0: 3 0x800024fc (0x6929) x18 0x0000a000
core   0: 0x800024fe (0x00004629) c.li    a2, 10
core   0: 3 0x800024fe (0x4629) x12 0x0000000a
core   0: 0x80002500 (0x00008de9) c.and   a1, a0
core   0: 3 0x80002500 (0x8de9) x11 0x000002c1
core   0: 0x80002502 (0x00000001) c.nop
core   0: 3 0x80002502 (0x0001)
core   0: 0x80002504 (0x000043a9) c.li    t2, 10
core   0: 3 0x80002504 (0x43a9) x7  0x0000000a
core   0: 0x80002506 (0x03d3d2b3) divu    t0, t2, t4
core   0: 3 0x80002506 (0x03d3d2b3) x5  0x00000000
core   0: 0x8000250a (0x00000001) c.nop
core   0: 3 0x8000250a (0x0001)
core   0: 0x8000250c (0x000084b5) c.srai  s1, 13
core   0: 3 0x8000250c (0x84b5) x9  0xffffffff
core   0: 0x8000250e (0x01bdd093) srli    ra, s11, 27
core   0: 3 0x8000250e (0x01bdd093) x1  0x00000000
core   0: 0x80002512 (0x03d4ca33) div     s4, s1, t4
core   0: 3 0x80002512 (0x03d4ca33) x20 0x00000000
core   0: 0x80002516 (0x0000166d) c.addi  a2, -5
core   0: 3 0x80002516 (0x166d) x12 0x00000005
core   0: 0x80002518 (0x00000bbe) c.slli  s7, 15
core   0: 3 0x80002518 (0x0bbe) x23 0xfffd8000
core   0: 0x8000251a (0x00006205) c.lui   tp, 0x1
core   0: 3 0x8000251a (0x6205) x4  0x00001000
core   0: 0x8000251c (0x4cf44093) xori    ra, s0, 1231
core   0: 3 0x8000251c (0x4cf44093) x1  0x8002982b
core   0: 0x80002520 (0x000087c5) c.srai  a5, 17
core   0: 3 0x80002520 (0x87c5) x15 0x00000000
core   0: 0x80002522 (0xb84ebb93) sltiu   s7, t4, -1148
core   0: 3 0x80002522 (0xb84ebb93) x23 0x00000000
core   0: 0x80002526 (0xfe7672e3) bgeu    a2, t2, pc - 28
core   0: 3 0x80002526 (0xfe7672e3)
core   0: 0x8000252a (0x00001cfd) c.addi  s9, -1
core   0: 3 0x8000252a (0x1cfd) x25 0xffffffff
core   0: 0x8000252c (0x00005779) c.li    a4, -2
core   0: 3 0x8000252c (0x5779) x14 0xfffffffe
core   0: 0x8000252e (0x00000001) c.nop
core   0: 3 0x8000252e (0x0001)
core   0: 0x80002530 (0x00000001) c.nop
core   0: 3 0x80002530 (0x0001)
core   0: 0x80002532 (0x000081b5) c.srli  a1, 13
core   0: 3 0x80002532 (0x81b5) x11 0x00000000
core   0: 0x80002534 (0x02086333) rem     t1, a6, zero
core   0: 3 0x80002534 (0x02086333) x6  0x00000001
core   0: 0x80002538 (0x00000705) c.addi  a4, 1
core   0: 3 0x80002538 (0x0705) x14 0xffffffff
core   0: 0x8000253a (0x02c487b3) mul     a5, s1, a2
core   0: 3 0x8000253a (0x02c487b3) x15 0xfffffffb
core   0: 0x8000253e (0x01e184b3) add     s1, gp, t5
core   0: 3 0x8000253e (0x01e184b3) x9  0x7ffda24d
core   0: 0x80002542 (0x014b1ab3) sll     s5, s6, s4
core   0: 3 0x80002542 (0x014b1ab3) x21 0x023ed3f0
core   0: 0x80002546 (0x00a01933) sll     s2, zero, a0
core   0: 3 0x80002546 (0x00a01933) x18 0x00000000
core   0: 0x8000254a (0x00fcd613) srli    a2, s9, 15
core   0: 3 0x8000254a (0x00fcd613) x12 0x0001ffff
core   0: 0x8000254e (0x00005565) c.li    a0, -7
core   0: 3 0x8000254e (0x5565) x10 0xfffffff9
core   0: 0x80002550 (0x00008fb5) c.xor   a5, a3
core   0: 3 0x80002550 (0x8fb5) x15 0x7ffda227
core   0: 0x80002552 (0x00005ebd) c.li    t4, -17
core   0: 3 0x80002552 (0x5ebd) x29 0xffffffef
core   0: 0x80002554 (0x02b1d7b3) divu    a5, gp, a1
core   0: 3 0x80002554 (0x02b1d7b3) x15 0xffffffff
core   0: 0x80002558 (0x00001569) c.addi  a0, -6
core   0: 3 0x80002558 (0x1569) x10 0xfffffff3
core   0: 0x8000255a (0x0202a2b3) mulhsu  t0, t0, zero
core   0: 3 0x8000255a (0x0202a2b3) x5  0x00000000
core   0: 0x8000255e (0xffd55be3) bge     a0, t4, pc - 10
core   0: 3 0x8000255e (0xffd55be3)
core   0: 0x80002554 (0x02b1d7b3) divu    a5, gp, a1
core   0: 3 0x80002554 (0x02b1d7b3) x15 0xffffffff
core   0: 0x80002558 (0x00001569) c.addi  a0, -6
core   0: 3 0x80002558 (0x1569) x10 0xffffffed
core   0: 0x8000255a (0x0202a2b3) mulhsu  t0, t0, zero
core   0: 3 0x8000255a (0x0202a2b3) x5  0x00000000
core   0: 0x8000255e (0xffd55be3) bge     a0, t4, pc - 10
core   0: 3 0x8000255e (0xffd55be3)
core   0: 0x80002562 (0x02160333) mul     t1, a2, ra
core   0: 3 0x80002562 (0x02160333) x6  0xb05367d5
core   0: 0x80002566 (0x00008e79) c.and   a2, a4
core   0: 3 0x80002566 (0x8e79) x12 0x0001ffff
core   0: 0x80002568 (0x00a7acb3) slt     s9, a5, a0
core   0: 3 0x80002568 (0x00a7acb3) x25 0x00000000
core   0: 0x8000256c (0x0000f761) c.bnez  a4, pc - 56
core   0: 3 0x8000256c (0xf761)
core   0: 0x80002534 (0x02086333) rem     t1, a6, zero
core   0: 3 0x80002534 (0x02086333) x6  0x00000001
core   0: 0x80002538 (0x00000705) c.addi  a4, 1
core   0: 3 0x80002538 (0x0705) x14 0x00000000
core   0: 0x8000253a (0x02c487b3) mul     a5, s1, a2
core   0: 3 0x8000253a (0x02c487b3) x15 0xc49c5db3
core   0: 0x8000253e (0x01e184b3) add     s1, gp, t5
core   0: 3 0x8000253e (0x01e184b3) x9  0x7ffda24d
core   0: 0x80002542 (0x014b1ab3) sll     s5, s6, s4
core   0: 3 0x80002542 (0x014b1ab3) x21 0x023ed3f0
core   0: 0x80002546 (0x00a01933) sll     s2, zero, a0
core   0: 3 0x80002546 (0x00a01933) x18 0x00000000
core   0: 0x8000254a (0x00fcd613) srli    a2, s9, 15
core   0: 3 0x8000254a (0x00fcd613) x12 0x00000000
core   0: 0x8000254e (0x00005565) c.li    a0, -7
core   0: 3 0x8000254e (0x5565) x10 0xfffffff9
core   0: 0x80002550 (0x00008fb5) c.xor   a5, a3
core   0: 3 0x80002550 (0x8fb5) x15 0x449e006f
core   0: 0x80002552 (0x00005ebd) c.li    t4, -17
core   0: 3 0x80002552 (0x5ebd) x29 0xffffffef
core   0: 0x80002554 (0x02b1d7b3) divu    a5, gp, a1
core   0: 3 0x80002554 (0x02b1d7b3) x15 0xffffffff
core   0: 0x80002558 (0x00001569) c.addi  a0, -6
core   0: 3 0x80002558 (0x1569) x10 0xfffffff3
core   0: 0x8000255a (0x0202a2b3) mulhsu  t0, t0, zero
core   0: 3 0x8000255a (0x0202a2b3) x5  0x00000000
core   0: 0x8000255e (0xffd55be3) bge     a0, t4, pc - 10
core   0: 3 0x8000255e (0xffd55be3)
core   0: 0x80002554 (0x02b1d7b3) divu    a5, gp, a1
core   0: 3 0x80002554 (0x02b1d7b3) x15 0xffffffff
core   0: 0x80002558 (0x00001569) c.addi  a0, -6
core   0: 3 0x80002558 (0x1569) x10 0xffffffed
core   0: 0x8000255a (0x0202a2b3) mulhsu  t0, t0, zero
core   0: 3 0x8000255a (0x0202a2b3) x5  0x00000000
core   0: 0x8000255e (0xffd55be3) bge     a0, t4, pc - 10
core   0: 3 0x8000255e (0xffd55be3)
core   0: 0x80002562 (0x02160333) mul     t1, a2, ra
core   0: 3 0x80002562 (0x02160333) x6  0x00000000
core   0: 0x80002566 (0x00008e79) c.and   a2, a4
core   0: 3 0x80002566 (0x8e79) x12 0x00000000
core   0: 0x80002568 (0x00a7acb3) slt     s9, a5, a0
core   0: 3 0x80002568 (0x00a7acb3) x25 0x00000000
core   0: 0x8000256c (0x0000f761) c.bnez  a4, pc - 56
core   0: 3 0x8000256c (0xf761)
core   0: 0x8000256e (0x017cd213) srli    tp, s9, 23
core   0: 3 0x8000256e (0x017cd213) x4  0x00000000
core   0: 0x80002572 (0x00004599) c.li    a1, 6
core   0: 3 0x80002572 (0x4599) x11 0x00000006
core   0: 0x80002574 (0x0207bcb3) mulhu   s9, a5, zero
core   0: 3 0x80002574 (0x0207bcb3) x25 0x00000000
core   0: 0x80002578 (0x00000001) c.nop
core   0: 3 0x80002578 (0x0001)
core   0: 0x8000257a (0x00001188) c.addi4spn a0, sp, 224
core   0: 3 0x8000257a (0x1188) x10 0x00000031
core   0: 0x8000257c (0x000015e9) c.addi  a1, -6
core   0: 3 0x8000257c (0x15e9) x11 0x00000000
core   0: 0x8000257e (0x038d0233) mul     tp, s10, s8
core   0: 3 0x8000257e (0x038d0233) x4  0xfba32397
core   0: 0x80002582 (0x0000dde5) c.beqz  a1, pc - 8
core   0: 3 0x80002582 (0xdde5)
core   0: 0x8000257a (0x00001188) c.addi4spn a0, sp, 224
core   0: 3 0x8000257a (0x1188) x10 0x00000031
core   0: 0x8000257c (0x000015e9) c.addi  a1, -6
core   0: 3 0x8000257c (0x15e9) x11 0xfffffffa
core   0: 0x8000257e (0x038d0233) mul     tp, s10, s8
core   0: 3 0x8000257e (0x038d0233) x4  0xfba32397
core   0: 0x80002582 (0x0000dde5) c.beqz  a1, pc - 8
core   0: 3 0x80002582 (0xdde5)
core   0: 0x80002584 (0x0000081a) c.slli  a6, 6
core   0: 3 0x80002584 (0x081a) x16 0x00000040
core   0: 0x80002586 (0x00005fed) c.li    t6, -5
core   0: 3 0x80002586 (0x5fed) x31 0xfffffffb
core   0: 0x80002588 (0x00b0d633) srl     a2, ra, a1
core   0: 3 0x80002588 (0x00b0d633) x12 0x00000020
core   0: 0x8000258c (0x000049b9) c.li    s3, 14
core   0: 3 0x8000258c (0x49b9) x19 0x0000000e
core   0: 0x8000258e (0x405f8eb3) sub     t4, t6, t0
core   0: 3 0x8000258e (0x405f8eb3) x29 0xfffffffb
core   0: 0x80002592 (0x00000a79) c.addi  s4, 30
core   0: 3 0x80002592 (0x0a79) x20 0x0000001e
core   0: 0x80002594 (0x00004769) c.li    a4, 26
core   0: 3 0x80002594 (0x4769) x14 0x0000001a
core   0: 0x80002596 (0x00000f8d) c.addi  t6, 3
core   0: 3 0x80002596 (0x0f8d) x31 0xfffffffe
core   0: 0x80002598 (0x002eb2b3) sltu    t0, t4, sp
core   0: 3 0x80002598 (0x002eb2b3) x5  0x00000000
core   0: 0x8000259c (0x011f6033) or      zero, t5, a7
core   0: 3 0x8000259c (0x011f6033)
core   0: 0x800025a0 (0x010e8033) add     zero, t4, a6
core   0: 3 0x800025a0 (0x010e8033)
core   0: 0x800025a4 (0x00008d01) c.sub   a0, s0
core   0: 3 0x800025a4 (0x8d01) x10 0x7ffd634d
core   0: 0x800025a6 (0x00004d9d) c.li    s11, 7
core   0: 3 0x800025a6 (0x4d9d) x27 0x00000007
core   0: 0x800025a8 (0x000050bd) c.li    ra, -17
core   0: 3 0x800025a8 (0x50bd) x1  0xffffffef
core   0: 0x800025aa (0x02a34833) div     a6, t1, a0
core   0: 3 0x800025aa (0x02a34833) x16 0x00000000
core   0: 0x800025ae (0x03c06933) rem     s2, zero, t3
core   0: 3 0x800025ae (0x03c06933) x18 0x00000000
core   0: 0x800025b2 (0xd13d2b93) slti    s7, s10, -749
core   0: 3 0x800025b2 (0xd13d2b93) x23 0x00000000
core   0: 0x800025b6 (0x9dc87f13) andi    t5, a6, -1572
core   0: 3 0x800025b6 (0x9dc87f13) x30 0x00000000
core   0: 0x800025ba (0xc9c1acb7) lui     s9, 0xc9c1a
core   0: 3 0x800025ba (0xc9c1acb7) x25 0xc9c1a000
core   0: 0x800025be (0x00001de1) c.addi  s11, -8
core   0: 3 0x800025be (0x1de1) x27 0xffffffff
core   0: 0x800025c0 (0x00008cb5) c.xor   s1, a3
core   0: 3 0x800025c0 (0x8cb5) x9  0xffffff91
core   0: 0x800025c2 (0x00000001) c.nop
core   0: 3 0x800025c2 (0x0001)
core   0: 0x800025c4 (0x00000e88) c.addi4spn a0, sp, 848
core   0: 3 0x800025c4 (0x0e88) x10 0x000002a1
core   0: 0x800025c6 (0xfe1d84e3) beq     s11, ra, pc - 24
core   0: 3 0x800025c6 (0xfe1d84e3)
core   0: 0x800025ca (0x00008661) c.srai  a2, 24
core   0: 3 0x800025ca (0x8661) x12 0x00000000
core   0: 0x800025cc (0x037452b3) divu    t0, s0, s7
core   0: 3 0x800025cc (0x037452b3) x5  0xffffffff
core   0: 0x800025d0 (0x0390f033) remu    zero, ra, s9
core   0: 3 0x800025d0 (0x0390f033)
core   0: 0x800025d4 (0x00000001) c.nop
core   0: 3 0x800025d4 (0x0001)
core   0: 0x800025d6 (0x00f06533) or      a0, zero, a5
core   0: 3 0x800025d6 (0x00f06533) x10 0xffffffff
core   0: 0x800025da (0x00001110) c.addi4spn a2, sp, 160
core   0: 3 0x800025da (0x1110) x12 0xfffffff1
core   0: 0x800025dc (0x0000717d) c.addi16sp sp, -16
core   0: 3 0x800025dc (0x717d) x2  0xffffff41
core   0: 0x800025de (0x55151637) lui     a2, 0x55151
core   0: 3 0x800025de (0x55151637) x12 0x55151000
core   0: 0x800025e2 (0x59f8d917) auipc   s2, 0x59f8d
core   0: 3 0x800025e2 (0x59f8d917) x18 0xd9f8f5e2
core   0: 0x800025e6 (0xfb3fe7e3) bltu    t6, s3, pc - 82
core   0: 3 0x800025e6 (0xfb3fe7e3)
core   0: 0x800025ea (0x0000717d) c.addi16sp sp, -16
core   0: 3 0x800025ea (0x717d) x2  0xffffff31
core   0: 0x800025ec (0x00438f63) beq     t2, tp, pc + 30
core   0: 3 0x800025ec (0x00438f63)
core   0: 0x800025f0 (0x0376dc63) bge     a3, s7, pc + 56
core   0: 3 0x800025f0 (0x0376dc63)
core   0: 0x800025f4 (0x01ec1233) sll     tp, s8, t5
core   0: 3 0x800025f4 (0x01ec1233) x4  0xfba32397
core   0: 0x800025f8 (0x02c917b3) mulh    a5, s2, a2
core   0: 3 0x800025f8 (0x02c917b3) x15 0xf35c88af
core   0: 0x800025fc (0x00008f05) c.sub   a4, s1
core   0: 3 0x800025fc (0x8f05) x14 0x00000089
core   0: 0x800025fe (0x0000997d) c.andi  a0, -1
core   0: 3 0x800025fe (0x997d) x10 0xffffffff
core   0: 0x80002600 (0x044c7563) bgeu    s8, tp, pc + 74
core   0: 3 0x80002600 (0x044c7563)
core   0: 0x8000264a (0x0000717d) c.addi16sp sp, -16
core   0: 3 0x8000264a (0x717d) x2  0xffffff21
core   0: 0x8000264c (0x000099fd) c.andi  a1, -1
core   0: 3 0x8000264c (0x99fd) x11 0xfffffffa
core   0: 0x8000264e (0x000042ad) c.li    t0, 11
core   0: 3 0x8000264e (0x42ad) x5  0x0000000b
core   0: 0x80002650 (0x00aeadb3) slt     s11, t4, a0
core   0: 3 0x80002650 (0x00aeadb3) x27 0x00000001
core   0: 0x80002654 (0x00006a55) c.lui   s4, 0x15
core   0: 3 0x80002654 (0x6a55) x20 0x00015000
core   0: 0x80002656 (0x08cb9ab7) lui     s5, 0x8cb9
core   0: 3 0x80002656 (0x08cb9ab7) x21 0x08cb9000
core   0: 0x8000265a (0x02bad733) divu    a4, s5, a1
core   0: 3 0x8000265a (0x02bad733) x14 0x00000000
core   0: 0x8000265e (0x0000698d) c.lui   s3, 0x3
core   0: 3 0x8000265e (0x698d) x19 0x00003000
core   0: 0x80002660 (0x00000488) c.addi4spn a0, sp, 576
core   0: 3 0x80002660 (0x0488) x10 0x00000161
core   0: 0x80002662 (0x0000717d) c.addi16sp sp, -16
core   0: 3 0x80002662 (0x717d) x2  0xffffff11
core   0: 0x80002664 (0x005deab3) or      s5, s11, t0
core   0: 3 0x80002664 (0x005deab3) x21 0x0000000b
core   0: 0x80002668 (0x951f2e13) slti    t3, t5, -1711
core   0: 3 0x80002668 (0x951f2e13) x28 0x00000000
core   0: 0x8000266c (0x01235333) srl     t1, t1, s2
core   0: 3 0x8000266c (0x01235333) x6  0x00000000
core   0: 0x80002670 (0x00faba33) sltu    s4, s5, a5
core   0: 3 0x80002670 (0x00faba33) x20 0x00000001
core   0: 0x80002674 (0x00008fbd) c.xor   a5, a5
core   0: 3 0x80002674 (0x8fbd) x15 0x00000000
core   0: 0x80002676 (0x69c1be93) sltiu   t4, gp, 1692
core   0: 3 0x80002676 (0x69c1be93) x29 0x00000000
core   0: 0x8000267a (0x02311763) bne     sp, gp, pc + 46
core   0: 3 0x8000267a (0x02311763)
core   0: 0x800026a8 (0x00008e6d) c.and   a2, a1
core   0: 3 0x800026a8 (0x8e6d) x12 0x55151000
core   0: 0x800026aa (0x0000ed0d) c.bnez  a0, pc + 58
core   0: 3 0x800026aa (0xed0d)
core   0: 0x800026e4 (0x00938763) beq     t2, s1, pc + 14
core   0: 3 0x800026e4 (0x00938763)
core   0: 0x800026e8 (0x00a27833) and     a6, tp, a0
core   0: 3 0x800026e8 (0x00a27833) x16 0x00000101
core   0: 0x800026ec (0xd00d4237) lui     tp, 0xd00d4
core   0: 3 0x800026ec (0xd00d4237) x4  0xd00d4000
core   0: 0x800026f0 (0x00000001) c.nop
core   0: 3 0x800026f0 (0x0001)
core   0: 0x800026f2 (0x01b89f13) slli    t5, a7, 27
core   0: 3 0x800026f2 (0x01b89f13) x30 0x10000000
core   0: 0x800026f6 (0x00c2d963) bge     t0, a2, pc + 18
core   0: 3 0x800026f6 (0x00c2d963)
core   0: 0x800026fa (0x00006109) c.addi16sp sp, 128
core   0: 3 0x800026fa (0x6109) x2  0xffffff91
core   0: 0x800026fc (0x030d1b33) mulh    s6, s10, a6
core   0: 3 0x800026fc (0x030d1b33) x22 0x00000000
core   0: 0x80002700 (0x00008d95) c.sub   a1, a3
core   0: 3 0x80002700 (0x8d95) x11 0x7ffda21e
core   0: 0x80002702 (0x03615933) divu    s2, sp, s6
core   0: 3 0x80002702 (0x03615933) x18 0xffffffff
core   0: 0x80002706 (0x00008dad) c.xor   a1, a1
core   0: 3 0x80002706 (0x8dad) x11 0x00000000
core   0: 0x80002708 (0x029a30b3) mulhu   ra, s4, s1
core   0: 3 0x80002708 (0x029a30b3) x1  0x00000000
core   0: 0x8000270c (0x00004225) c.li    tp, 9
core   0: 3 0x8000270c (0x4225) x4  0x00000009
core   0: 0x8000270e (0x000040bd) c.li    ra, 15
core   0: 3 0x8000270e (0x40bd) x1  0x0000000f
core   0: 0x80002710 (0x00009bfd) c.andi  a5, -1
core   0: 3 0x80002710 (0x9bfd) x15 0x00000000
core   0: 0x80002712 (0x00000205) c.addi  tp, 1
core   0: 3 0x80002712 (0x0205) x4  0x0000000a
core   0: 0x80002714 (0x00000001) c.nop
core   0: 3 0x80002714 (0x0001)
core   0: 0x80002716 (0xfe124de3) blt     tp, ra, pc - 6
core   0: 3 0x80002716 (0xfe124de3)
core   0: 0x80002710 (0x00009bfd) c.andi  a5, -1
core   0: 3 0x80002710 (0x9bfd) x15 0x00000000
core   0: 0x80002712 (0x00000205) c.addi  tp, 1
core   0: 3 0x80002712 (0x0205) x4  0x0000000b
core   0: 0x80002714 (0x00000001) c.nop
core   0: 3 0x80002714 (0x0001)
core   0: 0x80002716 (0xfe124de3) blt     tp, ra, pc - 6
core   0: 3 0x80002716 (0xfe124de3)
core   0: 0x80002710 (0x00009bfd) c.andi  a5, -1
core   0: 3 0x80002710 (0x9bfd) x15 0x00000000
core   0: 0x80002712 (0x00000205) c.addi  tp, 1
core   0: 3 0x80002712 (0x0205) x4  0x0000000c
core   0: 0x80002714 (0x00000001) c.nop
core   0: 3 0x80002714 (0x0001)
core   0: 0x80002716 (0xfe124de3) blt     tp, ra, pc - 6
core   0: 3 0x80002716 (0xfe124de3)
core   0: 0x80002710 (0x00009bfd) c.andi  a5, -1
core   0: 3 0x80002710 (0x9bfd) x15 0x00000000
core   0: 0x80002712 (0x00000205) c.addi  tp, 1
core   0: 3 0x80002712 (0x0205) x4  0x0000000d
core   0: 0x80002714 (0x00000001) c.nop
core   0: 3 0x80002714 (0x0001)
core   0: 0x80002716 (0xfe124de3) blt     tp, ra, pc - 6
core   0: 3 0x80002716 (0xfe124de3)
core   0: 0x80002710 (0x00009bfd) c.andi  a5, -1
core   0: 3 0x80002710 (0x9bfd) x15 0x00000000
core   0: 0x80002712 (0x00000205) c.addi  tp, 1
core   0: 3 0x80002712 (0x0205) x4  0x0000000e
core   0: 0x80002714 (0x00000001) c.nop
core   0: 3 0x80002714 (0x0001)
core   0: 0x80002716 (0xfe124de3) blt     tp, ra, pc - 6
core   0: 3 0x80002716 (0xfe124de3)
core   0: 0x80002710 (0x00009bfd) c.andi  a5, -1
core   0: 3 0x80002710 (0x9bfd) x15 0x00000000
core   0: 0x80002712 (0x00000205) c.addi  tp, 1
core   0: 3 0x80002712 (0x0205) x4  0x0000000f
core   0: 0x80002714 (0x00000001) c.nop
core   0: 3 0x80002714 (0x0001)
core   0: 0x80002716 (0xfe124de3) blt     tp, ra, pc - 6
core   0: 3 0x80002716 (0xfe124de3)
core   0: 0x8000271a (0x00883fb3) sltu    t6, a6, s0
core   0: 3 0x8000271a (0x00883fb3) x31 0x00000001
core   0: 0x8000271e (0x005a7fb3) and     t6, s4, t0
core   0: 3 0x8000271e (0x005a7fb3) x31 0x00000001
core   0: 0x80002722 (0x0000c111) c.beqz  a0, pc + 4
core   0: 3 0x80002722 (0xc111)
core   0: 0x80002724 (0x0000717d) c.addi16sp sp, -16
core   0: 3 0x80002724 (0x717d) x2  0xffffff81
core   0: 0x80002726 (0x00000001) c.nop
core   0: 3 0x80002726 (0x0001)
core   0: 0x80002728 (0xbc1d4e13) xori    t3, s10, -1087
core   0: 3 0x80002728 (0xbc1d4e13) x28 0xfffffbc0
core   0: 0x8000272c (0x00008cb1) c.xor   s1, a2
core   0: 3 0x8000272c (0x8cb1) x9  0xaaeaef91
core   0: 0x8000272e (0x000084f1) c.srai  s1, 28
core   0: 3 0x8000272e (0x84f1) x9  0xfffffffa
core   0: 0x80002730 (0x83d88737) lui     a4, 0x83d88
core   0: 3 0x80002730 (0x83d88737) x14 0x83d88000
core   0: 0x80002734 (0x0000983e) c.add   a6, a5
core   0: 3 0x80002734 (0x983e) x16 0x00000101
core   0: 0x80002736 (0x01fbe4b3) or      s1, s7, t6
core   0: 3 0x80002736 (0x01fbe4b3) x9  0x00000001
core   0: 0x8000273a (0x03f0ee63) bltu    ra, t6, pc + 60
core   0: 3 0x8000273a (0x03f0ee63)
core   0: 0x8000273e (0x000080ad) c.srli  s1, 11
core   0: 3 0x8000273e (0x80ad) x9  0x00000000
core   0: 0x80002740 (0x00000001) c.nop
core   0: 3 0x80002740 (0x0001)
core   0: 0x80002742 (0x00008ce9) c.and   s1, a0
core   0: 3 0x80002742 (0x8ce9) x9  0x00000000
core   0: 0x80002744 (0x0000717d) c.addi16sp sp, -16
core   0: 3 0x80002744 (0x717d) x2  0xffffff71
core   0: 0x80002746 (0x00000d1c) c.addi4spn a5, sp, 656
core   0: 3 0x80002746 (0x0d1c) x15 0x00000201
core   0: 0x80002748 (0x021a0eb3) mul     t4, s4, ra
core   0: 3 0x80002748 (0x021a0eb3) x29 0x0000000f
core   0: 0x8000274c (0x00d36cb3) or      s9, t1, a3
core   0: 3 0x8000274c (0x00d36cb3) x25 0x80025ddc
core   0: 0x80002750 (0x015353b3) srl     t2, t1, s5
core   0: 3 0x80002750 (0x015353b3) x7  0x00000000
core   0: 0x80002754 (0x00001b10) c.addi4spn a2, sp, 432
core   0: 3 0x80002754 (0x1b10) x12 0x00000121
core   0: 0x80002756 (0x01268d63) beq     a3, s2, pc + 26
core   0: 3 0x80002756 (0x01268d63)
core   0: 0x8000275a (0x03661263) bne     a2, s6, pc + 36
core   0: 3 0x8000275a (0x03661263)
core   0: 0x8000277e (0x8276ae93) slti    t4, a3, -2009
core   0: 3 0x8000277e (0x8276ae93) x29 0x00000001
core   0: 0x80002782 (0x017c6833) or      a6, s8, s7
core   0: 3 0x80002782 (0x017c6833) x16 0xfba32397
core   0: 0x80002786 (0x409e5f33) sra     t5, t3, s1
core   0: 3 0x80002786 (0x409e5f33) x30 0xfffffbc0
core   0: 0x8000278a (0x0000c30d) c.beqz  a4, pc + 34
core   0: 3 0x8000278a (0xc30d)
core   0: 0x8000278c (0x01720263) beq     tp, s7, pc + 4
core   0: 3 0x8000278c (0x01720263)
core   0: 0x80002790 (0x00000001) c.nop
core   0: 3 0x80002790 (0x0001)
core   0: 0x80002792 (0x00001dfd) c.addi  s11, -1
core   0: 3 0x80002792 (0x1dfd) x27 0x00000000
core   0: 0x80002794 (0x03f7ec63) bltu    a5, t6, pc + 56
core   0: 3 0x80002794 (0x03f7ec63)
core   0: 0x80002798 (0x00000001) c.nop
core   0: 3 0x80002798 (0x0001)
core   0: 0x8000279a (0x03ba4c63) blt     s4, s11, pc + 56
core   0: 3 0x8000279a (0x03ba4c63)
core   0: 0x8000279e (0x007d7ab3) and     s5, s10, t2
core   0: 3 0x8000279e (0x007d7ab3) x21 0x00000000
core   0: 0x800027a2 (0x03ba9e33) mulh    t3, s5, s11
core   0: 3 0x800027a2 (0x03ba9e33) x28 0x00000000
core   0: 0x800027a6 (0x00004bf5) c.li    s7, 29
core   0: 3 0x800027a6 (0x4bf5) x23 0x0000001d
core   0: 0x800027a8 (0x04fa1363) bne     s4, a5, pc + 70
core   0: 3 0x800027a8 (0x04fa1363)
core   0: 0x800027ee (0x0000ca19) c.beqz  a2, pc + 22
core   0: 3 0x800027ee (0xca19)
core   0: 0x800027f0 (0x002b78b3) and     a7, s6, sp
core   0: 3 0x800027f0 (0x002b78b3) x17 0x00000000
core   0: 0x800027f4 (0x41a75093) srai    ra, a4, 26
core   0: 3 0x800027f4 (0x41a75093) x1  0xffffffe0
core   0: 0x800027f8 (0x0589e393) ori     t2, s3, 88
core   0: 3 0x800027f8 (0x0589e393) x7  0x00003058
core   0: 0x800027fc (0x00000001) c.nop
core   0: 3 0x800027fc (0x0001)
core   0: 0x800027fe (0x0258d1b3) divu    gp, a7, t0
core   0: 3 0x800027fe (0x0258d1b3) x3  0x00000000
core   0: 0x80002802 (0x000084ed) c.srai  s1, 27
core   0: 3 0x80002802 (0x84ed) x9  0x00000000
core   0: 0x80002804 (0x00008f7d) c.and   a4, a5
core   0: 3 0x80002804 (0x8f7d) x14 0x00000000
core   0: 0x80002806 (0x00008f8d) c.sub   a5, a1
core   0: 3 0x80002806 (0x8f8d) x15 0x00000201
core   0: 0x80002808 (0x02e510b3) mulh    ra, a0, a4
core   0: 3 0x80002808 (0x02e510b3) x1  0x00000000
core   0: 0x8000280c (0x0385ae33) mulhsu  t3, a1, s8
core   0: 3 0x8000280c (0x0385ae33) x28 0x00000000
core   0: 0x80002810 (0x02ab4063) blt     s6, a0, pc + 32
core   0: 3 0x80002810 (0x02ab4063)
core   0: 0x80002830 (0x40bd0833) sub     a6, s10, a1
core   0: 3 0x80002830 (0x40bd0833) x16 0x00000001
core   0: 0x80002834 (0xe5d3c097) auipc   ra, 0xe5d3c
core   0: 3 0x80002834 (0xe5d3c097) x1  0x65d3e834
core   0: 0x80002838 (0x0283e1b3) rem     gp, t2, s0
core   0: 3 0x80002838 (0x0283e1b3) x3  0x00003058
core   0: 0x8000283c (0x0000cd05) c.beqz  a0, pc + 56
core   0: 3 0x8000283c (0xcd05)
core   0: 0x8000283e (0x00000fad) c.addi  t6, 11
core   0: 3 0x8000283e (0x0fad) x31 0x0000000c
core   0: 0x80002840 (0x8ffb2013) slti    zero, s6, -1793
core   0: 3 0x80002840 (0x8ffb2013)
core   0: 0x80002844 (0x0000ef95) c.bnez  a5, pc + 60
core   0: 3 0x80002844 (0xef95)
core   0: 0x80002880 (0x000004ae) c.slli  s1, 11
core   0: 3 0x80002880 (0x04ae) x9  0x00000000
core   0: 0x80002882 (0x02bb8fb3) mul     t6, s7, a1
core   0: 3 0x80002882 (0x02bb8fb3) x31 0x00000000
core   0: 0x80002886 (0x03ba1033) mulh    zero, s4, s11
core   0: 3 0x80002886 (0x03ba1033)
core   0: 0x8000288a (0x01c714b3) sll     s1, a4, t3
core   0: 3 0x8000288a (0x01c714b3) x9  0x00000000
core   0: 0x8000288e (0x00008ccd) c.or    s1, a1
core   0: 3 0x8000288e (0x8ccd) x9  0x00000000
core   0: 0x80002890 (0x0000c895) c.beqz  s1, pc + 52
core   0: 3 0x80002890 (0xc895)
core   0: 0x800028c4 (0x01155bb3) srl     s7, a0, a7
core   0: 3 0x800028c4 (0x01155bb3) x23 0x00000161
core   0: 0x800028c8 (0x00008305) c.srli  a4, 1
core   0: 3 0x800028c8 (0x8305) x14 0x00000000
core   0: 0x800028ca (0x00d5d563) bge     a1, a3, pc + 10
core   0: 3 0x800028ca (0x00d5d563)
core   0: 0x800028d4 (0x00006a51) c.lui   s4, 0x14
core   0: 3 0x800028d4 (0x6a51) x20 0x00014000
core   0: 0x800028d6 (0x00a975b3) and     a1, s2, a0
core   0: 3 0x800028d6 (0x00a975b3) x11 0x00000161
core   0: 0x800028da (0x00008cf9) c.and   s1, a4
core   0: 3 0x800028da (0x8cf9) x9  0x00000000
core   0: 0x800028dc (0x00c8bdb3) sltu    s11, a7, a2
core   0: 3 0x800028dc (0x00c8bdb3) x27 0x00000001
core   0: 0x800028e0 (0x014d37b3) sltu    a5, s10, s4
core   0: 3 0x800028e0 (0x014d37b3) x15 0x00000001
core   0: 0x800028e4 (0x00000001) c.nop
core   0: 3 0x800028e4 (0x0001)
core   0: 0x800028e6 (0x00004a19) c.li    s4, 6
core   0: 3 0x800028e6 (0x4a19) x20 0x00000006
core   0: 0x800028e8 (0x0032e8b3) or      a7, t0, gp
core   0: 3 0x800028e8 (0x0032e8b3) x17 0x0000305b
core   0: 0x800028ec (0x021a2db3) mulhsu  s11, s4, ra
core   0: 3 0x800028ec (0x021a2db3) x27 0x00000002
core   0: 0x800028f0 (0x067fec63) bltu    t6, t2, pc + 120
core   0: 3 0x800028f0 (0x067fec63)
core   0: 0x80002968 (0x02c4f5b3) remu    a1, s1, a2
core   0: 3 0x80002968 (0x02c4f5b3) x11 0x00000000
core   0: 0x8000296c (0x03d6d063) bge     a3, t4, pc + 32
core   0: 3 0x8000296c (0x03d6d063)
core   0: 0x80002970 (0x02e98233) mul     tp, s3, a4
core   0: 3 0x80002970 (0x02e98233) x4  0x00000000
core   0: 0x80002974 (0x03d30a63) beq     t1, t4, pc + 52
core   0: 3 0x80002974 (0x03d30a63)
core   0: 0x80002978 (0x01239fb3) sll     t6, t2, s2
core   0: 3 0x80002978 (0x01239fb3) x31 0x00000000
core   0: 0x8000297c (0x00451363) bne     a0, tp, pc + 6
core   0: 3 0x8000297c (0x00451363)
core   0: 0x80002982 (0x029bed63) bltu    s7, s1, pc + 58
core   0: 3 0x80002982 (0x029bed63)
core   0: 0x80002986 (0x00000001) c.nop
core   0: 3 0x80002986 (0x0001)
core   0: 0x80002988 (0x03e6c163) blt     a3, t5, pc + 34
core   0: 3 0x80002988 (0x03e6c163)
core   0: 0x800029aa (0x000085cd) c.srai  a1, 19
core   0: 3 0x800029aa (0x85cd) x11 0x00000000
core   0: 0x800029ac (0x019d4833) xor     a6, s10, s9
core   0: 3 0x800029ac (0x019d4833) x16 0x80025ddd
core   0: 0x800029b0 (0x029c6363) bltu    s8, s1, pc + 38
core   0: 3 0x800029b0 (0x029c6363)
core   0: 0x800029b4 (0x0000816d) c.srli  a0, 27
core   0: 3 0x800029b4 (0x816d) x10 0x00000000
core   0: 0x800029b6 (0x0000717d) c.addi16sp sp, -16
core   0: 3 0x800029b6 (0x717d) x2  0xffffff61
core   0: 0x800029b8 (0x03a5d233) divu    tp, a1, s10
core   0: 3 0x800029b8 (0x03a5d233) x4  0x00000000
core   0: 0x800029bc (0x00008d31) c.xor   a0, a2
core   0: 3 0x800029bc (0x8d31) x10 0x00000121
core   0: 0x800029be (0x005dbdb3) sltu    s11, s11, t0
core   0: 3 0x800029be (0x005dbdb3) x27 0x00000001
core   0: 0x800029c2 (0x00f97533) and     a0, s2, a5
core   0: 3 0x800029c2 (0x00f97533) x10 0x00000001
core   0: 0x800029c6 (0x00008da5) c.xor   a1, s1
core   0: 3 0x800029c6 (0x8da5) x11 0x00000000
core   0: 0x800029c8 (0x00008fed) c.and   a5, a1
core   0: 3 0x800029c8 (0x8fed) x15 0x00000000
core   0: 0x800029ca (0x00006af5) c.lui   s5, 0x1d
core   0: 3 0x800029ca (0x6af5) x21 0x0001d000
core   0: 0x800029cc (0x034ab633) mulhu   a2, s5, s4
core   0: 3 0x800029cc (0x034ab633) x12 0x00000000
core   0: 0x800029d0 (0x0365a9b3) mulhsu  s3, a1, s6
core   0: 3 0x800029d0 (0x0365a9b3) x19 0x00000000
core   0: 0x800029d4 (0x0000c909) c.beqz  a0, pc + 18
core   0: 3 0x800029d4 (0xc909)
core   0: 0x800029d6 (0x01168863) beq     a3, a7, pc + 16
core   0: 3 0x800029d6 (0x01168863)
core   0: 0x800029da (0x00008f49) c.or    a4, a0
core   0: 3 0x800029da (0x8f49) x14 0x00000001
core   0: 0x800029dc (0x00009bfd) c.andi  a5, -1
core   0: 3 0x800029dc (0x9bfd) x15 0x00000000
core   0: 0x800029de (0x41e452b3) sra     t0, s0, t5
core   0: 3 0x800029de (0x41e452b3) x5  0x80029ce4
core   0: 0x800029e2 (0xa5854793) xori    a5, a0, -1448
core   0: 3 0x800029e2 (0xa5854793) x15 0xfffffa59
core   0: 0x800029e6 (0x022e9233) mulh    tp, t4, sp
core   0: 3 0x800029e6 (0x022e9233) x4  0xffffffff
core   0: 0x800029ea (0x03ce2a33) mulhsu  s4, t3, t3
core   0: 3 0x800029ea (0x03ce2a33) x20 0x00000000
core   0: 0x800029ee (0x04a46993) ori     s3, s0, 74
core   0: 3 0x800029ee (0x04a46993) x19 0x80029cee
core   0: 0x800029f2 (0x01ec5963) bge     s8, t5, pc + 18
core   0: 3 0x800029f2 (0x01ec5963)
core   0: 0x800029f6 (0x00009a96) c.add   s5, t0
core   0: 3 0x800029f6 (0x9a96) x21 0x80046ce4
core   0: 0x800029f8 (0x00000bc6) c.slli  s7, 17
core   0: 3 0x800029f8 (0x0bc6) x23 0x02c20000
core   0: 0x800029fa (0x000050fd) c.li    ra, -1
core   0: 3 0x800029fa (0x50fd) x1  0xffffffff
core   0: 0x800029fc (0x00b1db33) srl     s6, gp, a1
core   0: 3 0x800029fc (0x00b1db33) x22 0x00003058
core   0: 0x80002a00 (0x01ff0263) beq     t5, t6, pc + 4
core   0: 3 0x80002a00 (0x01ff0263)
core   0: 0x80002a04 (0x000054fd) c.li    s1, -1
core   0: 3 0x80002a04 (0x54fd) x9  0xffffffff
core   0: 0x80002a06 (0x0000617d) c.addi16sp sp, 496
core   0: 3 0x80002a06 (0x617d) x2  0x00000151
core   0: 0x80002a08 (0x027cdd63) bge     s9, t2, pc + 58
core   0: 3 0x80002a08 (0x027cdd63)
core   0: 0x80002a0c (0x0051c663) blt     gp, t0, pc + 12
core   0: 3 0x80002a0c (0x0051c663)
core   0: 0x80002a10 (0x00000088) c.addi4spn a0, sp, 64
core   0: 3 0x80002a10 (0x0088) x10 0x00000191
core   0: 0x80002a12 (0x0000c51d) c.beqz  a0, pc + 46
core   0: 3 0x80002a12 (0xc51d)
core   0: 0x80002a14 (0x01f58f33) add     t5, a1, t6
core   0: 3 0x80002a14 (0x01f58f33) x30 0x00000000
core   0: 0x80002a18 (0x000084c9) c.srai  s1, 18
core   0: 3 0x80002a18 (0x84c9) x9  0xffffffff
core   0: 0x80002a1a (0x0251df33) divu    t5, gp, t0
core   0: 3 0x80002a1a (0x0251df33) x30 0x00000000
core   0: 0x80002a1e (0x0000934e) c.add   t1, s3
core   0: 3 0x80002a1e (0x934e) x6  0x80029cee
core   0: 0x80002a20 (0x00005afd) c.li    s5, -1
core   0: 3 0x80002a20 (0x5afd) x21 0xffffffff
core   0: 0x80002a22 (0x85e66393) ori     t2, a2, -1954
core   0: 3 0x80002a22 (0x85e66393) x7  0xfffff85e
core   0: 0x80002a26 (0x00a08d33) add     s10, ra, a0
core   0: 3 0x80002a26 (0x00a08d33) x26 0x00000190
core   0: 0x80002a2a (0x00008e21) c.xor   a2, s0
core   0: 3 0x80002a2a (0x8e21) x12 0x80029ce4
core   0: 0x80002a2c (0x0303e633) rem     a2, t2, a6
core   0: 3 0x80002a2c (0x0303e633) x12 0xfffff85e
core   0: 0x80002a30 (0xa236ce93) xori    t4, a3, -1501
core   0: 3 0x80002a30 (0xa236ce93) x29 0x7ffda7ff
core   0: 0x80002a34 (0x2c35a3b7) lui     t2, 0x2c35a
core   0: 3 0x80002a34 (0x2c35a3b7) x7  0x2c35a000
core   0: 0x80002a38 (0x000d0733) add     a4, s10, zero
core   0: 3 0x80002a38 (0x000d0733) x14 0x00000190
core   0: 0x80002a3c (0x00000a6e) c.slli  s4, 27
core   0: 3 0x80002a3c (0x0a6e) x20 0x00000000
core   0: 0x80002a3e (0x000080d1) c.srli  s1, 20
core   0: 3 0x80002a3e (0x80d1) x9  0x00000fff
core   0: 0x80002a40 (0x00008f2e) c.mv    t5, a1
core   0: 3 0x80002a40 (0x8f2e) x30 0x00000000
core   0: 0x80002a42 (0x0000567d) c.li    a2, -1
core   0: 3 0x80002a42 (0x567d) x12 0xffffffff
core   0: 0x80002a44 (0x00000184) c.addi4spn s1, sp, 192
core   0: 3 0x80002a44 (0x0184) x9  0x00000211
core   0: 0x80002a46 (0xac9def93) ori     t6, s11, -1335
core   0: 3 0x80002a46 (0xac9def93) x31 0xfffffac9
core   0: 0x80002a4a (0x02ca9963) bne     s5, a2, pc + 50
core   0: 3 0x80002a4a (0x02ca9963)
core   0: 0x80002a4e (0x00476033) or      zero, a4, tp
core   0: 3 0x80002a4e (0x00476033)
core   0: 0x80002a52 (0x00004edd) c.li    t4, 23
core   0: 3 0x80002a52 (0x4edd) x29 0x00000017
core   0: 0x80002a54 (0xf3e16c93) ori     s9, sp, -194
core   0: 3 0x80002a54 (0xf3e16c93) x25 0xffffff7f
core   0: 0x80002a58 (0x000a92b3) sll     t0, s5, zero
core   0: 3 0x80002a58 (0x000a92b3) x5  0xffffffff
core   0: 0x80002a5c (0x40de07b3) sub     a5, t3, a3
core   0: 3 0x80002a5c (0x40de07b3) x15 0x7ffda224
core   0: 0x80002a60 (0x02966263) bltu    a2, s1, pc + 36
core   0: 3 0x80002a60 (0x02966263)
core   0: 0x80002a64 (0x000063b1) c.lui   t2, 0xc
core   0: 3 0x80002a64 (0x63b1) x7  0x0000c000
core   0: 0x80002a66 (0x036e6333) rem     t1, t3, s6
core   0: 3 0x80002a66 (0x036e6333) x6  0x00000000
core   0: 0x80002a6a (0x00000001) c.nop
core   0: 3 0x80002a6a (0x0001)
core   0: 0x80002a6c (0x411b5d93) srai    s11, s6, 17
core   0: 3 0x80002a6c (0x411b5d93) x27 0x00000000
core   0: 0x80002a70 (0x0000ed05) c.bnez  a0, pc + 56
core   0: 3 0x80002a70 (0xed05)
core   0: 0x80002aa8 (0x01a81013) slli    zero, a6, 26
core   0: 3 0x80002aa8 (0x01a81013)
core   0: 0x80002aac (0x04d57263) bgeu    a0, a3, pc + 68
core   0: 3 0x80002aac (0x04d57263)
core   0: 0x80002ab0 (0x01da5913) srli    s2, s4, 29
core   0: 3 0x80002ab0 (0x01da5913) x18 0x00000000
core   0: 0x80002ab4 (0x0065ab33) slt     s6, a1, t1
core   0: 3 0x80002ab4 (0x0065ab33) x22 0x00000000
core   0: 0x80002ab8 (0x006b9033) sll     zero, s7, t1
core   0: 3 0x80002ab8 (0x006b9033)
core   0: 0x80002abc (0x00268b33) add     s6, a3, sp
core   0: 3 0x80002abc (0x00268b33) x22 0x80025f2d
core   0: 0x80002ac0 (0xd14cea37) lui     s4, 0xd14ce
core   0: 3 0x80002ac0 (0xd14cea37) x20 0xd14ce000
core   0: 0x80002ac4 (0x00e15013) srli    zero, sp, 14
core   0: 3 0x80002ac4 (0x00e15013)
core   0: 0x80002ac8 (0x000087fd) c.srai  a5, 31
core   0: 3 0x80002ac8 (0x87fd) x15 0x00000000
core   0: 0x80002aca (0x03d2c833) div     a6, t0, t4
core   0: 3 0x80002aca (0x03d2c833) x16 0x00000000
core   0: 0x80002ace (0x41295db3) sra     s11, s2, s2
core   0: 3 0x80002ace (0x41295db3) x27 0x00000000
core   0: 0x80002ad2 (0x017d9933) sll     s2, s11, s7
core   0: 3 0x80002ad2 (0x017d9933) x18 0x00000000
core   0: 0x80002ad6 (0xb24b7393) andi    t2, s6, -1244
core   0: 3 0x80002ad6 (0xb24b7393) x7  0x80025b24
core   0: 0x80002ada (0x0230f4b3) remu    s1, ra, gp
core   0: 3 0x80002ada (0x0230f4b3) x9  0x000000ff
core   0: 0x80002ade (0x0000e989) c.bnez  a1, pc + 18
core   0: 3 0x80002ade (0xe989)
core   0: 0x80002ae0 (0x000084dd) c.srai  s1, 23
core   0: 3 0x80002ae0 (0x84dd) x9  0x00000000
core   0: 0x80002ae2 (0x012dbeb3) sltu    t4, s11, s2
core   0: 3 0x80002ae2 (0x012dbeb3) x29 0x00000000
core   0: 0x80002ae6 (0x00865893) srli    a7, a2, 8
core   0: 3 0x80002ae6 (0x00865893) x17 0x00ffffff
core   0: 0x80002aea (0x0000ef39) c.bnez  a4, pc + 94
core   0: 3 0x80002aea (0xef39)
core   0: 0x80002b48 (0x0000027e) c.slli  tp, 31
core   0: 3 0x80002b48 (0x027e) x4  0x80000000
core   0: 0x80002b4a (0x0000997d) c.andi  a0, -1
core   0: 3 0x80002b4a (0x997d) x10 0x00000191
core   0: 0x80002b4c (0x006e2733) slt     a4, t3, t1
core   0: 3 0x80002b4c (0x006e2733) x14 0x00000000
core   0: 0x80002b50 (0x03025633) divu    a2, tp, a6
core   0: 3 0x80002b50 (0x03025633) x12 0xffffffff
core   0: 0x80002b54 (0x0000c991) c.beqz  a1, pc + 20
core   0: 3 0x80002b54 (0xc991)
core   0: 0x80002b68 (0x0000e3a9) c.bnez  a5, pc + 66
core   0: 3 0x80002b68 (0xe3a9)
core   0: 0x80002b6a (0x00000e22) c.slli  t3, 8
core   0: 3 0x80002b6a (0x0e22) x28 0x00000000
core   0: 0x80002b6c (0x015dc633) xor     a2, s11, s5
core   0: 3 0x80002b6c (0x015dc633) x12 0xffffffff
core   0: 0x80002b70 (0x0162c833) xor     a6, t0, s6
core   0: 3 0x80002b70 (0x0162c833) x16 0x7ffda0d2
core   0: 0x80002b74 (0x41535093) srai    ra, t1, 21
core   0: 3 0x80002b74 (0x41535093) x1  0x00000000
core   0: 0x80002b78 (0x01da9113) slli    sp, s5, 29
core   0: 3 0x80002b78 (0x01da9113) x2  0xe0000000
core   0: 0x80002b7c (0x02d64133) div     sp, a2, a3
core   0: 3 0x80002b7c (0x02d64133) x2  0x00000000
core   0: 0x80002b80 (0x9d498593) addi    a1, s3, -1580
core   0: 3 0x80002b80 (0x9d498593) x11 0x800296c2
core   0: 0x80002b84 (0xe1b24f93) xori    t6, tp, -485
core   0: 3 0x80002b84 (0xe1b24f93) x31 0x7ffffe1b
core   0: 0x80002b88 (0x0000717d) c.addi16sp sp, -16
core   0: 3 0x80002b88 (0x717d) x2  0xfffffff0
core   0: 0x80002b8a (0x02b872b3) remu    t0, a6, a1
core   0: 3 0x80002b8a (0x02b872b3) x5  0x7ffda0d2
core   0: 0x80002b8e (0x0216c233) div     tp, a3, ra
core   0: 3 0x80002b8e (0x0216c233) x4  0xffffffff
core   0: 0x80002b92 (0x00001f88) c.addi4spn a0, sp, 1008
core   0: 3 0x80002b92 (0x1f88) x10 0x000003e0
core   0: 0x80002b94 (0x00008df5) c.and   a1, a3
core   0: 3 0x80002b94 (0x8df5) x11 0x800214c0
core   0: 0x80002b96 (0x03260933) mul     s2, a2, s2
core   0: 3 0x80002b96 (0x03260933) x18 0x00000000
core   0: 0x80002b9a (0xddedbc93) sltiu   s9, s11, -546
core   0: 3 0x80002b9a (0xddedbc93) x25 0x00000001
core   0: 0x80002b9e (0xd671f797) auipc   a5, 0xd671f
core   0: 3 0x80002b9e (0xd671f797) x15 0x56721b9e
core   0: 0x80002ba2 (0x00006b75) c.lui   s6, 0x1d
core   0: 3 0x80002ba2 (0x6b75) x22 0x0001d000
core   0: 0x80002ba4 (0x01961ab3) sll     s5, a2, s9
core   0: 3 0x80002ba4 (0x01961ab3) x21 0xfffffffe
core   0: 0x80002ba8 (0x0000717d) c.addi16sp sp, -16
core   0: 3 0x80002ba8 (0x717d) x2  0xffffffe0
core   0: 0x80002baa (0x028daeb3) mulhsu  t4, s11, s0
core   0: 3 0x80002baa (0x028daeb3) x29 0x00000000
core   0: 0x80002bae (0x00008e0d) c.sub   a2, a1
core   0: 3 0x80002bae (0x8e0d) x12 0x7ffdeb3f
core   0: 0x80002bb0 (0x020c1cb3) mulh    s9, s8, zero
core   0: 3 0x80002bb0 (0x020c1cb3) x25 0x00000000
core   0: 0x80002bb4 (0x00008cb9) c.xor   s1, a4
core   0: 3 0x80002bb4 (0x8cb9) x9  0x00000000
core   0: 0x80002bb6 (0x00008a2d) c.andi  a2, 11
core   0: 3 0x80002bb6 (0x8a2d) x12 0x0000000b
core   0: 0x80002bb8 (0x0000e1ad) c.bnez  a1, pc + 98
core   0: 3 0x80002bb8 (0xe1ad)
core   0: 0x80002c1a (0x00008fc5) c.or    a5, s1
core   0: 3 0x80002c1a (0x8fc5) x15 0x56721b9e
core   0: 0x80002c1c (0x045d0163) beq     s10, t0, pc + 66
core   0: 3 0x80002c1c (0x045d0163)
core   0: 0x80002c20 (0x23dfa713) slti    a4, t6, 573
core   0: 3 0x80002c20 (0x23dfa713) x14 0x00000000
core   0: 0x80002c24 (0x03d827b3) mulhsu  a5, a6, t4
core   0: 3 0x80002c24 (0x03d827b3) x15 0x00000000
core   0: 0x80002c28 (0x00006131) c.addi16sp sp, 320
core   0: 3 0x80002c28 (0x6131) x2  0x00000120
core   0: 0x80002c2a (0x01c84263) blt     a6, t3, pc + 4
core   0: 3 0x80002c2a (0x01c84263)
core   0: 0x80002c2e (0x02dbe963) bltu    s7, a3, pc + 50
core   0: 3 0x80002c2e (0x02dbe963)
core   0: 0x80002c60 (0x0000425d) c.li    tp, 23
core   0: 3 0x80002c60 (0x425d) x4  0x00000017
core   0: 0x80002c62 (0x0000cf85) c.beqz  a5, pc + 56
core   0: 3 0x80002c62 (0xcf85)
core   0: 0x80002c9a (0x0335f3b3) remu    t2, a1, s3
core   0: 3 0x80002c9a (0x0335f3b3) x7  0x800214c0
core   0: 0x80002c9e (0x03014733) div     a4, sp, a6
core   0: 3 0x80002c9e (0x03014733) x14 0x00000000
core   0: 0x80002ca2 (0x2b568e93) addi    t4, a3, 693
core   0: 3 0x80002ca2 (0x2b568e93) x29 0x80026091
core   0: 0x80002ca6 (0xc41ee713) ori     a4, t4, -959
core   0: 3 0x80002ca6 (0xc41ee713) x14 0xfffffcd1
core   0: 0x80002caa (0x000080a1) c.srli  s1, 8
core   0: 3 0x80002caa (0x80a1) x9  0x00000000
core   0: 0x80002cac (0x408c8933) sub     s2, s9, s0
core   0: 3 0x80002cac (0x408c8933) x18 0x7ffd631c
core   0: 0x80002cb0 (0x00534a63) blt     t1, t0, pc + 20
core   0: 3 0x80002cb0 (0x00534a63)
core   0: 0x80002cc4 (0x00008d7d) c.and   a0, a5
core   0: 3 0x80002cc4 (0x8d7d) x10 0x00000000
core   0: 0x80002cc6 (0x0000ea15) c.bnez  a2, pc + 52
core   0: 3 0x80002cc6 (0xea15)
core   0: 0x80002cfa (0x0027df13) srli    t5, a5, 2
core   0: 3 0x80002cfa (0x0027df13) x30 0x00000000
core   0: 0x80002cfe (0x01239b63) bne     t2, s2, pc + 22
core   0: 3 0x80002cfe (0x01239b63)
core   0: 0x80002d14 (0x038ad863) bge     s5, s8, pc + 48
core   0: 3 0x80002d14 (0x038ad863)
core   0: 0x80002d44 (0x00006b09) c.lui   s6, 0x2
core   0: 3 0x80002d44 (0x6b09) x22 0x00002000
core   0: 0x80002d46 (0x00c45463) bge     s0, a2, pc + 8
core   0: 3 0x80002d46 (0x00c45463)
core   0: 0x80002d4a (0x05ed9363) bne     s11, t5, pc + 70
core   0: 3 0x80002d4a (0x05ed9363)
core   0: 0x80002d4e (0x411b0133) sub     sp, s6, a7
core   0: 3 0x80002d4e (0x411b0133) x2  0xff002001
core   0: 0x80002d52 (0x41595bb3) sra     s7, s2, s5
core   0: 3 0x80002d52 (0x41595bb3) x23 0x00000001
core   0: 0x80002d56 (0x02e1e963) bltu    gp, a4, pc + 50
core   0: 3 0x80002d56 (0x02e1e963)
core   0: 0x80002d88 (0xcff53713) sltiu   a4, a0, -769
core   0: 3 0x80002d88 (0xcff53713) x14 0x00000001
core   0: 0x80002d8c (0x016e01b3) add     gp, t3, s6
core   0: 3 0x80002d8c (0x016e01b3) x3  0x00002000
core   0: 0x80002d90 (0x03fefdb3) remu    s11, t4, t6
core   0: 3 0x80002d90 (0x03fefdb3) x27 0x00026276
core   0: 0x80002d94 (0x0213cdb3) div     s11, t2, ra
core   0: 3 0x80002d94 (0x0213cdb3) x27 0xffffffff
core   0: 0x80002d98 (0x00005efd) c.li    t4, -1
core   0: 3 0x80002d98 (0x5efd) x29 0xffffffff
core   0: 0x80002d9a (0x402edd93) srai    s11, t4, 2
core   0: 3 0x80002d9a (0x402edd93) x27 0xffffffff
core   0: 0x80002d9e (0x00311213) slli    tp, sp, 3
core   0: 3 0x80002d9e (0x00311213) x4  0xf8010008
core   0: 0x80002da2 (0xdc4a4d37) lui     s10, 0xdc4a4
core   0: 3 0x80002da2 (0xdc4a4d37) x26 0xdc4a4000
core   0: 0x80002da6 (0x205d5797) auipc   a5, 0x205d5
core   0: 3 0x80002da6 (0x205d5797) x15 0xa05d7da6
core   0: 0x80002daa (0x0000ce11) c.beqz  a2, pc + 28
core   0: 3 0x80002daa (0xce11)
core   0: 0x80002dac (0x419bd5b3) sra     a1, s7, s9
core   0: 3 0x80002dac (0x419bd5b3) x11 0x00000001
core   0: 0x80002db0 (0x000095e6) c.add   a1, s9
core   0: 3 0x80002db0 (0x95e6) x11 0x00000001
core   0: 0x80002db2 (0x03c69763) bne     a3, t3, pc + 46
core   0: 3 0x80002db2 (0x03c69763)
core   0: 0x80002de0 (0x03b35333) divu    t1, t1, s11
core   0: 3 0x80002de0 (0x03b35333) x6  0x00000000
core   0: 0x80002de4 (0x00008769) c.srai  a4, 26
core   0: 3 0x80002de4 (0x8769) x14 0x00000000
core   0: 0x80002de6 (0x0000178c) c.addi4spn a1, sp, 992
core   0: 3 0x80002de6 (0x178c) x11 0xff0023e1
core   0: 0x80002de8 (0x0242a333) mulhsu  t1, t0, tp
core   0: 3 0x80002de8 (0x0242a333) x6  0x7bfe33cd
core   0: 0x80002dec (0x0251fd33) remu    s10, gp, t0
core   0: 3 0x80002dec (0x0251fd33) x26 0x00002000
core   0: 0x80002df0 (0x00008261) c.srli  a2, 24
core   0: 3 0x80002df0 (0x8261) x12 0x00000000
core   0: 0x80002df2 (0x037cdd63) bge     s9, s7, pc + 58
core   0: 3 0x80002df2 (0x037cdd63)
core   0: 0x80002df6 (0x00006a55) c.lui   s4, 0x15
core   0: 3 0x80002df6 (0x6a55) x20 0x00015000
core   0: 0x80002df8 (0x00000906) c.slli  s2, 1
core   0: 3 0x80002df8 (0x0906) x18 0xfffac638
core   0: 0x80002dfa (0x00780bb3) add     s7, a6, t2
core   0: 3 0x80002dfa (0x00780bb3) x23 0xffffb592
core   0: 0x80002dfe (0x00008f69) c.and   a4, a0
core   0: 3 0x80002dfe (0x8f69) x14 0x00000000
core   0: 0x80002e00 (0x00008e61) c.and   a2, s0
core   0: 3 0x80002e00 (0x8e61) x12 0x00000000
core   0: 0x80002e02 (0xc0226337) lui     t1, 0xc0226
core   0: 3 0x80002e02 (0xc0226337) x6  0xc0226000
core   0: 0x80002e06 (0x00704ab3) xor     s5, zero, t2
core   0: 3 0x80002e06 (0x00704ab3) x21 0x800214c0
core   0: 0x80002e0a (0x00000001) c.nop
core   0: 3 0x80002e0a (0x0001)
core   0: 0x80002e0c (0x029fcc63) blt     t6, s1, pc + 56
core   0: 3 0x80002e0c (0x029fcc63)
core   0: 0x80002e10 (0x00008e79) c.and   a2, a4
core   0: 3 0x80002e10 (0x8e79) x12 0x00000000
core   0: 0x80002e12 (0x000084a2) c.mv    s1, s0
core   0: 3 0x80002e12 (0x84a2) x9  0x80029ce4
core   0: 0x80002e14 (0x02ba4ab3) div     s5, s4, a1
core   0: 3 0x80002e14 (0x02ba4ab3) x21 0x00000000
core   0: 0x80002e18 (0x85b37893) andi    a7, t1, -1957
core   0: 3 0x80002e18 (0x85b37893) x17 0xc0226000
core   0: 0x80002e1c (0x0000691d) c.lui   s2, 0x7
core   0: 3 0x80002e1c (0x691d) x18 0x00007000
core   0: 0x80002e1e (0x02d24eb3) div     t4, tp, a3
core   0: 3 0x80002e1e (0x02d24eb3) x29 0x00000000
core   0: 0x80002e22 (0x0000557d) c.li    a0, -1
core   0: 3 0x80002e22 (0x557d) x10 0xffffffff
core   0: 0x80002e24 (0x000084b5) c.srai  s1, 13
core   0: 3 0x80002e24 (0x84b5) x9  0xfffc0014
core   0: 0x80002e26 (0x0266fa63) bgeu    a3, t1, pc + 52
core   0: 3 0x80002e26 (0x0266fa63)
core   0: 0x80002e2a (0x00008f35) c.xor   a4, a3
core   0: 3 0x80002e2a (0x8f35) x14 0x80025ddc
core   0: 0x80002e2c (0x00639633) sll     a2, t2, t1
core   0: 3 0x80002e2c (0x00639633) x12 0x800214c0
core   0: 0x80002e30 (0x0000ec9d) c.bnez  s1, pc + 62
core   0: 3 0x80002e30 (0xec9d)
core   0: 0x80002e6e (0x41285f33) sra     t5, a6, s2
core   0: 3 0x80002e6e (0x41285f33) x30 0x7ffda0d2
core   0: 0x80002e72 (0x01c3f2b3) and     t0, t2, t3
core   0: 3 0x80002e72 (0x01c3f2b3) x5  0x00000000
core   0: 0x80002e76 (0xce78ee13) ori     t3, a7, -793
core   0: 3 0x80002e76 (0xce78ee13) x28 0xfffffce7
core   0: 0x80002e7a (0x00005965) c.li    s2, -7
core   0: 3 0x80002e7a (0x5965) x18 0xfffffff9
core   0: 0x80002e7c (0xde6d9e37) lui     t3, 0xde6d9
core   0: 3 0x80002e7c (0xde6d9e37) x28 0xde6d9000
core   0: 0x80002e80 (0x00000a31) c.addi  s4, 12
core   0: 3 0x80002e80 (0x0a31) x20 0x0001500c
core   0: 0x80002e82 (0xa71bb093) sltiu   ra, s7, -1423
core   0: 3 0x80002e82 (0xa71bb093) x1  0x00000001
core   0: 0x80002e86 (0x01b06533) or      a0, zero, s11
core   0: 3 0x80002e86 (0x01b06533) x10 0xffffffff
core   0: 0x80002e8a (0x000048a9) c.li    a7, 10
core   0: 3 0x80002e8a (0x48a9) x17 0x0000000a
core   0: 0x80002e8c (0x3ed43797) auipc   a5, 0x3ed43
core   0: 3 0x80002e8c (0x3ed43797) x15 0xbed45e8c
core   0: 0x80002e90 (0x02471e33) mulh    t3, a4, tp
core   0: 3 0x80002e90 (0x02471e33) x28 0x03ff6d0f
core   0: 0x80002e94 (0xc3584c93) xori    s9, a6, -971
core   0: 3 0x80002e94 (0xc3584c93) x25 0x80025ce7
core   0: 0x80002e98 (0x024d8b33) mul     s6, s11, tp
core   0: 3 0x80002e98 (0x024d8b33) x22 0x07fefff8
core   0: 0x80002e9c (0xe55fab13) slti    s6, t6, -427
core   0: 3 0x80002e9c (0xe55fab13) x22 0x00000000
core   0: 0x80002ea0 (0x00000921) c.addi  s2, 8
core   0: 3 0x80002ea0 (0x0921) x18 0x00000001
core   0: 0x80002ea2 (0xd4e17493) andi    s1, sp, -690
core   0: 3 0x80002ea2 (0xd4e17493) x9  0xff002000
core   0: 0x80002ea6 (0x00006e69) c.lui   t3, 0x1a
core   0: 3 0x80002ea6 (0x6e69) x28 0x0001a000
core   0: 0x80002ea8 (0x51cebc93) sltiu   s9, t4, 1308
core   0: 3 0x80002ea8 (0x51cebc93) x25 0x00000001
core   0: 0x80002eac (0x036bbab3) mulhu   s5, s7, s6
core   0: 3 0x80002eac (0x036bbab3) x21 0x00000000
core   0: 0x80002eb0 (0xff1962e3) bltu    s2, a7, pc - 28
core   0: 3 0x80002eb0 (0xff1962e3)
core   0: 0x80002e94 (0xc3584c93) xori    s9, a6, -971
core   0: 3 0x80002e94 (0xc3584c93) x25 0x80025ce7
core   0: 0x80002e98 (0x024d8b33) mul     s6, s11, tp
core   0: 3 0x80002e98 (0x024d8b33) x22 0x07fefff8
core   0: 0x80002e9c (0xe55fab13) slti    s6, t6, -427
core   0: 3 0x80002e9c (0xe55fab13) x22 0x00000000
core   0: 0x80002ea0 (0x00000921) c.addi  s2, 8
core   0: 3 0x80002ea0 (0x0921) x18 0x00000009
core   0: 0x80002ea2 (0xd4e17493) andi    s1, sp, -690
core   0: 3 0x80002ea2 (0xd4e17493) x9  0xff002000
core   0: 0x80002ea6 (0x00006e69) c.lui   t3, 0x1a
core   0: 3 0x80002ea6 (0x6e69) x28 0x0001a000
core   0: 0x80002ea8 (0x51cebc93) sltiu   s9, t4, 1308
core   0: 3 0x80002ea8 (0x51cebc93) x25 0x00000001
core   0: 0x80002eac (0x036bbab3) mulhu   s5, s7, s6
core   0: 3 0x80002eac (0x036bbab3) x21 0x00000000
core   0: 0x80002eb0 (0xff1962e3) bltu    s2, a7, pc - 28
core   0: 3 0x80002eb0 (0xff1962e3)
core   0: 0x80002e94 (0xc3584c93) xori    s9, a6, -971
core   0: 3 0x80002e94 (0xc3584c93) x25 0x80025ce7
core   0: 0x80002e98 (0x024d8b33) mul     s6, s11, tp
core   0: 3 0x80002e98 (0x024d8b33) x22 0x07fefff8
core   0: 0x80002e9c (0xe55fab13) slti    s6, t6, -427
core   0: 3 0x80002e9c (0xe55fab13) x22 0x00000000
core   0: 0x80002ea0 (0x00000921) c.addi  s2, 8
core   0: 3 0x80002ea0 (0x0921) x18 0x00000011
core   0: 0x80002ea2 (0xd4e17493) andi    s1, sp, -690
core   0: 3 0x80002ea2 (0xd4e17493) x9  0xff002000
core   0: 0x80002ea6 (0x00006e69) c.lui   t3, 0x1a
core   0: 3 0x80002ea6 (0x6e69) x28 0x0001a000
core   0: 0x80002ea8 (0x51cebc93) sltiu   s9, t4, 1308
core   0: 3 0x80002ea8 (0x51cebc93) x25 0x00000001
core   0: 0x80002eac (0x036bbab3) mulhu   s5, s7, s6
core   0: 3 0x80002eac (0x036bbab3) x21 0x00000000
core   0: 0x80002eb0 (0xff1962e3) bltu    s2, a7, pc - 28
core   0: 3 0x80002eb0 (0xff1962e3)
core   0: 0x80002eb4 (0xc4a28513) addi    a0, t0, -950
core   0: 3 0x80002eb4 (0xc4a28513) x10 0xfffffc4a
core   0: 0x80002eb8 (0x00009a7d) c.andi  a2, -1
core   0: 3 0x80002eb8 (0x9a7d) x12 0x800214c0
core   0: 0x80002eba (0x03597933) remu    s2, s2, s5
core   0: 3 0x80002eba (0x03597933) x18 0x00000011
core   0: 0x80002ebe (0x000001be) c.slli  gp, 15
core   0: 3 0x80002ebe (0x01be) x3  0x10000000
core   0: 0x80002ec0 (0x00aa4a63) blt     s4, a0, pc + 20
core   0: 3 0x80002ec0 (0x00aa4a63)
core   0: 0x80002ec4 (0xb8d54f13) xori    t5, a0, -1139
core   0: 3 0x80002ec4 (0xb8d54f13) x30 0x000007c7
core   0: 0x80002ec8 (0x0000717d) c.addi16sp sp, -16
core   0: 3 0x80002ec8 (0x717d) x2  0xff001ff1
core   0: 0x80002eca (0x009c7633) and     a2, s8, s1
core   0: 3 0x80002eca (0x009c7633) x12 0xfb002000
core   0: 0x80002ece (0x0000e3a1) c.bnez  a5, pc + 64
core   0: 3 0x80002ece (0xe3a1)
core   0: 0x80002f0e (0x00008cc5) c.or    s1, s1
core   0: 3 0x80002f0e (0x8cc5) x9  0xff002000
core   0: 0x80002f10 (0x0290cd33) div     s10, ra, s1
core   0: 3 0x80002f10 (0x0290cd33) x26 0x00000000
core   0: 0x80002f14 (0x02a993b3) mulh    t2, s3, a0
core   0: 3 0x80002f14 (0x02a993b3) x7  0x000001da
core   0: 0x80002f18 (0x00008a09) c.andi  a2, 2
core   0: 3 0x80002f18 (0x8a09) x12 0x00000000
core   0: 0x80002f1a (0x01bfc263) blt     t6, s11, pc + 4
core   0: 3 0x80002f1a (0x01bfc263)
core   0: 0x80002f1e (0x01517a63) bgeu    sp, s5, pc + 20
core   0: 3 0x80002f1e (0x01517a63)
core   0: 0x80002f32 (0x000055fd) c.li    a1, -1
core   0: 3 0x80002f32 (0x55fd) x11 0xffffffff
core   0: 0x80002f34 (0x02296e63) bltu    s2, sp, pc + 60
core   0: 3 0x80002f34 (0x02296e63)
core   0: 0x80002f70 (0x004f0633) add     a2, t5, tp
core   0: 3 0x80002f70 (0x004f0633) x12 0xf80107cf
core   0: 0x80002f74 (0x00000001) c.nop
core   0: 3 0x80002f74 (0x0001)
core   0: 0x80002f76 (0x00006a25) c.lui   s4, 0x9
core   0: 3 0x80002f76 (0x6a25) x20 0x00009000
core   0: 0x80002f78 (0x0000614d) c.addi16sp sp, 176
core   0: 3 0x80002f78 (0x614d) x2  0xff0020a1
core   0: 0x80002f7a (0x020d5cb3) divu    s9, s10, zero
core   0: 3 0x80002f7a (0x020d5cb3) x25 0xffffffff
core   0: 0x80002f7e (0x00008cb5) c.xor   s1, a3
core   0: 3 0x80002f7e (0x8cb5) x9  0x7f027ddc
core   0: 0x80002f80 (0x000084c1) c.srai  s1, 16
core   0: 3 0x80002f80 (0x84c1) x9  0x00007f02
core   0: 0x80002f82 (0x01c6d2b3) srl     t0, a3, t3
core   0: 3 0x80002f82 (0x01c6d2b3) x5  0x80025ddc
core   0: 0x80002f86 (0x03d8b933) mulhu   s2, a7, t4
core   0: 3 0x80002f86 (0x03d8b933) x18 0x00000000
core   0: 0x80002f8a (0x0177b233) sltu    tp, a5, s7
core   0: 3 0x80002f8a (0x0177b233) x4  0x00000001
core   0: 0x80002f8e (0x000093ea) c.add   t2, s10
core   0: 3 0x80002f8e (0x93ea) x7  0x000001da
core   0: 0x80002f90 (0x020222b3) mulhsu  t0, tp, zero
core   0: 3 0x80002f90 (0x020222b3) x5  0x00000000
core   0: 0x80002f94 (0x00000001) c.nop
core   0: 3 0x80002f94 (0x0001)
core   0: 0x80002f96 (0x0290fbb3) remu    s7, ra, s1
core   0: 3 0x80002f96 (0x0290fbb3) x23 0x00000001
core   0: 0x80002f9a (0x000018fd) c.addi  a7, -1
core   0: 3 0x80002f9a (0x18fd) x17 0x00000009
core   0: 0x80002f9c (0x410b5033) sra     zero, s6, a6
core   0: 3 0x80002f9c (0x410b5033)
core   0: 0x80002fa0 (0x03380f63) beq     a6, s3, pc + 62
core   0: 3 0x80002fa0 (0x03380f63)
core   0: 0x80002fa4 (0x03a56633) rem     a2, a0, s10
core   0: 3 0x80002fa4 (0x03a56633) x12 0xfffffc4a
core   0: 0x80002fa8 (0x05b05663) bge     zero, s11, pc + 76
core   0: 3 0x80002fa8 (0x05b05663)
core   0: 0x80002ff4 (0x00006299) c.lui   t0, 0x6
core   0: 3 0x80002ff4 (0x6299) x5  0x00006000
core   0: 0x80002ff6 (0x0310b033) mulhu   zero, ra, a7
core   0: 3 0x80002ff6 (0x0310b033)
core   0: 0x80002ffa (0x005b4b63) blt     s6, t0, pc + 22
core   0: 3 0x80002ffa (0x005b4b63)
core   0: 0x80003010 (0x0000c089) c.beqz  s1, pc + 2
core   0: 3 0x80003010 (0xc089)
core   0: 0x80003012 (0xfab7f997) auipc   s3, 0xfab7f
core   0: 3 0x80003012 (0xfab7f997) x19 0x7ab82012
core   0: 0x80003016 (0x000082f6) c.mv    t0, t4
core   0: 3 0x80003016 (0x82f6) x5  0x00000000
core   0: 0x80003018 (0x023d53b3) divu    t2, s10, gp
core   0: 3 0x80003018 (0x023d53b3) x7  0x00000000
core   0: 0x8000301c (0xfd2564b7) lui     s1, 0xfd256
core   0: 3 0x8000301c (0xfd2564b7) x9  0xfd256000
core   0: 0x80003020 (0x014b5833) srl     a6, s6, s4
core   0: 3 0x80003020 (0x014b5833) x16 0x00000000
core   0: 0x80003024 (0x000018fd) c.addi  a7, -1
core   0: 3 0x80003024 (0x18fd) x17 0x00000008
core   0: 0x80003026 (0x0000717d) c.addi16sp sp, -16
core   0: 3 0x80003026 (0x717d) x2  0xff002091
core   0: 0x80003028 (0x0000ec9d) c.bnez  s1, pc + 62
core   0: 3 0x80003028 (0xec9d)
core   0: 0x80003066 (0x00000001) c.nop
core   0: 3 0x80003066 (0x0001)
core   0: 0x80003068 (0x4083de13) srai    t3, t2, 8
core   0: 3 0x80003068 (0x4083de13) x28 0x00000000
core   0: 0x8000306c (0x0290eb33) rem     s6, ra, s1
core   0: 3 0x8000306c (0x0290eb33) x22 0x00000001
core   0: 0x80003070 (0x00000a52) c.slli  s4, 20
core   0: 3 0x80003070 (0x0a52) x20 0x00000000
core   0: 0x80003072 (0x03f719b3) mulh    s3, a4, t6
core   0: 3 0x80003072 (0x03f719b3) x19 0xc0012fe0
core   0: 0x80003076 (0x02a5edb3) rem     s11, a1, a0
core   0: 3 0x80003076 (0x02a5edb3) x27 0xffffffff
core   0: 0x8000307a (0x0006e1b3) or      gp, a3, zero
core   0: 3 0x8000307a (0x0006e1b3) x3  0x80025ddc
core   0: 0x8000307e (0x00c587b3) add     a5, a1, a2
core   0: 3 0x8000307e (0x00c587b3) x15 0xfffffc49
core   0: 0x80003082 (0x00000001) c.nop
core   0: 3 0x80003082 (0x0001)
core   0: 0x80003084 (0x026054b3) divu    s1, zero, t1
core   0: 3 0x80003084 (0x026054b3) x9  0x00000000
core   0: 0x80003088 (0x00043db3) sltu    s11, s0, zero
core   0: 3 0x80003088 (0x00043db3) x27 0x00000000
core   0: 0x8000308c (0x00004e29) c.li    t3, 10
core   0: 3 0x8000308c (0x4e29) x28 0x0000000a
core   0: 0x8000308e (0x02e252b3) divu    t0, tp, a4
core   0: 3 0x8000308e (0x02e252b3) x5  0x00000000
core   0: 0x80003092 (0x40bb5a33) sra     s4, s6, a1
core   0: 3 0x80003092 (0x40bb5a33) x20 0x00000000
core   0: 0x80003096 (0x027543b3) div     t2, a0, t2
core   0: 3 0x80003096 (0x027543b3) x7  0xffffffff
core   0: 0x8000309a (0x03571733) mulh    a4, a4, s5
core   0: 3 0x8000309a (0x03571733) x14 0x00000000
core   0: 0x8000309e (0x00008665) c.srai  a2, 25
core   0: 3 0x8000309e (0x8665) x12 0xffffffff
core   0: 0x800030a0 (0x02dc4733) div     a4, s8, a3
core   0: 3 0x800030a0 (0x02dc4733) x14 0x00000000
core   0: 0x800030a4 (0x03d80533) mul     a0, a6, t4
core   0: 3 0x800030a4 (0x03d80533) x10 0x00000000
core   0: 0x800030a8 (0x0000c499) c.beqz  s1, pc + 14
core   0: 3 0x800030a8 (0xc499)
core   0: 0x800030b6 (0x14bdb993) sltiu   s3, s11, 331
core   0: 3 0x800030b6 (0x14bdb993) x19 0x00000001
core   0: 0x800030ba (0x032a1133) mulh    sp, s4, s2
core   0: 3 0x800030ba (0x032a1133) x2  0x00000000
core   0: 0x800030be (0x00008db5) c.xor   a1, a3
core   0: 3 0x800030be (0x8db5) x11 0x7ffda223
core   0: 0x800030c0 (0x038c8a33) mul     s4, s9, s8
core   0: 3 0x800030c0 (0x038c8a33) x20 0x045cdc69
core   0: 0x800030c4 (0x017adc93) srli    s9, s5, 23
core   0: 3 0x800030c4 (0x017adc93) x25 0x00000000
core   0: 0x800030c8 (0x0000717d) c.addi16sp sp, -16
core   0: 3 0x800030c8 (0x717d) x2  0xfffffff0
core   0: 0x800030ca (0x017078b3) and     a7, zero, s7
core   0: 3 0x800030ca (0x017078b3) x17 0x00000000
core   0: 0x800030ce (0x00009b7d) c.andi  a4, -1
core   0: 3 0x800030ce (0x9b7d) x14 0x00000000
core   0: 0x800030d0 (0x00009b7d) c.andi  a4, -1
core   0: 3 0x800030d0 (0x9b7d) x14 0x00000000
core   0: 0x800030d2 (0x00008dd5) c.or    a1, a3
core   0: 3 0x800030d2 (0x8dd5) x11 0xffffffff
core   0: 0x800030d4 (0x03535263) bge     t1, s5, pc + 36
core   0: 3 0x800030d4 (0x03535263)
core   0: 0x800030d8 (0x0000c389) c.beqz  a5, pc + 2
core   0: 3 0x800030d8 (0xc389)
core   0: 0x800030da (0x000083d5) c.srli  a5, 21
core   0: 3 0x800030da (0x83d5) x15 0x000007ff
core   0: 0x800030dc (0x0000862e) c.mv    a2, a1
core   0: 3 0x800030dc (0x862e) x12 0xffffffff
core   0: 0x800030de (0x031ec833) div     a6, t4, a7
core   0: 3 0x800030de (0x031ec833) x16 0xffffffff
core   0: 0x800030e2 (0x00000001) c.nop
core   0: 3 0x800030e2 (0x0001)
core   0: 0x800030e4 (0x4199d3b3) sra     t2, s3, s9
core   0: 3 0x800030e4 (0x4199d3b3) x7  0x00000001
core   0: 0x800030e8 (0x019e3e33) sltu    t3, t3, s9
core   0: 3 0x800030e8 (0x019e3e33) x28 0x00000000
core   0: 0x800030ec (0x010ed833) srl     a6, t4, a6
core   0: 3 0x800030ec (0x010ed833) x16 0x00000000
core   0: 0x800030f0 (0x39800293) li      t0, 920
core   0: 3 0x800030f0 (0x39800293) x5  0x00000398
core   0: 0x800030f4 (0x01b3a5b3) slt     a1, t2, s11
core   0: 3 0x800030f4 (0x01b3a5b3) x11 0x00000000
core   0: 0x800030f8 (0x01d47333) and     t1, s0, t4
core   0: 3 0x800030f8 (0x01d47333) x6  0x00000000
core   0: 0x800030fc (0x000003be) c.slli  t2, 15
core   0: 3 0x800030fc (0x03be) x7  0x00008000
core   0: 0x800030fe (0x025f8fb3) mul     t6, t6, t0
core   0: 3 0x800030fe (0x025f8fb3) x31 0xfff93108
core   0: 0x80003102 (0x6e577a13) andi    s4, a4, 1765
core   0: 3 0x80003102 (0x6e577a13) x20 0x00000000
core   0: 0x80003106 (0x027d65b3) rem     a1, s10, t2
core   0: 3 0x80003106 (0x027d65b3) x11 0x00000000
core   0: 0x8000310a (0x4005d633) sra     a2, a1, zero
core   0: 3 0x8000310a (0x4005d633) x12 0x00000000
core   0: 0x8000310e (0x7874f193) andi    gp, s1, 1927
core   0: 3 0x8000310e (0x7874f193) x3  0x00000000
core   0: 0x80003112 (0x00fd9493) slli    s1, s11, 15
core   0: 3 0x80003112 (0x00fd9493) x9  0x00000000
core   0: 0x80003116 (0x03dd88b3) mul     a7, s11, t4
core   0: 3 0x80003116 (0x03dd88b3) x17 0x00000000
core   0: 0x8000311a (0xf1496493) ori     s1, s2, -236
core   0: 3 0x8000311a (0xf1496493) x9  0xffffff14
core   0: 0x8000311e (0xdfa2ed93) ori     s11, t0, -518
core   0: 3 0x8000311e (0xdfa2ed93) x27 0xfffffffa
core   0: 0x80003122 (0x036ec663) blt     t4, s6, pc + 44
core   0: 3 0x80003122 (0x036ec663)
core   0: 0x8000314e (0x00000001) c.nop
core   0: 3 0x8000314e (0x0001)
core   0: 0x80003150 (0x00001990) c.addi4spn a2, sp, 240
core   0: 3 0x80003150 (0x1990) x12 0x000000e0
core   0: 0x80003152 (0x00671e93) slli    t4, a4, 6
core   0: 3 0x80003152 (0x00671e93) x29 0x00000000
core   0: 0x80003156 (0x00004219) c.li    tp, 6
core   0: 3 0x80003156 (0x4219) x4  0x00000006
core   0: 0x80003158 (0x8fdcc393) xori    t2, s9, -1795
core   0: 3 0x80003158 (0x8fdcc393) x7  0xfffff8fd
core   0: 0x8000315c (0x00008cad) c.xor   s1, a1
core   0: 3 0x8000315c (0x8cad) x9  0xffffff14
core   0: 0x8000315e (0x0000717d) c.addi16sp sp, -16
core   0: 3 0x8000315e (0x717d) x2  0xffffffe0
core   0: 0x80003160 (0x0000099c) c.addi4spn a5, sp, 208
core   0: 3 0x80003160 (0x099c) x15 0x000000b0
core   0: 0x80003162 (0x0304f733) remu    a4, s1, a6
core   0: 3 0x80003162 (0x0304f733) x14 0xffffff14
core   0: 0x80003166 (0x0000e781) c.bnez  a5, pc + 8
core   0: 3 0x80003166 (0xe781)
core   0: 0x8000316e (0xed55f813) andi    a6, a1, -299
core   0: 3 0x8000316e (0xed55f813) x16 0x00000000
core   0: 0x80003172 (0x03f6ca33) div     s4, a3, t6
core   0: 3 0x80003172 (0x03f6ca33) x20 0x000012cc
core   0: 0x80003176 (0xb9f93113) sltiu   sp, s2, -1121
core   0: 3 0x80003176 (0xb9f93113) x2  0x00000001
core   0: 0x8000317a (0x03e3b633) mulhu   a2, t2, t5
core   0: 3 0x8000317a (0x03e3b633) x12 0x000007c6
core   0: 0x8000317e (0x00006131) c.addi16sp sp, 320
core   0: 3 0x8000317e (0x6131) x2  0x00000141
core   0: 0x80003180 (0x150b8893) addi    a7, s7, 336
core   0: 3 0x80003180 (0x150b8893) x17 0x00000151
core   0: 0x80003184 (0x035ab933) mulhu   s2, s5, s5
core   0: 3 0x80003184 (0x035ab933) x18 0x00000000
core   0: 0x80003188 (0x4148d993) srai    s3, a7, 20
core   0: 3 0x80003188 (0x4148d993) x19 0x00000000
core   0: 0x8000318c (0x032c0c63) beq     s8, s2, pc + 56
core   0: 3 0x8000318c (0x032c0c63)
core   0: 0x80003190 (0x00000388) c.addi4spn a0, sp, 448
core   0: 3 0x80003190 (0x0388) x10 0x00000301
core   0: 0x80003192 (0x02596963) bltu    s2, t0, pc + 50
core   0: 3 0x80003192 (0x02596963)
core   0: 0x800031c4 (0x000080d5) c.srli  s1, 21
core   0: 3 0x800031c4 (0x80d5) x9  0x000007ff
core   0: 0x800031c6 (0x017e5963) bge     t3, s7, pc + 18
core   0: 3 0x800031c6 (0x017e5963)
core   0: 0x800031ca (0x00009bc6) c.add   s7, a7
core   0: 3 0x800031ca (0x9bc6) x23 0x00000152
core   0: 0x800031cc (0x90f70e93) addi    t4, a4, -1777
core   0: 3 0x800031cc (0x90f70e93) x29 0xfffff823
core   0: 0x800031d0 (0x0000036d) c.addi  t1, 27
core   0: 3 0x800031d0 (0x036d) x6  0x0000001b
core   0: 0x800031d2 (0x0243d8b3) divu    a7, t2, tp
core   0: 3 0x800031d2 (0x0243d8b3) x17 0x2aaaa97f
core   0: 0x800031d6 (0x000002ed) c.addi  t0, 27
core   0: 3 0x800031d6 (0x02ed) x5  0x000003b3
core   0: 0x800031d8 (0x0399d7b3) divu    a5, s3, s9
core   0: 3 0x800031d8 (0x0399d7b3) x15 0xffffffff
core   0: 0x800031dc (0x019c95b3) sll     a1, s9, s9
core   0: 3 0x800031dc (0x019c95b3) x11 0x00000000
core   0: 0x800031e0 (0x0334cdb3) div     s11, s1, s3
core   0: 3 0x800031e0 (0x0334cdb3) x27 0xffffffff
core   0: 0x800031e4 (0x0000181c) c.addi4spn a5, sp, 48
core   0: 3 0x800031e4 (0x181c) x15 0x00000171
core   0: 0x800031e6 (0x037af0b3) remu    ra, s5, s7
core   0: 3 0x800031e6 (0x037af0b3) x1  0x00000000
core   0: 0x800031ea (0x411d0033) sub     zero, s10, a7
core   0: 3 0x800031ea (0x411d0033)
core   0: 0x800031ee (0x00008cbd) c.xor   s1, a5
core   0: 3 0x800031ee (0x8cbd) x9  0x0000068e
core   0: 0x800031f0 (0x00006119) c.addi16sp sp, 384
core   0: 3 0x800031f0 (0x6119) x2  0x000002c1
core   0: 0x800031f2 (0x03f96bb3) rem     s7, s2, t6
core   0: 3 0x800031f2 (0x03f96bb3) x23 0x00000000
core   0: 0x800031f6 (0x0253ebb3) rem     s7, t2, t0
core   0: 3 0x800031f6 (0x0253ebb3) x23 0xfffffcb0
core   0: 0x800031fa (0x0543f163) bgeu    t2, s4, pc + 66
core   0: 3 0x800031fa (0x0543f163)
core   0: 0x8000323c (0x00008f09) c.sub   a4, a0
core   0: 3 0x8000323c (0x8f09) x14 0xfffffc13
core   0: 0x8000323e (0x02da5ab3) divu    s5, s4, a3
core   0: 3 0x8000323e (0x02da5ab3) x21 0x00000000
core   0: 0x80003242 (0x02dd88b3) mul     a7, s11, a3
core   0: 3 0x80003242 (0x02dd88b3) x17 0x7ffda224
core   0: 0x80003246 (0x10cf8d93) addi    s11, t6, 268
core   0: 3 0x80003246 (0x10cf8d93) x27 0xfff93214
core   0: 0x8000324a (0x02007a63) bgeu    zero, zero, pc + 52
core   0: 3 0x8000324a (0x02007a63)
core   0: 0x8000327e (0x0145ebb3) or      s7, a1, s4
core   0: 3 0x8000327e (0x0145ebb3) x23 0x000012cc
core   0: 0x80003282 (0x000081b5) c.srli  a1, 13
core   0: 3 0x80003282 (0x81b5) x11 0x00000000
core   0: 0x80003284 (0x000083e9) c.srli  a5, 26
core   0: 3 0x80003284 (0x83e9) x15 0x00000000
core   0: 0x80003286 (0x7dc3e013) ori     zero, t2, 2012
core   0: 3 0x80003286 (0x7dc3e013)
core   0: 0x8000328a (0x00006ed5) c.lui   t4, 0x15
core   0: 3 0x8000328a (0x6ed5) x29 0x00015000
core   0: 0x8000328c (0x01804733) xor     a4, zero, s8
core   0: 3 0x8000328c (0x01804733) x14 0xfba32397
core   0: 0x80003290 (0x055d5163) bge     s10, s5, pc + 66
core   0: 3 0x80003290 (0x055d5163)
core   0: 0x800032d2 (0x0021fe33) and     t3, gp, sp
core   0: 3 0x800032d2 (0x0021fe33) x28 0x00000000
core   0: 0x800032d6 (0xcdb38613) addi    a2, t2, -805
core   0: 3 0x800032d6 (0xcdb38613) x12 0xfffff5d8
core   0: 0x800032da (0x4119d633) sra     a2, s3, a7
core   0: 3 0x800032da (0x4119d633) x12 0x00000000
core   0: 0x800032de (0x0000cc81) c.beqz  s1, pc + 24
core   0: 3 0x800032de (0xcc81)
core   0: 0x800032e0 (0x0000c489) c.beqz  s1, pc + 10
core   0: 3 0x800032e0 (0xc489)
core   0: 0x800032e2 (0x0000c911) c.beqz  a0, pc + 20
core   0: 3 0x800032e2 (0xc911)
core   0: 0x800032e4 (0x01929813) slli    a6, t0, 25
core   0: 3 0x800032e4 (0x01929813) x16 0x66000000
core   0: 0x800032e8 (0x0000811d) c.srli  a0, 7
core   0: 3 0x800032e8 (0x811d) x10 0x00000006
core   0: 0x800032ea (0x02262fb3) mulhsu  t6, a2, sp
core   0: 3 0x800032ea (0x02262fb3) x31 0x00000000
core   0: 0x800032ee (0x0187d613) srli    a2, a5, 24
core   0: 3 0x800032ee (0x0187d613) x12 0x00000000
core   0: 0x800032f2 (0xfceaaa93) slti    s5, s5, -50
core   0: 3 0x800032f2 (0xfceaaa93) x21 0x00000000
core   0: 0x800032f6 (0x00000dae) c.slli  s11, 11
core   0: 3 0x800032f6 (0x0dae) x27 0xc990a000
core   0: 0x800032f8 (0x02a149b3) div     s3, sp, a0
core   0: 3 0x800032f8 (0x02a149b3) x19 0x00000075
core   0: 0x800032fc (0x0046a303) lw      t1, 4(a3)
core   0: 3 0x800032fc (0x0046a303) x6  0x80001fbc mem 0x80025de0
core   0: 0x80003300 (0x030114b3) mulh    s1, sp, a6
core   0: 3 0x80003300 (0x030114b3) x9  0x00000118
core   0: 0x80003304 (0x00000001) c.nop
core   0: 3 0x80003304 (0x0001)
core   0: 0x80003306 (0x000006c1) c.addi  a3, 16
core   0: 3 0x80003306 (0x06c1) x13 0x80025dec
core   0: 0x80003308 (0x00009bb2) c.add   s7, a2
core   0: 3 0x80003308 (0x9bb2) x23 0x000012cc
core   0: 0x8000330a (0x409003b3) sub     t2, zero, s1
core   0: 3 0x8000330a (0x409003b3) x7  0xfffffee8
core   0: 0x8000330e (0x018921b3) slt     gp, s2, s8
core   0: 3 0x8000330e (0x018921b3) x3  0x00000000
core   0: 0x80003312 (0x0145cfb3) xor     t6, a1, s4
core   0: 3 0x80003312 (0x0145cfb3) x31 0x000012cc
core   0: 0x80003316 (0x11730613) addi    a2, t1, 279
core   0: 3 0x80003316 (0x11730613) x12 0x800020d3
core   0: 0x8000331a (0xafff8793) addi    a5, t6, -1281
core   0: 3 0x8000331a (0xafff8793) x15 0x00000dcb
core   0: 0x8000331e (0x03330e33) mul     t3, t1, s3
core   0: 3 0x8000331e (0x03330e33) x28 0x800e80ec
core   0: 0x80003322 (0x00030393) mv      t2, t1
core   0: 3 0x80003322 (0x00030393) x7  0x80001fbc
core   0: 0x80003326 (0x00008382) c.jr    t2
core   0: 3 0x80003326 (0x8382)
core   0: 0x80001fbc (0x00ac92b3) sll     t0, s9, a0
core   0: 3 0x80001fbc (0x00ac92b3) x5  0x00000000
core   0: 0x80001fc0 (0x00066c63) bltu    a2, zero, pc + 24
core   0: 3 0x80001fc0 (0x00066c63)
core   0: 0x80001fc4 (0x012f3a33) sltu    s4, t5, s2
core   0: 3 0x80001fc4 (0x012f3a33) x20 0x00000000
core   0: 0x80001fc8 (0x03bac933) div     s2, s5, s11
core   0: 3 0x80001fc8 (0x03bac933) x18 0x00000000
core   0: 0x80001fcc (0x93d39e97) auipc   t4, 0x93d39
core   0: 3 0x80001fcc (0x93d39e97) x29 0x13d3afcc
core   0: 0x80001fd0 (0x88df0493) addi    s1, t5, -1907
core   0: 3 0x80001fd0 (0x88df0493) x9  0x00000054
core   0: 0x80001fd4 (0x00004eb5) c.li    t4, 13
core   0: 3 0x80001fd4 (0x4eb5) x29 0x0000000d
core   0: 0x80001fd6 (0x000098fd) c.andi  s1, -1
core   0: 3 0x80001fd6 (0x98fd) x9  0x00000054
core   0: 0x80001fd8 (0x0000e919) c.bnez  a0, pc + 22
core   0: 3 0x80001fd8 (0xe919)
core   0: 0x80001fee (0x00008ffd) c.and   a5, a5
core   0: 3 0x80001fee (0x8ffd) x15 0x00000dcb
core   0: 0x80001ff0 (0x018210b3) sll     ra, tp, s8
core   0: 3 0x80001ff0 (0x018210b3) x1  0x03000000
core   0: 0x80001ff4 (0x2c17f293) andi    t0, a5, 705
core   0: 3 0x80001ff4 (0x2c17f293) x5  0x000000c1
core   0: 0x80001ff8 (0x02c16113) ori     sp, sp, 44
core   0: 3 0x80001ff8 (0x02c16113) x2  0x000002ed
core   0: 0x80001ffc (0x02e16833) rem     a6, sp, a4
core   0: 3 0x80001ffc (0x02e16833) x16 0x000002ed
core   0: 0x80002000 (0x0195dcb3) srl     s9, a1, s9
core   0: 3 0x80002000 (0x0195dcb3) x25 0x00000000
core   0: 0x80002004 (0x02064bb3) div     s7, a2, zero
core   0: 3 0x80002004 (0x02064bb3) x23 0xffffffff
core   0: 0x80002008 (0x00008cad) c.xor   s1, a1
core   0: 3 0x80002008 (0x8cad) x9  0x00000054
core   0: 0x8000200a (0x000085f9) c.srai  a1, 30
core   0: 3 0x8000200a (0x85f9) x11 0x00000000
core   0: 0x8000200c (0x00678033) add     zero, a5, t1
core   0: 3 0x8000200c (0x00678033)
core   0: 0x80002010 (0x00cac633) xor     a2, s5, a2
core   0: 3 0x80002010 (0x00cac633) x12 0x800020d3
core   0: 0x80002014 (0x034efd33) remu    s10, t4, s4
core   0: 3 0x80002014 (0x034efd33) x26 0x0000000d
core   0: 0x80002018 (0x402c84b3) sub     s1, s9, sp
core   0: 3 0x80002018 (0x402c84b3) x9  0xfffffd13
core   0: 0x8000201c (0x01dd4f33) xor     t5, s10, t4
core   0: 3 0x8000201c (0x01dd4f33) x30 0x00000000
core   0: 0x80002020 (0x00008cbd) c.xor   s1, a5
core   0: 3 0x80002020 (0x8cbd) x9  0xfffff0d8
core   0: 0x80002022 (0x00110633) add     a2, sp, ra
core   0: 3 0x80002022 (0x00110633) x12 0x030002ed
core   0: 0x80002026 (0x00008e71) c.and   a2, a2
core   0: 3 0x80002026 (0x8e71) x12 0x030002ed
core   0: 0x80002028 (0x000014fd) c.addi  s1, -1
core   0: 3 0x80002028 (0x14fd) x9  0xfffff0d7
core   0: 0x8000202a (0x017a1a33) sll     s4, s4, s7
core   0: 3 0x8000202a (0x017a1a33) x20 0x00000000
core   0: 0x8000202e (0x03cf50b3) divu    ra, t5, t3
core   0: 3 0x8000202e (0x03cf50b3) x1  0x00000000
core   0: 0x80002032 (0x003b1233) sll     tp, s6, gp
core   0: 3 0x80002032 (0x003b1233) x4  0x00000001
core   0: 0x80002036 (0x037aceb3) div     t4, s5, s7
core   0: 3 0x80002036 (0x037aceb3) x29 0x00000000
core   0: 0x8000203a (0x0237d063) bge     a5, gp, pc + 32
core   0: 3 0x8000203a (0x0237d063)
core   0: 0x8000205a (0x02df24b3) mulhsu  s1, t5, a3
core   0: 3 0x8000205a (0x02df24b3) x9  0x00000000
core   0: 0x8000205e (0x00008e51) c.or    a2, a2
core   0: 3 0x8000205e (0x8e51) x12 0x030002ed
core   0: 0x80002060 (0x0000612d) c.addi16sp sp, 224
core   0: 3 0x80002060 (0x612d) x2  0x000003cd
core   0: 0x80002062 (0x034f0233) mul     tp, t5, s4
core   0: 3 0x80002062 (0x034f0233) x4  0x00000000
core   0: 0x80002066 (0x00008f6d) c.and   a4, a1
core   0: 3 0x80002066 (0x8f6d) x14 0x00000000
core   0: 0x80002068 (0x025d4133) div     sp, s10, t0
core   0: 3 0x80002068 (0x025d4133) x2  0x00000000
core   0: 0x8000206c (0x039c4e33) div     t3, s8, s9
core   0: 3 0x8000206c (0x039c4e33) x28 0xffffffff
core   0: 0x80002070 (0xbc15b893) sltiu   a7, a1, -1087
core   0: 3 0x80002070 (0xbc15b893) x17 0x00000001
core   0: 0x80002074 (0x00001b7d) c.addi  s6, -1
core   0: 3 0x80002074 (0x1b7d) x22 0x00000000
core   0: 0x80002076 (0x030322b3) mulhsu  t0, t1, a6
core   0: 3 0x80002076 (0x030322b3) x5  0xfffffe89
core   0: 0x8000207a (0x00e75833) srl     a6, a4, a4
core   0: 3 0x8000207a (0x00e75833) x16 0x00000000
core   0: 0x8000207e (0x00008799) c.srai  a5, 6
core   0: 3 0x8000207e (0x8799) x15 0x00000037
core   0: 0x80002080 (0xd8f8ef13) ori     t5, a7, -625
core   0: 3 0x80002080 (0xd8f8ef13) x30 0xfffffd8f
core   0: 0x80002084 (0x0000ee15) c.bnez  a2, pc + 60
core   0: 3 0x80002084 (0xee15)
core   0: 0x800020c0 (0x013ede33) srl     t3, t4, s3
core   0: 3 0x800020c0 (0x013ede33) x28 0x00000000
core   0: 0x800020c4 (0x000098fd) c.andi  s1, -1
core   0: 3 0x800020c4 (0x98fd) x9  0x00000000
core   0: 0x800020c6 (0x00008f79) c.and   a4, a4
core   0: 3 0x800020c6 (0x8f79) x14 0x00000000
core   0: 0x800020c8 (0x02722d33) mulhsu  s10, tp, t2
core   0: 3 0x800020c8 (0x02722d33) x26 0x00000000
core   0: 0x800020cc (0x21337c93) andi    s9, t1, 531
core   0: 3 0x800020cc (0x21337c93) x25 0x00000210
core   0: 0x800020d0 (0x00336233) or      tp, t1, gp
core   0: 3 0x800020d0 (0x00336233) x4  0x80001fbc
core   0: 0x800020d4 (0x00008fa1) c.xor   a5, s0
core   0: 3 0x800020d4 (0x8fa1) x15 0x80029cd3
core   0: 0x800020d6 (0x033c71b3) remu    gp, s8, s3
core   0: 3 0x800020d6 (0x033c71b3) x3  0x00000024
core   0: 0x800020da (0x00001d8c) c.addi4spn a1, sp, 752
core   0: 3 0x800020da (0x1d8c) x11 0x000002f0
core   0: 0x800020dc (0x013b48b3) xor     a7, s6, s3
core   0: 3 0x800020dc (0x013b48b3) x17 0x00000075
core   0: 0x800020e0 (0x034fa133) mulhsu  sp, t6, s4
core   0: 3 0x800020e0 (0x034fa133) x2  0x00000000
core   0: 0x800020e4 (0x0000c21d) c.beqz  a2, pc + 38
core   0: 3 0x800020e4 (0xc21d)
core   0: 0x800020e6 (0x0000e205) c.bnez  a2, pc + 32
core   0: 3 0x800020e6 (0xe205)
core   0: 0x80002106 (0x900a2793) slti    a5, s4, -1792
core   0: 3 0x80002106 (0x900a2793) x15 0x00000000
core   0: 0x8000210a (0x00000184) c.addi4spn s1, sp, 192
core   0: 3 0x8000210a (0x0184) x9  0x000000c0
core   0: 0x8000210c (0x004cc533) xor     a0, s9, tp
core   0: 3 0x8000210c (0x004cc533) x10 0x80001dac
core   0: 0x80002110 (0x0000e881) c.bnez  s1, pc + 16
core   0: 3 0x80002110 (0xe881)
core   0: 0x80002120 (0x010a9e13) slli    t3, s5, 16
core   0: 3 0x80002120 (0x010a9e13) x28 0x00000000
core   0: 0x80002124 (0x5592cb93) xori    s7, t0, 1369
core   0: 3 0x80002124 (0x5592cb93) x23 0xfffffbd0
core   0: 0x80002128 (0x00008d0d) c.sub   a0, a1
core   0: 3 0x80002128 (0x8d0d) x10 0x80001abc
core   0: 0x8000212a (0x0000129c) c.addi4spn a5, sp, 352
core   0: 3 0x8000212a (0x129c) x15 0x00000160
core   0: 0x8000212c (0x7982e113) ori     sp, t0, 1944
core   0: 3 0x8000212c (0x7982e113) x2  0xffffff99
core   0: 0x80002130 (0x00008d01) c.sub   a0, s0
core   0: 3 0x80002130 (0x8d01) x10 0xfffd7dd8
core   0: 0x80002132 (0x00000001) c.nop
core   0: 3 0x80002132 (0x0001)
core   0: 0x80002134 (0x00005dfd) c.li    s11, -1
core   0: 3 0x80002134 (0x5dfd) x27 0xffffffff
core   0: 0x80002136 (0x02eabbb3) mulhu   s7, s5, a4
core   0: 3 0x80002136 (0x02eabbb3) x23 0x00000000
core   0: 0x8000213a (0x6a1bf993) andi    s3, s7, 1697
core   0: 3 0x8000213a (0x6a1bf993) x19 0x00000000
core   0: 0x8000213e (0x6a0b2013) slti    zero, s6, 1696
core   0: 3 0x8000213e (0x6a0b2013)
core   0: 0x80002142 (0x01a10ab3) add     s5, sp, s10
core   0: 3 0x80002142 (0x01a10ab3) x21 0xffffff99
core   0: 0x80002146 (0xe52a4037) lui     zero, 0xe52a4
core   0: 3 0x80002146 (0xe52a4037)
core   0: 0x8000214a (0x403008b3) sub     a7, zero, gp
core   0: 3 0x8000214a (0x403008b3) x17 0xffffffdc
core   0: 0x8000214e (0x00008109) c.srli  a0, 2
core   0: 3 0x8000214e (0x8109) x10 0x3fff5f76
core   0: 0x80002150 (0x00008d89) c.sub   a1, a0
core   0: 3 0x80002150 (0x8d89) x11 0xc000a37a
core   0: 0x80002152 (0x03df73b3) remu    t2, t5, t4
core   0: 3 0x80002152 (0x03df73b3) x7  0xfffffd8f
core   0: 0x80002156 (0x00ee0463) beq     t3, a4, pc + 8
core   0: 3 0x80002156 (0x00ee0463)
core   0: 0x8000215e (0x407989b3) sub     s3, s3, t2
core   0: 3 0x8000215e (0x407989b3) x19 0x00000271
core   0: 0x80002162 (0x00c63333) sltu    t1, a2, a2
core   0: 3 0x80002162 (0x00c63333) x6  0x00000000
core   0: 0x80002166 (0x0000617d) c.addi16sp sp, 496
core   0: 3 0x80002166 (0x617d) x2  0x00000189
core   0: 0x80002168 (0xe69cb393) sltiu   t2, s9, -407
core   0: 3 0x80002168 (0xe69cb393) x7  0x00000001
core   0: 0x8000216c (0x00008c9a) c.mv    s9, t1
core   0: 3 0x8000216c (0x8c9a) x25 0x00000000
core   0: 0x8000216e (0x00004fbd) c.li    t6, 15
core   0: 3 0x8000216e (0x4fbd) x31 0x0000000f
core   0: 0x80002170 (0x0000997d) c.andi  a0, -1
core   0: 3 0x80002170 (0x997d) x10 0x3fff5f76
core   0: 0x80002172 (0x01c23b33) sltu    s6, tp, t3
core   0: 3 0x80002172 (0x01c23b33) x22 0x00000000
core   0: 0x80002176 (0x00efa0b3) slt     ra, t6, a4
core   0: 3 0x80002176 (0x00efa0b3) x1  0x00000000
core   0: 0x8000217a (0x00d06a33) or      s4, zero, a3
core   0: 3 0x8000217a (0x00d06a33) x20 0x80025dec
core   0: 0x8000217e (0x00000084) c.addi4spn s1, sp, 64
core   0: 3 0x8000217e (0x0084) x9  0x000001c9
core   0: 0x80002180 (0x023cabb3) mulhsu  s7, s9, gp
core   0: 3 0x80002180 (0x023cabb3) x23 0x00000000
core   0: 0x80002184 (0x00008ffd) c.and   a5, a5
core   0: 3 0x80002184 (0x8ffd) x15 0x00000160
core   0: 0x80002186 (0x4186de13) srai    t3, a3, 24
core   0: 3 0x80002186 (0x4186de13) x28 0xffffff80
core   0: 0x8000218a (0xacc92a13) slti    s4, s2, -1332
core   0: 3 0x8000218a (0xacc92a13) x20 0x00000000
core   0: 0x8000218e (0x03fb8d63) beq     s7, t6, pc + 58
core   0: 3 0x8000218e (0x03fb8d63)
core   0: 0x80002192 (0xd2664d97) auipc   s11, 0xd2664
core   0: 3 0x80002192 (0xd2664d97) x27 0x52666192
core   0: 0x80002196 (0x02ce0333) mul     t1, t3, a2
core   0: 3 0x80002196 (0x02ce0333) x6  0x7ffe8980
core   0: 0x8000219a (0x2383ea17) auipc   s4, 0x2383e
core   0: 3 0x8000219a (0x2383ea17) x20 0xa384019a
core   0: 0x8000219e (0x035f4863) blt     t5, s5, pc + 48
core   0: 3 0x8000219e (0x035f4863)
core   0: 0x800021ce (0x037560b3) rem     ra, a0, s7
core   0: 3 0x800021ce (0x037560b3) x1  0x3fff5f76
core   0: 0x800021d2 (0x00000001) c.nop
core   0: 3 0x800021d2 (0x0001)
core   0: 0x800021d4 (0x00008c81) c.sub   s1, s0
core   0: 3 0x800021d4 (0x8c81) x9  0x7ffd64e5
core   0: 0x800021d6 (0x02d6e2b3) rem     t0, a3, a3
core   0: 3 0x800021d6 (0x02d6e2b3) x5  0x00000000
core   0: 0x800021da (0x00000001) c.nop
core   0: 3 0x800021da (0x0001)
core   0: 0x800021dc (0x00004ded) c.li    s11, 27
core   0: 3 0x800021dc (0x4ded) x27 0x0000001b
core   0: 0x800021de (0x000043d5) c.li    t2, 21
core   0: 3 0x800021de (0x43d5) x7  0x00000015
core   0: 0x800021e0 (0x0391f0b3) remu    ra, gp, s9
core   0: 3 0x800021e0 (0x0391f0b3) x1  0x00000024
core   0: 0x800021e4 (0x01081793) slli    a5, a6, 16
core   0: 3 0x800021e4 (0x01081793) x15 0x00000000
core   0: 0x800021e8 (0x000085b1) c.srai  a1, 12
core   0: 3 0x800021e8 (0x85b1) x11 0xfffc000a
core   0: 0x800021ea (0x0386d3b3) divu    t2, a3, s8
core   0: 3 0x800021ea (0x0386d3b3) x7  0x00000000
core   0: 0x800021ee (0x021c0833) mul     a6, s8, ra
core   0: 3 0x800021ee (0x021c0833) x16 0x62f1013c
core   0: 0x800021f2 (0x00008f45) c.or    a4, s1
core   0: 3 0x800021f2 (0x8f45) x14 0x7ffd64e5
core   0: 0x800021f4 (0x415ad713) srai    a4, s5, 21
core   0: 3 0x800021f4 (0x415ad713) x14 0xffffffff
core   0: 0x800021f8 (0x00004f79) c.li    t5, 30
core   0: 3 0x800021f8 (0x4f79) x30 0x0000001e
core   0: 0x800021fa (0x405f0033) sub     zero, t5, t0
core   0: 3 0x800021fa (0x405f0033)
core   0: 0x800021fe (0x00008fb9) c.xor   a5, a4
core   0: 3 0x800021fe (0x8fb9) x15 0xffffffff
core   0: 0x80002200 (0x035e28b3) mulhsu  a7, t3, s5
core   0: 3 0x80002200 (0x035e28b3) x17 0xffffff80
core   0: 0x80002204 (0x907e0a13) addi    s4, t3, -1785
core   0: 3 0x80002204 (0x907e0a13) x20 0xfffff887
core   0: 0x80002208 (0x000cf963) bgeu    s9, zero, pc + 18
core   0: 3 0x80002208 (0x000cf963)
core   0: 0x8000221a (0x01089cb3) sll     s9, a7, a6
core   0: 3 0x8000221a (0x01089cb3) x25 0x00000000
core   0: 0x8000221e (0x00008fc1) c.or    a5, s0
core   0: 3 0x8000221e (0x8fc1) x15 0xffffffff
core   0: 0x80002220 (0x9c91a593) slti    a1, gp, -1591
core   0: 3 0x80002220 (0x9c91a593) x11 0x00000000
core   0: 0x80002224 (0x09154b13) xori    s6, a0, 145
core   0: 3 0x80002224 (0x09154b13) x22 0x3fff5fe7
core   0: 0x80002228 (0x01101ab3) sll     s5, zero, a7
core   0: 3 0x80002228 (0x01101ab3) x21 0x00000000
core   0: 0x8000222c (0x0369b033) mulhu   zero, s3, s6
core   0: 3 0x8000222c (0x0369b033)
core   0: 0x80002230 (0x00008d29) c.xor   a0, a0
core   0: 3 0x80002230 (0x8d29) x10 0x00000000
core   0: 0x80002232 (0x00e06533) or      a0, zero, a4
core   0: 3 0x80002232 (0x00e06533) x10 0xffffffff
core   0: 0x80002236 (0x1972f113) andi    sp, t0, 407
core   0: 3 0x80002236 (0x1972f113) x2  0x00000000
core   0: 0x8000223a (0x00000001) c.nop
core   0: 3 0x8000223a (0x0001)
core   0: 0x8000223c (0x02db8993) addi    s3, s7, 45
core   0: 3 0x8000223c (0x02db8993) x19 0x0000002d
core   0: 0x80002240 (0x032dfab3) remu    s5, s11, s2
core   0: 3 0x80002240 (0x032dfab3) x21 0x0000001b
core   0: 0x80002244 (0x00000001) c.nop
core   0: 3 0x80002244 (0x0001)
core   0: 0x80002246 (0x00000001) c.nop
core   0: 3 0x80002246 (0x0001)
core   0: 0x80002248 (0x00000498) c.addi4spn a4, sp, 576
core   0: 3 0x80002248 (0x0498) x14 0x00000240
core   0: 0x8000224a (0x038b1d63) bne     s6, s8, pc + 58
core   0: 3 0x8000224a (0x038b1d63)
core   0: 0x80002284 (0x0000874d) c.srai  a4, 19
core   0: 3 0x80002284 (0x874d) x14 0x00000000
core   0: 0x80002286 (0x01294933) xor     s2, s2, s2
core   0: 3 0x80002286 (0x01294933) x18 0x00000000
core   0: 0x8000228a (0x00b75663) bge     a4, a1, pc + 12
core   0: 3 0x8000228a (0x00b75663)
core   0: 0x80002296 (0x021ac3b3) div     t2, s5, ra
core   0: 3 0x80002296 (0x021ac3b3) x7  0x00000000
core   0: 0x8000229a (0x0046a303) lw      t1, 4(a3)
core   0: 3 0x8000229a (0x0046a303) x6  0x8000531c mem 0x80025df0
core   0: 0x8000229e (0x01cc4e33) xor     t3, s8, t3
core   0: 3 0x8000229e (0x01cc4e33) x28 0x045cdc17
core   0: 0x800022a2 (0x414b0633) sub     a2, s6, s4
core   0: 3 0x800022a2 (0x414b0633) x12 0x3fff6760
core   0: 0x800022a6 (0x4192d7b3) sra     a5, t0, s9
core   0: 3 0x800022a6 (0x4192d7b3) x15 0x00000000
core   0: 0x800022aa (0x038fe633) rem     a2, t6, s8
core   0: 3 0x800022aa (0x038fe633) x12 0x0000000f
core   0: 0x800022ae (0x03c68693) addi    a3, a3, 60
core   0: 3 0x800022ae (0x03c68693) x13 0x80025e28
core   0: 0x800022b2 (0x0000858d) c.srai  a1, 3
core   0: 3 0x800022b2 (0x858d) x11 0x00000000
core   0: 0x800022b4 (0x00030b93) mv      s7, t1
core   0: 3 0x800022b4 (0x00030b93) x23 0x8000531c
core   0: 0x800022b8 (0x00008b82) c.jr    s7
core   0: 3 0x800022b8 (0x8b82)
core   0: 0x8000531c (0x00000001) c.nop
core   0: 3 0x8000531c (0x0001)
core   0: 0x8000531e (0x006b3cb3) sltu    s9, s6, t1
core   0: 3 0x8000531e (0x006b3cb3) x25 0x00000001
core   0: 0x80005322 (0x000d8533) add     a0, s11, zero
core   0: 3 0x80005322 (0x000d8533) x10 0x0000001b
core   0: 0x80005326 (0x0000ef15) c.bnez  a4, pc + 60
core   0: 3 0x80005326 (0xef15)
core   0: 0x80005328 (0x00dc1893) slli    a7, s8, 13
core   0: 3 0x80005328 (0x00dc1893) x17 0x6472e000
core   0: 0x8000532c (0x00008ce5) c.and   s1, s1
core   0: 3 0x8000532c (0x8ce5) x9  0x7ffd64e5
core   0: 0x8000532e (0x012a30b3) sltu    ra, s4, s2
core   0: 3 0x8000532e (0x012a30b3) x1  0x00000000
core   0: 0x80005332 (0x00008f31) c.xor   a4, a2
core   0: 3 0x80005332 (0x8f31) x14 0x0000000f
core   0: 0x80005334 (0x000084a2) c.mv    s1, s0
core   0: 3 0x80005334 (0x84a2) x9  0x80029ce4
core   0: 0x80005336 (0x00001b7d) c.addi  s6, -1
core   0: 3 0x80005336 (0x1b7d) x22 0x3fff5fe6
core   0: 0x80005338 (0xfb7ea313) slti    t1, t4, -73
core   0: 3 0x80005338 (0xfb7ea313) x6  0x00000000
core   0: 0x8000533c (0x0000890a) c.mv    s2, sp
core   0: 3 0x8000533c (0x890a) x18 0x00000000
core   0: 0x8000533e (0x03829eb3) mulh    t4, t0, s8
core   0: 3 0x8000533e (0x03829eb3) x29 0x00000000
core   0: 0x80005342 (0x00008321) c.srli  a4, 8
core   0: 3 0x80005342 (0x8321) x14 0x00000000
core   0: 0x80005344 (0x419808b3) sub     a7, a6, s9
core   0: 3 0x80005344 (0x419808b3) x17 0x62f1013b
core   0: 0x80005348 (0x01a9e633) or      a2, s3, s10
core   0: 3 0x80005348 (0x01a9e633) x12 0x0000002d
core   0: 0x8000534c (0x016ed5b3) srl     a1, t4, s6
core   0: 3 0x8000534c (0x016ed5b3) x11 0x00000000
core   0: 0x80005350 (0x418f5d93) srai    s11, t5, 24
core   0: 3 0x80005350 (0x418f5d93) x27 0x00000000
core   0: 0x80005354 (0x83406493) ori     s1, zero, -1996
core   0: 3 0x80005354 (0x83406493) x9  0xfffff834
core   0: 0x80005358 (0x00008e69) c.and   a2, a0
core   0: 3 0x80005358 (0x8e69) x12 0x00000009
core   0: 0x8000535a (0x00ec38b3) sltu    a7, s8, a4
core   0: 3 0x8000535a (0x00ec38b3) x17 0x00000000
core   0: 0x8000535e (0x02d62833) mulhsu  a6, a2, a3
core   0: 3 0x8000535e (0x02d62833) x16 0x00000004
core   0: 0x80005362 (0x03a47633) remu    a2, s0, s10
core   0: 3 0x80005362 (0x03a47633) x12 0x80029ce4
core   0: 0x80005366 (0x00006d15) c.lui   s10, 0x5
core   0: 3 0x80005366 (0x6d15) x26 0x00005000
core   0: 0x80005368 (0x004338b3) sltu    a7, t1, tp
core   0: 3 0x80005368 (0x004338b3) x17 0x00000001
core   0: 0x8000536c (0x000004c5) c.addi  s1, 17
core   0: 3 0x8000536c (0x04c5) x9  0xfffff845
core   0: 0x8000536e (0x00000b76) c.slli  s6, 29
core   0: 3 0x8000536e (0x0b76) x22 0xc0000000
core   0: 0x80005370 (0x0000527d) c.li    tp, -1
core   0: 3 0x80005370 (0x527d) x4  0xffffffff
core   0: 0x80005372 (0x2612f513) andi    a0, t0, 609
core   0: 3 0x80005372 (0x2612f513) x10 0x00000000
core   0: 0x80005376 (0x0330f933) remu    s2, ra, s3
core   0: 3 0x80005376 (0x0330f933) x18 0x00000000
core   0: 0x8000537a (0xcf710f13) addi    t5, sp, -777
core   0: 3 0x8000537a (0xcf710f13) x30 0xfffffcf7
core   0: 0x8000537e (0x02945e63) bge     s0, s1, pc + 60
core   0: 3 0x8000537e (0x02945e63)
core   0: 0x80005382 (0x000061e1) c.lui   gp, 0x18
core   0: 3 0x80005382 (0x61e1) x3  0x00018000
core   0: 0x80005384 (0x00000001) c.nop
core   0: 3 0x80005384 (0x0001)
core   0: 0x80005386 (0x03d371b3) remu    gp, t1, t4
core   0: 3 0x80005386 (0x03d371b3) x3  0x00000000
core   0: 0x8000538a (0x00006179) c.addi16sp sp, 464
core   0: 3 0x8000538a (0x6179) x2  0x000001d0
core   0: 0x8000538c (0x0265c633) div     a2, a1, t1
core   0: 3 0x8000538c (0x0265c633) x12 0xffffffff
core   0: 0x80005390 (0x00004d2d) c.li    s10, 11
core   0: 3 0x80005390 (0x4d2d) x26 0x0000000b
core   0: 0x80005392 (0x00008b59) c.andi  a4, 22
core   0: 3 0x80005392 (0x8b59) x14 0x00000000
core   0: 0x80005394 (0x00008541) c.srai  a0, 16
core   0: 3 0x80005394 (0x8541) x10 0x00000000
core   0: 0x80005396 (0x01a4a133) slt     sp, s1, s10
core   0: 3 0x80005396 (0x01a4a133) x2  0x00000001
core   0: 0x8000539a (0xc350e313) ori     t1, ra, -971
core   0: 3 0x8000539a (0xc350e313) x6  0xfffffc35
core   0: 0x8000539e (0x005809b3) add     s3, a6, t0
core   0: 3 0x8000539e (0x005809b3) x19 0x00000004
core   0: 0x800053a2 (0x018a3bb3) sltu    s7, s4, s8
core   0: 3 0x800053a2 (0x018a3bb3) x23 0x00000000
core   0: 0x800053a6 (0x41628333) sub     t1, t0, s6
core   0: 3 0x800053a6 (0x41628333) x6  0x40000000
core   0: 0x800053aa (0x73e0a993) slti    s3, ra, 1854
core   0: 3 0x800053aa (0x73e0a993) x19 0x00000001
core   0: 0x800053ae (0x000053fd) c.li    t2, -1
core   0: 3 0x800053ae (0x53fd) x7  0xffffffff
core   0: 0x800053b0 (0x00000001) c.nop
core   0: 3 0x800053b0 (0x0001)
core   0: 0x800053b2 (0x18c52e93) slti    t4, a0, 396
core   0: 3 0x800053b2 (0x18c52e93) x29 0x00000001
core   0: 0x800053b6 (0x01031b93) slli    s7, t1, 16
core   0: 3 0x800053b6 (0x01031b93) x23 0x00000000
core   0: 0x800053ba (0x51533b13) sltiu   s6, t1, 1301
core   0: 3 0x800053ba (0x51533b13) x22 0x00000000
core   0: 0x800053be (0x83a747b7) lui     a5, 0x83a74
core   0: 3 0x800053be (0x83a747b7) x15 0x83a74000
core   0: 0x800053c2 (0x072d8263) beq     s11, s2, pc + 100
core   0: 3 0x800053c2 (0x072d8263)
core   0: 0x80005426 (0x027a8d63) beq     s5, t2, pc + 58
core   0: 3 0x80005426 (0x027a8d63)
core   0: 0x8000542a (0x02478463) beq     a5, tp, pc + 40
core   0: 3 0x8000542a (0x02478463)
core   0: 0x8000542e (0x021698b3) mulh    a7, a3, ra
core   0: 3 0x8000542e (0x021698b3) x17 0x00000000
core   0: 0x80005432 (0x01fa3db3) sltu    s11, s4, t6
core   0: 3 0x80005432 (0x01fa3db3) x27 0x00000000
core   0: 0x80005436 (0x00001bfd) c.addi  s7, -1
core   0: 3 0x80005436 (0x1bfd) x23 0xffffffff
core   0: 0x80005438 (0x02956f63) bltu    a0, s1, pc + 62
core   0: 3 0x80005438 (0x02956f63)
core   0: 0x80005476 (0x001139b3) sltu    s3, sp, ra
core   0: 3 0x80005476 (0x001139b3) x19 0x00000000
core   0: 0x8000547a (0x41768b33) sub     s6, a3, s7
core   0: 3 0x8000547a (0x41768b33) x22 0x80025e29
core   0: 0x8000547e (0x02a91363) bne     s2, a0, pc + 38
core   0: 3 0x8000547e (0x02a91363)
core   0: 0x80005482 (0x00008bc1) c.andi  a5, 16
core   0: 3 0x80005482 (0x8bc1) x15 0x00000000
core   0: 0x80005484 (0x0225dc63) bge     a1, sp, pc + 56
core   0: 3 0x80005484 (0x0225dc63)
core   0: 0x80005488 (0x18b6a793) slti    a5, a3, 395
core   0: 3 0x80005488 (0x18b6a793) x15 0x00000001
core   0: 0x8000548c (0x0012f4b3) and     s1, t0, ra
core   0: 3 0x8000548c (0x0012f4b3) x9  0x00000000
core   0: 0x80005490 (0x000083bd) c.srli  a5, 15
core   0: 3 0x80005490 (0x83bd) x15 0x00000000
core   0: 0x80005492 (0x0383cfb3) div     t6, t2, s8
core   0: 3 0x80005492 (0x0383cfb3) x31 0x00000000
core   0: 0x80005496 (0x0562f463) bgeu    t0, s6, pc + 72
core   0: 3 0x80005496 (0x0562f463)
core   0: 0x8000549a (0x00000001) c.nop
core   0: 3 0x8000549a (0x0001)
core   0: 0x8000549c (0x00d8f233) and     tp, a7, a3
core   0: 3 0x8000549c (0x00d8f233) x4  0x00000000
core   0: 0x800054a0 (0x01b71f93) slli    t6, a4, 27
core   0: 3 0x800054a0 (0x01b71f93) x31 0x00000000
core   0: 0x800054a4 (0x00974c63) blt     a4, s1, pc + 24
core   0: 3 0x800054a4 (0x00974c63)
core   0: 0x800054a8 (0x37cf4e93) xori    t4, t5, 892
core   0: 3 0x800054a8 (0x37cf4e93) x29 0xffffff8b
core   0: 0x800054ac (0xf05c3593) sltiu   a1, s8, -251
core   0: 3 0x800054ac (0xf05c3593) x11 0x00000001
core   0: 0x800054b0 (0x01b1da33) srl     s4, gp, s11
core   0: 3 0x800054b0 (0x01b1da33) x20 0x00000000
core   0: 0x800054b4 (0x9a3a0b93) addi    s7, s4, -1629
core   0: 3 0x800054b4 (0x9a3a0b93) x23 0xfffff9a3
core   0: 0x800054b8 (0x02e7cbb3) div     s7, a5, a4
core   0: 3 0x800054b8 (0x02e7cbb3) x23 0xffffffff
core   0: 0x800054bc (0x00000001) c.nop
core   0: 3 0x800054bc (0x0001)
core   0: 0x800054be (0x02891363) bne     s2, s0, pc + 38
core   0: 3 0x800054be (0x02891363)
core   0: 0x800054e4 (0x0080e9b3) or      s3, ra, s0
core   0: 3 0x800054e4 (0x0080e9b3) x19 0x80029ce4
core   0: 0x800054e8 (0x40aadb13) srai    s6, s5, 10
core   0: 3 0x800054e8 (0x40aadb13) x22 0x00000000
core   0: 0x800054ec (0x78209d17) auipc   s10, 0x78209
core   0: 3 0x800054ec (0x78209d17) x26 0xf820e4ec
core   0: 0x800054f0 (0x0284c763) blt     s1, s0, pc + 46
core   0: 3 0x800054f0 (0x0284c763)
core   0: 0x800054f4 (0x00e623b3) slt     t2, a2, a4
core   0: 3 0x800054f4 (0x00e623b3) x7  0x00000001
core   0: 0x800054f8 (0x000084a9) c.srai  s1, 10
core   0: 3 0x800054f8 (0x84a9) x9  0x00000000
core   0: 0x800054fa (0x402f0fb3) sub     t6, t5, sp
core   0: 3 0x800054fa (0x402f0fb3) x31 0xfffffcf6
core   0: 0x800054fe (0x00004281) c.li    t0, 0
core   0: 3 0x800054fe (0x4281) x5  0x00000000
core   0: 0x80005500 (0x2113ca97) auipc   s5, 0x2113c
core   0: 3 0x80005500 (0x2113ca97) x21 0xa1141500
core   0: 0x80005504 (0x00001ffd) c.addi  t6, -1
core   0: 3 0x80005504 (0x1ffd) x31 0xfffffcf5
core   0: 0x80005506 (0x00000d2a) c.slli  s10, 10
core   0: 3 0x80005506 (0x0d2a) x26 0x8393b000
core   0: 0x80005508 (0x416add13) srai    s10, s5, 22
core   0: 3 0x80005508 (0x416add13) x26 0xfffffe84
core   0: 0x8000550c (0x0377c663) blt     a5, s7, pc + 44
core   0: 3 0x8000550c (0x0377c663)
core   0: 0x80005510 (0x01785713) srli    a4, a6, 23
core   0: 3 0x80005510 (0x01785713) x14 0x00000000
core   0: 0x80005514 (0x0000082d) c.addi  a6, 11
core   0: 3 0x80005514 (0x082d) x16 0x0000000f
core   0: 0x80005516 (0x0008c0b3) xor     ra, a7, zero
core   0: 3 0x80005516 (0x0008c0b3) x1  0x00000000
core   0: 0x8000551a (0xbaf70897) auipc   a7, 0xbaf70
core   0: 3 0x8000551a (0xbaf70897) x17 0x3af7551a
core   0: 0x8000551e (0x02dc2933) mulhsu  s2, s8, a3
core   0: 3 0x8000551e (0x02dc2933) x18 0xfdd18776
core   0: 0x80005522 (0x00008dcd) c.or    a1, a1
core   0: 3 0x80005522 (0x8dcd) x11 0x00000001
core   0: 0x80005524 (0x02819db3) mulh    s11, gp, s0
core   0: 3 0x80005524 (0x02819db3) x27 0x00000000
core   0: 0x80005528 (0x000087f1) c.srai  a5, 28
core   0: 3 0x80005528 (0x87f1) x15 0x00000000
core   0: 0x8000552a (0x00008d6d) c.and   a0, a1
core   0: 3 0x8000552a (0x8d6d) x10 0x00000000
core   0: 0x8000552c (0x02dd6333) rem     t1, s10, a3
core   0: 3 0x8000552c (0x02dd6333) x6  0xfffffe84
core   0: 0x80005530 (0x02b14733) div     a4, sp, a1
core   0: 3 0x80005530 (0x02b14733) x14 0x00000001
core   0: 0x80005534 (0x01127533) and     a0, tp, a7
core   0: 3 0x80005534 (0x01127533) x10 0x00000000
core   0: 0x80005538 (0xd777eb93) ori     s7, a5, -649
core   0: 3 0x80005538 (0xd777eb93) x23 0xfffffd77
core   0: 0x8000553c (0x5119f993) andi    s3, s3, 1297
core   0: 3 0x8000553c (0x5119f993) x19 0x00000400
core   0: 0x80005540 (0x02c2d833) divu    a6, t0, a2
core   0: 3 0x80005540 (0x02c2d833) x16 0x00000000
core   0: 0x80005544 (0x000087ed) c.srai  a5, 27
core   0: 3 0x80005544 (0x87ed) x15 0x00000000
core   0: 0x80005546 (0x92bcc493) xori    s1, s9, -1749
core   0: 3 0x80005546 (0x92bcc493) x9  0xfffff92a
core   0: 0x8000554a (0x9068eb13) ori     s6, a7, -1786
core   0: 3 0x8000554a (0x9068eb13) x22 0xfffffd1e
core   0: 0x8000554e (0x00000708) c.addi4spn a0, sp, 896
core   0: 3 0x8000554e (0x0708) x10 0x00000381
core   0: 0x80005550 (0x02bdeb63) bltu    s11, a1, pc + 54
core   0: 3 0x80005550 (0x02bdeb63)
core   0: 0x80005586 (0x01649d33) sll     s10, s1, s6
core   0: 3 0x80005586 (0x01649d33) x26 0x80000000
core   0: 0x8000558a (0x00006175) c.addi16sp sp, 368
core   0: 3 0x8000558a (0x6175) x2  0x00000171
core   0: 0x8000558c (0x23c0f017) auipc   zero, 0x23c0f
core   0: 3 0x8000558c (0x23c0f017)
core   0: 0x80005590 (0x00a242b3) xor     t0, tp, a0
core   0: 3 0x80005590 (0x00a242b3) x5  0x00000381
core   0: 0x80005594 (0xb8f74093) xori    ra, a4, -1137
core   0: 3 0x80005594 (0xb8f74093) x1  0xfffffb8e
core   0: 0x80005598 (0x0000eb0d) c.bnez  a4, pc + 50
core   0: 3 0x80005598 (0xeb0d)
core   0: 0x800055ca (0x0068a533) slt     a0, a7, t1
core   0: 3 0x800055ca (0x0068a533) x10 0x00000000
core   0: 0x800055ce (0x32613cb7) lui     s9, 0x32613
core   0: 3 0x800055ce (0x32613cb7) x25 0x32613000
core   0: 0x800055d2 (0x00005afd) c.li    s5, -1
core   0: 3 0x800055d2 (0x5afd) x21 0xffffffff
core   0: 0x800055d4 (0x03a434b3) mulhu   s1, s0, s10
core   0: 3 0x800055d4 (0x03a434b3) x9  0x40014e72
core   0: 0x800055d8 (0x01e5a833) slt     a6, a1, t5
core   0: 3 0x800055d8 (0x01e5a833) x16 0x00000000
core   0: 0x800055dc (0x02531863) bne     t1, t0, pc + 48
core   0: 3 0x800055dc (0x02531863)
core   0: 0x8000560c (0x2e828813) addi    a6, t0, 744
core   0: 3 0x8000560c (0x2e828813) x16 0x00000669
core   0: 0x80005610 (0x00000001) c.nop
core   0: 3 0x80005610 (0x0001)
core   0: 0x80005612 (0x00008d9d) c.sub   a1, a5
core   0: 3 0x80005612 (0x8d9d) x11 0x00000001
core   0: 0x80005614 (0x00d7ae33) slt     t3, a5, a3
core   0: 3 0x80005614 (0x00d7ae33) x28 0x00000000
core   0: 0x80005618 (0x000083e1) c.srli  a5, 24
core   0: 3 0x80005618 (0x83e1) x15 0x00000000
core   0: 0x8000561a (0x00736f63) bltu    t1, t2, pc + 30
core   0: 3 0x8000561a (0x00736f63)
core   0: 0x8000561e (0x01e91d33) sll     s10, s2, t5
core   0: 3 0x8000561e (0x01e91d33) x26 0xbb000000
core   0: 0x80005622 (0x0000ee11) c.bnez  a2, pc + 28
core   0: 3 0x80005622 (0xee11)
core   0: 0x8000563e (0x0000c305) c.beqz  a4, pc + 32
core   0: 3 0x8000563e (0xc305)
core   0: 0x80005640 (0x5e137eb7) lui     t4, 0x5e137
core   0: 3 0x80005640 (0x5e137eb7) x29 0x5e137000
core   0: 0x80005644 (0x00c5f833) and     a6, a1, a2
core   0: 3 0x80005644 (0x00c5f833) x16 0x00000001
core   0: 0x80005648 (0x554c3e37) lui     t3, 0x554c3
core   0: 3 0x80005648 (0x554c3e37) x28 0x554c3000
core   0: 0x8000564c (0x05daf163) bgeu    s5, t4, pc + 66
core   0: 3 0x8000564c (0x05daf163)
core   0: 0x8000568e (0x00006541) c.lui   a0, 0x10
core   0: 3 0x8000568e (0x6541) x10 0x00010000
core   0: 0x80005690 (0x0044a0b3) slt     ra, s1, tp
core   0: 3 0x80005690 (0x0044a0b3) x1  0x00000000
core   0: 0x80005694 (0x01644b33) xor     s6, s0, s6
core   0: 3 0x80005694 (0x01644b33) x22 0x7ffd61fa
core   0: 0x80005698 (0x00000001) c.nop
core   0: 3 0x80005698 (0x0001)
core   0: 0x8000569a (0x00008f71) c.and   a4, a2
core   0: 3 0x8000569a (0x8f71) x14 0x00000001
core   0: 0x8000569c (0x00cae533) or      a0, s5, a2
core   0: 3 0x8000569c (0x00cae533) x10 0xffffffff
core   0: 0x800056a0 (0x00006915) c.lui   s2, 0x5
core   0: 3 0x800056a0 (0x6915) x18 0x00005000
core   0: 0x800056a2 (0x011f7033) and     zero, t5, a7
core   0: 3 0x800056a2 (0x011f7033)
core   0: 0x800056a6 (0x03919763) bne     gp, s9, pc + 46
core   0: 3 0x800056a6 (0x03919763)
core   0: 0x800056d4 (0x032d8463) beq     s11, s2, pc + 40
core   0: 3 0x800056d4 (0x032d8463)
core   0: 0x800056d8 (0x41d30633) sub     a2, t1, t4
core   0: 3 0x800056d8 (0x41d30633) x12 0xa1ec8e84
core   0: 0x800056dc (0x0000ee05) c.bnez  a2, pc + 56
core   0: 3 0x800056dc (0xee05)
core   0: 0x80005714 (0x03b1f8b3) remu    a7, gp, s11
core   0: 3 0x80005714 (0x03b1f8b3) x17 0x00000000
core   0: 0x80005718 (0x00e51713) slli    a4, a0, 14
core   0: 3 0x80005718 (0x00e51713) x14 0xffffc000
core   0: 0x8000571c (0x000080d9) c.srli  s1, 22
core   0: 3 0x8000571c (0x80d9) x9  0x00000100
core   0: 0x8000571e (0x00008516) c.mv    a0, t0
core   0: 3 0x8000571e (0x8516) x10 0x00000381
core   0: 0x80005720 (0x02159d63) bne     a1, ra, pc + 58
core   0: 3 0x80005720 (0x02159d63)
core   0: 0x8000575a (0x86d80013) addi    zero, a6, -1939
core   0: 3 0x8000575a (0x86d80013)
core   0: 0x8000575e (0xabe14513) xori    a0, sp, -1346
core   0: 3 0x8000575e (0xabe14513) x10 0xfffffbcf
core   0: 0x80005762 (0xffe66d13) ori     s10, a2, -2
core   0: 3 0x80005762 (0xffe66d13) x26 0xfffffffe
core   0: 0x80005766 (0x000083ae) c.mv    t2, a1
core   0: 3 0x80005766 (0x83ae) x7  0x00000001
core   0: 0x80005768 (0xd366b613) sltiu   a2, a3, -714
core   0: 3 0x80005768 (0xd366b613) x12 0x00000001
core   0: 0x8000576c (0x00000001) c.nop
core   0: 3 0x8000576c (0x0001)
core   0: 0x8000576e (0x90536613) ori     a2, t1, -1787
core   0: 3 0x8000576e (0x90536613) x12 0xffffff85
core   0: 0x80005772 (0x02409fb3) mulh    t6, ra, tp
core   0: 3 0x80005772 (0x02409fb3) x31 0x00000000
core   0: 0x80005776 (0x004b5833) srl     a6, s6, tp
core   0: 3 0x80005776 (0x004b5833) x16 0x7ffd61fa
core   0: 0x8000577a (0x00008fc9) c.or    a5, a0
core   0: 3 0x8000577a (0x8fc9) x15 0xfffffbcf
core   0: 0x8000577c (0x418358b3) sra     a7, t1, s8
core   0: 3 0x8000577c (0x418358b3) x17 0xffffffff
core   0: 0x80005780 (0x000052fd) c.li    t0, -1
core   0: 3 0x80005780 (0x52fd) x5  0xffffffff
core   0: 0x80005782 (0x00271193) slli    gp, a4, 2
core   0: 3 0x80005782 (0x00271193) x3  0xffff0000
core   0: 0x80005786 (0x01cf6133) or      sp, t5, t3
core   0: 3 0x80005786 (0x01cf6133) x2  0xfffffcf7
core   0: 0x8000578a (0x02c93233) mulhu   tp, s2, a2
core   0: 3 0x8000578a (0x02c93233) x4  0x00004fff
core   0: 0x8000578e (0x000040f9) c.li    ra, 30
core   0: 3 0x8000578e (0x40f9) x1  0x0000001e
core   0: 0x80005790 (0x001f3ab3) sltu    s5, t5, ra
core   0: 3 0x80005790 (0x001f3ab3) x21 0x00000000
core   0: 0x80005794 (0x000017fd) c.addi  a5, -1
core   0: 3 0x80005794 (0x17fd) x15 0xfffffbce
core   0: 0x80005796 (0x01a29633) sll     a2, t0, s10
core   0: 3 0x80005796 (0x01a29633) x12 0xc0000000
core   0: 0x8000579a (0x01e97963) bgeu    s2, t5, pc + 18
core   0: 3 0x8000579a (0x01e97963)
core   0: 0x8000579e (0x0392f363) bgeu    t0, s9, pc + 38
core   0: 3 0x8000579e (0x0392f363)
core   0: 0x800057c4 (0x0000717d) c.addi16sp sp, -16
core   0: 3 0x800057c4 (0x717d) x2  0xfffffce7
core   0: 0x800057c6 (0x0000e595) c.bnez  a1, pc + 44
core   0: 3 0x800057c6 (0xe595)
core   0: 0x800057f2 (0x04cc0963) beq     s8, a2, pc + 82
core   0: 3 0x800057f2 (0x04cc0963)
core   0: 0x800057f6 (0x41750e33) sub     t3, a0, s7
core   0: 3 0x800057f6 (0x41750e33) x28 0xfffffe58
core   0: 0x800057fa (0x2148c193) xori    gp, a7, 532
core   0: 3 0x800057fa (0x2148c193) x3  0xfffffdeb
core   0: 0x800057fe (0x00008d95) c.sub   a1, a3
core   0: 3 0x800057fe (0x8d95) x11 0x7ffda1d9
core   0: 0x80005800 (0x01435fb3) srl     t6, t1, s4
core   0: 3 0x80005800 (0x01435fb3) x31 0xfffffe84
core   0: 0x80005804 (0x00000001) c.nop
core   0: 3 0x80005804 (0x0001)
core   0: 0x80005806 (0x00f80fb3) add     t6, a6, a5
core   0: 3 0x80005806 (0x00f80fb3) x31 0x7ffd5dc8
core   0: 0x8000580a (0x00004391) c.li    t2, 4
core   0: 3 0x8000580a (0x4391) x7  0x00000004
core   0: 0x8000580c (0x00004299) c.li    t0, 6
core   0: 3 0x8000580c (0x4299) x5  0x00000006
core   0: 0x8000580e (0x000091be) c.add   gp, a5
core   0: 3 0x8000580e (0x91be) x3  0xfffff9b9
core   0: 0x80005810 (0x013587b3) add     a5, a1, s3
core   0: 3 0x80005810 (0x013587b3) x15 0x7ffda5d9
core   0: 0x80005814 (0x00000385) c.addi  t2, 1
core   0: 3 0x80005814 (0x0385) x7  0x00000005
core   0: 0x80005816 (0xfe538ce3) beq     t2, t0, pc - 8
core   0: 3 0x80005816 (0xfe538ce3)
core   0: 0x8000581a (0x00008d11) c.sub   a0, a2
core   0: 3 0x8000581a (0x8d11) x10 0x3ffffbcf
core   0: 0x8000581c (0x0000130c) c.addi4spn a1, sp, 416
core   0: 3 0x8000581c (0x130c) x11 0xfffffe87
core   0: 0x8000581e (0x0000717d) c.addi16sp sp, -16
core   0: 3 0x8000581e (0x717d) x2  0xfffffcd7
core   0: 0x80005820 (0x00008e0d) c.sub   a2, a1
core   0: 3 0x80005820 (0x8e0d) x12 0xc0000179
core   0: 0x80005822 (0x02b7d663) bge     a5, a1, pc + 44
core   0: 3 0x80005822 (0x02b7d663)
core   0: 0x8000584e (0x000099fd) c.andi  a1, -1
core   0: 3 0x8000584e (0x99fd) x11 0xfffffe87
core   0: 0x80005850 (0x02297933) remu    s2, s2, sp
core   0: 3 0x80005850 (0x02297933) x18 0x00005000
core   0: 0x80005854 (0x0bc188b7) lui     a7, 0xbc18
core   0: 3 0x80005854 (0x0bc188b7) x17 0x0bc18000
core   0: 0x80005858 (0x2862bf17) auipc   t5, 0x2862b
core   0: 3 0x80005858 (0x2862bf17) x30 0xa8630858
core   0: 0x8000585c (0x000080c9) c.srli  s1, 18
core   0: 3 0x8000585c (0x80c9) x9  0x00000000
core   0: 0x8000585e (0x02636633) rem     a2, t1, t1
core   0: 3 0x8000585e (0x02636633) x12 0x00000000
core   0: 0x80005862 (0x0000717d) c.addi16sp sp, -16
core   0: 3 0x80005862 (0x717d) x2  0xfffffcc7
core   0: 0x80005864 (0x0000896d) c.andi  a0, 27
core   0: 3 0x80005864 (0x896d) x10 0x0000000b
core   0: 0x80005866 (0x00008e35) c.xor   a2, a3
core   0: 3 0x80005866 (0x8e35) x12 0x80025e28
core   0: 0x80005868 (0x03daa533) mulhsu  a0, s5, t4
core   0: 3 0x80005868 (0x03daa533) x10 0x00000000
core   0: 0x8000586c (0x00008945) c.andi  a0, 17
core   0: 3 0x8000586c (0x8945) x10 0x00000000
core   0: 0x8000586e (0x00822933) slt     s2, tp, s0
core   0: 3 0x8000586e (0x00822933) x18 0x00000000
core   0: 0x80005872 (0x000081f9) c.srli  a1, 30
core   0: 3 0x80005872 (0x81f9) x11 0x00000003
core   0: 0x80005874 (0x00f80bb3) add     s7, a6, a5
core   0: 3 0x80005874 (0x00f80bb3) x23 0xfffb07d3
core   0: 0x80005878 (0x0054ca33) xor     s4, s1, t0
core   0: 3 0x80005878 (0x0054ca33) x20 0x00000006
core   0: 0x8000587c (0x00107b33) and     s6, zero, ra
core   0: 3 0x8000587c (0x00107b33) x22 0x00000000
core   0: 0x80005880 (0x00862633) slt     a2, a2, s0
core   0: 3 0x80005880 (0x00862633) x12 0x00000001
core   0: 0x80005884 (0x00bf4533) xor     a0, t5, a1
core   0: 3 0x80005884 (0x00bf4533) x10 0xa863085b
core   0: 0x80005888 (0x3e874813) xori    a6, a4, 1000
core   0: 3 0x80005888 (0x3e874813) x16 0xffffc3e8
core   0: 0x8000588c (0xd98a3d93) sltiu   s11, s4, -616
core   0: 3 0x8000588c (0xd98a3d93) x27 0x00000001
core   0: 0x80005890 (0x0130a8b3) slt     a7, ra, s3
core   0: 3 0x80005890 (0x0130a8b3) x17 0x00000001
core   0: 0x80005894 (0x00008e71) c.and   a2, a2
core   0: 3 0x80005894 (0x8e71) x12 0x00000001
core   0: 0x80005896 (0x00008d7d) c.and   a0, a5
core   0: 3 0x80005896 (0x8d7d) x10 0x28610059
core   0: 0x80005898 (0x0918c763) blt     a7, a7, pc + 142
core   0: 3 0x80005898 (0x0918c763)
core   0: 0x8000589c (0x0156c133) xor     sp, a3, s5
core   0: 3 0x8000589c (0x0156c133) x2  0x80025e28
core   0: 0x800058a0 (0x07111f63) bne     sp, a7, pc + 126
core   0: 3 0x800058a0 (0x07111f63)
core   0: 0x8000591e (0x02b7cbb3) div     s7, a5, a1
core   0: 3 0x8000591e (0x02b7cbb3) x23 0x2aa9e1f3
core   0: 0x80005922 (0x0166f633) and     a2, a3, s6
core   0: 3 0x80005922 (0x0166f633) x12 0x00000000
core   0: 0x80005926 (0x09133493) sltiu   s1, t1, 145
core   0: 3 0x80005926 (0x09133493) x9  0x00000000
core   0: 0x8000592a (0x02aa28b3) mulhsu  a7, s4, a0
core   0: 3 0x8000592a (0x02aa28b3) x17 0x00000000
core   0: 0x8000592e (0x03805d63) bge     zero, s8, pc + 58
core   0: 3 0x8000592e (0x03805d63)
core   0: 0x80005968 (0x00aad9b3) srl     s3, s5, a0
core   0: 3 0x80005968 (0x00aad9b3) x19 0x00000000
core   0: 0x8000596c (0x3cd06813) ori     a6, zero, 973
core   0: 3 0x8000596c (0x3cd06813) x16 0x000003cd
core   0: 0x80005970 (0x02cfcf63) blt     t6, a2, pc + 62
core   0: 3 0x80005970 (0x02cfcf63)
core   0: 0x80005974 (0x4056d493) srai    s1, a3, 5
core   0: 3 0x80005974 (0x4056d493) x9  0xfc0012f1
core   0: 0x80005978 (0x029cd763) bge     s9, s1, pc + 46
core   0: 3 0x80005978 (0x029cd763)
core   0: 0x800059a6 (0x1b4481b7) lui     gp, 0x1b448
core   0: 3 0x800059a6 (0x1b4481b7) x3  0x1b448000
core   0: 0x800059aa (0x0271d7b3) divu    a5, gp, t2
core   0: 3 0x800059aa (0x0271d7b3) x15 0x05741999
core   0: 0x800059ae (0x02bdad33) mulhsu  s10, s11, a1
core   0: 3 0x800059ae (0x02bdad33) x26 0x00000000
core   0: 0x800059b2 (0x41295813) srai    a6, s2, 18
core   0: 3 0x800059b2 (0x41295813) x16 0x00000000
core   0: 0x800059b6 (0x40d5dd93) srai    s11, a1, 13
core   0: 3 0x800059b6 (0x40d5dd93) x27 0x00000000
core   0: 0x800059ba (0x02de7533) remu    a0, t3, a3
core   0: 3 0x800059ba (0x02de7533) x10 0x7ffda030
core   0: 0x800059be (0x0310a3b3) mulhsu  t2, ra, a7
core   0: 3 0x800059be (0x0310a3b3) x7  0x00000000
core   0: 0x800059c2 (0x029fca33) div     s4, t6, s1
core   0: 3 0x800059c2 (0x029fca33) x20 0xffffffe1
core   0: 0x800059c6 (0x0232e233) rem     tp, t0, gp
core   0: 3 0x800059c6 (0x0232e233) x4  0x00000006
core   0: 0x800059ca (0x0000615d) c.addi16sp sp, 432
core   0: 3 0x800059ca (0x615d) x2  0x80025fd8
core   0: 0x800059cc (0x000018fd) c.addi  a7, -1
core   0: 3 0x800059cc (0x18fd) x17 0xffffffff
core   0: 0x800059ce (0x018d0833) add     a6, s10, s8
core   0: 3 0x800059ce (0x018d0833) x16 0xfba32397
core   0: 0x800059d2 (0x01f4d963) bge     s1, t6, pc + 18
core   0: 3 0x800059d2 (0x01f4d963)
core   0: 0x800059d6 (0x0000c111) c.beqz  a0, pc + 4
core   0: 3 0x800059d6 (0xc111)
core   0: 0x800059d8 (0x0000c515) c.beqz  a0, pc + 44
core   0: 3 0x800059d8 (0xc515)
core   0: 0x800059da (0x408ad133) sra     sp, s5, s0
core   0: 3 0x800059da (0x408ad133) x2  0x00000000
core   0: 0x800059de (0x0000717d) c.addi16sp sp, -16
core   0: 3 0x800059de (0x717d) x2  0xfffffff0
core   0: 0x800059e0 (0x00473733) sltu    a4, a4, tp
core   0: 3 0x800059e0 (0x00473733) x14 0x00000000
core   0: 0x800059e4 (0x00add293) srli    t0, s11, 10
core   0: 3 0x800059e4 (0x00add293) x5  0x00000000
core   0: 0x800059e8 (0x00008225) c.srli  a2, 9
core   0: 3 0x800059e8 (0x8225) x12 0x00000000
core   0: 0x800059ea (0x00000391) c.addi  t2, 4
core   0: 3 0x800059ea (0x0391) x7  0x00000004
core   0: 0x800059ec (0x00000001) c.nop
core   0: 3 0x800059ec (0x0001)
core   0: 0x800059ee (0x00008189) c.srli  a1, 2
core   0: 3 0x800059ee (0x8189) x11 0x00000000
core   0: 0x800059f0 (0x036e93b3) mulh    t2, t4, s6
core   0: 3 0x800059f0 (0x036e93b3) x7  0x00000000
core   0: 0x800059f4 (0xfe504c93) xori    s9, zero, -27
core   0: 3 0x800059f4 (0xfe504c93) x25 0xffffffe5
core   0: 0x800059f8 (0x000085c9) c.srai  a1, 18
core   0: 3 0x800059f8 (0x85c9) x11 0x00000000
core   0: 0x800059fa (0x00008dc1) c.or    a1, s0
core   0: 3 0x800059fa (0x8dc1) x11 0x80029ce4
core   0: 0x800059fc (0x02c194b3) mulh    s1, gp, a2
core   0: 3 0x800059fc (0x02c194b3) x9  0x00000000
core   0: 0x80005a00 (0x03011233) mulh    tp, sp, a6
core   0: 3 0x80005a00 (0x03011233) x4  0x00000000
core   0: 0x80005a04 (0x00000001) c.nop
core   0: 3 0x80005a04 (0x0001)
core   0: 0x80005a06 (0x004f4a33) xor     s4, t5, tp
core   0: 3 0x80005a06 (0x004f4a33) x20 0xa8630858
core   0: 0x80005a0a (0x00000f88) c.addi4spn a0, sp, 976
core   0: 3 0x80005a0a (0x0f88) x10 0x000003c0
core   0: 0x80005a0c (0xa7947337) lui     t1, 0xa7947
core   0: 3 0x80005a0c (0xa7947337) x6  0xa7947000
core   0: 0x80005a10 (0x5d5b6313) ori     t1, s6, 1493
core   0: 3 0x80005a10 (0x5d5b6313) x6  0x000005d5
core   0: 0x80005a14 (0x01e077b3) and     a5, zero, t5
core   0: 3 0x80005a14 (0x01e077b3) x15 0x00000000
core   0: 0x80005a18 (0x146ff213) andi    tp, t6, 326
core   0: 3 0x80005a18 (0x146ff213) x4  0x00000140
core   0: 0x80005a1c (0x5ddf4313) xori    t1, t5, 1501
core   0: 3 0x80005a1c (0x5ddf4313) x6  0xa8630d85
core   0: 0x80005a20 (0x00006179) c.addi16sp sp, 464
core   0: 3 0x80005a20 (0x6179) x2  0x000001c0
core   0: 0x80005a22 (0x00009b7d) c.andi  a4, -1
core   0: 3 0x80005a22 (0x9b7d) x14 0x00000000
core   0: 0x80005a24 (0x039d0763) beq     s10, s9, pc + 46
core   0: 3 0x80005a24 (0x039d0763)
core   0: 0x80005a28 (0x00008885) c.andi  s1, 1
core   0: 3 0x80005a28 (0x8885) x9  0x00000000
core   0: 0x80005a2a (0x00008cf5) c.and   s1, a3
core   0: 3 0x80005a2a (0x8cf5) x9  0x00000000
core   0: 0x80005a2c (0x0000ec8d) c.bnez  s1, pc + 58
core   0: 3 0x80005a2c (0xec8d)
core   0: 0x80005a2e (0x00008e01) c.sub   a2, s0
core   0: 3 0x80005a2e (0x8e01) x12 0x7ffd631c
core   0: 0x80005a30 (0x00008d7d) c.and   a0, a5
core   0: 3 0x80005a30 (0x8d7d) x10 0x00000000
core   0: 0x80005a32 (0x013db033) sltu    zero, s11, s3
core   0: 3 0x80005a32 (0x013db033)
core   0: 0x80005a36 (0x001bc5b3) xor     a1, s7, ra
core   0: 3 0x80005a36 (0x001bc5b3) x11 0x2aa9e1ed
core   0: 0x80005a3a (0x00000bd9) c.addi  s7, 22
core   0: 3 0x80005a3a (0x0bd9) x23 0x2aa9e209
core   0: 0x80005a3c (0x40245db3) sra     s11, s0, sp
core   0: 3 0x80005a3c (0x40245db3) x27 0x80029ce4
core   0: 0x80005a40 (0x038cc633) div     a2, s9, s8
core   0: 3 0x80005a40 (0x038cc633) x12 0x00000000
core   0: 0x80005a44 (0x00008e39) c.xor   a2, a4
core   0: 3 0x80005a44 (0x8e39) x12 0x00000000
core   0: 0x80005a46 (0x02590533) mul     a0, s2, t0
core   0: 3 0x80005a46 (0x02590533) x10 0x00000000
core   0: 0x80005a4a (0x02366063) bltu    a2, gp, pc + 32
core   0: 3 0x80005a4a (0x02366063)
core   0: 0x80005a6a (0x00000001) c.nop
core   0: 3 0x80005a6a (0x0001)
core   0: 0x80005a6c (0x02223233) mulhu   tp, tp, sp
core   0: 3 0x80005a6c (0x02223233) x4  0x00000000
core   0: 0x80005a70 (0x00b70133) add     sp, a4, a1
core   0: 3 0x80005a70 (0x00b70133) x2  0x2aa9e1ed
core   0: 0x80005a74 (0x02a03933) mulhu   s2, zero, a0
core   0: 3 0x80005a74 (0x02a03933) x18 0x00000000
core   0: 0x80005a78 (0x00005afd) c.li    s5, -1
core   0: 3 0x80005a78 (0x5afd) x21 0xffffffff
core   0: 0x80005a7a (0x0369abb3) mulhsu  s7, s3, s6
core   0: 3 0x80005a7a (0x0369abb3) x23 0x00000000
core   0: 0x80005a7e (0x03125633) divu    a2, tp, a7
core   0: 3 0x80005a7e (0x03125633) x12 0x00000000
core   0: 0x80005a82 (0x0369b7b3) mulhu   a5, s3, s6
core   0: 3 0x80005a82 (0x0369b7b3) x15 0x00000000
core   0: 0x80005a86 (0x00008f95) c.sub   a5, a3
core   0: 3 0x80005a86 (0x8f95) x15 0x7ffda1d8
core   0: 0x80005a88 (0x03e57363) bgeu    a0, t5, pc + 38
core   0: 3 0x80005a88 (0x03e57363)
core   0: 0x80005a8c (0x03704e63) blt     zero, s7, pc + 60
core   0: 3 0x80005a8c (0x03704e63)
core   0: 0x80005a90 (0x00000001) c.nop
core   0: 3 0x80005a90 (0x0001)
core   0: 0x80005a92 (0x02306fb3) rem     t6, zero, gp
core   0: 3 0x80005a92 (0x02306fb3) x31 0x00000000
core   0: 0x80005a96 (0x00976033) or      zero, a4, s1
core   0: 3 0x80005a96 (0x00976033)
core   0: 0x80005a9a (0x0000717d) c.addi16sp sp, -16
core   0: 3 0x80005a9a (0x717d) x2  0x2aa9e1dd
core   0: 0x80005a9c (0xca887213) andi    tp, a6, -856
core   0: 3 0x80005a9c (0xca887213) x4  0xfba32080
core   0: 0x80005aa0 (0x41a0dfb3) sra     t6, ra, s10
core   0: 3 0x80005aa0 (0x41a0dfb3) x31 0x0000001e
core   0: 0x80005aa4 (0x00008f19) c.sub   a4, a4
core   0: 3 0x80005aa4 (0x8f19) x14 0x00000000
core   0: 0x80005aa6 (0x0000557d) c.li    a0, -1
core   0: 3 0x80005aa6 (0x557d) x10 0xffffffff
core   0: 0x80005aa8 (0x00008d7d) c.and   a0, a5
core   0: 3 0x80005aa8 (0x8d7d) x10 0x7ffda1d8
core   0: 0x80005aaa (0x02927d63) bgeu    tp, s1, pc + 58
core   0: 3 0x80005aaa (0x02927d63)
core   0: 0x80005ae4 (0x0000e139) c.bnez  a0, pc + 70
core   0: 3 0x80005ae4 (0xe139)
core   0: 0x80005b2a (0x029084b3) mul     s1, ra, s1
core   0: 3 0x80005b2a (0x029084b3) x9  0x00000000
core   0: 0x80005b2e (0x00006189) c.lui   gp, 0x2
core   0: 3 0x80005b2e (0x6189) x3  0x00002000
core   0: 0x80005b30 (0x0192bfb3) sltu    t6, t0, s9
core   0: 3 0x80005b30 (0x0192bfb3) x31 0x00000001
core   0: 0x80005b34 (0x00009806) c.add   a6, ra
core   0: 3 0x80005b34 (0x9806) x16 0xfba323b5
core   0: 0x80005b36 (0x00008d2d) c.xor   a0, a1
core   0: 3 0x80005b36 (0x8d2d) x10 0x55544035
core   0: 0x80005b38 (0x00c22bb3) slt     s7, tp, a2
core   0: 3 0x80005b38 (0x00c22bb3) x23 0x00000001
core   0: 0x80005b3c (0x00008d1d) c.sub   a0, a5
core   0: 3 0x80005b3c (0x8d1d) x10 0xd5569e5d
core   0: 0x80005b3e (0x00008771) c.srai  a4, 28
core   0: 3 0x80005b3e (0x8771) x14 0x00000000
core   0: 0x80005b40 (0x004692b3) sll     t0, a3, tp
core   0: 3 0x80005b40 (0x004692b3) x5  0x80025e28
core   0: 0x80005b44 (0x027d8963) beq     s11, t2, pc + 50
core   0: 3 0x80005b44 (0x027d8963)
core   0: 0x80005b48 (0x00008515) c.srai  a0, 5
core   0: 3 0x80005b48 (0x8515) x10 0xfeaab4f2
core   0: 0x80005b4a (0x00008fd1) c.or    a5, a2
core   0: 3 0x80005b4a (0x8fd1) x15 0x7ffda1d8
core   0: 0x80005b4c (0x39bdb597) auipc   a1, 0x39bdb
core   0: 3 0x80005b4c (0x39bdb597) x11 0xb9be0b4c
core   0: 0x80005b50 (0x03729733) mulh    a4, t0, s7
core   0: 3 0x80005b50 (0x03729733) x14 0xffffffff
core   0: 0x80005b54 (0x00000001) c.nop
core   0: 3 0x80005b54 (0x0001)
core   0: 0x80005b56 (0x00000001) c.nop
core   0: 3 0x80005b56 (0x0001)
core   0: 0x80005b58 (0x000042f9) c.li    t0, 30
core   0: 3 0x80005b58 (0x42f9) x5  0x0000001e
core   0: 0x80005b5a (0x024289b3) mul     s3, t0, tp
core   0: 3 0x80005b5a (0x024289b3) x19 0x7d1dcf00
core   0: 0x80005b5e (0x00001b8c) c.addi4spn a1, sp, 496
core   0: 3 0x80005b5e (0x1b8c) x11 0x2aa9e3cd
core   0: 0x80005b60 (0x0000e221) c.bnez  a2, pc + 64
core   0: 3 0x80005b60 (0xe221)
core   0: 0x80005b62 (0x0021af33) slt     t5, gp, sp
core   0: 3 0x80005b62 (0x0021af33) x30 0x00000001
core   0: 0x80005b66 (0x68538713) addi    a4, t2, 1669
core   0: 3 0x80005b66 (0x68538713) x14 0x00000685
core   0: 0x80005b6a (0x4c67f513) andi    a0, a5, 1222
core   0: 3 0x80005b6a (0x4c67f513) x10 0x000000c0
core   0: 0x80005b6e (0x00008112) c.mv    sp, tp
core   0: 3 0x80005b6e (0x8112) x2  0xfba32080
core   0: 0x80005b70 (0xa0abed97) auipc   s11, 0xa0abe
core   0: 3 0x80005b70 (0xa0abed97) x27 0x20ac3b70
core   0: 0x80005b74 (0x00000001) c.nop
core   0: 3 0x80005b74 (0x0001)
core   0: 0x80005b76 (0x01889993) slli    s3, a7, 24
core   0: 3 0x80005b76 (0x01889993) x19 0xff000000
core   0: 0x80005b7a (0x0000717d) c.addi16sp sp, -16
core   0: 3 0x80005b7a (0x717d) x2  0xfba32070
core   0: 0x80005b7c (0x00000c0c) c.addi4spn a1, sp, 528
core   0: 3 0x80005b7c (0x0c0c) x11 0xfba32280
core   0: 0x80005b7e (0x02089a63) bnez    a7, pc + 52
core   0: 3 0x80005b7e (0x02089a63)
core   0: 0x80005bb2 (0x00008d21) c.xor   a0, s0
core   0: 3 0x80005bb2 (0x8d21) x10 0x80029c24
core   0: 0x80005bb4 (0x02054e33) div     t3, a0, zero
core   0: 3 0x80005bb4 (0x02054e33) x28 0xffffffff
core   0: 0x80005bb8 (0x41d7db33) sra     s6, a5, t4
core   0: 3 0x80005bb8 (0x41d7db33) x22 0x7ffda1d8
core   0: 0x80005bbc (0x01904bb3) xor     s7, zero, s9
core   0: 3 0x80005bbc (0x01904bb3) x23 0xffffffe5
core   0: 0x80005bc0 (0x014af7b3) and     a5, s5, s4
core   0: 3 0x80005bc0 (0x014af7b3) x15 0xa8630858
core   0: 0x80005bc4 (0x4bdf2e17) auipc   t3, 0x4bdf2
core   0: 3 0x80005bc4 (0x4bdf2e17) x28 0xcbdf7bc4
core   0: 0x80005bc8 (0x0000859d) c.srai  a1, 7
core   0: 3 0x80005bc8 (0x859d) x11 0xfff74645
core   0: 0x80005bca (0x58d7ab13) slti    s6, a5, 1421
core   0: 3 0x80005bca (0x58d7ab13) x22 0x00000001
core   0: 0x80005bce (0x0de53f37) lui     t5, 0xde53
core   0: 3 0x80005bce (0x0de53f37) x30 0x0de53000
core   0: 0x80005bd2 (0x00c63733) sltu    a4, a2, a2
core   0: 3 0x80005bd2 (0x00c63733) x14 0x00000000
core   0: 0x80005bd6 (0x10bf7893) andi    a7, t5, 267
core   0: 3 0x80005bd6 (0x10bf7893) x17 0x00000000
core   0: 0x80005bda (0x00000001) c.nop
core   0: 3 0x80005bda (0x0001)
core   0: 0x80005bdc (0x00006aa5) c.lui   s5, 0x9
core   0: 3 0x80005bdc (0x6aa5) x21 0x00009000
core   0: 0x80005bde (0x034587b3) mul     a5, a1, s4
core   0: 3 0x80005bde (0x034587b3) x15 0x2be14fb8
core   0: 0x80005be2 (0x02f8c0b3) div     ra, a7, a5
core   0: 3 0x80005be2 (0x02f8c0b3) x1  0x00000000
core   0: 0x80005be6 (0x01a2ef33) or      t5, t0, s10
core   0: 3 0x80005be6 (0x01a2ef33) x30 0x0000001e
core   0: 0x80005bea (0x00143f33) sltu    t5, s0, ra
core   0: 3 0x80005bea (0x00143f33) x30 0x00000000
core   0: 0x80005bee (0x02623033) mulhu   zero, tp, t1
core   0: 3 0x80005bee (0x02623033)
core   0: 0x80005bf2 (0x8b0a44b7) lui     s1, 0x8b0a4
core   0: 3 0x80005bf2 (0x8b0a44b7) x9  0x8b0a4000
core   0: 0x80005bf6 (0xb1bedf17) auipc   t5, 0xb1bed
core   0: 3 0x80005bf6 (0xb1bedf17) x30 0x31bf2bf6
core   0: 0x80005bfa (0x405457b3) sra     a5, s0, t0
core   0: 3 0x80005bfa (0x405457b3) x15 0xfffffffe
core   0: 0x80005bfe (0x0294d163) bge     s1, s1, pc + 34
core   0: 3 0x80005bfe (0x0294d163)
core   0: 0x80005c20 (0x01948bb3) add     s7, s1, s9
core   0: 3 0x80005c20 (0x01948bb3) x23 0x8b0a3fe5
core   0: 0x80005c24 (0x00000b98) c.addi4spn a4, sp, 464
core   0: 3 0x80005c24 (0x0b98) x14 0xfba32240
core   0: 0x80005c26 (0x00d03fb3) snez    t6, a3
core   0: 3 0x80005c26 (0x00d03fb3) x31 0x00000001
core   0: 0x80005c2a (0x00000001) c.nop
core   0: 3 0x80005c2a (0x0001)
core   0: 0x80005c2c (0x00008f61) c.and   a4, s0
core   0: 3 0x80005c2c (0x8f61) x14 0x80020040
core   0: 0x80005c2e (0x01436033) or      zero, t1, s4
core   0: 3 0x80005c2e (0x01436033)
core   0: 0x80005c32 (0x02a1c263) blt     gp, a0, pc + 36
core   0: 3 0x80005c32 (0x02a1c263)
core   0: 0x80005c36 (0x0000c891) c.beqz  s1, pc + 20
core   0: 3 0x80005c36 (0xc891)
core   0: 0x80005c38 (0x027ac4b3) div     s1, s5, t2
core   0: 3 0x80005c38 (0x027ac4b3) x9  0xffffffff
core   0: 0x80005c3c (0x6ccb4993) xori    s3, s6, 1740
core   0: 3 0x80005c3c (0x6ccb4993) x19 0x000006cd
core   0: 0x80005c40 (0x312a3b13) sltiu   s6, s4, 786
core   0: 3 0x80005c40 (0x312a3b13) x22 0x00000000
core   0: 0x80005c44 (0x000097b2) c.add   a5, a2
core   0: 3 0x80005c44 (0x97b2) x15 0xfffffffe
core   0: 0x80005c46 (0x002b8cb3) add     s9, s7, sp
core   0: 3 0x80005c46 (0x002b8cb3) x25 0x86ad6055
core   0: 0x80005c4a (0x03788033) mul     zero, a7, s7
core   0: 3 0x80005c4a (0x03788033)
core   0: 0x80005c4e (0x822cb913) sltiu   s2, s9, -2014
core   0: 3 0x80005c4e (0x822cb913) x18 0x00000001
core   0: 0x80005c52 (0x000067c9) c.lui   a5, 0x12
core   0: 3 0x80005c52 (0x67c9) x15 0x00012000
core   0: 0x80005c54 (0x00008de1) c.and   a1, s0
core   0: 3 0x80005c54 (0x8de1) x11 0x80020444
core   0: 0x80005c56 (0x00008f0d) c.sub   a4, a1
core   0: 3 0x80005c56 (0x8f0d) x14 0xfffffbfc
core   0: 0x80005c58 (0xaf642493) slti    s1, s0, -1290
core   0: 3 0x80005c58 (0xaf642493) x9  0x00000001
core   0: 0x80005c5c (0x0000867d) c.srai  a2, 31
core   0: 3 0x80005c5c (0x867d) x12 0x00000000
core   0: 0x80005c5e (0xb4c2c893) xori    a7, t0, -1204
core   0: 3 0x80005c5e (0xb4c2c893) x17 0xfffffb52
core   0: 0x80005c62 (0xf086cd13) xori    s10, a3, -248
core   0: 3 0x80005c62 (0xf086cd13) x26 0x7ffda120
core   0: 0x80005c66 (0x01885313) srli    t1, a6, 24
core   0: 3 0x80005c66 (0x01885313) x6  0x000000fb
core   0: 0x80005c6a (0xb52aa913) slti    s2, s5, -1198
core   0: 3 0x80005c6a (0xb52aa913) x18 0x00000000
core   0: 0x80005c6e (0x00008c89) c.sub   s1, a0
core   0: 3 0x80005c6e (0x8c89) x9  0x7ffd63dd
core   0: 0x80005c70 (0x0000e881) c.bnez  s1, pc + 16
core   0: 3 0x80005c70 (0xe881)
core   0: 0x80005c80 (0x2b0ba913) slti    s2, s7, 688
core   0: 3 0x80005c80 (0x2b0ba913) x18 0x00000001
core   0: 0x80005c84 (0x03b1b4b3) mulhu   s1, gp, s11
core   0: 3 0x80005c84 (0x03b1b4b3) x9  0x00000415
core   0: 0x80005c88 (0x0000717d) c.addi16sp sp, -16
core   0: 3 0x80005c88 (0x717d) x2  0xfba32060
core   0: 0x80005c8a (0x01f6b5b3) sltu    a1, a3, t6
core   0: 3 0x80005c8a (0x01f6b5b3) x11 0x00000000
core   0: 0x80005c8e (0x001de7b3) or      a5, s11, ra
core   0: 3 0x80005c8e (0x001de7b3) x15 0x20ac3b70
core   0: 0x80005c92 (0x034e64b3) rem     s1, t3, s4
core   0: 3 0x80005c92 (0x034e64b3) x9  0xcbdf7bc4
core   0: 0x80005c96 (0x00009612) c.add   a2, tp
core   0: 3 0x80005c96 (0x9612) x12 0xfba32080
core   0: 0x80005c98 (0x02cc5863) bge     s8, a2, pc + 48
core   0: 3 0x80005c98 (0x02cc5863)
core   0: 0x80005cc8 (0x01ee28b3) slt     a7, t3, t5
core   0: 3 0x80005cc8 (0x01ee28b3) x17 0x00000001
core   0: 0x80005ccc (0x302e6d37) lui     s10, 0x302e6
core   0: 3 0x80005ccc (0x302e6d37) x26 0x302e6000
core   0: 0x80005cd0 (0x00085733) srl     a4, a6, zero
core   0: 3 0x80005cd0 (0x00085733) x14 0xfba323b5
core   0: 0x80005cd4 (0x00008cf5) c.and   s1, a3
core   0: 3 0x80005cd4 (0x8cf5) x9  0x80025a00
core   0: 0x80005cd6 (0x039f7d33) remu    s10, t5, s9
core   0: 3 0x80005cd6 (0x039f7d33) x26 0x31bf2bf6
core   0: 0x80005cda (0x03f983b3) mul     t2, s3, t6
core   0: 3 0x80005cda (0x03f983b3) x7  0x000006cd
core   0: 0x80005cde (0xa3f3a793) slti    a5, t2, -1473
core   0: 3 0x80005cde (0xa3f3a793) x15 0x00000000
core   0: 0x80005ce2 (0x0000129c) c.addi4spn a5, sp, 352
core   0: 3 0x80005ce2 (0x129c) x15 0xfba321c0
core   0: 0x80005ce4 (0x01371193) slli    gp, a4, 19
core   0: 3 0x80005ce4 (0x01371193) x3  0x1da80000
core   0: 0x80005ce8 (0x03d0da33) divu    s4, ra, t4
core   0: 3 0x80005ce8 (0x03d0da33) x20 0x00000000
core   0: 0x80005cec (0x030862b3) rem     t0, a6, a6
core   0: 3 0x80005cec (0x030862b3) x5  0x00000000
core   0: 0x80005cf0 (0x02da1733) mulh    a4, s4, a3
core   0: 3 0x80005cf0 (0x02da1733) x14 0x00000000
core   0: 0x80005cf4 (0x0000ea05) c.bnez  a2, pc + 48
core   0: 3 0x80005cf4 (0xea05)
core   0: 0x80005d24 (0x02341163) bne     s0, gp, pc + 34
core   0: 3 0x80005d24 (0x02341163)
core   0: 0x80005d46 (0x02b3e863) bltu    t2, a1, pc + 48
core   0: 3 0x80005d46 (0x02b3e863)
core   0: 0x80005d4a (0x00008e11) c.sub   a2, a2
core   0: 3 0x80005d4a (0x8e11) x12 0x00000000
core   0: 0x80005d4c (0x012cff63) bgeu    s9, s2, pc + 30
core   0: 3 0x80005d4c (0x012cff63)
core   0: 0x80005d6a (0x00008fed) c.and   a5, a1
core   0: 3 0x80005d6a (0x8fed) x15 0x00000000
core   0: 0x80005d6c (0x0000eb1d) c.bnez  a4, pc + 54
core   0: 3 0x80005d6c (0xeb1d)
core   0: 0x80005d6e (0x41f1dfb3) sra     t6, gp, t6
core   0: 3 0x80005d6e (0x41f1dfb3) x31 0x0ed40000
core   0: 0x80005d72 (0x02812733) mulhsu  a4, sp, s0
core   0: 3 0x80005d72 (0x02812733) x14 0xfdd184c9
core   0: 0x80005d76 (0xf562a593) slti    a1, t0, -170
core   0: 3 0x80005d76 (0xf562a593) x11 0x00000000
core   0: 0x80005d7a (0x01cf0eb3) add     t4, t5, t3
core   0: 3 0x80005d7a (0x01cf0eb3) x29 0xfd9ea7ba
core   0: 0x80005d7e (0x02cde9b3) rem     s3, s11, a2
core   0: 3 0x80005d7e (0x02cde9b3) x19 0x20ac3b70
core   0: 0x80005d82 (0x41928d33) sub     s10, t0, s9
core   0: 3 0x80005d82 (0x41928d33) x26 0x79529fab
core   0: 0x80005d86 (0xb1256793) ori     a5, a0, -1262
core   0: 3 0x80005d86 (0xb1256793) x15 0xffffff36
core   0: 0x80005d8a (0x00008721) c.srai  a4, 8
core   0: 3 0x80005d8a (0x8721) x14 0xfffdd184
core   0: 0x80005d8c (0x0000557d) c.li    a0, -1
core   0: 3 0x80005d8c (0x557d) x10 0xffffffff
core   0: 0x80005d8e (0x0184c233) xor     tp, s1, s8
core   0: 3 0x80005d8e (0x0184c233) x4  0x7ba17997
core   0: 0x80005d92 (0x41045b93) srai    s7, s0, 16
core   0: 3 0x80005d92 (0x41045b93) x23 0xffff8002
core   0: 0x80005d96 (0x00008d19) c.sub   a0, a4
core   0: 3 0x80005d96 (0x8d19) x10 0x00022e7b
core   0: 0x80005d98 (0x000001ca) c.slli  gp, 18
core   0: 3 0x80005d98 (0x01ca) x3  0x00000000
core   0: 0x80005d9a (0x00000e41) c.addi  t3, 16
core   0: 3 0x80005d9a (0x0e41) x28 0xcbdf7bd4
core   0: 0x80005d9c (0x00004f3d) c.li    t5, 15
core   0: 3 0x80005d9c (0x4f3d) x30 0x0000000f
core   0: 0x80005d9e (0x03636863) bltu    t1, s6, pc + 48
core   0: 3 0x80005d9e (0x03636863)
core   0: 0x80005da2 (0x00ed24b3) slt     s1, s10, a4
core   0: 3 0x80005da2 (0x00ed24b3) x9  0x00000000
core   0: 0x80005da6 (0x022e9463) bne     t4, sp, pc + 40
core   0: 3 0x80005da6 (0x022e9463)
core   0: 0x80005dce (0x027382b3) mul     t0, t2, t2
core   0: 3 0x80005dce (0x027382b3) x5  0x002e4029
core   0: 0x80005dd2 (0x0000ca1d) c.beqz  a2, pc + 54
core   0: 3 0x80005dd2 (0xca1d)
core   0: 0x80005e08 (0x02c8fe33) remu    t3, a7, a2
core   0: 3 0x80005e08 (0x02c8fe33) x28 0x00000001
core   0: 0x80005e0c (0x00008f6d) c.and   a4, a1
core   0: 3 0x80005e0c (0x8f6d) x14 0x00000000
core   0: 0x80005e0e (0x036bf233) remu    tp, s7, s6
core   0: 3 0x80005e0e (0x036bf233) x4  0xffff8002
core   0: 0x80005e12 (0x00000001) c.nop
core   0: 3 0x80005e12 (0x0001)
core   0: 0x80005e14 (0xd25b7137) lui     sp, 0xd25b7
core   0: 3 0x80005e14 (0xd25b7137) x2  0xd25b7000
core   0: 0x80005e18 (0x017d8133) add     sp, s11, s7
core   0: 3 0x80005e18 (0x017d8133) x2  0x20abbb72
core   0: 0x80005e1c (0x02831db3) mulh    s11, t1, s0
core   0: 3 0x80005e1c (0x02831db3) x27 0xffffff82
core   0: 0x80005e20 (0x00f65e93) srli    t4, a2, 15
core   0: 3 0x80005e20 (0x00f65e93) x29 0x00000000
core   0: 0x80005e24 (0x00396c63) bltu    s2, gp, pc + 24
core   0: 3 0x80005e24 (0x00396c63)
core   0: 0x80005e28 (0x0187acb3) slt     s9, a5, s8
core   0: 3 0x80005e28 (0x0187acb3) x25 0x00000000
core   0: 0x80005e2c (0x037f30b3) mulhu   ra, t5, s7
core   0: 3 0x80005e2c (0x037f30b3) x1  0x0000000e
core   0: 0x80005e30 (0x00c3b933) sltu    s2, t2, a2
core   0: 3 0x80005e30 (0x00c3b933) x18 0x00000000
core   0: 0x80005e34 (0x94892c93) slti    s9, s2, -1720
core   0: 3 0x80005e34 (0x94892c93) x25 0x00000000
core   0: 0x80005e38 (0xd6a1f937) lui     s2, 0xd6a1f
core   0: 3 0x80005e38 (0xd6a1f937) x18 0xd6a1f000
core   0: 0x80005e3c (0xeab76e13) ori     t3, a4, -341
core   0: 3 0x80005e3c (0xeab76e13) x28 0xfffffeab
core   0: 0x80005e40 (0xfaf77393) andi    t2, a4, -81
core   0: 3 0x80005e40 (0xfaf77393) x7  0x00000000
core   0: 0x80005e44 (0x00008d51) c.or    a0, a2
core   0: 3 0x80005e44 (0x8d51) x10 0x00022e7b
core   0: 0x80005e46 (0x002f7833) and     a6, t5, sp
core   0: 3 0x80005e46 (0x002f7833) x16 0x00000002
core   0: 0x80005e4a (0x00008d05) c.sub   a0, s1
core   0: 3 0x80005e4a (0x8d05) x10 0x00022e7b
core   0: 0x80005e4c (0x00008cd5) c.or    s1, a3
core   0: 3 0x80005e4c (0x8cd5) x9  0x80025e28
core   0: 0x80005e4e (0x000047e9) c.li    a5, 26
core   0: 3 0x80005e4e (0x47e9) x15 0x0000001a
core   0: 0x80005e50 (0x0000187d) c.addi  a6, -1
core   0: 3 0x80005e50 (0x187d) x16 0x00000001
core   0: 0x80005e52 (0x02f45763) bge     s0, a5, pc + 46
core   0: 3 0x80005e52 (0x02f45763)
core   0: 0x80005e56 (0x00008da5) c.xor   a1, s1
core   0: 3 0x80005e56 (0x8da5) x11 0x80025e28
core   0: 0x80005e58 (0x00715493) srli    s1, sp, 7
core   0: 3 0x80005e58 (0x00715493) x9  0x00415776
core   0: 0x80005e5c (0x00000001) c.nop
core   0: 3 0x80005e5c (0x0001)
core   0: 0x80005e5e (0x01c237b3) sltu    a5, tp, t3
core   0: 3 0x80005e5e (0x01c237b3) x15 0x00000001
core   0: 0x80005e62 (0x009b5a93) srli    s5, s6, 9
core   0: 3 0x80005e62 (0x009b5a93) x21 0x00000000
core   0: 0x80005e66 (0x00af4bb3) xor     s7, t5, a0
core   0: 3 0x80005e66 (0x00af4bb3) x23 0x00022e74
core   0: 0x80005e6a (0x00009646) c.add   a2, a7
core   0: 3 0x80005e6a (0x9646) x12 0x00000001
core   0: 0x80005e6c (0x00861293) slli    t0, a2, 8
core   0: 3 0x80005e6c (0x00861293) x5  0x00000100
core   0: 0x80005e70 (0x0159b333) sltu    t1, s3, s5
core   0: 3 0x80005e70 (0x0159b333) x6  0x00000000
core   0: 0x80005e74 (0x026c6233) rem     tp, s8, t1
core   0: 3 0x80005e74 (0x026c6233) x4  0xfba32397
core   0: 0x80005e78 (0xad41f613) andi    a2, gp, -1324
core   0: 3 0x80005e78 (0xad41f613) x12 0x00000000
core   0: 0x80005e7c (0x00008d1d) c.sub   a0, a5
core   0: 3 0x80005e7c (0x8d1d) x10 0x00022e7a
core   0: 0x80005e7e (0x00001a08) c.addi4spn a0, sp, 304
core   0: 3 0x80005e7e (0x1a08) x10 0x20abbca2
core   0: 0x80005e80 (0x03dbf933) remu    s2, s7, t4
core   0: 3 0x80005e80 (0x03dbf933) x18 0x00022e74
core   0: 0x80005e84 (0x0000557d) c.li    a0, -1
core   0: 3 0x80005e84 (0x557d) x10 0xffffffff
core   0: 0x80005e86 (0x000cffb3) and     t6, s9, zero
core   0: 3 0x80005e86 (0x000cffb3) x31 0x00000000
core   0: 0x80005e8a (0x01954633) xor     a2, a0, s9
core   0: 3 0x80005e8a (0x01954633) x12 0xffffffff
core   0: 0x80005e8e (0xf6151e37) lui     t3, 0xf6151
core   0: 3 0x80005e8e (0xf6151e37) x28 0xf6151000
core   0: 0x80005e92 (0x02945ab3) divu    s5, s0, s1
core   0: 3 0x80005e92 (0x02945ab3) x21 0x000001f5
core   0: 0x80005e96 (0x05585263) bge     a6, s5, pc + 68
core   0: 3 0x80005e96 (0x05585263)
core   0: 0x80005e9a (0x03ed3a33) mulhu   s4, s10, t5
core   0: 3 0x80005e9a (0x03ed3a33) x20 0x00000007
core   0: 0x80005e9e (0x3e85bb93) sltiu   s7, a1, 1000
core   0: 3 0x80005e9e (0x3e85bb93) x23 0x00000000
core   0: 0x80005ea2 (0x007e54b3) srl     s1, t3, t2
core   0: 3 0x80005ea2 (0x007e54b3) x9  0xf6151000
core   0: 0x80005ea6 (0x01982533) slt     a0, a6, s9
core   0: 3 0x80005ea6 (0x01982533) x10 0x00000000
core   0: 0x80005eaa (0xfd7aa293) slti    t0, s5, -41
core   0: 3 0x80005eaa (0xfd7aa293) x5  0x00000000
core   0: 0x80005eae (0x038be933) rem     s2, s7, s8
core   0: 3 0x80005eae (0x038be933) x18 0x00000000
core   0: 0x80005eb2 (0x01286033) or      zero, a6, s2
core   0: 3 0x80005eb2 (0x01286033)
core   0: 0x80005eb6 (0x039959b3) divu    s3, s2, s9
core   0: 3 0x80005eb6 (0x039959b3) x19 0xffffffff
core   0: 0x80005eba (0x00001afd) c.addi  s5, -1
core   0: 3 0x80005eba (0x1afd) x21 0x000001f4
core   0: 0x80005ebc (0x02576263) bltu    a4, t0, pc + 36
core   0: 3 0x80005ebc (0x02576263)
core   0: 0x80005ec0 (0x0000073a) c.slli  a4, 14
core   0: 3 0x80005ec0 (0x073a) x14 0x00000000
core   0: 0x80005ec2 (0x00008826) c.mv    a6, s1
core   0: 3 0x80005ec2 (0x8826) x16 0xf6151000
core   0: 0x80005ec4 (0x008d7333) and     t1, s10, s0
core   0: 3 0x80005ec4 (0x008d7333) x6  0x00029ca0
core   0: 0x80005ec8 (0x0330de33) divu    t3, ra, s3
core   0: 3 0x80005ec8 (0x0330de33) x28 0x00000000
core   0: 0x80005ecc (0x40b1d793) srai    a5, gp, 11
core   0: 3 0x80005ecc (0x40b1d793) x15 0x00000000
core   0: 0x80005ed0 (0x0000717d) c.addi16sp sp, -16
core   0: 3 0x80005ed0 (0x717d) x2  0x20abbb62
core   0: 0x80005ed2 (0x505a8293) addi    t0, s5, 1285
core   0: 3 0x80005ed2 (0x505a8293) x5  0x000006f9
core   0: 0x80005ed6 (0x0161efb3) or      t6, gp, s6
core   0: 3 0x80005ed6 (0x0161efb3) x31 0x00000000
core   0: 0x80005eda (0x00000001) c.nop
core   0: 3 0x80005eda (0x0001)
core   0: 0x80005edc (0x0015b833) sltu    a6, a1, ra
core   0: 3 0x80005edc (0x0015b833) x16 0x00000000
core   0: 0x80005ee0 (0x02e9bcb3) mulhu   s9, s3, a4
core   0: 3 0x80005ee0 (0x02e9bcb3) x25 0x00000000
core   0: 0x80005ee4 (0x41425ab3) sra     s5, tp, s4
core   0: 3 0x80005ee4 (0x41425ab3) x21 0xfff74647
core   0: 0x80005ee8 (0x00009f32) c.add   t5, a2
core   0: 3 0x80005ee8 (0x9f32) x30 0x0000000e
core   0: 0x80005eea (0x40b68933) sub     s2, a3, a1
core   0: 3 0x80005eea (0x40b68933) x18 0x00000000
core   0: 0x80005eee (0x00001788) c.addi4spn a0, sp, 992
core   0: 3 0x80005eee (0x1788) x10 0x20abbf42
core   0: 0x80005ef0 (0x00ead633) srl     a2, s5, a4
core   0: 3 0x80005ef0 (0x00ead633) x12 0xfff74647
core   0: 0x80005ef4 (0xc1670213) addi    tp, a4, -1002
core   0: 3 0x80005ef4 (0xc1670213) x4  0xfffffc16
core   0: 0x80005ef8 (0x00008279) c.srli  a2, 30
core   0: 3 0x80005ef8 (0x8279) x12 0x00000003
core   0: 0x80005efa (0x00d31013) slli    zero, t1, 13
core   0: 3 0x80005efa (0x00d31013)
core   0: 0x80005efe (0x002301b3) add     gp, t1, sp
core   0: 3 0x80005efe (0x002301b3) x3  0x20ae5802
core   0: 0x80005f02 (0x41d95e93) srai    t4, s2, 29
core   0: 3 0x80005f02 (0x41d95e93) x29 0x00000000
core   0: 0x80005f06 (0x01dfcb33) xor     s6, t6, t4
core   0: 3 0x80005f06 (0x01dfcb33) x22 0x00000000
core   0: 0x80005f0a (0x00009ada) c.add   s5, s6
core   0: 3 0x80005f0a (0x9ada) x21 0xfff74647
core   0: 0x80005f0c (0x000087ae) c.mv    a5, a1
core   0: 3 0x80005f0c (0x87ae) x15 0x80025e28
core   0: 0x80005f0e (0x01efde33) srl     t3, t6, t5
core   0: 3 0x80005f0e (0x01efde33) x28 0x00000000
core   0: 0x80005f12 (0x00008645) c.srai  a2, 17
core   0: 3 0x80005f12 (0x8645) x12 0x00000000
core   0: 0x80005f14 (0x01eeabb3) slt     s7, t4, t5
core   0: 3 0x80005f14 (0x01eeabb3) x23 0x00000001
core   0: 0x80005f18 (0x00008e79) c.and   a2, a4
core   0: 3 0x80005f18 (0x8e79) x12 0x00000000
core   0: 0x80005f1a (0x00008cb1) c.xor   s1, a2
core   0: 3 0x80005f1a (0x8cb1) x9  0xf6151000
core   0: 0x80005f1c (0x0251e833) rem     a6, gp, t0
core   0: 3 0x80005f1c (0x0251e833) x16 0x00000029
core   0: 0x80005f20 (0x00000a7e) c.slli  s4, 31
core   0: 3 0x80005f20 (0x0a7e) x20 0x80000000
core   0: 0x80005f22 (0x00008d9d) c.sub   a1, a5
core   0: 3 0x80005f22 (0x8d9d) x11 0x00000000
core   0: 0x80005f24 (0x008ad013) srli    zero, s5, 8
core   0: 3 0x80005f24 (0x008ad013)
core   0: 0x80005f28 (0x03db6f63) bltu    s6, t4, pc + 62
core   0: 3 0x80005f28 (0x03db6f63)
core   0: 0x80005f2c (0x033de2b3) rem     t0, s11, s3
core   0: 3 0x80005f2c (0x033de2b3) x5  0x00000000
core   0: 0x80005f30 (0x00008d85) c.sub   a1, s1
core   0: 3 0x80005f30 (0x8d85) x11 0x09eaf000
core   0: 0x80005f32 (0x028fdd33) divu    s10, t6, s0
core   0: 3 0x80005f32 (0x028fdd33) x26 0x00000000
core   0: 0x80005f36 (0x00009bfd) c.andi  a5, -1
core   0: 3 0x80005f36 (0x9bfd) x15 0x80025e28
core   0: 0x80005f38 (0x404dd8b3) sra     a7, s11, tp
core   0: 3 0x80005f38 (0x404dd8b3) x17 0xffffffff
core   0: 0x80005f3c (0x000084f5) c.srai  s1, 29
core   0: 3 0x80005f3c (0x84f5) x9  0xffffffff
core   0: 0x80005f3e (0x00008fcd) c.or    a5, a1
core   0: 3 0x80005f3e (0x8fcd) x15 0x89eafe28
core   0: 0x80005f40 (0x00008339) c.srli  a4, 14
core   0: 3 0x80005f40 (0x8339) x14 0x00000000
core   0: 0x80005f42 (0x02478333) mul     t1, a5, tp
core   0: 3 0x80005f42 (0x02478333) x6  0x2e393770
core   0: 0x80005f46 (0x000080bd) c.srli  s1, 15
core   0: 3 0x80005f46 (0x80bd) x9  0x0001ffff
core   0: 0x80005f48 (0x036a4363) blt     s4, s6, pc + 38
core   0: 3 0x80005f48 (0x036a4363)
core   0: 0x80005f6e (0x00dc63b3) or      t2, s8, a3
core   0: 3 0x80005f6e (0x00dc63b3) x7  0xfba37fbf
core   0: 0x80005f72 (0x6df58193) addi    gp, a1, 1759
core   0: 3 0x80005f72 (0x6df58193) x3  0x09eaf6df
core   0: 0x80005f76 (0x00008faa) c.mv    t6, a0
core   0: 3 0x80005f76 (0x8faa) x31 0x20abbf42
core   0: 0x80005f78 (0x019dcf33) xor     t5, s11, s9
core   0: 3 0x80005f78 (0x019dcf33) x30 0xffffff82
core   0: 0x80005f7c (0x05051263) bne     a0, a6, pc + 68
core   0: 3 0x80005f7c (0x05051263)
core   0: 0x80005fc0 (0x0000109c) c.addi4spn a5, sp, 96
core   0: 3 0x80005fc0 (0x109c) x15 0x20abbbc2
core   0: 0x80005fc2 (0x03c95cb3) divu    s9, s2, t3
core   0: 3 0x80005fc2 (0x03c95cb3) x25 0xffffffff
core   0: 0x80005fc6 (0x000049a1) c.li    s3, 8
core   0: 3 0x80005fc6 (0x49a1) x19 0x00000008
core   0: 0x80005fc8 (0x00008511) c.srai  a0, 4
core   0: 3 0x80005fc8 (0x8511) x10 0x020abbf4
core   0: 0x80005fca (0x01ad0bb3) add     s7, s10, s10
core   0: 3 0x80005fca (0x01ad0bb3) x23 0x00000000
core   0: 0x80005fce (0x00004cdd) c.li    s9, 23
core   0: 3 0x80005fce (0x4cdd) x25 0x00000017
core   0: 0x80005fd0 (0x00000001) c.nop
core   0: 3 0x80005fd0 (0x0001)
core   0: 0x80005fd2 (0x489c4213) xori    tp, s8, 1161
core   0: 3 0x80005fd2 (0x489c4213) x4  0xfba3271e
core   0: 0x80005fd6 (0x61f02213) slti    tp, zero, 1567
core   0: 3 0x80005fd6 (0x61f02213) x4  0x00000001
core   0: 0x80005fda (0x4097deb3) sra     t4, a5, s1
core   0: 3 0x80005fda (0x4097deb3) x29 0x00000000
core   0: 0x80005fde (0x01e3a2b3) slt     t0, t2, t5
core   0: 3 0x80005fde (0x01e3a2b3) x5  0x00000001
core   0: 0x80005fe2 (0x013a50b3) srl     ra, s4, s3
core   0: 3 0x80005fe2 (0x013a50b3) x1  0x00800000
core   0: 0x80005fe6 (0x00009cc6) c.add   s9, a7
core   0: 3 0x80005fe6 (0x9cc6) x25 0x00000016
core   0: 0x80005fe8 (0x01241a33) sll     s4, s0, s2
core   0: 3 0x80005fe8 (0x01241a33) x20 0x80029ce4
core   0: 0x80005fec (0x0000835d) c.srli  a4, 23
core   0: 3 0x80005fec (0x835d) x14 0x00000000
core   0: 0x80005fee (0x0000e119) c.bnez  a0, pc + 6
core   0: 3 0x80005fee (0xe119)
core   0: 0x80005ff4 (0x03011863) bne     sp, a6, pc + 48
core   0: 3 0x80005ff4 (0x03011863)
core   0: 0x80006024 (0x00008611) c.srai  a2, 4
core   0: 3 0x80006024 (0x8611) x12 0x00000000
core   0: 0x80006026 (0x00008dbd) c.xor   a1, a5
core   0: 3 0x80006026 (0x8dbd) x11 0x29414bc2
core   0: 0x80006028 (0x02879fb3) mulh    t6, a5, s0
core   0: 3 0x80006028 (0x02879fb3) x31 0xefaa777c
core   0: 0x8000602c (0xb6f96f93) ori     t6, s2, -1169
core   0: 3 0x8000602c (0xb6f96f93) x31 0xfffffb6f
core   0: 0x80006030 (0x00008e75) c.and   a2, a3
core   0: 3 0x80006030 (0x8e75) x12 0x00000000
core   0: 0x80006032 (0x00009a92) c.add   s5, tp
core   0: 3 0x80006032 (0x9a92) x21 0xfff74648
core   0: 0x80006034 (0x0174e963) bltu    s1, s7, pc + 18
core   0: 3 0x80006034 (0x0174e963)
core   0: 0x80006038 (0x039e9933) mulh    s2, t4, s9
core   0: 3 0x80006038 (0x039e9933) x18 0x00000000
core   0: 0x8000603c (0x9d942813) slti    a6, s0, -1575
core   0: 3 0x8000603c (0x9d942813) x16 0x00000001
core   0: 0x80006040 (0x00000001) c.nop
core   0: 3 0x80006040 (0x0001)
core   0: 0x80006042 (0x40af09b3) sub     s3, t5, a0
core   0: 3 0x80006042 (0x40af09b3) x19 0xfdf5438e
core   0: 0x80006046 (0x00dba833) slt     a6, s7, a3
core   0: 3 0x80006046 (0x00dba833) x16 0x00000000
core   0: 0x8000604a (0x44aa0013) addi    zero, s4, 1098
core   0: 3 0x8000604a (0x44aa0013)
core   0: 0x8000604e (0x039b1863) bne     s6, s9, pc + 48
core   0: 3 0x8000604e (0x039b1863)
core   0: 0x8000607e (0xa46d3d93) sltiu   s11, s10, -1466
core   0: 3 0x8000607e (0xa46d3d93) x27 0x00000001
core   0: 0x80006082 (0x0000997d) c.andi  a0, -1
core   0: 3 0x80006082 (0x997d) x10 0x020abbf4
core   0: 0x80006084 (0x000081b1) c.srli  a1, 12
core   0: 3 0x80006084 (0x81b1) x11 0x00029414
core   0: 0x80006086 (0x00000001) c.nop
core   0: 3 0x80006086 (0x0001)
core   0: 0x80006088 (0x034342b3) div     t0, t1, s4
core   0: 3 0x80006088 (0x034342b3) x5  0x00000000
core   0: 0x8000608c (0x03ede363) bltu    s11, t5, pc + 38
core   0: 3 0x8000608c (0x03ede363)
core   0: 0x800060b2 (0x03b39eb3) mulh    t4, t2, s11
core   0: 3 0x800060b2 (0x03b39eb3) x29 0xffffffff
core   0: 0x800060b6 (0x40a90333) sub     t1, s2, a0
core   0: 3 0x800060b6 (0x40a90333) x6  0xfdf5440c
core   0: 0x800060ba (0x41878a33) sub     s4, a5, s8
core   0: 3 0x800060ba (0x41878a33) x20 0x2508982b
core   0: 0x800060be (0x3457ce13) xori    t3, a5, 837
core   0: 3 0x800060be (0x3457ce13) x28 0x20abb887
core   0: 0x800060c2 (0x41995b33) sra     s6, s2, s9
core   0: 3 0x800060c2 (0x41995b33) x22 0x00000000
core   0: 0x800060c6 (0x00009f1a) c.add   t5, t1
core   0: 3 0x800060c6 (0x9f1a) x30 0xfdf5438e
core   0: 0x800060c8 (0x40f5d193) srai    gp, a1, 15
core   0: 3 0x800060c8 (0x40f5d193) x3  0x00000005
core   0: 0x800060cc (0x02d955b3) divu    a1, s2, a3
core   0: 3 0x800060cc (0x02d955b3) x11 0x00000000
core   0: 0x800060d0 (0x029cd733) divu    a4, s9, s1
core   0: 3 0x800060d0 (0x029cd733) x14 0x00000000
core   0: 0x800060d4 (0xbe2a8717) auipc   a4, 0xbe2a8
core   0: 3 0x800060d4 (0xbe2a8717) x14 0x3e2ae0d4
core   0: 0x800060d8 (0x02f48363) beq     s1, a5, pc + 38
core   0: 3 0x800060d8 (0x02f48363)
core   0: 0x800060dc (0x000083b9) c.srli  a5, 14
core   0: 3 0x800060dc (0x83b9) x15 0x000082ae
core   0: 0x800060de (0x00000001) c.nop
core   0: 3 0x800060de (0x0001)
core   0: 0x800060e0 (0x02f85db3) divu    s11, a6, a5
core   0: 3 0x800060e0 (0x02f85db3) x27 0x00000000
core   0: 0x800060e4 (0x0000e1a1) c.bnez  a1, pc + 64
core   0: 3 0x800060e4 (0xe1a1)
core   0: 0x800060e6 (0x00008cfd) c.and   s1, a5
core   0: 3 0x800060e6 (0x8cfd) x9  0x000082ae
core   0: 0x800060e8 (0x01455833) srl     a6, a0, s4
core   0: 3 0x800060e8 (0x01455833) x16 0x00004157
core   0: 0x800060ec (0x40a9d633) sra     a2, s3, a0
core   0: 3 0x800060ec (0x40a9d633) x12 0xffffffdf
core   0: 0x800060f0 (0x017f11b3) sll     gp, t5, s7
core   0: 3 0x800060f0 (0x017f11b3) x3  0xfdf5438e
core   0: 0x800060f4 (0x0000013e) c.slli  sp, 15
core   0: 3 0x800060f4 (0x013e) x2  0xddb10000
core   0: 0x800060f6 (0x0137be33) sltu    t3, a5, s3
core   0: 3 0x800060f6 (0x0137be33) x28 0x00000001
core   0: 0x800060fa (0x00cb89b3) add     s3, s7, a2
core   0: 3 0x800060fa (0x00cb89b3) x19 0xffffffdf
core   0: 0x800060fe (0x027ddab3) divu    s5, s11, t2
core   0: 3 0x800060fe (0x027ddab3) x21 0x00000000
core   0: 0x80006102 (0x01af6133) or      sp, t5, s10
core   0: 3 0x80006102 (0x01af6133) x2  0xfdf5438e
core   0: 0x80006106 (0x0000e881) c.bnez  s1, pc + 16
core   0: 3 0x80006106 (0xe881)
core   0: 0x80006116 (0x024ccf63) blt     s9, tp, pc + 62
core   0: 3 0x80006116 (0x024ccf63)
core   0: 0x8000611a (0x00000001) c.nop
core   0: 3 0x8000611a (0x0001)
core   0: 0x8000611c (0x01fa59b3) srl     s3, s4, t6
core   0: 3 0x8000611c (0x01fa59b3) x19 0x00004a11
core   0: 0x80006120 (0x0258d633) divu    a2, a7, t0
core   0: 3 0x80006120 (0x0258d633) x12 0xffffffff
core   0: 0x80006124 (0x03cbdab3) divu    s5, s7, t3
core   0: 3 0x80006124 (0x03cbdab3) x21 0x00000000
core   0: 0x80006128 (0x02298963) beq     s3, sp, pc + 50
core   0: 3 0x80006128 (0x02298963)
core   0: 0x8000612c (0x01ffd293) srli    t0, t6, 31
core   0: 3 0x8000612c (0x01ffd293) x5  0x00000001
core   0: 0x80006130 (0x000087b5) c.srai  a5, 13
core   0: 3 0x80006130 (0x87b5) x15 0x00000004
core   0: 0x80006132 (0x044d5263) bge     s10, tp, pc + 68
core   0: 3 0x80006132 (0x044d5263)
core   0: 0x80006136 (0x4006d093) srai    ra, a3, 0
core   0: 3 0x80006136 (0x4006d093) x1  0x80025e28
core   0: 0x8000613a (0x206a8617) auipc   a2, 0x206a8
core   0: 3 0x8000613a (0x206a8617) x12 0xa06ae13a
core   0: 0x8000613e (0x02c4a1b3) mulhsu  gp, s1, a2
core   0: 3 0x8000613e (0x02c4a1b3) x3  0x000051e3
core   0: 0x80006142 (0x7b623193) sltiu   gp, tp, 1974
core   0: 3 0x80006142 (0x7b623193) x3  0x00000001
core   0: 0x80006146 (0x41218d33) sub     s10, gp, s2
core   0: 3 0x80006146 (0x41218d33) x26 0x00000001
core   0: 0x8000614a (0x00000d52) c.slli  s10, 20
core   0: 3 0x8000614a (0x0d52) x26 0x00100000
core   0: 0x8000614c (0x270c2b97) auipc   s7, 0x270c2
core   0: 3 0x8000614c (0x270c2b97) x23 0xa70c814c
core   0: 0x80006150 (0x021bb133) mulhu   sp, s7, ra
core   0: 3 0x80006150 (0x021bb133) x2  0x5387cc2f
core   0: 0x80006154 (0x0214c363) blt     s1, ra, pc + 38
core   0: 3 0x80006154 (0x0214c363)
core   0: 0x80006158 (0x00008645) c.srai  a2, 17
core   0: 3 0x80006158 (0x8645) x12 0xffffd035
core   0: 0x8000615a (0x036d2533) mulhsu  a0, s10, s6
core   0: 3 0x8000615a (0x036d2533) x10 0x00000000
core   0: 0x8000615e (0x00000001) c.nop
core   0: 3 0x8000615e (0x0001)
core   0: 0x80006160 (0x000081c5) c.srli  a1, 17
core   0: 3 0x80006160 (0x81c5) x11 0x00000000
core   0: 0x80006162 (0x00d47333) and     t1, s0, a3
core   0: 3 0x80006162 (0x00d47333) x6  0x80021c20
core   0: 0x80006166 (0x02565e33) divu    t3, a2, t0
core   0: 3 0x80006166 (0x02565e33) x28 0xffffd035
core   0: 0x8000616a (0x056f0063) beq     t5, s6, pc + 64
core   0: 3 0x8000616a (0x056f0063)
core   0: 0x8000616e (0x7285a2b7) lui     t0, 0x7285a
core   0: 3 0x8000616e (0x7285a2b7) x5  0x7285a000
core   0: 0x80006172 (0x004c1293) slli    t0, s8, 4
core   0: 3 0x80006172 (0x004c1293) x5  0xba323970
core   0: 0x80006176 (0xabb5b313) sltiu   t1, a1, -1349
core   0: 3 0x80006176 (0xabb5b313) x6  0x00000001
core   0: 0x8000617a (0x01628db3) add     s11, t0, s6
core   0: 3 0x8000617a (0x01628db3) x27 0xba323970
core   0: 0x8000617e (0x01e8df33) srl     t5, a7, t5
core   0: 3 0x8000617e (0x01e8df33) x30 0x0003ffff
core   0: 0x80006182 (0x02b8d2b3) divu    t0, a7, a1
core   0: 3 0x80006182 (0x02b8d2b3) x5  0xffffffff
core   0: 0x80006186 (0x021351b3) divu    gp, t1, ra
core   0: 3 0x80006186 (0x021351b3) x3  0x00000000
core   0: 0x8000618a (0x00009bfd) c.andi  a5, -1
core   0: 3 0x8000618a (0x9bfd) x15 0x00000004
core   0: 0x8000618c (0x00008235) c.srli  a2, 13
core   0: 3 0x8000618c (0x8235) x12 0x0007fffe
core   0: 0x8000618e (0x40aa01b3) sub     gp, s4, a0
core   0: 3 0x8000618e (0x40aa01b3) x3  0x2508982b
core   0: 0x80006192 (0x00008d5d) c.or    a0, a5
core   0: 3 0x80006192 (0x8d5d) x10 0x00000004
core   0: 0x80006194 (0x02351633) mulh    a2, a0, gp
core   0: 3 0x80006194 (0x02351633) x12 0x00000000
core   0: 0x80006198 (0x029f10b3) mulh    ra, t5, s1
core   0: 3 0x80006198 (0x029f10b3) x1  0x00000002
core   0: 0x8000619c (0x00008e75) c.and   a2, a3
core   0: 3 0x8000619c (0x8e75) x12 0x00000000
core   0: 0x8000619e (0x02f87e33) remu    t3, a6, a5
core   0: 3 0x8000619e (0x02f87e33) x28 0x00000003
core   0: 0x800061a2 (0x3fa5b393) sltiu   t2, a1, 1018
core   0: 3 0x800061a2 (0x3fa5b393) x7  0x00000001
core   0: 0x800061a6 (0x024d04b3) mul     s1, s10, tp
core   0: 3 0x800061a6 (0x024d04b3) x9  0x00100000
core   0: 0x800061aa (0xf4e22f13) slti    t5, tp, -178
core   0: 3 0x800061aa (0xf4e22f13) x30 0x00000000
core   0: 0x800061ae (0xaf46c993) xori    s3, a3, -1292
core   0: 3 0x800061ae (0xaf46c993) x19 0x7ffda4dc
core   0: 0x800061b2 (0x00e61533) sll     a0, a2, a4
core   0: 3 0x800061b2 (0x00e61533) x10 0x00000000
core   0: 0x800061b6 (0x00008fc1) c.or    a5, s0
core   0: 3 0x800061b6 (0x8fc1) x15 0x80029ce4
core   0: 0x800061b8 (0x03587063) bgeu    a6, s5, pc + 32
core   0: 3 0x800061b8 (0x03587063)
core   0: 0x800061d8 (0x00008969) c.andi  a0, 26
core   0: 3 0x800061d8 (0x8969) x10 0x00000000
core   0: 0x800061da (0x8745c513) xori    a0, a1, -1932
core   0: 3 0x800061da (0x8745c513) x10 0xfffff874
core   0: 0x800061de (0x00000001) c.nop
core   0: 3 0x800061de (0x0001)
core   0: 0x800061e0 (0x00008cda) c.mv    s9, s6
core   0: 3 0x800061e0 (0x8cda) x25 0x00000000
core   0: 0x800061e2 (0x0000cb01) c.beqz  a4, pc + 16
core   0: 3 0x800061e2 (0xcb01)
core   0: 0x800061e4 (0x000060fd) c.lui   ra, 0x1f
core   0: 3 0x800061e4 (0x60fd) x1  0x0001f000
core   0: 0x800061e6 (0x0000e611) c.bnez  a2, pc + 12
core   0: 3 0x800061e6 (0xe611)
core   0: 0x800061e8 (0x0000127d) c.addi  tp, -1
core   0: 3 0x800061e8 (0x127d) x4  0x00000000
core   0: 0x800061ea (0x03b048b3) div     a7, zero, s11
core   0: 3 0x800061ea (0x03b048b3) x17 0x00000000
core   0: 0x800061ee (0x02fcdc63) bge     s9, a5, pc + 56
core   0: 3 0x800061ee (0x02fcdc63)
core   0: 0x80006226 (0x00008ce5) c.and   s1, s1
core   0: 3 0x80006226 (0x8ce5) x9  0x00100000
core   0: 0x80006228 (0x02479063) bne     a5, tp, pc + 32
core   0: 3 0x80006228 (0x02479063)
core   0: 0x80006248 (0x024288b3) mul     a7, t0, tp
core   0: 3 0x80006248 (0x024288b3) x17 0x00000000
core   0: 0x8000624c (0xb8a30993) addi    s3, t1, -1142
core   0: 3 0x8000624c (0xb8a30993) x19 0xfffffb8b
core   0: 0x80006250 (0x0037dbb3) srl     s7, a5, gp
core   0: 3 0x80006250 (0x0037dbb3) x23 0x00100053
core   0: 0x80006254 (0x01ef2db3) slt     s11, t5, t5
core   0: 3 0x80006254 (0x01ef2db3) x27 0x00000000
core   0: 0x80006258 (0x0353e263) bltu    t2, s5, pc + 36
core   0: 3 0x80006258 (0x0353e263)
core   0: 0x8000625c (0x00000001) c.nop
core   0: 3 0x8000625c (0x0001)
core   0: 0x8000625e (0x00008e5d) c.or    a2, a5
core   0: 3 0x8000625e (0x8e5d) x12 0x80029ce4
core   0: 0x80006260 (0x0000717d) c.addi16sp sp, -16
core   0: 3 0x80006260 (0x717d) x2  0x5387cc1f
core   0: 0x80006262 (0x00bfd613) srli    a2, t6, 11
core   0: 3 0x80006262 (0x00bfd613) x12 0x001fffff
core   0: 0x80006266 (0x01ea7e33) and     t3, s4, t5
core   0: 3 0x80006266 (0x01ea7e33) x28 0x00000000
core   0: 0x8000626a (0xfefc7117) auipc   sp, 0xfefc7
core   0: 3 0x8000626a (0xfefc7117) x2  0x7efcd26a
core   0: 0x8000626e (0x013ee863) bltu    t4, s3, pc + 16
core   0: 3 0x8000626e (0x013ee863)
core   0: 0x80006272 (0x00008d3a) c.mv    s10, a4
core   0: 3 0x80006272 (0x8d3a) x26 0x3e2ae0d4
core   0: 0x80006274 (0x0000e3dd) c.bnez  a5, pc + 166
core   0: 3 0x80006274 (0xe3dd)
core   0: 0x8000631a (0x02037763) bgeu    t1, zero, pc + 46
core   0: 3 0x8000631a (0x02037763)
core   0: 0x80006348 (0x00000e55) c.addi  t3, 21
core   0: 3 0x80006348 (0x0e55) x28 0x00000015
core   0: 0x8000634a (0x02c4f963) bgeu    s1, a2, pc + 50
core   0: 3 0x8000634a (0x02c4f963)
core   0: 0x8000634e (0x9d3f6b13) ori     s6, t5, -1581
core   0: 3 0x8000634e (0x9d3f6b13) x22 0xfffff9d3
core   0: 0x80006352 (0x01c0deb3) srl     t4, ra, t3
core   0: 3 0x80006352 (0x01c0deb3) x29 0x00000000
core   0: 0x80006356 (0x00008669) c.srai  a2, 26
core   0: 3 0x80006356 (0x8669) x12 0x00000000
core   0: 0x80006358 (0x0000587d) c.li    a6, -1
core   0: 3 0x80006358 (0x587d) x16 0xffffffff
core   0: 0x8000635a (0x00006a89) c.lui   s5, 0x2
core   0: 3 0x8000635a (0x6a89) x21 0x00002000
core   0: 0x8000635c (0xec33a013) slti    zero, t2, -317
core   0: 3 0x8000635c (0xec33a013)
core   0: 0x80006360 (0x0000c211) c.beqz  a2, pc + 4
core   0: 3 0x80006360 (0xc211)
core   0: 0x80006364 (0x00000001) c.nop
core   0: 3 0x80006364 (0x0001)
core   0: 0x80006366 (0x003e3a33) sltu    s4, t3, gp
core   0: 3 0x80006366 (0x003e3a33) x20 0x00000001
core   0: 0x8000636a (0x00d3fbb3) and     s7, t2, a3
core   0: 3 0x8000636a (0x00d3fbb3) x23 0x00000000
core   0: 0x8000636e (0x00008dc6) c.mv    s11, a7
core   0: 3 0x8000636e (0x8dc6) x27 0x00000000
core   0: 0x80006370 (0x02333db3) mulhu   s11, t1, gp
core   0: 3 0x80006370 (0x02333db3) x27 0x00000000
core   0: 0x80006374 (0xd3adc497) auipc   s1, 0xd3adc
core   0: 3 0x80006374 (0xd3adc497) x9  0x53ae2374
core   0: 0x80006378 (0x0038dd33) srl     s10, a7, gp
core   0: 3 0x80006378 (0x0038dd33) x26 0x00000000
core   0: 0x8000637c (0x0506c363) blt     a3, a6, pc + 70
core   0: 3 0x8000637c (0x0506c363)
core   0: 0x800063c2 (0x00008f6d) c.and   a4, a1
core   0: 3 0x800063c2 (0x8f6d) x14 0x00000000
core   0: 0x800063c4 (0xb527f493) andi    s1, a5, -1198
core   0: 3 0x800063c4 (0xb527f493) x9  0x80029840
core   0: 0x800063c8 (0x03e1f463) bgeu    gp, t5, pc + 40
core   0: 3 0x800063c8 (0x03e1f463)
core   0: 0x800063f0 (0x40dbdb13) srai    s6, s7, 13
core   0: 3 0x800063f0 (0x40dbdb13) x22 0x00000000
core   0: 0x800063f4 (0x04720163) beq     tp, t2, pc + 66
core   0: 3 0x800063f4 (0x04720163)
core   0: 0x800063f8 (0x00008f31) c.xor   a4, a2
core   0: 3 0x800063f8 (0x8f31) x14 0x00000000
core   0: 0x800063fa (0x9ed1e993) ori     s3, gp, -1555
core   0: 3 0x800063fa (0x9ed1e993) x19 0xfffff9ef
core   0: 0x800063fe (0x4a49b513) sltiu   a0, s3, 1188
core   0: 3 0x800063fe (0x4a49b513) x10 0x00000000
core   0: 0x80006402 (0x40fcdf13) srai    t5, s9, 15
core   0: 3 0x80006402 (0x40fcdf13) x30 0x00000000
core   0: 0x80006406 (0x01565e63) bge     a2, s5, pc + 28
core   0: 3 0x80006406 (0x01565e63)
core   0: 0x8000640a (0x00004229) c.li    tp, 10
core   0: 3 0x8000640a (0x4229) x4  0x0000000a
core   0: 0x8000640c (0x026c23b3) mulhsu  t2, s8, t1
core   0: 3 0x8000640c (0x026c23b3) x7  0xffffffff
core   0: 0x80006410 (0x00009086) c.add   ra, ra
core   0: 3 0x80006410 (0x9086) x1  0x0003e000
core   0: 0x80006412 (0x0247d633) divu    a2, a5, tp
core   0: 3 0x80006412 (0x0247d633) x12 0x0ccd0fb0
core   0: 0x80006416 (0x014f07b3) add     a5, t5, s4
core   0: 3 0x80006416 (0x014f07b3) x15 0x00000001
core   0: 0x8000641a (0x02d83e93) sltiu   t4, a6, 45
core   0: 3 0x8000641a (0x02d83e93) x29 0x00000000
core   0: 0x8000641e (0x00000e4e) c.slli  t3, 19
core   0: 3 0x8000641e (0x0e4e) x28 0x00a80000
core   0: 0x80006420 (0x0000e30d) c.bnez  a4, pc + 34
core   0: 3 0x80006420 (0xe30d)
core   0: 0x80006422 (0x000017fd) c.addi  a5, -1
core   0: 3 0x80006422 (0x17fd) x15 0x00000000
core   0: 0x80006424 (0x03804b63) blt     zero, s8, pc + 54
core   0: 3 0x80006424 (0x03804b63)
core   0: 0x80006428 (0x00006109) c.addi16sp sp, 128
core   0: 3 0x80006428 (0x6109) x2  0x7efcd2ea
core   0: 0x8000642a (0x03b5acb3) mulhsu  s9, a1, s11
core   0: 3 0x8000642a (0x03b5acb3) x25 0x00000000
core   0: 0x8000642e (0x03576763) bltu    a4, s5, pc + 46
core   0: 3 0x8000642e (0x03576763)
core   0: 0x8000645c (0x00008be2) c.mv    s7, s8
core   0: 3 0x8000645c (0x8be2) x23 0xfba32397
core   0: 0x8000645e (0x40ec5b13) srai    s6, s8, 14
core   0: 3 0x8000645e (0x40ec5b13) x22 0xffffee8c
core   0: 0x80006462 (0x03d97933) remu    s2, s2, t4
core   0: 3 0x80006462 (0x03d97933) x18 0x00000000
core   0: 0x80006466 (0x0813fc93) andi    s9, t2, 129
core   0: 3 0x80006466 (0x0813fc93) x25 0x00000081
core   0: 0x8000646a (0x000087ed) c.srai  a5, 27
core   0: 3 0x8000646a (0x87ed) x15 0x00000000
core   0: 0x8000646c (0x5fd99017) auipc   zero, 0x5fd99
core   0: 3 0x8000646c (0x5fd99017)
core   0: 0x80006470 (0x05a4c063) blt     s1, s10, pc + 64
core   0: 3 0x80006470 (0x05a4c063)
core   0: 0x800064b0 (0x02bbe163) bltu    s7, a1, pc + 34
core   0: 3 0x800064b0 (0x02bbe163)
core   0: 0x800064b4 (0x01c8d313) srli    t1, a7, 28
core   0: 3 0x800064b4 (0x01c8d313) x6  0x00000000
core   0: 0x800064b8 (0x01b13b33) sltu    s6, sp, s11
core   0: 3 0x800064b8 (0x01b13b33) x22 0x00000000
core   0: 0x800064bc (0x030fa333) mulhsu  t1, t6, a6
core   0: 3 0x800064bc (0x030fa333) x6  0xfffffb6f
core   0: 0x800064c0 (0x02b71d63) bne     a4, a1, pc + 58
core   0: 3 0x800064c0 (0x02b71d63)
core   0: 0x800064c4 (0xbeb34b13) xori    s6, t1, -1045
core   0: 3 0x800064c4 (0xbeb34b13) x22 0x00000084
core   0: 0x800064c8 (0x01a717b3) sll     a5, a4, s10
core   0: 3 0x800064c8 (0x01a717b3) x15 0x00000000
core   0: 0x800064cc (0x40d95b93) srai    s7, s2, 13
core   0: 3 0x800064cc (0x40d95b93) x23 0x00000000
core   0: 0x800064d0 (0x00008f75) c.and   a4, a3
core   0: 3 0x800064d0 (0x8f75) x14 0x00000000
core   0: 0x800064d2 (0x4171db33) sra     s6, gp, s7
core   0: 3 0x800064d2 (0x4171db33) x22 0x2508982b
core   0: 0x800064d6 (0x0045c2b3) xor     t0, a1, tp
core   0: 3 0x800064d6 (0x0045c2b3) x5  0x0000000a
core   0: 0x800064da (0x0a0fbd13) sltiu   s10, t6, 160
core   0: 3 0x800064da (0x0a0fbd13) x26 0x00000000
core   0: 0x800064de (0x1d407093) andi    ra, zero, 468
core   0: 3 0x800064de (0x1d407093) x1  0x00000000
core   0: 0x800064e2 (0x00008e51) c.or    a2, a2
core   0: 3 0x800064e2 (0x8e51) x12 0x0ccd0fb0
core   0: 0x800064e4 (0x0339dc63) bge     s3, s3, pc + 56
core   0: 3 0x800064e4 (0x0339dc63)
core   0: 0x8000651c (0x00008e11) c.sub   a2, a2
core   0: 3 0x8000651c (0x8e11) x12 0x00000000
core   0: 0x8000651e (0x00000001) c.nop
core   0: 3 0x8000651e (0x0001)
core   0: 0x80006520 (0x8660e313) ori     t1, ra, -1946
core   0: 3 0x80006520 (0x8660e313) x6  0xfffff866
core   0: 0x80006524 (0x027d41b3) div     gp, s10, t2
core   0: 3 0x80006524 (0x027d41b3) x3  0x00000000
core   0: 0x80006528 (0x000080b5) c.srli  s1, 13
core   0: 3 0x80006528 (0x80b5) x9  0x00040014
core   0: 0x8000652a (0x02455133) divu    sp, a0, tp
core   0: 3 0x8000652a (0x02455133) x2  0x00000000
core   0: 0x8000652e (0x00d02233) slt     tp, zero, a3
core   0: 3 0x8000652e (0x00d02233) x4  0x00000000
core   0: 0x80006532 (0xd6b73a13) sltiu   s4, a4, -661
core   0: 3 0x80006532 (0xd6b73a13) x20 0x00000001
core   0: 0x80006536 (0x0132f5b3) and     a1, t0, s3
core   0: 3 0x80006536 (0x0132f5b3) x11 0x0000000a
core   0: 0x8000653a (0x00008fcd) c.or    a5, a1
core   0: 3 0x8000653a (0x8fcd) x15 0x0000000a
core   0: 0x8000653c (0x03e0aa33) mulhsu  s4, ra, t5
core   0: 3 0x8000653c (0x03e0aa33) x20 0x00000000
core   0: 0x80006540 (0x00008df9) c.and   a1, a4
core   0: 3 0x80006540 (0x8df9) x11 0x00000000
core   0: 0x80006542 (0x0000c211) c.beqz  a2, pc + 4
core   0: 3 0x80006542 (0xc211)
core   0: 0x80006546 (0x1c3fbe93) sltiu   t4, t6, 451
core   0: 3 0x80006546 (0x1c3fbe93) x29 0x00000000
core   0: 0x8000654a (0x0000cf8d) c.beqz  a5, pc + 58
core   0: 3 0x8000654a (0xcf8d)
core   0: 0x8000654c (0x003f7d33) and     s10, t5, gp
core   0: 3 0x8000654c (0x003f7d33) x26 0x00000000
core   0: 0x80006550 (0x40305d93) srai    s11, zero, 3
core   0: 3 0x80006550 (0x40305d93) x27 0x00000000
core   0: 0x80006554 (0x0042b233) sltu    tp, t0, tp
core   0: 3 0x80006554 (0x0042b233) x4  0x00000000
core   0: 0x80006558 (0xd4352317) auipc   t1, 0xd4352
core   0: 3 0x80006558 (0xd4352317) x6  0x54358558
core   0: 0x8000655c (0xf4712593) slti    a1, sp, -185
core   0: 3 0x8000655c (0xf4712593) x11 0x00000000
core   0: 0x80006560 (0x000088c9) c.andi  s1, 18
core   0: 3 0x80006560 (0x88c9) x9  0x00000010
core   0: 0x80006562 (0x0000e11d) c.bnez  a0, pc + 38
core   0: 3 0x80006562 (0xe11d)
core   0: 0x80006564 (0x1d315d97) auipc   s11, 0x1d315
core   0: 3 0x80006564 (0x1d315d97) x27 0x9d31b564
core   0: 0x80006568 (0x0140d863) bge     ra, s4, pc + 16
core   0: 3 0x80006568 (0x0140d863)
core   0: 0x80006578 (0x1624c593) xori    a1, s1, 354
core   0: 3 0x80006578 (0x1624c593) x11 0x00000172
core   0: 0x8000657c (0x2c88f993) andi    s3, a7, 712
core   0: 3 0x8000657c (0x2c88f993) x19 0x00000000
core   0: 0x80006580 (0x021d5eb3) divu    t4, s10, ra
core   0: 3 0x80006580 (0x021d5eb3) x29 0xffffffff
core   0: 0x80006584 (0x02969d33) mulh    s10, a3, s1
core   0: 3 0x80006584 (0x02969d33) x26 0xfffffff8
core   0: 0x80006588 (0x018f7a63) bgeu    t5, s8, pc + 20
core   0: 3 0x80006588 (0x018f7a63)
core   0: 0x8000658c (0x00000784) c.addi4spn s1, sp, 960
core   0: 3 0x8000658c (0x0784) x9  0x000003c0
core   0: 0x8000658e (0x01fb4733) xor     a4, s6, t6
core   0: 3 0x8000658e (0x01fb4733) x14 0xdaf76344
core   0: 0x80006592 (0x00001a7d) c.addi  s4, -1
core   0: 3 0x80006592 (0x1a7d) x20 0xffffffff
core   0: 0x80006594 (0x0335ed63) bltu    a1, s3, pc + 58
core   0: 3 0x80006594 (0x0335ed63)
core   0: 0x80006598 (0x02114ab3) div     s5, sp, ra
core   0: 3 0x80006598 (0x02114ab3) x21 0xffffffff
core   0: 0x8000659c (0x00008ccd) c.or    s1, a1
core   0: 3 0x8000659c (0x8ccd) x9  0x000003f2
core   0: 0x8000659e (0x2c9c8e93) addi    t4, s9, 713
core   0: 3 0x8000659e (0x2c9c8e93) x29 0x0000034a
core   0: 0x800065a2 (0x00001e10) c.addi4spn a2, sp, 816
core   0: 3 0x800065a2 (0x1e10) x12 0x00000330
core   0: 0x800065a4 (0x000082ee) c.mv    t0, s11
core   0: 3 0x800065a4 (0x82ee) x5  0x9d31b564
core   0: 0x800065a6 (0x00000001) c.nop
core   0: 3 0x800065a6 (0x0001)
core   0: 0x800065a8 (0x4127b093) sltiu   ra, a5, 1042
core   0: 3 0x800065a8 (0x4127b093) x1  0x00000001
core   0: 0x800065ac (0x00009a9a) c.add   s5, t1
core   0: 3 0x800065ac (0x9a9a) x21 0x54358557
core   0: 0x800065ae (0x02d1a7b3) mulhsu  a5, gp, a3
core   0: 3 0x800065ae (0x02d1a7b3) x15 0x00000000
core   0: 0x800065b2 (0x01819d93) slli    s11, gp, 24
core   0: 3 0x800065b2 (0x01819d93) x27 0x00000000
core   0: 0x800065b6 (0x0321c133) div     sp, gp, s2
core   0: 3 0x800065b6 (0x0321c133) x2  0xffffffff
core   0: 0x800065ba (0x7cf01537) lui     a0, 0x7cf01
core   0: 3 0x800065ba (0x7cf01537) x10 0x7cf01000
core   0: 0x800065be (0x00d2fcb3) and     s9, t0, a3
core   0: 3 0x800065be (0x00d2fcb3) x25 0x80001420
core   0: 0x800065c2 (0x00414533) xor     a0, sp, tp
core   0: 3 0x800065c2 (0x00414533) x10 0xffffffff
core   0: 0x800065c6 (0xae2d7c93) andi    s9, s10, -1310
core   0: 3 0x800065c6 (0xae2d7c93) x25 0xfffffae0
core   0: 0x800065ca (0x0275ee33) rem     t3, a1, t2
core   0: 3 0x800065ca (0x0275ee33) x28 0x00000000
core   0: 0x800065ce (0x008bb4b3) sltu    s1, s7, s0
core   0: 3 0x800065ce (0x008bb4b3) x9  0x00000001
core   0: 0x800065d2 (0x3055b037) lui     zero, 0x3055b
core   0: 3 0x800065d2 (0x3055b037)
core   0: 0x800065d6 (0x019ee033) or      zero, t4, s9
core   0: 3 0x800065d6 (0x019ee033)
core   0: 0x800065da (0x000050fd) c.li    ra, -1
core   0: 3 0x800065da (0x50fd) x1  0xffffffff
core   0: 0x800065dc (0x52842e13) slti    t3, s0, 1320
core   0: 3 0x800065dc (0x52842e13) x28 0x00000001
core   0: 0x800065e0 (0x00008279) c.srli  a2, 30
core   0: 3 0x800065e0 (0x8279) x12 0x00000000
core   0: 0x800065e2 (0x0000eb85) c.bnez  a5, pc + 48
core   0: 3 0x800065e2 (0xeb85)
core   0: 0x800065e4 (0x6f997713) andi    a4, s2, 1785
core   0: 3 0x800065e4 (0x6f997713) x14 0x00000000
core   0: 0x800065e8 (0x00afe033) or      zero, t6, a0
core   0: 3 0x800065e8 (0x00afe033)
core   0: 0x800065ec (0x2c4eed97) auipc   s11, 0x2c4ee
core   0: 3 0x800065ec (0x2c4eed97) x27 0xac4f45ec
core   0: 0x800065f0 (0x026c1563) bne     s8, t1, pc + 42
core   0: 3 0x800065f0 (0x026c1563)
core   0: 0x8000661a (0x0221b233) mulhu   tp, gp, sp
core   0: 3 0x8000661a (0x0221b233) x4  0x00000000
core   0: 0x8000661e (0xeaeba293) slti    t0, s7, -338
core   0: 3 0x8000661e (0xeaeba293) x5  0x00000000
core   0: 0x80006622 (0x024ea933) mulhsu  s2, t4, tp
core   0: 3 0x80006622 (0x024ea933) x18 0x00000000
core   0: 0x80006626 (0x02a63a33) mulhu   s4, a2, a0
core   0: 3 0x80006626 (0x02a63a33) x20 0x00000000
core   0: 0x8000662a (0x031c6263) bltu    s8, a7, pc + 36
core   0: 3 0x8000662a (0x031c6263)
core   0: 0x8000662e (0x02bcbb33) mulhu   s6, s9, a1
core   0: 3 0x8000662e (0x02bcbb33) x22 0x00000171
core   0: 0x80006632 (0x76e86593) ori     a1, a6, 1902
core   0: 3 0x80006632 (0x76e86593) x11 0xffffffff
core   0: 0x80006636 (0x0000c195) c.beqz  a1, pc + 36
core   0: 3 0x80006636 (0xc195)
core   0: 0x80006638 (0x00006815) c.lui   a6, 0x5
core   0: 3 0x80006638 (0x6815) x16 0x00005000
core   0: 0x8000663a (0x020b1733) mulh    a4, s6, zero
core   0: 3 0x8000663a (0x020b1733) x14 0x00000000
core   0: 0x8000663e (0x0074a0b3) slt     ra, s1, t2
core   0: 3 0x8000663e (0x0074a0b3) x1  0x00000000
core   0: 0x80006642 (0x40e055b3) sra     a1, zero, a4
core   0: 3 0x80006642 (0x40e055b3) x11 0x00000000
core   0: 0x80006646 (0x02984d33) div     s10, a6, s1
core   0: 3 0x80006646 (0x02984d33) x26 0x00005000
core   0: 0x8000664a (0x01fc5993) srli    s3, s8, 31
core   0: 3 0x8000664a (0x01fc5993) x19 0x00000001
core   0: 0x8000664e (0x00000001) c.nop
core   0: 3 0x8000664e (0x0001)
core   0: 0x80006650 (0x000007b2) c.slli  a5, 12
core   0: 3 0x80006650 (0x07b2) x15 0x00000000
core   0: 0x80006652 (0x021802b3) mul     t0, a6, ra
core   0: 3 0x80006652 (0x021802b3) x5  0x00000000
core   0: 0x80006656 (0x40d0dab3) sra     s5, ra, a3
core   0: 3 0x80006656 (0x40d0dab3) x21 0x00000000
core   0: 0x8000665a (0x00008951) c.andi  a0, 20
core   0: 3 0x8000665a (0x8951) x10 0x00000014
core   0: 0x8000665c (0x03828933) mul     s2, t0, s8
core   0: 3 0x8000665c (0x03828933) x18 0x00000000
core   0: 0x80006660 (0x1459c313) xori    t1, s3, 325
core   0: 3 0x80006660 (0x1459c313) x6  0x00000144
core   0: 0x80006664 (0x0000187d) c.addi  a6, -1
core   0: 3 0x80006664 (0x187d) x16 0x00004fff
core   0: 0x80006666 (0x40495533) sra     a0, s2, tp
core   0: 3 0x80006666 (0x40495533) x10 0x00000000
core   0: 0x8000666a (0x0000157d) c.addi  a0, -1
core   0: 3 0x8000666a (0x157d) x10 0xffffffff
core   0: 0x8000666c (0x40c284b3) sub     s1, t0, a2
core   0: 3 0x8000666c (0x40c284b3) x9  0x00000000
core   0: 0x80006670 (0x020608b3) mul     a7, a2, zero
core   0: 3 0x80006670 (0x020608b3) x17 0x00000000
core   0: 0x80006674 (0x01292bb3) slt     s7, s2, s2
core   0: 3 0x80006674 (0x01292bb3) x23 0x00000000
core   0: 0x80006678 (0x023773b3) remu    t2, a4, gp
core   0: 3 0x80006678 (0x023773b3) x7  0x00000000
core   0: 0x8000667c (0x00009a7d) c.andi  a2, -1
core   0: 3 0x8000667c (0x9a7d) x12 0x00000000
core   0: 0x8000667e (0x00311d33) sll     s10, sp, gp
core   0: 3 0x8000667e (0x00311d33) x26 0xffffffff
core   0: 0x80006682 (0x02c952b3) divu    t0, s2, a2
core   0: 3 0x80006682 (0x02c952b3) x5  0xffffffff
core   0: 0x80006686 (0x01570763) beq     a4, s5, pc + 14
core   0: 3 0x80006686 (0x01570763)
core   0: 0x80006694 (0x00c0adb3) slt     s11, ra, a2
core   0: 3 0x80006694 (0x00c0adb3) x27 0x00000000
core   0: 0x80006698 (0x01352db3) slt     s11, a0, s3
core   0: 3 0x80006698 (0x01352db3) x27 0x00000001
core   0: 0x8000669c (0x007c1593) slli    a1, s8, 7
core   0: 3 0x8000669c (0x007c1593) x11 0xd191cb80
core   0: 0x800066a0 (0x00008cbd) c.xor   s1, a5
core   0: 3 0x800066a0 (0x8cbd) x9  0x00000000
core   0: 0x800066a2 (0x0000955a) c.add   a0, s6
core   0: 3 0x800066a2 (0x955a) x10 0x00000170
core   0: 0x800066a4 (0x0000997d) c.andi  a0, -1
core   0: 3 0x800066a4 (0x997d) x10 0x00000170
core   0: 0x800066a6 (0xbe0ab193) sltiu   gp, s5, -1056
core   0: 3 0x800066a6 (0xbe0ab193) x3  0x00000001
core   0: 0x800066aa (0x57796c97) auipc   s9, 0x57796
core   0: 3 0x800066aa (0x57796c97) x25 0xd779c6aa
core   0: 0x800066ae (0x409d5db3) sra     s11, s10, s1
core   0: 3 0x800066ae (0x409d5db3) x27 0xffffffff
core   0: 0x800066b2 (0x00000c88) c.addi4spn a0, sp, 592
core   0: 3 0x800066b2 (0x0c88) x10 0x0000024f
core   0: 0x800066b4 (0x04b00163) beq     zero, a1, pc + 66
core   0: 3 0x800066b4 (0x04b00163)
core   0: 0x800066b8 (0x00008ce2) c.mv    s9, s8
core   0: 3 0x800066b8 (0x8ce2) x25 0xfba32397
core   0: 0x800066ba (0x000084dd) c.srai  s1, 23
core   0: 3 0x800066ba (0x84dd) x9  0x00000000
core   0: 0x800066bc (0x401cda93) srai    s5, s9, 1
core   0: 3 0x800066bc (0x401cda93) x21 0xfdd191cb
core   0: 0x800066c0 (0x00000001) c.nop
core   0: 3 0x800066c0 (0x0001)
core   0: 0x800066c2 (0x030f6533) rem     a0, t5, a6
core   0: 3 0x800066c2 (0x030f6533) x10 0x00000000
core   0: 0x800066c6 (0x0329d333) divu    t1, s3, s2
core   0: 3 0x800066c6 (0x0329d333) x6  0xffffffff
core   0: 0x800066ca (0x03fd85b3) mul     a1, s11, t6
core   0: 3 0x800066ca (0x03fd85b3) x11 0x00000491
core   0: 0x800066ce (0x00e5e1b3) or      gp, a1, a4
core   0: 3 0x800066ce (0x00e5e1b3) x3  0x00000491
core   0: 0x800066d2 (0x000097de) c.add   a5, s7
core   0: 3 0x800066d2 (0x97de) x15 0x00000000
core   0: 0x800066d4 (0x00548cb3) add     s9, s1, t0
core   0: 3 0x800066d4 (0x00548cb3) x25 0xffffffff
core   0: 0x800066d8 (0x02dabfb3) mulhu   t6, s5, a3
core   0: 3 0x800066d8 (0x02dabfb3) x31 0x7eeb21e3
core   0: 0x800066dc (0x0150c963) blt     ra, s5, pc + 18
core   0: 3 0x800066dc (0x0150c963)
core   0: 0x800066e0 (0x00008d49) c.or    a0, a0
core   0: 3 0x800066e0 (0x8d49) x10 0x00000000
core   0: 0x800066e2 (0x035a89b3) mul     s3, s5, s5
core   0: 3 0x800066e2 (0x035a89b3) x19 0x9e7d96f9
core   0: 0x800066e6 (0x00b1fb33) and     s6, gp, a1
core   0: 3 0x800066e6 (0x00b1fb33) x22 0x00000491
core   0: 0x800066ea (0x00089d33) sll     s10, a7, zero
core   0: 3 0x800066ea (0x00089d33) x26 0x00000000
core   0: 0x800066ee (0x0305eab3) rem     s5, a1, a6
core   0: 3 0x800066ee (0x0305eab3) x21 0x00000491
core   0: 0x800066f2 (0x00000001) c.nop
core   0: 3 0x800066f2 (0x0001)
core   0: 0x800066f4 (0x000013fd) c.addi  t2, -1
core   0: 3 0x800066f4 (0x13fd) x7  0xffffffff
core   0: 0x800066f6 (0x41b05493) srai    s1, zero, 27
core   0: 3 0x800066f6 (0x41b05493) x9  0x00000000
core   0: 0x800066fa (0x028c64b3) rem     s1, s8, s0
core   0: 3 0x800066fa (0x028c64b3) x9  0xfba32397
core   0: 0x800066fe (0x00005b7d) c.li    s6, -1
core   0: 3 0x800066fe (0x5b7d) x22 0xffffffff
core   0: 0x80006700 (0x00008639) c.srai  a2, 14
core   0: 3 0x80006700 (0x8639) x12 0x00000000
core   0: 0x80006702 (0x9e3ef493) andi    s1, t4, -1565
core   0: 3 0x80006702 (0x9e3ef493) x9  0x00000142
core   0: 0x80006706 (0x01d7d113) srli    sp, a5, 29
core   0: 3 0x80006706 (0x01d7d113) x2  0x00000000
core   0: 0x8000670a (0x000061bd) c.lui   gp, 0xf
core   0: 3 0x8000670a (0x61bd) x3  0x0000f000
core   0: 0x8000670c (0x00001afd) c.addi  s5, -1
core   0: 3 0x8000670c (0x1afd) x21 0x00000490
core   0: 0x8000670e (0x403ad0b3) sra     ra, s5, gp
core   0: 3 0x8000670e (0x403ad0b3) x1  0x00000490
core   0: 0x80006712 (0x00008d51) c.or    a0, a2
core   0: 3 0x80006712 (0x8d51) x10 0x00000000
core   0: 0x80006714 (0x012cda13) srli    s4, s9, 18
core   0: 3 0x80006714 (0x012cda13) x20 0x00003fff
core   0: 0x80006718 (0x00009b4a) c.add   s6, s2
core   0: 3 0x80006718 (0x9b4a) x22 0xffffffff
core   0: 0x8000671a (0x0000098c) c.addi4spn a1, sp, 208
core   0: 3 0x8000671a (0x098c) x11 0x000000d0
core   0: 0x8000671c (0x0000475d) c.li    a4, 23
core   0: 3 0x8000671c (0x475d) x14 0x00000017
core   0: 0x8000671e (0x0000eb95) c.bnez  a5, pc + 52
core   0: 3 0x8000671e (0xeb95)
core   0: 0x80006720 (0x03861233) mulh    tp, a2, s8
core   0: 3 0x80006720 (0x03861233) x4  0x00000000
core   0: 0x80006724 (0x051c5163) bge     s8, a7, pc + 66
core   0: 3 0x80006724 (0x051c5163)
core   0: 0x80006728 (0x46df0a93) addi    s5, t5, 1133
core   0: 3 0x80006728 (0x46df0a93) x21 0x0000046d
core   0: 0x8000672c (0x02f22bb3) mulhsu  s7, tp, a5
core   0: 3 0x8000672c (0x02f22bb3) x23 0x00000000
core   0: 0x80006730 (0x00bc30b3) sltu    ra, s8, a1
core   0: 3 0x80006730 (0x00bc30b3) x1  0x00000000
core   0: 0x80006734 (0x00009a7d) c.andi  a2, -1
core   0: 3 0x80006734 (0x9a7d) x12 0x00000000
core   0: 0x80006736 (0x000090c6) c.add   ra, a7
core   0: 3 0x80006736 (0x90c6) x1  0x00000000
core   0: 0x80006738 (0x000083f9) c.srli  a5, 30
core   0: 3 0x80006738 (0x83f9) x15 0x00000000
core   0: 0x8000673a (0x0286db63) bge     a3, s0, pc + 54
core   0: 3 0x8000673a (0x0286db63)
core   0: 0x8000673e (0x02a9d8b3) divu    a7, s3, a0
core   0: 3 0x8000673e (0x02a9d8b3) x17 0xffffffff
core   0: 0x80006742 (0x01ca1a33) sll     s4, s4, t3
core   0: 3 0x80006742 (0x01ca1a33) x20 0x00007ffe
core   0: 0x80006746 (0x00442eb3) slt     t4, s0, tp
core   0: 3 0x80006746 (0x00442eb3) x29 0x00000001
core   0: 0x8000674a (0x02208463) beq     ra, sp, pc + 40
core   0: 3 0x8000674a (0x02208463)
core   0: 0x80006772 (0x0000858d) c.srai  a1, 3
core   0: 3 0x80006772 (0x858d) x11 0x0000001a
core   0: 0x80006774 (0x03351eb3) mulh    t4, a0, s3
core   0: 3 0x80006774 (0x03351eb3) x29 0x00000000
core   0: 0x80006778 (0x00baf133) and     sp, s5, a1
core   0: 3 0x80006778 (0x00baf133) x2  0x00000008
core   0: 0x8000677c (0x00000001) c.nop
core   0: 3 0x8000677c (0x0001)
core   0: 0x8000677e (0x01e94463) blt     s2, t5, pc + 8
core   0: 3 0x8000677e (0x01e94463)
core   0: 0x80006782 (0x020253b3) divu    t2, tp, zero
core   0: 3 0x80006782 (0x020253b3) x7  0xffffffff
core   0: 0x80006786 (0x00006ef1) c.lui   t4, 0x1c
core   0: 3 0x80006786 (0x6ef1) x29 0x0001c000
core   0: 0x80006788 (0x00000545) c.addi  a0, 17
core   0: 3 0x80006788 (0x0545) x10 0x00000011
core   0: 0x8000678a (0x02e50b63) beq     a0, a4, pc + 54
core   0: 3 0x8000678a (0x02e50b63)
core   0: 0x8000678e (0x71308f13) addi    t5, ra, 1811
core   0: 3 0x8000678e (0x71308f13) x30 0x00000713
core   0: 0x80006792 (0x0000872e) c.mv    a4, a1
core   0: 3 0x80006792 (0x872e) x14 0x0000001a
core   0: 0x80006794 (0x00c17f63) bgeu    sp, a2, pc + 30
core   0: 3 0x80006794 (0x00c17f63)
core   0: 0x800067b2 (0x03f2c733) div     a4, t0, t6
core   0: 3 0x800067b2 (0x03f2c733) x14 0x00000000
core   0: 0x800067b6 (0x03d7ddb3) divu    s11, a5, t4
core   0: 3 0x800067b6 (0x03d7ddb3) x27 0x00000000
core   0: 0x800067ba (0x00000001) c.nop
core   0: 3 0x800067ba (0x0001)
core   0: 0x800067bc (0x67b8b113) sltiu   sp, a7, 1659
core   0: 3 0x800067bc (0x67b8b113) x2  0x00000000
core   0: 0x800067c0 (0x00008d1d) c.sub   a0, a5
core   0: 3 0x800067c0 (0x8d1d) x10 0x00000011
core   0: 0x800067c2 (0x00008fa5) c.xor   a5, s1
core   0: 3 0x800067c2 (0x8fa5) x15 0x00000142
core   0: 0x800067c4 (0x00a6ff33) and     t5, a3, a0
core   0: 3 0x800067c4 (0x00a6ff33) x30 0x00000000
core   0: 0x800067c8 (0x0149e233) or      tp, s3, s4
core   0: 3 0x800067c8 (0x0149e233) x4  0x9e7dffff
core   0: 0x800067cc (0x02fae033) rem     zero, s5, a5
core   0: 3 0x800067cc (0x02fae033)
core   0: 0x800067d0 (0x000fd5b3) srl     a1, t6, zero
core   0: 3 0x800067d0 (0x000fd5b3) x11 0x7eeb21e3
core   0: 0x800067d4 (0x01aa77b3) and     a5, s4, s10
core   0: 3 0x800067d4 (0x01aa77b3) x15 0x00000000
core   0: 0x800067d8 (0x00725633) srl     a2, tp, t2
core   0: 3 0x800067d8 (0x00725633) x12 0x00000001
core   0: 0x800067dc (0x00001f84) c.addi4spn s1, sp, 1008
core   0: 3 0x800067dc (0x1f84) x9  0x000003f0
core   0: 0x800067de (0x00006151) c.addi16sp sp, 272
core   0: 3 0x800067de (0x6151) x2  0x00000110
core   0: 0x800067e0 (0xe8e5e113) ori     sp, a1, -370
core   0: 3 0x800067e0 (0xe8e5e113) x2  0xffffffef
core   0: 0x800067e4 (0x100eaf13) slti    t5, t4, 256
core   0: 3 0x800067e4 (0x100eaf13) x30 0x00000000
core   0: 0x800067e8 (0x00bcd5b3) srl     a1, s9, a1
core   0: 3 0x800067e8 (0x00bcd5b3) x11 0x1fffffff
core   0: 0x800067ec (0x00006bfd) c.lui   s7, 0x1f
core   0: 3 0x800067ec (0x6bfd) x23 0x0001f000
core   0: 0x800067ee (0x0000997d) c.andi  a0, -1
core   0: 3 0x800067ee (0x997d) x10 0x00000011
core   0: 0x800067f0 (0x00a8ddb3) srl     s11, a7, a0
core   0: 3 0x800067f0 (0x00a8ddb3) x27 0x00007fff
core   0: 0x800067f4 (0x001e8933) add     s2, t4, ra
core   0: 3 0x800067f4 (0x001e8933) x18 0x0001c000
core   0: 0x800067f8 (0x00008cb9) c.xor   s1, a4
core   0: 3 0x800067f8 (0x8cb9) x9  0x000003f0
core   0: 0x800067fa (0x00009e2a) c.add   t3, a0
core   0: 3 0x800067fa (0x9e2a) x28 0x00000012
core   0: 0x800067fc (0x00000e56) c.slli  t3, 21
core   0: 3 0x800067fc (0x0e56) x28 0x02400000
core   0: 0x800067fe (0xb0d32d93) slti    s11, t1, -1267
core   0: 3 0x800067fe (0xb0d32d93) x27 0x00000000
core   0: 0x80006802 (0x02cd6a63) bltu    s10, a2, pc + 52
core   0: 3 0x80006802 (0x02cd6a63)
core   0: 0x80006836 (0x00005d7d) c.li    s10, -1
core   0: 3 0x80006836 (0x5d7d) x26 0xffffffff
core   0: 0x80006838 (0x74144197) auipc   gp, 0x74144
core   0: 3 0x80006838 (0x74144197) x3  0xf414a838
core   0: 0x8000683c (0x7067fc93) andi    s9, a5, 1798
core   0: 3 0x8000683c (0x7067fc93) x25 0x00000000
core   0: 0x80006840 (0x03521fb3) mulh    t6, tp, s5
core   0: 3 0x80006840 (0x03521fb3) x31 0xfffffe50
core   0: 0x80006844 (0x01778eb3) add     t4, a5, s7
core   0: 3 0x80006844 (0x01778eb3) x29 0x0001f000
core   0: 0x80006848 (0x6a8ec493) xori    s1, t4, 1704
core   0: 3 0x80006848 (0x6a8ec493) x9  0x0001f6a8
core   0: 0x8000684c (0x00000491) c.addi  s1, 4
core   0: 3 0x8000684c (0x0491) x9  0x0001f6ac
core   0: 0x8000684e (0x41b4d3b3) sra     t2, s1, s11
core   0: 3 0x8000684e (0x41b4d3b3) x7  0x0001f6ac
core   0: 0x80006852 (0x01db03b3) add     t2, s6, t4
core   0: 3 0x80006852 (0x01db03b3) x7  0x0001efff
core   0: 0x80006856 (0x00008f69) c.and   a4, a0
core   0: 3 0x80006856 (0x8f69) x14 0x00000000
core   0: 0x80006858 (0x00008f3d) c.xor   a4, a5
core   0: 3 0x80006858 (0x8f3d) x14 0x00000000
core   0: 0x8000685a (0xdcf47617) auipc   a2, 0xdcf47
core   0: 3 0x8000685a (0xdcf47617) x12 0x5cf4d85a
core   0: 0x8000685e (0x00fa7e33) and     t3, s4, a5
core   0: 3 0x8000685e (0x00fa7e33) x28 0x00000000
core   0: 0x80006862 (0x00006d69) c.lui   s10, 0x1a
core   0: 3 0x80006862 (0x6d69) x26 0x0001a000
core   0: 0x80006864 (0x02a9e3b3) rem     t2, s3, a0
core   0: 3 0x80006864 (0x02a9e3b3) x7  0xfffffff0
core   0: 0x80006868 (0x0287dd63) bge     a5, s0, pc + 58
core   0: 3 0x80006868 (0x0287dd63)
core   0: 0x800068a2 (0x0564e363) bltu    s1, s6, pc + 70
core   0: 3 0x800068a2 (0x0564e363)
core   0: 0x800068e8 (0x0169d7b3) srl     a5, s3, s6
core   0: 3 0x800068e8 (0x0169d7b3) x15 0x00000001
core   0: 0x800068ec (0x00006cd1) c.lui   s9, 0x14
core   0: 3 0x800068ec (0x6cd1) x25 0x00014000
core   0: 0x800068ee (0x00bd8733) add     a4, s11, a1
core   0: 3 0x800068ee (0x00bd8733) x14 0x1fffffff
core   0: 0x800068f2 (0x9761ea13) ori     s4, gp, -1674
core   0: 3 0x800068f2 (0x9761ea13) x20 0xfffff97e
core   0: 0x800068f6 (0x476ee313) ori     t1, t4, 1142
core   0: 3 0x800068f6 (0x476ee313) x6  0x0001f476
core   0: 0x800068fa (0x00008e45) c.or    a2, s1
core   0: 3 0x800068fa (0x8e45) x12 0x5cf5fefe
core   0: 0x800068fc (0x00001b7d) c.addi  s6, -1
core   0: 3 0x800068fc (0x1b7d) x22 0xfffffffe
core   0: 0x800068fe (0xe69fd7b7) lui     a5, 0xe69fd
core   0: 3 0x800068fe (0xe69fd7b7) x15 0xe69fd000
core   0: 0x80006902 (0x15d1e993) ori     s3, gp, 349
core   0: 3 0x80006902 (0x15d1e993) x19 0xf414a97d
core   0: 0x80006906 (0x000008aa) c.slli  a7, 10
core   0: 3 0x80006906 (0x08aa) x17 0xfffffc00
core   0: 0x80006908 (0x00008df9) c.and   a1, a4
core   0: 3 0x80006908 (0x8df9) x11 0x1fffffff
core   0: 0x8000690a (0x0f7a3613) sltiu   a2, s4, 247
core   0: 3 0x8000690a (0x0f7a3613) x12 0x00000000
core   0: 0x8000690e (0x00008f25) c.xor   a4, s1
core   0: 3 0x8000690e (0x8f25) x14 0x1ffe0953
core   0: 0x80006910 (0x000081d5) c.srli  a1, 21
core   0: 3 0x80006910 (0x81d5) x11 0x000000ff
core   0: 0x80006912 (0x009ccb63) blt     s9, s1, pc + 22
core   0: 3 0x80006912 (0x009ccb63)
core   0: 0x80006928 (0x03760d33) mul     s10, a2, s7
core   0: 3 0x80006928 (0x03760d33) x26 0x00000000
core   0: 0x8000692c (0x00008c9e) c.mv    s9, t2
core   0: 3 0x8000692c (0x8c9e) x25 0xfffffff0
core   0: 0x8000692e (0x01f81d13) slli    s10, a6, 31
core   0: 3 0x8000692e (0x01f81d13) x26 0x80000000
core   0: 0x80006932 (0x85d3f297) auipc   t0, 0x85d3f
core   0: 3 0x80006932 (0x85d3f297) x5  0x05d45932
core   0: 0x80006936 (0x000081a6) c.mv    gp, s1
core   0: 3 0x80006936 (0x81a6) x3  0x0001f6ac
core   0: 0x80006938 (0x03346863) bltu    s0, s3, pc + 48
core   0: 3 0x80006938 (0x03346863)
core   0: 0x80006968 (0x41a45e93) srai    t4, s0, 26
core   0: 3 0x80006968 (0x41a45e93) x29 0xffffffe0
core   0: 0x8000696c (0x00006211) c.lui   tp, 0x4
core   0: 3 0x8000696c (0x6211) x4  0x00004000
core   0: 0x8000696e (0x00000826) c.slli  a6, 9
core   0: 3 0x8000696e (0x0826) x16 0x009ffe00
core   0: 0x80006970 (0x41fbd1b3) sra     gp, s7, t6
core   0: 3 0x80006970 (0x41fbd1b3) x3  0x00000001
core   0: 0x80006974 (0x00006dcd) c.lui   s11, 0x13
core   0: 3 0x80006974 (0x6dcd) x27 0x00013000
core   0: 0x80006976 (0x03160363) beq     a2, a7, pc + 38
core   0: 3 0x80006976 (0x03160363)
core   0: 0x8000697a (0x0000e39d) c.bnez  a5, pc + 38
core   0: 3 0x8000697a (0xe39d)
core   0: 0x800069a0 (0x760ef713) andi    a4, t4, 1888
core   0: 3 0x800069a0 (0x760ef713) x14 0x00000760
core   0: 0x800069a4 (0x00008f55) c.or    a4, a3
core   0: 3 0x800069a4 (0x8f55) x14 0x80025f68
core   0: 0x800069a6 (0x00008341) c.srli  a4, 16
core   0: 3 0x800069a6 (0x8341) x14 0x00008002
core   0: 0x800069a8 (0x00008fa5) c.xor   a5, s1
core   0: 3 0x800069a8 (0x8fa5) x15 0xe69e26ac
core   0: 0x800069aa (0xb094fa37) lui     s4, 0xb094f
core   0: 3 0x800069aa (0xb094fa37) x20 0xb094f000
core   0: 0x800069ae (0x00000001) c.nop
core   0: 3 0x800069ae (0x0001)
core   0: 0x800069b0 (0x00006989) c.lui   s3, 0x2
core   0: 3 0x800069b0 (0x6989) x19 0x00002000
core   0: 0x800069b2 (0x04279063) bne     a5, sp, pc + 64
core   0: 3 0x800069b2 (0x04279063)
core   0: 0x800069f2 (0x008eddb3) srl     s11, t4, s0
core   0: 3 0x800069f2 (0x008eddb3) x27 0x0ffffffe
core   0: 0x800069f6 (0x7509c813) xori    a6, s3, 1872
core   0: 3 0x800069f6 (0x7509c813) x16 0x00002750
core   0: 0x800069fa (0x02128ab3) mul     s5, t0, ra
core   0: 3 0x800069fa (0x02128ab3) x21 0x00000000
core   0: 0x800069fe (0x00008ff9) c.and   a5, a4
core   0: 3 0x800069fe (0x8ff9) x15 0x00000000
core   0: 0x80006a00 (0x035e5e63) bge     t3, s5, pc + 60
core   0: 3 0x80006a00 (0x035e5e63)
core   0: 0x80006a3c (0x00006129) c.addi16sp sp, 192
core   0: 3 0x80006a3c (0x6129) x2  0x000000af
core   0: 0x80006a3e (0x03d7ae33) mulhsu  t3, a5, t4
core   0: 3 0x80006a3e (0x03d7ae33) x28 0x00000000
core   0: 0x80006a42 (0x00005dfd) c.li    s11, -1
core   0: 3 0x80006a42 (0x5dfd) x27 0xffffffff
core   0: 0x80006a44 (0x0096f233) and     tp, a3, s1
core   0: 3 0x80006a44 (0x0096f233) x4  0x00005628
core   0: 0x80006a48 (0x0000849a) c.mv    s1, t1
core   0: 3 0x80006a48 (0x849a) x9  0x0001f476
core   0: 0x80006a4a (0x0133e033) or      zero, t2, s3
core   0: 3 0x80006a4a (0x0133e033)
core   0: 0x80006a4e (0xaaccb993) sltiu   s3, s9, -1364
core   0: 3 0x80006a4e (0xaaccb993) x19 0x00000000
core   0: 0x80006a52 (0x00008311) c.srli  a4, 4
core   0: 3 0x80006a52 (0x8311) x14 0x00000800
core   0: 0x80006a54 (0x00008909) c.andi  a0, 2
core   0: 3 0x80006a54 (0x8909) x10 0x00000000
core   0: 0x80006a56 (0x401ed013) srai    zero, t4, 1
core   0: 3 0x80006a56 (0x401ed013)
core   0: 0x80006a5a (0x00b17733) and     a4, sp, a1
core   0: 3 0x80006a5a (0x00b17733) x14 0x000000af
core   0: 0x80006a5e (0x00000001) c.nop
core   0: 3 0x80006a5e (0x0001)
core   0: 0x80006a60 (0x00008565) c.srai  a0, 25
core   0: 3 0x80006a60 (0x8565) x10 0x00000000
core   0: 0x80006a62 (0x000043c9) c.li    t2, 18
core   0: 3 0x80006a62 (0x43c9) x7  0x00000012
core   0: 0x80006a64 (0x91eaca93) xori    s5, s5, -1762
core   0: 3 0x80006a64 (0x91eaca93) x21 0xfffff91e
core   0: 0x80006a68 (0x00000684) c.addi4spn s1, sp, 832
core   0: 3 0x80006a68 (0x0684) x9  0x000003ef
core   0: 0x80006a6a (0x00009f1e) c.add   t5, t2
core   0: 3 0x80006a6a (0x9f1e) x30 0x00000012
core   0: 0x80006a6c (0xebbcc093) xori    ra, s9, -325
core   0: 3 0x80006a6c (0xebbcc093) x1  0x0000014b
core   0: 0x80006a70 (0x0000e205) c.bnez  a2, pc + 32
core   0: 3 0x80006a70 (0xe205)
core   0: 0x80006a72 (0x0000e121) c.bnez  a0, pc + 64
core   0: 3 0x80006a72 (0xe121)
core   0: 0x80006a74 (0x401f0fb3) sub     t6, t5, ra
core   0: 3 0x80006a74 (0x401f0fb3) x31 0xfffffec7
core   0: 0x80006a78 (0x000063e5) c.lui   t2, 0x19
core   0: 3 0x80006a78 (0x63e5) x7  0x00019000
core   0: 0x80006a7a (0x00008df1) c.and   a1, a2
core   0: 3 0x80006a7a (0x8df1) x11 0x00000000
core   0: 0x80006a7c (0x40d1ddb3) sra     s11, gp, a3
core   0: 3 0x80006a7c (0x40d1ddb3) x27 0x00000000
core   0: 0x80006a80 (0x021385b3) mul     a1, t2, ra
core   0: 3 0x80006a80 (0x021385b3) x11 0x02053000
core   0: 0x80006a84 (0x000098fd) c.andi  s1, -1
core   0: 3 0x80006a84 (0x98fd) x9  0x000003ef
core   0: 0x80006a86 (0x031752b3) divu    t0, a4, a7
core   0: 3 0x80006a86 (0x031752b3) x5  0x00000000
core   0: 0x80006a8a (0xfe44b013) sltiu   zero, s1, -28
core   0: 3 0x80006a8a (0xfe44b013)
core   0: 0x80006a8e (0x00008245) c.srli  a2, 17
core   0: 3 0x80006a8e (0x8245) x12 0x00000000
core   0: 0x80006a90 (0xf99f67b7) lui     a5, 0xf99f6
core   0: 3 0x80006a90 (0xf99f67b7) x15 0xf99f6000
core   0: 0x80006a94 (0x0000976e) c.add   a4, s11
core   0: 3 0x80006a94 (0x976e) x14 0x000000af
core   0: 0x80006a96 (0x03dfe033) rem     zero, t6, t4
core   0: 3 0x80006a96 (0x03dfe033)
core   0: 0x80006a9a (0x035211b3) mulh    gp, tp, s5
core   0: 3 0x80006a9a (0x035211b3) x3  0xffffffff
core   0: 0x80006a9e (0x03d920b3) mulhsu  ra, s2, t4
core   0: 3 0x80006a9e (0x03d920b3) x1  0x0001bfff
core   0: 0x80006aa2 (0x00e3cb33) xor     s6, t2, a4
core   0: 3 0x80006aa2 (0x00e3cb33) x22 0x000190af
core   0: 0x80006aa6 (0x03bdf2b3) remu    t0, s11, s11
core   0: 3 0x80006aa6 (0x03bdf2b3) x5  0x00000000
core   0: 0x80006aaa (0x41545613) srai    a2, s0, 21
core   0: 3 0x80006aaa (0x41545613) x12 0xfffffc00
core   0: 0x80006aae (0x004014b3) sll     s1, zero, tp
core   0: 3 0x80006aae (0x004014b3) x9  0x00000000
core   0: 0x80006ab2 (0x00000001) c.nop
core   0: 3 0x80006ab2 (0x0001)
core   0: 0x80006ab4 (0x00000166) c.slli  sp, 25
core   0: 3 0x80006ab4 (0x0166) x2  0x5e000000
core   0: 0x80006ab6 (0xe29c3537) lui     a0, 0xe29c3
core   0: 3 0x80006ab6 (0xe29c3537) x10 0xe29c3000
core   0: 0x80006aba (0x0000828e) c.mv    t0, gp
core   0: 3 0x80006aba (0x828e) x5  0xffffffff
core   0: 0x80006abc (0x03f677b3) remu    a5, a2, t6
core   0: 3 0x80006abc (0x03f677b3) x15 0xfffffc00
core   0: 0x80006ac0 (0x03be9463) bne     t4, s11, pc + 40
core   0: 3 0x80006ac0 (0x03be9463)
core   0: 0x80006ae8 (0x313a7613) andi    a2, s4, 787
core   0: 3 0x80006ae8 (0x313a7613) x12 0x00000000
core   0: 0x80006aec (0x00000001) c.nop
core   0: 3 0x80006aec (0x0001)
core   0: 0x80006aee (0x0177d513) srli    a0, a5, 23
core   0: 3 0x80006aee (0x0177d513) x10 0x000001ff
core   0: 0x80006af2 (0x0210e963) bltu    ra, ra, pc + 50
core   0: 3 0x80006af2 (0x0210e963)
core   0: 0x80006af6 (0x00001c8c) c.addi4spn a1, sp, 624
core   0: 3 0x80006af6 (0x1c8c) x11 0x5e000270
core   0: 0x80006af8 (0x01e44233) xor     tp, s0, t5
core   0: 3 0x80006af8 (0x01e44233) x4  0x80029cf6
core   0: 0x80006afc (0x00008e65) c.and   a2, s1
core   0: 3 0x80006afc (0x8e65) x12 0x00000000
core   0: 0x80006afe (0x011ae333) or      t1, s5, a7
core   0: 3 0x80006afe (0x011ae333) x6  0xfffffd1e
core   0: 0x80006b02 (0x95ca4993) xori    s3, s4, -1700
core   0: 3 0x80006b02 (0x95ca4993) x19 0x4f6b095c
core   0: 0x80006b06 (0x00000001) c.nop
core   0: 3 0x80006b06 (0x0001)
core   0: 0x80006b08 (0x01ec5933) srl     s2, s8, t5
core   0: 3 0x80006b08 (0x01ec5933) x18 0x00003ee8
core   0: 0x80006b0c (0x00008e31) c.xor   a2, a2
core   0: 3 0x80006b0c (0x8e31) x12 0x00000000
core   0: 0x80006b0e (0x009a79b3) and     s3, s4, s1
core   0: 3 0x80006b0e (0x009a79b3) x19 0x00000000
core   0: 0x80006b12 (0x00004869) c.li    a6, 26
core   0: 3 0x80006b12 (0x4869) x16 0x0000001a
core   0: 0x80006b14 (0x014ccb33) xor     s6, s9, s4
core   0: 3 0x80006b14 (0x014ccb33) x22 0x4f6b0ff0
core   0: 0x80006b18 (0x4136db33) sra     s6, a3, s3
core   0: 3 0x80006b18 (0x4136db33) x22 0x80025e28
core   0: 0x80006b1c (0x00f0d633) srl     a2, ra, a5
core   0: 3 0x80006b1c (0x00f0d633) x12 0x0001bfff
core   0: 0x80006b20 (0x0205e0b3) rem     ra, a1, zero
core   0: 3 0x80006b20 (0x0205e0b3) x1  0x5e000270
core   0: 0x80006b24 (0x037b9463) bne     s7, s7, pc + 40
core   0: 3 0x80006b24 (0x037b9463)
core   0: 0x80006b28 (0x023d2833) mulhsu  a6, s10, gp
core   0: 3 0x80006b28 (0x023d2833) x16 0x80000000
core   0: 0x80006b2c (0x01d87eb3) and     t4, a6, t4
core   0: 3 0x80006b2c (0x01d87eb3) x29 0x80000000
core   0: 0x80006b30 (0x0285da63) bge     a1, s0, pc + 52
core   0: 3 0x80006b30 (0x0285da63)
core   0: 0x80006b64 (0x03dcea33) rem     s4, s9, t4
core   0: 3 0x80006b64 (0x03dcea33) x20 0xfffffff0
core   0: 0x80006b68 (0x0000e889) c.bnez  s1, pc + 18
core   0: 3 0x80006b68 (0xe889)
core   0: 0x80006b6a (0xf802c313) xori    t1, t0, -128
core   0: 3 0x80006b6a (0xf802c313) x6  0x0000007f
core   0: 0x80006b6e (0x011fa7b3) slt     a5, t6, a7
core   0: 3 0x80006b6e (0x011fa7b3) x15 0x00000000
core   0: 0x80006b72 (0x00baf2b3) and     t0, s5, a1
core   0: 3 0x80006b72 (0x00baf2b3) x5  0x5e000010
core   0: 0x80006b76 (0x03ff0463) beq     t5, t6, pc + 40
core   0: 3 0x80006b76 (0x03ff0463)
core   0: 0x80006b7a (0x00009326) c.add   t1, s1
core   0: 3 0x80006b7a (0x9326) x6  0x0000007f
core   0: 0x80006b7c (0x01a25493) srli    s1, tp, 26
core   0: 3 0x80006b7c (0x01a25493) x9  0x00000020
core   0: 0x80006b80 (0x000080d1) c.srli  s1, 20
core   0: 3 0x80006b80 (0x80d1) x9  0x00000000
core   0: 0x80006b82 (0x01e85e63) bge     a6, t5, pc + 28
core   0: 3 0x80006b82 (0x01e85e63)
core   0: 0x80006b86 (0x00008da5) c.xor   a1, s1
core   0: 3 0x80006b86 (0x8da5) x11 0x5e000270
core   0: 0x80006b88 (0x0e7e1937) lui     s2, 0xe7e1
core   0: 3 0x80006b88 (0x0e7e1937) x18 0x0e7e1000
core   0: 0x80006b8c (0x00679833) sll     a6, a5, t1
core   0: 3 0x80006b8c (0x00679833) x16 0x00000000
core   0: 0x80006b90 (0x0000827d) c.srli  a2, 31
core   0: 3 0x80006b90 (0x827d) x12 0x00000000
core   0: 0x80006b92 (0x000084e5) c.srai  s1, 25
core   0: 3 0x80006b92 (0x84e5) x9  0x00000000
core   0: 0x80006b94 (0x0169b133) sltu    sp, s3, s6
core   0: 3 0x80006b94 (0x0169b133) x2  0x00000001
core   0: 0x80006b98 (0x00008751) c.srai  a4, 20
core   0: 3 0x80006b98 (0x8751) x14 0x00000000
core   0: 0x80006b9a (0x176ca7b7) lui     a5, 0x176ca
core   0: 3 0x80006b9a (0x176ca7b7) x15 0x176ca000
core   0: 0x80006b9e (0xe9c90c93) addi    s9, s2, -356
core   0: 3 0x80006b9e (0xe9c90c93) x25 0x0e7e0e9c
core   0: 0x80006ba2 (0x003083b3) add     t2, ra, gp
core   0: 3 0x80006ba2 (0x003083b3) x7  0x5e00026f
core   0: 0x80006ba6 (0x030837b3) mulhu   a5, a6, a6
core   0: 3 0x80006ba6 (0x030837b3) x15 0x00000000
core   0: 0x80006baa (0x00008d79) c.and   a0, a4
core   0: 3 0x80006baa (0x8d79) x10 0x00000000
core   0: 0x80006bac (0x00008dba) c.mv    s11, a4
core   0: 3 0x80006bac (0x8dba) x27 0x00000000
core   0: 0x80006bae (0x109b0d93) addi    s11, s6, 265
core   0: 3 0x80006bae (0x109b0d93) x27 0x80025f31
core   0: 0x80006bb2 (0x7d716b93) ori     s7, sp, 2007
core   0: 3 0x80006bb2 (0x7d716b93) x23 0x000007d7
core   0: 0x80006bb6 (0x018fefb3) or      t6, t6, s8
core   0: 3 0x80006bb6 (0x018fefb3) x31 0xffffffd7
core   0: 0x80006bba (0x00000f66) c.slli  t5, 25
core   0: 3 0x80006bba (0x0f66) x30 0x24000000
core   0: 0x80006bbc (0x01b9e4b3) or      s1, s3, s11
core   0: 3 0x80006bbc (0x01b9e4b3) x9  0x80025f31
core   0: 0x80006bc0 (0x01079e93) slli    t4, a5, 16
core   0: 3 0x80006bc0 (0x01079e93) x29 0x00000000
core   0: 0x80006bc4 (0xfea97a13) andi    s4, s2, -22
core   0: 3 0x80006bc4 (0xfea97a13) x20 0x0e7e1000
core   0: 0x80006bc8 (0x00008625) c.srai  a2, 9
core   0: 3 0x80006bc8 (0x8625) x12 0x00000000
core   0: 0x80006bca (0x00000001) c.nop
core   0: 3 0x80006bca (0x0001)
core   0: 0x80006bcc (0x00008d29) c.xor   a0, a0
core   0: 3 0x80006bcc (0x8d29) x10 0x00000000
core   0: 0x80006bce (0x00008a4d) c.andi  a2, 19
core   0: 3 0x80006bce (0x8a4d) x12 0x00000000
core   0: 0x80006bd0 (0x03ffe063) bltu    t6, t6, pc + 32
core   0: 3 0x80006bd0 (0x03ffe063)
core   0: 0x80006bd4 (0x011a5d63) bge     s4, a7, pc + 26
core   0: 3 0x80006bd4 (0x011a5d63)
core   0: 0x80006bee (0x00008c95) c.sub   s1, a3
core   0: 3 0x80006bee (0x8c95) x9  0x00000109
core   0: 0x80006bf0 (0x0000c715) c.beqz  a4, pc + 44
core   0: 3 0x80006bf0 (0xc715)
core   0: 0x80006c1c (0xb599cd93) xori    s11, s3, -1191
core   0: 3 0x80006c1c (0xb599cd93) x27 0xfffffb59
core   0: 0x80006c20 (0x016593b3) sll     t2, a1, s6
core   0: 3 0x80006c20 (0x016593b3) x7  0x00027000
core   0: 0x80006c24 (0x00008e79) c.and   a2, a4
core   0: 3 0x80006c24 (0x8e79) x12 0x00000000
core   0: 0x80006c26 (0x03364033) div     zero, a2, s3
core   0: 3 0x80006c26 (0x03364033)
core   0: 0x80006c2a (0x000004da) c.slli  s1, 22
core   0: 3 0x80006c2a (0x04da) x9  0x42400000
core   0: 0x80006c2c (0x00008e69) c.and   a2, a0
core   0: 3 0x80006c2c (0x8e69) x12 0x00000000
core   0: 0x80006c2e (0x41ca5733) sra     a4, s4, t3
core   0: 3 0x80006c2e (0x41ca5733) x14 0x0e7e1000
core   0: 0x80006c32 (0x00008dbd) c.xor   a1, a5
core   0: 3 0x80006c32 (0x8dbd) x11 0x5e000270
core   0: 0x80006c34 (0x41db8833) sub     a6, s7, t4
core   0: 3 0x80006c34 (0x41db8833) x16 0x000007d7
core   0: 0x80006c38 (0x0247d833) divu    a6, a5, tp
core   0: 3 0x80006c38 (0x0247d833) x16 0x00000000
core   0: 0x80006c3c (0xfac76d13) ori     s10, a4, -84
core   0: 3 0x80006c3c (0xfac76d13) x26 0xffffffac
core   0: 0x80006c40 (0x00da3eb3) sltu    t4, s4, a3
core   0: 3 0x80006c40 (0x00da3eb3) x29 0x00000001
core   0: 0x80006c44 (0x03bbd0b3) divu    ra, s7, s11
core   0: 3 0x80006c44 (0x03bbd0b3) x1  0x00000000
core   0: 0x80006c48 (0x0000ca09) c.beqz  a2, pc + 18
core   0: 3 0x80006c48 (0xca09)
core   0: 0x80006c5a (0x63d31037) lui     zero, 0x63d31
core   0: 3 0x80006c5a (0x63d31037)
core   0: 0x80006c5e (0x00009636) c.add   a2, a3
core   0: 3 0x80006c5e (0x9636) x12 0x80025e28
core   0: 0x80006c60 (0x0279feb3) remu    t4, s3, t2
core   0: 3 0x80006c60 (0x0279feb3) x29 0x00000000
core   0: 0x80006c64 (0x00008d75) c.and   a0, a3
core   0: 3 0x80006c64 (0x8d75) x10 0x00000000
core   0: 0x80006c66 (0x00006ec1) c.lui   t4, 0x10
core   0: 3 0x80006c66 (0x6ec1) x29 0x00010000
core   0: 0x80006c68 (0x00008db2) c.mv    s11, a2
core   0: 3 0x80006c68 (0x8db2) x27 0x80025e28
core   0: 0x80006c6a (0x000080a1) c.srli  s1, 8
core   0: 3 0x80006c6a (0x80a1) x9  0x00424000
core   0: 0x80006c6c (0x023de7b3) rem     a5, s11, gp
core   0: 3 0x80006c6c (0x023de7b3) x15 0x00000000
core   0: 0x80006c70 (0x030f6833) rem     a6, t5, a6
core   0: 3 0x80006c70 (0x030f6833) x16 0x24000000
core   0: 0x80006c74 (0x00000001) c.nop
core   0: 3 0x80006c74 (0x0001)
core   0: 0x80006c76 (0x00006621) c.lui   a2, 0x8
core   0: 3 0x80006c76 (0x6621) x12 0x00008000
core   0: 0x80006c78 (0x00000001) c.nop
core   0: 3 0x80006c78 (0x0001)
core   0: 0x80006c7a (0x035c64b3) rem     s1, s8, s5
core   0: 3 0x80006c7a (0x035c64b3) x9  0xfffffb9f
core   0: 0x80006c7e (0x004c5393) srli    t2, s8, 4
core   0: 3 0x80006c7e (0x004c5393) x7  0x0fba3239
core   0: 0x80006c82 (0x00ebd593) srli    a1, s7, 14
core   0: 3 0x80006c82 (0x00ebd593) x11 0x00000000
core   0: 0x80006c86 (0x04eb6363) bltu    s6, a4, pc + 70
core   0: 3 0x80006c86 (0x04eb6363)
core   0: 0x80006c8a (0x05fe6363) bltu    t3, t6, pc + 70
core   0: 3 0x80006c8a (0x05fe6363)
core   0: 0x80006cd0 (0x03897733) remu    a4, s2, s8
core   0: 3 0x80006cd0 (0x03897733) x14 0x0e7e1000
core   0: 0x80006cd4 (0x029cfd63) bgeu    s9, s1, pc + 58
core   0: 3 0x80006cd4 (0x029cfd63)
core   0: 0x80006cd8 (0x039a7263) bgeu    s4, s9, pc + 36
core   0: 3 0x80006cd8 (0x039a7263)
core   0: 0x80006cfc (0x0000c595) c.beqz  a1, pc + 44
core   0: 3 0x80006cfc (0xc595)
core   0: 0x80006d28 (0x00006315) c.lui   t1, 0x5
core   0: 3 0x80006d28 (0x6315) x6  0x00005000
core   0: 0x80006d2a (0x40f208b3) sub     a7, tp, a5
core   0: 3 0x80006d2a (0x40f208b3) x17 0x80029cf6
core   0: 0x80006d2e (0x00008d35) c.xor   a0, a3
core   0: 3 0x80006d2e (0x8d35) x10 0x80025e28
core   0: 0x80006d30 (0x00adebb3) or      s7, s11, a0
core   0: 3 0x80006d30 (0x00adebb3) x23 0x80025e28
core   0: 0x80006d34 (0x0000451d) c.li    a0, 7
core   0: 3 0x80006d34 (0x451d) x10 0x00000007
core   0: 0x80006d36 (0x002f9b33) sll     s6, t6, sp
core   0: 3 0x80006d36 (0x002f9b33) x22 0xffffffae
core   0: 0x80006d3a (0x00eb35b3) sltu    a1, s6, a4
core   0: 3 0x80006d3a (0x00eb35b3) x11 0x00000000
core   0: 0x80006d3e (0x027cb2b3) mulhu   t0, s9, t2
core   0: 3 0x80006d3e (0x027cb2b3) x5  0x00e3ed49
core   0: 0x80006d42 (0x03a698b3) mulh    a7, a3, s10
core   0: 3 0x80006d42 (0x03a698b3) x17 0x00000029
core   0: 0x80006d46 (0x00001e7d) c.addi  t3, -1
core   0: 3 0x80006d46 (0x1e7d) x28 0xffffffff
core   0: 0x80006d48 (0x200a3e93) sltiu   t4, s4, 512
core   0: 3 0x80006d48 (0x200a3e93) x29 0x00000000
core   0: 0x80006d4c (0xa73e8713) addi    a4, t4, -1421
core   0: 3 0x80006d4c (0xa73e8713) x14 0xfffffa73
core   0: 0x80006d50 (0x411e8db3) sub     s11, t4, a7
core   0: 3 0x80006d50 (0x411e8db3) x27 0xffffffd7
core   0: 0x80006d54 (0x41805993) srai    s3, zero, 24
core   0: 3 0x80006d54 (0x41805993) x19 0x00000000
core   0: 0x80006d58 (0x03e4a4b3) mulhsu  s1, s1, t5
core   0: 3 0x80006d58 (0x03e4a4b3) x9  0xffffff62
core   0: 0x80006d5c (0x49d0e493) ori     s1, ra, 1181
core   0: 3 0x80006d5c (0x49d0e493) x9  0x0000049d
core   0: 0x80006d60 (0x00000001) c.nop
core   0: 3 0x80006d60 (0x0001)
core   0: 0x80006d62 (0x00009d26) c.add   s10, s1
core   0: 3 0x80006d62 (0x9d26) x26 0x00000449
core   0: 0x80006d64 (0x41175db3) sra     s11, a4, a7
core   0: 3 0x80006d64 (0x41175db3) x27 0xfffffffd
core   0: 0x80006d68 (0x027bf963) bgeu    s7, t2, pc + 50
core   0: 3 0x80006d68 (0x027bf963)
core   0: 0x80006d9a (0x0004e333) or      t1, s1, zero
core   0: 3 0x80006d9a (0x0004e333) x6  0x0000049d
core   0: 0x80006d9e (0x01195563) bge     s2, a7, pc + 10
core   0: 3 0x80006d9e (0x01195563)
core   0: 0x80006da8 (0x020078b3) remu    a7, zero, zero
core   0: 3 0x80006da8 (0x020078b3) x17 0x00000000
core   0: 0x80006dac (0x01da1d33) sll     s10, s4, t4
core   0: 3 0x80006dac (0x01da1d33) x26 0x0e7e1000
core   0: 0x80006db0 (0x036adf63) bge     s5, s6, pc + 62
core   0: 3 0x80006db0 (0x036adf63)
core   0: 0x80006db4 (0x00008e4d) c.or    a2, a1
core   0: 3 0x80006db4 (0x8e4d) x12 0x00008000
core   0: 0x80006db6 (0xe3e12f93) slti    t6, sp, -450
core   0: 3 0x80006db6 (0xe3e12f93) x31 0x00000000
core   0: 0x80006dba (0x41a6d193) srai    gp, a3, 26
core   0: 3 0x80006dba (0x41a6d193) x3  0xffffffe0
core   0: 0x80006dbe (0x7c747393) andi    t2, s0, 1991
core   0: 3 0x80006dbe (0x7c747393) x7  0x000004c4
core   0: 0x80006dc2 (0x00009556) c.add   a0, s5
core   0: 3 0x80006dc2 (0x9556) x10 0xfffff925
core   0: 0x80006dc4 (0x006dc5b3) xor     a1, s11, t1
core   0: 3 0x80006dc4 (0x006dc5b3) x11 0xfffffb60
core   0: 0x80006dc8 (0x0000826d) c.srli  a2, 27
core   0: 3 0x80006dc8 (0x826d) x12 0x00000000
core   0: 0x80006dca (0x0372a533) mulhsu  a0, t0, s7
core   0: 3 0x80006dca (0x0372a533) x10 0x0071f8c0
core   0: 0x80006dce (0x413802b3) sub     t0, a6, s3
core   0: 3 0x80006dce (0x413802b3) x5  0x24000000
core   0: 0x80006dd2 (0x89c02613) slti    a2, zero, -1892
core   0: 3 0x80006dd2 (0x89c02613) x12 0x00000000
core   0: 0x80006dd6 (0x00001f7d) c.addi  t5, -1
core   0: 3 0x80006dd6 (0x1f7d) x30 0x23ffffff
core   0: 0x80006dd8 (0x00fd35b3) sltu    a1, s10, a5
core   0: 3 0x80006dd8 (0x00fd35b3) x11 0x00000000
core   0: 0x80006ddc (0x0000c58d) c.beqz  a1, pc + 42
core   0: 3 0x80006ddc (0xc58d)
core   0: 0x80006e06 (0x011821b3) slt     gp, a6, a7
core   0: 3 0x80006e06 (0x011821b3) x3  0x00000000
core   0: 0x80006e0a (0x00db6b63) bltu    s6, a3, pc + 22
core   0: 3 0x80006e0a (0x00db6b63)
core   0: 0x80006e0e (0x55380e93) addi    t4, a6, 1363
core   0: 3 0x80006e0e (0x55380e93) x29 0x24000553
core   0: 0x80006e12 (0x02b58463) beq     a1, a1, pc + 40
core   0: 3 0x80006e12 (0x02b58463)
core   0: 0x80006e3a (0x00005dfd) c.li    s11, -1
core   0: 3 0x80006e3a (0x5dfd) x27 0xffffffff
core   0: 0x80006e3c (0x0241f9b3) remu    s3, gp, tp
core   0: 3 0x80006e3c (0x0241f9b3) x19 0x00000000
core   0: 0x80006e40 (0x03e8ed63) bltu    a7, t5, pc + 58
core   0: 3 0x80006e40 (0x03e8ed63)
core   0: 0x80006e7a (0x00008e49) c.or    a2, a0
core   0: 3 0x80006e7a (0x8e49) x12 0x0071f8c0
core   0: 0x80006e7c (0x05de7063) bgeu    t3, t4, pc + 64
core   0: 3 0x80006e7c (0x05de7063)
core   0: 0x80006ebc (0x007b1513) slli    a0, s6, 7
core   0: 3 0x80006ebc (0x007b1513) x10 0xffffd700
core   0: 0x80006ec0 (0x000094c6) c.add   s1, a7
core   0: 3 0x80006ec0 (0x94c6) x9  0x0000049d
core   0: 0x80006ec2 (0x00001290) c.addi4spn a2, sp, 352
core   0: 3 0x80006ec2 (0x1290) x12 0x00000161
core   0: 0x80006ec4 (0x02e262b3) rem     t0, tp, a4
core   0: 3 0x80006ec4 (0x02e262b3) x5  0xfffffc61
core   0: 0x80006ec8 (0x00ab8f33) add     t5, s7, a0
core   0: 3 0x80006ec8 (0x00ab8f33) x30 0x80023528
core   0: 0x80006ecc (0x40075b13) srai    s6, a4, 0
core   0: 3 0x80006ecc (0x40075b13) x22 0xfffffa73
core   0: 0x80006ed0 (0x000069c1) c.lui   s3, 0x10
core   0: 3 0x80006ed0 (0x69c1) x19 0x00010000
core   0: 0x80006ed2 (0xd8509bb7) lui     s7, 0xd8509
core   0: 3 0x80006ed2 (0xd8509bb7) x23 0xd8509000
core   0: 0x80006ed6 (0x143ec113) xori    sp, t4, 323
core   0: 3 0x80006ed6 (0x143ec113) x2  0x24000410
core   0: 0x80006eda (0x093b9c63) bne     s7, s3, pc + 152
core   0: 3 0x80006eda (0x093b9c63)
core   0: 0x80006f72 (0x419e52b3) sra     t0, t3, s9
core   0: 3 0x80006f72 (0x419e52b3) x5  0xffffffff
core   0: 0x80006f76 (0x00008d69) c.and   a0, a0
core   0: 3 0x80006f76 (0x8d69) x10 0xffffd700
core   0: 0x80006f78 (0x416357b3) sra     a5, t1, s6
core   0: 3 0x80006f78 (0x416357b3) x15 0x00000000
core   0: 0x80006f7c (0x019fc833) xor     a6, t6, s9
core   0: 3 0x80006f7c (0x019fc833) x16 0x0e7e0e9c
core   0: 0x80006f80 (0x01fdfcb3) and     s9, s11, t6
core   0: 3 0x80006f80 (0x01fdfcb3) x25 0x00000000
core   0: 0x80006f84 (0x40a48833) sub     a6, s1, a0
core   0: 3 0x80006f84 (0x40a48833) x16 0x00002d9d
core   0: 0x80006f88 (0x0000717d) c.addi16sp sp, -16
core   0: 3 0x80006f88 (0x717d) x2  0x24000400
core   0: 0x80006f8a (0x00004325) c.li    t1, 9
core   0: 3 0x80006f8a (0x4325) x6  0x00000009
core   0: 0x80006f8c (0x9bad7e93) andi    t4, s10, -1606
core   0: 3 0x80006f8c (0x9bad7e93) x29 0x0e7e1000
core   0: 0x80006f90 (0x0000108c) c.addi4spn a1, sp, 96
core   0: 3 0x80006f90 (0x108c) x11 0x24000460
core   0: 0x80006f92 (0x03192d33) mulhsu  s10, s2, a7
core   0: 3 0x80006f92 (0x03192d33) x26 0x00000000
core   0: 0x80006f96 (0x000044cd) c.li    s1, 19
core   0: 3 0x80006f96 (0x44cd) x9  0x00000013
core   0: 0x80006f98 (0x01e22233) slt     tp, tp, t5
core   0: 3 0x80006f98 (0x01e22233) x4  0x00000000
core   0: 0x80006f9c (0x00000321) c.addi  t1, 8
core   0: 3 0x80006f9c (0x0321) x6  0x00000011
core   0: 0x80006f9e (0x00008e21) c.xor   a2, s0
core   0: 3 0x80006f9e (0x8e21) x12 0x80029d85
core   0: 0x80006fa0 (0x00005959) c.li    s2, -10
core   0: 3 0x80006fa0 (0x5959) x18 0xfffffff6
core   0: 0x80006fa2 (0x414701b3) sub     gp, a4, s4
core   0: 3 0x80006fa2 (0x414701b3) x3  0xf181ea73
core   0: 0x80006fa6 (0x00005de1) c.li    s11, -8
core   0: 3 0x80006fa6 (0x5de1) x27 0xfffffff8
core   0: 0x80006fa8 (0x02fb6d33) rem     s10, s6, a5
core   0: 3 0x80006fa8 (0x02fb6d33) x26 0xfffffa73
core   0: 0x80006fac (0x008da0b3) slt     ra, s11, s0
core   0: 3 0x80006fac (0x008da0b3) x1  0x00000000
core   0: 0x80006fb0 (0x00000a32) c.slli  s4, 12
core   0: 3 0x80006fb0 (0x0a32) x20 0xe1000000
core   0: 0x80006fb2 (0xab488293) addi    t0, a7, -1356
core   0: 3 0x80006fb2 (0xab488293) x5  0xfffffab4
core   0: 0x80006fb6 (0x02c273b3) remu    t2, tp, a2
core   0: 3 0x80006fb6 (0x02c273b3) x7  0x00000000
core   0: 0x80006fba (0x00000905) c.addi  s2, 1
core   0: 3 0x80006fba (0x0905) x18 0xfffffff7
core   0: 0x80006fbc (0xe310c513) xori    a0, ra, -463
core   0: 3 0x80006fbc (0xe310c513) x10 0xfffffe31
core   0: 0x80006fc0 (0xffb916e3) bne     s2, s11, pc - 20
core   0: 3 0x80006fc0 (0xffb916e3)
core   0: 0x80006fac (0x008da0b3) slt     ra, s11, s0
core   0: 3 0x80006fac (0x008da0b3) x1  0x00000000
core   0: 0x80006fb0 (0x00000a32) c.slli  s4, 12
core   0: 3 0x80006fb0 (0x0a32) x20 0x00000000
core   0: 0x80006fb2 (0xab488293) addi    t0, a7, -1356
core   0: 3 0x80006fb2 (0xab488293) x5  0xfffffab4
core   0: 0x80006fb6 (0x02c273b3) remu    t2, tp, a2
core   0: 3 0x80006fb6 (0x02c273b3) x7  0x00000000
core   0: 0x80006fba (0x00000905) c.addi  s2, 1
core   0: 3 0x80006fba (0x0905) x18 0xfffffff8
core   0: 0x80006fbc (0xe310c513) xori    a0, ra, -463
core   0: 3 0x80006fbc (0xe310c513) x10 0xfffffe31
core   0: 0x80006fc0 (0xffb916e3) bne     s2, s11, pc - 20
core   0: 3 0x80006fc0 (0xffb916e3)
core   0: 0x80006fc4 (0xfc936ae3) bltu    t1, s1, pc - 44
core   0: 3 0x80006fc4 (0xfc936ae3)
core   0: 0x80006f98 (0x01e22233) slt     tp, tp, t5
core   0: 3 0x80006f98 (0x01e22233) x4  0x00000000
core   0: 0x80006f9c (0x00000321) c.addi  t1, 8
core   0: 3 0x80006f9c (0x0321) x6  0x00000019
core   0: 0x80006f9e (0x00008e21) c.xor   a2, s0
core   0: 3 0x80006f9e (0x8e21) x12 0x00000161
core   0: 0x80006fa0 (0x00005959) c.li    s2, -10
core   0: 3 0x80006fa0 (0x5959) x18 0xfffffff6
core   0: 0x80006fa2 (0x414701b3) sub     gp, a4, s4
core   0: 3 0x80006fa2 (0x414701b3) x3  0xfffffa73
core   0: 0x80006fa6 (0x00005de1) c.li    s11, -8
core   0: 3 0x80006fa6 (0x5de1) x27 0xfffffff8
core   0: 0x80006fa8 (0x02fb6d33) rem     s10, s6, a5
core   0: 3 0x80006fa8 (0x02fb6d33) x26 0xfffffa73
core   0: 0x80006fac (0x008da0b3) slt     ra, s11, s0
core   0: 3 0x80006fac (0x008da0b3) x1  0x00000000
core   0: 0x80006fb0 (0x00000a32) c.slli  s4, 12
core   0: 3 0x80006fb0 (0x0a32) x20 0x00000000
core   0: 0x80006fb2 (0xab488293) addi    t0, a7, -1356
core   0: 3 0x80006fb2 (0xab488293) x5  0xfffffab4
core   0: 0x80006fb6 (0x02c273b3) remu    t2, tp, a2
core   0: 3 0x80006fb6 (0x02c273b3) x7  0x00000000
core   0: 0x80006fba (0x00000905) c.addi  s2, 1
core   0: 3 0x80006fba (0x0905) x18 0xfffffff7
core   0: 0x80006fbc (0xe310c513) xori    a0, ra, -463
core   0: 3 0x80006fbc (0xe310c513) x10 0xfffffe31
core   0: 0x80006fc0 (0xffb916e3) bne     s2, s11, pc - 20
core   0: 3 0x80006fc0 (0xffb916e3)
core   0: 0x80006fac (0x008da0b3) slt     ra, s11, s0
core   0: 3 0x80006fac (0x008da0b3) x1  0x00000000
core   0: 0x80006fb0 (0x00000a32) c.slli  s4, 12
core   0: 3 0x80006fb0 (0x0a32) x20 0x00000000
core   0: 0x80006fb2 (0xab488293) addi    t0, a7, -1356
core   0: 3 0x80006fb2 (0xab488293) x5  0xfffffab4
core   0: 0x80006fb6 (0x02c273b3) remu    t2, tp, a2
core   0: 3 0x80006fb6 (0x02c273b3) x7  0x00000000
core   0: 0x80006fba (0x00000905) c.addi  s2, 1
core   0: 3 0x80006fba (0x0905) x18 0xfffffff8
core   0: 0x80006fbc (0xe310c513) xori    a0, ra, -463
core   0: 3 0x80006fbc (0xe310c513) x10 0xfffffe31
core   0: 0x80006fc0 (0xffb916e3) bne     s2, s11, pc - 20
core   0: 3 0x80006fc0 (0xffb916e3)
core   0: 0x80006fc4 (0xfc936ae3) bltu    t1, s1, pc - 44
core   0: 3 0x80006fc4 (0xfc936ae3)
core   0: 0x80006fc8 (0x8e53f813) andi    a6, t2, -1819
core   0: 3 0x80006fc8 (0x8e53f813) x16 0x00000000
core   0: 0x80006fcc (0x00008261) c.srli  a2, 24
core   0: 3 0x80006fcc (0x8261) x12 0x00000000
core   0: 0x80006fce (0x023e5eb3) divu    t4, t3, gp
core   0: 3 0x80006fce (0x023e5eb3) x29 0x00000001
core   0: 0x80006fd2 (0x015299b3) sll     s3, t0, s5
core   0: 3 0x80006fd2 (0x015299b3) x19 0x00000000
core   0: 0x80006fd6 (0x015af533) and     a0, s5, s5
core   0: 3 0x80006fd6 (0x015af533) x10 0xfffff91e
core   0: 0x80006fda (0x0211cd33) div     s10, gp, ra
core   0: 3 0x80006fda (0x0211cd33) x26 0xffffffff
core   0: 0x80006fde (0x0046a303) lw      t1, 4(a3)
core   0: 3 0x80006fde (0x0046a303) x6  0x80007e36 mem 0x80025e2c
core   0: 0x80006fe2 (0x020d4633) div     a2, s10, zero
core   0: 3 0x80006fe2 (0x020d4633) x12 0xffffffff
core   0: 0x80006fe6 (0x01fe6633) or      a2, t3, t6
core   0: 3 0x80006fe6 (0x01fe6633) x12 0xffffffff
core   0: 0x80006fea (0x000006a1) c.addi  a3, 8
core   0: 3 0x80006fea (0x06a1) x13 0x80025e30
core   0: 0x80006fec (0x00008f29) c.xor   a4, a0
core   0: 3 0x80006fec (0x8f29) x14 0x0000036d
core   0: 0x80006fee (0x00130113) addi    sp, t1, 1
core   0: 3 0x80006fee (0x00130113) x2  0x80007e37
core   0: 0x80006ff2 (0x00010167) jalr    sp, sp, 0
core   0: 3 0x80006ff2 (0x00010167) x2  0x80006ff6
core   0: 0x80007e36 (0x038c0663) beq     s8, s8, pc + 44
core   0: 3 0x80007e36 (0x038c0663)
core   0: 0x80007e62 (0xa4d87f13) andi    t5, a6, -1459
core   0: 3 0x80007e62 (0xa4d87f13) x30 0x00000000
core   0: 0x80007e66 (0x97a62017) auipc   zero, 0x97a62
core   0: 3 0x80007e66 (0x97a62017)
core   0: 0x80007e6a (0x0056b2b3) sltu    t0, a3, t0
core   0: 3 0x80007e6a (0x0056b2b3) x5  0x00000001
core   0: 0x80007e6e (0x020fbeb3) mulhu   t4, t6, zero
core   0: 3 0x80007e6e (0x020fbeb3) x29 0x00000000
core   0: 0x80007e72 (0x0000c38d) c.beqz  a5, pc + 34
core   0: 3 0x80007e72 (0xc38d)
core   0: 0x80007e94 (0x0000187d) c.addi  a6, -1
core   0: 3 0x80007e94 (0x187d) x16 0xffffffff
core   0: 0x80007e96 (0xf330ff13) andi    t5, ra, -205
core   0: 3 0x80007e96 (0xf330ff13) x30 0x00000000
core   0: 0x80007e9a (0x00006105) c.addi16sp sp, 32
core   0: 3 0x80007e9a (0x6105) x2  0x80007016
core   0: 0x80007e9c (0x00008c99) c.sub   s1, a4
core   0: 3 0x80007e9c (0x8c99) x9  0xfffffca6
core   0: 0x80007e9e (0x00000f88) c.addi4spn a0, sp, 976
core   0: 3 0x80007e9e (0x0f88) x10 0x800073e6
core   0: 0x80007ea0 (0x0000cc85) c.beqz  s1, pc + 56
core   0: 3 0x80007ea0 (0xcc85)
core   0: 0x80007ea2 (0x0000100c) c.addi4spn a1, sp, 32
core   0: 3 0x80007ea2 (0x100c) x11 0x80007036
core   0: 0x80007ea4 (0x00008f7d) c.and   a4, a5
core   0: 3 0x80007ea4 (0x8f7d) x14 0x00000000
core   0: 0x80007ea6 (0x00008dc9) c.or    a1, a0
core   0: 3 0x80007ea6 (0x8dc9) x11 0x800073f6
core   0: 0x80007ea8 (0x0000557d) c.li    a0, -1
core   0: 3 0x80007ea8 (0x557d) x10 0xffffffff
core   0: 0x80007eaa (0x000000c1) c.addi  ra, 16
core   0: 3 0x80007eaa (0x00c1) x1  0x00000010
core   0: 0x80007eac (0x024c4db3) div     s11, s8, tp
core   0: 3 0x80007eac (0x024c4db3) x27 0xffffffff
core   0: 0x80007eb0 (0x00b3f633) and     a2, t2, a1
core   0: 3 0x80007eb0 (0x00b3f633) x12 0x00000000
core   0: 0x80007eb4 (0x0055df63) bge     a1, t0, pc + 30
core   0: 3 0x80007eb4 (0x0055df63)
core   0: 0x80007eb8 (0xc2896c93) ori     s9, s2, -984
core   0: 3 0x80007eb8 (0xc2896c93) x25 0xfffffff8
core   0: 0x80007ebc (0x00ce29b3) slt     s3, t3, a2
core   0: 3 0x80007ebc (0x00ce29b3) x19 0x00000001
core   0: 0x80007ec0 (0x01e8d593) srli    a1, a7, 30
core   0: 3 0x80007ec0 (0x01e8d593) x11 0x00000000
core   0: 0x80007ec4 (0x00000001) c.nop
core   0: 3 0x80007ec4 (0x0001)
core   0: 0x80007ec6 (0x021fda33) divu    s4, t6, ra
core   0: 3 0x80007ec6 (0x021fda33) x20 0x00000000
core   0: 0x80007eca (0x00000ca2) c.slli  s9, 8
core   0: 3 0x80007eca (0x0ca2) x25 0xfffff800
core   0: 0x80007ecc (0x03b2d733) divu    a4, t0, s11
core   0: 3 0x80007ecc (0x03b2d733) x14 0x00000000
core   0: 0x80007ed0 (0x00006a65) c.lui   s4, 0x19
core   0: 3 0x80007ed0 (0x6a65) x20 0x00019000
core   0: 0x80007ed2 (0x03047763) bgeu    s0, a6, pc + 46
core   0: 3 0x80007ed2 (0x03047763)
core   0: 0x80007ed6 (0x00008ee2) c.mv    t4, s8
core   0: 3 0x80007ed6 (0x8ee2) x29 0xfba32397
core   0: 0x80007ed8 (0x0000c789) c.beqz  a5, pc + 10
core   0: 3 0x80007ed8 (0xc789)
core   0: 0x80007ee2 (0x0000e089) c.bnez  s1, pc + 2
core   0: 3 0x80007ee2 (0xe089)
core   0: 0x80007ee4 (0x0000577d) c.li    a4, -1
core   0: 3 0x80007ee4 (0x577d) x14 0xffffffff
core   0: 0x80007ee6 (0xd37bcb93) xori    s7, s7, -713
core   0: 3 0x80007ee6 (0xd37bcb93) x23 0x27af6d37
core   0: 0x80007eea (0x00c24133) xor     sp, tp, a2
core   0: 3 0x80007eea (0x00c24133) x2  0x00000000
core   0: 0x80007eee (0x0000108c) c.addi4spn a1, sp, 96
core   0: 3 0x80007eee (0x108c) x11 0x00000060
core   0: 0x80007ef0 (0x4918eb93) ori     s7, a7, 1169
core   0: 3 0x80007ef0 (0x4918eb93) x23 0x00000491
core   0: 0x80007ef4 (0x001f5cb3) srl     s9, t5, ra
core   0: 3 0x80007ef4 (0x001f5cb3) x25 0x00000000
core   0: 0x80007ef8 (0xe4d5b713) sltiu   a4, a1, -435
core   0: 3 0x80007ef8 (0xe4d5b713) x14 0x00000001
core   0: 0x80007efc (0x03c94bb3) div     s7, s2, t3
core   0: 3 0x80007efc (0x03c94bb3) x23 0x00000008
core   0: 0x80007f00 (0x40c4d5b3) sra     a1, s1, a2
core   0: 3 0x80007f00 (0x40c4d5b3) x11 0xfffffca6
core   0: 0x80007f04 (0x03c48133) mul     sp, s1, t3
core   0: 3 0x80007f04 (0x03c48133) x2  0x0000035a
core   0: 0x80007f08 (0x0000615d) c.addi16sp sp, 432
core   0: 3 0x80007f08 (0x615d) x2  0x0000050a
core   0: 0x80007f0a (0x0000e3d5) c.bnez  a5, pc + 164
core   0: 3 0x80007f0a (0xe3d5)
core   0: 0x80007f0c (0x0ad5e493) ori     s1, a1, 173
core   0: 3 0x80007f0c (0x0ad5e493) x9  0xfffffcaf
core   0: 0x80007f10 (0x61c44813) xori    a6, s0, 1564
core   0: 3 0x80007f10 (0x61c44813) x16 0x80029af8
core   0: 0x80007f14 (0x000099be) c.add   s3, a5
core   0: 3 0x80007f14 (0x99be) x19 0x00000001
core   0: 0x80007f16 (0x000048a9) c.li    a7, 10
core   0: 3 0x80007f16 (0x48a9) x17 0x0000000a
core   0: 0x80007f18 (0x00008cf9) c.and   s1, a4
core   0: 3 0x80007f18 (0x8cf9) x9  0x00000001
core   0: 0x80007f1a (0x7f884db7) lui     s11, 0x7f884
core   0: 3 0x80007f1a (0x7f884db7) x27 0x7f884000
core   0: 0x80007f1e (0x00005e7d) c.li    t3, -1
core   0: 3 0x80007f1e (0x5e7d) x28 0xffffffff
core   0: 0x80007f20 (0x241e2313) slti    t1, t3, 577
core   0: 3 0x80007f20 (0x241e2313) x6  0x00000001
core   0: 0x80007f24 (0x010e9313) slli    t1, t4, 16
core   0: 3 0x80007f24 (0x010e9313) x6  0x23970000
core   0: 0x80007f28 (0x00004629) c.li    a2, 10
core   0: 3 0x80007f28 (0x4629) x12 0x0000000a
core   0: 0x80007f2a (0x9e290593) addi    a1, s2, -1566
core   0: 3 0x80007f2a (0x9e290593) x11 0xfffff9da
core   0: 0x80007f2e (0x03baaab3) mulhsu  s5, s5, s11
core   0: 3 0x80007f2e (0x03baaab3) x21 0xfffffc92
core   0: 0x80007f32 (0x4062d9b3) sra     s3, t0, t1
core   0: 3 0x80007f32 (0x4062d9b3) x19 0x00000001
core   0: 0x80007f36 (0x41d12917) auipc   s2, 0x41d12
core   0: 3 0x80007f36 (0x41d12917) x18 0xc1d19f36
core   0: 0x80007f3a (0x00008c95) c.sub   s1, a3
core   0: 3 0x80007f3a (0x8c95) x9  0x7ffda1d1
core   0: 0x80007f3c (0x00e38b33) add     s6, t2, a4
core   0: 3 0x80007f3c (0x00e38b33) x22 0x00000001
core   0: 0x80007f40 (0x00b63333) sltu    t1, a2, a1
core   0: 3 0x80007f40 (0x00b63333) x6  0x00000001
core   0: 0x80007f44 (0x000018dd) c.addi  a7, -9
core   0: 3 0x80007f44 (0x18dd) x17 0x00000001
core   0: 0x80007f46 (0x01255cb3) srl     s9, a0, s2
core   0: 3 0x80007f46 (0x01255cb3) x25 0x000003ff
core   0: 0x80007f4a (0x00005159) c.li    sp, -10
core   0: 3 0x80007f4a (0x5159) x2  0xfffffff6
core   0: 0x80007f4c (0x0114dc93) srli    s9, s1, 17
core   0: 3 0x80007f4c (0x0114dc93) x25 0x00003ffe
core   0: 0x80007f50 (0x00004389) c.li    t2, 2
core   0: 3 0x80007f50 (0x4389) x7  0x00000002
core   0: 0x80007f52 (0x021e4e33) div     t3, t3, ra
core   0: 3 0x80007f52 (0x021e4e33) x28 0x00000000
core   0: 0x80007f56 (0x0000011d) c.addi  sp, 7
core   0: 3 0x80007f56 (0x011d) x2  0xfffffffd
core   0: 0x80007f58 (0x419a57b3) sra     a5, s4, s9
core   0: 3 0x80007f58 (0x419a57b3) x15 0x00000000
core   0: 0x80007f5c (0xfe714be3) blt     sp, t2, pc - 10
core   0: 3 0x80007f5c (0xfe714be3)
core   0: 0x80007f52 (0x021e4e33) div     t3, t3, ra
core   0: 3 0x80007f52 (0x021e4e33) x28 0x00000000
core   0: 0x80007f56 (0x0000011d) c.addi  sp, 7
core   0: 3 0x80007f56 (0x011d) x2  0x00000004
core   0: 0x80007f58 (0x419a57b3) sra     a5, s4, s9
core   0: 3 0x80007f58 (0x419a57b3) x15 0x00000000
core   0: 0x80007f5c (0xfe714be3) blt     sp, t2, pc - 10
core   0: 3 0x80007f5c (0xfe714be3)
core   0: 0x80007f60 (0x00008cc1) c.or    s1, s0
core   0: 3 0x80007f60 (0x8cc1) x9  0xffffbdf5
core   0: 0x80007f62 (0x1a86c493) xori    s1, a3, 424
core   0: 3 0x80007f62 (0x1a86c493) x9  0x80025f98
core   0: 0x80007f66 (0x0080a5b3) slt     a1, ra, s0
core   0: 3 0x80007f66 (0x0080a5b3) x11 0x00000000
core   0: 0x80007f6a (0x00008cc1) c.or    s1, s0
core   0: 3 0x80007f6a (0x8cc1) x9  0x8002dffc
core   0: 0x80007f6c (0x00008f51) c.or    a4, a2
core   0: 3 0x80007f6c (0x8f51) x14 0x0000000b
core   0: 0x80007f6e (0x030d1d33) mulh    s10, s10, a6
core   0: 3 0x80007f6e (0x030d1d33) x26 0x00000000
core   0: 0x80007f72 (0xec2be593) ori     a1, s7, -318
core   0: 3 0x80007f72 (0xec2be593) x11 0xfffffeca
core   0: 0x80007f76 (0x27544813) xori    a6, s0, 629
core   0: 3 0x80007f76 (0x27544813) x16 0x80029e91
core   0: 0x80007f7a (0xfac8fae3) bgeu    a7, a2, pc - 76
core   0: 3 0x80007f7a (0xfac8fae3)
core   0: 0x80007f7e (0x028b1733) mulh    a4, s6, s0
core   0: 3 0x80007f7e (0x028b1733) x14 0xffffffff
core   0: 0x80007f82 (0x00277663) bgeu    a4, sp, pc + 12
core   0: 3 0x80007f82 (0x00277663)
core   0: 0x80007f8e (0x7ecfc793) xori    a5, t6, 2028
core   0: 3 0x80007f8e (0x7ecfc793) x15 0x000007ec
core   0: 0x80007f92 (0x0129c133) xor     sp, s3, s2
core   0: 3 0x80007f92 (0x0129c133) x2  0xc1d19f37
core   0: 0x80007f96 (0x00008335) c.srli  a4, 13
core   0: 3 0x80007f96 (0x8335) x14 0x0007ffff
core   0: 0x80007f98 (0x01c61113) slli    sp, a2, 28
core   0: 3 0x80007f98 (0x01c61113) x2  0xa0000000
core   0: 0x80007f9c (0x01b125b3) slt     a1, sp, s11
core   0: 3 0x80007f9c (0x01b125b3) x11 0x00000001
core   0: 0x80007fa0 (0x00008646) c.mv    a2, a7
core   0: 3 0x80007fa0 (0x8646) x12 0x00000001
core   0: 0x80007fa2 (0xcb49e013) ori     zero, s3, -844
core   0: 3 0x80007fa2 (0xcb49e013)
core   0: 0x80007fa6 (0xbb1d6d93) ori     s11, s10, -1103
core   0: 3 0x80007fa6 (0xbb1d6d93) x27 0xfffffbb1
core   0: 0x80007faa (0x019d2e33) slt     t3, s10, s9
core   0: 3 0x80007faa (0x019d2e33) x28 0x00000001
core   0: 0x80007fae (0x01e8bfb3) sltu    t6, a7, t5
core   0: 3 0x80007fae (0x01e8bfb3) x31 0x00000000
core   0: 0x80007fb2 (0x038a03b3) mul     t2, s4, s8
core   0: 3 0x80007fb2 (0x038a03b3) x7  0xe79bf000
core   0: 0x80007fb6 (0x00008ba9) c.andi  a5, 10
core   0: 3 0x80007fb6 (0x8ba9) x15 0x00000008
core   0: 0x80007fb8 (0x00005afd) c.li    s5, -1
core   0: 3 0x80007fb8 (0x5afd) x21 0xffffffff
core   0: 0x80007fba (0x02e24b63) blt     tp, a4, pc + 54
core   0: 3 0x80007fba (0x02e24b63)
core   0: 0x80007ff0 (0x00c8ec63) bltu    a7, a2, pc + 24
core   0: 3 0x80007ff0 (0x00c8ec63)
core   0: 0x80007ff4 (0x00008e39) c.xor   a2, a4
core   0: 3 0x80007ff4 (0x8e39) x12 0x0007fffe
core   0: 0x80007ff6 (0x0017feb3) and     t4, a5, ra
core   0: 3 0x80007ff6 (0x0017feb3) x29 0x00000000
core   0: 0x80007ffa (0x0000c71d) c.beqz  a4, pc + 46
core   0: 3 0x80007ffa (0xc71d)
core   0: 0x80007ffc (0x03509263) bne     ra, s5, pc + 36
core   0: 3 0x80007ffc (0x03509263)
core   0: 0x80008020 (0x00000001) c.nop
core   0: 3 0x80008020 (0x0001)
core   0: 0x80008022 (0x00000001) c.nop
core   0: 3 0x80008022 (0x0001)
core   0: 0x80008024 (0x032c6a63) bltu    s8, s2, pc + 52
core   0: 3 0x80008024 (0x032c6a63)
core   0: 0x80008028 (0x40b05813) srai    a6, zero, 11
core   0: 3 0x80008028 (0x40b05813) x16 0x00000000
core   0: 0x8000802c (0x00004ad9) c.li    s5, 22
core   0: 3 0x8000802c (0x4ad9) x21 0x00000016
core   0: 0x8000802e (0x4185da93) srai    s5, a1, 24
core   0: 3 0x8000802e (0x4185da93) x21 0x00000000
core   0: 0x80008032 (0x02939863) bne     t2, s1, pc + 48
core   0: 3 0x80008032 (0x02939863)
core   0: 0x80008062 (0x00008e31) c.xor   a2, a2
core   0: 3 0x80008062 (0x8e31) x12 0x00000000
core   0: 0x80008064 (0x022a7563) bgeu    s4, sp, pc + 42
core   0: 3 0x80008064 (0x022a7563)
core   0: 0x80008068 (0x01a88233) add     tp, a7, s10
core   0: 3 0x80008068 (0x01a88233) x4  0x00000001
core   0: 0x8000806c (0x014b1a33) sll     s4, s6, s4
core   0: 3 0x8000806c (0x014b1a33) x20 0x00000001
core   0: 0x80008070 (0x00009f6a) c.add   t5, s10
core   0: 3 0x80008070 (0x9f6a) x30 0x00000000
core   0: 0x80008072 (0xeb197d93) andi    s11, s2, -335
core   0: 3 0x80008072 (0xeb197d93) x27 0xc1d19e30
core   0: 0x80008076 (0x019f9c93) slli    s9, t6, 25
core   0: 3 0x80008076 (0x019f9c93) x25 0x00000000
core   0: 0x8000807a (0x01de6933) or      s2, t3, t4
core   0: 3 0x8000807a (0x01de6933) x18 0x00000001
core   0: 0x8000807e (0x00008755) c.srai  a4, 21
core   0: 3 0x8000807e (0x8755) x14 0x00000000
core   0: 0x80008080 (0x00000001) c.nop
core   0: 3 0x80008080 (0x0001)
core   0: 0x80008082 (0x00000001) c.nop
core   0: 3 0x80008082 (0x0001)
core   0: 0x80008084 (0x0000920e) c.add   tp, gp
core   0: 3 0x80008084 (0x920e) x4  0xfffffa74
core   0: 0x80008086 (0x0062b833) sltu    a6, t0, t1
core   0: 3 0x80008086 (0x0062b833) x16 0x00000000
core   0: 0x8000808a (0x031d5833) divu    a6, s10, a7
core   0: 3 0x8000808a (0x031d5833) x16 0x00000000
core   0: 0x8000808e (0x0025d893) srli    a7, a1, 2
core   0: 3 0x8000808e (0x0025d893) x17 0x00000000
core   0: 0x80008092 (0x0000717d) c.addi16sp sp, -16
core   0: 3 0x80008092 (0x717d) x2  0x9ffffff0
core   0: 0x80008094 (0x4b813313) sltiu   t1, sp, 1208
core   0: 3 0x80008094 (0x4b813313) x6  0x00000000
core   0: 0x80008098 (0x00008e51) c.or    a2, a2
core   0: 3 0x80008098 (0x8e51) x12 0x00000000
core   0: 0x8000809a (0x0000ce09) c.beqz  a2, pc + 26
core   0: 3 0x8000809a (0xce09)
core   0: 0x800080b4 (0x0000e221) c.bnez  a2, pc + 64
core   0: 3 0x800080b4 (0xe221)
core   0: 0x800080b6 (0xb9cf7f13) andi    t5, t5, -1124
core   0: 3 0x800080b6 (0xb9cf7f13) x30 0x00000000
core   0: 0x800080ba (0x0000e311) c.bnez  a4, pc + 4
core   0: 3 0x800080ba (0xe311)
core   0: 0x800080bc (0x00008105) c.srli  a0, 1
core   0: 3 0x800080bc (0x8105) x10 0x7fffffff
core   0: 0x800080be (0x0000822d) c.srli  a2, 11
core   0: 3 0x800080be (0x822d) x12 0x00000000
core   0: 0x800080c0 (0x0113ea33) or      s4, t2, a7
core   0: 3 0x800080c0 (0x0113ea33) x20 0xe79bf000
core   0: 0x800080c4 (0x9ec87493) andi    s1, a6, -1556
core   0: 3 0x800080c4 (0x9ec87493) x9  0x00000000
core   0: 0x800080c8 (0xab770f93) addi    t6, a4, -1353
core   0: 3 0x800080c8 (0xab770f93) x31 0xfffffab7
core   0: 0x800080cc (0x408a5813) srai    a6, s4, 8
core   0: 3 0x800080cc (0x408a5813) x16 0xffe79bf0
core   0: 0x800080d0 (0x00008fa9) c.xor   a5, a0
core   0: 3 0x800080d0 (0x8fa9) x15 0x7ffffff7
core   0: 0x800080d2 (0x0384db63) bge     s1, s8, pc + 54
core   0: 3 0x800080d2 (0x0384db63)
core   0: 0x80008108 (0x0000118c) c.addi4spn a1, sp, 224
core   0: 3 0x80008108 (0x118c) x11 0xa00000d0
core   0: 0x8000810a (0x00000a79) c.addi  s4, 30
core   0: 3 0x8000810a (0x0a79) x20 0xe79bf01e
core   0: 0x8000810c (0x00004d4d) c.li    s10, 19
core   0: 3 0x8000810c (0x4d4d) x26 0x00000013
core   0: 0x8000810e (0x0000717d) c.addi16sp sp, -16
core   0: 3 0x8000810e (0x717d) x2  0x9fffffe0
core   0: 0x80008110 (0x000090f2) c.add   ra, t3
core   0: 3 0x80008110 (0x90f2) x1  0x00000011
core   0: 0x80008112 (0x00008d61) c.and   a0, s0
core   0: 3 0x80008112 (0x8d61) x10 0x00029ce4
core   0: 0x80008114 (0x0239d963) bge     s3, gp, pc + 50
core   0: 3 0x80008114 (0x0239d963)
core   0: 0x80008146 (0x02d6e533) rem     a0, a3, a3
core   0: 3 0x80008146 (0x02d6e533) x10 0x00000000
core   0: 0x8000814a (0x00008d2d) c.xor   a0, a1
core   0: 3 0x8000814a (0x8d2d) x10 0xa00000d0
core   0: 0x8000814c (0x037b8533) mul     a0, s7, s7
core   0: 3 0x8000814c (0x037b8533) x10 0x00000040
core   0: 0x80008150 (0x03fafa63) bgeu    s5, t6, pc + 52
core   0: 3 0x80008150 (0x03fafa63)
core   0: 0x80008154 (0x35a43313) sltiu   t1, s0, 858
core   0: 3 0x80008154 (0x35a43313) x6  0x00000000
core   0: 0x80008158 (0x04286063) bltu    a6, sp, pc + 64
core   0: 3 0x80008158 (0x04286063)
core   0: 0x8000815c (0x02014533) div     a0, sp, zero
core   0: 3 0x8000815c (0x02014533) x10 0xffffffff
core   0: 0x80008160 (0x051c8163) beq     s9, a7, pc + 66
core   0: 3 0x80008160 (0x051c8163)
core   0: 0x800081a2 (0x0000010d) c.addi  sp, 3
core   0: 3 0x800081a2 (0x010d) x2  0x9fffffe3
core   0: 0x800081a4 (0x024442b3) div     t0, s0, tp
core   0: 3 0x800081a4 (0x024442b3) x5  0x001712ff
core   0: 0x800081a8 (0x02551db3) mulh    s11, a0, t0
core   0: 3 0x800081a8 (0x02551db3) x27 0xffffffff
core   0: 0x800081ac (0x00d54e63) blt     a0, a3, pc + 28
core   0: 3 0x800081ac (0x00d54e63)
core   0: 0x800081b0 (0x0236f763) bgeu    a3, gp, pc + 46
core   0: 3 0x800081b0 (0x0236f763)
core   0: 0x800081b4 (0x03b57bb3) remu    s7, a0, s11
core   0: 3 0x800081b4 (0x03b57bb3) x23 0x00000000
core   0: 0x800081b8 (0x00186663) bltu    a6, ra, pc + 12
core   0: 3 0x800081b8 (0x00186663)
core   0: 0x800081bc (0x00c8e1b3) or      gp, a7, a2
core   0: 3 0x800081bc (0x00c8e1b3) x3  0x00000000
core   0: 0x800081c0 (0xad723037) lui     zero, 0xad723
core   0: 3 0x800081c0 (0xad723037)
core   0: 0x800081c4 (0x049f6063) bltu    t5, s1, pc + 64
core   0: 3 0x800081c4 (0x049f6063)
core   0: 0x800081c8 (0x01581893) slli    a7, a6, 21
core   0: 3 0x800081c8 (0x01581893) x17 0x7e000000
core   0: 0x800081cc (0x019d2633) slt     a2, s10, s9
core   0: 3 0x800081cc (0x019d2633) x12 0x00000000
core   0: 0x800081d0 (0x00000e1d) c.addi  t3, 7
core   0: 3 0x800081d0 (0x0e1d) x28 0x00000008
core   0: 0x800081d2 (0x0000e705) c.bnez  a4, pc + 40
core   0: 3 0x800081d2 (0xe705)
core   0: 0x800081d4 (0x00008e69) c.and   a2, a0
core   0: 3 0x800081d4 (0x8e69) x12 0x00000000
core   0: 0x800081d6 (0x7aaa1d37) lui     s10, 0x7aaa1
core   0: 3 0x800081d6 (0x7aaa1d37) x26 0x7aaa1000
core   0: 0x800081da (0x00008751) c.srai  a4, 20
core   0: 3 0x800081da (0x8751) x14 0x00000000
core   0: 0x800081dc (0x00001efd) c.addi  t4, -1
core   0: 3 0x800081dc (0x1efd) x29 0xffffffff
core   0: 0x800081de (0x03ee18b3) mulh    a7, t3, t5
core   0: 3 0x800081de (0x03ee18b3) x17 0x00000000
core   0: 0x800081e2 (0x04ad5063) bge     s10, a0, pc + 64
core   0: 3 0x800081e2 (0x04ad5063)
core   0: 0x80008222 (0x0061a533) slt     a0, gp, t1
core   0: 3 0x80008222 (0x0061a533) x10 0x00000000
core   0: 0x80008226 (0x0384b8b3) mulhu   a7, s1, s8
core   0: 3 0x80008226 (0x0384b8b3) x17 0x00000000
core   0: 0x8000822a (0x00380663) beq     a6, gp, pc + 12
core   0: 3 0x8000822a (0x00380663)
core   0: 0x8000822e (0xae510513) addi    a0, sp, -1307
core   0: 3 0x8000822e (0xae510513) x10 0x9ffffac8
core   0: 0x80008232 (0x00cd9a13) slli    s4, s11, 12
core   0: 3 0x80008232 (0x00cd9a13) x20 0xfffff000
core   0: 0x80008236 (0x0000e615) c.bnez  a2, pc + 44
core   0: 3 0x80008236 (0xe615)
core   0: 0x80008238 (0x0153e933) or      s2, t2, s5
core   0: 3 0x80008238 (0x0153e933) x18 0xe79bf000
core   0: 0x8000823c (0x018b6db3) or      s11, s6, s8
core   0: 3 0x8000823c (0x018b6db3) x27 0xfba32397
core   0: 0x80008240 (0x00466eb3) or      t4, a2, tp
core   0: 3 0x80008240 (0x00466eb3) x29 0xfffffa74
core   0: 0x80008244 (0x40195c93) srai    s9, s2, 1
core   0: 3 0x80008244 (0x40195c93) x25 0xf3cdf800
core   0: 0x80008248 (0x00f82a33) slt     s4, a6, a5
core   0: 3 0x80008248 (0x00f82a33) x20 0x00000001
core   0: 0x8000824c (0x02b49b33) mulh    s6, s1, a1
core   0: 3 0x8000824c (0x02b49b33) x22 0x00000000
core   0: 0x80008250 (0x03ff27b3) mulhsu  a5, t5, t6
core   0: 3 0x80008250 (0x03ff27b3) x15 0x00000000
core   0: 0x80008254 (0x00008cc9) c.or    s1, a0
core   0: 3 0x80008254 (0x8cc9) x9  0x9ffffac8
core   0: 0x80008256 (0x00006e85) c.lui   t4, 0x1
core   0: 3 0x80008256 (0x6e85) x29 0x00001000
core   0: 0x80008258 (0x01fc9233) sll     tp, s9, t6
core   0: 3 0x80008258 (0x01fc9233) x4  0x00000000
core   0: 0x8000825c (0x1f884017) auipc   zero, 0x1f884
core   0: 3 0x8000825c (0x1f884017)
core   0: 0x80008260 (0x00000001) c.nop
core   0: 3 0x80008260 (0x0001)
core   0: 0x80008262 (0x00797463) bgeu    s2, t2, pc + 8
core   0: 3 0x80008262 (0x00797463)
core   0: 0x8000826a (0x001d6533) or      a0, s10, ra
core   0: 3 0x8000826a (0x001d6533) x10 0x7aaa1011
core   0: 0x8000826e (0x03b1d2b3) divu    t0, gp, s11
core   0: 3 0x8000826e (0x03b1d2b3) x5  0x00000000
core   0: 0x80008272 (0x03991763) bne     s2, s9, pc + 46
core   0: 3 0x80008272 (0x03991763)
core   0: 0x800082a0 (0x00000001) c.nop
core   0: 3 0x800082a0 (0x0001)
core   0: 0x800082a2 (0x0008a933) slt     s2, a7, zero
core   0: 3 0x800082a2 (0x0008a933) x18 0x00000000
core   0: 0x800082a6 (0x000008e5) c.addi  a7, 25
core   0: 3 0x800082a6 (0x08e5) x17 0x00000019
core   0: 0x800082a8 (0x0119cd63) blt     s3, a7, pc + 26
core   0: 3 0x800082a8 (0x0119cd63)
core   0: 0x800082c2 (0x0000e0b1) c.bnez  s1, pc + 68
core   0: 3 0x800082c2 (0xe0b1)
core   0: 0x80008306 (0x03f99233) mulh    tp, s3, t6
core   0: 3 0x80008306 (0x03f99233) x4  0xffffffff
core   0: 0x8000830a (0x007c99b3) sll     s3, s9, t2
core   0: 3 0x8000830a (0x007c99b3) x19 0xf3cdf800
core   0: 0x8000830e (0x00000001) c.nop
core   0: 3 0x8000830e (0x0001)
core   0: 0x80008310 (0x02cea4b3) mulhsu  s1, t4, a2
core   0: 3 0x80008310 (0x02cea4b3) x9  0x00000000
core   0: 0x80008314 (0xf69a0f13) addi    t5, s4, -151
core   0: 3 0x80008314 (0xf69a0f13) x30 0xffffff6a
core   0: 0x80008318 (0x01ca3e33) sltu    t3, s4, t3
core   0: 3 0x80008318 (0x01ca3e33) x28 0x00000001
core   0: 0x8000831c (0x9e4a9a17) auipc   s4, 0x9e4a9
core   0: 3 0x8000831c (0x9e4a9a17) x20 0x1e4b131c
core   0: 0x80008320 (0x0000e90d) c.bnez  a0, pc + 50
core   0: 3 0x80008320 (0xe90d)
core   0: 0x80008352 (0x036e1e63) bne     t3, s6, pc + 60
core   0: 3 0x80008352 (0x036e1e63)
core   0: 0x8000838e (0x00f59f63) bne     a1, a5, pc + 30
core   0: 3 0x8000838e (0x00f59f63)
core   0: 0x800083ac (0x02cfdfb3) divu    t6, t6, a2
core   0: 3 0x800083ac (0x02cfdfb3) x31 0xffffffff
core   0: 0x800083b0 (0x0000197d) c.addi  s2, -1
core   0: 3 0x800083b0 (0x197d) x18 0xffffffff
core   0: 0x800083b2 (0x41558233) sub     tp, a1, s5
core   0: 3 0x800083b2 (0x41558233) x4  0xa00000d0
core   0: 0x800083b6 (0x00000b0c) c.addi4spn a1, sp, 400
core   0: 3 0x800083b6 (0x0b0c) x11 0xa0000173
core   0: 0x800083b8 (0x031e1eb3) mulh    t4, t3, a7
core   0: 3 0x800083b8 (0x031e1eb3) x29 0x00000000
core   0: 0x800083bc (0x415380b3) sub     ra, t2, s5
core   0: 3 0x800083bc (0x415380b3) x1  0xe79bf000
core   0: 0x800083c0 (0x00000001) c.nop
core   0: 3 0x800083c0 (0x0001)
core   0: 0x800083c2 (0x006a7763) bgeu    s4, t1, pc + 14
core   0: 3 0x800083c2 (0x006a7763)
core   0: 0x800083d0 (0x0204e233) rem     tp, s1, zero
core   0: 3 0x800083d0 (0x0204e233) x4  0x00000000
core   0: 0x800083d4 (0x032e0963) beq     t3, s2, pc + 50
core   0: 3 0x800083d4 (0x032e0963)
core   0: 0x800083d8 (0x21b7eb37) lui     s6, 0x21b7e
core   0: 3 0x800083d8 (0x21b7eb37) x22 0x21b7e000
core   0: 0x800083dc (0x00c57963) bgeu    a0, a2, pc + 18
core   0: 3 0x800083dc (0x00c57963)
core   0: 0x800083ee (0x00008e75) c.and   a2, a3
core   0: 3 0x800083ee (0x8e75) x12 0x00000000
core   0: 0x800083f0 (0x02f902b3) mul     t0, s2, a5
core   0: 3 0x800083f0 (0x02f902b3) x5  0x00000000
core   0: 0x800083f4 (0x03c139b3) mulhu   s3, sp, t3
core   0: 3 0x800083f4 (0x03c139b3) x19 0x00000000
core   0: 0x800083f8 (0x622f4293) xori    t0, t5, 1570
core   0: 3 0x800083f8 (0x622f4293) x5  0xfffff948
core   0: 0x800083fc (0x000097c6) c.add   a5, a7
core   0: 3 0x800083fc (0x97c6) x15 0x00000019
core   0: 0x800083fe (0x45b0ab93) slti    s7, ra, 1115
core   0: 3 0x800083fe (0x45b0ab93) x23 0x00000001
core   0: 0x80008402 (0x03c1e133) rem     sp, gp, t3
core   0: 3 0x80008402 (0x03c1e133) x2  0x00000000
core   0: 0x80008406 (0x00008cb1) c.xor   s1, a2
core   0: 3 0x80008406 (0x8cb1) x9  0x00000000
core   0: 0x80008408 (0x00008e7d) c.and   a2, a5
core   0: 3 0x80008408 (0x8e7d) x12 0x00000000
core   0: 0x8000840a (0x0d7bc313) xori    t1, s7, 215
core   0: 3 0x8000840a (0x0d7bc313) x6  0x000000d6
core   0: 0x8000840e (0x00000001) c.nop
core   0: 3 0x8000840e (0x0001)
core   0: 0x80008410 (0x00000001) c.nop
core   0: 3 0x80008410 (0x0001)
core   0: 0x80008412 (0x0000c70d) c.beqz  a4, pc + 42
core   0: 3 0x80008412 (0xc70d)
core   0: 0x8000843c (0x00001104) c.addi4spn s1, sp, 160
core   0: 3 0x8000843c (0x1104) x9  0x000000a0
core   0: 0x8000843e (0x02282833) mulhsu  a6, a6, sp
core   0: 3 0x8000843e (0x02282833) x16 0x00000000
core   0: 0x80008442 (0x023da5b3) mulhsu  a1, s11, gp
core   0: 3 0x80008442 (0x023da5b3) x11 0x00000000
core   0: 0x80008446 (0x41398ab3) sub     s5, s3, s3
core   0: 3 0x80008446 (0x41398ab3) x21 0x00000000
core   0: 0x8000844a (0x01331793) slli    a5, t1, 19
core   0: 3 0x8000844a (0x01331793) x15 0x06b00000
core   0: 0x8000844e (0xe03bbc97) auipc   s9, 0xe03bb
core   0: 3 0x8000844e (0xe03bbc97) x25 0x603c344e
core   0: 0x80008452 (0x0000027a) c.slli  tp, 30
core   0: 3 0x80008452 (0x027a) x4  0x00000000
core   0: 0x80008454 (0x41c55d33) sra     s10, a0, t3
core   0: 3 0x80008454 (0x41c55d33) x26 0x3d550808
core   0: 0x80008458 (0x04710363) beq     sp, t2, pc + 70
core   0: 3 0x80008458 (0x04710363)
core   0: 0x8000845c (0x0194af33) slt     t5, s1, s9
core   0: 3 0x8000845c (0x0194af33) x30 0x00000001
core   0: 0x80008460 (0x09a15d97) auipc   s11, 0x9a15
core   0: 3 0x80008460 (0x09a15d97) x27 0x89a1d460
core   0: 0x80008464 (0x032c5263) bge     s8, s2, pc + 36
core   0: 3 0x80008464 (0x032c5263)
core   0: 0x80008468 (0x01c15d33) srl     s10, sp, t3
core   0: 3 0x80008468 (0x01c15d33) x26 0x00000000
core   0: 0x8000846c (0x000081ca) c.mv    gp, s2
core   0: 3 0x8000846c (0x81ca) x3  0xffffffff
core   0: 0x8000846e (0x984dfb13) andi    s6, s11, -1660
core   0: 3 0x8000846e (0x984dfb13) x22 0x89a1d000
core   0: 0x80008472 (0x01318533) add     a0, gp, s3
core   0: 3 0x80008472 (0x01318533) x10 0xffffffff
core   0: 0x80008476 (0x004b3ab3) sltu    s5, s6, tp
core   0: 3 0x80008476 (0x004b3ab3) x21 0x00000000
core   0: 0x8000847a (0x00008d36) c.mv    s10, a3
core   0: 3 0x8000847a (0x8d36) x26 0x80025e30
core   0: 0x8000847c (0x029689b3) mul     s3, a3, s1
core   0: 3 0x8000847c (0x029689b3) x19 0x017ade00
core   0: 0x80008480 (0x01b21793) slli    a5, tp, 27
core   0: 3 0x80008480 (0x01b21793) x15 0x00000000
core   0: 0x80008484 (0xe19e4513) xori    a0, t3, -487
core   0: 3 0x80008484 (0xe19e4513) x10 0xfffffe18
core   0: 0x80008488 (0xf510fe13) andi    t3, ra, -175
core   0: 3 0x80008488 (0xf510fe13) x28 0xe79bf000
core   0: 0x8000848c (0x000015fd) c.addi  a1, -1
core   0: 3 0x8000848c (0x15fd) x11 0xffffffff
core   0: 0x8000848e (0x0049fc63) bgeu    s3, tp, pc + 24
core   0: 3 0x8000848e (0x0049fc63)
core   0: 0x800084a6 (0x00bc87b3) add     a5, s9, a1
core   0: 3 0x800084a6 (0x00bc87b3) x15 0x603c344d
core   0: 0x800084aa (0x000081e5) c.srli  a1, 25
core   0: 3 0x800084aa (0x81e5) x11 0x0000007f
core   0: 0x800084ac (0x034ec833) div     a6, t4, s4
core   0: 3 0x800084ac (0x034ec833) x16 0x00000000
core   0: 0x800084b0 (0x41a86013) ori     zero, a6, 1050
core   0: 3 0x800084b0 (0x41a86013)
core   0: 0x800084b4 (0x02ff9333) mulh    t1, t6, a5
core   0: 3 0x800084b4 (0x02ff9333) x6  0xffffffff
core   0: 0x800084b8 (0x0da84293) xori    t0, a6, 218
core   0: 3 0x800084b8 (0x0da84293) x5  0x000000da
core   0: 0x800084bc (0x16020f93) addi    t6, tp, 352
core   0: 3 0x800084bc (0x16020f93) x31 0x00000160
core   0: 0x800084c0 (0x024d1db3) mulh    s11, s10, tp
core   0: 3 0x800084c0 (0x024d1db3) x27 0x00000000
core   0: 0x800084c4 (0x000081d2) c.mv    gp, s4
core   0: 3 0x800084c4 (0x81d2) x3  0x1e4b131c
core   0: 0x800084c6 (0x00057eb3) and     t4, a0, zero
core   0: 3 0x800084c6 (0x00057eb3) x29 0x00000000
core   0: 0x800084ca (0x0000c715) c.beqz  a4, pc + 44
core   0: 3 0x800084ca (0xc715)
core   0: 0x800084f6 (0x03be52b3) divu    t0, t3, s11
core   0: 3 0x800084f6 (0x03be52b3) x5  0xffffffff
core   0: 0x800084fa (0x4187d133) sra     sp, a5, s8
core   0: 3 0x800084fa (0x4187d133) x2  0x000000c0
core   0: 0x800084fe (0x00005d7d) c.li    s10, -1
core   0: 3 0x800084fe (0x5d7d) x26 0xffffffff
core   0: 0x80008500 (0x02336d33) rem     s10, t1, gp
core   0: 3 0x80008500 (0x02336d33) x26 0xffffffff
core   0: 0x80008504 (0x065ffa63) bgeu    t6, t0, pc + 116
core   0: 3 0x80008504 (0x065ffa63)
core   0: 0x80008508 (0x000057d9) c.li    a5, -10
core   0: 3 0x80008508 (0x57d9) x15 0xfffffff6
core   0: 0x8000850a (0x00008ce9) c.and   s1, a0
core   0: 3 0x8000850a (0x8ce9) x9  0x00000000
core   0: 0x8000850c (0x00005b55) c.li    s6, -11
core   0: 3 0x8000850c (0x5b55) x22 0xfffffff5
core   0: 0x8000850e (0xb48f4893) xori    a7, t5, -1208
core   0: 3 0x8000850e (0xb48f4893) x17 0xfffffb49
core   0: 0x80008512 (0x02fb19b3) mulh    s3, s6, a5
core   0: 3 0x80008512 (0x02fb19b3) x19 0x00000000
core   0: 0x80008516 (0x073ee393) ori     t2, t4, 115
core   0: 3 0x80008516 (0x073ee393) x7  0x00000073
core   0: 0x8000851a (0x000017e5) c.addi  a5, -7
core   0: 3 0x8000851a (0x17e5) x15 0xffffffef
core   0: 0x8000851c (0x027e81b3) mul     gp, t4, t2
core   0: 3 0x8000851c (0x027e81b3) x3  0x00000000
core   0: 0x80008520 (0x00008e55) c.or    a2, a3
core   0: 3 0x80008520 (0x8e55) x12 0x80025e30
core   0: 0x80008522 (0x000042a1) c.li    t0, 8
core   0: 3 0x80008522 (0x42a1) x5  0x00000008
core   0: 0x80008524 (0x00005d31) c.li    s10, -20
core   0: 3 0x80008524 (0x5d31) x26 0xffffffec
core   0: 0x80008526 (0x00008d39) c.xor   a0, a4
core   0: 3 0x80008526 (0x8d39) x10 0xfffffe18
core   0: 0x80008528 (0x03551a33) mulh    s4, a0, s5
core   0: 3 0x80008528 (0x03551a33) x20 0x00000000
core   0: 0x8000852c (0x037f30b3) mulhu   ra, t5, s7
core   0: 3 0x8000852c (0x037f30b3) x1  0x00000000
core   0: 0x80008530 (0x000012e9) c.addi  t0, -6
core   0: 3 0x80008530 (0x12e9) x5  0x00000002
core   0: 0x80008532 (0xffa2dbe3) bge     t0, s10, pc - 10
core   0: 3 0x80008532 (0xffa2dbe3)
core   0: 0x80008528 (0x03551a33) mulh    s4, a0, s5
core   0: 3 0x80008528 (0x03551a33) x20 0x00000000
core   0: 0x8000852c (0x037f30b3) mulhu   ra, t5, s7
core   0: 3 0x8000852c (0x037f30b3) x1  0x00000000
core   0: 0x80008530 (0x000012e9) c.addi  t0, -6
core   0: 3 0x80008530 (0x12e9) x5  0xfffffffc
core   0: 0x80008532 (0xffa2dbe3) bge     t0, s10, pc - 10
core   0: 3 0x80008532 (0xffa2dbe3)
core   0: 0x80008528 (0x03551a33) mulh    s4, a0, s5
core   0: 3 0x80008528 (0x03551a33) x20 0x00000000
core   0: 0x8000852c (0x037f30b3) mulhu   ra, t5, s7
core   0: 3 0x8000852c (0x037f30b3) x1  0x00000000
core   0: 0x80008530 (0x000012e9) c.addi  t0, -6
core   0: 3 0x80008530 (0x12e9) x5  0xfffffff6
core   0: 0x80008532 (0xffa2dbe3) bge     t0, s10, pc - 10
core   0: 3 0x80008532 (0xffa2dbe3)
core   0: 0x80008528 (0x03551a33) mulh    s4, a0, s5
core   0: 3 0x80008528 (0x03551a33) x20 0x00000000
core   0: 0x8000852c (0x037f30b3) mulhu   ra, t5, s7
core   0: 3 0x8000852c (0x037f30b3) x1  0x00000000
core   0: 0x80008530 (0x000012e9) c.addi  t0, -6
core   0: 3 0x80008530 (0x12e9) x5  0xfffffff0
core   0: 0x80008532 (0xffa2dbe3) bge     t0, s10, pc - 10
core   0: 3 0x80008532 (0xffa2dbe3)
core   0: 0x80008528 (0x03551a33) mulh    s4, a0, s5
core   0: 3 0x80008528 (0x03551a33) x20 0x00000000
core   0: 0x8000852c (0x037f30b3) mulhu   ra, t5, s7
core   0: 3 0x8000852c (0x037f30b3) x1  0x00000000
core   0: 0x80008530 (0x000012e9) c.addi  t0, -6
core   0: 3 0x80008530 (0x12e9) x5  0xffffffea
core   0: 0x80008532 (0xffa2dbe3) bge     t0, s10, pc - 10
core   0: 3 0x80008532 (0xffa2dbe3)
core   0: 0x80008536 (0x03e773b3) remu    t2, a4, t5
core   0: 3 0x80008536 (0x03e773b3) x7  0x00000000
core   0: 0x8000853a (0x00000001) c.nop
core   0: 3 0x8000853a (0x0001)
core   0: 0x8000853c (0x01185e93) srli    t4, a6, 17
core   0: 3 0x8000853c (0x01185e93) x29 0x00000000
core   0: 0x80008540 (0x36360f13) addi    t5, a2, 867
core   0: 3 0x80008540 (0x36360f13) x30 0x80026193
core   0: 0x80008544 (0x03b41133) mulh    sp, s0, s11
core   0: 3 0x80008544 (0x03b41133) x2  0x00000000
core   0: 0x80008548 (0x00009342) c.add   t1, a6
core   0: 3 0x80008548 (0x9342) x6  0xffffffff
core   0: 0x8000854a (0xb33abe37) lui     t3, 0xb33ab
core   0: 3 0x8000854a (0xb33abe37) x28 0xb33ab000
core   0: 0x8000854e (0x00000776) c.slli  a4, 29
core   0: 3 0x8000854e (0x0776) x14 0x00000000
core   0: 0x80008550 (0x03be6db3) rem     s11, t3, s11
core   0: 3 0x80008550 (0x03be6db3) x27 0xb33ab000
core   0: 0x80008554 (0x3e06b493) sltiu   s1, a3, 992
core   0: 3 0x80008554 (0x3e06b493) x9  0x00000000
core   0: 0x80008558 (0xfb67dbe3) bge     a5, s6, pc - 74
core   0: 3 0x80008558 (0xfb67dbe3)
core   0: 0x8000855c (0x4041af13) slti    t5, gp, 1028
core   0: 3 0x8000855c (0x4041af13) x30 0x00000001
core   0: 0x80008560 (0x03439e33) mulh    t3, t2, s4
core   0: 3 0x80008560 (0x03439e33) x28 0x00000000
core   0: 0x80008564 (0x00000001) c.nop
core   0: 3 0x80008564 (0x0001)
core   0: 0x80008566 (0x000052fd) c.li    t0, -1
core   0: 3 0x80008566 (0x52fd) x5  0xffffffff
core   0: 0x80008568 (0x000081e5) c.srli  a1, 25
core   0: 3 0x80008568 (0x81e5) x11 0x00000000
core   0: 0x8000856a (0x5a172d17) auipc   s10, 0x5a172
core   0: 3 0x8000856a (0x5a172d17) x26 0xda17a56a
core   0: 0x8000856e (0x40e3d713) srai    a4, t2, 14
core   0: 3 0x8000856e (0x40e3d713) x14 0x00000000
core   0: 0x80008572 (0x39f4a913) slti    s2, s1, 927
core   0: 3 0x80008572 (0x39f4a913) x18 0x00000001
core   0: 0x80008576 (0x00000c90) c.addi4spn a2, sp, 592
core   0: 3 0x80008576 (0x0c90) x12 0x00000250
core   0: 0x80008578 (0x00008dfd) c.and   a1, a5
core   0: 3 0x80008578 (0x8dfd) x11 0x00000000
core   0: 0x8000857a (0x5e466a93) ori     s5, a2, 1508
core   0: 3 0x8000857a (0x5e466a93) x21 0x000007f4
core   0: 0x8000857e (0x0000997d) c.andi  a0, -1
core   0: 3 0x8000857e (0x997d) x10 0xfffffe18
core   0: 0x80008580 (0x00755493) srli    s1, a0, 7
core   0: 3 0x80008580 (0x00755493) x9  0x01fffffc
core   0: 0x80008584 (0x00008e39) c.xor   a2, a4
core   0: 3 0x80008584 (0x8e39) x12 0x00000250
core   0: 0x80008586 (0x00008e65) c.and   a2, s1
core   0: 3 0x80008586 (0x8e65) x12 0x00000250
core   0: 0x80008588 (0x0048d963) bge     a7, tp, pc + 18
core   0: 3 0x80008588 (0x0048d963)
core   0: 0x8000858c (0x00001110) c.addi4spn a2, sp, 160
core   0: 3 0x8000858c (0x1110) x12 0x000000a0
core   0: 0x8000858e (0x0000c121) c.beqz  a0, pc + 64
core   0: 3 0x8000858e (0xc121)
core   0: 0x80008590 (0x00000001) c.nop
core   0: 3 0x80008590 (0x0001)
core   0: 0x80008592 (0xf4b73bb7) lui     s7, 0xf4b73
core   0: 3 0x80008592 (0xf4b73bb7) x23 0xf4b73000
core   0: 0x80008596 (0x08e88193) addi    gp, a7, 142
core   0: 3 0x80008596 (0x08e88193) x3  0xfffffbd7
core   0: 0x8000859a (0x02801233) mulh    tp, zero, s0
core   0: 3 0x8000859a (0x02801233) x4  0x00000000
core   0: 0x8000859e (0x02b9fab3) remu    s5, s3, a1
core   0: 3 0x8000859e (0x02b9fab3) x21 0x00000000
core   0: 0x800085a2 (0x0168afb3) slt     t6, a7, s6
core   0: 3 0x800085a2 (0x0168afb3) x31 0x00000001
core   0: 0x800085a6 (0x4bdfe513) ori     a0, t6, 1213
core   0: 3 0x800085a6 (0x4bdfe513) x10 0x000004bd
core   0: 0x800085aa (0x00008bed) c.andi  a5, 27
core   0: 3 0x800085aa (0x8bed) x15 0x0000000b
core   0: 0x800085ac (0x00001d8c) c.addi4spn a1, sp, 752
core   0: 3 0x800085ac (0x1d8c) x11 0x000002f0
core   0: 0x800085ae (0x02546eb3) rem     t4, s0, t0
core   0: 3 0x800085ae (0x02546eb3) x29 0x00000000
core   0: 0x800085b2 (0x01b73933) sltu    s2, a4, s11
core   0: 3 0x800085b2 (0x01b73933) x18 0x00000001
core   0: 0x800085b6 (0x002e7263) bgeu    t3, sp, pc + 4
core   0: 3 0x800085b6 (0x002e7263)
core   0: 0x800085ba (0x03428a63) beq     t0, s4, pc + 52
core   0: 3 0x800085ba (0x03428a63)
core   0: 0x800085be (0x0000e891) c.bnez  s1, pc + 20
core   0: 3 0x800085be (0xe891)
core   0: 0x800085d2 (0x02557fb3) remu    t6, a0, t0
core   0: 3 0x800085d2 (0x02557fb3) x31 0x000004bd
core   0: 0x800085d6 (0x01cc28b3) slt     a7, s8, t3
core   0: 3 0x800085d6 (0x01cc28b3) x17 0x00000001
core   0: 0x800085da (0x03d9f593) andi    a1, s3, 61
core   0: 3 0x800085da (0x03d9f593) x11 0x00000000
core   0: 0x800085de (0xcc03cb97) auipc   s7, 0xcc03c
core   0: 3 0x800085de (0xcc03cb97) x23 0x4c0445de
core   0: 0x800085e2 (0x0000ca0d) c.beqz  a2, pc + 50
core   0: 3 0x800085e2 (0xca0d)
core   0: 0x800085e4 (0x01cc7f63) bgeu    s8, t3, pc + 30
core   0: 3 0x800085e4 (0x01cc7f63)
core   0: 0x80008602 (0x019783b3) add     t2, a5, s9
core   0: 3 0x80008602 (0x019783b3) x7  0x603c3459
core   0: 0x80008606 (0xb2556d13) ori     s10, a0, -1243
core   0: 3 0x80008606 (0xb2556d13) x26 0xffffffbd
core   0: 0x8000860a (0x016600b3) add     ra, a2, s6
core   0: 3 0x8000860a (0x016600b3) x1  0x00000095
core   0: 0x8000860e (0x00008395) c.srli  a5, 5
core   0: 3 0x8000860e (0x8395) x15 0x00000000
core   0: 0x80008610 (0xb377b537) lui     a0, 0xb377b
core   0: 3 0x80008610 (0xb377b537) x10 0xb377b000
core   0: 0x80008614 (0x0000eb35) c.bnez  a4, pc + 116
core   0: 3 0x80008614 (0xeb35)
core   0: 0x80008616 (0x01531093) slli    ra, t1, 21
core   0: 3 0x80008616 (0x01531093) x1  0xffe00000
core   0: 0x8000861a (0x01fdd893) srli    a7, s11, 31
core   0: 3 0x8000861a (0x01fdd893) x17 0x00000001
core   0: 0x8000861e (0x0000c481) c.beqz  s1, pc + 8
core   0: 3 0x8000861e (0xc481)
core   0: 0x80008620 (0x03153733) mulhu   a4, a0, a7
core   0: 3 0x80008620 (0x03153733) x14 0x00000000
core   0: 0x80008624 (0x00008d4d) c.or    a0, a1
core   0: 3 0x80008624 (0x8d4d) x10 0xb377b000
core   0: 0x80008626 (0x00000586) c.slli  a1, 1
core   0: 3 0x80008626 (0x0586) x11 0x00000000
core   0: 0x80008628 (0x00005775) c.li    a4, -3
core   0: 3 0x80008628 (0x5775) x14 0xfffffffd
core   0: 0x8000862a (0x0059e5b3) or      a1, s3, t0
core   0: 3 0x8000862a (0x0059e5b3) x11 0xffffffff
core   0: 0x8000862e (0x00000001) c.nop
core   0: 3 0x8000862e (0x0001)
core   0: 0x80008630 (0x1998b393) sltiu   t2, a7, 409
core   0: 3 0x80008630 (0x1998b393) x7  0x00000001
core   0: 0x80008634 (0x0151acb3) slt     s9, gp, s5
core   0: 3 0x80008634 (0x0151acb3) x25 0x00000001
core   0: 0x80008638 (0x00008a6e) c.mv    s4, s11
core   0: 3 0x80008638 (0x8a6e) x20 0xb33ab000
core   0: 0x8000863a (0x0000070d) c.addi  a4, 3
core   0: 3 0x8000863a (0x070d) x14 0x00000000
core   0: 0x8000863c (0x01b9bcb3) sltu    s9, s3, s11
core   0: 3 0x8000863c (0x01b9bcb3) x25 0x00000001
core   0: 0x80008640 (0x00004491) c.li    s1, 4
core   0: 3 0x80008640 (0x4491) x9  0x00000004
core   0: 0x80008642 (0x52fab913) sltiu   s2, s5, 1327
core   0: 3 0x80008642 (0x52fab913) x18 0x00000001
core   0: 0x80008646 (0x0000454d) c.li    a0, 19
core   0: 3 0x80008646 (0x454d) x10 0x00000013
core   0: 0x80008648 (0xdf11eb13) ori     s6, gp, -527
core   0: 3 0x80008648 (0xdf11eb13) x22 0xfffffff7
core   0: 0x8000864c (0x0342ffb3) remu    t6, t0, s4
core   0: 3 0x8000864c (0x0342ffb3) x31 0x4cc54fff
core   0: 0x80008650 (0x0000090c) c.addi4spn a1, sp, 144
core   0: 3 0x80008650 (0x090c) x11 0x00000090
core   0: 0x80008652 (0x005a5a13) srli    s4, s4, 5
core   0: 3 0x80008652 (0x005a5a13) x20 0x0599d580
core   0: 0x80008656 (0x00000495) c.addi  s1, 5
core   0: 3 0x80008656 (0x0495) x9  0x00000009
core   0: 0x80008658 (0x00180f33) add     t5, a6, ra
core   0: 3 0x80008658 (0x00180f33) x30 0xffe00000
core   0: 0x8000865c (0xfea4c8e3) blt     s1, a0, pc - 16
core   0: 3 0x8000865c (0xfea4c8e3)
core   0: 0x8000864c (0x0342ffb3) remu    t6, t0, s4
core   0: 3 0x8000864c (0x0342ffb3) x31 0x03f5787f
core   0: 0x80008650 (0x0000090c) c.addi4spn a1, sp, 144
core   0: 3 0x80008650 (0x090c) x11 0x00000090
core   0: 0x80008652 (0x005a5a13) srli    s4, s4, 5
core   0: 3 0x80008652 (0x005a5a13) x20 0x002cceac
core   0: 0x80008656 (0x00000495) c.addi  s1, 5
core   0: 3 0x80008656 (0x0495) x9  0x0000000e
core   0: 0x80008658 (0x00180f33) add     t5, a6, ra
core   0: 3 0x80008658 (0x00180f33) x30 0xffe00000
core   0: 0x8000865c (0xfea4c8e3) blt     s1, a0, pc - 16
core   0: 3 0x8000865c (0xfea4c8e3)
core   0: 0x8000864c (0x0342ffb3) remu    t6, t0, s4
core   0: 3 0x8000864c (0x0342ffb3) x31 0x001bb5b7
core   0: 0x80008650 (0x0000090c) c.addi4spn a1, sp, 144
core   0: 3 0x80008650 (0x090c) x11 0x00000090
core   0: 0x80008652 (0x005a5a13) srli    s4, s4, 5
core   0: 3 0x80008652 (0x005a5a13) x20 0x00016675
core   0: 0x80008656 (0x00000495) c.addi  s1, 5
core   0: 3 0x80008656 (0x0495) x9  0x00000013
core   0: 0x80008658 (0x00180f33) add     t5, a6, ra
core   0: 3 0x80008658 (0x00180f33) x30 0xffe00000
core   0: 0x8000865c (0xfea4c8e3) blt     s1, a0, pc - 16
core   0: 3 0x8000865c (0xfea4c8e3)
core   0: 0x80008660 (0x0000717d) c.addi16sp sp, -16
core   0: 3 0x80008660 (0x717d) x2  0xfffffff0
core   0: 0x80008662 (0x40a1de33) sra     t3, gp, a0
core   0: 3 0x80008662 (0x40a1de33) x28 0xffffffff
core   0: 0x80008666 (0x0000d779) c.beqz  a4, pc - 50
core   0: 3 0x80008666 (0xd779)
core   0: 0x80008634 (0x0151acb3) slt     s9, gp, s5
core   0: 3 0x80008634 (0x0151acb3) x25 0x00000001
core   0: 0x80008638 (0x00008a6e) c.mv    s4, s11
core   0: 3 0x80008638 (0x8a6e) x20 0xb33ab000
core   0: 0x8000863a (0x0000070d) c.addi  a4, 3
core   0: 3 0x8000863a (0x070d) x14 0x00000003
core   0: 0x8000863c (0x01b9bcb3) sltu    s9, s3, s11
core   0: 3 0x8000863c (0x01b9bcb3) x25 0x00000001
core   0: 0x80008640 (0x00004491) c.li    s1, 4
core   0: 3 0x80008640 (0x4491) x9  0x00000004
core   0: 0x80008642 (0x52fab913) sltiu   s2, s5, 1327
core   0: 3 0x80008642 (0x52fab913) x18 0x00000001
core   0: 0x80008646 (0x0000454d) c.li    a0, 19
core   0: 3 0x80008646 (0x454d) x10 0x00000013
core   0: 0x80008648 (0xdf11eb13) ori     s6, gp, -527
core   0: 3 0x80008648 (0xdf11eb13) x22 0xfffffff7
core   0: 0x8000864c (0x0342ffb3) remu    t6, t0, s4
core   0: 3 0x8000864c (0x0342ffb3) x31 0x4cc54fff
core   0: 0x80008650 (0x0000090c) c.addi4spn a1, sp, 144
core   0: 3 0x80008650 (0x090c) x11 0x00000080
core   0: 0x80008652 (0x005a5a13) srli    s4, s4, 5
core   0: 3 0x80008652 (0x005a5a13) x20 0x0599d580
core   0: 0x80008656 (0x00000495) c.addi  s1, 5
core   0: 3 0x80008656 (0x0495) x9  0x00000009
core   0: 0x80008658 (0x00180f33) add     t5, a6, ra
core   0: 3 0x80008658 (0x00180f33) x30 0xffe00000
core   0: 0x8000865c (0xfea4c8e3) blt     s1, a0, pc - 16
core   0: 3 0x8000865c (0xfea4c8e3)
core   0: 0x8000864c (0x0342ffb3) remu    t6, t0, s4
core   0: 3 0x8000864c (0x0342ffb3) x31 0x03f5787f
core   0: 0x80008650 (0x0000090c) c.addi4spn a1, sp, 144
core   0: 3 0x80008650 (0x090c) x11 0x00000080
core   0: 0x80008652 (0x005a5a13) srli    s4, s4, 5
core   0: 3 0x80008652 (0x005a5a13) x20 0x002cceac
core   0: 0x80008656 (0x00000495) c.addi  s1, 5
core   0: 3 0x80008656 (0x0495) x9  0x0000000e
core   0: 0x80008658 (0x00180f33) add     t5, a6, ra
core   0: 3 0x80008658 (0x00180f33) x30 0xffe00000
core   0: 0x8000865c (0xfea4c8e3) blt     s1, a0, pc - 16
core   0: 3 0x8000865c (0xfea4c8e3)
core   0: 0x8000864c (0x0342ffb3) remu    t6, t0, s4
core   0: 3 0x8000864c (0x0342ffb3) x31 0x001bb5b7
core   0: 0x80008650 (0x0000090c) c.addi4spn a1, sp, 144
core   0: 3 0x80008650 (0x090c) x11 0x00000080
core   0: 0x80008652 (0x005a5a13) srli    s4, s4, 5
core   0: 3 0x80008652 (0x005a5a13) x20 0x00016675
core   0: 0x80008656 (0x00000495) c.addi  s1, 5
core   0: 3 0x80008656 (0x0495) x9  0x00000013
core   0: 0x80008658 (0x00180f33) add     t5, a6, ra
core   0: 3 0x80008658 (0x00180f33) x30 0xffe00000
core   0: 0x8000865c (0xfea4c8e3) blt     s1, a0, pc - 16
core   0: 3 0x8000865c (0xfea4c8e3)
core   0: 0x80008660 (0x0000717d) c.addi16sp sp, -16
core   0: 3 0x80008660 (0x717d) x2  0xffffffe0
core   0: 0x80008662 (0x40a1de33) sra     t3, gp, a0
core   0: 3 0x80008662 (0x40a1de33) x28 0xffffffff
core   0: 0x80008666 (0x0000d779) c.beqz  a4, pc - 50
core   0: 3 0x80008666 (0xd779)
core   0: 0x80008668 (0x00000001) c.nop
core   0: 3 0x80008668 (0x0001)
core   0: 0x8000866a (0x02d5ceb3) div     t4, a1, a3
core   0: 3 0x8000866a (0x02d5ceb3) x29 0x00000000
core   0: 0x8000866e (0xa1f69e37) lui     t3, 0xa1f69
core   0: 3 0x8000866e (0xa1f69e37) x28 0xa1f69000
core   0: 0x80008672 (0xc24e4013) xori    zero, t3, -988
core   0: 3 0x80008672 (0xc24e4013)
core   0: 0x80008676 (0xc6532513) slti    a0, t1, -923
core   0: 3 0x80008676 (0xc6532513) x10 0x00000000
core   0: 0x8000867a (0x0029e0b3) or      ra, s3, sp
core   0: 3 0x8000867a (0x0029e0b3) x1  0xffffffe0
core   0: 0x8000867e (0x0281dd63) bge     gp, s0, pc + 58
core   0: 3 0x8000867e (0x0281dd63)
core   0: 0x800086b8 (0x03ddc463) blt     s11, t4, pc + 40
core   0: 3 0x800086b8 (0x03ddc463)
core   0: 0x800086e0 (0x41ce5193) srai    gp, t3, 28
core   0: 3 0x800086e0 (0x41ce5193) x3  0xfffffffa
core   0: 0x800086e4 (0x0000460d) c.li    a2, 3
core   0: 3 0x800086e4 (0x460d) x12 0x00000003
core   0: 0x800086e6 (0x69140393) addi    t2, s0, 1681
core   0: 3 0x800086e6 (0x69140393) x7  0x8002a375
core   0: 0x800086ea (0x03f7ddb3) divu    s11, a5, t6
core   0: 3 0x800086ea (0x03f7ddb3) x27 0x00000000
core   0: 0x800086ee (0x02d90e33) mul     t3, s2, a3
core   0: 3 0x800086ee (0x02d90e33) x28 0x80025e30
core   0: 0x800086f2 (0x00008e51) c.or    a2, a2
core   0: 3 0x800086f2 (0x8e51) x12 0x00000003
core   0: 0x800086f4 (0x00000710) c.addi4spn a2, sp, 896
core   0: 3 0x800086f4 (0x0710) x12 0x00000360
core   0: 0x800086f6 (0x00019593) slli    a1, gp, 0
core   0: 3 0x800086f6 (0x00019593) x11 0xfffffffa
core   0: 0x800086fa (0x000407b3) add     a5, s0, zero
core   0: 3 0x800086fa (0x000407b3) x15 0x80029ce4
core   0: 0x800086fe (0x01850a33) add     s4, a0, s8
core   0: 3 0x800086fe (0x01850a33) x20 0xfba32397
core   0: 0x80008702 (0x029f6733) rem     a4, t5, s1
core   0: 3 0x80008702 (0x029f6733) x14 0xfffffff8
core   0: 0x80008706 (0x00001b10) c.addi4spn a2, sp, 432
core   0: 3 0x80008706 (0x1b10) x12 0x00000190
core   0: 0x80008708 (0x00008895) c.andi  s1, 5
core   0: 3 0x80008708 (0x8895) x9  0x00000001
core   0: 0x8000870a (0x00008f9d) c.sub   a5, a5
core   0: 3 0x8000870a (0x8f9d) x15 0x00000000
core   0: 0x8000870c (0x00008cdd) c.or    s1, a5
core   0: 3 0x8000870c (0x8cdd) x9  0x00000001
core   0: 0x8000870e (0x00008e25) c.xor   a2, s1
core   0: 3 0x8000870e (0x8e25) x12 0x00000191
core   0: 0x80008710 (0xa7df8893) addi    a7, t6, -1411
core   0: 3 0x80008710 (0xa7df8893) x17 0x001bb034
core   0: 0x80008714 (0x927eab97) auipc   s7, 0x927ea
core   0: 3 0x80008714 (0x927eab97) x23 0x127f2714
core   0: 0x80008718 (0x00008d09) c.sub   a0, a0
core   0: 3 0x80008718 (0x8d09) x10 0x00000000
core   0: 0x8000871a (0x0000717d) c.addi16sp sp, -16
core   0: 3 0x8000871a (0x717d) x2  0xffffffd0
core   0: 0x8000871c (0x41c15a33) sra     s4, sp, t3
core   0: 3 0x8000871c (0x41c15a33) x20 0xffffffff
core   0: 0x80008720 (0x003e2a33) slt     s4, t3, gp
core   0: 3 0x80008720 (0x003e2a33) x20 0x00000001
core   0: 0x80008724 (0x00000001) c.nop
core   0: 3 0x80008724 (0x0001)
core   0: 0x80008726 (0x018a9eb3) sll     t4, s5, s8
core   0: 3 0x80008726 (0x018a9eb3) x29 0x00000000
core   0: 0x8000872a (0x017c1b13) slli    s6, s8, 23
core   0: 3 0x8000872a (0x017c1b13) x22 0xcb800000
core   0: 0x8000872e (0x00000001) c.nop
core   0: 3 0x8000872e (0x0001)
core   0: 0x80008730 (0x00178b33) add     s6, a5, ra
core   0: 3 0x80008730 (0x00178b33) x22 0xffffffe0
core   0: 0x80008734 (0x003bc263) blt     s7, gp, pc + 4
core   0: 3 0x80008734 (0x003bc263)
core   0: 0x80008738 (0x03496533) rem     a0, s2, s4
core   0: 3 0x80008738 (0x03496533) x10 0x00000000
core   0: 0x8000873c (0x03669033) mulh    zero, a3, s6
core   0: 3 0x8000873c (0x03669033)
core   0: 0x80008740 (0x02675d33) divu    s10, a4, t1
core   0: 3 0x80008740 (0x02675d33) x26 0x00000000
core   0: 0x80008744 (0x00000001) c.nop
core   0: 3 0x80008744 (0x0001)
core   0: 0x80008746 (0x00000001) c.nop
core   0: 3 0x80008746 (0x0001)
core   0: 0x80008748 (0x0000c509) c.beqz  a0, pc + 10
core   0: 3 0x80008748 (0xc509)
core   0: 0x80008752 (0x00ab1593) slli    a1, s6, 10
core   0: 3 0x80008752 (0x00ab1593) x11 0xffff8000
core   0: 0x80008756 (0x00008e39) c.xor   a2, a4
core   0: 3 0x80008756 (0x8e39) x12 0xfffffe69
core   0: 0x80008758 (0x00000b42) c.slli  s6, 16
core   0: 3 0x80008758 (0x0b42) x22 0xffe00000
core   0: 0x8000875a (0x78db3513) sltiu   a0, s6, 1933
core   0: 3 0x8000875a (0x78db3513) x10 0x00000000
core   0: 0x8000875e (0x006b1c93) slli    s9, s6, 6
core   0: 3 0x8000875e (0x006b1c93) x25 0xf8000000
core   0: 0x80008762 (0x00000001) c.nop
core   0: 3 0x80008762 (0x0001)
core   0: 0x80008764 (0x036e9cb3) mulh    s9, t4, s6
core   0: 3 0x80008764 (0x036e9cb3) x25 0x00000000
core   0: 0x80008768 (0x02aeae33) mulhsu  t3, t4, a0
core   0: 3 0x80008768 (0x02aeae33) x28 0x00000000
core   0: 0x8000876c (0x0022e3b3) or      t2, t0, sp
core   0: 3 0x8000876c (0x0022e3b3) x7  0xffffffff
core   0: 0x80008770 (0x403dd7b3) sra     a5, s11, gp
core   0: 3 0x80008770 (0x403dd7b3) x15 0x00000000
core   0: 0x80008774 (0x0974b713) sltiu   a4, s1, 151
core   0: 3 0x80008774 (0x0974b713) x14 0x00000001
core   0: 0x80008778 (0x02a13f33) mulhu   t5, sp, a0
core   0: 3 0x80008778 (0x02a13f33) x30 0x00000000
core   0: 0x8000877c (0x0000eb0d) c.bnez  a4, pc + 50
core   0: 3 0x8000877c (0xeb0d)
core   0: 0x800087ae (0x03e19063) bne     gp, t5, pc + 32
core   0: 3 0x800087ae (0x03e19063)
core   0: 0x800087ce (0x02658a33) mul     s4, a1, t1
core   0: 3 0x800087ce (0x02658a33) x20 0x00008000
core   0: 0x800087d2 (0x0159e333) or      t1, s3, s5
core   0: 3 0x800087d2 (0x0159e333) x6  0x00000000
core   0: 0x800087d6 (0x02ea38b3) mulhu   a7, s4, a4
core   0: 3 0x800087d6 (0x02ea38b3) x17 0x00000000
core   0: 0x800087da (0x0000986a) c.add   a6, s10
core   0: 3 0x800087da (0x986a) x16 0x00000000
core   0: 0x800087dc (0x602ab613) sltiu   a2, s5, 1538
core   0: 3 0x800087dc (0x602ab613) x12 0x00000001
core   0: 0x800087e0 (0x0000c3b1) c.beqz  a5, pc + 68
core   0: 3 0x800087e0 (0xc3b1)
core   0: 0x80008824 (0x00006aad) c.lui   s5, 0xb
core   0: 3 0x80008824 (0x6aad) x21 0x0000b000
core   0: 0x80008826 (0x00008121) c.srli  a0, 8
core   0: 3 0x80008826 (0x8121) x10 0x00000000
core   0: 0x80008828 (0x0293fe33) remu    t3, t2, s1
core   0: 3 0x80008828 (0x0293fe33) x28 0x00000000
core   0: 0x8000882c (0x00571b13) slli    s6, a4, 5
core   0: 3 0x8000882c (0x00571b13) x22 0x00000020
core   0: 0x80008830 (0x009f7663) bgeu    t5, s1, pc + 12
core   0: 3 0x80008830 (0x009f7663)
core   0: 0x80008834 (0x0000827e) c.mv    tp, t6
core   0: 3 0x80008834 (0x827e) x4  0x001bb5b7
core   0: 0x80008836 (0x00ca9db3) sll     s11, s5, a2
core   0: 3 0x80008836 (0x00ca9db3) x27 0x00016000
core   0: 0x8000883a (0x0000997d) c.andi  a0, -1
core   0: 3 0x8000883a (0x997d) x10 0x00000000
core   0: 0x8000883c (0x415bdf13) srai    t5, s7, 21
core   0: 3 0x8000883c (0x415bdf13) x30 0x00000093
core   0: 0x80008840 (0x00008fcd) c.or    a5, a1
core   0: 3 0x80008840 (0x8fcd) x15 0xffff8000
core   0: 0x80008842 (0x00d03bb3) snez    s7, a3
core   0: 3 0x80008842 (0x00d03bb3) x23 0x00000001
core   0: 0x80008846 (0x0000e38d) c.bnez  a5, pc + 34
core   0: 3 0x80008846 (0xe38d)
core   0: 0x80008868 (0x007b52b3) srl     t0, s6, t2
core   0: 3 0x80008868 (0x007b52b3) x5  0x00000000
core   0: 0x8000886c (0x01e62a33) slt     s4, a2, t5
core   0: 3 0x8000886c (0x01e62a33) x20 0x00000001
core   0: 0x80008870 (0x40ab5bb3) sra     s7, s6, a0
core   0: 3 0x80008870 (0x40ab5bb3) x23 0x00000020
core   0: 0x80008874 (0x00004e75) c.li    t3, 29
core   0: 3 0x80008874 (0x4e75) x28 0x0000001d
core   0: 0x80008876 (0x00008f5d) c.or    a4, a5
core   0: 3 0x80008876 (0x8f5d) x14 0xffff8001
core   0: 0x80008878 (0x009c8333) add     t1, s9, s1
core   0: 3 0x80008878 (0x009c8333) x6  0x00000001
core   0: 0x8000887c (0x02a4bcb3) mulhu   s9, s1, a0
core   0: 3 0x8000887c (0x02a4bcb3) x25 0x00000000
core   0: 0x80008880 (0x038e92b3) mulh    t0, t4, s8
core   0: 3 0x80008880 (0x038e92b3) x5  0x00000000
core   0: 0x80008884 (0x032563b3) rem     t2, a0, s2
core   0: 3 0x80008884 (0x032563b3) x7  0x00000000
core   0: 0x80008888 (0x0000117d) c.addi  sp, -1
core   0: 3 0x80008888 (0x117d) x2  0xffffffcf
core   0: 0x8000888a (0x00000001) c.nop
core   0: 3 0x8000888a (0x0001)
core   0: 0x8000888c (0x02724063) blt     tp, t2, pc + 32
core   0: 3 0x8000888c (0x02724063)
core   0: 0x80008890 (0x06c6c113) xori    sp, a3, 108
core   0: 3 0x80008890 (0x06c6c113) x2  0x80025e5c
core   0: 0x80008894 (0x79700397) auipc   t2, 0x79700
core   0: 3 0x80008894 (0x79700397) x7  0xf9708894
core   0: 0x80008898 (0x4045d4b3) sra     s1, a1, tp
core   0: 3 0x80008898 (0x4045d4b3) x9  0xffffffff
core   0: 0x8000889c (0x00000ec6) c.slli  t4, 17
core   0: 3 0x8000889c (0x0ec6) x29 0x00000000
core   0: 0x8000889e (0x0000971e) c.add   a4, t2
core   0: 3 0x8000889e (0x971e) x14 0xf9700895
core   0: 0x800088a0 (0x419603b3) sub     t2, a2, s9
core   0: 3 0x800088a0 (0x419603b3) x7  0x00000001
core   0: 0x800088a4 (0x03b46763) bltu    s0, s11, pc + 46
core   0: 3 0x800088a4 (0x03b46763)
core   0: 0x800088a8 (0x009dcf33) xor     t5, s11, s1
core   0: 3 0x800088a8 (0x009dcf33) x30 0xfffe9fff
core   0: 0x800088ac (0x00ebe4b3) or      s1, s7, a4
core   0: 3 0x800088ac (0x00ebe4b3) x9  0xf97008b5
core   0: 0x800088b0 (0xde3f9d37) lui     s10, 0xde3f9
core   0: 3 0x800088b0 (0xde3f9d37) x26 0xde3f9000
core   0: 0x800088b4 (0x01ac1913) slli    s2, s8, 26
core   0: 3 0x800088b4 (0x01ac1913) x18 0x5c000000
core   0: 0x800088b8 (0x00004759) c.li    a4, 22
core   0: 3 0x800088b8 (0x4759) x14 0x00000016
core   0: 0x800088ba (0xcc6c0213) addi    tp, s8, -826
core   0: 3 0x800088ba (0xcc6c0213) x4  0xfba3205d
core   0: 0x800088be (0x0019ea63) bltu    s3, ra, pc + 20
core   0: 3 0x800088be (0x0019ea63)
core   0: 0x800088d2 (0x00000001) c.nop
core   0: 3 0x800088d2 (0x0001)
core   0: 0x800088d4 (0x023d4b63) blt     s10, gp, pc + 54
core   0: 3 0x800088d4 (0x023d4b63)
core   0: 0x8000890a (0x0000587d) c.li    a6, -1
core   0: 3 0x8000890a (0x587d) x16 0xffffffff
core   0: 0x8000890c (0x01f564b3) or      s1, a0, t6
core   0: 3 0x8000890c (0x01f564b3) x9  0x001bb5b7
core   0: 0x80008910 (0x1ef80817) auipc   a6, 0x1ef80
core   0: 3 0x80008910 (0x1ef80817) x16 0x9ef88910
core   0: 0x80008914 (0x00000dba) c.slli  s11, 14
core   0: 3 0x80008914 (0x0dba) x27 0x58000000
core   0: 0x80008916 (0x6460b313) sltiu   t1, ra, 1606
core   0: 3 0x80008916 (0x6460b313) x6  0x00000000
core   0: 0x8000891a (0x00b45893) srli    a7, s0, 11
core   0: 3 0x8000891a (0x00b45893) x17 0x00100053
core   0: 0x8000891e (0x00f60663) beq     a2, a5, pc + 12
core   0: 3 0x8000891e (0x00f60663)
core   0: 0x80008922 (0x0000e641) c.bnez  a2, pc + 136
core   0: 3 0x80008922 (0xe641)
core   0: 0x800089aa (0x00000afe) c.slli  s5, 31
core   0: 3 0x800089aa (0x0afe) x21 0x00000000
core   0: 0x800089ac (0x6f53e593) ori     a1, t2, 1781
core   0: 3 0x800089ac (0x6f53e593) x11 0x000006f5
core   0: 0x800089b0 (0x019c4663) blt     s8, s9, pc + 12
core   0: 3 0x800089b0 (0x019c4663)
core   0: 0x800089bc (0x0128fd33) and     s10, a7, s2
core   0: 3 0x800089bc (0x0128fd33) x26 0x00000000
core   0: 0x800089c0 (0x00d485b3) add     a1, s1, a3
core   0: 3 0x800089c0 (0x00d485b3) x11 0x801e13e7
core   0: 0x800089c4 (0x03989963) bne     a7, s9, pc + 50
core   0: 3 0x800089c4 (0x03989963)
core   0: 0x800089f6 (0x025cc033) div     zero, s9, t0
core   0: 3 0x800089f6 (0x025cc033)
core   0: 0x800089fa (0x00785593) srli    a1, a6, 7
core   0: 3 0x800089fa (0x00785593) x11 0x013df112
core   0: 0x800089fe (0xbfbe8093) addi    ra, t4, -1029
core   0: 3 0x800089fe (0xbfbe8093) x1  0xfffffbfb
core   0: 0x80008a02 (0xdb3e2793) slti    a5, t3, -589
core   0: 3 0x80008a02 (0xdb3e2793) x15 0x00000000
core   0: 0x80008a06 (0x000095f2) c.add   a1, t3
core   0: 3 0x80008a06 (0x95f2) x11 0x013df12f
core   0: 0x80008a08 (0x006df1b3) and     gp, s11, t1
core   0: 3 0x80008a08 (0x006df1b3) x3  0x00000000
core   0: 0x80008a0c (0x0334c233) div     tp, s1, s3
core   0: 3 0x80008a0c (0x0334c233) x4  0xffffffff
core   0: 0x80008a10 (0x02bccf33) div     t5, s9, a1
core   0: 3 0x80008a10 (0x02bccf33) x30 0x00000000
core   0: 0x80008a14 (0x00185533) srl     a0, a6, ra
core   0: 3 0x80008a14 (0x00185533) x10 0x00000013
core   0: 0x80008a18 (0x413d5d93) srai    s11, s10, 19
core   0: 3 0x80008a18 (0x413d5d93) x27 0x00000000
core   0: 0x80008a1c (0x01210263) beq     sp, s2, pc + 4
core   0: 3 0x80008a1c (0x01210263)
core   0: 0x80008a20 (0x00008cce) c.mv    s9, s3
core   0: 3 0x80008a20 (0x8cce) x25 0x00000000
core   0: 0x80008a22 (0xe488bd13) sltiu   s10, a7, -440
core   0: 3 0x80008a22 (0xe488bd13) x26 0x00000001
core   0: 0x80008a26 (0x00008f01) c.sub   a4, s0
core   0: 3 0x80008a26 (0x8f01) x14 0x7ffd6332
core   0: 0x80008a28 (0x0260f963) bgeu    ra, t1, pc + 50
core   0: 3 0x80008a28 (0x0260f963)
core   0: 0x80008a5a (0x00c25b93) srli    s7, tp, 12
core   0: 3 0x80008a5a (0x00c25b93) x23 0x000fffff
core   0: 0x80008a5e (0x0218d763) bge     a7, ra, pc + 46
core   0: 3 0x80008a5e (0x0218d763)
core   0: 0x80008a8c (0x0210c4b3) div     s1, ra, ra
core   0: 3 0x80008a8c (0x0210c4b3) x9  0x00000001
core   0: 0x80008a90 (0x00009272) c.add   tp, t3
core   0: 3 0x80008a90 (0x9272) x4  0x0000001c
core   0: 0x80008a92 (0x00afcf33) xor     t5, t6, a0
core   0: 3 0x80008a92 (0x00afcf33) x30 0x001bb5a4
core   0: 0x80008a96 (0x3edae313) ori     t1, s5, 1005
core   0: 3 0x80008a96 (0x3edae313) x6  0x000003ed
core   0: 0x80008a9a (0x0027c3b3) xor     t2, a5, sp
core   0: 3 0x80008a9a (0x0027c3b3) x7  0x80025e5c
core   0: 0x80008a9e (0x0162d533) srl     a0, t0, s6
core   0: 3 0x80008a9e (0x0162d533) x10 0x00000000
core   0: 0x80008aa2 (0x00001084) c.addi4spn s1, sp, 96
core   0: 3 0x80008aa2 (0x1084) x9  0x80025ebc
core   0: 0x80008aa4 (0x6cdb3237) lui     tp, 0x6cdb3
core   0: 3 0x80008aa4 (0x6cdb3237) x4  0x6cdb3000
core   0: 0x80008aa8 (0x0000050e) c.slli  a0, 3
core   0: 3 0x80008aa8 (0x050e) x10 0x00000000
core   0: 0x80008aaa (0x0068d833) srl     a6, a7, t1
core   0: 3 0x80008aaa (0x0068d833) x16 0x00000080
core   0: 0x80008aae (0x00008ded) c.and   a1, a1
core   0: 3 0x80008aae (0x8ded) x11 0x013df12f
core   0: 0x80008ab0 (0x00dcd9b3) srl     s3, s9, a3
core   0: 3 0x80008ab0 (0x00dcd9b3) x19 0x00000000
core   0: 0x80008ab4 (0x00008e3d) c.xor   a2, a5
core   0: 3 0x80008ab4 (0x8e3d) x12 0x00000001
core   0: 0x80008ab6 (0x036c52b3) divu    t0, s8, s6
core   0: 3 0x80008ab6 (0x036c52b3) x5  0x07dd191c
core   0: 0x80008aba (0x0000c60d) c.beqz  a2, pc + 42
core   0: 3 0x80008aba (0xc60d)
core   0: 0x80008abc (0x1422f813) andi    a6, t0, 322
core   0: 3 0x80008abc (0x1422f813) x16 0x00000100
core   0: 0x80008ac0 (0x00bedfb3) srl     t6, t4, a1
core   0: 3 0x80008ac0 (0x00bedfb3) x31 0x00000000
core   0: 0x80008ac4 (0x0327a8b3) mulhsu  a7, a5, s2
core   0: 3 0x80008ac4 (0x0327a8b3) x17 0x00000000
core   0: 0x80008ac8 (0x00008cc5) c.or    s1, s1
core   0: 3 0x80008ac8 (0x8cc5) x9  0x80025ebc
core   0: 0x80008aca (0x00000001) c.nop
core   0: 3 0x80008aca (0x0001)
core   0: 0x80008acc (0x95436a13) ori     s4, t1, -1708
core   0: 3 0x80008acc (0x95436a13) x20 0xfffffbfd
core   0: 0x80008ad0 (0x25433593) sltiu   a1, t1, 596
core   0: 3 0x80008ad0 (0x25433593) x11 0x00000000
core   0: 0x80008ad4 (0x089b0593) addi    a1, s6, 137
core   0: 3 0x80008ad4 (0x089b0593) x11 0x000000a9
core   0: 0x80008ad8 (0x0000931e) c.add   t1, t2
core   0: 3 0x80008ad8 (0x931e) x6  0x80026249
core   0: 0x80008ada (0x00008921) c.andi  a0, 8
core   0: 3 0x80008ada (0x8921) x10 0x00000000
core   0: 0x80008adc (0x02a55d63) bge     a0, a0, pc + 58
core   0: 3 0x80008adc (0x02a55d63)
core   0: 0x80008b16 (0xdc36fd13) andi    s10, a3, -573
core   0: 3 0x80008b16 (0xdc36fd13) x26 0x80025c00
core   0: 0x80008b1a (0x03348d33) mul     s10, s1, s3
core   0: 3 0x80008b1a (0x03348d33) x26 0x00000000
core   0: 0x80008b1e (0x027e1db3) mulh    s11, t3, t2
core   0: 3 0x80008b1e (0x027e1db3) x27 0xfffffff1
core   0: 0x80008b22 (0x00000001) c.nop
core   0: 3 0x80008b22 (0x0001)
core   0: 0x80008b24 (0x03cd6063) bltu    s10, t3, pc + 32
core   0: 3 0x80008b24 (0x03cd6063)
core   0: 0x80008b44 (0x03723cb3) mulhu   s9, tp, s7
core   0: 3 0x80008b44 (0x03723cb3) x25 0x0006cdb2
core   0: 0x80008b48 (0x0253f633) remu    a2, t2, t0
core   0: 3 0x80008b48 (0x0253f633) x12 0x0230cc9c
core   0: 0x80008b4c (0x0000717d) c.addi16sp sp, -16
core   0: 3 0x80008b4c (0x717d) x2  0x80025e4c
core   0: 0x80008b4e (0x00004535) c.li    a0, 13
core   0: 3 0x80008b4e (0x4535) x10 0x0000000d
core   0: 0x80008b50 (0x018b33b3) sltu    t2, s6, s8
core   0: 3 0x80008b50 (0x018b33b3) x7  0x00000001
core   0: 0x80008b54 (0xde15b393) sltiu   t2, a1, -543
core   0: 3 0x80008b54 (0xde15b393) x7  0x00000001
core   0: 0x80008b58 (0x00009b32) c.add   s6, a2
core   0: 3 0x80008b58 (0x9b32) x22 0x0230ccbc
core   0: 0x80008b5a (0x00910ab3) add     s5, sp, s1
core   0: 3 0x80008b5a (0x00910ab3) x21 0x0004bd08
core   0: 0x80008b5e (0x000055e9) c.li    a1, -6
core   0: 3 0x80008b5e (0x55e9) x11 0xfffffffa
core   0: 0x80008b60 (0x02e4a533) mulhsu  a0, s1, a4
core   0: 3 0x80008b60 (0x02e4a533) x10 0xc0027dbe
core   0: 0x80008b64 (0x00008e29) c.xor   a2, a0
core   0: 3 0x80008b64 (0x8e29) x12 0xc232b122
core   0: 0x80008b66 (0x00433d33) sltu    s10, t1, tp
core   0: 3 0x80008b66 (0x00433d33) x26 0x00000000
core   0: 0x80008b6a (0x00000001) c.nop
core   0: 3 0x80008b6a (0x0001)
core   0: 0x80008b6c (0x00008d6d) c.and   a0, a1
core   0: 3 0x80008b6c (0x8d6d) x10 0xc0027dba
core   0: 0x80008b6e (0x00319893) slli    a7, gp, 3
core   0: 3 0x80008b6e (0x00319893) x17 0x00000000
core   0: 0x80008b72 (0x0000891d) c.andi  a0, 7
core   0: 3 0x80008b72 (0x891d) x10 0x00000002
core   0: 0x80008b74 (0x00b433b3) sltu    t2, s0, a1
core   0: 3 0x80008b74 (0x00b433b3) x7  0x00000001
core   0: 0x80008b78 (0x014a1813) slli    a6, s4, 20
core   0: 3 0x80008b78 (0x014a1813) x16 0xbfd00000
core   0: 0x80008b7c (0x00008d59) c.or    a0, a4
core   0: 3 0x80008b7c (0x8d59) x10 0x7ffd6332
core   0: 0x80008b7e (0x00000599) c.addi  a1, 6
core   0: 3 0x80008b7e (0x0599) x11 0x00000000
core   0: 0x80008b80 (0x68ce3e13) sltiu   t3, t3, 1676
core   0: 3 0x80008b80 (0x68ce3e13) x28 0x00000001
core   0: 0x80008b84 (0x00005ee1) c.li    t4, -8
core   0: 3 0x80008b84 (0x5ee1) x29 0xfffffff8
core   0: 0x80008b86 (0x000084c6) c.mv    s1, a7
core   0: 3 0x80008b86 (0x84c6) x9  0x00000000
core   0: 0x80008b88 (0x0000474d) c.li    a4, 19
core   0: 3 0x80008b88 (0x474d) x14 0x00000013
core   0: 0x80008b8a (0x8f8b6613) ori     a2, s6, -1800
core   0: 3 0x80008b8a (0x8f8b6613) x12 0xfffffcfc
core   0: 0x80008b8e (0x0073e2b3) or      t0, t2, t2
core   0: 3 0x80008b8e (0x0073e2b3) x5  0x00000001
core   0: 0x80008b92 (0x00001b7d) c.addi  s6, -1
core   0: 3 0x80008b92 (0x1b7d) x22 0x0230ccbb
core   0: 0x80008b94 (0x01ca41b3) xor     gp, s4, t3
core   0: 3 0x80008b94 (0x01ca41b3) x3  0xfffffbfc
core   0: 0x80008b98 (0x00008fb1) c.xor   a5, a2
core   0: 3 0x80008b98 (0x8fb1) x15 0xfffffcfc
core   0: 0x80008b9a (0x41f68133) sub     sp, a3, t6
core   0: 3 0x80008b9a (0x41f68133) x2  0x80025e30
core   0: 0x80008b9e (0x41848bb3) sub     s7, s1, s8
core   0: 3 0x80008b9e (0x41848bb3) x23 0x045cdc69
core   0: 0x80008ba2 (0x03e3e9b3) rem     s3, t2, t5
core   0: 3 0x80008ba2 (0x03e3e9b3) x19 0x00000001
core   0: 0x80008ba6 (0x00000001) c.nop
core   0: 3 0x80008ba6 (0x0001)
core   0: 0x80008ba8 (0x00000e85) c.addi  t4, 1
core   0: 3 0x80008ba8 (0x0e85) x29 0xfffffff9
core   0: 0x80008baa (0xfeee94e3) bne     t4, a4, pc - 24
core   0: 3 0x80008baa (0xfeee94e3)
core   0: 0x80008b92 (0x00001b7d) c.addi  s6, -1
core   0: 3 0x80008b92 (0x1b7d) x22 0x0230ccba
core   0: 0x80008b94 (0x01ca41b3) xor     gp, s4, t3
core   0: 3 0x80008b94 (0x01ca41b3) x3  0xfffffbfc
core   0: 0x80008b98 (0x00008fb1) c.xor   a5, a2
core   0: 3 0x80008b98 (0x8fb1) x15 0x00000000
core   0: 0x80008b9a (0x41f68133) sub     sp, a3, t6
core   0: 3 0x80008b9a (0x41f68133) x2  0x80025e30
core   0: 0x80008b9e (0x41848bb3) sub     s7, s1, s8
core   0: 3 0x80008b9e (0x41848bb3) x23 0x045cdc69
core   0: 0x80008ba2 (0x03e3e9b3) rem     s3, t2, t5
core   0: 3 0x80008ba2 (0x03e3e9b3) x19 0x00000001
core   0: 0x80008ba6 (0x00000001) c.nop
core   0: 3 0x80008ba6 (0x0001)
core   0: 0x80008ba8 (0x00000e85) c.addi  t4, 1
core   0: 3 0x80008ba8 (0x0e85) x29 0xfffffffa
core   0: 0x80008baa (0xfeee94e3) bne     t4, a4, pc - 24
core   0: 3 0x80008baa (0xfeee94e3)
core   0: 0x80008b92 (0x00001b7d) c.addi  s6, -1
core   0: 3 0x80008b92 (0x1b7d) x22 0x0230ccb9
core   0: 0x80008b94 (0x01ca41b3) xor     gp, s4, t3
core   0: 3 0x80008b94 (0x01ca41b3) x3  0xfffffbfc
core   0: 0x80008b98 (0x00008fb1) c.xor   a5, a2
core   0: 3 0x80008b98 (0x8fb1) x15 0xfffffcfc
core   0: 0x80008b9a (0x41f68133) sub     sp, a3, t6
core   0: 3 0x80008b9a (0x41f68133) x2  0x80025e30
core   0: 0x80008b9e (0x41848bb3) sub     s7, s1, s8
core   0: 3 0x80008b9e (0x41848bb3) x23 0x045cdc69
core   0: 0x80008ba2 (0x03e3e9b3) rem     s3, t2, t5
core   0: 3 0x80008ba2 (0x03e3e9b3) x19 0x00000001
core   0: 0x80008ba6 (0x00000001) c.nop
core   0: 3 0x80008ba6 (0x0001)
core   0: 0x80008ba8 (0x00000e85) c.addi  t4, 1
core   0: 3 0x80008ba8 (0x0e85) x29 0xfffffffb
core   0: 0x80008baa (0xfeee94e3) bne     t4, a4, pc - 24
core   0: 3 0x80008baa (0xfeee94e3)
core   0: 0x80008b92 (0x00001b7d) c.addi  s6, -1
core   0: 3 0x80008b92 (0x1b7d) x22 0x0230ccb8
core   0: 0x80008b94 (0x01ca41b3) xor     gp, s4, t3
core   0: 3 0x80008b94 (0x01ca41b3) x3  0xfffffbfc
core   0: 0x80008b98 (0x00008fb1) c.xor   a5, a2
core   0: 3 0x80008b98 (0x8fb1) x15 0x00000000
core   0: 0x80008b9a (0x41f68133) sub     sp, a3, t6
core   0: 3 0x80008b9a (0x41f68133) x2  0x80025e30
core   0: 0x80008b9e (0x41848bb3) sub     s7, s1, s8
core   0: 3 0x80008b9e (0x41848bb3) x23 0x045cdc69
core   0: 0x80008ba2 (0x03e3e9b3) rem     s3, t2, t5
core   0: 3 0x80008ba2 (0x03e3e9b3) x19 0x00000001
core   0: 0x80008ba6 (0x00000001) c.nop
core   0: 3 0x80008ba6 (0x0001)
core   0: 0x80008ba8 (0x00000e85) c.addi  t4, 1
core   0: 3 0x80008ba8 (0x0e85) x29 0xfffffffc
core   0: 0x80008baa (0xfeee94e3) bne     t4, a4, pc - 24
core   0: 3 0x80008baa (0xfeee94e3)
core   0: 0x80008b92 (0x00001b7d) c.addi  s6, -1
core   0: 3 0x80008b92 (0x1b7d) x22 0x0230ccb7
core   0: 0x80008b94 (0x01ca41b3) xor     gp, s4, t3
core   0: 3 0x80008b94 (0x01ca41b3) x3  0xfffffbfc
core   0: 0x80008b98 (0x00008fb1) c.xor   a5, a2
core   0: 3 0x80008b98 (0x8fb1) x15 0xfffffcfc
core   0: 0x80008b9a (0x41f68133) sub     sp, a3, t6
core   0: 3 0x80008b9a (0x41f68133) x2  0x80025e30
core   0: 0x80008b9e (0x41848bb3) sub     s7, s1, s8
core   0: 3 0x80008b9e (0x41848bb3) x23 0x045cdc69
core   0: 0x80008ba2 (0x03e3e9b3) rem     s3, t2, t5
core   0: 3 0x80008ba2 (0x03e3e9b3) x19 0x00000001
core   0: 0x80008ba6 (0x00000001) c.nop
core   0: 3 0x80008ba6 (0x0001)
core   0: 0x80008ba8 (0x00000e85) c.addi  t4, 1
core   0: 3 0x80008ba8 (0x0e85) x29 0xfffffffd
core   0: 0x80008baa (0xfeee94e3) bne     t4, a4, pc - 24
core   0: 3 0x80008baa (0xfeee94e3)
core   0: 0x80008b92 (0x00001b7d) c.addi  s6, -1
core   0: 3 0x80008b92 (0x1b7d) x22 0x0230ccb6
core   0: 0x80008b94 (0x01ca41b3) xor     gp, s4, t3
core   0: 3 0x80008b94 (0x01ca41b3) x3  0xfffffbfc
core   0: 0x80008b98 (0x00008fb1) c.xor   a5, a2
core   0: 3 0x80008b98 (0x8fb1) x15 0x00000000
core   0: 0x80008b9a (0x41f68133) sub     sp, a3, t6
core   0: 3 0x80008b9a (0x41f68133) x2  0x80025e30
core   0: 0x80008b9e (0x41848bb3) sub     s7, s1, s8
core   0: 3 0x80008b9e (0x41848bb3) x23 0x045cdc69
core   0: 0x80008ba2 (0x03e3e9b3) rem     s3, t2, t5
core   0: 3 0x80008ba2 (0x03e3e9b3) x19 0x00000001
core   0: 0x80008ba6 (0x00000001) c.nop
core   0: 3 0x80008ba6 (0x0001)
core   0: 0x80008ba8 (0x00000e85) c.addi  t4, 1
core   0: 3 0x80008ba8 (0x0e85) x29 0xfffffffe
core   0: 0x80008baa (0xfeee94e3) bne     t4, a4, pc - 24
core   0: 3 0x80008baa (0xfeee94e3)
core   0: 0x80008b92 (0x00001b7d) c.addi  s6, -1
core   0: 3 0x80008b92 (0x1b7d) x22 0x0230ccb5
core   0: 0x80008b94 (0x01ca41b3) xor     gp, s4, t3
core   0: 3 0x80008b94 (0x01ca41b3) x3  0xfffffbfc
core   0: 0x80008b98 (0x00008fb1) c.xor   a5, a2
core   0: 3 0x80008b98 (0x8fb1) x15 0xfffffcfc
core   0: 0x80008b9a (0x41f68133) sub     sp, a3, t6
core   0: 3 0x80008b9a (0x41f68133) x2  0x80025e30
core   0: 0x80008b9e (0x41848bb3) sub     s7, s1, s8
core   0: 3 0x80008b9e (0x41848bb3) x23 0x045cdc69
core   0: 0x80008ba2 (0x03e3e9b3) rem     s3, t2, t5
core   0: 3 0x80008ba2 (0x03e3e9b3) x19 0x00000001
core   0: 0x80008ba6 (0x00000001) c.nop
core   0: 3 0x80008ba6 (0x0001)
core   0: 0x80008ba8 (0x00000e85) c.addi  t4, 1
core   0: 3 0x80008ba8 (0x0e85) x29 0xffffffff
core   0: 0x80008baa (0xfeee94e3) bne     t4, a4, pc - 24
core   0: 3 0x80008baa (0xfeee94e3)
core   0: 0x80008b92 (0x00001b7d) c.addi  s6, -1
core   0: 3 0x80008b92 (0x1b7d) x22 0x0230ccb4
core   0: 0x80008b94 (0x01ca41b3) xor     gp, s4, t3
core   0: 3 0x80008b94 (0x01ca41b3) x3  0xfffffbfc
core   0: 0x80008b98 (0x00008fb1) c.xor   a5, a2
core   0: 3 0x80008b98 (0x8fb1) x15 0x00000000
core   0: 0x80008b9a (0x41f68133) sub     sp, a3, t6
core   0: 3 0x80008b9a (0x41f68133) x2  0x80025e30
core   0: 0x80008b9e (0x41848bb3) sub     s7, s1, s8
core   0: 3 0x80008b9e (0x41848bb3) x23 0x045cdc69
core   0: 0x80008ba2 (0x03e3e9b3) rem     s3, t2, t5
core   0: 3 0x80008ba2 (0x03e3e9b3) x19 0x00000001
core   0: 0x80008ba6 (0x00000001) c.nop
core   0: 3 0x80008ba6 (0x0001)
core   0: 0x80008ba8 (0x00000e85) c.addi  t4, 1
core   0: 3 0x80008ba8 (0x0e85) x29 0x00000000
core   0: 0x80008baa (0xfeee94e3) bne     t4, a4, pc - 24
core   0: 3 0x80008baa (0xfeee94e3)
core   0: 0x80008b92 (0x00001b7d) c.addi  s6, -1
core   0: 3 0x80008b92 (0x1b7d) x22 0x0230ccb3
core   0: 0x80008b94 (0x01ca41b3) xor     gp, s4, t3
core   0: 3 0x80008b94 (0x01ca41b3) x3  0xfffffbfc
core   0: 0x80008b98 (0x00008fb1) c.xor   a5, a2
core   0: 3 0x80008b98 (0x8fb1) x15 0xfffffcfc
core   0: 0x80008b9a (0x41f68133) sub     sp, a3, t6
core   0: 3 0x80008b9a (0x41f68133) x2  0x80025e30
core   0: 0x80008b9e (0x41848bb3) sub     s7, s1, s8
core   0: 3 0x80008b9e (0x41848bb3) x23 0x045cdc69
core   0: 0x80008ba2 (0x03e3e9b3) rem     s3, t2, t5
core   0: 3 0x80008ba2 (0x03e3e9b3) x19 0x00000001
core   0: 0x80008ba6 (0x00000001) c.nop
core   0: 3 0x80008ba6 (0x0001)
core   0: 0x80008ba8 (0x00000e85) c.addi  t4, 1
core   0: 3 0x80008ba8 (0x0e85) x29 0x00000001
core   0: 0x80008baa (0xfeee94e3) bne     t4, a4, pc - 24
core   0: 3 0x80008baa (0xfeee94e3)
core   0: 0x80008b92 (0x00001b7d) c.addi  s6, -1
core   0: 3 0x80008b92 (0x1b7d) x22 0x0230ccb2
core   0: 0x80008b94 (0x01ca41b3) xor     gp, s4, t3
core   0: 3 0x80008b94 (0x01ca41b3) x3  0xfffffbfc
core   0: 0x80008b98 (0x00008fb1) c.xor   a5, a2
core   0: 3 0x80008b98 (0x8fb1) x15 0x00000000
core   0: 0x80008b9a (0x41f68133) sub     sp, a3, t6
core   0: 3 0x80008b9a (0x41f68133) x2  0x80025e30
core   0: 0x80008b9e (0x41848bb3) sub     s7, s1, s8
core   0: 3 0x80008b9e (0x41848bb3) x23 0x045cdc69
core   0: 0x80008ba2 (0x03e3e9b3) rem     s3, t2, t5
core   0: 3 0x80008ba2 (0x03e3e9b3) x19 0x00000001
core   0: 0x80008ba6 (0x00000001) c.nop
core   0: 3 0x80008ba6 (0x0001)
core   0: 0x80008ba8 (0x00000e85) c.addi  t4, 1
core   0: 3 0x80008ba8 (0x0e85) x29 0x00000002
core   0: 0x80008baa (0xfeee94e3) bne     t4, a4, pc - 24
core   0: 3 0x80008baa (0xfeee94e3)
core   0: 0x80008b92 (0x00001b7d) c.addi  s6, -1
core   0: 3 0x80008b92 (0x1b7d) x22 0x0230ccb1
core   0: 0x80008b94 (0x01ca41b3) xor     gp, s4, t3
core   0: 3 0x80008b94 (0x01ca41b3) x3  0xfffffbfc
core   0: 0x80008b98 (0x00008fb1) c.xor   a5, a2
core   0: 3 0x80008b98 (0x8fb1) x15 0xfffffcfc
core   0: 0x80008b9a (0x41f68133) sub     sp, a3, t6
core   0: 3 0x80008b9a (0x41f68133) x2  0x80025e30
core   0: 0x80008b9e (0x41848bb3) sub     s7, s1, s8
core   0: 3 0x80008b9e (0x41848bb3) x23 0x045cdc69
core   0: 0x80008ba2 (0x03e3e9b3) rem     s3, t2, t5
core   0: 3 0x80008ba2 (0x03e3e9b3) x19 0x00000001
core   0: 0x80008ba6 (0x00000001) c.nop
core   0: 3 0x80008ba6 (0x0001)
core   0: 0x80008ba8 (0x00000e85) c.addi  t4, 1
core   0: 3 0x80008ba8 (0x0e85) x29 0x00000003
core   0: 0x80008baa (0xfeee94e3) bne     t4, a4, pc - 24
core   0: 3 0x80008baa (0xfeee94e3)
core   0: 0x80008b92 (0x00001b7d) c.addi  s6, -1
core   0: 3 0x80008b92 (0x1b7d) x22 0x0230ccb0
core   0: 0x80008b94 (0x01ca41b3) xor     gp, s4, t3
core   0: 3 0x80008b94 (0x01ca41b3) x3  0xfffffbfc
core   0: 0x80008b98 (0x00008fb1) c.xor   a5, a2
core   0: 3 0x80008b98 (0x8fb1) x15 0x00000000
core   0: 0x80008b9a (0x41f68133) sub     sp, a3, t6
core   0: 3 0x80008b9a (0x41f68133) x2  0x80025e30
core   0: 0x80008b9e (0x41848bb3) sub     s7, s1, s8
core   0: 3 0x80008b9e (0x41848bb3) x23 0x045cdc69
core   0: 0x80008ba2 (0x03e3e9b3) rem     s3, t2, t5
core   0: 3 0x80008ba2 (0x03e3e9b3) x19 0x00000001
core   0: 0x80008ba6 (0x00000001) c.nop
core   0: 3 0x80008ba6 (0x0001)
core   0: 0x80008ba8 (0x00000e85) c.addi  t4, 1
core   0: 3 0x80008ba8 (0x0e85) x29 0x00000004
core   0: 0x80008baa (0xfeee94e3) bne     t4, a4, pc - 24
core   0: 3 0x80008baa (0xfeee94e3)
core   0: 0x80008b92 (0x00001b7d) c.addi  s6, -1
core   0: 3 0x80008b92 (0x1b7d) x22 0x0230ccaf
core   0: 0x80008b94 (0x01ca41b3) xor     gp, s4, t3
core   0: 3 0x80008b94 (0x01ca41b3) x3  0xfffffbfc
core   0: 0x80008b98 (0x00008fb1) c.xor   a5, a2
core   0: 3 0x80008b98 (0x8fb1) x15 0xfffffcfc
core   0: 0x80008b9a (0x41f68133) sub     sp, a3, t6
core   0: 3 0x80008b9a (0x41f68133) x2  0x80025e30
core   0: 0x80008b9e (0x41848bb3) sub     s7, s1, s8
core   0: 3 0x80008b9e (0x41848bb3) x23 0x045cdc69
core   0: 0x80008ba2 (0x03e3e9b3) rem     s3, t2, t5
core   0: 3 0x80008ba2 (0x03e3e9b3) x19 0x00000001
core   0: 0x80008ba6 (0x00000001) c.nop
core   0: 3 0x80008ba6 (0x0001)
core   0: 0x80008ba8 (0x00000e85) c.addi  t4, 1
core   0: 3 0x80008ba8 (0x0e85) x29 0x00000005
core   0: 0x80008baa (0xfeee94e3) bne     t4, a4, pc - 24
core   0: 3 0x80008baa (0xfeee94e3)
core   0: 0x80008b92 (0x00001b7d) c.addi  s6, -1
core   0: 3 0x80008b92 (0x1b7d) x22 0x0230ccae
core   0: 0x80008b94 (0x01ca41b3) xor     gp, s4, t3
core   0: 3 0x80008b94 (0x01ca41b3) x3  0xfffffbfc
core   0: 0x80008b98 (0x00008fb1) c.xor   a5, a2
core   0: 3 0x80008b98 (0x8fb1) x15 0x00000000
core   0: 0x80008b9a (0x41f68133) sub     sp, a3, t6
core   0: 3 0x80008b9a (0x41f68133) x2  0x80025e30
core   0: 0x80008b9e (0x41848bb3) sub     s7, s1, s8
core   0: 3 0x80008b9e (0x41848bb3) x23 0x045cdc69
core   0: 0x80008ba2 (0x03e3e9b3) rem     s3, t2, t5
core   0: 3 0x80008ba2 (0x03e3e9b3) x19 0x00000001
core   0: 0x80008ba6 (0x00000001) c.nop
core   0: 3 0x80008ba6 (0x0001)
core   0: 0x80008ba8 (0x00000e85) c.addi  t4, 1
core   0: 3 0x80008ba8 (0x0e85) x29 0x00000006
core   0: 0x80008baa (0xfeee94e3) bne     t4, a4, pc - 24
core   0: 3 0x80008baa (0xfeee94e3)
core   0: 0x80008b92 (0x00001b7d) c.addi  s6, -1
core   0: 3 0x80008b92 (0x1b7d) x22 0x0230ccad
core   0: 0x80008b94 (0x01ca41b3) xor     gp, s4, t3
core   0: 3 0x80008b94 (0x01ca41b3) x3  0xfffffbfc
core   0: 0x80008b98 (0x00008fb1) c.xor   a5, a2
core   0: 3 0x80008b98 (0x8fb1) x15 0xfffffcfc
core   0: 0x80008b9a (0x41f68133) sub     sp, a3, t6
core   0: 3 0x80008b9a (0x41f68133) x2  0x80025e30
core   0: 0x80008b9e (0x41848bb3) sub     s7, s1, s8
core   0: 3 0x80008b9e (0x41848bb3) x23 0x045cdc69
core   0: 0x80008ba2 (0x03e3e9b3) rem     s3, t2, t5
core   0: 3 0x80008ba2 (0x03e3e9b3) x19 0x00000001
core   0: 0x80008ba6 (0x00000001) c.nop
core   0: 3 0x80008ba6 (0x0001)
core   0: 0x80008ba8 (0x00000e85) c.addi  t4, 1
core   0: 3 0x80008ba8 (0x0e85) x29 0x00000007
core   0: 0x80008baa (0xfeee94e3) bne     t4, a4, pc - 24
core   0: 3 0x80008baa (0xfeee94e3)
core   0: 0x80008b92 (0x00001b7d) c.addi  s6, -1
core   0: 3 0x80008b92 (0x1b7d) x22 0x0230ccac
core   0: 0x80008b94 (0x01ca41b3) xor     gp, s4, t3
core   0: 3 0x80008b94 (0x01ca41b3) x3  0xfffffbfc
core   0: 0x80008b98 (0x00008fb1) c.xor   a5, a2
core   0: 3 0x80008b98 (0x8fb1) x15 0x00000000
core   0: 0x80008b9a (0x41f68133) sub     sp, a3, t6
core   0: 3 0x80008b9a (0x41f68133) x2  0x80025e30
core   0: 0x80008b9e (0x41848bb3) sub     s7, s1, s8
core   0: 3 0x80008b9e (0x41848bb3) x23 0x045cdc69
core   0: 0x80008ba2 (0x03e3e9b3) rem     s3, t2, t5
core   0: 3 0x80008ba2 (0x03e3e9b3) x19 0x00000001
core   0: 0x80008ba6 (0x00000001) c.nop
core   0: 3 0x80008ba6 (0x0001)
core   0: 0x80008ba8 (0x00000e85) c.addi  t4, 1
core   0: 3 0x80008ba8 (0x0e85) x29 0x00000008
core   0: 0x80008baa (0xfeee94e3) bne     t4, a4, pc - 24
core   0: 3 0x80008baa (0xfeee94e3)
core   0: 0x80008b92 (0x00001b7d) c.addi  s6, -1
core   0: 3 0x80008b92 (0x1b7d) x22 0x0230ccab
core   0: 0x80008b94 (0x01ca41b3) xor     gp, s4, t3
core   0: 3 0x80008b94 (0x01ca41b3) x3  0xfffffbfc
core   0: 0x80008b98 (0x00008fb1) c.xor   a5, a2
core   0: 3 0x80008b98 (0x8fb1) x15 0xfffffcfc
core   0: 0x80008b9a (0x41f68133) sub     sp, a3, t6
core   0: 3 0x80008b9a (0x41f68133) x2  0x80025e30
core   0: 0x80008b9e (0x41848bb3) sub     s7, s1, s8
core   0: 3 0x80008b9e (0x41848bb3) x23 0x045cdc69
core   0: 0x80008ba2 (0x03e3e9b3) rem     s3, t2, t5
core   0: 3 0x80008ba2 (0x03e3e9b3) x19 0x00000001
core   0: 0x80008ba6 (0x00000001) c.nop
core   0: 3 0x80008ba6 (0x0001)
core   0: 0x80008ba8 (0x00000e85) c.addi  t4, 1
core   0: 3 0x80008ba8 (0x0e85) x29 0x00000009
core   0: 0x80008baa (0xfeee94e3) bne     t4, a4, pc - 24
core   0: 3 0x80008baa (0xfeee94e3)
core   0: 0x80008b92 (0x00001b7d) c.addi  s6, -1
core   0: 3 0x80008b92 (0x1b7d) x22 0x0230ccaa
core   0: 0x80008b94 (0x01ca41b3) xor     gp, s4, t3
core   0: 3 0x80008b94 (0x01ca41b3) x3  0xfffffbfc
core   0: 0x80008b98 (0x00008fb1) c.xor   a5, a2
core   0: 3 0x80008b98 (0x8fb1) x15 0x00000000
core   0: 0x80008b9a (0x41f68133) sub     sp, a3, t6
core   0: 3 0x80008b9a (0x41f68133) x2  0x80025e30
core   0: 0x80008b9e (0x41848bb3) sub     s7, s1, s8
core   0: 3 0x80008b9e (0x41848bb3) x23 0x045cdc69
core   0: 0x80008ba2 (0x03e3e9b3) rem     s3, t2, t5
core   0: 3 0x80008ba2 (0x03e3e9b3) x19 0x00000001
core   0: 0x80008ba6 (0x00000001) c.nop
core   0: 3 0x80008ba6 (0x0001)
core   0: 0x80008ba8 (0x00000e85) c.addi  t4, 1
core   0: 3 0x80008ba8 (0x0e85) x29 0x0000000a
core   0: 0x80008baa (0xfeee94e3) bne     t4, a4, pc - 24
core   0: 3 0x80008baa (0xfeee94e3)
core   0: 0x80008b92 (0x00001b7d) c.addi  s6, -1
core   0: 3 0x80008b92 (0x1b7d) x22 0x0230cca9
core   0: 0x80008b94 (0x01ca41b3) xor     gp, s4, t3
core   0: 3 0x80008b94 (0x01ca41b3) x3  0xfffffbfc
core   0: 0x80008b98 (0x00008fb1) c.xor   a5, a2
core   0: 3 0x80008b98 (0x8fb1) x15 0xfffffcfc
core   0: 0x80008b9a (0x41f68133) sub     sp, a3, t6
core   0: 3 0x80008b9a (0x41f68133) x2  0x80025e30
core   0: 0x80008b9e (0x41848bb3) sub     s7, s1, s8
core   0: 3 0x80008b9e (0x41848bb3) x23 0x045cdc69
core   0: 0x80008ba2 (0x03e3e9b3) rem     s3, t2, t5
core   0: 3 0x80008ba2 (0x03e3e9b3) x19 0x00000001
core   0: 0x80008ba6 (0x00000001) c.nop
core   0: 3 0x80008ba6 (0x0001)
core   0: 0x80008ba8 (0x00000e85) c.addi  t4, 1
core   0: 3 0x80008ba8 (0x0e85) x29 0x0000000b
core   0: 0x80008baa (0xfeee94e3) bne     t4, a4, pc - 24
core   0: 3 0x80008baa (0xfeee94e3)
core   0: 0x80008b92 (0x00001b7d) c.addi  s6, -1
core   0: 3 0x80008b92 (0x1b7d) x22 0x0230cca8
core   0: 0x80008b94 (0x01ca41b3) xor     gp, s4, t3
core   0: 3 0x80008b94 (0x01ca41b3) x3  0xfffffbfc
core   0: 0x80008b98 (0x00008fb1) c.xor   a5, a2
core   0: 3 0x80008b98 (0x8fb1) x15 0x00000000
core   0: 0x80008b9a (0x41f68133) sub     sp, a3, t6
core   0: 3 0x80008b9a (0x41f68133) x2  0x80025e30
core   0: 0x80008b9e (0x41848bb3) sub     s7, s1, s8
core   0: 3 0x80008b9e (0x41848bb3) x23 0x045cdc69
core   0: 0x80008ba2 (0x03e3e9b3) rem     s3, t2, t5
core   0: 3 0x80008ba2 (0x03e3e9b3) x19 0x00000001
core   0: 0x80008ba6 (0x00000001) c.nop
core   0: 3 0x80008ba6 (0x0001)
core   0: 0x80008ba8 (0x00000e85) c.addi  t4, 1
core   0: 3 0x80008ba8 (0x0e85) x29 0x0000000c
core   0: 0x80008baa (0xfeee94e3) bne     t4, a4, pc - 24
core   0: 3 0x80008baa (0xfeee94e3)
core   0: 0x80008b92 (0x00001b7d) c.addi  s6, -1
core   0: 3 0x80008b92 (0x1b7d) x22 0x0230cca7
core   0: 0x80008b94 (0x01ca41b3) xor     gp, s4, t3
core   0: 3 0x80008b94 (0x01ca41b3) x3  0xfffffbfc
core   0: 0x80008b98 (0x00008fb1) c.xor   a5, a2
core   0: 3 0x80008b98 (0x8fb1) x15 0xfffffcfc
core   0: 0x80008b9a (0x41f68133) sub     sp, a3, t6
core   0: 3 0x80008b9a (0x41f68133) x2  0x80025e30
core   0: 0x80008b9e (0x41848bb3) sub     s7, s1, s8
core   0: 3 0x80008b9e (0x41848bb3) x23 0x045cdc69
core   0: 0x80008ba2 (0x03e3e9b3) rem     s3, t2, t5
core   0: 3 0x80008ba2 (0x03e3e9b3) x19 0x00000001
core   0: 0x80008ba6 (0x00000001) c.nop
core   0: 3 0x80008ba6 (0x0001)
core   0: 0x80008ba8 (0x00000e85) c.addi  t4, 1
core   0: 3 0x80008ba8 (0x0e85) x29 0x0000000d
core   0: 0x80008baa (0xfeee94e3) bne     t4, a4, pc - 24
core   0: 3 0x80008baa (0xfeee94e3)
core   0: 0x80008b92 (0x00001b7d) c.addi  s6, -1
core   0: 3 0x80008b92 (0x1b7d) x22 0x0230cca6
core   0: 0x80008b94 (0x01ca41b3) xor     gp, s4, t3
core   0: 3 0x80008b94 (0x01ca41b3) x3  0xfffffbfc
core   0: 0x80008b98 (0x00008fb1) c.xor   a5, a2
core   0: 3 0x80008b98 (0x8fb1) x15 0x00000000
core   0: 0x80008b9a (0x41f68133) sub     sp, a3, t6
core   0: 3 0x80008b9a (0x41f68133) x2  0x80025e30
core   0: 0x80008b9e (0x41848bb3) sub     s7, s1, s8
core   0: 3 0x80008b9e (0x41848bb3) x23 0x045cdc69
core   0: 0x80008ba2 (0x03e3e9b3) rem     s3, t2, t5
core   0: 3 0x80008ba2 (0x03e3e9b3) x19 0x00000001
core   0: 0x80008ba6 (0x00000001) c.nop
core   0: 3 0x80008ba6 (0x0001)
core   0: 0x80008ba8 (0x00000e85) c.addi  t4, 1
core   0: 3 0x80008ba8 (0x0e85) x29 0x0000000e
core   0: 0x80008baa (0xfeee94e3) bne     t4, a4, pc - 24
core   0: 3 0x80008baa (0xfeee94e3)
core   0: 0x80008b92 (0x00001b7d) c.addi  s6, -1
core   0: 3 0x80008b92 (0x1b7d) x22 0x0230cca5
core   0: 0x80008b94 (0x01ca41b3) xor     gp, s4, t3
core   0: 3 0x80008b94 (0x01ca41b3) x3  0xfffffbfc
core   0: 0x80008b98 (0x00008fb1) c.xor   a5, a2
core   0: 3 0x80008b98 (0x8fb1) x15 0xfffffcfc
core   0: 0x80008b9a (0x41f68133) sub     sp, a3, t6
core   0: 3 0x80008b9a (0x41f68133) x2  0x80025e30
core   0: 0x80008b9e (0x41848bb3) sub     s7, s1, s8
core   0: 3 0x80008b9e (0x41848bb3) x23 0x045cdc69
core   0: 0x80008ba2 (0x03e3e9b3) rem     s3, t2, t5
core   0: 3 0x80008ba2 (0x03e3e9b3) x19 0x00000001
core   0: 0x80008ba6 (0x00000001) c.nop
core   0: 3 0x80008ba6 (0x0001)
core   0: 0x80008ba8 (0x00000e85) c.addi  t4, 1
core   0: 3 0x80008ba8 (0x0e85) x29 0x0000000f
core   0: 0x80008baa (0xfeee94e3) bne     t4, a4, pc - 24
core   0: 3 0x80008baa (0xfeee94e3)
core   0: 0x80008b92 (0x00001b7d) c.addi  s6, -1
core   0: 3 0x80008b92 (0x1b7d) x22 0x0230cca4
core   0: 0x80008b94 (0x01ca41b3) xor     gp, s4, t3
core   0: 3 0x80008b94 (0x01ca41b3) x3  0xfffffbfc
core   0: 0x80008b98 (0x00008fb1) c.xor   a5, a2
core   0: 3 0x80008b98 (0x8fb1) x15 0x00000000
core   0: 0x80008b9a (0x41f68133) sub     sp, a3, t6
core   0: 3 0x80008b9a (0x41f68133) x2  0x80025e30
core   0: 0x80008b9e (0x41848bb3) sub     s7, s1, s8
core   0: 3 0x80008b9e (0x41848bb3) x23 0x045cdc69
core   0: 0x80008ba2 (0x03e3e9b3) rem     s3, t2, t5
core   0: 3 0x80008ba2 (0x03e3e9b3) x19 0x00000001
core   0: 0x80008ba6 (0x00000001) c.nop
core   0: 3 0x80008ba6 (0x0001)
core   0: 0x80008ba8 (0x00000e85) c.addi  t4, 1
core   0: 3 0x80008ba8 (0x0e85) x29 0x00000010
core   0: 0x80008baa (0xfeee94e3) bne     t4, a4, pc - 24
core   0: 3 0x80008baa (0xfeee94e3)
core   0: 0x80008b92 (0x00001b7d) c.addi  s6, -1
core   0: 3 0x80008b92 (0x1b7d) x22 0x0230cca3
core   0: 0x80008b94 (0x01ca41b3) xor     gp, s4, t3
core   0: 3 0x80008b94 (0x01ca41b3) x3  0xfffffbfc
core   0: 0x80008b98 (0x00008fb1) c.xor   a5, a2
core   0: 3 0x80008b98 (0x8fb1) x15 0xfffffcfc
core   0: 0x80008b9a (0x41f68133) sub     sp, a3, t6
core   0: 3 0x80008b9a (0x41f68133) x2  0x80025e30
core   0: 0x80008b9e (0x41848bb3) sub     s7, s1, s8
core   0: 3 0x80008b9e (0x41848bb3) x23 0x045cdc69
core   0: 0x80008ba2 (0x03e3e9b3) rem     s3, t2, t5
core   0: 3 0x80008ba2 (0x03e3e9b3) x19 0x00000001
core   0: 0x80008ba6 (0x00000001) c.nop
core   0: 3 0x80008ba6 (0x0001)
core   0: 0x80008ba8 (0x00000e85) c.addi  t4, 1
core   0: 3 0x80008ba8 (0x0e85) x29 0x00000011
core   0: 0x80008baa (0xfeee94e3) bne     t4, a4, pc - 24
core   0: 3 0x80008baa (0xfeee94e3)
core   0: 0x80008b92 (0x00001b7d) c.addi  s6, -1
core   0: 3 0x80008b92 (0x1b7d) x22 0x0230cca2
core   0: 0x80008b94 (0x01ca41b3) xor     gp, s4, t3
core   0: 3 0x80008b94 (0x01ca41b3) x3  0xfffffbfc
core   0: 0x80008b98 (0x00008fb1) c.xor   a5, a2
core   0: 3 0x80008b98 (0x8fb1) x15 0x00000000
core   0: 0x80008b9a (0x41f68133) sub     sp, a3, t6
core   0: 3 0x80008b9a (0x41f68133) x2  0x80025e30
core   0: 0x80008b9e (0x41848bb3) sub     s7, s1, s8
core   0: 3 0x80008b9e (0x41848bb3) x23 0x045cdc69
core   0: 0x80008ba2 (0x03e3e9b3) rem     s3, t2, t5
core   0: 3 0x80008ba2 (0x03e3e9b3) x19 0x00000001
core   0: 0x80008ba6 (0x00000001) c.nop
core   0: 3 0x80008ba6 (0x0001)
core   0: 0x80008ba8 (0x00000e85) c.addi  t4, 1
core   0: 3 0x80008ba8 (0x0e85) x29 0x00000012
core   0: 0x80008baa (0xfeee94e3) bne     t4, a4, pc - 24
core   0: 3 0x80008baa (0xfeee94e3)
core   0: 0x80008b92 (0x00001b7d) c.addi  s6, -1
core   0: 3 0x80008b92 (0x1b7d) x22 0x0230cca1
core   0: 0x80008b94 (0x01ca41b3) xor     gp, s4, t3
core   0: 3 0x80008b94 (0x01ca41b3) x3  0xfffffbfc
core   0: 0x80008b98 (0x00008fb1) c.xor   a5, a2
core   0: 3 0x80008b98 (0x8fb1) x15 0xfffffcfc
core   0: 0x80008b9a (0x41f68133) sub     sp, a3, t6
core   0: 3 0x80008b9a (0x41f68133) x2  0x80025e30
core   0: 0x80008b9e (0x41848bb3) sub     s7, s1, s8
core   0: 3 0x80008b9e (0x41848bb3) x23 0x045cdc69
core   0: 0x80008ba2 (0x03e3e9b3) rem     s3, t2, t5
core   0: 3 0x80008ba2 (0x03e3e9b3) x19 0x00000001
core   0: 0x80008ba6 (0x00000001) c.nop
core   0: 3 0x80008ba6 (0x0001)
core   0: 0x80008ba8 (0x00000e85) c.addi  t4, 1
core   0: 3 0x80008ba8 (0x0e85) x29 0x00000013
core   0: 0x80008baa (0xfeee94e3) bne     t4, a4, pc - 24
core   0: 3 0x80008baa (0xfeee94e3)
core   0: 0x80008bae (0xe09f7493) andi    s1, t5, -503
core   0: 3 0x80008bae (0xe09f7493) x9  0x001bb400
core   0: 0x80008bb2 (0x0000f1e1) c.bnez  a1, pc - 64
core   0: 3 0x80008bb2 (0xf1e1)
core   0: 0x80008bb4 (0x0000821d) c.srli  a2, 7
core   0: 3 0x80008bb4 (0x821d) x12 0x01fffff9
core   0: 0x80008bb6 (0x0393f633) remu    a2, t2, s9
core   0: 3 0x80008bb6 (0x0393f633) x12 0x00000001
core   0: 0x80008bba (0x000098fd) c.andi  s1, -1
core   0: 3 0x80008bba (0x98fd) x9  0x001bb400
core   0: 0x80008bbc (0x0000cb85) c.beqz  a5, pc + 48
core   0: 3 0x80008bbc (0xcb85)
core   0: 0x80008bbe (0x01ea6533) or      a0, s4, t5
core   0: 3 0x80008bbe (0x01ea6533) x10 0xfffffffd
core   0: 0x80008bc2 (0x00000001) c.nop
core   0: 3 0x80008bc2 (0x0001)
core   0: 0x80008bc4 (0x3641b313) sltiu   t1, gp, 868
core   0: 3 0x80008bc4 (0x3641b313) x6  0x00000000
core   0: 0x80008bc8 (0x00004649) c.li    a2, 18
core   0: 3 0x80008bc8 (0x4649) x12 0x00000012
core   0: 0x80008bca (0x414cd393) srai    t2, s9, 20
core   0: 3 0x80008bca (0x414cd393) x7  0x00000000
core   0: 0x80008bce (0x03d5e7b3) rem     a5, a1, t4
core   0: 3 0x80008bce (0x03d5e7b3) x15 0x00000000
core   0: 0x80008bd2 (0x406b0d33) sub     s10, s6, t1
core   0: 3 0x80008bd2 (0x406b0d33) x26 0x0230cca1
core   0: 0x80008bd6 (0x00008249) c.srli  a2, 18
core   0: 3 0x80008bd6 (0x8249) x12 0x00000000
core   0: 0x80008bd8 (0x01afd793) srli    a5, t6, 26
core   0: 3 0x80008bd8 (0x01afd793) x15 0x00000000
core   0: 0x80008bdc (0x0008c263) bltz    a7, pc + 4
core   0: 3 0x80008bdc (0x0008c263)
core   0: 0x80008be0 (0x0000c495) c.beqz  s1, pc + 44
core   0: 3 0x80008be0 (0xc495)
core   0: 0x80008be2 (0x029a6a33) rem     s4, s4, s1
core   0: 3 0x80008be2 (0x029a6a33) x20 0xfffffbfd
core   0: 0x80008be6 (0x00e31493) slli    s1, t1, 14
core   0: 3 0x80008be6 (0x00e31493) x9  0x00000000
core   0: 0x80008bea (0x00000001) c.nop
core   0: 3 0x80008bea (0x0001)
core   0: 0x80008bec (0x00e2ecb3) or      s9, t0, a4
core   0: 3 0x80008bec (0x00e2ecb3) x25 0x00000013
core   0: 0x80008bf0 (0x00306233) or      tp, zero, gp
core   0: 3 0x80008bf0 (0x00306233) x4  0xfffffbfc
core   0: 0x80008bf4 (0x0138b633) sltu    a2, a7, s3
core   0: 3 0x80008bf4 (0x0138b633) x12 0x00000001
core   0: 0x80008bf8 (0x01b937b3) sltu    a5, s2, s11
core   0: 3 0x80008bf8 (0x01b937b3) x15 0x00000001
core   0: 0x80008bfc (0x40b65013) srai    zero, a2, 11
core   0: 3 0x80008bfc (0x40b65013)
core   0: 0x80008c00 (0x00008211) c.srli  a2, 4
core   0: 3 0x80008c00 (0x8211) x12 0x00000000
core   0: 0x80008c02 (0x00008abe) c.mv    s5, a5
core   0: 3 0x80008c02 (0x8abe) x21 0x00000001
core   0: 0x80008c04 (0x018060b3) or      ra, zero, s8
core   0: 3 0x80008c04 (0x018060b3) x1  0xfba32397
core   0: 0x80008c08 (0x0053ffb3) and     t6, t2, t0
core   0: 3 0x80008c08 (0x0053ffb3) x31 0x00000000
core   0: 0x80008c0c (0x03c1e5b3) rem     a1, gp, t3
core   0: 3 0x80008c0c (0x03c1e5b3) x11 0x00000000
core   0: 0x80008c10 (0x00005d7d) c.li    s10, -1
core   0: 3 0x80008c10 (0x5d7d) x26 0xffffffff
core   0: 0x80008c12 (0x3ae33793) sltiu   a5, t1, 942
core   0: 3 0x80008c12 (0x3ae33793) x15 0x00000001
core   0: 0x80008c16 (0x0000c185) c.beqz  a1, pc + 32
core   0: 3 0x80008c16 (0xc185)
core   0: 0x80008c36 (0x23176913) ori     s2, a4, 561
core   0: 3 0x80008c36 (0x23176913) x18 0x00000233
core   0: 0x80008c3a (0x00008f22) c.mv    t5, s0
core   0: 3 0x80008c3a (0x8f22) x30 0x80029ce4
core   0: 0x80008c3c (0x00f069b3) or      s3, zero, a5
core   0: 3 0x80008c3c (0x00f069b3) x19 0x00000001
core   0: 0x80008c40 (0x01199133) sll     sp, s3, a7
core   0: 3 0x80008c40 (0x01199133) x2  0x00000001
core   0: 0x80008c44 (0x145c7913) andi    s2, s8, 325
core   0: 3 0x80008c44 (0x145c7913) x18 0x00000105
core   0: 0x80008c48 (0x00005d7d) c.li    s10, -1
core   0: 3 0x80008c48 (0x5d7d) x26 0xffffffff
core   0: 0x80008c4a (0x00000001) c.nop
core   0: 3 0x80008c4a (0x0001)
core   0: 0x80008c4c (0x00424cb3) xor     s9, tp, tp
core   0: 3 0x80008c4c (0x00424cb3) x25 0x00000000
core   0: 0x80008c50 (0x000081a1) c.srli  a1, 8
core   0: 3 0x80008c50 (0x81a1) x11 0x00000000
core   0: 0x80008c52 (0x014972b3) and     t0, s2, s4
core   0: 3 0x80008c52 (0x014972b3) x5  0x00000105
core   0: 0x80008c56 (0x03a91ab3) mulh    s5, s2, s10
core   0: 3 0x80008c56 (0x03a91ab3) x21 0xffffffff
core   0: 0x80008c5a (0x0000ce19) c.beqz  a2, pc + 30
core   0: 3 0x80008c5a (0xce19)
core   0: 0x80008c78 (0x01d75513) srli    a0, a4, 29
core   0: 3 0x80008c78 (0x01d75513) x10 0x00000000
core   0: 0x80008c7c (0x03db91b3) mulh    gp, s7, t4
core   0: 3 0x80008c7c (0x03db91b3) x3  0x00000000
core   0: 0x80008c80 (0x000091a2) c.add   gp, s0
core   0: 3 0x80008c80 (0x91a2) x3  0x80029ce4
core   0: 0x80008c82 (0x21f5c4b7) lui     s1, 0x21f5c
core   0: 3 0x80008c82 (0x21f5c4b7) x9  0x21f5c000
core   0: 0x80008c86 (0x00000001) c.nop
core   0: 3 0x80008c86 (0x0001)
core   0: 0x80008c88 (0x018161b3) or      gp, sp, s8
core   0: 3 0x80008c88 (0x018161b3) x3  0xfba32397
core   0: 0x80008c8c (0x4197a013) slti    zero, a5, 1049
core   0: 3 0x80008c8c (0x4197a013)
core   0: 0x80008c90 (0x00aa6663) bltu    s4, a0, pc + 12
core   0: 3 0x80008c90 (0x00aa6663)
core   0: 0x80008c94 (0x0a077063) bgeu    a4, zero, pc + 160
core   0: 3 0x80008c94 (0x0a077063)
core   0: 0x80008d34 (0x01f9e863) bltu    s3, t6, pc + 16
core   0: 3 0x80008d34 (0x01f9e863)
core   0: 0x80008d38 (0xc2efbd13) sltiu   s10, t6, -978
core   0: 3 0x80008d38 (0xc2efbd13) x26 0x00000001
core   0: 0x80008d3c (0x018e3733) sltu    a4, t3, s8
core   0: 3 0x80008d3c (0x018e3733) x14 0x00000001
core   0: 0x80008d40 (0x03cd31b3) mulhu   gp, s10, t3
core   0: 3 0x80008d40 (0x03cd31b3) x3  0x00000000
core   0: 0x80008d44 (0x00008ca5) c.xor   s1, s1
core   0: 3 0x80008d44 (0x8ca5) x9  0x00000000
core   0: 0x80008d46 (0x00a793b3) sll     t2, a5, a0
core   0: 3 0x80008d46 (0x00a793b3) x7  0x00000001
core   0: 0x80008d4a (0x00f15493) srli    s1, sp, 15
core   0: 3 0x80008d4a (0x00f15493) x9  0x00000000
core   0: 0x80008d4e (0x020f87b3) mul     a5, t6, zero
core   0: 3 0x80008d4e (0x020f87b3) x15 0x00000000
core   0: 0x80008d52 (0x018e68b3) or      a7, t3, s8
core   0: 3 0x80008d52 (0x018e68b3) x17 0xfba32397
core   0: 0x80008d56 (0x0187c533) xor     a0, a5, s8
core   0: 3 0x80008d56 (0x0187c533) x10 0xfba32397
core   0: 0x80008d5a (0x013d63b3) or      t2, s10, s3
core   0: 3 0x80008d5a (0x013d63b3) x7  0x00000001
core   0: 0x80008d5e (0x00006135) c.addi16sp sp, 352
core   0: 3 0x80008d5e (0x6135) x2  0x00000161
core   0: 0x80008d60 (0x03d56a63) bltu    a0, t4, pc + 52
core   0: 3 0x80008d60 (0x03d56a63)
core   0: 0x80008d64 (0x23952193) slti    gp, a0, 569
core   0: 3 0x80008d64 (0x23952193) x3  0x00000001
core   0: 0x80008d68 (0x00008ca9) c.xor   s1, a0
core   0: 3 0x80008d68 (0x8ca9) x9  0xfba32397
core   0: 0x80008d6a (0x03575833) divu    a6, a4, s5
core   0: 3 0x80008d6a (0x03575833) x16 0x00000000
core   0: 0x80008d6e (0x016cab33) slt     s6, s9, s6
core   0: 3 0x80008d6e (0x016cab33) x22 0x00000001
core   0: 0x80008d72 (0x0000e199) c.bnez  a1, pc + 6
core   0: 3 0x80008d72 (0xe199)
core   0: 0x80008d74 (0x03a60d33) mul     s10, a2, s10
core   0: 3 0x80008d74 (0x03a60d33) x26 0x00000000
core   0: 0x80008d78 (0xd01af4b7) lui     s1, 0xd01af
core   0: 3 0x80008d78 (0xd01af4b7) x9  0xd01af000
core   0: 0x80008d7c (0x8f8b30b7) lui     ra, 0x8f8b3
core   0: 3 0x80008d7c (0x8f8b30b7) x1  0x8f8b3000
core   0: 0x80008d80 (0x024e9133) mulh    sp, t4, tp
core   0: 3 0x80008d80 (0x024e9133) x2  0xffffffff
core   0: 0x80008d84 (0x01f3c333) xor     t1, t2, t6
core   0: 3 0x80008d84 (0x01f3c333) x6  0x00000001
core   0: 0x80008d88 (0x00457633) and     a2, a0, tp
core   0: 3 0x80008d88 (0x00457633) x12 0xfba32394
core   0: 0x80008d8c (0x00008e75) c.and   a2, a3
core   0: 3 0x80008d8c (0x8e75) x12 0x80020210
core   0: 0x80008d8e (0xa28f4813) xori    a6, t5, -1496
core   0: 3 0x80008d8e (0xa28f4813) x16 0x7ffd66cc
core   0: 0x80008d92 (0x0000c891) c.beqz  s1, pc + 20
core   0: 3 0x80008d92 (0xc891)
core   0: 0x80008d94 (0x01e79013) slli    zero, a5, 30
core   0: 3 0x80008d94 (0x01e79013)
core   0: 0x80008d98 (0x000099ce) c.add   s3, s3
core   0: 3 0x80008d98 (0x99ce) x19 0x00000002
core   0: 0x80008d9a (0x00000001) c.nop
core   0: 3 0x80008d9a (0x0001)
core   0: 0x80008d9c (0x00a8bfb3) sltu    t6, a7, a0
core   0: 3 0x80008d9c (0x00a8bfb3) x31 0x00000000
core   0: 0x80008da0 (0x00843233) sltu    tp, s0, s0
core   0: 3 0x80008da0 (0x00843233) x4  0x00000000
core   0: 0x80008da4 (0x000069e1) c.lui   s3, 0x18
core   0: 3 0x80008da4 (0x69e1) x19 0x00018000
core   0: 0x80008da6 (0x93fb7c93) andi    s9, s6, -1729
core   0: 3 0x80008da6 (0x93fb7c93) x25 0x00000001
core   0: 0x80008daa (0xcc60ed93) ori     s11, ra, -826
core   0: 3 0x80008daa (0xcc60ed93) x27 0xfffffcc6
core   0: 0x80008dae (0x00008521) c.srai  a0, 8
core   0: 3 0x80008dae (0x8521) x10 0xfffba323
core   0: 0x80008db0 (0x00008f49) c.or    a4, a0
core   0: 3 0x80008db0 (0x8f49) x14 0xfffba323
core   0: 0x80008db2 (0x000084c2) c.mv    s1, a6
core   0: 3 0x80008db2 (0x84c2) x9  0x7ffd66cc
core   0: 0x80008db4 (0x00000001) c.nop
core   0: 3 0x80008db4 (0x0001)
core   0: 0x80008db6 (0x02d07a63) bgeu    zero, a3, pc + 52
core   0: 3 0x80008db6 (0x02d07a63)
core   0: 0x80008dba (0x0000ea05) c.bnez  a2, pc + 48
core   0: 3 0x80008dba (0xea05)
core   0: 0x80008dea (0x001b5713) srli    a4, s6, 1
core   0: 3 0x80008dea (0x001b5713) x14 0x00000000
core   0: 0x80008dee (0x01a8fa33) and     s4, a7, s10
core   0: 3 0x80008dee (0x01a8fa33) x20 0x00000000
core   0: 0x80008df2 (0x00009bfd) c.andi  a5, -1
core   0: 3 0x80008df2 (0x9bfd) x15 0x00000000
core   0: 0x80008df4 (0x000080fe) c.mv    ra, t6
core   0: 3 0x80008df4 (0x80fe) x1  0x00000000
core   0: 0x80008df6 (0x00008ccd) c.or    s1, a1
core   0: 3 0x80008df6 (0x8ccd) x9  0x7ffd66cc
core   0: 0x80008df8 (0x01010663) beq     sp, a6, pc + 12
core   0: 3 0x80008df8 (0x01010663)
core   0: 0x80008dfc (0x000087d1) c.srai  a5, 20
core   0: 3 0x80008dfc (0x87d1) x15 0x00000000
core   0: 0x80008dfe (0x36e2be13) sltiu   t3, t0, 878
core   0: 3 0x80008dfe (0x36e2be13) x28 0x00000001
core   0: 0x80008e02 (0x00006d1d) c.lui   s10, 0x7
core   0: 3 0x80008e02 (0x6d1d) x26 0x00007000
core   0: 0x80008e04 (0x02ed1963) bne     s10, a4, pc + 50
core   0: 3 0x80008e04 (0x02ed1963)
core   0: 0x80008e36 (0x00009ee6) c.add   t4, s9
core   0: 3 0x80008e36 (0x9ee6) x29 0x00000014
core   0: 0x80008e38 (0x1e312993) slti    s3, sp, 483
core   0: 3 0x80008e38 (0x1e312993) x19 0x00000001
core   0: 0x80008e3c (0x000081e1) c.srli  a1, 24
core   0: 3 0x80008e3c (0x81e1) x11 0x00000000
core   0: 0x80008e3e (0x000084b1) c.srai  s1, 12
core   0: 3 0x80008e3e (0x84b1) x9  0x0007ffd6
core   0: 0x80008e40 (0x000bf263) bgeu    s7, zero, pc + 4
core   0: 3 0x80008e40 (0x000bf263)
core   0: 0x80008e44 (0x40620fb3) sub     t6, tp, t1
core   0: 3 0x80008e44 (0x40620fb3) x31 0xffffffff
core   0: 0x80008e48 (0x03e93533) mulhu   a0, s2, t5
core   0: 3 0x80008e48 (0x03e93533) x10 0x00000082
core   0: 0x80008e4c (0x001bdfb3) srl     t6, s7, ra
core   0: 3 0x80008e4c (0x001bdfb3) x31 0x045cdc69
core   0: 0x80008e50 (0xa374be93) sltiu   t4, s1, -1481
core   0: 3 0x80008e50 (0xa374be93) x29 0x00000001
core   0: 0x80008e54 (0xf97a8e13) addi    t3, s5, -105
core   0: 3 0x80008e54 (0xf97a8e13) x28 0xffffff96
core   0: 0x80008e58 (0x00008629) c.srai  a2, 10
core   0: 3 0x80008e58 (0x8629) x12 0xffe00080
core   0: 0x80008e5a (0x00008bf2) c.mv    s7, t3
core   0: 3 0x80008e5a (0x8bf2) x23 0xffffff96
core   0: 0x80008e5c (0x5c6feb93) ori     s7, t6, 1478
core   0: 3 0x80008e5c (0x5c6feb93) x23 0x045cddef
core   0: 0x80008e60 (0x00000669) c.addi  a2, 26
core   0: 3 0x80008e60 (0x0669) x12 0xffe0009a
core   0: 0x80008e62 (0xe0df7e13) andi    t3, t5, -499
core   0: 3 0x80008e62 (0xe0df7e13) x28 0x80029c04
core   0: 0x80008e66 (0x0000694d) c.lui   s2, 0x13
core   0: 3 0x80008e66 (0x694d) x18 0x00013000
core   0: 0x80008e68 (0x02728133) mul     sp, t0, t2
core   0: 3 0x80008e68 (0x02728133) x2  0x00000105
core   0: 0x80008e6c (0x00000001) c.nop
core   0: 3 0x80008e6c (0x0001)
core   0: 0x80008e6e (0x0000587d) c.li    a6, -1
core   0: 3 0x80008e6e (0x587d) x16 0xffffffff
core   0: 0x80008e70 (0x0000717d) c.addi16sp sp, -16
core   0: 3 0x80008e70 (0x717d) x2  0x000000f5
core   0: 0x80008e72 (0x0000717d) c.addi16sp sp, -16
core   0: 3 0x80008e72 (0x717d) x2  0x000000e5
core   0: 0x80008e74 (0x0000613d) c.addi16sp sp, 480
core   0: 3 0x80008e74 (0x613d) x2  0x000002c5
core   0: 0x80008e76 (0x0000527d) c.li    tp, -1
core   0: 3 0x80008e76 (0x527d) x4  0xffffffff
core   0: 0x80008e78 (0x000089b5) c.andi  a1, 13
core   0: 3 0x80008e78 (0x89b5) x11 0x00000000
core   0: 0x80008e7a (0x0323f933) remu    s2, t2, s2
core   0: 3 0x80008e7a (0x0323f933) x18 0x00000001
core   0: 0x80008e7e (0x0000717d) c.addi16sp sp, -16
core   0: 3 0x80008e7e (0x717d) x2  0x000002b5
core   0: 0x80008e80 (0x00006199) c.lui   gp, 0x6
core   0: 3 0x80008e80 (0x6199) x3  0x00006000
core   0: 0x80008e82 (0x001ed863) bge     t4, ra, pc + 16
core   0: 3 0x80008e82 (0x001ed863)
core   0: 0x80008e92 (0x010347b3) xor     a5, t1, a6
core   0: 3 0x80008e92 (0x010347b3) x15 0xfffffffe
core   0: 0x80008e96 (0x0225f9b3) remu    s3, a1, sp
core   0: 3 0x80008e96 (0x0225f9b3) x19 0x00000000
core   0: 0x80008e9a (0x00008d3d) c.xor   a0, a5
core   0: 3 0x80008e9a (0x8d3d) x10 0xffffff7c
core   0: 0x80008e9c (0x000085f5) c.srai  a1, 29
core   0: 3 0x80008e9c (0x85f5) x11 0x00000000
core   0: 0x80008e9e (0x000088d5) c.andi  s1, 21
core   0: 3 0x80008e9e (0x88d5) x9  0x00000014
core   0: 0x80008ea0 (0x025f8eb3) mul     t4, t6, t0
core   0: 3 0x80008ea0 (0x025f8eb3) x29 0x72acb70d
core   0: 0x80008ea4 (0x00000001) c.nop
core   0: 3 0x80008ea4 (0x0001)
core   0: 0x80008ea6 (0x00008e7d) c.and   a2, a5
core   0: 3 0x80008ea6 (0x8e7d) x12 0xffe0009a
core   0: 0x80008ea8 (0x00004a21) c.li    s4, 8
core   0: 3 0x80008ea8 (0x4a21) x20 0x00000008
core   0: 0x80008eaa (0x00008085) c.srli  s1, 1
core   0: 3 0x80008eaa (0x8085) x9  0x0000000a
core   0: 0x80008eac (0x03406233) rem     tp, zero, s4
core   0: 3 0x80008eac (0x03406233) x4  0x00000000
core   0: 0x80008eb0 (0x409d8e33) sub     t3, s11, s1
core   0: 3 0x80008eb0 (0x409d8e33) x28 0xfffffcbc
core   0: 0x80008eb4 (0x00559393) slli    t2, a1, 5
core   0: 3 0x80008eb4 (0x00559393) x7  0x00000000
core   0: 0x80008eb8 (0x012e9b33) sll     s6, t4, s2
core   0: 3 0x80008eb8 (0x012e9b33) x22 0xe5596e1a
core   0: 0x80008ebc (0x02958eb3) mul     t4, a1, s1
core   0: 3 0x80008ebc (0x02958eb3) x29 0x00000000
core   0: 0x80008ec0 (0x0000461d) c.li    a2, 7
core   0: 3 0x80008ec0 (0x461d) x12 0x00000007
core   0: 0x80008ec2 (0xecbfae93) slti    t4, t6, -309
core   0: 3 0x80008ec2 (0xecbfae93) x29 0x00000000
core   0: 0x80008ec6 (0x00f96333) or      t1, s2, a5
core   0: 3 0x80008ec6 (0x00f96333) x6  0xffffffff
core   0: 0x80008eca (0x9102e593) ori     a1, t0, -1776
core   0: 3 0x80008eca (0x9102e593) x11 0xfffff915
core   0: 0x80008ece (0x00001a75) c.addi  s4, -3
core   0: 3 0x80008ece (0x1a75) x20 0x00000005
core   0: 0x80008ed0 (0x01f900b3) add     ra, s2, t6
core   0: 3 0x80008ed0 (0x01f900b3) x1  0x045cdc6a
core   0: 0x80008ed4 (0xfeca79e3) bgeu    s4, a2, pc - 14
core   0: 3 0x80008ed4 (0xfeca79e3)
core   0: 0x80008ed8 (0x00005e7d) c.li    t3, -1
core   0: 3 0x80008ed8 (0x5e7d) x28 0xffffffff
core   0: 0x80008eda (0x01eb9cb3) sll     s9, s7, t5
core   0: 3 0x80008eda (0x01eb9cb3) x25 0x45cddef0
core   0: 0x80008ede (0x00008cd5) c.or    s1, a3
core   0: 3 0x80008ede (0x8cd5) x9  0x80025e3a
core   0: 0x80008ee0 (0x02d06f33) rem     t5, zero, a3
core   0: 3 0x80008ee0 (0x02d06f33) x30 0x00000000
core   0: 0x80008ee4 (0x02fa4fb3) div     t6, s4, a5
core   0: 3 0x80008ee4 (0x02fa4fb3) x31 0xfffffffe
core   0: 0x80008ee8 (0x000050fd) c.li    ra, -1
core   0: 3 0x80008ee8 (0x50fd) x1  0xffffffff
core   0: 0x80008eea (0x00001efd) c.addi  t4, -1
core   0: 3 0x80008eea (0x1efd) x29 0xffffffff
core   0: 0x80008eec (0x00e5d193) srli    gp, a1, 14
core   0: 3 0x80008eec (0x00e5d193) x3  0x0003ffff
core   0: 0x80008ef0 (0x000013fd) c.addi  t2, -1
core   0: 3 0x80008ef0 (0x13fd) x7  0xffffffff
core   0: 0x80008ef2 (0x0093fbb3) and     s7, t2, s1
core   0: 3 0x80008ef2 (0x0093fbb3) x23 0x80025e3a
core   0: 0x80008ef6 (0x018f7e63) bgeu    t5, s8, pc + 28
core   0: 3 0x80008ef6 (0x018f7e63)
core   0: 0x80008efa (0x00000001) c.nop
core   0: 3 0x80008efa (0x0001)
core   0: 0x80008efc (0x00008cf9) c.and   s1, a4
core   0: 3 0x80008efc (0x8cf9) x9  0x00000000
core   0: 0x80008efe (0x01023f33) sltu    t5, tp, a6
core   0: 3 0x80008efe (0x01023f33) x30 0x00000001
core   0: 0x80008f02 (0x02de5d33) divu    s10, t3, a3
core   0: 3 0x80008f02 (0x02de5d33) x26 0x00000001
core   0: 0x80008f06 (0x9e9e3713) sltiu   a4, t3, -1559
core   0: 3 0x80008f06 (0x9e9e3713) x14 0x00000000
core   0: 0x80008f0a (0x00000001) c.nop
core   0: 3 0x80008f0a (0x0001)
core   0: 0x80008f0c (0x0308dfb3) divu    t6, a7, a6
core   0: 3 0x80008f0c (0x0308dfb3) x31 0x00000000
core   0: 0x80008f10 (0x00008dfd) c.and   a1, a5
core   0: 3 0x80008f10 (0x8dfd) x11 0xfffff914
core   0: 0x80008f12 (0x74028c97) auipc   s9, 0x74028
core   0: 3 0x80008f12 (0x74028c97) x25 0xf4030f12
core   0: 0x80008f16 (0x0304d463) bge     s1, a6, pc + 40
core   0: 3 0x80008f16 (0x0304d463)
core   0: 0x80008f3e (0x00008dde) c.mv    s11, s7
core   0: 3 0x80008f3e (0x8dde) x27 0x80025e3a
core   0: 0x80008f40 (0x0397eeb3) rem     t4, a5, s9
core   0: 3 0x80008f40 (0x0397eeb3) x29 0xfffffffe
core   0: 0x80008f44 (0x054e8063) beq     t4, s4, pc + 64
core   0: 3 0x80008f44 (0x054e8063)
core   0: 0x80008f48 (0x37847613) andi    a2, s0, 888
core   0: 3 0x80008f48 (0x37847613) x12 0x00000060
core   0: 0x80008f4c (0x8038ed17) auipc   s10, 0x8038e
core   0: 3 0x80008f4c (0x8038ed17) x26 0x00396f4c
core   0: 0x80008f50 (0x014fd513) srli    a0, t6, 20
core   0: 3 0x80008f50 (0x014fd513) x10 0x00000000
core   0: 0x80008f54 (0x00006f71) c.lui   t5, 0x1c
core   0: 3 0x80008f54 (0x6f71) x30 0x0001c000
core   0: 0x80008f56 (0x000087c9) c.srai  a5, 18
core   0: 3 0x80008f56 (0x87c9) x15 0xffffffff
core   0: 0x80008f58 (0x00c10a63) beq     sp, a2, pc + 20
core   0: 3 0x80008f58 (0x00c10a63)
core   0: 0x80008f5c (0x000069b5) c.lui   s3, 0xd
core   0: 3 0x80008f5c (0x69b5) x19 0x0000d000
core   0: 0x80008f5e (0x073e0617) auipc   a2, 0x73e0
core   0: 3 0x80008f5e (0x073e0617) x12 0x873e8f5e
core   0: 0x80008f62 (0x000085f1) c.srai  a1, 28
core   0: 3 0x80008f62 (0x85f1) x11 0xffffffff
core   0: 0x80008f64 (0x41b48533) sub     a0, s1, s11
core   0: 3 0x80008f64 (0x41b48533) x10 0x7ffda1c6
core   0: 0x80008f68 (0x004b82b3) add     t0, s7, tp
core   0: 3 0x80008f68 (0x004b82b3) x5  0x80025e3a
core   0: 0x80008f6c (0x01e2e133) or      sp, t0, t5
core   0: 3 0x80008f6c (0x01e2e133) x2  0x8003de3a
core   0: 0x80008f70 (0x5b9b3593) sltiu   a1, s6, 1465
core   0: 3 0x80008f70 (0x5b9b3593) x11 0x00000000
core   0: 0x80008f74 (0x00008dbd) c.xor   a1, a5
core   0: 3 0x80008f74 (0x8dbd) x11 0xffffffff
core   0: 0x80008f76 (0x03ded0b3) divu    ra, t4, t4
core   0: 3 0x80008f76 (0x03ded0b3) x1  0x00000001
core   0: 0x80008f7a (0x0000850d) c.srai  a0, 3
core   0: 3 0x80008f7a (0x850d) x10 0x0fffb438
core   0: 0x80008f7c (0xd73efb93) andi    s7, t4, -653
core   0: 3 0x80008f7c (0xd73efb93) x23 0xfffffd72
core   0: 0x80008f80 (0x01b238b3) sltu    a7, tp, s11
core   0: 3 0x80008f80 (0x01b238b3) x17 0x00000001
core   0: 0x80008f84 (0x00000e76) c.slli  t3, 29
core   0: 3 0x80008f84 (0x0e76) x28 0xe0000000
core   0: 0x80008f86 (0x00006179) c.addi16sp sp, 464
core   0: 3 0x80008f86 (0x6179) x2  0x8003e00a
core   0: 0x80008f88 (0x00151733) sll     a4, a0, ra
core   0: 3 0x80008f88 (0x00151733) x14 0x1fff6870
core   0: 0x80008f8c (0x006ee8b3) or      a7, t4, t1
core   0: 3 0x80008f8c (0x006ee8b3) x17 0xffffffff
core   0: 0x80008f90 (0x8a6eb297) auipc   t0, 0x8a6eb
core   0: 3 0x80008f90 (0x8a6eb297) x5  0x0a6f3f90
core   0: 0x80008f94 (0x02c44cb3) div     s9, s0, a2
core   0: 3 0x80008f94 (0x02c44cb3) x25 0x00000001
core   0: 0x80008f98 (0x01d6f833) and     a6, a3, t4
core   0: 3 0x80008f98 (0x01d6f833) x16 0x80025e30
core   0: 0x80008f9c (0xb40ff913) andi    s2, t6, -1216
core   0: 3 0x80008f9c (0xb40ff913) x18 0x00000000
core   0: 0x80008fa0 (0x00008311) c.srli  a4, 4
core   0: 3 0x80008fa0 (0x8311) x14 0x01fff687
core   0: 0x80008fa2 (0x034f9fb3) mulh    t6, t6, s4
core   0: 3 0x80008fa2 (0x034f9fb3) x31 0x00000000
core   0: 0x80008fa6 (0xd5976513) ori     a0, a4, -679
core   0: 3 0x80008fa6 (0xd5976513) x10 0xffffffdf
core   0: 0x80008faa (0x03b08163) beq     ra, s11, pc + 34
core   0: 3 0x80008faa (0x03b08163)
core   0: 0x80008fae (0x01875a13) srli    s4, a4, 24
core   0: 3 0x80008fae (0x01875a13) x20 0x00000001
core   0: 0x80008fb2 (0x1eae4c93) xori    s9, t3, 490
core   0: 3 0x80008fb2 (0x1eae4c93) x25 0xe00001ea
core   0: 0x80008fb6 (0x0000ed89) c.bnez  a1, pc + 26
core   0: 3 0x80008fb6 (0xed89)
core   0: 0x80008fd0 (0x41e808b3) sub     a7, a6, t5
core   0: 3 0x80008fd0 (0x41e808b3) x17 0x80009e30
core   0: 0x80008fd4 (0x63edbf37) lui     t5, 0x63edb
core   0: 3 0x80008fd4 (0x63edbf37) x30 0x63edb000
core   0: 0x80008fd8 (0x0315f333) remu    t1, a1, a7
core   0: 3 0x80008fd8 (0x0315f333) x6  0x7fff61cf
core   0: 0x80008fdc (0x021c41b3) div     gp, s8, ra
core   0: 3 0x80008fdc (0x021c41b3) x3  0xfba32397
core   0: 0x80008fe0 (0x00000001) c.nop
core   0: 3 0x80008fe0 (0x0001)
core   0: 0x80008fe2 (0x40f4d233) sra     tp, s1, a5
core   0: 3 0x80008fe2 (0x40f4d233) x4  0x00000000
core   0: 0x80008fe6 (0x00008ce9) c.and   s1, a0
core   0: 3 0x80008fe6 (0x8ce9) x9  0x00000000
core   0: 0x80008fe8 (0x0000c705) c.beqz  a4, pc + 40
core   0: 3 0x80008fe8 (0xc705)
core   0: 0x80008fea (0x00001bfd) c.addi  s7, -1
core   0: 3 0x80008fea (0x1bfd) x23 0xfffffd71
core   0: 0x80008fec (0x1a31af93) slti    t6, gp, 419
core   0: 3 0x80008fec (0x1a31af93) x31 0x00000001
core   0: 0x80008ff0 (0x4175d033) sra     zero, a1, s7
core   0: 3 0x80008ff0 (0x4175d033)
core   0: 0x80008ff4 (0x00006155) c.addi16sp sp, 304
core   0: 3 0x80008ff4 (0x6155) x2  0x8003e13a
core   0: 0x80008ff6 (0x00008f79) c.and   a4, a4
core   0: 3 0x80008ff6 (0x8f79) x14 0x01fff687
core   0: 0x80008ff8 (0x000084c5) c.srai  s1, 17
core   0: 3 0x80008ff8 (0x84c5) x9  0x00000000
core   0: 0x80008ffa (0x03f44f63) blt     s0, t6, pc + 62
core   0: 3 0x80008ffa (0x03f44f63)
core   0: 0x80009038 (0x00006799) c.lui   a5, 0x6
core   0: 3 0x80009038 (0x6799) x15 0x00006000
core   0: 0x8000903a (0x41ebd633) sra     a2, s7, t5
core   0: 3 0x8000903a (0x41ebd633) x12 0xfffffd71
core   0: 0x8000903e (0x00000001) c.nop
core   0: 3 0x8000903e (0x0001)
core   0: 0x80009040 (0x000080ee) c.mv    ra, s11
core   0: 3 0x80009040 (0x80ee) x1  0x80025e3a
core   0: 0x80009042 (0x01eb1613) slli    a2, s6, 30
core   0: 3 0x80009042 (0x01eb1613) x12 0x80000000
core   0: 0x80009046 (0x0000e511) c.bnez  a0, pc + 12
core   0: 3 0x80009046 (0xe511)
core   0: 0x80009052 (0x0314e363) bltu    s1, a7, pc + 38
core   0: 3 0x80009052 (0x0314e363)
core   0: 0x80009078 (0x0000821d) c.srli  a2, 7
core   0: 3 0x80009078 (0x821d) x12 0x01000000
core   0: 0x8000907a (0x6123f493) andi    s1, t2, 1554
core   0: 3 0x8000907a (0x6123f493) x9  0x00000612
core   0: 0x8000907e (0x01a81913) slli    s2, a6, 26
core   0: 3 0x8000907e (0x01a81913) x18 0xc0000000
core   0: 0x80009082 (0x418987b3) sub     a5, s3, s8
core   0: 3 0x80009082 (0x418987b3) x15 0x045dac69
core   0: 0x80009086 (0x0000717d) c.addi16sp sp, -16
core   0: 3 0x80009086 (0x717d) x2  0x8003e12a
core   0: 0x80009088 (0x01740db3) add     s11, s0, s7
core   0: 3 0x80009088 (0x01740db3) x27 0x80029a55
core   0: 0x8000908c (0x03f7abb3) mulhsu  s7, a5, t6
core   0: 3 0x8000908c (0x03f7abb3) x23 0x00000000
core   0: 0x80009090 (0x03512ab3) mulhsu  s5, sp, s5
core   0: 3 0x80009090 (0x03512ab3) x21 0x8003e12a
core   0: 0x80009094 (0x052ed063) bge     t4, s2, pc + 64
core   0: 3 0x80009094 (0x052ed063)
core   0: 0x800090d4 (0x12f04bb7) lui     s7, 0x12f04
core   0: 3 0x800090d4 (0x12f04bb7) x23 0x12f04000
core   0: 0x800090d8 (0x03151663) bne     a0, a7, pc + 44
core   0: 3 0x800090d8 (0x03151663)
core   0: 0x80009104 (0x00751863) bne     a0, t2, pc + 16
core   0: 3 0x80009104 (0x00751863)
core   0: 0x80009114 (0x000083ae) c.mv    t2, a1
core   0: 3 0x80009114 (0x83ae) x7  0xffffffff
core   0: 0x80009116 (0x0000717d) c.addi16sp sp, -16
core   0: 3 0x80009116 (0x717d) x2  0x8003e11a
core   0: 0x80009118 (0x00008dc5) c.or    a1, s1
core   0: 3 0x80009118 (0x8dc5) x11 0xffffffff
core   0: 0x8000911a (0x00008e29) c.xor   a2, a0
core   0: 3 0x8000911a (0x8e29) x12 0xfeffffdf
core   0: 0x8000911c (0x00f76263) bltu    a4, a5, pc + 4
core   0: 3 0x8000911c (0x00f76263)
core   0: 0x80009120 (0x035cde63) bge     s9, s5, pc + 60
core   0: 3 0x80009120 (0x035cde63)
core   0: 0x8000915c (0x006024b3) slt     s1, zero, t1
core   0: 3 0x8000915c (0x006024b3) x9  0x00000001
core   0: 0x80009160 (0x71237017) auipc   zero, 0x71237
core   0: 3 0x80009160 (0x71237017)
core   0: 0x80009164 (0x000011fd) c.addi  gp, -1
core   0: 3 0x80009164 (0x11fd) x3  0xfba32396
core   0: 0x80009166 (0x000098fd) c.andi  s1, -1
core   0: 3 0x80009166 (0x98fd) x9  0x00000001
core   0: 0x80009168 (0x02827163) bgeu    tp, s0, pc + 34
core   0: 3 0x80009168 (0x02827163)
core   0: 0x8000916c (0x08630313) addi    t1, t1, 134
core   0: 3 0x8000916c (0x08630313) x6  0x7fff6255
core   0: 0x80009170 (0x0000887a) c.mv    a6, t5
core   0: 3 0x80009170 (0x887a) x16 0x63edb000
core   0: 0x80009172 (0x00008d4d) c.or    a0, a1
core   0: 3 0x80009172 (0x8d4d) x10 0xffffffff
core   0: 0x80009174 (0x00915b93) srli    s7, sp, 9
core   0: 3 0x80009174 (0x00915b93) x23 0x004001f0
core   0: 0x80009178 (0x026517b3) mulh    a5, a0, t1
core   0: 3 0x80009178 (0x026517b3) x15 0xffffffff
core   0: 0x8000917c (0x015132b3) sltu    t0, sp, s5
core   0: 3 0x8000917c (0x015132b3) x5  0x00000001
core   0: 0x80009180 (0xa8b6a793) slti    a5, a3, -1397
core   0: 3 0x80009180 (0xa8b6a793) x15 0x00000001
core   0: 0x80009184 (0x02004fb3) div     t6, zero, zero
core   0: 3 0x80009184 (0x02004fb3) x31 0xffffffff
core   0: 0x80009188 (0x000080d6) c.mv    ra, s5
core   0: 3 0x80009188 (0x80d6) x1  0x8003e12a
core   0: 0x8000918a (0x022a9f33) mulh    t5, s5, sp
core   0: 3 0x8000918a (0x022a9f33) x30 0x3ffc1eed
core   0: 0x8000918e (0x407c5493) srai    s1, s8, 7
core   0: 3 0x8000918e (0x407c5493) x9  0xfff74647
core   0: 0x80009192 (0x40ee88b3) sub     a7, t4, a4
core   0: 3 0x80009192 (0x40ee88b3) x17 0xfe000977
core   0: 0x80009196 (0x00000001) c.nop
core   0: 3 0x80009196 (0x0001)
core   0: 0x80009198 (0x000099c2) c.add   s3, a6
core   0: 3 0x80009198 (0x99c2) x19 0x63ee8000
core   0: 0x8000919a (0x00787333) and     t1, a6, t2
core   0: 3 0x8000919a (0x00787333) x6  0x63edb000
core   0: 0x8000919e (0x404d5a93) srai    s5, s10, 4
core   0: 3 0x8000919e (0x404d5a93) x21 0x000396f4
core   0: 0x800091a2 (0x020ec7b3) div     a5, t4, zero
core   0: 3 0x800091a2 (0x020ec7b3) x15 0xffffffff
core   0: 0x800091a6 (0x01d01793) slli    a5, zero, 29
core   0: 3 0x800091a6 (0x01d01793) x15 0x00000000
core   0: 0x800091aa (0x41658833) sub     a6, a1, s6
core   0: 3 0x800091aa (0x41658833) x16 0x1aa691e5
core   0: 0x800091ae (0x4106da93) srai    s5, a3, 16
core   0: 3 0x800091ae (0x4106da93) x21 0xffff8002
core   0: 0x800091b2 (0x2e81ec93) ori     s9, gp, 744
core   0: 3 0x800091b2 (0x2e81ec93) x25 0xfba323fe
core   0: 0x800091b6 (0x00ac6c63) bltu    s8, a0, pc + 24
core   0: 3 0x800091b6 (0x00ac6c63)
core   0: 0x800091ce (0x40b95613) srai    a2, s2, 11
core   0: 3 0x800091ce (0x40b95613) x12 0xfff80000
core   0: 0x800091d2 (0x0000717d) c.addi16sp sp, -16
core   0: 3 0x800091d2 (0x717d) x2  0x8003e10a
core   0: 0x800091d4 (0x000055d9) c.li    a1, -10
core   0: 3 0x800091d4 (0x55d9) x11 0xfffffff6
core   0: 0x800091d6 (0x36664893) xori    a7, a2, 870
core   0: 3 0x800091d6 (0x36664893) x17 0xfff80366
core   0: 0x800091da (0x000053b1) c.li    t2, -20
core   0: 3 0x800091da (0x53b1) x7  0xffffffec
core   0: 0x800091dc (0x005f3133) sltu    sp, t5, t0
core   0: 3 0x800091dc (0x005f3133) x2  0x00000000
core   0: 0x800091e0 (0x00000001) c.nop
core   0: 3 0x800091e0 (0x0001)
core   0: 0x800091e2 (0x000015d9) c.addi  a1, -10
core   0: 3 0x800091e2 (0x15d9) x11 0xffffffec
core   0: 0x800091e4 (0xfe759ee3) bne     a1, t2, pc - 4
core   0: 3 0x800091e4 (0xfe759ee3)
core   0: 0x800091e8 (0x000014fd) c.addi  s1, -1
core   0: 3 0x800091e8 (0x14fd) x9  0xfff74646
core   0: 0x800091ea (0x00009a7d) c.andi  a2, -1
core   0: 3 0x800091ea (0x9a7d) x12 0xfff80000
core   0: 0x800091ec (0x0044b1b3) sltu    gp, s1, tp
core   0: 3 0x800091ec (0x0044b1b3) x3  0x00000000
core   0: 0x800091f0 (0x007361b3) or      gp, t1, t2
core   0: 3 0x800091f0 (0x007361b3) x3  0xffffffec
core   0: 0x800091f4 (0x0067d993) srli    s3, a5, 6
core   0: 3 0x800091f4 (0x0067d993) x19 0x00000000
core   0: 0x800091f8 (0x013754b3) srl     s1, a4, s3
core   0: 3 0x800091f8 (0x013754b3) x9  0x01fff687
core   0: 0x800091fc (0xfcd53e13) sltiu   t3, a0, -51
core   0: 3 0x800091fc (0xfcd53e13) x28 0x00000000
core   0: 0x80009200 (0x0208ceb3) div     t4, a7, zero
core   0: 3 0x80009200 (0x0208ceb3) x29 0xffffffff
core   0: 0x80009204 (0x00006f45) c.lui   t5, 0x11
core   0: 3 0x80009204 (0x6f45) x30 0x00011000
core   0: 0x80009206 (0x00008896) c.mv    a7, t0
core   0: 3 0x80009206 (0x8896) x17 0x00000001
core   0: 0x80009208 (0x000054fd) c.li    s1, -1
core   0: 3 0x80009208 (0x54fd) x9  0xffffffff
core   0: 0x8000920a (0xc65372b7) lui     t0, 0xc6537
core   0: 3 0x8000920a (0xc65372b7) x5  0xc6537000
core   0: 0x8000920e (0x030e9533) mulh    a0, t4, a6
core   0: 3 0x8000920e (0x030e9533) x10 0xffffffff
core   0: 0x80009212 (0x03d21933) mulh    s2, tp, t4
core   0: 3 0x80009212 (0x03d21933) x18 0x00000000
core   0: 0x80009216 (0x84082813) slti    a6, a6, -1984
core   0: 3 0x80009216 (0x84082813) x16 0x00000000
core   0: 0x8000921a (0x000041f1) c.li    gp, 28
core   0: 3 0x8000921a (0x41f1) x3  0x0000001c
core   0: 0x8000921c (0x00008dd9) c.or    a1, a4
core   0: 3 0x8000921c (0x8dd9) x11 0xffffffef
core   0: 0x8000921e (0x000084d1) c.srai  s1, 20
core   0: 3 0x8000921e (0x84d1) x9  0xffffffff
core   0: 0x80009220 (0x408a8b33) sub     s6, s5, s0
core   0: 3 0x80009220 (0x408a8b33) x22 0x7ffce31e
core   0: 0x80009224 (0x000065f9) c.lui   a1, 0x1e
core   0: 3 0x80009224 (0x65f9) x11 0x0001e000
core   0: 0x80009226 (0x00d24f33) xor     t5, tp, a3
core   0: 3 0x80009226 (0x00d24f33) x30 0x80025e30
core   0: 0x8000922a (0x02b79e33) mulh    t3, a5, a1
core   0: 3 0x8000922a (0x02b79e33) x28 0x00000000
core   0: 0x8000922e (0x00c155b3) srl     a1, sp, a2
core   0: 3 0x8000922e (0x00c155b3) x11 0x00000000
core   0: 0x80009232 (0x00000001) c.nop
core   0: 3 0x80009232 (0x0001)
core   0: 0x80009234 (0x08436763) bltu    t1, tp, pc + 142
core   0: 3 0x80009234 (0x08436763)
core   0: 0x80009238 (0x01bee763) bltu    t4, s11, pc + 14
core   0: 3 0x80009238 (0x01bee763)
core   0: 0x8000923c (0x003ea633) slt     a2, t4, gp
core   0: 3 0x8000923c (0x003ea633) x12 0x00000001
core   0: 0x80009240 (0x1f16bb93) sltiu   s7, a3, 497
core   0: 3 0x80009240 (0x1f16bb93) x23 0x00000000
core   0: 0x80009244 (0x00008cc9) c.or    s1, a0
core   0: 3 0x80009244 (0x8cc9) x9  0xffffffff
core   0: 0x80009246 (0x00000698) c.addi4spn a4, sp, 832
core   0: 3 0x80009246 (0x0698) x14 0x00000340
core   0: 0x80009248 (0x019d1093) slli    ra, s10, 25
core   0: 3 0x80009248 (0x019d1093) x1  0x98000000
core   0: 0x8000924c (0x00008e19) c.sub   a2, a4
core   0: 3 0x8000924c (0x8e19) x12 0xfffffcc1
core   0: 0x8000924e (0xd25a6513) ori     a0, s4, -731
core   0: 3 0x8000924e (0xd25a6513) x10 0xfffffd25
core   0: 0x80009252 (0x00f85cb3) srl     s9, a6, a5
core   0: 3 0x80009252 (0x00f85cb3) x25 0x00000000
core   0: 0x80009256 (0x00005559) c.li    a0, -10
core   0: 3 0x80009256 (0x5559) x10 0xfffffff6
core   0: 0x80009258 (0x00008e6d) c.and   a2, a1
core   0: 3 0x80009258 (0x8e6d) x12 0x00000000
core   0: 0x8000925a (0x00004f45) c.li    t5, 17
core   0: 3 0x8000925a (0x4f45) x30 0x00000011
core   0: 0x8000925c (0x00008205) c.srli  a2, 1
core   0: 3 0x8000925c (0x8205) x12 0x00000000
core   0: 0x8000925e (0x027f8eb3) mul     t4, t6, t2
core   0: 3 0x8000925e (0x027f8eb3) x29 0x00000014
core   0: 0x80009262 (0xaf427613) andi    a2, tp, -1292
core   0: 3 0x80009262 (0xaf427613) x12 0x00000000
core   0: 0x80009266 (0x006d17b3) sll     a5, s10, t1
core   0: 3 0x80009266 (0x006d17b3) x15 0x00396f4c
core   0: 0x8000926a (0x00d811b3) sll     gp, a6, a3
core   0: 3 0x8000926a (0x00d811b3) x3  0x00000000
core   0: 0x8000926e (0x00006cad) c.lui   s9, 0xb
core   0: 3 0x8000926e (0x6cad) x25 0x0000b000
core   0: 0x80009270 (0x00000712) c.slli  a4, 4
core   0: 3 0x80009270 (0x0712) x14 0x00003400
core   0: 0x80009272 (0xfaf6ee13) ori     t3, a3, -81
core   0: 3 0x80009272 (0xfaf6ee13) x28 0xffffffbf
core   0: 0x80009276 (0x01a81333) sll     t1, a6, s10
core   0: 3 0x80009276 (0x01a81333) x6  0x00000000
core   0: 0x8000927a (0x01047eb3) and     t4, s0, a6
core   0: 3 0x8000927a (0x01047eb3) x29 0x00000000
core   0: 0x8000927e (0x9a0f65b7) lui     a1, 0x9a0f6
core   0: 3 0x8000927e (0x9a0f65b7) x11 0x9a0f6000
core   0: 0x80009282 (0x52278b37) lui     s6, 0x52278
core   0: 3 0x80009282 (0x52278b37) x22 0x52278000
core   0: 0x80009286 (0x3901f213) andi    tp, gp, 912
core   0: 3 0x80009286 (0x3901f213) x4  0x00000000
core   0: 0x8000928a (0x01509313) slli    t1, ra, 21
core   0: 3 0x8000928a (0x01509313) x6  0x00000000
core   0: 0x8000928e (0x00000001) c.nop
core   0: 3 0x8000928e (0x0001)
core   0: 0x80009290 (0xf6ad7313) andi    t1, s10, -150
core   0: 3 0x80009290 (0xf6ad7313) x6  0x00396f48
core   0: 0x80009294 (0x000081ca) c.mv    gp, s2
core   0: 3 0x80009294 (0x81ca) x3  0x00000000
core   0: 0x80009296 (0x00000529) c.addi  a0, 10
core   0: 3 0x80009296 (0x0529) x10 0x00000000
core   0: 0x80009298 (0x000087b1) c.srai  a5, 12
core   0: 3 0x80009298 (0x87b1) x15 0x00000396
core   0: 0x8000929a (0x00001f9c) c.addi4spn a5, sp, 1008
core   0: 3 0x8000929a (0x1f9c) x15 0x000003f0
core   0: 0x8000929c (0x00000001) c.nop
core   0: 3 0x8000929c (0x0001)
core   0: 0x8000929e (0x00008a9a) c.mv    s5, t1
core   0: 3 0x8000929e (0x8a9a) x21 0x00396f48
core   0: 0x800092a0 (0xfbe54fe3) blt     a0, t5, pc - 66
core   0: 3 0x800092a0 (0xfbe54fe3)
core   0: 0x8000925e (0x027f8eb3) mul     t4, t6, t2
core   0: 3 0x8000925e (0x027f8eb3) x29 0x00000014
core   0: 0x80009262 (0xaf427613) andi    a2, tp, -1292
core   0: 3 0x80009262 (0xaf427613) x12 0x00000000
core   0: 0x80009266 (0x006d17b3) sll     a5, s10, t1
core   0: 3 0x80009266 (0x006d17b3) x15 0x396f4c00
core   0: 0x8000926a (0x00d811b3) sll     gp, a6, a3
core   0: 3 0x8000926a (0x00d811b3) x3  0x00000000
core   0: 0x8000926e (0x00006cad) c.lui   s9, 0xb
core   0: 3 0x8000926e (0x6cad) x25 0x0000b000
core   0: 0x80009270 (0x00000712) c.slli  a4, 4
core   0: 3 0x80009270 (0x0712) x14 0x00034000
core   0: 0x80009272 (0xfaf6ee13) ori     t3, a3, -81
core   0: 3 0x80009272 (0xfaf6ee13) x28 0xffffffbf
core   0: 0x80009276 (0x01a81333) sll     t1, a6, s10
core   0: 3 0x80009276 (0x01a81333) x6  0x00000000
core   0: 0x8000927a (0x01047eb3) and     t4, s0, a6
core   0: 3 0x8000927a (0x01047eb3) x29 0x00000000
core   0: 0x8000927e (0x9a0f65b7) lui     a1, 0x9a0f6
core   0: 3 0x8000927e (0x9a0f65b7) x11 0x9a0f6000
core   0: 0x80009282 (0x52278b37) lui     s6, 0x52278
core   0: 3 0x80009282 (0x52278b37) x22 0x52278000
core   0: 0x80009286 (0x3901f213) andi    tp, gp, 912
core   0: 3 0x80009286 (0x3901f213) x4  0x00000000
core   0: 0x8000928a (0x01509313) slli    t1, ra, 21
core   0: 3 0x8000928a (0x01509313) x6  0x00000000
core   0: 0x8000928e (0x00000001) c.nop
core   0: 3 0x8000928e (0x0001)
core   0: 0x80009290 (0xf6ad7313) andi    t1, s10, -150
core   0: 3 0x80009290 (0xf6ad7313) x6  0x00396f48
core   0: 0x80009294 (0x000081ca) c.mv    gp, s2
core   0: 3 0x80009294 (0x81ca) x3  0x00000000
core   0: 0x80009296 (0x00000529) c.addi  a0, 10
core   0: 3 0x80009296 (0x0529) x10 0x0000000a
core   0: 0x80009298 (0x000087b1) c.srai  a5, 12
core   0: 3 0x80009298 (0x87b1) x15 0x000396f4
core   0: 0x8000929a (0x00001f9c) c.addi4spn a5, sp, 1008
core   0: 3 0x8000929a (0x1f9c) x15 0x000003f0
core   0: 0x8000929c (0x00000001) c.nop
core   0: 3 0x8000929c (0x0001)
core   0: 0x8000929e (0x00008a9a) c.mv    s5, t1
core   0: 3 0x8000929e (0x8a9a) x21 0x00396f48
core   0: 0x800092a0 (0xfbe54fe3) blt     a0, t5, pc - 66
core   0: 3 0x800092a0 (0xfbe54fe3)
core   0: 0x8000925e (0x027f8eb3) mul     t4, t6, t2
core   0: 3 0x8000925e (0x027f8eb3) x29 0x00000014
core   0: 0x80009262 (0xaf427613) andi    a2, tp, -1292
core   0: 3 0x80009262 (0xaf427613) x12 0x00000000
core   0: 0x80009266 (0x006d17b3) sll     a5, s10, t1
core   0: 3 0x80009266 (0x006d17b3) x15 0x396f4c00
core   0: 0x8000926a (0x00d811b3) sll     gp, a6, a3
core   0: 3 0x8000926a (0x00d811b3) x3  0x00000000
core   0: 0x8000926e (0x00006cad) c.lui   s9, 0xb
core   0: 3 0x8000926e (0x6cad) x25 0x0000b000
core   0: 0x80009270 (0x00000712) c.slli  a4, 4
core   0: 3 0x80009270 (0x0712) x14 0x00340000
core   0: 0x80009272 (0xfaf6ee13) ori     t3, a3, -81
core   0: 3 0x80009272 (0xfaf6ee13) x28 0xffffffbf
core   0: 0x80009276 (0x01a81333) sll     t1, a6, s10
core   0: 3 0x80009276 (0x01a81333) x6  0x00000000
core   0: 0x8000927a (0x01047eb3) and     t4, s0, a6
core   0: 3 0x8000927a (0x01047eb3) x29 0x00000000
core   0: 0x8000927e (0x9a0f65b7) lui     a1, 0x9a0f6
core   0: 3 0x8000927e (0x9a0f65b7) x11 0x9a0f6000
core   0: 0x80009282 (0x52278b37) lui     s6, 0x52278
core   0: 3 0x80009282 (0x52278b37) x22 0x52278000
core   0: 0x80009286 (0x3901f213) andi    tp, gp, 912
core   0: 3 0x80009286 (0x3901f213) x4  0x00000000
core   0: 0x8000928a (0x01509313) slli    t1, ra, 21
core   0: 3 0x8000928a (0x01509313) x6  0x00000000
core   0: 0x8000928e (0x00000001) c.nop
core   0: 3 0x8000928e (0x0001)
core   0: 0x80009290 (0xf6ad7313) andi    t1, s10, -150
core   0: 3 0x80009290 (0xf6ad7313) x6  0x00396f48
core   0: 0x80009294 (0x000081ca) c.mv    gp, s2
core   0: 3 0x80009294 (0x81ca) x3  0x00000000
core   0: 0x80009296 (0x00000529) c.addi  a0, 10
core   0: 3 0x80009296 (0x0529) x10 0x00000014
core   0: 0x80009298 (0x000087b1) c.srai  a5, 12
core   0: 3 0x80009298 (0x87b1) x15 0x000396f4
core   0: 0x8000929a (0x00001f9c) c.addi4spn a5, sp, 1008
core   0: 3 0x8000929a (0x1f9c) x15 0x000003f0
core   0: 0x8000929c (0x00000001) c.nop
core   0: 3 0x8000929c (0x0001)
core   0: 0x8000929e (0x00008a9a) c.mv    s5, t1
core   0: 3 0x8000929e (0x8a9a) x21 0x00396f48
core   0: 0x800092a0 (0xfbe54fe3) blt     a0, t5, pc - 66
core   0: 3 0x800092a0 (0xfbe54fe3)
core   0: 0x800092a4 (0x00008251) c.srli  a2, 20
core   0: 3 0x800092a4 (0x8251) x12 0x00000000
core   0: 0x800092a6 (0x00008e29) c.xor   a2, a0
core   0: 3 0x800092a6 (0x8e29) x12 0x00000014
core   0: 0x800092a8 (0x017eab33) slt     s6, t4, s7
core   0: 3 0x800092a8 (0x017eab33) x22 0x00000000
core   0: 0x800092ac (0x0000c78d) c.beqz  a5, pc + 42
core   0: 3 0x800092ac (0xc78d)
core   0: 0x800092ae (0xb3912d17) auipc   s10, 0xb3912
core   0: 3 0x800092ae (0xb3912d17) x26 0x3391b2ae
core   0: 0x800092b2 (0x000f0db3) add     s11, t5, zero
core   0: 3 0x800092b2 (0x000f0db3) x27 0x00000011
core   0: 0x800092b6 (0x00008f41) c.or    a4, s0
core   0: 3 0x800092b6 (0x8f41) x14 0x80369ce4
core   0: 0x800092b8 (0x00000865) c.addi  a6, 25
core   0: 3 0x800092b8 (0x0865) x16 0x00000019
core   0: 0x800092ba (0x00d97463) bgeu    s2, a3, pc + 8
core   0: 3 0x800092ba (0x00d97463)
core   0: 0x800092be (0x00008d6d) c.and   a0, a1
core   0: 3 0x800092be (0x8d6d) x10 0x00000000
core   0: 0x800092c0 (0x000085b9) c.srai  a1, 14
core   0: 3 0x800092c0 (0x85b9) x11 0xfffe683d
core   0: 0x800092c2 (0x00008fc1) c.or    a5, s0
core   0: 3 0x800092c2 (0x8fc1) x15 0x80029ff4
core   0: 0x800092c4 (0x405b2837) lui     a6, 0x405b2
core   0: 3 0x800092c4 (0x405b2837) x16 0x405b2000
core   0: 0x800092c8 (0x03befcb3) remu    s9, t4, s11
core   0: 3 0x800092c8 (0x03befcb3) x25 0x00000000
core   0: 0x800092cc (0x4000deb3) sra     t4, ra, zero
core   0: 3 0x800092cc (0x4000deb3) x29 0x98000000
core   0: 0x800092d0 (0x016c9263) bne     s9, s6, pc + 4
core   0: 3 0x800092d0 (0x016c9263)
core   0: 0x800092d4 (0x00008e2d) c.xor   a2, a1
core   0: 3 0x800092d4 (0x8e2d) x12 0xfffe6829
core   0: 0x800092d6 (0x00001d7d) c.addi  s10, -1
core   0: 3 0x800092d6 (0x1d7d) x26 0x3391b2ad
core   0: 0x800092d8 (0x00fdb0b3) sltu    ra, s11, a5
core   0: 3 0x800092d8 (0x00fdb0b3) x1  0x00000001
core   0: 0x800092dc (0x000084f9) c.srai  s1, 30
core   0: 3 0x800092dc (0x84f9) x9  0xffffffff
core   0: 0x800092de (0x029f7e63) bgeu    t5, s1, pc + 60
core   0: 3 0x800092de (0x029f7e63)
core   0: 0x800092e2 (0x00008e79) c.and   a2, a4
core   0: 3 0x800092e2 (0x8e79) x12 0x80360820
core   0: 0x800092e4 (0x01a1dd33) srl     s10, gp, s10
core   0: 3 0x800092e4 (0x01a1dd33) x26 0x00000000
core   0: 0x800092e8 (0x30858213) addi    tp, a1, 776
core   0: 3 0x800092e8 (0x30858213) x4  0xfffe6b45
core   0: 0x800092ec (0x000044fd) c.li    s1, 31
core   0: 3 0x800092ec (0x44fd) x9  0x0000001f
core   0: 0x800092ee (0xd7f38db7) lui     s11, 0xd7f38
core   0: 3 0x800092ee (0xd7f38db7) x27 0xd7f38000
core   0: 0x800092f2 (0x83c45d37) lui     s10, 0x83c45
core   0: 3 0x800092f2 (0x83c45d37) x26 0x83c45000
core   0: 0x800092f6 (0x0000e49d) c.bnez  s1, pc + 46
core   0: 3 0x800092f6 (0xe49d)
core   0: 0x80009324 (0x000050fd) c.li    ra, -1
core   0: 3 0x80009324 (0x50fd) x1  0xffffffff
core   0: 0x80009326 (0x00008f81) c.sub   a5, s0
core   0: 3 0x80009326 (0x8f81) x15 0x00000310
core   0: 0x80009328 (0x00c0d213) srli    tp, ra, 12
core   0: 3 0x80009328 (0x00c0d213) x4  0x000fffff
core   0: 0x8000932c (0x00d849b3) xor     s3, a6, a3
core   0: 3 0x8000932c (0x00d849b3) x19 0xc0597e30
core   0: 0x80009330 (0x03500663) beq     zero, s5, pc + 44
core   0: 3 0x80009330 (0x03500663)
core   0: 0x80009334 (0x00000ef6) c.slli  t4, 29
core   0: 3 0x80009334 (0x0ef6) x29 0x00000000
core   0: 0x80009336 (0x000064e5) c.lui   s1, 0x19
core   0: 3 0x80009336 (0x64e5) x9  0x00019000
core   0: 0x80009338 (0x0000121c) c.addi4spn a5, sp, 288
core   0: 3 0x80009338 (0x121c) x15 0x00000120
core   0: 0x8000933a (0x0000864d) c.srai  a2, 19
core   0: 3 0x8000933a (0x864d) x12 0xfffff006
core   0: 0x8000933c (0x0000615d) c.addi16sp sp, 432
core   0: 3 0x8000933c (0x615d) x2  0x000001b0
core   0: 0x8000933e (0x037a5a63) bge     s4, s7, pc + 52
core   0: 3 0x8000933e (0x037a5a63)
core   0: 0x80009372 (0x00008b31) c.andi  a4, 12
core   0: 3 0x80009372 (0x8b31) x14 0x00000004
core   0: 0x80009374 (0x000084a5) c.srai  s1, 9
core   0: 3 0x80009374 (0x84a5) x9  0x000000c8
core   0: 0x80009376 (0x015c9193) slli    gp, s9, 21
core   0: 3 0x80009376 (0x015c9193) x3  0x00000000
core   0: 0x8000937a (0x0000612d) c.addi16sp sp, 224
core   0: 3 0x8000937a (0x612d) x2  0x00000290
core   0: 0x8000937c (0x0084d833) srl     a6, s1, s0
core   0: 3 0x8000937c (0x0084d833) x16 0x0000000c
core   0: 0x80009380 (0x8121b993) sltiu   s3, gp, -2030
core   0: 3 0x80009380 (0x8121b993) x19 0x00000001
core   0: 0x80009384 (0x00008e65) c.and   a2, s1
core   0: 3 0x80009384 (0x8e65) x12 0x00000000
core   0: 0x80009386 (0x00000001) c.nop
core   0: 3 0x80009386 (0x0001)
core   0: 0x80009388 (0x00001e1c) c.addi4spn a5, sp, 816
core   0: 3 0x80009388 (0x1e1c) x15 0x000005c0
core   0: 0x8000938a (0x0199a133) slt     sp, s3, s9
core   0: 3 0x8000938a (0x0199a133) x2  0x00000000
core   0: 0x8000938e (0x0394f533) remu    a0, s1, s9
core   0: 3 0x8000938e (0x0394f533) x10 0x000000c8
core   0: 0x80009392 (0x00000001) c.nop
core   0: 3 0x80009392 (0x0001)
core   0: 0x80009394 (0x000088ad) c.andi  s1, 11
core   0: 3 0x80009394 (0x88ad) x9  0x00000008
core   0: 0x80009396 (0x03deab33) mulhsu  s6, t4, t4
core   0: 3 0x80009396 (0x03deab33) x22 0x00000000
core   0: 0x8000939a (0xeca6a493) slti    s1, a3, -310
core   0: 3 0x8000939a (0xeca6a493) x9  0x00000001
core   0: 0x8000939e (0x3b58df97) auipc   t6, 0x3b58d
core   0: 3 0x8000939e (0x3b58df97) x31 0xbb59639e
core   0: 0x800093a2 (0x01517633) and     a2, sp, s5
core   0: 3 0x800093a2 (0x01517633) x12 0x00000000
core   0: 0x800093a6 (0x00006df5) c.lui   s11, 0x1d
core   0: 3 0x800093a6 (0x6df5) x27 0x0001d000
core   0: 0x800093a8 (0x4f5f3a97) auipc   s5, 0x4f5f3
core   0: 3 0x800093a8 (0x4f5f3a97) x21 0xcf5fc3a8
core   0: 0x800093ac (0x01c55913) srli    s2, a0, 28
core   0: 3 0x800093ac (0x01c55913) x18 0x00000000
core   0: 0x800093b0 (0x00b99fb3) sll     t6, s3, a1
core   0: 3 0x800093b0 (0x00b99fb3) x31 0x20000000
core   0: 0x800093b4 (0xe18b4d13) xori    s10, s6, -488
core   0: 3 0x800093b4 (0xe18b4d13) x26 0xfffffe18
core   0: 0x800093b8 (0x00001184) c.addi4spn s1, sp, 224
core   0: 3 0x800093b8 (0x1184) x9  0x000000e0
core   0: 0x800093ba (0x032162b3) rem     t0, sp, s2
core   0: 3 0x800093ba (0x032162b3) x5  0x00000000
core   0: 0x800093be (0x011b5113) srli    sp, s6, 17
core   0: 3 0x800093be (0x011b5113) x2  0x00000000
core   0: 0x800093c2 (0x02a59e63) bne     a1, a0, pc + 60
core   0: 3 0x800093c2 (0x02a59e63)
core   0: 0x800093fe (0x03c5b0b3) mulhu   ra, a1, t3
core   0: 3 0x800093fe (0x03c5b0b3) x1  0xfffe67fc
core   0: 0x80009402 (0x874ef513) andi    a0, t4, -1932
core   0: 3 0x80009402 (0x874ef513) x10 0x00000000
core   0: 0x80009406 (0x033bfa33) remu    s4, s7, s3
core   0: 3 0x80009406 (0x033bfa33) x20 0x00000000
core   0: 0x8000940a (0x00009746) c.add   a4, a7
core   0: 3 0x8000940a (0x9746) x14 0x00000005
core   0: 0x8000940c (0x0054c133) xor     sp, s1, t0
core   0: 3 0x8000940c (0x0054c133) x2  0x000000e0
core   0: 0x80009410 (0x00008e65) c.and   a2, s1
core   0: 3 0x80009410 (0x8e65) x12 0x00000000
core   0: 0x80009412 (0x87a9f017) auipc   zero, 0x87a9f
core   0: 3 0x80009412 (0x87a9f017)
core   0: 0x80009416 (0x00039093) slli    ra, t2, 0
core   0: 3 0x80009416 (0x00039093) x1  0xffffffec
core   0: 0x8000941a (0x0000616d) c.addi16sp sp, 240
core   0: 3 0x8000941a (0x616d) x2  0x000001d0
core   0: 0x8000941c (0x5be66a93) ori     s5, a2, 1470
core   0: 3 0x8000941c (0x5be66a93) x21 0x000005be
core   0: 0x80009420 (0x403b5613) srai    a2, s6, 3
core   0: 3 0x80009420 (0x403b5613) x12 0x00000000
core   0: 0x80009424 (0x94cab7b7) lui     a5, 0x94cab
core   0: 3 0x80009424 (0x94cab7b7) x15 0x94cab000
core   0: 0x80009428 (0x00008799) c.srai  a5, 6
core   0: 3 0x80009428 (0x8799) x15 0xfe532ac0
core   0: 0x8000942a (0x414d50b3) sra     ra, s10, s4
core   0: 3 0x8000942a (0x414d50b3) x1  0xfffffe18
core   0: 0x8000942e (0x01c29763) bne     t0, t3, pc + 14
core   0: 3 0x8000942e (0x01c29763)
core   0: 0x8000943c (0x26876f13) ori     t5, a4, 616
core   0: 3 0x8000943c (0x26876f13) x30 0x0000026d
core   0: 0x80009440 (0x001a31b3) sltu    gp, s4, ra
core   0: 3 0x80009440 (0x001a31b3) x3  0x00000001
core   0: 0x80009444 (0xad72bf93) sltiu   t6, t0, -1321
core   0: 3 0x80009444 (0xad72bf93) x31 0x00000001
core   0: 0x80009448 (0x54282e93) slti    t4, a6, 1346
core   0: 3 0x80009448 (0x54282e93) x29 0x00000001
core   0: 0x8000944c (0x0275b933) mulhu   s2, a1, t2
core   0: 3 0x8000944c (0x0275b933) x18 0xfffe6829
core   0: 0x80009450 (0x003bd193) srli    gp, s7, 3
core   0: 3 0x80009450 (0x003bd193) x3  0x00000000
core   0: 0x80009454 (0x00008ffd) c.and   a5, a5
core   0: 3 0x80009454 (0x8ffd) x15 0xfe532ac0
core   0: 0x80009456 (0x00000001) c.nop
core   0: 3 0x80009456 (0x0001)
core   0: 0x80009458 (0x00000821) c.addi  a6, 8
core   0: 3 0x80009458 (0x0821) x16 0x00000014
core   0: 0x8000945a (0x03af79b3) remu    s3, t5, s10
core   0: 3 0x8000945a (0x03af79b3) x19 0x0000026d
core   0: 0x8000945e (0x00530263) beq     t1, t0, pc + 4
core   0: 3 0x8000945e (0x00530263)
core   0: 0x80009462 (0x02af7863) bgeu    t5, a0, pc + 48
core   0: 3 0x80009462 (0x02af7863)
core   0: 0x80009492 (0x02709033) mulh    zero, ra, t2
core   0: 3 0x80009492 (0x02709033)
core   0: 0x80009496 (0x012d90b3) sll     ra, s11, s2
core   0: 3 0x80009496 (0x012d90b3) x1  0x03a00000
core   0: 0x8000949a (0x00008f29) c.xor   a4, a0
core   0: 3 0x8000949a (0x8f29) x14 0x00000005
core   0: 0x8000949c (0x40a901b3) sub     gp, s2, a0
core   0: 3 0x8000949c (0x40a901b3) x3  0xfffe6829
core   0: 0x800094a0 (0x01d16233) or      tp, sp, t4
core   0: 3 0x800094a0 (0x01d16233) x4  0x000001d1
core   0: 0x800094a4 (0x0000c129) c.beqz  a0, pc + 66
core   0: 3 0x800094a4 (0xc129)
core   0: 0x800094e6 (0x02be43b3) div     t2, t3, a1
core   0: 3 0x800094e6 (0x02be43b3) x7  0x00000000
core   0: 0x800094ea (0x03f1e333) rem     t1, gp, t6
core   0: 3 0x800094ea (0x03f1e333) x6  0x00000000
core   0: 0x800094ee (0x03430663) beq     t1, s4, pc + 44
core   0: 3 0x800094ee (0x03430663)
core   0: 0x8000951a (0x000000b6) c.slli  ra, 13
core   0: 3 0x8000951a (0x00b6) x1  0x00000000
core   0: 0x8000951c (0xcf6c4c97) auipc   s9, 0xcf6c4
core   0: 3 0x8000951c (0xcf6c4c97) x25 0x4f6cd51c
core   0: 0x80009520 (0x016198b3) sll     a7, gp, s6
core   0: 3 0x80009520 (0x016198b3) x17 0xfffe6829
core   0: 0x80009524 (0x400cd7b3) sra     a5, s9, zero
core   0: 3 0x80009524 (0x400cd7b3) x15 0x4f6cd51c
core   0: 0x80009528 (0x03d41033) mulh    zero, s0, t4
core   0: 3 0x80009528 (0x03d41033)
core   0: 0x8000952c (0x00805a13) srli    s4, zero, 8
core   0: 3 0x8000952c (0x00805a13) x20 0x00000000
core   0: 0x80009530 (0xfe7a5e17) auipc   t3, 0xfe7a5
core   0: 3 0x80009530 (0xfe7a5e17) x28 0x7e7ae530
core   0: 0x80009534 (0x000005da) c.slli  a1, 22
core   0: 3 0x80009534 (0x05da) x11 0x0f400000
core   0: 0x80009536 (0x02235833) divu    a6, t1, sp
core   0: 3 0x80009536 (0x02235833) x16 0x00000000
core   0: 0x8000953a (0x910a2897) auipc   a7, 0x910a2
core   0: 3 0x8000953a (0x910a2897) x17 0x110ab53a
core   0: 0x8000953e (0x007f9663) bne     t6, t2, pc + 12
core   0: 3 0x8000953e (0x007f9663)
core   0: 0x8000954a (0x409ad813) srai    a6, s5, 9
core   0: 3 0x8000954a (0x409ad813) x16 0x00000002
core   0: 0x8000954e (0x00009e12) c.add   t3, tp
core   0: 3 0x8000954e (0x9e12) x28 0x7e7ae701
core   0: 0x80009550 (0x02a88863) beq     a7, a0, pc + 48
core   0: 3 0x80009550 (0x02a88863)
core   0: 0x80009554 (0x017a7893) andi    a7, s4, 23
core   0: 3 0x80009554 (0x017a7893) x17 0x00000000
core   0: 0x80009558 (0x04b07063) bgeu    zero, a1, pc + 64
core   0: 3 0x80009558 (0x04b07063)
core   0: 0x8000955c (0x24b0fa93) andi    s5, ra, 587
core   0: 3 0x8000955c (0x24b0fa93) x21 0x00000000
core   0: 0x80009560 (0x40dbd033) sra     zero, s7, a3
core   0: 3 0x80009560 (0x40dbd033)
core   0: 0x80009564 (0x02b2d363) bge     t0, a1, pc + 38
core   0: 3 0x80009564 (0x02b2d363)
core   0: 0x80009568 (0x00008e65) c.and   a2, s1
core   0: 3 0x80009568 (0x8e65) x12 0x00000000
core   0: 0x8000956a (0x00e72633) slt     a2, a4, a4
core   0: 3 0x8000956a (0x00e72633) x12 0x00000000
core   0: 0x8000956e (0x0000c209) c.beqz  a2, pc + 2
core   0: 3 0x8000956e (0xc209)
core   0: 0x80009570 (0x00000dfa) c.slli  s11, 30
core   0: 3 0x80009570 (0x0dfa) x27 0x00000000
core   0: 0x80009572 (0x009cf663) bgeu    s9, s1, pc + 12
core   0: 3 0x80009572 (0x009cf663)
core   0: 0x8000957e (0x00009dba) c.add   s11, a4
core   0: 3 0x8000957e (0x9dba) x27 0x00000005
core   0: 0x80009580 (0xf441e093) ori     ra, gp, -188
core   0: 3 0x80009580 (0xf441e093) x1  0xffffff6d
core   0: 0x80009584 (0x02599233) mulh    tp, s3, t0
core   0: 3 0x80009584 (0x02599233) x4  0x00000000
core   0: 0x80009588 (0x00000001) c.nop
core   0: 3 0x80009588 (0x0001)
core   0: 0x8000958a (0x001b3ab3) sltu    s5, s6, ra
core   0: 3 0x8000958a (0x001b3ab3) x21 0x00000001
core   0: 0x8000958e (0x0076ce33) xor     t3, a3, t2
core   0: 3 0x8000958e (0x0076ce33) x28 0x80025e30
core   0: 0x80009592 (0x00008ced) c.and   s1, a1
core   0: 3 0x80009592 (0x8ced) x9  0x00000000
core   0: 0x80009594 (0x003bfbb3) and     s7, s7, gp
core   0: 3 0x80009594 (0x003bfbb3) x23 0x00000000
core   0: 0x80009598 (0x000dd233) srl     tp, s11, zero
core   0: 3 0x80009598 (0x000dd233) x4  0x00000005
core   0: 0x8000959c (0x0000e11d) c.bnez  a0, pc + 38
core   0: 3 0x8000959c (0xe11d)
core   0: 0x8000959e (0x014189b3) add     s3, gp, s4
core   0: 3 0x8000959e (0x014189b3) x19 0xfffe6829
core   0: 0x800095a2 (0xfd3f1297) auipc   t0, 0xfd3f1
core   0: 3 0x800095a2 (0xfd3f1297) x5  0x7d3fa5a2
core   0: 0x800095a6 (0x9af0a613) slti    a2, ra, -1617
core   0: 3 0x800095a6 (0x9af0a613) x12 0x00000000
core   0: 0x800095aa (0x01b74d33) xor     s10, a4, s11
core   0: 3 0x800095aa (0x01b74d33) x26 0x00000000
core   0: 0x800095ae (0x70cf8b93) addi    s7, t6, 1804
core   0: 3 0x800095ae (0x70cf8b93) x23 0x0000070d
core   0: 0x800095b2 (0x00000d36) c.slli  s10, 13
core   0: 3 0x800095b2 (0x0d36) x26 0x00000000
core   0: 0x800095b4 (0x0000070c) c.addi4spn a1, sp, 896
core   0: 3 0x800095b4 (0x070c) x11 0x00000550
core   0: 0x800095b6 (0x001c0133) add     sp, s8, ra
core   0: 3 0x800095b6 (0x001c0133) x2  0xfba32304
core   0: 0x800095ba (0x02439b33) mulh    s6, t2, tp
core   0: 3 0x800095ba (0x02439b33) x22 0x00000000
core   0: 0x800095be (0x51064293) xori    t0, a2, 1296
core   0: 3 0x800095be (0x51064293) x5  0x00000510
core   0: 0x800095c2 (0x00006395) c.lui   t2, 0x5
core   0: 3 0x800095c2 (0x6395) x7  0x00005000
core   0: 0x800095c4 (0x00000790) c.addi4spn a2, sp, 960
core   0: 3 0x800095c4 (0x0790) x12 0xfba326c4
core   0: 0x800095c6 (0x0125bab3) sltu    s5, a1, s2
core   0: 3 0x800095c6 (0x0125bab3) x21 0x00000001
core   0: 0x800095ca (0x021ac4b3) div     s1, s5, ra
core   0: 3 0x800095ca (0x021ac4b3) x9  0x00000000
core   0: 0x800095ce (0x00108133) add     sp, ra, ra
core   0: 3 0x800095ce (0x00108133) x2  0xfffffeda
core   0: 0x800095d2 (0x0000879d) c.srai  a5, 7
core   0: 3 0x800095d2 (0x879d) x15 0x009ed9aa
core   0: 0x800095d4 (0x01ea2b33) slt     s6, s4, t5
core   0: 3 0x800095d4 (0x01ea2b33) x22 0x00000001
core   0: 0x800095d8 (0x000001a2) c.slli  gp, 8
core   0: 3 0x800095d8 (0x01a2) x3  0xfe682900
core   0: 0x800095da (0x00008d5e) c.mv    s10, s7
core   0: 3 0x800095da (0x8d5e) x26 0x0000070d
core   0: 0x800095dc (0x0000717d) c.addi16sp sp, -16
core   0: 3 0x800095dc (0x717d) x2  0xfffffeca
core   0: 0x800095de (0x007094b3) sll     s1, ra, t2
core   0: 3 0x800095de (0x007094b3) x9  0xffffff6d
core   0: 0x800095e2 (0x00000dda) c.slli  s11, 22
core   0: 3 0x800095e2 (0x0dda) x27 0x01400000
core   0: 0x800095e4 (0x000080b9) c.srli  s1, 14
core   0: 3 0x800095e4 (0x80b9) x9  0x0003ffff
core   0: 0x800095e6 (0x00000001) c.nop
core   0: 3 0x800095e6 (0x0001)
core   0: 0x800095e8 (0x01bc0d33) add     s10, s8, s11
core   0: 3 0x800095e8 (0x01bc0d33) x26 0xfce32397
core   0: 0x800095ec (0x00008db1) c.xor   a1, a2
core   0: 3 0x800095ec (0x8db1) x11 0xfba32394
core   0: 0x800095ee (0x0000e93d) c.bnez  a0, pc + 118
core   0: 3 0x800095ee (0xe93d)
core   0: 0x800095f0 (0x00008c85) c.sub   s1, s1
core   0: 3 0x800095f0 (0x8c85) x9  0x00000000
core   0: 0x800095f2 (0x095d4463) blt     s10, s5, pc + 136
core   0: 3 0x800095f2 (0x095d4463)
core   0: 0x8000967a (0x001bea33) or      s4, s7, ra
core   0: 3 0x8000967a (0x001bea33) x20 0xffffff6d
core   0: 0x8000967e (0x000090ae) c.add   ra, a1
core   0: 3 0x8000967e (0x90ae) x1  0xfba32301
core   0: 0x80009680 (0x0000e9a9) c.bnez  a1, pc + 82
core   0: 3 0x80009680 (0xe9a9)
core   0: 0x800096d2 (0xf74e6013) ori     zero, t3, -140
core   0: 3 0x800096d2 (0xf74e6013)
core   0: 0x800096d6 (0x0208c633) div     a2, a7, zero
core   0: 3 0x800096d6 (0x0208c633) x12 0xffffffff
core   0: 0x800096da (0x00008511) c.srai  a0, 4
core   0: 3 0x800096da (0x8511) x10 0x00000000
core   0: 0x800096dc (0x761d7d37) lui     s10, 0x761d7
core   0: 3 0x800096dc (0x761d7d37) x26 0x761d7000
core   0: 0x800096e0 (0x02ce84b3) mul     s1, t4, a2
core   0: 3 0x800096e0 (0x02ce84b3) x9  0xffffffff
core   0: 0x800096e4 (0x8e58b117) auipc   sp, 0x8e58b
core   0: 3 0x800096e4 (0x8e58b117) x2  0x0e5946e4
core   0: 0x800096e8 (0x00681c93) slli    s9, a6, 6
core   0: 3 0x800096e8 (0x00681c93) x25 0x00000080
core   0: 0x800096ec (0x0000717d) c.addi16sp sp, -16
core   0: 3 0x800096ec (0x717d) x2  0x0e5946d4
core   0: 0x800096ee (0x00f793b3) sll     t2, a5, a5
core   0: 3 0x800096ee (0x00f793b3) x7  0x7b66a800
core   0: 0x800096f2 (0x0306d863) bge     a3, a6, pc + 48
core   0: 3 0x800096f2 (0x0306d863)
core   0: 0x800096f6 (0x005ee733) or      a4, t4, t0
core   0: 3 0x800096f6 (0x005ee733) x14 0x00000511
core   0: 0x800096fa (0x00006b4d) c.lui   s6, 0x13
core   0: 3 0x800096fa (0x6b4d) x22 0x00013000
core   0: 0x800096fc (0x5809cd13) xori    s10, s3, 1408
core   0: 3 0x800096fc (0x5809cd13) x26 0xfffe6da9
core   0: 0x80009700 (0x00008fb5) c.xor   a5, a3
core   0: 3 0x80009700 (0x8fb5) x15 0x809c879a
core   0: 0x80009702 (0x00b2d833) srl     a6, t0, a1
core   0: 3 0x80009702 (0x00b2d833) x16 0x00000000
core   0: 0x80009706 (0x00283933) sltu    s2, a6, sp
core   0: 3 0x80009706 (0x00283933) x18 0x00000001
core   0: 0x8000970a (0x038c2cb3) mulhsu  s9, s8, s8
core   0: 3 0x8000970a (0x038c2cb3) x25 0xfbb62c29
core   0: 0x8000970e (0x00fd1513) slli    a0, s10, 15
core   0: 3 0x8000970e (0x00fd1513) x10 0x36d48000
core   0: 0x80009712 (0x00000799) c.addi  a5, 6
core   0: 3 0x80009712 (0x0799) x15 0x809c87a0
core   0: 0x80009714 (0x0000821d) c.srli  a2, 7
core   0: 3 0x80009714 (0x821d) x12 0x01ffffff
core   0: 0x80009716 (0x00008e21) c.xor   a2, s0
core   0: 3 0x80009716 (0x8e21) x12 0x81fd631b
core   0: 0x80009718 (0x016ad9b3) srl     s3, s5, s6
core   0: 3 0x80009718 (0x016ad9b3) x19 0x00000001
core   0: 0x8000971c (0x60a98d13) addi    s10, s3, 1546
core   0: 3 0x8000971c (0x60a98d13) x26 0x0000060b
core   0: 0x80009720 (0x00008fed) c.and   a5, a1
core   0: 3 0x80009720 (0x8fed) x15 0x80800380
core   0: 0x80009722 (0x641bb297) auipc   t0, 0x641bb
core   0: 3 0x80009722 (0x641bb297) x5  0xe41c4722
core   0: 0x80009726 (0x4035d133) sra     sp, a1, gp
core   0: 3 0x80009726 (0x4035d133) x2  0xfba32394
core   0: 0x8000972a (0x01a1b833) sltu    a6, gp, s10
core   0: 3 0x8000972a (0x01a1b833) x16 0x00000000
core   0: 0x8000972e (0x016737b3) sltu    a5, a4, s6
core   0: 3 0x8000972e (0x016737b3) x15 0x00000001
core   0: 0x80009732 (0xf099c213) xori    tp, s3, -247
core   0: 3 0x80009732 (0xf099c213) x4  0xffffff08
core   0: 0x80009736 (0x0192d7b3) srl     a5, t0, s9
core   0: 3 0x80009736 (0x0192d7b3) x15 0x00720e23
core   0: 0x8000973a (0x0000614d) c.addi16sp sp, 176
core   0: 3 0x8000973a (0x614d) x2  0xfba32444
core   0: 0x8000973c (0x00008f31) c.xor   a4, a2
core   0: 3 0x8000973c (0x8f31) x14 0x81fd660a
core   0: 0x8000973e (0x40545bb3) sra     s7, s0, t0
core   0: 3 0x8000973e (0x40545bb3) x23 0xe000a739
core   0: 0x80009742 (0xa4077113) andi    sp, a4, -1472
core   0: 3 0x80009742 (0xa4077113) x2  0x81fd6200
core   0: 0x80009746 (0x00006379) c.lui   t1, 0x1e
core   0: 3 0x80009746 (0x6379) x6  0x0001e000
core   0: 0x80009748 (0x01cbd9b3) srl     s3, s7, t3
core   0: 3 0x80009748 (0x01cbd9b3) x19 0x0000e000
core   0: 0x8000974c (0x020a04b3) mul     s1, s4, zero
core   0: 3 0x8000974c (0x020a04b3) x9  0x00000000
core   0: 0x80009750 (0x01222633) slt     a2, tp, s2
core   0: 3 0x80009750 (0x01222633) x12 0x00000001
core   0: 0x80009754 (0x00008cb9) c.xor   s1, a4
core   0: 3 0x80009754 (0x8cb9) x9  0x81fd660a
core   0: 0x80009756 (0x00001804) c.addi4spn s1, sp, 48
core   0: 3 0x80009756 (0x1804) x9  0x81fd6230
core   0: 0x80009758 (0x40b450b3) sra     ra, s0, a1
core   0: 3 0x80009758 (0x40b450b3) x1  0xfffff800
core   0: 0x8000975c (0x0261b133) mulhu   sp, gp, t1
core   0: 3 0x8000975c (0x0261b133) x2  0x0001dd03
core   0: 0x80009760 (0x0000717d) c.addi16sp sp, -16
core   0: 3 0x80009760 (0x717d) x2  0x0001dcf3
core   0: 0x80009762 (0x02745733) divu    a4, s0, t2
core   0: 3 0x80009762 (0x02745733) x14 0x00000001
core   0: 0x80009766 (0x403fda93) srai    s5, t6, 3
core   0: 3 0x80009766 (0x403fda93) x21 0x00000000
core   0: 0x8000976a (0x2eb1fe93) andi    t4, gp, 747
core   0: 3 0x8000976a (0x2eb1fe93) x29 0x00000000
core   0: 0x8000976e (0x28360813) addi    a6, a2, 643
core   0: 3 0x8000976e (0x28360813) x16 0x00000284
core   0: 0x80009772 (0x210e0ab7) lui     s5, 0x210e0
core   0: 3 0x80009772 (0x210e0ab7) x21 0x210e0000
core   0: 0x80009776 (0x00006be5) c.lui   s7, 0x19
core   0: 3 0x80009776 (0x6be5) x23 0x00019000
core   0: 0x80009778 (0x37239297) auipc   t0, 0x37239
core   0: 3 0x80009778 (0x37239297) x5  0xb7242778
core   0: 0x8000977c (0x01979663) bne     a5, s9, pc + 12
core   0: 3 0x8000977c (0x01979663)
core   0: 0x80009788 (0x016ac533) xor     a0, s5, s6
core   0: 3 0x80009788 (0x016ac533) x10 0x210f3000
core   0: 0x8000978c (0x02bd7633) remu    a2, s10, a1
core   0: 3 0x8000978c (0x02bd7633) x12 0x0000060b
core   0: 0x80009790 (0x00008cd9) c.or    s1, a4
core   0: 3 0x80009790 (0x8cd9) x9  0x81fd6231
core   0: 0x80009792 (0x00008245) c.srli  a2, 17
core   0: 3 0x80009792 (0x8245) x12 0x00000000
core   0: 0x80009794 (0x00008d59) c.or    a0, a4
core   0: 3 0x80009794 (0x8d59) x10 0x210f3001
core   0: 0x80009796 (0x00009f8a) c.add   t6, sp
core   0: 3 0x80009796 (0x9f8a) x31 0x0001dcf4
core   0: 0x80009798 (0x00008cdd) c.or    s1, a5
core   0: 3 0x80009798 (0x8cdd) x9  0x81ff6e33
core   0: 0x8000979a (0x00008a19) c.andi  a2, 6
core   0: 3 0x8000979a (0x8a19) x12 0x00000000
core   0: 0x8000979c (0x00008df9) c.and   a1, a4
core   0: 3 0x8000979c (0x8df9) x11 0x00000000
core   0: 0x8000979e (0x00008f91) c.sub   a5, a2
core   0: 3 0x8000979e (0x8f91) x15 0x00720e23
core   0: 0x800097a0 (0x0000c319) c.beqz  a4, pc + 6
core   0: 3 0x800097a0 (0xc319)
core   0: 0x800097a2 (0x03995633) divu    a2, s2, s9
core   0: 3 0x800097a2 (0x03995633) x12 0x00000000
core   0: 0x800097a6 (0x00009a7d) c.andi  a2, -1
core   0: 3 0x800097a6 (0x9a7d) x12 0x00000000
core   0: 0x800097a8 (0x9f517593) andi    a1, sp, -1547
core   0: 3 0x800097a8 (0x9f517593) x11 0x0001d8f1
core   0: 0x800097ac (0x0000cb01) c.beqz  a4, pc + 16
core   0: 3 0x800097ac (0xcb01)
core   0: 0x800097ae (0x23ae4837) lui     a6, 0x23ae4
core   0: 3 0x800097ae (0x23ae4837) x16 0x23ae4000
core   0: 0x800097b2 (0x0000825d) c.srli  a2, 23
core   0: 3 0x800097b2 (0x825d) x12 0x00000000
core   0: 0x800097b4 (0x00008ba5) c.andi  a5, 9
core   0: 3 0x800097b4 (0x8ba5) x15 0x00000001
core   0: 0x800097b6 (0x2b3ce493) ori     s1, s9, 691
core   0: 3 0x800097b6 (0x2b3ce493) x9  0xfbb62ebb
core   0: 0x800097ba (0x00008c91) c.sub   s1, a2
core   0: 3 0x800097ba (0x8c91) x9  0xfbb62ebb
core   0: 0x800097bc (0xb7002813) slti    a6, zero, -1168
core   0: 3 0x800097bc (0xb7002813) x16 0x00000000
core   0: 0x800097c0 (0x00008f85) c.sub   a5, s1
core   0: 3 0x800097c0 (0x8f85) x15 0x0449d146
core   0: 0x800097c2 (0x00008c89) c.sub   s1, a0
core   0: 3 0x800097c2 (0x8c89) x9  0xdaa6feba
core   0: 0x800097c4 (0x00c2c733) xor     a4, t0, a2
core   0: 3 0x800097c4 (0x00c2c733) x14 0xb7242778
core   0: 0x800097c8 (0x00008f9d) c.sub   a5, a5
core   0: 3 0x800097c8 (0x8f9d) x15 0x00000000
core   0: 0x800097ca (0xbfc80d37) lui     s10, 0xbfc80
core   0: 3 0x800097ca (0xbfc80d37) x26 0xbfc80000
core   0: 0x800097ce (0x004cdf33) srl     t5, s9, tp
core   0: 3 0x800097ce (0x004cdf33) x30 0x00fbb62c
core   0: 0x800097d2 (0x00c40333) add     t1, s0, a2
core   0: 3 0x800097d2 (0x00c40333) x6  0x80029ce4
core   0: 0x800097d6 (0x01d8c233) xor     tp, a7, t4
core   0: 3 0x800097d6 (0x01d8c233) x4  0x00000000
core   0: 0x800097da (0x008a5c93) srli    s9, s4, 8
core   0: 3 0x800097da (0x008a5c93) x25 0x00ffffff
core   0: 0x800097de (0x00008f26) c.mv    t5, s1
core   0: 3 0x800097de (0x8f26) x30 0xdaa6feba
core   0: 0x800097e0 (0x036b9663) bne     s7, s6, pc + 44
core   0: 3 0x800097e0 (0x036b9663)
core   0: 0x8000980c (0x00008d0d) c.sub   a0, a1
core   0: 3 0x8000980c (0x8d0d) x10 0x210d5710
core   0: 0x8000980e (0x000080f1) c.srli  s1, 28
core   0: 3 0x8000980e (0x80f1) x9  0x0000000d
core   0: 0x80009810 (0x00008e51) c.or    a2, a2
core   0: 3 0x80009810 (0x8e51) x12 0x00000000
core   0: 0x80009812 (0x4b0ebe13) sltiu   t3, t4, 1200
core   0: 3 0x80009812 (0x4b0ebe13) x28 0x00000001
core   0: 0x80009816 (0x000067f1) c.lui   a5, 0x1c
core   0: 3 0x80009816 (0x67f1) x15 0x0001c000
core   0: 0x80009818 (0x6e6ea093) slti    ra, t4, 1766
core   0: 3 0x80009818 (0x6e6ea093) x1  0x00000001
core   0: 0x8000981c (0x034ce1b3) rem     gp, s9, s4
core   0: 3 0x8000981c (0x034ce1b3) x3  0x00000069
core   0: 0x80009820 (0x03be5bb3) divu    s7, t3, s11
core   0: 3 0x80009820 (0x03be5bb3) x23 0x00000000
core   0: 0x80009824 (0x006eb633) sltu    a2, t4, t1
core   0: 3 0x80009824 (0x006eb633) x12 0x00000001
core   0: 0x80009828 (0x63ce7817) auipc   a6, 0x63ce7
core   0: 3 0x80009828 (0x63ce7817) x16 0xe3cf0828
core   0: 0x8000982c (0x03120eb3) mul     t4, tp, a7
core   0: 3 0x8000982c (0x03120eb3) x29 0x00000000
core   0: 0x80009830 (0x028c0bb3) mul     s7, s8, s0
core   0: 3 0x80009830 (0x028c0bb3) x23 0x4e29b67c
core   0: 0x80009834 (0x40310733) sub     a4, sp, gp
core   0: 3 0x80009834 (0x40310733) x14 0x0001dc8a
core   0: 0x80009838 (0x01eebe33) sltu    t3, t4, t5
core   0: 3 0x80009838 (0x01eebe33) x28 0x00000001
core   0: 0x8000983c (0x00000c8c) c.addi4spn a1, sp, 592
core   0: 3 0x8000983c (0x0c8c) x11 0x0001df43
core   0: 0x8000983e (0x0000c619) c.beqz  a2, pc + 14
core   0: 3 0x8000983e (0xc619)
core   0: 0x80009840 (0x025c0cb3) mul     s9, s8, t0
core   0: 3 0x80009840 (0x025c0cb3) x25 0xc120afc8
core   0: 0x80009844 (0x00809033) sll     zero, ra, s0
core   0: 3 0x80009844 (0x00809033)
core   0: 0x80009848 (0x005f50b3) srl     ra, t5, t0
core   0: 3 0x80009848 (0x005f50b3) x1  0x000000da
core   0: 0x8000984c (0x000069b1) c.lui   s3, 0xc
core   0: 3 0x8000984c (0x69b1) x19 0x0000c000
core   0: 0x8000984e (0x000089c1) c.andi  a1, 16
core   0: 3 0x8000984e (0x89c1) x11 0x00000000
core   0: 0x80009850 (0x029365b3) rem     a1, t1, s1
core   0: 3 0x80009850 (0x029365b3) x11 0xfffffff5
core   0: 0x80009854 (0x00a7ecb3) or      s9, a5, a0
core   0: 3 0x80009854 (0x00a7ecb3) x25 0x210dd710
core   0: 0x80009858 (0x00964733) xor     a4, a2, s1
core   0: 3 0x80009858 (0x00964733) x14 0x0000000c
core   0: 0x8000985c (0x013f48b3) xor     a7, t5, s3
core   0: 3 0x8000985c (0x013f48b3) x17 0xdaa63eba
core   0: 0x80009860 (0x08da8713) addi    a4, s5, 141
core   0: 3 0x80009860 (0x08da8713) x14 0x210e008d
core   0: 0x80009864 (0x00000001) c.nop
core   0: 3 0x80009864 (0x0001)
core   0: 0x80009866 (0x0000ec9d) c.bnez  s1, pc + 62
core   0: 3 0x80009866 (0xec9d)
core   0: 0x800098a4 (0x02a72bb3) mulhsu  s7, a4, a0
core   0: 3 0x800098a4 (0x02a72bb3) x23 0x04448706
core   0: 0x800098a8 (0x41ec8fb3) sub     t6, s9, t5
core   0: 3 0x800098a8 (0x41ec8fb3) x31 0x4666d856
core   0: 0x800098ac (0x022c9bb3) mulh    s7, s9, sp
core   0: 3 0x800098ac (0x022c9bb3) x23 0x00003d95
core   0: 0x800098b0 (0x00008ff5) c.and   a5, a3
core   0: 3 0x800098b0 (0x8ff5) x15 0x00004000
core   0: 0x800098b2 (0x00000001) c.nop
core   0: 3 0x800098b2 (0x0001)
core   0: 0x800098b4 (0x05e27263) bgeu    tp, t5, pc + 68
core   0: 3 0x800098b4 (0x05e27263)
core   0: 0x800098b8 (0x41345313) srai    t1, s0, 19
core   0: 3 0x800098b8 (0x41345313) x6  0xfffff000
core   0: 0x800098bc (0x00008df1) c.and   a1, a2
core   0: 3 0x800098bc (0x8df1) x11 0x00000001
core   0: 0x800098be (0x000082a2) c.mv    t0, s0
core   0: 3 0x800098be (0x82a2) x5  0x80029ce4
core   0: 0x800098c0 (0x0f2d2293) slti    t0, s10, 242
core   0: 3 0x800098c0 (0x0f2d2293) x5  0x00000001
core   0: 0x800098c4 (0x00000d2d) c.addi  s10, 11
core   0: 3 0x800098c4 (0x0d2d) x26 0xbfc8000b
core   0: 0x800098c6 (0x00004619) c.li    a2, 6
core   0: 3 0x800098c6 (0x4619) x12 0x00000006
core   0: 0x800098c8 (0x00bef2b3) and     t0, t4, a1
core   0: 3 0x800098c8 (0x00bef2b3) x5  0x00000000
core   0: 0x800098cc (0x02c3fa33) remu    s4, t2, a2
core   0: 3 0x800098cc (0x02c3fa33) x20 0x00000000
core   0: 0x800098d0 (0x0000717d) c.addi16sp sp, -16
core   0: 3 0x800098d0 (0x717d) x2  0x0001dce3
core   0: 0x800098d2 (0x029bdcb3) divu    s9, s7, s1
core   0: 3 0x800098d2 (0x029bdcb3) x25 0x000004bc
core   0: 0x800098d6 (0x028a0eb3) mul     t4, s4, s0
core   0: 3 0x800098d6 (0x028a0eb3) x29 0x00000000
core   0: 0x800098da (0x02cbf863) bgeu    s7, a2, pc + 48
core   0: 3 0x800098da (0x02cbf863)
core   0: 0x8000990a (0x00004611) c.li    a2, 4
core   0: 3 0x8000990a (0x4611) x12 0x00000004
core   0: 0x8000990c (0x00001698) c.addi4spn a4, sp, 864
core   0: 3 0x8000990c (0x1698) x14 0x0001e043
core   0: 0x8000990e (0xa47ed197) auipc   gp, 0xa47ed
core   0: 3 0x8000990e (0xa47ed197) x3  0x247f690e
core   0: 0x80009912 (0x40b1d613) srai    a2, gp, 11
core   0: 3 0x80009912 (0x40b1d613) x12 0x00048fed
core   0: 0x80009916 (0x00001490) c.addi4spn a2, sp, 608
core   0: 3 0x80009916 (0x1490) x12 0x0001df43
core   0: 0x80009918 (0x0000854a) c.mv    a0, s2
core   0: 3 0x80009918 (0x854a) x10 0x00000001
core   0: 0x8000991a (0xe1182e97) auipc   t4, 0xe1182
core   0: 3 0x8000991a (0xe1182e97) x29 0x6118b91a
core   0: 0x8000991e (0x00a13ab3) sltu    s5, sp, a0
core   0: 3 0x8000991e (0x00a13ab3) x21 0x00000000
core   0: 0x80009922 (0x01121c63) bne     tp, a7, pc + 24
core   0: 3 0x80009922 (0x01121c63)
core   0: 0x8000993a (0xcaac2f13) slti    t5, s8, -854
core   0: 3 0x8000993a (0xcaac2f13) x30 0x00000001
core   0: 0x8000993e (0x0000039c) c.addi4spn a5, sp, 448
core   0: 3 0x8000993e (0x039c) x15 0x0001dea3
core   0: 0x80009940 (0x03abdd33) divu    s10, s7, s10
core   0: 3 0x80009940 (0x03abdd33) x26 0x00000000
core   0: 0x80009944 (0x46304513) xori    a0, zero, 1123
core   0: 3 0x80009944 (0x46304513) x10 0x00000463
core   0: 0x80009948 (0x01e15b13) srli    s6, sp, 30
core   0: 3 0x80009948 (0x01e15b13) x22 0x00000000
core   0: 0x8000994c (0x0000e50d) c.bnez  a0, pc + 42
core   0: 3 0x8000994c (0xe50d)
core   0: 0x80009976 (0x000087d5) c.srai  a5, 21
core   0: 3 0x80009976 (0x87d5) x15 0x00000000
core   0: 0x80009978 (0x1aa6ba13) sltiu   s4, a3, 426
core   0: 3 0x80009978 (0x1aa6ba13) x20 0x00000000
core   0: 0x8000997c (0x00001708) c.addi4spn a0, sp, 928
core   0: 3 0x8000997c (0x1708) x10 0x0001e083
core   0: 0x8000997e (0x016ff233) and     tp, t6, s6
core   0: 3 0x8000997e (0x016ff233) x4  0x00000000
core   0: 0x80009982 (0x760c3893) sltiu   a7, s8, 1888
core   0: 3 0x80009982 (0x760c3893) x17 0x00000000
core   0: 0x80009986 (0x028333b3) mulhu   t2, t1, s0
core   0: 3 0x80009986 (0x028333b3) x7  0x800294e3
core   0: 0x8000998a (0x00008745) c.srai  a4, 17
core   0: 3 0x8000998a (0x8745) x14 0x00000000
core   0: 0x8000998c (0x6238e313) ori     t1, a7, 1571
core   0: 3 0x8000998c (0x6238e313) x6  0x00000623
core   0: 0x80009990 (0x00008ff1) c.and   a5, a2
core   0: 3 0x80009990 (0x8ff1) x15 0x00000000
core   0: 0x80009992 (0x02d2d4b3) divu    s1, t0, a3
core   0: 3 0x80009992 (0x02d2d4b3) x9  0x00000000
core   0: 0x80009996 (0x02d6c733) div     a4, a3, a3
core   0: 3 0x80009996 (0x02d6c733) x14 0x00000001
core   0: 0x8000999a (0x021c87b3) mul     a5, s9, ra
core   0: 3 0x8000999a (0x021c87b3) x15 0x00040818
core   0: 0x8000999e (0xe597f593) andi    a1, a5, -423
core   0: 3 0x8000999e (0xe597f593) x11 0x00040818
core   0: 0x800099a2 (0x00008305) c.srli  a4, 1
core   0: 3 0x800099a2 (0x8305) x14 0x00000000
core   0: 0x800099a4 (0x02b8ebb3) rem     s7, a7, a1
core   0: 3 0x800099a4 (0x02b8ebb3) x23 0x00000000
core   0: 0x800099a8 (0x00a85293) srli    t0, a6, 10
core   0: 3 0x800099a8 (0x00a85293) x5  0x0038f3c2
core   0: 0x800099ac (0x000083b6) c.mv    t2, a3
core   0: 3 0x800099ac (0x83b6) x7  0x80025e30
core   0: 0x800099ae (0x03f77c63) bgeu    a4, t6, pc + 56
core   0: 3 0x800099ae (0x03f77c63)
core   0: 0x800099b2 (0x113f6b93) ori     s7, t5, 275
core   0: 3 0x800099b2 (0x113f6b93) x23 0x00000113
core   0: 0x800099b6 (0x0291f033) remu    zero, gp, s1
core   0: 3 0x800099b6 (0x0291f033)
core   0: 0x800099ba (0x034f9cb3) mulh    s9, t6, s4
core   0: 3 0x800099ba (0x034f9cb3) x25 0x00000000
core   0: 0x800099be (0x193b2f37) lui     t5, 0x193b2
core   0: 3 0x800099be (0x193b2f37) x30 0x193b2000
core   0: 0x800099c2 (0x00000001) c.nop
core   0: 3 0x800099c2 (0x0001)
core   0: 0x800099c4 (0x02c362b3) rem     t0, t1, a2
core   0: 3 0x800099c4 (0x02c362b3) x5  0x00000623
core   0: 0x800099c8 (0x00828cb3) add     s9, t0, s0
core   0: 3 0x800099c8 (0x00828cb3) x25 0x8002a307
core   0: 0x800099cc (0xd2932013) slti    zero, t1, -727
core   0: 3 0x800099cc (0xd2932013)
core   0: 0x800099d0 (0x021c7333) remu    t1, s8, ra
core   0: 3 0x800099d0 (0x021c7333) x6  0x000000ad
core   0: 0x800099d4 (0x000080c9) c.srli  s1, 18
core   0: 3 0x800099d4 (0x80c9) x9  0x00000000
core   0: 0x800099d6 (0x41e1df33) sra     t5, gp, t5
core   0: 3 0x800099d6 (0x41e1df33) x30 0x247f690e
core   0: 0x800099da (0x00008b21) c.andi  a4, 8
core   0: 3 0x800099da (0x8b21) x14 0x00000000
core   0: 0x800099dc (0x05cc9063) bne     s9, t3, pc + 64
core   0: 3 0x800099dc (0x05cc9063)
core   0: 0x80009a1c (0x02e09f33) mulh    t5, ra, a4
core   0: 3 0x80009a1c (0x02e09f33) x30 0x00000000
core   0: 0x80009a20 (0x00001afd) c.addi  s5, -1
core   0: 3 0x80009a20 (0x1afd) x21 0xffffffff
core   0: 0x80009a22 (0x00008fd9) c.or    a5, a4
core   0: 3 0x80009a22 (0x8fd9) x15 0x00040818
core   0: 0x80009a24 (0x000098fd) c.andi  s1, -1
core   0: 3 0x80009a24 (0x98fd) x9  0x00000000
core   0: 0x80009a26 (0x41485133) sra     sp, a6, s4
core   0: 3 0x80009a26 (0x41485133) x2  0xe3cf0828
core   0: 0x80009a2a (0x009e0263) beq     t3, s1, pc + 4
core   0: 3 0x80009a2a (0x009e0263)
core   0: 0x80009a2e (0x03edf333) remu    t1, s11, t5
core   0: 3 0x80009a2e (0x03edf333) x6  0x01400000
core   0: 0x80009a32 (0x01c25b33) srl     s6, tp, t3
core   0: 3 0x80009a32 (0x01c25b33) x22 0x00000000
core   0: 0x80009a36 (0x0000c215) c.beqz  a2, pc + 36
core   0: 3 0x80009a36 (0xc215)
core   0: 0x80009a38 (0x343ef113) andi    sp, t4, 835
core   0: 3 0x80009a38 (0x343ef113) x2  0x00000102
core   0: 0x80009a3c (0x842b6e93) ori     t4, s6, -1982
core   0: 3 0x80009a3c (0x842b6e93) x29 0xfffff842
core   0: 0x80009a40 (0x00008d3d) c.xor   a0, a5
core   0: 3 0x80009a40 (0x8d3d) x10 0x0005e89b
core   0: 0x80009a42 (0x000088dd) c.andi  s1, 23
core   0: 3 0x80009a42 (0x88dd) x9  0x00000000
core   0: 0x80009a44 (0x0000e98d) c.bnez  a1, pc + 50
core   0: 3 0x80009a44 (0xe98d)
core   0: 0x80009a76 (0x0000808a) c.mv    ra, sp
core   0: 3 0x80009a76 (0x808a) x1  0x00000102
core   0: 0x80009a78 (0x02c8dbb3) divu    s7, a7, a2
core   0: 3 0x80009a78 (0x02c8dbb3) x23 0x00000000
core   0: 0x80009a7c (0x03b10933) mul     s2, sp, s11
core   0: 3 0x80009a7c (0x03b10933) x18 0x42800000
core   0: 0x80009a80 (0x0000997d) c.andi  a0, -1
core   0: 3 0x80009a80 (0x997d) x10 0x0005e89b
core   0: 0x80009a82 (0x009dd8b3) srl     a7, s11, s1
core   0: 3 0x80009a82 (0x009dd8b3) x17 0x01400000
core   0: 0x80009a86 (0x05995263) bge     s2, s9, pc + 68
core   0: 3 0x80009a86 (0x05995263)
core   0: 0x80009aca (0x03658833) mul     a6, a1, s6
core   0: 3 0x80009aca (0x03658833) x16 0x00000000
core   0: 0x80009ace (0x03bee933) rem     s2, t4, s11
core   0: 3 0x80009ace (0x03bee933) x18 0xfffff842
core   0: 0x80009ad2 (0x000083a5) c.srli  a5, 9
core   0: 3 0x80009ad2 (0x83a5) x15 0x00000204
core   0: 0x80009ad4 (0x04ce4563) blt     t3, a2, pc + 74
core   0: 3 0x80009ad4 (0x04ce4563)
core   0: 0x80009b1e (0x00000001) c.nop
core   0: 3 0x80009b1e (0x0001)
core   0: 0x80009b20 (0x005fcb33) xor     s6, t6, t0
core   0: 3 0x80009b20 (0x005fcb33) x22 0x4666de75
core   0: 0x80009b24 (0x1e18b613) sltiu   a2, a7, 481
core   0: 3 0x80009b24 (0x1e18b613) x12 0x00000000
core   0: 0x80009b28 (0x0000717d) c.addi16sp sp, -16
core   0: 3 0x80009b28 (0x717d) x2  0x000000f2
core   0: 0x80009b2a (0x69e80b93) addi    s7, a6, 1694
core   0: 3 0x80009b2a (0x69e80b93) x23 0x0000069e
core   0: 0x80009b2e (0x000081ba) c.mv    gp, a4
core   0: 3 0x80009b2e (0x81ba) x3  0x00000000
core   0: 0x80009b30 (0x00000001) c.nop
core   0: 3 0x80009b30 (0x0001)
core   0: 0x80009b32 (0x00d874b3) and     s1, a6, a3
core   0: 3 0x80009b32 (0x00d874b3) x9  0x00000000
core   0: 0x80009b36 (0x03cc85b3) mul     a1, s9, t3
core   0: 3 0x80009b36 (0x03cc85b3) x11 0x8002a307
core   0: 0x80009b3a (0x0000177d) c.addi  a4, -1
core   0: 3 0x80009b3a (0x177d) x14 0xffffffff
core   0: 0x80009b3c (0x00791563) bne     s2, t2, pc + 10
core   0: 3 0x80009b3c (0x00791563)
core   0: 0x80009b46 (0x01d90fb3) add     t6, s2, t4
core   0: 3 0x80009b46 (0x01d90fb3) x31 0xfffff084
core   0: 0x80009b4a (0x0000813a) c.mv    sp, a4
core   0: 3 0x80009b4a (0x813a) x2  0xffffffff
core   0: 0x80009b4c (0x00000fc6) c.slli  t6, 17
core   0: 3 0x80009b4c (0x0fc6) x31 0xe1080000
core   0: 0x80009b4e (0x00008ce6) c.mv    s9, s9
core   0: 3 0x80009b4e (0x8ce6) x25 0x8002a307
core   0: 0x80009b50 (0x0000912a) c.add   sp, a0
core   0: 3 0x80009b50 (0x912a) x2  0x0005e89a
core   0: 0x80009b52 (0x018d0e33) add     t3, s10, s8
core   0: 3 0x80009b52 (0x018d0e33) x28 0xfba32397
core   0: 0x80009b56 (0xa216c893) xori    a7, a3, -1503
core   0: 3 0x80009b56 (0xa216c893) x17 0x7ffda411
core   0: 0x80009b5a (0x030ed133) divu    sp, t4, a6
core   0: 3 0x80009b5a (0x030ed133) x2  0xffffffff
core   0: 0x80009b5e (0x00006d71) c.lui   s10, 0x1c
core   0: 3 0x80009b5e (0x6d71) x26 0x0001c000
core   0: 0x80009b60 (0x00008dee) c.mv    s11, s11
core   0: 3 0x80009b60 (0x8dee) x27 0x01400000
core   0: 0x80009b62 (0x00006ed1) c.lui   t4, 0x14
core   0: 3 0x80009b62 (0x6ed1) x29 0x00014000
core   0: 0x80009b64 (0x00008fe9) c.and   a5, a0
core   0: 3 0x80009b64 (0x8fe9) x15 0x00000000
core   0: 0x80009b66 (0x00000b90) c.addi4spn a2, sp, 464
core   0: 3 0x80009b66 (0x0b90) x12 0x000001cf
core   0: 0x80009b68 (0x02a218b3) mulh    a7, tp, a0
core   0: 3 0x80009b68 (0x02a218b3) x17 0x00000000
core   0: 0x80009b6c (0x01af9033) sll     zero, t6, s10
core   0: 3 0x80009b6c (0x01af9033)
core   0: 0x80009b70 (0x072d9763) bne     s11, s2, pc + 110
core   0: 3 0x80009b70 (0x072d9763)
core   0: 0x80009bde (0x00008a26) c.mv    s4, s1
core   0: 3 0x80009bde (0x8a26) x20 0x00000000
core   0: 0x80009be0 (0x00000001) c.nop
core   0: 3 0x80009be0 (0x0001)
core   0: 0x80009be2 (0x00df4f33) xor     t5, t5, a3
core   0: 3 0x80009be2 (0x00df4f33) x30 0x80025e30
core   0: 0x80009be6 (0x035e0f33) mul     t5, t3, s5
core   0: 3 0x80009be6 (0x035e0f33) x30 0x045cdc69
core   0: 0x80009bea (0x00006139) c.addi16sp sp, 448
core   0: 3 0x80009bea (0x6139) x2  0x000001bf
core   0: 0x80009bec (0x00008eb2) c.mv    t4, a2
core   0: 3 0x80009bec (0x8eb2) x29 0x000001cf
core   0: 0x80009bee (0x00008e2d) c.xor   a2, a1
core   0: 3 0x80009bee (0x8e2d) x12 0x8002a2c8
core   0: 0x80009bf0 (0x000098fd) c.andi  s1, -1
core   0: 3 0x80009bf0 (0x98fd) x9  0x00000000
core   0: 0x80009bf2 (0x41745733) sra     a4, s0, s7
core   0: 3 0x80009bf2 (0x41745733) x14 0xfffffffe
core   0: 0x80009bf6 (0x63f2b793) sltiu   a5, t0, 1599
core   0: 3 0x80009bf6 (0x63f2b793) x15 0x00000001
core   0: 0x80009bfa (0x510b4393) xori    t2, s6, 1296
core   0: 3 0x80009bfa (0x510b4393) x7  0x4666db65
core   0: 0x80009bfe (0x000080d9) c.srli  s1, 22
core   0: 3 0x80009bfe (0x80d9) x9  0x00000000
core   0: 0x80009c00 (0x006cd093) srli    ra, s9, 6
core   0: 3 0x80009c00 (0x006cd093) x1  0x02000a8c
core   0: 0x80009c04 (0x01e1b133) sltu    sp, gp, t5
core   0: 3 0x80009c04 (0x01e1b133) x2  0x00000001
core   0: 0x80009c08 (0x373a6613) ori     a2, s4, 883
core   0: 3 0x80009c08 (0x373a6613) x12 0x00000373
core   0: 0x80009c0c (0x00008e39) c.xor   a2, a4
core   0: 3 0x80009c0c (0x8e39) x12 0xfffffc8d
core   0: 0x80009c0e (0x38c5c993) xori    s3, a1, 908
core   0: 3 0x80009c0e (0x38c5c993) x19 0x8002a08b
core   0: 0x80009c12 (0x000099b2) c.add   s3, a2
core   0: 3 0x80009c12 (0x99b2) x19 0x80029d18
core   0: 0x80009c14 (0x0000060e) c.slli  a2, 3
core   0: 3 0x80009c14 (0x060e) x12 0xffffe468
core   0: 0x80009c16 (0x01f62633) slt     a2, a2, t6
core   0: 3 0x80009c16 (0x01f62633) x12 0x00000000
core   0: 0x80009c1a (0x8950ee13) ori     t3, ra, -1899
core   0: 3 0x80009c1a (0x8950ee13) x28 0xfffffa9d
core   0: 0x80009c1e (0x0000ef05) c.bnez  a4, pc + 56
core   0: 3 0x80009c1e (0xef05)
core   0: 0x80009c56 (0x09457317) auipc   t1, 0x9457
core   0: 3 0x80009c56 (0x09457317) x6  0x89460c56
core   0: 0x80009c5a (0x006a4c63) blt     s4, t1, pc + 24
core   0: 3 0x80009c5a (0x006a4c63)
core   0: 0x80009c5e (0x02e3ef33) rem     t5, t2, a4
core   0: 3 0x80009c5e (0x02e3ef33) x30 0x00000001
core   0: 0x80009c62 (0x401d8233) sub     tp, s11, ra
core   0: 3 0x80009c62 (0x401d8233) x4  0xff3ff574
core   0: 0x80009c66 (0xd0daef97) auipc   t6, 0xd0dae
core   0: 3 0x80009c66 (0xd0daef97) x31 0x50db7c66
core   0: 0x80009c6a (0x03f0eab3) rem     s5, ra, t6
core   0: 3 0x80009c6a (0x03f0eab3) x21 0x02000a8c
core   0: 0x80009c6e (0x01d55f13) srli    t5, a0, 29
core   0: 3 0x80009c6e (0x01d55f13) x30 0x00000000
core   0: 0x80009c72 (0x0000874d) c.srai  a4, 19
core   0: 3 0x80009c72 (0x874d) x14 0xffffffff
core   0: 0x80009c74 (0x0091e033) or      zero, gp, s1
core   0: 3 0x80009c74 (0x0091e033)
core   0: 0x80009c78 (0x18033b93) sltiu   s7, t1, 384
core   0: 3 0x80009c78 (0x18033b93) x23 0x00000000
core   0: 0x80009c7c (0x0468f263) bgeu    a7, t1, pc + 68
core   0: 3 0x80009c7c (0x0468f263)
core   0: 0x80009c80 (0x400b5db3) sra     s11, s6, zero
core   0: 3 0x80009c80 (0x400b5db3) x27 0x4666de75
core   0: 0x80009c84 (0x01d49793) slli    a5, s1, 29
core   0: 3 0x80009c84 (0x01d49793) x15 0x00000000
core   0: 0x80009c88 (0x00008e6d) c.and   a2, a1
core   0: 3 0x80009c88 (0x8e6d) x12 0x00000000
core   0: 0x80009c8a (0x01469513) slli    a0, a3, 20
core   0: 3 0x80009c8a (0x01469513) x10 0xe3000000
core   0: 0x80009c8e (0x03311e63) bne     sp, s3, pc + 60
core   0: 3 0x80009c8e (0x03311e63)
core   0: 0x80009cca (0x02aaad33) mulhsu  s10, s5, a0
core   0: 3 0x80009cca (0x02aaad33) x26 0x01c6095a
core   0: 0x80009cce (0x00008dd1) c.or    a1, a2
core   0: 3 0x80009cce (0x8dd1) x11 0x8002a307
core   0: 0x80009cd0 (0x00cc3fb3) sltu    t6, s8, a2
core   0: 3 0x80009cd0 (0x00cc3fb3) x31 0x00000000
core   0: 0x80009cd4 (0x00b19763) bne     gp, a1, pc + 14
core   0: 3 0x80009cd4 (0x00b19763)
core   0: 0x80009ce2 (0x0038dd13) srli    s10, a7, 3
core   0: 3 0x80009ce2 (0x0038dd13) x26 0x00000000
core   0: 0x80009ce6 (0x00008fbd) c.xor   a5, a5
core   0: 3 0x80009ce6 (0x8fbd) x15 0x00000000
core   0: 0x80009ce8 (0x036ff363) bgeu    t6, s6, pc + 38
core   0: 3 0x80009ce8 (0x036ff363)
core   0: 0x80009cec (0x000068bd) c.lui   a7, 0xf
core   0: 3 0x80009cec (0x68bd) x17 0x0000f000
core   0: 0x80009cee (0x01531633) sll     a2, t1, s5
core   0: 3 0x80009cee (0x01531633) x12 0x60c56000
core   0: 0x80009cf2 (0x027c1563) bne     s8, t2, pc + 42
core   0: 3 0x80009cf2 (0x027c1563)
core   0: 0x80009d1c (0x034e9263) bne     t4, s4, pc + 36
core   0: 3 0x80009d1c (0x034e9263)
core   0: 0x80009d40 (0x02cbdf63) bge     s7, a2, pc + 62
core   0: 3 0x80009d40 (0x02cbdf63)
core   0: 0x80009d44 (0x0054d363) bge     s1, t0, pc + 6
core   0: 3 0x80009d44 (0x0054d363)
core   0: 0x80009d48 (0x00000996) c.slli  s3, 5
core   0: 3 0x80009d48 (0x0996) x19 0x0053a300
core   0: 0x80009d4a (0x0279ea63) bltu    s3, t2, pc + 52
core   0: 3 0x80009d4a (0x0279ea63)
core   0: 0x80009d7e (0x000049c1) c.li    s3, 16
core   0: 3 0x80009d7e (0x49c1) x19 0x00000010
core   0: 0x80009d80 (0x0136f563) bgeu    a3, s3, pc + 10
core   0: 3 0x80009d80 (0x0136f563)
core   0: 0x80009d8a (0x02017933) remu    s2, sp, zero
core   0: 3 0x80009d8a (0x02017933) x18 0x00000001
core   0: 0x80009d8e (0x21e42e97) auipc   t4, 0x21e42
core   0: 3 0x80009d8e (0x21e42e97) x29 0xa1e4bd8e
core   0: 0x80009d92 (0x00008d4d) c.or    a0, a1
core   0: 3 0x80009d92 (0x8d4d) x10 0xe302a307
core   0: 0x80009d94 (0x01d72bb3) slt     s7, a4, t4
core   0: 3 0x80009d94 (0x01d72bb3) x23 0x00000000
core   0: 0x80009d98 (0x000050fd) c.li    ra, -1
core   0: 3 0x80009d98 (0x50fd) x1  0xffffffff
core   0: 0x80009d9a (0x00c04b33) xor     s6, zero, a2
core   0: 3 0x80009d9a (0x00c04b33) x22 0x60c56000
core   0: 0x80009d9e (0x0000cb89) c.beqz  a5, pc + 18
core   0: 3 0x80009d9e (0xcb89)
core   0: 0x80009db0 (0x40995513) srai    a0, s2, 9
core   0: 3 0x80009db0 (0x40995513) x10 0x00000000
core   0: 0x80009db4 (0x00000001) c.nop
core   0: 3 0x80009db4 (0x0001)
core   0: 0x80009db6 (0xd7e36d97) auipc   s11, 0xd7e36
core   0: 3 0x80009db6 (0xd7e36d97) x27 0x57e3fdb6
core   0: 0x80009dba (0x0000627d) c.lui   tp, 0x1f
core   0: 3 0x80009dba (0x627d) x4  0x0001f000
core   0: 0x80009dbc (0x00000001) c.nop
core   0: 3 0x80009dbc (0x0001)
core   0: 0x80009dbe (0x00006d55) c.lui   s10, 0x15
core   0: 3 0x80009dbe (0x6d55) x26 0x00015000
core   0: 0x80009dc0 (0x01ddadb3) slt     s11, s11, t4
core   0: 3 0x80009dc0 (0x01ddadb3) x27 0x00000000
core   0: 0x80009dc4 (0xc90d6d17) auipc   s10, 0xc90d6
core   0: 3 0x80009dc4 (0xc90d6d17) x26 0x490dfdc4
core   0: 0x80009dc8 (0x01c9f3b3) and     t2, s3, t3
core   0: 3 0x80009dc8 (0x01c9f3b3) x7  0x00000010
core   0: 0x80009dcc (0x03b78763) beq     a5, s11, pc + 46
core   0: 3 0x80009dcc (0x03b78763)
core   0: 0x80009dfa (0x08a3c263) blt     t2, a0, pc + 132
core   0: 3 0x80009dfa (0x08a3c263)
core   0: 0x80009dfe (0xdccbbb37) lui     s6, 0xdccbb
core   0: 3 0x80009dfe (0xdccbbb37) x22 0xdccbb000
core   0: 0x80009e02 (0x00000001) c.nop
core   0: 3 0x80009e02 (0x0001)
core   0: 0x80009e04 (0x08961563) bne     a2, s1, pc + 138
core   0: 3 0x80009e04 (0x08961563)
core   0: 0x80009e8e (0x007b5db3) srl     s11, s6, t2
core   0: 3 0x80009e8e (0x007b5db3) x27 0x0000dccb
core   0: 0x80009e92 (0x00000959) c.addi  s2, 22
core   0: 3 0x80009e92 (0x0959) x18 0x00000017
core   0: 0x80009e94 (0x00eebd33) sltu    s10, t4, a4
core   0: 3 0x80009e94 (0x00eebd33) x26 0x00000001
core   0: 0x80009e98 (0x01720333) add     t1, tp, s7
core   0: 3 0x80009e98 (0x01720333) x6  0x0001f000
core   0: 0x80009e9c (0x02be3ab3) mulhu   s5, t3, a1
core   0: 3 0x80009e9c (0x02be3ab3) x21 0x8002a055
core   0: 0x80009ea0 (0x4cabb913) sltiu   s2, s7, 1226
core   0: 3 0x80009ea0 (0x4cabb913) x18 0x00000001
core   0: 0x80009ea4 (0x00008e11) c.sub   a2, a2
core   0: 3 0x80009ea4 (0x8e11) x12 0x00000000
core   0: 0x80009ea6 (0x3dbe7793) andi    a5, t3, 987
core   0: 3 0x80009ea6 (0x3dbe7793) x15 0x00000299
core   0: 0x80009eaa (0x00008de5) c.and   a1, s1
core   0: 3 0x80009eaa (0x8de5) x11 0x00000000
core   0: 0x80009eac (0x02f20833) mul     a6, tp, a5
core   0: 3 0x80009eac (0x02f20833) x16 0x05087000
core   0: 0x80009eb0 (0x022ea233) mulhsu  tp, t4, sp
core   0: 3 0x80009eb0 (0x022ea233) x4  0xffffffff
core   0: 0x80009eb4 (0x0091f263) bgeu    gp, s1, pc + 4
core   0: 3 0x80009eb4 (0x0091f263)
core   0: 0x80009eb8 (0x01141d13) slli    s10, s0, 17
core   0: 3 0x80009eb8 (0x01141d13) x26 0x39c80000
core   0: 0x80009ebc (0x00629e33) sll     t3, t0, t1
core   0: 3 0x80009ebc (0x00629e33) x28 0x00000623
core   0: 0x80009ec0 (0x00008f4d) c.or    a4, a1
core   0: 3 0x80009ec0 (0x8f4d) x14 0xffffffff
core   0: 0x80009ec2 (0x57b03213) sltiu   tp, zero, 1403
core   0: 3 0x80009ec2 (0x57b03213) x4  0x00000001
core   0: 0x80009ec6 (0x02f08f33) mul     t5, ra, a5
core   0: 3 0x80009ec6 (0x02f08f33) x30 0xfffffd67
core   0: 0x80009eca (0x00001a7d) c.addi  s4, -1
core   0: 3 0x80009eca (0x1a7d) x20 0xffffffff
core   0: 0x80009ecc (0x0329d633) divu    a2, s3, s2
core   0: 3 0x80009ecc (0x0329d633) x12 0x00000010
core   0: 0x80009ed0 (0x03dc3233) mulhu   tp, s8, t4
core   0: 3 0x80009ed0 (0x03dc3233) x4  0x9f227100
core   0: 0x80009ed4 (0x00cfb133) sltu    sp, t6, a2
core   0: 3 0x80009ed4 (0x00cfb133) x2  0x00000001
core   0: 0x80009ed8 (0x05ce8263) beq     t4, t3, pc + 68
core   0: 3 0x80009ed8 (0x05ce8263)
core   0: 0x80009edc (0x006dbd33) sltu    s10, s11, t1
core   0: 3 0x80009edc (0x006dbd33) x26 0x00000001
core   0: 0x80009ee0 (0x0316b7b3) mulhu   a5, a3, a7
core   0: 3 0x80009ee0 (0x0316b7b3) x15 0x00007802
core   0: 0x80009ee4 (0x0101cf33) xor     t5, gp, a6
core   0: 3 0x80009ee4 (0x0101cf33) x30 0x05087000
core   0: 0x80009ee8 (0x0000ee21) c.bnez  a2, pc + 88
core   0: 3 0x80009ee8 (0xee21)
core   0: 0x80009f40 (0x00008abe) c.mv    s5, a5
core   0: 3 0x80009f40 (0x8abe) x21 0x00007802
core   0: 0x80009f42 (0x027400b3) mul     ra, s0, t2
core   0: 3 0x80009f42 (0x027400b3) x1  0x0029ce40
core   0: 0x80009f46 (0x00008cf6) c.mv    s9, t4
core   0: 3 0x80009f46 (0x8cf6) x25 0xa1e4bd8e
core   0: 0x80009f48 (0x01790263) beq     s2, s7, pc + 4
core   0: 3 0x80009f48 (0x01790263)
core   0: 0x80009f4c (0x044b4163) blt     s6, tp, pc + 66
core   0: 3 0x80009f4c (0x044b4163)
core   0: 0x80009f50 (0x5f67e313) ori     t1, a5, 1526
core   0: 3 0x80009f50 (0x5f67e313) x6  0x00007df6
core   0: 0x80009f54 (0x00009a7d) c.andi  a2, -1
core   0: 3 0x80009f54 (0x9a7d) x12 0x00000010
core   0: 0x80009f56 (0x00fa58b3) srl     a7, s4, a5
core   0: 3 0x80009f56 (0x00fa58b3) x17 0x3fffffff
core   0: 0x80009f5a (0x2586a093) slti    ra, a3, 600
core   0: 3 0x80009f5a (0x2586a093) x1  0x00000001
core   0: 0x80009f5e (0x51a57c93) andi    s9, a0, 1306
core   0: 3 0x80009f5e (0x51a57c93) x25 0x00000000
core   0: 0x80009f62 (0x0000877d) c.srai  a4, 31
core   0: 3 0x80009f62 (0x877d) x14 0xffffffff
core   0: 0x80009f64 (0x00008cae) c.mv    s9, a1
core   0: 3 0x80009f64 (0x8cae) x25 0x00000000
core   0: 0x80009f66 (0x00000001) c.nop
core   0: 3 0x80009f66 (0x0001)
core   0: 0x80009f68 (0x033f8863) beq     t6, s3, pc + 48
core   0: 3 0x80009f68 (0x033f8863)
core   0: 0x80009f6c (0x0242a7b3) mulhsu  a5, t0, tp
core   0: 3 0x80009f6c (0x0242a7b3) x15 0x000003d0
core   0: 0x80009f70 (0x9f7ca513) slti    a0, s9, -1545
core   0: 3 0x80009f70 (0x9f7ca513) x10 0x00000000
core   0: 0x80009f74 (0x00c31363) bne     t1, a2, pc + 6
core   0: 3 0x80009f74 (0x00c31363)
core   0: 0x80009f7a (0x00000ace) c.slli  s5, 19
core   0: 3 0x80009f7a (0x0ace) x21 0xc0100000
core   0: 0x80009f7c (0x0302f033) remu    zero, t0, a6
core   0: 3 0x80009f7c (0x0302f033)
core   0: 0x80009f80 (0x0070f4b3) and     s1, ra, t2
core   0: 3 0x80009f80 (0x0070f4b3) x9  0x00000000
core   0: 0x80009f84 (0xd6fe3e13) sltiu   t3, t3, -657
core   0: 3 0x80009f84 (0xd6fe3e13) x28 0x00000001
core   0: 0x80009f88 (0x0000c609) c.beqz  a2, pc + 10
core   0: 3 0x80009f88 (0xc609)
core   0: 0x80009f8a (0x3b260893) addi    a7, a2, 946
core   0: 3 0x80009f8a (0x3b260893) x17 0x000003c2
core   0: 0x80009f8e (0x0000111c) c.addi4spn a5, sp, 160
core   0: 3 0x80009f8e (0x111c) x15 0x000000a1
core   0: 0x80009f90 (0x00000eb1) c.addi  t4, 12
core   0: 3 0x80009f90 (0x0eb1) x29 0xa1e4bd9a
core   0: 0x80009f92 (0x03323bb3) mulhu   s7, tp, s3
core   0: 3 0x80009f92 (0x03323bb3) x23 0x00000009
core   0: 0x80009f96 (0x000085fd) c.srai  a1, 31
core   0: 3 0x80009f96 (0x85fd) x11 0x00000000
core   0: 0x80009f98 (0x01bd8233) add     tp, s11, s11
core   0: 3 0x80009f98 (0x01bd8233) x4  0x0001b996
core   0: 0x80009f9c (0x023a38b3) mulhu   a7, s4, gp
core   0: 3 0x80009f9c (0x023a38b3) x17 0x00000000
core   0: 0x80009fa0 (0x00009fde) c.add   t6, s7
core   0: 3 0x80009fa0 (0x9fde) x31 0x00000009
core   0: 0x80009fa2 (0x03be95b3) mulh    a1, t4, s11
core   0: 3 0x80009fa2 (0x03be95b3) x11 0xffffaed5
core   0: 0x80009fa6 (0x00008e4d) c.or    a2, a1
core   0: 3 0x80009fa6 (0x8e4d) x12 0xffffaed5
core   0: 0x80009fa8 (0x00985513) srli    a0, a6, 9
core   0: 3 0x80009fa8 (0x00985513) x10 0x00028438
core   0: 0x80009fac (0x00000671) c.addi  a2, 28
core   0: 3 0x80009fac (0x0671) x12 0xffffaef1
core   0: 0x80009fae (0x00001d10) c.addi4spn a2, sp, 688
core   0: 3 0x80009fae (0x1d10) x12 0x000002b1
core   0: 0x80009fb0 (0x0268a233) mulhsu  tp, a7, t1
core   0: 3 0x80009fb0 (0x0268a233) x4  0x00000000
core   0: 0x80009fb4 (0x050ac163) blt     s5, a6, pc + 66
core   0: 3 0x80009fb4 (0x050ac163)
core   0: 0x80009ff6 (0x01130863) beq     t1, a7, pc + 16
core   0: 3 0x80009ff6 (0x01130863)
core   0: 0x80009ffa (0x00000001) c.nop
core   0: 3 0x80009ffa (0x0001)
core   0: 0x80009ffc (0x00008c9d) c.sub   s1, a5
core   0: 3 0x80009ffc (0x8c9d) x9  0xffffff5f
core   0: 0x80009ffe (0x40e004b3) sub     s1, zero, a4
core   0: 3 0x80009ffe (0x40e004b3) x9  0x00000001
core   0: 0x8000a002 (0x00000fa6) c.slli  t6, 9
core   0: 3 0x8000a002 (0x0fa6) x31 0x00001200
core   0: 0x8000a004 (0x000017fd) c.addi  a5, -1
core   0: 3 0x8000a004 (0x17fd) x15 0x000000a0
core   0: 0x8000a006 (0x03700663) beq     zero, s7, pc + 44
core   0: 3 0x8000a006 (0x03700663)
core   0: 0x8000a00a (0x02fe1d33) mulh    s10, t3, a5
core   0: 3 0x8000a00a (0x02fe1d33) x26 0x00000000
core   0: 0x8000a00e (0x00004bb1) c.li    s7, 12
core   0: 3 0x8000a00e (0x4bb1) x23 0x0000000c
core   0: 0x8000a010 (0x00004ae9) c.li    s5, 26
core   0: 3 0x8000a010 (0x4ae9) x21 0x0000001a
core   0: 0x8000a012 (0x00000322) c.slli  t1, 8
core   0: 3 0x8000a012 (0x0322) x6  0x007df600
core   0: 0x8000a014 (0x01c9b733) sltu    a4, s3, t3
core   0: 3 0x8000a014 (0x01c9b733) x14 0x00000000
core   0: 0x8000a018 (0x4135db13) srai    s6, a1, 19
core   0: 3 0x8000a018 (0x4135db13) x22 0xffffffff
core   0: 0x8000a01c (0x00008ce9) c.and   s1, a0
core   0: 3 0x8000a01c (0x8ce9) x9  0x00000000
core   0: 0x8000a01e (0x00006f15) c.lui   t5, 0x5
core   0: 3 0x8000a01e (0x6f15) x30 0x00005000
core   0: 0x8000a020 (0x00008f89) c.sub   a5, a0
core   0: 3 0x8000a020 (0x8f89) x15 0xfffd7c68
core   0: 0x8000a022 (0x22f50113) addi    sp, a0, 559
core   0: 3 0x8000a022 (0x22f50113) x2  0x00028667
core   0: 0x8000a026 (0x0174d463) bge     s1, s7, pc + 8
core   0: 3 0x8000a026 (0x0174d463)
core   0: 0x8000a02a (0x00000f79) c.addi  t5, 30
core   0: 3 0x8000a02a (0x0f79) x30 0x0000501e
core   0: 0x8000a02c (0x000041b9) c.li    gp, 14
core   0: 3 0x8000a02c (0x41b9) x3  0x0000000e
core   0: 0x8000a02e (0x02100033) mul     zero, zero, ra
core   0: 3 0x8000a02e (0x02100033)
core   0: 0x8000a032 (0x00008ff9) c.and   a5, a4
core   0: 3 0x8000a032 (0x8ff9) x15 0x00000000
core   0: 0x8000a034 (0x03b09fb3) mulh    t6, ra, s11
core   0: 3 0x8000a034 (0x03b09fb3) x31 0x00000000
core   0: 0x8000a038 (0x000099fd) c.andi  a1, -1
core   0: 3 0x8000a038 (0x99fd) x11 0xffffaed5
core   0: 0x8000a03a (0x3dddc897) auipc   a7, 0x3dddc
core   0: 3 0x8000a03a (0x3dddc897) x17 0xbdde603a
core   0: 0x8000a03e (0x407082b3) sub     t0, ra, t2
core   0: 3 0x8000a03e (0x407082b3) x5  0xfffffff1
core   0: 0x8000a042 (0x00f59313) slli    t1, a1, 15
core   0: 3 0x8000a042 (0x00f59313) x6  0xd76a8000
core   0: 0x8000a046 (0x00008265) c.srli  a2, 25
core   0: 3 0x8000a046 (0x8265) x12 0x00000000
core   0: 0x8000a048 (0x0375fcb3) remu    s9, a1, s7
core   0: 3 0x8000a048 (0x0375fcb3) x25 0x00000009
core   0: 0x8000a04c (0xb6830593) addi    a1, t1, -1176
core   0: 3 0x8000a04c (0xb6830593) x11 0xd76a7b68
core   0: 0x8000a050 (0x035ab4b3) mulhu   s1, s5, s5
core   0: 3 0x8000a050 (0x035ab4b3) x9  0x00000000
core   0: 0x8000a054 (0x02c77b33) remu    s6, a4, a2
core   0: 3 0x8000a054 (0x02c77b33) x22 0x00000000
core   0: 0x8000a058 (0x00005b7d) c.li    s6, -1
core   0: 3 0x8000a058 (0x5b7d) x22 0xffffffff
core   0: 0x8000a05a (0x02e06733) rem     a4, zero, a4
core   0: 3 0x8000a05a (0x02e06733) x14 0x00000000
core   0: 0x8000a05e (0x000081a1) c.srli  a1, 8
core   0: 3 0x8000a05e (0x81a1) x11 0x00d76a7b
core   0: 0x8000a060 (0x005170b3) and     ra, sp, t0
core   0: 3 0x8000a060 (0x005170b3) x1  0x00028661
core   0: 0x8000a064 (0xff920613) addi    a2, tp, -7
core   0: 3 0x8000a064 (0xff920613) x12 0xfffffff9
core   0: 0x8000a068 (0x02af0f33) mul     t5, t5, a0
core   0: 3 0x8000a068 (0x02af0f33) x30 0xc99cfe90
core   0: 0x8000a06c (0x014821b3) slt     gp, a6, s4
core   0: 3 0x8000a06c (0x014821b3) x3  0x00000000
core   0: 0x8000a070 (0x012d49b3) xor     s3, s10, s2
core   0: 3 0x8000a070 (0x012d49b3) x19 0x00000001
core   0: 0x8000a074 (0x41c605b3) sub     a1, a2, t3
core   0: 3 0x8000a074 (0x41c605b3) x11 0xfffffff8
core   0: 0x8000a078 (0x000005ed) c.addi  a1, 27
core   0: 3 0x8000a078 (0x05ed) x11 0x00000013
core   0: 0x8000a07a (0x00008ca5) c.xor   s1, s1
core   0: 3 0x8000a07a (0x8ca5) x9  0x00000000
core   0: 0x8000a07c (0x011fc233) xor     tp, t6, a7
core   0: 3 0x8000a07c (0x011fc233) x4  0xbdde603a
core   0: 0x8000a080 (0x000063b1) c.lui   t2, 0xc
core   0: 3 0x8000a080 (0x63b1) x7  0x0000c000
core   0: 0x8000a082 (0x00008ca5) c.xor   s1, s1
core   0: 3 0x8000a082 (0x8ca5) x9  0x00000000
core   0: 0x8000a084 (0x00000001) c.nop
core   0: 3 0x8000a084 (0x0001)
core   0: 0x8000a086 (0x02816863) bltu    sp, s0, pc + 48
core   0: 3 0x8000a086 (0x02816863)
core   0: 0x8000a0b6 (0x405cdeb3) sra     t4, s9, t0
core   0: 3 0x8000a0b6 (0x405cdeb3) x29 0x00000000
core   0: 0x8000a0ba (0x00008c81) c.sub   s1, s0
core   0: 3 0x8000a0ba (0x8c81) x9  0x7ffd631c
core   0: 0x8000a0bc (0x41088333) sub     t1, a7, a6
core   0: 3 0x8000a0bc (0x41088333) x6  0xb8d5f03a
core   0: 0x8000a0c0 (0x027f9833) mulh    a6, t6, t2
core   0: 3 0x8000a0c0 (0x027f9833) x16 0x00000000
core   0: 0x8000a0c4 (0x1eb10e93) addi    t4, sp, 491
core   0: 3 0x8000a0c4 (0x1eb10e93) x29 0x00028852
core   0: 0x8000a0c8 (0x004693b3) sll     t2, a3, tp
core   0: 3 0x8000a0c8 (0x004693b3) x7  0xc0000000
core   0: 0x8000a0cc (0x00eddb93) srli    s7, s11, 14
core   0: 3 0x8000a0cc (0x00eddb93) x23 0x00000003
core   0: 0x8000a0d0 (0x010b4763) blt     s6, a6, pc + 14
core   0: 3 0x8000a0d0 (0x010b4763)
core   0: 0x8000a0de (0x00000fb6) c.slli  t6, 13
core   0: 3 0x8000a0de (0x0fb6) x31 0x00000000
core   0: 0x8000a0e0 (0x05e01363) bne     zero, t5, pc + 70
core   0: 3 0x8000a0e0 (0x05e01363)
core   0: 0x8000a126 (0xfb213a93) sltiu   s5, sp, -78
core   0: 3 0x8000a126 (0xfb213a93) x21 0x00000001
core   0: 0x8000a12a (0x0383ee63) bltu    t2, s8, pc + 60
core   0: 3 0x8000a12a (0x0383ee63)
core   0: 0x8000a166 (0x0000815d) c.srli  a0, 23
core   0: 3 0x8000a166 (0x815d) x10 0x00000000
core   0: 0x8000a168 (0x00000284) c.addi4spn s1, sp, 320
core   0: 3 0x8000a168 (0x0284) x9  0x000287a7
core   0: 0x8000a16a (0x00000efe) c.slli  t4, 31
core   0: 3 0x8000a16a (0x0efe) x29 0x00000000
core   0: 0x8000a16c (0x03a2de33) divu    t3, t0, s10
core   0: 3 0x8000a16c (0x03a2de33) x28 0xffffffff
core   0: 0x8000a170 (0x0000e0a9) c.bnez  s1, pc + 66
core   0: 3 0x8000a170 (0xe0a9)
core   0: 0x8000a1b2 (0x0000080e) c.slli  a6, 3
core   0: 3 0x8000a1b2 (0x080e) x16 0x00000000
core   0: 0x8000a1b4 (0x003c9493) slli    s1, s9, 3
core   0: 3 0x8000a1b4 (0x003c9493) x9  0x00000048
core   0: 0x8000a1b8 (0x00008516) c.mv    a0, t0
core   0: 3 0x8000a1b8 (0x8516) x10 0xfffffff1
core   0: 0x8000a1ba (0x00008f51) c.or    a4, a2
core   0: 3 0x8000a1ba (0x8f51) x14 0xfffffff9
core   0: 0x8000a1bc (0xaa409cb7) lui     s9, 0xaa409
core   0: 3 0x8000a1bc (0xaa409cb7) x25 0xaa409000
core   0: 0x8000a1c0 (0xa88daa93) slti    s5, s11, -1400
core   0: 3 0x8000a1c0 (0xa88daa93) x21 0x00000000
core   0: 0x8000a1c4 (0x00008f7d) c.and   a4, a5
core   0: 3 0x8000a1c4 (0x8f7d) x14 0x00000000
core   0: 0x8000a1c6 (0x00000001) c.nop
core   0: 3 0x8000a1c6 (0x0001)
core   0: 0x8000a1c8 (0x00008ff9) c.and   a5, a4
core   0: 3 0x8000a1c8 (0x8ff9) x15 0x00000000
core   0: 0x8000a1ca (0x9ec08637) lui     a2, 0x9ec08
core   0: 3 0x8000a1ca (0x9ec08637) x12 0x9ec08000
core   0: 0x8000a1ce (0x034f4863) blt     t5, s4, pc + 48
core   0: 3 0x8000a1ce (0x034f4863)
core   0: 0x8000a1fe (0x055fd163) bge     t6, s5, pc + 66
core   0: 3 0x8000a1fe (0x055fd163)
core   0: 0x8000a240 (0xdbbd2f93) slti    t6, s10, -581
core   0: 3 0x8000a240 (0xdbbd2f93) x31 0x00000000
core   0: 0x8000a244 (0x0097b7b3) sltu    a5, a5, s1
core   0: 3 0x8000a244 (0x0097b7b3) x15 0x00000001
core   0: 0x8000a248 (0x00008cb9) c.xor   s1, a4
core   0: 3 0x8000a248 (0x8cb9) x9  0x00000048
core   0: 0x8000a24a (0xb6c7e293) ori     t0, a5, -1172
core   0: 3 0x8000a24a (0xb6c7e293) x5  0xfffffb6d
core   0: 0x8000a24e (0x02269bb3) mulh    s7, a3, sp
core   0: 3 0x8000a24e (0x02269bb3) x23 0xfffebcd2
core   0: 0x8000a252 (0x00008cd5) c.or    s1, a3
core   0: 3 0x8000a252 (0x8cd5) x9  0x80025e78
core   0: 0x8000a254 (0x02707cb3) remu    s9, zero, t2
core   0: 3 0x8000a254 (0x02707cb3) x25 0x00000000
core   0: 0x8000a258 (0x000084f1) c.srai  s1, 28
core   0: 3 0x8000a258 (0x84f1) x9  0xfffffff8
core   0: 0x8000a25a (0x03c753b3) divu    t2, a4, t3
core   0: 3 0x8000a25a (0x03c753b3) x7  0x00000000
core   0: 0x8000a25e (0x415c0ab3) sub     s5, s8, s5
core   0: 3 0x8000a25e (0x415c0ab3) x21 0xfba32397
core   0: 0x8000a262 (0x0532c113) xori    sp, t0, 83
core   0: 3 0x8000a262 (0x0532c113) x2  0xfffffb3e
core   0: 0x8000a266 (0x85e0fe97) auipc   t4, 0x85e0f
core   0: 3 0x8000a266 (0x85e0fe97) x29 0x05e19266
core   0: 0x8000a26a (0x8a966893) ori     a7, a2, -1879
core   0: 3 0x8000a26a (0x8a966893) x17 0xfffff8a9
core   0: 0x8000a26e (0x00000fdd) c.addi  t6, 23
core   0: 3 0x8000a26e (0x0fdd) x31 0x00000017
core   0: 0x8000a270 (0x00eef263) bgeu    t4, a4, pc + 4
core   0: 3 0x8000a270 (0x00eef263)
core   0: 0x8000a274 (0x0266b7b3) mulhu   a5, a3, t1
core   0: 3 0x8000a274 (0x0266b7b3) x15 0x5c6cadca
core   0: 0x8000a278 (0x000099fd) c.andi  a1, -1
core   0: 3 0x8000a278 (0x99fd) x11 0x00000013
core   0: 0x8000a27a (0x00305b13) srli    s6, zero, 3
core   0: 3 0x8000a27a (0x00305b13) x22 0x00000000
core   0: 0x8000a27e (0x013d8f33) add     t5, s11, s3
core   0: 3 0x8000a27e (0x013d8f33) x30 0x0000dccc
core   0: 0x8000a282 (0x03a44d33) div     s10, s0, s10
core   0: 3 0x8000a282 (0x03a44d33) x26 0xffffffff
core   0: 0x8000a286 (0x1f673193) sltiu   gp, a4, 502
core   0: 3 0x8000a286 (0x1f673193) x3  0x00000001
core   0: 0x8000a28a (0x40c104b3) sub     s1, sp, a2
core   0: 3 0x8000a28a (0x40c104b3) x9  0x613f7b3e
core   0: 0x8000a28e (0x00000001) c.nop
core   0: 3 0x8000a28e (0x0001)
core   0: 0x8000a290 (0x663a2593) slti    a1, s4, 1635
core   0: 3 0x8000a290 (0x663a2593) x11 0x00000001
core   0: 0x8000a294 (0x02fd29b3) mulhsu  s3, s10, a5
core   0: 3 0x8000a294 (0x02fd29b3) x19 0xffffffff
core   0: 0x8000a298 (0x000010fd) c.addi  ra, -1
core   0: 3 0x8000a298 (0x10fd) x1  0x00028660
core   0: 0x8000a29a (0x02b97563) bgeu    s2, a1, pc + 42
core   0: 3 0x8000a29a (0x02b97563)
core   0: 0x8000a2c4 (0x0000cfb5) c.beqz  a5, pc + 124
core   0: 3 0x8000a2c4 (0xcfb5)
core   0: 0x8000a2c6 (0x0000854a) c.mv    a0, s2
core   0: 3 0x8000a2c6 (0x854a) x10 0x00000001
core   0: 0x8000a2c8 (0x40795133) sra     sp, s2, t2
core   0: 3 0x8000a2c8 (0x40795133) x2  0x00000001
core   0: 0x8000a2cc (0x027b3d33) mulhu   s10, s6, t2
core   0: 3 0x8000a2cc (0x027b3d33) x26 0x00000000
core   0: 0x8000a2d0 (0x015da033) slt     zero, s11, s5
core   0: 3 0x8000a2d0 (0x015da033)
core   0: 0x8000a2d4 (0x40495513) srai    a0, s2, 4
core   0: 3 0x8000a2d4 (0x40495513) x10 0x00000000
core   0: 0x8000a2d8 (0x0980d463) bge     ra, s8, pc + 136
core   0: 3 0x8000a2d8 (0x0980d463)
core   0: 0x8000a360 (0x000012fd) c.addi  t0, -1
core   0: 3 0x8000a360 (0x12fd) x5  0xfffffb6c
core   0: 0x8000a362 (0xde79fb13) andi    s6, s3, -537
core   0: 3 0x8000a362 (0xde79fb13) x22 0xfffffde7
core   0: 0x8000a366 (0x00bf9513) slli    a0, t6, 11
core   0: 3 0x8000a366 (0x00bf9513) x10 0x0000b800
core   0: 0x8000a36a (0x41e23b93) sltiu   s7, tp, 1054
core   0: 3 0x8000a36a (0x41e23b93) x23 0x00000000
core   0: 0x8000a36e (0x00daf533) and     a0, s5, a3
core   0: 3 0x8000a36e (0x00daf533) x10 0x80020210
core   0: 0x8000a372 (0x037d4133) div     sp, s10, s7
core   0: 3 0x8000a372 (0x037d4133) x2  0xffffffff
core   0: 0x8000a376 (0x01ee3b93) sltiu   s7, t3, 30
core   0: 3 0x8000a376 (0x01ee3b93) x23 0x00000000
core   0: 0x8000a37a (0x025bb133) mulhu   sp, s7, t0
core   0: 3 0x8000a37a (0x025bb133) x2  0x00000000
core   0: 0x8000a37e (0x0000099d) c.addi  s3, 7
core   0: 3 0x8000a37e (0x099d) x19 0x00000006
core   0: 0x8000a380 (0x008d35b3) sltu    a1, s10, s0
core   0: 3 0x8000a380 (0x008d35b3) x11 0x00000001
core   0: 0x8000a384 (0x010068b3) or      a7, zero, a6
core   0: 3 0x8000a384 (0x010068b3) x17 0x00000000
core   0: 0x8000a388 (0x02380833) mul     a6, a6, gp
core   0: 3 0x8000a388 (0x02380833) x16 0x00000000
core   0: 0x8000a38c (0x00ff7963) bgeu    t5, a5, pc + 18
core   0: 3 0x8000a38c (0x00ff7963)
core   0: 0x8000a390 (0x01176e63) bltu    a4, a7, pc + 28
core   0: 3 0x8000a390 (0x01176e63)
core   0: 0x8000a394 (0x00000001) c.nop
core   0: 3 0x8000a394 (0x0001)
core   0: 0x8000a396 (0x0214c233) div     tp, s1, ra
core   0: 3 0x8000a396 (0x0214c233) x4  0x00002683
core   0: 0x8000a39a (0x00008509) c.srai  a0, 2
core   0: 3 0x8000a39a (0x8509) x10 0xe0008084
core   0: 0x8000a39c (0x000085cd) c.srai  a1, 19
core   0: 3 0x8000a39c (0x85cd) x11 0x00000000
core   0: 0x8000a39e (0x0000885a) c.mv    a6, s6
core   0: 3 0x8000a39e (0x885a) x16 0xfffffde7
core   0: 0x8000a3a0 (0xfd323eb7) lui     t4, 0xfd323
core   0: 3 0x8000a3a0 (0xfd323eb7) x29 0xfd323000
core   0: 0x8000a3a4 (0x1fc1c793) xori    a5, gp, 508
core   0: 3 0x8000a3a4 (0x1fc1c793) x15 0x000001fd
core   0: 0x8000a3a8 (0x039b1963) bne     s6, s9, pc + 50
core   0: 3 0x8000a3a8 (0x039b1963)
core   0: 0x8000a3da (0x03059963) bne     a1, a6, pc + 50
core   0: 3 0x8000a3da (0x03059963)
core   0: 0x8000a40c (0x00008e5d) c.or    a2, a5
core   0: 3 0x8000a40c (0x8e5d) x12 0x9ec081fd
core   0: 0x8000a40e (0x031a0b33) mul     s6, s4, a7
core   0: 3 0x8000a40e (0x031a0b33) x22 0x00000000
core   0: 0x8000a412 (0x00000001) c.nop
core   0: 3 0x8000a412 (0x0001)
core   0: 0x8000a414 (0x0000c885) c.beqz  s1, pc + 48
core   0: 3 0x8000a414 (0xc885)
core   0: 0x8000a416 (0x000017fd) c.addi  a5, -1
core   0: 3 0x8000a416 (0x17fd) x15 0x000001fc
core   0: 0x8000a418 (0x0038ff63) bgeu    a7, gp, pc + 30
core   0: 3 0x8000a418 (0x0038ff63)
core   0: 0x8000a41c (0x00000001) c.nop
core   0: 3 0x8000a41c (0x0001)
core   0: 0x8000a41e (0x01a88b63) beq     a7, s10, pc + 22
core   0: 3 0x8000a41e (0x01a88b63)
core   0: 0x8000a434 (0x00008489) c.srai  s1, 2
core   0: 3 0x8000a434 (0x8489) x9  0x184fdecf
core   0: 0x8000a436 (0x418bd913) srai    s2, s7, 24
core   0: 3 0x8000a436 (0x418bd913) x18 0x00000000
core   0: 0x8000a43a (0x00000001) c.nop
core   0: 3 0x8000a43a (0x0001)
core   0: 0x8000a43c (0x41f28fb3) sub     t6, t0, t6
core   0: 3 0x8000a43c (0x41f28fb3) x31 0xfffffb55
core   0: 0x8000a440 (0x00545d93) srli    s11, s0, 5
core   0: 3 0x8000a440 (0x00545d93) x27 0x040014e7
core   0: 0x8000a444 (0x00f4d313) srli    t1, s1, 15
core   0: 3 0x8000a444 (0x00f4d313) x6  0x0000309f
core   0: 0x8000a448 (0xdef60293) addi    t0, a2, -529
core   0: 3 0x8000a448 (0xdef60293) x5  0x9ec07fec
core   0: 0x8000a44c (0x030e9ab3) mulh    s5, t4, a6
core   0: 3 0x8000a44c (0x030e9ab3) x21 0x00000005
core   0: 0x8000a450 (0x00008549) c.srai  a0, 18
core   0: 3 0x8000a450 (0x8549) x10 0xfffff800
core   0: 0x8000a452 (0x031833b3) mulhu   t2, a6, a7
core   0: 3 0x8000a452 (0x031833b3) x7  0x00000000
core   0: 0x8000a456 (0x05e88063) beq     a7, t5, pc + 64
core   0: 3 0x8000a456 (0x05e88063)
core   0: 0x8000a45a (0x00006985) c.lui   s3, 0x1
core   0: 3 0x8000a45a (0x6985) x19 0x00001000
core   0: 0x8000a45c (0x013c1233) sll     tp, s8, s3
core   0: 3 0x8000a45c (0x013c1233) x4  0xfba32397
core   0: 0x8000a460 (0x001313b3) sll     t2, t1, ra
core   0: 3 0x8000a460 (0x001313b3) x7  0x0000309f
core   0: 0x8000a464 (0x00000001) c.nop
core   0: 3 0x8000a464 (0x0001)
core   0: 0x8000a466 (0x032324b3) mulhsu  s1, t1, s2
core   0: 3 0x8000a466 (0x032324b3) x9  0x00000000
core   0: 0x8000a46a (0x034b5963) bge     s6, s4, pc + 50
core   0: 3 0x8000a46a (0x034b5963)
core   0: 0x8000a49c (0x00006a65) c.lui   s4, 0x19
core   0: 3 0x8000a49c (0x6a65) x20 0x00019000
core   0: 0x8000a49e (0x00000cfe) c.slli  s9, 31
core   0: 3 0x8000a49e (0x0cfe) x25 0x00000000
core   0: 0x8000a4a0 (0x00979463) bne     a5, s1, pc + 8
core   0: 3 0x8000a4a0 (0x00979463)
core   0: 0x8000a4a8 (0xa9046d17) auipc   s10, 0xa9046
core   0: 3 0x8000a4a8 (0xa9046d17) x26 0x290504a8
core   0: 0x8000a4ac (0x00008e69) c.and   a2, a0
core   0: 3 0x8000a4ac (0x8e69) x12 0x9ec08000
core   0: 0x8000a4ae (0x00008999) c.andi  a1, 6
core   0: 3 0x8000a4ae (0x8999) x11 0x00000000
core   0: 0x8000a4b0 (0x00008e19) c.sub   a2, a4
core   0: 3 0x8000a4b0 (0x8e19) x12 0x9ec08000
core   0: 0x8000a4b2 (0x01996033) or      zero, s2, s9
core   0: 3 0x8000a4b2 (0x01996033)
core   0: 0x8000a4b6 (0x00000984) c.addi4spn s1, sp, 208
core   0: 3 0x8000a4b6 (0x0984) x9  0x000000d0
core   0: 0x8000a4b8 (0x00008cb5) c.xor   s1, a3
core   0: 3 0x8000a4b8 (0x8cb5) x9  0x80025ee0
core   0: 0x8000a4ba (0x00008e1d) c.sub   a2, a5
core   0: 3 0x8000a4ba (0x8e1d) x12 0x9ec07e04
core   0: 0x8000a4bc (0x00008fd1) c.or    a5, a2
core   0: 3 0x8000a4bc (0x8fd1) x15 0x9ec07ffc
core   0: 0x8000a4be (0x00009f86) c.add   t6, ra
core   0: 3 0x8000a4be (0x9f86) x31 0x000281b5
core   0: 0x8000a4c0 (0x84a17a13) andi    s4, sp, -1974
core   0: 3 0x8000a4c0 (0x84a17a13) x20 0x00000000
core   0: 0x8000a4c4 (0x4b7c8617) auipc   a2, 0x4b7c8
core   0: 3 0x8000a4c4 (0x4b7c8617) x12 0xcb7d24c4
core   0: 0x8000a4c8 (0x40865293) srai    t0, a2, 8
core   0: 3 0x8000a4c8 (0x40865293) x5  0xffcb7d24
core   0: 0x8000a4cc (0x00004529) c.li    a0, 10
core   0: 3 0x8000a4cc (0x4529) x10 0x0000000a
core   0: 0x8000a4ce (0x012c9313) slli    t1, s9, 18
core   0: 3 0x8000a4ce (0x012c9313) x6  0x00000000
core   0: 0x8000a4d2 (0x00000001) c.nop
core   0: 3 0x8000a4d2 (0x0001)
core   0: 0x8000a4d4 (0x00008f4d) c.or    a4, a1
core   0: 3 0x8000a4d4 (0x8f4d) x14 0x00000000
core   0: 0x8000a4d6 (0x01c893b3) sll     t2, a7, t3
core   0: 3 0x8000a4d6 (0x01c893b3) x7  0x00000000
core   0: 0x8000a4da (0x00006fa9) c.lui   t6, 0xa
core   0: 3 0x8000a4da (0x6fa9) x31 0x0000a000
core   0: 0x8000a4dc (0x00004e29) c.li    t3, 10
core   0: 3 0x8000a4dc (0x4e29) x28 0x0000000a
core   0: 0x8000a4de (0x00008f3e) c.mv    t5, a5
core   0: 3 0x8000a4de (0x8f3e) x30 0x9ec07ffc
core   0: 0x8000a4e0 (0x0128bb13) sltiu   s6, a7, 18
core   0: 3 0x8000a4e0 (0x0128bb13) x22 0x00000001
core   0: 0x8000a4e4 (0x41da0db3) sub     s11, s4, t4
core   0: 3 0x8000a4e4 (0x41da0db3) x27 0x02cdd000
core   0: 0x8000a4e8 (0x0000871d) c.srai  a4, 7
core   0: 3 0x8000a4e8 (0x871d) x14 0x00000000
core   0: 0x8000a4ea (0x00001565) c.addi  a0, -7
core   0: 3 0x8000a4ea (0x1565) x10 0x00000003
core   0: 0x8000a4ec (0x56629897) auipc   a7, 0x56629
core   0: 3 0x8000a4ec (0x56629897) x17 0xd66334ec
core   0: 0x8000a4f0 (0x0193d393) srli    t2, t2, 25
core   0: 3 0x8000a4f0 (0x0193d393) x7  0x00000000
core   0: 0x8000a4f4 (0x00004611) c.li    a2, 4
core   0: 3 0x8000a4f4 (0x4611) x12 0x00000004
core   0: 0x8000a4f6 (0x00000001) c.nop
core   0: 3 0x8000a4f6 (0x0001)
core   0: 0x8000a4f8 (0x01552b33) slt     s6, a0, s5
core   0: 3 0x8000a4f8 (0x01552b33) x22 0x00000001
core   0: 0x8000a4fc (0x000b81b3) add     gp, s7, zero
core   0: 3 0x8000a4fc (0x000b81b3) x3  0x00000000
core   0: 0x8000a500 (0x00006169) c.addi16sp sp, 208
core   0: 3 0x8000a500 (0x6169) x2  0x000000d0
core   0: 0x8000a502 (0x00001671) c.addi  a2, -4
core   0: 3 0x8000a502 (0x1671) x12 0x00000000
core   0: 0x8000a504 (0x00009816) c.add   a6, t0
core   0: 3 0x8000a504 (0x9816) x16 0xffcb7b0b
core   0: 0x8000a506 (0x886e4813) xori    a6, t3, -1914
core   0: 3 0x8000a506 (0x886e4813) x16 0xfffff88c
core   0: 0x8000a50a (0x0000da6d) c.beqz  a2, pc - 14
core   0: 3 0x8000a50a (0xda6d)
core   0: 0x8000a4fc (0x000b81b3) add     gp, s7, zero
core   0: 3 0x8000a4fc (0x000b81b3) x3  0x00000000
core   0: 0x8000a500 (0x00006169) c.addi16sp sp, 208
core   0: 3 0x8000a500 (0x6169) x2  0x000001a0
core   0: 0x8000a502 (0x00001671) c.addi  a2, -4
core   0: 3 0x8000a502 (0x1671) x12 0xfffffffc
core   0: 0x8000a504 (0x00009816) c.add   a6, t0
core   0: 3 0x8000a504 (0x9816) x16 0xffcb75b0
core   0: 0x8000a506 (0x886e4813) xori    a6, t3, -1914
core   0: 3 0x8000a506 (0x886e4813) x16 0xfffff88c
core   0: 0x8000a50a (0x0000da6d) c.beqz  a2, pc - 14
core   0: 3 0x8000a50a (0xda6d)
core   0: 0x8000a50c (0xe227aa93) slti    s5, a5, -478
core   0: 3 0x8000a50c (0xe227aa93) x21 0x00000001
core   0: 0x8000a510 (0x00005bfd) c.li    s7, -1
core   0: 3 0x8000a510 (0x5bfd) x23 0xffffffff
core   0: 0x8000a512 (0x00000001) c.nop
core   0: 3 0x8000a512 (0x0001)
core   0: 0x8000a514 (0x031651b3) divu    gp, a2, a7
core   0: 3 0x8000a514 (0x031651b3) x3  0x00000001
core   0: 0x8000a518 (0x00000819) c.addi  a6, 6
core   0: 3 0x8000a518 (0x0819) x16 0xfffff892
core   0: 0x8000a51a (0x01f6ba33) sltu    s4, a3, t6
core   0: 3 0x8000a51a (0x01f6ba33) x20 0x00000000
core   0: 0x8000a51e (0xfdc573e3) bgeu    a0, t3, pc - 58
core   0: 3 0x8000a51e (0xfdc573e3)
core   0: 0x8000a522 (0x01330733) add     a4, t1, s3
core   0: 3 0x8000a522 (0x01330733) x14 0x00001000
core   0: 0x8000a526 (0x4901aa13) slti    s4, gp, 1168
core   0: 3 0x8000a526 (0x4901aa13) x20 0x00000001
core   0: 0x8000a52a (0x02e00533) mul     a0, zero, a4
core   0: 3 0x8000a52a (0x02e00533) x10 0x00000000
core   0: 0x8000a52e (0x0315c533) div     a0, a1, a7
core   0: 3 0x8000a52e (0x0315c533) x10 0x00000000
core   0: 0x8000a532 (0x0000072d) c.addi  a4, 11
core   0: 3 0x8000a532 (0x072d) x14 0x0000100b
core   0: 0x8000a534 (0x00008626) c.mv    a2, s1
core   0: 3 0x8000a534 (0x8626) x12 0x80025ee0
core   0: 0x8000a536 (0x03526633) rem     a2, tp, s5
core   0: 3 0x8000a536 (0x03526633) x12 0x00000000
core   0: 0x8000a53a (0x0009d663) bgez    s3, pc + 12
core   0: 3 0x8000a53a (0x0009d663)
core   0: 0x8000a546 (0x0000814d) c.srli  a0, 19
core   0: 3 0x8000a546 (0x814d) x10 0x00000000
core   0: 0x8000a548 (0x00000112) c.slli  sp, 4
core   0: 3 0x8000a548 (0x0112) x2  0x00001a00
core   0: 0x8000a54a (0x014d2e33) slt     t3, s10, s4
core   0: 3 0x8000a54a (0x014d2e33) x28 0x00000000
core   0: 0x8000a54e (0x00000001) c.nop
core   0: 3 0x8000a54e (0x0001)
core   0: 0x8000a550 (0x02a4bf33) mulhu   t5, s1, a0
core   0: 3 0x8000a550 (0x02a4bf33) x30 0x00000000
core   0: 0x8000a554 (0x00009a1a) c.add   s4, t1
core   0: 3 0x8000a554 (0x9a1a) x20 0x00000001
core   0: 0x8000a556 (0x01cf4ab3) xor     s5, t5, t3
core   0: 3 0x8000a556 (0x01cf4ab3) x21 0x00000000
core   0: 0x8000a55a (0x15fa8493) addi    s1, s5, 351
core   0: 3 0x8000a55a (0x15fa8493) x9  0x0000015f
core   0: 0x8000a55e (0x0017b333) sltu    t1, a5, ra
core   0: 3 0x8000a55e (0x0017b333) x6  0x00000000
core   0: 0x8000a562 (0x00001e7d) c.addi  t3, -1
core   0: 3 0x8000a562 (0x1e7d) x28 0xffffffff
core   0: 0x8000a564 (0x6424c813) xori    a6, s1, 1602
core   0: 3 0x8000a564 (0x6424c813) x16 0x0000071d
core   0: 0x8000a568 (0x00008325) c.srli  a4, 9
core   0: 3 0x8000a568 (0x8325) x14 0x00000008
core   0: 0x8000a56a (0x41418633) sub     a2, gp, s4
core   0: 3 0x8000a56a (0x41418633) x12 0x00000000
core   0: 0x8000a56e (0x03601a33) mulh    s4, zero, s6
core   0: 3 0x8000a56e (0x03601a33) x20 0x00000000
core   0: 0x8000a572 (0x00001cfd) c.addi  s9, -1
core   0: 3 0x8000a572 (0x1cfd) x25 0xffffffff
core   0: 0x8000a574 (0x00008e79) c.and   a2, a4
core   0: 3 0x8000a574 (0x8e79) x12 0x00000000
core   0: 0x8000a576 (0x01b59993) slli    s3, a1, 27
core   0: 3 0x8000a576 (0x01b59993) x19 0x00000000
core   0: 0x8000a57a (0x01d19a63) bne     gp, t4, pc + 20
core   0: 3 0x8000a57a (0x01d19a63)
core   0: 0x8000a58e (0x00008f6d) c.and   a4, a1
core   0: 3 0x8000a58e (0x8f6d) x14 0x00000000
core   0: 0x8000a590 (0x03555763) bge     a0, s5, pc + 46
core   0: 3 0x8000a590 (0x03555763)
core   0: 0x8000a5be (0xb6a58f13) addi    t5, a1, -1174
core   0: 3 0x8000a5be (0xb6a58f13) x30 0xfffffb6a
core   0: 0x8000a5c2 (0x00008ba9) c.andi  a5, 10
core   0: 3 0x8000a5c2 (0x8ba9) x15 0x00000008
core   0: 0x8000a5c4 (0x000080ee) c.mv    ra, s11
core   0: 3 0x8000a5c4 (0x80ee) x1  0x02cdd000
core   0: 0x8000a5c6 (0x00000001) c.nop
core   0: 3 0x8000a5c6 (0x0001)
core   0: 0x8000a5c8 (0x00008179) c.srli  a0, 30
core   0: 3 0x8000a5c8 (0x8179) x10 0x00000000
core   0: 0x8000a5ca (0x00000001) c.nop
core   0: 3 0x8000a5ca (0x0001)
core   0: 0x8000a5cc (0x47e7c493) xori    s1, a5, 1150
core   0: 3 0x8000a5cc (0x47e7c493) x9  0x00000476
core   0: 0x8000a5d0 (0x02b74263) blt     a4, a1, pc + 36
core   0: 3 0x8000a5d0 (0x02b74263)
core   0: 0x8000a5d4 (0x0146e5b3) or      a1, a3, s4
core   0: 3 0x8000a5d4 (0x0146e5b3) x11 0x80025e30
core   0: 0x8000a5d8 (0x03fe6863) bltu    t3, t6, pc + 48
core   0: 3 0x8000a5d8 (0x03fe6863)
core   0: 0x8000a5dc (0x00000001) c.nop
core   0: 3 0x8000a5dc (0x0001)
core   0: 0x8000a5de (0x01db1233) sll     tp, s6, t4
core   0: 3 0x8000a5de (0x01db1233) x4  0x00000001
core   0: 0x8000a5e2 (0x03e5dbb3) divu    s7, a1, t5
core   0: 3 0x8000a5e2 (0x03e5dbb3) x23 0x00000000
core   0: 0x8000a5e6 (0xab68e313) ori     t1, a7, -1354
core   0: 3 0x8000a5e6 (0xab68e313) x6  0xfffffefe
core   0: 0x8000a5ea (0x0000e1a1) c.bnez  a1, pc + 64
core   0: 3 0x8000a5ea (0xe1a1)
core   0: 0x8000a62a (0xec196313) ori     t1, s2, -319
core   0: 3 0x8000a62a (0xec196313) x6  0xfffffec1
core   0: 0x8000a62e (0x023c8733) mul     a4, s9, gp
core   0: 3 0x8000a62e (0x023c8733) x14 0xffffffff
core   0: 0x8000a632 (0x01c3e4b3) or      s1, t2, t3
core   0: 3 0x8000a632 (0x01c3e4b3) x9  0xffffffff
core   0: 0x8000a636 (0x400f5ab3) sra     s5, t5, zero
core   0: 3 0x8000a636 (0x400f5ab3) x21 0xfffffb6a
core   0: 0x8000a63a (0x0059db93) srli    s7, s3, 5
core   0: 3 0x8000a63a (0x0059db93) x23 0x00000000
core   0: 0x8000a63e (0x41e20cb3) sub     s9, tp, t5
core   0: 3 0x8000a63e (0x41e20cb3) x25 0x00000497
core   0: 0x8000a642 (0x019eb0b3) sltu    ra, t4, s9
core   0: 3 0x8000a642 (0x019eb0b3) x1  0x00000000
core   0: 0x8000a646 (0x0000188c) c.addi4spn a1, sp, 112
core   0: 3 0x8000a646 (0x188c) x11 0x00001a70
core   0: 0x8000a648 (0x00249993) slli    s3, s1, 2
core   0: 3 0x8000a648 (0x00249993) x19 0xfffffffc
core   0: 0x8000a64c (0x01b63133) sltu    sp, a2, s11
core   0: 3 0x8000a64c (0x01b63133) x2  0x00000001
core   0: 0x8000a650 (0xb84af613) andi    a2, s5, -1148
core   0: 3 0x8000a650 (0xb84af613) x12 0xfffffb00
core   0: 0x8000a654 (0x000003ba) c.slli  t2, 14
core   0: 3 0x8000a654 (0x03ba) x7  0x00000000
core   0: 0x8000a656 (0x029f3eb3) mulhu   t4, t5, s1
core   0: 3 0x8000a656 (0x029f3eb3) x29 0xfffffb69
core   0: 0x8000a65a (0x01412533) slt     a0, sp, s4
core   0: 3 0x8000a65a (0x01412533) x10 0x00000000
core   0: 0x8000a65e (0x0082d813) srli    a6, t0, 8
core   0: 3 0x8000a65e (0x0082d813) x16 0x00ffcb7d
core   0: 0x8000a662 (0x00000001) c.nop
core   0: 3 0x8000a662 (0x0001)
core   0: 0x8000a664 (0x0000ebb1) c.bnez  a5, pc + 84
core   0: 3 0x8000a664 (0xebb1)
core   0: 0x8000a6b8 (0x00f64b63) blt     a2, a5, pc + 22
core   0: 3 0x8000a6b8 (0x00f64b63)
core   0: 0x8000a6ce (0x01fd6833) or      a6, s10, t6
core   0: 3 0x8000a6ce (0x01fd6833) x16 0x2905a4a8
core   0: 0x8000a6d2 (0x037e1863) bne     t3, s7, pc + 48
core   0: 3 0x8000a6d2 (0x037e1863)
core   0: 0x8000a702 (0x409504b3) sub     s1, a0, s1
core   0: 3 0x8000a702 (0x409504b3) x9  0x00000001
core   0: 0x8000a706 (0x417fd393) srai    t2, t6, 23
core   0: 3 0x8000a706 (0x417fd393) x7  0x00000000
core   0: 0x8000a70a (0x029e5663) bge     t3, s1, pc + 44
core   0: 3 0x8000a70a (0x029e5663)
core   0: 0x8000a70e (0x018aa2b3) slt     t0, s5, s8
core   0: 3 0x8000a70e (0x018aa2b3) x5  0x00000000
core   0: 0x8000a712 (0x0299c8b3) div     a7, s3, s1
core   0: 3 0x8000a712 (0x0299c8b3) x17 0xfffffffc
core   0: 0x8000a716 (0x001157b3) srl     a5, sp, ra
core   0: 3 0x8000a716 (0x001157b3) x15 0x00000001
core   0: 0x8000a71a (0x0000eb85) c.bnez  a5, pc + 48
core   0: 3 0x8000a71a (0xeb85)
core   0: 0x8000a74a (0x03e2f833) remu    a6, t0, t5
core   0: 3 0x8000a74a (0x03e2f833) x16 0x00000000
core   0: 0x8000a74e (0x00008e4d) c.or    a2, a1
core   0: 3 0x8000a74e (0x8e4d) x12 0xfffffb70
core   0: 0x8000a750 (0x40535533) sra     a0, t1, t0
core   0: 3 0x8000a750 (0x40535533) x10 0xfffffec1
core   0: 0x8000a754 (0x002bae33) slt     t3, s7, sp
core   0: 3 0x8000a754 (0x002bae33) x28 0x00000001
core   0: 0x8000a758 (0x0000e915) c.bnez  a0, pc + 52
core   0: 3 0x8000a758 (0xe915)
core   0: 0x8000a78c (0x00006cd5) c.lui   s9, 0x15
core   0: 3 0x8000a78c (0x6cd5) x25 0x00015000
core   0: 0x8000a78e (0x0000c581) c.beqz  a1, pc + 8
core   0: 3 0x8000a78e (0xc581)
core   0: 0x8000a790 (0x00000001) c.nop
core   0: 3 0x8000a790 (0x0001)
core   0: 0x8000a792 (0x033dbab3) mulhu   s5, s11, s3
core   0: 3 0x8000a792 (0x033dbab3) x21 0x02cdcfff
core   0: 0x8000a796 (0xdbbb8593) addi    a1, s7, -581
core   0: 3 0x8000a796 (0xdbbb8593) x11 0xfffffdbb
core   0: 0x8000a79a (0x00008649) c.srai  a2, 18
core   0: 3 0x8000a79a (0x8649) x12 0xffffffff
core   0: 0x8000a79c (0x00009b7d) c.andi  a4, -1
core   0: 3 0x8000a79c (0x9b7d) x14 0xffffffff
core   0: 0x8000a79e (0xc77589b7) lui     s3, 0xc7758
core   0: 3 0x8000a79e (0xc77589b7) x19 0xc7758000
core   0: 0x8000a7a2 (0x02cfeeb3) rem     t4, t6, a2
core   0: 3 0x8000a7a2 (0x02cfeeb3) x29 0x00000000
core   0: 0x8000a7a6 (0x00008d5d) c.or    a0, a5
core   0: 3 0x8000a7a6 (0x8d5d) x10 0xfffffec1
core   0: 0x8000a7a8 (0x41010d33) sub     s10, sp, a6
core   0: 3 0x8000a7a8 (0x41010d33) x26 0x00000001
core   0: 0x8000a7ac (0x26eae893) ori     a7, s5, 622
core   0: 3 0x8000a7ac (0x26eae893) x17 0x02cdcfff
core   0: 0x8000a7b0 (0x39894a93) xori    s5, s2, 920
core   0: 3 0x8000a7b0 (0x39894a93) x21 0x00000398
core   0: 0x8000a7b4 (0x02121763) bne     tp, ra, pc + 46
core   0: 3 0x8000a7b4 (0x02121763)
core   0: 0x8000a7e2 (0x0000717d) c.addi16sp sp, -16
core   0: 3 0x8000a7e2 (0x717d) x2  0xfffffff1
core   0: 0x8000a7e4 (0x00009bfd) c.andi  a5, -1
core   0: 3 0x8000a7e4 (0x9bfd) x15 0x00000001
core   0: 0x8000a7e6 (0x00000001) c.nop
core   0: 3 0x8000a7e6 (0x0001)
core   0: 0x8000a7e8 (0x0000717d) c.addi16sp sp, -16
core   0: 3 0x8000a7e8 (0x717d) x2  0xffffffe1
core   0: 0x8000a7ea (0x035637b3) mulhu   a5, a2, s5
core   0: 3 0x8000a7ea (0x035637b3) x15 0x00000397
core   0: 0x8000a7ee (0xa9cfca13) xori    s4, t6, -1380
core   0: 3 0x8000a7ee (0xa9cfca13) x20 0xffff5a9c
core   0: 0x8000a7f2 (0x03839863) bne     t2, s8, pc + 48
core   0: 3 0x8000a7f2 (0x03839863)
core   0: 0x8000a822 (0x0054e9b3) or      s3, s1, t0
core   0: 3 0x8000a822 (0x0054e9b3) x19 0x00000001
core   0: 0x8000a826 (0x027007b3) mul     a5, zero, t2
core   0: 3 0x8000a826 (0x027007b3) x15 0x00000000
core   0: 0x8000a82a (0x00009fc6) c.add   t6, a7
core   0: 3 0x8000a82a (0x9fc6) x31 0x02ce6fff
core   0: 0x8000a82c (0x05c89063) bne     a7, t3, pc + 64
core   0: 3 0x8000a82c (0x05c89063)
core   0: 0x8000a86c (0x0000072a) c.slli  a4, 10
core   0: 3 0x8000a86c (0x072a) x14 0xfffffc00
core   0: 0x8000a86e (0x03c17e63) bgeu    sp, t3, pc + 60
core   0: 3 0x8000a86e (0x03c17e63)
core   0: 0x8000a8aa (0x02d6ec63) bltu    a3, a3, pc + 56
core   0: 3 0x8000a8aa (0x02d6ec63)
core   0: 0x8000a8ae (0x58db3a93) sltiu   s5, s6, 1421
core   0: 3 0x8000a8ae (0x58db3a93) x21 0x00000001
core   0: 0x8000a8b2 (0x00006561) c.lui   a0, 0x18
core   0: 3 0x8000a8b2 (0x6561) x10 0x00018000
core   0: 0x8000a8b4 (0x00001dfd) c.addi  s11, -1
core   0: 3 0x8000a8b4 (0x1dfd) x27 0x02cdcfff
core   0: 0x8000a8b6 (0x0000967e) c.add   a2, t6
core   0: 3 0x8000a8b6 (0x967e) x12 0x02ce6ffe
core   0: 0x8000a8b8 (0x03421db3) mulh    s11, tp, s4
core   0: 3 0x8000a8b8 (0x03421db3) x27 0xffffffff
core   0: 0x8000a8bc (0x0298ddb3) divu    s11, a7, s1
core   0: 3 0x8000a8bc (0x0298ddb3) x27 0x02cdcfff
core   0: 0x8000a8c0 (0x000068f9) c.lui   a7, 0x1e
core   0: 3 0x8000a8c0 (0x68f9) x17 0x0001e000
core   0: 0x8000a8c2 (0x0000612d) c.addi16sp sp, 224
core   0: 3 0x8000a8c2 (0x612d) x2  0x000000c1
core   0: 0x8000a8c4 (0x028b6733) rem     a4, s6, s0
core   0: 3 0x8000a8c4 (0x028b6733) x14 0x00000001
core   0: 0x8000a8c8 (0x024b55b3) divu    a1, s6, tp
core   0: 3 0x8000a8c8 (0x024b55b3) x11 0x00000001
core   0: 0x8000a8cc (0x0000973e) c.add   a4, a5
core   0: 3 0x8000a8cc (0x973e) x14 0x00000001
core   0: 0x8000a8ce (0x01b2c2b3) xor     t0, t0, s11
core   0: 3 0x8000a8ce (0x01b2c2b3) x5  0x02cdcfff
core   0: 0x8000a8d2 (0x0000157d) c.addi  a0, -1
core   0: 3 0x8000a8d2 (0x157d) x10 0x00017fff
core   0: 0x8000a8d4 (0x000085b5) c.srai  a1, 13
core   0: 3 0x8000a8d4 (0x85b5) x11 0x00000000
core   0: 0x8000a8d6 (0x00a8ce33) xor     t3, a7, a0
core   0: 3 0x8000a8d6 (0x00a8ce33) x28 0x00009fff
core   0: 0x8000a8da (0x0234f233) remu    tp, s1, gp
core   0: 3 0x8000a8da (0x0234f233) x4  0x00000000
core   0: 0x8000a8de (0xa2b80617) auipc   a2, 0xa2b80
core   0: 3 0x8000a8de (0xa2b80617) x12 0x22b8a8de
core   0: 0x8000a8e2 (0x4189d033) sra     zero, s3, s8
core   0: 3 0x8000a8e2 (0x4189d033)
core   0: 0x8000a8e6 (0x00fdb233) sltu    tp, s11, a5
core   0: 3 0x8000a8e6 (0x00fdb233) x4  0x00000000
core   0: 0x8000a8ea (0x000054fd) c.li    s1, -1
core   0: 3 0x8000a8ea (0x54fd) x9  0xffffffff
core   0: 0x8000a8ec (0x00000001) c.nop
core   0: 3 0x8000a8ec (0x0001)
core   0: 0x8000a8ee (0x006ccbb3) xor     s7, s9, t1
core   0: 3 0x8000a8ee (0x006ccbb3) x23 0xfffeaec1
core   0: 0x8000a8f2 (0xf4354a93) xori    s5, a0, -189
core   0: 3 0x8000a8f2 (0xf4354a93) x21 0xfffe80bc
core   0: 0x8000a8f6 (0x00e59f63) bne     a1, a4, pc + 30
core   0: 3 0x8000a8f6 (0x00e59f63)
core   0: 0x8000a914 (0x1ac95b97) auipc   s7, 0x1ac95
core   0: 3 0x8000a914 (0x1ac95b97) x23 0x9ac9f914
core   0: 0x8000a918 (0x00c114b3) sll     s1, sp, a2
core   0: 3 0x8000a918 (0x00c114b3) x9  0x40000000
core   0: 0x8000a91c (0x0000ed05) c.bnez  a0, pc + 56
core   0: 3 0x8000a91c (0xed05)
core   0: 0x8000a954 (0x00008f71) c.and   a4, a2
core   0: 3 0x8000a954 (0x8f71) x14 0x00000000
core   0: 0x8000a956 (0x000047c5) c.li    a5, 17
core   0: 3 0x8000a956 (0x47c5) x15 0x00000011
core   0: 0x8000a958 (0x00000001) c.nop
core   0: 3 0x8000a958 (0x0001)
core   0: 0x8000a95a (0x0139c933) xor     s2, s3, s3
core   0: 3 0x8000a95a (0x0139c933) x18 0x00000000
core   0: 0x8000a95e (0x0046a303) lw      t1, 4(a3)
core   0: 3 0x8000a95e (0x0046a303) x6  0x800005e8 mem 0x80025e34
core   0: 0x8000a962 (0x03468693) addi    a3, a3, 52
core   0: 3 0x8000a962 (0x03468693) x13 0x80025e64
core   0: 0x8000a966 (0x01a51993) slli    s3, a0, 26
core   0: 3 0x8000a966 (0x01a51993) x19 0xfc000000
core   0: 0x8000a96a (0x00030493) mv      s1, t1
core   0: 3 0x8000a96a (0x00030493) x9  0x800005e8
core   0: 0x8000a96e (0x000484e7) jalr    s1, s1, 0
core   0: 3 0x8000a96e (0x000484e7) x9  0x8000a972
core   0: 0x800005e8 (0x035932b3) mulhu   t0, s2, s5
core   0: 3 0x800005e8 (0x035932b3) x5  0x00000000
core   0: 0x800005ec (0x00bbc933) xor     s2, s7, a1
core   0: 3 0x800005ec (0x00bbc933) x18 0x9ac9f914
core   0: 0x800005f0 (0x013e5f93) srli    t6, t3, 19
core   0: 3 0x800005f0 (0x013e5f93) x31 0x00000000
core   0: 0x800005f4 (0x02c54f63) blt     a0, a2, pc + 62
core   0: 3 0x800005f4 (0x02c54f63)
core   0: 0x80000632 (0x00440cb3) add     s9, s0, tp
core   0: 3 0x80000632 (0x00440cb3) x25 0x80029ce4
core   0: 0x80000636 (0x00da1333) sll     t1, s4, a3
core   0: 3 0x80000636 (0x00da1333) x6  0xfff5a9c0
core   0: 0x8000063a (0x02cc6d33) rem     s10, s8, a2
core   0: 3 0x8000063a (0x02cc6d33) x26 0xfba32397
core   0: 0x8000063e (0x4670b293) sltiu   t0, ra, 1127
core   0: 3 0x8000063e (0x4670b293) x5  0x00000001
core   0: 0x80000642 (0x02d3d233) divu    tp, t2, a3
core   0: 3 0x80000642 (0x02d3d233) x4  0x00000000
core   0: 0x80000646 (0x01bc15b3) sll     a1, s8, s11
core   0: 3 0x80000646 (0x01bc15b3) x11 0x80000000
core   0: 0x8000064a (0x2b34c493) xori    s1, s1, 691
core   0: 3 0x8000064a (0x2b34c493) x9  0x8000abc1
core   0: 0x8000064e (0x0000167d) c.addi  a2, -1
core   0: 3 0x8000064e (0x167d) x12 0x22b8a8dd
core   0: 0x80000650 (0x00000001) c.nop
core   0: 3 0x80000650 (0x0001)
core   0: 0x80000652 (0x0265b633) mulhu   a2, a1, t1
core   0: 3 0x80000652 (0x0265b633) x12 0x7ffad4e0
core   0: 0x80000656 (0xb0c93213) sltiu   tp, s2, -1268
core   0: 3 0x80000656 (0xb0c93213) x4  0x00000001
core   0: 0x8000065a (0x03589763) bne     a7, s5, pc + 46
core   0: 3 0x8000065a (0x03589763)
core   0: 0x80000688 (0x00008fc9) c.or    a5, a0
core   0: 3 0x80000688 (0x8fc9) x15 0x00017fff
core   0: 0x8000068a (0x00189e93) slli    t4, a7, 1
core   0: 3 0x8000068a (0x00189e93) x29 0x0003c000
core   0: 0x8000068e (0x0000cc8d) c.beqz  s1, pc + 58
core   0: 3 0x8000068e (0xcc8d)
core   0: 0x80000690 (0x40fc8e33) sub     t3, s9, a5
core   0: 3 0x80000690 (0x40fc8e33) x28 0x80011ce5
core   0: 0x80000694 (0x00008e51) c.or    a2, a2
core   0: 3 0x80000694 (0x8e51) x12 0x7ffad4e0
core   0: 0x80000696 (0x023ec363) blt     t4, gp, pc + 38
core   0: 3 0x80000696 (0x023ec363)
core   0: 0x8000069a (0x00008345) c.srli  a4, 17
core   0: 3 0x8000069a (0x8345) x14 0x00000000
core   0: 0x8000069c (0x00009fda) c.add   t6, s6
core   0: 3 0x8000069c (0x9fda) x31 0x00000001
core   0: 0x8000069e (0x05368093) addi    ra, a3, 83
core   0: 3 0x8000069e (0x05368093) x1  0x80025eb7
core   0: 0x800006a2 (0x0236f5b3) remu    a1, a3, gp
core   0: 3 0x800006a2 (0x0236f5b3) x11 0x00000000
core   0: 0x800006a6 (0x02f66163) bltu    a2, a5, pc + 34
core   0: 3 0x800006a6 (0x02f66163)
core   0: 0x800006aa (0xf357b013) sltiu   zero, a5, -203
core   0: 3 0x800006aa (0xf357b013)
core   0: 0x800006ae (0x033f5b63) bge     t5, s3, pc + 54
core   0: 3 0x800006ae (0x033f5b63)
core   0: 0x800006e4 (0x00000001) c.nop
core   0: 3 0x800006e4 (0x0001)
core   0: 0x800006e6 (0x035f9563) bne     t6, s5, pc + 42
core   0: 3 0x800006e6 (0x035f9563)
core   0: 0x80000710 (0x91be2813) slti    a6, t3, -1765
core   0: 3 0x80000710 (0x91be2813) x16 0x00000001
core   0: 0x80000714 (0x4183db93) srai    s7, t2, 24
core   0: 3 0x80000714 (0x4183db93) x23 0x00000000
core   0: 0x80000718 (0x000099be) c.add   s3, a5
core   0: 3 0x80000718 (0x99be) x19 0xfc017fff
core   0: 0x8000071a (0x0203ff33) remu    t5, t2, zero
core   0: 3 0x8000071a (0x0203ff33) x30 0x00000000
core   0: 0x8000071e (0xca4bf017) auipc   zero, 0xca4bf
core   0: 3 0x8000071e (0xca4bf017)
core   0: 0x80000722 (0x00006359) c.lui   t1, 0x16
core   0: 3 0x80000722 (0x6359) x6  0x00016000
core   0: 0x80000724 (0x036d2eb3) mulhsu  t4, s10, s6
core   0: 3 0x80000724 (0x036d2eb3) x29 0xffffffff
core   0: 0x80000728 (0x40245e93) srai    t4, s0, 2
core   0: 3 0x80000728 (0x40245e93) x29 0xe000a739
core   0: 0x8000072c (0x030c71b3) remu    gp, s8, a6
core   0: 3 0x8000072c (0x030c71b3) x3  0x00000000
core   0: 0x80000730 (0x0000971e) c.add   a4, t2
core   0: 3 0x80000730 (0x971e) x14 0x00000000
core   0: 0x80000732 (0x03b2ed33) rem     s10, t0, s11
core   0: 3 0x80000732 (0x03b2ed33) x26 0x00000001
core   0: 0x80000736 (0x017b6b33) or      s6, s6, s7
core   0: 3 0x80000736 (0x017b6b33) x22 0x00000001
core   0: 0x8000073a (0x000099fa) c.add   s3, t5
core   0: 3 0x8000073a (0x99fa) x19 0xfc017fff
core   0: 0x8000073c (0x00001704) c.addi4spn s1, sp, 928
core   0: 3 0x8000073c (0x1704) x9  0x00000461
core   0: 0x8000073e (0x0000ee11) c.bnez  a2, pc + 28
core   0: 3 0x8000073e (0xee11)
core   0: 0x8000075a (0xba4f4293) xori    t0, t5, -1116
core   0: 3 0x8000075a (0xba4f4293) x5  0xfffffba4
core   0: 0x8000075e (0x002cd1b3) srl     gp, s9, sp
core   0: 3 0x8000075e (0x002cd1b3) x3  0x40014e72
core   0: 0x80000762 (0x0035ff63) bgeu    a1, gp, pc + 30
core   0: 3 0x80000762 (0x0035ff63)
core   0: 0x80000766 (0x007d0033) add     zero, s10, t2
core   0: 3 0x80000766 (0x007d0033)
core   0: 0x8000076a (0xf32a4093) xori    ra, s4, -206
core   0: 3 0x8000076a (0xf32a4093) x1  0x0000a5ae
core   0: 0x8000076e (0x004e9d93) slli    s11, t4, 4
core   0: 3 0x8000076e (0x004e9d93) x27 0x000a7390
core   0: 0x80000772 (0x02314b63) blt     sp, gp, pc + 54
core   0: 3 0x80000772 (0x02314b63)
core   0: 0x800007a8 (0x414bd093) srai    ra, s7, 20
core   0: 3 0x800007a8 (0x414bd093) x1  0x00000000
core   0: 0x800007ac (0x012c8963) beq     s9, s2, pc + 18
core   0: 3 0x800007ac (0x012c8963)
core   0: 0x800007b0 (0x0174b5b3) sltu    a1, s1, s7
core   0: 3 0x800007b0 (0x0174b5b3) x11 0x00000000
core   0: 0x800007b4 (0x003ca633) slt     a2, s9, gp
core   0: 3 0x800007b4 (0x003ca633) x12 0x00000001
core   0: 0x800007b8 (0x023fda63) bge     t6, gp, pc + 52
core   0: 3 0x800007b8 (0x023fda63)
core   0: 0x800007bc (0x00009b7d) c.andi  a4, -1
core   0: 3 0x800007bc (0x9b7d) x14 0x00000000
core   0: 0x800007be (0x00855493) srli    s1, a0, 8
core   0: 3 0x800007be (0x00855493) x9  0x0000017f
core   0: 0x800007c2 (0x1ae30c93) addi    s9, t1, 430
core   0: 3 0x800007c2 (0x1ae30c93) x25 0x000161ae
core   0: 0x800007c6 (0x0326f363) bgeu    a3, s2, pc + 38
core   0: 3 0x800007c6 (0x0326f363)
core   0: 0x800007ca (0x03085e33) divu    t3, a6, a6
core   0: 3 0x800007ca (0x03085e33) x28 0x00000001
core   0: 0x800007ce (0x016eefb3) or      t6, t4, s6
core   0: 3 0x800007ce (0x016eefb3) x31 0xe000a739
core   0: 0x800007d2 (0x86f3a393) slti    t2, t2, -1937
core   0: 3 0x800007d2 (0x86f3a393) x7  0x00000000
core   0: 0x800007d6 (0x00006131) c.addi16sp sp, 320
core   0: 3 0x800007d6 (0x6131) x2  0x00000201
core   0: 0x800007d8 (0x00677d33) and     s10, a4, t1
core   0: 3 0x800007d8 (0x00677d33) x26 0x00000000
core   0: 0x800007dc (0x02316633) rem     a2, sp, gp
core   0: 3 0x800007dc (0x02316633) x12 0x00000201
core   0: 0x800007e0 (0x0000818d) c.srli  a1, 3
core   0: 3 0x800007e0 (0x818d) x11 0x00000000
core   0: 0x800007e2 (0x00006369) c.lui   t1, 0x1a
core   0: 3 0x800007e2 (0x6369) x6  0x0001a000
core   0: 0x800007e4 (0x00809bb3) sll     s7, ra, s0
core   0: 3 0x800007e4 (0x00809bb3) x23 0x00000000
core   0: 0x800007e8 (0x000084ba) c.mv    s1, a4
core   0: 3 0x800007e8 (0x84ba) x9  0x00000000
core   0: 0x800007ea (0x00000001) c.nop
core   0: 3 0x800007ea (0x0001)
core   0: 0x800007ec (0x00000f6e) c.slli  t5, 27
core   0: 3 0x800007ec (0x0f6e) x30 0x00000000
core   0: 0x800007ee (0x00006ead) c.lui   t4, 0xb
core   0: 3 0x800007ee (0x6ead) x29 0x0000b000
core   0: 0x800007f0 (0x00417563) bgeu    sp, tp, pc + 10
core   0: 3 0x800007f0 (0x00417563)
core   0: 0x800007fa (0x00008245) c.srli  a2, 17
core   0: 3 0x800007fa (0x8245) x12 0x00000000
core   0: 0x800007fc (0x00008e79) c.and   a2, a4
core   0: 3 0x800007fc (0x8e79) x12 0x00000000
core   0: 0x800007fe (0x00001a7d) c.addi  s4, -1
core   0: 3 0x800007fe (0x1a7d) x20 0xffff5a9b
core   0: 0x80000800 (0x03344e63) blt     s0, s3, pc + 60
core   0: 3 0x80000800 (0x03344e63)
core   0: 0x8000083c (0x00739793) slli    a5, t2, 7
core   0: 3 0x8000083c (0x00739793) x15 0x00000000
core   0: 0x80000840 (0x52edcf93) xori    t6, s11, 1326
core   0: 3 0x80000840 (0x52edcf93) x31 0x000a76be
core   0: 0x80000844 (0x00008e5d) c.or    a2, a5
core   0: 3 0x80000844 (0x8e5d) x12 0x00000000
core   0: 0x80000846 (0x03c267b3) rem     a5, tp, t3
core   0: 3 0x80000846 (0x03c267b3) x15 0x00000000
core   0: 0x8000084a (0x00008d79) c.and   a0, a4
core   0: 3 0x8000084a (0x8d79) x10 0x00000000
core   0: 0x8000084c (0x41f6d2b3) sra     t0, a3, t6
core   0: 3 0x8000084c (0x41f6d2b3) x5  0xfffffffe
core   0: 0x80000850 (0x0000c389) c.beqz  a5, pc + 2
core   0: 3 0x80000850 (0xc389)
core   0: 0x80000852 (0x00008e15) c.sub   a2, a3
core   0: 3 0x80000852 (0x8e15) x12 0x7ffda19c
core   0: 0x80000854 (0x0220e933) rem     s2, ra, sp
core   0: 3 0x80000854 (0x0220e933) x18 0x00000000
core   0: 0x80000858 (0xecba3a93) sltiu   s5, s4, -309
core   0: 3 0x80000858 (0xecba3a93) x21 0x00000001
core   0: 0x8000085c (0x00008ff1) c.and   a5, a2
core   0: 3 0x8000085c (0x8ff1) x15 0x00000000
core   0: 0x8000085e (0x03247f97) auipc   t6, 0x3247
core   0: 3 0x8000085e (0x03247f97) x31 0x8324785e
core   0: 0x80000862 (0x0000ce15) c.beqz  a2, pc + 60
core   0: 3 0x80000862 (0xce15)
core   0: 0x80000864 (0x000098fd) c.andi  s1, -1
core   0: 3 0x80000864 (0x98fd) x9  0x00000000
core   0: 0x80000866 (0x02dd2b33) mulhsu  s6, s10, a3
core   0: 3 0x80000866 (0x02dd2b33) x22 0x00000000
core   0: 0x8000086a (0x024a2633) mulhsu  a2, s4, tp
core   0: 3 0x8000086a (0x024a2633) x12 0xffffffff
core   0: 0x8000086e (0x00000001) c.nop
core   0: 3 0x8000086e (0x0001)
core   0: 0x80000870 (0x12233e93) sltiu   t4, t1, 290
core   0: 3 0x80000870 (0x12233e93) x29 0x00000000
core   0: 0x80000874 (0x00000226) c.slli  tp, 9
core   0: 3 0x80000874 (0x0226) x4  0x00000200
core   0: 0x80000876 (0x000cb833) sltu    a6, s9, zero
core   0: 3 0x80000876 (0x000cb833) x16 0x00000000
core   0: 0x8000087a (0x3d3cc013) xori    zero, s9, 979
core   0: 3 0x8000087a (0x3d3cc013)
core   0: 0x8000087e (0x01aa5e33) srl     t3, s4, s10
core   0: 3 0x8000087e (0x01aa5e33) x28 0xffff5a9b
core   0: 0x80000882 (0x0319fa33) remu    s4, s3, a7
core   0: 3 0x80000882 (0x0319fa33) x20 0x00005fff
core   0: 0x80000886 (0x00141b13) slli    s6, s0, 1
core   0: 3 0x80000886 (0x00141b13) x22 0x000539c8
core   0: 0x8000088a (0x014dda13) srli    s4, s11, 20
core   0: 3 0x8000088a (0x014dda13) x20 0x00000000
core   0: 0x8000088e (0x008e3a33) sltu    s4, t3, s0
core   0: 3 0x8000088e (0x008e3a33) x20 0x00000000
core   0: 0x80000892 (0x01da81b3) add     gp, s5, t4
core   0: 3 0x80000892 (0x01da81b3) x3  0x00000001
core   0: 0x80000896 (0x79f6f793) andi    a5, a3, 1951
core   0: 3 0x80000896 (0x79f6f793) x15 0x00000604
core   0: 0x8000089a (0x031a0163) beq     s4, a7, pc + 34
core   0: 3 0x8000089a (0x031a0163)
core   0: 0x8000089e (0x40e4df13) srai    t5, s1, 14
core   0: 3 0x8000089e (0x40e4df13) x30 0x00000000
core   0: 0x800008a2 (0x00006719) c.lui   a4, 0x6
core   0: 3 0x800008a2 (0x6719) x14 0x00006000
core   0: 0x800008a4 (0x02988363) beq     a7, s1, pc + 38
core   0: 3 0x800008a4 (0x02988363)
core   0: 0x800008a8 (0x000091b6) c.add   gp, a3
core   0: 3 0x800008a8 (0x91b6) x3  0x80025e65
core   0: 0x800008aa (0xf04c7213) andi    tp, s8, -252
core   0: 3 0x800008aa (0xf04c7213) x4  0xfba32304
core   0: 0x800008ae (0x00000001) c.nop
core   0: 3 0x800008ae (0x0001)
core   0: 0x800008b0 (0x00006131) c.addi16sp sp, 320
core   0: 3 0x800008b0 (0x6131) x2  0x00000341
core   0: 0x800008b2 (0x03d43b33) mulhu   s6, s0, t4
core   0: 3 0x800008b2 (0x03d43b33) x22 0x00000000
core   0: 0x800008b6 (0x022d35b3) mulhu   a1, s10, sp
core   0: 3 0x800008b6 (0x022d35b3) x11 0x00000000
core   0: 0x800008ba (0x00008e05) c.sub   a2, s1
core   0: 3 0x800008ba (0x8e05) x12 0xffffffff
core   0: 0x800008bc (0x0263cd63) blt     t2, t1, pc + 58
core   0: 3 0x800008bc (0x0263cd63)
core   0: 0x800008f6 (0x0234a533) mulhsu  a0, s1, gp
core   0: 3 0x800008f6 (0x0234a533) x10 0x00000000
core   0: 0x800008fa (0x01ba1393) slli    t2, s4, 27
core   0: 3 0x800008fa (0x01ba1393) x7  0x00000000
core   0: 0x800008fe (0x0000c795) c.beqz  a5, pc + 44
core   0: 3 0x800008fe (0xc795)
core   0: 0x80000900 (0x01d9ddb3) srl     s11, s3, t4
core   0: 3 0x80000900 (0x01d9ddb3) x27 0xfc017fff
core   0: 0x80000904 (0xdd2f3313) sltiu   t1, t5, -558
core   0: 3 0x80000904 (0xdd2f3313) x6  0x00000001
core   0: 0x80000908 (0x8f7c8e93) addi    t4, s9, -1801
core   0: 3 0x80000908 (0x8f7c8e93) x29 0x00015aa5
core   0: 0x8000090c (0x63440213) addi    tp, s0, 1588
core   0: 3 0x8000090c (0x63440213) x4  0x8002a318
core   0: 0x80000910 (0x021c4533) div     a0, s8, ra
core   0: 3 0x80000910 (0x021c4533) x10 0xffffffff
core   0: 0x80000914 (0xd70fb993) sltiu   s3, t6, -656
core   0: 3 0x80000914 (0xd70fb993) x19 0x00000001
core   0: 0x80000918 (0x03253733) mulhu   a4, a0, s2
core   0: 3 0x80000918 (0x03253733) x14 0x00000000
core   0: 0x8000091c (0x00008f45) c.or    a4, s1
core   0: 3 0x8000091c (0x8f45) x14 0x00000000
core   0: 0x8000091e (0x41c0db13) srai    s6, ra, 28
core   0: 3 0x8000091e (0x41c0db13) x22 0x00000000
core   0: 0x80000922 (0x01cb6ab3) or      s5, s6, t3
core   0: 3 0x80000922 (0x01cb6ab3) x21 0xffff5a9b
core   0: 0x80000926 (0x05f00263) beq     zero, t6, pc + 68
core   0: 3 0x80000926 (0x05f00263)
core   0: 0x8000092a (0x416edd13) srai    s10, t4, 22
core   0: 3 0x8000092a (0x416edd13) x26 0x00000000
core   0: 0x8000092e (0x011c24b3) slt     s1, s8, a7
core   0: 3 0x8000092e (0x011c24b3) x9  0x00000001
core   0: 0x80000932 (0x00651593) slli    a1, a0, 6
core   0: 3 0x80000932 (0x00651593) x11 0xffffffc0
core   0: 0x80000936 (0x011d7e63) bgeu    s10, a7, pc + 28
core   0: 3 0x80000936 (0x011d7e63)
core   0: 0x8000093a (0x02f14d63) blt     sp, a5, pc + 58
core   0: 3 0x8000093a (0x02f14d63)
core   0: 0x80000974 (0x031b1463) bne     s6, a7, pc + 40
core   0: 3 0x80000974 (0x031b1463)
core   0: 0x8000099c (0x01886f63) bltu    a6, s8, pc + 30
core   0: 3 0x8000099c (0x01886f63)
core   0: 0x800009ba (0x029ccf63) blt     s9, s1, pc + 62
core   0: 3 0x800009ba (0x029ccf63)
core   0: 0x800009be (0x025fdcb3) divu    s9, t6, t0
core   0: 3 0x800009be (0x025fdcb3) x25 0x00000000
core   0: 0x800009c2 (0x03a97033) remu    zero, s2, s10
core   0: 3 0x800009c2 (0x03a97033)
core   0: 0x800009c6 (0x11dcba13) sltiu   s4, s9, 285
core   0: 3 0x800009c6 (0x11dcba13) x20 0x00000001
core   0: 0x800009ca (0xf1c7c013) xori    zero, a5, -228
core   0: 3 0x800009ca (0xf1c7c013)
core   0: 0x800009ce (0xd4fa2613) slti    a2, s4, -689
core   0: 3 0x800009ce (0xd4fa2613) x12 0x00000000
core   0: 0x800009d2 (0x0020eb63) bltu    ra, sp, pc + 22
core   0: 3 0x800009d2 (0x0020eb63)
core   0: 0x800009e8 (0x0000ec85) c.bnez  s1, pc + 56
core   0: 3 0x800009e8 (0xec85)
core   0: 0x80000a20 (0x00006149) c.addi16sp sp, 144
core   0: 3 0x80000a20 (0x6149) x2  0x000003d1
core   0: 0x80000a22 (0x01b5b4b3) sltu    s1, a1, s11
core   0: 3 0x80000a22 (0x01b5b4b3) x9  0x00000000
core   0: 0x80000a26 (0x00008d89) c.sub   a1, a0
core   0: 3 0x80000a26 (0x8d89) x11 0xffffffc1
core   0: 0x80000a28 (0x0000c915) c.beqz  a0, pc + 52
core   0: 3 0x80000a28 (0xc915)
core   0: 0x80000a2a (0x0116ef63) bltu    a3, a7, pc + 30
core   0: 3 0x80000a2a (0x0116ef63)
core   0: 0x80000a2e (0x000084a5) c.srai  s1, 9
core   0: 3 0x80000a2e (0x84a5) x9  0x00000000
core   0: 0x80000a30 (0x02e911b3) mulh    gp, s2, a4
core   0: 3 0x80000a30 (0x02e911b3) x3  0x00000000
core   0: 0x80000a34 (0x03ca6463) bltu    s4, t3, pc + 40
core   0: 3 0x80000a34 (0x03ca6463)
core   0: 0x80000a5c (0x00008cf9) c.and   s1, a4
core   0: 3 0x80000a5c (0x8cf9) x9  0x00000000
core   0: 0x80000a5e (0x0132db33) srl     s6, t0, s3
core   0: 3 0x80000a5e (0x0132db33) x22 0x7fffffff
core   0: 0x80000a62 (0x00006295) c.lui   t0, 0x5
core   0: 3 0x80000a62 (0x6295) x5  0x00005000
core   0: 0x80000a64 (0x02f8d633) divu    a2, a7, a5
core   0: 3 0x80000a64 (0x02f8d633) x12 0x0000004f
core   0: 0x80000a68 (0x9bb78293) addi    t0, a5, -1605
core   0: 3 0x80000a68 (0x9bb78293) x5  0xffffffbf
core   0: 0x80000a6c (0x00008fc9) c.or    a5, a0
core   0: 3 0x80000a6c (0x8fc9) x15 0xffffffff
core   0: 0x80000a6e (0x00004fc1) c.li    t6, 16
core   0: 3 0x80000a6e (0x4fc1) x31 0x00000010
core   0: 0x80000a70 (0x03db27b3) mulhsu  a5, s6, t4
core   0: 3 0x80000a70 (0x03db27b3) x15 0x0000ad52
core   0: 0x80000a74 (0x026a6063) bltu    s4, t1, pc + 32
core   0: 3 0x80000a74 (0x026a6063)
core   0: 0x80000a78 (0x02928633) mul     a2, t0, s1
core   0: 3 0x80000a78 (0x02928633) x12 0x00000000
core   0: 0x80000a7c (0xa06bc737) lui     a4, 0xa06bc
core   0: 3 0x80000a7c (0xa06bc737) x14 0xa06bc000
core   0: 0x80000a80 (0x0152f633) and     a2, t0, s5
core   0: 3 0x80000a80 (0x0152f633) x12 0xffff5a9b
core   0: 0x80000a84 (0x03733ab3) mulhu   s5, t1, s7
core   0: 3 0x80000a84 (0x03733ab3) x21 0x00000000
core   0: 0x80000a88 (0x01fd54b3) srl     s1, s10, t6
core   0: 3 0x80000a88 (0x01fd54b3) x9  0x00000000
core   0: 0x80000a8c (0x00dfa8b3) slt     a7, t6, a3
core   0: 3 0x80000a8c (0x00dfa8b3) x17 0x00000000
core   0: 0x80000a90 (0x00c7da33) srl     s4, a5, a2
core   0: 3 0x80000a90 (0x00c7da33) x20 0x00000000
core   0: 0x80000a94 (0x82d06d93) ori     s11, zero, -2003
core   0: 3 0x80000a94 (0x82d06d93) x27 0xfffff82d
core   0: 0x80000a98 (0x012ddf33) srl     t5, s11, s2
core   0: 3 0x80000a98 (0x012ddf33) x30 0xfffff82d
core   0: 0x80000a9c (0x6cb83a93) sltiu   s5, a6, 1739
core   0: 3 0x80000a9c (0x6cb83a93) x21 0x00000001
core   0: 0x80000aa0 (0xd4b7be13) sltiu   t3, a5, -693
core   0: 3 0x80000aa0 (0xd4b7be13) x28 0x00000001
core   0: 0x80000aa4 (0x0000717d) c.addi16sp sp, -16
core   0: 3 0x80000aa4 (0x717d) x2  0x000003c1
core   0: 0x80000aa6 (0xb3667313) andi    t1, a2, -1226
core   0: 3 0x80000aa6 (0xb3667313) x6  0xffff5a12
core   0: 0x80000aaa (0x00c4cc63) blt     s1, a2, pc + 24
core   0: 3 0x80000aaa (0x00c4cc63)
core   0: 0x80000aae (0x02fb53b3) divu    t2, s6, a5
core   0: 3 0x80000aae (0x02fb53b3) x7  0x0000bd0f
core   0: 0x80000ab2 (0xf6003893) sltiu   a7, zero, -160
core   0: 3 0x80000ab2 (0xf6003893) x17 0x00000001
core   0: 0x80000ab6 (0x00008d09) c.sub   a0, a0
core   0: 3 0x80000ab6 (0x8d09) x10 0x00000000
core   0: 0x80000ab8 (0x0d1ae713) ori     a4, s5, 209
core   0: 3 0x80000ab8 (0x0d1ae713) x14 0x000000d1
core   0: 0x80000abc (0x04be9063) bne     t4, a1, pc + 64
core   0: 3 0x80000abc (0x04be9063)
core   0: 0x80000afc (0x008f14b3) sll     s1, t5, s0
core   0: 3 0x80000afc (0x008f14b3) x9  0xffff82d0
core   0: 0x80000b00 (0x00008d1e) c.mv    s10, t2
core   0: 3 0x80000b00 (0x8d1e) x26 0x0000bd0f
core   0: 0x80000b02 (0x94b5e293) ori     t0, a1, -1717
core   0: 3 0x80000b02 (0x94b5e293) x5  0xffffffcb
core   0: 0x80000b06 (0x90cff793) andi    a5, t6, -1780
core   0: 3 0x80000b06 (0x90cff793) x15 0x00000000
core   0: 0x80000b0a (0x0072d513) srli    a0, t0, 7
core   0: 3 0x80000b0a (0x0072d513) x10 0x01ffffff
core   0: 0x80000b0e (0xe0842893) slti    a7, s0, -504
core   0: 3 0x80000b0e (0xe0842893) x17 0x00000001
core   0: 0x80000b12 (0x5c977997) auipc   s3, 0x5c977
core   0: 3 0x80000b12 (0x5c977997) x19 0xdc977b12
core   0: 0x80000b16 (0xca1cfb93) andi    s7, s9, -863
core   0: 3 0x80000b16 (0xca1cfb93) x23 0x00000000
core   0: 0x80000b1a (0x000081b9) c.srli  a1, 14
core   0: 3 0x80000b1a (0x81b9) x11 0x0003ffff
core   0: 0x80000b1c (0x03bc65b3) rem     a1, s8, s11
core   0: 3 0x80000b1c (0x03bc65b3) x11 0xfffffc31
core   0: 0x80000b20 (0x00009a76) c.add   s4, t4
core   0: 3 0x80000b20 (0x9a76) x20 0x00015aa5
core   0: 0x80000b22 (0x40a50e33) sub     t3, a0, a0
core   0: 3 0x80000b22 (0x40a50e33) x28 0x00000000
core   0: 0x80000b26 (0x479d7213) andi    tp, s10, 1145
core   0: 3 0x80000b26 (0x479d7213) x4  0x00000409
core   0: 0x80000b2a (0x34563313) sltiu   t1, a2, 837
core   0: 3 0x80000b2a (0x34563313) x6  0x00000000
core   0: 0x80000b2e (0x015c9033) sll     zero, s9, s5
core   0: 3 0x80000b2e (0x015c9033)
core   0: 0x80000b32 (0x012cef63) bltu    s9, s2, pc + 30
core   0: 3 0x80000b32 (0x012cef63)
core   0: 0x80000b36 (0x414b5033) sra     zero, s6, s4
core   0: 3 0x80000b36 (0x414b5033)
core   0: 0x80000b3a (0xcdfac613) xori    a2, s5, -801
core   0: 3 0x80000b3a (0xcdfac613) x12 0xfffffcde
core   0: 0x80000b3e (0x40dfd813) srai    a6, t6, 13
core   0: 3 0x80000b3e (0x40dfd813) x16 0x00000000
core   0: 0x80000b42 (0x023d5db3) divu    s11, s10, gp
core   0: 3 0x80000b42 (0x023d5db3) x27 0xffffffff
core   0: 0x80000b46 (0x00006fc5) c.lui   t6, 0x11
core   0: 3 0x80000b46 (0x6fc5) x31 0x00011000
core   0: 0x80000b48 (0x41e450b3) sra     ra, s0, t5
core   0: 3 0x80000b48 (0x41e450b3) x1  0xfffc0014
core   0: 0x80000b4c (0x03fccd63) blt     s9, t6, pc + 58
core   0: 3 0x80000b4c (0x03fccd63)
core   0: 0x80000b86 (0x00000304) c.addi4spn s1, sp, 384
core   0: 3 0x80000b86 (0x0304) x9  0x00000541
core   0: 0x80000b88 (0x0000ea1d) c.bnez  a2, pc + 54
core   0: 3 0x80000b88 (0xea1d)
core   0: 0x80000bbe (0x00009d8e) c.add   s11, gp
core   0: 3 0x80000bbe (0x9d8e) x27 0xffffffff
core   0: 0x80000bc0 (0x01417133) and     sp, sp, s4
core   0: 3 0x80000bc0 (0x01417133) x2  0x00000281
core   0: 0x80000bc4 (0x01eeda13) srli    s4, t4, 30
core   0: 3 0x80000bc4 (0x01eeda13) x20 0x00000000
core   0: 0x80000bc8 (0x025deeb3) rem     t4, s11, t0
core   0: 3 0x80000bc8 (0x025deeb3) x29 0xffffffff
core   0: 0x80000bcc (0x05ebe063) bltu    s7, t5, pc + 64
core   0: 3 0x80000bcc (0x05ebe063)
core   0: 0x80000c0c (0x00006171) c.addi16sp sp, 336
core   0: 3 0x80000c0c (0x6171) x2  0x000003d1
core   0: 0x80000c0e (0x156eb113) sltiu   sp, t4, 342
core   0: 3 0x80000c0e (0x156eb113) x2  0x00000000
core   0: 0x80000c12 (0x0000453d) c.li    a0, 15
core   0: 3 0x80000c12 (0x453d) x10 0x0000000f
core   0: 0x80000c14 (0x0000013d) c.addi  sp, 15
core   0: 3 0x80000c14 (0x013d) x2  0x0000000f
core   0: 0x80000c16 (0x035a0833) mul     a6, s4, s5
core   0: 3 0x80000c16 (0x035a0833) x16 0x00000000
core   0: 0x80000c1a (0x00000001) c.nop
core   0: 3 0x80000c1a (0x0001)
core   0: 0x80000c1c (0x00001498) c.addi4spn a4, sp, 608
core   0: 3 0x80000c1c (0x1498) x14 0x0000026f
core   0: 0x80000c1e (0x86b86017) auipc   zero, 0x86b86
core   0: 3 0x80000c1e (0x86b86017)
core   0: 0x80000c22 (0x0012ecb3) or      s9, t0, ra
core   0: 3 0x80000c22 (0x0012ecb3) x25 0xffffffdf
core   0: 0x80000c26 (0x028ad163) bge     s5, s0, pc + 34
core   0: 3 0x80000c26 (0x028ad163)
core   0: 0x80000c48 (0x00000001) c.nop
core   0: 3 0x80000c48 (0x0001)
core   0: 0x80000c4a (0x0297c733) div     a4, a5, s1
core   0: 3 0x80000c4a (0x0297c733) x14 0x00000000
core   0: 0x80000c4e (0x00008c85) c.sub   s1, s1
core   0: 3 0x80000c4e (0x8c85) x9  0x00000000
core   0: 0x80000c50 (0x03330e33) mul     t3, t1, s3
core   0: 3 0x80000c50 (0x03330e33) x28 0x00000000
core   0: 0x80000c54 (0x01270863) beq     a4, s2, pc + 16
core   0: 3 0x80000c54 (0x01270863)
core   0: 0x80000c64 (0x5a403093) sltiu   ra, zero, 1444
core   0: 3 0x80000c64 (0x5a403093) x1  0x00000001
core   0: 0x80000c68 (0x0297f033) remu    zero, a5, s1
core   0: 3 0x80000c68 (0x0297f033)
core   0: 0x80000c6c (0x00008d25) c.xor   a0, s1
core   0: 3 0x80000c6c (0x8d25) x10 0x0000000f
core   0: 0x80000c6e (0xb6fc2c93) slti    s9, s8, -1169
core   0: 3 0x80000c6e (0xb6fc2c93) x25 0x00000001
core   0: 0x80000c72 (0x008f9913) slli    s2, t6, 8
core   0: 3 0x80000c72 (0x008f9913) x18 0x01100000
core   0: 0x80000c76 (0x035d8e63) beq     s11, s5, pc + 60
core   0: 3 0x80000c76 (0x035d8e63)
core   0: 0x80000c7a (0x000050fd) c.li    ra, -1
core   0: 3 0x80000c7a (0x50fd) x1  0xffffffff
core   0: 0x80000c7c (0xe8377993) andi    s3, a4, -381
core   0: 3 0x80000c7c (0xe8377993) x19 0x00000000
core   0: 0x80000c80 (0x02044633) div     a2, s0, zero
core   0: 3 0x80000c80 (0x02044633) x12 0xffffffff
core   0: 0x80000c84 (0x0000864d) c.srai  a2, 19
core   0: 3 0x80000c84 (0x864d) x12 0xffffffff
core   0: 0x80000c86 (0x00008d75) c.and   a0, a3
core   0: 3 0x80000c86 (0x8d75) x10 0x00000004
core   0: 0x80000c88 (0x01043033) sltu    zero, s0, a6
core   0: 3 0x80000c88 (0x01043033)
core   0: 0x80000c8c (0x001bee33) or      t3, s7, ra
core   0: 3 0x80000c8c (0x001bee33) x28 0xffffffff
core   0: 0x80000c90 (0x8a58ea13) ori     s4, a7, -1883
core   0: 3 0x80000c90 (0x8a58ea13) x20 0xfffff8a5
core   0: 0x80000c94 (0x00000d90) c.addi4spn a2, sp, 720
core   0: 3 0x80000c94 (0x0d90) x12 0x000002df
core   0: 0x80000c96 (0x01766833) or      a6, a2, s7
core   0: 3 0x80000c96 (0x01766833) x16 0x000002df
core   0: 0x80000c9a (0x00000001) c.nop
core   0: 3 0x80000c9a (0x0001)
core   0: 0x80000c9c (0x030bc163) blt     s7, a6, pc + 34
core   0: 3 0x80000c9c (0x030bc163)
core   0: 0x80000cbe (0xdae46917) auipc   s2, 0xdae46
core   0: 3 0x80000cbe (0xdae46917) x18 0x5ae46cbe
core   0: 0x80000cc2 (0x02a7e763) bltu    a5, a0, pc + 46
core   0: 3 0x80000cc2 (0x02a7e763)
core   0: 0x80000cf0 (0x025af3b3) remu    t2, s5, t0
core   0: 3 0x80000cf0 (0x025af3b3) x7  0x00000001
core   0: 0x80000cf4 (0x000003b6) c.slli  t2, 13
core   0: 3 0x80000cf4 (0x03b6) x7  0x00002000
core   0: 0x80000cf6 (0x0000e891) c.bnez  s1, pc + 20
core   0: 3 0x80000cf6 (0xe891)
core   0: 0x80000cf8 (0x00000001) c.nop
core   0: 3 0x80000cf8 (0x0001)
core   0: 0x80000cfa (0x0000838d) c.srli  a5, 3
core   0: 3 0x80000cfa (0x838d) x15 0x00000000
core   0: 0x80000cfc (0x00008fbd) c.xor   a5, a5
core   0: 3 0x80000cfc (0x8fbd) x15 0x00000000
core   0: 0x80000cfe (0x04935163) bge     t1, s1, pc + 66
core   0: 3 0x80000cfe (0x04935163)
core   0: 0x80000d40 (0x0000e08d) c.bnez  s1, pc + 34
core   0: 3 0x80000d40 (0xe08d)
core   0: 0x80000d42 (0x0000e215) c.bnez  a2, pc + 36
core   0: 3 0x80000d42 (0xe215)
core   0: 0x80000d66 (0x00008ce5) c.and   s1, s1
core   0: 3 0x80000d66 (0x8ce5) x9  0x00000000
core   0: 0x80000d68 (0x00006fed) c.lui   t6, 0x1b
core   0: 3 0x80000d68 (0x6fed) x31 0x0001b000
core   0: 0x80000d6a (0x03f91063) bne     s2, t6, pc + 32
core   0: 3 0x80000d6a (0x03f91063)
core   0: 0x80000d8a (0x0000863d) c.srai  a2, 15
core   0: 3 0x80000d8a (0x863d) x12 0x00000000
core   0: 0x80000d8c (0x00006111) c.addi16sp sp, 256
core   0: 3 0x80000d8c (0x6111) x2  0x0000010f
core   0: 0x80000d8e (0x00008e01) c.sub   a2, s0
core   0: 3 0x80000d8e (0x8e01) x12 0x7ffd631c
core   0: 0x80000d90 (0x407b5813) srai    a6, s6, 7
core   0: 3 0x80000d90 (0x407b5813) x16 0x00ffffff
core   0: 0x80000d94 (0x03e18bb3) mul     s7, gp, t5
core   0: 3 0x80000d94 (0x03e18bb3) x23 0x00000000
core   0: 0x80000d98 (0x03da4d63) blt     s4, t4, pc + 58
core   0: 3 0x80000d98 (0x03da4d63)
core   0: 0x80000dd2 (0x00cd1713) slli    a4, s10, 12
core   0: 3 0x80000dd2 (0x00cd1713) x14 0x0bd0f000
core   0: 0x80000dd6 (0x021f8633) mul     a2, t6, ra
core   0: 3 0x80000dd6 (0x021f8633) x12 0xfffe5000
core   0: 0x80000dda (0x0318e063) bltu    a7, a7, pc + 32
core   0: 3 0x80000dda (0x0318e063)
core   0: 0x80000dde (0x02d212b3) mulh    t0, tp, a3
core   0: 3 0x80000dde (0x02d212b3) x5  0xfffffdfb
core   0: 0x80000de2 (0x82b10893) addi    a7, sp, -2005
core   0: 3 0x80000de2 (0x82b10893) x17 0xfffff93a
core   0: 0x80000de6 (0x024f6b33) rem     s6, t5, tp
core   0: 3 0x80000de6 (0x024f6b33) x22 0xfffffc36
core   0: 0x80000dea (0x0fdf8717) auipc   a4, 0xfdf8
core   0: 3 0x80000dea (0x0fdf8717) x14 0x8fdf8dea
core   0: 0x80000dee (0x00c3a633) slt     a2, t2, a2
core   0: 3 0x80000dee (0x00c3a633) x12 0x00000000
core   0: 0x80000df2 (0x0331e833) rem     a6, gp, s3
core   0: 3 0x80000df2 (0x0331e833) x16 0x00000000
core   0: 0x80000df6 (0x03962e33) mulhsu  t3, a2, s9
core   0: 3 0x80000df6 (0x03962e33) x28 0x00000000
core   0: 0x80000dfa (0x039b4fb3) div     t6, s6, s9
core   0: 3 0x80000dfa (0x039b4fb3) x31 0xfffffc36
core   0: 0x80000dfe (0x03a51b63) bne     a0, s10, pc + 54
core   0: 3 0x80000dfe (0x03a51b63)
core   0: 0x80000e34 (0xbe7b8b93) addi    s7, s7, -1049
core   0: 3 0x80000e34 (0xbe7b8b93) x23 0xfffffbe7
core   0: 0x80000e38 (0x00b6e3b3) or      t2, a3, a1
core   0: 3 0x80000e38 (0x00b6e3b3) x7  0xfffffe75
core   0: 0x80000e3c (0x01647e33) and     t3, s0, s6
core   0: 3 0x80000e3c (0x01647e33) x28 0x80029c24
core   0: 0x80000e40 (0x95f61897) auipc   a7, 0x95f61
core   0: 3 0x80000e40 (0x95f61897) x17 0x15f61e40
core   0: 0x80000e44 (0x00008da9) c.xor   a1, a0
core   0: 3 0x80000e44 (0x8da9) x11 0xfffffc35
core   0: 0x80000e46 (0x000087a5) c.srai  a5, 9
core   0: 3 0x80000e46 (0x87a5) x15 0x00000000
core   0: 0x80000e48 (0x00444533) xor     a0, s0, tp
core   0: 3 0x80000e48 (0x00444533) x10 0x800298ed
core   0: 0x80000e4c (0x004441b3) xor     gp, s0, tp
core   0: 3 0x80000e4c (0x004441b3) x3  0x800298ed
core   0: 0x80000e50 (0x03d28fb3) mul     t6, t0, t4
core   0: 3 0x80000e50 (0x03d28fb3) x31 0x00000205
core   0: 0x80000e54 (0x01a659b3) srl     s3, a2, s10
core   0: 3 0x80000e54 (0x01a659b3) x19 0x00000000
core   0: 0x80000e58 (0x02e835b3) mulhu   a1, a6, a4
core   0: 3 0x80000e58 (0x02e835b3) x11 0x00000000
core   0: 0x80000e5c (0x0000ea31) c.bnez  a2, pc + 84
core   0: 3 0x80000e5c (0xea31)
core   0: 0x80000e5e (0x40fe5513) srai    a0, t3, 15
core   0: 3 0x80000e5e (0x40fe5513) x10 0xffff0005
core   0: 0x80000e62 (0x02a3a8b3) mulhsu  a7, t2, a0
core   0: 3 0x80000e62 (0x02a3a8b3) x17 0xfffffe75
core   0: 0x80000e66 (0x00005769) c.li    a4, -6
core   0: 3 0x80000e66 (0x5769) x14 0xfffffffa
core   0: 0x80000e68 (0x02875cb3) divu    s9, a4, s0
core   0: 3 0x80000e68 (0x02875cb3) x25 0x00000001
core   0: 0x80000e6c (0x00000001) c.nop
core   0: 3 0x80000e6c (0x0001)
core   0: 0x80000e6e (0xff410b13) addi    s6, sp, -12
core   0: 3 0x80000e6e (0xff410b13) x22 0x00000103
core   0: 0x80000e72 (0x00000001) c.nop
core   0: 3 0x80000e72 (0x0001)
core   0: 0x80000e74 (0xde1e6293) ori     t0, t3, -543
core   0: 3 0x80000e74 (0xde1e6293) x5  0xfffffde5
core   0: 0x80000e78 (0x0000070d) c.addi  a4, 3
core   0: 3 0x80000e78 (0x070d) x14 0xfffffffd
core   0: 0x80000e7a (0x00004585) c.li    a1, 1
core   0: 3 0x80000e7a (0x4585) x11 0x00000001
core   0: 0x80000e7c (0x000048bd) c.li    a7, 15
core   0: 3 0x80000e7c (0x48bd) x17 0x0000000f
core   0: 0x80000e7e (0x038ed1b3) divu    gp, t4, s8
core   0: 3 0x80000e7e (0x038ed1b3) x3  0x00000001
core   0: 0x80000e82 (0x000901b3) add     gp, s2, zero
core   0: 3 0x80000e82 (0x000901b3) x3  0x5ae46cbe
core   0: 0x80000e86 (0x00000585) c.addi  a1, 1
core   0: 3 0x80000e86 (0x0585) x11 0x00000002
core   0: 0x80000e88 (0x03fb62b3) rem     t0, s6, t6
core   0: 3 0x80000e88 (0x03fb62b3) x5  0x00000103
core   0: 0x80000e8c (0x02705133) divu    sp, zero, t2
core   0: 3 0x80000e8c (0x02705133) x2  0x00000000
core   0: 0x80000e90 (0xff1597e3) bne     a1, a7, pc - 18
core   0: 3 0x80000e90 (0xff1597e3)
core   0: 0x80000e7e (0x038ed1b3) divu    gp, t4, s8
core   0: 3 0x80000e7e (0x038ed1b3) x3  0x00000001
core   0: 0x80000e82 (0x000901b3) add     gp, s2, zero
core   0: 3 0x80000e82 (0x000901b3) x3  0x5ae46cbe
core   0: 0x80000e86 (0x00000585) c.addi  a1, 1
core   0: 3 0x80000e86 (0x0585) x11 0x00000003
core   0: 0x80000e88 (0x03fb62b3) rem     t0, s6, t6
core   0: 3 0x80000e88 (0x03fb62b3) x5  0x00000103
core   0: 0x80000e8c (0x02705133) divu    sp, zero, t2
core   0: 3 0x80000e8c (0x02705133) x2  0x00000000
core   0: 0x80000e90 (0xff1597e3) bne     a1, a7, pc - 18
core   0: 3 0x80000e90 (0xff1597e3)
core   0: 0x80000e7e (0x038ed1b3) divu    gp, t4, s8
core   0: 3 0x80000e7e (0x038ed1b3) x3  0x00000001
core   0: 0x80000e82 (0x000901b3) add     gp, s2, zero
core   0: 3 0x80000e82 (0x000901b3) x3  0x5ae46cbe
core   0: 0x80000e86 (0x00000585) c.addi  a1, 1
core   0: 3 0x80000e86 (0x0585) x11 0x00000004
core   0: 0x80000e88 (0x03fb62b3) rem     t0, s6, t6
core   0: 3 0x80000e88 (0x03fb62b3) x5  0x00000103
core   0: 0x80000e8c (0x02705133) divu    sp, zero, t2
core   0: 3 0x80000e8c (0x02705133) x2  0x00000000
core   0: 0x80000e90 (0xff1597e3) bne     a1, a7, pc - 18
core   0: 3 0x80000e90 (0xff1597e3)
core   0: 0x80000e7e (0x038ed1b3) divu    gp, t4, s8
core   0: 3 0x80000e7e (0x038ed1b3) x3  0x00000001
core   0: 0x80000e82 (0x000901b3) add     gp, s2, zero
core   0: 3 0x80000e82 (0x000901b3) x3  0x5ae46cbe
core   0: 0x80000e86 (0x00000585) c.addi  a1, 1
core   0: 3 0x80000e86 (0x0585) x11 0x00000005
core   0: 0x80000e88 (0x03fb62b3) rem     t0, s6, t6
core   0: 3 0x80000e88 (0x03fb62b3) x5  0x00000103
core   0: 0x80000e8c (0x02705133) divu    sp, zero, t2
core   0: 3 0x80000e8c (0x02705133) x2  0x00000000
core   0: 0x80000e90 (0xff1597e3) bne     a1, a7, pc - 18
core   0: 3 0x80000e90 (0xff1597e3)
core   0: 0x80000e7e (0x038ed1b3) divu    gp, t4, s8
core   0: 3 0x80000e7e (0x038ed1b3) x3  0x00000001
core   0: 0x80000e82 (0x000901b3) add     gp, s2, zero
core   0: 3 0x80000e82 (0x000901b3) x3  0x5ae46cbe
core   0: 0x80000e86 (0x00000585) c.addi  a1, 1
core   0: 3 0x80000e86 (0x0585) x11 0x00000006
core   0: 0x80000e88 (0x03fb62b3) rem     t0, s6, t6
core   0: 3 0x80000e88 (0x03fb62b3) x5  0x00000103
core   0: 0x80000e8c (0x02705133) divu    sp, zero, t2
core   0: 3 0x80000e8c (0x02705133) x2  0x00000000
core   0: 0x80000e90 (0xff1597e3) bne     a1, a7, pc - 18
core   0: 3 0x80000e90 (0xff1597e3)
core   0: 0x80000e7e (0x038ed1b3) divu    gp, t4, s8
core   0: 3 0x80000e7e (0x038ed1b3) x3  0x00000001
core   0: 0x80000e82 (0x000901b3) add     gp, s2, zero
core   0: 3 0x80000e82 (0x000901b3) x3  0x5ae46cbe
core   0: 0x80000e86 (0x00000585) c.addi  a1, 1
core   0: 3 0x80000e86 (0x0585) x11 0x00000007
core   0: 0x80000e88 (0x03fb62b3) rem     t0, s6, t6
core   0: 3 0x80000e88 (0x03fb62b3) x5  0x00000103
core   0: 0x80000e8c (0x02705133) divu    sp, zero, t2
core   0: 3 0x80000e8c (0x02705133) x2  0x00000000
core   0: 0x80000e90 (0xff1597e3) bne     a1, a7, pc - 18
core   0: 3 0x80000e90 (0xff1597e3)
core   0: 0x80000e7e (0x038ed1b3) divu    gp, t4, s8
core   0: 3 0x80000e7e (0x038ed1b3) x3  0x00000001
core   0: 0x80000e82 (0x000901b3) add     gp, s2, zero
core   0: 3 0x80000e82 (0x000901b3) x3  0x5ae46cbe
core   0: 0x80000e86 (0x00000585) c.addi  a1, 1
core   0: 3 0x80000e86 (0x0585) x11 0x00000008
core   0: 0x80000e88 (0x03fb62b3) rem     t0, s6, t6
core   0: 3 0x80000e88 (0x03fb62b3) x5  0x00000103
core   0: 0x80000e8c (0x02705133) divu    sp, zero, t2
core   0: 3 0x80000e8c (0x02705133) x2  0x00000000
core   0: 0x80000e90 (0xff1597e3) bne     a1, a7, pc - 18
core   0: 3 0x80000e90 (0xff1597e3)
core   0: 0x80000e7e (0x038ed1b3) divu    gp, t4, s8
core   0: 3 0x80000e7e (0x038ed1b3) x3  0x00000001
core   0: 0x80000e82 (0x000901b3) add     gp, s2, zero
core   0: 3 0x80000e82 (0x000901b3) x3  0x5ae46cbe
core   0: 0x80000e86 (0x00000585) c.addi  a1, 1
core   0: 3 0x80000e86 (0x0585) x11 0x00000009
core   0: 0x80000e88 (0x03fb62b3) rem     t0, s6, t6
core   0: 3 0x80000e88 (0x03fb62b3) x5  0x00000103
core   0: 0x80000e8c (0x02705133) divu    sp, zero, t2
core   0: 3 0x80000e8c (0x02705133) x2  0x00000000
core   0: 0x80000e90 (0xff1597e3) bne     a1, a7, pc - 18
core   0: 3 0x80000e90 (0xff1597e3)
core   0: 0x80000e7e (0x038ed1b3) divu    gp, t4, s8
core   0: 3 0x80000e7e (0x038ed1b3) x3  0x00000001
core   0: 0x80000e82 (0x000901b3) add     gp, s2, zero
core   0: 3 0x80000e82 (0x000901b3) x3  0x5ae46cbe
core   0: 0x80000e86 (0x00000585) c.addi  a1, 1
core   0: 3 0x80000e86 (0x0585) x11 0x0000000a
core   0: 0x80000e88 (0x03fb62b3) rem     t0, s6, t6
core   0: 3 0x80000e88 (0x03fb62b3) x5  0x00000103
core   0: 0x80000e8c (0x02705133) divu    sp, zero, t2
core   0: 3 0x80000e8c (0x02705133) x2  0x00000000
core   0: 0x80000e90 (0xff1597e3) bne     a1, a7, pc - 18
core   0: 3 0x80000e90 (0xff1597e3)
core   0: 0x80000e7e (0x038ed1b3) divu    gp, t4, s8
core   0: 3 0x80000e7e (0x038ed1b3) x3  0x00000001
core   0: 0x80000e82 (0x000901b3) add     gp, s2, zero
core   0: 3 0x80000e82 (0x000901b3) x3  0x5ae46cbe
core   0: 0x80000e86 (0x00000585) c.addi  a1, 1
core   0: 3 0x80000e86 (0x0585) x11 0x0000000b
core   0: 0x80000e88 (0x03fb62b3) rem     t0, s6, t6
core   0: 3 0x80000e88 (0x03fb62b3) x5  0x00000103
core   0: 0x80000e8c (0x02705133) divu    sp, zero, t2
core   0: 3 0x80000e8c (0x02705133) x2  0x00000000
core   0: 0x80000e90 (0xff1597e3) bne     a1, a7, pc - 18
core   0: 3 0x80000e90 (0xff1597e3)
core   0: 0x80000e7e (0x038ed1b3) divu    gp, t4, s8
core   0: 3 0x80000e7e (0x038ed1b3) x3  0x00000001
core   0: 0x80000e82 (0x000901b3) add     gp, s2, zero
core   0: 3 0x80000e82 (0x000901b3) x3  0x5ae46cbe
core   0: 0x80000e86 (0x00000585) c.addi  a1, 1
core   0: 3 0x80000e86 (0x0585) x11 0x0000000c
core   0: 0x80000e88 (0x03fb62b3) rem     t0, s6, t6
core   0: 3 0x80000e88 (0x03fb62b3) x5  0x00000103
core   0: 0x80000e8c (0x02705133) divu    sp, zero, t2
core   0: 3 0x80000e8c (0x02705133) x2  0x00000000
core   0: 0x80000e90 (0xff1597e3) bne     a1, a7, pc - 18
core   0: 3 0x80000e90 (0xff1597e3)
core   0: 0x80000e7e (0x038ed1b3) divu    gp, t4, s8
core   0: 3 0x80000e7e (0x038ed1b3) x3  0x00000001
core   0: 0x80000e82 (0x000901b3) add     gp, s2, zero
core   0: 3 0x80000e82 (0x000901b3) x3  0x5ae46cbe
core   0: 0x80000e86 (0x00000585) c.addi  a1, 1
core   0: 3 0x80000e86 (0x0585) x11 0x0000000d
core   0: 0x80000e88 (0x03fb62b3) rem     t0, s6, t6
core   0: 3 0x80000e88 (0x03fb62b3) x5  0x00000103
core   0: 0x80000e8c (0x02705133) divu    sp, zero, t2
core   0: 3 0x80000e8c (0x02705133) x2  0x00000000
core   0: 0x80000e90 (0xff1597e3) bne     a1, a7, pc - 18
core   0: 3 0x80000e90 (0xff1597e3)
core   0: 0x80000e7e (0x038ed1b3) divu    gp, t4, s8
core   0: 3 0x80000e7e (0x038ed1b3) x3  0x00000001
core   0: 0x80000e82 (0x000901b3) add     gp, s2, zero
core   0: 3 0x80000e82 (0x000901b3) x3  0x5ae46cbe
core   0: 0x80000e86 (0x00000585) c.addi  a1, 1
core   0: 3 0x80000e86 (0x0585) x11 0x0000000e
core   0: 0x80000e88 (0x03fb62b3) rem     t0, s6, t6
core   0: 3 0x80000e88 (0x03fb62b3) x5  0x00000103
core   0: 0x80000e8c (0x02705133) divu    sp, zero, t2
core   0: 3 0x80000e8c (0x02705133) x2  0x00000000
core   0: 0x80000e90 (0xff1597e3) bne     a1, a7, pc - 18
core   0: 3 0x80000e90 (0xff1597e3)
core   0: 0x80000e7e (0x038ed1b3) divu    gp, t4, s8
core   0: 3 0x80000e7e (0x038ed1b3) x3  0x00000001
core   0: 0x80000e82 (0x000901b3) add     gp, s2, zero
core   0: 3 0x80000e82 (0x000901b3) x3  0x5ae46cbe
core   0: 0x80000e86 (0x00000585) c.addi  a1, 1
core   0: 3 0x80000e86 (0x0585) x11 0x0000000f
core   0: 0x80000e88 (0x03fb62b3) rem     t0, s6, t6
core   0: 3 0x80000e88 (0x03fb62b3) x5  0x00000103
core   0: 0x80000e8c (0x02705133) divu    sp, zero, t2
core   0: 3 0x80000e8c (0x02705133) x2  0x00000000
core   0: 0x80000e90 (0xff1597e3) bne     a1, a7, pc - 18
core   0: 3 0x80000e90 (0xff1597e3)
core   0: 0x80000e94 (0x00006195) c.lui   gp, 0x5
core   0: 3 0x80000e94 (0x6195) x3  0x00005000
core   0: 0x80000e96 (0x0000df71) c.beqz  a4, pc - 36
core   0: 3 0x80000e96 (0xdf71)
core   0: 0x80000e98 (0x118baf93) slti    t6, s7, 280
core   0: 3 0x80000e98 (0x118baf93) x31 0x00000001
core   0: 0x80000e9c (0x64346613) ori     a2, s0, 1603
core   0: 3 0x80000e9c (0x64346613) x12 0x80029ee7
core   0: 0x80000ea0 (0x003cd263) bge     s9, gp, pc + 4
core   0: 3 0x80000ea0 (0x003cd263)
core   0: 0x80000ea4 (0x0000cb19) c.beqz  a4, pc + 22
core   0: 3 0x80000ea4 (0xcb19)
core   0: 0x80000ea6 (0x0000c4a1) c.beqz  s1, pc + 72
core   0: 3 0x80000ea6 (0xc4a1)
core   0: 0x80000eee (0x039fce33) div     t3, t6, s9
core   0: 3 0x80000eee (0x039fce33) x28 0x00000001
core   0: 0x80000ef2 (0x00008f25) c.xor   a4, s1
core   0: 3 0x80000ef2 (0x8f25) x14 0xfffffffd
core   0: 0x80000ef4 (0x9f07e713) ori     a4, a5, -1552
core   0: 3 0x80000ef4 (0x9f07e713) x14 0xfffff9f0
core   0: 0x80000ef8 (0x06209163) bne     ra, sp, pc + 98
core   0: 3 0x80000ef8 (0x06209163)
core   0: 0x80000f5a (0x02c0b8b3) mulhu   a7, ra, a2
core   0: 3 0x80000f5a (0x02c0b8b3) x17 0x80029ee6
core   0: 0x80000f5e (0x00008d19) c.sub   a0, a4
core   0: 3 0x80000f5e (0x8d19) x10 0xffff0615
core   0: 0x80000f60 (0x00008d4d) c.or    a0, a1
core   0: 3 0x80000f60 (0x8d4d) x10 0xffff061f
core   0: 0x80000f62 (0x006969b3) or      s3, s2, t1
core   0: 3 0x80000f62 (0x006969b3) x19 0x5ae46cbe
core   0: 0x80000f66 (0x00541db3) sll     s11, s0, t0
core   0: 3 0x80000f66 (0x00541db3) x27 0x0014e720
core   0: 0x80000f6a (0x07e7e213) ori     tp, a5, 126
core   0: 3 0x80000f6a (0x07e7e213) x4  0x0000007e
core   0: 0x80000f6e (0x00857563) bgeu    a0, s0, pc + 10
core   0: 3 0x80000f6e (0x00857563)
core   0: 0x80000f78 (0x403bde13) srai    t3, s7, 3
core   0: 3 0x80000f78 (0x403bde13) x28 0xffffff7c
core   0: 0x80000f7c (0x02062eb3) mulhsu  t4, a2, zero
core   0: 3 0x80000f7c (0x02062eb3) x29 0x00000000
core   0: 0x80000f80 (0x00008362) c.mv    t1, s8
core   0: 3 0x80000f80 (0x8362) x6  0xfba32397
core   0: 0x80000f82 (0x0000031e) c.slli  t1, 7
core   0: 3 0x80000f82 (0x031e) x6  0xd191cb80
core   0: 0x80000f84 (0x03529e33) mulh    t3, t0, s5
core   0: 3 0x80000f84 (0x03529e33) x28 0x00000000
core   0: 0x80000f88 (0x032a0633) mul     a2, s4, s2
core   0: 3 0x80000f88 (0x032a0633) x12 0x71d42676
core   0: 0x80000f8c (0x00008e71) c.and   a2, a2
core   0: 3 0x80000f8c (0x8e71) x12 0x71d42676
core   0: 0x80000f8e (0x0051eeb3) or      t4, gp, t0
core   0: 3 0x80000f8e (0x0051eeb3) x29 0x00005103
core   0: 0x80000f92 (0x009e3db3) sltu    s11, t3, s1
core   0: 3 0x80000f92 (0x009e3db3) x27 0x00000000
core   0: 0x80000f96 (0x0317f5b3) remu    a1, a5, a7
core   0: 3 0x80000f96 (0x0317f5b3) x11 0x00000000
core   0: 0x80000f9a (0x0000954e) c.add   a0, s3
core   0: 3 0x80000f9a (0x954e) x10 0x5ae372dd
core   0: 0x80000f9c (0x56203c93) sltiu   s9, zero, 1378
core   0: 3 0x80000f9c (0x56203c93) x25 0x00000001
core   0: 0x80000fa0 (0x025d81b3) mul     gp, s11, t0
core   0: 3 0x80000fa0 (0x025d81b3) x3  0x00000000
core   0: 0x80000fa4 (0x001138b3) sltu    a7, sp, ra
core   0: 3 0x80000fa4 (0x001138b3) x17 0x00000001
core   0: 0x80000fa8 (0x005d3633) sltu    a2, s10, t0
core   0: 3 0x80000fa8 (0x005d3633) x12 0x00000000
core   0: 0x80000fac (0x03d7d563) bge     a5, t4, pc + 42
core   0: 3 0x80000fac (0x03d7d563)
core   0: 0x80000fb0 (0x0000119c) c.addi4spn a5, sp, 224
core   0: 3 0x80000fb0 (0x119c) x15 0x000000e0
core   0: 0x80000fb2 (0x00a9a8b3) slt     a7, s3, a0
core   0: 3 0x80000fb2 (0x00a9a8b3) x17 0x00000000
core   0: 0x80000fb6 (0x1fe33913) sltiu   s2, t1, 510
core   0: 3 0x80000fb6 (0x1fe33913) x18 0x00000000
core   0: 0x80000fba (0x016ed4b3) srl     s1, t4, s6
core   0: 3 0x80000fba (0x016ed4b3) x9  0x00000a20
core   0: 0x80000fbe (0xf1befb93) andi    s7, t4, -229
core   0: 3 0x80000fbe (0xf1befb93) x23 0x00005103
core   0: 0x80000fc2 (0x9f275eb7) lui     t4, 0x9f275
core   0: 3 0x80000fc2 (0x9f275eb7) x29 0x9f275000
core   0: 0x80000fc6 (0x00008231) c.srli  a2, 12
core   0: 3 0x80000fc6 (0x8231) x12 0x00000000
core   0: 0x80000fc8 (0xcac7a293) slti    t0, a5, -852
core   0: 3 0x80000fc8 (0xcac7a293) x5  0x00000000
core   0: 0x80000fcc (0x0078f263) bgeu    a7, t2, pc + 4
core   0: 3 0x80000fcc (0x0078f263)
core   0: 0x80000fd0 (0x40ff00b3) sub     ra, t5, a5
core   0: 3 0x80000fd0 (0x40ff00b3) x1  0xfffff74d
core   0: 0x80000fd4 (0x00008a39) c.andi  a2, 14
core   0: 3 0x80000fd4 (0x8a39) x12 0x00000000
core   0: 0x80000fd6 (0x00519513) slli    a0, gp, 5
core   0: 3 0x80000fd6 (0x00519513) x10 0x00000000
core   0: 0x80000fda (0x0000436d) c.li    t1, 27
core   0: 3 0x80000fda (0x436d) x6  0x0000001b
core   0: 0x80000fdc (0x037beab3) rem     s5, s7, s7
core   0: 3 0x80000fdc (0x037beab3) x21 0x00000000
core   0: 0x80000fe0 (0x03ca1a63) bne     s4, t3, pc + 52
core   0: 3 0x80000fe0 (0x03ca1a63)
core   0: 0x80001014 (0x00009da2) c.add   s11, s0
core   0: 3 0x80001014 (0x9da2) x27 0x80029ce4
core   0: 0x80001016 (0x012adc93) srli    s9, s5, 18
core   0: 3 0x80001016 (0x012adc93) x25 0x00000000
core   0: 0x8000101a (0x01dc1613) slli    a2, s8, 29
core   0: 3 0x8000101a (0x01dc1613) x12 0xe0000000
core   0: 0x8000101e (0x0330e633) rem     a2, ra, s3
core   0: 3 0x8000101e (0x0330e633) x12 0xfffff74d
core   0: 0x80001022 (0x00009bfd) c.andi  a5, -1
core   0: 3 0x80001022 (0x9bfd) x15 0x000000e0
core   0: 0x80001024 (0x0000e485) c.bnez  s1, pc + 40
core   0: 3 0x80001024 (0xe485)
core   0: 0x8000104c (0x01d11793) slli    a5, sp, 29
core   0: 3 0x8000104c (0x01d11793) x15 0x00000000
core   0: 0x80001050 (0x03304263) blt     zero, s3, pc + 36
core   0: 3 0x80001050 (0x03304263)
core   0: 0x80001074 (0x0037ecb3) or      s9, a5, gp
core   0: 3 0x80001074 (0x0037ecb3) x25 0x00000000
core   0: 0x80001078 (0x400457b3) sra     a5, s0, zero
core   0: 3 0x80001078 (0x400457b3) x15 0x80029ce4
core   0: 0x8000107c (0x8ef90b93) addi    s7, s2, -1809
core   0: 3 0x8000107c (0x8ef90b93) x23 0xfffff8ef
core   0: 0x80001080 (0x01b320b3) slt     ra, t1, s11
core   0: 3 0x80001080 (0x01b320b3) x1  0x00000000
core   0: 0x80001084 (0x0000c309) c.beqz  a4, pc + 2
core   0: 3 0x80001084 (0xc309)
core   0: 0x80001086 (0x00c64a63) blt     a2, a2, pc + 20
core   0: 3 0x80001086 (0x00c64a63)
core   0: 0x8000108a (0x01accdb3) xor     s11, s9, s10
core   0: 3 0x8000108a (0x01accdb3) x27 0x0000bd0f
core   0: 0x8000108e (0x031c3ab3) mulhu   s5, s8, a7
core   0: 3 0x8000108e (0x031c3ab3) x21 0x00000000
core   0: 0x80001092 (0x02a6ea33) rem     s4, a3, a0
core   0: 3 0x80001092 (0x02a6ea33) x20 0x80025e64
core   0: 0x80001096 (0x02db9d63) bne     s7, a3, pc + 58
core   0: 3 0x80001096 (0x02db9d63)
core   0: 0x800010d0 (0x00008575) c.srai  a0, 29
core   0: 3 0x800010d0 (0x8575) x10 0x00000000
core   0: 0x800010d2 (0x03355e63) bge     a0, s3, pc + 60
core   0: 3 0x800010d2 (0x03355e63)
core   0: 0x800010d6 (0x00829533) sll     a0, t0, s0
core   0: 3 0x800010d6 (0x00829533) x10 0x00000000
core   0: 0x800010da (0x03ac7133) remu    sp, s8, s10
core   0: 3 0x800010da (0x03ac7133) x2  0x00006093
core   0: 0x800010de (0x015beeb3) or      t4, s7, s5
core   0: 3 0x800010de (0x015beeb3) x29 0xfffff8ef
core   0: 0x800010e2 (0x0304f833) remu    a6, s1, a6
core   0: 3 0x800010e2 (0x0304f833) x16 0x00000a20
core   0: 0x800010e6 (0x1d975637) lui     a2, 0x1d975
core   0: 3 0x800010e6 (0x1d975637) x12 0x1d975000
core   0: 0x800010ea (0x000019fd) c.addi  s3, -1
core   0: 3 0x800010ea (0x19fd) x19 0x5ae46cbd
core   0: 0x800010ec (0x03dfa493) slti    s1, t6, 61
core   0: 3 0x800010ec (0x03dfa493) x9  0x00000001
core   0: 0x800010f0 (0x028dd163) bge     s11, s0, pc + 34
core   0: 3 0x800010f0 (0x028dd163)
core   0: 0x80001112 (0x00008a36) c.mv    s4, a3
core   0: 3 0x80001112 (0x8a36) x20 0x80025e64
core   0: 0x80001114 (0x05c94c63) blt     s2, t3, pc + 88
core   0: 3 0x80001114 (0x05c94c63)
core   0: 0x80001118 (0x00bdb033) sltu    zero, s11, a1
core   0: 3 0x80001118 (0x00bdb033)
core   0: 0x8000111c (0x00b47a33) and     s4, s0, a1
core   0: 3 0x8000111c (0x00b47a33) x20 0x00000000
core   0: 0x80001120 (0xad226393) ori     t2, tp, -1326
core   0: 3 0x80001120 (0xad226393) x7  0xfffffafe
core   0: 0x80001124 (0x011d8bb3) add     s7, s11, a7
core   0: 3 0x80001124 (0x011d8bb3) x23 0x0000bd0f
core   0: 0x80001128 (0x01affeb3) and     t4, t6, s10
core   0: 3 0x80001128 (0x01affeb3) x29 0x00000001
core   0: 0x8000112c (0x00001ffd) c.addi  t6, -1
core   0: 3 0x8000112c (0x1ffd) x31 0x00000000
core   0: 0x8000112e (0x01574eb3) xor     t4, a4, s5
core   0: 3 0x8000112e (0x01574eb3) x29 0xfffff9f0
core   0: 0x80001132 (0x07796063) bltu    s2, s7, pc + 96
core   0: 3 0x80001132 (0x07796063)
core   0: 0x80001192 (0x77d23f13) sltiu   t5, tp, 1917
core   0: 3 0x80001192 (0x77d23f13) x30 0x00000001
core   0: 0x80001196 (0x1f15cd13) xori    s10, a1, 497
core   0: 3 0x80001196 (0x1f15cd13) x26 0x000001f1
core   0: 0x8000119a (0x006c8663) beq     s9, t1, pc + 12
core   0: 3 0x8000119a (0x006c8663)
core   0: 0x8000119e (0x011abdb3) sltu    s11, s5, a7
core   0: 3 0x8000119e (0x011abdb3) x27 0x00000000
core   0: 0x800011a2 (0x04957263) bgeu    a0, s1, pc + 68
core   0: 3 0x800011a2 (0x04957263)
core   0: 0x800011a6 (0x00008cb5) c.xor   s1, a3
core   0: 3 0x800011a6 (0x8cb5) x9  0x80025e65
core   0: 0x800011a8 (0x03b9cdb3) div     s11, s3, s11
core   0: 3 0x800011a8 (0x03b9cdb3) x27 0xffffffff
core   0: 0x800011ac (0x022b7363) bgeu    s6, sp, pc + 38
core   0: 3 0x800011ac (0x022b7363)
core   0: 0x800011b0 (0x035c6b33) rem     s6, s8, s5
core   0: 3 0x800011b0 (0x035c6b33) x22 0xfba32397
core   0: 0x800011b4 (0x00008a7d) c.andi  a2, 31
core   0: 3 0x800011b4 (0x8a7d) x12 0x00000000
core   0: 0x800011b6 (0x026baab3) mulhsu  s5, s7, t1
core   0: 3 0x800011b6 (0x026baab3) x21 0x00000000
core   0: 0x800011ba (0x05a26163) bltu    tp, s10, pc + 66
core   0: 3 0x800011ba (0x05a26163)
core   0: 0x800011fc (0x09f21737) lui     a4, 0x9f21
core   0: 3 0x800011fc (0x09f21737) x14 0x09f21000
core   0: 0x80001200 (0x0000129c) c.addi4spn a5, sp, 352
core   0: 3 0x80001200 (0x129c) x15 0x000061f3
core   0: 0x80001202 (0x03a4fdb3) remu    s11, s1, s10
core   0: 3 0x80001202 (0x03a4fdb3) x27 0x00000000
core   0: 0x80001206 (0x00984633) xor     a2, a6, s1
core   0: 3 0x80001206 (0x00984633) x12 0x80025445
core   0: 0x8000120a (0x40a8db13) srai    s6, a7, 10
core   0: 3 0x8000120a (0x40a8db13) x22 0x00000000
core   0: 0x8000120e (0x025d9633) mulh    a2, s11, t0
core   0: 3 0x8000120e (0x025d9633) x12 0x00000000
core   0: 0x80001212 (0x13e46f93) ori     t6, s0, 318
core   0: 3 0x80001212 (0x13e46f93) x31 0x80029dfe
core   0: 0x80001216 (0x01362933) slt     s2, a2, s3
core   0: 3 0x80001216 (0x01362933) x18 0x00000001
core   0: 0x8000121a (0x41c25c93) srai    s9, tp, 28
core   0: 3 0x8000121a (0x41c25c93) x25 0x00000000
core   0: 0x8000121e (0x0000cb0d) c.beqz  a4, pc + 50
core   0: 3 0x8000121e (0xcb0d)
core   0: 0x80001220 (0x00004ba9) c.li    s7, 10
core   0: 3 0x80001220 (0x4ba9) x23 0x0000000a
core   0: 0x80001222 (0x018dabb3) slt     s7, s11, s8
core   0: 3 0x80001222 (0x018dabb3) x23 0x00000000
core   0: 0x80001226 (0x05813193) sltiu   gp, sp, 88
core   0: 3 0x80001226 (0x05813193) x3  0x00000000
core   0: 0x8000122a (0x127ec513) xori    a0, t4, 295
core   0: 3 0x8000122a (0x127ec513) x10 0xfffff8d7
core   0: 0x8000122e (0x00008e3d) c.xor   a2, a5
core   0: 3 0x8000122e (0x8e3d) x12 0x000061f3
core   0: 0x80001230 (0x00000366) c.slli  t1, 25
core   0: 3 0x80001230 (0x0366) x6  0x36000000
core   0: 0x80001232 (0x000095fa) c.add   a1, t5
core   0: 3 0x80001232 (0x95fa) x11 0x00000001
core   0: 0x80001234 (0x03c06c63) bltu    zero, t3, pc + 56
core   0: 3 0x80001234 (0x03c06c63)
core   0: 0x80001238 (0x00000001) c.nop
core   0: 3 0x80001238 (0x0001)
core   0: 0x8000123a (0x000064d5) c.lui   s1, 0x15
core   0: 3 0x8000123a (0x64d5) x9  0x00015000
core   0: 0x8000123c (0x0264ccb3) div     s9, s1, t1
core   0: 3 0x8000123c (0x0264ccb3) x25 0x00000000
core   0: 0x80001240 (0x01ce3db3) sltu    s11, t3, t3
core   0: 3 0x80001240 (0x01ce3db3) x27 0x00000000
core   0: 0x80001244 (0x0000597d) c.li    s2, -1
core   0: 3 0x80001244 (0x597d) x18 0xffffffff
core   0: 0x80001246 (0x00008e4d) c.or    a2, a1
core   0: 3 0x80001246 (0x8e4d) x12 0x000061f3
core   0: 0x80001248 (0x000093ae) c.add   t2, a1
core   0: 3 0x80001248 (0x93ae) x7  0xfffffaff
core   0: 0x8000124a (0x00006119) c.addi16sp sp, 384
core   0: 3 0x8000124a (0x6119) x2  0x00006213
core   0: 0x8000124c (0x020dc633) div     a2, s11, zero
core   0: 3 0x8000124c (0x020dc633) x12 0xffffffff
core   0: 0x80001250 (0x000084d9) c.srai  s1, 22
core   0: 3 0x80001250 (0x84d9) x9  0x00000000
core   0: 0x80001252 (0x03459e63) bne     a1, s4, pc + 60
core   0: 3 0x80001252 (0x03459e63)
core   0: 0x8000128e (0x702d5137) lui     sp, 0x702d5
core   0: 3 0x8000128e (0x702d5137) x2  0x702d5000
core   0: 0x80001292 (0x02750963) beq     a0, t2, pc + 50
core   0: 3 0x80001292 (0x02750963)
core   0: 0x80001296 (0x0335e133) rem     sp, a1, s3
core   0: 3 0x80001296 (0x0335e133) x2  0x00000001
core   0: 0x8000129a (0x0000032d) c.addi  t1, 11
core   0: 3 0x8000129a (0x032d) x6  0x3600000b
core   0: 0x8000129c (0x00000001) c.nop
core   0: 3 0x8000129c (0x0001)
core   0: 0x8000129e (0x41480233) sub     tp, a6, s4
core   0: 3 0x8000129e (0x41480233) x4  0x00000a20
core   0: 0x800012a2 (0xeb6c0113) addi    sp, s8, -330
core   0: 3 0x800012a2 (0xeb6c0113) x2  0xfba3224d
core   0: 0x800012a6 (0xbcd94a17) auipc   s4, 0xbcd94
core   0: 3 0x800012a6 (0xbcd94a17) x20 0x3cd952a6
core   0: 0x800012aa (0x000085b5) c.srai  a1, 13
core   0: 3 0x800012aa (0x85b5) x11 0x00000000
core   0: 0x800012ac (0x000004e1) c.addi  s1, 24
core   0: 3 0x800012ac (0x04e1) x9  0x00000018
core   0: 0x800012ae (0x00008f15) c.sub   a4, a3
core   0: 3 0x800012ae (0x8f15) x14 0x89efb19c
core   0: 0x800012b0 (0x02b77163) bgeu    a4, a1, pc + 34
core   0: 3 0x800012b0 (0x02b77163)
core   0: 0x800012d2 (0x00008e71) c.and   a2, a2
core   0: 3 0x800012d2 (0x8e71) x12 0xffffffff
core   0: 0x800012d4 (0x000085e1) c.srai  a1, 24
core   0: 3 0x800012d4 (0x85e1) x11 0x00000000
core   0: 0x800012d6 (0x01b36733) or      a4, t1, s11
core   0: 3 0x800012d6 (0x01b36733) x14 0x3600000b
core   0: 0x800012da (0x00000001) c.nop
core   0: 3 0x800012da (0x0001)
core   0: 0x800012dc (0x00cfd393) srli    t2, t6, 12
core   0: 3 0x800012dc (0x00cfd393) x7  0x00080029
core   0: 0x800012e0 (0x00008712) c.mv    a4, tp
core   0: 3 0x800012e0 (0x8712) x14 0x00000a20
core   0: 0x800012e2 (0x00008ff1) c.and   a5, a2
core   0: 3 0x800012e2 (0x8ff1) x15 0x000061f3
core   0: 0x800012e4 (0x000098fd) c.andi  s1, -1
core   0: 3 0x800012e4 (0x98fd) x9  0x00000018
core   0: 0x800012e6 (0x000049b5) c.li    s3, 13
core   0: 3 0x800012e6 (0x49b5) x19 0x0000000d
core   0: 0x800012e8 (0x00008af2) c.mv    s5, t3
core   0: 3 0x800012e8 (0x8af2) x21 0x00000000
core   0: 0x800012ea (0x6bf43d13) sltiu   s10, s0, 1727
core   0: 3 0x800012ea (0x6bf43d13) x26 0x00000000
core   0: 0x800012ee (0x01ef22b3) slt     t0, t5, t5
core   0: 3 0x800012ee (0x01ef22b3) x5  0x00000000
core   0: 0x800012f2 (0x01e5fbb3) and     s7, a1, t5
core   0: 3 0x800012f2 (0x01e5fbb3) x23 0x00000000
core   0: 0x800012f6 (0x000000f5) c.addi  ra, 29
core   0: 3 0x800012f6 (0x00f5) x1  0x0000001d
core   0: 0x800012f8 (0x005b4733) xor     a4, s6, t0
core   0: 3 0x800012f8 (0x005b4733) x14 0x00000000
core   0: 0x800012fc (0x02b78ab3) mul     s5, a5, a1
core   0: 3 0x800012fc (0x02b78ab3) x21 0x00000000
core   0: 0x80001300 (0x04aa1163) bne     s4, a0, pc + 66
core   0: 3 0x80001300 (0x04aa1163)
core   0: 0x80001342 (0x13204d13) xori    s10, zero, 306
core   0: 3 0x80001342 (0x13204d13) x26 0x00000132
core   0: 0x80001346 (0x00000336) c.slli  t1, 13
core   0: 3 0x80001346 (0x0336) x6  0x00016000
core   0: 0x80001348 (0x00182333) slt     t1, a6, ra
core   0: 3 0x80001348 (0x00182333) x6  0x00000000
core   0: 0x8000134c (0x9dd76613) ori     a2, a4, -1571
core   0: 3 0x8000134c (0x9dd76613) x12 0xfffff9dd
core   0: 0x80001350 (0x00001798) c.addi4spn a4, sp, 992
core   0: 3 0x80001350 (0x1798) x14 0xfba3262d
core   0: 0x80001352 (0x00008dd9) c.or    a1, a4
core   0: 3 0x80001352 (0x8dd9) x11 0xfba3262d
core   0: 0x80001354 (0x00000efd) c.addi  t4, 31
core   0: 3 0x80001354 (0x0efd) x29 0xfffffa0f
core   0: 0x80001356 (0x00043033) sltu    zero, s0, zero
core   0: 3 0x80001356 (0x00043033)
core   0: 0x8000135a (0x03a57863) bgeu    a0, s10, pc + 48
core   0: 3 0x8000135a (0x03a57863)
core   0: 0x8000138a (0xcabe6e13) ori     t3, t3, -853
core   0: 3 0x8000138a (0xcabe6e13) x28 0xfffffcab
core   0: 0x8000138e (0x021730b3) mulhu   ra, a4, ra
core   0: 3 0x8000138e (0x021730b3) x1  0x0000001c
core   0: 0x80001392 (0x409101b3) sub     gp, sp, s1
core   0: 3 0x80001392 (0x409101b3) x3  0xfba32235
core   0: 0x80001396 (0x01d75c63) bge     a4, t4, pc + 24
core   0: 3 0x80001396 (0x01d75c63)
core   0: 0x8000139a (0x01229493) slli    s1, t0, 18
core   0: 3 0x8000139a (0x01229493) x9  0x00000000
core   0: 0x8000139e (0x01831833) sll     a6, t1, s8
core   0: 3 0x8000139e (0x01831833) x16 0x00000000
core   0: 0x800013a2 (0x01529663) bne     t0, s5, pc + 12
core   0: 3 0x800013a2 (0x01529663)
core   0: 0x800013a6 (0x00000d51) c.addi  s10, 20
core   0: 3 0x800013a6 (0x0d51) x26 0x00000146
core   0: 0x800013a8 (0x00009b4e) c.add   s6, s3
core   0: 3 0x800013a8 (0x9b4e) x22 0x0000000d
core   0: 0x800013aa (0x0000956a) c.add   a0, s10
core   0: 3 0x800013aa (0x956a) x10 0xfffffa1d
core   0: 0x800013ac (0x00008e5d) c.or    a2, a5
core   0: 3 0x800013ac (0x8e5d) x12 0xfffff9ff
core   0: 0x800013ae (0x4462f713) andi    a4, t0, 1094
core   0: 3 0x800013ae (0x4462f713) x14 0x00000000
core   0: 0x800013b2 (0x019ade33) srl     t3, s5, s9
core   0: 3 0x800013b2 (0x019ade33) x28 0x00000000
core   0: 0x800013b6 (0x00b78b33) add     s6, a5, a1
core   0: 3 0x800013b6 (0x00b78b33) x22 0xfba38820
core   0: 0x800013ba (0x41375d13) srai    s10, a4, 19
core   0: 3 0x800013ba (0x41375d13) x26 0x00000000
core   0: 0x800013be (0xcf86f293) andi    t0, a3, -776
core   0: 3 0x800013be (0xcf86f293) x5  0x80025c60
core   0: 0x800013c2 (0x00bac733) xor     a4, s5, a1
core   0: 3 0x800013c2 (0x00bac733) x14 0xfba3262d
core   0: 0x800013c6 (0x00000ffd) c.addi  t6, 31
core   0: 3 0x800013c6 (0x0ffd) x31 0x80029e1d
core   0: 0x800013c8 (0x0149c533) xor     a0, s3, s4
core   0: 3 0x800013c8 (0x0149c533) x10 0x3cd952ab
core   0: 0x800013cc (0x00d8f833) and     a6, a7, a3
core   0: 3 0x800013cc (0x00d8f833) x16 0x00000000
core   0: 0x800013d0 (0x29575b37) lui     s6, 0x29575
core   0: 3 0x800013d0 (0x29575b37) x22 0x29575000
core   0: 0x800013d4 (0x00865e63) bge     a2, s0, pc + 28
core   0: 3 0x800013d4 (0x00865e63)
core   0: 0x800013f0 (0x408d0bb3) sub     s7, s10, s0
core   0: 3 0x800013f0 (0x408d0bb3) x23 0x7ffd631c
core   0: 0x800013f4 (0x0a5e0113) addi    sp, t3, 165
core   0: 3 0x800013f4 (0x0a5e0113) x2  0x000000a5
core   0: 0x800013f8 (0x00008f29) c.xor   a4, a0
core   0: 3 0x800013f8 (0x8f29) x14 0xc77a7486
core   0: 0x800013fa (0x0129d913) srli    s2, s3, 18
core   0: 3 0x800013fa (0x0129d913) x18 0x00000000
core   0: 0x800013fe (0x00008d85) c.sub   a1, s1
core   0: 3 0x800013fe (0x8d85) x11 0xfba3262d
core   0: 0x80001400 (0x0000c585) c.beqz  a1, pc + 40
core   0: 3 0x80001400 (0xc585)
core   0: 0x80001402 (0x29afe913) ori     s2, t6, 666
core   0: 3 0x80001402 (0x29afe913) x18 0x80029e9f
core   0: 0x80001406 (0x919f3113) sltiu   sp, t5, -1767
core   0: 3 0x80001406 (0x919f3113) x2  0x00000001
core   0: 0x8000140a (0x028f1b63) bne     t5, s0, pc + 54
core   0: 3 0x8000140a (0x028f1b63)
core   0: 0x80001440 (0x00008665) c.srai  a2, 25
core   0: 3 0x80001440 (0x8665) x12 0xffffffff
core   0: 0x80001442 (0x0221c1b3) div     gp, gp, sp
core   0: 3 0x80001442 (0x0221c1b3) x3  0xfba32235
core   0: 0x80001446 (0x89ad8e13) addi    t3, s11, -1894
core   0: 3 0x80001446 (0x89ad8e13) x28 0xfffff89a
core   0: 0x8000144a (0x01a95013) srli    zero, s2, 26
core   0: 3 0x8000144a (0x01a95013)
core   0: 0x8000144e (0x027fa8b3) mulhsu  a7, t6, t2
core   0: 3 0x8000144e (0x027fa8b3) x17 0xfffc0000
core   0: 0x80001452 (0x015b5fb7) lui     t6, 0x15b5
core   0: 3 0x80001452 (0x015b5fb7) x31 0x015b5000
core   0: 0x80001456 (0x0201c5b3) div     a1, gp, zero
core   0: 3 0x80001456 (0x0201c5b3) x11 0xffffffff
core   0: 0x8000145a (0x020682b3) mul     t0, a3, zero
core   0: 3 0x8000145a (0x020682b3) x5  0x00000000
core   0: 0x8000145e (0x00000596) c.slli  a1, 5
core   0: 3 0x8000145e (0x0596) x11 0xffffffe0
core   0: 0x80001460 (0x00008395) c.srli  a5, 5
core   0: 3 0x80001460 (0x8395) x15 0x0000030f
core   0: 0x80001462 (0x000083a5) c.srli  a5, 9
core   0: 3 0x80001462 (0x83a5) x15 0x00000001
core   0: 0x80001464 (0x012e1d63) bne     t3, s2, pc + 26
core   0: 3 0x80001464 (0x012e1d63)
core   0: 0x8000147e (0x22c42513) slti    a0, s0, 556
core   0: 3 0x8000147e (0x22c42513) x10 0x00000001
core   0: 0x80001482 (0x00008d31) c.xor   a0, a2
core   0: 3 0x80001482 (0x8d31) x10 0xfffffffe
core   0: 0x80001484 (0x02ee9e33) mulh    t3, t4, a4
core   0: 3 0x80001484 (0x02ee9e33) x28 0x0000014f
core   0: 0x80001488 (0xa718f093) andi    ra, a7, -1423
core   0: 3 0x80001488 (0xa718f093) x1  0xfffc0000
core   0: 0x8000148c (0x0391b8b3) mulhu   a7, gp, s9
core   0: 3 0x8000148c (0x0391b8b3) x17 0x00000000
core   0: 0x80001490 (0x00004599) c.li    a1, 6
core   0: 3 0x80001490 (0x4599) x11 0x00000006
core   0: 0x80001492 (0x00004e15) c.li    t3, 5
core   0: 3 0x80001492 (0x4e15) x28 0x00000005
core   0: 0x80001494 (0x00008e1d) c.sub   a2, a5
core   0: 3 0x80001494 (0x8e1d) x12 0xfffffffe
core   0: 0x80001496 (0x000015f5) c.addi  a1, -3
core   0: 3 0x80001496 (0x15f5) x11 0x00000003
core   0: 0x80001498 (0x41d05813) srai    a6, zero, 29
core   0: 3 0x80001498 (0x41d05813) x16 0x00000000
core   0: 0x8000149c (0x03926d33) rem     s10, tp, s9
core   0: 3 0x8000149c (0x03926d33) x26 0x00000a20
core   0: 0x800014a0 (0xffc5fae3) bgeu    a1, t3, pc - 12
core   0: 3 0x800014a0 (0xffc5fae3)
core   0: 0x800014a4 (0xa475ce93) xori    t4, a1, -1465
core   0: 3 0x800014a4 (0xa475ce93) x29 0xfffffa44
core   0: 0x800014a8 (0x00beaab3) slt     s5, t4, a1
core   0: 3 0x800014a8 (0x00beaab3) x21 0x00000001
core   0: 0x800014ac (0xe634a913) slti    s2, s1, -413
core   0: 3 0x800014ac (0xe634a913) x18 0x00000000
core   0: 0x800014b0 (0x01a5a033) slt     zero, a1, s10
core   0: 3 0x800014b0 (0x01a5a033)
core   0: 0x800014b4 (0x00000001) c.nop
core   0: 3 0x800014b4 (0x0001)
core   0: 0x800014b6 (0x03139363) bne     t2, a7, pc + 38
core   0: 3 0x800014b6 (0x03139363)
core   0: 0x800014dc (0xcdbcc213) xori    tp, s9, -805
core   0: 3 0x800014dc (0xcdbcc213) x4  0xfffffcdb
core   0: 0x800014e0 (0x00008d21) c.xor   a0, s0
core   0: 3 0x800014e0 (0x8d21) x10 0x7ffd631a
core   0: 0x800014e2 (0x00008fbd) c.xor   a5, a5
core   0: 3 0x800014e2 (0x8fbd) x15 0x00000000
core   0: 0x800014e4 (0x01799c63) bne     s3, s7, pc + 24
core   0: 3 0x800014e4 (0x01799c63)
core   0: 0x800014fc (0x00008145) c.srli  a0, 17
core   0: 3 0x800014fc (0x8145) x10 0x00003ffe
core   0: 0x800014fe (0x00000001) c.nop
core   0: 3 0x800014fe (0x0001)
core   0: 0x80001500 (0x036f1d63) bne     t5, s6, pc + 58
core   0: 3 0x80001500 (0x036f1d63)
core   0: 0x8000153a (0x00008fad) c.xor   a5, a1
core   0: 3 0x8000153a (0x8fad) x15 0x00000003
core   0: 0x8000153c (0x00cca033) slt     zero, s9, a2
core   0: 3 0x8000153c (0x00cca033)
core   0: 0x80001540 (0x0128e033) or      zero, a7, s2
core   0: 3 0x80001540 (0x0128e033)
core   0: 0x80001544 (0x4ca2b7b7) lui     a5, 0x4ca2b
core   0: 3 0x80001544 (0x4ca2b7b7) x15 0x4ca2b000
core   0: 0x80001548 (0x00604263) blt     zero, t1, pc + 4
core   0: 3 0x80001548 (0x00604263)
core   0: 0x8000154c (0x0000ca05) c.beqz  a2, pc + 48
core   0: 3 0x8000154c (0xca05)
core   0: 0x8000154e (0x03655333) divu    t1, a0, s6
core   0: 3 0x8000154e (0x03655333) x6  0x00000000
core   0: 0x80001552 (0x00008e3d) c.xor   a2, a5
core   0: 3 0x80001552 (0x8e3d) x12 0xb35d4ffe
core   0: 0x80001554 (0x00008fb9) c.xor   a5, a4
core   0: 3 0x80001554 (0x8fb9) x15 0x8bd8c486
core   0: 0x80001556 (0x03efd4b3) divu    s1, t6, t5
core   0: 3 0x80001556 (0x03efd4b3) x9  0x015b5000
core   0: 0x8000155a (0x00000711) c.addi  a4, 4
core   0: 3 0x8000155a (0x0711) x14 0xc77a748a
core   0: 0x8000155c (0x00c40263) beq     s0, a2, pc + 4
core   0: 3 0x8000155c (0x00c40263)
core   0: 0x80001560 (0x01d914b3) sll     s1, s2, t4
core   0: 3 0x80001560 (0x01d914b3) x9  0x00000000
core   0: 0x80001564 (0x0000084a) c.slli  a6, 18
core   0: 3 0x80001564 (0x084a) x16 0x00000000
core   0: 0x80001566 (0x1c3b7993) andi    s3, s6, 451
core   0: 3 0x80001566 (0x1c3b7993) x19 0x00000000
core   0: 0x8000156a (0x029bfd63) bgeu    s7, s1, pc + 58
core   0: 3 0x8000156a (0x029bfd63)
core   0: 0x800015a4 (0x9bd20ab7) lui     s5, 0x9bd20
core   0: 3 0x800015a4 (0x9bd20ab7) x21 0x9bd20000
core   0: 0x800015a8 (0x0133e1b3) or      gp, t2, s3
core   0: 3 0x800015a8 (0x0133e1b3) x3  0x00080029
core   0: 0x800015ac (0x010377b3) and     a5, t1, a6
core   0: 3 0x800015ac (0x010377b3) x15 0x00000000
core   0: 0x800015b0 (0x01390033) add     zero, s2, s3
core   0: 3 0x800015b0 (0x01390033)
core   0: 0x800015b4 (0x03c64963) blt     a2, t3, pc + 50
core   0: 3 0x800015b4 (0x03c64963)
core   0: 0x800015e6 (0xa43a7393) andi    t2, s4, -1469
core   0: 3 0x800015e6 (0xa43a7393) x7  0x3cd95202
core   0: 0x800015ea (0x028fde63) bge     t6, s0, pc + 60
core   0: 3 0x800015ea (0x028fde63)
core   0: 0x80001626 (0x02160033) mul     zero, a2, ra
core   0: 3 0x80001626 (0x02160033)
core   0: 0x8000162a (0x000080f9) c.srli  s1, 30
core   0: 3 0x8000162a (0x80f9) x9  0x00000000
core   0: 0x8000162c (0x0161f233) and     tp, gp, s6
core   0: 3 0x8000162c (0x0161f233) x4  0x00000000
core   0: 0x80001630 (0x0000065d) c.addi  a2, 23
core   0: 3 0x80001630 (0x065d) x12 0xb35d5015
core   0: 0x80001632 (0xbf238c93) addi    s9, t2, -1038
core   0: 3 0x80001632 (0xbf238c93) x25 0x3cd94df4
core   0: 0x80001636 (0x00006f15) c.lui   t5, 0x5
core   0: 3 0x80001636 (0x6f15) x30 0x00005000
core   0: 0x80001638 (0x00131013) slli    zero, t1, 1
core   0: 3 0x80001638 (0x00131013)
core   0: 0x8000163c (0x0000883e) c.mv    a6, a5
core   0: 3 0x8000163c (0x883e) x16 0x00000000
core   0: 0x8000163e (0x00000310) c.addi4spn a2, sp, 384
core   0: 3 0x8000163e (0x0310) x12 0x00000181
core   0: 0x80001640 (0x008142b3) xor     t0, sp, s0
core   0: 3 0x80001640 (0x008142b3) x5  0x80029ce5
core   0: 0x80001644 (0x0000c499) c.beqz  s1, pc + 14
core   0: 3 0x80001644 (0xc499)
core   0: 0x80001652 (0x0000c30d) c.beqz  a4, pc + 34
core   0: 3 0x80001652 (0xc30d)
core   0: 0x80001654 (0x00009d66) c.add   s10, s9
core   0: 3 0x80001654 (0x9d66) x26 0x3cd95814
core   0: 0x80001656 (0x00fa8f63) beq     s5, a5, pc + 30
core   0: 3 0x80001656 (0x00fa8f63)
core   0: 0x8000165a (0x00ba6633) or      a2, s4, a1
core   0: 3 0x8000165a (0x00ba6633) x12 0x3cd952a7
core   0: 0x8000165e (0x02fe94b3) mulh    s1, t4, a5
core   0: 3 0x8000165e (0x02fe94b3) x9  0x00000000
core   0: 0x80001662 (0x00009826) c.add   a6, s1
core   0: 3 0x80001662 (0x9826) x16 0x00000000
core   0: 0x80001664 (0x0000e881) c.bnez  s1, pc + 16
core   0: 3 0x80001664 (0xe881)
core   0: 0x80001666 (0x00008fd5) c.or    a5, a3
core   0: 3 0x80001666 (0x8fd5) x15 0x80025e64
core   0: 0x80001668 (0x02d34b33) div     s6, t1, a3
core   0: 3 0x80001668 (0x02d34b33) x22 0x00000000
core   0: 0x8000166c (0x00618a33) add     s4, gp, t1
core   0: 3 0x8000166c (0x00618a33) x20 0x00080029
core   0: 0x80001670 (0x0187c8b3) xor     a7, a5, s8
core   0: 3 0x80001670 (0x0187c8b3) x17 0x7ba17df3
core   0: 0x80001674 (0x00000001) c.nop
core   0: 3 0x80001674 (0x0001)
core   0: 0x80001676 (0x00000c17) auipc   s8, 0x0
core   0: 3 0x80001676 (0x00000c17) x24 0x80001676
core   0: 0x8000167a (0x00cc0c13) addi    s8, s8, 12
core   0: 3 0x8000167a (0x00cc0c13) x24 0x80001682
core   0: 0x8000167e (0x000c0067) jr      s8
core   0: 3 0x8000167e (0x000c0067)
core   0: 0x80001682 (0x00004185) c.li    gp, 1
core   0: 3 0x80001682 (0x4185) x3  0x00000001
core   0: 0x80001684 (0x00000073) ecall
core   0: exception trap_machine_ecall, epc 0x80001684
core   0: >>>>  mtvec_handler
core   0: 0x8000b008 (0x00001471) c.addi  s0, -4
core   0: 3 0x8000b008 (0x1471) x8  0x80029ce0
core   0: 0x8000b00a (0x0000c014) c.sw    a3, 0(s0)
core   0: 3 0x8000b00a (0xc014) mem 0x80029ce0 0x80025e64
core   0: 0x8000b00c (0x000406b3) add     a3, s0, zero
core   0: 3 0x8000b00c (0x000406b3) x13 0x80029ce0
core   0: 0x8000b010 (0xf8068693) addi    a3, a3, -128
core   0: 3 0x8000b010 (0xf8068693) x13 0x80029c60
core   0: 0x8000b014 (0x0016a223) sw      ra, 4(a3)
core   0: 3 0x8000b014 (0x0016a223) mem 0x80029c64 0xfffc0000
core   0: 0x8000b018 (0x0026a423) sw      sp, 8(a3)
core   0: 3 0x8000b018 (0x0026a423) mem 0x80029c68 0x00000001
core   0: 0x8000b01c (0x0036a623) sw      gp, 12(a3)
core   0: 3 0x8000b01c (0x0036a623) mem 0x80029c6c 0x00000001
core   0: 0x8000b020 (0x0046a823) sw      tp, 16(a3)
core   0: 3 0x8000b020 (0x0046a823) mem 0x80029c70 0x00000000
core   0: 0x8000b024 (0x0056aa23) sw      t0, 20(a3)
core   0: 3 0x8000b024 (0x0056aa23) mem 0x80029c74 0x80029ce5
core   0: 0x8000b028 (0x0066ac23) sw      t1, 24(a3)
core   0: 3 0x8000b028 (0x0066ac23) mem 0x80029c78 0x00000000
core   0: 0x8000b02c (0x0076ae23) sw      t2, 28(a3)
core   0: 3 0x8000b02c (0x0076ae23) mem 0x80029c7c 0x3cd95202
core   0: 0x8000b030 (0x0000d280) c.sw    s0, 32(a3)
core   0: 3 0x8000b030 (0xd280) mem 0x80029c80 0x80029ce0
core   0: 0x8000b032 (0x0000d2c4) c.sw    s1, 36(a3)
core   0: 3 0x8000b032 (0xd2c4) mem 0x80029c84 0x00000000
core   0: 0x8000b034 (0x0000d688) c.sw    a0, 40(a3)
core   0: 3 0x8000b034 (0xd688) mem 0x80029c88 0x00003ffe
core   0: 0x8000b036 (0x0000d6cc) c.sw    a1, 44(a3)
core   0: 3 0x8000b036 (0xd6cc) mem 0x80029c8c 0x00000003
core   0: 0x8000b038 (0x0000da90) c.sw    a2, 48(a3)
core   0: 3 0x8000b038 (0xda90) mem 0x80029c90 0x3cd952a7
core   0: 0x8000b03a (0x0000dad4) c.sw    a3, 52(a3)
core   0: 3 0x8000b03a (0xdad4) mem 0x80029c94 0x80029c60
core   0: 0x8000b03c (0x0000de98) c.sw    a4, 56(a3)
core   0: 3 0x8000b03c (0xde98) mem 0x80029c98 0xc77a748a
core   0: 0x8000b03e (0x0000dedc) c.sw    a5, 60(a3)
core   0: 3 0x8000b03e (0xdedc) mem 0x80029c9c 0x80025e64
core   0: 0x8000b040 (0x0506a023) sw      a6, 64(a3)
core   0: 3 0x8000b040 (0x0506a023) mem 0x80029ca0 0x00000000
core   0: 0x8000b044 (0x0516a223) sw      a7, 68(a3)
core   0: 3 0x8000b044 (0x0516a223) mem 0x80029ca4 0x7ba17df3
core   0: 0x8000b048 (0x0526a423) sw      s2, 72(a3)
core   0: 3 0x8000b048 (0x0526a423) mem 0x80029ca8 0x00000000
core   0: 0x8000b04c (0x0536a623) sw      s3, 76(a3)
core   0: 3 0x8000b04c (0x0536a623) mem 0x80029cac 0x00000000
core   0: 0x8000b050 (0x0546a823) sw      s4, 80(a3)
core   0: 3 0x8000b050 (0x0546a823) mem 0x80029cb0 0x00080029
core   0: 0x8000b054 (0x0556aa23) sw      s5, 84(a3)
core   0: 3 0x8000b054 (0x0556aa23) mem 0x80029cb4 0x9bd20000
core   0: 0x8000b058 (0x0566ac23) sw      s6, 88(a3)
core   0: 3 0x8000b058 (0x0566ac23) mem 0x80029cb8 0x00000000
core   0: 0x8000b05c (0x0576ae23) sw      s7, 92(a3)
core   0: 3 0x8000b05c (0x0576ae23) mem 0x80029cbc 0x7ffd631c
core   0: 0x8000b060 (0x0786a023) sw      s8, 96(a3)
core   0: 3 0x8000b060 (0x0786a023) mem 0x80029cc0 0x80001682
core   0: 0x8000b064 (0x0796a223) sw      s9, 100(a3)
core   0: 3 0x8000b064 (0x0796a223) mem 0x80029cc4 0x3cd94df4
core   0: 0x8000b068 (0x07a6a423) sw      s10, 104(a3)
core   0: 3 0x8000b068 (0x07a6a423) mem 0x80029cc8 0x3cd95814
core   0: 0x8000b06c (0x07b6a623) sw      s11, 108(a3)
core   0: 3 0x8000b06c (0x07b6a623) mem 0x80029ccc 0x00000000
core   0: 0x8000b070 (0x07c6a823) sw      t3, 112(a3)
core   0: 3 0x8000b070 (0x07c6a823) mem 0x80029cd0 0x00000005
core   0: 0x8000b074 (0x07d6aa23) sw      t4, 116(a3)
core   0: 3 0x8000b074 (0x07d6aa23) mem 0x80029cd4 0xfffffa44
core   0: 0x8000b078 (0x07e6ac23) sw      t5, 120(a3)
core   0: 3 0x8000b078 (0x07e6ac23) mem 0x80029cd8 0x00005000
core   0: 0x8000b07c (0x07f6ae23) sw      t6, 124(a3)
core   0: 3 0x8000b07c (0x07f6ae23) mem 0x80029cdc 0x015b5000
core   0: 0x8000b080 (0x00068433) add     s0, a3, zero
core   0: 3 0x8000b080 (0x00068433) x8  0x80029c60
core   0: 0x8000b084 (0x30002973) csrr    s2, mstatus
core   0: 3 0x8000b084 (0x30002973) x18 0x00001800
core   0: 0x8000b088 (0x34202973) csrr    s2, mcause
core   0: 3 0x8000b088 (0x34202973) x18 0x0000000b
core   0: 0x8000b08c (0x01f95913) srli    s2, s2, 31
core   0: 3 0x8000b08c (0x01f95913) x18 0x00000000
core   0: 0x8000b090 (0x38091463) bnez    s2, pc + 904
core   0: 3 0x8000b090 (0x38091463)
core   0: 0x8000b094 (0x34102973) csrr    s2, mepc
core   0: 3 0x8000b094 (0x34102973) x18 0x80001684
core   0: 0x8000b098 (0x34202973) csrr    s2, mcause
core   0: 3 0x8000b098 (0x34202973) x18 0x0000000b
core   0: 0x8000b09c (0x0000498d) c.li    s3, 3
core   0: 3 0x8000b09c (0x498d) x19 0x00000003
core   0: 0x8000b09e (0x27390263) beq     s2, s3, pc + 612
core   0: 3 0x8000b09e (0x27390263)
core   0: 0x8000b0a2 (0x000049a1) c.li    s3, 8
core   0: 3 0x8000b0a2 (0x49a1) x19 0x00000008
core   0: 0x8000b0a4 (0x05390563) beq     s2, s3, pc + 74
core   0: 3 0x8000b0a4 (0x05390563)
core   0: 0x8000b0a8 (0x000049a5) c.li    s3, 9
core   0: 3 0x8000b0a8 (0x49a5) x19 0x00000009
core   0: 0x8000b0aa (0x05390263) beq     s2, s3, pc + 68
core   0: 3 0x8000b0aa (0x05390263)
core   0: 0x8000b0ae (0x000049ad) c.li    s3, 11
core   0: 3 0x8000b0ae (0x49ad) x19 0x0000000b
core   0: 0x8000b0b0 (0x03390f63) beq     s2, s3, pc + 62
core   0: 3 0x8000b0b0 (0x03390f63)
core   0: 0x8000b0ee (0xffff5917) auipc   s2, 0xffff5
core   0: 3 0x8000b0ee (0xffff5917) x18 0x800000ee
core   0: 0x8000b0f2 (0xf1290913) addi    s2, s2, -238
core   0: 3 0x8000b0f2 (0xf1290913) x18 0x80000000
core   0: 0x8000b0f6 (0x00092023) sw      zero, 0(s2)
core   0: 3 0x8000b0f6 (0x00092023) mem 0x80000000 0x00000000
core   0: 0x8000b0fa (0x00192223) sw      ra, 4(s2)
core   0: 3 0x8000b0fa (0x00192223) mem 0x80000004 0xfffc0000
core   0: 0x8000b0fe (0x00292423) sw      sp, 8(s2)
core   0: 3 0x8000b0fe (0x00292423) mem 0x80000008 0x00000001
core   0: 0x8000b102 (0x00392623) sw      gp, 12(s2)
core   0: 3 0x8000b102 (0x00392623) mem 0x8000000c 0x00000001
core   0: 0x8000b106 (0x00492823) sw      tp, 16(s2)
core   0: 3 0x8000b106 (0x00492823) mem 0x80000010 0x00000000
core   0: 0x8000b10a (0x00592a23) sw      t0, 20(s2)
core   0: 3 0x8000b10a (0x00592a23) mem 0x80000014 0x80029ce5
core   0: 0x8000b10e (0x00692c23) sw      t1, 24(s2)
core   0: 3 0x8000b10e (0x00692c23) mem 0x80000018 0x00000000
core   0: 0x8000b112 (0x00792e23) sw      t2, 28(s2)
core   0: 3 0x8000b112 (0x00792e23) mem 0x8000001c 0x3cd95202
core   0: 0x8000b116 (0x02892023) sw      s0, 32(s2)
core   0: 3 0x8000b116 (0x02892023) mem 0x80000020 0x80029c60
core   0: 0x8000b11a (0x02992223) sw      s1, 36(s2)
core   0: 3 0x8000b11a (0x02992223) mem 0x80000024 0x00000000
core   0: 0x8000b11e (0x02a92423) sw      a0, 40(s2)
core   0: 3 0x8000b11e (0x02a92423) mem 0x80000028 0x00003ffe
core   0: 0x8000b122 (0x02b92623) sw      a1, 44(s2)
core   0: 3 0x8000b122 (0x02b92623) mem 0x8000002c 0x00000003
core   0: 0x8000b126 (0x02c92823) sw      a2, 48(s2)
core   0: 3 0x8000b126 (0x02c92823) mem 0x80000030 0x3cd952a7
core   0: 0x8000b12a (0x02d92a23) sw      a3, 52(s2)
core   0: 3 0x8000b12a (0x02d92a23) mem 0x80000034 0x80029c60
core   0: 0x8000b12e (0x02e92c23) sw      a4, 56(s2)
core   0: 3 0x8000b12e (0x02e92c23) mem 0x80000038 0xc77a748a
core   0: 0x8000b132 (0x02f92e23) sw      a5, 60(s2)
core   0: 3 0x8000b132 (0x02f92e23) mem 0x8000003c 0x80025e64
core   0: 0x8000b136 (0x05092023) sw      a6, 64(s2)
core   0: 3 0x8000b136 (0x05092023) mem 0x80000040 0x00000000
core   0: 0x8000b13a (0x05192223) sw      a7, 68(s2)
core   0: 3 0x8000b13a (0x05192223) mem 0x80000044 0x7ba17df3
core   0: 0x8000b13e (0x05292423) sw      s2, 72(s2)
core   0: 3 0x8000b13e (0x05292423) mem 0x80000048 0x80000000
core   0: 0x8000b142 (0x05392623) sw      s3, 76(s2)
core   0: 3 0x8000b142 (0x05392623) mem 0x8000004c 0x0000000b
core   0: 0x8000b146 (0x05492823) sw      s4, 80(s2)
core   0: 3 0x8000b146 (0x05492823) mem 0x80000050 0x00080029
core   0: 0x8000b14a (0x05592a23) sw      s5, 84(s2)
core   0: 3 0x8000b14a (0x05592a23) mem 0x80000054 0x9bd20000
core   0: 0x8000b14e (0x05692c23) sw      s6, 88(s2)
core   0: 3 0x8000b14e (0x05692c23) mem 0x80000058 0x00000000
core   0: 0x8000b152 (0x05792e23) sw      s7, 92(s2)
core   0: 3 0x8000b152 (0x05792e23) mem 0x8000005c 0x7ffd631c
core   0: 0x8000b156 (0x07892023) sw      s8, 96(s2)
core   0: 3 0x8000b156 (0x07892023) mem 0x80000060 0x80001682
core   0: 0x8000b15a (0x07992223) sw      s9, 100(s2)
core   0: 3 0x8000b15a (0x07992223) mem 0x80000064 0x3cd94df4
core   0: 0x8000b15e (0x07a92423) sw      s10, 104(s2)
core   0: 3 0x8000b15e (0x07a92423) mem 0x80000068 0x3cd95814
core   0: 0x8000b162 (0x07b92623) sw      s11, 108(s2)
core   0: 3 0x8000b162 (0x07b92623) mem 0x8000006c 0x00000000
core   0: 0x8000b166 (0x07c92823) sw      t3, 112(s2)
core   0: 3 0x8000b166 (0x07c92823) mem 0x80000070 0x00000005
core   0: 0x8000b16a (0x07d92a23) sw      t4, 116(s2)
core   0: 3 0x8000b16a (0x07d92a23) mem 0x80000074 0xfffffa44
core   0: 0x8000b16e (0x07e92c23) sw      t5, 120(s2)
core   0: 3 0x8000b16e (0x07e92c23) mem 0x80000078 0x00005000
core   0: 0x8000b172 (0x07f92e23) sw      t6, 124(s2)
core   0: 3 0x8000b172 (0x07f92e23) mem 0x8000007c 0x015b5000
core   0: 0x8000b176 (0x00000c17) auipc   s8, 0x0
core   0: 3 0x8000b176 (0x00000c17) x24 0x8000b176
core   0: 0x8000b17a (0xe86c0c13) addi    s8, s8, -378
core   0: 3 0x8000b17a (0xe86c0c13) x24 0x8000affc
core   0: 0x8000b17e (0x000c0067) jr      s8
core   0: 3 0x8000b17e (0x000c0067)
core   0: 0x8000affc (0x00005f17) auipc   t5, 0x5
core   0: 3 0x8000affc (0x00005f17) x30 0x8000fffc
core   0: 0x8000b000 (0x003f2223) sw      gp, 4(t5)
core   0: 3 0x8000b000 (0x003f2223) mem 0x80010000 0x00000001
core   0: 0x8000b004 (0x0000bfe5) c.j     pc - 8
core   0: 3 0x8000b004 (0xbfe5)
core   0: 0x8000affc (0x00005f17) auipc   t5, 0x5
core   0: 3 0x8000affc (0x00005f17) x30 0x8000fffc
core   0: 0x8000b000 (0x003f2223) sw      gp, 4(t5)
core   0: 3 0x8000b000 (0x003f2223) mem 0x80010000 0x00000001
core   0: 0x8000b004 (0x0000bfe5) c.j     pc - 8
core   0: 3 0x8000b004 (0xbfe5)
core   0: 0x8000affc (0x00005f17) auipc   t5, 0x5
core   0: 3 0x8000affc (0x00005f17) x30 0x8000fffc
core   0: 0x8000b000 (0x003f2223) sw      gp, 4(t5)
core   0: 3 0x8000b000 (0x003f2223) mem 0x80010000 0x00000001
core   0: 0x8000b004 (0x0000bfe5) c.j     pc - 8
core   0: 3 0x8000b004 (0xbfe5)
core   0: 0x8000affc (0x00005f17) auipc   t5, 0x5
core   0: 3 0x8000affc (0x00005f17) x30 0x8000fffc
core   0: 0x8000b000 (0x003f2223) sw      gp, 4(t5)
core   0: 3 0x8000b000 (0x003f2223) mem 0x80010000 0x00000001
core   0: 0x8000b004 (0x0000bfe5) c.j     pc - 8
core   0: 3 0x8000b004 (0xbfe5)
core   0: 0x8000affc (0x00005f17) auipc   t5, 0x5
core   0: 3 0x8000affc (0x00005f17) x30 0x8000fffc
core   0: 0x8000b000 (0x003f2223) sw      gp, 4(t5)
core   0: 3 0x8000b000 (0x003f2223) mem 0x80010000 0x00000001
core   0: 0x8000b004 (0x0000bfe5) c.j     pc - 8
core   0: 3 0x8000b004 (0xbfe5)
core   0: 0x8000affc (0x00005f17) auipc   t5, 0x5
core   0: 3 0x8000affc (0x00005f17) x30 0x8000fffc
core   0: 0x8000b000 (0x003f2223) sw      gp, 4(t5)
core   0: 3 0x8000b000 (0x003f2223) mem 0x80010000 0x00000001
core   0: 0x8000b004 (0x0000bfe5) c.j     pc - 8
core   0: 3 0x8000b004 (0xbfe5)
core   0: 0x8000affc (0x00005f17) auipc   t5, 0x5
core   0: 3 0x8000affc (0x00005f17) x30 0x8000fffc
core   0: 0x8000b000 (0x003f2223) sw      gp, 4(t5)
core   0: 3 0x8000b000 (0x003f2223) mem 0x80010000 0x00000001
core   0: 0x8000b004 (0x0000bfe5) c.j     pc - 8
core   0: 3 0x8000b004 (0xbfe5)
core   0: 0x8000affc (0x00005f17) auipc   t5, 0x5
core   0: 3 0x8000affc (0x00005f17) x30 0x8000fffc
core   0: 0x8000b000 (0x003f2223) sw      gp, 4(t5)
core   0: 3 0x8000b000 (0x003f2223) mem 0x80010000 0x00000001
core   0: 0x8000b004 (0x0000bfe5) c.j     pc - 8
core   0: 3 0x8000b004 (0xbfe5)
core   0: 0x8000affc (0x00005f17) auipc   t5, 0x5
core   0: 3 0x8000affc (0x00005f17) x30 0x8000fffc
core   0: 0x8000b000 (0x003f2223) sw      gp, 4(t5)
core   0: 3 0x8000b000 (0x003f2223) mem 0x80010000 0x00000001
core   0: 0x8000b004 (0x0000bfe5) c.j     pc - 8
core   0: 3 0x8000b004 (0xbfe5)
core   0: 0x8000affc (0x00005f17) auipc   t5, 0x5
core   0: 3 0x8000affc (0x00005f17) x30 0x8000fffc
core   0: 0x8000b000 (0x003f2223) sw      gp, 4(t5)
core   0: 3 0x8000b000 (0x003f2223) mem 0x80010000 0x00000001
core   0: 0x8000b004 (0x0000bfe5) c.j     pc - 8
core   0: 3 0x8000b004 (0xbfe5)
core   0: 0x8000affc (0x00005f17) auipc   t5, 0x5
core   0: 3 0x8000affc (0x00005f17) x30 0x8000fffc
core   0: 0x8000b000 (0x003f2223) sw      gp, 4(t5)
core   0: 3 0x8000b000 (0x003f2223) mem 0x80010000 0x00000001
core   0: 0x8000b004 (0x0000bfe5) c.j     pc - 8
core   0: 3 0x8000b004 (0xbfe5)
core   0: 0x8000affc (0x00005f17) auipc   t5, 0x5
core   0: 3 0x8000affc (0x00005f17) x30 0x8000fffc
core   0: 0x8000b000 (0x003f2223) sw      gp, 4(t5)
core   0: 3 0x8000b000 (0x003f2223) mem 0x80010000 0x00000001
core   0: 0x8000b004 (0x0000bfe5) c.j     pc - 8
core   0: 3 0x8000b004 (0xbfe5)
core   0: 0x8000affc (0x00005f17) auipc   t5, 0x5
core   0: 3 0x8000affc (0x00005f17) x30 0x8000fffc
core   0: 0x8000b000 (0x003f2223) sw      gp, 4(t5)
core   0: 3 0x8000b000 (0x003f2223) mem 0x80010000 0x00000001
core   0: 0x8000b004 (0x0000bfe5) c.j     pc - 8
core   0: 3 0x8000b004 (0xbfe5)
core   0: 0x8000affc (0x00005f17) auipc   t5, 0x5
core   0: 3 0x8000affc (0x00005f17) x30 0x8000fffc
core   0: 0x8000b000 (0x003f2223) sw      gp, 4(t5)
core   0: 3 0x8000b000 (0x003f2223) mem 0x80010000 0x00000001
core   0: 0x8000b004 (0x0000bfe5) c.j     pc - 8
core   0: 3 0x8000b004 (0xbfe5)
core   0: 0x8000affc (0x00005f17) auipc   t5, 0x5
core   0: 3 0x8000affc (0x00005f17) x30 0x8000fffc
core   0: 0x8000b000 (0x003f2223) sw      gp, 4(t5)
core   0: 3 0x8000b000 (0x003f2223) mem 0x80010000 0x00000001
core   0: 0x8000b004 (0x0000bfe5) c.j     pc - 8
core   0: 3 0x8000b004 (0xbfe5)
core   0: 0x8000affc (0x00005f17) auipc   t5, 0x5
core   0: 3 0x8000affc (0x00005f17) x30 0x8000fffc
core   0: 0x8000b000 (0x003f2223) sw      gp, 4(t5)
core   0: 3 0x8000b000 (0x003f2223) mem 0x80010000 0x00000001
core   0: 0x8000b004 (0x0000bfe5) c.j     pc - 8
core   0: 3 0x8000b004 (0xbfe5)
core   0: 0x8000affc (0x00005f17) auipc   t5, 0x5
core   0: 3 0x8000affc (0x00005f17) x30 0x8000fffc
core   0: 0x8000b000 (0x003f2223) sw      gp, 4(t5)
core   0: 3 0x8000b000 (0x003f2223) mem 0x80010000 0x00000001
core   0: 0x8000b004 (0x0000bfe5) c.j     pc - 8
core   0: 3 0x8000b004 (0xbfe5)
core   0: 0x8000affc (0x00005f17) auipc   t5, 0x5
core   0: 3 0x8000affc (0x00005f17) x30 0x8000fffc
core   0: 0x8000b000 (0x003f2223) sw      gp, 4(t5)
core   0: 3 0x8000b000 (0x003f2223) mem 0x80010000 0x00000001
core   0: 0x8000b004 (0x0000bfe5) c.j     pc - 8
core   0: 3 0x8000b004 (0xbfe5)
core   0: 0x8000affc (0x00005f17) auipc   t5, 0x5
core   0: 3 0x8000affc (0x00005f17) x30 0x8000fffc
core   0: 0x8000b000 (0x003f2223) sw      gp, 4(t5)
core   0: 3 0x8000b000 (0x003f2223) mem 0x80010000 0x00000001
core   0: 0x8000b004 (0x0000bfe5) c.j     pc - 8
core   0: 3 0x8000b004 (0xbfe5)
core   0: 0x8000affc (0x00005f17) auipc   t5, 0x5
core   0: 3 0x8000affc (0x00005f17) x30 0x8000fffc
core   0: 0x8000b000 (0x003f2223) sw      gp, 4(t5)
core   0: 3 0x8000b000 (0x003f2223) mem 0x80010000 0x00000001
core   0: 0x8000b004 (0x0000bfe5) c.j     pc - 8
core   0: 3 0x8000b004 (0xbfe5)
core   0: 0x8000affc (0x00005f17) auipc   t5, 0x5
core   0: 3 0x8000affc (0x00005f17) x30 0x8000fffc
core   0: 0x8000b000 (0x003f2223) sw      gp, 4(t5)
core   0: 3 0x8000b000 (0x003f2223) mem 0x80010000 0x00000001
core   0: 0x8000b004 (0x0000bfe5) c.j     pc - 8
core   0: 3 0x8000b004 (0xbfe5)
core   0: 0x8000affc (0x00005f17) auipc   t5, 0x5
core   0: 3 0x8000affc (0x00005f17) x30 0x8000fffc
core   0: 0x8000b000 (0x003f2223) sw      gp, 4(t5)
core   0: 3 0x8000b000 (0x003f2223) mem 0x80010000 0x00000001
core   0: 0x8000b004 (0x0000bfe5) c.j     pc - 8
core   0: 3 0x8000b004 (0xbfe5)
core   0: 0x8000affc (0x00005f17) auipc   t5, 0x5
core   0: 3 0x8000affc (0x00005f17) x30 0x8000fffc
core   0: 0x8000b000 (0x003f2223) sw      gp, 4(t5)
core   0: 3 0x8000b000 (0x003f2223) mem 0x80010000 0x00000001
core   0: 0x8000b004 (0x0000bfe5) c.j     pc - 8
core   0: 3 0x8000b004 (0xbfe5)
core   0: 0x8000affc (0x00005f17) auipc   t5, 0x5
core   0: 3 0x8000affc (0x00005f17) x30 0x8000fffc
core   0: 0x8000b000 (0x003f2223) sw      gp, 4(t5)
core   0: 3 0x8000b000 (0x003f2223) mem 0x80010000 0x00000001
core   0: 0x8000b004 (0x0000bfe5) c.j     pc - 8
core   0: 3 0x8000b004 (0xbfe5)
core   0: 0x8000affc (0x00005f17) auipc   t5, 0x5
core   0: 3 0x8000affc (0x00005f17) x30 0x8000fffc
core   0: 0x8000b000 (0x003f2223) sw      gp, 4(t5)
core   0: 3 0x8000b000 (0x003f2223) mem 0x80010000 0x00000001
core   0: 0x8000b004 (0x0000bfe5) c.j     pc - 8
core   0: 3 0x8000b004 (0xbfe5)
core   0: 0x8000affc (0x00005f17) auipc   t5, 0x5
core   0: 3 0x8000affc (0x00005f17) x30 0x8000fffc
core   0: 0x8000b000 (0x003f2223) sw      gp, 4(t5)
core   0: 3 0x8000b000 (0x003f2223) mem 0x80010000 0x00000001
core   0: 0x8000b004 (0x0000bfe5) c.j     pc - 8
core   0: 3 0x8000b004 (0xbfe5)
core   0: 0x8000affc (0x00005f17) auipc   t5, 0x5
core   0: 3 0x8000affc (0x00005f17) x30 0x8000fffc
core   0: 0x8000b000 (0x003f2223) sw      gp, 4(t5)
core   0: 3 0x8000b000 (0x003f2223) mem 0x80010000 0x00000001
core   0: 0x8000b004 (0x0000bfe5) c.j     pc - 8
core   0: 3 0x8000b004 (0xbfe5)
core   0: 0x8000affc (0x00005f17) auipc   t5, 0x5
core   0: 3 0x8000affc (0x00005f17) x30 0x8000fffc
core   0: 0x8000b000 (0x003f2223) sw      gp, 4(t5)
core   0: 3 0x8000b000 (0x003f2223) mem 0x80010000 0x00000001
core   0: 0x8000b004 (0x0000bfe5) c.j     pc - 8
core   0: 3 0x8000b004 (0xbfe5)
core   0: 0x8000affc (0x00005f17) auipc   t5, 0x5
core   0: 3 0x8000affc (0x00005f17) x30 0x8000fffc
core   0: 0x8000b000 (0x003f2223) sw      gp, 4(t5)
core   0: 3 0x8000b000 (0x003f2223) mem 0x80010000 0x00000001
core   0: 0x8000b004 (0x0000bfe5) c.j     pc - 8
core   0: 3 0x8000b004 (0xbfe5)
core   0: 0x8000affc (0x00005f17) auipc   t5, 0x5
core   0: 3 0x8000affc (0x00005f17) x30 0x8000fffc
core   0: 0x8000b000 (0x003f2223) sw      gp, 4(t5)
core   0: 3 0x8000b000 (0x003f2223) mem 0x80010000 0x00000001
core   0: 0x8000b004 (0x0000bfe5) c.j     pc - 8
core   0: 3 0x8000b004 (0xbfe5)
core   0: 0x8000affc (0x00005f17) auipc   t5, 0x5
core   0: 3 0x8000affc (0x00005f17) x30 0x8000fffc
core   0: 0x8000b000 (0x003f2223) sw      gp, 4(t5)
core   0: 3 0x8000b000 (0x003f2223) mem 0x80010000 0x00000001
core   0: 0x8000b004 (0x0000bfe5) c.j     pc - 8
core   0: 3 0x8000b004 (0xbfe5)
core   0: 0x8000affc (0x00005f17) auipc   t5, 0x5
core   0: 3 0x8000affc (0x00005f17) x30 0x8000fffc
core   0: 0x8000b000 (0x003f2223) sw      gp, 4(t5)
core   0: 3 0x8000b000 (0x003f2223) mem 0x80010000 0x00000001
core   0: 0x8000b004 (0x0000bfe5) c.j     pc - 8
core   0: 3 0x8000b004 (0xbfe5)
core   0: 0x8000affc (0x00005f17) auipc   t5, 0x5
core   0: 3 0x8000affc (0x00005f17) x30 0x8000fffc
core   0: 0x8000b000 (0x003f2223) sw      gp, 4(t5)
core   0: 3 0x8000b000 (0x003f2223) mem 0x80010000 0x00000001
core   0: 0x8000b004 (0x0000bfe5) c.j     pc - 8
core   0: 3 0x8000b004 (0xbfe5)
core   0: 0x8000affc (0x00005f17) auipc   t5, 0x5
core   0: 3 0x8000affc (0x00005f17) x30 0x8000fffc
core   0: 0x8000b000 (0x003f2223) sw      gp, 4(t5)
core   0: 3 0x8000b000 (0x003f2223) mem 0x80010000 0x00000001
core   0: 0x8000b004 (0x0000bfe5) c.j     pc - 8
core   0: 3 0x8000b004 (0xbfe5)
core   0: 0x8000affc (0x00005f17) auipc   t5, 0x5
core   0: 3 0x8000affc (0x00005f17) x30 0x8000fffc
core   0: 0x8000b000 (0x003f2223) sw      gp, 4(t5)
core   0: 3 0x8000b000 (0x003f2223) mem 0x80010000 0x00000001
core   0: 0x8000b004 (0x0000bfe5) c.j     pc - 8
core   0: 3 0x8000b004 (0xbfe5)
core   0: 0x8000affc (0x00005f17) auipc   t5, 0x5
core   0: 3 0x8000affc (0x00005f17) x30 0x8000fffc
core   0: 0x8000b000 (0x003f2223) sw      gp, 4(t5)
core   0: 3 0x8000b000 (0x003f2223) mem 0x80010000 0x00000001
core   0: 0x8000b004 (0x0000bfe5) c.j     pc - 8
core   0: 3 0x8000b004 (0xbfe5)
core   0: 0x8000affc (0x00005f17) auipc   t5, 0x5
core   0: 3 0x8000affc (0x00005f17) x30 0x8000fffc
core   0: 0x8000b000 (0x003f2223) sw      gp, 4(t5)
core   0: 3 0x8000b000 (0x003f2223) mem 0x80010000 0x00000001
core   0: 0x8000b004 (0x0000bfe5) c.j     pc - 8
core   0: 3 0x8000b004 (0xbfe5)
core   0: 0x8000affc (0x00005f17) auipc   t5, 0x5
core   0: 3 0x8000affc (0x00005f17) x30 0x8000fffc
core   0: 0x8000b000 (0x003f2223) sw      gp, 4(t5)
core   0: 3 0x8000b000 (0x003f2223) mem 0x80010000 0x00000001
core   0: 0x8000b004 (0x0000bfe5) c.j     pc - 8
core   0: 3 0x8000b004 (0xbfe5)
core   0: 0x8000affc (0x00005f17) auipc   t5, 0x5
core   0: 3 0x8000affc (0x00005f17) x30 0x8000fffc
core   0: 0x8000b000 (0x003f2223) sw      gp, 4(t5)
core   0: 3 0x8000b000 (0x003f2223) mem 0x80010000 0x00000001
core   0: 0x8000b004 (0x0000bfe5) c.j     pc - 8
core   0: 3 0x8000b004 (0xbfe5)
core   0: 0x8000affc (0x00005f17) auipc   t5, 0x5
core   0: 3 0x8000affc (0x00005f17) x30 0x8000fffc
core   0: 0x8000b000 (0x003f2223) sw      gp, 4(t5)
core   0: 3 0x8000b000 (0x003f2223) mem 0x80010000 0x00000001
core   0: 0x8000b004 (0x0000bfe5) c.j     pc - 8
core   0: 3 0x8000b004 (0xbfe5)
core   0: 0x8000affc (0x00005f17) auipc   t5, 0x5
core   0: 3 0x8000affc (0x00005f17) x30 0x8000fffc
core   0: 0x8000b000 (0x003f2223) sw      gp, 4(t5)
core   0: 3 0x8000b000 (0x003f2223) mem 0x80010000 0x00000001
core   0: 0x8000b004 (0x0000bfe5) c.j     pc - 8
core   0: 3 0x8000b004 (0xbfe5)
core   0: 0x8000affc (0x00005f17) auipc   t5, 0x5
core   0: 3 0x8000affc (0x00005f17) x30 0x8000fffc
core   0: 0x8000b000 (0x003f2223) sw      gp, 4(t5)
core   0: 3 0x8000b000 (0x003f2223) mem 0x80010000 0x00000001
core   0: 0x8000b004 (0x0000bfe5) c.j     pc - 8
core   0: 3 0x8000b004 (0xbfe5)
core   0: 0x8000affc (0x00005f17) auipc   t5, 0x5
core   0: 3 0x8000affc (0x00005f17) x30 0x8000fffc
core   0: 0x8000b000 (0x003f2223) sw      gp, 4(t5)
core   0: 3 0x8000b000 (0x003f2223) mem 0x80010000 0x00000001
core   0: 0x8000b004 (0x0000bfe5) c.j     pc - 8
core   0: 3 0x8000b004 (0xbfe5)
core   0: 0x8000affc (0x00005f17) auipc   t5, 0x5
core   0: 3 0x8000affc (0x00005f17) x30 0x8000fffc
core   0: 0x8000b000 (0x003f2223) sw      gp, 4(t5)
core   0: 3 0x8000b000 (0x003f2223) mem 0x80010000 0x00000001
core   0: 0x8000b004 (0x0000bfe5) c.j     pc - 8
core   0: 3 0x8000b004 (0xbfe5)
core   0: 0x8000affc (0x00005f17) auipc   t5, 0x5
core   0: 3 0x8000affc (0x00005f17) x30 0x8000fffc
core   0: 0x8000b000 (0x003f2223) sw      gp, 4(t5)
core   0: 3 0x8000b000 (0x003f2223) mem 0x80010000 0x00000001
core   0: 0x8000b004 (0x0000bfe5) c.j     pc - 8
core   0: 3 0x8000b004 (0xbfe5)
core   0: 0x8000affc (0x00005f17) auipc   t5, 0x5
core   0: 3 0x8000affc (0x00005f17) x30 0x8000fffc
core   0: 0x8000b000 (0x003f2223) sw      gp, 4(t5)
core   0: 3 0x8000b000 (0x003f2223) mem 0x80010000 0x00000001
core   0: 0x8000b004 (0x0000bfe5) c.j     pc - 8
core   0: 3 0x8000b004 (0xbfe5)
core   0: 0x8000affc (0x00005f17) auipc   t5, 0x5
core   0: 3 0x8000affc (0x00005f17) x30 0x8000fffc
core   0: 0x8000b000 (0x003f2223) sw      gp, 4(t5)
core   0: 3 0x8000b000 (0x003f2223) mem 0x80010000 0x00000001
core   0: 0x8000b004 (0x0000bfe5) c.j     pc - 8
core   0: 3 0x8000b004 (0xbfe5)
core   0: 0x8000affc (0x00005f17) auipc   t5, 0x5
core   0: 3 0x8000affc (0x00005f17) x30 0x8000fffc
core   0: 0x8000b000 (0x003f2223) sw      gp, 4(t5)
core   0: 3 0x8000b000 (0x003f2223) mem 0x80010000 0x00000001
core   0: 0x8000b004 (0x0000bfe5) c.j     pc - 8
core   0: 3 0x8000b004 (0xbfe5)
core   0: 0x8000affc (0x00005f17) auipc   t5, 0x5
core   0: 3 0x8000affc (0x00005f17) x30 0x8000fffc
core   0: 0x8000b000 (0x003f2223) sw      gp, 4(t5)
core   0: 3 0x8000b000 (0x003f2223) mem 0x80010000 0x00000001
core   0: 0x8000b004 (0x0000bfe5) c.j     pc - 8
core   0: 3 0x8000b004 (0xbfe5)
core   0: 0x8000affc (0x00005f17) auipc   t5, 0x5
core   0: 3 0x8000affc (0x00005f17) x30 0x8000fffc
core   0: 0x8000b000 (0x003f2223) sw      gp, 4(t5)
core   0: 3 0x8000b000 (0x003f2223) mem 0x80010000 0x00000001
core   0: 0x8000b004 (0x0000bfe5) c.j     pc - 8
core   0: 3 0x8000b004 (0xbfe5)
core   0: 0x8000affc (0x00005f17) auipc   t5, 0x5
core   0: 3 0x8000affc (0x00005f17) x30 0x8000fffc
core   0: 0x8000b000 (0x003f2223) sw      gp, 4(t5)
core   0: 3 0x8000b000 (0x003f2223) mem 0x80010000 0x00000001
core   0: 0x8000b004 (0x0000bfe5) c.j     pc - 8
core   0: 3 0x8000b004 (0xbfe5)
core   0: 0x8000affc (0x00005f17) auipc   t5, 0x5
core   0: 3 0x8000affc (0x00005f17) x30 0x8000fffc
core   0: 0x8000b000 (0x003f2223) sw      gp, 4(t5)
core   0: 3 0x8000b000 (0x003f2223) mem 0x80010000 0x00000001
core   0: 0x8000b004 (0x0000bfe5) c.j     pc - 8
core   0: 3 0x8000b004 (0xbfe5)
core   0: 0x8000affc (0x00005f17) auipc   t5, 0x5
core   0: 3 0x8000affc (0x00005f17) x30 0x8000fffc
core   0: 0x8000b000 (0x003f2223) sw      gp, 4(t5)
core   0: 3 0x8000b000 (0x003f2223) mem 0x80010000 0x00000001
core   0: 0x8000b004 (0x0000bfe5) c.j     pc - 8
core   0: 3 0x8000b004 (0xbfe5)
core   0: 0x8000affc (0x00005f17) auipc   t5, 0x5
core   0: 3 0x8000affc (0x00005f17) x30 0x8000fffc
core   0: 0x8000b000 (0x003f2223) sw      gp, 4(t5)
core   0: 3 0x8000b000 (0x003f2223) mem 0x80010000 0x00000001
core   0: 0x8000b004 (0x0000bfe5) c.j     pc - 8
core   0: 3 0x8000b004 (0xbfe5)
core   0: 0x8000affc (0x00005f17) auipc   t5, 0x5
core   0: 3 0x8000affc (0x00005f17) x30 0x8000fffc
core   0: 0x8000b000 (0x003f2223) sw      gp, 4(t5)
core   0: 3 0x8000b000 (0x003f2223) mem 0x80010000 0x00000001
core   0: 0x8000b004 (0x0000bfe5) c.j     pc - 8
core   0: 3 0x8000b004 (0xbfe5)
core   0: 0x8000affc (0x00005f17) auipc   t5, 0x5
core   0: 3 0x8000affc (0x00005f17) x30 0x8000fffc
core   0: 0x8000b000 (0x003f2223) sw      gp, 4(t5)
core   0: 3 0x8000b000 (0x003f2223) mem 0x80010000 0x00000001
core   0: 0x8000b004 (0x0000bfe5) c.j     pc - 8
core   0: 3 0x8000b004 (0xbfe5)
core   0: 0x8000affc (0x00005f17) auipc   t5, 0x5
core   0: 3 0x8000affc (0x00005f17) x30 0x8000fffc
core   0: 0x8000b000 (0x003f2223) sw      gp, 4(t5)
core   0: 3 0x8000b000 (0x003f2223) mem 0x80010000 0x00000001
core   0: 0x8000b004 (0x0000bfe5) c.j     pc - 8
core   0: 3 0x8000b004 (0xbfe5)
core   0: 0x8000affc (0x00005f17) auipc   t5, 0x5
core   0: 3 0x8000affc (0x00005f17) x30 0x8000fffc
core   0: 0x8000b000 (0x003f2223) sw      gp, 4(t5)
core   0: 3 0x8000b000 (0x003f2223) mem 0x80010000 0x00000001
core   0: 0x8000b004 (0x0000bfe5) c.j     pc - 8
core   0: 3 0x8000b004 (0xbfe5)
core   0: 0x8000affc (0x00005f17) auipc   t5, 0x5
core   0: 3 0x8000affc (0x00005f17) x30 0x8000fffc
core   0: 0x8000b000 (0x003f2223) sw      gp, 4(t5)
core   0: 3 0x8000b000 (0x003f2223) mem 0x80010000 0x00000001
core   0: 0x8000b004 (0x0000bfe5) c.j     pc - 8
core   0: 3 0x8000b004 (0xbfe5)
core   0: 0x8000affc (0x00005f17) auipc   t5, 0x5
core   0: 3 0x8000affc (0x00005f17) x30 0x8000fffc
core   0: 0x8000b000 (0x003f2223) sw      gp, 4(t5)
core   0: 3 0x8000b000 (0x003f2223) mem 0x80010000 0x00000001
core   0: 0x8000b004 (0x0000bfe5) c.j     pc - 8
core   0: 3 0x8000b004 (0xbfe5)
core   0: 0x8000affc (0x00005f17) auipc   t5, 0x5
core   0: 3 0x8000affc (0x00005f17) x30 0x8000fffc
core   0: 0x8000b000 (0x003f2223) sw      gp, 4(t5)
core   0: 3 0x8000b000 (0x003f2223) mem 0x80010000 0x00000001
core   0: 0x8000b004 (0x0000bfe5) c.j     pc - 8
core   0: 3 0x8000b004 (0xbfe5)
core   0: 0x8000affc (0x00005f17) auipc   t5, 0x5
core   0: 3 0x8000affc (0x00005f17) x30 0x8000fffc
core   0: 0x8000b000 (0x003f2223) sw      gp, 4(t5)
core   0: 3 0x8000b000 (0x003f2223) mem 0x80010000 0x00000001
core   0: 0x8000b004 (0x0000bfe5) c.j     pc - 8
core   0: 3 0x8000b004 (0xbfe5)
core   0: 0x8000affc (0x00005f17) auipc   t5, 0x5
core   0: 3 0x8000affc (0x00005f17) x30 0x8000fffc
core   0: 0x8000b000 (0x003f2223) sw      gp, 4(t5)
core   0: 3 0x8000b000 (0x003f2223) mem 0x80010000 0x00000001
core   0: 0x8000b004 (0x0000bfe5) c.j     pc - 8
core   0: 3 0x8000b004 (0xbfe5)
core   0: 0x8000affc (0x00005f17) auipc   t5, 0x5
core   0: 3 0x8000affc (0x00005f17) x30 0x8000fffc
core   0: 0x8000b000 (0x003f2223) sw      gp, 4(t5)
core   0: 3 0x8000b000 (0x003f2223) mem 0x80010000 0x00000001
core   0: 0x8000b004 (0x0000bfe5) c.j     pc - 8
core   0: 3 0x8000b004 (0xbfe5)
core   0: 0x8000affc (0x00005f17) auipc   t5, 0x5
core   0: 3 0x8000affc (0x00005f17) x30 0x8000fffc
core   0: 0x8000b000 (0x003f2223) sw      gp, 4(t5)
core   0: 3 0x8000b000 (0x003f2223) mem 0x80010000 0x00000001
core   0: 0x8000b004 (0x0000bfe5) c.j     pc - 8
core   0: 3 0x8000b004 (0xbfe5)
core   0: 0x8000affc (0x00005f17) auipc   t5, 0x5
core   0: 3 0x8000affc (0x00005f17) x30 0x8000fffc
core   0: 0x8000b000 (0x003f2223) sw      gp, 4(t5)
core   0: 3 0x8000b000 (0x003f2223) mem 0x80010000 0x00000001
core   0: 0x8000b004 (0x0000bfe5) c.j     pc - 8
core   0: 3 0x8000b004 (0xbfe5)
core   0: 0x8000affc (0x00005f17) auipc   t5, 0x5
core   0: 3 0x8000affc (0x00005f17) x30 0x8000fffc
core   0: 0x8000b000 (0x003f2223) sw      gp, 4(t5)
core   0: 3 0x8000b000 (0x003f2223) mem 0x80010000 0x00000001
core   0: 0x8000b004 (0x0000bfe5) c.j     pc - 8
core   0: 3 0x8000b004 (0xbfe5)
core   0: 0x8000affc (0x00005f17) auipc   t5, 0x5
core   0: 3 0x8000affc (0x00005f17) x30 0x8000fffc
core   0: 0x8000b000 (0x003f2223) sw      gp, 4(t5)
core   0: 3 0x8000b000 (0x003f2223) mem 0x80010000 0x00000001
core   0: 0x8000b004 (0x0000bfe5) c.j     pc - 8
core   0: 3 0x8000b004 (0xbfe5)
core   0: 0x8000affc (0x00005f17) auipc   t5, 0x5
core   0: 3 0x8000affc (0x00005f17) x30 0x8000fffc
core   0: 0x8000b000 (0x003f2223) sw      gp, 4(t5)
core   0: 3 0x8000b000 (0x003f2223) mem 0x80010000 0x00000001
core   0: 0x8000b004 (0x0000bfe5) c.j     pc - 8
core   0: 3 0x8000b004 (0xbfe5)
core   0: 0x8000affc (0x00005f17) auipc   t5, 0x5
core   0: 3 0x8000affc (0x00005f17) x30 0x8000fffc
core   0: 0x8000b000 (0x003f2223) sw      gp, 4(t5)
core   0: 3 0x8000b000 (0x003f2223) mem 0x80010000 0x00000001
core   0: 0x8000b004 (0x0000bfe5) c.j     pc - 8
core   0: 3 0x8000b004 (0xbfe5)
core   0: 0x8000affc (0x00005f17) auipc   t5, 0x5
core   0: 3 0x8000affc (0x00005f17) x30 0x8000fffc
core   0: 0x8000b000 (0x003f2223) sw      gp, 4(t5)
core   0: 3 0x8000b000 (0x003f2223) mem 0x80010000 0x00000001
core   0: 0x8000b004 (0x0000bfe5) c.j     pc - 8
core   0: 3 0x8000b004 (0xbfe5)
core   0: 0x8000affc (0x00005f17) auipc   t5, 0x5
core   0: 3 0x8000affc (0x00005f17) x30 0x8000fffc
core   0: 0x8000b000 (0x003f2223) sw      gp, 4(t5)
core   0: 3 0x8000b000 (0x003f2223) mem 0x80010000 0x00000001
core   0: 0x8000b004 (0x0000bfe5) c.j     pc - 8
core   0: 3 0x8000b004 (0xbfe5)
core   0: 0x8000affc (0x00005f17) auipc   t5, 0x5
core   0: 3 0x8000affc (0x00005f17) x30 0x8000fffc
core   0: 0x8000b000 (0x003f2223) sw      gp, 4(t5)
core   0: 3 0x8000b000 (0x003f2223) mem 0x80010000 0x00000001
core   0: 0x8000b004 (0x0000bfe5) c.j     pc - 8
core   0: 3 0x8000b004 (0xbfe5)
core   0: 0x8000affc (0x00005f17) auipc   t5, 0x5
core   0: 3 0x8000affc (0x00005f17) x30 0x8000fffc
core   0: 0x8000b000 (0x003f2223) sw      gp, 4(t5)
core   0: 3 0x8000b000 (0x003f2223) mem 0x80010000 0x00000001
core   0: 0x8000b004 (0x0000bfe5) c.j     pc - 8
core   0: 3 0x8000b004 (0xbfe5)
core   0: 0x8000affc (0x00005f17) auipc   t5, 0x5
core   0: 3 0x8000affc (0x00005f17) x30 0x8000fffc
core   0: 0x8000b000 (0x003f2223) sw      gp, 4(t5)
core   0: 3 0x8000b000 (0x003f2223) mem 0x80010000 0x00000001
core   0: 0x8000b004 (0x0000bfe5) c.j     pc - 8
core   0: 3 0x8000b004 (0xbfe5)
core   0: 0x8000affc (0x00005f17) auipc   t5, 0x5
core   0: 3 0x8000affc (0x00005f17) x30 0x8000fffc
core   0: 0x8000b000 (0x003f2223) sw      gp, 4(t5)
core   0: 3 0x8000b000 (0x003f2223) mem 0x80010000 0x00000001
core   0: 0x8000b004 (0x0000bfe5) c.j     pc - 8
core   0: 3 0x8000b004 (0xbfe5)
core   0: 0x8000affc (0x00005f17) auipc   t5, 0x5
core   0: 3 0x8000affc (0x00005f17) x30 0x8000fffc
core   0: 0x8000b000 (0x003f2223) sw      gp, 4(t5)
core   0: 3 0x8000b000 (0x003f2223) mem 0x80010000 0x00000001
core   0: 0x8000b004 (0x0000bfe5) c.j     pc - 8
core   0: 3 0x8000b004 (0xbfe5)
core   0: 0x8000affc (0x00005f17) auipc   t5, 0x5
core   0: 3 0x8000affc (0x00005f17) x30 0x8000fffc
core   0: 0x8000b000 (0x003f2223) sw      gp, 4(t5)
core   0: 3 0x8000b000 (0x003f2223) mem 0x80010000 0x00000001
core   0: 0x8000b004 (0x0000bfe5) c.j     pc - 8
core   0: 3 0x8000b004 (0xbfe5)
core   0: 0x8000affc (0x00005f17) auipc   t5, 0x5
core   0: 3 0x8000affc (0x00005f17) x30 0x8000fffc
core   0: 0x8000b000 (0x003f2223) sw      gp, 4(t5)
core   0: 3 0x8000b000 (0x003f2223) mem 0x80010000 0x00000001
core   0: 0x8000b004 (0x0000bfe5) c.j     pc - 8
core   0: 3 0x8000b004 (0xbfe5)
core   0: 0x8000affc (0x00005f17) auipc   t5, 0x5
core   0: 3 0x8000affc (0x00005f17) x30 0x8000fffc
core   0: 0x8000b000 (0x003f2223) sw      gp, 4(t5)
core   0: 3 0x8000b000 (0x003f2223) mem 0x80010000 0x00000001
core   0: 0x8000b004 (0x0000bfe5) c.j     pc - 8
core   0: 3 0x8000b004 (0xbfe5)
core   0: 0x8000affc (0x00005f17) auipc   t5, 0x5
core   0: 3 0x8000affc (0x00005f17) x30 0x8000fffc
core   0: 0x8000b000 (0x003f2223) sw      gp, 4(t5)
core   0: 3 0x8000b000 (0x003f2223) mem 0x80010000 0x00000001
core   0: 0x8000b004 (0x0000bfe5) c.j     pc - 8
core   0: 3 0x8000b004 (0xbfe5)
core   0: 0x8000affc (0x00005f17) auipc   t5, 0x5
core   0: 3 0x8000affc (0x00005f17) x30 0x8000fffc
core   0: 0x8000b000 (0x003f2223) sw      gp, 4(t5)
core   0: 3 0x8000b000 (0x003f2223) mem 0x80010000 0x00000001
core   0: 0x8000b004 (0x0000bfe5) c.j     pc - 8
core   0: 3 0x8000b004 (0xbfe5)
core   0: 0x8000affc (0x00005f17) auipc   t5, 0x5
core   0: 3 0x8000affc (0x00005f17) x30 0x8000fffc
core   0: 0x8000b000 (0x003f2223) sw      gp, 4(t5)
core   0: 3 0x8000b000 (0x003f2223) mem 0x80010000 0x00000001
core   0: 0x8000b004 (0x0000bfe5) c.j     pc - 8
core   0: 3 0x8000b004 (0xbfe5)
core   0: 0x8000affc (0x00005f17) auipc   t5, 0x5
core   0: 3 0x8000affc (0x00005f17) x30 0x8000fffc
core   0: 0x8000b000 (0x003f2223) sw      gp, 4(t5)
core   0: 3 0x8000b000 (0x003f2223) mem 0x80010000 0x00000001
core   0: 0x8000b004 (0x0000bfe5) c.j     pc - 8
core   0: 3 0x8000b004 (0xbfe5)
core   0: 0x8000affc (0x00005f17) auipc   t5, 0x5
core   0: 3 0x8000affc (0x00005f17) x30 0x8000fffc
core   0: 0x8000b000 (0x003f2223) sw      gp, 4(t5)
core   0: 3 0x8000b000 (0x003f2223) mem 0x80010000 0x00000001
core   0: 0x8000b004 (0x0000bfe5) c.j     pc - 8
core   0: 3 0x8000b004 (0xbfe5)
core   0: 0x8000affc (0x00005f17) auipc   t5, 0x5
core   0: 3 0x8000affc (0x00005f17) x30 0x8000fffc
core   0: 0x8000b000 (0x003f2223) sw      gp, 4(t5)
core   0: 3 0x8000b000 (0x003f2223) mem 0x80010000 0x00000001
core   0: 0x8000b004 (0x0000bfe5) c.j     pc - 8
core   0: 3 0x8000b004 (0xbfe5)
core   0: 0x8000affc (0x00005f17) auipc   t5, 0x5
core   0: 3 0x8000affc (0x00005f17) x30 0x8000fffc
core   0: 0x8000b000 (0x003f2223) sw      gp, 4(t5)
core   0: 3 0x8000b000 (0x003f2223) mem 0x80010000 0x00000001
core   0: 0x8000b004 (0x0000bfe5) c.j     pc - 8
core   0: 3 0x8000b004 (0xbfe5)
core   0: 0x8000affc (0x00005f17) auipc   t5, 0x5
core   0: 3 0x8000affc (0x00005f17) x30 0x8000fffc
core   0: 0x8000b000 (0x003f2223) sw      gp, 4(t5)
core   0: 3 0x8000b000 (0x003f2223) mem 0x80010000 0x00000001
core   0: 0x8000b004 (0x0000bfe5) c.j     pc - 8
core   0: 3 0x8000b004 (0xbfe5)
core   0: 0x8000affc (0x00005f17) auipc   t5, 0x5
core   0: 3 0x8000affc (0x00005f17) x30 0x8000fffc
core   0: 0x8000b000 (0x003f2223) sw      gp, 4(t5)
core   0: 3 0x8000b000 (0x003f2223) mem 0x80010000 0x00000001
core   0: 0x8000b004 (0x0000bfe5) c.j     pc - 8
core   0: 3 0x8000b004 (0xbfe5)
core   0: 0x8000affc (0x00005f17) auipc   t5, 0x5
core   0: 3 0x8000affc (0x00005f17) x30 0x8000fffc
core   0: 0x8000b000 (0x003f2223) sw      gp, 4(t5)
core   0: 3 0x8000b000 (0x003f2223) mem 0x80010000 0x00000001
core   0: 0x8000b004 (0x0000bfe5) c.j     pc - 8
core   0: 3 0x8000b004 (0xbfe5)
core   0: 0x8000affc (0x00005f17) auipc   t5, 0x5
core   0: 3 0x8000affc (0x00005f17) x30 0x8000fffc
core   0: 0x8000b000 (0x003f2223) sw      gp, 4(t5)
core   0: 3 0x8000b000 (0x003f2223) mem 0x80010000 0x00000001
core   0: 0x8000b004 (0x0000bfe5) c.j     pc - 8
core   0: 3 0x8000b004 (0xbfe5)
core   0: 0x8000affc (0x00005f17) auipc   t5, 0x5
core   0: 3 0x8000affc (0x00005f17) x30 0x8000fffc
core   0: 0x8000b000 (0x003f2223) sw      gp, 4(t5)
core   0: 3 0x8000b000 (0x003f2223) mem 0x80010000 0x00000001
core   0: 0x8000b004 (0x0000bfe5) c.j     pc - 8
core   0: 3 0x8000b004 (0xbfe5)
core   0: 0x8000affc (0x00005f17) auipc   t5, 0x5
core   0: 3 0x8000affc (0x00005f17) x30 0x8000fffc
core   0: 0x8000b000 (0x003f2223) sw      gp, 4(t5)
core   0: 3 0x8000b000 (0x003f2223) mem 0x80010000 0x00000001
core   0: 0x8000b004 (0x0000bfe5) c.j     pc - 8
core   0: 3 0x8000b004 (0xbfe5)
core   0: 0x8000affc (0x00005f17) auipc   t5, 0x5
core   0: 3 0x8000affc (0x00005f17) x30 0x8000fffc
core   0: 0x8000b000 (0x003f2223) sw      gp, 4(t5)
core   0: 3 0x8000b000 (0x003f2223) mem 0x80010000 0x00000001
core   0: 0x8000b004 (0x0000bfe5) c.j     pc - 8
core   0: 3 0x8000b004 (0xbfe5)
core   0: 0x8000affc (0x00005f17) auipc   t5, 0x5
core   0: 3 0x8000affc (0x00005f17) x30 0x8000fffc
core   0: 0x8000b000 (0x003f2223) sw      gp, 4(t5)
core   0: 3 0x8000b000 (0x003f2223) mem 0x80010000 0x00000001
core   0: 0x8000b004 (0x0000bfe5) c.j     pc - 8
core   0: 3 0x8000b004 (0xbfe5)
core   0: 0x8000affc (0x00005f17) auipc   t5, 0x5
core   0: 3 0x8000affc (0x00005f17) x30 0x8000fffc
core   0: 0x8000b000 (0x003f2223) sw      gp, 4(t5)
core   0: 3 0x8000b000 (0x003f2223) mem 0x80010000 0x00000001
core   0: 0x8000b004 (0x0000bfe5) c.j     pc - 8
core   0: 3 0x8000b004 (0xbfe5)
core   0: 0x8000affc (0x00005f17) auipc   t5, 0x5
core   0: 3 0x8000affc (0x00005f17) x30 0x8000fffc
core   0: 0x8000b000 (0x003f2223) sw      gp, 4(t5)
core   0: 3 0x8000b000 (0x003f2223) mem 0x80010000 0x00000001
core   0: 0x8000b004 (0x0000bfe5) c.j     pc - 8
core   0: 3 0x8000b004 (0xbfe5)
core   0: 0x8000affc (0x00005f17) auipc   t5, 0x5
core   0: 3 0x8000affc (0x00005f17) x30 0x8000fffc
core   0: 0x8000b000 (0x003f2223) sw      gp, 4(t5)
core   0: 3 0x8000b000 (0x003f2223) mem 0x80010000 0x00000001
core   0: 0x8000b004 (0x0000bfe5) c.j     pc - 8
core   0: 3 0x8000b004 (0xbfe5)
core   0: 0x8000affc (0x00005f17) auipc   t5, 0x5
core   0: 3 0x8000affc (0x00005f17) x30 0x8000fffc
core   0: 0x8000b000 (0x003f2223) sw      gp, 4(t5)
core   0: 3 0x8000b000 (0x003f2223) mem 0x80010000 0x00000001
core   0: 0x8000b004 (0x0000bfe5) c.j     pc - 8
core   0: 3 0x8000b004 (0xbfe5)
core   0: 0x8000affc (0x00005f17) auipc   t5, 0x5
core   0: 3 0x8000affc (0x00005f17) x30 0x8000fffc
core   0: 0x8000b000 (0x003f2223) sw      gp, 4(t5)
core   0: 3 0x8000b000 (0x003f2223) mem 0x80010000 0x00000001
core   0: 0x8000b004 (0x0000bfe5) c.j     pc - 8
core   0: 3 0x8000b004 (0xbfe5)
core   0: 0x8000affc (0x00005f17) auipc   t5, 0x5
core   0: 3 0x8000affc (0x00005f17) x30 0x8000fffc
core   0: 0x8000b000 (0x003f2223) sw      gp, 4(t5)
core   0: 3 0x8000b000 (0x003f2223) mem 0x80010000 0x00000001
core   0: 0x8000b004 (0x0000bfe5) c.j     pc - 8
core   0: 3 0x8000b004 (0xbfe5)
core   0: 0x8000affc (0x00005f17) auipc   t5, 0x5
core   0: 3 0x8000affc (0x00005f17) x30 0x8000fffc
core   0: 0x8000b000 (0x003f2223) sw      gp, 4(t5)
core   0: 3 0x8000b000 (0x003f2223) mem 0x80010000 0x00000001
core   0: 0x8000b004 (0x0000bfe5) c.j     pc - 8
core   0: 3 0x8000b004 (0xbfe5)
core   0: 0x8000affc (0x00005f17) auipc   t5, 0x5
core   0: 3 0x8000affc (0x00005f17) x30 0x8000fffc
core   0: 0x8000b000 (0x003f2223) sw      gp, 4(t5)
core   0: 3 0x8000b000 (0x003f2223) mem 0x80010000 0x00000001
core   0: 0x8000b004 (0x0000bfe5) c.j     pc - 8
core   0: 3 0x8000b004 (0xbfe5)
core   0: 0x8000affc (0x00005f17) auipc   t5, 0x5
core   0: 3 0x8000affc (0x00005f17) x30 0x8000fffc
core   0: 0x8000b000 (0x003f2223) sw      gp, 4(t5)
core   0: 3 0x8000b000 (0x003f2223) mem 0x80010000 0x00000001
core   0: 0x8000b004 (0x0000bfe5) c.j     pc - 8
core   0: 3 0x8000b004 (0xbfe5)
core   0: 0x8000affc (0x00005f17) auipc   t5, 0x5
core   0: 3 0x8000affc (0x00005f17) x30 0x8000fffc
core   0: 0x8000b000 (0x003f2223) sw      gp, 4(t5)
core   0: 3 0x8000b000 (0x003f2223) mem 0x80010000 0x00000001
core   0: 0x8000b004 (0x0000bfe5) c.j     pc - 8
core   0: 3 0x8000b004 (0xbfe5)
core   0: 0x8000affc (0x00005f17) auipc   t5, 0x5
core   0: 3 0x8000affc (0x00005f17) x30 0x8000fffc
core   0: 0x8000b000 (0x003f2223) sw      gp, 4(t5)
core   0: 3 0x8000b000 (0x003f2223) mem 0x80010000 0x00000001
core   0: 0x8000b004 (0x0000bfe5) c.j     pc - 8
core   0: 3 0x8000b004 (0xbfe5)
core   0: 0x8000affc (0x00005f17) auipc   t5, 0x5
core   0: 3 0x8000affc (0x00005f17) x30 0x8000fffc
core   0: 0x8000b000 (0x003f2223) sw      gp, 4(t5)
core   0: 3 0x8000b000 (0x003f2223) mem 0x80010000 0x00000001
core   0: 0x8000b004 (0x0000bfe5) c.j     pc - 8
core   0: 3 0x8000b004 (0xbfe5)
core   0: 0x8000affc (0x00005f17) auipc   t5, 0x5
core   0: 3 0x8000affc (0x00005f17) x30 0x8000fffc
core   0: 0x8000b000 (0x003f2223) sw      gp, 4(t5)
core   0: 3 0x8000b000 (0x003f2223) mem 0x80010000 0x00000001
core   0: 0x8000b004 (0x0000bfe5) c.j     pc - 8
core   0: 3 0x8000b004 (0xbfe5)
core   0: 0x8000affc (0x00005f17) auipc   t5, 0x5
core   0: 3 0x8000affc (0x00005f17) x30 0x8000fffc
core   0: 0x8000b000 (0x003f2223) sw      gp, 4(t5)
core   0: 3 0x8000b000 (0x003f2223) mem 0x80010000 0x00000001
core   0: 0x8000b004 (0x0000bfe5) c.j     pc - 8
core   0: 3 0x8000b004 (0xbfe5)
core   0: 0x8000affc (0x00005f17) auipc   t5, 0x5
core   0: 3 0x8000affc (0x00005f17) x30 0x8000fffc
core   0: 0x8000b000 (0x003f2223) sw      gp, 4(t5)
core   0: 3 0x8000b000 (0x003f2223) mem 0x80010000 0x00000001
core   0: 0x8000b004 (0x0000bfe5) c.j     pc - 8
core   0: 3 0x8000b004 (0xbfe5)
core   0: 0x8000affc (0x00005f17) auipc   t5, 0x5
core   0: 3 0x8000affc (0x00005f17) x30 0x8000fffc
core   0: 0x8000b000 (0x003f2223) sw      gp, 4(t5)
core   0: 3 0x8000b000 (0x003f2223) mem 0x80010000 0x00000001
core   0: 0x8000b004 (0x0000bfe5) c.j     pc - 8
core   0: 3 0x8000b004 (0xbfe5)
core   0: 0x8000affc (0x00005f17) auipc   t5, 0x5
core   0: 3 0x8000affc (0x00005f17) x30 0x8000fffc
core   0: 0x8000b000 (0x003f2223) sw      gp, 4(t5)
core   0: 3 0x8000b000 (0x003f2223) mem 0x80010000 0x00000001
core   0: 0x8000b004 (0x0000bfe5) c.j     pc - 8
core   0: 3 0x8000b004 (0xbfe5)
core   0: 0x8000affc (0x00005f17) auipc   t5, 0x5
core   0: 3 0x8000affc (0x00005f17) x30 0x8000fffc
core   0: 0x8000b000 (0x003f2223) sw      gp, 4(t5)
core   0: 3 0x8000b000 (0x003f2223) mem 0x80010000 0x00000001
core   0: 0x8000b004 (0x0000bfe5) c.j     pc - 8
core   0: 3 0x8000b004 (0xbfe5)
core   0: 0x8000affc (0x00005f17) auipc   t5, 0x5
core   0: 3 0x8000affc (0x00005f17) x30 0x8000fffc
core   0: 0x8000b000 (0x003f2223) sw      gp, 4(t5)
core   0: 3 0x8000b000 (0x003f2223) mem 0x80010000 0x00000001
core   0: 0x8000b004 (0x0000bfe5) c.j     pc - 8
core   0: 3 0x8000b004 (0xbfe5)
core   0: 0x8000affc (0x00005f17) auipc   t5, 0x5
core   0: 3 0x8000affc (0x00005f17) x30 0x8000fffc
core   0: 0x8000b000 (0x003f2223) sw      gp, 4(t5)
core   0: 3 0x8000b000 (0x003f2223) mem 0x80010000 0x00000001
core   0: 0x8000b004 (0x0000bfe5) c.j     pc - 8
core   0: 3 0x8000b004 (0xbfe5)
core   0: 0x8000affc (0x00005f17) auipc   t5, 0x5
core   0: 3 0x8000affc (0x00005f17) x30 0x8000fffc
core   0: 0x8000b000 (0x003f2223) sw      gp, 4(t5)
core   0: 3 0x8000b000 (0x003f2223) mem 0x80010000 0x00000001
core   0: 0x8000b004 (0x0000bfe5) c.j     pc - 8
core   0: 3 0x8000b004 (0xbfe5)
core   0: 0x8000affc (0x00005f17) auipc   t5, 0x5
core   0: 3 0x8000affc (0x00005f17) x30 0x8000fffc
core   0: 0x8000b000 (0x003f2223) sw      gp, 4(t5)
core   0: 3 0x8000b000 (0x003f2223) mem 0x80010000 0x00000001
core   0: 0x8000b004 (0x0000bfe5) c.j     pc - 8
core   0: 3 0x8000b004 (0xbfe5)
core   0: 0x8000affc (0x00005f17) auipc   t5, 0x5
core   0: 3 0x8000affc (0x00005f17) x30 0x8000fffc
core   0: 0x8000b000 (0x003f2223) sw      gp, 4(t5)
core   0: 3 0x8000b000 (0x003f2223) mem 0x80010000 0x00000001
core   0: 0x8000b004 (0x0000bfe5) c.j     pc - 8
core   0: 3 0x8000b004 (0xbfe5)
core   0: 0x8000affc (0x00005f17) auipc   t5, 0x5
core   0: 3 0x8000affc (0x00005f17) x30 0x8000fffc
core   0: 0x8000b000 (0x003f2223) sw      gp, 4(t5)
core   0: 3 0x8000b000 (0x003f2223) mem 0x80010000 0x00000001
core   0: 0x8000b004 (0x0000bfe5) c.j     pc - 8
core   0: 3 0x8000b004 (0xbfe5)
core   0: 0x8000affc (0x00005f17) auipc   t5, 0x5
core   0: 3 0x8000affc (0x00005f17) x30 0x8000fffc
core   0: 0x8000b000 (0x003f2223) sw      gp, 4(t5)
core   0: 3 0x8000b000 (0x003f2223) mem 0x80010000 0x00000001
core   0: 0x8000b004 (0x0000bfe5) c.j     pc - 8
core   0: 3 0x8000b004 (0xbfe5)
core   0: 0x8000affc (0x00005f17) auipc   t5, 0x5
core   0: 3 0x8000affc (0x00005f17) x30 0x8000fffc
core   0: 0x8000b000 (0x003f2223) sw      gp, 4(t5)
core   0: 3 0x8000b000 (0x003f2223) mem 0x80010000 0x00000001
core   0: 0x8000b004 (0x0000bfe5) c.j     pc - 8
core   0: 3 0x8000b004 (0xbfe5)
core   0: 0x8000affc (0x00005f17) auipc   t5, 0x5
core   0: 3 0x8000affc (0x00005f17) x30 0x8000fffc
core   0: 0x8000b000 (0x003f2223) sw      gp, 4(t5)
core   0: 3 0x8000b000 (0x003f2223) mem 0x80010000 0x00000001
core   0: 0x8000b004 (0x0000bfe5) c.j     pc - 8
core   0: 3 0x8000b004 (0xbfe5)
core   0: 0x8000affc (0x00005f17) auipc   t5, 0x5
core   0: 3 0x8000affc (0x00005f17) x30 0x8000fffc
core   0: 0x8000b000 (0x003f2223) sw      gp, 4(t5)
core   0: 3 0x8000b000 (0x003f2223) mem 0x80010000 0x00000001
core   0: 0x8000b004 (0x0000bfe5) c.j     pc - 8
core   0: 3 0x8000b004 (0xbfe5)
core   0: 0x8000affc (0x00005f17) auipc   t5, 0x5
core   0: 3 0x8000affc (0x00005f17) x30 0x8000fffc
core   0: 0x8000b000 (0x003f2223) sw      gp, 4(t5)
core   0: 3 0x8000b000 (0x003f2223) mem 0x80010000 0x00000001
core   0: 0x8000b004 (0x0000bfe5) c.j     pc - 8
core   0: 3 0x8000b004 (0xbfe5)
core   0: 0x8000affc (0x00005f17) auipc   t5, 0x5
core   0: 3 0x8000affc (0x00005f17) x30 0x8000fffc
core   0: 0x8000b000 (0x003f2223) sw      gp, 4(t5)
core   0: 3 0x8000b000 (0x003f2223) mem 0x80010000 0x00000001
core   0: 0x8000b004 (0x0000bfe5) c.j     pc - 8
core   0: 3 0x8000b004 (0xbfe5)
core   0: 0x8000affc (0x00005f17) auipc   t5, 0x5
core   0: 3 0x8000affc (0x00005f17) x30 0x8000fffc
core   0: 0x8000b000 (0x003f2223) sw      gp, 4(t5)
core   0: 3 0x8000b000 (0x003f2223) mem 0x80010000 0x00000001
core   0: 0x8000b004 (0x0000bfe5) c.j     pc - 8
core   0: 3 0x8000b004 (0xbfe5)
core   0: 0x8000affc (0x00005f17) auipc   t5, 0x5
core   0: 3 0x8000affc (0x00005f17) x30 0x8000fffc
core   0: 0x8000b000 (0x003f2223) sw      gp, 4(t5)
core   0: 3 0x8000b000 (0x003f2223) mem 0x80010000 0x00000001
core   0: 0x8000b004 (0x0000bfe5) c.j     pc - 8
core   0: 3 0x8000b004 (0xbfe5)
core   0: 0x8000affc (0x00005f17) auipc   t5, 0x5
core   0: 3 0x8000affc (0x00005f17) x30 0x8000fffc
core   0: 0x8000b000 (0x003f2223) sw      gp, 4(t5)
core   0: 3 0x8000b000 (0x003f2223) mem 0x80010000 0x00000001
core   0: 0x8000b004 (0x0000bfe5) c.j     pc - 8
core   0: 3 0x8000b004 (0xbfe5)
core   0: 0x8000affc (0x00005f17) auipc   t5, 0x5
core   0: 3 0x8000affc (0x00005f17) x30 0x8000fffc
core   0: 0x8000b000 (0x003f2223) sw      gp, 4(t5)
core   0: 3 0x8000b000 (0x003f2223) mem 0x80010000 0x00000001
core   0: 0x8000b004 (0x0000bfe5) c.j     pc - 8
core   0: 3 0x8000b004 (0xbfe5)
core   0: 0x8000affc (0x00005f17) auipc   t5, 0x5
core   0: 3 0x8000affc (0x00005f17) x30 0x8000fffc
core   0: 0x8000b000 (0x003f2223) sw      gp, 4(t5)
core   0: 3 0x8000b000 (0x003f2223) mem 0x80010000 0x00000001
core   0: 0x8000b004 (0x0000bfe5) c.j     pc - 8
core   0: 3 0x8000b004 (0xbfe5)
core   0: 0x8000affc (0x00005f17) auipc   t5, 0x5
core   0: 3 0x8000affc (0x00005f17) x30 0x8000fffc
core   0: 0x8000b000 (0x003f2223) sw      gp, 4(t5)
core   0: 3 0x8000b000 (0x003f2223) mem 0x80010000 0x00000001
core   0: 0x8000b004 (0x0000bfe5) c.j     pc - 8
core   0: 3 0x8000b004 (0xbfe5)
core   0: 0x8000affc (0x00005f17) auipc   t5, 0x5
core   0: 3 0x8000affc (0x00005f17) x30 0x8000fffc
core   0: 0x8000b000 (0x003f2223) sw      gp, 4(t5)
core   0: 3 0x8000b000 (0x003f2223) mem 0x80010000 0x00000001
core   0: 0x8000b004 (0x0000bfe5) c.j     pc - 8
core   0: 3 0x8000b004 (0xbfe5)
core   0: 0x8000affc (0x00005f17) auipc   t5, 0x5
core   0: 3 0x8000affc (0x00005f17) x30 0x8000fffc
core   0: 0x8000b000 (0x003f2223) sw      gp, 4(t5)
core   0: 3 0x8000b000 (0x003f2223) mem 0x80010000 0x00000001
core   0: 0x8000b004 (0x0000bfe5) c.j     pc - 8
core   0: 3 0x8000b004 (0xbfe5)
core   0: 0x8000affc (0x00005f17) auipc   t5, 0x5
core   0: 3 0x8000affc (0x00005f17) x30 0x8000fffc
core   0: 0x8000b000 (0x003f2223) sw      gp, 4(t5)
core   0: 3 0x8000b000 (0x003f2223) mem 0x80010000 0x00000001
core   0: 0x8000b004 (0x0000bfe5) c.j     pc - 8
core   0: 3 0x8000b004 (0xbfe5)
core   0: 0x8000affc (0x00005f17) auipc   t5, 0x5
core   0: 3 0x8000affc (0x00005f17) x30 0x8000fffc
core   0: 0x8000b000 (0x003f2223) sw      gp, 4(t5)
core   0: 3 0x8000b000 (0x003f2223) mem 0x80010000 0x00000001
core   0: 0x8000b004 (0x0000bfe5) c.j     pc - 8
core   0: 3 0x8000b004 (0xbfe5)
core   0: 0x8000affc (0x00005f17) auipc   t5, 0x5
core   0: 3 0x8000affc (0x00005f17) x30 0x8000fffc
core   0: 0x8000b000 (0x003f2223) sw      gp, 4(t5)
core   0: 3 0x8000b000 (0x003f2223) mem 0x80010000 0x00000001
core   0: 0x8000b004 (0x0000bfe5) c.j     pc - 8
core   0: 3 0x8000b004 (0xbfe5)
core   0: 0x8000affc (0x00005f17) auipc   t5, 0x5
core   0: 3 0x8000affc (0x00005f17) x30 0x8000fffc
core   0: 0x8000b000 (0x003f2223) sw      gp, 4(t5)
core   0: 3 0x8000b000 (0x003f2223) mem 0x80010000 0x00000001
core   0: 0x8000b004 (0x0000bfe5) c.j     pc - 8
core   0: 3 0x8000b004 (0xbfe5)
core   0: 0x8000affc (0x00005f17) auipc   t5, 0x5
core   0: 3 0x8000affc (0x00005f17) x30 0x8000fffc
core   0: 0x8000b000 (0x003f2223) sw      gp, 4(t5)
core   0: 3 0x8000b000 (0x003f2223) mem 0x80010000 0x00000001
core   0: 0x8000b004 (0x0000bfe5) c.j     pc - 8
core   0: 3 0x8000b004 (0xbfe5)
core   0: 0x8000affc (0x00005f17) auipc   t5, 0x5
core   0: 3 0x8000affc (0x00005f17) x30 0x8000fffc
core   0: 0x8000b000 (0x003f2223) sw      gp, 4(t5)
core   0: 3 0x8000b000 (0x003f2223) mem 0x80010000 0x00000001
core   0: 0x8000b004 (0x0000bfe5) c.j     pc - 8
core   0: 3 0x8000b004 (0xbfe5)
core   0: 0x8000affc (0x00005f17) auipc   t5, 0x5
core   0: 3 0x8000affc (0x00005f17) x30 0x8000fffc
core   0: 0x8000b000 (0x003f2223) sw      gp, 4(t5)
core   0: 3 0x8000b000 (0x003f2223) mem 0x80010000 0x00000001
core   0: 0x8000b004 (0x0000bfe5) c.j     pc - 8
core   0: 3 0x8000b004 (0xbfe5)
core   0: 0x8000affc (0x00005f17) auipc   t5, 0x5
core   0: 3 0x8000affc (0x00005f17) x30 0x8000fffc
core   0: 0x8000b000 (0x003f2223) sw      gp, 4(t5)
core   0: 3 0x8000b000 (0x003f2223) mem 0x80010000 0x00000001
core   0: 0x8000b004 (0x0000bfe5) c.j     pc - 8
core   0: 3 0x8000b004 (0xbfe5)
core   0: 0x8000affc (0x00005f17) auipc   t5, 0x5
core   0: 3 0x8000affc (0x00005f17) x30 0x8000fffc
core   0: 0x8000b000 (0x003f2223) sw      gp, 4(t5)
core   0: 3 0x8000b000 (0x003f2223) mem 0x80010000 0x00000001
core   0: 0x8000b004 (0x0000bfe5) c.j     pc - 8
core   0: 3 0x8000b004 (0xbfe5)
core   0: 0x8000affc (0x00005f17) auipc   t5, 0x5
core   0: 3 0x8000affc (0x00005f17) x30 0x8000fffc
core   0: 0x8000b000 (0x003f2223) sw      gp, 4(t5)
core   0: 3 0x8000b000 (0x003f2223) mem 0x80010000 0x00000001
core   0: 0x8000b004 (0x0000bfe5) c.j     pc - 8
core   0: 3 0x8000b004 (0xbfe5)
core   0: 0x8000affc (0x00005f17) auipc   t5, 0x5
core   0: 3 0x8000affc (0x00005f17) x30 0x8000fffc
core   0: 0x8000b000 (0x003f2223) sw      gp, 4(t5)
core   0: 3 0x8000b000 (0x003f2223) mem 0x80010000 0x00000001
core   0: 0x8000b004 (0x0000bfe5) c.j     pc - 8
core   0: 3 0x8000b004 (0xbfe5)
core   0: 0x8000affc (0x00005f17) auipc   t5, 0x5
core   0: 3 0x8000affc (0x00005f17) x30 0x8000fffc
core   0: 0x8000b000 (0x003f2223) sw      gp, 4(t5)
core   0: 3 0x8000b000 (0x003f2223) mem 0x80010000 0x00000001
core   0: 0x8000b004 (0x0000bfe5) c.j     pc - 8
core   0: 3 0x8000b004 (0xbfe5)
core   0: 0x8000affc (0x00005f17) auipc   t5, 0x5
core   0: 3 0x8000affc (0x00005f17) x30 0x8000fffc
core   0: 0x8000b000 (0x003f2223) sw      gp, 4(t5)
core   0: 3 0x8000b000 (0x003f2223) mem 0x80010000 0x00000001
core   0: 0x8000b004 (0x0000bfe5) c.j     pc - 8
core   0: 3 0x8000b004 (0xbfe5)
core   0: 0x8000affc (0x00005f17) auipc   t5, 0x5
core   0: 3 0x8000affc (0x00005f17) x30 0x8000fffc
core   0: 0x8000b000 (0x003f2223) sw      gp, 4(t5)
core   0: 3 0x8000b000 (0x003f2223) mem 0x80010000 0x00000001
core   0: 0x8000b004 (0x0000bfe5) c.j     pc - 8
core   0: 3 0x8000b004 (0xbfe5)
core   0: 0x8000affc (0x00005f17) auipc   t5, 0x5
core   0: 3 0x8000affc (0x00005f17) x30 0x8000fffc
core   0: 0x8000b000 (0x003f2223) sw      gp, 4(t5)
core   0: 3 0x8000b000 (0x003f2223) mem 0x80010000 0x00000001
core   0: 0x8000b004 (0x0000bfe5) c.j     pc - 8
core   0: 3 0x8000b004 (0xbfe5)
core   0: 0x8000affc (0x00005f17) auipc   t5, 0x5
core   0: 3 0x8000affc (0x00005f17) x30 0x8000fffc
core   0: 0x8000b000 (0x003f2223) sw      gp, 4(t5)
core   0: 3 0x8000b000 (0x003f2223) mem 0x80010000 0x00000001
core   0: 0x8000b004 (0x0000bfe5) c.j     pc - 8
core   0: 3 0x8000b004 (0xbfe5)
core   0: 0x8000affc (0x00005f17) auipc   t5, 0x5
core   0: 3 0x8000affc (0x00005f17) x30 0x8000fffc
core   0: 0x8000b000 (0x003f2223) sw      gp, 4(t5)
core   0: 3 0x8000b000 (0x003f2223) mem 0x80010000 0x00000001
core   0: 0x8000b004 (0x0000bfe5) c.j     pc - 8
core   0: 3 0x8000b004 (0xbfe5)
core   0: 0x8000affc (0x00005f17) auipc   t5, 0x5
core   0: 3 0x8000affc (0x00005f17) x30 0x8000fffc
core   0: 0x8000b000 (0x003f2223) sw      gp, 4(t5)
core   0: 3 0x8000b000 (0x003f2223) mem 0x80010000 0x00000001
core   0: 0x8000b004 (0x0000bfe5) c.j     pc - 8
core   0: 3 0x8000b004 (0xbfe5)
core   0: 0x8000affc (0x00005f17) auipc   t5, 0x5
core   0: 3 0x8000affc (0x00005f17) x30 0x8000fffc
core   0: 0x8000b000 (0x003f2223) sw      gp, 4(t5)
core   0: 3 0x8000b000 (0x003f2223) mem 0x80010000 0x00000001
core   0: 0x8000b004 (0x0000bfe5) c.j     pc - 8
core   0: 3 0x8000b004 (0xbfe5)
core   0: 0x8000affc (0x00005f17) auipc   t5, 0x5
core   0: 3 0x8000affc (0x00005f17) x30 0x8000fffc
core   0: 0x8000b000 (0x003f2223) sw      gp, 4(t5)
core   0: 3 0x8000b000 (0x003f2223) mem 0x80010000 0x00000001
core   0: 0x8000b004 (0x0000bfe5) c.j     pc - 8
core   0: 3 0x8000b004 (0xbfe5)
core   0: 0x8000affc (0x00005f17) auipc   t5, 0x5
core   0: 3 0x8000affc (0x00005f17) x30 0x8000fffc
core   0: 0x8000b000 (0x003f2223) sw      gp, 4(t5)
core   0: 3 0x8000b000 (0x003f2223) mem 0x80010000 0x00000001
core   0: 0x8000b004 (0x0000bfe5) c.j     pc - 8
core   0: 3 0x8000b004 (0xbfe5)
core   0: 0x8000affc (0x00005f17) auipc   t5, 0x5
core   0: 3 0x8000affc (0x00005f17) x30 0x8000fffc
core   0: 0x8000b000 (0x003f2223) sw      gp, 4(t5)
core   0: 3 0x8000b000 (0x003f2223) mem 0x80010000 0x00000001
core   0: 0x8000b004 (0x0000bfe5) c.j     pc - 8
core   0: 3 0x8000b004 (0xbfe5)
core   0: 0x8000affc (0x00005f17) auipc   t5, 0x5
core   0: 3 0x8000affc (0x00005f17) x30 0x8000fffc
core   0: 0x8000b000 (0x003f2223) sw      gp, 4(t5)
core   0: 3 0x8000b000 (0x003f2223) mem 0x80010000 0x00000001
core   0: 0x8000b004 (0x0000bfe5) c.j     pc - 8
core   0: 3 0x8000b004 (0xbfe5)
core   0: 0x8000affc (0x00005f17) auipc   t5, 0x5
core   0: 3 0x8000affc (0x00005f17) x30 0x8000fffc
core   0: 0x8000b000 (0x003f2223) sw      gp, 4(t5)
core   0: 3 0x8000b000 (0x003f2223) mem 0x80010000 0x00000001
core   0: 0x8000b004 (0x0000bfe5) c.j     pc - 8
core   0: 3 0x8000b004 (0xbfe5)
core   0: 0x8000affc (0x00005f17) auipc   t5, 0x5
core   0: 3 0x8000affc (0x00005f17) x30 0x8000fffc
core   0: 0x8000b000 (0x003f2223) sw      gp, 4(t5)
core   0: 3 0x8000b000 (0x003f2223) mem 0x80010000 0x00000001
core   0: 0x8000b004 (0x0000bfe5) c.j     pc - 8
core   0: 3 0x8000b004 (0xbfe5)
core   0: 0x8000affc (0x00005f17) auipc   t5, 0x5
core   0: 3 0x8000affc (0x00005f17) x30 0x8000fffc
core   0: 0x8000b000 (0x003f2223) sw      gp, 4(t5)
core   0: 3 0x8000b000 (0x003f2223) mem 0x80010000 0x00000001
core   0: 0x8000b004 (0x0000bfe5) c.j     pc - 8
core   0: 3 0x8000b004 (0xbfe5)
core   0: 0x8000affc (0x00005f17) auipc   t5, 0x5
core   0: 3 0x8000affc (0x00005f17) x30 0x8000fffc
core   0: 0x8000b000 (0x003f2223) sw      gp, 4(t5)
core   0: 3 0x8000b000 (0x003f2223) mem 0x80010000 0x00000001
core   0: 0x8000b004 (0x0000bfe5) c.j     pc - 8
core   0: 3 0x8000b004 (0xbfe5)
core   0: 0x8000affc (0x00005f17) auipc   t5, 0x5
core   0: 3 0x8000affc (0x00005f17) x30 0x8000fffc
core   0: 0x8000b000 (0x003f2223) sw      gp, 4(t5)
core   0: 3 0x8000b000 (0x003f2223) mem 0x80010000 0x00000001
core   0: 0x8000b004 (0x0000bfe5) c.j     pc - 8
core   0: 3 0x8000b004 (0xbfe5)
core   0: 0x8000affc (0x00005f17) auipc   t5, 0x5
core   0: 3 0x8000affc (0x00005f17) x30 0x8000fffc
core   0: 0x8000b000 (0x003f2223) sw      gp, 4(t5)
core   0: 3 0x8000b000 (0x003f2223) mem 0x80010000 0x00000001
core   0: 0x8000b004 (0x0000bfe5) c.j     pc - 8
core   0: 3 0x8000b004 (0xbfe5)
core   0: 0x8000affc (0x00005f17) auipc   t5, 0x5
core   0: 3 0x8000affc (0x00005f17) x30 0x8000fffc
core   0: 0x8000b000 (0x003f2223) sw      gp, 4(t5)
core   0: 3 0x8000b000 (0x003f2223) mem 0x80010000 0x00000001
core   0: 0x8000b004 (0x0000bfe5) c.j     pc - 8
core   0: 3 0x8000b004 (0xbfe5)
core   0: 0x8000affc (0x00005f17) auipc   t5, 0x5
core   0: 3 0x8000affc (0x00005f17) x30 0x8000fffc
core   0: 0x8000b000 (0x003f2223) sw      gp, 4(t5)
core   0: 3 0x8000b000 (0x003f2223) mem 0x80010000 0x00000001
core   0: 0x8000b004 (0x0000bfe5) c.j     pc - 8
core   0: 3 0x8000b004 (0xbfe5)
core   0: 0x8000affc (0x00005f17) auipc   t5, 0x5
core   0: 3 0x8000affc (0x00005f17) x30 0x8000fffc
core   0: 0x8000b000 (0x003f2223) sw      gp, 4(t5)
core   0: 3 0x8000b000 (0x003f2223) mem 0x80010000 0x00000001
core   0: 0x8000b004 (0x0000bfe5) c.j     pc - 8
core   0: 3 0x8000b004 (0xbfe5)
core   0: 0x8000affc (0x00005f17) auipc   t5, 0x5
core   0: 3 0x8000affc (0x00005f17) x30 0x8000fffc
core   0: 0x8000b000 (0x003f2223) sw      gp, 4(t5)
core   0: 3 0x8000b000 (0x003f2223) mem 0x80010000 0x00000001
core   0: 0x8000b004 (0x0000bfe5) c.j     pc - 8
core   0: 3 0x8000b004 (0xbfe5)
core   0: 0x8000affc (0x00005f17) auipc   t5, 0x5
core   0: 3 0x8000affc (0x00005f17) x30 0x8000fffc
core   0: 0x8000b000 (0x003f2223) sw      gp, 4(t5)
core   0: 3 0x8000b000 (0x003f2223) mem 0x80010000 0x00000001
core   0: 0x8000b004 (0x0000bfe5) c.j     pc - 8
core   0: 3 0x8000b004 (0xbfe5)
core   0: 0x8000affc (0x00005f17) auipc   t5, 0x5
core   0: 3 0x8000affc (0x00005f17) x30 0x8000fffc
core   0: 0x8000b000 (0x003f2223) sw      gp, 4(t5)
core   0: 3 0x8000b000 (0x003f2223) mem 0x80010000 0x00000001
core   0: 0x8000b004 (0x0000bfe5) c.j     pc - 8
core   0: 3 0x8000b004 (0xbfe5)
core   0: 0x8000affc (0x00005f17) auipc   t5, 0x5
core   0: 3 0x8000affc (0x00005f17) x30 0x8000fffc
core   0: 0x8000b000 (0x003f2223) sw      gp, 4(t5)
core   0: 3 0x8000b000 (0x003f2223) mem 0x80010000 0x00000001
core   0: 0x8000b004 (0x0000bfe5) c.j     pc - 8
core   0: 3 0x8000b004 (0xbfe5)
core   0: 0x8000affc (0x00005f17) auipc   t5, 0x5
core   0: 3 0x8000affc (0x00005f17) x30 0x8000fffc
core   0: 0x8000b000 (0x003f2223) sw      gp, 4(t5)
core   0: 3 0x8000b000 (0x003f2223) mem 0x80010000 0x00000001
core   0: 0x8000b004 (0x0000bfe5) c.j     pc - 8
core   0: 3 0x8000b004 (0xbfe5)
core   0: 0x8000affc (0x00005f17) auipc   t5, 0x5
core   0: 3 0x8000affc (0x00005f17) x30 0x8000fffc
core   0: 0x8000b000 (0x003f2223) sw      gp, 4(t5)
core   0: 3 0x8000b000 (0x003f2223) mem 0x80010000 0x00000001
core   0: 0x8000b004 (0x0000bfe5) c.j     pc - 8
core   0: 3 0x8000b004 (0xbfe5)
core   0: 0x8000affc (0x00005f17) auipc   t5, 0x5
core   0: 3 0x8000affc (0x00005f17) x30 0x8000fffc
core   0: 0x8000b000 (0x003f2223) sw      gp, 4(t5)
core   0: 3 0x8000b000 (0x003f2223) mem 0x80010000 0x00000001
core   0: 0x8000b004 (0x0000bfe5) c.j     pc - 8
core   0: 3 0x8000b004 (0xbfe5)
core   0: 0x8000affc (0x00005f17) auipc   t5, 0x5
core   0: 3 0x8000affc (0x00005f17) x30 0x8000fffc
core   0: 0x8000b000 (0x003f2223) sw      gp, 4(t5)
core   0: 3 0x8000b000 (0x003f2223) mem 0x80010000 0x00000001
core   0: 0x8000b004 (0x0000bfe5) c.j     pc - 8
core   0: 3 0x8000b004 (0xbfe5)
core   0: 0x8000affc (0x00005f17) auipc   t5, 0x5
core   0: 3 0x8000affc (0x00005f17) x30 0x8000fffc
core   0: 0x8000b000 (0x003f2223) sw      gp, 4(t5)
core   0: 3 0x8000b000 (0x003f2223) mem 0x80010000 0x00000001
core   0: 0x8000b004 (0x0000bfe5) c.j     pc - 8
core   0: 3 0x8000b004 (0xbfe5)
core   0: 0x8000affc (0x00005f17) auipc   t5, 0x5
core   0: 3 0x8000affc (0x00005f17) x30 0x8000fffc
core   0: 0x8000b000 (0x003f2223) sw      gp, 4(t5)
core   0: 3 0x8000b000 (0x003f2223) mem 0x80010000 0x00000001
core   0: 0x8000b004 (0x0000bfe5) c.j     pc - 8
core   0: 3 0x8000b004 (0xbfe5)
core   0: 0x8000affc (0x00005f17) auipc   t5, 0x5
core   0: 3 0x8000affc (0x00005f17) x30 0x8000fffc
core   0: 0x8000b000 (0x003f2223) sw      gp, 4(t5)
core   0: 3 0x8000b000 (0x003f2223) mem 0x80010000 0x00000001
core   0: 0x8000b004 (0x0000bfe5) c.j     pc - 8
core   0: 3 0x8000b004 (0xbfe5)
core   0: 0x8000affc (0x00005f17) auipc   t5, 0x5
core   0: 3 0x8000affc (0x00005f17) x30 0x8000fffc
core   0: 0x8000b000 (0x003f2223) sw      gp, 4(t5)
core   0: 3 0x8000b000 (0x003f2223) mem 0x80010000 0x00000001
core   0: 0x8000b004 (0x0000bfe5) c.j     pc - 8
core   0: 3 0x8000b004 (0xbfe5)
core   0: 0x8000affc (0x00005f17) auipc   t5, 0x5
core   0: 3 0x8000affc (0x00005f17) x30 0x8000fffc
core   0: 0x8000b000 (0x003f2223) sw      gp, 4(t5)
core   0: 3 0x8000b000 (0x003f2223) mem 0x80010000 0x00000001
core   0: 0x8000b004 (0x0000bfe5) c.j     pc - 8
core   0: 3 0x8000b004 (0xbfe5)
core   0: 0x8000affc (0x00005f17) auipc   t5, 0x5
core   0: 3 0x8000affc (0x00005f17) x30 0x8000fffc
core   0: 0x8000b000 (0x003f2223) sw      gp, 4(t5)
core   0: 3 0x8000b000 (0x003f2223) mem 0x80010000 0x00000001
core   0: 0x8000b004 (0x0000bfe5) c.j     pc - 8
core   0: 3 0x8000b004 (0xbfe5)
core   0: 0x8000affc (0x00005f17) auipc   t5, 0x5
core   0: 3 0x8000affc (0x00005f17) x30 0x8000fffc
core   0: 0x8000b000 (0x003f2223) sw      gp, 4(t5)
core   0: 3 0x8000b000 (0x003f2223) mem 0x80010000 0x00000001
core   0: 0x8000b004 (0x0000bfe5) c.j     pc - 8
core   0: 3 0x8000b004 (0xbfe5)
core   0: 0x8000affc (0x00005f17) auipc   t5, 0x5
core   0: 3 0x8000affc (0x00005f17) x30 0x8000fffc
core   0: 0x8000b000 (0x003f2223) sw      gp, 4(t5)
core   0: 3 0x8000b000 (0x003f2223) mem 0x80010000 0x00000001
core   0: 0x8000b004 (0x0000bfe5) c.j     pc - 8
core   0: 3 0x8000b004 (0xbfe5)
core   0: 0x8000affc (0x00005f17) auipc   t5, 0x5
core   0: 3 0x8000affc (0x00005f17) x30 0x8000fffc
core   0: 0x8000b000 (0x003f2223) sw      gp, 4(t5)
core   0: 3 0x8000b000 (0x003f2223) mem 0x80010000 0x00000001
core   0: 0x8000b004 (0x0000bfe5) c.j     pc - 8
core   0: 3 0x8000b004 (0xbfe5)
core   0: 0x8000affc (0x00005f17) auipc   t5, 0x5
core   0: 3 0x8000affc (0x00005f17) x30 0x8000fffc
core   0: 0x8000b000 (0x003f2223) sw      gp, 4(t5)
core   0: 3 0x8000b000 (0x003f2223) mem 0x80010000 0x00000001
core   0: 0x8000b004 (0x0000bfe5) c.j     pc - 8
core   0: 3 0x8000b004 (0xbfe5)
core   0: 0x8000affc (0x00005f17) auipc   t5, 0x5
core   0: 3 0x8000affc (0x00005f17) x30 0x8000fffc
core   0: 0x8000b000 (0x003f2223) sw      gp, 4(t5)
core   0: 3 0x8000b000 (0x003f2223) mem 0x80010000 0x00000001
core   0: 0x8000b004 (0x0000bfe5) c.j     pc - 8
core   0: 3 0x8000b004 (0xbfe5)
core   0: 0x8000affc (0x00005f17) auipc   t5, 0x5
core   0: 3 0x8000affc (0x00005f17) x30 0x8000fffc
core   0: 0x8000b000 (0x003f2223) sw      gp, 4(t5)
core   0: 3 0x8000b000 (0x003f2223) mem 0x80010000 0x00000001
core   0: 0x8000b004 (0x0000bfe5) c.j     pc - 8
core   0: 3 0x8000b004 (0xbfe5)
core   0: 0x8000affc (0x00005f17) auipc   t5, 0x5
core   0: 3 0x8000affc (0x00005f17) x30 0x8000fffc
core   0: 0x8000b000 (0x003f2223) sw      gp, 4(t5)
core   0: 3 0x8000b000 (0x003f2223) mem 0x80010000 0x00000001
core   0: 0x8000b004 (0x0000bfe5) c.j     pc - 8
core   0: 3 0x8000b004 (0xbfe5)
core   0: 0x8000affc (0x00005f17) auipc   t5, 0x5
core   0: 3 0x8000affc (0x00005f17) x30 0x8000fffc
core   0: 0x8000b000 (0x003f2223) sw      gp, 4(t5)
core   0: 3 0x8000b000 (0x003f2223) mem 0x80010000 0x00000001
core   0: 0x8000b004 (0x0000bfe5) c.j     pc - 8
core   0: 3 0x8000b004 (0xbfe5)
core   0: 0x8000affc (0x00005f17) auipc   t5, 0x5
core   0: 3 0x8000affc (0x00005f17) x30 0x8000fffc
core   0: 0x8000b000 (0x003f2223) sw      gp, 4(t5)
core   0: 3 0x8000b000 (0x003f2223) mem 0x80010000 0x00000001
core   0: 0x8000b004 (0x0000bfe5) c.j     pc - 8
core   0: 3 0x8000b004 (0xbfe5)
core   0: 0x8000affc (0x00005f17) auipc   t5, 0x5
core   0: 3 0x8000affc (0x00005f17) x30 0x8000fffc
core   0: 0x8000b000 (0x003f2223) sw      gp, 4(t5)
core   0: 3 0x8000b000 (0x003f2223) mem 0x80010000 0x00000001
core   0: 0x8000b004 (0x0000bfe5) c.j     pc - 8
core   0: 3 0x8000b004 (0xbfe5)
core   0: 0x8000affc (0x00005f17) auipc   t5, 0x5
core   0: 3 0x8000affc (0x00005f17) x30 0x8000fffc
core   0: 0x8000b000 (0x003f2223) sw      gp, 4(t5)
core   0: 3 0x8000b000 (0x003f2223) mem 0x80010000 0x00000001
core   0: 0x8000b004 (0x0000bfe5) c.j     pc - 8
core   0: 3 0x8000b004 (0xbfe5)
core   0: 0x8000affc (0x00005f17) auipc   t5, 0x5
core   0: 3 0x8000affc (0x00005f17) x30 0x8000fffc
core   0: 0x8000b000 (0x003f2223) sw      gp, 4(t5)
core   0: 3 0x8000b000 (0x003f2223) mem 0x80010000 0x00000001
core   0: 0x8000b004 (0x0000bfe5) c.j     pc - 8
core   0: 3 0x8000b004 (0xbfe5)
core   0: 0x8000affc (0x00005f17) auipc   t5, 0x5
core   0: 3 0x8000affc (0x00005f17) x30 0x8000fffc
core   0: 0x8000b000 (0x003f2223) sw      gp, 4(t5)
core   0: 3 0x8000b000 (0x003f2223) mem 0x80010000 0x00000001
core   0: 0x8000b004 (0x0000bfe5) c.j     pc - 8
core   0: 3 0x8000b004 (0xbfe5)
core   0: 0x8000affc (0x00005f17) auipc   t5, 0x5
core   0: 3 0x8000affc (0x00005f17) x30 0x8000fffc
core   0: 0x8000b000 (0x003f2223) sw      gp, 4(t5)
core   0: 3 0x8000b000 (0x003f2223) mem 0x80010000 0x00000001
core   0: 0x8000b004 (0x0000bfe5) c.j     pc - 8
core   0: 3 0x8000b004 (0xbfe5)
core   0: 0x8000affc (0x00005f17) auipc   t5, 0x5
core   0: 3 0x8000affc (0x00005f17) x30 0x8000fffc
core   0: 0x8000b000 (0x003f2223) sw      gp, 4(t5)
core   0: 3 0x8000b000 (0x003f2223) mem 0x80010000 0x00000001
core   0: 0x8000b004 (0x0000bfe5) c.j     pc - 8
core   0: 3 0x8000b004 (0xbfe5)
core   0: 0x8000affc (0x00005f17) auipc   t5, 0x5
core   0: 3 0x8000affc (0x00005f17) x30 0x8000fffc
core   0: 0x8000b000 (0x003f2223) sw      gp, 4(t5)
core   0: 3 0x8000b000 (0x003f2223) mem 0x80010000 0x00000001
core   0: 0x8000b004 (0x0000bfe5) c.j     pc - 8
core   0: 3 0x8000b004 (0xbfe5)
core   0: 0x8000affc (0x00005f17) auipc   t5, 0x5
core   0: 3 0x8000affc (0x00005f17) x30 0x8000fffc
core   0: 0x8000b000 (0x003f2223) sw      gp, 4(t5)
core   0: 3 0x8000b000 (0x003f2223) mem 0x80010000 0x00000001
core   0: 0x8000b004 (0x0000bfe5) c.j     pc - 8
core   0: 3 0x8000b004 (0xbfe5)
core   0: 0x8000affc (0x00005f17) auipc   t5, 0x5
core   0: 3 0x8000affc (0x00005f17) x30 0x8000fffc
core   0: 0x8000b000 (0x003f2223) sw      gp, 4(t5)
core   0: 3 0x8000b000 (0x003f2223) mem 0x80010000 0x00000001
core   0: 0x8000b004 (0x0000bfe5) c.j     pc - 8
core   0: 3 0x8000b004 (0xbfe5)
core   0: 0x8000affc (0x00005f17) auipc   t5, 0x5
core   0: 3 0x8000affc (0x00005f17) x30 0x8000fffc
core   0: 0x8000b000 (0x003f2223) sw      gp, 4(t5)
core   0: 3 0x8000b000 (0x003f2223) mem 0x80010000 0x00000001
core   0: 0x8000b004 (0x0000bfe5) c.j     pc - 8
core   0: 3 0x8000b004 (0xbfe5)
core   0: 0x8000affc (0x00005f17) auipc   t5, 0x5
core   0: 3 0x8000affc (0x00005f17) x30 0x8000fffc
core   0: 0x8000b000 (0x003f2223) sw      gp, 4(t5)
core   0: 3 0x8000b000 (0x003f2223) mem 0x80010000 0x00000001
core   0: 0x8000b004 (0x0000bfe5) c.j     pc - 8
core   0: 3 0x8000b004 (0xbfe5)
core   0: 0x8000affc (0x00005f17) auipc   t5, 0x5
core   0: 3 0x8000affc (0x00005f17) x30 0x8000fffc
core   0: 0x8000b000 (0x003f2223) sw      gp, 4(t5)
core   0: 3 0x8000b000 (0x003f2223) mem 0x80010000 0x00000001
core   0: 0x8000b004 (0x0000bfe5) c.j     pc - 8
core   0: 3 0x8000b004 (0xbfe5)
core   0: 0x8000affc (0x00005f17) auipc   t5, 0x5
core   0: 3 0x8000affc (0x00005f17) x30 0x8000fffc
core   0: 0x8000b000 (0x003f2223) sw      gp, 4(t5)
core   0: 3 0x8000b000 (0x003f2223) mem 0x80010000 0x00000001
core   0: 0x8000b004 (0x0000bfe5) c.j     pc - 8
core   0: 3 0x8000b004 (0xbfe5)
core   0: 0x8000affc (0x00005f17) auipc   t5, 0x5
core   0: 3 0x8000affc (0x00005f17) x30 0x8000fffc
core   0: 0x8000b000 (0x003f2223) sw      gp, 4(t5)
core   0: 3 0x8000b000 (0x003f2223) mem 0x80010000 0x00000001
core   0: 0x8000b004 (0x0000bfe5) c.j     pc - 8
core   0: 3 0x8000b004 (0xbfe5)
core   0: 0x8000affc (0x00005f17) auipc   t5, 0x5
core   0: 3 0x8000affc (0x00005f17) x30 0x8000fffc
core   0: 0x8000b000 (0x003f2223) sw      gp, 4(t5)
core   0: 3 0x8000b000 (0x003f2223) mem 0x80010000 0x00000001
core   0: 0x8000b004 (0x0000bfe5) c.j     pc - 8
core   0: 3 0x8000b004 (0xbfe5)
core   0: 0x8000affc (0x00005f17) auipc   t5, 0x5
core   0: 3 0x8000affc (0x00005f17) x30 0x8000fffc
core   0: 0x8000b000 (0x003f2223) sw      gp, 4(t5)
core   0: 3 0x8000b000 (0x003f2223) mem 0x80010000 0x00000001
core   0: 0x8000b004 (0x0000bfe5) c.j     pc - 8
core   0: 3 0x8000b004 (0xbfe5)
core   0: 0x8000affc (0x00005f17) auipc   t5, 0x5
core   0: 3 0x8000affc (0x00005f17) x30 0x8000fffc
core   0: 0x8000b000 (0x003f2223) sw      gp, 4(t5)
core   0: 3 0x8000b000 (0x003f2223) mem 0x80010000 0x00000001
core   0: 0x8000b004 (0x0000bfe5) c.j     pc - 8
core   0: 3 0x8000b004 (0xbfe5)
core   0: 0x8000affc (0x00005f17) auipc   t5, 0x5
core   0: 3 0x8000affc (0x00005f17) x30 0x8000fffc
core   0: 0x8000b000 (0x003f2223) sw      gp, 4(t5)
core   0: 3 0x8000b000 (0x003f2223) mem 0x80010000 0x00000001
core   0: 0x8000b004 (0x0000bfe5) c.j     pc - 8
core   0: 3 0x8000b004 (0xbfe5)
core   0: 0x8000affc (0x00005f17) auipc   t5, 0x5
core   0: 3 0x8000affc (0x00005f17) x30 0x8000fffc
core   0: 0x8000b000 (0x003f2223) sw      gp, 4(t5)
core   0: 3 0x8000b000 (0x003f2223) mem 0x80010000 0x00000001
core   0: 0x8000b004 (0x0000bfe5) c.j     pc - 8
core   0: 3 0x8000b004 (0xbfe5)
core   0: 0x8000affc (0x00005f17) auipc   t5, 0x5
core   0: 3 0x8000affc (0x00005f17) x30 0x8000fffc
core   0: 0x8000b000 (0x003f2223) sw      gp, 4(t5)
core   0: 3 0x8000b000 (0x003f2223) mem 0x80010000 0x00000001
core   0: 0x8000b004 (0x0000bfe5) c.j     pc - 8
core   0: 3 0x8000b004 (0xbfe5)
core   0: 0x8000affc (0x00005f17) auipc   t5, 0x5
core   0: 3 0x8000affc (0x00005f17) x30 0x8000fffc
core   0: 0x8000b000 (0x003f2223) sw      gp, 4(t5)
core   0: 3 0x8000b000 (0x003f2223) mem 0x80010000 0x00000001
core   0: 0x8000b004 (0x0000bfe5) c.j     pc - 8
core   0: 3 0x8000b004 (0xbfe5)
core   0: 0x8000affc (0x00005f17) auipc   t5, 0x5
core   0: 3 0x8000affc (0x00005f17) x30 0x8000fffc
core   0: 0x8000b000 (0x003f2223) sw      gp, 4(t5)
core   0: 3 0x8000b000 (0x003f2223) mem 0x80010000 0x00000001
core   0: 0x8000b004 (0x0000bfe5) c.j     pc - 8
core   0: 3 0x8000b004 (0xbfe5)
core   0: 0x8000affc (0x00005f17) auipc   t5, 0x5
core   0: 3 0x8000affc (0x00005f17) x30 0x8000fffc
core   0: 0x8000b000 (0x003f2223) sw      gp, 4(t5)
core   0: 3 0x8000b000 (0x003f2223) mem 0x80010000 0x00000001
core   0: 0x8000b004 (0x0000bfe5) c.j     pc - 8
core   0: 3 0x8000b004 (0xbfe5)
core   0: 0x8000affc (0x00005f17) auipc   t5, 0x5
core   0: 3 0x8000affc (0x00005f17) x30 0x8000fffc
core   0: 0x8000b000 (0x003f2223) sw      gp, 4(t5)
core   0: 3 0x8000b000 (0x003f2223) mem 0x80010000 0x00000001
core   0: 0x8000b004 (0x0000bfe5) c.j     pc - 8
core   0: 3 0x8000b004 (0xbfe5)
core   0: 0x8000affc (0x00005f17) auipc   t5, 0x5
core   0: 3 0x8000affc (0x00005f17) x30 0x8000fffc
core   0: 0x8000b000 (0x003f2223) sw      gp, 4(t5)
core   0: 3 0x8000b000 (0x003f2223) mem 0x80010000 0x00000001
core   0: 0x8000b004 (0x0000bfe5) c.j     pc - 8
core   0: 3 0x8000b004 (0xbfe5)
core   0: 0x8000affc (0x00005f17) auipc   t5, 0x5
core   0: 3 0x8000affc (0x00005f17) x30 0x8000fffc
core   0: 0x8000b000 (0x003f2223) sw      gp, 4(t5)
core   0: 3 0x8000b000 (0x003f2223) mem 0x80010000 0x00000001
core   0: 0x8000b004 (0x0000bfe5) c.j     pc - 8
core   0: 3 0x8000b004 (0xbfe5)
core   0: 0x8000affc (0x00005f17) auipc   t5, 0x5
core   0: 3 0x8000affc (0x00005f17) x30 0x8000fffc
core   0: 0x8000b000 (0x003f2223) sw      gp, 4(t5)
core   0: 3 0x8000b000 (0x003f2223) mem 0x80010000 0x00000001
core   0: 0x8000b004 (0x0000bfe5) c.j     pc - 8
core   0: 3 0x8000b004 (0xbfe5)
core   0: 0x8000affc (0x00005f17) auipc   t5, 0x5
core   0: 3 0x8000affc (0x00005f17) x30 0x8000fffc
core   0: 0x8000b000 (0x003f2223) sw      gp, 4(t5)
core   0: 3 0x8000b000 (0x003f2223) mem 0x80010000 0x00000001
core   0: 0x8000b004 (0x0000bfe5) c.j     pc - 8
core   0: 3 0x8000b004 (0xbfe5)
core   0: 0x8000affc (0x00005f17) auipc   t5, 0x5
core   0: 3 0x8000affc (0x00005f17) x30 0x8000fffc
core   0: 0x8000b000 (0x003f2223) sw      gp, 4(t5)
core   0: 3 0x8000b000 (0x003f2223) mem 0x80010000 0x00000001
core   0: 0x8000b004 (0x0000bfe5) c.j     pc - 8
core   0: 3 0x8000b004 (0xbfe5)
core   0: 0x8000affc (0x00005f17) auipc   t5, 0x5
core   0: 3 0x8000affc (0x00005f17) x30 0x8000fffc
core   0: 0x8000b000 (0x003f2223) sw      gp, 4(t5)
core   0: 3 0x8000b000 (0x003f2223) mem 0x80010000 0x00000001
core   0: 0x8000b004 (0x0000bfe5) c.j     pc - 8
core   0: 3 0x8000b004 (0xbfe5)
core   0: 0x8000affc (0x00005f17) auipc   t5, 0x5
core   0: 3 0x8000affc (0x00005f17) x30 0x8000fffc
core   0: 0x8000b000 (0x003f2223) sw      gp, 4(t5)
core   0: 3 0x8000b000 (0x003f2223) mem 0x80010000 0x00000001
core   0: 0x8000b004 (0x0000bfe5) c.j     pc - 8
core   0: 3 0x8000b004 (0xbfe5)
core   0: 0x8000affc (0x00005f17) auipc   t5, 0x5
core   0: 3 0x8000affc (0x00005f17) x30 0x8000fffc
core   0: 0x8000b000 (0x003f2223) sw      gp, 4(t5)
core   0: 3 0x8000b000 (0x003f2223) mem 0x80010000 0x00000001
core   0: 0x8000b004 (0x0000bfe5) c.j     pc - 8
core   0: 3 0x8000b004 (0xbfe5)
core   0: 0x8000affc (0x00005f17) auipc   t5, 0x5
core   0: 3 0x8000affc (0x00005f17) x30 0x8000fffc
core   0: 0x8000b000 (0x003f2223) sw      gp, 4(t5)
core   0: 3 0x8000b000 (0x003f2223) mem 0x80010000 0x00000001
core   0: 0x8000b004 (0x0000bfe5) c.j     pc - 8
core   0: 3 0x8000b004 (0xbfe5)
core   0: 0x8000affc (0x00005f17) auipc   t5, 0x5
core   0: 3 0x8000affc (0x00005f17) x30 0x8000fffc
core   0: 0x8000b000 (0x003f2223) sw      gp, 4(t5)
core   0: 3 0x8000b000 (0x003f2223) mem 0x80010000 0x00000001
core   0: 0x8000b004 (0x0000bfe5) c.j     pc - 8
core   0: 3 0x8000b004 (0xbfe5)
core   0: 0x8000affc (0x00005f17) auipc   t5, 0x5
core   0: 3 0x8000affc (0x00005f17) x30 0x8000fffc
core   0: 0x8000b000 (0x003f2223) sw      gp, 4(t5)
core   0: 3 0x8000b000 (0x003f2223) mem 0x80010000 0x00000001
core   0: 0x8000b004 (0x0000bfe5) c.j     pc - 8
core   0: 3 0x8000b004 (0xbfe5)
core   0: 0x8000affc (0x00005f17) auipc   t5, 0x5
core   0: 3 0x8000affc (0x00005f17) x30 0x8000fffc
core   0: 0x8000b000 (0x003f2223) sw      gp, 4(t5)
core   0: 3 0x8000b000 (0x003f2223) mem 0x80010000 0x00000001
core   0: 0x8000b004 (0x0000bfe5) c.j     pc - 8
core   0: 3 0x8000b004 (0xbfe5)
core   0: 0x8000affc (0x00005f17) auipc   t5, 0x5
core   0: 3 0x8000affc (0x00005f17) x30 0x8000fffc
core   0: 0x8000b000 (0x003f2223) sw      gp, 4(t5)
core   0: 3 0x8000b000 (0x003f2223) mem 0x80010000 0x00000001
core   0: 0x8000b004 (0x0000bfe5) c.j     pc - 8
core   0: 3 0x8000b004 (0xbfe5)
core   0: 0x8000affc (0x00005f17) auipc   t5, 0x5
core   0: 3 0x8000affc (0x00005f17) x30 0x8000fffc
core   0: 0x8000b000 (0x003f2223) sw      gp, 4(t5)
core   0: 3 0x8000b000 (0x003f2223) mem 0x80010000 0x00000001
core   0: 0x8000b004 (0x0000bfe5) c.j     pc - 8
core   0: 3 0x8000b004 (0xbfe5)
core   0: 0x8000affc (0x00005f17) auipc   t5, 0x5
core   0: 3 0x8000affc (0x00005f17) x30 0x8000fffc
core   0: 0x8000b000 (0x003f2223) sw      gp, 4(t5)
core   0: 3 0x8000b000 (0x003f2223) mem 0x80010000 0x00000001
core   0: 0x8000b004 (0x0000bfe5) c.j     pc - 8
core   0: 3 0x8000b004 (0xbfe5)
core   0: 0x8000affc (0x00005f17) auipc   t5, 0x5
core   0: 3 0x8000affc (0x00005f17) x30 0x8000fffc
core   0: 0x8000b000 (0x003f2223) sw      gp, 4(t5)
core   0: 3 0x8000b000 (0x003f2223) mem 0x80010000 0x00000001
core   0: 0x8000b004 (0x0000bfe5) c.j     pc - 8
core   0: 3 0x8000b004 (0xbfe5)
core   0: 0x8000affc (0x00005f17) auipc   t5, 0x5
core   0: 3 0x8000affc (0x00005f17) x30 0x8000fffc
core   0: 0x8000b000 (0x003f2223) sw      gp, 4(t5)
core   0: 3 0x8000b000 (0x003f2223) mem 0x80010000 0x00000001
core   0: 0x8000b004 (0x0000bfe5) c.j     pc - 8
core   0: 3 0x8000b004 (0xbfe5)
core   0: 0x8000affc (0x00005f17) auipc   t5, 0x5
core   0: 3 0x8000affc (0x00005f17) x30 0x8000fffc
core   0: 0x8000b000 (0x003f2223) sw      gp, 4(t5)
core   0: 3 0x8000b000 (0x003f2223) mem 0x80010000 0x00000001
core   0: 0x8000b004 (0x0000bfe5) c.j     pc - 8
core   0: 3 0x8000b004 (0xbfe5)
core   0: 0x8000affc (0x00005f17) auipc   t5, 0x5
core   0: 3 0x8000affc (0x00005f17) x30 0x8000fffc
core   0: 0x8000b000 (0x003f2223) sw      gp, 4(t5)
core   0: 3 0x8000b000 (0x003f2223) mem 0x80010000 0x00000001
core   0: 0x8000b004 (0x0000bfe5) c.j     pc - 8
core   0: 3 0x8000b004 (0xbfe5)
core   0: 0x8000affc (0x00005f17) auipc   t5, 0x5
core   0: 3 0x8000affc (0x00005f17) x30 0x8000fffc
core   0: 0x8000b000 (0x003f2223) sw      gp, 4(t5)
core   0: 3 0x8000b000 (0x003f2223) mem 0x80010000 0x00000001
core   0: 0x8000b004 (0x0000bfe5) c.j     pc - 8
core   0: 3 0x8000b004 (0xbfe5)
core   0: 0x8000affc (0x00005f17) auipc   t5, 0x5
core   0: 3 0x8000affc (0x00005f17) x30 0x8000fffc
core   0: 0x8000b000 (0x003f2223) sw      gp, 4(t5)
core   0: 3 0x8000b000 (0x003f2223) mem 0x80010000 0x00000001
core   0: 0x8000b004 (0x0000bfe5) c.j     pc - 8
core   0: 3 0x8000b004 (0xbfe5)
core   0: 0x8000affc (0x00005f17) auipc   t5, 0x5
core   0: 3 0x8000affc (0x00005f17) x30 0x8000fffc
core   0: 0x8000b000 (0x003f2223) sw      gp, 4(t5)
core   0: 3 0x8000b000 (0x003f2223) mem 0x80010000 0x00000001
core   0: 0x8000b004 (0x0000bfe5) c.j     pc - 8
core   0: 3 0x8000b004 (0xbfe5)
core   0: 0x8000affc (0x00005f17) auipc   t5, 0x5
core   0: 3 0x8000affc (0x00005f17) x30 0x8000fffc
core   0: 0x8000b000 (0x003f2223) sw      gp, 4(t5)
core   0: 3 0x8000b000 (0x003f2223) mem 0x80010000 0x00000001
core   0: 0x8000b004 (0x0000bfe5) c.j     pc - 8
core   0: 3 0x8000b004 (0xbfe5)
core   0: 0x8000affc (0x00005f17) auipc   t5, 0x5
core   0: 3 0x8000affc (0x00005f17) x30 0x8000fffc
core   0: 0x8000b000 (0x003f2223) sw      gp, 4(t5)
core   0: 3 0x8000b000 (0x003f2223) mem 0x80010000 0x00000001
core   0: 0x8000b004 (0x0000bfe5) c.j     pc - 8
core   0: 3 0x8000b004 (0xbfe5)
core   0: 0x8000affc (0x00005f17) auipc   t5, 0x5
core   0: 3 0x8000affc (0x00005f17) x30 0x8000fffc
core   0: 0x8000b000 (0x003f2223) sw      gp, 4(t5)
core   0: 3 0x8000b000 (0x003f2223) mem 0x80010000 0x00000001
core   0: 0x8000b004 (0x0000bfe5) c.j     pc - 8
core   0: 3 0x8000b004 (0xbfe5)
core   0: 0x8000affc (0x00005f17) auipc   t5, 0x5
core   0: 3 0x8000affc (0x00005f17) x30 0x8000fffc
core   0: 0x8000b000 (0x003f2223) sw      gp, 4(t5)
core   0: 3 0x8000b000 (0x003f2223) mem 0x80010000 0x00000001
core   0: 0x8000b004 (0x0000bfe5) c.j     pc - 8
core   0: 3 0x8000b004 (0xbfe5)
core   0: 0x8000affc (0x00005f17) auipc   t5, 0x5
core   0: 3 0x8000affc (0x00005f17) x30 0x8000fffc
core   0: 0x8000b000 (0x003f2223) sw      gp, 4(t5)
core   0: 3 0x8000b000 (0x003f2223) mem 0x80010000 0x00000001
core   0: 0x8000b004 (0x0000bfe5) c.j     pc - 8
core   0: 3 0x8000b004 (0xbfe5)
core   0: 0x8000affc (0x00005f17) auipc   t5, 0x5
core   0: 3 0x8000affc (0x00005f17) x30 0x8000fffc
core   0: 0x8000b000 (0x003f2223) sw      gp, 4(t5)
core   0: 3 0x8000b000 (0x003f2223) mem 0x80010000 0x00000001
core   0: 0x8000b004 (0x0000bfe5) c.j     pc - 8
core   0: 3 0x8000b004 (0xbfe5)
core   0: 0x8000affc (0x00005f17) auipc   t5, 0x5
core   0: 3 0x8000affc (0x00005f17) x30 0x8000fffc
core   0: 0x8000b000 (0x003f2223) sw      gp, 4(t5)
core   0: 3 0x8000b000 (0x003f2223) mem 0x80010000 0x00000001
core   0: 0x8000b004 (0x0000bfe5) c.j     pc - 8
core   0: 3 0x8000b004 (0xbfe5)
core   0: 0x8000affc (0x00005f17) auipc   t5, 0x5
core   0: 3 0x8000affc (0x00005f17) x30 0x8000fffc
core   0: 0x8000b000 (0x003f2223) sw      gp, 4(t5)
core   0: 3 0x8000b000 (0x003f2223) mem 0x80010000 0x00000001
core   0: 0x8000b004 (0x0000bfe5) c.j     pc - 8
core   0: 3 0x8000b004 (0xbfe5)
core   0: 0x8000affc (0x00005f17) auipc   t5, 0x5
core   0: 3 0x8000affc (0x00005f17) x30 0x8000fffc
core   0: 0x8000b000 (0x003f2223) sw      gp, 4(t5)
core   0: 3 0x8000b000 (0x003f2223) mem 0x80010000 0x00000001
core   0: 0x8000b004 (0x0000bfe5) c.j     pc - 8
core   0: 3 0x8000b004 (0xbfe5)
core   0: 0x8000affc (0x00005f17) auipc   t5, 0x5
core   0: 3 0x8000affc (0x00005f17) x30 0x8000fffc
core   0: 0x8000b000 (0x003f2223) sw      gp, 4(t5)
core   0: 3 0x8000b000 (0x003f2223) mem 0x80010000 0x00000001
core   0: 0x8000b004 (0x0000bfe5) c.j     pc - 8
core   0: 3 0x8000b004 (0xbfe5)
core   0: 0x8000affc (0x00005f17) auipc   t5, 0x5
core   0: 3 0x8000affc (0x00005f17) x30 0x8000fffc
core   0: 0x8000b000 (0x003f2223) sw      gp, 4(t5)
core   0: 3 0x8000b000 (0x003f2223) mem 0x80010000 0x00000001
core   0: 0x8000b004 (0x0000bfe5) c.j     pc - 8
core   0: 3 0x8000b004 (0xbfe5)
core   0: 0x8000affc (0x00005f17) auipc   t5, 0x5
core   0: 3 0x8000affc (0x00005f17) x30 0x8000fffc
core   0: 0x8000b000 (0x003f2223) sw      gp, 4(t5)
core   0: 3 0x8000b000 (0x003f2223) mem 0x80010000 0x00000001
core   0: 0x8000b004 (0x0000bfe5) c.j     pc - 8
core   0: 3 0x8000b004 (0xbfe5)
core   0: 0x8000affc (0x00005f17) auipc   t5, 0x5
core   0: 3 0x8000affc (0x00005f17) x30 0x8000fffc
core   0: 0x8000b000 (0x003f2223) sw      gp, 4(t5)
core   0: 3 0x8000b000 (0x003f2223) mem 0x80010000 0x00000001
core   0: 0x8000b004 (0x0000bfe5) c.j     pc - 8
core   0: 3 0x8000b004 (0xbfe5)
core   0: 0x8000affc (0x00005f17) auipc   t5, 0x5
core   0: 3 0x8000affc (0x00005f17) x30 0x8000fffc
core   0: 0x8000b000 (0x003f2223) sw      gp, 4(t5)
core   0: 3 0x8000b000 (0x003f2223) mem 0x80010000 0x00000001
core   0: 0x8000b004 (0x0000bfe5) c.j     pc - 8
core   0: 3 0x8000b004 (0xbfe5)
core   0: 0x8000affc (0x00005f17) auipc   t5, 0x5
core   0: 3 0x8000affc (0x00005f17) x30 0x8000fffc
core   0: 0x8000b000 (0x003f2223) sw      gp, 4(t5)
core   0: 3 0x8000b000 (0x003f2223) mem 0x80010000 0x00000001
core   0: 0x8000b004 (0x0000bfe5) c.j     pc - 8
core   0: 3 0x8000b004 (0xbfe5)
core   0: 0x8000affc (0x00005f17) auipc   t5, 0x5
core   0: 3 0x8000affc (0x00005f17) x30 0x8000fffc
core   0: 0x8000b000 (0x003f2223) sw      gp, 4(t5)
core   0: 3 0x8000b000 (0x003f2223) mem 0x80010000 0x00000001
core   0: 0x8000b004 (0x0000bfe5) c.j     pc - 8
core   0: 3 0x8000b004 (0xbfe5)
core   0: 0x8000affc (0x00005f17) auipc   t5, 0x5
core   0: 3 0x8000affc (0x00005f17) x30 0x8000fffc
core   0: 0x8000b000 (0x003f2223) sw      gp, 4(t5)
core   0: 3 0x8000b000 (0x003f2223) mem 0x80010000 0x00000001
core   0: 0x8000b004 (0x0000bfe5) c.j     pc - 8
core   0: 3 0x8000b004 (0xbfe5)
core   0: 0x8000affc (0x00005f17) auipc   t5, 0x5
core   0: 3 0x8000affc (0x00005f17) x30 0x8000fffc
core   0: 0x8000b000 (0x003f2223) sw      gp, 4(t5)
core   0: 3 0x8000b000 (0x003f2223) mem 0x80010000 0x00000001
core   0: 0x8000b004 (0x0000bfe5) c.j     pc - 8
core   0: 3 0x8000b004 (0xbfe5)
core   0: 0x8000affc (0x00005f17) auipc   t5, 0x5
core   0: 3 0x8000affc (0x00005f17) x30 0x8000fffc
core   0: 0x8000b000 (0x003f2223) sw      gp, 4(t5)
core   0: 3 0x8000b000 (0x003f2223) mem 0x80010000 0x00000001
core   0: 0x8000b004 (0x0000bfe5) c.j     pc - 8
core   0: 3 0x8000b004 (0xbfe5)
core   0: 0x8000affc (0x00005f17) auipc   t5, 0x5
core   0: 3 0x8000affc (0x00005f17) x30 0x8000fffc
core   0: 0x8000b000 (0x003f2223) sw      gp, 4(t5)
core   0: 3 0x8000b000 (0x003f2223) mem 0x80010000 0x00000001
core   0: 0x8000b004 (0x0000bfe5) c.j     pc - 8
core   0: 3 0x8000b004 (0xbfe5)
core   0: 0x8000affc (0x00005f17) auipc   t5, 0x5
core   0: 3 0x8000affc (0x00005f17) x30 0x8000fffc
core   0: 0x8000b000 (0x003f2223) sw      gp, 4(t5)
core   0: 3 0x8000b000 (0x003f2223) mem 0x80010000 0x00000001
core   0: 0x8000b004 (0x0000bfe5) c.j     pc - 8
core   0: 3 0x8000b004 (0xbfe5)
core   0: 0x8000affc (0x00005f17) auipc   t5, 0x5
core   0: 3 0x8000affc (0x00005f17) x30 0x8000fffc
core   0: 0x8000b000 (0x003f2223) sw      gp, 4(t5)
core   0: 3 0x8000b000 (0x003f2223) mem 0x80010000 0x00000001
core   0: 0x8000b004 (0x0000bfe5) c.j     pc - 8
core   0: 3 0x8000b004 (0xbfe5)
core   0: 0x8000affc (0x00005f17) auipc   t5, 0x5
core   0: 3 0x8000affc (0x00005f17) x30 0x8000fffc
core   0: 0x8000b000 (0x003f2223) sw      gp, 4(t5)
core   0: 3 0x8000b000 (0x003f2223) mem 0x80010000 0x00000001
core   0: 0x8000b004 (0x0000bfe5) c.j     pc - 8
core   0: 3 0x8000b004 (0xbfe5)
core   0: 0x8000affc (0x00005f17) auipc   t5, 0x5
core   0: 3 0x8000affc (0x00005f17) x30 0x8000fffc
core   0: 0x8000b000 (0x003f2223) sw      gp, 4(t5)
core   0: 3 0x8000b000 (0x003f2223) mem 0x80010000 0x00000001
core   0: 0x8000b004 (0x0000bfe5) c.j     pc - 8
core   0: 3 0x8000b004 (0xbfe5)
core   0: 0x8000affc (0x00005f17) auipc   t5, 0x5
core   0: 3 0x8000affc (0x00005f17) x30 0x8000fffc
core   0: 0x8000b000 (0x003f2223) sw      gp, 4(t5)
core   0: 3 0x8000b000 (0x003f2223) mem 0x80010000 0x00000001
core   0: 0x8000b004 (0x0000bfe5) c.j     pc - 8
core   0: 3 0x8000b004 (0xbfe5)
core   0: 0x8000affc (0x00005f17) auipc   t5, 0x5
core   0: 3 0x8000affc (0x00005f17) x30 0x8000fffc
core   0: 0x8000b000 (0x003f2223) sw      gp, 4(t5)
core   0: 3 0x8000b000 (0x003f2223) mem 0x80010000 0x00000001
core   0: 0x8000b004 (0x0000bfe5) c.j     pc - 8
core   0: 3 0x8000b004 (0xbfe5)
core   0: 0x8000affc (0x00005f17) auipc   t5, 0x5
core   0: 3 0x8000affc (0x00005f17) x30 0x8000fffc
core   0: 0x8000b000 (0x003f2223) sw      gp, 4(t5)
core   0: 3 0x8000b000 (0x003f2223) mem 0x80010000 0x00000001
core   0: 0x8000b004 (0x0000bfe5) c.j     pc - 8
core   0: 3 0x8000b004 (0xbfe5)
core   0: 0x8000affc (0x00005f17) auipc   t5, 0x5
core   0: 3 0x8000affc (0x00005f17) x30 0x8000fffc
core   0: 0x8000b000 (0x003f2223) sw      gp, 4(t5)
core   0: 3 0x8000b000 (0x003f2223) mem 0x80010000 0x00000001
core   0: 0x8000b004 (0x0000bfe5) c.j     pc - 8
core   0: 3 0x8000b004 (0xbfe5)
core   0: 0x8000affc (0x00005f17) auipc   t5, 0x5
core   0: 3 0x8000affc (0x00005f17) x30 0x8000fffc
core   0: 0x8000b000 (0x003f2223) sw      gp, 4(t5)
core   0: 3 0x8000b000 (0x003f2223) mem 0x80010000 0x00000001
core   0: 0x8000b004 (0x0000bfe5) c.j     pc - 8
core   0: 3 0x8000b004 (0xbfe5)
core   0: 0x8000affc (0x00005f17) auipc   t5, 0x5
core   0: 3 0x8000affc (0x00005f17) x30 0x8000fffc
core   0: 0x8000b000 (0x003f2223) sw      gp, 4(t5)
core   0: 3 0x8000b000 (0x003f2223) mem 0x80010000 0x00000001
core   0: 0x8000b004 (0x0000bfe5) c.j     pc - 8
core   0: 3 0x8000b004 (0xbfe5)
core   0: 0x8000affc (0x00005f17) auipc   t5, 0x5
core   0: 3 0x8000affc (0x00005f17) x30 0x8000fffc
core   0: 0x8000b000 (0x003f2223) sw      gp, 4(t5)
core   0: 3 0x8000b000 (0x003f2223) mem 0x80010000 0x00000001
core   0: 0x8000b004 (0x0000bfe5) c.j     pc - 8
core   0: 3 0x8000b004 (0xbfe5)
core   0: 0x8000affc (0x00005f17) auipc   t5, 0x5
core   0: 3 0x8000affc (0x00005f17) x30 0x8000fffc
core   0: 0x8000b000 (0x003f2223) sw      gp, 4(t5)
core   0: 3 0x8000b000 (0x003f2223) mem 0x80010000 0x00000001
core   0: 0x8000b004 (0x0000bfe5) c.j     pc - 8
core   0: 3 0x8000b004 (0xbfe5)
core   0: 0x8000affc (0x00005f17) auipc   t5, 0x5
core   0: 3 0x8000affc (0x00005f17) x30 0x8000fffc
core   0: 0x8000b000 (0x003f2223) sw      gp, 4(t5)
core   0: 3 0x8000b000 (0x003f2223) mem 0x80010000 0x00000001
core   0: 0x8000b004 (0x0000bfe5) c.j     pc - 8
core   0: 3 0x8000b004 (0xbfe5)
core   0: 0x8000affc (0x00005f17) auipc   t5, 0x5
core   0: 3 0x8000affc (0x00005f17) x30 0x8000fffc
core   0: 0x8000b000 (0x003f2223) sw      gp, 4(t5)
core   0: 3 0x8000b000 (0x003f2223) mem 0x80010000 0x00000001
core   0: 0x8000b004 (0x0000bfe5) c.j     pc - 8
core   0: 3 0x8000b004 (0xbfe5)
core   0: 0x8000affc (0x00005f17) auipc   t5, 0x5
core   0: 3 0x8000affc (0x00005f17) x30 0x8000fffc
core   0: 0x8000b000 (0x003f2223) sw      gp, 4(t5)
core   0: 3 0x8000b000 (0x003f2223) mem 0x80010000 0x00000001
core   0: 0x8000b004 (0x0000bfe5) c.j     pc - 8
core   0: 3 0x8000b004 (0xbfe5)
core   0: 0x8000affc (0x00005f17) auipc   t5, 0x5
core   0: 3 0x8000affc (0x00005f17) x30 0x8000fffc
core   0: 0x8000b000 (0x003f2223) sw      gp, 4(t5)
core   0: 3 0x8000b000 (0x003f2223) mem 0x80010000 0x00000001
core   0: 0x8000b004 (0x0000bfe5) c.j     pc - 8
core   0: 3 0x8000b004 (0xbfe5)
core   0: 0x8000affc (0x00005f17) auipc   t5, 0x5
core   0: 3 0x8000affc (0x00005f17) x30 0x8000fffc
core   0: 0x8000b000 (0x003f2223) sw      gp, 4(t5)
core   0: 3 0x8000b000 (0x003f2223) mem 0x80010000 0x00000001
core   0: 0x8000b004 (0x0000bfe5) c.j     pc - 8
core   0: 3 0x8000b004 (0xbfe5)
core   0: 0x8000affc (0x00005f17) auipc   t5, 0x5
core   0: 3 0x8000affc (0x00005f17) x30 0x8000fffc
core   0: 0x8000b000 (0x003f2223) sw      gp, 4(t5)
core   0: 3 0x8000b000 (0x003f2223) mem 0x80010000 0x00000001
core   0: 0x8000b004 (0x0000bfe5) c.j     pc - 8
core   0: 3 0x8000b004 (0xbfe5)
core   0: 0x8000affc (0x00005f17) auipc   t5, 0x5
core   0: 3 0x8000affc (0x00005f17) x30 0x8000fffc
core   0: 0x8000b000 (0x003f2223) sw      gp, 4(t5)
core   0: 3 0x8000b000 (0x003f2223) mem 0x80010000 0x00000001
core   0: 0x8000b004 (0x0000bfe5) c.j     pc - 8
core   0: 3 0x8000b004 (0xbfe5)
core   0: 0x8000affc (0x00005f17) auipc   t5, 0x5
core   0: 3 0x8000affc (0x00005f17) x30 0x8000fffc
core   0: 0x8000b000 (0x003f2223) sw      gp, 4(t5)
core   0: 3 0x8000b000 (0x003f2223) mem 0x80010000 0x00000001
core   0: 0x8000b004 (0x0000bfe5) c.j     pc - 8
core   0: 3 0x8000b004 (0xbfe5)
core   0: 0x8000affc (0x00005f17) auipc   t5, 0x5
core   0: 3 0x8000affc (0x00005f17) x30 0x8000fffc
core   0: 0x8000b000 (0x003f2223) sw      gp, 4(t5)
core   0: 3 0x8000b000 (0x003f2223) mem 0x80010000 0x00000001
core   0: 0x8000b004 (0x0000bfe5) c.j     pc - 8
core   0: 3 0x8000b004 (0xbfe5)
core   0: 0x8000affc (0x00005f17) auipc   t5, 0x5
core   0: 3 0x8000affc (0x00005f17) x30 0x8000fffc
core   0: 0x8000b000 (0x003f2223) sw      gp, 4(t5)
core   0: 3 0x8000b000 (0x003f2223) mem 0x80010000 0x00000001
core   0: 0x8000b004 (0x0000bfe5) c.j     pc - 8
core   0: 3 0x8000b004 (0xbfe5)
core   0: 0x8000affc (0x00005f17) auipc   t5, 0x5
core   0: 3 0x8000affc (0x00005f17) x30 0x8000fffc
core   0: 0x8000b000 (0x003f2223) sw      gp, 4(t5)
core   0: 3 0x8000b000 (0x003f2223) mem 0x80010000 0x00000001
core   0: 0x8000b004 (0x0000bfe5) c.j     pc - 8
core   0: 3 0x8000b004 (0xbfe5)
core   0: 0x8000affc (0x00005f17) auipc   t5, 0x5
core   0: 3 0x8000affc (0x00005f17) x30 0x8000fffc
core   0: 0x8000b000 (0x003f2223) sw      gp, 4(t5)
core   0: 3 0x8000b000 (0x003f2223) mem 0x80010000 0x00000001
core   0: 0x8000b004 (0x0000bfe5) c.j     pc - 8
core   0: 3 0x8000b004 (0xbfe5)
core   0: 0x8000affc (0x00005f17) auipc   t5, 0x5
core   0: 3 0x8000affc (0x00005f17) x30 0x8000fffc
core   0: 0x8000b000 (0x003f2223) sw      gp, 4(t5)
core   0: 3 0x8000b000 (0x003f2223) mem 0x80010000 0x00000001
core   0: 0x8000b004 (0x0000bfe5) c.j     pc - 8
core   0: 3 0x8000b004 (0xbfe5)
core   0: 0x8000affc (0x00005f17) auipc   t5, 0x5
core   0: 3 0x8000affc (0x00005f17) x30 0x8000fffc
core   0: 0x8000b000 (0x003f2223) sw      gp, 4(t5)
core   0: 3 0x8000b000 (0x003f2223) mem 0x80010000 0x00000001
core   0: 0x8000b004 (0x0000bfe5) c.j     pc - 8
core   0: 3 0x8000b004 (0xbfe5)
core   0: 0x8000affc (0x00005f17) auipc   t5, 0x5
core   0: 3 0x8000affc (0x00005f17) x30 0x8000fffc
core   0: 0x8000b000 (0x003f2223) sw      gp, 4(t5)
core   0: 3 0x8000b000 (0x003f2223) mem 0x80010000 0x00000001
core   0: 0x8000b004 (0x0000bfe5) c.j     pc - 8
core   0: 3 0x8000b004 (0xbfe5)
core   0: 0x8000affc (0x00005f17) auipc   t5, 0x5
core   0: 3 0x8000affc (0x00005f17) x30 0x8000fffc
core   0: 0x8000b000 (0x003f2223) sw      gp, 4(t5)
core   0: 3 0x8000b000 (0x003f2223) mem 0x80010000 0x00000001
core   0: 0x8000b004 (0x0000bfe5) c.j     pc - 8
core   0: 3 0x8000b004 (0xbfe5)
core   0: 0x8000affc (0x00005f17) auipc   t5, 0x5
core   0: 3 0x8000affc (0x00005f17) x30 0x8000fffc
core   0: 0x8000b000 (0x003f2223) sw      gp, 4(t5)
core   0: 3 0x8000b000 (0x003f2223) mem 0x80010000 0x00000001
core   0: 0x8000b004 (0x0000bfe5) c.j     pc - 8
core   0: 3 0x8000b004 (0xbfe5)
core   0: 0x8000affc (0x00005f17) auipc   t5, 0x5
core   0: 3 0x8000affc (0x00005f17) x30 0x8000fffc
core   0: 0x8000b000 (0x003f2223) sw      gp, 4(t5)
core   0: 3 0x8000b000 (0x003f2223) mem 0x80010000 0x00000001
core   0: 0x8000b004 (0x0000bfe5) c.j     pc - 8
core   0: 3 0x8000b004 (0xbfe5)
core   0: 0x8000affc (0x00005f17) auipc   t5, 0x5
core   0: 3 0x8000affc (0x00005f17) x30 0x8000fffc
core   0: 0x8000b000 (0x003f2223) sw      gp, 4(t5)
core   0: 3 0x8000b000 (0x003f2223) mem 0x80010000 0x00000001
core   0: 0x8000b004 (0x0000bfe5) c.j     pc - 8
core   0: 3 0x8000b004 (0xbfe5)
core   0: 0x8000affc (0x00005f17) auipc   t5, 0x5
core   0: 3 0x8000affc (0x00005f17) x30 0x8000fffc
core   0: 0x8000b000 (0x003f2223) sw      gp, 4(t5)
core   0: 3 0x8000b000 (0x003f2223) mem 0x80010000 0x00000001
core   0: 0x8000b004 (0x0000bfe5) c.j     pc - 8
core   0: 3 0x8000b004 (0xbfe5)
core   0: 0x8000affc (0x00005f17) auipc   t5, 0x5
core   0: 3 0x8000affc (0x00005f17) x30 0x8000fffc
core   0: 0x8000b000 (0x003f2223) sw      gp, 4(t5)
core   0: 3 0x8000b000 (0x003f2223) mem 0x80010000 0x00000001
core   0: 0x8000b004 (0x0000bfe5) c.j     pc - 8
core   0: 3 0x8000b004 (0xbfe5)
core   0: 0x8000affc (0x00005f17) auipc   t5, 0x5
core   0: 3 0x8000affc (0x00005f17) x30 0x8000fffc
core   0: 0x8000b000 (0x003f2223) sw      gp, 4(t5)
core   0: 3 0x8000b000 (0x003f2223) mem 0x80010000 0x00000001
core   0: 0x8000b004 (0x0000bfe5) c.j     pc - 8
core   0: 3 0x8000b004 (0xbfe5)
core   0: 0x8000affc (0x00005f17) auipc   t5, 0x5
core   0: 3 0x8000affc (0x00005f17) x30 0x8000fffc
core   0: 0x8000b000 (0x003f2223) sw      gp, 4(t5)
core   0: 3 0x8000b000 (0x003f2223) mem 0x80010000 0x00000001
core   0: 0x8000b004 (0x0000bfe5) c.j     pc - 8
core   0: 3 0x8000b004 (0xbfe5)
core   0: 0x8000affc (0x00005f17) auipc   t5, 0x5
core   0: 3 0x8000affc (0x00005f17) x30 0x8000fffc
core   0: 0x8000b000 (0x003f2223) sw      gp, 4(t5)
core   0: 3 0x8000b000 (0x003f2223) mem 0x80010000 0x00000001
core   0: 0x8000b004 (0x0000bfe5) c.j     pc - 8
core   0: 3 0x8000b004 (0xbfe5)
core   0: 0x8000affc (0x00005f17) auipc   t5, 0x5
core   0: 3 0x8000affc (0x00005f17) x30 0x8000fffc
core   0: 0x8000b000 (0x003f2223) sw      gp, 4(t5)
core   0: 3 0x8000b000 (0x003f2223) mem 0x80010000 0x00000001
core   0: 0x8000b004 (0x0000bfe5) c.j     pc - 8
core   0: 3 0x8000b004 (0xbfe5)
core   0: 0x8000affc (0x00005f17) auipc   t5, 0x5
core   0: 3 0x8000affc (0x00005f17) x30 0x8000fffc
core   0: 0x8000b000 (0x003f2223) sw      gp, 4(t5)
core   0: 3 0x8000b000 (0x003f2223) mem 0x80010000 0x00000001
core   0: 0x8000b004 (0x0000bfe5) c.j     pc - 8
core   0: 3 0x8000b004 (0xbfe5)
core   0: 0x8000affc (0x00005f17) auipc   t5, 0x5
core   0: 3 0x8000affc (0x00005f17) x30 0x8000fffc
core   0: 0x8000b000 (0x003f2223) sw      gp, 4(t5)
core   0: 3 0x8000b000 (0x003f2223) mem 0x80010000 0x00000001
core   0: 0x8000b004 (0x0000bfe5) c.j     pc - 8
core   0: 3 0x8000b004 (0xbfe5)
core   0: 0x8000affc (0x00005f17) auipc   t5, 0x5
core   0: 3 0x8000affc (0x00005f17) x30 0x8000fffc
core   0: 0x8000b000 (0x003f2223) sw      gp, 4(t5)
core   0: 3 0x8000b000 (0x003f2223) mem 0x80010000 0x00000001
core   0: 0x8000b004 (0x0000bfe5) c.j     pc - 8
core   0: 3 0x8000b004 (0xbfe5)
core   0: 0x8000affc (0x00005f17) auipc   t5, 0x5
core   0: 3 0x8000affc (0x00005f17) x30 0x8000fffc
core   0: 0x8000b000 (0x003f2223) sw      gp, 4(t5)
core   0: 3 0x8000b000 (0x003f2223) mem 0x80010000 0x00000001
core   0: 0x8000b004 (0x0000bfe5) c.j     pc - 8
core   0: 3 0x8000b004 (0xbfe5)
core   0: 0x8000affc (0x00005f17) auipc   t5, 0x5
core   0: 3 0x8000affc (0x00005f17) x30 0x8000fffc
core   0: 0x8000b000 (0x003f2223) sw      gp, 4(t5)
core   0: 3 0x8000b000 (0x003f2223) mem 0x80010000 0x00000001
core   0: 0x8000b004 (0x0000bfe5) c.j     pc - 8
core   0: 3 0x8000b004 (0xbfe5)
core   0: 0x8000affc (0x00005f17) auipc   t5, 0x5
core   0: 3 0x8000affc (0x00005f17) x30 0x8000fffc
core   0: 0x8000b000 (0x003f2223) sw      gp, 4(t5)
core   0: 3 0x8000b000 (0x003f2223) mem 0x80010000 0x00000001
core   0: 0x8000b004 (0x0000bfe5) c.j     pc - 8
core   0: 3 0x8000b004 (0xbfe5)
core   0: 0x8000affc (0x00005f17) auipc   t5, 0x5
core   0: 3 0x8000affc (0x00005f17) x30 0x8000fffc
core   0: 0x8000b000 (0x003f2223) sw      gp, 4(t5)
core   0: 3 0x8000b000 (0x003f2223) mem 0x80010000 0x00000001
core   0: 0x8000b004 (0x0000bfe5) c.j     pc - 8
core   0: 3 0x8000b004 (0xbfe5)
core   0: 0x8000affc (0x00005f17) auipc   t5, 0x5
core   0: 3 0x8000affc (0x00005f17) x30 0x8000fffc
core   0: 0x8000b000 (0x003f2223) sw      gp, 4(t5)
core   0: 3 0x8000b000 (0x003f2223) mem 0x80010000 0x00000001
core   0: 0x8000b004 (0x0000bfe5) c.j     pc - 8
core   0: 3 0x8000b004 (0xbfe5)
core   0: 0x8000affc (0x00005f17) auipc   t5, 0x5
core   0: 3 0x8000affc (0x00005f17) x30 0x8000fffc
core   0: 0x8000b000 (0x003f2223) sw      gp, 4(t5)
core   0: 3 0x8000b000 (0x003f2223) mem 0x80010000 0x00000001
core   0: 0x8000b004 (0x0000bfe5) c.j     pc - 8
core   0: 3 0x8000b004 (0xbfe5)
core   0: 0x8000affc (0x00005f17) auipc   t5, 0x5
core   0: 3 0x8000affc (0x00005f17) x30 0x8000fffc
core   0: 0x8000b000 (0x003f2223) sw      gp, 4(t5)
core   0: 3 0x8000b000 (0x003f2223) mem 0x80010000 0x00000001
core   0: 0x8000b004 (0x0000bfe5) c.j     pc - 8
core   0: 3 0x8000b004 (0xbfe5)
core   0: 0x8000affc (0x00005f17) auipc   t5, 0x5
core   0: 3 0x8000affc (0x00005f17) x30 0x8000fffc
core   0: 0x8000b000 (0x003f2223) sw      gp, 4(t5)
core   0: 3 0x8000b000 (0x003f2223) mem 0x80010000 0x00000001
core   0: 0x8000b004 (0x0000bfe5) c.j     pc - 8
core   0: 3 0x8000b004 (0xbfe5)
core   0: 0x8000affc (0x00005f17) auipc   t5, 0x5
core   0: 3 0x8000affc (0x00005f17) x30 0x8000fffc
core   0: 0x8000b000 (0x003f2223) sw      gp, 4(t5)
core   0: 3 0x8000b000 (0x003f2223) mem 0x80010000 0x00000001
core   0: 0x8000b004 (0x0000bfe5) c.j     pc - 8
core   0: 3 0x8000b004 (0xbfe5)
core   0: 0x8000affc (0x00005f17) auipc   t5, 0x5
core   0: 3 0x8000affc (0x00005f17) x30 0x8000fffc
core   0: 0x8000b000 (0x003f2223) sw      gp, 4(t5)
core   0: 3 0x8000b000 (0x003f2223) mem 0x80010000 0x00000001
core   0: 0x8000b004 (0x0000bfe5) c.j     pc - 8
core   0: 3 0x8000b004 (0xbfe5)
core   0: 0x8000affc (0x00005f17) auipc   t5, 0x5
core   0: 3 0x8000affc (0x00005f17) x30 0x8000fffc
core   0: 0x8000b000 (0x003f2223) sw      gp, 4(t5)
core   0: 3 0x8000b000 (0x003f2223) mem 0x80010000 0x00000001
core   0: 0x8000b004 (0x0000bfe5) c.j     pc - 8
core   0: 3 0x8000b004 (0xbfe5)
core   0: 0x8000affc (0x00005f17) auipc   t5, 0x5
core   0: 3 0x8000affc (0x00005f17) x30 0x8000fffc
core   0: 0x8000b000 (0x003f2223) sw      gp, 4(t5)
core   0: 3 0x8000b000 (0x003f2223) mem 0x80010000 0x00000001
core   0: 0x8000b004 (0x0000bfe5) c.j     pc - 8
core   0: 3 0x8000b004 (0xbfe5)
core   0: 0x8000affc (0x00005f17) auipc   t5, 0x5
core   0: 3 0x8000affc (0x00005f17) x30 0x8000fffc
core   0: 0x8000b000 (0x003f2223) sw      gp, 4(t5)
core   0: 3 0x8000b000 (0x003f2223) mem 0x80010000 0x00000001
core   0: 0x8000b004 (0x0000bfe5) c.j     pc - 8
core   0: 3 0x8000b004 (0xbfe5)
core   0: 0x8000affc (0x00005f17) auipc   t5, 0x5
core   0: 3 0x8000affc (0x00005f17) x30 0x8000fffc
core   0: 0x8000b000 (0x003f2223) sw      gp, 4(t5)
core   0: 3 0x8000b000 (0x003f2223) mem 0x80010000 0x00000001
core   0: 0x8000b004 (0x0000bfe5) c.j     pc - 8
core   0: 3 0x8000b004 (0xbfe5)
core   0: 0x8000affc (0x00005f17) auipc   t5, 0x5
core   0: 3 0x8000affc (0x00005f17) x30 0x8000fffc
core   0: 0x8000b000 (0x003f2223) sw      gp, 4(t5)
core   0: 3 0x8000b000 (0x003f2223) mem 0x80010000 0x00000001
core   0: 0x8000b004 (0x0000bfe5) c.j     pc - 8
core   0: 3 0x8000b004 (0xbfe5)
core   0: 0x8000affc (0x00005f17) auipc   t5, 0x5
core   0: 3 0x8000affc (0x00005f17) x30 0x8000fffc
core   0: 0x8000b000 (0x003f2223) sw      gp, 4(t5)
core   0: 3 0x8000b000 (0x003f2223) mem 0x80010000 0x00000001
core   0: 0x8000b004 (0x0000bfe5) c.j     pc - 8
core   0: 3 0x8000b004 (0xbfe5)
core   0: 0x8000affc (0x00005f17) auipc   t5, 0x5
core   0: 3 0x8000affc (0x00005f17) x30 0x8000fffc
core   0: 0x8000b000 (0x003f2223) sw      gp, 4(t5)
core   0: 3 0x8000b000 (0x003f2223) mem 0x80010000 0x00000001
core   0: 0x8000b004 (0x0000bfe5) c.j     pc - 8
core   0: 3 0x8000b004 (0xbfe5)
core   0: 0x8000affc (0x00005f17) auipc   t5, 0x5
core   0: 3 0x8000affc (0x00005f17) x30 0x8000fffc
core   0: 0x8000b000 (0x003f2223) sw      gp, 4(t5)
core   0: 3 0x8000b000 (0x003f2223) mem 0x80010000 0x00000001
core   0: 0x8000b004 (0x0000bfe5) c.j     pc - 8
core   0: 3 0x8000b004 (0xbfe5)
core   0: 0x8000affc (0x00005f17) auipc   t5, 0x5
core   0: 3 0x8000affc (0x00005f17) x30 0x8000fffc
core   0: 0x8000b000 (0x003f2223) sw      gp, 4(t5)
core   0: 3 0x8000b000 (0x003f2223) mem 0x80010000 0x00000001
core   0: 0x8000b004 (0x0000bfe5) c.j     pc - 8
core   0: 3 0x8000b004 (0xbfe5)
core   0: 0x8000affc (0x00005f17) auipc   t5, 0x5
core   0: 3 0x8000affc (0x00005f17) x30 0x8000fffc
core   0: 0x8000b000 (0x003f2223) sw      gp, 4(t5)
core   0: 3 0x8000b000 (0x003f2223) mem 0x80010000 0x00000001
core   0: 0x8000b004 (0x0000bfe5) c.j     pc - 8
core   0: 3 0x8000b004 (0xbfe5)
core   0: 0x8000affc (0x00005f17) auipc   t5, 0x5
core   0: 3 0x8000affc (0x00005f17) x30 0x8000fffc
core   0: 0x8000b000 (0x003f2223) sw      gp, 4(t5)
core   0: 3 0x8000b000 (0x003f2223) mem 0x80010000 0x00000001
core   0: 0x8000b004 (0x0000bfe5) c.j     pc - 8
core   0: 3 0x8000b004 (0xbfe5)
core   0: 0x8000affc (0x00005f17) auipc   t5, 0x5
core   0: 3 0x8000affc (0x00005f17) x30 0x8000fffc
core   0: 0x8000b000 (0x003f2223) sw      gp, 4(t5)
core   0: 3 0x8000b000 (0x003f2223) mem 0x80010000 0x00000001
core   0: 0x8000b004 (0x0000bfe5) c.j     pc - 8
core   0: 3 0x8000b004 (0xbfe5)
core   0: 0x8000affc (0x00005f17) auipc   t5, 0x5
core   0: 3 0x8000affc (0x00005f17) x30 0x8000fffc
core   0: 0x8000b000 (0x003f2223) sw      gp, 4(t5)
core   0: 3 0x8000b000 (0x003f2223) mem 0x80010000 0x00000001
core   0: 0x8000b004 (0x0000bfe5) c.j     pc - 8
core   0: 3 0x8000b004 (0xbfe5)
core   0: 0x8000affc (0x00005f17) auipc   t5, 0x5
core   0: 3 0x8000affc (0x00005f17) x30 0x8000fffc
core   0: 0x8000b000 (0x003f2223) sw      gp, 4(t5)
core   0: 3 0x8000b000 (0x003f2223) mem 0x80010000 0x00000001
core   0: 0x8000b004 (0x0000bfe5) c.j     pc - 8
core   0: 3 0x8000b004 (0xbfe5)
core   0: 0x8000affc (0x00005f17) auipc   t5, 0x5
core   0: 3 0x8000affc (0x00005f17) x30 0x8000fffc
core   0: 0x8000b000 (0x003f2223) sw      gp, 4(t5)
core   0: 3 0x8000b000 (0x003f2223) mem 0x80010000 0x00000001
core   0: 0x8000b004 (0x0000bfe5) c.j     pc - 8
core   0: 3 0x8000b004 (0xbfe5)
core   0: 0x8000affc (0x00005f17) auipc   t5, 0x5
core   0: 3 0x8000affc (0x00005f17) x30 0x8000fffc
core   0: 0x8000b000 (0x003f2223) sw      gp, 4(t5)
core   0: 3 0x8000b000 (0x003f2223) mem 0x80010000 0x00000001
core   0: 0x8000b004 (0x0000bfe5) c.j     pc - 8
core   0: 3 0x8000b004 (0xbfe5)
core   0: 0x8000affc (0x00005f17) auipc   t5, 0x5
core   0: 3 0x8000affc (0x00005f17) x30 0x8000fffc
core   0: 0x8000b000 (0x003f2223) sw      gp, 4(t5)
core   0: 3 0x8000b000 (0x003f2223) mem 0x80010000 0x00000001
core   0: 0x8000b004 (0x0000bfe5) c.j     pc - 8
core   0: 3 0x8000b004 (0xbfe5)
core   0: 0x8000affc (0x00005f17) auipc   t5, 0x5
core   0: 3 0x8000affc (0x00005f17) x30 0x8000fffc
core   0: 0x8000b000 (0x003f2223) sw      gp, 4(t5)
core   0: 3 0x8000b000 (0x003f2223) mem 0x80010000 0x00000001
core   0: 0x8000b004 (0x0000bfe5) c.j     pc - 8
core   0: 3 0x8000b004 (0xbfe5)
core   0: 0x8000affc (0x00005f17) auipc   t5, 0x5
core   0: 3 0x8000affc (0x00005f17) x30 0x8000fffc
core   0: 0x8000b000 (0x003f2223) sw      gp, 4(t5)
core   0: 3 0x8000b000 (0x003f2223) mem 0x80010000 0x00000001
core   0: 0x8000b004 (0x0000bfe5) c.j     pc - 8
core   0: 3 0x8000b004 (0xbfe5)
core   0: 0x8000affc (0x00005f17) auipc   t5, 0x5
core   0: 3 0x8000affc (0x00005f17) x30 0x8000fffc
core   0: 0x8000b000 (0x003f2223) sw      gp, 4(t5)
core   0: 3 0x8000b000 (0x003f2223) mem 0x80010000 0x00000001
core   0: 0x8000b004 (0x0000bfe5) c.j     pc - 8
core   0: 3 0x8000b004 (0xbfe5)
core   0: 0x8000affc (0x00005f17) auipc   t5, 0x5
core   0: 3 0x8000affc (0x00005f17) x30 0x8000fffc
core   0: 0x8000b000 (0x003f2223) sw      gp, 4(t5)
core   0: 3 0x8000b000 (0x003f2223) mem 0x80010000 0x00000001
core   0: 0x8000b004 (0x0000bfe5) c.j     pc - 8
core   0: 3 0x8000b004 (0xbfe5)
core   0: 0x8000affc (0x00005f17) auipc   t5, 0x5
core   0: 3 0x8000affc (0x00005f17) x30 0x8000fffc
core   0: 0x8000b000 (0x003f2223) sw      gp, 4(t5)
core   0: 3 0x8000b000 (0x003f2223) mem 0x80010000 0x00000001
core   0: 0x8000b004 (0x0000bfe5) c.j     pc - 8
core   0: 3 0x8000b004 (0xbfe5)
core   0: 0x8000affc (0x00005f17) auipc   t5, 0x5
core   0: 3 0x8000affc (0x00005f17) x30 0x8000fffc
core   0: 0x8000b000 (0x003f2223) sw      gp, 4(t5)
core   0: 3 0x8000b000 (0x003f2223) mem 0x80010000 0x00000001
core   0: 0x8000b004 (0x0000bfe5) c.j     pc - 8
core   0: 3 0x8000b004 (0xbfe5)
core   0: 0x8000affc (0x00005f17) auipc   t5, 0x5
core   0: 3 0x8000affc (0x00005f17) x30 0x8000fffc
core   0: 0x8000b000 (0x003f2223) sw      gp, 4(t5)
core   0: 3 0x8000b000 (0x003f2223) mem 0x80010000 0x00000001
core   0: 0x8000b004 (0x0000bfe5) c.j     pc - 8
core   0: 3 0x8000b004 (0xbfe5)
core   0: 0x8000affc (0x00005f17) auipc   t5, 0x5
core   0: 3 0x8000affc (0x00005f17) x30 0x8000fffc
core   0: 0x8000b000 (0x003f2223) sw      gp, 4(t5)
core   0: 3 0x8000b000 (0x003f2223) mem 0x80010000 0x00000001
core   0: 0x8000b004 (0x0000bfe5) c.j     pc - 8
core   0: 3 0x8000b004 (0xbfe5)
core   0: 0x8000affc (0x00005f17) auipc   t5, 0x5
core   0: 3 0x8000affc (0x00005f17) x30 0x8000fffc
core   0: 0x8000b000 (0x003f2223) sw      gp, 4(t5)
core   0: 3 0x8000b000 (0x003f2223) mem 0x80010000 0x00000001
core   0: 0x8000b004 (0x0000bfe5) c.j     pc - 8
core   0: 3 0x8000b004 (0xbfe5)
core   0: 0x8000affc (0x00005f17) auipc   t5, 0x5
core   0: 3 0x8000affc (0x00005f17) x30 0x8000fffc
core   0: 0x8000b000 (0x003f2223) sw      gp, 4(t5)
core   0: 3 0x8000b000 (0x003f2223) mem 0x80010000 0x00000001
core   0: 0x8000b004 (0x0000bfe5) c.j     pc - 8
core   0: 3 0x8000b004 (0xbfe5)
core   0: 0x8000affc (0x00005f17) auipc   t5, 0x5
core   0: 3 0x8000affc (0x00005f17) x30 0x8000fffc
core   0: 0x8000b000 (0x003f2223) sw      gp, 4(t5)
core   0: 3 0x8000b000 (0x003f2223) mem 0x80010000 0x00000001
core   0: 0x8000b004 (0x0000bfe5) c.j     pc - 8
core   0: 3 0x8000b004 (0xbfe5)
core   0: 0x8000affc (0x00005f17) auipc   t5, 0x5
core   0: 3 0x8000affc (0x00005f17) x30 0x8000fffc
core   0: 0x8000b000 (0x003f2223) sw      gp, 4(t5)
core   0: 3 0x8000b000 (0x003f2223) mem 0x80010000 0x00000001
core   0: 0x8000b004 (0x0000bfe5) c.j     pc - 8
core   0: 3 0x8000b004 (0xbfe5)
core   0: 0x8000affc (0x00005f17) auipc   t5, 0x5
core   0: 3 0x8000affc (0x00005f17) x30 0x8000fffc
core   0: 0x8000b000 (0x003f2223) sw      gp, 4(t5)
core   0: 3 0x8000b000 (0x003f2223) mem 0x80010000 0x00000001
core   0: 0x8000b004 (0x0000bfe5) c.j     pc - 8
core   0: 3 0x8000b004 (0xbfe5)
core   0: 0x8000affc (0x00005f17) auipc   t5, 0x5
core   0: 3 0x8000affc (0x00005f17) x30 0x8000fffc
core   0: 0x8000b000 (0x003f2223) sw      gp, 4(t5)
core   0: 3 0x8000b000 (0x003f2223) mem 0x80010000 0x00000001
core   0: 0x8000b004 (0x0000bfe5) c.j     pc - 8
core   0: 3 0x8000b004 (0xbfe5)
core   0: 0x8000affc (0x00005f17) auipc   t5, 0x5
core   0: 3 0x8000affc (0x00005f17) x30 0x8000fffc
core   0: 0x8000b000 (0x003f2223) sw      gp, 4(t5)
core   0: 3 0x8000b000 (0x003f2223) mem 0x80010000 0x00000001
core   0: 0x8000b004 (0x0000bfe5) c.j     pc - 8
core   0: 3 0x8000b004 (0xbfe5)
core   0: 0x8000affc (0x00005f17) auipc   t5, 0x5
core   0: 3 0x8000affc (0x00005f17) x30 0x8000fffc
core   0: 0x8000b000 (0x003f2223) sw      gp, 4(t5)
core   0: 3 0x8000b000 (0x003f2223) mem 0x80010000 0x00000001
core   0: 0x8000b004 (0x0000bfe5) c.j     pc - 8
core   0: 3 0x8000b004 (0xbfe5)
core   0: 0x8000affc (0x00005f17) auipc   t5, 0x5
core   0: 3 0x8000affc (0x00005f17) x30 0x8000fffc
core   0: 0x8000b000 (0x003f2223) sw      gp, 4(t5)
core   0: 3 0x8000b000 (0x003f2223) mem 0x80010000 0x00000001
core   0: 0x8000b004 (0x0000bfe5) c.j     pc - 8
core   0: 3 0x8000b004 (0xbfe5)
core   0: 0x8000affc (0x00005f17) auipc   t5, 0x5
core   0: 3 0x8000affc (0x00005f17) x30 0x8000fffc
core   0: 0x8000b000 (0x003f2223) sw      gp, 4(t5)
core   0: 3 0x8000b000 (0x003f2223) mem 0x80010000 0x00000001
core   0: 0x8000b004 (0x0000bfe5) c.j     pc - 8
core   0: 3 0x8000b004 (0xbfe5)
core   0: 0x8000affc (0x00005f17) auipc   t5, 0x5
core   0: 3 0x8000affc (0x00005f17) x30 0x8000fffc
core   0: 0x8000b000 (0x003f2223) sw      gp, 4(t5)
core   0: 3 0x8000b000 (0x003f2223) mem 0x80010000 0x00000001
core   0: 0x8000b004 (0x0000bfe5) c.j     pc - 8
core   0: 3 0x8000b004 (0xbfe5)
core   0: 0x8000affc (0x00005f17) auipc   t5, 0x5
core   0: 3 0x8000affc (0x00005f17) x30 0x8000fffc
core   0: 0x8000b000 (0x003f2223) sw      gp, 4(t5)
core   0: 3 0x8000b000 (0x003f2223) mem 0x80010000 0x00000001
core   0: 0x8000b004 (0x0000bfe5) c.j     pc - 8
core   0: 3 0x8000b004 (0xbfe5)
core   0: 0x8000affc (0x00005f17) auipc   t5, 0x5
core   0: 3 0x8000affc (0x00005f17) x30 0x8000fffc
core   0: 0x8000b000 (0x003f2223) sw      gp, 4(t5)
core   0: 3 0x8000b000 (0x003f2223) mem 0x80010000 0x00000001
core   0: 0x8000b004 (0x0000bfe5) c.j     pc - 8
core   0: 3 0x8000b004 (0xbfe5)
core   0: 0x8000affc (0x00005f17) auipc   t5, 0x5
core   0: 3 0x8000affc (0x00005f17) x30 0x8000fffc
core   0: 0x8000b000 (0x003f2223) sw      gp, 4(t5)
core   0: 3 0x8000b000 (0x003f2223) mem 0x80010000 0x00000001
core   0: 0x8000b004 (0x0000bfe5) c.j     pc - 8
core   0: 3 0x8000b004 (0xbfe5)
core   0: 0x8000affc (0x00005f17) auipc   t5, 0x5
core   0: 3 0x8000affc (0x00005f17) x30 0x8000fffc
core   0: 0x8000b000 (0x003f2223) sw      gp, 4(t5)
core   0: 3 0x8000b000 (0x003f2223) mem 0x80010000 0x00000001
core   0: 0x8000b004 (0x0000bfe5) c.j     pc - 8
core   0: 3 0x8000b004 (0xbfe5)
core   0: 0x8000affc (0x00005f17) auipc   t5, 0x5
core   0: 3 0x8000affc (0x00005f17) x30 0x8000fffc
core   0: 0x8000b000 (0x003f2223) sw      gp, 4(t5)
core   0: 3 0x8000b000 (0x003f2223) mem 0x80010000 0x00000001
core   0: 0x8000b004 (0x0000bfe5) c.j     pc - 8
core   0: 3 0x8000b004 (0xbfe5)
core   0: 0x8000affc (0x00005f17) auipc   t5, 0x5
core   0: 3 0x8000affc (0x00005f17) x30 0x8000fffc
core   0: 0x8000b000 (0x003f2223) sw      gp, 4(t5)
core   0: 3 0x8000b000 (0x003f2223) mem 0x80010000 0x00000001
core   0: 0x8000b004 (0x0000bfe5) c.j     pc - 8
core   0: 3 0x8000b004 (0xbfe5)
core   0: 0x8000affc (0x00005f17) auipc   t5, 0x5
core   0: 3 0x8000affc (0x00005f17) x30 0x8000fffc
core   0: 0x8000b000 (0x003f2223) sw      gp, 4(t5)
core   0: 3 0x8000b000 (0x003f2223) mem 0x80010000 0x00000001
core   0: 0x8000b004 (0x0000bfe5) c.j     pc - 8
core   0: 3 0x8000b004 (0xbfe5)
core   0: 0x8000affc (0x00005f17) auipc   t5, 0x5
core   0: 3 0x8000affc (0x00005f17) x30 0x8000fffc
core   0: 0x8000b000 (0x003f2223) sw      gp, 4(t5)
core   0: 3 0x8000b000 (0x003f2223) mem 0x80010000 0x00000001
core   0: 0x8000b004 (0x0000bfe5) c.j     pc - 8
core   0: 3 0x8000b004 (0xbfe5)
core   0: 0x8000affc (0x00005f17) auipc   t5, 0x5
core   0: 3 0x8000affc (0x00005f17) x30 0x8000fffc
core   0: 0x8000b000 (0x003f2223) sw      gp, 4(t5)
core   0: 3 0x8000b000 (0x003f2223) mem 0x80010000 0x00000001
core   0: 0x8000b004 (0x0000bfe5) c.j     pc - 8
core   0: 3 0x8000b004 (0xbfe5)
core   0: 0x8000affc (0x00005f17) auipc   t5, 0x5
core   0: 3 0x8000affc (0x00005f17) x30 0x8000fffc
core   0: 0x8000b000 (0x003f2223) sw      gp, 4(t5)
core   0: 3 0x8000b000 (0x003f2223) mem 0x80010000 0x00000001
core   0: 0x8000b004 (0x0000bfe5) c.j     pc - 8
core   0: 3 0x8000b004 (0xbfe5)
core   0: 0x8000affc (0x00005f17) auipc   t5, 0x5
core   0: 3 0x8000affc (0x00005f17) x30 0x8000fffc
core   0: 0x8000b000 (0x003f2223) sw      gp, 4(t5)
core   0: 3 0x8000b000 (0x003f2223) mem 0x80010000 0x00000001
core   0: 0x8000b004 (0x0000bfe5) c.j     pc - 8
core   0: 3 0x8000b004 (0xbfe5)
core   0: 0x8000affc (0x00005f17) auipc   t5, 0x5
core   0: 3 0x8000affc (0x00005f17) x30 0x8000fffc
core   0: 0x8000b000 (0x003f2223) sw      gp, 4(t5)
core   0: 3 0x8000b000 (0x003f2223) mem 0x80010000 0x00000001
core   0: 0x8000b004 (0x0000bfe5) c.j     pc - 8
core   0: 3 0x8000b004 (0xbfe5)
core   0: 0x8000affc (0x00005f17) auipc   t5, 0x5
core   0: 3 0x8000affc (0x00005f17) x30 0x8000fffc
core   0: 0x8000b000 (0x003f2223) sw      gp, 4(t5)
core   0: 3 0x8000b000 (0x003f2223) mem 0x80010000 0x00000001
core   0: 0x8000b004 (0x0000bfe5) c.j     pc - 8
core   0: 3 0x8000b004 (0xbfe5)
core   0: 0x8000affc (0x00005f17) auipc   t5, 0x5
core   0: 3 0x8000affc (0x00005f17) x30 0x8000fffc
core   0: 0x8000b000 (0x003f2223) sw      gp, 4(t5)
core   0: 3 0x8000b000 (0x003f2223) mem 0x80010000 0x00000001
core   0: 0x8000b004 (0x0000bfe5) c.j     pc - 8
core   0: 3 0x8000b004 (0xbfe5)
core   0: 0x8000affc (0x00005f17) auipc   t5, 0x5
core   0: 3 0x8000affc (0x00005f17) x30 0x8000fffc
core   0: 0x8000b000 (0x003f2223) sw      gp, 4(t5)
core   0: 3 0x8000b000 (0x003f2223) mem 0x80010000 0x00000001
core   0: 0x8000b004 (0x0000bfe5) c.j     pc - 8
core   0: 3 0x8000b004 (0xbfe5)
core   0: 0x8000affc (0x00005f17) auipc   t5, 0x5
core   0: 3 0x8000affc (0x00005f17) x30 0x8000fffc
core   0: 0x8000b000 (0x003f2223) sw      gp, 4(t5)
core   0: 3 0x8000b000 (0x003f2223) mem 0x80010000 0x00000001
core   0: 0x8000b004 (0x0000bfe5) c.j     pc - 8
core   0: 3 0x8000b004 (0xbfe5)
core   0: 0x8000affc (0x00005f17) auipc   t5, 0x5
core   0: 3 0x8000affc (0x00005f17) x30 0x8000fffc
core   0: 0x8000b000 (0x003f2223) sw      gp, 4(t5)
core   0: 3 0x8000b000 (0x003f2223) mem 0x80010000 0x00000001
core   0: 0x8000b004 (0x0000bfe5) c.j     pc - 8
core   0: 3 0x8000b004 (0xbfe5)
core   0: 0x8000affc (0x00005f17) auipc   t5, 0x5
core   0: 3 0x8000affc (0x00005f17) x30 0x8000fffc
core   0: 0x8000b000 (0x003f2223) sw      gp, 4(t5)
core   0: 3 0x8000b000 (0x003f2223) mem 0x80010000 0x00000001
core   0: 0x8000b004 (0x0000bfe5) c.j     pc - 8
core   0: 3 0x8000b004 (0xbfe5)
core   0: 0x8000affc (0x00005f17) auipc   t5, 0x5
core   0: 3 0x8000affc (0x00005f17) x30 0x8000fffc
core   0: 0x8000b000 (0x003f2223) sw      gp, 4(t5)
core   0: 3 0x8000b000 (0x003f2223) mem 0x80010000 0x00000001
core   0: 0x8000b004 (0x0000bfe5) c.j     pc - 8
core   0: 3 0x8000b004 (0xbfe5)
core   0: 0x8000affc (0x00005f17) auipc   t5, 0x5
core   0: 3 0x8000affc (0x00005f17) x30 0x8000fffc
core   0: 0x8000b000 (0x003f2223) sw      gp, 4(t5)
core   0: 3 0x8000b000 (0x003f2223) mem 0x80010000 0x00000001
core   0: 0x8000b004 (0x0000bfe5) c.j     pc - 8
core   0: 3 0x8000b004 (0xbfe5)
core   0: 0x8000affc (0x00005f17) auipc   t5, 0x5
core   0: 3 0x8000affc (0x00005f17) x30 0x8000fffc
core   0: 0x8000b000 (0x003f2223) sw      gp, 4(t5)
core   0: 3 0x8000b000 (0x003f2223) mem 0x80010000 0x00000001
core   0: 0x8000b004 (0x0000bfe5) c.j     pc - 8
core   0: 3 0x8000b004 (0xbfe5)
core   0: 0x8000affc (0x00005f17) auipc   t5, 0x5
core   0: 3 0x8000affc (0x00005f17) x30 0x8000fffc
core   0: 0x8000b000 (0x003f2223) sw      gp, 4(t5)
core   0: 3 0x8000b000 (0x003f2223) mem 0x80010000 0x00000001
core   0: 0x8000b004 (0x0000bfe5) c.j     pc - 8
core   0: 3 0x8000b004 (0xbfe5)
core   0: 0x8000affc (0x00005f17) auipc   t5, 0x5
core   0: 3 0x8000affc (0x00005f17) x30 0x8000fffc
core   0: 0x8000b000 (0x003f2223) sw      gp, 4(t5)
core   0: 3 0x8000b000 (0x003f2223) mem 0x80010000 0x00000001
core   0: 0x8000b004 (0x0000bfe5) c.j     pc - 8
core   0: 3 0x8000b004 (0xbfe5)
core   0: 0x8000affc (0x00005f17) auipc   t5, 0x5
core   0: 3 0x8000affc (0x00005f17) x30 0x8000fffc
core   0: 0x8000b000 (0x003f2223) sw      gp, 4(t5)
core   0: 3 0x8000b000 (0x003f2223) mem 0x80010000 0x00000001
core   0: 0x8000b004 (0x0000bfe5) c.j     pc - 8
core   0: 3 0x8000b004 (0xbfe5)
core   0: 0x8000affc (0x00005f17) auipc   t5, 0x5
core   0: 3 0x8000affc (0x00005f17) x30 0x8000fffc
core   0: 0x8000b000 (0x003f2223) sw      gp, 4(t5)
core   0: 3 0x8000b000 (0x003f2223) mem 0x80010000 0x00000001
core   0: 0x8000b004 (0x0000bfe5) c.j     pc - 8
core   0: 3 0x8000b004 (0xbfe5)
core   0: 0x8000affc (0x00005f17) auipc   t5, 0x5
core   0: 3 0x8000affc (0x00005f17) x30 0x8000fffc
core   0: 0x8000b000 (0x003f2223) sw      gp, 4(t5)
core   0: 3 0x8000b000 (0x003f2223) mem 0x80010000 0x00000001
core   0: 0x8000b004 (0x0000bfe5) c.j     pc - 8
core   0: 3 0x8000b004 (0xbfe5)
core   0: 0x8000affc (0x00005f17) auipc   t5, 0x5
core   0: 3 0x8000affc (0x00005f17) x30 0x8000fffc
core   0: 0x8000b000 (0x003f2223) sw      gp, 4(t5)
core   0: 3 0x8000b000 (0x003f2223) mem 0x80010000 0x00000001
core   0: 0x8000b004 (0x0000bfe5) c.j     pc - 8
core   0: 3 0x8000b004 (0xbfe5)
core   0: 0x8000affc (0x00005f17) auipc   t5, 0x5
core   0: 3 0x8000affc (0x00005f17) x30 0x8000fffc
core   0: 0x8000b000 (0x003f2223) sw      gp, 4(t5)
core   0: 3 0x8000b000 (0x003f2223) mem 0x80010000 0x00000001
core   0: 0x8000b004 (0x0000bfe5) c.j     pc - 8
core   0: 3 0x8000b004 (0xbfe5)
core   0: 0x8000affc (0x00005f17) auipc   t5, 0x5
core   0: 3 0x8000affc (0x00005f17) x30 0x8000fffc
core   0: 0x8000b000 (0x003f2223) sw      gp, 4(t5)
core   0: 3 0x8000b000 (0x003f2223) mem 0x80010000 0x00000001
core   0: 0x8000b004 (0x0000bfe5) c.j     pc - 8
core   0: 3 0x8000b004 (0xbfe5)
core   0: 0x8000affc (0x00005f17) auipc   t5, 0x5
core   0: 3 0x8000affc (0x00005f17) x30 0x8000fffc
core   0: 0x8000b000 (0x003f2223) sw      gp, 4(t5)
core   0: 3 0x8000b000 (0x003f2223) mem 0x80010000 0x00000001
core   0: 0x8000b004 (0x0000bfe5) c.j     pc - 8
core   0: 3 0x8000b004 (0xbfe5)
core   0: 0x8000affc (0x00005f17) auipc   t5, 0x5
core   0: 3 0x8000affc (0x00005f17) x30 0x8000fffc
core   0: 0x8000b000 (0x003f2223) sw      gp, 4(t5)
core   0: 3 0x8000b000 (0x003f2223) mem 0x80010000 0x00000001
core   0: 0x8000b004 (0x0000bfe5) c.j     pc - 8
core   0: 3 0x8000b004 (0xbfe5)
core   0: 0x8000affc (0x00005f17) auipc   t5, 0x5
core   0: 3 0x8000affc (0x00005f17) x30 0x8000fffc
core   0: 0x8000b000 (0x003f2223) sw      gp, 4(t5)
core   0: 3 0x8000b000 (0x003f2223) mem 0x80010000 0x00000001
core   0: 0x8000b004 (0x0000bfe5) c.j     pc - 8
core   0: 3 0x8000b004 (0xbfe5)
core   0: 0x8000affc (0x00005f17) auipc   t5, 0x5
core   0: 3 0x8000affc (0x00005f17) x30 0x8000fffc
core   0: 0x8000b000 (0x003f2223) sw      gp, 4(t5)
core   0: 3 0x8000b000 (0x003f2223) mem 0x80010000 0x00000001
core   0: 0x8000b004 (0x0000bfe5) c.j     pc - 8
core   0: 3 0x8000b004 (0xbfe5)
core   0: 0x8000affc (0x00005f17) auipc   t5, 0x5
core   0: 3 0x8000affc (0x00005f17) x30 0x8000fffc
core   0: 0x8000b000 (0x003f2223) sw      gp, 4(t5)
core   0: 3 0x8000b000 (0x003f2223) mem 0x80010000 0x00000001
core   0: 0x8000b004 (0x0000bfe5) c.j     pc - 8
core   0: 3 0x8000b004 (0xbfe5)
core   0: 0x8000affc (0x00005f17) auipc   t5, 0x5
core   0: 3 0x8000affc (0x00005f17) x30 0x8000fffc
core   0: 0x8000b000 (0x003f2223) sw      gp, 4(t5)
core   0: 3 0x8000b000 (0x003f2223) mem 0x80010000 0x00000001
core   0: 0x8000b004 (0x0000bfe5) c.j     pc - 8
core   0: 3 0x8000b004 (0xbfe5)
core   0: 0x8000affc (0x00005f17) auipc   t5, 0x5
core   0: 3 0x8000affc (0x00005f17) x30 0x8000fffc
core   0: 0x8000b000 (0x003f2223) sw      gp, 4(t5)
core   0: 3 0x8000b000 (0x003f2223) mem 0x80010000 0x00000001
core   0: 0x8000b004 (0x0000bfe5) c.j     pc - 8
core   0: 3 0x8000b004 (0xbfe5)
core   0: 0x8000affc (0x00005f17) auipc   t5, 0x5
core   0: 3 0x8000affc (0x00005f17) x30 0x8000fffc
core   0: 0x8000b000 (0x003f2223) sw      gp, 4(t5)
core   0: 3 0x8000b000 (0x003f2223) mem 0x80010000 0x00000001
core   0: 0x8000b004 (0x0000bfe5) c.j     pc - 8
core   0: 3 0x8000b004 (0xbfe5)
core   0: 0x8000affc (0x00005f17) auipc   t5, 0x5
core   0: 3 0x8000affc (0x00005f17) x30 0x8000fffc
core   0: 0x8000b000 (0x003f2223) sw      gp, 4(t5)
core   0: 3 0x8000b000 (0x003f2223) mem 0x80010000 0x00000001
core   0: 0x8000b004 (0x0000bfe5) c.j     pc - 8
core   0: 3 0x8000b004 (0xbfe5)
core   0: 0x8000affc (0x00005f17) auipc   t5, 0x5
core   0: 3 0x8000affc (0x00005f17) x30 0x8000fffc
core   0: 0x8000b000 (0x003f2223) sw      gp, 4(t5)
core   0: 3 0x8000b000 (0x003f2223) mem 0x80010000 0x00000001
core   0: 0x8000b004 (0x0000bfe5) c.j     pc - 8
core   0: 3 0x8000b004 (0xbfe5)
core   0: 0x8000affc (0x00005f17) auipc   t5, 0x5
core   0: 3 0x8000affc (0x00005f17) x30 0x8000fffc
core   0: 0x8000b000 (0x003f2223) sw      gp, 4(t5)
core   0: 3 0x8000b000 (0x003f2223) mem 0x80010000 0x00000001
core   0: 0x8000b004 (0x0000bfe5) c.j     pc - 8
core   0: 3 0x8000b004 (0xbfe5)
core   0: 0x8000affc (0x00005f17) auipc   t5, 0x5
core   0: 3 0x8000affc (0x00005f17) x30 0x8000fffc
core   0: 0x8000b000 (0x003f2223) sw      gp, 4(t5)
core   0: 3 0x8000b000 (0x003f2223) mem 0x80010000 0x00000001
core   0: 0x8000b004 (0x0000bfe5) c.j     pc - 8
core   0: 3 0x8000b004 (0xbfe5)
core   0: 0x8000affc (0x00005f17) auipc   t5, 0x5
core   0: 3 0x8000affc (0x00005f17) x30 0x8000fffc
core   0: 0x8000b000 (0x003f2223) sw      gp, 4(t5)
core   0: 3 0x8000b000 (0x003f2223) mem 0x80010000 0x00000001
core   0: 0x8000b004 (0x0000bfe5) c.j     pc - 8
core   0: 3 0x8000b004 (0xbfe5)
core   0: 0x8000affc (0x00005f17) auipc   t5, 0x5
core   0: 3 0x8000affc (0x00005f17) x30 0x8000fffc
core   0: 0x8000b000 (0x003f2223) sw      gp, 4(t5)
core   0: 3 0x8000b000 (0x003f2223) mem 0x80010000 0x00000001
core   0: 0x8000b004 (0x0000bfe5) c.j     pc - 8
core   0: 3 0x8000b004 (0xbfe5)
core   0: 0x8000affc (0x00005f17) auipc   t5, 0x5
core   0: 3 0x8000affc (0x00005f17) x30 0x8000fffc
core   0: 0x8000b000 (0x003f2223) sw      gp, 4(t5)
core   0: 3 0x8000b000 (0x003f2223) mem 0x80010000 0x00000001
core   0: 0x8000b004 (0x0000bfe5) c.j     pc - 8
core   0: 3 0x8000b004 (0xbfe5)
core   0: 0x8000affc (0x00005f17) auipc   t5, 0x5
core   0: 3 0x8000affc (0x00005f17) x30 0x8000fffc
core   0: 0x8000b000 (0x003f2223) sw      gp, 4(t5)
core   0: 3 0x8000b000 (0x003f2223) mem 0x80010000 0x00000001
core   0: 0x8000b004 (0x0000bfe5) c.j     pc - 8
core   0: 3 0x8000b004 (0xbfe5)
core   0: 0x8000affc (0x00005f17) auipc   t5, 0x5
core   0: 3 0x8000affc (0x00005f17) x30 0x8000fffc
core   0: 0x8000b000 (0x003f2223) sw      gp, 4(t5)
core   0: 3 0x8000b000 (0x003f2223) mem 0x80010000 0x00000001
core   0: 0x8000b004 (0x0000bfe5) c.j     pc - 8
core   0: 3 0x8000b004 (0xbfe5)
core   0: 0x8000affc (0x00005f17) auipc   t5, 0x5
core   0: 3 0x8000affc (0x00005f17) x30 0x8000fffc
core   0: 0x8000b000 (0x003f2223) sw      gp, 4(t5)
core   0: 3 0x8000b000 (0x003f2223) mem 0x80010000 0x00000001
core   0: 0x8000b004 (0x0000bfe5) c.j     pc - 8
core   0: 3 0x8000b004 (0xbfe5)
core   0: 0x8000affc (0x00005f17) auipc   t5, 0x5
core   0: 3 0x8000affc (0x00005f17) x30 0x8000fffc
core   0: 0x8000b000 (0x003f2223) sw      gp, 4(t5)
core   0: 3 0x8000b000 (0x003f2223) mem 0x80010000 0x00000001
core   0: 0x8000b004 (0x0000bfe5) c.j     pc - 8
core   0: 3 0x8000b004 (0xbfe5)
core   0: 0x8000affc (0x00005f17) auipc   t5, 0x5
core   0: 3 0x8000affc (0x00005f17) x30 0x8000fffc
core   0: 0x8000b000 (0x003f2223) sw      gp, 4(t5)
core   0: 3 0x8000b000 (0x003f2223) mem 0x80010000 0x00000001
core   0: 0x8000b004 (0x0000bfe5) c.j     pc - 8
core   0: 3 0x8000b004 (0xbfe5)
core   0: 0x8000affc (0x00005f17) auipc   t5, 0x5
core   0: 3 0x8000affc (0x00005f17) x30 0x8000fffc
core   0: 0x8000b000 (0x003f2223) sw      gp, 4(t5)
core   0: 3 0x8000b000 (0x003f2223) mem 0x80010000 0x00000001
core   0: 0x8000b004 (0x0000bfe5) c.j     pc - 8
core   0: 3 0x8000b004 (0xbfe5)
core   0: 0x8000affc (0x00005f17) auipc   t5, 0x5
core   0: 3 0x8000affc (0x00005f17) x30 0x8000fffc
core   0: 0x8000b000 (0x003f2223) sw      gp, 4(t5)
core   0: 3 0x8000b000 (0x003f2223) mem 0x80010000 0x00000001
core   0: 0x8000b004 (0x0000bfe5) c.j     pc - 8
core   0: 3 0x8000b004 (0xbfe5)
core   0: 0x8000affc (0x00005f17) auipc   t5, 0x5
core   0: 3 0x8000affc (0x00005f17) x30 0x8000fffc
core   0: 0x8000b000 (0x003f2223) sw      gp, 4(t5)
core   0: 3 0x8000b000 (0x003f2223) mem 0x80010000 0x00000001
core   0: 0x8000b004 (0x0000bfe5) c.j     pc - 8
core   0: 3 0x8000b004 (0xbfe5)
core   0: 0x8000affc (0x00005f17) auipc   t5, 0x5
core   0: 3 0x8000affc (0x00005f17) x30 0x8000fffc
core   0: 0x8000b000 (0x003f2223) sw      gp, 4(t5)
core   0: 3 0x8000b000 (0x003f2223) mem 0x80010000 0x00000001
core   0: 0x8000b004 (0x0000bfe5) c.j     pc - 8
core   0: 3 0x8000b004 (0xbfe5)
core   0: 0x8000affc (0x00005f17) auipc   t5, 0x5
core   0: 3 0x8000affc (0x00005f17) x30 0x8000fffc
core   0: 0x8000b000 (0x003f2223) sw      gp, 4(t5)
core   0: 3 0x8000b000 (0x003f2223) mem 0x80010000 0x00000001
core   0: 0x8000b004 (0x0000bfe5) c.j     pc - 8
core   0: 3 0x8000b004 (0xbfe5)
core   0: 0x8000affc (0x00005f17) auipc   t5, 0x5
core   0: 3 0x8000affc (0x00005f17) x30 0x8000fffc
core   0: 0x8000b000 (0x003f2223) sw      gp, 4(t5)
core   0: 3 0x8000b000 (0x003f2223) mem 0x80010000 0x00000001
core   0: 0x8000b004 (0x0000bfe5) c.j     pc - 8
core   0: 3 0x8000b004 (0xbfe5)
core   0: 0x8000affc (0x00005f17) auipc   t5, 0x5
core   0: 3 0x8000affc (0x00005f17) x30 0x8000fffc
core   0: 0x8000b000 (0x003f2223) sw      gp, 4(t5)
core   0: 3 0x8000b000 (0x003f2223) mem 0x80010000 0x00000001
core   0: 0x8000b004 (0x0000bfe5) c.j     pc - 8
core   0: 3 0x8000b004 (0xbfe5)
core   0: 0x8000affc (0x00005f17) auipc   t5, 0x5
core   0: 3 0x8000affc (0x00005f17) x30 0x8000fffc
core   0: 0x8000b000 (0x003f2223) sw      gp, 4(t5)
core   0: 3 0x8000b000 (0x003f2223) mem 0x80010000 0x00000001
core   0: 0x8000b004 (0x0000bfe5) c.j     pc - 8
core   0: 3 0x8000b004 (0xbfe5)
core   0: 0x8000affc (0x00005f17) auipc   t5, 0x5
core   0: 3 0x8000affc (0x00005f17) x30 0x8000fffc
core   0: 0x8000b000 (0x003f2223) sw      gp, 4(t5)
core   0: 3 0x8000b000 (0x003f2223) mem 0x80010000 0x00000001
core   0: 0x8000b004 (0x0000bfe5) c.j     pc - 8
core   0: 3 0x8000b004 (0xbfe5)
core   0: 0x8000affc (0x00005f17) auipc   t5, 0x5
core   0: 3 0x8000affc (0x00005f17) x30 0x8000fffc
core   0: 0x8000b000 (0x003f2223) sw      gp, 4(t5)
core   0: 3 0x8000b000 (0x003f2223) mem 0x80010000 0x00000001
core   0: 0x8000b004 (0x0000bfe5) c.j     pc - 8
core   0: 3 0x8000b004 (0xbfe5)
core   0: 0x8000affc (0x00005f17) auipc   t5, 0x5
core   0: 3 0x8000affc (0x00005f17) x30 0x8000fffc
core   0: 0x8000b000 (0x003f2223) sw      gp, 4(t5)
core   0: 3 0x8000b000 (0x003f2223) mem 0x80010000 0x00000001
core   0: 0x8000b004 (0x0000bfe5) c.j     pc - 8
core   0: 3 0x8000b004 (0xbfe5)
core   0: 0x8000affc (0x00005f17) auipc   t5, 0x5
core   0: 3 0x8000affc (0x00005f17) x30 0x8000fffc
core   0: 0x8000b000 (0x003f2223) sw      gp, 4(t5)
core   0: 3 0x8000b000 (0x003f2223) mem 0x80010000 0x00000001
core   0: 0x8000b004 (0x0000bfe5) c.j     pc - 8
core   0: 3 0x8000b004 (0xbfe5)
core   0: 0x8000affc (0x00005f17) auipc   t5, 0x5
core   0: 3 0x8000affc (0x00005f17) x30 0x8000fffc
core   0: 0x8000b000 (0x003f2223) sw      gp, 4(t5)
core   0: 3 0x8000b000 (0x003f2223) mem 0x80010000 0x00000001
core   0: 0x8000b004 (0x0000bfe5) c.j     pc - 8
core   0: 3 0x8000b004 (0xbfe5)
core   0: 0x8000affc (0x00005f17) auipc   t5, 0x5
core   0: 3 0x8000affc (0x00005f17) x30 0x8000fffc
core   0: 0x8000b000 (0x003f2223) sw      gp, 4(t5)
core   0: 3 0x8000b000 (0x003f2223) mem 0x80010000 0x00000001
core   0: 0x8000b004 (0x0000bfe5) c.j     pc - 8
core   0: 3 0x8000b004 (0xbfe5)
core   0: 0x8000affc (0x00005f17) auipc   t5, 0x5
core   0: 3 0x8000affc (0x00005f17) x30 0x8000fffc
core   0: 0x8000b000 (0x003f2223) sw      gp, 4(t5)
core   0: 3 0x8000b000 (0x003f2223) mem 0x80010000 0x00000001
core   0: 0x8000b004 (0x0000bfe5) c.j     pc - 8
core   0: 3 0x8000b004 (0xbfe5)
core   0: 0x8000affc (0x00005f17) auipc   t5, 0x5
core   0: 3 0x8000affc (0x00005f17) x30 0x8000fffc
core   0: 0x8000b000 (0x003f2223) sw      gp, 4(t5)
core   0: 3 0x8000b000 (0x003f2223) mem 0x80010000 0x00000001
core   0: 0x8000b004 (0x0000bfe5) c.j     pc - 8
core   0: 3 0x8000b004 (0xbfe5)
core   0: 0x8000affc (0x00005f17) auipc   t5, 0x5
core   0: 3 0x8000affc (0x00005f17) x30 0x8000fffc
core   0: 0x8000b000 (0x003f2223) sw      gp, 4(t5)
core   0: 3 0x8000b000 (0x003f2223) mem 0x80010000 0x00000001
core   0: 0x8000b004 (0x0000bfe5) c.j     pc - 8
core   0: 3 0x8000b004 (0xbfe5)
core   0: 0x8000affc (0x00005f17) auipc   t5, 0x5
core   0: 3 0x8000affc (0x00005f17) x30 0x8000fffc
core   0: 0x8000b000 (0x003f2223) sw      gp, 4(t5)
core   0: 3 0x8000b000 (0x003f2223) mem 0x80010000 0x00000001
core   0: 0x8000b004 (0x0000bfe5) c.j     pc - 8
core   0: 3 0x8000b004 (0xbfe5)
core   0: 0x8000affc (0x00005f17) auipc   t5, 0x5
core   0: 3 0x8000affc (0x00005f17) x30 0x8000fffc
core   0: 0x8000b000 (0x003f2223) sw      gp, 4(t5)
core   0: 3 0x8000b000 (0x003f2223) mem 0x80010000 0x00000001
core   0: 0x8000b004 (0x0000bfe5) c.j     pc - 8
core   0: 3 0x8000b004 (0xbfe5)
core   0: 0x8000affc (0x00005f17) auipc   t5, 0x5
core   0: 3 0x8000affc (0x00005f17) x30 0x8000fffc
core   0: 0x8000b000 (0x003f2223) sw      gp, 4(t5)
core   0: 3 0x8000b000 (0x003f2223) mem 0x80010000 0x00000001
core   0: 0x8000b004 (0x0000bfe5) c.j     pc - 8
core   0: 3 0x8000b004 (0xbfe5)
core   0: 0x8000affc (0x00005f17) auipc   t5, 0x5
core   0: 3 0x8000affc (0x00005f17) x30 0x8000fffc
core   0: 0x8000b000 (0x003f2223) sw      gp, 4(t5)
core   0: 3 0x8000b000 (0x003f2223) mem 0x80010000 0x00000001
core   0: 0x8000b004 (0x0000bfe5) c.j     pc - 8
core   0: 3 0x8000b004 (0xbfe5)
core   0: 0x8000affc (0x00005f17) auipc   t5, 0x5
core   0: 3 0x8000affc (0x00005f17) x30 0x8000fffc
core   0: 0x8000b000 (0x003f2223) sw      gp, 4(t5)
core   0: 3 0x8000b000 (0x003f2223) mem 0x80010000 0x00000001
core   0: 0x8000b004 (0x0000bfe5) c.j     pc - 8
core   0: 3 0x8000b004 (0xbfe5)
core   0: 0x8000affc (0x00005f17) auipc   t5, 0x5
core   0: 3 0x8000affc (0x00005f17) x30 0x8000fffc
core   0: 0x8000b000 (0x003f2223) sw      gp, 4(t5)
core   0: 3 0x8000b000 (0x003f2223) mem 0x80010000 0x00000001
core   0: 0x8000b004 (0x0000bfe5) c.j     pc - 8
core   0: 3 0x8000b004 (0xbfe5)
core   0: 0x8000affc (0x00005f17) auipc   t5, 0x5
core   0: 3 0x8000affc (0x00005f17) x30 0x8000fffc
core   0: 0x8000b000 (0x003f2223) sw      gp, 4(t5)
core   0: 3 0x8000b000 (0x003f2223) mem 0x80010000 0x00000001
core   0: 0x8000b004 (0x0000bfe5) c.j     pc - 8
core   0: 3 0x8000b004 (0xbfe5)
core   0: 0x8000affc (0x00005f17) auipc   t5, 0x5
core   0: 3 0x8000affc (0x00005f17) x30 0x8000fffc
core   0: 0x8000b000 (0x003f2223) sw      gp, 4(t5)
core   0: 3 0x8000b000 (0x003f2223) mem 0x80010000 0x00000001
core   0: 0x8000b004 (0x0000bfe5) c.j     pc - 8
core   0: 3 0x8000b004 (0xbfe5)
core   0: 0x8000affc (0x00005f17) auipc   t5, 0x5
core   0: 3 0x8000affc (0x00005f17) x30 0x8000fffc
core   0: 0x8000b000 (0x003f2223) sw      gp, 4(t5)
core   0: 3 0x8000b000 (0x003f2223) mem 0x80010000 0x00000001
core   0: 0x8000b004 (0x0000bfe5) c.j     pc - 8
core   0: 3 0x8000b004 (0xbfe5)
core   0: 0x8000affc (0x00005f17) auipc   t5, 0x5
core   0: 3 0x8000affc (0x00005f17) x30 0x8000fffc
core   0: 0x8000b000 (0x003f2223) sw      gp, 4(t5)
core   0: 3 0x8000b000 (0x003f2223) mem 0x80010000 0x00000001
core   0: 0x8000b004 (0x0000bfe5) c.j     pc - 8
core   0: 3 0x8000b004 (0xbfe5)
core   0: 0x8000affc (0x00005f17) auipc   t5, 0x5
core   0: 3 0x8000affc (0x00005f17) x30 0x8000fffc
core   0: 0x8000b000 (0x003f2223) sw      gp, 4(t5)
core   0: 3 0x8000b000 (0x003f2223) mem 0x80010000 0x00000001
core   0: 0x8000b004 (0x0000bfe5) c.j     pc - 8
core   0: 3 0x8000b004 (0xbfe5)
core   0: 0x8000affc (0x00005f17) auipc   t5, 0x5
core   0: 3 0x8000affc (0x00005f17) x30 0x8000fffc
core   0: 0x8000b000 (0x003f2223) sw      gp, 4(t5)
core   0: 3 0x8000b000 (0x003f2223) mem 0x80010000 0x00000001
core   0: 0x8000b004 (0x0000bfe5) c.j     pc - 8
core   0: 3 0x8000b004 (0xbfe5)
core   0: 0x8000affc (0x00005f17) auipc   t5, 0x5
core   0: 3 0x8000affc (0x00005f17) x30 0x8000fffc
core   0: 0x8000b000 (0x003f2223) sw      gp, 4(t5)
core   0: 3 0x8000b000 (0x003f2223) mem 0x80010000 0x00000001
core   0: 0x8000b004 (0x0000bfe5) c.j     pc - 8
core   0: 3 0x8000b004 (0xbfe5)
core   0: 0x8000affc (0x00005f17) auipc   t5, 0x5
core   0: 3 0x8000affc (0x00005f17) x30 0x8000fffc
core   0: 0x8000b000 (0x003f2223) sw      gp, 4(t5)
core   0: 3 0x8000b000 (0x003f2223) mem 0x80010000 0x00000001
core   0: 0x8000b004 (0x0000bfe5) c.j     pc - 8
core   0: 3 0x8000b004 (0xbfe5)
core   0: 0x8000affc (0x00005f17) auipc   t5, 0x5
core   0: 3 0x8000affc (0x00005f17) x30 0x8000fffc
core   0: 0x8000b000 (0x003f2223) sw      gp, 4(t5)
core   0: 3 0x8000b000 (0x003f2223) mem 0x80010000 0x00000001
core   0: 0x8000b004 (0x0000bfe5) c.j     pc - 8
core   0: 3 0x8000b004 (0xbfe5)
core   0: 0x8000affc (0x00005f17) auipc   t5, 0x5
core   0: 3 0x8000affc (0x00005f17) x30 0x8000fffc
core   0: 0x8000b000 (0x003f2223) sw      gp, 4(t5)
core   0: 3 0x8000b000 (0x003f2223) mem 0x80010000 0x00000001
core   0: 0x8000b004 (0x0000bfe5) c.j     pc - 8
core   0: 3 0x8000b004 (0xbfe5)
core   0: 0x8000affc (0x00005f17) auipc   t5, 0x5
core   0: 3 0x8000affc (0x00005f17) x30 0x8000fffc
core   0: 0x8000b000 (0x003f2223) sw      gp, 4(t5)
core   0: 3 0x8000b000 (0x003f2223) mem 0x80010000 0x00000001
core   0: 0x8000b004 (0x0000bfe5) c.j     pc - 8
core   0: 3 0x8000b004 (0xbfe5)
core   0: 0x8000affc (0x00005f17) auipc   t5, 0x5
core   0: 3 0x8000affc (0x00005f17) x30 0x8000fffc
core   0: 0x8000b000 (0x003f2223) sw      gp, 4(t5)
core   0: 3 0x8000b000 (0x003f2223) mem 0x80010000 0x00000001
core   0: 0x8000b004 (0x0000bfe5) c.j     pc - 8
core   0: 3 0x8000b004 (0xbfe5)
core   0: 0x8000affc (0x00005f17) auipc   t5, 0x5
core   0: 3 0x8000affc (0x00005f17) x30 0x8000fffc
core   0: 0x8000b000 (0x003f2223) sw      gp, 4(t5)
core   0: 3 0x8000b000 (0x003f2223) mem 0x80010000 0x00000001
core   0: 0x8000b004 (0x0000bfe5) c.j     pc - 8
core   0: 3 0x8000b004 (0xbfe5)
core   0: 0x8000affc (0x00005f17) auipc   t5, 0x5
core   0: 3 0x8000affc (0x00005f17) x30 0x8000fffc
core   0: 0x8000b000 (0x003f2223) sw      gp, 4(t5)
core   0: 3 0x8000b000 (0x003f2223) mem 0x80010000 0x00000001
core   0: 0x8000b004 (0x0000bfe5) c.j     pc - 8
core   0: 3 0x8000b004 (0xbfe5)
core   0: 0x8000affc (0x00005f17) auipc   t5, 0x5
core   0: 3 0x8000affc (0x00005f17) x30 0x8000fffc
core   0: 0x8000b000 (0x003f2223) sw      gp, 4(t5)
core   0: 3 0x8000b000 (0x003f2223) mem 0x80010000 0x00000001
core   0: 0x8000b004 (0x0000bfe5) c.j     pc - 8
core   0: 3 0x8000b004 (0xbfe5)
core   0: 0x8000affc (0x00005f17) auipc   t5, 0x5
core   0: 3 0x8000affc (0x00005f17) x30 0x8000fffc
core   0: 0x8000b000 (0x003f2223) sw      gp, 4(t5)
core   0: 3 0x8000b000 (0x003f2223) mem 0x80010000 0x00000001
core   0: 0x8000b004 (0x0000bfe5) c.j     pc - 8
core   0: 3 0x8000b004 (0xbfe5)
core   0: 0x8000affc (0x00005f17) auipc   t5, 0x5
core   0: 3 0x8000affc (0x00005f17) x30 0x8000fffc
core   0: 0x8000b000 (0x003f2223) sw      gp, 4(t5)
core   0: 3 0x8000b000 (0x003f2223) mem 0x80010000 0x00000001
core   0: 0x8000b004 (0x0000bfe5) c.j     pc - 8
core   0: 3 0x8000b004 (0xbfe5)
core   0: 0x8000affc (0x00005f17) auipc   t5, 0x5
core   0: 3 0x8000affc (0x00005f17) x30 0x8000fffc
core   0: 0x8000b000 (0x003f2223) sw      gp, 4(t5)
core   0: 3 0x8000b000 (0x003f2223) mem 0x80010000 0x00000001
core   0: 0x8000b004 (0x0000bfe5) c.j     pc - 8
core   0: 3 0x8000b004 (0xbfe5)
core   0: 0x8000affc (0x00005f17) auipc   t5, 0x5
core   0: 3 0x8000affc (0x00005f17) x30 0x8000fffc
core   0: 0x8000b000 (0x003f2223) sw      gp, 4(t5)
core   0: 3 0x8000b000 (0x003f2223) mem 0x80010000 0x00000001
core   0: 0x8000b004 (0x0000bfe5) c.j     pc - 8
core   0: 3 0x8000b004 (0xbfe5)
core   0: 0x8000affc (0x00005f17) auipc   t5, 0x5
core   0: 3 0x8000affc (0x00005f17) x30 0x8000fffc
core   0: 0x8000b000 (0x003f2223) sw      gp, 4(t5)
core   0: 3 0x8000b000 (0x003f2223) mem 0x80010000 0x00000001
core   0: 0x8000b004 (0x0000bfe5) c.j     pc - 8
core   0: 3 0x8000b004 (0xbfe5)
core   0: 0x8000affc (0x00005f17) auipc   t5, 0x5
core   0: 3 0x8000affc (0x00005f17) x30 0x8000fffc
core   0: 0x8000b000 (0x003f2223) sw      gp, 4(t5)
core   0: 3 0x8000b000 (0x003f2223) mem 0x80010000 0x00000001
core   0: 0x8000b004 (0x0000bfe5) c.j     pc - 8
core   0: 3 0x8000b004 (0xbfe5)
core   0: 0x8000affc (0x00005f17) auipc   t5, 0x5
core   0: 3 0x8000affc (0x00005f17) x30 0x8000fffc
core   0: 0x8000b000 (0x003f2223) sw      gp, 4(t5)
core   0: 3 0x8000b000 (0x003f2223) mem 0x80010000 0x00000001
core   0: 0x8000b004 (0x0000bfe5) c.j     pc - 8
core   0: 3 0x8000b004 (0xbfe5)
core   0: 0x8000affc (0x00005f17) auipc   t5, 0x5
core   0: 3 0x8000affc (0x00005f17) x30 0x8000fffc
core   0: 0x8000b000 (0x003f2223) sw      gp, 4(t5)
core   0: 3 0x8000b000 (0x003f2223) mem 0x80010000 0x00000001
core   0: 0x8000b004 (0x0000bfe5) c.j     pc - 8
core   0: 3 0x8000b004 (0xbfe5)
core   0: 0x8000affc (0x00005f17) auipc   t5, 0x5
core   0: 3 0x8000affc (0x00005f17) x30 0x8000fffc
core   0: 0x8000b000 (0x003f2223) sw      gp, 4(t5)
core   0: 3 0x8000b000 (0x003f2223) mem 0x80010000 0x00000001
core   0: 0x8000b004 (0x0000bfe5) c.j     pc - 8
core   0: 3 0x8000b004 (0xbfe5)
core   0: 0x8000affc (0x00005f17) auipc   t5, 0x5
core   0: 3 0x8000affc (0x00005f17) x30 0x8000fffc
core   0: 0x8000b000 (0x003f2223) sw      gp, 4(t5)
core   0: 3 0x8000b000 (0x003f2223) mem 0x80010000 0x00000001
core   0: 0x8000b004 (0x0000bfe5) c.j     pc - 8
core   0: 3 0x8000b004 (0xbfe5)
core   0: 0x8000affc (0x00005f17) auipc   t5, 0x5
core   0: 3 0x8000affc (0x00005f17) x30 0x8000fffc
core   0: 0x8000b000 (0x003f2223) sw      gp, 4(t5)
core   0: 3 0x8000b000 (0x003f2223) mem 0x80010000 0x00000001
core   0: 0x8000b004 (0x0000bfe5) c.j     pc - 8
core   0: 3 0x8000b004 (0xbfe5)
core   0: 0x8000affc (0x00005f17) auipc   t5, 0x5
core   0: 3 0x8000affc (0x00005f17) x30 0x8000fffc
core   0: 0x8000b000 (0x003f2223) sw      gp, 4(t5)
core   0: 3 0x8000b000 (0x003f2223) mem 0x80010000 0x00000001
core   0: 0x8000b004 (0x0000bfe5) c.j     pc - 8
core   0: 3 0x8000b004 (0xbfe5)
core   0: 0x8000affc (0x00005f17) auipc   t5, 0x5
core   0: 3 0x8000affc (0x00005f17) x30 0x8000fffc
core   0: 0x8000b000 (0x003f2223) sw      gp, 4(t5)
core   0: 3 0x8000b000 (0x003f2223) mem 0x80010000 0x00000001
core   0: 0x8000b004 (0x0000bfe5) c.j     pc - 8
core   0: 3 0x8000b004 (0xbfe5)
core   0: 0x8000affc (0x00005f17) auipc   t5, 0x5
core   0: 3 0x8000affc (0x00005f17) x30 0x8000fffc
core   0: 0x8000b000 (0x003f2223) sw      gp, 4(t5)
core   0: 3 0x8000b000 (0x003f2223) mem 0x80010000 0x00000001
core   0: 0x8000b004 (0x0000bfe5) c.j     pc - 8
core   0: 3 0x8000b004 (0xbfe5)
core   0: 0x8000affc (0x00005f17) auipc   t5, 0x5
core   0: 3 0x8000affc (0x00005f17) x30 0x8000fffc
core   0: 0x8000b000 (0x003f2223) sw      gp, 4(t5)
core   0: 3 0x8000b000 (0x003f2223) mem 0x80010000 0x00000001
core   0: 0x8000b004 (0x0000bfe5) c.j     pc - 8
core   0: 3 0x8000b004 (0xbfe5)
core   0: 0x8000affc (0x00005f17) auipc   t5, 0x5
core   0: 3 0x8000affc (0x00005f17) x30 0x8000fffc
core   0: 0x8000b000 (0x003f2223) sw      gp, 4(t5)
core   0: 3 0x8000b000 (0x003f2223) mem 0x80010000 0x00000001
core   0: 0x8000b004 (0x0000bfe5) c.j     pc - 8
core   0: 3 0x8000b004 (0xbfe5)
core   0: 0x8000affc (0x00005f17) auipc   t5, 0x5
core   0: 3 0x8000affc (0x00005f17) x30 0x8000fffc
core   0: 0x8000b000 (0x003f2223) sw      gp, 4(t5)
core   0: 3 0x8000b000 (0x003f2223) mem 0x80010000 0x00000001
core   0: 0x8000b004 (0x0000bfe5) c.j     pc - 8
core   0: 3 0x8000b004 (0xbfe5)
core   0: 0x8000affc (0x00005f17) auipc   t5, 0x5
core   0: 3 0x8000affc (0x00005f17) x30 0x8000fffc
core   0: 0x8000b000 (0x003f2223) sw      gp, 4(t5)
core   0: 3 0x8000b000 (0x003f2223) mem 0x80010000 0x00000001
core   0: 0x8000b004 (0x0000bfe5) c.j     pc - 8
core   0: 3 0x8000b004 (0xbfe5)
core   0: 0x8000affc (0x00005f17) auipc   t5, 0x5
core   0: 3 0x8000affc (0x00005f17) x30 0x8000fffc
core   0: 0x8000b000 (0x003f2223) sw      gp, 4(t5)
core   0: 3 0x8000b000 (0x003f2223) mem 0x80010000 0x00000001
core   0: 0x8000b004 (0x0000bfe5) c.j     pc - 8
core   0: 3 0x8000b004 (0xbfe5)
core   0: 0x8000affc (0x00005f17) auipc   t5, 0x5
core   0: 3 0x8000affc (0x00005f17) x30 0x8000fffc
core   0: 0x8000b000 (0x003f2223) sw      gp, 4(t5)
core   0: 3 0x8000b000 (0x003f2223) mem 0x80010000 0x00000001
core   0: 0x8000b004 (0x0000bfe5) c.j     pc - 8
core   0: 3 0x8000b004 (0xbfe5)
core   0: 0x8000affc (0x00005f17) auipc   t5, 0x5
core   0: 3 0x8000affc (0x00005f17) x30 0x8000fffc
core   0: 0x8000b000 (0x003f2223) sw      gp, 4(t5)
core   0: 3 0x8000b000 (0x003f2223) mem 0x80010000 0x00000001
core   0: 0x8000b004 (0x0000bfe5) c.j     pc - 8
core   0: 3 0x8000b004 (0xbfe5)
core   0: 0x8000affc (0x00005f17) auipc   t5, 0x5
core   0: 3 0x8000affc (0x00005f17) x30 0x8000fffc
core   0: 0x8000b000 (0x003f2223) sw      gp, 4(t5)
core   0: 3 0x8000b000 (0x003f2223) mem 0x80010000 0x00000001
core   0: 0x8000b004 (0x0000bfe5) c.j     pc - 8
core   0: 3 0x8000b004 (0xbfe5)
core   0: 0x8000affc (0x00005f17) auipc   t5, 0x5
core   0: 3 0x8000affc (0x00005f17) x30 0x8000fffc
core   0: 0x8000b000 (0x003f2223) sw      gp, 4(t5)
core   0: 3 0x8000b000 (0x003f2223) mem 0x80010000 0x00000001
core   0: 0x8000b004 (0x0000bfe5) c.j     pc - 8
core   0: 3 0x8000b004 (0xbfe5)
core   0: 0x8000affc (0x00005f17) auipc   t5, 0x5
core   0: 3 0x8000affc (0x00005f17) x30 0x8000fffc
core   0: 0x8000b000 (0x003f2223) sw      gp, 4(t5)
core   0: 3 0x8000b000 (0x003f2223) mem 0x80010000 0x00000001
core   0: 0x8000b004 (0x0000bfe5) c.j     pc - 8
core   0: 3 0x8000b004 (0xbfe5)
core   0: 0x8000affc (0x00005f17) auipc   t5, 0x5
core   0: 3 0x8000affc (0x00005f17) x30 0x8000fffc
core   0: 0x8000b000 (0x003f2223) sw      gp, 4(t5)
core   0: 3 0x8000b000 (0x003f2223) mem 0x80010000 0x00000001
core   0: 0x8000b004 (0x0000bfe5) c.j     pc - 8
core   0: 3 0x8000b004 (0xbfe5)
core   0: 0x8000affc (0x00005f17) auipc   t5, 0x5
core   0: 3 0x8000affc (0x00005f17) x30 0x8000fffc
core   0: 0x8000b000 (0x003f2223) sw      gp, 4(t5)
core   0: 3 0x8000b000 (0x003f2223) mem 0x80010000 0x00000001
core   0: 0x8000b004 (0x0000bfe5) c.j     pc - 8
core   0: 3 0x8000b004 (0xbfe5)
core   0: 0x8000affc (0x00005f17) auipc   t5, 0x5
core   0: 3 0x8000affc (0x00005f17) x30 0x8000fffc
core   0: 0x8000b000 (0x003f2223) sw      gp, 4(t5)
core   0: 3 0x8000b000 (0x003f2223) mem 0x80010000 0x00000001
core   0: 0x8000b004 (0x0000bfe5) c.j     pc - 8
core   0: 3 0x8000b004 (0xbfe5)
core   0: 0x8000affc (0x00005f17) auipc   t5, 0x5
core   0: 3 0x8000affc (0x00005f17) x30 0x8000fffc
core   0: 0x8000b000 (0x003f2223) sw      gp, 4(t5)
core   0: 3 0x8000b000 (0x003f2223) mem 0x80010000 0x00000001
core   0: 0x8000b004 (0x0000bfe5) c.j     pc - 8
core   0: 3 0x8000b004 (0xbfe5)
core   0: 0x8000affc (0x00005f17) auipc   t5, 0x5
core   0: 3 0x8000affc (0x00005f17) x30 0x8000fffc
core   0: 0x8000b000 (0x003f2223) sw      gp, 4(t5)
core   0: 3 0x8000b000 (0x003f2223) mem 0x80010000 0x00000001
core   0: 0x8000b004 (0x0000bfe5) c.j     pc - 8
core   0: 3 0x8000b004 (0xbfe5)
core   0: 0x8000affc (0x00005f17) auipc   t5, 0x5
core   0: 3 0x8000affc (0x00005f17) x30 0x8000fffc
core   0: 0x8000b000 (0x003f2223) sw      gp, 4(t5)
core   0: 3 0x8000b000 (0x003f2223) mem 0x80010000 0x00000001
core   0: 0x8000b004 (0x0000bfe5) c.j     pc - 8
core   0: 3 0x8000b004 (0xbfe5)
core   0: 0x8000affc (0x00005f17) auipc   t5, 0x5
core   0: 3 0x8000affc (0x00005f17) x30 0x8000fffc
core   0: 0x8000b000 (0x003f2223) sw      gp, 4(t5)
core   0: 3 0x8000b000 (0x003f2223) mem 0x80010000 0x00000001
core   0: 0x8000b004 (0x0000bfe5) c.j     pc - 8
core   0: 3 0x8000b004 (0xbfe5)
core   0: 0x8000affc (0x00005f17) auipc   t5, 0x5
core   0: 3 0x8000affc (0x00005f17) x30 0x8000fffc
core   0: 0x8000b000 (0x003f2223) sw      gp, 4(t5)
core   0: 3 0x8000b000 (0x003f2223) mem 0x80010000 0x00000001
core   0: 0x8000b004 (0x0000bfe5) c.j     pc - 8
core   0: 3 0x8000b004 (0xbfe5)
core   0: 0x8000affc (0x00005f17) auipc   t5, 0x5
core   0: 3 0x8000affc (0x00005f17) x30 0x8000fffc
core   0: 0x8000b000 (0x003f2223) sw      gp, 4(t5)
core   0: 3 0x8000b000 (0x003f2223) mem 0x80010000 0x00000001
core   0: 0x8000b004 (0x0000bfe5) c.j     pc - 8
core   0: 3 0x8000b004 (0xbfe5)
core   0: 0x8000affc (0x00005f17) auipc   t5, 0x5
core   0: 3 0x8000affc (0x00005f17) x30 0x8000fffc
core   0: 0x8000b000 (0x003f2223) sw      gp, 4(t5)
core   0: 3 0x8000b000 (0x003f2223) mem 0x80010000 0x00000001
core   0: 0x8000b004 (0x0000bfe5) c.j     pc - 8
core   0: 3 0x8000b004 (0xbfe5)
core   0: 0x8000affc (0x00005f17) auipc   t5, 0x5
core   0: 3 0x8000affc (0x00005f17) x30 0x8000fffc
core   0: 0x8000b000 (0x003f2223) sw      gp, 4(t5)
core   0: 3 0x8000b000 (0x003f2223) mem 0x80010000 0x00000001
core   0: 0x8000b004 (0x0000bfe5) c.j     pc - 8
core   0: 3 0x8000b004 (0xbfe5)
core   0: 0x8000affc (0x00005f17) auipc   t5, 0x5
core   0: 3 0x8000affc (0x00005f17) x30 0x8000fffc
core   0: 0x8000b000 (0x003f2223) sw      gp, 4(t5)
core   0: 3 0x8000b000 (0x003f2223) mem 0x80010000 0x00000001
core   0: 0x8000b004 (0x0000bfe5) c.j     pc - 8
core   0: 3 0x8000b004 (0xbfe5)
core   0: 0x8000affc (0x00005f17) auipc   t5, 0x5
core   0: 3 0x8000affc (0x00005f17) x30 0x8000fffc
core   0: 0x8000b000 (0x003f2223) sw      gp, 4(t5)
core   0: 3 0x8000b000 (0x003f2223) mem 0x80010000 0x00000001
core   0: 0x8000b004 (0x0000bfe5) c.j     pc - 8
core   0: 3 0x8000b004 (0xbfe5)
core   0: 0x8000affc (0x00005f17) auipc   t5, 0x5
core   0: 3 0x8000affc (0x00005f17) x30 0x8000fffc
core   0: 0x8000b000 (0x003f2223) sw      gp, 4(t5)
core   0: 3 0x8000b000 (0x003f2223) mem 0x80010000 0x00000001
core   0: 0x8000b004 (0x0000bfe5) c.j     pc - 8
core   0: 3 0x8000b004 (0xbfe5)
core   0: 0x8000affc (0x00005f17) auipc   t5, 0x5
core   0: 3 0x8000affc (0x00005f17) x30 0x8000fffc
core   0: 0x8000b000 (0x003f2223) sw      gp, 4(t5)
core   0: 3 0x8000b000 (0x003f2223) mem 0x80010000 0x00000001
core   0: 0x8000b004 (0x0000bfe5) c.j     pc - 8
core   0: 3 0x8000b004 (0xbfe5)
core   0: 0x8000affc (0x00005f17) auipc   t5, 0x5
core   0: 3 0x8000affc (0x00005f17) x30 0x8000fffc
core   0: 0x8000b000 (0x003f2223) sw      gp, 4(t5)
core   0: 3 0x8000b000 (0x003f2223) mem 0x80010000 0x00000001
core   0: 0x8000b004 (0x0000bfe5) c.j     pc - 8
core   0: 3 0x8000b004 (0xbfe5)
core   0: 0x8000affc (0x00005f17) auipc   t5, 0x5
core   0: 3 0x8000affc (0x00005f17) x30 0x8000fffc
core   0: 0x8000b000 (0x003f2223) sw      gp, 4(t5)
core   0: 3 0x8000b000 (0x003f2223) mem 0x80010000 0x00000001
core   0: 0x8000b004 (0x0000bfe5) c.j     pc - 8
core   0: 3 0x8000b004 (0xbfe5)
core   0: 0x8000affc (0x00005f17) auipc   t5, 0x5
core   0: 3 0x8000affc (0x00005f17) x30 0x8000fffc
core   0: 0x8000b000 (0x003f2223) sw      gp, 4(t5)
core   0: 3 0x8000b000 (0x003f2223) mem 0x80010000 0x00000001
core   0: 0x8000b004 (0x0000bfe5) c.j     pc - 8
core   0: 3 0x8000b004 (0xbfe5)
core   0: 0x8000affc (0x00005f17) auipc   t5, 0x5
core   0: 3 0x8000affc (0x00005f17) x30 0x8000fffc
core   0: 0x8000b000 (0x003f2223) sw      gp, 4(t5)
core   0: 3 0x8000b000 (0x003f2223) mem 0x80010000 0x00000001
core   0: 0x8000b004 (0x0000bfe5) c.j     pc - 8
core   0: 3 0x8000b004 (0xbfe5)
core   0: 0x8000affc (0x00005f17) auipc   t5, 0x5
core   0: 3 0x8000affc (0x00005f17) x30 0x8000fffc
core   0: 0x8000b000 (0x003f2223) sw      gp, 4(t5)
core   0: 3 0x8000b000 (0x003f2223) mem 0x80010000 0x00000001
core   0: 0x8000b004 (0x0000bfe5) c.j     pc - 8
core   0: 3 0x8000b004 (0xbfe5)
core   0: 0x8000affc (0x00005f17) auipc   t5, 0x5
core   0: 3 0x8000affc (0x00005f17) x30 0x8000fffc
core   0: 0x8000b000 (0x003f2223) sw      gp, 4(t5)
core   0: 3 0x8000b000 (0x003f2223) mem 0x80010000 0x00000001
core   0: 0x8000b004 (0x0000bfe5) c.j     pc - 8
core   0: 3 0x8000b004 (0xbfe5)
core   0: 0x8000affc (0x00005f17) auipc   t5, 0x5
core   0: 3 0x8000affc (0x00005f17) x30 0x8000fffc
core   0: 0x8000b000 (0x003f2223) sw      gp, 4(t5)
core   0: 3 0x8000b000 (0x003f2223) mem 0x80010000 0x00000001
core   0: 0x8000b004 (0x0000bfe5) c.j     pc - 8
core   0: 3 0x8000b004 (0xbfe5)
core   0: 0x8000affc (0x00005f17) auipc   t5, 0x5
core   0: 3 0x8000affc (0x00005f17) x30 0x8000fffc
core   0: 0x8000b000 (0x003f2223) sw      gp, 4(t5)
core   0: 3 0x8000b000 (0x003f2223) mem 0x80010000 0x00000001
core   0: 0x8000b004 (0x0000bfe5) c.j     pc - 8
core   0: 3 0x8000b004 (0xbfe5)
core   0: 0x8000affc (0x00005f17) auipc   t5, 0x5
core   0: 3 0x8000affc (0x00005f17) x30 0x8000fffc
core   0: 0x8000b000 (0x003f2223) sw      gp, 4(t5)
core   0: 3 0x8000b000 (0x003f2223) mem 0x80010000 0x00000001
core   0: 0x8000b004 (0x0000bfe5) c.j     pc - 8
core   0: 3 0x8000b004 (0xbfe5)
core   0: 0x8000affc (0x00005f17) auipc   t5, 0x5
core   0: 3 0x8000affc (0x00005f17) x30 0x8000fffc
core   0: 0x8000b000 (0x003f2223) sw      gp, 4(t5)
core   0: 3 0x8000b000 (0x003f2223) mem 0x80010000 0x00000001
core   0: 0x8000b004 (0x0000bfe5) c.j     pc - 8
core   0: 3 0x8000b004 (0xbfe5)
core   0: 0x8000affc (0x00005f17) auipc   t5, 0x5
core   0: 3 0x8000affc (0x00005f17) x30 0x8000fffc
core   0: 0x8000b000 (0x003f2223) sw      gp, 4(t5)
core   0: 3 0x8000b000 (0x003f2223) mem 0x80010000 0x00000001
core   0: 0x8000b004 (0x0000bfe5) c.j     pc - 8
core   0: 3 0x8000b004 (0xbfe5)
core   0: 0x8000affc (0x00005f17) auipc   t5, 0x5
core   0: 3 0x8000affc (0x00005f17) x30 0x8000fffc
core   0: 0x8000b000 (0x003f2223) sw      gp, 4(t5)
core   0: 3 0x8000b000 (0x003f2223) mem 0x80010000 0x00000001
core   0: 0x8000b004 (0x0000bfe5) c.j     pc - 8
core   0: 3 0x8000b004 (0xbfe5)
core   0: 0x8000affc (0x00005f17) auipc   t5, 0x5
core   0: 3 0x8000affc (0x00005f17) x30 0x8000fffc
core   0: 0x8000b000 (0x003f2223) sw      gp, 4(t5)
core   0: 3 0x8000b000 (0x003f2223) mem 0x80010000 0x00000001
core   0: 0x8000b004 (0x0000bfe5) c.j     pc - 8
core   0: 3 0x8000b004 (0xbfe5)
core   0: 0x8000affc (0x00005f17) auipc   t5, 0x5
core   0: 3 0x8000affc (0x00005f17) x30 0x8000fffc
core   0: 0x8000b000 (0x003f2223) sw      gp, 4(t5)
core   0: 3 0x8000b000 (0x003f2223) mem 0x80010000 0x00000001
core   0: 0x8000b004 (0x0000bfe5) c.j     pc - 8
core   0: 3 0x8000b004 (0xbfe5)
core   0: 0x8000affc (0x00005f17) auipc   t5, 0x5
core   0: 3 0x8000affc (0x00005f17) x30 0x8000fffc
core   0: 0x8000b000 (0x003f2223) sw      gp, 4(t5)
core   0: 3 0x8000b000 (0x003f2223) mem 0x80010000 0x00000001
core   0: 0x8000b004 (0x0000bfe5) c.j     pc - 8
core   0: 3 0x8000b004 (0xbfe5)
core   0: 0x8000affc (0x00005f17) auipc   t5, 0x5
core   0: 3 0x8000affc (0x00005f17) x30 0x8000fffc
core   0: 0x8000b000 (0x003f2223) sw      gp, 4(t5)
core   0: 3 0x8000b000 (0x003f2223) mem 0x80010000 0x00000001
core   0: 0x8000b004 (0x0000bfe5) c.j     pc - 8
core   0: 3 0x8000b004 (0xbfe5)
core   0: 0x8000affc (0x00005f17) auipc   t5, 0x5
core   0: 3 0x8000affc (0x00005f17) x30 0x8000fffc
core   0: 0x8000b000 (0x003f2223) sw      gp, 4(t5)
core   0: 3 0x8000b000 (0x003f2223) mem 0x80010000 0x00000001
core   0: 0x8000b004 (0x0000bfe5) c.j     pc - 8
core   0: 3 0x8000b004 (0xbfe5)
core   0: 0x8000affc (0x00005f17) auipc   t5, 0x5
core   0: 3 0x8000affc (0x00005f17) x30 0x8000fffc
core   0: 0x8000b000 (0x003f2223) sw      gp, 4(t5)
core   0: 3 0x8000b000 (0x003f2223) mem 0x80010000 0x00000001
core   0: 0x8000b004 (0x0000bfe5) c.j     pc - 8
core   0: 3 0x8000b004 (0xbfe5)
core   0: 0x8000affc (0x00005f17) auipc   t5, 0x5
core   0: 3 0x8000affc (0x00005f17) x30 0x8000fffc
core   0: 0x8000b000 (0x003f2223) sw      gp, 4(t5)
core   0: 3 0x8000b000 (0x003f2223) mem 0x80010000 0x00000001
core   0: 0x8000b004 (0x0000bfe5) c.j     pc - 8
core   0: 3 0x8000b004 (0xbfe5)
core   0: 0x8000affc (0x00005f17) auipc   t5, 0x5
core   0: 3 0x8000affc (0x00005f17) x30 0x8000fffc
core   0: 0x8000b000 (0x003f2223) sw      gp, 4(t5)
core   0: 3 0x8000b000 (0x003f2223) mem 0x80010000 0x00000001
core   0: 0x8000b004 (0x0000bfe5) c.j     pc - 8
core   0: 3 0x8000b004 (0xbfe5)
core   0: 0x8000affc (0x00005f17) auipc   t5, 0x5
core   0: 3 0x8000affc (0x00005f17) x30 0x8000fffc
core   0: 0x8000b000 (0x003f2223) sw      gp, 4(t5)
core   0: 3 0x8000b000 (0x003f2223) mem 0x80010000 0x00000001
core   0: 0x8000b004 (0x0000bfe5) c.j     pc - 8
core   0: 3 0x8000b004 (0xbfe5)
core   0: 0x8000affc (0x00005f17) auipc   t5, 0x5
core   0: 3 0x8000affc (0x00005f17) x30 0x8000fffc
core   0: 0x8000b000 (0x003f2223) sw      gp, 4(t5)
core   0: 3 0x8000b000 (0x003f2223) mem 0x80010000 0x00000001
core   0: 0x8000b004 (0x0000bfe5) c.j     pc - 8
core   0: 3 0x8000b004 (0xbfe5)
core   0: 0x8000affc (0x00005f17) auipc   t5, 0x5
core   0: 3 0x8000affc (0x00005f17) x30 0x8000fffc
core   0: 0x8000b000 (0x003f2223) sw      gp, 4(t5)
core   0: 3 0x8000b000 (0x003f2223) mem 0x80010000 0x00000001
core   0: 0x8000b004 (0x0000bfe5) c.j     pc - 8
core   0: 3 0x8000b004 (0xbfe5)
core   0: 0x8000affc (0x00005f17) auipc   t5, 0x5
core   0: 3 0x8000affc (0x00005f17) x30 0x8000fffc
core   0: 0x8000b000 (0x003f2223) sw      gp, 4(t5)
core   0: 3 0x8000b000 (0x003f2223) mem 0x80010000 0x00000001
core   0: 0x8000b004 (0x0000bfe5) c.j     pc - 8
core   0: 3 0x8000b004 (0xbfe5)
core   0: 0x8000affc (0x00005f17) auipc   t5, 0x5
core   0: 3 0x8000affc (0x00005f17) x30 0x8000fffc
core   0: 0x8000b000 (0x003f2223) sw      gp, 4(t5)
core   0: 3 0x8000b000 (0x003f2223) mem 0x80010000 0x00000001
core   0: 0x8000b004 (0x0000bfe5) c.j     pc - 8
core   0: 3 0x8000b004 (0xbfe5)
core   0: 0x8000affc (0x00005f17) auipc   t5, 0x5
core   0: 3 0x8000affc (0x00005f17) x30 0x8000fffc
core   0: 0x8000b000 (0x003f2223) sw      gp, 4(t5)
core   0: 3 0x8000b000 (0x003f2223) mem 0x80010000 0x00000001
core   0: 0x8000b004 (0x0000bfe5) c.j     pc - 8
core   0: 3 0x8000b004 (0xbfe5)
core   0: 0x8000affc (0x00005f17) auipc   t5, 0x5
core   0: 3 0x8000affc (0x00005f17) x30 0x8000fffc
core   0: 0x8000b000 (0x003f2223) sw      gp, 4(t5)
core   0: 3 0x8000b000 (0x003f2223) mem 0x80010000 0x00000001
core   0: 0x8000b004 (0x0000bfe5) c.j     pc - 8
core   0: 3 0x8000b004 (0xbfe5)
core   0: 0x8000affc (0x00005f17) auipc   t5, 0x5
core   0: 3 0x8000affc (0x00005f17) x30 0x8000fffc
core   0: 0x8000b000 (0x003f2223) sw      gp, 4(t5)
core   0: 3 0x8000b000 (0x003f2223) mem 0x80010000 0x00000001
core   0: 0x8000b004 (0x0000bfe5) c.j     pc - 8
core   0: 3 0x8000b004 (0xbfe5)
core   0: 0x8000affc (0x00005f17) auipc   t5, 0x5
core   0: 3 0x8000affc (0x00005f17) x30 0x8000fffc
core   0: 0x8000b000 (0x003f2223) sw      gp, 4(t5)
core   0: 3 0x8000b000 (0x003f2223) mem 0x80010000 0x00000001
core   0: 0x8000b004 (0x0000bfe5) c.j     pc - 8
core   0: 3 0x8000b004 (0xbfe5)
core   0: 0x8000affc (0x00005f17) auipc   t5, 0x5
core   0: 3 0x8000affc (0x00005f17) x30 0x8000fffc
core   0: 0x8000b000 (0x003f2223) sw      gp, 4(t5)
core   0: 3 0x8000b000 (0x003f2223) mem 0x80010000 0x00000001
core   0: 0x8000b004 (0x0000bfe5) c.j     pc - 8
core   0: 3 0x8000b004 (0xbfe5)
core   0: 0x8000affc (0x00005f17) auipc   t5, 0x5
core   0: 3 0x8000affc (0x00005f17) x30 0x8000fffc
core   0: 0x8000b000 (0x003f2223) sw      gp, 4(t5)
core   0: 3 0x8000b000 (0x003f2223) mem 0x80010000 0x00000001
core   0: 0x8000b004 (0x0000bfe5) c.j     pc - 8
core   0: 3 0x8000b004 (0xbfe5)
core   0: 0x8000affc (0x00005f17) auipc   t5, 0x5
core   0: 3 0x8000affc (0x00005f17) x30 0x8000fffc
core   0: 0x8000b000 (0x003f2223) sw      gp, 4(t5)
core   0: 3 0x8000b000 (0x003f2223) mem 0x80010000 0x00000001
core   0: 0x8000b004 (0x0000bfe5) c.j     pc - 8
core   0: 3 0x8000b004 (0xbfe5)
core   0: 0x8000affc (0x00005f17) auipc   t5, 0x5
core   0: 3 0x8000affc (0x00005f17) x30 0x8000fffc
core   0: 0x8000b000 (0x003f2223) sw      gp, 4(t5)
core   0: 3 0x8000b000 (0x003f2223) mem 0x80010000 0x00000001
core   0: 0x8000b004 (0x0000bfe5) c.j     pc - 8
core   0: 3 0x8000b004 (0xbfe5)
core   0: 0x8000affc (0x00005f17) auipc   t5, 0x5
core   0: 3 0x8000affc (0x00005f17) x30 0x8000fffc
core   0: 0x8000b000 (0x003f2223) sw      gp, 4(t5)
core   0: 3 0x8000b000 (0x003f2223) mem 0x80010000 0x00000001
core   0: 0x8000b004 (0x0000bfe5) c.j     pc - 8
core   0: 3 0x8000b004 (0xbfe5)
core   0: 0x8000affc (0x00005f17) auipc   t5, 0x5
core   0: 3 0x8000affc (0x00005f17) x30 0x8000fffc
core   0: 0x8000b000 (0x003f2223) sw      gp, 4(t5)
core   0: 3 0x8000b000 (0x003f2223) mem 0x80010000 0x00000001
core   0: 0x8000b004 (0x0000bfe5) c.j     pc - 8
core   0: 3 0x8000b004 (0xbfe5)
core   0: 0x8000affc (0x00005f17) auipc   t5, 0x5
core   0: 3 0x8000affc (0x00005f17) x30 0x8000fffc
core   0: 0x8000b000 (0x003f2223) sw      gp, 4(t5)
core   0: 3 0x8000b000 (0x003f2223) mem 0x80010000 0x00000001
core   0: 0x8000b004 (0x0000bfe5) c.j     pc - 8
core   0: 3 0x8000b004 (0xbfe5)
core   0: 0x8000affc (0x00005f17) auipc   t5, 0x5
core   0: 3 0x8000affc (0x00005f17) x30 0x8000fffc
core   0: 0x8000b000 (0x003f2223) sw      gp, 4(t5)
core   0: 3 0x8000b000 (0x003f2223) mem 0x80010000 0x00000001
core   0: 0x8000b004 (0x0000bfe5) c.j     pc - 8
core   0: 3 0x8000b004 (0xbfe5)
core   0: 0x8000affc (0x00005f17) auipc   t5, 0x5
core   0: 3 0x8000affc (0x00005f17) x30 0x8000fffc
core   0: 0x8000b000 (0x003f2223) sw      gp, 4(t5)
core   0: 3 0x8000b000 (0x003f2223) mem 0x80010000 0x00000001
core   0: 0x8000b004 (0x0000bfe5) c.j     pc - 8
core   0: 3 0x8000b004 (0xbfe5)
core   0: 0x8000affc (0x00005f17) auipc   t5, 0x5
core   0: 3 0x8000affc (0x00005f17) x30 0x8000fffc
core   0: 0x8000b000 (0x003f2223) sw      gp, 4(t5)
core   0: 3 0x8000b000 (0x003f2223) mem 0x80010000 0x00000001
core   0: 0x8000b004 (0x0000bfe5) c.j     pc - 8
core   0: 3 0x8000b004 (0xbfe5)
core   0: 0x8000affc (0x00005f17) auipc   t5, 0x5
core   0: 3 0x8000affc (0x00005f17) x30 0x8000fffc
core   0: 0x8000b000 (0x003f2223) sw      gp, 4(t5)
core   0: 3 0x8000b000 (0x003f2223) mem 0x80010000 0x00000001
core   0: 0x8000b004 (0x0000bfe5) c.j     pc - 8
core   0: 3 0x8000b004 (0xbfe5)
core   0: 0x8000affc (0x00005f17) auipc   t5, 0x5
core   0: 3 0x8000affc (0x00005f17) x30 0x8000fffc
core   0: 0x8000b000 (0x003f2223) sw      gp, 4(t5)
core   0: 3 0x8000b000 (0x003f2223) mem 0x80010000 0x00000001
core   0: 0x8000b004 (0x0000bfe5) c.j     pc - 8
core   0: 3 0x8000b004 (0xbfe5)
core   0: 0x8000affc (0x00005f17) auipc   t5, 0x5
core   0: 3 0x8000affc (0x00005f17) x30 0x8000fffc
core   0: 0x8000b000 (0x003f2223) sw      gp, 4(t5)
core   0: 3 0x8000b000 (0x003f2223) mem 0x80010000 0x00000001
core   0: 0x8000b004 (0x0000bfe5) c.j     pc - 8
core   0: 3 0x8000b004 (0xbfe5)
core   0: 0x8000affc (0x00005f17) auipc   t5, 0x5
core   0: 3 0x8000affc (0x00005f17) x30 0x8000fffc
core   0: 0x8000b000 (0x003f2223) sw      gp, 4(t5)
core   0: 3 0x8000b000 (0x003f2223) mem 0x80010000 0x00000001
core   0: 0x8000b004 (0x0000bfe5) c.j     pc - 8
core   0: 3 0x8000b004 (0xbfe5)
core   0: 0x8000affc (0x00005f17) auipc   t5, 0x5
core   0: 3 0x8000affc (0x00005f17) x30 0x8000fffc
core   0: 0x8000b000 (0x003f2223) sw      gp, 4(t5)
core   0: 3 0x8000b000 (0x003f2223) mem 0x80010000 0x00000001
core   0: 0x8000b004 (0x0000bfe5) c.j     pc - 8
core   0: 3 0x8000b004 (0xbfe5)
core   0: 0x8000affc (0x00005f17) auipc   t5, 0x5
core   0: 3 0x8000affc (0x00005f17) x30 0x8000fffc
core   0: 0x8000b000 (0x003f2223) sw      gp, 4(t5)
core   0: 3 0x8000b000 (0x003f2223) mem 0x80010000 0x00000001
core   0: 0x8000b004 (0x0000bfe5) c.j     pc - 8
core   0: 3 0x8000b004 (0xbfe5)
core   0: 0x8000affc (0x00005f17) auipc   t5, 0x5
core   0: 3 0x8000affc (0x00005f17) x30 0x8000fffc
core   0: 0x8000b000 (0x003f2223) sw      gp, 4(t5)
core   0: 3 0x8000b000 (0x003f2223) mem 0x80010000 0x00000001
core   0: 0x8000b004 (0x0000bfe5) c.j     pc - 8
core   0: 3 0x8000b004 (0xbfe5)
core   0: 0x8000affc (0x00005f17) auipc   t5, 0x5
core   0: 3 0x8000affc (0x00005f17) x30 0x8000fffc
core   0: 0x8000b000 (0x003f2223) sw      gp, 4(t5)
core   0: 3 0x8000b000 (0x003f2223) mem 0x80010000 0x00000001
core   0: 0x8000b004 (0x0000bfe5) c.j     pc - 8
core   0: 3 0x8000b004 (0xbfe5)
core   0: 0x8000affc (0x00005f17) auipc   t5, 0x5
core   0: 3 0x8000affc (0x00005f17) x30 0x8000fffc
core   0: 0x8000b000 (0x003f2223) sw      gp, 4(t5)
core   0: 3 0x8000b000 (0x003f2223) mem 0x80010000 0x00000001
core   0: 0x8000b004 (0x0000bfe5) c.j     pc - 8
core   0: 3 0x8000b004 (0xbfe5)
core   0: 0x8000affc (0x00005f17) auipc   t5, 0x5
core   0: 3 0x8000affc (0x00005f17) x30 0x8000fffc
core   0: 0x8000b000 (0x003f2223) sw      gp, 4(t5)
core   0: 3 0x8000b000 (0x003f2223) mem 0x80010000 0x00000001
core   0: 0x8000b004 (0x0000bfe5) c.j     pc - 8
core   0: 3 0x8000b004 (0xbfe5)
core   0: 0x8000affc (0x00005f17) auipc   t5, 0x5
core   0: 3 0x8000affc (0x00005f17) x30 0x8000fffc
core   0: 0x8000b000 (0x003f2223) sw      gp, 4(t5)
core   0: 3 0x8000b000 (0x003f2223) mem 0x80010000 0x00000001
core   0: 0x8000b004 (0x0000bfe5) c.j     pc - 8
core   0: 3 0x8000b004 (0xbfe5)
core   0: 0x8000affc (0x00005f17) auipc   t5, 0x5
core   0: 3 0x8000affc (0x00005f17) x30 0x8000fffc
core   0: 0x8000b000 (0x003f2223) sw      gp, 4(t5)
core   0: 3 0x8000b000 (0x003f2223) mem 0x80010000 0x00000001
core   0: 0x8000b004 (0x0000bfe5) c.j     pc - 8
core   0: 3 0x8000b004 (0xbfe5)
core   0: 0x8000affc (0x00005f17) auipc   t5, 0x5
core   0: 3 0x8000affc (0x00005f17) x30 0x8000fffc
core   0: 0x8000b000 (0x003f2223) sw      gp, 4(t5)
core   0: 3 0x8000b000 (0x003f2223) mem 0x80010000 0x00000001
core   0: 0x8000b004 (0x0000bfe5) c.j     pc - 8
core   0: 3 0x8000b004 (0xbfe5)
core   0: 0x8000affc (0x00005f17) auipc   t5, 0x5
core   0: 3 0x8000affc (0x00005f17) x30 0x8000fffc
core   0: 0x8000b000 (0x003f2223) sw      gp, 4(t5)
core   0: 3 0x8000b000 (0x003f2223) mem 0x80010000 0x00000001
core   0: 0x8000b004 (0x0000bfe5) c.j     pc - 8
core   0: 3 0x8000b004 (0xbfe5)
core   0: 0x8000affc (0x00005f17) auipc   t5, 0x5
core   0: 3 0x8000affc (0x00005f17) x30 0x8000fffc
core   0: 0x8000b000 (0x003f2223) sw      gp, 4(t5)
core   0: 3 0x8000b000 (0x003f2223) mem 0x80010000 0x00000001
core   0: 0x8000b004 (0x0000bfe5) c.j     pc - 8
core   0: 3 0x8000b004 (0xbfe5)
core   0: 0x8000affc (0x00005f17) auipc   t5, 0x5
core   0: 3 0x8000affc (0x00005f17) x30 0x8000fffc
core   0: 0x8000b000 (0x003f2223) sw      gp, 4(t5)
core   0: 3 0x8000b000 (0x003f2223) mem 0x80010000 0x00000001
core   0: 0x8000b004 (0x0000bfe5) c.j     pc - 8
core   0: 3 0x8000b004 (0xbfe5)
core   0: 0x8000affc (0x00005f17) auipc   t5, 0x5
core   0: 3 0x8000affc (0x00005f17) x30 0x8000fffc
core   0: 0x8000b000 (0x003f2223) sw      gp, 4(t5)
core   0: 3 0x8000b000 (0x003f2223) mem 0x80010000 0x00000001
core   0: 0x8000b004 (0x0000bfe5) c.j     pc - 8
core   0: 3 0x8000b004 (0xbfe5)
core   0: 0x8000affc (0x00005f17) auipc   t5, 0x5
core   0: 3 0x8000affc (0x00005f17) x30 0x8000fffc
core   0: 0x8000b000 (0x003f2223) sw      gp, 4(t5)
core   0: 3 0x8000b000 (0x003f2223) mem 0x80010000 0x00000001
core   0: 0x8000b004 (0x0000bfe5) c.j     pc - 8
core   0: 3 0x8000b004 (0xbfe5)
core   0: 0x8000affc (0x00005f17) auipc   t5, 0x5
core   0: 3 0x8000affc (0x00005f17) x30 0x8000fffc
core   0: 0x8000b000 (0x003f2223) sw      gp, 4(t5)
core   0: 3 0x8000b000 (0x003f2223) mem 0x80010000 0x00000001
core   0: 0x8000b004 (0x0000bfe5) c.j     pc - 8
core   0: 3 0x8000b004 (0xbfe5)
core   0: 0x8000affc (0x00005f17) auipc   t5, 0x5
core   0: 3 0x8000affc (0x00005f17) x30 0x8000fffc
core   0: 0x8000b000 (0x003f2223) sw      gp, 4(t5)
core   0: 3 0x8000b000 (0x003f2223) mem 0x80010000 0x00000001
core   0: 0x8000b004 (0x0000bfe5) c.j     pc - 8
core   0: 3 0x8000b004 (0xbfe5)
core   0: 0x8000affc (0x00005f17) auipc   t5, 0x5
core   0: 3 0x8000affc (0x00005f17) x30 0x8000fffc
core   0: 0x8000b000 (0x003f2223) sw      gp, 4(t5)
core   0: 3 0x8000b000 (0x003f2223) mem 0x80010000 0x00000001
core   0: 0x8000b004 (0x0000bfe5) c.j     pc - 8
core   0: 3 0x8000b004 (0xbfe5)
core   0: 0x8000affc (0x00005f17) auipc   t5, 0x5
core   0: 3 0x8000affc (0x00005f17) x30 0x8000fffc
core   0: 0x8000b000 (0x003f2223) sw      gp, 4(t5)
core   0: 3 0x8000b000 (0x003f2223) mem 0x80010000 0x00000001
core   0: 0x8000b004 (0x0000bfe5) c.j     pc - 8
core   0: 3 0x8000b004 (0xbfe5)
core   0: 0x8000affc (0x00005f17) auipc   t5, 0x5
core   0: 3 0x8000affc (0x00005f17) x30 0x8000fffc
core   0: 0x8000b000 (0x003f2223) sw      gp, 4(t5)
core   0: 3 0x8000b000 (0x003f2223) mem 0x80010000 0x00000001
core   0: 0x8000b004 (0x0000bfe5) c.j     pc - 8
core   0: 3 0x8000b004 (0xbfe5)
core   0: 0x8000affc (0x00005f17) auipc   t5, 0x5
core   0: 3 0x8000affc (0x00005f17) x30 0x8000fffc
core   0: 0x8000b000 (0x003f2223) sw      gp, 4(t5)
core   0: 3 0x8000b000 (0x003f2223) mem 0x80010000 0x00000001
core   0: 0x8000b004 (0x0000bfe5) c.j     pc - 8
core   0: 3 0x8000b004 (0xbfe5)
core   0: 0x8000affc (0x00005f17) auipc   t5, 0x5
core   0: 3 0x8000affc (0x00005f17) x30 0x8000fffc
core   0: 0x8000b000 (0x003f2223) sw      gp, 4(t5)
core   0: 3 0x8000b000 (0x003f2223) mem 0x80010000 0x00000001
core   0: 0x8000b004 (0x0000bfe5) c.j     pc - 8
core   0: 3 0x8000b004 (0xbfe5)
core   0: 0x8000affc (0x00005f17) auipc   t5, 0x5
core   0: 3 0x8000affc (0x00005f17) x30 0x8000fffc
core   0: 0x8000b000 (0x003f2223) sw      gp, 4(t5)
core   0: 3 0x8000b000 (0x003f2223) mem 0x80010000 0x00000001
core   0: 0x8000b004 (0x0000bfe5) c.j     pc - 8
core   0: 3 0x8000b004 (0xbfe5)
core   0: 0x8000affc (0x00005f17) auipc   t5, 0x5
core   0: 3 0x8000affc (0x00005f17) x30 0x8000fffc
core   0: 0x8000b000 (0x003f2223) sw      gp, 4(t5)
core   0: 3 0x8000b000 (0x003f2223) mem 0x80010000 0x00000001
core   0: 0x8000b004 (0x0000bfe5) c.j     pc - 8
core   0: 3 0x8000b004 (0xbfe5)
core   0: 0x8000affc (0x00005f17) auipc   t5, 0x5
core   0: 3 0x8000affc (0x00005f17) x30 0x8000fffc
core   0: 0x8000b000 (0x003f2223) sw      gp, 4(t5)
core   0: 3 0x8000b000 (0x003f2223) mem 0x80010000 0x00000001
core   0: 0x8000b004 (0x0000bfe5) c.j     pc - 8
core   0: 3 0x8000b004 (0xbfe5)
core   0: 0x8000affc (0x00005f17) auipc   t5, 0x5
core   0: 3 0x8000affc (0x00005f17) x30 0x8000fffc
core   0: 0x8000b000 (0x003f2223) sw      gp, 4(t5)
core   0: 3 0x8000b000 (0x003f2223) mem 0x80010000 0x00000001
core   0: 0x8000b004 (0x0000bfe5) c.j     pc - 8
core   0: 3 0x8000b004 (0xbfe5)
core   0: 0x8000affc (0x00005f17) auipc   t5, 0x5
core   0: 3 0x8000affc (0x00005f17) x30 0x8000fffc
core   0: 0x8000b000 (0x003f2223) sw      gp, 4(t5)
core   0: 3 0x8000b000 (0x003f2223) mem 0x80010000 0x00000001
core   0: 0x8000b004 (0x0000bfe5) c.j     pc - 8
core   0: 3 0x8000b004 (0xbfe5)
core   0: 0x8000affc (0x00005f17) auipc   t5, 0x5
core   0: 3 0x8000affc (0x00005f17) x30 0x8000fffc
core   0: 0x8000b000 (0x003f2223) sw      gp, 4(t5)
core   0: 3 0x8000b000 (0x003f2223) mem 0x80010000 0x00000001
core   0: 0x8000b004 (0x0000bfe5) c.j     pc - 8
core   0: 3 0x8000b004 (0xbfe5)
core   0: 0x8000affc (0x00005f17) auipc   t5, 0x5
core   0: 3 0x8000affc (0x00005f17) x30 0x8000fffc
core   0: 0x8000b000 (0x003f2223) sw      gp, 4(t5)
core   0: 3 0x8000b000 (0x003f2223) mem 0x80010000 0x00000001
core   0: 0x8000b004 (0x0000bfe5) c.j     pc - 8
core   0: 3 0x8000b004 (0xbfe5)
core   0: 0x8000affc (0x00005f17) auipc   t5, 0x5
core   0: 3 0x8000affc (0x00005f17) x30 0x8000fffc
core   0: 0x8000b000 (0x003f2223) sw      gp, 4(t5)
core   0: 3 0x8000b000 (0x003f2223) mem 0x80010000 0x00000001
core   0: 0x8000b004 (0x0000bfe5) c.j     pc - 8
core   0: 3 0x8000b004 (0xbfe5)
core   0: 0x8000affc (0x00005f17) auipc   t5, 0x5
core   0: 3 0x8000affc (0x00005f17) x30 0x8000fffc
core   0: 0x8000b000 (0x003f2223) sw      gp, 4(t5)
core   0: 3 0x8000b000 (0x003f2223) mem 0x80010000 0x00000001
core   0: 0x8000b004 (0x0000bfe5) c.j     pc - 8
core   0: 3 0x8000b004 (0xbfe5)
core   0: 0x8000affc (0x00005f17) auipc   t5, 0x5
core   0: 3 0x8000affc (0x00005f17) x30 0x8000fffc
core   0: 0x8000b000 (0x003f2223) sw      gp, 4(t5)
core   0: 3 0x8000b000 (0x003f2223) mem 0x80010000 0x00000001
core   0: 0x8000b004 (0x0000bfe5) c.j     pc - 8
core   0: 3 0x8000b004 (0xbfe5)
core   0: 0x8000affc (0x00005f17) auipc   t5, 0x5
core   0: 3 0x8000affc (0x00005f17) x30 0x8000fffc
core   0: 0x8000b000 (0x003f2223) sw      gp, 4(t5)
core   0: 3 0x8000b000 (0x003f2223) mem 0x80010000 0x00000001
core   0: 0x8000b004 (0x0000bfe5) c.j     pc - 8
core   0: 3 0x8000b004 (0xbfe5)
core   0: 0x8000affc (0x00005f17) auipc   t5, 0x5
core   0: 3 0x8000affc (0x00005f17) x30 0x8000fffc
core   0: 0x8000b000 (0x003f2223) sw      gp, 4(t5)
core   0: 3 0x8000b000 (0x003f2223) mem 0x80010000 0x00000001
core   0: 0x8000b004 (0x0000bfe5) c.j     pc - 8
core   0: 3 0x8000b004 (0xbfe5)
core   0: 0x8000affc (0x00005f17) auipc   t5, 0x5
core   0: 3 0x8000affc (0x00005f17) x30 0x8000fffc
core   0: 0x8000b000 (0x003f2223) sw      gp, 4(t5)
core   0: 3 0x8000b000 (0x003f2223) mem 0x80010000 0x00000001
core   0: 0x8000b004 (0x0000bfe5) c.j     pc - 8
core   0: 3 0x8000b004 (0xbfe5)
core   0: 0x8000affc (0x00005f17) auipc   t5, 0x5
core   0: 3 0x8000affc (0x00005f17) x30 0x8000fffc
core   0: 0x8000b000 (0x003f2223) sw      gp, 4(t5)
core   0: 3 0x8000b000 (0x003f2223) mem 0x80010000 0x00000001
core   0: 0x8000b004 (0x0000bfe5) c.j     pc - 8
core   0: 3 0x8000b004 (0xbfe5)
core   0: 0x8000affc (0x00005f17) auipc   t5, 0x5
core   0: 3 0x8000affc (0x00005f17) x30 0x8000fffc
core   0: 0x8000b000 (0x003f2223) sw      gp, 4(t5)
core   0: 3 0x8000b000 (0x003f2223) mem 0x80010000 0x00000001
core   0: 0x8000b004 (0x0000bfe5) c.j     pc - 8
core   0: 3 0x8000b004 (0xbfe5)
core   0: 0x8000affc (0x00005f17) auipc   t5, 0x5
core   0: 3 0x8000affc (0x00005f17) x30 0x8000fffc
core   0: 0x8000b000 (0x003f2223) sw      gp, 4(t5)
core   0: 3 0x8000b000 (0x003f2223) mem 0x80010000 0x00000001
core   0: 0x8000b004 (0x0000bfe5) c.j     pc - 8
core   0: 3 0x8000b004 (0xbfe5)
core   0: 0x8000affc (0x00005f17) auipc   t5, 0x5
core   0: 3 0x8000affc (0x00005f17) x30 0x8000fffc
core   0: 0x8000b000 (0x003f2223) sw      gp, 4(t5)
core   0: 3 0x8000b000 (0x003f2223) mem 0x80010000 0x00000001
core   0: 0x8000b004 (0x0000bfe5) c.j     pc - 8
core   0: 3 0x8000b004 (0xbfe5)
core   0: 0x8000affc (0x00005f17) auipc   t5, 0x5
core   0: 3 0x8000affc (0x00005f17) x30 0x8000fffc
core   0: 0x8000b000 (0x003f2223) sw      gp, 4(t5)
core   0: 3 0x8000b000 (0x003f2223) mem 0x80010000 0x00000001
core   0: 0x8000b004 (0x0000bfe5) c.j     pc - 8
core   0: 3 0x8000b004 (0xbfe5)
core   0: 0x8000affc (0x00005f17) auipc   t5, 0x5
core   0: 3 0x8000affc (0x00005f17) x30 0x8000fffc
core   0: 0x8000b000 (0x003f2223) sw      gp, 4(t5)
core   0: 3 0x8000b000 (0x003f2223) mem 0x80010000 0x00000001
core   0: 0x8000b004 (0x0000bfe5) c.j     pc - 8
core   0: 3 0x8000b004 (0xbfe5)
core   0: 0x8000affc (0x00005f17) auipc   t5, 0x5
core   0: 3 0x8000affc (0x00005f17) x30 0x8000fffc
core   0: 0x8000b000 (0x003f2223) sw      gp, 4(t5)
core   0: 3 0x8000b000 (0x003f2223) mem 0x80010000 0x00000001
core   0: 0x8000b004 (0x0000bfe5) c.j     pc - 8
core   0: 3 0x8000b004 (0xbfe5)
core   0: 0x8000affc (0x00005f17) auipc   t5, 0x5
core   0: 3 0x8000affc (0x00005f17) x30 0x8000fffc
core   0: 0x8000b000 (0x003f2223) sw      gp, 4(t5)
core   0: 3 0x8000b000 (0x003f2223) mem 0x80010000 0x00000001
core   0: 0x8000b004 (0x0000bfe5) c.j     pc - 8
core   0: 3 0x8000b004 (0xbfe5)
core   0: 0x8000affc (0x00005f17) auipc   t5, 0x5
core   0: 3 0x8000affc (0x00005f17) x30 0x8000fffc
core   0: 0x8000b000 (0x003f2223) sw      gp, 4(t5)
core   0: 3 0x8000b000 (0x003f2223) mem 0x80010000 0x00000001
core   0: 0x8000b004 (0x0000bfe5) c.j     pc - 8
core   0: 3 0x8000b004 (0xbfe5)
core   0: 0x8000affc (0x00005f17) auipc   t5, 0x5
core   0: 3 0x8000affc (0x00005f17) x30 0x8000fffc
core   0: 0x8000b000 (0x003f2223) sw      gp, 4(t5)
core   0: 3 0x8000b000 (0x003f2223) mem 0x80010000 0x00000001
core   0: 0x8000b004 (0x0000bfe5) c.j     pc - 8
core   0: 3 0x8000b004 (0xbfe5)
core   0: 0x8000affc (0x00005f17) auipc   t5, 0x5
core   0: 3 0x8000affc (0x00005f17) x30 0x8000fffc
core   0: 0x8000b000 (0x003f2223) sw      gp, 4(t5)
core   0: 3 0x8000b000 (0x003f2223) mem 0x80010000 0x00000001
core   0: 0x8000b004 (0x0000bfe5) c.j     pc - 8
core   0: 3 0x8000b004 (0xbfe5)
core   0: 0x8000affc (0x00005f17) auipc   t5, 0x5
core   0: 3 0x8000affc (0x00005f17) x30 0x8000fffc
core   0: 0x8000b000 (0x003f2223) sw      gp, 4(t5)
core   0: 3 0x8000b000 (0x003f2223) mem 0x80010000 0x00000001
core   0: 0x8000b004 (0x0000bfe5) c.j     pc - 8
core   0: 3 0x8000b004 (0xbfe5)
core   0: 0x8000affc (0x00005f17) auipc   t5, 0x5
core   0: 3 0x8000affc (0x00005f17) x30 0x8000fffc
core   0: 0x8000b000 (0x003f2223) sw      gp, 4(t5)
core   0: 3 0x8000b000 (0x003f2223) mem 0x80010000 0x00000001
core   0: 0x8000b004 (0x0000bfe5) c.j     pc - 8
core   0: 3 0x8000b004 (0xbfe5)
core   0: 0x8000affc (0x00005f17) auipc   t5, 0x5
core   0: 3 0x8000affc (0x00005f17) x30 0x8000fffc
core   0: 0x8000b000 (0x003f2223) sw      gp, 4(t5)
core   0: 3 0x8000b000 (0x003f2223) mem 0x80010000 0x00000001
core   0: 0x8000b004 (0x0000bfe5) c.j     pc - 8
core   0: 3 0x8000b004 (0xbfe5)
core   0: 0x8000affc (0x00005f17) auipc   t5, 0x5
core   0: 3 0x8000affc (0x00005f17) x30 0x8000fffc
core   0: 0x8000b000 (0x003f2223) sw      gp, 4(t5)
core   0: 3 0x8000b000 (0x003f2223) mem 0x80010000 0x00000001
core   0: 0x8000b004 (0x0000bfe5) c.j     pc - 8
core   0: 3 0x8000b004 (0xbfe5)
core   0: 0x8000affc (0x00005f17) auipc   t5, 0x5
core   0: 3 0x8000affc (0x00005f17) x30 0x8000fffc
core   0: 0x8000b000 (0x003f2223) sw      gp, 4(t5)
core   0: 3 0x8000b000 (0x003f2223) mem 0x80010000 0x00000001
core   0: 0x8000b004 (0x0000bfe5) c.j     pc - 8
core   0: 3 0x8000b004 (0xbfe5)
core   0: 0x8000affc (0x00005f17) auipc   t5, 0x5
core   0: 3 0x8000affc (0x00005f17) x30 0x8000fffc
core   0: 0x8000b000 (0x003f2223) sw      gp, 4(t5)
core   0: 3 0x8000b000 (0x003f2223) mem 0x80010000 0x00000001
core   0: 0x8000b004 (0x0000bfe5) c.j     pc - 8
core   0: 3 0x8000b004 (0xbfe5)
core   0: 0x8000affc (0x00005f17) auipc   t5, 0x5
core   0: 3 0x8000affc (0x00005f17) x30 0x8000fffc
core   0: 0x8000b000 (0x003f2223) sw      gp, 4(t5)
core   0: 3 0x8000b000 (0x003f2223) mem 0x80010000 0x00000001
core   0: 0x8000b004 (0x0000bfe5) c.j     pc - 8
core   0: 3 0x8000b004 (0xbfe5)
core   0: 0x8000affc (0x00005f17) auipc   t5, 0x5
core   0: 3 0x8000affc (0x00005f17) x30 0x8000fffc
core   0: 0x8000b000 (0x003f2223) sw      gp, 4(t5)
core   0: 3 0x8000b000 (0x003f2223) mem 0x80010000 0x00000001
core   0: 0x8000b004 (0x0000bfe5) c.j     pc - 8
core   0: 3 0x8000b004 (0xbfe5)
core   0: 0x8000affc (0x00005f17) auipc   t5, 0x5
core   0: 3 0x8000affc (0x00005f17) x30 0x8000fffc
core   0: 0x8000b000 (0x003f2223) sw      gp, 4(t5)
core   0: 3 0x8000b000 (0x003f2223) mem 0x80010000 0x00000001
core   0: 0x8000b004 (0x0000bfe5) c.j     pc - 8
core   0: 3 0x8000b004 (0xbfe5)
core   0: 0x8000affc (0x00005f17) auipc   t5, 0x5
core   0: 3 0x8000affc (0x00005f17) x30 0x8000fffc
core   0: 0x8000b000 (0x003f2223) sw      gp, 4(t5)
core   0: 3 0x8000b000 (0x003f2223) mem 0x80010000 0x00000001
core   0: 0x8000b004 (0x0000bfe5) c.j     pc - 8
core   0: 3 0x8000b004 (0xbfe5)
core   0: 0x8000affc (0x00005f17) auipc   t5, 0x5
core   0: 3 0x8000affc (0x00005f17) x30 0x8000fffc
core   0: 0x8000b000 (0x003f2223) sw      gp, 4(t5)
core   0: 3 0x8000b000 (0x003f2223) mem 0x80010000 0x00000001
core   0: 0x8000b004 (0x0000bfe5) c.j     pc - 8
core   0: 3 0x8000b004 (0xbfe5)
core   0: 0x8000affc (0x00005f17) auipc   t5, 0x5
core   0: 3 0x8000affc (0x00005f17) x30 0x8000fffc
core   0: 0x8000b000 (0x003f2223) sw      gp, 4(t5)
core   0: 3 0x8000b000 (0x003f2223) mem 0x80010000 0x00000001
core   0: 0x8000b004 (0x0000bfe5) c.j     pc - 8
core   0: 3 0x8000b004 (0xbfe5)
core   0: 0x8000affc (0x00005f17) auipc   t5, 0x5
core   0: 3 0x8000affc (0x00005f17) x30 0x8000fffc
core   0: 0x8000b000 (0x003f2223) sw      gp, 4(t5)
core   0: 3 0x8000b000 (0x003f2223) mem 0x80010000 0x00000001
core   0: 0x8000b004 (0x0000bfe5) c.j     pc - 8
core   0: 3 0x8000b004 (0xbfe5)
core   0: 0x8000affc (0x00005f17) auipc   t5, 0x5
core   0: 3 0x8000affc (0x00005f17) x30 0x8000fffc
core   0: 0x8000b000 (0x003f2223) sw      gp, 4(t5)
core   0: 3 0x8000b000 (0x003f2223) mem 0x80010000 0x00000001
core   0: 0x8000b004 (0x0000bfe5) c.j     pc - 8
core   0: 3 0x8000b004 (0xbfe5)
core   0: 0x8000affc (0x00005f17) auipc   t5, 0x5
core   0: 3 0x8000affc (0x00005f17) x30 0x8000fffc
core   0: 0x8000b000 (0x003f2223) sw      gp, 4(t5)
core   0: 3 0x8000b000 (0x003f2223) mem 0x80010000 0x00000001
core   0: 0x8000b004 (0x0000bfe5) c.j     pc - 8
core   0: 3 0x8000b004 (0xbfe5)
core   0: 0x8000affc (0x00005f17) auipc   t5, 0x5
core   0: 3 0x8000affc (0x00005f17) x30 0x8000fffc
core   0: 0x8000b000 (0x003f2223) sw      gp, 4(t5)
core   0: 3 0x8000b000 (0x003f2223) mem 0x80010000 0x00000001
core   0: 0x8000b004 (0x0000bfe5) c.j     pc - 8
core   0: 3 0x8000b004 (0xbfe5)
core   0: 0x8000affc (0x00005f17) auipc   t5, 0x5
core   0: 3 0x8000affc (0x00005f17) x30 0x8000fffc
core   0: 0x8000b000 (0x003f2223) sw      gp, 4(t5)
core   0: 3 0x8000b000 (0x003f2223) mem 0x80010000 0x00000001
core   0: 0x8000b004 (0x0000bfe5) c.j     pc - 8
core   0: 3 0x8000b004 (0xbfe5)
core   0: 0x8000affc (0x00005f17) auipc   t5, 0x5
core   0: 3 0x8000affc (0x00005f17) x30 0x8000fffc
core   0: 0x8000b000 (0x003f2223) sw      gp, 4(t5)
core   0: 3 0x8000b000 (0x003f2223) mem 0x80010000 0x00000001
core   0: 0x8000b004 (0x0000bfe5) c.j     pc - 8
core   0: 3 0x8000b004 (0xbfe5)
core   0: 0x8000affc (0x00005f17) auipc   t5, 0x5
core   0: 3 0x8000affc (0x00005f17) x30 0x8000fffc
core   0: 0x8000b000 (0x003f2223) sw      gp, 4(t5)
core   0: 3 0x8000b000 (0x003f2223) mem 0x80010000 0x00000001
core   0: 0x8000b004 (0x0000bfe5) c.j     pc - 8
core   0: 3 0x8000b004 (0xbfe5)
core   0: 0x8000affc (0x00005f17) auipc   t5, 0x5
core   0: 3 0x8000affc (0x00005f17) x30 0x8000fffc
core   0: 0x8000b000 (0x003f2223) sw      gp, 4(t5)
core   0: 3 0x8000b000 (0x003f2223) mem 0x80010000 0x00000001
core   0: 0x8000b004 (0x0000bfe5) c.j     pc - 8
core   0: 3 0x8000b004 (0xbfe5)
core   0: 0x8000affc (0x00005f17) auipc   t5, 0x5
core   0: 3 0x8000affc (0x00005f17) x30 0x8000fffc
core   0: 0x8000b000 (0x003f2223) sw      gp, 4(t5)
core   0: 3 0x8000b000 (0x003f2223) mem 0x80010000 0x00000001
core   0: 0x8000b004 (0x0000bfe5) c.j     pc - 8
core   0: 3 0x8000b004 (0xbfe5)
core   0: 0x8000affc (0x00005f17) auipc   t5, 0x5
core   0: 3 0x8000affc (0x00005f17) x30 0x8000fffc
core   0: 0x8000b000 (0x003f2223) sw      gp, 4(t5)
core   0: 3 0x8000b000 (0x003f2223) mem 0x80010000 0x00000001
core   0: 0x8000b004 (0x0000bfe5) c.j     pc - 8
core   0: 3 0x8000b004 (0xbfe5)
core   0: 0x8000affc (0x00005f17) auipc   t5, 0x5
core   0: 3 0x8000affc (0x00005f17) x30 0x8000fffc
core   0: 0x8000b000 (0x003f2223) sw      gp, 4(t5)
core   0: 3 0x8000b000 (0x003f2223) mem 0x80010000 0x00000001
core   0: 0x8000b004 (0x0000bfe5) c.j     pc - 8
core   0: 3 0x8000b004 (0xbfe5)
core   0: 0x8000affc (0x00005f17) auipc   t5, 0x5
core   0: 3 0x8000affc (0x00005f17) x30 0x8000fffc
core   0: 0x8000b000 (0x003f2223) sw      gp, 4(t5)
core   0: 3 0x8000b000 (0x003f2223) mem 0x80010000 0x00000001
core   0: 0x8000b004 (0x0000bfe5) c.j     pc - 8
core   0: 3 0x8000b004 (0xbfe5)
core   0: 0x8000affc (0x00005f17) auipc   t5, 0x5
core   0: 3 0x8000affc (0x00005f17) x30 0x8000fffc
core   0: 0x8000b000 (0x003f2223) sw      gp, 4(t5)
core   0: 3 0x8000b000 (0x003f2223) mem 0x80010000 0x00000001
core   0: 0x8000b004 (0x0000bfe5) c.j     pc - 8
core   0: 3 0x8000b004 (0xbfe5)
core   0: 0x8000affc (0x00005f17) auipc   t5, 0x5
core   0: 3 0x8000affc (0x00005f17) x30 0x8000fffc
core   0: 0x8000b000 (0x003f2223) sw      gp, 4(t5)
core   0: 3 0x8000b000 (0x003f2223) mem 0x80010000 0x00000001
core   0: 0x8000b004 (0x0000bfe5) c.j     pc - 8
core   0: 3 0x8000b004 (0xbfe5)
core   0: 0x8000affc (0x00005f17) auipc   t5, 0x5
core   0: 3 0x8000affc (0x00005f17) x30 0x8000fffc
core   0: 0x8000b000 (0x003f2223) sw      gp, 4(t5)
core   0: 3 0x8000b000 (0x003f2223) mem 0x80010000 0x00000001
core   0: 0x8000b004 (0x0000bfe5) c.j     pc - 8
core   0: 3 0x8000b004 (0xbfe5)
core   0: 0x8000affc (0x00005f17) auipc   t5, 0x5
core   0: 3 0x8000affc (0x00005f17) x30 0x8000fffc
core   0: 0x8000b000 (0x003f2223) sw      gp, 4(t5)
core   0: 3 0x8000b000 (0x003f2223) mem 0x80010000 0x00000001
core   0: 0x8000b004 (0x0000bfe5) c.j     pc - 8
core   0: 3 0x8000b004 (0xbfe5)
core   0: 0x8000affc (0x00005f17) auipc   t5, 0x5
core   0: 3 0x8000affc (0x00005f17) x30 0x8000fffc
core   0: 0x8000b000 (0x003f2223) sw      gp, 4(t5)
core   0: 3 0x8000b000 (0x003f2223) mem 0x80010000 0x00000001
core   0: 0x8000b004 (0x0000bfe5) c.j     pc - 8
core   0: 3 0x8000b004 (0xbfe5)
core   0: 0x8000affc (0x00005f17) auipc   t5, 0x5
core   0: 3 0x8000affc (0x00005f17) x30 0x8000fffc
core   0: 0x8000b000 (0x003f2223) sw      gp, 4(t5)
core   0: 3 0x8000b000 (0x003f2223) mem 0x80010000 0x00000001
core   0: 0x8000b004 (0x0000bfe5) c.j     pc - 8
core   0: 3 0x8000b004 (0xbfe5)
core   0: 0x8000affc (0x00005f17) auipc   t5, 0x5
core   0: 3 0x8000affc (0x00005f17) x30 0x8000fffc
core   0: 0x8000b000 (0x003f2223) sw      gp, 4(t5)
core   0: 3 0x8000b000 (0x003f2223) mem 0x80010000 0x00000001
core   0: 0x8000b004 (0x0000bfe5) c.j     pc - 8
core   0: 3 0x8000b004 (0xbfe5)
core   0: 0x8000affc (0x00005f17) auipc   t5, 0x5
core   0: 3 0x8000affc (0x00005f17) x30 0x8000fffc
core   0: 0x8000b000 (0x003f2223) sw      gp, 4(t5)
core   0: 3 0x8000b000 (0x003f2223) mem 0x80010000 0x00000001
core   0: 0x8000b004 (0x0000bfe5) c.j     pc - 8
core   0: 3 0x8000b004 (0xbfe5)
core   0: 0x8000affc (0x00005f17) auipc   t5, 0x5
core   0: 3 0x8000affc (0x00005f17) x30 0x8000fffc
core   0: 0x8000b000 (0x003f2223) sw      gp, 4(t5)
core   0: 3 0x8000b000 (0x003f2223) mem 0x80010000 0x00000001
core   0: 0x8000b004 (0x0000bfe5) c.j     pc - 8
core   0: 3 0x8000b004 (0xbfe5)
core   0: 0x8000affc (0x00005f17) auipc   t5, 0x5
core   0: 3 0x8000affc (0x00005f17) x30 0x8000fffc
core   0: 0x8000b000 (0x003f2223) sw      gp, 4(t5)
core   0: 3 0x8000b000 (0x003f2223) mem 0x80010000 0x00000001
core   0: 0x8000b004 (0x0000bfe5) c.j     pc - 8
core   0: 3 0x8000b004 (0xbfe5)
core   0: 0x8000affc (0x00005f17) auipc   t5, 0x5
core   0: 3 0x8000affc (0x00005f17) x30 0x8000fffc
core   0: 0x8000b000 (0x003f2223) sw      gp, 4(t5)
core   0: 3 0x8000b000 (0x003f2223) mem 0x80010000 0x00000001
core   0: 0x8000b004 (0x0000bfe5) c.j     pc - 8
core   0: 3 0x8000b004 (0xbfe5)
core   0: 0x8000affc (0x00005f17) auipc   t5, 0x5
core   0: 3 0x8000affc (0x00005f17) x30 0x8000fffc
core   0: 0x8000b000 (0x003f2223) sw      gp, 4(t5)
core   0: 3 0x8000b000 (0x003f2223) mem 0x80010000 0x00000001
core   0: 0x8000b004 (0x0000bfe5) c.j     pc - 8
core   0: 3 0x8000b004 (0xbfe5)
core   0: 0x8000affc (0x00005f17) auipc   t5, 0x5
core   0: 3 0x8000affc (0x00005f17) x30 0x8000fffc
core   0: 0x8000b000 (0x003f2223) sw      gp, 4(t5)
core   0: 3 0x8000b000 (0x003f2223) mem 0x80010000 0x00000001
core   0: 0x8000b004 (0x0000bfe5) c.j     pc - 8
core   0: 3 0x8000b004 (0xbfe5)
core   0: 0x8000affc (0x00005f17) auipc   t5, 0x5
core   0: 3 0x8000affc (0x00005f17) x30 0x8000fffc
core   0: 0x8000b000 (0x003f2223) sw      gp, 4(t5)
core   0: 3 0x8000b000 (0x003f2223) mem 0x80010000 0x00000001
core   0: 0x8000b004 (0x0000bfe5) c.j     pc - 8
core   0: 3 0x8000b004 (0xbfe5)
core   0: 0x8000affc (0x00005f17) auipc   t5, 0x5
core   0: 3 0x8000affc (0x00005f17) x30 0x8000fffc
core   0: 0x8000b000 (0x003f2223) sw      gp, 4(t5)
core   0: 3 0x8000b000 (0x003f2223) mem 0x80010000 0x00000001
core   0: 0x8000b004 (0x0000bfe5) c.j     pc - 8
core   0: 3 0x8000b004 (0xbfe5)
core   0: 0x8000affc (0x00005f17) auipc   t5, 0x5
core   0: 3 0x8000affc (0x00005f17) x30 0x8000fffc
core   0: 0x8000b000 (0x003f2223) sw      gp, 4(t5)
core   0: 3 0x8000b000 (0x003f2223) mem 0x80010000 0x00000001
core   0: 0x8000b004 (0x0000bfe5) c.j     pc - 8
core   0: 3 0x8000b004 (0xbfe5)
core   0: 0x8000affc (0x00005f17) auipc   t5, 0x5
core   0: 3 0x8000affc (0x00005f17) x30 0x8000fffc
core   0: 0x8000b000 (0x003f2223) sw      gp, 4(t5)
core   0: 3 0x8000b000 (0x003f2223) mem 0x80010000 0x00000001
core   0: 0x8000b004 (0x0000bfe5) c.j     pc - 8
core   0: 3 0x8000b004 (0xbfe5)
core   0: 0x8000affc (0x00005f17) auipc   t5, 0x5
core   0: 3 0x8000affc (0x00005f17) x30 0x8000fffc
core   0: 0x8000b000 (0x003f2223) sw      gp, 4(t5)
core   0: 3 0x8000b000 (0x003f2223) mem 0x80010000 0x00000001
core   0: 0x8000b004 (0x0000bfe5) c.j     pc - 8
core   0: 3 0x8000b004 (0xbfe5)
core   0: 0x8000affc (0x00005f17) auipc   t5, 0x5
core   0: 3 0x8000affc (0x00005f17) x30 0x8000fffc
core   0: 0x8000b000 (0x003f2223) sw      gp, 4(t5)
core   0: 3 0x8000b000 (0x003f2223) mem 0x80010000 0x00000001
core   0: 0x8000b004 (0x0000bfe5) c.j     pc - 8
core   0: 3 0x8000b004 (0xbfe5)
core   0: 0x8000affc (0x00005f17) auipc   t5, 0x5
core   0: 3 0x8000affc (0x00005f17) x30 0x8000fffc
core   0: 0x8000b000 (0x003f2223) sw      gp, 4(t5)
core   0: 3 0x8000b000 (0x003f2223) mem 0x80010000 0x00000001
core   0: 0x8000b004 (0x0000bfe5) c.j     pc - 8
core   0: 3 0x8000b004 (0xbfe5)
core   0: 0x8000affc (0x00005f17) auipc   t5, 0x5
core   0: 3 0x8000affc (0x00005f17) x30 0x8000fffc
core   0: 0x8000b000 (0x003f2223) sw      gp, 4(t5)
core   0: 3 0x8000b000 (0x003f2223) mem 0x80010000 0x00000001
core   0: 0x8000b004 (0x0000bfe5) c.j     pc - 8
core   0: 3 0x8000b004 (0xbfe5)
core   0: 0x8000affc (0x00005f17) auipc   t5, 0x5
core   0: 3 0x8000affc (0x00005f17) x30 0x8000fffc
core   0: 0x8000b000 (0x003f2223) sw      gp, 4(t5)
core   0: 3 0x8000b000 (0x003f2223) mem 0x80010000 0x00000001
core   0: 0x8000b004 (0x0000bfe5) c.j     pc - 8
core   0: 3 0x8000b004 (0xbfe5)
core   0: 0x8000affc (0x00005f17) auipc   t5, 0x5
core   0: 3 0x8000affc (0x00005f17) x30 0x8000fffc
core   0: 0x8000b000 (0x003f2223) sw      gp, 4(t5)
core   0: 3 0x8000b000 (0x003f2223) mem 0x80010000 0x00000001
core   0: 0x8000b004 (0x0000bfe5) c.j     pc - 8
core   0: 3 0x8000b004 (0xbfe5)
core   0: 0x8000affc (0x00005f17) auipc   t5, 0x5
core   0: 3 0x8000affc (0x00005f17) x30 0x8000fffc
core   0: 0x8000b000 (0x003f2223) sw      gp, 4(t5)
core   0: 3 0x8000b000 (0x003f2223) mem 0x80010000 0x00000001
core   0: 0x8000b004 (0x0000bfe5) c.j     pc - 8
core   0: 3 0x8000b004 (0xbfe5)
core   0: 0x8000affc (0x00005f17) auipc   t5, 0x5
core   0: 3 0x8000affc (0x00005f17) x30 0x8000fffc
core   0: 0x8000b000 (0x003f2223) sw      gp, 4(t5)
core   0: 3 0x8000b000 (0x003f2223) mem 0x80010000 0x00000001
core   0: 0x8000b004 (0x0000bfe5) c.j     pc - 8
core   0: 3 0x8000b004 (0xbfe5)
core   0: 0x8000affc (0x00005f17) auipc   t5, 0x5
core   0: 3 0x8000affc (0x00005f17) x30 0x8000fffc
core   0: 0x8000b000 (0x003f2223) sw      gp, 4(t5)
core   0: 3 0x8000b000 (0x003f2223) mem 0x80010000 0x00000001
core   0: 0x8000b004 (0x0000bfe5) c.j     pc - 8
core   0: 3 0x8000b004 (0xbfe5)
core   0: 0x8000affc (0x00005f17) auipc   t5, 0x5
core   0: 3 0x8000affc (0x00005f17) x30 0x8000fffc
core   0: 0x8000b000 (0x003f2223) sw      gp, 4(t5)
core   0: 3 0x8000b000 (0x003f2223) mem 0x80010000 0x00000001
core   0: 0x8000b004 (0x0000bfe5) c.j     pc - 8
core   0: 3 0x8000b004 (0xbfe5)
core   0: 0x8000affc (0x00005f17) auipc   t5, 0x5
core   0: 3 0x8000affc (0x00005f17) x30 0x8000fffc
core   0: 0x8000b000 (0x003f2223) sw      gp, 4(t5)
core   0: 3 0x8000b000 (0x003f2223) mem 0x80010000 0x00000001
core   0: 0x8000b004 (0x0000bfe5) c.j     pc - 8
core   0: 3 0x8000b004 (0xbfe5)
core   0: 0x8000affc (0x00005f17) auipc   t5, 0x5
core   0: 3 0x8000affc (0x00005f17) x30 0x8000fffc
core   0: 0x8000b000 (0x003f2223) sw      gp, 4(t5)
core   0: 3 0x8000b000 (0x003f2223) mem 0x80010000 0x00000001
core   0: 0x8000b004 (0x0000bfe5) c.j     pc - 8
core   0: 3 0x8000b004 (0xbfe5)
core   0: 0x8000affc (0x00005f17) auipc   t5, 0x5
core   0: 3 0x8000affc (0x00005f17) x30 0x8000fffc
core   0: 0x8000b000 (0x003f2223) sw      gp, 4(t5)
core   0: 3 0x8000b000 (0x003f2223) mem 0x80010000 0x00000001
core   0: 0x8000b004 (0x0000bfe5) c.j     pc - 8
core   0: 3 0x8000b004 (0xbfe5)
core   0: 0x8000affc (0x00005f17) auipc   t5, 0x5
core   0: 3 0x8000affc (0x00005f17) x30 0x8000fffc
core   0: 0x8000b000 (0x003f2223) sw      gp, 4(t5)
core   0: 3 0x8000b000 (0x003f2223) mem 0x80010000 0x00000001
core   0: 0x8000b004 (0x0000bfe5) c.j     pc - 8
core   0: 3 0x8000b004 (0xbfe5)
core   0: 0x8000affc (0x00005f17) auipc   t5, 0x5
core   0: 3 0x8000affc (0x00005f17) x30 0x8000fffc
core   0: 0x8000b000 (0x003f2223) sw      gp, 4(t5)
core   0: 3 0x8000b000 (0x003f2223) mem 0x80010000 0x00000001
core   0: 0x8000b004 (0x0000bfe5) c.j     pc - 8
core   0: 3 0x8000b004 (0xbfe5)
core   0: 0x8000affc (0x00005f17) auipc   t5, 0x5
core   0: 3 0x8000affc (0x00005f17) x30 0x8000fffc
core   0: 0x8000b000 (0x003f2223) sw      gp, 4(t5)
core   0: 3 0x8000b000 (0x003f2223) mem 0x80010000 0x00000001
core   0: 0x8000b004 (0x0000bfe5) c.j     pc - 8
core   0: 3 0x8000b004 (0xbfe5)
core   0: 0x8000affc (0x00005f17) auipc   t5, 0x5
core   0: 3 0x8000affc (0x00005f17) x30 0x8000fffc
core   0: 0x8000b000 (0x003f2223) sw      gp, 4(t5)
core   0: 3 0x8000b000 (0x003f2223) mem 0x80010000 0x00000001
core   0: 0x8000b004 (0x0000bfe5) c.j     pc - 8
core   0: 3 0x8000b004 (0xbfe5)
core   0: 0x8000affc (0x00005f17) auipc   t5, 0x5
core   0: 3 0x8000affc (0x00005f17) x30 0x8000fffc
core   0: 0x8000b000 (0x003f2223) sw      gp, 4(t5)
core   0: 3 0x8000b000 (0x003f2223) mem 0x80010000 0x00000001
core   0: 0x8000b004 (0x0000bfe5) c.j     pc - 8
core   0: 3 0x8000b004 (0xbfe5)
core   0: 0x8000affc (0x00005f17) auipc   t5, 0x5
core   0: 3 0x8000affc (0x00005f17) x30 0x8000fffc
core   0: 0x8000b000 (0x003f2223) sw      gp, 4(t5)
core   0: 3 0x8000b000 (0x003f2223) mem 0x80010000 0x00000001
core   0: 0x8000b004 (0x0000bfe5) c.j     pc - 8
core   0: 3 0x8000b004 (0xbfe5)
core   0: 0x8000affc (0x00005f17) auipc   t5, 0x5
core   0: 3 0x8000affc (0x00005f17) x30 0x8000fffc
core   0: 0x8000b000 (0x003f2223) sw      gp, 4(t5)
core   0: 3 0x8000b000 (0x003f2223) mem 0x80010000 0x00000001
core   0: 0x8000b004 (0x0000bfe5) c.j     pc - 8
core   0: 3 0x8000b004 (0xbfe5)
core   0: 0x8000affc (0x00005f17) auipc   t5, 0x5
core   0: 3 0x8000affc (0x00005f17) x30 0x8000fffc
core   0: 0x8000b000 (0x003f2223) sw      gp, 4(t5)
core   0: 3 0x8000b000 (0x003f2223) mem 0x80010000 0x00000001
core   0: 0x8000b004 (0x0000bfe5) c.j     pc - 8
core   0: 3 0x8000b004 (0xbfe5)
core   0: 0x8000affc (0x00005f17) auipc   t5, 0x5
core   0: 3 0x8000affc (0x00005f17) x30 0x8000fffc
core   0: 0x8000b000 (0x003f2223) sw      gp, 4(t5)
core   0: 3 0x8000b000 (0x003f2223) mem 0x80010000 0x00000001
core   0: 0x8000b004 (0x0000bfe5) c.j     pc - 8
core   0: 3 0x8000b004 (0xbfe5)
core   0: 0x8000affc (0x00005f17) auipc   t5, 0x5
core   0: 3 0x8000affc (0x00005f17) x30 0x8000fffc
core   0: 0x8000b000 (0x003f2223) sw      gp, 4(t5)
core   0: 3 0x8000b000 (0x003f2223) mem 0x80010000 0x00000001
core   0: 0x8000b004 (0x0000bfe5) c.j     pc - 8
core   0: 3 0x8000b004 (0xbfe5)
core   0: 0x8000affc (0x00005f17) auipc   t5, 0x5
core   0: 3 0x8000affc (0x00005f17) x30 0x8000fffc
core   0: 0x8000b000 (0x003f2223) sw      gp, 4(t5)
core   0: 3 0x8000b000 (0x003f2223) mem 0x80010000 0x00000001
core   0: 0x8000b004 (0x0000bfe5) c.j     pc - 8
core   0: 3 0x8000b004 (0xbfe5)
core   0: 0x8000affc (0x00005f17) auipc   t5, 0x5
core   0: 3 0x8000affc (0x00005f17) x30 0x8000fffc
core   0: 0x8000b000 (0x003f2223) sw      gp, 4(t5)
core   0: 3 0x8000b000 (0x003f2223) mem 0x80010000 0x00000001
core   0: 0x8000b004 (0x0000bfe5) c.j     pc - 8
core   0: 3 0x8000b004 (0xbfe5)
core   0: 0x8000affc (0x00005f17) auipc   t5, 0x5
core   0: 3 0x8000affc (0x00005f17) x30 0x8000fffc
core   0: 0x8000b000 (0x003f2223) sw      gp, 4(t5)
core   0: 3 0x8000b000 (0x003f2223) mem 0x80010000 0x00000001
core   0: 0x8000b004 (0x0000bfe5) c.j     pc - 8
core   0: 3 0x8000b004 (0xbfe5)
core   0: 0x8000affc (0x00005f17) auipc   t5, 0x5
core   0: 3 0x8000affc (0x00005f17) x30 0x8000fffc
core   0: 0x8000b000 (0x003f2223) sw      gp, 4(t5)
core   0: 3 0x8000b000 (0x003f2223) mem 0x80010000 0x00000001
core   0: 0x8000b004 (0x0000bfe5) c.j     pc - 8
core   0: 3 0x8000b004 (0xbfe5)
core   0: 0x8000affc (0x00005f17) auipc   t5, 0x5
core   0: 3 0x8000affc (0x00005f17) x30 0x8000fffc
core   0: 0x8000b000 (0x003f2223) sw      gp, 4(t5)
core   0: 3 0x8000b000 (0x003f2223) mem 0x80010000 0x00000001
core   0: 0x8000b004 (0x0000bfe5) c.j     pc - 8
core   0: 3 0x8000b004 (0xbfe5)
core   0: 0x8000affc (0x00005f17) auipc   t5, 0x5
core   0: 3 0x8000affc (0x00005f17) x30 0x8000fffc
core   0: 0x8000b000 (0x003f2223) sw      gp, 4(t5)
core   0: 3 0x8000b000 (0x003f2223) mem 0x80010000 0x00000001
core   0: 0x8000b004 (0x0000bfe5) c.j     pc - 8
core   0: 3 0x8000b004 (0xbfe5)
core   0: 0x8000affc (0x00005f17) auipc   t5, 0x5
core   0: 3 0x8000affc (0x00005f17) x30 0x8000fffc
core   0: 0x8000b000 (0x003f2223) sw      gp, 4(t5)
core   0: 3 0x8000b000 (0x003f2223) mem 0x80010000 0x00000001
core   0: 0x8000b004 (0x0000bfe5) c.j     pc - 8
core   0: 3 0x8000b004 (0xbfe5)
core   0: 0x8000affc (0x00005f17) auipc   t5, 0x5
core   0: 3 0x8000affc (0x00005f17) x30 0x8000fffc
core   0: 0x8000b000 (0x003f2223) sw      gp, 4(t5)
core   0: 3 0x8000b000 (0x003f2223) mem 0x80010000 0x00000001
core   0: 0x8000b004 (0x0000bfe5) c.j     pc - 8
core   0: 3 0x8000b004 (0xbfe5)
core   0: 0x8000affc (0x00005f17) auipc   t5, 0x5
core   0: 3 0x8000affc (0x00005f17) x30 0x8000fffc
core   0: 0x8000b000 (0x003f2223) sw      gp, 4(t5)
core   0: 3 0x8000b000 (0x003f2223) mem 0x80010000 0x00000001
core   0: 0x8000b004 (0x0000bfe5) c.j     pc - 8
core   0: 3 0x8000b004 (0xbfe5)
core   0: 0x8000affc (0x00005f17) auipc   t5, 0x5
core   0: 3 0x8000affc (0x00005f17) x30 0x8000fffc
core   0: 0x8000b000 (0x003f2223) sw      gp, 4(t5)
core   0: 3 0x8000b000 (0x003f2223) mem 0x80010000 0x00000001
core   0: 0x8000b004 (0x0000bfe5) c.j     pc - 8
core   0: 3 0x8000b004 (0xbfe5)
core   0: 0x8000affc (0x00005f17) auipc   t5, 0x5
core   0: 3 0x8000affc (0x00005f17) x30 0x8000fffc
core   0: 0x8000b000 (0x003f2223) sw      gp, 4(t5)
core   0: 3 0x8000b000 (0x003f2223) mem 0x80010000 0x00000001
core   0: 0x8000b004 (0x0000bfe5) c.j     pc - 8
core   0: 3 0x8000b004 (0xbfe5)
core   0: 0x8000affc (0x00005f17) auipc   t5, 0x5
core   0: 3 0x8000affc (0x00005f17) x30 0x8000fffc
core   0: 0x8000b000 (0x003f2223) sw      gp, 4(t5)
core   0: 3 0x8000b000 (0x003f2223) mem 0x80010000 0x00000001
core   0: 0x8000b004 (0x0000bfe5) c.j     pc - 8
core   0: 3 0x8000b004 (0xbfe5)
core   0: 0x8000affc (0x00005f17) auipc   t5, 0x5
core   0: 3 0x8000affc (0x00005f17) x30 0x8000fffc
core   0: 0x8000b000 (0x003f2223) sw      gp, 4(t5)
core   0: 3 0x8000b000 (0x003f2223) mem 0x80010000 0x00000001
core   0: 0x8000b004 (0x0000bfe5) c.j     pc - 8
core   0: 3 0x8000b004 (0xbfe5)
core   0: 0x8000affc (0x00005f17) auipc   t5, 0x5
core   0: 3 0x8000affc (0x00005f17) x30 0x8000fffc
core   0: 0x8000b000 (0x003f2223) sw      gp, 4(t5)
core   0: 3 0x8000b000 (0x003f2223) mem 0x80010000 0x00000001
core   0: 0x8000b004 (0x0000bfe5) c.j     pc - 8
core   0: 3 0x8000b004 (0xbfe5)
core   0: 0x8000affc (0x00005f17) auipc   t5, 0x5
core   0: 3 0x8000affc (0x00005f17) x30 0x8000fffc
core   0: 0x8000b000 (0x003f2223) sw      gp, 4(t5)
core   0: 3 0x8000b000 (0x003f2223) mem 0x80010000 0x00000001
core   0: 0x8000b004 (0x0000bfe5) c.j     pc - 8
core   0: 3 0x8000b004 (0xbfe5)
core   0: 0x8000affc (0x00005f17) auipc   t5, 0x5
core   0: 3 0x8000affc (0x00005f17) x30 0x8000fffc
core   0: 0x8000b000 (0x003f2223) sw      gp, 4(t5)
core   0: 3 0x8000b000 (0x003f2223) mem 0x80010000 0x00000001
core   0: 0x8000b004 (0x0000bfe5) c.j     pc - 8
core   0: 3 0x8000b004 (0xbfe5)
core   0: 0x8000affc (0x00005f17) auipc   t5, 0x5
core   0: 3 0x8000affc (0x00005f17) x30 0x8000fffc
core   0: 0x8000b000 (0x003f2223) sw      gp, 4(t5)
core   0: 3 0x8000b000 (0x003f2223) mem 0x80010000 0x00000001
core   0: 0x8000b004 (0x0000bfe5) c.j     pc - 8
core   0: 3 0x8000b004 (0xbfe5)
core   0: 0x8000affc (0x00005f17) auipc   t5, 0x5
core   0: 3 0x8000affc (0x00005f17) x30 0x8000fffc
core   0: 0x8000b000 (0x003f2223) sw      gp, 4(t5)
core   0: 3 0x8000b000 (0x003f2223) mem 0x80010000 0x00000001
core   0: 0x8000b004 (0x0000bfe5) c.j     pc - 8
core   0: 3 0x8000b004 (0xbfe5)
core   0: 0x8000affc (0x00005f17) auipc   t5, 0x5
core   0: 3 0x8000affc (0x00005f17) x30 0x8000fffc
core   0: 0x8000b000 (0x003f2223) sw      gp, 4(t5)
core   0: 3 0x8000b000 (0x003f2223) mem 0x80010000 0x00000001
core   0: 0x8000b004 (0x0000bfe5) c.j     pc - 8
core   0: 3 0x8000b004 (0xbfe5)
core   0: 0x8000affc (0x00005f17) auipc   t5, 0x5
core   0: 3 0x8000affc (0x00005f17) x30 0x8000fffc
core   0: 0x8000b000 (0x003f2223) sw      gp, 4(t5)
core   0: 3 0x8000b000 (0x003f2223) mem 0x80010000 0x00000001
core   0: 0x8000b004 (0x0000bfe5) c.j     pc - 8
core   0: 3 0x8000b004 (0xbfe5)
core   0: 0x8000affc (0x00005f17) auipc   t5, 0x5
core   0: 3 0x8000affc (0x00005f17) x30 0x8000fffc
core   0: 0x8000b000 (0x003f2223) sw      gp, 4(t5)
core   0: 3 0x8000b000 (0x003f2223) mem 0x80010000 0x00000001
core   0: 0x8000b004 (0x0000bfe5) c.j     pc - 8
core   0: 3 0x8000b004 (0xbfe5)
core   0: 0x8000affc (0x00005f17) auipc   t5, 0x5
core   0: 3 0x8000affc (0x00005f17) x30 0x8000fffc
core   0: 0x8000b000 (0x003f2223) sw      gp, 4(t5)
core   0: 3 0x8000b000 (0x003f2223) mem 0x80010000 0x00000001
core   0: 0x8000b004 (0x0000bfe5) c.j     pc - 8
core   0: 3 0x8000b004 (0xbfe5)
core   0: 0x8000affc (0x00005f17) auipc   t5, 0x5
core   0: 3 0x8000affc (0x00005f17) x30 0x8000fffc
core   0: 0x8000b000 (0x003f2223) sw      gp, 4(t5)
core   0: 3 0x8000b000 (0x003f2223) mem 0x80010000 0x00000001
core   0: 0x8000b004 (0x0000bfe5) c.j     pc - 8
core   0: 3 0x8000b004 (0xbfe5)
core   0: 0x8000affc (0x00005f17) auipc   t5, 0x5
core   0: 3 0x8000affc (0x00005f17) x30 0x8000fffc
core   0: 0x8000b000 (0x003f2223) sw      gp, 4(t5)
core   0: 3 0x8000b000 (0x003f2223) mem 0x80010000 0x00000001
core   0: 0x8000b004 (0x0000bfe5) c.j     pc - 8
core   0: 3 0x8000b004 (0xbfe5)
core   0: 0x8000affc (0x00005f17) auipc   t5, 0x5
core   0: 3 0x8000affc (0x00005f17) x30 0x8000fffc
core   0: 0x8000b000 (0x003f2223) sw      gp, 4(t5)
core   0: 3 0x8000b000 (0x003f2223) mem 0x80010000 0x00000001
core   0: 0x8000b004 (0x0000bfe5) c.j     pc - 8
core   0: 3 0x8000b004 (0xbfe5)
core   0: 0x8000affc (0x00005f17) auipc   t5, 0x5
core   0: 3 0x8000affc (0x00005f17) x30 0x8000fffc
core   0: 0x8000b000 (0x003f2223) sw      gp, 4(t5)
core   0: 3 0x8000b000 (0x003f2223) mem 0x80010000 0x00000001
core   0: 0x8000b004 (0x0000bfe5) c.j     pc - 8
core   0: 3 0x8000b004 (0xbfe5)
core   0: 0x8000affc (0x00005f17) auipc   t5, 0x5
core   0: 3 0x8000affc (0x00005f17) x30 0x8000fffc
core   0: 0x8000b000 (0x003f2223) sw      gp, 4(t5)
core   0: 3 0x8000b000 (0x003f2223) mem 0x80010000 0x00000001
core   0: 0x8000b004 (0x0000bfe5) c.j     pc - 8
core   0: 3 0x8000b004 (0xbfe5)
core   0: 0x8000affc (0x00005f17) auipc   t5, 0x5
core   0: 3 0x8000affc (0x00005f17) x30 0x8000fffc
core   0: 0x8000b000 (0x003f2223) sw      gp, 4(t5)
core   0: 3 0x8000b000 (0x003f2223) mem 0x80010000 0x00000001
core   0: 0x8000b004 (0x0000bfe5) c.j     pc - 8
core   0: 3 0x8000b004 (0xbfe5)
core   0: 0x8000affc (0x00005f17) auipc   t5, 0x5
core   0: 3 0x8000affc (0x00005f17) x30 0x8000fffc
core   0: 0x8000b000 (0x003f2223) sw      gp, 4(t5)
core   0: 3 0x8000b000 (0x003f2223) mem 0x80010000 0x00000001
core   0: 0x8000b004 (0x0000bfe5) c.j     pc - 8
core   0: 3 0x8000b004 (0xbfe5)
core   0: 0x8000affc (0x00005f17) auipc   t5, 0x5
core   0: 3 0x8000affc (0x00005f17) x30 0x8000fffc
core   0: 0x8000b000 (0x003f2223) sw      gp, 4(t5)
core   0: 3 0x8000b000 (0x003f2223) mem 0x80010000 0x00000001
core   0: 0x8000b004 (0x0000bfe5) c.j     pc - 8
core   0: 3 0x8000b004 (0xbfe5)
core   0: 0x8000affc (0x00005f17) auipc   t5, 0x5
core   0: 3 0x8000affc (0x00005f17) x30 0x8000fffc
core   0: 0x8000b000 (0x003f2223) sw      gp, 4(t5)
core   0: 3 0x8000b000 (0x003f2223) mem 0x80010000 0x00000001
core   0: 0x8000b004 (0x0000bfe5) c.j     pc - 8
core   0: 3 0x8000b004 (0xbfe5)
core   0: 0x8000affc (0x00005f17) auipc   t5, 0x5
core   0: 3 0x8000affc (0x00005f17) x30 0x8000fffc
core   0: 0x8000b000 (0x003f2223) sw      gp, 4(t5)
core   0: 3 0x8000b000 (0x003f2223) mem 0x80010000 0x00000001
core   0: 0x8000b004 (0x0000bfe5) c.j     pc - 8
core   0: 3 0x8000b004 (0xbfe5)
core   0: 0x8000affc (0x00005f17) auipc   t5, 0x5
core   0: 3 0x8000affc (0x00005f17) x30 0x8000fffc
core   0: 0x8000b000 (0x003f2223) sw      gp, 4(t5)
core   0: 3 0x8000b000 (0x003f2223) mem 0x80010000 0x00000001
core   0: 0x8000b004 (0x0000bfe5) c.j     pc - 8
core   0: 3 0x8000b004 (0xbfe5)
core   0: 0x8000affc (0x00005f17) auipc   t5, 0x5
core   0: 3 0x8000affc (0x00005f17) x30 0x8000fffc
core   0: 0x8000b000 (0x003f2223) sw      gp, 4(t5)
core   0: 3 0x8000b000 (0x003f2223) mem 0x80010000 0x00000001
core   0: 0x8000b004 (0x0000bfe5) c.j     pc - 8
core   0: 3 0x8000b004 (0xbfe5)
core   0: 0x8000affc (0x00005f17) auipc   t5, 0x5
core   0: 3 0x8000affc (0x00005f17) x30 0x8000fffc
core   0: 0x8000b000 (0x003f2223) sw      gp, 4(t5)
core   0: 3 0x8000b000 (0x003f2223) mem 0x80010000 0x00000001
core   0: 0x8000b004 (0x0000bfe5) c.j     pc - 8
core   0: 3 0x8000b004 (0xbfe5)
core   0: 0x8000affc (0x00005f17) auipc   t5, 0x5
core   0: 3 0x8000affc (0x00005f17) x30 0x8000fffc
core   0: 0x8000b000 (0x003f2223) sw      gp, 4(t5)
core   0: 3 0x8000b000 (0x003f2223) mem 0x80010000 0x00000001
core   0: 0x8000b004 (0x0000bfe5) c.j     pc - 8
core   0: 3 0x8000b004 (0xbfe5)
core   0: 0x8000affc (0x00005f17) auipc   t5, 0x5
core   0: 3 0x8000affc (0x00005f17) x30 0x8000fffc
core   0: 0x8000b000 (0x003f2223) sw      gp, 4(t5)
core   0: 3 0x8000b000 (0x003f2223) mem 0x80010000 0x00000001
core   0: 0x8000b004 (0x0000bfe5) c.j     pc - 8
core   0: 3 0x8000b004 (0xbfe5)
core   0: 0x8000affc (0x00005f17) auipc   t5, 0x5
core   0: 3 0x8000affc (0x00005f17) x30 0x8000fffc
core   0: 0x8000b000 (0x003f2223) sw      gp, 4(t5)
core   0: 3 0x8000b000 (0x003f2223) mem 0x80010000 0x00000001
core   0: 0x8000b004 (0x0000bfe5) c.j     pc - 8
core   0: 3 0x8000b004 (0xbfe5)
core   0: 0x8000affc (0x00005f17) auipc   t5, 0x5
core   0: 3 0x8000affc (0x00005f17) x30 0x8000fffc
core   0: 0x8000b000 (0x003f2223) sw      gp, 4(t5)
core   0: 3 0x8000b000 (0x003f2223) mem 0x80010000 0x00000001
core   0: 0x8000b004 (0x0000bfe5) c.j     pc - 8
core   0: 3 0x8000b004 (0xbfe5)
core   0: 0x8000affc (0x00005f17) auipc   t5, 0x5
core   0: 3 0x8000affc (0x00005f17) x30 0x8000fffc
core   0: 0x8000b000 (0x003f2223) sw      gp, 4(t5)
core   0: 3 0x8000b000 (0x003f2223) mem 0x80010000 0x00000001
core   0: 0x8000b004 (0x0000bfe5) c.j     pc - 8
core   0: 3 0x8000b004 (0xbfe5)
core   0: 0x8000affc (0x00005f17) auipc   t5, 0x5
core   0: 3 0x8000affc (0x00005f17) x30 0x8000fffc
core   0: 0x8000b000 (0x003f2223) sw      gp, 4(t5)
core   0: 3 0x8000b000 (0x003f2223) mem 0x80010000 0x00000001
core   0: 0x8000b004 (0x0000bfe5) c.j     pc - 8
core   0: 3 0x8000b004 (0xbfe5)
core   0: 0x8000affc (0x00005f17) auipc   t5, 0x5
core   0: 3 0x8000affc (0x00005f17) x30 0x8000fffc
core   0: 0x8000b000 (0x003f2223) sw      gp, 4(t5)
core   0: 3 0x8000b000 (0x003f2223) mem 0x80010000 0x00000001
core   0: 0x8000b004 (0x0000bfe5) c.j     pc - 8
core   0: 3 0x8000b004 (0xbfe5)
core   0: 0x8000affc (0x00005f17) auipc   t5, 0x5
core   0: 3 0x8000affc (0x00005f17) x30 0x8000fffc
core   0: 0x8000b000 (0x003f2223) sw      gp, 4(t5)
core   0: 3 0x8000b000 (0x003f2223) mem 0x80010000 0x00000001
core   0: 0x8000b004 (0x0000bfe5) c.j     pc - 8
core   0: 3 0x8000b004 (0xbfe5)
core   0: 0x8000affc (0x00005f17) auipc   t5, 0x5
core   0: 3 0x8000affc (0x00005f17) x30 0x8000fffc
core   0: 0x8000b000 (0x003f2223) sw      gp, 4(t5)
core   0: 3 0x8000b000 (0x003f2223) mem 0x80010000 0x00000001
core   0: 0x8000b004 (0x0000bfe5) c.j     pc - 8
core   0: 3 0x8000b004 (0xbfe5)
core   0: 0x8000affc (0x00005f17) auipc   t5, 0x5
core   0: 3 0x8000affc (0x00005f17) x30 0x8000fffc
core   0: 0x8000b000 (0x003f2223) sw      gp, 4(t5)
core   0: 3 0x8000b000 (0x003f2223) mem 0x80010000 0x00000001
core   0: 0x8000b004 (0x0000bfe5) c.j     pc - 8
core   0: 3 0x8000b004 (0xbfe5)
core   0: 0x8000affc (0x00005f17) auipc   t5, 0x5
core   0: 3 0x8000affc (0x00005f17) x30 0x8000fffc
core   0: 0x8000b000 (0x003f2223) sw      gp, 4(t5)
core   0: 3 0x8000b000 (0x003f2223) mem 0x80010000 0x00000001
core   0: 0x8000b004 (0x0000bfe5) c.j     pc - 8
core   0: 3 0x8000b004 (0xbfe5)
core   0: 0x8000affc (0x00005f17) auipc   t5, 0x5
core   0: 3 0x8000affc (0x00005f17) x30 0x8000fffc
core   0: 0x8000b000 (0x003f2223) sw      gp, 4(t5)
core   0: 3 0x8000b000 (0x003f2223) mem 0x80010000 0x00000001
core   0: 0x8000b004 (0x0000bfe5) c.j     pc - 8
core   0: 3 0x8000b004 (0xbfe5)
core   0: 0x8000affc (0x00005f17) auipc   t5, 0x5
core   0: 3 0x8000affc (0x00005f17) x30 0x8000fffc
core   0: 0x8000b000 (0x003f2223) sw      gp, 4(t5)
core   0: 3 0x8000b000 (0x003f2223) mem 0x80010000 0x00000001
core   0: 0x8000b004 (0x0000bfe5) c.j     pc - 8
core   0: 3 0x8000b004 (0xbfe5)
core   0: 0x8000affc (0x00005f17) auipc   t5, 0x5
core   0: 3 0x8000affc (0x00005f17) x30 0x8000fffc
core   0: 0x8000b000 (0x003f2223) sw      gp, 4(t5)
core   0: 3 0x8000b000 (0x003f2223) mem 0x80010000 0x00000001
core   0: 0x8000b004 (0x0000bfe5) c.j     pc - 8
core   0: 3 0x8000b004 (0xbfe5)
core   0: 0x8000affc (0x00005f17) auipc   t5, 0x5
core   0: 3 0x8000affc (0x00005f17) x30 0x8000fffc
core   0: 0x8000b000 (0x003f2223) sw      gp, 4(t5)
core   0: 3 0x8000b000 (0x003f2223) mem 0x80010000 0x00000001
core   0: 0x8000b004 (0x0000bfe5) c.j     pc - 8
core   0: 3 0x8000b004 (0xbfe5)
core   0: 0x8000affc (0x00005f17) auipc   t5, 0x5
core   0: 3 0x8000affc (0x00005f17) x30 0x8000fffc
core   0: 0x8000b000 (0x003f2223) sw      gp, 4(t5)
core   0: 3 0x8000b000 (0x003f2223) mem 0x80010000 0x00000001
core   0: 0x8000b004 (0x0000bfe5) c.j     pc - 8
core   0: 3 0x8000b004 (0xbfe5)
core   0: 0x8000affc (0x00005f17) auipc   t5, 0x5
core   0: 3 0x8000affc (0x00005f17) x30 0x8000fffc
core   0: 0x8000b000 (0x003f2223) sw      gp, 4(t5)
core   0: 3 0x8000b000 (0x003f2223) mem 0x80010000 0x00000001
core   0: 0x8000b004 (0x0000bfe5) c.j     pc - 8
core   0: 3 0x8000b004 (0xbfe5)
core   0: 0x8000affc (0x00005f17) auipc   t5, 0x5
core   0: 3 0x8000affc (0x00005f17) x30 0x8000fffc
core   0: 0x8000b000 (0x003f2223) sw      gp, 4(t5)
core   0: 3 0x8000b000 (0x003f2223) mem 0x80010000 0x00000001
core   0: 0x8000b004 (0x0000bfe5) c.j     pc - 8
core   0: 3 0x8000b004 (0xbfe5)
core   0: 0x8000affc (0x00005f17) auipc   t5, 0x5
core   0: 3 0x8000affc (0x00005f17) x30 0x8000fffc
core   0: 0x8000b000 (0x003f2223) sw      gp, 4(t5)
core   0: 3 0x8000b000 (0x003f2223) mem 0x80010000 0x00000001
core   0: 0x8000b004 (0x0000bfe5) c.j     pc - 8
core   0: 3 0x8000b004 (0xbfe5)
core   0: 0x8000affc (0x00005f17) auipc   t5, 0x5
core   0: 3 0x8000affc (0x00005f17) x30 0x8000fffc
core   0: 0x8000b000 (0x003f2223) sw      gp, 4(t5)
core   0: 3 0x8000b000 (0x003f2223) mem 0x80010000 0x00000001
core   0: 0x8000b004 (0x0000bfe5) c.j     pc - 8
core   0: 3 0x8000b004 (0xbfe5)
core   0: 0x8000affc (0x00005f17) auipc   t5, 0x5
core   0: 3 0x8000affc (0x00005f17) x30 0x8000fffc
core   0: 0x8000b000 (0x003f2223) sw      gp, 4(t5)
core   0: 3 0x8000b000 (0x003f2223) mem 0x80010000 0x00000001
core   0: 0x8000b004 (0x0000bfe5) c.j     pc - 8
core   0: 3 0x8000b004 (0xbfe5)
core   0: 0x8000affc (0x00005f17) auipc   t5, 0x5
core   0: 3 0x8000affc (0x00005f17) x30 0x8000fffc
core   0: 0x8000b000 (0x003f2223) sw      gp, 4(t5)
core   0: 3 0x8000b000 (0x003f2223) mem 0x80010000 0x00000001
core   0: 0x8000b004 (0x0000bfe5) c.j     pc - 8
core   0: 3 0x8000b004 (0xbfe5)
core   0: 0x8000affc (0x00005f17) auipc   t5, 0x5
core   0: 3 0x8000affc (0x00005f17) x30 0x8000fffc
core   0: 0x8000b000 (0x003f2223) sw      gp, 4(t5)
core   0: 3 0x8000b000 (0x003f2223) mem 0x80010000 0x00000001
core   0: 0x8000b004 (0x0000bfe5) c.j     pc - 8
core   0: 3 0x8000b004 (0xbfe5)
core   0: 0x8000affc (0x00005f17) auipc   t5, 0x5
core   0: 3 0x8000affc (0x00005f17) x30 0x8000fffc
core   0: 0x8000b000 (0x003f2223) sw      gp, 4(t5)
core   0: 3 0x8000b000 (0x003f2223) mem 0x80010000 0x00000001
core   0: 0x8000b004 (0x0000bfe5) c.j     pc - 8
core   0: 3 0x8000b004 (0xbfe5)
core   0: 0x8000affc (0x00005f17) auipc   t5, 0x5
core   0: 3 0x8000affc (0x00005f17) x30 0x8000fffc
core   0: 0x8000b000 (0x003f2223) sw      gp, 4(t5)
core   0: 3 0x8000b000 (0x003f2223) mem 0x80010000 0x00000001
core   0: 0x8000b004 (0x0000bfe5) c.j     pc - 8
core   0: 3 0x8000b004 (0xbfe5)
core   0: 0x8000affc (0x00005f17) auipc   t5, 0x5
core   0: 3 0x8000affc (0x00005f17) x30 0x8000fffc
core   0: 0x8000b000 (0x003f2223) sw      gp, 4(t5)
core   0: 3 0x8000b000 (0x003f2223) mem 0x80010000 0x00000001
core   0: 0x8000b004 (0x0000bfe5) c.j     pc - 8
core   0: 3 0x8000b004 (0xbfe5)
core   0: 0x8000affc (0x00005f17) auipc   t5, 0x5
core   0: 3 0x8000affc (0x00005f17) x30 0x8000fffc
core   0: 0x8000b000 (0x003f2223) sw      gp, 4(t5)
core   0: 3 0x8000b000 (0x003f2223) mem 0x80010000 0x00000001
core   0: 0x8000b004 (0x0000bfe5) c.j     pc - 8
core   0: 3 0x8000b004 (0xbfe5)
core   0: 0x8000affc (0x00005f17) auipc   t5, 0x5
core   0: 3 0x8000affc (0x00005f17) x30 0x8000fffc
core   0: 0x8000b000 (0x003f2223) sw      gp, 4(t5)
core   0: 3 0x8000b000 (0x003f2223) mem 0x80010000 0x00000001
core   0: 0x8000b004 (0x0000bfe5) c.j     pc - 8
core   0: 3 0x8000b004 (0xbfe5)
core   0: 0x8000affc (0x00005f17) auipc   t5, 0x5
core   0: 3 0x8000affc (0x00005f17) x30 0x8000fffc
core   0: 0x8000b000 (0x003f2223) sw      gp, 4(t5)
core   0: 3 0x8000b000 (0x003f2223) mem 0x80010000 0x00000001
core   0: 0x8000b004 (0x0000bfe5) c.j     pc - 8
core   0: 3 0x8000b004 (0xbfe5)
core   0: 0x8000affc (0x00005f17) auipc   t5, 0x5
core   0: 3 0x8000affc (0x00005f17) x30 0x8000fffc
core   0: 0x8000b000 (0x003f2223) sw      gp, 4(t5)
core   0: 3 0x8000b000 (0x003f2223) mem 0x80010000 0x00000001
core   0: 0x8000b004 (0x0000bfe5) c.j     pc - 8
core   0: 3 0x8000b004 (0xbfe5)
core   0: 0x8000affc (0x00005f17) auipc   t5, 0x5
core   0: 3 0x8000affc (0x00005f17) x30 0x8000fffc
core   0: 0x8000b000 (0x003f2223) sw      gp, 4(t5)
core   0: 3 0x8000b000 (0x003f2223) mem 0x80010000 0x00000001
core   0: 0x8000b004 (0x0000bfe5) c.j     pc - 8
core   0: 3 0x8000b004 (0xbfe5)
core   0: 0x8000affc (0x00005f17) auipc   t5, 0x5
core   0: 3 0x8000affc (0x00005f17) x30 0x8000fffc
core   0: 0x8000b000 (0x003f2223) sw      gp, 4(t5)
core   0: 3 0x8000b000 (0x003f2223) mem 0x80010000 0x00000001
core   0: 0x8000b004 (0x0000bfe5) c.j     pc - 8
core   0: 3 0x8000b004 (0xbfe5)
core   0: 0x8000affc (0x00005f17) auipc   t5, 0x5
core   0: 3 0x8000affc (0x00005f17) x30 0x8000fffc
core   0: 0x8000b000 (0x003f2223) sw      gp, 4(t5)
core   0: 3 0x8000b000 (0x003f2223) mem 0x80010000 0x00000001
core   0: 0x8000b004 (0x0000bfe5) c.j     pc - 8
core   0: 3 0x8000b004 (0xbfe5)
core   0: 0x8000affc (0x00005f17) auipc   t5, 0x5
core   0: 3 0x8000affc (0x00005f17) x30 0x8000fffc
core   0: 0x8000b000 (0x003f2223) sw      gp, 4(t5)
core   0: 3 0x8000b000 (0x003f2223) mem 0x80010000 0x00000001
core   0: 0x8000b004 (0x0000bfe5) c.j     pc - 8
core   0: 3 0x8000b004 (0xbfe5)
core   0: 0x8000affc (0x00005f17) auipc   t5, 0x5
core   0: 3 0x8000affc (0x00005f17) x30 0x8000fffc
core   0: 0x8000b000 (0x003f2223) sw      gp, 4(t5)
core   0: 3 0x8000b000 (0x003f2223) mem 0x80010000 0x00000001
core   0: 0x8000b004 (0x0000bfe5) c.j     pc - 8
core   0: 3 0x8000b004 (0xbfe5)
core   0: 0x8000affc (0x00005f17) auipc   t5, 0x5
core   0: 3 0x8000affc (0x00005f17) x30 0x8000fffc
core   0: 0x8000b000 (0x003f2223) sw      gp, 4(t5)
core   0: 3 0x8000b000 (0x003f2223) mem 0x80010000 0x00000001
core   0: 0x8000b004 (0x0000bfe5) c.j     pc - 8
core   0: 3 0x8000b004 (0xbfe5)
core   0: 0x8000affc (0x00005f17) auipc   t5, 0x5
core   0: 3 0x8000affc (0x00005f17) x30 0x8000fffc
core   0: 0x8000b000 (0x003f2223) sw      gp, 4(t5)
core   0: 3 0x8000b000 (0x003f2223) mem 0x80010000 0x00000001
core   0: 0x8000b004 (0x0000bfe5) c.j     pc - 8
core   0: 3 0x8000b004 (0xbfe5)
core   0: 0x8000affc (0x00005f17) auipc   t5, 0x5
core   0: 3 0x8000affc (0x00005f17) x30 0x8000fffc
core   0: 0x8000b000 (0x003f2223) sw      gp, 4(t5)
core   0: 3 0x8000b000 (0x003f2223) mem 0x80010000 0x00000001
core   0: 0x8000b004 (0x0000bfe5) c.j     pc - 8
core   0: 3 0x8000b004 (0xbfe5)
core   0: 0x8000affc (0x00005f17) auipc   t5, 0x5
core   0: 3 0x8000affc (0x00005f17) x30 0x8000fffc
core   0: 0x8000b000 (0x003f2223) sw      gp, 4(t5)
core   0: 3 0x8000b000 (0x003f2223) mem 0x80010000 0x00000001
core   0: 0x8000b004 (0x0000bfe5) c.j     pc - 8
core   0: 3 0x8000b004 (0xbfe5)
core   0: 0x8000affc (0x00005f17) auipc   t5, 0x5
core   0: 3 0x8000affc (0x00005f17) x30 0x8000fffc
core   0: 0x8000b000 (0x003f2223) sw      gp, 4(t5)
core   0: 3 0x8000b000 (0x003f2223) mem 0x80010000 0x00000001
core   0: 0x8000b004 (0x0000bfe5) c.j     pc - 8
core   0: 3 0x8000b004 (0xbfe5)
core   0: 0x8000affc (0x00005f17) auipc   t5, 0x5
core   0: 3 0x8000affc (0x00005f17) x30 0x8000fffc
core   0: 0x8000b000 (0x003f2223) sw      gp, 4(t5)
core   0: 3 0x8000b000 (0x003f2223) mem 0x80010000 0x00000001
core   0: 0x8000b004 (0x0000bfe5) c.j     pc - 8
core   0: 3 0x8000b004 (0xbfe5)
core   0: 0x8000affc (0x00005f17) auipc   t5, 0x5
core   0: 3 0x8000affc (0x00005f17) x30 0x8000fffc
core   0: 0x8000b000 (0x003f2223) sw      gp, 4(t5)
core   0: 3 0x8000b000 (0x003f2223) mem 0x80010000 0x00000001
core   0: 0x8000b004 (0x0000bfe5) c.j     pc - 8
core   0: 3 0x8000b004 (0xbfe5)
core   0: 0x8000affc (0x00005f17) auipc   t5, 0x5
core   0: 3 0x8000affc (0x00005f17) x30 0x8000fffc
core   0: 0x8000b000 (0x003f2223) sw      gp, 4(t5)
core   0: 3 0x8000b000 (0x003f2223) mem 0x80010000 0x00000001
core   0: 0x8000b004 (0x0000bfe5) c.j     pc - 8
core   0: 3 0x8000b004 (0xbfe5)
core   0: 0x8000affc (0x00005f17) auipc   t5, 0x5
core   0: 3 0x8000affc (0x00005f17) x30 0x8000fffc
core   0: 0x8000b000 (0x003f2223) sw      gp, 4(t5)
core   0: 3 0x8000b000 (0x003f2223) mem 0x80010000 0x00000001
core   0: 0x8000b004 (0x0000bfe5) c.j     pc - 8
core   0: 3 0x8000b004 (0xbfe5)
core   0: 0x8000affc (0x00005f17) auipc   t5, 0x5
core   0: 3 0x8000affc (0x00005f17) x30 0x8000fffc
core   0: 0x8000b000 (0x003f2223) sw      gp, 4(t5)
core   0: 3 0x8000b000 (0x003f2223) mem 0x80010000 0x00000001
core   0: 0x8000b004 (0x0000bfe5) c.j     pc - 8
core   0: 3 0x8000b004 (0xbfe5)
core   0: 0x8000affc (0x00005f17) auipc   t5, 0x5
core   0: 3 0x8000affc (0x00005f17) x30 0x8000fffc
core   0: 0x8000b000 (0x003f2223) sw      gp, 4(t5)
core   0: 3 0x8000b000 (0x003f2223) mem 0x80010000 0x00000001
core   0: 0x8000b004 (0x0000bfe5) c.j     pc - 8
core   0: 3 0x8000b004 (0xbfe5)
core   0: 0x8000affc (0x00005f17) auipc   t5, 0x5
core   0: 3 0x8000affc (0x00005f17) x30 0x8000fffc
core   0: 0x8000b000 (0x003f2223) sw      gp, 4(t5)
core   0: 3 0x8000b000 (0x003f2223) mem 0x80010000 0x00000001
core   0: 0x8000b004 (0x0000bfe5) c.j     pc - 8
core   0: 3 0x8000b004 (0xbfe5)
core   0: 0x8000affc (0x00005f17) auipc   t5, 0x5
core   0: 3 0x8000affc (0x00005f17) x30 0x8000fffc
core   0: 0x8000b000 (0x003f2223) sw      gp, 4(t5)
core   0: 3 0x8000b000 (0x003f2223) mem 0x80010000 0x00000001
core   0: 0x8000b004 (0x0000bfe5) c.j     pc - 8
core   0: 3 0x8000b004 (0xbfe5)
core   0: 0x8000affc (0x00005f17) auipc   t5, 0x5
core   0: 3 0x8000affc (0x00005f17) x30 0x8000fffc
core   0: 0x8000b000 (0x003f2223) sw      gp, 4(t5)
core   0: 3 0x8000b000 (0x003f2223) mem 0x80010000 0x00000001
core   0: 0x8000b004 (0x0000bfe5) c.j     pc - 8
core   0: 3 0x8000b004 (0xbfe5)
core   0: 0x8000affc (0x00005f17) auipc   t5, 0x5
core   0: 3 0x8000affc (0x00005f17) x30 0x8000fffc
core   0: 0x8000b000 (0x003f2223) sw      gp, 4(t5)
core   0: 3 0x8000b000 (0x003f2223) mem 0x80010000 0x00000001
core   0: 0x8000b004 (0x0000bfe5) c.j     pc - 8
core   0: 3 0x8000b004 (0xbfe5)
core   0: 0x8000affc (0x00005f17) auipc   t5, 0x5
core   0: 3 0x8000affc (0x00005f17) x30 0x8000fffc
core   0: 0x8000b000 (0x003f2223) sw      gp, 4(t5)
core   0: 3 0x8000b000 (0x003f2223) mem 0x80010000 0x00000001
core   0: 0x8000b004 (0x0000bfe5) c.j     pc - 8
core   0: 3 0x8000b004 (0xbfe5)
core   0: 0x8000affc (0x00005f17) auipc   t5, 0x5
core   0: 3 0x8000affc (0x00005f17) x30 0x8000fffc
core   0: 0x8000b000 (0x003f2223) sw      gp, 4(t5)
core   0: 3 0x8000b000 (0x003f2223) mem 0x80010000 0x00000001
core   0: 0x8000b004 (0x0000bfe5) c.j     pc - 8
core   0: 3 0x8000b004 (0xbfe5)
core   0: 0x8000affc (0x00005f17) auipc   t5, 0x5
core   0: 3 0x8000affc (0x00005f17) x30 0x8000fffc
core   0: 0x8000b000 (0x003f2223) sw      gp, 4(t5)
core   0: 3 0x8000b000 (0x003f2223) mem 0x80010000 0x00000001
core   0: 0x8000b004 (0x0000bfe5) c.j     pc - 8
core   0: 3 0x8000b004 (0xbfe5)
core   0: 0x8000affc (0x00005f17) auipc   t5, 0x5
core   0: 3 0x8000affc (0x00005f17) x30 0x8000fffc
core   0: 0x8000b000 (0x003f2223) sw      gp, 4(t5)
core   0: 3 0x8000b000 (0x003f2223) mem 0x80010000 0x00000001
core   0: 0x8000b004 (0x0000bfe5) c.j     pc - 8
core   0: 3 0x8000b004 (0xbfe5)
core   0: 0x8000affc (0x00005f17) auipc   t5, 0x5
core   0: 3 0x8000affc (0x00005f17) x30 0x8000fffc
core   0: 0x8000b000 (0x003f2223) sw      gp, 4(t5)
core   0: 3 0x8000b000 (0x003f2223) mem 0x80010000 0x00000001
core   0: 0x8000b004 (0x0000bfe5) c.j     pc - 8
core   0: 3 0x8000b004 (0xbfe5)
core   0: 0x8000affc (0x00005f17) auipc   t5, 0x5
core   0: 3 0x8000affc (0x00005f17) x30 0x8000fffc
core   0: 0x8000b000 (0x003f2223) sw      gp, 4(t5)
core   0: 3 0x8000b000 (0x003f2223) mem 0x80010000 0x00000001
core   0: 0x8000b004 (0x0000bfe5) c.j     pc - 8
core   0: 3 0x8000b004 (0xbfe5)
core   0: 0x8000affc (0x00005f17) auipc   t5, 0x5
core   0: 3 0x8000affc (0x00005f17) x30 0x8000fffc
core   0: 0x8000b000 (0x003f2223) sw      gp, 4(t5)
core   0: 3 0x8000b000 (0x003f2223) mem 0x80010000 0x00000001
core   0: 0x8000b004 (0x0000bfe5) c.j     pc - 8
core   0: 3 0x8000b004 (0xbfe5)
core   0: 0x8000affc (0x00005f17) auipc   t5, 0x5
core   0: 3 0x8000affc (0x00005f17) x30 0x8000fffc
core   0: 0x8000b000 (0x003f2223) sw      gp, 4(t5)
core   0: 3 0x8000b000 (0x003f2223) mem 0x80010000 0x00000001
core   0: 0x8000b004 (0x0000bfe5) c.j     pc - 8
core   0: 3 0x8000b004 (0xbfe5)
core   0: 0x8000affc (0x00005f17) auipc   t5, 0x5
core   0: 3 0x8000affc (0x00005f17) x30 0x8000fffc
core   0: 0x8000b000 (0x003f2223) sw      gp, 4(t5)
core   0: 3 0x8000b000 (0x003f2223) mem 0x80010000 0x00000001
core   0: 0x8000b004 (0x0000bfe5) c.j     pc - 8
core   0: 3 0x8000b004 (0xbfe5)
core   0: 0x8000affc (0x00005f17) auipc   t5, 0x5
core   0: 3 0x8000affc (0x00005f17) x30 0x8000fffc
core   0: 0x8000b000 (0x003f2223) sw      gp, 4(t5)
core   0: 3 0x8000b000 (0x003f2223) mem 0x80010000 0x00000001
core   0: 0x8000b004 (0x0000bfe5) c.j     pc - 8
core   0: 3 0x8000b004 (0xbfe5)
core   0: 0x8000affc (0x00005f17) auipc   t5, 0x5
core   0: 3 0x8000affc (0x00005f17) x30 0x8000fffc
core   0: 0x8000b000 (0x003f2223) sw      gp, 4(t5)
core   0: 3 0x8000b000 (0x003f2223) mem 0x80010000 0x00000001
core   0: 0x8000b004 (0x0000bfe5) c.j     pc - 8
core   0: 3 0x8000b004 (0xbfe5)
core   0: 0x8000affc (0x00005f17) auipc   t5, 0x5
core   0: 3 0x8000affc (0x00005f17) x30 0x8000fffc
core   0: 0x8000b000 (0x003f2223) sw      gp, 4(t5)
core   0: 3 0x8000b000 (0x003f2223) mem 0x80010000 0x00000001
core   0: 0x8000b004 (0x0000bfe5) c.j     pc - 8
core   0: 3 0x8000b004 (0xbfe5)
core   0: 0x8000affc (0x00005f17) auipc   t5, 0x5
core   0: 3 0x8000affc (0x00005f17) x30 0x8000fffc
core   0: 0x8000b000 (0x003f2223) sw      gp, 4(t5)
core   0: 3 0x8000b000 (0x003f2223) mem 0x80010000 0x00000001
core   0: 0x8000b004 (0x0000bfe5) c.j     pc - 8
core   0: 3 0x8000b004 (0xbfe5)
core   0: 0x8000affc (0x00005f17) auipc   t5, 0x5
core   0: 3 0x8000affc (0x00005f17) x30 0x8000fffc
core   0: 0x8000b000 (0x003f2223) sw      gp, 4(t5)
core   0: 3 0x8000b000 (0x003f2223) mem 0x80010000 0x00000001
core   0: 0x8000b004 (0x0000bfe5) c.j     pc - 8
core   0: 3 0x8000b004 (0xbfe5)
core   0: 0x8000affc (0x00005f17) auipc   t5, 0x5
core   0: 3 0x8000affc (0x00005f17) x30 0x8000fffc
core   0: 0x8000b000 (0x003f2223) sw      gp, 4(t5)
core   0: 3 0x8000b000 (0x003f2223) mem 0x80010000 0x00000001
core   0: 0x8000b004 (0x0000bfe5) c.j     pc - 8
core   0: 3 0x8000b004 (0xbfe5)
core   0: 0x8000affc (0x00005f17) auipc   t5, 0x5
core   0: 3 0x8000affc (0x00005f17) x30 0x8000fffc
core   0: 0x8000b000 (0x003f2223) sw      gp, 4(t5)
core   0: 3 0x8000b000 (0x003f2223) mem 0x80010000 0x00000001
core   0: 0x8000b004 (0x0000bfe5) c.j     pc - 8
core   0: 3 0x8000b004 (0xbfe5)
core   0: 0x8000affc (0x00005f17) auipc   t5, 0x5
core   0: 3 0x8000affc (0x00005f17) x30 0x8000fffc
core   0: 0x8000b000 (0x003f2223) sw      gp, 4(t5)
core   0: 3 0x8000b000 (0x003f2223) mem 0x80010000 0x00000001
core   0: 0x8000b004 (0x0000bfe5) c.j     pc - 8
core   0: 3 0x8000b004 (0xbfe5)
core   0: 0x8000affc (0x00005f17) auipc   t5, 0x5
core   0: 3 0x8000affc (0x00005f17) x30 0x8000fffc
core   0: 0x8000b000 (0x003f2223) sw      gp, 4(t5)
core   0: 3 0x8000b000 (0x003f2223) mem 0x80010000 0x00000001
core   0: 0x8000b004 (0x0000bfe5) c.j     pc - 8
core   0: 3 0x8000b004 (0xbfe5)
core   0: 0x8000affc (0x00005f17) auipc   t5, 0x5
core   0: 3 0x8000affc (0x00005f17) x30 0x8000fffc
core   0: 0x8000b000 (0x003f2223) sw      gp, 4(t5)
core   0: 3 0x8000b000 (0x003f2223) mem 0x80010000 0x00000001
core   0: 0x8000b004 (0x0000bfe5) c.j     pc - 8
core   0: 3 0x8000b004 (0xbfe5)
core   0: 0x8000affc (0x00005f17) auipc   t5, 0x5
core   0: 3 0x8000affc (0x00005f17) x30 0x8000fffc
core   0: 0x8000b000 (0x003f2223) sw      gp, 4(t5)
core   0: 3 0x8000b000 (0x003f2223) mem 0x80010000 0x00000001
core   0: 0x8000b004 (0x0000bfe5) c.j     pc - 8
core   0: 3 0x8000b004 (0xbfe5)
core   0: 0x8000affc (0x00005f17) auipc   t5, 0x5
core   0: 3 0x8000affc (0x00005f17) x30 0x8000fffc
core   0: 0x8000b000 (0x003f2223) sw      gp, 4(t5)
core   0: 3 0x8000b000 (0x003f2223) mem 0x80010000 0x00000001
core   0: 0x8000b004 (0x0000bfe5) c.j     pc - 8
core   0: 3 0x8000b004 (0xbfe5)
core   0: 0x8000affc (0x00005f17) auipc   t5, 0x5
core   0: 3 0x8000affc (0x00005f17) x30 0x8000fffc
core   0: 0x8000b000 (0x003f2223) sw      gp, 4(t5)
core   0: 3 0x8000b000 (0x003f2223) mem 0x80010000 0x00000001
core   0: 0x8000b004 (0x0000bfe5) c.j     pc - 8
core   0: 3 0x8000b004 (0xbfe5)
core   0: 0x8000affc (0x00005f17) auipc   t5, 0x5
core   0: 3 0x8000affc (0x00005f17) x30 0x8000fffc
core   0: 0x8000b000 (0x003f2223) sw      gp, 4(t5)
core   0: 3 0x8000b000 (0x003f2223) mem 0x80010000 0x00000001
core   0: 0x8000b004 (0x0000bfe5) c.j     pc - 8
core   0: 3 0x8000b004 (0xbfe5)
core   0: 0x8000affc (0x00005f17) auipc   t5, 0x5
core   0: 3 0x8000affc (0x00005f17) x30 0x8000fffc
core   0: 0x8000b000 (0x003f2223) sw      gp, 4(t5)
core   0: 3 0x8000b000 (0x003f2223) mem 0x80010000 0x00000001
core   0: 0x8000b004 (0x0000bfe5) c.j     pc - 8
core   0: 3 0x8000b004 (0xbfe5)
core   0: 0x8000affc (0x00005f17) auipc   t5, 0x5
core   0: 3 0x8000affc (0x00005f17) x30 0x8000fffc
core   0: 0x8000b000 (0x003f2223) sw      gp, 4(t5)
core   0: 3 0x8000b000 (0x003f2223) mem 0x80010000 0x00000001
core   0: 0x8000b004 (0x0000bfe5) c.j     pc - 8
core   0: 3 0x8000b004 (0xbfe5)
core   0: 0x8000affc (0x00005f17) auipc   t5, 0x5
core   0: 3 0x8000affc (0x00005f17) x30 0x8000fffc
core   0: 0x8000b000 (0x003f2223) sw      gp, 4(t5)
core   0: 3 0x8000b000 (0x003f2223) mem 0x80010000 0x00000001
core   0: 0x8000b004 (0x0000bfe5) c.j     pc - 8
core   0: 3 0x8000b004 (0xbfe5)
core   0: 0x8000affc (0x00005f17) auipc   t5, 0x5
core   0: 3 0x8000affc (0x00005f17) x30 0x8000fffc
core   0: 0x8000b000 (0x003f2223) sw      gp, 4(t5)
core   0: 3 0x8000b000 (0x003f2223) mem 0x80010000 0x00000001
core   0: 0x8000b004 (0x0000bfe5) c.j     pc - 8
core   0: 3 0x8000b004 (0xbfe5)
core   0: 0x8000affc (0x00005f17) auipc   t5, 0x5
core   0: 3 0x8000affc (0x00005f17) x30 0x8000fffc
core   0: 0x8000b000 (0x003f2223) sw      gp, 4(t5)
core   0: 3 0x8000b000 (0x003f2223) mem 0x80010000 0x00000001
core   0: 0x8000b004 (0x0000bfe5) c.j     pc - 8
core   0: 3 0x8000b004 (0xbfe5)
core   0: 0x8000affc (0x00005f17) auipc   t5, 0x5
core   0: 3 0x8000affc (0x00005f17) x30 0x8000fffc
core   0: 0x8000b000 (0x003f2223) sw      gp, 4(t5)
core   0: 3 0x8000b000 (0x003f2223) mem 0x80010000 0x00000001
core   0: 0x8000b004 (0x0000bfe5) c.j     pc - 8
core   0: 3 0x8000b004 (0xbfe5)
core   0: 0x8000affc (0x00005f17) auipc   t5, 0x5
core   0: 3 0x8000affc (0x00005f17) x30 0x8000fffc
core   0: 0x8000b000 (0x003f2223) sw      gp, 4(t5)
core   0: 3 0x8000b000 (0x003f2223) mem 0x80010000 0x00000001
core   0: 0x8000b004 (0x0000bfe5) c.j     pc - 8
core   0: 3 0x8000b004 (0xbfe5)
core   0: 0x8000affc (0x00005f17) auipc   t5, 0x5
core   0: 3 0x8000affc (0x00005f17) x30 0x8000fffc
core   0: 0x8000b000 (0x003f2223) sw      gp, 4(t5)
core   0: 3 0x8000b000 (0x003f2223) mem 0x80010000 0x00000001
core   0: 0x8000b004 (0x0000bfe5) c.j     pc - 8
core   0: 3 0x8000b004 (0xbfe5)
core   0: 0x8000affc (0x00005f17) auipc   t5, 0x5
core   0: 3 0x8000affc (0x00005f17) x30 0x8000fffc
core   0: 0x8000b000 (0x003f2223) sw      gp, 4(t5)
core   0: 3 0x8000b000 (0x003f2223) mem 0x80010000 0x00000001
core   0: 0x8000b004 (0x0000bfe5) c.j     pc - 8
core   0: 3 0x8000b004 (0xbfe5)
core   0: 0x8000affc (0x00005f17) auipc   t5, 0x5
core   0: 3 0x8000affc (0x00005f17) x30 0x8000fffc
core   0: 0x8000b000 (0x003f2223) sw      gp, 4(t5)
core   0: 3 0x8000b000 (0x003f2223) mem 0x80010000 0x00000001
core   0: 0x8000b004 (0x0000bfe5) c.j     pc - 8
core   0: 3 0x8000b004 (0xbfe5)
core   0: 0x8000affc (0x00005f17) auipc   t5, 0x5
core   0: 3 0x8000affc (0x00005f17) x30 0x8000fffc
core   0: 0x8000b000 (0x003f2223) sw      gp, 4(t5)
core   0: 3 0x8000b000 (0x003f2223) mem 0x80010000 0x00000001
core   0: 0x8000b004 (0x0000bfe5) c.j     pc - 8
core   0: 3 0x8000b004 (0xbfe5)
core   0: 0x8000affc (0x00005f17) auipc   t5, 0x5
core   0: 3 0x8000affc (0x00005f17) x30 0x8000fffc
core   0: 0x8000b000 (0x003f2223) sw      gp, 4(t5)
core   0: 3 0x8000b000 (0x003f2223) mem 0x80010000 0x00000001
core   0: 0x8000b004 (0x0000bfe5) c.j     pc - 8
core   0: 3 0x8000b004 (0xbfe5)
core   0: 0x8000affc (0x00005f17) auipc   t5, 0x5
core   0: 3 0x8000affc (0x00005f17) x30 0x8000fffc
core   0: 0x8000b000 (0x003f2223) sw      gp, 4(t5)
core   0: 3 0x8000b000 (0x003f2223) mem 0x80010000 0x00000001
core   0: 0x8000b004 (0x0000bfe5) c.j     pc - 8
core   0: 3 0x8000b004 (0xbfe5)
core   0: 0x8000affc (0x00005f17) auipc   t5, 0x5
core   0: 3 0x8000affc (0x00005f17) x30 0x8000fffc
core   0: 0x8000b000 (0x003f2223) sw      gp, 4(t5)
core   0: 3 0x8000b000 (0x003f2223) mem 0x80010000 0x00000001
core   0: 0x8000b004 (0x0000bfe5) c.j     pc - 8
core   0: 3 0x8000b004 (0xbfe5)
core   0: 0x8000affc (0x00005f17) auipc   t5, 0x5
core   0: 3 0x8000affc (0x00005f17) x30 0x8000fffc
core   0: 0x8000b000 (0x003f2223) sw      gp, 4(t5)
core   0: 3 0x8000b000 (0x003f2223) mem 0x80010000 0x00000001
core   0: 0x8000b004 (0x0000bfe5) c.j     pc - 8
core   0: 3 0x8000b004 (0xbfe5)
core   0: 0x8000affc (0x00005f17) auipc   t5, 0x5
core   0: 3 0x8000affc (0x00005f17) x30 0x8000fffc
core   0: 0x8000b000 (0x003f2223) sw      gp, 4(t5)
core   0: 3 0x8000b000 (0x003f2223) mem 0x80010000 0x00000001
core   0: 0x8000b004 (0x0000bfe5) c.j     pc - 8
core   0: 3 0x8000b004 (0xbfe5)
core   0: 0x8000affc (0x00005f17) auipc   t5, 0x5
core   0: 3 0x8000affc (0x00005f17) x30 0x8000fffc
core   0: 0x8000b000 (0x003f2223) sw      gp, 4(t5)
core   0: 3 0x8000b000 (0x003f2223) mem 0x80010000 0x00000001
core   0: 0x8000b004 (0x0000bfe5) c.j     pc - 8
core   0: 3 0x8000b004 (0xbfe5)
core   0: 0x8000affc (0x00005f17) auipc   t5, 0x5
core   0: 3 0x8000affc (0x00005f17) x30 0x8000fffc
core   0: 0x8000b000 (0x003f2223) sw      gp, 4(t5)
core   0: 3 0x8000b000 (0x003f2223) mem 0x80010000 0x00000001
core   0: 0x8000b004 (0x0000bfe5) c.j     pc - 8
core   0: 3 0x8000b004 (0xbfe5)
core   0: 0x8000affc (0x00005f17) auipc   t5, 0x5
core   0: 3 0x8000affc (0x00005f17) x30 0x8000fffc
core   0: 0x8000b000 (0x003f2223) sw      gp, 4(t5)
core   0: 3 0x8000b000 (0x003f2223) mem 0x80010000 0x00000001
core   0: 0x8000b004 (0x0000bfe5) c.j     pc - 8
core   0: 3 0x8000b004 (0xbfe5)
core   0: 0x8000affc (0x00005f17) auipc   t5, 0x5
core   0: 3 0x8000affc (0x00005f17) x30 0x8000fffc
core   0: 0x8000b000 (0x003f2223) sw      gp, 4(t5)
core   0: 3 0x8000b000 (0x003f2223) mem 0x80010000 0x00000001
core   0: 0x8000b004 (0x0000bfe5) c.j     pc - 8
core   0: 3 0x8000b004 (0xbfe5)
core   0: 0x8000affc (0x00005f17) auipc   t5, 0x5
core   0: 3 0x8000affc (0x00005f17) x30 0x8000fffc
core   0: 0x8000b000 (0x003f2223) sw      gp, 4(t5)
core   0: 3 0x8000b000 (0x003f2223) mem 0x80010000 0x00000001
core   0: 0x8000b004 (0x0000bfe5) c.j     pc - 8
core   0: 3 0x8000b004 (0xbfe5)
core   0: 0x8000affc (0x00005f17) auipc   t5, 0x5
core   0: 3 0x8000affc (0x00005f17) x30 0x8000fffc
core   0: 0x8000b000 (0x003f2223) sw      gp, 4(t5)
core   0: 3 0x8000b000 (0x003f2223) mem 0x80010000 0x00000001
core   0: 0x8000b004 (0x0000bfe5) c.j     pc - 8
core   0: 3 0x8000b004 (0xbfe5)
core   0: 0x8000affc (0x00005f17) auipc   t5, 0x5
core   0: 3 0x8000affc (0x00005f17) x30 0x8000fffc
core   0: 0x8000b000 (0x003f2223) sw      gp, 4(t5)
core   0: 3 0x8000b000 (0x003f2223) mem 0x80010000 0x00000001
core   0: 0x8000b004 (0x0000bfe5) c.j     pc - 8
core   0: 3 0x8000b004 (0xbfe5)
core   0: 0x8000affc (0x00005f17) auipc   t5, 0x5
core   0: 3 0x8000affc (0x00005f17) x30 0x8000fffc
core   0: 0x8000b000 (0x003f2223) sw      gp, 4(t5)
core   0: 3 0x8000b000 (0x003f2223) mem 0x80010000 0x00000001
core   0: 0x8000b004 (0x0000bfe5) c.j     pc - 8
core   0: 3 0x8000b004 (0xbfe5)
core   0: 0x8000affc (0x00005f17) auipc   t5, 0x5
core   0: 3 0x8000affc (0x00005f17) x30 0x8000fffc
core   0: 0x8000b000 (0x003f2223) sw      gp, 4(t5)
core   0: 3 0x8000b000 (0x003f2223) mem 0x80010000 0x00000001
core   0: 0x8000b004 (0x0000bfe5) c.j     pc - 8
core   0: 3 0x8000b004 (0xbfe5)
core   0: 0x8000affc (0x00005f17) auipc   t5, 0x5
core   0: 3 0x8000affc (0x00005f17) x30 0x8000fffc
core   0: 0x8000b000 (0x003f2223) sw      gp, 4(t5)
core   0: 3 0x8000b000 (0x003f2223) mem 0x80010000 0x00000001
core   0: 0x8000b004 (0x0000bfe5) c.j     pc - 8
core   0: 3 0x8000b004 (0xbfe5)
core   0: 0x8000affc (0x00005f17) auipc   t5, 0x5
core   0: 3 0x8000affc (0x00005f17) x30 0x8000fffc
core   0: 0x8000b000 (0x003f2223) sw      gp, 4(t5)
core   0: 3 0x8000b000 (0x003f2223) mem 0x80010000 0x00000001
core   0: 0x8000b004 (0x0000bfe5) c.j     pc - 8
core   0: 3 0x8000b004 (0xbfe5)
core   0: 0x8000affc (0x00005f17) auipc   t5, 0x5
core   0: 3 0x8000affc (0x00005f17) x30 0x8000fffc
core   0: 0x8000b000 (0x003f2223) sw      gp, 4(t5)
core   0: 3 0x8000b000 (0x003f2223) mem 0x80010000 0x00000001
core   0: 0x8000b004 (0x0000bfe5) c.j     pc - 8
core   0: 3 0x8000b004 (0xbfe5)
core   0: 0x8000affc (0x00005f17) auipc   t5, 0x5
core   0: 3 0x8000affc (0x00005f17) x30 0x8000fffc
core   0: 0x8000b000 (0x003f2223) sw      gp, 4(t5)
core   0: 3 0x8000b000 (0x003f2223) mem 0x80010000 0x00000001
core   0: 0x8000b004 (0x0000bfe5) c.j     pc - 8
core   0: 3 0x8000b004 (0xbfe5)
core   0: 0x8000affc (0x00005f17) auipc   t5, 0x5
core   0: 3 0x8000affc (0x00005f17) x30 0x8000fffc
core   0: 0x8000b000 (0x003f2223) sw      gp, 4(t5)
core   0: 3 0x8000b000 (0x003f2223) mem 0x80010000 0x00000001
core   0: 0x8000b004 (0x0000bfe5) c.j     pc - 8
core   0: 3 0x8000b004 (0xbfe5)
core   0: 0x8000affc (0x00005f17) auipc   t5, 0x5
core   0: 3 0x8000affc (0x00005f17) x30 0x8000fffc
core   0: 0x8000b000 (0x003f2223) sw      gp, 4(t5)
core   0: 3 0x8000b000 (0x003f2223) mem 0x80010000 0x00000001
core   0: 0x8000b004 (0x0000bfe5) c.j     pc - 8
core   0: 3 0x8000b004 (0xbfe5)
core   0: 0x8000affc (0x00005f17) auipc   t5, 0x5
core   0: 3 0x8000affc (0x00005f17) x30 0x8000fffc
core   0: 0x8000b000 (0x003f2223) sw      gp, 4(t5)
core   0: 3 0x8000b000 (0x003f2223) mem 0x80010000 0x00000001
core   0: 0x8000b004 (0x0000bfe5) c.j     pc - 8
core   0: 3 0x8000b004 (0xbfe5)
core   0: 0x8000affc (0x00005f17) auipc   t5, 0x5
core   0: 3 0x8000affc (0x00005f17) x30 0x8000fffc
core   0: 0x8000b000 (0x003f2223) sw      gp, 4(t5)
core   0: 3 0x8000b000 (0x003f2223) mem 0x80010000 0x00000001
core   0: 0x8000b004 (0x0000bfe5) c.j     pc - 8
core   0: 3 0x8000b004 (0xbfe5)
core   0: 0x8000affc (0x00005f17) auipc   t5, 0x5
core   0: 3 0x8000affc (0x00005f17) x30 0x8000fffc
core   0: 0x8000b000 (0x003f2223) sw      gp, 4(t5)
core   0: 3 0x8000b000 (0x003f2223) mem 0x80010000 0x00000001
core   0: 0x8000b004 (0x0000bfe5) c.j     pc - 8
core   0: 3 0x8000b004 (0xbfe5)
core   0: 0x8000affc (0x00005f17) auipc   t5, 0x5
core   0: 3 0x8000affc (0x00005f17) x30 0x8000fffc
core   0: 0x8000b000 (0x003f2223) sw      gp, 4(t5)
core   0: 3 0x8000b000 (0x003f2223) mem 0x80010000 0x00000001
core   0: 0x8000b004 (0x0000bfe5) c.j     pc - 8
core   0: 3 0x8000b004 (0xbfe5)
core   0: 0x8000affc (0x00005f17) auipc   t5, 0x5
core   0: 3 0x8000affc (0x00005f17) x30 0x8000fffc
core   0: 0x8000b000 (0x003f2223) sw      gp, 4(t5)
core   0: 3 0x8000b000 (0x003f2223) mem 0x80010000 0x00000001
core   0: 0x8000b004 (0x0000bfe5) c.j     pc - 8
core   0: 3 0x8000b004 (0xbfe5)
core   0: 0x8000affc (0x00005f17) auipc   t5, 0x5
core   0: 3 0x8000affc (0x00005f17) x30 0x8000fffc
core   0: 0x8000b000 (0x003f2223) sw      gp, 4(t5)
core   0: 3 0x8000b000 (0x003f2223) mem 0x80010000 0x00000001
core   0: 0x8000b004 (0x0000bfe5) c.j     pc - 8
core   0: 3 0x8000b004 (0xbfe5)
core   0: 0x8000affc (0x00005f17) auipc   t5, 0x5
core   0: 3 0x8000affc (0x00005f17) x30 0x8000fffc
core   0: 0x8000b000 (0x003f2223) sw      gp, 4(t5)
core   0: 3 0x8000b000 (0x003f2223) mem 0x80010000 0x00000001
core   0: 0x8000b004 (0x0000bfe5) c.j     pc - 8
core   0: 3 0x8000b004 (0xbfe5)
core   0: 0x8000affc (0x00005f17) auipc   t5, 0x5
core   0: 3 0x8000affc (0x00005f17) x30 0x8000fffc
core   0: 0x8000b000 (0x003f2223) sw      gp, 4(t5)
core   0: 3 0x8000b000 (0x003f2223) mem 0x80010000 0x00000001
core   0: 0x8000b004 (0x0000bfe5) c.j     pc - 8
core   0: 3 0x8000b004 (0xbfe5)
core   0: 0x8000affc (0x00005f17) auipc   t5, 0x5
core   0: 3 0x8000affc (0x00005f17) x30 0x8000fffc
core   0: 0x8000b000 (0x003f2223) sw      gp, 4(t5)
core   0: 3 0x8000b000 (0x003f2223) mem 0x80010000 0x00000001
core   0: 0x8000b004 (0x0000bfe5) c.j     pc - 8
core   0: 3 0x8000b004 (0xbfe5)
core   0: 0x8000affc (0x00005f17) auipc   t5, 0x5
core   0: 3 0x8000affc (0x00005f17) x30 0x8000fffc
core   0: 0x8000b000 (0x003f2223) sw      gp, 4(t5)
core   0: 3 0x8000b000 (0x003f2223) mem 0x80010000 0x00000001
core   0: 0x8000b004 (0x0000bfe5) c.j     pc - 8
core   0: 3 0x8000b004 (0xbfe5)
core   0: 0x8000affc (0x00005f17) auipc   t5, 0x5
core   0: 3 0x8000affc (0x00005f17) x30 0x8000fffc
core   0: 0x8000b000 (0x003f2223) sw      gp, 4(t5)
core   0: 3 0x8000b000 (0x003f2223) mem 0x80010000 0x00000001
core   0: 0x8000b004 (0x0000bfe5) c.j     pc - 8
core   0: 3 0x8000b004 (0xbfe5)
core   0: 0x8000affc (0x00005f17) auipc   t5, 0x5
core   0: 3 0x8000affc (0x00005f17) x30 0x8000fffc
core   0: 0x8000b000 (0x003f2223) sw      gp, 4(t5)
core   0: 3 0x8000b000 (0x003f2223) mem 0x80010000 0x00000001
core   0: 0x8000b004 (0x0000bfe5) c.j     pc - 8
core   0: 3 0x8000b004 (0xbfe5)
core   0: 0x8000affc (0x00005f17) auipc   t5, 0x5
core   0: 3 0x8000affc (0x00005f17) x30 0x8000fffc
core   0: 0x8000b000 (0x003f2223) sw      gp, 4(t5)
core   0: 3 0x8000b000 (0x003f2223) mem 0x80010000 0x00000001
core   0: 0x8000b004 (0x0000bfe5) c.j     pc - 8
core   0: 3 0x8000b004 (0xbfe5)
core   0: 0x8000affc (0x00005f17) auipc   t5, 0x5
core   0: 3 0x8000affc (0x00005f17) x30 0x8000fffc
core   0: 0x8000b000 (0x003f2223) sw      gp, 4(t5)
core   0: 3 0x8000b000 (0x003f2223) mem 0x80010000 0x00000001
core   0: 0x8000b004 (0x0000bfe5) c.j     pc - 8
core   0: 3 0x8000b004 (0xbfe5)
core   0: 0x8000affc (0x00005f17) auipc   t5, 0x5
core   0: 3 0x8000affc (0x00005f17) x30 0x8000fffc
core   0: 0x8000b000 (0x003f2223) sw      gp, 4(t5)
core   0: 3 0x8000b000 (0x003f2223) mem 0x80010000 0x00000001
core   0: 0x8000b004 (0x0000bfe5) c.j     pc - 8
core   0: 3 0x8000b004 (0xbfe5)
core   0: 0x8000affc (0x00005f17) auipc   t5, 0x5
core   0: 3 0x8000affc (0x00005f17) x30 0x8000fffc
core   0: 0x8000b000 (0x003f2223) sw      gp, 4(t5)
core   0: 3 0x8000b000 (0x003f2223) mem 0x80010000 0x00000001
core   0: 0x8000b004 (0x0000bfe5) c.j     pc - 8
core   0: 3 0x8000b004 (0xbfe5)
core   0: 0x8000affc (0x00005f17) auipc   t5, 0x5
core   0: 3 0x8000affc (0x00005f17) x30 0x8000fffc
core   0: 0x8000b000 (0x003f2223) sw      gp, 4(t5)
core   0: 3 0x8000b000 (0x003f2223) mem 0x80010000 0x00000001
core   0: 0x8000b004 (0x0000bfe5) c.j     pc - 8
core   0: 3 0x8000b004 (0xbfe5)
core   0: 0x8000affc (0x00005f17) auipc   t5, 0x5
core   0: 3 0x8000affc (0x00005f17) x30 0x8000fffc
core   0: 0x8000b000 (0x003f2223) sw      gp, 4(t5)
core   0: 3 0x8000b000 (0x003f2223) mem 0x80010000 0x00000001
core   0: 0x8000b004 (0x0000bfe5) c.j     pc - 8
core   0: 3 0x8000b004 (0xbfe5)
core   0: 0x8000affc (0x00005f17) auipc   t5, 0x5
core   0: 3 0x8000affc (0x00005f17) x30 0x8000fffc
core   0: 0x8000b000 (0x003f2223) sw      gp, 4(t5)
core   0: 3 0x8000b000 (0x003f2223) mem 0x80010000 0x00000001
core   0: 0x8000b004 (0x0000bfe5) c.j     pc - 8
core   0: 3 0x8000b004 (0xbfe5)
core   0: 0x8000affc (0x00005f17) auipc   t5, 0x5
core   0: 3 0x8000affc (0x00005f17) x30 0x8000fffc
core   0: 0x8000b000 (0x003f2223) sw      gp, 4(t5)
core   0: 3 0x8000b000 (0x003f2223) mem 0x80010000 0x00000001
core   0: 0x8000b004 (0x0000bfe5) c.j     pc - 8
core   0: 3 0x8000b004 (0xbfe5)
core   0: 0x8000affc (0x00005f17) auipc   t5, 0x5
core   0: 3 0x8000affc (0x00005f17) x30 0x8000fffc
core   0: 0x8000b000 (0x003f2223) sw      gp, 4(t5)
core   0: 3 0x8000b000 (0x003f2223) mem 0x80010000 0x00000001
core   0: 0x8000b004 (0x0000bfe5) c.j     pc - 8
core   0: 3 0x8000b004 (0xbfe5)
core   0: 0x8000affc (0x00005f17) auipc   t5, 0x5
core   0: 3 0x8000affc (0x00005f17) x30 0x8000fffc
core   0: 0x8000b000 (0x003f2223) sw      gp, 4(t5)
core   0: 3 0x8000b000 (0x003f2223) mem 0x80010000 0x00000001
core   0: 0x8000b004 (0x0000bfe5) c.j     pc - 8
core   0: 3 0x8000b004 (0xbfe5)
core   0: 0x8000affc (0x00005f17) auipc   t5, 0x5
core   0: 3 0x8000affc (0x00005f17) x30 0x8000fffc
core   0: 0x8000b000 (0x003f2223) sw      gp, 4(t5)
core   0: 3 0x8000b000 (0x003f2223) mem 0x80010000 0x00000001
core   0: 0x8000b004 (0x0000bfe5) c.j     pc - 8
core   0: 3 0x8000b004 (0xbfe5)
core   0: 0x8000affc (0x00005f17) auipc   t5, 0x5
core   0: 3 0x8000affc (0x00005f17) x30 0x8000fffc
core   0: 0x8000b000 (0x003f2223) sw      gp, 4(t5)
core   0: 3 0x8000b000 (0x003f2223) mem 0x80010000 0x00000001
core   0: 0x8000b004 (0x0000bfe5) c.j     pc - 8
core   0: 3 0x8000b004 (0xbfe5)
core   0: 0x8000affc (0x00005f17) auipc   t5, 0x5
core   0: 3 0x8000affc (0x00005f17) x30 0x8000fffc
core   0: 0x8000b000 (0x003f2223) sw      gp, 4(t5)
core   0: 3 0x8000b000 (0x003f2223) mem 0x80010000 0x00000001
core   0: 0x8000b004 (0x0000bfe5) c.j     pc - 8
core   0: 3 0x8000b004 (0xbfe5)
core   0: 0x8000affc (0x00005f17) auipc   t5, 0x5
core   0: 3 0x8000affc (0x00005f17) x30 0x8000fffc
core   0: 0x8000b000 (0x003f2223) sw      gp, 4(t5)
core   0: 3 0x8000b000 (0x003f2223) mem 0x80010000 0x00000001
core   0: 0x8000b004 (0x0000bfe5) c.j     pc - 8
core   0: 3 0x8000b004 (0xbfe5)
core   0: 0x8000affc (0x00005f17) auipc   t5, 0x5
core   0: 3 0x8000affc (0x00005f17) x30 0x8000fffc
core   0: 0x8000b000 (0x003f2223) sw      gp, 4(t5)
core   0: 3 0x8000b000 (0x003f2223) mem 0x80010000 0x00000001
core   0: 0x8000b004 (0x0000bfe5) c.j     pc - 8
core   0: 3 0x8000b004 (0xbfe5)
core   0: 0x8000affc (0x00005f17) auipc   t5, 0x5
core   0: 3 0x8000affc (0x00005f17) x30 0x8000fffc
core   0: 0x8000b000 (0x003f2223) sw      gp, 4(t5)
core   0: 3 0x8000b000 (0x003f2223) mem 0x80010000 0x00000001
core   0: 0x8000b004 (0x0000bfe5) c.j     pc - 8
core   0: 3 0x8000b004 (0xbfe5)
core   0: 0x8000affc (0x00005f17) auipc   t5, 0x5
core   0: 3 0x8000affc (0x00005f17) x30 0x8000fffc
core   0: 0x8000b000 (0x003f2223) sw      gp, 4(t5)
core   0: 3 0x8000b000 (0x003f2223) mem 0x80010000 0x00000001
core   0: 0x8000b004 (0x0000bfe5) c.j     pc - 8
core   0: 3 0x8000b004 (0xbfe5)
core   0: 0x8000affc (0x00005f17) auipc   t5, 0x5
core   0: 3 0x8000affc (0x00005f17) x30 0x8000fffc
core   0: 0x8000b000 (0x003f2223) sw      gp, 4(t5)
core   0: 3 0x8000b000 (0x003f2223) mem 0x80010000 0x00000001
core   0: 0x8000b004 (0x0000bfe5) c.j     pc - 8
core   0: 3 0x8000b004 (0xbfe5)
core   0: 0x8000affc (0x00005f17) auipc   t5, 0x5
core   0: 3 0x8000affc (0x00005f17) x30 0x8000fffc
core   0: 0x8000b000 (0x003f2223) sw      gp, 4(t5)
core   0: 3 0x8000b000 (0x003f2223) mem 0x80010000 0x00000001
core   0: 0x8000b004 (0x0000bfe5) c.j     pc - 8
core   0: 3 0x8000b004 (0xbfe5)
core   0: 0x8000affc (0x00005f17) auipc   t5, 0x5
core   0: 3 0x8000affc (0x00005f17) x30 0x8000fffc
core   0: 0x8000b000 (0x003f2223) sw      gp, 4(t5)
core   0: 3 0x8000b000 (0x003f2223) mem 0x80010000 0x00000001
core   0: 0x8000b004 (0x0000bfe5) c.j     pc - 8
core   0: 3 0x8000b004 (0xbfe5)
core   0: 0x8000affc (0x00005f17) auipc   t5, 0x5
core   0: 3 0x8000affc (0x00005f17) x30 0x8000fffc
core   0: 0x8000b000 (0x003f2223) sw      gp, 4(t5)
core   0: 3 0x8000b000 (0x003f2223) mem 0x80010000 0x00000001
core   0: 0x8000b004 (0x0000bfe5) c.j     pc - 8
core   0: 3 0x8000b004 (0xbfe5)
core   0: 0x8000affc (0x00005f17) auipc   t5, 0x5
core   0: 3 0x8000affc (0x00005f17) x30 0x8000fffc
core   0: 0x8000b000 (0x003f2223) sw      gp, 4(t5)
core   0: 3 0x8000b000 (0x003f2223) mem 0x80010000 0x00000001
core   0: 0x8000b004 (0x0000bfe5) c.j     pc - 8
core   0: 3 0x8000b004 (0xbfe5)
core   0: 0x8000affc (0x00005f17) auipc   t5, 0x5
core   0: 3 0x8000affc (0x00005f17) x30 0x8000fffc
core   0: 0x8000b000 (0x003f2223) sw      gp, 4(t5)
core   0: 3 0x8000b000 (0x003f2223) mem 0x80010000 0x00000001
core   0: 0x8000b004 (0x0000bfe5) c.j     pc - 8
core   0: 3 0x8000b004 (0xbfe5)
core   0: 0x8000affc (0x00005f17) auipc   t5, 0x5
core   0: 3 0x8000affc (0x00005f17) x30 0x8000fffc
core   0: 0x8000b000 (0x003f2223) sw      gp, 4(t5)
core   0: 3 0x8000b000 (0x003f2223) mem 0x80010000 0x00000001
core   0: 0x8000b004 (0x0000bfe5) c.j     pc - 8
core   0: 3 0x8000b004 (0xbfe5)
core   0: 0x8000affc (0x00005f17) auipc   t5, 0x5
core   0: 3 0x8000affc (0x00005f17) x30 0x8000fffc
core   0: 0x8000b000 (0x003f2223) sw      gp, 4(t5)
core   0: 3 0x8000b000 (0x003f2223) mem 0x80010000 0x00000001
core   0: 0x8000b004 (0x0000bfe5) c.j     pc - 8
core   0: 3 0x8000b004 (0xbfe5)
core   0: 0x8000affc (0x00005f17) auipc   t5, 0x5
core   0: 3 0x8000affc (0x00005f17) x30 0x8000fffc
core   0: 0x8000b000 (0x003f2223) sw      gp, 4(t5)
core   0: 3 0x8000b000 (0x003f2223) mem 0x80010000 0x00000001
core   0: 0x8000b004 (0x0000bfe5) c.j     pc - 8
core   0: 3 0x8000b004 (0xbfe5)
core   0: 0x8000affc (0x00005f17) auipc   t5, 0x5
core   0: 3 0x8000affc (0x00005f17) x30 0x8000fffc
core   0: 0x8000b000 (0x003f2223) sw      gp, 4(t5)
core   0: 3 0x8000b000 (0x003f2223) mem 0x80010000 0x00000001
core   0: 0x8000b004 (0x0000bfe5) c.j     pc - 8
core   0: 3 0x8000b004 (0xbfe5)
core   0: 0x8000affc (0x00005f17) auipc   t5, 0x5
core   0: 3 0x8000affc (0x00005f17) x30 0x8000fffc
core   0: 0x8000b000 (0x003f2223) sw      gp, 4(t5)
core   0: 3 0x8000b000 (0x003f2223) mem 0x80010000 0x00000001
core   0: 0x8000b004 (0x0000bfe5) c.j     pc - 8
core   0: 3 0x8000b004 (0xbfe5)
core   0: 0x8000affc (0x00005f17) auipc   t5, 0x5
core   0: 3 0x8000affc (0x00005f17) x30 0x8000fffc
core   0: 0x8000b000 (0x003f2223) sw      gp, 4(t5)
core   0: 3 0x8000b000 (0x003f2223) mem 0x80010000 0x00000001
core   0: 0x8000b004 (0x0000bfe5) c.j     pc - 8
core   0: 3 0x8000b004 (0xbfe5)
core   0: 0x8000affc (0x00005f17) auipc   t5, 0x5
core   0: 3 0x8000affc (0x00005f17) x30 0x8000fffc
core   0: 0x8000b000 (0x003f2223) sw      gp, 4(t5)
core   0: 3 0x8000b000 (0x003f2223) mem 0x80010000 0x00000001
core   0: 0x8000b004 (0x0000bfe5) c.j     pc - 8
core   0: 3 0x8000b004 (0xbfe5)
core   0: 0x8000affc (0x00005f17) auipc   t5, 0x5
core   0: 3 0x8000affc (0x00005f17) x30 0x8000fffc
core   0: 0x8000b000 (0x003f2223) sw      gp, 4(t5)
core   0: 3 0x8000b000 (0x003f2223) mem 0x80010000 0x00000001
core   0: 0x8000b004 (0x0000bfe5) c.j     pc - 8
core   0: 3 0x8000b004 (0xbfe5)
core   0: 0x8000affc (0x00005f17) auipc   t5, 0x5
core   0: 3 0x8000affc (0x00005f17) x30 0x8000fffc
core   0: 0x8000b000 (0x003f2223) sw      gp, 4(t5)
core   0: 3 0x8000b000 (0x003f2223) mem 0x80010000 0x00000001
core   0: 0x8000b004 (0x0000bfe5) c.j     pc - 8
core   0: 3 0x8000b004 (0xbfe5)
core   0: 0x8000affc (0x00005f17) auipc   t5, 0x5
core   0: 3 0x8000affc (0x00005f17) x30 0x8000fffc
core   0: 0x8000b000 (0x003f2223) sw      gp, 4(t5)
core   0: 3 0x8000b000 (0x003f2223) mem 0x80010000 0x00000001
core   0: 0x8000b004 (0x0000bfe5) c.j     pc - 8
core   0: 3 0x8000b004 (0xbfe5)
core   0: 0x8000affc (0x00005f17) auipc   t5, 0x5
core   0: 3 0x8000affc (0x00005f17) x30 0x8000fffc
core   0: 0x8000b000 (0x003f2223) sw      gp, 4(t5)
core   0: 3 0x8000b000 (0x003f2223) mem 0x80010000 0x00000001
core   0: 0x8000b004 (0x0000bfe5) c.j     pc - 8
core   0: 3 0x8000b004 (0xbfe5)
core   0: 0x8000affc (0x00005f17) auipc   t5, 0x5
core   0: 3 0x8000affc (0x00005f17) x30 0x8000fffc
core   0: 0x8000b000 (0x003f2223) sw      gp, 4(t5)
core   0: 3 0x8000b000 (0x003f2223) mem 0x80010000 0x00000001
core   0: 0x8000b004 (0x0000bfe5) c.j     pc - 8
core   0: 3 0x8000b004 (0xbfe5)
core   0: 0x8000affc (0x00005f17) auipc   t5, 0x5
core   0: 3 0x8000affc (0x00005f17) x30 0x8000fffc
core   0: 0x8000b000 (0x003f2223) sw      gp, 4(t5)
core   0: 3 0x8000b000 (0x003f2223) mem 0x80010000 0x00000001
core   0: 0x8000b004 (0x0000bfe5) c.j     pc - 8
core   0: 3 0x8000b004 (0xbfe5)
core   0: 0x8000affc (0x00005f17) auipc   t5, 0x5
core   0: 3 0x8000affc (0x00005f17) x30 0x8000fffc
core   0: 0x8000b000 (0x003f2223) sw      gp, 4(t5)
core   0: 3 0x8000b000 (0x003f2223) mem 0x80010000 0x00000001
core   0: 0x8000b004 (0x0000bfe5) c.j     pc - 8
core   0: 3 0x8000b004 (0xbfe5)
core   0: 0x8000affc (0x00005f17) auipc   t5, 0x5
core   0: 3 0x8000affc (0x00005f17) x30 0x8000fffc
core   0: 0x8000b000 (0x003f2223) sw      gp, 4(t5)
core   0: 3 0x8000b000 (0x003f2223) mem 0x80010000 0x00000001
core   0: 0x8000b004 (0x0000bfe5) c.j     pc - 8
core   0: 3 0x8000b004 (0xbfe5)
core   0: 0x8000affc (0x00005f17) auipc   t5, 0x5
core   0: 3 0x8000affc (0x00005f17) x30 0x8000fffc
core   0: 0x8000b000 (0x003f2223) sw      gp, 4(t5)
core   0: 3 0x8000b000 (0x003f2223) mem 0x80010000 0x00000001
core   0: 0x8000b004 (0x0000bfe5) c.j     pc - 8
core   0: 3 0x8000b004 (0xbfe5)
core   0: 0x8000affc (0x00005f17) auipc   t5, 0x5
core   0: 3 0x8000affc (0x00005f17) x30 0x8000fffc
core   0: 0x8000b000 (0x003f2223) sw      gp, 4(t5)
core   0: 3 0x8000b000 (0x003f2223) mem 0x80010000 0x00000001
core   0: 0x8000b004 (0x0000bfe5) c.j     pc - 8
core   0: 3 0x8000b004 (0xbfe5)
core   0: 0x8000affc (0x00005f17) auipc   t5, 0x5
core   0: 3 0x8000affc (0x00005f17) x30 0x8000fffc
core   0: 0x8000b000 (0x003f2223) sw      gp, 4(t5)
core   0: 3 0x8000b000 (0x003f2223) mem 0x80010000 0x00000001
core   0: 0x8000b004 (0x0000bfe5) c.j     pc - 8
core   0: 3 0x8000b004 (0xbfe5)
core   0: 0x8000affc (0x00005f17) auipc   t5, 0x5
core   0: 3 0x8000affc (0x00005f17) x30 0x8000fffc
core   0: 0x8000b000 (0x003f2223) sw      gp, 4(t5)
core   0: 3 0x8000b000 (0x003f2223) mem 0x80010000 0x00000001
core   0: 0x8000b004 (0x0000bfe5) c.j     pc - 8
core   0: 3 0x8000b004 (0xbfe5)
core   0: 0x8000affc (0x00005f17) auipc   t5, 0x5
core   0: 3 0x8000affc (0x00005f17) x30 0x8000fffc
core   0: 0x8000b000 (0x003f2223) sw      gp, 4(t5)
core   0: 3 0x8000b000 (0x003f2223) mem 0x80010000 0x00000001
core   0: 0x8000b004 (0x0000bfe5) c.j     pc - 8
core   0: 3 0x8000b004 (0xbfe5)
core   0: 0x8000affc (0x00005f17) auipc   t5, 0x5
core   0: 3 0x8000affc (0x00005f17) x30 0x8000fffc
core   0: 0x8000b000 (0x003f2223) sw      gp, 4(t5)
core   0: 3 0x8000b000 (0x003f2223) mem 0x80010000 0x00000001
core   0: 0x8000b004 (0x0000bfe5) c.j     pc - 8
core   0: 3 0x8000b004 (0xbfe5)
core   0: 0x8000affc (0x00005f17) auipc   t5, 0x5
core   0: 3 0x8000affc (0x00005f17) x30 0x8000fffc
core   0: 0x8000b000 (0x003f2223) sw      gp, 4(t5)
core   0: 3 0x8000b000 (0x003f2223) mem 0x80010000 0x00000001
core   0: 0x8000b004 (0x0000bfe5) c.j     pc - 8
core   0: 3 0x8000b004 (0xbfe5)
core   0: 0x8000affc (0x00005f17) auipc   t5, 0x5
core   0: 3 0x8000affc (0x00005f17) x30 0x8000fffc
core   0: 0x8000b000 (0x003f2223) sw      gp, 4(t5)
core   0: 3 0x8000b000 (0x003f2223) mem 0x80010000 0x00000001
core   0: 0x8000b004 (0x0000bfe5) c.j     pc - 8
core   0: 3 0x8000b004 (0xbfe5)
core   0: 0x8000affc (0x00005f17) auipc   t5, 0x5
core   0: 3 0x8000affc (0x00005f17) x30 0x8000fffc
core   0: 0x8000b000 (0x003f2223) sw      gp, 4(t5)
core   0: 3 0x8000b000 (0x003f2223) mem 0x80010000 0x00000001
core   0: 0x8000b004 (0x0000bfe5) c.j     pc - 8
core   0: 3 0x8000b004 (0xbfe5)
core   0: 0x8000affc (0x00005f17) auipc   t5, 0x5
core   0: 3 0x8000affc (0x00005f17) x30 0x8000fffc
core   0: 0x8000b000 (0x003f2223) sw      gp, 4(t5)
core   0: 3 0x8000b000 (0x003f2223) mem 0x80010000 0x00000001
core   0: 0x8000b004 (0x0000bfe5) c.j     pc - 8
core   0: 3 0x8000b004 (0xbfe5)
core   0: 0x8000affc (0x00005f17) auipc   t5, 0x5
core   0: 3 0x8000affc (0x00005f17) x30 0x8000fffc
core   0: 0x8000b000 (0x003f2223) sw      gp, 4(t5)
core   0: 3 0x8000b000 (0x003f2223) mem 0x80010000 0x00000001
core   0: 0x8000b004 (0x0000bfe5) c.j     pc - 8
core   0: 3 0x8000b004 (0xbfe5)
core   0: 0x8000affc (0x00005f17) auipc   t5, 0x5
core   0: 3 0x8000affc (0x00005f17) x30 0x8000fffc
core   0: 0x8000b000 (0x003f2223) sw      gp, 4(t5)
core   0: 3 0x8000b000 (0x003f2223) mem 0x80010000 0x00000001
core   0: 0x8000b004 (0x0000bfe5) c.j     pc - 8
core   0: 3 0x8000b004 (0xbfe5)
core   0: 0x8000affc (0x00005f17) auipc   t5, 0x5
core   0: 3 0x8000affc (0x00005f17) x30 0x8000fffc
core   0: 0x8000b000 (0x003f2223) sw      gp, 4(t5)
core   0: 3 0x8000b000 (0x003f2223) mem 0x80010000 0x00000001
core   0: 0x8000b004 (0x0000bfe5) c.j     pc - 8
core   0: 3 0x8000b004 (0xbfe5)
core   0: 0x8000affc (0x00005f17) auipc   t5, 0x5
core   0: 3 0x8000affc (0x00005f17) x30 0x8000fffc
core   0: 0x8000b000 (0x003f2223) sw      gp, 4(t5)
core   0: 3 0x8000b000 (0x003f2223) mem 0x80010000 0x00000001
core   0: 0x8000b004 (0x0000bfe5) c.j     pc - 8
core   0: 3 0x8000b004 (0xbfe5)
core   0: 0x8000affc (0x00005f17) auipc   t5, 0x5
core   0: 3 0x8000affc (0x00005f17) x30 0x8000fffc
core   0: 0x8000b000 (0x003f2223) sw      gp, 4(t5)
core   0: 3 0x8000b000 (0x003f2223) mem 0x80010000 0x00000001
core   0: 0x8000b004 (0x0000bfe5) c.j     pc - 8
core   0: 3 0x8000b004 (0xbfe5)
core   0: 0x8000affc (0x00005f17) auipc   t5, 0x5
core   0: 3 0x8000affc (0x00005f17) x30 0x8000fffc
core   0: 0x8000b000 (0x003f2223) sw      gp, 4(t5)
core   0: 3 0x8000b000 (0x003f2223) mem 0x80010000 0x00000001
core   0: 0x8000b004 (0x0000bfe5) c.j     pc - 8
core   0: 3 0x8000b004 (0xbfe5)
core   0: 0x8000affc (0x00005f17) auipc   t5, 0x5
core   0: 3 0x8000affc (0x00005f17) x30 0x8000fffc
core   0: 0x8000b000 (0x003f2223) sw      gp, 4(t5)
core   0: 3 0x8000b000 (0x003f2223) mem 0x80010000 0x00000001
core   0: 0x8000b004 (0x0000bfe5) c.j     pc - 8
core   0: 3 0x8000b004 (0xbfe5)
core   0: 0x8000affc (0x00005f17) auipc   t5, 0x5
core   0: 3 0x8000affc (0x00005f17) x30 0x8000fffc
core   0: 0x8000b000 (0x003f2223) sw      gp, 4(t5)
core   0: 3 0x8000b000 (0x003f2223) mem 0x80010000 0x00000001
core   0: 0x8000b004 (0x0000bfe5) c.j     pc - 8
core   0: 3 0x8000b004 (0xbfe5)
core   0: 0x8000affc (0x00005f17) auipc   t5, 0x5
core   0: 3 0x8000affc (0x00005f17) x30 0x8000fffc
core   0: 0x8000b000 (0x003f2223) sw      gp, 4(t5)
core   0: 3 0x8000b000 (0x003f2223) mem 0x80010000 0x00000001
core   0: 0x8000b004 (0x0000bfe5) c.j     pc - 8
core   0: 3 0x8000b004 (0xbfe5)
core   0: 0x8000affc (0x00005f17) auipc   t5, 0x5
core   0: 3 0x8000affc (0x00005f17) x30 0x8000fffc
core   0: 0x8000b000 (0x003f2223) sw      gp, 4(t5)
core   0: 3 0x8000b000 (0x003f2223) mem 0x80010000 0x00000001
core   0: 0x8000b004 (0x0000bfe5) c.j     pc - 8
core   0: 3 0x8000b004 (0xbfe5)
core   0: 0x8000affc (0x00005f17) auipc   t5, 0x5
core   0: 3 0x8000affc (0x00005f17) x30 0x8000fffc
core   0: 0x8000b000 (0x003f2223) sw      gp, 4(t5)
core   0: 3 0x8000b000 (0x003f2223) mem 0x80010000 0x00000001
core   0: 0x8000b004 (0x0000bfe5) c.j     pc - 8
core   0: 3 0x8000b004 (0xbfe5)
core   0: 0x8000affc (0x00005f17) auipc   t5, 0x5
core   0: 3 0x8000affc (0x00005f17) x30 0x8000fffc
core   0: 0x8000b000 (0x003f2223) sw      gp, 4(t5)
core   0: 3 0x8000b000 (0x003f2223) mem 0x80010000 0x00000001
core   0: 0x8000b004 (0x0000bfe5) c.j     pc - 8
core   0: 3 0x8000b004 (0xbfe5)
core   0: 0x8000affc (0x00005f17) auipc   t5, 0x5
core   0: 3 0x8000affc (0x00005f17) x30 0x8000fffc
core   0: 0x8000b000 (0x003f2223) sw      gp, 4(t5)
core   0: 3 0x8000b000 (0x003f2223) mem 0x80010000 0x00000001
core   0: 0x8000b004 (0x0000bfe5) c.j     pc - 8
core   0: 3 0x8000b004 (0xbfe5)
core   0: 0x8000affc (0x00005f17) auipc   t5, 0x5
core   0: 3 0x8000affc (0x00005f17) x30 0x8000fffc
core   0: 0x8000b000 (0x003f2223) sw      gp, 4(t5)
core   0: 3 0x8000b000 (0x003f2223) mem 0x80010000 0x00000001
core   0: 0x8000b004 (0x0000bfe5) c.j     pc - 8
core   0: 3 0x8000b004 (0xbfe5)
core   0: 0x8000affc (0x00005f17) auipc   t5, 0x5
core   0: 3 0x8000affc (0x00005f17) x30 0x8000fffc
core   0: 0x8000b000 (0x003f2223) sw      gp, 4(t5)
core   0: 3 0x8000b000 (0x003f2223) mem 0x80010000 0x00000001
core   0: 0x8000b004 (0x0000bfe5) c.j     pc - 8
core   0: 3 0x8000b004 (0xbfe5)
core   0: 0x8000affc (0x00005f17) auipc   t5, 0x5
core   0: 3 0x8000affc (0x00005f17) x30 0x8000fffc
core   0: 0x8000b000 (0x003f2223) sw      gp, 4(t5)
core   0: 3 0x8000b000 (0x003f2223) mem 0x80010000 0x00000001
core   0: 0x8000b004 (0x0000bfe5) c.j     pc - 8
core   0: 3 0x8000b004 (0xbfe5)
core   0: 0x8000affc (0x00005f17) auipc   t5, 0x5
core   0: 3 0x8000affc (0x00005f17) x30 0x8000fffc
core   0: 0x8000b000 (0x003f2223) sw      gp, 4(t5)
core   0: 3 0x8000b000 (0x003f2223) mem 0x80010000 0x00000001
core   0: 0x8000b004 (0x0000bfe5) c.j     pc - 8
core   0: 3 0x8000b004 (0xbfe5)
core   0: 0x8000affc (0x00005f17) auipc   t5, 0x5
core   0: 3 0x8000affc (0x00005f17) x30 0x8000fffc
core   0: 0x8000b000 (0x003f2223) sw      gp, 4(t5)
core   0: 3 0x8000b000 (0x003f2223) mem 0x80010000 0x00000001
core   0: 0x8000b004 (0x0000bfe5) c.j     pc - 8
core   0: 3 0x8000b004 (0xbfe5)
core   0: 0x8000affc (0x00005f17) auipc   t5, 0x5
core   0: 3 0x8000affc (0x00005f17) x30 0x8000fffc
core   0: 0x8000b000 (0x003f2223) sw      gp, 4(t5)
core   0: 3 0x8000b000 (0x003f2223) mem 0x80010000 0x00000001
core   0: 0x8000b004 (0x0000bfe5) c.j     pc - 8
core   0: 3 0x8000b004 (0xbfe5)
core   0: 0x8000affc (0x00005f17) auipc   t5, 0x5
core   0: 3 0x8000affc (0x00005f17) x30 0x8000fffc
core   0: 0x8000b000 (0x003f2223) sw      gp, 4(t5)
core   0: 3 0x8000b000 (0x003f2223) mem 0x80010000 0x00000001
core   0: 0x8000b004 (0x0000bfe5) c.j     pc - 8
core   0: 3 0x8000b004 (0xbfe5)
core   0: 0x8000affc (0x00005f17) auipc   t5, 0x5
core   0: 3 0x8000affc (0x00005f17) x30 0x8000fffc
core   0: 0x8000b000 (0x003f2223) sw      gp, 4(t5)
core   0: 3 0x8000b000 (0x003f2223) mem 0x80010000 0x00000001
core   0: 0x8000b004 (0x0000bfe5) c.j     pc - 8
core   0: 3 0x8000b004 (0xbfe5)
core   0: 0x8000affc (0x00005f17) auipc   t5, 0x5
core   0: 3 0x8000affc (0x00005f17) x30 0x8000fffc
core   0: 0x8000b000 (0x003f2223) sw      gp, 4(t5)
core   0: 3 0x8000b000 (0x003f2223) mem 0x80010000 0x00000001
core   0: 0x8000b004 (0x0000bfe5) c.j     pc - 8
core   0: 3 0x8000b004 (0xbfe5)
core   0: 0x8000affc (0x00005f17) auipc   t5, 0x5
core   0: 3 0x8000affc (0x00005f17) x30 0x8000fffc
core   0: 0x8000b000 (0x003f2223) sw      gp, 4(t5)
core   0: 3 0x8000b000 (0x003f2223) mem 0x80010000 0x00000001
core   0: 0x8000b004 (0x0000bfe5) c.j     pc - 8
core   0: 3 0x8000b004 (0xbfe5)
core   0: 0x8000affc (0x00005f17) auipc   t5, 0x5
core   0: 3 0x8000affc (0x00005f17) x30 0x8000fffc
core   0: 0x8000b000 (0x003f2223) sw      gp, 4(t5)
core   0: 3 0x8000b000 (0x003f2223) mem 0x80010000 0x00000001
core   0: 0x8000b004 (0x0000bfe5) c.j     pc - 8
core   0: 3 0x8000b004 (0xbfe5)
core   0: 0x8000affc (0x00005f17) auipc   t5, 0x5
core   0: 3 0x8000affc (0x00005f17) x30 0x8000fffc
core   0: 0x8000b000 (0x003f2223) sw      gp, 4(t5)
core   0: 3 0x8000b000 (0x003f2223) mem 0x80010000 0x00000001
core   0: 0x8000b004 (0x0000bfe5) c.j     pc - 8
core   0: 3 0x8000b004 (0xbfe5)
core   0: 0x8000affc (0x00005f17) auipc   t5, 0x5
core   0: 3 0x8000affc (0x00005f17) x30 0x8000fffc
core   0: 0x8000b000 (0x003f2223) sw      gp, 4(t5)
core   0: 3 0x8000b000 (0x003f2223) mem 0x80010000 0x00000001
core   0: 0x8000b004 (0x0000bfe5) c.j     pc - 8
core   0: 3 0x8000b004 (0xbfe5)
core   0: 0x8000affc (0x00005f17) auipc   t5, 0x5
core   0: 3 0x8000affc (0x00005f17) x30 0x8000fffc
core   0: 0x8000b000 (0x003f2223) sw      gp, 4(t5)
core   0: 3 0x8000b000 (0x003f2223) mem 0x80010000 0x00000001
core   0: 0x8000b004 (0x0000bfe5) c.j     pc - 8
core   0: 3 0x8000b004 (0xbfe5)
core   0: 0x8000affc (0x00005f17) auipc   t5, 0x5
core   0: 3 0x8000affc (0x00005f17) x30 0x8000fffc
core   0: 0x8000b000 (0x003f2223) sw      gp, 4(t5)
core   0: 3 0x8000b000 (0x003f2223) mem 0x80010000 0x00000001
core   0: 0x8000b004 (0x0000bfe5) c.j     pc - 8
core   0: 3 0x8000b004 (0xbfe5)
core   0: 0x8000affc (0x00005f17) auipc   t5, 0x5
core   0: 3 0x8000affc (0x00005f17) x30 0x8000fffc
core   0: 0x8000b000 (0x003f2223) sw      gp, 4(t5)
core   0: 3 0x8000b000 (0x003f2223) mem 0x80010000 0x00000001
core   0: 0x8000b004 (0x0000bfe5) c.j     pc - 8
core   0: 3 0x8000b004 (0xbfe5)
core   0: 0x8000affc (0x00005f17) auipc   t5, 0x5
core   0: 3 0x8000affc (0x00005f17) x30 0x8000fffc
core   0: 0x8000b000 (0x003f2223) sw      gp, 4(t5)
core   0: 3 0x8000b000 (0x003f2223) mem 0x80010000 0x00000001
core   0: 0x8000b004 (0x0000bfe5) c.j     pc - 8
core   0: 3 0x8000b004 (0xbfe5)
core   0: 0x8000affc (0x00005f17) auipc   t5, 0x5
core   0: 3 0x8000affc (0x00005f17) x30 0x8000fffc
core   0: 0x8000b000 (0x003f2223) sw      gp, 4(t5)
core   0: 3 0x8000b000 (0x003f2223) mem 0x80010000 0x00000001
core   0: 0x8000b004 (0x0000bfe5) c.j     pc - 8
core   0: 3 0x8000b004 (0xbfe5)
core   0: 0x8000affc (0x00005f17) auipc   t5, 0x5
core   0: 3 0x8000affc (0x00005f17) x30 0x8000fffc
core   0: 0x8000b000 (0x003f2223) sw      gp, 4(t5)
core   0: 3 0x8000b000 (0x003f2223) mem 0x80010000 0x00000001
core   0: 0x8000b004 (0x0000bfe5) c.j     pc - 8
core   0: 3 0x8000b004 (0xbfe5)
core   0: 0x8000affc (0x00005f17) auipc   t5, 0x5
core   0: 3 0x8000affc (0x00005f17) x30 0x8000fffc
core   0: 0x8000b000 (0x003f2223) sw      gp, 4(t5)
core   0: 3 0x8000b000 (0x003f2223) mem 0x80010000 0x00000001
core   0: 0x8000b004 (0x0000bfe5) c.j     pc - 8
core   0: 3 0x8000b004 (0xbfe5)
core   0: 0x8000affc (0x00005f17) auipc   t5, 0x5
core   0: 3 0x8000affc (0x00005f17) x30 0x8000fffc
core   0: 0x8000b000 (0x003f2223) sw      gp, 4(t5)
core   0: 3 0x8000b000 (0x003f2223) mem 0x80010000 0x00000001
core   0: 0x8000b004 (0x0000bfe5) c.j     pc - 8
core   0: 3 0x8000b004 (0xbfe5)
core   0: 0x8000affc (0x00005f17) auipc   t5, 0x5
core   0: 3 0x8000affc (0x00005f17) x30 0x8000fffc
core   0: 0x8000b000 (0x003f2223) sw      gp, 4(t5)
core   0: 3 0x8000b000 (0x003f2223) mem 0x80010000 0x00000001
core   0: 0x8000b004 (0x0000bfe5) c.j     pc - 8
core   0: 3 0x8000b004 (0xbfe5)
core   0: 0x8000affc (0x00005f17) auipc   t5, 0x5
core   0: 3 0x8000affc (0x00005f17) x30 0x8000fffc
core   0: 0x8000b000 (0x003f2223) sw      gp, 4(t5)
core   0: 3 0x8000b000 (0x003f2223) mem 0x80010000 0x00000001
core   0: 0x8000b004 (0x0000bfe5) c.j     pc - 8
core   0: 3 0x8000b004 (0xbfe5)
core   0: 0x8000affc (0x00005f17) auipc   t5, 0x5
core   0: 3 0x8000affc (0x00005f17) x30 0x8000fffc
core   0: 0x8000b000 (0x003f2223) sw      gp, 4(t5)
core   0: 3 0x8000b000 (0x003f2223) mem 0x80010000 0x00000001
core   0: 0x8000b004 (0x0000bfe5) c.j     pc - 8
core   0: 3 0x8000b004 (0xbfe5)
core   0: 0x8000affc (0x00005f17) auipc   t5, 0x5
core   0: 3 0x8000affc (0x00005f17) x30 0x8000fffc
core   0: 0x8000b000 (0x003f2223) sw      gp, 4(t5)
core   0: 3 0x8000b000 (0x003f2223) mem 0x80010000 0x00000001
core   0: 0x8000b004 (0x0000bfe5) c.j     pc - 8
core   0: 3 0x8000b004 (0xbfe5)
core   0: 0x8000affc (0x00005f17) auipc   t5, 0x5
core   0: 3 0x8000affc (0x00005f17) x30 0x8000fffc
core   0: 0x8000b000 (0x003f2223) sw      gp, 4(t5)
core   0: 3 0x8000b000 (0x003f2223) mem 0x80010000 0x00000001
core   0: 0x8000b004 (0x0000bfe5) c.j     pc - 8
core   0: 3 0x8000b004 (0xbfe5)
core   0: 0x8000affc (0x00005f17) auipc   t5, 0x5
core   0: 3 0x8000affc (0x00005f17) x30 0x8000fffc
core   0: 0x8000b000 (0x003f2223) sw      gp, 4(t5)
core   0: 3 0x8000b000 (0x003f2223) mem 0x80010000 0x00000001
core   0: 0x8000b004 (0x0000bfe5) c.j     pc - 8
core   0: 3 0x8000b004 (0xbfe5)
core   0: 0x8000affc (0x00005f17) auipc   t5, 0x5
core   0: 3 0x8000affc (0x00005f17) x30 0x8000fffc
core   0: 0x8000b000 (0x003f2223) sw      gp, 4(t5)
core   0: 3 0x8000b000 (0x003f2223) mem 0x80010000 0x00000001
core   0: 0x8000b004 (0x0000bfe5) c.j     pc - 8
core   0: 3 0x8000b004 (0xbfe5)
core   0: 0x8000affc (0x00005f17) auipc   t5, 0x5
core   0: 3 0x8000affc (0x00005f17) x30 0x8000fffc
core   0: 0x8000b000 (0x003f2223) sw      gp, 4(t5)
core   0: 3 0x8000b000 (0x003f2223) mem 0x80010000 0x00000001
core   0: 0x8000b004 (0x0000bfe5) c.j     pc - 8
core   0: 3 0x8000b004 (0xbfe5)
core   0: 0x8000affc (0x00005f17) auipc   t5, 0x5
core   0: 3 0x8000affc (0x00005f17) x30 0x8000fffc
core   0: 0x8000b000 (0x003f2223) sw      gp, 4(t5)
core   0: 3 0x8000b000 (0x003f2223) mem 0x80010000 0x00000001
core   0: 0x8000b004 (0x0000bfe5) c.j     pc - 8
core   0: 3 0x8000b004 (0xbfe5)
core   0: 0x8000affc (0x00005f17) auipc   t5, 0x5
core   0: 3 0x8000affc (0x00005f17) x30 0x8000fffc
core   0: 0x8000b000 (0x003f2223) sw      gp, 4(t5)
core   0: 3 0x8000b000 (0x003f2223) mem 0x80010000 0x00000001
core   0: 0x8000b004 (0x0000bfe5) c.j     pc - 8
core   0: 3 0x8000b004 (0xbfe5)
core   0: 0x8000affc (0x00005f17) auipc   t5, 0x5
core   0: 3 0x8000affc (0x00005f17) x30 0x8000fffc
core   0: 0x8000b000 (0x003f2223) sw      gp, 4(t5)
core   0: 3 0x8000b000 (0x003f2223) mem 0x80010000 0x00000001
core   0: 0x8000b004 (0x0000bfe5) c.j     pc - 8
core   0: 3 0x8000b004 (0xbfe5)
core   0: 0x8000affc (0x00005f17) auipc   t5, 0x5
core   0: 3 0x8000affc (0x00005f17) x30 0x8000fffc
core   0: 0x8000b000 (0x003f2223) sw      gp, 4(t5)
core   0: 3 0x8000b000 (0x003f2223) mem 0x80010000 0x00000001
core   0: 0x8000b004 (0x0000bfe5) c.j     pc - 8
core   0: 3 0x8000b004 (0xbfe5)
core   0: 0x8000affc (0x00005f17) auipc   t5, 0x5
core   0: 3 0x8000affc (0x00005f17) x30 0x8000fffc
core   0: 0x8000b000 (0x003f2223) sw      gp, 4(t5)
core   0: 3 0x8000b000 (0x003f2223) mem 0x80010000 0x00000001
core   0: 0x8000b004 (0x0000bfe5) c.j     pc - 8
core   0: 3 0x8000b004 (0xbfe5)
core   0: 0x8000affc (0x00005f17) auipc   t5, 0x5
core   0: 3 0x8000affc (0x00005f17) x30 0x8000fffc
core   0: 0x8000b000 (0x003f2223) sw      gp, 4(t5)
core   0: 3 0x8000b000 (0x003f2223) mem 0x80010000 0x00000001
core   0: 0x8000b004 (0x0000bfe5) c.j     pc - 8
core   0: 3 0x8000b004 (0xbfe5)
core   0: 0x8000affc (0x00005f17) auipc   t5, 0x5
core   0: 3 0x8000affc (0x00005f17) x30 0x8000fffc
core   0: 0x8000b000 (0x003f2223) sw      gp, 4(t5)
core   0: 3 0x8000b000 (0x003f2223) mem 0x80010000 0x00000001
core   0: 0x8000b004 (0x0000bfe5) c.j     pc - 8
core   0: 3 0x8000b004 (0xbfe5)
core   0: 0x8000affc (0x00005f17) auipc   t5, 0x5
core   0: 3 0x8000affc (0x00005f17) x30 0x8000fffc
core   0: 0x8000b000 (0x003f2223) sw      gp, 4(t5)
core   0: 3 0x8000b000 (0x003f2223) mem 0x80010000 0x00000001
core   0: 0x8000b004 (0x0000bfe5) c.j     pc - 8
core   0: 3 0x8000b004 (0xbfe5)
core   0: 0x8000affc (0x00005f17) auipc   t5, 0x5
core   0: 3 0x8000affc (0x00005f17) x30 0x8000fffc
core   0: 0x8000b000 (0x003f2223) sw      gp, 4(t5)
core   0: 3 0x8000b000 (0x003f2223) mem 0x80010000 0x00000001
core   0: 0x8000b004 (0x0000bfe5) c.j     pc - 8
core   0: 3 0x8000b004 (0xbfe5)
core   0: 0x8000affc (0x00005f17) auipc   t5, 0x5
core   0: 3 0x8000affc (0x00005f17) x30 0x8000fffc
core   0: 0x8000b000 (0x003f2223) sw      gp, 4(t5)
core   0: 3 0x8000b000 (0x003f2223) mem 0x80010000 0x00000001
core   0: 0x8000b004 (0x0000bfe5) c.j     pc - 8
core   0: 3 0x8000b004 (0xbfe5)
core   0: 0x8000affc (0x00005f17) auipc   t5, 0x5
core   0: 3 0x8000affc (0x00005f17) x30 0x8000fffc
core   0: 0x8000b000 (0x003f2223) sw      gp, 4(t5)
core   0: 3 0x8000b000 (0x003f2223) mem 0x80010000 0x00000001
core   0: 0x8000b004 (0x0000bfe5) c.j     pc - 8
core   0: 3 0x8000b004 (0xbfe5)
core   0: 0x8000affc (0x00005f17) auipc   t5, 0x5
core   0: 3 0x8000affc (0x00005f17) x30 0x8000fffc
core   0: 0x8000b000 (0x003f2223) sw      gp, 4(t5)
core   0: 3 0x8000b000 (0x003f2223) mem 0x80010000 0x00000001
core   0: 0x8000b004 (0x0000bfe5) c.j     pc - 8
core   0: 3 0x8000b004 (0xbfe5)
core   0: 0x8000affc (0x00005f17) auipc   t5, 0x5
core   0: 3 0x8000affc (0x00005f17) x30 0x8000fffc
core   0: 0x8000b000 (0x003f2223) sw      gp, 4(t5)
core   0: 3 0x8000b000 (0x003f2223) mem 0x80010000 0x00000001
core   0: 0x8000b004 (0x0000bfe5) c.j     pc - 8
core   0: 3 0x8000b004 (0xbfe5)
core   0: 0x8000affc (0x00005f17) auipc   t5, 0x5
core   0: 3 0x8000affc (0x00005f17) x30 0x8000fffc
core   0: 0x8000b000 (0x003f2223) sw      gp, 4(t5)
core   0: 3 0x8000b000 (0x003f2223) mem 0x80010000 0x00000001
core   0: 0x8000b004 (0x0000bfe5) c.j     pc - 8
core   0: 3 0x8000b004 (0xbfe5)
core   0: 0x8000affc (0x00005f17) auipc   t5, 0x5
core   0: 3 0x8000affc (0x00005f17) x30 0x8000fffc
core   0: 0x8000b000 (0x003f2223) sw      gp, 4(t5)
core   0: 3 0x8000b000 (0x003f2223) mem 0x80010000 0x00000001
core   0: 0x8000b004 (0x0000bfe5) c.j     pc - 8
core   0: 3 0x8000b004 (0xbfe5)
core   0: 0x8000affc (0x00005f17) auipc   t5, 0x5
core   0: 3 0x8000affc (0x00005f17) x30 0x8000fffc
core   0: 0x8000b000 (0x003f2223) sw      gp, 4(t5)
core   0: 3 0x8000b000 (0x003f2223) mem 0x80010000 0x00000001
core   0: 0x8000b004 (0x0000bfe5) c.j     pc - 8
core   0: 3 0x8000b004 (0xbfe5)
core   0: 0x8000affc (0x00005f17) auipc   t5, 0x5
core   0: 3 0x8000affc (0x00005f17) x30 0x8000fffc
core   0: 0x8000b000 (0x003f2223) sw      gp, 4(t5)
core   0: 3 0x8000b000 (0x003f2223) mem 0x80010000 0x00000001
core   0: 0x8000b004 (0x0000bfe5) c.j     pc - 8
core   0: 3 0x8000b004 (0xbfe5)
core   0: 0x8000affc (0x00005f17) auipc   t5, 0x5
core   0: 3 0x8000affc (0x00005f17) x30 0x8000fffc
core   0: 0x8000b000 (0x003f2223) sw      gp, 4(t5)
core   0: 3 0x8000b000 (0x003f2223) mem 0x80010000 0x00000001
core   0: 0x8000b004 (0x0000bfe5) c.j     pc - 8
core   0: 3 0x8000b004 (0xbfe5)
core   0: 0x8000affc (0x00005f17) auipc   t5, 0x5
core   0: 3 0x8000affc (0x00005f17) x30 0x8000fffc
core   0: 0x8000b000 (0x003f2223) sw      gp, 4(t5)
core   0: 3 0x8000b000 (0x003f2223) mem 0x80010000 0x00000001
core   0: 0x8000b004 (0x0000bfe5) c.j     pc - 8
core   0: 3 0x8000b004 (0xbfe5)
core   0: 0x8000affc (0x00005f17) auipc   t5, 0x5
core   0: 3 0x8000affc (0x00005f17) x30 0x8000fffc
core   0: 0x8000b000 (0x003f2223) sw      gp, 4(t5)
core   0: 3 0x8000b000 (0x003f2223) mem 0x80010000 0x00000001
core   0: 0x8000b004 (0x0000bfe5) c.j     pc - 8
core   0: 3 0x8000b004 (0xbfe5)
core   0: 0x8000affc (0x00005f17) auipc   t5, 0x5
core   0: 3 0x8000affc (0x00005f17) x30 0x8000fffc
core   0: 0x8000b000 (0x003f2223) sw      gp, 4(t5)
core   0: 3 0x8000b000 (0x003f2223) mem 0x80010000 0x00000001
core   0: 0x8000b004 (0x0000bfe5) c.j     pc - 8
core   0: 3 0x8000b004 (0xbfe5)
core   0: 0x8000affc (0x00005f17) auipc   t5, 0x5
core   0: 3 0x8000affc (0x00005f17) x30 0x8000fffc
core   0: 0x8000b000 (0x003f2223) sw      gp, 4(t5)
core   0: 3 0x8000b000 (0x003f2223) mem 0x80010000 0x00000001
core   0: 0x8000b004 (0x0000bfe5) c.j     pc - 8
core   0: 3 0x8000b004 (0xbfe5)
core   0: 0x8000affc (0x00005f17) auipc   t5, 0x5
core   0: 3 0x8000affc (0x00005f17) x30 0x8000fffc
core   0: 0x8000b000 (0x003f2223) sw      gp, 4(t5)
core   0: 3 0x8000b000 (0x003f2223) mem 0x80010000 0x00000001
core   0: 0x8000b004 (0x0000bfe5) c.j     pc - 8
core   0: 3 0x8000b004 (0xbfe5)
core   0: 0x8000affc (0x00005f17) auipc   t5, 0x5
core   0: 3 0x8000affc (0x00005f17) x30 0x8000fffc
core   0: 0x8000b000 (0x003f2223) sw      gp, 4(t5)
core   0: 3 0x8000b000 (0x003f2223) mem 0x80010000 0x00000001
core   0: 0x8000b004 (0x0000bfe5) c.j     pc - 8
core   0: 3 0x8000b004 (0xbfe5)
core   0: 0x8000affc (0x00005f17) auipc   t5, 0x5
core   0: 3 0x8000affc (0x00005f17) x30 0x8000fffc
core   0: 0x8000b000 (0x003f2223) sw      gp, 4(t5)
core   0: 3 0x8000b000 (0x003f2223) mem 0x80010000 0x00000001
core   0: 0x8000b004 (0x0000bfe5) c.j     pc - 8
core   0: 3 0x8000b004 (0xbfe5)
core   0: 0x8000affc (0x00005f17) auipc   t5, 0x5
core   0: 3 0x8000affc (0x00005f17) x30 0x8000fffc
core   0: 0x8000b000 (0x003f2223) sw      gp, 4(t5)
core   0: 3 0x8000b000 (0x003f2223) mem 0x80010000 0x00000001
core   0: 0x8000b004 (0x0000bfe5) c.j     pc - 8
core   0: 3 0x8000b004 (0xbfe5)
core   0: 0x8000affc (0x00005f17) auipc   t5, 0x5
core   0: 3 0x8000affc (0x00005f17) x30 0x8000fffc
core   0: 0x8000b000 (0x003f2223) sw      gp, 4(t5)
core   0: 3 0x8000b000 (0x003f2223) mem 0x80010000 0x00000001
core   0: 0x8000b004 (0x0000bfe5) c.j     pc - 8
core   0: 3 0x8000b004 (0xbfe5)
core   0: 0x8000affc (0x00005f17) auipc   t5, 0x5
core   0: 3 0x8000affc (0x00005f17) x30 0x8000fffc
core   0: 0x8000b000 (0x003f2223) sw      gp, 4(t5)
core   0: 3 0x8000b000 (0x003f2223) mem 0x80010000 0x00000001
core   0: 0x8000b004 (0x0000bfe5) c.j     pc - 8
core   0: 3 0x8000b004 (0xbfe5)
core   0: 0x8000affc (0x00005f17) auipc   t5, 0x5
core   0: 3 0x8000affc (0x00005f17) x30 0x8000fffc
core   0: 0x8000b000 (0x003f2223) sw      gp, 4(t5)
core   0: 3 0x8000b000 (0x003f2223) mem 0x80010000 0x00000001
core   0: 0x8000b004 (0x0000bfe5) c.j     pc - 8
core   0: 3 0x8000b004 (0xbfe5)
core   0: 0x8000affc (0x00005f17) auipc   t5, 0x5
core   0: 3 0x8000affc (0x00005f17) x30 0x8000fffc
core   0: 0x8000b000 (0x003f2223) sw      gp, 4(t5)
core   0: 3 0x8000b000 (0x003f2223) mem 0x80010000 0x00000001
core   0: 0x8000b004 (0x0000bfe5) c.j     pc - 8
core   0: 3 0x8000b004 (0xbfe5)
core   0: 0x8000affc (0x00005f17) auipc   t5, 0x5
core   0: 3 0x8000affc (0x00005f17) x30 0x8000fffc
core   0: 0x8000b000 (0x003f2223) sw      gp, 4(t5)
core   0: 3 0x8000b000 (0x003f2223) mem 0x80010000 0x00000001
core   0: 0x8000b004 (0x0000bfe5) c.j     pc - 8
core   0: 3 0x8000b004 (0xbfe5)
core   0: 0x8000affc (0x00005f17) auipc   t5, 0x5
core   0: 3 0x8000affc (0x00005f17) x30 0x8000fffc
core   0: 0x8000b000 (0x003f2223) sw      gp, 4(t5)
core   0: 3 0x8000b000 (0x003f2223) mem 0x80010000 0x00000001
core   0: 0x8000b004 (0x0000bfe5) c.j     pc - 8
core   0: 3 0x8000b004 (0xbfe5)
core   0: 0x8000affc (0x00005f17) auipc   t5, 0x5
core   0: 3 0x8000affc (0x00005f17) x30 0x8000fffc
core   0: 0x8000b000 (0x003f2223) sw      gp, 4(t5)
core   0: 3 0x8000b000 (0x003f2223) mem 0x80010000 0x00000001
core   0: 0x8000b004 (0x0000bfe5) c.j     pc - 8
core   0: 3 0x8000b004 (0xbfe5)
core   0: 0x8000affc (0x00005f17) auipc   t5, 0x5
core   0: 3 0x8000affc (0x00005f17) x30 0x8000fffc
core   0: 0x8000b000 (0x003f2223) sw      gp, 4(t5)
core   0: 3 0x8000b000 (0x003f2223) mem 0x80010000 0x00000001
core   0: 0x8000b004 (0x0000bfe5) c.j     pc - 8
core   0: 3 0x8000b004 (0xbfe5)
core   0: 0x8000affc (0x00005f17) auipc   t5, 0x5
core   0: 3 0x8000affc (0x00005f17) x30 0x8000fffc
core   0: 0x8000b000 (0x003f2223) sw      gp, 4(t5)
core   0: 3 0x8000b000 (0x003f2223) mem 0x80010000 0x00000001
core   0: 0x8000b004 (0x0000bfe5) c.j     pc - 8
core   0: 3 0x8000b004 (0xbfe5)
core   0: 0x8000affc (0x00005f17) auipc   t5, 0x5
core   0: 3 0x8000affc (0x00005f17) x30 0x8000fffc
core   0: 0x8000b000 (0x003f2223) sw      gp, 4(t5)
core   0: 3 0x8000b000 (0x003f2223) mem 0x80010000 0x00000001
core   0: 0x8000b004 (0x0000bfe5) c.j     pc - 8
core   0: 3 0x8000b004 (0xbfe5)
core   0: 0x8000affc (0x00005f17) auipc   t5, 0x5
core   0: 3 0x8000affc (0x00005f17) x30 0x8000fffc
core   0: 0x8000b000 (0x003f2223) sw      gp, 4(t5)
core   0: 3 0x8000b000 (0x003f2223) mem 0x80010000 0x00000001
core   0: 0x8000b004 (0x0000bfe5) c.j     pc - 8
core   0: 3 0x8000b004 (0xbfe5)
core   0: 0x8000affc (0x00005f17) auipc   t5, 0x5
core   0: 3 0x8000affc (0x00005f17) x30 0x8000fffc
core   0: 0x8000b000 (0x003f2223) sw      gp, 4(t5)
core   0: 3 0x8000b000 (0x003f2223) mem 0x80010000 0x00000001
core   0: 0x8000b004 (0x0000bfe5) c.j     pc - 8
core   0: 3 0x8000b004 (0xbfe5)
core   0: 0x8000affc (0x00005f17) auipc   t5, 0x5
core   0: 3 0x8000affc (0x00005f17) x30 0x8000fffc
core   0: 0x8000b000 (0x003f2223) sw      gp, 4(t5)
core   0: 3 0x8000b000 (0x003f2223) mem 0x80010000 0x00000001
core   0: 0x8000b004 (0x0000bfe5) c.j     pc - 8
core   0: 3 0x8000b004 (0xbfe5)
core   0: 0x8000affc (0x00005f17) auipc   t5, 0x5
core   0: 3 0x8000affc (0x00005f17) x30 0x8000fffc
core   0: 0x8000b000 (0x003f2223) sw      gp, 4(t5)
core   0: 3 0x8000b000 (0x003f2223) mem 0x80010000 0x00000001
core   0: 0x8000b004 (0x0000bfe5) c.j     pc - 8
core   0: 3 0x8000b004 (0xbfe5)
core   0: 0x8000affc (0x00005f17) auipc   t5, 0x5
core   0: 3 0x8000affc (0x00005f17) x30 0x8000fffc
core   0: 0x8000b000 (0x003f2223) sw      gp, 4(t5)
core   0: 3 0x8000b000 (0x003f2223) mem 0x80010000 0x00000001
core   0: 0x8000b004 (0x0000bfe5) c.j     pc - 8
core   0: 3 0x8000b004 (0xbfe5)
core   0: 0x8000affc (0x00005f17) auipc   t5, 0x5
core   0: 3 0x8000affc (0x00005f17) x30 0x8000fffc
core   0: 0x8000b000 (0x003f2223) sw      gp, 4(t5)
core   0: 3 0x8000b000 (0x003f2223) mem 0x80010000 0x00000001
core   0: 0x8000b004 (0x0000bfe5) c.j     pc - 8
core   0: 3 0x8000b004 (0xbfe5)
core   0: 0x8000affc (0x00005f17) auipc   t5, 0x5
core   0: 3 0x8000affc (0x00005f17) x30 0x8000fffc
core   0: 0x8000b000 (0x003f2223) sw      gp, 4(t5)
core   0: 3 0x8000b000 (0x003f2223) mem 0x80010000 0x00000001
core   0: 0x8000b004 (0x0000bfe5) c.j     pc - 8
core   0: 3 0x8000b004 (0xbfe5)
core   0: 0x8000affc (0x00005f17) auipc   t5, 0x5
core   0: 3 0x8000affc (0x00005f17) x30 0x8000fffc
core   0: 0x8000b000 (0x003f2223) sw      gp, 4(t5)
core   0: 3 0x8000b000 (0x003f2223) mem 0x80010000 0x00000001
core   0: 0x8000b004 (0x0000bfe5) c.j     pc - 8
core   0: 3 0x8000b004 (0xbfe5)
core   0: 0x8000affc (0x00005f17) auipc   t5, 0x5
core   0: 3 0x8000affc (0x00005f17) x30 0x8000fffc
core   0: 0x8000b000 (0x003f2223) sw      gp, 4(t5)
core   0: 3 0x8000b000 (0x003f2223) mem 0x80010000 0x00000001
core   0: 0x8000b004 (0x0000bfe5) c.j     pc - 8
core   0: 3 0x8000b004 (0xbfe5)
core   0: 0x8000affc (0x00005f17) auipc   t5, 0x5
core   0: 3 0x8000affc (0x00005f17) x30 0x8000fffc
core   0: 0x8000b000 (0x003f2223) sw      gp, 4(t5)
core   0: 3 0x8000b000 (0x003f2223) mem 0x80010000 0x00000001
core   0: 0x8000b004 (0x0000bfe5) c.j     pc - 8
core   0: 3 0x8000b004 (0xbfe5)
core   0: 0x8000affc (0x00005f17) auipc   t5, 0x5
core   0: 3 0x8000affc (0x00005f17) x30 0x8000fffc
core   0: 0x8000b000 (0x003f2223) sw      gp, 4(t5)
core   0: 3 0x8000b000 (0x003f2223) mem 0x80010000 0x00000001
core   0: 0x8000b004 (0x0000bfe5) c.j     pc - 8
core   0: 3 0x8000b004 (0xbfe5)
core   0: 0x8000affc (0x00005f17) auipc   t5, 0x5
core   0: 3 0x8000affc (0x00005f17) x30 0x8000fffc
core   0: 0x8000b000 (0x003f2223) sw      gp, 4(t5)
core   0: 3 0x8000b000 (0x003f2223) mem 0x80010000 0x00000001
core   0: 0x8000b004 (0x0000bfe5) c.j     pc - 8
core   0: 3 0x8000b004 (0xbfe5)
core   0: 0x8000affc (0x00005f17) auipc   t5, 0x5
core   0: 3 0x8000affc (0x00005f17) x30 0x8000fffc
core   0: 0x8000b000 (0x003f2223) sw      gp, 4(t5)
core   0: 3 0x8000b000 (0x003f2223) mem 0x80010000 0x00000001
core   0: 0x8000b004 (0x0000bfe5) c.j     pc - 8
core   0: 3 0x8000b004 (0xbfe5)
core   0: 0x8000affc (0x00005f17) auipc   t5, 0x5
core   0: 3 0x8000affc (0x00005f17) x30 0x8000fffc
core   0: 0x8000b000 (0x003f2223) sw      gp, 4(t5)
core   0: 3 0x8000b000 (0x003f2223) mem 0x80010000 0x00000001
core   0: 0x8000b004 (0x0000bfe5) c.j     pc - 8
core   0: 3 0x8000b004 (0xbfe5)
core   0: 0x8000affc (0x00005f17) auipc   t5, 0x5
core   0: 3 0x8000affc (0x00005f17) x30 0x8000fffc
core   0: 0x8000b000 (0x003f2223) sw      gp, 4(t5)
core   0: 3 0x8000b000 (0x003f2223) mem 0x80010000 0x00000001
core   0: 0x8000b004 (0x0000bfe5) c.j     pc - 8
core   0: 3 0x8000b004 (0xbfe5)
core   0: 0x8000affc (0x00005f17) auipc   t5, 0x5
core   0: 3 0x8000affc (0x00005f17) x30 0x8000fffc
core   0: 0x8000b000 (0x003f2223) sw      gp, 4(t5)
core   0: 3 0x8000b000 (0x003f2223) mem 0x80010000 0x00000001
core   0: 0x8000b004 (0x0000bfe5) c.j     pc - 8
core   0: 3 0x8000b004 (0xbfe5)
core   0: 0x8000affc (0x00005f17) auipc   t5, 0x5
core   0: 3 0x8000affc (0x00005f17) x30 0x8000fffc
core   0: 0x8000b000 (0x003f2223) sw      gp, 4(t5)
core   0: 3 0x8000b000 (0x003f2223) mem 0x80010000 0x00000001
core   0: 0x8000b004 (0x0000bfe5) c.j     pc - 8
core   0: 3 0x8000b004 (0xbfe5)
core   0: 0x8000affc (0x00005f17) auipc   t5, 0x5
core   0: 3 0x8000affc (0x00005f17) x30 0x8000fffc
core   0: 0x8000b000 (0x003f2223) sw      gp, 4(t5)
core   0: 3 0x8000b000 (0x003f2223) mem 0x80010000 0x00000001
core   0: 0x8000b004 (0x0000bfe5) c.j     pc - 8
core   0: 3 0x8000b004 (0xbfe5)
core   0: 0x8000affc (0x00005f17) auipc   t5, 0x5
core   0: 3 0x8000affc (0x00005f17) x30 0x8000fffc
core   0: 0x8000b000 (0x003f2223) sw      gp, 4(t5)
core   0: 3 0x8000b000 (0x003f2223) mem 0x80010000 0x00000001
core   0: 0x8000b004 (0x0000bfe5) c.j     pc - 8
core   0: 3 0x8000b004 (0xbfe5)
core   0: 0x8000affc (0x00005f17) auipc   t5, 0x5
core   0: 3 0x8000affc (0x00005f17) x30 0x8000fffc
core   0: 0x8000b000 (0x003f2223) sw      gp, 4(t5)
core   0: 3 0x8000b000 (0x003f2223) mem 0x80010000 0x00000001
core   0: 0x8000b004 (0x0000bfe5) c.j     pc - 8
core   0: 3 0x8000b004 (0xbfe5)
core   0: 0x8000affc (0x00005f17) auipc   t5, 0x5
core   0: 3 0x8000affc (0x00005f17) x30 0x8000fffc
core   0: 0x8000b000 (0x003f2223) sw      gp, 4(t5)
core   0: 3 0x8000b000 (0x003f2223) mem 0x80010000 0x00000001
core   0: 0x8000b004 (0x0000bfe5) c.j     pc - 8
core   0: 3 0x8000b004 (0xbfe5)
core   0: 0x8000affc (0x00005f17) auipc   t5, 0x5
core   0: 3 0x8000affc (0x00005f17) x30 0x8000fffc
core   0: 0x8000b000 (0x003f2223) sw      gp, 4(t5)
core   0: 3 0x8000b000 (0x003f2223) mem 0x80010000 0x00000001
core   0: 0x8000b004 (0x0000bfe5) c.j     pc - 8
core   0: 3 0x8000b004 (0xbfe5)
core   0: 0x8000affc (0x00005f17) auipc   t5, 0x5
core   0: 3 0x8000affc (0x00005f17) x30 0x8000fffc
core   0: 0x8000b000 (0x003f2223) sw      gp, 4(t5)
core   0: 3 0x8000b000 (0x003f2223) mem 0x80010000 0x00000001
core   0: 0x8000b004 (0x0000bfe5) c.j     pc - 8
core   0: 3 0x8000b004 (0xbfe5)
core   0: 0x8000affc (0x00005f17) auipc   t5, 0x5
core   0: 3 0x8000affc (0x00005f17) x30 0x8000fffc
core   0: 0x8000b000 (0x003f2223) sw      gp, 4(t5)
core   0: 3 0x8000b000 (0x003f2223) mem 0x80010000 0x00000001
core   0: 0x8000b004 (0x0000bfe5) c.j     pc - 8
core   0: 3 0x8000b004 (0xbfe5)
core   0: 0x8000affc (0x00005f17) auipc   t5, 0x5
core   0: 3 0x8000affc (0x00005f17) x30 0x8000fffc
core   0: 0x8000b000 (0x003f2223) sw      gp, 4(t5)
core   0: 3 0x8000b000 (0x003f2223) mem 0x80010000 0x00000001
core   0: 0x8000b004 (0x0000bfe5) c.j     pc - 8
core   0: 3 0x8000b004 (0xbfe5)
core   0: 0x8000affc (0x00005f17) auipc   t5, 0x5
core   0: 3 0x8000affc (0x00005f17) x30 0x8000fffc
core   0: 0x8000b000 (0x003f2223) sw      gp, 4(t5)
core   0: 3 0x8000b000 (0x003f2223) mem 0x80010000 0x00000001
core   0: 0x8000b004 (0x0000bfe5) c.j     pc - 8
core   0: 3 0x8000b004 (0xbfe5)
core   0: 0x8000affc (0x00005f17) auipc   t5, 0x5
core   0: 3 0x8000affc (0x00005f17) x30 0x8000fffc
core   0: 0x8000b000 (0x003f2223) sw      gp, 4(t5)
core   0: 3 0x8000b000 (0x003f2223) mem 0x80010000 0x00000001
core   0: 0x8000b004 (0x0000bfe5) c.j     pc - 8
core   0: 3 0x8000b004 (0xbfe5)
core   0: 0x8000affc (0x00005f17) auipc   t5, 0x5
core   0: 3 0x8000affc (0x00005f17) x30 0x8000fffc
core   0: 0x8000b000 (0x003f2223) sw      gp, 4(t5)
core   0: 3 0x8000b000 (0x003f2223) mem 0x80010000 0x00000001
core   0: 0x8000b004 (0x0000bfe5) c.j     pc - 8
core   0: 3 0x8000b004 (0xbfe5)
core   0: 0x8000affc (0x00005f17) auipc   t5, 0x5
core   0: 3 0x8000affc (0x00005f17) x30 0x8000fffc
core   0: 0x8000b000 (0x003f2223) sw      gp, 4(t5)
core   0: 3 0x8000b000 (0x003f2223) mem 0x80010000 0x00000001
core   0: 0x8000b004 (0x0000bfe5) c.j     pc - 8
core   0: 3 0x8000b004 (0xbfe5)
core   0: 0x8000affc (0x00005f17) auipc   t5, 0x5
core   0: 3 0x8000affc (0x00005f17) x30 0x8000fffc
core   0: 0x8000b000 (0x003f2223) sw      gp, 4(t5)
core   0: 3 0x8000b000 (0x003f2223) mem 0x80010000 0x00000001
core   0: 0x8000b004 (0x0000bfe5) c.j     pc - 8
core   0: 3 0x8000b004 (0xbfe5)
core   0: 0x8000affc (0x00005f17) auipc   t5, 0x5
core   0: 3 0x8000affc (0x00005f17) x30 0x8000fffc
core   0: 0x8000b000 (0x003f2223) sw      gp, 4(t5)
core   0: 3 0x8000b000 (0x003f2223) mem 0x80010000 0x00000001
core   0: 0x8000b004 (0x0000bfe5) c.j     pc - 8
core   0: 3 0x8000b004 (0xbfe5)
core   0: 0x8000affc (0x00005f17) auipc   t5, 0x5
core   0: 3 0x8000affc (0x00005f17) x30 0x8000fffc
core   0: 0x8000b000 (0x003f2223) sw      gp, 4(t5)
core   0: 3 0x8000b000 (0x003f2223) mem 0x80010000 0x00000001
core   0: 0x8000b004 (0x0000bfe5) c.j     pc - 8
core   0: 3 0x8000b004 (0xbfe5)
core   0: 0x8000affc (0x00005f17) auipc   t5, 0x5
core   0: 3 0x8000affc (0x00005f17) x30 0x8000fffc
core   0: 0x8000b000 (0x003f2223) sw      gp, 4(t5)
core   0: 3 0x8000b000 (0x003f2223) mem 0x80010000 0x00000001
core   0: 0x8000b004 (0x0000bfe5) c.j     pc - 8
core   0: 3 0x8000b004 (0xbfe5)
core   0: 0x8000affc (0x00005f17) auipc   t5, 0x5
core   0: 3 0x8000affc (0x00005f17) x30 0x8000fffc
core   0: 0x8000b000 (0x003f2223) sw      gp, 4(t5)
core   0: 3 0x8000b000 (0x003f2223) mem 0x80010000 0x00000001
core   0: 0x8000b004 (0x0000bfe5) c.j     pc - 8
core   0: 3 0x8000b004 (0xbfe5)
core   0: 0x8000affc (0x00005f17) auipc   t5, 0x5
core   0: 3 0x8000affc (0x00005f17) x30 0x8000fffc
core   0: 0x8000b000 (0x003f2223) sw      gp, 4(t5)
core   0: 3 0x8000b000 (0x003f2223) mem 0x80010000 0x00000001
core   0: 0x8000b004 (0x0000bfe5) c.j     pc - 8
core   0: 3 0x8000b004 (0xbfe5)
core   0: 0x8000affc (0x00005f17) auipc   t5, 0x5
core   0: 3 0x8000affc (0x00005f17) x30 0x8000fffc
core   0: 0x8000b000 (0x003f2223) sw      gp, 4(t5)
core   0: 3 0x8000b000 (0x003f2223) mem 0x80010000 0x00000001
core   0: 0x8000b004 (0x0000bfe5) c.j     pc - 8
core   0: 3 0x8000b004 (0xbfe5)
core   0: 0x8000affc (0x00005f17) auipc   t5, 0x5
core   0: 3 0x8000affc (0x00005f17) x30 0x8000fffc
core   0: 0x8000b000 (0x003f2223) sw      gp, 4(t5)
core   0: 3 0x8000b000 (0x003f2223) mem 0x80010000 0x00000001
core   0: 0x8000b004 (0x0000bfe5) c.j     pc - 8
core   0: 3 0x8000b004 (0xbfe5)
core   0: 0x8000affc (0x00005f17) auipc   t5, 0x5
core   0: 3 0x8000affc (0x00005f17) x30 0x8000fffc
core   0: 0x8000b000 (0x003f2223) sw      gp, 4(t5)
core   0: 3 0x8000b000 (0x003f2223) mem 0x80010000 0x00000001
core   0: 0x8000b004 (0x0000bfe5) c.j     pc - 8
core   0: 3 0x8000b004 (0xbfe5)
core   0: 0x8000affc (0x00005f17) auipc   t5, 0x5
core   0: 3 0x8000affc (0x00005f17) x30 0x8000fffc
core   0: 0x8000b000 (0x003f2223) sw      gp, 4(t5)
core   0: 3 0x8000b000 (0x003f2223) mem 0x80010000 0x00000001
core   0: 0x8000b004 (0x0000bfe5) c.j     pc - 8
core   0: 3 0x8000b004 (0xbfe5)
core   0: 0x8000affc (0x00005f17) auipc   t5, 0x5
core   0: 3 0x8000affc (0x00005f17) x30 0x8000fffc
core   0: 0x8000b000 (0x003f2223) sw      gp, 4(t5)
core   0: 3 0x8000b000 (0x003f2223) mem 0x80010000 0x00000001
core   0: 0x8000b004 (0x0000bfe5) c.j     pc - 8
core   0: 3 0x8000b004 (0xbfe5)
core   0: 0x8000affc (0x00005f17) auipc   t5, 0x5
core   0: 3 0x8000affc (0x00005f17) x30 0x8000fffc
core   0: 0x8000b000 (0x003f2223) sw      gp, 4(t5)
core   0: 3 0x8000b000 (0x003f2223) mem 0x80010000 0x00000001
core   0: 0x8000b004 (0x0000bfe5) c.j     pc - 8
core   0: 3 0x8000b004 (0xbfe5)
core   0: 0x8000affc (0x00005f17) auipc   t5, 0x5
core   0: 3 0x8000affc (0x00005f17) x30 0x8000fffc
core   0: 0x8000b000 (0x003f2223) sw      gp, 4(t5)
core   0: 3 0x8000b000 (0x003f2223) mem 0x80010000 0x00000001
core   0: 0x8000b004 (0x0000bfe5) c.j     pc - 8
core   0: 3 0x8000b004 (0xbfe5)
core   0: 0x8000affc (0x00005f17) auipc   t5, 0x5
core   0: 3 0x8000affc (0x00005f17) x30 0x8000fffc
core   0: 0x8000b000 (0x003f2223) sw      gp, 4(t5)
core   0: 3 0x8000b000 (0x003f2223) mem 0x80010000 0x00000001
core   0: 0x8000b004 (0x0000bfe5) c.j     pc - 8
core   0: 3 0x8000b004 (0xbfe5)
core   0: 0x8000affc (0x00005f17) auipc   t5, 0x5
core   0: 3 0x8000affc (0x00005f17) x30 0x8000fffc
core   0: 0x8000b000 (0x003f2223) sw      gp, 4(t5)
core   0: 3 0x8000b000 (0x003f2223) mem 0x80010000 0x00000001
core   0: 0x8000b004 (0x0000bfe5) c.j     pc - 8
core   0: 3 0x8000b004 (0xbfe5)
core   0: 0x8000affc (0x00005f17) auipc   t5, 0x5
core   0: 3 0x8000affc (0x00005f17) x30 0x8000fffc
core   0: 0x8000b000 (0x003f2223) sw      gp, 4(t5)
core   0: 3 0x8000b000 (0x003f2223) mem 0x80010000 0x00000001
core   0: 0x8000b004 (0x0000bfe5) c.j     pc - 8
core   0: 3 0x8000b004 (0xbfe5)
core   0: 0x8000affc (0x00005f17) auipc   t5, 0x5
core   0: 3 0x8000affc (0x00005f17) x30 0x8000fffc
core   0: 0x8000b000 (0x003f2223) sw      gp, 4(t5)
core   0: 3 0x8000b000 (0x003f2223) mem 0x80010000 0x00000001
core   0: 0x8000b004 (0x0000bfe5) c.j     pc - 8
core   0: 3 0x8000b004 (0xbfe5)
core   0: 0x8000affc (0x00005f17) auipc   t5, 0x5
core   0: 3 0x8000affc (0x00005f17) x30 0x8000fffc
core   0: 0x8000b000 (0x003f2223) sw      gp, 4(t5)
core   0: 3 0x8000b000 (0x003f2223) mem 0x80010000 0x00000001
core   0: 0x8000b004 (0x0000bfe5) c.j     pc - 8
core   0: 3 0x8000b004 (0xbfe5)
core   0: 0x8000affc (0x00005f17) auipc   t5, 0x5
core   0: 3 0x8000affc (0x00005f17) x30 0x8000fffc
core   0: 0x8000b000 (0x003f2223) sw      gp, 4(t5)
core   0: 3 0x8000b000 (0x003f2223) mem 0x80010000 0x00000001
core   0: 0x8000b004 (0x0000bfe5) c.j     pc - 8
core   0: 3 0x8000b004 (0xbfe5)
core   0: 0x8000affc (0x00005f17) auipc   t5, 0x5
core   0: 3 0x8000affc (0x00005f17) x30 0x8000fffc
core   0: 0x8000b000 (0x003f2223) sw      gp, 4(t5)
core   0: 3 0x8000b000 (0x003f2223) mem 0x80010000 0x00000001
core   0: 0x8000b004 (0x0000bfe5) c.j     pc - 8
core   0: 3 0x8000b004 (0xbfe5)
core   0: 0x8000affc (0x00005f17) auipc   t5, 0x5
core   0: 3 0x8000affc (0x00005f17) x30 0x8000fffc
core   0: 0x8000b000 (0x003f2223) sw      gp, 4(t5)
core   0: 3 0x8000b000 (0x003f2223) mem 0x80010000 0x00000001
core   0: 0x8000b004 (0x0000bfe5) c.j     pc - 8
core   0: 3 0x8000b004 (0xbfe5)
core   0: 0x8000affc (0x00005f17) auipc   t5, 0x5
core   0: 3 0x8000affc (0x00005f17) x30 0x8000fffc
core   0: 0x8000b000 (0x003f2223) sw      gp, 4(t5)
core   0: 3 0x8000b000 (0x003f2223) mem 0x80010000 0x00000001
core   0: 0x8000b004 (0x0000bfe5) c.j     pc - 8
core   0: 3 0x8000b004 (0xbfe5)
core   0: 0x8000affc (0x00005f17) auipc   t5, 0x5
core   0: 3 0x8000affc (0x00005f17) x30 0x8000fffc
core   0: 0x8000b000 (0x003f2223) sw      gp, 4(t5)
core   0: 3 0x8000b000 (0x003f2223) mem 0x80010000 0x00000001
core   0: 0x8000b004 (0x0000bfe5) c.j     pc - 8
core   0: 3 0x8000b004 (0xbfe5)
core   0: 0x8000affc (0x00005f17) auipc   t5, 0x5
core   0: 3 0x8000affc (0x00005f17) x30 0x8000fffc
core   0: 0x8000b000 (0x003f2223) sw      gp, 4(t5)
core   0: 3 0x8000b000 (0x003f2223) mem 0x80010000 0x00000001
core   0: 0x8000b004 (0x0000bfe5) c.j     pc - 8
core   0: 3 0x8000b004 (0xbfe5)
core   0: 0x8000affc (0x00005f17) auipc   t5, 0x5
core   0: 3 0x8000affc (0x00005f17) x30 0x8000fffc
core   0: 0x8000b000 (0x003f2223) sw      gp, 4(t5)
core   0: 3 0x8000b000 (0x003f2223) mem 0x80010000 0x00000001
core   0: 0x8000b004 (0x0000bfe5) c.j     pc - 8
core   0: 3 0x8000b004 (0xbfe5)
core   0: 0x8000affc (0x00005f17) auipc   t5, 0x5
core   0: 3 0x8000affc (0x00005f17) x30 0x8000fffc
core   0: 0x8000b000 (0x003f2223) sw      gp, 4(t5)
core   0: 3 0x8000b000 (0x003f2223) mem 0x80010000 0x00000001
core   0: 0x8000b004 (0x0000bfe5) c.j     pc - 8
core   0: 3 0x8000b004 (0xbfe5)
core   0: 0x8000affc (0x00005f17) auipc   t5, 0x5
core   0: 3 0x8000affc (0x00005f17) x30 0x8000fffc
core   0: 0x8000b000 (0x003f2223) sw      gp, 4(t5)
core   0: 3 0x8000b000 (0x003f2223) mem 0x80010000 0x00000001
core   0: 0x8000b004 (0x0000bfe5) c.j     pc - 8
core   0: 3 0x8000b004 (0xbfe5)
core   0: 0x8000affc (0x00005f17) auipc   t5, 0x5
core   0: 3 0x8000affc (0x00005f17) x30 0x8000fffc
core   0: 0x8000b000 (0x003f2223) sw      gp, 4(t5)
core   0: 3 0x8000b000 (0x003f2223) mem 0x80010000 0x00000001
core   0: 0x8000b004 (0x0000bfe5) c.j     pc - 8
core   0: 3 0x8000b004 (0xbfe5)
core   0: 0x8000affc (0x00005f17) auipc   t5, 0x5
core   0: 3 0x8000affc (0x00005f17) x30 0x8000fffc
core   0: 0x8000b000 (0x003f2223) sw      gp, 4(t5)
core   0: 3 0x8000b000 (0x003f2223) mem 0x80010000 0x00000001
core   0: 0x8000b004 (0x0000bfe5) c.j     pc - 8
core   0: 3 0x8000b004 (0xbfe5)
core   0: 0x8000affc (0x00005f17) auipc   t5, 0x5
core   0: 3 0x8000affc (0x00005f17) x30 0x8000fffc
core   0: 0x8000b000 (0x003f2223) sw      gp, 4(t5)
core   0: 3 0x8000b000 (0x003f2223) mem 0x80010000 0x00000001
core   0: 0x8000b004 (0x0000bfe5) c.j     pc - 8
core   0: 3 0x8000b004 (0xbfe5)
core   0: 0x8000affc (0x00005f17) auipc   t5, 0x5
core   0: 3 0x8000affc (0x00005f17) x30 0x8000fffc
core   0: 0x8000b000 (0x003f2223) sw      gp, 4(t5)
core   0: 3 0x8000b000 (0x003f2223) mem 0x80010000 0x00000001
core   0: 0x8000b004 (0x0000bfe5) c.j     pc - 8
core   0: 3 0x8000b004 (0xbfe5)
core   0: 0x8000affc (0x00005f17) auipc   t5, 0x5
core   0: 3 0x8000affc (0x00005f17) x30 0x8000fffc
core   0: 0x8000b000 (0x003f2223) sw      gp, 4(t5)
core   0: 3 0x8000b000 (0x003f2223) mem 0x80010000 0x00000001
core   0: 0x8000b004 (0x0000bfe5) c.j     pc - 8
core   0: 3 0x8000b004 (0xbfe5)
core   0: 0x8000affc (0x00005f17) auipc   t5, 0x5
core   0: 3 0x8000affc (0x00005f17) x30 0x8000fffc
core   0: 0x8000b000 (0x003f2223) sw      gp, 4(t5)
core   0: 3 0x8000b000 (0x003f2223) mem 0x80010000 0x00000001
core   0: 0x8000b004 (0x0000bfe5) c.j     pc - 8
core   0: 3 0x8000b004 (0xbfe5)
core   0: 0x8000affc (0x00005f17) auipc   t5, 0x5
core   0: 3 0x8000affc (0x00005f17) x30 0x8000fffc
core   0: 0x8000b000 (0x003f2223) sw      gp, 4(t5)
core   0: 3 0x8000b000 (0x003f2223) mem 0x80010000 0x00000001
core   0: 0x8000b004 (0x0000bfe5) c.j     pc - 8
core   0: 3 0x8000b004 (0xbfe5)
core   0: 0x8000affc (0x00005f17) auipc   t5, 0x5
core   0: 3 0x8000affc (0x00005f17) x30 0x8000fffc
core   0: 0x8000b000 (0x003f2223) sw      gp, 4(t5)
core   0: 3 0x8000b000 (0x003f2223) mem 0x80010000 0x00000001
core   0: 0x8000b004 (0x0000bfe5) c.j     pc - 8
core   0: 3 0x8000b004 (0xbfe5)
core   0: 0x8000affc (0x00005f17) auipc   t5, 0x5
core   0: 3 0x8000affc (0x00005f17) x30 0x8000fffc
core   0: 0x8000b000 (0x003f2223) sw      gp, 4(t5)
core   0: 3 0x8000b000 (0x003f2223) mem 0x80010000 0x00000001
core   0: 0x8000b004 (0x0000bfe5) c.j     pc - 8
core   0: 3 0x8000b004 (0xbfe5)
core   0: 0x8000affc (0x00005f17) auipc   t5, 0x5
core   0: 3 0x8000affc (0x00005f17) x30 0x8000fffc
core   0: 0x8000b000 (0x003f2223) sw      gp, 4(t5)
core   0: 3 0x8000b000 (0x003f2223) mem 0x80010000 0x00000001
core   0: 0x8000b004 (0x0000bfe5) c.j     pc - 8
core   0: 3 0x8000b004 (0xbfe5)
core   0: 0x8000affc (0x00005f17) auipc   t5, 0x5
core   0: 3 0x8000affc (0x00005f17) x30 0x8000fffc
core   0: 0x8000b000 (0x003f2223) sw      gp, 4(t5)
core   0: 3 0x8000b000 (0x003f2223) mem 0x80010000 0x00000001
core   0: 0x8000b004 (0x0000bfe5) c.j     pc - 8
core   0: 3 0x8000b004 (0xbfe5)
core   0: 0x8000affc (0x00005f17) auipc   t5, 0x5
core   0: 3 0x8000affc (0x00005f17) x30 0x8000fffc
core   0: 0x8000b000 (0x003f2223) sw      gp, 4(t5)
core   0: 3 0x8000b000 (0x003f2223) mem 0x80010000 0x00000001
core   0: 0x8000b004 (0x0000bfe5) c.j     pc - 8
core   0: 3 0x8000b004 (0xbfe5)
core   0: 0x8000affc (0x00005f17) auipc   t5, 0x5
core   0: 3 0x8000affc (0x00005f17) x30 0x8000fffc
core   0: 0x8000b000 (0x003f2223) sw      gp, 4(t5)
core   0: 3 0x8000b000 (0x003f2223) mem 0x80010000 0x00000001
core   0: 0x8000b004 (0x0000bfe5) c.j     pc - 8
core   0: 3 0x8000b004 (0xbfe5)
core   0: 0x8000affc (0x00005f17) auipc   t5, 0x5
core   0: 3 0x8000affc (0x00005f17) x30 0x8000fffc
core   0: 0x8000b000 (0x003f2223) sw      gp, 4(t5)
core   0: 3 0x8000b000 (0x003f2223) mem 0x80010000 0x00000001
core   0: 0x8000b004 (0x0000bfe5) c.j     pc - 8
core   0: 3 0x8000b004 (0xbfe5)
core   0: 0x8000affc (0x00005f17) auipc   t5, 0x5
core   0: 3 0x8000affc (0x00005f17) x30 0x8000fffc
core   0: 0x8000b000 (0x003f2223) sw      gp, 4(t5)
core   0: 3 0x8000b000 (0x003f2223) mem 0x80010000 0x00000001
core   0: 0x8000b004 (0x0000bfe5) c.j     pc - 8
core   0: 3 0x8000b004 (0xbfe5)
core   0: 0x8000affc (0x00005f17) auipc   t5, 0x5
core   0: 3 0x8000affc (0x00005f17) x30 0x8000fffc
core   0: 0x8000b000 (0x003f2223) sw      gp, 4(t5)
core   0: 3 0x8000b000 (0x003f2223) mem 0x80010000 0x00000001
core   0: 0x8000b004 (0x0000bfe5) c.j     pc - 8
core   0: 3 0x8000b004 (0xbfe5)
core   0: 0x8000affc (0x00005f17) auipc   t5, 0x5
core   0: 3 0x8000affc (0x00005f17) x30 0x8000fffc
core   0: 0x8000b000 (0x003f2223) sw      gp, 4(t5)
core   0: 3 0x8000b000 (0x003f2223) mem 0x80010000 0x00000001
core   0: 0x8000b004 (0x0000bfe5) c.j     pc - 8
core   0: 3 0x8000b004 (0xbfe5)
core   0: 0x8000affc (0x00005f17) auipc   t5, 0x5
core   0: 3 0x8000affc (0x00005f17) x30 0x8000fffc
core   0: 0x8000b000 (0x003f2223) sw      gp, 4(t5)
core   0: 3 0x8000b000 (0x003f2223) mem 0x80010000 0x00000001
core   0: 0x8000b004 (0x0000bfe5) c.j     pc - 8
core   0: 3 0x8000b004 (0xbfe5)
core   0: 0x8000affc (0x00005f17) auipc   t5, 0x5
core   0: 3 0x8000affc (0x00005f17) x30 0x8000fffc
core   0: 0x8000b000 (0x003f2223) sw      gp, 4(t5)
core   0: 3 0x8000b000 (0x003f2223) mem 0x80010000 0x00000001
core   0: 0x8000b004 (0x0000bfe5) c.j     pc - 8
core   0: 3 0x8000b004 (0xbfe5)
core   0: 0x8000affc (0x00005f17) auipc   t5, 0x5
core   0: 3 0x8000affc (0x00005f17) x30 0x8000fffc
core   0: 0x8000b000 (0x003f2223) sw      gp, 4(t5)
core   0: 3 0x8000b000 (0x003f2223) mem 0x80010000 0x00000001
core   0: 0x8000b004 (0x0000bfe5) c.j     pc - 8
core   0: 3 0x8000b004 (0xbfe5)
core   0: 0x8000affc (0x00005f17) auipc   t5, 0x5
core   0: 3 0x8000affc (0x00005f17) x30 0x8000fffc
core   0: 0x8000b000 (0x003f2223) sw      gp, 4(t5)
core   0: 3 0x8000b000 (0x003f2223) mem 0x80010000 0x00000001
core   0: 0x8000b004 (0x0000bfe5) c.j     pc - 8
core   0: 3 0x8000b004 (0xbfe5)
core   0: 0x8000affc (0x00005f17) auipc   t5, 0x5
core   0: 3 0x8000affc (0x00005f17) x30 0x8000fffc
core   0: 0x8000b000 (0x003f2223) sw      gp, 4(t5)
core   0: 3 0x8000b000 (0x003f2223) mem 0x80010000 0x00000001
core   0: 0x8000b004 (0x0000bfe5) c.j     pc - 8
core   0: 3 0x8000b004 (0xbfe5)
core   0: 0x8000affc (0x00005f17) auipc   t5, 0x5
core   0: 3 0x8000affc (0x00005f17) x30 0x8000fffc
core   0: 0x8000b000 (0x003f2223) sw      gp, 4(t5)
core   0: 3 0x8000b000 (0x003f2223) mem 0x80010000 0x00000001
core   0: 0x8000b004 (0x0000bfe5) c.j     pc - 8
core   0: 3 0x8000b004 (0xbfe5)
core   0: 0x8000affc (0x00005f17) auipc   t5, 0x5
core   0: 3 0x8000affc (0x00005f17) x30 0x8000fffc
core   0: 0x8000b000 (0x003f2223) sw      gp, 4(t5)
core   0: 3 0x8000b000 (0x003f2223) mem 0x80010000 0x00000001
core   0: 0x8000b004 (0x0000bfe5) c.j     pc - 8
core   0: 3 0x8000b004 (0xbfe5)
core   0: 0x8000affc (0x00005f17) auipc   t5, 0x5
core   0: 3 0x8000affc (0x00005f17) x30 0x8000fffc
core   0: 0x8000b000 (0x003f2223) sw      gp, 4(t5)
core   0: 3 0x8000b000 (0x003f2223) mem 0x80010000 0x00000001
core   0: 0x8000b004 (0x0000bfe5) c.j     pc - 8
core   0: 3 0x8000b004 (0xbfe5)
core   0: 0x8000affc (0x00005f17) auipc   t5, 0x5
core   0: 3 0x8000affc (0x00005f17) x30 0x8000fffc
core   0: 0x8000b000 (0x003f2223) sw      gp, 4(t5)
core   0: 3 0x8000b000 (0x003f2223) mem 0x80010000 0x00000001
core   0: 0x8000b004 (0x0000bfe5) c.j     pc - 8
core   0: 3 0x8000b004 (0xbfe5)
core   0: 0x8000affc (0x00005f17) auipc   t5, 0x5
core   0: 3 0x8000affc (0x00005f17) x30 0x8000fffc
core   0: 0x8000b000 (0x003f2223) sw      gp, 4(t5)
core   0: 3 0x8000b000 (0x003f2223) mem 0x80010000 0x00000001
core   0: 0x8000b004 (0x0000bfe5) c.j     pc - 8
core   0: 3 0x8000b004 (0xbfe5)
core   0: 0x8000affc (0x00005f17) auipc   t5, 0x5
core   0: 3 0x8000affc (0x00005f17) x30 0x8000fffc
core   0: 0x8000b000 (0x003f2223) sw      gp, 4(t5)
core   0: 3 0x8000b000 (0x003f2223) mem 0x80010000 0x00000001
core   0: 0x8000b004 (0x0000bfe5) c.j     pc - 8
core   0: 3 0x8000b004 (0xbfe5)
core   0: 0x8000affc (0x00005f17) auipc   t5, 0x5
core   0: 3 0x8000affc (0x00005f17) x30 0x8000fffc
core   0: 0x8000b000 (0x003f2223) sw      gp, 4(t5)
core   0: 3 0x8000b000 (0x003f2223) mem 0x80010000 0x00000001
core   0: 0x8000b004 (0x0000bfe5) c.j     pc - 8
core   0: 3 0x8000b004 (0xbfe5)
core   0: 0x8000affc (0x00005f17) auipc   t5, 0x5
core   0: 3 0x8000affc (0x00005f17) x30 0x8000fffc
core   0: 0x8000b000 (0x003f2223) sw      gp, 4(t5)
core   0: 3 0x8000b000 (0x003f2223) mem 0x80010000 0x00000001
core   0: 0x8000b004 (0x0000bfe5) c.j     pc - 8
core   0: 3 0x8000b004 (0xbfe5)
core   0: 0x8000affc (0x00005f17) auipc   t5, 0x5
core   0: 3 0x8000affc (0x00005f17) x30 0x8000fffc
core   0: 0x8000b000 (0x003f2223) sw      gp, 4(t5)
core   0: 3 0x8000b000 (0x003f2223) mem 0x80010000 0x00000001
core   0: 0x8000b004 (0x0000bfe5) c.j     pc - 8
core   0: 3 0x8000b004 (0xbfe5)
core   0: 0x8000affc (0x00005f17) auipc   t5, 0x5
core   0: 3 0x8000affc (0x00005f17) x30 0x8000fffc
core   0: 0x8000b000 (0x003f2223) sw      gp, 4(t5)
core   0: 3 0x8000b000 (0x003f2223) mem 0x80010000 0x00000001
core   0: 0x8000b004 (0x0000bfe5) c.j     pc - 8
core   0: 3 0x8000b004 (0xbfe5)
core   0: 0x8000affc (0x00005f17) auipc   t5, 0x5
core   0: 3 0x8000affc (0x00005f17) x30 0x8000fffc
core   0: 0x8000b000 (0x003f2223) sw      gp, 4(t5)
core   0: 3 0x8000b000 (0x003f2223) mem 0x80010000 0x00000001
core   0: 0x8000b004 (0x0000bfe5) c.j     pc - 8
core   0: 3 0x8000b004 (0xbfe5)
core   0: 0x8000affc (0x00005f17) auipc   t5, 0x5
core   0: 3 0x8000affc (0x00005f17) x30 0x8000fffc
core   0: 0x8000b000 (0x003f2223) sw      gp, 4(t5)
core   0: 3 0x8000b000 (0x003f2223) mem 0x80010000 0x00000001
core   0: 0x8000b004 (0x0000bfe5) c.j     pc - 8
core   0: 3 0x8000b004 (0xbfe5)
core   0: 0x8000affc (0x00005f17) auipc   t5, 0x5
core   0: 3 0x8000affc (0x00005f17) x30 0x8000fffc
core   0: 0x8000b000 (0x003f2223) sw      gp, 4(t5)
core   0: 3 0x8000b000 (0x003f2223) mem 0x80010000 0x00000001
core   0: 0x8000b004 (0x0000bfe5) c.j     pc - 8
core   0: 3 0x8000b004 (0xbfe5)
core   0: 0x8000affc (0x00005f17) auipc   t5, 0x5
core   0: 3 0x8000affc (0x00005f17) x30 0x8000fffc
core   0: 0x8000b000 (0x003f2223) sw      gp, 4(t5)
core   0: 3 0x8000b000 (0x003f2223) mem 0x80010000 0x00000001
core   0: 0x8000b004 (0x0000bfe5) c.j     pc - 8
core   0: 3 0x8000b004 (0xbfe5)
core   0: 0x8000affc (0x00005f17) auipc   t5, 0x5
core   0: 3 0x8000affc (0x00005f17) x30 0x8000fffc
core   0: 0x8000b000 (0x003f2223) sw      gp, 4(t5)
core   0: 3 0x8000b000 (0x003f2223) mem 0x80010000 0x00000001
core   0: 0x8000b004 (0x0000bfe5) c.j     pc - 8
core   0: 3 0x8000b004 (0xbfe5)
core   0: 0x8000affc (0x00005f17) auipc   t5, 0x5
core   0: 3 0x8000affc (0x00005f17) x30 0x8000fffc
core   0: 0x8000b000 (0x003f2223) sw      gp, 4(t5)
core   0: 3 0x8000b000 (0x003f2223) mem 0x80010000 0x00000001
core   0: 0x8000b004 (0x0000bfe5) c.j     pc - 8
core   0: 3 0x8000b004 (0xbfe5)
core   0: 0x8000affc (0x00005f17) auipc   t5, 0x5
core   0: 3 0x8000affc (0x00005f17) x30 0x8000fffc
core   0: 0x8000b000 (0x003f2223) sw      gp, 4(t5)
core   0: 3 0x8000b000 (0x003f2223) mem 0x80010000 0x00000001
core   0: 0x8000b004 (0x0000bfe5) c.j     pc - 8
core   0: 3 0x8000b004 (0xbfe5)
core   0: 0x8000affc (0x00005f17) auipc   t5, 0x5
core   0: 3 0x8000affc (0x00005f17) x30 0x8000fffc
core   0: 0x8000b000 (0x003f2223) sw      gp, 4(t5)
core   0: 3 0x8000b000 (0x003f2223) mem 0x80010000 0x00000001
core   0: 0x8000b004 (0x0000bfe5) c.j     pc - 8
core   0: 3 0x8000b004 (0xbfe5)
core   0: 0x8000affc (0x00005f17) auipc   t5, 0x5
core   0: 3 0x8000affc (0x00005f17) x30 0x8000fffc
core   0: 0x8000b000 (0x003f2223) sw      gp, 4(t5)
core   0: 3 0x8000b000 (0x003f2223) mem 0x80010000 0x00000001
core   0: 0x8000b004 (0x0000bfe5) c.j     pc - 8
core   0: 3 0x8000b004 (0xbfe5)
core   0: 0x8000affc (0x00005f17) auipc   t5, 0x5
core   0: 3 0x8000affc (0x00005f17) x30 0x8000fffc
core   0: 0x8000b000 (0x003f2223) sw      gp, 4(t5)
core   0: 3 0x8000b000 (0x003f2223) mem 0x80010000 0x00000001
core   0: 0x8000b004 (0x0000bfe5) c.j     pc - 8
core   0: 3 0x8000b004 (0xbfe5)
core   0: 0x8000affc (0x00005f17) auipc   t5, 0x5
core   0: 3 0x8000affc (0x00005f17) x30 0x8000fffc
core   0: 0x8000b000 (0x003f2223) sw      gp, 4(t5)
core   0: 3 0x8000b000 (0x003f2223) mem 0x80010000 0x00000001
core   0: 0x8000b004 (0x0000bfe5) c.j     pc - 8
core   0: 3 0x8000b004 (0xbfe5)
core   0: 0x8000affc (0x00005f17) auipc   t5, 0x5
core   0: 3 0x8000affc (0x00005f17) x30 0x8000fffc
core   0: 0x8000b000 (0x003f2223) sw      gp, 4(t5)
core   0: 3 0x8000b000 (0x003f2223) mem 0x80010000 0x00000001
core   0: 0x8000b004 (0x0000bfe5) c.j     pc - 8
core   0: 3 0x8000b004 (0xbfe5)
core   0: 0x8000affc (0x00005f17) auipc   t5, 0x5
core   0: 3 0x8000affc (0x00005f17) x30 0x8000fffc
core   0: 0x8000b000 (0x003f2223) sw      gp, 4(t5)
core   0: 3 0x8000b000 (0x003f2223) mem 0x80010000 0x00000001
core   0: 0x8000b004 (0x0000bfe5) c.j     pc - 8
core   0: 3 0x8000b004 (0xbfe5)
core   0: 0x8000affc (0x00005f17) auipc   t5, 0x5
core   0: 3 0x8000affc (0x00005f17) x30 0x8000fffc
core   0: 0x8000b000 (0x003f2223) sw      gp, 4(t5)
core   0: 3 0x8000b000 (0x003f2223) mem 0x80010000 0x00000001
core   0: 0x8000b004 (0x0000bfe5) c.j     pc - 8
core   0: 3 0x8000b004 (0xbfe5)
core   0: 0x8000affc (0x00005f17) auipc   t5, 0x5
core   0: 3 0x8000affc (0x00005f17) x30 0x8000fffc
core   0: 0x8000b000 (0x003f2223) sw      gp, 4(t5)
core   0: 3 0x8000b000 (0x003f2223) mem 0x80010000 0x00000001
core   0: 0x8000b004 (0x0000bfe5) c.j     pc - 8
core   0: 3 0x8000b004 (0xbfe5)
core   0: 0x8000affc (0x00005f17) auipc   t5, 0x5
core   0: 3 0x8000affc (0x00005f17) x30 0x8000fffc
core   0: 0x8000b000 (0x003f2223) sw      gp, 4(t5)
core   0: 3 0x8000b000 (0x003f2223) mem 0x80010000 0x00000001
core   0: 0x8000b004 (0x0000bfe5) c.j     pc - 8
core   0: 3 0x8000b004 (0xbfe5)
core   0: 0x8000affc (0x00005f17) auipc   t5, 0x5
core   0: 3 0x8000affc (0x00005f17) x30 0x8000fffc
core   0: 0x8000b000 (0x003f2223) sw      gp, 4(t5)
core   0: 3 0x8000b000 (0x003f2223) mem 0x80010000 0x00000001
core   0: 0x8000b004 (0x0000bfe5) c.j     pc - 8
core   0: 3 0x8000b004 (0xbfe5)
core   0: 0x8000affc (0x00005f17) auipc   t5, 0x5
core   0: 3 0x8000affc (0x00005f17) x30 0x8000fffc
core   0: 0x8000b000 (0x003f2223) sw      gp, 4(t5)
core   0: 3 0x8000b000 (0x003f2223) mem 0x80010000 0x00000001
core   0: 0x8000b004 (0x0000bfe5) c.j     pc - 8
core   0: 3 0x8000b004 (0xbfe5)
core   0: 0x8000affc (0x00005f17) auipc   t5, 0x5
core   0: 3 0x8000affc (0x00005f17) x30 0x8000fffc
core   0: 0x8000b000 (0x003f2223) sw      gp, 4(t5)
core   0: 3 0x8000b000 (0x003f2223) mem 0x80010000 0x00000001
core   0: 0x8000b004 (0x0000bfe5) c.j     pc - 8
core   0: 3 0x8000b004 (0xbfe5)
core   0: 0x8000affc (0x00005f17) auipc   t5, 0x5
core   0: 3 0x8000affc (0x00005f17) x30 0x8000fffc
core   0: 0x8000b000 (0x003f2223) sw      gp, 4(t5)
core   0: 3 0x8000b000 (0x003f2223) mem 0x80010000 0x00000001
core   0: 0x8000b004 (0x0000bfe5) c.j     pc - 8
core   0: 3 0x8000b004 (0xbfe5)
core   0: 0x8000affc (0x00005f17) auipc   t5, 0x5
core   0: 3 0x8000affc (0x00005f17) x30 0x8000fffc
core   0: 0x8000b000 (0x003f2223) sw      gp, 4(t5)
core   0: 3 0x8000b000 (0x003f2223) mem 0x80010000 0x00000001
core   0: 0x8000b004 (0x0000bfe5) c.j     pc - 8
core   0: 3 0x8000b004 (0xbfe5)
core   0: 0x8000affc (0x00005f17) auipc   t5, 0x5
core   0: 3 0x8000affc (0x00005f17) x30 0x8000fffc
core   0: 0x8000b000 (0x003f2223) sw      gp, 4(t5)
core   0: 3 0x8000b000 (0x003f2223) mem 0x80010000 0x00000001
core   0: 0x8000b004 (0x0000bfe5) c.j     pc - 8
core   0: 3 0x8000b004 (0xbfe5)
core   0: 0x8000affc (0x00005f17) auipc   t5, 0x5
core   0: 3 0x8000affc (0x00005f17) x30 0x8000fffc
core   0: 0x8000b000 (0x003f2223) sw      gp, 4(t5)
core   0: 3 0x8000b000 (0x003f2223) mem 0x80010000 0x00000001
core   0: 0x8000b004 (0x0000bfe5) c.j     pc - 8
core   0: 3 0x8000b004 (0xbfe5)
core   0: 0x8000affc (0x00005f17) auipc   t5, 0x5
core   0: 3 0x8000affc (0x00005f17) x30 0x8000fffc
core   0: 0x8000b000 (0x003f2223) sw      gp, 4(t5)
core   0: 3 0x8000b000 (0x003f2223) mem 0x80010000 0x00000001
core   0: 0x8000b004 (0x0000bfe5) c.j     pc - 8
core   0: 3 0x8000b004 (0xbfe5)
core   0: 0x8000affc (0x00005f17) auipc   t5, 0x5
core   0: 3 0x8000affc (0x00005f17) x30 0x8000fffc
core   0: 0x8000b000 (0x003f2223) sw      gp, 4(t5)
core   0: 3 0x8000b000 (0x003f2223) mem 0x80010000 0x00000001
core   0: 0x8000b004 (0x0000bfe5) c.j     pc - 8
core   0: 3 0x8000b004 (0xbfe5)
core   0: 0x8000affc (0x00005f17) auipc   t5, 0x5
core   0: 3 0x8000affc (0x00005f17) x30 0x8000fffc
core   0: 0x8000b000 (0x003f2223) sw      gp, 4(t5)
core   0: 3 0x8000b000 (0x003f2223) mem 0x80010000 0x00000001
core   0: 0x8000b004 (0x0000bfe5) c.j     pc - 8
core   0: 3 0x8000b004 (0xbfe5)
core   0: 0x8000affc (0x00005f17) auipc   t5, 0x5
core   0: 3 0x8000affc (0x00005f17) x30 0x8000fffc
core   0: 0x8000b000 (0x003f2223) sw      gp, 4(t5)
core   0: 3 0x8000b000 (0x003f2223) mem 0x80010000 0x00000001
core   0: 0x8000b004 (0x0000bfe5) c.j     pc - 8
core   0: 3 0x8000b004 (0xbfe5)
core   0: 0x8000affc (0x00005f17) auipc   t5, 0x5
core   0: 3 0x8000affc (0x00005f17) x30 0x8000fffc
core   0: 0x8000b000 (0x003f2223) sw      gp, 4(t5)
core   0: 3 0x8000b000 (0x003f2223) mem 0x80010000 0x00000001
core   0: 0x8000b004 (0x0000bfe5) c.j     pc - 8
core   0: 3 0x8000b004 (0xbfe5)
core   0: 0x8000affc (0x00005f17) auipc   t5, 0x5
core   0: 3 0x8000affc (0x00005f17) x30 0x8000fffc
core   0: 0x8000b000 (0x003f2223) sw      gp, 4(t5)
core   0: 3 0x8000b000 (0x003f2223) mem 0x80010000 0x00000001
core   0: 0x8000b004 (0x0000bfe5) c.j     pc - 8
core   0: 3 0x8000b004 (0xbfe5)
core   0: 0x8000affc (0x00005f17) auipc   t5, 0x5
core   0: 3 0x8000affc (0x00005f17) x30 0x8000fffc
core   0: 0x8000b000 (0x003f2223) sw      gp, 4(t5)
core   0: 3 0x8000b000 (0x003f2223) mem 0x80010000 0x00000001
core   0: 0x8000b004 (0x0000bfe5) c.j     pc - 8
core   0: 3 0x8000b004 (0xbfe5)
core   0: 0x8000affc (0x00005f17) auipc   t5, 0x5
core   0: 3 0x8000affc (0x00005f17) x30 0x8000fffc
core   0: 0x8000b000 (0x003f2223) sw      gp, 4(t5)
core   0: 3 0x8000b000 (0x003f2223) mem 0x80010000 0x00000001
core   0: 0x8000b004 (0x0000bfe5) c.j     pc - 8
core   0: 3 0x8000b004 (0xbfe5)
core   0: 0x8000affc (0x00005f17) auipc   t5, 0x5
core   0: 3 0x8000affc (0x00005f17) x30 0x8000fffc
core   0: 0x8000b000 (0x003f2223) sw      gp, 4(t5)
core   0: 3 0x8000b000 (0x003f2223) mem 0x80010000 0x00000001
core   0: 0x8000b004 (0x0000bfe5) c.j     pc - 8
core   0: 3 0x8000b004 (0xbfe5)
core   0: 0x8000affc (0x00005f17) auipc   t5, 0x5
core   0: 3 0x8000affc (0x00005f17) x30 0x8000fffc
core   0: 0x8000b000 (0x003f2223) sw      gp, 4(t5)
core   0: 3 0x8000b000 (0x003f2223) mem 0x80010000 0x00000001
core   0: 0x8000b004 (0x0000bfe5) c.j     pc - 8
core   0: 3 0x8000b004 (0xbfe5)
core   0: 0x8000affc (0x00005f17) auipc   t5, 0x5
core   0: 3 0x8000affc (0x00005f17) x30 0x8000fffc
core   0: 0x8000b000 (0x003f2223) sw      gp, 4(t5)
core   0: 3 0x8000b000 (0x003f2223) mem 0x80010000 0x00000001
core   0: 0x8000b004 (0x0000bfe5) c.j     pc - 8
core   0: 3 0x8000b004 (0xbfe5)
core   0: 0x8000affc (0x00005f17) auipc   t5, 0x5
core   0: 3 0x8000affc (0x00005f17) x30 0x8000fffc
core   0: 0x8000b000 (0x003f2223) sw      gp, 4(t5)
core   0: 3 0x8000b000 (0x003f2223) mem 0x80010000 0x00000001
core   0: 0x8000b004 (0x0000bfe5) c.j     pc - 8
core   0: 3 0x8000b004 (0xbfe5)
core   0: 0x8000affc (0x00005f17) auipc   t5, 0x5
core   0: 3 0x8000affc (0x00005f17) x30 0x8000fffc
core   0: 0x8000b000 (0x003f2223) sw      gp, 4(t5)
core   0: 3 0x8000b000 (0x003f2223) mem 0x80010000 0x00000001
core   0: 0x8000b004 (0x0000bfe5) c.j     pc - 8
core   0: 3 0x8000b004 (0xbfe5)
core   0: 0x8000affc (0x00005f17) auipc   t5, 0x5
core   0: 3 0x8000affc (0x00005f17) x30 0x8000fffc
core   0: 0x8000b000 (0x003f2223) sw      gp, 4(t5)
core   0: 3 0x8000b000 (0x003f2223) mem 0x80010000 0x00000001
core   0: 0x8000b004 (0x0000bfe5) c.j     pc - 8
core   0: 3 0x8000b004 (0xbfe5)
core   0: 0x8000affc (0x00005f17) auipc   t5, 0x5
core   0: 3 0x8000affc (0x00005f17) x30 0x8000fffc
core   0: 0x8000b000 (0x003f2223) sw      gp, 4(t5)
core   0: 3 0x8000b000 (0x003f2223) mem 0x80010000 0x00000001
core   0: 0x8000b004 (0x0000bfe5) c.j     pc - 8
core   0: 3 0x8000b004 (0xbfe5)
core   0: 0x8000affc (0x00005f17) auipc   t5, 0x5
core   0: 3 0x8000affc (0x00005f17) x30 0x8000fffc
core   0: 0x8000b000 (0x003f2223) sw      gp, 4(t5)
core   0: 3 0x8000b000 (0x003f2223) mem 0x80010000 0x00000001
core   0: 0x8000b004 (0x0000bfe5) c.j     pc - 8
core   0: 3 0x8000b004 (0xbfe5)
core   0: 0x8000affc (0x00005f17) auipc   t5, 0x5
core   0: 3 0x8000affc (0x00005f17) x30 0x8000fffc
core   0: 0x8000b000 (0x003f2223) sw      gp, 4(t5)
core   0: 3 0x8000b000 (0x003f2223) mem 0x80010000 0x00000001
core   0: 0x8000b004 (0x0000bfe5) c.j     pc - 8
core   0: 3 0x8000b004 (0xbfe5)
core   0: 0x8000affc (0x00005f17) auipc   t5, 0x5
core   0: 3 0x8000affc (0x00005f17) x30 0x8000fffc
core   0: 0x8000b000 (0x003f2223) sw      gp, 4(t5)
core   0: 3 0x8000b000 (0x003f2223) mem 0x80010000 0x00000001
core   0: 0x8000b004 (0x0000bfe5) c.j     pc - 8
core   0: 3 0x8000b004 (0xbfe5)
core   0: 0x8000affc (0x00005f17) auipc   t5, 0x5
core   0: 3 0x8000affc (0x00005f17) x30 0x8000fffc
core   0: 0x8000b000 (0x003f2223) sw      gp, 4(t5)
core   0: 3 0x8000b000 (0x003f2223) mem 0x80010000 0x00000001
core   0: 0x8000b004 (0x0000bfe5) c.j     pc - 8
core   0: 3 0x8000b004 (0xbfe5)
core   0: 0x8000affc (0x00005f17) auipc   t5, 0x5
core   0: 3 0x8000affc (0x00005f17) x30 0x8000fffc
core   0: 0x8000b000 (0x003f2223) sw      gp, 4(t5)
core   0: 3 0x8000b000 (0x003f2223) mem 0x80010000 0x00000001
core   0: 0x8000b004 (0x0000bfe5) c.j     pc - 8
core   0: 3 0x8000b004 (0xbfe5)
core   0: 0x8000affc (0x00005f17) auipc   t5, 0x5
core   0: 3 0x8000affc (0x00005f17) x30 0x8000fffc
core   0: 0x8000b000 (0x003f2223) sw      gp, 4(t5)
core   0: 3 0x8000b000 (0x003f2223) mem 0x80010000 0x00000001
core   0: 0x8000b004 (0x0000bfe5) c.j     pc - 8
core   0: 3 0x8000b004 (0xbfe5)
core   0: 0x8000affc (0x00005f17) auipc   t5, 0x5
core   0: 3 0x8000affc (0x00005f17) x30 0x8000fffc
core   0: 0x8000b000 (0x003f2223) sw      gp, 4(t5)
core   0: 3 0x8000b000 (0x003f2223) mem 0x80010000 0x00000001
core   0: 0x8000b004 (0x0000bfe5) c.j     pc - 8
core   0: 3 0x8000b004 (0xbfe5)
core   0: 0x8000affc (0x00005f17) auipc   t5, 0x5
core   0: 3 0x8000affc (0x00005f17) x30 0x8000fffc
core   0: 0x8000b000 (0x003f2223) sw      gp, 4(t5)
core   0: 3 0x8000b000 (0x003f2223) mem 0x80010000 0x00000001
core   0: 0x8000b004 (0x0000bfe5) c.j     pc - 8
core   0: 3 0x8000b004 (0xbfe5)
core   0: 0x8000affc (0x00005f17) auipc   t5, 0x5
core   0: 3 0x8000affc (0x00005f17) x30 0x8000fffc
core   0: 0x8000b000 (0x003f2223) sw      gp, 4(t5)
core   0: 3 0x8000b000 (0x003f2223) mem 0x80010000 0x00000001
core   0: 0x8000b004 (0x0000bfe5) c.j     pc - 8
core   0: 3 0x8000b004 (0xbfe5)
core   0: 0x8000affc (0x00005f17) auipc   t5, 0x5
core   0: 3 0x8000affc (0x00005f17) x30 0x8000fffc
core   0: 0x8000b000 (0x003f2223) sw      gp, 4(t5)
core   0: 3 0x8000b000 (0x003f2223) mem 0x80010000 0x00000001
core   0: 0x8000b004 (0x0000bfe5) c.j     pc - 8
core   0: 3 0x8000b004 (0xbfe5)
core   0: 0x8000affc (0x00005f17) auipc   t5, 0x5
core   0: 3 0x8000affc (0x00005f17) x30 0x8000fffc
core   0: 0x8000b000 (0x003f2223) sw      gp, 4(t5)
core   0: 3 0x8000b000 (0x003f2223) mem 0x80010000 0x00000001
core   0: 0x8000b004 (0x0000bfe5) c.j     pc - 8
core   0: 3 0x8000b004 (0xbfe5)
core   0: 0x8000affc (0x00005f17) auipc   t5, 0x5
core   0: 3 0x8000affc (0x00005f17) x30 0x8000fffc
core   0: 0x8000b000 (0x003f2223) sw      gp, 4(t5)
core   0: 3 0x8000b000 (0x003f2223) mem 0x80010000 0x00000001
core   0: 0x8000b004 (0x0000bfe5) c.j     pc - 8
core   0: 3 0x8000b004 (0xbfe5)
core   0: 0x8000affc (0x00005f17) auipc   t5, 0x5
core   0: 3 0x8000affc (0x00005f17) x30 0x8000fffc
core   0: 0x8000b000 (0x003f2223) sw      gp, 4(t5)
core   0: 3 0x8000b000 (0x003f2223) mem 0x80010000 0x00000001
core   0: 0x8000b004 (0x0000bfe5) c.j     pc - 8
core   0: 3 0x8000b004 (0xbfe5)
core   0: 0x8000affc (0x00005f17) auipc   t5, 0x5
core   0: 3 0x8000affc (0x00005f17) x30 0x8000fffc
core   0: 0x8000b000 (0x003f2223) sw      gp, 4(t5)
core   0: 3 0x8000b000 (0x003f2223) mem 0x80010000 0x00000001
core   0: 0x8000b004 (0x0000bfe5) c.j     pc - 8
core   0: 3 0x8000b004 (0xbfe5)
core   0: 0x8000affc (0x00005f17) auipc   t5, 0x5
core   0: 3 0x8000affc (0x00005f17) x30 0x8000fffc
core   0: 0x8000b000 (0x003f2223) sw      gp, 4(t5)
core   0: 3 0x8000b000 (0x003f2223) mem 0x80010000 0x00000001
core   0: 0x8000b004 (0x0000bfe5) c.j     pc - 8
core   0: 3 0x8000b004 (0xbfe5)
core   0: 0x8000affc (0x00005f17) auipc   t5, 0x5
core   0: 3 0x8000affc (0x00005f17) x30 0x8000fffc
core   0: 0x8000b000 (0x003f2223) sw      gp, 4(t5)
core   0: 3 0x8000b000 (0x003f2223) mem 0x80010000 0x00000001
core   0: 0x8000b004 (0x0000bfe5) c.j     pc - 8
core   0: 3 0x8000b004 (0xbfe5)
core   0: 0x8000affc (0x00005f17) auipc   t5, 0x5
core   0: 3 0x8000affc (0x00005f17) x30 0x8000fffc
core   0: 0x8000b000 (0x003f2223) sw      gp, 4(t5)
core   0: 3 0x8000b000 (0x003f2223) mem 0x80010000 0x00000001
core   0: 0x8000b004 (0x0000bfe5) c.j     pc - 8
core   0: 3 0x8000b004 (0xbfe5)
core   0: 0x8000affc (0x00005f17) auipc   t5, 0x5
core   0: 3 0x8000affc (0x00005f17) x30 0x8000fffc
core   0: 0x8000b000 (0x003f2223) sw      gp, 4(t5)
core   0: 3 0x8000b000 (0x003f2223) mem 0x80010000 0x00000001
core   0: 0x8000b004 (0x0000bfe5) c.j     pc - 8
core   0: 3 0x8000b004 (0xbfe5)
core   0: 0x8000affc (0x00005f17) auipc   t5, 0x5
core   0: 3 0x8000affc (0x00005f17) x30 0x8000fffc
core   0: 0x8000b000 (0x003f2223) sw      gp, 4(t5)
core   0: 3 0x8000b000 (0x003f2223) mem 0x80010000 0x00000001
core   0: 0x8000b004 (0x0000bfe5) c.j     pc - 8
core   0: 3 0x8000b004 (0xbfe5)
core   0: 0x8000affc (0x00005f17) auipc   t5, 0x5
core   0: 3 0x8000affc (0x00005f17) x30 0x8000fffc
core   0: 0x8000b000 (0x003f2223) sw      gp, 4(t5)
core   0: 3 0x8000b000 (0x003f2223) mem 0x80010000 0x00000001
core   0: 0x8000b004 (0x0000bfe5) c.j     pc - 8
core   0: 3 0x8000b004 (0xbfe5)
core   0: 0x8000affc (0x00005f17) auipc   t5, 0x5
core   0: 3 0x8000affc (0x00005f17) x30 0x8000fffc
core   0: 0x8000b000 (0x003f2223) sw      gp, 4(t5)
core   0: 3 0x8000b000 (0x003f2223) mem 0x80010000 0x00000001
core   0: 0x8000b004 (0x0000bfe5) c.j     pc - 8
core   0: 3 0x8000b004 (0xbfe5)
core   0: 0x8000affc (0x00005f17) auipc   t5, 0x5
core   0: 3 0x8000affc (0x00005f17) x30 0x8000fffc
core   0: 0x8000b000 (0x003f2223) sw      gp, 4(t5)
core   0: 3 0x8000b000 (0x003f2223) mem 0x80010000 0x00000001
core   0: 0x8000b004 (0x0000bfe5) c.j     pc - 8
core   0: 3 0x8000b004 (0xbfe5)
core   0: 0x8000affc (0x00005f17) auipc   t5, 0x5
core   0: 3 0x8000affc (0x00005f17) x30 0x8000fffc
core   0: 0x8000b000 (0x003f2223) sw      gp, 4(t5)
core   0: 3 0x8000b000 (0x003f2223) mem 0x80010000 0x00000001
core   0: 0x8000b004 (0x0000bfe5) c.j     pc - 8
core   0: 3 0x8000b004 (0xbfe5)
core   0: 0x8000affc (0x00005f17) auipc   t5, 0x5
core   0: 3 0x8000affc (0x00005f17) x30 0x8000fffc
core   0: 0x8000b000 (0x003f2223) sw      gp, 4(t5)
core   0: 3 0x8000b000 (0x003f2223) mem 0x80010000 0x00000001
core   0: 0x8000b004 (0x0000bfe5) c.j     pc - 8
core   0: 3 0x8000b004 (0xbfe5)
core   0: 0x8000affc (0x00005f17) auipc   t5, 0x5
core   0: 3 0x8000affc (0x00005f17) x30 0x8000fffc
core   0: 0x8000b000 (0x003f2223) sw      gp, 4(t5)
core   0: 3 0x8000b000 (0x003f2223) mem 0x80010000 0x00000001
core   0: 0x8000b004 (0x0000bfe5) c.j     pc - 8
core   0: 3 0x8000b004 (0xbfe5)
core   0: 0x8000affc (0x00005f17) auipc   t5, 0x5
core   0: 3 0x8000affc (0x00005f17) x30 0x8000fffc
core   0: 0x8000b000 (0x003f2223) sw      gp, 4(t5)
core   0: 3 0x8000b000 (0x003f2223) mem 0x80010000 0x00000001
core   0: 0x8000b004 (0x0000bfe5) c.j     pc - 8
core   0: 3 0x8000b004 (0xbfe5)
core   0: 0x8000affc (0x00005f17) auipc   t5, 0x5
core   0: 3 0x8000affc (0x00005f17) x30 0x8000fffc
core   0: 0x8000b000 (0x003f2223) sw      gp, 4(t5)
core   0: 3 0x8000b000 (0x003f2223) mem 0x80010000 0x00000001
core   0: 0x8000b004 (0x0000bfe5) c.j     pc - 8
core   0: 3 0x8000b004 (0xbfe5)
core   0: 0x8000affc (0x00005f17) auipc   t5, 0x5
core   0: 3 0x8000affc (0x00005f17) x30 0x8000fffc
core   0: 0x8000b000 (0x003f2223) sw      gp, 4(t5)
core   0: 3 0x8000b000 (0x003f2223) mem 0x80010000 0x00000001
core   0: 0x8000b004 (0x0000bfe5) c.j     pc - 8
core   0: 3 0x8000b004 (0xbfe5)
core   0: 0x8000affc (0x00005f17) auipc   t5, 0x5
core   0: 3 0x8000affc (0x00005f17) x30 0x8000fffc
core   0: 0x8000b000 (0x003f2223) sw      gp, 4(t5)
core   0: 3 0x8000b000 (0x003f2223) mem 0x80010000 0x00000001
core   0: 0x8000b004 (0x0000bfe5) c.j     pc - 8
core   0: 3 0x8000b004 (0xbfe5)
core   0: 0x8000affc (0x00005f17) auipc   t5, 0x5
core   0: 3 0x8000affc (0x00005f17) x30 0x8000fffc
core   0: 0x8000b000 (0x003f2223) sw      gp, 4(t5)
core   0: 3 0x8000b000 (0x003f2223) mem 0x80010000 0x00000001
core   0: 0x8000b004 (0x0000bfe5) c.j     pc - 8
core   0: 3 0x8000b004 (0xbfe5)
core   0: 0x8000affc (0x00005f17) auipc   t5, 0x5
core   0: 3 0x8000affc (0x00005f17) x30 0x8000fffc
core   0: 0x8000b000 (0x003f2223) sw      gp, 4(t5)
core   0: 3 0x8000b000 (0x003f2223) mem 0x80010000 0x00000001
core   0: 0x8000b004 (0x0000bfe5) c.j     pc - 8
core   0: 3 0x8000b004 (0xbfe5)
core   0: 0x8000affc (0x00005f17) auipc   t5, 0x5
core   0: 3 0x8000affc (0x00005f17) x30 0x8000fffc
core   0: 0x8000b000 (0x003f2223) sw      gp, 4(t5)
core   0: 3 0x8000b000 (0x003f2223) mem 0x80010000 0x00000001
core   0: 0x8000b004 (0x0000bfe5) c.j     pc - 8
core   0: 3 0x8000b004 (0xbfe5)
core   0: 0x8000affc (0x00005f17) auipc   t5, 0x5
core   0: 3 0x8000affc (0x00005f17) x30 0x8000fffc
core   0: 0x8000b000 (0x003f2223) sw      gp, 4(t5)
core   0: 3 0x8000b000 (0x003f2223) mem 0x80010000 0x00000001
core   0: 0x8000b004 (0x0000bfe5) c.j     pc - 8
core   0: 3 0x8000b004 (0xbfe5)
core   0: 0x8000affc (0x00005f17) auipc   t5, 0x5
core   0: 3 0x8000affc (0x00005f17) x30 0x8000fffc
core   0: 0x8000b000 (0x003f2223) sw      gp, 4(t5)
core   0: 3 0x8000b000 (0x003f2223) mem 0x80010000 0x00000001
core   0: 0x8000b004 (0x0000bfe5) c.j     pc - 8
core   0: 3 0x8000b004 (0xbfe5)
core   0: 0x8000affc (0x00005f17) auipc   t5, 0x5
core   0: 3 0x8000affc (0x00005f17) x30 0x8000fffc
core   0: 0x8000b000 (0x003f2223) sw      gp, 4(t5)
core   0: 3 0x8000b000 (0x003f2223) mem 0x80010000 0x00000001
core   0: 0x8000b004 (0x0000bfe5) c.j     pc - 8
core   0: 3 0x8000b004 (0xbfe5)
core   0: 0x8000affc (0x00005f17) auipc   t5, 0x5
core   0: 3 0x8000affc (0x00005f17) x30 0x8000fffc
core   0: 0x8000b000 (0x003f2223) sw      gp, 4(t5)
core   0: 3 0x8000b000 (0x003f2223) mem 0x80010000 0x00000001
core   0: 0x8000b004 (0x0000bfe5) c.j     pc - 8
core   0: 3 0x8000b004 (0xbfe5)
core   0: 0x8000affc (0x00005f17) auipc   t5, 0x5
core   0: 3 0x8000affc (0x00005f17) x30 0x8000fffc
core   0: 0x8000b000 (0x003f2223) sw      gp, 4(t5)
core   0: 3 0x8000b000 (0x003f2223) mem 0x80010000 0x00000001
core   0: 0x8000b004 (0x0000bfe5) c.j     pc - 8
core   0: 3 0x8000b004 (0xbfe5)
core   0: 0x8000affc (0x00005f17) auipc   t5, 0x5
core   0: 3 0x8000affc (0x00005f17) x30 0x8000fffc
core   0: 0x8000b000 (0x003f2223) sw      gp, 4(t5)
core   0: 3 0x8000b000 (0x003f2223) mem 0x80010000 0x00000001
core   0: 0x8000b004 (0x0000bfe5) c.j     pc - 8
core   0: 3 0x8000b004 (0xbfe5)
core   0: 0x8000affc (0x00005f17) auipc   t5, 0x5
core   0: 3 0x8000affc (0x00005f17) x30 0x8000fffc
core   0: 0x8000b000 (0x003f2223) sw      gp, 4(t5)
core   0: 3 0x8000b000 (0x003f2223) mem 0x80010000 0x00000001
core   0: 0x8000b004 (0x0000bfe5) c.j     pc - 8
core   0: 3 0x8000b004 (0xbfe5)
core   0: 0x8000affc (0x00005f17) auipc   t5, 0x5
core   0: 3 0x8000affc (0x00005f17) x30 0x8000fffc
core   0: 0x8000b000 (0x003f2223) sw      gp, 4(t5)
core   0: 3 0x8000b000 (0x003f2223) mem 0x80010000 0x00000001
core   0: 0x8000b004 (0x0000bfe5) c.j     pc - 8
core   0: 3 0x8000b004 (0xbfe5)
core   0: 0x8000affc (0x00005f17) auipc   t5, 0x5
core   0: 3 0x8000affc (0x00005f17) x30 0x8000fffc
core   0: 0x8000b000 (0x003f2223) sw      gp, 4(t5)
core   0: 3 0x8000b000 (0x003f2223) mem 0x80010000 0x00000001
core   0: 0x8000b004 (0x0000bfe5) c.j     pc - 8
core   0: 3 0x8000b004 (0xbfe5)
core   0: 0x8000affc (0x00005f17) auipc   t5, 0x5
core   0: 3 0x8000affc (0x00005f17) x30 0x8000fffc
core   0: 0x8000b000 (0x003f2223) sw      gp, 4(t5)
core   0: 3 0x8000b000 (0x003f2223) mem 0x80010000 0x00000001
core   0: 0x8000b004 (0x0000bfe5) c.j     pc - 8
core   0: 3 0x8000b004 (0xbfe5)
core   0: 0x8000affc (0x00005f17) auipc   t5, 0x5
core   0: 3 0x8000affc (0x00005f17) x30 0x8000fffc
core   0: 0x8000b000 (0x003f2223) sw      gp, 4(t5)
core   0: 3 0x8000b000 (0x003f2223) mem 0x80010000 0x00000001
core   0: 0x8000b004 (0x0000bfe5) c.j     pc - 8
core   0: 3 0x8000b004 (0xbfe5)
core   0: 0x8000affc (0x00005f17) auipc   t5, 0x5
core   0: 3 0x8000affc (0x00005f17) x30 0x8000fffc
core   0: 0x8000b000 (0x003f2223) sw      gp, 4(t5)
core   0: 3 0x8000b000 (0x003f2223) mem 0x80010000 0x00000001
core   0: 0x8000b004 (0x0000bfe5) c.j     pc - 8
core   0: 3 0x8000b004 (0xbfe5)
core   0: 0x8000affc (0x00005f17) auipc   t5, 0x5
core   0: 3 0x8000affc (0x00005f17) x30 0x8000fffc
core   0: 0x8000b000 (0x003f2223) sw      gp, 4(t5)
core   0: 3 0x8000b000 (0x003f2223) mem 0x80010000 0x00000001
core   0: 0x8000b004 (0x0000bfe5) c.j     pc - 8
core   0: 3 0x8000b004 (0xbfe5)
core   0: 0x8000affc (0x00005f17) auipc   t5, 0x5
core   0: 3 0x8000affc (0x00005f17) x30 0x8000fffc
core   0: 0x8000b000 (0x003f2223) sw      gp, 4(t5)
core   0: 3 0x8000b000 (0x003f2223) mem 0x80010000 0x00000001
core   0: 0x8000b004 (0x0000bfe5) c.j     pc - 8
core   0: 3 0x8000b004 (0xbfe5)
core   0: 0x8000affc (0x00005f17) auipc   t5, 0x5
core   0: 3 0x8000affc (0x00005f17) x30 0x8000fffc
core   0: 0x8000b000 (0x003f2223) sw      gp, 4(t5)
core   0: 3 0x8000b000 (0x003f2223) mem 0x80010000 0x00000001
core   0: 0x8000b004 (0x0000bfe5) c.j     pc - 8
core   0: 3 0x8000b004 (0xbfe5)
core   0: 0x8000affc (0x00005f17) auipc   t5, 0x5
core   0: 3 0x8000affc (0x00005f17) x30 0x8000fffc
core   0: 0x8000b000 (0x003f2223) sw      gp, 4(t5)
core   0: 3 0x8000b000 (0x003f2223) mem 0x80010000 0x00000001
core   0: 0x8000b004 (0x0000bfe5) c.j     pc - 8
core   0: 3 0x8000b004 (0xbfe5)
core   0: 0x8000affc (0x00005f17) auipc   t5, 0x5
core   0: 3 0x8000affc (0x00005f17) x30 0x8000fffc
core   0: 0x8000b000 (0x003f2223) sw      gp, 4(t5)
core   0: 3 0x8000b000 (0x003f2223) mem 0x80010000 0x00000001
core   0: 0x8000b004 (0x0000bfe5) c.j     pc - 8
core   0: 3 0x8000b004 (0xbfe5)
core   0: 0x8000affc (0x00005f17) auipc   t5, 0x5
core   0: 3 0x8000affc (0x00005f17) x30 0x8000fffc
core   0: 0x8000b000 (0x003f2223) sw      gp, 4(t5)
core   0: 3 0x8000b000 (0x003f2223) mem 0x80010000 0x00000001
core   0: 0x8000b004 (0x0000bfe5) c.j     pc - 8
core   0: 3 0x8000b004 (0xbfe5)
core   0: 0x8000affc (0x00005f17) auipc   t5, 0x5
core   0: 3 0x8000affc (0x00005f17) x30 0x8000fffc
core   0: 0x8000b000 (0x003f2223) sw      gp, 4(t5)
core   0: 3 0x8000b000 (0x003f2223) mem 0x80010000 0x00000001
core   0: 0x8000b004 (0x0000bfe5) c.j     pc - 8
core   0: 3 0x8000b004 (0xbfe5)
core   0: 0x8000affc (0x00005f17) auipc   t5, 0x5
core   0: 3 0x8000affc (0x00005f17) x30 0x8000fffc
core   0: 0x8000b000 (0x003f2223) sw      gp, 4(t5)
core   0: 3 0x8000b000 (0x003f2223) mem 0x80010000 0x00000001
core   0: 0x8000b004 (0x0000bfe5) c.j     pc - 8
core   0: 3 0x8000b004 (0xbfe5)
core   0: 0x8000affc (0x00005f17) auipc   t5, 0x5
core   0: 3 0x8000affc (0x00005f17) x30 0x8000fffc
core   0: 0x8000b000 (0x003f2223) sw      gp, 4(t5)
core   0: 3 0x8000b000 (0x003f2223) mem 0x80010000 0x00000001
core   0: 0x8000b004 (0x0000bfe5) c.j     pc - 8
core   0: 3 0x8000b004 (0xbfe5)
core   0: 0x8000affc (0x00005f17) auipc   t5, 0x5
core   0: 3 0x8000affc (0x00005f17) x30 0x8000fffc
core   0: 0x8000b000 (0x003f2223) sw      gp, 4(t5)
core   0: 3 0x8000b000 (0x003f2223) mem 0x80010000 0x00000001
core   0: 0x8000b004 (0x0000bfe5) c.j     pc - 8
core   0: 3 0x8000b004 (0xbfe5)
core   0: 0x8000affc (0x00005f17) auipc   t5, 0x5
core   0: 3 0x8000affc (0x00005f17) x30 0x8000fffc
core   0: 0x8000b000 (0x003f2223) sw      gp, 4(t5)
core   0: 3 0x8000b000 (0x003f2223) mem 0x80010000 0x00000001
core   0: 0x8000b004 (0x0000bfe5) c.j     pc - 8
core   0: 3 0x8000b004 (0xbfe5)
core   0: 0x8000affc (0x00005f17) auipc   t5, 0x5
core   0: 3 0x8000affc (0x00005f17) x30 0x8000fffc
core   0: 0x8000b000 (0x003f2223) sw      gp, 4(t5)
core   0: 3 0x8000b000 (0x003f2223) mem 0x80010000 0x00000001
core   0: 0x8000b004 (0x0000bfe5) c.j     pc - 8
core   0: 3 0x8000b004 (0xbfe5)
core   0: 0x8000affc (0x00005f17) auipc   t5, 0x5
core   0: 3 0x8000affc (0x00005f17) x30 0x8000fffc
core   0: 0x8000b000 (0x003f2223) sw      gp, 4(t5)
core   0: 3 0x8000b000 (0x003f2223) mem 0x80010000 0x00000001
core   0: 0x8000b004 (0x0000bfe5) c.j     pc - 8
core   0: 3 0x8000b004 (0xbfe5)
core   0: 0x8000affc (0x00005f17) auipc   t5, 0x5
core   0: 3 0x8000affc (0x00005f17) x30 0x8000fffc
core   0: 0x8000b000 (0x003f2223) sw      gp, 4(t5)
core   0: 3 0x8000b000 (0x003f2223) mem 0x80010000 0x00000001
core   0: 0x8000b004 (0x0000bfe5) c.j     pc - 8
core   0: 3 0x8000b004 (0xbfe5)
core   0: 0x8000affc (0x00005f17) auipc   t5, 0x5
core   0: 3 0x8000affc (0x00005f17) x30 0x8000fffc
core   0: 0x8000b000 (0x003f2223) sw      gp, 4(t5)
core   0: 3 0x8000b000 (0x003f2223) mem 0x80010000 0x00000001
core   0: 0x8000b004 (0x0000bfe5) c.j     pc - 8
core   0: 3 0x8000b004 (0xbfe5)
core   0: 0x8000affc (0x00005f17) auipc   t5, 0x5
core   0: 3 0x8000affc (0x00005f17) x30 0x8000fffc
core   0: 0x8000b000 (0x003f2223) sw      gp, 4(t5)
core   0: 3 0x8000b000 (0x003f2223) mem 0x80010000 0x00000001
core   0: 0x8000b004 (0x0000bfe5) c.j     pc - 8
core   0: 3 0x8000b004 (0xbfe5)
core   0: 0x8000affc (0x00005f17) auipc   t5, 0x5
core   0: 3 0x8000affc (0x00005f17) x30 0x8000fffc
core   0: 0x8000b000 (0x003f2223) sw      gp, 4(t5)
core   0: 3 0x8000b000 (0x003f2223) mem 0x80010000 0x00000001
core   0: 0x8000b004 (0x0000bfe5) c.j     pc - 8
core   0: 3 0x8000b004 (0xbfe5)
core   0: 0x8000affc (0x00005f17) auipc   t5, 0x5
core   0: 3 0x8000affc (0x00005f17) x30 0x8000fffc
core   0: 0x8000b000 (0x003f2223) sw      gp, 4(t5)
core   0: 3 0x8000b000 (0x003f2223) mem 0x80010000 0x00000001
core   0: 0x8000b004 (0x0000bfe5) c.j     pc - 8
core   0: 3 0x8000b004 (0xbfe5)
core   0: 0x8000affc (0x00005f17) auipc   t5, 0x5
core   0: 3 0x8000affc (0x00005f17) x30 0x8000fffc
core   0: 0x8000b000 (0x003f2223) sw      gp, 4(t5)
core   0: 3 0x8000b000 (0x003f2223) mem 0x80010000 0x00000001
core   0: 0x8000b004 (0x0000bfe5) c.j     pc - 8
core   0: 3 0x8000b004 (0xbfe5)
core   0: 0x8000affc (0x00005f17) auipc   t5, 0x5
core   0: 3 0x8000affc (0x00005f17) x30 0x8000fffc
core   0: 0x8000b000 (0x003f2223) sw      gp, 4(t5)
core   0: 3 0x8000b000 (0x003f2223) mem 0x80010000 0x00000001
core   0: 0x8000b004 (0x0000bfe5) c.j     pc - 8
core   0: 3 0x8000b004 (0xbfe5)
core   0: 0x8000affc (0x00005f17) auipc   t5, 0x5
core   0: 3 0x8000affc (0x00005f17) x30 0x8000fffc
core   0: 0x8000b000 (0x003f2223) sw      gp, 4(t5)
core   0: 3 0x8000b000 (0x003f2223) mem 0x80010000 0x00000001
core   0: 0x8000b004 (0x0000bfe5) c.j     pc - 8
core   0: 3 0x8000b004 (0xbfe5)
core   0: 0x8000affc (0x00005f17) auipc   t5, 0x5
core   0: 3 0x8000affc (0x00005f17) x30 0x8000fffc
core   0: 0x8000b000 (0x003f2223) sw      gp, 4(t5)
core   0: 3 0x8000b000 (0x003f2223) mem 0x80010000 0x00000001
core   0: 0x8000b004 (0x0000bfe5) c.j     pc - 8
core   0: 3 0x8000b004 (0xbfe5)
core   0: 0x8000affc (0x00005f17) auipc   t5, 0x5
core   0: 3 0x8000affc (0x00005f17) x30 0x8000fffc
core   0: 0x8000b000 (0x003f2223) sw      gp, 4(t5)
core   0: 3 0x8000b000 (0x003f2223) mem 0x80010000 0x00000001
core   0: 0x8000b004 (0x0000bfe5) c.j     pc - 8
core   0: 3 0x8000b004 (0xbfe5)
core   0: 0x8000affc (0x00005f17) auipc   t5, 0x5
core   0: 3 0x8000affc (0x00005f17) x30 0x8000fffc
core   0: 0x8000b000 (0x003f2223) sw      gp, 4(t5)
core   0: 3 0x8000b000 (0x003f2223) mem 0x80010000 0x00000001
core   0: 0x8000b004 (0x0000bfe5) c.j     pc - 8
core   0: 3 0x8000b004 (0xbfe5)
core   0: 0x8000affc (0x00005f17) auipc   t5, 0x5
core   0: 3 0x8000affc (0x00005f17) x30 0x8000fffc
core   0: 0x8000b000 (0x003f2223) sw      gp, 4(t5)
core   0: 3 0x8000b000 (0x003f2223) mem 0x80010000 0x00000001
core   0: 0x8000b004 (0x0000bfe5) c.j     pc - 8
core   0: 3 0x8000b004 (0xbfe5)
core   0: 0x8000affc (0x00005f17) auipc   t5, 0x5
core   0: 3 0x8000affc (0x00005f17) x30 0x8000fffc
core   0: 0x8000b000 (0x003f2223) sw      gp, 4(t5)
core   0: 3 0x8000b000 (0x003f2223) mem 0x80010000 0x00000001
core   0: 0x8000b004 (0x0000bfe5) c.j     pc - 8
core   0: 3 0x8000b004 (0xbfe5)
core   0: 0x8000affc (0x00005f17) auipc   t5, 0x5
core   0: 3 0x8000affc (0x00005f17) x30 0x8000fffc
core   0: 0x8000b000 (0x003f2223) sw      gp, 4(t5)
core   0: 3 0x8000b000 (0x003f2223) mem 0x80010000 0x00000001
core   0: 0x8000b004 (0x0000bfe5) c.j     pc - 8
core   0: 3 0x8000b004 (0xbfe5)
core   0: 0x8000affc (0x00005f17) auipc   t5, 0x5
core   0: 3 0x8000affc (0x00005f17) x30 0x8000fffc
core   0: 0x8000b000 (0x003f2223) sw      gp, 4(t5)
core   0: 3 0x8000b000 (0x003f2223) mem 0x80010000 0x00000001
core   0: 0x8000b004 (0x0000bfe5) c.j     pc - 8
core   0: 3 0x8000b004 (0xbfe5)
core   0: 0x8000affc (0x00005f17) auipc   t5, 0x5
core   0: 3 0x8000affc (0x00005f17) x30 0x8000fffc
core   0: 0x8000b000 (0x003f2223) sw      gp, 4(t5)
core   0: 3 0x8000b000 (0x003f2223) mem 0x80010000 0x00000001
core   0: 0x8000b004 (0x0000bfe5) c.j     pc - 8
core   0: 3 0x8000b004 (0xbfe5)
core   0: 0x8000affc (0x00005f17) auipc   t5, 0x5
core   0: 3 0x8000affc (0x00005f17) x30 0x8000fffc
core   0: 0x8000b000 (0x003f2223) sw      gp, 4(t5)
core   0: 3 0x8000b000 (0x003f2223) mem 0x80010000 0x00000001
core   0: 0x8000b004 (0x0000bfe5) c.j     pc - 8
core   0: 3 0x8000b004 (0xbfe5)
core   0: 0x8000affc (0x00005f17) auipc   t5, 0x5
core   0: 3 0x8000affc (0x00005f17) x30 0x8000fffc
core   0: 0x8000b000 (0x003f2223) sw      gp, 4(t5)
core   0: 3 0x8000b000 (0x003f2223) mem 0x80010000 0x00000001
core   0: 0x8000b004 (0x0000bfe5) c.j     pc - 8
core   0: 3 0x8000b004 (0xbfe5)
core   0: 0x8000affc (0x00005f17) auipc   t5, 0x5
core   0: 3 0x8000affc (0x00005f17) x30 0x8000fffc
core   0: 0x8000b000 (0x003f2223) sw      gp, 4(t5)
core   0: 3 0x8000b000 (0x003f2223) mem 0x80010000 0x00000001
core   0: 0x8000b004 (0x0000bfe5) c.j     pc - 8
core   0: 3 0x8000b004 (0xbfe5)
core   0: 0x8000affc (0x00005f17) auipc   t5, 0x5
core   0: 3 0x8000affc (0x00005f17) x30 0x8000fffc
core   0: 0x8000b000 (0x003f2223) sw      gp, 4(t5)
core   0: 3 0x8000b000 (0x003f2223) mem 0x80010000 0x00000001
core   0: 0x8000b004 (0x0000bfe5) c.j     pc - 8
core   0: 3 0x8000b004 (0xbfe5)
core   0: 0x8000affc (0x00005f17) auipc   t5, 0x5
core   0: 3 0x8000affc (0x00005f17) x30 0x8000fffc
core   0: 0x8000b000 (0x003f2223) sw      gp, 4(t5)
core   0: 3 0x8000b000 (0x003f2223) mem 0x80010000 0x00000001
core   0: 0x8000b004 (0x0000bfe5) c.j     pc - 8
core   0: 3 0x8000b004 (0xbfe5)
core   0: 0x8000affc (0x00005f17) auipc   t5, 0x5
core   0: 3 0x8000affc (0x00005f17) x30 0x8000fffc
core   0: 0x8000b000 (0x003f2223) sw      gp, 4(t5)
core   0: 3 0x8000b000 (0x003f2223) mem 0x80010000 0x00000001
core   0: 0x8000b004 (0x0000bfe5) c.j     pc - 8
core   0: 3 0x8000b004 (0xbfe5)
core   0: 0x8000affc (0x00005f17) auipc   t5, 0x5
core   0: 3 0x8000affc (0x00005f17) x30 0x8000fffc
core   0: 0x8000b000 (0x003f2223) sw      gp, 4(t5)
core   0: 3 0x8000b000 (0x003f2223) mem 0x80010000 0x00000001
core   0: 0x8000b004 (0x0000bfe5) c.j     pc - 8
core   0: 3 0x8000b004 (0xbfe5)
core   0: 0x8000affc (0x00005f17) auipc   t5, 0x5
core   0: 3 0x8000affc (0x00005f17) x30 0x8000fffc
core   0: 0x8000b000 (0x003f2223) sw      gp, 4(t5)
core   0: 3 0x8000b000 (0x003f2223) mem 0x80010000 0x00000001
core   0: 0x8000b004 (0x0000bfe5) c.j     pc - 8
core   0: 3 0x8000b004 (0xbfe5)
core   0: 0x8000affc (0x00005f17) auipc   t5, 0x5
core   0: 3 0x8000affc (0x00005f17) x30 0x8000fffc
core   0: 0x8000b000 (0x003f2223) sw      gp, 4(t5)
core   0: 3 0x8000b000 (0x003f2223) mem 0x80010000 0x00000001
core   0: 0x8000b004 (0x0000bfe5) c.j     pc - 8
core   0: 3 0x8000b004 (0xbfe5)
core   0: 0x8000affc (0x00005f17) auipc   t5, 0x5
core   0: 3 0x8000affc (0x00005f17) x30 0x8000fffc
core   0: 0x8000b000 (0x003f2223) sw      gp, 4(t5)
core   0: 3 0x8000b000 (0x003f2223) mem 0x80010000 0x00000001
core   0: 0x8000b004 (0x0000bfe5) c.j     pc - 8
core   0: 3 0x8000b004 (0xbfe5)
core   0: 0x8000affc (0x00005f17) auipc   t5, 0x5
core   0: 3 0x8000affc (0x00005f17) x30 0x8000fffc
core   0: 0x8000b000 (0x003f2223) sw      gp, 4(t5)
core   0: 3 0x8000b000 (0x003f2223) mem 0x80010000 0x00000001
core   0: 0x8000b004 (0x0000bfe5) c.j     pc - 8
core   0: 3 0x8000b004 (0xbfe5)
core   0: 0x8000affc (0x00005f17) auipc   t5, 0x5
core   0: 3 0x8000affc (0x00005f17) x30 0x8000fffc
core   0: 0x8000b000 (0x003f2223) sw      gp, 4(t5)
core   0: 3 0x8000b000 (0x003f2223) mem 0x80010000 0x00000001
core   0: 0x8000b004 (0x0000bfe5) c.j     pc - 8
core   0: 3 0x8000b004 (0xbfe5)
core   0: 0x8000affc (0x00005f17) auipc   t5, 0x5
core   0: 3 0x8000affc (0x00005f17) x30 0x8000fffc
core   0: 0x8000b000 (0x003f2223) sw      gp, 4(t5)
core   0: 3 0x8000b000 (0x003f2223) mem 0x80010000 0x00000001
core   0: 0x8000b004 (0x0000bfe5) c.j     pc - 8
core   0: 3 0x8000b004 (0xbfe5)
core   0: 0x8000affc (0x00005f17) auipc   t5, 0x5
core   0: 3 0x8000affc (0x00005f17) x30 0x8000fffc
core   0: 0x8000b000 (0x003f2223) sw      gp, 4(t5)
core   0: 3 0x8000b000 (0x003f2223) mem 0x80010000 0x00000001
core   0: 0x8000b004 (0x0000bfe5) c.j     pc - 8
core   0: 3 0x8000b004 (0xbfe5)
core   0: 0x8000affc (0x00005f17) auipc   t5, 0x5
core   0: 3 0x8000affc (0x00005f17) x30 0x8000fffc
core   0: 0x8000b000 (0x003f2223) sw      gp, 4(t5)
core   0: 3 0x8000b000 (0x003f2223) mem 0x80010000 0x00000001
core   0: 0x8000b004 (0x0000bfe5) c.j     pc - 8
core   0: 3 0x8000b004 (0xbfe5)
core   0: 0x8000affc (0x00005f17) auipc   t5, 0x5
core   0: 3 0x8000affc (0x00005f17) x30 0x8000fffc
core   0: 0x8000b000 (0x003f2223) sw      gp, 4(t5)
core   0: 3 0x8000b000 (0x003f2223) mem 0x80010000 0x00000001
core   0: 0x8000b004 (0x0000bfe5) c.j     pc - 8
core   0: 3 0x8000b004 (0xbfe5)
core   0: 0x8000affc (0x00005f17) auipc   t5, 0x5
core   0: 3 0x8000affc (0x00005f17) x30 0x8000fffc
core   0: 0x8000b000 (0x003f2223) sw      gp, 4(t5)
core   0: 3 0x8000b000 (0x003f2223) mem 0x80010000 0x00000001
core   0: 0x8000b004 (0x0000bfe5) c.j     pc - 8
core   0: 3 0x8000b004 (0xbfe5)
core   0: 0x8000affc (0x00005f17) auipc   t5, 0x5
core   0: 3 0x8000affc (0x00005f17) x30 0x8000fffc
core   0: 0x8000b000 (0x003f2223) sw      gp, 4(t5)
core   0: 3 0x8000b000 (0x003f2223) mem 0x80010000 0x00000001
core   0: 0x8000b004 (0x0000bfe5) c.j     pc - 8
core   0: 3 0x8000b004 (0xbfe5)
core   0: 0x8000affc (0x00005f17) auipc   t5, 0x5
core   0: 3 0x8000affc (0x00005f17) x30 0x8000fffc
core   0: 0x8000b000 (0x003f2223) sw      gp, 4(t5)
core   0: 3 0x8000b000 (0x003f2223) mem 0x80010000 0x00000001
core   0: 0x8000b004 (0x0000bfe5) c.j     pc - 8
core   0: 3 0x8000b004 (0xbfe5)
core   0: 0x8000affc (0x00005f17) auipc   t5, 0x5
core   0: 3 0x8000affc (0x00005f17) x30 0x8000fffc
core   0: 0x8000b000 (0x003f2223) sw      gp, 4(t5)
core   0: 3 0x8000b000 (0x003f2223) mem 0x80010000 0x00000001
core   0: 0x8000b004 (0x0000bfe5) c.j     pc - 8
core   0: 3 0x8000b004 (0xbfe5)
core   0: 0x8000affc (0x00005f17) auipc   t5, 0x5
core   0: 3 0x8000affc (0x00005f17) x30 0x8000fffc
core   0: 0x8000b000 (0x003f2223) sw      gp, 4(t5)
core   0: 3 0x8000b000 (0x003f2223) mem 0x80010000 0x00000001
core   0: 0x8000b004 (0x0000bfe5) c.j     pc - 8
core   0: 3 0x8000b004 (0xbfe5)
core   0: 0x8000affc (0x00005f17) auipc   t5, 0x5
core   0: 3 0x8000affc (0x00005f17) x30 0x8000fffc
core   0: 0x8000b000 (0x003f2223) sw      gp, 4(t5)
core   0: 3 0x8000b000 (0x003f2223) mem 0x80010000 0x00000001
core   0: 0x8000b004 (0x0000bfe5) c.j     pc - 8
core   0: 3 0x8000b004 (0xbfe5)
core   0: 0x8000affc (0x00005f17) auipc   t5, 0x5
core   0: 3 0x8000affc (0x00005f17) x30 0x8000fffc
core   0: 0x8000b000 (0x003f2223) sw      gp, 4(t5)
core   0: 3 0x8000b000 (0x003f2223) mem 0x80010000 0x00000001
core   0: 0x8000b004 (0x0000bfe5) c.j     pc - 8
core   0: 3 0x8000b004 (0xbfe5)
core   0: 0x8000affc (0x00005f17) auipc   t5, 0x5
core   0: 3 0x8000affc (0x00005f17) x30 0x8000fffc
core   0: 0x8000b000 (0x003f2223) sw      gp, 4(t5)
core   0: 3 0x8000b000 (0x003f2223) mem 0x80010000 0x00000001
core   0: 0x8000b004 (0x0000bfe5) c.j     pc - 8
core   0: 3 0x8000b004 (0xbfe5)
core   0: 0x8000affc (0x00005f17) auipc   t5, 0x5
core   0: 3 0x8000affc (0x00005f17) x30 0x8000fffc
core   0: 0x8000b000 (0x003f2223) sw      gp, 4(t5)
core   0: 3 0x8000b000 (0x003f2223) mem 0x80010000 0x00000001
core   0: 0x8000b004 (0x0000bfe5) c.j     pc - 8
core   0: 3 0x8000b004 (0xbfe5)
core   0: 0x8000affc (0x00005f17) auipc   t5, 0x5
core   0: 3 0x8000affc (0x00005f17) x30 0x8000fffc
core   0: 0x8000b000 (0x003f2223) sw      gp, 4(t5)
core   0: 3 0x8000b000 (0x003f2223) mem 0x80010000 0x00000001
core   0: 0x8000b004 (0x0000bfe5) c.j     pc - 8
core   0: 3 0x8000b004 (0xbfe5)
core   0: 0x8000affc (0x00005f17) auipc   t5, 0x5
core   0: 3 0x8000affc (0x00005f17) x30 0x8000fffc
core   0: 0x8000b000 (0x003f2223) sw      gp, 4(t5)
core   0: 3 0x8000b000 (0x003f2223) mem 0x80010000 0x00000001
core   0: 0x8000b004 (0x0000bfe5) c.j     pc - 8
core   0: 3 0x8000b004 (0xbfe5)
core   0: 0x8000affc (0x00005f17) auipc   t5, 0x5
core   0: 3 0x8000affc (0x00005f17) x30 0x8000fffc
core   0: 0x8000b000 (0x003f2223) sw      gp, 4(t5)
core   0: 3 0x8000b000 (0x003f2223) mem 0x80010000 0x00000001
core   0: 0x8000b004 (0x0000bfe5) c.j     pc - 8
core   0: 3 0x8000b004 (0xbfe5)
core   0: 0x8000affc (0x00005f17) auipc   t5, 0x5
core   0: 3 0x8000affc (0x00005f17) x30 0x8000fffc
core   0: 0x8000b000 (0x003f2223) sw      gp, 4(t5)
core   0: 3 0x8000b000 (0x003f2223) mem 0x80010000 0x00000001
core   0: 0x8000b004 (0x0000bfe5) c.j     pc - 8
core   0: 3 0x8000b004 (0xbfe5)
core   0: 0x8000affc (0x00005f17) auipc   t5, 0x5
core   0: 3 0x8000affc (0x00005f17) x30 0x8000fffc
core   0: 0x8000b000 (0x003f2223) sw      gp, 4(t5)
core   0: 3 0x8000b000 (0x003f2223) mem 0x80010000 0x00000001
core   0: 0x8000b004 (0x0000bfe5) c.j     pc - 8
core   0: 3 0x8000b004 (0xbfe5)
core   0: 0x8000affc (0x00005f17) auipc   t5, 0x5
core   0: 3 0x8000affc (0x00005f17) x30 0x8000fffc
core   0: 0x8000b000 (0x003f2223) sw      gp, 4(t5)
core   0: 3 0x8000b000 (0x003f2223) mem 0x80010000 0x00000001
core   0: 0x8000b004 (0x0000bfe5) c.j     pc - 8
core   0: 3 0x8000b004 (0xbfe5)
core   0: 0x8000affc (0x00005f17) auipc   t5, 0x5
core   0: 3 0x8000affc (0x00005f17) x30 0x8000fffc
core   0: 0x8000b000 (0x003f2223) sw      gp, 4(t5)
core   0: 3 0x8000b000 (0x003f2223) mem 0x80010000 0x00000001
core   0: 0x8000b004 (0x0000bfe5) c.j     pc - 8
core   0: 3 0x8000b004 (0xbfe5)
core   0: 0x8000affc (0x00005f17) auipc   t5, 0x5
core   0: 3 0x8000affc (0x00005f17) x30 0x8000fffc
core   0: 0x8000b000 (0x003f2223) sw      gp, 4(t5)
core   0: 3 0x8000b000 (0x003f2223) mem 0x80010000 0x00000001
core   0: 0x8000b004 (0x0000bfe5) c.j     pc - 8
core   0: 3 0x8000b004 (0xbfe5)
core   0: 0x8000affc (0x00005f17) auipc   t5, 0x5
core   0: 3 0x8000affc (0x00005f17) x30 0x8000fffc
core   0: 0x8000b000 (0x003f2223) sw      gp, 4(t5)
core   0: 3 0x8000b000 (0x003f2223) mem 0x80010000 0x00000001
core   0: 0x8000b004 (0x0000bfe5) c.j     pc - 8
core   0: 3 0x8000b004 (0xbfe5)
core   0: 0x8000affc (0x00005f17) auipc   t5, 0x5
core   0: 3 0x8000affc (0x00005f17) x30 0x8000fffc
core   0: 0x8000b000 (0x003f2223) sw      gp, 4(t5)
core   0: 3 0x8000b000 (0x003f2223) mem 0x80010000 0x00000001
core   0: 0x8000b004 (0x0000bfe5) c.j     pc - 8
core   0: 3 0x8000b004 (0xbfe5)
core   0: 0x8000affc (0x00005f17) auipc   t5, 0x5
core   0: 3 0x8000affc (0x00005f17) x30 0x8000fffc
core   0: 0x8000b000 (0x003f2223) sw      gp, 4(t5)
core   0: 3 0x8000b000 (0x003f2223) mem 0x80010000 0x00000001
core   0: 0x8000b004 (0x0000bfe5) c.j     pc - 8
core   0: 3 0x8000b004 (0xbfe5)
core   0: 0x8000affc (0x00005f17) auipc   t5, 0x5
core   0: 3 0x8000affc (0x00005f17) x30 0x8000fffc
core   0: 0x8000b000 (0x003f2223) sw      gp, 4(t5)
core   0: 3 0x8000b000 (0x003f2223) mem 0x80010000 0x00000001
core   0: 0x8000b004 (0x0000bfe5) c.j     pc - 8
core   0: 3 0x8000b004 (0xbfe5)
core   0: 0x8000affc (0x00005f17) auipc   t5, 0x5
core   0: 3 0x8000affc (0x00005f17) x30 0x8000fffc
core   0: 0x8000b000 (0x003f2223) sw      gp, 4(t5)
core   0: 3 0x8000b000 (0x003f2223) mem 0x80010000 0x00000001
core   0: 0x8000b004 (0x0000bfe5) c.j     pc - 8
core   0: 3 0x8000b004 (0xbfe5)
core   0: 0x8000affc (0x00005f17) auipc   t5, 0x5
core   0: 3 0x8000affc (0x00005f17) x30 0x8000fffc
core   0: 0x8000b000 (0x003f2223) sw      gp, 4(t5)
core   0: 3 0x8000b000 (0x003f2223) mem 0x80010000 0x00000001
core   0: 0x8000b004 (0x0000bfe5) c.j     pc - 8
core   0: 3 0x8000b004 (0xbfe5)
core   0: 0x8000affc (0x00005f17) auipc   t5, 0x5
core   0: 3 0x8000affc (0x00005f17) x30 0x8000fffc
core   0: 0x8000b000 (0x003f2223) sw      gp, 4(t5)
core   0: 3 0x8000b000 (0x003f2223) mem 0x80010000 0x00000001
core   0: 0x8000b004 (0x0000bfe5) c.j     pc - 8
core   0: 3 0x8000b004 (0xbfe5)
core   0: 0x8000affc (0x00005f17) auipc   t5, 0x5
core   0: 3 0x8000affc (0x00005f17) x30 0x8000fffc
core   0: 0x8000b000 (0x003f2223) sw      gp, 4(t5)
core   0: 3 0x8000b000 (0x003f2223) mem 0x80010000 0x00000001
core   0: 0x8000b004 (0x0000bfe5) c.j     pc - 8
core   0: 3 0x8000b004 (0xbfe5)
core   0: 0x8000affc (0x00005f17) auipc   t5, 0x5
core   0: 3 0x8000affc (0x00005f17) x30 0x8000fffc
core   0: 0x8000b000 (0x003f2223) sw      gp, 4(t5)
core   0: 3 0x8000b000 (0x003f2223) mem 0x80010000 0x00000001
core   0: 0x8000b004 (0x0000bfe5) c.j     pc - 8
core   0: 3 0x8000b004 (0xbfe5)
core   0: 0x8000affc (0x00005f17) auipc   t5, 0x5
core   0: 3 0x8000affc (0x00005f17) x30 0x8000fffc
core   0: 0x8000b000 (0x003f2223) sw      gp, 4(t5)
core   0: 3 0x8000b000 (0x003f2223) mem 0x80010000 0x00000001
core   0: 0x8000b004 (0x0000bfe5) c.j     pc - 8
core   0: 3 0x8000b004 (0xbfe5)
core   0: 0x8000affc (0x00005f17) auipc   t5, 0x5
core   0: 3 0x8000affc (0x00005f17) x30 0x8000fffc
core   0: 0x8000b000 (0x003f2223) sw      gp, 4(t5)
core   0: 3 0x8000b000 (0x003f2223) mem 0x80010000 0x00000001
core   0: 0x8000b004 (0x0000bfe5) c.j     pc - 8
core   0: 3 0x8000b004 (0xbfe5)
core   0: 0x8000affc (0x00005f17) auipc   t5, 0x5
core   0: 3 0x8000affc (0x00005f17) x30 0x8000fffc
core   0: 0x8000b000 (0x003f2223) sw      gp, 4(t5)
core   0: 3 0x8000b000 (0x003f2223) mem 0x80010000 0x00000001
core   0: 0x8000b004 (0x0000bfe5) c.j     pc - 8
core   0: 3 0x8000b004 (0xbfe5)
core   0: 0x8000affc (0x00005f17) auipc   t5, 0x5
core   0: 3 0x8000affc (0x00005f17) x30 0x8000fffc
core   0: 0x8000b000 (0x003f2223) sw      gp, 4(t5)
core   0: 3 0x8000b000 (0x003f2223) mem 0x80010000 0x00000001
core   0: 0x8000b004 (0x0000bfe5) c.j     pc - 8
core   0: 3 0x8000b004 (0xbfe5)
core   0: 0x8000affc (0x00005f17) auipc   t5, 0x5
core   0: 3 0x8000affc (0x00005f17) x30 0x8000fffc
core   0: 0x8000b000 (0x003f2223) sw      gp, 4(t5)
core   0: 3 0x8000b000 (0x003f2223) mem 0x80010000 0x00000001
core   0: 0x8000b004 (0x0000bfe5) c.j     pc - 8
core   0: 3 0x8000b004 (0xbfe5)
core   0: 0x8000affc (0x00005f17) auipc   t5, 0x5
core   0: 3 0x8000affc (0x00005f17) x30 0x8000fffc
core   0: 0x8000b000 (0x003f2223) sw      gp, 4(t5)
core   0: 3 0x8000b000 (0x003f2223) mem 0x80010000 0x00000001
core   0: 0x8000b004 (0x0000bfe5) c.j     pc - 8
core   0: 3 0x8000b004 (0xbfe5)
core   0: 0x8000affc (0x00005f17) auipc   t5, 0x5
core   0: 3 0x8000affc (0x00005f17) x30 0x8000fffc
core   0: 0x8000b000 (0x003f2223) sw      gp, 4(t5)
core   0: 3 0x8000b000 (0x003f2223) mem 0x80010000 0x00000001
core   0: 0x8000b004 (0x0000bfe5) c.j     pc - 8
core   0: 3 0x8000b004 (0xbfe5)
core   0: 0x8000affc (0x00005f17) auipc   t5, 0x5
core   0: 3 0x8000affc (0x00005f17) x30 0x8000fffc
core   0: 0x8000b000 (0x003f2223) sw      gp, 4(t5)
core   0: 3 0x8000b000 (0x003f2223) mem 0x80010000 0x00000001
core   0: 0x8000b004 (0x0000bfe5) c.j     pc - 8
core   0: 3 0x8000b004 (0xbfe5)
core   0: 0x8000affc (0x00005f17) auipc   t5, 0x5
core   0: 3 0x8000affc (0x00005f17) x30 0x8000fffc
core   0: 0x8000b000 (0x003f2223) sw      gp, 4(t5)
core   0: 3 0x8000b000 (0x003f2223) mem 0x80010000 0x00000001
core   0: 0x8000b004 (0x0000bfe5) c.j     pc - 8
core   0: 3 0x8000b004 (0xbfe5)
core   0: 0x8000affc (0x00005f17) auipc   t5, 0x5
core   0: 3 0x8000affc (0x00005f17) x30 0x8000fffc
core   0: 0x8000b000 (0x003f2223) sw      gp, 4(t5)
core   0: 3 0x8000b000 (0x003f2223) mem 0x80010000 0x00000001
core   0: 0x8000b004 (0x0000bfe5) c.j     pc - 8
core   0: 3 0x8000b004 (0xbfe5)
core   0: 0x8000affc (0x00005f17) auipc   t5, 0x5
core   0: 3 0x8000affc (0x00005f17) x30 0x8000fffc
core   0: 0x8000b000 (0x003f2223) sw      gp, 4(t5)
core   0: 3 0x8000b000 (0x003f2223) mem 0x80010000 0x00000001
core   0: 0x8000b004 (0x0000bfe5) c.j     pc - 8
core   0: 3 0x8000b004 (0xbfe5)
core   0: 0x8000affc (0x00005f17) auipc   t5, 0x5
core   0: 3 0x8000affc (0x00005f17) x30 0x8000fffc
core   0: 0x8000b000 (0x003f2223) sw      gp, 4(t5)
core   0: 3 0x8000b000 (0x003f2223) mem 0x80010000 0x00000001
core   0: 0x8000b004 (0x0000bfe5) c.j     pc - 8
core   0: 3 0x8000b004 (0xbfe5)
core   0: 0x8000affc (0x00005f17) auipc   t5, 0x5
core   0: 3 0x8000affc (0x00005f17) x30 0x8000fffc
core   0: 0x8000b000 (0x003f2223) sw      gp, 4(t5)
core   0: 3 0x8000b000 (0x003f2223) mem 0x80010000 0x00000001
core   0: 0x8000b004 (0x0000bfe5) c.j     pc - 8
core   0: 3 0x8000b004 (0xbfe5)
core   0: 0x8000affc (0x00005f17) auipc   t5, 0x5
core   0: 3 0x8000affc (0x00005f17) x30 0x8000fffc
core   0: 0x8000b000 (0x003f2223) sw      gp, 4(t5)
core   0: 3 0x8000b000 (0x003f2223) mem 0x80010000 0x00000001
core   0: 0x8000b004 (0x0000bfe5) c.j     pc - 8
core   0: 3 0x8000b004 (0xbfe5)
core   0: 0x8000affc (0x00005f17) auipc   t5, 0x5
core   0: 3 0x8000affc (0x00005f17) x30 0x8000fffc
core   0: 0x8000b000 (0x003f2223) sw      gp, 4(t5)
core   0: 3 0x8000b000 (0x003f2223) mem 0x80010000 0x00000001
core   0: 0x8000b004 (0x0000bfe5) c.j     pc - 8
core   0: 3 0x8000b004 (0xbfe5)
core   0: 0x8000affc (0x00005f17) auipc   t5, 0x5
core   0: 3 0x8000affc (0x00005f17) x30 0x8000fffc
core   0: 0x8000b000 (0x003f2223) sw      gp, 4(t5)
core   0: 3 0x8000b000 (0x003f2223) mem 0x80010000 0x00000001
core   0: 0x8000b004 (0x0000bfe5) c.j     pc - 8
core   0: 3 0x8000b004 (0xbfe5)
core   0: 0x8000affc (0x00005f17) auipc   t5, 0x5
core   0: 3 0x8000affc (0x00005f17) x30 0x8000fffc
core   0: 0x8000b000 (0x003f2223) sw      gp, 4(t5)
core   0: 3 0x8000b000 (0x003f2223) mem 0x80010000 0x00000001
core   0: 0x8000b004 (0x0000bfe5) c.j     pc - 8
core   0: 3 0x8000b004 (0xbfe5)
core   0: 0x8000affc (0x00005f17) auipc   t5, 0x5
core   0: 3 0x8000affc (0x00005f17) x30 0x8000fffc
core   0: 0x8000b000 (0x003f2223) sw      gp, 4(t5)
core   0: 3 0x8000b000 (0x003f2223) mem 0x80010000 0x00000001
core   0: 0x8000b004 (0x0000bfe5) c.j     pc - 8
core   0: 3 0x8000b004 (0xbfe5)
core   0: 0x8000affc (0x00005f17) auipc   t5, 0x5
core   0: 3 0x8000affc (0x00005f17) x30 0x8000fffc
core   0: 0x8000b000 (0x003f2223) sw      gp, 4(t5)
core   0: 3 0x8000b000 (0x003f2223) mem 0x80010000 0x00000001
core   0: 0x8000b004 (0x0000bfe5) c.j     pc - 8
core   0: 3 0x8000b004 (0xbfe5)
core   0: 0x8000affc (0x00005f17) auipc   t5, 0x5
core   0: 3 0x8000affc (0x00005f17) x30 0x8000fffc
core   0: 0x8000b000 (0x003f2223) sw      gp, 4(t5)
core   0: 3 0x8000b000 (0x003f2223) mem 0x80010000 0x00000001
core   0: 0x8000b004 (0x0000bfe5) c.j     pc - 8
core   0: 3 0x8000b004 (0xbfe5)
core   0: 0x8000affc (0x00005f17) auipc   t5, 0x5
core   0: 3 0x8000affc (0x00005f17) x30 0x8000fffc
core   0: 0x8000b000 (0x003f2223) sw      gp, 4(t5)
core   0: 3 0x8000b000 (0x003f2223) mem 0x80010000 0x00000001
core   0: 0x8000b004 (0x0000bfe5) c.j     pc - 8
core   0: 3 0x8000b004 (0xbfe5)
core   0: 0x8000affc (0x00005f17) auipc   t5, 0x5
core   0: 3 0x8000affc (0x00005f17) x30 0x8000fffc
core   0: 0x8000b000 (0x003f2223) sw      gp, 4(t5)
core   0: 3 0x8000b000 (0x003f2223) mem 0x80010000 0x00000001
core   0: 0x8000b004 (0x0000bfe5) c.j     pc - 8
core   0: 3 0x8000b004 (0xbfe5)
core   0: 0x8000affc (0x00005f17) auipc   t5, 0x5
core   0: 3 0x8000affc (0x00005f17) x30 0x8000fffc
core   0: 0x8000b000 (0x003f2223) sw      gp, 4(t5)
core   0: 3 0x8000b000 (0x003f2223) mem 0x80010000 0x00000001
core   0: 0x8000b004 (0x0000bfe5) c.j     pc - 8
core   0: 3 0x8000b004 (0xbfe5)
core   0: 0x8000affc (0x00005f17) auipc   t5, 0x5
core   0: 3 0x8000affc (0x00005f17) x30 0x8000fffc
core   0: 0x8000b000 (0x003f2223) sw      gp, 4(t5)
core   0: 3 0x8000b000 (0x003f2223) mem 0x80010000 0x00000001
core   0: 0x8000b004 (0x0000bfe5) c.j     pc - 8
core   0: 3 0x8000b004 (0xbfe5)
core   0: 0x8000affc (0x00005f17) auipc   t5, 0x5
core   0: 3 0x8000affc (0x00005f17) x30 0x8000fffc
core   0: 0x8000b000 (0x003f2223) sw      gp, 4(t5)
core   0: 3 0x8000b000 (0x003f2223) mem 0x80010000 0x00000001
core   0: 0x8000b004 (0x0000bfe5) c.j     pc - 8
core   0: 3 0x8000b004 (0xbfe5)
core   0: 0x8000affc (0x00005f17) auipc   t5, 0x5
core   0: 3 0x8000affc (0x00005f17) x30 0x8000fffc
core   0: 0x8000b000 (0x003f2223) sw      gp, 4(t5)
core   0: 3 0x8000b000 (0x003f2223) mem 0x80010000 0x00000001
core   0: 0x8000b004 (0x0000bfe5) c.j     pc - 8
core   0: 3 0x8000b004 (0xbfe5)
core   0: 0x8000affc (0x00005f17) auipc   t5, 0x5
core   0: 3 0x8000affc (0x00005f17) x30 0x8000fffc
core   0: 0x8000b000 (0x003f2223) sw      gp, 4(t5)
core   0: 3 0x8000b000 (0x003f2223) mem 0x80010000 0x00000001
core   0: 0x8000b004 (0x0000bfe5) c.j     pc - 8
core   0: 3 0x8000b004 (0xbfe5)
core   0: 0x8000affc (0x00005f17) auipc   t5, 0x5
core   0: 3 0x8000affc (0x00005f17) x30 0x8000fffc
core   0: 0x8000b000 (0x003f2223) sw      gp, 4(t5)
core   0: 3 0x8000b000 (0x003f2223) mem 0x80010000 0x00000001
core   0: 0x8000b004 (0x0000bfe5) c.j     pc - 8
core   0: 3 0x8000b004 (0xbfe5)
core   0: 0x8000affc (0x00005f17) auipc   t5, 0x5
core   0: 3 0x8000affc (0x00005f17) x30 0x8000fffc
core   0: 0x8000b000 (0x003f2223) sw      gp, 4(t5)
core   0: 3 0x8000b000 (0x003f2223) mem 0x80010000 0x00000001
core   0: 0x8000b004 (0x0000bfe5) c.j     pc - 8
core   0: 3 0x8000b004 (0xbfe5)
core   0: 0x8000affc (0x00005f17) auipc   t5, 0x5
core   0: 3 0x8000affc (0x00005f17) x30 0x8000fffc
core   0: 0x8000b000 (0x003f2223) sw      gp, 4(t5)
core   0: 3 0x8000b000 (0x003f2223) mem 0x80010000 0x00000001
core   0: 0x8000b004 (0x0000bfe5) c.j     pc - 8
core   0: 3 0x8000b004 (0xbfe5)
core   0: 0x8000affc (0x00005f17) auipc   t5, 0x5
core   0: 3 0x8000affc (0x00005f17) x30 0x8000fffc
core   0: 0x8000b000 (0x003f2223) sw      gp, 4(t5)
core   0: 3 0x8000b000 (0x003f2223) mem 0x80010000 0x00000001
core   0: 0x8000b004 (0x0000bfe5) c.j     pc - 8
core   0: 3 0x8000b004 (0xbfe5)
core   0: 0x8000affc (0x00005f17) auipc   t5, 0x5
core   0: 3 0x8000affc (0x00005f17) x30 0x8000fffc
core   0: 0x8000b000 (0x003f2223) sw      gp, 4(t5)
core   0: 3 0x8000b000 (0x003f2223) mem 0x80010000 0x00000001
core   0: 0x8000b004 (0x0000bfe5) c.j     pc - 8
core   0: 3 0x8000b004 (0xbfe5)
core   0: 0x8000affc (0x00005f17) auipc   t5, 0x5
core   0: 3 0x8000affc (0x00005f17) x30 0x8000fffc
core   0: 0x8000b000 (0x003f2223) sw      gp, 4(t5)
core   0: 3 0x8000b000 (0x003f2223) mem 0x80010000 0x00000001
core   0: 0x8000b004 (0x0000bfe5) c.j     pc - 8
core   0: 3 0x8000b004 (0xbfe5)
core   0: 0x8000affc (0x00005f17) auipc   t5, 0x5
core   0: 3 0x8000affc (0x00005f17) x30 0x8000fffc
core   0: 0x8000b000 (0x003f2223) sw      gp, 4(t5)
core   0: 3 0x8000b000 (0x003f2223) mem 0x80010000 0x00000001
core   0: 0x8000b004 (0x0000bfe5) c.j     pc - 8
core   0: 3 0x8000b004 (0xbfe5)
core   0: 0x8000affc (0x00005f17) auipc   t5, 0x5
core   0: 3 0x8000affc (0x00005f17) x30 0x8000fffc
core   0: 0x8000b000 (0x003f2223) sw      gp, 4(t5)
core   0: 3 0x8000b000 (0x003f2223) mem 0x80010000 0x00000001
core   0: 0x8000b004 (0x0000bfe5) c.j     pc - 8
core   0: 3 0x8000b004 (0xbfe5)
core   0: 0x8000affc (0x00005f17) auipc   t5, 0x5
core   0: 3 0x8000affc (0x00005f17) x30 0x8000fffc
core   0: 0x8000b000 (0x003f2223) sw      gp, 4(t5)
core   0: 3 0x8000b000 (0x003f2223) mem 0x80010000 0x00000001
core   0: 0x8000b004 (0x0000bfe5) c.j     pc - 8
core   0: 3 0x8000b004 (0xbfe5)
core   0: 0x8000affc (0x00005f17) auipc   t5, 0x5
core   0: 3 0x8000affc (0x00005f17) x30 0x8000fffc
core   0: 0x8000b000 (0x003f2223) sw      gp, 4(t5)
core   0: 3 0x8000b000 (0x003f2223) mem 0x80010000 0x00000001
core   0: 0x8000b004 (0x0000bfe5) c.j     pc - 8
core   0: 3 0x8000b004 (0xbfe5)
core   0: 0x8000affc (0x00005f17) auipc   t5, 0x5
core   0: 3 0x8000affc (0x00005f17) x30 0x8000fffc
core   0: 0x8000b000 (0x003f2223) sw      gp, 4(t5)
core   0: 3 0x8000b000 (0x003f2223) mem 0x80010000 0x00000001
core   0: 0x8000b004 (0x0000bfe5) c.j     pc - 8
core   0: 3 0x8000b004 (0xbfe5)
core   0: 0x8000affc (0x00005f17) auipc   t5, 0x5
core   0: 3 0x8000affc (0x00005f17) x30 0x8000fffc
core   0: 0x8000b000 (0x003f2223) sw      gp, 4(t5)
core   0: 3 0x8000b000 (0x003f2223) mem 0x80010000 0x00000001
core   0: 0x8000b004 (0x0000bfe5) c.j     pc - 8
core   0: 3 0x8000b004 (0xbfe5)
core   0: 0x8000affc (0x00005f17) auipc   t5, 0x5
core   0: 3 0x8000affc (0x00005f17) x30 0x8000fffc
core   0: 0x8000b000 (0x003f2223) sw      gp, 4(t5)
core   0: 3 0x8000b000 (0x003f2223) mem 0x80010000 0x00000001
core   0: 0x8000b004 (0x0000bfe5) c.j     pc - 8
core   0: 3 0x8000b004 (0xbfe5)
core   0: 0x8000affc (0x00005f17) auipc   t5, 0x5
core   0: 3 0x8000affc (0x00005f17) x30 0x8000fffc
core   0: 0x8000b000 (0x003f2223) sw      gp, 4(t5)
core   0: 3 0x8000b000 (0x003f2223) mem 0x80010000 0x00000001
core   0: 0x8000b004 (0x0000bfe5) c.j     pc - 8
core   0: 3 0x8000b004 (0xbfe5)
core   0: 0x8000affc (0x00005f17) auipc   t5, 0x5
core   0: 3 0x8000affc (0x00005f17) x30 0x8000fffc
core   0: 0x8000b000 (0x003f2223) sw      gp, 4(t5)
core   0: 3 0x8000b000 (0x003f2223) mem 0x80010000 0x00000001
core   0: 0x8000b004 (0x0000bfe5) c.j     pc - 8
core   0: 3 0x8000b004 (0xbfe5)
core   0: 0x8000affc (0x00005f17) auipc   t5, 0x5
core   0: 3 0x8000affc (0x00005f17) x30 0x8000fffc
core   0: 0x8000b000 (0x003f2223) sw      gp, 4(t5)
core   0: 3 0x8000b000 (0x003f2223) mem 0x80010000 0x00000001
core   0: 0x8000b004 (0x0000bfe5) c.j     pc - 8
core   0: 3 0x8000b004 (0xbfe5)
core   0: 0x8000affc (0x00005f17) auipc   t5, 0x5
core   0: 3 0x8000affc (0x00005f17) x30 0x8000fffc
core   0: 0x8000b000 (0x003f2223) sw      gp, 4(t5)
core   0: 3 0x8000b000 (0x003f2223) mem 0x80010000 0x00000001
core   0: 0x8000b004 (0x0000bfe5) c.j     pc - 8
core   0: 3 0x8000b004 (0xbfe5)
core   0: 0x8000affc (0x00005f17) auipc   t5, 0x5
core   0: 3 0x8000affc (0x00005f17) x30 0x8000fffc
core   0: 0x8000b000 (0x003f2223) sw      gp, 4(t5)
core   0: 3 0x8000b000 (0x003f2223) mem 0x80010000 0x00000001
core   0: 0x8000b004 (0x0000bfe5) c.j     pc - 8
core   0: 3 0x8000b004 (0xbfe5)
core   0: 0x8000affc (0x00005f17) auipc   t5, 0x5
core   0: 3 0x8000affc (0x00005f17) x30 0x8000fffc
core   0: 0x8000b000 (0x003f2223) sw      gp, 4(t5)
core   0: 3 0x8000b000 (0x003f2223) mem 0x80010000 0x00000001
core   0: 0x8000b004 (0x0000bfe5) c.j     pc - 8
core   0: 3 0x8000b004 (0xbfe5)
core   0: 0x8000affc (0x00005f17) auipc   t5, 0x5
core   0: 3 0x8000affc (0x00005f17) x30 0x8000fffc
core   0: 0x8000b000 (0x003f2223) sw      gp, 4(t5)
core   0: 3 0x8000b000 (0x003f2223) mem 0x80010000 0x00000001
core   0: 0x8000b004 (0x0000bfe5) c.j     pc - 8
core   0: 3 0x8000b004 (0xbfe5)
core   0: 0x8000affc (0x00005f17) auipc   t5, 0x5
core   0: 3 0x8000affc (0x00005f17) x30 0x8000fffc
core   0: 0x8000b000 (0x003f2223) sw      gp, 4(t5)
core   0: 3 0x8000b000 (0x003f2223) mem 0x80010000 0x00000001
core   0: 0x8000b004 (0x0000bfe5) c.j     pc - 8
core   0: 3 0x8000b004 (0xbfe5)
core   0: 0x8000affc (0x00005f17) auipc   t5, 0x5
core   0: 3 0x8000affc (0x00005f17) x30 0x8000fffc
core   0: 0x8000b000 (0x003f2223) sw      gp, 4(t5)
core   0: 3 0x8000b000 (0x003f2223) mem 0x80010000 0x00000001
core   0: 0x8000b004 (0x0000bfe5) c.j     pc - 8
core   0: 3 0x8000b004 (0xbfe5)
core   0: 0x8000affc (0x00005f17) auipc   t5, 0x5
core   0: 3 0x8000affc (0x00005f17) x30 0x8000fffc
core   0: 0x8000b000 (0x003f2223) sw      gp, 4(t5)
core   0: 3 0x8000b000 (0x003f2223) mem 0x80010000 0x00000001
core   0: 0x8000b004 (0x0000bfe5) c.j     pc - 8
core   0: 3 0x8000b004 (0xbfe5)
core   0: 0x8000affc (0x00005f17) auipc   t5, 0x5
core   0: 3 0x8000affc (0x00005f17) x30 0x8000fffc
core   0: 0x8000b000 (0x003f2223) sw      gp, 4(t5)
core   0: 3 0x8000b000 (0x003f2223) mem 0x80010000 0x00000001
core   0: 0x8000b004 (0x0000bfe5) c.j     pc - 8
core   0: 3 0x8000b004 (0xbfe5)
core   0: 0x8000affc (0x00005f17) auipc   t5, 0x5
core   0: 3 0x8000affc (0x00005f17) x30 0x8000fffc
core   0: 0x8000b000 (0x003f2223) sw      gp, 4(t5)
core   0: 3 0x8000b000 (0x003f2223) mem 0x80010000 0x00000001
core   0: 0x8000b004 (0x0000bfe5) c.j     pc - 8
core   0: 3 0x8000b004 (0xbfe5)
core   0: 0x8000affc (0x00005f17) auipc   t5, 0x5
core   0: 3 0x8000affc (0x00005f17) x30 0x8000fffc
core   0: 0x8000b000 (0x003f2223) sw      gp, 4(t5)
core   0: 3 0x8000b000 (0x003f2223) mem 0x80010000 0x00000001
core   0: 0x8000b004 (0x0000bfe5) c.j     pc - 8
core   0: 3 0x8000b004 (0xbfe5)
core   0: 0x8000affc (0x00005f17) auipc   t5, 0x5
core   0: 3 0x8000affc (0x00005f17) x30 0x8000fffc
core   0: 0x8000b000 (0x003f2223) sw      gp, 4(t5)
core   0: 3 0x8000b000 (0x003f2223) mem 0x80010000 0x00000001
core   0: 0x8000b004 (0x0000bfe5) c.j     pc - 8
core   0: 3 0x8000b004 (0xbfe5)
core   0: 0x8000affc (0x00005f17) auipc   t5, 0x5
core   0: 3 0x8000affc (0x00005f17) x30 0x8000fffc
core   0: 0x8000b000 (0x003f2223) sw      gp, 4(t5)
core   0: 3 0x8000b000 (0x003f2223) mem 0x80010000 0x00000001
core   0: 0x8000b004 (0x0000bfe5) c.j     pc - 8
core   0: 3 0x8000b004 (0xbfe5)
core   0: 0x8000affc (0x00005f17) auipc   t5, 0x5
core   0: 3 0x8000affc (0x00005f17) x30 0x8000fffc
core   0: 0x8000b000 (0x003f2223) sw      gp, 4(t5)
core   0: 3 0x8000b000 (0x003f2223) mem 0x80010000 0x00000001
core   0: 0x8000b004 (0x0000bfe5) c.j     pc - 8
core   0: 3 0x8000b004 (0xbfe5)
core   0: 0x8000affc (0x00005f17) auipc   t5, 0x5
core   0: 3 0x8000affc (0x00005f17) x30 0x8000fffc
core   0: 0x8000b000 (0x003f2223) sw      gp, 4(t5)
core   0: 3 0x8000b000 (0x003f2223) mem 0x80010000 0x00000001
core   0: 0x8000b004 (0x0000bfe5) c.j     pc - 8
core   0: 3 0x8000b004 (0xbfe5)
core   0: 0x8000affc (0x00005f17) auipc   t5, 0x5
core   0: 3 0x8000affc (0x00005f17) x30 0x8000fffc
core   0: 0x8000b000 (0x003f2223) sw      gp, 4(t5)
core   0: 3 0x8000b000 (0x003f2223) mem 0x80010000 0x00000001
core   0: 0x8000b004 (0x0000bfe5) c.j     pc - 8
core   0: 3 0x8000b004 (0xbfe5)
core   0: 0x8000affc (0x00005f17) auipc   t5, 0x5
core   0: 3 0x8000affc (0x00005f17) x30 0x8000fffc
core   0: 0x8000b000 (0x003f2223) sw      gp, 4(t5)
core   0: 3 0x8000b000 (0x003f2223) mem 0x80010000 0x00000001
core   0: 0x8000b004 (0x0000bfe5) c.j     pc - 8
core   0: 3 0x8000b004 (0xbfe5)
core   0: 0x8000affc (0x00005f17) auipc   t5, 0x5
core   0: 3 0x8000affc (0x00005f17) x30 0x8000fffc
core   0: 0x8000b000 (0x003f2223) sw      gp, 4(t5)
core   0: 3 0x8000b000 (0x003f2223) mem 0x80010000 0x00000001
core   0: 0x8000b004 (0x0000bfe5) c.j     pc - 8
core   0: 3 0x8000b004 (0xbfe5)
core   0: 0x8000affc (0x00005f17) auipc   t5, 0x5
core   0: 3 0x8000affc (0x00005f17) x30 0x8000fffc
core   0: 0x8000b000 (0x003f2223) sw      gp, 4(t5)
core   0: 3 0x8000b000 (0x003f2223) mem 0x80010000 0x00000001
core   0: 0x8000b004 (0x0000bfe5) c.j     pc - 8
core   0: 3 0x8000b004 (0xbfe5)
core   0: 0x8000affc (0x00005f17) auipc   t5, 0x5
core   0: 3 0x8000affc (0x00005f17) x30 0x8000fffc
core   0: 0x8000b000 (0x003f2223) sw      gp, 4(t5)
core   0: 3 0x8000b000 (0x003f2223) mem 0x80010000 0x00000001
core   0: 0x8000b004 (0x0000bfe5) c.j     pc - 8
core   0: 3 0x8000b004 (0xbfe5)
core   0: 0x8000affc (0x00005f17) auipc   t5, 0x5
core   0: 3 0x8000affc (0x00005f17) x30 0x8000fffc
core   0: 0x8000b000 (0x003f2223) sw      gp, 4(t5)
core   0: 3 0x8000b000 (0x003f2223) mem 0x80010000 0x00000001
core   0: 0x8000b004 (0x0000bfe5) c.j     pc - 8
core   0: 3 0x8000b004 (0xbfe5)
core   0: 0x8000affc (0x00005f17) auipc   t5, 0x5
core   0: 3 0x8000affc (0x00005f17) x30 0x8000fffc
core   0: 0x8000b000 (0x003f2223) sw      gp, 4(t5)
core   0: 3 0x8000b000 (0x003f2223) mem 0x80010000 0x00000001
core   0: 0x8000b004 (0x0000bfe5) c.j     pc - 8
core   0: 3 0x8000b004 (0xbfe5)
core   0: 0x8000affc (0x00005f17) auipc   t5, 0x5
core   0: 3 0x8000affc (0x00005f17) x30 0x8000fffc
core   0: 0x8000b000 (0x003f2223) sw      gp, 4(t5)
core   0: 3 0x8000b000 (0x003f2223) mem 0x80010000 0x00000001
core   0: 0x8000b004 (0x0000bfe5) c.j     pc - 8
core   0: 3 0x8000b004 (0xbfe5)
core   0: 0x8000affc (0x00005f17) auipc   t5, 0x5
core   0: 3 0x8000affc (0x00005f17) x30 0x8000fffc
core   0: 0x8000b000 (0x003f2223) sw      gp, 4(t5)
core   0: 3 0x8000b000 (0x003f2223) mem 0x80010000 0x00000001
core   0: 0x8000b004 (0x0000bfe5) c.j     pc - 8
core   0: 3 0x8000b004 (0xbfe5)
core   0: 0x8000affc (0x00005f17) auipc   t5, 0x5
core   0: 3 0x8000affc (0x00005f17) x30 0x8000fffc
core   0: 0x8000b000 (0x003f2223) sw      gp, 4(t5)
core   0: 3 0x8000b000 (0x003f2223) mem 0x80010000 0x00000001
core   0: 0x8000b004 (0x0000bfe5) c.j     pc - 8
core   0: 3 0x8000b004 (0xbfe5)
core   0: 0x8000affc (0x00005f17) auipc   t5, 0x5
core   0: 3 0x8000affc (0x00005f17) x30 0x8000fffc
core   0: 0x8000b000 (0x003f2223) sw      gp, 4(t5)
core   0: 3 0x8000b000 (0x003f2223) mem 0x80010000 0x00000001
core   0: 0x8000b004 (0x0000bfe5) c.j     pc - 8
core   0: 3 0x8000b004 (0xbfe5)
core   0: 0x8000affc (0x00005f17) auipc   t5, 0x5
core   0: 3 0x8000affc (0x00005f17) x30 0x8000fffc
core   0: 0x8000b000 (0x003f2223) sw      gp, 4(t5)
core   0: 3 0x8000b000 (0x003f2223) mem 0x80010000 0x00000001
core   0: 0x8000b004 (0x0000bfe5) c.j     pc - 8
core   0: 3 0x8000b004 (0xbfe5)
core   0: 0x8000affc (0x00005f17) auipc   t5, 0x5
core   0: 3 0x8000affc (0x00005f17) x30 0x8000fffc
core   0: 0x8000b000 (0x003f2223) sw      gp, 4(t5)
core   0: 3 0x8000b000 (0x003f2223) mem 0x80010000 0x00000001
core   0: 0x8000b004 (0x0000bfe5) c.j     pc - 8
core   0: 3 0x8000b004 (0xbfe5)
core   0: 0x8000affc (0x00005f17) auipc   t5, 0x5
core   0: 3 0x8000affc (0x00005f17) x30 0x8000fffc
core   0: 0x8000b000 (0x003f2223) sw      gp, 4(t5)
core   0: 3 0x8000b000 (0x003f2223) mem 0x80010000 0x00000001
core   0: 0x8000b004 (0x0000bfe5) c.j     pc - 8
core   0: 3 0x8000b004 (0xbfe5)
core   0: 0x8000affc (0x00005f17) auipc   t5, 0x5
core   0: 3 0x8000affc (0x00005f17) x30 0x8000fffc
core   0: 0x8000b000 (0x003f2223) sw      gp, 4(t5)
core   0: 3 0x8000b000 (0x003f2223) mem 0x80010000 0x00000001
core   0: 0x8000b004 (0x0000bfe5) c.j     pc - 8
core   0: 3 0x8000b004 (0xbfe5)
core   0: 0x8000affc (0x00005f17) auipc   t5, 0x5
core   0: 3 0x8000affc (0x00005f17) x30 0x8000fffc
core   0: 0x8000b000 (0x003f2223) sw      gp, 4(t5)
core   0: 3 0x8000b000 (0x003f2223) mem 0x80010000 0x00000001
core   0: 0x8000b004 (0x0000bfe5) c.j     pc - 8
core   0: 3 0x8000b004 (0xbfe5)
core   0: 0x8000affc (0x00005f17) auipc   t5, 0x5
core   0: 3 0x8000affc (0x00005f17) x30 0x8000fffc
core   0: 0x8000b000 (0x003f2223) sw      gp, 4(t5)
core   0: 3 0x8000b000 (0x003f2223) mem 0x80010000 0x00000001
core   0: 0x8000b004 (0x0000bfe5) c.j     pc - 8
core   0: 3 0x8000b004 (0xbfe5)
core   0: 0x8000affc (0x00005f17) auipc   t5, 0x5
core   0: 3 0x8000affc (0x00005f17) x30 0x8000fffc
core   0: 0x8000b000 (0x003f2223) sw      gp, 4(t5)
core   0: 3 0x8000b000 (0x003f2223) mem 0x80010000 0x00000001
core   0: 0x8000b004 (0x0000bfe5) c.j     pc - 8
core   0: 3 0x8000b004 (0xbfe5)
core   0: 0x8000affc (0x00005f17) auipc   t5, 0x5
core   0: 3 0x8000affc (0x00005f17) x30 0x8000fffc
core   0: 0x8000b000 (0x003f2223) sw      gp, 4(t5)
core   0: 3 0x8000b000 (0x003f2223) mem 0x80010000 0x00000001
core   0: 0x8000b004 (0x0000bfe5) c.j     pc - 8
core   0: 3 0x8000b004 (0xbfe5)
core   0: 0x8000affc (0x00005f17) auipc   t5, 0x5
core   0: 3 0x8000affc (0x00005f17) x30 0x8000fffc
core   0: 0x8000b000 (0x003f2223) sw      gp, 4(t5)
core   0: 3 0x8000b000 (0x003f2223) mem 0x80010000 0x00000001
core   0: 0x8000b004 (0x0000bfe5) c.j     pc - 8
core   0: 3 0x8000b004 (0xbfe5)
core   0: 0x8000affc (0x00005f17) auipc   t5, 0x5
core   0: 3 0x8000affc (0x00005f17) x30 0x8000fffc
core   0: 0x8000b000 (0x003f2223) sw      gp, 4(t5)
core   0: 3 0x8000b000 (0x003f2223) mem 0x80010000 0x00000001
core   0: 0x8000b004 (0x0000bfe5) c.j     pc - 8
core   0: 3 0x8000b004 (0xbfe5)
core   0: 0x8000affc (0x00005f17) auipc   t5, 0x5
core   0: 3 0x8000affc (0x00005f17) x30 0x8000fffc
core   0: 0x8000b000 (0x003f2223) sw      gp, 4(t5)
core   0: 3 0x8000b000 (0x003f2223) mem 0x80010000 0x00000001
core   0: 0x8000b004 (0x0000bfe5) c.j     pc - 8
core   0: 3 0x8000b004 (0xbfe5)
core   0: 0x8000affc (0x00005f17) auipc   t5, 0x5
core   0: 3 0x8000affc (0x00005f17) x30 0x8000fffc
core   0: 0x8000b000 (0x003f2223) sw      gp, 4(t5)
core   0: 3 0x8000b000 (0x003f2223) mem 0x80010000 0x00000001
core   0: 0x8000b004 (0x0000bfe5) c.j     pc - 8
core   0: 3 0x8000b004 (0xbfe5)
core   0: 0x8000affc (0x00005f17) auipc   t5, 0x5
core   0: 3 0x8000affc (0x00005f17) x30 0x8000fffc
core   0: 0x8000b000 (0x003f2223) sw      gp, 4(t5)
core   0: 3 0x8000b000 (0x003f2223) mem 0x80010000 0x00000001
core   0: 0x8000b004 (0x0000bfe5) c.j     pc - 8
core   0: 3 0x8000b004 (0xbfe5)
core   0: 0x8000affc (0x00005f17) auipc   t5, 0x5
core   0: 3 0x8000affc (0x00005f17) x30 0x8000fffc
core   0: 0x8000b000 (0x003f2223) sw      gp, 4(t5)
core   0: 3 0x8000b000 (0x003f2223) mem 0x80010000 0x00000001
core   0: 0x8000b004 (0x0000bfe5) c.j     pc - 8
core   0: 3 0x8000b004 (0xbfe5)
core   0: 0x8000affc (0x00005f17) auipc   t5, 0x5
core   0: 3 0x8000affc (0x00005f17) x30 0x8000fffc
core   0: 0x8000b000 (0x003f2223) sw      gp, 4(t5)
core   0: 3 0x8000b000 (0x003f2223) mem 0x80010000 0x00000001
core   0: 0x8000b004 (0x0000bfe5) c.j     pc - 8
core   0: 3 0x8000b004 (0xbfe5)
core   0: 0x8000affc (0x00005f17) auipc   t5, 0x5
core   0: 3 0x8000affc (0x00005f17) x30 0x8000fffc
core   0: 0x8000b000 (0x003f2223) sw      gp, 4(t5)
core   0: 3 0x8000b000 (0x003f2223) mem 0x80010000 0x00000001
core   0: 0x8000b004 (0x0000bfe5) c.j     pc - 8
core   0: 3 0x8000b004 (0xbfe5)
core   0: 0x8000affc (0x00005f17) auipc   t5, 0x5
core   0: 3 0x8000affc (0x00005f17) x30 0x8000fffc
core   0: 0x8000b000 (0x003f2223) sw      gp, 4(t5)
core   0: 3 0x8000b000 (0x003f2223) mem 0x80010000 0x00000001
core   0: 0x8000b004 (0x0000bfe5) c.j     pc - 8
core   0: 3 0x8000b004 (0xbfe5)
core   0: 0x8000affc (0x00005f17) auipc   t5, 0x5
core   0: 3 0x8000affc (0x00005f17) x30 0x8000fffc
core   0: 0x8000b000 (0x003f2223) sw      gp, 4(t5)
core   0: 3 0x8000b000 (0x003f2223) mem 0x80010000 0x00000001
core   0: 0x8000b004 (0x0000bfe5) c.j     pc - 8
core   0: 3 0x8000b004 (0xbfe5)
core   0: 0x8000affc (0x00005f17) auipc   t5, 0x5
core   0: 3 0x8000affc (0x00005f17) x30 0x8000fffc
core   0: 0x8000b000 (0x003f2223) sw      gp, 4(t5)
core   0: 3 0x8000b000 (0x003f2223) mem 0x80010000 0x00000001
core   0: 0x8000b004 (0x0000bfe5) c.j     pc - 8
core   0: 3 0x8000b004 (0xbfe5)
core   0: 0x8000affc (0x00005f17) auipc   t5, 0x5
core   0: 3 0x8000affc (0x00005f17) x30 0x8000fffc
core   0: 0x8000b000 (0x003f2223) sw      gp, 4(t5)
core   0: 3 0x8000b000 (0x003f2223) mem 0x80010000 0x00000001
core   0: 0x8000b004 (0x0000bfe5) c.j     pc - 8
core   0: 3 0x8000b004 (0xbfe5)
core   0: 0x8000affc (0x00005f17) auipc   t5, 0x5
core   0: 3 0x8000affc (0x00005f17) x30 0x8000fffc
core   0: 0x8000b000 (0x003f2223) sw      gp, 4(t5)
core   0: 3 0x8000b000 (0x003f2223) mem 0x80010000 0x00000001
core   0: 0x8000b004 (0x0000bfe5) c.j     pc - 8
core   0: 3 0x8000b004 (0xbfe5)
core   0: 0x8000affc (0x00005f17) auipc   t5, 0x5
core   0: 3 0x8000affc (0x00005f17) x30 0x8000fffc
core   0: 0x8000b000 (0x003f2223) sw      gp, 4(t5)
core   0: 3 0x8000b000 (0x003f2223) mem 0x80010000 0x00000001
core   0: 0x8000b004 (0x0000bfe5) c.j     pc - 8
core   0: 3 0x8000b004 (0xbfe5)
core   0: 0x8000affc (0x00005f17) auipc   t5, 0x5
core   0: 3 0x8000affc (0x00005f17) x30 0x8000fffc
core   0: 0x8000b000 (0x003f2223) sw      gp, 4(t5)
core   0: 3 0x8000b000 (0x003f2223) mem 0x80010000 0x00000001
core   0: 0x8000b004 (0x0000bfe5) c.j     pc - 8
core   0: 3 0x8000b004 (0xbfe5)
core   0: 0x8000affc (0x00005f17) auipc   t5, 0x5
core   0: 3 0x8000affc (0x00005f17) x30 0x8000fffc
core   0: 0x8000b000 (0x003f2223) sw      gp, 4(t5)
core   0: 3 0x8000b000 (0x003f2223) mem 0x80010000 0x00000001
core   0: 0x8000b004 (0x0000bfe5) c.j     pc - 8
core   0: 3 0x8000b004 (0xbfe5)
core   0: 0x8000affc (0x00005f17) auipc   t5, 0x5
core   0: 3 0x8000affc (0x00005f17) x30 0x8000fffc
core   0: 0x8000b000 (0x003f2223) sw      gp, 4(t5)
core   0: 3 0x8000b000 (0x003f2223) mem 0x80010000 0x00000001
core   0: 0x8000b004 (0x0000bfe5) c.j     pc - 8
core   0: 3 0x8000b004 (0xbfe5)
core   0: 0x8000affc (0x00005f17) auipc   t5, 0x5
core   0: 3 0x8000affc (0x00005f17) x30 0x8000fffc
core   0: 0x8000b000 (0x003f2223) sw      gp, 4(t5)
core   0: 3 0x8000b000 (0x003f2223) mem 0x80010000 0x00000001
core   0: 0x8000b004 (0x0000bfe5) c.j     pc - 8
core   0: 3 0x8000b004 (0xbfe5)
core   0: 0x8000affc (0x00005f17) auipc   t5, 0x5
core   0: 3 0x8000affc (0x00005f17) x30 0x8000fffc
core   0: 0x8000b000 (0x003f2223) sw      gp, 4(t5)
core   0: 3 0x8000b000 (0x003f2223) mem 0x80010000 0x00000001
core   0: 0x8000b004 (0x0000bfe5) c.j     pc - 8
core   0: 3 0x8000b004 (0xbfe5)
core   0: 0x8000affc (0x00005f17) auipc   t5, 0x5
core   0: 3 0x8000affc (0x00005f17) x30 0x8000fffc
core   0: 0x8000b000 (0x003f2223) sw      gp, 4(t5)
core   0: 3 0x8000b000 (0x003f2223) mem 0x80010000 0x00000001
core   0: 0x8000b004 (0x0000bfe5) c.j     pc - 8
core   0: 3 0x8000b004 (0xbfe5)
core   0: 0x8000affc (0x00005f17) auipc   t5, 0x5
core   0: 3 0x8000affc (0x00005f17) x30 0x8000fffc
core   0: 0x8000b000 (0x003f2223) sw      gp, 4(t5)
core   0: 3 0x8000b000 (0x003f2223) mem 0x80010000 0x00000001
core   0: 0x8000b004 (0x0000bfe5) c.j     pc - 8
core   0: 3 0x8000b004 (0xbfe5)
core   0: 0x8000affc (0x00005f17) auipc   t5, 0x5
core   0: 3 0x8000affc (0x00005f17) x30 0x8000fffc
core   0: 0x8000b000 (0x003f2223) sw      gp, 4(t5)
core   0: 3 0x8000b000 (0x003f2223) mem 0x80010000 0x00000001
core   0: 0x8000b004 (0x0000bfe5) c.j     pc - 8
core   0: 3 0x8000b004 (0xbfe5)
core   0: 0x8000affc (0x00005f17) auipc   t5, 0x5
core   0: 3 0x8000affc (0x00005f17) x30 0x8000fffc
core   0: 0x8000b000 (0x003f2223) sw      gp, 4(t5)
core   0: 3 0x8000b000 (0x003f2223) mem 0x80010000 0x00000001
core   0: 0x8000b004 (0x0000bfe5) c.j     pc - 8
core   0: 3 0x8000b004 (0xbfe5)
core   0: 0x8000affc (0x00005f17) auipc   t5, 0x5
core   0: 3 0x8000affc (0x00005f17) x30 0x8000fffc
core   0: 0x8000b000 (0x003f2223) sw      gp, 4(t5)
core   0: 3 0x8000b000 (0x003f2223) mem 0x80010000 0x00000001
core   0: 0x8000b004 (0x0000bfe5) c.j     pc - 8
core   0: 3 0x8000b004 (0xbfe5)
core   0: 0x8000affc (0x00005f17) auipc   t5, 0x5
core   0: 3 0x8000affc (0x00005f17) x30 0x8000fffc
core   0: 0x8000b000 (0x003f2223) sw      gp, 4(t5)
core   0: 3 0x8000b000 (0x003f2223) mem 0x80010000 0x00000001
core   0: 0x8000b004 (0x0000bfe5) c.j     pc - 8
core   0: 3 0x8000b004 (0xbfe5)
core   0: 0x8000affc (0x00005f17) auipc   t5, 0x5
core   0: 3 0x8000affc (0x00005f17) x30 0x8000fffc
core   0: 0x8000b000 (0x003f2223) sw      gp, 4(t5)
core   0: 3 0x8000b000 (0x003f2223) mem 0x80010000 0x00000001
core   0: 0x8000b004 (0x0000bfe5) c.j     pc - 8
core   0: 3 0x8000b004 (0xbfe5)
core   0: 0x8000affc (0x00005f17) auipc   t5, 0x5
core   0: 3 0x8000affc (0x00005f17) x30 0x8000fffc
core   0: 0x8000b000 (0x003f2223) sw      gp, 4(t5)
core   0: 3 0x8000b000 (0x003f2223) mem 0x80010000 0x00000001
core   0: 0x8000b004 (0x0000bfe5) c.j     pc - 8
core   0: 3 0x8000b004 (0xbfe5)
core   0: 0x8000affc (0x00005f17) auipc   t5, 0x5
core   0: 3 0x8000affc (0x00005f17) x30 0x8000fffc
core   0: 0x8000b000 (0x003f2223) sw      gp, 4(t5)
core   0: 3 0x8000b000 (0x003f2223) mem 0x80010000 0x00000001
core   0: 0x8000b004 (0x0000bfe5) c.j     pc - 8
core   0: 3 0x8000b004 (0xbfe5)
core   0: 0x8000affc (0x00005f17) auipc   t5, 0x5
core   0: 3 0x8000affc (0x00005f17) x30 0x8000fffc
core   0: 0x8000b000 (0x003f2223) sw      gp, 4(t5)
core   0: 3 0x8000b000 (0x003f2223) mem 0x80010000 0x00000001
core   0: 0x8000b004 (0x0000bfe5) c.j     pc - 8
core   0: 3 0x8000b004 (0xbfe5)
core   0: 0x8000affc (0x00005f17) auipc   t5, 0x5
core   0: 3 0x8000affc (0x00005f17) x30 0x8000fffc
core   0: 0x8000b000 (0x003f2223) sw      gp, 4(t5)
core   0: 3 0x8000b000 (0x003f2223) mem 0x80010000 0x00000001
core   0: 0x8000b004 (0x0000bfe5) c.j     pc - 8
core   0: 3 0x8000b004 (0xbfe5)
core   0: 0x8000affc (0x00005f17) auipc   t5, 0x5
core   0: 3 0x8000affc (0x00005f17) x30 0x8000fffc
core   0: 0x8000b000 (0x003f2223) sw      gp, 4(t5)
core   0: 3 0x8000b000 (0x003f2223) mem 0x80010000 0x00000001
core   0: 0x8000b004 (0x0000bfe5) c.j     pc - 8
core   0: 3 0x8000b004 (0xbfe5)
core   0: 0x8000affc (0x00005f17) auipc   t5, 0x5
core   0: 3 0x8000affc (0x00005f17) x30 0x8000fffc
core   0: 0x8000b000 (0x003f2223) sw      gp, 4(t5)
core   0: 3 0x8000b000 (0x003f2223) mem 0x80010000 0x00000001
core   0: 0x8000b004 (0x0000bfe5) c.j     pc - 8
core   0: 3 0x8000b004 (0xbfe5)
core   0: 0x8000affc (0x00005f17) auipc   t5, 0x5
core   0: 3 0x8000affc (0x00005f17) x30 0x8000fffc
core   0: 0x8000b000 (0x003f2223) sw      gp, 4(t5)
core   0: 3 0x8000b000 (0x003f2223) mem 0x80010000 0x00000001
core   0: 0x8000b004 (0x0000bfe5) c.j     pc - 8
core   0: 3 0x8000b004 (0xbfe5)
core   0: 0x8000affc (0x00005f17) auipc   t5, 0x5
core   0: 3 0x8000affc (0x00005f17) x30 0x8000fffc
core   0: 0x8000b000 (0x003f2223) sw      gp, 4(t5)
core   0: 3 0x8000b000 (0x003f2223) mem 0x80010000 0x00000001
core   0: 0x8000b004 (0x0000bfe5) c.j     pc - 8
core   0: 3 0x8000b004 (0xbfe5)
core   0: 0x8000affc (0x00005f17) auipc   t5, 0x5
core   0: 3 0x8000affc (0x00005f17) x30 0x8000fffc
core   0: 0x8000b000 (0x003f2223) sw      gp, 4(t5)
core   0: 3 0x8000b000 (0x003f2223) mem 0x80010000 0x00000001
core   0: 0x8000b004 (0x0000bfe5) c.j     pc - 8
core   0: 3 0x8000b004 (0xbfe5)
core   0: 0x8000affc (0x00005f17) auipc   t5, 0x5
core   0: 3 0x8000affc (0x00005f17) x30 0x8000fffc
core   0: 0x8000b000 (0x003f2223) sw      gp, 4(t5)
core   0: 3 0x8000b000 (0x003f2223) mem 0x80010000 0x00000001
core   0: 0x8000b004 (0x0000bfe5) c.j     pc - 8
core   0: 3 0x8000b004 (0xbfe5)
core   0: 0x8000affc (0x00005f17) auipc   t5, 0x5
core   0: 3 0x8000affc (0x00005f17) x30 0x8000fffc
core   0: 0x8000b000 (0x003f2223) sw      gp, 4(t5)
core   0: 3 0x8000b000 (0x003f2223) mem 0x80010000 0x00000001
core   0: 0x8000b004 (0x0000bfe5) c.j     pc - 8
core   0: 3 0x8000b004 (0xbfe5)
core   0: 0x8000affc (0x00005f17) auipc   t5, 0x5
core   0: 3 0x8000affc (0x00005f17) x30 0x8000fffc
core   0: 0x8000b000 (0x003f2223) sw      gp, 4(t5)
core   0: 3 0x8000b000 (0x003f2223) mem 0x80010000 0x00000001
core   0: 0x8000b004 (0x0000bfe5) c.j     pc - 8
core   0: 3 0x8000b004 (0xbfe5)
core   0: 0x8000affc (0x00005f17) auipc   t5, 0x5
core   0: 3 0x8000affc (0x00005f17) x30 0x8000fffc
core   0: 0x8000b000 (0x003f2223) sw      gp, 4(t5)
core   0: 3 0x8000b000 (0x003f2223) mem 0x80010000 0x00000001
core   0: 0x8000b004 (0x0000bfe5) c.j     pc - 8
core   0: 3 0x8000b004 (0xbfe5)
core   0: 0x8000affc (0x00005f17) auipc   t5, 0x5
core   0: 3 0x8000affc (0x00005f17) x30 0x8000fffc
core   0: 0x8000b000 (0x003f2223) sw      gp, 4(t5)
core   0: 3 0x8000b000 (0x003f2223) mem 0x80010000 0x00000001
core   0: 0x8000b004 (0x0000bfe5) c.j     pc - 8
core   0: 3 0x8000b004 (0xbfe5)
core   0: 0x8000affc (0x00005f17) auipc   t5, 0x5
core   0: 3 0x8000affc (0x00005f17) x30 0x8000fffc
core   0: 0x8000b000 (0x003f2223) sw      gp, 4(t5)
core   0: 3 0x8000b000 (0x003f2223) mem 0x80010000 0x00000001
core   0: 0x8000b004 (0x0000bfe5) c.j     pc - 8
core   0: 3 0x8000b004 (0xbfe5)
core   0: 0x8000affc (0x00005f17) auipc   t5, 0x5
core   0: 3 0x8000affc (0x00005f17) x30 0x8000fffc
core   0: 0x8000b000 (0x003f2223) sw      gp, 4(t5)
core   0: 3 0x8000b000 (0x003f2223) mem 0x80010000 0x00000001
core   0: 0x8000b004 (0x0000bfe5) c.j     pc - 8
core   0: 3 0x8000b004 (0xbfe5)
core   0: 0x8000affc (0x00005f17) auipc   t5, 0x5
core   0: 3 0x8000affc (0x00005f17) x30 0x8000fffc
core   0: 0x8000b000 (0x003f2223) sw      gp, 4(t5)
core   0: 3 0x8000b000 (0x003f2223) mem 0x80010000 0x00000001
core   0: 0x8000b004 (0x0000bfe5) c.j     pc - 8
core   0: 3 0x8000b004 (0xbfe5)
core   0: 0x8000affc (0x00005f17) auipc   t5, 0x5
core   0: 3 0x8000affc (0x00005f17) x30 0x8000fffc
core   0: 0x8000b000 (0x003f2223) sw      gp, 4(t5)
core   0: 3 0x8000b000 (0x003f2223) mem 0x80010000 0x00000001
core   0: 0x8000b004 (0x0000bfe5) c.j     pc - 8
core   0: 3 0x8000b004 (0xbfe5)
core   0: 0x8000affc (0x00005f17) auipc   t5, 0x5
core   0: 3 0x8000affc (0x00005f17) x30 0x8000fffc
core   0: 0x8000b000 (0x003f2223) sw      gp, 4(t5)
core   0: 3 0x8000b000 (0x003f2223) mem 0x80010000 0x00000001
core   0: 0x8000b004 (0x0000bfe5) c.j     pc - 8
core   0: 3 0x8000b004 (0xbfe5)
core   0: 0x8000affc (0x00005f17) auipc   t5, 0x5
core   0: 3 0x8000affc (0x00005f17) x30 0x8000fffc
core   0: 0x8000b000 (0x003f2223) sw      gp, 4(t5)
core   0: 3 0x8000b000 (0x003f2223) mem 0x80010000 0x00000001
core   0: 0x8000b004 (0x0000bfe5) c.j     pc - 8
core   0: 3 0x8000b004 (0xbfe5)
core   0: 0x8000affc (0x00005f17) auipc   t5, 0x5
core   0: 3 0x8000affc (0x00005f17) x30 0x8000fffc
core   0: 0x8000b000 (0x003f2223) sw      gp, 4(t5)
core   0: 3 0x8000b000 (0x003f2223) mem 0x80010000 0x00000001
core   0: 0x8000b004 (0x0000bfe5) c.j     pc - 8
core   0: 3 0x8000b004 (0xbfe5)
core   0: 0x8000affc (0x00005f17) auipc   t5, 0x5
core   0: 3 0x8000affc (0x00005f17) x30 0x8000fffc
core   0: 0x8000b000 (0x003f2223) sw      gp, 4(t5)
core   0: 3 0x8000b000 (0x003f2223) mem 0x80010000 0x00000001
core   0: 0x8000b004 (0x0000bfe5) c.j     pc - 8
core   0: 3 0x8000b004 (0xbfe5)
core   0: 0x8000affc (0x00005f17) auipc   t5, 0x5
core   0: 3 0x8000affc (0x00005f17) x30 0x8000fffc
core   0: 0x8000b000 (0x003f2223) sw      gp, 4(t5)
core   0: 3 0x8000b000 (0x003f2223) mem 0x80010000 0x00000001
core   0: 0x8000b004 (0x0000bfe5) c.j     pc - 8
core   0: 3 0x8000b004 (0xbfe5)
core   0: 0x8000affc (0x00005f17) auipc   t5, 0x5
core   0: 3 0x8000affc (0x00005f17) x30 0x8000fffc
core   0: 0x8000b000 (0x003f2223) sw      gp, 4(t5)
core   0: 3 0x8000b000 (0x003f2223) mem 0x80010000 0x00000001
core   0: 0x8000b004 (0x0000bfe5) c.j     pc - 8
core   0: 3 0x8000b004 (0xbfe5)
core   0: 0x8000affc (0x00005f17) auipc   t5, 0x5
core   0: 3 0x8000affc (0x00005f17) x30 0x8000fffc
core   0: 0x8000b000 (0x003f2223) sw      gp, 4(t5)
core   0: 3 0x8000b000 (0x003f2223) mem 0x80010000 0x00000001
core   0: 0x8000b004 (0x0000bfe5) c.j     pc - 8
core   0: 3 0x8000b004 (0xbfe5)
core   0: 0x8000affc (0x00005f17) auipc   t5, 0x5
core   0: 3 0x8000affc (0x00005f17) x30 0x8000fffc
core   0: 0x8000b000 (0x003f2223) sw      gp, 4(t5)
core   0: 3 0x8000b000 (0x003f2223) mem 0x80010000 0x00000001
core   0: 0x8000b004 (0x0000bfe5) c.j     pc - 8
core   0: 3 0x8000b004 (0xbfe5)
core   0: 0x8000affc (0x00005f17) auipc   t5, 0x5
core   0: 3 0x8000affc (0x00005f17) x30 0x8000fffc
core   0: 0x8000b000 (0x003f2223) sw      gp, 4(t5)
core   0: 3 0x8000b000 (0x003f2223) mem 0x80010000 0x00000001
core   0: 0x8000b004 (0x0000bfe5) c.j     pc - 8
core   0: 3 0x8000b004 (0xbfe5)
core   0: 0x8000affc (0x00005f17) auipc   t5, 0x5
core   0: 3 0x8000affc (0x00005f17) x30 0x8000fffc
core   0: 0x8000b000 (0x003f2223) sw      gp, 4(t5)
core   0: 3 0x8000b000 (0x003f2223) mem 0x80010000 0x00000001
core   0: 0x8000b004 (0x0000bfe5) c.j     pc - 8
core   0: 3 0x8000b004 (0xbfe5)
core   0: 0x8000affc (0x00005f17) auipc   t5, 0x5
core   0: 3 0x8000affc (0x00005f17) x30 0x8000fffc
core   0: 0x8000b000 (0x003f2223) sw      gp, 4(t5)
core   0: 3 0x8000b000 (0x003f2223) mem 0x80010000 0x00000001
core   0: 0x8000b004 (0x0000bfe5) c.j     pc - 8
core   0: 3 0x8000b004 (0xbfe5)
core   0: 0x8000affc (0x00005f17) auipc   t5, 0x5
core   0: 3 0x8000affc (0x00005f17) x30 0x8000fffc
core   0: 0x8000b000 (0x003f2223) sw      gp, 4(t5)
core   0: 3 0x8000b000 (0x003f2223) mem 0x80010000 0x00000001
core   0: 0x8000b004 (0x0000bfe5) c.j     pc - 8
core   0: 3 0x8000b004 (0xbfe5)
core   0: 0x8000affc (0x00005f17) auipc   t5, 0x5
core   0: 3 0x8000affc (0x00005f17) x30 0x8000fffc
core   0: 0x8000b000 (0x003f2223) sw      gp, 4(t5)
core   0: 3 0x8000b000 (0x003f2223) mem 0x80010000 0x00000001
core   0: 0x8000b004 (0x0000bfe5) c.j     pc - 8
core   0: 3 0x8000b004 (0xbfe5)
core   0: 0x8000affc (0x00005f17) auipc   t5, 0x5
core   0: 3 0x8000affc (0x00005f17) x30 0x8000fffc
core   0: 0x8000b000 (0x003f2223) sw      gp, 4(t5)
core   0: 3 0x8000b000 (0x003f2223) mem 0x80010000 0x00000001
core   0: 0x8000b004 (0x0000bfe5) c.j     pc - 8
core   0: 3 0x8000b004 (0xbfe5)
core   0: 0x8000affc (0x00005f17) auipc   t5, 0x5
core   0: 3 0x8000affc (0x00005f17) x30 0x8000fffc
core   0: 0x8000b000 (0x003f2223) sw      gp, 4(t5)
core   0: 3 0x8000b000 (0x003f2223) mem 0x80010000 0x00000001
core   0: 0x8000b004 (0x0000bfe5) c.j     pc - 8
core   0: 3 0x8000b004 (0xbfe5)
core   0: 0x8000affc (0x00005f17) auipc   t5, 0x5
core   0: 3 0x8000affc (0x00005f17) x30 0x8000fffc
core   0: 0x8000b000 (0x003f2223) sw      gp, 4(t5)
core   0: 3 0x8000b000 (0x003f2223) mem 0x80010000 0x00000001
core   0: 0x8000b004 (0x0000bfe5) c.j     pc - 8
core   0: 3 0x8000b004 (0xbfe5)
core   0: 0x8000affc (0x00005f17) auipc   t5, 0x5
core   0: 3 0x8000affc (0x00005f17) x30 0x8000fffc
core   0: 0x8000b000 (0x003f2223) sw      gp, 4(t5)
core   0: 3 0x8000b000 (0x003f2223) mem 0x80010000 0x00000001
core   0: 0x8000b004 (0x0000bfe5) c.j     pc - 8
core   0: 3 0x8000b004 (0xbfe5)
core   0: 0x8000affc (0x00005f17) auipc   t5, 0x5
core   0: 3 0x8000affc (0x00005f17) x30 0x8000fffc
core   0: 0x8000b000 (0x003f2223) sw      gp, 4(t5)
core   0: 3 0x8000b000 (0x003f2223) mem 0x80010000 0x00000001
core   0: 0x8000b004 (0x0000bfe5) c.j     pc - 8
core   0: 3 0x8000b004 (0xbfe5)
core   0: 0x8000affc (0x00005f17) auipc   t5, 0x5
core   0: 3 0x8000affc (0x00005f17) x30 0x8000fffc
core   0: 0x8000b000 (0x003f2223) sw      gp, 4(t5)
core   0: 3 0x8000b000 (0x003f2223) mem 0x80010000 0x00000001
core   0: 0x8000b004 (0x0000bfe5) c.j     pc - 8
core   0: 3 0x8000b004 (0xbfe5)
core   0: 0x8000affc (0x00005f17) auipc   t5, 0x5
core   0: 3 0x8000affc (0x00005f17) x30 0x8000fffc
core   0: 0x8000b000 (0x003f2223) sw      gp, 4(t5)
core   0: 3 0x8000b000 (0x003f2223) mem 0x80010000 0x00000001
core   0: 0x8000b004 (0x0000bfe5) c.j     pc - 8
core   0: 3 0x8000b004 (0xbfe5)
core   0: 0x8000affc (0x00005f17) auipc   t5, 0x5
core   0: 3 0x8000affc (0x00005f17) x30 0x8000fffc
core   0: 0x8000b000 (0x003f2223) sw      gp, 4(t5)
core   0: 3 0x8000b000 (0x003f2223) mem 0x80010000 0x00000001
core   0: 0x8000b004 (0x0000bfe5) c.j     pc - 8
core   0: 3 0x8000b004 (0xbfe5)
core   0: 0x8000affc (0x00005f17) auipc   t5, 0x5
core   0: 3 0x8000affc (0x00005f17) x30 0x8000fffc
core   0: 0x8000b000 (0x003f2223) sw      gp, 4(t5)
core   0: 3 0x8000b000 (0x003f2223) mem 0x80010000 0x00000001
core   0: 0x8000b004 (0x0000bfe5) c.j     pc - 8
core   0: 3 0x8000b004 (0xbfe5)
core   0: 0x8000affc (0x00005f17) auipc   t5, 0x5
core   0: 3 0x8000affc (0x00005f17) x30 0x8000fffc
core   0: 0x8000b000 (0x003f2223) sw      gp, 4(t5)
core   0: 3 0x8000b000 (0x003f2223) mem 0x80010000 0x00000001
core   0: 0x8000b004 (0x0000bfe5) c.j     pc - 8
core   0: 3 0x8000b004 (0xbfe5)
core   0: 0x8000affc (0x00005f17) auipc   t5, 0x5
core   0: 3 0x8000affc (0x00005f17) x30 0x8000fffc
core   0: 0x8000b000 (0x003f2223) sw      gp, 4(t5)
core   0: 3 0x8000b000 (0x003f2223) mem 0x80010000 0x00000001
core   0: 0x8000b004 (0x0000bfe5) c.j     pc - 8
core   0: 3 0x8000b004 (0xbfe5)
core   0: 0x8000affc (0x00005f17) auipc   t5, 0x5
core   0: 3 0x8000affc (0x00005f17) x30 0x8000fffc
core   0: 0x8000b000 (0x003f2223) sw      gp, 4(t5)
core   0: 3 0x8000b000 (0x003f2223) mem 0x80010000 0x00000001
core   0: 0x8000b004 (0x0000bfe5) c.j     pc - 8
core   0: 3 0x8000b004 (0xbfe5)
core   0: 0x8000affc (0x00005f17) auipc   t5, 0x5
core   0: 3 0x8000affc (0x00005f17) x30 0x8000fffc
core   0: 0x8000b000 (0x003f2223) sw      gp, 4(t5)
core   0: 3 0x8000b000 (0x003f2223) mem 0x80010000 0x00000001
core   0: 0x8000b004 (0x0000bfe5) c.j     pc - 8
core   0: 3 0x8000b004 (0xbfe5)
core   0: 0x8000affc (0x00005f17) auipc   t5, 0x5
core   0: 3 0x8000affc (0x00005f17) x30 0x8000fffc
core   0: 0x8000b000 (0x003f2223) sw      gp, 4(t5)
core   0: 3 0x8000b000 (0x003f2223) mem 0x80010000 0x00000001
core   0: 0x8000b004 (0x0000bfe5) c.j     pc - 8
core   0: 3 0x8000b004 (0xbfe5)
core   0: 0x8000affc (0x00005f17) auipc   t5, 0x5
core   0: 3 0x8000affc (0x00005f17) x30 0x8000fffc
core   0: 0x8000b000 (0x003f2223) sw      gp, 4(t5)
core   0: 3 0x8000b000 (0x003f2223) mem 0x80010000 0x00000001
core   0: 0x8000b004 (0x0000bfe5) c.j     pc - 8
core   0: 3 0x8000b004 (0xbfe5)
core   0: 0x8000affc (0x00005f17) auipc   t5, 0x5
core   0: 3 0x8000affc (0x00005f17) x30 0x8000fffc
core   0: 0x8000b000 (0x003f2223) sw      gp, 4(t5)
core   0: 3 0x8000b000 (0x003f2223) mem 0x80010000 0x00000001
core   0: 0x8000b004 (0x0000bfe5) c.j     pc - 8
core   0: 3 0x8000b004 (0xbfe5)
core   0: 0x8000affc (0x00005f17) auipc   t5, 0x5
core   0: 3 0x8000affc (0x00005f17) x30 0x8000fffc
core   0: 0x8000b000 (0x003f2223) sw      gp, 4(t5)
core   0: 3 0x8000b000 (0x003f2223) mem 0x80010000 0x00000001
core   0: 0x8000b004 (0x0000bfe5) c.j     pc - 8
core   0: 3 0x8000b004 (0xbfe5)
core   0: 0x8000affc (0x00005f17) auipc   t5, 0x5
core   0: 3 0x8000affc (0x00005f17) x30 0x8000fffc
core   0: 0x8000b000 (0x003f2223) sw      gp, 4(t5)
core   0: 3 0x8000b000 (0x003f2223) mem 0x80010000 0x00000001
core   0: 0x8000b004 (0x0000bfe5) c.j     pc - 8
core   0: 3 0x8000b004 (0xbfe5)
core   0: 0x8000affc (0x00005f17) auipc   t5, 0x5
core   0: 3 0x8000affc (0x00005f17) x30 0x8000fffc
core   0: 0x8000b000 (0x003f2223) sw      gp, 4(t5)
core   0: 3 0x8000b000 (0x003f2223) mem 0x80010000 0x00000001
core   0: 0x8000b004 (0x0000bfe5) c.j     pc - 8
core   0: 3 0x8000b004 (0xbfe5)
core   0: 0x8000affc (0x00005f17) auipc   t5, 0x5
core   0: 3 0x8000affc (0x00005f17) x30 0x8000fffc
core   0: 0x8000b000 (0x003f2223) sw      gp, 4(t5)
core   0: 3 0x8000b000 (0x003f2223) mem 0x80010000 0x00000001
core   0: 0x8000b004 (0x0000bfe5) c.j     pc - 8
core   0: 3 0x8000b004 (0xbfe5)
core   0: 0x8000affc (0x00005f17) auipc   t5, 0x5
core   0: 3 0x8000affc (0x00005f17) x30 0x8000fffc
core   0: 0x8000b000 (0x003f2223) sw      gp, 4(t5)
core   0: 3 0x8000b000 (0x003f2223) mem 0x80010000 0x00000001
core   0: 0x8000b004 (0x0000bfe5) c.j     pc - 8
core   0: 3 0x8000b004 (0xbfe5)
core   0: 0x8000affc (0x00005f17) auipc   t5, 0x5
core   0: 3 0x8000affc (0x00005f17) x30 0x8000fffc
core   0: 0x8000b000 (0x003f2223) sw      gp, 4(t5)
core   0: 3 0x8000b000 (0x003f2223) mem 0x80010000 0x00000001
core   0: 0x8000b004 (0x0000bfe5) c.j     pc - 8
core   0: 3 0x8000b004 (0xbfe5)
core   0: 0x8000affc (0x00005f17) auipc   t5, 0x5
core   0: 3 0x8000affc (0x00005f17) x30 0x8000fffc
core   0: 0x8000b000 (0x003f2223) sw      gp, 4(t5)
core   0: 3 0x8000b000 (0x003f2223) mem 0x80010000 0x00000001
core   0: 0x8000b004 (0x0000bfe5) c.j     pc - 8
core   0: 3 0x8000b004 (0xbfe5)
core   0: 0x8000affc (0x00005f17) auipc   t5, 0x5
core   0: 3 0x8000affc (0x00005f17) x30 0x8000fffc
core   0: 0x8000b000 (0x003f2223) sw      gp, 4(t5)
core   0: 3 0x8000b000 (0x003f2223) mem 0x80010000 0x00000001
core   0: 0x8000b004 (0x0000bfe5) c.j     pc - 8
core   0: 3 0x8000b004 (0xbfe5)
core   0: 0x8000affc (0x00005f17) auipc   t5, 0x5
core   0: 3 0x8000affc (0x00005f17) x30 0x8000fffc
core   0: 0x8000b000 (0x003f2223) sw      gp, 4(t5)
core   0: 3 0x8000b000 (0x003f2223) mem 0x80010000 0x00000001
core   0: 0x8000b004 (0x0000bfe5) c.j     pc - 8
core   0: 3 0x8000b004 (0xbfe5)
core   0: 0x8000affc (0x00005f17) auipc   t5, 0x5
core   0: 3 0x8000affc (0x00005f17) x30 0x8000fffc
core   0: 0x8000b000 (0x003f2223) sw      gp, 4(t5)
core   0: 3 0x8000b000 (0x003f2223) mem 0x80010000 0x00000001
core   0: 0x8000b004 (0x0000bfe5) c.j     pc - 8
core   0: 3 0x8000b004 (0xbfe5)
core   0: 0x8000affc (0x00005f17) auipc   t5, 0x5
core   0: 3 0x8000affc (0x00005f17) x30 0x8000fffc
core   0: 0x8000b000 (0x003f2223) sw      gp, 4(t5)
core   0: 3 0x8000b000 (0x003f2223) mem 0x80010000 0x00000001
core   0: 0x8000b004 (0x0000bfe5) c.j     pc - 8
core   0: 3 0x8000b004 (0xbfe5)
core   0: 0x8000affc (0x00005f17) auipc   t5, 0x5
core   0: 3 0x8000affc (0x00005f17) x30 0x8000fffc
core   0: 0x8000b000 (0x003f2223) sw      gp, 4(t5)
core   0: 3 0x8000b000 (0x003f2223) mem 0x80010000 0x00000001
core   0: 0x8000b004 (0x0000bfe5) c.j     pc - 8
core   0: 3 0x8000b004 (0xbfe5)
core   0: 0x8000affc (0x00005f17) auipc   t5, 0x5
core   0: 3 0x8000affc (0x00005f17) x30 0x8000fffc
core   0: 0x8000b000 (0x003f2223) sw      gp, 4(t5)
core   0: 3 0x8000b000 (0x003f2223) mem 0x80010000 0x00000001
core   0: 0x8000b004 (0x0000bfe5) c.j     pc - 8
core   0: 3 0x8000b004 (0xbfe5)
core   0: 0x8000affc (0x00005f17) auipc   t5, 0x5
core   0: 3 0x8000affc (0x00005f17) x30 0x8000fffc
core   0: 0x8000b000 (0x003f2223) sw      gp, 4(t5)
core   0: 3 0x8000b000 (0x003f2223) mem 0x80010000 0x00000001
core   0: 0x8000b004 (0x0000bfe5) c.j     pc - 8
core   0: 3 0x8000b004 (0xbfe5)
core   0: 0x8000affc (0x00005f17) auipc   t5, 0x5
core   0: 3 0x8000affc (0x00005f17) x30 0x8000fffc
core   0: 0x8000b000 (0x003f2223) sw      gp, 4(t5)
core   0: 3 0x8000b000 (0x003f2223) mem 0x80010000 0x00000001
core   0: 0x8000b004 (0x0000bfe5) c.j     pc - 8
core   0: 3 0x8000b004 (0xbfe5)
core   0: 0x8000affc (0x00005f17) auipc   t5, 0x5
core   0: 3 0x8000affc (0x00005f17) x30 0x8000fffc
core   0: 0x8000b000 (0x003f2223) sw      gp, 4(t5)
core   0: 3 0x8000b000 (0x003f2223) mem 0x80010000 0x00000001
core   0: 0x8000b004 (0x0000bfe5) c.j     pc - 8
core   0: 3 0x8000b004 (0xbfe5)
core   0: 0x8000affc (0x00005f17) auipc   t5, 0x5
core   0: 3 0x8000affc (0x00005f17) x30 0x8000fffc
core   0: 0x8000b000 (0x003f2223) sw      gp, 4(t5)
core   0: 3 0x8000b000 (0x003f2223) mem 0x80010000 0x00000001
core   0: 0x8000b004 (0x0000bfe5) c.j     pc - 8
core   0: 3 0x8000b004 (0xbfe5)
core   0: 0x8000affc (0x00005f17) auipc   t5, 0x5
core   0: 3 0x8000affc (0x00005f17) x30 0x8000fffc
core   0: 0x8000b000 (0x003f2223) sw      gp, 4(t5)
core   0: 3 0x8000b000 (0x003f2223) mem 0x80010000 0x00000001
core   0: 0x8000b004 (0x0000bfe5) c.j     pc - 8
core   0: 3 0x8000b004 (0xbfe5)
core   0: 0x8000affc (0x00005f17) auipc   t5, 0x5
core   0: 3 0x8000affc (0x00005f17) x30 0x8000fffc
core   0: 0x8000b000 (0x003f2223) sw      gp, 4(t5)
core   0: 3 0x8000b000 (0x003f2223) mem 0x80010000 0x00000001
core   0: 0x8000b004 (0x0000bfe5) c.j     pc - 8
core   0: 3 0x8000b004 (0xbfe5)
core   0: 0x8000affc (0x00005f17) auipc   t5, 0x5
core   0: 3 0x8000affc (0x00005f17) x30 0x8000fffc
core   0: 0x8000b000 (0x003f2223) sw      gp, 4(t5)
core   0: 3 0x8000b000 (0x003f2223) mem 0x80010000 0x00000001
core   0: 0x8000b004 (0x0000bfe5) c.j     pc - 8
core   0: 3 0x8000b004 (0xbfe5)
core   0: 0x8000affc (0x00005f17) auipc   t5, 0x5
core   0: 3 0x8000affc (0x00005f17) x30 0x8000fffc
core   0: 0x8000b000 (0x003f2223) sw      gp, 4(t5)
core   0: 3 0x8000b000 (0x003f2223) mem 0x80010000 0x00000001
core   0: 0x8000b004 (0x0000bfe5) c.j     pc - 8
core   0: 3 0x8000b004 (0xbfe5)
core   0: 0x8000affc (0x00005f17) auipc   t5, 0x5
core   0: 3 0x8000affc (0x00005f17) x30 0x8000fffc
core   0: 0x8000b000 (0x003f2223) sw      gp, 4(t5)
core   0: 3 0x8000b000 (0x003f2223) mem 0x80010000 0x00000001
core   0: 0x8000b004 (0x0000bfe5) c.j     pc - 8
core   0: 3 0x8000b004 (0xbfe5)
core   0: 0x8000affc (0x00005f17) auipc   t5, 0x5
core   0: 3 0x8000affc (0x00005f17) x30 0x8000fffc
core   0: 0x8000b000 (0x003f2223) sw      gp, 4(t5)
core   0: 3 0x8000b000 (0x003f2223) mem 0x80010000 0x00000001
core   0: 0x8000b004 (0x0000bfe5) c.j     pc - 8
core   0: 3 0x8000b004 (0xbfe5)
core   0: 0x8000affc (0x00005f17) auipc   t5, 0x5
core   0: 3 0x8000affc (0x00005f17) x30 0x8000fffc
core   0: 0x8000b000 (0x003f2223) sw      gp, 4(t5)
core   0: 3 0x8000b000 (0x003f2223) mem 0x80010000 0x00000001
core   0: 0x8000b004 (0x0000bfe5) c.j     pc - 8
core   0: 3 0x8000b004 (0xbfe5)
core   0: 0x8000affc (0x00005f17) auipc   t5, 0x5
core   0: 3 0x8000affc (0x00005f17) x30 0x8000fffc
core   0: 0x8000b000 (0x003f2223) sw      gp, 4(t5)
core   0: 3 0x8000b000 (0x003f2223) mem 0x80010000 0x00000001
core   0: 0x8000b004 (0x0000bfe5) c.j     pc - 8
core   0: 3 0x8000b004 (0xbfe5)
core   0: 0x8000affc (0x00005f17) auipc   t5, 0x5
core   0: 3 0x8000affc (0x00005f17) x30 0x8000fffc
core   0: 0x8000b000 (0x003f2223) sw      gp, 4(t5)
core   0: 3 0x8000b000 (0x003f2223) mem 0x80010000 0x00000001
core   0: 0x8000b004 (0x0000bfe5) c.j     pc - 8
core   0: 3 0x8000b004 (0xbfe5)
core   0: 0x8000affc (0x00005f17) auipc   t5, 0x5
core   0: 3 0x8000affc (0x00005f17) x30 0x8000fffc
core   0: 0x8000b000 (0x003f2223) sw      gp, 4(t5)
core   0: 3 0x8000b000 (0x003f2223) mem 0x80010000 0x00000001
core   0: 0x8000b004 (0x0000bfe5) c.j     pc - 8
core   0: 3 0x8000b004 (0xbfe5)
core   0: 0x8000affc (0x00005f17) auipc   t5, 0x5
core   0: 3 0x8000affc (0x00005f17) x30 0x8000fffc
core   0: 0x8000b000 (0x003f2223) sw      gp, 4(t5)
core   0: 3 0x8000b000 (0x003f2223) mem 0x80010000 0x00000001
core   0: 0x8000b004 (0x0000bfe5) c.j     pc - 8
core   0: 3 0x8000b004 (0xbfe5)
core   0: 0x8000affc (0x00005f17) auipc   t5, 0x5
core   0: 3 0x8000affc (0x00005f17) x30 0x8000fffc
core   0: 0x8000b000 (0x003f2223) sw      gp, 4(t5)
core   0: 3 0x8000b000 (0x003f2223) mem 0x80010000 0x00000001
core   0: 0x8000b004 (0x0000bfe5) c.j     pc - 8
core   0: 3 0x8000b004 (0xbfe5)
core   0: 0x8000affc (0x00005f17) auipc   t5, 0x5
core   0: 3 0x8000affc (0x00005f17) x30 0x8000fffc
core   0: 0x8000b000 (0x003f2223) sw      gp, 4(t5)
core   0: 3 0x8000b000 (0x003f2223) mem 0x80010000 0x00000001
core   0: 0x8000b004 (0x0000bfe5) c.j     pc - 8
core   0: 3 0x8000b004 (0xbfe5)
core   0: 0x8000affc (0x00005f17) auipc   t5, 0x5
core   0: 3 0x8000affc (0x00005f17) x30 0x8000fffc
core   0: 0x8000b000 (0x003f2223) sw      gp, 4(t5)
core   0: 3 0x8000b000 (0x003f2223) mem 0x80010000 0x00000001
core   0: 0x8000b004 (0x0000bfe5) c.j     pc - 8
core   0: 3 0x8000b004 (0xbfe5)
core   0: 0x8000affc (0x00005f17) auipc   t5, 0x5
core   0: 3 0x8000affc (0x00005f17) x30 0x8000fffc
core   0: 0x8000b000 (0x003f2223) sw      gp, 4(t5)
core   0: 3 0x8000b000 (0x003f2223) mem 0x80010000 0x00000001
core   0: 0x8000b004 (0x0000bfe5) c.j     pc - 8
core   0: 3 0x8000b004 (0xbfe5)
core   0: 0x8000affc (0x00005f17) auipc   t5, 0x5
core   0: 3 0x8000affc (0x00005f17) x30 0x8000fffc
core   0: 0x8000b000 (0x003f2223) sw      gp, 4(t5)
core   0: 3 0x8000b000 (0x003f2223) mem 0x80010000 0x00000001
core   0: 0x8000b004 (0x0000bfe5) c.j     pc - 8
core   0: 3 0x8000b004 (0xbfe5)
core   0: 0x8000affc (0x00005f17) auipc   t5, 0x5
core   0: 3 0x8000affc (0x00005f17) x30 0x8000fffc
core   0: 0x8000b000 (0x003f2223) sw      gp, 4(t5)
core   0: 3 0x8000b000 (0x003f2223) mem 0x80010000 0x00000001
core   0: 0x8000b004 (0x0000bfe5) c.j     pc - 8
core   0: 3 0x8000b004 (0xbfe5)
core   0: 0x8000affc (0x00005f17) auipc   t5, 0x5
core   0: 3 0x8000affc (0x00005f17) x30 0x8000fffc
core   0: 0x8000b000 (0x003f2223) sw      gp, 4(t5)
core   0: 3 0x8000b000 (0x003f2223) mem 0x80010000 0x00000001
core   0: 0x8000b004 (0x0000bfe5) c.j     pc - 8
core   0: 3 0x8000b004 (0xbfe5)
core   0: 0x8000affc (0x00005f17) auipc   t5, 0x5
core   0: 3 0x8000affc (0x00005f17) x30 0x8000fffc
core   0: 0x8000b000 (0x003f2223) sw      gp, 4(t5)
core   0: 3 0x8000b000 (0x003f2223) mem 0x80010000 0x00000001
core   0: 0x8000b004 (0x0000bfe5) c.j     pc - 8
core   0: 3 0x8000b004 (0xbfe5)
core   0: 0x8000affc (0x00005f17) auipc   t5, 0x5
core   0: 3 0x8000affc (0x00005f17) x30 0x8000fffc
core   0: 0x8000b000 (0x003f2223) sw      gp, 4(t5)
core   0: 3 0x8000b000 (0x003f2223) mem 0x80010000 0x00000001
core   0: 0x8000b004 (0x0000bfe5) c.j     pc - 8
core   0: 3 0x8000b004 (0xbfe5)
core   0: 0x8000affc (0x00005f17) auipc   t5, 0x5
core   0: 3 0x8000affc (0x00005f17) x30 0x8000fffc
core   0: 0x8000b000 (0x003f2223) sw      gp, 4(t5)
core   0: 3 0x8000b000 (0x003f2223) mem 0x80010000 0x00000001
core   0: 0x8000b004 (0x0000bfe5) c.j     pc - 8
core   0: 3 0x8000b004 (0xbfe5)
core   0: 0x8000affc (0x00005f17) auipc   t5, 0x5
core   0: 3 0x8000affc (0x00005f17) x30 0x8000fffc
core   0: 0x8000b000 (0x003f2223) sw      gp, 4(t5)
core   0: 3 0x8000b000 (0x003f2223) mem 0x80010000 0x00000001
core   0: 0x8000b004 (0x0000bfe5) c.j     pc - 8
core   0: 3 0x8000b004 (0xbfe5)
core   0: 0x8000affc (0x00005f17) auipc   t5, 0x5
core   0: 3 0x8000affc (0x00005f17) x30 0x8000fffc
core   0: 0x8000b000 (0x003f2223) sw      gp, 4(t5)
core   0: 3 0x8000b000 (0x003f2223) mem 0x80010000 0x00000001
core   0: 0x8000b004 (0x0000bfe5) c.j     pc - 8
core   0: 3 0x8000b004 (0xbfe5)
core   0: 0x8000affc (0x00005f17) auipc   t5, 0x5
core   0: 3 0x8000affc (0x00005f17) x30 0x8000fffc
core   0: 0x8000b000 (0x003f2223) sw      gp, 4(t5)
core   0: 3 0x8000b000 (0x003f2223) mem 0x80010000 0x00000001
core   0: 0x8000b004 (0x0000bfe5) c.j     pc - 8
core   0: 3 0x8000b004 (0xbfe5)
core   0: 0x8000affc (0x00005f17) auipc   t5, 0x5
core   0: 3 0x8000affc (0x00005f17) x30 0x8000fffc
core   0: 0x8000b000 (0x003f2223) sw      gp, 4(t5)
core   0: 3 0x8000b000 (0x003f2223) mem 0x80010000 0x00000001
core   0: 0x8000b004 (0x0000bfe5) c.j     pc - 8
core   0: 3 0x8000b004 (0xbfe5)
core   0: 0x8000affc (0x00005f17) auipc   t5, 0x5
core   0: 3 0x8000affc (0x00005f17) x30 0x8000fffc
core   0: 0x8000b000 (0x003f2223) sw      gp, 4(t5)
core   0: 3 0x8000b000 (0x003f2223) mem 0x80010000 0x00000001
core   0: 0x8000b004 (0x0000bfe5) c.j     pc - 8
core   0: 3 0x8000b004 (0xbfe5)
core   0: 0x8000affc (0x00005f17) auipc   t5, 0x5
core   0: 3 0x8000affc (0x00005f17) x30 0x8000fffc
core   0: 0x8000b000 (0x003f2223) sw      gp, 4(t5)
core   0: 3 0x8000b000 (0x003f2223) mem 0x80010000 0x00000001
core   0: 0x8000b004 (0x0000bfe5) c.j     pc - 8
core   0: 3 0x8000b004 (0xbfe5)
core   0: 0x8000affc (0x00005f17) auipc   t5, 0x5
core   0: 3 0x8000affc (0x00005f17) x30 0x8000fffc
core   0: 0x8000b000 (0x003f2223) sw      gp, 4(t5)
core   0: 3 0x8000b000 (0x003f2223) mem 0x80010000 0x00000001
core   0: 0x8000b004 (0x0000bfe5) c.j     pc - 8
core   0: 3 0x8000b004 (0xbfe5)
core   0: 0x8000affc (0x00005f17) auipc   t5, 0x5
core   0: 3 0x8000affc (0x00005f17) x30 0x8000fffc
core   0: 0x8000b000 (0x003f2223) sw      gp, 4(t5)
core   0: 3 0x8000b000 (0x003f2223) mem 0x80010000 0x00000001
core   0: 0x8000b004 (0x0000bfe5) c.j     pc - 8
core   0: 3 0x8000b004 (0xbfe5)
core   0: 0x8000affc (0x00005f17) auipc   t5, 0x5
core   0: 3 0x8000affc (0x00005f17) x30 0x8000fffc
core   0: 0x8000b000 (0x003f2223) sw      gp, 4(t5)
core   0: 3 0x8000b000 (0x003f2223) mem 0x80010000 0x00000001
core   0: 0x8000b004 (0x0000bfe5) c.j     pc - 8
core   0: 3 0x8000b004 (0xbfe5)
core   0: 0x8000affc (0x00005f17) auipc   t5, 0x5
core   0: 3 0x8000affc (0x00005f17) x30 0x8000fffc
core   0: 0x8000b000 (0x003f2223) sw      gp, 4(t5)
core   0: 3 0x8000b000 (0x003f2223) mem 0x80010000 0x00000001
core   0: 0x8000b004 (0x0000bfe5) c.j     pc - 8
core   0: 3 0x8000b004 (0xbfe5)
core   0: 0x8000affc (0x00005f17) auipc   t5, 0x5
core   0: 3 0x8000affc (0x00005f17) x30 0x8000fffc
core   0: 0x8000b000 (0x003f2223) sw      gp, 4(t5)
core   0: 3 0x8000b000 (0x003f2223) mem 0x80010000 0x00000001
core   0: 0x8000b004 (0x0000bfe5) c.j     pc - 8
core   0: 3 0x8000b004 (0xbfe5)
core   0: 0x8000affc (0x00005f17) auipc   t5, 0x5
core   0: 3 0x8000affc (0x00005f17) x30 0x8000fffc
core   0: 0x8000b000 (0x003f2223) sw      gp, 4(t5)
core   0: 3 0x8000b000 (0x003f2223) mem 0x80010000 0x00000001
core   0: 0x8000b004 (0x0000bfe5) c.j     pc - 8
core   0: 3 0x8000b004 (0xbfe5)
core   0: 0x8000affc (0x00005f17) auipc   t5, 0x5
core   0: 3 0x8000affc (0x00005f17) x30 0x8000fffc
core   0: 0x8000b000 (0x003f2223) sw      gp, 4(t5)
core   0: 3 0x8000b000 (0x003f2223) mem 0x80010000 0x00000001
core   0: 0x8000b004 (0x0000bfe5) c.j     pc - 8
core   0: 3 0x8000b004 (0xbfe5)
core   0: 0x8000affc (0x00005f17) auipc   t5, 0x5
core   0: 3 0x8000affc (0x00005f17) x30 0x8000fffc
core   0: 0x8000b000 (0x003f2223) sw      gp, 4(t5)
core   0: 3 0x8000b000 (0x003f2223) mem 0x80010000 0x00000001
core   0: 0x8000b004 (0x0000bfe5) c.j     pc - 8
core   0: 3 0x8000b004 (0xbfe5)
core   0: 0x8000affc (0x00005f17) auipc   t5, 0x5
core   0: 3 0x8000affc (0x00005f17) x30 0x8000fffc
core   0: 0x8000b000 (0x003f2223) sw      gp, 4(t5)
core   0: 3 0x8000b000 (0x003f2223) mem 0x80010000 0x00000001
core   0: 0x8000b004 (0x0000bfe5) c.j     pc - 8
core   0: 3 0x8000b004 (0xbfe5)
core   0: 0x8000affc (0x00005f17) auipc   t5, 0x5
core   0: 3 0x8000affc (0x00005f17) x30 0x8000fffc
core   0: 0x8000b000 (0x003f2223) sw      gp, 4(t5)
core   0: 3 0x8000b000 (0x003f2223) mem 0x80010000 0x00000001
core   0: 0x8000b004 (0x0000bfe5) c.j     pc - 8
core   0: 3 0x8000b004 (0xbfe5)
core   0: 0x8000affc (0x00005f17) auipc   t5, 0x5
core   0: 3 0x8000affc (0x00005f17) x30 0x8000fffc
core   0: 0x8000b000 (0x003f2223) sw      gp, 4(t5)
core   0: 3 0x8000b000 (0x003f2223) mem 0x80010000 0x00000001
core   0: 0x8000b004 (0x0000bfe5) c.j     pc - 8
core   0: 3 0x8000b004 (0xbfe5)
core   0: 0x8000affc (0x00005f17) auipc   t5, 0x5
core   0: 3 0x8000affc (0x00005f17) x30 0x8000fffc
core   0: 0x8000b000 (0x003f2223) sw      gp, 4(t5)
core   0: 3 0x8000b000 (0x003f2223) mem 0x80010000 0x00000001
core   0: 0x8000b004 (0x0000bfe5) c.j     pc - 8
core   0: 3 0x8000b004 (0xbfe5)
core   0: 0x8000affc (0x00005f17) auipc   t5, 0x5
core   0: 3 0x8000affc (0x00005f17) x30 0x8000fffc
core   0: 0x8000b000 (0x003f2223) sw      gp, 4(t5)
core   0: 3 0x8000b000 (0x003f2223) mem 0x80010000 0x00000001
core   0: 0x8000b004 (0x0000bfe5) c.j     pc - 8
core   0: 3 0x8000b004 (0xbfe5)
core   0: 0x8000affc (0x00005f17) auipc   t5, 0x5
core   0: 3 0x8000affc (0x00005f17) x30 0x8000fffc
core   0: 0x8000b000 (0x003f2223) sw      gp, 4(t5)
core   0: 3 0x8000b000 (0x003f2223) mem 0x80010000 0x00000001
core   0: 0x8000b004 (0x0000bfe5) c.j     pc - 8
core   0: 3 0x8000b004 (0xbfe5)
core   0: 0x8000affc (0x00005f17) auipc   t5, 0x5
core   0: 3 0x8000affc (0x00005f17) x30 0x8000fffc
core   0: 0x8000b000 (0x003f2223) sw      gp, 4(t5)
core   0: 3 0x8000b000 (0x003f2223) mem 0x80010000 0x00000001
core   0: 0x8000b004 (0x0000bfe5) c.j     pc - 8
core   0: 3 0x8000b004 (0xbfe5)
core   0: 0x8000affc (0x00005f17) auipc   t5, 0x5
core   0: 3 0x8000affc (0x00005f17) x30 0x8000fffc
core   0: 0x8000b000 (0x003f2223) sw      gp, 4(t5)
core   0: 3 0x8000b000 (0x003f2223) mem 0x80010000 0x00000001
core   0: 0x8000b004 (0x0000bfe5) c.j     pc - 8
core   0: 3 0x8000b004 (0xbfe5)
core   0: 0x8000affc (0x00005f17) auipc   t5, 0x5
core   0: 3 0x8000affc (0x00005f17) x30 0x8000fffc
core   0: 0x8000b000 (0x003f2223) sw      gp, 4(t5)
core   0: 3 0x8000b000 (0x003f2223) mem 0x80010000 0x00000001
core   0: 0x8000b004 (0x0000bfe5) c.j     pc - 8
core   0: 3 0x8000b004 (0xbfe5)
core   0: 0x8000affc (0x00005f17) auipc   t5, 0x5
core   0: 3 0x8000affc (0x00005f17) x30 0x8000fffc
core   0: 0x8000b000 (0x003f2223) sw      gp, 4(t5)
core   0: 3 0x8000b000 (0x003f2223) mem 0x80010000 0x00000001
core   0: 0x8000b004 (0x0000bfe5) c.j     pc - 8
core   0: 3 0x8000b004 (0xbfe5)
core   0: 0x8000affc (0x00005f17) auipc   t5, 0x5
core   0: 3 0x8000affc (0x00005f17) x30 0x8000fffc
core   0: 0x8000b000 (0x003f2223) sw      gp, 4(t5)
core   0: 3 0x8000b000 (0x003f2223) mem 0x80010000 0x00000001
core   0: 0x8000b004 (0x0000bfe5) c.j     pc - 8
core   0: 3 0x8000b004 (0xbfe5)
core   0: 0x8000affc (0x00005f17) auipc   t5, 0x5
core   0: 3 0x8000affc (0x00005f17) x30 0x8000fffc
core   0: 0x8000b000 (0x003f2223) sw      gp, 4(t5)
core   0: 3 0x8000b000 (0x003f2223) mem 0x80010000 0x00000001
core   0: 0x8000b004 (0x0000bfe5) c.j     pc - 8
core   0: 3 0x8000b004 (0xbfe5)
core   0: 0x8000affc (0x00005f17) auipc   t5, 0x5
core   0: 3 0x8000affc (0x00005f17) x30 0x8000fffc
core   0: 0x8000b000 (0x003f2223) sw      gp, 4(t5)
core   0: 3 0x8000b000 (0x003f2223) mem 0x80010000 0x00000001
core   0: 0x8000b004 (0x0000bfe5) c.j     pc - 8
core   0: 3 0x8000b004 (0xbfe5)
core   0: 0x8000affc (0x00005f17) auipc   t5, 0x5
core   0: 3 0x8000affc (0x00005f17) x30 0x8000fffc
core   0: 0x8000b000 (0x003f2223) sw      gp, 4(t5)
core   0: 3 0x8000b000 (0x003f2223) mem 0x80010000 0x00000001
core   0: 0x8000b004 (0x0000bfe5) c.j     pc - 8
core   0: 3 0x8000b004 (0xbfe5)
core   0: 0x8000affc (0x00005f17) auipc   t5, 0x5
core   0: 3 0x8000affc (0x00005f17) x30 0x8000fffc
core   0: 0x8000b000 (0x003f2223) sw      gp, 4(t5)
core   0: 3 0x8000b000 (0x003f2223) mem 0x80010000 0x00000001
core   0: 0x8000b004 (0x0000bfe5) c.j     pc - 8
core   0: 3 0x8000b004 (0xbfe5)
core   0: 0x8000affc (0x00005f17) auipc   t5, 0x5
core   0: 3 0x8000affc (0x00005f17) x30 0x8000fffc
core   0: 0x8000b000 (0x003f2223) sw      gp, 4(t5)
core   0: 3 0x8000b000 (0x003f2223) mem 0x80010000 0x00000001
core   0: 0x8000b004 (0x0000bfe5) c.j     pc - 8
core   0: 3 0x8000b004 (0xbfe5)
core   0: 0x8000affc (0x00005f17) auipc   t5, 0x5
core   0: 3 0x8000affc (0x00005f17) x30 0x8000fffc
core   0: 0x8000b000 (0x003f2223) sw      gp, 4(t5)
core   0: 3 0x8000b000 (0x003f2223) mem 0x80010000 0x00000001
core   0: 0x8000b004 (0x0000bfe5) c.j     pc - 8
core   0: 3 0x8000b004 (0xbfe5)
core   0: 0x8000affc (0x00005f17) auipc   t5, 0x5
core   0: 3 0x8000affc (0x00005f17) x30 0x8000fffc
core   0: 0x8000b000 (0x003f2223) sw      gp, 4(t5)
core   0: 3 0x8000b000 (0x003f2223) mem 0x80010000 0x00000001
core   0: 0x8000b004 (0x0000bfe5) c.j     pc - 8
core   0: 3 0x8000b004 (0xbfe5)
core   0: 0x8000affc (0x00005f17) auipc   t5, 0x5
core   0: 3 0x8000affc (0x00005f17) x30 0x8000fffc
core   0: 0x8000b000 (0x003f2223) sw      gp, 4(t5)
core   0: 3 0x8000b000 (0x003f2223) mem 0x80010000 0x00000001
core   0: 0x8000b004 (0x0000bfe5) c.j     pc - 8
core   0: 3 0x8000b004 (0xbfe5)
core   0: 0x8000affc (0x00005f17) auipc   t5, 0x5
core   0: 3 0x8000affc (0x00005f17) x30 0x8000fffc
core   0: 0x8000b000 (0x003f2223) sw      gp, 4(t5)
core   0: 3 0x8000b000 (0x003f2223) mem 0x80010000 0x00000001
core   0: 0x8000b004 (0x0000bfe5) c.j     pc - 8
core   0: 3 0x8000b004 (0xbfe5)
core   0: 0x8000affc (0x00005f17) auipc   t5, 0x5
core   0: 3 0x8000affc (0x00005f17) x30 0x8000fffc
core   0: 0x8000b000 (0x003f2223) sw      gp, 4(t5)
core   0: 3 0x8000b000 (0x003f2223) mem 0x80010000 0x00000001
core   0: 0x8000b004 (0x0000bfe5) c.j     pc - 8
core   0: 3 0x8000b004 (0xbfe5)
core   0: 0x8000affc (0x00005f17) auipc   t5, 0x5
core   0: 3 0x8000affc (0x00005f17) x30 0x8000fffc
core   0: 0x8000b000 (0x003f2223) sw      gp, 4(t5)
core   0: 3 0x8000b000 (0x003f2223) mem 0x80010000 0x00000001
core   0: 0x8000b004 (0x0000bfe5) c.j     pc - 8
core   0: 3 0x8000b004 (0xbfe5)
core   0: 0x8000affc (0x00005f17) auipc   t5, 0x5
core   0: 3 0x8000affc (0x00005f17) x30 0x8000fffc
core   0: 0x8000b000 (0x003f2223) sw      gp, 4(t5)
core   0: 3 0x8000b000 (0x003f2223) mem 0x80010000 0x00000001
core   0: 0x8000b004 (0x0000bfe5) c.j     pc - 8
core   0: 3 0x8000b004 (0xbfe5)
core   0: 0x8000affc (0x00005f17) auipc   t5, 0x5
core   0: 3 0x8000affc (0x00005f17) x30 0x8000fffc
core   0: 0x8000b000 (0x003f2223) sw      gp, 4(t5)
core   0: 3 0x8000b000 (0x003f2223) mem 0x80010000 0x00000001
core   0: 0x8000b004 (0x0000bfe5) c.j     pc - 8
core   0: 3 0x8000b004 (0xbfe5)
core   0: 0x8000affc (0x00005f17) auipc   t5, 0x5
core   0: 3 0x8000affc (0x00005f17) x30 0x8000fffc
core   0: 0x8000b000 (0x003f2223) sw      gp, 4(t5)
core   0: 3 0x8000b000 (0x003f2223) mem 0x80010000 0x00000001
core   0: 0x8000b004 (0x0000bfe5) c.j     pc - 8
core   0: 3 0x8000b004 (0xbfe5)
core   0: 0x8000affc (0x00005f17) auipc   t5, 0x5
core   0: 3 0x8000affc (0x00005f17) x30 0x8000fffc
core   0: 0x8000b000 (0x003f2223) sw      gp, 4(t5)
core   0: 3 0x8000b000 (0x003f2223) mem 0x80010000 0x00000001
core   0: 0x8000b004 (0x0000bfe5) c.j     pc - 8
core   0: 3 0x8000b004 (0xbfe5)
core   0: 0x8000affc (0x00005f17) auipc   t5, 0x5
core   0: 3 0x8000affc (0x00005f17) x30 0x8000fffc
core   0: 0x8000b000 (0x003f2223) sw      gp, 4(t5)
core   0: 3 0x8000b000 (0x003f2223) mem 0x80010000 0x00000001
core   0: 0x8000b004 (0x0000bfe5) c.j     pc - 8
core   0: 3 0x8000b004 (0xbfe5)
core   0: 0x8000affc (0x00005f17) auipc   t5, 0x5
core   0: 3 0x8000affc (0x00005f17) x30 0x8000fffc
core   0: 0x8000b000 (0x003f2223) sw      gp, 4(t5)
core   0: 3 0x8000b000 (0x003f2223) mem 0x80010000 0x00000001
core   0: 0x8000b004 (0x0000bfe5) c.j     pc - 8
core   0: 3 0x8000b004 (0xbfe5)
core   0: 0x8000affc (0x00005f17) auipc   t5, 0x5
core   0: 3 0x8000affc (0x00005f17) x30 0x8000fffc
core   0: 0x8000b000 (0x003f2223) sw      gp, 4(t5)
core   0: 3 0x8000b000 (0x003f2223) mem 0x80010000 0x00000001
core   0: 0x8000b004 (0x0000bfe5) c.j     pc - 8
core   0: 3 0x8000b004 (0xbfe5)
core   0: 0x8000affc (0x00005f17) auipc   t5, 0x5
core   0: 3 0x8000affc (0x00005f17) x30 0x8000fffc
core   0: 0x8000b000 (0x003f2223) sw      gp, 4(t5)
core   0: 3 0x8000b000 (0x003f2223) mem 0x80010000 0x00000001
core   0: 0x8000b004 (0x0000bfe5) c.j     pc - 8
core   0: 3 0x8000b004 (0xbfe5)
core   0: 0x8000affc (0x00005f17) auipc   t5, 0x5
core   0: 3 0x8000affc (0x00005f17) x30 0x8000fffc
core   0: 0x8000b000 (0x003f2223) sw      gp, 4(t5)
core   0: 3 0x8000b000 (0x003f2223) mem 0x80010000 0x00000001
core   0: 0x8000b004 (0x0000bfe5) c.j     pc - 8
core   0: 3 0x8000b004 (0xbfe5)
core   0: 0x8000affc (0x00005f17) auipc   t5, 0x5
core   0: 3 0x8000affc (0x00005f17) x30 0x8000fffc
core   0: 0x8000b000 (0x003f2223) sw      gp, 4(t5)
core   0: 3 0x8000b000 (0x003f2223) mem 0x80010000 0x00000001
core   0: 0x8000b004 (0x0000bfe5) c.j     pc - 8
core   0: 3 0x8000b004 (0xbfe5)
core   0: 0x8000affc (0x00005f17) auipc   t5, 0x5
core   0: 3 0x8000affc (0x00005f17) x30 0x8000fffc
core   0: 0x8000b000 (0x003f2223) sw      gp, 4(t5)
core   0: 3 0x8000b000 (0x003f2223) mem 0x80010000 0x00000001
core   0: 0x8000b004 (0x0000bfe5) c.j     pc - 8
core   0: 3 0x8000b004 (0xbfe5)
core   0: 0x8000affc (0x00005f17) auipc   t5, 0x5
core   0: 3 0x8000affc (0x00005f17) x30 0x8000fffc
core   0: 0x8000b000 (0x003f2223) sw      gp, 4(t5)
core   0: 3 0x8000b000 (0x003f2223) mem 0x80010000 0x00000001
core   0: 0x8000b004 (0x0000bfe5) c.j     pc - 8
core   0: 3 0x8000b004 (0xbfe5)
core   0: 0x8000affc (0x00005f17) auipc   t5, 0x5
core   0: 3 0x8000affc (0x00005f17) x30 0x8000fffc
core   0: 0x8000b000 (0x003f2223) sw      gp, 4(t5)
core   0: 3 0x8000b000 (0x003f2223) mem 0x80010000 0x00000001
core   0: 0x8000b004 (0x0000bfe5) c.j     pc - 8
core   0: 3 0x8000b004 (0xbfe5)
core   0: 0x8000affc (0x00005f17) auipc   t5, 0x5
core   0: 3 0x8000affc (0x00005f17) x30 0x8000fffc
core   0: 0x8000b000 (0x003f2223) sw      gp, 4(t5)
core   0: 3 0x8000b000 (0x003f2223) mem 0x80010000 0x00000001
core   0: 0x8000b004 (0x0000bfe5) c.j     pc - 8
core   0: 3 0x8000b004 (0xbfe5)
core   0: 0x8000affc (0x00005f17) auipc   t5, 0x5
core   0: 3 0x8000affc (0x00005f17) x30 0x8000fffc
core   0: 0x8000b000 (0x003f2223) sw      gp, 4(t5)
core   0: 3 0x8000b000 (0x003f2223) mem 0x80010000 0x00000001
core   0: 0x8000b004 (0x0000bfe5) c.j     pc - 8
core   0: 3 0x8000b004 (0xbfe5)
core   0: 0x8000affc (0x00005f17) auipc   t5, 0x5
core   0: 3 0x8000affc (0x00005f17) x30 0x8000fffc
core   0: 0x8000b000 (0x003f2223) sw      gp, 4(t5)
core   0: 3 0x8000b000 (0x003f2223) mem 0x80010000 0x00000001
core   0: 0x8000b004 (0x0000bfe5) c.j     pc - 8
core   0: 3 0x8000b004 (0xbfe5)
core   0: 0x8000affc (0x00005f17) auipc   t5, 0x5
core   0: 3 0x8000affc (0x00005f17) x30 0x8000fffc
core   0: 0x8000b000 (0x003f2223) sw      gp, 4(t5)
core   0: 3 0x8000b000 (0x003f2223) mem 0x80010000 0x00000001
core   0: 0x8000b004 (0x0000bfe5) c.j     pc - 8
core   0: 3 0x8000b004 (0xbfe5)
core   0: 0x8000affc (0x00005f17) auipc   t5, 0x5
core   0: 3 0x8000affc (0x00005f17) x30 0x8000fffc
core   0: 0x8000b000 (0x003f2223) sw      gp, 4(t5)
core   0: 3 0x8000b000 (0x003f2223) mem 0x80010000 0x00000001
core   0: 0x8000b004 (0x0000bfe5) c.j     pc - 8
core   0: 3 0x8000b004 (0xbfe5)
core   0: 0x8000affc (0x00005f17) auipc   t5, 0x5
core   0: 3 0x8000affc (0x00005f17) x30 0x8000fffc
core   0: 0x8000b000 (0x003f2223) sw      gp, 4(t5)
core   0: 3 0x8000b000 (0x003f2223) mem 0x80010000 0x00000001
core   0: 0x8000b004 (0x0000bfe5) c.j     pc - 8
core   0: 3 0x8000b004 (0xbfe5)
core   0: 0x8000affc (0x00005f17) auipc   t5, 0x5
core   0: 3 0x8000affc (0x00005f17) x30 0x8000fffc
core   0: 0x8000b000 (0x003f2223) sw      gp, 4(t5)
core   0: 3 0x8000b000 (0x003f2223) mem 0x80010000 0x00000001
core   0: 0x8000b004 (0x0000bfe5) c.j     pc - 8
core   0: 3 0x8000b004 (0xbfe5)
core   0: 0x8000affc (0x00005f17) auipc   t5, 0x5
core   0: 3 0x8000affc (0x00005f17) x30 0x8000fffc
core   0: 0x8000b000 (0x003f2223) sw      gp, 4(t5)
core   0: 3 0x8000b000 (0x003f2223) mem 0x80010000 0x00000001
core   0: 0x8000b004 (0x0000bfe5) c.j     pc - 8
core   0: 3 0x8000b004 (0xbfe5)
core   0: 0x8000affc (0x00005f17) auipc   t5, 0x5
core   0: 3 0x8000affc (0x00005f17) x30 0x8000fffc
core   0: 0x8000b000 (0x003f2223) sw      gp, 4(t5)
core   0: 3 0x8000b000 (0x003f2223) mem 0x80010000 0x00000001
core   0: 0x8000b004 (0x0000bfe5) c.j     pc - 8
core   0: 3 0x8000b004 (0xbfe5)
core   0: 0x8000affc (0x00005f17) auipc   t5, 0x5
core   0: 3 0x8000affc (0x00005f17) x30 0x8000fffc
core   0: 0x8000b000 (0x003f2223) sw      gp, 4(t5)
core   0: 3 0x8000b000 (0x003f2223) mem 0x80010000 0x00000001
core   0: 0x8000b004 (0x0000bfe5) c.j     pc - 8
core   0: 3 0x8000b004 (0xbfe5)
core   0: 0x8000affc (0x00005f17) auipc   t5, 0x5
core   0: 3 0x8000affc (0x00005f17) x30 0x8000fffc
core   0: 0x8000b000 (0x003f2223) sw      gp, 4(t5)
core   0: 3 0x8000b000 (0x003f2223) mem 0x80010000 0x00000001
core   0: 0x8000b004 (0x0000bfe5) c.j     pc - 8
core   0: 3 0x8000b004 (0xbfe5)
core   0: 0x8000affc (0x00005f17) auipc   t5, 0x5
core   0: 3 0x8000affc (0x00005f17) x30 0x8000fffc
core   0: 0x8000b000 (0x003f2223) sw      gp, 4(t5)
core   0: 3 0x8000b000 (0x003f2223) mem 0x80010000 0x00000001
core   0: 0x8000b004 (0x0000bfe5) c.j     pc - 8
core   0: 3 0x8000b004 (0xbfe5)
core   0: 0x8000affc (0x00005f17) auipc   t5, 0x5
core   0: 3 0x8000affc (0x00005f17) x30 0x8000fffc
core   0: 0x8000b000 (0x003f2223) sw      gp, 4(t5)
core   0: 3 0x8000b000 (0x003f2223) mem 0x80010000 0x00000001
core   0: 0x8000b004 (0x0000bfe5) c.j     pc - 8
core   0: 3 0x8000b004 (0xbfe5)
core   0: 0x8000affc (0x00005f17) auipc   t5, 0x5
core   0: 3 0x8000affc (0x00005f17) x30 0x8000fffc
core   0: 0x8000b000 (0x003f2223) sw      gp, 4(t5)
core   0: 3 0x8000b000 (0x003f2223) mem 0x80010000 0x00000001
core   0: 0x8000b004 (0x0000bfe5) c.j     pc - 8
core   0: 3 0x8000b004 (0xbfe5)
core   0: 0x8000affc (0x00005f17) auipc   t5, 0x5
core   0: 3 0x8000affc (0x00005f17) x30 0x8000fffc
core   0: 0x8000b000 (0x003f2223) sw      gp, 4(t5)
core   0: 3 0x8000b000 (0x003f2223) mem 0x80010000 0x00000001
core   0: 0x8000b004 (0x0000bfe5) c.j     pc - 8
core   0: 3 0x8000b004 (0xbfe5)
core   0: 0x8000affc (0x00005f17) auipc   t5, 0x5
core   0: 3 0x8000affc (0x00005f17) x30 0x8000fffc
core   0: 0x8000b000 (0x003f2223) sw      gp, 4(t5)
core   0: 3 0x8000b000 (0x003f2223) mem 0x80010000 0x00000001
core   0: 0x8000b004 (0x0000bfe5) c.j     pc - 8
core   0: 3 0x8000b004 (0xbfe5)
core   0: 0x8000affc (0x00005f17) auipc   t5, 0x5
core   0: 3 0x8000affc (0x00005f17) x30 0x8000fffc
core   0: 0x8000b000 (0x003f2223) sw      gp, 4(t5)
core   0: 3 0x8000b000 (0x003f2223) mem 0x80010000 0x00000001
core   0: 0x8000b004 (0x0000bfe5) c.j     pc - 8
core   0: 3 0x8000b004 (0xbfe5)
core   0: 0x8000affc (0x00005f17) auipc   t5, 0x5
core   0: 3 0x8000affc (0x00005f17) x30 0x8000fffc
core   0: 0x8000b000 (0x003f2223) sw      gp, 4(t5)
core   0: 3 0x8000b000 (0x003f2223) mem 0x80010000 0x00000001
core   0: 0x8000b004 (0x0000bfe5) c.j     pc - 8
core   0: 3 0x8000b004 (0xbfe5)
core   0: 0x8000affc (0x00005f17) auipc   t5, 0x5
core   0: 3 0x8000affc (0x00005f17) x30 0x8000fffc
core   0: 0x8000b000 (0x003f2223) sw      gp, 4(t5)
core   0: 3 0x8000b000 (0x003f2223) mem 0x80010000 0x00000001
core   0: 0x8000b004 (0x0000bfe5) c.j     pc - 8
core   0: 3 0x8000b004 (0xbfe5)
core   0: 0x8000affc (0x00005f17) auipc   t5, 0x5
core   0: 3 0x8000affc (0x00005f17) x30 0x8000fffc
core   0: 0x8000b000 (0x003f2223) sw      gp, 4(t5)
core   0: 3 0x8000b000 (0x003f2223) mem 0x80010000 0x00000001
core   0: 0x8000b004 (0x0000bfe5) c.j     pc - 8
core   0: 3 0x8000b004 (0xbfe5)
core   0: 0x8000affc (0x00005f17) auipc   t5, 0x5
core   0: 3 0x8000affc (0x00005f17) x30 0x8000fffc
core   0: 0x8000b000 (0x003f2223) sw      gp, 4(t5)
core   0: 3 0x8000b000 (0x003f2223) mem 0x80010000 0x00000001
core   0: 0x8000b004 (0x0000bfe5) c.j     pc - 8
core   0: 3 0x8000b004 (0xbfe5)
core   0: 0x8000affc (0x00005f17) auipc   t5, 0x5
core   0: 3 0x8000affc (0x00005f17) x30 0x8000fffc
core   0: 0x8000b000 (0x003f2223) sw      gp, 4(t5)
core   0: 3 0x8000b000 (0x003f2223) mem 0x80010000 0x00000001
core   0: 0x8000b004 (0x0000bfe5) c.j     pc - 8
core   0: 3 0x8000b004 (0xbfe5)
core   0: 0x8000affc (0x00005f17) auipc   t5, 0x5
core   0: 3 0x8000affc (0x00005f17) x30 0x8000fffc
core   0: 0x8000b000 (0x003f2223) sw      gp, 4(t5)
core   0: 3 0x8000b000 (0x003f2223) mem 0x80010000 0x00000001
core   0: 0x8000b004 (0x0000bfe5) c.j     pc - 8
core   0: 3 0x8000b004 (0xbfe5)
core   0: 0x8000affc (0x00005f17) auipc   t5, 0x5
core   0: 3 0x8000affc (0x00005f17) x30 0x8000fffc
core   0: 0x8000b000 (0x003f2223) sw      gp, 4(t5)
core   0: 3 0x8000b000 (0x003f2223) mem 0x80010000 0x00000001
core   0: 0x8000b004 (0x0000bfe5) c.j     pc - 8
core   0: 3 0x8000b004 (0xbfe5)
core   0: 0x8000affc (0x00005f17) auipc   t5, 0x5
core   0: 3 0x8000affc (0x00005f17) x30 0x8000fffc
core   0: 0x8000b000 (0x003f2223) sw      gp, 4(t5)
core   0: 3 0x8000b000 (0x003f2223) mem 0x80010000 0x00000001
core   0: 0x8000b004 (0x0000bfe5) c.j     pc - 8
core   0: 3 0x8000b004 (0xbfe5)
core   0: 0x8000affc (0x00005f17) auipc   t5, 0x5
core   0: 3 0x8000affc (0x00005f17) x30 0x8000fffc
core   0: 0x8000b000 (0x003f2223) sw      gp, 4(t5)
core   0: 3 0x8000b000 (0x003f2223) mem 0x80010000 0x00000001
core   0: 0x8000b004 (0x0000bfe5) c.j     pc - 8
core   0: 3 0x8000b004 (0xbfe5)
core   0: 0x8000affc (0x00005f17) auipc   t5, 0x5
core   0: 3 0x8000affc (0x00005f17) x30 0x8000fffc
core   0: 0x8000b000 (0x003f2223) sw      gp, 4(t5)
core   0: 3 0x8000b000 (0x003f2223) mem 0x80010000 0x00000001
core   0: 0x8000b004 (0x0000bfe5) c.j     pc - 8
core   0: 3 0x8000b004 (0xbfe5)
core   0: 0x8000affc (0x00005f17) auipc   t5, 0x5
core   0: 3 0x8000affc (0x00005f17) x30 0x8000fffc
core   0: 0x8000b000 (0x003f2223) sw      gp, 4(t5)
core   0: 3 0x8000b000 (0x003f2223) mem 0x80010000 0x00000001
core   0: 0x8000b004 (0x0000bfe5) c.j     pc - 8
core   0: 3 0x8000b004 (0xbfe5)
core   0: 0x8000affc (0x00005f17) auipc   t5, 0x5
core   0: 3 0x8000affc (0x00005f17) x30 0x8000fffc
core   0: 0x8000b000 (0x003f2223) sw      gp, 4(t5)
core   0: 3 0x8000b000 (0x003f2223) mem 0x80010000 0x00000001
core   0: 0x8000b004 (0x0000bfe5) c.j     pc - 8
core   0: 3 0x8000b004 (0xbfe5)
core   0: 0x8000affc (0x00005f17) auipc   t5, 0x5
core   0: 3 0x8000affc (0x00005f17) x30 0x8000fffc
core   0: 0x8000b000 (0x003f2223) sw      gp, 4(t5)
core   0: 3 0x8000b000 (0x003f2223) mem 0x80010000 0x00000001
core   0: 0x8000b004 (0x0000bfe5) c.j     pc - 8
core   0: 3 0x8000b004 (0xbfe5)
core   0: 0x8000affc (0x00005f17) auipc   t5, 0x5
core   0: 3 0x8000affc (0x00005f17) x30 0x8000fffc
core   0: 0x8000b000 (0x003f2223) sw      gp, 4(t5)
core   0: 3 0x8000b000 (0x003f2223) mem 0x80010000 0x00000001
core   0: 0x8000b004 (0x0000bfe5) c.j     pc - 8
core   0: 3 0x8000b004 (0xbfe5)
core   0: 0x8000affc (0x00005f17) auipc   t5, 0x5
core   0: 3 0x8000affc (0x00005f17) x30 0x8000fffc
core   0: 0x8000b000 (0x003f2223) sw      gp, 4(t5)
core   0: 3 0x8000b000 (0x003f2223) mem 0x80010000 0x00000001
core   0: 0x8000b004 (0x0000bfe5) c.j     pc - 8
core   0: 3 0x8000b004 (0xbfe5)
core   0: 0x8000affc (0x00005f17) auipc   t5, 0x5
core   0: 3 0x8000affc (0x00005f17) x30 0x8000fffc
core   0: 0x8000b000 (0x003f2223) sw      gp, 4(t5)
core   0: 3 0x8000b000 (0x003f2223) mem 0x80010000 0x00000001
core   0: 0x8000b004 (0x0000bfe5) c.j     pc - 8
core   0: 3 0x8000b004 (0xbfe5)
core   0: 0x8000affc (0x00005f17) auipc   t5, 0x5
core   0: 3 0x8000affc (0x00005f17) x30 0x8000fffc
core   0: 0x8000b000 (0x003f2223) sw      gp, 4(t5)
core   0: 3 0x8000b000 (0x003f2223) mem 0x80010000 0x00000001
core   0: 0x8000b004 (0x0000bfe5) c.j     pc - 8
core   0: 3 0x8000b004 (0xbfe5)
core   0: 0x8000affc (0x00005f17) auipc   t5, 0x5
core   0: 3 0x8000affc (0x00005f17) x30 0x8000fffc
core   0: 0x8000b000 (0x003f2223) sw      gp, 4(t5)
core   0: 3 0x8000b000 (0x003f2223) mem 0x80010000 0x00000001
core   0: 0x8000b004 (0x0000bfe5) c.j     pc - 8
core   0: 3 0x8000b004 (0xbfe5)
core   0: 0x8000affc (0x00005f17) auipc   t5, 0x5
core   0: 3 0x8000affc (0x00005f17) x30 0x8000fffc
core   0: 0x8000b000 (0x003f2223) sw      gp, 4(t5)
core   0: 3 0x8000b000 (0x003f2223) mem 0x80010000 0x00000001
core   0: 0x8000b004 (0x0000bfe5) c.j     pc - 8
core   0: 3 0x8000b004 (0xbfe5)
core   0: 0x8000affc (0x00005f17) auipc   t5, 0x5
core   0: 3 0x8000affc (0x00005f17) x30 0x8000fffc
core   0: 0x8000b000 (0x003f2223) sw      gp, 4(t5)
core   0: 3 0x8000b000 (0x003f2223) mem 0x80010000 0x00000001
core   0: 0x8000b004 (0x0000bfe5) c.j     pc - 8
core   0: 3 0x8000b004 (0xbfe5)
core   0: 0x8000affc (0x00005f17) auipc   t5, 0x5
core   0: 3 0x8000affc (0x00005f17) x30 0x8000fffc
core   0: 0x8000b000 (0x003f2223) sw      gp, 4(t5)
core   0: 3 0x8000b000 (0x003f2223) mem 0x80010000 0x00000001
core   0: 0x8000b004 (0x0000bfe5) c.j     pc - 8
core   0: 3 0x8000b004 (0xbfe5)
core   0: 0x8000affc (0x00005f17) auipc   t5, 0x5
core   0: 3 0x8000affc (0x00005f17) x30 0x8000fffc
core   0: 0x8000b000 (0x003f2223) sw      gp, 4(t5)
core   0: 3 0x8000b000 (0x003f2223) mem 0x80010000 0x00000001
core   0: 0x8000b004 (0x0000bfe5) c.j     pc - 8
core   0: 3 0x8000b004 (0xbfe5)
core   0: 0x8000affc (0x00005f17) auipc   t5, 0x5
core   0: 3 0x8000affc (0x00005f17) x30 0x8000fffc
core   0: 0x8000b000 (0x003f2223) sw      gp, 4(t5)
core   0: 3 0x8000b000 (0x003f2223) mem 0x80010000 0x00000001
core   0: 0x8000b004 (0x0000bfe5) c.j     pc - 8
core   0: 3 0x8000b004 (0xbfe5)
core   0: 0x8000affc (0x00005f17) auipc   t5, 0x5
core   0: 3 0x8000affc (0x00005f17) x30 0x8000fffc
core   0: 0x8000b000 (0x003f2223) sw      gp, 4(t5)
core   0: 3 0x8000b000 (0x003f2223) mem 0x80010000 0x00000001
core   0: 0x8000b004 (0x0000bfe5) c.j     pc - 8
core   0: 3 0x8000b004 (0xbfe5)
core   0: 0x8000affc (0x00005f17) auipc   t5, 0x5
core   0: 3 0x8000affc (0x00005f17) x30 0x8000fffc
core   0: 0x8000b000 (0x003f2223) sw      gp, 4(t5)
core   0: 3 0x8000b000 (0x003f2223) mem 0x80010000 0x00000001
core   0: 0x8000b004 (0x0000bfe5) c.j     pc - 8
core   0: 3 0x8000b004 (0xbfe5)
core   0: 0x8000affc (0x00005f17) auipc   t5, 0x5
core   0: 3 0x8000affc (0x00005f17) x30 0x8000fffc
core   0: 0x8000b000 (0x003f2223) sw      gp, 4(t5)
core   0: 3 0x8000b000 (0x003f2223) mem 0x80010000 0x00000001
core   0: 0x8000b004 (0x0000bfe5) c.j     pc - 8
core   0: 3 0x8000b004 (0xbfe5)
core   0: 0x8000affc (0x00005f17) auipc   t5, 0x5
core   0: 3 0x8000affc (0x00005f17) x30 0x8000fffc
core   0: 0x8000b000 (0x003f2223) sw      gp, 4(t5)
core   0: 3 0x8000b000 (0x003f2223) mem 0x80010000 0x00000001
core   0: 0x8000b004 (0x0000bfe5) c.j     pc - 8
core   0: 3 0x8000b004 (0xbfe5)
core   0: 0x8000affc (0x00005f17) auipc   t5, 0x5
core   0: 3 0x8000affc (0x00005f17) x30 0x8000fffc
core   0: 0x8000b000 (0x003f2223) sw      gp, 4(t5)
core   0: 3 0x8000b000 (0x003f2223) mem 0x80010000 0x00000001
core   0: 0x8000b004 (0x0000bfe5) c.j     pc - 8
core   0: 3 0x8000b004 (0xbfe5)
core   0: 0x8000affc (0x00005f17) auipc   t5, 0x5
core   0: 3 0x8000affc (0x00005f17) x30 0x8000fffc
core   0: 0x8000b000 (0x003f2223) sw      gp, 4(t5)
core   0: 3 0x8000b000 (0x003f2223) mem 0x80010000 0x00000001
core   0: 0x8000b004 (0x0000bfe5) c.j     pc - 8
core   0: 3 0x8000b004 (0xbfe5)
core   0: 0x8000affc (0x00005f17) auipc   t5, 0x5
core   0: 3 0x8000affc (0x00005f17) x30 0x8000fffc
core   0: 0x8000b000 (0x003f2223) sw      gp, 4(t5)
core   0: 3 0x8000b000 (0x003f2223) mem 0x80010000 0x00000001
core   0: 0x8000b004 (0x0000bfe5) c.j     pc - 8
core   0: 3 0x8000b004 (0xbfe5)
core   0: 0x8000affc (0x00005f17) auipc   t5, 0x5
core   0: 3 0x8000affc (0x00005f17) x30 0x8000fffc
core   0: 0x8000b000 (0x003f2223) sw      gp, 4(t5)
core   0: 3 0x8000b000 (0x003f2223) mem 0x80010000 0x00000001
core   0: 0x8000b004 (0x0000bfe5) c.j     pc - 8
core   0: 3 0x8000b004 (0xbfe5)
core   0: 0x8000affc (0x00005f17) auipc   t5, 0x5
core   0: 3 0x8000affc (0x00005f17) x30 0x8000fffc
core   0: 0x8000b000 (0x003f2223) sw      gp, 4(t5)
core   0: 3 0x8000b000 (0x003f2223) mem 0x80010000 0x00000001
core   0: 0x8000b004 (0x0000bfe5) c.j     pc - 8
core   0: 3 0x8000b004 (0xbfe5)
core   0: 0x8000affc (0x00005f17) auipc   t5, 0x5
core   0: 3 0x8000affc (0x00005f17) x30 0x8000fffc
core   0: 0x8000b000 (0x003f2223) sw      gp, 4(t5)
core   0: 3 0x8000b000 (0x003f2223) mem 0x80010000 0x00000001
core   0: 0x8000b004 (0x0000bfe5) c.j     pc - 8
core   0: 3 0x8000b004 (0xbfe5)
core   0: 0x8000affc (0x00005f17) auipc   t5, 0x5
core   0: 3 0x8000affc (0x00005f17) x30 0x8000fffc
core   0: 0x8000b000 (0x003f2223) sw      gp, 4(t5)
core   0: 3 0x8000b000 (0x003f2223) mem 0x80010000 0x00000001
core   0: 0x8000b004 (0x0000bfe5) c.j     pc - 8
core   0: 3 0x8000b004 (0xbfe5)
core   0: 0x8000affc (0x00005f17) auipc   t5, 0x5
core   0: 3 0x8000affc (0x00005f17) x30 0x8000fffc
core   0: 0x8000b000 (0x003f2223) sw      gp, 4(t5)
core   0: 3 0x8000b000 (0x003f2223) mem 0x80010000 0x00000001
core   0: 0x8000b004 (0x0000bfe5) c.j     pc - 8
core   0: 3 0x8000b004 (0xbfe5)
core   0: 0x8000affc (0x00005f17) auipc   t5, 0x5
core   0: 3 0x8000affc (0x00005f17) x30 0x8000fffc
core   0: 0x8000b000 (0x003f2223) sw      gp, 4(t5)
core   0: 3 0x8000b000 (0x003f2223) mem 0x80010000 0x00000001
core   0: 0x8000b004 (0x0000bfe5) c.j     pc - 8
core   0: 3 0x8000b004 (0xbfe5)
core   0: 0x8000affc (0x00005f17) auipc   t5, 0x5
core   0: 3 0x8000affc (0x00005f17) x30 0x8000fffc
core   0: 0x8000b000 (0x003f2223) sw      gp, 4(t5)
core   0: 3 0x8000b000 (0x003f2223) mem 0x80010000 0x00000001
core   0: 0x8000b004 (0x0000bfe5) c.j     pc - 8
core   0: 3 0x8000b004 (0xbfe5)
core   0: 0x8000affc (0x00005f17) auipc   t5, 0x5
core   0: 3 0x8000affc (0x00005f17) x30 0x8000fffc
core   0: 0x8000b000 (0x003f2223) sw      gp, 4(t5)
core   0: 3 0x8000b000 (0x003f2223) mem 0x80010000 0x00000001
core   0: 0x8000b004 (0x0000bfe5) c.j     pc - 8
core   0: 3 0x8000b004 (0xbfe5)
core   0: 0x8000affc (0x00005f17) auipc   t5, 0x5
core   0: 3 0x8000affc (0x00005f17) x30 0x8000fffc
core   0: 0x8000b000 (0x003f2223) sw      gp, 4(t5)
core   0: 3 0x8000b000 (0x003f2223) mem 0x80010000 0x00000001
core   0: 0x8000b004 (0x0000bfe5) c.j     pc - 8
core   0: 3 0x8000b004 (0xbfe5)
core   0: 0x8000affc (0x00005f17) auipc   t5, 0x5
core   0: 3 0x8000affc (0x00005f17) x30 0x8000fffc
core   0: 0x8000b000 (0x003f2223) sw      gp, 4(t5)
core   0: 3 0x8000b000 (0x003f2223) mem 0x80010000 0x00000001
core   0: 0x8000b004 (0x0000bfe5) c.j     pc - 8
core   0: 3 0x8000b004 (0xbfe5)
core   0: 0x8000affc (0x00005f17) auipc   t5, 0x5
core   0: 3 0x8000affc (0x00005f17) x30 0x8000fffc
core   0: 0x8000b000 (0x003f2223) sw      gp, 4(t5)
core   0: 3 0x8000b000 (0x003f2223) mem 0x80010000 0x00000001
core   0: 0x8000b004 (0x0000bfe5) c.j     pc - 8
core   0: 3 0x8000b004 (0xbfe5)
core   0: 0x8000affc (0x00005f17) auipc   t5, 0x5
core   0: 3 0x8000affc (0x00005f17) x30 0x8000fffc
core   0: 0x8000b000 (0x003f2223) sw      gp, 4(t5)
core   0: 3 0x8000b000 (0x003f2223) mem 0x80010000 0x00000001
core   0: 0x8000b004 (0x0000bfe5) c.j     pc - 8
core   0: 3 0x8000b004 (0xbfe5)
core   0: 0x8000affc (0x00005f17) auipc   t5, 0x5
core   0: 3 0x8000affc (0x00005f17) x30 0x8000fffc
core   0: 0x8000b000 (0x003f2223) sw      gp, 4(t5)
core   0: 3 0x8000b000 (0x003f2223) mem 0x80010000 0x00000001
core   0: 0x8000b004 (0x0000bfe5) c.j     pc - 8
core   0: 3 0x8000b004 (0xbfe5)
core   0: 0x8000affc (0x00005f17) auipc   t5, 0x5
core   0: 3 0x8000affc (0x00005f17) x30 0x8000fffc
core   0: 0x8000b000 (0x003f2223) sw      gp, 4(t5)
core   0: 3 0x8000b000 (0x003f2223) mem 0x80010000 0x00000001
core   0: 0x8000b004 (0x0000bfe5) c.j     pc - 8
core   0: 3 0x8000b004 (0xbfe5)
core   0: 0x8000affc (0x00005f17) auipc   t5, 0x5
core   0: 3 0x8000affc (0x00005f17) x30 0x8000fffc
core   0: 0x8000b000 (0x003f2223) sw      gp, 4(t5)
core   0: 3 0x8000b000 (0x003f2223) mem 0x80010000 0x00000001
core   0: 0x8000b004 (0x0000bfe5) c.j     pc - 8
core   0: 3 0x8000b004 (0xbfe5)
core   0: 0x8000affc (0x00005f17) auipc   t5, 0x5
core   0: 3 0x8000affc (0x00005f17) x30 0x8000fffc
core   0: 0x8000b000 (0x003f2223) sw      gp, 4(t5)
core   0: 3 0x8000b000 (0x003f2223) mem 0x80010000 0x00000001
core   0: 0x8000b004 (0x0000bfe5) c.j     pc - 8
core   0: 3 0x8000b004 (0xbfe5)
core   0: 0x8000affc (0x00005f17) auipc   t5, 0x5
core   0: 3 0x8000affc (0x00005f17) x30 0x8000fffc
core   0: 0x8000b000 (0x003f2223) sw      gp, 4(t5)
core   0: 3 0x8000b000 (0x003f2223) mem 0x80010000 0x00000001
core   0: 0x8000b004 (0x0000bfe5) c.j     pc - 8
core   0: 3 0x8000b004 (0xbfe5)
core   0: 0x8000affc (0x00005f17) auipc   t5, 0x5
core   0: 3 0x8000affc (0x00005f17) x30 0x8000fffc
core   0: 0x8000b000 (0x003f2223) sw      gp, 4(t5)
core   0: 3 0x8000b000 (0x003f2223) mem 0x80010000 0x00000001
core   0: 0x8000b004 (0x0000bfe5) c.j     pc - 8
core   0: 3 0x8000b004 (0xbfe5)
core   0: 0x8000affc (0x00005f17) auipc   t5, 0x5
core   0: 3 0x8000affc (0x00005f17) x30 0x8000fffc
core   0: 0x8000b000 (0x003f2223) sw      gp, 4(t5)
core   0: 3 0x8000b000 (0x003f2223) mem 0x80010000 0x00000001
core   0: 0x8000b004 (0x0000bfe5) c.j     pc - 8
core   0: 3 0x8000b004 (0xbfe5)
core   0: 0x8000affc (0x00005f17) auipc   t5, 0x5
core   0: 3 0x8000affc (0x00005f17) x30 0x8000fffc
core   0: 0x8000b000 (0x003f2223) sw      gp, 4(t5)
core   0: 3 0x8000b000 (0x003f2223) mem 0x80010000 0x00000001
core   0: 0x8000b004 (0x0000bfe5) c.j     pc - 8
core   0: 3 0x8000b004 (0xbfe5)
core   0: 0x8000affc (0x00005f17) auipc   t5, 0x5
core   0: 3 0x8000affc (0x00005f17) x30 0x8000fffc
core   0: 0x8000b000 (0x003f2223) sw      gp, 4(t5)
core   0: 3 0x8000b000 (0x003f2223) mem 0x80010000 0x00000001
core   0: 0x8000b004 (0x0000bfe5) c.j     pc - 8
core   0: 3 0x8000b004 (0xbfe5)
core   0: 0x8000affc (0x00005f17) auipc   t5, 0x5
core   0: 3 0x8000affc (0x00005f17) x30 0x8000fffc
core   0: 0x8000b000 (0x003f2223) sw      gp, 4(t5)
core   0: 3 0x8000b000 (0x003f2223) mem 0x80010000 0x00000001
core   0: 0x8000b004 (0x0000bfe5) c.j     pc - 8
core   0: 3 0x8000b004 (0xbfe5)
core   0: 0x8000affc (0x00005f17) auipc   t5, 0x5
core   0: 3 0x8000affc (0x00005f17) x30 0x8000fffc
core   0: 0x8000b000 (0x003f2223) sw      gp, 4(t5)
core   0: 3 0x8000b000 (0x003f2223) mem 0x80010000 0x00000001
core   0: 0x8000b004 (0x0000bfe5) c.j     pc - 8
core   0: 3 0x8000b004 (0xbfe5)
core   0: 0x8000affc (0x00005f17) auipc   t5, 0x5
core   0: 3 0x8000affc (0x00005f17) x30 0x8000fffc
core   0: 0x8000b000 (0x003f2223) sw      gp, 4(t5)
core   0: 3 0x8000b000 (0x003f2223) mem 0x80010000 0x00000001
core   0: 0x8000b004 (0x0000bfe5) c.j     pc - 8
core   0: 3 0x8000b004 (0xbfe5)
core   0: 0x8000affc (0x00005f17) auipc   t5, 0x5
core   0: 3 0x8000affc (0x00005f17) x30 0x8000fffc
core   0: 0x8000b000 (0x003f2223) sw      gp, 4(t5)
core   0: 3 0x8000b000 (0x003f2223) mem 0x80010000 0x00000001
core   0: 0x8000b004 (0x0000bfe5) c.j     pc - 8
core   0: 3 0x8000b004 (0xbfe5)
core   0: 0x8000affc (0x00005f17) auipc   t5, 0x5
core   0: 3 0x8000affc (0x00005f17) x30 0x8000fffc
core   0: 0x8000b000 (0x003f2223) sw      gp, 4(t5)
core   0: 3 0x8000b000 (0x003f2223) mem 0x80010000 0x00000001
core   0: 0x8000b004 (0x0000bfe5) c.j     pc - 8
core   0: 3 0x8000b004 (0xbfe5)
core   0: 0x8000affc (0x00005f17) auipc   t5, 0x5
core   0: 3 0x8000affc (0x00005f17) x30 0x8000fffc
core   0: 0x8000b000 (0x003f2223) sw      gp, 4(t5)
core   0: 3 0x8000b000 (0x003f2223) mem 0x80010000 0x00000001
core   0: 0x8000b004 (0x0000bfe5) c.j     pc - 8
core   0: 3 0x8000b004 (0xbfe5)
core   0: 0x8000affc (0x00005f17) auipc   t5, 0x5
core   0: 3 0x8000affc (0x00005f17) x30 0x8000fffc
core   0: 0x8000b000 (0x003f2223) sw      gp, 4(t5)
core   0: 3 0x8000b000 (0x003f2223) mem 0x80010000 0x00000001
core   0: 0x8000b004 (0x0000bfe5) c.j     pc - 8
core   0: 3 0x8000b004 (0xbfe5)
core   0: 0x8000affc (0x00005f17) auipc   t5, 0x5
core   0: 3 0x8000affc (0x00005f17) x30 0x8000fffc
core   0: 0x8000b000 (0x003f2223) sw      gp, 4(t5)
core   0: 3 0x8000b000 (0x003f2223) mem 0x80010000 0x00000001
core   0: 0x8000b004 (0x0000bfe5) c.j     pc - 8
core   0: 3 0x8000b004 (0xbfe5)
core   0: 0x8000affc (0x00005f17) auipc   t5, 0x5
core   0: 3 0x8000affc (0x00005f17) x30 0x8000fffc
core   0: 0x8000b000 (0x003f2223) sw      gp, 4(t5)
core   0: 3 0x8000b000 (0x003f2223) mem 0x80010000 0x00000001
core   0: 0x8000b004 (0x0000bfe5) c.j     pc - 8
core   0: 3 0x8000b004 (0xbfe5)
core   0: 0x8000affc (0x00005f17) auipc   t5, 0x5
core   0: 3 0x8000affc (0x00005f17) x30 0x8000fffc
core   0: 0x8000b000 (0x003f2223) sw      gp, 4(t5)
core   0: 3 0x8000b000 (0x003f2223) mem 0x80010000 0x00000001
core   0: 0x8000b004 (0x0000bfe5) c.j     pc - 8
core   0: 3 0x8000b004 (0xbfe5)
core   0: 0x8000affc (0x00005f17) auipc   t5, 0x5
core   0: 3 0x8000affc (0x00005f17) x30 0x8000fffc
core   0: 0x8000b000 (0x003f2223) sw      gp, 4(t5)
core   0: 3 0x8000b000 (0x003f2223) mem 0x80010000 0x00000001
core   0: 0x8000b004 (0x0000bfe5) c.j     pc - 8
core   0: 3 0x8000b004 (0xbfe5)
core   0: 0x8000affc (0x00005f17) auipc   t5, 0x5
core   0: 3 0x8000affc (0x00005f17) x30 0x8000fffc
core   0: 0x8000b000 (0x003f2223) sw      gp, 4(t5)
core   0: 3 0x8000b000 (0x003f2223) mem 0x80010000 0x00000001
core   0: 0x8000b004 (0x0000bfe5) c.j     pc - 8
core   0: 3 0x8000b004 (0xbfe5)
core   0: 0x8000affc (0x00005f17) auipc   t5, 0x5
core   0: 3 0x8000affc (0x00005f17) x30 0x8000fffc
core   0: 0x8000b000 (0x003f2223) sw      gp, 4(t5)
core   0: 3 0x8000b000 (0x003f2223) mem 0x80010000 0x00000001
core   0: 0x8000b004 (0x0000bfe5) c.j     pc - 8
core   0: 3 0x8000b004 (0xbfe5)
core   0: 0x8000affc (0x00005f17) auipc   t5, 0x5
core   0: 3 0x8000affc (0x00005f17) x30 0x8000fffc
core   0: 0x8000b000 (0x003f2223) sw      gp, 4(t5)
core   0: 3 0x8000b000 (0x003f2223) mem 0x80010000 0x00000001
core   0: 0x8000b004 (0x0000bfe5) c.j     pc - 8
core   0: 3 0x8000b004 (0xbfe5)
core   0: 0x8000affc (0x00005f17) auipc   t5, 0x5
core   0: 3 0x8000affc (0x00005f17) x30 0x8000fffc
core   0: 0x8000b000 (0x003f2223) sw      gp, 4(t5)
core   0: 3 0x8000b000 (0x003f2223) mem 0x80010000 0x00000001
core   0: 0x8000b004 (0x0000bfe5) c.j     pc - 8
core   0: 3 0x8000b004 (0xbfe5)
core   0: 0x8000affc (0x00005f17) auipc   t5, 0x5
core   0: 3 0x8000affc (0x00005f17) x30 0x8000fffc
core   0: 0x8000b000 (0x003f2223) sw      gp, 4(t5)
core   0: 3 0x8000b000 (0x003f2223) mem 0x80010000 0x00000001
core   0: 0x8000b004 (0x0000bfe5) c.j     pc - 8
core   0: 3 0x8000b004 (0xbfe5)
core   0: 0x8000affc (0x00005f17) auipc   t5, 0x5
core   0: 3 0x8000affc (0x00005f17) x30 0x8000fffc
core   0: 0x8000b000 (0x003f2223) sw      gp, 4(t5)
core   0: 3 0x8000b000 (0x003f2223) mem 0x80010000 0x00000001
core   0: 0x8000b004 (0x0000bfe5) c.j     pc - 8
core   0: 3 0x8000b004 (0xbfe5)
core   0: 0x8000affc (0x00005f17) auipc   t5, 0x5
core   0: 3 0x8000affc (0x00005f17) x30 0x8000fffc
core   0: 0x8000b000 (0x003f2223) sw      gp, 4(t5)
core   0: 3 0x8000b000 (0x003f2223) mem 0x80010000 0x00000001
core   0: 0x8000b004 (0x0000bfe5) c.j     pc - 8
core   0: 3 0x8000b004 (0xbfe5)
core   0: 0x8000affc (0x00005f17) auipc   t5, 0x5
core   0: 3 0x8000affc (0x00005f17) x30 0x8000fffc
core   0: 0x8000b000 (0x003f2223) sw      gp, 4(t5)
core   0: 3 0x8000b000 (0x003f2223) mem 0x80010000 0x00000001
core   0: 0x8000b004 (0x0000bfe5) c.j     pc - 8
core   0: 3 0x8000b004 (0xbfe5)
core   0: 0x8000affc (0x00005f17) auipc   t5, 0x5
core   0: 3 0x8000affc (0x00005f17) x30 0x8000fffc
core   0: 0x8000b000 (0x003f2223) sw      gp, 4(t5)
core   0: 3 0x8000b000 (0x003f2223) mem 0x80010000 0x00000001
core   0: 0x8000b004 (0x0000bfe5) c.j     pc - 8
core   0: 3 0x8000b004 (0xbfe5)
core   0: 0x8000affc (0x00005f17) auipc   t5, 0x5
core   0: 3 0x8000affc (0x00005f17) x30 0x8000fffc
core   0: 0x8000b000 (0x003f2223) sw      gp, 4(t5)
core   0: 3 0x8000b000 (0x003f2223) mem 0x80010000 0x00000001
core   0: 0x8000b004 (0x0000bfe5) c.j     pc - 8
core   0: 3 0x8000b004 (0xbfe5)
core   0: 0x8000affc (0x00005f17) auipc   t5, 0x5
core   0: 3 0x8000affc (0x00005f17) x30 0x8000fffc
core   0: 0x8000b000 (0x003f2223) sw      gp, 4(t5)
core   0: 3 0x8000b000 (0x003f2223) mem 0x80010000 0x00000001
core   0: 0x8000b004 (0x0000bfe5) c.j     pc - 8
core   0: 3 0x8000b004 (0xbfe5)
core   0: 0x8000affc (0x00005f17) auipc   t5, 0x5
core   0: 3 0x8000affc (0x00005f17) x30 0x8000fffc
core   0: 0x8000b000 (0x003f2223) sw      gp, 4(t5)
core   0: 3 0x8000b000 (0x003f2223) mem 0x80010000 0x00000001
core   0: 0x8000b004 (0x0000bfe5) c.j     pc - 8
core   0: 3 0x8000b004 (0xbfe5)
core   0: 0x8000affc (0x00005f17) auipc   t5, 0x5
core   0: 3 0x8000affc (0x00005f17) x30 0x8000fffc
core   0: 0x8000b000 (0x003f2223) sw      gp, 4(t5)
core   0: 3 0x8000b000 (0x003f2223) mem 0x80010000 0x00000001
core   0: 0x8000b004 (0x0000bfe5) c.j     pc - 8
core   0: 3 0x8000b004 (0xbfe5)
core   0: 0x8000affc (0x00005f17) auipc   t5, 0x5
core   0: 3 0x8000affc (0x00005f17) x30 0x8000fffc
core   0: 0x8000b000 (0x003f2223) sw      gp, 4(t5)
core   0: 3 0x8000b000 (0x003f2223) mem 0x80010000 0x00000001
core   0: 0x8000b004 (0x0000bfe5) c.j     pc - 8
core   0: 3 0x8000b004 (0xbfe5)
core   0: 0x8000affc (0x00005f17) auipc   t5, 0x5
core   0: 3 0x8000affc (0x00005f17) x30 0x8000fffc
core   0: 0x8000b000 (0x003f2223) sw      gp, 4(t5)
core   0: 3 0x8000b000 (0x003f2223) mem 0x80010000 0x00000001
core   0: 0x8000b004 (0x0000bfe5) c.j     pc - 8
core   0: 3 0x8000b004 (0xbfe5)
core   0: 0x8000affc (0x00005f17) auipc   t5, 0x5
core   0: 3 0x8000affc (0x00005f17) x30 0x8000fffc
core   0: 0x8000b000 (0x003f2223) sw      gp, 4(t5)
core   0: 3 0x8000b000 (0x003f2223) mem 0x80010000 0x00000001
core   0: 0x8000b004 (0x0000bfe5) c.j     pc - 8
core   0: 3 0x8000b004 (0xbfe5)
core   0: 0x8000affc (0x00005f17) auipc   t5, 0x5
core   0: 3 0x8000affc (0x00005f17) x30 0x8000fffc
core   0: 0x8000b000 (0x003f2223) sw      gp, 4(t5)
core   0: 3 0x8000b000 (0x003f2223) mem 0x80010000 0x00000001
core   0: 0x8000b004 (0x0000bfe5) c.j     pc - 8
core   0: 3 0x8000b004 (0xbfe5)
core   0: 0x8000affc (0x00005f17) auipc   t5, 0x5
core   0: 3 0x8000affc (0x00005f17) x30 0x8000fffc
core   0: 0x8000b000 (0x003f2223) sw      gp, 4(t5)
core   0: 3 0x8000b000 (0x003f2223) mem 0x80010000 0x00000001
core   0: 0x8000b004 (0x0000bfe5) c.j     pc - 8
core   0: 3 0x8000b004 (0xbfe5)
core   0: 0x8000affc (0x00005f17) auipc   t5, 0x5
core   0: 3 0x8000affc (0x00005f17) x30 0x8000fffc
core   0: 0x8000b000 (0x003f2223) sw      gp, 4(t5)
core   0: 3 0x8000b000 (0x003f2223) mem 0x80010000 0x00000001
core   0: 0x8000b004 (0x0000bfe5) c.j     pc - 8
core   0: 3 0x8000b004 (0xbfe5)
core   0: 0x8000affc (0x00005f17) auipc   t5, 0x5
core   0: 3 0x8000affc (0x00005f17) x30 0x8000fffc
core   0: 0x8000b000 (0x003f2223) sw      gp, 4(t5)
core   0: 3 0x8000b000 (0x003f2223) mem 0x80010000 0x00000001
core   0: 0x8000b004 (0x0000bfe5) c.j     pc - 8
core   0: 3 0x8000b004 (0xbfe5)
core   0: 0x8000affc (0x00005f17) auipc   t5, 0x5
core   0: 3 0x8000affc (0x00005f17) x30 0x8000fffc
core   0: 0x8000b000 (0x003f2223) sw      gp, 4(t5)
core   0: 3 0x8000b000 (0x003f2223) mem 0x80010000 0x00000001
core   0: 0x8000b004 (0x0000bfe5) c.j     pc - 8
core   0: 3 0x8000b004 (0xbfe5)
core   0: 0x8000affc (0x00005f17) auipc   t5, 0x5
core   0: 3 0x8000affc (0x00005f17) x30 0x8000fffc
core   0: 0x8000b000 (0x003f2223) sw      gp, 4(t5)
core   0: 3 0x8000b000 (0x003f2223) mem 0x80010000 0x00000001
core   0: 0x8000b004 (0x0000bfe5) c.j     pc - 8
core   0: 3 0x8000b004 (0xbfe5)
core   0: 0x8000affc (0x00005f17) auipc   t5, 0x5
core   0: 3 0x8000affc (0x00005f17) x30 0x8000fffc
core   0: 0x8000b000 (0x003f2223) sw      gp, 4(t5)
core   0: 3 0x8000b000 (0x003f2223) mem 0x80010000 0x00000001
core   0: 0x8000b004 (0x0000bfe5) c.j     pc - 8
core   0: 3 0x8000b004 (0xbfe5)
core   0: 0x8000affc (0x00005f17) auipc   t5, 0x5
core   0: 3 0x8000affc (0x00005f17) x30 0x8000fffc
core   0: 0x8000b000 (0x003f2223) sw      gp, 4(t5)
core   0: 3 0x8000b000 (0x003f2223) mem 0x80010000 0x00000001
core   0: 0x8000b004 (0x0000bfe5) c.j     pc - 8
core   0: 3 0x8000b004 (0xbfe5)
core   0: 0x8000affc (0x00005f17) auipc   t5, 0x5
core   0: 3 0x8000affc (0x00005f17) x30 0x8000fffc
core   0: 0x8000b000 (0x003f2223) sw      gp, 4(t5)
core   0: 3 0x8000b000 (0x003f2223) mem 0x80010000 0x00000001
core   0: 0x8000b004 (0x0000bfe5) c.j     pc - 8
core   0: 3 0x8000b004 (0xbfe5)
core   0: 0x8000affc (0x00005f17) auipc   t5, 0x5
core   0: 3 0x8000affc (0x00005f17) x30 0x8000fffc
core   0: 0x8000b000 (0x003f2223) sw      gp, 4(t5)
core   0: 3 0x8000b000 (0x003f2223) mem 0x80010000 0x00000001
core   0: 0x8000b004 (0x0000bfe5) c.j     pc - 8
core   0: 3 0x8000b004 (0xbfe5)
core   0: 0x8000affc (0x00005f17) auipc   t5, 0x5
core   0: 3 0x8000affc (0x00005f17) x30 0x8000fffc
core   0: 0x8000b000 (0x003f2223) sw      gp, 4(t5)
core   0: 3 0x8000b000 (0x003f2223) mem 0x80010000 0x00000001
core   0: 0x8000b004 (0x0000bfe5) c.j     pc - 8
core   0: 3 0x8000b004 (0xbfe5)
core   0: 0x8000affc (0x00005f17) auipc   t5, 0x5
core   0: 3 0x8000affc (0x00005f17) x30 0x8000fffc
core   0: 0x8000b000 (0x003f2223) sw      gp, 4(t5)
core   0: 3 0x8000b000 (0x003f2223) mem 0x80010000 0x00000001
core   0: 0x8000b004 (0x0000bfe5) c.j     pc - 8
core   0: 3 0x8000b004 (0xbfe5)
core   0: 0x8000affc (0x00005f17) auipc   t5, 0x5
core   0: 3 0x8000affc (0x00005f17) x30 0x8000fffc
core   0: 0x8000b000 (0x003f2223) sw      gp, 4(t5)
core   0: 3 0x8000b000 (0x003f2223) mem 0x80010000 0x00000001
core   0: 0x8000b004 (0x0000bfe5) c.j     pc - 8
core   0: 3 0x8000b004 (0xbfe5)
core   0: 0x8000affc (0x00005f17) auipc   t5, 0x5
core   0: 3 0x8000affc (0x00005f17) x30 0x8000fffc
core   0: 0x8000b000 (0x003f2223) sw      gp, 4(t5)
core   0: 3 0x8000b000 (0x003f2223) mem 0x80010000 0x00000001
core   0: 0x8000b004 (0x0000bfe5) c.j     pc - 8
core   0: 3 0x8000b004 (0xbfe5)
core   0: 0x8000affc (0x00005f17) auipc   t5, 0x5
core   0: 3 0x8000affc (0x00005f17) x30 0x8000fffc
core   0: 0x8000b000 (0x003f2223) sw      gp, 4(t5)
core   0: 3 0x8000b000 (0x003f2223) mem 0x80010000 0x00000001
core   0: 0x8000b004 (0x0000bfe5) c.j     pc - 8
core   0: 3 0x8000b004 (0xbfe5)
core   0: 0x8000affc (0x00005f17) auipc   t5, 0x5
core   0: 3 0x8000affc (0x00005f17) x30 0x8000fffc
core   0: 0x8000b000 (0x003f2223) sw      gp, 4(t5)
core   0: 3 0x8000b000 (0x003f2223) mem 0x80010000 0x00000001
core   0: 0x8000b004 (0x0000bfe5) c.j     pc - 8
core   0: 3 0x8000b004 (0xbfe5)
core   0: 0x8000affc (0x00005f17) auipc   t5, 0x5
core   0: 3 0x8000affc (0x00005f17) x30 0x8000fffc
core   0: 0x8000b000 (0x003f2223) sw      gp, 4(t5)
core   0: 3 0x8000b000 (0x003f2223) mem 0x80010000 0x00000001
core   0: 0x8000b004 (0x0000bfe5) c.j     pc - 8
core   0: 3 0x8000b004 (0xbfe5)
core   0: 0x8000affc (0x00005f17) auipc   t5, 0x5
core   0: 3 0x8000affc (0x00005f17) x30 0x8000fffc
core   0: 0x8000b000 (0x003f2223) sw      gp, 4(t5)
core   0: 3 0x8000b000 (0x003f2223) mem 0x80010000 0x00000001
core   0: 0x8000b004 (0x0000bfe5) c.j     pc - 8
core   0: 3 0x8000b004 (0xbfe5)
core   0: 0x8000affc (0x00005f17) auipc   t5, 0x5
core   0: 3 0x8000affc (0x00005f17) x30 0x8000fffc
core   0: 0x8000b000 (0x003f2223) sw      gp, 4(t5)
core   0: 3 0x8000b000 (0x003f2223) mem 0x80010000 0x00000001
core   0: 0x8000b004 (0x0000bfe5) c.j     pc - 8
core   0: 3 0x8000b004 (0xbfe5)
core   0: 0x8000affc (0x00005f17) auipc   t5, 0x5
core   0: 3 0x8000affc (0x00005f17) x30 0x8000fffc
core   0: 0x8000b000 (0x003f2223) sw      gp, 4(t5)
core   0: 3 0x8000b000 (0x003f2223) mem 0x80010000 0x00000001
core   0: 0x8000b004 (0x0000bfe5) c.j     pc - 8
core   0: 3 0x8000b004 (0xbfe5)
core   0: 0x8000affc (0x00005f17) auipc   t5, 0x5
core   0: 3 0x8000affc (0x00005f17) x30 0x8000fffc
core   0: 0x8000b000 (0x003f2223) sw      gp, 4(t5)
core   0: 3 0x8000b000 (0x003f2223) mem 0x80010000 0x00000001
core   0: 0x8000b004 (0x0000bfe5) c.j     pc - 8
core   0: 3 0x8000b004 (0xbfe5)
core   0: 0x8000affc (0x00005f17) auipc   t5, 0x5
core   0: 3 0x8000affc (0x00005f17) x30 0x8000fffc
core   0: 0x8000b000 (0x003f2223) sw      gp, 4(t5)
core   0: 3 0x8000b000 (0x003f2223) mem 0x80010000 0x00000001
core   0: 0x8000b004 (0x0000bfe5) c.j     pc - 8
core   0: 3 0x8000b004 (0xbfe5)
core   0: 0x8000affc (0x00005f17) auipc   t5, 0x5
core   0: 3 0x8000affc (0x00005f17) x30 0x8000fffc
core   0: 0x8000b000 (0x003f2223) sw      gp, 4(t5)
core   0: 3 0x8000b000 (0x003f2223) mem 0x80010000 0x00000001
core   0: 0x8000b004 (0x0000bfe5) c.j     pc - 8
core   0: 3 0x8000b004 (0xbfe5)
core   0: 0x8000affc (0x00005f17) auipc   t5, 0x5
core   0: 3 0x8000affc (0x00005f17) x30 0x8000fffc
core   0: 0x8000b000 (0x003f2223) sw      gp, 4(t5)
core   0: 3 0x8000b000 (0x003f2223) mem 0x80010000 0x00000001
core   0: 0x8000b004 (0x0000bfe5) c.j     pc - 8
core   0: 3 0x8000b004 (0xbfe5)
core   0: 0x8000affc (0x00005f17) auipc   t5, 0x5
core   0: 3 0x8000affc (0x00005f17) x30 0x8000fffc
core   0: 0x8000b000 (0x003f2223) sw      gp, 4(t5)
core   0: 3 0x8000b000 (0x003f2223) mem 0x80010000 0x00000001
core   0: 0x8000b004 (0x0000bfe5) c.j     pc - 8
core   0: 3 0x8000b004 (0xbfe5)
core   0: 0x8000affc (0x00005f17) auipc   t5, 0x5
core   0: 3 0x8000affc (0x00005f17) x30 0x8000fffc
core   0: 0x8000b000 (0x003f2223) sw      gp, 4(t5)
core   0: 3 0x8000b000 (0x003f2223) mem 0x80010000 0x00000001
core   0: 0x8000b004 (0x0000bfe5) c.j     pc - 8
core   0: 3 0x8000b004 (0xbfe5)
core   0: 0x8000affc (0x00005f17) auipc   t5, 0x5
core   0: 3 0x8000affc (0x00005f17) x30 0x8000fffc
core   0: 0x8000b000 (0x003f2223) sw      gp, 4(t5)
core   0: 3 0x8000b000 (0x003f2223) mem 0x80010000 0x00000001
core   0: 0x8000b004 (0x0000bfe5) c.j     pc - 8
core   0: 3 0x8000b004 (0xbfe5)
core   0: 0x8000affc (0x00005f17) auipc   t5, 0x5
core   0: 3 0x8000affc (0x00005f17) x30 0x8000fffc
core   0: 0x8000b000 (0x003f2223) sw      gp, 4(t5)
core   0: 3 0x8000b000 (0x003f2223) mem 0x80010000 0x00000001
core   0: 0x8000b004 (0x0000bfe5) c.j     pc - 8
core   0: 3 0x8000b004 (0xbfe5)
core   0: 0x8000affc (0x00005f17) auipc   t5, 0x5
core   0: 3 0x8000affc (0x00005f17) x30 0x8000fffc
core   0: 0x8000b000 (0x003f2223) sw      gp, 4(t5)
core   0: 3 0x8000b000 (0x003f2223) mem 0x80010000 0x00000001
core   0: 0x8000b004 (0x0000bfe5) c.j     pc - 8
core   0: 3 0x8000b004 (0xbfe5)
core   0: 0x8000affc (0x00005f17) auipc   t5, 0x5
core   0: 3 0x8000affc (0x00005f17) x30 0x8000fffc
core   0: 0x8000b000 (0x003f2223) sw      gp, 4(t5)
core   0: 3 0x8000b000 (0x003f2223) mem 0x80010000 0x00000001
core   0: 0x8000b004 (0x0000bfe5) c.j     pc - 8
core   0: 3 0x8000b004 (0xbfe5)
core   0: 0x8000affc (0x00005f17) auipc   t5, 0x5
core   0: 3 0x8000affc (0x00005f17) x30 0x8000fffc
core   0: 0x8000b000 (0x003f2223) sw      gp, 4(t5)
core   0: 3 0x8000b000 (0x003f2223) mem 0x80010000 0x00000001
core   0: 0x8000b004 (0x0000bfe5) c.j     pc - 8
core   0: 3 0x8000b004 (0xbfe5)
core   0: 0x8000affc (0x00005f17) auipc   t5, 0x5
core   0: 3 0x8000affc (0x00005f17) x30 0x8000fffc
core   0: 0x8000b000 (0x003f2223) sw      gp, 4(t5)
core   0: 3 0x8000b000 (0x003f2223) mem 0x80010000 0x00000001
core   0: 0x8000b004 (0x0000bfe5) c.j     pc - 8
core   0: 3 0x8000b004 (0xbfe5)
core   0: 0x8000affc (0x00005f17) auipc   t5, 0x5
core   0: 3 0x8000affc (0x00005f17) x30 0x8000fffc
core   0: 0x8000b000 (0x003f2223) sw      gp, 4(t5)
core   0: 3 0x8000b000 (0x003f2223) mem 0x80010000 0x00000001
core   0: 0x8000b004 (0x0000bfe5) c.j     pc - 8
core   0: 3 0x8000b004 (0xbfe5)
core   0: 0x8000affc (0x00005f17) auipc   t5, 0x5
core   0: 3 0x8000affc (0x00005f17) x30 0x8000fffc
core   0: 0x8000b000 (0x003f2223) sw      gp, 4(t5)
core   0: 3 0x8000b000 (0x003f2223) mem 0x80010000 0x00000001
core   0: 0x8000b004 (0x0000bfe5) c.j     pc - 8
core   0: 3 0x8000b004 (0xbfe5)
core   0: 0x8000affc (0x00005f17) auipc   t5, 0x5
core   0: 3 0x8000affc (0x00005f17) x30 0x8000fffc
core   0: 0x8000b000 (0x003f2223) sw      gp, 4(t5)
core   0: 3 0x8000b000 (0x003f2223) mem 0x80010000 0x00000001
core   0: 0x8000b004 (0x0000bfe5) c.j     pc - 8
core   0: 3 0x8000b004 (0xbfe5)
core   0: 0x8000affc (0x00005f17) auipc   t5, 0x5
core   0: 3 0x8000affc (0x00005f17) x30 0x8000fffc
core   0: 0x8000b000 (0x003f2223) sw      gp, 4(t5)
core   0: 3 0x8000b000 (0x003f2223) mem 0x80010000 0x00000001
core   0: 0x8000b004 (0x0000bfe5) c.j     pc - 8
core   0: 3 0x8000b004 (0xbfe5)
core   0: 0x8000affc (0x00005f17) auipc   t5, 0x5
core   0: 3 0x8000affc (0x00005f17) x30 0x8000fffc
core   0: 0x8000b000 (0x003f2223) sw      gp, 4(t5)
core   0: 3 0x8000b000 (0x003f2223) mem 0x80010000 0x00000001
core   0: 0x8000b004 (0x0000bfe5) c.j     pc - 8
core   0: 3 0x8000b004 (0xbfe5)
core   0: 0x8000affc (0x00005f17) auipc   t5, 0x5
core   0: 3 0x8000affc (0x00005f17) x30 0x8000fffc
core   0: 0x8000b000 (0x003f2223) sw      gp, 4(t5)
core   0: 3 0x8000b000 (0x003f2223) mem 0x80010000 0x00000001
core   0: 0x8000b004 (0x0000bfe5) c.j     pc - 8
core   0: 3 0x8000b004 (0xbfe5)
core   0: 0x8000affc (0x00005f17) auipc   t5, 0x5
core   0: 3 0x8000affc (0x00005f17) x30 0x8000fffc
core   0: 0x8000b000 (0x003f2223) sw      gp, 4(t5)
core   0: 3 0x8000b000 (0x003f2223) mem 0x80010000 0x00000001
core   0: 0x8000b004 (0x0000bfe5) c.j     pc - 8
core   0: 3 0x8000b004 (0xbfe5)
core   0: 0x8000affc (0x00005f17) auipc   t5, 0x5
core   0: 3 0x8000affc (0x00005f17) x30 0x8000fffc
core   0: 0x8000b000 (0x003f2223) sw      gp, 4(t5)
core   0: 3 0x8000b000 (0x003f2223) mem 0x80010000 0x00000001
core   0: 0x8000b004 (0x0000bfe5) c.j     pc - 8
core   0: 3 0x8000b004 (0xbfe5)
core   0: 0x8000affc (0x00005f17) auipc   t5, 0x5
core   0: 3 0x8000affc (0x00005f17) x30 0x8000fffc
core   0: 0x8000b000 (0x003f2223) sw      gp, 4(t5)
core   0: 3 0x8000b000 (0x003f2223) mem 0x80010000 0x00000001
core   0: 0x8000b004 (0x0000bfe5) c.j     pc - 8
core   0: 3 0x8000b004 (0xbfe5)
core   0: 0x8000affc (0x00005f17) auipc   t5, 0x5
core   0: 3 0x8000affc (0x00005f17) x30 0x8000fffc
core   0: 0x8000b000 (0x003f2223) sw      gp, 4(t5)
core   0: 3 0x8000b000 (0x003f2223) mem 0x80010000 0x00000001
core   0: 0x8000b004 (0x0000bfe5) c.j     pc - 8
core   0: 3 0x8000b004 (0xbfe5)
core   0: 0x8000affc (0x00005f17) auipc   t5, 0x5
core   0: 3 0x8000affc (0x00005f17) x30 0x8000fffc
core   0: 0x8000b000 (0x003f2223) sw      gp, 4(t5)
core   0: 3 0x8000b000 (0x003f2223) mem 0x80010000 0x00000001
core   0: 0x8000b004 (0x0000bfe5) c.j     pc - 8
core   0: 3 0x8000b004 (0xbfe5)
core   0: 0x8000affc (0x00005f17) auipc   t5, 0x5
core   0: 3 0x8000affc (0x00005f17) x30 0x8000fffc
core   0: 0x8000b000 (0x003f2223) sw      gp, 4(t5)
core   0: 3 0x8000b000 (0x003f2223) mem 0x80010000 0x00000001
core   0: 0x8000b004 (0x0000bfe5) c.j     pc - 8
core   0: 3 0x8000b004 (0xbfe5)
core   0: 0x8000affc (0x00005f17) auipc   t5, 0x5
core   0: 3 0x8000affc (0x00005f17) x30 0x8000fffc
core   0: 0x8000b000 (0x003f2223) sw      gp, 4(t5)
core   0: 3 0x8000b000 (0x003f2223) mem 0x80010000 0x00000001
core   0: 0x8000b004 (0x0000bfe5) c.j     pc - 8
core   0: 3 0x8000b004 (0xbfe5)
core   0: 0x8000affc (0x00005f17) auipc   t5, 0x5
core   0: 3 0x8000affc (0x00005f17) x30 0x8000fffc
core   0: 0x8000b000 (0x003f2223) sw      gp, 4(t5)
core   0: 3 0x8000b000 (0x003f2223) mem 0x80010000 0x00000001
core   0: 0x8000b004 (0x0000bfe5) c.j     pc - 8
core   0: 3 0x8000b004 (0xbfe5)
core   0: 0x8000affc (0x00005f17) auipc   t5, 0x5
core   0: 3 0x8000affc (0x00005f17) x30 0x8000fffc
core   0: 0x8000b000 (0x003f2223) sw      gp, 4(t5)
core   0: 3 0x8000b000 (0x003f2223) mem 0x80010000 0x00000001
core   0: 0x8000b004 (0x0000bfe5) c.j     pc - 8
core   0: 3 0x8000b004 (0xbfe5)
core   0: 0x8000affc (0x00005f17) auipc   t5, 0x5
core   0: 3 0x8000affc (0x00005f17) x30 0x8000fffc
core   0: 0x8000b000 (0x003f2223) sw      gp, 4(t5)
core   0: 3 0x8000b000 (0x003f2223) mem 0x80010000 0x00000001
core   0: 0x8000b004 (0x0000bfe5) c.j     pc - 8
core   0: 3 0x8000b004 (0xbfe5)
core   0: 0x8000affc (0x00005f17) auipc   t5, 0x5
core   0: 3 0x8000affc (0x00005f17) x30 0x8000fffc
core   0: 0x8000b000 (0x003f2223) sw      gp, 4(t5)
core   0: 3 0x8000b000 (0x003f2223) mem 0x80010000 0x00000001
core   0: 0x8000b004 (0x0000bfe5) c.j     pc - 8
core   0: 3 0x8000b004 (0xbfe5)
core   0: 0x8000affc (0x00005f17) auipc   t5, 0x5
core   0: 3 0x8000affc (0x00005f17) x30 0x8000fffc
core   0: 0x8000b000 (0x003f2223) sw      gp, 4(t5)
core   0: 3 0x8000b000 (0x003f2223) mem 0x80010000 0x00000001
core   0: 0x8000b004 (0x0000bfe5) c.j     pc - 8
core   0: 3 0x8000b004 (0xbfe5)
core   0: 0x8000affc (0x00005f17) auipc   t5, 0x5
core   0: 3 0x8000affc (0x00005f17) x30 0x8000fffc
core   0: 0x8000b000 (0x003f2223) sw      gp, 4(t5)
core   0: 3 0x8000b000 (0x003f2223) mem 0x80010000 0x00000001
core   0: 0x8000b004 (0x0000bfe5) c.j     pc - 8
core   0: 3 0x8000b004 (0xbfe5)
core   0: 0x8000affc (0x00005f17) auipc   t5, 0x5
core   0: 3 0x8000affc (0x00005f17) x30 0x8000fffc
core   0: 0x8000b000 (0x003f2223) sw      gp, 4(t5)
core   0: 3 0x8000b000 (0x003f2223) mem 0x80010000 0x00000001
core   0: 0x8000b004 (0x0000bfe5) c.j     pc - 8
core   0: 3 0x8000b004 (0xbfe5)
core   0: 0x8000affc (0x00005f17) auipc   t5, 0x5
core   0: 3 0x8000affc (0x00005f17) x30 0x8000fffc
core   0: 0x8000b000 (0x003f2223) sw      gp, 4(t5)
core   0: 3 0x8000b000 (0x003f2223) mem 0x80010000 0x00000001
core   0: 0x8000b004 (0x0000bfe5) c.j     pc - 8
core   0: 3 0x8000b004 (0xbfe5)
core   0: 0x8000affc (0x00005f17) auipc   t5, 0x5
core   0: 3 0x8000affc (0x00005f17) x30 0x8000fffc
core   0: 0x8000b000 (0x003f2223) sw      gp, 4(t5)
core   0: 3 0x8000b000 (0x003f2223) mem 0x80010000 0x00000001
core   0: 0x8000b004 (0x0000bfe5) c.j     pc - 8
core   0: 3 0x8000b004 (0xbfe5)
core   0: 0x8000affc (0x00005f17) auipc   t5, 0x5
core   0: 3 0x8000affc (0x00005f17) x30 0x8000fffc
core   0: 0x8000b000 (0x003f2223) sw      gp, 4(t5)
core   0: 3 0x8000b000 (0x003f2223) mem 0x80010000 0x00000001
core   0: 0x8000b004 (0x0000bfe5) c.j     pc - 8
core   0: 3 0x8000b004 (0xbfe5)
core   0: 0x8000affc (0x00005f17) auipc   t5, 0x5
core   0: 3 0x8000affc (0x00005f17) x30 0x8000fffc
core   0: 0x8000b000 (0x003f2223) sw      gp, 4(t5)
core   0: 3 0x8000b000 (0x003f2223) mem 0x80010000 0x00000001
core   0: 0x8000b004 (0x0000bfe5) c.j     pc - 8
core   0: 3 0x8000b004 (0xbfe5)
core   0: 0x8000affc (0x00005f17) auipc   t5, 0x5
core   0: 3 0x8000affc (0x00005f17) x30 0x8000fffc
core   0: 0x8000b000 (0x003f2223) sw      gp, 4(t5)
core   0: 3 0x8000b000 (0x003f2223) mem 0x80010000 0x00000001
core   0: 0x8000b004 (0x0000bfe5) c.j     pc - 8
core   0: 3 0x8000b004 (0xbfe5)
core   0: 0x8000affc (0x00005f17) auipc   t5, 0x5
core   0: 3 0x8000affc (0x00005f17) x30 0x8000fffc
core   0: 0x8000b000 (0x003f2223) sw      gp, 4(t5)
core   0: 3 0x8000b000 (0x003f2223) mem 0x80010000 0x00000001
core   0: 0x8000b004 (0x0000bfe5) c.j     pc - 8
core   0: 3 0x8000b004 (0xbfe5)
core   0: 0x8000affc (0x00005f17) auipc   t5, 0x5
core   0: 3 0x8000affc (0x00005f17) x30 0x8000fffc
core   0: 0x8000b000 (0x003f2223) sw      gp, 4(t5)
core   0: 3 0x8000b000 (0x003f2223) mem 0x80010000 0x00000001
core   0: 0x8000b004 (0x0000bfe5) c.j     pc - 8
core   0: 3 0x8000b004 (0xbfe5)
core   0: 0x8000affc (0x00005f17) auipc   t5, 0x5
core   0: 3 0x8000affc (0x00005f17) x30 0x8000fffc
core   0: 0x8000b000 (0x003f2223) sw      gp, 4(t5)
core   0: 3 0x8000b000 (0x003f2223) mem 0x80010000 0x00000001
core   0: 0x8000b004 (0x0000bfe5) c.j     pc - 8
core   0: 3 0x8000b004 (0xbfe5)
core   0: 0x8000affc (0x00005f17) auipc   t5, 0x5
core   0: 3 0x8000affc (0x00005f17) x30 0x8000fffc
core   0: 0x8000b000 (0x003f2223) sw      gp, 4(t5)
core   0: 3 0x8000b000 (0x003f2223) mem 0x80010000 0x00000001
core   0: 0x8000b004 (0x0000bfe5) c.j     pc - 8
core   0: 3 0x8000b004 (0xbfe5)
core   0: 0x8000affc (0x00005f17) auipc   t5, 0x5
core   0: 3 0x8000affc (0x00005f17) x30 0x8000fffc
core   0: 0x8000b000 (0x003f2223) sw      gp, 4(t5)
core   0: 3 0x8000b000 (0x003f2223) mem 0x80010000 0x00000001
core   0: 0x8000b004 (0x0000bfe5) c.j     pc - 8
core   0: 3 0x8000b004 (0xbfe5)
core   0: 0x8000affc (0x00005f17) auipc   t5, 0x5
core   0: 3 0x8000affc (0x00005f17) x30 0x8000fffc
core   0: 0x8000b000 (0x003f2223) sw      gp, 4(t5)
core   0: 3 0x8000b000 (0x003f2223) mem 0x80010000 0x00000001
core   0: 0x8000b004 (0x0000bfe5) c.j     pc - 8
core   0: 3 0x8000b004 (0xbfe5)
core   0: 0x8000affc (0x00005f17) auipc   t5, 0x5
core   0: 3 0x8000affc (0x00005f17) x30 0x8000fffc
core   0: 0x8000b000 (0x003f2223) sw      gp, 4(t5)
core   0: 3 0x8000b000 (0x003f2223) mem 0x80010000 0x00000001
core   0: 0x8000b004 (0x0000bfe5) c.j     pc - 8
core   0: 3 0x8000b004 (0xbfe5)
core   0: 0x8000affc (0x00005f17) auipc   t5, 0x5
core   0: 3 0x8000affc (0x00005f17) x30 0x8000fffc
core   0: 0x8000b000 (0x003f2223) sw      gp, 4(t5)
core   0: 3 0x8000b000 (0x003f2223) mem 0x80010000 0x00000001
core   0: 0x8000b004 (0x0000bfe5) c.j     pc - 8
core   0: 3 0x8000b004 (0xbfe5)
core   0: 0x8000affc (0x00005f17) auipc   t5, 0x5
core   0: 3 0x8000affc (0x00005f17) x30 0x8000fffc
core   0: 0x8000b000 (0x003f2223) sw      gp, 4(t5)
core   0: 3 0x8000b000 (0x003f2223) mem 0x80010000 0x00000001
core   0: 0x8000b004 (0x0000bfe5) c.j     pc - 8
core   0: 3 0x8000b004 (0xbfe5)
core   0: 0x8000affc (0x00005f17) auipc   t5, 0x5
core   0: 3 0x8000affc (0x00005f17) x30 0x8000fffc
core   0: 0x8000b000 (0x003f2223) sw      gp, 4(t5)
core   0: 3 0x8000b000 (0x003f2223) mem 0x80010000 0x00000001
core   0: 0x8000b004 (0x0000bfe5) c.j     pc - 8
core   0: 3 0x8000b004 (0xbfe5)
core   0: 0x8000affc (0x00005f17) auipc   t5, 0x5
core   0: 3 0x8000affc (0x00005f17) x30 0x8000fffc
core   0: 0x8000b000 (0x003f2223) sw      gp, 4(t5)
core   0: 3 0x8000b000 (0x003f2223) mem 0x80010000 0x00000001
core   0: 0x8000b004 (0x0000bfe5) c.j     pc - 8
core   0: 3 0x8000b004 (0xbfe5)
core   0: 0x8000affc (0x00005f17) auipc   t5, 0x5
core   0: 3 0x8000affc (0x00005f17) x30 0x8000fffc
core   0: 0x8000b000 (0x003f2223) sw      gp, 4(t5)
core   0: 3 0x8000b000 (0x003f2223) mem 0x80010000 0x00000001
core   0: 0x8000b004 (0x0000bfe5) c.j     pc - 8
core   0: 3 0x8000b004 (0xbfe5)
core   0: 0x8000affc (0x00005f17) auipc   t5, 0x5
core   0: 3 0x8000affc (0x00005f17) x30 0x8000fffc
core   0: 0x8000b000 (0x003f2223) sw      gp, 4(t5)
core   0: 3 0x8000b000 (0x003f2223) mem 0x80010000 0x00000001
core   0: 0x8000b004 (0x0000bfe5) c.j     pc - 8
core   0: 3 0x8000b004 (0xbfe5)
core   0: 0x8000affc (0x00005f17) auipc   t5, 0x5
core   0: 3 0x8000affc (0x00005f17) x30 0x8000fffc
core   0: 0x8000b000 (0x003f2223) sw      gp, 4(t5)
core   0: 3 0x8000b000 (0x003f2223) mem 0x80010000 0x00000001
core   0: 0x8000b004 (0x0000bfe5) c.j     pc - 8
core   0: 3 0x8000b004 (0xbfe5)
core   0: 0x8000affc (0x00005f17) auipc   t5, 0x5
core   0: 3 0x8000affc (0x00005f17) x30 0x8000fffc
core   0: 0x8000b000 (0x003f2223) sw      gp, 4(t5)
core   0: 3 0x8000b000 (0x003f2223) mem 0x80010000 0x00000001
core   0: 0x8000b004 (0x0000bfe5) c.j     pc - 8
core   0: 3 0x8000b004 (0xbfe5)
core   0: 0x8000affc (0x00005f17) auipc   t5, 0x5
core   0: 3 0x8000affc (0x00005f17) x30 0x8000fffc
core   0: 0x8000b000 (0x003f2223) sw      gp, 4(t5)
core   0: 3 0x8000b000 (0x003f2223) mem 0x80010000 0x00000001
core   0: 0x8000b004 (0x0000bfe5) c.j     pc - 8
core   0: 3 0x8000b004 (0xbfe5)
core   0: 0x8000affc (0x00005f17) auipc   t5, 0x5
core   0: 3 0x8000affc (0x00005f17) x30 0x8000fffc
core   0: 0x8000b000 (0x003f2223) sw      gp, 4(t5)
core   0: 3 0x8000b000 (0x003f2223) mem 0x80010000 0x00000001
core   0: 0x8000b004 (0x0000bfe5) c.j     pc - 8
core   0: 3 0x8000b004 (0xbfe5)
core   0: 0x8000affc (0x00005f17) auipc   t5, 0x5
core   0: 3 0x8000affc (0x00005f17) x30 0x8000fffc
core   0: 0x8000b000 (0x003f2223) sw      gp, 4(t5)
core   0: 3 0x8000b000 (0x003f2223) mem 0x80010000 0x00000001
core   0: 0x8000b004 (0x0000bfe5) c.j     pc - 8
core   0: 3 0x8000b004 (0xbfe5)
core   0: 0x8000affc (0x00005f17) auipc   t5, 0x5
core   0: 3 0x8000affc (0x00005f17) x30 0x8000fffc
core   0: 0x8000b000 (0x003f2223) sw      gp, 4(t5)
core   0: 3 0x8000b000 (0x003f2223) mem 0x80010000 0x00000001
core   0: 0x8000b004 (0x0000bfe5) c.j     pc - 8
core   0: 3 0x8000b004 (0xbfe5)
core   0: 0x8000affc (0x00005f17) auipc   t5, 0x5
core   0: 3 0x8000affc (0x00005f17) x30 0x8000fffc
core   0: 0x8000b000 (0x003f2223) sw      gp, 4(t5)
core   0: 3 0x8000b000 (0x003f2223) mem 0x80010000 0x00000001
core   0: 0x8000b004 (0x0000bfe5) c.j     pc - 8
core   0: 3 0x8000b004 (0xbfe5)
core   0: 0x8000affc (0x00005f17) auipc   t5, 0x5
core   0: 3 0x8000affc (0x00005f17) x30 0x8000fffc
core   0: 0x8000b000 (0x003f2223) sw      gp, 4(t5)
core   0: 3 0x8000b000 (0x003f2223) mem 0x80010000 0x00000001
core   0: 0x8000b004 (0x0000bfe5) c.j     pc - 8
core   0: 3 0x8000b004 (0xbfe5)
core   0: 0x8000affc (0x00005f17) auipc   t5, 0x5
core   0: 3 0x8000affc (0x00005f17) x30 0x8000fffc
core   0: 0x8000b000 (0x003f2223) sw      gp, 4(t5)
core   0: 3 0x8000b000 (0x003f2223) mem 0x80010000 0x00000001
core   0: 0x8000b004 (0x0000bfe5) c.j     pc - 8
core   0: 3 0x8000b004 (0xbfe5)
core   0: 0x8000affc (0x00005f17) auipc   t5, 0x5
core   0: 3 0x8000affc (0x00005f17) x30 0x8000fffc
core   0: 0x8000b000 (0x003f2223) sw      gp, 4(t5)
core   0: 3 0x8000b000 (0x003f2223) mem 0x80010000 0x00000001
core   0: 0x8000b004 (0x0000bfe5) c.j     pc - 8
core   0: 3 0x8000b004 (0xbfe5)
core   0: 0x8000affc (0x00005f17) auipc   t5, 0x5
core   0: 3 0x8000affc (0x00005f17) x30 0x8000fffc
core   0: 0x8000b000 (0x003f2223) sw      gp, 4(t5)
core   0: 3 0x8000b000 (0x003f2223) mem 0x80010000 0x00000001
core   0: 0x8000b004 (0x0000bfe5) c.j     pc - 8
core   0: 3 0x8000b004 (0xbfe5)
core   0: 0x8000affc (0x00005f17) auipc   t5, 0x5
core   0: 3 0x8000affc (0x00005f17) x30 0x8000fffc
core   0: 0x8000b000 (0x003f2223) sw      gp, 4(t5)
core   0: 3 0x8000b000 (0x003f2223) mem 0x80010000 0x00000001
core   0: 0x8000b004 (0x0000bfe5) c.j     pc - 8
core   0: 3 0x8000b004 (0xbfe5)
core   0: 0x8000affc (0x00005f17) auipc   t5, 0x5
core   0: 3 0x8000affc (0x00005f17) x30 0x8000fffc
core   0: 0x8000b000 (0x003f2223) sw      gp, 4(t5)
core   0: 3 0x8000b000 (0x003f2223) mem 0x80010000 0x00000001
core   0: 0x8000b004 (0x0000bfe5) c.j     pc - 8
core   0: 3 0x8000b004 (0xbfe5)
core   0: 0x8000affc (0x00005f17) auipc   t5, 0x5
core   0: 3 0x8000affc (0x00005f17) x30 0x8000fffc
core   0: 0x8000b000 (0x003f2223) sw      gp, 4(t5)
core   0: 3 0x8000b000 (0x003f2223) mem 0x80010000 0x00000001
core   0: 0x8000b004 (0x0000bfe5) c.j     pc - 8
core   0: 3 0x8000b004 (0xbfe5)
core   0: 0x8000affc (0x00005f17) auipc   t5, 0x5
core   0: 3 0x8000affc (0x00005f17) x30 0x8000fffc
core   0: 0x8000b000 (0x003f2223) sw      gp, 4(t5)
core   0: 3 0x8000b000 (0x003f2223) mem 0x80010000 0x00000001
core   0: 0x8000b004 (0x0000bfe5) c.j     pc - 8
core   0: 3 0x8000b004 (0xbfe5)
core   0: 0x8000affc (0x00005f17) auipc   t5, 0x5
core   0: 3 0x8000affc (0x00005f17) x30 0x8000fffc
core   0: 0x8000b000 (0x003f2223) sw      gp, 4(t5)
core   0: 3 0x8000b000 (0x003f2223) mem 0x80010000 0x00000001
core   0: 0x8000b004 (0x0000bfe5) c.j     pc - 8
core   0: 3 0x8000b004 (0xbfe5)
core   0: 0x8000affc (0x00005f17) auipc   t5, 0x5
core   0: 3 0x8000affc (0x00005f17) x30 0x8000fffc
core   0: 0x8000b000 (0x003f2223) sw      gp, 4(t5)
core   0: 3 0x8000b000 (0x003f2223) mem 0x80010000 0x00000001
core   0: 0x8000b004 (0x0000bfe5) c.j     pc - 8
core   0: 3 0x8000b004 (0xbfe5)
core   0: 0x8000affc (0x00005f17) auipc   t5, 0x5
core   0: 3 0x8000affc (0x00005f17) x30 0x8000fffc
core   0: 0x8000b000 (0x003f2223) sw      gp, 4(t5)
core   0: 3 0x8000b000 (0x003f2223) mem 0x80010000 0x00000001
core   0: 0x8000b004 (0x0000bfe5) c.j     pc - 8
core   0: 3 0x8000b004 (0xbfe5)
core   0: 0x8000affc (0x00005f17) auipc   t5, 0x5
core   0: 3 0x8000affc (0x00005f17) x30 0x8000fffc
core   0: 0x8000b000 (0x003f2223) sw      gp, 4(t5)
core   0: 3 0x8000b000 (0x003f2223) mem 0x80010000 0x00000001
core   0: 0x8000b004 (0x0000bfe5) c.j     pc - 8
core   0: 3 0x8000b004 (0xbfe5)
core   0: 0x8000affc (0x00005f17) auipc   t5, 0x5
core   0: 3 0x8000affc (0x00005f17) x30 0x8000fffc
core   0: 0x8000b000 (0x003f2223) sw      gp, 4(t5)
core   0: 3 0x8000b000 (0x003f2223) mem 0x80010000 0x00000001
core   0: 0x8000b004 (0x0000bfe5) c.j     pc - 8
core   0: 3 0x8000b004 (0xbfe5)
core   0: 0x8000affc (0x00005f17) auipc   t5, 0x5
core   0: 3 0x8000affc (0x00005f17) x30 0x8000fffc
core   0: 0x8000b000 (0x003f2223) sw      gp, 4(t5)
core   0: 3 0x8000b000 (0x003f2223) mem 0x80010000 0x00000001
core   0: 0x8000b004 (0x0000bfe5) c.j     pc - 8
core   0: 3 0x8000b004 (0xbfe5)
core   0: 0x8000affc (0x00005f17) auipc   t5, 0x5
core   0: 3 0x8000affc (0x00005f17) x30 0x8000fffc
core   0: 0x8000b000 (0x003f2223) sw      gp, 4(t5)
core   0: 3 0x8000b000 (0x003f2223) mem 0x80010000 0x00000001
core   0: 0x8000b004 (0x0000bfe5) c.j     pc - 8
core   0: 3 0x8000b004 (0xbfe5)
core   0: 0x8000affc (0x00005f17) auipc   t5, 0x5
core   0: 3 0x8000affc (0x00005f17) x30 0x8000fffc
core   0: 0x8000b000 (0x003f2223) sw      gp, 4(t5)
core   0: 3 0x8000b000 (0x003f2223) mem 0x80010000 0x00000001
core   0: 0x8000b004 (0x0000bfe5) c.j     pc - 8
core   0: 3 0x8000b004 (0xbfe5)
core   0: 0x8000affc (0x00005f17) auipc   t5, 0x5
core   0: 3 0x8000affc (0x00005f17) x30 0x8000fffc
core   0: 0x8000b000 (0x003f2223) sw      gp, 4(t5)
core   0: 3 0x8000b000 (0x003f2223) mem 0x80010000 0x00000001
core   0: 0x8000b004 (0x0000bfe5) c.j     pc - 8
core   0: 3 0x8000b004 (0xbfe5)
core   0: 0x8000affc (0x00005f17) auipc   t5, 0x5
core   0: 3 0x8000affc (0x00005f17) x30 0x8000fffc
core   0: 0x8000b000 (0x003f2223) sw      gp, 4(t5)
core   0: 3 0x8000b000 (0x003f2223) mem 0x80010000 0x00000001
core   0: 0x8000b004 (0x0000bfe5) c.j     pc - 8
core   0: 3 0x8000b004 (0xbfe5)
core   0: 0x8000affc (0x00005f17) auipc   t5, 0x5
core   0: 3 0x8000affc (0x00005f17) x30 0x8000fffc
core   0: 0x8000b000 (0x003f2223) sw      gp, 4(t5)
core   0: 3 0x8000b000 (0x003f2223) mem 0x80010000 0x00000001
core   0: 0x8000b004 (0x0000bfe5) c.j     pc - 8
core   0: 3 0x8000b004 (0xbfe5)
core   0: 0x8000affc (0x00005f17) auipc   t5, 0x5
core   0: 3 0x8000affc (0x00005f17) x30 0x8000fffc
core   0: 0x8000b000 (0x003f2223) sw      gp, 4(t5)
core   0: 3 0x8000b000 (0x003f2223) mem 0x80010000 0x00000001
core   0: 0x8000b004 (0x0000bfe5) c.j     pc - 8
core   0: 3 0x8000b004 (0xbfe5)
core   0: 0x8000affc (0x00005f17) auipc   t5, 0x5
core   0: 3 0x8000affc (0x00005f17) x30 0x8000fffc
core   0: 0x8000b000 (0x003f2223) sw      gp, 4(t5)
core   0: 3 0x8000b000 (0x003f2223) mem 0x80010000 0x00000001
core   0: 0x8000b004 (0x0000bfe5) c.j     pc - 8
core   0: 3 0x8000b004 (0xbfe5)
core   0: 0x8000affc (0x00005f17) auipc   t5, 0x5
core   0: 3 0x8000affc (0x00005f17) x30 0x8000fffc
core   0: 0x8000b000 (0x003f2223) sw      gp, 4(t5)
core   0: 3 0x8000b000 (0x003f2223) mem 0x80010000 0x00000001
core   0: 0x8000b004 (0x0000bfe5) c.j     pc - 8
core   0: 3 0x8000b004 (0xbfe5)
core   0: 0x8000affc (0x00005f17) auipc   t5, 0x5
core   0: 3 0x8000affc (0x00005f17) x30 0x8000fffc
core   0: 0x8000b000 (0x003f2223) sw      gp, 4(t5)
core   0: 3 0x8000b000 (0x003f2223) mem 0x80010000 0x00000001
core   0: 0x8000b004 (0x0000bfe5) c.j     pc - 8
core   0: 3 0x8000b004 (0xbfe5)
core   0: 0x8000affc (0x00005f17) auipc   t5, 0x5
core   0: 3 0x8000affc (0x00005f17) x30 0x8000fffc
core   0: 0x8000b000 (0x003f2223) sw      gp, 4(t5)
core   0: 3 0x8000b000 (0x003f2223) mem 0x80010000 0x00000001
core   0: 0x8000b004 (0x0000bfe5) c.j     pc - 8
core   0: 3 0x8000b004 (0xbfe5)
core   0: 0x8000affc (0x00005f17) auipc   t5, 0x5
core   0: 3 0x8000affc (0x00005f17) x30 0x8000fffc
core   0: 0x8000b000 (0x003f2223) sw      gp, 4(t5)
core   0: 3 0x8000b000 (0x003f2223) mem 0x80010000 0x00000001
core   0: 0x8000b004 (0x0000bfe5) c.j     pc - 8
core   0: 3 0x8000b004 (0xbfe5)
core   0: 0x8000affc (0x00005f17) auipc   t5, 0x5
core   0: 3 0x8000affc (0x00005f17) x30 0x8000fffc
core   0: 0x8000b000 (0x003f2223) sw      gp, 4(t5)
core   0: 3 0x8000b000 (0x003f2223) mem 0x80010000 0x00000001
core   0: 0x8000b004 (0x0000bfe5) c.j     pc - 8
core   0: 3 0x8000b004 (0xbfe5)
core   0: 0x8000affc (0x00005f17) auipc   t5, 0x5
core   0: 3 0x8000affc (0x00005f17) x30 0x8000fffc
core   0: 0x8000b000 (0x003f2223) sw      gp, 4(t5)
core   0: 3 0x8000b000 (0x003f2223) mem 0x80010000 0x00000001
core   0: 0x8000b004 (0x0000bfe5) c.j     pc - 8
core   0: 3 0x8000b004 (0xbfe5)
core   0: 0x8000affc (0x00005f17) auipc   t5, 0x5
core   0: 3 0x8000affc (0x00005f17) x30 0x8000fffc
core   0: 0x8000b000 (0x003f2223) sw      gp, 4(t5)
core   0: 3 0x8000b000 (0x003f2223) mem 0x80010000 0x00000001
core   0: 0x8000b004 (0x0000bfe5) c.j     pc - 8
core   0: 3 0x8000b004 (0xbfe5)
core   0: 0x8000affc (0x00005f17) auipc   t5, 0x5
core   0: 3 0x8000affc (0x00005f17) x30 0x8000fffc
core   0: 0x8000b000 (0x003f2223) sw      gp, 4(t5)
core   0: 3 0x8000b000 (0x003f2223) mem 0x80010000 0x00000001
core   0: 0x8000b004 (0x0000bfe5) c.j     pc - 8
core   0: 3 0x8000b004 (0xbfe5)
core   0: 0x8000affc (0x00005f17) auipc   t5, 0x5
core   0: 3 0x8000affc (0x00005f17) x30 0x8000fffc
core   0: 0x8000b000 (0x003f2223) sw      gp, 4(t5)
core   0: 3 0x8000b000 (0x003f2223) mem 0x80010000 0x00000001
core   0: 0x8000b004 (0x0000bfe5) c.j     pc - 8
core   0: 3 0x8000b004 (0xbfe5)
core   0: 0x8000affc (0x00005f17) auipc   t5, 0x5
core   0: 3 0x8000affc (0x00005f17) x30 0x8000fffc
core   0: 0x8000b000 (0x003f2223) sw      gp, 4(t5)
core   0: 3 0x8000b000 (0x003f2223) mem 0x80010000 0x00000001
core   0: 0x8000b004 (0x0000bfe5) c.j     pc - 8
core   0: 3 0x8000b004 (0xbfe5)
core   0: 0x8000affc (0x00005f17) auipc   t5, 0x5
core   0: 3 0x8000affc (0x00005f17) x30 0x8000fffc
core   0: 0x8000b000 (0x003f2223) sw      gp, 4(t5)
core   0: 3 0x8000b000 (0x003f2223) mem 0x80010000 0x00000001
core   0: 0x8000b004 (0x0000bfe5) c.j     pc - 8
core   0: 3 0x8000b004 (0xbfe5)
core   0: 0x8000affc (0x00005f17) auipc   t5, 0x5
core   0: 3 0x8000affc (0x00005f17) x30 0x8000fffc
core   0: 0x8000b000 (0x003f2223) sw      gp, 4(t5)
core   0: 3 0x8000b000 (0x003f2223) mem 0x80010000 0x00000001
core   0: 0x8000b004 (0x0000bfe5) c.j     pc - 8
core   0: 3 0x8000b004 (0xbfe5)
core   0: 0x8000affc (0x00005f17) auipc   t5, 0x5
core   0: 3 0x8000affc (0x00005f17) x30 0x8000fffc
core   0: 0x8000b000 (0x003f2223) sw      gp, 4(t5)
core   0: 3 0x8000b000 (0x003f2223) mem 0x80010000 0x00000001
core   0: 0x8000b004 (0x0000bfe5) c.j     pc - 8
core   0: 3 0x8000b004 (0xbfe5)
core   0: 0x8000affc (0x00005f17) auipc   t5, 0x5
core   0: 3 0x8000affc (0x00005f17) x30 0x8000fffc
core   0: 0x8000b000 (0x003f2223) sw      gp, 4(t5)
core   0: 3 0x8000b000 (0x003f2223) mem 0x80010000 0x00000001
core   0: 0x8000b004 (0x0000bfe5) c.j     pc - 8
core   0: 3 0x8000b004 (0xbfe5)
core   0: 0x8000affc (0x00005f17) auipc   t5, 0x5
core   0: 3 0x8000affc (0x00005f17) x30 0x8000fffc
core   0: 0x8000b000 (0x003f2223) sw      gp, 4(t5)
core   0: 3 0x8000b000 (0x003f2223) mem 0x80010000 0x00000001
core   0: 0x8000b004 (0x0000bfe5) c.j     pc - 8
core   0: 3 0x8000b004 (0xbfe5)
core   0: 0x8000affc (0x00005f17) auipc   t5, 0x5
core   0: 3 0x8000affc (0x00005f17) x30 0x8000fffc
core   0: 0x8000b000 (0x003f2223) sw      gp, 4(t5)
core   0: 3 0x8000b000 (0x003f2223) mem 0x80010000 0x00000001
core   0: 0x8000b004 (0x0000bfe5) c.j     pc - 8
core   0: 3 0x8000b004 (0xbfe5)
core   0: 0x8000affc (0x00005f17) auipc   t5, 0x5
core   0: 3 0x8000affc (0x00005f17) x30 0x8000fffc
core   0: 0x8000b000 (0x003f2223) sw      gp, 4(t5)
core   0: 3 0x8000b000 (0x003f2223) mem 0x80010000 0x00000001
core   0: 0x8000b004 (0x0000bfe5) c.j     pc - 8
core   0: 3 0x8000b004 (0xbfe5)
core   0: 0x8000affc (0x00005f17) auipc   t5, 0x5
core   0: 3 0x8000affc (0x00005f17) x30 0x8000fffc
core   0: 0x8000b000 (0x003f2223) sw      gp, 4(t5)
core   0: 3 0x8000b000 (0x003f2223) mem 0x80010000 0x00000001
core   0: 0x8000b004 (0x0000bfe5) c.j     pc - 8
core   0: 3 0x8000b004 (0xbfe5)
core   0: 0x8000affc (0x00005f17) auipc   t5, 0x5
core   0: 3 0x8000affc (0x00005f17) x30 0x8000fffc
core   0: 0x8000b000 (0x003f2223) sw      gp, 4(t5)
core   0: 3 0x8000b000 (0x003f2223) mem 0x80010000 0x00000001
core   0: 0x8000b004 (0x0000bfe5) c.j     pc - 8
core   0: 3 0x8000b004 (0xbfe5)
core   0: 0x8000affc (0x00005f17) auipc   t5, 0x5
core   0: 3 0x8000affc (0x00005f17) x30 0x8000fffc
core   0: 0x8000b000 (0x003f2223) sw      gp, 4(t5)
core   0: 3 0x8000b000 (0x003f2223) mem 0x80010000 0x00000001
core   0: 0x8000b004 (0x0000bfe5) c.j     pc - 8
core   0: 3 0x8000b004 (0xbfe5)
core   0: 0x8000affc (0x00005f17) auipc   t5, 0x5
core   0: 3 0x8000affc (0x00005f17) x30 0x8000fffc
core   0: 0x8000b000 (0x003f2223) sw      gp, 4(t5)
core   0: 3 0x8000b000 (0x003f2223) mem 0x80010000 0x00000001
core   0: 0x8000b004 (0x0000bfe5) c.j     pc - 8
core   0: 3 0x8000b004 (0xbfe5)
core   0: 0x8000affc (0x00005f17) auipc   t5, 0x5
core   0: 3 0x8000affc (0x00005f17) x30 0x8000fffc
core   0: 0x8000b000 (0x003f2223) sw      gp, 4(t5)
core   0: 3 0x8000b000 (0x003f2223) mem 0x80010000 0x00000001
core   0: 0x8000b004 (0x0000bfe5) c.j     pc - 8
core   0: 3 0x8000b004 (0xbfe5)
core   0: 0x8000affc (0x00005f17) auipc   t5, 0x5
core   0: 3 0x8000affc (0x00005f17) x30 0x8000fffc
core   0: 0x8000b000 (0x003f2223) sw      gp, 4(t5)
core   0: 3 0x8000b000 (0x003f2223) mem 0x80010000 0x00000001
core   0: 0x8000b004 (0x0000bfe5) c.j     pc - 8
core   0: 3 0x8000b004 (0xbfe5)
core   0: 0x8000affc (0x00005f17) auipc   t5, 0x5
core   0: 3 0x8000affc (0x00005f17) x30 0x8000fffc
core   0: 0x8000b000 (0x003f2223) sw      gp, 4(t5)
core   0: 3 0x8000b000 (0x003f2223) mem 0x80010000 0x00000001
core   0: 0x8000b004 (0x0000bfe5) c.j     pc - 8
core   0: 3 0x8000b004 (0xbfe5)
core   0: 0x8000affc (0x00005f17) auipc   t5, 0x5
core   0: 3 0x8000affc (0x00005f17) x30 0x8000fffc
core   0: 0x8000b000 (0x003f2223) sw      gp, 4(t5)
core   0: 3 0x8000b000 (0x003f2223) mem 0x80010000 0x00000001
core   0: 0x8000b004 (0x0000bfe5) c.j     pc - 8
core   0: 3 0x8000b004 (0xbfe5)
core   0: 0x8000affc (0x00005f17) auipc   t5, 0x5
core   0: 3 0x8000affc (0x00005f17) x30 0x8000fffc
core   0: 0x8000b000 (0x003f2223) sw      gp, 4(t5)
core   0: 3 0x8000b000 (0x003f2223) mem 0x80010000 0x00000001
core   0: 0x8000b004 (0x0000bfe5) c.j     pc - 8
core   0: 3 0x8000b004 (0xbfe5)
core   0: 0x8000affc (0x00005f17) auipc   t5, 0x5
core   0: 3 0x8000affc (0x00005f17) x30 0x8000fffc
core   0: 0x8000b000 (0x003f2223) sw      gp, 4(t5)
core   0: 3 0x8000b000 (0x003f2223) mem 0x80010000 0x00000001
core   0: 0x8000b004 (0x0000bfe5) c.j     pc - 8
core   0: 3 0x8000b004 (0xbfe5)
core   0: 0x8000affc (0x00005f17) auipc   t5, 0x5
core   0: 3 0x8000affc (0x00005f17) x30 0x8000fffc
core   0: 0x8000b000 (0x003f2223) sw      gp, 4(t5)
core   0: 3 0x8000b000 (0x003f2223) mem 0x80010000 0x00000001
core   0: 0x8000b004 (0x0000bfe5) c.j     pc - 8
core   0: 3 0x8000b004 (0xbfe5)
core   0: 0x8000affc (0x00005f17) auipc   t5, 0x5
core   0: 3 0x8000affc (0x00005f17) x30 0x8000fffc
core   0: 0x8000b000 (0x003f2223) sw      gp, 4(t5)
core   0: 3 0x8000b000 (0x003f2223) mem 0x80010000 0x00000001
core   0: 0x8000b004 (0x0000bfe5) c.j     pc - 8
core   0: 3 0x8000b004 (0xbfe5)
core   0: 0x8000affc (0x00005f17) auipc   t5, 0x5
core   0: 3 0x8000affc (0x00005f17) x30 0x8000fffc
core   0: 0x8000b000 (0x003f2223) sw      gp, 4(t5)
core   0: 3 0x8000b000 (0x003f2223) mem 0x80010000 0x00000001
core   0: 0x8000b004 (0x0000bfe5) c.j     pc - 8
core   0: 3 0x8000b004 (0xbfe5)
core   0: 0x8000affc (0x00005f17) auipc   t5, 0x5
core   0: 3 0x8000affc (0x00005f17) x30 0x8000fffc
core   0: 0x8000b000 (0x003f2223) sw      gp, 4(t5)
core   0: 3 0x8000b000 (0x003f2223) mem 0x80010000 0x00000001
core   0: 0x8000b004 (0x0000bfe5) c.j     pc - 8
core   0: 3 0x8000b004 (0xbfe5)
core   0: 0x8000affc (0x00005f17) auipc   t5, 0x5
core   0: 3 0x8000affc (0x00005f17) x30 0x8000fffc
core   0: 0x8000b000 (0x003f2223) sw      gp, 4(t5)
core   0: 3 0x8000b000 (0x003f2223) mem 0x80010000 0x00000001
core   0: 0x8000b004 (0x0000bfe5) c.j     pc - 8
core   0: 3 0x8000b004 (0xbfe5)
core   0: 0x8000affc (0x00005f17) auipc   t5, 0x5
core   0: 3 0x8000affc (0x00005f17) x30 0x8000fffc
core   0: 0x8000b000 (0x003f2223) sw      gp, 4(t5)
core   0: 3 0x8000b000 (0x003f2223) mem 0x80010000 0x00000001
core   0: 0x8000b004 (0x0000bfe5) c.j     pc - 8
core   0: 3 0x8000b004 (0xbfe5)
core   0: 0x8000affc (0x00005f17) auipc   t5, 0x5
core   0: 3 0x8000affc (0x00005f17) x30 0x8000fffc
core   0: 0x8000b000 (0x003f2223) sw      gp, 4(t5)
core   0: 3 0x8000b000 (0x003f2223) mem 0x80010000 0x00000001
core   0: 0x8000b004 (0x0000bfe5) c.j     pc - 8
core   0: 3 0x8000b004 (0xbfe5)
core   0: 0x8000affc (0x00005f17) auipc   t5, 0x5
core   0: 3 0x8000affc (0x00005f17) x30 0x8000fffc
core   0: 0x8000b000 (0x003f2223) sw      gp, 4(t5)
core   0: 3 0x8000b000 (0x003f2223) mem 0x80010000 0x00000001
core   0: 0x8000b004 (0x0000bfe5) c.j     pc - 8
core   0: 3 0x8000b004 (0xbfe5)
core   0: 0x8000affc (0x00005f17) auipc   t5, 0x5
core   0: 3 0x8000affc (0x00005f17) x30 0x8000fffc
core   0: 0x8000b000 (0x003f2223) sw      gp, 4(t5)
core   0: 3 0x8000b000 (0x003f2223) mem 0x80010000 0x00000001
core   0: 0x8000b004 (0x0000bfe5) c.j     pc - 8
core   0: 3 0x8000b004 (0xbfe5)
core   0: 0x8000affc (0x00005f17) auipc   t5, 0x5
core   0: 3 0x8000affc (0x00005f17) x30 0x8000fffc
core   0: 0x8000b000 (0x003f2223) sw      gp, 4(t5)
core   0: 3 0x8000b000 (0x003f2223) mem 0x80010000 0x00000001
core   0: 0x8000b004 (0x0000bfe5) c.j     pc - 8
core   0: 3 0x8000b004 (0xbfe5)
core   0: 0x8000affc (0x00005f17) auipc   t5, 0x5
core   0: 3 0x8000affc (0x00005f17) x30 0x8000fffc
core   0: 0x8000b000 (0x003f2223) sw      gp, 4(t5)
core   0: 3 0x8000b000 (0x003f2223) mem 0x80010000 0x00000001
core   0: 0x8000b004 (0x0000bfe5) c.j     pc - 8
core   0: 3 0x8000b004 (0xbfe5)
core   0: 0x8000affc (0x00005f17) auipc   t5, 0x5
core   0: 3 0x8000affc (0x00005f17) x30 0x8000fffc
core   0: 0x8000b000 (0x003f2223) sw      gp, 4(t5)
core   0: 3 0x8000b000 (0x003f2223) mem 0x80010000 0x00000001
core   0: 0x8000b004 (0x0000bfe5) c.j     pc - 8
core   0: 3 0x8000b004 (0xbfe5)
core   0: 0x8000affc (0x00005f17) auipc   t5, 0x5
core   0: 3 0x8000affc (0x00005f17) x30 0x8000fffc
core   0: 0x8000b000 (0x003f2223) sw      gp, 4(t5)
core   0: 3 0x8000b000 (0x003f2223) mem 0x80010000 0x00000001
core   0: 0x8000b004 (0x0000bfe5) c.j     pc - 8
core   0: 3 0x8000b004 (0xbfe5)
core   0: 0x8000affc (0x00005f17) auipc   t5, 0x5
core   0: 3 0x8000affc (0x00005f17) x30 0x8000fffc
core   0: 0x8000b000 (0x003f2223) sw      gp, 4(t5)
core   0: 3 0x8000b000 (0x003f2223) mem 0x80010000 0x00000001
core   0: 0x8000b004 (0x0000bfe5) c.j     pc - 8
core   0: 3 0x8000b004 (0xbfe5)
core   0: 0x8000affc (0x00005f17) auipc   t5, 0x5
core   0: 3 0x8000affc (0x00005f17) x30 0x8000fffc
core   0: 0x8000b000 (0x003f2223) sw      gp, 4(t5)
core   0: 3 0x8000b000 (0x003f2223) mem 0x80010000 0x00000001
core   0: 0x8000b004 (0x0000bfe5) c.j     pc - 8
core   0: 3 0x8000b004 (0xbfe5)
core   0: 0x8000affc (0x00005f17) auipc   t5, 0x5
core   0: 3 0x8000affc (0x00005f17) x30 0x8000fffc
core   0: 0x8000b000 (0x003f2223) sw      gp, 4(t5)
core   0: 3 0x8000b000 (0x003f2223) mem 0x80010000 0x00000001
core   0: 0x8000b004 (0x0000bfe5) c.j     pc - 8
core   0: 3 0x8000b004 (0xbfe5)
core   0: 0x8000affc (0x00005f17) auipc   t5, 0x5
core   0: 3 0x8000affc (0x00005f17) x30 0x8000fffc
core   0: 0x8000b000 (0x003f2223) sw      gp, 4(t5)
core   0: 3 0x8000b000 (0x003f2223) mem 0x80010000 0x00000001
core   0: 0x8000b004 (0x0000bfe5) c.j     pc - 8
core   0: 3 0x8000b004 (0xbfe5)
core   0: 0x8000affc (0x00005f17) auipc   t5, 0x5
core   0: 3 0x8000affc (0x00005f17) x30 0x8000fffc
core   0: 0x8000b000 (0x003f2223) sw      gp, 4(t5)
core   0: 3 0x8000b000 (0x003f2223) mem 0x80010000 0x00000001
core   0: 0x8000b004 (0x0000bfe5) c.j     pc - 8
core   0: 3 0x8000b004 (0xbfe5)
core   0: 0x8000affc (0x00005f17) auipc   t5, 0x5
core   0: 3 0x8000affc (0x00005f17) x30 0x8000fffc
core   0: 0x8000b000 (0x003f2223) sw      gp, 4(t5)
core   0: 3 0x8000b000 (0x003f2223) mem 0x80010000 0x00000001
core   0: 0x8000b004 (0x0000bfe5) c.j     pc - 8
core   0: 3 0x8000b004 (0xbfe5)
core   0: 0x8000affc (0x00005f17) auipc   t5, 0x5
core   0: 3 0x8000affc (0x00005f17) x30 0x8000fffc
core   0: 0x8000b000 (0x003f2223) sw      gp, 4(t5)
core   0: 3 0x8000b000 (0x003f2223) mem 0x80010000 0x00000001
core   0: 0x8000b004 (0x0000bfe5) c.j     pc - 8
core   0: 3 0x8000b004 (0xbfe5)
core   0: 0x8000affc (0x00005f17) auipc   t5, 0x5
core   0: 3 0x8000affc (0x00005f17) x30 0x8000fffc
core   0: 0x8000b000 (0x003f2223) sw      gp, 4(t5)
core   0: 3 0x8000b000 (0x003f2223) mem 0x80010000 0x00000001
core   0: 0x8000b004 (0x0000bfe5) c.j     pc - 8
core   0: 3 0x8000b004 (0xbfe5)
core   0: 0x8000affc (0x00005f17) auipc   t5, 0x5
core   0: 3 0x8000affc (0x00005f17) x30 0x8000fffc
core   0: 0x8000b000 (0x003f2223) sw      gp, 4(t5)
core   0: 3 0x8000b000 (0x003f2223) mem 0x80010000 0x00000001
core   0: 0x8000b004 (0x0000bfe5) c.j     pc - 8
core   0: 3 0x8000b004 (0xbfe5)
core   0: 0x8000affc (0x00005f17) auipc   t5, 0x5
core   0: 3 0x8000affc (0x00005f17) x30 0x8000fffc
core   0: 0x8000b000 (0x003f2223) sw      gp, 4(t5)
core   0: 3 0x8000b000 (0x003f2223) mem 0x80010000 0x00000001
core   0: 0x8000b004 (0x0000bfe5) c.j     pc - 8
core   0: 3 0x8000b004 (0xbfe5)
core   0: 0x8000affc (0x00005f17) auipc   t5, 0x5
core   0: 3 0x8000affc (0x00005f17) x30 0x8000fffc
core   0: 0x8000b000 (0x003f2223) sw      gp, 4(t5)
core   0: 3 0x8000b000 (0x003f2223) mem 0x80010000 0x00000001
core   0: 0x8000b004 (0x0000bfe5) c.j     pc - 8
core   0: 3 0x8000b004 (0xbfe5)
core   0: 0x8000affc (0x00005f17) auipc   t5, 0x5
core   0: 3 0x8000affc (0x00005f17) x30 0x8000fffc
core   0: 0x8000b000 (0x003f2223) sw      gp, 4(t5)
core   0: 3 0x8000b000 (0x003f2223) mem 0x80010000 0x00000001
core   0: 0x8000b004 (0x0000bfe5) c.j     pc - 8
core   0: 3 0x8000b004 (0xbfe5)
core   0: 0x8000affc (0x00005f17) auipc   t5, 0x5
core   0: 3 0x8000affc (0x00005f17) x30 0x8000fffc
core   0: 0x8000b000 (0x003f2223) sw      gp, 4(t5)
core   0: 3 0x8000b000 (0x003f2223) mem 0x80010000 0x00000001
core   0: 0x8000b004 (0x0000bfe5) c.j     pc - 8
core   0: 3 0x8000b004 (0xbfe5)
core   0: 0x8000affc (0x00005f17) auipc   t5, 0x5
core   0: 3 0x8000affc (0x00005f17) x30 0x8000fffc
core   0: 0x8000b000 (0x003f2223) sw      gp, 4(t5)
core   0: 3 0x8000b000 (0x003f2223) mem 0x80010000 0x00000001
core   0: 0x8000b004 (0x0000bfe5) c.j     pc - 8
core   0: 3 0x8000b004 (0xbfe5)
core   0: 0x8000affc (0x00005f17) auipc   t5, 0x5
core   0: 3 0x8000affc (0x00005f17) x30 0x8000fffc
core   0: 0x8000b000 (0x003f2223) sw      gp, 4(t5)
core   0: 3 0x8000b000 (0x003f2223) mem 0x80010000 0x00000001
core   0: 0x8000b004 (0x0000bfe5) c.j     pc - 8
core   0: 3 0x8000b004 (0xbfe5)
core   0: 0x8000affc (0x00005f17) auipc   t5, 0x5
core   0: 3 0x8000affc (0x00005f17) x30 0x8000fffc
core   0: 0x8000b000 (0x003f2223) sw      gp, 4(t5)
core   0: 3 0x8000b000 (0x003f2223) mem 0x80010000 0x00000001
core   0: 0x8000b004 (0x0000bfe5) c.j     pc - 8
core   0: 3 0x8000b004 (0xbfe5)
core   0: 0x8000affc (0x00005f17) auipc   t5, 0x5
core   0: 3 0x8000affc (0x00005f17) x30 0x8000fffc
core   0: 0x8000b000 (0x003f2223) sw      gp, 4(t5)
core   0: 3 0x8000b000 (0x003f2223) mem 0x80010000 0x00000001
core   0: 0x8000b004 (0x0000bfe5) c.j     pc - 8
core   0: 3 0x8000b004 (0xbfe5)
core   0: 0x8000affc (0x00005f17) auipc   t5, 0x5
core   0: 3 0x8000affc (0x00005f17) x30 0x8000fffc
core   0: 0x8000b000 (0x003f2223) sw      gp, 4(t5)
core   0: 3 0x8000b000 (0x003f2223) mem 0x80010000 0x00000001
core   0: 0x8000b004 (0x0000bfe5) c.j     pc - 8
core   0: 3 0x8000b004 (0xbfe5)
core   0: 0x8000affc (0x00005f17) auipc   t5, 0x5
core   0: 3 0x8000affc (0x00005f17) x30 0x8000fffc
core   0: 0x8000b000 (0x003f2223) sw      gp, 4(t5)
core   0: 3 0x8000b000 (0x003f2223) mem 0x80010000 0x00000001
core   0: 0x8000b004 (0x0000bfe5) c.j     pc - 8
core   0: 3 0x8000b004 (0xbfe5)
core   0: 0x8000affc (0x00005f17) auipc   t5, 0x5
core   0: 3 0x8000affc (0x00005f17) x30 0x8000fffc
core   0: 0x8000b000 (0x003f2223) sw      gp, 4(t5)
core   0: 3 0x8000b000 (0x003f2223) mem 0x80010000 0x00000001
core   0: 0x8000b004 (0x0000bfe5) c.j     pc - 8
core   0: 3 0x8000b004 (0xbfe5)
core   0: 0x8000affc (0x00005f17) auipc   t5, 0x5
core   0: 3 0x8000affc (0x00005f17) x30 0x8000fffc
core   0: 0x8000b000 (0x003f2223) sw      gp, 4(t5)
core   0: 3 0x8000b000 (0x003f2223) mem 0x80010000 0x00000001
core   0: 0x8000b004 (0x0000bfe5) c.j     pc - 8
core   0: 3 0x8000b004 (0xbfe5)
core   0: 0x8000affc (0x00005f17) auipc   t5, 0x5
core   0: 3 0x8000affc (0x00005f17) x30 0x8000fffc
core   0: 0x8000b000 (0x003f2223) sw      gp, 4(t5)
core   0: 3 0x8000b000 (0x003f2223) mem 0x80010000 0x00000001
core   0: 0x8000b004 (0x0000bfe5) c.j     pc - 8
core   0: 3 0x8000b004 (0xbfe5)
core   0: 0x8000affc (0x00005f17) auipc   t5, 0x5
core   0: 3 0x8000affc (0x00005f17) x30 0x8000fffc
core   0: 0x8000b000 (0x003f2223) sw      gp, 4(t5)
core   0: 3 0x8000b000 (0x003f2223) mem 0x80010000 0x00000001
core   0: 0x8000b004 (0x0000bfe5) c.j     pc - 8
core   0: 3 0x8000b004 (0xbfe5)
core   0: 0x8000affc (0x00005f17) auipc   t5, 0x5
core   0: 3 0x8000affc (0x00005f17) x30 0x8000fffc
core   0: 0x8000b000 (0x003f2223) sw      gp, 4(t5)
core   0: 3 0x8000b000 (0x003f2223) mem 0x80010000 0x00000001
core   0: 0x8000b004 (0x0000bfe5) c.j     pc - 8
core   0: 3 0x8000b004 (0xbfe5)
core   0: 0x8000affc (0x00005f17) auipc   t5, 0x5
core   0: 3 0x8000affc (0x00005f17) x30 0x8000fffc
core   0: 0x8000b000 (0x003f2223) sw      gp, 4(t5)
core   0: 3 0x8000b000 (0x003f2223) mem 0x80010000 0x00000001
core   0: 0x8000b004 (0x0000bfe5) c.j     pc - 8
core   0: 3 0x8000b004 (0xbfe5)
core   0: 0x8000affc (0x00005f17) auipc   t5, 0x5
core   0: 3 0x8000affc (0x00005f17) x30 0x8000fffc
core   0: 0x8000b000 (0x003f2223) sw      gp, 4(t5)
core   0: 3 0x8000b000 (0x003f2223) mem 0x80010000 0x00000001
core   0: 0x8000b004 (0x0000bfe5) c.j     pc - 8
core   0: 3 0x8000b004 (0xbfe5)
core   0: 0x8000affc (0x00005f17) auipc   t5, 0x5
core   0: 3 0x8000affc (0x00005f17) x30 0x8000fffc
core   0: 0x8000b000 (0x003f2223) sw      gp, 4(t5)
core   0: 3 0x8000b000 (0x003f2223) mem 0x80010000 0x00000001
core   0: 0x8000b004 (0x0000bfe5) c.j     pc - 8
core   0: 3 0x8000b004 (0xbfe5)
core   0: 0x8000affc (0x00005f17) auipc   t5, 0x5
core   0: 3 0x8000affc (0x00005f17) x30 0x8000fffc
core   0: 0x8000b000 (0x003f2223) sw      gp, 4(t5)
core   0: 3 0x8000b000 (0x003f2223) mem 0x80010000 0x00000001
core   0: 0x8000b004 (0x0000bfe5) c.j     pc - 8
core   0: 3 0x8000b004 (0xbfe5)
core   0: 0x8000affc (0x00005f17) auipc   t5, 0x5
core   0: 3 0x8000affc (0x00005f17) x30 0x8000fffc
core   0: 0x8000b000 (0x003f2223) sw      gp, 4(t5)
core   0: 3 0x8000b000 (0x003f2223) mem 0x80010000 0x00000001
core   0: 0x8000b004 (0x0000bfe5) c.j     pc - 8
core   0: 3 0x8000b004 (0xbfe5)
core   0: 0x8000affc (0x00005f17) auipc   t5, 0x5
core   0: 3 0x8000affc (0x00005f17) x30 0x8000fffc
core   0: 0x8000b000 (0x003f2223) sw      gp, 4(t5)
core   0: 3 0x8000b000 (0x003f2223) mem 0x80010000 0x00000001
core   0: 0x8000b004 (0x0000bfe5) c.j     pc - 8
core   0: 3 0x8000b004 (0xbfe5)
core   0: 0x8000affc (0x00005f17) auipc   t5, 0x5
core   0: 3 0x8000affc (0x00005f17) x30 0x8000fffc
core   0: 0x8000b000 (0x003f2223) sw      gp, 4(t5)
core   0: 3 0x8000b000 (0x003f2223) mem 0x80010000 0x00000001
core   0: 0x8000b004 (0x0000bfe5) c.j     pc - 8
core   0: 3 0x8000b004 (0xbfe5)
core   0: 0x8000affc (0x00005f17) auipc   t5, 0x5
core   0: 3 0x8000affc (0x00005f17) x30 0x8000fffc
core   0: 0x8000b000 (0x003f2223) sw      gp, 4(t5)
core   0: 3 0x8000b000 (0x003f2223) mem 0x80010000 0x00000001
core   0: 0x8000b004 (0x0000bfe5) c.j     pc - 8
core   0: 3 0x8000b004 (0xbfe5)
core   0: 0x8000affc (0x00005f17) auipc   t5, 0x5
core   0: 3 0x8000affc (0x00005f17) x30 0x8000fffc
core   0: 0x8000b000 (0x003f2223) sw      gp, 4(t5)
core   0: 3 0x8000b000 (0x003f2223) mem 0x80010000 0x00000001
