core   0: 0x00001000 (0x00000297) auipc   t0, 0x0
core   0: 3 0x00001000 (0x00000297) x 5 0x00001000
core   0: 0x00001004 (0x02028593) addi    a1, t0, 32
core   0: 3 0x00001004 (0x02028593) x11 0x00001020
core   0: 0x00001008 (0xf1402573) csrr    a0, mhartid
core   0: 3 0x00001008 (0xf1402573) x10 0x00000000
core   0: 0x0000100c (0x0182a283) lw      t0, 24(t0)
core   0: 3 0x0000100c (0x0182a283) x 5 0x80000000 mem 0x00001018
core   0: 0x00001010 (0x00028067) jr      t0
core   0: 3 0x00001010 (0x00028067)
core   0: 0x80000000 (0xf14022f3) csrr    t0, mhartid
core   0: 3 0x80000000 (0xf14022f3) x 5 0x00000000
core   0: 0x80000004 (0x00004301) c.li    t1, 0
core   0: 3 0x80000004 (0x4301) x 6 0x00000000
core   0: 0x80000006 (0x00628263) beq     t0, t1, pc + 4
core   0: 3 0x80000006 (0x00628263)
core   0: 0x8000000a (0x00000217) auipc   tp, 0x0
core   0: 3 0x8000000a (0x00000217) x 4 0x8000000a
core   0: 0x8000000e (0x00c20213) addi    tp, tp, 12
core   0: 3 0x8000000e (0x00c20213) x 4 0x80000016
core   0: 0x80000012 (0x00020067) jr      tp
core   0: 3 0x80000012 (0x00020067)
core   0: 0x80000016 (0x40001a37) lui     s4, 0x40001
core   0: 3 0x80000016 (0x40001a37) x20 0x40001000
core   0: 0x8000001a (0x104a0a13) addi    s4, s4, 260
core   0: 3 0x8000001a (0x104a0a13) x20 0x40001104
core   0: 0x8000001e (0x301a1073) csrw    misa, s4
core   0: 3 0x8000001e (0x301a1073) c769_misa 0x40141104
core   0: 0x80000022 (0x0002aa97) auipc   s5, 0x2a
core   0: 3 0x80000022 (0x0002aa97) x21 0x8002a022
core   0: 0x80000026 (0xcc2a8a93) addi    s5, s5, -830
core   0: 3 0x80000026 (0xcc2a8a93) x21 0x80029ce4
core   0: 0x8000002a (0x0000fa17) auipc   s4, 0xf
core   0: 3 0x8000002a (0x0000fa17) x20 0x8000f02a
core   0: 0x8000002e (0x6c6a0a13) addi    s4, s4, 1734
core   0: 3 0x8000002e (0x6c6a0a13) x20 0x8000f6f0
core   0: 0x80000032 (0x001a6a13) ori     s4, s4, 1
core   0: 3 0x80000032 (0x001a6a13) x20 0x8000f6f1
core   0: 0x80000036 (0x305a1073) csrw    mtvec, s4
core   0: 3 0x80000036 (0x305a1073) c773_mtvec 0x8000f6f1
core   0: 0x8000003a (0x00000a17) auipc   s4, 0x0
core   0: 3 0x8000003a (0x00000a17) x20 0x8000003a
core   0: 0x8000003e (0x024a0a13) addi    s4, s4, 36
core   0: 3 0x8000003e (0x024a0a13) x20 0x8000005e
core   0: 0x80000042 (0x341a1073) csrw    mepc, s4
core   0: 3 0x80000042 (0x341a1073) c833_mepc 0x8000005e
core   0: 0x80000046 (0x00000001) c.nop
core   0: 3 0x80000046 (0x0001)
core   0: 0x80000048 (0x00002a37) lui     s4, 0x2
core   0: 3 0x80000048 (0x00002a37) x20 0x00002000
core   0: 0x8000004c (0x800a0a13) addi    s4, s4, -2048
core   0: 3 0x8000004c (0x800a0a13) x20 0x00001800
core   0: 0x80000050 (0x300a1073) csrw    mstatus, s4
core   0: 3 0x80000050 (0x300a1073) c768_mstatus 0x00001800
core   0: 0x80000054 (0x00004a01) c.li    s4, 0
core   0: 3 0x80000054 (0x4a01) x20 0x00000000
core   0: 0x80000056 (0x304a1073) csrw    mie, s4
core   0: 3 0x80000056 (0x304a1073) c772_mie 0x00000000
core   0: 0x8000005a (0x30200073) mret
core   0: 3 0x8000005a (0x30200073) c768_mstatus 0x00000080
core   0: >>>>  init
core   0: 0x8000005e (0x00000013) nop
core   0: 3 0x8000005e (0x00000013)
core   0: 0x80000062 (0xf96630b7) lui     ra, 0xf9663
core   0: 3 0x80000062 (0xf96630b7) x 1 0xf9663000
core   0: 0x80000066 (0xc3208093) addi    ra, ra, -974
core   0: 3 0x80000066 (0xc3208093) x 1 0xf9662c32
core   0: 0x8000006a (0x00004119) c.li    sp, 6
core   0: 3 0x8000006a (0x4119) x 2 0x00000006
core   0: 0x8000006c (0x00004189) c.li    gp, 2
core   0: 3 0x8000006c (0x4189) x 3 0x00000002
core   0: 0x8000006e (0x80000237) lui     tp, 0x80000
core   0: 3 0x8000006e (0x80000237) x 4 0x80000000
core   0: 0x80000072 (0xf74402b7) lui     t0, 0xf7440
core   0: 3 0x80000072 (0xf74402b7) x 5 0xf7440000
core   0: 0x80000076 (0xeae28293) addi    t0, t0, -338
core   0: 3 0x80000076 (0xeae28293) x 5 0xf743feae
core   0: 0x8000007a (0x00004311) c.li    t1, 4
core   0: 3 0x8000007a (0x4311) x 6 0x00000004
core   0: 0x8000007c (0x00004381) c.li    t2, 0
core   0: 3 0x8000007c (0x4381) x 7 0x00000000
core   0: 0x8000007e (0x00004405) c.li    s0, 1
core   0: 3 0x8000007e (0x4405) x 8 0x00000001
core   0: 0x80000080 (0x616cd4b7) lui     s1, 0x616cd
core   0: 3 0x80000080 (0x616cd4b7) x 9 0x616cd000
core   0: 0x80000084 (0x3d248493) addi    s1, s1, 978
core   0: 3 0x80000084 (0x3d248493) x 9 0x616cd3d2
core   0: 0x80000088 (0x80000537) lui     a0, 0x80000
core   0: 3 0x80000088 (0x80000537) x10 0x80000000
core   0: 0x8000008c (0xfc0755b7) lui     a1, 0xfc075
core   0: 3 0x8000008c (0xfc0755b7) x11 0xfc075000
core   0: 0x80000090 (0xff858593) addi    a1, a1, -8
core   0: 3 0x80000090 (0xff858593) x11 0xfc074ff8
core   0: 0x80000094 (0xfc21d637) lui     a2, 0xfc21d
core   0: 3 0x80000094 (0xfc21d637) x12 0xfc21d000
core   0: 0x80000098 (0x8f860613) addi    a2, a2, -1800
core   0: 3 0x80000098 (0x8f860613) x12 0xfc21c8f8
core   0: 0x8000009c (0xacc096b7) lui     a3, 0xacc09
core   0: 3 0x8000009c (0xacc096b7) x13 0xacc09000
core   0: 0x800000a0 (0xa6968693) addi    a3, a3, -1431
core   0: 3 0x800000a0 (0xa6968693) x13 0xacc08a69
core   0: 0x800000a4 (0xfd415737) lui     a4, 0xfd415
core   0: 3 0x800000a4 (0xfd415737) x14 0xfd415000
core   0: 0x800000a8 (0xeba70713) addi    a4, a4, -326
core   0: 3 0x800000a8 (0xeba70713) x14 0xfd414eba
core   0: 0x800000ac (0xfa3b87b7) lui     a5, 0xfa3b8
core   0: 3 0x800000ac (0xfa3b87b7) x15 0xfa3b8000
core   0: 0x800000b0 (0x81478793) addi    a5, a5, -2028
core   0: 3 0x800000b0 (0x81478793) x15 0xfa3b7814
core   0: 0x800000b4 (0x80000837) lui     a6, 0x80000
core   0: 3 0x800000b4 (0x80000837) x16 0x80000000
core   0: 0x800000b8 (0x00004881) c.li    a7, 0
core   0: 3 0x800000b8 (0x4881) x17 0x00000000
core   0: 0x800000ba (0x00004901) c.li    s2, 0
core   0: 3 0x800000ba (0x4901) x18 0x00000000
core   0: 0x800000bc (0x00004989) c.li    s3, 2
core   0: 3 0x800000bc (0x4989) x19 0x00000002
core   0: 0x800000be (0x45274a37) lui     s4, 0x45274
core   0: 3 0x800000be (0x45274a37) x20 0x45274000
core   0: 0x800000c2 (0xb9aa0a13) addi    s4, s4, -1126
core   0: 3 0x800000c2 (0xb9aa0a13) x20 0x45273b9a
core   0: 0x800000c6 (0x00004b21) c.li    s6, 8
core   0: 3 0x800000c6 (0x4b21) x22 0x00000008
core   0: 0x800000c8 (0x80000bb7) lui     s7, 0x80000
core   0: 3 0x800000c8 (0x80000bb7) x23 0x80000000
core   0: 0x800000cc (0x00004c39) c.li    s8, 14
core   0: 3 0x800000cc (0x4c39) x24 0x0000000e
core   0: 0x800000ce (0x8c6fbd37) lui     s10, 0x8c6fb
core   0: 3 0x800000ce (0x8c6fbd37) x26 0x8c6fb000
core   0: 0x800000d2 (0xa28d0d13) addi    s10, s10, -1496
core   0: 3 0x800000d2 (0xa28d0d13) x26 0x8c6faa28
core   0: 0x800000d6 (0x00004d81) c.li    s11, 0
core   0: 3 0x800000d6 (0x4d81) x27 0x00000000
core   0: 0x800000d8 (0x80000e37) lui     t3, 0x80000
core   0: 3 0x800000d8 (0x80000e37) x28 0x80000000
core   0: 0x800000dc (0x00004e81) c.li    t4, 0
core   0: 3 0x800000dc (0x4e81) x29 0x00000000
core   0: 0x800000de (0xf08a5f37) lui     t5, 0xf08a5
core   0: 3 0x800000de (0xf08a5f37) x30 0xf08a5000
core   0: 0x800000e2 (0x3a1f0f13) addi    t5, t5, 929
core   0: 3 0x800000e2 (0x3a1f0f13) x30 0xf08a53a1
core   0: 0x800000e6 (0x80000fb7) lui     t6, 0x80000
core   0: 3 0x800000e6 (0x80000fb7) x31 0x80000000
core   0: 0x800000ea (0x00026c97) auipc   s9, 0x26
core   0: 3 0x800000ea (0x00026c97) x25 0x800260ea
core   0: 0x800000ee (0xd7ac8c93) addi    s9, s9, -646
core   0: 3 0x800000ee (0xd7ac8c93) x25 0x80025e64
core   0: 0x800000f2 (0x00010117) auipc   sp, 0x10
core   0: 3 0x800000f2 (0x00010117) x 2 0x800100f2
core   0: 0x800000f6 (0xfce10113) addi    sp, sp, -50
core   0: 3 0x800000f6 (0xfce10113) x 2 0x800100c0
core   0: 0x800000fa (0xf9110303) lb      t1, -111(sp)
core   0: 3 0x800000fa (0xf9110303) x 6 0x0000000a mem 0x80010051
core   0: 0x800000fe (0xf9110f03) lb      t5, -111(sp)
core   0: 3 0x800000fe (0xf9110f03) x30 0x0000000a mem 0x80010051
core   0: 0x80000102 (0x010f9b13) slli    s6, t6, 16
core   0: 3 0x80000102 (0x010f9b13) x22 0x00000000
core   0: 0x80000106 (0xf9114983) lbu     s3, -111(sp)
core   0: 3 0x80000106 (0xf9114983) x19 0x0000000a mem 0x80010051
core   0: 0x8000010a (0x34d10d03) lb      s10, 845(sp)
core   0: 3 0x8000010a (0x34d10d03) x26 0xffffffc6 mem 0x8001040d
core   0: 0x8000010e (0x35d104a3) sb      t4, 841(sp)
core   0: 3 0x8000010e (0x35d104a3) mem 0x80010409 0x0
core   0: 0x80000112 (0xfb312223) sw      s3, -92(sp)
core   0: 3 0x80000112 (0xfb312223) mem 0x80010064 0x0000000a
core   0: 0x80000116 (0x1bd102a3) sb      t4, 421(sp)
core   0: 3 0x80000116 (0x1bd102a3) mem 0x80010265 0x0
core   0: 0x8000011a (0x1a510003) lb      zero, 421(sp)
core   0: 3 0x8000011a (0x1a510003) mem 0x80010265
core   0: 0x8000011e (0x31412d03) lw      s10, 788(sp)
core   0: 3 0x8000011e (0x31412d03) x26 0x8c8d8e8f mem 0x800103d4
core   0: 0x80000122 (0x77012d83) lw      s11, 1904(sp)
core   0: 3 0x80000122 (0x77012d83) x27 0xe8e9eaeb mem 0x80010830
core   0: 0x80000126 (0x0ef14b83) lbu     s7, 239(sp)
core   0: 3 0x80000126 (0x0ef14b83) x23 0x00000064 mem 0x800101af
core   0: 0x8000012a (0x3e014283) lbu     t0, 992(sp)
core   0: 3 0x8000012a (0x3e014283) x 5 0x0000005b mem 0x800104a0
core   0: 0x8000012e (0xfad103a3) sb      a3, -89(sp)
core   0: 3 0x8000012e (0xfad103a3) mem 0x80010067 0x69
core   0: 0x80000132 (0x00000001) c.nop
core   0: 3 0x80000132 (0x0001)
core   0: 0x80000134 (0x00000001) c.nop
core   0: 3 0x80000134 (0x0001)
core   0: 0x80000136 (0x38211f03) lh      t5, 898(sp)
core   0: 3 0x80000136 (0x38211f03) x30 0xfffff8f9 mem 0x80010442
core   0: 0x8000013a (0x0120076f) jal     a4, pc + 0x12
core   0: 3 0x8000013a (0x0120076f) x14 0x8000013e
core   0: 0x8000014c (0x0000a019) c.j     pc + 6
core   0: 3 0x8000014c (0xa019)
core   0: 0x80000152 (0x0000bfdd) c.j     pc - 10
core   0: 3 0x80000152 (0xbfdd)
core   0: 0x80000148 (0x0000a019) c.j     pc + 6
core   0: 3 0x80000148 (0xa019)
core   0: 0x8000014e (0x00002811) c.jal   pc + 20
core   0: 3 0x8000014e (0x2811) x 1 0x80000150
core   0: 0x80000162 (0x00002009) c.jal   pc + 2
core   0: 3 0x80000162 (0x2009) x 1 0x80000164
core   0: 0x80000164 (0x0000bff1) c.j     pc - 36
core   0: 3 0x80000164 (0xbff1)
core   0: 0x80000140 (0x0180036f) jal     t1, pc + 0x18
core   0: 3 0x80000140 (0x0180036f) x 6 0x80000144
core   0: 0x80000158 (0x0000bfe5) c.j     pc - 8
core   0: 3 0x80000158 (0xbfe5)
core   0: 0x80000150 (0x00003fd5) c.jal   pc - 12
core   0: 3 0x80000150 (0x3fd5) x 1 0x80000152
core   0: 0x80000144 (0x00002809) c.jal   pc + 18
core   0: 3 0x80000144 (0x2809) x 1 0x80000146
core   0: 0x80000156 (0x0000b7e5) c.j     pc - 24
core   0: 3 0x80000156 (0xb7e5)
core   0: 0x8000013e (0x0000a005) c.j     pc + 32
core   0: 3 0x8000013e (0xa005)
core   0: 0x8000015e (0xffdffeef) jal     t4, pc - 0x4
core   0: 3 0x8000015e (0xffdffeef) x29 0x80000162
core   0: 0x8000015a (0xfedff0ef) jal     pc - 0x14
core   0: 3 0x8000015a (0xfedff0ef) x 1 0x8000015e
core   0: 0x80000146 (0x0000a011) c.j     pc + 4
core   0: 3 0x80000146 (0xa011)
core   0: 0x8000014a (0x00002831) c.jal   pc + 28
core   0: 3 0x8000014a (0x2831) x 1 0x8000014c
core   0: 0x80000166 (0x000037fd) c.jal   pc - 18
core   0: 3 0x80000166 (0x37fd) x 1 0x80000168
core   0: 0x80000154 (0x0000a811) c.j     pc + 20
core   0: 3 0x80000154 (0xa811)
core   0: 0x80000168 (0x00006e09) c.lui   t3, 0x2
core   0: 3 0x80000168 (0x6e09) x28 0x00002000
core   0: 0x8000016a (0x00011d17) auipc   s10, 0x11
core   0: 3 0x8000016a (0x00011d17) x26 0x8001116a
core   0: 0x8000016e (0xb8fd0d13) addi    s10, s10, -1137
core   0: 3 0x8000016e (0xb8fd0d13) x26 0x80010cf9
core   0: 0x80000172 (0xa2ed0d23) sb      a4, -1478(s10)
core   0: 3 0x80000172 (0xa2ed0d23) mem 0x80010733 0x3e
core   0: 0x80000176 (0xcebd0d23) sb      a1, -774(s10)
core   0: 3 0x80000176 (0xcebd0d23) mem 0x800109f3 0xf8
core   0: 0x8000017a (0xd96d04a3) sb      s6, -631(s10)
core   0: 3 0x8000017a (0xd96d04a3) mem 0x80010a82 0x0
core   0: 0x8000017e (0x24dd4483) lbu     s1, 589(s10)
core   0: 3 0x8000017e (0x24dd4483) x 9 0x000000fd mem 0x80010f46
core   0: 0x80000182 (0x011e9bb3) sll     s7, t4, a7
core   0: 3 0x80000182 (0x011e9bb3) x23 0x80000162
core   0: 0x80000186 (0x02507f33) remu    t5, zero, t0
core   0: 3 0x80000186 (0x02507f33) x30 0x00000000
core   0: 0x8000018a (0x01bfd193) srli    gp, t6, 27
core   0: 3 0x8000018a (0x01bfd193) x 3 0x00000010
core   0: 0x8000018e (0x0ff0000f) fence   iorw,iorw
core   0: 3 0x8000018e (0x0ff0000f)
core   0: 0x80000192 (0xfb7d10a3) sh      s7, -95(s10)
core   0: 3 0x80000192 (0xfb7d10a3) mem 0x80010c9a 0x0162
core   0: 0x80000196 (0x28252c13) slti    s8, a0, 642
core   0: 3 0x80000196 (0x28252c13) x24 0x00000001
core   0: 0x8000019a (0x0000014a) c.slli  sp, 18
core   0: 3 0x8000019a (0x014a) x 2 0x03000000
core   0: 0x8000019c (0x00e11b93) slli    s7, sp, 14
core   0: 3 0x8000019c (0x00e11b93) x23 0x00000000
core   0: 0x800001a0 (0x00009722) c.add   a4, s0
core   0: 3 0x800001a0 (0x9722) x14 0x8000013f
core   0: 0x800001a2 (0x332d25a3) sw      s2, 811(s10)
core   0: 3 0x800001a2 (0x332d25a3) mem 0x80011024 0x00000000
core   0: 0x800001a6 (0x00fa1e93) slli    t4, s4, 15
core   0: 3 0x800001a6 (0x00fa1e93) x29 0x9dcd0000
core   0: 0x800001aa (0x8b9d2da3) sw      s9, -1861(s10)
core   0: 3 0x800001aa (0x8b9d2da3) mem 0x800105b4 0x80025e64
core   0: 0x800001ae (0x278a7e97) auipc   t4, 0x278a7
core   0: 3 0x800001ae (0x278a7e97) x29 0xa78a71ae
core   0: 0x800001b2 (0x369e3617) auipc   a2, 0x369e3
core   0: 3 0x800001b2 (0x369e3617) x12 0xb69e31b2
core   0: 0x800001b6 (0x0ff0000f) fence   iorw,iorw
core   0: 3 0x800001b6 (0x0ff0000f)
core   0: 0x800001ba (0x01a90533) add     a0, s2, s10
core   0: 3 0x800001ba (0x01a90533) x10 0x80010cf9
core   0: 0x800001be (0xb7fd0f23) sb      t6, -1154(s10)
core   0: 3 0x800001be (0xb7fd0f23) mem 0x80010877 0x0
core   0: 0x800001c2 (0x00000001) c.nop
core   0: 3 0x800001c2 (0x0001)
core   0: 0x800001c4 (0xdedd0683) lb      a3, -531(s10)
core   0: 3 0x800001c4 (0xdedd0683) x13 0xffffff9d mem 0x80010ae6
core   0: 0x800001c8 (0x0000717d) c.addi16sp sp, -16
core   0: 3 0x800001c8 (0x717d) x 2 0x02fffff0
core   0: 0x800001ca (0x03b26933) rem     s2, tp, s11
core   0: 3 0x800001ca (0x03b26933) x18 0xf36e6969
core   0: 0x800001ce (0xd34dc737) lui     a4, 0xd34dc
core   0: 3 0x800001ce (0xd34dc737) x14 0xd34dc000
core   0: 0x800001d2 (0x0000973e) c.add   a4, a5
core   0: 3 0x800001d2 (0x973e) x14 0xcd893814
core   0: 0x800001d4 (0xafad0ba3) sb      s10, -1289(s10)
core   0: 3 0x800001d4 (0xafad0ba3) mem 0x800107f0 0xf9
core   0: 0x800001d8 (0xc11d1903) lh      s2, -1007(s10)
core   0: 3 0x800001d8 (0xc11d1903) x18 0xffffc0c1 mem 0x8001090a
core   0: 0x800001dc (0x27fd5f83) lhu     t6, 639(s10)
core   0: 3 0x800001dc (0x27fd5f83) x31 0x00003233 mem 0x80010f78
core   0: 0x800001e0 (0x0037e313) ori     t1, a5, 3
core   0: 3 0x800001e0 (0x0037e313) x 6 0xfa3b7817
core   0: 0x800001e4 (0x93ad4f83) lbu     t6, -1734(s10)
core   0: 3 0x800001e4 (0x93ad4f83) x31 0x000000e8 mem 0x80010633
core   0: 0x800001e8 (0xcad50593) addi    a1, a0, -851
core   0: 3 0x800001e8 (0xcad50593) x11 0x800109a6
core   0: 0x800001ec (0xd3ed0523) sb      t5, -726(s10)
core   0: 3 0x800001ec (0xd3ed0523) mem 0x80010a23 0x0
core   0: 0x800001f0 (0x32cc6313) ori     t1, s8, 812
core   0: 3 0x800001f0 (0x32cc6313) x 6 0x0000032d
core   0: 0x800001f4 (0x0d3d25a3) sw      s3, 203(s10)
core   0: 3 0x800001f4 (0x0d3d25a3) mem 0x80010dc4 0x0000000a
core   0: 0x800001f8 (0x038f09b3) mul     s3, t5, s8
core   0: 3 0x800001f8 (0x038f09b3) x19 0x00000000
core   0: 0x800001fc (0xa3ed4183) lbu     gp, -1474(s10)
core   0: 3 0x800001fc (0xa3ed4183) x 3 0x000000ec mem 0x80010737
core   0: 0x80000200 (0x00d2b4b3) sltu    s1, t0, a3
core   0: 3 0x80000200 (0x00d2b4b3) x 9 0x00000001
core   0: 0x80000204 (0xe75d0823) sb      s5, -400(s10)
core   0: 3 0x80000204 (0xe75d0823) mem 0x80010b69 0xe4
core   0: 0x80000208 (0x01c8de93) srli    t4, a7, 28
core   0: 3 0x80000208 (0x01c8de93) x29 0x00000000
core   0: 0x8000020c (0x00005c7d) c.li    s8, -1
core   0: 3 0x8000020c (0x5c7d) x24 0xffffffff
core   0: 0x8000020e (0x971d1503) lh      a0, -1679(s10)
core   0: 3 0x8000020e (0x971d1503) x10 0x00002021 mem 0x8001066a
core   0: 0x80000212 (0x0040076f) jal     a4, pc + 0x4
core   0: 3 0x80000212 (0x0040076f) x14 0x80000216
core   0: 0x80000216 (0x00002009) c.jal   pc + 2
core   0: 3 0x80000216 (0x2009) x 1 0x80000218
core   0: 0x80000218 (0x0000a021) c.j     pc + 8
core   0: 3 0x80000218 (0xa021)
core   0: 0x80000220 (0x0000bff5) c.j     pc - 4
core   0: 3 0x80000220 (0xbff5)
core   0: 0x8000021c (0x0000a031) c.j     pc + 12
core   0: 3 0x8000021c (0xa031)
core   0: 0x80000228 (0xffbff0ef) jal     pc - 0x6
core   0: 3 0x80000228 (0xffbff0ef) x 1 0x8000022c
core   0: 0x80000222 (0x0000a009) c.j     pc + 2
core   0: 3 0x80000222 (0xa009)
core   0: 0x80000224 (0xffbff66f) jal     a2, pc - 0x6
core   0: 3 0x80000224 (0xffbff66f) x12 0x80000228
core   0: 0x8000021e (0x0000a039) c.j     pc + 14
core   0: 3 0x8000021e (0xa039)
core   0: 0x8000022c (0x00002009) c.jal   pc + 2
core   0: 3 0x8000022c (0x2009) x 1 0x8000022e
core   0: 0x8000022e (0x0000b7f5) c.j     pc - 20
core   0: 3 0x8000022e (0xb7f5)
core   0: 0x8000021a (0x0000a819) c.j     pc + 22
core   0: 3 0x8000021a (0xa819)
core   0: 0x80000230 (0x000066b9) c.lui   a3, 0xe
core   0: 3 0x80000230 (0x66b9) x13 0x0000e000
core   0: 0x80000232 (0x03a0076f) jal     a4, pc + 0x3a
core   0: 3 0x80000232 (0x03a0076f) x14 0x80000236
core   0: 0x8000026c (0x00003fe1) c.jal   pc - 40
core   0: 3 0x8000026c (0x3fe1) x 1 0x8000026e
core   0: 0x80000244 (0x00002815) c.jal   pc + 52
core   0: 3 0x80000244 (0x2815) x 1 0x80000246
core   0: 0x80000278 (0xfddff0ef) jal     pc - 0x24
core   0: 3 0x80000278 (0xfddff0ef) x 1 0x8000027c
core   0: 0x80000254 (0x01200def) jal     s11, pc + 0x12
core   0: 3 0x80000254 (0x01200def) x27 0x80000258
core   0: 0x80000266 (0x00003fe9) c.jal   pc - 38
core   0: 3 0x80000266 (0x3fe9) x 1 0x80000268
core   0: 0x80000240 (0x0280036f) jal     t1, pc + 0x28
core   0: 3 0x80000240 (0x0280036f) x 6 0x80000244
core   0: 0x80000268 (0x00003fe5) c.jal   pc - 8
core   0: 3 0x80000268 (0x3fe5) x 1 0x8000026a
core   0: 0x80000260 (0x00003fcd) c.jal   pc - 14
core   0: 3 0x80000260 (0x3fcd) x 1 0x80000262
core   0: 0x80000252 (0x0000b7d5) c.j     pc - 28
core   0: 3 0x80000252 (0xb7d5)
core   0: 0x80000236 (0x004000ef) jal     pc + 0x4
core   0: 3 0x80000236 (0x004000ef) x 1 0x8000023a
core   0: 0x8000023a (0x01e0036f) jal     t1, pc + 0x1e
core   0: 3 0x8000023a (0x01e0036f) x 6 0x8000023e
core   0: 0x80000258 (0xff9ff36f) jal     t1, pc - 0x8
core   0: 3 0x80000258 (0xff9ff36f) x 6 0x8000025c
core   0: 0x80000250 (0x00002035) c.jal   pc + 44
core   0: 3 0x80000250 (0x2035) x 1 0x80000252
core   0: 0x8000027c (0x0000b7f9) c.j     pc - 50
core   0: 3 0x8000027c (0xb7f9)
core   0: 0x8000024a (0x014000ef) jal     pc + 0x14
core   0: 3 0x8000024a (0x014000ef) x 1 0x8000024e
core   0: 0x8000025e (0x00002801) c.jal   pc + 16
core   0: 3 0x8000025e (0x2801) x 1 0x80000260
core   0: 0x8000026e (0x0000bff5) c.j     pc - 4
core   0: 3 0x8000026e (0xbff5)
core   0: 0x8000026a (0x0000a019) c.j     pc + 6
core   0: 3 0x8000026a (0xa019)
core   0: 0x80000270 (0x000037f5) c.jal   pc - 20
core   0: 3 0x80000270 (0x37f5) x 1 0x80000272
core   0: 0x8000025c (0x000037cd) c.jal   pc - 30
core   0: 3 0x8000025c (0x37cd) x 1 0x8000025e
core   0: 0x8000023e (0x00002815) c.jal   pc + 52
core   0: 3 0x8000023e (0x2815) x 1 0x80000240
core   0: 0x80000272 (0xfd5ff2ef) jal     t0, pc - 0x2c
core   0: 3 0x80000272 (0xfd5ff2ef) x 5 0x80000276
core   0: 0x80000246 (0x01c000ef) jal     pc + 0x1c
core   0: 3 0x80000246 (0x01c000ef) x 1 0x8000024a
core   0: 0x80000262 (0xfedff2ef) jal     t0, pc - 0x14
core   0: 3 0x80000262 (0xfedff2ef) x 5 0x80000266
core   0: 0x8000024e (0x00002025) c.jal   pc + 40
core   0: 3 0x8000024e (0x2025) x 1 0x80000250
core   0: 0x80000276 (0x00002021) c.jal   pc + 8
core   0: 3 0x80000276 (0x2021) x 1 0x80000278
core   0: 0x8000027e (0x00001d08) c.addi4spn a0, sp, 688
core   0: 3 0x8000027e (0x1d08) x10 0x030002a0
core   0: 0x80000280 (0x00010d97) auipc   s11, 0x10
core   0: 3 0x80000280 (0x00010d97) x27 0x80010280
core   0: 0x80000284 (0x478d8d93) addi    s11, s11, 1144
core   0: 3 0x80000284 (0x478d8d93) x27 0x800106f8
core   0: 0x80000288 (0x00011f17) auipc   t5, 0x11
core   0: 3 0x80000288 (0x00011f17) x30 0x80011288
core   0: 0x8000028c (0x83bf0f13) addi    t5, t5, -1989
core   0: 3 0x8000028c (0x83bf0f13) x30 0x80010ac3
core   0: 0x80000290 (0xfc9dc683) lbu     a3, -55(s11)
core   0: 3 0x80000290 (0xfc9dc683) x13 0x0000007a mem 0x800106c1
core   0: 0x80000294 (0x00010717) auipc   a4, 0x10
core   0: 3 0x80000294 (0x00010717) x14 0x80010294
core   0: 0x80000298 (0x60570713) addi    a4, a4, 1541
core   0: 3 0x80000298 (0x60570713) x14 0x80010899
core   0: 0x8000029c (0x00011917) auipc   s2, 0x11
core   0: 3 0x8000029c (0x00011917) x18 0x8001129c
core   0: 0x800002a0 (0x89f90913) addi    s2, s2, -1889
core   0: 3 0x800002a0 (0x89f90913) x18 0x80010b3b
core   0: 0x800002a4 (0xfff71ea3) sh      t6, -3(a4)
core   0: 3 0x800002a4 (0xfff71ea3) mem 0x80010896 0x00e8
core   0: 0x800002a8 (0xfc4f0503) lb      a0, -60(t5)
core   0: 3 0x800002a8 (0xfc4f0503) x10 0x0000003c mem 0x80010a87
core   0: 0x800002ac (0x26ed8623) sb      a4, 620(s11)
core   0: 3 0x800002ac (0x26ed8623) mem 0x80010964 0x99
core   0: 0x800002b0 (0x008703a3) sb      s0, 7(a4)
core   0: 3 0x800002b0 (0x008703a3) mem 0x800108a0 0x1
core   0: 0x800002b4 (0x00e90b23) sb      a4, 22(s2)
core   0: 3 0x800002b4 (0x00e90b23) mem 0x80010b51 0x99
core   0: 0x800002b8 (0xac7d8603) lb      a2, -1337(s11)
core   0: 3 0x800002b8 (0xac7d8603) x12 0x00000074 mem 0x800101bf
core   0: 0x800002bc (0x01074183) lbu     gp, 16(a4)
core   0: 3 0x800002bc (0x01074183) x 3 0x00000062 mem 0x800108a9
core   0: 0x800002c0 (0xfd490483) lb      s1, -44(s2)
core   0: 3 0x800002c0 (0xfd490483) x 9 0xffffffc4 mem 0x80010b0f
core   0: 0x800002c4 (0xfc2f0103) lb      sp, -62(t5)
core   0: 3 0x800002c4 (0xfc2f0103) x 2 0x0000003e mem 0x80010a85
core   0: 0x800002c8 (0xb64dca03) lbu     s4, -1180(s11)
core   0: 3 0x800002c8 (0xb64dca03) x20 0x00000017 mem 0x8001025c
core   0: 0x800002cc (0x03ff02a3) sb      t6, 37(t5)
core   0: 3 0x800002cc (0x03ff02a3) mem 0x80010ae8 0xe8
core   0: 0x800002d0 (0xff171aa3) sh      a7, -11(a4)
core   0: 3 0x800002d0 (0xff171aa3) mem 0x8001088e 0x0000
core   0: 0x800002d4 (0xfcf90b23) sb      a5, -42(s2)
core   0: 3 0x800002d4 (0xfcf90b23) mem 0x80010b11 0x14
core   0: 0x800002d8 (0x01870023) sb      s8, 0(a4)
core   0: 3 0x800002d8 (0x01870023) mem 0x80010899 0xff
core   0: 0x800002dc (0xadad81a3) sb      s10, -1341(s11)
core   0: 3 0x800002dc (0xadad81a3) mem 0x800101bb 0xf9
core   0: 0x800002e0 (0x02f91d03) lh      s10, 47(s2)
core   0: 3 0x800002e0 (0x02f91d03) x26 0x00002021 mem 0x80010b6a
core   0: 0x800002e4 (0xfe8f0d23) sb      s0, -6(t5)
core   0: 3 0x800002e4 (0xfe8f0d23) mem 0x80010abd 0x1
core   0: 0x800002e8 (0xd57d8283) lb      t0, -681(s11)
core   0: 3 0x800002e8 (0xd57d8283) x 5 0x00000004 mem 0x8001044f
core   0: 0x800002ec (0x02af0923) sb      a0, 50(t5)
core   0: 3 0x800002ec (0x02af0923) mem 0x80010af5 0x3c
core   0: 0x800002f0 (0xff995083) lhu     ra, -7(s2)
core   0: 3 0x800002f0 (0xff995083) x 1 0x0000eeef mem 0x80010b34
core   0: 0x800002f4 (0x00c70983) lb      s3, 12(a4)
core   0: 3 0x800002f4 (0x00c70983) x19 0x0000005e mem 0x800108a5
core   0: 0x800002f8 (0xfd090483) lb      s1, -48(s2)
core   0: 3 0x800002f8 (0xfd090483) x 9 0xffffffc0 mem 0x80010b0b
core   0: 0x800002fc (0xff1f0683) lb      a3, -15(t5)
core   0: 3 0x800002fc (0xff1f0683) x13 0x0000006f mem 0x80010ab4
core   0: 0x80000300 (0xfe290a03) lb      s4, -30(s2)
core   0: 3 0x80000300 (0xfe290a03) x20 0xffffffd6 mem 0x80010b1d
core   0: 0x80000304 (0x175d8023) sb      s5, 352(s11)
core   0: 3 0x80000304 (0x175d8023) mem 0x80010858 0xe4
core   0: 0x80000308 (0xffe74883) lbu     a7, -2(a4)
core   0: 3 0x80000308 (0xffe74883) x17 0x00000000 mem 0x80010897
core   0: 0x8000030c (0x03ef0123) sb      t5, 34(t5)
core   0: 3 0x8000030c (0x03ef0123) mem 0x80010ae5 0xc3
core   0: 0x80000310 (0x9cbdc183) lbu     gp, -1589(s11)
core   0: 3 0x80000310 (0x9cbdc183) x 3 0x00000078 mem 0x800100c3
core   0: 0x80000314 (0xfe1f1583) lh      a1, -31(t5)
core   0: 3 0x80000314 (0xfe1f1583) x11 0x00005e5f mem 0x80010aa4
core   0: 0x80000318 (0x00a90ca3) sb      a0, 25(s2)
core   0: 3 0x80000318 (0x00a90ca3) mem 0x80010b54 0x3c
core   0: 0x8000031c (0x00016117) auipc   sp, 0x16
core   0: 3 0x8000031c (0x00016117) x 2 0x8001631c
core   0: 0x80000320 (0x79010113) addi    sp, sp, 1936
core   0: 3 0x80000320 (0x79010113) x 2 0x80016aac
core   0: 0x80000324 (0x0000da56) c.swsp  s5, 52(sp)
core   0: 3 0x80000324 (0xda56) mem 0x80016ae0 0x80029ce4
core   0: 0x80000326 (0x00005392) c.lwsp  t2, 36(sp)
core   0: 3 0x80000326 (0x5392) x 7 0x88898a8b mem 0x80016ad0
core   0: 0x80000328 (0xfe710ea3) sb      t2, -3(sp)
core   0: 3 0x80000328 (0xfe710ea3) mem 0x80016aa9 0x8b
core   0: 0x8000032c (0x000013fd) c.addi  t2, -1
core   0: 3 0x8000032c (0x13fd) x 7 0x88898a8a
core   0: 0x8000032e (0xff110503) lb      a0, -15(sp)
core   0: 3 0x8000032e (0xff110503) x10 0x00000056 mem 0x80016a9d
core   0: 0x80000332 (0x405b5893) srai    a7, s6, 5
core   0: 3 0x80000332 (0x405b5893) x17 0x00000000
core   0: 0x80000336 (0x03514f83) lbu     t6, 53(sp)
core   0: 3 0x80000336 (0x03514f83) x31 0x0000009c mem 0x80016ae1
core   0: 0x8000033a (0x02110e03) lb      t3, 33(sp)
core   0: 3 0x8000033a (0x02110e03) x28 0xffffff86 mem 0x80016acd
core   0: 0x8000033e (0x03b107a3) sb      s11, 47(sp)
core   0: 3 0x8000033e (0x03b107a3) mem 0x80016adb 0xf8
core   0: 0x80000342 (0x034107a3) sb      s4, 47(sp)
core   0: 3 0x80000342 (0x034107a3) mem 0x80016adb 0xd6
core   0: 0x80000346 (0xfd910303) lb      t1, -39(sp)
core   0: 3 0x80000346 (0xfd910303) x 6 0x0000003e mem 0x80016a85
core   0: 0x8000034a (0xfd914e03) lbu     t3, -39(sp)
core   0: 3 0x8000034a (0xfd914e03) x28 0x0000003e mem 0x80016a85
core   0: 0x8000034e (0xfed10e83) lb      t4, -19(sp)
core   0: 3 0x8000034e (0xfed10e83) x29 0x00000052 mem 0x80016a99
core   0: 0x80000352 (0x40abd8b3) sra     a7, s7, a0
core   0: 3 0x80000352 (0x40abd8b3) x17 0x00000000
core   0: 0x80000356 (0xff6106a3) sb      s6, -19(sp)
core   0: 3 0x80000356 (0xff6106a3) mem 0x80016a99 0x0
core   0: 0x8000035a (0x4086d193) srai    gp, a3, 8
core   0: 3 0x8000035a (0x4086d193) x 3 0x00000000
core   0: 0x8000035e (0x031109a3) sb      a7, 51(sp)
core   0: 3 0x8000035e (0x031109a3) mem 0x80016adf 0x0
core   0: 0x80000362 (0x00008f85) c.sub   a5, s1
core   0: 3 0x80000362 (0x8f85) x15 0xfa3b7854
core   0: 0x80000364 (0x00000001) c.nop
core   0: 3 0x80000364 (0x0001)
core   0: 0x80000366 (0x00008859) c.andi  s0, 22
core   0: 3 0x80000366 (0x8859) x 8 0x00000000
core   0: 0x80000368 (0xfd614283) lbu     t0, -42(sp)
core   0: 3 0x80000368 (0xfd614283) x 5 0x00000039 mem 0x80016a82
core   0: 0x8000036c (0x0000c832) c.swsp  a2, 16(sp)
core   0: 3 0x8000036c (0xc832) mem 0x80016abc 0x00000074
core   0: 0x8000036e (0xffc11703) lh      a4, -4(sp)
core   0: 3 0x8000036e (0xffc11703) x14 0xffff8b63 mem 0x80016aa8
core   0: 0x80000372 (0xfe2104a3) sb      sp, -23(sp)
core   0: 3 0x80000372 (0xfe2104a3) mem 0x80016a95 0xac
core   0: 0x80000376 (0x00010117) auipc   sp, 0x10
core   0: 3 0x80000376 (0x00010117) x 2 0x80010376
core   0: 0x8000037a (0xe2010113) addi    sp, sp, -480
core   0: 3 0x8000037a (0xe2010113) x 2 0x80010196
core   0: 0x8000037e (0x01c14f83) lbu     t6, 28(sp)
core   0: 3 0x8000037e (0x01c14f83) x31 0x00000069 mem 0x800101b2
core   0: 0x80000382 (0xffb10c03) lb      s8, -5(sp)
core   0: 3 0x80000382 (0xffb10c03) x24 0x0000004a mem 0x80010191
core   0: 0x80000386 (0xfea10da3) sb      a0, -5(sp)
core   0: 3 0x80000386 (0xfea10da3) mem 0x80010191 0x56
core   0: 0x8000038a (0xfe811d03) lh      s10, -24(sp)
core   0: 3 0x8000038a (0xfe811d03) x26 0x00003435 mem 0x8001017e
core   0: 0x8000038e (0xfe514883) lbu     a7, -27(sp)
core   0: 3 0x8000038e (0xfe514883) x17 0x00000030 mem 0x8001017b
core   0: 0x80000392 (0xfea11d23) sh      a0, -6(sp)
core   0: 3 0x80000392 (0xfea11d23) mem 0x80010190 0x0056
core   0: 0x80000396 (0xfe810d23) sb      s0, -6(sp)
core   0: 3 0x80000396 (0xfe810d23) mem 0x80010190 0x0
core   0: 0x8000039a (0xfc910ca3) sb      s1, -39(sp)
core   0: 3 0x8000039a (0xfc910ca3) mem 0x8001016f 0xc0
core   0: 0x8000039e (0xfd910603) lb      a2, -39(sp)
core   0: 3 0x8000039e (0xfd910603) x12 0xffffffc0 mem 0x8001016f
core   0: 0x800003a2 (0xfcf10ca3) sb      a5, -39(sp)
core   0: 3 0x800003a2 (0xfcf10ca3) mem 0x8001016f 0x54
core   0: 0x800003a6 (0xfd610ca3) sb      s6, -39(sp)
core   0: 3 0x800003a6 (0xfd610ca3) mem 0x8001016f 0x0
core   0: 0x800003aa (0xfd914003) lbu     zero, -39(sp)
core   0: 3 0x800003aa (0xfd914003) mem 0x8001016f
core   0: 0x800003ae (0x000087cd) c.srai  a5, 19
core   0: 3 0x800003ae (0x87cd) x15 0xffffff47
core   0: 0x800003b0 (0xfcf10703) lb      a4, -49(sp)
core   0: 3 0x800003b0 (0xfcf10703) x14 0x0000001e mem 0x80010165
core   0: 0x800003b4 (0x0080076f) jal     a4, pc + 0x8
core   0: 3 0x800003b4 (0x0080076f) x14 0x800003b8
core   0: 0x800003bc (0x02c002ef) jal     t0, pc + 0x2c
core   0: 3 0x800003bc (0x02c002ef) x 5 0x800003c0
core   0: 0x800003e8 (0x000037dd) c.jal   pc - 26
core   0: 3 0x800003e8 (0x37dd) x 1 0x800003ea
core   0: 0x800003ce (0x00003ffd) c.jal   pc - 2
core   0: 3 0x800003ce (0x3ffd) x 1 0x800003d0
core   0: 0x800003cc (0x0000a029) c.j     pc + 10
core   0: 3 0x800003cc (0xa029)
core   0: 0x800003d6 (0x0000a02d) c.j     pc + 42
core   0: 3 0x800003d6 (0xa02d)
core   0: 0x80000400 (0xfe3ff0ef) jal     pc - 0x1e
core   0: 3 0x80000400 (0xfe3ff0ef) x 1 0x80000404
core   0: 0x800003e2 (0x00c000ef) jal     pc + 0xc
core   0: 3 0x800003e2 (0x00c000ef) x 1 0x800003e6
core   0: 0x800003ee (0x010002ef) jal     t0, pc + 0x10
core   0: 3 0x800003ee (0x010002ef) x 5 0x800003f2
core   0: 0x800003fe (0x000037d1) c.jal   pc - 60
core   0: 3 0x800003fe (0x37d1) x 1 0x80000400
core   0: 0x800003c2 (0x0000a81d) c.j     pc + 54
core   0: 3 0x800003c2 (0xa81d)
core   0: 0x800003f8 (0xfc9ff36f) jal     t1, pc - 0x38
core   0: 3 0x800003f8 (0xfc9ff36f) x 6 0x800003fc
core   0: 0x800003c0 (0x00002019) c.jal   pc + 6
core   0: 3 0x800003c0 (0x2019) x 1 0x800003c2
core   0: 0x800003c6 (0x00002005) c.jal   pc + 32
core   0: 3 0x800003c6 (0x2005) x 1 0x800003c8
core   0: 0x800003e6 (0x00002801) c.jal   pc + 16
core   0: 3 0x800003e6 (0x2801) x 1 0x800003e8
core   0: 0x800003f6 (0x00003ff1) c.jal   pc - 36
core   0: 3 0x800003f6 (0x3ff1) x 1 0x800003f8
core   0: 0x800003d2 (0x02a0036f) jal     t1, pc + 0x2a
core   0: 3 0x800003d2 (0x02a0036f) x 6 0x800003d6
core   0: 0x800003fc (0x0000b7fd) c.j     pc - 18
core   0: 3 0x800003fc (0xb7fd)
core   0: 0x800003ea (0x01a001ef) jal     gp, pc + 0x1a
core   0: 3 0x800003ea (0x01a001ef) x 3 0x800003ee
core   0: 0x80000404 (0x0000b7fd) c.j     pc - 18
core   0: 3 0x80000404 (0xb7fd)
core   0: 0x800003f2 (0xfc9ff36f) jal     t1, pc - 0x38
core   0: 3 0x800003f2 (0xfc9ff36f) x 6 0x800003f6
core   0: 0x800003ba (0x00002819) c.jal   pc + 22
core   0: 3 0x800003ba (0x2819) x 1 0x800003bc
core   0: 0x800003d0 (0x00002801) c.jal   pc + 16
core   0: 3 0x800003d0 (0x2801) x 1 0x800003d2
core   0: 0x800003e0 (0x000037d5) c.jal   pc - 28
core   0: 3 0x800003e0 (0x37d5) x 1 0x800003e2
core   0: 0x800003c4 (0x0000a089) c.j     pc + 66
core   0: 3 0x800003c4 (0xa089)
core   0: 0x80000406 (0x00003fd9) c.jal   pc - 42
core   0: 3 0x80000406 (0x3fd9) x 1 0x80000408
core   0: 0x800003dc (0xfddff36f) jal     t1, pc - 0x24
core   0: 3 0x800003dc (0xfddff36f) x 6 0x800003e0
core   0: 0x800003b8 (0x0000a005) c.j     pc + 32
core   0: 3 0x800003b8 (0xa005)
core   0: 0x800003d8 (0xff1ff0ef) jal     pc - 0x10
core   0: 3 0x800003d8 (0xff1ff0ef) x 1 0x800003dc
core   0: 0x800003c8 (0x0400096f) jal     s2, pc + 0x40
core   0: 3 0x800003c8 (0x0400096f) x18 0x800003cc
core   0: 0x80000408 (0x00006821) c.lui   a6, 0x8
core   0: 3 0x80000408 (0x6821) x16 0x00008000
core   0: 0x8000040a (0x00010117) auipc   sp, 0x10
core   0: 3 0x8000040a (0x00010117) x 2 0x8001040a
core   0: 0x8000040e (0xe6c10113) addi    sp, sp, -404
core   0: 3 0x8000040e (0xe6c10113) x 2 0x80010276
core   0: 0x80000412 (0x02310ea3) sb      gp, 61(sp)
core   0: 3 0x80000412 (0x02310ea3) mem 0x800102b3 0xee
core   0: 0x80000416 (0xfc914003) lbu     zero, -55(sp)
core   0: 3 0x80000416 (0xfc914003) mem 0x8001023f
core   0: 0x8000041a (0x00000a26) c.slli  s4, 9
core   0: 3 0x8000041a (0x0a26) x20 0xffffac00
core   0: 0x8000041c (0xc3803793) sltiu   a5, zero, -968
core   0: 3 0x8000041c (0xc3803793) x15 0x00000001
core   0: 0x80000420 (0xff014483) lbu     s1, -16(sp)
core   0: 3 0x80000420 (0xff014483) x 9 0x0000001d mem 0x80010266
core   0: 0x80000424 (0xc2912037) lui     zero, 0xc2912
core   0: 3 0x80000424 (0xc2912037)
core   0: 0x80000428 (0xfca14003) lbu     zero, -54(sp)
core   0: 3 0x80000428 (0xfca14003) mem 0x80010240
core   0: 0x8000042c (0x00005a7d) c.li    s4, -1
core   0: 3 0x8000042c (0x5a7d) x20 0xffffffff
core   0: 0x8000042e (0xfc114a03) lbu     s4, -63(sp)
core   0: 3 0x8000042e (0xfc114a03) x20 0x000000ec mem 0x80010237
core   0: 0x80000432 (0x00110a03) lb      s4, 1(sp)
core   0: 3 0x80000432 (0x00110a03) x20 0x0000002c mem 0x80010277
core   0: 0x80000436 (0x0141e7b3) or      a5, gp, s4
core   0: 3 0x80000436 (0x0141e7b3) x15 0x800003ee
core   0: 0x8000043a (0x00f1e7b3) or      a5, gp, a5
core   0: 3 0x8000043a (0x00f1e7b3) x15 0x800003ee
core   0: 0x8000043e (0x00f10023) sb      a5, 0(sp)
core   0: 3 0x8000043e (0x00f10023) mem 0x80010276 0xee
core   0: 0x80000442 (0x0204a033) mulhsu  zero, s1, zero
core   0: 3 0x80000442 (0x0204a033)
core   0: 0x80000446 (0x0147e1b3) or      gp, a5, s4
core   0: 3 0x80000446 (0x0147e1b3) x 3 0x800003ee
core   0: 0x8000044a (0x023100a3) sb      gp, 33(sp)
core   0: 3 0x8000044a (0x023100a3) mem 0x80010297 0xee
core   0: 0x8000044e (0x00008f85) c.sub   a5, s1
core   0: 3 0x8000044e (0x8f85) x15 0x800003d1
core   0: 0x80000450 (0x00008c9d) c.sub   s1, a5
core   0: 3 0x80000450 (0x8c9d) x 9 0x7ffffc4c
core   0: 0x80000452 (0x03710083) lb      ra, 55(sp)
core   0: 3 0x80000452 (0x03710083) x 1 0x00000066 mem 0x800102ad
core   0: 0x80000456 (0x72ca7793) andi    a5, s4, 1836
core   0: 3 0x80000456 (0x72ca7793) x15 0x0000002c
core   0: 0x8000045a (0x00008385) c.srli  a5, 1
core   0: 3 0x8000045a (0x8385) x15 0x00000016
core   0: 0x8000045c (0x00215a03) lhu     s4, 2(sp)
core   0: 3 0x8000045c (0x00215a03) x20 0x00003233 mem 0x80010278
core   0: 0x80000460 (0x3fa7ca13) xori    s4, a5, 1018
core   0: 3 0x80000460 (0x3fa7ca13) x20 0x000003ec
core   0: 0x80000464 (0x02e10483) lb      s1, 46(sp)
core   0: 3 0x80000464 (0x02e10483) x 9 0x0000005f mem 0x800102a4
core   0: 0x80000468 (0x0097ba33) sltu    s4, a5, s1
core   0: 3 0x80000468 (0x0097ba33) x20 0x00000001
core   0: 0x8000046c (0x0037f4b3) and     s1, a5, gp
core   0: 3 0x8000046c (0x0037f4b3) x 9 0x00000006
core   0: 0x80000470 (0x00049a33) sll     s4, s1, zero
core   0: 3 0x80000470 (0x00049a33) x20 0x00000006
core   0: 0x80000474 (0x0ff0000f) fence   iorw,iorw
core   0: 3 0x80000474 (0x0ff0000f)
core   0: 0x80000478 (0x02414a03) lbu     s4, 36(sp)
core   0: 3 0x80000478 (0x02414a03) x20 0x00000051 mem 0x8001029a
core   0: 0x8000047c (0x00004a69) c.li    s4, 26
core   0: 3 0x8000047c (0x4a69) x20 0x0000001a
core   0: 0x8000047e (0x0200a7b3) mulhsu  a5, ra, zero
core   0: 3 0x8000047e (0x0200a7b3) x15 0x00000000
core   0: 0x80000482 (0xfc3108a3) sb      gp, -47(sp)
core   0: 3 0x80000482 (0xfc3108a3) mem 0x80010247 0xee
core   0: 0x80000486 (0xffa00a13) li      s4, -6
core   0: 3 0x80000486 (0xffa00a13) x20 0xfffffffa
core   0: 0x8000048a (0x00100f13) li      t5, 1
core   0: 3 0x8000048a (0x00100f13) x30 0x00000001
core   0: 0x8000048e (0x00000001) c.nop
core   0: 3 0x8000048e (0x0001)
core   0: 0x80000490 (0x036a5fb3) divu    t6, s4, s6
core   0: 3 0x80000490 (0x036a5fb3) x31 0xffffffff
core   0: 0x80000494 (0x00000a05) c.addi  s4, 1
core   0: 3 0x80000494 (0x0a05) x20 0xfffffffb
core   0: 0x80000496 (0x0000100f) fence.i
core   0: 3 0x80000496 (0x0000100f)
core   0: 0x8000049a (0xffe00793) li      a5, -2
core   0: 3 0x8000049a (0xffe00793) x15 0xfffffffe
core   0: 0x8000049e (0x00000001) c.nop
core   0: 3 0x8000049e (0x0001)
core   0: 0x800004a0 (0x00008db5) c.xor   a1, a3
core   0: 3 0x800004a0 (0x8db5) x11 0x00005e30
core   0: 0x800004a2 (0x753aa293) slti    t0, s5, 1875
core   0: 3 0x800004a2 (0x753aa293) x 5 0x00000001
core   0: 0x800004a6 (0x8031cd13) xori    s10, gp, -2045
core   0: 3 0x800004a6 (0x8031cd13) x26 0x7ffffbed
core   0: 0x800004aa (0x00000785) c.addi  a5, 1
core   0: 3 0x800004aa (0x0785) x15 0xffffffff
core   0: 0x800004ac (0x0000dbfd) c.beqz  a5, pc - 10
core   0: 3 0x800004ac (0xdbfd)
core   0: 0x800004ae (0x40ab8833) sub     a6, s7, a0
core   0: 3 0x800004ae (0x40ab8833) x16 0xffffffaa
core   0: 0x800004b2 (0x00008df6) c.mv    s11, t4
core   0: 3 0x800004b2 (0x8df6) x27 0x00000052
core   0: 0x800004b4 (0x00000001) c.nop
core   0: 3 0x800004b4 (0x0001)
core   0: 0x800004b6 (0x016b3333) sltu    t1, s6, s6
core   0: 3 0x800004b6 (0x016b3333) x 6 0x00000000
core   0: 0x800004ba (0xfdea1ae3) bne     s4, t5, pc - 44
core   0: 3 0x800004ba (0xfdea1ae3)
core   0: 0x8000048e (0x00000001) c.nop
core   0: 3 0x8000048e (0x0001)
core   0: 0x80000490 (0x036a5fb3) divu    t6, s4, s6
core   0: 3 0x80000490 (0x036a5fb3) x31 0xffffffff
core   0: 0x80000494 (0x00000a05) c.addi  s4, 1
core   0: 3 0x80000494 (0x0a05) x20 0xfffffffc
core   0: 0x80000496 (0x0000100f) fence.i
core   0: 3 0x80000496 (0x0000100f)
core   0: 0x8000049a (0xffe00793) li      a5, -2
core   0: 3 0x8000049a (0xffe00793) x15 0xfffffffe
core   0: 0x8000049e (0x00000001) c.nop
core   0: 3 0x8000049e (0x0001)
core   0: 0x800004a0 (0x00008db5) c.xor   a1, a3
core   0: 3 0x800004a0 (0x8db5) x11 0x00005e5f
core   0: 0x800004a2 (0x753aa293) slti    t0, s5, 1875
core   0: 3 0x800004a2 (0x753aa293) x 5 0x00000001
core   0: 0x800004a6 (0x8031cd13) xori    s10, gp, -2045
core   0: 3 0x800004a6 (0x8031cd13) x26 0x7ffffbed
core   0: 0x800004aa (0x00000785) c.addi  a5, 1
core   0: 3 0x800004aa (0x0785) x15 0xffffffff
core   0: 0x800004ac (0x0000dbfd) c.beqz  a5, pc - 10
core   0: 3 0x800004ac (0xdbfd)
core   0: 0x800004ae (0x40ab8833) sub     a6, s7, a0
core   0: 3 0x800004ae (0x40ab8833) x16 0xffffffaa
core   0: 0x800004b2 (0x00008df6) c.mv    s11, t4
core   0: 3 0x800004b2 (0x8df6) x27 0x00000052
core   0: 0x800004b4 (0x00000001) c.nop
core   0: 3 0x800004b4 (0x0001)
core   0: 0x800004b6 (0x016b3333) sltu    t1, s6, s6
core   0: 3 0x800004b6 (0x016b3333) x 6 0x00000000
core   0: 0x800004ba (0xfdea1ae3) bne     s4, t5, pc - 44
core   0: 3 0x800004ba (0xfdea1ae3)
core   0: 0x8000048e (0x00000001) c.nop
core   0: 3 0x8000048e (0x0001)
core   0: 0x80000490 (0x036a5fb3) divu    t6, s4, s6
core   0: 3 0x80000490 (0x036a5fb3) x31 0xffffffff
core   0: 0x80000494 (0x00000a05) c.addi  s4, 1
core   0: 3 0x80000494 (0x0a05) x20 0xfffffffd
core   0: 0x80000496 (0x0000100f) fence.i
core   0: 3 0x80000496 (0x0000100f)
core   0: 0x8000049a (0xffe00793) li      a5, -2
core   0: 3 0x8000049a (0xffe00793) x15 0xfffffffe
core   0: 0x8000049e (0x00000001) c.nop
core   0: 3 0x8000049e (0x0001)
core   0: 0x800004a0 (0x00008db5) c.xor   a1, a3
core   0: 3 0x800004a0 (0x8db5) x11 0x00005e30
core   0: 0x800004a2 (0x753aa293) slti    t0, s5, 1875
core   0: 3 0x800004a2 (0x753aa293) x 5 0x00000001
core   0: 0x800004a6 (0x8031cd13) xori    s10, gp, -2045
core   0: 3 0x800004a6 (0x8031cd13) x26 0x7ffffbed
core   0: 0x800004aa (0x00000785) c.addi  a5, 1
core   0: 3 0x800004aa (0x0785) x15 0xffffffff
core   0: 0x800004ac (0x0000dbfd) c.beqz  a5, pc - 10
core   0: 3 0x800004ac (0xdbfd)
core   0: 0x800004ae (0x40ab8833) sub     a6, s7, a0
core   0: 3 0x800004ae (0x40ab8833) x16 0xffffffaa
core   0: 0x800004b2 (0x00008df6) c.mv    s11, t4
core   0: 3 0x800004b2 (0x8df6) x27 0x00000052
core   0: 0x800004b4 (0x00000001) c.nop
core   0: 3 0x800004b4 (0x0001)
core   0: 0x800004b6 (0x016b3333) sltu    t1, s6, s6
core   0: 3 0x800004b6 (0x016b3333) x 6 0x00000000
core   0: 0x800004ba (0xfdea1ae3) bne     s4, t5, pc - 44
core   0: 3 0x800004ba (0xfdea1ae3)
core   0: 0x8000048e (0x00000001) c.nop
core   0: 3 0x8000048e (0x0001)
core   0: 0x80000490 (0x036a5fb3) divu    t6, s4, s6
core   0: 3 0x80000490 (0x036a5fb3) x31 0xffffffff
core   0: 0x80000494 (0x00000a05) c.addi  s4, 1
core   0: 3 0x80000494 (0x0a05) x20 0xfffffffe
core   0: 0x80000496 (0x0000100f) fence.i
core   0: 3 0x80000496 (0x0000100f)
core   0: 0x8000049a (0xffe00793) li      a5, -2
core   0: 3 0x8000049a (0xffe00793) x15 0xfffffffe
core   0: 0x8000049e (0x00000001) c.nop
core   0: 3 0x8000049e (0x0001)
core   0: 0x800004a0 (0x00008db5) c.xor   a1, a3
core   0: 3 0x800004a0 (0x8db5) x11 0x00005e5f
core   0: 0x800004a2 (0x753aa293) slti    t0, s5, 1875
core   0: 3 0x800004a2 (0x753aa293) x 5 0x00000001
core   0: 0x800004a6 (0x8031cd13) xori    s10, gp, -2045
core   0: 3 0x800004a6 (0x8031cd13) x26 0x7ffffbed
core   0: 0x800004aa (0x00000785) c.addi  a5, 1
core   0: 3 0x800004aa (0x0785) x15 0xffffffff
core   0: 0x800004ac (0x0000dbfd) c.beqz  a5, pc - 10
core   0: 3 0x800004ac (0xdbfd)
core   0: 0x800004ae (0x40ab8833) sub     a6, s7, a0
core   0: 3 0x800004ae (0x40ab8833) x16 0xffffffaa
core   0: 0x800004b2 (0x00008df6) c.mv    s11, t4
core   0: 3 0x800004b2 (0x8df6) x27 0x00000052
core   0: 0x800004b4 (0x00000001) c.nop
core   0: 3 0x800004b4 (0x0001)
core   0: 0x800004b6 (0x016b3333) sltu    t1, s6, s6
core   0: 3 0x800004b6 (0x016b3333) x 6 0x00000000
core   0: 0x800004ba (0xfdea1ae3) bne     s4, t5, pc - 44
core   0: 3 0x800004ba (0xfdea1ae3)
core   0: 0x8000048e (0x00000001) c.nop
core   0: 3 0x8000048e (0x0001)
core   0: 0x80000490 (0x036a5fb3) divu    t6, s4, s6
core   0: 3 0x80000490 (0x036a5fb3) x31 0xffffffff
core   0: 0x80000494 (0x00000a05) c.addi  s4, 1
core   0: 3 0x80000494 (0x0a05) x20 0xffffffff
core   0: 0x80000496 (0x0000100f) fence.i
core   0: 3 0x80000496 (0x0000100f)
core   0: 0x8000049a (0xffe00793) li      a5, -2
core   0: 3 0x8000049a (0xffe00793) x15 0xfffffffe
core   0: 0x8000049e (0x00000001) c.nop
core   0: 3 0x8000049e (0x0001)
core   0: 0x800004a0 (0x00008db5) c.xor   a1, a3
core   0: 3 0x800004a0 (0x8db5) x11 0x00005e30
core   0: 0x800004a2 (0x753aa293) slti    t0, s5, 1875
core   0: 3 0x800004a2 (0x753aa293) x 5 0x00000001
core   0: 0x800004a6 (0x8031cd13) xori    s10, gp, -2045
core   0: 3 0x800004a6 (0x8031cd13) x26 0x7ffffbed
core   0: 0x800004aa (0x00000785) c.addi  a5, 1
core   0: 3 0x800004aa (0x0785) x15 0xffffffff
core   0: 0x800004ac (0x0000dbfd) c.beqz  a5, pc - 10
core   0: 3 0x800004ac (0xdbfd)
core   0: 0x800004ae (0x40ab8833) sub     a6, s7, a0
core   0: 3 0x800004ae (0x40ab8833) x16 0xffffffaa
core   0: 0x800004b2 (0x00008df6) c.mv    s11, t4
core   0: 3 0x800004b2 (0x8df6) x27 0x00000052
core   0: 0x800004b4 (0x00000001) c.nop
core   0: 3 0x800004b4 (0x0001)
core   0: 0x800004b6 (0x016b3333) sltu    t1, s6, s6
core   0: 3 0x800004b6 (0x016b3333) x 6 0x00000000
core   0: 0x800004ba (0xfdea1ae3) bne     s4, t5, pc - 44
core   0: 3 0x800004ba (0xfdea1ae3)
core   0: 0x8000048e (0x00000001) c.nop
core   0: 3 0x8000048e (0x0001)
core   0: 0x80000490 (0x036a5fb3) divu    t6, s4, s6
core   0: 3 0x80000490 (0x036a5fb3) x31 0xffffffff
core   0: 0x80000494 (0x00000a05) c.addi  s4, 1
core   0: 3 0x80000494 (0x0a05) x20 0x00000000
core   0: 0x80000496 (0x0000100f) fence.i
core   0: 3 0x80000496 (0x0000100f)
core   0: 0x8000049a (0xffe00793) li      a5, -2
core   0: 3 0x8000049a (0xffe00793) x15 0xfffffffe
core   0: 0x8000049e (0x00000001) c.nop
core   0: 3 0x8000049e (0x0001)
core   0: 0x800004a0 (0x00008db5) c.xor   a1, a3
core   0: 3 0x800004a0 (0x8db5) x11 0x00005e5f
core   0: 0x800004a2 (0x753aa293) slti    t0, s5, 1875
core   0: 3 0x800004a2 (0x753aa293) x 5 0x00000001
core   0: 0x800004a6 (0x8031cd13) xori    s10, gp, -2045
core   0: 3 0x800004a6 (0x8031cd13) x26 0x7ffffbed
core   0: 0x800004aa (0x00000785) c.addi  a5, 1
core   0: 3 0x800004aa (0x0785) x15 0xffffffff
core   0: 0x800004ac (0x0000dbfd) c.beqz  a5, pc - 10
core   0: 3 0x800004ac (0xdbfd)
core   0: 0x800004ae (0x40ab8833) sub     a6, s7, a0
core   0: 3 0x800004ae (0x40ab8833) x16 0xffffffaa
core   0: 0x800004b2 (0x00008df6) c.mv    s11, t4
core   0: 3 0x800004b2 (0x8df6) x27 0x00000052
core   0: 0x800004b4 (0x00000001) c.nop
core   0: 3 0x800004b4 (0x0001)
core   0: 0x800004b6 (0x016b3333) sltu    t1, s6, s6
core   0: 3 0x800004b6 (0x016b3333) x 6 0x00000000
core   0: 0x800004ba (0xfdea1ae3) bne     s4, t5, pc - 44
core   0: 3 0x800004ba (0xfdea1ae3)
core   0: 0x8000048e (0x00000001) c.nop
core   0: 3 0x8000048e (0x0001)
core   0: 0x80000490 (0x036a5fb3) divu    t6, s4, s6
core   0: 3 0x80000490 (0x036a5fb3) x31 0xffffffff
core   0: 0x80000494 (0x00000a05) c.addi  s4, 1
core   0: 3 0x80000494 (0x0a05) x20 0x00000001
core   0: 0x80000496 (0x0000100f) fence.i
core   0: 3 0x80000496 (0x0000100f)
core   0: 0x8000049a (0xffe00793) li      a5, -2
core   0: 3 0x8000049a (0xffe00793) x15 0xfffffffe
core   0: 0x8000049e (0x00000001) c.nop
core   0: 3 0x8000049e (0x0001)
core   0: 0x800004a0 (0x00008db5) c.xor   a1, a3
core   0: 3 0x800004a0 (0x8db5) x11 0x00005e30
core   0: 0x800004a2 (0x753aa293) slti    t0, s5, 1875
core   0: 3 0x800004a2 (0x753aa293) x 5 0x00000001
core   0: 0x800004a6 (0x8031cd13) xori    s10, gp, -2045
core   0: 3 0x800004a6 (0x8031cd13) x26 0x7ffffbed
core   0: 0x800004aa (0x00000785) c.addi  a5, 1
core   0: 3 0x800004aa (0x0785) x15 0xffffffff
core   0: 0x800004ac (0x0000dbfd) c.beqz  a5, pc - 10
core   0: 3 0x800004ac (0xdbfd)
core   0: 0x800004ae (0x40ab8833) sub     a6, s7, a0
core   0: 3 0x800004ae (0x40ab8833) x16 0xffffffaa
core   0: 0x800004b2 (0x00008df6) c.mv    s11, t4
core   0: 3 0x800004b2 (0x8df6) x27 0x00000052
core   0: 0x800004b4 (0x00000001) c.nop
core   0: 3 0x800004b4 (0x0001)
core   0: 0x800004b6 (0x016b3333) sltu    t1, s6, s6
core   0: 3 0x800004b6 (0x016b3333) x 6 0x00000000
core   0: 0x800004ba (0xfdea1ae3) bne     s4, t5, pc - 44
core   0: 3 0x800004ba (0xfdea1ae3)
core   0: 0x800004be (0x000005fd) c.addi  a1, 31
core   0: 3 0x800004be (0x05fd) x11 0x00005e4f
core   0: 0x800004c0 (0xffe00513) li      a0, -2
core   0: 3 0x800004c0 (0xffe00513) x10 0xfffffffe
core   0: 0x800004c4 (0x00100d13) li      s10, 1
core   0: 3 0x800004c4 (0x00100d13) x26 0x00000001
core   0: 0x800004c8 (0x00000e36) c.slli  t3, 13
core   0: 3 0x800004c8 (0x0e36) x28 0x0007c000
core   0: 0x800004ca (0x022773b3) remu    t2, a4, sp
core   0: 3 0x800004ca (0x022773b3) x 7 0x800003b8
core   0: 0x800004ce (0x000068d9) c.lui   a7, 0x16
core   0: 3 0x800004ce (0x68d9) x17 0x00016000
core   0: 0x800004d0 (0x00000515) c.addi  a0, 5
core   0: 3 0x800004d0 (0x0515) x10 0x00000003
core   0: 0x800004d2 (0x03e6b5b3) mulhu   a1, a3, t5
core   0: 3 0x800004d2 (0x03e6b5b3) x11 0x00000000
core   0: 0x800004d6 (0xff600113) li      sp, -10
core   0: 3 0x800004d6 (0xff600113) x 2 0xfffffff6
core   0: 0x800004da (0x005b7633) and     a2, s6, t0
core   0: 3 0x800004da (0x005b7633) x12 0x00000000
core   0: 0x800004de (0xffb00993) li      s3, -5
core   0: 3 0x800004de (0xffb00993) x19 0xfffffffb
core   0: 0x800004e2 (0x01a845b3) xor     a1, a6, s10
core   0: 3 0x800004e2 (0x01a845b3) x11 0xffffffab
core   0: 0x800004e6 (0x736f2393) slti    t2, t5, 1846
core   0: 3 0x800004e6 (0x736f2393) x 7 0x00000001
core   0: 0x800004ea (0x00000105) c.addi  sp, 1
core   0: 3 0x800004ea (0x0105) x 2 0xfffffff7
core   0: 0x800004ec (0x41578fb3) sub     t6, a5, s5
core   0: 3 0x800004ec (0x41578fb3) x31 0x7ffd631b
core   0: 0x800004f0 (0xff3109e3) beq     sp, s3, pc - 14
core   0: 3 0x800004f0 (0xff3109e3)
core   0: 0x800004f4 (0x00fa9e13) slli    t3, s5, 15
core   0: 3 0x800004f4 (0x00fa9e13) x28 0x4e720000
core   0: 0x800004f8 (0xfda549e3) blt     a0, s10, pc - 46
core   0: 3 0x800004f8 (0xfda549e3)
core   0: 0x800004fc (0x00aa1fb3) sll     t6, s4, a0
core   0: 3 0x800004fc (0x00aa1fb3) x31 0x00000008
core   0: 0x80000500 (0xff700893) li      a7, -9
core   0: 3 0x80000500 (0xff700893) x17 0xfffffff7
core   0: 0x80000504 (0x0ff0000f) fence   iorw,iorw
core   0: 3 0x80000504 (0x0ff0000f)
core   0: 0x80000508 (0x0304fdb3) remu    s11, s1, a6
core   0: 3 0x80000508 (0x0304fdb3) x27 0x00000006
core   0: 0x8000050c (0x03eaac33) mulhsu  s8, s5, t5
core   0: 3 0x8000050c (0x03eaac33) x24 0xffffffff
core   0: 0x80000510 (0xffd00f13) li      t5, -3
core   0: 3 0x80000510 (0xffd00f13) x30 0xfffffffd
core   0: 0x80000514 (0x022d65b3) rem     a1, s10, sp
core   0: 3 0x80000514 (0x022d65b3) x11 0x00000001
core   0: 0x80000518 (0x401b0db3) sub     s11, s6, ra
core   0: 3 0x80000518 (0x401b0db3) x27 0xffffff9a
core   0: 0x8000051c (0x0000088d) c.addi  a7, 3
core   0: 3 0x8000051c (0x088d) x17 0xfffffffa
core   0: 0x8000051e (0x00b21993) slli    s3, tp, 11
core   0: 3 0x8000051e (0x00b21993) x19 0x00000000
core   0: 0x80000522 (0x00a00493) li      s1, 10
core   0: 3 0x80000522 (0x00a00493) x 9 0x0000000a
core   0: 0x80000526 (0x00000001) c.nop
core   0: 3 0x80000526 (0x0001)
core   0: 0x80000528 (0x00006109) c.addi16sp sp, 128
core   0: 3 0x80000528 (0x6109) x 2 0x00000077
core   0: 0x8000052a (0x00008e55) c.or    a2, a3
core   0: 3 0x8000052a (0x8e55) x12 0x0000006f
core   0: 0x8000052c (0x000014d9) c.addi  s1, -10
core   0: 3 0x8000052c (0x14d9) x 9 0x00000000
core   0: 0x8000052e (0x035d3733) mulhu   a4, s10, s5
core   0: 3 0x8000052e (0x035d3733) x14 0x00000000
core   0: 0x80000532 (0x23377e97) auipc   t4, 0x23377
core   0: 3 0x80000532 (0x23377e97) x29 0xa3377532
core   0: 0x80000536 (0x4001ddb3) sra     s11, gp, zero
core   0: 3 0x80000536 (0x4001ddb3) x27 0x800003ee
core   0: 0x8000053a (0x00008592) c.mv    a1, tp
core   0: 3 0x8000053a (0x8592) x11 0x80000000
core   0: 0x8000053c (0x00000842) c.slli  a6, 16
core   0: 3 0x8000053c (0x0842) x16 0xffaa0000
core   0: 0x8000053e (0x04ee0e93) addi    t4, t3, 78
core   0: 3 0x8000053e (0x04ee0e93) x29 0x4e72004e
core   0: 0x80000542 (0x0000f4e5) c.bnez  s1, pc - 24
core   0: 3 0x80000542 (0xf4e5)
core   0: 0x80000544 (0x000000a2) c.slli  ra, 8
core   0: 3 0x80000544 (0x00a2) x 1 0x00006600
core   0: 0x80000546 (0x0366f9b3) remu    s3, a3, s6
core   0: 3 0x80000546 (0x0366f9b3) x19 0x0000006f
core   0: 0x8000054a (0x00000dca) c.slli  s11, 18
core   0: 3 0x8000054a (0x0dca) x27 0x0fb80000
core   0: 0x8000054c (0x00008fd1) c.or    a5, a2
core   0: 3 0x8000054c (0x8fd1) x15 0xffffffff
core   0: 0x8000054e (0x004fad33) slt     s10, t6, tp
core   0: 3 0x8000054e (0x004fad33) x26 0x00000000
core   0: 0x80000552 (0xfde883e3) beq     a7, t5, pc - 58
core   0: 3 0x80000552 (0xfde883e3)
core   0: 0x80000556 (0x01675c13) srli    s8, a4, 22
core   0: 3 0x80000556 (0x01675c13) x24 0x00000000
core   0: 0x8000055a (0x00014497) auipc   s1, 0x14
core   0: 3 0x8000055a (0x00014497) x 9 0x8001455a
core   0: 0x8000055e (0x2d148493) addi    s1, s1, 721
core   0: 3 0x8000055e (0x2d148493) x 9 0x8001482b
core   0: 0x80000562 (0x04f49303) lh      t1, 79(s1)
core   0: 3 0x80000562 (0x04f49303) x 6 0x00003031 mem 0x8001487a
core   0: 0x80000566 (0x0001b697) auipc   a3, 0x1b
core   0: 3 0x80000566 (0x0001b697) x13 0x8001b566
core   0: 0x8000056a (0x84a68693) addi    a3, a3, -1974
core   0: 3 0x8000056a (0x84a68693) x13 0x8001adb0
core   0: 0x8000056e (0x00013c17) auipc   s8, 0x13
core   0: 3 0x8000056e (0x00013c17) x24 0x8001356e
core   0: 0x80000572 (0x660c0c13) addi    s8, s8, 1632
core   0: 3 0x80000572 (0x660c0c13) x24 0x80013bce
core   0: 0x80000576 (0x00015617) auipc   a2, 0x15
core   0: 3 0x80000576 (0x00015617) x12 0x80015576
core   0: 0x8000057a (0x71d60613) addi    a2, a2, 1821
core   0: 3 0x8000057a (0x71d60613) x12 0x80015c93
core   0: 0x8000057e (0x0c24a2a3) sw      sp, 197(s1)
core   0: 3 0x8000057e (0x0c24a2a3) mem 0x800148f0 0x00000077
core   0: 0x80000582 (0x13f65403) lhu     s0, 319(a2)
core   0: 3 0x80000582 (0x13f65403) x 8 0x00008889 mem 0x80015dd2
core   0: 0x80000586 (0x0c860923) sb      s0, 210(a2)
core   0: 3 0x80000586 (0x0c860923) mem 0x80015d65 0x89
core   0: 0x8000058a (0xff4c4e83) lbu     t4, -12(s8)
core   0: 3 0x8000058a (0xff4c4e83) x29 0x00000079 mem 0x80013bc2
core   0: 0x8000058e (0x012c2323) sw      s2, 6(s8)
core   0: 3 0x8000058e (0x012c2323) mem 0x80013bd4 0x800003cc
core   0: 0x80000592 (0x00568f83) lb      t6, 5(a3)
core   0: 3 0x80000592 (0x00568f83) x31 0x0000006e mem 0x8001adb5
core   0: 0x80000596 (0xf8349a03) lh      s4, -125(s1)
core   0: 3 0x80000596 (0xf8349a03) x20 0x00006465 mem 0x800147ae
core   0: 0x8000059a (0xfe7c0ea3) sb      t2, -3(s8)
core   0: 3 0x8000059a (0xfe7c0ea3) mem 0x80013bcb 0x1
core   0: 0x8000059e (0x01c48923) sb      t3, 18(s1)
core   0: 3 0x8000059e (0x01c48923) mem 0x8001483d 0x0
core   0: 0x800005a2 (0x21c64103) lbu     sp, 540(a2)
core   0: 3 0x800005a2 (0x21c64103) x 2 0x00000064 mem 0x80015eaf
core   0: 0x800005a6 (0xff2689a3) sb      s2, -13(a3)
core   0: 3 0x800005a6 (0xff2689a3) mem 0x8001ada3 0xcc
core   0: 0x800005aa (0x0684aca3) sw      s0, 121(s1)
core   0: 3 0x800005aa (0x0684aca3) mem 0x800148a4 0x00008889
core   0: 0x800005ae (0xa3f60003) lb      zero, -1473(a2)
core   0: 3 0x800005ae (0xa3f60003) mem 0x800156d2
core   0: 0x800005b2 (0xfff6c083) lbu     ra, -1(a3)
core   0: 3 0x800005b2 (0xfff6c083) x 1 0x00000064 mem 0x8001adaf
core   0: 0x800005b6 (0xffec0d83) lb      s11, -2(s8)
core   0: 3 0x800005b6 (0xffec0d83) x27 0xffffff87 mem 0x80013bcc
core   0: 0x800005ba (0xf5749783) lh      a5, -169(s1)
core   0: 3 0x800005ba (0xf5749783) x15 0x00003839 mem 0x80014782
core   0: 0x800005be (0xff869923) sh      s8, -14(a3)
core   0: 3 0x800005be (0xff869923) mem 0x8001ada2 0x3bce
core   0: 0x800005c2 (0xfde4c083) lbu     ra, -34(s1)
core   0: 3 0x800005c2 (0xfde4c083) x 1 0x000000c2 mem 0x80014809
core   0: 0x800005c6 (0xfecc0ea3) sb      a2, -3(s8)
core   0: 3 0x800005c6 (0xfecc0ea3) mem 0x80013bcb 0x93
core   0: 0x800005ca (0xffbc4883) lbu     a7, -5(s8)
core   0: 3 0x800005ca (0xffbc4883) x17 0x00000082 mem 0x80013bc9
core   0: 0x800005ce (0x00768523) sb      t2, 10(a3)
core   0: 3 0x800005ce (0x00768523) mem 0x8001adba 0x1
core   0: 0x800005d2 (0xf2f4da03) lhu     s4, -209(s1)
core   0: 3 0x800005d2 (0xf2f4da03) x20 0x00001011 mem 0x8001475a
core   0: 0x800005d6 (0x00dc4d03) lbu     s10, 13(s8)
core   0: 3 0x800005d6 (0x00dc4d03) x26 0x00000090 mem 0x80013bdb
core   0: 0x800005da (0xff268fa3) sb      s2, -1(a3)
core   0: 3 0x800005da (0xff268fa3) mem 0x8001adaf 0xcc
core   0: 0x800005de (0xe4f65283) lhu     t0, -433(a2)
core   0: 3 0x800005de (0xe4f65283) x 5 0x00009899 mem 0x80015ae2
core   0: 0x800005e2 (0x01e4c403) lbu     s0, 30(s1)
core   0: 3 0x800005e2 (0x01e4c403) x 8 0x00000002 mem 0x80014849
core   0: 0x800005e6 (0x000c5103) lhu     sp, 0(s8)
core   0: 3 0x800005e6 (0x000c5103) x 2 0x00008485 mem 0x80013bce
core   0: 0x800005ea (0x0fb48c23) sb      s11, 248(s1)
core   0: 3 0x800005ea (0x0fb48c23) mem 0x80014923 0x87
core   0: 0x800005ee (0xfff6cd83) lbu     s11, -1(a3)
core   0: 3 0x800005ee (0xfff6cd83) x27 0x000000cc mem 0x8001adaf
core   0: 0x800005f2 (0xffbc0e83) lb      t4, -5(s8)
core   0: 3 0x800005f2 (0xffbc0e83) x29 0xffffff82 mem 0x80013bc9
core   0: 0x800005f6 (0x00019597) auipc   a1, 0x19
core   0: 3 0x800005f6 (0x00019597) x11 0x800195f6
core   0: 0x800005fa (0xa5d58593) addi    a1, a1, -1443
core   0: 3 0x800005fa (0xa5d58593) x11 0x80019053
core   0: 0x800005fe (0x00010297) auipc   t0, 0x10
core   0: 3 0x800005fe (0x00010297) x 5 0x800105fe
core   0: 0x80000602 (0xd5c28293) addi    t0, t0, -676
core   0: 3 0x80000602 (0xd5c28293) x 5 0x8001035a
core   0: 0x80000606 (0x0c0586a3) sb      zero, 205(a1)
core   0: 3 0x80000606 (0x0c0586a3) mem 0x80019120 0x0
core   0: 0x8000060a (0x01f2c903) lbu     s2, 31(t0)
core   0: 3 0x8000060a (0x01f2c903) x18 0x00000032 mem 0x80010379
core   0: 0x8000060e (0x00e28ca3) sb      a4, 25(t0)
core   0: 3 0x8000060e (0x00e28ca3) mem 0x80010373 0x0
core   0: 0x80000612 (0xfe628fa3) sb      t1, -1(t0)
core   0: 3 0x80000612 (0xfe628fa3) mem 0x80010359 0x31
core   0: 0x80000616 (0xfc12c783) lbu     a5, -63(t0)
core   0: 3 0x80000616 (0xfc12c783) x15 0x000000d0 mem 0x8001031b
core   0: 0x8000061a (0x0372c783) lbu     a5, 55(t0)
core   0: 3 0x8000061a (0x0372c783) x15 0x0000004a mem 0x80010391
core   0: 0x8000061e (0x02058703) lb      a4, 32(a1)
core   0: 3 0x8000061e (0x02058703) x14 0x00000028 mem 0x80019073
core   0: 0x80000622 (0x0222cf83) lbu     t6, 34(t0)
core   0: 3 0x80000622 (0x0222cf83) x31 0x00000037 mem 0x8001037c
core   0: 0x80000626 (0xf1358123) sb      s3, -254(a1)
core   0: 3 0x80000626 (0xf1358123) mem 0x80018f55 0x6f
core   0: 0x8000062a (0xf1658523) sb      s6, -246(a1)
core   0: 3 0x8000062a (0xf1658523) mem 0x80018f5d 0x0
core   0: 0x8000062e (0xfd72c783) lbu     a5, -41(t0)
core   0: 3 0x8000062e (0xfd72c783) x15 0x000000ea mem 0x80010331
core   0: 0x80000632 (0xf435d083) lhu     ra, -189(a1)
core   0: 3 0x80000632 (0xf435d083) x 1 0x00004c4d mem 0x80018f96
core   0: 0x80000636 (0x00b28983) lb      s3, 11(t0)
core   0: 3 0x80000636 (0x00b28983) x19 0x0000001e mem 0x80010365
core   0: 0x8000063a (0xf2f59c03) lh      s8, -209(a1)
core   0: 3 0x8000063a (0xf2f59c03) x24 0x00003839 mem 0x80018f82
core   0: 0x8000063e (0xffc2cf83) lbu     t6, -4(t0)
core   0: 3 0x8000063e (0xffc2cf83) x31 0x0000000d mem 0x80010356
core   0: 0x80000642 (0x00010117) auipc   sp, 0x10
core   0: 3 0x80000642 (0x00010117) x 2 0x80010642
core   0: 0x80000646 (0xe1310113) addi    sp, sp, -493
core   0: 3 0x80000646 (0xe1310113) x 2 0x80010455
core   0: 0x8000064a (0xbc0a2e17) auipc   t3, 0xbc0a2
core   0: 3 0x8000064a (0xbc0a2e17) x28 0x3c0a264a
core   0: 0x8000064e (0x00008e09) c.sub   a2, a0
core   0: 3 0x8000064e (0x8e09) x12 0x80015c90
core   0: 0x80000650 (0x00000826) c.slli  a6, 9
core   0: 3 0x80000650 (0x0826) x16 0x54000000
core   0: 0x80000652 (0x04014b03) lbu     s6, 64(sp)
core   0: 3 0x80000652 (0x04014b03) x22 0x0000004e mem 0x80010495
core   0: 0x80000656 (0xfc214d83) lbu     s11, -62(sp)
core   0: 3 0x80000656 (0xfc214d83) x27 0x000000cc mem 0x80010417
core   0: 0x8000065a (0x01f12333) slt     t1, sp, t6
core   0: 3 0x8000065a (0x01f12333) x 6 0x00000001
core   0: 0x8000065e (0x9a6f6c13) ori     s8, t5, -1626
core   0: 3 0x8000065e (0x9a6f6c13) x24 0xffffffff
core   0: 0x80000662 (0x02410523) sb      tp, 42(sp)
core   0: 3 0x80000662 (0x02410523) mem 0x8001047f 0x0
core   0: 0x80000666 (0xfed14603) lbu     a2, -19(sp)
core   0: 3 0x80000666 (0xfed14603) x12 0x000000f9 mem 0x80010442
core   0: 0x8000066a (0xfce14983) lbu     s3, -50(sp)
core   0: 3 0x8000066a (0xfce14983) x19 0x000000d8 mem 0x80010423
core   0: 0x8000066e (0xffa11ba3) sh      s10, -9(sp)
core   0: 3 0x8000066e (0xffa11ba3) mem 0x8001044c 0x0090
core   0: 0x80000672 (0x035dabb3) mulhsu  s7, s11, s5
core   0: 3 0x80000672 (0x035dabb3) x23 0x00000066
core   0: 0x80000676 (0x0ff0000f) fence   iorw,iorw
core   0: 3 0x80000676 (0x0ff0000f)
core   0: 0x8000067a (0x00009b7d) c.andi  a4, -1
core   0: 3 0x8000067a (0x9b7d) x14 0x00000028
core   0: 0x8000067c (0xfd610423) sb      s6, -56(sp)
core   0: 3 0x8000067c (0xfd610423) mem 0x8001041d 0x4e
core   0: 0x80000680 (0xfca14d83) lbu     s11, -54(sp)
core   0: 3 0x80000680 (0xfca14d83) x27 0x000000d4 mem 0x8001041f
core   0: 0x80000684 (0xffd14a03) lbu     s4, -3(sp)
core   0: 3 0x80000684 (0xffd14a03) x20 0x00000009 mem 0x80010452
core   0: 0x80000688 (0x000006ea) c.slli  a3, 26
core   0: 3 0x80000688 (0x06ea) x13 0xc0000000
core   0: 0x8000068a (0x01da27b3) slt     a5, s4, t4
core   0: 3 0x8000068a (0x01da27b3) x15 0x00000000
core   0: 0x8000068e (0x02510923) sb      t0, 50(sp)
core   0: 3 0x8000068e (0x02510923) mem 0x80010487 0x5a
core   0: 0x80000692 (0x01dd1533) sll     a0, s10, t4
core   0: 3 0x80000692 (0x01dd1533) x10 0x00000240
core   0: 0x80000696 (0x00005a7d) c.li    s4, -1
core   0: 3 0x80000696 (0x5a7d) x20 0xffffffff
core   0: 0x80000698 (0x00557eb3) and     t4, a0, t0
core   0: 3 0x80000698 (0x00557eb3) x29 0x00000240
core   0: 0x8000069c (0x000113a3) sh      zero, 7(sp)
core   0: 3 0x8000069c (0x000113a3) mem 0x8001045c 0x0000
core   0: 0x800006a0 (0x00810183) lb      gp, 8(sp)
core   0: 3 0x800006a0 (0x00810183) x 3 0x00000000 mem 0x8001045d
core   0: 0x800006a4 (0x00008d81) c.sub   a1, s0
core   0: 3 0x800006a4 (0x8d81) x11 0x80019051
core   0: 0x800006a6 (0x02e034b3) mulhu   s1, zero, a4
core   0: 3 0x800006a6 (0x02e034b3) x 9 0x00000000
core   0: 0x800006aa (0xff911b83) lh      s7, -7(sp)
core   0: 3 0x800006aa (0xff911b83) x23 0x00000405 mem 0x8001044e
core   0: 0x800006ae (0x03010e03) lb      t3, 48(sp)
core   0: 3 0x800006ae (0x03010e03) x28 0x0000003e mem 0x80010485
core   0: 0x800006b2 (0x00009b0e) c.add   s6, gp
core   0: 3 0x800006b2 (0x9b0e) x22 0x0000004e
core   0: 0x800006b4 (0x012fc2b3) xor     t0, t6, s2
core   0: 3 0x800006b4 (0x012fc2b3) x 5 0x0000003f
core   0: 0x800006b8 (0xcd478193) addi    gp, a5, -812
core   0: 3 0x800006b8 (0xcd478193) x 3 0xfffffcd4
core   0: 0x800006bc (0x00008c75) c.and   s0, a3
core   0: 3 0x800006bc (0x8c75) x 8 0x00000000
core   0: 0x800006be (0xfc4105a3) sb      tp, -53(sp)
core   0: 3 0x800006be (0xfc4105a3) mem 0x80010420 0x0
core   0: 0x800006c2 (0x01f11ea3) sh      t6, 29(sp)
core   0: 3 0x800006c2 (0x01f11ea3) mem 0x80010472 0x000d
core   0: 0x800006c6 (0xfdc10323) sb      t3, -58(sp)
core   0: 3 0x800006c6 (0xfdc10323) mem 0x8001041b 0x3e
core   0: 0x800006ca (0x020a82b3) mul     t0, s5, zero
core   0: 3 0x800006ca (0x020a82b3) x 5 0x00000000
core   0: 0x800006ce (0x00f107a3) sb      a5, 15(sp)
core   0: 3 0x800006ce (0x00f107a3) mem 0x80010464 0x0
core   0: 0x800006d2 (0x00010b97) auipc   s7, 0x10
core   0: 3 0x800006d2 (0x00010b97) x23 0x800106d2
core   0: 0x800006d6 (0xa1eb8b93) addi    s7, s7, -1506
core   0: 3 0x800006d6 (0xa1eb8b93) x23 0x800100f0
core   0: 0x800006da (0x40ebc503) lbu     a0, 1038(s7)
core   0: 3 0x800006da (0x40ebc503) x10 0x000000b5 mem 0x800104fe
core   0: 0x800006de (0x0001a697) auipc   a3, 0x1a
core   0: 3 0x800006de (0x0001a697) x13 0x8001a6de
core   0: 0x800006e2 (0x4eb68693) addi    a3, a3, 1259
core   0: 3 0x800006e2 (0x4eb68693) x13 0x8001abc9
core   0: 0x800006e6 (0xfc66c083) lbu     ra, -58(a3)
core   0: 3 0x800006e6 (0xfc66c083) x 1 0x00000044 mem 0x8001ab8f
core   0: 0x800006ea (0x0a9b8aa3) sb      s1, 181(s7)
core   0: 3 0x800006ea (0x0a9b8aa3) mem 0x800101a5 0x0
core   0: 0x800006ee (0x478bc283) lbu     t0, 1144(s7)
core   0: 3 0x800006ee (0x478bc283) x 5 0x00000023 mem 0x80010568
core   0: 0x800006f2 (0x6feb84a3) sb      t5, 1769(s7)
core   0: 3 0x800006f2 (0x6feb84a3) mem 0x800107d9 0xfd
core   0: 0x800006f6 (0xfe1691a3) sh      ra, -29(a3)
core   0: 3 0x800006f6 (0xfe1691a3) mem 0x8001abac 0x0044
core   0: 0x800006fa (0x0acb8723) sb      a2, 174(s7)
core   0: 3 0x800006fa (0x0acb8723) mem 0x8001019e 0xf9
core   0: 0x800006fe (0xffe68623) sb      t5, -20(a3)
core   0: 3 0x800006fe (0xffe68623) mem 0x8001abb5 0xfd
core   0: 0x80000702 (0x5a7b8ba3) sb      t2, 1463(s7)
core   0: 3 0x80000702 (0x5a7b8ba3) mem 0x800106a7 0x1
core   0: 0x80000706 (0x582b8f83) lb      t6, 1410(s7)
core   0: 3 0x80000706 (0x582b8f83) x31 0x00000029 mem 0x80010672
core   0: 0x8000070a (0xfca68823) sb      a0, -48(a3)
core   0: 3 0x8000070a (0xfca68823) mem 0x8001ab99 0xb5
core   0: 0x8000070e (0xfed68603) lb      a2, -19(a3)
core   0: 3 0x8000070e (0xfed68603) x12 0x0000006d mem 0x8001abb6
core   0: 0x80000712 (0x02e6c303) lbu     t1, 46(a3)
core   0: 3 0x80000712 (0x02e6c303) x 6 0x000000ac mem 0x8001abf7
core   0: 0x80000716 (0x4deb8d23) sb      t5, 1242(s7)
core   0: 3 0x80000716 (0x4deb8d23) mem 0x800105ca 0xfd
core   0: 0x8000071a (0xfc2686a3) sb      sp, -51(a3)
core   0: 3 0x8000071a (0xfc2686a3) mem 0x8001ab96 0x55
core   0: 0x8000071e (0x02e6c783) lbu     a5, 46(a3)
core   0: 3 0x8000071e (0x02e6c783) x15 0x000000ac mem 0x8001abf7
core   0: 0x80000722 (0x00010197) auipc   gp, 0x10
core   0: 3 0x80000722 (0x00010197) x 3 0x80010722
core   0: 0x80000726 (0x25718193) addi    gp, gp, 599
core   0: 3 0x80000726 (0x25718193) x 3 0x80010979
core   0: 0x8000072a (0x00010917) auipc   s2, 0x10
core   0: 3 0x8000072a (0x00010917) x18 0x8001072a
core   0: 0x8000072e (0x78b90913) addi    s2, s2, 1931
core   0: 3 0x8000072e (0x78b90913) x18 0x80010eb5
core   0: 0x80000732 (0x00010797) auipc   a5, 0x10
core   0: 3 0x80000732 (0x00010797) x15 0x80010732
core   0: 0x80000736 (0xeff78793) addi    a5, a5, -257
core   0: 3 0x80000736 (0xeff78793) x15 0x80010631
core   0: 0x8000073a (0xed319a03) lh      s4, -301(gp)
core   0: 3 0x8000073a (0xed319a03) x20 0x00000607 mem 0x8001084c
core   0: 0x8000073e (0x00790303) lb      t1, 7(s2)
core   0: 3 0x8000073e (0x00790303) x 6 0x00000077 mem 0x80010ebc
core   0: 0x80000742 (0x05578423) sb      s5, 72(a5)
core   0: 3 0x80000742 (0x05578423) mem 0x80010679 0xe4
core   0: 0x80000746 (0xffc90103) lb      sp, -4(s2)
core   0: 3 0x80000746 (0xffc90103) x 2 0x0000006a mem 0x80010eb1
core   0: 0x8000074a (0xca218123) sb      sp, -862(gp)
core   0: 3 0x8000074a (0xca218123) mem 0x8001061b 0x6a
core   0: 0x8000074e (0xfa778e23) sb      t2, -68(a5)
core   0: 3 0x8000074e (0xfa778e23) mem 0x800105ed 0x1
core   0: 0x80000752 (0x0c31ad83) lw      s11, 195(gp)
core   0: 3 0x80000752 (0x0c31ad83) x27 0xf4f5f6f7 mem 0x80010a3c
core   0: 0x80000756 (0xffd79803) lh      a6, -3(a5)
core   0: 3 0x80000756 (0xffd79803) x16 0xffffe4e5 mem 0x8001062e
core   0: 0x8000075a (0x010900a3) sb      a6, 1(s2)
core   0: 3 0x8000075a (0x010900a3) mem 0x80010eb6 0xe5
core   0: 0x8000075e (0xd9a1c503) lbu     a0, -614(gp)
core   0: 3 0x8000075e (0xd9a1c503) x10 0x000000c8 mem 0x80010713
core   0: 0x80000762 (0x0bb7c483) lbu     s1, 187(a5)
core   0: 3 0x80000762 (0x0bb7c483) x 9 0x000000a7 mem 0x800106ec
core   0: 0x80000766 (0xff290f03) lb      t5, -14(s2)
core   0: 3 0x80000766 (0xff290f03) x30 0x0000005c mem 0x80010ea7
core   0: 0x8000076a (0xff078b03) lb      s6, -16(a5)
core   0: 3 0x8000076a (0xff078b03) x22 0xffffffda mem 0x80010621
core   0: 0x8000076e (0x00e904a3) sb      a4, 9(s2)
core   0: 3 0x8000076e (0x00e904a3) mem 0x80010ebe 0x28
core   0: 0x80000772 (0xe0a1cd83) lbu     s11, -502(gp)
core   0: 3 0x80000772 (0xe0a1cd83) x27 0x00000038 mem 0x80010783
core   0: 0x80000776 (0xff094403) lbu     s0, -16(s2)
core   0: 3 0x80000776 (0xff094403) x 8 0x0000005e mem 0x80010ea5
core   0: 0x8000077a (0x04e78aa3) sb      a4, 85(a5)
core   0: 3 0x8000077a (0x04e78aa3) mem 0x80010686 0x28
core   0: 0x8000077e (0x1007c103) lbu     sp, 256(a5)
core   0: 3 0x8000077e (0x1007c103) x 2 0x000000ea mem 0x80010731
core   0: 0x80000782 (0x00894103) lbu     sp, 8(s2)
core   0: 3 0x80000782 (0x00894103) x 2 0x00000076 mem 0x80010ebd
core   0: 0x80000786 (0x14f19ba3) sh      a5, 343(gp)
core   0: 3 0x80000786 (0x14f19ba3) mem 0x80010ad0 0x0631
core   0: 0x8000078a (0xf317c283) lbu     t0, -207(a5)
core   0: 3 0x8000078a (0xf317c283) x 5 0x00000019 mem 0x80010562
core   0: 0x8000078e (0xf0f78483) lb      s1, -241(a5)
core   0: 3 0x8000078e (0xf0f78483) x 9 0xfffffffb mem 0x80010540
core   0: 0x80000792 (0xfe990c23) sb      s1, -8(s2)
core   0: 3 0x80000792 (0xfe990c23) mem 0x80010ead 0xfb
core   0: 0x80000796 (0x00b91e83) lh      t4, 11(s2)
core   0: 3 0x80000796 (0x00b91e83) x29 0x00007a7b mem 0x80010ec0
core   0: 0x8000079a (0xa891c403) lbu     s0, -1399(gp)
core   0: 3 0x8000079a (0xa891c403) x 8 0x000000b9 mem 0x80010402
core   0: 0x8000079e (0x06278c03) lb      s8, 98(a5)
core   0: 3 0x8000079e (0x06278c03) x24 0x00000048 mem 0x80010693
core   0: 0x800007a2 (0xffd94003) lbu     zero, -3(s2)
core   0: 3 0x800007a2 (0xffd94003) mem 0x80010eb2
core   0: 0x800007a6 (0x859188a3) sb      s9, -1967(gp)
core   0: 3 0x800007a6 (0x859188a3) mem 0x800101ca 0x64
core   0: 0x800007aa (0x00500593) li      a1, 5
core   0: 3 0x800007aa (0x00500593) x11 0x00000005
core   0: 0x800007ae (0x00d461b3) or      gp, s0, a3
core   0: 3 0x800007ae (0x00d461b3) x 3 0x8001abf9
core   0: 0x800007b2 (0xc51b3497) auipc   s1, 0xc51b3
core   0: 3 0x800007b2 (0xc51b3497) x 9 0x451b37b2
core   0: 0x800007b6 (0x00000452) c.slli  s0, 20
core   0: 3 0x800007b6 (0x0452) x 8 0x0b900000
core   0: 0x800007b8 (0x000010fd) c.addi  ra, -1
core   0: 3 0x800007b8 (0x10fd) x 1 0x00000043
core   0: 0x800007ba (0x00000001) c.nop
core   0: 3 0x800007ba (0x0001)
core   0: 0x800007bc (0xfec00613) li      a2, -20
core   0: 3 0x800007bc (0xfec00613) x12 0xffffffec
core   0: 0x800007c0 (0x00df1fb3) sll     t6, t5, a3
core   0: 3 0x800007c0 (0x00df1fb3) x31 0x0000b800
core   0: 0x800007c4 (0x00001b94) c.addi4spn a3, sp, 496
core   0: 3 0x800007c4 (0x1b94) x13 0x00000266
core   0: 0x800007c6 (0x0300fc33) remu    s8, ra, a6
core   0: 3 0x800007c6 (0x0300fc33) x24 0x00000043
core   0: 0x800007ca (0xffba8713) addi    a4, s5, -5
core   0: 3 0x800007ca (0xffba8713) x14 0x80029cdf
core   0: 0x800007ce (0x003984b3) add     s1, s3, gp
core   0: 3 0x800007ce (0x003984b3) x 9 0x8001acd1
core   0: 0x800007d2 (0x000015d9) c.addi  a1, -10
core   0: 3 0x800007d2 (0x15d9) x11 0xfffffffb
core   0: 0x800007d4 (0x00008f59) c.or    a4, a4
core   0: 3 0x800007d4 (0x8f59) x14 0x80029cdf
core   0: 0x800007d6 (0x00fa8033) add     zero, s5, a5
core   0: 3 0x800007d6 (0x00fa8033)
core   0: 0x800007da (0xfec5d8e3) bge     a1, a2, pc - 16
core   0: 3 0x800007da (0xfec5d8e3)
core   0: 0x800007ca (0xffba8713) addi    a4, s5, -5
core   0: 3 0x800007ca (0xffba8713) x14 0x80029cdf
core   0: 0x800007ce (0x003984b3) add     s1, s3, gp
core   0: 3 0x800007ce (0x003984b3) x 9 0x8001acd1
core   0: 0x800007d2 (0x000015d9) c.addi  a1, -10
core   0: 3 0x800007d2 (0x15d9) x11 0xfffffff1
core   0: 0x800007d4 (0x00008f59) c.or    a4, a4
core   0: 3 0x800007d4 (0x8f59) x14 0x80029cdf
core   0: 0x800007d6 (0x00fa8033) add     zero, s5, a5
core   0: 3 0x800007d6 (0x00fa8033)
core   0: 0x800007da (0xfec5d8e3) bge     a1, a2, pc - 16
core   0: 3 0x800007da (0xfec5d8e3)
core   0: 0x800007ca (0xffba8713) addi    a4, s5, -5
core   0: 3 0x800007ca (0xffba8713) x14 0x80029cdf
core   0: 0x800007ce (0x003984b3) add     s1, s3, gp
core   0: 3 0x800007ce (0x003984b3) x 9 0x8001acd1
core   0: 0x800007d2 (0x000015d9) c.addi  a1, -10
core   0: 3 0x800007d2 (0x15d9) x11 0xffffffe7
core   0: 0x800007d4 (0x00008f59) c.or    a4, a4
core   0: 3 0x800007d4 (0x8f59) x14 0x80029cdf
core   0: 0x800007d6 (0x00fa8033) add     zero, s5, a5
core   0: 3 0x800007d6 (0x00fa8033)
core   0: 0x800007da (0xfec5d8e3) bge     a1, a2, pc - 16
core   0: 3 0x800007da (0xfec5d8e3)
core   0: 0x800007de (0x00008455) c.srai  s0, 21
core   0: 3 0x800007de (0x8455) x 8 0x0000005c
core   0: 0x800007e0 (0x00010397) auipc   t2, 0x10
core   0: 3 0x800007e0 (0x00010397) x 7 0x800107e0
core   0: 0x800007e4 (0x13338393) addi    t2, t2, 307
core   0: 3 0x800007e4 (0x13338393) x 7 0x80010913
core   0: 0x800007e8 (0x0001b617) auipc   a2, 0x1b
core   0: 3 0x800007e8 (0x0001b617) x12 0x8001b7e8
core   0: 0x800007ec (0xfd560613) addi    a2, a2, -43
core   0: 3 0x800007ec (0xfd560613) x12 0x8001b7bd
core   0: 0x800007f0 (0xfef398a3) sh      a5, -15(t2)
core   0: 3 0x800007f0 (0xfef398a3) mem 0x80010904 0x0631
core   0: 0x800007f4 (0xfe939ca3) sh      s1, -7(t2)
core   0: 3 0x800007f4 (0xfe939ca3) mem 0x8001090c 0xacd1
core   0: 0x800007f8 (0x03760823) sb      s7, 48(a2)
core   0: 3 0x800007f8 (0x03760823) mem 0x8001b7ed 0xf0
core   0: 0x800007fc (0x01638423) sb      s6, 8(t2)
core   0: 3 0x800007fc (0x01638423) mem 0x8001091b 0xda
core   0: 0x80000800 (0xff938f83) lb      t6, -7(t2)
core   0: 3 0x80000800 (0xff938f83) x31 0xffffffd1 mem 0x8001090c
core   0: 0x80000804 (0xfff60703) lb      a4, -1(a2)
core   0: 3 0x80000804 (0xfff60703) x14 0x00000077 mem 0x8001b7bc
core   0: 0x80000808 (0xfe439ca3) sh      tp, -7(t2)
core   0: 3 0x80000808 (0xfe439ca3) mem 0x8001090c 0x0000
core   0: 0x8000080c (0x03b60683) lb      a3, 59(a2)
core   0: 3 0x8000080c (0x03b60683) x13 0xffffffb3 mem 0x8001b7f8
core   0: 0x80000810 (0x004393a3) sh      tp, 7(t2)
core   0: 3 0x80000810 (0x004393a3) mem 0x8001091a 0x0000
core   0: 0x80000814 (0xff060883) lb      a7, -16(a2)
core   0: 3 0x80000814 (0xff060883) x17 0x00000066 mem 0x8001b7ad
core   0: 0x80000818 (0x00c64c03) lbu     s8, 12(a2)
core   0: 3 0x80000818 (0x00c64c03) x24 0x00000082 mem 0x8001b7c9
core   0: 0x8000081c (0x00015117) auipc   sp, 0x15
core   0: 3 0x8000081c (0x00015117) x 2 0x8001581c
core   0: 0x80000820 (0xc8a10113) addi    sp, sp, -886
core   0: 3 0x80000820 (0xc8a10113) x 2 0x800154a6
core   0: 0x80000824 (0x0e2102a3) sb      sp, 229(sp)
core   0: 3 0x80000824 (0x0e2102a3) mem 0x8001558b 0xa6
core   0: 0x80000828 (0x0ef102a3) sb      a5, 229(sp)
core   0: 3 0x80000828 (0x0ef102a3) mem 0x8001558b 0x31
core   0: 0x8000082c (0xf5010923) sb      a6, -174(sp)
core   0: 3 0x8000082c (0xf5010923) mem 0x800153f8 0xe5
core   0: 0x80000830 (0xf5215483) lhu     s1, -174(sp)
core   0: 3 0x80000830 (0xf5215483) x 9 0x0000b2e5 mem 0x800153f8
core   0: 0x80000834 (0xf5211683) lh      a3, -174(sp)
core   0: 3 0x80000834 (0xf5211683) x13 0xffffb2e5 mem 0x800153f8
core   0: 0x80000838 (0xf5411923) sh      s4, -174(sp)
core   0: 3 0x80000838 (0xf5411923) mem 0x800153f8 0x0607
core   0: 0x8000083c (0x07c11e83) lh      t4, 124(sp)
core   0: 3 0x8000083c (0x07c11e83) x29 0xffffd8d9 mem 0x80015522
core   0: 0x80000840 (0x0f1103a3) sb      a7, 231(sp)
core   0: 3 0x80000840 (0x0f1103a3) mem 0x8001558d 0x66
core   0: 0x80000844 (0x0e9103a3) sb      s1, 231(sp)
core   0: 3 0x80000844 (0x0e9103a3) mem 0x8001558d 0xe5
core   0: 0x80000848 (0x0f615583) lhu     a1, 246(sp)
core   0: 3 0x80000848 (0x0f615583) x11 0x00005657 mem 0x8001559c
core   0: 0x8000084c (0x0b014b03) lbu     s6, 176(sp)
core   0: 3 0x8000084c (0x0b014b03) x22 0x0000000d mem 0x80015556
core   0: 0x80000850 (0x0b010003) lb      zero, 176(sp)
core   0: 3 0x80000850 (0x0b010003) mem 0x80015556
core   0: 0x80000854 (0x760bc537) lui     a0, 0x760bc
core   0: 3 0x80000854 (0x760bc537) x10 0x760bc000
core   0: 0x80000858 (0x0b014783) lbu     a5, 176(sp)
core   0: 3 0x80000858 (0x0b014783) x15 0x0000000d mem 0x80015556
core   0: 0x8000085c (0x09410983) lb      s3, 148(sp)
core   0: 3 0x8000085c (0x09410983) x19 0xfffffff1 mem 0x8001553a
core   0: 0x80000860 (0x09414483) lbu     s1, 148(sp)
core   0: 3 0x80000860 (0x09414483) x 9 0x000000f1 mem 0x8001553a
core   0: 0x80000864 (0x0220076f) jal     a4, pc + 0x22
core   0: 3 0x80000864 (0x0220076f) x14 0x80000868
core   0: 0x80000886 (0xffdff66f) jal     a2, pc - 0x4
core   0: 3 0x80000886 (0xffdff66f) x12 0x8000088a
core   0: 0x80000882 (0x0000bfdd) c.j     pc - 10
core   0: 3 0x80000882 (0xbfdd)
core   0: 0x80000878 (0x0000bffd) c.j     pc - 2
core   0: 3 0x80000878 (0xbffd)
core   0: 0x80000876 (0x0000bfcd) c.j     pc - 14
core   0: 3 0x80000876 (0xbfcd)
core   0: 0x80000868 (0x0000a819) c.j     pc + 22
core   0: 3 0x80000868 (0xa819)
core   0: 0x8000087e (0x0000a009) c.j     pc + 2
core   0: 3 0x8000087e (0xa009)
core   0: 0x80000880 (0x00003fcd) c.jal   pc - 14
core   0: 3 0x80000880 (0x3fcd) x 1 0x80000882
core   0: 0x80000872 (0x0000a009) c.j     pc + 2
core   0: 3 0x80000872 (0xa009)
core   0: 0x80000874 (0x00002019) c.jal   pc + 6
core   0: 3 0x80000874 (0x2019) x 1 0x80000876
core   0: 0x8000087a (0xff5ff0ef) jal     pc - 0xc
core   0: 3 0x8000087a (0xff5ff0ef) x 1 0x8000087e
core   0: 0x8000086e (0xffdff2ef) jal     t0, pc - 0x4
core   0: 3 0x8000086e (0xffdff2ef) x 5 0x80000872
core   0: 0x8000086a (0x01a00d6f) jal     s10, pc + 0x1a
core   0: 3 0x8000086a (0x01a00d6f) x26 0x8000086e
core   0: 0x80000884 (0x0000a019) c.j     pc + 6
core   0: 3 0x80000884 (0xa019)
core   0: 0x8000088a (0x01cd28b3) slt     a7, s10, t3
core   0: 3 0x8000088a (0x01cd28b3) x17 0x00000001
core   0: 0x8000088e (0x00010117) auipc   sp, 0x10
core   0: 3 0x8000088e (0x00010117) x 2 0x8001088e
core   0: 0x80000892 (0x3d210113) addi    sp, sp, 978
core   0: 3 0x80000892 (0x3d210113) x 2 0x80010c60
core   0: 0x80000896 (0x00008d89) c.sub   a1, a0
core   0: 3 0x80000896 (0x8d89) x11 0x89f49657
core   0: 0x80000898 (0x00000001) c.nop
core   0: 3 0x80000898 (0x0001)
core   0: 0x8000089a (0x02a43533) mulhu   a0, s0, a0
core   0: 3 0x8000089a (0x02a43533) x10 0x0000002a
core   0: 0x8000089e (0x00008c2d) c.xor   s0, a1
core   0: 3 0x8000089e (0x8c2d) x 8 0x89f4960b
core   0: 0x800008a0 (0x0000100f) fence.i
core   0: 3 0x800008a0 (0x0000100f)
core   0: 0x800008a4 (0x00000416) c.slli  s0, 5
core   0: 3 0x800008a4 (0x0416) x 8 0x3e92c160
core   0: 0x800008a6 (0x38b10e23) sb      a1, 924(sp)
core   0: 3 0x800008a6 (0x38b10e23) mem 0x80010ffc 0x57
core   0: 0x800008aa (0x98a106a3) sb      a0, -1651(sp)
core   0: 3 0x800008aa (0x98a106a3) mem 0x800105ed 0x2a
core   0: 0x800008ae (0x0000040d) c.addi  s0, 3
core   0: 3 0x800008ae (0x040d) x 8 0x3e92c163
core   0: 0x800008b0 (0x00006569) c.lui   a0, 0x1a
core   0: 3 0x800008b0 (0x6569) x10 0x0001a000
core   0: 0x800008b2 (0xe2d14283) lbu     t0, -467(sp)
core   0: 3 0x800008b2 (0xe2d14283) x 5 0x00000046 mem 0x80010a8d
core   0: 0x800008b6 (0xd4414283) lbu     t0, -700(sp)
core   0: 3 0x800008b6 (0xd4414283) x 5 0x0000005f mem 0x800109a4
core   0: 0x800008ba (0x3b215403) lhu     s0, 946(sp)
core   0: 3 0x800008ba (0x3b215403) x 8 0x0000c8c9 mem 0x80011012
core   0: 0x800008be (0x225107a3) sb      t0, 559(sp)
core   0: 3 0x800008be (0x225107a3) mem 0x80010e8f 0x5f
core   0: 0x800008c2 (0x0ff0000f) fence   iorw,iorw
core   0: 3 0x800008c2 (0x0ff0000f)
core   0: 0x800008c6 (0xdca10fa3) sb      a0, -545(sp)
core   0: 3 0x800008c6 (0xdca10fa3) mem 0x80010a3f 0x0
core   0: 0x800008ca (0x00000001) c.nop
core   0: 3 0x800008ca (0x0001)
core   0: 0x800008cc (0x026b82b3) mul     t0, s7, t1
core   0: 3 0x800008cc (0x026b82b3) x 5 0x80776f90
core   0: 0x800008d0 (0x0000852e) c.mv    a0, a1
core   0: 3 0x800008d0 (0x852e) x10 0x89f49657
core   0: 0x800008d2 (0x037335b3) mulhu   a1, t1, s7
core   0: 3 0x800008d2 (0x037335b3) x11 0x0000003b
core   0: 0x800008d6 (0x000095de) c.add   a1, s7
core   0: 3 0x800008d6 (0x95de) x11 0x8001012b
core   0: 0x800008d8 (0x0000037e) c.slli  t1, 31
core   0: 3 0x800008d8 (0x037e) x 6 0x80000000
core   0: 0x800008da (0x028505b3) mul     a1, a0, s0
core   0: 3 0x800008da (0x028505b3) x11 0x667e024f
core   0: 0x800008de (0xa0811c23) sh      s0, -1512(sp)
core   0: 3 0x800008de (0xa0811c23) mem 0x80010678 0xc8c9
core   0: 0x800008e2 (0xca010583) lb      a1, -864(sp)
core   0: 3 0x800008e2 (0xca010583) x11 0xffffffbb mem 0x80010900
core   0: 0x800008e6 (0x00a53333) sltu    t1, a0, a0
core   0: 3 0x800008e6 (0x00a53333) x 6 0x00000000
core   0: 0x800008ea (0x017ba2b3) slt     t0, s7, s7
core   0: 3 0x800008ea (0x017ba2b3) x 5 0x00000000
core   0: 0x800008ee (0x0000045a) c.slli  s0, 22
core   0: 3 0x800008ee (0x045a) x 8 0x32400000
core   0: 0x800008f0 (0x37e10503) lb      a0, 894(sp)
core   0: 3 0x800008f0 (0x37e10503) x10 0xffffff95 mem 0x80010fde
core   0: 0x800008f4 (0x00010117) auipc   sp, 0x10
core   0: 3 0x800008f4 (0x00010117) x 2 0x800108f4
core   0: 0x800008f8 (0xd1d10113) addi    sp, sp, -739
core   0: 3 0x800008f8 (0xd1d10113) x 2 0x80010611
core   0: 0x800008fc (0xff314083) lbu     ra, -13(sp)
core   0: 3 0x800008fc (0xff314083) x 1 0x000000bf mem 0x80010604
core   0: 0x80000900 (0xff311983) lh      s3, -13(sp)
core   0: 3 0x80000900 (0xff311983) x19 0xffffbebf mem 0x80010604
core   0: 0x80000904 (0x00000001) c.nop
core   0: 3 0x80000904 (0x0001)
core   0: 0x80000906 (0x03792b33) mulhsu  s6, s2, s7
core   0: 3 0x80000906 (0x03792b33) x22 0xc00006e3
core   0: 0x8000090a (0xe88c7f93) andi    t6, s8, -376
core   0: 3 0x8000090a (0xe88c7f93) x31 0x00000080
core   0: 0x8000090e (0xff2129a3) sw      s2, -13(sp)
core   0: 3 0x8000090e (0xff2129a3) mem 0x80010604 0x80010eb5
core   0: 0x80000912 (0xff312083) lw      ra, -13(sp)
core   0: 3 0x80000912 (0xff312083) x 1 0x80010eb5 mem 0x80010604
core   0: 0x80000916 (0xff314f83) lbu     t6, -13(sp)
core   0: 3 0x80000916 (0xff314f83) x31 0x000000b5 mem 0x80010604
core   0: 0x8000091a (0x00810c03) lb      s8, 8(sp)
core   0: 3 0x8000091a (0x00810c03) x24 0xffffffd2 mem 0x80010619
core   0: 0x8000091e (0x01710423) sb      s7, 8(sp)
core   0: 3 0x8000091e (0x01710423) mem 0x80010619 0xf0
core   0: 0x80000922 (0x00814303) lbu     t1, 8(sp)
core   0: 3 0x80000922 (0x00814303) x 6 0x000000f0 mem 0x80010619
core   0: 0x80000926 (0x00810883) lb      a7, 8(sp)
core   0: 3 0x80000926 (0x00810883) x17 0xfffffff0 mem 0x80010619
core   0: 0x8000092a (0x00814c03) lbu     s8, 8(sp)
core   0: 3 0x8000092a (0x00814c03) x24 0x000000f0 mem 0x80010619
core   0: 0x8000092e (0xd71df693) andi    a3, s11, -655
core   0: 3 0x8000092e (0xd71df693) x13 0x00000030
core   0: 0x80000932 (0x00b10423) sb      a1, 8(sp)
core   0: 3 0x80000932 (0x00b10423) mem 0x80010619 0xbb
core   0: 0x80000936 (0x00010997) auipc   s3, 0x10
core   0: 3 0x80000936 (0x00010997) x19 0x80010936
core   0: 0x8000093a (0xd5f98993) addi    s3, s3, -673
core   0: 3 0x8000093a (0xd5f98993) x19 0x80010695
core   0: 0x8000093e (0x00010397) auipc   t2, 0x10
core   0: 3 0x8000093e (0x00010397) x 7 0x8001093e
core   0: 0x80000942 (0xe2438393) addi    t2, t2, -476
core   0: 3 0x80000942 (0xe2438393) x 7 0x80010762
core   0: 0x80000946 (0x0e09c783) lbu     a5, 224(s3)
core   0: 3 0x80000946 (0x0e09c783) x15 0x0000002e mem 0x80010775
core   0: 0x8000094a (0xfec3d303) lhu     t1, -20(t2)
core   0: 3 0x8000094a (0xfec3d303) x 6 0x00000405 mem 0x8001074e
core   0: 0x8000094e (0x00010297) auipc   t0, 0x10
core   0: 3 0x8000094e (0x00010297) x 5 0x8001094e
core   0: 0x80000952 (0x9df28293) addi    t0, t0, -1569
core   0: 3 0x80000952 (0x9df28293) x 5 0x8001032d
core   0: 0x80000956 (0xf403d003) lhu     zero, -192(t2)
core   0: 3 0x80000956 (0xf403d003) mem 0x800106a2
core   0: 0x8000095a (0x00010817) auipc   a6, 0x10
core   0: 3 0x8000095a (0x00010817) x16 0x8001095a
core   0: 0x8000095e (0x9f180813) addi    a6, a6, -1551
core   0: 3 0x8000095e (0x9f180813) x16 0x8001034b
core   0: 0x80000962 (0xd059d903) lhu     s2, -763(s3)
core   0: 3 0x80000962 (0xd059d903) x18 0x00005051 mem 0x8001039a
core   0: 0x80000966 (0x07928323) sb      s9, 102(t0)
core   0: 3 0x80000966 (0x07928323) mem 0x80010393 0x64
core   0: 0x8000096a (0x3df99083) lh      ra, 991(s3)
core   0: 3 0x8000096a (0x3df99083) x 1 0x00002e2f mem 0x80010a74
core   0: 0x8000096e (0xf0d38503) lb      a0, -243(t2)
core   0: 3 0x8000096e (0xf0d38503) x10 0x00000024 mem 0x8001066f
core   0: 0x80000972 (0xb939de83) lhu     t4, -1133(s3)
core   0: 3 0x80000972 (0xb939de83) x29 0x0000e2e3 mem 0x80010228
core   0: 0x80000976 (0x47985083) lhu     ra, 1145(a6)
core   0: 3 0x80000976 (0x47985083) x 1 0x00007e7f mem 0x800107c4
core   0: 0x8000097a (0xfe8299a3) sh      s0, -13(t0)
core   0: 3 0x8000097a (0xfe8299a3) mem 0x80010320 0x0000
core   0: 0x8000097e (0x30598e23) sb      t0, 796(s3)
core   0: 3 0x8000097e (0x30598e23) mem 0x800109b1 0x2d
core   0: 0x80000982 (0xe0680f03) lb      t5, -506(a6)
core   0: 3 0x80000982 (0xe0680f03) x30 0x0000000a mem 0x80010151
core   0: 0x80000986 (0xfaa38fa3) sb      a0, -65(t2)
core   0: 3 0x80000986 (0xfaa38fa3) mem 0x80010721 0x24
core   0: 0x8000098a (0x40381ba3) sh      gp, 1047(a6)
core   0: 3 0x8000098a (0x40381ba3) mem 0x80010762 0xabf9
core   0: 0x8000098e (0xf9928ca3) sb      s9, -103(t0)
core   0: 3 0x8000098e (0xf9928ca3) mem 0x800102c6 0x64
core   0: 0x80000992 (0xf5b98e03) lb      t3, -165(s3)
core   0: 3 0x80000992 (0xf5b98e03) x28 0xffffffab mem 0x800105f0
core   0: 0x80000996 (0x28d9ca03) lbu     s4, 653(s3)
core   0: 3 0x80000996 (0x28d9ca03) x20 0x000000d9 mem 0x80010922
core   0: 0x8000099a (0x7a481da3) sh      tp, 1979(a6)
core   0: 3 0x8000099a (0x7a481da3) mem 0x80010b06 0x0000
core   0: 0x8000099e (0x0573c083) lbu     ra, 87(t2)
core   0: 3 0x8000099e (0x0573c083) x 1 0x00000072 mem 0x800107b9
core   0: 0x800009a2 (0xe78809a3) sb      s8, -397(a6)
core   0: 3 0x800009a2 (0xe78809a3) mem 0x800101be 0xf0
core   0: 0x800009a6 (0xf793ce83) lbu     t4, -135(t2)
core   0: 3 0x800009a6 (0xf793ce83) x29 0x00000090 mem 0x800106db
core   0: 0x800009aa (0x05738ea3) sb      s7, 93(t2)
core   0: 3 0x800009aa (0x05738ea3) mem 0x800107bf 0xf0
core   0: 0x800009ae (0x08a2c183) lbu     gp, 138(t0)
core   0: 3 0x800009ae (0x08a2c183) x 3 0x0000006c mem 0x800103b7
core   0: 0x800009b2 (0x0fd38e03) lb      t3, 253(t2)
core   0: 3 0x800009b2 (0x0fd38e03) x28 0x00000014 mem 0x8001085f
core   0: 0x800009b6 (0xdb3807a3) sb      s3, -593(a6)
core   0: 3 0x800009b6 (0xdb3807a3) mem 0x800100fa 0x95
core   0: 0x800009ba (0xe56982a3) sb      s6, -443(s3)
core   0: 3 0x800009ba (0xe56982a3) mem 0x800104da 0xe3
core   0: 0x800009be (0xf1639e03) lh      t3, -234(t2)
core   0: 3 0x800009be (0xf1639e03) x28 0xffffc8c9 mem 0x80010678
core   0: 0x800009c2 (0xf193c083) lbu     ra, -231(t2)
core   0: 3 0x800009c2 (0xf193c083) x 1 0x00000030 mem 0x8001067b
core   0: 0x800009c6 (0xf5428303) lb      t1, -172(t0)
core   0: 3 0x800009c6 (0xf5428303) x 6 0x0000003a mem 0x80010281
core   0: 0x800009ca (0xff900493) li      s1, -7
core   0: 3 0x800009ca (0xff900493) x 9 0xfffffff9
core   0: 0x800009ce (0xec10e2b7) lui     t0, 0xec10e
core   0: 3 0x800009ce (0xec10e2b7) x 5 0xec10e000
core   0: 0x800009d2 (0x029e1db3) mulh    s11, t3, s1
core   0: 3 0x800009d2 (0x029e1db3) x27 0x00000000
core   0: 0x800009d6 (0x000058fd) c.li    a7, -1
core   0: 3 0x800009d6 (0x58fd) x17 0xffffffff
core   0: 0x800009d8 (0x00000001) c.nop
core   0: 3 0x800009d8 (0x0001)
core   0: 0x800009da (0x01f8dd13) srli    s10, a7, 31
core   0: 3 0x800009da (0x01f8dd13) x26 0x00000001
core   0: 0x800009de (0x02847133) remu    sp, s0, s0
core   0: 3 0x800009de (0x02847133) x 2 0x00000000
core   0: 0x800009e2 (0x5b398693) addi    a3, s3, 1459
core   0: 3 0x800009e2 (0x5b398693) x13 0x80010c48
core   0: 0x800009e6 (0xc740ba13) sltiu   s4, ra, -908
core   0: 3 0x800009e6 (0xc740ba13) x20 0x00000001
core   0: 0x800009ea (0x0000049d) c.addi  s1, 7
core   0: 3 0x800009ea (0x049d) x 9 0x00000000
core   0: 0x800009ec (0xffa00793) li      a5, -6
core   0: 3 0x800009ec (0xffa00793) x15 0xfffffffa
core   0: 0x800009f0 (0x00009afd) c.andi  a3, -1
core   0: 3 0x800009f0 (0x9afd) x13 0x80010c48
core   0: 0x800009f2 (0x00c00b13) li      s6, 12
core   0: 3 0x800009f2 (0x00c00b13) x22 0x0000000c
core   0: 0x800009f6 (0x0041d6b3) srl     a3, gp, tp
core   0: 3 0x800009f6 (0x0041d6b3) x13 0x0000006c
core   0: 0x800009fa (0x00000001) c.nop
core   0: 3 0x800009fa (0x0001)
core   0: 0x800009fc (0x00e95397) auipc   t2, 0xe95
core   0: 3 0x800009fc (0x00e95397) x 7 0x80e959fc
core   0: 0x80000a00 (0xdbbb3413) sltiu   s0, s6, -581
core   0: 3 0x80000a00 (0xdbbb3413) x 8 0x00000001
core   0: 0x80000a04 (0x401852b3) sra     t0, a6, ra
core   0: 3 0x80000a04 (0x401852b3) x 5 0xffff8001
core   0: 0x80000a08 (0x00000001) c.nop
core   0: 3 0x80000a08 (0x0001)
core   0: 0x80000a0a (0x000007a1) c.addi  a5, 8
core   0: 3 0x80000a0a (0x07a1) x15 0x00000002
core   0: 0x80000a0c (0xff67c7e3) blt     a5, s6, pc - 18
core   0: 3 0x80000a0c (0xff67c7e3)
core   0: 0x800009fa (0x00000001) c.nop
core   0: 3 0x800009fa (0x0001)
core   0: 0x800009fc (0x00e95397) auipc   t2, 0xe95
core   0: 3 0x800009fc (0x00e95397) x 7 0x80e959fc
core   0: 0x80000a00 (0xdbbb3413) sltiu   s0, s6, -581
core   0: 3 0x80000a00 (0xdbbb3413) x 8 0x00000001
core   0: 0x80000a04 (0x401852b3) sra     t0, a6, ra
core   0: 3 0x80000a04 (0x401852b3) x 5 0xffff8001
core   0: 0x80000a08 (0x00000001) c.nop
core   0: 3 0x80000a08 (0x0001)
core   0: 0x80000a0a (0x000007a1) c.addi  a5, 8
core   0: 3 0x80000a0a (0x07a1) x15 0x0000000a
core   0: 0x80000a0c (0xff67c7e3) blt     a5, s6, pc - 18
core   0: 3 0x80000a0c (0xff67c7e3)
core   0: 0x800009fa (0x00000001) c.nop
core   0: 3 0x800009fa (0x0001)
core   0: 0x800009fc (0x00e95397) auipc   t2, 0xe95
core   0: 3 0x800009fc (0x00e95397) x 7 0x80e959fc
core   0: 0x80000a00 (0xdbbb3413) sltiu   s0, s6, -581
core   0: 3 0x80000a00 (0xdbbb3413) x 8 0x00000001
core   0: 0x80000a04 (0x401852b3) sra     t0, a6, ra
core   0: 3 0x80000a04 (0x401852b3) x 5 0xffff8001
core   0: 0x80000a08 (0x00000001) c.nop
core   0: 3 0x80000a08 (0x0001)
core   0: 0x80000a0a (0x000007a1) c.addi  a5, 8
core   0: 3 0x80000a0a (0x07a1) x15 0x00000012
core   0: 0x80000a0c (0xff67c7e3) blt     a5, s6, pc - 18
core   0: 3 0x80000a0c (0xff67c7e3)
core   0: 0x80000a10 (0xab283893) sltiu   a7, a6, -1358
core   0: 3 0x80000a10 (0xab283893) x17 0x00000001
core   0: 0x80000a14 (0x0000987d) c.andi  s0, -1
core   0: 3 0x80000a14 (0x987d) x 8 0x00000001
core   0: 0x80000a16 (0x01d21533) sll     a0, tp, t4
core   0: 3 0x80000a16 (0x01d21533) x10 0x00000000
core   0: 0x80000a1a (0x025bd5b3) divu    a1, s7, t0
core   0: 3 0x80000a1a (0x025bd5b3) x11 0x00000000
core   0: 0x80000a1e (0x420f72b7) lui     t0, 0x420f7
core   0: 3 0x80000a1e (0x420f72b7) x 5 0x420f7000
core   0: 0x80000a22 (0x0000fcd5) c.bnez  s1, pc - 68
core   0: 3 0x80000a22 (0xfcd5)
core   0: 0x80000a24 (0x02c4dbb3) divu    s7, s1, a2
core   0: 3 0x80000a24 (0x02c4dbb3) x23 0x00000000
core   0: 0x80000a28 (0x00012317) auipc   t1, 0x12
core   0: 3 0x80000a28 (0x00012317) x 6 0x80012a28
core   0: 0x80000a2c (0xcbf30313) addi    t1, t1, -833
core   0: 3 0x80000a2c (0xcbf30313) x 6 0x800126e7
core   0: 0x80000a30 (0x00018d17) auipc   s10, 0x18
core   0: 3 0x80000a30 (0x00018d17) x26 0x80018a30
core   0: 0x80000a34 (0x644d0d13) addi    s10, s10, 1604
core   0: 3 0x80000a34 (0x644d0d13) x26 0x80019074
core   0: 0x80000a38 (0xbf7d0f03) lb      t5, -1033(s10)
core   0: 3 0x80000a38 (0xbf7d0f03) x30 0x00000020 mem 0x80018c6b
core   0: 0x80000a3c (0x00010817) auipc   a6, 0x10
core   0: 3 0x80000a3c (0x00010817) x16 0x80010a3c
core   0: 0x80000a40 (0x6c380813) addi    a6, a6, 1731
core   0: 3 0x80000a40 (0x6c380813) x16 0x800110ff
core   0: 0x80000a44 (0x00013c17) auipc   s8, 0x13
core   0: 3 0x80000a44 (0x00013c17) x24 0x80013a44
core   0: 0x80000a48 (0xb2cc0c13) addi    s8, s8, -1236
core   0: 3 0x80000a48 (0xb2cc0c13) x24 0x80013570
core   0: 0x80000a4c (0xff135b83) lhu     s7, -15(t1)
core   0: 3 0x80000a4c (0xff135b83) x23 0x00009293 mem 0x800126d8
core   0: 0x80000a50 (0x6d9d4003) lbu     zero, 1753(s10)
core   0: 3 0x80000a50 (0x6d9d4003) mem 0x8001974d
core   0: 0x80000a54 (0xff180983) lb      s3, -15(a6)
core   0: 3 0x80000a54 (0xff180983) x19 0xffffffab mem 0x800110f0
core   0: 0x80000a58 (0xf3e312a3) sh      t5, -219(t1)
core   0: 3 0x80000a58 (0xf3e312a3) mem 0x8001260c 0x0020
core   0: 0x80000a5c (0x01b84903) lbu     s2, 27(a6)
core   0: 3 0x80000a5c (0x01b84903) x18 0x000000d1 mem 0x8001111a
core   0: 0x80000a60 (0x05330383) lb      t2, 83(t1)
core   0: 3 0x80000a60 (0x05330383) x 7 0xfffffff1 mem 0x8001273a
core   0: 0x80000a64 (0x00fc0f03) lb      t5, 15(s8)
core   0: 3 0x80000a64 (0x00fc0f03) x30 0x00000034 mem 0x8001357f
core   0: 0x80000a68 (0xf1930f03) lb      t5, -231(t1)
core   0: 3 0x80000a68 (0xf1930f03) x30 0xffffffbb mem 0x80012600
core   0: 0x80000a6c (0x1f8d2b03) lw      s6, 504(s10)
core   0: 3 0x80000a6c (0x1f8d2b03) x22 0x24252627 mem 0x8001926c
core   0: 0x80000a70 (0xfdc80523) sb      t3, -54(a6)
core   0: 3 0x80000a70 (0xfdc80523) mem 0x800110c9 0xc9
core   0: 0x80000a74 (0xffc30d83) lb      s11, -4(t1)
core   0: 3 0x80000a74 (0xffc30d83) x27 0xffffff98 mem 0x800126e3
core   0: 0x80000a78 (0x00ac07a3) sb      a0, 15(s8)
core   0: 3 0x80000a78 (0x00ac07a3) mem 0x8001357f 0x0
core   0: 0x80000a7c (0x2a6d5b83) lhu     s7, 678(s10)
core   0: 3 0x80000a7c (0x2a6d5b83) x23 0x0000d0d1 mem 0x8001931a
core   0: 0x80000a80 (0x06ed1503) lh      a0, 110(s10)
core   0: 3 0x80000a80 (0x06ed1503) x10 0xffff9899 mem 0x800190e2
core   0: 0x80000a84 (0x0ded1883) lh      a7, 222(s10)
core   0: 3 0x80000a84 (0x0ded1883) x17 0x00000809 mem 0x80019152
core   0: 0x80000a88 (0xfd280f03) lb      t5, -46(a6)
core   0: 3 0x80000a88 (0xfd280f03) x30 0xffffff8a mem 0x800110d1
core   0: 0x80000a8c (0xfd381903) lh      s2, -45(a6)
core   0: 3 0x80000a8c (0xfd381903) x18 0xffff8889 mem 0x800110d2
core   0: 0x80000a90 (0x0b230603) lb      a2, 178(t1)
core   0: 3 0x80000a90 (0x0b230603) x12 0x00000052 mem 0x80012799
core   0: 0x80000a94 (0x685d0d23) sb      t0, 1690(s10)
core   0: 3 0x80000a94 (0x685d0d23) mem 0x8001970e 0x0
core   0: 0x80000a98 (0xfe9c08a3) sb      s1, -15(s8)
core   0: 3 0x80000a98 (0xfe9c08a3) mem 0x80013561 0x0
core   0: 0x80000a9c (0xffec1503) lh      a0, -2(s8)
core   0: 3 0x80000a9c (0xffec1503) x10 0x00002425 mem 0x8001356e
core   0: 0x80000aa0 (0x106d03a3) sb      t1, 263(s10)
core   0: 3 0x80000aa0 (0x106d03a3) mem 0x8001917b 0xe7
core   0: 0x80000aa4 (0x01880283) lb      t0, 24(a6)
core   0: 3 0x80000aa4 (0x01880283) x 5 0xffffffcc mem 0x80011117
core   0: 0x80000aa8 (0x33dd0f23) sb      t4, 830(s10)
core   0: 3 0x80000aa8 (0x33dd0f23) mem 0x800193b2 0x90
core   0: 0x80000aac (0x03f81883) lh      a7, 63(a6)
core   0: 3 0x80000aac (0x03f81883) x17 0xfffff4f5 mem 0x8001113e
core   0: 0x80000ab0 (0x006c4e03) lbu     t3, 6(s8)
core   0: 3 0x80000ab0 (0x006c4e03) x28 0x0000002d mem 0x80013576
core   0: 0x80000ab4 (0xffb80c23) sb      s11, -8(a6)
core   0: 3 0x80000ab4 (0xffb80c23) mem 0x800110f7 0x98
core   0: 0x80000ab8 (0x52fd0ba3) sb      a5, 1335(s10)
core   0: 3 0x80000ab8 (0x52fd0ba3) mem 0x800195ab 0x12
core   0: 0x80000abc (0x0bc30123) sb      t3, 162(t1)
core   0: 3 0x80000abc (0x0bc30123) mem 0x80012789 0x2d
core   0: 0x80000ac0 (0x00d80483) lb      s1, 13(a6)
core   0: 3 0x80000ac0 (0x00d80483) x 9 0xffffffc7 mem 0x8001110c
core   0: 0x80000ac4 (0xfffc0783) lb      a5, -1(s8)
core   0: 3 0x80000ac4 (0xfffc0783) x15 0x00000024 mem 0x8001356f
core   0: 0x80000ac8 (0x00010917) auipc   s2, 0x10
core   0: 3 0x80000ac8 (0x00010917) x18 0x80010ac8
core   0: 0x80000acc (0x2da90913) addi    s2, s2, 730
core   0: 3 0x80000acc (0x2da90913) x18 0x80010da2
core   0: 0x80000ad0 (0x036368b3) rem     a7, t1, s6
core   0: 3 0x80000ad0 (0x036368b3) x17 0xec70995c
core   0: 0x80000ad4 (0x00008199) c.srli  a1, 6
core   0: 3 0x80000ad4 (0x8199) x11 0x00000000
core   0: 0x80000ad6 (0x00008f01) c.sub   a4, s0
core   0: 3 0x80000ad6 (0x8f01) x14 0x80000867
core   0: 0x80000ad8 (0xfd694983) lbu     s3, -42(s2)
core   0: 3 0x80000ad8 (0xfd694983) x19 0x00000033 mem 0x80010d78
core   0: 0x80000adc (0x0000100f) fence.i
core   0: 3 0x80000adc (0x0000100f)
core   0: 0x80000ae0 (0x0c895403) lhu     s0, 200(s2)
core   0: 3 0x80000ae0 (0x0c895403) x 8 0x00002021 mem 0x80010e6a
core   0: 0x80000ae4 (0x00000001) c.nop
core   0: 3 0x80000ae4 (0x0001)
core   0: 0x80000ae6 (0x00391433) sll     s0, s2, gp
core   0: 3 0x80000ae6 (0x00391433) x 8 0x10da2000
core   0: 0x80000aea (0xd7468e13) addi    t3, a3, -652
core   0: 3 0x80000aea (0xd7468e13) x28 0xfffffde0
core   0: 0x80000aee (0x000102b3) add     t0, sp, zero
core   0: 3 0x80000aee (0x000102b3) x 5 0x00000000
core   0: 0x80000af2 (0xf7e92683) lw      a3, -130(s2)
core   0: 3 0x80000af2 (0xf7e92683) x13 0xd8d9dadb mem 0x80010d20
core   0: 0x80000af6 (0x06090403) lb      s0, 96(s2)
core   0: 3 0x80000af6 (0x06090403) x 8 0xffffffb9 mem 0x80010e02
core   0: 0x80000afa (0xf8692e83) lw      t4, -122(s2)
core   0: 3 0x80000afa (0xf8692e83) x29 0xe0e1e2e3 mem 0x80010d28
core   0: 0x80000afe (0x000085c5) c.srai  a1, 17
core   0: 3 0x80000afe (0x85c5) x11 0x00000000
core   0: 0x80000b00 (0xfcd94d83) lbu     s11, -51(s2)
core   0: 3 0x80000b00 (0xfcd94d83) x27 0x00000024 mem 0x80010d6f
core   0: 0x80000b04 (0x7294a793) slti    a5, s1, 1833
core   0: 3 0x80000b04 (0x7294a793) x15 0x00000001
core   0: 0x80000b08 (0x03590f23) sb      s5, 62(s2)
core   0: 3 0x80000b08 (0x03590f23) mem 0x80010de0 0xe4
core   0: 0x80000b0c (0x0000895d) c.andi  a0, 23
core   0: 3 0x80000b0c (0x895d) x10 0x00000005
core   0: 0x80000b0e (0x1cec6313) ori     t1, s8, 462
core   0: 3 0x80000b0e (0x1cec6313) x 6 0x800135fe
core   0: 0x80000b12 (0x0d290fa3) sb      s2, 223(s2)
core   0: 3 0x80000b12 (0x0d290fa3) mem 0x80010e81 0xa2
core   0: 0x80000b16 (0x01994283) lbu     t0, 25(s2)
core   0: 3 0x80000b16 (0x01994283) x 5 0x00000070 mem 0x80010dbb
core   0: 0x80000b1a (0x03091a03) lh      s4, 48(s2)
core   0: 3 0x80000b1a (0x03091a03) x20 0xffff8889 mem 0x80010dd2
core   0: 0x80000b1e (0x0184c133) xor     sp, s1, s8
core   0: 3 0x80000b1e (0x0184c133) x 2 0x7ffecab7
core   0: 0x80000b22 (0x0c290783) lb      a5, 194(s2)
core   0: 3 0x80000b22 (0x0c290783) x15 0x0000001f mem 0x80010e64
core   0: 0x80000b26 (0x03fa94b3) mulh    s1, s5, t6
core   0: 3 0x80000b26 (0x03fa94b3) x 9 0xffffffa5
core   0: 0x80000b2a (0x019a74b3) and     s1, s4, s9
core   0: 3 0x80000b2a (0x019a74b3) x 9 0x80020800
core   0: 0x80000b2e (0x0dd904a3) sb      t4, 201(s2)
core   0: 3 0x80000b2e (0x0dd904a3) mem 0x80010e6b 0xe3
core   0: 0x80000b32 (0x0020c2b3) xor     t0, ra, sp
core   0: 3 0x80000b32 (0x0020c2b3) x 5 0x7ffeca87
core   0: 0x80000b36 (0xfc090aa3) sb      zero, -43(s2)
core   0: 3 0x80000b36 (0xfc090aa3) mem 0x80010d77 0x0
core   0: 0x80000b3a (0x05292803) lw      a6, 82(s2)
core   0: 3 0x80000b3a (0x05292803) x16 0xacadaeaf mem 0x80010df4
core   0: 0x80000b3e (0x40d10eb3) sub     t4, sp, a3
core   0: 3 0x80000b3e (0x40d10eb3) x29 0xa724efdc
core   0: 0x80000b42 (0x000000ee) c.slli  ra, 27
core   0: 3 0x80000b42 (0x00ee) x 1 0x80000000
core   0: 0x80000b44 (0xf6dcd837) lui     a6, 0xf6dcd
core   0: 3 0x80000b44 (0xf6dcd837) x16 0xf6dcd000
core   0: 0x80000b48 (0x00008d29) c.xor   a0, a0
core   0: 3 0x80000b48 (0x8d29) x10 0x00000000
core   0: 0x80000b4a (0x00006a45) c.lui   s4, 0x11
core   0: 3 0x80000b4a (0x6a45) x20 0x00011000
core   0: 0x80000b4c (0x00008e7d) c.and   a2, a5
core   0: 3 0x80000b4c (0x8e7d) x12 0x00000012
core   0: 0x80000b4e (0x00ca9313) slli    t1, s5, 12
core   0: 3 0x80000b4e (0x00ca9313) x 6 0x29ce4000
core   0: 0x80000b52 (0x0ff0000f) fence   iorw,iorw
core   0: 3 0x80000b52 (0x0ff0000f)
core   0: 0x80000b56 (0x00000001) c.nop
core   0: 3 0x80000b56 (0x0001)
core   0: 0x80000b58 (0x00990a03) lb      s4, 9(s2)
core   0: 3 0x80000b58 (0x00990a03) x20 0x00000060 mem 0x80010dab
core   0: 0x80000b5c (0x0f390e23) sb      s3, 252(s2)
core   0: 3 0x80000b5c (0x0f390e23) mem 0x80010e9e 0x33
core   0: 0x80000b60 (0xff390d03) lb      s10, -13(s2)
core   0: 3 0x80000b60 (0xff390d03) x26 0x0000004e mem 0x80010d95
core   0: 0x80000b64 (0x0ae94103) lbu     sp, 174(s2)
core   0: 3 0x80000b64 (0x0ae94103) x 2 0x0000000b mem 0x80010e50
core   0: 0x80000b68 (0x0e5901a3) sb      t0, 227(s2)
core   0: 3 0x80000b68 (0x0e5901a3) mem 0x80010e85 0x87
core   0: 0x80000b6c (0x00015897) auipc   a7, 0x15
core   0: 3 0x80000b6c (0x00015897) x17 0x80015b6c
core   0: 0x80000b70 (0xf7b88893) addi    a7, a7, -133
core   0: 3 0x80000b70 (0xf7b88893) x17 0x80015ae7
core   0: 0x80000b74 (0x5f225917) auipc   s2, 0x5f225
core   0: 3 0x80000b74 (0x5f225917) x18 0xdf225b74
core   0: 0x80000b78 (0x00d8d703) lhu     a4, 13(a7)
core   0: 3 0x80000b78 (0x00d8d703) x14 0x0000aeaf mem 0x80015af4
core   0: 0x80000b7c (0xd665f937) lui     s2, 0xd665f
core   0: 3 0x80000b7c (0xd665f937) x18 0xd665f000
core   0: 0x80000b80 (0x0000100f) fence.i
core   0: 3 0x80000b80 (0x0000100f)
core   0: 0x80000b84 (0x00000931) c.addi  s2, 12
core   0: 3 0x80000b84 (0x0931) x18 0xd665f00c
core   0: 0x80000b86 (0x0008c703) lbu     a4, 0(a7)
core   0: 3 0x80000b86 (0x0008c703) x14 0x0000009c mem 0x80015ae7
core   0: 0x80000b8a (0x0bf90f93) addi    t6, s2, 191
core   0: 3 0x80000b8a (0x0bf90f93) x31 0xd665f0cb
core   0: 0x80000b8e (0x00006fd1) c.lui   t6, 0x14
core   0: 3 0x80000b8e (0x6fd1) x31 0x00014000
core   0: 0x80000b90 (0x02004933) div     s2, zero, zero
core   0: 3 0x80000b90 (0x02004933) x18 0xffffffff
core   0: 0x80000b94 (0xfeb89da3) sh      a1, -5(a7)
core   0: 3 0x80000b94 (0xfeb89da3) mem 0x80015ae2 0x0000
core   0: 0x80000b98 (0x00b90fb3) add     t6, s2, a1
core   0: 3 0x80000b98 (0x00b90fb3) x31 0xffffffff
core   0: 0x80000b9c (0x000005fa) c.slli  a1, 30
core   0: 3 0x80000b9c (0x05fa) x11 0x00000000
core   0: 0x80000b9e (0x0068cf83) lbu     t6, 6(a7)
core   0: 3 0x80000b9e (0x0068cf83) x31 0x000000a6 mem 0x80015aed
core   0: 0x80000ba2 (0xff08c003) lbu     zero, -16(a7)
core   0: 3 0x80000ba2 (0xff08c003) mem 0x80015ad7
core   0: 0x80000ba6 (0xff788003) lb      zero, -9(a7)
core   0: 3 0x80000ba6 (0xff788003) mem 0x80015ade
core   0: 0x80000baa (0xff88cf83) lbu     t6, -8(a7)
core   0: 3 0x80000baa (0xff88cf83) x31 0x00000094 mem 0x80015adf
core   0: 0x80000bae (0xff78df83) lhu     t6, -9(a7)
core   0: 3 0x80000bae (0xff78df83) x31 0x00009495 mem 0x80015ade
core   0: 0x80000bb2 (0x00688f83) lb      t6, 6(a7)
core   0: 3 0x80000bb2 (0x00688f83) x31 0xffffffa6 mem 0x80015aed
core   0: 0x80000bb6 (0x02b5dfb3) divu    t6, a1, a1
core   0: 3 0x80000bb6 (0x02b5dfb3) x31 0xffffffff
core   0: 0x80000bba (0x0018c003) lbu     zero, 1(a7)
core   0: 3 0x80000bba (0x0018c003) mem 0x80015ae8
core   0: 0x80000bbe (0xfe088e23) sb      zero, -4(a7)
core   0: 3 0x80000bbe (0xfe088e23) mem 0x80015ae3 0x0
core   0: 0x80000bc2 (0x03200fb3) mul     t6, zero, s2
core   0: 3 0x80000bc2 (0x03200fb3) x31 0x00000000
core   0: 0x80000bc6 (0x00e8a0a3) sw      a4, 1(a7)
core   0: 3 0x80000bc6 (0x00e8a0a3) mem 0x80015ae8 0x0000009c
core   0: 0x80000bca (0x40b95933) sra     s2, s2, a1
core   0: 3 0x80000bca (0x40b95933) x18 0xffffffff
core   0: 0x80000bce (0xff389703) lh      a4, -13(a7)
core   0: 3 0x80000bce (0xff389703) x14 0xffff9091 mem 0x80015ada
core   0: 0x80000bd2 (0x00b05fb3) srl     t6, zero, a1
core   0: 3 0x80000bd2 (0x00b05fb3) x31 0x00000000
core   0: 0x80000bd6 (0xff988d03) lb      s10, -7(a7)
core   0: 3 0x80000bd6 (0xff988d03) x26 0xffffff9b mem 0x80015ae0
core   0: 0x80000bda (0x0088cf83) lbu     t6, 8(a7)
core   0: 3 0x80000bda (0x0088cf83) x31 0x000000a4 mem 0x80015aef
core   0: 0x80000bde (0x000099fd) c.andi  a1, -1
core   0: 3 0x80000bde (0x99fd) x11 0x00000000
core   0: 0x80000be0 (0x03f58733) mul     a4, a1, t6
core   0: 3 0x80000be0 (0x03f58733) x14 0x00000000
core   0: 0x80000be4 (0x00a88583) lb      a1, 10(a7)
core   0: 3 0x80000be4 (0x00a88583) x11 0xffffffaa mem 0x80015af1
core   0: 0x80000be8 (0x01088003) lb      zero, 16(a7)
core   0: 3 0x80000be8 (0x01088003) mem 0x80015af7
core   0: 0x80000bec (0xfff88a23) sb      t6, -12(a7)
core   0: 3 0x80000bec (0xfff88a23) mem 0x80015adb 0xa4
core   0: 0x80000bf0 (0x00012a17) auipc   s4, 0x12
core   0: 3 0x80000bf0 (0x00012a17) x20 0x80012bf0
core   0: 0x80000bf4 (0xe71a0a13) addi    s4, s4, -399
core   0: 3 0x80000bf4 (0xe71a0a13) x20 0x80012a61
core   0: 0x80000bf8 (0x0000fe97) auipc   t4, 0xf
core   0: 3 0x80000bf8 (0x0000fe97) x29 0x8000fbf8
core   0: 0x80000bfc (0x599e8e93) addi    t4, t4, 1433
core   0: 3 0x80000bfc (0x599e8e93) x29 0x80010191
core   0: 0x80000c00 (0x00eec583) lbu     a1, 14(t4)
core   0: 3 0x80000c00 (0x00eec583) x11 0x00000054 mem 0x8001019f
core   0: 0x80000c04 (0xf20a0883) lb      a7, -224(s4)
core   0: 3 0x80000c04 (0xf20a0883) x17 0x0000003a mem 0x80012981
core   0: 0x80000c08 (0x00fed803) lhu     a6, 15(t4)
core   0: 3 0x80000c08 (0x00fed803) x16 0x00005a5b mem 0x800101a0
core   0: 0x80000c0c (0xffea0d03) lb      s10, -2(s4)
core   0: 3 0x80000c0c (0xffea0d03) x26 0x00000014 mem 0x80012a5f
core   0: 0x80000c10 (0xffce8b23) sb      t3, -10(t4)
core   0: 3 0x80000c10 (0xffce8b23) mem 0x80010187 0xe0
core   0: 0x80000c14 (0x0baa08a3) sb      s10, 177(s4)
core   0: 3 0x80000c14 (0x0baa08a3) mem 0x80012b12 0x14
core   0: 0x80000c18 (0xf67a0583) lb      a1, -153(s4)
core   0: 3 0x80000c18 (0xf67a0583) x11 0xffffff83 mem 0x800129c8
core   0: 0x80000c1c (0xffcec803) lbu     a6, -4(t4)
core   0: 3 0x80000c1c (0xffcec803) x16 0x00000046 mem 0x8001018d
core   0: 0x80000c20 (0x0bba5383) lhu     t2, 187(s4)
core   0: 3 0x80000c20 (0x0bba5383) x 7 0x0000d6d7 mem 0x80012b1c
core   0: 0x80000c24 (0x009ed303) lhu     t1, 9(t4)
core   0: 3 0x80000c24 (0x009ed303) x 6 0x00005051 mem 0x8001019a
core   0: 0x80000c28 (0x0d9a0623) sb      s9, 204(s4)
core   0: 3 0x80000c28 (0x0d9a0623) mem 0x80012b2d 0x64
core   0: 0x80000c2c (0x00018c17) auipc   s8, 0x18
core   0: 3 0x80000c2c (0x00018c17) x24 0x80018c2c
core   0: 0x80000c30 (0xa2cc0c13) addi    s8, s8, -1492
core   0: 3 0x80000c30 (0xa2cc0c13) x24 0x80018658
core   0: 0x80000c34 (0x001c0d83) lb      s11, 1(s8)
core   0: 3 0x80000c34 (0x001c0d83) x27 0x00000012 mem 0x80018659
core   0: 0x80000c38 (0x001c4283) lbu     t0, 1(s8)
core   0: 3 0x80000c38 (0x001c4283) x 5 0x00000012 mem 0x80018659
core   0: 0x80000c3c (0x011c05a3) sb      a7, 11(s8)
core   0: 3 0x80000c3c (0x011c05a3) mem 0x80018663 0x3a
core   0: 0x80000c40 (0xffbc4803) lbu     a6, -5(s8)
core   0: 3 0x80000c40 (0xffbc4803) x16 0x00000008 mem 0x80018653
core   0: 0x80000c44 (0xfe9c0da3) sb      s1, -5(s8)
core   0: 3 0x80000c44 (0xfe9c0da3) mem 0x80018653 0x0
core   0: 0x80000c48 (0xffbc0003) lb      zero, -5(s8)
core   0: 3 0x80000c48 (0xffbc0003) mem 0x80018653
core   0: 0x80000c4c (0x00000436) c.slli  s0, 13
core   0: 3 0x80000c4c (0x0436) x 8 0xfff72000
core   0: 0x80000c4e (0x414bde33) sra     t3, s7, s4
core   0: 3 0x80000c4e (0x414bde33) x28 0x00006868
core   0: 0x80000c52 (0xffbc4e03) lbu     t3, -5(s8)
core   0: 3 0x80000c52 (0xffbc4e03) x28 0x00000000 mem 0x80018653
core   0: 0x80000c56 (0x004c1e83) lh      t4, 4(s8)
core   0: 3 0x80000c56 (0x004c1e83) x29 0x00001617 mem 0x8001865c
core   0: 0x80000c5a (0xff8c4103) lbu     sp, -8(s8)
core   0: 3 0x80000c5a (0xff8c4103) x 2 0x0000000b mem 0x80018650
core   0: 0x80000c5e (0x003c0983) lb      s3, 3(s8)
core   0: 3 0x80000c5e (0x003c0983) x19 0x00000010 mem 0x8001865b
core   0: 0x80000c62 (0x0149ad33) slt     s10, s3, s4
core   0: 3 0x80000c62 (0x0149ad33) x26 0x00000000
core   0: 0x80000c66 (0x01bc01a3) sb      s11, 3(s8)
core   0: 3 0x80000c66 (0x01bc01a3) mem 0x8001865b 0x12
core   0: 0x80000c6a (0xfeac1a23) sh      a0, -12(s8)
core   0: 3 0x80000c6a (0xfeac1a23) mem 0x8001864c 0x0000
core   0: 0x80000c6e (0x00008085) c.srli  s1, 1
core   0: 3 0x80000c6e (0x8085) x 9 0x40010400
core   0: 0x80000c70 (0x00000001) c.nop
core   0: 3 0x80000c70 (0x0001)
core   0: 0x80000c72 (0xffcc1283) lh      t0, -4(s8)
core   0: 3 0x80000c72 (0xffcc1283) x 5 0x00000e0f mem 0x80018654
core   0: 0x80000c76 (0x00a25633) srl     a2, tp, a0
core   0: 3 0x80000c76 (0x00a25633) x12 0x80000000
core   0: 0x80000c7a (0xff5c0003) lb      zero, -11(s8)
core   0: 3 0x80000c7a (0xff5c0003) mem 0x8001864d
core   0: 0x80000c7e (0x00ec1023) sh      a4, 0(s8)
core   0: 3 0x80000c7e (0x00ec1023) mem 0x80018658 0x0000
core   0: 0x80000c82 (0x00cc0503) lb      a0, 12(s8)
core   0: 3 0x80000c82 (0x00cc0503) x10 0x0000001f mem 0x80018664
core   0: 0x80000c86 (0x008c2483) lw      s1, 8(s8)
core   0: 3 0x80000c86 (0x008c2483) x 9 0x3a191a1b mem 0x80018660
core   0: 0x80000c8a (0x00004849) c.li    a6, 18
core   0: 3 0x80000c8a (0x4849) x16 0x00000012
core   0: 0x80000c8c (0x008c0a03) lb      s4, 8(s8)
core   0: 3 0x80000c8c (0x008c0a03) x20 0x0000001b mem 0x80018660
core   0: 0x80000c90 (0xfe7c08a3) sb      t2, -15(s8)
core   0: 3 0x80000c90 (0xfe7c08a3) mem 0x80018649 0xd7
core   0: 0x80000c94 (0x0001b117) auipc   sp, 0x1b
core   0: 3 0x80000c94 (0x0001b117) x 2 0x8001bc94
core   0: 0x80000c98 (0xf3410113) addi    sp, sp, -204
core   0: 3 0x80000c98 (0xf3410113) x 2 0x8001bbc8
core   0: 0x80000c9c (0x00a11403) lh      s0, 10(sp)
core   0: 3 0x80000c9c (0x00a11403) x 8 0xffff8889 mem 0x8001bbd2
core   0: 0x80000ca0 (0xfd614003) lbu     zero, -42(sp)
core   0: 3 0x80000ca0 (0xfd614003) mem 0x8001bb9e
core   0: 0x80000ca4 (0x02645433) divu    s0, s0, t1
core   0: 3 0x80000ca4 (0x02645433) x 8 0x00032ff7
core   0: 0x80000ca8 (0x00008a0d) c.andi  a2, 3
core   0: 3 0x80000ca8 (0x8a0d) x12 0x00000000
core   0: 0x80000caa (0xfe8105a3) sb      s0, -21(sp)
core   0: 3 0x80000caa (0xfe8105a3) mem 0x8001bbb3 0xf7
core   0: 0x80000cae (0x02710183) lb      gp, 39(sp)
core   0: 3 0x80000cae (0x02710183) x 3 0xffffffa4 mem 0x8001bbef
core   0: 0x80000cb2 (0xfec15183) lhu     gp, -20(sp)
core   0: 3 0x80000cb2 (0xfec15183) x 3 0x00006e6f mem 0x8001bbb4
core   0: 0x80000cb6 (0x00319613) slli    a2, gp, 3
core   0: 3 0x80000cb6 (0x00319613) x12 0x00037378
core   0: 0x80000cba (0xfc310ba3) sb      gp, -41(sp)
core   0: 3 0x80000cba (0xfc310ba3) mem 0x8001bb9f 0x6f
core   0: 0x80000cbe (0x03e14603) lbu     a2, 62(sp)
core   0: 3 0x80000cbe (0x03e14603) x12 0x000000bd mem 0x8001bc06
core   0: 0x80000cc2 (0xcc863413) sltiu   s0, a2, -824
core   0: 3 0x80000cc2 (0xcc863413) x 8 0x00000001
core   0: 0x80000cc6 (0x0231d433) divu    s0, gp, gp
core   0: 3 0x80000cc6 (0x0231d433) x 8 0x00000001
core   0: 0x80000cca (0x02644633) div     a2, s0, t1
core   0: 3 0x80000cca (0x02644633) x12 0x00000000
core   0: 0x80000cce (0x0000632d) c.lui   t1, 0xb
core   0: 3 0x80000cce (0x632d) x 6 0x0000b000
core   0: 0x80000cd0 (0x0000064a) c.slli  a2, 18
core   0: 3 0x80000cd0 (0x064a) x12 0x00000000
core   0: 0x80000cd2 (0xfe610d23) sb      t1, -6(sp)
core   0: 3 0x80000cd2 (0xfe610d23) mem 0x8001bbc2 0x0
core   0: 0x80000cd6 (0xfe6100a3) sb      t1, -31(sp)
core   0: 3 0x80000cd6 (0xfe6100a3) mem 0x8001bba9 0x0
core   0: 0x80000cda (0x00008c11) c.sub   s0, a2
core   0: 3 0x80000cda (0x8c11) x 8 0x00000001
core   0: 0x80000cdc (0xfc310183) lb      gp, -61(sp)
core   0: 3 0x80000cdc (0xfc310183) x 3 0x00000040 mem 0x8001bb8b
core   0: 0x80000ce0 (0xfd814383) lbu     t2, -40(sp)
core   0: 3 0x80000ce0 (0xfd814383) x 7 0x0000005b mem 0x8001bba0
core   0: 0x80000ce4 (0x000001b5) c.addi  gp, 13
core   0: 3 0x80000ce4 (0x01b5) x 3 0x0000004d
core   0: 0x80000ce6 (0x0000861a) c.mv    a2, t1
core   0: 3 0x80000ce6 (0x861a) x12 0x0000b000
core   0: 0x80000ce8 (0x42b1b013) sltiu   zero, gp, 1067
core   0: 3 0x80000ce8 (0x42b1b013)
core   0: 0x80000cec (0xac107613) andi    a2, zero, -1343
core   0: 3 0x80000cec (0xac107613) x12 0x00000000
core   0: 0x80000cf0 (0x0000c222) c.swsp  s0, 4(sp)
core   0: 3 0x80000cf0 (0xc222) mem 0x8001bbcc 0x00000001
core   0: 0x80000cf2 (0xfc011823) sh      zero, -48(sp)
core   0: 3 0x80000cf2 (0xfc011823) mem 0x8001bb98 0x0000
core   0: 0x80000cf6 (0x0001f397) auipc   t2, 0x1f
core   0: 3 0x80000cf6 (0x0001f397) x 7 0x8001fcf6
core   0: 0x80000cfa (0xd5138393) addi    t2, t2, -687
core   0: 3 0x80000cfa (0xd5138393) x 7 0x8001fa47
core   0: 0x80000cfe (0x0001fa17) auipc   s4, 0x1f
core   0: 3 0x80000cfe (0x0001fa17) x20 0x8001fcfe
core   0: 0x80000d02 (0x875a0a13) addi    s4, s4, -1931
core   0: 3 0x80000d02 (0x875a0a13) x20 0x8001f573
core   0: 0x80000d06 (0x014397a3) sh      s4, 15(t2)
core   0: 3 0x80000d06 (0x014397a3) mem 0x8001fa56 0xf573
core   0: 0x80000d0a (0x0eea0483) lb      s1, 238(s4)
core   0: 3 0x80000d0a (0x0eea0483) x 9 0x0000001a mem 0x8001f661
core   0: 0x80000d0e (0x0e8a00a3) sb      s0, 225(s4)
core   0: 3 0x80000d0e (0x0e8a00a3) mem 0x8001f654 0x1
core   0: 0x80000d12 (0x01138023) sb      a7, 0(t2)
core   0: 3 0x80000d12 (0x01138023) mem 0x8001fa47 0x3a
core   0: 0x80000d16 (0x057a1683) lh      a3, 87(s4)
core   0: 3 0x80000d16 (0x057a1683) x13 0xffff8081 mem 0x8001f5ca
core   0: 0x80000d1a (0x00d3d903) lhu     s2, 13(t2)
core   0: 3 0x80000d1a (0x00d3d903) x18 0x00000e0f mem 0x8001fa54
core   0: 0x80000d1e (0xffaa02a3) sb      s10, -27(s4)
core   0: 3 0x80000d1e (0xffaa02a3) mem 0x8001f558 0x0
core   0: 0x80000d22 (0xff238283) lb      t0, -14(t2)
core   0: 3 0x80000d22 (0xff238283) x 5 0xfffffff2 mem 0x8001fa39
core   0: 0x80000d26 (0xf15a4083) lbu     ra, -235(s4)
core   0: 3 0x80000d26 (0xf15a4083) x 1 0x00000043 mem 0x8001f488
core   0: 0x80000d2a (0xffb3cb83) lbu     s7, -5(t2)
core   0: 3 0x80000d2a (0xffb3cb83) x23 0x000000f9 mem 0x8001fa42
core   0: 0x80000d2e (0x06ea1ba3) sh      a4, 119(s4)
core   0: 3 0x80000d2e (0x06ea1ba3) mem 0x8001f5ea 0x0000
core   0: 0x80000d32 (0x01538023) sb      s5, 0(t2)
core   0: 3 0x80000d32 (0x01538023) mem 0x8001fa47 0xe4
core   0: 0x80000d36 (0x028a17a3) sh      s0, 47(s4)
core   0: 3 0x80000d36 (0x028a17a3) mem 0x8001f5a2 0x0001
core   0: 0x80000d3a (0x00d38d03) lb      s10, 13(t2)
core   0: 3 0x80000d3a (0x00d38d03) x26 0x0000000f mem 0x8001fa54
core   0: 0x80000d3e (0xff238183) lb      gp, -14(t2)
core   0: 3 0x80000d3e (0xff238183) x 3 0xfffffff2 mem 0x8001fa39
core   0: 0x80000d42 (0xf92a0983) lb      s3, -110(s4)
core   0: 3 0x80000d42 (0xf92a0983) x19 0xffffffbe mem 0x8001f505
core   0: 0x80000d46 (0xff039ba3) sh      a6, -9(t2)
core   0: 3 0x80000d46 (0xff039ba3) mem 0x8001fa3e 0x0012
core   0: 0x80000d4a (0xf2ba16a3) sh      a1, -211(s4)
core   0: 3 0x80000d4a (0xf2ba16a3) mem 0x8001f4a0 0xff83
core   0: 0x80000d4e (0x00014d17) auipc   s10, 0x14
core   0: 3 0x80000d4e (0x00014d17) x26 0x80014d4e
core   0: 0x80000d52 (0xca8d0d13) addi    s10, s10, -856
core   0: 3 0x80000d52 (0xca8d0d13) x26 0x800149f6
core   0: 0x80000d56 (0x009d0d83) lb      s11, 9(s10)
core   0: 3 0x80000d56 (0x009d0d83) x27 0xffffffb4 mem 0x800149ff
core   0: 0x80000d5a (0xfc9d1a23) sh      s1, -44(s10)
core   0: 3 0x80000d5a (0xfc9d1a23) mem 0x800149ca 0x001a
core   0: 0x80000d5e (0x41c3d393) srai    t2, t2, 28
core   0: 3 0x80000d5e (0x41c3d393) x 7 0xfffffff8
core   0: 0x80000d62 (0xb8ce3d93) sltiu   s11, t3, -1140
core   0: 3 0x80000d62 (0xb8ce3d93) x27 0x00000001
core   0: 0x80000d66 (0xfccd0ea3) sb      a2, -35(s10)
core   0: 3 0x80000d66 (0xfccd0ea3) mem 0x800149d3 0x0
core   0: 0x80000d6a (0xfc7d0aa3) sb      t2, -43(s10)
core   0: 3 0x80000d6a (0xfc7d0aa3) mem 0x800149cb 0xf8
core   0: 0x80000d6e (0x00008e65) c.and   a2, s1
core   0: 3 0x80000d6e (0x8e65) x12 0x00000000
core   0: 0x80000d70 (0x015d0383) lb      t2, 21(s10)
core   0: 3 0x80000d70 (0x015d0383) x 7 0xffffffc0 mem 0x80014a0b
core   0: 0x80000d74 (0x000008ad) c.addi  a7, 11
core   0: 3 0x80000d74 (0x08ad) x17 0x00000045
core   0: 0x80000d76 (0x00005dfd) c.li    s11, -1
core   0: 3 0x80000d76 (0x5dfd) x27 0xffffffff
core   0: 0x80000d78 (0x01c38633) add     a2, t2, t3
core   0: 3 0x80000d78 (0x01c38633) x12 0xffffffc0
core   0: 0x80000d7c (0x0ff0000f) fence   iorw,iorw
core   0: 3 0x80000d7c (0x0ff0000f)
core   0: 0x80000d80 (0xfd4d1d83) lh      s11, -44(s10)
core   0: 3 0x80000d80 (0xfd4d1d83) x27 0xfffff81a mem 0x800149ca
core   0: 0x80000d84 (0x002dd893) srli    a7, s11, 2
core   0: 3 0x80000d84 (0x002dd893) x17 0x3ffffe06
core   0: 0x80000d88 (0xfdbd1f23) sh      s11, -34(s10)
core   0: 3 0x80000d88 (0xfdbd1f23) mem 0x800149d4 0xf81a
core   0: 0x80000d8c (0x01ed2603) lw      a2, 30(s10)
core   0: 3 0x80000d8c (0x01ed2603) x12 0xcccdcecf mem 0x80014a14
core   0: 0x80000d90 (0x01cd0ca3) sb      t3, 25(s10)
core   0: 3 0x80000d90 (0x01cd0ca3) mem 0x80014a0f 0x0
core   0: 0x80000d94 (0xfc7d03a3) sb      t2, -57(s10)
core   0: 3 0x80000d94 (0xfc7d03a3) mem 0x800149bd 0xc0
core   0: 0x80000d98 (0xfc8d5d83) lhu     s11, -56(s10)
core   0: 3 0x80000d98 (0xfc8d5d83) x27 0x00007475 mem 0x800149be
core   0: 0x80000d9c (0x030d5883) lhu     a7, 48(s10)
core   0: 3 0x80000d9c (0x030d5883) x17 0x0000dcdd mem 0x80014a26
core   0: 0x80000da0 (0x019e1893) slli    a7, t3, 25
core   0: 3 0x80000da0 (0x019e1893) x17 0x00000000
core   0: 0x80000da4 (0x407658b3) sra     a7, a2, t2
core   0: 3 0x80000da4 (0x407658b3) x17 0xcccdcecf
core   0: 0x80000da8 (0xfdad0883) lb      a7, -38(s10)
core   0: 3 0x80000da8 (0xfdad0883) x17 0xffffff8b mem 0x800149d0
core   0: 0x80000dac (0x00010497) auipc   s1, 0x10
core   0: 3 0x80000dac (0x00010497) x 9 0x80010dac
core   0: 0x80000db0 (0x28c48493) addi    s1, s1, 652
core   0: 3 0x80000db0 (0x28c48493) x 9 0x80011038
core   0: 0x80000db4 (0xf2148323) sb      ra, -218(s1)
core   0: 3 0x80000db4 (0xf2148323) mem 0x80010f5e 0x43
core   0: 0x80000db8 (0xf2a49323) sh      a0, -218(s1)
core   0: 3 0x80000db8 (0xf2a49323) mem 0x80010f5e 0x001f
core   0: 0x80000dbc (0xf4248ba3) sb      sp, -169(s1)
core   0: 3 0x80000dbc (0xf4248ba3) mem 0x80010f8f 0xc8
core   0: 0x80000dc0 (0xfe84a423) sw      s0, -24(s1)
core   0: 3 0x80000dc0 (0xfe84a423) mem 0x80011020 0x00000001
core   0: 0x80000dc4 (0xf7148c03) lb      s8, -143(s1)
core   0: 3 0x80000dc4 (0xf7148c03) x24 0x00000062 mem 0x80010fa9
core   0: 0x80000dc8 (0xf73488a3) sb      s3, -143(s1)
core   0: 3 0x80000dc8 (0xf73488a3) mem 0x80010fa9 0xbe
core   0: 0x80000dcc (0xf63488a3) sb      gp, -143(s1)
core   0: 3 0x80000dcc (0xf63488a3) mem 0x80010fa9 0xf2
core   0: 0x80000dd0 (0x0166fd33) and     s10, a3, s6
core   0: 3 0x80000dd0 (0x0166fd33) x26 0x24250001
core   0: 0x80000dd4 (0xf9e4c283) lbu     t0, -98(s1)
core   0: 3 0x80000dd4 (0xf9e4c283) x 5 0x0000008d mem 0x80010fd6
core   0: 0x80000dd8 (0xfe54c883) lbu     a7, -27(s1)
core   0: 3 0x80000dd8 (0xfe54c883) x17 0x000000d6 mem 0x8001101d
core   0: 0x80000ddc (0x038e4a33) div     s4, t3, s8
core   0: 3 0x80000ddc (0x038e4a33) x20 0x00000000
core   0: 0x80000de0 (0xf9148a23) sb      a7, -108(s1)
core   0: 3 0x80000de0 (0xf9148a23) mem 0x80010fcc 0xd6
core   0: 0x80000de4 (0xf944a603) lw      a2, -108(s1)
core   0: 3 0x80000de4 (0xf944a603) x12 0x848586d6 mem 0x80010fcc
core   0: 0x80000de8 (0xf944cc03) lbu     s8, -108(s1)
core   0: 3 0x80000de8 (0xf944cc03) x24 0x000000d6 mem 0x80010fcc
core   0: 0x80000dec (0xf9448883) lb      a7, -108(s1)
core   0: 3 0x80000dec (0xf9448883) x17 0xffffffd6 mem 0x80010fcc
core   0: 0x80000df0 (0xf954aa23) sw      s5, -108(s1)
core   0: 3 0x80000df0 (0xf954aa23) mem 0x80010fcc 0x80029ce4
core   0: 0x80000df4 (0xfe74cc03) lbu     s8, -25(s1)
core   0: 3 0x80000df4 (0xfe74cc03) x24 0x000000d4 mem 0x8001101f
core   0: 0x80000df8 (0xfe74c803) lbu     a6, -25(s1)
core   0: 3 0x80000df8 (0xfe74c803) x16 0x000000d4 mem 0x8001101f
core   0: 0x80000dfc (0xfaae2c13) slti    s8, t3, -86
core   0: 3 0x80000dfc (0xfaae2c13) x24 0x00000000
core   0: 0x80000e00 (0xfe84a083) lw      ra, -24(s1)
core   0: 3 0x80000e00 (0xfe84a083) x 1 0x00000001 mem 0x80011020
core   0: 0x80000e04 (0x00008c71) c.and   s0, a2
core   0: 3 0x80000e04 (0x8c71) x 8 0x00000000
core   0: 0x80000e06 (0xfba481a3) sb      s10, -93(s1)
core   0: 3 0x80000e06 (0xfba481a3) mem 0x80010fdb 0x1
core   0: 0x80000e0a (0x0001cb97) auipc   s7, 0x1c
core   0: 3 0x80000e0a (0x0001cb97) x23 0x8001ce0a
core   0: 0x80000e0e (0x1f6b8b93) addi    s7, s7, 502
core   0: 3 0x80000e0e (0x1f6b8b93) x23 0x8001d000
core   0: 0x80000e12 (0x0b0b8e83) lb      t4, 176(s7)
core   0: 3 0x80000e12 (0x0b0b8e83) x29 0x0000006b mem 0x8001d0b0
core   0: 0x80000e16 (0xc0932693) slti    a3, t1, -1015
core   0: 3 0x80000e16 (0xc0932693) x13 0x00000000
core   0: 0x80000e1a (0x0edb88a3) sb      a3, 241(s7)
core   0: 3 0x80000e1a (0x0edb88a3) mem 0x8001d0f1 0x0
core   0: 0x80000e1e (0x026d0a33) mul     s4, s10, t1
core   0: 3 0x80000e1e (0x026d0a33) x20 0x7000b000
core   0: 0x80000e22 (0x4170d9b3) sra     s3, ra, s7
core   0: 3 0x80000e22 (0x4170d9b3) x19 0x00000001
core   0: 0x80000e26 (0x6b40ff13) andi    t5, ra, 1716
core   0: 3 0x80000e26 (0x6b40ff13) x30 0x00000000
core   0: 0x80000e2a (0x00008c91) c.sub   s1, a2
core   0: 3 0x80000e2a (0x8c91) x 9 0xfb7b8962
core   0: 0x80000e2c (0x06bb8183) lb      gp, 107(s7)
core   0: 3 0x80000e2c (0x06bb8183) x 3 0x00000020 mem 0x8001d06b
core   0: 0x80000e30 (0xfbdb8003) lb      zero, -67(s7)
core   0: 3 0x80000e30 (0xfbdb8003) mem 0x8001cfbd
core   0: 0x80000e34 (0x031b6eb3) rem     t4, s6, a7
core   0: 3 0x80000e34 (0x031b6eb3) x29 0x00000015
core   0: 0x80000e38 (0xf8bb81a3) sb      a1, -125(s7)
core   0: 3 0x80000e38 (0xf8bb81a3) mem 0x8001cf83 0x83
core   0: 0x80000e3c (0x000081c9) c.srli  a1, 18
core   0: 3 0x80000e3c (0x81c9) x11 0x00003fff
core   0: 0x80000e3e (0x00000001) c.nop
core   0: 3 0x80000e3e (0x0001)
core   0: 0x80000e40 (0xfa5b8103) lb      sp, -91(s7)
core   0: 3 0x80000e40 (0xfa5b8103) x 2 0x0000005e mem 0x8001cfa5
core   0: 0x80000e44 (0x0eeba623) sw      a4, 236(s7)
core   0: 3 0x80000e44 (0x0eeba623) mem 0x8001d0ec 0x00000000
core   0: 0x80000e48 (0x0a4b9a03) lh      s4, 164(s7)
core   0: 3 0x80000e48 (0x0a4b9a03) x20 0x00005e5f mem 0x8001d0a4
core   0: 0x80000e4c (0xf81b80a3) sb      ra, -127(s7)
core   0: 3 0x80000e4c (0xf81b80a3) mem 0x8001cf81 0x1
core   0: 0x80000e50 (0xd07640b7) lui     ra, 0xd0764
core   0: 3 0x80000e50 (0xd07640b7) x 1 0xd0764000
core   0: 0x80000e54 (0x00008ea5) c.xor   a3, s1
core   0: 3 0x80000e54 (0x8ea5) x13 0xfb7b8962
core   0: 0x80000e56 (0x001e12b3) sll     t0, t3, ra
core   0: 3 0x80000e56 (0x001e12b3) x 5 0x00000000
core   0: 0x80000e5a (0xf84b83a3) sb      tp, -121(s7)
core   0: 3 0x80000e5a (0xf84b83a3) mem 0x8001cf87 0x0
core   0: 0x80000e5e (0xf15b8923) sb      s5, -238(s7)
core   0: 3 0x80000e5e (0xf15b8923) mem 0x8001cf12 0xe4
core   0: 0x80000e62 (0xf97b9d23) sh      s7, -102(s7)
core   0: 3 0x80000e62 (0xf97b9d23) mem 0x8001cf9a 0xd000
core   0: 0x80000e66 (0x0235d2b3) divu    t0, a1, gp
core   0: 3 0x80000e66 (0x0235d2b3) x 5 0x000001ff
core   0: 0x80000e6a (0xfb4b8d03) lb      s10, -76(s7)
core   0: 3 0x80000e6a (0xfb4b8d03) x26 0x0000006f mem 0x8001cfb4
core   0: 0x80000e6e (0x089b8223) sb      s1, 132(s7)
core   0: 3 0x80000e6e (0x089b8223) mem 0x8001d084 0x62
core   0: 0x80000e72 (0x00008265) c.srli  a2, 25
core   0: 3 0x80000e72 (0x8265) x12 0x00000042
core   0: 0x80000e74 (0x030f0eb3) mul     t4, t5, a6
core   0: 3 0x80000e74 (0x030f0eb3) x29 0x00000000
core   0: 0x80000e78 (0x078bc383) lbu     t2, 120(s7)
core   0: 3 0x80000e78 (0x078bc383) x 7 0x00000033 mem 0x8001d078
core   0: 0x80000e7c (0x002e94b3) sll     s1, t4, sp
core   0: 3 0x80000e7c (0x002e94b3) x 9 0x00000000
core   0: 0x80000e80 (0xf1bb8783) lb      a5, -229(s7)
core   0: 3 0x80000e80 (0xf1bb8783) x15 0xffffffd0 mem 0x8001cf1b
core   0: 0x80000e84 (0x039b6933) rem     s2, s6, s9
core   0: 3 0x80000e84 (0x039b6933) x18 0x24252627
core   0: 0x80000e88 (0x02648033) mul     zero, s1, t1
core   0: 3 0x80000e88 (0x02648033)
core   0: 0x80000e8c (0x41738833) sub     a6, t2, s7
core   0: 3 0x80000e8c (0x41738833) x16 0x7ffe3033
core   0: 0x80000e90 (0xfdfb8ca3) sb      t6, -39(s7)
core   0: 3 0x80000e90 (0xfdfb8ca3) mem 0x8001cfd9 0xa4
core   0: 0x80000e94 (0x0000856d) c.srai  a0, 27
core   0: 3 0x80000e94 (0x856d) x10 0x00000000
core   0: 0x80000e96 (0x351cb613) sltiu   a2, s9, 849
core   0: 3 0x80000e96 (0x351cb613) x12 0x00000000
core   0: 0x80000e9a (0xf89bc703) lbu     a4, -119(s7)
core   0: 3 0x80000e9a (0xf89bc703) x14 0x00000042 mem 0x8001cf89
core   0: 0x80000e9e (0x0000822d) c.srli  a2, 11
core   0: 3 0x80000e9e (0x822d) x12 0x00000000
core   0: 0x80000ea0 (0x03e6b8b3) mulhu   a7, a3, t5
core   0: 3 0x80000ea0 (0x03e6b8b3) x17 0x00000000
core   0: 0x80000ea4 (0x00008d39) c.xor   a0, a4
core   0: 3 0x80000ea4 (0x8d39) x10 0x00000042
core   0: 0x80000ea6 (0x4124d733) sra     a4, s1, s2
core   0: 3 0x80000ea6 (0x4124d733) x14 0x00000000
core   0: 0x80000eaa (0xbc81f893) andi    a7, gp, -1080
core   0: 3 0x80000eaa (0xbc81f893) x17 0x00000000
core   0: 0x80000eae (0x8dffc193) xori    gp, t6, -1825
core   0: 3 0x80000eae (0x8dffc193) x 3 0xfffff87b
core   0: 0x80000eb2 (0x00005b7d) c.li    s6, -1
core   0: 3 0x80000eb2 (0x5b7d) x22 0xffffffff
core   0: 0x80000eb4 (0x07cb9483) lh      s1, 124(s7)
core   0: 3 0x80000eb4 (0x07cb9483) x 9 0x00003637 mem 0x8001d07c
core   0: 0x80000eb8 (0x00019117) auipc   sp, 0x19
core   0: 3 0x80000eb8 (0x00019117) x 2 0x80019eb8
core   0: 0x80000ebc (0x13910113) addi    sp, sp, 313
core   0: 3 0x80000ebc (0x13910113) x 2 0x80019ff1
core   0: 0x80000ec0 (0x01010183) lb      gp, 16(sp)
core   0: 3 0x80000ec0 (0x01010183) x 3 0xffffffba mem 0x8001a001
core   0: 0x80000ec4 (0xffa14083) lbu     ra, -6(sp)
core   0: 3 0x80000ec4 (0xffa14083) x 1 0x000000a0 mem 0x80019feb
core   0: 0x80000ec8 (0xfd8251b7) lui     gp, 0xfd825
core   0: 3 0x80000ec8 (0xfd8251b7) x 3 0xfd825000
core   0: 0x80000ecc (0xff214f03) lbu     t5, -14(sp)
core   0: 3 0x80000ecc (0xff214f03) x30 0x00000098 mem 0x80019fe3
core   0: 0x80000ed0 (0x000061fd) c.lui   gp, 0x1f
core   0: 3 0x80000ed0 (0x61fd) x 3 0x0001f000
core   0: 0x80000ed2 (0xff014e03) lbu     t3, -16(sp)
core   0: 3 0x80000ed2 (0xff014e03) x28 0x0000009a mem 0x80019fe1
core   0: 0x80000ed6 (0x0ff0000f) fence   iorw,iorw
core   0: 3 0x80000ed6 (0x0ff0000f)
core   0: 0x80000eda (0x000080bd) c.srli  s1, 15
core   0: 3 0x80000eda (0x80bd) x 9 0x00000000
core   0: 0x80000edc (0x0214de33) divu    t3, s1, ra
core   0: 3 0x80000edc (0x0214de33) x28 0x00000000
core   0: 0x80000ee0 (0x003100a3) sb      gp, 1(sp)
core   0: 3 0x80000ee0 (0x003100a3) mem 0x80019ff2 0x0
core   0: 0x80000ee4 (0xff510e03) lb      t3, -11(sp)
core   0: 3 0x80000ee4 (0xff510e03) x28 0xffffff9d mem 0x80019fe6
core   0: 0x80000ee8 (0x033181b3) mul     gp, gp, s3
core   0: 3 0x80000ee8 (0x033181b3) x 3 0x0001f000
core   0: 0x80000eec (0x000044a5) c.li    s1, 9
core   0: 3 0x80000eec (0x44a5) x 9 0x00000009
core   0: 0x80000eee (0x3b918493) addi    s1, gp, 953
core   0: 3 0x80000eee (0x3b918493) x 9 0x0001f3b9
core   0: 0x80000ef2 (0xfe110f23) sb      ra, -2(sp)
core   0: 3 0x80000ef2 (0xfe110f23) mem 0x80019fef 0xa0
core   0: 0x80000ef6 (0x00e10f03) lb      t5, 14(sp)
core   0: 3 0x80000ef6 (0x00e10f03) x30 0xffffffb4 mem 0x80019fff
core   0: 0x80000efa (0xffe10ca3) sb      t5, -7(sp)
core   0: 3 0x80000efa (0xffe10ca3) mem 0x80019fea 0xb4
core   0: 0x80000efe (0x00000001) c.nop
core   0: 3 0x80000efe (0x0001)
core   0: 0x80000f00 (0xff010e03) lb      t3, -16(sp)
core   0: 3 0x80000f00 (0xff010e03) x28 0xffffff9a mem 0x80019fe1
core   0: 0x80000f04 (0xff110e03) lb      t3, -15(sp)
core   0: 3 0x80000f04 (0xff110e03) x28 0xffffff99 mem 0x80019fe2
core   0: 0x80000f08 (0x0000100f) fence.i
core   0: 3 0x80000f08 (0x0000100f)
core   0: 0x80000f0c (0xfe912da3) sw      s1, -5(sp)
core   0: 3 0x80000f0c (0xfe912da3) mem 0x80019fec 0x0001f3b9
core   0: 0x80000f10 (0x00008ca5) c.xor   s1, s1
core   0: 3 0x80000f10 (0x8ca5) x 9 0x00000000
core   0: 0x80000f12 (0xff115183) lhu     gp, -15(sp)
core   0: 3 0x80000f12 (0xff115183) x 3 0x00009899 mem 0x80019fe2
core   0: 0x80000f16 (0xff514183) lbu     gp, -11(sp)
core   0: 3 0x80000f16 (0xff514183) x 3 0x0000009d mem 0x80019fe6
core   0: 0x80000f1a (0x00008c85) c.sub   s1, s1
core   0: 3 0x80000f1a (0x8c85) x 9 0x00000000
core   0: 0x80000f1c (0x003102a3) sb      gp, 5(sp)
core   0: 3 0x80000f1c (0x003102a3) mem 0x80019ff6 0x9d
core   0: 0x80000f20 (0x00008ce5) c.and   s1, s1
core   0: 3 0x80000f20 (0x8ce5) x 9 0x00000000
core   0: 0x80000f22 (0xfe911da3) sh      s1, -5(sp)
core   0: 3 0x80000f22 (0xfe911da3) mem 0x80019fec 0x0000
core   0: 0x80000f26 (0x00e10f03) lb      t5, 14(sp)
core   0: 3 0x80000f26 (0x00e10f03) x30 0xffffffb4 mem 0x80019fff
core   0: 0x80000f2a (0x0181d093) srli    ra, gp, 24
core   0: 3 0x80000f2a (0x0181d093) x 1 0x00000000
core   0: 0x80000f2e (0x01e10123) sb      t5, 2(sp)
core   0: 3 0x80000f2e (0x01e10123) mem 0x80019ff3 0xb4
core   0: 0x80000f32 (0xfe910a23) sb      s1, -12(sp)
core   0: 3 0x80000f32 (0xfe910a23) mem 0x80019fe5 0x0
core   0: 0x80000f36 (0x000099ce) c.add   s3, s3
core   0: 3 0x80000f36 (0x99ce) x19 0x00000002
core   0: 0x80000f38 (0x00910123) sb      s1, 2(sp)
core   0: 3 0x80000f38 (0x00910123) mem 0x80019ff3 0x0
core   0: 0x80000f3c (0x00010e97) auipc   t4, 0x10
core   0: 3 0x80000f3c (0x00010e97) x29 0x80010f3c
core   0: 0x80000f40 (0xe0ee8e93) addi    t4, t4, -498
core   0: 3 0x80000f40 (0xe0ee8e93) x29 0x80010d4a
core   0: 0x80000f44 (0x9c3ec103) lbu     sp, -1597(t4)
core   0: 3 0x80000f44 (0x9c3ec103) x 2 0x000000c6 mem 0x8001070d
core   0: 0x80000f48 (0x901e8a03) lb      s4, -1791(t4)
core   0: 3 0x80000f48 (0x901e8a03) x20 0x00000000 mem 0x8001064b
core   0: 0x80000f4c (0xfe2e8003) lb      zero, -30(t4)
core   0: 3 0x80000f4c (0xfe2e8003) mem 0x80010d2c
core   0: 0x80000f50 (0xa7ee8023) sb      t5, -1440(t4)
core   0: 3 0x80000f50 (0xa7ee8023) mem 0x800107aa 0xb4
core   0: 0x80000f54 (0x00012897) auipc   a7, 0x12
core   0: 3 0x80000f54 (0x00012897) x17 0x80012f54
core   0: 0x80000f58 (0x0df88893) addi    a7, a7, 223
core   0: 3 0x80000f58 (0x0df88893) x17 0x80013033
core   0: 0x80000f5c (0xa44e86a3) sb      tp, -1459(t4)
core   0: 3 0x80000f5c (0xa44e86a3) mem 0x80010797 0x0
core   0: 0x80000f60 (0xac1ea523) sw      ra, -1334(t4)
core   0: 3 0x80000f60 (0xac1ea523) mem 0x80010814 0x00000000
core   0: 0x80000f64 (0x00788b23) sb      t2, 22(a7)
core   0: 3 0x80000f64 (0x00788b23) mem 0x80013049 0x33
core   0: 0x80000f68 (0x108ecd83) lbu     s11, 264(t4)
core   0: 3 0x80000f68 (0x108ecd83) x27 0x00000009 mem 0x80010e52
core   0: 0x80000f6c (0xfe888783) lb      a5, -24(a7)
core   0: 3 0x80000f6c (0xfe888783) x15 0xffffffd0 mem 0x8001301b
core   0: 0x80000f70 (0xfcf8df83) lhu     t6, -49(a7)
core   0: 3 0x80000f70 (0xfcf8df83) x31 0x0000b8b9 mem 0x80013002
core   0: 0x80000f74 (0xc19e8223) sb      s9, -1020(t4)
core   0: 3 0x80000f74 (0xc19e8223) mem 0x8001094e 0x64
core   0: 0x80000f78 (0x03088283) lb      t0, 48(a7)
core   0: 3 0x80000f78 (0x03088283) x 5 0x00000018 mem 0x80013063
core   0: 0x80000f7c (0xff488ba3) sb      s4, -9(a7)
core   0: 3 0x80000f7c (0xff488ba3) mem 0x8001302a 0x0
core   0: 0x80000f80 (0xc1fecd03) lbu     s10, -993(t4)
core   0: 3 0x80000f80 (0xc1fecd03) x26 0x00000022 mem 0x80010969
core   0: 0x80000f84 (0x00011117) auipc   sp, 0x11
core   0: 3 0x80000f84 (0x00011117) x 2 0x80011f84
core   0: 0x80000f88 (0x7c510113) addi    sp, sp, 1989
core   0: 3 0x80000f88 (0x7c510113) x 2 0x80012749
core   0: 0x80000f8c (0x24c10503) lb      a0, 588(sp)
core   0: 3 0x80000f8c (0x24c10503) x10 0x0000004e mem 0x80012995
core   0: 0x80000f90 (0x01314a03) lbu     s4, 19(sp)
core   0: 3 0x80000f90 (0x01314a03) x20 0x00000017 mem 0x8001275c
core   0: 0x80000f94 (0x01312983) lw      s3, 19(sp)
core   0: 3 0x80000f94 (0x01312983) x19 0x14151617 mem 0x8001275c
core   0: 0x80000f98 (0xf10117a3) sh      a6, -241(sp)
core   0: 3 0x80000f98 (0xf10117a3) mem 0x80012658 0x3033
core   0: 0x80000f9c (0xf2f12503) lw      a0, -209(sp)
core   0: 3 0x80000f9c (0xf2f12503) x10 0x30313233 mem 0x80012678
core   0: 0x80000fa0 (0xf25117a3) sh      t0, -209(sp)
core   0: 3 0x80000fa0 (0xf25117a3) mem 0x80012678 0x0018
core   0: 0x80000fa4 (0x20e14f03) lbu     t5, 526(sp)
core   0: 3 0x80000fa4 (0x20e14f03) x30 0x0000000c mem 0x80012957
core   0: 0x80000fa8 (0xac014983) lbu     s3, -1344(sp)
core   0: 3 0x80000fa8 (0xac014983) x19 0x000000c2 mem 0x80012209
core   0: 0x80000fac (0x004babb3) slt     s7, s7, tp
core   0: 3 0x80000fac (0x004babb3) x23 0x00000000
core   0: 0x80000fb0 (0xac014e03) lbu     t3, -1344(sp)
core   0: 3 0x80000fb0 (0xac014e03) x28 0x000000c2 mem 0x80012209
core   0: 0x80000fb4 (0x63012ba3) sw      a6, 1591(sp)
core   0: 3 0x80000fb4 (0x63012ba3) mem 0x80012d80 0x7ffe3033
core   0: 0x80000fb8 (0x007a13b3) sll     t2, s4, t2
core   0: 3 0x80000fb8 (0x007a13b3) x 7 0x00b80000
core   0: 0x80000fbc (0x9da10e83) lb      t4, -1574(sp)
core   0: 3 0x80000fbc (0x9da10e83) x29 0xffffffd8 mem 0x80012123
core   0: 0x80000fc0 (0x9da10803) lb      a6, -1574(sp)
core   0: 3 0x80000fc0 (0x9da10803) x16 0xffffffd8 mem 0x80012123
core   0: 0x80000fc4 (0x0a6100a3) sb      t1, 161(sp)
core   0: 3 0x80000fc4 (0x0a6100a3) mem 0x800127ea 0x0
core   0: 0x80000fc8 (0xd8414403) lbu     s0, -636(sp)
core   0: 3 0x80000fc8 (0xd8414403) x 8 0x00000086 mem 0x800124cd
core   0: 0x80000fcc (0x00900693) li      a3, 9
core   0: 3 0x80000fcc (0x00900693) x13 0x00000009
core   0: 0x80000fd0 (0x0140c8b3) xor     a7, ra, s4
core   0: 3 0x80000fd0 (0x0140c8b3) x17 0x00000017
core   0: 0x80000fd4 (0x00800493) li      s1, 8
core   0: 3 0x80000fd4 (0x00800493) x 9 0x00000008
core   0: 0x80000fd8 (0x02e53033) mulhu   zero, a0, a4
core   0: 3 0x80000fd8 (0x02e53033)
core   0: 0x80000fdc (0x00000710) c.addi4spn a2, sp, 896
core   0: 3 0x80000fdc (0x0710) x12 0x80012ac9
core   0: 0x80000fde (0x026cc0b3) div     ra, s9, t1
core   0: 3 0x80000fde (0x026cc0b3) x 1 0xffff45d5
core   0: 0x80000fe2 (0x01de90b3) sll     ra, t4, t4
core   0: 3 0x80000fe2 (0x01de90b3) x 1 0xd8000000
core   0: 0x80000fe6 (0x00635913) srli    s2, t1, 6
core   0: 3 0x80000fe6 (0x00635913) x18 0x000002c0
core   0: 0x80000fea (0x000016e9) c.addi  a3, -6
core   0: 3 0x80000fea (0x16e9) x13 0x00000003
core   0: 0x80000fec (0x0000964e) c.add   a2, s3
core   0: 3 0x80000fec (0x964e) x12 0x80012b8b
core   0: 0x80000fee (0x0000717d) c.addi16sp sp, -16
core   0: 3 0x80000fee (0x717d) x 2 0x80012739
core   0: 0x80000ff0 (0x0000100f) fence.i
core   0: 3 0x80000ff0 (0x0000100f)
core   0: 0x80000ff4 (0x00009642) c.add   a2, a6
core   0: 3 0x80000ff4 (0x9642) x12 0x80012b63
core   0: 0x80000ff6 (0x0000537d) c.li    t1, -1
core   0: 3 0x80000ff6 (0x537d) x 6 0xffffffff
core   0: 0x80000ff8 (0x00000001) c.nop
core   0: 3 0x80000ff8 (0x0001)
core   0: 0x80000ffa (0x018149b3) xor     s3, sp, s8
core   0: 3 0x80000ffa (0x018149b3) x19 0x80012739
core   0: 0x80000ffe (0x00008c0d) c.sub   s0, a1
core   0: 3 0x80000ffe (0x8c0d) x 8 0xffffc087
core   0: 0x80001000 (0xfc96ffe3) bgeu    a3, s1, pc - 34
core   0: 3 0x80001000 (0xfc96ffe3)
core   0: 0x80001004 (0x00008c71) c.and   s0, a2
core   0: 3 0x80001004 (0x8c71) x 8 0x80010003
core   0: 0x80001006 (0x0000f117) auipc   sp, 0xf
core   0: 3 0x80001006 (0x0000f117) x 2 0x80010006
core   0: 0x8000100a (0x2d510113) addi    sp, sp, 725
core   0: 3 0x8000100a (0x2d510113) x 2 0x800102db
core   0: 0x8000100e (0x00000f66) c.slli  t5, 25
core   0: 3 0x8000100e (0x0f66) x30 0x18000000
core   0: 0x80001010 (0x03d32bb3) mulhsu  s7, t1, t4
core   0: 3 0x80001010 (0x03d32bb3) x23 0xffffffff
core   0: 0x80001014 (0x41b6d1b3) sra     gp, a3, s11
core   0: 3 0x80001014 (0x41b6d1b3) x 3 0x00000000
core   0: 0x80001018 (0x00008065) c.srli  s0, 25
core   0: 3 0x80001018 (0x8065) x 8 0x00000040
core   0: 0x8000101a (0x01114003) lbu     zero, 17(sp)
core   0: 3 0x8000101a (0x01114003) mem 0x800102ec
core   0: 0x8000101e (0x02fe93b3) mulh    t2, t4, a5
core   0: 3 0x8000101e (0x02fe93b3) x 7 0x00000000
core   0: 0x80001022 (0x01e322b3) slt     t0, t1, t5
core   0: 3 0x80001022 (0x01e322b3) x 5 0x00000001
core   0: 0x80001026 (0x1b096037) lui     zero, 0x1b096
core   0: 3 0x80001026 (0x1b096037)
core   0: 0x8000102a (0x02aa1c33) mulh    s8, s4, a0
core   0: 3 0x8000102a (0x02aa1c33) x24 0x00000004
core   0: 0x8000102e (0xf0510523) sb      t0, -246(sp)
core   0: 3 0x8000102e (0xf0510523) mem 0x800101e5 0x1
core   0: 0x80001032 (0x01ed72b3) and     t0, s10, t5
core   0: 3 0x80001032 (0x01ed72b3) x 5 0x00000000
core   0: 0x80001036 (0xc4b89537) lui     a0, 0xc4b89
core   0: 3 0x80001036 (0xc4b89537) x10 0xc4b89000
core   0: 0x8000103a (0x00000001) c.nop
core   0: 3 0x8000103a (0x0001)
core   0: 0x8000103c (0xff111803) lh      a6, -15(sp)
core   0: 3 0x8000103c (0xff111803) x16 0xffff8687 mem 0x800102cc
core   0: 0x80001040 (0x02b14683) lbu     a3, 43(sp)
core   0: 3 0x80001040 (0x02b14683) x13 0x000000bd mem 0x80010306
core   0: 0x80001044 (0x00b06033) or      zero, zero, a1
core   0: 3 0x80001044 (0x00b06033)
core   0: 0x80001048 (0xfdc10023) sb      t3, -64(sp)
core   0: 3 0x80001048 (0xfdc10023) mem 0x8001029b 0xc2
core   0: 0x8000104c (0x00008fe1) c.and   a5, s0
core   0: 3 0x8000104c (0x8fe1) x15 0x00000040
core   0: 0x8000104e (0xf57d4a13) xori    s4, s10, -169
core   0: 3 0x8000104e (0xf57d4a13) x20 0xffffff75
core   0: 0x80001052 (0xfa210f83) lb      t6, -94(sp)
core   0: 3 0x80001052 (0xfa210f83) x31 0x00000036 mem 0x8001027d
core   0: 0x80001056 (0xf0114d03) lbu     s10, -255(sp)
core   0: 3 0x80001056 (0xf0114d03) x26 0x00000097 mem 0x800101dc
core   0: 0x8000105a (0x024b0533) mul     a0, s6, tp
core   0: 3 0x8000105a (0x024b0533) x10 0x80000000
core   0: 0x8000105e (0x1f456317) auipc   t1, 0x1f456
core   0: 3 0x8000105e (0x1f456317) x 6 0x9f45705e
core   0: 0x80001062 (0xf4514d03) lbu     s10, -187(sp)
core   0: 3 0x80001062 (0xf4514d03) x26 0x000000db mem 0x80010220
core   0: 0x80001066 (0x009d8833) add     a6, s11, s1
core   0: 3 0x80001066 (0x009d8833) x16 0x00000011
core   0: 0x8000106a (0x034dc833) div     a6, s11, s4
core   0: 3 0x8000106a (0x034dc833) x16 0x00000000
core   0: 0x8000106e (0xf9d10223) sb      t4, -124(sp)
core   0: 3 0x8000106e (0xf9d10223) mem 0x8001025f 0xd8
core   0: 0x80001072 (0x0000587d) c.li    a6, -1
core   0: 3 0x80001072 (0x587d) x16 0xffffffff
core   0: 0x80001074 (0x03765bb3) divu    s7, a2, s7
core   0: 3 0x80001074 (0x03765bb3) x23 0x00000000
core   0: 0x80001078 (0x0b315703) lhu     a4, 179(sp)
core   0: 3 0x80001078 (0x0b315703) x14 0x00004445 mem 0x8001038e
core   0: 0x8000107c (0x00006641) c.lui   a2, 0x10
core   0: 3 0x8000107c (0x6641) x12 0x00010000
core   0: 0x8000107e (0x016bbfb3) sltu    t6, s7, s6
core   0: 3 0x8000107e (0x016bbfb3) x31 0x00000001
core   0: 0x80001082 (0x00006435) c.lui   s0, 0xd
core   0: 3 0x80001082 (0x6435) x 8 0x0000d000
core   0: 0x80001084 (0xffa10d03) lb      s10, -6(sp)
core   0: 3 0x80001084 (0xffa10d03) x26 0xffffff8e mem 0x800102d5
core   0: 0x80001088 (0x03d11533) mulh    a0, sp, t4
core   0: 3 0x80001088 (0x03d11533) x10 0x00000013
core   0: 0x8000108c (0x000052fd) c.li    t0, -1
core   0: 3 0x8000108c (0x52fd) x 5 0xffffffff
core   0: 0x8000108e (0x00000001) c.nop
core   0: 3 0x8000108e (0x0001)
core   0: 0x80001090 (0x0d214d83) lbu     s11, 210(sp)
core   0: 3 0x80001090 (0x0d214d83) x27 0x00000066 mem 0x800103ad
core   0: 0x80001094 (0x000085b6) c.mv    a1, a3
core   0: 3 0x80001094 (0x85b6) x11 0x000000bd
core   0: 0x80001096 (0x00a93833) sltu    a6, s2, a0
core   0: 3 0x80001096 (0x00a93833) x16 0x00000000
core   0: 0x8000109a (0x000001a2) c.slli  gp, 8
core   0: 3 0x8000109a (0x01a2) x 3 0x00000000
core   0: 0x8000109c (0x01711303) lh      t1, 23(sp)
core   0: 3 0x8000109c (0x01711303) x 6 0xffffa8a9 mem 0x800102f2
core   0: 0x800010a0 (0x0000f117) auipc   sp, 0xf
core   0: 3 0x800010a0 (0x0000f117) x 2 0x800100a0
core   0: 0x800010a4 (0x12310113) addi    sp, sp, 291
core   0: 3 0x800010a4 (0x12310113) x 2 0x800101c3
core   0: 0x800010a8 (0xfd4122a3) sw      s4, -59(sp)
core   0: 3 0x800010a8 (0xfd4122a3) mem 0x80010188 0xffffff75
core   0: 0x800010ac (0x02aa5933) divu    s2, s4, a0
core   0: 3 0x800010ac (0x02aa5933) x18 0x0d794357
core   0: 0x800010b0 (0x02310d03) lb      s10, 35(sp)
core   0: 3 0x800010b0 (0x02310d03) x26 0xffffff9d mem 0x800101e6
core   0: 0x800010b4 (0x1ed68693) addi    a3, a3, 493
core   0: 3 0x800010b4 (0x1ed68693) x13 0x000002aa
core   0: 0x800010b8 (0x01a10683) lb      a3, 26(sp)
core   0: 3 0x800010b8 (0x01a10683) x13 0xffffff96 mem 0x800101dd
core   0: 0x800010bc (0xffe10d03) lb      s10, -2(sp)
core   0: 3 0x800010bc (0xffe10d03) x26 0x0000007a mem 0x800101c1
core   0: 0x800010c0 (0x02a6ad33) mulhsu  s10, a3, a0
core   0: 3 0x800010c0 (0x02a6ad33) x26 0xffffffff
core   0: 0x800010c4 (0x0ff0000f) fence   iorw,iorw
core   0: 3 0x800010c4 (0x0ff0000f)
core   0: 0x800010c8 (0x00000001) c.nop
core   0: 3 0x800010c8 (0x0001)
core   0: 0x800010ca (0x00009afd) c.andi  a3, -1
core   0: 3 0x800010ca (0x9afd) x13 0xffffff96
core   0: 0x800010cc (0x1b86ae93) slti    t4, a3, 440
core   0: 3 0x800010cc (0x1b86ae93) x29 0x00000001
core   0: 0x800010d0 (0x032a7533) remu    a0, s4, s2
core   0: 3 0x800010d0 (0x032a7533) x10 0x00000000
core   0: 0x800010d4 (0x01a6d933) srl     s2, a3, s10
core   0: 3 0x800010d4 (0x01a6d933) x18 0x00000001
core   0: 0x800010d8 (0x014ec533) xor     a0, t4, s4
core   0: 3 0x800010d8 (0x014ec533) x10 0xffffff74
core   0: 0x800010dc (0xff4109a3) sb      s4, -13(sp)
core   0: 3 0x800010dc (0xff4109a3) mem 0x800101b6 0x75
core   0: 0x800010e0 (0x02aeb933) mulhu   s2, t4, a0
core   0: 3 0x800010e0 (0x02aeb933) x18 0x00000000
core   0: 0x800010e4 (0x014d56b3) srl     a3, s10, s4
core   0: 3 0x800010e4 (0x014d56b3) x13 0x000007ff
core   0: 0x800010e8 (0xfea10823) sb      a0, -16(sp)
core   0: 3 0x800010e8 (0xfea10823) mem 0x800101b3 0x74
core   0: 0x800010ec (0xfd315683) lhu     a3, -45(sp)
core   0: 3 0x800010ec (0xfd315683) x13 0x00004c4d mem 0x80010196
core   0: 0x800010f0 (0xfd010903) lb      s2, -48(sp)
core   0: 3 0x800010f0 (0xfd010903) x18 0x00000048 mem 0x80010193
core   0: 0x800010f4 (0x012a0d33) add     s10, s4, s2
core   0: 3 0x800010f4 (0x012a0d33) x26 0xffffffbd
core   0: 0x800010f8 (0x034edeb3) divu    t4, t4, s4
core   0: 3 0x800010f8 (0x034edeb3) x29 0x00000000
core   0: 0x800010fc (0x0ff0000f) fence   iorw,iorw
core   0: 3 0x800010fc (0x0ff0000f)
core   0: 0x80001100 (0x00008299) c.srli  a3, 6
core   0: 3 0x80001100 (0x8299) x13 0x00000131
core   0: 0x80001102 (0x012d1933) sll     s2, s10, s2
core   0: 3 0x80001102 (0x012d1933) x18 0xffffbd00
core   0: 0x80001106 (0x00008e95) c.sub   a3, a3
core   0: 3 0x80001106 (0x8e95) x13 0x00000000
core   0: 0x80001108 (0x02d10ba3) sb      a3, 55(sp)
core   0: 3 0x80001108 (0x02d10ba3) mem 0x800101fa 0x0
core   0: 0x8000110c (0x03452933) mulhsu  s2, a0, s4
core   0: 3 0x8000110c (0x03452933) x18 0xffffff74
core   0: 0x80001110 (0x00f69a13) slli    s4, a3, 15
core   0: 3 0x80001110 (0x00f69a13) x20 0x00000000
core   0: 0x80001114 (0x032d3933) mulhu   s2, s10, s2
core   0: 3 0x80001114 (0x032d3933) x18 0xffffff31
core   0: 0x80001118 (0x032506b3) mul     a3, a0, s2
core   0: 3 0x80001118 (0x032506b3) x13 0x00007134
core   0: 0x8000111c (0xfdc14d03) lbu     s10, -36(sp)
core   0: 3 0x8000111c (0xfdc14d03) x26 0x00000054 mem 0x8001019f
core   0: 0x80001120 (0xfd515a03) lhu     s4, -43(sp)
core   0: 3 0x80001120 (0xfd515a03) x20 0x00005253 mem 0x80010198
core   0: 0x80001124 (0x02b11503) lh      a0, 43(sp)
core   0: 3 0x80001124 (0x02b11503) x10 0xffffa4a5 mem 0x800101ee
core   0: 0x80001128 (0x03315503) lhu     a0, 51(sp)
core   0: 3 0x80001128 (0x03315503) x10 0x0000acad mem 0x800101f6
core   0: 0x8000112c (0x00009936) c.add   s2, a3
core   0: 3 0x8000112c (0x9936) x18 0x00007065
core   0: 0x8000112e (0x01aeba33) sltu    s4, t4, s10
core   0: 3 0x8000112e (0x01aeba33) x20 0x00000001
core   0: 0x80001132 (0x00d105a3) sb      a3, 11(sp)
core   0: 3 0x80001132 (0x00d105a3) mem 0x800101ce 0x34
core   0: 0x80001136 (0x00d10c23) sb      a3, 24(sp)
core   0: 3 0x80001136 (0x00d10c23) mem 0x800101db 0x34
core   0: 0x8000113a (0x034124a3) sw      s4, 41(sp)
core   0: 3 0x8000113a (0x034124a3) mem 0x800101ec 0x00000001
core   0: 0x8000113e (0x01aa3eb3) sltu    t4, s4, s10
core   0: 3 0x8000113e (0x01aa3eb3) x29 0x00000001
core   0: 0x80001142 (0x03a10683) lb      a3, 58(sp)
core   0: 3 0x80001142 (0x03a10683) x13 0xffffffb6 mem 0x800101fd
core   0: 0x80001146 (0xfeb11e83) lh      t4, -21(sp)
core   0: 3 0x80001146 (0xfeb11e83) x29 0x00006465 mem 0x800101ae
core   0: 0x8000114a (0x01da26b3) slt     a3, s4, t4
core   0: 3 0x8000114a (0x01da26b3) x13 0x00000001
core   0: 0x8000114e (0x01110a03) lb      s4, 17(sp)
core   0: 3 0x8000114e (0x01110a03) x20 0xffffff8f mem 0x800101d4
core   0: 0x80001152 (0x03810683) lb      a3, 56(sp)
core   0: 3 0x80001152 (0x03810683) x13 0xffffffb0 mem 0x800101fb
core   0: 0x80001156 (0x02e14a03) lbu     s4, 46(sp)
core   0: 3 0x80001156 (0x02e14a03) x20 0x000000aa mem 0x800101f1
core   0: 0x8000115a (0x0001f897) auipc   a7, 0x1f
core   0: 3 0x8000115a (0x0001f897) x17 0x8002015a
core   0: 0x8000115e (0x91088893) addi    a7, a7, -1776
core   0: 3 0x8000115e (0x91088893) x17 0x8001fa6a
core   0: 0x80001162 (0x38489283) lh      t0, 900(a7)
core   0: 3 0x80001162 (0x38489283) x 5 0xffffa4a5 mem 0x8001fdee
core   0: 0x80001166 (0xb0a8c903) lbu     s2, -1270(a7)
core   0: 3 0x80001166 (0xb0a8c903) x18 0x0000002f mem 0x8001f574
core   0: 0x8000116a (0x49b88f03) lb      t5, 1179(a7)
core   0: 3 0x8000116a (0x49b88f03) x30 0xffffffbe mem 0x8001ff05
core   0: 0x8000116e (0x24f88a03) lb      s4, 591(a7)
core   0: 3 0x8000116e (0x24f88a03) x20 0x00000072 mem 0x8001fcb9
core   0: 0x80001172 (0x038e2d33) mulhsu  s10, t3, s8
core   0: 3 0x80001172 (0x038e2d33) x26 0x00000000
core   0: 0x80001176 (0xb328db03) lhu     s6, -1230(a7)
core   0: 3 0x80001176 (0xb328db03) x22 0x00005657 mem 0x8001f59c
core   0: 0x8000117a (0x6c988003) lb      zero, 1737(a7)
core   0: 3 0x8000117a (0x6c988003) mem 0x80020133
core   0: 0x8000117e (0x72f89623) sh      a5, 1836(a7)
core   0: 3 0x8000117e (0x72f89623) mem 0x80020196 0x0040
core   0: 0x80001182 (0x0000876d) c.srai  a4, 27
core   0: 3 0x80001182 (0x876d) x14 0x00000000
core   0: 0x80001184 (0x1eb88783) lb      a5, 491(a7)
core   0: 3 0x80001184 (0x1eb88783) x15 0x0000000e mem 0x8001fc55
core   0: 0x80001188 (0xe508cd03) lbu     s10, -432(a7)
core   0: 3 0x80001188 (0xe508cd03) x26 0x00000071 mem 0x8001f8ba
core   0: 0x8000118c (0x9e088783) lb      a5, -1568(a7)
core   0: 3 0x8000118c (0x9e088783) x15 0x00000001 mem 0x8001f44a
core   0: 0x80001190 (0x0c988a03) lb      s4, 201(a7)
core   0: 3 0x80001190 (0x0c988a03) x20 0xffffffe8 mem 0x8001fb33
core   0: 0x80001194 (0x7c23ff13) andi    t5, t2, 1986
core   0: 3 0x80001194 (0x7c23ff13) x30 0x00000000
core   0: 0x80001198 (0x3a786f13) ori     t5, a6, 935
core   0: 3 0x80001198 (0x3a786f13) x30 0x000003a7
core   0: 0x8000119c (0x00008e4d) c.or    a2, a1
core   0: 3 0x8000119c (0x8e4d) x12 0x000100bd
core   0: 0x8000119e (0x00000001) c.nop
core   0: 3 0x8000119e (0x0001)
core   0: 0x800011a0 (0x3ed8c683) lbu     a3, 1005(a7)
core   0: 3 0x800011a0 (0x3ed8c683) x13 0x0000000c mem 0x8001fe57
core   0: 0x800011a4 (0x522880a3) sb      sp, 1313(a7)
core   0: 3 0x800011a4 (0x522880a3) mem 0x8001ff8b 0xc3
core   0: 0x800011a8 (0x015ef033) and     zero, t4, s5
core   0: 3 0x800011a8 (0x015ef033)
core   0: 0x800011ac (0xdf289023) sh      s2, -544(a7)
core   0: 3 0x800011ac (0xdf289023) mem 0x8001f84a 0x002f
core   0: 0x800011b0 (0x97188ca3) sb      a7, -1671(a7)
core   0: 3 0x800011b0 (0x97188ca3) mem 0x8001f3e3 0x6a
core   0: 0x800011b4 (0x0000577d) c.li    a4, -1
core   0: 3 0x800011b4 (0x577d) x14 0xffffffff
core   0: 0x800011b6 (0x5728c483) lbu     s1, 1394(a7)
core   0: 3 0x800011b6 (0x5728c483) x 9 0x00000097 mem 0x8001ffdc
core   0: 0x800011ba (0x1fa88da3) sb      s10, 507(a7)
core   0: 3 0x800011ba (0x1fa88da3) mem 0x8001fc65 0x71
core   0: 0x800011be (0x78b89823) sh      a1, 1936(a7)
core   0: 3 0x800011be (0x78b89823) mem 0x800201fa 0x00bd
core   0: 0x800011c2 (0x02fa64b3) rem     s1, s4, a5
core   0: 3 0x800011c2 (0x02fa64b3) x 9 0x00000000
core   0: 0x800011c6 (0x2b18c503) lbu     a0, 689(a7)
core   0: 3 0x800011c6 (0x2b18c503) x10 0x000000d0 mem 0x8001fd1b
core   0: 0x800011ca (0x9b58cd83) lbu     s11, -1611(a7)
core   0: 3 0x800011ca (0x9b58cd83) x27 0x000000d4 mem 0x8001f41f
core   0: 0x800011ce (0xfd28ae83) lw      t4, -46(a7)
core   0: 3 0x800011ce (0xfd28ae83) x29 0x0012f6f7 mem 0x8001fa3c
core   0: 0x800011d2 (0x03288ea3) sb      s2, 61(a7)
core   0: 3 0x800011d2 (0x03288ea3) mem 0x8001faa7 0x2f
core   0: 0x800011d6 (0x1808da03) lhu     s4, 384(a7)
core   0: 3 0x800011d6 (0x1808da03) x20 0x0000a0a1 mem 0x8001fbea
core   0: 0x800011da (0x4168dd83) lhu     s11, 1046(a7)
core   0: 3 0x800011da (0x4168dd83) x27 0x00003a3b mem 0x8001fe80
core   0: 0x800011de (0x2b588ca3) sb      s5, 697(a7)
core   0: 3 0x800011de (0x2b588ca3) mem 0x8001fd23 0xe4
core   0: 0x800011e2 (0x0000717d) c.addi16sp sp, -16
core   0: 3 0x800011e2 (0x717d) x 2 0x800101b3
core   0: 0x800011e4 (0xeaa883a3) sb      a0, -345(a7)
core   0: 3 0x800011e4 (0xeaa883a3) mem 0x8001f911 0xd0
core   0: 0x800011e8 (0x8a88ca03) lbu     s4, -1880(a7)
core   0: 3 0x800011e8 (0x8a88ca03) x20 0x000000c9 mem 0x8001f312
core   0: 0x800011ec (0x00008c79) c.and   s0, a4
core   0: 3 0x800011ec (0x8c79) x 8 0x0000d000
core   0: 0x800011ee (0x000067d1) c.lui   a5, 0x14
core   0: 3 0x800011ee (0x67d1) x15 0x00014000
core   0: 0x800011f0 (0xb828d783) lhu     a5, -1150(a7)
core   0: 3 0x800011f0 (0xb828d783) x15 0x0000a6a7 mem 0x8001f5ec
core   0: 0x800011f4 (0x00008f6d) c.and   a4, a1
core   0: 3 0x800011f4 (0x8f6d) x14 0x000000bd
core   0: 0x800011f6 (0xc1888b03) lb      s6, -1000(a7)
core   0: 3 0x800011f6 (0xc1888b03) x22 0x00000039 mem 0x8001f682
core   0: 0x800011fa (0xbabc2313) slti    t1, s8, -1109
core   0: 3 0x800011fa (0xbabc2313) x 6 0x00000000
core   0: 0x800011fe (0xb2388d83) lb      s11, -1245(a7)
core   0: 3 0x800011fe (0xb2388d83) x27 0x00000046 mem 0x8001f58d
core   0: 0x80001202 (0x0001c117) auipc   sp, 0x1c
core   0: 3 0x80001202 (0x0001c117) x 2 0x8001d202
core   0: 0x80001206 (0x85210113) addi    sp, sp, -1966
core   0: 3 0x80001206 (0x85210113) x 2 0x8001ca54
core   0: 0x8000120a (0xff310da3) sb      s3, -5(sp)
core   0: 3 0x8000120a (0xff310da3) mem 0x8001ca4f 0x39
core   0: 0x8000120e (0xfe610da3) sb      t1, -5(sp)
core   0: 3 0x8000120e (0xfe610da3) mem 0x8001ca4f 0x0
core   0: 0x80001212 (0xffb14a03) lbu     s4, -5(sp)
core   0: 3 0x80001212 (0xffb14a03) x20 0x00000000 mem 0x8001ca4f
core   0: 0x80001216 (0xffb10183) lb      gp, -5(sp)
core   0: 3 0x80001216 (0xffb10183) x 3 0x00000000 mem 0x8001ca4f
core   0: 0x8000121a (0x000086c6) c.mv    a3, a7
core   0: 3 0x8000121a (0x86c6) x13 0x8001fa6a
core   0: 0x8000121c (0x3f1dc913) xori    s2, s11, 1009
core   0: 3 0x8000121c (0x3f1dc913) x18 0x000003b7
core   0: 0x80001220 (0xffb14f83) lbu     t6, -5(sp)
core   0: 3 0x80001220 (0xffb14f83) x31 0x00000000 mem 0x8001ca4f
core   0: 0x80001224 (0xffb10883) lb      a7, -5(sp)
core   0: 3 0x80001224 (0xffb10883) x17 0x00000000 mem 0x8001ca4f
core   0: 0x80001228 (0xfca64313) xori    t1, a2, -54
core   0: 3 0x80001228 (0xfca64313) x 6 0xfffeff77
core   0: 0x8000122c (0x028d4933) div     s2, s10, s0
core   0: 3 0x8000122c (0x028d4933) x18 0x00000000
core   0: 0x80001230 (0xffb10e83) lb      t4, -5(sp)
core   0: 3 0x80001230 (0xffb10e83) x29 0x00000000 mem 0x8001ca4f
core   0: 0x80001234 (0xffb10283) lb      t0, -5(sp)
core   0: 3 0x80001234 (0xffb10283) x 5 0x00000000 mem 0x8001ca4f
core   0: 0x80001238 (0xff010da3) sb      a6, -5(sp)
core   0: 3 0x80001238 (0xff010da3) mem 0x8001ca4f 0x0
core   0: 0x8000123c (0x93c98693) addi    a3, s3, -1732
core   0: 3 0x8000123c (0x93c98693) x13 0x80012075
core   0: 0x80001240 (0xffb10a03) lb      s4, -5(sp)
core   0: 3 0x80001240 (0xffb10a03) x20 0x00000000 mem 0x8001ca4f
core   0: 0x80001244 (0xffc10da3) sb      t3, -5(sp)
core   0: 3 0x80001244 (0xffc10da3) mem 0x8001ca4f 0xc2
core   0: 0x80001248 (0xe002b097) auipc   ra, 0xe002b
core   0: 3 0x80001248 (0xe002b097) x 1 0x6002c248
core   0: 0x8000124c (0xffb14f83) lbu     t6, -5(sp)
core   0: 3 0x8000124c (0xffb14f83) x31 0x000000c2 mem 0x8001ca4f
core   0: 0x80001250 (0xffb10003) lb      zero, -5(sp)
core   0: 3 0x80001250 (0xffb10003) mem 0x8001ca4f
core   0: 0x80001254 (0xffb10e83) lb      t4, -5(sp)
core   0: 3 0x80001254 (0xffb10e83) x29 0xffffffc2 mem 0x8001ca4f
core   0: 0x80001258 (0xffb10083) lb      ra, -5(sp)
core   0: 3 0x80001258 (0xffb10083) x 1 0xffffffc2 mem 0x8001ca4f
core   0: 0x8000125c (0x0242e913) ori     s2, t0, 36
core   0: 3 0x8000125c (0x0242e913) x18 0x00000024
core   0: 0x80001260 (0xfef10da3) sb      a5, -5(sp)
core   0: 3 0x80001260 (0xfef10da3) mem 0x8001ca4f 0xa7
core   0: 0x80001264 (0xffb10c03) lb      s8, -5(sp)
core   0: 3 0x80001264 (0xffb10c03) x24 0xffffffa7 mem 0x8001ca4f
core   0: 0x80001268 (0xff910da3) sb      s9, -5(sp)
core   0: 3 0x80001268 (0xff910da3) mem 0x8001ca4f 0x64
core   0: 0x8000126c (0x0040076f) jal     a4, pc + 0x4
core   0: 3 0x8000126c (0x0040076f) x14 0x80001270
core   0: 0x80001270 (0x0000a00d) c.j     pc + 34
core   0: 3 0x80001270 (0xa00d)
core   0: 0x80001292 (0x000037d5) c.jal   pc - 28
core   0: 3 0x80001292 (0x37d5) x 1 0x80001294
core   0: 0x80001276 (0x00002821) c.jal   pc + 24
core   0: 3 0x80001276 (0x2821) x 1 0x80001278
core   0: 0x8000128e (0x008000ef) jal     pc + 0x8
core   0: 3 0x8000128e (0x008000ef) x 1 0x80001292
core   0: 0x80001296 (0x00002029) c.jal   pc + 10
core   0: 3 0x80001296 (0x2029) x 1 0x80001298
core   0: 0x800012a0 (0xfdfff16f) jal     sp, pc - 0x22
core   0: 3 0x800012a0 (0xfdfff16f) x 2 0x800012a4
core   0: 0x8000127e (0x00002009) c.jal   pc + 2
core   0: 3 0x8000127e (0x2009) x 1 0x80001280
core   0: 0x80001280 (0x018002ef) jal     t0, pc + 0x18
core   0: 3 0x80001280 (0x018002ef) x 5 0x80001284
core   0: 0x80001298 (0x00003fcd) c.jal   pc - 14
core   0: 3 0x80001298 (0x3fcd) x 1 0x8000129a
core   0: 0x8000128a (0xff3ff0ef) jal     pc - 0xe
core   0: 3 0x8000128a (0xff3ff0ef) x 1 0x8000128e
core   0: 0x8000127c (0x00003fdd) c.jal   pc - 10
core   0: 3 0x8000127c (0x3fdd) x 1 0x8000127e
core   0: 0x80001272 (0x0320036f) jal     t1, pc + 0x32
core   0: 3 0x80001272 (0x0320036f) x 6 0x80001276
core   0: 0x800012a4 (0xfd5ff8ef) jal     a7, pc - 0x2c
core   0: 3 0x800012a4 (0xfd5ff8ef) x17 0x800012a8
core   0: 0x80001278 (0x00002015) c.jal   pc + 36
core   0: 3 0x80001278 (0x2015) x 1 0x8000127a
core   0: 0x8000129c (0xff9ff86f) jal     a6, pc - 0x8
core   0: 3 0x8000129c (0xff9ff86f) x16 0x800012a0
core   0: 0x80001294 (0x00002019) c.jal   pc + 6
core   0: 3 0x80001294 (0x2019) x 1 0x80001296
core   0: 0x8000129a (0x0000b7f5) c.j     pc - 20
core   0: 3 0x8000129a (0xb7f5)
core   0: 0x80001286 (0xff5ff76f) jal     a4, pc - 0xc
core   0: 3 0x80001286 (0xff5ff76f) x14 0x8000128a
core   0: 0x8000127a (0x0000a03d) c.j     pc + 46
core   0: 3 0x8000127a (0xa03d)
core   0: 0x800012a8 (0x0000bff1) c.j     pc - 36
core   0: 3 0x800012a8 (0xbff1)
core   0: 0x80001284 (0x0000a01d) c.j     pc + 38
core   0: 3 0x80001284 (0xa01d)
core   0: 0x800012aa (0x034a6733) rem     a4, s4, s4
core   0: 3 0x800012aa (0x034a6733) x14 0x00000000
core   0: 0x800012ae (0xffe00513) li      a0, -2
core   0: 3 0x800012ae (0xffe00513) x10 0xfffffffe
core   0: 0x800012b2 (0x00c426b3) slt     a3, s0, a2
core   0: 3 0x800012b2 (0x00c426b3) x13 0x00000001
core   0: 0x800012b6 (0x01ecf0b3) and     ra, s9, t5
core   0: 3 0x800012b6 (0x01ecf0b3) x 1 0x00000224
core   0: 0x800012ba (0x02b111b3) mulh    gp, sp, a1
core   0: 3 0x800012ba (0x02b111b3) x 3 0xffffffa1
core   0: 0x800012be (0xf53d3197) auipc   gp, 0xf53d3
core   0: 3 0x800012be (0xf53d3197) x 3 0x753d42be
core   0: 0x800012c2 (0x00600113) li      sp, 6
core   0: 3 0x800012c2 (0x00600113) x 2 0x00000006
core   0: 0x800012c6 (0x00008f5d) c.or    a4, a5
core   0: 3 0x800012c6 (0x8f5d) x14 0x0000a6a7
core   0: 0x800012c8 (0x1868bfb7) lui     t6, 0x1868b
core   0: 3 0x800012c8 (0x1868bfb7) x31 0x1868b000
core   0: 0x800012cc (0x00000001) c.nop
core   0: 3 0x800012cc (0x0001)
core   0: 0x800012ce (0x00000519) c.addi  a0, 6
core   0: 3 0x800012ce (0x0519) x10 0x00000004
core   0: 0x800012d0 (0x00008eea) c.mv    t4, s10
core   0: 3 0x800012d0 (0x8eea) x29 0x00000071
core   0: 0x800012d2 (0xf89aa713) slti    a4, s5, -119
core   0: 3 0x800012d2 (0xf89aa713) x14 0x00000001
core   0: 0x800012d6 (0x000086b9) c.srai  a3, 14
core   0: 3 0x800012d6 (0x86b9) x13 0x00000000
core   0: 0x800012d8 (0x00008b2a) c.mv    s6, a0
core   0: 3 0x800012d8 (0x8b2a) x22 0x00000004
core   0: 0x800012da (0x036883b3) mul     t2, a7, s6
core   0: 3 0x800012da (0x036883b3) x 7 0x00004aa0
core   0: 0x800012de (0x007087b3) add     a5, ra, t2
core   0: 3 0x800012de (0x007087b3) x15 0x00004cc4
core   0: 0x800012e2 (0x01f0bc33) sltu    s8, ra, t6
core   0: 3 0x800012e2 (0x01f0bc33) x24 0x00000001
core   0: 0x800012e6 (0x004e2033) slt     zero, t3, tp
core   0: 3 0x800012e6 (0x004e2033)
core   0: 0x800012ea (0x034a3433) mulhu   s0, s4, s4
core   0: 3 0x800012ea (0x034a3433) x 8 0x00000000
core   0: 0x800012ee (0x000081d2) c.mv    gp, s4
core   0: 3 0x800012ee (0x81d2) x 3 0x00000000
core   0: 0x800012f0 (0xfc254be3) blt     a0, sp, pc - 42
core   0: 3 0x800012f0 (0xfc254be3)
core   0: 0x800012c6 (0x00008f5d) c.or    a4, a5
core   0: 3 0x800012c6 (0x8f5d) x14 0x00004cc5
core   0: 0x800012c8 (0x1868bfb7) lui     t6, 0x1868b
core   0: 3 0x800012c8 (0x1868bfb7) x31 0x1868b000
core   0: 0x800012cc (0x00000001) c.nop
core   0: 3 0x800012cc (0x0001)
core   0: 0x800012ce (0x00000519) c.addi  a0, 6
core   0: 3 0x800012ce (0x0519) x10 0x0000000a
core   0: 0x800012d0 (0x00008eea) c.mv    t4, s10
core   0: 3 0x800012d0 (0x8eea) x29 0x00000071
core   0: 0x800012d2 (0xf89aa713) slti    a4, s5, -119
core   0: 3 0x800012d2 (0xf89aa713) x14 0x00000001
core   0: 0x800012d6 (0x000086b9) c.srai  a3, 14
core   0: 3 0x800012d6 (0x86b9) x13 0x00000000
core   0: 0x800012d8 (0x00008b2a) c.mv    s6, a0
core   0: 3 0x800012d8 (0x8b2a) x22 0x0000000a
core   0: 0x800012da (0x036883b3) mul     t2, a7, s6
core   0: 3 0x800012da (0x036883b3) x 7 0x0000ba90
core   0: 0x800012de (0x007087b3) add     a5, ra, t2
core   0: 3 0x800012de (0x007087b3) x15 0x0000bcb4
core   0: 0x800012e2 (0x01f0bc33) sltu    s8, ra, t6
core   0: 3 0x800012e2 (0x01f0bc33) x24 0x00000001
core   0: 0x800012e6 (0x004e2033) slt     zero, t3, tp
core   0: 3 0x800012e6 (0x004e2033)
core   0: 0x800012ea (0x034a3433) mulhu   s0, s4, s4
core   0: 3 0x800012ea (0x034a3433) x 8 0x00000000
core   0: 0x800012ee (0x000081d2) c.mv    gp, s4
core   0: 3 0x800012ee (0x81d2) x 3 0x00000000
core   0: 0x800012f0 (0xfc254be3) blt     a0, sp, pc - 42
core   0: 3 0x800012f0 (0xfc254be3)
core   0: 0x800012f4 (0x017f4633) xor     a2, t5, s7
core   0: 3 0x800012f4 (0x017f4633) x12 0x000003a7
core   0: 0x800012f8 (0x0000ff17) auipc   t5, 0xf
core   0: 3 0x800012f8 (0x0000ff17) x30 0x800102f8
core   0: 0x800012fc (0x534f0f13) addi    t5, t5, 1332
core   0: 3 0x800012fc (0x534f0f13) x30 0x8001082c
core   0: 0x80001300 (0x0000fa17) auipc   s4, 0xf
core   0: 3 0x80001300 (0x0000fa17) x20 0x80010300
core   0: 0x80001304 (0x1a6a0a13) addi    s4, s4, 422
core   0: 3 0x80001304 (0x1a6a0a13) x20 0x800104a6
core   0: 0x80001308 (0xfe2f2423) sw      sp, -24(t5)
core   0: 3 0x80001308 (0xfe2f2423) mem 0x80010814 0x00000006
core   0: 0x8000130c (0xfaaf1283) lh      t0, -86(t5)
core   0: 3 0x8000130c (0xfaaf1283) x 5 0xffff8c8d mem 0x800107d6
core   0: 0x80001310 (0xfe1a0703) lb      a4, -31(s4)
core   0: 3 0x80001310 (0xfe1a0703) x14 0x0000005a mem 0x80010487
core   0: 0x80001314 (0x049f4503) lbu     a0, 73(t5)
core   0: 3 0x80001314 (0x049f4503) x10 0x0000002e mem 0x80010875
core   0: 0x80001318 (0xf08f0023) sb      s0, -256(t5)
core   0: 3 0x80001318 (0xf08f0023) mem 0x8001072c 0x0
core   0: 0x8000131c (0x02ba4683) lbu     a3, 43(s4)
core   0: 3 0x8000131c (0x02ba4683) x13 0x0000008a mem 0x800104d1
core   0: 0x80001320 (0xf3ef1883) lh      a7, -194(t5)
core   0: 3 0x80001320 (0xf3ef1883) x17 0x00002021 mem 0x8001076a
core   0: 0x80001324 (0x089f0923) sb      s1, 146(t5)
core   0: 3 0x80001324 (0x089f0923) mem 0x800108be 0x0
core   0: 0x80001328 (0xf29f08a3) sb      s1, -207(t5)
core   0: 3 0x80001328 (0xf29f08a3) mem 0x8001075d 0x0
core   0: 0x8000132c (0x006a4b83) lbu     s7, 6(s4)
core   0: 3 0x8000132c (0x006a4b83) x23 0x00000067 mem 0x800104ac
core   0: 0x80001330 (0x051f0683) lb      a3, 81(t5)
core   0: 3 0x80001330 (0x051f0683) x13 0x00000036 mem 0x8001087d
core   0: 0x80001334 (0xfe4a1223) sh      tp, -28(s4)
core   0: 3 0x80001334 (0xfe4a1223) mem 0x8001048a 0x0000
core   0: 0x80001338 (0xf19f4303) lbu     t1, -231(t5)
core   0: 3 0x80001338 (0xf19f4303) x 6 0x000000fe mem 0x80010745
core   0: 0x8000133c (0xfe9a0683) lb      a3, -23(s4)
core   0: 3 0x8000133c (0xfe9a0683) x13 0x00000044 mem 0x8001048f
core   0: 0x80001340 (0x0000f497) auipc   s1, 0xf
core   0: 3 0x80001340 (0x0000f497) x 9 0x80010340
core   0: 0x80001344 (0x64748493) addi    s1, s1, 1607
core   0: 3 0x80001344 (0x64748493) x 9 0x80010987
core   0: 0x80001348 (0x0001c117) auipc   sp, 0x1c
core   0: 3 0x80001348 (0x0001c117) x 2 0x8001d348
core   0: 0x8000134c (0x41210113) addi    sp, sp, 1042
core   0: 3 0x8000134c (0x41210113) x 2 0x8001d75a
core   0: 0x80001350 (0xffa12303) lw      t1, -6(sp)
core   0: 3 0x80001350 (0xffa12303) x 6 0x0c0d0e0f mem 0x8001d754
core   0: 0x80001354 (0xf8a48183) lb      gp, -118(s1)
core   0: 3 0x80001354 (0xf8a48183) x 3 0xffffffca mem 0x80010911
core   0: 0x80001358 (0xbe448da3) sb      tp, -1029(s1)
core   0: 3 0x80001358 (0xbe448da3) mem 0x80010582 0x0
core   0: 0x8000135c (0x00410383) lb      t2, 4(sp)
core   0: 3 0x8000135c (0x00410383) x 7 0x00000015 mem 0x8001d75e
core   0: 0x80001360 (0xba34d603) lhu     a2, -1117(s1)
core   0: 3 0x80001360 (0xba34d603) x12 0x0000e0e1 mem 0x8001052a
core   0: 0x80001364 (0xc4b48123) sb      a1, -958(s1)
core   0: 3 0x80001364 (0xc4b48123) mem 0x800105c9 0xbd
core   0: 0x80001368 (0xf074ca03) lbu     s4, -249(s1)
core   0: 3 0x80001368 (0xf074ca03) x20 0x00000000 mem 0x8001088e
core   0: 0x8000136c (0x5d848a03) lb      s4, 1496(s1)
core   0: 3 0x8000136c (0x5d848a03) x20 0x00000000 mem 0x80010f5f
core   0: 0x80001370 (0xfe610aa3) sb      t1, -11(sp)
core   0: 3 0x80001370 (0xfe610aa3) mem 0x8001d74f 0xf
core   0: 0x80001374 (0xff611e03) lh      t3, -10(sp)
core   0: 3 0x80001374 (0xff611e03) x28 0x00000a0b mem 0x8001d750
core   0: 0x80001378 (0x1994cd83) lbu     s11, 409(s1)
core   0: 3 0x80001378 (0x1994cd83) x27 0x000000db mem 0x80010b20
core   0: 0x8000137c (0x00e12383) lw      t2, 14(sp)
core   0: 3 0x8000137c (0x00e12383) x 7 0x20212223 mem 0x8001d768
core   0: 0x80001380 (0x0001f117) auipc   sp, 0x1f
core   0: 3 0x80001380 (0x0001f117) x 2 0x80020380
core   0: 0x80001384 (0x88c10113) addi    sp, sp, -1908
core   0: 3 0x80001384 (0x88c10113) x 2 0x8001fc0c
core   0: 0x80001388 (0x41f055b3) sra     a1, zero, t6
core   0: 3 0x80001388 (0x41f055b3) x11 0x00000000
core   0: 0x8000138c (0x000050c2) c.lwsp  ra, 48(sp)
core   0: 3 0x8000138c (0x50c2) x 1 0xf4f5f6f7 mem 0x8001fc3c
core   0: 0x8000138e (0x01f10a03) lb      s4, 31(sp)
core   0: 3 0x8000138e (0x01f10a03) x20 0xffffffe0 mem 0x8001fc2b
core   0: 0x80001392 (0x00000db6) c.slli  s11, 13
core   0: 3 0x80001392 (0x0db6) x27 0x001b6000
core   0: 0x80001394 (0x40275493) srai    s1, a4, 2
core   0: 3 0x80001394 (0x40275493) x 9 0x00000016
core   0: 0x80001398 (0x02230933) mul     s2, t1, sp
core   0: 3 0x80001398 (0x02230933) x18 0xf8826cb4
core   0: 0x8000139c (0xf97dae13) slti    t3, s11, -105
core   0: 3 0x8000139c (0xf97dae13) x28 0x00000000
core   0: 0x800013a0 (0xfde15a03) lhu     s4, -34(sp)
core   0: 3 0x800013a0 (0xfde15a03) x20 0x0000a0a1 mem 0x8001fbea
core   0: 0x800013a4 (0x01e10d03) lb      s10, 30(sp)
core   0: 3 0x800013a4 (0x01e10d03) x26 0xffffffe1 mem 0x8001fc2a
core   0: 0x800013a8 (0x00d11123) sh      a3, 2(sp)
core   0: 3 0x800013a8 (0x00d11123) mem 0x8001fc0e 0x0044
core   0: 0x800013ac (0x00008d39) c.xor   a0, a4
core   0: 3 0x800013ac (0x8d39) x10 0x00000074
core   0: 0x800013ae (0xa9396937) lui     s2, 0xa9396
core   0: 3 0x800013ae (0xa9396937) x18 0xa9396000
core   0: 0x800013b2 (0xeb72fb93) andi    s7, t0, -329
core   0: 3 0x800013b2 (0xeb72fb93) x23 0xffff8c85
core   0: 0x800013b6 (0x40b45513) srai    a0, s0, 11
core   0: 3 0x800013b6 (0x40b45513) x10 0x00000000
core   0: 0x800013ba (0xfee15683) lhu     a3, -18(sp)
core   0: 3 0x800013ba (0xfee15683) x13 0x0000b0b1 mem 0x8001fbfa
core   0: 0x800013be (0x02710d83) lb      s11, 39(sp)
core   0: 3 0x800013be (0x02710d83) x27 0xffffffe8 mem 0x8001fc33
core   0: 0x800013c2 (0x41675d13) srai    s10, a4, 22
core   0: 3 0x800013c2 (0x41675d13) x26 0x00000000
core   0: 0x800013c6 (0x000051c2) c.lwsp  gp, 48(sp)
core   0: 3 0x800013c6 (0x51c2) x 3 0xf4f5f6f7 mem 0x8001fc3c
core   0: 0x800013c8 (0x03699f33) mulh    t5, s3, s6
core   0: 3 0x800013c8 (0x03699f33) x30 0xfffffffb
core   0: 0x800013cc (0xfd614483) lbu     s1, -42(sp)
core   0: 3 0x800013cc (0xfd614483) x 9 0x00000099 mem 0x8001fbe2
core   0: 0x800013d0 (0x02310283) lb      t0, 35(sp)
core   0: 3 0x800013d0 (0x02310283) x 5 0xffffffe4 mem 0x8001fc2f
core   0: 0x800013d4 (0x00008c59) c.or    s0, a4
core   0: 3 0x800013d4 (0x8c59) x 8 0x0000005a
core   0: 0x800013d6 (0x00008275) c.srli  a2, 29
core   0: 3 0x800013d6 (0x8275) x12 0x00000000
core   0: 0x800013d8 (0x02be57b3) divu    a5, t3, a1
core   0: 3 0x800013d8 (0x02be57b3) x15 0xffffffff
core   0: 0x800013dc (0x000084ad) c.srai  s1, 11
core   0: 3 0x800013dc (0x84ad) x 9 0x00000000
core   0: 0x800013de (0xfd210223) sb      s2, -60(sp)
core   0: 3 0x800013de (0xfd210223) mem 0x8001fbd0 0x0
core   0: 0x800013e2 (0x02310783) lb      a5, 35(sp)
core   0: 3 0x800013e2 (0x02310783) x15 0xffffffe4 mem 0x8001fc2f
core   0: 0x800013e6 (0xfd310823) sb      s3, -48(sp)
core   0: 3 0x800013e6 (0xfd310823) mem 0x8001fbdc 0x39
core   0: 0x800013ea (0x00008e62) c.mv    t3, s8
core   0: 3 0x800013ea (0x8e62) x28 0x00000001
core   0: 0x800013ec (0x00000001) c.nop
core   0: 3 0x800013ec (0x0001)
core   0: 0x800013ee (0x00001efd) c.addi  t4, -1
core   0: 3 0x800013ee (0x1efd) x29 0x00000070
core   0: 0x800013f0 (0x01a31033) sll     zero, t1, s10
core   0: 3 0x800013f0 (0x01a31033)
core   0: 0x800013f4 (0x01110503) lb      a0, 17(sp)
core   0: 3 0x800013f4 (0x01110503) x10 0xffffffd6 mem 0x8001fc1d
core   0: 0x800013f8 (0x01a67333) and     t1, a2, s10
core   0: 3 0x800013f8 (0x01a67333) x 6 0x00000000
core   0: 0x800013fc (0x00000c61) c.addi  s8, 24
core   0: 3 0x800013fc (0x0c61) x24 0x00000019
core   0: 0x800013fe (0xfef14f83) lbu     t6, -17(sp)
core   0: 3 0x800013fe (0xfef14f83) x31 0x000000b0 mem 0x8001fbfb
core   0: 0x80001402 (0x03f59f33) mulh    t5, a1, t6
core   0: 3 0x80001402 (0x03f59f33) x30 0x00000000
core   0: 0x80001406 (0x000082f2) c.mv    t0, t3
core   0: 3 0x80001406 (0x82f2) x 5 0x00000001
core   0: 0x80001408 (0xfd710e83) lb      t4, -41(sp)
core   0: 3 0x80001408 (0xfd710e83) x29 0xffffff98 mem 0x8001fbe3
core   0: 0x8000140c (0xfed11723) sh      a3, -18(sp)
core   0: 3 0x8000140c (0xfed11723) mem 0x8001fbfa 0xb0b1
core   0: 0x80001410 (0x00008da9) c.xor   a1, a0
core   0: 3 0x80001410 (0x8da9) x11 0xffffffd6
core   0: 0x80001412 (0x41915813) srai    a6, sp, 25
core   0: 3 0x80001412 (0x41915813) x16 0xffffffc0
core   0: 0x80001416 (0x0134a1b3) slt     gp, s1, s3
core   0: 3 0x80001416 (0x0134a1b3) x 3 0x00000000
core   0: 0x8000141a (0x01e0da33) srl     s4, ra, t5
core   0: 3 0x8000141a (0x01e0da33) x20 0xf4f5f6f7
core   0: 0x8000141e (0x01d11523) sh      t4, 10(sp)
core   0: 3 0x8000141e (0x01d11523) mem 0x8001fc16 0xff98
core   0: 0x80001422 (0x00200413) li      s0, 2
core   0: 3 0x80001422 (0x00200413) x 8 0x00000002
core   0: 0x80001426 (0x00300693) li      a3, 3
core   0: 3 0x80001426 (0x00300693) x13 0x00000003
core   0: 0x8000142a (0x02d202b3) mul     t0, tp, a3
core   0: 3 0x8000142a (0x02d202b3) x 5 0x80000000
core   0: 0x8000142e (0x4644b513) sltiu   a0, s1, 1124
core   0: 3 0x8000142e (0x4644b513) x10 0x00000001
core   0: 0x80001432 (0x00000415) c.addi  s0, 5
core   0: 3 0x80001432 (0x0415) x 8 0x00000007
core   0: 0x80001434 (0xfed46de3) bltu    s0, a3, pc - 6
core   0: 3 0x80001434 (0xfed46de3)
core   0: 0x80001438 (0x02e34d33) div     s10, t1, a4
core   0: 3 0x80001438 (0x02e34d33) x26 0x00000000
core   0: 0x8000143c (0x0360076f) jal     a4, pc + 0x36
core   0: 3 0x8000143c (0x0360076f) x14 0x80001440
core   0: 0x80001472 (0x00003fcd) c.jal   pc - 14
core   0: 3 0x80001472 (0x3fcd) x 1 0x80001474
core   0: 0x80001464 (0x0000b7f5) c.j     pc - 20
core   0: 3 0x80001464 (0xb7f5)
core   0: 0x80001450 (0xff9ff36f) jal     t1, pc - 0x8
core   0: 3 0x80001450 (0xff9ff36f) x 6 0x80001454
core   0: 0x80001448 (0x00002005) c.jal   pc + 32
core   0: 3 0x80001448 (0x2005) x 1 0x8000144a
core   0: 0x80001468 (0xff9ff0ef) jal     pc - 0x8
core   0: 3 0x80001468 (0xff9ff0ef) x 1 0x8000146c
core   0: 0x80001460 (0x00c000ef) jal     pc + 0xc
core   0: 3 0x80001460 (0x00c000ef) x 1 0x80001464
core   0: 0x8000146c (0x00003fc5) c.jal   pc - 16
core   0: 3 0x8000146c (0x3fc5) x 1 0x8000146e
core   0: 0x8000145c (0x0000b7fd) c.j     pc - 18
core   0: 3 0x8000145c (0xb7fd)
core   0: 0x8000144a (0x010000ef) jal     pc + 0x10
core   0: 3 0x8000144a (0x010000ef) x 1 0x8000144e
core   0: 0x8000145a (0x00002811) c.jal   pc + 20
core   0: 3 0x8000145a (0x2811) x 1 0x8000145c
core   0: 0x8000146e (0xfe1ff0ef) jal     pc - 0x20
core   0: 3 0x8000146e (0xfe1ff0ef) x 1 0x80001472
core   0: 0x8000144e (0x0000a01d) c.j     pc + 38
core   0: 3 0x8000144e (0xa01d)
core   0: 0x80001474 (0x000037f1) c.jal   pc - 52
core   0: 3 0x80001474 (0x37f1) x 1 0x80001476
core   0: 0x80001440 (0x0000a839) c.j     pc + 30
core   0: 3 0x80001440 (0xa839)
core   0: 0x8000145e (0x000037e5) c.jal   pc - 24
core   0: 3 0x8000145e (0x37e5) x 1 0x80001460
core   0: 0x80001446 (0x0000a005) c.j     pc + 32
core   0: 3 0x80001446 (0xa005)
core   0: 0x80001466 (0x0000bff1) c.j     pc - 36
core   0: 3 0x80001466 (0xbff1)
core   0: 0x80001442 (0x012002ef) jal     t0, pc + 0x12
core   0: 3 0x80001442 (0x012002ef) x 5 0x80001446
core   0: 0x80001454 (0x0040096f) jal     s2, pc + 0x4
core   0: 3 0x80001454 (0x0040096f) x18 0x80001458
core   0: 0x80001458 (0x00002839) c.jal   pc + 30
core   0: 3 0x80001458 (0x2839) x 1 0x8000145a
core   0: 0x80001476 (0x00008841) c.andi  s0, 16
core   0: 3 0x80001476 (0x8841) x 8 0x00000000
core   0: 0x80001478 (0x0000f117) auipc   sp, 0xf
core   0: 3 0x80001478 (0x0000f117) x 2 0x80010478
core   0: 0x8000147c (0x1d110113) addi    sp, sp, 465
core   0: 3 0x8000147c (0x1d110113) x 2 0x80010649
core   0: 0x80001480 (0x02210503) lb      a0, 34(sp)
core   0: 3 0x80001480 (0x02210503) x10 0x00000020 mem 0x8001066b
core   0: 0x80001484 (0x0000f317) auipc   t1, 0xf
core   0: 3 0x80001484 (0x0000f317) x 6 0x80010484
core   0: 0x80001488 (0xeca30313) addi    t1, t1, -310
core   0: 3 0x80001488 (0xeca30313) x 6 0x8001034e
core   0: 0x8000148c (0x55a31b83) lh      s7, 1370(t1)
core   0: 3 0x8000148c (0x55a31b83) x23 0x00006263 mem 0x800108a8
core   0: 0x80001490 (0xe6834503) lbu     a0, -408(t1)
core   0: 3 0x80001490 (0xe6834503) x10 0x00000075 mem 0x800101b6
core   0: 0x80001494 (0xd6334383) lbu     t2, -669(t1)
core   0: 3 0x80001494 (0xd6334383) x 7 0x0000006a mem 0x800100b1
core   0: 0x80001498 (0xfdb12ba3) sw      s11, -41(sp)
core   0: 3 0x80001498 (0xfdb12ba3) mem 0x80010620 0xffffffe8
core   0: 0x8000149c (0x3b530783) lb      a5, 949(t1)
core   0: 3 0x8000149c (0x3b530783) x15 0xffffffb8 mem 0x80010703
core   0: 0x800014a0 (0x03610283) lb      t0, 54(sp)
core   0: 3 0x800014a0 (0x03610283) x 5 0x00000034 mem 0x8001067f
core   0: 0x800014a4 (0xfda14c03) lbu     s8, -38(sp)
core   0: 3 0x800014a4 (0xfda14c03) x24 0x000000ff mem 0x80010623
core   0: 0x800014a8 (0x00310a23) sb      gp, 20(sp)
core   0: 3 0x800014a8 (0x00310a23) mem 0x8001065d 0x0
core   0: 0x800014ac (0x6c730783) lb      a5, 1735(t1)
core   0: 3 0x800014ac (0x6c730783) x15 0xffffffce mem 0x80010a15
core   0: 0x800014b0 (0xfdd10c23) sb      t4, -40(sp)
core   0: 3 0x800014b0 (0xfdd10c23) mem 0x80010621 0x98
core   0: 0x800014b4 (0x29730083) lb      ra, 663(t1)
core   0: 3 0x800014b4 (0x29730083) x 1 0xffffff9e mem 0x800105e5
core   0: 0x800014b8 (0xf4e31f23) sh      a4, -162(t1)
core   0: 3 0x800014b8 (0xf4e31f23) mem 0x800102ac 0x1440
core   0: 0x800014bc (0xfc2106a3) sb      sp, -51(sp)
core   0: 3 0x800014bc (0xfc2106a3) mem 0x80010616 0x49
core   0: 0x800014c0 (0xd8f30783) lb      a5, -625(t1)
core   0: 3 0x800014c0 (0xd8f30783) x15 0xffffff96 mem 0x800100dd
core   0: 0x800014c4 (0xfd8104a3) sb      s8, -55(sp)
core   0: 3 0x800014c4 (0xfd8104a3) mem 0x80010612 0xff
core   0: 0x800014c8 (0xd2231223) sh      sp, -732(t1)
core   0: 3 0x800014c8 (0xd2231223) mem 0x80010072 0x0649
core   0: 0x800014cc (0x51330603) lb      a2, 1299(t1)
core   0: 3 0x800014cc (0x51330603) x12 0x0000001a mem 0x80010861
core   0: 0x800014d0 (0x0160076f) jal     a4, pc + 0x16
core   0: 3 0x800014d0 (0x0160076f) x14 0x800014d4
core   0: 0x800014e6 (0x000037fd) c.jal   pc - 18
core   0: 3 0x800014e6 (0x37fd) x 1 0x800014e8
core   0: 0x800014d4 (0x0000a019) c.j     pc + 6
core   0: 3 0x800014d4 (0xa019)
core   0: 0x800014da (0x0000a821) c.j     pc + 24
core   0: 3 0x800014da (0xa821)
core   0: 0x800014f2 (0xfefff36f) jal     t1, pc - 0x12
core   0: 3 0x800014f2 (0xfefff36f) x 6 0x800014f6
core   0: 0x800014e0 (0x026000ef) jal     pc + 0x26
core   0: 3 0x800014e0 (0x026000ef) x 1 0x800014e4
core   0: 0x80001506 (0x0000bfd9) c.j     pc - 42
core   0: 3 0x80001506 (0xbfd9)
core   0: 0x800014dc (0x0000a005) c.j     pc + 32
core   0: 3 0x800014dc (0xa005)
core   0: 0x800014fc (0xfffff0ef) jal     pc - 0x2
core   0: 3 0x800014fc (0xfffff0ef) x 1 0x80001500
core   0: 0x800014fa (0x00002801) c.jal   pc + 16
core   0: 3 0x800014fa (0x2801) x 1 0x800014fc
core   0: 0x8000150a (0x000037cd) c.jal   pc - 30
core   0: 3 0x8000150a (0x37cd) x 1 0x8000150c
core   0: 0x800014ec (0xfedff56f) jal     a0, pc - 0x14
core   0: 3 0x800014ec (0xfedff56f) x10 0x800014f0
core   0: 0x800014d8 (0x0000a821) c.j     pc + 24
core   0: 3 0x800014d8 (0xa821)
core   0: 0x800014f0 (0x00002809) c.jal   pc + 18
core   0: 3 0x800014f0 (0x2809) x 1 0x800014f2
core   0: 0x80001502 (0x00003ffd) c.jal   pc - 2
core   0: 3 0x80001502 (0x3ffd) x 1 0x80001504
core   0: 0x80001500 (0x0000bff9) c.j     pc - 34
core   0: 3 0x80001500 (0xbff9)
core   0: 0x800014de (0x0000201d) c.jal   pc + 38
core   0: 3 0x800014de (0x201d) x 1 0x800014e0
core   0: 0x80001504 (0x000037d5) c.jal   pc - 28
core   0: 3 0x80001504 (0x37d5) x 1 0x80001506
core   0: 0x800014e8 (0x00e00e6f) jal     t3, pc + 0xe
core   0: 3 0x800014e8 (0x00e00e6f) x28 0x800014ec
core   0: 0x800014f6 (0x0120036f) jal     t1, pc + 0x12
core   0: 3 0x800014f6 (0x0120036f) x 6 0x800014fa
core   0: 0x80001508 (0x0000b7f9) c.j     pc - 50
core   0: 3 0x80001508 (0xb7f9)
core   0: 0x800014d6 (0x0000281d) c.jal   pc + 54
core   0: 3 0x800014d6 (0x281d) x 1 0x800014d8
core   0: 0x8000150c (0x00003fe1) c.jal   pc - 40
core   0: 3 0x8000150c (0x3fe1) x 1 0x8000150e
core   0: 0x800014e4 (0x0000a02d) c.j     pc + 42
core   0: 3 0x800014e4 (0xa02d)
core   0: 0x8000150e (0x0232d9b3) divu    s3, t0, gp
core   0: 3 0x8000150e (0x0232d9b3) x19 0xffffffff
core   0: 0x80001512 (0x00018417) auipc   s0, 0x18
core   0: 3 0x80001512 (0x00018417) x 8 0x80019512
core   0: 0x80001516 (0x76640413) addi    s0, s0, 1894
core   0: 3 0x80001516 (0x76640413) x 8 0x80019c78
core   0: 0x8000151a (0x0000f497) auipc   s1, 0xf
core   0: 3 0x8000151a (0x0000f497) x 9 0x8001051a
core   0: 0x8000151e (0xd8a48493) addi    s1, s1, -630
core   0: 3 0x8000151e (0xd8a48493) x 9 0x800102a4
core   0: 0x80001522 (0x03948583) lb      a1, 57(s1)
core   0: 3 0x80001522 (0x03948583) x11 0xffffff96 mem 0x800102dd
core   0: 0x80001526 (0x0274c103) lbu     sp, 39(s1)
core   0: 3 0x80001526 (0x0274c103) x 2 0x00000080 mem 0x800102cb
core   0: 0x8000152a (0xfd140623) sb      a7, -52(s0)
core   0: 3 0x8000152a (0xfd140623) mem 0x80019c44 0x21
core   0: 0x8000152e (0x01641223) sh      s6, 4(s0)
core   0: 3 0x8000152e (0x01641223) mem 0x80019c7c 0x000a
core   0: 0x80001532 (0xfc448823) sb      tp, -48(s1)
core   0: 3 0x80001532 (0xfc448823) mem 0x80010274 0x0
core   0: 0x80001536 (0x00445d83) lhu     s11, 4(s0)
core   0: 3 0x80001536 (0x00445d83) x27 0x0000000a mem 0x80019c7c
core   0: 0x8000153a (0x0194c283) lbu     t0, 25(s1)
core   0: 3 0x8000153a (0x0194c283) x 5 0x00000076 mem 0x800102bd
core   0: 0x8000153e (0xfe640923) sb      t1, -14(s0)
core   0: 3 0x8000153e (0xfe640923) mem 0x80019c6a 0xfa
core   0: 0x80001542 (0xfd84d103) lhu     sp, -40(s1)
core   0: 3 0x80001542 (0xfd84d103) x 2 0x00003637 mem 0x8001027c
core   0: 0x80001546 (0xffa42a23) sw      s10, -12(s0)
core   0: 3 0x80001546 (0xffa42a23) mem 0x80019c6c 0x00000000
core   0: 0x8000154a (0xfd248803) lb      a6, -46(s1)
core   0: 3 0x8000154a (0xfd248803) x16 0xffffffee mem 0x80010276
core   0: 0x8000154e (0x01a40883) lb      a7, 26(s0)
core   0: 3 0x8000154e (0x01a40883) x17 0x00000049 mem 0x80019c92
core   0: 0x80001552 (0x0000d04c) c.sw    a1, 36(s0)
core   0: 3 0x80001552 (0xd04c) mem 0x80019c9c 0xffffff96
core   0: 0x80001554 (0x0384cb83) lbu     s7, 56(s1)
core   0: 3 0x80001554 (0x0384cb83) x23 0x00000097 mem 0x800102dc
core   0: 0x80001558 (0x00f44903) lbu     s2, 15(s0)
core   0: 3 0x80001558 (0x00f44903) x18 0x0000003c mem 0x80019c87
core   0: 0x8000155c (0x0001cf97) auipc   t6, 0x1c
core   0: 3 0x8000155c (0x0001cf97) x31 0x8001d55c
core   0: 0x80001560 (0x3d3f8f93) addi    t6, t6, 979
core   0: 3 0x80001560 (0x3d3f8f93) x31 0x8001d92f
core   0: 0x80001564 (0x00010617) auipc   a2, 0x10
core   0: 3 0x80001564 (0x00010617) x12 0x80011564
core   0: 0x80001568 (0x91660613) addi    a2, a2, -1770
core   0: 3 0x80001568 (0x91660613) x12 0x80010e7a
core   0: 0x8000156c (0xff2f8783) lb      a5, -14(t6)
core   0: 3 0x8000156c (0xff2f8783) x15 0xffffffda mem 0x8001d921
core   0: 0x80001570 (0xfe4609a3) sb      tp, -13(a2)
core   0: 3 0x80001570 (0xfe4609a3) mem 0x80010e6d 0x0
core   0: 0x80001574 (0xff560e83) lb      t4, -11(a2)
core   0: 3 0x80001574 (0xff560e83) x29 0x00000024 mem 0x80010e6f
core   0: 0x80001578 (0xff7f8003) lb      zero, -9(t6)
core   0: 3 0x80001578 (0xff7f8003) mem 0x8001d926
core   0: 0x8000157c (0x00264d83) lbu     s11, 2(a2)
core   0: 3 0x8000157c (0x00264d83) x27 0x00000037 mem 0x80010e7c
core   0: 0x80001580 (0xff6f8c23) sb      s6, -8(t6)
core   0: 3 0x80001580 (0xff6f8c23) mem 0x8001d927 0xa
core   0: 0x80001584 (0xffa61683) lh      a3, -6(a2)
core   0: 3 0x80001584 (0xffa61683) x13 0x00002e2f mem 0x80010e74
core   0: 0x80001588 (0x00065083) lhu     ra, 0(a2)
core   0: 3 0x80001588 (0x00065083) x 1 0x00003031 mem 0x80010e7a
core   0: 0x8000158c (0x00760183) lb      gp, 7(a2)
core   0: 3 0x8000158c (0x00760183) x 3 0xffffffa2 mem 0x80010e81
core   0: 0x80001590 (0xfff60183) lb      gp, -1(a2)
core   0: 3 0x80001590 (0xfff60183) x 3 0x00000032 mem 0x80010e79
core   0: 0x80001594 (0xff2fcf03) lbu     t5, -14(t6)
core   0: 3 0x80001594 (0xff2fcf03) x30 0x000000da mem 0x8001d921
core   0: 0x80001598 (0x00b60e03) lb      t3, 11(a2)
core   0: 3 0x80001598 (0x00b60e03) x28 0xffffff87 mem 0x80010e85
core   0: 0x8000159c (0x007f8783) lb      a5, 7(t6)
core   0: 3 0x8000159c (0x007f8783) x15 0xffffffed mem 0x8001d936
core   0: 0x800015a0 (0xffa64303) lbu     t1, -6(a2)
core   0: 3 0x800015a0 (0xffa64303) x 6 0x0000002f mem 0x80010e74
core   0: 0x800015a4 (0xff564d03) lbu     s10, -11(a2)
core   0: 3 0x800015a4 (0xff564d03) x26 0x00000024 mem 0x80010e6f
core   0: 0x800015a8 (0xffcfca03) lbu     s4, -4(t6)
core   0: 3 0x800015a8 (0xffcfca03) x20 0x000000e0 mem 0x8001d92b
core   0: 0x800015ac (0x0180076f) jal     a4, pc + 0x18
core   0: 3 0x800015ac (0x0180076f) x14 0x800015b0
core   0: 0x800015c4 (0x02000d6f) jal     s10, pc + 0x20
core   0: 3 0x800015c4 (0x02000d6f) x26 0x800015c8
core   0: 0x800015e4 (0x000037f1) c.jal   pc - 52
core   0: 3 0x800015e4 (0x37f1) x 1 0x800015e6
core   0: 0x800015b0 (0x02a000ef) jal     pc + 0x2a
core   0: 3 0x800015b0 (0x02a000ef) x 1 0x800015b4
core   0: 0x800015da (0x0000bfe9) c.j     pc - 38
core   0: 3 0x800015da (0xbfe9)
core   0: 0x800015b4 (0x00002829) c.jal   pc + 26
core   0: 3 0x800015b4 (0x2829) x 1 0x800015b6
core   0: 0x800015ce (0x00002015) c.jal   pc + 36
core   0: 3 0x800015ce (0x2015) x 1 0x800015d0
core   0: 0x800015f2 (0xfc9ff36f) jal     t1, pc - 0x38
core   0: 3 0x800015f2 (0xfc9ff36f) x 6 0x800015f6
core   0: 0x800015ba (0x0000203d) c.jal   pc + 46
core   0: 3 0x800015ba (0x203d) x 1 0x800015bc
core   0: 0x800015e8 (0x010000ef) jal     pc + 0x10
core   0: 3 0x800015e8 (0x010000ef) x 1 0x800015ec
core   0: 0x800015f8 (0x000037d5) c.jal   pc - 28
core   0: 3 0x800015f8 (0x37d5) x 1 0x800015fa
core   0: 0x800015dc (0xfe1fff6f) jal     t5, pc - 0x20
core   0: 3 0x800015dc (0xfe1fff6f) x30 0x800015e0
core   0: 0x800015bc (0x0000bfed) c.j     pc - 6
core   0: 3 0x800015bc (0xbfed)
core   0: 0x800015b6 (0x0000a839) c.j     pc + 30
core   0: 3 0x800015b6 (0xa839)
core   0: 0x800015d4 (0xffdff0ef) jal     pc - 0x4
core   0: 3 0x800015d4 (0xffdff0ef) x 1 0x800015d8
core   0: 0x800015d0 (0xffbff36f) jal     t1, pc - 0x6
core   0: 3 0x800015d0 (0xffbff36f) x 6 0x800015d4
core   0: 0x800015ca (0x00003ffd) c.jal   pc - 2
core   0: 3 0x800015ca (0x3ffd) x 1 0x800015cc
core   0: 0x800015c8 (0x00002011) c.jal   pc + 4
core   0: 3 0x800015c8 (0x2011) x 1 0x800015ca
core   0: 0x800015cc (0x00002005) c.jal   pc + 32
core   0: 3 0x800015cc (0x2005) x 1 0x800015ce
core   0: 0x800015ec (0x0000b7f5) c.j     pc - 20
core   0: 3 0x800015ec (0xb7f5)
core   0: 0x800015d8 (0x0000a819) c.j     pc + 22
core   0: 3 0x800015d8 (0xa819)
core   0: 0x800015ee (0x0000b7e9) c.j     pc - 54
core   0: 3 0x800015ee (0xb7e9)
core   0: 0x800015b8 (0x0000a029) c.j     pc + 10
core   0: 3 0x800015b8 (0xa029)
core   0: 0x800015c2 (0x00002839) c.jal   pc + 30
core   0: 3 0x800015c2 (0x2839) x 1 0x800015c4
core   0: 0x800015e0 (0x0000a801) c.j     pc + 16
core   0: 3 0x800015e0 (0xa801)
core   0: 0x800015f0 (0x0000bfcd) c.j     pc - 14
core   0: 3 0x800015f0 (0xbfcd)
core   0: 0x800015e2 (0x00002811) c.jal   pc + 20
core   0: 3 0x800015e2 (0x2811) x 1 0x800015e4
core   0: 0x800015f6 (0x0000b7e1) c.j     pc - 56
core   0: 3 0x800015f6 (0xb7e1)
core   0: 0x800015be (0x03c000ef) jal     pc + 0x3c
core   0: 3 0x800015be (0x03c000ef) x 1 0x800015c2
core   0: 0x800015fa (0xfedff46f) jal     s0, pc - 0x14
core   0: 3 0x800015fa (0xfedff46f) x 8 0x800015fe
core   0: 0x800015e6 (0x0000a821) c.j     pc + 24
core   0: 3 0x800015e6 (0xa821)
core   0: 0x800015fe (0x0000137d) c.addi  t1, -1
core   0: 3 0x800015fe (0x137d) x 6 0x800015d3
core   0: 0x80001600 (0x416c53b3) sra     t2, s8, s6
core   0: 3 0x80001600 (0x416c53b3) x 7 0x00000000
core   0: 0x80001604 (0x02542513) slti    a0, s0, 37
core   0: 3 0x80001604 (0x02542513) x10 0x00000001
core   0: 0x80001608 (0x00008555) c.srai  a0, 21
core   0: 3 0x80001608 (0x8555) x10 0x00000000
core   0: 0x8000160a (0x00096e33) or      t3, s2, zero
core   0: 3 0x8000160a (0x00096e33) x28 0x0000003c
core   0: 0x8000160e (0x0334e133) rem     sp, s1, s3
core   0: 3 0x8000160e (0x0334e133) x 2 0x00000000
core   0: 0x80001612 (0xcda9a997) auipc   s3, 0xcda9a
core   0: 3 0x80001612 (0xcda9a997) x19 0x4da9b612
core   0: 0x80001616 (0x00009b7d) c.andi  a4, -1
core   0: 3 0x80001616 (0x9b7d) x14 0x800015b0
core   0: 0x80001618 (0x00000001) c.nop
core   0: 3 0x80001618 (0x0001)
core   0: 0x8000161a (0x0000c315) c.beqz  a4, pc + 36
core   0: 3 0x8000161a (0xc315)
core   0: 0x8000161c (0x00fbd133) srl     sp, s7, a5
core   0: 3 0x8000161c (0x00fbd133) x 2 0x00000000
core   0: 0x80001620 (0x00008162) c.mv    sp, s8
core   0: 3 0x80001620 (0x8162) x 2 0x000000ff
core   0: 0x80001622 (0x00009f36) c.add   t5, a3
core   0: 3 0x80001622 (0x9f36) x30 0x8000440f
core   0: 0x80001624 (0xbc3ead93) slti    s11, t4, -1085
core   0: 3 0x80001624 (0xbc3ead93) x27 0x00000000
core   0: 0x80001628 (0x007fdd33) srl     s10, t6, t2
core   0: 3 0x80001628 (0x007fdd33) x26 0x8001d92f
core   0: 0x8000162c (0x00008f25) c.xor   a4, s1
core   0: 3 0x8000162c (0x8f25) x14 0x00011714
core   0: 0x8000162e (0x00008fe9) c.and   a5, a0
core   0: 3 0x8000162e (0x8fe9) x15 0x00000000
core   0: 0x80001630 (0x02ad2433) mulhsu  s0, s10, a0
core   0: 3 0x80001630 (0x02ad2433) x 8 0x00000000
core   0: 0x80001634 (0x0000ef95) c.bnez  a5, pc + 60
core   0: 3 0x80001634 (0xef95)
core   0: 0x80001636 (0x00008e5d) c.or    a2, a5
core   0: 3 0x80001636 (0x8e5d) x12 0x80010e7a
core   0: 0x80001638 (0x0000c31d) c.beqz  a4, pc + 38
core   0: 3 0x80001638 (0xc31d)
core   0: 0x8000163a (0x01a85033) srl     zero, a6, s10
core   0: 3 0x8000163a (0x01a85033)
core   0: 0x8000163e (0x01796eb3) or      t4, s2, s7
core   0: 3 0x8000163e (0x01796eb3) x29 0x000000bf
core   0: 0x80001642 (0x01530bb3) add     s7, t1, s5
core   0: 3 0x80001642 (0x01530bb3) x23 0x0002b2b7
core   0: 0x80001646 (0x00006e1d) c.lui   t3, 0x7
core   0: 3 0x80001646 (0x6e1d) x28 0x00007000
core   0: 0x80001648 (0x0072cdb3) xor     s11, t0, t2
core   0: 3 0x80001648 (0x0072cdb3) x27 0x00000076
core   0: 0x8000164c (0x02e48863) beq     s1, a4, pc + 48
core   0: 3 0x8000164c (0x02e48863)
core   0: 0x80001650 (0x0000ef9d) c.bnez  a5, pc + 62
core   0: 3 0x80001650 (0xef9d)
core   0: 0x80001652 (0x00006b11) c.lui   s6, 0x4
core   0: 3 0x80001652 (0x6b11) x22 0x00004000
core   0: 0x80001654 (0x0000557d) c.li    a0, -1
core   0: 3 0x80001654 (0x557d) x10 0xffffffff
core   0: 0x80001656 (0x03ece763) bltu    s9, t5, pc + 46
core   0: 3 0x80001656 (0x03ece763)
core   0: 0x8000165a (0x4582c513) xori    a0, t0, 1112
core   0: 3 0x8000165a (0x4582c513) x10 0x0000042e
core   0: 0x8000165e (0x00000314) c.addi4spn a3, sp, 384
core   0: 3 0x8000165e (0x0314) x13 0x0000027f
core   0: 0x80001660 (0x2ced0013) addi    zero, s10, 718
core   0: 3 0x80001660 (0x2ced0013)
core   0: 0x80001664 (0x01a476b3) and     a3, s0, s10
core   0: 3 0x80001664 (0x01a476b3) x13 0x00000000
core   0: 0x80001668 (0x02631a33) mulh    s4, t1, t1
core   0: 3 0x80001668 (0x02631a33) x20 0x3fffea2d
core   0: 0x8000166c (0x000086e1) c.srai  a3, 24
core   0: 3 0x8000166c (0x86e1) x13 0x00000000
core   0: 0x8000166e (0x00006f1d) c.lui   t5, 0x7
core   0: 3 0x8000166e (0x6f1d) x30 0x00007000
core   0: 0x80001670 (0x032f8063) beq     t6, s2, pc + 32
core   0: 3 0x80001670 (0x032f8063)
core   0: 0x80001674 (0x00717733) and     a4, sp, t2
core   0: 3 0x80001674 (0x00717733) x14 0x00000000
core   0: 0x80001678 (0x0000086d) c.addi  a6, 27
core   0: 3 0x80001678 (0x086d) x16 0x00000009
core   0: 0x8000167a (0x00008f76) c.mv    t5, t4
core   0: 3 0x8000167a (0x8f76) x30 0x000000bf
core   0: 0x8000167c (0x40f1d5b3) sra     a1, gp, a5
core   0: 3 0x8000167c (0x40f1d5b3) x11 0x00000032
core   0: 0x80001680 (0x018e06b3) add     a3, t3, s8
core   0: 3 0x80001680 (0x018e06b3) x13 0x000070ff
core   0: 0x80001684 (0x007bf1b3) and     gp, s7, t2
core   0: 3 0x80001684 (0x007bf1b3) x 3 0x00000000
core   0: 0x80001688 (0x00000eda) c.slli  t4, 22
core   0: 3 0x80001688 (0x0eda) x29 0x2fc00000
core   0: 0x8000168a (0x00f0afb3) slt     t6, ra, a5
core   0: 3 0x8000168a (0x00f0afb3) x31 0x00000001
core   0: 0x8000168e (0x00005ffd) c.li    t6, -1
core   0: 3 0x8000168e (0x5ffd) x31 0xffffffff
core   0: 0x80001690 (0x0000655d) c.lui   a0, 0x17
core   0: 3 0x80001690 (0x655d) x10 0x00017000
core   0: 0x80001692 (0x0174df13) srli    t5, s1, 23
core   0: 3 0x80001692 (0x0174df13) x30 0x00000100
core   0: 0x80001696 (0x00000001) c.nop
core   0: 3 0x80001696 (0x0001)
core   0: 0x80001698 (0x02e62a33) mulhsu  s4, a2, a4
core   0: 3 0x80001698 (0x02e62a33) x20 0x00000000
core   0: 0x8000169c (0x41885a13) srai    s4, a6, 24
core   0: 3 0x8000169c (0x41885a13) x20 0x00000000
core   0: 0x800016a0 (0x0000009d) c.addi  ra, 7
core   0: 3 0x800016a0 (0x009d) x 1 0x800015c9
core   0: 0x800016a2 (0x02185563) bge     a6, ra, pc + 42
core   0: 3 0x800016a2 (0x02185563)
core   0: 0x800016cc (0x41f0d693) srai    a3, ra, 31
core   0: 3 0x800016cc (0x41f0d693) x13 0xffffffff
core   0: 0x800016d0 (0xc749c393) xori    t2, s3, -908
core   0: 3 0x800016d0 (0xc749c393) x 7 0xb2564a66
core   0: 0x800016d4 (0x0000e809) c.bnez  s0, pc + 18
core   0: 3 0x800016d4 (0xe809)
core   0: 0x800016d6 (0x02ff76b3) remu    a3, t5, a5
core   0: 3 0x800016d6 (0x02ff76b3) x13 0x00000100
core   0: 0x800016da (0x0078fb33) and     s6, a7, t2
core   0: 3 0x800016da (0x0078fb33) x22 0x00000040
core   0: 0x800016de (0x54060093) addi    ra, a2, 1344
core   0: 3 0x800016de (0x54060093) x 1 0x800113ba
core   0: 0x800016e2 (0x0014eeb3) or      t4, s1, ra
core   0: 3 0x800016e2 (0x0014eeb3) x29 0x800113be
core   0: 0x800016e6 (0xf10bf893) andi    a7, s7, -240
core   0: 3 0x800016e6 (0xf10bf893) x17 0x0002b210
core   0: 0x800016ea (0x00009e22) c.add   t3, s0
core   0: 3 0x800016ea (0x9e22) x28 0x00007000
core   0: 0x800016ec (0x02a97733) remu    a4, s2, a0
core   0: 3 0x800016ec (0x02a97733) x14 0x0000003c
core   0: 0x800016f0 (0xd88ee413) ori     s0, t4, -632
core   0: 3 0x800016f0 (0xd88ee413) x 8 0xffffffbe
core   0: 0x800016f4 (0x587e7717) auipc   a4, 0x587e7
core   0: 3 0x800016f4 (0x587e7717) x14 0xd87e86f4
core   0: 0x800016f8 (0x00008099) c.srli  s1, 6
core   0: 3 0x800016f8 (0x8099) x 9 0x0200040a
core   0: 0x800016fa (0x0318d9b3) divu    s3, a7, a7
core   0: 3 0x800016fa (0x0318d9b3) x19 0x00000001
core   0: 0x800016fe (0x00013a17) auipc   s4, 0x13
core   0: 3 0x800016fe (0x00013a17) x20 0x800146fe
core   0: 0x80001702 (0xf0da0a13) addi    s4, s4, -243
core   0: 3 0x80001702 (0xf0da0a13) x20 0x8001460b
core   0: 0x80001706 (0x07da09a3) sb      t4, 115(s4)
core   0: 3 0x80001706 (0x07da09a3) mem 0x8001467e 0xbe
core   0: 0x8000170a (0x0001ab97) auipc   s7, 0x1a
core   0: 3 0x8000170a (0x0001ab97) x23 0x8001b70a
core   0: 0x8000170e (0x81fb8b93) addi    s7, s7, -2017
core   0: 3 0x8000170e (0x81fb8b93) x23 0x8001af29
core   0: 0x80001712 (0xf20a0b23) sb      zero, -202(s4)
core   0: 3 0x80001712 (0xf20a0b23) mem 0x80014541 0x0
core   0: 0x80001716 (0xffabcf83) lbu     t6, -6(s7)
core   0: 3 0x80001716 (0xffabcf83) x31 0x000000d8 mem 0x8001af23
core   0: 0x8000171a (0xf68a18a3) sh      s0, -143(s4)
core   0: 3 0x8000171a (0xf68a18a3) mem 0x8001457c 0xffbe
core   0: 0x8000171e (0x012b8523) sb      s2, 10(s7)
core   0: 3 0x8000171e (0x012b8523) mem 0x8001af33 0x3c
core   0: 0x80001722 (0xff1bc903) lbu     s2, -15(s7)
core   0: 3 0x80001722 (0xff1bc903) x18 0x000000d1 mem 0x8001af1a
core   0: 0x80001726 (0x071a1aa3) sh      a7, 117(s4)
core   0: 3 0x80001726 (0x071a1aa3) mem 0x80014680 0xb210
core   0: 0x8000172a (0xf83a07a3) sb      gp, -113(s4)
core   0: 3 0x8000172a (0xf83a07a3) mem 0x8001459a 0x0
core   0: 0x8000172e (0x001b87a3) sb      ra, 15(s7)
core   0: 3 0x8000172e (0x001b87a3) mem 0x8001af38 0xba
core   0: 0x80001732 (0x099a4803) lbu     a6, 153(s4)
core   0: 3 0x80001732 (0x099a4803) x16 0x0000005f mem 0x800146a4
core   0: 0x80001736 (0xff2b8c03) lb      s8, -14(s7)
core   0: 3 0x80001736 (0xff2b8c03) x24 0xffffffd0 mem 0x8001af1b
core   0: 0x8000173a (0x00014d17) auipc   s10, 0x14
core   0: 3 0x8000173a (0x00014d17) x26 0x8001573a
core   0: 0x8000173e (0x9a2d0d13) addi    s10, s10, -1630
core   0: 3 0x8000173e (0x9a2d0d13) x26 0x800150dc
core   0: 0x80001742 (0x011b8223) sb      a7, 4(s7)
core   0: 3 0x80001742 (0x011b8223) mem 0x8001af2d 0x10
core   0: 0x80001746 (0xfb0d2223) sw      a6, -92(s10)
core   0: 3 0x80001746 (0xfb0d2223) mem 0x80015080 0x0000005f
core   0: 0x8000174a (0x004b87a3) sb      tp, 15(s7)
core   0: 3 0x8000174a (0x004b87a3) mem 0x8001af38 0x0
core   0: 0x8000174e (0xf11a11a3) sh      a7, -253(s4)
core   0: 3 0x8000174e (0xf11a11a3) mem 0x8001450e 0xb210
core   0: 0x80001752 (0xfa9d0083) lb      ra, -87(s10)
core   0: 3 0x80001752 (0xfa9d0083) x 1 0x0000003e mem 0x80015085
core   0: 0x80001756 (0xfe1d02a3) sb      ra, -27(s10)
core   0: 3 0x80001756 (0xfe1d02a3) mem 0x800150c1 0x3e
core   0: 0x8000175a (0xf52a0283) lb      t0, -174(s4)
core   0: 3 0x8000175a (0xf52a0283) x 5 0x00000016 mem 0x8001455d
core   0: 0x8000175e (0xf3da2183) lw      gp, -195(s4)
core   0: 3 0x8000175e (0xf3da2183) x 3 0x00010203 mem 0x80014548
core   0: 0x80001762 (0x01fb8623) sb      t6, 12(s7)
core   0: 3 0x80001762 (0x01fb8623) mem 0x8001af35 0xd8
core   0: 0x80001766 (0xfc0d1f03) lh      t5, -64(s10)
core   0: 3 0x80001766 (0xfc0d1f03) x30 0x00005657 mem 0x8001509c
core   0: 0x8000176a (0xf6ed0c23) sb      a4, -136(s10)
core   0: 3 0x8000176a (0xf6ed0c23) mem 0x80015054 0xf4
core   0: 0x8000176e (0xffbb8f23) sb      s11, -2(s7)
core   0: 3 0x8000176e (0xffbb8f23) mem 0x8001af27 0x76
core   0: 0x80001772 (0x00eba7a3) sw      a4, 15(s7)
core   0: 3 0x80001772 (0x00eba7a3) mem 0x8001af38 0xd87e86f4
core   0: 0x80001776 (0x03788b33) mul     s6, a7, s7
core   0: 3 0x80001776 (0x03788b33) x22 0x8a377490
core   0: 0x8000177a (0x01fd9c63) bne     s11, t6, pc + 24
core   0: 3 0x8000177a (0x01fd9c63)
core   0: 0x80001792 (0x00008b39) c.andi  a4, 14
core   0: 3 0x80001792 (0x8b39) x14 0x00000004
core   0: 0x80001794 (0x023cd033) divu    zero, s9, gp
core   0: 3 0x80001794 (0x023cd033)
core   0: 0x80001798 (0xb60fec17) auipc   s8, 0xb60fe
core   0: 3 0x80001798 (0xb60fec17) x24 0x360ff798
core   0: 0x8000179c (0x41f80533) sub     a0, a6, t6
core   0: 3 0x8000179c (0x41f80533) x10 0xffffff87
core   0: 0x800017a0 (0x49126b13) ori     s6, tp, 1169
core   0: 3 0x800017a0 (0x49126b13) x22 0x80000491
core   0: 0x800017a4 (0xb11ab293) sltiu   t0, s5, -1263
core   0: 3 0x800017a4 (0xb11ab293) x 5 0x00000001
core   0: 0x800017a8 (0x2adc2893) slti    a7, s8, 685
core   0: 3 0x800017a8 (0x2adc2893) x17 0x00000000
core   0: 0x800017ac (0x000f1a13) slli    s4, t5, 0
core   0: 3 0x800017ac (0x000f1a13) x20 0x00005657
core   0: 0x800017b0 (0x00009b16) c.add   s6, t0
core   0: 3 0x800017b0 (0x9b16) x22 0x80000492
core   0: 0x800017b2 (0x000080d6) c.mv    ra, s5
core   0: 3 0x800017b2 (0x80d6) x 1 0x80029ce4
core   0: 0x800017b4 (0xb2e9ff97) auipc   t6, 0xb2e9f
core   0: 3 0x800017b4 (0xb2e9ff97) x31 0x32ea07b4
core   0: 0x800017b8 (0x01913db3) sltu    s11, sp, s9
core   0: 3 0x800017b8 (0x01913db3) x27 0x00000001
core   0: 0x800017bc (0x00000b89) c.addi  s7, 2
core   0: 3 0x800017bc (0x0b89) x23 0x8001af2b
core   0: 0x800017be (0x00008fe5) c.and   a5, s1
core   0: 3 0x800017be (0x8fe5) x15 0x00000000
core   0: 0x800017c0 (0x00a0c5b3) xor     a1, ra, a0
core   0: 3 0x800017c0 (0x00a0c5b3) x11 0x7ffd6363
core   0: 0x800017c4 (0x018cd313) srli    t1, s9, 24
core   0: 3 0x800017c4 (0x018cd313) x 6 0x00000080
core   0: 0x800017c8 (0x033a05b3) mul     a1, s4, s3
core   0: 3 0x800017c8 (0x033a05b3) x11 0x00005657
core   0: 0x800017cc (0x00000985) c.addi  s3, 1
core   0: 3 0x800017cc (0x0985) x19 0x00000002
core   0: 0x800017ce (0x0000c599) c.beqz  a1, pc + 14
core   0: 3 0x800017ce (0xc599)
core   0: 0x800017d0 (0x00000001) c.nop
core   0: 3 0x800017d0 (0x0001)
core   0: 0x800017d2 (0x00000001) c.nop
core   0: 3 0x800017d2 (0x0001)
core   0: 0x800017d4 (0x0ff0000f) fence   iorw,iorw
core   0: 3 0x800017d4 (0x0ff0000f)
core   0: 0x800017d8 (0x35c77b13) andi    s6, a4, 860
core   0: 3 0x800017d8 (0x35c77b13) x22 0x00000004
core   0: 0x800017dc (0x006e7a63) bgeu    t3, t1, pc + 20
core   0: 3 0x800017dc (0x006e7a63)
core   0: 0x800017f0 (0x00008aa9) c.andi  a3, 10
core   0: 3 0x800017f0 (0x8aa9) x13 0x00000000
core   0: 0x800017f2 (0x036939b3) mulhu   s3, s2, s6
core   0: 3 0x800017f2 (0x036939b3) x19 0x00000000
core   0: 0x800017f6 (0x03feb133) mulhu   sp, t4, t6
core   0: 3 0x800017f6 (0x03feb133) x 2 0x19753ab1
core   0: 0x800017fa (0x042af463) bgeu    s5, sp, pc + 72
core   0: 3 0x800017fa (0x042af463)
core   0: 0x80001842 (0x40f758b3) sra     a7, a4, a5
core   0: 3 0x80001842 (0x40f758b3) x17 0x00000004
core   0: 0x80001846 (0x890f2fb7) lui     t6, 0x890f2
core   0: 3 0x80001846 (0x890f2fb7) x31 0x890f2000
core   0: 0x8000184a (0x0000c801) c.beqz  s0, pc + 16
core   0: 3 0x8000184a (0xc801)
core   0: 0x8000184c (0x00f8d7b3) srl     a5, a7, a5
core   0: 3 0x8000184c (0x00f8d7b3) x15 0x00000004
core   0: 0x80001850 (0xb14b3a13) sltiu   s4, s6, -1260
core   0: 3 0x80001850 (0xb14b3a13) x20 0x00000001
core   0: 0x80001854 (0x001c78b3) and     a7, s8, ra
core   0: 3 0x80001854 (0x001c78b3) x17 0x00029480
core   0: 0x80001858 (0x00008a52) c.mv    s4, s4
core   0: 3 0x80001858 (0x8a52) x20 0x00000001
core   0: 0x8000185a (0x6bcaba13) sltiu   s4, s5, 1724
core   0: 3 0x8000185a (0x6bcaba13) x20 0x00000000
core   0: 0x8000185e (0x01135663) bge     t1, a7, pc + 12
core   0: 3 0x8000185e (0x01135663)
core   0: 0x80001862 (0xa60b4b97) auipc   s7, 0xa60b4
core   0: 3 0x80001862 (0xa60b4b97) x23 0x260b5862
core   0: 0x80001866 (0x000012fd) c.addi  t0, -1
core   0: 3 0x80001866 (0x12fd) x 5 0x00000000
core   0: 0x80001868 (0x00008f11) c.sub   a4, a2
core   0: 3 0x80001868 (0x8f11) x14 0x7ffef18a
core   0: 0x8000186a (0x0000100f) fence.i
core   0: 3 0x8000186a (0x0000100f)
core   0: 0x8000186e (0x00008c1d) c.sub   s0, a5
core   0: 3 0x8000186e (0x8c1d) x 8 0xffffffba
core   0: 0x80001870 (0x56cafd13) andi    s10, s5, 1388
core   0: 3 0x80001870 (0x56cafd13) x26 0x00000464
core   0: 0x80001874 (0x49906d93) ori     s11, zero, 1177
core   0: 3 0x80001874 (0x49906d93) x27 0x00000499
core   0: 0x80001878 (0x0000ec8d) c.bnez  s1, pc + 58
core   0: 3 0x80001878 (0xec8d)
core   0: 0x800018b2 (0x00000001) c.nop
core   0: 3 0x800018b2 (0x0001)
core   0: 0x800018b4 (0x5bd88537) lui     a0, 0x5bd88
core   0: 3 0x800018b4 (0x5bd88537) x10 0x5bd88000
core   0: 0x800018b8 (0x0062f633) and     a2, t0, t1
core   0: 3 0x800018b8 (0x0062f633) x12 0x00000000
core   0: 0x800018bc (0x00f2f4b3) and     s1, t0, a5
core   0: 3 0x800018bc (0x00f2f4b3) x 9 0x00000000
core   0: 0x800018c0 (0x00008da5) c.xor   a1, s1
core   0: 3 0x800018c0 (0x8da5) x11 0x00005657
core   0: 0x800018c2 (0x03c9c8b3) div     a7, s3, t3
core   0: 3 0x800018c2 (0x03c9c8b3) x17 0x00000000
core   0: 0x800018c6 (0x029f55b3) divu    a1, t5, s1
core   0: 3 0x800018c6 (0x029f55b3) x11 0xffffffff
core   0: 0x800018ca (0x00000001) c.nop
core   0: 3 0x800018ca (0x0001)
core   0: 0x800018cc (0x00666363) bltu    a2, t1, pc + 6
core   0: 3 0x800018cc (0x00666363)
core   0: 0x800018d2 (0x00008175) c.srli  a0, 29
core   0: 3 0x800018d2 (0x8175) x10 0x00000002
core   0: 0x800018d4 (0x0000537d) c.li    t1, -1
core   0: 3 0x800018d4 (0x537d) x 6 0xffffffff
core   0: 0x800018d6 (0x03f002b3) mul     t0, zero, t6
core   0: 3 0x800018d6 (0x03f002b3) x 5 0x00000000
core   0: 0x800018da (0x405289b3) sub     s3, t0, t0
core   0: 3 0x800018da (0x405289b3) x19 0x00000000
core   0: 0x800018de (0x03f84163) blt     a6, t6, pc + 34
core   0: 3 0x800018de (0x03f84163)
core   0: 0x800018e2 (0x03cf6463) bltu    t5, t3, pc + 40
core   0: 3 0x800018e2 (0x03cf6463)
core   0: 0x8000190a (0x0092e8b3) or      a7, t0, s1
core   0: 3 0x8000190a (0x0092e8b3) x17 0x00000000
core   0: 0x8000190e (0x00008e09) c.sub   a2, a0
core   0: 3 0x8000190e (0x8e09) x12 0xfffffffe
core   0: 0x80001910 (0x038cb033) mulhu   zero, s9, s8
core   0: 3 0x80001910 (0x038cb033)
core   0: 0x80001914 (0x02f375b3) remu    a1, t1, a5
core   0: 3 0x80001914 (0x02f375b3) x11 0x00000003
core   0: 0x80001918 (0x00008f79) c.and   a4, a4
core   0: 3 0x80001918 (0x8f79) x14 0x7ffef18a
core   0: 0x8000191a (0x00009a7d) c.andi  a2, -1
core   0: 3 0x8000191a (0x9a7d) x12 0xfffffffe
core   0: 0x8000191c (0x0000717d) c.addi16sp sp, -16
core   0: 3 0x8000191c (0x717d) x 2 0x19753aa1
core   0: 0x8000191e (0x014659b3) srl     s3, a2, s4
core   0: 3 0x8000191e (0x014659b3) x19 0xfffffffe
core   0: 0x80001922 (0x00008dd9) c.or    a1, a4
core   0: 3 0x80001922 (0x8dd9) x11 0x7ffef18b
core   0: 0x80001924 (0x74f70f93) addi    t6, a4, 1871
core   0: 3 0x80001924 (0x74f70f93) x31 0x7ffef8d9
core   0: 0x80001928 (0x01410a63) beq     sp, s4, pc + 20
core   0: 3 0x80001928 (0x01410a63)
core   0: 0x8000192c (0x000040bd) c.li    ra, 15
core   0: 3 0x8000192c (0x40bd) x 1 0x0000000f
core   0: 0x8000192e (0x00bd5c33) srl     s8, s10, a1
core   0: 3 0x8000192e (0x00bd5c33) x24 0x00000000
core   0: 0x80001932 (0x02600c33) mul     s8, zero, t1
core   0: 3 0x80001932 (0x02600c33) x24 0x00000000
core   0: 0x80001936 (0x000064a1) c.lui   s1, 0x8
core   0: 3 0x80001936 (0x64a1) x 9 0x00008000
core   0: 0x80001938 (0x8b458493) addi    s1, a1, -1868
core   0: 3 0x80001938 (0x8b458493) x 9 0x7ffeea3f
core   0: 0x8000193c (0xaa186f93) ori     t6, a6, -1375
core   0: 3 0x8000193c (0xaa186f93) x31 0xfffffaff
core   0: 0x80001940 (0x0ff0000f) fence   iorw,iorw
core   0: 3 0x80001940 (0x0ff0000f)
core   0: 0x80001944 (0x007dd393) srli    t2, s11, 7
core   0: 3 0x80001944 (0x007dd393) x 7 0x00000009
core   0: 0x80001948 (0x0d8b0a13) addi    s4, s6, 216
core   0: 3 0x80001948 (0x0d8b0a13) x20 0x000000dc
core   0: 0x8000194c (0x00001ffd) c.addi  t6, -1
core   0: 3 0x8000194c (0x1ffd) x31 0xfffffafe
core   0: 0x8000194e (0x05397363) bgeu    s2, s3, pc + 70
core   0: 3 0x8000194e (0x05397363)
core   0: 0x80001952 (0xd3cd3813) sltiu   a6, s10, -708
core   0: 3 0x80001952 (0xd3cd3813) x16 0x00000001
core   0: 0x80001956 (0x00b6e7b3) or      a5, a3, a1
core   0: 3 0x80001956 (0x00b6e7b3) x15 0x7ffef18b
core   0: 0x8000195a (0x00d0c833) xor     a6, ra, a3
core   0: 3 0x8000195a (0x00d0c833) x16 0x0000000f
core   0: 0x8000195e (0x0000100f) fence.i
core   0: 3 0x8000195e (0x0000100f)
core   0: 0x80001962 (0x03dee563) bltu    t4, t4, pc + 42
core   0: 3 0x80001962 (0x03dee563)
core   0: 0x80001966 (0x0261e8b3) rem     a7, gp, t1
core   0: 3 0x80001966 (0x0261e8b3) x17 0x00000000
core   0: 0x8000196a (0x00008cdd) c.or    s1, a5
core   0: 3 0x8000196a (0x8cdd) x 9 0x7ffefbbf
core   0: 0x8000196c (0x0256bc33) mulhu   s8, a3, t0
core   0: 3 0x8000196c (0x0256bc33) x24 0x00000000
core   0: 0x80001970 (0x00000001) c.nop
core   0: 3 0x80001970 (0x0001)
core   0: 0x80001972 (0x01e92033) slt     zero, s2, t5
core   0: 3 0x80001972 (0x01e92033)
core   0: 0x80001976 (0x034fa0b3) mulhsu  ra, t6, s4
core   0: 3 0x80001976 (0x034fa0b3) x 1 0xffffffff
core   0: 0x8000197a (0x40aa0533) sub     a0, s4, a0
core   0: 3 0x8000197a (0x40aa0533) x10 0x000000da
core   0: 0x8000197e (0x02aa7133) remu    sp, s4, a0
core   0: 3 0x8000197e (0x02aa7133) x 2 0x00000002
core   0: 0x80001982 (0x016d5193) srli    gp, s10, 22
core   0: 3 0x80001982 (0x016d5193) x 3 0x00000000
core   0: 0x80001986 (0x0000ca85) c.beqz  a3, pc + 48
core   0: 3 0x80001986 (0xca85)
core   0: 0x800019b6 (0x0000717d) c.addi16sp sp, -16
core   0: 3 0x800019b6 (0x717d) x 2 0xfffffff2
core   0: 0x800019b8 (0x00a85133) srl     sp, a6, a0
core   0: 3 0x800019b8 (0x00a85133) x 2 0x00000000
core   0: 0x800019bc (0x00008121) c.srli  a0, 8
core   0: 3 0x800019bc (0x8121) x10 0x00000000
core   0: 0x800019be (0x0ff0000f) fence   iorw,iorw
core   0: 3 0x800019be (0x0ff0000f)
core   0: 0x800019c2 (0x0000954a) c.add   a0, s2
core   0: 3 0x800019c2 (0x954a) x10 0x000000d1
core   0: 0x800019c4 (0x5a41ab93) slti    s7, gp, 1444
core   0: 3 0x800019c4 (0x5a41ab93) x23 0x00000001
core   0: 0x800019c8 (0x000042f5) c.li    t0, 29
core   0: 3 0x800019c8 (0x42f5) x 5 0x0000001d
core   0: 0x800019ca (0x00b65833) srl     a6, a2, a1
core   0: 3 0x800019ca (0x00b65833) x16 0x001fffff
core   0: 0x800019ce (0x032bceb3) div     t4, s7, s2
core   0: 3 0x800019ce (0x032bceb3) x29 0x00000000
core   0: 0x800019d2 (0xc0d2b697) auipc   a3, 0xc0d2b
core   0: 3 0x800019d2 (0xc0d2b697) x13 0x40d2c9d2
core   0: 0x800019d6 (0xeea22993) slti    s3, tp, -278
core   0: 3 0x800019d6 (0xeea22993) x19 0x00000001
core   0: 0x800019da (0x004a47b3) xor     a5, s4, tp
core   0: 3 0x800019da (0x004a47b3) x15 0x800000dc
core   0: 0x800019de (0x83b1c613) xori    a2, gp, -1989
core   0: 3 0x800019de (0x83b1c613) x12 0xfffff83b
core   0: 0x800019e2 (0x0000c3a1) c.beqz  a5, pc + 64
core   0: 3 0x800019e2 (0xc3a1)
core   0: 0x800019e4 (0x0000717d) c.addi16sp sp, -16
core   0: 3 0x800019e4 (0x717d) x 2 0xfffffff0
core   0: 0x800019e6 (0x001a48b3) xor     a7, s4, ra
core   0: 3 0x800019e6 (0x001a48b3) x17 0xffffff23
core   0: 0x800019ea (0x02a1a833) mulhsu  a6, gp, a0
core   0: 3 0x800019ea (0x02a1a833) x16 0x00000000
core   0: 0x800019ee (0x00000e80) c.addi4spn s0, sp, 848
core   0: 3 0x800019ee (0x0e80) x 8 0x00000340
core   0: 0x800019f0 (0x011b5913) srli    s2, s6, 17
core   0: 3 0x800019f0 (0x011b5913) x18 0x00000000
core   0: 0x800019f4 (0x0116d613) srli    a2, a3, 17
core   0: 3 0x800019f4 (0x0116d613) x12 0x00002069
core   0: 0x800019f8 (0x0000ef1d) c.bnez  a4, pc + 62
core   0: 3 0x800019f8 (0xef1d)
core   0: 0x80001a36 (0x0000e2b9) c.bnez  a3, pc + 70
core   0: 3 0x80001a36 (0xe2b9)
core   0: 0x80001a7c (0x401c0733) sub     a4, s8, ra
core   0: 3 0x80001a7c (0x401c0733) x14 0x00000001
core   0: 0x80001a80 (0x03c863b3) rem     t2, a6, t3
core   0: 3 0x80001a80 (0x03c863b3) x 7 0x00000000
core   0: 0x80001a84 (0x0000e041) c.bnez  s0, pc + 128
core   0: 3 0x80001a84 (0xe041)
core   0: 0x80001b04 (0x0349db63) bge     s3, s4, pc + 54
core   0: 3 0x80001b04 (0x0349db63)
core   0: 0x80001b08 (0x0000c199) c.beqz  a1, pc + 6
core   0: 3 0x80001b08 (0xc199)
core   0: 0x80001b0a (0x0000100f) fence.i
core   0: 3 0x80001b0a (0x0000100f)
core   0: 0x80001b0e (0x03aabf33) mulhu   t5, s5, s10
core   0: 3 0x80001b0e (0x03aabf33) x30 0x00000232
core   0: 0x80001b12 (0x0078b1b3) sltu    gp, a7, t2
core   0: 3 0x80001b12 (0x0078b1b3) x 3 0x00000000
core   0: 0x80001b16 (0x02c8f7b3) remu    a5, a7, a2
core   0: 3 0x80001b16 (0x02c8f7b3) x15 0x00000086
core   0: 0x80001b1a (0x037613b3) mulh    t2, a2, s7
core   0: 3 0x80001b1a (0x037613b3) x 7 0x00000000
core   0: 0x80001b1e (0x00008755) c.srai  a4, 21
core   0: 3 0x80001b1e (0x8755) x14 0x00000000
core   0: 0x80001b20 (0x0000100f) fence.i
core   0: 3 0x80001b20 (0x0000100f)
core   0: 0x80001b24 (0x001b17b3) sll     a5, s6, ra
core   0: 3 0x80001b24 (0x001b17b3) x15 0x00000000
core   0: 0x80001b28 (0x00008c4d) c.or    s0, a1
core   0: 3 0x80001b28 (0x8c4d) x 8 0x7ffef3cb
core   0: 0x80001b2a (0x00009712) c.add   a4, tp
core   0: 3 0x80001b2a (0x9712) x14 0x80000000
core   0: 0x80001b2c (0x00000001) c.nop
core   0: 3 0x80001b2c (0x0001)
core   0: 0x80001b2e (0x02243833) mulhu   a6, s0, sp
core   0: 3 0x80001b2e (0x02243833) x16 0x7ffef3c3
core   0: 0x80001b32 (0x01134f33) xor     t5, t1, a7
core   0: 3 0x80001b32 (0x01134f33) x30 0x000000dc
core   0: 0x80001b36 (0x2840ad13) slti    s10, ra, 644
core   0: 3 0x80001b36 (0x2840ad13) x26 0x00000001
core   0: 0x80001b3a (0x013d20b3) slt     ra, s10, s3
core   0: 3 0x80001b3a (0x013d20b3) x 1 0x00000000
core   0: 0x80001b3e (0x034741b3) div     gp, a4, s4
core   0: 3 0x80001b3e (0x034741b3) x 3 0xff6b0df7
core   0: 0x80001b42 (0xb56e1c17) auipc   s8, 0xb56e1
core   0: 3 0x80001b42 (0xb56e1c17) x24 0x356e2b42
core   0: 0x80001b46 (0x01edbfb3) sltu    t6, s11, t5
core   0: 3 0x80001b46 (0x01edbfb3) x31 0x00000000
core   0: 0x80001b4a (0x001e2a33) slt     s4, t3, ra
core   0: 3 0x80001b4a (0x001e2a33) x20 0x00000000
core   0: 0x80001b4e (0x5704f617) auipc   a2, 0x5704f
core   0: 3 0x80001b4e (0x5704f617) x12 0xd7050b4e
core   0: 0x80001b52 (0x029dd633) divu    a2, s11, s1
core   0: 3 0x80001b52 (0x029dd633) x12 0x00000000
core   0: 0x80001b56 (0x01333033) sltu    zero, t1, s3
core   0: 3 0x80001b56 (0x01333033)
core   0: 0x80001b5a (0x03773c33) mulhu   s8, a4, s7
core   0: 3 0x80001b5a (0x03773c33) x24 0x00000000
core   0: 0x80001b5e (0x0000612d) c.addi16sp sp, 224
core   0: 3 0x80001b5e (0x612d) x 2 0x000000d0
core   0: 0x80001b60 (0x03ac20b3) mulhsu  ra, s8, s10
core   0: 3 0x80001b60 (0x03ac20b3) x 1 0x00000000
core   0: 0x80001b64 (0x414157b3) sra     a5, sp, s4
core   0: 3 0x80001b64 (0x414157b3) x15 0x000000d0
core   0: 0x80001b68 (0x02bc6f33) rem     t5, s8, a1
core   0: 3 0x80001b68 (0x02bc6f33) x30 0x00000000
core   0: 0x80001b6c (0x00008ced) c.and   s1, a1
core   0: 3 0x80001b6c (0x8ced) x 9 0x7ffef18b
core   0: 0x80001b6e (0x003b58b3) srl     a7, s6, gp
core   0: 3 0x80001b6e (0x003b58b3) x17 0x00000000
core   0: 0x80001b72 (0x0326bb33) mulhu   s6, a3, s2
core   0: 3 0x80001b72 (0x0326bb33) x22 0x00000000
core   0: 0x80001b76 (0x02c972b3) remu    t0, s2, a2
core   0: 3 0x80001b76 (0x02c972b3) x 5 0x00000000
core   0: 0x80001b7a (0x00000f95) c.addi  t6, 5
core   0: 3 0x80001b7a (0x0f95) x31 0x00000005
core   0: 0x80001b7c (0x0000cb01) c.beqz  a4, pc + 16
core   0: 3 0x80001b7c (0xcb01)
core   0: 0x80001b7e (0x031840b3) div     ra, a6, a7
core   0: 3 0x80001b7e (0x031840b3) x 1 0xffffffff
core   0: 0x80001b82 (0x000006c6) c.slli  a3, 17
core   0: 3 0x80001b82 (0x06c6) x13 0x93a40000
core   0: 0x80001b84 (0x03f81db3) mulh    s11, a6, t6
core   0: 3 0x80001b84 (0x03f81db3) x27 0x00000002
core   0: 0x80001b88 (0xca6894b7) lui     s1, 0xca689
core   0: 3 0x80001b88 (0xca6894b7) x 9 0xca689000
core   0: 0x80001b8c (0x0000859e) c.mv    a1, t2
core   0: 3 0x80001b8c (0x859e) x11 0x00000000
core   0: 0x80001b8e (0x0022c4b3) xor     s1, t0, sp
core   0: 3 0x80001b8e (0x0022c4b3) x 9 0x000000d0
core   0: 0x80001b92 (0x000064cd) c.lui   s1, 0x13
core   0: 3 0x80001b92 (0x64cd) x 9 0x00013000
core   0: 0x80001b94 (0x055f1163) bne     t5, s5, pc + 66
core   0: 3 0x80001b94 (0x055f1163)
core   0: 0x80001bd6 (0x00008c25) c.xor   s0, s1
core   0: 3 0x80001bd6 (0x8c25) x 8 0x7fffc3cb
core   0: 0x80001bd8 (0x012a81b3) add     gp, s5, s2
core   0: 3 0x80001bd8 (0x012a81b3) x 3 0x80029ce4
core   0: 0x80001bdc (0x03c56633) rem     a2, a0, t3
core   0: 3 0x80001bdc (0x03c56633) x12 0x000000d1
core   0: 0x80001be0 (0x01b72f33) slt     t5, a4, s11
core   0: 3 0x80001be0 (0x01b72f33) x30 0x00000001
core   0: 0x80001be4 (0x0001c497) auipc   s1, 0x1c
core   0: 3 0x80001be4 (0x0001c497) x 9 0x8001dbe4
core   0: 0x80001be8 (0xd2b48493) addi    s1, s1, -725
core   0: 3 0x80001be8 (0xd2b48493) x 9 0x8001d90f
core   0: 0x80001bec (0x94a48e83) lb      t4, -1718(s1)
core   0: 3 0x80001bec (0x94a48e83) x29 0x00000012 mem 0x8001d259
core   0: 0x80001bf0 (0xc7b48ea3) sb      s11, -899(s1)
core   0: 3 0x80001bf0 (0xc7b48ea3) mem 0x8001d58c 0x2
core   0: 0x80001bf4 (0x03f1c033) div     zero, gp, t6
core   0: 3 0x80001bf4 (0x03f1c033)
core   0: 0x80001bf8 (0x9b048703) lb      a4, -1616(s1)
core   0: 3 0x80001bf8 (0x9b048703) x14 0x00000074 mem 0x8001d2bf
core   0: 0x80001bfc (0xcd24ce03) lbu     t3, -814(s1)
core   0: 3 0x80001bfc (0xcd24ce03) x28 0x0000009a mem 0x8001d5e1
core   0: 0x80001c00 (0xed748983) lb      s3, -297(s1)
core   0: 3 0x80001c00 (0xed748983) x19 0xffffff9d mem 0x8001d7e6
core   0: 0x80001c04 (0x00008119) c.srli  a0, 6
core   0: 3 0x80001c04 (0x8119) x10 0x00000003
core   0: 0x80001c06 (0x00275bb3) srl     s7, a4, sp
core   0: 3 0x80001c06 (0x00275bb3) x23 0x00000000
core   0: 0x80001c0a (0x00006d65) c.lui   s10, 0x19
core   0: 3 0x80001c0a (0x6d65) x26 0x00019000
core   0: 0x80001c0c (0xd4448303) lb      t1, -700(s1)
core   0: 3 0x80001c0c (0xd4448303) x 6 0x00000008 mem 0x8001d653
core   0: 0x80001c10 (0xc904c183) lbu     gp, -880(s1)
core   0: 3 0x80001c10 (0xc904c183) x 3 0x00000054 mem 0x8001d59f
core   0: 0x80001c14 (0x32f495a3) sh      a5, 811(s1)
core   0: 3 0x80001c14 (0x32f495a3) mem 0x8001dc3a 0x00d0
core   0: 0x80001c18 (0x0ff0000f) fence   iorw,iorw
core   0: 3 0x80001c18 (0x0ff0000f)
core   0: 0x80001c1c (0xf8048903) lb      s2, -128(s1)
core   0: 3 0x80001c1c (0xf8048903) x18 0x00000044 mem 0x8001d88f
core   0: 0x80001c20 (0x4bd4a2a3) sw      t4, 1189(s1)
core   0: 3 0x80001c20 (0x4bd4a2a3) mem 0x8001ddb4 0x00000012
core   0: 0x80001c24 (0x01f14fb3) xor     t6, sp, t6
core   0: 3 0x80001c24 (0x01f14fb3) x31 0x000000d5
core   0: 0x80001c28 (0x28048b03) lb      s6, 640(s1)
core   0: 3 0x80001c28 (0x28048b03) x22 0x00000044 mem 0x8001db8f
core   0: 0x80001c2c (0x00051633) sll     a2, a0, zero
core   0: 3 0x80001c2c (0x00051633) x12 0x00000003
core   0: 0x80001c30 (0x00008dbd) c.xor   a1, a5
core   0: 3 0x80001c30 (0x8dbd) x11 0x000000d0
core   0: 0x80001c32 (0x0363bdb3) mulhu   s11, t2, s6
core   0: 3 0x80001c32 (0x0363bdb3) x27 0x00000000
core   0: 0x80001c36 (0xc0c48a23) sb      a2, -1004(s1)
core   0: 3 0x80001c36 (0xc0c48a23) mem 0x8001d523 0x3
core   0: 0x80001c3a (0xa4349603) lh      a2, -1469(s1)
core   0: 3 0x80001c3a (0xa4349603) x12 0x00000809 mem 0x8001d352
core   0: 0x80001c3e (0x01de6db3) or      s11, t3, t4
core   0: 3 0x80001c3e (0x01de6db3) x27 0x0000009a
core   0: 0x80001c42 (0x0000617d) c.addi16sp sp, 496
core   0: 3 0x80001c42 (0x617d) x 2 0x000002c0
core   0: 0x80001c44 (0x1db4da03) lhu     s4, 475(s1)
core   0: 3 0x80001c44 (0x1db4da03) x20 0x0000a0a1 mem 0x8001daea
core   0: 0x80001c48 (0x02f858b3) divu    a7, a6, a5
core   0: 3 0x80001c48 (0x02f858b3) x17 0x009d888e
core   0: 0x80001c4c (0x00000001) c.nop
core   0: 3 0x80001c4c (0x0001)
core   0: 0x80001c4e (0x000068b5) c.lui   a7, 0xd
core   0: 3 0x80001c4e (0x68b5) x17 0x0000d000
core   0: 0x80001c50 (0x0265f7b3) remu    a5, a1, t1
core   0: 3 0x80001c50 (0x0265f7b3) x15 0x00000000
core   0: 0x80001c54 (0x00000001) c.nop
core   0: 3 0x80001c54 (0x0001)
core   0: 0x80001c56 (0xf6248583) lb      a1, -158(s1)
core   0: 3 0x80001c56 (0xf6248583) x11 0x0000002a mem 0x8001d871
core   0: 0x80001c5a (0x00001e80) c.addi4spn s0, sp, 880
core   0: 3 0x80001c5a (0x1e80) x 8 0x00000630
core   0: 0x80001c5c (0x40e6db13) srai    s6, a3, 14
core   0: 3 0x80001c5c (0x40e6db13) x22 0xfffe4e90
core   0: 0x80001c60 (0x00008d85) c.sub   a1, s1
core   0: 3 0x80001c60 (0x8d85) x11 0x7ffe271b
core   0: 0x80001c62 (0x9d14df83) lhu     t6, -1583(s1)
core   0: 3 0x80001c62 (0x9d14df83) x31 0x00009a9b mem 0x8001d2e0
core   0: 0x80001c66 (0x96d48c23) sb      a3, -1672(s1)
core   0: 3 0x80001c66 (0x96d48c23) mem 0x8001d287 0x0
core   0: 0x80001c6a (0x87648323) sb      s6, -1946(s1)
core   0: 3 0x80001c6a (0x87648323) mem 0x8001d175 0x90
core   0: 0x80001c6e (0xe704c803) lbu     a6, -400(s1)
core   0: 3 0x80001c6e (0xe704c803) x16 0x00000034 mem 0x8001d77f
core   0: 0x80001c72 (0x00008a0a) c.mv    s4, sp
core   0: 3 0x80001c72 (0x8a0a) x20 0x000002c0
core   0: 0x80001c74 (0x3184c503) lbu     a0, 792(s1)
core   0: 3 0x80001c74 (0x3184c503) x10 0x000000dc mem 0x8001dc27
core   0: 0x80001c78 (0x0d148f23) sb      a7, 222(s1)
core   0: 3 0x80001c78 (0x0d148f23) mem 0x8001d9ed 0x0
core   0: 0x80001c7c (0xf5248883) lb      a7, -174(s1)
core   0: 3 0x80001c7c (0xf5248883) x17 0x0000001a mem 0x8001d861
core   0: 0x80001c80 (0x000081a5) c.srli  a1, 9
core   0: 3 0x80001c80 (0x81a5) x11 0x003fff13
core   0: 0x80001c82 (0xfbb48783) lb      a5, -69(s1)
core   0: 3 0x80001c82 (0xfbb48783) x15 0xffffff81 mem 0x8001d8ca
core   0: 0x80001c86 (0x4379a193) slti    gp, s3, 1079
core   0: 3 0x80001c86 (0x4379a193) x 3 0x00000001
core   0: 0x80001c8a (0x2dd48683) lb      a3, 733(s1)
core   0: 3 0x80001c8a (0x2dd48683) x13 0xffffffa7 mem 0x8001dbec
core   0: 0x80001c8e (0x000013fd) c.addi  t2, -1
core   0: 3 0x80001c8e (0x13fd) x 7 0xffffffff
core   0: 0x80001c90 (0x00008ef5) c.and   a3, a3
core   0: 3 0x80001c90 (0x8ef5) x13 0xffffffa7
core   0: 0x80001c92 (0x00000001) c.nop
core   0: 3 0x80001c92 (0x0001)
core   0: 0x80001c94 (0x064487a3) sb      tp, 111(s1)
core   0: 3 0x80001c94 (0x064487a3) mem 0x8001d97e 0x0
core   0: 0x80001c98 (0x0000100f) fence.i
core   0: 3 0x80001c98 (0x0000100f)
core   0: 0x80001c9c (0x00008df5) c.and   a1, a3
core   0: 3 0x80001c9c (0x8df5) x11 0x003fff03
core   0: 0x80001c9e (0xceb49083) lh      ra, -789(s1)
core   0: 3 0x80001c9e (0xceb49083) x 1 0xffffb0b1 mem 0x8001d5fa
core   0: 0x80001ca2 (0x00006121) c.addi16sp sp, 64
core   0: 3 0x80001ca2 (0x6121) x 2 0x00000300
core   0: 0x80001ca4 (0x13f48523) sb      t6, 298(s1)
core   0: 3 0x80001ca4 (0x13f48523) mem 0x8001da39 0x9b
core   0: 0x80001ca8 (0x000018fd) c.addi  a7, -1
core   0: 3 0x80001ca8 (0x18fd) x17 0x00000019
core   0: 0x80001caa (0x9ce48423) sb      a4, -1592(s1)
core   0: 3 0x80001caa (0x9ce48423) mem 0x8001d2d7 0x74
core   0: 0x80001cae (0x00000001) c.nop
core   0: 3 0x80001cae (0x0001)
core   0: 0x80001cb0 (0x01179e13) slli    t3, a5, 17
core   0: 3 0x80001cb0 (0x01179e13) x28 0xff020000
core   0: 0x80001cb4 (0x014197b3) sll     a5, gp, s4
core   0: 3 0x80001cb4 (0x014197b3) x15 0x00000001
core   0: 0x80001cb8 (0x00009db6) c.add   s11, a3
core   0: 3 0x80001cb8 (0x9db6) x27 0x00000041
core   0: 0x80001cba (0x05d7d263) bge     a5, t4, pc + 68
core   0: 3 0x80001cba (0x05d7d263)
core   0: 0x80001cbe (0x01bdb1b3) sltu    gp, s11, s11
core   0: 3 0x80001cbe (0x01bdb1b3) x 3 0x00000000
core   0: 0x80001cc2 (0x00001a98) c.addi4spn a4, sp, 368
core   0: 3 0x80001cc2 (0x1a98) x14 0x00000470
core   0: 0x80001cc4 (0x0000ca19) c.beqz  a2, pc + 22
core   0: 3 0x80001cc4 (0xca19)
core   0: 0x80001cc6 (0x00005c7d) c.li    s8, -1
core   0: 3 0x80001cc6 (0x5c7d) x24 0xffffffff
core   0: 0x80001cc8 (0x0115eb33) or      s6, a1, a7
core   0: 3 0x80001cc8 (0x0115eb33) x22 0x003fff1b
core   0: 0x80001ccc (0x80034413) xori    s0, t1, -2048
core   0: 3 0x80001ccc (0x80034413) x 8 0xfffff808
core   0: 0x80001cd0 (0x00000001) c.nop
core   0: 3 0x80001cd0 (0x0001)
core   0: 0x80001cd2 (0x00235b93) srli    s7, t1, 2
core   0: 3 0x80001cd2 (0x00235b93) x23 0x00000002
core   0: 0x80001cd6 (0x11104513) xori    a0, zero, 273
core   0: 3 0x80001cd6 (0x11104513) x10 0x00000111
core   0: 0x80001cda (0x01d87863) bgeu    a6, t4, pc + 16
core   0: 3 0x80001cda (0x01d87863)
core   0: 0x80001cea (0x0000029e) c.slli  t0, 7
core   0: 3 0x80001cea (0x029e) x 5 0x00000000
core   0: 0x80001cec (0x1e6e2193) slti    gp, t3, 486
core   0: 3 0x80001cec (0x1e6e2193) x 3 0x00000001
core   0: 0x80001cf0 (0x41d7d593) srai    a1, a5, 29
core   0: 3 0x80001cf0 (0x41d7d593) x11 0x00000000
core   0: 0x80001cf4 (0x4028dc13) srai    s8, a7, 2
core   0: 3 0x80001cf4 (0x4028dc13) x24 0x00000006
core   0: 0x80001cf8 (0x0000c185) c.beqz  a1, pc + 32
core   0: 3 0x80001cf8 (0xc185)
core   0: 0x80001d18 (0x0ff0000f) fence   iorw,iorw
core   0: 3 0x80001d18 (0x0ff0000f)
core   0: 0x80001d1c (0x0000820d) c.srli  a2, 3
core   0: 3 0x80001d1c (0x820d) x12 0x00000101
core   0: 0x80001d1e (0x193b2593) slti    a1, s6, 403
core   0: 3 0x80001d1e (0x193b2593) x11 0x00000000
core   0: 0x80001d22 (0x01472db3) slt     s11, a4, s4
core   0: 3 0x80001d22 (0x01472db3) x27 0x00000000
core   0: 0x80001d26 (0x03e354b3) divu    s1, t1, t5
core   0: 3 0x80001d26 (0x03e354b3) x 9 0x00000008
core   0: 0x80001d2a (0x037b5363) bge     s6, s7, pc + 38
core   0: 3 0x80001d2a (0x037b5363)
core   0: 0x80001d50 (0x25010b93) addi    s7, sp, 592
core   0: 3 0x80001d50 (0x25010b93) x23 0x00000550
core   0: 0x80001d54 (0x0000098e) c.slli  s3, 3
core   0: 3 0x80001d54 (0x098e) x19 0xfffffce8
core   0: 0x80001d56 (0x0348df63) bge     a7, s4, pc + 62
core   0: 3 0x80001d56 (0x0348df63)
core   0: 0x80001d5a (0x011f6eb3) or      t4, t5, a7
core   0: 3 0x80001d5a (0x011f6eb3) x29 0x00000019
core   0: 0x80001d5e (0x016884b3) add     s1, a7, s6
core   0: 3 0x80001d5e (0x016884b3) x 9 0x003fff34
core   0: 0x80001d62 (0x03995263) bge     s2, s9, pc + 36
core   0: 3 0x80001d62 (0x03995263)
core   0: 0x80001d86 (0x00009bfd) c.andi  a5, -1
core   0: 3 0x80001d86 (0x9bfd) x15 0x00000001
core   0: 0x80001d88 (0x2bcd48b7) lui     a7, 0x2bcd4
core   0: 3 0x80001d88 (0x2bcd48b7) x17 0x2bcd4000
core   0: 0x80001d8c (0x00008aa1) c.andi  a3, 8
core   0: 3 0x80001d8c (0x8aa1) x13 0x00000000
core   0: 0x80001d8e (0x03ec12b3) mulh    t0, s8, t5
core   0: 3 0x80001d8e (0x03ec12b3) x 5 0x00000000
core   0: 0x80001d92 (0x000068c9) c.lui   a7, 0x12
core   0: 3 0x80001d92 (0x68c9) x17 0x00012000
core   0: 0x80001d94 (0x0000717d) c.addi16sp sp, -16
core   0: 3 0x80001d94 (0x717d) x 2 0x000002f0
core   0: 0x80001d96 (0x00009b7d) c.andi  a4, -1
core   0: 3 0x80001d96 (0x9b7d) x14 0x00000470
core   0: 0x80001d98 (0x284452b7) lui     t0, 0x28445
core   0: 3 0x80001d98 (0x284452b7) x 5 0x28445000
core   0: 0x80001d9c (0x40325733) sra     a4, tp, gp
core   0: 3 0x80001d9c (0x40325733) x14 0xc0000000
core   0: 0x80001da0 (0x00000001) c.nop
core   0: 3 0x80001da0 (0x0001)
core   0: 0x80001da2 (0x0000c519) c.beqz  a0, pc + 14
core   0: 3 0x80001da2 (0xc519)
core   0: 0x80001da4 (0x5186cd93) xori    s11, a3, 1304
core   0: 3 0x80001da4 (0x5186cd93) x27 0x00000518
core   0: 0x80001da8 (0x004301b3) add     gp, t1, tp
core   0: 3 0x80001da8 (0x004301b3) x 3 0x80000008
core   0: 0x80001dac (0x02345a33) divu    s4, s0, gp
core   0: 3 0x80001dac (0x02345a33) x20 0x00000001
core   0: 0x80001db0 (0x33032317) auipc   t1, 0x33032
core   0: 3 0x80001db0 (0x33032317) x 6 0xb3033db0
core   0: 0x80001db4 (0x00ef9493) slli    s1, t6, 14
core   0: 3 0x80001db4 (0x00ef9493) x 9 0x26a6c000
core   0: 0x80001db8 (0x002723b3) slt     t2, a4, sp
core   0: 3 0x80001db8 (0x002723b3) x 7 0x00000001
core   0: 0x80001dbc (0x000050fd) c.li    ra, -1
core   0: 3 0x80001dbc (0x50fd) x 1 0xffffffff
core   0: 0x80001dbe (0x00006a51) c.lui   s4, 0x14
core   0: 3 0x80001dbe (0x6a51) x20 0x00014000
core   0: 0x80001dc0 (0x000017fd) c.addi  a5, -1
core   0: 3 0x80001dc0 (0x17fd) x15 0x00000000
core   0: 0x80001dc2 (0x83e38593) addi    a1, t2, -1986
core   0: 3 0x80001dc2 (0x83e38593) x11 0xfffff83f
core   0: 0x80001dc6 (0x41c683b3) sub     t2, a3, t3
core   0: 3 0x80001dc6 (0x41c683b3) x 7 0x00fe0000
core   0: 0x80001dca (0xfa203337) lui     t1, 0xfa203
core   0: 3 0x80001dca (0xfa203337) x 6 0xfa203000
core   0: 0x80001dce (0x00008fc5) c.or    a5, s1
core   0: 3 0x80001dce (0x8fc5) x15 0x26a6c000
core   0: 0x80001dd0 (0x01d2d393) srli    t2, t0, 29
core   0: 3 0x80001dd0 (0x01d2d393) x 7 0x00000001
core   0: 0x80001dd4 (0x011e5eb3) srl     t4, t3, a7
core   0: 3 0x80001dd4 (0x011e5eb3) x29 0xff020000
core   0: 0x80001dd8 (0x9688a693) slti    a3, a7, -1688
core   0: 3 0x80001dd8 (0x9688a693) x13 0x00000000
core   0: 0x80001ddc (0x000085fe) c.mv    a1, t6
core   0: 3 0x80001ddc (0x85fe) x11 0x00009a9b
core   0: 0x80001dde (0x006b2533) slt     a0, s6, t1
core   0: 3 0x80001dde (0x006b2533) x10 0x00000000
core   0: 0x80001de2 (0xf369cc13) xori    s8, s3, -202
core   0: 3 0x80001de2 (0xf369cc13) x24 0x000003de
core   0: 0x80001de6 (0x03878633) mul     a2, a5, s8
core   0: 3 0x80001de6 (0x03878633) x12 0x78da8000
core   0: 0x80001dea (0x000082c2) c.mv    t0, a6
core   0: 3 0x80001dea (0x82c2) x 5 0x00000034
core   0: 0x80001dec (0x50d4ab93) slti    s7, s1, 1293
core   0: 3 0x80001dec (0x50d4ab93) x23 0x00000000
core   0: 0x80001df0 (0x01d05613) srli    a2, zero, 29
core   0: 3 0x80001df0 (0x01d05613) x12 0x00000000
core   0: 0x80001df4 (0x401a8b33) sub     s6, s5, ra
core   0: 3 0x80001df4 (0x401a8b33) x22 0x80029ce5
core   0: 0x80001df8 (0x00008429) c.srai  s0, 10
core   0: 3 0x80001df8 (0x8429) x 8 0xfffffffe
core   0: 0x80001dfa (0x013a5293) srli    t0, s4, 19
core   0: 3 0x80001dfa (0x013a5293) x 5 0x00000000
core   0: 0x80001dfe (0x017ba8b3) slt     a7, s7, s7
core   0: 3 0x80001dfe (0x017ba8b3) x17 0x00000000
core   0: 0x80001e02 (0x01ac6133) or      sp, s8, s10
core   0: 3 0x80001e02 (0x01ac6133) x 2 0x000193de
core   0: 0x80001e06 (0x007d7f63) bgeu    s10, t2, pc + 30
core   0: 3 0x80001e06 (0x007d7f63)
core   0: 0x80001e24 (0x0000c3a1) c.beqz  a5, pc + 64
core   0: 3 0x80001e24 (0xc3a1)
core   0: 0x80001e26 (0x01346c33) or      s8, s0, s3
core   0: 3 0x80001e26 (0x01346c33) x24 0xfffffffe
core   0: 0x80001e2a (0x00008f71) c.and   a4, a2
core   0: 3 0x80001e2a (0x8f71) x14 0x00000000
core   0: 0x80001e2c (0x0000e719) c.bnez  a4, pc + 14
core   0: 3 0x80001e2c (0xe719)
core   0: 0x80001e2e (0x02b8ad33) mulhsu  s10, a7, a1
core   0: 3 0x80001e2e (0x02b8ad33) x26 0x00000000
core   0: 0x80001e32 (0x0ff0000f) fence   iorw,iorw
core   0: 3 0x80001e32 (0x0ff0000f)
core   0: 0x80001e36 (0x28a32393) slti    t2, t1, 650
core   0: 3 0x80001e36 (0x28a32393) x 7 0x00000001
core   0: 0x80001e3a (0x03e572b3) remu    t0, a0, t5
core   0: 3 0x80001e3a (0x03e572b3) x 5 0x00000000
core   0: 0x80001e3e (0x03c00833) mul     a6, zero, t3
core   0: 3 0x80001e3e (0x03c00833) x16 0x00000000
core   0: 0x80001e42 (0x02c82633) mulhsu  a2, a6, a2
core   0: 3 0x80001e42 (0x02c82633) x12 0x00000000
core   0: 0x80001e46 (0x00006175) c.addi16sp sp, 368
core   0: 3 0x80001e46 (0x6175) x 2 0x0001954e
core   0: 0x80001e48 (0x02f02db3) mulhsu  s11, zero, a5
core   0: 3 0x80001e48 (0x02f02db3) x27 0x00000000
core   0: 0x80001e4c (0x03b30c63) beq     t1, s11, pc + 56
core   0: 3 0x80001e4c (0x03b30c63)
core   0: 0x80001e50 (0x02a58133) mul     sp, a1, a0
core   0: 3 0x80001e50 (0x02a58133) x 2 0x00000000
core   0: 0x80001e54 (0x000098fd) c.andi  s1, -1
core   0: 3 0x80001e54 (0x98fd) x 9 0x26a6c000
core   0: 0x80001e56 (0x02841563) bne     s0, s0, pc + 42
core   0: 3 0x80001e56 (0x02841563)
core   0: 0x80001e5a (0x02f5a933) mulhsu  s2, a1, a5
core   0: 3 0x80001e5a (0x02f5a933) x18 0x00001757
core   0: 0x80001e5e (0x00006445) c.lui   s0, 0x11
core   0: 3 0x80001e5e (0x6445) x 8 0x00011000
core   0: 0x80001e60 (0x036878b3) remu    a7, a6, s6
core   0: 3 0x80001e60 (0x036878b3) x17 0x00000000
core   0: 0x80001e64 (0xd9326c13) ori     s8, tp, -621
core   0: 3 0x80001e64 (0xd9326c13) x24 0xfffffd93
core   0: 0x80001e68 (0x00aa7fb3) and     t6, s4, a0
core   0: 3 0x80001e68 (0x00aa7fb3) x31 0x00000000
core   0: 0x80001e6c (0x0000100f) fence.i
core   0: 3 0x80001e6c (0x0000100f)
core   0: 0x80001e70 (0x01819333) sll     t1, gp, s8
core   0: 3 0x80001e70 (0x01819333) x 6 0x00400000
core   0: 0x80001e74 (0x0000871d) c.srai  a4, 7
core   0: 3 0x80001e74 (0x871d) x14 0x00000000
core   0: 0x80001e76 (0x03f7e933) rem     s2, a5, t6
core   0: 3 0x80001e76 (0x03f7e933) x18 0x26a6c000
core   0: 0x80001e7a (0x00008621) c.srai  a2, 8
core   0: 3 0x80001e7a (0x8621) x12 0x00000000
core   0: 0x80001e7c (0x01e8c8b3) xor     a7, a7, t5
core   0: 3 0x80001e7c (0x01e8c8b3) x17 0x00000001
core   0: 0x80001e80 (0x01f17a33) and     s4, sp, t6
core   0: 3 0x80001e80 (0x01f17a33) x20 0x00000000
core   0: 0x80001e84 (0x0000cc15) c.beqz  s0, pc + 60
core   0: 3 0x80001e84 (0xcc15)
core   0: 0x80001e86 (0x00008f7d) c.and   a4, a5
core   0: 3 0x80001e86 (0x8f7d) x14 0x00000000
core   0: 0x80001e88 (0x007924b3) slt     s1, s2, t2
core   0: 3 0x80001e88 (0x007924b3) x 9 0x00000000
core   0: 0x80001e8c (0xce584f97) auipc   t6, 0xce584
core   0: 3 0x80001e8c (0xce584f97) x31 0x4e585e8c
core   0: 0x80001e90 (0x00008f29) c.xor   a4, a0
core   0: 3 0x80001e90 (0x8f29) x14 0x00000000
core   0: 0x80001e92 (0x0195f3b3) and     t2, a1, s9
core   0: 3 0x80001e92 (0x0195f3b3) x 7 0x00001a00
core   0: 0x80001e96 (0x00006a15) c.lui   s4, 0x5
core   0: 3 0x80001e96 (0x6a15) x20 0x00005000
core   0: 0x80001e98 (0x024bb3b3) mulhu   t2, s7, tp
core   0: 3 0x80001e98 (0x024bb3b3) x 7 0x00000000
core   0: 0x80001e9c (0x02394733) div     a4, s2, gp
core   0: 3 0x80001e9c (0x02394733) x14 0x00000000
core   0: 0x80001ea0 (0x03bc5c33) divu    s8, s8, s11
core   0: 3 0x80001ea0 (0x03bc5c33) x24 0xffffffff
core   0: 0x80001ea4 (0x86971eb7) lui     t4, 0x86971
core   0: 3 0x80001ea4 (0x86971eb7) x29 0x86971000
core   0: 0x80001ea8 (0x0ff0000f) fence   iorw,iorw
core   0: 3 0x80001ea8 (0x0ff0000f)
core   0: 0x80001eac (0x01f8aa33) slt     s4, a7, t6
core   0: 3 0x80001eac (0x01f8aa33) x20 0x00000001
core   0: 0x80001eb0 (0x0000830d) c.srli  a4, 3
core   0: 3 0x80001eb0 (0x830d) x14 0x00000000
core   0: 0x80001eb2 (0x037bf933) remu    s2, s7, s7
core   0: 3 0x80001eb2 (0x037bf933) x18 0x00000000
core   0: 0x80001eb6 (0x0214ebb3) rem     s7, s1, ra
core   0: 3 0x80001eb6 (0x0214ebb3) x23 0x00000000
core   0: 0x80001eba (0x8cd3cd13) xori    s10, t2, -1843
core   0: 3 0x80001eba (0x8cd3cd13) x26 0xfffff8cd
core   0: 0x80001ebe (0x00008229) c.srli  a2, 10
core   0: 3 0x80001ebe (0x8229) x12 0x00000000
core   0: 0x80001ec0 (0x033bd5b3) divu    a1, s7, s3
core   0: 3 0x80001ec0 (0x033bd5b3) x11 0x00000000
core   0: 0x80001ec4 (0x00008e41) c.or    a2, s0
core   0: 3 0x80001ec4 (0x8e41) x12 0x00011000
core   0: 0x80001ec6 (0x00001c00) c.addi4spn s0, sp, 560
core   0: 3 0x80001ec6 (0x1c00) x 8 0x00000230
core   0: 0x80001ec8 (0x033db333) mulhu   t1, s11, s3
core   0: 3 0x80001ec8 (0x033db333) x 6 0x00000000
core   0: 0x80001ecc (0x011a28b3) slt     a7, s4, a7
core   0: 3 0x80001ecc (0x011a28b3) x17 0x00000000
core   0: 0x80001ed0 (0xb9558093) addi    ra, a1, -1131
core   0: 3 0x80001ed0 (0xb9558093) x 1 0xfffffb95
core   0: 0x80001ed4 (0x000082bd) c.srli  a3, 15
core   0: 3 0x80001ed4 (0x82bd) x13 0x00000000
core   0: 0x80001ed6 (0x0012e9b3) or      s3, t0, ra
core   0: 3 0x80001ed6 (0x0012e9b3) x19 0xfffffb95
core   0: 0x80001eda (0x01979c33) sll     s8, a5, s9
core   0: 3 0x80001eda (0x01979c33) x24 0x6a6c0000
core   0: 0x80001ede (0x417e5113) srai    sp, t3, 23
core   0: 3 0x80001ede (0x417e5113) x 2 0xfffffffe
core   0: 0x80001ee2 (0x00ddec63) bltu    s11, a3, pc + 24
core   0: 3 0x80001ee2 (0x00ddec63)
core   0: 0x80001ee6 (0x00006935) c.lui   s2, 0xd
core   0: 3 0x80001ee6 (0x6935) x18 0x0000d000
core   0: 0x80001ee8 (0x00a6a333) slt     t1, a3, a0
core   0: 3 0x80001ee8 (0x00a6a333) x 6 0x00000000
core   0: 0x80001eec (0x000080f5) c.srli  s1, 29
core   0: 3 0x80001eec (0x80f5) x 9 0x00000000
core   0: 0x80001eee (0x83372613) slti    a2, a4, -1997
core   0: 3 0x80001eee (0x83372613) x12 0x00000000
core   0: 0x80001ef2 (0x000082b1) c.srli  a3, 12
core   0: 3 0x80001ef2 (0x82b1) x13 0x00000000
core   0: 0x80001ef4 (0x05668263) beq     a3, s6, pc + 68
core   0: 3 0x80001ef4 (0x05668263)
core   0: 0x80001ef8 (0x0000c909) c.beqz  a0, pc + 18
core   0: 3 0x80001ef8 (0xc909)
core   0: 0x80001f0a (0x0000e411) c.bnez  s0, pc + 12
core   0: 3 0x80001f0a (0xe411)
core   0: 0x80001f16 (0x02318c33) mul     s8, gp, gp
core   0: 3 0x80001f16 (0x02318c33) x24 0x00000040
core   0: 0x80001f1a (0x000cadb3) slt     s11, s9, zero
core   0: 3 0x80001f1a (0x000cadb3) x27 0x00000001
core   0: 0x80001f1e (0x01414863) blt     sp, s4, pc + 16
core   0: 3 0x80001f1e (0x01414863)
core   0: 0x80001f2e (0x00006175) c.addi16sp sp, 368
core   0: 3 0x80001f2e (0x6175) x 2 0x0000016e
core   0: 0x80001f30 (0x414f8b33) sub     s6, t6, s4
core   0: 3 0x80001f30 (0x414f8b33) x22 0x4e585e8b
core   0: 0x80001f34 (0x00862a33) slt     s4, a2, s0
core   0: 3 0x80001f34 (0x00862a33) x20 0x00000001
core   0: 0x80001f38 (0x8538e013) ori     zero, a7, -1965
core   0: 3 0x80001f38 (0x8538e013)
core   0: 0x80001f3c (0x000241b3) xor     gp, tp, zero
core   0: 3 0x80001f3c (0x000241b3) x 3 0x80000000
core   0: 0x80001f40 (0x04abd263) bge     s7, a0, pc + 68
core   0: 3 0x80001f40 (0x04abd263)
core   0: 0x80001f84 (0x411fd2b3) sra     t0, t6, a7
core   0: 3 0x80001f84 (0x411fd2b3) x 5 0x4e585e8c
core   0: 0x80001f88 (0x00008c09) c.sub   s0, a0
core   0: 3 0x80001f88 (0x8c09) x 8 0x00000230
core   0: 0x80001f8a (0x403a06b3) sub     a3, s4, gp
core   0: 3 0x80001f8a (0x403a06b3) x13 0x80000001
core   0: 0x80001f8e (0x00acd613) srli    a2, s9, 10
core   0: 3 0x80001f8e (0x00acd613) x12 0x00200097
core   0: 0x80001f92 (0x00008389) c.srli  a5, 2
core   0: 3 0x80001f92 (0x8389) x15 0x09a9b000
core   0: 0x80001f94 (0x0000587d) c.li    a6, -1
core   0: 3 0x80001f94 (0x587d) x16 0xffffffff
core   0: 0x80001f96 (0x0000c385) c.beqz  a5, pc + 32
core   0: 3 0x80001f96 (0xc385)
core   0: 0x80001f98 (0x036e9463) bne     t4, s6, pc + 40
core   0: 3 0x80001f98 (0x036e9463)
core   0: 0x80001fc0 (0x00000001) c.nop
core   0: 3 0x80001fc0 (0x0001)
core   0: 0x80001fc2 (0x009e55b3) srl     a1, t3, s1
core   0: 3 0x80001fc2 (0x009e55b3) x11 0xff020000
core   0: 0x80001fc6 (0x0ff0000f) fence   iorw,iorw
core   0: 3 0x80001fc6 (0x0ff0000f)
core   0: 0x80001fca (0x021efa33) remu    s4, t4, ra
core   0: 3 0x80001fca (0x021efa33) x20 0x86971000
core   0: 0x80001fce (0x00d6df13) srli    t5, a3, 13
core   0: 3 0x80001fce (0x00d6df13) x30 0x00040000
core   0: 0x80001fd2 (0x0000c90d) c.beqz  a0, pc + 50
core   0: 3 0x80001fd2 (0xc90d)
core   0: 0x80002004 (0x01a42933) slt     s2, s0, s10
core   0: 3 0x80002004 (0x01a42933) x18 0x00000000
core   0: 0x80002008 (0x00df5eb3) srl     t4, t5, a3
core   0: 3 0x80002008 (0x00df5eb3) x29 0x00020000
core   0: 0x8000200c (0x03b74bb3) div     s7, a4, s11
core   0: 3 0x8000200c (0x03b74bb3) x23 0x00000000
core   0: 0x80002010 (0x00000e0c) c.addi4spn a1, sp, 784
core   0: 3 0x80002010 (0x0e0c) x11 0x0000047e
core   0: 0x80002012 (0x000089ee) c.mv    s3, s11
core   0: 3 0x80002012 (0x89ee) x19 0x00000001
core   0: 0x80002014 (0x03bf3933) mulhu   s2, t5, s11
core   0: 3 0x80002014 (0x03bf3933) x18 0x00000000
core   0: 0x80002018 (0x0000100f) fence.i
core   0: 3 0x80002018 (0x0000100f)
core   0: 0x8000201c (0x00000001) c.nop
core   0: 3 0x8000201c (0x0001)
core   0: 0x8000201e (0x037528b3) mulhsu  a7, a0, s7
core   0: 3 0x8000201e (0x037528b3) x17 0x00000000
core   0: 0x80002022 (0x025fcc63) blt     t6, t0, pc + 56
core   0: 3 0x80002022 (0x025fcc63)
core   0: 0x80002026 (0x01b31bb3) sll     s7, t1, s11
core   0: 3 0x80002026 (0x01b31bb3) x23 0x00000000
core   0: 0x8000202a (0x00001f7d) c.addi  t5, -1
core   0: 3 0x8000202a (0x1f7d) x30 0x0003ffff
core   0: 0x8000202c (0x01d72d33) slt     s10, a4, t4
core   0: 3 0x8000202c (0x01d72d33) x26 0x00000001
core   0: 0x80002030 (0x01269113) slli    sp, a3, 18
core   0: 3 0x80002030 (0x01269113) x 2 0x00040000
core   0: 0x80002034 (0x00008bc5) c.andi  a5, 17
core   0: 3 0x80002034 (0x8bc5) x15 0x00000000
core   0: 0x80002036 (0x0000167d) c.addi  a2, -1
core   0: 3 0x80002036 (0x167d) x12 0x00200096
core   0: 0x80002038 (0x00008111) c.srli  a0, 4
core   0: 3 0x80002038 (0x8111) x10 0x00000000
core   0: 0x8000203a (0x40e0da13) srai    s4, ra, 14
core   0: 3 0x8000203a (0x40e0da13) x20 0xffffffff
core   0: 0x8000203e (0x02810d33) mul     s10, sp, s0
core   0: 3 0x8000203e (0x02810d33) x26 0x08c00000
core   0: 0x80002042 (0x00008259) c.srli  a2, 22
core   0: 3 0x80002042 (0x8259) x12 0x00000000
core   0: 0x80002044 (0xddb5ba17) auipc   s4, 0xddb5b
core   0: 3 0x80002044 (0xddb5ba17) x20 0x5db5d044
core   0: 0x80002048 (0x66696e93) ori     t4, s2, 1638
core   0: 3 0x80002048 (0x66696e93) x29 0x00000666
core   0: 0x8000204c (0x00001a7d) c.addi  s4, -1
core   0: 3 0x8000204c (0x1a7d) x20 0x5db5d043
core   0: 0x8000204e (0x68f34893) xori    a7, t1, 1679
core   0: 3 0x8000204e (0x68f34893) x17 0x0000068f
core   0: 0x80002052 (0x00008219) c.srli  a2, 6
core   0: 3 0x80002052 (0x8219) x12 0x00000000
core   0: 0x80002054 (0x000062cd) c.lui   t0, 0x13
core   0: 3 0x80002054 (0x62cd) x 5 0x00013000
core   0: 0x80002056 (0x9a868c13) addi    s8, a3, -1624
core   0: 3 0x80002056 (0x9a868c13) x24 0x7ffff9a9
core   0: 0x8000205a (0x00008f75) c.and   a4, a3
core   0: 3 0x8000205a (0x8f75) x14 0x00000000
core   0: 0x8000205c (0x0ff0000f) fence   iorw,iorw
core   0: 3 0x8000205c (0x0ff0000f)
core   0: 0x80002060 (0x000006e9) c.addi  a3, 26
core   0: 3 0x80002060 (0x06e9) x13 0x8000001b
core   0: 0x80002062 (0x00000322) c.slli  t1, 8
core   0: 3 0x80002062 (0x0322) x 6 0x00000000
core   0: 0x80002064 (0x00008699) c.srai  a3, 6
core   0: 3 0x80002064 (0x8699) x13 0xfe000000
core   0: 0x80002066 (0x0ff0000f) fence   iorw,iorw
core   0: 3 0x80002066 (0x0ff0000f)
core   0: 0x8000206a (0x01bee533) or      a0, t4, s11
core   0: 3 0x8000206a (0x01bee533) x10 0x00000667
core   0: 0x8000206e (0x5d350697) auipc   a3, 0x5d350
core   0: 3 0x8000206e (0x5d350697) x13 0xdd35206e
core   0: 0x80002072 (0x02c6ef33) rem     t5, a3, a2
core   0: 3 0x80002072 (0x02c6ef33) x30 0xdd35206e
core   0: 0x80002076 (0x00005d7d) c.li    s10, -1
core   0: 3 0x80002076 (0x5d7d) x26 0xffffffff
core   0: 0x80002078 (0x00008de1) c.and   a1, s0
core   0: 3 0x80002078 (0x8de1) x11 0x00000030
core   0: 0x8000207a (0x0255ec33) rem     s8, a1, t0
core   0: 3 0x8000207a (0x0255ec33) x24 0x00000030
core   0: 0x8000207e (0x58f76e93) ori     t4, a4, 1423
core   0: 3 0x8000207e (0x58f76e93) x29 0x0000058f
core   0: 0x80002082 (0x7b079b37) lui     s6, 0x7b079
core   0: 3 0x80002082 (0x7b079b37) x22 0x7b079000
core   0: 0x80002086 (0x20637793) andi    a5, t1, 518
core   0: 3 0x80002086 (0x20637793) x15 0x00000000
core   0: 0x8000208a (0x03f08e33) mul     t3, ra, t6
core   0: 3 0x8000208a (0x03f08e33) x28 0xdf964b7c
core   0: 0x8000208e (0x0000866d) c.srai  a2, 27
core   0: 3 0x8000208e (0x866d) x12 0x00000000
core   0: 0x80002090 (0x00cd0763) beq     s10, a2, pc + 14
core   0: 3 0x80002090 (0x00cd0763)
core   0: 0x80002094 (0x0000e315) c.bnez  a4, pc + 36
core   0: 3 0x80002094 (0xe315)
core   0: 0x80002096 (0x0000c915) c.beqz  a0, pc + 52
core   0: 3 0x80002096 (0xc915)
core   0: 0x80002098 (0x00008d9d) c.sub   a1, a5
core   0: 3 0x80002098 (0x8d9d) x11 0x00000030
core   0: 0x8000209a (0x00a4d7b3) srl     a5, s1, a0
core   0: 3 0x8000209a (0x00a4d7b3) x15 0x00000000
core   0: 0x8000209e (0xd8cc0113) addi    sp, s8, -628
core   0: 3 0x8000209e (0xd8cc0113) x 2 0xfffffdbc
core   0: 0x800020a2 (0x0038fbb3) and     s7, a7, gp
core   0: 3 0x800020a2 (0x0038fbb3) x23 0x00000000
core   0: 0x800020a6 (0xfed2f113) andi    sp, t0, -19
core   0: 3 0x800020a6 (0xfed2f113) x 2 0x00013000
core   0: 0x800020aa (0x0000470d) c.li    a4, 3
core   0: 3 0x800020aa (0x470d) x14 0x00000003
core   0: 0x800020ac (0x01ff1d13) slli    s10, t5, 31
core   0: 3 0x800020ac (0x01ff1d13) x26 0x00000000
core   0: 0x800020b0 (0x5e3b0337) lui     t1, 0x5e3b0
core   0: 3 0x800020b0 (0x5e3b0337) x 6 0x5e3b0000
core   0: 0x800020b4 (0x00000001) c.nop
core   0: 3 0x800020b4 (0x0001)
core   0: 0x800020b6 (0x00000001) c.nop
core   0: 3 0x800020b6 (0x0001)
core   0: 0x800020b8 (0x00009afd) c.andi  a3, -1
core   0: 3 0x800020b8 (0x9afd) x13 0xdd35206e
core   0: 0x800020ba (0x00000001) c.nop
core   0: 3 0x800020ba (0x0001)
core   0: 0x800020bc (0x00008c51) c.or    s0, a2
core   0: 3 0x800020bc (0x8c51) x 8 0x00000230
core   0: 0x800020be (0x00001efd) c.addi  t4, -1
core   0: 3 0x800020be (0x1efd) x29 0x0000058e
core   0: 0x800020c0 (0x00952db3) slt     s11, a0, s1
core   0: 3 0x800020c0 (0x00952db3) x27 0x00000000
core   0: 0x800020c4 (0x026c61b3) rem     gp, s8, t1
core   0: 3 0x800020c4 (0x026c61b3) x 3 0x00000030
core   0: 0x800020c8 (0x00008379) c.srli  a4, 30
core   0: 3 0x800020c8 (0x8379) x14 0x00000000
core   0: 0x800020ca (0x011ac2b3) xor     t0, s5, a7
core   0: 3 0x800020ca (0x011ac2b3) x 5 0x80029a6b
core   0: 0x800020ce (0x00000bc2) c.slli  s7, 16
core   0: 3 0x800020ce (0x0bc2) x23 0x00000000
core   0: 0x800020d0 (0x01bf3db3) sltu    s11, t5, s11
core   0: 3 0x800020d0 (0x01bf3db3) x27 0x00000000
core   0: 0x800020d4 (0x00001d04) c.addi4spn s1, sp, 688
core   0: 3 0x800020d4 (0x1d04) x 9 0x000132b0
core   0: 0x800020d6 (0xfbab7317) auipc   t1, 0xfbab7
core   0: 3 0x800020d6 (0xfbab7317) x 6 0x7bab90d6
core   0: 0x800020da (0x00000113) li      sp, 0
core   0: 3 0x800020da (0x00000113) x 2 0x00000000
core   0: 0x800020de (0x01200693) li      a3, 18
core   0: 3 0x800020de (0x01200693) x13 0x00000012
core   0: 0x800020e2 (0x03f59533) mulh    a0, a1, t6
core   0: 3 0x800020e2 (0x03f59533) x10 0x0000000e
core   0: 0x800020e6 (0x428739b7) lui     s3, 0x42873
core   0: 3 0x800020e6 (0x428739b7) x19 0x42873000
core   0: 0x800020ea (0x03bb4a33) div     s4, s6, s11
core   0: 3 0x800020ea (0x03bb4a33) x20 0xffffffff
core   0: 0x800020ee (0x00000111) c.addi  sp, 4
core   0: 3 0x800020ee (0x0111) x 2 0x00000004
core   0: 0x800020f0 (0x00900493) li      s1, 9
core   0: 3 0x800020f0 (0x00900493) x 9 0x00000009
core   0: 0x800020f4 (0x00008e1d) c.sub   a2, a5
core   0: 3 0x800020f4 (0x8e1d) x12 0x00000000
core   0: 0x800020f6 (0x82202037) lui     zero, 0x82202
core   0: 3 0x800020f6 (0x82202037)
core   0: 0x800020fa (0x286c4a13) xori    s4, s8, 646
core   0: 3 0x800020fa (0x286c4a13) x20 0x000002b6
core   0: 0x800020fe (0x00f00913) li      s2, 15
core   0: 3 0x800020fe (0x00f00913) x18 0x0000000f
core   0: 0x80002102 (0x00b99eb3) sll     t4, s3, a1
core   0: 3 0x80002102 (0x00b99eb3) x29 0x30000000
core   0: 0x80002106 (0x0000958e) c.add   a1, gp
core   0: 3 0x80002106 (0x958e) x11 0x00000060
core   0: 0x80002108 (0x0173ad33) slt     s10, t2, s7
core   0: 3 0x80002108 (0x0173ad33) x26 0x00000000
core   0: 0x8000210c (0x00008c29) c.xor   s0, a0
core   0: 3 0x8000210c (0x8c29) x 8 0x0000023e
core   0: 0x8000210e (0x0000048d) c.addi  s1, 3
core   0: 3 0x8000210e (0x048d) x 9 0x0000000c
core   0: 0x80002110 (0xff24ece3) bltu    s1, s2, pc - 8
core   0: 3 0x80002110 (0xff24ece3)
core   0: 0x80002108 (0x0173ad33) slt     s10, t2, s7
core   0: 3 0x80002108 (0x0173ad33) x26 0x00000000
core   0: 0x8000210c (0x00008c29) c.xor   s0, a0
core   0: 3 0x8000210c (0x8c29) x 8 0x00000230
core   0: 0x8000210e (0x0000048d) c.addi  s1, 3
core   0: 3 0x8000210e (0x048d) x 9 0x0000000f
core   0: 0x80002110 (0xff24ece3) bltu    s1, s2, pc - 8
core   0: 3 0x80002110 (0xff24ece3)
core   0: 0x80002114 (0x41fbdb93) srai    s7, s7, 31
core   0: 3 0x80002114 (0x41fbdb93) x23 0x00000000
core   0: 0x80002118 (0x01259013) slli    zero, a1, 18
core   0: 3 0x80002118 (0x01259013)
core   0: 0x8000211c (0xfcd143e3) blt     sp, a3, pc - 58
core   0: 3 0x8000211c (0xfcd143e3)
core   0: 0x800020e2 (0x03f59533) mulh    a0, a1, t6
core   0: 3 0x800020e2 (0x03f59533) x10 0x0000001d
core   0: 0x800020e6 (0x428739b7) lui     s3, 0x42873
core   0: 3 0x800020e6 (0x428739b7) x19 0x42873000
core   0: 0x800020ea (0x03bb4a33) div     s4, s6, s11
core   0: 3 0x800020ea (0x03bb4a33) x20 0xffffffff
core   0: 0x800020ee (0x00000111) c.addi  sp, 4
core   0: 3 0x800020ee (0x0111) x 2 0x00000008
core   0: 0x800020f0 (0x00900493) li      s1, 9
core   0: 3 0x800020f0 (0x00900493) x 9 0x00000009
core   0: 0x800020f4 (0x00008e1d) c.sub   a2, a5
core   0: 3 0x800020f4 (0x8e1d) x12 0x00000000
core   0: 0x800020f6 (0x82202037) lui     zero, 0x82202
core   0: 3 0x800020f6 (0x82202037)
core   0: 0x800020fa (0x286c4a13) xori    s4, s8, 646
core   0: 3 0x800020fa (0x286c4a13) x20 0x000002b6
core   0: 0x800020fe (0x00f00913) li      s2, 15
core   0: 3 0x800020fe (0x00f00913) x18 0x0000000f
core   0: 0x80002102 (0x00b99eb3) sll     t4, s3, a1
core   0: 3 0x80002102 (0x00b99eb3) x29 0x42873000
core   0: 0x80002106 (0x0000958e) c.add   a1, gp
core   0: 3 0x80002106 (0x958e) x11 0x00000090
core   0: 0x80002108 (0x0173ad33) slt     s10, t2, s7
core   0: 3 0x80002108 (0x0173ad33) x26 0x00000000
core   0: 0x8000210c (0x00008c29) c.xor   s0, a0
core   0: 3 0x8000210c (0x8c29) x 8 0x0000022d
core   0: 0x8000210e (0x0000048d) c.addi  s1, 3
core   0: 3 0x8000210e (0x048d) x 9 0x0000000c
core   0: 0x80002110 (0xff24ece3) bltu    s1, s2, pc - 8
core   0: 3 0x80002110 (0xff24ece3)
core   0: 0x80002108 (0x0173ad33) slt     s10, t2, s7
core   0: 3 0x80002108 (0x0173ad33) x26 0x00000000
core   0: 0x8000210c (0x00008c29) c.xor   s0, a0
core   0: 3 0x8000210c (0x8c29) x 8 0x00000230
core   0: 0x8000210e (0x0000048d) c.addi  s1, 3
core   0: 3 0x8000210e (0x048d) x 9 0x0000000f
core   0: 0x80002110 (0xff24ece3) bltu    s1, s2, pc - 8
core   0: 3 0x80002110 (0xff24ece3)
core   0: 0x80002114 (0x41fbdb93) srai    s7, s7, 31
core   0: 3 0x80002114 (0x41fbdb93) x23 0x00000000
core   0: 0x80002118 (0x01259013) slli    zero, a1, 18
core   0: 3 0x80002118 (0x01259013)
core   0: 0x8000211c (0xfcd143e3) blt     sp, a3, pc - 58
core   0: 3 0x8000211c (0xfcd143e3)
core   0: 0x800020e2 (0x03f59533) mulh    a0, a1, t6
core   0: 3 0x800020e2 (0x03f59533) x10 0x0000002c
core   0: 0x800020e6 (0x428739b7) lui     s3, 0x42873
core   0: 3 0x800020e6 (0x428739b7) x19 0x42873000
core   0: 0x800020ea (0x03bb4a33) div     s4, s6, s11
core   0: 3 0x800020ea (0x03bb4a33) x20 0xffffffff
core   0: 0x800020ee (0x00000111) c.addi  sp, 4
core   0: 3 0x800020ee (0x0111) x 2 0x0000000c
core   0: 0x800020f0 (0x00900493) li      s1, 9
core   0: 3 0x800020f0 (0x00900493) x 9 0x00000009
core   0: 0x800020f4 (0x00008e1d) c.sub   a2, a5
core   0: 3 0x800020f4 (0x8e1d) x12 0x00000000
core   0: 0x800020f6 (0x82202037) lui     zero, 0x82202
core   0: 3 0x800020f6 (0x82202037)
core   0: 0x800020fa (0x286c4a13) xori    s4, s8, 646
core   0: 3 0x800020fa (0x286c4a13) x20 0x000002b6
core   0: 0x800020fe (0x00f00913) li      s2, 15
core   0: 3 0x800020fe (0x00f00913) x18 0x0000000f
core   0: 0x80002102 (0x00b99eb3) sll     t4, s3, a1
core   0: 3 0x80002102 (0x00b99eb3) x29 0x30000000
core   0: 0x80002106 (0x0000958e) c.add   a1, gp
core   0: 3 0x80002106 (0x958e) x11 0x000000c0
core   0: 0x80002108 (0x0173ad33) slt     s10, t2, s7
core   0: 3 0x80002108 (0x0173ad33) x26 0x00000000
core   0: 0x8000210c (0x00008c29) c.xor   s0, a0
core   0: 3 0x8000210c (0x8c29) x 8 0x0000021c
core   0: 0x8000210e (0x0000048d) c.addi  s1, 3
core   0: 3 0x8000210e (0x048d) x 9 0x0000000c
core   0: 0x80002110 (0xff24ece3) bltu    s1, s2, pc - 8
core   0: 3 0x80002110 (0xff24ece3)
core   0: 0x80002108 (0x0173ad33) slt     s10, t2, s7
core   0: 3 0x80002108 (0x0173ad33) x26 0x00000000
core   0: 0x8000210c (0x00008c29) c.xor   s0, a0
core   0: 3 0x8000210c (0x8c29) x 8 0x00000230
core   0: 0x8000210e (0x0000048d) c.addi  s1, 3
core   0: 3 0x8000210e (0x048d) x 9 0x0000000f
core   0: 0x80002110 (0xff24ece3) bltu    s1, s2, pc - 8
core   0: 3 0x80002110 (0xff24ece3)
core   0: 0x80002114 (0x41fbdb93) srai    s7, s7, 31
core   0: 3 0x80002114 (0x41fbdb93) x23 0x00000000
core   0: 0x80002118 (0x01259013) slli    zero, a1, 18
core   0: 3 0x80002118 (0x01259013)
core   0: 0x8000211c (0xfcd143e3) blt     sp, a3, pc - 58
core   0: 3 0x8000211c (0xfcd143e3)
core   0: 0x800020e2 (0x03f59533) mulh    a0, a1, t6
core   0: 3 0x800020e2 (0x03f59533) x10 0x0000003a
core   0: 0x800020e6 (0x428739b7) lui     s3, 0x42873
core   0: 3 0x800020e6 (0x428739b7) x19 0x42873000
core   0: 0x800020ea (0x03bb4a33) div     s4, s6, s11
core   0: 3 0x800020ea (0x03bb4a33) x20 0xffffffff
core   0: 0x800020ee (0x00000111) c.addi  sp, 4
core   0: 3 0x800020ee (0x0111) x 2 0x00000010
core   0: 0x800020f0 (0x00900493) li      s1, 9
core   0: 3 0x800020f0 (0x00900493) x 9 0x00000009
core   0: 0x800020f4 (0x00008e1d) c.sub   a2, a5
core   0: 3 0x800020f4 (0x8e1d) x12 0x00000000
core   0: 0x800020f6 (0x82202037) lui     zero, 0x82202
core   0: 3 0x800020f6 (0x82202037)
core   0: 0x800020fa (0x286c4a13) xori    s4, s8, 646
core   0: 3 0x800020fa (0x286c4a13) x20 0x000002b6
core   0: 0x800020fe (0x00f00913) li      s2, 15
core   0: 3 0x800020fe (0x00f00913) x18 0x0000000f
core   0: 0x80002102 (0x00b99eb3) sll     t4, s3, a1
core   0: 3 0x80002102 (0x00b99eb3) x29 0x42873000
core   0: 0x80002106 (0x0000958e) c.add   a1, gp
core   0: 3 0x80002106 (0x958e) x11 0x000000f0
core   0: 0x80002108 (0x0173ad33) slt     s10, t2, s7
core   0: 3 0x80002108 (0x0173ad33) x26 0x00000000
core   0: 0x8000210c (0x00008c29) c.xor   s0, a0
core   0: 3 0x8000210c (0x8c29) x 8 0x0000020a
core   0: 0x8000210e (0x0000048d) c.addi  s1, 3
core   0: 3 0x8000210e (0x048d) x 9 0x0000000c
core   0: 0x80002110 (0xff24ece3) bltu    s1, s2, pc - 8
core   0: 3 0x80002110 (0xff24ece3)
core   0: 0x80002108 (0x0173ad33) slt     s10, t2, s7
core   0: 3 0x80002108 (0x0173ad33) x26 0x00000000
core   0: 0x8000210c (0x00008c29) c.xor   s0, a0
core   0: 3 0x8000210c (0x8c29) x 8 0x00000230
core   0: 0x8000210e (0x0000048d) c.addi  s1, 3
core   0: 3 0x8000210e (0x048d) x 9 0x0000000f
core   0: 0x80002110 (0xff24ece3) bltu    s1, s2, pc - 8
core   0: 3 0x80002110 (0xff24ece3)
core   0: 0x80002114 (0x41fbdb93) srai    s7, s7, 31
core   0: 3 0x80002114 (0x41fbdb93) x23 0x00000000
core   0: 0x80002118 (0x01259013) slli    zero, a1, 18
core   0: 3 0x80002118 (0x01259013)
core   0: 0x8000211c (0xfcd143e3) blt     sp, a3, pc - 58
core   0: 3 0x8000211c (0xfcd143e3)
core   0: 0x800020e2 (0x03f59533) mulh    a0, a1, t6
core   0: 3 0x800020e2 (0x03f59533) x10 0x00000049
core   0: 0x800020e6 (0x428739b7) lui     s3, 0x42873
core   0: 3 0x800020e6 (0x428739b7) x19 0x42873000
core   0: 0x800020ea (0x03bb4a33) div     s4, s6, s11
core   0: 3 0x800020ea (0x03bb4a33) x20 0xffffffff
core   0: 0x800020ee (0x00000111) c.addi  sp, 4
core   0: 3 0x800020ee (0x0111) x 2 0x00000014
core   0: 0x800020f0 (0x00900493) li      s1, 9
core   0: 3 0x800020f0 (0x00900493) x 9 0x00000009
core   0: 0x800020f4 (0x00008e1d) c.sub   a2, a5
core   0: 3 0x800020f4 (0x8e1d) x12 0x00000000
core   0: 0x800020f6 (0x82202037) lui     zero, 0x82202
core   0: 3 0x800020f6 (0x82202037)
core   0: 0x800020fa (0x286c4a13) xori    s4, s8, 646
core   0: 3 0x800020fa (0x286c4a13) x20 0x000002b6
core   0: 0x800020fe (0x00f00913) li      s2, 15
core   0: 3 0x800020fe (0x00f00913) x18 0x0000000f
core   0: 0x80002102 (0x00b99eb3) sll     t4, s3, a1
core   0: 3 0x80002102 (0x00b99eb3) x29 0x30000000
core   0: 0x80002106 (0x0000958e) c.add   a1, gp
core   0: 3 0x80002106 (0x958e) x11 0x00000120
core   0: 0x80002108 (0x0173ad33) slt     s10, t2, s7
core   0: 3 0x80002108 (0x0173ad33) x26 0x00000000
core   0: 0x8000210c (0x00008c29) c.xor   s0, a0
core   0: 3 0x8000210c (0x8c29) x 8 0x00000279
core   0: 0x8000210e (0x0000048d) c.addi  s1, 3
core   0: 3 0x8000210e (0x048d) x 9 0x0000000c
core   0: 0x80002110 (0xff24ece3) bltu    s1, s2, pc - 8
core   0: 3 0x80002110 (0xff24ece3)
core   0: 0x80002108 (0x0173ad33) slt     s10, t2, s7
core   0: 3 0x80002108 (0x0173ad33) x26 0x00000000
core   0: 0x8000210c (0x00008c29) c.xor   s0, a0
core   0: 3 0x8000210c (0x8c29) x 8 0x00000230
core   0: 0x8000210e (0x0000048d) c.addi  s1, 3
core   0: 3 0x8000210e (0x048d) x 9 0x0000000f
core   0: 0x80002110 (0xff24ece3) bltu    s1, s2, pc - 8
core   0: 3 0x80002110 (0xff24ece3)
core   0: 0x80002114 (0x41fbdb93) srai    s7, s7, 31
core   0: 3 0x80002114 (0x41fbdb93) x23 0x00000000
core   0: 0x80002118 (0x01259013) slli    zero, a1, 18
core   0: 3 0x80002118 (0x01259013)
core   0: 0x8000211c (0xfcd143e3) blt     sp, a3, pc - 58
core   0: 3 0x8000211c (0xfcd143e3)
core   0: 0x80002120 (0x03f21b33) mulh    s6, tp, t6
core   0: 3 0x80002120 (0x03f21b33) x22 0xd8d3d0ba
core   0: 0x80002124 (0x012d5d93) srli    s11, s10, 18
core   0: 3 0x80002124 (0x012d5d93) x27 0x00000000
core   0: 0x80002128 (0x40ee8833) sub     a6, t4, a4
core   0: 3 0x80002128 (0x40ee8833) x16 0x30000000
core   0: 0x8000212c (0x00008f09) c.sub   a4, a0
core   0: 3 0x8000212c (0x8f09) x14 0xffffffb7
core   0: 0x8000212e (0x00a1ea63) bltu    gp, a0, pc + 20
core   0: 3 0x8000212e (0x00a1ea63)
core   0: 0x80002142 (0x00245833) srl     a6, s0, sp
core   0: 3 0x80002142 (0x00245833) x16 0x00000000
core   0: 0x80002146 (0x03cdc9b3) div     s3, s11, t3
core   0: 3 0x80002146 (0x03cdc9b3) x19 0x00000000
core   0: 0x8000214a (0x000008be) c.slli  a7, 15
core   0: 3 0x8000214a (0x08be) x17 0x03478000
core   0: 0x8000214c (0x00008fa5) c.xor   a5, s1
core   0: 3 0x8000214c (0x8fa5) x15 0x0000000f
core   0: 0x8000214e (0x0000e099) c.bnez  s1, pc + 6
core   0: 3 0x8000214e (0xe099)
core   0: 0x80002154 (0x00008ea1) c.xor   a3, s0
core   0: 3 0x80002154 (0x8ea1) x13 0x00000222
core   0: 0x80002156 (0x0000717d) c.addi16sp sp, -16
core   0: 3 0x80002156 (0x717d) x 2 0x00000004
core   0: 0x80002158 (0x003b7f63) bgeu    s6, gp, pc + 30
core   0: 3 0x80002158 (0x003b7f63)
core   0: 0x80002176 (0x01135d13) srli    s10, t1, 17
core   0: 3 0x80002176 (0x01135d13) x26 0x00003dd5
core   0: 0x8000217a (0xd90e4313) xori    t1, t3, -624
core   0: 3 0x8000217a (0xd90e4313) x 6 0x2069b6ec
core   0: 0x8000217e (0x000092ca) c.add   t0, s2
core   0: 3 0x8000217e (0x92ca) x 5 0x80029a7a
core   0: 0x80002180 (0x037357b3) divu    a5, t1, s7
core   0: 3 0x80002180 (0x037357b3) x15 0xffffffff
core   0: 0x80002184 (0x003d78b3) and     a7, s10, gp
core   0: 3 0x80002184 (0x003d78b3) x17 0x00000010
core   0: 0x80002188 (0x00000999) c.addi  s3, 6
core   0: 3 0x80002188 (0x0999) x19 0x00000006
core   0: 0x8000218a (0x00008292) c.mv    t0, tp
core   0: 3 0x8000218a (0x8292) x 5 0x80000000
core   0: 0x8000218c (0x00000001) c.nop
core   0: 3 0x8000218c (0x0001)
core   0: 0x8000218e (0x033f5533) divu    a0, t5, s3
core   0: 3 0x8000218e (0x033f5533) x10 0x24de3012
core   0: 0x80002192 (0xa0ee3f13) sltiu   t5, t3, -1522
core   0: 3 0x80002192 (0xa0ee3f13) x30 0x00000001
core   0: 0x80002196 (0x0000c321) c.beqz  a4, pc + 64
core   0: 3 0x80002196 (0xc321)
core   0: 0x80002198 (0xcae574b7) lui     s1, 0xcae57
core   0: 3 0x80002198 (0xcae574b7) x 9 0xcae57000
core   0: 0x8000219c (0x41370f33) sub     t5, a4, s3
core   0: 3 0x8000219c (0x41370f33) x30 0xffffffb1
core   0: 0x800021a0 (0x00008d35) c.xor   a0, a3
core   0: 3 0x800021a0 (0x8d35) x10 0x24de3230
core   0: 0x800021a2 (0x00c88db3) add     s11, a7, a2
core   0: 3 0x800021a2 (0x00c88db3) x27 0x00000010
core   0: 0x800021a6 (0x61634693) xori    a3, t1, 1558
core   0: 3 0x800021a6 (0x61634693) x13 0x2069b0fa
core   0: 0x800021aa (0x030418b3) mulh    a7, s0, a6
core   0: 3 0x800021aa (0x030418b3) x17 0x00000000
core   0: 0x800021ae (0xa5cf0897) auipc   a7, 0xa5cf0
core   0: 3 0x800021ae (0xa5cf0897) x17 0x25cf21ae
core   0: 0x800021b2 (0x00000001) c.nop
core   0: 3 0x800021b2 (0x0001)
core   0: 0x800021b4 (0x000064d5) c.lui   s1, 0x15
core   0: 3 0x800021b4 (0x64d5) x 9 0x00015000
core   0: 0x800021b6 (0x03d11bb3) mulh    s7, sp, t4
core   0: 3 0x800021b6 (0x03d11bb3) x23 0x00000000
core   0: 0x800021ba (0x00006ec5) c.lui   t4, 0x11
core   0: 3 0x800021ba (0x6ec5) x29 0x00011000
core   0: 0x800021bc (0x00979863) bne     a5, s1, pc + 16
core   0: 3 0x800021bc (0x00979863)
core   0: 0x800021cc (0x01a2dd93) srli    s11, t0, 26
core   0: 3 0x800021cc (0x01a2dd93) x27 0x00000020
core   0: 0x800021d0 (0x03d7e263) bltu    a5, t4, pc + 36
core   0: 3 0x800021d0 (0x03d7e263)
core   0: 0x800021d4 (0x00008fb9) c.xor   a5, a4
core   0: 3 0x800021d4 (0x8fb9) x15 0x00000048
core   0: 0x800021d6 (0x03b24763) blt     tp, s11, pc + 46
core   0: 3 0x800021d6 (0x03b24763)
core   0: 0x80002204 (0x014a40b3) xor     ra, s4, s4
core   0: 3 0x80002204 (0x014a40b3) x 1 0x00000000
core   0: 0x80002208 (0x00008c39) c.xor   s0, a4
core   0: 3 0x80002208 (0x8c39) x 8 0xfffffd87
core   0: 0x8000220a (0x05679063) bne     a5, s6, pc + 64
core   0: 3 0x8000220a (0x05679063)
core   0: 0x8000224a (0x00000612) c.slli  a2, 4
core   0: 3 0x8000224a (0x0612) x12 0x00000000
core   0: 0x8000224c (0x0431fe37) lui     t3, 0x431f
core   0: 3 0x8000224c (0x0431fe37) x28 0x0431f000
core   0: 0x80002250 (0xb8ce50b7) lui     ra, 0xb8ce5
core   0: 3 0x80002250 (0xb8ce50b7) x 1 0xb8ce5000
core   0: 0x80002254 (0x00006145) c.addi16sp sp, 48
core   0: 3 0x80002254 (0x6145) x 2 0x00000034
core   0: 0x80002256 (0x01b68033) add     zero, a3, s11
core   0: 3 0x80002256 (0x01b68033)
core   0: 0x8000225a (0x0000e68d) c.bnez  a3, pc + 42
core   0: 3 0x8000225a (0xe68d)
core   0: 0x80002284 (0x00008d29) c.xor   a0, a0
core   0: 3 0x80002284 (0x8d29) x10 0x00000000
core   0: 0x80002286 (0x00008e69) c.and   a2, a0
core   0: 3 0x80002286 (0x8e69) x12 0x00000000
core   0: 0x80002288 (0x01e08fb3) add     t6, ra, t5
core   0: 3 0x80002288 (0x01e08fb3) x31 0xb8ce4fb1
core   0: 0x8000228c (0x00008d01) c.sub   a0, s0
core   0: 3 0x8000228c (0x8d01) x10 0x00000279
core   0: 0x8000228e (0x4470b893) sltiu   a7, ra, 1095
core   0: 3 0x8000228e (0x4470b893) x17 0x00000000
core   0: 0x80002292 (0x00009afd) c.andi  a3, -1
core   0: 3 0x80002292 (0x9afd) x13 0x2069b0fa
core   0: 0x80002294 (0x016e9db3) sll     s11, t4, s6
core   0: 3 0x80002294 (0x016e9db3) x27 0x00000000
core   0: 0x80002298 (0x00371593) slli    a1, a4, 3
core   0: 3 0x80002298 (0x00371593) x11 0xfffffdb8
core   0: 0x8000229c (0x01e40963) beq     s0, t5, pc + 18
core   0: 3 0x8000229c (0x01e40963)
core   0: 0x800022a0 (0x413203b3) sub     t2, tp, s3
core   0: 3 0x800022a0 (0x413203b3) x 7 0x7ffffffa
core   0: 0x800022a4 (0xf63f0617) auipc   a2, 0xf63f0
core   0: 3 0x800022a4 (0xf63f0617) x12 0x763f22a4
core   0: 0x800022a8 (0x00008889) c.andi  s1, 2
core   0: 3 0x800022a8 (0x8889) x 9 0x00000000
core   0: 0x800022aa (0x003a8bb3) add     s7, s5, gp
core   0: 3 0x800022aa (0x003a8bb3) x23 0x80029d14
core   0: 0x800022ae (0xe8b4ffb7) lui     t6, 0xe8b4f
core   0: 3 0x800022ae (0xe8b4ffb7) x31 0xe8b4f000
core   0: 0x800022b2 (0x4197d133) sra     sp, a5, s9
core   0: 3 0x800022b2 (0x4197d133) x 2 0x00000004
core   0: 0x800022b6 (0x0000046e) c.slli  s0, 27
core   0: 3 0x800022b6 (0x046e) x 8 0x38000000
core   0: 0x800022b8 (0x00008d49) c.or    a0, a0
core   0: 3 0x800022b8 (0x8d49) x10 0x00000279
core   0: 0x800022ba (0xb2c2e893) ori     a7, t0, -1236
core   0: 3 0x800022ba (0xb2c2e893) x17 0xfffffb2c
core   0: 0x800022be (0x00008e41) c.or    a2, s0
core   0: 3 0x800022be (0x8e41) x12 0x7e3f22a4
core   0: 0x800022c0 (0x03ee5d63) bge     t3, t5, pc + 58
core   0: 3 0x800022c0 (0x03ee5d63)
core   0: 0x800022fa (0x00000001) c.nop
core   0: 3 0x800022fa (0x0001)
core   0: 0x800022fc (0x00008f61) c.and   a4, s0
core   0: 3 0x800022fc (0x8f61) x14 0x38000000
core   0: 0x800022fe (0x01c5d463) bge     a1, t3, pc + 8
core   0: 3 0x800022fe (0x01c5d463)
core   0: 0x80002302 (0x41438033) sub     zero, t2, s4
core   0: 3 0x80002302 (0x41438033)
core   0: 0x80002306 (0x00008f79) c.and   a4, a4
core   0: 3 0x80002306 (0x8f79) x14 0x38000000
core   0: 0x80002308 (0x41785f13) srai    t5, a6, 23
core   0: 3 0x80002308 (0x41785f13) x30 0x00000000
core   0: 0x8000230c (0xa5137293) andi    t0, t1, -1455
core   0: 3 0x8000230c (0xa5137293) x 5 0x2069b240
core   0: 0x80002310 (0x010bf863) bgeu    s7, a6, pc + 16
core   0: 3 0x80002310 (0x010bf863)
core   0: 0x80002320 (0x00006335) c.lui   t1, 0xd
core   0: 3 0x80002320 (0x6335) x 6 0x0000d000
core   0: 0x80002322 (0x90a72513) slti    a0, a4, -1782
core   0: 3 0x80002322 (0x90a72513) x10 0x00000000
core   0: 0x80002326 (0x00000001) c.nop
core   0: 3 0x80002326 (0x0001)
core   0: 0x80002328 (0x00a48763) beq     s1, a0, pc + 14
core   0: 3 0x80002328 (0x00a48763)
core   0: 0x80002336 (0x000086b1) c.srai  a3, 12
core   0: 3 0x80002336 (0x86b1) x13 0x0002069b
core   0: 0x80002338 (0x00009f86) c.add   t6, ra
core   0: 3 0x80002338 (0x9f86) x31 0xa1834000
core   0: 0x8000233a (0x00008659) c.srai  a2, 22
core   0: 3 0x8000233a (0x8659) x12 0x000001f8
core   0: 0x8000233c (0x00000001) c.nop
core   0: 3 0x8000233c (0x0001)
core   0: 0x8000233e (0x0201e663) bltu    gp, zero, pc + 44
core   0: 3 0x8000233e (0x0201e663)
core   0: 0x80002342 (0xe66b8113) addi    sp, s7, -410
core   0: 3 0x80002342 (0xe66b8113) x 2 0x80029b7a
core   0: 0x80002346 (0x03ace363) bltu    s9, s10, pc + 38
core   0: 3 0x80002346 (0x03ace363)
core   0: 0x8000234a (0x41f850b3) sra     ra, a6, t6
core   0: 3 0x8000234a (0x41f850b3) x 1 0x00000000
core   0: 0x8000234e (0x02c351b3) divu    gp, t1, a2
core   0: 3 0x8000234e (0x02c351b3) x 3 0x00000069
core   0: 0x80002352 (0x032f8033) mul     zero, t6, s2
core   0: 3 0x80002352 (0x032f8033)
core   0: 0x80002356 (0x03271133) mulh    sp, a4, s2
core   0: 3 0x80002356 (0x03271133) x 2 0x00000003
core   0: 0x8000235a (0x0ac5c913) xori    s2, a1, 172
core   0: 3 0x8000235a (0x0ac5c913) x18 0xfffffd14
core   0: 0x8000235e (0x00004e95) c.li    t4, 5
core   0: 3 0x8000235e (0x4e95) x29 0x00000005
core   0: 0x80002360 (0x0000965a) c.add   a2, s6
core   0: 3 0x80002360 (0x965a) x12 0xd8d3d2b2
core   0: 0x80002362 (0x03ee27b3) mulhsu  a5, t3, t5
core   0: 3 0x80002362 (0x03ee27b3) x15 0x00000000
core   0: 0x80002366 (0x03f64263) blt     a2, t6, pc + 36
core   0: 3 0x80002366 (0x03f64263)
core   0: 0x8000236a (0x000089e9) c.andi  a1, 26
core   0: 3 0x8000236a (0x89e9) x11 0x00000018
core   0: 0x8000236c (0x03649033) mulh    zero, s1, s6
core   0: 3 0x8000236c (0x03649033)
core   0: 0x80002370 (0x00000001) c.nop
core   0: 3 0x80002370 (0x0001)
core   0: 0x80002372 (0x00e21893) slli    a7, tp, 14
core   0: 3 0x80002372 (0x00e21893) x17 0x00000000
core   0: 0x80002376 (0x03bcd363) bge     s9, s11, pc + 38
core   0: 3 0x80002376 (0x03bcd363)
core   0: 0x8000237a (0x029d4eb3) div     t4, s10, s1
core   0: 3 0x8000237a (0x029d4eb3) x29 0xffffffff
core   0: 0x8000237e (0x01a16863) bltu    sp, s10, pc + 16
core   0: 3 0x8000237e (0x01a16863)
core   0: 0x8000238e (0x01c11e13) slli    t3, sp, 28
core   0: 3 0x8000238e (0x01c11e13) x28 0x30000000
core   0: 0x80002392 (0x00000c76) c.slli  s8, 29
core   0: 3 0x80002392 (0x0c76) x24 0x00000000
core   0: 0x80002394 (0x00cb9f33) sll     t5, s7, a2
core   0: 3 0x80002394 (0x00cb9f33) x30 0x74500000
core   0: 0x80002398 (0x00fc34b3) sltu    s1, s8, a5
core   0: 3 0x80002398 (0x00fc34b3) x 9 0x00000000
core   0: 0x8000239c (0x00000001) c.nop
core   0: 3 0x8000239c (0x0001)
core   0: 0x8000239e (0x0000717d) c.addi16sp sp, -16
core   0: 3 0x8000239e (0x717d) x 2 0xfffffff3
core   0: 0x800023a0 (0x048ee363) bltu    t4, s0, pc + 70
core   0: 3 0x800023a0 (0x048ee363)
core   0: 0x800023a4 (0x3e792b93) slti    s7, s2, 999
core   0: 3 0x800023a4 (0x3e792b93) x23 0x00000001
core   0: 0x800023a8 (0x403fd493) srai    s1, t6, 3
core   0: 3 0x800023a8 (0x403fd493) x 9 0xf4306800
core   0: 0x800023ac (0x010a5793) srli    a5, s4, 16
core   0: 3 0x800023ac (0x010a5793) x15 0x00000000
core   0: 0x800023b0 (0x0273c563) blt     t2, t2, pc + 42
core   0: 3 0x800023b0 (0x0273c563)
core   0: 0x800023b4 (0x03d78033) mul     zero, a5, t4
core   0: 3 0x800023b4 (0x03d78033)
core   0: 0x800023b8 (0x00ed9463) bne     s11, a4, pc + 8
core   0: 3 0x800023b8 (0x00ed9463)
core   0: 0x800023c0 (0x4f77c017) auipc   zero, 0x4f77c
core   0: 3 0x800023c0 (0x4f77c017)
core   0: 0x800023c4 (0x418558b3) sra     a7, a0, s8
core   0: 3 0x800023c4 (0x418558b3) x17 0x00000000
core   0: 0x800023c8 (0x00000001) c.nop
core   0: 3 0x800023c8 (0x0001)
core   0: 0x800023ca (0x6ff50493) addi    s1, a0, 1791
core   0: 3 0x800023ca (0x6ff50493) x 9 0x000006ff
core   0: 0x800023ce (0x000098fd) c.andi  s1, -1
core   0: 3 0x800023ce (0x98fd) x 9 0x000006ff
core   0: 0x800023d0 (0x02994f33) div     t5, s2, s1
core   0: 3 0x800023d0 (0x02994f33) x30 0x00000000
core   0: 0x800023d4 (0x27488b17) auipc   s6, 0x27488
core   0: 3 0x800023d4 (0x27488b17) x22 0xa748a3d4
core   0: 0x800023d8 (0x0000010e) c.slli  sp, 3
core   0: 3 0x800023d8 (0x010e) x 2 0xffffff98
core   0: 0x800023da (0x00277933) and     s2, a4, sp
core   0: 3 0x800023da (0x00277933) x18 0x38000000
core   0: 0x800023de (0x000092a2) c.add   t0, s0
core   0: 3 0x800023de (0x92a2) x 5 0x5869b240
core   0: 0x800023e0 (0x00008da9) c.xor   a1, a0
core   0: 3 0x800023e0 (0x8da9) x11 0x00000018
core   0: 0x800023e2 (0x0105c863) blt     a1, a6, pc + 16
core   0: 3 0x800023e2 (0x0105c863)
core   0: 0x800023e6 (0x00008f41) c.or    a4, s0
core   0: 3 0x800023e6 (0x8f41) x14 0x38000000
core   0: 0x800023e8 (0x0000e011) c.bnez  s0, pc + 4
core   0: 3 0x800023e8 (0xe011)
core   0: 0x800023ec (0x00008d81) c.sub   a1, s0
core   0: 3 0x800023ec (0x8d81) x11 0xc8000018
core   0: 0x800023ee (0x00e12fb3) slt     t6, sp, a4
core   0: 3 0x800023ee (0x00e12fb3) x31 0x00000001
core   0: 0x800023f2 (0x00004f41) c.li    t5, 16
core   0: 3 0x800023f2 (0x4f41) x30 0x00000010
core   0: 0x800023f4 (0x01b0ffb3) and     t6, ra, s11
core   0: 3 0x800023f4 (0x01b0ffb3) x31 0x00000000
core   0: 0x800023f8 (0x033cbfb3) mulhu   t6, s9, s3
core   0: 3 0x800023f8 (0x033cbfb3) x31 0x00000003
core   0: 0x800023fc (0x02d5a533) mulhsu  a0, a1, a3
core   0: 3 0x800023fc (0x02d5a533) x10 0xffff8e8e
core   0: 0x80002400 (0x415cda33) sra     s4, s9, s5
core   0: 3 0x80002400 (0x415cda33) x20 0xf80025e6
core   0: 0x80002404 (0x03353433) mulhu   s0, a0, s3
core   0: 3 0x80002404 (0x03353433) x 8 0x00000005
core   0: 0x80002408 (0x00008351) c.srli  a4, 20
core   0: 3 0x80002408 (0x8351) x14 0x00000380
core   0: 0x8000240a (0x032fee63) bltu    t6, s2, pc + 60
core   0: 3 0x8000240a (0x032fee63)
core   0: 0x80002446 (0x00000001) c.nop
core   0: 3 0x80002446 (0x0001)
core   0: 0x80002448 (0x0000717d) c.addi16sp sp, -16
core   0: 3 0x80002448 (0x717d) x 2 0xffffff88
core   0: 0x8000244a (0x00008e81) c.sub   a3, s0
core   0: 3 0x8000244a (0x8e81) x13 0x00020696
core   0: 0x8000244c (0x00001f00) c.addi4spn s0, sp, 944
core   0: 3 0x8000244c (0x1f00) x 8 0x00000338
core   0: 0x8000244e (0x82e8a197) auipc   gp, 0x82e8a
core   0: 3 0x8000244e (0x82e8a197) x 3 0x02e8c44e
core   0: 0x80002452 (0x40725f13) srai    t5, tp, 7
core   0: 3 0x80002452 (0x40725f13) x30 0xff000000
core   0: 0x80002456 (0x01fcb5b3) sltu    a1, s9, t6
core   0: 3 0x80002456 (0x01fcb5b3) x11 0x00000000
core   0: 0x8000245a (0x00a75d13) srli    s10, a4, 10
core   0: 3 0x8000245a (0x00a75d13) x26 0x00000000
core   0: 0x8000245e (0x0000100f) fence.i
core   0: 3 0x8000245e (0x0000100f)
core   0: 0x80002462 (0x00da9eb3) sll     t4, s5, a3
core   0: 3 0x80002462 (0x00da9eb3) x29 0x39000000
core   0: 0x80002466 (0x000051fd) c.li    gp, -1
core   0: 3 0x80002466 (0x51fd) x 3 0xffffffff
core   0: 0x80002468 (0xa5b962b7) lui     t0, 0xa5b96
core   0: 3 0x80002468 (0xa5b962b7) x 5 0xa5b96000
core   0: 0x8000246c (0x41c80533) sub     a0, a6, t3
core   0: 3 0x8000246c (0x41c80533) x10 0xd0000000
core   0: 0x80002470 (0x011d2933) slt     s2, s10, a7
core   0: 3 0x80002470 (0x011d2933) x18 0x00000000
core   0: 0x80002474 (0x013e5513) srli    a0, t3, 19
core   0: 3 0x80002474 (0x013e5513) x10 0x00000600
core   0: 0x80002478 (0x00e30fb3) add     t6, t1, a4
core   0: 3 0x80002478 (0x00e30fb3) x31 0x0000d380
core   0: 0x8000247c (0x0055eb63) bltu    a1, t0, pc + 22
core   0: 3 0x8000247c (0x0055eb63)
core   0: 0x80002492 (0x00f11293) slli    t0, sp, 15
core   0: 3 0x80002492 (0x00f11293) x 5 0xffc40000
core   0: 0x80002496 (0x00008d19) c.sub   a0, a4
core   0: 3 0x80002496 (0x8d19) x10 0x00000280
core   0: 0x80002498 (0x04c98163) beq     s3, a2, pc + 66
core   0: 3 0x80002498 (0x04c98163)
core   0: 0x8000249c (0x01a41793) slli    a5, s0, 26
core   0: 3 0x8000249c (0x01a41793) x15 0xe0000000
core   0: 0x800024a0 (0x9dda0417) auipc   s0, 0x9dda0
core   0: 3 0x800024a0 (0x9dda0417) x 8 0x1dda24a0
core   0: 0x800024a4 (0xae903617) auipc   a2, 0xae903
core   0: 3 0x800024a4 (0xae903617) x12 0x2e9054a4
core   0: 0x800024a8 (0x01881e93) slli    t4, a6, 24
core   0: 3 0x800024a8 (0x01881e93) x29 0x00000000
core   0: 0x800024ac (0x00006641) c.lui   a2, 0x10
core   0: 3 0x800024ac (0x6641) x12 0x00010000
core   0: 0x800024ae (0x00008a69) c.andi  a2, 26
core   0: 3 0x800024ae (0x8a69) x12 0x00000000
core   0: 0x800024b0 (0x00001008) c.addi4spn a0, sp, 32
core   0: 3 0x800024b0 (0x1008) x10 0xffffffa8
core   0: 0x800024b2 (0x4076d713) srai    a4, a3, 7
core   0: 3 0x800024b2 (0x4076d713) x14 0x0000040d
core   0: 0x800024b6 (0xee77b313) sltiu   t1, a5, -281
core   0: 3 0x800024b6 (0xee77b313) x 6 0x00000001
core   0: 0x800024ba (0x03f25b33) divu    s6, tp, t6
core   0: 3 0x800024ba (0x03f25b33) x22 0x00009aee
core   0: 0x800024be (0x46d84937) lui     s2, 0x46d84
core   0: 3 0x800024be (0x46d84937) x18 0x46d84000
core   0: 0x800024c2 (0x412a8333) sub     t1, s5, s2
core   0: 3 0x800024c2 (0x412a8333) x 6 0x392a5ce4
core   0: 0x800024c6 (0x0000100f) fence.i
core   0: 3 0x800024c6 (0x0000100f)
core   0: 0x800024ca (0x0000717d) c.addi16sp sp, -16
core   0: 3 0x800024ca (0x717d) x 2 0xffffff78
core   0: 0x800024cc (0x000063c5) c.lui   t2, 0x11
core   0: 3 0x800024cc (0x63c5) x 7 0x00011000
core   0: 0x800024ce (0x0000c315) c.beqz  a4, pc + 36
core   0: 3 0x800024ce (0xc315)
core   0: 0x800024d0 (0x00009e2e) c.add   t3, a1
core   0: 3 0x800024d0 (0x9e2e) x28 0x30000000
core   0: 0x800024d2 (0x00b41113) slli    sp, s0, 11
core   0: 3 0x800024d2 (0x00b41113) x 2 0xd1250000
core   0: 0x800024d6 (0x00659433) sll     s0, a1, t1
core   0: 3 0x800024d6 (0x00659433) x 8 0x00000000
core   0: 0x800024da (0x01c012b3) sll     t0, zero, t3
core   0: 3 0x800024da (0x01c012b3) x 5 0x00000000
core   0: 0x800024de (0x02de7263) bgeu    t3, a3, pc + 36
core   0: 3 0x800024de (0x02de7263)
core   0: 0x80002502 (0x00006125) c.addi16sp sp, 96
core   0: 3 0x80002502 (0x6125) x 2 0xd1250060
core   0: 0x80002504 (0x00a0d963) bge     ra, a0, pc + 18
core   0: 3 0x80002504 (0x00a0d963)
core   0: 0x80002516 (0x006a56b3) srl     a3, s4, t1
core   0: 3 0x80002516 (0x006a56b3) x13 0x0f80025e
core   0: 0x8000251a (0x41105b33) sra     s6, zero, a7
core   0: 3 0x8000251a (0x41105b33) x22 0x00000000
core   0: 0x8000251e (0x0000cf09) c.beqz  a4, pc + 26
core   0: 3 0x8000251e (0xcf09)
core   0: 0x80002520 (0x02100eb3) mul     t4, zero, ra
core   0: 3 0x80002520 (0x02100eb3) x29 0x00000000
core   0: 0x80002524 (0x00c4c5b3) xor     a1, s1, a2
core   0: 3 0x80002524 (0x00c4c5b3) x11 0x000006ff
core   0: 0x80002528 (0x008f05b3) add     a1, t5, s0
core   0: 3 0x80002528 (0x008f05b3) x11 0xff000000
core   0: 0x8000252c (0x0000987d) c.andi  s0, -1
core   0: 3 0x8000252c (0x987d) x 8 0x00000000
core   0: 0x8000252e (0x004c7833) and     a6, s8, tp
core   0: 3 0x8000252e (0x004c7833) x16 0x00000000
core   0: 0x80002532 (0x00005bfd) c.li    s7, -1
core   0: 3 0x80002532 (0x5bfd) x23 0xffffffff
core   0: 0x80002534 (0x00711f13) slli    t5, sp, 7
core   0: 3 0x80002534 (0x00711f13) x30 0x92803000
core   0: 0x80002538 (0x00000001) c.nop
core   0: 3 0x80002538 (0x0001)
core   0: 0x8000253a (0x0147d7b3) srl     a5, a5, s4
core   0: 3 0x8000253a (0x0147d7b3) x15 0x03800000
core   0: 0x8000253e (0x0dcd6813) ori     a6, s10, 220
core   0: 3 0x8000253e (0x0dcd6813) x16 0x000000dc
core   0: 0x80002542 (0x02af0433) mul     s0, t5, a0
core   0: 3 0x80002542 (0x02af0433) x 8 0xa3ef8000
core   0: 0x80002546 (0x00d560b3) or      ra, a0, a3
core   0: 3 0x80002546 (0x00d560b3) x 1 0xfffffffe
core   0: 0x8000254a (0x0000100f) fence.i
core   0: 3 0x8000254a (0x0000100f)
core   0: 0x8000254e (0x1d362c17) auipc   s8, 0x1d362
core   0: 3 0x8000254e (0x1d362c17) x24 0x9d36454e
core   0: 0x80002552 (0x8892c093) xori    ra, t0, -1911
core   0: 3 0x80002552 (0x8892c093) x 1 0xfffff889
core   0: 0x80002556 (0x026918b3) mulh    a7, s2, t1
core   0: 3 0x80002556 (0x026918b3) x17 0x0fd1df6f
core   0: 0x8000255a (0x000091c2) c.add   gp, a6
core   0: 3 0x8000255a (0x91c2) x 3 0x000000db
core   0: 0x8000255c (0x6e03e093) ori     ra, t2, 1760
core   0: 3 0x8000255c (0x6e03e093) x 1 0x000116e0
core   0: 0x80002560 (0x00006179) c.addi16sp sp, 464
core   0: 3 0x80002560 (0x6179) x 2 0xd1250230
core   0: 0x80002562 (0x001b5a13) srli    s4, s6, 1
core   0: 3 0x80002562 (0x001b5a13) x20 0x00000000
core   0: 0x80002566 (0x01b9f2b3) and     t0, s3, s11
core   0: 3 0x80002566 (0x01b9f2b3) x 5 0x00000000
core   0: 0x8000256a (0x30618897) auipc   a7, 0x30618
core   0: 3 0x8000256a (0x30618897) x17 0xb061a56a
core   0: 0x8000256e (0x0387c0b3) div     ra, a5, s8
core   0: 3 0x8000256e (0x0387c0b3) x 1 0x00000000
core   0: 0x80002572 (0x000095f6) c.add   a1, t4
core   0: 3 0x80002572 (0x95f6) x11 0xff000000
core   0: 0x80002574 (0x02887c33) remu    s8, a6, s0
core   0: 3 0x80002574 (0x02887c33) x24 0x000000dc
core   0: 0x80002578 (0x3eeb3413) sltiu   s0, s6, 1006
core   0: 3 0x80002578 (0x3eeb3413) x 8 0x00000001
core   0: 0x8000257c (0x4122d033) sra     zero, t0, s2
core   0: 3 0x8000257c (0x4122d033)
core   0: 0x80002580 (0x027a3333) mulhu   t1, s4, t2
core   0: 3 0x80002580 (0x027a3333) x 6 0x00000000
core   0: 0x80002584 (0x00008ec1) c.or    a3, s0
core   0: 3 0x80002584 (0x8ec1) x13 0x0f80025f
core   0: 0x80002586 (0x401a0733) sub     a4, s4, ra
core   0: 3 0x80002586 (0x401a0733) x14 0x00000000
core   0: 0x8000258a (0x40f0d1b3) sra     gp, ra, a5
core   0: 3 0x8000258a (0x40f0d1b3) x 3 0x00000000
core   0: 0x8000258e (0xafa54493) xori    s1, a0, -1286
core   0: 3 0x8000258e (0xafa54493) x 9 0x00000552
core   0: 0x80002592 (0x032582b3) mul     t0, a1, s2
core   0: 3 0x80002592 (0x032582b3) x 5 0x00000000
core   0: 0x80002596 (0x1ce8ffb7) lui     t6, 0x1ce8f
core   0: 3 0x80002596 (0x1ce8ffb7) x31 0x1ce8f000
core   0: 0x8000259a (0x000005ee) c.slli  a1, 27
core   0: 3 0x8000259a (0x05ee) x11 0x00000000
core   0: 0x8000259c (0x0000100f) fence.i
core   0: 3 0x8000259c (0x0000100f)
core   0: 0x800025a0 (0x0021e3b3) or      t2, gp, sp
core   0: 3 0x800025a0 (0x0021e3b3) x 7 0xd1250230
core   0: 0x800025a4 (0x019198b3) sll     a7, gp, s9
core   0: 3 0x800025a4 (0x019198b3) x17 0x00000000
core   0: 0x800025a8 (0x01ac22b3) slt     t0, s8, s10
core   0: 3 0x800025a8 (0x01ac22b3) x 5 0x00000000
core   0: 0x800025ac (0x00000001) c.nop
core   0: 3 0x800025ac (0x0001)
core   0: 0x800025ae (0x2b943413) sltiu   s0, s0, 697
core   0: 3 0x800025ae (0x2b943413) x 8 0x00000001
core   0: 0x800025b2 (0x62debf93) sltiu   t6, t4, 1581
core   0: 3 0x800025b2 (0x62debf93) x31 0x00000001
core   0: 0x800025b6 (0x5f16ed93) ori     s11, a3, 1521
core   0: 3 0x800025b6 (0x5f16ed93) x27 0x0f8007ff
core   0: 0x800025ba (0x000049fd) c.li    s3, 31
core   0: 3 0x800025ba (0x49fd) x19 0x0000001f
core   0: 0x800025bc (0x035f1463) bne     t5, s5, pc + 40
core   0: 3 0x800025bc (0x035f1463)
core   0: 0x800025e4 (0xf8000893) li      a7, -128
core   0: 3 0x800025e4 (0xf8000893) x17 0xffffff80
core   0: 0x800025e8 (0x00006305) c.lui   t1, 0x1
core   0: 3 0x800025e8 (0x6305) x 6 0x00001000
core   0: 0x800025ea (0x03988b63) beq     a7, s9, pc + 54
core   0: 3 0x800025ea (0x03988b63)
core   0: 0x800025ee (0x01aa5733) srl     a4, s4, s10
core   0: 3 0x800025ee (0x01aa5733) x14 0x00000000
core   0: 0x800025f2 (0x00000fdd) c.addi  t6, 23
core   0: 3 0x800025f2 (0x0fdd) x31 0x00000018
core   0: 0x800025f4 (0x034717b3) mulh    a5, a4, s4
core   0: 3 0x800025f4 (0x034717b3) x15 0x00000000
core   0: 0x800025f8 (0x01922c33) slt     s8, tp, s9
core   0: 3 0x800025f8 (0x01922c33) x24 0x00000001
core   0: 0x800025fc (0x617d5d37) lui     s10, 0x617d5
core   0: 3 0x800025fc (0x617d5d37) x26 0x617d5000
core   0: 0x80002600 (0x0000717d) c.addi16sp sp, -16
core   0: 3 0x80002600 (0x717d) x 2 0xd1250220
core   0: 0x80002602 (0x0000c699) c.beqz  a3, pc + 14
core   0: 3 0x80002602 (0xc699)
core   0: 0x80002604 (0x037f0763) beq     t5, s7, pc + 46
core   0: 3 0x80002604 (0x037f0763)
core   0: 0x80002608 (0x02e60363) beq     a2, a4, pc + 38
core   0: 3 0x80002608 (0x02e60363)
core   0: 0x8000262e (0x0331c633) div     a2, gp, s3
core   0: 3 0x8000262e (0x0331c633) x12 0x00000000
core   0: 0x80002632 (0x011b1133) sll     sp, s6, a7
core   0: 3 0x80002632 (0x011b1133) x 2 0x00000000
core   0: 0x80002636 (0x00008eb1) c.xor   a3, a2
core   0: 3 0x80002636 (0x8eb1) x13 0x0f80025f
core   0: 0x80002638 (0x00008ef5) c.and   a3, a3
core   0: 3 0x80002638 (0x8ef5) x13 0x0f80025f
core   0: 0x8000263a (0x02c81c33) mulh    s8, a6, a2
core   0: 3 0x8000263a (0x02c81c33) x24 0x00000000
core   0: 0x8000263e (0x00008cf5) c.and   s1, a3
core   0: 3 0x8000263e (0x8cf5) x 9 0x00000052
core   0: 0x80002640 (0x00008c39) c.xor   s0, a4
core   0: 3 0x80002640 (0x8c39) x 8 0x00000001
core   0: 0x80002642 (0x0319c063) blt     s3, a7, pc + 32
core   0: 3 0x80002642 (0x0319c063)
core   0: 0x80002646 (0x0266f463) bgeu    a3, t1, pc + 40
core   0: 3 0x80002646 (0x0266f463)
core   0: 0x8000266e (0x41ea8f33) sub     t5, s5, t5
core   0: 3 0x8000266e (0x41ea8f33) x30 0xed826ce4
core   0: 0x80002672 (0x019ad633) srl     a2, s5, s9
core   0: 3 0x80002672 (0x019ad633) x12 0x080029ce
core   0: 0x80002676 (0xdb8a0613) addi    a2, s4, -584
core   0: 3 0x80002676 (0xdb8a0613) x12 0xfffffdb8
core   0: 0x8000267a (0x00000d86) c.slli  s11, 1
core   0: 3 0x8000267a (0x0d86) x27 0x1f000ffe
core   0: 0x8000267c (0x02c90bb3) mul     s7, s2, a2
core   0: 3 0x8000267c (0x02c90bb3) x23 0x62ae0000
core   0: 0x80002680 (0x0000981e) c.add   a6, t2
core   0: 3 0x80002680 (0x981e) x16 0xd125030c
core   0: 0x80002682 (0x0dd10d63) beq     sp, t4, pc + 218
core   0: 3 0x80002682 (0x0dd10d63)
core   0: 0x8000275c (0x000081da) c.mv    gp, s6
core   0: 3 0x8000275c (0x81da) x 3 0x00000000
core   0: 0x8000275e (0xe2d7af93) slti    t6, a5, -467
core   0: 3 0x8000275e (0xe2d7af93) x31 0x00000000
core   0: 0x80002762 (0x00339563) bne     t2, gp, pc + 10
core   0: 3 0x80002762 (0x00339563)
core   0: 0x8000276c (0x00008d09) c.sub   a0, a0
core   0: 3 0x8000276c (0x8d09) x10 0x00000000
core   0: 0x8000276e (0x02403eb3) mulhu   t4, zero, tp
core   0: 3 0x8000276e (0x02403eb3) x29 0x00000000
core   0: 0x80002772 (0x0000100f) fence.i
core   0: 3 0x80002772 (0x0000100f)
core   0: 0x80002776 (0x01615613) srli    a2, sp, 22
core   0: 3 0x80002776 (0x01615613) x12 0x00000000
core   0: 0x8000277a (0x6dd28a13) addi    s4, t0, 1757
core   0: 3 0x8000277a (0x6dd28a13) x20 0x000006dd
core   0: 0x8000277e (0x000082b1) c.srli  a3, 12
core   0: 3 0x8000277e (0x82b1) x13 0x0000f800
core   0: 0x80002780 (0x00826f63) bltu    tp, s0, pc + 30
core   0: 3 0x80002780 (0x00826f63)
core   0: 0x80002784 (0x00000445) c.addi  s0, 17
core   0: 3 0x80002784 (0x0445) x 8 0x00000012
core   0: 0x80002786 (0x020b67b3) rem     a5, s6, zero
core   0: 3 0x80002786 (0x020b67b3) x15 0x00000000
core   0: 0x8000278a (0x00000001) c.nop
core   0: 3 0x8000278a (0x0001)
core   0: 0x8000278c (0x0028e863) bltu    a7, sp, pc + 16
core   0: 3 0x8000278c (0x0028e863)
core   0: 0x80002790 (0x03c5d463) bge     a1, t3, pc + 40
core   0: 3 0x80002790 (0x03c5d463)
core   0: 0x80002794 (0x01735913) srli    s2, t1, 23
core   0: 3 0x80002794 (0x01735913) x18 0x00000000
core   0: 0x80002798 (0x00008c19) c.sub   s0, a4
core   0: 3 0x80002798 (0x8c19) x 8 0x00000012
core   0: 0x8000279a (0x0000987d) c.andi  s0, -1
core   0: 3 0x8000279a (0x987d) x 8 0x00000012
core   0: 0x8000279c (0x00000001) c.nop
core   0: 3 0x8000279c (0x0001)
core   0: 0x8000279e (0x01d3c133) xor     sp, t2, t4
core   0: 3 0x8000279e (0x01d3c133) x 2 0xd1250230
core   0: 0x800027a2 (0x0ff0000f) fence   iorw,iorw
core   0: 3 0x800027a2 (0x0ff0000f)
core   0: 0x800027a6 (0x03b24a63) blt     tp, s11, pc + 52
core   0: 3 0x800027a6 (0x03b24a63)
core   0: 0x800027da (0xc4b77593) andi    a1, a4, -949
core   0: 3 0x800027da (0xc4b77593) x11 0x00000000
core   0: 0x800027de (0x01637eb3) and     t4, t1, s6
core   0: 3 0x800027de (0x01637eb3) x29 0x00000000
core   0: 0x800027e2 (0x00008d79) c.and   a0, a4
core   0: 3 0x800027e2 (0x8d79) x10 0x00000000
core   0: 0x800027e4 (0x4079d633) sra     a2, s3, t2
core   0: 3 0x800027e4 (0x4079d633) x12 0x00000000
core   0: 0x800027e8 (0xe877a413) slti    s0, a5, -377
core   0: 3 0x800027e8 (0xe877a413) x 8 0x00000000
core   0: 0x800027ec (0x40b80033) sub     zero, a6, a1
core   0: 3 0x800027ec (0x40b80033)
core   0: 0x800027f0 (0xa0064597) auipc   a1, 0xa0064
core   0: 3 0x800027f0 (0xa0064597) x11 0x200667f0
core   0: 0x800027f4 (0x00000f90) c.addi4spn a2, sp, 976
core   0: 3 0x800027f4 (0x0f90) x12 0xd1250600
core   0: 0x800027f6 (0x0166dbb3) srl     s7, a3, s6
core   0: 3 0x800027f6 (0x0166dbb3) x23 0x0000f800
core   0: 0x800027fa (0x05bef263) bgeu    t4, s11, pc + 68
core   0: 3 0x800027fa (0x05bef263)
core   0: 0x800027fe (0xf178b793) sltiu   a5, a7, -233
core   0: 3 0x800027fe (0xf178b793) x15 0x00000000
core   0: 0x80002802 (0x006c7863) bgeu    s8, t1, pc + 16
core   0: 3 0x80002802 (0x006c7863)
core   0: 0x80002806 (0x000080b9) c.srli  s1, 14
core   0: 3 0x80002806 (0x80b9) x 9 0x00000000
core   0: 0x80002808 (0x0000e911) c.bnez  a0, pc + 20
core   0: 3 0x80002808 (0xe911)
core   0: 0x8000280a (0x01cc68b3) or      a7, s8, t3
core   0: 3 0x8000280a (0x01cc68b3) x17 0x30000000
core   0: 0x8000280e (0x0000896d) c.andi  a0, 27
core   0: 3 0x8000280e (0x896d) x10 0x00000000
core   0: 0x80002810 (0x00000001) c.nop
core   0: 3 0x80002810 (0x0001)
core   0: 0x80002812 (0x01b19693) slli    a3, gp, 27
core   0: 3 0x80002812 (0x01b19693) x13 0x00000000
core   0: 0x80002816 (0x9ff70e13) addi    t3, a4, -1537
core   0: 3 0x80002816 (0x9ff70e13) x28 0xfffff9ff
core   0: 0x8000281a (0x000085ad) c.srai  a1, 11
core   0: 3 0x8000281a (0x85ad) x11 0x000400cc
core   0: 0x8000281c (0x0127ff33) and     t5, a5, s2
core   0: 3 0x8000281c (0x0127ff33) x30 0x00000000
core   0: 0x80002820 (0x00000001) c.nop
core   0: 3 0x80002820 (0x0001)
core   0: 0x80002822 (0x418b09b3) sub     s3, s6, s8
core   0: 3 0x80002822 (0x418b09b3) x19 0x00000000
core   0: 0x80002826 (0x00894a63) blt     s2, s0, pc + 20
core   0: 3 0x80002826 (0x00894a63)
core   0: 0x8000282a (0x0060d863) bge     ra, t1, pc + 16
core   0: 3 0x8000282a (0x0060d863)
core   0: 0x8000282e (0x0ff0000f) fence   iorw,iorw
core   0: 3 0x8000282e (0x0ff0000f)
core   0: 0x80002832 (0x029c1bb3) mulh    s7, s8, s1
core   0: 3 0x80002832 (0x029c1bb3) x23 0x00000000
core   0: 0x80002836 (0x04120063) beq     tp, ra, pc + 64
core   0: 3 0x80002836 (0x04120063)
core   0: 0x8000283a (0x02d302b3) mul     t0, t1, a3
core   0: 3 0x8000283a (0x02d302b3) x 5 0x00000000
core   0: 0x8000283e (0x96a02f93) slti    t6, zero, -1686
core   0: 3 0x8000283e (0x96a02f93) x31 0x00000000
core   0: 0x80002842 (0xc5cf4093) xori    ra, t5, -932
core   0: 3 0x80002842 (0xc5cf4093) x 1 0xfffffc5c
core   0: 0x80002846 (0x025496b3) mulh    a3, s1, t0
core   0: 3 0x80002846 (0x025496b3) x13 0x00000000
core   0: 0x8000284a (0x03a25463) bge     tp, s10, pc + 40
core   0: 3 0x8000284a (0x03a25463)
core   0: 0x8000284e (0x40555633) sra     a2, a0, t0
core   0: 3 0x8000284e (0x40555633) x12 0x00000000
core   0: 0x80002852 (0x40d4dbb3) sra     s7, s1, a3
core   0: 3 0x80002852 (0x40d4dbb3) x23 0x00000000
core   0: 0x80002856 (0x012299b3) sll     s3, t0, s2
core   0: 3 0x80002856 (0x012299b3) x19 0x00000000
core   0: 0x8000285a (0x00008c11) c.sub   s0, a2
core   0: 3 0x8000285a (0x8c11) x 8 0x00000000
core   0: 0x8000285c (0x0203d033) divu    zero, t2, zero
core   0: 3 0x8000285c (0x0203d033)
core   0: 0x80002860 (0x038a0663) beq     s4, s8, pc + 44
core   0: 3 0x80002860 (0x038a0663)
core   0: 0x80002864 (0x70de8f17) auipc   t5, 0x70de8
core   0: 3 0x80002864 (0x70de8f17) x30 0xf0dea864
core   0: 0x80002868 (0x00008239) c.srli  a2, 14
core   0: 3 0x80002868 (0x8239) x12 0x00000000
core   0: 0x8000286a (0x0121b133) sltu    sp, gp, s2
core   0: 3 0x8000286a (0x0121b133) x 2 0x00000000
core   0: 0x8000286e (0x03f7a9b3) mulhsu  s3, a5, t6
core   0: 3 0x8000286e (0x03f7a9b3) x19 0x00000000
core   0: 0x80002872 (0x0000e51d) c.bnez  a0, pc + 46
core   0: 3 0x80002872 (0xe51d)
core   0: 0x80002874 (0x00000001) c.nop
core   0: 3 0x80002874 (0x0001)
core   0: 0x80002876 (0x0000611d) c.addi16sp sp, 416
core   0: 3 0x80002876 (0x611d) x 2 0x000001a0
core   0: 0x80002878 (0x00008e0d) c.sub   a2, a1
core   0: 3 0x80002878 (0x8e0d) x12 0xfffbff34
core   0: 0x8000287a (0x00008da1) c.xor   a1, s0
core   0: 3 0x8000287a (0x8da1) x11 0x000400cc
core   0: 0x8000287c (0x00000969) c.addi  s2, 26
core   0: 3 0x8000287c (0x0969) x18 0x0000001a
core   0: 0x8000287e (0x03d8ce63) blt     a7, t4, pc + 60
core   0: 3 0x8000287e (0x03d8ce63)
core   0: 0x80002882 (0x00006ebd) c.lui   t4, 0xf
core   0: 3 0x80002882 (0x6ebd) x29 0x0000f000
core   0: 0x80002884 (0x00001efd) c.addi  t4, -1
core   0: 3 0x80002884 (0x1efd) x29 0x0000efff
core   0: 0x80002886 (0x00008b31) c.andi  a4, 12
core   0: 3 0x80002886 (0x8b31) x14 0x00000000
core   0: 0x80002888 (0x41ff0133) sub     sp, t5, t6
core   0: 3 0x80002888 (0x41ff0133) x 2 0xf0dea864
core   0: 0x8000288c (0x01402933) slt     s2, zero, s4
core   0: 3 0x8000288c (0x01402933) x18 0x00000001
core   0: 0x80002890 (0x00008fe5) c.and   a5, s1
core   0: 3 0x80002890 (0x8fe5) x15 0x00000000
core   0: 0x80002892 (0x0000e331) c.bnez  a4, pc + 68
core   0: 3 0x80002892 (0xe331)
core   0: 0x80002894 (0x00009afd) c.andi  a3, -1
core   0: 3 0x80002894 (0x9afd) x13 0x00000000
core   0: 0x80002896 (0x033b9733) mulh    a4, s7, s3
core   0: 3 0x80002896 (0x033b9733) x14 0x00000000
core   0: 0x8000289a (0x2dc69b97) auipc   s7, 0x2dc69
core   0: 3 0x8000289a (0x2dc69b97) x23 0xadc6b89a
core   0: 0x8000289e (0x00000001) c.nop
core   0: 3 0x8000289e (0x0001)
core   0: 0x800028a0 (0x0000100f) fence.i
core   0: 3 0x800028a0 (0x0000100f)
core   0: 0x800028a4 (0x057f8163) beq     t6, s7, pc + 66
core   0: 3 0x800028a4 (0x057f8163)
core   0: 0x800028a8 (0x5d4de493) ori     s1, s11, 1492
core   0: 3 0x800028a8 (0x5d4de493) x 9 0x1f000ffe
core   0: 0x800028ac (0xe4c6ce93) xori    t4, a3, -436
core   0: 3 0x800028ac (0xe4c6ce93) x29 0xfffffe4c
core   0: 0x800028b0 (0x0303c833) div     a6, t2, a6
core   0: 3 0x800028b0 (0x0303c833) x16 0x00000001
core   0: 0x800028b4 (0x00000c4e) c.slli  s8, 19
core   0: 3 0x800028b4 (0x0c4e) x24 0x00000000
core   0: 0x800028b6 (0x00bdd733) srl     a4, s11, a1
core   0: 3 0x800028b6 (0x00bdd733) x14 0x0001f000
core   0: 0x800028ba (0x00346463) bltu    s0, gp, pc + 8
core   0: 3 0x800028ba (0x00346463)
core   0: 0x800028be (0x003a7533) and     a0, s4, gp
core   0: 3 0x800028be (0x003a7533) x10 0x00000000
core   0: 0x800028c2 (0xb7e5b193) sltiu   gp, a1, -1154
core   0: 3 0x800028c2 (0xb7e5b193) x 3 0x00000001
core   0: 0x800028c6 (0x02cd8b63) beq     s11, a2, pc + 54
core   0: 3 0x800028c6 (0x02cd8b63)
core   0: 0x800028ca (0x00000001) c.nop
core   0: 3 0x800028ca (0x0001)
core   0: 0x800028cc (0x03de13b3) mulh    t2, t3, t4
core   0: 3 0x800028cc (0x03de13b3) x 7 0x00000000
core   0: 0x800028d0 (0xb6f92e13) slti    t3, s2, -1169
core   0: 3 0x800028d0 (0xb6f92e13) x28 0x00000000
core   0: 0x800028d4 (0x0000610d) c.addi16sp sp, 160
core   0: 3 0x800028d4 (0x610d) x 2 0xf0dea904
core   0: 0x800028d6 (0xc1ed2e93) slti    t4, s10, -994
core   0: 3 0x800028d6 (0xc1ed2e93) x29 0x00000000
core   0: 0x800028da (0x026649b3) div     s3, a2, t1
core   0: 3 0x800028da (0x026649b3) x19 0xffffffc0
core   0: 0x800028de (0x04818363) beq     gp, s0, pc + 70
core   0: 3 0x800028de (0x04818363)
core   0: 0x800028e2 (0x0348c063) blt     a7, s4, pc + 32
core   0: 3 0x800028e2 (0x0348c063)
core   0: 0x800028e6 (0x00fa1a33) sll     s4, s4, a5
core   0: 3 0x800028e6 (0x00fa1a33) x20 0x000006dd
core   0: 0x800028ea (0x00008d81) c.sub   a1, s0
core   0: 3 0x800028ea (0x8d81) x11 0x000400cc
core   0: 0x800028ec (0x909b8993) addi    s3, s7, -1783
core   0: 3 0x800028ec (0x909b8993) x19 0xadc6b1a3
core   0: 0x800028f0 (0x0000c295) c.beqz  a3, pc + 36
core   0: 3 0x800028f0 (0xc295)
core   0: 0x80002914 (0x0097dbb3) srl     s7, a5, s1
core   0: 3 0x80002914 (0x0097dbb3) x23 0x00000000
core   0: 0x80002918 (0x01317a33) and     s4, sp, s3
core   0: 3 0x80002918 (0x01317a33) x20 0xa0c6a100
core   0: 0x8000291c (0x318af413) andi    s0, s5, 792
core   0: 3 0x8000291c (0x318af413) x 8 0x00000000
core   0: 0x80002920 (0x012edd33) srl     s10, t4, s2
core   0: 3 0x80002920 (0x012edd33) x26 0x00000000
core   0: 0x80002924 (0x00000001) c.nop
core   0: 3 0x80002924 (0x0001)
core   0: 0x80002926 (0x0000ce95) c.beqz  a3, pc + 60
core   0: 3 0x80002926 (0xce95)
core   0: 0x80002962 (0x00008f89) c.sub   a5, a0
core   0: 3 0x80002962 (0x8f89) x15 0x00000000
core   0: 0x80002964 (0x000064e5) c.lui   s1, 0x19
core   0: 3 0x80002964 (0x64e5) x 9 0x00019000
core   0: 0x80002966 (0xc2178113) addi    sp, a5, -991
core   0: 3 0x80002966 (0xc2178113) x 2 0xfffffc21
core   0: 0x8000296a (0x007d8933) add     s2, s11, t2
core   0: 3 0x8000296a (0x007d8933) x18 0x1f000ffe
core   0: 0x8000296e (0x00001f7d) c.addi  t5, -1
core   0: 3 0x8000296e (0x1f7d) x30 0xf0dea863
core   0: 0x80002970 (0x007dd1b3) srl     gp, s11, t2
core   0: 3 0x80002970 (0x007dd1b3) x 3 0x1f000ffe
core   0: 0x80002974 (0x00008f99) c.sub   a5, a4
core   0: 3 0x80002974 (0x8f99) x15 0xfffe1000
core   0: 0x80002976 (0x47928113) addi    sp, t0, 1145
core   0: 3 0x80002976 (0x47928113) x 2 0x00000479
core   0: 0x8000297a (0x0000028c) c.addi4spn a1, sp, 320
core   0: 3 0x8000297a (0x028c) x11 0x000005b9
core   0: 0x8000297c (0x00006b8d) c.lui   s7, 0x3
core   0: 3 0x8000297c (0x6b8d) x23 0x00003000
core   0: 0x8000297e (0x010556b3) srl     a3, a0, a6
core   0: 3 0x8000297e (0x010556b3) x13 0x00000000
core   0: 0x80002982 (0xbb56f097) auipc   ra, 0xbb56f
core   0: 3 0x80002982 (0xbb56f097) x 1 0x3b571982
core   0: 0x80002986 (0x086ac713) xori    a4, s5, 134
core   0: 3 0x80002986 (0x086ac713) x14 0x80029c62
core   0: 0x8000298a (0x00a43533) sltu    a0, s0, a0
core   0: 3 0x8000298a (0x00a43533) x10 0x00000000
core   0: 0x8000298e (0x025585b3) mul     a1, a1, t0
core   0: 3 0x8000298e (0x025585b3) x11 0x00000000
core   0: 0x80002992 (0x03c6d763) bge     a3, t3, pc + 46
core   0: 3 0x80002992 (0x03c6d763)
core   0: 0x800029c0 (0x0000c519) c.beqz  a0, pc + 14
core   0: 3 0x800029c0 (0xc519)
core   0: 0x800029ce (0x00000001) c.nop
core   0: 3 0x800029ce (0x0001)
core   0: 0x800029d0 (0x01666a63) bltu    a2, s6, pc + 20
core   0: 3 0x800029d0 (0x01666a63)
core   0: 0x800029d4 (0x006a28b3) slt     a7, s4, t1
core   0: 3 0x800029d4 (0x006a28b3) x17 0x00000001
core   0: 0x800029d8 (0x0193bf33) sltu    t5, t2, s9
core   0: 3 0x800029d8 (0x0193bf33) x30 0x00000001
core   0: 0x800029dc (0xe004e713) ori     a4, s1, -512
core   0: 3 0x800029dc (0xe004e713) x14 0xfffffe00
core   0: 0x800029e0 (0x0000997d) c.andi  a0, -1
core   0: 3 0x800029e0 (0x997d) x10 0x00000000
core   0: 0x800029e2 (0x00000001) c.nop
core   0: 3 0x800029e2 (0x0001)
core   0: 0x800029e4 (0x050b4263) blt     s6, a6, pc + 68
core   0: 3 0x800029e4 (0x050b4263)
core   0: 0x80002a28 (0x01b117b3) sll     a5, sp, s11
core   0: 3 0x80002a28 (0x01b117b3) x15 0x40000000
core   0: 0x80002a2c (0x01659b33) sll     s6, a1, s6
core   0: 3 0x80002a2c (0x01659b33) x22 0x00000000
core   0: 0x80002a30 (0x0000c19d) c.beqz  a1, pc + 38
core   0: 3 0x80002a30 (0xc19d)
core   0: 0x80002a56 (0x0000717d) c.addi16sp sp, -16
core   0: 3 0x80002a56 (0x717d) x 2 0x00000469
core   0: 0x80002a58 (0x0000c515) c.beqz  a0, pc + 44
core   0: 3 0x80002a58 (0xc515)
core   0: 0x80002a84 (0x02081c33) mulh    s8, a6, zero
core   0: 3 0x80002a84 (0x02081c33) x24 0x00000000
core   0: 0x80002a88 (0x013438b3) sltu    a7, s0, s3
core   0: 3 0x80002a88 (0x013438b3) x17 0x00000001
core   0: 0x80002a8c (0xe5f7c493) xori    s1, a5, -417
core   0: 3 0x80002a8c (0xe5f7c493) x 9 0xbffffe5f
core   0: 0x80002a90 (0x000053fd) c.li    t2, -1
core   0: 3 0x80002a90 (0x53fd) x 7 0xffffffff
core   0: 0x80002a92 (0x01bccdb3) xor     s11, s9, s11
core   0: 3 0x80002a92 (0x01bccdb3) x27 0x9f02519a
core   0: 0x80002a96 (0x002f8633) add     a2, t6, sp
core   0: 3 0x80002a96 (0x002f8633) x12 0x00000469
core   0: 0x80002a9a (0x026c58b3) divu    a7, s8, t1
core   0: 3 0x80002a9a (0x026c58b3) x17 0x00000000
core   0: 0x80002a9e (0xb8685797) auipc   a5, 0xb8685
core   0: 3 0x80002a9e (0xb8685797) x15 0x38687a9e
core   0: 0x80002aa2 (0x00b55133) srl     sp, a0, a1
core   0: 3 0x80002aa2 (0x00b55133) x 2 0x00000000
core   0: 0x80002aa6 (0x0000866e) c.mv    a2, s11
core   0: 3 0x80002aa6 (0x866e) x12 0x9f02519a
core   0: 0x80002aa8 (0x01399793) slli    a5, s3, 19
core   0: 3 0x80002aa8 (0x01399793) x15 0x8d180000
core   0: 0x80002aac (0x00006155) c.addi16sp sp, 304
core   0: 3 0x80002aac (0x6155) x 2 0x00000130
core   0: 0x80002aae (0x00000001) c.nop
core   0: 3 0x80002aae (0x0001)
core   0: 0x80002ab0 (0x0000015a) c.slli  sp, 22
core   0: 3 0x80002ab0 (0x015a) x 2 0x4c000000
core   0: 0x80002ab2 (0x00fc32b3) sltu    t0, s8, a5
core   0: 3 0x80002ab2 (0x00fc32b3) x 5 0x00000001
core   0: 0x80002ab6 (0x022b7333) remu    t1, s6, sp
core   0: 3 0x80002ab6 (0x022b7333) x 6 0x00000000
core   0: 0x80002aba (0x01aa4633) xor     a2, s4, s10
core   0: 3 0x80002aba (0x01aa4633) x12 0xa0c6a100
core   0: 0x80002abe (0x01fe3bb3) sltu    s7, t3, t6
core   0: 3 0x80002abe (0x01fe3bb3) x23 0x00000000
core   0: 0x80002ac2 (0x03fc63b3) rem     t2, s8, t6
core   0: 3 0x80002ac2 (0x03fc63b3) x 7 0x00000000
core   0: 0x80002ac6 (0x00005a7d) c.li    s4, -1
core   0: 3 0x80002ac6 (0x5a7d) x20 0xffffffff
core   0: 0x80002ac8 (0x00008555) c.srai  a0, 21
core   0: 3 0x80002ac8 (0x8555) x10 0x00000000
core   0: 0x80002aca (0x92bc0a13) addi    s4, s8, -1749
core   0: 3 0x80002aca (0x92bc0a13) x20 0xfffff92b
core   0: 0x80002ace (0xd897a293) slti    t0, a5, -631
core   0: 3 0x80002ace (0xd897a293) x 5 0x00000001
core   0: 0x80002ad2 (0x0ff0000f) fence   iorw,iorw
core   0: 3 0x80002ad2 (0x0ff0000f)
core   0: 0x80002ad6 (0x018f6863) bltu    t5, s8, pc + 16
core   0: 3 0x80002ad6 (0x018f6863)
core   0: 0x80002ada (0x00009b7d) c.andi  a4, -1
core   0: 3 0x80002ada (0x9b7d) x14 0xfffffe00
core   0: 0x80002adc (0x78c2cd13) xori    s10, t0, 1932
core   0: 3 0x80002adc (0x78c2cd13) x26 0x0000078d
core   0: 0x80002ae0 (0x40d50133) sub     sp, a0, a3
core   0: 3 0x80002ae0 (0x40d50133) x 2 0x00000000
core   0: 0x80002ae4 (0x000019fd) c.addi  s3, -1
core   0: 3 0x80002ae4 (0x19fd) x19 0xadc6b1a2
core   0: 0x80002ae6 (0x000059fd) c.li    s3, -1
core   0: 3 0x80002ae6 (0x59fd) x19 0xffffffff
core   0: 0x80002ae8 (0x012d5133) srl     sp, s10, s2
core   0: 3 0x80002ae8 (0x012d5133) x 2 0x00000000
core   0: 0x80002aec (0x02203db3) mulhu   s11, zero, sp
core   0: 3 0x80002aec (0x02203db3) x27 0x00000000
core   0: 0x80002af0 (0x01d5e9b3) or      s3, a1, t4
core   0: 3 0x80002af0 (0x01d5e9b3) x19 0x00000000
core   0: 0x80002af4 (0x0ff0000f) fence   iorw,iorw
core   0: 3 0x80002af4 (0x0ff0000f)
core   0: 0x80002af8 (0x0000835e) c.mv    t1, s7
core   0: 3 0x80002af8 (0x835e) x 6 0x00000000
core   0: 0x80002afa (0x00008e9e) c.mv    t4, t2
core   0: 3 0x80002afa (0x8e9e) x29 0x00000000
core   0: 0x80002afc (0xc6b32c17) auipc   s8, 0xc6b32
core   0: 3 0x80002afc (0xc6b32c17) x24 0x46b34afc
core   0: 0x80002b00 (0x0000717d) c.addi16sp sp, -16
core   0: 3 0x80002b00 (0x717d) x 2 0xfffffff0
core   0: 0x80002b02 (0x19adf113) andi    sp, s11, 410
core   0: 3 0x80002b02 (0x19adf113) x 2 0x00000000
core   0: 0x80002b06 (0x03bbe433) rem     s0, s7, s11
core   0: 3 0x80002b06 (0x03bbe433) x 8 0x00000000
core   0: 0x80002b0a (0x00000639) c.addi  a2, 14
core   0: 3 0x80002b0a (0x0639) x12 0xa0c6a10e
core   0: 0x80002b0c (0x00002197) auipc   gp, 0x2
core   0: 3 0x80002b0c (0x00002197) x 3 0x80004b0c
core   0: 0x80002b10 (0x19218193) addi    gp, gp, 402
core   0: 3 0x80002b10 (0x19218193) x 3 0x80004c9e
core   0: 0x80002b14 (0x000013fd) c.addi  t2, -1
core   0: 3 0x80002b14 (0x13fd) x 7 0xffffffff
core   0: 0x80002b16 (0x00004975) c.li    s2, 29
core   0: 3 0x80002b16 (0x4975) x18 0x0000001d
core   0: 0x80002b18 (0x00b61633) sll     a2, a2, a1
core   0: 3 0x80002b18 (0x00b61633) x12 0xa0c6a10e
core   0: 0x80002b1c (0xf5e18193) addi    gp, gp, -162
core   0: 3 0x80002b1c (0xf5e18193) x 3 0x80004bfc
core   0: 0x80002b20 (0x01eb6733) or      a4, s6, t5
core   0: 3 0x80002b20 (0x01eb6733) x14 0x00000001
core   0: 0x80002b24 (0x00000c90) c.addi4spn a2, sp, 592
core   0: 3 0x80002b24 (0x0c90) x12 0x00000250
core   0: 0x80002b26 (0x0a318767) jalr    a4, gp, 163
core   0: 3 0x80002b26 (0x0a318767) x14 0x80002b2a
core   0: 0x80004c9e (0x00005a7d) c.li    s4, -1
core   0: 3 0x80004c9e (0x5a7d) x20 0xffffffff
core   0: 0x80004ca0 (0x00001cd1) c.addi  s9, -12
core   0: 3 0x80004ca0 (0x1cd1) x25 0x80025e58
core   0: 0x80004ca2 (0x00a85993) srli    s3, a6, 10
core   0: 3 0x80004ca2 (0x00a85993) x19 0x00000000
core   0: 0x80004ca6 (0x00eca223) sw      a4, 4(s9)
core   0: 3 0x80004ca6 (0x00eca223) mem 0x80025e5c 0x80002b2a
core   0: 0x80004caa (0x000086a9) c.srai  a3, 10
core   0: 3 0x80004caa (0x86a9) x13 0x00000000
core   0: 0x80004cac (0x00012997) auipc   s3, 0x12
core   0: 3 0x80004cac (0x00012997) x19 0x80016cac
core   0: 0x80004cb0 (0x6fe98993) addi    s3, s3, 1790
core   0: 3 0x80004cb0 (0x6fe98993) x19 0x800173aa
core   0: 0x80004cb4 (0x0000cd17) auipc   s10, 0xc
core   0: 3 0x80004cb4 (0x0000cd17) x26 0x80010cb4
core   0: 0x80004cb8 (0x196d0d13) addi    s10, s10, 406
core   0: 3 0x80004cb8 (0x196d0d13) x26 0x80010e4a
core   0: 0x80004cbc (0xf4ad0323) sb      a0, -186(s10)
core   0: 3 0x80004cbc (0xf4ad0323) mem 0x80010d90 0x0
core   0: 0x80004cc0 (0x02d98f83) lb      t6, 45(s3)
core   0: 3 0x80004cc0 (0x02d98f83) x31 0xffffff8c mem 0x800173d7
core   0: 0x80004cc4 (0xf6fd0a23) sb      a5, -140(s10)
core   0: 3 0x80004cc4 (0xf6fd0a23) mem 0x80010dbe 0x0
core   0: 0x80004cc8 (0x0f798123) sb      s7, 226(s3)
core   0: 3 0x80004cc8 (0x0f798123) mem 0x8001748c 0x0
core   0: 0x80004ccc (0x08b99123) sh      a1, 130(s3)
core   0: 3 0x80004ccc (0x08b99123) mem 0x8001742c 0x0000
core   0: 0x80004cd0 (0xf96d2f83) lw      t6, -106(s10)
core   0: 3 0x80004cd0 (0xf96d2f83) x31 0x98999ae4 mem 0x80010de0
core   0: 0x80004cd4 (0xfd2d0603) lb      a2, -46(s10)
core   0: 3 0x80004cd4 (0xfd2d0603) x12 0xffffffd7 mem 0x80010e1c
core   0: 0x80004cd8 (0x0589d103) lhu     sp, 88(s3)
core   0: 3 0x80004cd8 (0x0589d103) x 2 0x0000b8b9 mem 0x80017402
core   0: 0x80004cdc (0xf9dd0fa3) sb      t4, -97(s10)
core   0: 3 0x80004cdc (0xf9dd0fa3) mem 0x80010de9 0x0
core   0: 0x80004ce0 (0xfe9d4683) lbu     a3, -23(s10)
core   0: 3 0x80004ce0 (0xfe9d4683) x13 0x000000e8 mem 0x80010e33
core   0: 0x80004ce4 (0x077d0703) lb      a4, 119(s10)
core   0: 3 0x80004ce4 (0x077d0703) x14 0x0000007a mem 0x80010ec1
core   0: 0x80004ce8 (0xf90982a3) sb      a6, -123(s3)
core   0: 3 0x80004ce8 (0xf90982a3) mem 0x8001732f 0x1
core   0: 0x80004cec (0x0379cd83) lbu     s11, 55(s3)
core   0: 3 0x80004cec (0x0379cd83) x27 0x0000009a mem 0x800173e1
core   0: 0x80004cf0 (0xf83d0e83) lb      t4, -125(s10)
core   0: 3 0x80004cf0 (0xf83d0e83) x29 0xffffff86 mem 0x80010dcd
core   0: 0x80004cf4 (0x0240076f) jal     a4, pc + 0x24
core   0: 3 0x80004cf4 (0x0240076f) x14 0x80004cf8
core   0: 0x80004d18 (0xfedff36f) jal     t1, pc - 0x14
core   0: 3 0x80004d18 (0xfedff36f) x 6 0x80004d1c
core   0: 0x80004d04 (0x0000a029) c.j     pc + 10
core   0: 3 0x80004d04 (0xa029)
core   0: 0x80004d0e (0x00002021) c.jal   pc + 8
core   0: 3 0x80004d0e (0x2021) x 1 0x80004d10
core   0: 0x80004d16 (0x0000a021) c.j     pc + 8
core   0: 3 0x80004d16 (0xa021)
core   0: 0x80004d1e (0x000037d5) c.jal   pc - 28
core   0: 3 0x80004d1e (0x37d5) x 1 0x80004d20
core   0: 0x80004d02 (0x00002809) c.jal   pc + 18
core   0: 3 0x80004d02 (0x2809) x 1 0x80004d04
core   0: 0x80004d14 (0x00002021) c.jal   pc + 8
core   0: 3 0x80004d14 (0x2021) x 1 0x80004d16
core   0: 0x80004d1c (0x0000bff1) c.j     pc - 36
core   0: 3 0x80004d1c (0xbff1)
core   0: 0x80004cf8 (0x004000ef) jal     pc + 0x4
core   0: 3 0x80004cf8 (0x004000ef) x 1 0x80004cfc
core   0: 0x80004cfc (0x004000ef) jal     pc + 0x4
core   0: 3 0x80004cfc (0x004000ef) x 1 0x80004d00
core   0: 0x80004d00 (0x00002019) c.jal   pc + 6
core   0: 3 0x80004d00 (0x2019) x 1 0x80004d02
core   0: 0x80004d06 (0x00002839) c.jal   pc + 30
core   0: 3 0x80004d06 (0x2839) x 1 0x80004d08
core   0: 0x80004d24 (0xfe7ff3ef) jal     t2, pc - 0x1a
core   0: 3 0x80004d24 (0xfe7ff3ef) x 7 0x80004d28
core   0: 0x80004d0a (0x01e0036f) jal     t1, pc + 0x1e
core   0: 3 0x80004d0a (0x01e0036f) x 6 0x80004d0e
core   0: 0x80004d28 (0x0000bfe5) c.j     pc - 8
core   0: 3 0x80004d28 (0xbfe5)
core   0: 0x80004d20 (0x00a00c6f) jal     s8, pc + 0xa
core   0: 3 0x80004d20 (0x00a00c6f) x24 0x80004d24
core   0: 0x80004d2a (0xfe7ff4ef) jal     s1, pc - 0x1a
core   0: 3 0x80004d2a (0xfe7ff4ef) x 9 0x80004d2e
core   0: 0x80004d10 (0x00002009) c.jal   pc + 2
core   0: 3 0x80004d10 (0x2009) x 1 0x80004d12
core   0: 0x80004d12 (0x0000bfdd) c.j     pc - 10
core   0: 3 0x80004d12 (0xbfdd)
core   0: 0x80004d08 (0x0000a01d) c.j     pc + 38
core   0: 3 0x80004d08 (0xa01d)
core   0: 0x80004d2e (0x01bc2b33) slt     s6, s8, s11
core   0: 3 0x80004d2e (0x01bc2b33) x22 0x00000001
core   0: 0x80004d32 (0x00013917) auipc   s2, 0x13
core   0: 3 0x80004d32 (0x00013917) x18 0x80017d32
core   0: 0x80004d36 (0xca590913) addi    s2, s2, -859
core   0: 3 0x80004d36 (0xca590913) x18 0x800179d7
core   0: 0x80004d3a (0x00194b83) lbu     s7, 1(s2)
core   0: 3 0x80004d3a (0x00194b83) x23 0x00000093 mem 0x800179d8
core   0: 0x80004d3e (0x0000b817) auipc   a6, 0xb
core   0: 3 0x80004d3e (0x0000b817) x16 0x8000fd3e
core   0: 0x80004d42 (0x77380813) addi    a6, a6, 1907
core   0: 3 0x80004d42 (0x77380813) x16 0x800104b1
core   0: 0x80004d46 (0xfc890183) lb      gp, -56(s2)
core   0: 3 0x80004d46 (0xfc890183) x 3 0x00000054 mem 0x8001799f
core   0: 0x80004d4a (0xffe80483) lb      s1, -2(a6)
core   0: 3 0x80004d4a (0xffe80483) x 9 0x00000064 mem 0x800104af
core   0: 0x80004d4e (0xff684603) lbu     a2, -10(a6)
core   0: 3 0x80004d4e (0xff684603) x12 0x0000005c mem 0x800104a7
core   0: 0x80004d52 (0xfd791183) lh      gp, -41(s2)
core   0: 3 0x80004d52 (0xfd791183) x 3 0x00006465 mem 0x800179ae
core   0: 0x80004d56 (0xff480e03) lb      t3, -12(a6)
core   0: 3 0x80004d56 (0xff480e03) x28 0x0000005e mem 0x800104a5
core   0: 0x80004d5a (0x03f90483) lb      s1, 63(s2)
core   0: 3 0x80004d5a (0x03f90483) x 9 0xffffffcd mem 0x80017a16
core   0: 0x80004d5e (0x00494d83) lbu     s11, 4(s2)
core   0: 3 0x80004d5e (0x00494d83) x27 0x00000090 mem 0x800179db
core   0: 0x80004d62 (0x00d80a03) lb      s4, 13(a6)
core   0: 3 0x80004d62 (0x00d80a03) x20 0x00000075 mem 0x800104be
core   0: 0x80004d66 (0x000827a3) sw      zero, 15(a6)
core   0: 3 0x80004d66 (0x000827a3) mem 0x800104c0 0x00000000
core   0: 0x80004d6a (0xfe190e03) lb      t3, -31(s2)
core   0: 3 0x80004d6a (0xfe190e03) x28 0x00000073 mem 0x800179b8
core   0: 0x80004d6e (0x00980423) sb      s1, 8(a6)
core   0: 3 0x80004d6e (0x00980423) mem 0x800104b9 0xcd
core   0: 0x80004d72 (0xfce94e03) lbu     t3, -50(s2)
core   0: 3 0x80004d72 (0xfce94e03) x28 0x0000005e mem 0x800179a5
core   0: 0x80004d76 (0x0180076f) jal     a4, pc + 0x18
core   0: 3 0x80004d76 (0x0180076f) x14 0x80004d7a
core   0: 0x80004d8e (0x0000a019) c.j     pc + 6
core   0: 3 0x80004d8e (0xa019)
core   0: 0x80004d94 (0x000037dd) c.jal   pc - 26
core   0: 3 0x80004d94 (0x37dd) x 1 0x80004d96
core   0: 0x80004d7a (0x0080036f) jal     t1, pc + 0x8
core   0: 3 0x80004d7a (0x0080036f) x 6 0x80004d7e
core   0: 0x80004d82 (0x0000a019) c.j     pc + 6
core   0: 3 0x80004d82 (0xa019)
core   0: 0x80004d88 (0x00003ff5) c.jal   pc - 4
core   0: 3 0x80004d88 (0x3ff5) x 1 0x80004d8a
core   0: 0x80004d84 (0x00002019) c.jal   pc + 6
core   0: 3 0x80004d84 (0x2019) x 1 0x80004d86
core   0: 0x80004d8a (0xff5ff0ef) jal     pc - 0xc
core   0: 3 0x80004d8a (0xff5ff0ef) x 1 0x80004d8e
core   0: 0x80004d7e (0x0220036f) jal     t1, pc + 0x22
core   0: 3 0x80004d7e (0x0220036f) x 6 0x80004d82
core   0: 0x80004da0 (0x00003fdd) c.jal   pc - 10
core   0: 3 0x80004da0 (0x3fdd) x 1 0x80004da2
core   0: 0x80004d96 (0x00002009) c.jal   pc + 2
core   0: 3 0x80004d96 (0x2009) x 1 0x80004d98
core   0: 0x80004d98 (0x0000b7fd) c.j     pc - 18
core   0: 3 0x80004d98 (0xb7fd)
core   0: 0x80004d86 (0x0000a819) c.j     pc + 22
core   0: 3 0x80004d86 (0xa819)
core   0: 0x80004d9c (0xfffff0ef) jal     pc - 0x2
core   0: 3 0x80004d9c (0xfffff0ef) x 1 0x80004da0
core   0: 0x80004d9a (0x00003fdd) c.jal   pc - 10
core   0: 3 0x80004d9a (0x3fdd) x 1 0x80004d9c
core   0: 0x80004d90 (0x012005ef) jal     a1, pc + 0x12
core   0: 3 0x80004d90 (0x012005ef) x11 0x80004d94
core   0: 0x80004da2 (0x0000a009) c.j     pc + 2
core   0: 3 0x80004da2 (0xa009)
core   0: 0x80004da4 (0x0161cf33) xor     t5, gp, s6
core   0: 3 0x80004da4 (0x0161cf33) x30 0x00006464
core   0: 0x80004da8 (0x0000d117) auipc   sp, 0xd
core   0: 3 0x80004da8 (0x0000d117) x 2 0x80011da8
core   0: 0x80004dac (0x32f10113) addi    sp, sp, 815
core   0: 3 0x80004dac (0x32f10113) x 2 0x800120d7
core   0: 0x80004db0 (0xfd614e83) lbu     t4, -42(sp)
core   0: 3 0x80004db0 (0xfd614e83) x29 0x00000066 mem 0x800120ad
core   0: 0x80004db4 (0xfcc10b23) sb      a2, -42(sp)
core   0: 3 0x80004db4 (0xfcc10b23) mem 0x800120ad 0x5c
core   0: 0x80004db8 (0xfd610883) lb      a7, -42(sp)
core   0: 3 0x80004db8 (0xfd610883) x17 0x0000005c mem 0x800120ad
core   0: 0x80004dbc (0xfdc10b23) sb      t3, -42(sp)
core   0: 3 0x80004dbc (0xfdc10b23) mem 0x800120ad 0x5e
core   0: 0x80004dc0 (0xfd610f83) lb      t6, -42(sp)
core   0: 3 0x80004dc0 (0xfd610f83) x31 0x0000005e mem 0x800120ad
core   0: 0x80004dc4 (0xfd310b23) sb      s3, -42(sp)
core   0: 3 0x80004dc4 (0xfd310b23) mem 0x800120ad 0xaa
core   0: 0x80004dc8 (0xfc510b23) sb      t0, -42(sp)
core   0: 3 0x80004dc8 (0xfc510b23) mem 0x800120ad 0x1
core   0: 0x80004dcc (0xfd614603) lbu     a2, -42(sp)
core   0: 3 0x80004dcc (0xfd614603) x12 0x00000001 mem 0x800120ad
core   0: 0x80004dd0 (0xfd610e03) lb      t3, -42(sp)
core   0: 3 0x80004dd0 (0xfd610e03) x28 0x00000001 mem 0x800120ad
core   0: 0x80004dd4 (0xfd610983) lb      s3, -42(sp)
core   0: 3 0x80004dd4 (0xfd610983) x19 0x00000001 mem 0x800120ad
core   0: 0x80004dd8 (0x01910f83) lb      t6, 25(sp)
core   0: 3 0x80004dd8 (0x01910f83) x31 0xffffffab mem 0x800120f0
core   0: 0x80004ddc (0x01a10ca3) sb      s10, 25(sp)
core   0: 3 0x80004ddc (0x01a10ca3) mem 0x800120f0 0x4a
core   0: 0x80004de0 (0x0ff0000f) fence   iorw,iorw
core   0: 3 0x80004de0 (0x0ff0000f)
core   0: 0x80004de4 (0x00c10ca3) sb      a2, 25(sp)
core   0: 3 0x80004de4 (0x00c10ca3) mem 0x800120f0 0x1
core   0: 0x80004de8 (0x01910a03) lb      s4, 25(sp)
core   0: 3 0x80004de8 (0x01910a03) x20 0x00000001 mem 0x800120f0
core   0: 0x80004dec (0x00412ca3) sw      tp, 25(sp)
core   0: 3 0x80004dec (0x00412ca3) mem 0x800120f0 0x80000000
core   0: 0x80004df0 (0x01915703) lhu     a4, 25(sp)
core   0: 3 0x80004df0 (0x01915703) x14 0x00000000 mem 0x800120f0
core   0: 0x80004df4 (0x01914003) lbu     zero, 25(sp)
core   0: 3 0x80004df4 (0x01914003) mem 0x800120f0
core   0: 0x80004df8 (0x00d12ca3) sw      a3, 25(sp)
core   0: 3 0x80004df8 (0x00d12ca3) mem 0x800120f0 0x000000e8
core   0: 0x80004dfc (0xff214883) lbu     a7, -14(sp)
core   0: 3 0x80004dfc (0xff214883) x17 0x00000082 mem 0x800120c9
core   0: 0x80004e00 (0xfea10923) sb      a0, -14(sp)
core   0: 3 0x80004e00 (0xfea10923) mem 0x800120c9 0x0
core   0: 0x80004e04 (0x0000ea17) auipc   s4, 0xe
core   0: 3 0x80004e04 (0x0000ea17) x20 0x80012e04
core   0: 0x80004e08 (0xc2ea0a13) addi    s4, s4, -978
core   0: 3 0x80004e08 (0xc2ea0a13) x20 0x80012a32
core   0: 0x80004e0c (0xa04a4803) lbu     a6, -1532(s4)
core   0: 3 0x80004e0c (0xa04a4803) x16 0x000000ed mem 0x80012436
core   0: 0x80004e10 (0xa04a1983) lh      s3, -1532(s4)
core   0: 3 0x80004e10 (0xa04a1983) x19 0xffffeced mem 0x80012436
core   0: 0x80004e14 (0xa04a5e83) lhu     t4, -1532(s4)
core   0: 3 0x80004e14 (0xa04a5e83) x29 0x0000eced mem 0x80012436
core   0: 0x80004e18 (0xa05a0223) sb      t0, -1532(s4)
core   0: 3 0x80004e18 (0xa05a0223) mem 0x80012436 0x1
core   0: 0x80004e1c (0xa04a0d03) lb      s10, -1532(s4)
core   0: 3 0x80004e1c (0xa04a0d03) x26 0x00000001 mem 0x80012436
core   0: 0x80004e20 (0x0000610d) c.addi16sp sp, 160
core   0: 3 0x80004e20 (0x610d) x 2 0x80012177
core   0: 0x80004e22 (0x7eea0c23) sb      a4, 2040(s4)
core   0: 3 0x80004e22 (0x7eea0c23) mem 0x8001322a 0x0
core   0: 0x80004e26 (0x7f8a1983) lh      s3, 2040(s4)
core   0: 3 0x80004e26 (0x7f8a1983) x19 0xffffe000 mem 0x8001322a
core   0: 0x80004e2a (0xfd3a1923) sh      s3, -46(s4)
core   0: 3 0x80004e2a (0xfd3a1923) mem 0x80012a04 0xe000
core   0: 0x80004e2e (0x00009bfd) c.andi  a5, -1
core   0: 3 0x80004e2e (0x9bfd) x15 0x8d180000
core   0: 0x80004e30 (0x137a4703) lbu     a4, 311(s4)
core   0: 3 0x80004e30 (0x137a4703) x14 0x00000022 mem 0x80012b69
core   0: 0x80004e34 (0x137a4103) lbu     sp, 311(s4)
core   0: 3 0x80004e34 (0x137a4103) x 2 0x00000022 mem 0x80012b69
core   0: 0x80004e38 (0x0000c117) auipc   sp, 0xc
core   0: 3 0x80004e38 (0x0000c117) x 2 0x80010e38
core   0: 0x80004e3c (0xe5c10113) addi    sp, sp, -420
core   0: 3 0x80004e3c (0xe5c10113) x 2 0x80010c94
core   0: 0x80004e40 (0x002101a3) sb      sp, 3(sp)
core   0: 3 0x80004e40 (0x002101a3) mem 0x80010c97 0x94
core   0: 0x80004e44 (0x00510983) lb      s3, 5(sp)
core   0: 3 0x80004e44 (0x00510983) x19 0x00000052 mem 0x80010c99
core   0: 0x80004e48 (0xff011923) sh      a6, -14(sp)
core   0: 3 0x80004e48 (0xff011923) mem 0x80010c86 0x00ed
core   0: 0x80004e4c (0x4e0390b7) lui     ra, 0x4e039
core   0: 3 0x80004e4c (0x4e0390b7) x 1 0x4e039000
core   0: 0x80004e50 (0x001634b3) sltu    s1, a2, ra
core   0: 3 0x80004e50 (0x001634b3) x 9 0x00000001
core   0: 0x80004e54 (0x01c103a3) sb      t3, 7(sp)
core   0: 3 0x80004e54 (0x01c103a3) mem 0x80010c9b 0x1
core   0: 0x80004e58 (0x0000100f) fence.i
core   0: 3 0x80004e58 (0x0000100f)
core   0: 0x80004e5c (0x017c5f93) srli    t6, s8, 23
core   0: 3 0x80004e5c (0x017c5f93) x31 0x00000100
core   0: 0x80004e60 (0x00211b83) lh      s7, 2(sp)
core   0: 3 0x80004e60 (0x00211b83) x23 0xffff944d mem 0x80010c96
core   0: 0x80004e64 (0x00ef1533) sll     a0, t5, a4
core   0: 3 0x80004e64 (0x00ef1533) x10 0x00019190
core   0: 0x80004e68 (0x00008f91) c.sub   a5, a2
core   0: 3 0x80004e68 (0x8f91) x15 0x8d17ffff
core   0: 0x80004e6a (0x035b48b3) div     a7, s6, s5
core   0: 3 0x80004e6a (0x035b48b3) x17 0x00000000
core   0: 0x80004e6e (0x0ff0000f) fence   iorw,iorw
core   0: 3 0x80004e6e (0x0ff0000f)
core   0: 0x80004e72 (0x5efe2537) lui     a0, 0x5efe2
core   0: 3 0x80004e72 (0x5efe2537) x10 0x5efe2000
core   0: 0x80004e76 (0x40738833) sub     a6, t2, t2
core   0: 3 0x80004e76 (0x40738833) x16 0x00000000
core   0: 0x80004e7a (0x002104a3) sb      sp, 9(sp)
core   0: 3 0x80004e7a (0x002104a3) mem 0x80010c9d 0x94
core   0: 0x80004e7e (0x00008dfd) c.and   a1, a5
core   0: 3 0x80004e7e (0x8dfd) x11 0x80004d94
core   0: 0x80004e80 (0x428da193) slti    gp, s11, 1064
core   0: 3 0x80004e80 (0x428da193) x 3 0x00000001
core   0: 0x80004e84 (0x021d8b33) mul     s6, s11, ra
core   0: 3 0x80004e84 (0x021d8b33) x22 0xe2010000
core   0: 0x80004e88 (0x02281a33) mulh    s4, a6, sp
core   0: 3 0x80004e88 (0x02281a33) x20 0x00000000
core   0: 0x80004e8c (0x0065c0b3) xor     ra, a1, t1
core   0: 3 0x80004e8c (0x0065c0b3) x 1 0x00000016
core   0: 0x80004e90 (0x00e10123) sb      a4, 2(sp)
core   0: 3 0x80004e90 (0x00e10123) mem 0x80010c96 0x22
core   0: 0x80004e94 (0x00714283) lbu     t0, 7(sp)
core   0: 3 0x80004e94 (0x00714283) x 5 0x00000001 mem 0x80010c9b
core   0: 0x80004e98 (0x00000001) c.nop
core   0: 3 0x80004e98 (0x0001)
core   0: 0x80004e9a (0x410f5db3) sra     s11, t5, a6
core   0: 3 0x80004e9a (0x410f5db3) x27 0x00006464
core   0: 0x80004e9e (0xb1ae3037) lui     zero, 0xb1ae3
core   0: 3 0x80004e9e (0xb1ae3037)
core   0: 0x80004ea2 (0x00f14083) lbu     ra, 15(sp)
core   0: 3 0x80004ea2 (0x00f14083) x 1 0x00000058 mem 0x80010ca3
core   0: 0x80004ea6 (0x00611483) lh      s1, 6(sp)
core   0: 3 0x80004ea6 (0x00611483) x 9 0x00000162 mem 0x80010c9a
core   0: 0x80004eaa (0x00a10e83) lb      t4, 10(sp)
core   0: 3 0x80004eaa (0x00a10e83) x29 0x00000055 mem 0x80010c9e
core   0: 0x80004eae (0x00000001) c.nop
core   0: 3 0x80004eae (0x0001)
core   0: 0x80004eb0 (0x00910d03) lb      s10, 9(sp)
core   0: 3 0x80004eb0 (0x00910d03) x26 0xffffff94 mem 0x80010c9d
core   0: 0x80004eb4 (0x01759fb3) sll     t6, a1, s7
core   0: 3 0x80004eb4 (0x01759fb3) x31 0x09b28000
core   0: 0x80004eb8 (0x01c03c33) snez    s8, t3
core   0: 3 0x80004eb8 (0x01c03c33) x24 0x00000001
core   0: 0x80004ebc (0xffd14303) lbu     t1, -3(sp)
core   0: 3 0x80004ebc (0xffd14303) x 6 0x0000004a mem 0x80010c91
core   0: 0x80004ec0 (0x02b091b3) mulh    gp, ra, a1
core   0: 3 0x80004ec0 (0x02b091b3) x 3 0xffffffd4
core   0: 0x80004ec4 (0xffa14883) lbu     a7, -6(sp)
core   0: 3 0x80004ec4 (0xffa14883) x17 0x00000045 mem 0x80010c8e
core   0: 0x80004ec8 (0x00016117) auipc   sp, 0x16
core   0: 3 0x80004ec8 (0x00016117) x 2 0x8001aec8
core   0: 0x80004ecc (0x68f10113) addi    sp, sp, 1679
core   0: 3 0x80004ecc (0x68f10113) x 2 0x8001b557
core   0: 0x80004ed0 (0x00d14383) lbu     t2, 13(sp)
core   0: 3 0x80004ed0 (0x00d14383) x 7 0x0000001f mem 0x8001b564
core   0: 0x80004ed4 (0x00004331) c.li    t1, 12
core   0: 3 0x80004ed4 (0x4331) x 6 0x0000000c
core   0: 0x80004ed6 (0xffe14b83) lbu     s7, -2(sp)
core   0: 3 0x80004ed6 (0xffe14b83) x23 0x0000000e mem 0x8001b555
core   0: 0x80004eda (0x00008be5) c.andi  a5, 25
core   0: 3 0x80004eda (0x8be5) x15 0x00000019
core   0: 0x80004edc (0xde72f093) andi    ra, t0, -537
core   0: 3 0x80004edc (0xde72f093) x 1 0x00000001
core   0: 0x80004ee0 (0x01010e03) lb      t3, 16(sp)
core   0: 3 0x80004ee0 (0x01010e03) x28 0x0000001c mem 0x8001b567
core   0: 0x80004ee4 (0xffb15283) lhu     t0, -5(sp)
core   0: 3 0x80004ee4 (0xffb15283) x 5 0x00000809 mem 0x8001b552
core   0: 0x80004ee8 (0x00008d39) c.xor   a0, a4
core   0: 3 0x80004ee8 (0x8d39) x10 0x5efe2022
core   0: 0x80004eea (0x01410023) sb      s4, 0(sp)
core   0: 3 0x80004eea (0x01410023) mem 0x8001b557 0x0
core   0: 0x80004eee (0x02f589b3) mul     s3, a1, a5
core   0: 3 0x80004eee (0x02f589b3) x19 0x80079374
core   0: 0x80004ef2 (0xfe410e23) sb      tp, -4(sp)
core   0: 3 0x80004ef2 (0xfe410e23) mem 0x8001b553 0x0
core   0: 0x80004ef6 (0x72e9b697) auipc   a3, 0x72e9b
core   0: 3 0x80004ef6 (0x72e9b697) x13 0xf2e9fef6
core   0: 0x80004efa (0x001d5b33) srl     s6, s10, ra
core   0: 3 0x80004efa (0x001d5b33) x22 0x7fffffca
core   0: 0x80004efe (0x01d785b3) add     a1, a5, t4
core   0: 3 0x80004efe (0x01d785b3) x11 0x0000006e
core   0: 0x80004f02 (0x00711b83) lh      s7, 7(sp)
core   0: 3 0x80004f02 (0x00711b83) x23 0x00001415 mem 0x8001b55e
core   0: 0x80004f06 (0xff311303) lh      t1, -13(sp)
core   0: 3 0x80004f06 (0xff311303) x 6 0x00000001 mem 0x8001b54a
core   0: 0x80004f0a (0x00511703) lh      a4, 5(sp)
core   0: 3 0x80004f0a (0x00511703) x14 0x00001617 mem 0x8001b55c
core   0: 0x80004f0e (0x0ff0000f) fence   iorw,iorw
core   0: 3 0x80004f0e (0x0ff0000f)
core   0: 0x80004f12 (0x00b10503) lb      a0, 11(sp)
core   0: 3 0x80004f12 (0x00b10503) x10 0x00000019 mem 0x8001b562
core   0: 0x80004f16 (0xff210f83) lb      t6, -14(sp)
core   0: 3 0x80004f16 (0xff210f83) x31 0x00000002 mem 0x8001b549
core   0: 0x80004f1a (0x8dc06713) ori     a4, zero, -1828
core   0: 3 0x80004f1a (0x8dc06713) x14 0xfffff8dc
core   0: 0x80004f1e (0x02141c33) mulh    s8, s0, ra
core   0: 3 0x80004f1e (0x02141c33) x24 0x00000000
core   0: 0x80004f22 (0x00000001) c.nop
core   0: 3 0x80004f22 (0x0001)
core   0: 0x80004f24 (0x00f14583) lbu     a1, 15(sp)
core   0: 3 0x80004f24 (0x00f14583) x11 0x0000001d mem 0x8001b566
core   0: 0x80004f28 (0x00a111a3) sh      a0, 3(sp)
core   0: 3 0x80004f28 (0x00a111a3) mem 0x8001b55a 0x0019
core   0: 0x80004f2c (0xfd9e7a13) andi    s4, t3, -39
core   0: 3 0x80004f2c (0xfd9e7a13) x20 0x00000018
core   0: 0x80004f30 (0x0179fa33) and     s4, s3, s7
core   0: 3 0x80004f30 (0x0179fa33) x20 0x00001014
core   0: 0x80004f34 (0x02bd31b3) mulhu   gp, s10, a1
core   0: 3 0x80004f34 (0x02bd31b3) x 3 0x0000001c
core   0: 0x80004f38 (0x00000356) c.slli  t1, 21
core   0: 3 0x80004f38 (0x0356) x 6 0x00200000
core   0: 0x80004f3a (0xc8e84713) xori    a4, a6, -882
core   0: 3 0x80004f3a (0xc8e84713) x14 0xfffffc8e
core   0: 0x80004f3e (0x41f351b3) sra     gp, t1, t6
core   0: 3 0x80004f3e (0x41f351b3) x 3 0x00080000
core   0: 0x80004f42 (0xa78f2a13) slti    s4, t5, -1416
core   0: 3 0x80004f42 (0xa78f2a13) x20 0x00000000
core   0: 0x80004f46 (0x0000100f) fence.i
core   0: 3 0x80004f46 (0x0000100f)
core   0: 0x80004f4a (0x00814283) lbu     t0, 8(sp)
core   0: 3 0x80004f4a (0x00814283) x 5 0x00000014 mem 0x8001b55f
core   0: 0x80004f4e (0x0000ce17) auipc   t3, 0xc
core   0: 3 0x80004f4e (0x0000ce17) x28 0x80010f4e
core   0: 0x80004f52 (0x8bfe0e13) addi    t3, t3, -1857
core   0: 3 0x80004f52 (0x8bfe0e13) x28 0x8001080d
core   0: 0x80004f56 (0x005e7fb3) and     t6, t3, t0
core   0: 3 0x80004f56 (0x005e7fb3) x31 0x00000004
core   0: 0x80004f5a (0xf90e4f83) lbu     t6, -112(t3)
core   0: 3 0x80004f5a (0xf90e4f83) x31 0x00000056 mem 0x8001079d
core   0: 0x80004f5e (0x0106d813) srli    a6, a3, 16
core   0: 3 0x80004f5e (0x0106d813) x16 0x0000f2e9
core   0: 0x80004f62 (0xb11e23a3) sw      a7, -1273(t3)
core   0: 3 0x80004f62 (0xb11e23a3) mem 0x80010314 0x00000045
core   0: 0x80004f66 (0x0000597d) c.li    s2, -1
core   0: 3 0x80004f66 (0x597d) x18 0xffffffff
core   0: 0x80004f68 (0x0416d537) lui     a0, 0x416d
core   0: 3 0x80004f68 (0x0416d537) x10 0x0416d000
core   0: 0x80004f6c (0xe9ae0523) sb      s10, -374(t3)
core   0: 3 0x80004f6c (0xe9ae0523) mem 0x80010697 0x94
core   0: 0x80004f70 (0xc2de5a03) lhu     s4, -979(t3)
core   0: 3 0x80004f70 (0xc2de5a03) x20 0x0000f0f1 mem 0x8001043a
core   0: 0x80004f74 (0x670e0b83) lb      s7, 1648(t3)
core   0: 3 0x80004f74 (0x670e0b83) x23 0x00000036 mem 0x80010e7d
core   0: 0x80004f78 (0xa5ae0803) lb      a6, -1446(t3)
core   0: 3 0x80004f78 (0xa5ae0803) x16 0x0000001c mem 0x80010267
core   0: 0x80004f7c (0xe83e04a3) sb      gp, -375(t3)
core   0: 3 0x80004f7c (0xe83e04a3) mem 0x80010696 0x0
core   0: 0x80004f80 (0x656e4d03) lbu     s10, 1622(t3)
core   0: 3 0x80004f80 (0x656e4d03) x26 0x00000018 mem 0x80010e63
core   0: 0x80004f84 (0x855e0e83) lb      t4, -1963(t3)
core   0: 3 0x80004f84 (0x855e0e83) x29 0x00000019 mem 0x80010062
core   0: 0x80004f88 (0x03339833) mulh    a6, t2, s3
core   0: 3 0x80004f88 (0x03339833) x16 0xfffffff0
core   0: 0x80004f8c (0x00008c75) c.and   s0, a3
core   0: 3 0x80004f8c (0x8c75) x 8 0x00000000
core   0: 0x80004f8e (0xbdbe4483) lbu     s1, -1061(t3)
core   0: 3 0x80004f8e (0xbdbe4483) x 9 0x000000a3 mem 0x800103e8
core   0: 0x80004f92 (0xd86e0da3) sb      t1, -613(t3)
core   0: 3 0x80004f92 (0xd86e0da3) mem 0x800105a8 0x0
core   0: 0x80004f96 (0xb6556d13) ori     s10, a0, -1179
core   0: 3 0x80004f96 (0xb6556d13) x26 0xfffffb65
core   0: 0x80004f9a (0xe21e0603) lb      a2, -479(t3)
core   0: 3 0x80004f9a (0xe21e0603) x12 0xffffffe5 mem 0x8001062e
core   0: 0x80004f9e (0xb54e4a03) lbu     s4, -1196(t3)
core   0: 3 0x80004f9e (0xb54e4a03) x20 0x0000001a mem 0x80010361
core   0: 0x80004fa2 (0xe05e0b23) sb      t0, -490(t3)
core   0: 3 0x80004fa2 (0xe05e0b23) mem 0x80010623 0x14
core   0: 0x80004fa6 (0x033b5eb3) divu    t4, s6, s3
core   0: 3 0x80004fa6 (0x033b5eb3) x29 0x00000000
core   0: 0x80004faa (0x03759a33) mulh    s4, a1, s7
core   0: 3 0x80004faa (0x03759a33) x20 0x00000000
core   0: 0x80004fae (0x00008d41) c.or    a0, s0
core   0: 3 0x80004fae (0x8d41) x10 0x0416d000
core   0: 0x80004fb0 (0x746e4e83) lbu     t4, 1862(t3)
core   0: 3 0x80004fb0 (0x746e4e83) x29 0x00000008 mem 0x80010f53
core   0: 0x80004fb4 (0x022c60b3) rem     ra, s8, sp
core   0: 3 0x80004fb4 (0x022c60b3) x 1 0x00000000
core   0: 0x80004fb8 (0x19fe0723) sb      t6, 398(t3)
core   0: 3 0x80004fb8 (0x19fe0723) mem 0x8001099b 0x56
core   0: 0x80004fbc (0x8fe4b993) sltiu   s3, s1, -1794
core   0: 3 0x80004fbc (0x8fe4b993) x19 0x00000001
core   0: 0x80004fc0 (0xc45e0323) sb      t0, -954(t3)
core   0: 3 0x80004fc0 (0xc45e0323) mem 0x80010453 0x14
core   0: 0x80004fc4 (0x93b1f297) auipc   t0, 0x93b1f
core   0: 3 0x80004fc4 (0x93b1f297) x 5 0x13b23fc4
core   0: 0x80004fc8 (0x002f9613) slli    a2, t6, 2
core   0: 3 0x80004fc8 (0x002f9613) x12 0x00000158
core   0: 0x80004fcc (0x00c25fb3) srl     t6, tp, a2
core   0: 3 0x80004fcc (0x00c25fb3) x31 0x00000080
core   0: 0x80004fd0 (0x15ce0783) lb      a5, 348(t3)
core   0: 3 0x80004fd0 (0x15ce0783) x15 0x00000022 mem 0x80010969
core   0: 0x80004fd4 (0x01fe1fa3) sh      t6, 31(t3)
core   0: 3 0x80004fd4 (0x01fe1fa3) mem 0x8001082c 0x0080
core   0: 0x80004fd8 (0x4aae0003) lb      zero, 1194(t3)
core   0: 3 0x80004fd8 (0x4aae0003) mem 0x80010cb7
core   0: 0x80004fdc (0x011e4f03) lbu     t5, 17(t3)
core   0: 3 0x80004fdc (0x011e4f03) x30 0x000000d5 mem 0x8001081e
core   0: 0x80004fe0 (0x0000cd97) auipc   s11, 0xc
core   0: 3 0x80004fe0 (0x0000cd97) x27 0x80010fe0
core   0: 0x80004fe4 (0x9fcd8d93) addi    s11, s11, -1540
core   0: 3 0x80004fe4 (0x9fcd8d93) x27 0x800109dc
core   0: 0x80004fe8 (0x5f3d8303) lb      t1, 1523(s11)
core   0: 3 0x80004fe8 (0x5f3d8303) x 6 0xffffff80 mem 0x80010fcf
core   0: 0x80004fec (0xa1bdc483) lbu     s1, -1509(s11)
core   0: 3 0x80004fec (0xa1bdc483) x 9 0x000000ac mem 0x800103f7
core   0: 0x80004ff0 (0x02c30a33) mul     s4, t1, a2
core   0: 3 0x80004ff0 (0x02c30a33) x20 0xffff5400
core   0: 0x80004ff4 (0x9b8d8903) lb      s2, -1608(s11)
core   0: 3 0x80004ff4 (0x9b8d8903) x18 0x0000004f mem 0x80010394
core   0: 0x80004ff8 (0x00f92a33) slt     s4, s2, a5
core   0: 3 0x80004ff8 (0x00f92a33) x20 0x00000000
core   0: 0x80004ffc (0x01266633) or      a2, a2, s2
core   0: 3 0x80004ffc (0x01266633) x12 0x0000015f
core   0: 0x80005000 (0x0000834a) c.mv    t1, s2
core   0: 3 0x80005000 (0x834a) x 6 0x0000004f
core   0: 0x80005002 (0xc05d8603) lb      a2, -1019(s11)
core   0: 3 0x80005002 (0xc05d8603) x12 0xffffff9a mem 0x800105e1
core   0: 0x80005006 (0x00009a4a) c.add   s4, s2
core   0: 3 0x80005006 (0x9a4a) x20 0x0000004f
core   0: 0x80005008 (0x9ccd8223) sb      a2, -1596(s11)
core   0: 3 0x80005008 (0x9ccd8223) mem 0x800103a0 0x9a
core   0: 0x8000500c (0x69b62793) slti    a5, a2, 1691
core   0: 3 0x8000500c (0x69b62793) x15 0x00000001
core   0: 0x80005010 (0x00008ffd) c.and   a5, a5
core   0: 3 0x80005010 (0x8ffd) x15 0x00000001
core   0: 0x80005012 (0x000084d2) c.mv    s1, s4
core   0: 3 0x80005012 (0x84d2) x 9 0x0000004f
core   0: 0x80005014 (0x02fa7a33) remu    s4, s4, a5
core   0: 3 0x80005014 (0x02fa7a33) x20 0x00000000
core   0: 0x80005018 (0x00008655) c.srai  a2, 21
core   0: 3 0x80005018 (0x8655) x12 0xffffffff
core   0: 0x8000501a (0x00890493) addi    s1, s2, 8
core   0: 3 0x8000501a (0x00890493) x 9 0x00000057
core   0: 0x8000501e (0x0294e4b3) rem     s1, s1, s1
core   0: 3 0x8000501e (0x0294e4b3) x 9 0x00000000
core   0: 0x80005022 (0x052d8ba3) sb      s2, 87(s11)
core   0: 3 0x80005022 (0x052d8ba3) mem 0x80010a33 0x4f
core   0: 0x80005026 (0xa5e93493) sltiu   s1, s2, -1442
core   0: 3 0x80005026 (0xa5e93493) x 9 0x00000001
core   0: 0x8000502a (0x029a67b3) rem     a5, s4, s1
core   0: 3 0x8000502a (0x029a67b3) x15 0x00000000
core   0: 0x8000502e (0x00008e7d) c.and   a2, a5
core   0: 3 0x8000502e (0x8e7d) x12 0x00000000
core   0: 0x80005030 (0x0000100f) fence.i
core   0: 3 0x80005030 (0x0000100f)
core   0: 0x80005034 (0x404a5a13) srai    s4, s4, 4
core   0: 3 0x80005034 (0x404a5a13) x20 0x00000000
core   0: 0x80005038 (0x00008e25) c.xor   a2, s1
core   0: 3 0x80005038 (0x8e25) x12 0x00000001
core   0: 0x8000503a (0x00000001) c.nop
core   0: 3 0x8000503a (0x0001)
core   0: 0x8000503c (0xd37d8303) lb      t1, -713(s11)
core   0: 3 0x8000503c (0xd37d8303) x 6 0xffffffc8 mem 0x80010713
core   0: 0x80005040 (0xaafdaa23) sw      a5, -1356(s11)
core   0: 3 0x80005040 (0xaafdaa23) mem 0x80010490 0x00000000
core   0: 0x80005044 (0x6d3a7917) auipc   s2, 0x6d3a7
core   0: 3 0x80005044 (0x6d3a7917) x18 0xed3ac044
core   0: 0x80005048 (0x412a0633) sub     a2, s4, s2
core   0: 3 0x80005048 (0x412a0633) x12 0x12c53fbc
core   0: 0x8000504c (0x00008e7d) c.and   a2, a5
core   0: 3 0x8000504c (0x8e7d) x12 0x00000000
core   0: 0x8000504e (0x452d9623) sh      s2, 1100(s11)
core   0: 3 0x8000504e (0x452d9623) mem 0x80010e28 0xc044
core   0: 0x80005052 (0x30cd8ca3) sb      a2, 793(s11)
core   0: 3 0x80005052 (0x30cd8ca3) mem 0x80010cf5 0x0
core   0: 0x80005056 (0x00008e71) c.and   a2, a2
core   0: 3 0x80005056 (0x8e71) x12 0x00000000
core   0: 0x80005058 (0x03279933) mulh    s2, a5, s2
core   0: 3 0x80005058 (0x03279933) x18 0x00000000
core   0: 0x8000505c (0x506dc903) lbu     s2, 1286(s11)
core   0: 3 0x8000505c (0x506dc903) x18 0x00000099 mem 0x80010ee2
core   0: 0x80005060 (0xdb2dc603) lbu     a2, -590(s11)
core   0: 3 0x80005060 (0xdb2dc603) x12 0x00000045 mem 0x8001078e
core   0: 0x80005064 (0x419dc783) lbu     a5, 1049(s11)
core   0: 3 0x80005064 (0x419dc783) x15 0x000000ae mem 0x80010df5
core   0: 0x80005068 (0x00900413) li      s0, 9
core   0: 3 0x80005068 (0x00900413) x 8 0x00000009
core   0: 0x8000506c (0x412e8833) sub     a6, t4, s2
core   0: 3 0x8000506c (0x412e8833) x16 0xffffff6f
core   0: 0x80005070 (0x0000029e) c.slli  t0, 7
core   0: 3 0x80005070 (0x029e) x 5 0xd91fe200
core   0: 0x80005072 (0x00400193) li      gp, 4
core   0: 3 0x80005072 (0x00400193) x 3 0x00000004
core   0: 0x80005076 (0x00009afd) c.andi  a3, -1
core   0: 3 0x80005076 (0x9afd) x13 0xf2e9fef6
core   0: 0x80005078 (0x02e21133) mulh    sp, tp, a4
core   0: 3 0x80005078 (0x02e21133) x 2 0x000001b9
core   0: 0x8000507c (0x01c72e33) slt     t3, a4, t3
core   0: 3 0x8000507c (0x01c72e33) x28 0x00000000
core   0: 0x80005080 (0x000082d6) c.mv    t0, s5
core   0: 3 0x80005080 (0x82d6) x 5 0x80029ce4
core   0: 0x80005082 (0x00001475) c.addi  s0, -3
core   0: 3 0x80005082 (0x1475) x 8 0x00000006
core   0: 0x80005084 (0x000009ba) c.slli  s3, 14
core   0: 3 0x80005084 (0x09ba) x19 0x00004000
core   0: 0x80005086 (0x41885993) srai    s3, a6, 24
core   0: 3 0x80005086 (0x41885993) x19 0xffffffff
core   0: 0x8000508a (0x000098fd) c.andi  s1, -1
core   0: 3 0x8000508a (0x98fd) x 9 0x00000001
core   0: 0x8000508c (0x02f144b3) div     s1, sp, a5
core   0: 3 0x8000508c (0x02f144b3) x 9 0x00000002
core   0: 0x80005090 (0xfe3478e3) bgeu    s0, gp, pc - 16
core   0: 3 0x80005090 (0xfe3478e3)
core   0: 0x80005080 (0x000082d6) c.mv    t0, s5
core   0: 3 0x80005080 (0x82d6) x 5 0x80029ce4
core   0: 0x80005082 (0x00001475) c.addi  s0, -3
core   0: 3 0x80005082 (0x1475) x 8 0x00000003
core   0: 0x80005084 (0x000009ba) c.slli  s3, 14
core   0: 3 0x80005084 (0x09ba) x19 0xffffc000
core   0: 0x80005086 (0x41885993) srai    s3, a6, 24
core   0: 3 0x80005086 (0x41885993) x19 0xffffffff
core   0: 0x8000508a (0x000098fd) c.andi  s1, -1
core   0: 3 0x8000508a (0x98fd) x 9 0x00000002
core   0: 0x8000508c (0x02f144b3) div     s1, sp, a5
core   0: 3 0x8000508c (0x02f144b3) x 9 0x00000002
core   0: 0x80005090 (0xfe3478e3) bgeu    s0, gp, pc - 16
core   0: 3 0x80005090 (0xfe3478e3)
core   0: 0x80005094 (0x40e35793) srai    a5, t1, 14
core   0: 3 0x80005094 (0x40e35793) x15 0xffffffff
core   0: 0x80005098 (0x01e0076f) jal     a4, pc + 0x1e
core   0: 3 0x80005098 (0x01e0076f) x14 0x8000509c
core   0: 0x800050b6 (0x0000b7f5) c.j     pc - 20
core   0: 3 0x800050b6 (0xb7f5)
core   0: 0x800050a2 (0x0000a821) c.j     pc + 24
core   0: 3 0x800050a2 (0xa821)
core   0: 0x800050ba (0x0000b7ed) c.j     pc - 22
core   0: 3 0x800050ba (0xb7ed)
core   0: 0x800050a4 (0x01e002ef) jal     t0, pc + 0x1e
core   0: 3 0x800050a4 (0x01e002ef) x 5 0x800050a8
core   0: 0x800050c2 (0x000037ed) c.jal   pc - 22
core   0: 3 0x800050c2 (0x37ed) x 1 0x800050c4
core   0: 0x800050ac (0x00002009) c.jal   pc + 2
core   0: 3 0x800050ac (0x2009) x 1 0x800050ae
core   0: 0x800050ae (0x00002011) c.jal   pc + 4
core   0: 3 0x800050ae (0x2011) x 1 0x800050b0
core   0: 0x800050b2 (0x00002019) c.jal   pc + 6
core   0: 3 0x800050b2 (0x2019) x 1 0x800050b4
core   0: 0x800050b8 (0x00002021) c.jal   pc + 8
core   0: 3 0x800050b8 (0x2021) x 1 0x800050ba
core   0: 0x800050c0 (0x0000bfd5) c.j     pc - 12
core   0: 3 0x800050c0 (0xbfd5)
core   0: 0x800050b4 (0x00002021) c.jal   pc + 8
core   0: 3 0x800050b4 (0x2021) x 1 0x800050b6
core   0: 0x800050bc (0xfe1ff0ef) jal     pc - 0x20
core   0: 3 0x800050bc (0xfe1ff0ef) x 1 0x800050c0
core   0: 0x8000509c (0x00400eef) jal     t4, pc + 0x4
core   0: 3 0x8000509c (0x00400eef) x29 0x800050a0
core   0: 0x800050a0 (0x0000a801) c.j     pc + 16
core   0: 3 0x800050a0 (0xa801)
core   0: 0x800050b0 (0x00003fe5) c.jal   pc - 8
core   0: 3 0x800050b0 (0x3fe5) x 1 0x800050b2
core   0: 0x800050a8 (0x01c002ef) jal     t0, pc + 0x1c
core   0: 3 0x800050a8 (0x01c002ef) x 5 0x800050ac
core   0: 0x800050c4 (0x00008456) c.mv    s0, s5
core   0: 3 0x800050c4 (0x8456) x 8 0x80029ce4
core   0: 0x800050c6 (0x00a00593) li      a1, 10
core   0: 3 0x800050c6 (0x00a00593) x11 0x0000000a
core   0: 0x800050ca (0x00a00313) li      t1, 10
core   0: 3 0x800050ca (0x00a00313) x 6 0x0000000a
core   0: 0x800050ce (0x03357fb3) remu    t6, a0, s3
core   0: 3 0x800050ce (0x03357fb3) x31 0x0416d000
core   0: 0x800050d2 (0x000015dd) c.addi  a1, -9
core   0: 3 0x800050d2 (0x15dd) x11 0x00000001
core   0: 0x800050d4 (0x0000049d) c.addi  s1, 7
core   0: 3 0x800050d4 (0x049d) x 9 0x00000009
core   0: 0x800050d6 (0xff900913) li      s2, -7
core   0: 3 0x800050d6 (0xff900913) x18 0xfffffff9
core   0: 0x800050da (0xffe00993) li      s3, -2
core   0: 3 0x800050da (0xffe00993) x19 0xfffffffe
core   0: 0x800050de (0x0b6ac813) xori    a6, s5, 182
core   0: 3 0x800050de (0x0b6ac813) x16 0x80029c52
core   0: 0x800050e2 (0x00000925) c.addi  s2, 9
core   0: 3 0x800050e2 (0x0925) x18 0x00000002
core   0: 0x800050e4 (0xff394de3) blt     s2, s3, pc - 6
core   0: 3 0x800050e4 (0xff394de3)
core   0: 0x800050e8 (0xfe65f3e3) bgeu    a1, t1, pc - 26
core   0: 3 0x800050e8 (0xfe65f3e3)
core   0: 0x800050ec (0x00000001) c.nop
core   0: 3 0x800050ec (0x0001)
core   0: 0x800050ee (0x00013897) auipc   a7, 0x13
core   0: 3 0x800050ee (0x00013897) x17 0x800180ee
core   0: 0x800050f2 (0x34688893) addi    a7, a7, 838
core   0: 3 0x800050f2 (0x34688893) x17 0x80018434
core   0: 0x800050f6 (0x0058c503) lbu     a0, 5(a7)
core   0: 3 0x800050f6 (0x0058c503) x10 0x000000f2 mem 0x80018439
core   0: 0x800050fa (0x0000c817) auipc   a6, 0xc
core   0: 3 0x800050fa (0x0000c817) x16 0x800110fa
core   0: 0x800050fe (0xef580813) addi    a6, a6, -267
core   0: 3 0x800050fe (0xef580813) x16 0x80010fef
core   0: 0x80005102 (0x002886a3) sb      sp, 13(a7)
core   0: 3 0x80005102 (0x002886a3) mem 0x80018441 0xb9
core   0: 0x80005106 (0xff788383) lb      t2, -9(a7)
core   0: 3 0x80005106 (0xff788383) x 7 0xffffffe0 mem 0x8001842b
core   0: 0x8000510a (0xff084003) lbu     zero, -16(a6)
core   0: 3 0x8000510a (0xff084003) mem 0x80010fdf
core   0: 0x8000510e (0xffc8d303) lhu     t1, -4(a7)
core   0: 3 0x8000510e (0xffc8d303) x 6 0x0000eaeb mem 0x80018430
core   0: 0x80005112 (0xff884383) lbu     t2, -8(a6)
core   0: 3 0x80005112 (0xff884383) x 7 0x0000009c mem 0x80010fe7
core   0: 0x80005116 (0xffc8a903) lw      s2, -4(a7)
core   0: 3 0x80005116 (0xffc8a903) x18 0xe8e9eaeb mem 0x80018430
core   0: 0x8000511a (0xffa80d23) sb      s10, -6(a6)
core   0: 3 0x8000511a (0xffa80d23) mem 0x80010fe9 0x65
core   0: 0x8000511e (0x0078ca03) lbu     s4, 7(a7)
core   0: 3 0x8000511e (0x0078ca03) x20 0x000000f0 mem 0x8001843b
core   0: 0x80005122 (0xfee80c23) sb      a4, -8(a6)
core   0: 3 0x80005122 (0xfee80c23) mem 0x80010fe7 0x9c
core   0: 0x80005126 (0x00280283) lb      t0, 2(a6)
core   0: 3 0x80005126 (0x00280283) x 5 0xffffffaa mem 0x80010ff1
core   0: 0x8000512a (0x00600613) li      a2, 6
core   0: 3 0x8000512a (0x00600613) x12 0x00000006
core   0: 0x8000512e (0x03226733) rem     a4, tp, s2
core   0: 3 0x8000512e (0x03226733) x14 0xf36e6969
core   0: 0x80005132 (0x0023db13) srli    s6, t2, 2
core   0: 3 0x80005132 (0x0023db13) x22 0x00000027
core   0: 0x80005136 (0x00800c13) li      s8, 8
core   0: 3 0x80005136 (0x00800c13) x24 0x00000008
core   0: 0x8000513a (0x00000001) c.nop
core   0: 3 0x8000513a (0x0001)
core   0: 0x8000513c (0x41df0e33) sub     t3, t5, t4
core   0: 3 0x8000513c (0x41df0e33) x28 0x7fffb035
core   0: 0x80005140 (0x022806b3) mul     a3, a6, sp
core   0: 3 0x80005140 (0x022806b3) x13 0x81d472b7
core   0: 0x80005144 (0x027e4433) div     s0, t3, t2
core   0: 3 0x80005144 (0x027e4433) x 8 0x00d20c9d
core   0: 0x80005148 (0x00000605) c.addi  a2, 1
core   0: 3 0x80005148 (0x0605) x12 0x00000007
core   0: 0x8000514a (0x6966c597) auipc   a1, 0x6966c
core   0: 3 0x8000514a (0x6966c597) x11 0xe967114a
core   0: 0x8000514e (0x05a9ee13) ori     t3, s3, 90
core   0: 3 0x8000514e (0x05a9ee13) x28 0xfffffffe
core   0: 0x80005152 (0x02222db3) mulhsu  s11, tp, sp
core   0: 3 0x80005152 (0x02222db3) x27 0xffffff23
core   0: 0x80005156 (0xff8603e3) beq     a2, s8, pc - 26
core   0: 3 0x80005156 (0xff8603e3)
core   0: 0x8000515a (0x0000100f) fence.i
core   0: 3 0x8000515a (0x0000100f)
core   0: 0x8000515e (0x0000b117) auipc   sp, 0xb
core   0: 3 0x8000515e (0x0000b117) x 2 0x8001015e
core   0: 0x80005162 (0xf2910113) addi    sp, sp, -215
core   0: 3 0x80005162 (0xf2910113) x 2 0x80010087
core   0: 0x80005166 (0x03614803) lbu     a6, 54(sp)
core   0: 3 0x80005166 (0x03614803) x16 0x00000076 mem 0x800100bd
core   0: 0x8000516a (0xff614d03) lbu     s10, -10(sp)
core   0: 3 0x8000516a (0xff614d03) x26 0x00000036 mem 0x8001007d
core   0: 0x8000516e (0x00008dd5) c.or    a1, a3
core   0: 3 0x8000516e (0x8dd5) x11 0xe9f773ff
core   0: 0x80005170 (0x02214e83) lbu     t4, 34(sp)
core   0: 3 0x80005170 (0x02214e83) x29 0x00000062 mem 0x800100a9
core   0: 0x80005174 (0xfe6101a3) sb      t1, -29(sp)
core   0: 3 0x80005174 (0xfe6101a3) mem 0x8001006a 0xeb
core   0: 0x80005178 (0x02214f83) lbu     t6, 34(sp)
core   0: 3 0x80005178 (0x02214f83) x31 0x00000062 mem 0x800100a9
core   0: 0x8000517c (0xff410283) lb      t0, -12(sp)
core   0: 3 0x8000517c (0xff410283) x 5 0x00000030 mem 0x8001007b
core   0: 0x80005180 (0x03f10ba3) sb      t6, 55(sp)
core   0: 3 0x80005180 (0x03f10ba3) mem 0x800100be 0x62
core   0: 0x80005184 (0xfc9109a3) sb      s1, -45(sp)
core   0: 3 0x80005184 (0xfc9109a3) mem 0x8001005a 0x9
core   0: 0x80005188 (0xfdc10603) lb      a2, -36(sp)
core   0: 3 0x80005188 (0xfdc10603) x12 0x00000018 mem 0x80010063
core   0: 0x8000518c (0x03210383) lb      t2, 50(sp)
core   0: 3 0x8000518c (0x03210383) x 7 0x00000072 mem 0x800100b9
core   0: 0x80005190 (0x02914003) lbu     zero, 41(sp)
core   0: 3 0x80005190 (0x02914003) mem 0x800100b0
core   0: 0x80005194 (0xff710aa3) sb      s7, -11(sp)
core   0: 3 0x80005194 (0xff710aa3) mem 0x8001007c 0x36
core   0: 0x80005198 (0x000088e5) c.andi  s1, 25
core   0: 3 0x80005198 (0x88e5) x 9 0x00000009
core   0: 0x8000519a (0x03912903) lw      s2, 57(sp)
core   0: 3 0x8000519a (0x03912903) x18 0x78797a7b mem 0x800100c0
core   0: 0x8000519e (0x000006a1) c.addi  a3, 8
core   0: 3 0x8000519e (0x06a1) x13 0x81d472bf
core   0: 0x800051a0 (0x02414303) lbu     t1, 36(sp)
core   0: 3 0x800051a0 (0x02414303) x 6 0x00000060 mem 0x800100ab
core   0: 0x800051a4 (0xfc910b23) sb      s1, -42(sp)
core   0: 3 0x800051a4 (0xfc910b23) mem 0x8001005d 0x9
core   0: 0x800051a8 (0x019106a3) sb      s9, 13(sp)
core   0: 3 0x800051a8 (0x019106a3) mem 0x80010094 0x58
core   0: 0x800051ac (0x01310383) lb      t2, 19(sp)
core   0: 3 0x800051ac (0x01310383) x 7 0x00000051 mem 0x8001009a
core   0: 0x800051b0 (0x03910723) sb      s9, 46(sp)
core   0: 3 0x800051b0 (0x03910723) mem 0x800100b5 0x58
core   0: 0x800051b4 (0x0000bb97) auipc   s7, 0xb
core   0: 3 0x800051b4 (0x0000bb97) x23 0x800101b4
core   0: 0x800051b8 (0x78bb8b93) addi    s7, s7, 1931
core   0: 3 0x800051b8 (0x78bb8b93) x23 0x8001093f
core   0: 0x800051bc (0x0000100f) fence.i
core   0: 3 0x800051bc (0x0000100f)
core   0: 0x800051c0 (0x021b8d23) sb      ra, 58(s7)
core   0: 3 0x800051c0 (0x021b8d23) mem 0x80010979 0xb2
core   0: 0x800051c4 (0xff2b89a3) sb      s2, -13(s7)
core   0: 3 0x800051c4 (0xff2b89a3) mem 0x80010932 0x7b
core   0: 0x800051c8 (0x00008d29) c.xor   a0, a0
core   0: 3 0x800051c8 (0x8d29) x10 0x00000000
core   0: 0x800051ca (0x02e6d0b3) divu    ra, a3, a4
core   0: 3 0x800051ca (0x02e6d0b3) x 1 0x00000000
core   0: 0x800051ce (0x01ab99a3) sh      s10, 19(s7)
core   0: 3 0x800051ce (0x01ab99a3) mem 0x80010952 0x0036
core   0: 0x800051d2 (0x000083fd) c.srli  a5, 31
core   0: 3 0x800051d2 (0x83fd) x15 0x00000001
core   0: 0x800051d4 (0xffeb8723) sb      t5, -18(s7)
core   0: 3 0x800051d4 (0xffeb8723) mem 0x8001092d 0xd5
core   0: 0x800051d8 (0x00008ede) c.mv    t4, s7
core   0: 3 0x800051d8 (0x8ede) x29 0x8001093f
core   0: 0x800051da (0x00abc683) lbu     a3, 10(s7)
core   0: 3 0x800051da (0x00abc683) x13 0x00000002 mem 0x80010949
core   0: 0x800051de (0x00000632) c.slli  a2, 12
core   0: 3 0x800051de (0x0632) x12 0x00018000
core   0: 0x800051e0 (0x00008e39) c.xor   a2, a4
core   0: 3 0x800051e0 (0x8e39) x12 0xf36fe969
core   0: 0x800051e2 (0x40928e33) sub     t3, t0, s1
core   0: 3 0x800051e2 (0x40928e33) x28 0x00000027
core   0: 0x800051e6 (0xfe4b8a03) lb      s4, -28(s7)
core   0: 3 0x800051e6 (0xfe4b8a03) x20 0xffffffd8 mem 0x80010923
core   0: 0x800051ea (0xfcbb9383) lh      t2, -53(s7)
core   0: 3 0x800051ea (0xfcbb9383) x 7 0xffffc0c1 mem 0x8001090a
core   0: 0x800051ee (0x02e95b33) divu    s6, s2, a4
core   0: 3 0x800051ee (0x02e95b33) x22 0x00000000
core   0: 0x800051f2 (0x03ab8c03) lb      s8, 58(s7)
core   0: 3 0x800051f2 (0x03ab8c03) x24 0xffffffb2 mem 0x80010979
core   0: 0x800051f6 (0xfedb8e23) sb      a3, -4(s7)
core   0: 3 0x800051f6 (0xfedb8e23) mem 0x8001093b 0x2
core   0: 0x800051fa (0x00ab90a3) sh      a0, 1(s7)
core   0: 3 0x800051fa (0x00ab90a3) mem 0x80010940 0x0000
core   0: 0x800051fe (0x039bc583) lbu     a1, 57(s7)
core   0: 3 0x800051fe (0x039bc583) x11 0x00000033 mem 0x80010978
core   0: 0x80005202 (0x02bb8223) sb      a1, 36(s7)
core   0: 3 0x80005202 (0x02bb8223) mem 0x80010963 0x33
core   0: 0x80005206 (0xfc0b8c03) lb      s8, -64(s7)
core   0: 3 0x80005206 (0xfc0b8c03) x24 0xffffffb4 mem 0x800108ff
core   0: 0x8000520a (0xec9fb937) lui     s2, 0xec9fb
core   0: 3 0x8000520a (0xec9fb937) x18 0xec9fb000
core   0: 0x8000520e (0x005cf493) andi    s1, s9, 5
core   0: 3 0x8000520e (0x005cf493) x 9 0x00000000
core   0: 0x80005212 (0xfd1bd083) lhu     ra, -47(s7)
core   0: 3 0x80005212 (0xfd1bd083) x 1 0x0000cacb mem 0x80010910
core   0: 0x80005216 (0x021bc383) lbu     t2, 33(s7)
core   0: 3 0x80005216 (0x021bc383) x 7 0x0000001b mem 0x80010960
core   0: 0x8000521a (0x01cbc303) lbu     t1, 28(s7)
core   0: 3 0x8000521a (0x01cbc303) x 6 0x00000010 mem 0x8001095b
core   0: 0x8000521e (0x0ff0000f) fence   iorw,iorw
core   0: 3 0x8000521e (0x0ff0000f)
core   0: 0x80005222 (0xff7b8303) lb      t1, -9(s7)
core   0: 3 0x80005222 (0xff7b8303) x 6 0xffffffed mem 0x80010936
core   0: 0x80005226 (0x0015c8b3) xor     a7, a1, ra
core   0: 3 0x80005226 (0x0015c8b3) x17 0x0000caf8
core   0: 0x8000522a (0xff7b8623) sb      s7, -20(s7)
core   0: 3 0x8000522a (0xff7b8623) mem 0x8001092b 0x3f
core   0: 0x8000522e (0x0000b597) auipc   a1, 0xb
core   0: 3 0x8000522e (0x0000b597) x11 0x8001022e
core   0: 0x80005232 (0x04958593) addi    a1, a1, 73
core   0: 3 0x80005232 (0x04958593) x11 0x80010277
core   0: 0x80005236 (0xddc58603) lb      a2, -548(a1)
core   0: 3 0x80005236 (0xddc58603) x12 0x00000008 mem 0x80010053
core   0: 0x8000523a (0xddc5c103) lbu     sp, -548(a1)
core   0: 3 0x8000523a (0xddc5c103) x 2 0x00000008 mem 0x80010053
core   0: 0x8000523e (0x4acee013) ori     zero, t4, 1196
core   0: 3 0x8000523e (0x4acee013)
core   0: 0x80005242 (0xddc58e83) lb      t4, -548(a1)
core   0: 3 0x80005242 (0xddc58e83) x29 0x00000008 mem 0x80010053
core   0: 0x80005246 (0xddc5cb83) lbu     s7, -548(a1)
core   0: 3 0x80005246 (0xddc5cb83) x23 0x00000008 mem 0x80010053
core   0: 0x8000524a (0xddc5c103) lbu     sp, -548(a1)
core   0: 3 0x8000524a (0xddc5c103) x 2 0x00000008 mem 0x80010053
core   0: 0x8000524e (0xddc58303) lb      t1, -548(a1)
core   0: 3 0x8000524e (0xddc58303) x 6 0x00000008 mem 0x80010053
core   0: 0x80005252 (0xdc858e23) sb      s0, -548(a1)
core   0: 3 0x80005252 (0xdc858e23) mem 0x80010053 0x9d
core   0: 0x80005256 (0xdda58e23) sb      s10, -548(a1)
core   0: 3 0x80005256 (0xdda58e23) mem 0x80010053 0x36
core   0: 0x8000525a (0xdc158e23) sb      ra, -548(a1)
core   0: 3 0x8000525a (0xdc158e23) mem 0x80010053 0xcb
core   0: 0x8000525e (0xddc5c783) lbu     a5, -548(a1)
core   0: 3 0x8000525e (0xddc5c783) x15 0x000000cb mem 0x80010053
core   0: 0x80005262 (0xddc5ce83) lbu     t4, -548(a1)
core   0: 3 0x80005262 (0xddc5ce83) x29 0x000000cb mem 0x80010053
core   0: 0x80005266 (0xdca58e23) sb      a0, -548(a1)
core   0: 3 0x80005266 (0xdca58e23) mem 0x80010053 0x0
core   0: 0x8000526a (0x034649b3) div     s3, a2, s4
core   0: 3 0x8000526a (0x034649b3) x19 0x00000000
core   0: 0x8000526e (0xddc58703) lb      a4, -548(a1)
core   0: 3 0x8000526e (0xddc58703) x14 0x00000000 mem 0x80010053
core   0: 0x80005272 (0xddc5c003) lbu     zero, -548(a1)
core   0: 3 0x80005272 (0xddc5c003) mem 0x80010053
core   0: 0x80005276 (0xddc58183) lb      gp, -548(a1)
core   0: 3 0x80005276 (0xddc58183) x 3 0x00000000 mem 0x80010053
core   0: 0x8000527a (0xddc58f03) lb      t5, -548(a1)
core   0: 3 0x8000527a (0xddc58f03) x30 0x00000000 mem 0x80010053
core   0: 0x8000527e (0x0000d117) auipc   sp, 0xd
core   0: 3 0x8000527e (0x0000d117) x 2 0x8001227e
core   0: 0x80005282 (0x74410113) addi    sp, sp, 1860
core   0: 3 0x80005282 (0x74410113) x 2 0x800129c2
core   0: 0x80005286 (0x000065c5) c.lui   a1, 0x11
core   0: 3 0x80005286 (0x65c5) x11 0x00011000
core   0: 0x80005288 (0x00b85633) srl     a2, a6, a1
core   0: 3 0x80005288 (0x00b85633) x12 0x00000076
core   0: 0x8000528c (0x00008985) c.andi  a1, 1
core   0: 3 0x8000528c (0x8985) x11 0x00000000
core   0: 0x8000528e (0xffe10583) lb      a1, -2(sp)
core   0: 3 0x8000528e (0xffe10583) x11 0x0000007b mem 0x800129c0
core   0: 0x80005292 (0x8a49c697) auipc   a3, 0x8a49c
core   0: 3 0x80005292 (0x8a49c697) x13 0x0a4a1292
core   0: 0x80005296 (0x00d103a3) sb      a3, 7(sp)
core   0: 3 0x80005296 (0x00d103a3) mem 0x800129c9 0x92
core   0: 0x8000529a (0x00910283) lb      t0, 9(sp)
core   0: 3 0x8000529a (0x00910283) x 5 0xffffff80 mem 0x800129cb
core   0: 0x8000529e (0x030642b3) div     t0, a2, a6
core   0: 3 0x8000529e (0x030642b3) x 5 0x00000001
core   0: 0x800052a2 (0x00b11423) sh      a1, 8(sp)
core   0: 3 0x800052a2 (0x00b11423) mem 0x800129ca 0x007b
core   0: 0x800052a6 (0xfeb11e23) sh      a1, -4(sp)
core   0: 3 0x800052a6 (0xfeb11e23) mem 0x800129be 0x007b
core   0: 0x800052aa (0xff010aa3) sb      a6, -11(sp)
core   0: 3 0x800052aa (0xff010aa3) mem 0x800129b7 0x76
core   0: 0x800052ae (0xfed10ca3) sb      a3, -7(sp)
core   0: 3 0x800052ae (0xfed10ca3) mem 0x800129bb 0x92
core   0: 0x800052b2 (0xffc15583) lhu     a1, -4(sp)
core   0: 3 0x800052b2 (0xffc15583) x11 0x0000007b mem 0x800129be
core   0: 0x800052b6 (0xff514583) lbu     a1, -11(sp)
core   0: 3 0x800052b6 (0xff514583) x11 0x00000076 mem 0x800129b7
core   0: 0x800052ba (0x000005a1) c.addi  a1, 8
core   0: 3 0x800052ba (0x05a1) x11 0x0000007e
core   0: 0x800052bc (0x316f7597) auipc   a1, 0x316f7
core   0: 3 0x800052bc (0x316f7597) x11 0xb16fc2bc
core   0: 0x800052c0 (0xff714803) lbu     a6, -9(sp)
core   0: 3 0x800052c0 (0xff714803) x16 0x00000072 mem 0x800129b9
core   0: 0x800052c4 (0x015c1613) slli    a2, s8, 21
core   0: 3 0x800052c4 (0x015c1613) x12 0xf6800000
core   0: 0x800052c8 (0x0000861d) c.srai  a2, 7
core   0: 3 0x800052c8 (0x861d) x12 0xffed0000
core   0: 0x800052ca (0x005832b3) sltu    t0, a6, t0
core   0: 3 0x800052ca (0x005832b3) x 5 0x00000000
core   0: 0x800052ce (0xff114803) lbu     a6, -15(sp)
core   0: 3 0x800052ce (0xff114803) x16 0x00000068 mem 0x800129b3
core   0: 0x800052d2 (0x000016fd) c.addi  a3, -1
core   0: 3 0x800052d2 (0x16fd) x13 0x0a4a1291
core   0: 0x800052d4 (0x00214583) lbu     a1, 2(sp)
core   0: 3 0x800052d4 (0x00214583) x11 0x0000007f mem 0x800129c4
core   0: 0x800052d8 (0xe29fe5b7) lui     a1, 0xe29fe
core   0: 3 0x800052d8 (0xe29fe5b7) x11 0xe29fe000
core   0: 0x800052dc (0xfff10683) lb      a3, -1(sp)
core   0: 3 0x800052dc (0xfff10683) x13 0x0000007a mem 0x800129c1
core   0: 0x800052e0 (0x02c5f6b3) remu    a3, a1, a2
core   0: 3 0x800052e0 (0x02c5f6b3) x13 0xe29fe000
core   0: 0x800052e4 (0x00c107a3) sb      a2, 15(sp)
core   0: 3 0x800052e4 (0x00c107a3) mem 0x800129d1 0x0
core   0: 0x800052e8 (0x00410683) lb      a3, 4(sp)
core   0: 3 0x800052e8 (0x00410683) x13 0x0000007d mem 0x800129c6
core   0: 0x800052ec (0x018106a3) sb      s8, 13(sp)
core   0: 3 0x800052ec (0x018106a3) mem 0x800129cf 0xb4
core   0: 0x800052f0 (0x0322b593) sltiu   a1, t0, 50
core   0: 3 0x800052f0 (0x0322b593) x11 0x00000001
core   0: 0x800052f4 (0xff510603) lb      a2, -11(sp)
core   0: 3 0x800052f4 (0xff510603) x12 0x00000076 mem 0x800129b7
core   0: 0x800052f8 (0x00c15c03) lhu     s8, 12(sp)
core   0: 3 0x800052f8 (0x00c15c03) x24 0x0000b485 mem 0x800129ce
core   0: 0x800052fc (0x40d58c33) sub     s8, a1, a3
core   0: 3 0x800052fc (0x40d58c33) x24 0xffffff84
core   0: 0x80005300 (0x02d2c833) div     a6, t0, a3
core   0: 3 0x80005300 (0x02d2c833) x16 0x00000000
core   0: 0x80005304 (0xff010fa3) sb      a6, -1(sp)
core   0: 3 0x80005304 (0xff010fa3) mem 0x800129c1 0x0
core   0: 0x80005308 (0x00411583) lh      a1, 4(sp)
core   0: 3 0x80005308 (0x00411583) x11 0x00007c7d mem 0x800129c6
core   0: 0x8000530c (0xff714583) lbu     a1, -9(sp)
core   0: 3 0x8000530c (0xff714583) x11 0x00000072 mem 0x800129b9
core   0: 0x80005310 (0xfff10583) lb      a1, -1(sp)
core   0: 3 0x80005310 (0xfff10583) x11 0x00000000 mem 0x800129c1
core   0: 0x80005314 (0xff114683) lbu     a3, -15(sp)
core   0: 3 0x80005314 (0xff114683) x13 0x00000068 mem 0x800129b3
core   0: 0x80005318 (0xfed10ea3) sb      a3, -3(sp)
core   0: 3 0x80005318 (0xfed10ea3) mem 0x800129bf 0x68
core   0: 0x8000531c (0x00008665) c.srai  a2, 25
core   0: 3 0x8000531c (0x8665) x12 0x00000000
core   0: 0x8000531e (0x00e15283) lhu     t0, 14(sp)
core   0: 3 0x8000531e (0x00e15283) x 5 0x0000008b mem 0x800129d0
core   0: 0x80005322 (0x00d87633) and     a2, a6, a3
core   0: 3 0x80005322 (0x00d87633) x12 0x00000000
core   0: 0x80005326 (0x00614c03) lbu     s8, 6(sp)
core   0: 3 0x80005326 (0x00614c03) x24 0x00000083 mem 0x800129c8
core   0: 0x8000532a (0x00c102a3) sb      a2, 5(sp)
core   0: 3 0x8000532a (0x00c102a3) mem 0x800129c7 0x0
core   0: 0x8000532e (0xff810ca3) sb      s8, -7(sp)
core   0: 3 0x8000532e (0xff810ca3) mem 0x800129bb 0x83
core   0: 0x80005332 (0x0000b317) auipc   t1, 0xb
core   0: 3 0x80005332 (0x0000b317) x 6 0x80010332
core   0: 0x80005336 (0x7fe30313) addi    t1, t1, 2046
core   0: 3 0x80005336 (0x7fe30313) x 6 0x80010b30
core   0: 0x8000533a (0x00013d97) auipc   s11, 0x13
core   0: 3 0x8000533a (0x00013d97) x27 0x8001833a
core   0: 0x8000533e (0xea0d8d93) addi    s11, s11, -352
core   0: 3 0x8000533e (0xea0d8d93) x27 0x800181da
core   0: 0x80005342 (0x80130483) lb      s1, -2047(t1)
core   0: 3 0x80005342 (0x80130483) x 9 0xffffffea mem 0x80010331
core   0: 0x80005346 (0x0f5d8c03) lb      s8, 245(s11)
core   0: 3 0x80005346 (0x0f5d8c03) x24 0xffffff84 mem 0x800182cf
core   0: 0x8000534a (0xf3ddcb83) lbu     s7, -195(s11)
core   0: 3 0x8000534a (0xf3ddcb83) x23 0x000000cc mem 0x80018117
core   0: 0x8000534e (0x1a131823) sh      ra, 432(t1)
core   0: 3 0x8000534e (0x1a131823) mem 0x80010ce0 0xcacb
core   0: 0x80005352 (0x0d1d8603) lb      a2, 209(s11)
core   0: 3 0x80005352 (0x0d1d8603) x12 0x00000060 mem 0x800182ab
core   0: 0x80005356 (0x9c431a03) lh      s4, -1596(t1)
core   0: 3 0x80005356 (0x9c431a03) x20 0xffffaeaf mem 0x800104f4
core   0: 0x8000535a (0x084dd103) lhu     sp, 132(s11)
core   0: 3 0x8000535a (0x084dd103) x 2 0x00001415 mem 0x8001825e
core   0: 0x8000535e (0x1d431703) lh      a4, 468(t1)
core   0: 3 0x8000535e (0x1d431703) x14 0xffffbebf mem 0x80010d04
core   0: 0x80005362 (0xfd5d9923) sh      s5, -46(s11)
core   0: 3 0x80005362 (0xfd5d9923) mem 0x800181ac 0x9ce4
core   0: 0x80005366 (0x18a30603) lb      a2, 394(t1)
core   0: 3 0x80005366 (0x18a30603) x12 0x00000071 mem 0x80010cba
core   0: 0x8000536a (0xf55d8d23) sb      s5, -166(s11)
core   0: 3 0x8000536a (0xf55d8d23) mem 0x80018134 0xe4
core   0: 0x8000536e (0xb5934703) lbu     a4, -1191(t1)
core   0: 3 0x8000536e (0xb5934703) x14 0x00000042 mem 0x80010689
core   0: 0x80005372 (0x088d9183) lh      gp, 136(s11)
core   0: 3 0x80005372 (0x088d9183) x 3 0x00001819 mem 0x80018262
core   0: 0x80005376 (0xae834483) lbu     s1, -1304(t1)
core   0: 3 0x80005376 (0xae834483) x 9 0x000000d3 mem 0x80010618
core   0: 0x8000537a (0x000dd283) lhu     t0, 0(s11)
core   0: 3 0x8000537a (0x000dd283) x 5 0x00009091 mem 0x800181da
core   0: 0x8000537e (0x86f34c03) lbu     s8, -1937(t1)
core   0: 3 0x8000537e (0x86f34c03) x24 0x00000054 mem 0x8001039f
core   0: 0x80005382 (0x0000f317) auipc   t1, 0xf
core   0: 3 0x80005382 (0x0000f317) x 6 0x80014382
core   0: 0x80005386 (0x61b30313) addi    t1, t1, 1563
core   0: 3 0x80005386 (0x61b30313) x 6 0x8001499d
core   0: 0x8000538a (0x00015797) auipc   a5, 0x15
core   0: 3 0x8000538a (0x00015797) x15 0x8001a38a
core   0: 0x8000538e (0xb7c78793) addi    a5, a5, -1156
core   0: 3 0x8000538e (0xb7c78793) x15 0x80019f06
core   0: 0x80005392 (0xf2332383) lw      t2, -221(t1)
core   0: 3 0x80005392 (0xf2332383) x 7 0x78797a7b mem 0x800148c0
core   0: 0x80005396 (0x40579c23) sh      t0, 1048(a5)
core   0: 3 0x80005396 (0x40579c23) mem 0x8001a31e 0x9091
core   0: 0x8000539a (0x4fb7c803) lbu     a6, 1275(a5)
core   0: 3 0x8000539a (0x4fb7c803) x16 0x000000ba mem 0x8001a401
core   0: 0x8000539e (0x0e230e83) lb      t4, 226(t1)
core   0: 3 0x8000539e (0x0e230e83) x29 0x00000034 mem 0x80014a7f
core   0: 0x800053a2 (0x134786a3) sb      s4, 301(a5)
core   0: 3 0x800053a2 (0x134786a3) mem 0x8001a033 0xaf
core   0: 0x800053a6 (0xff534a03) lbu     s4, -11(t1)
core   0: 3 0x800053a6 (0xff534a03) x20 0x00000049 mem 0x80014992
core   0: 0x800053aa (0xa447db03) lhu     s6, -1468(a5)
core   0: 3 0x800053aa (0xa447db03) x22 0x00000001 mem 0x8001994a
core   0: 0x800053ae (0xfad30983) lb      s3, -83(t1)
core   0: 3 0x800053ae (0xfad30983) x19 0x00000001 mem 0x8001494a
core   0: 0x800053b2 (0x29e78a03) lb      s4, 670(a5)
core   0: 3 0x800053b2 (0x29e78a03) x20 0x0000005f mem 0x8001a1a4
core   0: 0x800053b6 (0x07b32ba3) sw      s11, 119(t1)
core   0: 3 0x800053b6 (0x07b32ba3) mem 0x80014a14 0x800181da
core   0: 0x800053ba (0x03034e83) lbu     t4, 48(t1)
core   0: 3 0x800053ba (0x03034e83) x29 0x00000086 mem 0x800149cd
core   0: 0x800053be (0x8c978683) lb      a3, -1847(a5)
core   0: 3 0x800053be (0x8c978683) x13 0xffffff84 mem 0x800197cf
core   0: 0x800053c2 (0x08f30883) lb      a7, 143(t1)
core   0: 3 0x800053c2 (0x08f30883) x17 0xffffffe7 mem 0x80014a2c
core   0: 0x800053c6 (0x0000cc17) auipc   s8, 0xc
core   0: 3 0x800053c6 (0x0000cc17) x24 0x800113c6
core   0: 0x800053ca (0x90ac0c13) addi    s8, s8, -1782
core   0: 3 0x800053ca (0x90ac0c13) x24 0x80010cd0
core   0: 0x800053ce (0x025c1423) sh      t0, 40(s8)
core   0: 3 0x800053ce (0x025c1423) mem 0x80010cf8 0x9091
core   0: 0x800053d2 (0x7918c893) xori    a7, a7, 1937
core   0: 3 0x800053d2 (0x7918c893) x17 0xfffff876
core   0: 0x800053d6 (0x00008665) c.srai  a2, 25
core   0: 3 0x800053d6 (0x8665) x12 0x00000000
core   0: 0x800053d8 (0x02170a33) mul     s4, a4, ra
core   0: 3 0x800053d8 (0x02170a33) x20 0x00344856
core   0: 0x800053dc (0xc14c2b83) lw      s7, -1004(s8)
core   0: 3 0x800053dc (0xc14c2b83) x23 0x9c9d9e9f mem 0x800108e4
core   0: 0x800053e0 (0x02709e33) mulh    t3, ra, t2
core   0: 3 0x800053e0 (0x02709e33) x28 0x00005f6f
core   0: 0x800053e4 (0x814c1183) lh      gp, -2028(s8)
core   0: 3 0x800053e4 (0x814c1183) x 3 0xffff9e9f mem 0x800104e4
core   0: 0x800053e8 (0x00004285) c.li    t0, 1
core   0: 3 0x800053e8 (0x4285) x 5 0x00000001
core   0: 0x800053ea (0x0199a2b3) slt     t0, s3, s9
core   0: 3 0x800053ea (0x0199a2b3) x 5 0x00000000
core   0: 0x800053ee (0x934c0423) sb      s4, -1752(s8)
core   0: 3 0x800053ee (0x934c0423) mem 0x800105f8 0x56
core   0: 0x800053f2 (0x0ff0000f) fence   iorw,iorw
core   0: 3 0x800053f2 (0x0ff0000f)
core   0: 0x800053f6 (0x01c831b3) sltu    gp, a6, t3
core   0: 3 0x800053f6 (0x01c831b3) x 3 0x00000001
core   0: 0x800053fa (0x003f9b93) slli    s7, t6, 3
core   0: 3 0x800053fa (0x003f9b93) x23 0x00000310
core   0: 0x800053fe (0x80ac1f03) lh      t5, -2038(s8)
core   0: 3 0x800053fe (0x80ac1f03) x30 0xffff90e3 mem 0x800104da
core   0: 0x80005402 (0x00009622) c.add   a2, s0
core   0: 3 0x80005402 (0x9622) x12 0x00d20c9d
core   0: 0x80005404 (0x7b3484b7) lui     s1, 0x7b348
core   0: 3 0x80005404 (0x7b3484b7) x 9 0x7b348000
core   0: 0x80005408 (0x00001a84) c.addi4spn s1, sp, 368
core   0: 3 0x80005408 (0x1a84) x 9 0x00001585
core   0: 0x8000540a (0x02f67633) remu    a2, a2, a5
core   0: 3 0x8000540a (0x02f67633) x12 0x00d20c9d
core   0: 0x8000540e (0xde2c0617) auipc   a2, 0xde2c0
core   0: 3 0x8000540e (0xde2c0617) x12 0x5e2c540e
core   0: 0x80005412 (0x00008919) c.andi  a0, 6
core   0: 3 0x80005412 (0x8919) x10 0x00000000
core   0: 0x80005414 (0x0367d633) divu    a2, a5, s6
core   0: 3 0x80005414 (0x0367d633) x12 0x80019f06
core   0: 0x80005418 (0x00006109) c.addi16sp sp, 128
core   0: 3 0x80005418 (0x6109) x 2 0x00001495
core   0: 0x8000541a (0xc9ac1283) lh      t0, -870(s8)
core   0: 3 0x8000541a (0xc9ac1283) x 5 0x00002021 mem 0x8001096a
core   0: 0x8000541e (0x29cc1323) sh      t3, 646(s8)
core   0: 3 0x8000541e (0x29cc1323) mem 0x80010f56 0x5f6f
core   0: 0x80005422 (0x00ced713) srli    a4, t4, 12
core   0: 3 0x80005422 (0x00ced713) x14 0x00000000
core   0: 0x80005426 (0x0171ceb3) xor     t4, gp, s7
core   0: 3 0x80005426 (0x0171ceb3) x29 0x00000311
core   0: 0x8000542a (0x020e8d33) mul     s10, t4, zero
core   0: 3 0x8000542a (0x020e8d33) x26 0x00000000
core   0: 0x8000542e (0x00008f69) c.and   a4, a0
core   0: 3 0x8000542e (0x8f69) x14 0x00000000
core   0: 0x80005430 (0x007791b3) sll     gp, a5, t2
core   0: 3 0x80005430 (0x007791b3) x 3 0x30000000
core   0: 0x80005434 (0x00008121) c.srli  a0, 8
core   0: 3 0x80005434 (0x8121) x10 0x00000000
core   0: 0x80005436 (0x00000001) c.nop
core   0: 3 0x80005436 (0x0001)
core   0: 0x80005438 (0xf0840713) addi    a4, s0, -248
core   0: 3 0x80005438 (0xf0840713) x14 0x00d20ba5
core   0: 0x8000543c (0xd5dc0223) sb      t4, -700(s8)
core   0: 3 0x8000543c (0xd5dc0223) mem 0x80010a14 0x11
core   0: 0x80005440 (0xfb8c2623) sw      s8, -84(s8)
core   0: 3 0x80005440 (0xfb8c2623) mem 0x80010c7c 0x80010cd0
core   0: 0x80005444 (0xd7cc0583) lb      a1, -644(s8)
core   0: 3 0x80005444 (0xd7cc0583) x11 0x00000007 mem 0x80010a4c
core   0: 0x80005448 (0x0000b997) auipc   s3, 0xb
core   0: 3 0x80005448 (0x0000b997) x19 0x80010448
core   0: 0x8000544c (0x45a98993) addi    s3, s3, 1114
core   0: 3 0x8000544c (0x45a98993) x19 0x800108a2
core   0: 0x80005450 (0x0000b297) auipc   t0, 0xb
core   0: 3 0x80005450 (0x0000b297) x 5 0x80010450
core   0: 0x80005454 (0x69c28293) addi    t0, t0, 1692
core   0: 3 0x80005454 (0x69c28293) x 5 0x80010aec
core   0: 0x80005458 (0xcde98e83) lb      t4, -802(s3)
core   0: 3 0x80005458 (0xcde98e83) x29 0x0000003b mem 0x80010580
core   0: 0x8000545c (0x0000c317) auipc   t1, 0xc
core   0: 3 0x8000545c (0x0000c317) x 6 0x8001145c
core   0: 0x80005460 (0xa5c30313) addi    t1, t1, -1444
core   0: 3 0x80005460 (0xa5c30313) x 6 0x80010eb8
core   0: 0x80005464 (0x0000b817) auipc   a6, 0xb
core   0: 3 0x80005464 (0x0000b817) x16 0x80010464
core   0: 0x80005468 (0xf5680813) addi    a6, a6, -170
core   0: 3 0x80005468 (0xf5680813) x16 0x800103ba
core   0: 0x8000546c (0x8699c703) lbu     a4, -1943(s3)
core   0: 3 0x8000546c (0x8699c703) x14 0x000000c0 mem 0x8001010b
core   0: 0x80005470 (0x85f30403) lb      s0, -1953(t1)
core   0: 3 0x80005470 (0x85f30403) x 8 0xffffffcc mem 0x80010717
core   0: 0x80005474 (0x82431a03) lh      s4, -2012(t1)
core   0: 3 0x80005474 (0x82431a03) x20 0xffff9697 mem 0x800106dc
core   0: 0x80005478 (0x01481423) sh      s4, 8(a6)
core   0: 3 0x80005478 (0x01481423) mem 0x800103c2 0x9697
core   0: 0x8000547c (0x00881383) lh      t2, 8(a6)
core   0: 3 0x8000547c (0x00881383) x 7 0xffff9697 mem 0x800103c2
core   0: 0x80005480 (0xff12c383) lbu     t2, -15(t0)
core   0: 3 0x80005480 (0xff12c383) x 7 0x00000096 mem 0x80010add
core   0: 0x80005484 (0x85130383) lb      t2, -1967(t1)
core   0: 3 0x80005484 (0x85130383) x 7 0xffffffc2 mem 0x80010709
core   0: 0x80005488 (0xf6f98003) lb      zero, -145(s3)
core   0: 3 0x80005488 (0xf6f98003) mem 0x80010811
core   0: 0x8000548c (0xfe62cb83) lbu     s7, -26(t0)
core   0: 3 0x8000548c (0xfe62cb83) x23 0x00000089 mem 0x80010ad2
core   0: 0x80005490 (0xd5134b03) lbu     s6, -687(t1)
core   0: 3 0x80005490 (0xd5134b03) x22 0x000000c2 mem 0x80010c09
core   0: 0x80005494 (0x00d28e83) lb      t4, 13(t0)
core   0: 3 0x80005494 (0x00d28e83) x29 0xffffffb2 mem 0x80010af9
core   0: 0x80005498 (0x02d2c703) lbu     a4, 45(t0)
core   0: 3 0x80005498 (0x02d2c703) x14 0x000000d2 mem 0x80010b19
core   0: 0x8000549c (0xffa85e83) lhu     t4, -6(a6)
core   0: 3 0x8000549c (0xffa85e83) x29 0x00006e6f mem 0x800103b4
core   0: 0x800054a0 (0x9d431903) lh      s2, -1580(t1)
core   0: 3 0x800054a0 (0x9d431903) x18 0x00004647 mem 0x8001088c
core   0: 0x800054a4 (0x6c798103) lb      sp, 1735(s3)
core   0: 3 0x800054a4 (0x6c798103) x 2 0x00000022 mem 0x80010f69
core   0: 0x800054a8 (0xff780003) lb      zero, -9(a6)
core   0: 3 0x800054a8 (0xff780003) mem 0x800103b1
core   0: 0x800054ac (0xcfd9c103) lbu     sp, -771(s3)
core   0: 3 0x800054ac (0xcfd9c103) x 2 0x00000054 mem 0x8001059f
core   0: 0x800054b0 (0xa0c35883) lhu     a7, -1524(t1)
core   0: 3 0x800054b0 (0xa0c35883) x17 0x00007e7f mem 0x800108c4
core   0: 0x800054b4 (0x00284903) lbu     s2, 2(a6)
core   0: 3 0x800054b4 (0x00284903) x18 0x00000077 mem 0x800103bc
core   0: 0x800054b8 (0x05835103) lhu     sp, 88(t1)
core   0: 3 0x800054b8 (0x05835103) x 2 0x0000cacb mem 0x80010f10
core   0: 0x800054bc (0x1d49d183) lhu     gp, 468(s3)
core   0: 3 0x800054bc (0x1d49d183) x 3 0x00002c2d mem 0x80010a76
core   0: 0x800054c0 (0xbb230523) sb      s2, -1110(t1)
core   0: 3 0x800054c0 (0xbb230523) mem 0x80010a62 0x77
core   0: 0x800054c4 (0xfc029b23) sh      zero, -42(t0)
core   0: 3 0x800054c4 (0xfc029b23) mem 0x80010ac2 0x0000
core   0: 0x800054c8 (0x1339a323) sw      s3, 294(s3)
core   0: 3 0x800054c8 (0x1339a323) mem 0x800109c8 0x800108a2
core   0: 0x800054cc (0x01929023) sh      s9, 0(t0)
core   0: 3 0x800054cc (0x01929023) mem 0x80010aec 0x5e58
core   0: 0x800054d0 (0x06a9d403) lhu     s0, 106(s3)
core   0: 3 0x800054d0 (0x06a9d403) x 8 0x00000000 mem 0x8001090c
core   0: 0x800054d4 (0x03f2c503) lbu     a0, 63(t0)
core   0: 3 0x800054d4 (0x03f2c503) x10 0x000000e0 mem 0x80010b2b
core   0: 0x800054d8 (0x18034e03) lbu     t3, 384(t1)
core   0: 3 0x800054d8 (0x18034e03) x28 0x000000f3 mem 0x80011038
core   0: 0x800054dc (0x02a2c603) lbu     a2, 42(t0)
core   0: 3 0x800054dc (0x02a2c603) x12 0x000000cd mem 0x80010b16
core   0: 0x800054e0 (0x00d80c03) lb      s8, 13(a6)
core   0: 3 0x800054e0 (0x00d80c03) x24 0x0000007c mem 0x800103c7
core   0: 0x800054e4 (0x00018117) auipc   sp, 0x18
core   0: 3 0x800054e4 (0x00018117) x 2 0x8001d4e4
core   0: 0x800054e8 (0xa4d10113) addi    sp, sp, -1459
core   0: 3 0x800054e8 (0xa4d10113) x 2 0x8001cf31
core   0: 0x800054ec (0xfd0121a3) sw      a6, -61(sp)
core   0: 3 0x800054ec (0xfd0121a3) mem 0x8001cef4 0x800103ba
core   0: 0x800054f0 (0x00210803) lb      a6, 2(sp)
core   0: 3 0x800054f0 (0x00210803) x16 0xffffffe8 mem 0x8001cf33
core   0: 0x800054f4 (0x40405693) srai    a3, zero, 4
core   0: 3 0x800054f4 (0x40405693) x13 0x00000000
core   0: 0x800054f8 (0x03110183) lb      gp, 49(sp)
core   0: 3 0x800054f8 (0x03110183) x 3 0x00000019 mem 0x8001cf62
core   0: 0x800054fc (0x00d34333) xor     t1, t1, a3
core   0: 3 0x800054fc (0x00d34333) x 6 0x80010eb8
core   0: 0x80005500 (0x6cd7e693) ori     a3, a5, 1741
core   0: 3 0x80005500 (0x6cd7e693) x13 0x80019fcf
core   0: 0x80005504 (0x3f437793) andi    a5, t1, 1012
core   0: 3 0x80005504 (0x3f437793) x15 0x000002b0
core   0: 0x80005508 (0x000082cd) c.srli  a3, 19
core   0: 3 0x80005508 (0x82cd) x13 0x00001000
core   0: 0x8000550a (0x40678833) sub     a6, a5, t1
core   0: 3 0x8000550a (0x40678833) x16 0x7ffef3f8
core   0: 0x8000550e (0x000087be) c.mv    a5, a5
core   0: 3 0x8000550e (0x87be) x15 0x000002b0
core   0: 0x80005510 (0x000001d5) c.addi  gp, 21
core   0: 3 0x80005510 (0x01d5) x 3 0x0000002e
core   0: 0x80005512 (0x00d19333) sll     t1, gp, a3
core   0: 3 0x80005512 (0x00d19333) x 6 0x0000002e
core   0: 0x80005516 (0x06a33793) sltiu   a5, t1, 106
core   0: 3 0x80005516 (0x06a33793) x15 0x00000001
core   0: 0x8000551a (0x00d351b3) srl     gp, t1, a3
core   0: 3 0x8000551a (0x00d351b3) x 3 0x0000002e
core   0: 0x8000551e (0x95b20197) auipc   gp, 0x95b20
core   0: 3 0x8000551e (0x95b20197) x 3 0x15b2551e
core   0: 0x80005522 (0x4181d813) srai    a6, gp, 24
core   0: 3 0x80005522 (0x4181d813) x16 0x00000015
core   0: 0x80005526 (0x66137693) andi    a3, t1, 1633
core   0: 3 0x80005526 (0x66137693) x13 0x00000020
core   0: 0x8000552a (0xfe511783) lh      a5, -27(sp)
core   0: 3 0x8000552a (0xfe511783) x15 0xffffcccd mem 0x8001cf16
core   0: 0x8000552e (0xfcc14683) lbu     a3, -52(sp)
core   0: 3 0x8000552e (0xfcc14683) x13 0x000000b6 mem 0x8001cefd
core   0: 0x80005532 (0x00610f23) sb      t1, 30(sp)
core   0: 3 0x80005532 (0x00610f23) mem 0x8001cf4f 0x2e
core   0: 0x80005536 (0x0000137d) c.addi  t1, -1
core   0: 3 0x80005536 (0x137d) x 6 0x0000002d
core   0: 0x80005538 (0xfe510803) lb      a6, -27(sp)
core   0: 3 0x80005538 (0xfe510803) x16 0xffffffcd mem 0x8001cf16
core   0: 0x8000553c (0x00008edd) c.or    a3, a5
core   0: 3 0x8000553c (0x8edd) x13 0xffffccff
core   0: 0x8000553e (0xfe014003) lbu     zero, -32(sp)
core   0: 3 0x8000553e (0xfe014003) mem 0x8001cf11
core   0: 0x80005542 (0xfd0100a3) sb      a6, -63(sp)
core   0: 3 0x80005542 (0xfd0100a3) mem 0x8001cef2 0xcd
core   0: 0x80005546 (0x00d86333) or      t1, a6, a3
core   0: 3 0x80005546 (0x00d86333) x 6 0xffffffff
core   0: 0x8000554a (0x000011fd) c.addi  gp, -1
core   0: 3 0x8000554a (0x11fd) x 3 0x15b2551d
core   0: 0x8000554c (0x00d02033) slt     zero, zero, a3
core   0: 3 0x8000554c (0x00d02033)
core   0: 0x80005550 (0x00310e23) sb      gp, 28(sp)
core   0: 3 0x80005550 (0x00310e23) mem 0x8001cf4d 0x1d
core   0: 0x80005554 (0x02f006b3) mul     a3, zero, a5
core   0: 3 0x80005554 (0x02f006b3) x13 0x00000000
core   0: 0x80005558 (0x026114a3) sh      t1, 41(sp)
core   0: 3 0x80005558 (0x026114a3) mem 0x8001cf5a 0xffff
core   0: 0x8000555c (0x0237f6b3) remu    a3, a5, gp
core   0: 3 0x8000555c (0x0237f6b3) x13 0x1156248e
core   0: 0x80005560 (0x02914183) lbu     gp, 41(sp)
core   0: 3 0x80005560 (0x02914183) x 3 0x000000ff mem 0x8001cf5a
core   0: 0x80005564 (0x0000100f) fence.i
core   0: 3 0x80005564 (0x0000100f)
core   0: 0x80005568 (0x0306c833) div     a6, a3, a6
core   0: 3 0x80005568 (0x0306c833) x16 0xffa8fa44
core   0: 0x8000556c (0xa9f03313) sltiu   t1, zero, -1377
core   0: 3 0x8000556c (0xa9f03313) x 6 0x00000001
core   0: 0x80005570 (0x01e10803) lb      a6, 30(sp)
core   0: 3 0x80005570 (0x01e10803) x16 0x0000002e mem 0x8001cf4f
core   0: 0x80005574 (0x00d10923) sb      a3, 18(sp)
core   0: 3 0x80005574 (0x00d10923) mem 0x8001cf43 0x8e
core   0: 0x80005578 (0x020116a3) sh      zero, 45(sp)
core   0: 3 0x80005578 (0x020116a3) mem 0x8001cf5e 0x0000
core   0: 0x8000557c (0x81468313) addi    t1, a3, -2028
core   0: 3 0x8000557c (0x81468313) x 6 0x11561ca2
core   0: 0x80005580 (0x00012fa3) sw      zero, 31(sp)
core   0: 3 0x80005580 (0x00012fa3) mem 0x8001cf50 0x00000000
core   0: 0x80005584 (0x00a00613) li      a2, 10
core   0: 3 0x80005584 (0x00a00613) x12 0x0000000a
core   0: 0x80005588 (0x0138c433) xor     s0, a7, s3
core   0: 3 0x80005588 (0x0138c433) x 8 0x800176dd
core   0: 0x8000558c (0x0ff0000f) fence   iorw,iorw
core   0: 3 0x8000558c (0x0ff0000f)
core   0: 0x80005590 (0x00d00f93) li      t6, 13
core   0: 3 0x80005590 (0x00d00f93) x31 0x0000000d
core   0: 0x80005594 (0x0141d0b3) srl     ra, gp, s4
core   0: 3 0x80005594 (0x0141d0b3) x 1 0x00000000
core   0: 0x80005598 (0x03107833) remu    a6, zero, a7
core   0: 3 0x80005598 (0x03107833) x16 0x00000000
core   0: 0x8000559c (0x0000014a) c.slli  sp, 18
core   0: 3 0x8000559c (0x014a) x 2 0x3cc40000
core   0: 0x8000559e (0x8f29a413) slti    s0, s3, -1806
core   0: 3 0x8000559e (0x8f29a413) x 8 0x00000001
core   0: 0x800055a2 (0x00001580) c.addi4spn s0, sp, 736
core   0: 3 0x800055a2 (0x1580) x 8 0x3cc402e0
core   0: 0x800055a4 (0x3c4e6c13) ori     s8, t3, 964
core   0: 3 0x800055a4 (0x3c4e6c13) x24 0x000003f7
core   0: 0x800055a8 (0x00b96a33) or      s4, s2, a1
core   0: 3 0x800055a8 (0x00b96a33) x20 0x00000077
core   0: 0x800055ac (0x4107deb3) sra     t4, a5, a6
core   0: 3 0x800055ac (0x4107deb3) x29 0xffffcccd
core   0: 0x800055b0 (0x0325a2b3) mulhsu  t0, a1, s2
core   0: 3 0x800055b0 (0x0325a2b3) x 5 0x00000000
core   0: 0x800055b4 (0x00000611) c.addi  a2, 4
core   0: 3 0x800055b4 (0x0611) x12 0x0000000e
core   0: 0x800055b6 (0xff700793) li      a5, -9
core   0: 3 0x800055b6 (0xff700793) x15 0xfffffff7
core   0: 0x800055ba (0x032d2bb3) mulhsu  s7, s10, s2
core   0: 3 0x800055ba (0x032d2bb3) x23 0x00000000
core   0: 0x800055be (0x019d95b3) sll     a1, s11, s9
core   0: 3 0x800055be (0x019d95b3) x11 0xda000000
core   0: 0x800055c2 (0x00af44b3) xor     s1, t5, a0
core   0: 3 0x800055c2 (0x00af44b3) x 9 0xffff9003
core   0: 0x800055c6 (0x00000001) c.nop
core   0: 3 0x800055c6 (0x0001)
core   0: 0x800055c8 (0x956a7393) andi    t2, s4, -1706
core   0: 3 0x800055c8 (0x956a7393) x 7 0x00000056
core   0: 0x800055cc (0x00e7c4b3) xor     s1, a5, a4
core   0: 3 0x800055cc (0x00e7c4b3) x 9 0xffffff25
core   0: 0x800055d0 (0x02a292b3) mulh    t0, t0, a0
core   0: 3 0x800055d0 (0x02a292b3) x 5 0x00000000
core   0: 0x800055d4 (0x00405333) srl     t1, zero, tp
core   0: 3 0x800055d4 (0x00405333) x 6 0x00000000
core   0: 0x800055d8 (0x0000919a) c.add   gp, t1
core   0: 3 0x800055d8 (0x919a) x 3 0x000000ff
core   0: 0x800055da (0x000080d1) c.srli  s1, 20
core   0: 3 0x800055da (0x80d1) x 9 0x00000fff
core   0: 0x800055dc (0x00000785) c.addi  a5, 1
core   0: 3 0x800055dc (0x0785) x15 0xfffffff8
core   0: 0x800055de (0x41438eb3) sub     t4, t2, s4
core   0: 3 0x800055de (0x41438eb3) x29 0xffffffdf
core   0: 0x800055e2 (0x00008731) c.srai  a4, 12
core   0: 3 0x800055e2 (0x8731) x14 0x00000000
core   0: 0x800055e4 (0x00008ca1) c.xor   s1, s0
core   0: 3 0x800055e4 (0x8ca1) x 9 0x3cc40d1f
core   0: 0x800055e6 (0x0309b2b3) mulhu   t0, s3, a6
core   0: 3 0x800055e6 (0x0309b2b3) x 5 0x00000000
core   0: 0x800055ea (0x0000d7fd) c.beqz  a5, pc - 18
core   0: 3 0x800055ea (0xd7fd)
core   0: 0x800055ec (0x6b9c6993) ori     s3, s8, 1721
core   0: 3 0x800055ec (0x6b9c6993) x19 0x000007ff
core   0: 0x800055f0 (0xfbf669e3) bltu    a2, t6, pc - 78
core   0: 3 0x800055f0 (0xfbf669e3)
core   0: 0x800055f4 (0x00008c91) c.sub   s1, a2
core   0: 3 0x800055f4 (0x8c91) x 9 0x3cc40d11
core   0: 0x800055f6 (0x0000b117) auipc   sp, 0xb
core   0: 3 0x800055f6 (0x0000b117) x 2 0x800105f6
core   0: 0x800055fa (0xc3910113) addi    sp, sp, -967
core   0: 3 0x800055fa (0xc3910113) x 2 0x8001022f
core   0: 0x800055fe (0xffb15883) lhu     a7, -5(sp)
core   0: 3 0x800055fe (0xffb15883) x17 0x0000e0e1 mem 0x8001022a
core   0: 0x80005602 (0xffd14883) lbu     a7, -3(sp)
core   0: 3 0x80005602 (0xffd14883) x17 0x000000e7 mem 0x8001022c
core   0: 0x80005606 (0xffd11ea3) sh      t4, -3(sp)
core   0: 3 0x80005606 (0xffd11ea3) mem 0x8001022c 0xffdf
core   0: 0x8000560a (0x00e10423) sb      a4, 8(sp)
core   0: 3 0x8000560a (0x00e10423) mem 0x80010237 0x0
core   0: 0x8000560e (0x00810683) lb      a3, 8(sp)
core   0: 3 0x8000560e (0x00810683) x13 0x00000000 mem 0x80010237
core   0: 0x80005612 (0x01c10423) sb      t3, 8(sp)
core   0: 3 0x80005612 (0x01c10423) mem 0x80010237 0xf3
core   0: 0x80005616 (0x00008375) c.srli  a4, 29
core   0: 3 0x80005616 (0x8375) x14 0x00000000
core   0: 0x80005618 (0xfff11783) lh      a5, -1(sp)
core   0: 3 0x80005618 (0xfff11783) x15 0xffffe4e5 mem 0x8001022e
core   0: 0x8000561c (0xfff11883) lh      a7, -1(sp)
core   0: 3 0x8000561c (0xfff11883) x17 0xffffe4e5 mem 0x8001022e
core   0: 0x80005620 (0xffd15603) lhu     a2, -3(sp)
core   0: 3 0x80005620 (0xffd15603) x12 0x0000ffdf mem 0x8001022c
core   0: 0x80005624 (0xffd14883) lbu     a7, -3(sp)
core   0: 3 0x80005624 (0xffd14883) x17 0x000000df mem 0x8001022c
core   0: 0x80005628 (0xff315c03) lhu     s8, -13(sp)
core   0: 3 0x80005628 (0xff315c03) x24 0x0000d8d9 mem 0x80010222
core   0: 0x8000562c (0x00001dfd) c.addi  s11, -1
core   0: 3 0x8000562c (0x1dfd) x27 0x800181d9
core   0: 0x8000562e (0xfe1119a3) sh      ra, -13(sp)
core   0: 3 0x8000562e (0xfe1119a3) mem 0x80010222 0x0000
core   0: 0x80005632 (0x00b15903) lhu     s2, 11(sp)
core   0: 3 0x80005632 (0x00b15903) x18 0x0000f0f1 mem 0x8001023a
core   0: 0x80005636 (0xfe111ca3) sh      ra, -7(sp)
core   0: 3 0x80005636 (0xfe111ca3) mem 0x80010228 0x0000
core   0: 0x8000563a (0xff912783) lw      a5, -7(sp)
core   0: 3 0x8000563a (0xff912783) x15 0xe0e10000 mem 0x80010228
core   0: 0x8000563e (0xff911d03) lh      s10, -7(sp)
core   0: 3 0x8000563e (0xff911d03) x26 0x00000000 mem 0x80010228
core   0: 0x80005642 (0xfe310ca3) sb      gp, -7(sp)
core   0: 3 0x80005642 (0xfe310ca3) mem 0x80010228 0xff
core   0: 0x80005646 (0x006115a3) sh      t1, 11(sp)
core   0: 3 0x80005646 (0x006115a3) mem 0x8001023a 0x0000
core   0: 0x8000564a (0x0000bb97) auipc   s7, 0xb
core   0: 3 0x8000564a (0x0000bb97) x23 0x8001064a
core   0: 0x8000564e (0x298b8b93) addi    s7, s7, 664
core   0: 3 0x8000564e (0x298b8b93) x23 0x800108e2
core   0: 0x80005652 (0x0000ca17) auipc   s4, 0xc
core   0: 3 0x80005652 (0x0000ca17) x20 0x80011652
core   0: 0x80005656 (0x91fa0a13) addi    s4, s4, -1761
core   0: 3 0x80005656 (0x91fa0a13) x20 0x80010f71
core   0: 0x8000565a (0x0000b917) auipc   s2, 0xb
core   0: 3 0x8000565a (0x0000b917) x18 0x8001065a
core   0: 0x8000565e (0xd3190913) addi    s2, s2, -719
core   0: 3 0x8000565e (0xd3190913) x18 0x8001038b
core   0: 0x80005662 (0xfeebcd83) lbu     s11, -18(s7)
core   0: 3 0x80005662 (0xfeebcd83) x27 0x0000008b mem 0x800108d0
core   0: 0x80005666 (0xfe492ea3) sw      tp, -3(s2)
core   0: 3 0x80005666 (0xfe492ea3) mem 0x80010388 0x80000000
core   0: 0x8000566a (0x0000bb17) auipc   s6, 0xb
core   0: 3 0x8000566a (0x0000bb17) x22 0x8001066a
core   0: 0x8000566e (0x53eb0b13) addi    s6, s6, 1342
core   0: 3 0x8000566e (0x53eb0b13) x22 0x80010ba8
core   0: 0x80005672 (0x00bb88a3) sb      a1, 17(s7)
core   0: 3 0x80005672 (0x00bb88a3) mem 0x800108f3 0x0
core   0: 0x80005676 (0xff690c03) lb      s8, -10(s2)
core   0: 3 0x80005676 (0xff690c03) x24 0x0000003a mem 0x80010381
core   0: 0x8000567a (0x01c90523) sb      t3, 10(s2)
core   0: 3 0x8000567a (0x01c90523) mem 0x80010395 0xf3
core   0: 0x8000567e (0xf07b0703) lb      a4, -249(s6)
core   0: 3 0x8000567e (0xf07b0703) x14 0x00000064 mem 0x80010aaf
core   0: 0x80005682 (0x017b2423) sw      s7, 8(s6)
core   0: 3 0x80005682 (0x017b2423) mem 0x80010bb0 0x800108e2
core   0: 0x80005686 (0xfebbc883) lbu     a7, -21(s7)
core   0: 3 0x80005686 (0xfebbc883) x17 0x00000086 mem 0x800108cd
core   0: 0x8000568a (0xf90b0d83) lb      s11, -112(s6)
core   0: 3 0x8000568a (0xf90b0d83) x27 0xfffffff3 mem 0x80010b38
core   0: 0x8000568e (0xffca0f03) lb      t5, -4(s4)
core   0: 3 0x8000568e (0xffca0f03) x30 0x00000026 mem 0x80010f6d
core   0: 0x80005692 (0x00f90623) sb      a5, 12(s2)
core   0: 3 0x80005692 (0x00f90623) mem 0x80010397 0x0
core   0: 0x80005696 (0xffbb4303) lbu     t1, -5(s6)
core   0: 3 0x80005696 (0xffbb4303) x 6 0x00000058 mem 0x80010ba3
core   0: 0x8000569a (0x001a16a3) sh      ra, 13(s4)
core   0: 3 0x8000569a (0x001a16a3) mem 0x80010f7e 0x0000
core   0: 0x8000569e (0xffe90e83) lb      t4, -2(s2)
core   0: 3 0x8000569e (0xffe90e83) x29 0x00000000 mem 0x80010389
core   0: 0x800056a2 (0xfdcb8d83) lb      s11, -36(s7)
core   0: 3 0x800056a2 (0xfdcb8d83) x27 0x00000000 mem 0x800108be
core   0: 0x800056a6 (0x00db0983) lb      s3, 13(s6)
core   0: 3 0x800056a6 (0x00db0983) x19 0x0000006e mem 0x80010bb5
core   0: 0x800056aa (0xfc1bcd83) lbu     s11, -63(s7)
core   0: 3 0x800056aa (0xfc1bcd83) x27 0x00000058 mem 0x800108a3
core   0: 0x800056ae (0x016bd003) lhu     zero, 22(s7)
core   0: 3 0x800056ae (0x016bd003) mem 0x800108f8
core   0: 0x800056b2 (0xff5919a3) sh      s5, -13(s2)
core   0: 3 0x800056b2 (0xff5919a3) mem 0x8001037e 0x9ce4
core   0: 0x800056b6 (0xf06b2a23) sw      t1, -236(s6)
core   0: 3 0x800056b6 (0xf06b2a23) mem 0x80010abc 0x00000058
core   0: 0x800056ba (0x010b2603) lw      a2, 16(s6)
core   0: 3 0x800056ba (0x010b2603) x12 0x70717273 mem 0x80010bb8
core   0: 0x800056be (0xff0a0d83) lb      s11, -16(s4)
core   0: 3 0x800056be (0xff0a0d83) x27 0x0000001a mem 0x80010f61
core   0: 0x800056c2 (0x000a4603) lbu     a2, 0(s4)
core   0: 3 0x800056c2 (0x000a4603) x12 0x0000002a mem 0x80010f71
core   0: 0x800056c6 (0xfc2b5283) lhu     t0, -62(s6)
core   0: 3 0x800056c6 (0xfc2b5283) x 5 0x00002021 mem 0x80010b6a
core   0: 0x800056ca (0x00dbc383) lbu     t2, 13(s7)
core   0: 3 0x800056ca (0x00dbc383) x 7 0x000000a4 mem 0x800108ef
core   0: 0x800056ce (0x00494883) lbu     a7, 4(s2)
core   0: 3 0x800056ce (0x00494883) x17 0x00000044 mem 0x8001038f
core   0: 0x800056d2 (0xffaa4983) lbu     s3, -6(s4)
core   0: 3 0x800056d2 (0xffaa4983) x19 0x00000020 mem 0x80010f6b
core   0: 0x800056d6 (0x0efb4283) lbu     t0, 239(s6)
core   0: 3 0x800056d6 (0x0efb4283) x 5 0x00000094 mem 0x80010c97
core   0: 0x800056da (0x004a4483) lbu     s1, 4(s4)
core   0: 3 0x800056da (0x004a4483) x 9 0x0000002e mem 0x80010f75
core   0: 0x800056de (0x0160076f) jal     a4, pc + 0x16
core   0: 3 0x800056de (0x0160076f) x14 0x800056e2
core   0: 0x800056f4 (0x00a0076f) jal     a4, pc + 0xa
core   0: 3 0x800056f4 (0x00a0076f) x14 0x800056f8
core   0: 0x800056fe (0x00002019) c.jal   pc + 6
core   0: 3 0x800056fe (0x2019) x 1 0x80005700
core   0: 0x80005704 (0xfedff16f) jal     sp, pc - 0x14
core   0: 3 0x80005704 (0xfedff16f) x 2 0x80005708
core   0: 0x800056f0 (0x0000bfd5) c.j     pc - 12
core   0: 3 0x800056f0 (0xbfd5)
core   0: 0x800056e4 (0x01c000ef) jal     pc + 0x1c
core   0: 3 0x800056e4 (0x01c000ef) x 1 0x800056e8
core   0: 0x80005700 (0x00003fe5) c.jal   pc - 8
core   0: 3 0x80005700 (0x3fe5) x 1 0x80005702
core   0: 0x800056f8 (0x0040036f) jal     t1, pc + 0x4
core   0: 3 0x800056f8 (0x0040036f) x 6 0x800056fc
core   0: 0x800056fc (0x0000bfc5) c.j     pc - 16
core   0: 3 0x800056fc (0xbfc5)
core   0: 0x800056ec (0x006000ef) jal     pc + 0x6
core   0: 3 0x800056ec (0x006000ef) x 1 0x800056f0
core   0: 0x800056f2 (0x0000a801) c.j     pc + 16
core   0: 3 0x800056f2 (0xa801)
core   0: 0x80005702 (0x000037dd) c.jal   pc - 26
core   0: 3 0x80005702 (0x37dd) x 1 0x80005704
core   0: 0x800056e8 (0xffbff0ef) jal     pc - 0x6
core   0: 3 0x800056e8 (0xffbff0ef) x 1 0x800056ec
core   0: 0x800056e2 (0x0000201d) c.jal   pc + 38
core   0: 3 0x800056e2 (0x201d) x 1 0x800056e4
core   0: 0x80005708 (0x41cfd313) srai    t1, t6, 28
core   0: 3 0x80005708 (0x41cfd313) x 6 0x00000000
core   0: 0x8000570c (0x0000b117) auipc   sp, 0xb
core   0: 3 0x8000570c (0x0000b117) x 2 0x8001070c
core   0: 0x80005710 (0x55c10113) addi    sp, sp, 1372
core   0: 3 0x80005710 (0x55c10113) x 2 0x80010c68
core   0: 0x80005714 (0x03d33db3) mulhu   s11, t1, t4
core   0: 3 0x80005714 (0x03d33db3) x27 0x00000000
core   0: 0x80005718 (0xfdf107a3) sb      t6, -49(sp)
core   0: 3 0x80005718 (0xfdf107a3) mem 0x80010c37 0xd
core   0: 0x8000571c (0x004a21b3) slt     gp, s4, tp
core   0: 3 0x8000571c (0x004a21b3) x 3 0x00000000
core   0: 0x80005720 (0xfc314e03) lbu     t3, -61(sp)
core   0: 3 0x80005720 (0xfc314e03) x28 0x000000e0 mem 0x80010c2b
core   0: 0x80005724 (0x000056e2) c.lwsp  a3, 56(sp)
core   0: 3 0x80005724 (0x56e2) x13 0x58595a5b mem 0x80010ca0
core   0: 0x80005726 (0xfd0107a3) sb      a6, -49(sp)
core   0: 3 0x80005726 (0xfd0107a3) mem 0x80010c37 0x0
core   0: 0x8000572a (0xfd215083) lhu     ra, -46(sp)
core   0: 3 0x8000572a (0xfd215083) x 1 0x0000f0f1 mem 0x80010c3a
core   0: 0x8000572e (0x01b2e733) or      a4, t0, s11
core   0: 3 0x8000572e (0x01b2e733) x14 0x00000094
core   0: 0x80005732 (0x00000001) c.nop
core   0: 3 0x80005732 (0x0001)
core   0: 0x80005734 (0x00004a62) c.lwsp  s4, 24(sp)
core   0: 3 0x80005734 (0x4a62) x20 0x38393a3b mem 0x80010c80
core   0: 0x80005736 (0xfcd10923) sb      a3, -46(sp)
core   0: 3 0x80005736 (0xfcd10923) mem 0x80010c3a 0x5b
core   0: 0x8000573a (0x01959633) sll     a2, a1, s9
core   0: 3 0x8000573a (0x01959633) x12 0x00000000
core   0: 0x8000573e (0x00897333) and     t1, s2, s0
core   0: 3 0x8000573e (0x00897333) x 6 0x00000280
core   0: 0x80005742 (0x2d853e13) sltiu   t3, a0, 728
core   0: 3 0x80005742 (0x2d853e13) x28 0x00000001
core   0: 0x80005746 (0x0203b8b3) mulhu   a7, t2, zero
core   0: 3 0x80005746 (0x0203b8b3) x17 0x00000000
core   0: 0x8000574a (0x02611d03) lh      s10, 38(sp)
core   0: 3 0x8000574a (0x02611d03) x26 0x00004445 mem 0x80010c8e
core   0: 0x8000574e (0x00008791) c.srai  a5, 4
core   0: 3 0x8000574e (0x8791) x15 0xfe0e1000
core   0: 0x80005750 (0x00710803) lb      a6, 7(sp)
core   0: 3 0x80005750 (0x00710803) x16 0x00000024 mem 0x80010c6f
core   0: 0x80005754 (0x0252b0b3) mulhu   ra, t0, t0
core   0: 3 0x80005754 (0x0252b0b3) x 1 0x00000000
core   0: 0x80005758 (0x00008e3d) c.xor   a2, a5
core   0: 3 0x80005758 (0x8e3d) x12 0xfe0e1000
core   0: 0x8000575a (0x02d61033) mulh    zero, a2, a3
core   0: 3 0x8000575a (0x02d61033)
core   0: 0x8000575e (0x011142b3) xor     t0, sp, a7
core   0: 3 0x8000575e (0x011142b3) x 5 0x80010c68
core   0: 0x80005762 (0x00652d33) slt     s10, a0, t1
core   0: 3 0x80005762 (0x00652d33) x26 0x00000001
core   0: 0x80005766 (0x012eabb3) slt     s7, t4, s2
core   0: 3 0x80005766 (0x012eabb3) x23 0x00000000
core   0: 0x8000576a (0x000085ce) c.mv    a1, s3
core   0: 3 0x8000576a (0x85ce) x11 0x00000020
core   0: 0x8000576c (0x00008fc5) c.or    a5, s1
core   0: 3 0x8000576c (0x8fc5) x15 0xfe0e102e
core   0: 0x8000576e (0x02a91833) mulh    a6, s2, a0
core   0: 3 0x8000576e (0x02a91833) x16 0xffffff90
core   0: 0x80005772 (0xfef14183) lbu     gp, -17(sp)
core   0: 3 0x80005772 (0xfef14183) x 3 0x0000000c mem 0x80010c57
core   0: 0x80005776 (0x0000f117) auipc   sp, 0xf
core   0: 3 0x80005776 (0x0000f117) x 2 0x80014776
core   0: 0x8000577a (0x22f10113) addi    sp, sp, 559
core   0: 3 0x8000577a (0x22f10113) x 2 0x800149a5
core   0: 0x8000577e (0x00000001) c.nop
core   0: 3 0x8000577e (0x0001)
core   0: 0x80005780 (0x02510823) sb      t0, 48(sp)
core   0: 3 0x80005780 (0x02510823) mem 0x800149d5 0x68
core   0: 0x80005784 (0x0000100f) fence.i
core   0: 3 0x80005784 (0x0000100f)
core   0: 0x80005788 (0x02c105a3) sb      a2, 43(sp)
core   0: 3 0x80005788 (0x02c105a3) mem 0x800149d0 0x0
core   0: 0x8000578c (0x026dd633) divu    a2, s11, t1
core   0: 3 0x8000578c (0x026dd633) x12 0x00000000
core   0: 0x80005790 (0x00d10303) lb      t1, 13(sp)
core   0: 3 0x80005790 (0x00d10303) x 6 0x00000069 mem 0x800149b2
core   0: 0x80005794 (0x00667db3) and     s11, a2, t1
core   0: 3 0x80005794 (0x00667db3) x27 0x00000000
core   0: 0x80005798 (0x00c10523) sb      a2, 10(sp)
core   0: 3 0x80005798 (0x00c10523) mem 0x800149af 0x0
core   0: 0x8000579c (0x00008241) c.srli  a2, 16
core   0: 3 0x8000579c (0x8241) x12 0x00000000
core   0: 0x8000579e (0x02410d83) lb      s11, 36(sp)
core   0: 3 0x8000579e (0x02410d83) x27 0xffffff82 mem 0x800149c9
core   0: 0x800057a2 (0x03e30613) addi    a2, t1, 62
core   0: 3 0x800057a2 (0x03e30613) x12 0x000000a7
core   0: 0x800057a6 (0x005da2b3) slt     t0, s11, t0
core   0: 3 0x800057a6 (0x005da2b3) x 5 0x00000000
core   0: 0x800057aa (0x02610923) sb      t1, 50(sp)
core   0: 3 0x800057aa (0x02610923) mem 0x800149d7 0x69
core   0: 0x800057ae (0x01410a03) lb      s4, 20(sp)
core   0: 3 0x800057ae (0x01410a03) x20 0x00000072 mem 0x800149b9
core   0: 0x800057b2 (0xfc5115a3) sh      t0, -53(sp)
core   0: 3 0x800057b2 (0xfc5115a3) mem 0x80014970 0x0000
core   0: 0x800057b6 (0xff614d83) lbu     s11, -10(sp)
core   0: 3 0x800057b6 (0xff614d83) x27 0x00000050 mem 0x8001499b
core   0: 0x800057ba (0x0073d3b3) srl     t2, t2, t2
core   0: 3 0x800057ba (0x0073d3b3) x 7 0x0000000a
core   0: 0x800057be (0x00006d8d) c.lui   s11, 0x3
core   0: 3 0x800057be (0x6d8d) x27 0x00003000
core   0: 0x800057c0 (0x03810283) lb      t0, 56(sp)
core   0: 3 0x800057c0 (0x03810283) x 5 0xffffff96 mem 0x800149dd
core   0: 0x800057c4 (0x03d10603) lb      a2, 61(sp)
core   0: 3 0x800057c4 (0x03d10603) x12 0xffffff99 mem 0x800149e2
core   0: 0x800057c8 (0x01711603) lh      a2, 23(sp)
core   0: 3 0x800057c8 (0x01711603) x12 0xffffc077 mem 0x800149bc
core   0: 0x800057cc (0xfe914383) lbu     t2, -23(sp)
core   0: 3 0x800057cc (0xfe914383) x 7 0x00000045 mem 0x8001498e
core   0: 0x800057d0 (0x00c2adb3) slt     s11, t0, a2
core   0: 3 0x800057d0 (0x00c2adb3) x27 0x00000000
core   0: 0x800057d4 (0x02c10383) lb      t2, 44(sp)
core   0: 3 0x800057d4 (0x02c10383) x 7 0xffffff8a mem 0x800149d1
core   0: 0x800057d8 (0x00008e51) c.or    a2, a2
core   0: 3 0x800057d8 (0x8e51) x12 0xffffc077
core   0: 0x800057da (0xfd712303) lw      t1, -41(sp)
core   0: 3 0x800057da (0xfd712303) x 6 0x34353637 mem 0x8001497c
core   0: 0x800057de (0x00c3d2b3) srl     t0, t2, a2
core   0: 3 0x800057de (0x00c3d2b3) x 5 0x000001ff
core   0: 0x800057e2 (0x00c14d83) lbu     s11, 12(sp)
core   0: 3 0x800057e2 (0x00c14d83) x27 0x0000006a mem 0x800149b1
core   0: 0x800057e6 (0x02a10d83) lb      s11, 42(sp)
core   0: 3 0x800057e6 (0x02a10d83) x27 0xffffff84 mem 0x800149cf
core   0: 0x800057ea (0x00000001) c.nop
core   0: 3 0x800057ea (0x0001)
core   0: 0x800057ec (0x03bdda33) divu    s4, s11, s11
core   0: 3 0x800057ec (0x03bdda33) x20 0x00000001
core   0: 0x800057f0 (0x0ff0000f) fence   iorw,iorw
core   0: 3 0x800057f0 (0x0ff0000f)
core   0: 0x800057f4 (0x02414303) lbu     t1, 36(sp)
core   0: 3 0x800057f4 (0x02414303) x 6 0x00000082 mem 0x800149c9
core   0: 0x800057f8 (0x0000100f) fence.i
core   0: 3 0x800057f8 (0x0000100f)
core   0: 0x800057fc (0x03b643b3) div     t2, a2, s11
core   0: 3 0x800057fc (0x03b643b3) x 7 0x00000083
core   0: 0x80005800 (0x00c10c23) sb      a2, 24(sp)
core   0: 3 0x80005800 (0x00c10c23) mem 0x800149bd 0x77
core   0: 0x80005804 (0x027106a3) sb      t2, 45(sp)
core   0: 3 0x80005804 (0x027106a3) mem 0x800149d2 0x83
core   0: 0x80005808 (0x027db633) mulhu   a2, s11, t2
core   0: 3 0x80005808 (0x027db633) x12 0x00000082
core   0: 0x8000580c (0x00610d83) lb      s11, 6(sp)
core   0: 3 0x8000580c (0x00610d83) x27 0x00000060 mem 0x800149ab
core   0: 0x80005810 (0x1e92c393) xori    t2, t0, 489
core   0: 3 0x80005810 (0x1e92c393) x 7 0x00000016
core   0: 0x80005814 (0x0262b333) mulhu   t1, t0, t1
core   0: 3 0x80005814 (0x0262b333) x 6 0x00000000
core   0: 0x80005818 (0x01e61a13) slli    s4, a2, 30
core   0: 3 0x80005818 (0x01e61a13) x20 0x80000000
core   0: 0x8000581c (0xfe610523) sb      t1, -22(sp)
core   0: 3 0x8000581c (0xfe610523) mem 0x8001498f 0x0
core   0: 0x80005820 (0x1aeb5a37) lui     s4, 0x1aeb5
core   0: 3 0x80005820 (0x1aeb5a37) x20 0x1aeb5000
core   0: 0x80005824 (0x03460a33) mul     s4, a2, s4
core   0: 3 0x80005824 (0x03460a33) x20 0xab7ea000
core   0: 0x80005828 (0xfc514383) lbu     t2, -59(sp)
core   0: 3 0x80005828 (0xfc514383) x 7 0x00000021 mem 0x8001496a
core   0: 0x8000582c (0x00800993) li      s3, 8
core   0: 3 0x8000582c (0x00800993) x19 0x00000008
core   0: 0x80005830 (0x000097fa) c.add   a5, t5
core   0: 3 0x80005830 (0x97fa) x15 0xfe0e1054
core   0: 0x80005832 (0x00009ee6) c.add   t4, s9
core   0: 3 0x80005832 (0x9ee6) x29 0x80025e58
core   0: 0x80005834 (0x000083ee) c.mv    t2, s11
core   0: 3 0x80005834 (0x83ee) x 7 0x00000060
core   0: 0x80005836 (0x00000001) c.nop
core   0: 3 0x80005836 (0x0001)
core   0: 0x80005838 (0xf0594d13) xori    s10, s2, -251
core   0: 3 0x80005838 (0xf0594d13) x26 0x7ffefc8e
core   0: 0x8000583c (0x00371a13) slli    s4, a4, 3
core   0: 3 0x8000583c (0x00371a13) x20 0x000004a0
core   0: 0x80005840 (0xff400913) li      s2, -12
core   0: 3 0x80005840 (0xff400913) x18 0xfffffff4
core   0: 0x80005844 (0x41f685b3) sub     a1, a3, t6
core   0: 3 0x80005844 (0x41f685b3) x11 0x58595a4e
core   0: 0x80005848 (0x01c88033) add     zero, a7, t3
core   0: 3 0x80005848 (0x01c88033)
core   0: 0x8000584c (0x010a3a33) sltu    s4, s4, a6
core   0: 3 0x8000584c (0x010a3a33) x20 0x00000001
core   0: 0x80005850 (0x02ae2133) mulhsu  sp, t3, a0
core   0: 3 0x80005850 (0x02ae2133) x 2 0x00000000
core   0: 0x80005854 (0x00d50db3) add     s11, a0, a3
core   0: 3 0x80005854 (0x00d50db3) x27 0x58595b3b
core   0: 0x80005858 (0x000019f1) c.addi  s3, -4
core   0: 3 0x80005858 (0x19f1) x19 0x00000004
core   0: 0x8000585a (0xeb34ffb7) lui     t6, 0xeb34f
core   0: 3 0x8000585a (0xeb34ffb7) x31 0xeb34f000
core   0: 0x8000585e (0x39605817) auipc   a6, 0x39605
core   0: 3 0x8000585e (0x39605817) x16 0xb960a85e
core   0: 0x80005862 (0xdd38f613) andi    a2, a7, -557
core   0: 3 0x80005862 (0xdd38f613) x12 0x00000000
core   0: 0x80005866 (0x0332e6b3) rem     a3, t0, s3
core   0: 3 0x80005866 (0x0332e6b3) x13 0x00000003
core   0: 0x8000586a (0x0ff0000f) fence   iorw,iorw
core   0: 3 0x8000586a (0x0ff0000f)
core   0: 0x8000586e (0x57de2717) auipc   a4, 0x57de2
core   0: 3 0x8000586e (0x57de2717) x14 0xd7de786e
core   0: 0x80005872 (0x017deeb3) or      t4, s11, s7
core   0: 3 0x80005872 (0x017deeb3) x29 0x58595b3b
core   0: 0x80005876 (0x00aabb33) sltu    s6, s5, a0
core   0: 3 0x80005876 (0x00aabb33) x22 0x00000000
core   0: 0x8000587a (0x00000335) c.addi  t1, 13
core   0: 3 0x8000587a (0x0335) x 6 0x0000000d
core   0: 0x8000587c (0x006e3bb3) sltu    s7, t3, t1
core   0: 3 0x8000587c (0x006e3bb3) x23 0x00000001
core   0: 0x80005880 (0xfd2988e3) beq     s3, s2, pc - 48
core   0: 3 0x80005880 (0xfd2988e3)
core   0: 0x80005884 (0x000086ce) c.mv    a3, s3
core   0: 3 0x80005884 (0x86ce) x13 0x00000004
core   0: 0x80005886 (0x0080076f) jal     a4, pc + 0x8
core   0: 3 0x80005886 (0x0080076f) x14 0x8000588a
core   0: 0x8000588e (0x0000a809) c.j     pc + 18
core   0: 3 0x8000588e (0xa809)
core   0: 0x800058a0 (0x0000a031) c.j     pc + 12
core   0: 3 0x800058a0 (0xa031)
core   0: 0x800058ac (0x0000a031) c.j     pc + 12
core   0: 3 0x800058ac (0xa031)
core   0: 0x800058b8 (0x00003fc9) c.jal   pc - 46
core   0: 3 0x800058b8 (0x3fc9) x 1 0x800058ba
core   0: 0x8000588a (0x01c00a6f) jal     s4, pc + 0x1c
core   0: 3 0x8000588a (0x01c00a6f) x20 0x8000588e
core   0: 0x800058a6 (0x00002011) c.jal   pc + 4
core   0: 3 0x800058a6 (0x2011) x 1 0x800058a8
core   0: 0x800058aa (0x0000bfcd) c.j     pc - 14
core   0: 3 0x800058aa (0xbfcd)
core   0: 0x8000589c (0x0220016f) jal     sp, pc + 0x22
core   0: 3 0x8000589c (0x0220016f) x 2 0x800058a0
core   0: 0x800058be (0x0000b7ed) c.j     pc - 22
core   0: 3 0x800058be (0xb7ed)
core   0: 0x800058a8 (0x00002019) c.jal   pc + 6
core   0: 3 0x800058a8 (0x2019) x 1 0x800058aa
core   0: 0x800058ae (0x000037e5) c.jal   pc - 24
core   0: 3 0x800058ae (0x37e5) x 1 0x800058b0
core   0: 0x80005896 (0x00002829) c.jal   pc + 26
core   0: 3 0x80005896 (0x2829) x 1 0x80005898
core   0: 0x800058b0 (0x0000a019) c.j     pc + 6
core   0: 3 0x800058b0 (0xa019)
core   0: 0x800058b6 (0x0000bff5) c.j     pc - 4
core   0: 3 0x800058b6 (0xbff5)
core   0: 0x800058b2 (0xff1ff0ef) jal     pc - 0x10
core   0: 3 0x800058b2 (0xff1ff0ef) x 1 0x800058b6
core   0: 0x800058a2 (0x0180076f) jal     a4, pc + 0x18
core   0: 3 0x800058a2 (0x0180076f) x14 0x800058a6
core   0: 0x800058ba (0xfd7ff0ef) jal     pc - 0x2a
core   0: 3 0x800058ba (0xfd7ff0ef) x 1 0x800058be
core   0: 0x80005890 (0x00002009) c.jal   pc + 2
core   0: 3 0x80005890 (0x2009) x 1 0x80005892
core   0: 0x80005892 (0x0060066f) jal     a2, pc + 0x6
core   0: 3 0x80005892 (0x0060066f) x12 0x80005896
core   0: 0x80005898 (0x0280036f) jal     t1, pc + 0x28
core   0: 3 0x80005898 (0x0280036f) x 6 0x8000589c
core   0: 0x800058c0 (0x012c0d33) add     s10, s8, s2
core   0: 3 0x800058c0 (0x012c0d33) x26 0x0000002e
core   0: 0x800058c4 (0x0000b897) auipc   a7, 0xb
core   0: 3 0x800058c4 (0x0000b897) x17 0x800108c4
core   0: 0x800058c8 (0x4cc88893) addi    a7, a7, 1228
core   0: 3 0x800058c8 (0x4cc88893) x17 0x80010d90
core   0: 0x800058cc (0x0000ba17) auipc   s4, 0xb
core   0: 3 0x800058cc (0x0000ba17) x20 0x800108cc
core   0: 0x800058d0 (0x4eaa0a13) addi    s4, s4, 1258
core   0: 3 0x800058d0 (0x4eaa0a13) x20 0x80010db6
core   0: 0x800058d4 (0x01089c23) sh      a6, 24(a7)
core   0: 3 0x800058d4 (0x01089c23) mem 0x80010da8 0xa85e
core   0: 0x800058d8 (0x0000b297) auipc   t0, 0xb
core   0: 3 0x800058d8 (0x0000b297) x 5 0x800108d8
core   0: 0x800058dc (0xf0928293) addi    t0, t0, -247
core   0: 3 0x800058dc (0xf0928293) x 5 0x800107e1
core   0: 0x800058e0 (0x022880a3) sb      sp, 33(a7)
core   0: 3 0x800058e0 (0x022880a3) mem 0x80010db1 0xa0
core   0: 0x800058e4 (0x7102c783) lbu     a5, 1808(t0)
core   0: 3 0x800058e4 (0x7102c783) x15 0x000000aa mem 0x80010ef1
core   0: 0x800058e8 (0x0000bc17) auipc   s8, 0xb
core   0: 3 0x800058e8 (0x0000bc17) x24 0x800108e8
core   0: 0x800058ec (0x420c0c13) addi    s8, s8, 1056
core   0: 3 0x800058ec (0x420c0c13) x24 0x80010d08
core   0: 0x800058f0 (0x0000b317) auipc   t1, 0xb
core   0: 3 0x800058f0 (0x0000b317) x 6 0x800108f0
core   0: 0x800058f4 (0x1b430313) addi    t1, t1, 436
core   0: 3 0x800058f4 (0x1b430313) x 6 0x80010aa4
core   0: 0x800058f8 (0xf0a31823) sh      a0, -240(t1)
core   0: 3 0x800058f8 (0xf0a31823) mem 0x800109b4 0x00e0
core   0: 0x800058fc (0x008a0003) lb      zero, 8(s4)
core   0: 3 0x800058fc (0x008a0003) mem 0x80010dbe
core   0: 0x80005900 (0x27428003) lb      zero, 628(t0)
core   0: 3 0x80005900 (0x27428003) mem 0x80010a55
core   0: 0x80005904 (0xff8a4803) lbu     a6, -8(s4)
core   0: 3 0x80005904 (0xff8a4803) x16 0x00000065 mem 0x80010dae
core   0: 0x80005908 (0xff831103) lh      sp, -8(t1)
core   0: 3 0x80005908 (0xff831103) x 2 0x00005657 mem 0x80010a9c
core   0: 0x8000590c (0xff5a0b03) lb      s6, -11(s4)
core   0: 3 0x8000590c (0xff5a0b03) x22 0x00000060 mem 0x80010dab
core   0: 0x80005910 (0xea0299a3) sh      zero, -333(t0)
core   0: 3 0x80005910 (0xea0299a3) mem 0x80010694 0x0000
core   0: 0x80005914 (0x036a5183) lhu     gp, 54(s4)
core   0: 3 0x80005914 (0x036a5183) x 3 0x0000a6a7 mem 0x80010dec
core   0: 0x80005918 (0xfd1c0d03) lb      s10, -47(s8)
core   0: 3 0x80005918 (0xfd1c0d03) x26 0xffffff92 mem 0x80010cd9
core   0: 0x8000591c (0xfff88da3) sb      t6, -5(a7)
core   0: 3 0x8000591c (0xfff88da3) mem 0x80010d8b 0x0
core   0: 0x80005920 (0xffcc2423) sw      t3, -24(s8)
core   0: 3 0x80005920 (0xffcc2423) mem 0x80010cf0 0x00000001
core   0: 0x80005924 (0xfed888a3) sb      a3, -15(a7)
core   0: 3 0x80005924 (0xfed888a3) mem 0x80010d81 0x4
core   0: 0x80005928 (0x96728b23) sb      t2, -1674(t0)
core   0: 3 0x80005928 (0x96728b23) mem 0x80010157 0x60
core   0: 0x8000592c (0x00130ba3) sb      ra, 23(t1)
core   0: 3 0x8000592c (0x00130ba3) mem 0x80010abb 0x92
core   0: 0x80005930 (0xfed30d83) lb      s11, -19(t1)
core   0: 3 0x80005930 (0xfed30d83) x27 0x0000004a mem 0x80010a91
core   0: 0x80005934 (0xff5a2523) sw      s5, -22(s4)
core   0: 3 0x80005934 (0xff5a2523) mem 0x80010da0 0x80029ce4
core   0: 0x80005938 (0x0ae28d03) lb      s10, 174(t0)
core   0: 3 0x80005938 (0x0ae28d03) x26 0x00000000 mem 0x8001088f
core   0: 0x8000593c (0x032a1623) sh      s2, 44(s4)
core   0: 3 0x8000593c (0x032a1623) mem 0x80010de2 0xfff4
core   0: 0x80005940 (0x015c0103) lb      sp, 21(s8)
core   0: 3 0x80005940 (0x015c0103) x 2 0xffffffd6 mem 0x80010d1d
core   0: 0x80005944 (0xfc7c4803) lbu     a6, -57(s8)
core   0: 3 0x80005944 (0xfc7c4803) x16 0x00000084 mem 0x80010ccf
core   0: 0x80005948 (0xfd68d103) lhu     sp, -42(a7)
core   0: 3 0x80005948 (0xfd68d103) x 2 0x00001c1d mem 0x80010d66
core   0: 0x8000594c (0x0ce31603) lh      a2, 206(t1)
core   0: 3 0x8000594c (0x0ce31603) x12 0x00002829 mem 0x80010b72
core   0: 0x80005950 (0xff5c0103) lb      sp, -11(s8)
core   0: 3 0x80005950 (0xff5c0103) x 2 0xffffffb6 mem 0x80010cfd
core   0: 0x80005954 (0xf5a30583) lb      a1, -166(t1)
core   0: 3 0x80005954 (0xf5a30583) x11 0xffffffb5 mem 0x800109fe
core   0: 0x80005958 (0x021a4583) lbu     a1, 33(s4)
core   0: 3 0x80005958 (0x021a4583) x11 0x0000008c mem 0x80010dd7
core   0: 0x8000595c (0x0258c383) lbu     t2, 37(a7)
core   0: 3 0x8000595c (0x0258c383) x 7 0x0000006e mem 0x80010db5
core   0: 0x80005960 (0x01dc4403) lbu     s0, 29(s8)
core   0: 3 0x80005960 (0x01dc4403) x 8 0x000000de mem 0x80010d25
core   0: 0x80005964 (0xffda1e23) sh      t4, -4(s4)
core   0: 3 0x80005964 (0xffda1e23) mem 0x80010db2 0x5b3b
core   0: 0x80005968 (0xa6528903) lb      s2, -1435(t0)
core   0: 3 0x80005968 (0xa6528903) x18 0xfffffffd mem 0x80010246
core   0: 0x8000596c (0xfdba0f03) lb      t5, -37(s4)
core   0: 3 0x8000596c (0xfdba0f03) x30 0x0000004a mem 0x80010d91
core   0: 0x80005970 (0xfe189423) sh      ra, -24(a7)
core   0: 3 0x80005970 (0xfe189423) mem 0x80010d78 0x5892
core   0: 0x80005974 (0x0c934683) lbu     a3, 201(t1)
core   0: 3 0x80005974 (0x0c934683) x13 0x00000026 mem 0x80010b6d
core   0: 0x80005978 (0xfe18c503) lbu     a0, -31(a7)
core   0: 3 0x80005978 (0xfe18c503) x10 0x0000002a mem 0x80010d71
core   0: 0x8000597c (0x038a1423) sh      s8, 40(s4)
core   0: 3 0x8000597c (0x038a1423) mem 0x80010dde 0x0d08
core   0: 0x80005980 (0xfe0c08a3) sb      zero, -15(s8)
core   0: 3 0x80005980 (0xfe0c08a3) mem 0x80010cf9 0x0
core   0: 0x80005984 (0x0000be97) auipc   t4, 0xb
core   0: 3 0x80005984 (0x0000be97) x29 0x80010984
core   0: 0x80005988 (0xa76e8e93) addi    t4, t4, -1418
core   0: 3 0x80005988 (0xa76e8e93) x29 0x800103fa
core   0: 0x8000598c (0xff0e8383) lb      t2, -16(t4)
core   0: 3 0x8000598c (0xff0e8383) x 7 0xffffffa1 mem 0x800103ea
core   0: 0x80005990 (0xfe1e8aa3) sb      ra, -11(t4)
core   0: 3 0x80005990 (0xfe1e8aa3) mem 0x800103ef 0x92
core   0: 0x80005994 (0xfeae8aa3) sb      a0, -11(t4)
core   0: 3 0x80005994 (0xfeae8aa3) mem 0x800103ef 0x2a
core   0: 0x80005998 (0x01ce86a3) sb      t3, 13(t4)
core   0: 3 0x80005998 (0x01ce86a3) mem 0x80010407 0x1
core   0: 0x8000599c (0x00ce9703) lh      a4, 12(t4)
core   0: 3 0x8000599c (0x00ce9703) x14 0x000001bd mem 0x80010406
core   0: 0x800059a0 (0xff2ed283) lhu     t0, -14(t4)
core   0: 3 0x800059a0 (0xff2ed283) x 5 0x0000a6a7 mem 0x800103ec
core   0: 0x800059a4 (0xff7e8183) lb      gp, -9(t4)
core   0: 3 0x800059a4 (0xff7e8183) x 3 0xffffffaa mem 0x800103f1
core   0: 0x800059a8 (0xff7ec383) lbu     t2, -9(t4)
core   0: 3 0x800059a8 (0xff7ec383) x 7 0x000000aa mem 0x800103f1
core   0: 0x800059ac (0xff7ec283) lbu     t0, -9(t4)
core   0: 3 0x800059ac (0xff7ec283) x 5 0x000000aa mem 0x800103f1
core   0: 0x800059b0 (0x000085ed) c.srai  a1, 27
core   0: 3 0x800059b0 (0x85ed) x11 0x00000000
core   0: 0x800059b2 (0xfffec883) lbu     a7, -1(t4)
core   0: 3 0x800059b2 (0xfffec883) x17 0x000000b2 mem 0x800103f9
core   0: 0x800059b6 (0xfffecd03) lbu     s10, -1(t4)
core   0: 3 0x800059b6 (0xfffecd03) x26 0x000000b2 mem 0x800103f9
core   0: 0x800059ba (0xfffec383) lbu     t2, -1(t4)
core   0: 3 0x800059ba (0xfffec383) x 7 0x000000b2 mem 0x800103f9
core   0: 0x800059be (0x00019a17) auipc   s4, 0x19
core   0: 3 0x800059be (0x00019a17) x20 0x8001e9be
core   0: 0x800059c2 (0xee8a0a13) addi    s4, s4, -280
core   0: 3 0x800059c2 (0xee8a0a13) x20 0x8001e8a6
core   0: 0x800059c6 (0x0000b497) auipc   s1, 0xb
core   0: 3 0x800059c6 (0x0000b497) x 9 0x800109c6
core   0: 0x800059ca (0x99e48493) addi    s1, s1, -1634
core   0: 3 0x800059ca (0x99e48493) x 9 0x80010364
core   0: 0x800059ce (0xfefa0003) lb      zero, -17(s4)
core   0: 3 0x800059ce (0xfefa0003) mem 0x8001e895
core   0: 0x800059d2 (0x005a08a3) sb      t0, 17(s4)
core   0: 3 0x800059d2 (0x005a08a3) mem 0x8001e8b7 0xaa
core   0: 0x800059d6 (0xff94c683) lbu     a3, -7(s1)
core   0: 3 0x800059d6 (0xff94c683) x13 0x00000016 mem 0x8001035d
core   0: 0x800059da (0xff848c23) sb      s8, -8(s1)
core   0: 3 0x800059da (0xff848c23) mem 0x8001035c 0x8
core   0: 0x800059de (0x01aa5003) lhu     zero, 26(s4)
core   0: 3 0x800059de (0x01aa5003) mem 0x8001e8c0
core   0: 0x800059e2 (0x00148c03) lb      s8, 1(s1)
core   0: 3 0x800059e2 (0x00148c03) x24 0x0000001e mem 0x80010365
core   0: 0x800059e6 (0xffca0d83) lb      s11, -4(s4)
core   0: 3 0x800059e6 (0xffca0d83) x27 0x00000059 mem 0x8001e8a2
core   0: 0x800059ea (0x0004cb03) lbu     s6, 0(s1)
core   0: 3 0x800059ea (0x0004cb03) x22 0x0000001f mem 0x80010364
core   0: 0x800059ee (0x005a0603) lb      a2, 5(s4)
core   0: 3 0x800059ee (0x005a0603) x12 0x00000060 mem 0x8001e8ab
core   0: 0x800059f2 (0x00348983) lb      s3, 3(s1)
core   0: 3 0x800059f2 (0x00348983) x19 0x0000001c mem 0x80010367
core   0: 0x800059f6 (0xff24df83) lhu     t6, -14(s1)
core   0: 3 0x800059f6 (0xff24df83) x31 0x00000c0d mem 0x80010356
core   0: 0x800059fa (0x0000ba17) auipc   s4, 0xb
core   0: 3 0x800059fa (0x0000ba17) x20 0x800109fa
core   0: 0x800059fe (0x295a0a13) addi    s4, s4, 661
core   0: 3 0x800059fe (0x295a0a13) x20 0x80010c8f
core   0: 0x80005a02 (0x0000a097) auipc   ra, 0xa
core   0: 3 0x80005a02 (0x0000a097) x 1 0x8000fa02
core   0: 0x80005a06 (0x6e408093) addi    ra, ra, 1764
core   0: 3 0x80005a06 (0x6e408093) x 1 0x800100e6
core   0: 0x80005a0a (0x01ea4803) lbu     a6, 30(s4)
core   0: 3 0x80005a0a (0x01ea4803) x16 0x00000066 mem 0x80010cad
core   0: 0x80005a0e (0x0000bb97) auipc   s7, 0xb
core   0: 3 0x80005a0e (0x0000bb97) x23 0x80010a0e
core   0: 0x80005a12 (0x5b5b8b93) addi    s7, s7, 1461
core   0: 3 0x80005a12 (0x5b5b8b93) x23 0x80010fc3
core   0: 0x80005a16 (0x0c709423) sh      t2, 200(ra)
core   0: 3 0x80005a16 (0x0c709423) mem 0x800101ae 0x00b2
core   0: 0x80005a1a (0x013a1ca3) sh      s3, 25(s4)
core   0: 3 0x80005a1a (0x013a1ca3) mem 0x80010ca8 0x001c
core   0: 0x80005a1e (0x024a4803) lbu     a6, 36(s4)
core   0: 3 0x80005a1e (0x024a4803) x16 0x00000068 mem 0x80010cb3
core   0: 0x80005a22 (0x0000b117) auipc   sp, 0xb
core   0: 3 0x80005a22 (0x0000b117) x 2 0x80010a22
core   0: 0x80005a26 (0x86b10113) addi    sp, sp, -1941
core   0: 3 0x80005a26 (0x86b10113) x 2 0x8001028d
core   0: 0x80005a2a (0xff910983) lb      s3, -7(sp)
core   0: 3 0x80005a2a (0xff910983) x19 0x0000003d mem 0x80010286
core   0: 0x80005a2e (0x015127a3) sw      s5, 15(sp)
core   0: 3 0x80005a2e (0x015127a3) mem 0x8001029c 0x80029ce4
core   0: 0x80005a32 (0xffdb88a3) sb      t4, -15(s7)
core   0: 3 0x80005a32 (0xffdb88a3) mem 0x80010fb4 0xfa
core   0: 0x80005a36 (0xff314f83) lbu     t6, -13(sp)
core   0: 3 0x80005a36 (0xff314f83) x31 0x0000003b mem 0x80010280
core   0: 0x80005a3a (0xfd6a4603) lbu     a2, -42(s4)
core   0: 3 0x80005a3a (0xfd6a4603) x12 0x0000001e mem 0x80010c65
core   0: 0x80005a3e (0x004a0823) sb      tp, 16(s4)
core   0: 3 0x80005a3e (0x004a0823) mem 0x80010c9f 0x0
core   0: 0x80005a42 (0x007bc283) lbu     t0, 7(s7)
core   0: 3 0x80005a42 (0x007bc283) x 5 0x00000081 mem 0x80010fca
core   0: 0x80005a46 (0x016114a3) sh      s6, 9(sp)
core   0: 3 0x80005a46 (0x016114a3) mem 0x80010296 0x001f
core   0: 0x80005a4a (0x00dba503) lw      a0, 13(s7)
core   0: 3 0x80005a4a (0x00dba503) x10 0x88898a8b mem 0x80010fd0
core   0: 0x80005a4e (0xfd2a0c03) lb      s8, -46(s4)
core   0: 3 0x80005a4e (0xfd2a0c03) x24 0x0000001a mem 0x80010c61
core   0: 0x80005a52 (0x0ec08783) lb      a5, 236(ra)
core   0: 3 0x80005a52 (0x0ec08783) x15 0xffffff89 mem 0x800101d2
core   0: 0x80005a56 (0xff3bdd83) lhu     s11, -13(s7)
core   0: 3 0x80005a56 (0xff3bdd83) x27 0x00006c6d mem 0x80010fb6
core   0: 0x80005a5a (0x06908183) lb      gp, 105(ra)
core   0: 3 0x80005a5a (0x06908183) x 3 0x00000004 mem 0x8001014f
core   0: 0x80005a5e (0x010bc003) lbu     zero, 16(s7)
core   0: 3 0x80005a5e (0x010bc003) mem 0x80010fd3
core   0: 0x80005a62 (0x0480c483) lbu     s1, 72(ra)
core   0: 3 0x80005a62 (0x0480c483) x 9 0x000000e5 mem 0x8001012e
core   0: 0x80005a66 (0xffdb9303) lh      t1, -3(s7)
core   0: 3 0x80005a66 (0xffdb9303) x 6 0x00007a7b mem 0x80010fc0
core   0: 0x80005a6a (0x018a4583) lbu     a1, 24(s4)
core   0: 3 0x80005a6a (0x018a4583) x11 0x0000005c mem 0x80010ca7
core   0: 0x80005a6e (0xfe3a1ba3) sh      gp, -9(s4)
core   0: 3 0x80005a6e (0xfe3a1ba3) mem 0x80010c86 0x0004
core   0: 0x80005a72 (0xffb11d03) lh      s10, -5(sp)
core   0: 3 0x80005a72 (0xffb11d03) x26 0x00004243 mem 0x80010288
core   0: 0x80005a76 (0xfb308483) lb      s1, -77(ra)
core   0: 3 0x80005a76 (0xfb308483) x 9 0x00000052 mem 0x80010099
core   0: 0x80005a7a (0x000b8003) lb      zero, 0(s7)
core   0: 3 0x80005a7a (0x000b8003) mem 0x80010fc3
core   0: 0x80005a7e (0x0000a817) auipc   a6, 0xa
core   0: 3 0x80005a7e (0x0000a817) x16 0x8000fa7e
core   0: 0x80005a82 (0x7d580813) addi    a6, a6, 2005
core   0: 3 0x80005a82 (0x7d580813) x16 0x80010253
core   0: 0x80005a86 (0x01880423) sb      s8, 8(a6)
core   0: 3 0x80005a86 (0x01880423) mem 0x8001025b 0x1a
core   0: 0x80005a8a (0xffa84303) lbu     t1, -6(a6)
core   0: 3 0x80005a8a (0xffa84303) x 6 0x00000006 mem 0x8001024d
core   0: 0x80005a8e (0x03e448b3) div     a7, s0, t5
core   0: 3 0x80005a8e (0x03e448b3) x17 0x00000003
core   0: 0x80005a92 (0x00385c03) lhu     s8, 3(a6)
core   0: 3 0x80005a92 (0x00385c03) x24 0x00000c0d mem 0x80010256
core   0: 0x80005a96 (0xffa84403) lbu     s0, -6(a6)
core   0: 3 0x80005a96 (0xffa84403) x 8 0x00000006 mem 0x8001024d
core   0: 0x80005a9a (0xffa84683) lbu     a3, -6(a6)
core   0: 3 0x80005a9a (0xffa84683) x13 0x00000006 mem 0x8001024d
core   0: 0x80005a9e (0x002817a3) sh      sp, 15(a6)
core   0: 3 0x80005a9e (0x002817a3) mem 0x80010262 0x028d
core   0: 0x80005aa2 (0x00d84303) lbu     t1, 13(a6)
core   0: 3 0x80005aa2 (0x00d84303) x 6 0x0000001b mem 0x80010260
core   0: 0x80005aa6 (0xffc80da3) sb      t3, -5(a6)
core   0: 3 0x80005aa6 (0xffc80da3) mem 0x8001024e 0x1
core   0: 0x80005aaa (0x00981b83) lh      s7, 9(a6)
core   0: 3 0x80005aaa (0x00981b83) x23 0x00001617 mem 0x8001025c
core   0: 0x80005aae (0x00982083) lw      ra, 9(a6)
core   0: 3 0x80005aae (0x00982083) x 1 0xd8151617 mem 0x8001025c
core   0: 0x80005ab2 (0xffa80fa3) sb      s10, -1(a6)
core   0: 3 0x80005ab2 (0xffa80fa3) mem 0x80010252 0x43
core   0: 0x80005ab6 (0xff180f23) sb      a7, -2(a6)
core   0: 3 0x80005ab6 (0xff180f23) mem 0x80010251 0x3
core   0: 0x80005aba (0x00680983) lb      s3, 6(a6)
core   0: 3 0x80005aba (0x00680983) x19 0x00000012 mem 0x80010259
core   0: 0x80005abe (0x000087f1) c.srai  a5, 28
core   0: 3 0x80005abe (0x87f1) x15 0xffffffff
core   0: 0x80005ac0 (0x00e80283) lb      t0, 14(a6)
core   0: 3 0x80005ac0 (0x00e80283) x 5 0x0000001a mem 0x80010261
core   0: 0x80005ac4 (0x00b85f83) lhu     t6, 11(a6)
core   0: 3 0x80005ac4 (0x00b85f83) x31 0x0000d815 mem 0x8001025e
core   0: 0x80005ac8 (0xff284a03) lbu     s4, -14(a6)
core   0: 3 0x80005ac8 (0xff284a03) x20 0x000000fe mem 0x80010245
core   0: 0x80005acc (0x00006555) c.lui   a0, 0x15
core   0: 3 0x80005acc (0x6555) x10 0x00015000
core   0: 0x80005ace (0x01a0c333) xor     t1, ra, s10
core   0: 3 0x80005ace (0x01a0c333) x 6 0xd8155454
core   0: 0x80005ad2 (0x012813a3) sh      s2, 7(a6)
core   0: 3 0x80005ad2 (0x012813a3) mem 0x8001025a 0xfffd
core   0: 0x80005ad6 (0x00e84503) lbu     a0, 14(a6)
core   0: 3 0x80005ad6 (0x00e84503) x10 0x0000001a mem 0x80010261
core   0: 0x80005ada (0x00e80583) lb      a1, 14(a6)
core   0: 3 0x80005ada (0x00e80583) x11 0x0000001a mem 0x80010261
core   0: 0x80005ade (0x00000001) c.nop
core   0: 3 0x80005ade (0x0001)
core   0: 0x80005ae0 (0x02e96c33) rem     s8, s2, a4
core   0: 3 0x80005ae0 (0x02e96c33) x24 0xfffffffd
core   0: 0x80005ae4 (0x00008d7d) c.and   a0, a5
core   0: 3 0x80005ae4 (0x8d7d) x10 0x0000001a
core   0: 0x80005ae6 (0x40bfdbb3) sra     s7, t6, a1
core   0: 3 0x80005ae6 (0x40bfdbb3) x23 0x00000000
core   0: 0x80005aea (0xf1e430b7) lui     ra, 0xf1e43
core   0: 3 0x80005aea (0xf1e430b7) x 1 0xf1e43000
core   0: 0x80005aee (0x00984883) lbu     a7, 9(a6)
core   0: 3 0x80005aee (0x00984883) x17 0x00000017 mem 0x8001025c
core   0: 0x80005af2 (0x000066a9) c.lui   a3, 0xa
core   0: 3 0x80005af2 (0x66a9) x13 0x0000a000
core   0: 0x80005af4 (0x0043c633) xor     a2, t2, tp
core   0: 3 0x80005af4 (0x0043c633) x12 0x800000b2
core   0: 0x80005af8 (0x00b85d83) lhu     s11, 11(a6)
core   0: 3 0x80005af8 (0x00b85d83) x27 0x0000d815 mem 0x8001025e
core   0: 0x80005afc (0x00280323) sb      sp, 6(a6)
core   0: 3 0x80005afc (0x00280323) mem 0x80010259 0x8d
core   0: 0x80005b00 (0x00005893) srli    a7, zero, 0
core   0: 3 0x80005b00 (0x00005893) x17 0x00000000
core   0: 0x80005b04 (0x0ff0000f) fence   iorw,iorw
core   0: 3 0x80005b04 (0x0ff0000f)
core   0: 0x80005b08 (0x00000001) c.nop
core   0: 3 0x80005b08 (0x0001)
core   0: 0x80005b0a (0x0157e5b3) or      a1, a5, s5
core   0: 3 0x80005b0a (0x0157e5b3) x11 0xffffffff
core   0: 0x80005b0e (0x00008ce5) c.and   s1, s1
core   0: 3 0x80005b0e (0x8ce5) x 9 0x00000052
core   0: 0x80005b10 (0xff684503) lbu     a0, -10(a6)
core   0: 3 0x80005b10 (0xff684503) x10 0x00000002 mem 0x80010249
core   0: 0x80005b14 (0x4d7f0d93) addi    s11, t5, 1239
core   0: 3 0x80005b14 (0x4d7f0d93) x27 0x00000521
core   0: 0x80005b18 (0x00e84d03) lbu     s10, 14(a6)
core   0: 3 0x80005b18 (0x00e84d03) x26 0x0000001a mem 0x80010261
core   0: 0x80005b1c (0x0000b197) auipc   gp, 0xb
core   0: 3 0x80005b1c (0x0000b197) x 3 0x80010b1c
core   0: 0x80005b20 (0xf4818193) addi    gp, gp, -184
core   0: 3 0x80005b20 (0xf4818193) x 3 0x80010a64
core   0: 0x80005b24 (0x00019797) auipc   a5, 0x19
core   0: 3 0x80005b24 (0x00019797) x15 0x8001eb24
core   0: 0x80005b28 (0x8d078793) addi    a5, a5, -1840
core   0: 3 0x80005b28 (0x8d078793) x15 0x8001e3f4
core   0: 0x80005b2c (0xffa79623) sh      s10, -20(a5)
core   0: 3 0x80005b2c (0xffa79623) mem 0x8001e3e0 0x001a
core   0: 0x80005b30 (0x02d78583) lb      a1, 45(a5)
core   0: 3 0x80005b30 (0x02d78583) x11 0xffffffda mem 0x8001e421
core   0: 0x80005b34 (0x2a01aa23) sw      zero, 692(gp)
core   0: 3 0x80005b34 (0x2a01aa23) mem 0x80010d18 0x00000000
core   0: 0x80005b38 (0x02479383) lh      t2, 36(a5)
core   0: 3 0x80005b38 (0x02479383) x 7 0xffffd2d3 mem 0x8001e418
core   0: 0x80005b3c (0x0067cf83) lbu     t6, 6(a5)
core   0: 3 0x80005b3c (0x0067cf83) x31 0x000000b1 mem 0x8001e3fa
core   0: 0x80005b40 (0xfc8782a3) sb      s0, -59(a5)
core   0: 3 0x80005b40 (0xfc8782a3) mem 0x8001e3b9 0x6
core   0: 0x80005b44 (0xd32180a3) sb      s2, -735(gp)
core   0: 3 0x80005b44 (0xd32180a3) mem 0x80010785 0xfd
core   0: 0x80005b48 (0x14e19303) lh      t1, 334(gp)
core   0: 3 0x80005b48 (0x14e19303) x 6 0xffff8001 mem 0x80010bb2
core   0: 0x80005b4c (0xf641d903) lhu     s2, -156(gp)
core   0: 3 0x80005b4c (0xf641d903) x18 0x000008a2 mem 0x800109c8
core   0: 0x80005b50 (0x01c79983) lh      s3, 28(a5)
core   0: 3 0x80005b50 (0x01c79983) x19 0xffffcacb mem 0x8001e410
core   0: 0x80005b54 (0xae718aa3) sb      t2, -1291(gp)
core   0: 3 0x80005b54 (0xae718aa3) mem 0x80010559 0xd3
core   0: 0x80005b58 (0x0180076f) jal     a4, pc + 0x18
core   0: 3 0x80005b58 (0x0180076f) x14 0x80005b5c
core   0: 0x80005b70 (0xff9ff36f) jal     t1, pc - 0x8
core   0: 3 0x80005b70 (0xff9ff36f) x 6 0x80005b74
core   0: 0x80005b68 (0x010000ef) jal     pc + 0x10
core   0: 3 0x80005b68 (0x010000ef) x 1 0x80005b6c
core   0: 0x80005b78 (0x0000b7e5) c.j     pc - 24
core   0: 3 0x80005b78 (0xb7e5)
core   0: 0x80005b60 (0x0000a025) c.j     pc + 40
core   0: 3 0x80005b60 (0xa025)
core   0: 0x80005b88 (0xfdfff0ef) jal     pc - 0x22
core   0: 3 0x80005b88 (0xfdfff0ef) x 1 0x80005b8c
core   0: 0x80005b66 (0x00002839) c.jal   pc + 30
core   0: 3 0x80005b66 (0x2839) x 1 0x80005b68
core   0: 0x80005b84 (0x0000bfdd) c.j     pc - 10
core   0: 3 0x80005b84 (0xbfdd)
core   0: 0x80005b7a (0x000037cd) c.jal   pc - 30
core   0: 3 0x80005b7a (0x37cd) x 1 0x80005b7c
core   0: 0x80005b5c (0x0000282d) c.jal   pc + 58
core   0: 3 0x80005b5c (0x282d) x 1 0x80005b5e
core   0: 0x80005b96 (0x0000b7e1) c.j     pc - 56
core   0: 3 0x80005b96 (0xb7e1)
core   0: 0x80005b5e (0x00002805) c.jal   pc + 48
core   0: 3 0x80005b5e (0x2805) x 1 0x80005b60
core   0: 0x80005b8e (0x000037dd) c.jal   pc - 26
core   0: 3 0x80005b8e (0x37dd) x 1 0x80005b90
core   0: 0x80005b74 (0x0000a031) c.j     pc + 12
core   0: 3 0x80005b74 (0xa031)
core   0: 0x80005b80 (0x00002801) c.jal   pc + 16
core   0: 3 0x80005b80 (0x2801) x 1 0x80005b82
core   0: 0x80005b90 (0x0000b7dd) c.j     pc - 26
core   0: 3 0x80005b90 (0xb7dd)
core   0: 0x80005b76 (0x000037fd) c.jal   pc - 18
core   0: 3 0x80005b76 (0x37fd) x 1 0x80005b78
core   0: 0x80005b64 (0x0000a829) c.j     pc + 26
core   0: 3 0x80005b64 (0xa829)
core   0: 0x80005b7e (0x0000b7fd) c.j     pc - 18
core   0: 3 0x80005b7e (0xb7fd)
core   0: 0x80005b6c (0x0000bfdd) c.j     pc - 10
core   0: 3 0x80005b6c (0xbfdd)
core   0: 0x80005b62 (0x0000a031) c.j     pc + 12
core   0: 3 0x80005b62 (0xa031)
core   0: 0x80005b6e (0x00002039) c.jal   pc + 14
core   0: 3 0x80005b6e (0x2039) x 1 0x80005b70
core   0: 0x80005b7c (0x0000a819) c.j     pc + 22
core   0: 3 0x80005b7c (0xa819)
core   0: 0x80005b92 (0xff1ff0ef) jal     pc - 0x10
core   0: 3 0x80005b92 (0xff1ff0ef) x 1 0x80005b96
core   0: 0x80005b82 (0x00002011) c.jal   pc + 4
core   0: 3 0x80005b82 (0x2011) x 1 0x80005b84
core   0: 0x80005b86 (0x0000a019) c.j     pc + 6
core   0: 3 0x80005b86 (0xa019)
core   0: 0x80005b8c (0x00002031) c.jal   pc + 12
core   0: 3 0x80005b8c (0x2031) x 1 0x80005b8e
core   0: 0x80005b98 (0x00000e66) c.slli  t3, 25
core   0: 3 0x80005b98 (0x0e66) x28 0x02000000
core   0: 0x80005b9a (0x0000b417) auipc   s0, 0xb
core   0: 3 0x80005b9a (0x0000b417) x 8 0x80010b9a
core   0: 0x80005b9e (0x99040413) addi    s0, s0, -1648
core   0: 3 0x80005b9e (0x99040413) x 8 0x8001052a
core   0: 0x80005ba2 (0xfd741b23) sh      s7, -42(s0)
core   0: 3 0x80005ba2 (0xfd741b23) mem 0x80010500 0x0000
core   0: 0x80005ba6 (0x02344383) lbu     t2, 35(s0)
core   0: 3 0x80005ba6 (0x02344383) x 7 0x00000006 mem 0x8001054d
core   0: 0x80005baa (0x00548633) add     a2, s1, t0
core   0: 3 0x80005baa (0x00548633) x12 0x0000006c
core   0: 0x80005bae (0x000f1693) slli    a3, t5, 0
core   0: 3 0x80005bae (0x000f1693) x13 0x0000004a
core   0: 0x80005bb2 (0x02344783) lbu     a5, 35(s0)
core   0: 3 0x80005bb2 (0x02344783) x15 0x00000006 mem 0x8001054d
core   0: 0x80005bb6 (0xbd2df613) andi    a2, s11, -1070
core   0: 3 0x80005bb6 (0xbd2df613) x12 0x00000100
core   0: 0x80005bba (0x02f40e83) lb      t4, 47(s0)
core   0: 3 0x80005bba (0x02f40e83) x29 0xffffffd3 mem 0x80010559
core   0: 0x80005bbe (0x038407a3) sb      s8, 47(s0)
core   0: 3 0x80005bbe (0x038407a3) mem 0x80010559 0xfd
core   0: 0x80005bc2 (0x00008362) c.mv    t1, s8
core   0: 3 0x80005bc2 (0x8362) x 6 0xfffffffd
core   0: 0x80005bc4 (0x02b40223) sb      a1, 36(s0)
core   0: 3 0x80005bc4 (0x02b40223) mem 0x8001054e 0xda
core   0: 0x80005bc8 (0x01d44083) lbu     ra, 29(s0)
core   0: 3 0x80005bc8 (0x01d44083) x 1 0x000000fc mem 0x80010547
core   0: 0x80005bcc (0x00640ea3) sb      t1, 29(s0)
core   0: 3 0x80005bcc (0x00640ea3) mem 0x80010547 0xfd
core   0: 0x80005bd0 (0x0071c9b3) xor     s3, gp, t2
core   0: 3 0x80005bd0 (0x0071c9b3) x19 0x80010a62
core   0: 0x80005bd4 (0x02740223) sb      t2, 36(s0)
core   0: 3 0x80005bd4 (0x02740223) mem 0x8001054e 0x6
core   0: 0x80005bd8 (0x0084dc33) srl     s8, s1, s0
core   0: 3 0x80005bd8 (0x0084dc33) x24 0x00000000
core   0: 0x80005bdc (0x00841883) lh      a7, 8(s0)
core   0: 3 0x80005bdc (0x00841883) x17 0xffffe8e9 mem 0x80010532
core   0: 0x80005be0 (0xfd942723) sw      s9, -50(s0)
core   0: 3 0x80005be0 (0xfd942723) mem 0x800104f8 0x80025e58
core   0: 0x80005be4 (0xfce42723) sw      a4, -50(s0)
core   0: 3 0x80005be4 (0xfce42723) mem 0x800104f8 0x80005b5c
core   0: 0x80005be8 (0xfc041723) sh      zero, -50(s0)
core   0: 3 0x80005be8 (0xfc041723) mem 0x800104f8 0x0000
core   0: 0x80005bec (0xfce45e03) lhu     t3, -50(s0)
core   0: 3 0x80005bec (0xfce45e03) x28 0x00000000 mem 0x800104f8
core   0: 0x80005bf0 (0xfcd41723) sh      a3, -50(s0)
core   0: 3 0x80005bf0 (0xfcd41723) mem 0x800104f8 0x004a
core   0: 0x80005bf4 (0x00841f03) lh      t5, 8(s0)
core   0: 3 0x80005bf4 (0x00841f03) x30 0xffffe8e9 mem 0x80010532
core   0: 0x80005bf8 (0x0000ac17) auipc   s8, 0xa
core   0: 3 0x80005bf8 (0x0000ac17) x24 0x8000fbf8
core   0: 0x80005bfc (0x711c0c13) addi    s8, s8, 1809
core   0: 3 0x80005bfc (0x711c0c13) x24 0x80010309
core   0: 0x80005c00 (0x41c2d2b3) sra     t0, t0, t3
core   0: 3 0x80005c00 (0x41c2d2b3) x 5 0x0000001a
core   0: 0x80005c04 (0x71e2c413) xori    s0, t0, 1822
core   0: 3 0x80005c04 (0x71e2c413) x 8 0x00000704
core   0: 0x80005c08 (0x02e762b3) rem     t0, a4, a4
core   0: 3 0x80005c08 (0x02e762b3) x 5 0x00000000
core   0: 0x80005c0c (0x00000001) c.nop
core   0: 3 0x80005c0c (0x0001)
core   0: 0x80005c0e (0xff8c0503) lb      a0, -8(s8)
core   0: 3 0x80005c0e (0xff8c0503) x10 0xffffffba mem 0x80010301
core   0: 0x80005c12 (0x0000100f) fence.i
core   0: 3 0x80005c12 (0x0000100f)
core   0: 0x80005c16 (0x6c7c5503) lhu     a0, 1735(s8)
core   0: 3 0x80005c16 (0x6c7c5503) x10 0x00008a8b mem 0x800109d0
core   0: 0x80005c1a (0xd58c0503) lb      a0, -680(s8)
core   0: 3 0x80005c1a (0xd58c0503) x10 0x0000001a mem 0x80010061
core   0: 0x80005c1e (0x41c2d2b3) sra     t0, t0, t3
core   0: 3 0x80005c1e (0x41c2d2b3) x 5 0x00000000
core   0: 0x80005c22 (0x000082f2) c.mv    t0, t3
core   0: 3 0x80005c22 (0x82f2) x 5 0x00000000
core   0: 0x80005c24 (0x02ae7533) remu    a0, t3, a0
core   0: 3 0x80005c24 (0x02ae7533) x10 0x00000000
core   0: 0x80005c28 (0x585c0da3) sb      t0, 1435(s8)
core   0: 3 0x80005c28 (0x585c0da3) mem 0x800108a4 0x0
core   0: 0x80005c2c (0x699c4403) lbu     s0, 1689(s8)
core   0: 3 0x80005c2c (0x699c4403) x 8 0x00000059 mem 0x800109a2
core   0: 0x80005c30 (0x7bcc11a3) sh      t3, 1955(s8)
core   0: 3 0x80005c30 (0x7bcc11a3) mem 0x80010aac 0x0000
core   0: 0x80005c34 (0x764c4403) lbu     s0, 1892(s8)
core   0: 3 0x80005c34 (0x764c4403) x 8 0x00000026 mem 0x80010a6d
core   0: 0x80005c38 (0x00009b7d) c.andi  a4, -1
core   0: 3 0x80005c38 (0x9b7d) x14 0x80005b5c
core   0: 0x80005c3a (0x00000001) c.nop
core   0: 3 0x80005c3a (0x0001)
core   0: 0x80005c3c (0x03e532b3) mulhu   t0, a0, t5
core   0: 3 0x80005c3c (0x03e532b3) x 5 0x00000000
core   0: 0x80005c40 (0x2d6c4403) lbu     s0, 726(s8)
core   0: 3 0x80005c40 (0x2d6c4403) x 8 0x00000094 mem 0x800105df
core   0: 0x80005c44 (0x184c4283) lbu     t0, 388(s8)
core   0: 3 0x80005c44 (0x184c4283) x 5 0x00000046 mem 0x8001048d
core   0: 0x80005c48 (0x200c0283) lb      t0, 512(s8)
core   0: 3 0x80005c48 (0x200c0283) x 5 0xffffffc2 mem 0x80010509
core   0: 0x80005c4c (0x79ec21a3) sw      t5, 1923(s8)
core   0: 3 0x80005c4c (0x79ec21a3) mem 0x80010a8c 0xffffe8e9
core   0: 0x80005c50 (0x12dc1503) lh      a0, 301(s8)
core   0: 3 0x80005c50 (0x12dc1503) x10 0xffffeced mem 0x80010436
core   0: 0x80005c54 (0x15cc0623) sb      t3, 332(s8)
core   0: 3 0x80005c54 (0x15cc0623) mem 0x80010455 0x0
core   0: 0x80005c58 (0x07ec0ca3) sb      t5, 121(s8)
core   0: 3 0x80005c58 (0x07ec0ca3) mem 0x80010382 0xe9
core   0: 0x80005c5c (0xf42c0403) lb      s0, -190(s8)
core   0: 3 0x80005c5c (0xf42c0403) x 8 0x00000000 mem 0x8001024b
core   0: 0x80005c60 (0x1c8e2293) slti    t0, t3, 456
core   0: 3 0x80005c60 (0x1c8e2293) x 5 0x00000001
core   0: 0x80005c64 (0x00ef2f33) slt     t5, t5, a4
core   0: 3 0x80005c64 (0x00ef2f33) x30 0x00000000
core   0: 0x80005c68 (0x00a2a533) slt     a0, t0, a0
core   0: 3 0x80005c68 (0x00a2a533) x10 0x00000000
core   0: 0x80005c6c (0x02ef2733) mulhsu  a4, t5, a4
core   0: 3 0x80005c6c (0x02ef2733) x14 0x00000000
core   0: 0x80005c70 (0x0000886d) c.andi  s0, 27
core   0: 3 0x80005c70 (0x886d) x 8 0x00000000
core   0: 0x80005c72 (0xdd0c4e03) lbu     t3, -560(s8)
core   0: 3 0x80005c72 (0xdd0c4e03) x28 0x00000092 mem 0x800100d9
core   0: 0x80005c76 (0x00000001) c.nop
core   0: 3 0x80005c76 (0x0001)
core   0: 0x80005c78 (0x02e2f2b3) remu    t0, t0, a4
core   0: 3 0x80005c78 (0x02e2f2b3) x 5 0x00000001
core   0: 0x80005c7c (0x217c5283) lhu     t0, 535(s8)
core   0: 3 0x80005c7c (0x217c5283) x 5 0x0000dadb mem 0x80010520
core   0: 0x80005c80 (0x00af1733) sll     a4, t5, a0
core   0: 3 0x80005c80 (0x00af1733) x14 0x00000000
core   0: 0x80005c84 (0x56cc0e03) lb      t3, 1388(s8)
core   0: 3 0x80005c84 (0x56cc0e03) x28 0x0000002e mem 0x80010875
core   0: 0x80005c88 (0x512c4283) lbu     t0, 1298(s8)
core   0: 3 0x80005c88 (0x512c4283) x 5 0x000000d0 mem 0x8001081b
core   0: 0x80005c8c (0x0000b917) auipc   s2, 0xb
core   0: 3 0x80005c8c (0x0000b917) x18 0x80010c8c
core   0: 0x80005c90 (0x80d90913) addi    s2, s2, -2035
core   0: 3 0x80005c90 (0x80d90913) x18 0x80010499
core   0: 0x80005c94 (0xf4395d03) lhu     s10, -189(s2)
core   0: 3 0x80005c94 (0xf4395d03) x26 0x00009697 mem 0x800103dc
core   0: 0x80005c98 (0xf43921a3) sw      gp, -189(s2)
core   0: 3 0x80005c98 (0xf43921a3) mem 0x800103dc 0x80010a64
core   0: 0x80005c9c (0x0ff0000f) fence   iorw,iorw
core   0: 3 0x80005c9c (0x0ff0000f)
core   0: 0x80005ca0 (0x0244eeb3) rem     t4, s1, tp
core   0: 3 0x80005ca0 (0x0244eeb3) x29 0x00000052
core   0: 0x80005ca4 (0xf4392583) lw      a1, -189(s2)
core   0: 3 0x80005ca4 (0xf4392583) x11 0x80010a64 mem 0x800103dc
core   0: 0x80005ca8 (0xf57911a3) sh      s7, -189(s2)
core   0: 3 0x80005ca8 (0xf57911a3) mem 0x800103dc 0x0000
core   0: 0x80005cac (0xf4c901a3) sb      a2, -189(s2)
core   0: 3 0x80005cac (0xf4c901a3) mem 0x800103dc 0x0
core   0: 0x80005cb0 (0x0106b2b3) sltu    t0, a3, a6
core   0: 3 0x80005cb0 (0x0106b2b3) x 5 0x00000001
core   0: 0x80005cb4 (0xf54901a3) sb      s4, -189(s2)
core   0: 3 0x80005cb4 (0xf54901a3) mem 0x800103dc 0xfe
core   0: 0x80005cb8 (0xf4e911a3) sh      a4, -189(s2)
core   0: 3 0x80005cb8 (0xf4e911a3) mem 0x800103dc 0x0000
core   0: 0x80005cbc (0xf4391383) lh      t2, -189(s2)
core   0: 3 0x80005cbc (0xf4391383) x 7 0x00000000 mem 0x800103dc
core   0: 0x80005cc0 (0xf47901a3) sb      t2, -189(s2)
core   0: 3 0x80005cc0 (0xf47901a3) mem 0x800103dc 0x0
core   0: 0x80005cc4 (0x0352d5b3) divu    a1, t0, s5
core   0: 3 0x80005cc4 (0x0352d5b3) x11 0x00000000
core   0: 0x80005cc8 (0xf4394d03) lbu     s10, -189(s2)
core   0: 3 0x80005cc8 (0xf4394d03) x26 0x00000000 mem 0x800103dc
core   0: 0x80005ccc (0xf4392603) lw      a2, -189(s2)
core   0: 3 0x80005ccc (0xf4392603) x12 0x80010000 mem 0x800103dc
core   0: 0x80005cd0 (0x01028333) add     t1, t0, a6
core   0: 3 0x80005cd0 (0x01028333) x 6 0x80010254
core   0: 0x80005cd4 (0xf40921a3) sw      zero, -189(s2)
core   0: 3 0x80005cd4 (0xf40921a3) mem 0x800103dc 0x00000000
core   0: 0x80005cd8 (0x0000a197) auipc   gp, 0xa
core   0: 3 0x80005cd8 (0x0000a197) x 3 0x8000fcd8
core   0: 0x80005cdc (0x40418193) addi    gp, gp, 1028
core   0: 3 0x80005cdc (0x40418193) x 3 0x800100dc
core   0: 0x80005ce0 (0x00000001) c.nop
core   0: 3 0x80005ce0 (0x0001)
core   0: 0x80005ce2 (0x014f5e33) srl     t3, t5, s4
core   0: 3 0x80005ce2 (0x014f5e33) x28 0x00000000
core   0: 0x80005ce6 (0x00000c1a) c.slli  s8, 6
core   0: 3 0x80005ce6 (0x0c1a) x24 0x0040c240
core   0: 0x80005ce8 (0x36e19e03) lh      t3, 878(gp)
core   0: 3 0x80005ce8 (0x36e19e03) x28 0x00000001 mem 0x8001044a
core   0: 0x80005cec (0x9a003513) sltiu   a0, zero, -1632
core   0: 3 0x80005cec (0x9a003513) x10 0x00000001
core   0: 0x80005cf0 (0x0e318283) lb      t0, 227(gp)
core   0: 3 0x80005cf0 (0x0e318283) x 5 0x00000074 mem 0x800101bf
core   0: 0x80005cf4 (0x002135b3) sltu    a1, sp, sp
core   0: 3 0x80005cf4 (0x002135b3) x11 0x00000000
core   0: 0x80005cf8 (0x01693633) sltu    a2, s2, s6
core   0: 3 0x80005cf8 (0x01693633) x12 0x00000000
core   0: 0x80005cfc (0x00009652) c.add   a2, s4
core   0: 3 0x80005cfc (0x9652) x12 0x000000fe
core   0: 0x80005cfe (0x00006165) c.addi16sp sp, 112
core   0: 3 0x80005cfe (0x6165) x 2 0x800102fd
core   0: 0x80005d00 (0x022f4533) div     a0, t5, sp
core   0: 3 0x80005d00 (0x022f4533) x10 0x00000000
core   0: 0x80005d04 (0x0c118aa3) sb      ra, 213(gp)
core   0: 3 0x80005d04 (0x0c118aa3) mem 0x800101b1 0xfc
core   0: 0x80005d08 (0x37018023) sb      a6, 864(gp)
core   0: 3 0x80005d08 (0x37018023) mem 0x8001043c 0x53
core   0: 0x80005d0c (0x37d18ba3) sb      t4, 887(gp)
core   0: 3 0x80005d0c (0x37d18ba3) mem 0x80010453 0x52
core   0: 0x80005d10 (0x68a1ae23) sw      a0, 1692(gp)
core   0: 3 0x80005d10 (0x68a1ae23) mem 0x80010778 0x00000000
core   0: 0x80005d14 (0x023cde33) divu    t3, s9, gp
core   0: 3 0x80005d14 (0x023cde33) x28 0x00000001
core   0: 0x80005d18 (0x08018d23) sb      zero, 154(gp)
core   0: 3 0x80005d18 (0x08018d23) mem 0x80010176 0x0
core   0: 0x80005d1c (0x7f540017) auipc   zero, 0x7f540
core   0: 3 0x80005d1c (0x7f540017)
core   0: 0x80005d20 (0x8afb2097) auipc   ra, 0x8afb2
core   0: 3 0x80005d20 (0x8afb2097) x 1 0x0afb7d20
core   0: 0x80005d24 (0x43f18283) lb      t0, 1087(gp)
core   0: 3 0x80005d24 (0x43f18283) x 5 0xffffffd0 mem 0x8001051b
core   0: 0x80005d28 (0x05d186a3) sb      t4, 77(gp)
core   0: 3 0x80005d28 (0x05d186a3) mem 0x80010129 0x52
core   0: 0x80005d2c (0x030c00b3) mul     ra, s8, a6
core   0: 3 0x80005d2c (0x030c00b3) x 1 0x58c37ac0
core   0: 0x80005d30 (0x029103b3) mul     t2, sp, s1
core   0: 3 0x80005d30 (0x029103b3) x 7 0x0052f50a
core   0: 0x80005d34 (0x21e19083) lh      ra, 542(gp)
core   0: 3 0x80005d34 (0x21e19083) x 1 0xffffb0b1 mem 0x800102fa
core   0: 0x80005d38 (0x3a518303) lb      t1, 933(gp)
core   0: 3 0x80005d38 (0x3a518303) x 6 0x0000003a mem 0x80010481
core   0: 0x80005d3c (0x18bb3f13) sltiu   t5, s6, 395
core   0: 3 0x80005d3c (0x18bb3f13) x30 0x00000001
core   0: 0x80005d40 (0x3471a023) sw      t2, 832(gp)
core   0: 3 0x80005d40 (0x3471a023) mem 0x8001041c 0x0052f50a
core   0: 0x80005d44 (0xaef97393) andi    t2, s2, -1297
core   0: 3 0x80005d44 (0xaef97393) x 7 0x80010089
core   0: 0x80005d48 (0x00008c55) c.or    s0, a3
core   0: 3 0x80005d48 (0x8c55) x 8 0x0000004a
core   0: 0x80005d4a (0x1621db83) lhu     s7, 354(gp)
core   0: 3 0x80005d4a (0x1621db83) x23 0x0000f4f5 mem 0x8001023e
core   0: 0x80005d4e (0x0000d117) auipc   sp, 0xd
core   0: 3 0x80005d4e (0x0000d117) x 2 0x80012d4e
core   0: 0x80005d52 (0xaa210113) addi    sp, sp, -1374
core   0: 3 0x80005d52 (0xaa210113) x 2 0x800127f0
core   0: 0x80005d56 (0xf8a107a3) sb      a0, -113(sp)
core   0: 3 0x80005d56 (0xf8a107a3) mem 0x8001277f 0x0
core   0: 0x80005d5a (0x00009ec6) c.add   t4, a7
core   0: 3 0x80005d5a (0x9ec6) x29 0xffffe93b
core   0: 0x80005d5c (0x04e14783) lbu     a5, 78(sp)
core   0: 3 0x80005d5c (0x04e14783) x15 0x000000f5 mem 0x8001283e
core   0: 0x80005d60 (0x031ec7b3) div     a5, t4, a7
core   0: 3 0x80005d60 (0x031ec7b3) x15 0x00000000
core   0: 0x80005d64 (0x000011fd) c.addi  gp, -1
core   0: 3 0x80005d64 (0x11fd) x 3 0x800100db
core   0: 0x80005d66 (0x03de98b3) mulh    a7, t4, t4
core   0: 3 0x80005d66 (0x03de98b3) x17 0x00000000
core   0: 0x80005d6a (0x0d110ea3) sb      a7, 221(sp)
core   0: 3 0x80005d6a (0x0d110ea3) mem 0x800128cd 0x0
core   0: 0x80005d6e (0x02a10d23) sb      a0, 58(sp)
core   0: 3 0x80005d6e (0x02a10d23) mem 0x8001282a 0x0
core   0: 0x80005d72 (0x000088ea) c.mv    a7, s10
core   0: 3 0x80005d72 (0x88ea) x17 0x00000000
core   0: 0x80005d74 (0x01d1d893) srli    a7, gp, 29
core   0: 3 0x80005d74 (0x01d1d893) x17 0x00000004
core   0: 0x80005d78 (0x41188d33) sub     s10, a7, a7
core   0: 3 0x80005d78 (0x41188d33) x26 0x00000000
core   0: 0x80005d7c (0x00000ebd) c.addi  t4, 15
core   0: 3 0x80005d7c (0x0ebd) x29 0xffffe94a
core   0: 0x80005d7e (0x02f10503) lb      a0, 47(sp)
core   0: 3 0x80005d7e (0x02f10503) x10 0xffffffd4 mem 0x8001281f
core   0: 0x80005d82 (0x08015183) lhu     gp, 128(sp)
core   0: 3 0x80005d82 (0x08015183) x 3 0x00002a2b mem 0x80012870
core   0: 0x80005d86 (0x00f14883) lbu     a7, 15(sp)
core   0: 3 0x80005d86 (0x00f14883) x17 0x000000b4 mem 0x800127ff
core   0: 0x80005d8a (0x05d14503) lbu     a0, 93(sp)
core   0: 3 0x80005d8a (0x05d14503) x10 0x00000006 mem 0x8001284d
core   0: 0x80005d8e (0x0231cd33) div     s10, gp, gp
core   0: 3 0x80005d8e (0x0231cd33) x26 0x00000001
core   0: 0x80005d92 (0x78a1bd13) sltiu   s10, gp, 1930
core   0: 3 0x80005d92 (0x78a1bd13) x26 0x00000000
core   0: 0x80005d96 (0x0e114503) lbu     a0, 225(sp)
core   0: 3 0x80005d96 (0x0e114503) x10 0x0000008a mem 0x800128d1
core   0: 0x80005d9a (0xfb112623) sw      a7, -84(sp)
core   0: 3 0x80005d9a (0xfb112623) mem 0x8001279c 0x000000b4
core   0: 0x80005d9e (0xf8015503) lhu     a0, -128(sp)
core   0: 3 0x80005d9e (0xf8015503) x10 0x00002a2b mem 0x80012770
core   0: 0x80005da2 (0x00005186) c.lwsp  gp, 96(sp)
core   0: 3 0x80005da2 (0x5186) x 3 0x08090a0b mem 0x80012850
core   0: 0x80005da4 (0x0da108a3) sb      s10, 209(sp)
core   0: 3 0x80005da4 (0x0da108a3) mem 0x800128c1 0x0
core   0: 0x80005da8 (0x0e710d03) lb      s10, 231(sp)
core   0: 3 0x80005da8 (0x0e710d03) x26 0xffffff8c mem 0x800128d7
core   0: 0x80005dac (0x0a614e83) lbu     t4, 166(sp)
core   0: 3 0x80005dac (0x0a614e83) x29 0x0000004d mem 0x80012896
core   0: 0x80005db0 (0x004d1513) slli    a0, s10, 4
core   0: 3 0x80005db0 (0x004d1513) x10 0xfffff8c0
core   0: 0x80005db4 (0xfbd102a3) sb      t4, -91(sp)
core   0: 3 0x80005db4 (0xfbd102a3) mem 0x80012795 0x4d
core   0: 0x80005db8 (0xc6e1c893) xori    a7, gp, -914
core   0: 3 0x80005db8 (0xc6e1c893) x17 0xf7f6f665
core   0: 0x80005dbc (0x000041d6) c.lwsp  gp, 84(sp)
core   0: 3 0x80005dbc (0x41d6) x 3 0xfcfdfeff mem 0x80012844
core   0: 0x80005dbe (0x03210e83) lb      t4, 50(sp)
core   0: 3 0x80005dbe (0x03210e83) x29 0xffffffd9 mem 0x80012822
core   0: 0x80005dc2 (0x00019117) auipc   sp, 0x19
core   0: 3 0x80005dc2 (0x00019117) x 2 0x8001edc2
core   0: 0x80005dc6 (0x7f210113) addi    sp, sp, 2034
core   0: 3 0x80005dc6 (0x7f210113) x 2 0x8001f5b4
core   0: 0x80005dca (0x01c11723) sh      t3, 14(sp)
core   0: 3 0x80005dca (0x01c11723) mem 0x8001f5c2 0x0001
core   0: 0x80005dce (0xffe15f83) lhu     t6, -2(sp)
core   0: 3 0x80005dce (0xffe15f83) x31 0x00006869 mem 0x8001f5b2
core   0: 0x80005dd2 (0x00a14083) lbu     ra, 10(sp)
core   0: 3 0x80005dd2 (0x00a14083) x 1 0x00000075 mem 0x8001f5be
core   0: 0x80005dd6 (0x0000077a) c.slli  a4, 30
core   0: 3 0x80005dd6 (0x077a) x14 0x00000000
core   0: 0x80005dd8 (0x03ff8733) mul     a4, t6, t6
core   0: 3 0x80005dd8 (0x03ff8733) x14 0x2a957b11
core   0: 0x80005ddc (0x00215703) lhu     a4, 2(sp)
core   0: 3 0x80005ddc (0x00215703) x14 0x00006c6d mem 0x8001f5b6
core   0: 0x80005de0 (0x000050fd) c.li    ra, -1
core   0: 3 0x80005de0 (0x50fd) x 1 0xffffffff
core   0: 0x80005de2 (0x409e00b3) sub     ra, t3, s1
core   0: 3 0x80005de2 (0x409e00b3) x 1 0xffffffaf
core   0: 0x80005de6 (0x0090b0b3) sltu    ra, ra, s1
core   0: 3 0x80005de6 (0x0090b0b3) x 1 0x00000000
core   0: 0x80005dea (0x00510f83) lb      t6, 5(sp)
core   0: 3 0x80005dea (0x00510f83) x31 0x00000072 mem 0x8001f5b9
core   0: 0x80005dee (0x0290e0b3) rem     ra, ra, s1
core   0: 3 0x80005dee (0x0290e0b3) x 1 0x00000000
core   0: 0x80005df2 (0x01c70fb3) add     t6, a4, t3
core   0: 3 0x80005df2 (0x01c70fb3) x31 0x00006c6e
core   0: 0x80005df6 (0x00b14483) lbu     s1, 11(sp)
core   0: 3 0x80005df6 (0x00b14483) x 9 0x00000074 mem 0x8001f5bf
core   0: 0x80005dfa (0x00008f19) c.sub   a4, a4
core   0: 3 0x80005dfa (0x8f19) x14 0x00000000
core   0: 0x80005dfc (0x02ea2733) mulhsu  a4, s4, a4
core   0: 3 0x80005dfc (0x02ea2733) x14 0x00000000
core   0: 0x80005e00 (0x01ffe4b3) or      s1, t6, t6
core   0: 3 0x80005e00 (0x01ffe4b3) x 9 0x00006c6e
core   0: 0x80005e04 (0xc59fc093) xori    ra, t6, -935
core   0: 3 0x80005e04 (0xc59fc093) x 1 0xffff9037
core   0: 0x80005e08 (0x03f74a33) div     s4, a4, t6
core   0: 3 0x80005e08 (0x03f74a33) x20 0x00000000
core   0: 0x80005e0c (0x00a14a03) lbu     s4, 10(sp)
core   0: 3 0x80005e0c (0x00a14a03) x20 0x00000075 mem 0x8001f5be
core   0: 0x80005e10 (0x00008335) c.srli  a4, 13
core   0: 3 0x80005e10 (0x8335) x14 0x00000000
core   0: 0x80005e12 (0x0000100f) fence.i
core   0: 3 0x80005e12 (0x0000100f)
core   0: 0x80005e16 (0xfff14703) lbu     a4, -1(sp)
core   0: 3 0x80005e16 (0xfff14703) x14 0x00000068 mem 0x8001f5b3
core   0: 0x80005e1a (0x00008891) c.andi  s1, 4
core   0: 3 0x80005e1a (0x8891) x 9 0x00000004
core   0: 0x80005e1c (0x01fa2733) slt     a4, s4, t6
core   0: 3 0x80005e1c (0x01fa2733) x14 0x00000001
core   0: 0x80005e20 (0xfff14f83) lbu     t6, -1(sp)
core   0: 3 0x80005e20 (0xfff14f83) x31 0x00000068 mem 0x8001f5b3
core   0: 0x80005e24 (0x00008cd9) c.or    s1, a4
core   0: 3 0x80005e24 (0x8cd9) x 9 0x00000005
core   0: 0x80005e26 (0x02e744b3) div     s1, a4, a4
core   0: 3 0x80005e26 (0x02e744b3) x 9 0x00000001
core   0: 0x80005e2a (0x00974fb3) xor     t6, a4, s1
core   0: 3 0x80005e2a (0x00974fb3) x31 0x00000000
core   0: 0x80005e2e (0x0000100f) fence.i
core   0: 3 0x80005e2e (0x0000100f)
core   0: 0x80005e32 (0x01f76fb3) or      t6, a4, t6
core   0: 3 0x80005e32 (0x01f76fb3) x31 0x00000001
core   0: 0x80005e36 (0x00000001) c.nop
core   0: 3 0x80005e36 (0x0001)
core   0: 0x80005e38 (0x009f9e33) sll     t3, t6, s1
core   0: 3 0x80005e38 (0x009f9e33) x28 0x00000002
core   0: 0x80005e3c (0xff414703) lbu     a4, -12(sp)
core   0: 3 0x80005e3c (0xff414703) x14 0x00000063 mem 0x8001f5a8
core   0: 0x80005e40 (0xffe11083) lh      ra, -2(sp)
core   0: 3 0x80005e40 (0xffe11083) x 1 0x00006869 mem 0x8001f5b2
core   0: 0x80005e44 (0x0000c67e) c.swsp  t6, 12(sp)
core   0: 3 0x80005e44 (0xc67e) mem 0x8001f5c0 0x00000001
core   0: 0x80005e46 (0xff415f83) lhu     t6, -12(sp)
core   0: 3 0x80005e46 (0xff415f83) x31 0x00006263 mem 0x8001f5a8
core   0: 0x80005e4a (0x00510483) lb      s1, 5(sp)
core   0: 3 0x80005e4a (0x00510483) x 9 0x00000072 mem 0x8001f5b9
core   0: 0x80005e4e (0x014e1fb3) sll     t6, t3, s4
core   0: 3 0x80005e4e (0x014e1fb3) x31 0x00400000
core   0: 0x80005e52 (0x00008cd9) c.or    s1, a4
core   0: 3 0x80005e52 (0x8cd9) x 9 0x00000073
core   0: 0x80005e54 (0x001ff733) and     a4, t6, ra
core   0: 3 0x80005e54 (0x001ff733) x14 0x00000000
core   0: 0x80005e58 (0x001744b3) xor     s1, a4, ra
core   0: 3 0x80005e58 (0x001744b3) x 9 0x00006869
core   0: 0x80005e5c (0xff510083) lb      ra, -11(sp)
core   0: 3 0x80005e5c (0xff510083) x 1 0x00000062 mem 0x8001f5a9
core   0: 0x80005e60 (0x00006e29) c.lui   t3, 0xa
core   0: 3 0x80005e60 (0x6e29) x28 0x0000a000
core   0: 0x80005e62 (0x00000001) c.nop
core   0: 3 0x80005e62 (0x0001)
core   0: 0x80005e64 (0x00008f65) c.and   a4, s1
core   0: 3 0x80005e64 (0x8f65) x14 0x00000000
core   0: 0x80005e66 (0xff012a03) lw      s4, -16(sp)
core   0: 3 0x80005e66 (0xff012a03) x20 0x5c5d5e5f mem 0x8001f5a4
core   0: 0x80005e6a (0x0000b797) auipc   a5, 0xb
core   0: 3 0x80005e6a (0x0000b797) x15 0x80010e6a
core   0: 0x80005e6e (0x99c78793) addi    a5, a5, -1636
core   0: 3 0x80005e6e (0x99c78793) x15 0x80010806
core   0: 0x80005e72 (0xef7781a3) sb      s7, -285(a5)
core   0: 3 0x80005e72 (0xef7781a3) mem 0x800106e9 0xf5
core   0: 0x80005e76 (0x00016097) auipc   ra, 0x16
core   0: 3 0x80005e76 (0x00016097) x 1 0x8001be76
core   0: 0x80005e7a (0xcbf08093) addi    ra, ra, -833
core   0: 3 0x80005e7a (0xcbf08093) x 1 0x8001bb35
core   0: 0x80005e7e (0x0a108ca3) sb      ra, 185(ra)
core   0: 3 0x80005e7e (0x0a108ca3) mem 0x8001bbee 0x35
core   0: 0x80005e82 (0x96079223) sh      zero, -1692(a5)
core   0: 3 0x80005e82 (0x96079223) mem 0x8001016a 0x0000
core   0: 0x80005e86 (0x4e17ab23) sw      ra, 1270(a5)
core   0: 3 0x80005e86 (0x4e17ab23) mem 0x80010cfc 0x8001bb35
core   0: 0x80005e8a (0x02108a03) lb      s4, 33(ra)
core   0: 3 0x80005e8a (0x02108a03) x20 0x0000000d mem 0x8001bb56
core   0: 0x80005e8e (0xf690da03) lhu     s4, -151(ra)
core   0: 3 0x80005e8e (0xf690da03) x20 0x00005455 mem 0x8001ba9e
core   0: 0x80005e92 (0x07b79823) sh      s11, 112(a5)
core   0: 3 0x80005e92 (0x07b79823) mem 0x80010876 0x0521
core   0: 0x80005e96 (0xff9088a3) sb      s9, -15(ra)
core   0: 3 0x80005e96 (0xff9088a3) mem 0x8001bb26 0x58
core   0: 0x80005e9a (0x488784a3) sb      s0, 1161(a5)
core   0: 3 0x80005e9a (0x488784a3) mem 0x80010c8f 0x4a
core   0: 0x80005e9e (0xf3b0c483) lbu     s1, -197(ra)
core   0: 3 0x80005e9e (0xf3b0c483) x 9 0x0000002b mem 0x8001ba70
core   0: 0x80005ea2 (0xcd278403) lb      s0, -814(a5)
core   0: 3 0x80005ea2 (0xcd278403) x 8 0xffffff93 mem 0x800104d8
core   0: 0x80005ea6 (0x42378f83) lb      t6, 1059(a5)
core   0: 3 0x80005ea6 (0x42378f83) x31 0xffffffe2 mem 0x80010c29
core   0: 0x80005eaa (0x9db78a03) lb      s4, -1573(a5)
core   0: 3 0x80005eaa (0x9db78a03) x20 0xffffff9a mem 0x800101e1
core   0: 0x80005eae (0xf1c0c503) lbu     a0, -228(ra)
core   0: 3 0x80005eae (0xf1c0c503) x10 0x0000000a mem 0x8001ba51
core   0: 0x80005eb2 (0x08c08703) lb      a4, 140(ra)
core   0: 3 0x80005eb2 (0x08c08703) x14 0x0000007a mem 0x8001bbc1
core   0: 0x80005eb6 (0xd5b7c303) lbu     t1, -677(a5)
core   0: 3 0x80005eb6 (0xd5b7c303) x 6 0x0000001a mem 0x80010561
core   0: 0x80005eba (0xff00c303) lbu     t1, -16(ra)
core   0: 3 0x80005eba (0xff00c303) x 6 0x000000de mem 0x8001bb25
core   0: 0x80005ebe (0xfd308423) sb      s3, -56(ra)
core   0: 3 0x80005ebe (0xfd308423) mem 0x8001bafd 0x62
core   0: 0x80005ec2 (0xd6c7cf83) lbu     t6, -660(a5)
core   0: 3 0x80005ec2 (0xd6c7cf83) x31 0x00000029 mem 0x80010572
core   0: 0x80005ec6 (0xfbb08e03) lb      t3, -69(ra)
core   0: 3 0x80005ec6 (0xfbb08e03) x28 0xffffffab mem 0x8001baf0
core   0: 0x80005eca (0x0000d117) auipc   sp, 0xd
core   0: 3 0x80005eca (0x0000d117) x 2 0x80012eca
core   0: 0x80005ece (0xbcf10113) addi    sp, sp, -1073
core   0: 3 0x80005ece (0xbcf10113) x 2 0x80012a99
core   0: 0x80005ed2 (0x009b5a33) srl     s4, s6, s1
core   0: 3 0x80005ed2 (0x009b5a33) x20 0x00000000
core   0: 0x80005ed6 (0x018bf8b3) and     a7, s7, s8
core   0: 3 0x80005ed6 (0x018bf8b3) x17 0x0000c040
core   0: 0x80005eda (0x02b34a33) div     s4, t1, a1
core   0: 3 0x80005eda (0x02b34a33) x20 0xffffffff
core   0: 0x80005ede (0xf6511c03) lh      s8, -155(sp)
core   0: 3 0x80005ede (0xf6511c03) x24 0xffffb4b5 mem 0x800129fe
core   0: 0x80005ee2 (0xf9311983) lh      s3, -109(sp)
core   0: 3 0x80005ee2 (0xf9311983) x19 0xffffe6e7 mem 0x80012a2c
core   0: 0x80005ee6 (0x012a1893) slli    a7, s4, 18
core   0: 3 0x80005ee6 (0x012a1893) x17 0xfffc0000
core   0: 0x80005eea (0x00950c33) add     s8, a0, s1
core   0: 3 0x80005eea (0x00950c33) x24 0x00000035
core   0: 0x80005eee (0x02f748b3) div     a7, a4, a5
core   0: 3 0x80005eee (0x02f748b3) x17 0x00000000
core   0: 0x80005ef2 (0x01483c33) sltu    s8, a6, s4
core   0: 3 0x80005ef2 (0x01483c33) x24 0x00000001
core   0: 0x80005ef6 (0x008f5c33) srl     s8, t5, s0
core   0: 3 0x80005ef6 (0x008f5c33) x24 0x00000000
core   0: 0x80005efa (0x07514b03) lbu     s6, 117(sp)
core   0: 3 0x80005efa (0x07514b03) x22 0x000000c5 mem 0x80012b0e
core   0: 0x80005efe (0x02abd433) divu    s0, s7, a0
core   0: 3 0x80005efe (0x02abd433) x 8 0x0000187e
core   0: 0x80005f02 (0xf8314003) lbu     zero, -125(sp)
core   0: 3 0x80005f02 (0xf8314003) mem 0x80012a1c
core   0: 0x80005f06 (0x05e14903) lbu     s2, 94(sp)
core   0: 3 0x80005f06 (0x05e14903) x18 0x000000ac mem 0x80012af7
core   0: 0x80005f0a (0x075102a3) sb      s5, 101(sp)
core   0: 3 0x80005f0a (0x075102a3) mem 0x80012afe 0xe4
core   0: 0x80005f0e (0x0023a8b3) slt     a7, t2, sp
core   0: 3 0x80005f0e (0x0023a8b3) x17 0x00000001
core   0: 0x80005f12 (0x0a014783) lbu     a5, 160(sp)
core   0: 3 0x80005f12 (0x0a014783) x15 0x000000f2 mem 0x80012b39
core   0: 0x80005f16 (0xfa610a23) sb      t1, -76(sp)
core   0: 3 0x80005f16 (0xfa610a23) mem 0x80012a4d 0xde
core   0: 0x80005f1a (0x0c210603) lb      a2, 194(sp)
core   0: 3 0x80005f1a (0x0c210603) x12 0x00000010 mem 0x80012b5b
core   0: 0x80005f1e (0xfaa11fa3) sh      a0, -65(sp)
core   0: 3 0x80005f1e (0xfaa11fa3) mem 0x80012a58 0x000a
core   0: 0x80005f22 (0x0be10d23) sb      t5, 186(sp)
core   0: 3 0x80005f22 (0x0be10d23) mem 0x80012b53 0x1
core   0: 0x80005f26 (0x06b15283) lhu     t0, 107(sp)
core   0: 3 0x80005f26 (0x06b15283) x 5 0x0000bebf mem 0x80012b04
core   0: 0x80005f2a (0xf2e11ca3) sh      a4, -199(sp)
core   0: 3 0x80005f2a (0xf2e11ca3) mem 0x800129d2 0x007a
core   0: 0x80005f2e (0x40840db3) sub     s11, s0, s0
core   0: 3 0x80005f2e (0x40840db3) x27 0x00000000
core   0: 0x80005f32 (0xf88104a3) sb      s0, -119(sp)
core   0: 3 0x80005f32 (0xf88104a3) mem 0x80012a22 0x7e
core   0: 0x80005f36 (0x0e410c03) lb      s8, 228(sp)
core   0: 3 0x80005f36 (0x0e410c03) x24 0x00000036 mem 0x80012b7d
core   0: 0x80005f3a (0xf0e10d03) lb      s10, -242(sp)
core   0: 3 0x80005f3a (0xf0e10d03) x26 0x0000005c mem 0x800129a7
core   0: 0x80005f3e (0x000096da) c.add   a3, s6
core   0: 3 0x80005f3e (0x96da) x13 0x0000010f
core   0: 0x80005f40 (0x003e31b3) sltu    gp, t3, gp
core   0: 3 0x80005f40 (0x003e31b3) x 3 0x00000000
core   0: 0x80005f44 (0x0000157d) c.addi  a0, -1
core   0: 3 0x80005f44 (0x157d) x10 0x00000009
core   0: 0x80005f46 (0x01b11e03) lh      t3, 27(sp)
core   0: 3 0x80005f46 (0x01b11e03) x28 0x00006e6f mem 0x80012ab4
core   0: 0x80005f4a (0xf8914e03) lbu     t3, -119(sp)
core   0: 3 0x80005f4a (0xf8914e03) x28 0x0000007e mem 0x80012a22
core   0: 0x80005f4e (0x0ce10803) lb      a6, 206(sp)
core   0: 3 0x80005f4e (0x0ce10803) x16 0x0000001c mem 0x80012b67
core   0: 0x80005f52 (0xfe410b23) sb      tp, -10(sp)
core   0: 3 0x80005f52 (0xfe410b23) mem 0x80012a8f 0x0
core   0: 0x80005f56 (0xf3b10c23) sb      s11, -200(sp)
core   0: 3 0x80005f56 (0xf3b10c23) mem 0x800129d1 0x0
core   0: 0x80005f5a (0x014e23b3) slt     t2, t3, s4
core   0: 3 0x80005f5a (0x014e23b3) x 7 0x00000000
core   0: 0x80005f5e (0x0143bdb3) sltu    s11, t2, s4
core   0: 3 0x80005f5e (0x0143bdb3) x27 0x00000001
core   0: 0x80005f62 (0x02310b03) lb      s6, 35(sp)
core   0: 3 0x80005f62 (0x02310b03) x22 0x00000077 mem 0x80012abc
core   0: 0x80005f66 (0xf6410303) lb      t1, -156(sp)
core   0: 3 0x80005f66 (0xf6410303) x 6 0xffffffb6 mem 0x800129fd
core   0: 0x80005f6a (0x0460076f) jal     a4, pc + 0x46
core   0: 3 0x80005f6a (0x0460076f) x14 0x80005f6e
core   0: 0x80005fb0 (0xfe1ff0ef) jal     pc - 0x20
core   0: 3 0x80005fb0 (0xfe1ff0ef) x 1 0x80005fb4
core   0: 0x80005f90 (0xff3ff36f) jal     t1, pc - 0xe
core   0: 3 0x80005f90 (0xff3ff36f) x 6 0x80005f94
core   0: 0x80005f82 (0x00003fe5) c.jal   pc - 8
core   0: 3 0x80005f82 (0x3fe5) x 1 0x80005f84
core   0: 0x80005f7a (0x0000a00d) c.j     pc + 34
core   0: 3 0x80005f7a (0xa00d)
core   0: 0x80005f9c (0x006000ef) jal     pc + 0x6
core   0: 3 0x80005f9c (0x006000ef) x 1 0x80005fa0
core   0: 0x80005fa2 (0x0000b7cd) c.j     pc - 30
core   0: 3 0x80005fa2 (0xb7cd)
core   0: 0x80005f84 (0x028000ef) jal     pc + 0x28
core   0: 3 0x80005f84 (0x028000ef) x 1 0x80005f88
core   0: 0x80005fac (0x0000b7e9) c.j     pc - 54
core   0: 3 0x80005fac (0xb7e9)
core   0: 0x80005f76 (0x0160036f) jal     t1, pc + 0x16
core   0: 3 0x80005f76 (0x0160036f) x 6 0x80005f7a
core   0: 0x80005f8c (0x00c000ef) jal     pc + 0xc
core   0: 3 0x80005f8c (0x00c000ef) x 1 0x80005f90
core   0: 0x80005f98 (0x0000b7e5) c.j     pc - 24
core   0: 3 0x80005f98 (0xb7e5)
core   0: 0x80005f80 (0x00003fcd) c.jal   pc - 14
core   0: 3 0x80005f80 (0x3fcd) x 1 0x80005f82
core   0: 0x80005f72 (0x02e0036f) jal     t1, pc + 0x2e
core   0: 3 0x80005f72 (0x02e0036f) x 6 0x80005f76
core   0: 0x80005fa0 (0x0000bff1) c.j     pc - 36
core   0: 3 0x80005fa0 (0xbff1)
core   0: 0x80005f7c (0xff3ff0ef) jal     pc - 0xe
core   0: 3 0x80005f7c (0xff3ff0ef) x 1 0x80005f80
core   0: 0x80005f6e (0x036004ef) jal     s1, pc + 0x36
core   0: 3 0x80005f6e (0x036004ef) x 9 0x80005f72
core   0: 0x80005fa4 (0xff3ff0ef) jal     pc - 0xe
core   0: 3 0x80005fa4 (0xff3ff0ef) x 1 0x80005fa8
core   0: 0x80005f96 (0x00003fcd) c.jal   pc - 14
core   0: 3 0x80005f96 (0x3fcd) x 1 0x80005f98
core   0: 0x80005f88 (0x00c0046f) jal     s0, pc + 0xc
core   0: 3 0x80005f88 (0x00c0046f) x 8 0x80005f8c
core   0: 0x80005f94 (0x0000a829) c.j     pc + 26
core   0: 3 0x80005f94 (0xa829)
core   0: 0x80005fae (0x0000bfed) c.j     pc - 6
core   0: 3 0x80005fae (0xbfed)
core   0: 0x80005fa8 (0x00002009) c.jal   pc + 2
core   0: 3 0x80005fa8 (0x2009) x 1 0x80005faa
core   0: 0x80005faa (0x00003fc5) c.jal   pc - 16
core   0: 3 0x80005faa (0x3fc5) x 1 0x80005fac
core   0: 0x80005f9a (0x00002829) c.jal   pc + 26
core   0: 3 0x80005f9a (0x2829) x 1 0x80005f9c
core   0: 0x80005fb4 (0x344d3613) sltiu   a2, s10, 836
core   0: 3 0x80005fb4 (0x344d3613) x12 0x00000001
core   0: 0x80005fb8 (0x0000bb97) auipc   s7, 0xb
core   0: 3 0x80005fb8 (0x0000bb97) x23 0x80010fb8
core   0: 0x80005fbc (0x618b8b93) addi    s7, s7, 1560
core   0: 3 0x80005fbc (0x618b8b93) x23 0x800115d0
core   0: 0x80005fc0 (0x300bae03) lw      t3, 768(s7)
core   0: 3 0x80005fc0 (0x300bae03) x28 0x88898a8b mem 0x800118d0
core   0: 0x80005fc4 (0xc53bc403) lbu     s0, -941(s7)
core   0: 3 0x80005fc4 (0xc53bc403) x 8 0x000000d8 mem 0x80011223
core   0: 0x80005fc8 (0xea6bc583) lbu     a1, -346(s7)
core   0: 3 0x80005fc8 (0xea6bc583) x11 0x0000002d mem 0x80011476
core   0: 0x80005fcc (0xd5fb8f83) lb      t6, -673(s7)
core   0: 3 0x80005fcc (0xd5fb8f83) x31 0xffffffe4 mem 0x8001132f
core   0: 0x80005fd0 (0xd5fb8603) lb      a2, -673(s7)
core   0: 3 0x80005fd0 (0xd5fb8603) x12 0xffffffe4 mem 0x8001132f
core   0: 0x80005fd4 (0x01615633) srl     a2, sp, s6
core   0: 3 0x80005fd4 (0x01615633) x12 0x00000100
core   0: 0x80005fd8 (0xe25b8003) lb      zero, -475(s7)
core   0: 3 0x80005fd8 (0xe25b8003) mem 0x800113f5
core   0: 0x80005fdc (0xe25bc283) lbu     t0, -475(s7)
core   0: 3 0x80005fdc (0xe25bc283) x 5 0x000000ae mem 0x800113f5
core   0: 0x80005fe0 (0xcc2b9283) lh      t0, -830(s7)
core   0: 3 0x80005fe0 (0xcc2b9283) x 5 0x00004849 mem 0x80011292
core   0: 0x80005fe4 (0x7feba623) sw      t5, 2028(s7)
core   0: 3 0x80005fe4 (0x7feba623) mem 0x80011dbc 0x00000001
core   0: 0x80005fe8 (0x7e6b9623) sh      t1, 2028(s7)
core   0: 3 0x80005fe8 (0x7e6b9623) mem 0x80011dbc 0x5f76
core   0: 0x80005fec (0x7ecba103) lw      sp, 2028(s7)
core   0: 3 0x80005fec (0x7ecba103) x 2 0x00005f76 mem 0x80011dbc
core   0: 0x80005ff0 (0xe3cb87a3) sb      t3, -465(s7)
core   0: 3 0x80005ff0 (0xe3cb87a3) mem 0x800113ff 0x8b
core   0: 0x80005ff4 (0xe46ba423) sw      t1, -440(s7)
core   0: 3 0x80005ff4 (0xe46ba423) mem 0x80011418 0x80005f76
core   0: 0x80005ff8 (0x463b9d23) sh      gp, 1146(s7)
core   0: 3 0x80005ff8 (0x463b9d23) mem 0x80011a4a 0x0000
core   0: 0x80005ffc (0x47ab9983) lh      s3, 1146(s7)
core   0: 3 0x80005ffc (0x47ab9983) x19 0x00000000 mem 0x80011a4a
core   0: 0x80006000 (0x0f8b83a3) sb      s8, 231(s7)
core   0: 3 0x80006000 (0x0f8b83a3) mem 0x800116b7 0x36
core   0: 0x80006004 (0x065b8603) lb      a2, 101(s7)
core   0: 3 0x80006004 (0x065b8603) x12 0xffffffee mem 0x80011635
core   0: 0x80006008 (0x065b8003) lb      zero, 101(s7)
core   0: 3 0x80006008 (0x065b8003) mem 0x80011635
core   0: 0x8000600c (0x0000a417) auipc   s0, 0xa
core   0: 3 0x8000600c (0x0000a417) x 8 0x8001000c
core   0: 0x80006010 (0x37c40413) addi    s0, s0, 892
core   0: 3 0x80006010 (0x37c40413) x 8 0x80010388
core   0: 0x80006014 (0x32798513) addi    a0, s3, 807
core   0: 3 0x80006014 (0x32798513) x10 0x00000327
core   0: 0x80006018 (0x40a506b3) sub     a3, a0, a0
core   0: 3 0x80006018 (0x40a506b3) x13 0x00000000
core   0: 0x8000601c (0xfca408a3) sb      a0, -47(s0)
core   0: 3 0x8000601c (0xfca408a3) mem 0x80010359 0x27
core   0: 0x80006020 (0x00008299) c.srli  a3, 6
core   0: 3 0x80006020 (0x8299) x13 0x00000000
core   0: 0x80006022 (0xfda45683) lhu     a3, -38(s0)
core   0: 3 0x80006022 (0xfda45683) x13 0x00001819 mem 0x80010362
core   0: 0x80006026 (0x05b42023) sw      s11, 64(s0)
core   0: 3 0x80006026 (0x05b42023) mem 0x800103c8 0x00000001
core   0: 0x8000602a (0xfee44683) lbu     a3, -18(s0)
core   0: 3 0x8000602a (0xfee44683) x13 0x0000002d mem 0x80010376
core   0: 0x8000602e (0x00000bfa) c.slli  s7, 30
core   0: 3 0x8000602e (0x0bfa) x23 0x00000000
core   0: 0x80006030 (0x00041b83) lh      s7, 0(s0)
core   0: 3 0x80006030 (0x00041b83) x23 0x00000000 mem 0x80010388
core   0: 0x80006034 (0x01340423) sb      s3, 8(s0)
core   0: 3 0x80006034 (0x01340423) mem 0x80010390 0x0
core   0: 0x80006038 (0x0000850d) c.srai  a0, 3
core   0: 3 0x80006038 (0x850d) x10 0x00000064
core   0: 0x8000603a (0xfed40b83) lb      s7, -19(s0)
core   0: 3 0x8000603a (0xfed40b83) x23 0x0000002e mem 0x80010375
core   0: 0x8000603e (0x03150533) mul     a0, a0, a7
core   0: 3 0x8000603e (0x03150533) x10 0x00000064
core   0: 0x80006042 (0xfd940503) lb      a0, -39(s0)
core   0: 3 0x80006042 (0xfd940503) x10 0x0000001a mem 0x80010361
core   0: 0x80006046 (0x0136d6b3) srl     a3, a3, s3
core   0: 3 0x80006046 (0x0136d6b3) x13 0x0000002d
core   0: 0x8000604a (0x00000001) c.nop
core   0: 3 0x8000604a (0x0001)
core   0: 0x8000604c (0xfef40503) lb      a0, -17(s0)
core   0: 3 0x8000604c (0xfef40503) x10 0x0000002c mem 0x80010377
core   0: 0x80006050 (0x00a536b3) sltu    a3, a0, a0
core   0: 3 0x80006050 (0x00a536b3) x13 0x00000000
core   0: 0x80006054 (0xa346f893) andi    a7, a3, -1484
core   0: 3 0x80006054 (0xa346f893) x17 0x00000000
core   0: 0x80006058 (0xff844d83) lbu     s11, -8(s0)
core   0: 3 0x80006058 (0xff844d83) x27 0x0000003b mem 0x80010380
core   0: 0x8000605c (0x000006b2) c.slli  a3, 12
core   0: 3 0x8000605c (0x06b2) x13 0x00000000
core   0: 0x8000605e (0x02ddddb3) divu    s11, s11, a3
core   0: 3 0x8000605e (0x02ddddb3) x27 0xffffffff
core   0: 0x80006062 (0x011ba533) slt     a0, s7, a7
core   0: 3 0x80006062 (0x011ba533) x10 0x00000000
core   0: 0x80006066 (0xff845503) lhu     a0, -8(s0)
core   0: 3 0x80006066 (0xff845503) x10 0x00003a3b mem 0x80010380
core   0: 0x8000606a (0x01753db3) sltu    s11, a0, s7
core   0: 3 0x8000606a (0x01753db3) x27 0x00000000
core   0: 0x8000606e (0x01440883) lb      a7, 20(s0)
core   0: 3 0x8000606e (0x01440883) x17 0x00000057 mem 0x8001039c
core   0: 0x80006072 (0x03c42b83) lw      s7, 60(s0)
core   0: 3 0x80006072 (0x03c42b83) x23 0x7c7d7e7f mem 0x800103c4
core   0: 0x80006076 (0xff340f23) sb      s3, -2(s0)
core   0: 3 0x80006076 (0xff340f23) mem 0x80010386 0x0
core   0: 0x8000607a (0x02d400a3) sb      a3, 33(s0)
core   0: 3 0x8000607a (0x02d400a3) mem 0x800103a9 0x0
core   0: 0x8000607e (0x013bc8b3) xor     a7, s7, s3
core   0: 3 0x8000607e (0x013bc8b3) x17 0x7c7d7e7f
core   0: 0x80006082 (0x02a6ebb3) rem     s7, a3, a0
core   0: 3 0x80006082 (0x02a6ebb3) x23 0x00000000
core   0: 0x80006086 (0x03740b83) lb      s7, 55(s0)
core   0: 3 0x80006086 (0x03740b83) x23 0x00000074 mem 0x800103bf
core   0: 0x8000608a (0xfca45883) lhu     a7, -54(s0)
core   0: 3 0x8000608a (0xfca45883) x17 0x00000809 mem 0x80010352
core   0: 0x8000608e (0x02641883) lh      a7, 38(s0)
core   0: 3 0x8000608e (0x02641883) x17 0x00006465 mem 0x800103ae
core   0: 0x80006092 (0x00adcdb3) xor     s11, s11, a0
core   0: 3 0x80006092 (0x00adcdb3) x27 0x00003a3b
core   0: 0x80006096 (0x000046e1) c.li    a3, 24
core   0: 3 0x80006096 (0x46e1) x13 0x00000018
core   0: 0x80006098 (0x00008531) c.srai  a0, 12
core   0: 3 0x80006098 (0x8531) x10 0x00000003
core   0: 0x8000609a (0x00e41503) lh      a0, 14(s0)
core   0: 3 0x8000609a (0x00e41503) x10 0x0000004d mem 0x80010396
core   0: 0x8000609e (0x02544883) lbu     a7, 37(s0)
core   0: 3 0x8000609e (0x02544883) x17 0x00000066 mem 0x800103ad
core   0: 0x800060a2 (0x7878f693) andi    a3, a7, 1927
core   0: 3 0x800060a2 (0x7878f693) x13 0x00000006
core   0: 0x800060a6 (0xfeb44683) lbu     a3, -21(s0)
core   0: 3 0x800060a6 (0xfeb44683) x13 0x00000000 mem 0x80010373
core   0: 0x800060aa (0x03644983) lbu     s3, 54(s0)
core   0: 3 0x800060aa (0x03644983) x19 0x00000075 mem 0x800103be
core   0: 0x800060ae (0x01f44883) lbu     a7, 31(s0)
core   0: 3 0x800060ae (0x01f44883) x17 0x0000005c mem 0x800103a7
core   0: 0x800060b2 (0x03342823) sw      s3, 48(s0)
core   0: 3 0x800060b2 (0x03342823) mem 0x800103b8 0x00000075
core   0: 0x800060b6 (0xf1cfa997) auipc   s3, 0xf1cfa
core   0: 3 0x800060b6 (0xf1cfa997) x19 0x71d000b6
core   0: 0x800060ba (0x7306a693) slti    a3, a3, 1840
core   0: 3 0x800060ba (0x7306a693) x13 0x00000001
core   0: 0x800060be (0x000006e6) c.slli  a3, 25
core   0: 3 0x800060be (0x06e6) x13 0x02000000
core   0: 0x800060c0 (0x00041d83) lh      s11, 0(s0)
core   0: 3 0x800060c0 (0x00041d83) x27 0x00000000 mem 0x80010388
core   0: 0x800060c4 (0x01152533) slt     a0, a0, a7
core   0: 3 0x800060c4 (0x01152533) x10 0x00000001
core   0: 0x800060c8 (0x00009536) c.add   a0, a3
core   0: 3 0x800060c8 (0x9536) x10 0x02000001
core   0: 0x800060ca (0x0000997d) c.andi  a0, -1
core   0: 3 0x800060ca (0x997d) x10 0x02000001
core   0: 0x800060cc (0x00008e89) c.sub   a3, a0
core   0: 3 0x800060cc (0x8e89) x13 0xffffffff
core   0: 0x800060ce (0x00000689) c.addi  a3, 2
core   0: 3 0x800060ce (0x0689) x13 0x00000001
core   0: 0x800060d0 (0x000086d9) c.srai  a3, 22
core   0: 3 0x800060d0 (0x86d9) x13 0x00000000
core   0: 0x800060d2 (0x01b40a23) sb      s11, 20(s0)
core   0: 3 0x800060d2 (0x01b40a23) mem 0x8001039c 0x0
core   0: 0x800060d6 (0xfd742823) sw      s7, -48(s0)
core   0: 3 0x800060d6 (0xfd742823) mem 0x80010358 0x00000074
core   0: 0x800060da (0x03752bb3) mulhsu  s7, a0, s7
core   0: 3 0x800060da (0x03752bb3) x23 0x00000000
core   0: 0x800060de (0x02040503) lb      a0, 32(s0)
core   0: 3 0x800060de (0x02040503) x10 0x00000063 mem 0x800103a8
core   0: 0x800060e2 (0xfed44b83) lbu     s7, -19(s0)
core   0: 3 0x800060e2 (0xfed44b83) x23 0x0000002e mem 0x80010375
core   0: 0x800060e6 (0x0000f317) auipc   t1, 0xf
core   0: 3 0x800060e6 (0x0000f317) x 6 0x800150e6
core   0: 0x800060ea (0x77a30313) addi    t1, t1, 1914
core   0: 3 0x800060ea (0x77a30313) x 6 0x80015860
core   0: 0x800060ee (0xfec32023) sw      a2, -32(t1)
core   0: 3 0x800060ee (0xfec32023) mem 0x80015840 0xffffffee
core   0: 0x800060f2 (0x0000ba17) auipc   s4, 0xb
core   0: 3 0x800060f2 (0x0000ba17) x20 0x800110f2
core   0: 0x800060f6 (0xbb5a0a13) addi    s4, s4, -1099
core   0: 3 0x800060f6 (0xbb5a0a13) x20 0x80010ca7
core   0: 0x800060fa (0x00ca10a3) sh      a2, 1(s4)
core   0: 3 0x800060fa (0x00ca10a3) mem 0x80010ca8 0xffee
core   0: 0x800060fe (0x000a0503) lb      a0, 0(s4)
core   0: 3 0x800060fe (0x000a0503) x10 0x0000005c mem 0x80010ca7
core   0: 0x80006102 (0xfc631703) lh      a4, -58(t1)
core   0: 3 0x80006102 (0xfc631703) x14 0xffffdcdd mem 0x80015826
core   0: 0x80006106 (0xff8a0ca3) sb      s8, -7(s4)
core   0: 3 0x80006106 (0xff8a0ca3) mem 0x80010ca0 0x36
core   0: 0x8000610a (0xff334b83) lbu     s7, -13(t1)
core   0: 3 0x8000610a (0xff334b83) x23 0x00000008 mem 0x80015853
core   0: 0x8000610e (0xfe4a0823) sb      tp, -16(s4)
core   0: 3 0x8000610e (0xfe4a0823) mem 0x80010c97 0x0
core   0: 0x80006112 (0x007a1d83) lh      s11, 7(s4)
core   0: 3 0x80006112 (0x007a1d83) x27 0x00006465 mem 0x80010cae
core   0: 0x80006116 (0xff330183) lb      gp, -13(t1)
core   0: 3 0x80006116 (0xff330183) x 3 0x00000008 mem 0x80015853
core   0: 0x8000611a (0xfc334403) lbu     s0, -61(t1)
core   0: 3 0x8000611a (0xfc334403) x 8 0x000000d8 mem 0x80015823
core   0: 0x8000611e (0x00ca0e83) lb      t4, 12(s4)
core   0: 3 0x8000611e (0x00ca0e83) x29 0x00000068 mem 0x80010cb3
core   0: 0x80006122 (0xfe7a0ea3) sb      t2, -3(s4)
core   0: 3 0x80006122 (0xfe7a0ea3) mem 0x80010ca4 0x0
core   0: 0x80006126 (0x02631523) sh      t1, 42(t1)
core   0: 3 0x80006126 (0x02631523) mem 0x8001588a 0x5860
core   0: 0x8000612a (0xff0a4503) lbu     a0, -16(s4)
core   0: 3 0x8000612a (0xff0a4503) x10 0x00000000 mem 0x80010c97
core   0: 0x8000612e (0x02c30b83) lb      s7, 44(t1)
core   0: 3 0x8000612e (0x02c30b83) x23 0x00000047 mem 0x8001588c
core   0: 0x80006132 (0x00ba0103) lb      sp, 11(s4)
core   0: 3 0x80006132 (0x00ba0103) x 2 0x00000069 mem 0x80010cb2
core   0: 0x80006136 (0x00100193) li      gp, 1
core   0: 3 0x80006136 (0x00100193) x 3 0x00000001
core   0: 0x8000613a (0x00008d7d) c.and   a0, a5
core   0: 3 0x8000613a (0x8d7d) x10 0x00000000
core   0: 0x8000613c (0x03e87fb3) remu    t6, a6, t5
core   0: 3 0x8000613c (0x03e87fb3) x31 0x00000000
core   0: 0x80006140 (0x00b00a13) li      s4, 11
core   0: 3 0x80006140 (0x00b00a13) x20 0x0000000b
core   0: 0x80006144 (0x03883c33) mulhu   s8, a6, s8
core   0: 3 0x80006144 (0x03883c33) x24 0x00000000
core   0: 0x80006148 (0x038ad833) divu    a6, s5, s8
core   0: 3 0x80006148 (0x038ad833) x16 0xffffffff
core   0: 0x8000614c (0x7ceb2693) slti    a3, s6, 1998
core   0: 3 0x8000614c (0x7ceb2693) x13 0x00000001
core   0: 0x80006150 (0x00008c09) c.sub   s0, a0
core   0: 3 0x80006150 (0x8c09) x 8 0x000000d8
core   0: 0x80006152 (0x00008ce1) c.and   s1, s0
core   0: 3 0x80006152 (0x8ce1) x 9 0x00000050
core   0: 0x80006154 (0x0000018d) c.addi  gp, 3
core   0: 3 0x80006154 (0x018d) x 3 0x00000004
core   0: 0x80006156 (0x410a53b3) sra     t2, s4, a6
core   0: 3 0x80006156 (0x410a53b3) x 7 0x00000000
core   0: 0x8000615a (0x09d86617) auipc   a2, 0x9d86
core   0: 3 0x8000615a (0x09d86617) x12 0x89d8c15a
core   0: 0x8000615e (0xff41e9e3) bltu    gp, s4, pc - 14
core   0: 3 0x8000615e (0xff41e9e3)
core   0: 0x80006150 (0x00008c09) c.sub   s0, a0
core   0: 3 0x80006150 (0x8c09) x 8 0x000000d8
core   0: 0x80006152 (0x00008ce1) c.and   s1, s0
core   0: 3 0x80006152 (0x8ce1) x 9 0x00000050
core   0: 0x80006154 (0x0000018d) c.addi  gp, 3
core   0: 3 0x80006154 (0x018d) x 3 0x00000007
core   0: 0x80006156 (0x410a53b3) sra     t2, s4, a6
core   0: 3 0x80006156 (0x410a53b3) x 7 0x00000000
core   0: 0x8000615a (0x09d86617) auipc   a2, 0x9d86
core   0: 3 0x8000615a (0x09d86617) x12 0x89d8c15a
core   0: 0x8000615e (0xff41e9e3) bltu    gp, s4, pc - 14
core   0: 3 0x8000615e (0xff41e9e3)
core   0: 0x80006150 (0x00008c09) c.sub   s0, a0
core   0: 3 0x80006150 (0x8c09) x 8 0x000000d8
core   0: 0x80006152 (0x00008ce1) c.and   s1, s0
core   0: 3 0x80006152 (0x8ce1) x 9 0x00000050
core   0: 0x80006154 (0x0000018d) c.addi  gp, 3
core   0: 3 0x80006154 (0x018d) x 3 0x0000000a
core   0: 0x80006156 (0x410a53b3) sra     t2, s4, a6
core   0: 3 0x80006156 (0x410a53b3) x 7 0x00000000
core   0: 0x8000615a (0x09d86617) auipc   a2, 0x9d86
core   0: 3 0x8000615a (0x09d86617) x12 0x89d8c15a
core   0: 0x8000615e (0xff41e9e3) bltu    gp, s4, pc - 14
core   0: 3 0x8000615e (0xff41e9e3)
core   0: 0x80006150 (0x00008c09) c.sub   s0, a0
core   0: 3 0x80006150 (0x8c09) x 8 0x000000d8
core   0: 0x80006152 (0x00008ce1) c.and   s1, s0
core   0: 3 0x80006152 (0x8ce1) x 9 0x00000050
core   0: 0x80006154 (0x0000018d) c.addi  gp, 3
core   0: 3 0x80006154 (0x018d) x 3 0x0000000d
core   0: 0x80006156 (0x410a53b3) sra     t2, s4, a6
core   0: 3 0x80006156 (0x410a53b3) x 7 0x00000000
core   0: 0x8000615a (0x09d86617) auipc   a2, 0x9d86
core   0: 3 0x8000615a (0x09d86617) x12 0x89d8c15a
core   0: 0x8000615e (0xff41e9e3) bltu    gp, s4, pc - 14
core   0: 3 0x8000615e (0xff41e9e3)
core   0: 0x80006162 (0x00008d09) c.sub   a0, a0
core   0: 3 0x80006162 (0x8d09) x10 0x00000000
core   0: 0x80006164 (0x00400b13) li      s6, 4
core   0: 3 0x80006164 (0x00400b13) x22 0x00000004
core   0: 0x80006168 (0x00300d13) li      s10, 3
core   0: 3 0x80006168 (0x00300d13) x26 0x00000003
core   0: 0x8000616c (0xbfdfc313) xori    t1, t6, -1027
core   0: 3 0x8000616c (0xbfdfc313) x 6 0xfffffbfd
core   0: 0x80006170 (0x00001b79) c.addi  s6, -2
core   0: 3 0x80006170 (0x1b79) x22 0x00000002
core   0: 0x80006172 (0x0000100f) fence.i
core   0: 3 0x80006172 (0x0000100f)
core   0: 0x80006176 (0x00001ffd) c.addi  t6, -1
core   0: 3 0x80006176 (0x1ffd) x31 0xffffffff
core   0: 0x80006178 (0xffab7ae3) bgeu    s6, s10, pc - 12
core   0: 3 0x80006178 (0xffab7ae3)
core   0: 0x8000617c (0x9a6abd93) sltiu   s11, s5, -1626
core   0: 3 0x8000617c (0x9a6abd93) x27 0x00000001
core   0: 0x80006180 (0x0000b117) auipc   sp, 0xb
core   0: 3 0x80006180 (0x0000b117) x 2 0x80011180
core   0: 0x80006184 (0xc7610113) addi    sp, sp, -906
core   0: 3 0x80006184 (0xc7610113) x 2 0x80010df6
core   0: 0x80006188 (0x41a7d293) srai    t0, a5, 26
core   0: 3 0x80006188 (0x41a7d293) x 5 0x00000000
core   0: 0x8000618c (0xffa10ca3) sb      s10, -7(sp)
core   0: 3 0x8000618c (0xffa10ca3) mem 0x80010def 0x3
core   0: 0x80006190 (0xffd14803) lbu     a6, -3(sp)
core   0: 3 0x80006190 (0xffd14803) x16 0x000000a8 mem 0x80010df3
core   0: 0x80006194 (0xff011283) lh      t0, -16(sp)
core   0: 3 0x80006194 (0xff011283) x 5 0xffff9c9d mem 0x80010de6
core   0: 0x80006198 (0x012106a3) sb      s2, 13(sp)
core   0: 3 0x80006198 (0x012106a3) mem 0x80010e03 0xac
core   0: 0x8000619c (0xffb10fa3) sb      s11, -1(sp)
core   0: 3 0x8000619c (0xffb10fa3) mem 0x80010df5 0x1
core   0: 0x800061a0 (0x00212803) lw      a6, 2(sp)
core   0: 3 0x800061a0 (0x00212803) x16 0xb0b1b2b3 mem 0x80010df8
core   0: 0x800061a4 (0x40f7ddb3) sra     s11, a5, a5
core   0: 3 0x800061a4 (0x40f7ddb3) x27 0x00000000
core   0: 0x800061a8 (0x01a2a833) slt     a6, t0, s10
core   0: 3 0x800061a8 (0x01a2a833) x16 0x00000001
core   0: 0x800061ac (0xffa15803) lhu     a6, -6(sp)
core   0: 3 0x800061ac (0xffa15803) x16 0x0000aaab mem 0x80010df0
core   0: 0x800061b0 (0x00008bd9) c.andi  a5, 22
core   0: 3 0x800061b0 (0x8bd9) x15 0x00000012
core   0: 0x800061b2 (0x01a107a3) sb      s10, 15(sp)
core   0: 3 0x800061b2 (0x01a107a3) mem 0x80010e05 0x3
core   0: 0x800061b6 (0xffd10d83) lb      s11, -3(sp)
core   0: 3 0x800061b6 (0xffd10d83) x27 0xffffffa8 mem 0x80010df3
core   0: 0x800061ba (0x0302d933) divu    s2, t0, a6
core   0: 3 0x800061ba (0x0302d933) x18 0x00017ffe
core   0: 0x800061be (0x11c7e293) ori     t0, a5, 284
core   0: 3 0x800061be (0x11c7e293) x 5 0x0000011e
core   0: 0x800061c2 (0x00c10803) lb      a6, 12(sp)
core   0: 3 0x800061c2 (0x00c10803) x16 0xffffffb9 mem 0x80010e02
core   0: 0x800061c6 (0x000002a9) c.addi  t0, 10
core   0: 3 0x800061c6 (0x02a9) x 5 0x00000128
core   0: 0x800061c8 (0x00f103a3) sb      a5, 7(sp)
core   0: 3 0x800061c8 (0x00f103a3) mem 0x80010dfd 0x12
core   0: 0x800061cc (0x00000001) c.nop
core   0: 3 0x800061cc (0x0001)
core   0: 0x800061ce (0x012100a3) sb      s2, 1(sp)
core   0: 3 0x800061ce (0x012100a3) mem 0x80010df7 0xfe
core   0: 0x800061d2 (0xe0d2f913) andi    s2, t0, -499
core   0: 3 0x800061d2 (0xe0d2f913) x18 0x00000008
core   0: 0x800061d6 (0x00411903) lh      s2, 4(sp)
core   0: 3 0x800061d6 (0x00411903) x18 0xffffb0b1 mem 0x80010dfa
core   0: 0x800061da (0x00e15d03) lhu     s10, 14(sp)
core   0: 3 0x800061da (0x00e15d03) x26 0x000003bf mem 0x80010e04
core   0: 0x800061de (0x00d14903) lbu     s2, 13(sp)
core   0: 3 0x800061de (0x00d14903) x18 0x000000ac mem 0x80010e03
core   0: 0x800061e2 (0x00612783) lw      a5, 6(sp)
core   0: 3 0x800061e2 (0x00612783) x15 0xb4b512b7 mem 0x80010dfc
core   0: 0x800061e6 (0x41bdd833) sra     a6, s11, s11
core   0: 3 0x800061e6 (0x41bdd833) x16 0xffffffff
core   0: 0x800061ea (0x01015783) lhu     a5, 16(sp)
core   0: 3 0x800061ea (0x01015783) x15 0x0000bcbd mem 0x80010e06
core   0: 0x800061ee (0x00f2d2b3) srl     t0, t0, a5
core   0: 3 0x800061ee (0x00f2d2b3) x 5 0x00000000
core   0: 0x800061f2 (0x000083ed) c.srli  a5, 27
core   0: 3 0x800061f2 (0x83ed) x15 0x00000000
core   0: 0x800061f4 (0xff514283) lbu     t0, -11(sp)
core   0: 3 0x800061f4 (0xff514283) x 5 0x000000a0 mem 0x80010deb
core   0: 0x800061f8 (0x00414d83) lbu     s11, 4(sp)
core   0: 3 0x800061f8 (0x00414d83) x27 0x000000b1 mem 0x80010dfa
core   0: 0x800061fc (0xff510803) lb      a6, -11(sp)
core   0: 3 0x800061fc (0xff510803) x16 0xffffffa0 mem 0x80010deb
core   0: 0x80006200 (0xfef10923) sb      a5, -14(sp)
core   0: 3 0x80006200 (0xfef10923) mem 0x80010de8 0x0
core   0: 0x80006204 (0x00d10803) lb      a6, 13(sp)
core   0: 3 0x80006204 (0x00d10803) x16 0xffffffac mem 0x80010e03
core   0: 0x80006208 (0x03281933) mulh    s2, a6, s2
core   0: 3 0x80006208 (0x03281933) x18 0xffffffff
core   0: 0x8000620c (0xff211d23) sh      s2, -6(sp)
core   0: 3 0x8000620c (0xff211d23) mem 0x80010df0 0xffff
core   0: 0x80006210 (0x01b10123) sb      s11, 2(sp)
core   0: 3 0x80006210 (0x01b10123) mem 0x80010df8 0xb1
core   0: 0x80006214 (0xff215283) lhu     t0, -14(sp)
core   0: 3 0x80006214 (0xff215283) x 5 0x00000000 mem 0x80010de8
core   0: 0x80006218 (0x0000bc17) auipc   s8, 0xb
core   0: 3 0x80006218 (0x0000bc17) x24 0x80011218
core   0: 0x8000621c (0x8f2c0c13) addi    s8, s8, -1806
core   0: 3 0x8000621c (0x8f2c0c13) x24 0x80010b0a
core   0: 0x80006220 (0x0000b897) auipc   a7, 0xb
core   0: 3 0x80006220 (0x0000b897) x17 0x80011220
core   0: 0x80006224 (0xdc788893) addi    a7, a7, -569
core   0: 3 0x80006224 (0xdc788893) x17 0x80010fe7
core   0: 0x80006228 (0x0000bb97) auipc   s7, 0xb
core   0: 3 0x80006228 (0x0000bb97) x23 0x80011228
core   0: 0x8000622c (0x8b9b8b93) addi    s7, s7, -1863
core   0: 3 0x8000622c (0x8b9b8b93) x23 0x80010ae1
core   0: 0x80006230 (0x003baa03) lw      s4, 3(s7)
core   0: 3 0x80006230 (0x003baa03) x20 0x9c9dc39f mem 0x80010ae4
core   0: 0x80006234 (0x010b8d83) lb      s11, 16(s7)
core   0: 3 0x80006234 (0x010b8d83) x27 0xffffffaa mem 0x80010af1
core   0: 0x80006238 (0x03c88323) sb      t3, 38(a7)
core   0: 3 0x80006238 (0x03c88323) mem 0x8001100d 0x8b
core   0: 0x8000623c (0x001b9e03) lh      t3, 1(s7)
core   0: 3 0x8000623c (0x001b9e03) x28 0xffff9899 mem 0x80010ae2
core   0: 0x80006240 (0xfc088423) sb      zero, -56(a7)
core   0: 3 0x80006240 (0xfc088423) mem 0x80010faf 0x0
core   0: 0x80006244 (0xff9889a3) sb      s9, -13(a7)
core   0: 3 0x80006244 (0xff9889a3) mem 0x80010fda 0x58
core   0: 0x80006248 (0x03c88e83) lb      t4, 60(a7)
core   0: 3 0x80006248 (0x03c88e83) x29 0x00000000 mem 0x80011023
core   0: 0x8000624c (0xf68c1f83) lh      t6, -152(s8)
core   0: 3 0x8000624c (0xf68c1f83) x31 0x00002829 mem 0x80010a72
core   0: 0x80006250 (0xfe9bafa3) sw      s1, -1(s7)
core   0: 3 0x80006250 (0xfe9bafa3) mem 0x80010ae0 0x00000050
core   0: 0x80006254 (0xf4ec1723) sh      a4, -178(s8)
core   0: 3 0x80006254 (0xf4ec1723) mem 0x80010a58 0xdcdd
core   0: 0x80006258 (0xfe789603) lh      a2, -25(a7)
core   0: 3 0x80006258 (0xfe789603) x12 0xffff8002 mem 0x80010fce
core   0: 0x8000625c (0x01db86a3) sb      t4, 13(s7)
core   0: 3 0x8000625c (0x01db86a3) mem 0x80010aee 0x0
core   0: 0x80006260 (0xfecc1303) lh      t1, -20(s8)
core   0: 3 0x80006260 (0xfecc1303) x 6 0xffffacad mem 0x80010af6
core   0: 0x80006264 (0x001bdd83) lhu     s11, 1(s7)
core   0: 3 0x80006264 (0x001bdd83) x27 0x00000000 mem 0x80010ae2
core   0: 0x80006268 (0xfe088323) sb      zero, -26(a7)
core   0: 3 0x80006268 (0xfe088323) mem 0x80010fcd 0x0
core   0: 0x8000626c (0xf63c03a3) sb      gp, -153(s8)
core   0: 3 0x8000626c (0xf63c03a3) mem 0x80010a71 0xd
core   0: 0x80006270 (0xf6fc06a3) sb      a5, -147(s8)
core   0: 3 0x80006270 (0xf6fc06a3) mem 0x80010a77 0x0
core   0: 0x80006274 (0x00cb8603) lb      a2, 12(s7)
core   0: 3 0x80006274 (0x00cb8603) x12 0x0000005e mem 0x80010aed
core   0: 0x80006278 (0x006b8123) sb      t1, 2(s7)
core   0: 3 0x80006278 (0x006b8123) mem 0x80010ae3 0xad
core   0: 0x8000627c (0x0000ab17) auipc   s6, 0xa
core   0: 3 0x8000627c (0x0000ab17) x22 0x8001027c
core   0: 0x80006280 (0xe70b0b13) addi    s6, s6, -400
core   0: 3 0x80006280 (0xe70b0b13) x22 0x800100ec
core   0: 0x80006284 (0x560b0da3) sb      zero, 1403(s6)
core   0: 3 0x80006284 (0x560b0da3) mem 0x80010667 0x0
core   0: 0x80006288 (0x0000a497) auipc   s1, 0xa
core   0: 3 0x80006288 (0x0000a497) x 9 0x80010288
core   0: 0x8000628c (0x09148493) addi    s1, s1, 145
core   0: 3 0x8000628c (0x09148493) x 9 0x80010319
core   0: 0x80006290 (0x22bb0103) lb      sp, 555(s6)
core   0: 3 0x80006290 (0x22bb0103) x 2 0x00000000 mem 0x80010317
core   0: 0x80006294 (0x0c248083) lb      ra, 194(s1)
core   0: 3 0x80006294 (0x0c248083) x 1 0xffffff90 mem 0x800103db
core   0: 0x80006298 (0x05748683) lb      a3, 87(s1)
core   0: 3 0x80006298 (0x05748683) x13 0x0000002b mem 0x80010370
core   0: 0x8000629c (0x22db0d23) sb      a3, 570(s6)
core   0: 3 0x8000629c (0x22db0d23) mem 0x80010326 0x2b
core   0: 0x800062a0 (0x302b0883) lb      a7, 770(s6)
core   0: 3 0x800062a0 (0x302b0883) x17 0xffffffa5 mem 0x800103ee
core   0: 0x800062a4 (0x01a48f83) lb      t6, 26(s1)
core   0: 3 0x800062a4 (0x01a48f83) x31 0xffffffe8 mem 0x80010333
core   0: 0x800062a8 (0x02b4a503) lw      a0, 43(s1)
core   0: 3 0x800062a8 (0x02b4a503) x10 0xfcfdfeff mem 0x80010344
core   0: 0x800062ac (0x097b0703) lb      a4, 151(s6)
core   0: 3 0x800062ac (0x097b0703) x14 0x00000038 mem 0x80010183
core   0: 0x800062b0 (0x692b1f03) lh      t5, 1682(s6)
core   0: 3 0x800062b0 (0x692b1f03) x30 0x00003435 mem 0x8001077e
core   0: 0x800062b4 (0x6afb0f23) sb      a5, 1726(s6)
core   0: 3 0x800062b4 (0x6afb0f23) mem 0x800107aa 0x0
core   0: 0x800062b8 (0x400b0583) lb      a1, 1024(s6)
core   0: 3 0x800062b8 (0x400b0583) x11 0xffffffa7 mem 0x800104ec
core   0: 0x800062bc (0xf1749103) lh      sp, -233(s1)
core   0: 3 0x800062bc (0xf1749103) x 2 0xffffeaeb mem 0x80010230
core   0: 0x800062c0 (0x0d24c183) lbu     gp, 210(s1)
core   0: 3 0x800062c0 (0x0d24c183) x 3 0x000000a0 mem 0x800103eb
core   0: 0x800062c4 (0x539b0ba3) sb      s9, 1335(s6)
core   0: 3 0x800062c4 (0x539b0ba3) mem 0x80010623 0x58
core   0: 0x800062c8 (0xff74a683) lw      a3, -9(s1)
core   0: 3 0x800062c8 (0xff74a683) x13 0xc8c9cacb mem 0x80010310
core   0: 0x800062cc (0xf8448f83) lb      t6, -124(s1)
core   0: 3 0x800062cc (0xf8448f83) x31 0xffffff9c mem 0x8001029d
core   0: 0x800062d0 (0xffe00493) li      s1, -2
core   0: 3 0x800062d0 (0xffe00493) x 9 0xfffffffe
core   0: 0x800062d4 (0x00008d35) c.xor   a0, a3
core   0: 3 0x800062d4 (0x8d35) x10 0x34343434
core   0: 0x800062d6 (0x00b3d893) srli    a7, t2, 11
core   0: 3 0x800062d6 (0x00b3d893) x17 0x00000000
core   0: 0x800062da (0x03471433) mulh    s0, a4, s4
core   0: 3 0x800062da (0x03471433) x 8 0xffffffea
core   0: 0x800062de (0x000081ba) c.mv    gp, a4
core   0: 3 0x800062de (0x81ba) x 3 0x00000038
core   0: 0x800062e0 (0x0000717d) c.addi16sp sp, -16
core   0: 3 0x800062e0 (0x717d) x 2 0xffffeadb
core   0: 0x800062e2 (0x000047c1) c.li    a5, 16
core   0: 3 0x800062e2 (0x47c1) x15 0x00000010
core   0: 0x800062e4 (0x3411a393) slti    t2, gp, 833
core   0: 3 0x800062e4 (0x3411a393) x 7 0x00000001
core   0: 0x800062e8 (0x0ff0000f) fence   iorw,iorw
core   0: 3 0x800062e8 (0x0ff0000f)
core   0: 0x800062ec (0x00565d33) srl     s10, a2, t0
core   0: 3 0x800062ec (0x00565d33) x26 0x0000005e
core   0: 0x800062f0 (0xfff00593) li      a1, -1
core   0: 3 0x800062f0 (0xfff00593) x11 0xffffffff
core   0: 0x800062f4 (0x00001e18) c.addi4spn a4, sp, 816
core   0: 3 0x800062f4 (0x1e18) x14 0xffffee0b
core   0: 0x800062f6 (0x00000001) c.nop
core   0: 3 0x800062f6 (0x0001)
core   0: 0x800062f8 (0x00000498) c.addi4spn a4, sp, 576
core   0: 3 0x800062f8 (0x0498) x14 0xffffed1b
core   0: 0x800062fa (0x50c9b013) sltiu   zero, s3, 1292
core   0: 3 0x800062fa (0x50c9b013)
core   0: 0x800062fe (0x00001b1c) c.addi4spn a5, sp, 432
core   0: 3 0x800062fe (0x1b1c) x15 0xffffec8b
core   0: 0x80006300 (0x00008a0a) c.mv    s4, sp
core   0: 3 0x80006300 (0x8a0a) x20 0xffffeadb
core   0: 0x80006302 (0x00008d0d) c.sub   a0, a1
core   0: 3 0x80006302 (0x8d0d) x10 0x34343435
core   0: 0x80006304 (0x006291b3) sll     gp, t0, t1
core   0: 3 0x80006304 (0x006291b3) x 3 0x00000000
core   0: 0x80006308 (0x00000485) c.addi  s1, 1
core   0: 3 0x80006308 (0x0485) x 9 0xffffffff
core   0: 0x8000630a (0x00004de1) c.li    s11, 24
core   0: 3 0x8000630a (0x4de1) x27 0x00000018
core   0: 0x8000630c (0x00700693) li      a3, 7
core   0: 3 0x8000630c (0x00700693) x13 0x00000007
core   0: 0x80006310 (0x01100993) li      s3, 17
core   0: 3 0x80006310 (0x01100993) x19 0x00000011
core   0: 0x80006314 (0x01b29533) sll     a0, t0, s11
core   0: 3 0x80006314 (0x01b29533) x10 0x00000000
core   0: 0x80006318 (0x1c778f13) addi    t5, a5, 455
core   0: 3 0x80006318 (0x1c778f13) x30 0xffffee52
core   0: 0x8000631c (0x0000068d) c.addi  a3, 3
core   0: 3 0x8000631c (0x068d) x13 0x0000000a
core   0: 0x8000631e (0x00008e51) c.or    a2, a2
core   0: 3 0x8000631e (0x8e51) x12 0x0000005e
core   0: 0x80006320 (0xff36ece3) bltu    a3, s3, pc - 8
core   0: 3 0x80006320 (0xff36ece3)
core   0: 0x80006318 (0x1c778f13) addi    t5, a5, 455
core   0: 3 0x80006318 (0x1c778f13) x30 0xffffee52
core   0: 0x8000631c (0x0000068d) c.addi  a3, 3
core   0: 3 0x8000631c (0x068d) x13 0x0000000d
core   0: 0x8000631e (0x00008e51) c.or    a2, a2
core   0: 3 0x8000631e (0x8e51) x12 0x0000005e
core   0: 0x80006320 (0xff36ece3) bltu    a3, s3, pc - 8
core   0: 3 0x80006320 (0xff36ece3)
core   0: 0x80006318 (0x1c778f13) addi    t5, a5, 455
core   0: 3 0x80006318 (0x1c778f13) x30 0xffffee52
core   0: 0x8000631c (0x0000068d) c.addi  a3, 3
core   0: 3 0x8000631c (0x068d) x13 0x00000010
core   0: 0x8000631e (0x00008e51) c.or    a2, a2
core   0: 3 0x8000631e (0x8e51) x12 0x0000005e
core   0: 0x80006320 (0xff36ece3) bltu    a3, s3, pc - 8
core   0: 3 0x80006320 (0xff36ece3)
core   0: 0x80006318 (0x1c778f13) addi    t5, a5, 455
core   0: 3 0x80006318 (0x1c778f13) x30 0xffffee52
core   0: 0x8000631c (0x0000068d) c.addi  a3, 3
core   0: 3 0x8000631c (0x068d) x13 0x00000013
core   0: 0x8000631e (0x00008e51) c.or    a2, a2
core   0: 3 0x8000631e (0x8e51) x12 0x0000005e
core   0: 0x80006320 (0xff36ece3) bltu    a3, s3, pc - 8
core   0: 3 0x80006320 (0xff36ece3)
core   0: 0x80006324 (0x00000001) c.nop
core   0: 3 0x80006324 (0x0001)
core   0: 0x80006326 (0x00008521) c.srai  a0, 8
core   0: 3 0x80006326 (0x8521) x10 0x00000000
core   0: 0x80006328 (0x03fc9a33) mulh    s4, s9, t6
core   0: 3 0x80006328 (0x03fc9a33) x20 0x00000031
core   0: 0x8000632c (0x84a8ab13) slti    s6, a7, -1974
core   0: 3 0x8000632c (0x84a8ab13) x22 0x00000000
core   0: 0x80006330 (0xfcb4c9e3) blt     s1, a1, pc - 46
core   0: 3 0x80006330 (0xfcb4c9e3)
core   0: 0x80006334 (0x01a93333) sltu    t1, s2, s10
core   0: 3 0x80006334 (0x01a93333) x 6 0x00000000
core   0: 0x80006338 (0x0000a117) auipc   sp, 0xa
core   0: 3 0x80006338 (0x0000a117) x 2 0x80010338
core   0: 0x8000633c (0x4f310113) addi    sp, sp, 1267
core   0: 3 0x8000633c (0x4f310113) x 2 0x8001082b
core   0: 0x80006340 (0x00000001) c.nop
core   0: 3 0x80006340 (0x0001)
core   0: 0x80006342 (0x00008f01) c.sub   a4, s0
core   0: 3 0x80006342 (0x8f01) x14 0xffffed31
core   0: 0x80006344 (0x8741b713) sltiu   a4, gp, -1932
core   0: 3 0x80006344 (0x8741b713) x14 0x00000001
core   0: 0x80006348 (0x008c21b3) slt     gp, s8, s0
core   0: 3 0x80006348 (0x008c21b3) x 3 0x00000001
core   0: 0x8000634c (0x01819633) sll     a2, gp, s8
core   0: 3 0x8000634c (0x01819633) x12 0x00000400
core   0: 0x80006350 (0x0ff0000f) fence   iorw,iorw
core   0: 3 0x80006350 (0x0ff0000f)
core   0: 0x80006354 (0x0031a0b3) slt     ra, gp, gp
core   0: 3 0x80006354 (0x0031a0b3) x 1 0x00000000
core   0: 0x80006358 (0x00000676) c.slli  a2, 29
core   0: 3 0x80006358 (0x0676) x12 0x00000000
core   0: 0x8000635a (0x023c71b3) remu    gp, s8, gp
core   0: 3 0x8000635a (0x023c71b3) x 3 0x00000000
core   0: 0x8000635e (0x00008e61) c.and   a2, s0
core   0: 3 0x8000635e (0x8e61) x12 0x00000000
core   0: 0x80006360 (0x021650b3) divu    ra, a2, ra
core   0: 3 0x80006360 (0x021650b3) x 1 0xffffffff
core   0: 0x80006364 (0x01cc1093) slli    ra, s8, 28
core   0: 3 0x80006364 (0x01cc1093) x 1 0xa0000000
core   0: 0x80006368 (0x00004c45) c.li    s8, 17
core   0: 3 0x80006368 (0x4c45) x24 0x00000011
core   0: 0x8000636a (0x85f11c03) lh      s8, -1953(sp)
core   0: 3 0x8000636a (0x85f11c03) x24 0x00004041 mem 0x8001008a
core   0: 0x8000636e (0x00e1e733) or      a4, gp, a4
core   0: 3 0x8000636e (0x00e1e733) x14 0x00000001
core   0: 0x80006372 (0x00000656) c.slli  a2, 21
core   0: 3 0x80006372 (0x0656) x12 0x00000000
core   0: 0x80006374 (0xd2110223) sb      ra, -732(sp)
core   0: 3 0x80006374 (0xd2110223) mem 0x8001054f 0x0
core   0: 0x80006378 (0xd0010703) lb      a4, -768(sp)
core   0: 3 0x80006378 (0xd0010703) x14 0xffffffe0 mem 0x8001052b
core   0: 0x8000637c (0x4f915603) lhu     a2, 1273(sp)
core   0: 3 0x8000637c (0x4f915603) x12 0x0000dedf mem 0x80010d24
core   0: 0x80006380 (0x40318633) sub     a2, gp, gp
core   0: 3 0x80006380 (0x40318633) x12 0x00000000
core   0: 0x80006384 (0xf0c11ea3) sh      a2, -227(sp)
core   0: 3 0x80006384 (0xf0c11ea3) mem 0x80010748 0x0000
core   0: 0x80006388 (0x01873633) sltu    a2, a4, s8
core   0: 3 0x80006388 (0x01873633) x12 0x00000000
core   0: 0x8000638c (0x963128a3) sw      gp, -1679(sp)
core   0: 3 0x8000638c (0x963128a3) mem 0x8001019c 0x00000000
core   0: 0x80006390 (0xa421bc13) sltiu   s8, gp, -1470
core   0: 3 0x80006390 (0xa421bc13) x24 0x00000001
core   0: 0x80006394 (0xc78101a3) sb      s8, -925(sp)
core   0: 3 0x80006394 (0xc78101a3) mem 0x8001048e 0x1
core   0: 0x80006398 (0x00008e79) c.and   a2, a4
core   0: 3 0x80006398 (0x8e79) x12 0x00000000
core   0: 0x8000639a (0x0081d713) srli    a4, gp, 8
core   0: 3 0x8000639a (0x0081d713) x14 0x00000000
core   0: 0x8000639e (0x99b14083) lbu     ra, -1637(sp)
core   0: 3 0x8000639e (0x99b14083) x 1 0x0000007d mem 0x800101c6
core   0: 0x800063a2 (0x45b14703) lbu     a4, 1115(sp)
core   0: 3 0x800063a2 (0x45b14703) x14 0x00000004 mem 0x80010c86
core   0: 0x800063a6 (0x0000842d) c.srai  s0, 11
core   0: 3 0x800063a6 (0x842d) x 8 0xffffffff
core   0: 0x800063a8 (0xa1310403) lb      s0, -1517(sp)
core   0: 3 0x800063a8 (0xa1310403) x 8 0xfffffff5 mem 0x8001023e
core   0: 0x800063ac (0x0000ab17) auipc   s6, 0xa
core   0: 3 0x800063ac (0x0000ab17) x22 0x800103ac
core   0: 0x800063b0 (0xddab0b13) addi    s6, s6, -550
core   0: 3 0x800063b0 (0xddab0b13) x22 0x80010186
core   0: 0x800063b4 (0x01bb02a3) sb      s11, 5(s6)
core   0: 3 0x800063b4 (0x01bb02a3) mem 0x8001018b 0x18
core   0: 0x800063b8 (0x000a0f33) add     t5, s4, zero
core   0: 3 0x800063b8 (0x000a0f33) x30 0x00000031
core   0: 0x800063bc (0x00c99c33) sll     s8, s3, a2
core   0: 3 0x800063bc (0x00c99c33) x24 0x00000011
core   0: 0x800063c0 (0x003b4983) lbu     s3, 3(s6)
core   0: 3 0x800063c0 (0x003b4983) x19 0x000000ff mem 0x80010189
core   0: 0x800063c4 (0x00008e5d) c.or    a2, a5
core   0: 3 0x800063c4 (0x8e5d) x12 0xffffec8b
core   0: 0x800063c6 (0x005b4b83) lbu     s7, 5(s6)
core   0: 3 0x800063c6 (0x005b4b83) x23 0x00000018 mem 0x8001018b
core   0: 0x800063ca (0x000080c9) c.srli  s1, 18
core   0: 3 0x800063ca (0x80c9) x 9 0x00003fff
core   0: 0x800063cc (0x00e07e33) and     t3, zero, a4
core   0: 3 0x800063cc (0x00e07e33) x28 0x00000000
core   0: 0x800063d0 (0x00008ded) c.and   a1, a1
core   0: 3 0x800063d0 (0x8ded) x11 0xffffffff
core   0: 0x800063d2 (0x00008285) c.srli  a3, 1
core   0: 3 0x800063d2 (0x8285) x13 0x00000009
core   0: 0x800063d4 (0x033e5c33) divu    s8, t3, s3
core   0: 3 0x800063d4 (0x033e5c33) x24 0x00000000
core   0: 0x800063d8 (0x00008ce1) c.and   s1, s0
core   0: 3 0x800063d8 (0x8ce1) x 9 0x00003ff5
core   0: 0x800063da (0x00009c1a) c.add   s8, t1
core   0: 3 0x800063da (0x9c1a) x24 0x00000000
core   0: 0x800063dc (0x2a08c313) xori    t1, a7, 672
core   0: 3 0x800063dc (0x2a08c313) x 6 0x000002a0
core   0: 0x800063e0 (0x02b35bb3) divu    s7, t1, a1
core   0: 3 0x800063e0 (0x02b35bb3) x23 0x00000000
core   0: 0x800063e4 (0x405ddd13) srai    s10, s11, 5
core   0: 3 0x800063e4 (0x405ddd13) x26 0x00000000
core   0: 0x800063e8 (0x014bd2b3) srl     t0, s7, s4
core   0: 3 0x800063e8 (0x014bd2b3) x 5 0x00000000
core   0: 0x800063ec (0x5ae84693) xori    a3, a6, 1454
core   0: 3 0x800063ec (0x5ae84693) x13 0xfffffa02
core   0: 0x800063f0 (0xfe8b0ea3) sb      s0, -3(s6)
core   0: 3 0x800063f0 (0xfe8b0ea3) mem 0x80010183 0xf5
core   0: 0x800063f4 (0xfffb09a3) sb      t6, -13(s6)
core   0: 3 0x800063f4 (0xfffb09a3) mem 0x80010179 0x9c
core   0: 0x800063f8 (0x014b02a3) sb      s4, 5(s6)
core   0: 3 0x800063f8 (0x014b02a3) mem 0x8001018b 0x31
core   0: 0x800063fc (0x00c15f33) srl     t5, sp, a2
core   0: 3 0x800063fc (0x00c15f33) x30 0x00100021
core   0: 0x80006400 (0x01db0423) sb      t4, 8(s6)
core   0: 3 0x80006400 (0x01db0423) mem 0x8001018e 0x0
core   0: 0x80006404 (0x00006e4d) c.lui   t3, 0x13
core   0: 3 0x80006404 (0x6e4d) x28 0x00013000
core   0: 0x80006406 (0xff1b0fa3) sb      a7, -1(s6)
core   0: 3 0x80006406 (0xff1b0fa3) mem 0x80010185 0x0
core   0: 0x8000640a (0x01eaf333) and     t1, s5, t5
core   0: 3 0x8000640a (0x01eaf333) x 6 0x00000020
core   0: 0x8000640e (0xc04aa893) slti    a7, s5, -1020
core   0: 3 0x8000640e (0xc04aa893) x17 0x00000001
core   0: 0x80006412 (0x000b4583) lbu     a1, 0(s6)
core   0: 3 0x80006412 (0x000b4583) x11 0x0000003d mem 0x80010186
core   0: 0x80006416 (0x876a0593) addi    a1, s4, -1930
core   0: 3 0x80006416 (0x876a0593) x11 0xfffff8a7
core   0: 0x8000641a (0x02c19433) mulh    s0, gp, a2
core   0: 3 0x8000641a (0x02c19433) x 8 0x00000000
core   0: 0x8000641e (0x00db0183) lb      gp, 13(s6)
core   0: 3 0x8000641e (0x00db0183) x 3 0x00000048 mem 0x80010193
core   0: 0x80006422 (0xff5b1823) sh      s5, -16(s6)
core   0: 3 0x80006422 (0xff5b1823) mem 0x80010176 0x9ce4
core   0: 0x80006426 (0x02044433) div     s0, s0, zero
core   0: 3 0x80006426 (0x02044433) x 8 0xffffffff
core   0: 0x8000642a (0x000002a2) c.slli  t0, 8
core   0: 3 0x8000642a (0x02a2) x 5 0x00000000
core   0: 0x8000642c (0x001b4e83) lbu     t4, 1(s6)
core   0: 3 0x8000642c (0x001b4e83) x29 0x000000e0 mem 0x80010187
core   0: 0x80006430 (0x41d780b3) sub     ra, a5, t4
core   0: 3 0x80006430 (0x41d780b3) x 1 0xffffebab
core   0: 0x80006434 (0x00000001) c.nop
core   0: 3 0x80006434 (0x0001)
core   0: 0x80006436 (0x004b5b83) lhu     s7, 4(s6)
core   0: 3 0x80006436 (0x004b5b83) x23 0x000031ff mem 0x8001018a
core   0: 0x8000643a (0x00300e13) li      t3, 3
core   0: 3 0x8000643a (0x00300e13) x28 0x00000003
core   0: 0x8000643e (0x039735b3) mulhu   a1, a4, s9
core   0: 3 0x8000643e (0x039735b3) x11 0x00000002
core   0: 0x80006442 (0x015d4033) xor     zero, s10, s5
core   0: 3 0x80006442 (0x015d4033)
core   0: 0x80006446 (0x00000001) c.nop
core   0: 3 0x80006446 (0x0001)
core   0: 0x80006448 (0x00008c31) c.xor   s0, a2
core   0: 3 0x80006448 (0x8c31) x 8 0x00001374
core   0: 0x8000644a (0x0123ad33) slt     s10, t2, s2
core   0: 3 0x8000644a (0x0123ad33) x26 0x00000000
core   0: 0x8000644e (0x03b83db3) mulhu   s11, a6, s11
core   0: 3 0x8000644e (0x03b83db3) x27 0x00000017
core   0: 0x80006452 (0x03f09eb3) mulh    t4, ra, t6
core   0: 3 0x80006452 (0x03f09eb3) x29 0x00000000
core   0: 0x80006456 (0x00000001) c.nop
core   0: 3 0x80006456 (0x0001)
core   0: 0x80006458 (0x01300f93) li      t6, 19
core   0: 3 0x80006458 (0x01300f93) x31 0x00000013
core   0: 0x8000645c (0x012a9bb3) sll     s7, s5, s2
core   0: 3 0x8000645c (0x012a9bb3) x23 0x00000000
core   0: 0x80006460 (0x00009bfd) c.andi  a5, -1
core   0: 3 0x80006460 (0x9bfd) x15 0xffffec8b
core   0: 0x80006462 (0xd8832d13) slti    s10, t1, -632
core   0: 3 0x80006462 (0xd8832d13) x26 0x00000000
core   0: 0x80006466 (0x00228933) add     s2, t0, sp
core   0: 3 0x80006466 (0x00228933) x18 0x8001082b
core   0: 0x8000646a (0x00624533) xor     a0, tp, t1
core   0: 3 0x8000646a (0x00624533) x10 0x80000020
core   0: 0x8000646e (0x0130b933) sltu    s2, ra, s3
core   0: 3 0x8000646e (0x0130b933) x18 0x00000000
core   0: 0x80006472 (0x08ddc013) xori    zero, s11, 141
core   0: 3 0x80006472 (0x08ddc013)
core   0: 0x80006476 (0x00000e09) c.addi  t3, 2
core   0: 3 0x80006476 (0x0e09) x28 0x00000005
core   0: 0x80006478 (0x004558b3) srl     a7, a0, tp
core   0: 3 0x80006478 (0x004558b3) x17 0x80000020
core   0: 0x8000647c (0x00900f13) li      t5, 9
core   0: 3 0x8000647c (0x00900f13) x30 0x00000009
core   0: 0x80006480 (0x01b4de93) srli    t4, s1, 27
core   0: 3 0x80006480 (0x01b4de93) x29 0x00000000
core   0: 0x80006484 (0x00000001) c.nop
core   0: 3 0x80006484 (0x0001)
core   0: 0x80006486 (0x00c00393) li      t2, 12
core   0: 3 0x80006486 (0x00c00393) x 7 0x0000000c
core   0: 0x8000648a (0x011df033) and     zero, s11, a7
core   0: 3 0x8000648a (0x011df033)
core   0: 0x8000648e (0x005b79b3) and     s3, s6, t0
core   0: 3 0x8000648e (0x005b79b3) x19 0x00000000
core   0: 0x80006492 (0x417d8433) sub     s0, s11, s7
core   0: 3 0x80006492 (0x417d8433) x 8 0x00000017
core   0: 0x80006496 (0x00000f0d) c.addi  t5, 3
core   0: 3 0x80006496 (0x0f0d) x30 0x0000000c
core   0: 0x80006498 (0x0368deb3) divu    t4, a7, s6
core   0: 3 0x80006498 (0x0368deb3) x29 0x00000000
core   0: 0x8000649c (0xfe7f19e3) bne     t5, t2, pc - 14
core   0: 3 0x8000649c (0xfe7f19e3)
core   0: 0x800064a0 (0x015fa5b3) slt     a1, t6, s5
core   0: 3 0x800064a0 (0x015fa5b3) x11 0x00000000
core   0: 0x800064a4 (0xfbfe4ee3) blt     t3, t6, pc - 68
core   0: 3 0x800064a4 (0xfbfe4ee3)
core   0: 0x80006460 (0x00009bfd) c.andi  a5, -1
core   0: 3 0x80006460 (0x9bfd) x15 0xffffec8b
core   0: 0x80006462 (0xd8832d13) slti    s10, t1, -632
core   0: 3 0x80006462 (0xd8832d13) x26 0x00000000
core   0: 0x80006466 (0x00228933) add     s2, t0, sp
core   0: 3 0x80006466 (0x00228933) x18 0x8001082b
core   0: 0x8000646a (0x00624533) xor     a0, tp, t1
core   0: 3 0x8000646a (0x00624533) x10 0x80000020
core   0: 0x8000646e (0x0130b933) sltu    s2, ra, s3
core   0: 3 0x8000646e (0x0130b933) x18 0x00000000
core   0: 0x80006472 (0x08ddc013) xori    zero, s11, 141
core   0: 3 0x80006472 (0x08ddc013)
core   0: 0x80006476 (0x00000e09) c.addi  t3, 2
core   0: 3 0x80006476 (0x0e09) x28 0x00000007
core   0: 0x80006478 (0x004558b3) srl     a7, a0, tp
core   0: 3 0x80006478 (0x004558b3) x17 0x80000020
core   0: 0x8000647c (0x00900f13) li      t5, 9
core   0: 3 0x8000647c (0x00900f13) x30 0x00000009
core   0: 0x80006480 (0x01b4de93) srli    t4, s1, 27
core   0: 3 0x80006480 (0x01b4de93) x29 0x00000000
core   0: 0x80006484 (0x00000001) c.nop
core   0: 3 0x80006484 (0x0001)
core   0: 0x80006486 (0x00c00393) li      t2, 12
core   0: 3 0x80006486 (0x00c00393) x 7 0x0000000c
core   0: 0x8000648a (0x011df033) and     zero, s11, a7
core   0: 3 0x8000648a (0x011df033)
core   0: 0x8000648e (0x005b79b3) and     s3, s6, t0
core   0: 3 0x8000648e (0x005b79b3) x19 0x00000000
core   0: 0x80006492 (0x417d8433) sub     s0, s11, s7
core   0: 3 0x80006492 (0x417d8433) x 8 0x00000017
core   0: 0x80006496 (0x00000f0d) c.addi  t5, 3
core   0: 3 0x80006496 (0x0f0d) x30 0x0000000c
core   0: 0x80006498 (0x0368deb3) divu    t4, a7, s6
core   0: 3 0x80006498 (0x0368deb3) x29 0x00000000
core   0: 0x8000649c (0xfe7f19e3) bne     t5, t2, pc - 14
core   0: 3 0x8000649c (0xfe7f19e3)
core   0: 0x800064a0 (0x015fa5b3) slt     a1, t6, s5
core   0: 3 0x800064a0 (0x015fa5b3) x11 0x00000000
core   0: 0x800064a4 (0xfbfe4ee3) blt     t3, t6, pc - 68
core   0: 3 0x800064a4 (0xfbfe4ee3)
core   0: 0x80006460 (0x00009bfd) c.andi  a5, -1
core   0: 3 0x80006460 (0x9bfd) x15 0xffffec8b
core   0: 0x80006462 (0xd8832d13) slti    s10, t1, -632
core   0: 3 0x80006462 (0xd8832d13) x26 0x00000000
core   0: 0x80006466 (0x00228933) add     s2, t0, sp
core   0: 3 0x80006466 (0x00228933) x18 0x8001082b
core   0: 0x8000646a (0x00624533) xor     a0, tp, t1
core   0: 3 0x8000646a (0x00624533) x10 0x80000020
core   0: 0x8000646e (0x0130b933) sltu    s2, ra, s3
core   0: 3 0x8000646e (0x0130b933) x18 0x00000000
core   0: 0x80006472 (0x08ddc013) xori    zero, s11, 141
core   0: 3 0x80006472 (0x08ddc013)
core   0: 0x80006476 (0x00000e09) c.addi  t3, 2
core   0: 3 0x80006476 (0x0e09) x28 0x00000009
core   0: 0x80006478 (0x004558b3) srl     a7, a0, tp
core   0: 3 0x80006478 (0x004558b3) x17 0x80000020
core   0: 0x8000647c (0x00900f13) li      t5, 9
core   0: 3 0x8000647c (0x00900f13) x30 0x00000009
core   0: 0x80006480 (0x01b4de93) srli    t4, s1, 27
core   0: 3 0x80006480 (0x01b4de93) x29 0x00000000
core   0: 0x80006484 (0x00000001) c.nop
core   0: 3 0x80006484 (0x0001)
core   0: 0x80006486 (0x00c00393) li      t2, 12
core   0: 3 0x80006486 (0x00c00393) x 7 0x0000000c
core   0: 0x8000648a (0x011df033) and     zero, s11, a7
core   0: 3 0x8000648a (0x011df033)
core   0: 0x8000648e (0x005b79b3) and     s3, s6, t0
core   0: 3 0x8000648e (0x005b79b3) x19 0x00000000
core   0: 0x80006492 (0x417d8433) sub     s0, s11, s7
core   0: 3 0x80006492 (0x417d8433) x 8 0x00000017
core   0: 0x80006496 (0x00000f0d) c.addi  t5, 3
core   0: 3 0x80006496 (0x0f0d) x30 0x0000000c
core   0: 0x80006498 (0x0368deb3) divu    t4, a7, s6
core   0: 3 0x80006498 (0x0368deb3) x29 0x00000000
core   0: 0x8000649c (0xfe7f19e3) bne     t5, t2, pc - 14
core   0: 3 0x8000649c (0xfe7f19e3)
core   0: 0x800064a0 (0x015fa5b3) slt     a1, t6, s5
core   0: 3 0x800064a0 (0x015fa5b3) x11 0x00000000
core   0: 0x800064a4 (0xfbfe4ee3) blt     t3, t6, pc - 68
core   0: 3 0x800064a4 (0xfbfe4ee3)
core   0: 0x80006460 (0x00009bfd) c.andi  a5, -1
core   0: 3 0x80006460 (0x9bfd) x15 0xffffec8b
core   0: 0x80006462 (0xd8832d13) slti    s10, t1, -632
core   0: 3 0x80006462 (0xd8832d13) x26 0x00000000
core   0: 0x80006466 (0x00228933) add     s2, t0, sp
core   0: 3 0x80006466 (0x00228933) x18 0x8001082b
core   0: 0x8000646a (0x00624533) xor     a0, tp, t1
core   0: 3 0x8000646a (0x00624533) x10 0x80000020
core   0: 0x8000646e (0x0130b933) sltu    s2, ra, s3
core   0: 3 0x8000646e (0x0130b933) x18 0x00000000
core   0: 0x80006472 (0x08ddc013) xori    zero, s11, 141
core   0: 3 0x80006472 (0x08ddc013)
core   0: 0x80006476 (0x00000e09) c.addi  t3, 2
core   0: 3 0x80006476 (0x0e09) x28 0x0000000b
core   0: 0x80006478 (0x004558b3) srl     a7, a0, tp
core   0: 3 0x80006478 (0x004558b3) x17 0x80000020
core   0: 0x8000647c (0x00900f13) li      t5, 9
core   0: 3 0x8000647c (0x00900f13) x30 0x00000009
core   0: 0x80006480 (0x01b4de93) srli    t4, s1, 27
core   0: 3 0x80006480 (0x01b4de93) x29 0x00000000
core   0: 0x80006484 (0x00000001) c.nop
core   0: 3 0x80006484 (0x0001)
core   0: 0x80006486 (0x00c00393) li      t2, 12
core   0: 3 0x80006486 (0x00c00393) x 7 0x0000000c
core   0: 0x8000648a (0x011df033) and     zero, s11, a7
core   0: 3 0x8000648a (0x011df033)
core   0: 0x8000648e (0x005b79b3) and     s3, s6, t0
core   0: 3 0x8000648e (0x005b79b3) x19 0x00000000
core   0: 0x80006492 (0x417d8433) sub     s0, s11, s7
core   0: 3 0x80006492 (0x417d8433) x 8 0x00000017
core   0: 0x80006496 (0x00000f0d) c.addi  t5, 3
core   0: 3 0x80006496 (0x0f0d) x30 0x0000000c
core   0: 0x80006498 (0x0368deb3) divu    t4, a7, s6
core   0: 3 0x80006498 (0x0368deb3) x29 0x00000000
core   0: 0x8000649c (0xfe7f19e3) bne     t5, t2, pc - 14
core   0: 3 0x8000649c (0xfe7f19e3)
core   0: 0x800064a0 (0x015fa5b3) slt     a1, t6, s5
core   0: 3 0x800064a0 (0x015fa5b3) x11 0x00000000
core   0: 0x800064a4 (0xfbfe4ee3) blt     t3, t6, pc - 68
core   0: 3 0x800064a4 (0xfbfe4ee3)
core   0: 0x80006460 (0x00009bfd) c.andi  a5, -1
core   0: 3 0x80006460 (0x9bfd) x15 0xffffec8b
core   0: 0x80006462 (0xd8832d13) slti    s10, t1, -632
core   0: 3 0x80006462 (0xd8832d13) x26 0x00000000
core   0: 0x80006466 (0x00228933) add     s2, t0, sp
core   0: 3 0x80006466 (0x00228933) x18 0x8001082b
core   0: 0x8000646a (0x00624533) xor     a0, tp, t1
core   0: 3 0x8000646a (0x00624533) x10 0x80000020
core   0: 0x8000646e (0x0130b933) sltu    s2, ra, s3
core   0: 3 0x8000646e (0x0130b933) x18 0x00000000
core   0: 0x80006472 (0x08ddc013) xori    zero, s11, 141
core   0: 3 0x80006472 (0x08ddc013)
core   0: 0x80006476 (0x00000e09) c.addi  t3, 2
core   0: 3 0x80006476 (0x0e09) x28 0x0000000d
core   0: 0x80006478 (0x004558b3) srl     a7, a0, tp
core   0: 3 0x80006478 (0x004558b3) x17 0x80000020
core   0: 0x8000647c (0x00900f13) li      t5, 9
core   0: 3 0x8000647c (0x00900f13) x30 0x00000009
core   0: 0x80006480 (0x01b4de93) srli    t4, s1, 27
core   0: 3 0x80006480 (0x01b4de93) x29 0x00000000
core   0: 0x80006484 (0x00000001) c.nop
core   0: 3 0x80006484 (0x0001)
core   0: 0x80006486 (0x00c00393) li      t2, 12
core   0: 3 0x80006486 (0x00c00393) x 7 0x0000000c
core   0: 0x8000648a (0x011df033) and     zero, s11, a7
core   0: 3 0x8000648a (0x011df033)
core   0: 0x8000648e (0x005b79b3) and     s3, s6, t0
core   0: 3 0x8000648e (0x005b79b3) x19 0x00000000
core   0: 0x80006492 (0x417d8433) sub     s0, s11, s7
core   0: 3 0x80006492 (0x417d8433) x 8 0x00000017
core   0: 0x80006496 (0x00000f0d) c.addi  t5, 3
core   0: 3 0x80006496 (0x0f0d) x30 0x0000000c
core   0: 0x80006498 (0x0368deb3) divu    t4, a7, s6
core   0: 3 0x80006498 (0x0368deb3) x29 0x00000000
core   0: 0x8000649c (0xfe7f19e3) bne     t5, t2, pc - 14
core   0: 3 0x8000649c (0xfe7f19e3)
core   0: 0x800064a0 (0x015fa5b3) slt     a1, t6, s5
core   0: 3 0x800064a0 (0x015fa5b3) x11 0x00000000
core   0: 0x800064a4 (0xfbfe4ee3) blt     t3, t6, pc - 68
core   0: 3 0x800064a4 (0xfbfe4ee3)
core   0: 0x80006460 (0x00009bfd) c.andi  a5, -1
core   0: 3 0x80006460 (0x9bfd) x15 0xffffec8b
core   0: 0x80006462 (0xd8832d13) slti    s10, t1, -632
core   0: 3 0x80006462 (0xd8832d13) x26 0x00000000
core   0: 0x80006466 (0x00228933) add     s2, t0, sp
core   0: 3 0x80006466 (0x00228933) x18 0x8001082b
core   0: 0x8000646a (0x00624533) xor     a0, tp, t1
core   0: 3 0x8000646a (0x00624533) x10 0x80000020
core   0: 0x8000646e (0x0130b933) sltu    s2, ra, s3
core   0: 3 0x8000646e (0x0130b933) x18 0x00000000
core   0: 0x80006472 (0x08ddc013) xori    zero, s11, 141
core   0: 3 0x80006472 (0x08ddc013)
core   0: 0x80006476 (0x00000e09) c.addi  t3, 2
core   0: 3 0x80006476 (0x0e09) x28 0x0000000f
core   0: 0x80006478 (0x004558b3) srl     a7, a0, tp
core   0: 3 0x80006478 (0x004558b3) x17 0x80000020
core   0: 0x8000647c (0x00900f13) li      t5, 9
core   0: 3 0x8000647c (0x00900f13) x30 0x00000009
core   0: 0x80006480 (0x01b4de93) srli    t4, s1, 27
core   0: 3 0x80006480 (0x01b4de93) x29 0x00000000
core   0: 0x80006484 (0x00000001) c.nop
core   0: 3 0x80006484 (0x0001)
core   0: 0x80006486 (0x00c00393) li      t2, 12
core   0: 3 0x80006486 (0x00c00393) x 7 0x0000000c
core   0: 0x8000648a (0x011df033) and     zero, s11, a7
core   0: 3 0x8000648a (0x011df033)
core   0: 0x8000648e (0x005b79b3) and     s3, s6, t0
core   0: 3 0x8000648e (0x005b79b3) x19 0x00000000
core   0: 0x80006492 (0x417d8433) sub     s0, s11, s7
core   0: 3 0x80006492 (0x417d8433) x 8 0x00000017
core   0: 0x80006496 (0x00000f0d) c.addi  t5, 3
core   0: 3 0x80006496 (0x0f0d) x30 0x0000000c
core   0: 0x80006498 (0x0368deb3) divu    t4, a7, s6
core   0: 3 0x80006498 (0x0368deb3) x29 0x00000000
core   0: 0x8000649c (0xfe7f19e3) bne     t5, t2, pc - 14
core   0: 3 0x8000649c (0xfe7f19e3)
core   0: 0x800064a0 (0x015fa5b3) slt     a1, t6, s5
core   0: 3 0x800064a0 (0x015fa5b3) x11 0x00000000
core   0: 0x800064a4 (0xfbfe4ee3) blt     t3, t6, pc - 68
core   0: 3 0x800064a4 (0xfbfe4ee3)
core   0: 0x80006460 (0x00009bfd) c.andi  a5, -1
core   0: 3 0x80006460 (0x9bfd) x15 0xffffec8b
core   0: 0x80006462 (0xd8832d13) slti    s10, t1, -632
core   0: 3 0x80006462 (0xd8832d13) x26 0x00000000
core   0: 0x80006466 (0x00228933) add     s2, t0, sp
core   0: 3 0x80006466 (0x00228933) x18 0x8001082b
core   0: 0x8000646a (0x00624533) xor     a0, tp, t1
core   0: 3 0x8000646a (0x00624533) x10 0x80000020
core   0: 0x8000646e (0x0130b933) sltu    s2, ra, s3
core   0: 3 0x8000646e (0x0130b933) x18 0x00000000
core   0: 0x80006472 (0x08ddc013) xori    zero, s11, 141
core   0: 3 0x80006472 (0x08ddc013)
core   0: 0x80006476 (0x00000e09) c.addi  t3, 2
core   0: 3 0x80006476 (0x0e09) x28 0x00000011
core   0: 0x80006478 (0x004558b3) srl     a7, a0, tp
core   0: 3 0x80006478 (0x004558b3) x17 0x80000020
core   0: 0x8000647c (0x00900f13) li      t5, 9
core   0: 3 0x8000647c (0x00900f13) x30 0x00000009
core   0: 0x80006480 (0x01b4de93) srli    t4, s1, 27
core   0: 3 0x80006480 (0x01b4de93) x29 0x00000000
core   0: 0x80006484 (0x00000001) c.nop
core   0: 3 0x80006484 (0x0001)
core   0: 0x80006486 (0x00c00393) li      t2, 12
core   0: 3 0x80006486 (0x00c00393) x 7 0x0000000c
core   0: 0x8000648a (0x011df033) and     zero, s11, a7
core   0: 3 0x8000648a (0x011df033)
core   0: 0x8000648e (0x005b79b3) and     s3, s6, t0
core   0: 3 0x8000648e (0x005b79b3) x19 0x00000000
core   0: 0x80006492 (0x417d8433) sub     s0, s11, s7
core   0: 3 0x80006492 (0x417d8433) x 8 0x00000017
core   0: 0x80006496 (0x00000f0d) c.addi  t5, 3
core   0: 3 0x80006496 (0x0f0d) x30 0x0000000c
core   0: 0x80006498 (0x0368deb3) divu    t4, a7, s6
core   0: 3 0x80006498 (0x0368deb3) x29 0x00000000
core   0: 0x8000649c (0xfe7f19e3) bne     t5, t2, pc - 14
core   0: 3 0x8000649c (0xfe7f19e3)
core   0: 0x800064a0 (0x015fa5b3) slt     a1, t6, s5
core   0: 3 0x800064a0 (0x015fa5b3) x11 0x00000000
core   0: 0x800064a4 (0xfbfe4ee3) blt     t3, t6, pc - 68
core   0: 3 0x800064a4 (0xfbfe4ee3)
core   0: 0x80006460 (0x00009bfd) c.andi  a5, -1
core   0: 3 0x80006460 (0x9bfd) x15 0xffffec8b
core   0: 0x80006462 (0xd8832d13) slti    s10, t1, -632
core   0: 3 0x80006462 (0xd8832d13) x26 0x00000000
core   0: 0x80006466 (0x00228933) add     s2, t0, sp
core   0: 3 0x80006466 (0x00228933) x18 0x8001082b
core   0: 0x8000646a (0x00624533) xor     a0, tp, t1
core   0: 3 0x8000646a (0x00624533) x10 0x80000020
core   0: 0x8000646e (0x0130b933) sltu    s2, ra, s3
core   0: 3 0x8000646e (0x0130b933) x18 0x00000000
core   0: 0x80006472 (0x08ddc013) xori    zero, s11, 141
core   0: 3 0x80006472 (0x08ddc013)
core   0: 0x80006476 (0x00000e09) c.addi  t3, 2
core   0: 3 0x80006476 (0x0e09) x28 0x00000013
core   0: 0x80006478 (0x004558b3) srl     a7, a0, tp
core   0: 3 0x80006478 (0x004558b3) x17 0x80000020
core   0: 0x8000647c (0x00900f13) li      t5, 9
core   0: 3 0x8000647c (0x00900f13) x30 0x00000009
core   0: 0x80006480 (0x01b4de93) srli    t4, s1, 27
core   0: 3 0x80006480 (0x01b4de93) x29 0x00000000
core   0: 0x80006484 (0x00000001) c.nop
core   0: 3 0x80006484 (0x0001)
core   0: 0x80006486 (0x00c00393) li      t2, 12
core   0: 3 0x80006486 (0x00c00393) x 7 0x0000000c
core   0: 0x8000648a (0x011df033) and     zero, s11, a7
core   0: 3 0x8000648a (0x011df033)
core   0: 0x8000648e (0x005b79b3) and     s3, s6, t0
core   0: 3 0x8000648e (0x005b79b3) x19 0x00000000
core   0: 0x80006492 (0x417d8433) sub     s0, s11, s7
core   0: 3 0x80006492 (0x417d8433) x 8 0x00000017
core   0: 0x80006496 (0x00000f0d) c.addi  t5, 3
core   0: 3 0x80006496 (0x0f0d) x30 0x0000000c
core   0: 0x80006498 (0x0368deb3) divu    t4, a7, s6
core   0: 3 0x80006498 (0x0368deb3) x29 0x00000000
core   0: 0x8000649c (0xfe7f19e3) bne     t5, t2, pc - 14
core   0: 3 0x8000649c (0xfe7f19e3)
core   0: 0x800064a0 (0x015fa5b3) slt     a1, t6, s5
core   0: 3 0x800064a0 (0x015fa5b3) x11 0x00000000
core   0: 0x800064a4 (0xfbfe4ee3) blt     t3, t6, pc - 68
core   0: 3 0x800064a4 (0xfbfe4ee3)
core   0: 0x800064a8 (0x03cd68b3) rem     a7, s10, t3
core   0: 3 0x800064a8 (0x03cd68b3) x17 0x00000000
core   0: 0x800064ac (0x0100076f) jal     a4, pc + 0x10
core   0: 3 0x800064ac (0x0100076f) x14 0x800064b0
core   0: 0x800064bc (0x00003fed) c.jal   pc - 6
core   0: 3 0x800064bc (0x3fed) x 1 0x800064be
core   0: 0x800064b6 (0xffdff7ef) jal     a5, pc - 0x4
core   0: 3 0x800064b6 (0xffdff7ef) x15 0x800064ba
core   0: 0x800064b2 (0x014000ef) jal     pc + 0x14
core   0: 3 0x800064b2 (0x014000ef) x 1 0x800064b6
core   0: 0x800064c6 (0x0000a021) c.j     pc + 8
core   0: 3 0x800064c6 (0xa021)
core   0: 0x800064ce (0x00003fed) c.jal   pc - 6
core   0: 3 0x800064ce (0x3fed) x 1 0x800064d0
core   0: 0x800064c8 (0x0000bfed) c.j     pc - 6
core   0: 3 0x800064c8 (0xbfed)
core   0: 0x800064c2 (0x0000bff5) c.j     pc - 4
core   0: 3 0x800064c2 (0xbff5)
core   0: 0x800064be (0xffdff36f) jal     t1, pc - 0x4
core   0: 3 0x800064be (0xffdff36f) x 6 0x800064c2
core   0: 0x800064ba (0x00002809) c.jal   pc + 18
core   0: 3 0x800064ba (0x2809) x 1 0x800064bc
core   0: 0x800064cc (0x0000bffd) c.j     pc - 2
core   0: 3 0x800064cc (0xbffd)
core   0: 0x800064ca (0x0000bfed) c.j     pc - 6
core   0: 3 0x800064ca (0xbfed)
core   0: 0x800064c4 (0x0000b7f5) c.j     pc - 20
core   0: 3 0x800064c4 (0xb7f5)
core   0: 0x800064b0 (0x0000a005) c.j     pc + 32
core   0: 3 0x800064b0 (0xa005)
core   0: 0x800064d0 (0x02e879b3) remu    s3, a6, a4
core   0: 3 0x800064d0 (0x02e879b3) x19 0x7fff9afc
core   0: 0x800064d4 (0xff700593) li      a1, -9
core   0: 3 0x800064d4 (0xff700593) x11 0xfffffff7
core   0: 0x800064d8 (0x01000693) li      a3, 16
core   0: 3 0x800064d8 (0x01000693) x13 0x00000010
core   0: 0x800064dc (0x00008c21) c.xor   s0, s0
core   0: 3 0x800064dc (0x8c21) x 8 0x00000000
core   0: 0x800064de (0x00000585) c.addi  a1, 1
core   0: 3 0x800064de (0x0585) x11 0xfffffff8
core   0: 0x800064e0 (0x00800513) li      a0, 8
core   0: 3 0x800064e0 (0x00800513) x10 0x00000008
core   0: 0x800064e4 (0x00006431) c.lui   s0, 0xc
core   0: 3 0x800064e4 (0x6431) x 8 0x0000c000
core   0: 0x800064e6 (0x00000001) c.nop
core   0: 3 0x800064e6 (0x0001)
core   0: 0x800064e8 (0x41b98833) sub     a6, s3, s11
core   0: 3 0x800064e8 (0x41b98833) x16 0x7fff9ae5
core   0: 0x800064ec (0x00006351) c.lui   t1, 0x14
core   0: 3 0x800064ec (0x6351) x 6 0x00014000
core   0: 0x800064ee (0x00001571) c.addi  a0, -4
core   0: 3 0x800064ee (0x1571) x10 0x00000004
core   0: 0x800064f0 (0x0000fd65) c.bnez  a0, pc - 8
core   0: 3 0x800064f0 (0xfd65)
core   0: 0x800064e8 (0x41b98833) sub     a6, s3, s11
core   0: 3 0x800064e8 (0x41b98833) x16 0x7fff9ae5
core   0: 0x800064ec (0x00006351) c.lui   t1, 0x14
core   0: 3 0x800064ec (0x6351) x 6 0x00014000
core   0: 0x800064ee (0x00001571) c.addi  a0, -4
core   0: 3 0x800064ee (0x1571) x10 0x00000000
core   0: 0x800064f0 (0x0000fd65) c.bnez  a0, pc - 8
core   0: 3 0x800064f0 (0xfd65)
core   0: 0x800064f2 (0xfed595e3) bne     a1, a3, pc - 22
core   0: 3 0x800064f2 (0xfed595e3)
core   0: 0x800064dc (0x00008c21) c.xor   s0, s0
core   0: 3 0x800064dc (0x8c21) x 8 0x00000000
core   0: 0x800064de (0x00000585) c.addi  a1, 1
core   0: 3 0x800064de (0x0585) x11 0xfffffff9
core   0: 0x800064e0 (0x00800513) li      a0, 8
core   0: 3 0x800064e0 (0x00800513) x10 0x00000008
core   0: 0x800064e4 (0x00006431) c.lui   s0, 0xc
core   0: 3 0x800064e4 (0x6431) x 8 0x0000c000
core   0: 0x800064e6 (0x00000001) c.nop
core   0: 3 0x800064e6 (0x0001)
core   0: 0x800064e8 (0x41b98833) sub     a6, s3, s11
core   0: 3 0x800064e8 (0x41b98833) x16 0x7fff9ae5
core   0: 0x800064ec (0x00006351) c.lui   t1, 0x14
core   0: 3 0x800064ec (0x6351) x 6 0x00014000
core   0: 0x800064ee (0x00001571) c.addi  a0, -4
core   0: 3 0x800064ee (0x1571) x10 0x00000004
core   0: 0x800064f0 (0x0000fd65) c.bnez  a0, pc - 8
core   0: 3 0x800064f0 (0xfd65)
core   0: 0x800064e8 (0x41b98833) sub     a6, s3, s11
core   0: 3 0x800064e8 (0x41b98833) x16 0x7fff9ae5
core   0: 0x800064ec (0x00006351) c.lui   t1, 0x14
core   0: 3 0x800064ec (0x6351) x 6 0x00014000
core   0: 0x800064ee (0x00001571) c.addi  a0, -4
core   0: 3 0x800064ee (0x1571) x10 0x00000000
core   0: 0x800064f0 (0x0000fd65) c.bnez  a0, pc - 8
core   0: 3 0x800064f0 (0xfd65)
core   0: 0x800064f2 (0xfed595e3) bne     a1, a3, pc - 22
core   0: 3 0x800064f2 (0xfed595e3)
core   0: 0x800064dc (0x00008c21) c.xor   s0, s0
core   0: 3 0x800064dc (0x8c21) x 8 0x00000000
core   0: 0x800064de (0x00000585) c.addi  a1, 1
core   0: 3 0x800064de (0x0585) x11 0xfffffffa
core   0: 0x800064e0 (0x00800513) li      a0, 8
core   0: 3 0x800064e0 (0x00800513) x10 0x00000008
core   0: 0x800064e4 (0x00006431) c.lui   s0, 0xc
core   0: 3 0x800064e4 (0x6431) x 8 0x0000c000
core   0: 0x800064e6 (0x00000001) c.nop
core   0: 3 0x800064e6 (0x0001)
core   0: 0x800064e8 (0x41b98833) sub     a6, s3, s11
core   0: 3 0x800064e8 (0x41b98833) x16 0x7fff9ae5
core   0: 0x800064ec (0x00006351) c.lui   t1, 0x14
core   0: 3 0x800064ec (0x6351) x 6 0x00014000
core   0: 0x800064ee (0x00001571) c.addi  a0, -4
core   0: 3 0x800064ee (0x1571) x10 0x00000004
core   0: 0x800064f0 (0x0000fd65) c.bnez  a0, pc - 8
core   0: 3 0x800064f0 (0xfd65)
core   0: 0x800064e8 (0x41b98833) sub     a6, s3, s11
core   0: 3 0x800064e8 (0x41b98833) x16 0x7fff9ae5
core   0: 0x800064ec (0x00006351) c.lui   t1, 0x14
core   0: 3 0x800064ec (0x6351) x 6 0x00014000
core   0: 0x800064ee (0x00001571) c.addi  a0, -4
core   0: 3 0x800064ee (0x1571) x10 0x00000000
core   0: 0x800064f0 (0x0000fd65) c.bnez  a0, pc - 8
core   0: 3 0x800064f0 (0xfd65)
core   0: 0x800064f2 (0xfed595e3) bne     a1, a3, pc - 22
core   0: 3 0x800064f2 (0xfed595e3)
core   0: 0x800064dc (0x00008c21) c.xor   s0, s0
core   0: 3 0x800064dc (0x8c21) x 8 0x00000000
core   0: 0x800064de (0x00000585) c.addi  a1, 1
core   0: 3 0x800064de (0x0585) x11 0xfffffffb
core   0: 0x800064e0 (0x00800513) li      a0, 8
core   0: 3 0x800064e0 (0x00800513) x10 0x00000008
core   0: 0x800064e4 (0x00006431) c.lui   s0, 0xc
core   0: 3 0x800064e4 (0x6431) x 8 0x0000c000
core   0: 0x800064e6 (0x00000001) c.nop
core   0: 3 0x800064e6 (0x0001)
core   0: 0x800064e8 (0x41b98833) sub     a6, s3, s11
core   0: 3 0x800064e8 (0x41b98833) x16 0x7fff9ae5
core   0: 0x800064ec (0x00006351) c.lui   t1, 0x14
core   0: 3 0x800064ec (0x6351) x 6 0x00014000
core   0: 0x800064ee (0x00001571) c.addi  a0, -4
core   0: 3 0x800064ee (0x1571) x10 0x00000004
core   0: 0x800064f0 (0x0000fd65) c.bnez  a0, pc - 8
core   0: 3 0x800064f0 (0xfd65)
core   0: 0x800064e8 (0x41b98833) sub     a6, s3, s11
core   0: 3 0x800064e8 (0x41b98833) x16 0x7fff9ae5
core   0: 0x800064ec (0x00006351) c.lui   t1, 0x14
core   0: 3 0x800064ec (0x6351) x 6 0x00014000
core   0: 0x800064ee (0x00001571) c.addi  a0, -4
core   0: 3 0x800064ee (0x1571) x10 0x00000000
core   0: 0x800064f0 (0x0000fd65) c.bnez  a0, pc - 8
core   0: 3 0x800064f0 (0xfd65)
core   0: 0x800064f2 (0xfed595e3) bne     a1, a3, pc - 22
core   0: 3 0x800064f2 (0xfed595e3)
core   0: 0x800064dc (0x00008c21) c.xor   s0, s0
core   0: 3 0x800064dc (0x8c21) x 8 0x00000000
core   0: 0x800064de (0x00000585) c.addi  a1, 1
core   0: 3 0x800064de (0x0585) x11 0xfffffffc
core   0: 0x800064e0 (0x00800513) li      a0, 8
core   0: 3 0x800064e0 (0x00800513) x10 0x00000008
core   0: 0x800064e4 (0x00006431) c.lui   s0, 0xc
core   0: 3 0x800064e4 (0x6431) x 8 0x0000c000
core   0: 0x800064e6 (0x00000001) c.nop
core   0: 3 0x800064e6 (0x0001)
core   0: 0x800064e8 (0x41b98833) sub     a6, s3, s11
core   0: 3 0x800064e8 (0x41b98833) x16 0x7fff9ae5
core   0: 0x800064ec (0x00006351) c.lui   t1, 0x14
core   0: 3 0x800064ec (0x6351) x 6 0x00014000
core   0: 0x800064ee (0x00001571) c.addi  a0, -4
core   0: 3 0x800064ee (0x1571) x10 0x00000004
core   0: 0x800064f0 (0x0000fd65) c.bnez  a0, pc - 8
core   0: 3 0x800064f0 (0xfd65)
core   0: 0x800064e8 (0x41b98833) sub     a6, s3, s11
core   0: 3 0x800064e8 (0x41b98833) x16 0x7fff9ae5
core   0: 0x800064ec (0x00006351) c.lui   t1, 0x14
core   0: 3 0x800064ec (0x6351) x 6 0x00014000
core   0: 0x800064ee (0x00001571) c.addi  a0, -4
core   0: 3 0x800064ee (0x1571) x10 0x00000000
core   0: 0x800064f0 (0x0000fd65) c.bnez  a0, pc - 8
core   0: 3 0x800064f0 (0xfd65)
core   0: 0x800064f2 (0xfed595e3) bne     a1, a3, pc - 22
core   0: 3 0x800064f2 (0xfed595e3)
core   0: 0x800064dc (0x00008c21) c.xor   s0, s0
core   0: 3 0x800064dc (0x8c21) x 8 0x00000000
core   0: 0x800064de (0x00000585) c.addi  a1, 1
core   0: 3 0x800064de (0x0585) x11 0xfffffffd
core   0: 0x800064e0 (0x00800513) li      a0, 8
core   0: 3 0x800064e0 (0x00800513) x10 0x00000008
core   0: 0x800064e4 (0x00006431) c.lui   s0, 0xc
core   0: 3 0x800064e4 (0x6431) x 8 0x0000c000
core   0: 0x800064e6 (0x00000001) c.nop
core   0: 3 0x800064e6 (0x0001)
core   0: 0x800064e8 (0x41b98833) sub     a6, s3, s11
core   0: 3 0x800064e8 (0x41b98833) x16 0x7fff9ae5
core   0: 0x800064ec (0x00006351) c.lui   t1, 0x14
core   0: 3 0x800064ec (0x6351) x 6 0x00014000
core   0: 0x800064ee (0x00001571) c.addi  a0, -4
core   0: 3 0x800064ee (0x1571) x10 0x00000004
core   0: 0x800064f0 (0x0000fd65) c.bnez  a0, pc - 8
core   0: 3 0x800064f0 (0xfd65)
core   0: 0x800064e8 (0x41b98833) sub     a6, s3, s11
core   0: 3 0x800064e8 (0x41b98833) x16 0x7fff9ae5
core   0: 0x800064ec (0x00006351) c.lui   t1, 0x14
core   0: 3 0x800064ec (0x6351) x 6 0x00014000
core   0: 0x800064ee (0x00001571) c.addi  a0, -4
core   0: 3 0x800064ee (0x1571) x10 0x00000000
core   0: 0x800064f0 (0x0000fd65) c.bnez  a0, pc - 8
core   0: 3 0x800064f0 (0xfd65)
core   0: 0x800064f2 (0xfed595e3) bne     a1, a3, pc - 22
core   0: 3 0x800064f2 (0xfed595e3)
core   0: 0x800064dc (0x00008c21) c.xor   s0, s0
core   0: 3 0x800064dc (0x8c21) x 8 0x00000000
core   0: 0x800064de (0x00000585) c.addi  a1, 1
core   0: 3 0x800064de (0x0585) x11 0xfffffffe
core   0: 0x800064e0 (0x00800513) li      a0, 8
core   0: 3 0x800064e0 (0x00800513) x10 0x00000008
core   0: 0x800064e4 (0x00006431) c.lui   s0, 0xc
core   0: 3 0x800064e4 (0x6431) x 8 0x0000c000
core   0: 0x800064e6 (0x00000001) c.nop
core   0: 3 0x800064e6 (0x0001)
core   0: 0x800064e8 (0x41b98833) sub     a6, s3, s11
core   0: 3 0x800064e8 (0x41b98833) x16 0x7fff9ae5
core   0: 0x800064ec (0x00006351) c.lui   t1, 0x14
core   0: 3 0x800064ec (0x6351) x 6 0x00014000
core   0: 0x800064ee (0x00001571) c.addi  a0, -4
core   0: 3 0x800064ee (0x1571) x10 0x00000004
core   0: 0x800064f0 (0x0000fd65) c.bnez  a0, pc - 8
core   0: 3 0x800064f0 (0xfd65)
core   0: 0x800064e8 (0x41b98833) sub     a6, s3, s11
core   0: 3 0x800064e8 (0x41b98833) x16 0x7fff9ae5
core   0: 0x800064ec (0x00006351) c.lui   t1, 0x14
core   0: 3 0x800064ec (0x6351) x 6 0x00014000
core   0: 0x800064ee (0x00001571) c.addi  a0, -4
core   0: 3 0x800064ee (0x1571) x10 0x00000000
core   0: 0x800064f0 (0x0000fd65) c.bnez  a0, pc - 8
core   0: 3 0x800064f0 (0xfd65)
core   0: 0x800064f2 (0xfed595e3) bne     a1, a3, pc - 22
core   0: 3 0x800064f2 (0xfed595e3)
core   0: 0x800064dc (0x00008c21) c.xor   s0, s0
core   0: 3 0x800064dc (0x8c21) x 8 0x00000000
core   0: 0x800064de (0x00000585) c.addi  a1, 1
core   0: 3 0x800064de (0x0585) x11 0xffffffff
core   0: 0x800064e0 (0x00800513) li      a0, 8
core   0: 3 0x800064e0 (0x00800513) x10 0x00000008
core   0: 0x800064e4 (0x00006431) c.lui   s0, 0xc
core   0: 3 0x800064e4 (0x6431) x 8 0x0000c000
core   0: 0x800064e6 (0x00000001) c.nop
core   0: 3 0x800064e6 (0x0001)
core   0: 0x800064e8 (0x41b98833) sub     a6, s3, s11
core   0: 3 0x800064e8 (0x41b98833) x16 0x7fff9ae5
core   0: 0x800064ec (0x00006351) c.lui   t1, 0x14
core   0: 3 0x800064ec (0x6351) x 6 0x00014000
core   0: 0x800064ee (0x00001571) c.addi  a0, -4
core   0: 3 0x800064ee (0x1571) x10 0x00000004
core   0: 0x800064f0 (0x0000fd65) c.bnez  a0, pc - 8
core   0: 3 0x800064f0 (0xfd65)
core   0: 0x800064e8 (0x41b98833) sub     a6, s3, s11
core   0: 3 0x800064e8 (0x41b98833) x16 0x7fff9ae5
core   0: 0x800064ec (0x00006351) c.lui   t1, 0x14
core   0: 3 0x800064ec (0x6351) x 6 0x00014000
core   0: 0x800064ee (0x00001571) c.addi  a0, -4
core   0: 3 0x800064ee (0x1571) x10 0x00000000
core   0: 0x800064f0 (0x0000fd65) c.bnez  a0, pc - 8
core   0: 3 0x800064f0 (0xfd65)
core   0: 0x800064f2 (0xfed595e3) bne     a1, a3, pc - 22
core   0: 3 0x800064f2 (0xfed595e3)
core   0: 0x800064dc (0x00008c21) c.xor   s0, s0
core   0: 3 0x800064dc (0x8c21) x 8 0x00000000
core   0: 0x800064de (0x00000585) c.addi  a1, 1
core   0: 3 0x800064de (0x0585) x11 0x00000000
core   0: 0x800064e0 (0x00800513) li      a0, 8
core   0: 3 0x800064e0 (0x00800513) x10 0x00000008
core   0: 0x800064e4 (0x00006431) c.lui   s0, 0xc
core   0: 3 0x800064e4 (0x6431) x 8 0x0000c000
core   0: 0x800064e6 (0x00000001) c.nop
core   0: 3 0x800064e6 (0x0001)
core   0: 0x800064e8 (0x41b98833) sub     a6, s3, s11
core   0: 3 0x800064e8 (0x41b98833) x16 0x7fff9ae5
core   0: 0x800064ec (0x00006351) c.lui   t1, 0x14
core   0: 3 0x800064ec (0x6351) x 6 0x00014000
core   0: 0x800064ee (0x00001571) c.addi  a0, -4
core   0: 3 0x800064ee (0x1571) x10 0x00000004
core   0: 0x800064f0 (0x0000fd65) c.bnez  a0, pc - 8
core   0: 3 0x800064f0 (0xfd65)
core   0: 0x800064e8 (0x41b98833) sub     a6, s3, s11
core   0: 3 0x800064e8 (0x41b98833) x16 0x7fff9ae5
core   0: 0x800064ec (0x00006351) c.lui   t1, 0x14
core   0: 3 0x800064ec (0x6351) x 6 0x00014000
core   0: 0x800064ee (0x00001571) c.addi  a0, -4
core   0: 3 0x800064ee (0x1571) x10 0x00000000
core   0: 0x800064f0 (0x0000fd65) c.bnez  a0, pc - 8
core   0: 3 0x800064f0 (0xfd65)
core   0: 0x800064f2 (0xfed595e3) bne     a1, a3, pc - 22
core   0: 3 0x800064f2 (0xfed595e3)
core   0: 0x800064dc (0x00008c21) c.xor   s0, s0
core   0: 3 0x800064dc (0x8c21) x 8 0x00000000
core   0: 0x800064de (0x00000585) c.addi  a1, 1
core   0: 3 0x800064de (0x0585) x11 0x00000001
core   0: 0x800064e0 (0x00800513) li      a0, 8
core   0: 3 0x800064e0 (0x00800513) x10 0x00000008
core   0: 0x800064e4 (0x00006431) c.lui   s0, 0xc
core   0: 3 0x800064e4 (0x6431) x 8 0x0000c000
core   0: 0x800064e6 (0x00000001) c.nop
core   0: 3 0x800064e6 (0x0001)
core   0: 0x800064e8 (0x41b98833) sub     a6, s3, s11
core   0: 3 0x800064e8 (0x41b98833) x16 0x7fff9ae5
core   0: 0x800064ec (0x00006351) c.lui   t1, 0x14
core   0: 3 0x800064ec (0x6351) x 6 0x00014000
core   0: 0x800064ee (0x00001571) c.addi  a0, -4
core   0: 3 0x800064ee (0x1571) x10 0x00000004
core   0: 0x800064f0 (0x0000fd65) c.bnez  a0, pc - 8
core   0: 3 0x800064f0 (0xfd65)
core   0: 0x800064e8 (0x41b98833) sub     a6, s3, s11
core   0: 3 0x800064e8 (0x41b98833) x16 0x7fff9ae5
core   0: 0x800064ec (0x00006351) c.lui   t1, 0x14
core   0: 3 0x800064ec (0x6351) x 6 0x00014000
core   0: 0x800064ee (0x00001571) c.addi  a0, -4
core   0: 3 0x800064ee (0x1571) x10 0x00000000
core   0: 0x800064f0 (0x0000fd65) c.bnez  a0, pc - 8
core   0: 3 0x800064f0 (0xfd65)
core   0: 0x800064f2 (0xfed595e3) bne     a1, a3, pc - 22
core   0: 3 0x800064f2 (0xfed595e3)
core   0: 0x800064dc (0x00008c21) c.xor   s0, s0
core   0: 3 0x800064dc (0x8c21) x 8 0x00000000
core   0: 0x800064de (0x00000585) c.addi  a1, 1
core   0: 3 0x800064de (0x0585) x11 0x00000002
core   0: 0x800064e0 (0x00800513) li      a0, 8
core   0: 3 0x800064e0 (0x00800513) x10 0x00000008
core   0: 0x800064e4 (0x00006431) c.lui   s0, 0xc
core   0: 3 0x800064e4 (0x6431) x 8 0x0000c000
core   0: 0x800064e6 (0x00000001) c.nop
core   0: 3 0x800064e6 (0x0001)
core   0: 0x800064e8 (0x41b98833) sub     a6, s3, s11
core   0: 3 0x800064e8 (0x41b98833) x16 0x7fff9ae5
core   0: 0x800064ec (0x00006351) c.lui   t1, 0x14
core   0: 3 0x800064ec (0x6351) x 6 0x00014000
core   0: 0x800064ee (0x00001571) c.addi  a0, -4
core   0: 3 0x800064ee (0x1571) x10 0x00000004
core   0: 0x800064f0 (0x0000fd65) c.bnez  a0, pc - 8
core   0: 3 0x800064f0 (0xfd65)
core   0: 0x800064e8 (0x41b98833) sub     a6, s3, s11
core   0: 3 0x800064e8 (0x41b98833) x16 0x7fff9ae5
core   0: 0x800064ec (0x00006351) c.lui   t1, 0x14
core   0: 3 0x800064ec (0x6351) x 6 0x00014000
core   0: 0x800064ee (0x00001571) c.addi  a0, -4
core   0: 3 0x800064ee (0x1571) x10 0x00000000
core   0: 0x800064f0 (0x0000fd65) c.bnez  a0, pc - 8
core   0: 3 0x800064f0 (0xfd65)
core   0: 0x800064f2 (0xfed595e3) bne     a1, a3, pc - 22
core   0: 3 0x800064f2 (0xfed595e3)
core   0: 0x800064dc (0x00008c21) c.xor   s0, s0
core   0: 3 0x800064dc (0x8c21) x 8 0x00000000
core   0: 0x800064de (0x00000585) c.addi  a1, 1
core   0: 3 0x800064de (0x0585) x11 0x00000003
core   0: 0x800064e0 (0x00800513) li      a0, 8
core   0: 3 0x800064e0 (0x00800513) x10 0x00000008
core   0: 0x800064e4 (0x00006431) c.lui   s0, 0xc
core   0: 3 0x800064e4 (0x6431) x 8 0x0000c000
core   0: 0x800064e6 (0x00000001) c.nop
core   0: 3 0x800064e6 (0x0001)
core   0: 0x800064e8 (0x41b98833) sub     a6, s3, s11
core   0: 3 0x800064e8 (0x41b98833) x16 0x7fff9ae5
core   0: 0x800064ec (0x00006351) c.lui   t1, 0x14
core   0: 3 0x800064ec (0x6351) x 6 0x00014000
core   0: 0x800064ee (0x00001571) c.addi  a0, -4
core   0: 3 0x800064ee (0x1571) x10 0x00000004
core   0: 0x800064f0 (0x0000fd65) c.bnez  a0, pc - 8
core   0: 3 0x800064f0 (0xfd65)
core   0: 0x800064e8 (0x41b98833) sub     a6, s3, s11
core   0: 3 0x800064e8 (0x41b98833) x16 0x7fff9ae5
core   0: 0x800064ec (0x00006351) c.lui   t1, 0x14
core   0: 3 0x800064ec (0x6351) x 6 0x00014000
core   0: 0x800064ee (0x00001571) c.addi  a0, -4
core   0: 3 0x800064ee (0x1571) x10 0x00000000
core   0: 0x800064f0 (0x0000fd65) c.bnez  a0, pc - 8
core   0: 3 0x800064f0 (0xfd65)
core   0: 0x800064f2 (0xfed595e3) bne     a1, a3, pc - 22
core   0: 3 0x800064f2 (0xfed595e3)
core   0: 0x800064dc (0x00008c21) c.xor   s0, s0
core   0: 3 0x800064dc (0x8c21) x 8 0x00000000
core   0: 0x800064de (0x00000585) c.addi  a1, 1
core   0: 3 0x800064de (0x0585) x11 0x00000004
core   0: 0x800064e0 (0x00800513) li      a0, 8
core   0: 3 0x800064e0 (0x00800513) x10 0x00000008
core   0: 0x800064e4 (0x00006431) c.lui   s0, 0xc
core   0: 3 0x800064e4 (0x6431) x 8 0x0000c000
core   0: 0x800064e6 (0x00000001) c.nop
core   0: 3 0x800064e6 (0x0001)
core   0: 0x800064e8 (0x41b98833) sub     a6, s3, s11
core   0: 3 0x800064e8 (0x41b98833) x16 0x7fff9ae5
core   0: 0x800064ec (0x00006351) c.lui   t1, 0x14
core   0: 3 0x800064ec (0x6351) x 6 0x00014000
core   0: 0x800064ee (0x00001571) c.addi  a0, -4
core   0: 3 0x800064ee (0x1571) x10 0x00000004
core   0: 0x800064f0 (0x0000fd65) c.bnez  a0, pc - 8
core   0: 3 0x800064f0 (0xfd65)
core   0: 0x800064e8 (0x41b98833) sub     a6, s3, s11
core   0: 3 0x800064e8 (0x41b98833) x16 0x7fff9ae5
core   0: 0x800064ec (0x00006351) c.lui   t1, 0x14
core   0: 3 0x800064ec (0x6351) x 6 0x00014000
core   0: 0x800064ee (0x00001571) c.addi  a0, -4
core   0: 3 0x800064ee (0x1571) x10 0x00000000
core   0: 0x800064f0 (0x0000fd65) c.bnez  a0, pc - 8
core   0: 3 0x800064f0 (0xfd65)
core   0: 0x800064f2 (0xfed595e3) bne     a1, a3, pc - 22
core   0: 3 0x800064f2 (0xfed595e3)
core   0: 0x800064dc (0x00008c21) c.xor   s0, s0
core   0: 3 0x800064dc (0x8c21) x 8 0x00000000
core   0: 0x800064de (0x00000585) c.addi  a1, 1
core   0: 3 0x800064de (0x0585) x11 0x00000005
core   0: 0x800064e0 (0x00800513) li      a0, 8
core   0: 3 0x800064e0 (0x00800513) x10 0x00000008
core   0: 0x800064e4 (0x00006431) c.lui   s0, 0xc
core   0: 3 0x800064e4 (0x6431) x 8 0x0000c000
core   0: 0x800064e6 (0x00000001) c.nop
core   0: 3 0x800064e6 (0x0001)
core   0: 0x800064e8 (0x41b98833) sub     a6, s3, s11
core   0: 3 0x800064e8 (0x41b98833) x16 0x7fff9ae5
core   0: 0x800064ec (0x00006351) c.lui   t1, 0x14
core   0: 3 0x800064ec (0x6351) x 6 0x00014000
core   0: 0x800064ee (0x00001571) c.addi  a0, -4
core   0: 3 0x800064ee (0x1571) x10 0x00000004
core   0: 0x800064f0 (0x0000fd65) c.bnez  a0, pc - 8
core   0: 3 0x800064f0 (0xfd65)
core   0: 0x800064e8 (0x41b98833) sub     a6, s3, s11
core   0: 3 0x800064e8 (0x41b98833) x16 0x7fff9ae5
core   0: 0x800064ec (0x00006351) c.lui   t1, 0x14
core   0: 3 0x800064ec (0x6351) x 6 0x00014000
core   0: 0x800064ee (0x00001571) c.addi  a0, -4
core   0: 3 0x800064ee (0x1571) x10 0x00000000
core   0: 0x800064f0 (0x0000fd65) c.bnez  a0, pc - 8
core   0: 3 0x800064f0 (0xfd65)
core   0: 0x800064f2 (0xfed595e3) bne     a1, a3, pc - 22
core   0: 3 0x800064f2 (0xfed595e3)
core   0: 0x800064dc (0x00008c21) c.xor   s0, s0
core   0: 3 0x800064dc (0x8c21) x 8 0x00000000
core   0: 0x800064de (0x00000585) c.addi  a1, 1
core   0: 3 0x800064de (0x0585) x11 0x00000006
core   0: 0x800064e0 (0x00800513) li      a0, 8
core   0: 3 0x800064e0 (0x00800513) x10 0x00000008
core   0: 0x800064e4 (0x00006431) c.lui   s0, 0xc
core   0: 3 0x800064e4 (0x6431) x 8 0x0000c000
core   0: 0x800064e6 (0x00000001) c.nop
core   0: 3 0x800064e6 (0x0001)
core   0: 0x800064e8 (0x41b98833) sub     a6, s3, s11
core   0: 3 0x800064e8 (0x41b98833) x16 0x7fff9ae5
core   0: 0x800064ec (0x00006351) c.lui   t1, 0x14
core   0: 3 0x800064ec (0x6351) x 6 0x00014000
core   0: 0x800064ee (0x00001571) c.addi  a0, -4
core   0: 3 0x800064ee (0x1571) x10 0x00000004
core   0: 0x800064f0 (0x0000fd65) c.bnez  a0, pc - 8
core   0: 3 0x800064f0 (0xfd65)
core   0: 0x800064e8 (0x41b98833) sub     a6, s3, s11
core   0: 3 0x800064e8 (0x41b98833) x16 0x7fff9ae5
core   0: 0x800064ec (0x00006351) c.lui   t1, 0x14
core   0: 3 0x800064ec (0x6351) x 6 0x00014000
core   0: 0x800064ee (0x00001571) c.addi  a0, -4
core   0: 3 0x800064ee (0x1571) x10 0x00000000
core   0: 0x800064f0 (0x0000fd65) c.bnez  a0, pc - 8
core   0: 3 0x800064f0 (0xfd65)
core   0: 0x800064f2 (0xfed595e3) bne     a1, a3, pc - 22
core   0: 3 0x800064f2 (0xfed595e3)
core   0: 0x800064dc (0x00008c21) c.xor   s0, s0
core   0: 3 0x800064dc (0x8c21) x 8 0x00000000
core   0: 0x800064de (0x00000585) c.addi  a1, 1
core   0: 3 0x800064de (0x0585) x11 0x00000007
core   0: 0x800064e0 (0x00800513) li      a0, 8
core   0: 3 0x800064e0 (0x00800513) x10 0x00000008
core   0: 0x800064e4 (0x00006431) c.lui   s0, 0xc
core   0: 3 0x800064e4 (0x6431) x 8 0x0000c000
core   0: 0x800064e6 (0x00000001) c.nop
core   0: 3 0x800064e6 (0x0001)
core   0: 0x800064e8 (0x41b98833) sub     a6, s3, s11
core   0: 3 0x800064e8 (0x41b98833) x16 0x7fff9ae5
core   0: 0x800064ec (0x00006351) c.lui   t1, 0x14
core   0: 3 0x800064ec (0x6351) x 6 0x00014000
core   0: 0x800064ee (0x00001571) c.addi  a0, -4
core   0: 3 0x800064ee (0x1571) x10 0x00000004
core   0: 0x800064f0 (0x0000fd65) c.bnez  a0, pc - 8
core   0: 3 0x800064f0 (0xfd65)
core   0: 0x800064e8 (0x41b98833) sub     a6, s3, s11
core   0: 3 0x800064e8 (0x41b98833) x16 0x7fff9ae5
core   0: 0x800064ec (0x00006351) c.lui   t1, 0x14
core   0: 3 0x800064ec (0x6351) x 6 0x00014000
core   0: 0x800064ee (0x00001571) c.addi  a0, -4
core   0: 3 0x800064ee (0x1571) x10 0x00000000
core   0: 0x800064f0 (0x0000fd65) c.bnez  a0, pc - 8
core   0: 3 0x800064f0 (0xfd65)
core   0: 0x800064f2 (0xfed595e3) bne     a1, a3, pc - 22
core   0: 3 0x800064f2 (0xfed595e3)
core   0: 0x800064dc (0x00008c21) c.xor   s0, s0
core   0: 3 0x800064dc (0x8c21) x 8 0x00000000
core   0: 0x800064de (0x00000585) c.addi  a1, 1
core   0: 3 0x800064de (0x0585) x11 0x00000008
core   0: 0x800064e0 (0x00800513) li      a0, 8
core   0: 3 0x800064e0 (0x00800513) x10 0x00000008
core   0: 0x800064e4 (0x00006431) c.lui   s0, 0xc
core   0: 3 0x800064e4 (0x6431) x 8 0x0000c000
core   0: 0x800064e6 (0x00000001) c.nop
core   0: 3 0x800064e6 (0x0001)
core   0: 0x800064e8 (0x41b98833) sub     a6, s3, s11
core   0: 3 0x800064e8 (0x41b98833) x16 0x7fff9ae5
core   0: 0x800064ec (0x00006351) c.lui   t1, 0x14
core   0: 3 0x800064ec (0x6351) x 6 0x00014000
core   0: 0x800064ee (0x00001571) c.addi  a0, -4
core   0: 3 0x800064ee (0x1571) x10 0x00000004
core   0: 0x800064f0 (0x0000fd65) c.bnez  a0, pc - 8
core   0: 3 0x800064f0 (0xfd65)
core   0: 0x800064e8 (0x41b98833) sub     a6, s3, s11
core   0: 3 0x800064e8 (0x41b98833) x16 0x7fff9ae5
core   0: 0x800064ec (0x00006351) c.lui   t1, 0x14
core   0: 3 0x800064ec (0x6351) x 6 0x00014000
core   0: 0x800064ee (0x00001571) c.addi  a0, -4
core   0: 3 0x800064ee (0x1571) x10 0x00000000
core   0: 0x800064f0 (0x0000fd65) c.bnez  a0, pc - 8
core   0: 3 0x800064f0 (0xfd65)
core   0: 0x800064f2 (0xfed595e3) bne     a1, a3, pc - 22
core   0: 3 0x800064f2 (0xfed595e3)
core   0: 0x800064dc (0x00008c21) c.xor   s0, s0
core   0: 3 0x800064dc (0x8c21) x 8 0x00000000
core   0: 0x800064de (0x00000585) c.addi  a1, 1
core   0: 3 0x800064de (0x0585) x11 0x00000009
core   0: 0x800064e0 (0x00800513) li      a0, 8
core   0: 3 0x800064e0 (0x00800513) x10 0x00000008
core   0: 0x800064e4 (0x00006431) c.lui   s0, 0xc
core   0: 3 0x800064e4 (0x6431) x 8 0x0000c000
core   0: 0x800064e6 (0x00000001) c.nop
core   0: 3 0x800064e6 (0x0001)
core   0: 0x800064e8 (0x41b98833) sub     a6, s3, s11
core   0: 3 0x800064e8 (0x41b98833) x16 0x7fff9ae5
core   0: 0x800064ec (0x00006351) c.lui   t1, 0x14
core   0: 3 0x800064ec (0x6351) x 6 0x00014000
core   0: 0x800064ee (0x00001571) c.addi  a0, -4
core   0: 3 0x800064ee (0x1571) x10 0x00000004
core   0: 0x800064f0 (0x0000fd65) c.bnez  a0, pc - 8
core   0: 3 0x800064f0 (0xfd65)
core   0: 0x800064e8 (0x41b98833) sub     a6, s3, s11
core   0: 3 0x800064e8 (0x41b98833) x16 0x7fff9ae5
core   0: 0x800064ec (0x00006351) c.lui   t1, 0x14
core   0: 3 0x800064ec (0x6351) x 6 0x00014000
core   0: 0x800064ee (0x00001571) c.addi  a0, -4
core   0: 3 0x800064ee (0x1571) x10 0x00000000
core   0: 0x800064f0 (0x0000fd65) c.bnez  a0, pc - 8
core   0: 3 0x800064f0 (0xfd65)
core   0: 0x800064f2 (0xfed595e3) bne     a1, a3, pc - 22
core   0: 3 0x800064f2 (0xfed595e3)
core   0: 0x800064dc (0x00008c21) c.xor   s0, s0
core   0: 3 0x800064dc (0x8c21) x 8 0x00000000
core   0: 0x800064de (0x00000585) c.addi  a1, 1
core   0: 3 0x800064de (0x0585) x11 0x0000000a
core   0: 0x800064e0 (0x00800513) li      a0, 8
core   0: 3 0x800064e0 (0x00800513) x10 0x00000008
core   0: 0x800064e4 (0x00006431) c.lui   s0, 0xc
core   0: 3 0x800064e4 (0x6431) x 8 0x0000c000
core   0: 0x800064e6 (0x00000001) c.nop
core   0: 3 0x800064e6 (0x0001)
core   0: 0x800064e8 (0x41b98833) sub     a6, s3, s11
core   0: 3 0x800064e8 (0x41b98833) x16 0x7fff9ae5
core   0: 0x800064ec (0x00006351) c.lui   t1, 0x14
core   0: 3 0x800064ec (0x6351) x 6 0x00014000
core   0: 0x800064ee (0x00001571) c.addi  a0, -4
core   0: 3 0x800064ee (0x1571) x10 0x00000004
core   0: 0x800064f0 (0x0000fd65) c.bnez  a0, pc - 8
core   0: 3 0x800064f0 (0xfd65)
core   0: 0x800064e8 (0x41b98833) sub     a6, s3, s11
core   0: 3 0x800064e8 (0x41b98833) x16 0x7fff9ae5
core   0: 0x800064ec (0x00006351) c.lui   t1, 0x14
core   0: 3 0x800064ec (0x6351) x 6 0x00014000
core   0: 0x800064ee (0x00001571) c.addi  a0, -4
core   0: 3 0x800064ee (0x1571) x10 0x00000000
core   0: 0x800064f0 (0x0000fd65) c.bnez  a0, pc - 8
core   0: 3 0x800064f0 (0xfd65)
core   0: 0x800064f2 (0xfed595e3) bne     a1, a3, pc - 22
core   0: 3 0x800064f2 (0xfed595e3)
core   0: 0x800064dc (0x00008c21) c.xor   s0, s0
core   0: 3 0x800064dc (0x8c21) x 8 0x00000000
core   0: 0x800064de (0x00000585) c.addi  a1, 1
core   0: 3 0x800064de (0x0585) x11 0x0000000b
core   0: 0x800064e0 (0x00800513) li      a0, 8
core   0: 3 0x800064e0 (0x00800513) x10 0x00000008
core   0: 0x800064e4 (0x00006431) c.lui   s0, 0xc
core   0: 3 0x800064e4 (0x6431) x 8 0x0000c000
core   0: 0x800064e6 (0x00000001) c.nop
core   0: 3 0x800064e6 (0x0001)
core   0: 0x800064e8 (0x41b98833) sub     a6, s3, s11
core   0: 3 0x800064e8 (0x41b98833) x16 0x7fff9ae5
core   0: 0x800064ec (0x00006351) c.lui   t1, 0x14
core   0: 3 0x800064ec (0x6351) x 6 0x00014000
core   0: 0x800064ee (0x00001571) c.addi  a0, -4
core   0: 3 0x800064ee (0x1571) x10 0x00000004
core   0: 0x800064f0 (0x0000fd65) c.bnez  a0, pc - 8
core   0: 3 0x800064f0 (0xfd65)
core   0: 0x800064e8 (0x41b98833) sub     a6, s3, s11
core   0: 3 0x800064e8 (0x41b98833) x16 0x7fff9ae5
core   0: 0x800064ec (0x00006351) c.lui   t1, 0x14
core   0: 3 0x800064ec (0x6351) x 6 0x00014000
core   0: 0x800064ee (0x00001571) c.addi  a0, -4
core   0: 3 0x800064ee (0x1571) x10 0x00000000
core   0: 0x800064f0 (0x0000fd65) c.bnez  a0, pc - 8
core   0: 3 0x800064f0 (0xfd65)
core   0: 0x800064f2 (0xfed595e3) bne     a1, a3, pc - 22
core   0: 3 0x800064f2 (0xfed595e3)
core   0: 0x800064dc (0x00008c21) c.xor   s0, s0
core   0: 3 0x800064dc (0x8c21) x 8 0x00000000
core   0: 0x800064de (0x00000585) c.addi  a1, 1
core   0: 3 0x800064de (0x0585) x11 0x0000000c
core   0: 0x800064e0 (0x00800513) li      a0, 8
core   0: 3 0x800064e0 (0x00800513) x10 0x00000008
core   0: 0x800064e4 (0x00006431) c.lui   s0, 0xc
core   0: 3 0x800064e4 (0x6431) x 8 0x0000c000
core   0: 0x800064e6 (0x00000001) c.nop
core   0: 3 0x800064e6 (0x0001)
core   0: 0x800064e8 (0x41b98833) sub     a6, s3, s11
core   0: 3 0x800064e8 (0x41b98833) x16 0x7fff9ae5
core   0: 0x800064ec (0x00006351) c.lui   t1, 0x14
core   0: 3 0x800064ec (0x6351) x 6 0x00014000
core   0: 0x800064ee (0x00001571) c.addi  a0, -4
core   0: 3 0x800064ee (0x1571) x10 0x00000004
core   0: 0x800064f0 (0x0000fd65) c.bnez  a0, pc - 8
core   0: 3 0x800064f0 (0xfd65)
core   0: 0x800064e8 (0x41b98833) sub     a6, s3, s11
core   0: 3 0x800064e8 (0x41b98833) x16 0x7fff9ae5
core   0: 0x800064ec (0x00006351) c.lui   t1, 0x14
core   0: 3 0x800064ec (0x6351) x 6 0x00014000
core   0: 0x800064ee (0x00001571) c.addi  a0, -4
core   0: 3 0x800064ee (0x1571) x10 0x00000000
core   0: 0x800064f0 (0x0000fd65) c.bnez  a0, pc - 8
core   0: 3 0x800064f0 (0xfd65)
core   0: 0x800064f2 (0xfed595e3) bne     a1, a3, pc - 22
core   0: 3 0x800064f2 (0xfed595e3)
core   0: 0x800064dc (0x00008c21) c.xor   s0, s0
core   0: 3 0x800064dc (0x8c21) x 8 0x00000000
core   0: 0x800064de (0x00000585) c.addi  a1, 1
core   0: 3 0x800064de (0x0585) x11 0x0000000d
core   0: 0x800064e0 (0x00800513) li      a0, 8
core   0: 3 0x800064e0 (0x00800513) x10 0x00000008
core   0: 0x800064e4 (0x00006431) c.lui   s0, 0xc
core   0: 3 0x800064e4 (0x6431) x 8 0x0000c000
core   0: 0x800064e6 (0x00000001) c.nop
core   0: 3 0x800064e6 (0x0001)
core   0: 0x800064e8 (0x41b98833) sub     a6, s3, s11
core   0: 3 0x800064e8 (0x41b98833) x16 0x7fff9ae5
core   0: 0x800064ec (0x00006351) c.lui   t1, 0x14
core   0: 3 0x800064ec (0x6351) x 6 0x00014000
core   0: 0x800064ee (0x00001571) c.addi  a0, -4
core   0: 3 0x800064ee (0x1571) x10 0x00000004
core   0: 0x800064f0 (0x0000fd65) c.bnez  a0, pc - 8
core   0: 3 0x800064f0 (0xfd65)
core   0: 0x800064e8 (0x41b98833) sub     a6, s3, s11
core   0: 3 0x800064e8 (0x41b98833) x16 0x7fff9ae5
core   0: 0x800064ec (0x00006351) c.lui   t1, 0x14
core   0: 3 0x800064ec (0x6351) x 6 0x00014000
core   0: 0x800064ee (0x00001571) c.addi  a0, -4
core   0: 3 0x800064ee (0x1571) x10 0x00000000
core   0: 0x800064f0 (0x0000fd65) c.bnez  a0, pc - 8
core   0: 3 0x800064f0 (0xfd65)
core   0: 0x800064f2 (0xfed595e3) bne     a1, a3, pc - 22
core   0: 3 0x800064f2 (0xfed595e3)
core   0: 0x800064dc (0x00008c21) c.xor   s0, s0
core   0: 3 0x800064dc (0x8c21) x 8 0x00000000
core   0: 0x800064de (0x00000585) c.addi  a1, 1
core   0: 3 0x800064de (0x0585) x11 0x0000000e
core   0: 0x800064e0 (0x00800513) li      a0, 8
core   0: 3 0x800064e0 (0x00800513) x10 0x00000008
core   0: 0x800064e4 (0x00006431) c.lui   s0, 0xc
core   0: 3 0x800064e4 (0x6431) x 8 0x0000c000
core   0: 0x800064e6 (0x00000001) c.nop
core   0: 3 0x800064e6 (0x0001)
core   0: 0x800064e8 (0x41b98833) sub     a6, s3, s11
core   0: 3 0x800064e8 (0x41b98833) x16 0x7fff9ae5
core   0: 0x800064ec (0x00006351) c.lui   t1, 0x14
core   0: 3 0x800064ec (0x6351) x 6 0x00014000
core   0: 0x800064ee (0x00001571) c.addi  a0, -4
core   0: 3 0x800064ee (0x1571) x10 0x00000004
core   0: 0x800064f0 (0x0000fd65) c.bnez  a0, pc - 8
core   0: 3 0x800064f0 (0xfd65)
core   0: 0x800064e8 (0x41b98833) sub     a6, s3, s11
core   0: 3 0x800064e8 (0x41b98833) x16 0x7fff9ae5
core   0: 0x800064ec (0x00006351) c.lui   t1, 0x14
core   0: 3 0x800064ec (0x6351) x 6 0x00014000
core   0: 0x800064ee (0x00001571) c.addi  a0, -4
core   0: 3 0x800064ee (0x1571) x10 0x00000000
core   0: 0x800064f0 (0x0000fd65) c.bnez  a0, pc - 8
core   0: 3 0x800064f0 (0xfd65)
core   0: 0x800064f2 (0xfed595e3) bne     a1, a3, pc - 22
core   0: 3 0x800064f2 (0xfed595e3)
core   0: 0x800064dc (0x00008c21) c.xor   s0, s0
core   0: 3 0x800064dc (0x8c21) x 8 0x00000000
core   0: 0x800064de (0x00000585) c.addi  a1, 1
core   0: 3 0x800064de (0x0585) x11 0x0000000f
core   0: 0x800064e0 (0x00800513) li      a0, 8
core   0: 3 0x800064e0 (0x00800513) x10 0x00000008
core   0: 0x800064e4 (0x00006431) c.lui   s0, 0xc
core   0: 3 0x800064e4 (0x6431) x 8 0x0000c000
core   0: 0x800064e6 (0x00000001) c.nop
core   0: 3 0x800064e6 (0x0001)
core   0: 0x800064e8 (0x41b98833) sub     a6, s3, s11
core   0: 3 0x800064e8 (0x41b98833) x16 0x7fff9ae5
core   0: 0x800064ec (0x00006351) c.lui   t1, 0x14
core   0: 3 0x800064ec (0x6351) x 6 0x00014000
core   0: 0x800064ee (0x00001571) c.addi  a0, -4
core   0: 3 0x800064ee (0x1571) x10 0x00000004
core   0: 0x800064f0 (0x0000fd65) c.bnez  a0, pc - 8
core   0: 3 0x800064f0 (0xfd65)
core   0: 0x800064e8 (0x41b98833) sub     a6, s3, s11
core   0: 3 0x800064e8 (0x41b98833) x16 0x7fff9ae5
core   0: 0x800064ec (0x00006351) c.lui   t1, 0x14
core   0: 3 0x800064ec (0x6351) x 6 0x00014000
core   0: 0x800064ee (0x00001571) c.addi  a0, -4
core   0: 3 0x800064ee (0x1571) x10 0x00000000
core   0: 0x800064f0 (0x0000fd65) c.bnez  a0, pc - 8
core   0: 3 0x800064f0 (0xfd65)
core   0: 0x800064f2 (0xfed595e3) bne     a1, a3, pc - 22
core   0: 3 0x800064f2 (0xfed595e3)
core   0: 0x800064dc (0x00008c21) c.xor   s0, s0
core   0: 3 0x800064dc (0x8c21) x 8 0x00000000
core   0: 0x800064de (0x00000585) c.addi  a1, 1
core   0: 3 0x800064de (0x0585) x11 0x00000010
core   0: 0x800064e0 (0x00800513) li      a0, 8
core   0: 3 0x800064e0 (0x00800513) x10 0x00000008
core   0: 0x800064e4 (0x00006431) c.lui   s0, 0xc
core   0: 3 0x800064e4 (0x6431) x 8 0x0000c000
core   0: 0x800064e6 (0x00000001) c.nop
core   0: 3 0x800064e6 (0x0001)
core   0: 0x800064e8 (0x41b98833) sub     a6, s3, s11
core   0: 3 0x800064e8 (0x41b98833) x16 0x7fff9ae5
core   0: 0x800064ec (0x00006351) c.lui   t1, 0x14
core   0: 3 0x800064ec (0x6351) x 6 0x00014000
core   0: 0x800064ee (0x00001571) c.addi  a0, -4
core   0: 3 0x800064ee (0x1571) x10 0x00000004
core   0: 0x800064f0 (0x0000fd65) c.bnez  a0, pc - 8
core   0: 3 0x800064f0 (0xfd65)
core   0: 0x800064e8 (0x41b98833) sub     a6, s3, s11
core   0: 3 0x800064e8 (0x41b98833) x16 0x7fff9ae5
core   0: 0x800064ec (0x00006351) c.lui   t1, 0x14
core   0: 3 0x800064ec (0x6351) x 6 0x00014000
core   0: 0x800064ee (0x00001571) c.addi  a0, -4
core   0: 3 0x800064ee (0x1571) x10 0x00000000
core   0: 0x800064f0 (0x0000fd65) c.bnez  a0, pc - 8
core   0: 3 0x800064f0 (0xfd65)
core   0: 0x800064f2 (0xfed595e3) bne     a1, a3, pc - 22
core   0: 3 0x800064f2 (0xfed595e3)
core   0: 0x800064f6 (0x00000fba) c.slli  t6, 14
core   0: 3 0x800064f6 (0x0fba) x31 0x0004c000
core   0: 0x800064f8 (0xffc00493) li      s1, -4
core   0: 3 0x800064f8 (0xffc00493) x 9 0xfffffffc
core   0: 0x800064fc (0x00001518) c.addi4spn a4, sp, 672
core   0: 3 0x800064fc (0x1518) x14 0x80010acb
core   0: 0x800064fe (0x00000001) c.nop
core   0: 3 0x800064fe (0x0001)
core   0: 0x80006500 (0x00000001) c.nop
core   0: 3 0x80006500 (0x0001)
core   0: 0x80006502 (0x0148d2b3) srl     t0, a7, s4
core   0: 3 0x80006502 (0x0148d2b3) x 5 0x00000000
core   0: 0x80006506 (0x00000e8c) c.addi4spn a1, sp, 848
core   0: 3 0x80006506 (0x0e8c) x11 0x80010b7b
core   0: 0x80006508 (0x035bba33) mulhu   s4, s7, s5
core   0: 3 0x80006508 (0x035bba33) x20 0x00000000
core   0: 0x8000650c (0x00000001) c.nop
core   0: 3 0x8000650c (0x0001)
core   0: 0x8000650e (0x000081b5) c.srli  a1, 13
core   0: 3 0x8000650e (0x81b5) x11 0x00040008
core   0: 0x80006510 (0x027de733) rem     a4, s11, t2
core   0: 3 0x80006510 (0x027de733) x14 0x0000000b
core   0: 0x80006514 (0x0113d893) srli    a7, t2, 17
core   0: 3 0x80006514 (0x0113d893) x17 0x00000000
core   0: 0x80006518 (0x755ba0b7) lui     ra, 0x755ba
core   0: 3 0x80006518 (0x755ba0b7) x 1 0x755ba000
core   0: 0x8000651c (0x00c5ab33) slt     s6, a1, a2
core   0: 3 0x8000651c (0x00c5ab33) x22 0x00000000
core   0: 0x80006520 (0x01605db3) srl     s11, zero, s6
core   0: 3 0x80006520 (0x01605db3) x27 0x00000000
core   0: 0x80006524 (0x000086e1) c.srai  a3, 24
core   0: 3 0x80006524 (0x86e1) x13 0x00000000
core   0: 0x80006526 (0x01485513) srli    a0, a6, 20
core   0: 3 0x80006526 (0x01485513) x10 0x000007ff
core   0: 0x8000652a (0x00000485) c.addi  s1, 1
core   0: 3 0x8000652a (0x0485) x 9 0xfffffffd
core   0: 0x8000652c (0x0bc1c593) xori    a1, gp, 188
core   0: 3 0x8000652c (0x0bc1c593) x11 0x000000f4
core   0: 0x80006530 (0x0023b8b3) sltu    a7, t2, sp
core   0: 3 0x80006530 (0x0023b8b3) x17 0x00000001
core   0: 0x80006534 (0x0000fcf1) c.bnez  s1, pc - 36
core   0: 3 0x80006534 (0xfcf1)
core   0: 0x80006510 (0x027de733) rem     a4, s11, t2
core   0: 3 0x80006510 (0x027de733) x14 0x00000000
core   0: 0x80006514 (0x0113d893) srli    a7, t2, 17
core   0: 3 0x80006514 (0x0113d893) x17 0x00000000
core   0: 0x80006518 (0x755ba0b7) lui     ra, 0x755ba
core   0: 3 0x80006518 (0x755ba0b7) x 1 0x755ba000
core   0: 0x8000651c (0x00c5ab33) slt     s6, a1, a2
core   0: 3 0x8000651c (0x00c5ab33) x22 0x00000000
core   0: 0x80006520 (0x01605db3) srl     s11, zero, s6
core   0: 3 0x80006520 (0x01605db3) x27 0x00000000
core   0: 0x80006524 (0x000086e1) c.srai  a3, 24
core   0: 3 0x80006524 (0x86e1) x13 0x00000000
core   0: 0x80006526 (0x01485513) srli    a0, a6, 20
core   0: 3 0x80006526 (0x01485513) x10 0x000007ff
core   0: 0x8000652a (0x00000485) c.addi  s1, 1
core   0: 3 0x8000652a (0x0485) x 9 0xfffffffe
core   0: 0x8000652c (0x0bc1c593) xori    a1, gp, 188
core   0: 3 0x8000652c (0x0bc1c593) x11 0x000000f4
core   0: 0x80006530 (0x0023b8b3) sltu    a7, t2, sp
core   0: 3 0x80006530 (0x0023b8b3) x17 0x00000001
core   0: 0x80006534 (0x0000fcf1) c.bnez  s1, pc - 36
core   0: 3 0x80006534 (0xfcf1)
core   0: 0x80006510 (0x027de733) rem     a4, s11, t2
core   0: 3 0x80006510 (0x027de733) x14 0x00000000
core   0: 0x80006514 (0x0113d893) srli    a7, t2, 17
core   0: 3 0x80006514 (0x0113d893) x17 0x00000000
core   0: 0x80006518 (0x755ba0b7) lui     ra, 0x755ba
core   0: 3 0x80006518 (0x755ba0b7) x 1 0x755ba000
core   0: 0x8000651c (0x00c5ab33) slt     s6, a1, a2
core   0: 3 0x8000651c (0x00c5ab33) x22 0x00000000
core   0: 0x80006520 (0x01605db3) srl     s11, zero, s6
core   0: 3 0x80006520 (0x01605db3) x27 0x00000000
core   0: 0x80006524 (0x000086e1) c.srai  a3, 24
core   0: 3 0x80006524 (0x86e1) x13 0x00000000
core   0: 0x80006526 (0x01485513) srli    a0, a6, 20
core   0: 3 0x80006526 (0x01485513) x10 0x000007ff
core   0: 0x8000652a (0x00000485) c.addi  s1, 1
core   0: 3 0x8000652a (0x0485) x 9 0xffffffff
core   0: 0x8000652c (0x0bc1c593) xori    a1, gp, 188
core   0: 3 0x8000652c (0x0bc1c593) x11 0x000000f4
core   0: 0x80006530 (0x0023b8b3) sltu    a7, t2, sp
core   0: 3 0x80006530 (0x0023b8b3) x17 0x00000001
core   0: 0x80006534 (0x0000fcf1) c.bnez  s1, pc - 36
core   0: 3 0x80006534 (0xfcf1)
core   0: 0x80006510 (0x027de733) rem     a4, s11, t2
core   0: 3 0x80006510 (0x027de733) x14 0x00000000
core   0: 0x80006514 (0x0113d893) srli    a7, t2, 17
core   0: 3 0x80006514 (0x0113d893) x17 0x00000000
core   0: 0x80006518 (0x755ba0b7) lui     ra, 0x755ba
core   0: 3 0x80006518 (0x755ba0b7) x 1 0x755ba000
core   0: 0x8000651c (0x00c5ab33) slt     s6, a1, a2
core   0: 3 0x8000651c (0x00c5ab33) x22 0x00000000
core   0: 0x80006520 (0x01605db3) srl     s11, zero, s6
core   0: 3 0x80006520 (0x01605db3) x27 0x00000000
core   0: 0x80006524 (0x000086e1) c.srai  a3, 24
core   0: 3 0x80006524 (0x86e1) x13 0x00000000
core   0: 0x80006526 (0x01485513) srli    a0, a6, 20
core   0: 3 0x80006526 (0x01485513) x10 0x000007ff
core   0: 0x8000652a (0x00000485) c.addi  s1, 1
core   0: 3 0x8000652a (0x0485) x 9 0x00000000
core   0: 0x8000652c (0x0bc1c593) xori    a1, gp, 188
core   0: 3 0x8000652c (0x0bc1c593) x11 0x000000f4
core   0: 0x80006530 (0x0023b8b3) sltu    a7, t2, sp
core   0: 3 0x80006530 (0x0023b8b3) x17 0x00000001
core   0: 0x80006534 (0x0000fcf1) c.bnez  s1, pc - 36
core   0: 3 0x80006534 (0xfcf1)
core   0: 0x80006536 (0x004792b3) sll     t0, a5, tp
core   0: 3 0x80006536 (0x004792b3) x 5 0x800064ba
core   0: 0x8000653a (0x00000593) li      a1, 0
core   0: 3 0x8000653a (0x00000593) x11 0x00000000
core   0: 0x8000653e (0x00008616) c.mv    a2, t0
core   0: 3 0x8000653e (0x8616) x12 0x800064ba
core   0: 0x80006540 (0x00006a29) c.lui   s4, 0xa
core   0: 3 0x80006540 (0x6a29) x20 0x0000a000
core   0: 0x80006542 (0xdbf93913) sltiu   s2, s2, -577
core   0: 3 0x80006542 (0xdbf93913) x18 0x00000001
core   0: 0x80006546 (0x02f6c933) div     s2, a3, a5
core   0: 3 0x80006546 (0x02f6c933) x18 0x00000000
core   0: 0x8000654a (0x002b1413) slli    s0, s6, 2
core   0: 3 0x8000654a (0x002b1413) x 8 0x00000000
core   0: 0x8000654e (0x01131913) slli    s2, t1, 17
core   0: 3 0x8000654e (0x01131913) x18 0x80000000
core   0: 0x80006552 (0x000011fd) c.addi  gp, -1
core   0: 3 0x80006552 (0x11fd) x 3 0x00000047
core   0: 0x80006554 (0x00001794) c.addi4spn a3, sp, 992
core   0: 3 0x80006554 (0x1794) x13 0x80010c0b
core   0: 0x80006556 (0x00008559) c.srai  a0, 22
core   0: 3 0x80006556 (0x8559) x10 0x00000000
core   0: 0x80006558 (0x0000137d) c.addi  t1, -1
core   0: 3 0x80006558 (0x137d) x 6 0x00013fff
core   0: 0x8000655a (0x01000293) li      t0, 16
core   0: 3 0x8000655a (0x01000293) x 5 0x00000010
core   0: 0x8000655e (0x0000870e) c.mv    a4, gp
core   0: 3 0x8000655e (0x870e) x14 0x00000047
core   0: 0x80006560 (0x00008e4d) c.or    a2, a1
core   0: 3 0x80006560 (0x8e4d) x12 0x800064ba
core   0: 0x80006562 (0x03744633) div     a2, s0, s7
core   0: 3 0x80006562 (0x03744633) x12 0xffffffff
core   0: 0x80006566 (0x00000591) c.addi  a1, 4
core   0: 3 0x80006566 (0x0591) x11 0x00000004
core   0: 0x80006568 (0xbbc38d37) lui     s10, 0xbbc38
core   0: 3 0x80006568 (0xbbc38d37) x26 0xbbc38000
core   0: 0x8000656c (0x40c98633) sub     a2, s3, a2
core   0: 3 0x8000656c (0x40c98633) x12 0x7fff9afd
core   0: 0x80006570 (0x00008ca9) c.xor   s1, a0
core   0: 3 0x80006570 (0x8ca9) x 9 0x00000000
core   0: 0x80006572 (0xfe5588e3) beq     a1, t0, pc - 16
core   0: 3 0x80006572 (0xfe5588e3)
core   0: 0x80006576 (0x0339edb3) rem     s11, s3, s3
core   0: 3 0x80006576 (0x0339edb3) x27 0x00000000
core   0: 0x8000657a (0x0000a117) auipc   sp, 0xa
core   0: 3 0x8000657a (0x0000a117) x 2 0x8001057a
core   0: 0x8000657e (0xc0810113) addi    sp, sp, -1016
core   0: 3 0x8000657e (0xc0810113) x 2 0x80010182
core   0: 0x80006582 (0x000084a2) c.mv    s1, s0
core   0: 3 0x80006582 (0x84a2) x 9 0x00000000
core   0: 0x80006584 (0xfd615b83) lhu     s7, -42(sp)
core   0: 3 0x80006584 (0xfd615b83) x23 0x00001213 mem 0x80010158
core   0: 0x80006588 (0xfe314f83) lbu     t6, -29(sp)
core   0: 3 0x80006588 (0xfe314f83) x31 0x0000001e mem 0x80010165
core   0: 0x8000658c (0x00008cc1) c.or    s1, s0
core   0: 3 0x8000658c (0x8cc1) x 9 0x00000000
core   0: 0x8000658e (0x4dfa19b7) lui     s3, 0x4dfa1
core   0: 3 0x8000658e (0x4dfa19b7) x19 0x4dfa1000
core   0: 0x80006592 (0x01297933) and     s2, s2, s2
core   0: 3 0x80006592 (0x01297933) x18 0x80000000
core   0: 0x80006596 (0x01a15403) lhu     s0, 26(sp)
core   0: 3 0x80006596 (0x01a15403) x 8 0x00000000 mem 0x8001019c
core   0: 0x8000659a (0xff814303) lbu     t1, -8(sp)
core   0: 3 0x8000659a (0xff814303) x 6 0x00000031 mem 0x8001017a
core   0: 0x8000659e (0x01276033) or      zero, a4, s2
core   0: 3 0x8000659e (0x01276033)
core   0: 0x800065a2 (0x029108a3) sb      s1, 49(sp)
core   0: 3 0x800065a2 (0x029108a3) mem 0x800101b3 0x0
core   0: 0x800065a6 (0x00320a33) add     s4, tp, gp
core   0: 3 0x800065a6 (0x00320a33) x20 0x80000047
core   0: 0x800065aa (0xfee15283) lhu     t0, -18(sp)
core   0: 3 0x800065aa (0xfee15283) x 5 0x00002a2b mem 0x80010170
core   0: 0x800065ae (0xff812523) sw      s8, -22(sp)
core   0: 3 0x800065ae (0xff812523) mem 0x8001016c 0x00000000
core   0: 0x800065b2 (0xffc11383) lh      t2, -4(sp)
core   0: 3 0x800065b2 (0xffc11383) x 7 0x00003435 mem 0x8001017e
core   0: 0x800065b6 (0x0279ff33) remu    t5, s3, t2
core   0: 3 0x800065b6 (0x0279ff33) x30 0x000002bf
core   0: 0x800065ba (0x00d12323) sw      a3, 6(sp)
core   0: 3 0x800065ba (0x00d12323) mem 0x80010188 0x80010c0b
core   0: 0x800065be (0x023d35b3) mulhu   a1, s10, gp
core   0: 3 0x800065be (0x023d35b3) x11 0x00000034
core   0: 0x800065c2 (0x03e2ef33) rem     t5, t0, t5
core   0: 3 0x800065c2 (0x03e2ef33) x30 0x000000fa
core   0: 0x800065c6 (0x02322433) mulhsu  s0, tp, gp
core   0: 3 0x800065c6 (0x02322433) x 8 0xffffffdc
core   0: 0x800065ca (0x00f4a733) slt     a4, s1, a5
core   0: 3 0x800065ca (0x00f4a733) x14 0x00000000
core   0: 0x800065ce (0x033e4d33) div     s10, t3, s3
core   0: 3 0x800065ce (0x033e4d33) x26 0x00000000
core   0: 0x800065d2 (0x00008255) c.srli  a2, 21
core   0: 3 0x800065d2 (0x8255) x12 0x000003ff
core   0: 0x800065d4 (0xfc814b83) lbu     s7, -56(sp)
core   0: 3 0x800065d4 (0xfc814b83) x23 0x00000001 mem 0x8001014a
core   0: 0x800065d8 (0x0240076f) jal     a4, pc + 0x24
core   0: 3 0x800065d8 (0x0240076f) x14 0x800065dc
core   0: 0x800065fc (0x0060036f) jal     t1, pc + 0x6
core   0: 3 0x800065fc (0x0060036f) x 6 0x80006600
core   0: 0x80006602 (0x00003fe9) c.jal   pc - 38
core   0: 3 0x80006602 (0x3fe9) x 1 0x80006604
core   0: 0x800065dc (0x0000a809) c.j     pc + 18
core   0: 3 0x800065dc (0xa809)
core   0: 0x800065ee (0xff9ff0ef) jal     pc - 0x8
core   0: 3 0x800065ee (0xff9ff0ef) x 1 0x800065f2
core   0: 0x800065e6 (0x0000a009) c.j     pc + 2
core   0: 3 0x800065e6 (0xa009)
core   0: 0x800065e8 (0x00400e6f) jal     t3, pc + 0x4
core   0: 3 0x800065e8 (0x00400e6f) x28 0x800065ec
core   0: 0x800065ec (0x00003fdd) c.jal   pc - 10
core   0: 3 0x800065ec (0x3fdd) x 1 0x800065ee
core   0: 0x800065e2 (0x00003ffd) c.jal   pc - 2
core   0: 3 0x800065e2 (0x3ffd) x 1 0x800065e4
core   0: 0x800065e0 (0x0000a829) c.j     pc + 26
core   0: 3 0x800065e0 (0xa829)
core   0: 0x800065fa (0x0000a029) c.j     pc + 10
core   0: 3 0x800065fa (0xa029)
core   0: 0x80006604 (0x0000a019) c.j     pc + 6
core   0: 3 0x80006604 (0xa019)
core   0: 0x8000660a (0x00003fdd) c.jal   pc - 10
core   0: 3 0x8000660a (0x3fdd) x 1 0x8000660c
core   0: 0x80006600 (0x00003fe5) c.jal   pc - 8
core   0: 3 0x80006600 (0x3fe5) x 1 0x80006602
core   0: 0x800065f8 (0x0000a811) c.j     pc + 20
core   0: 3 0x800065f8 (0xa811)
core   0: 0x8000660c (0x000037dd) c.jal   pc - 26
core   0: 3 0x8000660c (0x37dd) x 1 0x8000660e
core   0: 0x800065f2 (0x000037f5) c.jal   pc - 20
core   0: 3 0x800065f2 (0x37f5) x 1 0x800065f4
core   0: 0x800065de (0x00002019) c.jal   pc + 6
core   0: 3 0x800065de (0x2019) x 1 0x800065e0
core   0: 0x800065e4 (0x0000200d) c.jal   pc + 34
core   0: 3 0x800065e4 (0x200d) x 1 0x800065e6
core   0: 0x80006606 (0xfefff0ef) jal     pc - 0x12
core   0: 3 0x80006606 (0xfefff0ef) x 1 0x8000660a
core   0: 0x800065f4 (0x01a000ef) jal     pc + 0x1a
core   0: 3 0x800065f4 (0x01a000ef) x 1 0x800065f8
core   0: 0x8000660e (0x00c05297) auipc   t0, 0xc05
core   0: 3 0x8000660e (0x00c05297) x 5 0x80c0b60e
core   0: 0x80006612 (0x00012617) auipc   a2, 0x12
core   0: 3 0x80006612 (0x00012617) x12 0x80018612
core   0: 0x80006616 (0xd7b60613) addi    a2, a2, -645
core   0: 3 0x80006616 (0xd7b60613) x12 0x8001838d
core   0: 0x8000661a (0x00014b17) auipc   s6, 0x14
core   0: 3 0x8000661a (0x00014b17) x22 0x8001a61a
core   0: 0x8000661e (0x592b0b13) addi    s6, s6, 1426
core   0: 3 0x8000661e (0x592b0b13) x22 0x8001abac
core   0: 0x80006622 (0x01860523) sb      s8, 10(a2)
core   0: 3 0x80006622 (0x01860523) mem 0x80018397 0x0
core   0: 0x80006626 (0xfe4b5703) lhu     a4, -28(s6)
core   0: 3 0x80006626 (0xfe4b5703) x14 0x00004a4b mem 0x8001ab90
core   0: 0x8000662a (0x00017a17) auipc   s4, 0x17
core   0: 3 0x8000662a (0x00017a17) x20 0x8001d62a
core   0: 0x8000662e (0x994a0a13) addi    s4, s4, -1644
core   0: 3 0x8000662e (0x994a0a13) x20 0x8001cfbe
core   0: 0x80006632 (0xfc5b0ba3) sb      t0, -41(s6)
core   0: 3 0x80006632 (0xfc5b0ba3) mem 0x8001ab83 0xe
core   0: 0x80006636 (0x0000f797) auipc   a5, 0xf
core   0: 3 0x80006636 (0x0000f797) x15 0x80015636
core   0: 0x8000663a (0x7b078793) addi    a5, a5, 1968
core   0: 3 0x8000663a (0x7b078793) x15 0x80015de6
core   0: 0x8000663e (0x3917c803) lbu     a6, 913(a5)
core   0: 3 0x8000663e (0x3917c803) x16 0x0000002c mem 0x80016177
core   0: 0x80006642 (0x03bb0f23) sb      s11, 62(s6)
core   0: 3 0x80006642 (0x03bb0f23) mem 0x8001abea 0x0
core   0: 0x80006646 (0x00764483) lbu     s1, 7(a2)
core   0: 3 0x80006646 (0x00764483) x 9 0x0000004f mem 0x80018394
core   0: 0x8000664a (0x013b0003) lb      zero, 19(s6)
core   0: 3 0x8000664a (0x013b0003) mem 0x8001abbf
core   0: 0x8000664e (0xebda0aa3) sb      t4, -331(s4)
core   0: 3 0x8000664e (0xebda0aa3) mem 0x8001ce73 0x0
core   0: 0x80006652 (0xffb61f83) lh      t6, -5(a2)
core   0: 3 0x80006652 (0xffb61f83) x31 0x00004243 mem 0x80018388
core   0: 0x80006656 (0xfdeb08a3) sb      t5, -47(s6)
core   0: 3 0x80006656 (0xfdeb08a3) mem 0x8001ab7d 0xfa
core   0: 0x8000665a (0x240a1503) lh      a0, 576(s4)
core   0: 3 0x8000665a (0x240a1503) x10 0xffffb4b5 mem 0x8001d1fe
core   0: 0x8000665e (0xcf8a08a3) sb      s8, -783(s4)
core   0: 3 0x8000665e (0xcf8a08a3) mem 0x8001ccaf 0x0
core   0: 0x80006662 (0xaf778f23) sb      s7, -1282(a5)
core   0: 3 0x80006662 (0xaf778f23) mem 0x800158e4 0x1
core   0: 0x80006666 (0xfd0b0923) sb      a6, -46(s6)
core   0: 3 0x80006666 (0xfd0b0923) mem 0x8001ab7e 0x2c
core   0: 0x8000666a (0xb70a1923) sh      a6, -1166(s4)
core   0: 3 0x8000666a (0xb70a1923) mem 0x8001cb30 0x002c
core   0: 0x8000666e (0x00565c03) lhu     s8, 5(a2)
core   0: 3 0x8000666e (0x00565c03) x24 0x00004849 mem 0x80018392
core   0: 0x80006672 (0x19479583) lh      a1, 404(a5)
core   0: 3 0x80006672 (0x19479583) x11 0x00003031 mem 0x80015f7a
core   0: 0x80006676 (0xfe1b0e83) lb      t4, -31(s6)
core   0: 3 0x80006676 (0xfe1b0e83) x29 0x00000046 mem 0x8001ab8d
core   0: 0x8000667a (0xdeba0883) lb      a7, -533(s4)
core   0: 3 0x8000667a (0xdeba0883) x17 0x00000062 mem 0x8001cda9
core   0: 0x8000667e (0xbc8a1703) lh      a4, -1080(s4)
core   0: 3 0x8000667e (0xbc8a1703) x14 0x00003c3d mem 0x8001cb86
core   0: 0x80006682 (0x024b1523) sh      tp, 42(s6)
core   0: 3 0x80006682 (0x024b1523) mem 0x8001abd6 0x0000
core   0: 0x80006686 (0x0007c883) lbu     a7, 0(a5)
core   0: 3 0x80006686 (0x0007c883) x17 0x0000009d mem 0x80015de6
core   0: 0x8000668a (0x040b4d83) lbu     s11, 64(s6)
core   0: 3 0x8000668a (0x040b4d83) x27 0x000000a7 mem 0x8001abec
core   0: 0x8000668e (0x3fba0ca3) sb      s11, 1017(s4)
core   0: 3 0x8000668e (0x3fba0ca3) mem 0x8001d3b7 0xa7
core   0: 0x80006692 (0xe24a0323) sb      tp, -474(s4)
core   0: 3 0x80006692 (0xe24a0323) mem 0x8001cde4 0x0
core   0: 0x80006696 (0xff6b2823) sw      s6, -16(s6)
core   0: 3 0x80006696 (0xff6b2823) mem 0x8001ab9c 0x8001abac
core   0: 0x8000669a (0x00564403) lbu     s0, 5(a2)
core   0: 3 0x8000669a (0x00564403) x 8 0x00000049 mem 0x80018392
core   0: 0x8000669e (0x312a0aa3) sb      s2, 789(s4)
core   0: 3 0x8000669e (0x312a0aa3) mem 0x8001d2d3 0x0
core   0: 0x800066a2 (0x4f678fa3) sb      s6, 1279(a5)
core   0: 3 0x800066a2 (0x4f678fa3) mem 0x800162e5 0xac
core   0: 0x800066a6 (0x0000a117) auipc   sp, 0xa
core   0: 3 0x800066a6 (0x0000a117) x 2 0x800106a6
core   0: 0x800066aa (0x36010113) addi    sp, sp, 864
core   0: 3 0x800066aa (0x36010113) x 2 0x80010a06
core   0: 0x800066ae (0x0398bbb3) mulhu   s7, a7, s9
core   0: 3 0x800066ae (0x0398bbb3) x23 0x0000004e
core   0: 0x800066b2 (0x8a814b03) lbu     s6, -1880(sp)
core   0: 3 0x800066b2 (0x8a814b03) x22 0x00000065 mem 0x800102ae
core   0: 0x800066b6 (0x90310e13) addi    t3, sp, -1789
core   0: 3 0x800066b6 (0x90310e13) x28 0x80010309
core   0: 0x800066ba (0x023d6633) rem     a2, s10, gp
core   0: 3 0x800066ba (0x023d6633) x12 0x00000000
core   0: 0x800066be (0x51fc0413) addi    s0, s8, 1311
core   0: 3 0x800066be (0x51fc0413) x 8 0x00004d68
core   0: 0x800066c2 (0x95f1f037) lui     zero, 0x95f1f
core   0: 3 0x800066c2 (0x95f1f037)
core   0: 0x800066c6 (0x3ec10503) lb      a0, 1004(sp)
core   0: 3 0x800066c6 (0x3ec10503) x10 0xffffffa9 mem 0x80010df2
core   0: 0x800066ca (0x00c7b3b3) sltu    t2, a5, a2
core   0: 3 0x800066ca (0x00c7b3b3) x 7 0x00000000
core   0: 0x800066ce (0x01e48433) add     s0, s1, t5
core   0: 3 0x800066ce (0x01e48433) x 8 0x00000149
core   0: 0x800066d2 (0x01d14503) lbu     a0, 29(sp)
core   0: 3 0x800066d2 (0x01d14503) x10 0x00000000 mem 0x80010a23
core   0: 0x800066d6 (0x0098d693) srli    a3, a7, 9
core   0: 3 0x800066d6 (0x0098d693) x13 0x00000000
core   0: 0x800066da (0x000000b5) c.addi  ra, 13
core   0: 3 0x800066da (0x00b5) x 1 0x80006605
core   0: 0x800066dc (0x0377efb3) rem     t6, a5, s7
core   0: 3 0x800066dc (0x0377efb3) x31 0xffffffec
core   0: 0x800066e0 (0x000069e1) c.lui   s3, 0x18
core   0: 3 0x800066e0 (0x69e1) x19 0x00018000
core   0: 0x800066e2 (0x03691633) mulh    a2, s2, s6
core   0: 3 0x800066e2 (0x03691633) x12 0xffffffcd
core   0: 0x800066e6 (0x2f88bb93) sltiu   s7, a7, 760
core   0: 3 0x800066e6 (0x2f88bb93) x23 0x00000001
core   0: 0x800066ea (0x00008dbd) c.xor   a1, a5
core   0: 3 0x800066ea (0x8dbd) x11 0x80016dd7
core   0: 0x800066ec (0x51d14583) lbu     a1, 1309(sp)
core   0: 3 0x800066ec (0x51d14583) x11 0x000000d8 mem 0x80010f23
core   0: 0x800066f0 (0x0124a7b3) slt     a5, s1, s2
core   0: 3 0x800066f0 (0x0124a7b3) x15 0x00000000
core   0: 0x800066f4 (0x00009576) c.add   a0, t4
core   0: 3 0x800066f4 (0x9576) x10 0x00000046
core   0: 0x800066f6 (0x59d105a3) sb      t4, 1419(sp)
core   0: 3 0x800066f6 (0x59d105a3) mem 0x80010f91 0x46
core   0: 0x800066fa (0xc6e11023) sh      a4, -928(sp)
core   0: 3 0x800066fa (0xc6e11023) mem 0x80010666 0x3c3d
core   0: 0x800066fe (0x02979eb3) mulh    t4, a5, s1
core   0: 3 0x800066fe (0x02979eb3) x29 0x00000000
core   0: 0x80006702 (0x006a2bb3) slt     s7, s4, t1
core   0: 3 0x80006702 (0x006a2bb3) x23 0x00000000
core   0: 0x80006706 (0xa8014803) lbu     a6, -1408(sp)
core   0: 3 0x80006706 (0xa8014803) x16 0x0000003d mem 0x80010486
core   0: 0x8000670a (0xd33d0293) addi    t0, s10, -717
core   0: 3 0x8000670a (0xd33d0293) x 5 0xfffffd33
core   0: 0x8000670e (0x4ff94993) xori    s3, s2, 1279
core   0: 3 0x8000670e (0x4ff94993) x19 0x800004ff
core   0: 0x80006712 (0x03be8733) mul     a4, t4, s11
core   0: 3 0x80006712 (0x03be8733) x14 0x00000000
core   0: 0x80006716 (0x00008fd1) c.or    a5, a2
core   0: 3 0x80006716 (0x8fd1) x15 0xffffffcd
core   0: 0x80006718 (0x85011f03) lh      t5, -1968(sp)
core   0: 3 0x80006718 (0x85011f03) x30 0x00000c0d mem 0x80010256
core   0: 0x8000671c (0x00008ce5) c.and   s1, s1
core   0: 3 0x8000671c (0x8ce5) x 9 0x0000004f
core   0: 0x8000671e (0xafb10583) lb      a1, -1285(sp)
core   0: 3 0x8000671e (0xafb10583) x11 0x00000000 mem 0x80010501
core   0: 0x80006722 (0xc3b10593) addi    a1, sp, -965
core   0: 3 0x80006722 (0xc3b10593) x11 0x80010641
core   0: 0x80006726 (0x03b876b3) remu    a3, a6, s11
core   0: 3 0x80006726 (0x03b876b3) x13 0x0000003d
core   0: 0x8000672a (0x0f310083) lb      ra, 243(sp)
core   0: 3 0x8000672a (0x0f310083) x 1 0xffffffb2 mem 0x80010af9
core   0: 0x8000672e (0x0000ab17) auipc   s6, 0xa
core   0: 3 0x8000672e (0x0000ab17) x22 0x8001072e
core   0: 0x80006732 (0x0c6b0b13) addi    s6, s6, 198
core   0: 3 0x80006732 (0x0c6b0b13) x22 0x800107f4
core   0: 0x80006736 (0x0000bb97) auipc   s7, 0xb
core   0: 3 0x80006736 (0x0000bb97) x23 0x80011736
core   0: 0x8000673a (0x8f4b8b93) addi    s7, s7, -1804
core   0: 3 0x8000673a (0x8f4b8b93) x23 0x8001102a
core   0: 0x8000673e (0x0000a397) auipc   t2, 0xa
core   0: 3 0x8000673e (0x0000a397) x 7 0x8001073e
core   0: 0x80006742 (0x5d638393) addi    t2, t2, 1494
core   0: 3 0x80006742 (0x5d638393) x 7 0x80010d14
core   0: 0x80006746 (0xd6cb2003) lw      zero, -660(s6)
core   0: 3 0x80006746 (0xd6cb2003) mem 0x80010560
core   0: 0x8000674a (0xfecb9583) lh      a1, -20(s7)
core   0: 3 0x8000674a (0xfecb9583) x11 0xffffcccd mem 0x80011016
core   0: 0x8000674e (0x08438923) sb      tp, 146(t2)
core   0: 3 0x8000674e (0x08438923) mem 0x80010da6 0x0
core   0: 0x80006752 (0xbe1b0603) lb      a2, -1055(s6)
core   0: 3 0x80006752 (0xbe1b0603) x12 0xffffff8e mem 0x800103d5
core   0: 0x80006756 (0x0743c983) lbu     s3, 116(t2)
core   0: 3 0x80006756 (0x0743c983) x19 0x00000043 mem 0x80010d88
core   0: 0x8000675a (0xe56b1903) lh      s2, -426(s6)
core   0: 3 0x8000675a (0xe56b1903) x18 0x00000001 mem 0x8001064a
core   0: 0x8000675e (0x28cb02a3) sb      a2, 645(s6)
core   0: 3 0x8000675e (0x28cb02a3) mem 0x80010a79 0x8e
core   0: 0x80006762 (0xfebbc703) lbu     a4, -21(s7)
core   0: 3 0x80006762 (0xfebbc703) x14 0x000000ce mem 0x80011015
core   0: 0x80006766 (0xfd639a03) lh      s4, -42(t2)
core   0: 3 0x80006766 (0xfd639a03) x20 0xffffa0a1 mem 0x80010cea
core   0: 0x8000676a (0xcddb0fa3) sb      t4, -801(s6)
core   0: 3 0x8000676a (0xcddb0fa3) mem 0x800104d3 0x0
core   0: 0x8000676e (0x92eb0ba3) sb      a4, -1737(s6)
core   0: 3 0x8000676e (0x92eb0ba3) mem 0x8001012b 0xce
core   0: 0x80006772 (0xf92b88a3) sb      s2, -111(s7)
core   0: 3 0x80006772 (0xf92b88a3) mem 0x80010fbb 0x1
core   0: 0x80006776 (0xfcbbca03) lbu     s4, -53(s7)
core   0: 3 0x80006776 (0xfcbbca03) x20 0x000000ae mem 0x80010ff5
core   0: 0x8000677a (0x678b0b23) sb      s8, 1654(s6)
core   0: 3 0x8000677a (0x678b0b23) mem 0x80010e6a 0x49
core   0: 0x8000677e (0xf20bca03) lbu     s4, -224(s7)
core   0: 3 0x8000677e (0xf20bca03) x20 0x00000001 mem 0x80010f4a
core   0: 0x80006782 (0x0a038803) lb      a6, 160(t2)
core   0: 3 0x80006782 (0x0a038803) x16 0x0000006f mem 0x80010db4
core   0: 0x80006786 (0x0193c483) lbu     s1, 25(t2)
core   0: 3 0x80006786 (0x0193c483) x 9 0x000000e6 mem 0x80010d2d
core   0: 0x8000678a (0x454b0123) sb      s4, 1090(s6)
core   0: 3 0x8000678a (0x454b0123) mem 0x80010c36 0x1
core   0: 0x8000678e (0xff3bc283) lbu     t0, -13(s7)
core   0: 3 0x8000678e (0xff3bc283) x 5 0x000000d6 mem 0x8001101d
core   0: 0x80006792 (0x0300076f) jal     a4, pc + 0x30
core   0: 3 0x80006792 (0x0300076f) x14 0x80006796
core   0: 0x800067c2 (0xfedff4ef) jal     s1, pc - 0x14
core   0: 3 0x800067c2 (0xfedff4ef) x 9 0x800067c6
core   0: 0x800067ae (0x0000b7f5) c.j     pc - 20
core   0: 3 0x800067ae (0xb7f5)
core   0: 0x8000679a (0x0000a029) c.j     pc + 10
core   0: 3 0x8000679a (0xa029)
core   0: 0x800067a4 (0x00002831) c.jal   pc + 28
core   0: 3 0x800067a4 (0x2831) x 1 0x800067a6
core   0: 0x800067c0 (0x00003fd9) c.jal   pc - 42
core   0: 3 0x800067c0 (0x3fd9) x 1 0x800067c2
core   0: 0x80006796 (0x0100036f) jal     t1, pc + 0x10
core   0: 3 0x80006796 (0x0100036f) x 6 0x8000679a
core   0: 0x800067a6 (0x00002809) c.jal   pc + 18
core   0: 3 0x800067a6 (0x2809) x 1 0x800067a8
core   0: 0x800067b8 (0xff3ff0ef) jal     pc - 0xe
core   0: 3 0x800067b8 (0xff3ff0ef) x 1 0x800067bc
core   0: 0x800067aa (0x00002009) c.jal   pc + 2
core   0: 3 0x800067aa (0x2009) x 1 0x800067ac
core   0: 0x800067ac (0x00002019) c.jal   pc + 6
core   0: 3 0x800067ac (0x2019) x 1 0x800067ae
core   0: 0x800067b2 (0xff7fffef) jal     t6, pc - 0xa
core   0: 3 0x800067b2 (0xff7fffef) x31 0x800067b6
core   0: 0x800067a8 (0x00003fe5) c.jal   pc - 8
core   0: 3 0x800067a8 (0x3fe5) x 1 0x800067aa
core   0: 0x800067a0 (0x00002801) c.jal   pc + 16
core   0: 3 0x800067a0 (0x2801) x 1 0x800067a2
core   0: 0x800067b0 (0x00002031) c.jal   pc + 12
core   0: 3 0x800067b0 (0x2031) x 1 0x800067b2
core   0: 0x800067bc (0xfe7ff2ef) jal     t0, pc - 0x1a
core   0: 3 0x800067bc (0xfe7ff2ef) x 5 0x800067c0
core   0: 0x800067a2 (0x0000bfed) c.j     pc - 6
core   0: 3 0x800067a2 (0xbfed)
core   0: 0x8000679c (0x00002009) c.jal   pc + 2
core   0: 3 0x8000679c (0x2009) x 1 0x8000679e
core   0: 0x8000679e (0x0000a821) c.j     pc + 24
core   0: 3 0x8000679e (0xa821)
core   0: 0x800067b6 (0x0000a801) c.j     pc + 16
core   0: 3 0x800067b6 (0xa801)
core   0: 0x800067c6 (0x7a0ac193) xori    gp, s5, 1952
core   0: 3 0x800067c6 (0x7a0ac193) x 3 0x80029b44
core   0: 0x800067ca (0x00800d13) li      s10, 8
core   0: 3 0x800067ca (0x00800d13) x26 0x00000008
core   0: 0x800067ce (0x01772633) slt     a2, a4, s7
core   0: 3 0x800067ce (0x01772633) x12 0x00000001
core   0: 0x800067d2 (0x01200393) li      t2, 18
core   0: 3 0x800067d2 (0x01200393) x 7 0x00000012
core   0: 0x800067d6 (0x03640133) mul     sp, s0, s6
core   0: 3 0x800067d6 (0x03640133) x 2 0x81533894
core   0: 0x800067da (0x00001a33) sll     s4, zero, zero
core   0: 3 0x800067da (0x00001a33) x20 0x00000000
core   0: 0x800067de (0x00000d05) c.addi  s10, 1
core   0: 3 0x800067de (0x0d05) x26 0x00000009
core   0: 0x800067e0 (0x0178f633) and     a2, a7, s7
core   0: 3 0x800067e0 (0x0178f633) x12 0x00000008
core   0: 0x800067e4 (0x0174a0b3) slt     ra, s1, s7
core   0: 3 0x800067e4 (0x0174a0b3) x 1 0x00000001
core   0: 0x800067e8 (0x00008fb1) c.xor   a5, a2
core   0: 3 0x800067e8 (0x8fb1) x15 0xffffffc5
core   0: 0x800067ea (0xfe7d16e3) bne     s10, t2, pc - 20
core   0: 3 0x800067ea (0xfe7d16e3)
core   0: 0x800067d6 (0x03640133) mul     sp, s0, s6
core   0: 3 0x800067d6 (0x03640133) x 2 0x81533894
core   0: 0x800067da (0x00001a33) sll     s4, zero, zero
core   0: 3 0x800067da (0x00001a33) x20 0x00000000
core   0: 0x800067de (0x00000d05) c.addi  s10, 1
core   0: 3 0x800067de (0x0d05) x26 0x0000000a
core   0: 0x800067e0 (0x0178f633) and     a2, a7, s7
core   0: 3 0x800067e0 (0x0178f633) x12 0x00000008
core   0: 0x800067e4 (0x0174a0b3) slt     ra, s1, s7
core   0: 3 0x800067e4 (0x0174a0b3) x 1 0x00000001
core   0: 0x800067e8 (0x00008fb1) c.xor   a5, a2
core   0: 3 0x800067e8 (0x8fb1) x15 0xffffffcd
core   0: 0x800067ea (0xfe7d16e3) bne     s10, t2, pc - 20
core   0: 3 0x800067ea (0xfe7d16e3)
core   0: 0x800067d6 (0x03640133) mul     sp, s0, s6
core   0: 3 0x800067d6 (0x03640133) x 2 0x81533894
core   0: 0x800067da (0x00001a33) sll     s4, zero, zero
core   0: 3 0x800067da (0x00001a33) x20 0x00000000
core   0: 0x800067de (0x00000d05) c.addi  s10, 1
core   0: 3 0x800067de (0x0d05) x26 0x0000000b
core   0: 0x800067e0 (0x0178f633) and     a2, a7, s7
core   0: 3 0x800067e0 (0x0178f633) x12 0x00000008
core   0: 0x800067e4 (0x0174a0b3) slt     ra, s1, s7
core   0: 3 0x800067e4 (0x0174a0b3) x 1 0x00000001
core   0: 0x800067e8 (0x00008fb1) c.xor   a5, a2
core   0: 3 0x800067e8 (0x8fb1) x15 0xffffffc5
core   0: 0x800067ea (0xfe7d16e3) bne     s10, t2, pc - 20
core   0: 3 0x800067ea (0xfe7d16e3)
core   0: 0x800067d6 (0x03640133) mul     sp, s0, s6
core   0: 3 0x800067d6 (0x03640133) x 2 0x81533894
core   0: 0x800067da (0x00001a33) sll     s4, zero, zero
core   0: 3 0x800067da (0x00001a33) x20 0x00000000
core   0: 0x800067de (0x00000d05) c.addi  s10, 1
core   0: 3 0x800067de (0x0d05) x26 0x0000000c
core   0: 0x800067e0 (0x0178f633) and     a2, a7, s7
core   0: 3 0x800067e0 (0x0178f633) x12 0x00000008
core   0: 0x800067e4 (0x0174a0b3) slt     ra, s1, s7
core   0: 3 0x800067e4 (0x0174a0b3) x 1 0x00000001
core   0: 0x800067e8 (0x00008fb1) c.xor   a5, a2
core   0: 3 0x800067e8 (0x8fb1) x15 0xffffffcd
core   0: 0x800067ea (0xfe7d16e3) bne     s10, t2, pc - 20
core   0: 3 0x800067ea (0xfe7d16e3)
core   0: 0x800067d6 (0x03640133) mul     sp, s0, s6
core   0: 3 0x800067d6 (0x03640133) x 2 0x81533894
core   0: 0x800067da (0x00001a33) sll     s4, zero, zero
core   0: 3 0x800067da (0x00001a33) x20 0x00000000
core   0: 0x800067de (0x00000d05) c.addi  s10, 1
core   0: 3 0x800067de (0x0d05) x26 0x0000000d
core   0: 0x800067e0 (0x0178f633) and     a2, a7, s7
core   0: 3 0x800067e0 (0x0178f633) x12 0x00000008
core   0: 0x800067e4 (0x0174a0b3) slt     ra, s1, s7
core   0: 3 0x800067e4 (0x0174a0b3) x 1 0x00000001
core   0: 0x800067e8 (0x00008fb1) c.xor   a5, a2
core   0: 3 0x800067e8 (0x8fb1) x15 0xffffffc5
core   0: 0x800067ea (0xfe7d16e3) bne     s10, t2, pc - 20
core   0: 3 0x800067ea (0xfe7d16e3)
core   0: 0x800067d6 (0x03640133) mul     sp, s0, s6
core   0: 3 0x800067d6 (0x03640133) x 2 0x81533894
core   0: 0x800067da (0x00001a33) sll     s4, zero, zero
core   0: 3 0x800067da (0x00001a33) x20 0x00000000
core   0: 0x800067de (0x00000d05) c.addi  s10, 1
core   0: 3 0x800067de (0x0d05) x26 0x0000000e
core   0: 0x800067e0 (0x0178f633) and     a2, a7, s7
core   0: 3 0x800067e0 (0x0178f633) x12 0x00000008
core   0: 0x800067e4 (0x0174a0b3) slt     ra, s1, s7
core   0: 3 0x800067e4 (0x0174a0b3) x 1 0x00000001
core   0: 0x800067e8 (0x00008fb1) c.xor   a5, a2
core   0: 3 0x800067e8 (0x8fb1) x15 0xffffffcd
core   0: 0x800067ea (0xfe7d16e3) bne     s10, t2, pc - 20
core   0: 3 0x800067ea (0xfe7d16e3)
core   0: 0x800067d6 (0x03640133) mul     sp, s0, s6
core   0: 3 0x800067d6 (0x03640133) x 2 0x81533894
core   0: 0x800067da (0x00001a33) sll     s4, zero, zero
core   0: 3 0x800067da (0x00001a33) x20 0x00000000
core   0: 0x800067de (0x00000d05) c.addi  s10, 1
core   0: 3 0x800067de (0x0d05) x26 0x0000000f
core   0: 0x800067e0 (0x0178f633) and     a2, a7, s7
core   0: 3 0x800067e0 (0x0178f633) x12 0x00000008
core   0: 0x800067e4 (0x0174a0b3) slt     ra, s1, s7
core   0: 3 0x800067e4 (0x0174a0b3) x 1 0x00000001
core   0: 0x800067e8 (0x00008fb1) c.xor   a5, a2
core   0: 3 0x800067e8 (0x8fb1) x15 0xffffffc5
core   0: 0x800067ea (0xfe7d16e3) bne     s10, t2, pc - 20
core   0: 3 0x800067ea (0xfe7d16e3)
core   0: 0x800067d6 (0x03640133) mul     sp, s0, s6
core   0: 3 0x800067d6 (0x03640133) x 2 0x81533894
core   0: 0x800067da (0x00001a33) sll     s4, zero, zero
core   0: 3 0x800067da (0x00001a33) x20 0x00000000
core   0: 0x800067de (0x00000d05) c.addi  s10, 1
core   0: 3 0x800067de (0x0d05) x26 0x00000010
core   0: 0x800067e0 (0x0178f633) and     a2, a7, s7
core   0: 3 0x800067e0 (0x0178f633) x12 0x00000008
core   0: 0x800067e4 (0x0174a0b3) slt     ra, s1, s7
core   0: 3 0x800067e4 (0x0174a0b3) x 1 0x00000001
core   0: 0x800067e8 (0x00008fb1) c.xor   a5, a2
core   0: 3 0x800067e8 (0x8fb1) x15 0xffffffcd
core   0: 0x800067ea (0xfe7d16e3) bne     s10, t2, pc - 20
core   0: 3 0x800067ea (0xfe7d16e3)
core   0: 0x800067d6 (0x03640133) mul     sp, s0, s6
core   0: 3 0x800067d6 (0x03640133) x 2 0x81533894
core   0: 0x800067da (0x00001a33) sll     s4, zero, zero
core   0: 3 0x800067da (0x00001a33) x20 0x00000000
core   0: 0x800067de (0x00000d05) c.addi  s10, 1
core   0: 3 0x800067de (0x0d05) x26 0x00000011
core   0: 0x800067e0 (0x0178f633) and     a2, a7, s7
core   0: 3 0x800067e0 (0x0178f633) x12 0x00000008
core   0: 0x800067e4 (0x0174a0b3) slt     ra, s1, s7
core   0: 3 0x800067e4 (0x0174a0b3) x 1 0x00000001
core   0: 0x800067e8 (0x00008fb1) c.xor   a5, a2
core   0: 3 0x800067e8 (0x8fb1) x15 0xffffffc5
core   0: 0x800067ea (0xfe7d16e3) bne     s10, t2, pc - 20
core   0: 3 0x800067ea (0xfe7d16e3)
core   0: 0x800067d6 (0x03640133) mul     sp, s0, s6
core   0: 3 0x800067d6 (0x03640133) x 2 0x81533894
core   0: 0x800067da (0x00001a33) sll     s4, zero, zero
core   0: 3 0x800067da (0x00001a33) x20 0x00000000
core   0: 0x800067de (0x00000d05) c.addi  s10, 1
core   0: 3 0x800067de (0x0d05) x26 0x00000012
core   0: 0x800067e0 (0x0178f633) and     a2, a7, s7
core   0: 3 0x800067e0 (0x0178f633) x12 0x00000008
core   0: 0x800067e4 (0x0174a0b3) slt     ra, s1, s7
core   0: 3 0x800067e4 (0x0174a0b3) x 1 0x00000001
core   0: 0x800067e8 (0x00008fb1) c.xor   a5, a2
core   0: 3 0x800067e8 (0x8fb1) x15 0xffffffcd
core   0: 0x800067ea (0xfe7d16e3) bne     s10, t2, pc - 20
core   0: 3 0x800067ea (0xfe7d16e3)
core   0: 0x800067ee (0x4f3ef913) andi    s2, t4, 1267
core   0: 3 0x800067ee (0x4f3ef913) x18 0x00000000
core   0: 0x800067f2 (0x00011317) auipc   t1, 0x11
core   0: 3 0x800067f2 (0x00011317) x 6 0x800177f2
core   0: 0x800067f6 (0xe7c30313) addi    t1, t1, -388
core   0: 3 0x800067f6 (0xe7c30313) x 6 0x8001766e
core   0: 0x800067fa (0xfe934f03) lbu     t5, -23(t1)
core   0: 3 0x800067fa (0xfe934f03) x30 0x0000000c mem 0x80017657
core   0: 0x800067fe (0x02930f03) lb      t5, 41(t1)
core   0: 3 0x800067fe (0x02930f03) x30 0x0000004c mem 0x80017697
core   0: 0x80006802 (0x0014af33) slt     t5, s1, ra
core   0: 3 0x80006802 (0x0014af33) x30 0x00000001
core   0: 0x80006806 (0xffc34283) lbu     t0, -4(t1)
core   0: 3 0x80006806 (0xffc34283) x 5 0x00000021 mem 0x8001766a
core   0: 0x8000680a (0x0ff0000f) fence   iorw,iorw
core   0: 3 0x8000680a (0x0ff0000f)
core   0: 0x8000680e (0x02532d23) sw      t0, 58(t1)
core   0: 3 0x8000680e (0x02532d23) mem 0x800176a8 0x00000021
core   0: 0x80006812 (0xfdc30283) lb      t0, -36(t1)
core   0: 3 0x80006812 (0xfdc30283) x 5 0x00000001 mem 0x8001764a
core   0: 0x80006816 (0x3ab4fe93) andi    t4, s1, 939
core   0: 3 0x80006816 (0x3ab4fe93) x29 0x00000382
core   0: 0x8000681a (0xfc530e83) lb      t4, -59(t1)
core   0: 3 0x8000681a (0xfc530e83) x29 0xffffffe8 mem 0x80017633
core   0: 0x8000681e (0x00006e1d) c.lui   t3, 0x7
core   0: 3 0x8000681e (0x6e1d) x28 0x00007000
core   0: 0x80006820 (0x01c4f4b3) and     s1, s1, t3
core   0: 3 0x80006820 (0x01c4f4b3) x 9 0x00006000
core   0: 0x80006824 (0x01e30ca3) sb      t5, 25(t1)
core   0: 3 0x80006824 (0x01e30ca3) mem 0x80017687 0x1
core   0: 0x80006828 (0xd9820f17) auipc   t5, 0xd9820
core   0: 3 0x80006828 (0xd9820f17) x30 0x59826828
core   0: 0x8000682c (0xfe130aa3) sb      ra, -11(t1)
core   0: 3 0x8000682c (0xfe130aa3) mem 0x80017663 0x1
core   0: 0x80006830 (0x00834083) lbu     ra, 8(t1)
core   0: 3 0x80006830 (0x00834083) x 1 0x0000002d mem 0x80017676
core   0: 0x80006834 (0x00530ca3) sb      t0, 25(t1)
core   0: 3 0x80006834 (0x00530ca3) mem 0x80017687 0x1
core   0: 0x80006838 (0x04035483) lhu     s1, 64(t1)
core   0: 3 0x80006838 (0x04035483) x 9 0x00006465 mem 0x800176ae
core   0: 0x8000683c (0x02134f03) lbu     t5, 33(t1)
core   0: 3 0x8000683c (0x02134f03) x30 0x00000044 mem 0x8001768f
core   0: 0x80006840 (0x005f6f33) or      t5, t5, t0
core   0: 3 0x80006840 (0x005f6f33) x30 0x00000045
core   0: 0x80006844 (0x03f34e03) lbu     t3, 63(t1)
core   0: 3 0x80006844 (0x03f34e03) x28 0x00000066 mem 0x800176ad
core   0: 0x80006848 (0x00006e35) c.lui   t3, 0xd
core   0: 3 0x80006848 (0x6e35) x28 0x0000d000
core   0: 0x8000684a (0xff431e83) lh      t4, -12(t1)
core   0: 3 0x8000684a (0xff431e83) x29 0x00000119 mem 0x80017662
core   0: 0x8000684e (0x01c4b4b3) sltu    s1, s1, t3
core   0: 3 0x8000684e (0x01c4b4b3) x 9 0x00000001
core   0: 0x80006852 (0x03c0d2b3) divu    t0, ra, t3
core   0: 3 0x80006852 (0x03c0d2b3) x 5 0x00000000
core   0: 0x80006856 (0xfe330283) lb      t0, -29(t1)
core   0: 3 0x80006856 (0xfe330283) x 5 0x0000000a mem 0x80017651
core   0: 0x8000685a (0xcd8e8493) addi    s1, t4, -808
core   0: 3 0x8000685a (0xcd8e8493) x 9 0xfffffdf1
core   0: 0x8000685e (0xfdc300a3) sb      t3, -63(t1)
core   0: 3 0x8000685e (0xfdc300a3) mem 0x8001762f 0x0
core   0: 0x80006862 (0xfc132323) sw      ra, -58(t1)
core   0: 3 0x80006862 (0xfc132323) mem 0x80017634 0x0000002d
core   0: 0x80006866 (0xd970af13) slti    t5, ra, -617
core   0: 3 0x80006866 (0xd970af13) x30 0x00000000
core   0: 0x8000686a (0xfe831283) lh      t0, -24(t1)
core   0: 3 0x8000686a (0xfe831283) x 5 0x00000c0d mem 0x80017656
core   0: 0x8000686e (0xfde30223) sb      t5, -60(t1)
core   0: 3 0x8000686e (0xfde30223) mem 0x80017632 0x0
core   0: 0x80006872 (0x01ef14b3) sll     s1, t5, t5
core   0: 3 0x80006872 (0x01ef14b3) x 9 0x00000000
core   0: 0x80006876 (0xfdc34f03) lbu     t5, -36(t1)
core   0: 3 0x80006876 (0xfdc34f03) x30 0x00000001 mem 0x8001764a
core   0: 0x8000687a (0x03e31123) sh      t5, 34(t1)
core   0: 3 0x8000687a (0x03e31123) mem 0x80017690 0x0001
core   0: 0x8000687e (0x000080b9) c.srli  s1, 14
core   0: 3 0x8000687e (0x80b9) x 9 0x00000000
core   0: 0x80006880 (0xfdc31823) sh      t3, -48(t1)
core   0: 3 0x80006880 (0xfdc31823) mem 0x8001763e 0xd000
core   0: 0x80006884 (0x00008c85) c.sub   s1, s1
core   0: 3 0x80006884 (0x8c85) x 9 0x00000000
core   0: 0x80006886 (0x41d08e33) sub     t3, ra, t4
core   0: 3 0x80006886 (0x41d08e33) x28 0xffffff14
core   0: 0x8000688a (0x000084bd) c.srai  s1, 15
core   0: 3 0x8000688a (0x84bd) x 9 0x00000000
core   0: 0x8000688c (0x01e4beb3) sltu    t4, s1, t5
core   0: 3 0x8000688c (0x01e4beb3) x29 0x00000001
core   0: 0x80006890 (0x173f4f13) xori    t5, t5, 371
core   0: 3 0x80006890 (0x173f4f13) x30 0x00000172
core   0: 0x80006894 (0x000092a6) c.add   t0, s1
core   0: 3 0x80006894 (0x92a6) x 5 0x00000c0d
core   0: 0x80006896 (0xfec31e83) lh      t4, -20(t1)
core   0: 3 0x80006896 (0xfec31e83) x29 0x00001011 mem 0x8001765a
core   0: 0x8000689a (0x01130483) lb      s1, 17(t1)
core   0: 3 0x8000689a (0x01130483) x 9 0x00000034 mem 0x8001767f
core   0: 0x8000689e (0xfd530e03) lb      t3, -43(t1)
core   0: 3 0x8000689e (0xfd530e03) x28 0xfffffff8 mem 0x80017643
core   0: 0x800068a2 (0x03c494b3) mulh    s1, s1, t3
core   0: 3 0x800068a2 (0x03c494b3) x 9 0xffffffff
core   0: 0x800068a6 (0x009f2eb3) slt     t4, t5, s1
core   0: 3 0x800068a6 (0x009f2eb3) x29 0x00000000
core   0: 0x800068aa (0x1592bf13) sltiu   t5, t0, 345
core   0: 3 0x800068aa (0x1592bf13) x30 0x00000000
core   0: 0x800068ae (0x41e4de33) sra     t3, s1, t5
core   0: 3 0x800068ae (0x41e4de33) x28 0xffffffff
core   0: 0x800068b2 (0xfc330e03) lb      t3, -61(t1)
core   0: 3 0x800068b2 (0xfc330e03) x28 0xffffffea mem 0x80017631
core   0: 0x800068b6 (0x01c294b3) sll     s1, t0, t3
core   0: 3 0x800068b6 (0x01c294b3) x 9 0x00303400
core   0: 0x800068ba (0xffc300a3) sb      t3, -31(t1)
core   0: 3 0x800068ba (0xffc300a3) mem 0x8001764f 0xea
core   0: 0x800068be (0x00009e86) c.add   t4, ra
core   0: 3 0x800068be (0x9e86) x29 0x0000002d
core   0: 0x800068c0 (0xfd130f03) lb      t5, -47(t1)
core   0: 3 0x800068c0 (0xfd130f03) x30 0xffffffd0 mem 0x8001763f
core   0: 0x800068c4 (0x02f30e83) lb      t4, 47(t1)
core   0: 3 0x800068c4 (0x02f30e83) x29 0x00000056 mem 0x8001769d
core   0: 0x800068c8 (0x1642af37) lui     t5, 0x1642a
core   0: 3 0x800068c8 (0x1642af37) x30 0x1642a000
core   0: 0x800068cc (0xfdd30aa3) sb      t4, -43(t1)
core   0: 3 0x800068cc (0xfdd30aa3) mem 0x80017643 0x56
core   0: 0x800068d0 (0x0000e097) auipc   ra, 0xe
core   0: 3 0x800068d0 (0x0000e097) x 1 0x800148d0
core   0: 0x800068d4 (0x75a08093) addi    ra, ra, 1882
core   0: 3 0x800068d4 (0x75a08093) x 1 0x8001502a
core   0: 0x800068d8 (0xfe60a983) lw      s3, -26(ra)
core   0: 3 0x800068d8 (0xfe60a983) x19 0xc8c9cacb mem 0x80015010
core   0: 0x800068dc (0x03c08703) lb      a4, 60(ra)
core   0: 3 0x800068dc (0x03c08703) x14 0x0000001d mem 0x80015066
core   0: 0x800068e0 (0x000088e9) c.andi  s1, 26
core   0: 3 0x800068e0 (0x88e9) x 9 0x00000000
core   0: 0x800068e2 (0x00008f39) c.xor   a4, a4
core   0: 3 0x800068e2 (0x8f39) x14 0x00000000
core   0: 0x800068e4 (0x013b92b3) sll     t0, s7, s3
core   0: 3 0x800068e4 (0x013b92b3) x 5 0x08815000
core   0: 0x800068e8 (0xfd70c503) lbu     a0, -41(ra)
core   0: 3 0x800068e8 (0xfd70c503) x10 0x000000ba mem 0x80015001
core   0: 0x800068ec (0x037bf2b3) remu    t0, s7, s7
core   0: 3 0x800068ec (0x037bf2b3) x 5 0x00000000
core   0: 0x800068f0 (0x00508f23) sb      t0, 30(ra)
core   0: 3 0x800068f0 (0x00508f23) mem 0x80015048 0x0
core   0: 0x800068f4 (0x033509b3) mul     s3, a0, s3
core   0: 3 0x800068f4 (0x033509b3) x19 0xe29d577e
core   0: 0x800068f8 (0x00e09483) lh      s1, 14(ra)
core   0: 3 0x800068f8 (0x00e09483) x 9 0xfffff2f3 mem 0x80015038
core   0: 0x800068fc (0xfe90ad23) sw      s1, -6(ra)
core   0: 3 0x800068fc (0xfe90ad23) mem 0x80015024 0xfffff2f3
core   0: 0x80006900 (0x5a54f713) andi    a4, s1, 1445
core   0: 3 0x80006900 (0x5a54f713) x14 0x000000a1
core   0: 0x80006904 (0x03c08283) lb      t0, 60(ra)
core   0: 3 0x80006904 (0x03c08283) x 5 0x0000001d mem 0x80015066
core   0: 0x80006908 (0x0000100f) fence.i
core   0: 3 0x80006908 (0x0000100f)
core   0: 0x8000690c (0x00008745) c.srai  a4, 17
core   0: 3 0x8000690c (0x8745) x14 0x00000000
core   0: 0x8000690e (0x0092abb3) slt     s7, t0, s1
core   0: 3 0x8000690e (0x0092abb3) x23 0x00000000
core   0: 0x80006912 (0xfd609703) lh      a4, -42(ra)
core   0: 3 0x80006912 (0xfd609703) x14 0xffffbabb mem 0x80015000
core   0: 0x80006916 (0x41c9d513) srai    a0, s3, 28
core   0: 3 0x80006916 (0x41c9d513) x10 0xfffffffe
core   0: 0x8000691a (0xfe40d483) lhu     s1, -28(ra)
core   0: 3 0x8000691a (0xfe40d483) x 9 0x0000c4c5 mem 0x8001500e
core   0: 0x8000691e (0x03b08703) lb      a4, 59(ra)
core   0: 3 0x8000691e (0x03b08703) x14 0x0000001e mem 0x80015065
core   0: 0x80006922 (0xff908b83) lb      s7, -7(ra)
core   0: 3 0x80006922 (0xff908b83) x23 0xffffffd8 mem 0x80015023
core   0: 0x80006926 (0xfd7085a3) sb      s7, -53(ra)
core   0: 3 0x80006926 (0xfd7085a3) mem 0x80014ff5 0xd8
core   0: 0x8000692a (0xfce080a3) sb      a4, -63(ra)
core   0: 3 0x8000692a (0xfce080a3) mem 0x80014feb 0x1e
core   0: 0x8000692e (0x00006731) c.lui   a4, 0xc
core   0: 3 0x8000692e (0x6731) x14 0x0000c000
core   0: 0x80006930 (0x005085a3) sb      t0, 11(ra)
core   0: 3 0x80006930 (0x005085a3) mem 0x80015035 0x1d
core   0: 0x80006934 (0x02508503) lb      a0, 37(ra)
core   0: 3 0x80006934 (0x02508503) x10 0x00000004 mem 0x8001504f
core   0: 0x80006938 (0x00013e97) auipc   t4, 0x13
core   0: 3 0x80006938 (0x00013e97) x29 0x80019938
core   0: 0x8000693c (0x7efe8e93) addi    t4, t4, 2031
core   0: 3 0x8000693c (0x7efe8e93) x29 0x8001a127
core   0: 0x80006940 (0xff9e8903) lb      s2, -7(t4)
core   0: 3 0x80006940 (0xff9e8903) x18 0xffffffdb mem 0x8001a120
core   0: 0x80006944 (0x00008c21) c.xor   s0, s0
core   0: 3 0x80006944 (0x8c21) x 8 0x00000000
core   0: 0x80006946 (0xfe8e8d23) sb      s0, -6(t4)
core   0: 3 0x80006946 (0xfe8e8d23) mem 0x8001a121 0x0
core   0: 0x8000694a (0x0000987d) c.andi  s0, -1
core   0: 3 0x8000694a (0x987d) x 8 0x00000000
core   0: 0x8000694c (0x01a68933) add     s2, a3, s10
core   0: 3 0x8000694c (0x01a68933) x18 0x0000004f
core   0: 0x80006950 (0x00008ef5) c.and   a3, a3
core   0: 3 0x80006950 (0x8ef5) x13 0x0000003d
core   0: 0x80006952 (0x006e8d03) lb      s10, 6(t4)
core   0: 3 0x80006952 (0x006e8d03) x26 0xffffffe6 mem 0x8001a12d
core   0: 0x80006956 (0x010ec403) lbu     s0, 16(t4)
core   0: 3 0x80006956 (0x010ec403) x 8 0x000000ec mem 0x8001a137
core   0: 0x8000695a (0x00fe92a3) sh      a5, 5(t4)
core   0: 3 0x8000695a (0x00fe92a3) mem 0x8001a12c 0xffcd
core   0: 0x8000695e (0xff6ecd03) lbu     s10, -10(t4)
core   0: 3 0x8000695e (0xff6ecd03) x26 0x000000d6 mem 0x8001a11d
core   0: 0x80006962 (0x02f967b3) rem     a5, s2, a5
core   0: 3 0x80006962 (0x02f967b3) x15 0x0000001c
core   0: 0x80006966 (0x40f680b3) sub     ra, a3, a5
core   0: 3 0x80006966 (0x40f680b3) x 1 0x00000021
core   0: 0x8000696a (0x03209933) mulh    s2, ra, s2
core   0: 3 0x8000696a (0x03209933) x18 0x00000000
core   0: 0x8000696e (0xfe8e99a3) sh      s0, -13(t4)
core   0: 3 0x8000696e (0xfe8e99a3) mem 0x8001a11a 0x00ec
core   0: 0x80006972 (0x00f0c6b3) xor     a3, ra, a5
core   0: 3 0x80006972 (0x00f0c6b3) x13 0x0000003d
core   0: 0x80006976 (0x006ecd03) lbu     s10, 6(t4)
core   0: 3 0x80006976 (0x006ecd03) x26 0x000000ff mem 0x8001a12d
core   0: 0x8000697a (0x012e8823) sb      s2, 16(t4)
core   0: 3 0x8000697a (0x012e8823) mem 0x8001a137 0x0
core   0: 0x8000697e (0xfefe9ba3) sh      a5, -9(t4)
core   0: 3 0x8000697e (0xfefe9ba3) mem 0x8001a11e 0x001c
core   0: 0x80006982 (0xffeec403) lbu     s0, -2(t4)
core   0: 3 0x80006982 (0xffeec403) x 8 0x000000de mem 0x8001a125
core   0: 0x80006986 (0x40145793) srai    a5, s0, 1
core   0: 3 0x80006986 (0x40145793) x15 0x0000006f
core   0: 0x8000698a (0xff7ec083) lbu     ra, -9(t4)
core   0: 3 0x8000698a (0xff7ec083) x 1 0x0000001c mem 0x8001a11e
core   0: 0x8000698e (0xfe8e8823) sb      s0, -16(t4)
core   0: 3 0x8000698e (0xfe8e8823) mem 0x8001a117 0xde
core   0: 0x80006992 (0x00000001) c.nop
core   0: 3 0x80006992 (0x0001)
core   0: 0x80006994 (0x01ae94a3) sh      s10, 9(t4)
core   0: 3 0x80006994 (0x01ae94a3) mem 0x8001a130 0x00ff
core   0: 0x80006998 (0xff2ec083) lbu     ra, -14(t4)
core   0: 3 0x80006998 (0xff2ec083) x 1 0x000000d2 mem 0x8001a119
core   0: 0x8000699c (0x0000ad17) auipc   s10, 0xa
core   0: 3 0x8000699c (0x0000ad17) x26 0x8001099c
core   0: 0x800069a0 (0x1b5d0d13) addi    s10, s10, 437
core   0: 3 0x800069a0 (0x1b5d0d13) x26 0x80010b51
core   0: 0x800069a4 (0x0000a297) auipc   t0, 0xa
core   0: 3 0x800069a4 (0x0000a297) x 5 0x800109a4
core   0: 0x800069a8 (0xd1728293) addi    t0, t0, -745
core   0: 3 0x800069a8 (0xd1728293) x 5 0x800106bb
core   0: 0x800069ac (0x03828d83) lb      s11, 56(t0)
core   0: 3 0x800069ac (0x03828d83) x27 0xffffffa8 mem 0x800106f3
core   0: 0x800069b0 (0x004d4b83) lbu     s7, 4(s10)
core   0: 3 0x800069b0 (0x004d4b83) x23 0x0000000e mem 0x80010b55
core   0: 0x800069b4 (0xfde28a23) sb      t5, -44(t0)
core   0: 3 0x800069b4 (0xfde28a23) mem 0x8001068f 0x0
core   0: 0x800069b8 (0x033297a3) sh      s3, 47(t0)
core   0: 3 0x800069b8 (0x033297a3) mem 0x800106ea 0x577e
core   0: 0x800069bc (0x00bd04a3) sb      a1, 9(s10)
core   0: 3 0x800069bc (0x00bd04a3) mem 0x80010b5a 0xcd
core   0: 0x800069c0 (0x00fd4083) lbu     ra, 15(s10)
core   0: 3 0x800069c0 (0x00fd4083) x 1 0x0000001b mem 0x80010b60
core   0: 0x800069c4 (0x00bd2503) lw      a0, 11(s10)
core   0: 3 0x800069c4 (0x00bd2503) x10 0x14151617 mem 0x80010b5c
core   0: 0x800069c8 (0x01228583) lb      a1, 18(t0)
core   0: 3 0x800069c8 (0x01228583) x11 0xffffff86 mem 0x800106cd
core   0: 0x800069cc (0x02229ba3) sh      sp, 55(t0)
core   0: 3 0x800069cc (0x02229ba3) mem 0x800106f2 0x3894
core   0: 0x800069d0 (0x003d0223) sb      gp, 4(s10)
core   0: 3 0x800069d0 (0x003d0223) mem 0x80010b55 0x44
core   0: 0x800069d4 (0xffd2dc03) lhu     s8, -3(t0)
core   0: 3 0x800069d4 (0xffd2dc03) x24 0x00007273 mem 0x800106b8
core   0: 0x800069d8 (0xfe3d1aa3) sh      gp, -11(s10)
core   0: 3 0x800069d8 (0xfe3d1aa3) mem 0x80010b46 0x9b44
core   0: 0x800069dc (0x01f29483) lh      s1, 31(t0)
core   0: 3 0x800069dc (0x01f29483) x 9 0xffff9091 mem 0x800106da
core   0: 0x800069e0 (0x0000a417) auipc   s0, 0xa
core   0: 3 0x800069e0 (0x0000a417) x 8 0x800109e0
core   0: 0x800069e4 (0x08d40413) addi    s0, s0, 141
core   0: 3 0x800069e4 (0x08d40413) x 8 0x80010a6d
core   0: 0x800069e8 (0x00013697) auipc   a3, 0x13
core   0: 3 0x800069e8 (0x00013697) x13 0x800199e8
core   0: 0x800069ec (0xe6768693) addi    a3, a3, -409
core   0: 3 0x800069ec (0xe6768693) x13 0x8001984f
core   0: 0x800069f0 (0xfe745983) lhu     s3, -25(s0)
core   0: 3 0x800069f0 (0xfe745983) x19 0x00000e0f mem 0x80010a54
core   0: 0x800069f4 (0xff369a03) lh      s4, -13(a3)
core   0: 3 0x800069f4 (0xff369a03) x20 0xfffff8f9 mem 0x80019842
core   0: 0x800069f8 (0xfc26c903) lbu     s2, -62(a3)
core   0: 3 0x800069f8 (0xfc26c903) x18 0x000000ca mem 0x80019811
core   0: 0x800069fc (0xf7140823) sb      a7, -144(s0)
core   0: 3 0x800069fc (0xf7140823) mem 0x800109dd 0x9d
core   0: 0x80006a00 (0xfd46a8a3) sw      s4, -47(a3)
core   0: 3 0x80006a00 (0xfd46a8a3) mem 0x80019820 0xfffff8f9
core   0: 0x80006a04 (0xf1141d03) lh      s10, -239(s0)
core   0: 3 0x80006a04 (0xf1141d03) x26 0x00003435 mem 0x8001097e
core   0: 0x80006a08 (0xfc768e03) lb      t3, -57(a3)
core   0: 3 0x80006a08 (0xfc768e03) x28 0xffffffcd mem 0x80019816
core   0: 0x80006a0c (0x06b42e83) lw      t4, 107(s0)
core   0: 3 0x80006a0c (0x06b42e83) x29 0x90919293 mem 0x80010ad8
core   0: 0x80006a10 (0x0386cc03) lbu     s8, 56(a3)
core   0: 3 0x80006a10 (0x0386cc03) x24 0x0000003c mem 0x80019887
core   0: 0x80006a14 (0x03c68723) sb      t3, 46(a3)
core   0: 3 0x80006a14 (0x03c68723) mem 0x8001987d 0xcd
core   0: 0x80006a18 (0xf7741283) lh      t0, -137(s0)
core   0: 3 0x80006a18 (0xf7741283) x 5 0xffff9e9f mem 0x800109e4
core   0: 0x80006a1c (0x00b68103) lb      sp, 11(a3)
core   0: 3 0x80006a1c (0x00b68103) x 2 0x00000011 mem 0x8001985a
core   0: 0x80006a20 (0x02844e83) lbu     t4, 40(s0)
core   0: 3 0x80006a20 (0x02844e83) x29 0x0000004e mem 0x80010a95
core   0: 0x80006a24 (0xfd3693a3) sh      s3, -57(a3)
core   0: 3 0x80006a24 (0xfd3693a3) mem 0x80019816 0x0e0f
core   0: 0x80006a28 (0xfea44383) lbu     t2, -22(s0)
core   0: 3 0x80006a28 (0xfea44383) x 7 0x0000000c mem 0x80010a57
core   0: 0x80006a2c (0x0cc44003) lbu     zero, 204(s0)
core   0: 3 0x80006a2c (0x0cc44003) mem 0x80010b39
core   0: 0x80006a30 (0x07940823) sb      s9, 112(s0)
core   0: 3 0x80006a30 (0x07940823) mem 0x80010add 0x58
core   0: 0x80006a34 (0x0000a597) auipc   a1, 0xa
core   0: 3 0x80006a34 (0x0000a597) x11 0x80010a34
core   0: 0x80006a38 (0x84058593) addi    a1, a1, -1984
core   0: 3 0x80006a38 (0x84058593) x11 0x80010274
core   0: 0x80006a3c (0x03c58f83) lb      t6, 60(a1)
core   0: 3 0x80006a3c (0x03c58f83) x31 0x0000006b mem 0x800102b0
core   0: 0x80006a40 (0x0000a197) auipc   gp, 0xa
core   0: 3 0x80006a40 (0x0000a197) x 3 0x80010a40
core   0: 0x80006a44 (0xb3918193) addi    gp, gp, -1223
core   0: 3 0x80006a44 (0xb3918193) x 3 0x80010579
core   0: 0x80006a48 (0x0000a997) auipc   s3, 0xa
core   0: 3 0x80006a48 (0x0000a997) x19 0x80010a48
core   0: 0x80006a4c (0xc7c98993) addi    s3, s3, -900
core   0: 3 0x80006a4c (0xc7c98993) x19 0x800106c4
core   0: 0x80006a50 (0x00f9ce83) lbu     t4, 15(s3)
core   0: 3 0x80006a50 (0x00f9ce83) x29 0x00000088 mem 0x800106d3
core   0: 0x80006a54 (0xfc71a083) lw      ra, -57(gp)
core   0: 3 0x80006a54 (0xfc71a083) x 1 0xf8f9fafb mem 0x80010540
core   0: 0x80006a58 (0xff95cf03) lbu     t5, -7(a1)
core   0: 3 0x80006a58 (0xff95cf03) x30 0x00000026 mem 0x8001026d
core   0: 0x80006a5c (0x00f9cd83) lbu     s11, 15(s3)
core   0: 3 0x80006a5c (0x00f9cd83) x27 0x00000088 mem 0x800106d3
core   0: 0x80006a60 (0x0321ada3) sw      s2, 59(gp)
core   0: 3 0x80006a60 (0x0321ada3) mem 0x800105b4 0x000000ca
core   0: 0x80006a64 (0x00798b03) lb      s6, 7(s3)
core   0: 3 0x80006a64 (0x00798b03) x22 0xffffff80 mem 0x800106cb
core   0: 0x80006a68 (0xffe180a3) sb      t5, -31(gp)
core   0: 3 0x80006a68 (0xffe180a3) mem 0x8001055a 0x26
core   0: 0x80006a6c (0x0000a517) auipc   a0, 0xa
core   0: 3 0x80006a6c (0x0000a517) x10 0x80010a6c
core   0: 0x80006a70 (0x2ad50513) addi    a0, a0, 685
core   0: 3 0x80006a70 (0x2ad50513) x10 0x80010d19
core   0: 0x80006a74 (0x00699e03) lh      t3, 6(s3)
core   0: 3 0x80006a74 (0x00699e03) x28 0xffff8081 mem 0x800106ca
core   0: 0x80006a78 (0x02551e83) lh      t4, 37(a0)
core   0: 3 0x80006a78 (0x02551e83) x29 0xfffff4f5 mem 0x80010d3e
core   0: 0x80006a7c (0x02a59403) lh      s0, 42(a1)
core   0: 3 0x80006a7c (0x02a59403) x 8 0xffff8002 mem 0x8001029e
core   0: 0x80006a80 (0x00e54903) lbu     s2, 14(a0)
core   0: 3 0x80006a80 (0x00e54903) x18 0x000000dc mem 0x80010d27
core   0: 0x80006a84 (0xfc21c303) lbu     t1, -62(gp)
core   0: 3 0x80006a84 (0xfc21c303) x 6 0x000000f0 mem 0x8001053b
core   0: 0x80006a88 (0xffb58b03) lb      s6, -5(a1)
core   0: 3 0x80006a88 (0xffb58b03) x22 0x00000024 mem 0x8001026f
core   0: 0x80006a8c (0xfe454603) lbu     a2, -28(a0)
core   0: 3 0x80006a8c (0xfe454603) x12 0x000000bb mem 0x80010cfd
core   0: 0x80006a90 (0xfcb186a3) sb      a1, -51(gp)
core   0: 3 0x80006a90 (0xfcb186a3) mem 0x80010546 0x74
core   0: 0x80006a94 (0xfd958383) lb      t2, -39(a1)
core   0: 3 0x80006a94 (0xfd958383) x 7 0x00000006 mem 0x8001024d
core   0: 0x80006a98 (0x0049a403) lw      s0, 4(s3)
core   0: 3 0x80006a98 (0x0049a403) x 8 0x80818283 mem 0x800106c8
core   0: 0x80006a9c (0xfc854883) lbu     a7, -56(a0)
core   0: 3 0x80006a9c (0xfc854883) x17 0x000000ca mem 0x80010ce1
core   0: 0x80006aa0 (0xfd050883) lb      a7, -48(a0)
core   0: 3 0x80006aa0 (0xfd050883) x17 0xffffffa2 mem 0x80010ce9
core   0: 0x80006aa4 (0xfea196a3) sh      a0, -19(gp)
core   0: 3 0x80006aa4 (0xfea196a3) mem 0x80010566 0x0d19
core   0: 0x80006aa8 (0xffd98903) lb      s2, -3(s3)
core   0: 3 0x80006aa8 (0xffd98903) x18 0x0000007a mem 0x800106c1
core   0: 0x80006aac (0x03a58b03) lb      s6, 58(a1)
core   0: 3 0x80006aac (0x03a58b03) x22 0x00000065 mem 0x800102ae
core   0: 0x80006ab0 (0xfef19703) lh      a4, -17(gp)
core   0: 3 0x80006ab0 (0xfef19703) x14 0x00002223 mem 0x80010568
core   0: 0x80006ab4 (0xfff50aa3) sb      t6, -11(a0)
core   0: 3 0x80006ab4 (0xfff50aa3) mem 0x80010d0e 0x6b
core   0: 0x80006ab8 (0x0029d403) lhu     s0, 2(s3)
core   0: 3 0x80006ab8 (0x0029d403) x 8 0x00007c7d mem 0x800106c6
core   0: 0x80006abc (0xfcc19da3) sh      a2, -37(gp)
core   0: 3 0x80006abc (0xfcc19da3) mem 0x80010554 0x00bb
core   0: 0x80006ac0 (0xfff98e83) lb      t4, -1(s3)
core   0: 3 0x80006ac0 (0xfff98e83) x29 0x00000078 mem 0x800106c3
core   0: 0x80006ac4 (0xffe18a03) lb      s4, -2(gp)
core   0: 3 0x80006ac4 (0xffe18a03) x20 0x0000002c mem 0x80010577
core   0: 0x80006ac8 (0xfce58323) sb      a4, -58(a1)
core   0: 3 0x80006ac8 (0xfce58323) mem 0x8001023a 0x23
core   0: 0x80006acc (0xfe350c23) sb      gp, -8(a0)
core   0: 3 0x80006acc (0xfe350c23) mem 0x80010d11 0x79
core   0: 0x80006ad0 (0x04350023) sb      gp, 64(a0)
core   0: 3 0x80006ad0 (0x04350023) mem 0x80010d59 0x79
core   0: 0x80006ad4 (0x00e9c683) lbu     a3, 14(s3)
core   0: 3 0x80006ad4 (0x00e9c683) x13 0x00000089 mem 0x800106d2
core   0: 0x80006ad8 (0x01c0076f) jal     a4, pc + 0x1c
core   0: 3 0x80006ad8 (0x01c0076f) x14 0x80006adc
core   0: 0x80006af4 (0xff9ffe6f) jal     t3, pc - 0x8
core   0: 3 0x80006af4 (0xff9ffe6f) x28 0x80006af8
core   0: 0x80006aec (0x0000bffd) c.j     pc - 2
core   0: 3 0x80006aec (0xbffd)
core   0: 0x80006aea (0x0000a011) c.j     pc + 4
core   0: 3 0x80006aea (0xa011)
core   0: 0x80006aee (0x02c0036f) jal     t1, pc + 0x2c
core   0: 3 0x80006aee (0x02c0036f) x 6 0x80006af2
core   0: 0x80006b1a (0x00003fcd) c.jal   pc - 14
core   0: 3 0x80006b1a (0x3fcd) x 1 0x80006b1c
core   0: 0x80006b0c (0x0000a009) c.j     pc + 2
core   0: 3 0x80006b0c (0xa009)
core   0: 0x80006b0e (0x0000a809) c.j     pc + 18
core   0: 3 0x80006b0e (0xa809)
core   0: 0x80006b20 (0x0000bff1) c.j     pc - 36
core   0: 3 0x80006b20 (0xbff1)
core   0: 0x80006afc (0x0000a029) c.j     pc + 10
core   0: 3 0x80006afc (0xa029)
core   0: 0x80006b06 (0xfd7ff4ef) jal     s1, pc - 0x2a
core   0: 3 0x80006b06 (0xfd7ff4ef) x 9 0x80006b0a
core   0: 0x80006adc (0x00002819) c.jal   pc + 22
core   0: 3 0x80006adc (0x2819) x 1 0x80006ade
core   0: 0x80006af2 (0x0000a031) c.j     pc + 12
core   0: 3 0x80006af2 (0xa031)
core   0: 0x80006afe (0x00c000ef) jal     pc + 0xc
core   0: 3 0x80006afe (0x00c000ef) x 1 0x80006b02
core   0: 0x80006b0a (0x0000bff1) c.j     pc - 36
core   0: 3 0x80006b0a (0xbff1)
core   0: 0x80006ae6 (0x02a0086f) jal     a6, pc + 0x2a
core   0: 3 0x80006ae6 (0x02a0086f) x16 0x80006aea
core   0: 0x80006b10 (0x00002039) c.jal   pc + 14
core   0: 3 0x80006b10 (0x2039) x 1 0x80006b12
core   0: 0x80006b1e (0x0000bfed) c.j     pc - 6
core   0: 3 0x80006b1e (0xbfed)
core   0: 0x80006b18 (0x0000b7cd) c.j     pc - 30
core   0: 3 0x80006b18 (0xb7cd)
core   0: 0x80006afa (0x0000a021) c.j     pc + 8
core   0: 3 0x80006afa (0xa021)
core   0: 0x80006b02 (0x0000b7cd) c.j     pc - 30
core   0: 3 0x80006b02 (0xb7cd)
core   0: 0x80006ae4 (0x00002811) c.jal   pc + 20
core   0: 3 0x80006ae4 (0x2811) x 1 0x80006ae6
core   0: 0x80006af8 (0x00002831) c.jal   pc + 28
core   0: 3 0x80006af8 (0x2831) x 1 0x80006afa
core   0: 0x80006b14 (0xfffff76f) jal     a4, pc - 0x2
core   0: 3 0x80006b14 (0xfffff76f) x14 0x80006b18
core   0: 0x80006b12 (0x0000b7f9) c.j     pc - 50
core   0: 3 0x80006b12 (0xb7f9)
core   0: 0x80006ae0 (0x024005ef) jal     a1, pc + 0x24
core   0: 3 0x80006ae0 (0x024005ef) x11 0x80006ae4
core   0: 0x80006b04 (0x00002821) c.jal   pc + 24
core   0: 3 0x80006b04 (0x2821) x 1 0x80006b06
core   0: 0x80006b1c (0x0000b7c9) c.j     pc - 62
core   0: 3 0x80006b1c (0xb7c9)
core   0: 0x80006ade (0x0000a091) c.j     pc + 68
core   0: 3 0x80006ade (0xa091)
core   0: 0x80006b22 (0x0000a009) c.j     pc + 2
core   0: 3 0x80006b22 (0xa009)
core   0: 0x80006b24 (0x000068a5) c.lui   a7, 0x9
core   0: 3 0x80006b24 (0x68a5) x17 0x00009000
core   0: 0x80006b26 (0x0100076f) jal     a4, pc + 0x10
core   0: 3 0x80006b26 (0x0100076f) x14 0x80006b2a
core   0: 0x80006b36 (0x00003ff5) c.jal   pc - 4
core   0: 3 0x80006b36 (0x3ff5) x 1 0x80006b38
core   0: 0x80006b32 (0x00a001ef) jal     gp, pc + 0xa
core   0: 3 0x80006b32 (0x00a001ef) x 3 0x80006b36
core   0: 0x80006b3c (0x0000bfc5) c.j     pc - 16
core   0: 3 0x80006b3c (0xbfc5)
core   0: 0x80006b2c (0x00002811) c.jal   pc + 20
core   0: 3 0x80006b2c (0x2811) x 1 0x80006b2e
core   0: 0x80006b40 (0x0000b7fd) c.j     pc - 18
core   0: 3 0x80006b40 (0xb7fd)
core   0: 0x80006b2e (0x010000ef) jal     pc + 0x10
core   0: 3 0x80006b2e (0x010000ef) x 1 0x80006b32
core   0: 0x80006b3e (0x000037f5) c.jal   pc - 20
core   0: 3 0x80006b3e (0x37f5) x 1 0x80006b40
core   0: 0x80006b2a (0x0000a039) c.j     pc + 14
core   0: 3 0x80006b2a (0xa039)
core   0: 0x80006b38 (0x00002009) c.jal   pc + 2
core   0: 3 0x80006b38 (0x2009) x 1 0x80006b3a
core   0: 0x80006b3a (0x0000a021) c.j     pc + 8
core   0: 3 0x80006b3a (0xa021)
core   0: 0x80006b42 (0x02dc9633) mulh    a2, s9, a3
core   0: 3 0x80006b42 (0x02dc9633) x12 0xffffffbb
core   0: 0x80006b46 (0x0000a117) auipc   sp, 0xa
core   0: 3 0x80006b46 (0x0000a117) x 2 0x80010b46
core   0: 0x80006b4a (0x02310113) addi    sp, sp, 35
core   0: 3 0x80006b4a (0x02310113) x 2 0x80010b69
core   0: 0x80006b4e (0x0000af17) auipc   t5, 0xa
core   0: 3 0x80006b4e (0x0000af17) x30 0x80010b4e
core   0: 0x80006b52 (0xcf9f0f13) addi    t5, t5, -775
core   0: 3 0x80006b52 (0xcf9f0f13) x30 0x80010847
core   0: 0x80006b56 (0x0000ac17) auipc   s8, 0xa
core   0: 3 0x80006b56 (0x0000ac17) x24 0x80010b56
core   0: 0x80006b5a (0x461c0c13) addi    s8, s8, 1121
core   0: 3 0x80006b5a (0x461c0c13) x24 0x80010fb7
core   0: 0x80006b5e (0xfe715d03) lhu     s10, -25(sp)
core   0: 3 0x80006b5e (0xfe715d03) x26 0x0000990b mem 0x80010b50
core   0: 0x80006b62 (0x02bf0c23) sb      a1, 56(t5)
core   0: 3 0x80006b62 (0x02bf0c23) mem 0x8001087f 0xe4
core   0: 0x80006b66 (0xff3c1a03) lh      s4, -13(s8)
core   0: 3 0x80006b66 (0xff3c1a03) x20 0x00006061 mem 0x80010faa
core   0: 0x80006b6a (0xf0f12603) lw      a2, -241(sp)
core   0: 3 0x80006b6a (0xf0f12603) x12 0x30318e33 mem 0x80010a78
core   0: 0x80006b6e (0xff4f11a3) sh      s4, -29(t5)
core   0: 3 0x80006b6e (0xff4f11a3) mem 0x8001082a 0x6061
core   0: 0x80006b72 (0xf9e10a03) lb      s4, -98(sp)
core   0: 3 0x80006b72 (0xf9e10a03) x20 0x00000000 mem 0x80010b07
core   0: 0x80006b76 (0x003f0623) sb      gp, 12(t5)
core   0: 3 0x80006b76 (0x003f0623) mem 0x80010853 0x36
core   0: 0x80006b7a (0x006c0683) lb      a3, 6(s8)
core   0: 3 0x80006b7a (0x006c0683) x13 0x00000076 mem 0x80010fbd
core   0: 0x80006b7e (0xfebc0da3) sb      a1, -5(s8)
core   0: 3 0x80006b7e (0xfebc0da3) mem 0x80010fb2 0xe4
core   0: 0x80006b82 (0xfc5f5003) lhu     zero, -59(t5)
core   0: 3 0x80006b82 (0xfc5f5003) mem 0x8001080c
core   0: 0x80006b86 (0x0f710023) sb      s7, 224(sp)
core   0: 3 0x80006b86 (0x0f710023) mem 0x80010c49 0xe
core   0: 0x80006b8a (0x009c0623) sb      s1, 12(s8)
core   0: 3 0x80006b8a (0x009c0623) mem 0x80010fc3 0xa
core   0: 0x80006b8e (0xfeef4283) lbu     t0, -18(t5)
core   0: 3 0x80006b8e (0xfeef4283) x 5 0x000000ee mem 0x80010835
core   0: 0x80006b92 (0x08510a03) lb      s4, 133(sp)
core   0: 3 0x80006b92 (0x08510a03) x20 0xffffffa5 mem 0x80010bee
core   0: 0x80006b96 (0x00cc0423) sb      a2, 8(s8)
core   0: 3 0x80006b96 (0x00cc0423) mem 0x80010fbf 0x33
core   0: 0x80006b9a (0x00ec05a3) sb      a4, 11(s8)
core   0: 3 0x80006b9a (0x00ec05a3) mem 0x80010fc2 0x2a
core   0: 0x80006b9e (0xf6f12d03) lw      s10, -145(sp)
core   0: 3 0x80006b9e (0xf6f12d03) x26 0x90919293 mem 0x80010ad8
core   0: 0x80006ba2 (0x006c0323) sb      t1, 6(s8)
core   0: 3 0x80006ba2 (0x006c0323) mem 0x80010fbd 0xf2
core   0: 0x80006ba6 (0xf6e14503) lbu     a0, -146(sp)
core   0: 3 0x80006ba6 (0xf6e14503) x10 0x0000008c mem 0x80010ad7
core   0: 0x80006baa (0x00009417) auipc   s0, 0x9
core   0: 3 0x80006baa (0x00009417) x 8 0x8000fbaa
core   0: 0x80006bae (0x6e640413) addi    s0, s0, 1766
core   0: 3 0x80006bae (0x6e640413) x 8 0x80010290
core   0: 0x80006bb2 (0xbb1e7917) auipc   s2, 0xbb1e7
core   0: 3 0x80006bb2 (0xbb1e7917) x18 0x3b1edbb2
core   0: 0x80006bb6 (0x00008dc9) c.or    a1, a0
core   0: 3 0x80006bb6 (0x8dc9) x11 0x80006aec
core   0: 0x80006bb8 (0x63340b83) lb      s7, 1587(s0)
core   0: 3 0x80006bb8 (0x63340b83) x23 0x00000078 mem 0x800108c3
core   0: 0x80006bbc (0xecb42023) sw      a1, -320(s0)
core   0: 3 0x80006bbc (0xecb42023) mem 0x80010150 0x80006aec
core   0: 0x80006bc0 (0x06d40123) sb      a3, 98(s0)
core   0: 3 0x80006bc0 (0x06d40123) mem 0x800102f2 0x76
core   0: 0x80006bc4 (0x5d944503) lbu     a0, 1497(s0)
core   0: 3 0x80006bc4 (0x5d944503) x10 0x00000022 mem 0x80010869
core   0: 0x80006bc8 (0xfd241b83) lh      s7, -46(s0)
core   0: 3 0x80006bc8 (0xfd241b83) x23 0x0000028d mem 0x80010262
core   0: 0x80006bcc (0xc0f94913) xori    s2, s2, -1009
core   0: 3 0x80006bcc (0xc0f94913) x18 0xc4e127bd
core   0: 0x80006bd0 (0x0000100f) fence.i
core   0: 3 0x80006bd0 (0x0000100f)
core   0: 0x80006bd4 (0x000006fa) c.slli  a3, 30
core   0: 3 0x80006bd4 (0x06fa) x13 0x80000000
core   0: 0x80006bd6 (0x0000855e) c.mv    a0, s7
core   0: 3 0x80006bd6 (0x855e) x10 0x0000028d
core   0: 0x80006bd8 (0x00ab9533) sll     a0, s7, a0
core   0: 3 0x80006bd8 (0x00ab9533) x10 0x0051a000
core   0: 0x80006bdc (0xdcf40903) lb      s2, -561(s0)
core   0: 3 0x80006bdc (0xdcf40903) x18 0x00000014 mem 0x8001005f
core   0: 0x80006be0 (0x00008d2d) c.xor   a0, a1
core   0: 3 0x80006be0 (0x8d2d) x10 0x8051caec
core   0: 0x80006be2 (0x6df44503) lbu     a0, 1759(s0)
core   0: 3 0x80006be2 (0x6df44503) x10 0x00000024 mem 0x8001096f
core   0: 0x80006be6 (0x5456c293) xori    t0, a3, 1349
core   0: 3 0x80006be6 (0x5456c293) x 5 0x80000545
core   0: 0x80006bea (0x9266ab93) slti    s7, a3, -1754
core   0: 3 0x80006bea (0x9266ab93) x23 0x00000001
core   0: 0x80006bee (0x56f40503) lb      a0, 1391(s0)
core   0: 3 0x80006bee (0x56f40503) x10 0xffffffb4 mem 0x800107ff
core   0: 0x80006bf2 (0x0000852e) c.mv    a0, a1
core   0: 3 0x80006bf2 (0x852e) x10 0x80006aec
core   0: 0x80006bf4 (0x35415917) auipc   s2, 0x35415
core   0: 3 0x80006bf4 (0x35415917) x18 0xb541bbf4
core   0: 0x80006bf8 (0x12b407a3) sb      a1, 303(s0)
core   0: 3 0x80006bf8 (0x12b407a3) mem 0x800103bf 0xec
core   0: 0x80006bfc (0x0000697d) c.lui   s2, 0x1f
core   0: 3 0x80006bfc (0x697d) x18 0x0001f000
core   0: 0x80006bfe (0xf6744903) lbu     s2, -153(s0)
core   0: 3 0x80006bfe (0xf6744903) x18 0x000000ac mem 0x800101f7
core   0: 0x80006c02 (0x04b405a3) sb      a1, 75(s0)
core   0: 3 0x80006c02 (0x04b405a3) mem 0x800102db 0xec
core   0: 0x80006c06 (0x0000100f) fence.i
core   0: 3 0x80006c06 (0x0000100f)
core   0: 0x80006c0a (0x64541d23) sh      t0, 1626(s0)
core   0: 3 0x80006c0a (0x64541d23) mem 0x800108ea 0x0545
core   0: 0x80006c0e (0x01abd913) srli    s2, s7, 26
core   0: 3 0x80006c0e (0x01abd913) x18 0x00000000
core   0: 0x80006c12 (0x6e442503) lw      a0, 1764(s0)
core   0: 3 0x80006c12 (0x6e442503) x10 0x2c2d2e2f mem 0x80010974
core   0: 0x80006c16 (0x0175d933) srl     s2, a1, s7
core   0: 3 0x80006c16 (0x0175d933) x18 0x40003576
core   0: 0x80006c1a (0x02a2f2b3) remu    t0, t0, a0
core   0: 3 0x80006c1a (0x02a2f2b3) x 5 0x27a5a8e7
core   0: 0x80006c1e (0xf5442683) lw      a3, -172(s0)
core   0: 3 0x80006c1e (0xf5442683) x13 0x9c9d019f mem 0x800101e4
core   0: 0x80006c22 (0x34a45283) lhu     t0, 842(s0)
core   0: 3 0x80006c22 (0x34a45283) x 5 0x00009091 mem 0x800105da
core   0: 0x80006c26 (0x71144b83) lbu     s7, 1809(s0)
core   0: 3 0x80006c26 (0x71144b83) x23 0x0000005a mem 0x800109a1
core   0: 0x80006c2a (0x677402a3) sb      s7, 1637(s0)
core   0: 3 0x80006c2a (0x677402a3) mem 0x800108f5 0x5a
core   0: 0x80006c2e (0x037bf2b3) remu    t0, s7, s7
core   0: 3 0x80006c2e (0x037bf2b3) x 5 0x00000000
core   0: 0x80006c32 (0x025506b3) mul     a3, a0, t0
core   0: 3 0x80006c32 (0x025506b3) x13 0x00000000
core   0: 0x80006c36 (0x68b42023) sw      a1, 1664(s0)
core   0: 3 0x80006c36 (0x68b42023) mem 0x80010910 0x80006aec
core   0: 0x80006c3a (0x86c2f913) andi    s2, t0, -1940
core   0: 3 0x80006c3a (0x86c2f913) x18 0x00000000
core   0: 0x80006c3e (0x012962b3) or      t0, s2, s2
core   0: 3 0x80006c3e (0x012962b3) x 5 0x00000000
core   0: 0x80006c42 (0x78740503) lb      a0, 1927(s0)
core   0: 3 0x80006c42 (0x78740503) x10 0xffffffcc mem 0x80010a17
core   0: 0x80006c46 (0x00006571) c.lui   a0, 0x1c
core   0: 3 0x80006c46 (0x6571) x10 0x0001c000
core   0: 0x80006c48 (0x00008de9) c.and   a1, a0
core   0: 3 0x80006c48 (0x8de9) x11 0x00004000
core   0: 0x80006c4a (0x42541123) sh      t0, 1058(s0)
core   0: 3 0x80006c4a (0x42541123) mem 0x800106b2 0x0000
core   0: 0x80006c4e (0x36b44903) lbu     s2, 875(s0)
core   0: 3 0x80006c4e (0x36b44903) x18 0x000000b0 mem 0x800105fb
core   0: 0x80006c52 (0x0d140583) lb      a1, 209(s0)
core   0: 3 0x80006c52 (0x0d140583) x11 0x0000001a mem 0x80010361
core   0: 0x80006c56 (0x7f241123) sh      s2, 2018(s0)
core   0: 3 0x80006c56 (0x7f241123) mem 0x80010a72 0x00b0
core   0: 0x80006c5a (0x0340076f) jal     a4, pc + 0x34
core   0: 3 0x80006c5a (0x0340076f) x14 0x80006c5e
core   0: 0x80006c8e (0xfe7ff16f) jal     sp, pc - 0x1a
core   0: 3 0x80006c8e (0xfe7ff16f) x 2 0x80006c92
core   0: 0x80006c74 (0x0000bfdd) c.j     pc - 10
core   0: 3 0x80006c74 (0xbfdd)
core   0: 0x80006c6a (0x0000a809) c.j     pc + 18
core   0: 3 0x80006c6a (0xa809)
core   0: 0x80006c7c (0x00002009) c.jal   pc + 2
core   0: 3 0x80006c7c (0x2009) x 1 0x80006c7e
core   0: 0x80006c7e (0x0000bfd5) c.j     pc - 12
core   0: 3 0x80006c7e (0xbfd5)
core   0: 0x80006c72 (0x0000bfc5) c.j     pc - 16
core   0: 3 0x80006c72 (0xbfc5)
core   0: 0x80006c62 (0x0000a815) c.j     pc + 52
core   0: 3 0x80006c62 (0xa815)
core   0: 0x80006c96 (0xfe3ff0ef) jal     pc - 0x1e
core   0: 3 0x80006c96 (0xfe3ff0ef) x 1 0x80006c9a
core   0: 0x80006c78 (0x0000a009) c.j     pc + 2
core   0: 3 0x80006c78 (0xa009)
core   0: 0x80006c7a (0x0000a821) c.j     pc + 24
core   0: 3 0x80006c7a (0xa821)
core   0: 0x80006c92 (0x00800bef) jal     s7, pc + 0x8
core   0: 3 0x80006c92 (0x00800bef) x23 0x80006c96
core   0: 0x80006c9a (0xfc5ff36f) jal     t1, pc - 0x3c
core   0: 3 0x80006c9a (0xfc5ff36f) x 6 0x80006c9e
core   0: 0x80006c5e (0x00e003ef) jal     t2, pc + 0xe
core   0: 3 0x80006c5e (0x00e003ef) x 7 0x80006c62
core   0: 0x80006c6c (0x0000a811) c.j     pc + 20
core   0: 3 0x80006c6c (0xa811)
core   0: 0x80006c80 (0x0000a009) c.j     pc + 2
core   0: 3 0x80006c80 (0xa009)
core   0: 0x80006c82 (0x0000a029) c.j     pc + 10
core   0: 3 0x80006c82 (0xa029)
core   0: 0x80006c8c (0x00003ff5) c.jal   pc - 4
core   0: 3 0x80006c8c (0x3ff5) x 1 0x80006c8e
core   0: 0x80006c88 (0xfe7ff36f) jal     t1, pc - 0x1a
core   0: 3 0x80006c88 (0xfe7ff36f) x 6 0x80006c8c
core   0: 0x80006c6e (0x00800f6f) jal     t5, pc + 0x8
core   0: 3 0x80006c6e (0x00800f6f) x30 0x80006c72
core   0: 0x80006c76 (0x00003fcd) c.jal   pc - 14
core   0: 3 0x80006c76 (0x3fcd) x 1 0x80006c78
core   0: 0x80006c68 (0x0000a831) c.j     pc + 28
core   0: 3 0x80006c68 (0xa831)
core   0: 0x80006c84 (0xfe3ff0ef) jal     pc - 0x1e
core   0: 3 0x80006c84 (0xfe3ff0ef) x 1 0x80006c88
core   0: 0x80006c66 (0x00003ffd) c.jal   pc - 2
core   0: 3 0x80006c66 (0x3ffd) x 1 0x80006c68
core   0: 0x80006c64 (0x0000282d) c.jal   pc + 58
core   0: 3 0x80006c64 (0x282d) x 1 0x80006c66
core   0: 0x80006c9e (0x00000001) c.nop
core   0: 3 0x80006c9e (0x0001)
core   0: 0x80006ca0 (0x00019517) auipc   a0, 0x19
core   0: 3 0x80006ca0 (0x00019517) x10 0x8001fca0
core   0: 0x80006ca4 (0xc6950513) addi    a0, a0, -919
core   0: 3 0x80006ca4 (0xc6950513) x10 0x8001f909
core   0: 0x80006ca8 (0x0ff0000f) fence   iorw,iorw
core   0: 3 0x80006ca8 (0x0ff0000f)
core   0: 0x80006cac (0x41dc5c33) sra     s8, s8, t4
core   0: 3 0x80006cac (0x41dc5c33) x24 0xffffff80
core   0: 0x80006cb0 (0xfda32597) auipc   a1, 0xfda32
core   0: 3 0x80006cb0 (0xfda32597) x11 0x7da38cb0
core   0: 0x80006cb4 (0x03c5ba33) mulhu   s4, a1, t3
core   0: 3 0x80006cb4 (0x03c5ba33) x20 0x3ed1fad7
core   0: 0x80006cb8 (0x403357b3) sra     a5, t1, gp
core   0: 3 0x80006cb8 (0x403357b3) x15 0xfffffe00
core   0: 0x80006cbc (0xfa250aa3) sb      sp, -75(a0)
core   0: 3 0x80006cbc (0xfa250aa3) mem 0x8001f8be 0x92
core   0: 0x80006cc0 (0x0000820d) c.srli  a2, 3
core   0: 3 0x80006cc0 (0x820d) x12 0x060631c6
core   0: 0x80006cc2 (0x00008eb9) c.xor   a3, a4
core   0: 3 0x80006cc2 (0x8eb9) x13 0x80006c5e
core   0: 0x80006cc4 (0xf7650303) lb      t1, -138(a0)
core   0: 3 0x80006cc4 (0xf7650303) x 6 0x00000034 mem 0x8001f87f
core   0: 0x80006cc8 (0x03ac0a33) mul     s4, s8, s10
core   0: 3 0x80006cc8 (0x03ac0a33) x20 0xb736b680
core   0: 0x80006ccc (0x01d8da13) srli    s4, a7, 29
core   0: 3 0x80006ccc (0x01d8da13) x20 0x00000000
core   0: 0x80006cd0 (0x00006161) c.addi16sp sp, 80
core   0: 3 0x80006cd0 (0x6161) x 2 0x80006ce2
core   0: 0x80006cd2 (0x00355303) lhu     t1, 3(a0)
core   0: 3 0x80006cd2 (0x00355303) x 6 0x0000c6c7 mem 0x8001f90c
core   0: 0x80006cd6 (0x01f50883) lb      a7, 31(a0)
core   0: 3 0x80006cd6 (0x01f50883) x17 0xffffffe3 mem 0x8001f928
core   0: 0x80006cda (0xf9450823) sb      s4, -112(a0)
core   0: 3 0x80006cda (0xf9450823) mem 0x8001f899 0x0
core   0: 0x80006cde (0x0c352703) lw      a4, 195(a0)
core   0: 3 0x80006cde (0x0c352703) x14 0x84858687 mem 0x8001f9cc
core   0: 0x80006ce2 (0xf3554283) lbu     t0, -203(a0)
core   0: 3 0x80006ce2 (0xf3554283) x 5 0x000000f5 mem 0x8001f83e
core   0: 0x80006ce6 (0x0ff0000f) fence   iorw,iorw
core   0: 3 0x80006ce6 (0x0ff0000f)
core   0: 0x80006cea (0x00008eb5) c.xor   a3, a3
core   0: 3 0x80006cea (0x8eb5) x13 0x00000000
core   0: 0x80006cec (0xf3451ea3) sh      s4, -195(a0)
core   0: 3 0x80006cec (0xf3451ea3) mem 0x8001f846 0x0000
core   0: 0x80006cf0 (0x41305d33) sra     s10, zero, s3
core   0: 3 0x80006cf0 (0x41305d33) x26 0x00000000
core   0: 0x80006cf4 (0x01a37a33) and     s4, t1, s10
core   0: 3 0x80006cf4 (0x01a37a33) x20 0x00000000
core   0: 0x80006cf8 (0x02ee08b3) mul     a7, t3, a4
core   0: 3 0x80006cf8 (0x02ee08b3) x17 0x2b0e38c8
core   0: 0x80006cfc (0xfd454183) lbu     gp, -44(a0)
core   0: 3 0x80006cfc (0xfd454183) x 3 0x00000096 mem 0x8001f8dd
core   0: 0x80006d00 (0x0f551b83) lh      s7, 245(a0)
core   0: 3 0x80006d00 (0x0f551b83) x23 0xffffb4b5 mem 0x8001f9fe
core   0: 0x80006d04 (0x09551103) lh      sp, 149(a0)
core   0: 3 0x80006d04 (0x09551103) x 2 0x00005455 mem 0x8001f99e
core   0: 0x80006d08 (0x434af093) andi    ra, s5, 1076
core   0: 3 0x80006d08 (0x434af093) x 1 0x00000424
core   0: 0x80006d0c (0xf11503a3) sb      a7, -249(a0)
core   0: 3 0x80006d0c (0xf11503a3) mem 0x8001f810 0xc8
core   0: 0x80006d10 (0x00015117) auipc   sp, 0x15
core   0: 3 0x80006d10 (0x00015117) x 2 0x8001bd10
core   0: 0x80006d14 (0x83410113) addi    sp, sp, -1996
core   0: 3 0x80006d14 (0x83410113) x 2 0x8001b544
core   0: 0x80006d18 (0x66010503) lb      a0, 1632(sp)
core   0: 3 0x80006d18 (0x66010503) x10 0x0000005f mem 0x8001bba4
core   0: 0x80006d1c (0x00110603) lb      a2, 1(sp)
core   0: 3 0x80006d1c (0x00110603) x12 0xfffffffe mem 0x8001b545
core   0: 0x80006d20 (0x00008de5) c.and   a1, s1
core   0: 3 0x80006d20 (0x8de5) x11 0x00000800
core   0: 0x80006d22 (0x00114b03) lbu     s6, 1(sp)
core   0: 3 0x80006d22 (0x00114b03) x22 0x000000fe mem 0x8001b545
core   0: 0x80006d26 (0x00114d03) lbu     s10, 1(sp)
core   0: 3 0x80006d26 (0x00114d03) x26 0x000000fe mem 0x8001b545
core   0: 0x80006d2a (0x00114983) lbu     s3, 1(sp)
core   0: 3 0x80006d2a (0x00114983) x19 0x000000fe mem 0x8001b545
core   0: 0x80006d2e (0x00110e83) lb      t4, 1(sp)
core   0: 3 0x80006d2e (0x00110e83) x29 0xfffffffe mem 0x8001b545
core   0: 0x80006d32 (0x00110803) lb      a6, 1(sp)
core   0: 3 0x80006d32 (0x00110803) x16 0xfffffffe mem 0x8001b545
core   0: 0x80006d36 (0x40a10f03) lb      t5, 1034(sp)
core   0: 3 0x80006d36 (0x40a10f03) x30 0x00000005 mem 0x8001b94e
core   0: 0x80006d3a (0x76b10f83) lb      t6, 1899(sp)
core   0: 3 0x80006d3a (0x76b10f83) x31 0x00000064 mem 0x8001bcaf
core   0: 0x80006d3e (0x76b10483) lb      s1, 1899(sp)
core   0: 3 0x80006d3e (0x76b10483) x 9 0x00000064 mem 0x8001bcaf
core   0: 0x80006d42 (0x00b3c933) xor     s2, t2, a1
core   0: 3 0x80006d42 (0x00b3c933) x18 0x80006462
core   0: 0x80006d46 (0x51910983) lb      s3, 1305(sp)
core   0: 3 0x80006d46 (0x51910983) x19 0x00000016 mem 0x8001ba5d
core   0: 0x80006d4a (0x51910403) lb      s0, 1305(sp)
core   0: 3 0x80006d4a (0x51910403) x 8 0x00000016 mem 0x8001ba5d
core   0: 0x80006d4e (0x0bf10123) sb      t6, 162(sp)
core   0: 3 0x80006d4e (0x0bf10123) mem 0x8001b5e6 0x64
core   0: 0x80006d52 (0x00985613) srli    a2, a6, 9
core   0: 3 0x80006d52 (0x00985613) x12 0x007fffff
core   0: 0x80006d56 (0x0a610123) sb      t1, 162(sp)
core   0: 3 0x80006d56 (0x0a610123) mem 0x8001b5e6 0xc7
core   0: 0x80006d5a (0x0b410123) sb      s4, 162(sp)
core   0: 3 0x80006d5a (0x0b410123) mem 0x8001b5e6 0x0
core   0: 0x80006d5e (0x0b710123) sb      s7, 162(sp)
core   0: 3 0x80006d5e (0x0b710123) mem 0x8001b5e6 0xb5
core   0: 0x80006d62 (0x00a0076f) jal     a4, pc + 0xa
core   0: 3 0x80006d62 (0x00a0076f) x14 0x80006d66
core   0: 0x80006d6c (0x0000a031) c.j     pc + 12
core   0: 3 0x80006d6c (0xa031)
core   0: 0x80006d78 (0x0000bfed) c.j     pc - 6
core   0: 3 0x80006d78 (0xbfed)
core   0: 0x80006d72 (0x0000a009) c.j     pc + 2
core   0: 3 0x80006d72 (0xa009)
core   0: 0x80006d74 (0x016000ef) jal     pc + 0x16
core   0: 3 0x80006d74 (0x016000ef) x 1 0x80006d78
core   0: 0x80006d8a (0x0000a831) c.j     pc + 28
core   0: 3 0x80006d8a (0xa831)
core   0: 0x80006da6 (0x0000b7dd) c.j     pc - 26
core   0: 3 0x80006da6 (0xb7dd)
core   0: 0x80006d8c (0x0000bfe5) c.j     pc - 8
core   0: 3 0x80006d8c (0xbfe5)
core   0: 0x80006d84 (0x00002809) c.jal   pc + 18
core   0: 3 0x80006d84 (0x2809) x 1 0x80006d86
core   0: 0x80006d96 (0x0000b7e5) c.j     pc - 24
core   0: 3 0x80006d96 (0xb7e5)
core   0: 0x80006d7e (0x0000bfc5) c.j     pc - 16
core   0: 3 0x80006d7e (0xbfc5)
core   0: 0x80006d6e (0x00002809) c.jal   pc + 18
core   0: 3 0x80006d6e (0x2809) x 1 0x80006d70
core   0: 0x80006d80 (0x00002839) c.jal   pc + 30
core   0: 3 0x80006d80 (0x2839) x 1 0x80006d82
core   0: 0x80006d9e (0xff7ff36f) jal     t1, pc - 0xa
core   0: 3 0x80006d9e (0xff7ff36f) x 6 0x80006da2
core   0: 0x80006d94 (0x0000bfed) c.j     pc - 6
core   0: 3 0x80006d94 (0xbfed)
core   0: 0x80006d8e (0x0140036f) jal     t1, pc + 0x14
core   0: 3 0x80006d8e (0x0140036f) x 6 0x80006d92
core   0: 0x80006da2 (0x0000bfdd) c.j     pc - 10
core   0: 3 0x80006da2 (0xbfdd)
core   0: 0x80006d98 (0x0000bfc9) c.j     pc - 46
core   0: 3 0x80006d98 (0xbfc9)
core   0: 0x80006d6a (0x0000a821) c.j     pc + 24
core   0: 3 0x80006d6a (0xa821)
core   0: 0x80006d82 (0x00003fed) c.jal   pc - 6
core   0: 3 0x80006d82 (0x3fed) x 1 0x80006d84
core   0: 0x80006d7c (0x0000a025) c.j     pc + 40
core   0: 3 0x80006d7c (0xa025)
core   0: 0x80006da4 (0x0000bfdd) c.j     pc - 10
core   0: 3 0x80006da4 (0xbfdd)
core   0: 0x80006d9a (0xfd7ff56f) jal     a0, pc - 0x2a
core   0: 3 0x80006d9a (0xfd7ff56f) x10 0x80006d9e
core   0: 0x80006d70 (0x00003fdd) c.jal   pc - 10
core   0: 3 0x80006d70 (0x3fdd) x 1 0x80006d72
core   0: 0x80006d66 (0x04200d6f) jal     s10, pc + 0x42
core   0: 3 0x80006d66 (0x04200d6f) x26 0x80006d6a
core   0: 0x80006da8 (0xfdfff0ef) jal     pc - 0x22
core   0: 3 0x80006da8 (0xfdfff0ef) x 1 0x80006dac
core   0: 0x80006d86 (0x00c000ef) jal     pc + 0xc
core   0: 3 0x80006d86 (0x00c000ef) x 1 0x80006d8a
core   0: 0x80006d92 (0x000037e5) c.jal   pc - 24
core   0: 3 0x80006d92 (0x37e5) x 1 0x80006d94
core   0: 0x80006d7a (0x0000a80d) c.j     pc + 50
core   0: 3 0x80006d7a (0xa80d)
core   0: 0x80006dac (0x00000371) c.addi  t1, 28
core   0: 3 0x80006dac (0x0371) x 6 0x80006dae
core   0: 0x80006dae (0x00015917) auipc   s2, 0x15
core   0: 3 0x80006dae (0x00015917) x18 0x8001bdae
core   0: 0x80006db2 (0x59890913) addi    s2, s2, 1432
core   0: 3 0x80006db2 (0x59890913) x18 0x8001c346
core   0: 0x80006db6 (0x00018d97) auipc   s11, 0x18
core   0: 3 0x80006db6 (0x00018d97) x27 0x8001edb6
core   0: 0x80006dba (0xf41d8d93) addi    s11, s11, -191
core   0: 3 0x80006dba (0xf41d8d93) x27 0x8001ecf7
core   0: 0x80006dbe (0x0000b517) auipc   a0, 0xb
core   0: 3 0x80006dbe (0x0000b517) x10 0x80011dbe
core   0: 0x80006dc2 (0xbd850513) addi    a0, a0, -1064
core   0: 3 0x80006dc2 (0xbd850513) x10 0x80011996
core   0: 0x80006dc6 (0x02a90aa3) sb      a0, 53(s2)
core   0: 3 0x80006dc6 (0x02a90aa3) mem 0x8001c37b 0x96
core   0: 0x80006dca (0xfce905a3) sb      a4, -53(s2)
core   0: 3 0x80006dca (0xfce905a3) mem 0x8001c311 0x66
core   0: 0x80006dce (0x00550103) lb      sp, 5(a0)
core   0: 3 0x80006dce (0x00550103) x 2 0x00000050 mem 0x8001199b
core   0: 0x80006dd2 (0xffad8b83) lb      s7, -6(s11)
core   0: 3 0x80006dd2 (0xffad8b83) x23 0xffffffaa mem 0x8001ecf1
core   0: 0x80006dd6 (0xfe351e23) sh      gp, -4(a0)
core   0: 3 0x80006dd6 (0xfe351e23) mem 0x80011992 0x0096
core   0: 0x80006dda (0x02690e03) lb      t3, 38(s2)
core   0: 3 0x80006dda (0x02690e03) x28 0x00000027 mem 0x8001c36c
core   0: 0x80006dde (0x00011d17) auipc   s10, 0x11
core   0: 3 0x80006dde (0x00011d17) x26 0x80017dde
core   0: 0x80006de2 (0xf96d0d13) addi    s10, s10, -106
core   0: 3 0x80006de2 (0xf96d0d13) x26 0x80017d74
core   0: 0x80006de6 (0x00a55883) lhu     a7, 10(a0)
core   0: 3 0x80006de6 (0x00a55883) x17 0x00005a5b mem 0x800119a0
core   0: 0x80006dea (0x00255e03) lhu     t3, 2(a0)
core   0: 3 0x80006dea (0x00255e03) x28 0x00005253 mem 0x80011998
core   0: 0x80006dee (0xfe4d2823) sw      tp, -16(s10)
core   0: 3 0x80006dee (0xfe4d2823) mem 0x80017d64 0x80000000
core   0: 0x80006df2 (0xff6d1b83) lh      s7, -10(s10)
core   0: 3 0x80006df2 (0xff6d1b83) x23 0x00002021 mem 0x80017d6a
core   0: 0x80006df6 (0xff3dc483) lbu     s1, -13(s11)
core   0: 3 0x80006df6 (0xff3dc483) x 9 0x000000a1 mem 0x8001ecea
core   0: 0x80006dfa (0x00854183) lbu     gp, 8(a0)
core   0: 3 0x80006dfa (0x00854183) x 3 0x00000055 mem 0x8001199e
core   0: 0x80006dfe (0x004dc603) lbu     a2, 4(s11)
core   0: 3 0x80006dfe (0x004dc603) x12 0x000000b0 mem 0x8001ecfb
core   0: 0x80006e02 (0xff6d8983) lb      s3, -10(s11)
core   0: 3 0x80006e02 (0xff6d8983) x19 0xffffffa6 mem 0x8001eced
core   0: 0x80006e06 (0xff494583) lbu     a1, -12(s2)
core   0: 3 0x80006e06 (0xff494583) x11 0x000000f1 mem 0x8001c33a
core   0: 0x80006e0a (0x00351123) sh      gp, 2(a0)
core   0: 3 0x80006e0a (0x00351123) mem 0x80011998 0x0055
core   0: 0x80006e0e (0xffcd1803) lh      a6, -4(s10)
core   0: 3 0x80006e0e (0xffcd1803) x16 0x00002a2b mem 0x80017d70
core   0: 0x80006e12 (0xfee94f03) lbu     t5, -18(s2)
core   0: 3 0x80006e12 (0xfee94f03) x30 0x000000ef mem 0x8001c334
core   0: 0x80006e16 (0xffedc783) lbu     a5, -2(s11)
core   0: 3 0x80006e16 (0xffedc783) x15 0x000000ae mem 0x8001ecf5
core   0: 0x80006e1a (0xfffd9b03) lh      s6, -1(s11)
core   0: 3 0x80006e1a (0xfffd9b03) x22 0xffffacad mem 0x8001ecf6
core   0: 0x80006e1e (0x000d2883) lw      a7, 0(s10)
core   0: 3 0x80006e1e (0x000d2883) x17 0x2c2d2e2f mem 0x80017d74
core   0: 0x80006e22 (0x02f94483) lbu     s1, 47(s2)
core   0: 3 0x80006e22 (0x02f94483) x 9 0x0000002e mem 0x8001c375
core   0: 0x80006e26 (0x03e95403) lhu     s0, 62(s2)
core   0: 3 0x80006e26 (0x03e95403) x 8 0x00003e3f mem 0x8001c384
core   0: 0x80006e2a (0xffadc703) lbu     a4, -6(s11)
core   0: 3 0x80006e2a (0xffadc703) x14 0x000000aa mem 0x8001ecf1
core   0: 0x80006e2e (0xfce94c03) lbu     s8, -50(s2)
core   0: 3 0x80006e2e (0xfce94c03) x24 0x000000cf mem 0x8001c314
core   0: 0x80006e32 (0x000d0783) lb      a5, 0(s10)
core   0: 3 0x80006e32 (0x000d0783) x15 0x0000002f mem 0x80017d74
core   0: 0x80006e36 (0xff8d0aa3) sb      s8, -11(s10)
core   0: 3 0x80006e36 (0xff8d0aa3) mem 0x80017d69 0xcf
core   0: 0x80006e3a (0xfcc94183) lbu     gp, -52(s2)
core   0: 3 0x80006e3a (0xfcc94183) x 3 0x000000c9 mem 0x8001c312
core   0: 0x80006e3e (0x00550223) sb      t0, 4(a0)
core   0: 3 0x80006e3e (0x00550223) mem 0x8001199a 0xf5
core   0: 0x80006e42 (0xff7d4703) lbu     a4, -9(s10)
core   0: 3 0x80006e42 (0xff7d4703) x14 0x00000020 mem 0x80017d6b
core   0: 0x80006e46 (0xff3d8a23) sb      s3, -12(s11)
core   0: 3 0x80006e46 (0xff3d8a23) mem 0x8001eceb 0xa6
core   0: 0x80006e4a (0xfe350ea3) sb      gp, -3(a0)
core   0: 3 0x80006e4a (0xfe350ea3) mem 0x80011993 0xc9
core   0: 0x80006e4e (0x03e90ea3) sb      t5, 61(s2)
core   0: 3 0x80006e4e (0x03e90ea3) mem 0x8001c383 0xef
core   0: 0x80006e52 (0x006d8323) sb      t1, 6(s11)
core   0: 3 0x80006e52 (0x006d8323) mem 0x8001ecfd 0xae
core   0: 0x80006e56 (0x0000a817) auipc   a6, 0xa
core   0: 3 0x80006e56 (0x0000a817) x16 0x80010e56
core   0: 0x80006e5a (0xa4b80813) addi    a6, a6, -1461
core   0: 3 0x80006e5a (0xa4b80813) x16 0x800108a1
core   0: 0x80006e5e (0xfc484483) lbu     s1, -60(a6)
core   0: 3 0x80006e5e (0xfc484483) x 9 0x0000001e mem 0x80010865
core   0: 0x80006e62 (0x07b80c23) sb      s11, 120(a6)
core   0: 3 0x80006e62 (0x07b80c23) mem 0x80010919 0xf7
core   0: 0x80006e66 (0x07880183) lb      gp, 120(a6)
core   0: 3 0x80006e66 (0x07880183) x 3 0xfffffff7 mem 0x80010919
core   0: 0x80006e6a (0x07884003) lbu     zero, 120(a6)
core   0: 3 0x80006e6a (0x07884003) mem 0x80010919
core   0: 0x80006e6e (0x07880f83) lb      t6, 120(a6)
core   0: 3 0x80006e6e (0x07880f83) x31 0xfffffff7 mem 0x80010919
core   0: 0x80006e72 (0x07884283) lbu     t0, 120(a6)
core   0: 3 0x80006e72 (0x07884283) x 5 0x000000f7 mem 0x80010919
core   0: 0x80006e76 (0x07884d83) lbu     s11, 120(a6)
core   0: 3 0x80006e76 (0x07884d83) x27 0x000000f7 mem 0x80010919
core   0: 0x80006e7a (0x07884883) lbu     a7, 120(a6)
core   0: 3 0x80006e7a (0x07884883) x17 0x000000f7 mem 0x80010919
core   0: 0x80006e7e (0x07884883) lbu     a7, 120(a6)
core   0: 3 0x80006e7e (0x07884883) x17 0x000000f7 mem 0x80010919
core   0: 0x80006e82 (0x07080c23) sb      a6, 120(a6)
core   0: 3 0x80006e82 (0x07080c23) mem 0x80010919 0xa1
core   0: 0x80006e86 (0x07980c23) sb      s9, 120(a6)
core   0: 3 0x80006e86 (0x07980c23) mem 0x80010919 0x58
core   0: 0x80006e8a (0x014a8b33) add     s6, s5, s4
core   0: 3 0x80006e8a (0x014a8b33) x22 0x80029ce4
core   0: 0x80006e8e (0x07880903) lb      s2, 120(a6)
core   0: 3 0x80006e8e (0x07880903) x18 0x00000058 mem 0x80010919
core   0: 0x80006e92 (0x07884f83) lbu     t6, 120(a6)
core   0: 3 0x80006e92 (0x07884f83) x31 0x00000058 mem 0x80010919
core   0: 0x80006e96 (0x07884503) lbu     a0, 120(a6)
core   0: 3 0x80006e96 (0x07884503) x10 0x00000058 mem 0x80010919
core   0: 0x80006e9a (0x07884d83) lbu     s11, 120(a6)
core   0: 3 0x80006e9a (0x07884d83) x27 0x00000058 mem 0x80010919
core   0: 0x80006e9e (0x06980c23) sb      s1, 120(a6)
core   0: 3 0x80006e9e (0x06980c23) mem 0x80010919 0x1e
core   0: 0x80006ea2 (0x07880103) lb      sp, 120(a6)
core   0: 3 0x80006ea2 (0x07880103) x 2 0x0000001e mem 0x80010919
core   0: 0x80006ea6 (0x07884b83) lbu     s7, 120(a6)
core   0: 3 0x80006ea6 (0x07884b83) x23 0x0000001e mem 0x80010919
core   0: 0x80006eaa (0x05382303) lw      t1, 83(a6)
core   0: 3 0x80006eaa (0x05382303) x 6 0xacad5aaf mem 0x800108f4
core   0: 0x80006eae (0xffe00d93) li      s11, -2
core   0: 3 0x80006eae (0xffe00d93) x27 0xfffffffe
core   0: 0x80006eb2 (0x000018fd) c.addi  a7, -1
core   0: 3 0x80006eb2 (0x18fd) x17 0x000000f6
core   0: 0x80006eb4 (0x00200a13) li      s4, 2
core   0: 3 0x80006eb4 (0x00200a13) x20 0x00000002
core   0: 0x80006eb8 (0x01e693b3) sll     t2, a3, t5
core   0: 3 0x80006eb8 (0x01e693b3) x 7 0x00000000
core   0: 0x80006ebc (0x4eeaa713) slti    a4, s5, 1262
core   0: 3 0x80006ebc (0x4eeaa713) x14 0x00000001
core   0: 0x80006ec0 (0x00000d89) c.addi  s11, 2
core   0: 3 0x80006ec0 (0x0d89) x27 0x00000000
core   0: 0x80006ec2 (0xff4dcde3) blt     s11, s4, pc - 6
core   0: 3 0x80006ec2 (0xff4dcde3)
core   0: 0x80006ebc (0x4eeaa713) slti    a4, s5, 1262
core   0: 3 0x80006ebc (0x4eeaa713) x14 0x00000001
core   0: 0x80006ec0 (0x00000d89) c.addi  s11, 2
core   0: 3 0x80006ec0 (0x0d89) x27 0x00000002
core   0: 0x80006ec2 (0xff4dcde3) blt     s11, s4, pc - 6
core   0: 3 0x80006ec2 (0xff4dcde3)
core   0: 0x80006ec6 (0x03de1d33) mulh    s10, t3, t4
core   0: 3 0x80006ec6 (0x03de1d33) x26 0xffffffff
core   0: 0x80006eca (0x00009897) auipc   a7, 0x9
core   0: 3 0x80006eca (0x00009897) x17 0x8000feca
core   0: 0x80006ece (0x45288893) addi    a7, a7, 1106
core   0: 3 0x80006ece (0x45288893) x17 0x8001031c
core   0: 0x80006ed2 (0x006a5a13) srli    s4, s4, 6
core   0: 3 0x80006ed2 (0x006a5a13) x20 0x00000000
core   0: 0x80006ed6 (0x0a9885a3) sb      s1, 171(a7)
core   0: 3 0x80006ed6 (0x0a9885a3) mem 0x800103c7 0x1e
core   0: 0x80006eda (0x06689f23) sh      t1, 126(a7)
core   0: 3 0x80006eda (0x06689f23) mem 0x8001039a 0x5aaf
core   0: 0x80006ede (0x0000663d) c.lui   a2, 0xf
core   0: 3 0x80006ede (0x663d) x12 0x0000f000
core   0: 0x80006ee0 (0x01417633) and     a2, sp, s4
core   0: 3 0x80006ee0 (0x01417633) x12 0x00000000
core   0: 0x80006ee4 (0xf0288fa3) sb      sp, -225(a7)
core   0: 3 0x80006ee4 (0xf0288fa3) mem 0x8001023b 0x1e
core   0: 0x80006ee8 (0xfe089a03) lh      s4, -32(a7)
core   0: 3 0x80006ee8 (0xfe089a03) x20 0xffffb6b7 mem 0x800102fc
core   0: 0x80006eec (0x00004495) c.li    s1, 5
core   0: 3 0x80006eec (0x4495) x 9 0x00000005
core   0: 0x80006eee (0x0024c6b3) xor     a3, s1, sp
core   0: 3 0x80006eee (0x0024c6b3) x13 0x0000001b
core   0: 0x80006ef2 (0x00213a33) sltu    s4, sp, sp
core   0: 3 0x80006ef2 (0x00213a33) x20 0x00000000
core   0: 0x80006ef6 (0xfb58c683) lbu     a3, -75(a7)
core   0: 3 0x80006ef6 (0xfb58c683) x13 0x0000008a mem 0x800102d1
core   0: 0x80006efa (0x00237633) and     a2, t1, sp
core   0: 3 0x80006efa (0x00237633) x12 0x0000000e
core   0: 0x80006efe (0x00c15a13) srli    s4, sp, 12
core   0: 3 0x80006efe (0x00c15a13) x20 0x00000000
core   0: 0x80006f02 (0x02c6c4b3) div     s1, a3, a2
core   0: 3 0x80006f02 (0x02c6c4b3) x 9 0x00000009
core   0: 0x80006f06 (0xfec8ae23) sw      a2, -4(a7)
core   0: 3 0x80006f06 (0xfec8ae23) mem 0x80010318 0x0000000e
core   0: 0x80006f0a (0x01462633) slt     a2, a2, s4
core   0: 3 0x80006f0a (0x01462633) x12 0x00000000
core   0: 0x80006f0e (0x00212a33) slt     s4, sp, sp
core   0: 3 0x80006f0e (0x00212a33) x20 0x00000000
core   0: 0x80006f12 (0xf6688ca3) sb      t1, -135(a7)
core   0: 3 0x80006f12 (0xf6688ca3) mem 0x80010295 0xaf
core   0: 0x80006f16 (0xf6989323) sh      s1, -154(a7)
core   0: 3 0x80006f16 (0xf6989323) mem 0x80010282 0x0009
core   0: 0x80006f1a (0x00949633) sll     a2, s1, s1
core   0: 3 0x80006f1a (0x00949633) x12 0x00001200
core   0: 0x80006f1e (0x00435a13) srli    s4, t1, 4
core   0: 3 0x80006f1e (0x00435a13) x20 0x0acad5aa
core   0: 0x80006f22 (0xfe688723) sb      t1, -18(a7)
core   0: 3 0x80006f22 (0xfe688723) mem 0x8001030a 0xaf
core   0: 0x80006f26 (0xfad8ae23) sw      a3, -68(a7)
core   0: 3 0x80006f26 (0xfad8ae23) mem 0x800102d8 0x0000008a
core   0: 0x80006f2a (0x93313113) sltiu   sp, sp, -1741
core   0: 3 0x80006f2a (0x93313113) x 2 0x00000001
core   0: 0x80006f2e (0x0066e4b3) or      s1, a3, t1
core   0: 3 0x80006f2e (0x0066e4b3) x 9 0xacad5aaf
core   0: 0x80006f32 (0x00008e55) c.or    a2, a3
core   0: 3 0x80006f32 (0x8e55) x12 0x0000128a
core   0: 0x80006f34 (0x00000001) c.nop
core   0: 3 0x80006f34 (0x0001)
core   0: 0x80006f36 (0x0c2886a3) sb      sp, 205(a7)
core   0: 3 0x80006f36 (0x0c2886a3) mem 0x800103e9 0x1
core   0: 0x80006f3a (0x02c10133) mul     sp, sp, a2
core   0: 3 0x80006f3a (0x02c10133) x 2 0x0000128a
core   0: 0x80006f3e (0x026114b3) mulh    s1, sp, t1
core   0: 3 0x80006f3e (0x026114b3) x 9 0xfffff9f7
core   0: 0x80006f42 (0x0e988fa3) sb      s1, 255(a7)
core   0: 3 0x80006f42 (0x0e988fa3) mem 0x8001041b 0xf7
core   0: 0x80006f46 (0x00018417) auipc   s0, 0x18
core   0: 3 0x80006f46 (0x00018417) x 8 0x8001ef46
core   0: 0x80006f4a (0x98040413) addi    s0, s0, -1664
core   0: 3 0x80006f4a (0x98040413) x 8 0x8001e8c6
core   0: 0x80006f4e (0x00019817) auipc   a6, 0x19
core   0: 3 0x80006f4e (0x00019817) x16 0x8001ff4e
core   0: 0x80006f52 (0x7d280813) addi    a6, a6, 2002
core   0: 3 0x80006f52 (0x7d280813) x16 0x80020720
core   0: 0x80006f56 (0x0000f117) auipc   sp, 0xf
core   0: 3 0x80006f56 (0x0000f117) x 2 0x80015f56
core   0: 0x80006f5a (0x05310113) addi    sp, sp, 83
core   0: 3 0x80006f5a (0x05310113) x 2 0x80015fa9
core   0: 0x80006f5e (0x02414603) lbu     a2, 36(sp)
core   0: 3 0x80006f5e (0x02414603) x12 0x00000086 mem 0x80015fcd
core   0: 0x80006f62 (0xd65805a3) sb      t0, -661(a6)
core   0: 3 0x80006f62 (0xd65805a3) mem 0x8002048b 0xf7
core   0: 0x80006f66 (0x0f740183) lb      gp, 247(s0)
core   0: 3 0x80006f66 (0x0f740183) x 3 0x00000076 mem 0x8001e9bd
core   0: 0x80006f6a (0xfd910f23) sb      s9, -34(sp)
core   0: 3 0x80006f6a (0xfd910f23) mem 0x80015f87 0x58
core   0: 0x80006f6e (0xffb10d83) lb      s11, -5(sp)
core   0: 3 0x80006f6e (0xffb10d83) x27 0x0000005f mem 0x80015fa4
core   0: 0x80006f72 (0x2b084383) lbu     t2, 688(a6)
core   0: 3 0x80006f72 (0x2b084383) x 7 0x0000008b mem 0x800209d0
core   0: 0x80006f76 (0x1be81603) lh      a2, 446(a6)
core   0: 3 0x80006f76 (0x1be81603) x12 0xffff9495 mem 0x800208de
core   0: 0x80006f7a (0xf7344783) lbu     a5, -141(s0)
core   0: 3 0x80006f7a (0xf7344783) x15 0x000000f2 mem 0x8001e839
core   0: 0x80006f7e (0x28080703) lb      a4, 640(a6)
core   0: 3 0x80006f7e (0x28080703) x14 0x0000005b mem 0x800209a0
core   0: 0x80006f82 (0x42780983) lb      s3, 1063(a6)
core   0: 3 0x80006f82 (0x42780983) x19 0xfffffffc mem 0x80020b47
core   0: 0x80006f86 (0xe3880aa3) sb      s8, -459(a6)
core   0: 3 0x80006f86 (0xe3880aa3) mem 0x80020555 0xcf
core   0: 0x80006f8a (0xfa044883) lbu     a7, -96(s0)
core   0: 3 0x80006f8a (0xfa044883) x17 0x0000001d mem 0x8001e866
core   0: 0x80006f8e (0x001116a3) sh      ra, 13(sp)
core   0: 3 0x80006f8e (0x001116a3) mem 0x80015fb6 0x6d94
core   0: 0x80006f92 (0x2c184003) lbu     zero, 705(a6)
core   0: 3 0x80006f92 (0x2c184003) mem 0x800209e1
core   0: 0x80006f96 (0xfc312383) lw      t2, -61(sp)
core   0: 3 0x80006f96 (0xfc312383) x 7 0x24252627 mem 0x80015f6c
core   0: 0x80006f9a (0x0ff40b03) lb      s6, 255(s0)
core   0: 3 0x80006f9a (0x0ff40b03) x22 0x0000007e mem 0x8001e9c5
core   0: 0x80006f9e (0x02e42303) lw      t1, 46(s0)
core   0: 3 0x80006f9e (0x02e42303) x 6 0xacadaeaf mem 0x8001e8f4
core   0: 0x80006fa2 (0xff684f03) lbu     t5, -10(a6)
core   0: 3 0x80006fa2 (0xff684f03) x30 0x000000cd mem 0x80020716
core   0: 0x80006fa6 (0x03b14003) lbu     zero, 59(sp)
core   0: 3 0x80006fa6 (0x03b14003) mem 0x80015fe4
core   0: 0x80006faa (0x065409a3) sb      t0, 115(s0)
core   0: 3 0x80006faa (0x065409a3) mem 0x8001e939 0xf7
core   0: 0x80006fae (0x0000a117) auipc   sp, 0xa
core   0: 3 0x80006fae (0x0000a117) x 2 0x80010fae
core   0: 0x80006fb2 (0xfe610113) addi    sp, sp, -26
core   0: 3 0x80006fb2 (0xfe610113) x 2 0x80010f94
core   0: 0x80006fb6 (0xffe10903) lb      s2, -2(sp)
core   0: 3 0x80006fb6 (0xffe10903) x18 0x00000049 mem 0x80010f92
core   0: 0x80006fba (0x40095933) sra     s2, s2, zero
core   0: 3 0x80006fba (0x40095933) x18 0x00000049
core   0: 0x80006fbe (0xcc558413) addi    s0, a1, -827
core   0: 3 0x80006fbe (0xcc558413) x 8 0xfffffdb6
core   0: 0x80006fc2 (0xff710803) lb      a6, -9(sp)
core   0: 3 0x80006fc2 (0xff710803) x16 0x00000040 mem 0x80010f8b
core   0: 0x80006fc6 (0xcbb90813) addi    a6, s2, -837
core   0: 3 0x80006fc6 (0xcbb90813) x16 0xfffffd04
core   0: 0x80006fca (0x02b42933) mulhsu  s2, s0, a1
core   0: 3 0x80006fca (0x02b42933) x18 0xffffffff
core   0: 0x80006fce (0xfea10783) lb      a5, -22(sp)
core   0: 3 0x80006fce (0xfea10783) x15 0x00000000 mem 0x80010f7e
core   0: 0x80006fd2 (0xfc914783) lbu     a5, -55(sp)
core   0: 3 0x80006fd2 (0xfc914783) x15 0x00000016 mem 0x80010f5d
core   0: 0x80006fd6 (0x53082793) slti    a5, a6, 1328
core   0: 3 0x80006fd6 (0x53082793) x15 0x00000001
core   0: 0x80006fda (0x02710003) lb      zero, 39(sp)
core   0: 3 0x80006fda (0x02710003) mem 0x80010fbb
core   0: 0x80006fde (0x03b10903) lb      s2, 59(sp)
core   0: 3 0x80006fde (0x03b10903) x18 0xffffff80 mem 0x80010fcf
core   0: 0x80006fe2 (0x028108a3) sb      s0, 49(sp)
core   0: 3 0x80006fe2 (0x028108a3) mem 0x80010fc5 0xb6
core   0: 0x80006fe6 (0x000065c9) c.lui   a1, 0x12
core   0: 3 0x80006fe6 (0x65c9) x11 0x00012000
core   0: 0x80006fe8 (0xfe414003) lbu     zero, -28(sp)
core   0: 3 0x80006fe8 (0xfe414003) mem 0x80010f78
core   0: 0x80006fec (0x00b10523) sb      a1, 10(sp)
core   0: 3 0x80006fec (0x00b10523) mem 0x80010f9e 0x0
core   0: 0x80006ff0 (0x02810fa3) sb      s0, 63(sp)
core   0: 3 0x80006ff0 (0x02810fa3) mem 0x80010fd3 0xb6
core   0: 0x80006ff4 (0x0000187d) c.addi  a6, -1
core   0: 3 0x80006ff4 (0x187d) x16 0xfffffd03
core   0: 0x80006ff6 (0x0177d013) srli    zero, a5, 23
core   0: 3 0x80006ff6 (0x0177d013)
core   0: 0x80006ffa (0x010415b3) sll     a1, s0, a6
core   0: 3 0x80006ffa (0x010415b3) x11 0xffffedb0
core   0: 0x80006ffe (0x02f06833) rem     a6, zero, a5
core   0: 3 0x80006ffe (0x02f06833) x16 0x00000000
core   0: 0x80007002 (0x02310783) lb      a5, 35(sp)
core   0: 3 0x80007002 (0x02310783) x15 0x0000006c mem 0x80010fb7
core   0: 0x80007006 (0x0307f7b3) remu    a5, a5, a6
core   0: 3 0x80007006 (0x0307f7b3) x15 0x0000006c
core   0: 0x8000700a (0x03f10803) lb      a6, 63(sp)
core   0: 3 0x8000700a (0x03f10803) x16 0xffffffb6 mem 0x80010fd3
core   0: 0x8000700e (0x00008805) c.andi  s0, 1
core   0: 3 0x8000700e (0x8805) x 8 0x00000000
core   0: 0x80007010 (0xfe011803) lh      a6, -32(sp)
core   0: 3 0x80007010 (0xfe011803) x16 0x00002e2f mem 0x80010f74
core   0: 0x80007014 (0x0000c222) c.swsp  s0, 4(sp)
core   0: 3 0x80007014 (0xc222) mem 0x80010f98 0x00000000
core   0: 0x80007016 (0xfe910783) lb      a5, -23(sp)
core   0: 3 0x80007016 (0xfe910783) x15 0x00000036 mem 0x80010f7d
core   0: 0x8000701a (0x03002433) mulhsu  s0, zero, a6
core   0: 3 0x8000701a (0x03002433) x 8 0x00000000
core   0: 0x8000701e (0x41505913) srai    s2, zero, 21
core   0: 3 0x8000701e (0x41505913) x18 0x00000000
core   0: 0x80007022 (0x03114583) lbu     a1, 49(sp)
core   0: 3 0x80007022 (0x03114583) x11 0x000000b6 mem 0x80010fc5
core   0: 0x80007026 (0xfed14903) lbu     s2, -19(sp)
core   0: 3 0x80007026 (0xfed14903) x18 0x0000003a mem 0x80010f81
core   0: 0x8000702a (0xfdc12783) lw      a5, -36(sp)
core   0: 3 0x8000702a (0xfdc12783) x15 0x28292a2b mem 0x80010f70
core   0: 0x8000702e (0xfe811323) sh      s0, -26(sp)
core   0: 3 0x8000702e (0xfe811323) mem 0x80010f7a 0x0000
core   0: 0x80007032 (0xa6804413) xori    s0, zero, -1432
core   0: 3 0x80007032 (0xa6804413) x 8 0xfffffa68
core   0: 0x80007036 (0x03a11783) lh      a5, 58(sp)
core   0: 3 0x80007036 (0x03a11783) x15 0xffff8002 mem 0x80010fce
core   0: 0x8000703a (0x0000c022) c.swsp  s0, 0(sp)
core   0: 3 0x8000703a (0xc022) mem 0x80010f94 0xfffffa68
core   0: 0x8000703c (0x03297033) remu    zero, s2, s2
core   0: 3 0x8000703c (0x03297033)
core   0: 0x80007040 (0x02891933) mulh    s2, s2, s0
core   0: 3 0x80007040 (0x02891933) x18 0xffffffff
core   0: 0x80007044 (0xfd215803) lhu     a6, -46(sp)
core   0: 3 0x80007044 (0xfd215803) x16 0x00001c1d mem 0x80010f66
core   0: 0x80007048 (0x02a10803) lb      a6, 42(sp)
core   0: 3 0x80007048 (0x02a10803) x16 0x00000075 mem 0x80010fbe
core   0: 0x8000704c (0xfeb12623) sw      a1, -20(sp)
core   0: 3 0x8000704c (0xfeb12623) mem 0x80010f80 0x000000b6
core   0: 0x80007050 (0x00810ba3) sb      s0, 23(sp)
core   0: 3 0x80007050 (0x00810ba3) mem 0x80010fab 0x68
core   0: 0x80007054 (0x00b101a3) sb      a1, 3(sp)
core   0: 3 0x80007054 (0x00b101a3) mem 0x80010f97 0xb6
core   0: 0x80007058 (0x00d14903) lbu     s2, 13(sp)
core   0: 3 0x80007058 (0x00d14903) x18 0x0000005a mem 0x80010fa1
core   0: 0x8000705c (0x00b407b3) add     a5, s0, a1
core   0: 3 0x8000705c (0x00b407b3) x15 0xfffffb1e
core   0: 0x80007060 (0x02b11123) sh      a1, 34(sp)
core   0: 3 0x80007060 (0x02b11123) mem 0x80010fb6 0x00b6
core   0: 0x80007064 (0x00012717) auipc   a4, 0x12
core   0: 3 0x80007064 (0x00012717) x14 0x80019064
core   0: 0x80007068 (0xc4870713) addi    a4, a4, -952
core   0: 3 0x80007068 (0xc4870713) x14 0x80018cac
core   0: 0x8000706c (0x00009d97) auipc   s11, 0x9
core   0: 3 0x8000706c (0x00009d97) x27 0x8001006c
core   0: 0x80007070 (0x620d8d93) addi    s11, s11, 1568
core   0: 3 0x80007070 (0x620d8d93) x27 0x8001068c
core   0: 0x80007074 (0xfdd70f03) lb      t5, -35(a4)
core   0: 3 0x80007074 (0xfdd70f03) x30 0x00000042 mem 0x80018c89
core   0: 0x80007078 (0xff8d9d23) sh      s8, -6(s11)
core   0: 3 0x80007078 (0xff8d9d23) mem 0x80010686 0x00cf
core   0: 0x8000707c (0x0e171323) sh      ra, 230(a4)
core   0: 3 0x8000707c (0x0e171323) mem 0x80018d92 0x6d94
core   0: 0x80007080 (0x005dc803) lbu     a6, 5(s11)
core   0: 3 0x80007080 (0x005dc803) x16 0x0000004a mem 0x80010691
core   0: 0x80007084 (0x05774003) lbu     zero, 87(a4)
core   0: 3 0x80007084 (0x05774003) mem 0x80018d03
core   0: 0x80007088 (0x015d9723) sh      s5, 14(s11)
core   0: 3 0x80007088 (0x015d9723) mem 0x8001069a 0x9ce4
core   0: 0x8000708c (0x06170003) lb      zero, 97(a4)
core   0: 3 0x8000708c (0x06170003) mem 0x80018d0d
core   0: 0x80007090 (0x001dce83) lbu     t4, 1(s11)
core   0: 3 0x80007090 (0x001dce83) x29 0x00000046 mem 0x8001068d
core   0: 0x80007094 (0x04e70b23) sb      a4, 86(a4)
core   0: 3 0x80007094 (0x04e70b23) mem 0x80018d02 0xac
core   0: 0x80007098 (0xfe6d8da3) sb      t1, -5(s11)
core   0: 3 0x80007098 (0xfe6d8da3) mem 0x80010687 0xaf
core   0: 0x8000709c (0x00cdd983) lhu     s3, 12(s11)
core   0: 3 0x8000709c (0x00cdd983) x19 0x00005253 mem 0x80010698
core   0: 0x800070a0 (0x01fda423) sw      t6, 8(s11)
core   0: 3 0x800070a0 (0x01fda423) mem 0x80010694 0x00000058
core   0: 0x800070a4 (0x09570ba3) sb      s5, 151(a4)
core   0: 3 0x800070a4 (0x09570ba3) mem 0x80018d43 0xe4
core   0: 0x800070a8 (0x01ed81a3) sb      t5, 3(s11)
core   0: 3 0x800070a8 (0x01ed81a3) mem 0x8001068f 0x42
core   0: 0x800070ac (0x00dd8083) lb      ra, 13(s11)
core   0: 3 0x800070ac (0x00dd8083) x 1 0x00000052 mem 0x80010699
core   0: 0x800070b0 (0xff1dc883) lbu     a7, -15(s11)
core   0: 3 0x800070b0 (0xff1dc883) x17 0x00000036 mem 0x8001067d
core   0: 0x800070b4 (0xf6271b83) lh      s7, -158(a4)
core   0: 3 0x800070b4 (0xf6271b83) x23 0xffffc4c5 mem 0x80018c0e
core   0: 0x800070b8 (0x00009e97) auipc   t4, 0x9
core   0: 3 0x800070b8 (0x00009e97) x29 0x800100b8
core   0: 0x800070bc (0x3e1e8e93) addi    t4, t4, 993
core   0: 3 0x800070bc (0x3e1e8e93) x29 0x80010499
core   0: 0x800070c0 (0x004e8983) lb      s3, 4(t4)
core   0: 3 0x800070c0 (0x004e8983) x19 0x00000056 mem 0x8001049d
core   0: 0x800070c4 (0x00bed703) lhu     a4, 11(t4)
core   0: 3 0x800070c4 (0x00bed703) x14 0x00005e5f mem 0x800104a4
core   0: 0x800070c8 (0x01985813) srli    a6, a6, 25
core   0: 3 0x800070c8 (0x01985813) x16 0x00000000
core   0: 0x800070cc (0x0305c9b3) div     s3, a1, a6
core   0: 3 0x800070cc (0x0305c9b3) x19 0xffffffff
core   0: 0x800070d0 (0x006ec583) lbu     a1, 6(t4)
core   0: 3 0x800070d0 (0x006ec583) x11 0x00000054 mem 0x8001049f
core   0: 0x800070d4 (0x0215b5b3) mulhu   a1, a1, ra
core   0: 3 0x800070d4 (0x0215b5b3) x11 0x00000000
core   0: 0x800070d8 (0xfe7e8823) sb      t2, -16(t4)
core   0: 3 0x800070d8 (0xfe7e8823) mem 0x80010489 0x27
core   0: 0x800070dc (0x007e8323) sb      t2, 6(t4)
core   0: 3 0x800070dc (0x007e8323) mem 0x8001049f 0x27
core   0: 0x800070e0 (0x0000039a) c.slli  t2, 6
core   0: 3 0x800070e0 (0x039a) x 7 0x094989c0
core   0: 0x800070e2 (0xffeec803) lbu     a6, -2(t4)
core   0: 3 0x800070e2 (0xffeec803) x16 0x0000004c mem 0x80010497
core   0: 0x800070e6 (0x000053fd) c.li    t2, -1
core   0: 3 0x800070e6 (0x53fd) x 7 0xffffffff
core   0: 0x800070e8 (0x02ee80a3) sb      a4, 33(t4)
core   0: 3 0x800070e8 (0x02ee80a3) mem 0x800104ba 0x5f
core   0: 0x800070ec (0xfc7e8b23) sb      t2, -42(t4)
core   0: 3 0x800070ec (0xfc7e8b23) mem 0x8001046f 0xff
core   0: 0x800070f0 (0xfecec703) lbu     a4, -20(t4)
core   0: 3 0x800070f0 (0xfecec703) x14 0x0000003e mem 0x80010485
core   0: 0x800070f4 (0x000009ea) c.slli  s3, 26
core   0: 3 0x800070f4 (0x09ea) x19 0xfc000000
core   0: 0x800070f6 (0x0000187d) c.addi  a6, -1
core   0: 3 0x800070f6 (0x187d) x16 0x0000004b
core   0: 0x800070f8 (0x03cec803) lbu     a6, 60(t4)
core   0: 3 0x800070f8 (0x03cec803) x16 0x0000008e mem 0x800104d5
core   0: 0x800070fc (0x007e8f23) sb      t2, 30(t4)
core   0: 3 0x800070fc (0x007e8f23) mem 0x800104b7 0xff
core   0: 0x80007100 (0xfe9ec083) lbu     ra, -23(t4)
core   0: 3 0x80007100 (0xfe9ec083) x 1 0x00000039 mem 0x80010482
core   0: 0x80007104 (0x0210b0b3) mulhu   ra, ra, ra
core   0: 3 0x80007104 (0x0210b0b3) x 1 0x00000000
core   0: 0x80007108 (0x35d0e813) ori     a6, ra, 861
core   0: 3 0x80007108 (0x35d0e813) x16 0x0000035d
core   0: 0x8000710c (0xfc6ec803) lbu     a6, -58(t4)
core   0: 3 0x8000710c (0xfc6ec803) x16 0x00000014 mem 0x8001045f
core   0: 0x80007110 (0x40e80733) sub     a4, a6, a4
core   0: 3 0x80007110 (0x40e80733) x14 0xffffffd6
core   0: 0x80007114 (0x000003f5) c.addi  t2, 29
core   0: 3 0x80007114 (0x03f5) x 7 0x0000001c
core   0: 0x80007116 (0xfcbe8323) sb      a1, -58(t4)
core   0: 3 0x80007116 (0xfcbe8323) mem 0x8001045f 0x0
core   0: 0x8000711a (0x0000070d) c.addi  a4, 3
core   0: 3 0x8000711a (0x070d) x14 0xffffffd9
core   0: 0x8000711c (0x02ee8803) lb      a6, 46(t4)
core   0: 3 0x8000711c (0x02ee8803) x16 0x0000007c mem 0x800104c7
core   0: 0x80007120 (0xfcbe8ca3) sb      a1, -39(t4)
core   0: 3 0x80007120 (0xfcbe8ca3) mem 0x80010472 0x0
core   0: 0x80007124 (0x013e8a23) sb      s3, 20(t4)
core   0: 3 0x80007124 (0x013e8a23) mem 0x800104ad 0x0
core   0: 0x80007128 (0x00009117) auipc   sp, 0x9
core   0: 3 0x80007128 (0x00009117) x 2 0x80010128
core   0: 0x8000712c (0x55310113) addi    sp, sp, 1363
core   0: 3 0x8000712c (0x55310113) x 2 0x8001067b
core   0: 0x80007130 (0x00000675) c.addi  a2, 29
core   0: 3 0x80007130 (0x0675) x12 0xffff94b2
core   0: 0x80007132 (0x03511283) lh      t0, 53(sp)
core   0: 3 0x80007132 (0x03511283) x 5 0x00006a6b mem 0x800106b0
core   0: 0x80007136 (0x00514f03) lbu     t5, 5(sp)
core   0: 3 0x80007136 (0x00514f03) x30 0x0000003b mem 0x80010680
core   0: 0x8000713a (0x02af7eb3) remu    t4, t5, a0
core   0: 3 0x8000713a (0x02af7eb3) x29 0x0000003b
core   0: 0x8000713e (0x00000001) c.nop
core   0: 3 0x8000713e (0x0001)
core   0: 0x80007140 (0x00810283) lb      t0, 8(sp)
core   0: 3 0x80007140 (0x00810283) x 5 0x00000038 mem 0x80010683
core   0: 0x80007144 (0xfce14283) lbu     t0, -50(sp)
core   0: 3 0x80007144 (0xfce14283) x 5 0x00000002 mem 0x80010649
core   0: 0x80007148 (0x02a115a3) sh      a0, 43(sp)
core   0: 3 0x80007148 (0x02a115a3) mem 0x800106a6 0x0058
core   0: 0x8000714c (0x02cf4533) div     a0, t5, a2
core   0: 3 0x8000714c (0x02cf4533) x10 0x00000000
core   0: 0x80007150 (0x03df7f33) remu    t5, t5, t4
core   0: 3 0x80007150 (0x03df7f33) x30 0x00000000
core   0: 0x80007154 (0xfcf15f03) lhu     t5, -49(sp)
core   0: 3 0x80007154 (0xfcf15f03) x30 0x00000001 mem 0x8001064a
core   0: 0x80007158 (0x03810e83) lb      t4, 56(sp)
core   0: 3 0x80007158 (0x03810e83) x29 0x00000000 mem 0x800106b3
core   0: 0x8000715c (0xfc511283) lh      t0, -59(sp)
core   0: 3 0x8000715c (0xfc511283) x 5 0xfffffafb mem 0x80010640
core   0: 0x80007160 (0x000082b2) c.mv    t0, a2
core   0: 3 0x80007160 (0x82b2) x 5 0xffff94b2
core   0: 0x80007162 (0x00315e83) lhu     t4, 3(sp)
core   0: 3 0x80007162 (0x00315e83) x29 0x00003435 mem 0x8001067e
core   0: 0x80007166 (0x835e8293) addi    t0, t4, -1995
core   0: 3 0x80007166 (0x835e8293) x 5 0x00002c6a
core   0: 0x8000716a (0x03d10c23) sb      t4, 56(sp)
core   0: 3 0x8000716a (0x03d10c23) mem 0x800106b3 0x35
core   0: 0x8000716e (0x00000001) c.nop
core   0: 3 0x8000716e (0x0001)
core   0: 0x80007170 (0x02ced533) divu    a0, t4, a2
core   0: 3 0x80007170 (0x02ced533) x10 0x00000000
core   0: 0x80007174 (0xfe510d23) sb      t0, -6(sp)
core   0: 3 0x80007174 (0xfe510d23) mem 0x80010675 0x6a
core   0: 0x80007178 (0x00009a7d) c.andi  a2, -1
core   0: 3 0x80007178 (0x9a7d) x12 0xffff94b2
core   0: 0x8000717a (0xfec10023) sb      a2, -32(sp)
core   0: 3 0x8000717a (0xfec10023) mem 0x8001065b 0xb2
core   0: 0x8000717e (0x005e8533) add     a0, t4, t0
core   0: 3 0x8000717e (0x005e8533) x10 0x0000609f
core   0: 0x80007182 (0x00008d71) c.and   a0, a2
core   0: 3 0x80007182 (0x8d71) x10 0x00000092
core   0: 0x80007184 (0x02814503) lbu     a0, 40(sp)
core   0: 3 0x80007184 (0x02814503) x10 0x00000058 mem 0x800106a3
core   0: 0x80007188 (0x00004435) c.li    s0, 13
core   0: 3 0x80007188 (0x4435) x 8 0x0000000d
core   0: 0x8000718a (0x02c62eb3) mulhsu  t4, a2, a2
core   0: 3 0x8000718a (0x02c62eb3) x29 0xffff94b2
core   0: 0x8000718e (0x00c10403) lb      s0, 12(sp)
core   0: 3 0x8000718e (0x00c10403) x 8 0xffffffaf mem 0x80010687
core   0: 0x80007192 (0x00b14e83) lbu     t4, 11(sp)
core   0: 3 0x80007192 (0x00b14e83) x29 0x000000cf mem 0x80010686
core   0: 0x80007196 (0x01ef1e93) slli    t4, t5, 30
core   0: 3 0x80007196 (0x01ef1e93) x29 0x40000000
core   0: 0x8000719a (0x000042d1) c.li    t0, 20
core   0: 3 0x8000719a (0x42d1) x 5 0x00000014
core   0: 0x8000719c (0x00000556) c.slli  a0, 21
core   0: 3 0x8000719c (0x0556) x10 0x0b000000
core   0: 0x8000719e (0xffc10403) lb      s0, -4(sp)
core   0: 3 0x8000719e (0xffc10403) x 8 0x0000002c mem 0x80010677
core   0: 0x800071a2 (0x00000001) c.nop
core   0: 3 0x800071a2 (0x0001)
core   0: 0x800071a4 (0x03d11ea3) sh      t4, 61(sp)
core   0: 3 0x800071a4 (0x03d11ea3) mem 0x800106b8 0x0000
core   0: 0x800071a8 (0xfca10f03) lb      t5, -54(sp)
core   0: 3 0x800071a8 (0xfca10f03) x30 0xfffffffe mem 0x80010645
core   0: 0x800071ac (0x00008d71) c.and   a0, a2
core   0: 3 0x800071ac (0x8d71) x10 0x0b000000
core   0: 0x800071ae (0xfe810283) lb      t0, -24(sp)
core   0: 3 0x800071ae (0xfe810283) x 5 0x00000018 mem 0x80010663
core   0: 0x800071b2 (0x02b11f03) lh      t5, 43(sp)
core   0: 3 0x800071b2 (0x02b11f03) x30 0x00000058 mem 0x800106a6
core   0: 0x800071b6 (0xbd846293) ori     t0, s0, -1064
core   0: 3 0x800071b6 (0xbd846293) x 5 0xfffffbfc
core   0: 0x800071ba (0x00c2bf33) sltu    t5, t0, a2
core   0: 3 0x800071ba (0x00c2bf33) x30 0x00000000
core   0: 0x800071be (0x00cf1eb3) sll     t4, t5, a2
core   0: 3 0x800071be (0x00cf1eb3) x29 0x00000000
core   0: 0x800071c2 (0xfd014503) lbu     a0, -48(sp)
core   0: 3 0x800071c2 (0xfd014503) x10 0x00000000 mem 0x8001064b
core   0: 0x800071c6 (0xe8462513) slti    a0, a2, -380
core   0: 3 0x800071c6 (0xe8462513) x10 0x00000001
core   0: 0x800071ca (0xff515283) lhu     t0, -11(sp)
core   0: 3 0x800071ca (0xff515283) x 5 0x00002a2b mem 0x80010670
core   0: 0x800071ce (0x0000824d) c.srli  a2, 19
core   0: 3 0x800071ce (0x824d) x12 0x00001fff
core   0: 0x800071d0 (0x95546293) ori     t0, s0, -1707
core   0: 3 0x800071d0 (0x95546293) x 5 0xfffff97d
core   0: 0x800071d4 (0xfe314403) lbu     s0, -29(sp)
core   0: 3 0x800071d4 (0xfe314403) x 8 0x00000015 mem 0x8001065e
core   0: 0x800071d8 (0xd8556293) ori     t0, a0, -635
core   0: 3 0x800071d8 (0xd8556293) x 5 0xfffffd85
core   0: 0x800071dc (0x00008d11) c.sub   a0, a2
core   0: 3 0x800071dc (0x8d11) x10 0xffffe002
core   0: 0x800071de (0x018f5293) srli    t0, t5, 24
core   0: 3 0x800071de (0x018f5293) x 5 0x00000000
core   0: 0x800071e2 (0x03de9433) mulh    s0, t4, t4
core   0: 3 0x800071e2 (0x03de9433) x 8 0x00000000
core   0: 0x800071e6 (0xffe109a3) sb      t5, -13(sp)
core   0: 3 0x800071e6 (0xffe109a3) mem 0x8001066e 0x0
core   0: 0x800071ea (0x40cf52b3) sra     t0, t5, a2
core   0: 3 0x800071ea (0x40cf52b3) x 5 0x00000000
core   0: 0x800071ee (0xffe10223) sb      t5, -28(sp)
core   0: 3 0x800071ee (0xffe10223) mem 0x8001065f 0x0
core   0: 0x800071f2 (0x0000c697) auipc   a3, 0xc
core   0: 3 0x800071f2 (0x0000c697) x13 0x800131f2
core   0: 0x800071f6 (0x9a368693) addi    a3, a3, -1629
core   0: 3 0x800071f6 (0x9a368693) x13 0x80012b95
core   0: 0x800071fa (0x00018d17) auipc   s10, 0x18
core   0: 3 0x800071fa (0x00018d17) x26 0x8001f1fa
core   0: 0x800071fe (0x1cdd0d13) addi    s10, s10, 461
core   0: 3 0x800071fe (0x1cdd0d13) x26 0x8001f3c7
core   0: 0x80007202 (0xf75d4403) lbu     s0, -139(s10)
core   0: 3 0x80007202 (0xf75d4403) x 8 0x000000f7 mem 0x8001f33c
core   0: 0x80007206 (0x0aad4d83) lbu     s11, 170(s10)
core   0: 3 0x80007206 (0x0aad4d83) x27 0x0000002a mem 0x8001f471
core   0: 0x8000720a (0x4a569103) lh      sp, 1189(a3)
core   0: 3 0x8000720a (0x4a569103) x 2 0xfffff0f1 mem 0x8001303a
core   0: 0x8000720e (0xf0b6cb83) lbu     s7, -245(a3)
core   0: 3 0x8000720e (0xf0b6cb83) x23 0x0000005b mem 0x80012aa0
core   0: 0x80007212 (0x0b7d0423) sb      s7, 168(s10)
core   0: 3 0x80007212 (0x0b7d0423) mem 0x8001f46f 0x5b
core   0: 0x80007216 (0x00c6c483) lbu     s1, 12(a3)
core   0: 3 0x80007216 (0x00c6c483) x 9 0x0000005a mem 0x80012ba1
core   0: 0x8000721a (0xd3f683a3) sb      t6, -729(a3)
core   0: 3 0x8000721a (0xd3f683a3) mem 0x800128bc 0x58
core   0: 0x8000721e (0xf50d0983) lb      s3, -176(s10)
core   0: 3 0x8000721e (0xf50d0983) x19 0xffffffcc mem 0x8001f317
core   0: 0x80007222 (0x3d668f03) lb      t5, 982(a3)
core   0: 3 0x80007222 (0x3d668f03) x30 0x00000020 mem 0x80012f6b
core   0: 0x80007226 (0xfccd0383) lb      t2, -52(s10)
core   0: 3 0x80007226 (0xfccd0383) x 7 0x00000048 mem 0x8001f393
core   0: 0x8000722a (0xeba689a3) sb      s10, -333(a3)
core   0: 3 0x8000722a (0xeba689a3) mem 0x80012a48 0xc7
core   0: 0x8000722e (0xf7dd1e03) lh      t3, -131(s10)
core   0: 3 0x8000722e (0xf7dd1e03) x28 0xfffffeff mem 0x8001f344
core   0: 0x80007232 (0xf03d1aa3) sh      gp, -235(s10)
core   0: 3 0x80007232 (0xf03d1aa3) mem 0x8001f2dc 0x0076
core   0: 0x80007236 (0x23d68903) lb      s2, 573(a3)
core   0: 3 0x80007236 (0x23d68903) x18 0xffffff89 mem 0x80012dd2
core   0: 0x8000723a (0x03cd4703) lbu     a4, 60(s10)
core   0: 3 0x8000723a (0x03cd4703) x14 0x000000b8 mem 0x8001f403
core   0: 0x8000723e (0xffad0723) sb      s10, -18(s10)
core   0: 3 0x8000723e (0xffad0723) mem 0x8001f3b5 0xc7
core   0: 0x80007242 (0x00200d93) li      s11, 2
core   0: 3 0x80007242 (0x00200d93) x27 0x00000002
core   0: 0x80007246 (0x00700f93) li      t6, 7
core   0: 3 0x80007246 (0x00700f93) x31 0x00000007
core   0: 0x8000724a (0x00000001) c.nop
core   0: 3 0x8000724a (0x0001)
core   0: 0x8000724c (0x025af5b3) remu    a1, s5, t0
core   0: 3 0x8000724c (0x025af5b3) x11 0x80029ce4
core   0: 0x80007250 (0x00000d95) c.addi  s11, 5
core   0: 3 0x80007250 (0x0d95) x27 0x00000007
core   0: 0x80007252 (0x00400f13) li      t5, 4
core   0: 3 0x80007252 (0x00400f13) x30 0x00000004
core   0: 0x80007256 (0x00300913) li      s2, 3
core   0: 3 0x80007256 (0x00300913) x18 0x00000003
core   0: 0x8000725a (0x005a5793) srli    a5, s4, 5
core   0: 3 0x8000725a (0x005a5793) x15 0x005656ad
core   0: 0x8000725e (0x02404b33) div     s6, zero, tp
core   0: 3 0x8000725e (0x02404b33) x22 0x00000000
core   0: 0x80007262 (0x009bd113) srli    sp, s7, 9
core   0: 3 0x80007262 (0x009bd113) x 2 0x00000000
core   0: 0x80007266 (0x00001f79) c.addi  t5, -2
core   0: 3 0x80007266 (0x1f79) x30 0x00000002
core   0: 0x80007268 (0xff2f7be3) bgeu    t5, s2, pc - 10
core   0: 3 0x80007268 (0xff2f7be3)
core   0: 0x8000726c (0x4048d6b3) sra     a3, a7, tp
core   0: 3 0x8000726c (0x4048d6b3) x13 0x00000036
core   0: 0x80007270 (0xfdfd9ee3) bne     s11, t6, pc - 36
core   0: 3 0x80007270 (0xfdfd9ee3)
core   0: 0x80007274 (0x007c5e33) srl     t3, s8, t2
core   0: 3 0x80007274 (0x007c5e33) x28 0x00000000
core   0: 0x80007278 (0xff800f93) li      t6, -8
core   0: 3 0x80007278 (0xff800f93) x31 0xfffffff8
core   0: 0x8000727c (0x03535f33) divu    t5, t1, s5
core   0: 3 0x8000727c (0x03535f33) x30 0x00000001
core   0: 0x80007280 (0x8d902693) slti    a3, zero, -1831
core   0: 3 0x80007280 (0x8d902693) x13 0x00000000
core   0: 0x80007284 (0x00d00d13) li      s10, 13
core   0: 3 0x80007284 (0x00d00d13) x26 0x0000000d
core   0: 0x80007288 (0x036cfc33) remu    s8, s9, s6
core   0: 3 0x80007288 (0x036cfc33) x24 0x80025e58
core   0: 0x8000728c (0x2c9e6693) ori     a3, t3, 713
core   0: 3 0x8000728c (0x2c9e6693) x13 0x000002c9
core   0: 0x80007290 (0x04808593) addi    a1, ra, 72
core   0: 3 0x80007290 (0x04808593) x11 0x00000048
core   0: 0x80007294 (0x00000f85) c.addi  t6, 1
core   0: 3 0x80007294 (0x0f85) x31 0xfffffff9
core   0: 0x80007296 (0x408cda13) srai    s4, s9, 8
core   0: 3 0x80007296 (0x408cda13) x20 0xff80025e
core   0: 0x8000729a (0xffb00493) li      s1, -5
core   0: 3 0x8000729a (0xffb00493) x 9 0xfffffffb
core   0: 0x8000729e (0x00000001) c.nop
core   0: 3 0x8000729e (0x0001)
core   0: 0x800072a0 (0x27e36713) ori     a4, t1, 638
core   0: 3 0x800072a0 (0x27e36713) x14 0xacadaeff
core   0: 0x800072a4 (0xed0e7693) andi    a3, t3, -304
core   0: 3 0x800072a4 (0xed0e7693) x13 0x00000000
core   0: 0x800072a8 (0x00006ee1) c.lui   t4, 0x18
core   0: 3 0x800072a8 (0x6ee1) x29 0x00018000
core   0: 0x800072aa (0xada34893) xori    a7, t1, -1318
core   0: 3 0x800072aa (0xada34893) x17 0x53525475
core   0: 0x800072ae (0x00cc0a33) add     s4, s8, a2
core   0: 3 0x800072ae (0x00cc0a33) x20 0x80027e57
core   0: 0x800072b2 (0x00000485) c.addi  s1, 1
core   0: 3 0x800072b2 (0x0485) x 9 0xfffffffc
core   0: 0x800072b4 (0x0000d4f5) c.beqz  s1, pc - 20
core   0: 3 0x800072b4 (0xd4f5)
core   0: 0x800072b6 (0x0ff0000f) fence   iorw,iorw
core   0: 3 0x800072b6 (0x0ff0000f)
core   0: 0x800072ba (0x00008436) c.mv    s0, a3
core   0: 3 0x800072ba (0x8436) x 8 0x00000000
core   0: 0x800072bc (0x000050fd) c.li    ra, -1
core   0: 3 0x800072bc (0x50fd) x 1 0xffffffff
core   0: 0x800072be (0x019718b3) sll     a7, a4, s9
core   0: 3 0x800072be (0x019718b3) x17 0xff000000
core   0: 0x800072c2 (0x33c93313) sltiu   t1, s2, 828
core   0: 3 0x800072c2 (0x33c93313) x 6 0x00000001
core   0: 0x800072c6 (0x40e05813) srai    a6, zero, 14
core   0: 3 0x800072c6 (0x40e05813) x16 0x00000000
core   0: 0x800072ca (0x0055ee33) or      t3, a1, t0
core   0: 3 0x800072ca (0x0055ee33) x28 0x00000048
core   0: 0x800072ce (0xfdaf81e3) beq     t6, s10, pc - 62
core   0: 3 0x800072ce (0xfdaf81e3)
core   0: 0x800072d2 (0x00008c21) c.xor   s0, s0
core   0: 3 0x800072d2 (0x8c21) x 8 0x00000000
core   0: 0x800072d4 (0x00018397) auipc   t2, 0x18
core   0: 3 0x800072d4 (0x00018397) x 7 0x8001f2d4
core   0: 0x800072d8 (0x13438393) addi    t2, t2, 308
core   0: 3 0x800072d8 (0x13438393) x 7 0x8001f408
core   0: 0x800072dc (0x02d38aa3) sb      a3, 53(t2)
core   0: 3 0x800072dc (0x02d38aa3) mem 0x8001f43d 0x0
core   0: 0x800072e0 (0x03538b03) lb      s6, 53(t2)
core   0: 3 0x800072e0 (0x03538b03) x22 0x00000000 mem 0x8001f43d
core   0: 0x800072e4 (0x02038aa3) sb      zero, 53(t2)
core   0: 3 0x800072e4 (0x02038aa3) mem 0x8001f43d 0x0
core   0: 0x800072e8 (0x00e39403) lh      s0, 14(t2)
core   0: 3 0x800072e8 (0x00e39403) x 8 0xffffcccd mem 0x8001f416
core   0: 0x800072ec (0x003387a3) sb      gp, 15(t2)
core   0: 3 0x800072ec (0x003387a3) mem 0x8001f417 0x76
core   0: 0x800072f0 (0x03e39803) lh      a6, 62(t2)
core   0: 3 0x800072f0 (0x03e39803) x16 0xfffffcfd mem 0x8001f446
core   0: 0x800072f4 (0x03e38283) lb      t0, 62(t2)
core   0: 3 0x800072f4 (0x03e38283) x 5 0xfffffffd mem 0x8001f446
core   0: 0x800072f8 (0x03338f23) sb      s3, 62(t2)
core   0: 3 0x800072f8 (0x03338f23) mem 0x8001f446 0xcc
core   0: 0x800072fc (0xfe338703) lb      a4, -29(t2)
core   0: 3 0x800072fc (0xfe338703) x14 0xffffffa0 mem 0x8001f3eb
core   0: 0x80007300 (0xff0381a3) sb      a6, -29(t2)
core   0: 3 0x80007300 (0xff0381a3) mem 0x8001f3eb 0xfd
core   0: 0x80007304 (0x414a5bb3) sra     s7, s4, s4
core   0: 3 0x80007304 (0x414a5bb3) x23 0xffffff00
core   0: 0x80007308 (0x00e39c23) sh      a4, 24(t2)
core   0: 3 0x80007308 (0x00e39c23) mem 0x8001f420 0xffa0
core   0: 0x8000730c (0x028b1c33) mulh    s8, s6, s0
core   0: 3 0x8000730c (0x028b1c33) x24 0x00000000
core   0: 0x80007310 (0x00839c23) sh      s0, 24(t2)
core   0: 3 0x80007310 (0x00839c23) mem 0x8001f420 0xcccd
core   0: 0x80007314 (0x03938b23) sb      s9, 54(t2)
core   0: 3 0x80007314 (0x03938b23) mem 0x8001f43e 0x58
core   0: 0x80007318 (0xfdf38083) lb      ra, -33(t2)
core   0: 3 0x80007318 (0xfdf38083) x 1 0xffffff9c mem 0x8001f3e7
core   0: 0x8000731c (0x00009617) auipc   a2, 0x9
core   0: 3 0x8000731c (0x00009617) x12 0x8001031c
core   0: 0x80007320 (0x1b760613) addi    a2, a2, 439
core   0: 3 0x80007320 (0x1b760613) x12 0x800104d3
core   0: 0x80007324 (0xf8f61da3) sh      a5, -101(a2)
core   0: 3 0x80007324 (0xf8f61da3) mem 0x8001046e 0x56ad
core   0: 0x80007328 (0x00017797) auipc   a5, 0x17
core   0: 3 0x80007328 (0x00017797) x15 0x8001e328
core   0: 0x8000732c (0x1b878793) addi    a5, a5, 440
core   0: 3 0x8000732c (0x1b878793) x15 0x8001e4e0
core   0: 0x80007330 (0xff178923) sb      a7, -14(a5)
core   0: 3 0x80007330 (0xff178923) mem 0x8001e4d2 0x0
core   0: 0x80007334 (0x07c60e83) lb      t4, 124(a2)
core   0: 3 0x80007334 (0x07c60e83) x29 0x00000000 mem 0x8001054f
core   0: 0x80007338 (0x04b65a03) lhu     s4, 75(a2)
core   0: 3 0x80007338 (0x04b65a03) x20 0x0000d4d5 mem 0x8001051e
core   0: 0x8000733c (0x05864403) lbu     s0, 88(a2)
core   0: 3 0x8000733c (0x05864403) x 8 0x000000e0 mem 0x8001052b
core   0: 0x80007340 (0xfe878aa3) sb      s0, -11(a5)
core   0: 3 0x80007340 (0xfe878aa3) mem 0x8001e4d5 0xe0
core   0: 0x80007344 (0xfcb7c983) lbu     s3, -53(a5)
core   0: 3 0x80007344 (0xfcb7c983) x19 0x00000060 mem 0x8001e4ab
core   0: 0x80007348 (0xf5b60123) sb      s11, -190(a2)
core   0: 3 0x80007348 (0xf5b60123) mem 0x80010415 0x7
core   0: 0x8000734c (0x01878fa3) sb      s8, 31(a5)
core   0: 3 0x8000734c (0x01878fa3) mem 0x8001e4ff 0x0
core   0: 0x80007350 (0x08160183) lb      gp, 129(a2)
core   0: 3 0x80007350 (0x08160183) x 3 0xffffffbb mem 0x80010554
core   0: 0x80007354 (0xfc278103) lb      sp, -62(a5)
core   0: 3 0x80007354 (0xfc278103) x 2 0x00000059 mem 0x8001e4a2
core   0: 0x80007358 (0xf6b65803) lhu     a6, -149(a2)
core   0: 3 0x80007358 (0xf6b65803) x16 0x0000f4f5 mem 0x8001043e
core   0: 0x8000735c (0x0000f117) auipc   sp, 0xf
core   0: 3 0x8000735c (0x0000f117) x 2 0x8001635c
core   0: 0x80007360 (0x3e010113) addi    sp, sp, 992
core   0: 3 0x80007360 (0x3e010113) x 2 0x8001673c
core   0: 0x80007364 (0x0131d313) srli    t1, gp, 19
core   0: 3 0x80007364 (0x0131d313) x 6 0x00001fff
core   0: 0x80007368 (0x0000c266) c.swsp  s9, 4(sp)
core   0: 3 0x80007368 (0xc266) mem 0x80016740 0x80025e58
core   0: 0x8000736a (0xfe514403) lbu     s0, -27(sp)
core   0: 3 0x8000736a (0xfe514403) x 8 0x000000da mem 0x80016721
core   0: 0x8000736e (0xfea10f23) sb      a0, -2(sp)
core   0: 3 0x8000736e (0xfea10f23) mem 0x8001673a 0x2
core   0: 0x80007372 (0xfdf14183) lbu     gp, -33(sp)
core   0: 3 0x80007372 (0xfdf14183) x 3 0x000000d0 mem 0x8001671b
core   0: 0x80007376 (0x40edd413) srai    s0, s11, 14
core   0: 3 0x80007376 (0x40edd413) x 8 0x00000000
core   0: 0x8000737a (0xfe012483) lw      s1, -32(sp)
core   0: 3 0x8000737a (0xfe012483) x 9 0xd4d5d6d7 mem 0x8001671c
core   0: 0x8000737e (0x00008455) c.srai  s0, 21
core   0: 3 0x8000737e (0x8455) x 8 0x00000000
core   0: 0x80007380 (0x0000095d) c.addi  s2, 23
core   0: 3 0x80007380 (0x095d) x18 0x0000001a
core   0: 0x80007382 (0x31ea2193) slti    gp, s4, 798
core   0: 3 0x80007382 (0x31ea2193) x 3 0x00000000
core   0: 0x80007386 (0x03a10283) lb      t0, 58(sp)
core   0: 3 0x80007386 (0x03a10283) x 5 0x0000002d mem 0x80016776
core   0: 0x8000738a (0x01b14603) lbu     a2, 27(sp)
core   0: 3 0x8000738a (0x01b14603) x12 0x0000000c mem 0x80016757
core   0: 0x8000738e (0xbb2d4d13) xori    s10, s10, -1102
core   0: 3 0x8000738e (0xbb2d4d13) x26 0xfffffbbf
core   0: 0x80007392 (0xfc312823) sw      gp, -48(sp)
core   0: 3 0x80007392 (0xfc312823) mem 0x8001670c 0x00000000
core   0: 0x80007396 (0x03211703) lh      a4, 50(sp)
core   0: 3 0x80007396 (0x03211703) x14 0x00002425 mem 0x8001676e
core   0: 0x8000739a (0xfd410f83) lb      t6, -44(sp)
core   0: 3 0x8000739a (0xfd410f83) x31 0xffffffcb mem 0x80016710
core   0: 0x8000739e (0xfff10383) lb      t2, -1(sp)
core   0: 3 0x8000739e (0xfff10383) x 7 0xfffffff0 mem 0x8001673b
core   0: 0x800073a2 (0x00000001) c.nop
core   0: 3 0x800073a2 (0x0001)
core   0: 0x800073a4 (0x014d6f33) or      t5, s10, s4
core   0: 3 0x800073a4 (0x014d6f33) x30 0xffffffff
core   0: 0x800073a8 (0x01310883) lb      a7, 19(sp)
core   0: 3 0x800073a8 (0x01310883) x17 0x00000004 mem 0x8001674f
core   0: 0x800073ac (0x000051e2) c.lwsp  gp, 56(sp)
core   0: 3 0x800073ac (0x51e2) x 3 0x2c2d2e2f mem 0x80016774
core   0: 0x800073ae (0x00910d03) lb      s10, 9(sp)
core   0: 3 0x800073ae (0x00910d03) x26 0xfffffffe mem 0x80016745
core   0: 0x800073b2 (0xfdf10283) lb      t0, -33(sp)
core   0: 3 0x800073b2 (0xfdf10283) x 5 0xffffffd0 mem 0x8001671b
core   0: 0x800073b6 (0xfd615403) lhu     s0, -42(sp)
core   0: 3 0x800073b6 (0xfd615403) x 8 0x0000c8c9 mem 0x80016712
core   0: 0x800073ba (0xff414803) lbu     a6, -12(sp)
core   0: 3 0x800073ba (0xff414803) x16 0x000000eb mem 0x80016730
core   0: 0x800073be (0x0000da3a) c.swsp  a4, 52(sp)
core   0: 3 0x800073be (0xda3a) mem 0x80016770 0x00002425
core   0: 0x800073c0 (0x00111523) sh      ra, 10(sp)
core   0: 3 0x800073c0 (0x00111523) mem 0x80016746 0xff9c
core   0: 0x800073c4 (0x03d0e1b3) rem     gp, ra, t4
core   0: 3 0x800073c4 (0x03d0e1b3) x 3 0xffffff9c
core   0: 0x800073c8 (0x0000c40a) c.swsp  sp, 8(sp)
core   0: 3 0x800073c8 (0xc40a) mem 0x80016744 0x8001673c
core   0: 0x800073ca (0x00000506) c.slli  a0, 1
core   0: 3 0x800073ca (0x0506) x10 0xffffc004
core   0: 0x800073cc (0x000061b5) c.lui   gp, 0xd
core   0: 3 0x800073cc (0x61b5) x 3 0x0000d000
core   0: 0x800073ce (0xfd110903) lb      s2, -47(sp)
core   0: 3 0x800073ce (0xfd110903) x18 0x00000000 mem 0x8001670d
core   0: 0x800073d2 (0x00008ffd) c.and   a5, a5
core   0: 3 0x800073d2 (0x8ffd) x15 0x8001e4e0
core   0: 0x800073d4 (0x00000f19) c.addi  t5, 6
core   0: 3 0x800073d4 (0x0f19) x30 0x00000005
core   0: 0x800073d6 (0xa45d4697) auipc   a3, 0xa45d4
core   0: 3 0x800073d6 (0xa45d4697) x13 0x245db3d6
core   0: 0x800073da (0x000056d2) c.lwsp  a3, 52(sp)
core   0: 3 0x800073da (0x56d2) x13 0x00002425 mem 0x80016770
core   0: 0x800073dc (0x016b6e33) or      t3, s6, s6
core   0: 3 0x800073dc (0x016b6e33) x28 0x00000000
core   0: 0x800073e0 (0xff210223) sb      s2, -28(sp)
core   0: 3 0x800073e0 (0xff210223) mem 0x80016720 0x0
core   0: 0x800073e4 (0x000082e9) c.srli  a3, 26
core   0: 3 0x800073e4 (0x82e9) x13 0x00000000
core   0: 0x800073e6 (0x0000d86e) c.swsp  s11, 48(sp)
core   0: 3 0x800073e6 (0xd86e) mem 0x8001676c 0x00000007
core   0: 0x800073e8 (0x0ff0000f) fence   iorw,iorw
core   0: 3 0x800073e8 (0x0ff0000f)
core   0: 0x800073ec (0xfda10ca3) sb      s10, -39(sp)
core   0: 3 0x800073ec (0xfda10ca3) mem 0x80016715 0xfe
core   0: 0x800073f0 (0x01511a33) sll     s4, sp, s5
core   0: 3 0x800073f0 (0x01511a33) x20 0x001673c0
core   0: 0x800073f4 (0x03926f33) rem     t5, tp, s9
core   0: 3 0x800073f4 (0x03926f33) x30 0xfffda1a8
core   0: 0x800073f8 (0x00f6f3b3) and     t2, a3, a5
core   0: 3 0x800073f8 (0x00f6f3b3) x 7 0x00000000
core   0: 0x800073fc (0x007a6fb3) or      t6, s4, t2
core   0: 3 0x800073fc (0x007a6fb3) x31 0x001673c0
core   0: 0x80007400 (0x40dc80b3) sub     ra, s9, a3
core   0: 3 0x80007400 (0x40dc80b3) x 1 0x80025e58
core   0: 0x80007404 (0x025908b3) mul     a7, s2, t0
core   0: 3 0x80007404 (0x025908b3) x17 0x00000000
core   0: 0x80007408 (0x413a83b3) sub     t2, s5, s3
core   0: 3 0x80007408 (0x413a83b3) x 7 0x80029c84
core   0: 0x8000740c (0xfe311323) sh      gp, -26(sp)
core   0: 3 0x8000740c (0xfe311323) mem 0x80016722 0xd000
core   0: 0x80007410 (0xd618ec17) auipc   s8, 0xd618e
core   0: 3 0x80007410 (0xd618ec17) x24 0x56195410
core   0: 0x80007414 (0x00745293) srli    t0, s0, 7
core   0: 3 0x80007414 (0x00745293) x 5 0x00000191
core   0: 0x80007418 (0x0185cbb3) xor     s7, a1, s8
core   0: 3 0x80007418 (0x0185cbb3) x23 0x56195458
core   0: 0x8000741c (0x0000100f) fence.i
core   0: 3 0x8000741c (0x0000100f)
core   0: 0x80007420 (0x030e1333) mulh    t1, t3, a6
core   0: 3 0x80007420 (0x030e1333) x 6 0x00000000
core   0: 0x80007424 (0x03911d23) sh      s9, 58(sp)
core   0: 3 0x80007424 (0x03911d23) mem 0x80016776 0x5e58
core   0: 0x80007428 (0x0000100f) fence.i
core   0: 3 0x80007428 (0x0000100f)
core   0: 0x8000742c (0xfce15b03) lhu     s6, -50(sp)
core   0: 3 0x8000742c (0xfce15b03) x22 0x0000c0c1 mem 0x8001670a
core   0: 0x80007430 (0x02a10783) lb      a5, 42(sp)
core   0: 3 0x80007430 (0x02a10783) x15 0x0000001d mem 0x80016766
core   0: 0x80007434 (0x01c0076f) jal     a4, pc + 0x1c
core   0: 3 0x80007434 (0x01c0076f) x14 0x80007438
core   0: 0x80007450 (0x0000b7e5) c.j     pc - 24
core   0: 3 0x80007450 (0xb7e5)
core   0: 0x80007438 (0x0000a039) c.j     pc + 14
core   0: 3 0x80007438 (0xa039)
core   0: 0x80007446 (0x00400eef) jal     t4, pc + 0x4
core   0: 3 0x80007446 (0x00400eef) x29 0x8000744a
core   0: 0x8000744a (0x00003fc5) c.jal   pc - 16
core   0: 3 0x8000744a (0x3fc5) x 1 0x8000744c
core   0: 0x8000743a (0x01a000ef) jal     pc + 0x1a
core   0: 3 0x8000743a (0x01a000ef) x 1 0x8000743e
core   0: 0x80007454 (0x0000b7ed) c.j     pc - 22
core   0: 3 0x80007454 (0xb7ed)
core   0: 0x8000743e (0x014000ef) jal     pc + 0x14
core   0: 3 0x8000743e (0x014000ef) x 1 0x80007442
core   0: 0x80007452 (0x0000bfc5) c.j     pc - 16
core   0: 3 0x80007452 (0xbfc5)
core   0: 0x80007442 (0x00a000ef) jal     pc + 0xa
core   0: 3 0x80007442 (0x00a000ef) x 1 0x80007446
core   0: 0x8000744c (0x00a000ef) jal     pc + 0xa
core   0: 3 0x8000744c (0x00a000ef) x 1 0x80007450
core   0: 0x80007456 (0x03cfa3b3) mulhsu  t2, t6, t3
core   0: 3 0x80007456 (0x03cfa3b3) x 7 0x00000000
core   0: 0x8000745a (0x00009397) auipc   t2, 0x9
core   0: 3 0x8000745a (0x00009397) x 7 0x8001045a
core   0: 0x8000745e (0xd7038393) addi    t2, t2, -656
core   0: 3 0x8000745e (0xd7038393) x 7 0x800101ca
core   0: 0x80007462 (0x0000a997) auipc   s3, 0xa
core   0: 3 0x80007462 (0x0000a997) x19 0x80011462
core   0: 0x80007466 (0x88d98993) addi    s3, s3, -1907
core   0: 3 0x80007466 (0x88d98993) x19 0x80010cef
core   0: 0x8000746a (0x00009797) auipc   a5, 0x9
core   0: 3 0x8000746a (0x00009797) x15 0x8001046a
core   0: 0x8000746e (0xe5878793) addi    a5, a5, -424
core   0: 3 0x8000746e (0xe5878793) x15 0x800102c2
core   0: 0x80007472 (0xfc838123) sb      s0, -62(t2)
core   0: 3 0x80007472 (0xfc838123) mem 0x8001018c 0xc9
core   0: 0x80007476 (0x0887d883) lhu     a7, 136(a5)
core   0: 3 0x80007476 (0x0887d883) x17 0x00000001 mem 0x8001034a
core   0: 0x8000747a (0x06b3c403) lbu     s0, 107(t2)
core   0: 3 0x8000747a (0x06b3c403) x 8 0x000000ee mem 0x80010235
core   0: 0x8000747e (0xc059c303) lbu     t1, -1019(s3)
core   0: 3 0x8000747e (0xc059c303) x 6 0x000000af mem 0x800108f4
core   0: 0x80007482 (0xf723c903) lbu     s2, -142(t2)
core   0: 3 0x80007482 (0xf723c903) x18 0x000000f7 mem 0x8001013c
core   0: 0x80007486 (0x8619d883) lhu     a7, -1951(s3)
core   0: 3 0x80007486 (0x8619d883) x17 0x00000a0b mem 0x80010550
core   0: 0x8000748a (0xada9cb03) lbu     s6, -1318(s3)
core   0: 3 0x8000748a (0xada9cb03) x22 0x00000082 mem 0x800107c9
core   0: 0x8000748e (0x9439a6a3) sw      gp, -1715(s3)
core   0: 3 0x8000748e (0x9439a6a3) mem 0x8001063c 0x0000d000
core   0: 0x80007492 (0x01778303) lb      t1, 23(a5)
core   0: 3 0x80007492 (0x01778303) x 6 0x00000000 mem 0x800102d9
core   0: 0x80007496 (0x0963ab83) lw      s7, 150(t2)
core   0: 3 0x80007496 (0x0963ab83) x23 0x028d1a1b mem 0x80010260
core   0: 0x8000749a (0xf527ad03) lw      s10, -174(a5)
core   0: 3 0x8000749a (0xf527ad03) x26 0xcccdcecf mem 0x80010214
core   0: 0x8000749e (0x0933c883) lbu     a7, 147(t2)
core   0: 3 0x8000749e (0x0933c883) x17 0x00000016 mem 0x8001025d
core   0: 0x800074a2 (0x2859a803) lw      a6, 645(s3)
core   0: 3 0x800074a2 (0x2859a803) x16 0x2c2d2e2f mem 0x80010f74
core   0: 0x800074a6 (0xf8279483) lh      s1, -126(a5)
core   0: 3 0x800074a6 (0xf8279483) x 9 0xfffffeff mem 0x80010244
core   0: 0x800074aa (0xdd09cf03) lbu     t5, -560(s3)
core   0: 3 0x800074aa (0xdd09cf03) x30 0x00000000 mem 0x80010abf
core   0: 0x800074ae (0x87a9c683) lbu     a3, -1926(s3)
core   0: 3 0x800074ae (0x87a9c683) x13 0x00000022 mem 0x80010569
core   0: 0x800074b2 (0x04e38423) sb      a4, 72(t2)
core   0: 3 0x800074b2 (0x04e38423) mem 0x80010212 0x38
core   0: 0x800074b6 (0x95a98b83) lb      s7, -1702(s3)
core   0: 3 0x800074b6 (0x95a98b83) x23 0x00000002 mem 0x80010649
core   0: 0x800074ba (0x0a778683) lb      a3, 167(a5)
core   0: 3 0x800074ba (0x0a778683) x13 0x00000022 mem 0x80010369
core   0: 0x800074be (0x0d23cb83) lbu     s7, 210(t2)
core   0: 3 0x800074be (0x0d23cb83) x23 0x000000e4 mem 0x8001029c
core   0: 0x800074c2 (0xf0338903) lb      s2, -253(t2)
core   0: 3 0x800074c2 (0xf0338903) x18 0xffffff86 mem 0x800100cd
core   0: 0x800074c6 (0xf2698da3) sb      t1, -197(s3)
core   0: 3 0x800074c6 (0xf2698da3) mem 0x80010c2a 0x0
core   0: 0x800074ca (0xff178483) lb      s1, -15(a5)
core   0: 3 0x800074ca (0xff178483) x 9 0xffffffee mem 0x800102b3
core   0: 0x800074ce (0x93499ca3) sh      s4, -1735(s3)
core   0: 3 0x800074ce (0x93499ca3) mem 0x80010628 0x73c0
core   0: 0x800074d2 (0x06c3c183) lbu     gp, 108(t2)
core   0: 3 0x800074d2 (0x06c3c183) x 3 0x000000ed mem 0x80010236
core   0: 0x800074d6 (0x00578023) sb      t0, 0(a5)
core   0: 3 0x800074d6 (0x00578023) mem 0x800102c2 0x91
core   0: 0x800074da (0x00013117) auipc   sp, 0x13
core   0: 3 0x800074da (0x00013117) x 2 0x8001a4da
core   0: 0x800074de (0x65e10113) addi    sp, sp, 1630
core   0: 3 0x800074de (0x65e10113) x 2 0x8001ab38
core   0: 0x800074e2 (0x02914f03) lbu     t5, 41(sp)
core   0: 3 0x800074e2 (0x02914f03) x30 0x0000001a mem 0x8001ab61
core   0: 0x800074e6 (0x038104a3) sb      s8, 41(sp)
core   0: 3 0x800074e6 (0x038104a3) mem 0x8001ab61 0x10
core   0: 0x800074ea (0x02914303) lbu     t1, 41(sp)
core   0: 3 0x800074ea (0x02914303) x 6 0x00000010 mem 0x8001ab61
core   0: 0x800074ee (0x02914683) lbu     a3, 41(sp)
core   0: 3 0x800074ee (0x02914683) x13 0x00000010 mem 0x8001ab61
core   0: 0x800074f2 (0x028d0eb3) mul     t4, s10, s0
core   0: 3 0x800074f2 (0x028d0eb3) x29 0x67564472
core   0: 0x800074f6 (0x02914783) lbu     a5, 41(sp)
core   0: 3 0x800074f6 (0x02914783) x15 0x00000010 mem 0x8001ab61
core   0: 0x800074fa (0x028104a3) sb      s0, 41(sp)
core   0: 3 0x800074fa (0x028104a3) mem 0x8001ab61 0xee
core   0: 0x800074fe (0x029104a3) sb      s1, 41(sp)
core   0: 3 0x800074fe (0x029104a3) mem 0x8001ab61 0xee
core   0: 0x80007502 (0x02910b83) lb      s7, 41(sp)
core   0: 3 0x80007502 (0x02910b83) x23 0xffffffee mem 0x8001ab61
core   0: 0x80007506 (0x02914283) lbu     t0, 41(sp)
core   0: 3 0x80007506 (0x02914283) x 5 0x000000ee mem 0x8001ab61
core   0: 0x8000750a (0x02914983) lbu     s3, 41(sp)
core   0: 3 0x8000750a (0x02914983) x19 0x000000ee mem 0x8001ab61
core   0: 0x8000750e (0x001b6db3) or      s11, s6, ra
core   0: 3 0x8000750e (0x001b6db3) x27 0x800074d2
core   0: 0x80007512 (0x02c104a3) sb      a2, 41(sp)
core   0: 3 0x80007512 (0x02c104a3) mem 0x8001ab61 0xc
core   0: 0x80007516 (0x035104a3) sb      s5, 41(sp)
core   0: 3 0x80007516 (0x035104a3) mem 0x8001ab61 0xe4
core   0: 0x8000751a (0x02910783) lb      a5, 41(sp)
core   0: 3 0x8000751a (0x02910783) x15 0xffffffe4 mem 0x8001ab61
core   0: 0x8000751e (0x00000001) c.nop
core   0: 3 0x8000751e (0x0001)
core   0: 0x80007520 (0x02910883) lb      a7, 41(sp)
core   0: 3 0x80007520 (0x02910883) x17 0xffffffe4 mem 0x8001ab61
core   0: 0x80007524 (0x02910303) lb      t1, 41(sp)
core   0: 3 0x80007524 (0x02910303) x 6 0xffffffe4 mem 0x8001ab61
core   0: 0x80007528 (0x02e104a3) sb      a4, 41(sp)
core   0: 3 0x80007528 (0x02e104a3) mem 0x8001ab61 0x38
core   0: 0x8000752c (0x033104a3) sb      s3, 41(sp)
core   0: 3 0x8000752c (0x033104a3) mem 0x8001ab61 0xee
core   0: 0x80007530 (0x03f115b3) mulh    a1, sp, t6
core   0: 3 0x80007530 (0x03f115b3) x11 0xfff4c645
core   0: 0x80007534 (0x02910803) lb      a6, 41(sp)
core   0: 3 0x80007534 (0x02910803) x16 0xffffffee mem 0x8001ab61
core   0: 0x80007538 (0x03c104a3) sb      t3, 41(sp)
core   0: 3 0x80007538 (0x03c104a3) mem 0x8001ab61 0x0
core   0: 0x8000753c (0x0000ac17) auipc   s8, 0xa
core   0: 3 0x8000753c (0x0000ac17) x24 0x8001153c
core   0: 0x80007540 (0x965c0c13) addi    s8, s8, -1691
core   0: 3 0x80007540 (0x965c0c13) x24 0x80010ea1
core   0: 0x80007544 (0x0000d117) auipc   sp, 0xd
core   0: 3 0x80007544 (0x0000d117) x 2 0x80014544
core   0: 0x80007548 (0xd7010113) addi    sp, sp, -656
core   0: 3 0x80007548 (0xd7010113) x 2 0x800142b4
core   0: 0x8000754c (0xfe7c0b23) sb      t2, -10(s8)
core   0: 3 0x8000754c (0xfe7c0b23) mem 0x80010e97 0xca
core   0: 0x80007550 (0x07914303) lbu     t1, 121(sp)
core   0: 3 0x80007550 (0x07914303) x 6 0x000000e6 mem 0x8001432d
core   0: 0x80007554 (0xff0c4683) lbu     a3, -16(s8)
core   0: 3 0x80007554 (0xff0c4683) x13 0x0000004a mem 0x80010e91
core   0: 0x80007558 (0x01510e03) lb      t3, 21(sp)
core   0: 3 0x80007558 (0x01510e03) x28 0xffffff82 mem 0x800142c9
core   0: 0x8000755c (0x00910ea3) sb      s1, 29(sp)
core   0: 3 0x8000755c (0x00910ea3) mem 0x800142d1 0xee
core   0: 0x80007560 (0xffdc0683) lb      a3, -3(s8)
core   0: 3 0x80007560 (0xffdc0683) x13 0x00000033 mem 0x80010e9e
core   0: 0x80007564 (0x06811323) sh      s0, 102(sp)
core   0: 3 0x80007564 (0x06811323) mem 0x8001431a 0x00ee
core   0: 0x80007568 (0x008c4783) lbu     a5, 8(s8)
core   0: 3 0x80007568 (0x008c4783) x15 0x00000062 mem 0x80010ea9
core   0: 0x8000756c (0x04614f03) lbu     t5, 70(sp)
core   0: 3 0x8000756c (0x04614f03) x30 0x000000b1 mem 0x800142fa
core   0: 0x80007570 (0xffac4903) lbu     s2, -6(s8)
core   0: 3 0x80007570 (0xffac4903) x18 0x00000050 mem 0x80010e9b
core   0: 0x80007574 (0xfe614703) lbu     a4, -26(sp)
core   0: 3 0x80007574 (0xfe614703) x14 0x00000051 mem 0x8001429a
core   0: 0x80007578 (0xfb614403) lbu     s0, -74(sp)
core   0: 3 0x80007578 (0xfb614403) x 8 0x00000021 mem 0x8001426a
core   0: 0x8000757c (0x010c0323) sb      a6, 6(s8)
core   0: 3 0x8000757c (0x010c0323) mem 0x80010ea7 0xee
core   0: 0x80007580 (0x06a107a3) sb      a0, 111(sp)
core   0: 3 0x80007580 (0x06a107a3) mem 0x80014323 0x4
core   0: 0x80007584 (0xfe0c0823) sb      zero, -16(s8)
core   0: 3 0x80007584 (0xfe0c0823) mem 0x80010e91 0x0
core   0: 0x80007588 (0x00009117) auipc   sp, 0x9
core   0: 3 0x80007588 (0x00009117) x 2 0x80010588
core   0: 0x8000758c (0x29f10113) addi    sp, sp, 671
core   0: 3 0x8000758c (0x29f10113) x 2 0x80010827
core   0: 0x80007590 (0x0000883d) c.andi  s0, 15
core   0: 3 0x80007590 (0x883d) x 8 0x00000001
core   0: 0x80007592 (0x02c10503) lb      a0, 44(sp)
core   0: 3 0x80007592 (0x02c10503) x10 0x00000036 mem 0x80010853
core   0: 0x80007596 (0x01639db3) sll     s11, t2, s6
core   0: 3 0x80007596 (0x01639db3) x27 0x00040728
core   0: 0x8000759a (0x02010c23) sb      zero, 56(sp)
core   0: 3 0x8000759a (0x02010c23) mem 0x8001085f 0x0
core   0: 0x8000759e (0x0302df33) divu    t5, t0, a6
core   0: 3 0x8000759e (0x0302df33) x30 0x00000000
core   0: 0x800075a2 (0x01c14603) lbu     a2, 28(sp)
core   0: 3 0x800075a2 (0x01c14603) x12 0x000000f8 mem 0x80010843
core   0: 0x800075a6 (0x03515b83) lhu     s7, 53(sp)
core   0: 3 0x800075a6 (0x03515b83) x23 0x00001617 mem 0x8001085c
core   0: 0x800075aa (0x000086e1) c.srai  a3, 24
core   0: 3 0x800075aa (0x86e1) x13 0x00000000
core   0: 0x800075ac (0x00005a7d) c.li    s4, -1
core   0: 3 0x800075ac (0x5a7d) x20 0xffffffff
core   0: 0x800075ae (0x02510383) lb      t2, 37(sp)
core   0: 3 0x800075ae (0x02510383) x 7 0x00000007 mem 0x8001084c
core   0: 0x800075b2 (0x00f10123) sb      a5, 2(sp)
core   0: 3 0x800075b2 (0x00f10123) mem 0x80010829 0x62
core   0: 0x800075b6 (0x01f69813) slli    a6, a3, 31
core   0: 3 0x800075b6 (0x01f69813) x16 0x00000000
core   0: 0x800075ba (0x8160a293) slti    t0, ra, -2026
core   0: 3 0x800075ba (0x8160a293) x 5 0x00000001
core   0: 0x800075be (0xffb14d83) lbu     s11, -5(sp)
core   0: 3 0x800075be (0xffb14d83) x27 0x000000d9 mem 0x80010822
core   0: 0x800075c2 (0x00715e83) lhu     t4, 7(sp)
core   0: 3 0x800075c2 (0x00715e83) x29 0x0000e4e5 mem 0x8001082e
core   0: 0x800075c6 (0xfe210f83) lb      t6, -30(sp)
core   0: 3 0x800075c6 (0xfe210f83) x31 0xffffffc2 mem 0x80010809
core   0: 0x800075ca (0xfdc14e03) lbu     t3, -36(sp)
core   0: 3 0x800075ca (0xfdc14e03) x28 0x000000b8 mem 0x80010803
core   0: 0x800075ce (0xfdc110a3) sh      t3, -63(sp)
core   0: 3 0x800075ce (0xfdc110a3) mem 0x800107e8 0x00b8
core   0: 0x800075d2 (0x00008ee1) c.and   a3, s0
core   0: 3 0x800075d2 (0x8ee1) x13 0x00000000
core   0: 0x800075d4 (0x00f15683) lhu     a3, 15(sp)
core   0: 3 0x800075d4 (0x00f15683) x13 0x0000eced mem 0x80010836
core   0: 0x800075d8 (0x4070d8b3) sra     a7, ra, t2
core   0: 3 0x800075d8 (0x4070d8b3) x17 0xff0000e8
core   0: 0x800075dc (0x00008e69) c.and   a2, a0
core   0: 3 0x800075dc (0x8e69) x12 0x00000030
core   0: 0x800075de (0xfe710723) sb      t2, -18(sp)
core   0: 3 0x800075de (0xfe710723) mem 0x80010815 0x7
core   0: 0x800075e2 (0x000005c9) c.addi  a1, 18
core   0: 3 0x800075e2 (0x05c9) x11 0xfff4c657
core   0: 0x800075e4 (0x30a0c813) xori    a6, ra, 778
core   0: 3 0x800075e4 (0x30a0c813) x16 0x8000775a
core   0: 0x800075e8 (0x02912803) lw      a6, 41(sp)
core   0: 3 0x800075e8 (0x02912803) x16 0x36090a0b mem 0x80010850
core   0: 0x800075ec (0x02e14a03) lbu     s4, 46(sp)
core   0: 3 0x800075ec (0x02e14a03) x20 0x0000000e mem 0x80010855
core   0: 0x800075f0 (0x01d12483) lw      s1, 29(sp)
core   0: 3 0x800075f0 (0x01d12483) x 9 0xfcfdfeff mem 0x80010844
core   0: 0x800075f4 (0x03b10b23) sb      s11, 54(sp)
core   0: 3 0x800075f4 (0x03b10b23) mem 0x8001085d 0xd9
core   0: 0x800075f8 (0x00008d15) c.sub   a0, a3
core   0: 3 0x800075f8 (0x8d15) x10 0xffff1349
core   0: 0x800075fa (0xfe910423) sb      s1, -24(sp)
core   0: 3 0x800075fa (0xfe910423) mem 0x8001080f 0xff
core   0: 0x800075fe (0x00c14e83) lbu     t4, 12(sp)
core   0: 3 0x800075fe (0x00c14e83) x29 0x000000e8 mem 0x80010833
core   0: 0x80007602 (0x02522fb3) mulhsu  t6, tp, t0
core   0: 3 0x80007602 (0x02522fb3) x31 0xffffffff
core   0: 0x80007606 (0x00008d31) c.xor   a0, a2
core   0: 3 0x80007606 (0x8d31) x10 0xffff1379
core   0: 0x80007608 (0x00b15a03) lhu     s4, 11(sp)
core   0: 3 0x80007608 (0x00b15a03) x20 0x0000e8e9 mem 0x80010832
core   0: 0x8000760c (0x04014303) lbu     t1, 64(sp)
core   0: 3 0x8000760c (0x04014303) x 6 0x0000001c mem 0x80010867
core   0: 0x80007610 (0x121ae613) ori     a2, s5, 289
core   0: 3 0x80007610 (0x121ae613) x12 0x80029de5
core   0: 0x80007614 (0x014e06b3) add     a3, t3, s4
core   0: 3 0x80007614 (0x014e06b3) x13 0x0000e9a1
core   0: 0x80007618 (0x02111303) lh      t1, 33(sp)
core   0: 3 0x80007618 (0x02111303) x 6 0x00000203 mem 0x80010848
core   0: 0x8000761c (0x03115883) lhu     a7, 49(sp)
core   0: 3 0x8000761c (0x03115883) x17 0x000012e4 mem 0x80010858
core   0: 0x80007620 (0xfdd106a3) sb      t4, -51(sp)
core   0: 3 0x80007620 (0xfdd106a3) mem 0x800107f4 0xe8
core   0: 0x80007624 (0x000059fd) c.li    s3, -1
core   0: 3 0x80007624 (0x59fd) x19 0xffffffff
core   0: 0x80007626 (0x03da89b3) mul     s3, s5, t4
core   0: 3 0x80007626 (0x03da89b3) x19 0x025e2ea0
core   0: 0x8000762a (0x00008e41) c.or    a2, s0
core   0: 3 0x8000762a (0x8e41) x12 0x80029de5
core   0: 0x8000762c (0x00008f8a) c.mv    t6, sp
core   0: 3 0x8000762c (0x8f8a) x31 0x80010827
core   0: 0x8000762e (0x00175393) srli    t2, a4, 1
core   0: 3 0x8000762e (0x00175393) x 7 0x00000028
core   0: 0x80007632 (0x01e14383) lbu     t2, 30(sp)
core   0: 3 0x80007632 (0x01e14383) x 7 0x000000fe mem 0x80010845
core   0: 0x80007636 (0x00810423) sb      s0, 8(sp)
core   0: 3 0x80007636 (0x00810423) mem 0x8001082f 0x1
core   0: 0x8000763a (0x01e119a3) sh      t5, 19(sp)
core   0: 3 0x8000763a (0x01e119a3) mem 0x8001083a 0x0000
core   0: 0x8000763e (0x00009997) auipc   s3, 0x9
core   0: 3 0x8000763e (0x00009997) x19 0x8001063e
core   0: 0x80007642 (0xf0298993) addi    s3, s3, -254
core   0: 3 0x80007642 (0xf0298993) x19 0x80010540
core   0: 0x80007646 (0x00009197) auipc   gp, 0x9
core   0: 3 0x80007646 (0x00009197) x 3 0x80010646
core   0: 0x8000764a (0x66c18193) addi    gp, gp, 1644
core   0: 3 0x8000764a (0x66c18193) x 3 0x80010cb2
core   0: 0x8000764e (0x0000a717) auipc   a4, 0xa
core   0: 3 0x8000764e (0x0000a717) x14 0x8001164e
core   0: 0x80007652 (0x84370713) addi    a4, a4, -1981
core   0: 3 0x80007652 (0x84370713) x14 0x80010e91
core   0: 0x80007656 (0x00009d17) auipc   s10, 0x9
core   0: 3 0x80007656 (0x00009d17) x26 0x80010656
core   0: 0x8000765a (0xd28d0d13) addi    s10, s10, -728
core   0: 3 0x8000765a (0xd28d0d13) x26 0x8001037e
core   0: 0x8000765e (0xfe074b03) lbu     s6, -32(a4)
core   0: 3 0x8000765e (0xfe074b03) x22 0x0000002a mem 0x80010e71
core   0: 0x80007662 (0x00009f17) auipc   t5, 0x9
core   0: 3 0x80007662 (0x00009f17) x30 0x80010662
core   0: 0x80007666 (0x060f0f13) addi    t5, t5, 96
core   0: 3 0x80007666 (0x060f0f13) x30 0x800106c2
core   0: 0x8000766a (0xfc372f83) lw      t6, -61(a4)
core   0: 3 0x8000766a (0xfc372f83) x31 0x0c0d0e0f mem 0x80010e54
core   0: 0x8000766e (0xff29c103) lbu     sp, -14(s3)
core   0: 3 0x8000766e (0xff29c103) x 2 0x000000e9 mem 0x80010532
core   0: 0x80007672 (0xff19c303) lbu     t1, -15(s3)
core   0: 3 0x80007672 (0xff19c303) x 6 0x000000ea mem 0x80010531
core   0: 0x80007676 (0x03a1a283) lw      t0, 58(gp)
core   0: 3 0x80007676 (0x03a1a283) x 5 0xa4a5a6a7 mem 0x80010cec
core   0: 0x8000767a (0xff070103) lb      sp, -16(a4)
core   0: 3 0x8000767a (0xff070103) x 2 0xffffffa2 mem 0x80010e81
core   0: 0x8000767e (0x00f9a223) sw      a5, 4(s3)
core   0: 3 0x8000767e (0x00f9a223) mem 0x80010544 0x00000062
core   0: 0x80007682 (0xfd170483) lb      s1, -47(a4)
core   0: 3 0x80007682 (0xfd170483) x 9 0x00000019 mem 0x80010e62
core   0: 0x80007686 (0x00ed2103) lw      sp, 14(s10)
core   0: 3 0x80007686 (0x00ed2103) x 2 0x44454647 mem 0x8001038c
core   0: 0x8000768a (0x03a187a3) sb      s10, 47(gp)
core   0: 3 0x8000768a (0x03a187a3) mem 0x80010ce1 0x7e
core   0: 0x8000768e (0xeadf0d83) lb      s11, -339(t5)
core   0: 3 0x8000768e (0xeadf0d83) x27 0x00000024 mem 0x8001056f
core   0: 0x80007692 (0xff89a503) lw      a0, -8(s3)
core   0: 3 0x80007692 (0xff89a503) x10 0xf0f1f2f3 mem 0x80010538
core   0: 0x80007696 (0x29df0c03) lb      s8, 669(t5)
core   0: 3 0x80007696 (0x29df0c03) x24 0x00000014 mem 0x8001095f
core   0: 0x8000769a (0xff799d23) sh      s7, -6(s3)
core   0: 3 0x8000769a (0xff799d23) mem 0x8001053a 0x1617
core   0: 0x8000769e (0xfe31c903) lbu     s2, -29(gp)
core   0: 3 0x8000769e (0xfe31c903) x18 0x0000004e mem 0x80010c95
core   0: 0x800076a2 (0xd26f5a03) lhu     s4, -730(t5)
core   0: 3 0x800076a2 (0xd26f5a03) x20 0x000001a3 mem 0x800103e8
core   0: 0x800076a6 (0xffbd0e03) lb      t3, -5(s10)
core   0: 3 0x800076a6 (0xffbd0e03) x28 0x00000032 mem 0x80010379
core   0: 0x800076aa (0x0029d883) lhu     a7, 2(s3)
core   0: 3 0x800076aa (0x0029d883) x17 0x0000f8f9 mem 0x80010542
core   0: 0x800076ae (0xff5d0e03) lb      t3, -11(s10)
core   0: 3 0x800076ae (0xff5d0e03) x28 0x00000000 mem 0x80010373
core   0: 0x800076b2 (0xfc01d403) lhu     s0, -64(gp)
core   0: 3 0x800076b2 (0xfc01d403) x 8 0x00002829 mem 0x80010c72
core   0: 0x800076b6 (0x010d06a3) sb      a6, 13(s10)
core   0: 3 0x800076b6 (0x010d06a3) mem 0x8001038b 0xb
core   0: 0x800076ba (0xf20f0da3) sb      zero, -197(t5)
core   0: 3 0x800076ba (0xf20f0da3) mem 0x800105fd 0x0
core   0: 0x800076be (0x01e9a623) sw      t5, 12(s3)
core   0: 3 0x800076be (0x01e9a623) mem 0x8001054c 0x800106c2
core   0: 0x800076c2 (0xff0d5283) lhu     t0, -16(s10)
core   0: 3 0x800076c2 (0xff0d5283) x 5 0x00002425 mem 0x8001036e
core   0: 0x800076c6 (0x019d07a3) sb      s9, 15(s10)
core   0: 3 0x800076c6 (0x019d07a3) mem 0x8001038d 0x58
core   0: 0x800076ca (0x18bf0e83) lb      t4, 395(t5)
core   0: 3 0x800076ca (0x18bf0e83) x29 0x00000006 mem 0x8001084d
core   0: 0x800076ce (0xfca72ba3) sw      a0, -41(a4)
core   0: 3 0x800076ce (0xfca72ba3) mem 0x80010e68 0xf0f1f2f3
core   0: 0x800076d2 (0x00d18b03) lb      s6, 13(gp)
core   0: 3 0x800076d2 (0x00d18b03) x22 0x00000074 mem 0x80010cbf
core   0: 0x800076d6 (0xffad5583) lhu     a1, -6(s10)
core   0: 3 0x800076d6 (0xffad5583) x11 0x00003233 mem 0x80010378
core   0: 0x800076da (0x03270f83) lb      t6, 50(a4)
core   0: 3 0x800076da (0x03270f83) x31 0x00000078 mem 0x80010ec3
core   0: 0x800076de (0xfdb18623) sb      s11, -52(gp)
core   0: 3 0x800076de (0xfdb18623) mem 0x80010c7e 0x24
core   0: 0x800076e2 (0x0019cb83) lbu     s7, 1(s3)
core   0: 3 0x800076e2 (0x0019cb83) x23 0x000000fa mem 0x80010541
core   0: 0x800076e6 (0xfffd09a3) sb      t6, -13(s10)
core   0: 3 0x800076e6 (0xfffd09a3) mem 0x80010371 0x78
core   0: 0x800076ea (0x1e5f0283) lb      t0, 485(t5)
core   0: 3 0x800076ea (0x1e5f0283) x 5 0x0000005c mem 0x800108a7
core   0: 0x800076ee (0x00599423) sh      t0, 8(s3)
core   0: 3 0x800076ee (0x00599423) mem 0x80010548 0x005c
core   0: 0x800076f2 (0xfe2d0ba3) sb      sp, -9(s10)
core   0: 3 0x800076f2 (0xfe2d0ba3) mem 0x80010375 0x47
core   0: 0x800076f6 (0xfcc19b03) lh      s6, -52(gp)
core   0: 3 0x800076f6 (0xfcc19b03) x22 0xffff8024 mem 0x80010c7e
core   0: 0x800076fa (0xfea70103) lb      sp, -22(a4)
core   0: 3 0x800076fa (0xfea70103) x 2 0x00000030 mem 0x80010e7b
core   0: 0x800076fe (0xffe99b03) lh      s6, -2(s3)
core   0: 3 0x800076fe (0xffe99b03) x22 0xfffff4f5 mem 0x8001053e
core   0: 0x80007702 (0x01374403) lbu     s0, 19(a4)
core   0: 3 0x80007702 (0x01374403) x 8 0x0000005f mem 0x80010ea4
core   0: 0x80007706 (0x005d0083) lb      ra, 5(s10)
core   0: 3 0x80007706 (0x005d0083) x 1 0x00000038 mem 0x80010383
core   0: 0x8000770a (0x4dbf0f83) lb      t6, 1243(t5)
core   0: 3 0x8000770a (0x4dbf0f83) x31 0x00000056 mem 0x80010b9d
core   0: 0x8000770e (0x00009597) auipc   a1, 0x9
core   0: 3 0x8000770e (0x00009597) x11 0x8001070e
core   0: 0x80007712 (0xcfa58593) addi    a1, a1, -774
core   0: 3 0x80007712 (0xcfa58593) x11 0x80010408
core   0: 0x80007716 (0xfa61b793) sltiu   a5, gp, -90
core   0: 3 0x80007716 (0xfa61b793) x15 0x00000001
core   0: 0x8000771a (0x2a558603) lb      a2, 677(a1)
core   0: 3 0x8000771a (0x2a558603) x12 0x00000066 mem 0x800106ad
core   0: 0x8000771e (0x2a55c783) lbu     a5, 677(a1)
core   0: 3 0x8000771e (0x2a55c783) x15 0x00000066 mem 0x800106ad
core   0: 0x80007722 (0x00008ecd) c.or    a3, a1
core   0: 3 0x80007722 (0x8ecd) x13 0x8001eda9
core   0: 0x80007724 (0x1fe587a3) sb      t5, 495(a1)
core   0: 3 0x80007724 (0x1fe587a3) mem 0x800105f7 0xc2
core   0: 0x80007728 (0x2eb59523) sh      a1, 746(a1)
core   0: 3 0x80007728 (0x2eb59523) mem 0x800106f2 0x0408
core   0: 0x8000772c (0x2ea5de83) lhu     t4, 746(a1)
core   0: 3 0x8000772c (0x2ea5de83) x29 0x00000408 mem 0x800106f2
core   0: 0x80007730 (0xede5da03) lhu     s4, -290(a1)
core   0: 3 0x80007730 (0xede5da03) x20 0x00009c9d mem 0x800102e6
core   0: 0x80007734 (0xef258e23) sb      s2, -260(a1)
core   0: 3 0x80007734 (0xef258e23) mem 0x80010304 0x4e
core   0: 0x80007738 (0xefc5cb03) lbu     s6, -260(a1)
core   0: 3 0x80007738 (0xefc5cb03) x22 0x0000004e mem 0x80010304
core   0: 0x8000773c (0xce75c483) lbu     s1, -793(a1)
core   0: 3 0x8000773c (0xce75c483) x 9 0x000000a4 mem 0x800100ef
core   0: 0x80007740 (0x00008f95) c.sub   a5, a3
core   0: 3 0x80007740 (0x8f95) x15 0x7ffe12bd
core   0: 0x80007742 (0xf0b58ba3) sb      a1, -233(a1)
core   0: 3 0x80007742 (0xf0b58ba3) mem 0x8001031f 0x8
core   0: 0x80007746 (0x00500693) li      a3, 5
core   0: 3 0x80007746 (0x00500693) x13 0x00000005
core   0: 0x8000774a (0xff000813) li      a6, -16
core   0: 3 0x8000774a (0xff000813) x16 0xfffffff0
core   0: 0x8000774e (0x02a55eb3) divu    t4, a0, a0
core   0: 3 0x8000774e (0x02a55eb3) x29 0x00000001
core   0: 0x80007752 (0x03ad0733) mul     a4, s10, s10
core   0: 3 0x80007752 (0x03ad0733) x14 0x07083204
core   0: 0x80007756 (0x012205b3) add     a1, tp, s2
core   0: 3 0x80007756 (0x012205b3) x11 0x8000004e
core   0: 0x8000775a (0x000016e9) c.addi  a3, -6
core   0: 3 0x8000775a (0x16e9) x13 0xffffffff
core   0: 0x8000775c (0xff06dde3) bge     a3, a6, pc - 6
core   0: 3 0x8000775c (0xff06dde3)
core   0: 0x80007756 (0x012205b3) add     a1, tp, s2
core   0: 3 0x80007756 (0x012205b3) x11 0x8000004e
core   0: 0x8000775a (0x000016e9) c.addi  a3, -6
core   0: 3 0x8000775a (0x16e9) x13 0xfffffff9
core   0: 0x8000775c (0xff06dde3) bge     a3, a6, pc - 6
core   0: 3 0x8000775c (0xff06dde3)
core   0: 0x80007756 (0x012205b3) add     a1, tp, s2
core   0: 3 0x80007756 (0x012205b3) x11 0x8000004e
core   0: 0x8000775a (0x000016e9) c.addi  a3, -6
core   0: 3 0x8000775a (0x16e9) x13 0xfffffff3
core   0: 0x8000775c (0xff06dde3) bge     a3, a6, pc - 6
core   0: 3 0x8000775c (0xff06dde3)
core   0: 0x80007756 (0x012205b3) add     a1, tp, s2
core   0: 3 0x80007756 (0x012205b3) x11 0x8000004e
core   0: 0x8000775a (0x000016e9) c.addi  a3, -6
core   0: 3 0x8000775a (0x16e9) x13 0xffffffed
core   0: 0x8000775c (0xff06dde3) bge     a3, a6, pc - 6
core   0: 3 0x8000775c (0xff06dde3)
core   0: 0x80007760 (0x022bcbb3) div     s7, s7, sp
core   0: 3 0x80007760 (0x022bcbb3) x23 0x00000005
core   0: 0x80007764 (0x0000bf97) auipc   t6, 0xb
core   0: 3 0x80007764 (0x0000bf97) x31 0x80012764
core   0: 0x80007768 (0xa43f8f93) addi    t6, t6, -1469
core   0: 3 0x80007768 (0xa43f8f93) x31 0x800121a7
core   0: 0x8000776c (0xf66f8003) lb      zero, -154(t6)
core   0: 3 0x8000776c (0xf66f8003) mem 0x8001210d
core   0: 0x80007770 (0xfcdfa883) lw      a7, -51(t6)
core   0: 3 0x80007770 (0xfcdfa883) x17 0x2c2d2e2f mem 0x80012174
core   0: 0x80007774 (0x01c6be33) sltu    t3, a3, t3
core   0: 3 0x80007774 (0x01c6be33) x28 0x00000000
core   0: 0x80007778 (0x011056b3) srl     a3, zero, a7
core   0: 3 0x80007778 (0x011056b3) x13 0x00000000
core   0: 0x8000777c (0x000098f2) c.add   a7, t3
core   0: 3 0x8000777c (0x98f2) x17 0x2c2d2e2f
core   0: 0x8000777e (0x0cff9003) lh      zero, 207(t6)
core   0: 3 0x8000777e (0x0cff9003) mem 0x80012276
core   0: 0x80007782 (0xfbff8083) lb      ra, -65(t6)
core   0: 3 0x80007782 (0xfbff8083) x 1 0x0000001d mem 0x80012166
core   0: 0x80007786 (0x05afc683) lbu     a3, 90(t6)
core   0: 3 0x80007786 (0x05afc683) x13 0x000000ba mem 0x80012201
core   0: 0x8000778a (0x0b4f8683) lb      a3, 180(t6)
core   0: 3 0x8000778a (0x0b4f8683) x13 0x00000010 mem 0x8001225b
core   0: 0x8000778e (0x031e30b3) mulhu   ra, t3, a7
core   0: 3 0x8000778e (0x031e30b3) x 1 0x00000000
core   0: 0x80007792 (0x411880b3) sub     ra, a7, a7
core   0: 3 0x80007792 (0x411880b3) x 1 0x00000000
core   0: 0x80007796 (0xfd0fc083) lbu     ra, -48(t6)
core   0: 3 0x80007796 (0xfd0fc083) x 1 0x0000002c mem 0x80012177
core   0: 0x8000779a (0x000e60b3) or      ra, t3, zero
core   0: 3 0x8000779a (0x000e60b3) x 1 0x00000000
core   0: 0x8000779e (0x00188e33) add     t3, a7, ra
core   0: 3 0x8000779e (0x00188e33) x28 0x2c2d2e2f
core   0: 0x800077a2 (0x087fde83) lhu     t4, 135(t6)
core   0: 3 0x800077a2 (0x087fde83) x29 0x0000e4e5 mem 0x8001222e
core   0: 0x800077a6 (0xf45fae83) lw      t4, -187(t6)
core   0: 3 0x800077a6 (0xf45fae83) x29 0xa4a5a6a7 mem 0x800120ec
core   0: 0x800077aa (0x03d6fe33) remu    t3, a3, t4
core   0: 3 0x800077aa (0x03d6fe33) x28 0x00000010
core   0: 0x800077ae (0x001f8d23) sb      ra, 26(t6)
core   0: 3 0x800077ae (0x001f8d23) mem 0x800121c1 0x0
core   0: 0x800077b2 (0xf37f8683) lb      a3, -201(t6)
core   0: 3 0x800077b2 (0xf37f8683) x13 0xffffff95 mem 0x800120de
core   0: 0x800077b6 (0x00005e7d) c.li    t3, -1
core   0: 3 0x800077b6 (0x5e7d) x28 0xffffffff
core   0: 0x800077b8 (0xf72fc003) lbu     zero, -142(t6)
core   0: 3 0x800077b8 (0xf72fc003) mem 0x80012119
core   0: 0x800077bc (0x03bf9003) lh      zero, 59(t6)
core   0: 3 0x800077bc (0x03bf9003) mem 0x800121e2
core   0: 0x800077c0 (0xf80fa8a3) sw      zero, -111(t6)
core   0: 3 0x800077c0 (0xf80fa8a3) mem 0x80012138 0x00000000
core   0: 0x800077c4 (0xf11f8523) sb      a7, -246(t6)
core   0: 3 0x800077c4 (0xf11f8523) mem 0x800120b1 0x2f
core   0: 0x800077c8 (0x006f8e03) lb      t3, 6(t6)
core   0: 3 0x800077c8 (0x006f8e03) x28 0x00000066 mem 0x800121ad
core   0: 0x800077cc (0xf7ffd083) lhu     ra, -129(t6)
core   0: 3 0x800077cc (0xf7ffd083) x 1 0x0000dcdd mem 0x80012126
core   0: 0x800077d0 (0x41c8d893) srai    a7, a7, 28
core   0: 3 0x800077d0 (0x41c8d893) x17 0x00000002
core   0: 0x800077d4 (0x021e30b3) mulhu   ra, t3, ra
core   0: 3 0x800077d4 (0x021e30b3) x 1 0x00000000
core   0: 0x800077d8 (0xf8af8683) lb      a3, -118(t6)
core   0: 3 0x800077d8 (0xf8af8683) x13 0xffffffea mem 0x80012131
core   0: 0x800077dc (0x000016fd) c.addi  a3, -1
core   0: 3 0x800077dc (0x16fd) x13 0xffffffe9
core   0: 0x800077de (0x00102e33) slt     t3, zero, ra
core   0: 3 0x800077de (0x00102e33) x28 0x00000000
core   0: 0x800077e2 (0xfe0f9fa3) sh      zero, -1(t6)
core   0: 3 0x800077e2 (0xfe0f9fa3) mem 0x800121a6 0x0000
core   0: 0x800077e6 (0x01de3e33) sltu    t3, t3, t4
core   0: 3 0x800077e6 (0x01de3e33) x28 0x00000001
core   0: 0x800077ea (0xfe1f8ba3) sb      ra, -9(t6)
core   0: 3 0x800077ea (0xfe1f8ba3) mem 0x8001219e 0x0
core   0: 0x800077ee (0xff5fd003) lhu     zero, -11(t6)
core   0: 3 0x800077ee (0xff5fd003) mem 0x8001219c
core   0: 0x800077f2 (0x07cfc003) lbu     zero, 124(t6)
core   0: 3 0x800077f2 (0x07cfc003) mem 0x80012223
core   0: 0x800077f6 (0x09ef8e83) lb      t4, 158(t6)
core   0: 3 0x800077f6 (0x09ef8e83) x29 0xfffffffe mem 0x80012245
core   0: 0x800077fa (0xfd2f8e03) lb      t3, -46(t6)
core   0: 3 0x800077fa (0xfd2f8e03) x28 0x00000032 mem 0x80012179
core   0: 0x800077fe (0x00017e97) auipc   t4, 0x17
core   0: 3 0x800077fe (0x00017e97) x29 0x8001e7fe
core   0: 0x80007802 (0x79ae8e93) addi    t4, t4, 1946
core   0: 3 0x80007802 (0x79ae8e93) x29 0x8001ef98
core   0: 0x80007806 (0xf21e8083) lb      ra, -223(t4)
core   0: 3 0x80007806 (0xf21e8083) x 1 0x00000072 mem 0x8001eeb9
core   0: 0x8000780a (0x00009697) auipc   a3, 0x9
core   0: 3 0x8000780a (0x00009697) x13 0x8001080a
core   0: 0x8000780e (0xcf368693) addi    a3, a3, -781
core   0: 3 0x8000780e (0xcf368693) x13 0x800104fd
core   0: 0x80007812 (0x03868803) lb      a6, 56(a3)
core   0: 3 0x80007812 (0x03868803) x16 0xffffffee mem 0x80010535
core   0: 0x80007816 (0x00869ba3) sh      s0, 23(a3)
core   0: 3 0x80007816 (0x00869ba3) mem 0x80010514 0x005f
core   0: 0x8000781a (0xf36edb03) lhu     s6, -202(t4)
core   0: 3 0x8000781a (0xf36edb03) x22 0x00008485 mem 0x8001eece
core   0: 0x8000781e (0xf1de8603) lb      a2, -227(t4)
core   0: 3 0x8000781e (0xf1de8603) x12 0x0000006e mem 0x8001eeb5
core   0: 0x80007822 (0xf77e8803) lb      a6, -137(t4)
core   0: 3 0x80007822 (0xf77e8803) x16 0xffffffc4 mem 0x8001ef0f
core   0: 0x80007826 (0xffc6cb83) lbu     s7, -4(a3)
core   0: 3 0x80007826 (0xffc6cb83) x23 0x00000000 mem 0x800104f9
core   0: 0x8000782a (0x0b0ed483) lhu     s1, 176(t4)
core   0: 3 0x8000782a (0x0b0ed483) x 9 0x00000203 mem 0x8001f048
core   0: 0x8000782e (0x00168f83) lb      t6, 1(a3)
core   0: 3 0x8000782e (0x00168f83) x31 0xffffffb5 mem 0x800104fe
core   0: 0x80007832 (0xfee68b83) lb      s7, -18(a3)
core   0: 3 0x80007832 (0xfee68b83) x23 0xffffffa0 mem 0x800104eb
core   0: 0x80007836 (0x0000b917) auipc   s2, 0xb
core   0: 3 0x80007836 (0x0000b917) x18 0x80012836
core   0: 0x8000783a (0x01790913) addi    s2, s2, 23
core   0: 3 0x8000783a (0x01790913) x18 0x8001284d
core   0: 0x8000783e (0x0fe90d23) sb      t5, 250(s2)
core   0: 3 0x8000783e (0x0fe90d23) mem 0x80012947 0xc2
core   0: 0x80007842 (0x01195d03) lhu     s10, 17(s2)
core   0: 3 0x80007842 (0x01195d03) x26 0x00001415 mem 0x8001285e
core   0: 0x80007846 (0x00009397) auipc   t2, 0x9
core   0: 3 0x80007846 (0x00009397) x 7 0x80010846
core   0: 0x8000784a (0x7bd38393) addi    t2, t2, 1981
core   0: 3 0x8000784a (0x7bd38393) x 7 0x80011003
core   0: 0x8000784e (0x02a38783) lb      a5, 42(t2)
core   0: 3 0x8000784e (0x02a38783) x15 0xffffffe6 mem 0x8001102d
core   0: 0x80007852 (0x02e3ce83) lbu     t4, 46(t2)
core   0: 3 0x80007852 (0x02e3ce83) x29 0x000000ea mem 0x80011031
core   0: 0x80007856 (0x02238d03) lb      s10, 34(t2)
core   0: 3 0x80007856 (0x02238d03) x26 0x00000000 mem 0x80011025
core   0: 0x8000785a (0x02038923) sb      zero, 50(t2)
core   0: 3 0x8000785a (0x02038923) mem 0x80011035 0x0
core   0: 0x8000785e (0x099906a3) sb      s9, 141(s2)
core   0: 3 0x8000785e (0x099906a3) mem 0x800128da 0x58
core   0: 0x80007862 (0x00190b83) lb      s7, 1(s2)
core   0: 3 0x80007862 (0x00190b83) x23 0x00000005 mem 0x8001284e
core   0: 0x80007866 (0xfe238083) lb      ra, -30(t2)
core   0: 3 0x80007866 (0xfe238083) x 1 0xffffff9e mem 0x80010fe5
core   0: 0x8000786a (0x04690823) sb      t1, 80(s2)
core   0: 3 0x8000786a (0x04690823) mem 0x8001289d 0xea
core   0: 0x8000786e (0xf0b92803) lw      a6, -245(s2)
core   0: 3 0x8000786e (0xf0b92803) x16 0x10111213 mem 0x80012758
core   0: 0x80007872 (0xf6e90a03) lb      s4, -146(s2)
core   0: 3 0x80007872 (0xf6e90a03) x20 0x00000070 mem 0x800127bb
core   0: 0x80007876 (0x00739583) lh      a1, 7(t2)
core   0: 3 0x80007876 (0x00739583) x11 0xffffc0c1 mem 0x8001100a
core   0: 0x8000787a (0x01038c23) sb      a6, 24(t2)
core   0: 3 0x8000787a (0x01038c23) mem 0x8001101b 0x13
core   0: 0x8000787e (0x00800593) li      a1, 8
core   0: 3 0x8000787e (0x00800593) x11 0x00000008
core   0: 0x80007882 (0x00f00813) li      a6, 15
core   0: 3 0x80007882 (0x00f00813) x16 0x0000000f
core   0: 0x80007886 (0x40c25293) srai    t0, tp, 12
core   0: 3 0x80007886 (0x40c25293) x 5 0xfff80000
core   0: 0x8000788a (0x02142133) mulhsu  sp, s0, ra
core   0: 3 0x8000788a (0x02142133) x 2 0x0000005e
core   0: 0x8000788e (0x00006f21) c.lui   t5, 0x8
core   0: 3 0x8000788e (0x6f21) x30 0x00008000
core   0: 0x80007890 (0x0000957a) c.add   a0, t5
core   0: 3 0x80007890 (0x957a) x10 0xf0f272f3
core   0: 0x80007892 (0x00008edd) c.or    a3, a5
core   0: 3 0x80007892 (0x8edd) x13 0xffffffff
core   0: 0x80007894 (0x3cdc4613) xori    a2, s8, 973
core   0: 3 0x80007894 (0x3cdc4613) x12 0x000003d9
core   0: 0x80007898 (0x00000589) c.addi  a1, 2
core   0: 3 0x80007898 (0x0589) x11 0x0000000a
core   0: 0x8000789a (0xfe04e293) ori     t0, s1, -32
core   0: 3 0x8000789a (0xfe04e293) x 5 0xffffffe3
core   0: 0x8000789e (0x00700793) li      a5, 7
core   0: 3 0x8000789e (0x00700793) x15 0x00000007
core   0: 0x800078a2 (0xc2ed0613) addi    a2, s10, -978
core   0: 3 0x800078a2 (0xc2ed0613) x12 0xfffffc2e
core   0: 0x800078a6 (0x02642933) mulhsu  s2, s0, t1
core   0: 3 0x800078a6 (0x02642933) x18 0x00000000
core   0: 0x800078aa (0x00000001) c.nop
core   0: 3 0x800078aa (0x0001)
core   0: 0x800078ac (0x00008605) c.srai  a2, 1
core   0: 3 0x800078ac (0x8605) x12 0xfffffe17
core   0: 0x800078ae (0x03f81433) mulh    s0, a6, t6
core   0: 3 0x800078ae (0x03f81433) x 8 0xffffffff
core   0: 0x800078b2 (0x00000001) c.nop
core   0: 3 0x800078b2 (0x0001)
core   0: 0x800078b4 (0x00008ed9) c.or    a3, a4
core   0: 3 0x800078b4 (0x8ed9) x13 0xffffffff
core   0: 0x800078b6 (0x0190ffb3) and     t6, ra, s9
core   0: 3 0x800078b6 (0x0190ffb3) x31 0x80025e18
core   0: 0x800078ba (0x00485293) srli    t0, a6, 4
core   0: 3 0x800078ba (0x00485293) x 5 0x00000000
core   0: 0x800078be (0x000080b2) c.mv    ra, a2
core   0: 3 0x800078be (0x80b2) x 1 0xfffffe17
core   0: 0x800078c0 (0x00006121) c.addi16sp sp, 64
core   0: 3 0x800078c0 (0x6121) x 2 0x0000009e
core   0: 0x800078c2 (0x01733db3) sltu    s11, t1, s7
core   0: 3 0x800078c2 (0x01733db3) x27 0x00000000
core   0: 0x800078c6 (0x01f9d2b3) srl     t0, s3, t6
core   0: 3 0x800078c6 (0x01f9d2b3) x 5 0x00000080
core   0: 0x800078ca (0x000017e5) c.addi  a5, -7
core   0: 3 0x800078ca (0x17e5) x15 0x00000000
core   0: 0x800078cc (0x0000d7ed) c.beqz  a5, pc - 22
core   0: 3 0x800078cc (0xd7ed)
core   0: 0x800078b6 (0x0190ffb3) and     t6, ra, s9
core   0: 3 0x800078b6 (0x0190ffb3) x31 0x80025e10
core   0: 0x800078ba (0x00485293) srli    t0, a6, 4
core   0: 3 0x800078ba (0x00485293) x 5 0x00000000
core   0: 0x800078be (0x000080b2) c.mv    ra, a2
core   0: 3 0x800078be (0x80b2) x 1 0xfffffe17
core   0: 0x800078c0 (0x00006121) c.addi16sp sp, 64
core   0: 3 0x800078c0 (0x6121) x 2 0x000000de
core   0: 0x800078c2 (0x01733db3) sltu    s11, t1, s7
core   0: 3 0x800078c2 (0x01733db3) x27 0x00000000
core   0: 0x800078c6 (0x01f9d2b3) srl     t0, s3, t6
core   0: 3 0x800078c6 (0x01f9d2b3) x 5 0x00008001
core   0: 0x800078ca (0x000017e5) c.addi  a5, -7
core   0: 3 0x800078ca (0x17e5) x15 0xfffffff9
core   0: 0x800078cc (0x0000d7ed) c.beqz  a5, pc - 22
core   0: 3 0x800078cc (0xd7ed)
core   0: 0x800078ce (0x40385e33) sra     t3, a6, gp
core   0: 3 0x800078ce (0x40385e33) x28 0x00000000
core   0: 0x800078d2 (0x00008c01) c.sub   s0, s0
core   0: 3 0x800078d2 (0x8c01) x 8 0x00000000
core   0: 0x800078d4 (0x020601b3) mul     gp, a2, zero
core   0: 3 0x800078d4 (0x020601b3) x 3 0x00000000
core   0: 0x800078d8 (0x0ff0000f) fence   iorw,iorw
core   0: 3 0x800078d8 (0x0ff0000f)
core   0: 0x800078dc (0x0000100f) fence.i
core   0: 3 0x800078dc (0x0000100f)
core   0: 0x800078e0 (0x0ff0000f) fence   iorw,iorw
core   0: 3 0x800078e0 (0x0ff0000f)
core   0: 0x800078e4 (0x4b5c0713) addi    a4, s8, 1205
core   0: 3 0x800078e4 (0x4b5c0713) x14 0x000004c9
core   0: 0x800078e8 (0xfb05e5e3) bltu    a1, a6, pc - 86
core   0: 3 0x800078e8 (0xfb05e5e3)
core   0: 0x80007892 (0x00008edd) c.or    a3, a5
core   0: 3 0x80007892 (0x8edd) x13 0xffffffff
core   0: 0x80007894 (0x3cdc4613) xori    a2, s8, 973
core   0: 3 0x80007894 (0x3cdc4613) x12 0x000003d9
core   0: 0x80007898 (0x00000589) c.addi  a1, 2
core   0: 3 0x80007898 (0x0589) x11 0x0000000c
core   0: 0x8000789a (0xfe04e293) ori     t0, s1, -32
core   0: 3 0x8000789a (0xfe04e293) x 5 0xffffffe3
core   0: 0x8000789e (0x00700793) li      a5, 7
core   0: 3 0x8000789e (0x00700793) x15 0x00000007
core   0: 0x800078a2 (0xc2ed0613) addi    a2, s10, -978
core   0: 3 0x800078a2 (0xc2ed0613) x12 0xfffffc2e
core   0: 0x800078a6 (0x02642933) mulhsu  s2, s0, t1
core   0: 3 0x800078a6 (0x02642933) x18 0x00000000
core   0: 0x800078aa (0x00000001) c.nop
core   0: 3 0x800078aa (0x0001)
core   0: 0x800078ac (0x00008605) c.srai  a2, 1
core   0: 3 0x800078ac (0x8605) x12 0xfffffe17
core   0: 0x800078ae (0x03f81433) mulh    s0, a6, t6
core   0: 3 0x800078ae (0x03f81433) x 8 0xfffffff8
core   0: 0x800078b2 (0x00000001) c.nop
core   0: 3 0x800078b2 (0x0001)
core   0: 0x800078b4 (0x00008ed9) c.or    a3, a4
core   0: 3 0x800078b4 (0x8ed9) x13 0xffffffff
core   0: 0x800078b6 (0x0190ffb3) and     t6, ra, s9
core   0: 3 0x800078b6 (0x0190ffb3) x31 0x80025e10
core   0: 0x800078ba (0x00485293) srli    t0, a6, 4
core   0: 3 0x800078ba (0x00485293) x 5 0x00000000
core   0: 0x800078be (0x000080b2) c.mv    ra, a2
core   0: 3 0x800078be (0x80b2) x 1 0xfffffe17
core   0: 0x800078c0 (0x00006121) c.addi16sp sp, 64
core   0: 3 0x800078c0 (0x6121) x 2 0x0000011e
core   0: 0x800078c2 (0x01733db3) sltu    s11, t1, s7
core   0: 3 0x800078c2 (0x01733db3) x27 0x00000000
core   0: 0x800078c6 (0x01f9d2b3) srl     t0, s3, t6
core   0: 3 0x800078c6 (0x01f9d2b3) x 5 0x00008001
core   0: 0x800078ca (0x000017e5) c.addi  a5, -7
core   0: 3 0x800078ca (0x17e5) x15 0x00000000
core   0: 0x800078cc (0x0000d7ed) c.beqz  a5, pc - 22
core   0: 3 0x800078cc (0xd7ed)
core   0: 0x800078b6 (0x0190ffb3) and     t6, ra, s9
core   0: 3 0x800078b6 (0x0190ffb3) x31 0x80025e10
core   0: 0x800078ba (0x00485293) srli    t0, a6, 4
core   0: 3 0x800078ba (0x00485293) x 5 0x00000000
core   0: 0x800078be (0x000080b2) c.mv    ra, a2
core   0: 3 0x800078be (0x80b2) x 1 0xfffffe17
core   0: 0x800078c0 (0x00006121) c.addi16sp sp, 64
core   0: 3 0x800078c0 (0x6121) x 2 0x0000015e
core   0: 0x800078c2 (0x01733db3) sltu    s11, t1, s7
core   0: 3 0x800078c2 (0x01733db3) x27 0x00000000
core   0: 0x800078c6 (0x01f9d2b3) srl     t0, s3, t6
core   0: 3 0x800078c6 (0x01f9d2b3) x 5 0x00008001
core   0: 0x800078ca (0x000017e5) c.addi  a5, -7
core   0: 3 0x800078ca (0x17e5) x15 0xfffffff9
core   0: 0x800078cc (0x0000d7ed) c.beqz  a5, pc - 22
core   0: 3 0x800078cc (0xd7ed)
core   0: 0x800078ce (0x40385e33) sra     t3, a6, gp
core   0: 3 0x800078ce (0x40385e33) x28 0x0000000f
core   0: 0x800078d2 (0x00008c01) c.sub   s0, s0
core   0: 3 0x800078d2 (0x8c01) x 8 0x00000000
core   0: 0x800078d4 (0x020601b3) mul     gp, a2, zero
core   0: 3 0x800078d4 (0x020601b3) x 3 0x00000000
core   0: 0x800078d8 (0x0ff0000f) fence   iorw,iorw
core   0: 3 0x800078d8 (0x0ff0000f)
core   0: 0x800078dc (0x0000100f) fence.i
core   0: 3 0x800078dc (0x0000100f)
core   0: 0x800078e0 (0x0ff0000f) fence   iorw,iorw
core   0: 3 0x800078e0 (0x0ff0000f)
core   0: 0x800078e4 (0x4b5c0713) addi    a4, s8, 1205
core   0: 3 0x800078e4 (0x4b5c0713) x14 0x000004c9
core   0: 0x800078e8 (0xfb05e5e3) bltu    a1, a6, pc - 86
core   0: 3 0x800078e8 (0xfb05e5e3)
core   0: 0x80007892 (0x00008edd) c.or    a3, a5
core   0: 3 0x80007892 (0x8edd) x13 0xffffffff
core   0: 0x80007894 (0x3cdc4613) xori    a2, s8, 973
core   0: 3 0x80007894 (0x3cdc4613) x12 0x000003d9
core   0: 0x80007898 (0x00000589) c.addi  a1, 2
core   0: 3 0x80007898 (0x0589) x11 0x0000000e
core   0: 0x8000789a (0xfe04e293) ori     t0, s1, -32
core   0: 3 0x8000789a (0xfe04e293) x 5 0xffffffe3
core   0: 0x8000789e (0x00700793) li      a5, 7
core   0: 3 0x8000789e (0x00700793) x15 0x00000007
core   0: 0x800078a2 (0xc2ed0613) addi    a2, s10, -978
core   0: 3 0x800078a2 (0xc2ed0613) x12 0xfffffc2e
core   0: 0x800078a6 (0x02642933) mulhsu  s2, s0, t1
core   0: 3 0x800078a6 (0x02642933) x18 0x00000000
core   0: 0x800078aa (0x00000001) c.nop
core   0: 3 0x800078aa (0x0001)
core   0: 0x800078ac (0x00008605) c.srai  a2, 1
core   0: 3 0x800078ac (0x8605) x12 0xfffffe17
core   0: 0x800078ae (0x03f81433) mulh    s0, a6, t6
core   0: 3 0x800078ae (0x03f81433) x 8 0xfffffff8
core   0: 0x800078b2 (0x00000001) c.nop
core   0: 3 0x800078b2 (0x0001)
core   0: 0x800078b4 (0x00008ed9) c.or    a3, a4
core   0: 3 0x800078b4 (0x8ed9) x13 0xffffffff
core   0: 0x800078b6 (0x0190ffb3) and     t6, ra, s9
core   0: 3 0x800078b6 (0x0190ffb3) x31 0x80025e10
core   0: 0x800078ba (0x00485293) srli    t0, a6, 4
core   0: 3 0x800078ba (0x00485293) x 5 0x00000000
core   0: 0x800078be (0x000080b2) c.mv    ra, a2
core   0: 3 0x800078be (0x80b2) x 1 0xfffffe17
core   0: 0x800078c0 (0x00006121) c.addi16sp sp, 64
core   0: 3 0x800078c0 (0x6121) x 2 0x0000019e
core   0: 0x800078c2 (0x01733db3) sltu    s11, t1, s7
core   0: 3 0x800078c2 (0x01733db3) x27 0x00000000
core   0: 0x800078c6 (0x01f9d2b3) srl     t0, s3, t6
core   0: 3 0x800078c6 (0x01f9d2b3) x 5 0x00008001
core   0: 0x800078ca (0x000017e5) c.addi  a5, -7
core   0: 3 0x800078ca (0x17e5) x15 0x00000000
core   0: 0x800078cc (0x0000d7ed) c.beqz  a5, pc - 22
core   0: 3 0x800078cc (0xd7ed)
core   0: 0x800078b6 (0x0190ffb3) and     t6, ra, s9
core   0: 3 0x800078b6 (0x0190ffb3) x31 0x80025e10
core   0: 0x800078ba (0x00485293) srli    t0, a6, 4
core   0: 3 0x800078ba (0x00485293) x 5 0x00000000
core   0: 0x800078be (0x000080b2) c.mv    ra, a2
core   0: 3 0x800078be (0x80b2) x 1 0xfffffe17
core   0: 0x800078c0 (0x00006121) c.addi16sp sp, 64
core   0: 3 0x800078c0 (0x6121) x 2 0x000001de
core   0: 0x800078c2 (0x01733db3) sltu    s11, t1, s7
core   0: 3 0x800078c2 (0x01733db3) x27 0x00000000
core   0: 0x800078c6 (0x01f9d2b3) srl     t0, s3, t6
core   0: 3 0x800078c6 (0x01f9d2b3) x 5 0x00008001
core   0: 0x800078ca (0x000017e5) c.addi  a5, -7
core   0: 3 0x800078ca (0x17e5) x15 0xfffffff9
core   0: 0x800078cc (0x0000d7ed) c.beqz  a5, pc - 22
core   0: 3 0x800078cc (0xd7ed)
core   0: 0x800078ce (0x40385e33) sra     t3, a6, gp
core   0: 3 0x800078ce (0x40385e33) x28 0x0000000f
core   0: 0x800078d2 (0x00008c01) c.sub   s0, s0
core   0: 3 0x800078d2 (0x8c01) x 8 0x00000000
core   0: 0x800078d4 (0x020601b3) mul     gp, a2, zero
core   0: 3 0x800078d4 (0x020601b3) x 3 0x00000000
core   0: 0x800078d8 (0x0ff0000f) fence   iorw,iorw
core   0: 3 0x800078d8 (0x0ff0000f)
core   0: 0x800078dc (0x0000100f) fence.i
core   0: 3 0x800078dc (0x0000100f)
core   0: 0x800078e0 (0x0ff0000f) fence   iorw,iorw
core   0: 3 0x800078e0 (0x0ff0000f)
core   0: 0x800078e4 (0x4b5c0713) addi    a4, s8, 1205
core   0: 3 0x800078e4 (0x4b5c0713) x14 0x000004c9
core   0: 0x800078e8 (0xfb05e5e3) bltu    a1, a6, pc - 86
core   0: 3 0x800078e8 (0xfb05e5e3)
core   0: 0x80007892 (0x00008edd) c.or    a3, a5
core   0: 3 0x80007892 (0x8edd) x13 0xffffffff
core   0: 0x80007894 (0x3cdc4613) xori    a2, s8, 973
core   0: 3 0x80007894 (0x3cdc4613) x12 0x000003d9
core   0: 0x80007898 (0x00000589) c.addi  a1, 2
core   0: 3 0x80007898 (0x0589) x11 0x00000010
core   0: 0x8000789a (0xfe04e293) ori     t0, s1, -32
core   0: 3 0x8000789a (0xfe04e293) x 5 0xffffffe3
core   0: 0x8000789e (0x00700793) li      a5, 7
core   0: 3 0x8000789e (0x00700793) x15 0x00000007
core   0: 0x800078a2 (0xc2ed0613) addi    a2, s10, -978
core   0: 3 0x800078a2 (0xc2ed0613) x12 0xfffffc2e
core   0: 0x800078a6 (0x02642933) mulhsu  s2, s0, t1
core   0: 3 0x800078a6 (0x02642933) x18 0x00000000
core   0: 0x800078aa (0x00000001) c.nop
core   0: 3 0x800078aa (0x0001)
core   0: 0x800078ac (0x00008605) c.srai  a2, 1
core   0: 3 0x800078ac (0x8605) x12 0xfffffe17
core   0: 0x800078ae (0x03f81433) mulh    s0, a6, t6
core   0: 3 0x800078ae (0x03f81433) x 8 0xfffffff8
core   0: 0x800078b2 (0x00000001) c.nop
core   0: 3 0x800078b2 (0x0001)
core   0: 0x800078b4 (0x00008ed9) c.or    a3, a4
core   0: 3 0x800078b4 (0x8ed9) x13 0xffffffff
core   0: 0x800078b6 (0x0190ffb3) and     t6, ra, s9
core   0: 3 0x800078b6 (0x0190ffb3) x31 0x80025e10
core   0: 0x800078ba (0x00485293) srli    t0, a6, 4
core   0: 3 0x800078ba (0x00485293) x 5 0x00000000
core   0: 0x800078be (0x000080b2) c.mv    ra, a2
core   0: 3 0x800078be (0x80b2) x 1 0xfffffe17
core   0: 0x800078c0 (0x00006121) c.addi16sp sp, 64
core   0: 3 0x800078c0 (0x6121) x 2 0x0000021e
core   0: 0x800078c2 (0x01733db3) sltu    s11, t1, s7
core   0: 3 0x800078c2 (0x01733db3) x27 0x00000000
core   0: 0x800078c6 (0x01f9d2b3) srl     t0, s3, t6
core   0: 3 0x800078c6 (0x01f9d2b3) x 5 0x00008001
core   0: 0x800078ca (0x000017e5) c.addi  a5, -7
core   0: 3 0x800078ca (0x17e5) x15 0x00000000
core   0: 0x800078cc (0x0000d7ed) c.beqz  a5, pc - 22
core   0: 3 0x800078cc (0xd7ed)
core   0: 0x800078b6 (0x0190ffb3) and     t6, ra, s9
core   0: 3 0x800078b6 (0x0190ffb3) x31 0x80025e10
core   0: 0x800078ba (0x00485293) srli    t0, a6, 4
core   0: 3 0x800078ba (0x00485293) x 5 0x00000000
core   0: 0x800078be (0x000080b2) c.mv    ra, a2
core   0: 3 0x800078be (0x80b2) x 1 0xfffffe17
core   0: 0x800078c0 (0x00006121) c.addi16sp sp, 64
core   0: 3 0x800078c0 (0x6121) x 2 0x0000025e
core   0: 0x800078c2 (0x01733db3) sltu    s11, t1, s7
core   0: 3 0x800078c2 (0x01733db3) x27 0x00000000
core   0: 0x800078c6 (0x01f9d2b3) srl     t0, s3, t6
core   0: 3 0x800078c6 (0x01f9d2b3) x 5 0x00008001
core   0: 0x800078ca (0x000017e5) c.addi  a5, -7
core   0: 3 0x800078ca (0x17e5) x15 0xfffffff9
core   0: 0x800078cc (0x0000d7ed) c.beqz  a5, pc - 22
core   0: 3 0x800078cc (0xd7ed)
core   0: 0x800078ce (0x40385e33) sra     t3, a6, gp
core   0: 3 0x800078ce (0x40385e33) x28 0x0000000f
core   0: 0x800078d2 (0x00008c01) c.sub   s0, s0
core   0: 3 0x800078d2 (0x8c01) x 8 0x00000000
core   0: 0x800078d4 (0x020601b3) mul     gp, a2, zero
core   0: 3 0x800078d4 (0x020601b3) x 3 0x00000000
core   0: 0x800078d8 (0x0ff0000f) fence   iorw,iorw
core   0: 3 0x800078d8 (0x0ff0000f)
core   0: 0x800078dc (0x0000100f) fence.i
core   0: 3 0x800078dc (0x0000100f)
core   0: 0x800078e0 (0x0ff0000f) fence   iorw,iorw
core   0: 3 0x800078e0 (0x0ff0000f)
core   0: 0x800078e4 (0x4b5c0713) addi    a4, s8, 1205
core   0: 3 0x800078e4 (0x4b5c0713) x14 0x000004c9
core   0: 0x800078e8 (0xfb05e5e3) bltu    a1, a6, pc - 86
core   0: 3 0x800078e8 (0xfb05e5e3)
core   0: 0x800078ec (0x00009df2) c.add   s11, t3
core   0: 3 0x800078ec (0x9df2) x27 0x0000000f
core   0: 0x800078ee (0x0000c117) auipc   sp, 0xc
core   0: 3 0x800078ee (0x0000c117) x 2 0x800138ee
core   0: 0x800078f2 (0x75110113) addi    sp, sp, 1873
core   0: 3 0x800078f2 (0x75110113) x 2 0x8001403f
core   0: 0x800078f6 (0x03c10483) lb      s1, 60(sp)
core   0: 3 0x800078f6 (0x03c10483) x 9 0x00000030 mem 0x8001407b
core   0: 0x800078fa (0x9afc2997) auipc   s3, 0x9afc2
core   0: 3 0x800078fa (0x9afc2997) x19 0x1afc98fa
core   0: 0x800078fe (0x00008c05) c.sub   s0, s1
core   0: 3 0x800078fe (0x8c05) x 8 0xffffffd0
core   0: 0x80007900 (0x00008231) c.srli  a2, 12
core   0: 3 0x80007900 (0x8231) x12 0x000fffff
core   0: 0x80007902 (0x000087aa) c.mv    a5, a0
core   0: 3 0x80007902 (0x87aa) x15 0xf0f272f3
core   0: 0x80007904 (0x000086e2) c.mv    a3, s8
core   0: 3 0x80007904 (0x86e2) x13 0x00000014
core   0: 0x80007906 (0xb6427e93) andi    t4, tp, -1180
core   0: 3 0x80007906 (0xb6427e93) x29 0x80000000
core   0: 0x8000790a (0x40960f33) sub     t5, a2, s1
core   0: 3 0x8000790a (0x40960f33) x30 0x000fffcf
core   0: 0x8000790e (0x0ff0000f) fence   iorw,iorw
core   0: 3 0x8000790e (0x0ff0000f)
core   0: 0x80007912 (0x0ff0000f) fence   iorw,iorw
core   0: 3 0x80007912 (0x0ff0000f)
core   0: 0x80007916 (0x01621813) slli    a6, tp, 22
core   0: 3 0x80007916 (0x01621813) x16 0x00000000
core   0: 0x8000791a (0x221d22b7) lui     t0, 0x221d2
core   0: 3 0x8000791a (0x221d22b7) x 5 0x221d2000
core   0: 0x8000791e (0x0000032e) c.slli  t1, 11
core   0: 3 0x8000791e (0x032e) x 6 0x00075000
core   0: 0x80007920 (0xf7f15183) lhu     gp, -129(sp)
core   0: 3 0x80007920 (0xf7f15183) x 3 0x00007475 mem 0x80013fbe
core   0: 0x80007924 (0x41450333) sub     t1, a0, s4
core   0: 3 0x80007924 (0x41450333) x 6 0xf0f27283
core   0: 0x80007928 (0xf5014303) lbu     t1, -176(sp)
core   0: 3 0x80007928 (0xf5014303) x 6 0x00000044 mem 0x80013f8f
core   0: 0x8000792c (0x00ce12b3) sll     t0, t3, a2
core   0: 3 0x8000792c (0x00ce12b3) x 5 0x80000000
core   0: 0x80007930 (0xfef10923) sb      a5, -14(sp)
core   0: 3 0x80007930 (0xfef10923) mem 0x80014031 0xf3
core   0: 0x80007934 (0x07910c03) lb      s8, 121(sp)
core   0: 3 0x80007934 (0x07910c03) x24 0x00000073 mem 0x800140b8
core   0: 0x80007938 (0x0ff0000f) fence   iorw,iorw
core   0: 3 0x80007938 (0x0ff0000f)
core   0: 0x8000793c (0x13be3f13) sltiu   t5, t3, 315
core   0: 3 0x8000793c (0x13be3f13) x30 0x00000001
core   0: 0x80007940 (0xfdc10703) lb      a4, -36(sp)
core   0: 3 0x80007940 (0xfdc10703) x14 0xffffffd0 mem 0x8001401b
core   0: 0x80007944 (0x00452633) slt     a2, a0, tp
core   0: 3 0x80007944 (0x00452633) x12 0x00000000
core   0: 0x80007948 (0x03a37c33) remu    s8, t1, s10
core   0: 3 0x80007948 (0x03a37c33) x24 0x00000044
core   0: 0x8000794c (0x00008c09) c.sub   s0, a0
core   0: 3 0x8000794c (0x8c09) x 8 0x0f0d8cdd
core   0: 0x8000794e (0x07c10803) lb      a6, 124(sp)
core   0: 3 0x8000794e (0x07c10803) x16 0x00000070 mem 0x800140bb
core   0: 0x80007952 (0xfa115f83) lhu     t6, -95(sp)
core   0: 3 0x80007952 (0xfa115f83) x31 0x00009a9b mem 0x80013fe0
core   0: 0x80007956 (0x4878b893) sltiu   a7, a7, 1159
core   0: 3 0x80007956 (0x4878b893) x17 0x00000001
core   0: 0x8000795a (0x0f311603) lh      a2, 243(sp)
core   0: 3 0x8000795a (0x0f311603) x12 0xffffe8e9 mem 0x80014132
core   0: 0x8000795e (0x0000177d) c.addi  a4, -1
core   0: 3 0x8000795e (0x177d) x14 0xffffffcf
core   0: 0x80007960 (0x023be633) rem     a2, s7, gp
core   0: 3 0x80007960 (0x023be633) x12 0x00000005
core   0: 0x80007964 (0xf6014383) lbu     t2, -160(sp)
core   0: 3 0x80007964 (0xf6014383) x 7 0x00000054 mem 0x80013f9f
core   0: 0x80007968 (0x00008d31) c.xor   a0, a2
core   0: 3 0x80007968 (0x8d31) x10 0xf0f272f6
core   0: 0x8000796a (0xf7e117a3) sh      t5, -145(sp)
core   0: 3 0x8000796a (0xf7e117a3) mem 0x80013fae 0x0001
core   0: 0x8000796e (0xfaa12ea3) sw      a0, -67(sp)
core   0: 3 0x8000796e (0xfaa12ea3) mem 0x80013ffc 0xf0f272f6
core   0: 0x80007972 (0x00008cd1) c.or    s1, a2
core   0: 3 0x80007972 (0x8cd1) x 9 0x00000035
core   0: 0x80007974 (0x02912033) mulhsu  zero, sp, s1
core   0: 3 0x80007974 (0x02912033)
core   0: 0x80007978 (0xd8b18c37) lui     s8, 0xd8b18
core   0: 3 0x80007978 (0xd8b18c37) x24 0xd8b18000
core   0: 0x8000797c (0x400752b3) sra     t0, a4, zero
core   0: 3 0x8000797c (0x400752b3) x 5 0xffffffcf
core   0: 0x80007980 (0x00008dc5) c.or    a1, s1
core   0: 3 0x80007980 (0x8dc5) x11 0x00000035
core   0: 0x80007982 (0xf0214083) lbu     ra, -254(sp)
core   0: 3 0x80007982 (0xf0214083) x 1 0x000000fa mem 0x80013f41
core   0: 0x80007986 (0x00017117) auipc   sp, 0x17
core   0: 3 0x80007986 (0x00017117) x 2 0x8001e986
core   0: 0x8000798a (0x26c10113) addi    sp, sp, 620
core   0: 3 0x8000798a (0x26c10113) x 2 0x8001ebf2
core   0: 0x8000798e (0x0238a733) mulhsu  a4, a7, gp
core   0: 3 0x8000798e (0x0238a733) x14 0x00000000
core   0: 0x80007992 (0x03015603) lhu     a2, 48(sp)
core   0: 3 0x80007992 (0x03015603) x12 0x0000d8d9 mem 0x8001ec22
core   0: 0x80007996 (0x002103a3) sb      sp, 7(sp)
core   0: 3 0x80007996 (0x002103a3) mem 0x8001ebf9 0xf2
core   0: 0x8000799a (0xf9e1c713) xori    a4, gp, -98
core   0: 3 0x8000799a (0xf9e1c713) x14 0xffff8beb
core   0: 0x8000799e (0x0091d633) srl     a2, gp, s1
core   0: 3 0x8000799e (0x0091d633) x12 0x00000000
core   0: 0x800079a2 (0xc7874013) xori    zero, a4, -904
core   0: 3 0x800079a2 (0xc7874013)
core   0: 0x800079a6 (0x00012723) sw      zero, 14(sp)
core   0: 3 0x800079a6 (0x00012723) mem 0x8001ec00 0x00000000
core   0: 0x800079aa (0xff5102a3) sb      s5, -27(sp)
core   0: 3 0x800079aa (0xff5102a3) mem 0x8001ebd7 0xe4
core   0: 0x800079ae (0xfdb14e03) lbu     t3, -37(sp)
core   0: 3 0x800079ae (0xfdb14e03) x28 0x00000086 mem 0x8001ebcd
core   0: 0x800079b2 (0x02210f83) lb      t6, 34(sp)
core   0: 3 0x800079b2 (0x02210f83) x31 0xffffffcf mem 0x8001ec14
core   0: 0x800079b6 (0x0261b533) mulhu   a0, gp, t1
core   0: 3 0x800079b6 (0x0261b533) x10 0x00000000
core   0: 0x800079ba (0xfe911b23) sh      s1, -10(sp)
core   0: 3 0x800079ba (0xfe911b23) mem 0x8001ebe8 0x0035
core   0: 0x800079be (0xfd1105a3) sb      a7, -53(sp)
core   0: 3 0x800079be (0xfd1105a3) mem 0x8001ebbd 0x1
core   0: 0x800079c2 (0xfd310223) sb      s3, -60(sp)
core   0: 3 0x800079c2 (0xfd310223) mem 0x8001ebb6 0xfa
core   0: 0x800079c6 (0x0000100f) fence.i
core   0: 3 0x800079c6 (0x0000100f)
core   0: 0x800079ca (0x00cf9db3) sll     s11, t6, a2
core   0: 3 0x800079ca (0x00cf9db3) x27 0xffffffcf
core   0: 0x800079ce (0x00008e85) c.sub   a3, s1
core   0: 3 0x800079ce (0x8e85) x13 0xffffffdf
core   0: 0x800079d0 (0x00cde633) or      a2, s11, a2
core   0: 3 0x800079d0 (0x00cde633) x12 0xffffffcf
core   0: 0x800079d4 (0xfec10483) lb      s1, -20(sp)
core   0: 3 0x800079d4 (0xfec10483) x 9 0xffffff95 mem 0x8001ebde
core   0: 0x800079d8 (0x02b11e23) sh      a1, 60(sp)
core   0: 3 0x800079d8 (0x02b11e23) mem 0x8001ec2e 0x0035
core   0: 0x800079dc (0x01021033) sll     zero, tp, a6
core   0: 3 0x800079dc (0x01021033)
core   0: 0x800079e0 (0x414c87b3) sub     a5, s9, s4
core   0: 3 0x800079e0 (0x414c87b3) x15 0x80025de8
core   0: 0x800079e4 (0x037253b3) divu    t2, tp, s7
core   0: 3 0x800079e4 (0x037253b3) x 7 0x19999999
core   0: 0x800079e8 (0xff110e83) lb      t4, -15(sp)
core   0: 3 0x800079e8 (0xff110e83) x29 0xffffff98 mem 0x8001ebe3
core   0: 0x800079ec (0x0130c2b3) xor     t0, ra, s3
core   0: 3 0x800079ec (0x0130c2b3) x 5 0x1afc9800
core   0: 0x800079f0 (0x01011983) lh      s3, 16(sp)
core   0: 3 0x800079f0 (0x01011983) x19 0x00000000 mem 0x8001ec02
core   0: 0x800079f4 (0x03c101a3) sb      t3, 35(sp)
core   0: 3 0x800079f4 (0x03c101a3) mem 0x8001ec15 0x86
core   0: 0x800079f8 (0x4061d393) srai    t2, gp, 6
core   0: 3 0x800079f8 (0x4061d393) x 7 0x000001d1
core   0: 0x800079fc (0x37c78313) addi    t1, a5, 892
core   0: 3 0x800079fc (0x37c78313) x 6 0x80026164
core   0: 0x80007a00 (0x00000eb5) c.addi  t4, 13
core   0: 3 0x80007a00 (0x0eb5) x29 0xffffffa5
core   0: 0x80007a02 (0x003614b3) sll     s1, a2, gp
core   0: 3 0x80007a02 (0x003614b3) x 9 0xf9e00000
core   0: 0x80007a06 (0x00008ec9) c.or    a3, a0
core   0: 3 0x80007a06 (0x8ec9) x13 0xffffffdf
core   0: 0x80007a08 (0x4193d733) sra     a4, t2, s9
core   0: 3 0x80007a08 (0x4193d733) x14 0x00000000
core   0: 0x80007a0c (0x00008095) c.srli  s1, 5
core   0: 3 0x80007a0c (0x8095) x 9 0x07cf0000
core   0: 0x80007a0e (0x029ff333) remu    t1, t6, s1
core   0: 3 0x80007a0e (0x029ff333) x 6 0x061fffcf
core   0: 0x80007a12 (0x00da7533) and     a0, s4, a3
core   0: 3 0x80007a12 (0x00da7533) x10 0x00000050
core   0: 0x80007a16 (0x02c101a3) sb      a2, 35(sp)
core   0: 3 0x80007a16 (0x02c101a3) mem 0x8001ec15 0xcf
core   0: 0x80007a1a (0x00000c12) c.slli  s8, 4
core   0: 3 0x80007a1a (0x0c12) x24 0x8b180000
core   0: 0x80007a1c (0xaa96e793) ori     a5, a3, -1367
core   0: 3 0x80007a1c (0xaa96e793) x15 0xffffffff
core   0: 0x80007a20 (0x03c9dfb3) divu    t6, s3, t3
core   0: 3 0x80007a20 (0x03c9dfb3) x31 0x00000000
core   0: 0x80007a24 (0x318c5b97) auipc   s7, 0x318c5
core   0: 3 0x80007a24 (0x318c5b97) x23 0xb18cca24
core   0: 0x80007a28 (0x03334533) div     a0, t1, s3
core   0: 3 0x80007a28 (0x03334533) x10 0xffffffff
core   0: 0x80007a2c (0x01610983) lb      s3, 22(sp)
core   0: 3 0x80007a2c (0x01610983) x19 0xffffffc3 mem 0x8001ec08
core   0: 0x80007a30 (0x00018117) auipc   sp, 0x18
core   0: 3 0x80007a30 (0x00018117) x 2 0x8001fa30
core   0: 0x80007a34 (0x1b610113) addi    sp, sp, 438
core   0: 3 0x80007a34 (0x1b610113) x 2 0x8001fbe6
core   0: 0x80007a38 (0x00009697) auipc   a3, 0x9
core   0: 3 0x80007a38 (0x00009697) x13 0x80010a38
core   0: 0x80007a3c (0xf1e68693) addi    a3, a3, -226
core   0: 3 0x80007a3c (0xf1e68693) x13 0x80010956
core   0: 0x80007a40 (0xfcc11423) sh      a2, -56(sp)
core   0: 3 0x80007a40 (0xfcc11423) mem 0x8001fbae 0xffcf
core   0: 0x80007a44 (0x2bf6cc03) lbu     s8, 703(a3)
core   0: 3 0x80007a44 (0x2bf6cc03) x24 0x000000ce mem 0x80010c15
core   0: 0x80007a48 (0x0656ca03) lbu     s4, 101(a3)
core   0: 3 0x80007a48 (0x0656ca03) x20 0x00000070 mem 0x800109bb
core   0: 0x80007a4c (0xff114a03) lbu     s4, -15(sp)
core   0: 3 0x80007a4c (0xff114a03) x20 0x0000008c mem 0x8001fbd7
core   0: 0x80007a50 (0x009109a3) sb      s1, 19(sp)
core   0: 3 0x80007a50 (0x009109a3) mem 0x8001fbf9 0x0
core   0: 0x80007a54 (0xe6c6d303) lhu     t1, -404(a3)
core   0: 3 0x80007a54 (0xe6c6d303) x 6 0x00007879 mem 0x800107c2
core   0: 0x80007a58 (0xfe714e83) lbu     t4, -25(sp)
core   0: 3 0x80007a58 (0xfe714e83) x29 0x00000086 mem 0x8001fbcd
core   0: 0x80007a5c (0xffe103a3) sb      t5, -25(sp)
core   0: 3 0x80007a5c (0xffe103a3) mem 0x8001fbcd 0x1
core   0: 0x80007a60 (0x00110b83) lb      s7, 1(sp)
core   0: 3 0x80007a60 (0x00110b83) x23 0xffffff9c mem 0x8001fbe7
core   0: 0x80007a64 (0x4c1686a3) sb      ra, 1229(a3)
core   0: 3 0x80007a64 (0x4c1686a3) mem 0x80010e23 0xfa
core   0: 0x80007a68 (0xfc411a03) lh      s4, -60(sp)
core   0: 3 0x80007a68 (0xfc411a03) x20 0x00006061 mem 0x8001fbaa
core   0: 0x80007a6c (0xf3369b23) sh      s3, -202(a3)
core   0: 3 0x80007a6c (0xf3369b23) mem 0x8001088c 0xffc3
core   0: 0x80007a70 (0x2bd68283) lb      t0, 701(a3)
core   0: 3 0x80007a70 (0x2bd68283) x 5 0xffffffc8 mem 0x80010c13
core   0: 0x80007a74 (0xfca100a3) sb      a0, -63(sp)
core   0: 3 0x80007a74 (0xfca100a3) mem 0x8001fba7 0xff
core   0: 0x80007a78 (0x58468323) sb      tp, 1414(a3)
core   0: 3 0x80007a78 (0x58468323) mem 0x80010edc 0x0
core   0: 0x80007a7c (0x03269083) lh      ra, 50(a3)
core   0: 3 0x80007a7c (0x03269083) x 1 0x00004243 mem 0x80010988
core   0: 0x80007a80 (0x00015797) auipc   a5, 0x15
core   0: 3 0x80007a80 (0x00015797) x15 0x8001ca80
core   0: 0x80007a84 (0x31b78793) addi    a5, a5, 795
core   0: 3 0x80007a84 (0x31b78793) x15 0x8001cd9b
core   0: 0x80007a88 (0x00009997) auipc   s3, 0x9
core   0: 3 0x80007a88 (0x00009997) x19 0x80010a88
core   0: 0x80007a8c (0xd4798993) addi    s3, s3, -697
core   0: 3 0x80007a8c (0xd4798993) x19 0x800107cf
core   0: 0x80007a90 (0x291796a3) sh      a7, 653(a5)
core   0: 3 0x80007a90 (0x291796a3) mem 0x8001d028 0x0001
core   0: 0x80007a94 (0x00a9c903) lbu     s2, 10(s3)
core   0: 3 0x80007a94 (0x00a9c903) x18 0x000000fd mem 0x800107d9
core   0: 0x80007a98 (0xfd09c503) lbu     a0, -48(s3)
core   0: 3 0x80007a98 (0xfd09c503) x10 0x00000054 mem 0x8001079f
core   0: 0x80007a9c (0xc187c103) lbu     sp, -1000(a5)
core   0: 3 0x80007a9c (0xc187c103) x 2 0x00000068 mem 0x8001c9b3
core   0: 0x80007aa0 (0x30178d23) sb      ra, 794(a5)
core   0: 3 0x80007aa0 (0x30178d23) mem 0x8001d0b5 0x43
core   0: 0x80007aa4 (0x00b98a03) lb      s4, 11(s3)
core   0: 3 0x80007aa4 (0x00b98a03) x20 0xffffff91 mem 0x800107da
core   0: 0x80007aa8 (0x028982a3) sb      s0, 37(s3)
core   0: 3 0x80007aa8 (0x028982a3) mem 0x800107f4 0xdd
core   0: 0x80007aac (0xf7c7c603) lbu     a2, -132(a5)
core   0: 3 0x80007aac (0xf7c7c603) x12 0x000000cc mem 0x8001cd17
core   0: 0x80007ab0 (0x0339a4a3) sw      s3, 41(s3)
core   0: 3 0x80007ab0 (0x0339a4a3) mem 0x800107f8 0x800107cf
core   0: 0x80007ab4 (0xfeb98123) sb      a1, -30(s3)
core   0: 3 0x80007ab4 (0xfeb98123) mem 0x800107b1 0x35
core   0: 0x80007ab8 (0x98278fa3) sb      sp, -1633(a5)
core   0: 3 0x80007ab8 (0x98278fa3) mem 0x8001c73a 0x68
core   0: 0x80007abc (0x03f98c03) lb      s8, 63(s3)
core   0: 3 0x80007abc (0x03f98c03) x24 0xffffffc5 mem 0x8001080e
core   0: 0x80007ac0 (0x5ff7cb83) lbu     s7, 1535(a5)
core   0: 3 0x80007ac0 (0x5ff7cb83) x23 0x00000051 mem 0x8001d39a
core   0: 0x80007ac4 (0x02b9d883) lhu     a7, 43(s3)
core   0: 3 0x80007ac4 (0x02b9d883) x17 0x00008001 mem 0x800107fa
core   0: 0x80007ac8 (0x00099ea3) sh      zero, 29(s3)
core   0: 3 0x80007ac8 (0x00099ea3) mem 0x800107ec 0x0000
core   0: 0x80007acc (0xa797a383) lw      t2, -1415(a5)
core   0: 3 0x80007acc (0xa797a383) x 7 0xcccdcecf mem 0x8001c814
core   0: 0x80007ad0 (0x16678f83) lb      t6, 358(a5)
core   0: 3 0x80007ad0 (0x16678f83) x31 0xffffffba mem 0x8001cf01
core   0: 0x80007ad4 (0xfc398523) sb      gp, -54(s3)
core   0: 3 0x80007ad4 (0xfc398523) mem 0x80010799 0x75
core   0: 0x80007ad8 (0xf15782a3) sb      s5, -251(a5)
core   0: 3 0x80007ad8 (0xf15782a3) mem 0x8001cca0 0xe4
core   0: 0x80007adc (0x00200713) li      a4, 2
core   0: 3 0x80007adc (0x00200713) x14 0x00000002
core   0: 0x80007ae0 (0x40345e33) sra     t3, s0, gp
core   0: 3 0x80007ae0 (0x40345e33) x28 0x00000078
core   0: 0x80007ae4 (0x01ee32b3) sltu    t0, t3, t5
core   0: 3 0x80007ae4 (0x01ee32b3) x 5 0x00000000
core   0: 0x80007ae8 (0x00600693) li      a3, 6
core   0: 3 0x80007ae8 (0x00600693) x13 0x00000006
core   0: 0x80007aec (0x0000100f) fence.i
core   0: 3 0x80007aec (0x0000100f)
core   0: 0x80007af0 (0x02328833) mul     a6, t0, gp
core   0: 3 0x80007af0 (0x02328833) x16 0x00000000
core   0: 0x80007af4 (0xabd04113) xori    sp, zero, -1347
core   0: 3 0x80007af4 (0xabd04113) x 2 0xfffffabd
core   0: 0x80007af8 (0x033ae0b3) rem     ra, s5, s3
core   0: 3 0x80007af8 (0x033ae0b3) x 1 0x80029ce4
core   0: 0x80007afc (0x00000001) c.nop
core   0: 3 0x80007afc (0x0001)
core   0: 0x80007afe (0x649f6293) ori     t0, t5, 1609
core   0: 3 0x80007afe (0x649f6293) x 5 0x00000649
core   0: 0x80007b02 (0x00000709) c.addi  a4, 2
core   0: 3 0x80007b02 (0x0709) x14 0x00000004
core   0: 0x80007b04 (0x013e9c13) slli    s8, t4, 19
core   0: 3 0x80007b04 (0x013e9c13) x24 0x04300000
core   0: 0x80007b08 (0x0000100f) fence.i
core   0: 3 0x80007b08 (0x0000100f)
core   0: 0x80007b0c (0xffb00413) li      s0, -5
core   0: 3 0x80007b0c (0xffb00413) x 8 0xfffffffb
core   0: 0x80007b10 (0x000087dd) c.srai  a5, 23
core   0: 3 0x80007b10 (0x87dd) x15 0xffffff00
core   0: 0x80007b12 (0x00000001) c.nop
core   0: 3 0x80007b12 (0x0001)
core   0: 0x80007b14 (0x02d089b3) mul     s3, ra, a3
core   0: 3 0x80007b14 (0x02d089b3) x19 0x000fad58
core   0: 0x80007b18 (0x00008fdd) c.or    a5, a5
core   0: 3 0x80007b18 (0x8fdd) x15 0xffffff00
core   0: 0x80007b1a (0x00008dc5) c.or    a1, s1
core   0: 3 0x80007b1a (0x8dc5) x11 0x07cf0035
core   0: 0x80007b1c (0x02ba38b3) mulhu   a7, s4, a1
core   0: 3 0x80007b1c (0x02ba38b3) x17 0x07cf0031
core   0: 0x80007b20 (0x00a70633) add     a2, a4, a0
core   0: 3 0x80007b20 (0x00a70633) x12 0x00000058
core   0: 0x80007b24 (0x00000405) c.addi  s0, 1
core   0: 3 0x80007b24 (0x0405) x 8 0xfffffffc
core   0: 0x80007b26 (0x02ee2133) mulhsu  sp, t3, a4
core   0: 3 0x80007b26 (0x02ee2133) x 2 0x00000000
core   0: 0x80007b2a (0x0000d86d) c.beqz  s0, pc - 14
core   0: 3 0x80007b2a (0xd86d)
core   0: 0x80007b2c (0x0241f2b3) remu    t0, gp, tp
core   0: 3 0x80007b2c (0x0241f2b3) x 5 0x00007475
core   0: 0x80007b30 (0x000065f1) c.lui   a1, 0x1c
core   0: 3 0x80007b30 (0x65f1) x11 0x0001c000
core   0: 0x80007b32 (0x000007ee) c.slli  a5, 27
core   0: 3 0x80007b32 (0x07ee) x15 0x00000000
core   0: 0x80007b34 (0x00000001) c.nop
core   0: 3 0x80007b34 (0x0001)
core   0: 0x80007b36 (0x131c0797) auipc   a5, 0x131c0
core   0: 3 0x80007b36 (0x131c0797) x15 0x931c7b36
core   0: 0x80007b3a (0x03b9bbb3) mulhu   s7, s3, s11
core   0: 3 0x80007b3a (0x03b9bbb3) x23 0x000fad57
core   0: 0x80007b3e (0x51844613) xori    a2, s0, 1304
core   0: 3 0x80007b3e (0x51844613) x12 0xfffffae4
core   0: 0x80007b42 (0x41d7d133) sra     sp, a5, t4
core   0: 3 0x80007b42 (0x41d7d133) x 2 0xfe4c71ec
core   0: 0x80007b46 (0x406ddc33) sra     s8, s11, t1
core   0: 3 0x80007b46 (0x406ddc33) x24 0xffffffff
core   0: 0x80007b4a (0xfad713e3) bne     a4, a3, pc - 90
core   0: 3 0x80007b4a (0xfad713e3)
core   0: 0x80007af0 (0x02328833) mul     a6, t0, gp
core   0: 3 0x80007af0 (0x02328833) x16 0x34fa3d79
core   0: 0x80007af4 (0xabd04113) xori    sp, zero, -1347
core   0: 3 0x80007af4 (0xabd04113) x 2 0xfffffabd
core   0: 0x80007af8 (0x033ae0b3) rem     ra, s5, s3
core   0: 3 0x80007af8 (0x033ae0b3) x 1 0xffffcd54
core   0: 0x80007afc (0x00000001) c.nop
core   0: 3 0x80007afc (0x0001)
core   0: 0x80007afe (0x649f6293) ori     t0, t5, 1609
core   0: 3 0x80007afe (0x649f6293) x 5 0x00000649
core   0: 0x80007b02 (0x00000709) c.addi  a4, 2
core   0: 3 0x80007b02 (0x0709) x14 0x00000006
core   0: 0x80007b04 (0x013e9c13) slli    s8, t4, 19
core   0: 3 0x80007b04 (0x013e9c13) x24 0x04300000
core   0: 0x80007b08 (0x0000100f) fence.i
core   0: 3 0x80007b08 (0x0000100f)
core   0: 0x80007b0c (0xffb00413) li      s0, -5
core   0: 3 0x80007b0c (0xffb00413) x 8 0xfffffffb
core   0: 0x80007b10 (0x000087dd) c.srai  a5, 23
core   0: 3 0x80007b10 (0x87dd) x15 0xffffff26
core   0: 0x80007b12 (0x00000001) c.nop
core   0: 3 0x80007b12 (0x0001)
core   0: 0x80007b14 (0x02d089b3) mul     s3, ra, a3
core   0: 3 0x80007b14 (0x02d089b3) x19 0xfffecff8
core   0: 0x80007b18 (0x00008fdd) c.or    a5, a5
core   0: 3 0x80007b18 (0x8fdd) x15 0xffffff26
core   0: 0x80007b1a (0x00008dc5) c.or    a1, s1
core   0: 3 0x80007b1a (0x8dc5) x11 0x07cfc000
core   0: 0x80007b1c (0x02ba38b3) mulhu   a7, s4, a1
core   0: 3 0x80007b1c (0x02ba38b3) x17 0x07cfbffc
core   0: 0x80007b20 (0x00a70633) add     a2, a4, a0
core   0: 3 0x80007b20 (0x00a70633) x12 0x0000005a
core   0: 0x80007b24 (0x00000405) c.addi  s0, 1
core   0: 3 0x80007b24 (0x0405) x 8 0xfffffffc
core   0: 0x80007b26 (0x02ee2133) mulhsu  sp, t3, a4
core   0: 3 0x80007b26 (0x02ee2133) x 2 0x00000000
core   0: 0x80007b2a (0x0000d86d) c.beqz  s0, pc - 14
core   0: 3 0x80007b2a (0xd86d)
core   0: 0x80007b2c (0x0241f2b3) remu    t0, gp, tp
core   0: 3 0x80007b2c (0x0241f2b3) x 5 0x00007475
core   0: 0x80007b30 (0x000065f1) c.lui   a1, 0x1c
core   0: 3 0x80007b30 (0x65f1) x11 0x0001c000
core   0: 0x80007b32 (0x000007ee) c.slli  a5, 27
core   0: 3 0x80007b32 (0x07ee) x15 0x30000000
core   0: 0x80007b34 (0x00000001) c.nop
core   0: 3 0x80007b34 (0x0001)
core   0: 0x80007b36 (0x131c0797) auipc   a5, 0x131c0
core   0: 3 0x80007b36 (0x131c0797) x15 0x931c7b36
core   0: 0x80007b3a (0x03b9bbb3) mulhu   s7, s3, s11
core   0: 3 0x80007b3a (0x03b9bbb3) x23 0xfffecfc7
core   0: 0x80007b3e (0x51844613) xori    a2, s0, 1304
core   0: 3 0x80007b3e (0x51844613) x12 0xfffffae4
core   0: 0x80007b42 (0x41d7d133) sra     sp, a5, t4
core   0: 3 0x80007b42 (0x41d7d133) x 2 0xfe4c71ec
core   0: 0x80007b46 (0x406ddc33) sra     s8, s11, t1
core   0: 3 0x80007b46 (0x406ddc33) x24 0xffffffff
core   0: 0x80007b4a (0xfad713e3) bne     a4, a3, pc - 90
core   0: 3 0x80007b4a (0xfad713e3)
core   0: 0x80007b4e (0x33e40493) addi    s1, s0, 830
core   0: 3 0x80007b4e (0x33e40493) x 9 0x0000033a
core   0: 0x80007b52 (0x0380076f) jal     a4, pc + 0x38
core   0: 3 0x80007b52 (0x0380076f) x14 0x80007b56
core   0: 0x80007b8a (0x0000bfe5) c.j     pc - 8
core   0: 3 0x80007b8a (0xbfe5)
core   0: 0x80007b82 (0x0000b7f5) c.j     pc - 20
core   0: 3 0x80007b82 (0xb7f5)
core   0: 0x80007b6e (0x00003fed) c.jal   pc - 6
core   0: 3 0x80007b6e (0x3fed) x 1 0x80007b70
core   0: 0x80007b68 (0x0000a805) c.j     pc + 48
core   0: 3 0x80007b68 (0xa805)
core   0: 0x80007b98 (0xfcdff2ef) jal     t0, pc - 0x34
core   0: 3 0x80007b98 (0xfcdff2ef) x 5 0x80007b9c
core   0: 0x80007b64 (0x0380036f) jal     t1, pc + 0x38
core   0: 3 0x80007b64 (0x0380036f) x 6 0x80007b68
core   0: 0x80007b9c (0x000037e5) c.jal   pc - 24
core   0: 3 0x80007b9c (0x37e5) x 1 0x80007b9e
core   0: 0x80007b84 (0x0000b7f5) c.j     pc - 20
core   0: 3 0x80007b84 (0xb7f5)
core   0: 0x80007b70 (0x0000201d) c.jal   pc + 38
core   0: 3 0x80007b70 (0x201d) x 1 0x80007b72
core   0: 0x80007b96 (0x000037e1) c.jal   pc - 56
core   0: 3 0x80007b96 (0x37e1) x 1 0x80007b98
core   0: 0x80007b5e (0x00002821) c.jal   pc + 24
core   0: 3 0x80007b5e (0x2821) x 1 0x80007b60
core   0: 0x80007b76 (0xfffff2ef) jal     t0, pc - 0x2
core   0: 3 0x80007b76 (0xfffff2ef) x 5 0x80007b7a
core   0: 0x80007b74 (0x00002821) c.jal   pc + 24
core   0: 3 0x80007b74 (0x2821) x 1 0x80007b76
core   0: 0x80007b8c (0xfefff0ef) jal     pc - 0x12
core   0: 3 0x80007b8c (0xfefff0ef) x 1 0x80007b90
core   0: 0x80007b7a (0x00e000ef) jal     pc + 0xe
core   0: 3 0x80007b7a (0x00e000ef) x 1 0x80007b7e
core   0: 0x80007b88 (0x0000bfc9) c.j     pc - 46
core   0: 3 0x80007b88 (0xbfc9)
core   0: 0x80007b5a (0x0000201d) c.jal   pc + 38
core   0: 3 0x80007b5a (0x201d) x 1 0x80007b5c
core   0: 0x80007b80 (0x00002801) c.jal   pc + 16
core   0: 3 0x80007b80 (0x2801) x 1 0x80007b82
core   0: 0x80007b90 (0xfefff0ef) jal     pc - 0x12
core   0: 3 0x80007b90 (0xfefff0ef) x 1 0x80007b94
core   0: 0x80007b7e (0x000037f5) c.jal   pc - 20
core   0: 3 0x80007b7e (0x37f5) x 1 0x80007b80
core   0: 0x80007b6a (0x000037fd) c.jal   pc - 18
core   0: 3 0x80007b6a (0x37fd) x 1 0x80007b6c
core   0: 0x80007b58 (0x0000a835) c.j     pc + 60
core   0: 3 0x80007b58 (0xa835)
core   0: 0x80007b94 (0x0000bfe1) c.j     pc - 40
core   0: 3 0x80007b94 (0xbfe1)
core   0: 0x80007b6c (0x000037ed) c.jal   pc - 22
core   0: 3 0x80007b6c (0x37ed) x 1 0x80007b6e
core   0: 0x80007b56 (0x00002029) c.jal   pc + 10
core   0: 3 0x80007b56 (0x2029) x 1 0x80007b58
core   0: 0x80007b60 (0xffdff0ef) jal     pc - 0x4
core   0: 3 0x80007b60 (0xffdff0ef) x 1 0x80007b64
core   0: 0x80007b5c (0x0000a02d) c.j     pc + 42
core   0: 3 0x80007b5c (0xa02d)
core   0: 0x80007b86 (0x0000b7f5) c.j     pc - 20
core   0: 3 0x80007b86 (0xb7f5)
core   0: 0x80007b72 (0x00002035) c.jal   pc + 44
core   0: 3 0x80007b72 (0x2035) x 1 0x80007b74
core   0: 0x80007b9e (0x01bd41b3) xor     gp, s10, s11
core   0: 3 0x80007b9e (0x01bd41b3) x 3 0xffffffcf
core   0: 0x80007ba2 (0x00009e17) auipc   t3, 0x9
core   0: 3 0x80007ba2 (0x00009e17) x28 0x80010ba2
core   0: 0x80007ba6 (0xf30e0e13) addi    t3, t3, -208
core   0: 3 0x80007ba6 (0xf30e0e13) x28 0x80010ad2
core   0: 0x80007baa (0x357e04a3) sb      s7, 841(t3)
core   0: 3 0x80007baa (0x357e04a3) mem 0x80010e1b 0xc7
core   0: 0x80007bae (0xe2ce4b83) lbu     s7, -468(t3)
core   0: 3 0x80007bae (0xe2ce4b83) x23 0x000000b5 mem 0x800108fe
core   0: 0x80007bb2 (0xc32e0f23) sb      s2, -962(t3)
core   0: 3 0x80007bb2 (0xc32e0f23) mem 0x80010710 0xfd
core   0: 0x80007bb6 (0x872e1a23) sh      s2, -1932(t3)
core   0: 3 0x80007bb6 (0x872e1a23) mem 0x80010346 0x00fd
core   0: 0x80007bba (0xbbee5683) lhu     a3, -1090(t3)
core   0: 3 0x80007bba (0xbbee5683) x13 0x00004a4b mem 0x80010690
core   0: 0x80007bbe (0xc43e2d23) sw      gp, -934(t3)
core   0: 3 0x80007bbe (0xc43e2d23) mem 0x8001072c 0xffffffcf
core   0: 0x80007bc2 (0xc00e4b83) lbu     s7, -1024(t3)
core   0: 3 0x80007bc2 (0xc00e4b83) x23 0x00000089 mem 0x800106d2
core   0: 0x80007bc6 (0x217e0b83) lb      s7, 535(t3)
core   0: 3 0x80007bc6 (0x217e0b83) x23 0xffffffa2 mem 0x80010ce9
core   0: 0x80007bca (0x3f2e04a3) sb      s2, 1001(t3)
core   0: 3 0x80007bca (0x3f2e04a3) mem 0x80010ebb 0xfd
core   0: 0x80007bce (0x0376d1b3) divu    gp, a3, s7
core   0: 3 0x80007bce (0x0376d1b3) x 3 0x00000000
core   0: 0x80007bd2 (0xf6de1f23) sh      a3, -130(t3)
core   0: 3 0x80007bd2 (0xf6de1f23) mem 0x80010a50 0x4a4b
core   0: 0x80007bd6 (0x503e0623) sb      gp, 1292(t3)
core   0: 3 0x80007bd6 (0x503e0623) mem 0x80010fde 0x0
core   0: 0x80007bda (0x00000a66) c.slli  s4, 25
core   0: 3 0x80007bda (0x0a66) x20 0x22000000
core   0: 0x80007bdc (0x3cce1903) lh      s2, 972(t3)
core   0: 3 0x80007bdc (0x3cce1903) x18 0x00005433 mem 0x80010e9e
core   0: 0x80007be0 (0xab4e0e23) sb      s4, -1348(t3)
core   0: 3 0x80007be0 (0xab4e0e23) mem 0x8001058e 0x0
core   0: 0x80007be4 (0x8c8e5083) lhu     ra, -1848(t3)
core   0: 3 0x80007be4 (0x8c8e5083) x 1 0x00005aaf mem 0x8001039a
core   0: 0x80007be8 (0xfa9e4a03) lbu     s4, -87(t3)
core   0: 3 0x80007be8 (0xfa9e4a03) x20 0x00000030 mem 0x80010a7b
core   0: 0x80007bec (0x126e5b83) lhu     s7, 294(t3)
core   0: 3 0x80007bec (0x126e5b83) x23 0x0000b2b3 mem 0x80010bf8
core   0: 0x80007bf0 (0x017a5a33) srl     s4, s4, s7
core   0: 3 0x80007bf0 (0x017a5a33) x20 0x00000000
core   0: 0x80007bf4 (0xf98e4a03) lbu     s4, -104(t3)
core   0: 3 0x80007bf4 (0xf98e4a03) x20 0x00000021 mem 0x80010a6a
core   0: 0x80007bf8 (0x4000d693) srai    a3, ra, 0
core   0: 3 0x80007bf8 (0x4000d693) x13 0x00005aaf
core   0: 0x80007bfc (0x00008695) c.srai  a3, 5
core   0: 3 0x80007bfc (0x8695) x13 0x000002d5
core   0: 0x80007bfe (0x00008ef5) c.and   a3, a3
core   0: 3 0x80007bfe (0x8ef5) x13 0x000002d5
core   0: 0x80007c00 (0xf0de0183) lb      gp, -243(t3)
core   0: 3 0x80007c00 (0xf0de0183) x 3 0xffffff94 mem 0x800109df
core   0: 0x80007c04 (0xc8de4083) lbu     ra, -883(t3)
core   0: 3 0x80007c04 (0xc8de4083) x 1 0x00000014 mem 0x8001075f
core   0: 0x80007c08 (0x00006941) c.lui   s2, 0x10
core   0: 3 0x80007c08 (0x6941) x18 0x00010000
core   0: 0x80007c0a (0x00008ed5) c.or    a3, a3
core   0: 3 0x80007c0a (0x8ed5) x13 0x000002d5
core   0: 0x80007c0c (0x00008ed5) c.or    a3, a3
core   0: 3 0x80007c0c (0x8ed5) x13 0x000002d5
core   0: 0x80007c0e (0x00008ed5) c.or    a3, a3
core   0: 3 0x80007c0e (0x8ed5) x13 0x000002d5
core   0: 0x80007c10 (0x0000100f) fence.i
core   0: 3 0x80007c10 (0x0000100f)
core   0: 0x80007c14 (0x00000001) c.nop
core   0: 3 0x80007c14 (0x0001)
core   0: 0x80007c16 (0x0146c6b3) xor     a3, a3, s4
core   0: 3 0x80007c16 (0x0146c6b3) x13 0x000002f4
core   0: 0x80007c1a (0x46f96a13) ori     s4, s2, 1135
core   0: 3 0x80007c1a (0x46f96a13) x20 0x0001046f
core   0: 0x80007c1e (0xc97e03a3) sb      s7, -889(t3)
core   0: 3 0x80007c1e (0xc97e03a3) mem 0x80010759 0xb3
core   0: 0x80007c22 (0x2d3e0b83) lb      s7, 723(t3)
core   0: 3 0x80007c22 (0x2d3e0b83) x23 0x0000005e mem 0x80010da5
core   0: 0x80007c26 (0xf03e0683) lb      a3, -253(t3)
core   0: 3 0x80007c26 (0xf03e0683) x13 0xffffff8e mem 0x800109d5
core   0: 0x80007c2a (0xbd2e1683) lh      a3, -1070(t3)
core   0: 3 0x80007c2a (0xbd2e1683) x13 0x00005e5f mem 0x800106a4
core   0: 0x80007c2e (0x41fe0b83) lb      s7, 1055(t3)
core   0: 3 0x80007c2e (0x41fe0b83) x23 0xffffffaa mem 0x80010ef1
core   0: 0x80007c32 (0xbb5e4903) lbu     s2, -1099(t3)
core   0: 3 0x80007c32 (0xbb5e4903) x18 0x000000af mem 0x80010687
core   0: 0x80007c36 (0x03208933) mul     s2, ra, s2
core   0: 3 0x80007c36 (0x03208933) x18 0x00000dac
core   0: 0x80007c3a (0x001a06b3) add     a3, s4, ra
core   0: 3 0x80007c3a (0x001a06b3) x13 0x00010483
core   0: 0x80007c3e (0x44ee2b83) lw      s7, 1102(t3)
core   0: 3 0x80007c3e (0x44ee2b83) x23 0xd8d9dadb mem 0x80010f20
core   0: 0x80007c42 (0xc8de0aa3) sb      a3, -875(t3)
core   0: 3 0x80007c42 (0xc8de0aa3) mem 0x80010767 0x83
core   0: 0x80007c46 (0x00009597) auipc   a1, 0x9
core   0: 3 0x80007c46 (0x00009597) x11 0x80010c46
core   0: 0x80007c4a (0xae058593) addi    a1, a1, -1312
core   0: 3 0x80007c4a (0xae058593) x11 0x80010726
core   0: 0x80007c4e (0x01058783) lb      a5, 16(a1)
core   0: 3 0x80007c4e (0x01058783) x15 0xffffffed mem 0x80010736
core   0: 0x80007c52 (0x03212f33) mulhsu  t5, sp, s2
core   0: 3 0x80007c52 (0x03212f33) x30 0xffffffe8
core   0: 0x80007c56 (0x06658e83) lb      t4, 102(a1)
core   0: 3 0x80007c56 (0x06658e83) x29 0x00000047 mem 0x8001078c
core   0: 0x80007c5a (0x00009d16) c.add   s10, t0
core   0: 3 0x80007c5a (0x9d16) x26 0x80007b7a
core   0: 0x80007c5c (0xf4d58c03) lb      s8, -179(a1)
core   0: 3 0x80007c5c (0xf4d58c03) x24 0x00000028 mem 0x80010673
core   0: 0x80007c60 (0x00006169) c.addi16sp sp, 208
core   0: 3 0x80007c60 (0x6169) x 2 0xfe4c72bc
core   0: 0x80007c62 (0x00a022b3) slt     t0, zero, a0
core   0: 3 0x80007c62 (0x00a022b3) x 5 0x00000001
core   0: 0x80007c66 (0x40b489b3) sub     s3, s1, a1
core   0: 3 0x80007c66 (0x40b489b3) x19 0x7ffefc14
core   0: 0x80007c6a (0xf895c603) lbu     a2, -119(a1)
core   0: 3 0x80007c6a (0xf895c603) x12 0x00000064 mem 0x800106af
core   0: 0x80007c6e (0xf945df83) lhu     t6, -108(a1)
core   0: 3 0x80007c6e (0xf945df83) x31 0x00007071 mem 0x800106ba
core   0: 0x80007c72 (0xf2e59983) lh      s3, -210(a1)
core   0: 3 0x80007c72 (0xf2e59983) x19 0x00000e0f mem 0x80010654
core   0: 0x80007c76 (0x03058983) lb      s3, 48(a1)
core   0: 3 0x80007c76 (0x03058983) x19 0x0000000d mem 0x80010756
core   0: 0x80007c7a (0xe2495e97) auipc   t4, 0xe2495
core   0: 3 0x80007c7a (0xe2495e97) x29 0x6249cc7a
core   0: 0x80007c7e (0x000089ae) c.mv    s3, a1
core   0: 3 0x80007c7e (0x89ae) x19 0x80010726
core   0: 0x80007c80 (0x000040dd) c.li    ra, 23
core   0: 3 0x80007c80 (0x40dd) x 1 0x00000017
core   0: 0x80007c82 (0x02c80a33) mul     s4, a6, a2
core   0: 3 0x80007c82 (0x02c80a33) x20 0xb1c00344
core   0: 0x80007c86 (0xbce2fb93) andi    s7, t0, -1074
core   0: 3 0x80007c86 (0xbce2fb93) x23 0x00000000
core   0: 0x80007c8a (0xf9858f83) lb      t6, -104(a1)
core   0: 3 0x80007c8a (0xf9858f83) x31 0x00000075 mem 0x800106be
core   0: 0x80007c8e (0xf5058c03) lb      s8, -176(a1)
core   0: 3 0x80007c8e (0xf5058c03) x24 0x0000002d mem 0x80010676
core   0: 0x80007c92 (0x0165ae83) lw      t4, 22(a1)
core   0: 3 0x80007c92 (0x0165ae83) x29 0xf4f5f6f7 mem 0x8001073c
core   0: 0x80007c96 (0x00000001) c.nop
core   0: 3 0x80007c96 (0x0001)
core   0: 0x80007c98 (0x0935cc03) lbu     s8, 147(a1)
core   0: 3 0x80007c98 (0x0935cc03) x24 0x00000072 mem 0x800107b9
core   0: 0x80007c9c (0x0000100f) fence.i
core   0: 3 0x80007c9c (0x0000100f)
core   0: 0x80007ca0 (0x01b13333) sltu    t1, sp, s11
core   0: 3 0x80007ca0 (0x01b13333) x 6 0x00000001
core   0: 0x80007ca4 (0xf495cd83) lbu     s11, -183(a1)
core   0: 3 0x80007ca4 (0xf495cd83) x27 0x00000024 mem 0x8001066f
core   0: 0x80007ca8 (0x0365c503) lbu     a0, 54(a1)
core   0: 3 0x80007ca8 (0x0365c503) x10 0x00000017 mem 0x8001075c
core   0: 0x80007cac (0xfce58a23) sb      a4, -44(a1)
core   0: 3 0x80007cac (0xfce58a23) mem 0x800106fa 0x56
core   0: 0x80007cb0 (0x0655ce03) lbu     t3, 101(a1)
core   0: 3 0x80007cb0 (0x0655ce03) x28 0x00000040 mem 0x8001078b
core   0: 0x80007cb4 (0x0135a523) sw      s3, 10(a1)
core   0: 3 0x80007cb4 (0x0135a523) mem 0x80010730 0x80010726
core   0: 0x80007cb8 (0x0000077d) c.addi  a4, 31
core   0: 3 0x80007cb8 (0x077d) x14 0x80007b75
core   0: 0x80007cba (0x00437833) and     a6, t1, tp
core   0: 3 0x80007cba (0x00437833) x16 0x00000000
core   0: 0x80007cbe (0x07059283) lh      t0, 112(a1)
core   0: 3 0x80007cbe (0x07059283) x 5 0x0000004d mem 0x80010796
core   0: 0x80007cc2 (0x03758ba3) sb      s7, 55(a1)
core   0: 3 0x80007cc2 (0x03758ba3) mem 0x8001075d 0x0
core   0: 0x80007cc6 (0x417e0eb3) sub     t4, t3, s7
core   0: 3 0x80007cc6 (0x417e0eb3) x29 0x00000040
core   0: 0x80007cca (0xf8358283) lb      t0, -125(a1)
core   0: 3 0x80007cca (0xf8358283) x 5 0x00000062 mem 0x800106a9
core   0: 0x80007cce (0x004c17b3) sll     a5, s8, tp
core   0: 3 0x80007cce (0x004c17b3) x15 0x00000072
core   0: 0x80007cd2 (0xf2858883) lb      a7, -216(a1)
core   0: 3 0x80007cd2 (0xf2858883) x17 0x00000005 mem 0x8001064e
core   0: 0x80007cd6 (0x00015517) auipc   a0, 0x15
core   0: 3 0x80007cd6 (0x00015517) x10 0x8001ccd6
core   0: 0x80007cda (0x60650513) addi    a0, a0, 1542
core   0: 3 0x80007cda (0x60650513) x10 0x8001d2dc
core   0: 0x80007cde (0x0000556c) c.lw    a1, 108(a0)
core   0: 3 0x80007cde (0x556c) x11 0x00010203 mem 0x8001d348
core   0: 0x80007ce0 (0x0000fa17) auipc   s4, 0xf
core   0: 3 0x80007ce0 (0x0000fa17) x20 0x80016ce0
core   0: 0x80007ce4 (0xe5fa0a13) addi    s4, s4, -417
core   0: 3 0x80007ce4 (0xe5fa0a13) x20 0x80016b3f
core   0: 0x80007ce8 (0x0000c497) auipc   s1, 0xc
core   0: 3 0x80007ce8 (0x0000c497) x 9 0x80013ce8
core   0: 0x80007cec (0x9e048493) addi    s1, s1, -1568
core   0: 3 0x80007cec (0x9e048493) x 9 0x800136c8
core   0: 0x80007cf0 (0xf1350ca3) sb      s3, -231(a0)
core   0: 3 0x80007cf0 (0xf1350ca3) mem 0x8001d1f5 0x26
core   0: 0x80007cf4 (0x00017817) auipc   a6, 0x17
core   0: 3 0x80007cf4 (0x00017817) x16 0x8001ecf4
core   0: 0x80007cf8 (0xa7880813) addi    a6, a6, -1416
core   0: 3 0x80007cf8 (0xa7880813) x16 0x8001e76c
core   0: 0x80007cfc (0x0000db97) auipc   s7, 0xd
core   0: 3 0x80007cfc (0x0000db97) x23 0x80014cfc
core   0: 0x80007d00 (0x661b8b93) addi    s7, s7, 1633
core   0: 3 0x80007d00 (0x661b8b93) x23 0x8001535d
core   0: 0x80007d04 (0x01f49623) sh      t6, 12(s1)
core   0: 3 0x80007d04 (0x01f49623) mem 0x800136d4 0x0075
core   0: 0x80007d08 (0xfa0b8423) sb      zero, -88(s7)
core   0: 3 0x80007d08 (0xfa0b8423) mem 0x80015305 0x0
core   0: 0x80007d0c (0xf25508a3) sb      t0, -207(a0)
core   0: 3 0x80007d0c (0xf25508a3) mem 0x8001d20d 0x62
core   0: 0x80007d10 (0xda9a1ea3) sh      s1, -579(s4)
core   0: 3 0x80007d10 (0xda9a1ea3) mem 0x800168fc 0x36c8
core   0: 0x80007d14 (0xfef48fa3) sb      a5, -1(s1)
core   0: 3 0x80007d14 (0xfef48fa3) mem 0x800136c7 0x72
core   0: 0x80007d18 (0xf6c55183) lhu     gp, -148(a0)
core   0: 3 0x80007d18 (0xf6c55183) x 3 0x00000203 mem 0x8001d248
core   0: 0x80007d1c (0x01d49523) sh      t4, 10(s1)
core   0: 3 0x80007d1c (0x01d49523) mem 0x800136d2 0x0040
core   0: 0x80007d20 (0xa97a1da3) sh      s7, -1381(s4)
core   0: 3 0x80007d20 (0xa97a1da3) mem 0x800165da 0x535d
core   0: 0x80007d24 (0x5fba4e83) lbu     t4, 1531(s4)
core   0: 3 0x80007d24 (0x5fba4e83) x29 0x000000f1 mem 0x8001713a
core   0: 0x80007d28 (0xf9250283) lb      t0, -110(a0)
core   0: 3 0x80007d28 (0xf9250283) x 5 0x00000025 mem 0x8001d26e
core   0: 0x80007d2c (0xfed803a3) sb      a3, -25(a6)
core   0: 3 0x80007d2c (0xfed803a3) mem 0x8001e753 0x83
core   0: 0x80007d30 (0x01d80fa3) sb      t4, 31(a6)
core   0: 3 0x80007d30 (0x01d80fa3) mem 0x8001e78b 0xf1
core   0: 0x80007d34 (0x01954c03) lbu     s8, 25(a0)
core   0: 3 0x80007d34 (0x01954c03) x24 0x000000ae mem 0x8001d2f5
core   0: 0x80007d38 (0xfff4c383) lbu     t2, -1(s1)
core   0: 3 0x80007d38 (0xfff4c383) x 7 0x00000072 mem 0x800136c7
core   0: 0x80007d3c (0xf0ab8423) sb      a0, -248(s7)
core   0: 3 0x80007d3c (0xf0ab8423) mem 0x80015265 0xdc
core   0: 0x80007d40 (0x04ab8383) lb      t2, 74(s7)
core   0: 3 0x80007d40 (0x04ab8383) x 7 0x0000005c mem 0x800153a7
core   0: 0x80007d44 (0x03f80903) lb      s2, 63(a6)
core   0: 3 0x80007d44 (0x03f80903) x18 0x00000060 mem 0x8001e7ab
core   0: 0x80007d48 (0xff44c903) lbu     s2, -12(s1)
core   0: 3 0x80007d48 (0xff44c903) x18 0x00000077 mem 0x800136bc
core   0: 0x80007d4c (0x00d80aa3) sb      a3, 21(a6)
core   0: 3 0x80007d4c (0x00d80aa3) mem 0x8001e781 0x83
core   0: 0x80007d50 (0xf3ab8e03) lb      t3, -198(s7)
core   0: 3 0x80007d50 (0xf3ab8e03) x28 0x0000004c mem 0x80015297
core   0: 0x80007d54 (0x0b0b8e83) lb      t4, 176(s7)
core   0: 3 0x80007d54 (0x0b0b8e83) x29 0xffffffc6 mem 0x8001540d
core   0: 0x80007d58 (0x03454603) lbu     a2, 52(a0)
core   0: 3 0x80007d58 (0x03454603) x12 0x000000cb mem 0x8001d310
core   0: 0x80007d5c (0xfe349923) sh      gp, -14(s1)
core   0: 3 0x80007d5c (0xfe349923) mem 0x800136ba 0x0203
core   0: 0x80007d60 (0x01980223) sb      s9, 4(a6)
core   0: 3 0x80007d60 (0x01980223) mem 0x8001e770 0x58
core   0: 0x80007d64 (0x39da18a3) sh      t4, 913(s4)
core   0: 3 0x80007d64 (0x39da18a3) mem 0x80016ed0 0xffc6
core   0: 0x80007d68 (0x013bdf83) lhu     t6, 19(s7)
core   0: 3 0x80007d68 (0x013bdf83) x31 0x00002a2b mem 0x80015370
core   0: 0x80007d6c (0xffc4aa23) sw      t3, -12(s1)
core   0: 3 0x80007d6c (0xffc4aa23) mem 0x800136bc 0x0000004c
core   0: 0x80007d70 (0xff980823) sb      s9, -16(a6)
core   0: 3 0x80007d70 (0xff980823) mem 0x8001e75c 0x58
core   0: 0x80007d74 (0x3caa4783) lbu     a5, 970(s4)
core   0: 3 0x80007d74 (0x3caa4783) x15 0x000000c2 mem 0x80016f09
core   0: 0x80007d78 (0xf2cb8e03) lb      t3, -212(s7)
core   0: 3 0x80007d78 (0xf2cb8e03) x28 0x00000042 mem 0x80015289
core   0: 0x80007d7c (0x01080d23) sb      a6, 26(a6)
core   0: 3 0x80007d7c (0x01080d23) mem 0x8001e786 0x6c
core   0: 0x80007d80 (0xd78a0123) sb      s8, -670(s4)
core   0: 3 0x80007d80 (0xd78a0123) mem 0x800168a1 0xae
core   0: 0x80007d84 (0xff184e83) lbu     t4, -15(a6)
core   0: 3 0x80007d84 (0xff184e83) x29 0x00000016 mem 0x8001e75d
core   0: 0x80007d88 (0xf92508a3) sb      s2, -111(a0)
core   0: 3 0x80007d88 (0xf92508a3) mem 0x8001d26d 0x77
core   0: 0x80007d8c (0xf21b8e03) lb      t3, -223(s7)
core   0: 3 0x80007d8c (0xf21b8e03) x28 0x00000035 mem 0x8001527e
core   0: 0x80007d90 (0xfa9b8e83) lb      t4, -87(s7)
core   0: 3 0x80007d90 (0xfa9b8e83) x29 0xffffffbd mem 0x80015306
core   0: 0x80007d94 (0x0d2b8303) lb      t1, 210(s7)
core   0: 3 0x80007d94 (0x0d2b8303) x 6 0xffffffe4 mem 0x8001542f
core   0: 0x80007d98 (0x00384103) lbu     sp, 3(a6)
core   0: 3 0x80007d98 (0x00384103) x 2 0x00000024 mem 0x8001e76f
core   0: 0x80007d9c (0x00014797) auipc   a5, 0x14
core   0: 3 0x80007d9c (0x00014797) x15 0x8001bd9c
core   0: 0x80007da0 (0xc3278793) addi    a5, a5, -974
core   0: 3 0x80007da0 (0xc3278793) x15 0x8001b9ce
core   0: 0x80007da4 (0x13879a23) sh      s8, 308(a5)
core   0: 3 0x80007da4 (0x13879a23) mem 0x8001bb02 0x00ae
core   0: 0x80007da8 (0x004e9713) slli    a4, t4, 4
core   0: 3 0x80007da8 (0x004e9713) x14 0xfffffbd0
core   0: 0x80007dac (0x12778a23) sb      t2, 308(a5)
core   0: 3 0x80007dac (0x12778a23) mem 0x8001bb02 0x5c
core   0: 0x80007db0 (0x13479303) lh      t1, 308(a5)
core   0: 3 0x80007db0 (0x13479303) x 6 0x0000005c mem 0x8001bb02
core   0: 0x80007db4 (0x00c65f33) srl     t5, a2, a2
core   0: 3 0x80007db4 (0x00c65f33) x30 0x00000000
core   0: 0x80007db8 (0x0126d3b3) srl     t2, a3, s2
core   0: 3 0x80007db8 (0x0126d3b3) x 7 0x00000000
core   0: 0x80007dbc (0x12778a23) sb      t2, 308(a5)
core   0: 3 0x80007dbc (0x12778a23) mem 0x8001bb02 0x0
core   0: 0x80007dc0 (0x00008af5) c.andi  a3, 29
core   0: 3 0x80007dc0 (0x8af5) x13 0x00000001
core   0: 0x80007dc2 (0x015409b3) add     s3, s0, s5
core   0: 3 0x80007dc2 (0x015409b3) x19 0x80029ce0
core   0: 0x80007dc6 (0x9c27d983) lhu     s3, -1598(a5)
core   0: 3 0x80007dc6 (0x9c27d983) x19 0x00004a4b mem 0x8001b390
core   0: 0x80007dca (0x9c27cb83) lbu     s7, -1598(a5)
core   0: 3 0x80007dca (0x9c27cb83) x23 0x0000004b mem 0x8001b390
core   0: 0x80007dce (0xb307c983) lbu     s3, -1232(a5)
core   0: 3 0x80007dce (0xb307c983) x19 0x000000b5 mem 0x8001b4fe
core   0: 0x80007dd2 (0xb3078b83) lb      s7, -1232(a5)
core   0: 3 0x80007dd2 (0xb3078b83) x23 0xffffffb5 mem 0x8001b4fe
core   0: 0x80007dd6 (0xb307db03) lhu     s6, -1232(a5)
core   0: 3 0x80007dd6 (0xb307db03) x22 0x0000b4b5 mem 0x8001b4fe
core   0: 0x80007dda (0x01435833) srl     a6, t1, s4
core   0: 3 0x80007dda (0x01435833) x16 0x00000000
core   0: 0x80007dde (0x0e478d83) lb      s11, 228(a5)
core   0: 3 0x80007dde (0x0e478d83) x27 0x00000069 mem 0x8001bab2
core   0: 0x80007de2 (0x0e479b03) lh      s6, 228(a5)
core   0: 3 0x80007de2 (0x0e479b03) x22 0x00006869 mem 0x8001bab2
core   0: 0x80007de6 (0x0e479903) lh      s2, 228(a5)
core   0: 3 0x80007de6 (0x0e479903) x18 0x00006869 mem 0x8001bab2
core   0: 0x80007dea (0x03dc7433) remu    s0, s8, t4
core   0: 3 0x80007dea (0x03dc7433) x 8 0x000000ae
core   0: 0x80007dee (0x0f878223) sb      s8, 228(a5)
core   0: 3 0x80007dee (0x0f878223) mem 0x8001bab2 0xae
core   0: 0x80007df2 (0x00011117) auipc   sp, 0x11
core   0: 3 0x80007df2 (0x00011117) x 2 0x80018df2
core   0: 0x80007df6 (0x94910113) addi    sp, sp, -1719
core   0: 3 0x80007df6 (0x94910113) x 2 0x8001873b
core   0: 0x80007dfa (0x00714883) lbu     a7, 7(sp)
core   0: 3 0x80007dfa (0x00714883) x17 0x000000f9 mem 0x80018742
core   0: 0x80007dfe (0x011111a3) sh      a7, 3(sp)
core   0: 3 0x80007dfe (0x011111a3) mem 0x8001873e 0x00f9
core   0: 0x80007e02 (0x02f779b3) remu    s3, a4, a5
core   0: 3 0x80007e02 (0x02f779b3) x19 0x7ffe4202
core   0: 0x80007e06 (0x00ea40b3) xor     ra, s4, a4
core   0: 3 0x80007e06 (0x00ea40b3) x 1 0x7ffe90ef
core   0: 0x80007e0a (0x013a3733) sltu    a4, s4, s3
core   0: 3 0x80007e0a (0x013a3733) x14 0x00000000
core   0: 0x80007e0e (0x0ff0000f) fence   iorw,iorw
core   0: 3 0x80007e0e (0x0ff0000f)
core   0: 0x80007e12 (0x00b14a03) lbu     s4, 11(sp)
core   0: 3 0x80007e12 (0x00b14a03) x20 0x000000fd mem 0x80018746
core   0: 0x80007e16 (0xff111a03) lh      s4, -15(sp)
core   0: 3 0x80007e16 (0xff111a03) x20 0xffffe6e7 mem 0x8001872c
core   0: 0x80007e1a (0x03499a33) mulh    s4, s3, s4
core   0: 3 0x80007e1a (0x03499a33) x20 0xfffff373
core   0: 0x80007e1e (0x00010083) lb      ra, 0(sp)
core   0: 3 0x80007e1e (0x00010083) x 1 0xfffffff0 mem 0x8001873b
core   0: 0x80007e22 (0x000087ad) c.srai  a5, 11
core   0: 3 0x80007e22 (0x87ad) x15 0xfff00037
core   0: 0x80007e24 (0x011111a3) sh      a7, 3(sp)
core   0: 3 0x80007e24 (0x011111a3) mem 0x8001873e 0x00f9
core   0: 0x80007e28 (0x0210e8b3) rem     a7, ra, ra
core   0: 3 0x80007e28 (0x0210e8b3) x17 0x00000000
core   0: 0x80007e2c (0x013100a3) sb      s3, 1(sp)
core   0: 3 0x80007e2c (0x013100a3) mem 0x8001873c 0x2
core   0: 0x80007e30 (0x011710b3) sll     ra, a4, a7
core   0: 3 0x80007e30 (0x011710b3) x 1 0x00000000
core   0: 0x80007e34 (0x01879893) slli    a7, a5, 24
core   0: 3 0x80007e34 (0x01879893) x17 0x37000000
core   0: 0x80007e38 (0x00f14703) lbu     a4, 15(sp)
core   0: 3 0x80007e38 (0x00f14703) x14 0x00000001 mem 0x8001874a
core   0: 0x80007e3c (0x5299e993) ori     s3, s3, 1321
core   0: 3 0x80007e3c (0x5299e993) x19 0x7ffe472b
core   0: 0x80007e40 (0x0118e9b3) or      s3, a7, a7
core   0: 3 0x80007e40 (0x0118e9b3) x19 0x37000000
core   0: 0x80007e44 (0x00008735) c.srai  a4, 13
core   0: 3 0x80007e44 (0x8735) x14 0x00000000
core   0: 0x80007e46 (0x000040a5) c.li    ra, 9
core   0: 3 0x80007e46 (0x40a5) x 1 0x00000009
core   0: 0x80007e48 (0xfef10ca3) sb      a5, -7(sp)
core   0: 3 0x80007e48 (0xfef10ca3) mem 0x80018734 0x37
core   0: 0x80007e4c (0x12870713) addi    a4, a4, 296
core   0: 3 0x80007e4c (0x12870713) x14 0x00000128
core   0: 0x80007e50 (0x00009886) c.add   a7, ra
core   0: 3 0x80007e50 (0x9886) x17 0x37000009
core   0: 0x80007e52 (0x0ff0000f) fence   iorw,iorw
core   0: 3 0x80007e52 (0x0ff0000f)
core   0: 0x80007e56 (0x00e14783) lbu     a5, 14(sp)
core   0: 3 0x80007e56 (0x00e14783) x15 0x00000002 mem 0x80018749
core   0: 0x80007e5a (0x98ba2a13) slti    s4, s4, -1653
core   0: 3 0x80007e5a (0x98ba2a13) x20 0x00000001
core   0: 0x80007e5e (0x00010783) lb      a5, 0(sp)
core   0: 3 0x80007e5e (0x00010783) x15 0xfffffff0 mem 0x8001873b
core   0: 0x80007e62 (0x03372a33) mulhsu  s4, a4, s3
core   0: 3 0x80007e62 (0x03372a33) x20 0x0000003f
core   0: 0x80007e66 (0x00614883) lbu     a7, 6(sp)
core   0: 3 0x80007e66 (0x00614883) x17 0x000000fa mem 0x80018741
core   0: 0x80007e6a (0x02f0d9b3) divu    s3, ra, a5
core   0: 3 0x80007e6a (0x02f0d9b3) x19 0x00000000
core   0: 0x80007e6e (0x00008fb9) c.xor   a5, a4
core   0: 3 0x80007e6e (0x8fb9) x15 0xfffffed8
core   0: 0x80007e70 (0xff610783) lb      a5, -10(sp)
core   0: 3 0x80007e70 (0xff610783) x15 0xffffffea mem 0x80018731
core   0: 0x80007e74 (0x00008f99) c.sub   a5, a4
core   0: 3 0x80007e74 (0x8f99) x15 0xfffffec2
core   0: 0x80007e76 (0x00008739) c.srai  a4, 14
core   0: 3 0x80007e76 (0x8739) x14 0x00000000
core   0: 0x80007e78 (0xff4118a3) sh      s4, -15(sp)
core   0: 3 0x80007e78 (0xff4118a3) mem 0x8001872c 0x003f
core   0: 0x80007e7c (0x00009197) auipc   gp, 0x9
core   0: 3 0x80007e7c (0x00009197) x 3 0x80010e7c
core   0: 0x80007e80 (0xea118193) addi    gp, gp, -351
core   0: 3 0x80007e80 (0xea118193) x 3 0x80010d1d
core   0: 0x80007e84 (0x00009697) auipc   a3, 0x9
core   0: 3 0x80007e84 (0x00009697) x13 0x80010e84
core   0: 0x80007e88 (0xdc868693) addi    a3, a3, -568
core   0: 3 0x80007e88 (0xdc868693) x13 0x80010c4c
core   0: 0x80007e8c (0x00009897) auipc   a7, 0x9
core   0: 3 0x80007e8c (0x00009897) x17 0x80010e8c
core   0: 0x80007e90 (0xf4c88893) addi    a7, a7, -180
core   0: 3 0x80007e90 (0xf4c88893) x17 0x80010dd8
core   0: 0x80007e94 (0x1491d803) lhu     a6, 329(gp)
core   0: 3 0x80007e94 (0x1491d803) x16 0x00001c1d mem 0x80010e66
core   0: 0x80007e98 (0x010682a3) sb      a6, 5(a3)
core   0: 3 0x80007e98 (0x010682a3) mem 0x80010c51 0x1d
core   0: 0x80007e9c (0x00009097) auipc   ra, 0x9
core   0: 3 0x80007e9c (0x00009097) x 1 0x80010e9c
core   0: 0x80007ea0 (0x88208093) addi    ra, ra, -1918
core   0: 3 0x80007ea0 (0x88208093) x 1 0x8001071e
core   0: 0x80007ea4 (0x00008117) auipc   sp, 0x8
core   0: 3 0x80007ea4 (0x00008117) x 2 0x8000fea4
core   0: 0x80007ea8 (0x3bc10113) addi    sp, sp, 956
core   0: 3 0x80007ea8 (0x3bc10113) x 2 0x80010260
core   0: 0x80007eac (0xdc60c383) lbu     t2, -570(ra)
core   0: 3 0x80007eac (0xdc60c383) x 7 0x0000009f mem 0x800104e4
core   0: 0x80007eb0 (0x81618723) sb      s6, -2034(gp)
core   0: 3 0x80007eb0 (0x81618723) mem 0x8001052b 0x69
core   0: 0x80007eb4 (0xd2688403) lb      s0, -730(a7)
core   0: 3 0x80007eb4 (0xd2688403) x 8 0xffffffb5 mem 0x80010afe
core   0: 0x80007eb8 (0x00f6c903) lbu     s2, 15(a3)
core   0: 3 0x80007eb8 (0x00f6c903) x18 0x00000010 mem 0x80010c5b
core   0: 0x80007ebc (0xff314e03) lbu     t3, -13(sp)
core   0: 3 0x80007ebc (0xff314e03) x28 0x00000008 mem 0x80010253
core   0: 0x80007ec0 (0x18518623) sb      t0, 396(gp)
core   0: 3 0x80007ec0 (0x18518623) mem 0x80010ea9 0x25
core   0: 0x80007ec4 (0xfcf11c23) sh      a5, -40(sp)
core   0: 3 0x80007ec4 (0xfcf11c23) mem 0x80010238 0xfec2
core   0: 0x80007ec8 (0xa0b8c283) lbu     t0, -1525(a7)
core   0: 3 0x80007ec8 (0xa0b8c283) x 5 0x00000098 mem 0x800107e3
core   0: 0x80007ecc (0xa578c983) lbu     s3, -1449(a7)
core   0: 3 0x80007ecc (0xa578c983) x19 0x00000001 mem 0x8001082f
core   0: 0x80007ed0 (0x37d0cb83) lbu     s7, 893(ra)
core   0: 3 0x80007ed0 (0x37d0cb83) x23 0x00000050 mem 0x80010a9b
core   0: 0x80007ed4 (0x0000da7e) c.swsp  t6, 52(sp)
core   0: 3 0x80007ed4 (0xda7e) mem 0x80010294 0x00002a2b
core   0: 0x80007ed6 (0xe2d88823) sb      a3, -464(a7)
core   0: 3 0x80007ed6 (0xe2d88823) mem 0x80010c08 0x4c
core   0: 0x80007eda (0xf8d18b23) sb      a3, -106(gp)
core   0: 3 0x80007eda (0xf8d18b23) mem 0x80010cb3 0x4c
core   0: 0x80007ede (0xfe714583) lbu     a1, -25(sp)
core   0: 3 0x80007ede (0xfe714583) x11 0x000000ee mem 0x80010247
core   0: 0x80007ee2 (0x0a518383) lb      t2, 165(gp)
core   0: 3 0x80007ee2 (0x0a518383) x 7 0x00000079 mem 0x80010dc2
core   0: 0x80007ee6 (0xc4c0d483) lhu     s1, -948(ra)
core   0: 3 0x80007ee6 (0xc4c0d483) x 9 0x00002021 mem 0x8001036a
core   0: 0x80007eea (0xa2c8d403) lhu     s0, -1492(a7)
core   0: 3 0x80007eea (0xa2c8d403) x 8 0x0000bebf mem 0x80010804
core   0: 0x80007eee (0xd7209403) lh      s0, -654(ra)
core   0: 3 0x80007eee (0xd7209403) x 8 0x00000000 mem 0x80010490
core   0: 0x80007ef2 (0xd1f8a423) sw      t6, -760(a7)
core   0: 3 0x80007ef2 (0xd1f8a423) mem 0x80010ae0 0x00002a2b
core   0: 0x80007ef6 (0x00c69483) lh      s1, 12(a3)
core   0: 3 0x80007ef6 (0x00c69483) x 9 0x00001213 mem 0x80010c58
core   0: 0x80007efa (0xfff6c303) lbu     t1, -1(a3)
core   0: 3 0x80007efa (0xfff6c303) x 6 0x00000000 mem 0x80010c4b
core   0: 0x80007efe (0x8eb19aa3) sh      a1, -1803(gp)
core   0: 3 0x80007efe (0x8eb19aa3) mem 0x80010612 0x00ee
core   0: 0x80007f02 (0xb5c09d83) lh      s11, -1188(ra)
core   0: 3 0x80007f02 (0xb5c09d83) x27 0x00003031 mem 0x8001027a
core   0: 0x80007f06 (0x01068303) lb      t1, 16(a3)
core   0: 3 0x80007f06 (0x01068303) x 6 0x00000017 mem 0x80010c5c
core   0: 0x80007f0a (0x00004772) c.lwsp  a4, 28(sp)
core   0: 3 0x80007f0a (0x4772) x14 0x34353637 mem 0x8001027c
core   0: 0x80007f0c (0x4db09123) sh      s11, 1218(ra)
core   0: 3 0x80007f0c (0x4db09123) mem 0x80010be0 0x3031
core   0: 0x80007f10 (0xcf58a223) sw      s5, -796(a7)
core   0: 3 0x80007f10 (0xcf58a223) mem 0x80010abc 0x80029ce4
core   0: 0x80007f14 (0x4610c403) lbu     s0, 1121(ra)
core   0: 3 0x80007f14 (0x4610c403) x 8 0x00000034 mem 0x80010b7f
core   0: 0x80007f18 (0x27618283) lb      t0, 630(gp)
core   0: 3 0x80007f18 (0x27618283) x 5 0x00000048 mem 0x80010f93
core   0: 0x80007f1c (0xccd19603) lh      a2, -819(gp)
core   0: 3 0x80007f1c (0xccd19603) x12 0xffffa0a1 mem 0x800109ea
core   0: 0x80007f20 (0x1748d283) lhu     t0, 372(a7)
core   0: 3 0x80007f20 (0x1748d283) x 5 0x00000607 mem 0x80010f4c
core   0: 0x80007f24 (0x9c10c303) lbu     t1, -1599(ra)
core   0: 3 0x80007f24 (0x9c10c303) x 6 0x00000094 mem 0x800100df
core   0: 0x80007f28 (0x00014d17) auipc   s10, 0x14
core   0: 3 0x80007f28 (0x00014d17) x26 0x8001bf28
core   0: 0x80007f2c (0xdded0d13) addi    s10, s10, -546
core   0: 3 0x80007f2c (0xdded0d13) x26 0x8001bd06
core   0: 0x80007f30 (0x0000d997) auipc   s3, 0xd
core   0: 3 0x80007f30 (0x0000d997) x19 0x80014f30
core   0: 0x80007f34 (0xcd698993) addi    s3, s3, -810
core   0: 3 0x80007f34 (0xcd698993) x19 0x80014c06
core   0: 0x80007f38 (0x00019917) auipc   s2, 0x19
core   0: 3 0x80007f38 (0x00019917) x18 0x80020f38
core   0: 0x80007f3c (0x83890913) addi    s2, s2, -1992
core   0: 3 0x80007f3c (0x83890913) x18 0x80020770
core   0: 0x80007f40 (0xff4d0a23) sb      s4, -12(s10)
core   0: 3 0x80007f40 (0xff4d0a23) mem 0x8001bcfa 0x3f
core   0: 0x80007f44 (0xfb798823) sb      s7, -80(s3)
core   0: 3 0x80007f44 (0xfb798823) mem 0x80014bb6 0x50
core   0: 0x80007f48 (0x00fd05a3) sb      a5, 11(s10)
core   0: 3 0x80007f48 (0x00fd05a3) mem 0x8001bd11 0xc2
core   0: 0x80007f4c (0x31295483) lhu     s1, 786(s2)
core   0: 3 0x80007f4c (0x31295483) x 9 0x00003839 mem 0x80020a82
core   0: 0x80007f50 (0xf9998183) lb      gp, -103(s3)
core   0: 3 0x80007f50 (0xf9998183) x 3 0x00000054 mem 0x80014b9f
core   0: 0x80007f54 (0x007d0403) lb      s0, 7(s10)
core   0: 3 0x80007f54 (0x007d0403) x 8 0xffffffc6 mem 0x8001bd0d
core   0: 0x80007f58 (0xa4f90da3) sb      a5, -1445(s2)
core   0: 3 0x80007f58 (0xa4f90da3) mem 0x800201cb 0xc2
core   0: 0x80007f5c (0xffad0083) lb      ra, -6(s10)
core   0: 3 0x80007f5c (0xffad0083) x 1 0xffffffbb mem 0x8001bd00
core   0: 0x80007f60 (0xff3d0803) lb      a6, -13(s10)
core   0: 3 0x80007f60 (0xff3d0803) x16 0xffffffb2 mem 0x8001bcf9
core   0: 0x80007f64 (0xf7c99023) sh      t3, -160(s3)
core   0: 3 0x80007f64 (0xf7c99023) mem 0x80014b66 0x0008
core   0: 0x80007f68 (0xe1d94703) lbu     a4, -483(s2)
core   0: 3 0x80007f68 (0xe1d94703) x14 0x00000046 mem 0x8002058d
core   0: 0x80007f6c (0x001d00a3) sb      ra, 1(s10)
core   0: 3 0x80007f6c (0x001d00a3) mem 0x8001bd07 0xbb
core   0: 0x80007f70 (0x84090383) lb      t2, -1984(s2)
core   0: 3 0x80007f70 (0x84090383) x 7 0x0000006b mem 0x8001ffb0
core   0: 0x80007f74 (0x0f698423) sb      s6, 232(s3)
core   0: 3 0x80007f74 (0x0f698423) mem 0x80014cee 0x69
core   0: 0x80007f78 (0xff1d4c03) lbu     s8, -15(s10)
core   0: 3 0x80007f78 (0xff1d4c03) x24 0x000000ac mem 0x8001bcf7
core   0: 0x80007f7c (0xb3095783) lhu     a5, -1232(s2)
core   0: 3 0x80007f7c (0xb3095783) x15 0x00005a5b mem 0x800202a0
core   0: 0x80007f80 (0x3ea91a03) lh      s4, 1002(s2)
core   0: 3 0x80007f80 (0x3ea91a03) x20 0x00001011 mem 0x80020b5a
core   0: 0x80007f84 (0xf789da03) lhu     s4, -136(s3)
core   0: 3 0x80007f84 (0xf789da03) x20 0x00003435 mem 0x80014b7e
core   0: 0x80007f88 (0xfe1d2b23) sw      ra, -10(s10)
core   0: 3 0x80007f88 (0xfe1d2b23) mem 0x8001bcfc 0xffffffbb
core   0: 0x80007f8c (0xfa499803) lh      a6, -92(s3)
core   0: 3 0x80007f8c (0xfa499803) x16 0x00006061 mem 0x80014baa
core   0: 0x80007f90 (0xfd398f03) lb      t5, -45(s3)
core   0: 3 0x80007f90 (0xfd398f03) x30 0xffffff92 mem 0x80014bd9
core   0: 0x80007f94 (0x07c99c03) lh      s8, 124(s3)
core   0: 3 0x80007f94 (0x07c99c03) x24 0x00003839 mem 0x80014c82
core   0: 0x80007f98 (0xb2295483) lhu     s1, -1246(s2)
core   0: 3 0x80007f98 (0xb2295483) x 9 0x00004849 mem 0x80020292
core   0: 0x80007f9c (0x00009117) auipc   sp, 0x9
core   0: 3 0x80007f9c (0x00009117) x 2 0x80010f9c
core   0: 0x80007fa0 (0xd3c10113) addi    sp, sp, -708
core   0: 3 0x80007fa0 (0xd3c10113) x 2 0x80010cd8
core   0: 0x80007fa4 (0x412a8f33) sub     t5, s5, s2
core   0: 3 0x80007fa4 (0x412a8f33) x30 0x00009574
core   0: 0x80007fa8 (0x01ef5633) srl     a2, t5, t5
core   0: 3 0x80007fa8 (0x01ef5633) x12 0x00000000
core   0: 0x80007fac (0xb8b10883) lb      a7, -1141(sp)
core   0: 3 0x80007fac (0xb8b10883) x17 0x00000018 mem 0x80010863
core   0: 0x80007fb0 (0x00fd9733) sll     a4, s11, a5
core   0: 3 0x80007fb0 (0x00fd9733) x14 0x88000000
core   0: 0x80007fb4 (0x00004849) c.li    a6, 18
core   0: 3 0x80007fb4 (0x4849) x16 0x00000012
core   0: 0x80007fb6 (0xc1610b23) sb      s6, -1002(sp)
core   0: 3 0x80007fb6 (0xc1610b23) mem 0x800108ee 0x69
core   0: 0x80007fba (0xd4210923) sb      sp, -686(sp)
core   0: 3 0x80007fba (0xd4210923) mem 0x80010a2a 0xd8
core   0: 0x80007fbe (0xb8e10a23) sb      a4, -1132(sp)
core   0: 3 0x80007fbe (0xb8e10a23) mem 0x8001086c 0x0
core   0: 0x80007fc2 (0x34314403) lbu     s0, 835(sp)
core   0: 3 0x80007fc2 (0x34314403) x 8 0x00000013 mem 0x8001101b
core   0: 0x80007fc6 (0x0000857d) c.srai  a0, 31
core   0: 3 0x80007fc6 (0x857d) x10 0xffffffff
core   0: 0x80007fc8 (0x00352333) slt     t1, a0, gp
core   0: 3 0x80007fc8 (0x00352333) x 6 0x00000001
core   0: 0x80007fcc (0x1a710183) lb      gp, 423(sp)
core   0: 3 0x80007fcc (0x1a710183) x 3 0x00000034 mem 0x80010e7f
core   0: 0x80007fd0 (0x00265013) srli    zero, a2, 2
core   0: 3 0x80007fd0 (0x00265013)
core   0: 0x80007fd4 (0x00008d85) c.sub   a1, s1
core   0: 3 0x80007fd4 (0x8d85) x11 0xffffb8a5
core   0: 0x80007fd6 (0x00e4dfb3) srl     t6, s1, a4
core   0: 3 0x80007fd6 (0x00e4dfb3) x31 0x00004849
core   0: 0x80007fda (0x00000439) c.addi  s0, 14
core   0: 3 0x80007fda (0x0439) x 8 0x00000021
core   0: 0x80007fdc (0x037d32b3) mulhu   t0, s10, s7
core   0: 3 0x80007fdc (0x037d32b3) x 5 0x00000028
core   0: 0x80007fe0 (0x23c12b83) lw      s7, 572(sp)
core   0: 3 0x80007fe0 (0x23c12b83) x23 0xcccdcecf mem 0x80010f14
core   0: 0x80007fe4 (0xce5108a3) sb      t0, -783(sp)
core   0: 3 0x80007fe4 (0xce5108a3) mem 0x800109c9 0x28
core   0: 0x80007fe8 (0x00008f81) c.sub   a5, s0
core   0: 3 0x80007fe8 (0x8f81) x15 0x00005a3a
core   0: 0x80007fea (0x0e215e03) lhu     t3, 226(sp)
core   0: 3 0x80007fea (0x0e215e03) x28 0x00007071 mem 0x80010dba
core   0: 0x80007fee (0x000081ce) c.mv    gp, s3
core   0: 3 0x80007fee (0x81ce) x 3 0x80014c06
core   0: 0x80007ff0 (0xefa15903) lhu     s2, -262(sp)
core   0: 3 0x80007ff0 (0xefa15903) x18 0x00008889 mem 0x80010bd2
core   0: 0x80007ff4 (0x03a8efb3) rem     t6, a7, s10
core   0: 3 0x80007ff4 (0x03a8efb3) x31 0x00000018
core   0: 0x80007ff8 (0x11510903) lb      s2, 277(sp)
core   0: 3 0x80007ff8 (0x11510903) x18 0xffffffa6 mem 0x80010ded
core   0: 0x80007ffc (0xa26103a3) sb      t1, -1497(sp)
core   0: 3 0x80007ffc (0xa26103a3) mem 0x800106ff 0x1
core   0: 0x80008000 (0x012d64b3) or      s1, s10, s2
core   0: 3 0x80008000 (0x012d64b3) x 9 0xffffffa6
core   0: 0x80008004 (0x03a567b3) rem     a5, a0, s10
core   0: 3 0x80008004 (0x03a567b3) x15 0xffffffff
core   0: 0x80008008 (0x00008549) c.srai  a0, 18
core   0: 3 0x80008008 (0x8549) x10 0xffffffff
core   0: 0x8000800a (0x00008bc2) c.mv    s7, a6
core   0: 3 0x8000800a (0x8bc2) x23 0x00000012
core   0: 0x8000800c (0x00a3d913) srli    s2, t2, 10
core   0: 3 0x8000800c (0x00a3d913) x18 0x00000000
core   0: 0x80008010 (0x31310c03) lb      s8, 787(sp)
core   0: 3 0x80008010 (0x31310c03) x24 0xffffffa0 mem 0x80010feb
core   0: 0x80008014 (0x00011e17) auipc   t3, 0x11
core   0: 3 0x80008014 (0x00011e17) x28 0x80019014
core   0: 0x80008018 (0x13ce0e13) addi    t3, t3, 316
core   0: 3 0x80008018 (0x13ce0e13) x28 0x80019150
core   0: 0x8000801c (0x37a3ea13) ori     s4, t2, 890
core   0: 3 0x8000801c (0x37a3ea13) x20 0x0000037b
core   0: 0x80008020 (0x4b5e0103) lb      sp, 1205(t3)
core   0: 3 0x80008020 (0x4b5e0103) x 2 0xffffffbe mem 0x80019605
core   0: 0x80008024 (0x4b5e0e83) lb      t4, 1205(t3)
core   0: 3 0x80008024 (0x4b5e0e83) x29 0xffffffbe mem 0x80019605
core   0: 0x80008028 (0xb45e0403) lb      s0, -1211(t3)
core   0: 3 0x80008028 (0xb45e0403) x 8 0x0000004e mem 0x80018c95
core   0: 0x8000802c (0x0000414d) c.li    sp, 19
core   0: 3 0x8000802c (0x414d) x 2 0x00000013
core   0: 0x8000802e (0x01088b33) add     s6, a7, a6
core   0: 3 0x8000802e (0x01088b33) x22 0x0000002a
core   0: 0x80008032 (0xbfce5903) lhu     s2, -1028(t3)
core   0: 3 0x80008032 (0xbfce5903) x18 0x00000607 mem 0x80018d4c
core   0: 0x80008036 (0xbf1e1e23) sh      a7, -1028(t3)
core   0: 3 0x80008036 (0xbf1e1e23) mem 0x80018d4c 0x0018
core   0: 0x8000803a (0xaf8e0f23) sb      s8, -1282(t3)
core   0: 3 0x8000803a (0xaf8e0f23) mem 0x80018c4e 0xa0
core   0: 0x8000803e (0x8d6e0e83) lb      t4, -1834(t3)
core   0: 3 0x8000803e (0x8d6e0e83) x29 0xffffffdd mem 0x80018a26
core   0: 0x80008042 (0x758e0103) lb      sp, 1880(t3)
core   0: 3 0x80008042 (0x758e0103) x 2 0x00000063 mem 0x800198a8
core   0: 0x80008046 (0x005a4433) xor     s0, s4, t0
core   0: 3 0x80008046 (0x005a4433) x 8 0x00000353
core   0: 0x8000804a (0x8b8e0483) lb      s1, -1864(t3)
core   0: 3 0x8000804a (0x8b8e0483) x 9 0xffffffc3 mem 0x80018a08
core   0: 0x8000804e (0xf1ce1183) lh      gp, -228(t3)
core   0: 3 0x8000804e (0xf1ce1183) x 3 0x00002627 mem 0x8001906c
core   0: 0x80008052 (0x00008459) c.srai  s0, 22
core   0: 3 0x80008052 (0x8459) x 8 0x00000000
core   0: 0x80008054 (0xca2e0b83) lb      s7, -862(t3)
core   0: 3 0x80008054 (0xca2e0b83) x23 0xffffffa9 mem 0x80018df2
core   0: 0x80008058 (0xd62e1883) lh      a7, -670(t3)
core   0: 3 0x80008058 (0xd62e1883) x17 0x00006869 mem 0x80018eb2
core   0: 0x8000805c (0x0040d1b3) srl     gp, ra, tp
core   0: 3 0x8000805c (0x0040d1b3) x 3 0xffffffbb
core   0: 0x80008060 (0x97be4f03) lbu     t5, -1669(t3)
core   0: 3 0x80008060 (0x97be4f03) x30 0x00000080 mem 0x80018acb
core   0: 0x80008064 (0xe4de4f03) lbu     t5, -435(t3)
core   0: 3 0x80008064 (0xe4de4f03) x30 0x00000056 mem 0x80018f9d
core   0: 0x80008068 (0x0140076f) jal     a4, pc + 0x14
core   0: 3 0x80008068 (0x0140076f) x14 0x8000806c
core   0: 0x8000807c (0x00002809) c.jal   pc + 18
core   0: 3 0x8000807c (0x2809) x 1 0x8000807e
core   0: 0x8000808e (0xfe3ff0ef) jal     pc - 0x1e
core   0: 3 0x8000808e (0xfe3ff0ef) x 1 0x80008092
core   0: 0x80008070 (0x008000ef) jal     pc + 0x8
core   0: 3 0x80008070 (0x008000ef) x 1 0x80008074
core   0: 0x80008078 (0xfffff8ef) jal     a7, pc - 0x2
core   0: 3 0x80008078 (0xfffff8ef) x17 0x8000807c
core   0: 0x80008076 (0x0000bfdd) c.j     pc - 10
core   0: 3 0x80008076 (0xbfdd)
core   0: 0x8000806c (0x00002809) c.jal   pc + 18
core   0: 3 0x8000806c (0x2809) x 1 0x8000806e
core   0: 0x8000807e (0x00002009) c.jal   pc + 2
core   0: 3 0x8000807e (0x2009) x 1 0x80008080
core   0: 0x80008080 (0x0060036f) jal     t1, pc + 0x6
core   0: 3 0x80008080 (0x0060036f) x 6 0x80008084
core   0: 0x80008086 (0x00003ffd) c.jal   pc - 2
core   0: 3 0x80008086 (0x3ffd) x 1 0x80008088
core   0: 0x80008084 (0x00002011) c.jal   pc + 4
core   0: 3 0x80008084 (0x2011) x 1 0x80008086
core   0: 0x80008088 (0x000037f5) c.jal   pc - 20
core   0: 3 0x80008088 (0x37f5) x 1 0x8000808a
core   0: 0x80008074 (0x0000a821) c.j     pc + 24
core   0: 3 0x80008074 (0xa821)
core   0: 0x8000808c (0x000037cd) c.jal   pc - 30
core   0: 3 0x8000808c (0x37cd) x 1 0x8000808e
core   0: 0x8000806e (0x0000a831) c.j     pc + 28
core   0: 3 0x8000806e (0xa831)
core   0: 0x8000808a (0x00002021) c.jal   pc + 8
core   0: 3 0x8000808a (0x2021) x 1 0x8000808c
core   0: 0x80008092 (0x00d5cd33) xor     s10, a1, a3
core   0: 3 0x80008092 (0x00d5cd33) x26 0x7ffeb4e9
core   0: 0x80008096 (0x0000f197) auipc   gp, 0xf
core   0: 3 0x80008096 (0x0000f197) x 3 0x80017096
core   0: 0x8000809a (0x01818193) addi    gp, gp, 24
core   0: 3 0x8000809a (0x01818193) x 3 0x800170ae
core   0: 0x8000809e (0x2eb18383) lb      t2, 747(gp)
core   0: 3 0x8000809e (0x2eb18383) x 7 0x00000052 mem 0x80017399
core   0: 0x800080a2 (0x00008517) auipc   a0, 0x8
core   0: 3 0x800080a2 (0x00008517) x10 0x800100a2
core   0: 0x800080a6 (0x31c50513) addi    a0, a0, 796
core   0: 3 0x800080a6 (0x31c50513) x10 0x800103be
core   0: 0x800080aa (0x09054703) lbu     a4, 144(a0)
core   0: 3 0x800080aa (0x09054703) x14 0x00000005 mem 0x8001044e
core   0: 0x800080ae (0xa9518f03) lb      t5, -1387(gp)
core   0: 3 0x800080ae (0xa9518f03) x30 0xfffffff8 mem 0x80016b43
core   0: 0x800080b2 (0x4141d283) lhu     t0, 1044(gp)
core   0: 3 0x800080b2 (0x4141d283) x 5 0x00007879 mem 0x800174c2
core   0: 0x800080b6 (0xf5651283) lh      t0, -170(a0)
core   0: 3 0x800080b6 (0xf5651283) x 5 0x00000045 mem 0x80010314
core   0: 0x800080ba (0x6fd184a3) sb      t4, 1769(gp)
core   0: 3 0x800080ba (0x6fd184a3) mem 0x80017797 0xdd
core   0: 0x800080be (0x00750b83) lb      s7, 7(a0)
core   0: 3 0x800080be (0x00750b83) x23 0x0000007e mem 0x800103c5
core   0: 0x800080c2 (0xfca54d83) lbu     s11, -54(a0)
core   0: 3 0x800080c2 (0xfca54d83) x27 0x00000000 mem 0x80010388
core   0: 0x800080c6 (0xf2918a23) sb      s1, -204(gp)
core   0: 3 0x800080c6 (0xf2918a23) mem 0x80016fe2 0xc3
core   0: 0x800080ca (0x0f150003) lb      zero, 241(a0)
core   0: 3 0x800080ca (0x0f150003) mem 0x800104af
core   0: 0x800080ce (0xf3b54703) lbu     a4, -197(a0)
core   0: 3 0x800080ce (0xf3b54703) x14 0x000000b2 mem 0x800102f9
core   0: 0x800080d2 (0xa70180a3) sb      a6, -1439(gp)
core   0: 3 0x800080d2 (0xa70180a3) mem 0x80016b0f 0x12
core   0: 0x800080d6 (0xf3d54583) lbu     a1, -195(a0)
core   0: 3 0x800080d6 (0xf3d54583) x11 0x000000b0 mem 0x800102fb
core   0: 0x800080da (0x6b872593) slti    a1, a4, 1720
core   0: 3 0x800080da (0x6b872593) x11 0x00000001
core   0: 0x800080de (0x00008b92) c.mv    s7, tp
core   0: 3 0x800080de (0x8b92) x23 0x80000000
core   0: 0x800080e0 (0x000094ae) c.add   s1, a1
core   0: 3 0x800080e0 (0x94ae) x 9 0xffffffc4
core   0: 0x800080e2 (0x05634163) blt     t1, s6, pc + 66
core   0: 3 0x800080e2 (0x05634163)
core   0: 0x80008124 (0x400b0933) sub     s2, s6, zero
core   0: 3 0x80008124 (0x400b0933) x18 0x0000002a
core   0: 0x80008128 (0x0000100f) fence.i
core   0: 3 0x80008128 (0x0000100f)
core   0: 0x8000812c (0x03a91b63) bne     s2, s10, pc + 54
core   0: 3 0x8000812c (0x03a91b63)
core   0: 0x80008162 (0x00001bfd) c.addi  s7, -1
core   0: 3 0x80008162 (0x1bfd) x23 0x7fffffff
core   0: 0x80008164 (0x003c7133) and     sp, s8, gp
core   0: 3 0x80008164 (0x003c7133) x 2 0x800170a0
core   0: 0x80008168 (0x022e0633) mul     a2, t3, sp
core   0: 3 0x80008168 (0x022e0633) x12 0x41ddd200
core   0: 0x8000816c (0x03787433) remu    s0, a6, s7
core   0: 3 0x8000816c (0x03787433) x 8 0x00000012
core   0: 0x80008170 (0x019303b3) add     t2, t1, s9
core   0: 3 0x80008170 (0x019303b3) x 7 0x0002dedc
core   0: 0x80008174 (0x0000c3a1) c.beqz  a5, pc + 64
core   0: 3 0x80008174 (0xc3a1)
core   0: 0x80008176 (0x00000001) c.nop
core   0: 3 0x80008176 (0x0001)
core   0: 0x80008178 (0x01c58e63) beq     a1, t3, pc + 28
core   0: 3 0x80008178 (0x01c58e63)
core   0: 0x8000817c (0x0000c395) c.beqz  a5, pc + 36
core   0: 3 0x8000817c (0xc395)
core   0: 0x8000817e (0x00767933) and     s2, a2, t2
core   0: 3 0x8000817e (0x00767933) x18 0x0000d200
core   0: 0x80008182 (0x000004aa) c.slli  s1, 10
core   0: 3 0x80008182 (0x04aa) x 9 0xffff1000
core   0: 0x80008184 (0x408f5933) sra     s2, t5, s0
core   0: 3 0x80008184 (0x408f5933) x18 0xffffffff
core   0: 0x80008188 (0x048f7363) bgeu    t5, s0, pc + 70
core   0: 3 0x80008188 (0x048f7363)
core   0: 0x800081ce (0x00008fad) c.xor   a5, a1
core   0: 3 0x800081ce (0x8fad) x15 0xfffffffe
core   0: 0x800081d0 (0x40d4d893) srai    a7, s1, 13
core   0: 3 0x800081d0 (0x40d4d893) x17 0xfffffff8
core   0: 0x800081d4 (0x03e31063) bne     t1, t5, pc + 32
core   0: 3 0x800081d4 (0x03e31063)
core   0: 0x800081f4 (0x0ff0000f) fence   iorw,iorw
core   0: 3 0x800081f4 (0x0ff0000f)
core   0: 0x800081f8 (0xe300fd13) andi    s10, ra, -464
core   0: 3 0x800081f8 (0xe300fd13) x26 0x80008000
core   0: 0x800081fc (0x00008395) c.srli  a5, 5
core   0: 3 0x800081fc (0x8395) x15 0x07ffffff
core   0: 0x800081fe (0x03d5a7b3) mulhsu  a5, a1, t4
core   0: 3 0x800081fe (0x03d5a7b3) x15 0x00000000
core   0: 0x80008202 (0x001d8e63) beq     s11, ra, pc + 28
core   0: 3 0x80008202 (0x001d8e63)
core   0: 0x80008206 (0x00000001) c.nop
core   0: 3 0x80008206 (0x0001)
core   0: 0x80008208 (0x0130dd33) srl     s10, ra, s3
core   0: 3 0x80008208 (0x0130dd33) x26 0x02000202
core   0: 0x8000820c (0xcc418813) addi    a6, gp, -828
core   0: 3 0x8000820c (0xcc418813) x16 0x80016d72
core   0: 0x80008210 (0x03ff2333) mulhsu  t1, t5, t6
core   0: 3 0x80008210 (0x03ff2333) x 6 0xffffffff
core   0: 0x80008214 (0x000004ed) c.addi  s1, 27
core   0: 3 0x80008214 (0x04ed) x 9 0xffff101b
core   0: 0x80008216 (0x00f6a1b3) slt     gp, a3, a5
core   0: 3 0x80008216 (0x00f6a1b3) x 3 0x00000001
core   0: 0x8000821a (0x40598db3) sub     s11, s3, t0
core   0: 3 0x8000821a (0x40598db3) x27 0x80014bc1
core   0: 0x8000821e (0x00000310) c.addi4spn a2, sp, 384
core   0: 3 0x8000821e (0x0310) x12 0x80017220
core   0: 0x80008220 (0x00000199) c.addi  gp, 6
core   0: 3 0x80008220 (0x0199) x 3 0x00000007
core   0: 0x80008222 (0x6094e7b7) lui     a5, 0x6094e
core   0: 3 0x80008222 (0x6094e7b7) x15 0x6094e000
core   0: 0x80008226 (0x007ce763) bltu    s9, t2, pc + 14
core   0: 3 0x80008226 (0x007ce763)
core   0: 0x8000822a (0x00008135) c.srli  a0, 13
core   0: 3 0x8000822a (0x8135) x10 0x00040008
core   0: 0x8000822c (0x02914533) div     a0, sp, s1
core   0: 3 0x8000822c (0x02914533) x10 0x00008896
core   0: 0x80008230 (0x0ff0000f) fence   iorw,iorw
core   0: 3 0x80008230 (0x0ff0000f)
core   0: 0x80008234 (0x0000935e) c.add   t1, s7
core   0: 3 0x80008234 (0x935e) x 6 0x7ffffffe
core   0: 0x80008236 (0x000084a2) c.mv    s1, s0
core   0: 3 0x80008236 (0x84a2) x 9 0x00000012
core   0: 0x80008238 (0x023448b3) div     a7, s0, gp
core   0: 3 0x80008238 (0x023448b3) x17 0x00000002
core   0: 0x8000823c (0x00006111) c.addi16sp sp, 256
core   0: 3 0x8000823c (0x6111) x 2 0x800171a0
core   0: 0x8000823e (0x000098fd) c.andi  s1, -1
core   0: 3 0x8000823e (0x98fd) x 9 0x00000012
core   0: 0x80008240 (0x014204b3) add     s1, tp, s4
core   0: 3 0x80008240 (0x014204b3) x 9 0x8000037b
core   0: 0x80008244 (0x01103bb3) snez    s7, a7
core   0: 3 0x80008244 (0x01103bb3) x23 0x00000001
core   0: 0x80008248 (0x00815663) bge     sp, s0, pc + 12
core   0: 3 0x80008248 (0x00815663)
core   0: 0x8000824c (0x02b529b3) mulhsu  s3, a0, a1
core   0: 3 0x8000824c (0x02b529b3) x19 0x00000000
core   0: 0x80008250 (0x03f8c363) blt     a7, t6, pc + 38
core   0: 3 0x80008250 (0x03f8c363)
core   0: 0x80008276 (0x03aebd33) mulhu   s10, t4, s10
core   0: 3 0x80008276 (0x03aebd33) x26 0x02000201
core   0: 0x8000827a (0x0336b733) mulhu   a4, a3, s3
core   0: 3 0x8000827a (0x0336b733) x14 0x00000000
core   0: 0x8000827e (0xd09d8813) addi    a6, s11, -759
core   0: 3 0x8000827e (0xd09d8813) x16 0x800148ca
core   0: 0x80008282 (0x00c3deb3) srl     t4, t2, a2
core   0: 3 0x80008282 (0x00c3deb3) x29 0x0002dedc
core   0: 0x80008286 (0x026ae463) bltu    s5, t1, pc + 40
core   0: 3 0x80008286 (0x026ae463)
core   0: 0x8000828a (0x0103d293) srli    t0, t2, 16
core   0: 3 0x8000828a (0x0103d293) x 5 0x00000002
core   0: 0x8000828e (0x48789b97) auipc   s7, 0x48789
core   0: 3 0x8000828e (0x48789b97) x23 0xc879128e
core   0: 0x80008292 (0x0364f633) remu    a2, s1, s6
core   0: 3 0x80008292 (0x0364f633) x12 0x0000000b
core   0: 0x80008296 (0x00008dc9) c.or    a1, a0
core   0: 3 0x80008296 (0x8dc9) x11 0x00008897
core   0: 0x80008298 (0x0134cf33) xor     t5, s1, s3
core   0: 3 0x80008298 (0x0134cf33) x30 0x8000037b
core   0: 0x8000829c (0x00434f33) xor     t5, t1, tp
core   0: 3 0x8000829c (0x00434f33) x30 0xfffffffe
core   0: 0x800082a0 (0x00008631) c.srai  a2, 12
core   0: 3 0x800082a0 (0x8631) x12 0x00000000
core   0: 0x800082a2 (0x00c0e763) bltu    ra, a2, pc + 14
core   0: 3 0x800082a2 (0x00c0e763)
core   0: 0x800082a6 (0x00000a42) c.slli  s4, 16
core   0: 3 0x800082a6 (0x0a42) x20 0x037b0000
core   0: 0x800082a8 (0x00000001) c.nop
core   0: 3 0x800082a8 (0x0001)
core   0: 0x800082aa (0x3146b593) sltiu   a1, a3, 788
core   0: 3 0x800082aa (0x3146b593) x11 0x00000000
core   0: 0x800082ae (0x00008045) c.srli  s0, 17
core   0: 3 0x800082ae (0x8045) x 8 0x00000000
core   0: 0x800082b0 (0x0295ca63) blt     a1, s1, pc + 52
core   0: 3 0x800082b0 (0x0295ca63)
core   0: 0x800082b4 (0x00004341) c.li    t1, 16
core   0: 3 0x800082b4 (0x4341) x 6 0x00000010
core   0: 0x800082b6 (0x41bc5a13) srai    s4, s8, 27
core   0: 3 0x800082b6 (0x41bc5a13) x20 0xffffffff
core   0: 0x800082ba (0x02eeeb63) bltu    t4, a4, pc + 54
core   0: 3 0x800082ba (0x02eeeb63)
core   0: 0x800082be (0x0000c419) c.beqz  s0, pc + 14
core   0: 3 0x800082be (0xc419)
core   0: 0x800082cc (0x0000888a) c.mv    a7, sp
core   0: 3 0x800082cc (0x888a) x17 0x800171a0
core   0: 0x800082ce (0x0ff0000f) fence   iorw,iorw
core   0: 3 0x800082ce (0x0ff0000f)
core   0: 0x800082d2 (0x037b52b3) divu    t0, s6, s7
core   0: 3 0x800082d2 (0x037b52b3) x 5 0x00000000
core   0: 0x800082d6 (0x0ff0000f) fence   iorw,iorw
core   0: 3 0x800082d6 (0x0ff0000f)
core   0: 0x800082da (0x02222933) mulhsu  s2, tp, sp
core   0: 3 0x800082da (0x02222933) x18 0xbfff4730
core   0: 0x800082de (0x00008ce1) c.and   s1, s0
core   0: 3 0x800082de (0x8ce1) x 9 0x00000000
core   0: 0x800082e0 (0x0000ef05) c.bnez  a4, pc + 56
core   0: 3 0x800082e0 (0xef05)
core   0: 0x800082e2 (0x00006359) c.lui   t1, 0x16
core   0: 3 0x800082e2 (0x6359) x 6 0x00016000
core   0: 0x800082e4 (0x3b510393) addi    t2, sp, 949
core   0: 3 0x800082e4 (0x3b510393) x 7 0x80017555
core   0: 0x800082e8 (0xad686713) ori     a4, a6, -1322
core   0: 3 0x800082e8 (0xad686713) x14 0xfffffade
core   0: 0x800082ec (0x00c00a63) beq     zero, a2, pc + 20
core   0: 3 0x800082ec (0x00c00a63)
core   0: 0x80008300 (0x00005bfd) c.li    s7, -1
core   0: 3 0x80008300 (0x5bfd) x23 0xffffffff
core   0: 0x80008302 (0x03d1c0b3) div     ra, gp, t4
core   0: 3 0x80008302 (0x03d1c0b3) x 1 0x00000000
core   0: 0x80008306 (0x0387f9b3) remu    s3, a5, s8
core   0: 3 0x80008306 (0x0387f9b3) x19 0x6094e000
core   0: 0x8000830a (0x0255d6b3) divu    a3, a1, t0
core   0: 3 0x8000830a (0x0255d6b3) x13 0xffffffff
core   0: 0x8000830e (0x000007d5) c.addi  a5, 21
core   0: 3 0x8000830e (0x07d5) x15 0x6094e015
core   0: 0x80008310 (0x01e4dc63) bge     s1, t5, pc + 24
core   0: 3 0x80008310 (0x01e4dc63)
core   0: 0x80008328 (0x0000717d) c.addi16sp sp, -16
core   0: 3 0x80008328 (0x717d) x 2 0x80017190
core   0: 0x8000832a (0x0108d133) srl     sp, a7, a6
core   0: 3 0x8000832a (0x0108d133) x 2 0x0020005c
core   0: 0x8000832e (0x00000a6e) c.slli  s4, 27
core   0: 3 0x8000832e (0x0a6e) x20 0xf8000000
core   0: 0x80008330 (0x0265b8b3) mulhu   a7, a1, t1
core   0: 3 0x80008330 (0x0265b8b3) x17 0x00000000
core   0: 0x80008334 (0x034de463) bltu    s11, s4, pc + 40
core   0: 3 0x80008334 (0x034de463)
core   0: 0x8000835c (0x00000001) c.nop
core   0: 3 0x8000835c (0x0001)
core   0: 0x8000835e (0x1afabc13) sltiu   s8, s5, 431
core   0: 3 0x8000835e (0x1afabc13) x24 0x00000000
core   0: 0x80008362 (0x000003be) c.slli  t2, 15
core   0: 3 0x80008362 (0x03be) x 7 0xbaaa8000
core   0: 0x80008364 (0x038c74b3) remu    s1, s8, s8
core   0: 3 0x80008364 (0x038c74b3) x 9 0x00000000
core   0: 0x80008368 (0x0000100f) fence.i
core   0: 3 0x80008368 (0x0000100f)
core   0: 0x8000836c (0x00008e31) c.xor   a2, a2
core   0: 3 0x8000836c (0x8e31) x12 0x00000000
core   0: 0x8000836e (0x01888e63) beq     a7, s8, pc + 28
core   0: 3 0x8000836e (0x01888e63)
core   0: 0x8000838a (0xd5e7e513) ori     a0, a5, -674
core   0: 3 0x8000838a (0xd5e7e513) x10 0xfffffd5f
core   0: 0x8000838e (0x4138dbb3) sra     s7, a7, s3
core   0: 3 0x8000838e (0x4138dbb3) x23 0x00000000
core   0: 0x80008392 (0x000084b1) c.srai  s1, 12
core   0: 3 0x80008392 (0x84b1) x 9 0x00000000
core   0: 0x80008394 (0x0000c509) c.beqz  a0, pc + 10
core   0: 3 0x80008394 (0xc509)
core   0: 0x80008396 (0x02526633) rem     a2, tp, t0
core   0: 3 0x80008396 (0x02526633) x12 0x80000000
core   0: 0x8000839a (0x022005b3) mul     a1, zero, sp
core   0: 3 0x8000839a (0x022005b3) x11 0x00000000
core   0: 0x8000839e (0x3b846493) ori     s1, s0, 952
core   0: 3 0x8000839e (0x3b846493) x 9 0x000003b8
core   0: 0x800083a2 (0x033fe733) rem     a4, t6, s3
core   0: 3 0x800083a2 (0x033fe733) x14 0x00000018
core   0: 0x800083a6 (0x00008f3d) c.xor   a4, a5
core   0: 3 0x800083a6 (0x8f3d) x14 0x6094e00d
core   0: 0x800083a8 (0x05658063) beq     a1, s6, pc + 64
core   0: 3 0x800083a8 (0x05658063)
core   0: 0x800083ac (0x053f6263) bltu    t5, s3, pc + 68
core   0: 3 0x800083ac (0x053f6263)
core   0: 0x800083b0 (0x00009f8e) c.add   t6, gp
core   0: 3 0x800083b0 (0x9f8e) x31 0x0000001f
core   0: 0x800083b2 (0x0ff0000f) fence   iorw,iorw
core   0: 3 0x800083b2 (0x0ff0000f)
core   0: 0x800083b6 (0x028cfb33) remu    s6, s9, s0
core   0: 3 0x800083b6 (0x028cfb33) x22 0x80025e58
core   0: 0x800083ba (0x0000c23d) c.beqz  a2, pc + 102
core   0: 3 0x800083ba (0xc23d)
core   0: 0x800083bc (0xffe00613) li      a2, -2
core   0: 3 0x800083bc (0xffe00613) x12 0xfffffffe
core   0: 0x800083c0 (0x0365b7b3) mulhu   a5, a1, s6
core   0: 3 0x800083c0 (0x0365b7b3) x15 0x00000000
core   0: 0x800083c4 (0x00000001) c.nop
core   0: 3 0x800083c4 (0x0001)
core   0: 0x800083c6 (0x03f475b3) remu    a1, s0, t6
core   0: 3 0x800083c6 (0x03f475b3) x11 0x00000000
core   0: 0x800083ca (0xf7a47293) andi    t0, s0, -134
core   0: 3 0x800083ca (0xf7a47293) x 5 0x00000000
core   0: 0x800083ce (0x81b3f493) andi    s1, t2, -2021
core   0: 3 0x800083ce (0x81b3f493) x 9 0xbaaa8000
core   0: 0x800083d2 (0x41d05d93) srai    s11, zero, 29
core   0: 3 0x800083d2 (0x41d05d93) x27 0x00000000
core   0: 0x800083d6 (0x00000f9c) c.addi4spn a5, sp, 976
core   0: 3 0x800083d6 (0x0f9c) x15 0x0020042c
core   0: 0x800083d8 (0x00000605) c.addi  a2, 1
core   0: 3 0x800083d8 (0x0605) x12 0xffffffff
core   0: 0x800083da (0x000084c2) c.mv    s1, a6
core   0: 3 0x800083da (0x84c2) x 9 0x800148ca
core   0: 0x800083dc (0x0326cdb3) div     s11, a3, s2
core   0: 3 0x800083dc (0x0326cdb3) x27 0x00000000
core   0: 0x800083e0 (0x0000f27d) c.bnez  a2, pc - 26
core   0: 3 0x800083e0 (0xf27d)
core   0: 0x800083c6 (0x03f475b3) remu    a1, s0, t6
core   0: 3 0x800083c6 (0x03f475b3) x11 0x00000000
core   0: 0x800083ca (0xf7a47293) andi    t0, s0, -134
core   0: 3 0x800083ca (0xf7a47293) x 5 0x00000000
core   0: 0x800083ce (0x81b3f493) andi    s1, t2, -2021
core   0: 3 0x800083ce (0x81b3f493) x 9 0xbaaa8000
core   0: 0x800083d2 (0x41d05d93) srai    s11, zero, 29
core   0: 3 0x800083d2 (0x41d05d93) x27 0x00000000
core   0: 0x800083d6 (0x00000f9c) c.addi4spn a5, sp, 976
core   0: 3 0x800083d6 (0x0f9c) x15 0x0020042c
core   0: 0x800083d8 (0x00000605) c.addi  a2, 1
core   0: 3 0x800083d8 (0x0605) x12 0x00000000
core   0: 0x800083da (0x000084c2) c.mv    s1, a6
core   0: 3 0x800083da (0x84c2) x 9 0x800148ca
core   0: 0x800083dc (0x0326cdb3) div     s11, a3, s2
core   0: 3 0x800083dc (0x0326cdb3) x27 0x00000000
core   0: 0x800083e0 (0x0000f27d) c.bnez  a2, pc - 26
core   0: 3 0x800083e0 (0xf27d)
core   0: 0x800083e2 (0x96f98493) addi    s1, s3, -1681
core   0: 3 0x800083e2 (0x96f98493) x 9 0x6094d96f
core   0: 0x800083e6 (0x00000001) c.nop
core   0: 3 0x800083e6 (0x0001)
core   0: 0x800083e8 (0x02f94e63) blt     s2, a5, pc + 60
core   0: 3 0x800083e8 (0x02f94e63)
core   0: 0x80008424 (0x019d8d63) beq     s11, s9, pc + 26
core   0: 3 0x80008424 (0x019d8d63)
core   0: 0x80008428 (0x00000872) c.slli  a6, 28
core   0: 3 0x80008428 (0x0872) x16 0xa0000000
core   0: 0x8000842a (0x000083cd) c.srli  a5, 19
core   0: 3 0x8000842a (0x83cd) x15 0x00000004
core   0: 0x8000842c (0x40d58433) sub     s0, a1, a3
core   0: 3 0x8000842c (0x40d58433) x 8 0x00000001
core   0: 0x80008430 (0x000002ae) c.slli  t0, 11
core   0: 3 0x80008430 (0x02ae) x 5 0x00000000
core   0: 0x80008432 (0xe5358693) addi    a3, a1, -429
core   0: 3 0x80008432 (0xe5358693) x13 0xfffffe53
core   0: 0x80008436 (0x63c78413) addi    s0, a5, 1596
core   0: 3 0x80008436 (0x63c78413) x 8 0x00000640
core   0: 0x8000843a (0x00008e5d) c.or    a2, a5
core   0: 3 0x8000843a (0x8e5d) x12 0x00000004
core   0: 0x8000843c (0x00006b71) c.lui   s6, 0x1c
core   0: 3 0x8000843c (0x6b71) x22 0x0001c000
core   0: 0x8000843e (0x00008d05) c.sub   a0, s1
core   0: 3 0x8000843e (0x8d05) x10 0x9f6b23f0
core   0: 0x80008440 (0x010c9963) bne     s9, a6, pc + 18
core   0: 3 0x80008440 (0x010c9963)
core   0: 0x80008452 (0x0000100f) fence.i
core   0: 3 0x80008452 (0x0000100f)
core   0: 0x80008456 (0x2d17fb93) andi    s7, a5, 721
core   0: 3 0x80008456 (0x2d17fb93) x23 0x00000000
core   0: 0x8000845a (0x41600eb3) sub     t4, zero, s6
core   0: 3 0x8000845a (0x41600eb3) x29 0xfffe4000
core   0: 0x8000845e (0x2d3e7493) andi    s1, t3, 723
core   0: 3 0x8000845e (0x2d3e7493) x 9 0x00000050
core   0: 0x80008462 (0x00009bb2) c.add   s7, a2
core   0: 3 0x80008462 (0x9bb2) x23 0x00000004
core   0: 0x80008464 (0x000088de) c.mv    a7, s7
core   0: 3 0x80008464 (0x88de) x17 0x00000004
core   0: 0x80008466 (0x02ff7963) bgeu    t5, a5, pc + 50
core   0: 3 0x80008466 (0x02ff7963)
core   0: 0x80008498 (0xfde8dc37) lui     s8, 0xfde8d
core   0: 3 0x80008498 (0xfde8dc37) x24 0xfde8d000
core   0: 0x8000849c (0x00b8f8b3) and     a7, a7, a1
core   0: 3 0x8000849c (0x00b8f8b3) x17 0x00000000
core   0: 0x800084a0 (0x00000349) c.addi  t1, 18
core   0: 3 0x800084a0 (0x0349) x 6 0x00016012
core   0: 0x800084a2 (0x02692433) mulhsu  s0, s2, t1
core   0: 3 0x800084a2 (0x02692433) x 8 0xffffa7fa
core   0: 0x800084a6 (0x61950293) addi    t0, a0, 1561
core   0: 3 0x800084a6 (0x61950293) x 5 0x9f6b2a09
core   0: 0x800084aa (0x02c894b3) mulh    s1, a7, a2
core   0: 3 0x800084aa (0x02c894b3) x 9 0x00000000
core   0: 0x800084ae (0x00000362) c.slli  t1, 24
core   0: 3 0x800084ae (0x0362) x 6 0x12000000
core   0: 0x800084b0 (0x00008e55) c.or    a2, a3
core   0: 3 0x800084b0 (0x8e55) x12 0xfffffe57
core   0: 0x800084b2 (0x01e7e4b3) or      s1, a5, t5
core   0: 3 0x800084b2 (0x01e7e4b3) x 9 0xfffffffe
core   0: 0x800084b6 (0x7d697817) auipc   a6, 0x7d697
core   0: 3 0x800084b6 (0x7d697817) x16 0xfd69f4b6
core   0: 0x800084ba (0x0000cc99) c.beqz  s1, pc + 30
core   0: 3 0x800084ba (0xcc99)
core   0: 0x800084bc (0x00000001) c.nop
core   0: 3 0x800084bc (0x0001)
core   0: 0x800084be (0x00009b06) c.add   s6, ra
core   0: 3 0x800084be (0x9b06) x22 0x0001c000
core   0: 0x800084c0 (0x02bb91b3) mulh    gp, s7, a1
core   0: 3 0x800084c0 (0x02bb91b3) x 3 0x00000000
core   0: 0x800084c4 (0x02171333) mulh    t1, a4, ra
core   0: 3 0x800084c4 (0x02171333) x 6 0x00000000
core   0: 0x800084c8 (0x00000001) c.nop
core   0: 3 0x800084c8 (0x0001)
core   0: 0x800084ca (0x41725313) srai    t1, tp, 23
core   0: 3 0x800084ca (0x41725313) x 6 0xffffff00
core   0: 0x800084ce (0xeabd8113) addi    sp, s11, -341
core   0: 3 0x800084ce (0xeabd8113) x 2 0xfffffeab
core   0: 0x800084d2 (0xe9abe093) ori     ra, s7, -358
core   0: 3 0x800084d2 (0xe9abe093) x 1 0xfffffe9e
core   0: 0x800084d6 (0x000087c6) c.mv    a5, a7
core   0: 3 0x800084d6 (0x87c6) x15 0x00000000
core   0: 0x800084d8 (0x0000836a) c.mv    t1, s10
core   0: 3 0x800084d8 (0x836a) x 6 0x02000201
core   0: 0x800084da (0x03a985b3) mul     a1, s3, s10
core   0: 3 0x800084da (0x03a985b3) x11 0x8a54e000
core   0: 0x800084de (0xc887a2b7) lui     t0, 0xc887a
core   0: 3 0x800084de (0xc887a2b7) x 5 0xc887a000
core   0: 0x800084e2 (0x015cc763) blt     s9, s5, pc + 14
core   0: 3 0x800084e2 (0x015cc763)
core   0: 0x800084f0 (0x8be16893) ori     a7, sp, -1858
core   0: 3 0x800084f0 (0x8be16893) x17 0xfffffebf
core   0: 0x800084f4 (0x03e6beb3) mulhu   t4, a3, t5
core   0: 3 0x800084f4 (0x03e6beb3) x29 0xfffffe51
core   0: 0x800084f8 (0x3dabd1b7) lui     gp, 0x3dabd
core   0: 3 0x800084f8 (0x3dabd1b7) x 3 0x3dabd000
core   0: 0x800084fc (0xbb1d0113) addi    sp, s10, -1103
core   0: 3 0x800084fc (0xbb1d0113) x 2 0x01fffdb2
core   0: 0x80008500 (0x006f64b3) or      s1, t5, t1
core   0: 3 0x80008500 (0x006f64b3) x 9 0xffffffff
core   0: 0x80008504 (0x00008b71) c.andi  a4, 28
core   0: 3 0x80008504 (0x8b71) x14 0x0000000c
core   0: 0x80008506 (0x0000717d) c.addi16sp sp, -16
core   0: 3 0x80008506 (0x717d) x 2 0x01fffda2
core   0: 0x80008508 (0x03b928b3) mulhsu  a7, s2, s11
core   0: 3 0x80008508 (0x03b928b3) x17 0x00000000
core   0: 0x8000850c (0x00008641) c.srai  a2, 16
core   0: 3 0x8000850c (0x8641) x12 0xffffffff
core   0: 0x8000850e (0x000082ed) c.srli  a3, 27
core   0: 3 0x8000850e (0x82ed) x13 0x0000001f
core   0: 0x80008510 (0x02f02333) mulhsu  t1, zero, a5
core   0: 3 0x80008510 (0x02f02333) x 6 0x00000000
core   0: 0x80008514 (0x02d28433) mul     s0, t0, a3
core   0: 3 0x80008514 (0x02d28433) x 8 0x486c6000
core   0: 0x80008518 (0x000050fd) c.li    ra, -1
core   0: 3 0x80008518 (0x50fd) x 1 0xffffffff
core   0: 0x8000851a (0x0000ed19) c.bnez  a0, pc + 30
core   0: 3 0x8000851a (0xed19)
core   0: 0x80008538 (0x0001de33) srl     t3, gp, zero
core   0: 3 0x80008538 (0x0001de33) x28 0x3dabd000
core   0: 0x8000853c (0x00008c51) c.or    s0, a2
core   0: 3 0x8000853c (0x8c51) x 8 0xffffffff
core   0: 0x8000853e (0x031e8333) mul     t1, t4, a7
core   0: 3 0x8000853e (0x031e8333) x 6 0x00000000
core   0: 0x80008542 (0x00008de5) c.and   a1, s1
core   0: 3 0x80008542 (0x8de5) x11 0x8a54e000
core   0: 0x80008544 (0x02633c33) mulhu   s8, t1, t1
core   0: 3 0x80008544 (0x02633c33) x24 0x00000000
core   0: 0x80008548 (0x4780fc13) andi    s8, ra, 1144
core   0: 3 0x80008548 (0x4780fc13) x24 0x00000478
core   0: 0x8000854c (0x033727b3) mulhsu  a5, a4, s3
core   0: 3 0x8000854c (0x033727b3) x15 0x00000004
core   0: 0x80008550 (0x001cc633) xor     a2, s9, ra
core   0: 3 0x80008550 (0x001cc633) x12 0x7ffda1a7
core   0: 0x80008554 (0x00279813) slli    a6, a5, 2
core   0: 3 0x80008554 (0x00279813) x16 0x00000010
core   0: 0x80008558 (0x00000001) c.nop
core   0: 3 0x80008558 (0x0001)
core   0: 0x8000855a (0x00f8beb3) sltu    t4, a7, a5
core   0: 3 0x8000855a (0x00f8beb3) x29 0x00000001
core   0: 0x8000855e (0x0308a5b3) mulhsu  a1, a7, a6
core   0: 3 0x8000855e (0x0308a5b3) x11 0x00000000
core   0: 0x80008562 (0x41c75613) srai    a2, a4, 28
core   0: 3 0x80008562 (0x41c75613) x12 0x00000000
core   0: 0x80008566 (0x0000158c) c.addi4spn a1, sp, 736
core   0: 3 0x80008566 (0x158c) x11 0x02000082
core   0: 0x80008568 (0x00000001) c.nop
core   0: 3 0x80008568 (0x0001)
core   0: 0x8000856a (0x8655c113) xori    sp, a1, -1947
core   0: 3 0x8000856a (0x8655c113) x 2 0xfdfff8e7
core   0: 0x8000856e (0x023778b3) remu    a7, a4, gp
core   0: 3 0x8000856e (0x023778b3) x17 0x0000000c
core   0: 0x80008572 (0x01a6c033) xor     zero, a3, s10
core   0: 3 0x80008572 (0x01a6c033)
core   0: 0x80008576 (0x00288fb3) add     t6, a7, sp
core   0: 3 0x80008576 (0x00288fb3) x31 0xfdfff8f3
core   0: 0x8000857a (0x0376f2b3) remu    t0, a3, s7
core   0: 3 0x8000857a (0x0376f2b3) x 5 0x00000003
core   0: 0x8000857e (0x03248033) mul     zero, s1, s2
core   0: 3 0x8000857e (0x03248033)
core   0: 0x80008582 (0x0128f633) and     a2, a7, s2
core   0: 3 0x80008582 (0x0128f633) x12 0x00000000
core   0: 0x80008586 (0x0000ed09) c.bnez  a0, pc + 26
core   0: 3 0x80008586 (0xed09)
core   0: 0x800085a0 (0x009ffeb3) and     t4, t6, s1
core   0: 3 0x800085a0 (0x009ffeb3) x29 0xfdfff8f3
core   0: 0x800085a4 (0x01fd8d33) add     s10, s11, t6
core   0: 3 0x800085a4 (0x01fd8d33) x26 0xfdfff8f3
core   0: 0x800085a8 (0x0335afb3) mulhsu  t6, a1, s3
core   0: 3 0x800085a8 (0x0335afb3) x31 0x00c129f1
core   0: 0x800085ac (0x0206f3b3) remu    t2, a3, zero
core   0: 3 0x800085ac (0x0206f3b3) x 7 0x0000001f
core   0: 0x800085b0 (0x024520b3) mulhsu  ra, a0, tp
core   0: 3 0x800085b0 (0x024520b3) x 1 0xcfb591f8
core   0: 0x800085b4 (0x0272f3b3) remu    t2, t0, t2
core   0: 3 0x800085b4 (0x0272f3b3) x 7 0x00000003
core   0: 0x800085b8 (0x00001b90) c.addi4spn a2, sp, 496
core   0: 3 0x800085b8 (0x1b90) x12 0xfdfffad7
core   0: 0x800085ba (0x2e546c13) ori     s8, s0, 741
core   0: 3 0x800085ba (0x2e546c13) x24 0xffffffff
core   0: 0x800085be (0x008c5e93) srli    t4, s8, 8
core   0: 3 0x800085be (0x008c5e93) x29 0x00ffffff
core   0: 0x800085c2 (0x00006c11) c.lui   s8, 0x4
core   0: 3 0x800085c2 (0x6c11) x24 0x00004000
core   0: 0x800085c4 (0x01e0f2b3) and     t0, ra, t5
core   0: 3 0x800085c4 (0x01e0f2b3) x 5 0xcfb591f8
core   0: 0x800085c8 (0x02ffcc33) div     s8, t6, a5
core   0: 3 0x800085c8 (0x02ffcc33) x24 0x00304a7c
core   0: 0x800085cc (0x00008f89) c.sub   a5, a0
core   0: 3 0x800085cc (0x8f89) x15 0x6094dc14
core   0: 0x800085ce (0x01bffa63) bgeu    t6, s11, pc + 20
core   0: 3 0x800085ce (0x01bffa63)
core   0: 0x800085e2 (0x03511db3) mulh    s11, sp, s5
core   0: 3 0x800085e2 (0x03511db3) x27 0x00fffe52
core   0: 0x800085e6 (0x018eebb3) or      s7, t4, s8
core   0: 3 0x800085e6 (0x018eebb3) x23 0x00ffffff
core   0: 0x800085ea (0x00008125) c.srli  a0, 9
core   0: 3 0x800085ea (0x8125) x10 0x004fb591
core   0: 0x800085ec (0x00e69933) sll     s2, a3, a4
core   0: 3 0x800085ec (0x00e69933) x18 0x0001f000
core   0: 0x800085f0 (0x0226db33) divu    s6, a3, sp
core   0: 3 0x800085f0 (0x0226db33) x22 0x00000000
core   0: 0x800085f4 (0x02fe7133) remu    sp, t3, a5
core   0: 3 0x800085f4 (0x02fe7133) x 2 0x3dabd000
core   0: 0x800085f8 (0x0249ce63) blt     s3, tp, pc + 60
core   0: 3 0x800085f8 (0x0249ce63)
core   0: 0x800085fc (0x03db54b3) divu    s1, s6, t4
core   0: 3 0x800085fc (0x03db54b3) x 9 0x00000000
core   0: 0x80008600 (0x3e286d93) ori     s11, a6, 994
core   0: 3 0x80008600 (0x3e286d93) x27 0x000003f2
core   0: 0x80008604 (0x032cbe33) mulhu   t3, s9, s2
core   0: 3 0x80008604 (0x032cbe33) x28 0x0000f804
core   0: 0x80008608 (0x000862b3) or      t0, a6, zero
core   0: 3 0x80008608 (0x000862b3) x 5 0x00000010
core   0: 0x8000860c (0x0000086e) c.slli  a6, 27
core   0: 3 0x8000860c (0x086e) x16 0x80000000
core   0: 0x8000860e (0x414f0a33) sub     s4, t5, s4
core   0: 3 0x8000860e (0x414f0a33) x20 0x07fffffe
core   0: 0x80008612 (0x0144b633) sltu    a2, s1, s4
core   0: 3 0x80008612 (0x0144b633) x12 0x00000001
core   0: 0x80008616 (0x03cc6b33) rem     s6, s8, t3
core   0: 3 0x80008616 (0x03cc6b33) x22 0x0000d1b8
core   0: 0x8000861a (0x0ff0000f) fence   iorw,iorw
core   0: 3 0x8000861a (0x0ff0000f)
core   0: 0x8000861e (0x0000eb15) c.bnez  a4, pc + 52
core   0: 3 0x8000861e (0xeb15)
core   0: 0x80008652 (0x00000162) c.slli  sp, 24
core   0: 3 0x80008652 (0x0162) x 2 0x00000000
core   0: 0x80008654 (0x00cf9193) slli    gp, t6, 12
core   0: 3 0x80008654 (0x00cf9193) x 3 0x129f1000
core   0: 0x80008658 (0x000096c6) c.add   a3, a7
core   0: 3 0x80008658 (0x96c6) x13 0x0000002b
core   0: 0x8000865a (0x01132133) slt     sp, t1, a7
core   0: 3 0x8000865a (0x01132133) x 2 0x00000001
core   0: 0x8000865e (0x0000177d) c.addi  a4, -1
core   0: 3 0x8000865e (0x177d) x14 0x0000000b
core   0: 0x80008660 (0x00008c11) c.sub   s0, a2
core   0: 3 0x80008660 (0x8c11) x 8 0xfffffffe
core   0: 0x80008662 (0x00001e04) c.addi4spn s1, sp, 816
core   0: 3 0x80008662 (0x1e04) x 9 0x00000331
core   0: 0x80008664 (0x0000688d) c.lui   a7, 0x3
core   0: 3 0x80008664 (0x688d) x17 0x00003000
core   0: 0x80008666 (0x004dd933) srl     s2, s11, tp
core   0: 3 0x80008666 (0x004dd933) x18 0x000003f2
core   0: 0x8000866a (0x01765813) srli    a6, a2, 23
core   0: 3 0x8000866a (0x01765813) x16 0x00000000
core   0: 0x8000866e (0x01adf863) bgeu    s11, s10, pc + 16
core   0: 3 0x8000866e (0x01adf863)
core   0: 0x80008672 (0x00000001) c.nop
core   0: 3 0x80008672 (0x0001)
core   0: 0x80008674 (0x0134d893) srli    a7, s1, 19
core   0: 3 0x80008674 (0x0134d893) x17 0x00000000
core   0: 0x80008678 (0x40d5d093) srai    ra, a1, 13
core   0: 3 0x80008678 (0x40d5d093) x 1 0x00001000
core   0: 0x8000867c (0x0000988e) c.add   a7, gp
core   0: 3 0x8000867c (0x988e) x17 0x129f1000
core   0: 0x8000867e (0x009732b3) sltu    t0, a4, s1
core   0: 3 0x8000867e (0x009732b3) x 5 0x00000001
core   0: 0x80008682 (0x0000eb0d) c.bnez  a4, pc + 50
core   0: 3 0x80008682 (0xeb0d)
core   0: 0x800086b4 (0x0000100f) fence.i
core   0: 3 0x800086b4 (0x0000100f)
core   0: 0x800086b8 (0x00000b39) c.addi  s6, 14
core   0: 3 0x800086b8 (0x0b39) x22 0x0000d1c6
core   0: 0x800086ba (0x01a89333) sll     t1, a7, s10
core   0: 3 0x800086ba (0x01a89333) x 6 0x80000000
core   0: 0x800086be (0x00008e55) c.or    a2, a3
core   0: 3 0x800086be (0x8e55) x12 0x0000002b
core   0: 0x800086c0 (0x04deb813) sltiu   a6, t4, 77
core   0: 3 0x800086c0 (0x04deb813) x16 0x00000000
core   0: 0x800086c4 (0xbac5bdb7) lui     s11, 0xbac5b
core   0: 3 0x800086c4 (0xbac5bdb7) x27 0xbac5b000
core   0: 0x800086c8 (0x0035af33) slt     t5, a1, gp
core   0: 3 0x800086c8 (0x0035af33) x30 0x00000001
core   0: 0x800086cc (0x005b9db3) sll     s11, s7, t0
core   0: 3 0x800086cc (0x005b9db3) x27 0x01fffffe
core   0: 0x800086d0 (0x00006ef1) c.lui   t4, 0x1c
core   0: 3 0x800086d0 (0x6ef1) x29 0x0001c000
core   0: 0x800086d2 (0x0391d6b3) divu    a3, gp, s9
core   0: 3 0x800086d2 (0x0391d6b3) x13 0x00000000
core   0: 0x800086d6 (0x00008789) c.srai  a5, 2
core   0: 3 0x800086d6 (0x8789) x15 0x18253705
core   0: 0x800086d8 (0x40428933) sub     s2, t0, tp
core   0: 3 0x800086d8 (0x40428933) x18 0x80000001
core   0: 0x800086dc (0x02f85263) bge     a6, a5, pc + 36
core   0: 3 0x800086dc (0x02f85263)
core   0: 0x800086e0 (0xc5e12793) slti    a5, sp, -930
core   0: 3 0x800086e0 (0xc5e12793) x15 0x00000000
core   0: 0x800086e4 (0x40cc8eb3) sub     t4, s9, a2
core   0: 3 0x800086e4 (0x40cc8eb3) x29 0x80025e2d
core   0: 0x800086e8 (0x406b5633) sra     a2, s6, t1
core   0: 3 0x800086e8 (0x406b5633) x12 0x0000d1c6
core   0: 0x800086ec (0x00008825) c.andi  s0, 9
core   0: 3 0x800086ec (0x8825) x 8 0x00000008
core   0: 0x800086ee (0x48a93113) sltiu   sp, s2, 1162
core   0: 3 0x800086ee (0x48a93113) x 2 0x00000000
core   0: 0x800086f2 (0x02aeba33) mulhu   s4, t4, a0
core   0: 3 0x800086f2 (0x02aeba33) x20 0x0027db85
core   0: 0x800086f6 (0xfcb07893) andi    a7, zero, -53
core   0: 3 0x800086f6 (0xfcb07893) x17 0x00000000
core   0: 0x800086fa (0x00009316) c.add   t1, t0
core   0: 3 0x800086fa (0x9316) x 6 0x80000001
core   0: 0x800086fc (0x0000995e) c.add   s2, s7
core   0: 3 0x800086fc (0x995e) x18 0x81000000
core   0: 0x800086fe (0x0000966e) c.add   a2, s11
core   0: 3 0x800086fe (0x966e) x12 0x0200d1c4
core   0: 0x80008700 (0x31757113) andi    sp, a0, 791
core   0: 3 0x80008700 (0x31757113) x 2 0x00000111
core   0: 0x80008704 (0x00001210) c.addi4spn a2, sp, 288
core   0: 3 0x80008704 (0x1210) x12 0x00000231
core   0: 0x80008706 (0x028597b3) mulh    a5, a1, s0
core   0: 3 0x80008706 (0x028597b3) x15 0x00000000
core   0: 0x8000870a (0x0000c209) c.beqz  a2, pc + 2
core   0: 3 0x8000870a (0xc209)
core   0: 0x8000870c (0x00008e21) c.xor   a2, s0
core   0: 3 0x8000870c (0x8e21) x12 0x00000239
core   0: 0x8000870e (0x5123bd13) sltiu   s10, t2, 1298
core   0: 3 0x8000870e (0x5123bd13) x26 0x00000001
core   0: 0x80008712 (0x000086a5) c.srai  a3, 9
core   0: 3 0x80008712 (0x86a5) x13 0x00000000
core   0: 0x80008714 (0x00008e8d) c.sub   a3, a1
core   0: 3 0x80008714 (0x8e8d) x13 0xfdffff7e
core   0: 0x80008716 (0x00b35a33) srl     s4, t1, a1
core   0: 3 0x80008716 (0x00b35a33) x20 0x20000000
core   0: 0x8000871a (0x00992633) slt     a2, s2, s1
core   0: 3 0x8000871a (0x00992633) x12 0x00000001
core   0: 0x8000871e (0x0000100f) fence.i
core   0: 3 0x8000871e (0x0000100f)
core   0: 0x80008722 (0x0000717d) c.addi16sp sp, -16
core   0: 3 0x80008722 (0x717d) x 2 0x00000101
core   0: 0x80008724 (0x00e55a13) srli    s4, a0, 14
core   0: 3 0x80008724 (0x00e55a13) x20 0x0000013e
core   0: 0x80008728 (0x0267ab33) mulhsu  s6, a5, t1
core   0: 3 0x80008728 (0x0267ab33) x22 0x00000000
core   0: 0x8000872c (0x9f8e0a13) addi    s4, t3, -1544
core   0: 3 0x8000872c (0x9f8e0a13) x20 0x0000f1fc
core   0: 0x80008730 (0x021b2133) mulhsu  sp, s6, ra
core   0: 3 0x80008730 (0x021b2133) x 2 0x00000000
core   0: 0x80008734 (0x9468e4b7) lui     s1, 0x9468e
core   0: 3 0x80008734 (0x9468e4b7) x 9 0x9468e000
core   0: 0x80008738 (0x00009c36) c.add   s8, a3
core   0: 3 0x80008738 (0x9c36) x24 0xfe3049fa
core   0: 0x8000873a (0x01a1d713) srli    a4, gp, 26
core   0: 3 0x8000873a (0x01a1d713) x14 0x00000004
core   0: 0x8000873e (0x05991263) bne     s2, s9, pc + 68
core   0: 3 0x8000873e (0x05991263)
core   0: 0x80008782 (0x4173d313) srai    t1, t2, 23
core   0: 3 0x80008782 (0x4173d313) x 6 0x00000000
core   0: 0x80008786 (0x00004db1) c.li    s11, 12
core   0: 3 0x80008786 (0x4db1) x27 0x0000000c
core   0: 0x80008788 (0x41948033) sub     zero, s1, s9
core   0: 3 0x80008788 (0x41948033)
core   0: 0x8000878c (0x0000100f) fence.i
core   0: 3 0x8000878c (0x0000100f)
core   0: 0x80008790 (0x0171d413) srli    s0, gp, 23
core   0: 3 0x80008790 (0x0171d413) x 8 0x00000025
core   0: 0x80008794 (0x00009bfd) c.andi  a5, -1
core   0: 3 0x80008794 (0x9bfd) x15 0x00000000
core   0: 0x80008796 (0x00275e93) srli    t4, a4, 2
core   0: 3 0x80008796 (0x00275e93) x29 0x00000001
core   0: 0x8000879a (0x03addbb3) divu    s7, s11, s10
core   0: 3 0x8000879a (0x03addbb3) x23 0x0000000c
core   0: 0x8000879e (0x0000100f) fence.i
core   0: 3 0x8000879e (0x0000100f)
core   0: 0x800087a2 (0x0000e185) c.bnez  a1, pc + 32
core   0: 3 0x800087a2 (0xe185)
core   0: 0x800087c2 (0x022527b3) mulhsu  a5, a0, sp
core   0: 3 0x800087c2 (0x022527b3) x15 0x00000000
core   0: 0x800087c6 (0x00005d7d) c.li    s10, -1
core   0: 3 0x800087c6 (0x5d7d) x26 0xffffffff
core   0: 0x800087c8 (0x40445493) srai    s1, s0, 4
core   0: 3 0x800087c8 (0x40445493) x 9 0x00000002
core   0: 0x800087cc (0x00008d95) c.sub   a1, a3
core   0: 3 0x800087cc (0x8d95) x11 0x04000104
core   0: 0x800087ce (0x00be7d33) and     s10, t3, a1
core   0: 3 0x800087ce (0x00be7d33) x26 0x00000004
core   0: 0x800087d2 (0x7e453937) lui     s2, 0x7e453
core   0: 3 0x800087d2 (0x7e453937) x18 0x7e453000
core   0: 0x800087d6 (0x00008ff9) c.and   a5, a4
core   0: 3 0x800087d6 (0x8ff9) x15 0x00000000
core   0: 0x800087d8 (0x00000f69) c.addi  t5, 26
core   0: 3 0x800087d8 (0x0f69) x30 0x0000001b
core   0: 0x800087da (0x0ff0000f) fence   iorw,iorw
core   0: 3 0x800087da (0x0ff0000f)
core   0: 0x800087de (0x41aa5113) srai    sp, s4, 26
core   0: 3 0x800087de (0x41aa5113) x 2 0x00000000
core   0: 0x800087e2 (0x00903bb3) snez    s7, s1
core   0: 3 0x800087e2 (0x00903bb3) x23 0x00000001
core   0: 0x800087e6 (0x000063ed) c.lui   t2, 0x1b
core   0: 3 0x800087e6 (0x63ed) x 7 0x0001b000
core   0: 0x800087e8 (0xd34eff93) andi    t6, t4, -716
core   0: 3 0x800087e8 (0xd34eff93) x31 0x00000000
core   0: 0x800087ec (0x00008e71) c.and   a2, a2
core   0: 3 0x800087ec (0x8e71) x12 0x00000001
core   0: 0x800087ee (0x01149713) slli    a4, s1, 17
core   0: 3 0x800087ee (0x01149713) x14 0x00040000
core   0: 0x800087f2 (0x00009f86) c.add   t6, ra
core   0: 3 0x800087f2 (0x9f86) x31 0x00001000
core   0: 0x800087f4 (0xef7a0393) addi    t2, s4, -265
core   0: 3 0x800087f4 (0xef7a0393) x 7 0x0000f0f3
core   0: 0x800087f8 (0x00dcb1b3) sltu    gp, s9, a3
core   0: 3 0x800087f8 (0x00dcb1b3) x 3 0x00000001
core   0: 0x800087fc (0x024738b3) mulhu   a7, a4, tp
core   0: 3 0x800087fc (0x024738b3) x17 0x00020000
core   0: 0x80008800 (0xfdd34593) xori    a1, t1, -35
core   0: 3 0x80008800 (0xfdd34593) x11 0xffffffdd
core   0: 0x80008804 (0x00a3c763) blt     t2, a0, pc + 14
core   0: 3 0x80008804 (0x00a3c763)
core   0: 0x80008812 (0x0000100f) fence.i
core   0: 3 0x80008812 (0x0000100f)
core   0: 0x80008816 (0x03eb4b63) blt     s6, t5, pc + 54
core   0: 3 0x80008816 (0x03eb4b63)
core   0: 0x8000884c (0xe30db313) sltiu   t1, s11, -464
core   0: 3 0x8000884c (0xe30db313) x 6 0x00000001
core   0: 0x80008850 (0x008f5693) srli    a3, t5, 8
core   0: 3 0x80008850 (0x008f5693) x13 0x00000000
core   0: 0x80008854 (0x00009d3a) c.add   s10, a4
core   0: 3 0x80008854 (0x9d3a) x26 0x00040004
core   0: 0x80008856 (0x00008dc9) c.or    a1, a0
core   0: 3 0x80008856 (0x8dc9) x11 0xffffffdd
core   0: 0x80008858 (0x01737533) and     a0, t1, s7
core   0: 3 0x80008858 (0x01737533) x10 0x00000001
core   0: 0x8000885c (0x0ff0000f) fence   iorw,iorw
core   0: 3 0x8000885c (0x0ff0000f)
core   0: 0x80008860 (0x00000001) c.nop
core   0: 3 0x80008860 (0x0001)
core   0: 0x80008862 (0x00008c5a) c.mv    s8, s6
core   0: 3 0x80008862 (0x8c5a) x24 0x00000000
core   0: 0x80008864 (0x00c132b3) sltu    t0, sp, a2
core   0: 3 0x80008864 (0x00c132b3) x 5 0x00000001
core   0: 0x80008868 (0x0000717d) c.addi16sp sp, -16
core   0: 3 0x80008868 (0x717d) x 2 0xfffffff0
core   0: 0x8000886a (0x00001b80) c.addi4spn s0, sp, 496
core   0: 3 0x8000886a (0x1b80) x 8 0x000001e0
core   0: 0x8000886c (0x4149d993) srai    s3, s3, 20
core   0: 3 0x8000886c (0x4149d993) x19 0x00000609
core   0: 0x80008870 (0x02410833) mul     a6, sp, tp
core   0: 3 0x80008870 (0x02410833) x16 0x00000000
core   0: 0x80008874 (0x007edeb3) srl     t4, t4, t2
core   0: 3 0x80008874 (0x007edeb3) x29 0x00000000
core   0: 0x80008878 (0x000083d1) c.srli  a5, 20
core   0: 3 0x80008878 (0x83d1) x15 0x00000000
core   0: 0x8000887a (0x0000cf11) c.beqz  a4, pc + 28
core   0: 3 0x8000887a (0xcf11)
core   0: 0x8000887c (0xe023ed93) ori     s11, t2, -510
core   0: 3 0x8000887c (0xe023ed93) x27 0xfffffef3
core   0: 0x80008880 (0x00008fd9) c.or    a5, a4
core   0: 3 0x80008880 (0x8fd9) x15 0x00040000
core   0: 0x80008882 (0x00000001) c.nop
core   0: 3 0x80008882 (0x0001)
core   0: 0x80008884 (0x00008e51) c.or    a2, a2
core   0: 3 0x80008884 (0x8e51) x12 0x00000001
core   0: 0x80008886 (0x00008761) c.srai  a4, 24
core   0: 3 0x80008886 (0x8761) x14 0x00000000
core   0: 0x80008888 (0x00000001) c.nop
core   0: 3 0x80008888 (0x0001)
core   0: 0x8000888a (0x00fb6933) or      s2, s6, a5
core   0: 3 0x8000888a (0x00fb6933) x18 0x00040000
core   0: 0x8000888e (0x0178d733) srl     a4, a7, s7
core   0: 3 0x8000888e (0x0178d733) x14 0x00010000
core   0: 0x80008892 (0x0004d993) srli    s3, s1, 0
core   0: 3 0x80008892 (0x0004d993) x19 0x00000002
core   0: 0x80008896 (0x0000987d) c.andi  s0, -1
core   0: 3 0x80008896 (0x987d) x 8 0x000001e0
core   0: 0x80008898 (0xb0c444b7) lui     s1, 0xb0c44
core   0: 3 0x80008898 (0xb0c444b7) x 9 0xb0c44000
core   0: 0x8000889c (0xf3048c13) addi    s8, s1, -208
core   0: 3 0x8000889c (0xf3048c13) x24 0xb0c43f30
core   0: 0x800088a0 (0x00000001) c.nop
core   0: 3 0x800088a0 (0x0001)
core   0: 0x800088a2 (0x00182533) slt     a0, a6, ra
core   0: 3 0x800088a2 (0x00182533) x10 0x00000001
core   0: 0x800088a6 (0xdca98493) addi    s1, s3, -566
core   0: 3 0x800088a6 (0xdca98493) x 9 0xfffffdcc
core   0: 0x800088aa (0xc3cdae13) slti    t3, s11, -964
core   0: 3 0x800088aa (0xc3cdae13) x28 0x00000000
core   0: 0x800088ae (0x017066b3) or      a3, zero, s7
core   0: 3 0x800088ae (0x017066b3) x13 0x00000001
core   0: 0x800088b2 (0x00008f61) c.and   a4, s0
core   0: 3 0x800088b2 (0x8f61) x14 0x00000000
core   0: 0x800088b4 (0x0ff0000f) fence   iorw,iorw
core   0: 3 0x800088b4 (0x0ff0000f)
core   0: 0x800088b8 (0x0000ed11) c.bnez  a0, pc + 28
core   0: 3 0x800088b8 (0xed11)
core   0: 0x800088d4 (0x00009b2e) c.add   s6, a1
core   0: 3 0x800088d4 (0x9b2e) x22 0xffffffdd
core   0: 0x800088d6 (0x00008512) c.mv    a0, tp
core   0: 3 0x800088d6 (0x8512) x10 0x80000000
core   0: 0x800088d8 (0x0133f863) bgeu    t2, s3, pc + 16
core   0: 3 0x800088d8 (0x0133f863)
core   0: 0x800088e8 (0x00b53333) sltu    t1, a0, a1
core   0: 3 0x800088e8 (0x00b53333) x 6 0x00000001
core   0: 0x800088ec (0x01039c13) slli    s8, t2, 16
core   0: 3 0x800088ec (0x01039c13) x24 0xf0f30000
core   0: 0x800088f0 (0x03132eb3) mulhsu  t4, t1, a7
core   0: 3 0x800088f0 (0x03132eb3) x29 0x00000000
core   0: 0x800088f4 (0x04de8963) beq     t4, a3, pc + 82
core   0: 3 0x800088f4 (0x04de8963)
core   0: 0x800088f8 (0x00004ddd) c.li    s11, 23
core   0: 3 0x800088f8 (0x4ddd) x27 0x00000017
core   0: 0x800088fa (0x40f20533) sub     a0, tp, a5
core   0: 3 0x800088fa (0x40f20533) x10 0x7ffc0000
core   0: 0x800088fe (0x8fb94c17) auipc   s8, 0x8fb94
core   0: 3 0x800088fe (0x8fb94c17) x24 0x0fb9c8fe
core   0: 0x80008902 (0xbe708113) addi    sp, ra, -1049
core   0: 3 0x80008902 (0xbe708113) x 2 0x00000be7
core   0: 0x80008906 (0x0000656d) c.lui   a0, 0x1b
core   0: 3 0x80008906 (0x656d) x10 0x0001b000
core   0: 0x80008908 (0x29b30437) lui     s0, 0x29b30
core   0: 3 0x80008908 (0x29b30437) x 8 0x29b30000
core   0: 0x8000890c (0xffd00613) li      a2, -3
core   0: 3 0x8000890c (0xffd00613) x12 0xfffffffd
core   0: 0x80008910 (0x00000001) c.nop
core   0: 3 0x80008910 (0x0001)
core   0: 0x80008912 (0x000093ae) c.add   t2, a1
core   0: 3 0x80008912 (0x93ae) x 7 0x0000f0d0
core   0: 0x80008914 (0x00008fa1) c.xor   a5, s0
core   0: 3 0x80008914 (0x8fa1) x15 0x29b70000
core   0: 0x80008916 (0x02e8eeb3) rem     t4, a7, a4
core   0: 3 0x80008916 (0x02e8eeb3) x29 0x00020000
core   0: 0x8000891a (0x00000605) c.addi  a2, 1
core   0: 3 0x8000891a (0x0605) x12 0xfffffffe
core   0: 0x8000891c (0x00009bfd) c.andi  a5, -1
core   0: 3 0x8000891c (0x9bfd) x15 0x29b70000
core   0: 0x8000891e (0x00a00513) li      a0, 10
core   0: 3 0x8000891e (0x00a00513) x10 0x0000000a
core   0: 0x80008922 (0x00001bfd) c.addi  s7, -1
core   0: 3 0x80008922 (0x1bfd) x23 0x00000000
core   0: 0x80008924 (0xffa00293) li      t0, -6
core   0: 3 0x80008924 (0xffa00293) x 5 0xfffffffa
core   0: 0x80008928 (0x8d582593) slti    a1, a6, -1835
core   0: 3 0x80008928 (0x8d582593) x11 0x00000000
core   0: 0x8000892c (0x0000156d) c.addi  a0, -5
core   0: 3 0x8000892c (0x156d) x10 0x00000005
core   0: 0x8000892e (0x020cc6b3) div     a3, s9, zero
core   0: 3 0x8000892e (0x020cc6b3) x13 0xffffffff
core   0: 0x80008932 (0xfe555be3) bge     a0, t0, pc - 10
core   0: 3 0x80008932 (0xfe555be3)
core   0: 0x80008928 (0x8d582593) slti    a1, a6, -1835
core   0: 3 0x80008928 (0x8d582593) x11 0x00000000
core   0: 0x8000892c (0x0000156d) c.addi  a0, -5
core   0: 3 0x8000892c (0x156d) x10 0x00000000
core   0: 0x8000892e (0x020cc6b3) div     a3, s9, zero
core   0: 3 0x8000892e (0x020cc6b3) x13 0xffffffff
core   0: 0x80008932 (0xfe555be3) bge     a0, t0, pc - 10
core   0: 3 0x80008932 (0xfe555be3)
core   0: 0x80008928 (0x8d582593) slti    a1, a6, -1835
core   0: 3 0x80008928 (0x8d582593) x11 0x00000000
core   0: 0x8000892c (0x0000156d) c.addi  a0, -5
core   0: 3 0x8000892c (0x156d) x10 0xfffffffb
core   0: 0x8000892e (0x020cc6b3) div     a3, s9, zero
core   0: 3 0x8000892e (0x020cc6b3) x13 0xffffffff
core   0: 0x80008932 (0xfe555be3) bge     a0, t0, pc - 10
core   0: 3 0x80008932 (0xfe555be3)
core   0: 0x80008928 (0x8d582593) slti    a1, a6, -1835
core   0: 3 0x80008928 (0x8d582593) x11 0x00000000
core   0: 0x8000892c (0x0000156d) c.addi  a0, -5
core   0: 3 0x8000892c (0x156d) x10 0xfffffff6
core   0: 0x8000892e (0x020cc6b3) div     a3, s9, zero
core   0: 3 0x8000892e (0x020cc6b3) x13 0xffffffff
core   0: 0x80008932 (0xfe555be3) bge     a0, t0, pc - 10
core   0: 3 0x80008932 (0xfe555be3)
core   0: 0x80008936 (0x00d4c933) xor     s2, s1, a3
core   0: 3 0x80008936 (0x00d4c933) x18 0x00000233
core   0: 0x8000893a (0x00cfd4b3) srl     s1, t6, a2
core   0: 3 0x8000893a (0x00cfd4b3) x 9 0x00000000
core   0: 0x8000893e (0x0000da71) c.beqz  a2, pc - 44
core   0: 3 0x8000893e (0xda71)
core   0: 0x80008940 (0x00008415) c.srai  s0, 5
core   0: 3 0x80008940 (0x8415) x 8 0x014d9800
core   0: 0x80008942 (0x00711333) sll     t1, sp, t2
core   0: 3 0x80008942 (0x00711333) x 6 0x0be70000
core   0: 0x80008946 (0x00f3de63) bge     t2, a5, pc + 28
core   0: 3 0x80008946 (0x00f3de63)
core   0: 0x8000894a (0x0ff0000f) fence   iorw,iorw
core   0: 3 0x8000894a (0x0ff0000f)
core   0: 0x8000894e (0x648bcb13) xori    s6, s7, 1608
core   0: 3 0x8000894e (0x648bcb13) x22 0x00000648
core   0: 0x80008952 (0x00000001) c.nop
core   0: 3 0x80008952 (0x0001)
core   0: 0x80008954 (0x02b3ebb3) rem     s7, t2, a1
core   0: 3 0x80008954 (0x02b3ebb3) x23 0x0000f0d0
core   0: 0x80008958 (0x026e9363) bne     t4, t1, pc + 38
core   0: 3 0x80008958 (0x026e9363)
core   0: 0x8000897e (0xd689c293) xori    t0, s3, -664
core   0: 3 0x8000897e (0xd689c293) x 5 0xfffffd6a
core   0: 0x80008982 (0x02e939b3) mulhu   s3, s2, a4
core   0: 3 0x80008982 (0x02e939b3) x19 0x00000000
core   0: 0x80008986 (0x015e0c33) add     s8, t3, s5
core   0: 3 0x80008986 (0x015e0c33) x24 0x80029ce4
core   0: 0x8000898a (0x0322a833) mulhsu  a6, t0, s2
core   0: 3 0x8000898a (0x0322a833) x16 0xffffffff
core   0: 0x8000898e (0x00008cd9) c.or    s1, a4
core   0: 3 0x8000898e (0x8cd9) x 9 0x00000000
core   0: 0x80008990 (0x0000100f) fence.i
core   0: 3 0x80008990 (0x0000100f)
core   0: 0x80008994 (0x00009e06) c.add   t3, ra
core   0: 3 0x80008994 (0x9e06) x28 0x00001000
core   0: 0x80008996 (0x01df5313) srli    t1, t5, 29
core   0: 3 0x80008996 (0x01df5313) x 6 0x00000000
core   0: 0x8000899a (0x0000e889) c.bnez  s1, pc + 18
core   0: 3 0x8000899a (0xe889)
core   0: 0x8000899c (0x4049d8b3) sra     a7, s3, tp
core   0: 3 0x8000899c (0x4049d8b3) x17 0x00000000
core   0: 0x800089a0 (0x000002d6) c.slli  t0, 21
core   0: 3 0x800089a0 (0x02d6) x 5 0xad400000
core   0: 0x800089a2 (0x028b8eb3) mul     t4, s7, s0
core   0: 3 0x800089a2 (0x028b8eb3) x29 0xcd8b8000
core   0: 0x800089a6 (0x00b0d593) srli    a1, ra, 11
core   0: 3 0x800089a6 (0x00b0d593) x11 0x00000002
core   0: 0x800089aa (0x00009b7d) c.andi  a4, -1
core   0: 3 0x800089aa (0x9b7d) x14 0x00000000
core   0: 0x800089ac (0x123f6117) auipc   sp, 0x123f6
core   0: 3 0x800089ac (0x123f6117) x 2 0x923fe9ac
core   0: 0x800089b0 (0x00af1db3) sll     s11, t5, a0
core   0: 3 0x800089b0 (0x00af1db3) x27 0x06c00000
core   0: 0x800089b4 (0x02311fb3) mulh    t6, sp, gp
core   0: 3 0x800089b4 (0x02311fb3) x31 0xffffffff
core   0: 0x800089b8 (0x00008cf9) c.and   s1, a4
core   0: 3 0x800089b8 (0x8cf9) x 9 0x00000000
core   0: 0x800089ba (0x4041d813) srai    a6, gp, 4
core   0: 3 0x800089ba (0x4041d813) x16 0x00000000
core   0: 0x800089be (0xce7f6893) ori     a7, t5, -793
core   0: 3 0x800089be (0xce7f6893) x17 0xfffffcff
core   0: 0x800089c2 (0x0227fe33) remu    t3, a5, sp
core   0: 3 0x800089c2 (0x0227fe33) x28 0x29b70000
core   0: 0x800089c6 (0x00000e7a) c.slli  t3, 30
core   0: 3 0x800089c6 (0x0e7a) x28 0x00000000
core   0: 0x800089c8 (0x050d4063) blt     s10, a6, pc + 64
core   0: 3 0x800089c8 (0x050d4063)
core   0: 0x800089cc (0x01160db3) add     s11, a2, a7
core   0: 3 0x800089cc (0x01160db3) x27 0xfffffcfd
core   0: 0x800089d0 (0x0ff0000f) fence   iorw,iorw
core   0: 3 0x800089d0 (0x0ff0000f)
core   0: 0x800089d4 (0x0072d6b3) srl     a3, t0, t2
core   0: 3 0x800089d4 (0x0072d6b3) x13 0x0000ad40
core   0: 0x800089d8 (0x0349e363) bltu    s3, s4, pc + 38
core   0: 3 0x800089d8 (0x0349e363)
core   0: 0x800089fe (0x00000b85) c.addi  s7, 1
core   0: 3 0x800089fe (0x0b85) x23 0x0000f0d1
core   0: 0x80008a00 (0x0000e3a9) c.bnez  a5, pc + 66
core   0: 3 0x80008a00 (0xe3a9)
core   0: 0x80008a42 (0x000093de) c.add   t2, s7
core   0: 3 0x80008a42 (0x93de) x 7 0x0001e1a1
core   0: 0x80008a44 (0x01e52733) slt     a4, a0, t5
core   0: 3 0x80008a44 (0x01e52733) x14 0x00000001
core   0: 0x80008a48 (0x00c654b3) srl     s1, a2, a2
core   0: 3 0x80008a48 (0x00c654b3) x 9 0x00000003
core   0: 0x80008a4c (0xe1e78c13) addi    s8, a5, -482
core   0: 3 0x80008a4c (0xe1e78c13) x24 0x29b6fe1e
core   0: 0x80008a50 (0x0260cf63) blt     ra, t1, pc + 62
core   0: 3 0x80008a50 (0x0260cf63)
core   0: 0x80008a54 (0x000053fd) c.li    t2, -1
core   0: 3 0x80008a54 (0x53fd) x 7 0xffffffff
core   0: 0x80008a56 (0x00008dc5) c.or    a1, s1
core   0: 3 0x80008a56 (0x8dc5) x11 0x00000003
core   0: 0x80008a58 (0x00004a1d) c.li    s4, 7
core   0: 3 0x80008a58 (0x4a1d) x20 0x00000007
core   0: 0x80008a5a (0x00008cb9) c.xor   s1, a4
core   0: 3 0x80008a5a (0x8cb9) x 9 0x00000002
core   0: 0x80008a5c (0x00008861) c.andi  s0, 24
core   0: 3 0x80008a5c (0x8861) x 8 0x00000000
core   0: 0x80008a5e (0x38fafc13) andi    s8, s5, 911
core   0: 3 0x80008a5e (0x38fafc13) x24 0x00000084
core   0: 0x80008a62 (0x00f6db93) srli    s7, a3, 15
core   0: 3 0x80008a62 (0x00f6db93) x23 0x00000001
core   0: 0x80008a66 (0xc7f0f593) andi    a1, ra, -897
core   0: 3 0x80008a66 (0xc7f0f593) x11 0x00001000
core   0: 0x80008a6a (0x0197d133) srl     sp, a5, s9
core   0: 3 0x80008a6a (0x0197d133) x 2 0x00000029
core   0: 0x80008a6e (0xb6ab3f13) sltiu   t5, s6, -1174
core   0: 3 0x80008a6e (0xb6ab3f13) x30 0x00000001
core   0: 0x80008a72 (0x404ed313) srai    t1, t4, 4
core   0: 3 0x80008a72 (0x404ed313) x 6 0xfcd8b800
core   0: 0x80008a76 (0x00008341) c.srli  a4, 16
core   0: 3 0x80008a76 (0x8341) x14 0x00000000
core   0: 0x80008a78 (0xab5f0593) addi    a1, t5, -1355
core   0: 3 0x80008a78 (0xab5f0593) x11 0xfffffab6
core   0: 0x80008a7c (0x00c43633) sltu    a2, s0, a2
core   0: 3 0x80008a7c (0x00c43633) x12 0x00000001
core   0: 0x80008a80 (0x02c3adb3) mulhsu  s11, t2, a2
core   0: 3 0x80008a80 (0x02c3adb3) x27 0xffffffff
core   0: 0x80008a84 (0x00008289) c.srli  a3, 2
core   0: 3 0x80008a84 (0x8289) x13 0x00002b50
core   0: 0x80008a86 (0x02f21963) bne     tp, a5, pc + 50
core   0: 3 0x80008a86 (0x02f21963)
core   0: 0x80008ab8 (0x0000111c) c.addi4spn a5, sp, 160
core   0: 3 0x80008ab8 (0x111c) x15 0x000000c9
core   0: 0x80008aba (0x0ff0000f) fence   iorw,iorw
core   0: 3 0x80008aba (0x0ff0000f)
core   0: 0x80008abe (0x00803e33) snez    t3, s0
core   0: 3 0x80008abe (0x00803e33) x28 0x00000000
core   0: 0x80008ac2 (0x45266b13) ori     s6, a2, 1106
core   0: 3 0x80008ac2 (0x45266b13) x22 0x00000453
core   0: 0x80008ac6 (0x00008d8d) c.sub   a1, a1
core   0: 3 0x80008ac6 (0x8d8d) x11 0x00000000
core   0: 0x80008ac8 (0x00008d35) c.xor   a0, a3
core   0: 3 0x80008ac8 (0x8d35) x10 0xffffd4a6
core   0: 0x80008aca (0x0000c811) c.beqz  s0, pc + 20
core   0: 3 0x80008aca (0xc811)
core   0: 0x80008ade (0x0000c50d) c.beqz  a0, pc + 42
core   0: 3 0x80008ade (0xc50d)
core   0: 0x80008ae0 (0x00e341b3) xor     gp, t1, a4
core   0: 3 0x80008ae0 (0x00e341b3) x 3 0xfcd8b800
core   0: 0x80008ae4 (0xbf6b5bb7) lui     s7, 0xbf6b5
core   0: 3 0x80008ae4 (0xbf6b5bb7) x23 0xbf6b5000
core   0: 0x80008ae8 (0x022f82b3) mul     t0, t6, sp
core   0: 3 0x80008ae8 (0x022f82b3) x 5 0xffffffd7
core   0: 0x80008aec (0x01a57433) and     s0, a0, s10
core   0: 3 0x80008aec (0x01a57433) x 8 0x00040004
core   0: 0x80008af0 (0x0000cd11) c.beqz  a0, pc + 28
core   0: 3 0x80008af0 (0xcd11)
core   0: 0x80008af2 (0x033a6833) rem     a6, s4, s3
core   0: 3 0x80008af2 (0x033a6833) x16 0x00000007
core   0: 0x80008af6 (0x04716163) bltu    sp, t2, pc + 66
core   0: 3 0x80008af6 (0x04716163)
core   0: 0x80008b38 (0x411183b3) sub     t2, gp, a7
core   0: 3 0x80008b38 (0x411183b3) x 7 0xfcd8bb01
core   0: 0x80008b3c (0x0000997d) c.andi  a0, -1
core   0: 3 0x80008b3c (0x997d) x10 0xffffd4a6
core   0: 0x80008b3e (0x01cb5263) bge     s6, t3, pc + 4
core   0: 3 0x80008b3e (0x01cb5263)
core   0: 0x80008b42 (0x8f7aa393) slti    t2, s5, -1801
core   0: 3 0x80008b42 (0x8f7aa393) x 7 0x00000001
core   0: 0x80008b46 (0x0307db63) bge     a5, a6, pc + 54
core   0: 3 0x80008b46 (0x0307db63)
core   0: 0x80008b7c (0x038cf1b3) remu    gp, s9, s8
core   0: 3 0x80008b7c (0x038cf1b3) x 3 0x0000003c
core   0: 0x80008b80 (0x041a4a37) lui     s4, 0x41a4
core   0: 3 0x80008b80 (0x041a4a37) x20 0x041a4000
core   0: 0x80008b84 (0x00ad9e13) slli    t3, s11, 10
core   0: 3 0x80008b84 (0x00ad9e13) x28 0xfffffc00
core   0: 0x80008b88 (0x0000615d) c.addi16sp sp, 432
core   0: 3 0x80008b88 (0x615d) x 2 0x000001d9
core   0: 0x80008b8a (0x02cac8b3) div     a7, s5, a2
core   0: 3 0x80008b8a (0x02cac8b3) x17 0x80029ce4
core   0: 0x80008b8e (0x0229a9b3) mulhsu  s3, s3, sp
core   0: 3 0x80008b8e (0x0229a9b3) x19 0x00000000
core   0: 0x80008b92 (0xe9497a17) auipc   s4, 0xe9497
core   0: 3 0x80008b92 (0xe9497a17) x20 0x6949fb92
core   0: 0x80008b96 (0x029f8c63) beq     t6, s1, pc + 56
core   0: 3 0x80008b96 (0x029f8c63)
core   0: 0x80008b9a (0x03e4adb3) mulhsu  s11, s1, t5
core   0: 3 0x80008b9a (0x03e4adb3) x27 0x00000000
core   0: 0x80008b9e (0x02550bb3) mul     s7, a0, t0
core   0: 3 0x80008b9e (0x02550bb3) x23 0x0006f16a
core   0: 0x80008ba2 (0x67003317) auipc   t1, 0x67003
core   0: 3 0x80008ba2 (0x67003317) x 6 0xe700bba2
core   0: 0x80008ba6 (0x011d5033) srl     zero, s10, a7
core   0: 3 0x80008ba6 (0x011d5033)
core   0: 0x80008baa (0x00008d29) c.xor   a0, a0
core   0: 3 0x80008baa (0x8d29) x10 0x00000000
core   0: 0x80008bac (0x0251bbb3) mulhu   s7, gp, t0
core   0: 3 0x80008bac (0x0251bbb3) x23 0x0000003b
core   0: 0x80008bb0 (0x0000ef19) c.bnez  a4, pc + 30
core   0: 3 0x80008bb0 (0xef19)
core   0: 0x80008bb2 (0x000087d1) c.srai  a5, 20
core   0: 3 0x80008bb2 (0x87d1) x15 0x00000000
core   0: 0x80008bb4 (0x07f94263) blt     s2, t6, pc + 100
core   0: 3 0x80008bb4 (0x07f94263)
core   0: 0x80008bb8 (0x00f6bd17) auipc   s10, 0xf6b
core   0: 3 0x80008bb8 (0x00f6bd17) x26 0x80f73bb8
core   0: 0x80008bbc (0xcef8d8b7) lui     a7, 0xcef8d
core   0: 3 0x80008bbc (0xcef8d8b7) x17 0xcef8d000
core   0: 0x80008bc0 (0x035367b3) rem     a5, t1, s5
core   0: 3 0x80008bc0 (0x035367b3) x15 0xe700bba2
core   0: 0x80008bc4 (0x00000001) c.nop
core   0: 3 0x80008bc4 (0x0001)
core   0: 0x80008bc6 (0x01bab2b3) sltu    t0, s5, s11
core   0: 3 0x80008bc6 (0x01bab2b3) x 5 0x00000000
core   0: 0x80008bca (0x020bde33) divu    t3, s7, zero
core   0: 3 0x80008bca (0x020bde33) x28 0xffffffff
core   0: 0x80008bce (0x03a398b3) mulh    a7, t2, s10
core   0: 3 0x80008bce (0x03a398b3) x17 0xffffffff
core   0: 0x80008bd2 (0x00009bfd) c.andi  a5, -1
core   0: 3 0x80008bd2 (0x9bfd) x15 0xe700bba2
core   0: 0x80008bd4 (0x0000a497) auipc   s1, 0xa
core   0: 3 0x80008bd4 (0x0000a497) x 9 0x80012bd4
core   0: 0x80008bd8 (0x51c48493) addi    s1, s1, 1308
core   0: 3 0x80008bd8 (0x51c48493) x 9 0x800130f0
core   0: 0x80008bdc (0x00b486a3) sb      a1, 13(s1)
core   0: 3 0x80008bdc (0x00b486a3) mem 0x800130fd 0x0
core   0: 0x80008be0 (0x00008e97) auipc   t4, 0x8
core   0: 3 0x80008be0 (0x00008e97) x29 0x80010be0
core   0: 0x80008be4 (0x938e8e93) addi    t4, t4, -1736
core   0: 3 0x80008be4 (0x938e8e93) x29 0x80010518
core   0: 0x80008be8 (0xff449b23) sh      s4, -10(s1)
core   0: 3 0x80008be8 (0xff449b23) mem 0x800130e6 0xfb92
core   0: 0x80008bec (0x222edd03) lhu     s10, 546(t4)
core   0: 3 0x80008bec (0x222edd03) x26 0x0000f0f1 mem 0x8001073a
core   0: 0x80008bf0 (0xffe48903) lb      s2, -2(s1)
core   0: 3 0x80008bf0 (0xffe48903) x18 0xffffffa5 mem 0x800130ee
core   0: 0x80008bf4 (0xff54c983) lbu     s3, -11(s1)
core   0: 3 0x80008bf4 (0xff54c983) x19 0x0000009e mem 0x800130e5
core   0: 0x80008bf8 (0x61de8003) lb      zero, 1565(t4)
core   0: 3 0x80008bf8 (0x61de8003) mem 0x80010b35
core   0: 0x80008bfc (0x304e9003) lh      zero, 772(t4)
core   0: 3 0x80008bfc (0x304e9003) mem 0x8001081c
core   0: 0x80008c00 (0x1f0e85a3) sb      a6, 491(t4)
core   0: 3 0x80008c00 (0x1f0e85a3) mem 0x80010703 0x7
core   0: 0x80008c04 (0x00448083) lb      ra, 4(s1)
core   0: 3 0x80008c04 (0x00448083) x 1 0xffffffaf mem 0x800130f4
core   0: 0x80008c08 (0xbafe8723) sb      a5, -1106(t4)
core   0: 3 0x80008c08 (0xbafe8723) mem 0x800100c6 0xa2
core   0: 0x80008c0c (0xff748b03) lb      s6, -9(s1)
core   0: 3 0x80008c0c (0xff748b03) x22 0xfffffffb mem 0x800130e7
core   0: 0x80008c10 (0xd66be193) ori     gp, s7, -666
core   0: 3 0x80008c10 (0xd66be193) x 3 0xfffffd7f
core   0: 0x80008c14 (0x00008e3d) c.xor   a2, a5
core   0: 3 0x80008c14 (0x8e3d) x12 0xe700bba3
core   0: 0x80008c16 (0x0000ec95) c.bnez  s1, pc + 60
core   0: 3 0x80008c16 (0xec95)
core   0: 0x80008c52 (0x026dbc33) mulhu   s8, s11, t1
core   0: 3 0x80008c52 (0x026dbc33) x24 0x00000000
core   0: 0x80008c56 (0x00008efd) c.and   a3, a5
core   0: 3 0x80008c56 (0x8efd) x13 0x00002b00
core   0: 0x80008c58 (0x012a7eb3) and     t4, s4, s2
core   0: 3 0x80008c58 (0x012a7eb3) x29 0x6949fb80
core   0: 0x80008c5c (0x007ace63) blt     s5, t2, pc + 28
core   0: 3 0x80008c5c (0x007ace63)
core   0: 0x80008c78 (0x04bc6263) bltu    s8, a1, pc + 68
core   0: 3 0x80008c78 (0x04bc6263)
core   0: 0x80008c7c (0x02d468b3) rem     a7, s0, a3
core   0: 3 0x80008c7c (0x02d468b3) x17 0x00002304
core   0: 0x80008c80 (0x01cb1eb3) sll     t4, s6, t3
core   0: 3 0x80008c80 (0x01cb1eb3) x29 0x80000000
core   0: 0x80008c84 (0x025f1363) bne     t5, t0, pc + 38
core   0: 3 0x80008c84 (0x025f1363)
core   0: 0x80008caa (0x40645593) srai    a1, s0, 6
core   0: 3 0x80008caa (0x40645593) x11 0x00001000
core   0: 0x80008cae (0x0000117d) c.addi  sp, -1
core   0: 3 0x80008cae (0x117d) x 2 0x000001d8
core   0: 0x80008cb0 (0x2bb65317) auipc   t1, 0x2bb65
core   0: 3 0x80008cb0 (0x2bb65317) x 6 0xabb6dcb0
core   0: 0x80008cb4 (0x02970a63) beq     a4, s1, pc + 52
core   0: 3 0x80008cb4 (0x02970a63)
core   0: 0x80008cb8 (0x4ded4397) auipc   t2, 0x4ded4
core   0: 3 0x80008cb8 (0x4ded4397) x 7 0xcdedccb8
core   0: 0x80008cbc (0x40c0db33) sra     s6, ra, a2
core   0: 3 0x80008cbc (0x40c0db33) x22 0xfffffff5
core   0: 0x80008cc0 (0x00008c51) c.or    s0, a2
core   0: 3 0x80008cc0 (0x8c51) x 8 0xe704bba7
core   0: 0x80008cc2 (0xbb403813) sltiu   a6, zero, -1100
core   0: 3 0x80008cc2 (0xbb403813) x16 0x00000001
core   0: 0x80008cc6 (0x000085c5) c.srai  a1, 17
core   0: 3 0x80008cc6 (0x85c5) x11 0x00000000
core   0: 0x80008cc8 (0x0000100f) fence.i
core   0: 3 0x80008cc8 (0x0000100f)
core   0: 0x80008ccc (0x000082e9) c.srli  a3, 26
core   0: 3 0x80008ccc (0x82e9) x13 0x00000000
core   0: 0x80008cce (0x00008db5) c.xor   a1, a3
core   0: 3 0x80008cce (0x8db5) x11 0x00000000
core   0: 0x80008cd0 (0x0000e229) c.bnez  a2, pc + 66
core   0: 3 0x80008cd0 (0xe229)
core   0: 0x80008d12 (0x01235c63) bge     t1, s2, pc + 24
core   0: 3 0x80008d12 (0x01235c63)
core   0: 0x80008d16 (0x00008d95) c.sub   a1, a3
core   0: 3 0x80008d16 (0x8d95) x11 0x00000000
core   0: 0x80008d18 (0x000084da) c.mv    s1, s6
core   0: 3 0x80008d18 (0x84da) x 9 0xfffffff5
core   0: 0x80008d1a (0x01981e33) sll     t3, a6, s9
core   0: 3 0x80008d1a (0x01981e33) x28 0x01000000
core   0: 0x80008d1e (0x60476a13) ori     s4, a4, 1540
core   0: 3 0x80008d1e (0x60476a13) x20 0x00000604
core   0: 0x80008d22 (0x03e9a333) mulhsu  t1, s3, t5
core   0: 3 0x80008d22 (0x03e9a333) x 6 0x00000000
core   0: 0x80008d26 (0x00004a1d) c.li    s4, 7
core   0: 3 0x80008d26 (0x4a1d) x20 0x00000007
core   0: 0x80008d28 (0x00000a1c) c.addi4spn a5, sp, 272
core   0: 3 0x80008d28 (0x0a1c) x15 0x000002e8
core   0: 0x80008d2a (0x0000c499) c.beqz  s1, pc + 14
core   0: 3 0x80008d2a (0xc499)
core   0: 0x80008d2c (0x020f14b3) mulh    s1, t5, zero
core   0: 3 0x80008d2c (0x020f14b3) x 9 0x00000000
core   0: 0x80008d30 (0x03e1cf63) blt     gp, t5, pc + 62
core   0: 3 0x80008d30 (0x03e1cf63)
core   0: 0x80008d6e (0x41095d33) sra     s10, s2, a6
core   0: 3 0x80008d6e (0x41095d33) x26 0xffffffd2
core   0: 0x80008d72 (0x4134d0b3) sra     ra, s1, s3
core   0: 3 0x80008d72 (0x4134d0b3) x 1 0x00000000
core   0: 0x80008d76 (0x02bd7433) remu    s0, s10, a1
core   0: 3 0x80008d76 (0x02bd7433) x 8 0xffffffd2
core   0: 0x80008d7a (0x02876f33) rem     t5, a4, s0
core   0: 3 0x80008d7a (0x02876f33) x30 0x00000000
core   0: 0x80008d7e (0x025e6633) rem     a2, t3, t0
core   0: 3 0x80008d7e (0x025e6633) x12 0x01000000
core   0: 0x80008d82 (0x00000990) c.addi4spn a2, sp, 208
core   0: 3 0x80008d82 (0x0990) x12 0x000002a8
core   0: 0x80008d84 (0x02bdc133) div     sp, s11, a1
core   0: 3 0x80008d84 (0x02bdc133) x 2 0xffffffff
core   0: 0x80008d88 (0x0296b4b3) mulhu   s1, a3, s1
core   0: 3 0x80008d88 (0x0296b4b3) x 9 0x00000000
core   0: 0x80008d8c (0x02f7adb3) mulhsu  s11, a5, a5
core   0: 3 0x80008d8c (0x02f7adb3) x27 0x00000000
core   0: 0x80008d90 (0x008f6a63) bltu    t5, s0, pc + 20
core   0: 3 0x80008d90 (0x008f6a63)
core   0: 0x80008da4 (0x01512d33) slt     s10, sp, s5
core   0: 3 0x80008da4 (0x01512d33) x26 0x00000000
core   0: 0x80008da8 (0x03d00133) mul     sp, zero, t4
core   0: 3 0x80008da8 (0x03d00133) x 2 0x00000000
core   0: 0x80008dac (0x40508333) sub     t1, ra, t0
core   0: 3 0x80008dac (0x40508333) x 6 0x00000000
core   0: 0x80008db0 (0x40338333) sub     t1, t2, gp
core   0: 3 0x80008db0 (0x40338333) x 6 0xcdedcf39
core   0: 0x80008db4 (0x833c8693) addi    a3, s9, -1997
core   0: 3 0x80008db4 (0x833c8693) x13 0x8002568b
core   0: 0x80008db8 (0x01ab4563) blt     s6, s10, pc + 10
core   0: 3 0x80008db8 (0x01ab4563)
core   0: 0x80008dc2 (0x000c7863) bgeu    s8, zero, pc + 16
core   0: 3 0x80008dc2 (0x000c7863)
core   0: 0x80008dd2 (0x02115133) divu    sp, sp, ra
core   0: 3 0x80008dd2 (0x02115133) x 2 0xffffffff
core   0: 0x80008dd6 (0x00009d72) c.add   s10, t3
core   0: 3 0x80008dd6 (0x9d72) x26 0x01000000
core   0: 0x80008dd8 (0x0000100f) fence.i
core   0: 3 0x80008dd8 (0x0000100f)
core   0: 0x80008ddc (0x00008c01) c.sub   s0, s0
core   0: 3 0x80008ddc (0x8c01) x 8 0x00000000
core   0: 0x80008dde (0x00008c11) c.sub   s0, a2
core   0: 3 0x80008dde (0x8c11) x 8 0xfffffd58
core   0: 0x80008de0 (0x9daf2b97) auipc   s7, 0x9daf2
core   0: 3 0x80008de0 (0x9daf2b97) x23 0x1dafade0
core   0: 0x80008de4 (0x00e3d013) srli    zero, t2, 14
core   0: 3 0x80008de4 (0x00e3d013)
core   0: 0x80008de8 (0x027ae433) rem     s0, s5, t2
core   0: 3 0x80008de8 (0x027ae433) x 8 0xe4270374
core   0: 0x80008dec (0x00000001) c.nop
core   0: 3 0x80008dec (0x0001)
core   0: 0x80008dee (0x020c19b3) mulh    s3, s8, zero
core   0: 3 0x80008dee (0x020c19b3) x19 0x00000000
core   0: 0x80008df2 (0xe11defb7) lui     t6, 0xe11de
core   0: 3 0x80008df2 (0xe11defb7) x31 0xe11de000
core   0: 0x80008df6 (0x00008ca5) c.xor   s1, s1
core   0: 3 0x80008df6 (0x8ca5) x 9 0x00000000
core   0: 0x80008df8 (0x00008c7d) c.and   s0, a5
core   0: 3 0x80008df8 (0x8c7d) x 8 0x00000260
core   0: 0x80008dfa (0x01839db3) sll     s11, t2, s8
core   0: 3 0x80008dfa (0x01839db3) x27 0xcdedccb8
core   0: 0x80008dfe (0x00156db3) or      s11, a0, ra
core   0: 3 0x80008dfe (0x00156db3) x27 0x00000000
core   0: 0x80008e02 (0x0000c831) c.beqz  s0, pc + 84
core   0: 3 0x80008e02 (0xc831)
core   0: 0x80008e04 (0x7009f793) andi    a5, s3, 1792
core   0: 3 0x80008e04 (0x7009f793) x15 0x00000000
core   0: 0x80008e08 (0x5f2e7593) andi    a1, t3, 1522
core   0: 3 0x80008e08 (0x5f2e7593) x11 0x00000000
core   0: 0x80008e0c (0x0000844e) c.mv    s0, s3
core   0: 3 0x80008e0c (0x844e) x 8 0x00000000
core   0: 0x80008e0e (0x00008ea1) c.xor   a3, s0
core   0: 3 0x80008e0e (0x8ea1) x13 0x8002568b
core   0: 0x80008e10 (0x04aefa63) bgeu    t4, a0, pc + 84
core   0: 3 0x80008e10 (0x04aefa63)
core   0: 0x80008e64 (0x00006bd1) c.lui   s7, 0x14
core   0: 3 0x80008e64 (0x6bd1) x23 0x00014000
core   0: 0x80008e66 (0x00e69433) sll     s0, a3, a4
core   0: 3 0x80008e66 (0x00e69433) x 8 0x8002568b
core   0: 0x80008e6a (0x0134deb3) srl     t4, s1, s3
core   0: 3 0x80008e6a (0x0134deb3) x29 0x00000000
core   0: 0x80008e6e (0x02c1d463) bge     gp, a2, pc + 40
core   0: 3 0x80008e6e (0x02c1d463)
core   0: 0x80008e72 (0x0000891e) c.mv    s2, t2
core   0: 3 0x80008e72 (0x891e) x18 0xcdedccb8
core   0: 0x80008e74 (0x0000717d) c.addi16sp sp, -16
core   0: 3 0x80008e74 (0x717d) x 2 0xffffffef
core   0: 0x80008e76 (0xbeaef493) andi    s1, t4, -1046
core   0: 3 0x80008e76 (0xbeaef493) x 9 0x00000000
core   0: 0x80008e7a (0x03c6c063) blt     a3, t3, pc + 32
core   0: 3 0x80008e7a (0x03c6c063)
core   0: 0x80008e9a (0x00000001) c.nop
core   0: 3 0x80008e9a (0x0001)
core   0: 0x80008e9c (0x000addb3) srl     s11, s5, zero
core   0: 3 0x80008e9c (0x000addb3) x27 0x80029ce4
core   0: 0x80008ea0 (0x04bb6263) bltu    s6, a1, pc + 68
core   0: 3 0x80008ea0 (0x04bb6263)
core   0: 0x80008ea4 (0x00001910) c.addi4spn a2, sp, 176
core   0: 3 0x80008ea4 (0x1910) x12 0x0000009f
core   0: 0x80008ea6 (0x00000001) c.nop
core   0: 3 0x80008ea6 (0x0001)
core   0: 0x80008ea8 (0xd9288d93) addi    s11, a7, -622
core   0: 3 0x80008ea8 (0xd9288d93) x27 0x00002096
core   0: 0x80008eac (0x00001210) c.addi4spn a2, sp, 288
core   0: 3 0x80008eac (0x1210) x12 0x0000010f
core   0: 0x80008eae (0x033a3e33) mulhu   t3, s4, s3
core   0: 3 0x80008eae (0x033a3e33) x28 0x00000000
core   0: 0x80008eb2 (0x03fab933) mulhu   s2, s5, t6
core   0: 3 0x80008eb2 (0x03fab933) x18 0x70913c32
core   0: 0x80008eb6 (0x00dc99b3) sll     s3, s9, a3
core   0: 3 0x80008eb6 (0x00dc99b3) x19 0x12f2c000
core   0: 0x80008eba (0x0000872d) c.srai  a4, 11
core   0: 3 0x80008eba (0x872d) x14 0x00000000
core   0: 0x80008ebc (0xf48aff17) auipc   t5, 0xf48af
core   0: 3 0x80008ebc (0xf48aff17) x30 0x748b7ebc
core   0: 0x80008ec0 (0x034e2f33) mulhsu  t5, t3, s4
core   0: 3 0x80008ec0 (0x034e2f33) x30 0x00000000
core   0: 0x80008ec4 (0xab5a3113) sltiu   sp, s4, -1355
core   0: 3 0x80008ec4 (0xab5a3113) x 2 0x00000001
core   0: 0x80008ec8 (0x00008671) c.srai  a2, 28
core   0: 3 0x80008ec8 (0x8671) x12 0x00000000
core   0: 0x80008eca (0x0095e633) or      a2, a1, s1
core   0: 3 0x80008eca (0x0095e633) x12 0x00000000
core   0: 0x80008ece (0x881f4e17) auipc   t3, 0x881f4
core   0: 3 0x80008ece (0x881f4e17) x28 0x081fcece
core   0: 0x80008ed2 (0x00000001) c.nop
core   0: 3 0x80008ed2 (0x0001)
core   0: 0x80008ed4 (0xc748d817) auipc   a6, 0xc748d
core   0: 3 0x80008ed4 (0xc748d817) x16 0x47495ed4
core   0: 0x80008ed8 (0x03df7db3) remu    s11, t5, t4
core   0: 3 0x80008ed8 (0x03df7db3) x27 0x00000000
core   0: 0x80008edc (0x46d30e97) auipc   t4, 0x46d30
core   0: 3 0x80008edc (0x46d30e97) x29 0xc6d38edc
core   0: 0x80008ee0 (0x00892b93) slti    s7, s2, 8
core   0: 3 0x80008ee0 (0x00892b93) x23 0x00000000
core   0: 0x80008ee4 (0x0005cf33) xor     t5, a1, zero
core   0: 3 0x80008ee4 (0x0005cf33) x30 0x00000000
core   0: 0x80008ee8 (0x02bf0163) beq     t5, a1, pc + 34
core   0: 3 0x80008ee8 (0x02bf0163)
core   0: 0x80008f0a (0x00d3e133) or      sp, t2, a3
core   0: 3 0x80008f0a (0x00d3e133) x 2 0xcdefdebb
core   0: 0x80008f0e (0x00c87b63) bgeu    a6, a2, pc + 22
core   0: 3 0x80008f0e (0x00c87b63)
core   0: 0x80008f24 (0x026f5d33) divu    s10, t5, t1
core   0: 3 0x80008f24 (0x026f5d33) x26 0x00000000
core   0: 0x80008f28 (0x000b56b3) srl     a3, s6, zero
core   0: 3 0x80008f28 (0x000b56b3) x13 0xfffffff5
core   0: 0x80008f2c (0x022f7db3) remu    s11, t5, sp
core   0: 3 0x80008f2c (0x022f7db3) x27 0x00000000
core   0: 0x80008f30 (0x01579893) slli    a7, a5, 21
core   0: 3 0x80008f30 (0x01579893) x17 0x00000000
core   0: 0x80008f34 (0xd699e993) ori     s3, s3, -663
core   0: 3 0x80008f34 (0xd699e993) x19 0xfffffd69
core   0: 0x80008f38 (0x04296063) bltu    s2, sp, pc + 64
core   0: 3 0x80008f38 (0x04296063)
core   0: 0x80008f78 (0x03c9f133) remu    sp, s3, t3
core   0: 3 0x80008f78 (0x03c9f133) x 2 0x0425f277
core   0: 0x80008f7c (0x00008e4d) c.or    a2, a1
core   0: 3 0x80008f7c (0x8e4d) x12 0x00000000
core   0: 0x80008f7e (0x00008d05) c.sub   a0, s1
core   0: 3 0x80008f7e (0x8d05) x10 0x00000000
core   0: 0x80008f80 (0x00008d89) c.sub   a1, a0
core   0: 3 0x80008f80 (0x8d89) x11 0x00000000
core   0: 0x80008f82 (0x00000001) c.nop
core   0: 3 0x80008f82 (0x0001)
core   0: 0x80008f84 (0x0075db13) srli    s6, a1, 7
core   0: 3 0x80008f84 (0x0075db13) x22 0x00000000
core   0: 0x80008f88 (0xfc688c13) addi    s8, a7, -58
core   0: 3 0x80008f88 (0xfc688c13) x24 0xffffffc6
core   0: 0x80008f8c (0x00fad863) bge     s5, a5, pc + 16
core   0: 3 0x80008f8c (0x00fad863)
core   0: 0x80008f90 (0x0117fd63) bgeu    a5, a7, pc + 26
core   0: 3 0x80008f90 (0x0117fd63)
core   0: 0x80008faa (0x037b15b3) mulh    a1, s6, s7
core   0: 3 0x80008faa (0x037b15b3) x11 0x00000000
core   0: 0x80008fae (0x00a0076f) jal     a4, pc + 0xa
core   0: 3 0x80008fae (0x00a0076f) x14 0x80008fb2
core   0: 0x80008fb8 (0x0000a011) c.j     pc + 4
core   0: 3 0x80008fb8 (0xa011)
core   0: 0x80008fbc (0x00002039) c.jal   pc + 14
core   0: 3 0x80008fbc (0x2039) x 1 0x80008fbe
core   0: 0x80008fca (0x00003fd5) c.jal   pc - 12
core   0: 3 0x80008fca (0x3fd5) x 1 0x80008fcc
core   0: 0x80008fbe (0xffdff0ef) jal     pc - 0x4
core   0: 3 0x80008fbe (0xffdff0ef) x 1 0x80008fc2
core   0: 0x80008fba (0x0000a021) c.j     pc + 8
core   0: 3 0x80008fba (0xa021)
core   0: 0x80008fc2 (0xff5ff0ef) jal     pc - 0xc
core   0: 3 0x80008fc2 (0xff5ff0ef) x 1 0x80008fc6
core   0: 0x80008fb6 (0x0000bff5) c.j     pc - 4
core   0: 3 0x80008fb6 (0xbff5)
core   0: 0x80008fb2 (0x014000ef) jal     pc + 0x14
core   0: 3 0x80008fb2 (0x014000ef) x 1 0x80008fb6
core   0: 0x80008fc6 (0x00002009) c.jal   pc + 2
core   0: 3 0x80008fc6 (0x2009) x 1 0x80008fc8
core   0: 0x80008fc8 (0x00002011) c.jal   pc + 4
core   0: 3 0x80008fc8 (0x2011) x 1 0x80008fca
core   0: 0x80008fcc (0x00000188) c.addi4spn a0, sp, 192
core   0: 3 0x80008fcc (0x0188) x10 0x0425f337
core   0: 0x80008fce (0x00001804) c.addi4spn s1, sp, 48
core   0: 3 0x80008fce (0x1804) x 9 0x0425f2a7
core   0: 0x80008fd0 (0x002497b3) sll     a5, s1, sp
core   0: 3 0x80008fd0 (0x002497b3) x15 0x53800000
core   0: 0x80008fd4 (0x00008fad) c.xor   a5, a1
core   0: 3 0x80008fd4 (0x8fad) x15 0x53800000
core   0: 0x80008fd6 (0x8f47bc17) auipc   s8, 0x8f47b
core   0: 3 0x80008fd6 (0x8f47bc17) x24 0x0f483fd6
core   0: 0x80008fda (0x00746863) bltu    s0, t2, pc + 16
core   0: 3 0x80008fda (0x00746863)
core   0: 0x80008fea (0x0000c715) c.beqz  a4, pc + 44
core   0: 3 0x80008fea (0xc715)
core   0: 0x80008fec (0x00009596) c.add   a1, t0
core   0: 3 0x80008fec (0x9596) x11 0x00000000
core   0: 0x80008fee (0x00009c66) c.add   s8, s9
core   0: 3 0x80008fee (0x9c66) x24 0x8f4a9e2e
core   0: 0x80008ff0 (0x000007e2) c.slli  a5, 24
core   0: 3 0x80008ff0 (0x07e2) x15 0x00000000
core   0: 0x80008ff2 (0x00008a0e) c.mv    s4, gp
core   0: 3 0x80008ff2 (0x8a0e) x20 0xfffffd7f
core   0: 0x80008ff4 (0x01a509b3) add     s3, a0, s10
core   0: 3 0x80008ff4 (0x01a509b3) x19 0x0425f337
core   0: 0x80008ff8 (0x000086d5) c.srai  a3, 21
core   0: 3 0x80008ff8 (0x86d5) x13 0xffffffff
core   0: 0x80008ffa (0x36316913) ori     s2, sp, 867
core   0: 3 0x80008ffa (0x36316913) x18 0x0425f377
core   0: 0x80008ffe (0x00f39f13) slli    t5, t2, 15
core   0: 3 0x80008ffe (0x00f39f13) x30 0xe65c0000
core   0: 0x80009002 (0x0000ea19) c.bnez  a2, pc + 22
core   0: 3 0x80009002 (0xea19)
core   0: 0x80009004 (0x034fb633) mulhu   a2, t6, s4
core   0: 3 0x80009004 (0x034fb633) x12 0xe11dddcc
core   0: 0x80009008 (0x02c6ea33) rem     s4, a3, a2
core   0: 3 0x80009008 (0x02c6ea33) x20 0xffffffff
core   0: 0x8000900c (0x0ff0000f) fence   iorw,iorw
core   0: 3 0x8000900c (0x0ff0000f)
core   0: 0x80009010 (0x000041bd) c.li    gp, 15
core   0: 3 0x80009010 (0x41bd) x 3 0x0000000f
core   0: 0x80009012 (0x00004db1) c.li    s11, 12
core   0: 3 0x80009012 (0x4db1) x27 0x0000000c
core   0: 0x80009014 (0x00008f09) c.sub   a4, a0
core   0: 3 0x80009014 (0x8f09) x14 0x7bda9c7b
core   0: 0x80009016 (0x00008c65) c.and   s0, s1
core   0: 3 0x80009016 (0x8c65) x 8 0x00005283
core   0: 0x80009018 (0x00008cad) c.xor   s1, a1
core   0: 3 0x80009018 (0x8cad) x 9 0x0425f2a7
core   0: 0x8000901a (0x01f18f33) add     t5, gp, t6
core   0: 3 0x8000901a (0x01f18f33) x30 0xe11de00f
core   0: 0x8000901e (0x6b26f613) andi    a2, a3, 1714
core   0: 3 0x8000901e (0x6b26f613) x12 0x000006b2
core   0: 0x80009022 (0x00001310) c.addi4spn a2, sp, 416
core   0: 3 0x80009022 (0x1310) x12 0x0425f417
core   0: 0x80009024 (0x00e05393) srli    t2, zero, 14
core   0: 3 0x80009024 (0x00e05393) x 7 0x00000000
core   0: 0x80009028 (0x005605b3) add     a1, a2, t0
core   0: 3 0x80009028 (0x005605b3) x11 0x0425f417
core   0: 0x8000902c (0x000080a2) c.mv    ra, s0
core   0: 3 0x8000902c (0x80a2) x 1 0x00005283
core   0: 0x8000902e (0x00000b69) c.addi  s6, 26
core   0: 3 0x8000902e (0x0b69) x22 0x0000001a
core   0: 0x80009030 (0x00008426) c.mv    s0, s1
core   0: 3 0x80009030 (0x8426) x 8 0x0425f2a7
core   0: 0x80009032 (0x0057bc33) sltu    s8, a5, t0
core   0: 3 0x80009032 (0x0057bc33) x24 0x00000000
core   0: 0x80009036 (0x41fe5b33) sra     s6, t3, t6
core   0: 3 0x80009036 (0x41fe5b33) x22 0x081fcece
core   0: 0x8000903a (0x03ac63b3) rem     t2, s8, s10
core   0: 3 0x8000903a (0x03ac63b3) x 7 0x00000000
core   0: 0x8000903e (0x00a05433) srl     s0, zero, a0
core   0: 3 0x8000903e (0x00a05433) x 8 0x00000000
core   0: 0x80009042 (0x000085fd) c.srai  a1, 31
core   0: 3 0x80009042 (0x85fd) x11 0x00000000
core   0: 0x80009044 (0x00008d35) c.xor   a0, a3
core   0: 3 0x80009044 (0x8d35) x10 0xfbda0cc8
core   0: 0x80009046 (0x01a31f93) slli    t6, t1, 26
core   0: 3 0x80009046 (0x01a31f93) x31 0xe4000000
core   0: 0x8000904a (0x021a9033) mulh    zero, s5, ra
core   0: 3 0x8000904a (0x021a9033)
core   0: 0x8000904e (0x00535313) srli    t1, t1, 5
core   0: 3 0x8000904e (0x00535313) x 6 0x066f6e79
core   0: 0x80009052 (0x019a8663) beq     s5, s9, pc + 12
core   0: 3 0x80009052 (0x019a8663)
core   0: 0x80009056 (0x0000717d) c.addi16sp sp, -16
core   0: 3 0x80009056 (0x717d) x 2 0x0425f267
core   0: 0x80009058 (0x00001a90) c.addi4spn a2, sp, 368
core   0: 3 0x80009058 (0x1a90) x12 0x0425f3d7
core   0: 0x8000905a (0x0e292f13) slti    t5, s2, 226
core   0: 3 0x8000905a (0x0e292f13) x30 0x00000000
core   0: 0x8000905e (0x00008d69) c.and   a0, a0
core   0: 3 0x8000905e (0x8d69) x10 0xfbda0cc8
core   0: 0x80009060 (0x65b68197) auipc   gp, 0x65b68
core   0: 3 0x80009060 (0x65b68197) x 3 0xe5b71060
core   0: 0x80009064 (0x01afcb33) xor     s6, t6, s10
core   0: 3 0x80009064 (0x01afcb33) x22 0xe4000000
core   0: 0x80009068 (0x000008fa) c.slli  a7, 30
core   0: 3 0x80009068 (0x08fa) x17 0x00000000
core   0: 0x8000906a (0x01869513) slli    a0, a3, 24
core   0: 3 0x8000906a (0x01869513) x10 0xff000000
core   0: 0x8000906e (0x031b0663) beq     s6, a7, pc + 44
core   0: 3 0x8000906e (0x031b0663)
core   0: 0x80009072 (0x00008e2d) c.xor   a2, a1
core   0: 3 0x80009072 (0x8e2d) x12 0x0425f3d7
core   0: 0x80009074 (0x034d5b33) divu    s6, s10, s4
core   0: 3 0x80009074 (0x034d5b33) x22 0x00000000
core   0: 0x80009078 (0x0ff0000f) fence   iorw,iorw
core   0: 3 0x80009078 (0x0ff0000f)
core   0: 0x8000907c (0x00008542) c.mv    a0, a6
core   0: 3 0x8000907c (0x8542) x10 0x47495ed4
core   0: 0x8000907e (0x034d05b3) mul     a1, s10, s4
core   0: 3 0x8000907e (0x034d05b3) x11 0x00000000
core   0: 0x80009082 (0x020640b3) div     ra, a2, zero
core   0: 3 0x80009082 (0x020640b3) x 1 0xffffffff
core   0: 0x80009086 (0x02ecff63) bgeu    s9, a4, pc + 62
core   0: 3 0x80009086 (0x02ecff63)
core   0: 0x800090c4 (0x007c5f93) srli    t6, s8, 7
core   0: 3 0x800090c4 (0x007c5f93) x31 0x00000000
core   0: 0x800090c8 (0x1d0e8993) addi    s3, t4, 464
core   0: 3 0x800090c8 (0x1d0e8993) x19 0xc6d390ac
core   0: 0x800090cc (0x00008fb1) c.xor   a5, a2
core   0: 3 0x800090cc (0x8fb1) x15 0x0425f3d7
core   0: 0x800090ce (0x03f06063) bltu    zero, t6, pc + 32
core   0: 3 0x800090ce (0x03f06063)
core   0: 0x800090d2 (0x005ff633) and     a2, t6, t0
core   0: 3 0x800090d2 (0x005ff633) x12 0x00000000
core   0: 0x800090d6 (0x018afd63) bgeu    s5, s8, pc + 26
core   0: 3 0x800090d6 (0x018afd63)
core   0: 0x800090f0 (0x000089cd) c.andi  a1, 19
core   0: 3 0x800090f0 (0x89cd) x11 0x00000000
core   0: 0x800090f2 (0x013b6fb3) or      t6, s6, s3
core   0: 3 0x800090f2 (0x013b6fb3) x31 0xc6d390ac
core   0: 0x800090f6 (0x01cd7fb3) and     t6, s10, t3
core   0: 3 0x800090f6 (0x01cd7fb3) x31 0x00000000
core   0: 0x800090fa (0x0000100f) fence.i
core   0: 3 0x800090fa (0x0000100f)
core   0: 0x800090fe (0x0ff0000f) fence   iorw,iorw
core   0: 3 0x800090fe (0x0ff0000f)
core   0: 0x80009102 (0x00008ff5) c.and   a5, a3
core   0: 3 0x80009102 (0x8ff5) x15 0x0425f3d7
core   0: 0x80009104 (0x014eb1b3) sltu    gp, t4, s4
core   0: 3 0x80009104 (0x014eb1b3) x 3 0x00000001
core   0: 0x80009108 (0x407f8933) sub     s2, t6, t2
core   0: 3 0x80009108 (0x407f8933) x18 0x00000000
core   0: 0x8000910c (0x0000577d) c.li    a4, -1
core   0: 3 0x8000910c (0x577d) x14 0xffffffff
core   0: 0x8000910e (0x000e33b3) sltu    t2, t3, zero
core   0: 3 0x8000910e (0x000e33b3) x 7 0x00000000
core   0: 0x80009112 (0x4161da33) sra     s4, gp, s6
core   0: 3 0x80009112 (0x4161da33) x20 0x00000001
core   0: 0x80009116 (0x0000100f) fence.i
core   0: 3 0x80009116 (0x0000100f)
core   0: 0x8000911a (0x010bb433) sltu    s0, s7, a6
core   0: 3 0x8000911a (0x010bb433) x 8 0x00000001
core   0: 0x8000911e (0x021f6bb3) rem     s7, t5, ra
core   0: 3 0x8000911e (0x021f6bb3) x23 0x00000000
core   0: 0x80009122 (0x000086a5) c.srai  a3, 9
core   0: 3 0x80009122 (0x86a5) x13 0xffffffff
core   0: 0x80009124 (0x0000100f) fence.i
core   0: 3 0x80009124 (0x0000100f)
core   0: 0x80009128 (0x0000801d) c.srli  s0, 7
core   0: 3 0x80009128 (0x801d) x 8 0x00000000
core   0: 0x8000912a (0x0258f363) bgeu    a7, t0, pc + 38
core   0: 3 0x8000912a (0x0258f363)
core   0: 0x80009150 (0x7d982e17) auipc   t3, 0x7d982
core   0: 3 0x80009150 (0x7d982e17) x28 0xfd98b150
core   0: 0x80009154 (0x00000288) c.addi4spn a0, sp, 320
core   0: 3 0x80009154 (0x0288) x10 0x0425f3a7
core   0: 0x80009156 (0x000088b5) c.andi  s1, 13
core   0: 3 0x80009156 (0x88b5) x 9 0x00000005
core   0: 0x80009158 (0x01e628b3) slt     a7, a2, t5
core   0: 3 0x80009158 (0x01e628b3) x17 0x00000000
core   0: 0x8000915c (0x0000717d) c.addi16sp sp, -16
core   0: 3 0x8000915c (0x717d) x 2 0x0425f257
core   0: 0x8000915e (0x005b1733) sll     a4, s6, t0
core   0: 3 0x8000915e (0x005b1733) x14 0x00000000
core   0: 0x80009162 (0x00008225) c.srli  a2, 9
core   0: 3 0x80009162 (0x8225) x12 0x00000000
core   0: 0x80009164 (0x00008c6d) c.and   s0, a1
core   0: 3 0x80009164 (0x8c6d) x 8 0x00000000
core   0: 0x80009166 (0x9d026193) ori     gp, tp, -1584
core   0: 3 0x80009166 (0x9d026193) x 3 0xfffff9d0
core   0: 0x8000916a (0x00000001) c.nop
core   0: 3 0x8000916a (0x0001)
core   0: 0x8000916c (0x0000897d) c.andi  a0, 31
core   0: 3 0x8000916c (0x897d) x10 0x00000007
core   0: 0x8000916e (0x0000870d) c.srai  a4, 3
core   0: 3 0x8000916e (0x870d) x14 0x00000000
core   0: 0x80009170 (0x00000855) c.addi  a6, 21
core   0: 3 0x80009170 (0x0855) x16 0x47495ee9
core   0: 0x80009172 (0x00008ecd) c.or    a3, a1
core   0: 3 0x80009172 (0x8ecd) x13 0xffffffff
core   0: 0x80009174 (0x0000997d) c.andi  a0, -1
core   0: 3 0x80009174 (0x997d) x10 0x00000007
core   0: 0x80009176 (0x000080d9) c.srli  s1, 22
core   0: 3 0x80009176 (0x80d9) x 9 0x00000000
core   0: 0x80009178 (0x4eaf4e37) lui     t3, 0x4eaf4
core   0: 3 0x80009178 (0x4eaf4e37) x28 0x4eaf4000
core   0: 0x8000917c (0x00c21f33) sll     t5, tp, a2
core   0: 3 0x8000917c (0x00c21f33) x30 0x80000000
core   0: 0x80009180 (0x01b697b3) sll     a5, a3, s11
core   0: 3 0x80009180 (0x01b697b3) x15 0xfffff000
core   0: 0x80009184 (0x02214fb3) div     t6, sp, sp
core   0: 3 0x80009184 (0x02214fb3) x31 0x00000001
core   0: 0x80009188 (0x8b77ef97) auipc   t6, 0x8b77e
core   0: 3 0x80009188 (0x8b77ef97) x31 0x0b787188
core   0: 0x8000918c (0x01126a63) bltu    tp, a7, pc + 20
core   0: 3 0x8000918c (0x01126a63)
core   0: 0x80009190 (0xe19ce313) ori     t1, s9, -487
core   0: 3 0x80009190 (0xe19ce313) x 6 0xfffffe59
core   0: 0x80009194 (0x039b8933) mul     s2, s7, s9
core   0: 3 0x80009194 (0x039b8933) x18 0x00000000
core   0: 0x80009198 (0x9a1fae93) slti    t4, t6, -1631
core   0: 3 0x80009198 (0x9a1fae93) x29 0x00000000
core   0: 0x8000919c (0x41425a33) sra     s4, tp, s4
core   0: 3 0x8000919c (0x41425a33) x20 0xc0000000
core   0: 0x800091a0 (0x03021463) bne     tp, a6, pc + 40
core   0: 3 0x800091a0 (0x03021463)
core   0: 0x800091c8 (0x000063bd) c.lui   t2, 0xf
core   0: 3 0x800091c8 (0x63bd) x 7 0x0000f000
core   0: 0x800091ca (0x023c28b3) mulhsu  a7, s8, gp
core   0: 3 0x800091ca (0x023c28b3) x17 0x00000000
core   0: 0x800091ce (0x9c976413) ori     s0, a4, -1591
core   0: 3 0x800091ce (0x9c976413) x 8 0xfffff9c9
core   0: 0x800091d2 (0x00ae5093) srli    ra, t3, 10
core   0: 3 0x800091d2 (0x00ae5093) x 1 0x0013abd0
core   0: 0x800091d6 (0x0000e089) c.bnez  s1, pc + 2
core   0: 3 0x800091d6 (0xe089)
core   0: 0x800091d8 (0x00000001) c.nop
core   0: 3 0x800091d8 (0x0001)
core   0: 0x800091da (0x03adea63) bltu    s11, s10, pc + 52
core   0: 3 0x800091da (0x03adea63)
core   0: 0x800091de (0xd7f52093) slti    ra, a0, -641
core   0: 3 0x800091de (0xd7f52093) x 1 0x00000000
core   0: 0x800091e2 (0xc5ecc713) xori    a4, s9, -930
core   0: 3 0x800091e2 (0xc5ecc713) x14 0x7ffda206
core   0: 0x800091e6 (0x0ff0000f) fence   iorw,iorw
core   0: 3 0x800091e6 (0x0ff0000f)
core   0: 0x800091ea (0x00000001) c.nop
core   0: 3 0x800091ea (0x0001)
core   0: 0x800091ec (0x025be033) rem     zero, s7, t0
core   0: 3 0x800091ec (0x025be033)
core   0: 0x800091f0 (0x00008de9) c.and   a1, a0
core   0: 3 0x800091f0 (0x8de9) x11 0x00000000
core   0: 0x800091f2 (0x1206f013) andi    zero, a3, 288
core   0: 3 0x800091f2 (0x1206f013)
core   0: 0x800091f6 (0x0000c18d) c.beqz  a1, pc + 34
core   0: 3 0x800091f6 (0xc18d)
core   0: 0x80009218 (0x00000fed) c.addi  t6, 27
core   0: 3 0x80009218 (0x0fed) x31 0x0b7871a3
core   0: 0x8000921a (0x0000100f) fence.i
core   0: 3 0x8000921a (0x0000100f)
core   0: 0x8000921e (0x00001a80) c.addi4spn s0, sp, 368
core   0: 3 0x8000921e (0x1a80) x 8 0x0425f3c7
core   0: 0x80009220 (0x00d5dc13) srli    s8, a1, 13
core   0: 3 0x80009220 (0x00d5dc13) x24 0x00000000
core   0: 0x80009224 (0xc0bba293) slti    t0, s7, -1013
core   0: 3 0x80009224 (0xc0bba293) x 5 0x00000000
core   0: 0x80009228 (0xc84e4013) xori    zero, t3, -892
core   0: 3 0x80009228 (0xc84e4013)
core   0: 0x8000922c (0x966c8a37) lui     s4, 0x966c8
core   0: 3 0x8000922c (0x966c8a37) x20 0x966c8000
core   0: 0x80009230 (0x0000100f) fence.i
core   0: 3 0x80009230 (0x0000100f)
core   0: 0x80009234 (0xd6724813) xori    a6, tp, -665
core   0: 3 0x80009234 (0xd6724813) x16 0x7ffffd67
core   0: 0x80009238 (0x03456433) rem     s0, a0, s4
core   0: 3 0x80009238 (0x03456433) x 8 0x00000007
core   0: 0x8000923c (0x00006111) c.addi16sp sp, 256
core   0: 3 0x8000923c (0x6111) x 2 0x0425f357
core   0: 0x8000923e (0x40b8d733) sra     a4, a7, a1
core   0: 3 0x8000923e (0x40b8d733) x14 0x00000000
core   0: 0x80009242 (0x03afbc33) mulhu   s8, t6, s10
core   0: 3 0x80009242 (0x03afbc33) x24 0x00000000
core   0: 0x80009246 (0x01e3cdb3) xor     s11, t2, t5
core   0: 3 0x80009246 (0x01e3cdb3) x27 0x8000f000
core   0: 0x8000924a (0x00008059) c.srli  s0, 22
core   0: 3 0x8000924a (0x8059) x 8 0x00000000
core   0: 0x8000924c (0x405c5b93) srai    s7, s8, 5
core   0: 3 0x8000924c (0x405c5b93) x23 0x00000000
core   0: 0x80009250 (0x515bc613) xori    a2, s7, 1301
core   0: 3 0x80009250 (0x515bc613) x12 0x00000515
core   0: 0x80009254 (0x01ce9513) slli    a0, t4, 28
core   0: 3 0x80009254 (0x01ce9513) x10 0x00000000
core   0: 0x80009258 (0x751bf593) andi    a1, s7, 1873
core   0: 3 0x80009258 (0x751bf593) x11 0x00000000
core   0: 0x8000925c (0x01bbf7b3) and     a5, s7, s11
core   0: 3 0x8000925c (0x01bbf7b3) x15 0x00000000
core   0: 0x80009260 (0x01e07e63) bgeu    zero, t5, pc + 28
core   0: 3 0x80009260 (0x01e07e63)
core   0: 0x80009264 (0x00006135) c.addi16sp sp, 352
core   0: 3 0x80009264 (0x6135) x 2 0x0425f4b7
core   0: 0x80009266 (0x0230b533) mulhu   a0, ra, gp
core   0: 3 0x80009266 (0x0230b533) x10 0x00000000
core   0: 0x8000926a (0x02193b33) mulhu   s6, s2, ra
core   0: 3 0x8000926a (0x02193b33) x22 0x00000000
core   0: 0x8000926e (0xbf7eb713) sltiu   a4, t4, -1033
core   0: 3 0x8000926e (0xbf7eb713) x14 0x00000001
core   0: 0x80009272 (0x00009a32) c.add   s4, a2
core   0: 3 0x80009272 (0x9a32) x20 0x966c8515
core   0: 0x80009274 (0x411b0533) sub     a0, s6, a7
core   0: 3 0x80009274 (0x411b0533) x10 0x00000000
core   0: 0x80009278 (0x025d1533) mulh    a0, s10, t0
core   0: 3 0x80009278 (0x025d1533) x10 0x00000000
core   0: 0x8000927c (0x0ff0000f) fence   iorw,iorw
core   0: 3 0x8000927c (0x0ff0000f)
core   0: 0x80009280 (0x00008c2d) c.xor   s0, a1
core   0: 3 0x80009280 (0x8c2d) x 8 0x00000000
core   0: 0x80009282 (0x008b8a63) beq     s7, s0, pc + 20
core   0: 3 0x80009282 (0x008b8a63)
core   0: 0x80009296 (0x00008edd) c.or    a3, a5
core   0: 3 0x80009296 (0x8edd) x13 0xffffffff
core   0: 0x80009298 (0x03c059b3) divu    s3, zero, t3
core   0: 3 0x80009298 (0x03c059b3) x19 0x00000000
core   0: 0x8000929c (0x000012fd) c.addi  t0, -1
core   0: 3 0x8000929c (0x12fd) x 5 0xffffffff
core   0: 0x8000929e (0x05c26263) bltu    tp, t3, pc + 68
core   0: 3 0x8000929e (0x05c26263)
core   0: 0x800092a2 (0x039e1c63) bne     t3, s9, pc + 56
core   0: 3 0x800092a2 (0x039e1c63)
core   0: 0x800092da (0x01548fb3) add     t6, s1, s5
core   0: 3 0x800092da (0x01548fb3) x31 0x80029ce4
core   0: 0x800092de (0x005aa533) slt     a0, s5, t0
core   0: 3 0x800092de (0x005aa533) x10 0x00000001
core   0: 0x800092e2 (0x00008e11) c.sub   a2, a2
core   0: 3 0x800092e2 (0x8e11) x12 0x00000000
core   0: 0x800092e4 (0x02e402b3) mul     t0, s0, a4
core   0: 3 0x800092e4 (0x02e402b3) x 5 0x00000000
core   0: 0x800092e8 (0x000096f2) c.add   a3, t3
core   0: 3 0x800092e8 (0x96f2) x13 0x4eaf3fff
core   0: 0x800092ea (0x02b63e33) mulhu   t3, a2, a1
core   0: 3 0x800092ea (0x02b63e33) x28 0x00000000
core   0: 0x800092ee (0x00008c09) c.sub   s0, a0
core   0: 3 0x800092ee (0x8c09) x 8 0xffffffff
core   0: 0x800092f0 (0x02d39eb3) mulh    t4, t2, a3
core   0: 3 0x800092f0 (0x02d39eb3) x29 0x000049c4
core   0: 0x800092f4 (0x000cf133) and     sp, s9, zero
core   0: 3 0x800092f4 (0x000cf133) x 2 0x00000000
core   0: 0x800092f8 (0x00009dda) c.add   s11, s6
core   0: 3 0x800092f8 (0x9dda) x27 0x8000f000
core   0: 0x800092fa (0x000083a5) c.srli  a5, 9
core   0: 3 0x800092fa (0x83a5) x15 0x00000000
core   0: 0x800092fc (0x018ab4b3) sltu    s1, s5, s8
core   0: 3 0x800092fc (0x018ab4b3) x 9 0x00000000
core   0: 0x80009300 (0x000014fd) c.addi  s1, -1
core   0: 3 0x80009300 (0x14fd) x 9 0xffffffff
core   0: 0x80009302 (0x0ff0000f) fence   iorw,iorw
core   0: 3 0x80009302 (0x0ff0000f)
core   0: 0x80009306 (0x03b5f333) remu    t1, a1, s11
core   0: 3 0x80009306 (0x03b5f333) x 6 0x00000000
core   0: 0x8000930a (0x00000f88) c.addi4spn a0, sp, 976
core   0: 3 0x8000930a (0x0f88) x10 0x000003d0
core   0: 0x8000930c (0x00008d52) c.mv    s10, s4
core   0: 3 0x8000930c (0x8d52) x26 0x966c8515
core   0: 0x8000930e (0x0000812d) c.srli  a0, 11
core   0: 3 0x8000930e (0x812d) x10 0x00000000
core   0: 0x80009310 (0x0232e833) rem     a6, t0, gp
core   0: 3 0x80009310 (0x0232e833) x16 0x00000000
core   0: 0x80009314 (0x00001a7d) c.addi  s4, -1
core   0: 3 0x80009314 (0x1a7d) x20 0x966c8514
core   0: 0x80009316 (0x0000997d) c.andi  a0, -1
core   0: 3 0x80009316 (0x997d) x10 0x00000000
core   0: 0x80009318 (0x02b09a33) mulh    s4, ra, a1
core   0: 3 0x80009318 (0x02b09a33) x20 0x00000000
core   0: 0x8000931c (0x00006149) c.addi16sp sp, 144
core   0: 3 0x8000931c (0x6149) x 2 0x00000090
core   0: 0x8000931e (0x00eb80b3) add     ra, s7, a4
core   0: 3 0x8000931e (0x00eb80b3) x 1 0x00000001
core   0: 0x80009322 (0x87056993) ori     s3, a0, -1936
core   0: 3 0x80009322 (0x87056993) x19 0xfffff870
core   0: 0x80009326 (0xccf3f713) andi    a4, t2, -817
core   0: 3 0x80009326 (0xccf3f713) x14 0x0000f000
core   0: 0x8000932a (0x00008f3d) c.xor   a4, a5
core   0: 3 0x8000932a (0x8f3d) x14 0x0000f000
core   0: 0x8000932c (0x023740b3) div     ra, a4, gp
core   0: 3 0x8000932c (0x023740b3) x 1 0xffffffda
core   0: 0x80009330 (0xa3611a17) auipc   s4, 0xa3611
core   0: 3 0x80009330 (0xa3611a17) x20 0x2361a330
core   0: 0x80009334 (0xd7e4af13) slti    t5, s1, -642
core   0: 3 0x80009334 (0xd7e4af13) x30 0x00000000
core   0: 0x80009338 (0x00008b89) c.andi  a5, 2
core   0: 3 0x80009338 (0x8b89) x15 0x00000000
core   0: 0x8000933a (0xec8f2493) slti    s1, t5, -312
core   0: 3 0x8000933a (0xec8f2493) x 9 0x00000000
core   0: 0x8000933e (0x035b01b3) mul     gp, s6, s5
core   0: 3 0x8000933e (0x035b01b3) x 3 0x00000000
core   0: 0x80009342 (0xbaf7af13) slti    t5, a5, -1105
core   0: 3 0x80009342 (0xbaf7af13) x30 0x00000000
core   0: 0x80009346 (0x011bb333) sltu    t1, s7, a7
core   0: 3 0x80009346 (0x011bb333) x 6 0x00000000
core   0: 0x8000934a (0x02995a33) divu    s4, s2, s1
core   0: 3 0x8000934a (0x02995a33) x20 0xffffffff
core   0: 0x8000934e (0x003f22b3) slt     t0, t5, gp
core   0: 3 0x8000934e (0x003f22b3) x 5 0x00000000
core   0: 0x80009352 (0x0ff0000f) fence   iorw,iorw
core   0: 3 0x80009352 (0x0ff0000f)
core   0: 0x80009356 (0x0000cf05) c.beqz  a4, pc + 56
core   0: 3 0x80009356 (0xcf05)
core   0: 0x80009358 (0x0ff0000f) fence   iorw,iorw
core   0: 3 0x80009358 (0x0ff0000f)
core   0: 0x8000935c (0x417b5d93) srai    s11, s6, 23
core   0: 3 0x8000935c (0x417b5d93) x27 0x00000000
core   0: 0x80009360 (0x0000100f) fence.i
core   0: 3 0x80009360 (0x0000100f)
core   0: 0x80009364 (0x01e5df13) srli    t5, a1, 30
core   0: 3 0x80009364 (0x01e5df13) x30 0x00000000
core   0: 0x80009368 (0x4080db93) srai    s7, ra, 8
core   0: 3 0x80009368 (0x4080db93) x23 0xffffffff
core   0: 0x8000936c (0x00008d55) c.or    a0, a3
core   0: 3 0x8000936c (0x8d55) x10 0x4eaf3fff
core   0: 0x8000936e (0x001c91b3) sll     gp, s9, ra
core   0: 3 0x8000936e (0x001c91b3) x 3 0x60000000
core   0: 0x80009372 (0x001066b3) or      a3, zero, ra
core   0: 3 0x80009372 (0x001066b3) x13 0xffffffda
core   0: 0x80009376 (0x0186e963) bltu    a3, s8, pc + 18
core   0: 3 0x80009376 (0x0186e963)
core   0: 0x8000937a (0x00006525) c.lui   a0, 0x9
core   0: 3 0x8000937a (0x6525) x10 0x00009000
core   0: 0x8000937c (0x0011ddb3) srl     s11, gp, ra
core   0: 3 0x8000937c (0x0011ddb3) x27 0x00000018
core   0: 0x80009380 (0x026469b3) rem     s3, s0, t1
core   0: 3 0x80009380 (0x026469b3) x19 0xffffffff
core   0: 0x80009384 (0xde73c413) xori    s0, t2, -537
core   0: 3 0x80009384 (0xde73c413) x 8 0xffff0de7
core   0: 0x80009388 (0xb7d46f13) ori     t5, s0, -1155
core   0: 3 0x80009388 (0xb7d46f13) x30 0xffffffff
core   0: 0x8000938c (0x00009a5a) c.add   s4, s6
core   0: 3 0x8000938c (0x9a5a) x20 0xffffffff
core   0: 0x8000938e (0x02281b63) bne     a6, sp, pc + 54
core   0: 3 0x8000938e (0x02281b63)
core   0: 0x800093c4 (0x00000001) c.nop
core   0: 3 0x800093c4 (0x0001)
core   0: 0x800093c6 (0x03cc7e33) remu    t3, s8, t3
core   0: 3 0x800093c6 (0x03cc7e33) x28 0x00000000
core   0: 0x800093ca (0x010d7333) and     t1, s10, a6
core   0: 3 0x800093ca (0x010d7333) x 6 0x00000000
core   0: 0x800093ce (0x05e7e063) bltu    a5, t5, pc + 64
core   0: 3 0x800093ce (0x05e7e063)
core   0: 0x8000940e (0x039d0163) beq     s10, s9, pc + 34
core   0: 3 0x8000940e (0x039d0163)
core   0: 0x80009412 (0x000081ed) c.srli  a1, 27
core   0: 3 0x80009412 (0x81ed) x11 0x00000000
core   0: 0x80009414 (0xb1ed6317) auipc   t1, 0xb1ed6
core   0: 3 0x80009414 (0xb1ed6317) x 6 0x31edf414
core   0: 0x80009418 (0x29b64793) xori    a5, a2, 667
core   0: 3 0x80009418 (0x29b64793) x15 0x0000029b
core   0: 0x8000941c (0x2d30e593) ori     a1, ra, 723
core   0: 3 0x8000941c (0x2d30e593) x11 0xffffffdb
core   0: 0x80009420 (0x0000808d) c.srli  s1, 3
core   0: 3 0x80009420 (0x808d) x 9 0x00000000
core   0: 0x80009422 (0x912c6093) ori     ra, s8, -1774
core   0: 3 0x80009422 (0x912c6093) x 1 0xfffff912
core   0: 0x80009426 (0x0000e121) c.bnez  a0, pc + 64
core   0: 3 0x80009426 (0xe121)
core   0: 0x80009466 (0x0000100f) fence.i
core   0: 3 0x80009466 (0x0000100f)
core   0: 0x8000946a (0x000a0933) add     s2, s4, zero
core   0: 3 0x8000946a (0x000a0933) x18 0xffffffff
core   0: 0x8000946e (0x013d4d33) xor     s10, s10, s3
core   0: 3 0x8000946e (0x013d4d33) x26 0x69937aea
core   0: 0x80009472 (0x000061a9) c.lui   gp, 0xa
core   0: 3 0x80009472 (0x61a9) x 3 0x0000a000
core   0: 0x80009474 (0x00006dcd) c.lui   s11, 0x13
core   0: 3 0x80009474 (0x6dcd) x27 0x00013000
core   0: 0x80009476 (0x00195263) bge     s2, ra, pc + 4
core   0: 3 0x80009476 (0x00195263)
core   0: 0x8000947a (0x0000cb99) c.beqz  a5, pc + 22
core   0: 3 0x8000947a (0xcb99)
core   0: 0x8000947c (0x000088ad) c.andi  s1, 11
core   0: 3 0x8000947c (0x88ad) x 9 0x00000000
core   0: 0x8000947e (0x00000fd6) c.slli  t6, 21
core   0: 3 0x8000947e (0x0fd6) x31 0x9c800000
core   0: 0x80009480 (0x02d54e63) blt     a0, a3, pc + 60
core   0: 3 0x80009480 (0x02d54e63)
core   0: 0x80009484 (0x000053fd) c.li    t2, -1
core   0: 3 0x80009484 (0x53fd) x 7 0xffffffff
core   0: 0x80009486 (0x00784763) blt     a6, t2, pc + 14
core   0: 3 0x80009486 (0x00784763)
core   0: 0x8000948a (0x000082c1) c.srli  a3, 16
core   0: 3 0x8000948a (0x82c1) x13 0x0000ffff
core   0: 0x8000948c (0x03c59133) mulh    sp, a1, t3
core   0: 3 0x8000948c (0x03c59133) x 2 0x00000000
core   0: 0x80009490 (0x03d59a63) bne     a1, t4, pc + 52
core   0: 3 0x80009490 (0x03d59a63)
core   0: 0x800094c4 (0x51938537) lui     a0, 0x51938
core   0: 3 0x800094c4 (0x51938537) x10 0x51938000
core   0: 0x800094c8 (0x00000680) c.addi4spn s0, sp, 832
core   0: 3 0x800094c8 (0x0680) x 8 0x00000340
core   0: 0x800094ca (0x00001484) c.addi4spn s1, sp, 608
core   0: 3 0x800094ca (0x1484) x 9 0x00000260
core   0: 0x800094cc (0x0000cb01) c.beqz  a4, pc + 16
core   0: 3 0x800094cc (0xcb01)
core   0: 0x800094ce (0xa6f2f793) andi    a5, t0, -1425
core   0: 3 0x800094ce (0xa6f2f793) x15 0x00000000
core   0: 0x800094d2 (0x00008f1d) c.sub   a4, a5
core   0: 3 0x800094d2 (0x8f1d) x14 0x0000f000
core   0: 0x800094d4 (0x00008db5) c.xor   a1, a3
core   0: 3 0x800094d4 (0x8db5) x11 0xffff0024
core   0: 0x800094d6 (0x0000e305) c.bnez  a4, pc + 32
core   0: 3 0x800094d6 (0xe305)
core   0: 0x800094f6 (0x00000001) c.nop
core   0: 3 0x800094f6 (0x0001)
core   0: 0x800094f8 (0x00001180) c.addi4spn s0, sp, 224
core   0: 3 0x800094f8 (0x1180) x 8 0x000000e0
core   0: 0x800094fa (0x000084aa) c.mv    s1, a0
core   0: 3 0x800094fa (0x84aa) x 9 0x51938000
core   0: 0x800094fc (0x000013fd) c.addi  t2, -1
core   0: 3 0x800094fc (0x13fd) x 7 0xfffffffe
core   0: 0x800094fe (0x00008de5) c.and   a1, s1
core   0: 3 0x800094fe (0x8de5) x11 0x51930000
core   0: 0x80009500 (0x0df3ed13) ori     s10, t2, 223
core   0: 3 0x80009500 (0x0df3ed13) x26 0xffffffff
core   0: 0x80009504 (0x00008db5) c.xor   a1, a3
core   0: 3 0x80009504 (0x8db5) x11 0x5193ffff
core   0: 0x80009506 (0x0284c6b3) div     a3, s1, s0
core   0: 3 0x80009506 (0x0284c6b3) x13 0x005d3adb
core   0: 0x8000950a (0x00006b45) c.lui   s6, 0x11
core   0: 3 0x8000950a (0x6b45) x22 0x00011000
core   0: 0x8000950c (0x0000100f) fence.i
core   0: 3 0x8000950c (0x0000100f)
core   0: 0x80009510 (0x0165ee63) bltu    a1, s6, pc + 28
core   0: 3 0x80009510 (0x0165ee63)
core   0: 0x80009514 (0x02ba9733) mulh    a4, s5, a1
core   0: 3 0x80009514 (0x02ba9733) x14 0xd736d527
core   0: 0x80009518 (0x0c516d13) ori     s10, sp, 197
core   0: 3 0x80009518 (0x0c516d13) x26 0x000000c5
core   0: 0x8000951c (0x00008191) c.srli  a1, 4
core   0: 3 0x8000951c (0x8191) x11 0x05193fff
core   0: 0x8000951e (0x00006b71) c.lui   s6, 0x1c
core   0: 3 0x8000951e (0x6b71) x22 0x0001c000
core   0: 0x80009520 (0x029f5563) bge     t5, s1, pc + 42
core   0: 3 0x80009520 (0x029f5563)
core   0: 0x80009524 (0x0000100f) fence.i
core   0: 3 0x80009524 (0x0000100f)
core   0: 0x80009528 (0x55096993) ori     s3, s2, 1360
core   0: 3 0x80009528 (0x55096993) x19 0xffffffff
core   0: 0x8000952c (0x02acfeb3) remu    t4, s9, a0
core   0: 3 0x8000952c (0x02acfeb3) x29 0x2e6ede58
core   0: 0x80009530 (0x419954b3) sra     s1, s2, s9
core   0: 3 0x80009530 (0x419954b3) x 9 0xffffffff
core   0: 0x80009534 (0x18d02b13) slti    s6, zero, 397
core   0: 3 0x80009534 (0x18d02b13) x22 0x00000001
core   0: 0x80009538 (0x8aa8f893) andi    a7, a7, -1878
core   0: 3 0x80009538 (0x8aa8f893) x17 0x00000000
core   0: 0x8000953c (0x0000100f) fence.i
core   0: 3 0x8000953c (0x0000100f)
core   0: 0x80009540 (0x02311833) mulh    a6, sp, gp
core   0: 3 0x80009540 (0x02311833) x16 0x00000000
core   0: 0x80009544 (0x0000717d) c.addi16sp sp, -16
core   0: 3 0x80009544 (0x717d) x 2 0xfffffff0
core   0: 0x80009546 (0x10e09017) auipc   zero, 0x10e09
core   0: 3 0x80009546 (0x10e09017)
core   0: 0x8000954a (0x009699b3) sll     s3, a3, s1
core   0: 3 0x8000954a (0x009699b3) x19 0x80000000
core   0: 0x8000954e (0x000044cd) c.li    s1, 19
core   0: 3 0x8000954e (0x44cd) x 9 0x00000013
core   0: 0x80009550 (0x0000100f) fence.i
core   0: 3 0x80009550 (0x0000100f)
core   0: 0x80009554 (0x00dae6b3) or      a3, s5, a3
core   0: 3 0x80009554 (0x00dae6b3) x13 0x805fbeff
core   0: 0x80009558 (0x01682fb3) slt     t6, a6, s6
core   0: 3 0x80009558 (0x01682fb3) x31 0x00000001
core   0: 0x8000955c (0x02fe2f33) mulhsu  t5, t3, a5
core   0: 3 0x8000955c (0x02fe2f33) x30 0x00000000
core   0: 0x80009560 (0x00008c0e) c.mv    s8, gp
core   0: 3 0x80009560 (0x8c0e) x24 0x0000a000
core   0: 0x80009562 (0x026fd063) bge     t6, t1, pc + 32
core   0: 3 0x80009562 (0x026fd063)
core   0: 0x80009566 (0x0000017a) c.slli  sp, 30
core   0: 3 0x80009566 (0x017a) x 2 0x00000000
core   0: 0x80009568 (0x6b8042b7) lui     t0, 0x6b804
core   0: 3 0x80009568 (0x6b8042b7) x 5 0x6b804000
core   0: 0x8000956c (0x00006779) c.lui   a4, 0x1e
core   0: 3 0x8000956c (0x6779) x14 0x0001e000
core   0: 0x8000956e (0x022c65b3) rem     a1, s8, sp
core   0: 3 0x8000956e (0x022c65b3) x11 0x0000a000
core   0: 0x80009572 (0x40945433) sra     s0, s0, s1
core   0: 3 0x80009572 (0x40945433) x 8 0x00000000
core   0: 0x80009576 (0x03b382b3) mul     t0, t2, s11
core   0: 3 0x80009576 (0x03b382b3) x 5 0xfffda000
core   0: 0x8000957a (0x0000537d) c.li    t1, -1
core   0: 3 0x8000957a (0x537d) x 6 0xffffffff
core   0: 0x8000957c (0x00005bfd) c.li    s7, -1
core   0: 3 0x8000957c (0x5bfd) x23 0xffffffff
core   0: 0x8000957e (0x0ff0000f) fence   iorw,iorw
core   0: 3 0x8000957e (0x0ff0000f)
core   0: 0x80009582 (0x02777eb3) remu    t4, a4, t2
core   0: 3 0x80009582 (0x02777eb3) x29 0x0001e000
core   0: 0x80009586 (0x035193b3) mulh    t2, gp, s5
core   0: 3 0x80009586 (0x035193b3) x 7 0xffffb001
core   0: 0x8000958a (0x414a05b3) sub     a1, s4, s4
core   0: 3 0x8000958a (0x414a05b3) x11 0x00000000
core   0: 0x8000958e (0x41d3d2b3) sra     t0, t2, t4
core   0: 3 0x8000958e (0x41d3d2b3) x 5 0xffffb001
core   0: 0x80009592 (0x037a7833) remu    a6, s4, s7
core   0: 3 0x80009592 (0x037a7833) x16 0x00000000
core   0: 0x80009596 (0x00c01633) sll     a2, zero, a2
core   0: 3 0x80009596 (0x00c01633) x12 0x00000000
core   0: 0x8000959a (0x0000ed81) c.bnez  a1, pc + 24
core   0: 3 0x8000959a (0xed81)
core   0: 0x8000959c (0x08b90293) addi    t0, s2, 139
core   0: 3 0x8000959c (0x08b90293) x 5 0x0000008a
core   0: 0x800095a0 (0x00008d69) c.and   a0, a0
core   0: 3 0x800095a0 (0x8d69) x10 0x51938000
core   0: 0x800095a2 (0xc42ae313) ori     t1, s5, -958
core   0: 3 0x800095a2 (0xc42ae313) x 6 0xfffffce6
core   0: 0x800095a6 (0x000084d9) c.srai  s1, 22
core   0: 3 0x800095a6 (0x84d9) x 9 0x00000000
core   0: 0x800095a8 (0x00dc2433) slt     s0, s8, a3
core   0: 3 0x800095a8 (0x00dc2433) x 8 0x00000000
core   0: 0x800095ac (0x00000001) c.nop
core   0: 3 0x800095ac (0x0001)
core   0: 0x800095ae (0xda0bc293) xori    t0, s7, -608
core   0: 3 0x800095ae (0xda0bc293) x 5 0x0000025f
core   0: 0x800095b2 (0x0000014a) c.slli  sp, 18
core   0: 3 0x800095b2 (0x014a) x 2 0x00000000
core   0: 0x800095b4 (0x00008599) c.srai  a1, 6
core   0: 3 0x800095b4 (0x8599) x11 0x00000000
core   0: 0x800095b6 (0x00f9e633) or      a2, s3, a5
core   0: 3 0x800095b6 (0x00f9e633) x12 0x80000000
core   0: 0x800095ba (0x03a9fb33) remu    s6, s3, s10
core   0: 3 0x800095ba (0x03a9fb33) x22 0x0000002c
core   0: 0x800095be (0x000086d6) c.mv    a3, s5
core   0: 3 0x800095be (0x86d6) x13 0x80029ce4
core   0: 0x800095c0 (0x00000a84) c.addi4spn s1, sp, 336
core   0: 3 0x800095c0 (0x0a84) x 9 0x00000150
core   0: 0x800095c2 (0x00008976) c.mv    s2, t4
core   0: 3 0x800095c2 (0x8976) x18 0x0001e000
core   0: 0x800095c4 (0x00008da9) c.xor   a1, a0
core   0: 3 0x800095c4 (0x8da9) x11 0x51938000
core   0: 0x800095c6 (0xc5e46413) ori     s0, s0, -930
core   0: 3 0x800095c6 (0xc5e46413) x 8 0xfffffc5e
core   0: 0x800095ca (0x000083dd) c.srli  a5, 23
core   0: 3 0x800095ca (0x83dd) x15 0x00000000
core   0: 0x800095cc (0x03757a63) bgeu    a0, s7, pc + 52
core   0: 3 0x800095cc (0x03757a63)
core   0: 0x800095d0 (0x0000c791) c.beqz  a5, pc + 12
core   0: 3 0x800095d0 (0xc791)
core   0: 0x800095dc (0xf5934993) xori    s3, t1, -167
core   0: 3 0x800095dc (0xf5934993) x19 0x000003bf
core   0: 0x800095e0 (0x02fa05b3) mul     a1, s4, a5
core   0: 3 0x800095e0 (0x02fa05b3) x11 0x00000000
core   0: 0x800095e4 (0x00025e63) bgez    tp, pc + 28
core   0: 3 0x800095e4 (0x00025e63)
core   0: 0x800095e8 (0x0000997d) c.andi  a0, -1
core   0: 3 0x800095e8 (0x997d) x10 0x51938000
core   0: 0x800095ea (0x00000001) c.nop
core   0: 3 0x800095ea (0x0001)
core   0: 0x800095ec (0x0189de63) bge     s3, s8, pc + 28
core   0: 3 0x800095ec (0x0189de63)
core   0: 0x800095f0 (0x036e5033) divu    zero, t3, s6
core   0: 3 0x800095f0 (0x036e5033)
core   0: 0x800095f4 (0x00008061) c.srli  s0, 24
core   0: 3 0x800095f4 (0x8061) x 8 0x000000ff
core   0: 0x800095f6 (0x65054c13) xori    s8, a0, 1616
core   0: 3 0x800095f6 (0x65054c13) x24 0x51938650
core   0: 0x800095fa (0x03e95a33) divu    s4, s2, t5
core   0: 3 0x800095fa (0x03e95a33) x20 0xffffffff
core   0: 0x800095fe (0x00000108) c.addi4spn a0, sp, 128
core   0: 3 0x800095fe (0x0108) x10 0x00000080
core   0: 0x80009600 (0x006f7263) bgeu    t5, t1, pc + 4
core   0: 3 0x80009600 (0x006f7263)
core   0: 0x80009604 (0x00785493) srli    s1, a6, 7
core   0: 3 0x80009604 (0x00785493) x 9 0x00000000
core   0: 0x80009608 (0x01dec563) blt     t4, t4, pc + 10
core   0: 3 0x80009608 (0x01dec563)
core   0: 0x8000960c (0x00638d63) beq     t2, t1, pc + 26
core   0: 3 0x8000960c (0x00638d63)
core   0: 0x80009610 (0x000014fd) c.addi  s1, -1
core   0: 3 0x80009610 (0x14fd) x 9 0xffffffff
core   0: 0x80009612 (0x008e04b3) add     s1, t3, s0
core   0: 3 0x80009612 (0x008e04b3) x 9 0x000000ff
core   0: 0x80009616 (0x03f9ca63) blt     s3, t6, pc + 52
core   0: 3 0x80009616 (0x03f9ca63)
core   0: 0x8000961a (0x01691e93) slli    t4, s2, 22
core   0: 3 0x8000961a (0x01691e93) x29 0x00000000
core   0: 0x8000961e (0x00008245) c.srli  a2, 17
core   0: 3 0x8000961e (0x8245) x12 0x00004000
core   0: 0x80009620 (0x038ca733) mulhsu  a4, s9, s8
core   0: 3 0x80009620 (0x038ca733) x14 0xd736fe0f
core   0: 0x80009624 (0x000083b1) c.srli  a5, 12
core   0: 3 0x80009624 (0x83b1) x15 0x00000000
core   0: 0x80009626 (0x009b7f63) bgeu    s6, s1, pc + 30
core   0: 3 0x80009626 (0x009b7f63)
core   0: 0x8000962a (0x04eb1163) bne     s6, a4, pc + 66
core   0: 3 0x8000962a (0x04eb1163)
core   0: 0x8000966c (0x00008d79) c.and   a0, a4
core   0: 3 0x8000966c (0x8d79) x10 0x00000000
core   0: 0x8000966e (0x03820c33) mul     s8, tp, s8
core   0: 3 0x8000966e (0x03820c33) x24 0x00000000
core   0: 0x80009672 (0x02a619b3) mulh    s3, a2, a0
core   0: 3 0x80009672 (0x02a619b3) x19 0x00000000
core   0: 0x80009676 (0x02c2c363) blt     t0, a2, pc + 38
core   0: 3 0x80009676 (0x02c2c363)
core   0: 0x8000969c (0x23dc4513) xori    a0, s8, 573
core   0: 3 0x8000969c (0x23dc4513) x10 0x0000023d
core   0: 0x800096a0 (0xc0fecc37) lui     s8, 0xc0fec
core   0: 3 0x800096a0 (0xc0fecc37) x24 0xc0fec000
core   0: 0x800096a4 (0x00008c2d) c.xor   s0, a1
core   0: 3 0x800096a4 (0x8c2d) x 8 0x000000ff
core   0: 0x800096a6 (0x00008fd5) c.or    a5, a3
core   0: 3 0x800096a6 (0x8fd5) x15 0x80029ce4
core   0: 0x800096a8 (0x007b14b3) sll     s1, s6, t2
core   0: 3 0x800096a8 (0x007b14b3) x 9 0x00000058
core   0: 0x800096ac (0x41260533) sub     a0, a2, s2
core   0: 3 0x800096ac (0x41260533) x10 0xfffe6000
core   0: 0x800096b0 (0x00163433) sltu    s0, a2, ra
core   0: 3 0x800096b0 (0x00163433) x 8 0x00000001
core   0: 0x800096b4 (0x00009afd) c.andi  a3, -1
core   0: 3 0x800096b4 (0x9afd) x13 0x80029ce4
core   0: 0x800096b6 (0x000089b1) c.andi  a1, 12
core   0: 3 0x800096b6 (0x89b1) x11 0x00000000
core   0: 0x800096b8 (0x0073de63) bge     t2, t2, pc + 28
core   0: 3 0x800096b8 (0x0073de63)
core   0: 0x800096d4 (0x0000997d) c.andi  a0, -1
core   0: 3 0x800096d4 (0x997d) x10 0xfffe6000
core   0: 0x800096d6 (0x0000e989) c.bnez  a1, pc + 18
core   0: 3 0x800096d6 (0xe989)
core   0: 0x800096d8 (0x0000ce9d) c.beqz  a3, pc + 62
core   0: 3 0x800096d8 (0xce9d)
core   0: 0x800096da (0x027b88b3) mul     a7, s7, t2
core   0: 3 0x800096da (0x027b88b3) x17 0x00004fff
core   0: 0x800096de (0x27ad2037) lui     zero, 0x27ad2
core   0: 3 0x800096de (0x27ad2037)
core   0: 0x800096e2 (0x000087e6) c.mv    a5, s9
core   0: 3 0x800096e2 (0x87e6) x15 0x80025e58
core   0: 0x800096e4 (0x0041b433) sltu    s0, gp, tp
core   0: 3 0x800096e4 (0x0041b433) x 8 0x00000001
core   0: 0x800096e8 (0x00001d0c) c.addi4spn a1, sp, 688
core   0: 3 0x800096e8 (0x1d0c) x11 0x000002b0
core   0: 0x800096ea (0xa7512e93) slti    t4, sp, -1419
core   0: 3 0x800096ea (0xa7512e93) x29 0x00000000
core   0: 0x800096ee (0x0000717d) c.addi16sp sp, -16
core   0: 3 0x800096ee (0x717d) x 2 0xfffffff0
core   0: 0x800096f0 (0xe041fb93) andi    s7, gp, -508
core   0: 3 0x800096f0 (0xe041fb93) x23 0x0000a000
core   0: 0x800096f4 (0x01528763) beq     t0, s5, pc + 14
core   0: 3 0x800096f4 (0x01528763)
core   0: 0x800096f8 (0x00008eed) c.and   a3, a1
core   0: 3 0x800096f8 (0x8eed) x13 0x000000a0
core   0: 0x800096fa (0x015adfb3) srl     t6, s5, s5
core   0: 3 0x800096fa (0x015adfb3) x31 0x080029ce
core   0: 0x800096fe (0x03e30033) mul     zero, t1, t5
core   0: 3 0x800096fe (0x03e30033)
core   0: 0x80009702 (0x000085d1) c.srai  a1, 20
core   0: 3 0x80009702 (0x85d1) x11 0x00000000
core   0: 0x80009704 (0x02d3d363) bge     t2, a3, pc + 38
core   0: 3 0x80009704 (0x02d3d363)
core   0: 0x80009708 (0x0000e989) c.bnez  a1, pc + 18
core   0: 3 0x80009708 (0xe989)
core   0: 0x8000970a (0x00008db9) c.xor   a1, a4
core   0: 3 0x8000970a (0x8db9) x11 0xd736fe0f
core   0: 0x8000970c (0x0c553093) sltiu   ra, a0, 197
core   0: 3 0x8000970c (0x0c553093) x 1 0x00000000
core   0: 0x80009710 (0x016deb33) or      s6, s11, s6
core   0: 3 0x80009710 (0x016deb33) x22 0x0001302c
core   0: 0x80009714 (0x00006a21) c.lui   s4, 0x8
core   0: 3 0x80009714 (0x6a21) x20 0x00008000
core   0: 0x80009716 (0x02158763) beq     a1, ra, pc + 46
core   0: 3 0x80009716 (0x02158763)
core   0: 0x8000971a (0x02e62633) mulhsu  a2, a2, a4
core   0: 3 0x8000971a (0x02e62633) x12 0x000035cd
core   0: 0x8000971e (0xf7530d13) addi    s10, t1, -139
core   0: 3 0x8000971e (0xf7530d13) x26 0xfffffc5b
core   0: 0x80009722 (0x02da6fb3) rem     t6, s4, a3
core   0: 3 0x80009722 (0x02da6fb3) x31 0x00000080
core   0: 0x80009726 (0x0000717d) c.addi16sp sp, -16
core   0: 3 0x80009726 (0x717d) x 2 0xffffffe0
core   0: 0x80009728 (0x00000001) c.nop
core   0: 3 0x80009728 (0x0001)
core   0: 0x8000972a (0x000083b2) c.mv    t2, a2
core   0: 3 0x8000972a (0x83b2) x 7 0x000035cd
core   0: 0x8000972c (0x00009936) c.add   s2, a3
core   0: 3 0x8000972c (0x9936) x18 0x0001e0a0
core   0: 0x8000972e (0x00008cb5) c.xor   s1, a3
core   0: 3 0x8000972e (0x8cb5) x 9 0x000000f8
core   0: 0x80009730 (0x2559ba13) sltiu   s4, s3, 597
core   0: 3 0x80009730 (0x2559ba13) x20 0x00000001
core   0: 0x80009734 (0x000086f1) c.srai  a3, 28
core   0: 3 0x80009734 (0x86f1) x13 0x00000000
core   0: 0x80009736 (0x00009b96) c.add   s7, t0
core   0: 3 0x80009736 (0x9b96) x23 0x0000a25f
core   0: 0x80009738 (0x01f91a33) sll     s4, s2, t6
core   0: 3 0x80009738 (0x01f91a33) x20 0x0001e0a0
core   0: 0x8000973c (0x0328b7b3) mulhu   a5, a7, s2
core   0: 3 0x8000973c (0x0328b7b3) x15 0x00000000
core   0: 0x80009740 (0x00008d85) c.sub   a1, s1
core   0: 3 0x80009740 (0x8d85) x11 0xd736fd17
core   0: 0x80009742 (0x00006121) c.addi16sp sp, 64
core   0: 3 0x80009742 (0x6121) x 2 0x00000020
core   0: 0x80009744 (0x41905b93) srai    s7, zero, 25
core   0: 3 0x80009744 (0x41905b93) x23 0x00000000
core   0: 0x80009748 (0x000094a6) c.add   s1, s1
core   0: 3 0x80009748 (0x94a6) x 9 0x000001f0
core   0: 0x8000974a (0x00000001) c.nop
core   0: 3 0x8000974a (0x0001)
core   0: 0x8000974c (0x0033f1b3) and     gp, t2, gp
core   0: 3 0x8000974c (0x0033f1b3) x 3 0x00002000
core   0: 0x80009750 (0x0215f1b3) remu    gp, a1, ra
core   0: 3 0x80009750 (0x0215f1b3) x 3 0xd736fd17
core   0: 0x80009754 (0x0000100f) fence.i
core   0: 3 0x80009754 (0x0000100f)
core   0: 0x80009758 (0x03576263) bltu    a4, s5, pc + 36
core   0: 3 0x80009758 (0x03576263)
core   0: 0x8000975c (0x013be033) or      zero, s7, s3
core   0: 3 0x8000975c (0x013be033)
core   0: 0x80009760 (0x78418e93) addi    t4, gp, 1924
core   0: 3 0x80009760 (0x78418e93) x29 0xd737049b
core   0: 0x80009764 (0x0240f1b3) remu    gp, ra, tp
core   0: 3 0x80009764 (0x0240f1b3) x 3 0x00000000
core   0: 0x80009768 (0x02c40b33) mul     s6, s0, a2
core   0: 3 0x80009768 (0x02c40b33) x22 0x000035cd
core   0: 0x8000976c (0x0266fe63) bgeu    a3, t1, pc + 60
core   0: 3 0x8000976c (0x0266fe63)
core   0: 0x80009770 (0x0000100f) fence.i
core   0: 3 0x80009770 (0x0000100f)
core   0: 0x80009774 (0x00008649) c.srai  a2, 18
core   0: 3 0x80009774 (0x8649) x12 0x00000000
core   0: 0x80009776 (0x036520b3) mulhsu  ra, a0, s6
core   0: 3 0x80009776 (0x036520b3) x 1 0xffffffff
core   0: 0x8000977a (0x00005bfd) c.li    s7, -1
core   0: 3 0x8000977a (0x5bfd) x23 0xffffffff
core   0: 0x8000977c (0x0117c6b3) xor     a3, a5, a7
core   0: 3 0x8000977c (0x0117c6b3) x13 0x00004fff
core   0: 0x80009780 (0x40380533) sub     a0, a6, gp
core   0: 3 0x80009780 (0x40380533) x10 0x00000000
core   0: 0x80009784 (0x000065d9) c.lui   a1, 0x16
core   0: 3 0x80009784 (0x65d9) x11 0x00016000
core   0: 0x80009786 (0x028f8133) mul     sp, t6, s0
core   0: 3 0x80009786 (0x028f8133) x 2 0x00000080
core   0: 0x8000978a (0x004c6863) bltu    s8, tp, pc + 16
core   0: 3 0x8000978a (0x004c6863)
core   0: 0x8000978e (0x03193833) mulhu   a6, s2, a7
core   0: 3 0x8000978e (0x03193833) x16 0x00000000
core   0: 0x80009792 (0x0ff0000f) fence   iorw,iorw
core   0: 3 0x80009792 (0x0ff0000f)
core   0: 0x80009796 (0x00006145) c.addi16sp sp, 48
core   0: 3 0x80009796 (0x6145) x 2 0x000000b0
core   0: 0x80009798 (0x0000987d) c.andi  s0, -1
core   0: 3 0x80009798 (0x987d) x 8 0x00000001
core   0: 0x8000979a (0x04297163) bgeu    s2, sp, pc + 66
core   0: 3 0x8000979a (0x04297163)
core   0: 0x800097dc (0x03b2f0b3) remu    ra, t0, s11
core   0: 3 0x800097dc (0x03b2f0b3) x 1 0x0000025f
core   0: 0x800097e0 (0x9fbfb037) lui     zero, 0x9fbfb
core   0: 3 0x800097e0 (0x9fbfb037)
core   0: 0x800097e4 (0x00008f91) c.sub   a5, a2
core   0: 3 0x800097e4 (0x8f91) x15 0x00000000
core   0: 0x800097e6 (0x03b84a33) div     s4, a6, s11
core   0: 3 0x800097e6 (0x03b84a33) x20 0x00000000
core   0: 0x800097ea (0x00008451) c.srai  s0, 20
core   0: 3 0x800097ea (0x8451) x 8 0x00000000
core   0: 0x800097ec (0x0000e359) c.bnez  a4, pc + 134
core   0: 3 0x800097ec (0xe359)
core   0: 0x80009872 (0x006641b3) xor     gp, a2, t1
core   0: 3 0x80009872 (0x006641b3) x 3 0xfffffce6
core   0: 0x80009876 (0x021e72b3) remu    t0, t3, ra
core   0: 3 0x80009876 (0x021e72b3) x 5 0x00000000
core   0: 0x8000987a (0x01a629b3) slt     s3, a2, s10
core   0: 3 0x8000987a (0x01a629b3) x19 0x00000000
core   0: 0x8000987e (0x0000e88d) c.bnez  s1, pc + 50
core   0: 3 0x8000987e (0xe88d)
core   0: 0x800098b0 (0x03377263) bgeu    a4, s3, pc + 36
core   0: 3 0x800098b0 (0x03377263)
core   0: 0x800098d4 (0x56a6ff93) andi    t6, a3, 1386
core   0: 3 0x800098d4 (0x56a6ff93) x31 0x0000056a
core   0: 0x800098d8 (0x00049c33) sll     s8, s1, zero
core   0: 3 0x800098d8 (0x00049c33) x24 0x000001f0
core   0: 0x800098dc (0x039220b3) mulhsu  ra, tp, s9
core   0: 3 0x800098dc (0x039220b3) x 1 0xbffed0d4
core   0: 0x800098e0 (0x000087fa) c.mv    a5, t5
core   0: 3 0x800098e0 (0x87fa) x15 0x00000000
core   0: 0x800098e2 (0x0ff0000f) fence   iorw,iorw
core   0: 3 0x800098e2 (0x0ff0000f)
core   0: 0x800098e6 (0x01883d33) sltu    s10, a6, s8
core   0: 3 0x800098e6 (0x01883d33) x26 0x00000001
core   0: 0x800098ea (0x0000567d) c.li    a2, -1
core   0: 3 0x800098ea (0x567d) x12 0xffffffff
core   0: 0x800098ec (0xaa050e13) addi    t3, a0, -1376
core   0: 3 0x800098ec (0xaa050e13) x28 0xfffffaa0
core   0: 0x800098f0 (0x00009e86) c.add   t4, ra
core   0: 3 0x800098f0 (0x9e86) x29 0x9735d56f
core   0: 0x800098f2 (0x00000001) c.nop
core   0: 3 0x800098f2 (0x0001)
core   0: 0x800098f4 (0x021bfb63) bgeu    s7, ra, pc + 54
core   0: 3 0x800098f4 (0x021bfb63)
core   0: 0x8000992a (0x04f48063) beq     s1, a5, pc + 64
core   0: 3 0x8000992a (0x04f48063)
core   0: 0x8000992e (0x40f882b3) sub     t0, a7, a5
core   0: 3 0x8000992e (0x40f882b3) x 5 0x00004fff
core   0: 0x80009932 (0x008a9f93) slli    t6, s5, 8
core   0: 3 0x80009932 (0x008a9f93) x31 0x029ce400
core   0: 0x80009936 (0x01e39093) slli    ra, t2, 30
core   0: 3 0x80009936 (0x01e39093) x 1 0x40000000
core   0: 0x8000993a (0x03d92db3) mulhsu  s11, s2, t4
core   0: 3 0x8000993a (0x03d92db3) x27 0x00011be3
core   0: 0x8000993e (0x0ff0000f) fence   iorw,iorw
core   0: 3 0x8000993e (0x0ff0000f)
core   0: 0x80009942 (0x0000197d) c.addi  s2, -1
core   0: 3 0x80009942 (0x197d) x18 0x0001e09f
core   0: 0x80009944 (0x40380c33) sub     s8, a6, gp
core   0: 3 0x80009944 (0x40380c33) x24 0x0000031a
core   0: 0x80009948 (0x00000b46) c.slli  s6, 17
core   0: 3 0x80009948 (0x0b46) x22 0x6b9a0000
core   0: 0x8000994a (0x00008d25) c.xor   a0, s1
core   0: 3 0x8000994a (0x8d25) x10 0x000001f0
core   0: 0x8000994c (0x01e628b3) slt     a7, a2, t5
core   0: 3 0x8000994c (0x01e628b3) x17 0x00000001
core   0: 0x80009950 (0x0813a093) slti    ra, t2, 129
core   0: 3 0x80009950 (0x0813a093) x 1 0x00000000
core   0: 0x80009954 (0x000050fd) c.li    ra, -1
core   0: 3 0x80009954 (0x50fd) x 1 0xffffffff
core   0: 0x80009956 (0x00000746) c.slli  a4, 17
core   0: 3 0x80009956 (0x0746) x14 0xfc1e0000
core   0: 0x80009958 (0x000008ce) c.slli  a7, 19
core   0: 3 0x80009958 (0x08ce) x17 0x00080000
core   0: 0x8000995a (0x0224cb63) blt     s1, sp, pc + 54
core   0: 3 0x8000995a (0x0224cb63)
core   0: 0x8000995e (0x02073c33) mulhu   s8, a4, zero
core   0: 3 0x8000995e (0x02073c33) x24 0x00000000
core   0: 0x80009962 (0x010b02b3) add     t0, s6, a6
core   0: 3 0x80009962 (0x010b02b3) x 5 0x6b9a0000
core   0: 0x80009966 (0x0304fc33) remu    s8, s1, a6
core   0: 3 0x80009966 (0x0304fc33) x24 0x000001f0
core   0: 0x8000996a (0x00d11533) sll     a0, sp, a3
core   0: 3 0x8000996a (0x00d11533) x10 0x00000000
core   0: 0x8000996e (0x32ca8613) addi    a2, s5, 812
core   0: 3 0x8000996e (0x32ca8613) x12 0x8002a010
core   0: 0x80009972 (0x00008f05) c.sub   a4, s1
core   0: 3 0x80009972 (0x8f05) x14 0xfc1dfe10
core   0: 0x80009974 (0x001a0c63) beq     s4, ra, pc + 24
core   0: 3 0x80009974 (0x001a0c63)
core   0: 0x80009978 (0xb2280113) addi    sp, a6, -1246
core   0: 3 0x80009978 (0xb2280113) x 2 0xfffffb22
core   0: 0x8000997c (0x76408493) addi    s1, ra, 1892
core   0: 3 0x8000997c (0x76408493) x 9 0x00000763
core   0: 0x80009980 (0x00529663) bne     t0, t0, pc + 12
core   0: 3 0x80009980 (0x00529663)
core   0: 0x80009984 (0x000085f5) c.srai  a1, 29
core   0: 3 0x80009984 (0x85f5) x11 0x00000000
core   0: 0x80009986 (0x0213b8b3) mulhu   a7, t2, ra
core   0: 3 0x80009986 (0x0213b8b3) x17 0x000035cc
core   0: 0x8000998a (0x00008edd) c.or    a3, a5
core   0: 3 0x8000998a (0x8edd) x13 0x00004fff
core   0: 0x8000998c (0x00008841) c.andi  s0, 16
core   0: 3 0x8000998c (0x8841) x 8 0x00000000
core   0: 0x8000998e (0x00000001) c.nop
core   0: 3 0x8000998e (0x0001)
core   0: 0x80009990 (0x00001e1c) c.addi4spn a5, sp, 816
core   0: 3 0x80009990 (0x1e1c) x15 0xfffffe52
core   0: 0x80009992 (0x4111d593) srai    a1, gp, 17
core   0: 3 0x80009992 (0x4111d593) x11 0xffffffff
core   0: 0x80009996 (0x00000001) c.nop
core   0: 3 0x80009996 (0x0001)
core   0: 0x80009998 (0x0008c333) xor     t1, a7, zero
core   0: 3 0x80009998 (0x0008c333) x 6 0x000035cc
core   0: 0x8000999c (0x01c48f33) add     t5, s1, t3
core   0: 3 0x8000999c (0x01c48f33) x30 0x00000203
core   0: 0x800099a0 (0xbf16f893) andi    a7, a3, -1039
core   0: 3 0x800099a0 (0xbf16f893) x17 0x00004bf1
core   0: 0x800099a4 (0x02deb5b3) mulhu   a1, t4, a3
core   0: 3 0x800099a4 (0x02deb5b3) x11 0x00002f40
core   0: 0x800099a8 (0x016cd433) srl     s0, s9, s6
core   0: 3 0x800099a8 (0x016cd433) x 8 0x80025e58
core   0: 0x800099ac (0x00008b99) c.andi  a5, 6
core   0: 3 0x800099ac (0x8b99) x15 0x00000002
core   0: 0x800099ae (0x00000001) c.nop
core   0: 3 0x800099ae (0x0001)
core   0: 0x800099b0 (0x0040076f) jal     a4, pc + 0x4
core   0: 3 0x800099b0 (0x0040076f) x14 0x800099b4
core   0: 0x800099b4 (0x0000a831) c.j     pc + 28
core   0: 3 0x800099b4 (0xa831)
core   0: 0x800099d0 (0x00002801) c.jal   pc + 16
core   0: 3 0x800099d0 (0x2801) x 1 0x800099d2
core   0: 0x800099e0 (0x0000a029) c.j     pc + 10
core   0: 3 0x800099e0 (0xa029)
core   0: 0x800099ea (0x00003fd5) c.jal   pc - 12
core   0: 3 0x800099ea (0x3fd5) x 1 0x800099ec
core   0: 0x800099de (0x0000bfd5) c.j     pc - 12
core   0: 3 0x800099de (0xbfd5)
core   0: 0x800099d2 (0x00002809) c.jal   pc + 18
core   0: 3 0x800099d2 (0x2809) x 1 0x800099d4
core   0: 0x800099e4 (0x00002031) c.jal   pc + 12
core   0: 3 0x800099e4 (0x2031) x 1 0x800099e6
core   0: 0x800099f0 (0xfdfff36f) jal     t1, pc - 0x22
core   0: 3 0x800099f0 (0xfdfff36f) x 6 0x800099f4
core   0: 0x800099ce (0x0000a839) c.j     pc + 30
core   0: 3 0x800099ce (0xa839)
core   0: 0x800099ec (0x00003fd1) c.jal   pc - 44
core   0: 3 0x800099ec (0x3fd1) x 1 0x800099ee
core   0: 0x800099c0 (0x0000a00d) c.j     pc + 34
core   0: 3 0x800099c0 (0xa00d)
core   0: 0x800099e2 (0x000037dd) c.jal   pc - 26
core   0: 3 0x800099e2 (0x37dd) x 1 0x800099e4
core   0: 0x800099c8 (0x00002005) c.jal   pc + 32
core   0: 3 0x800099c8 (0x2005) x 1 0x800099ca
core   0: 0x800099e8 (0x0000b7f5) c.j     pc - 20
core   0: 3 0x800099e8 (0xb7f5)
core   0: 0x800099d4 (0x012000ef) jal     pc + 0x12
core   0: 3 0x800099d4 (0x012000ef) x 1 0x800099d8
core   0: 0x800099e6 (0x0000b7c5) c.j     pc - 32
core   0: 3 0x800099e6 (0xb7c5)
core   0: 0x800099c6 (0x0000bfd5) c.j     pc - 12
core   0: 3 0x800099c6 (0xbfd5)
core   0: 0x800099ba (0x00002009) c.jal   pc + 2
core   0: 3 0x800099ba (0x2009) x 1 0x800099bc
core   0: 0x800099bc (0x006002ef) jal     t0, pc + 0x6
core   0: 3 0x800099bc (0x006002ef) x 5 0x800099c0
core   0: 0x800099c2 (0x01600d6f) jal     s10, pc + 0x16
core   0: 3 0x800099c2 (0x01600d6f) x26 0x800099c6
core   0: 0x800099d8 (0x00003fcd) c.jal   pc - 14
core   0: 3 0x800099d8 (0x3fcd) x 1 0x800099da
core   0: 0x800099ca (0x0240056f) jal     a0, pc + 0x24
core   0: 3 0x800099ca (0x0240056f) x10 0x800099ce
core   0: 0x800099ee (0x0000b7f5) c.j     pc - 20
core   0: 3 0x800099ee (0xb7f5)
core   0: 0x800099da (0x0000bff1) c.j     pc - 36
core   0: 3 0x800099da (0xbff1)
core   0: 0x800099b6 (0x0000a01d) c.j     pc + 38
core   0: 3 0x800099b6 (0xa01d)
core   0: 0x800099dc (0x0000bff1) c.j     pc - 36
core   0: 3 0x800099dc (0xbff1)
core   0: 0x800099b8 (0x0000a835) c.j     pc + 60
core   0: 3 0x800099b8 (0xa835)
core   0: 0x800099f4 (0x5e9e8993) addi    s3, t4, 1513
core   0: 3 0x800099f4 (0x5e9e8993) x19 0x9735db58
core   0: 0x800099f8 (0x00009b7d) c.andi  a4, -1
core   0: 3 0x800099f8 (0x9b7d) x14 0x800099b4
core   0: 0x800099fa (0x01f470b3) and     ra, s0, t6
core   0: 3 0x800099fa (0x01f470b3) x 1 0x00004400
core   0: 0x800099fe (0x01199d13) slli    s10, s3, 17
core   0: 3 0x800099fe (0x01199d13) x26 0xb6b00000
core   0: 0x80009a02 (0x02e379b3) remu    s3, t1, a4
core   0: 3 0x80009a02 (0x02e379b3) x19 0x00000040
core   0: 0x80009a06 (0x00000b8c) c.addi4spn a1, sp, 464
core   0: 3 0x80009a06 (0x0b8c) x11 0xfffffcf2
core   0: 0x80009a08 (0x01f6bbb3) sltu    s7, a3, t6
core   0: 3 0x80009a08 (0x01f6bbb3) x23 0x00000001
core   0: 0x80009a0c (0x00008ee9) c.and   a3, a0
core   0: 3 0x80009a0c (0x8ee9) x13 0x000009ce
core   0: 0x80009a0e (0x15453db7) lui     s11, 0x15453
core   0: 3 0x80009a0e (0x15453db7) x27 0x15453000
core   0: 0x80009a12 (0x034c2a33) mulhsu  s4, s8, s4
core   0: 3 0x80009a12 (0x034c2a33) x20 0x00000000
core   0: 0x80009a16 (0x03077633) remu    a2, a4, a6
core   0: 3 0x80009a16 (0x03077633) x12 0x800099b4
core   0: 0x80009a1a (0x00008241) c.srli  a2, 16
core   0: 3 0x80009a1a (0x8241) x12 0x00008000
core   0: 0x80009a1c (0x01046e63) bltu    s0, a6, pc + 28
core   0: 3 0x80009a1c (0x01046e63)
core   0: 0x80009a20 (0x0323f9b3) remu    s3, t2, s2
core   0: 3 0x80009a20 (0x0323f9b3) x19 0x000035cd
core   0: 0x80009a24 (0x01834263) blt     t1, s8, pc + 4
core   0: 3 0x80009a24 (0x01834263)
core   0: 0x80009a28 (0x01e12f33) slt     t5, sp, t5
core   0: 3 0x80009a28 (0x01e12f33) x30 0x00000001
core   0: 0x80009a2c (0xc6546d93) ori     s11, s0, -923
core   0: 3 0x80009a2c (0xc6546d93) x27 0xfffffe7d
core   0: 0x80009a30 (0x00008ef5) c.and   a3, a3
core   0: 3 0x80009a30 (0x8ef5) x13 0x000009ce
core   0: 0x80009a32 (0x007b5893) srli    a7, s6, 7
core   0: 3 0x80009a32 (0x007b5893) x17 0x00d73400
core   0: 0x80009a36 (0x00008f39) c.xor   a4, a4
core   0: 3 0x80009a36 (0x8f39) x14 0x00000000
core   0: 0x80009a38 (0x00008c69) c.and   s0, a0
core   0: 3 0x80009a38 (0x8c69) x 8 0x80001848
core   0: 0x80009a3a (0x0542c063) blt     t0, s4, pc + 64
core   0: 3 0x80009a3a (0x0542c063)
core   0: 0x80009a7a (0x00008ff5) c.and   a5, a3
core   0: 3 0x80009a7a (0x8ff5) x15 0x00000002
core   0: 0x80009a7c (0x80337f93) andi    t6, t1, -2045
core   0: 3 0x80009a7c (0x80337f93) x31 0x80009800
core   0: 0x80009a80 (0x01df1413) slli    s0, t5, 29
core   0: 3 0x80009a80 (0x01df1413) x 8 0x20000000
core   0: 0x80009a84 (0x000085b1) c.srai  a1, 12
core   0: 3 0x80009a84 (0x85b1) x11 0xffffffff
core   0: 0x80009a86 (0x0129f013) andi    zero, s3, 18
core   0: 3 0x80009a86 (0x0129f013)
core   0: 0x80009a8a (0x00008c9d) c.sub   s1, a5
core   0: 3 0x80009a8a (0x8c9d) x 9 0x00000761
core   0: 0x80009a8c (0x0000567d) c.li    a2, -1
core   0: 3 0x80009a8c (0x567d) x12 0xffffffff
core   0: 0x80009a8e (0x03999633) mulh    a2, s3, s9
core   0: 3 0x80009a8e (0x03999633) x12 0xffffe519
core   0: 0x80009a92 (0x0ff0000f) fence   iorw,iorw
core   0: 3 0x80009a92 (0x0ff0000f)
core   0: 0x80009a96 (0x021489b3) mul     s3, s1, ra
core   0: 3 0x80009a96 (0x021489b3) x19 0x01f5c400
core   0: 0x80009a9a (0x01891313) slli    t1, s2, 24
core   0: 3 0x80009a9a (0x01891313) x 6 0x9f000000
core   0: 0x80009a9e (0x0000e221) c.bnez  a2, pc + 64
core   0: 3 0x80009a9e (0xe221)
core   0: 0x80009ade (0x0cfc38b7) lui     a7, 0xcfc3
core   0: 3 0x80009ade (0x0cfc38b7) x17 0x0cfc3000
core   0: 0x80009ae2 (0x006f22b3) slt     t0, t5, t1
core   0: 3 0x80009ae2 (0x006f22b3) x 5 0x00000000
core   0: 0x80009ae6 (0x0000e19d) c.bnez  a1, pc + 38
core   0: 3 0x80009ae6 (0xe19d)
core   0: 0x80009b0c (0x00004b31) c.li    s6, 12
core   0: 3 0x80009b0c (0x4b31) x22 0x0000000c
core   0: 0x80009b0e (0x000a8663) beqz    s5, pc + 12
core   0: 3 0x80009b0e (0x000a8663)
core   0: 0x80009b12 (0x4178dfb3) sra     t6, a7, s7
core   0: 3 0x80009b12 (0x4178dfb3) x31 0x067e1800
core   0: 0x80009b16 (0x00000b8c) c.addi4spn a1, sp, 464
core   0: 3 0x80009b16 (0x0b8c) x11 0xfffffcf2
core   0: 0x80009b18 (0x00008745) c.srai  a4, 17
core   0: 3 0x80009b18 (0x8745) x14 0x00000000
core   0: 0x80009b1a (0x02acf533) remu    a0, s9, a0
core   0: 3 0x80009b1a (0x02acf533) x10 0x0001c48a
core   0: 0x80009b1e (0x0266f363) bgeu    a3, t1, pc + 38
core   0: 3 0x80009b1e (0x0266f363)
core   0: 0x80009b22 (0x020b5433) divu    s0, s6, zero
core   0: 3 0x80009b22 (0x020b5433) x 8 0xffffffff
core   0: 0x80009b26 (0x00008dc1) c.or    a1, s0
core   0: 3 0x80009b26 (0x8dc1) x11 0xffffffff
core   0: 0x80009b28 (0x0000100f) fence.i
core   0: 3 0x80009b28 (0x0000100f)
core   0: 0x80009b2c (0x0000ea99) c.bnez  a3, pc + 22
core   0: 3 0x80009b2c (0xea99)
core   0: 0x80009b42 (0x00008f21) c.xor   a4, s0
core   0: 3 0x80009b42 (0x8f21) x14 0xffffffff
core   0: 0x80009b44 (0x88a57493) andi    s1, a0, -1910
core   0: 3 0x80009b44 (0x88a57493) x 9 0x0001c08a
core   0: 0x80009b48 (0x00008e09) c.sub   a2, a0
core   0: 3 0x80009b48 (0x8e09) x12 0xfffe208f
core   0: 0x80009b4a (0xdbe56993) ori     s3, a0, -578
core   0: 3 0x80009b4a (0xdbe56993) x19 0xfffffdbe
core   0: 0x80009b4e (0x09a4fe17) auipc   t3, 0x9a4f
core   0: 3 0x80009b4e (0x09a4fe17) x28 0x89a58b4e
core   0: 0x80009b52 (0x07798363) beq     s3, s7, pc + 102
core   0: 3 0x80009b52 (0x07798363)
core   0: 0x80009b56 (0x00008551) c.srai  a0, 20
core   0: 3 0x80009b56 (0x8551) x10 0x00000000
core   0: 0x80009b58 (0x41a68533) sub     a0, a3, s10
core   0: 3 0x80009b58 (0x41a68533) x10 0x495009ce
core   0: 0x80009b5c (0x07541363) bne     s0, s5, pc + 102
core   0: 3 0x80009b5c (0x07541363)
core   0: 0x80009bc2 (0x0c688313) addi    t1, a7, 198
core   0: 3 0x80009bc2 (0x0c688313) x 6 0x0cfc30c6
core   0: 0x80009bc6 (0x5aff3b93) sltiu   s7, t5, 1455
core   0: 3 0x80009bc6 (0x5aff3b93) x23 0x00000001
core   0: 0x80009bca (0x02eb9e33) mulh    t3, s7, a4
core   0: 3 0x80009bca (0x02eb9e33) x28 0xffffffff
core   0: 0x80009bce (0x68baf937) lui     s2, 0x68baf
core   0: 3 0x80009bce (0x68baf937) x18 0x68baf000
core   0: 0x80009bd2 (0x00006115) c.addi16sp sp, 288
core   0: 3 0x80009bd2 (0x6115) x 2 0xfffffc42
core   0: 0x80009bd4 (0x00008fc9) c.or    a5, a0
core   0: 3 0x80009bd4 (0x8fc9) x15 0x495009ce
core   0: 0x80009bd6 (0x00008fd6) c.mv    t6, s5
core   0: 3 0x80009bd6 (0x8fd6) x31 0x80029ce4
core   0: 0x80009bd8 (0x0ff0000f) fence   iorw,iorw
core   0: 3 0x80009bd8 (0x0ff0000f)
core   0: 0x80009bdc (0xf7378d93) addi    s11, a5, -141
core   0: 3 0x80009bdc (0xf7378d93) x27 0x49500941
core   0: 0x80009be0 (0x02c89db3) mulh    s11, a7, a2
core   0: 3 0x80009be0 (0x02c89db3) x27 0xffffe7ae
core   0: 0x80009be4 (0x00173db3) sltu    s11, a4, ra
core   0: 3 0x80009be4 (0x00173db3) x27 0x00000000
core   0: 0x80009be8 (0x00645693) srli    a3, s0, 6
core   0: 3 0x80009be8 (0x00645693) x13 0x03ffffff
core   0: 0x80009bec (0x7faf7393) andi    t2, t5, 2042
core   0: 3 0x80009bec (0x7faf7393) x 7 0x00000000
core   0: 0x80009bf0 (0x000040c9) c.li    ra, 18
core   0: 3 0x80009bf0 (0x40c9) x 1 0x00000012
core   0: 0x80009bf2 (0x01279c13) slli    s8, a5, 18
core   0: 3 0x80009bf2 (0x01279c13) x24 0x27380000
core   0: 0x80009bf6 (0x00000001) c.nop
core   0: 3 0x80009bf6 (0x0001)
core   0: 0x80009bf8 (0x0000100f) fence.i
core   0: 3 0x80009bf8 (0x0000100f)
core   0: 0x80009bfc (0x008cff33) and     t5, s9, s0
core   0: 3 0x80009bfc (0x008cff33) x30 0x80025e58
core   0: 0x80009c00 (0x00008dce) c.mv    s11, s3
core   0: 3 0x80009c00 (0x8dce) x27 0xfffffdbe
core   0: 0x80009c02 (0x0000ee91) c.bnez  a3, pc + 28
core   0: 3 0x80009c02 (0xee91)
core   0: 0x80009c1e (0x406b06b3) sub     a3, s6, t1
core   0: 3 0x80009c1e (0x406b06b3) x13 0xf303cf46
core   0: 0x80009c22 (0x00e11633) sll     a2, sp, a4
core   0: 3 0x80009c22 (0x00e11633) x12 0x00000000
core   0: 0x80009c26 (0x00006f6d) c.lui   t5, 0x1b
core   0: 3 0x80009c26 (0x6f6d) x30 0x0001b000
core   0: 0x80009c28 (0x00008db9) c.xor   a1, a4
core   0: 3 0x80009c28 (0x8db9) x11 0x00000000
core   0: 0x80009c2a (0x0ff07637) lui     a2, 0xff07
core   0: 3 0x80009c2a (0x0ff07637) x12 0x0ff07000
core   0: 0x80009c2e (0x00008c55) c.or    s0, a3
core   0: 3 0x80009c2e (0x8c55) x 8 0xffffffff
core   0: 0x80009c30 (0x0000e981) c.bnez  a1, pc + 16
core   0: 3 0x80009c30 (0xe981)
core   0: 0x80009c32 (0x0ff0000f) fence   iorw,iorw
core   0: 3 0x80009c32 (0x0ff0000f)
core   0: 0x80009c36 (0x036b9163) bne     s7, s6, pc + 34
core   0: 3 0x80009c36 (0x036b9163)
core   0: 0x80009c58 (0x000081a9) c.srli  a1, 10
core   0: 3 0x80009c58 (0x81a9) x11 0x00000000
core   0: 0x80009c5a (0x23ddef17) auipc   t5, 0x23dde
core   0: 3 0x80009c5a (0x23ddef17) x30 0xa3de7c5a
core   0: 0x80009c5e (0x00008e4d) c.or    a2, a1
core   0: 3 0x80009c5e (0x8e4d) x12 0x0ff07000
core   0: 0x80009c60 (0x00008e31) c.xor   a2, a2
core   0: 3 0x80009c60 (0x8e31) x12 0x00000000
core   0: 0x80009c62 (0x02401d63) bne     zero, tp, pc + 58
core   0: 3 0x80009c62 (0x02401d63)
core   0: 0x80009c9c (0x00000884) c.addi4spn s1, sp, 80
core   0: 3 0x80009c9c (0x0884) x 9 0xfffffc92
core   0: 0x80009c9e (0x012d4d63) blt     s10, s2, pc + 26
core   0: 3 0x80009c9e (0x012d4d63)
core   0: 0x80009cb8 (0x409cda13) srai    s4, s9, 9
core   0: 3 0x80009cb8 (0x409cda13) x20 0xffc0012f
core   0: 0x80009cbc (0x0000821d) c.srli  a2, 7
core   0: 3 0x80009cbc (0x821d) x12 0x00000000
core   0: 0x80009cbe (0x00c0076f) jal     a4, pc + 0xc
core   0: 3 0x80009cbe (0x00c0076f) x14 0x80009cc2
core   0: 0x80009cca (0x00002029) c.jal   pc + 10
core   0: 3 0x80009cca (0x2029) x 1 0x80009ccc
core   0: 0x80009cd4 (0xfefff2ef) jal     t0, pc - 0x12
core   0: 3 0x80009cd4 (0xfefff2ef) x 5 0x80009cd8
core   0: 0x80009cc2 (0x00e000ef) jal     pc + 0xe
core   0: 3 0x80009cc2 (0x00e000ef) x 1 0x80009cc6
core   0: 0x80009cd0 (0x0000bfdd) c.j     pc - 10
core   0: 3 0x80009cd0 (0xbfdd)
core   0: 0x80009cc6 (0x0000a031) c.j     pc + 12
core   0: 3 0x80009cc6 (0xa031)
core   0: 0x80009cd2 (0x0000a811) c.j     pc + 20
core   0: 3 0x80009cd2 (0xa811)
core   0: 0x80009ce6 (0x00003fe5) c.jal   pc - 8
core   0: 3 0x80009ce6 (0x3fe5) x 1 0x80009ce8
core   0: 0x80009cde (0xffbff0ef) jal     pc - 0x6
core   0: 3 0x80009cde (0xffbff0ef) x 1 0x80009ce2
core   0: 0x80009cd8 (0xff5ffb6f) jal     s6, pc - 0xc
core   0: 3 0x80009cd8 (0xff5ffb6f) x22 0x80009cdc
core   0: 0x80009ccc (0x01e0016f) jal     sp, pc + 0x1e
core   0: 3 0x80009ccc (0x01e0016f) x 2 0x80009cd0
core   0: 0x80009cea (0x00003fcd) c.jal   pc - 14
core   0: 3 0x80009cea (0x3fcd) x 1 0x80009cec
core   0: 0x80009cdc (0x00002019) c.jal   pc + 6
core   0: 3 0x80009cdc (0x2019) x 1 0x80009cde
core   0: 0x80009ce2 (0x006000ef) jal     pc + 0x6
core   0: 3 0x80009ce2 (0x006000ef) x 1 0x80009ce6
core   0: 0x80009ce8 (0x000037c5) c.jal   pc - 32
core   0: 3 0x80009ce8 (0x37c5) x 1 0x80009cea
core   0: 0x80009cc8 (0x0000a015) c.j     pc + 36
core   0: 3 0x80009cc8 (0xa015)
core   0: 0x80009cec (0x03fffeb3) remu    t4, t6, t6
core   0: 3 0x80009cec (0x03fffeb3) x29 0x00000000
core   0: 0x80009cf0 (0x0000e31d) c.bnez  a4, pc + 38
core   0: 3 0x80009cf0 (0xe31d)
core   0: 0x80009d16 (0x0000717d) c.addi16sp sp, -16
core   0: 3 0x80009d16 (0x717d) x 2 0x80009cc0
core   0: 0x80009d18 (0x000081f1) c.srli  a1, 28
core   0: 3 0x80009d18 (0x81f1) x11 0x00000000
core   0: 0x80009d1a (0x000099fd) c.andi  a1, -1
core   0: 3 0x80009d1a (0x99fd) x11 0x00000000
core   0: 0x80009d1c (0x00009b7d) c.andi  a4, -1
core   0: 3 0x80009d1c (0x9b7d) x14 0x80009cc2
core   0: 0x80009d1e (0x0000818d) c.srli  a1, 3
core   0: 3 0x80009d1e (0x818d) x11 0x00000000
core   0: 0x80009d20 (0x00001d88) c.addi4spn a0, sp, 752
core   0: 3 0x80009d20 (0x1d88) x10 0x80009fb0
core   0: 0x80009d22 (0x0000100f) fence.i
core   0: 3 0x80009d22 (0x0000100f)
core   0: 0x80009d26 (0x00001300) c.addi4spn s0, sp, 416
core   0: 3 0x80009d26 (0x1300) x 8 0x80009e60
core   0: 0x80009d28 (0x40ca5a13) srai    s4, s4, 12
core   0: 3 0x80009d28 (0x40ca5a13) x20 0xfffffc00
core   0: 0x80009d2c (0x40575833) sra     a6, a4, t0
core   0: 3 0x80009d2c (0x40575833) x16 0xffffff80
core   0: 0x80009d30 (0x0000696d) c.lui   s2, 0x1b
core   0: 3 0x80009d30 (0x696d) x18 0x0001b000
core   0: 0x80009d32 (0x0000c241) c.beqz  a2, pc + 128
core   0: 3 0x80009d32 (0xc241)
core   0: 0x80009db2 (0x00008ee9) c.and   a3, a0
core   0: 3 0x80009db2 (0x8ee9) x13 0x80008f00
core   0: 0x80009db4 (0x03866333) rem     t1, a2, s8
core   0: 3 0x80009db4 (0x03866333) x 6 0x00000000
core   0: 0x80009db8 (0x000068b5) c.lui   a7, 0xd
core   0: 3 0x80009db8 (0x68b5) x17 0x0000d000
core   0: 0x80009dba (0x000005dd) c.addi  a1, 23
core   0: 3 0x80009dba (0x05dd) x11 0x00000017
core   0: 0x80009dbc (0x032e8db3) mul     s11, t4, s2
core   0: 3 0x80009dbc (0x032e8db3) x27 0x00000000
core   0: 0x80009dc0 (0x031b20b3) mulhsu  ra, s6, a7
core   0: 3 0x80009dc0 (0x031b20b3) x 1 0xffff9800
core   0: 0x80009dc4 (0x0064f733) and     a4, s1, t1
core   0: 3 0x80009dc4 (0x0064f733) x14 0x00000000
core   0: 0x80009dc8 (0x011fe663) bltu    t6, a7, pc + 12
core   0: 3 0x80009dc8 (0x011fe663)
core   0: 0x80009dcc (0x85efd4b7) lui     s1, 0x85efd
core   0: 3 0x80009dcc (0x85efd4b7) x 9 0x85efd000
core   0: 0x80009dd0 (0xad9c0b13) addi    s6, s8, -1319
core   0: 3 0x80009dd0 (0xad9c0b13) x22 0x2737fad9
core   0: 0x80009dd4 (0x406adf93) srai    t6, s5, 6
core   0: 3 0x80009dd4 (0x406adf93) x31 0xfe000a73
core   0: 0x80009dd8 (0xa42fdbb7) lui     s7, 0xa42fd
core   0: 3 0x80009dd8 (0xa42fdbb7) x23 0xa42fd000
core   0: 0x80009ddc (0x0200076f) jal     a4, pc + 0x20
core   0: 3 0x80009ddc (0x0200076f) x14 0x80009de0
core   0: 0x80009dfc (0x0000b7ed) c.j     pc - 22
core   0: 3 0x80009dfc (0xb7ed)
core   0: 0x80009de6 (0x036000ef) jal     pc + 0x36
core   0: 3 0x80009de6 (0x036000ef) x 1 0x80009dea
core   0: 0x80009e1c (0x000037e1) c.jal   pc - 56
core   0: 3 0x80009e1c (0x37e1) x 1 0x80009e1e
core   0: 0x80009de4 (0x00002021) c.jal   pc + 8
core   0: 3 0x80009de4 (0x2021) x 1 0x80009de6
core   0: 0x80009dec (0x00002031) c.jal   pc + 12
core   0: 3 0x80009dec (0x2031) x 1 0x80009dee
core   0: 0x80009df8 (0x01c000ef) jal     pc + 0x1c
core   0: 3 0x80009df8 (0x01c000ef) x 1 0x80009dfc
core   0: 0x80009e14 (0x00002009) c.jal   pc + 2
core   0: 3 0x80009e14 (0x2009) x 1 0x80009e16
core   0: 0x80009e16 (0xfebff2ef) jal     t0, pc - 0x16
core   0: 3 0x80009e16 (0xfebff2ef) x 5 0x80009e1a
core   0: 0x80009e00 (0x00003fdd) c.jal   pc - 10
core   0: 3 0x80009e00 (0x3fdd) x 1 0x80009e02
core   0: 0x80009df6 (0x0000a819) c.j     pc + 22
core   0: 3 0x80009df6 (0xa819)
core   0: 0x80009e0c (0x0000b7d5) c.j     pc - 28
core   0: 3 0x80009e0c (0xb7d5)
core   0: 0x80009df0 (0x0000bffd) c.j     pc - 2
core   0: 3 0x80009df0 (0xbffd)
core   0: 0x80009dee (0x0000a82d) c.j     pc + 58
core   0: 3 0x80009dee (0xa82d)
core   0: 0x80009e28 (0x0000bfe5) c.j     pc - 8
core   0: 3 0x80009e28 (0xbfe5)
core   0: 0x80009e20 (0xff3ff36f) jal     t1, pc - 0xe
core   0: 3 0x80009e20 (0xff3ff36f) x 6 0x80009e24
core   0: 0x80009e12 (0x00002031) c.jal   pc + 12
core   0: 3 0x80009e12 (0x2031) x 1 0x80009e14
core   0: 0x80009e1e (0x0000b7e5) c.j     pc - 24
core   0: 3 0x80009e1e (0xb7e5)
core   0: 0x80009e06 (0x0000b7d5) c.j     pc - 28
core   0: 3 0x80009e06 (0xb7d5)
core   0: 0x80009dea (0x0000a015) c.j     pc + 36
core   0: 3 0x80009dea (0xa015)
core   0: 0x80009e0e (0xfe5ff0ef) jal     pc - 0x1c
core   0: 3 0x80009e0e (0xfe5ff0ef) x 1 0x80009e12
core   0: 0x80009df2 (0x018000ef) jal     pc + 0x18
core   0: 3 0x80009df2 (0x018000ef) x 1 0x80009df6
core   0: 0x80009e0a (0x0000bfd9) c.j     pc - 42
core   0: 3 0x80009e0a (0xbfd9)
core   0: 0x80009de0 (0x01e000ef) jal     pc + 0x1e
core   0: 3 0x80009de0 (0x01e000ef) x 1 0x80009de4
core   0: 0x80009dfe (0x00002029) c.jal   pc + 10
core   0: 3 0x80009dfe (0x2029) x 1 0x80009e00
core   0: 0x80009e08 (0x00002831) c.jal   pc + 28
core   0: 3 0x80009e08 (0x2831) x 1 0x80009e0a
core   0: 0x80009e24 (0xff7ff0ef) jal     pc - 0xa
core   0: 3 0x80009e24 (0xff7ff0ef) x 1 0x80009e28
core   0: 0x80009e1a (0x0000b7e5) c.j     pc - 24
core   0: 3 0x80009e1a (0xb7e5)
core   0: 0x80009e02 (0x028000ef) jal     pc + 0x28
core   0: 3 0x80009e02 (0x028000ef) x 1 0x80009e06
core   0: 0x80009e2a (0x00f61433) sll     s0, a2, a5
core   0: 3 0x80009e2a (0x00f61433) x 8 0x00000000
core   0: 0x80009e2e (0x34f3c9b7) lui     s3, 0x34f3c
core   0: 3 0x80009e2e (0x34f3c9b7) x19 0x34f3c000
core   0: 0x80009e32 (0x02ba04b3) mul     s1, s4, a1
core   0: 3 0x80009e32 (0x02ba04b3) x 9 0xffffa400
core   0: 0x80009e36 (0x00008d41) c.or    a0, s0
core   0: 3 0x80009e36 (0x8d41) x10 0x80009fb0
core   0: 0x80009e38 (0x07ade413) ori     s0, s11, 122
core   0: 3 0x80009e38 (0x07ade413) x 8 0x0000007a
core   0: 0x80009e3c (0xfe24b413) sltiu   s0, s1, -30
core   0: 3 0x80009e3c (0xfe24b413) x 8 0x00000001
core   0: 0x80009e40 (0x032f7eb3) remu    t4, t5, s2
core   0: 3 0x80009e40 (0x032f7eb3) x29 0x0000ec5a
core   0: 0x80009e44 (0x0096c5b3) xor     a1, a3, s1
core   0: 3 0x80009e44 (0x0096c5b3) x11 0x7fff2b00
core   0: 0x80009e48 (0x00000001) c.nop
core   0: 3 0x80009e48 (0x0001)
core   0: 0x80009e4a (0x0dd27c63) bgeu    tp, t4, pc + 216
core   0: 3 0x80009e4a (0x0dd27c63)
core   0: 0x80009f22 (0x41a05c13) srai    s8, zero, 26
core   0: 3 0x80009f22 (0x41a05c13) x24 0x00000000
core   0: 0x80009f26 (0x00bb5b33) srl     s6, s6, a1
core   0: 3 0x80009f26 (0x00bb5b33) x22 0x2737fad9
core   0: 0x80009f2a (0x025b1f33) mulh    t5, s6, t0
core   0: 3 0x80009f2a (0x025b1f33) x30 0xec641acc
core   0: 0x80009f2e (0x4002d933) sra     s2, t0, zero
core   0: 3 0x80009f2e (0x4002d933) x18 0x80009e1a
core   0: 0x80009f32 (0x023cdc63) bge     s9, gp, pc + 56
core   0: 3 0x80009f32 (0x023cdc63)
core   0: 0x80009f36 (0x19008017) auipc   zero, 0x19008
core   0: 3 0x80009f36 (0x19008017)
core   0: 0x80009f3a (0x00008c3d) c.xor   s0, a5
core   0: 3 0x80009f3a (0x8c3d) x 8 0x495009cf
core   0: 0x80009f3c (0x00fcd4b3) srl     s1, s9, a5
core   0: 3 0x80009f3c (0x00fcd4b3) x 9 0x00020009
core   0: 0x80009f40 (0x03f60733) mul     a4, a2, t6
core   0: 3 0x80009f40 (0x03f60733) x14 0x00000000
core   0: 0x80009f44 (0xfe1bfdb7) lui     s11, 0xfe1bf
core   0: 3 0x80009f44 (0xfe1bfdb7) x27 0xfe1bf000
core   0: 0x80009f48 (0x40755eb3) sra     t4, a0, t2
core   0: 3 0x80009f48 (0x40755eb3) x29 0x80009fb0
core   0: 0x80009f4c (0x011b9433) sll     s0, s7, a7
core   0: 3 0x80009f4c (0x011b9433) x 8 0xa42fd000
core   0: 0x80009f50 (0x00000001) c.nop
core   0: 3 0x80009f50 (0x0001)
core   0: 0x80009f52 (0x0000ef05) c.bnez  a4, pc + 56
core   0: 3 0x80009f52 (0xef05)
core   0: 0x80009f54 (0x03809733) mulh    a4, ra, s8
core   0: 3 0x80009f54 (0x03809733) x14 0x00000000
core   0: 0x80009f58 (0x00d27d63) bgeu    tp, a3, pc + 26
core   0: 3 0x80009f58 (0x00d27d63)
core   0: 0x80009f5c (0x00008b9e) c.mv    s7, t2
core   0: 3 0x80009f5c (0x8b9e) x23 0x00000000
core   0: 0x80009f5e (0x0000699d) c.lui   s3, 0x7
core   0: 3 0x80009f5e (0x699d) x19 0x00007000
core   0: 0x80009f60 (0x036eabb3) mulhsu  s7, t4, s6
core   0: 3 0x80009f60 (0x036eabb3) x23 0xec641b0a
core   0: 0x80009f64 (0x0000ef89) c.bnez  a5, pc + 26
core   0: 3 0x80009f64 (0xef89)
core   0: 0x80009f7e (0x00fb7bb3) and     s7, s6, a5
core   0: 3 0x80009f7e (0x00fb7bb3) x23 0x011008c8
core   0: 0x80009f82 (0xf0eefd93) andi    s11, t4, -242
core   0: 3 0x80009f82 (0xf0eefd93) x27 0x80009f00
core   0: 0x80009f86 (0x00d87863) bgeu    a6, a3, pc + 16
core   0: 3 0x80009f86 (0x00d87863)
core   0: 0x80009f96 (0x00008d29) c.xor   a0, a0
core   0: 3 0x80009f96 (0x8d29) x10 0x00000000
core   0: 0x80009f98 (0xfe28a637) lui     a2, 0xfe28a
core   0: 3 0x80009f98 (0xfe28a637) x12 0xfe28a000
core   0: 0x80009f9c (0x941a7f37) lui     t5, 0x941a7
core   0: 3 0x80009f9c (0x941a7f37) x30 0x941a7000
core   0: 0x80009fa0 (0x0269deb3) divu    t4, s3, t1
core   0: 3 0x80009fa0 (0x0269deb3) x29 0x00000000
core   0: 0x80009fa4 (0x30f80f13) addi    t5, a6, 783
core   0: 3 0x80009fa4 (0x30f80f13) x30 0x0000028f
core   0: 0x80009fa8 (0x000cb9b3) sltu    s3, s9, zero
core   0: 3 0x80009fa8 (0x000cb9b3) x19 0x00000000
core   0: 0x80009fac (0x58242493) slti    s1, s0, 1410
core   0: 3 0x80009fac (0x58242493) x 9 0x00000001
core   0: 0x80009fb0 (0x01193a33) sltu    s4, s2, a7
core   0: 3 0x80009fb0 (0x01193a33) x20 0x00000000
core   0: 0x80009fb4 (0x023a3933) mulhu   s2, s4, gp
core   0: 3 0x80009fb4 (0x023a3933) x18 0x00000000
core   0: 0x80009fb8 (0x005cd693) srli    a3, s9, 5
core   0: 3 0x80009fb8 (0x005cd693) x13 0x040012f2
core   0: 0x80009fbc (0x0000ca81) c.beqz  a3, pc + 16
core   0: 3 0x80009fbc (0xca81)
core   0: 0x80009fbe (0x00ba28b3) slt     a7, s4, a1
core   0: 3 0x80009fbe (0x00ba28b3) x17 0x00000001
core   0: 0x80009fc2 (0x01b707b3) add     a5, a4, s11
core   0: 3 0x80009fc2 (0x01b707b3) x15 0x80009f00
core   0: 0x80009fc6 (0x016bd033) srl     zero, s7, s6
core   0: 3 0x80009fc6 (0x016bd033)
core   0: 0x80009fca (0x00009afd) c.andi  a3, -1
core   0: 3 0x80009fca (0x9afd) x13 0x040012f2
core   0: 0x80009fcc (0x03cf6463) bltu    t5, t3, pc + 40
core   0: 3 0x80009fcc (0x03cf6463)
core   0: 0x80009ff4 (0xfa538313) addi    t1, t2, -91
core   0: 3 0x80009ff4 (0xfa538313) x 6 0xffffffa5
core   0: 0x80009ff8 (0x02a3b0b3) mulhu   ra, t2, a0
core   0: 3 0x80009ff8 (0x02a3b0b3) x 1 0x00000000
core   0: 0x80009ffc (0x03713033) mulhu   zero, sp, s7
core   0: 3 0x80009ffc (0x03713033)
core   0: 0x8000a000 (0x16e22a13) slti    s4, tp, 366
core   0: 3 0x8000a000 (0x16e22a13) x20 0x00000001
core   0: 0x8000a004 (0x084b9163) bne     s7, tp, pc + 130
core   0: 3 0x8000a004 (0x084b9163)
core   0: 0x8000a086 (0x00008c0d) c.sub   s0, a1
core   0: 3 0x8000a086 (0x8c0d) x 8 0x2430a500
core   0: 0x8000a088 (0x0000c701) c.beqz  a4, pc + 8
core   0: 3 0x8000a088 (0xc701)
core   0: 0x8000a090 (0x00d01033) sll     zero, zero, a3
core   0: 3 0x8000a090 (0x00d01033)
core   0: 0x8000a094 (0x00008142) c.mv    sp, a6
core   0: 3 0x8000a094 (0x8142) x 2 0xffffff80
core   0: 0x8000a096 (0x964cbd13) sltiu   s10, s9, -1692
core   0: 3 0x8000a096 (0x964cbd13) x26 0x00000001
core   0: 0x8000a09a (0x0ff0000f) fence   iorw,iorw
core   0: 3 0x8000a09a (0x0ff0000f)
core   0: 0x8000a09e (0x0253d8b3) divu    a7, t2, t0
core   0: 3 0x8000a09e (0x0253d8b3) x17 0x00000000
core   0: 0x8000a0a2 (0x000091b2) c.add   gp, a2
core   0: 3 0x8000a0a2 (0x91b2) x 3 0xfe289ce6
core   0: 0x8000a0a4 (0xd16cbd13) sltiu   s10, s9, -746
core   0: 3 0x8000a0a4 (0xd16cbd13) x26 0x00000001
core   0: 0x8000a0a8 (0x022fcc33) div     s8, t6, sp
core   0: 3 0x8000a0a8 (0x022fcc33) x24 0x0003ffeb
core   0: 0x8000a0ac (0x0ff0000f) fence   iorw,iorw
core   0: 3 0x8000a0ac (0x0ff0000f)
core   0: 0x8000a0b0 (0x000058fd) c.li    a7, -1
core   0: 3 0x8000a0b0 (0x58fd) x17 0xffffffff
core   0: 0x8000a0b2 (0x00008d21) c.xor   a0, s0
core   0: 3 0x8000a0b2 (0x8d21) x10 0x2430a500
core   0: 0x8000a0b4 (0x00008fdd) c.or    a5, a5
core   0: 3 0x8000a0b4 (0x8fdd) x15 0x80009f00
core   0: 0x8000a0b6 (0x00004791) c.li    a5, 4
core   0: 3 0x8000a0b6 (0x4791) x15 0x00000004
core   0: 0x8000a0b8 (0x02725763) bge     tp, t2, pc + 46
core   0: 3 0x8000a0b8 (0x02725763)
core   0: 0x8000a0bc (0x0000ef19) c.bnez  a4, pc + 30
core   0: 3 0x8000a0bc (0xef19)
core   0: 0x8000a0be (0x00000001) c.nop
core   0: 3 0x8000a0be (0x0001)
core   0: 0x8000a0c0 (0x03615c63) bge     sp, s6, pc + 56
core   0: 3 0x8000a0c0 (0x03615c63)
core   0: 0x8000a0c4 (0x0000147d) c.addi  s0, -1
core   0: 3 0x8000a0c4 (0x147d) x 8 0x2430a4ff
core   0: 0x8000a0c6 (0x02da85b3) mul     a1, s5, a3
core   0: 3 0x8000a0c6 (0x02da85b3) x11 0xc1805788
core   0: 0x8000a0ca (0x01921893) slli    a7, tp, 25
core   0: 3 0x8000a0ca (0x01921893) x17 0x00000000
core   0: 0x8000a0ce (0x0235e563) bltu    a1, gp, pc + 42
core   0: 3 0x8000a0ce (0x0235e563)
core   0: 0x8000a0f8 (0x01971093) slli    ra, a4, 25
core   0: 3 0x8000a0f8 (0x01971093) x 1 0x00000000
core   0: 0x8000a0fc (0xc064e413) ori     s0, s1, -1018
core   0: 3 0x8000a0fc (0xc064e413) x 8 0xfffffc07
core   0: 0x8000a100 (0xb67d4f13) xori    t5, s10, -1177
core   0: 3 0x8000a100 (0xb67d4f13) x30 0xfffffb66
core   0: 0x8000a104 (0x02f993b3) mulh    t2, s3, a5
core   0: 3 0x8000a104 (0x02f993b3) x 7 0x00000000
core   0: 0x8000a108 (0x02fbef63) bltu    s7, a5, pc + 62
core   0: 3 0x8000a108 (0x02fbef63)
core   0: 0x8000a10c (0x01b70633) add     a2, a4, s11
core   0: 3 0x8000a10c (0x01b70633) x12 0x80009f00
core   0: 0x8000a110 (0x014bcf33) xor     t5, s7, s4
core   0: 3 0x8000a110 (0x014bcf33) x30 0x011008c9
core   0: 0x8000a114 (0x00008f65) c.and   a4, s1
core   0: 3 0x8000a114 (0x8f65) x14 0x00000000
core   0: 0x8000a116 (0x00006e45) c.lui   t3, 0x11
core   0: 3 0x8000a116 (0x6e45) x28 0x00011000
core   0: 0x8000a118 (0x00005efd) c.li    t4, -1
core   0: 3 0x8000a118 (0x5efd) x29 0xffffffff
core   0: 0x8000a11a (0x03b0d533) divu    a0, ra, s11
core   0: 3 0x8000a11a (0x03b0d533) x10 0x00000000
core   0: 0x8000a11e (0x0000494d) c.li    s2, 19
core   0: 3 0x8000a11e (0x494d) x18 0x00000013
core   0: 0x8000a120 (0x02878d63) beq     a5, s0, pc + 58
core   0: 3 0x8000a120 (0x02878d63)
core   0: 0x8000a124 (0x00008dd9) c.or    a1, a4
core   0: 3 0x8000a124 (0x8dd9) x11 0xc1805788
core   0: 0x8000a126 (0x00008c11) c.sub   s0, a2
core   0: 3 0x8000a126 (0x8c11) x 8 0x7fff5d07
core   0: 0x8000a128 (0x01796933) or      s2, s2, s7
core   0: 3 0x8000a128 (0x01796933) x18 0x011008db
core   0: 0x8000a12c (0x02be71b3) remu    gp, t3, a1
core   0: 3 0x8000a12c (0x02be71b3) x 3 0x00011000
core   0: 0x8000a130 (0x000094da) c.add   s1, s6
core   0: 3 0x8000a130 (0x94da) x 9 0x2737fada
core   0: 0x8000a132 (0x0000717d) c.addi16sp sp, -16
core   0: 3 0x8000a132 (0x717d) x 2 0xffffff70
core   0: 0x8000a134 (0x012c6263) bltu    s8, s2, pc + 4
core   0: 3 0x8000a134 (0x012c6263)
core   0: 0x8000a138 (0x02b495b3) mulh    a1, s1, a1
core   0: 3 0x8000a138 (0x02b495b3) x11 0xf66ce2aa
core   0: 0x8000a13c (0x01d4ff63) bgeu    s1, t4, pc + 30
core   0: 3 0x8000a13c (0x01d4ff63)
core   0: 0x8000a140 (0x000001fe) c.slli  gp, 31
core   0: 3 0x8000a140 (0x01fe) x 3 0x00000000
core   0: 0x8000a142 (0x01355033) srl     zero, a0, s3
core   0: 3 0x8000a142 (0x01355033)
core   0: 0x8000a146 (0x003ff563) bgeu    t6, gp, pc + 10
core   0: 3 0x8000a146 (0x003ff563)
core   0: 0x8000a150 (0x0000eb19) c.bnez  a4, pc + 22
core   0: 3 0x8000a150 (0xeb19)
core   0: 0x8000a152 (0x955dab93) slti    s7, s11, -1707
core   0: 3 0x8000a152 (0x955dab93) x23 0x00000001
core   0: 0x8000a156 (0x41128fb3) sub     t6, t0, a7
core   0: 3 0x8000a156 (0x41128fb3) x31 0x80009e1a
core   0: 0x8000a15a (0x029033b3) mulhu   t2, zero, s1
core   0: 3 0x8000a15a (0x029033b3) x 7 0x00000000
core   0: 0x8000a15e (0x00008f35) c.xor   a4, a3
core   0: 3 0x8000a15e (0x8f35) x14 0x040012f2
core   0: 0x8000a160 (0x0000157d) c.addi  a0, -1
core   0: 3 0x8000a160 (0x157d) x10 0xffffffff
core   0: 0x8000a162 (0x20d0e193) ori     gp, ra, 525
core   0: 3 0x8000a162 (0x20d0e193) x 3 0x0000020d
core   0: 0x8000a166 (0x00008c91) c.sub   s1, a2
core   0: 3 0x8000a166 (0x8c91) x 9 0xa7375bda
core   0: 0x8000a168 (0x8d2a2f93) slti    t6, s4, -1838
core   0: 3 0x8000a168 (0x8d2a2f93) x31 0x00000000
core   0: 0x8000a16c (0x0239e433) rem     s0, s3, gp
core   0: 3 0x8000a16c (0x0239e433) x 8 0x00000000
core   0: 0x8000a170 (0x00008f6d) c.and   a4, a1
core   0: 3 0x8000a170 (0x8f6d) x14 0x040002a2
core   0: 0x8000a172 (0x00d7e2b3) or      t0, a5, a3
core   0: 3 0x8000a172 (0x00d7e2b3) x 5 0x040012f6
core   0: 0x8000a176 (0x018b71b3) and     gp, s6, s8
core   0: 3 0x8000a176 (0x018b71b3) x 3 0x0003fac9
core   0: 0x8000a17a (0x00ae7c33) and     s8, t3, a0
core   0: 3 0x8000a17a (0x00ae7c33) x24 0x00011000
core   0: 0x8000a17e (0x00006465) c.lui   s0, 0x19
core   0: 3 0x8000a17e (0x6465) x 8 0x00019000
core   0: 0x8000a180 (0x00000001) c.nop
core   0: 3 0x8000a180 (0x0001)
core   0: 0x8000a182 (0x03338eb3) mul     t4, t2, s3
core   0: 3 0x8000a182 (0x03338eb3) x29 0x00000000
core   0: 0x8000a186 (0x0000717d) c.addi16sp sp, -16
core   0: 3 0x8000a186 (0x717d) x 2 0xffffff60
core   0: 0x8000a188 (0x014f78b3) and     a7, t5, s4
core   0: 3 0x8000a188 (0x014f78b3) x17 0x00000001
core   0: 0x8000a18c (0x021d0033) mul     zero, s10, ra
core   0: 3 0x8000a18c (0x021d0033)
core   0: 0x8000a190 (0x000dbd33) sltu    s10, s11, zero
core   0: 3 0x8000a190 (0x000dbd33) x26 0x00000000
core   0: 0x8000a194 (0x9c890893) addi    a7, s2, -1592
core   0: 3 0x8000a194 (0x9c890893) x17 0x011002a3
core   0: 0x8000a198 (0x00008ff5) c.and   a5, a3
core   0: 3 0x8000a198 (0x8ff5) x15 0x00000000
core   0: 0x8000a19a (0x002d9e33) sll     t3, s11, sp
core   0: 3 0x8000a19a (0x002d9e33) x28 0x80009f00
core   0: 0x8000a19e (0x00000001) c.nop
core   0: 3 0x8000a19e (0x0001)
core   0: 0x8000a1a0 (0x00407133) and     sp, zero, tp
core   0: 3 0x8000a1a0 (0x00407133) x 2 0x00000000
core   0: 0x8000a1a4 (0x006e8033) add     zero, t4, t1
core   0: 3 0x8000a1a4 (0x006e8033)
core   0: 0x8000a1a8 (0x0000100f) fence.i
core   0: 3 0x8000a1a8 (0x0000100f)
core   0: 0x8000a1ac (0x0491f063) bgeu    gp, s1, pc + 64
core   0: 3 0x8000a1ac (0x0491f063)
core   0: 0x8000a1b0 (0x01b0da13) srli    s4, ra, 27
core   0: 3 0x8000a1b0 (0x01b0da13) x20 0x00000000
core   0: 0x8000a1b4 (0x00000001) c.nop
core   0: 3 0x8000a1b4 (0x0001)
core   0: 0x8000a1b6 (0x0000147d) c.addi  s0, -1
core   0: 3 0x8000a1b6 (0x147d) x 8 0x00018fff
core   0: 0x8000a1b8 (0x00e0ceb3) xor     t4, ra, a4
core   0: 3 0x8000a1b8 (0x00e0ceb3) x29 0x040002a2
core   0: 0x8000a1bc (0x0000e811) c.bnez  s0, pc + 20
core   0: 3 0x8000a1bc (0xe811)
core   0: 0x8000a1d0 (0x022d79b3) remu    s3, s10, sp
core   0: 3 0x8000a1d0 (0x022d79b3) x19 0x00000000
core   0: 0x8000a1d4 (0x03e7c333) div     t1, a5, t5
core   0: 3 0x8000a1d4 (0x03e7c333) x 6 0x00000000
core   0: 0x8000a1d8 (0x02928133) mul     sp, t0, s1
core   0: 3 0x8000a1d8 (0x02928133) x 2 0xfba7977c
core   0: 0x8000a1dc (0x01ffda13) srli    s4, t6, 31
core   0: 3 0x8000a1dc (0x01ffda13) x20 0x00000000
core   0: 0x8000a1e0 (0x02a37933) remu    s2, t1, a0
core   0: 3 0x8000a1e0 (0x02a37933) x18 0x00000000
core   0: 0x8000a1e4 (0x00006315) c.lui   t1, 0x5
core   0: 3 0x8000a1e4 (0x6315) x 6 0x00005000
core   0: 0x8000a1e6 (0x0000cc19) c.beqz  s0, pc + 30
core   0: 3 0x8000a1e6 (0xcc19)
core   0: 0x8000a1e8 (0x1af24e13) xori    t3, tp, 431
core   0: 3 0x8000a1e8 (0x1af24e13) x28 0x800001af
core   0: 0x8000a1ec (0x497ef093) andi    ra, t4, 1175
core   0: 3 0x8000a1ec (0x497ef093) x 1 0x00000082
core   0: 0x8000a1f0 (0x037b3133) mulhu   sp, s6, s7
core   0: 3 0x8000a1f0 (0x037b3133) x 2 0x00000000
core   0: 0x8000a1f4 (0x00bb7a33) and     s4, s6, a1
core   0: 3 0x8000a1f4 (0x00bb7a33) x20 0x2624e288
core   0: 0x8000a1f8 (0x93e28393) addi    t2, t0, -1730
core   0: 3 0x8000a1f8 (0x93e28393) x 7 0x04000c34
core   0: 0x8000a1fc (0x1abc3993) sltiu   s3, s8, 427
core   0: 3 0x8000a1fc (0x1abc3993) x19 0x00000000
core   0: 0x8000a200 (0x02f84363) blt     a6, a5, pc + 38
core   0: 3 0x8000a200 (0x02f84363)
core   0: 0x8000a226 (0x009382b3) add     t0, t2, s1
core   0: 3 0x8000a226 (0x009382b3) x 5 0xab37680e
core   0: 0x8000a22a (0x0000100f) fence.i
core   0: 3 0x8000a22a (0x0000100f)
core   0: 0x8000a22e (0x0000100f) fence.i
core   0: 3 0x8000a22e (0x0000100f)
core   0: 0x8000a232 (0x00000a46) c.slli  s4, 17
core   0: 3 0x8000a232 (0x0a46) x20 0xc5100000
core   0: 0x8000a234 (0x0000cd01) c.beqz  a0, pc + 24
core   0: 3 0x8000a234 (0xcd01)
core   0: 0x8000a236 (0x036172b3) remu    t0, sp, s6
core   0: 3 0x8000a236 (0x036172b3) x 5 0x00000000
core   0: 0x8000a23a (0x024bd463) bge     s7, tp, pc + 40
core   0: 3 0x8000a23a (0x024bd463)
core   0: 0x8000a262 (0x00001f08) c.addi4spn a0, sp, 944
core   0: 3 0x8000a262 (0x1f08) x10 0x000003b0
core   0: 0x8000a264 (0x02a0a3b3) mulhsu  t2, ra, a0
core   0: 3 0x8000a264 (0x02a0a3b3) x 7 0x00000000
core   0: 0x8000a268 (0x00008c21) c.xor   s0, s0
core   0: 3 0x8000a268 (0x8c21) x 8 0x00000000
core   0: 0x8000a26a (0x004afb33) and     s6, s5, tp
core   0: 3 0x8000a26a (0x004afb33) x22 0x80000000
core   0: 0x8000a26e (0x00008d15) c.sub   a0, a3
core   0: 3 0x8000a26e (0x8d15) x10 0xfbfff0be
core   0: 0x8000a270 (0x01b44db3) xor     s11, s0, s11
core   0: 3 0x8000a270 (0x01b44db3) x27 0x80009f00
core   0: 0x8000a274 (0x0383f463) bgeu    t2, s8, pc + 40
core   0: 3 0x8000a274 (0x0383f463)
core   0: 0x8000a278 (0x0025dc13) srli    s8, a1, 2
core   0: 3 0x8000a278 (0x0025dc13) x24 0x3d9b38aa
core   0: 0x8000a27c (0x41c2d593) srai    a1, t0, 28
core   0: 3 0x8000a27c (0x41c2d593) x11 0x00000000
core   0: 0x8000a280 (0x00008ddd) c.or    a1, a5
core   0: 3 0x8000a280 (0x8ddd) x11 0x00000000
core   0: 0x8000a282 (0x036fc333) div     t1, t6, s6
core   0: 3 0x8000a282 (0x036fc333) x 6 0x00000000
core   0: 0x8000a286 (0x00008655) c.srai  a2, 21
core   0: 3 0x8000a286 (0x8655) x12 0xfffffc00
core   0: 0x8000a288 (0x0000c109) c.beqz  a0, pc + 2
core   0: 3 0x8000a288 (0xc109)
core   0: 0x8000a28a (0x76df89b7) lui     s3, 0x76df8
core   0: 3 0x8000a28a (0x76df89b7) x19 0x76df8000
core   0: 0x8000a28e (0x000060a9) c.lui   ra, 0xa
core   0: 3 0x8000a28e (0x60a9) x 1 0x0000a000
core   0: 0x8000a290 (0x00915733) srl     a4, sp, s1
core   0: 3 0x8000a290 (0x00915733) x14 0x00000000
core   0: 0x8000a294 (0x03dc4133) div     sp, s8, t4
core   0: 3 0x8000a294 (0x03dc4133) x 2 0x0000000f
core   0: 0x8000a298 (0x405c5513) srai    a0, s8, 5
core   0: 3 0x8000a298 (0x405c5513) x10 0x01ecd9c5
core   0: 0x8000a29c (0x01801533) sll     a0, zero, s8
core   0: 3 0x8000a29c (0x01801533) x10 0x00000000
core   0: 0x8000a2a0 (0x00c95d13) srli    s10, s2, 12
core   0: 3 0x8000a2a0 (0x00c95d13) x26 0x00000000
core   0: 0x8000a2a4 (0x41ba5e33) sra     t3, s4, s11
core   0: 3 0x8000a2a4 (0x41ba5e33) x28 0xc5100000
core   0: 0x8000a2a8 (0x0000567d) c.li    a2, -1
core   0: 3 0x8000a2a8 (0x567d) x12 0xffffffff
core   0: 0x8000a2aa (0x2ce4c593) xori    a1, s1, 718
core   0: 3 0x8000a2aa (0x2ce4c593) x11 0xa7375914
core   0: 0x8000a2ae (0x00008c3d) c.xor   s0, a5
core   0: 3 0x8000a2ae (0x8c3d) x 8 0x00000000
core   0: 0x8000a2b0 (0x4091d093) srai    ra, gp, 9
core   0: 3 0x8000a2b0 (0x4091d093) x 1 0x000001fd
core   0: 0x8000a2b4 (0x00008d1d) c.sub   a0, a5
core   0: 3 0x8000a2b4 (0x8d1d) x10 0x00000000
core   0: 0x8000a2b6 (0x00008f09) c.sub   a4, a0
core   0: 3 0x8000a2b6 (0x8f09) x14 0x00000000
core   0: 0x8000a2b8 (0x000087ae) c.mv    a5, a1
core   0: 3 0x8000a2b8 (0x87ae) x15 0xa7375914
core   0: 0x8000a2ba (0x00c7c763) blt     a5, a2, pc + 14
core   0: 3 0x8000a2ba (0x00c7c763)
core   0: 0x8000a2c8 (0x00000001) c.nop
core   0: 3 0x8000a2c8 (0x0001)
core   0: 0x8000a2ca (0x00000818) c.addi4spn a4, sp, 16
core   0: 3 0x8000a2ca (0x0818) x14 0x0000001f
core   0: 0x8000a2cc (0x0558f163) bgeu    a7, s5, pc + 66
core   0: 3 0x8000a2cc (0x0558f163)
core   0: 0x8000a2d0 (0x0000638d) c.lui   t2, 0x3
core   0: 3 0x8000a2d0 (0x638d) x 7 0x00003000
core   0: 0x8000a2d2 (0x000009a9) c.addi  s3, 10
core   0: 3 0x8000a2d2 (0x09a9) x19 0x76df800a
core   0: 0x8000a2d4 (0x039b8f33) mul     t5, s7, s9
core   0: 3 0x8000a2d4 (0x039b8f33) x30 0x80025e58
core   0: 0x8000a2d8 (0x00000692) c.slli  a3, 4
core   0: 3 0x8000a2d8 (0x0692) x13 0x40012f20
core   0: 0x8000a2da (0x40f4d993) srai    s3, s1, 15
core   0: 3 0x8000a2da (0x40f4d993) x19 0xffff4e6e
core   0: 0x8000a2de (0x00aa5563) bge     s4, a0, pc + 10
core   0: 3 0x8000a2de (0x00aa5563)
core   0: 0x8000a2e2 (0x762f0713) addi    a4, t5, 1890
core   0: 3 0x8000a2e2 (0x762f0713) x14 0x800265ba
core   0: 0x8000a2e6 (0x0000019c) c.addi4spn a5, sp, 192
core   0: 3 0x8000a2e6 (0x019c) x15 0x000000cf
core   0: 0x8000a2e8 (0x005b1a13) slli    s4, s6, 5
core   0: 3 0x8000a2e8 (0x005b1a13) x20 0x00000000
core   0: 0x8000a2ec (0x61cabf93) sltiu   t6, s5, 1564
core   0: 3 0x8000a2ec (0x61cabf93) x31 0x00000000
core   0: 0x8000a2f0 (0x0100e663) bltu    ra, a6, pc + 12
core   0: 3 0x8000a2f0 (0x0100e663)
core   0: 0x8000a2fc (0x0000c18d) c.beqz  a1, pc + 34
core   0: 3 0x8000a2fc (0xc18d)
core   0: 0x8000a2fe (0xe74a8b13) addi    s6, s5, -396
core   0: 3 0x8000a2fe (0xe74a8b13) x22 0x80029b58
core   0: 0x8000a302 (0x03d61f63) bne     a2, t4, pc + 62
core   0: 3 0x8000a302 (0x03d61f63)
core   0: 0x8000a340 (0x00006849) c.lui   a6, 0x12
core   0: 3 0x8000a340 (0x6849) x16 0x00012000
core   0: 0x8000a342 (0xa4be8d37) lui     s10, 0xa4be8
core   0: 3 0x8000a342 (0xa4be8d37) x26 0xa4be8000
core   0: 0x8000a346 (0xf4bfcb93) xori    s7, t6, -181
core   0: 3 0x8000a346 (0xf4bfcb93) x23 0xffffff4b
core   0: 0x8000a34a (0x00008b11) c.andi  a4, 4
core   0: 3 0x8000a34a (0x8b11) x14 0x00000000
core   0: 0x8000a34c (0x011fd193) srli    gp, t6, 17
core   0: 3 0x8000a34c (0x011fd193) x 3 0x00000000
core   0: 0x8000a350 (0x0000c715) c.beqz  a4, pc + 44
core   0: 3 0x8000a350 (0xc715)
core   0: 0x8000a37c (0x00008d45) c.or    a0, s1
core   0: 3 0x8000a37c (0x8d45) x10 0xa7375bda
core   0: 0x8000a37e (0x8af53613) sltiu   a2, a0, -1873
core   0: 3 0x8000a37e (0x8af53613) x12 0x00000001
core   0: 0x8000a382 (0x00000001) c.nop
core   0: 3 0x8000a382 (0x0001)
core   0: 0x8000a384 (0xfde13517) auipc   a0, 0xfde13
core   0: 3 0x8000a384 (0xfde13517) x10 0x7de1d384
core   0: 0x8000a388 (0x00004e75) c.li    t3, 29
core   0: 3 0x8000a388 (0x4e75) x28 0x0000001d
core   0: 0x8000a38a (0x000048d1) c.li    a7, 20
core   0: 3 0x8000a38a (0x48d1) x17 0x00000014
core   0: 0x8000a38c (0x00008ea1) c.xor   a3, s0
core   0: 3 0x8000a38c (0x8ea1) x13 0x40012f20
core   0: 0x8000a38e (0x01b2fe63) bgeu    t0, s11, pc + 28
core   0: 3 0x8000a38e (0x01b2fe63)
core   0: 0x8000a392 (0x03dbd363) bge     s7, t4, pc + 38
core   0: 3 0x8000a392 (0x03dbd363)
core   0: 0x8000a396 (0x00008a35) c.andi  a2, 13
core   0: 3 0x8000a396 (0x8a35) x12 0x00000001
core   0: 0x8000a398 (0x0ff0000f) fence   iorw,iorw
core   0: 3 0x8000a398 (0x0ff0000f)
core   0: 0x8000a39c (0x022b9c33) mulh    s8, s7, sp
core   0: 3 0x8000a39c (0x022b9c33) x24 0xffffffff
core   0: 0x8000a3a0 (0x03cc99b3) mulh    s3, s9, t3
core   0: 3 0x8000a3a0 (0x03cc99b3) x19 0xfffffff1
core   0: 0x8000a3a4 (0x0000617d) c.addi16sp sp, 496
core   0: 3 0x8000a3a4 (0x617d) x 2 0x000001ff
core   0: 0x8000a3a6 (0x48747093) andi    ra, s0, 1159
core   0: 3 0x8000a3a6 (0x48747093) x 1 0x00000000
core   0: 0x8000a3aa (0x1a6c4693) xori    a3, s8, 422
core   0: 3 0x8000a3aa (0x1a6c4693) x13 0xfffffe59
core   0: 0x8000a3ae (0xef93a393) slti    t2, t2, -263
core   0: 3 0x8000a3ae (0xef93a393) x 7 0x00000000
core   0: 0x8000a3b2 (0x0000611d) c.addi16sp sp, 416
core   0: 3 0x8000a3b2 (0x611d) x 2 0x0000039f
core   0: 0x8000a3b4 (0x018d5333) srl     t1, s10, s8
core   0: 3 0x8000a3b4 (0x018d5333) x 6 0x00000001
core   0: 0x8000a3b8 (0x00008591) c.srai  a1, 4
core   0: 3 0x8000a3b8 (0x8591) x11 0xfa737591
core   0: 0x8000a3ba (0x036c53b3) divu    t2, s8, s6
core   0: 3 0x8000a3ba (0x036c53b3) x 7 0x00000001
core   0: 0x8000a3be (0x00169393) slli    t2, a3, 1
core   0: 3 0x8000a3be (0x00169393) x 7 0xfffffcb2
core   0: 0x8000a3c2 (0x004b2733) slt     a4, s6, tp
core   0: 3 0x8000a3c2 (0x004b2733) x14 0x00000000
core   0: 0x8000a3c6 (0x00008ecd) c.or    a3, a1
core   0: 3 0x8000a3c6 (0x8ecd) x13 0xffffffd9
core   0: 0x8000a3c8 (0x00008689) c.srai  a3, 2
core   0: 3 0x8000a3c8 (0x8689) x13 0xfffffff6
core   0: 0x8000a3ca (0x02d428b3) mulhsu  a7, s0, a3
core   0: 3 0x8000a3ca (0x02d428b3) x17 0x00000000
core   0: 0x8000a3ce (0x00711713) slli    a4, sp, 7
core   0: 3 0x8000a3ce (0x00711713) x14 0x0001cf80
core   0: 0x8000a3d2 (0x00008f51) c.or    a4, a2
core   0: 3 0x8000a3d2 (0x8f51) x14 0x0001cf81
core   0: 0x8000a3d4 (0x0000100f) fence.i
core   0: 3 0x8000a3d4 (0x0000100f)
core   0: 0x8000a3d8 (0x00000001) c.nop
core   0: 3 0x8000a3d8 (0x0001)
core   0: 0x8000a3da (0x0ff0000f) fence   iorw,iorw
core   0: 3 0x8000a3da (0x0ff0000f)
core   0: 0x8000a3de (0x00008cf5) c.and   s1, a3
core   0: 3 0x8000a3de (0x8cf5) x 9 0xa7375bd2
core   0: 0x8000a3e0 (0x4176d533) sra     a0, a3, s7
core   0: 3 0x8000a3e0 (0x4176d533) x10 0xffffffff
core   0: 0x8000a3e4 (0x00008f31) c.xor   a4, a2
core   0: 3 0x8000a3e4 (0x8f31) x14 0x0001cf80
core   0: 0x8000a3e6 (0x00000001) c.nop
core   0: 3 0x8000a3e6 (0x0001)
core   0: 0x8000a3e8 (0x010522b3) slt     t0, a0, a6
core   0: 3 0x8000a3e8 (0x010522b3) x 5 0x00000001
core   0: 0x8000a3ec (0x021f4b63) blt     t5, ra, pc + 54
core   0: 3 0x8000a3ec (0x021f4b63)
core   0: 0x8000a422 (0x00602033) slt     zero, zero, t1
core   0: 3 0x8000a422 (0x00602033)
core   0: 0x8000a426 (0x4a734d13) xori    s10, t1, 1191
core   0: 3 0x8000a426 (0x4a734d13) x26 0x000004a6
core   0: 0x8000a42a (0x00008999) c.andi  a1, 6
core   0: 3 0x8000a42a (0x8999) x11 0x00000000
core   0: 0x8000a42c (0x0000944e) c.add   s0, s3
core   0: 3 0x8000a42c (0x944e) x 8 0xfffffff1
core   0: 0x8000a42e (0xe3a66397) auipc   t2, 0xe3a66
core   0: 3 0x8000a42e (0xe3a66397) x 7 0x63a7042e
core   0: 0x8000a432 (0x407e5d33) sra     s10, t3, t2
core   0: 3 0x8000a432 (0x407e5d33) x26 0x00000000
core   0: 0x8000a436 (0x6501ed93) ori     s11, gp, 1616
core   0: 3 0x8000a436 (0x6501ed93) x27 0x00000650
core   0: 0x8000a43a (0x00008ea9) c.xor   a3, a0
core   0: 3 0x8000a43a (0x8ea9) x13 0x00000009
core   0: 0x8000a43c (0x0000eb19) c.bnez  a4, pc + 22
core   0: 3 0x8000a43c (0xeb19)
core   0: 0x8000a452 (0x0ff0000f) fence   iorw,iorw
core   0: 3 0x8000a452 (0x0ff0000f)
core   0: 0x8000a456 (0x0000100f) fence.i
core   0: 3 0x8000a456 (0x0000100f)
core   0: 0x8000a45a (0x031a6863) bltu    s4, a7, pc + 48
core   0: 3 0x8000a45a (0x031a6863)
core   0: 0x8000a45e (0x02414733) div     a4, sp, tp
core   0: 3 0x8000a45e (0x02414733) x14 0x00000000
core   0: 0x8000a462 (0x000082c5) c.srli  a3, 17
core   0: 3 0x8000a462 (0x82c5) x13 0x00000000
core   0: 0x8000a464 (0x00008391) c.srli  a5, 4
core   0: 3 0x8000a464 (0x8391) x15 0x0000000c
core   0: 0x8000a466 (0x03e74f33) div     t5, a4, t5
core   0: 3 0x8000a466 (0x03e74f33) x30 0x00000000
core   0: 0x8000a46a (0x02f974b3) remu    s1, s2, a5
core   0: 3 0x8000a46a (0x02f974b3) x 9 0x00000000
core   0: 0x8000a46e (0x0ff0000f) fence   iorw,iorw
core   0: 3 0x8000a46e (0x0ff0000f)
core   0: 0x8000a472 (0x00008309) c.srli  a4, 2
core   0: 3 0x8000a472 (0x8309) x14 0x00000000
core   0: 0x8000a474 (0x0000c801) c.beqz  s0, pc + 16
core   0: 3 0x8000a474 (0xc801)
core   0: 0x8000a476 (0x0000630d) c.lui   t1, 0x3
core   0: 3 0x8000a476 (0x630d) x 6 0x00003000
core   0: 0x8000a478 (0x00004821) c.li    a6, 8
core   0: 3 0x8000a478 (0x4821) x16 0x00000008
core   0: 0x8000a47a (0x00507e93) andi    t4, zero, 5
core   0: 3 0x8000a47a (0x00507e93) x29 0x00000000
core   0: 0x8000a47e (0x0222c363) blt     t0, sp, pc + 38
core   0: 3 0x8000a47e (0x0222c363)
core   0: 0x8000a4a4 (0x000098ae) c.add   a7, a1
core   0: 3 0x8000a4a4 (0x98ae) x17 0x00000000
core   0: 0x8000a4a6 (0x01611b93) slli    s7, sp, 22
core   0: 3 0x8000a4a6 (0x01611b93) x23 0xe7c00000
core   0: 0x8000a4aa (0x015b5d63) bge     s6, s5, pc + 26
core   0: 3 0x8000a4aa (0x015b5d63)
core   0: 0x8000a4ae (0x0316ce63) blt     a3, a7, pc + 60
core   0: 3 0x8000a4ae (0x0316ce63)
core   0: 0x8000a4b2 (0x00000001) c.nop
core   0: 3 0x8000a4b2 (0x0001)
core   0: 0x8000a4b4 (0x00009946) c.add   s2, a7
core   0: 3 0x8000a4b4 (0x9946) x18 0x00000000
core   0: 0x8000a4b6 (0xd9ea7737) lui     a4, 0xd9ea7
core   0: 3 0x8000a4b6 (0xd9ea7737) x14 0xd9ea7000
core   0: 0x8000a4ba (0x00aafd63) bgeu    s5, a0, pc + 26
core   0: 3 0x8000a4ba (0x00aafd63)
core   0: 0x8000a4be (0x01942eb3) slt     t4, s0, s9
core   0: 3 0x8000a4be (0x01942eb3) x29 0x00000000
core   0: 0x8000a4c2 (0x00008765) c.srai  a4, 25
core   0: 3 0x8000a4c2 (0x8765) x14 0xffffffec
core   0: 0x8000a4c4 (0x00008479) c.srai  s0, 30
core   0: 3 0x8000a4c4 (0x8479) x 8 0xffffffff
core   0: 0x8000a4c6 (0x00006961) c.lui   s2, 0x18
core   0: 3 0x8000a4c6 (0x6961) x18 0x00018000
core   0: 0x8000a4c8 (0x020788b3) mul     a7, a5, zero
core   0: 3 0x8000a4c8 (0x020788b3) x17 0x00000000
core   0: 0x8000a4cc (0x00006109) c.addi16sp sp, 128
core   0: 3 0x8000a4cc (0x6109) x 2 0x0000041f
core   0: 0x8000a4ce (0x02cb55b3) divu    a1, s6, a2
core   0: 3 0x8000a4ce (0x02cb55b3) x11 0x80029b58
core   0: 0x8000a4d2 (0x0000e81d) c.bnez  s0, pc + 54
core   0: 3 0x8000a4d2 (0xe81d)
core   0: 0x8000a508 (0x016d6663) bltu    s10, s6, pc + 12
core   0: 3 0x8000a508 (0x016d6663)
core   0: 0x8000a514 (0x40d3d4b3) sra     s1, t2, a3
core   0: 3 0x8000a514 (0x40d3d4b3) x 9 0x63a7042e
core   0: 0x8000a518 (0x00bc78b3) and     a7, s8, a1
core   0: 3 0x8000a518 (0x00bc78b3) x17 0x80029b58
core   0: 0x8000a51c (0x016aff63) bgeu    s5, s6, pc + 30
core   0: 3 0x8000a51c (0x016aff63)
core   0: 0x8000a53a (0x004a3833) sltu    a6, s4, tp
core   0: 3 0x8000a53a (0x004a3833) x16 0x00000001
core   0: 0x8000a53e (0x06cadc63) bge     s5, a2, pc + 120
core   0: 3 0x8000a53e (0x06cadc63)
core   0: 0x8000a542 (0x00015a17) auipc   s4, 0x15
core   0: 3 0x8000a542 (0x00015a17) x20 0x8001f542
core   0: 0x8000a546 (0x59ba0a13) addi    s4, s4, 1435
core   0: 3 0x8000a546 (0x59ba0a13) x20 0x8001fadd
core   0: 0x8000a54a (0x0d5a1883) lh      a7, 213(s4)
core   0: 3 0x8000a54a (0x0d5a1883) x17 0x00006869 mem 0x8001fbb2
core   0: 0x8000a54e (0xfa2a08a3) sb      sp, -79(s4)
core   0: 3 0x8000a54e (0xfa2a08a3) mem 0x8001fa8e 0x1f
core   0: 0x8000a552 (0x00006417) auipc   s0, 0x6
core   0: 3 0x8000a552 (0x00006417) x 8 0x80010552
core   0: 0x8000a556 (0xc3840413) addi    s0, s0, -968
core   0: 3 0x8000a556 (0xc3840413) x 8 0x8001018a
core   0: 0x8000a55a (0x0bfa0123) sb      t6, 162(s4)
core   0: 3 0x8000a55a (0x0bfa0123) mem 0x8001fb7f 0x0
core   0: 0x8000a55e (0xf84a10a3) sh      tp, -127(s4)
core   0: 3 0x8000a55e (0xf84a10a3) mem 0x8001fa5e 0x0000
core   0: 0x8000a562 (0xfc540e03) lb      t3, -59(s0)
core   0: 3 0x8000a562 (0xfc540e03) x28 0x00000004 mem 0x8001014f
core   0: 0x8000a566 (0x008a4f83) lbu     t6, 8(s4)
core   0: 3 0x8000a566 (0x008a4f83) x31 0x0000009e mem 0x8001fae5
core   0: 0x8000a56a (0x09aa14a3) sh      s10, 137(s4)
core   0: 3 0x8000a56a (0x09aa14a3) mem 0x8001fb66 0x0000
core   0: 0x8000a56e (0xf3fa4883) lbu     a7, -193(s4)
core   0: 3 0x8000a56e (0xf3fa4883) x17 0x000000d7 mem 0x8001fa1c
core   0: 0x8000a572 (0x60540123) sb      t0, 1538(s0)
core   0: 3 0x8000a572 (0x60540123) mem 0x8001078c 0x1
core   0: 0x8000a576 (0x1ec45083) lhu     ra, 492(s0)
core   0: 3 0x8000a576 (0x1ec45083) x 1 0x00002c2d mem 0x80010376
core   0: 0x8000a57a (0x40841d83) lh      s11, 1032(s0)
core   0: 3 0x8000a57a (0x40841d83) x27 0x00004849 mem 0x80010592
core   0: 0x8000a57e (0x6a044983) lbu     s3, 1696(s0)
core   0: 3 0x8000a57e (0x6a044983) x19 0x00000061 mem 0x8001082a
core   0: 0x8000a582 (0x0fda4603) lbu     a2, 253(s4)
core   0: 3 0x8000a582 (0x0fda4603) x12 0x00000091 mem 0x8001fbda
core   0: 0x8000a586 (0x046a4103) lbu     sp, 70(s4)
core   0: 3 0x8000a586 (0x046a4103) x 2 0x000000d8 mem 0x8001fb23
core   0: 0x8000a58a (0x18344303) lbu     t1, 387(s0)
core   0: 3 0x8000a58a (0x18344303) x 6 0x000000c6 mem 0x8001030d
core   0: 0x8000a58e (0xf5ca0003) lb      zero, -164(s4)
core   0: 3 0x8000a58e (0xf5ca0003) mem 0x8001fa39
core   0: 0x8000a592 (0x20141623) sh      ra, 524(s0)
core   0: 3 0x8000a592 (0x20141623) mem 0x80010396 0x2c2d
core   0: 0x8000a596 (0x02ff57b3) divu    a5, t5, a5
core   0: 3 0x8000a596 (0x02ff57b3) x15 0x00000000
core   0: 0x8000a59a (0x00000d61) c.addi  s10, 24
core   0: 3 0x8000a59a (0x0d61) x26 0x00000018
core   0: 0x8000a59c (0x008ebe33) sltu    t3, t4, s0
core   0: 3 0x8000a59c (0x008ebe33) x28 0x00000001
core   0: 0x8000a5a0 (0x00e93fb3) sltu    t6, s2, a4
core   0: 3 0x8000a5a0 (0x00e93fb3) x31 0x00000001
core   0: 0x8000a5a4 (0xd89bfc13) andi    s8, s7, -631
core   0: 3 0x8000a5a4 (0xd89bfc13) x24 0xe7c00000
core   0: 0x8000a5a8 (0x00979b93) slli    s7, a5, 9
core   0: 3 0x8000a5a8 (0x00979b93) x23 0x00000000
core   0: 0x8000a5ac (0x032ede33) divu    t3, t4, s2
core   0: 3 0x8000a5ac (0x032ede33) x28 0x00000000
core   0: 0x8000a5b0 (0xe5164813) xori    a6, a2, -431
core   0: 3 0x8000a5b0 (0xe5164813) x16 0xfffffec0
core   0: 0x8000a5b4 (0x000006d6) c.slli  a3, 21
core   0: 3 0x8000a5b4 (0x06d6) x13 0x00000000
core   0: 0x8000a5b6 (0x00000e86) c.slli  t4, 1
core   0: 3 0x8000a5b6 (0x0e86) x29 0x00000000
core   0: 0x8000a5b8 (0x03aa46b3) div     a3, s4, s10
core   0: 3 0x8000a5b8 (0x03aa46b3) x13 0xfaaabfca
core   0: 0x8000a5bc (0x0ff0000f) fence   iorw,iorw
core   0: 3 0x8000a5bc (0x0ff0000f)
core   0: 0x8000a5c0 (0x4186d733) sra     a4, a3, s8
core   0: 3 0x8000a5c0 (0x4186d733) x14 0xfaaabfca
core   0: 0x8000a5c4 (0x00008fc1) c.or    a5, s0
core   0: 3 0x8000a5c4 (0x8fc1) x15 0x8001018a
core   0: 0x8000a5c6 (0x00298d63) beq     s3, sp, pc + 26
core   0: 3 0x8000a5c6 (0x00298d63)
core   0: 0x8000a5ca (0x00009906) c.add   s2, ra
core   0: 3 0x8000a5ca (0x9906) x18 0x0001ac2d
core   0: 0x8000a5cc (0x41de0833) sub     a6, t3, t4
core   0: 3 0x8000a5cc (0x41de0833) x16 0x00000000
core   0: 0x8000a5d0 (0x0176d863) bge     a3, s7, pc + 16
core   0: 3 0x8000a5d0 (0x0176d863)
core   0: 0x8000a5d4 (0x0000cd0d) c.beqz  a0, pc + 58
core   0: 3 0x8000a5d4 (0xcd0d)
core   0: 0x8000a5d6 (0x024f5133) divu    sp, t5, tp
core   0: 3 0x8000a5d6 (0x024f5133) x 2 0x00000000
core   0: 0x8000a5da (0x01d864b3) or      s1, a6, t4
core   0: 3 0x8000a5da (0x01d864b3) x 9 0x00000000
core   0: 0x8000a5de (0x00008f7d) c.and   a4, a5
core   0: 3 0x8000a5de (0x8f7d) x14 0x8000018a
core   0: 0x8000a5e0 (0x000063a1) c.lui   t2, 0x8
core   0: 3 0x8000a5e0 (0x63a1) x 7 0x00008000
core   0: 0x8000a5e2 (0x00006709) c.lui   a4, 0x2
core   0: 3 0x8000a5e2 (0x6709) x14 0x00002000
core   0: 0x8000a5e4 (0x0000cf0d) c.beqz  a4, pc + 58
core   0: 3 0x8000a5e4 (0xcf0d)
core   0: 0x8000a5e6 (0x000086c9) c.srai  a3, 18
core   0: 3 0x8000a5e6 (0x86c9) x13 0xfffffeaa
core   0: 0x8000a5e8 (0x008559b3) srl     s3, a0, s0
core   0: 3 0x8000a5e8 (0x008559b3) x19 0x003fffff
core   0: 0x8000a5ec (0x00008d1e) c.mv    s10, t2
core   0: 3 0x8000a5ec (0x8d1e) x26 0x00008000
core   0: 0x8000a5ee (0x01f2c433) xor     s0, t0, t6
core   0: 3 0x8000a5ee (0x01f2c433) x 8 0x00000000
core   0: 0x8000a5f2 (0x00008ead) c.xor   a3, a1
core   0: 3 0x8000a5f2 (0x8ead) x13 0x7ffd65f2
core   0: 0x8000a5f4 (0x00008c45) c.or    s0, s1
core   0: 3 0x8000a5f4 (0x8c45) x 8 0x00000000
core   0: 0x8000a5f6 (0x0000987d) c.andi  s0, -1
core   0: 3 0x8000a5f6 (0x987d) x 8 0x00000000
core   0: 0x8000a5f8 (0x0000100f) fence.i
core   0: 3 0x8000a5f8 (0x0000100f)
core   0: 0x8000a5fc (0x03dfba33) mulhu   s4, t6, t4
core   0: 3 0x8000a5fc (0x03dfba33) x20 0x00000000
core   0: 0x8000a600 (0x020b0333) mul     t1, s6, zero
core   0: 3 0x8000a600 (0x020b0333) x 6 0x00000000
core   0: 0x8000a604 (0x0000100f) fence.i
core   0: 3 0x8000a604 (0x0000100f)
core   0: 0x8000a608 (0x01f55b93) srli    s7, a0, 31
core   0: 3 0x8000a608 (0x01f55b93) x23 0x00000001
core   0: 0x8000a60c (0x0000858d) c.srai  a1, 3
core   0: 3 0x8000a60c (0x858d) x11 0xf000536b
core   0: 0x8000a60e (0x0000cc89) c.beqz  s1, pc + 26
core   0: 3 0x8000a60e (0xcc89)
core   0: 0x8000a628 (0x0000100f) fence.i
core   0: 3 0x8000a628 (0x0000100f)
core   0: 0x8000a62c (0x00000556) c.slli  a0, 21
core   0: 3 0x8000a62c (0x0556) x10 0xffe00000
core   0: 0x8000a62e (0x02fe6bb3) rem     s7, t3, a5
core   0: 3 0x8000a62e (0x02fe6bb3) x23 0x00000000
core   0: 0x8000a632 (0x029b54b3) divu    s1, s6, s1
core   0: 3 0x8000a632 (0x029b54b3) x 9 0xffffffff
core   0: 0x8000a636 (0x0ff0000f) fence   iorw,iorw
core   0: 3 0x8000a636 (0x0ff0000f)
core   0: 0x8000a63a (0x03cc08b3) mul     a7, s8, t3
core   0: 3 0x8000a63a (0x03cc08b3) x17 0x00000000
core   0: 0x8000a63e (0x00008516) c.mv    a0, t0
core   0: 3 0x8000a63e (0x8516) x10 0x00000001
core   0: 0x8000a640 (0x030758b3) divu    a7, a4, a6
core   0: 3 0x8000a640 (0x030758b3) x17 0xffffffff
core   0: 0x8000a644 (0x01d1cbb3) xor     s7, gp, t4
core   0: 3 0x8000a644 (0x01d1cbb3) x23 0x00000000
core   0: 0x8000a648 (0x000008ea) c.slli  a7, 26
core   0: 3 0x8000a648 (0x08ea) x17 0xfc000000
core   0: 0x8000a64a (0x000050fd) c.li    ra, -1
core   0: 3 0x8000a64a (0x50fd) x 1 0xffffffff
core   0: 0x8000a64c (0x0180ec33) or      s8, ra, s8
core   0: 3 0x8000a64c (0x0180ec33) x24 0xffffffff
core   0: 0x8000a650 (0x03e04d63) blt     zero, t5, pc + 58
core   0: 3 0x8000a650 (0x03e04d63)
core   0: 0x8000a654 (0x03d353b3) divu    t2, t1, t4
core   0: 3 0x8000a654 (0x03d353b3) x 7 0xffffffff
core   0: 0x8000a658 (0xedc7b013) sltiu   zero, a5, -292
core   0: 3 0x8000a658 (0xedc7b013)
core   0: 0x8000a65c (0x000087f2) c.mv    a5, t3
core   0: 3 0x8000a65c (0x87f2) x15 0x00000000
core   0: 0x8000a65e (0x00006ec9) c.lui   t4, 0x12
core   0: 3 0x8000a65e (0x6ec9) x29 0x00012000
core   0: 0x8000a660 (0x00000a0a) c.slli  s4, 2
core   0: 3 0x8000a660 (0x0a0a) x20 0x00000000
core   0: 0x8000a662 (0x7e0bc6b7) lui     a3, 0x7e0bc
core   0: 3 0x8000a662 (0x7e0bc6b7) x13 0x7e0bc000
core   0: 0x8000a666 (0x40afd913) srai    s2, t6, 10
core   0: 3 0x8000a666 (0x40afd913) x18 0x00000000
core   0: 0x8000a66a (0x00008e11) c.sub   a2, a2
core   0: 3 0x8000a66a (0x8e11) x12 0x00000000
core   0: 0x8000a66c (0x00e49e33) sll     t3, s1, a4
core   0: 3 0x8000a66c (0x00e49e33) x28 0xffffffff
core   0: 0x8000a670 (0x03b9ca33) div     s4, s3, s11
core   0: 3 0x8000a670 (0x03b9ca33) x20 0x000000e2
core   0: 0x8000a674 (0x0ff0000f) fence   iorw,iorw
core   0: 3 0x8000a674 (0x0ff0000f)
core   0: 0x8000a678 (0x30dcb593) sltiu   a1, s9, 781
core   0: 3 0x8000a678 (0x30dcb593) x11 0x00000000
core   0: 0x8000a67c (0x0000617d) c.addi16sp sp, 496
core   0: 3 0x8000a67c (0x617d) x 2 0x000001f0
core   0: 0x8000a67e (0x0015ef33) or      t5, a1, ra
core   0: 3 0x8000a67e (0x0015ef33) x30 0xffffffff
core   0: 0x8000a682 (0x40890033) sub     zero, s2, s0
core   0: 3 0x8000a682 (0x40890033)
core   0: 0x8000a686 (0x41d05613) srai    a2, zero, 29
core   0: 3 0x8000a686 (0x41d05613) x12 0x00000000
core   0: 0x8000a68a (0x00000001) c.nop
core   0: 3 0x8000a68a (0x0001)
core   0: 0x8000a68c (0x00005c7d) c.li    s8, -1
core   0: 3 0x8000a68c (0x5c7d) x24 0xffffffff
core   0: 0x8000a68e (0x0366fc63) bgeu    a3, s6, pc + 56
core   0: 3 0x8000a68e (0x0366fc63)
core   0: 0x8000a692 (0x0153d433) srl     s0, t2, s5
core   0: 3 0x8000a692 (0x0153d433) x 8 0x0fffffff
core   0: 0x8000a696 (0x00a21863) bne     tp, a0, pc + 16
core   0: 3 0x8000a696 (0x00a21863)
core   0: 0x8000a6a6 (0x00008cb5) c.xor   s1, a3
core   0: 3 0x8000a6a6 (0x8cb5) x 9 0x81f43fff
core   0: 0x8000a6a8 (0x03901b63) bne     zero, s9, pc + 54
core   0: 3 0x8000a6a8 (0x03901b63)
core   0: 0x8000a6de (0x000082c2) c.mv    t0, a6
core   0: 3 0x8000a6de (0x82c2) x 5 0x00000000
core   0: 0x8000a6e0 (0x00008b7d) c.andi  a4, 31
core   0: 3 0x8000a6e0 (0x8b7d) x14 0x00000000
core   0: 0x8000a6e2 (0x0153b833) sltu    a6, t2, s5
core   0: 3 0x8000a6e2 (0x0153b833) x16 0x00000000
core   0: 0x8000a6e6 (0x00008421) c.srai  s0, 8
core   0: 3 0x8000a6e6 (0x8421) x 8 0x000fffff
core   0: 0x8000a6e8 (0x00008f31) c.xor   a4, a2
core   0: 3 0x8000a6e8 (0x8f31) x14 0x00000000
core   0: 0x8000a6ea (0x036634b3) mulhu   s1, a2, s6
core   0: 3 0x8000a6ea (0x036634b3) x 9 0x00000000
core   0: 0x8000a6ee (0x00000eda) c.slli  t4, 22
core   0: 3 0x8000a6ee (0x0eda) x29 0x00000000
core   0: 0x8000a6f0 (0x023c6d63) bltu    s8, gp, pc + 58
core   0: 3 0x8000a6f0 (0x023c6d63)
core   0: 0x8000a6f4 (0x03782133) mulhsu  sp, a6, s7
core   0: 3 0x8000a6f4 (0x03782133) x 2 0x00000000
core   0: 0x8000a6f8 (0x1981fc17) auipc   s8, 0x1981f
core   0: 3 0x8000a6f8 (0x1981fc17) x24 0x998296f8
core   0: 0x8000a6fc (0x01259c13) slli    s8, a1, 18
core   0: 3 0x8000a6fc (0x01259c13) x24 0x00000000
core   0: 0x8000a700 (0x00afdb63) bge     t6, a0, pc + 22
core   0: 3 0x8000a700 (0x00afdb63)
core   0: 0x8000a716 (0x0000050c) c.addi4spn a1, sp, 640
core   0: 3 0x8000a716 (0x050c) x11 0x00000280
core   0: 0x8000a718 (0x000013fd) c.addi  t2, -1
core   0: 3 0x8000a718 (0x13fd) x 7 0xfffffffe
core   0: 0x8000a71a (0x00bf8833) add     a6, t6, a1
core   0: 3 0x8000a71a (0x00bf8833) x16 0x00000281
core   0: 0x8000a71e (0x3435bb13) sltiu   s6, a1, 835
core   0: 3 0x8000a71e (0x3435bb13) x22 0x00000001
core   0: 0x8000a722 (0x000064e9) c.lui   s1, 0x1a
core   0: 3 0x8000a722 (0x64e9) x 9 0x0001a000
core   0: 0x8000a724 (0x0000ea09) c.bnez  a2, pc + 18
core   0: 3 0x8000a724 (0xea09)
core   0: 0x8000a726 (0x01947eb3) and     t4, s0, s9
core   0: 3 0x8000a726 (0x01947eb3) x29 0x00025e58
core   0: 0x8000a72a (0x00e630b3) sltu    ra, a2, a4
core   0: 3 0x8000a72a (0x00e630b3) x 1 0x00000000
core   0: 0x8000a72e (0x00008dfe) c.mv    s11, t6
core   0: 3 0x8000a72e (0x8dfe) x27 0x00000001
core   0: 0x8000a730 (0x00008ead) c.xor   a3, a1
core   0: 3 0x8000a730 (0x8ead) x13 0x7e0bc280
core   0: 0x8000a732 (0x037eee33) rem     t3, t4, s7
core   0: 3 0x8000a732 (0x037eee33) x28 0x00025e58
core   0: 0x8000a736 (0x00008d79) c.and   a0, a4
core   0: 3 0x8000a736 (0x8d79) x10 0x00000000
core   0: 0x8000a738 (0x000099fd) c.andi  a1, -1
core   0: 3 0x8000a738 (0x99fd) x11 0x00000280
core   0: 0x8000a73a (0x000012fd) c.addi  t0, -1
core   0: 3 0x8000a73a (0x12fd) x 5 0xffffffff
core   0: 0x8000a73c (0x00008cd5) c.or    s1, a3
core   0: 3 0x8000a73c (0x8cd5) x 9 0x7e0be280
core   0: 0x8000a73e (0x02660733) mul     a4, a2, t1
core   0: 3 0x8000a73e (0x02660733) x14 0x00000000
core   0: 0x8000a742 (0x00008f95) c.sub   a5, a3
core   0: 3 0x8000a742 (0x8f95) x15 0x81f43d80
core   0: 0x8000a744 (0x0000197d) c.addi  s2, -1
core   0: 3 0x8000a744 (0x197d) x18 0xffffffff
core   0: 0x8000a746 (0x0ff0000f) fence   iorw,iorw
core   0: 3 0x8000a746 (0x0ff0000f)
core   0: 0x8000a74a (0x02dbf263) bgeu    s7, a3, pc + 36
core   0: 3 0x8000a74a (0x02dbf263)
core   0: 0x8000a74e (0x02e598b3) mulh    a7, a1, a4
core   0: 3 0x8000a74e (0x02e598b3) x17 0x00000000
core   0: 0x8000a752 (0xe86efa13) andi    s4, t4, -378
core   0: 3 0x8000a752 (0xe86efa13) x20 0x00025e00
core   0: 0x8000a756 (0x00005efd) c.li    t4, -1
core   0: 3 0x8000a756 (0x5efd) x29 0xffffffff
core   0: 0x8000a758 (0x017bbc33) sltu    s8, s7, s7
core   0: 3 0x8000a758 (0x017bbc33) x24 0x00000000
core   0: 0x8000a75c (0x0072e963) bltu    t0, t2, pc + 18
core   0: 3 0x8000a75c (0x0072e963)
core   0: 0x8000a760 (0x00000688) c.addi4spn a0, sp, 832
core   0: 3 0x8000a760 (0x0688) x10 0x00000340
core   0: 0x8000a762 (0x02b40263) beq     s0, a1, pc + 36
core   0: 3 0x8000a762 (0x02b40263)
core   0: 0x8000a766 (0x00619b63) bne     gp, t1, pc + 22
core   0: 3 0x8000a766 (0x00619b63)
core   0: 0x8000a76a (0x036daeb3) mulhsu  t4, s11, s6
core   0: 3 0x8000a76a (0x036daeb3) x29 0x00000000
core   0: 0x8000a76e (0x087a8e17) auipc   t3, 0x87a8
core   0: 3 0x8000a76e (0x087a8e17) x28 0x887b276e
core   0: 0x8000a772 (0x0000717d) c.addi16sp sp, -16
core   0: 3 0x8000a772 (0x717d) x 2 0xfffffff0
core   0: 0x8000a774 (0x01761093) slli    ra, a2, 23
core   0: 3 0x8000a774 (0x01761093) x 1 0x00000000
core   0: 0x8000a778 (0x02e458b3) divu    a7, s0, a4
core   0: 3 0x8000a778 (0x02e458b3) x17 0xffffffff
core   0: 0x8000a77c (0x57636b93) ori     s7, t1, 1398
core   0: 3 0x8000a77c (0x57636b93) x23 0x00000576
core   0: 0x8000a780 (0x6a79c093) xori    ra, s3, 1703
core   0: 3 0x8000a780 (0x6a79c093) x 1 0x003ff958
core   0: 0x8000a784 (0x00008f59) c.or    a4, a4
core   0: 3 0x8000a784 (0x8f59) x14 0x00000000
core   0: 0x8000a786 (0x00e12b33) slt     s6, sp, a4
core   0: 3 0x8000a786 (0x00e12b33) x22 0x00000001
core   0: 0x8000a78a (0x00008c45) c.or    s0, s1
core   0: 3 0x8000a78a (0x8c45) x 8 0x7e0fffff
core   0: 0x8000a78c (0x00008b26) c.mv    s6, s1
core   0: 3 0x8000a78c (0x8b26) x22 0x7e0be280
core   0: 0x8000a78e (0x000004b5) c.addi  s1, 13
core   0: 3 0x8000a78e (0x04b5) x 9 0x7e0be28d
core   0: 0x8000a790 (0x09aa1b63) bne     s4, s10, pc + 150
core   0: 3 0x8000a790 (0x09aa1b63)
core   0: 0x8000a826 (0x00141293) slli    t0, s0, 1
core   0: 3 0x8000a826 (0x00141293) x 5 0xfc1ffffe
core   0: 0x8000a82a (0x000088b5) c.andi  s1, 13
core   0: 3 0x8000a82a (0x88b5) x 9 0x0000000d
core   0: 0x8000a82c (0x3222b813) sltiu   a6, t0, 802
core   0: 3 0x8000a82c (0x3222b813) x16 0x00000000
core   0: 0x8000a830 (0x00008fa5) c.xor   a5, s1
core   0: 3 0x8000a830 (0x8fa5) x15 0x81f43d8d
core   0: 0x8000a832 (0x00009f8e) c.add   t6, gp
core   0: 3 0x8000a832 (0x9f8e) x31 0x00000001
core   0: 0x8000a834 (0x000063fd) c.lui   t2, 0x1f
core   0: 3 0x8000a834 (0x63fd) x 7 0x0001f000
core   0: 0x8000a836 (0x4056de93) srai    t4, a3, 5
core   0: 3 0x8000a836 (0x4056de93) x29 0x03f05e14
core   0: 0x8000a83a (0x03ad2933) mulhsu  s2, s10, s10
core   0: 3 0x8000a83a (0x03ad2933) x18 0x00000000
core   0: 0x8000a83e (0x00004581) c.li    a1, 0
core   0: 3 0x8000a83e (0x4581) x11 0x00000000
core   0: 0x8000a840 (0x00f9f1b3) and     gp, s3, a5
core   0: 3 0x8000a840 (0x00f9f1b3) x 3 0x00343d8d
core   0: 0x8000a844 (0x0000812d) c.srli  a0, 11
core   0: 3 0x8000a844 (0x812d) x10 0x00000000
core   0: 0x8000a846 (0x00722eb3) slt     t4, tp, t2
core   0: 3 0x8000a846 (0x00722eb3) x29 0x00000001
core   0: 0x8000a84a (0xbdf0ae97) auipc   t4, 0xbdf0a
core   0: 3 0x8000a84a (0xbdf0ae97) x29 0x3df1484a
core   0: 0x8000a84e (0x003f5f13) srli    t5, t5, 3
core   0: 3 0x8000a84e (0x003f5f13) x30 0x1fffffff
core   0: 0x8000a852 (0xeef3f393) andi    t2, t2, -273
core   0: 3 0x8000a852 (0xeef3f393) x 7 0x0001f000
core   0: 0x8000a856 (0x00738e63) beq     t2, t2, pc + 28
core   0: 3 0x8000a856 (0x00738e63)
core   0: 0x8000a872 (0x03296033) rem     zero, s2, s2
core   0: 3 0x8000a872 (0x03296033)
core   0: 0x8000a876 (0xcefe6517) auipc   a0, 0xcefe6
core   0: 3 0x8000a876 (0xcefe6517) x10 0x4eff0876
core   0: 0x8000a87a (0x00008d41) c.or    a0, s0
core   0: 3 0x8000a87a (0x8d41) x10 0x7effffff
core   0: 0x8000a87c (0x01f8d563) bge     a7, t6, pc + 10
core   0: 3 0x8000a87c (0x01f8d563)
core   0: 0x8000a880 (0x02c9a933) mulhsu  s2, s3, a2
core   0: 3 0x8000a880 (0x02c9a933) x18 0x00000000
core   0: 0x8000a884 (0x00008db1) c.xor   a1, a2
core   0: 3 0x8000a884 (0x8db1) x11 0x00000000
core   0: 0x8000a886 (0x00143eb3) sltu    t4, s0, ra
core   0: 3 0x8000a886 (0x00143eb3) x29 0x00000000
core   0: 0x8000a88a (0x0000030d) c.addi  t1, 3
core   0: 3 0x8000a88a (0x030d) x 6 0x00000003
core   0: 0x8000a88c (0x00008b69) c.andi  a4, 26
core   0: 3 0x8000a88c (0x8b69) x14 0x00000000
core   0: 0x8000a88e (0x02540db3) mul     s11, s0, t0
core   0: 3 0x8000a88e (0x02540db3) x27 0x07c00002
core   0: 0x8000a892 (0x0000e69d) c.bnez  a3, pc + 46
core   0: 3 0x8000a892 (0xe69d)
core   0: 0x8000a8c0 (0x00000001) c.nop
core   0: 3 0x8000a8c0 (0x0001)
core   0: 0x8000a8c2 (0x0000717d) c.addi16sp sp, -16
core   0: 3 0x8000a8c2 (0x717d) x 2 0xffffffe0
core   0: 0x8000a8c4 (0x036ce1b3) rem     gp, s9, s6
core   0: 3 0x8000a8c4 (0x036ce1b3) x 3 0xfe0e40d8
core   0: 0x8000a8c8 (0x00001014) c.addi4spn a3, sp, 32
core   0: 3 0x8000a8c8 (0x1014) x13 0x00000000
core   0: 0x8000a8ca (0x039ef4b3) remu    s1, t4, s9
core   0: 3 0x8000a8ca (0x039ef4b3) x 9 0x00000000
core   0: 0x8000a8ce (0x038b0d63) beq     s6, s8, pc + 58
core   0: 3 0x8000a8ce (0x038b0d63)
core   0: 0x8000a8d2 (0x00000001) c.nop
core   0: 3 0x8000a8d2 (0x0001)
core   0: 0x8000a8d4 (0x3179ad93) slti    s11, s3, 791
core   0: 3 0x8000a8d4 (0x3179ad93) x27 0x00000000
core   0: 0x8000a8d8 (0x45bbed93) ori     s11, s7, 1115
core   0: 3 0x8000a8d8 (0x45bbed93) x27 0x0000057f
core   0: 0x8000a8dc (0x5a7fbc13) sltiu   s8, t6, 1447
core   0: 3 0x8000a8dc (0x5a7fbc13) x24 0x00000001
core   0: 0x8000a8e0 (0x000053fd) c.li    t2, -1
core   0: 3 0x8000a8e0 (0x53fd) x 7 0xffffffff
core   0: 0x8000a8e2 (0x00200c63) beq     zero, sp, pc + 24
core   0: 3 0x8000a8e2 (0x00200c63)
core   0: 0x8000a8e6 (0x32c4ba13) sltiu   s4, s1, 812
core   0: 3 0x8000a8e6 (0x32c4ba13) x20 0x00000001
core   0: 0x8000a8ea (0x412451b3) sra     gp, s0, s2
core   0: 3 0x8000a8ea (0x412451b3) x 3 0x7e0fffff
core   0: 0x8000a8ee (0x00008ee1) c.and   a3, s0
core   0: 3 0x8000a8ee (0x8ee1) x13 0x00000000
core   0: 0x8000a8f0 (0x00009e56) c.add   t3, s5
core   0: 3 0x8000a8f0 (0x9e56) x28 0x087dc452
core   0: 0x8000a8f2 (0x00008ea1) c.xor   a3, s0
core   0: 3 0x8000a8f2 (0x8ea1) x13 0x7e0fffff
core   0: 0x8000a8f4 (0xc1e8e913) ori     s2, a7, -994
core   0: 3 0x8000a8f4 (0xc1e8e913) x18 0xffffffff
core   0: 0x8000a8f8 (0x00009a7d) c.andi  a2, -1
core   0: 3 0x8000a8f8 (0x9a7d) x12 0x00000000
core   0: 0x8000a8fa (0x0297e5b3) rem     a1, a5, s1
core   0: 3 0x8000a8fa (0x0297e5b3) x11 0x81f43d8d
core   0: 0x8000a8fe (0x40b0d393) srai    t2, ra, 11
core   0: 3 0x8000a8fe (0x40b0d393) x 7 0x000007ff
core   0: 0x8000a902 (0xc2f30393) addi    t2, t1, -977
core   0: 3 0x8000a902 (0xc2f30393) x 7 0xfffffc32
core   0: 0x8000a906 (0x00000001) c.nop
core   0: 3 0x8000a906 (0x0001)
core   0: 0x8000a908 (0x029c0533) mul     a0, s8, s1
core   0: 3 0x8000a908 (0x029c0533) x10 0x00000000
core   0: 0x8000a90c (0x00000001) c.nop
core   0: 3 0x8000a90c (0x0001)
core   0: 0x8000a90e (0x00009b7d) c.andi  a4, -1
core   0: 3 0x8000a90e (0x9b7d) x14 0x00000000
core   0: 0x8000a910 (0x014cea33) or      s4, s9, s4
core   0: 3 0x8000a910 (0x014cea33) x20 0x80025e59
core   0: 0x8000a914 (0x00008609) c.srai  a2, 2
core   0: 3 0x8000a914 (0x8609) x12 0x00000000
core   0: 0x8000a916 (0x00413f33) sltu    t5, sp, tp
core   0: 3 0x8000a916 (0x00413f33) x30 0x00000000
core   0: 0x8000a91a (0x05604063) blt     zero, s6, pc + 64
core   0: 3 0x8000a91a (0x05604063)
core   0: 0x8000a95a (0x00008fd5) c.or    a5, a3
core   0: 3 0x8000a95a (0x8fd5) x15 0xffffffff
core   0: 0x8000a95c (0x69cd9637) lui     a2, 0x69cd9
core   0: 3 0x8000a95c (0x69cd9637) x12 0x69cd9000
core   0: 0x8000a960 (0x03f96e33) rem     t3, s2, t6
core   0: 3 0x8000a960 (0x03f96e33) x28 0x00000000
core   0: 0x8000a964 (0x014337b3) sltu    a5, t1, s4
core   0: 3 0x8000a964 (0x014337b3) x15 0x00000001
core   0: 0x8000a968 (0x05401163) bne     zero, s4, pc + 66
core   0: 3 0x8000a968 (0x05401163)
core   0: 0x8000a9aa (0x014041b3) xor     gp, zero, s4
core   0: 3 0x8000a9aa (0x014041b3) x 3 0x80025e59
core   0: 0x8000a9ae (0x01509b33) sll     s6, ra, s5
core   0: 3 0x8000a9ae (0x01509b33) x22 0x03ff9580
core   0: 0x8000a9b2 (0x01706033) or      zero, zero, s7
core   0: 3 0x8000a9b2 (0x01706033)
core   0: 0x8000a9b6 (0x00000001) c.nop
core   0: 3 0x8000a9b6 (0x0001)
core   0: 0x8000a9b8 (0x00006849) c.lui   a6, 0x12
core   0: 3 0x8000a9b8 (0x6849) x16 0x00012000
core   0: 0x8000a9ba (0x022c1e33) mulh    t3, s8, sp
core   0: 3 0x8000a9ba (0x022c1e33) x28 0xffffffff
core   0: 0x8000a9be (0x055bf7b7) lui     a5, 0x55bf
core   0: 3 0x8000a9be (0x055bf7b7) x15 0x055bf000
core   0: 0x8000a9c2 (0x0000e699) c.bnez  a3, pc + 14
core   0: 3 0x8000a9c2 (0xe699)
core   0: 0x8000a9d0 (0x01246763) bltu    s0, s2, pc + 14
core   0: 3 0x8000a9d0 (0x01246763)
core   0: 0x8000a9de (0x02025633) divu    a2, tp, zero
core   0: 3 0x8000a9de (0x02025633) x12 0xffffffff
core   0: 0x8000a9e2 (0x0162b633) sltu    a2, t0, s6
core   0: 3 0x8000a9e2 (0x0162b633) x12 0x00000000
core   0: 0x8000a9e6 (0x02d95c63) bge     s2, a3, pc + 56
core   0: 3 0x8000a9e6 (0x02d95c63)
core   0: 0x8000a9ea (0x00e45eb3) srl     t4, s0, a4
core   0: 3 0x8000a9ea (0x00e45eb3) x29 0x7e0fffff
core   0: 0x8000a9ee (0x00008ed5) c.or    a3, a3
core   0: 3 0x8000a9ee (0x8ed5) x13 0x7e0fffff
core   0: 0x8000a9f0 (0x03a9a8b3) mulhsu  a7, s3, s10
core   0: 3 0x8000a9f0 (0x03a9a8b3) x17 0x0000001f
core   0: 0x8000a9f4 (0x017f1093) slli    ra, t5, 23
core   0: 3 0x8000a9f4 (0x017f1093) x 1 0x00000000
core   0: 0x8000a9f8 (0x006fcc63) blt     t6, t1, pc + 24
core   0: 3 0x8000a9f8 (0x006fcc63)
core   0: 0x8000aa10 (0x051e0163) beq     t3, a7, pc + 66
core   0: 3 0x8000aa10 (0x051e0163)
core   0: 0x8000aa14 (0x03bb44b3) div     s1, s6, s11
core   0: 3 0x8000aa14 (0x03bb44b3) x 9 0x0000ba3d
core   0: 0x8000aa18 (0x008aeeb3) or      t4, s5, s0
core   0: 3 0x8000aa18 (0x008aeeb3) x29 0xfe0fffff
core   0: 0x8000aa1c (0x0000ce8d) c.beqz  a3, pc + 58
core   0: 3 0x8000aa1c (0xce8d)
core   0: 0x8000aa1e (0x020a67b3) rem     a5, s4, zero
core   0: 3 0x8000aa1e (0x020a67b3) x15 0x80025e59
core   0: 0x8000aa22 (0x001c5a13) srli    s4, s8, 1
core   0: 3 0x8000aa22 (0x001c5a13) x20 0x00000000
core   0: 0x8000aa26 (0x40ee0c33) sub     s8, t3, a4
core   0: 3 0x8000aa26 (0x40ee0c33) x24 0xffffffff
core   0: 0x8000aa2a (0x000082b1) c.srli  a3, 12
core   0: 3 0x8000aa2a (0x82b1) x13 0x0007e0ff
core   0: 0x8000aa2c (0x02464433) div     s0, a2, tp
core   0: 3 0x8000aa2c (0x02464433) x 8 0x00000000
core   0: 0x8000aa30 (0xc7e7c493) xori    s1, a5, -898
core   0: 3 0x8000aa30 (0xc7e7c493) x 9 0x7ffda227
core   0: 0x8000aa34 (0x22fe4c13) xori    s8, t3, 559
core   0: 3 0x8000aa34 (0x22fe4c13) x24 0xfffffdd0
core   0: 0x8000aa38 (0x027f1333) mulh    t1, t5, t2
core   0: 3 0x8000aa38 (0x027f1333) x 6 0x00000000
core   0: 0x8000aa3c (0x0000ee05) c.bnez  a2, pc + 56
core   0: 3 0x8000aa3c (0xee05)
core   0: 0x8000aa3e (0x00008dd5) c.or    a1, a3
core   0: 3 0x8000aa3e (0x8dd5) x11 0x81f7fdff
core   0: 0x8000aa40 (0x02751db3) mulh    s11, a0, t2
core   0: 3 0x8000aa40 (0x02751db3) x27 0x00000000
core   0: 0x8000aa44 (0x02ab60b3) rem     ra, s6, a0
core   0: 3 0x8000aa44 (0x02ab60b3) x 1 0x03ff9580
core   0: 0x8000aa48 (0x00c052b3) srl     t0, zero, a2
core   0: 3 0x8000aa48 (0x00c052b3) x 5 0x00000000
core   0: 0x8000aa4c (0x00000001) c.nop
core   0: 3 0x8000aa4c (0x0001)
core   0: 0x8000aa4e (0x41b15f33) sra     t5, sp, s11
core   0: 3 0x8000aa4e (0x41b15f33) x30 0xffffffe0
core   0: 0x8000aa52 (0x05d8e163) bltu    a7, t4, pc + 66
core   0: 3 0x8000aa52 (0x05d8e163)
core   0: 0x8000aa94 (0x003e86b3) add     a3, t4, gp
core   0: 3 0x8000aa94 (0x003e86b3) x13 0x7e125e58
core   0: 0x8000aa98 (0x99412f93) slti    t6, sp, -1644
core   0: 3 0x8000aa98 (0x99412f93) x31 0x00000000
core   0: 0x8000aa9c (0x000058fd) c.li    a7, -1
core   0: 3 0x8000aa9c (0x58fd) x17 0xffffffff
core   0: 0x8000aa9e (0x00008fa9) c.xor   a5, a0
core   0: 3 0x8000aa9e (0x8fa9) x15 0x80025e59
core   0: 0x8000aaa0 (0x4071db33) sra     s6, gp, t2
core   0: 3 0x8000aaa0 (0x4071db33) x22 0xffffe000
core   0: 0x8000aaa4 (0x0000e189) c.bnez  a1, pc + 2
core   0: 3 0x8000aaa4 (0xe189)
core   0: 0x8000aaa6 (0x0000100f) fence.i
core   0: 3 0x8000aaa6 (0x0000100f)
core   0: 0x8000aaaa (0x16e0bdb7) lui     s11, 0x16e0b
core   0: 3 0x8000aaaa (0x16e0bdb7) x27 0x16e0b000
core   0: 0x8000aaae (0x0096d663) bge     a3, s1, pc + 12
core   0: 3 0x8000aaae (0x0096d663)
core   0: 0x8000aab2 (0x02b96fb3) rem     t6, s2, a1
core   0: 3 0x8000aab2 (0x02b96fb3) x31 0xffffffff
core   0: 0x8000aab6 (0x403886b3) sub     a3, a7, gp
core   0: 3 0x8000aab6 (0x403886b3) x13 0x7ffda1a6
core   0: 0x8000aaba (0xc7ba4397) auipc   t2, 0xc7ba4
core   0: 3 0x8000aaba (0xc7ba4397) x 7 0x47baeaba
core   0: 0x8000aabe (0x004c0633) add     a2, s8, tp
core   0: 3 0x8000aabe (0x004c0633) x12 0x7ffffdd0
core   0: 0x8000aac2 (0x0ff0000f) fence   iorw,iorw
core   0: 3 0x8000aac2 (0x0ff0000f)
core   0: 0x8000aac6 (0x00004c0d) c.li    s8, 3
core   0: 3 0x8000aac6 (0x4c0d) x24 0x00000003
core   0: 0x8000aac8 (0x000082dd) c.srli  a3, 23
core   0: 3 0x8000aac8 (0x82dd) x13 0x000000ff
core   0: 0x8000aaca (0x0000100f) fence.i
core   0: 3 0x8000aaca (0x0000100f)
core   0: 0x8000aace (0x4a380297) auipc   t0, 0x4a380
core   0: 3 0x8000aace (0x4a380297) x 5 0xca38aace
core   0: 0x8000aad2 (0x3ad5a093) slti    ra, a1, 941
core   0: 3 0x8000aad2 (0x3ad5a093) x 1 0x00000001
core   0: 0x8000aad6 (0x00f54eb3) xor     t4, a0, a5
core   0: 3 0x8000aad6 (0x00f54eb3) x29 0x80025e59
core   0: 0x8000aada (0x02465433) divu    s0, a2, tp
core   0: 3 0x8000aada (0x02465433) x 8 0x00000000
core   0: 0x8000aade (0x00008e51) c.or    a2, a2
core   0: 3 0x8000aade (0x8e51) x12 0x7ffffdd0
core   0: 0x8000aae0 (0x2d150913) addi    s2, a0, 721
core   0: 3 0x8000aae0 (0x2d150913) x18 0x000002d1
core   0: 0x8000aae4 (0x000080b9) c.srli  s1, 14
core   0: 3 0x8000aae4 (0x80b9) x 9 0x0001fff6
core   0: 0x8000aae6 (0x0382b5b3) mulhu   a1, t0, s8
core   0: 3 0x8000aae6 (0x0382b5b3) x11 0x00000002
core   0: 0x8000aaea (0x01c194b3) sll     s1, gp, t3
core   0: 3 0x8000aaea (0x01c194b3) x 9 0x80000000
core   0: 0x8000aaee (0xb92da593) slti    a1, s11, -1134
core   0: 3 0x8000aaee (0xb92da593) x11 0x00000000
core   0: 0x8000aaf2 (0x03aff163) bgeu    t6, s10, pc + 34
core   0: 3 0x8000aaf2 (0x03aff163)
core   0: 0x8000ab14 (0x0590f063) bgeu    ra, s9, pc + 64
core   0: 3 0x8000ab14 (0x0590f063)
core   0: 0x8000ab18 (0x00006c79) c.lui   s8, 0x1e
core   0: 3 0x8000ab18 (0x6c79) x24 0x0001e000
core   0: 0x8000ab1a (0xed688597) auipc   a1, 0xed688
core   0: 3 0x8000ab1a (0xed688597) x11 0x6d692b1a
core   0: 0x8000ab1e (0x005dcd63) blt     s11, t0, pc + 26
core   0: 3 0x8000ab1e (0x005dcd63)
core   0: 0x8000ab22 (0x025b1033) mulh    zero, s6, t0
core   0: 3 0x8000ab22 (0x025b1033)
core   0: 0x8000ab26 (0x0092d8b3) srl     a7, t0, s1
core   0: 3 0x8000ab26 (0x0092d8b3) x17 0xca38aace
core   0: 0x8000ab2a (0x00008e09) c.sub   a2, a0
core   0: 3 0x8000ab2a (0x8e09) x12 0x7ffffdd0
core   0: 0x8000ab2c (0x0000100f) fence.i
core   0: 3 0x8000ab2c (0x0000100f)
core   0: 0x8000ab30 (0x03711e63) bne     sp, s7, pc + 60
core   0: 3 0x8000ab30 (0x03711e63)
core   0: 0x8000ab6c (0x000081fa) c.mv    gp, t5
core   0: 3 0x8000ab6c (0x81fa) x 3 0xffffffe0
core   0: 0x8000ab6e (0x00000898) c.addi4spn a4, sp, 80
core   0: 3 0x8000ab6e (0x0898) x14 0x00000030
core   0: 0x8000ab70 (0x40d95e13) srai    t3, s2, 13
core   0: 3 0x8000ab70 (0x40d95e13) x28 0x00000000
core   0: 0x8000ab74 (0x00008cb1) c.xor   s1, a2
core   0: 3 0x8000ab74 (0x8cb1) x 9 0xfffffdd0
core   0: 0x8000ab76 (0x01b28763) beq     t0, s11, pc + 14
core   0: 3 0x8000ab76 (0x01b28763)
core   0: 0x8000ab7a (0x00a7bfb3) sltu    t6, a5, a0
core   0: 3 0x8000ab7a (0x00a7bfb3) x31 0x00000000
core   0: 0x8000ab7e (0x43e30c13) addi    s8, t1, 1086
core   0: 3 0x8000ab7e (0x43e30c13) x24 0x0000043e
core   0: 0x8000ab82 (0x00006179) c.addi16sp sp, 464
core   0: 3 0x8000ab82 (0x6179) x 2 0x000001b0
core   0: 0x8000ab84 (0x57994293) xori    t0, s2, 1401
core   0: 3 0x8000ab84 (0x57994293) x 5 0x000007a8
core   0: 0x8000ab88 (0x412d0bb3) sub     s7, s10, s2
core   0: 3 0x8000ab88 (0x412d0bb3) x23 0x00007d2f
core   0: 0x8000ab8c (0x0000810d) c.srli  a0, 3
core   0: 3 0x8000ab8c (0x810d) x10 0x00000000
core   0: 0x8000ab8e (0x0012e9b3) or      s3, t0, ra
core   0: 3 0x8000ab8e (0x0012e9b3) x19 0x000007a9
core   0: 0x8000ab92 (0x40685613) srai    a2, a6, 6
core   0: 3 0x8000ab92 (0x40685613) x12 0x00000480
core   0: 0x8000ab96 (0x01d89bb3) sll     s7, a7, t4
core   0: 3 0x8000ab96 (0x01d89bb3) x23 0x9c000000
core   0: 0x8000ab9a (0x00008431) c.srai  s0, 12
core   0: 3 0x8000ab9a (0x8431) x 8 0x00000000
core   0: 0x8000ab9c (0x00000a1c) c.addi4spn a5, sp, 272
core   0: 3 0x8000ab9c (0x0a1c) x15 0x000002c0
core   0: 0x8000ab9e (0x000098e6) c.add   a7, s9
core   0: 3 0x8000ab9e (0x98e6) x17 0x4a3b0926
core   0: 0x8000aba0 (0x03c3ef33) rem     t5, t2, t3
core   0: 3 0x8000aba0 (0x03c3ef33) x30 0x47baeaba
core   0: 0x8000aba4 (0x01f074b3) and     s1, zero, t6
core   0: 3 0x8000aba4 (0x01f074b3) x 9 0x00000000
core   0: 0x8000aba8 (0xec288f17) auipc   t5, 0xec288
core   0: 3 0x8000aba8 (0xec288f17) x30 0x6c292ba8
core   0: 0x8000abac (0x01f5f4b3) and     s1, a1, t6
core   0: 3 0x8000abac (0x01f5f4b3) x 9 0x00000000
core   0: 0x8000abb0 (0x0000614d) c.addi16sp sp, 176
core   0: 3 0x8000abb0 (0x614d) x 2 0x00000260
core   0: 0x8000abb2 (0x00000172) c.slli  sp, 28
core   0: 3 0x8000abb2 (0x0172) x 2 0x00000000
core   0: 0x8000abb4 (0x006137b3) sltu    a5, sp, t1
core   0: 3 0x8000abb4 (0x006137b3) x15 0x00000000
core   0: 0x8000abb8 (0x00006db1) c.lui   s11, 0xc
core   0: 3 0x8000abb8 (0x6db1) x27 0x0000c000
core   0: 0x8000abba (0x00009c2e) c.add   s8, a1
core   0: 3 0x8000abba (0x9c2e) x24 0x6d692f58
core   0: 0x8000abbc (0x03358d33) mul     s10, a1, s3
core   0: 3 0x8000abbc (0x03358d33) x26 0x1a9b2a2a
core   0: 0x8000abc0 (0x00008306) c.mv    t1, ra
core   0: 3 0x8000abc0 (0x8306) x 6 0x00000001
core   0: 0x8000abc2 (0x00008d85) c.sub   a1, s1
core   0: 3 0x8000abc2 (0x8d85) x11 0x6d692b1a
core   0: 0x8000abc4 (0x9cd7ad93) slti    s11, a5, -1587
core   0: 3 0x8000abc4 (0x9cd7ad93) x27 0x00000000
core   0: 0x8000abc8 (0x0000878d) c.srai  a5, 3
core   0: 3 0x8000abc8 (0x878d) x15 0x00000000
core   0: 0x8000abca (0x00000001) c.nop
core   0: 3 0x8000abca (0x0001)
core   0: 0x8000abcc (0x0000997d) c.andi  a0, -1
core   0: 3 0x8000abcc (0x997d) x10 0x00000000
core   0: 0x8000abce (0x0146adb3) slt     s11, a3, s4
core   0: 3 0x8000abce (0x0146adb3) x27 0x00000000
core   0: 0x8000abd2 (0x00008e05) c.sub   a2, s1
core   0: 3 0x8000abd2 (0x8e05) x12 0x00000480
core   0: 0x8000abd4 (0xd91acb13) xori    s6, s5, -623
core   0: 3 0x8000abd4 (0xd91acb13) x22 0x7ffd6175
core   0: 0x8000abd8 (0x00008c49) c.or    s0, a0
core   0: 3 0x8000abd8 (0x8c49) x 8 0x00000000
core   0: 0x8000abda (0x00006129) c.addi16sp sp, 192
core   0: 3 0x8000abda (0x6129) x 2 0x000000c0
core   0: 0x8000abdc (0x00008ebd) c.xor   a3, a5
core   0: 3 0x8000abdc (0x8ebd) x13 0x000000ff
core   0: 0x8000abde (0x7ee66e93) ori     t4, a2, 2030
core   0: 3 0x8000abde (0x7ee66e93) x29 0x000007ee
core   0: 0x8000abe2 (0xaf98ed93) ori     s11, a7, -1287
core   0: 3 0x8000abe2 (0xaf98ed93) x27 0xfffffbff
core   0: 0x8000abe6 (0xea7b8c13) addi    s8, s7, -345
core   0: 3 0x8000abe6 (0xea7b8c13) x24 0x9bfffea7
core   0: 0x8000abea (0x00008633) add     a2, ra, zero
core   0: 3 0x8000abea (0x00008633) x12 0x00000001
core   0: 0x8000abee (0x00008e8d) c.sub   a3, a1
core   0: 3 0x8000abee (0x8e8d) x13 0x9296d5e5
core   0: 0x8000abf0 (0x01160c33) add     s8, a2, a7
core   0: 3 0x8000abf0 (0x01160c33) x24 0x4a3b0927
core   0: 0x8000abf4 (0x02624a33) div     s4, tp, t1
core   0: 3 0x8000abf4 (0x02624a33) x20 0x80000000
core   0: 0x8000abf8 (0x03f5feb3) remu    t4, a1, t6
core   0: 3 0x8000abf8 (0x03f5feb3) x29 0x6d692b1a
core   0: 0x8000abfc (0x19c24113) xori    sp, tp, 412
core   0: 3 0x8000abfc (0x19c24113) x 2 0x8000019c
core   0: 0x8000ac00 (0x40f680b3) sub     ra, a3, a5
core   0: 3 0x8000ac00 (0x40f680b3) x 1 0x9296d5e5
core   0: 0x8000ac04 (0xbd414193) xori    gp, sp, -1068
core   0: 3 0x8000ac04 (0xbd414193) x 3 0x7ffffa48
core   0: 0x8000ac08 (0x0147fa63) bgeu    a5, s4, pc + 20
core   0: 3 0x8000ac08 (0x0147fa63)
core   0: 0x8000ac0c (0x01dd0d63) beq     s10, t4, pc + 26
core   0: 3 0x8000ac0c (0x01dd0d63)
core   0: 0x8000ac10 (0x00ef7833) and     a6, t5, a4
core   0: 3 0x8000ac10 (0x00ef7833) x16 0x00000020
core   0: 0x8000ac14 (0x0000c815) c.beqz  s0, pc + 52
core   0: 3 0x8000ac14 (0xc815)
core   0: 0x8000ac48 (0x00845813) srli    a6, s0, 8
core   0: 3 0x8000ac48 (0x00845813) x16 0x00000000
core   0: 0x8000ac4c (0x00f18433) add     s0, gp, a5
core   0: 3 0x8000ac4c (0x00f18433) x 8 0x7ffffa48
core   0: 0x8000ac50 (0xa0bacd93) xori    s11, s5, -1525
core   0: 3 0x8000ac50 (0xa0bacd93) x27 0x7ffd66ef
core   0: 0x8000ac54 (0x019e2bb3) slt     s7, t3, s9
core   0: 3 0x8000ac54 (0x019e2bb3) x23 0x00000000
core   0: 0x8000ac58 (0x0000587d) c.li    a6, -1
core   0: 3 0x8000ac58 (0x587d) x16 0xffffffff
core   0: 0x8000ac5a (0x00009a66) c.add   s4, s9
core   0: 3 0x8000ac5a (0x9a66) x20 0x00025e58
core   0: 0x8000ac5c (0x00000f1c) c.addi4spn a5, sp, 912
core   0: 3 0x8000ac5c (0x0f1c) x15 0x8000052c
core   0: 0x8000ac5e (0x00009a7d) c.andi  a2, -1
core   0: 3 0x8000ac5e (0x9a7d) x12 0x00000001
core   0: 0x8000ac60 (0x00735333) srl     t1, t1, t2
core   0: 3 0x8000ac60 (0x00735333) x 6 0x00000000
core   0: 0x8000ac64 (0x0000717d) c.addi16sp sp, -16
core   0: 3 0x8000ac64 (0x717d) x 2 0x8000018c
core   0: 0x8000ac66 (0x00008e99) c.sub   a3, a4
core   0: 3 0x8000ac66 (0x8e99) x13 0x9296d5b5
core   0: 0x8000ac68 (0x0270c3b3) div     t2, ra, t2
core   0: 3 0x8000ac68 (0x0270c3b3) x 7 0xffffffff
core   0: 0x8000ac6c (0x003c44b3) xor     s1, s8, gp
core   0: 3 0x8000ac6c (0x003c44b3) x 9 0x35c4f36f
core   0: 0x8000ac70 (0x01e4fb33) and     s6, s1, t5
core   0: 3 0x8000ac70 (0x01e4fb33) x22 0x24002328
core   0: 0x8000ac74 (0x00009a56) c.add   s4, s5
core   0: 3 0x8000ac74 (0x9a56) x20 0x8004fb3c
core   0: 0x8000ac76 (0x88b13313) sltiu   t1, sp, -1909
core   0: 3 0x8000ac76 (0x88b13313) x 6 0x00000001
core   0: 0x8000ac7a (0x0021e0b3) or      ra, gp, sp
core   0: 3 0x8000ac7a (0x0021e0b3) x 1 0xfffffbcc
core   0: 0x8000ac7e (0x0394fb63) bgeu    s1, s9, pc + 54
core   0: 3 0x8000ac7e (0x0394fb63)
core   0: 0x8000ac82 (0x00000ed5) c.addi  t4, 21
core   0: 3 0x8000ac82 (0x0ed5) x29 0x6d692b2f
core   0: 0x8000ac84 (0x0000100f) fence.i
core   0: 3 0x8000ac84 (0x0000100f)
core   0: 0x8000ac88 (0xe1e2cb93) xori    s7, t0, -482
core   0: 3 0x8000ac88 (0xe1e2cb93) x23 0xfffff9b6
core   0: 0x8000ac8c (0x03f21333) mulh    t1, tp, t6
core   0: 3 0x8000ac8c (0x03f21333) x 6 0x00000000
core   0: 0x8000ac90 (0x0207b133) mulhu   sp, a5, zero
core   0: 3 0x8000ac90 (0x0207b133) x 2 0x00000000
core   0: 0x8000ac94 (0x409809b3) sub     s3, a6, s1
core   0: 3 0x8000ac94 (0x409809b3) x19 0xca3b0c90
core   0: 0x8000ac98 (0x0000682d) c.lui   a6, 0xb
core   0: 3 0x8000ac98 (0x682d) x16 0x0000b000
core   0: 0x8000ac9a (0x00000eee) c.slli  t4, 27
core   0: 3 0x8000ac9a (0x0eee) x29 0x78000000
core   0: 0x8000ac9c (0x0000830d) c.srli  a4, 3
core   0: 3 0x8000ac9c (0x830d) x14 0x00000006
core   0: 0x8000ac9e (0x0077e8b3) or      a7, a5, t2
core   0: 3 0x8000ac9e (0x0077e8b3) x17 0xffffffff
core   0: 0x8000aca2 (0xee664e93) xori    t4, a2, -282
core   0: 3 0x8000aca2 (0xee664e93) x29 0xfffffee7
core   0: 0x8000aca6 (0x0000856d) c.srai  a0, 27
core   0: 3 0x8000aca6 (0x856d) x10 0x00000000
core   0: 0x8000aca8 (0x00d59293) slli    t0, a1, 13
core   0: 3 0x8000aca8 (0x00d59293) x 5 0x25634000
core   0: 0x8000acac (0xfd484393) xori    t2, a6, -44
core   0: 3 0x8000acac (0xfd484393) x 7 0xffff4fd4
core   0: 0x8000acb0 (0x01a11763) bne     sp, s10, pc + 14
core   0: 3 0x8000acb0 (0x01a11763)
core   0: 0x8000acbe (0x03d3b3b3) mulhu   t2, t2, t4
core   0: 3 0x8000acbe (0x03d3b3b3) x 7 0xffff4ebb
core   0: 0x8000acc2 (0x000000d2) c.slli  ra, 20
core   0: 3 0x8000acc2 (0x00d2) x 1 0xbcc00000
core   0: 0x8000acc4 (0x0000117d) c.addi  sp, -1
core   0: 3 0x8000acc4 (0x117d) x 2 0xffffffff
core   0: 0x8000acc6 (0x02b90c33) mul     s8, s2, a1
core   0: 3 0x8000acc6 (0x02b90c33) x24 0x2532643a
core   0: 0x8000acca (0x000091e6) c.add   gp, s9
core   0: 3 0x8000acca (0x91e6) x 3 0x000258a0
core   0: 0x8000accc (0x0000648d) c.lui   s1, 0x3
core   0: 3 0x8000accc (0x648d) x 9 0x00003000
core   0: 0x8000acce (0x037cb7b3) mulhu   a5, s9, s7
core   0: 3 0x8000acce (0x037cb7b3) x15 0x80025b32
core   0: 0x8000acd2 (0x000056fd) c.li    a3, -1
core   0: 3 0x8000acd2 (0x56fd) x13 0xffffffff
core   0: 0x8000acd4 (0x02a64b33) div     s6, a2, a0
core   0: 3 0x8000acd4 (0x02a64b33) x22 0xffffffff
core   0: 0x8000acd8 (0x5bdc0513) addi    a0, s8, 1469
core   0: 3 0x8000acd8 (0x5bdc0513) x10 0x253269f7
core   0: 0x8000acdc (0x018ffeb3) and     t4, t6, s8
core   0: 3 0x8000acdc (0x018ffeb3) x29 0x00000000
core   0: 0x8000ace0 (0x01618bb3) add     s7, gp, s6
core   0: 3 0x8000ace0 (0x01618bb3) x23 0x0002589f
core   0: 0x8000ace4 (0x0000100f) fence.i
core   0: 3 0x8000ace4 (0x0000100f)
core   0: 0x8000ace8 (0x419700b3) sub     ra, a4, s9
core   0: 3 0x8000ace8 (0x419700b3) x 1 0x7ffda1ae
core   0: 0x8000acec (0x0000100f) fence.i
core   0: 3 0x8000acec (0x0000100f)
core   0: 0x8000acf0 (0x03cf8b33) mul     s6, t6, t3
core   0: 3 0x8000acf0 (0x03cf8b33) x22 0x00000000
core   0: 0x8000acf4 (0x034df9b3) remu    s3, s11, s4
core   0: 3 0x8000acf4 (0x034df9b3) x19 0x7ffd66ef
core   0: 0x8000acf8 (0x0000eb09) c.bnez  a4, pc + 18
core   0: 3 0x8000acf8 (0xeb09)
core   0: 0x8000ad0a (0x00008349) c.srli  a4, 18
core   0: 3 0x8000ad0a (0x8349) x14 0x00000000
core   0: 0x8000ad0c (0x41bb5133) sra     sp, s6, s11
core   0: 3 0x8000ad0c (0x41bb5133) x 2 0x00000000
core   0: 0x8000ad10 (0x1aeae593) ori     a1, s5, 430
core   0: 3 0x8000ad10 (0x1aeae593) x11 0x80029dee
core   0: 0x8000ad14 (0x02596663) bltu    s2, t0, pc + 44
core   0: 3 0x8000ad14 (0x02596663)
core   0: 0x8000ad40 (0x0077ff33) and     t5, a5, t2
core   0: 3 0x8000ad40 (0x0077ff33) x30 0x80024a32
core   0: 0x8000ad44 (0x017465b3) or      a1, s0, s7
core   0: 3 0x8000ad44 (0x017465b3) x11 0x7ffffadf
core   0: 0x8000ad48 (0x00008fe1) c.and   a5, s0
core   0: 3 0x8000ad48 (0x8fe1) x15 0x00025a00
core   0: 0x8000ad4a (0x00000001) c.nop
core   0: 3 0x8000ad4a (0x0001)
core   0: 0x8000ad4c (0x000041f9) c.li    gp, 30
core   0: 3 0x8000ad4c (0x41f9) x 3 0x0000001e
core   0: 0x8000ad4e (0x029a7163) bgeu    s4, s1, pc + 34
core   0: 3 0x8000ad4e (0x029a7163)
core   0: 0x8000ad70 (0xfc256613) ori     a2, a0, -62
core   0: 3 0x8000ad70 (0xfc256613) x12 0xfffffff7
core   0: 0x8000ad74 (0x00000001) c.nop
core   0: 3 0x8000ad74 (0x0001)
core   0: 0x8000ad76 (0x00008c8d) c.sub   s1, a1
core   0: 3 0x8000ad76 (0x8c8d) x 9 0x80003521
core   0: 0x8000ad78 (0x4072d733) sra     a4, t0, t2
core   0: 3 0x8000ad78 (0x4072d733) x14 0x00000004
core   0: 0x8000ad7c (0x032731b3) mulhu   gp, a4, s2
core   0: 3 0x8000ad7c (0x032731b3) x 3 0x00000000
core   0: 0x8000ad80 (0x84384d13) xori    s10, a6, -1981
core   0: 3 0x8000ad80 (0x84384d13) x26 0xffff4843
core   0: 0x8000ad84 (0x00915533) srl     a0, sp, s1
core   0: 3 0x8000ad84 (0x00915533) x10 0x00000000
core   0: 0x8000ad88 (0x00000966) c.slli  s2, 25
core   0: 3 0x8000ad88 (0x0966) x18 0xa2000000
core   0: 0x8000ad8a (0x0299d033) divu    zero, s3, s1
core   0: 3 0x8000ad8a (0x0299d033)
core   0: 0x8000ad8e (0x013ec9b3) xor     s3, t4, s3
core   0: 3 0x8000ad8e (0x013ec9b3) x19 0x7ffd66ef
core   0: 0x8000ad92 (0x0127c033) xor     zero, a5, s2
core   0: 3 0x8000ad92 (0x0127c033)
core   0: 0x8000ad96 (0x0034c733) xor     a4, s1, gp
core   0: 3 0x8000ad96 (0x0034c733) x14 0x80003521
core   0: 0x8000ad9a (0x02fb4363) blt     s6, a5, pc + 38
core   0: 3 0x8000ad9a (0x02fb4363)
core   0: 0x8000adc0 (0x039c14b3) mulh    s1, s8, s9
core   0: 3 0x8000adc0 (0x039c14b3) x 9 0xed6725fd
core   0: 0x8000adc4 (0x01ab21b3) slt     gp, s6, s10
core   0: 3 0x8000adc4 (0x01ab21b3) x 3 0x00000000
core   0: 0x8000adc8 (0x02451f63) bne     a0, tp, pc + 62
core   0: 3 0x8000adc8 (0x02451f63)
core   0: 0x8000ae06 (0x0ff0000f) fence   iorw,iorw
core   0: 3 0x8000ae06 (0x0ff0000f)
core   0: 0x8000ae0a (0x03b1d863) bge     gp, s11, pc + 48
core   0: 3 0x8000ae0a (0x03b1d863)
core   0: 0x8000ae0e (0x0000717d) c.addi16sp sp, -16
core   0: 3 0x8000ae0e (0x717d) x 2 0xfffffff0
core   0: 0x8000ae10 (0x0135ed63) bltu    a1, s3, pc + 26
core   0: 3 0x8000ae10 (0x0135ed63)
core   0: 0x8000ae14 (0x93dc7e97) auipc   t4, 0x93dc7
core   0: 3 0x8000ae14 (0x93dc7e97) x29 0x13dd1e14
core   0: 0x8000ae18 (0x02fbf163) bgeu    s7, a5, pc + 34
core   0: 3 0x8000ae18 (0x02fbf163)
core   0: 0x8000ae1c (0x024da333) mulhsu  t1, s11, tp
core   0: 3 0x8000ae1c (0x024da333) x 6 0x3ffeb377
core   0: 0x8000ae20 (0x00008ff5) c.and   a5, a3
core   0: 3 0x8000ae20 (0x8ff5) x15 0x00025a00
core   0: 0x8000ae22 (0x054cd363) bge     s9, s4, pc + 70
core   0: 3 0x8000ae22 (0x054cd363)
core   0: 0x8000ae26 (0x0000100f) fence.i
core   0: 3 0x8000ae26 (0x0000100f)
core   0: 0x8000ae2a (0x00006e51) c.lui   t3, 0x14
core   0: 3 0x8000ae2a (0x6e51) x28 0x00014000
core   0: 0x8000ae2c (0x0052ff63) bgeu    t0, t0, pc + 30
core   0: 3 0x8000ae2c (0x0052ff63)
core   0: 0x8000ae4a (0x03225f33) divu    t5, tp, s2
core   0: 3 0x8000ae4a (0x03225f33) x30 0x00000000
core   0: 0x8000ae4e (0x006d1633) sll     a2, s10, t1
core   0: 3 0x8000ae4e (0x006d1633) x12 0x21800000
core   0: 0x8000ae52 (0x00008edd) c.or    a3, a5
core   0: 3 0x8000ae52 (0x8edd) x13 0xffffffff
core   0: 0x8000ae54 (0x01f5f4b3) and     s1, a1, t6
core   0: 3 0x8000ae54 (0x01f5f4b3) x 9 0x00000000
core   0: 0x8000ae58 (0x0073ea63) bltu    t2, t2, pc + 20
core   0: 3 0x8000ae58 (0x0073ea63)
core   0: 0x8000ae5c (0x00001004) c.addi4spn s1, sp, 32
core   0: 3 0x8000ae5c (0x1004) x 9 0x00000010
core   0: 0x8000ae5e (0x6365b413) sltiu   s0, a1, 1590
core   0: 3 0x8000ae5e (0x6365b413) x 8 0x00000000
core   0: 0x8000ae62 (0x0256cd63) blt     a3, t0, pc + 58
core   0: 3 0x8000ae62 (0x0256cd63)
core   0: 0x8000ae9c (0x019726b3) slt     a3, a4, s9
core   0: 3 0x8000ae9c (0x019726b3) x13 0x00000001
core   0: 0x8000aea0 (0x026e7133) remu    sp, t3, t1
core   0: 3 0x8000aea0 (0x026e7133) x 2 0x00014000
core   0: 0x8000aea4 (0x0113dc33) srl     s8, t2, a7
core   0: 3 0x8000aea4 (0x0113dc33) x24 0x00000001
core   0: 0x8000aea8 (0x00008cd5) c.or    s1, a3
core   0: 3 0x8000aea8 (0x8cd5) x 9 0x00000011
core   0: 0x8000aeaa (0x0217ba33) mulhu   s4, a5, ra
core   0: 3 0x8000aeaa (0x0217ba33) x20 0x00012cfa
core   0: 0x8000aeae (0x4621c193) xori    gp, gp, 1122
core   0: 3 0x8000aeae (0x4621c193) x 3 0x00000462
core   0: 0x8000aeb2 (0x032e0463) beq     t3, s2, pc + 40
core   0: 3 0x8000aeb2 (0x032e0463)
core   0: 0x8000aeb6 (0x00008d95) c.sub   a1, a3
core   0: 3 0x8000aeb6 (0x8d95) x11 0x7ffffade
core   0: 0x8000aeb8 (0x028052b3) divu    t0, zero, s0
core   0: 3 0x8000aeb8 (0x028052b3) x 5 0xffffffff
core   0: 0x8000aebc (0x00515a33) srl     s4, sp, t0
core   0: 3 0x8000aebc (0x00515a33) x20 0x00000000
core   0: 0x8000aec0 (0x02ca3eb3) mulhu   t4, s4, a2
core   0: 3 0x8000aec0 (0x02ca3eb3) x29 0x00000000
core   0: 0x8000aec4 (0x40c9ddb3) sra     s11, s3, a2
core   0: 3 0x8000aec4 (0x40c9ddb3) x27 0x7ffd66ef
core   0: 0x8000aec8 (0xa4372e93) slti    t4, a4, -1469
core   0: 3 0x8000aec8 (0xa4372e93) x29 0x00000001
core   0: 0x8000aecc (0x0000cb89) c.beqz  a5, pc + 18
core   0: 3 0x8000aecc (0xcb89)
core   0: 0x8000aece (0x02cb5533) divu    a0, s6, a2
core   0: 3 0x8000aece (0x02cb5533) x10 0x00000000
core   0: 0x8000aed2 (0xfa6eb293) sltiu   t0, t4, -90
core   0: 3 0x8000aed2 (0xfa6eb293) x 5 0x00000001
core   0: 0x8000aed6 (0x020e5963) bgez    t3, pc + 50
core   0: 3 0x8000aed6 (0x020e5963)
core   0: 0x8000af08 (0x01c00e33) add     t3, zero, t3
core   0: 3 0x8000af08 (0x01c00e33) x28 0x00014000
core   0: 0x8000af0c (0x009a34b3) sltu    s1, s4, s1
core   0: 3 0x8000af0c (0x009a34b3) x 9 0x00000001
core   0: 0x8000af10 (0xaa786e93) ori     t4, a6, -1369
core   0: 3 0x8000af10 (0xaa786e93) x29 0xfffffaa7
core   0: 0x8000af14 (0x02c4d4b3) divu    s1, s1, a2
core   0: 3 0x8000af14 (0x02c4d4b3) x 9 0x00000000
core   0: 0x8000af18 (0x022137b3) mulhu   a5, sp, sp
core   0: 3 0x8000af18 (0x022137b3) x15 0x00000001
core   0: 0x8000af1c (0x02994063) blt     s2, s1, pc + 32
core   0: 3 0x8000af1c (0x02994063)
core   0: 0x8000af3c (0x00006105) c.addi16sp sp, 32
core   0: 3 0x8000af3c (0x6105) x 2 0x00014020
core   0: 0x8000af3e (0x027f2633) mulhsu  a2, t5, t2
core   0: 3 0x8000af3e (0x027f2633) x12 0x00000000
core   0: 0x8000af42 (0xf99e56b7) lui     a3, 0xf99e5
core   0: 3 0x8000af42 (0xf99e56b7) x13 0xf99e5000
core   0: 0x8000af46 (0x000062c5) c.lui   t0, 0x11
core   0: 3 0x8000af46 (0x62c5) x 5 0x00011000
core   0: 0x8000af48 (0xc3208493) addi    s1, ra, -974
core   0: 3 0x8000af48 (0xc3208493) x 9 0x7ffd9de0
core   0: 0x8000af4c (0x03a6ce63) blt     a3, s10, pc + 60
core   0: 3 0x8000af4c (0x03a6ce63)
core   0: 0x8000af88 (0x00b5de63) bge     a1, a1, pc + 28
core   0: 3 0x8000af88 (0x00b5de63)
core   0: 0x8000afa4 (0x003a64b3) or      s1, s4, gp
core   0: 3 0x8000afa4 (0x003a64b3) x 9 0x00000462
core   0: 0x8000afa8 (0x0263cb63) blt     t2, t1, pc + 54
core   0: 3 0x8000afa8 (0x0263cb63)
core   0: 0x8000afde (0x00006925) c.lui   s2, 0x9
core   0: 3 0x8000afde (0x6925) x18 0x00009000
core   0: 0x8000afe0 (0xa9207193) andi    gp, zero, -1390
core   0: 3 0x8000afe0 (0xa9207193) x 3 0x00000000
core   0: 0x8000afe4 (0x0152c5b3) xor     a1, t0, s5
core   0: 3 0x8000afe4 (0x0152c5b3) x11 0x80038ce4
core   0: 0x8000afe8 (0x2d7c5d17) auipc   s10, 0x2d7c5
core   0: 3 0x8000afe8 (0x2d7c5d17) x26 0xad7cffe8
core   0: 0x8000afec (0x0000972e) c.add   a4, a1
core   0: 3 0x8000afec (0x972e) x14 0x0003c205
core   0: 0x8000afee (0x0000ef11) c.bnez  a4, pc + 28
core   0: 3 0x8000afee (0xef11)
core   0: 0x8000b00a (0x77e86a13) ori     s4, a6, 1918
core   0: 3 0x8000b00a (0x77e86a13) x20 0x0000b77e
core   0: 0x8000b00e (0x00001a7d) c.addi  s4, -1
core   0: 3 0x8000b00e (0x1a7d) x20 0x0000b77d
core   0: 0x8000b010 (0x975c3093) sltiu   ra, s8, -1675
core   0: 3 0x8000b010 (0x975c3093) x 1 0x00000001
core   0: 0x8000b014 (0x04937763) bgeu    t1, s1, pc + 78
core   0: 3 0x8000b014 (0x04937763)
core   0: 0x8000b062 (0x029ec163) blt     t4, s1, pc + 34
core   0: 3 0x8000b062 (0x029ec163)
core   0: 0x8000b084 (0x2c444813) xori    a6, s0, 708
core   0: 3 0x8000b084 (0x2c444813) x16 0x000002c4
core   0: 0x8000b088 (0x019357b3) srl     a5, t1, s9
core   0: 3 0x8000b088 (0x019357b3) x15 0x0000003f
core   0: 0x8000b08c (0x00008065) c.srli  s0, 25
core   0: 3 0x8000b08c (0x8065) x 8 0x00000000
core   0: 0x8000b08e (0x0000100f) fence.i
core   0: 3 0x8000b08e (0x0000100f)
core   0: 0x8000b092 (0x013dd513) srli    a0, s11, 19
core   0: 3 0x8000b092 (0x013dd513) x10 0x00000fff
core   0: 0x8000b096 (0x03fe6d33) rem     s10, t3, t6
core   0: 3 0x8000b096 (0x03fe6d33) x26 0x00014000
core   0: 0x8000b09a (0x40775613) srai    a2, a4, 7
core   0: 3 0x8000b09a (0x40775613) x12 0x00000784
core   0: 0x8000b09e (0x01e98a63) beq     s3, t5, pc + 20
core   0: 3 0x8000b09e (0x01e98a63)
core   0: 0x8000b0a2 (0x0000c385) c.beqz  a5, pc + 32
core   0: 3 0x8000b0a2 (0xc385)
core   0: 0x8000b0a4 (0x028e6633) rem     a2, t3, s0
core   0: 3 0x8000b0a4 (0x028e6633) x12 0x00014000
core   0: 0x8000b0a8 (0x0000e989) c.bnez  a1, pc + 18
core   0: 3 0x8000b0a8 (0xe989)
core   0: 0x8000b0ba (0x021ccc63) blt     s9, ra, pc + 56
core   0: 3 0x8000b0ba (0x021ccc63)
core   0: 0x8000b0f2 (0x007a1b93) slli    s7, s4, 7
core   0: 3 0x8000b0f2 (0x007a1b93) x23 0x005bbe80
core   0: 0x8000b0f6 (0x41a158b3) sra     a7, sp, s10
core   0: 3 0x8000b0f6 (0x41a158b3) x17 0x00014020
core   0: 0x8000b0fa (0x00008da9) c.xor   a1, a0
core   0: 3 0x8000b0fa (0x8da9) x11 0x8003831b
core   0: 0x8000b0fc (0x008dfa63) bgeu    s11, s0, pc + 20
core   0: 3 0x8000b0fc (0x008dfa63)
core   0: 0x8000b110 (0x01e20563) beq     tp, t5, pc + 10
core   0: 3 0x8000b110 (0x01e20563)
core   0: 0x8000b114 (0x0000987d) c.andi  s0, -1
core   0: 3 0x8000b114 (0x987d) x 8 0x00000000
core   0: 0x8000b116 (0x031c3733) mulhu   a4, s8, a7
core   0: 3 0x8000b116 (0x031c3733) x14 0x00000000
core   0: 0x8000b11a (0x0000e12d) c.bnez  a0, pc + 98
core   0: 3 0x8000b11a (0xe12d)
core   0: 0x8000b17c (0x0000c209) c.beqz  a2, pc + 2
core   0: 3 0x8000b17c (0xc209)
core   0: 0x8000b17e (0x03c51d33) mulh    s10, a0, t3
core   0: 3 0x8000b17e (0x03c51d33) x26 0x00000000
core   0: 0x8000b182 (0x405109b3) sub     s3, sp, t0
core   0: 3 0x8000b182 (0x405109b3) x19 0x00003020
core   0: 0x8000b186 (0x0ff0000f) fence   iorw,iorw
core   0: 3 0x8000b186 (0x0ff0000f)
core   0: 0x8000b18a (0x02f6c0b3) div     ra, a3, a5
core   0: 3 0x8000b18a (0x02f6c0b3) x 1 0xffe61187
core   0: 0x8000b18e (0x04458363) beq     a1, tp, pc + 70
core   0: 3 0x8000b18e (0x04458363)
core   0: 0x8000b192 (0x01846e63) bltu    s0, s8, pc + 28
core   0: 3 0x8000b192 (0x01846e63)
core   0: 0x8000b1ae (0x03381b33) mulh    s6, a6, s3
core   0: 3 0x8000b1ae (0x03381b33) x22 0x00000000
core   0: 0x8000b1b2 (0x01224763) blt     tp, s2, pc + 14
core   0: 3 0x8000b1b2 (0x01224763)
core   0: 0x8000b1c0 (0x00775413) srli    s0, a4, 7
core   0: 3 0x8000b1c0 (0x00775413) x 8 0x00000000
core   0: 0x8000b1c4 (0x027d1163) bne     s10, t2, pc + 34
core   0: 3 0x8000b1c4 (0x027d1163)
core   0: 0x8000b1e6 (0xa2092193) slti    gp, s2, -1504
core   0: 3 0x8000b1e6 (0xa2092193) x 3 0x00000000
core   0: 0x8000b1ea (0x00008639) c.srai  a2, 14
core   0: 3 0x8000b1ea (0x8639) x12 0x00000005
core   0: 0x8000b1ec (0x013fd433) srl     s0, t6, s3
core   0: 3 0x8000b1ec (0x013fd433) x 8 0x00000000
core   0: 0x8000b1f0 (0x00009d96) c.add   s11, t0
core   0: 3 0x8000b1f0 (0x9d96) x27 0x7ffe76ef
core   0: 0x8000b1f2 (0x01560663) beq     a2, s5, pc + 12
core   0: 3 0x8000b1f2 (0x01560663)
core   0: 0x8000b1f6 (0x0260f263) bgeu    ra, t1, pc + 36
core   0: 3 0x8000b1f6 (0x0260f263)
core   0: 0x8000b21a (0x00000a0e) c.slli  s4, 3
core   0: 3 0x8000b21a (0x0a0e) x20 0x0005bbe8
core   0: 0x8000b21c (0x00009b7d) c.andi  a4, -1
core   0: 3 0x8000b21c (0x9b7d) x14 0x00000000
core   0: 0x8000b21e (0x03f672b3) remu    t0, a2, t6
core   0: 3 0x8000b21e (0x03f672b3) x 5 0x00000005
core   0: 0x8000b222 (0x0300b9b3) mulhu   s3, ra, a6
core   0: 3 0x8000b222 (0x0300b9b3) x19 0x000002c3
core   0: 0x8000b226 (0x0349e633) rem     a2, s3, s4
core   0: 3 0x8000b226 (0x0349e633) x12 0x000002c3
core   0: 0x8000b22a (0x000086fd) c.srai  a3, 31
core   0: 3 0x8000b22a (0x86fd) x13 0xffffffff
core   0: 0x8000b22c (0x037d6433) rem     s0, s10, s7
core   0: 3 0x8000b22c (0x037d6433) x 8 0x00000000
core   0: 0x8000b230 (0xf09b8bb7) lui     s7, 0xf09b8
core   0: 3 0x8000b230 (0xf09b8bb7) x23 0xf09b8000
core   0: 0x8000b234 (0xdbc0a893) slti    a7, ra, -580
core   0: 3 0x8000b234 (0xdbc0a893) x17 0x00000001
core   0: 0x8000b238 (0x0ff0000f) fence   iorw,iorw
core   0: 3 0x8000b238 (0x0ff0000f)
core   0: 0x8000b23c (0x45660693) addi    a3, a2, 1110
core   0: 3 0x8000b23c (0x45660693) x13 0x00000719
core   0: 0x8000b240 (0x03edc933) div     s2, s11, t5
core   0: 3 0x8000b240 (0x03edc933) x18 0xffffffff
core   0: 0x8000b244 (0x00009b7d) c.andi  a4, -1
core   0: 3 0x8000b244 (0x9b7d) x14 0x00000000
core   0: 0x8000b246 (0x0033ff63) bgeu    t2, gp, pc + 30
core   0: 3 0x8000b246 (0x0033ff63)
core   0: 0x8000b264 (0x00f2abb3) slt     s7, t0, a5
core   0: 3 0x8000b264 (0x00f2abb3) x23 0x00000001
core   0: 0x8000b268 (0x0070c6b3) xor     a3, ra, t2
core   0: 3 0x8000b268 (0x0070c6b3) x13 0x00195f3c
core   0: 0x8000b26c (0x0225c8b3) div     a7, a1, sp
core   0: 3 0x8000b26c (0x0225c8b3) x17 0xffff99a7
core   0: 0x8000b270 (0x03d0eb63) bltu    ra, t4, pc + 54
core   0: 3 0x8000b270 (0x03d0eb63)
core   0: 0x8000b2a6 (0x00000001) c.nop
core   0: 3 0x8000b2a6 (0x0001)
core   0: 0x8000b2a8 (0x03391eb3) mulh    t4, s2, s3
core   0: 3 0x8000b2a8 (0x03391eb3) x29 0xffffffff
core   0: 0x8000b2ac (0x02fb3a33) mulhu   s4, s6, a5
core   0: 3 0x8000b2ac (0x02fb3a33) x20 0x00000000
core   0: 0x8000b2b0 (0x0316db33) divu    s6, a3, a7
core   0: 3 0x8000b2b0 (0x0316db33) x22 0x00000000
core   0: 0x8000b2b4 (0x0029bbb3) sltu    s7, s3, sp
core   0: 3 0x8000b2b4 (0x0029bbb3) x23 0x00000001
core   0: 0x8000b2b8 (0x400b8c33) sub     s8, s7, zero
core   0: 3 0x8000b2b8 (0x400b8c33) x24 0x00000001
core   0: 0x8000b2bc (0x0000e419) c.bnez  s0, pc + 14
core   0: 3 0x8000b2bc (0xe419)
core   0: 0x8000b2be (0x00001218) c.addi4spn a4, sp, 288
core   0: 3 0x8000b2be (0x1218) x14 0x00014140
core   0: 0x8000b2c0 (0x02225a33) divu    s4, tp, sp
core   0: 3 0x8000b2c0 (0x02225a33) x20 0x0000665c
core   0: 0x8000b2c4 (0xf66bad13) slti    s10, s7, -154
core   0: 3 0x8000b2c4 (0xf66bad13) x26 0x00000000
core   0: 0x8000b2c8 (0x00008d25) c.xor   a0, s1
core   0: 3 0x8000b2c8 (0x8d25) x10 0x00000b9d
core   0: 0x8000b2ca (0x00d160b3) or      ra, sp, a3
core   0: 3 0x8000b2ca (0x00d160b3) x 1 0x00195f3c
core   0: 0x8000b2ce (0x000099d6) c.add   s3, s5
core   0: 3 0x8000b2ce (0x99d6) x19 0x80029fa7
core   0: 0x8000b2d0 (0x8bcea813) slti    a6, t4, -1860
core   0: 3 0x8000b2d0 (0x8bcea813) x16 0x00000000
core   0: 0x8000b2d4 (0x0065e393) ori     t2, a1, 6
core   0: 3 0x8000b2d4 (0x0065e393) x 7 0x8003831f
core   0: 0x8000b2d8 (0x000097c2) c.add   a5, a6
core   0: 3 0x8000b2d8 (0x97c2) x15 0x0000003f
core   0: 0x8000b2da (0x00000001) c.nop
core   0: 3 0x8000b2da (0x0001)
core   0: 0x8000b2dc (0x0135ed63) bltu    a1, s3, pc + 26
core   0: 3 0x8000b2dc (0x0135ed63)
core   0: 0x8000b2e0 (0x36dab713) sltiu   a4, s5, 877
core   0: 3 0x8000b2e0 (0x36dab713) x14 0x00000000
core   0: 0x8000b2e4 (0x03f14a33) div     s4, sp, t6
core   0: 3 0x8000b2e4 (0x03f14a33) x20 0xffffffff
core   0: 0x8000b2e8 (0x00009f7e) c.add   t5, t6
core   0: 3 0x8000b2e8 (0x9f7e) x30 0x00000000
core   0: 0x8000b2ea (0x03255a33) divu    s4, a0, s2
core   0: 3 0x8000b2ea (0x03255a33) x20 0x00000000
core   0: 0x8000b2ee (0x000013fd) c.addi  t2, -1
core   0: 3 0x8000b2ee (0x13fd) x 7 0x8003831e
core   0: 0x8000b2f0 (0x00000001) c.nop
core   0: 3 0x8000b2f0 (0x0001)
core   0: 0x8000b2f2 (0x09600993) li      s3, 150
core   0: 3 0x8000b2f2 (0x09600993) x19 0x00000096
core   0: 0x8000b2f6 (0x016ed193) srli    gp, t4, 22
core   0: 3 0x8000b2f6 (0x016ed193) x 3 0x000003ff
core   0: 0x8000b2fa (0xcc6113b7) lui     t2, 0xcc611
core   0: 3 0x8000b2fa (0xcc6113b7) x 7 0xcc611000
core   0: 0x8000b2fe (0x00f769b3) or      s3, a4, a5
core   0: 3 0x8000b2fe (0x00f769b3) x19 0x0000003f
core   0: 0x8000b302 (0x00008ed1) c.or    a3, a2
core   0: 3 0x8000b302 (0x8ed1) x13 0x00195fff
core   0: 0x8000b304 (0x4037d833) sra     a6, a5, gp
core   0: 3 0x8000b304 (0x4037d833) x16 0x00000000
core   0: 0x8000b308 (0x00b592b3) sll     t0, a1, a1
core   0: 3 0x8000b308 (0x00b592b3) x 5 0xd8000000
core   0: 0x8000b30c (0xd4776f13) ori     t5, a4, -697
core   0: 3 0x8000b30c (0xd4776f13) x30 0xfffffd47
core   0: 0x8000b310 (0x00006d31) c.lui   s10, 0xc
core   0: 3 0x8000b310 (0x6d31) x26 0x0000c000
core   0: 0x8000b312 (0x00008f61) c.and   a4, s0
core   0: 3 0x8000b312 (0x8f61) x14 0x00000000
core   0: 0x8000b314 (0x03702093) slti    ra, zero, 55
core   0: 3 0x8000b314 (0x03702093) x 1 0x00000001
core   0: 0x8000b318 (0x004d24b3) slt     s1, s10, tp
core   0: 3 0x8000b318 (0x004d24b3) x 9 0x00000000
core   0: 0x8000b31c (0x0ff0000f) fence   iorw,iorw
core   0: 3 0x8000b31c (0x0ff0000f)
core   0: 0x8000b320 (0x00006e09) c.lui   t3, 0x2
core   0: 3 0x8000b320 (0x6e09) x28 0x00002000
core   0: 0x8000b322 (0x0351a433) mulhsu  s0, gp, s5
core   0: 3 0x8000b322 (0x0351a433) x 8 0x000001ff
core   0: 0x8000b326 (0x02c873b3) remu    t2, a6, a2
core   0: 3 0x8000b326 (0x02c873b3) x 7 0x00000000
core   0: 0x8000b32a (0x411dd733) sra     a4, s11, a7
core   0: 3 0x8000b32a (0x411dd733) x14 0x00fffced
core   0: 0x8000b32e (0x022ada33) divu    s4, s5, sp
core   0: 3 0x8000b32e (0x022ada33) x20 0x0000665e
core   0: 0x8000b332 (0x00006a35) c.lui   s4, 0xd
core   0: 3 0x8000b332 (0x6a35) x20 0x0000d000
core   0: 0x8000b334 (0x035215b3) mulh    a1, tp, s5
core   0: 3 0x8000b334 (0x035215b3) x11 0x3ffeb18e
core   0: 0x8000b338 (0x0078eeb3) or      t4, a7, t2
core   0: 3 0x8000b338 (0x0078eeb3) x29 0xffff99a7
core   0: 0x8000b33c (0x01bc2933) slt     s2, s8, s11
core   0: 3 0x8000b33c (0x01bc2933) x18 0x00000001
core   0: 0x8000b340 (0x0440c063) blt     ra, tp, pc + 64
core   0: 3 0x8000b340 (0x0440c063)
core   0: 0x8000b344 (0x014d13b3) sll     t2, s10, s4
core   0: 3 0x8000b344 (0x014d13b3) x 7 0x0000c000
core   0: 0x8000b348 (0x0000100f) fence.i
core   0: 3 0x8000b348 (0x0000100f)
core   0: 0x8000b34c (0x00000001) c.nop
core   0: 3 0x8000b34c (0x0001)
core   0: 0x8000b34e (0x40bc57b3) sra     a5, s8, a1
core   0: 3 0x8000b34e (0x40bc57b3) x15 0x00000000
core   0: 0x8000b352 (0x00008e4d) c.or    a2, a1
core   0: 3 0x8000b352 (0x8e4d) x12 0x3ffeb3cf
core   0: 0x8000b354 (0x00000001) c.nop
core   0: 3 0x8000b354 (0x0001)
core   0: 0x8000b356 (0x01e80e33) add     t3, a6, t5
core   0: 3 0x8000b356 (0x01e80e33) x28 0xfffffd47
core   0: 0x8000b35a (0x6c0eed13) ori     s10, t4, 1728
core   0: 3 0x8000b35a (0x6c0eed13) x26 0xffff9fe7
core   0: 0x8000b35e (0x017d82b3) add     t0, s11, s7
core   0: 3 0x8000b35e (0x017d82b3) x 5 0x7ffe76f0
core   0: 0x8000b362 (0x0000850e) c.mv    a0, gp
core   0: 3 0x8000b362 (0x850e) x10 0x000003ff
core   0: 0x8000b364 (0x02f4a933) mulhsu  s2, s1, a5
core   0: 3 0x8000b364 (0x02f4a933) x18 0x00000000
core   0: 0x8000b368 (0x021a2eb3) mulhsu  t4, s4, ra
core   0: 3 0x8000b368 (0x021a2eb3) x29 0x00000000
core   0: 0x8000b36c (0x017daeb3) slt     t4, s11, s7
core   0: 3 0x8000b36c (0x017daeb3) x29 0x00000000
core   0: 0x8000b370 (0x00008ac9) c.andi  a3, 18
core   0: 3 0x8000b370 (0x8ac9) x13 0x00000012
core   0: 0x8000b372 (0x0ff0000f) fence   iorw,iorw
core   0: 3 0x8000b372 (0x0ff0000f)
core   0: 0x8000b376 (0x4052d593) srai    a1, t0, 5
core   0: 3 0x8000b376 (0x4052d593) x11 0x03fff3b7
core   0: 0x8000b37a (0x00008af5) c.andi  a3, 29
core   0: 3 0x8000b37a (0x8af5) x13 0x00000010
core   0: 0x8000b37c (0x00e00333) add     t1, zero, a4
core   0: 3 0x8000b37c (0x00e00333) x 6 0x00fffced
core   0: 0x8000b380 (0x00008ec1) c.or    a3, s0
core   0: 3 0x8000b380 (0x8ec1) x13 0x000001ff
core   0: 0x8000b382 (0x0000100f) fence.i
core   0: 3 0x8000b382 (0x0000100f)
core   0: 0x8000b386 (0x003b1d13) slli    s10, s6, 3
core   0: 3 0x8000b386 (0x003b1d13) x26 0x00000000
core   0: 0x8000b38a (0x00008c19) c.sub   s0, a4
core   0: 3 0x8000b38a (0x8c19) x 8 0xff000512
core   0: 0x8000b38c (0x00008f4d) c.or    a4, a1
core   0: 3 0x8000b38c (0x8f4d) x14 0x03ffffff
core   0: 0x8000b38e (0x00005efd) c.li    t4, -1
core   0: 3 0x8000b38e (0x5efd) x29 0xffffffff
core   0: 0x8000b390 (0x000061f5) c.lui   gp, 0x1d
core   0: 3 0x8000b390 (0x61f5) x 3 0x0001d000
core   0: 0x8000b392 (0x0000c189) c.beqz  a1, pc + 2
core   0: 3 0x8000b392 (0xc189)
core   0: 0x8000b394 (0x0122e9b3) or      s3, t0, s2
core   0: 3 0x8000b394 (0x0122e9b3) x19 0x7ffe76f0
core   0: 0x8000b398 (0x1b3961b7) lui     gp, 0x1b396
core   0: 3 0x8000b398 (0x1b3961b7) x 3 0x1b396000
core   0: 0x8000b39c (0x7f007313) andi    t1, zero, 2032
core   0: 3 0x8000b39c (0x7f007313) x 6 0x00000000
core   0: 0x8000b3a0 (0x0000100f) fence.i
core   0: 3 0x8000b3a0 (0x0000100f)
core   0: 0x8000b3a4 (0x01610d63) beq     sp, s6, pc + 26
core   0: 3 0x8000b3a4 (0x01610d63)
core   0: 0x8000b3a8 (0x0ff0000f) fence   iorw,iorw
core   0: 3 0x8000b3a8 (0x0ff0000f)
core   0: 0x8000b3ac (0x0311bbb3) mulhu   s7, gp, a7
core   0: 3 0x8000b3ac (0x0311bbb3) x23 0x1b39551d
core   0: 0x8000b3b0 (0x0000587d) c.li    a6, -1
core   0: 3 0x8000b3b0 (0x587d) x16 0xffffffff
core   0: 0x8000b3b2 (0x000067b1) c.lui   a5, 0xc
core   0: 3 0x8000b3b2 (0x67b1) x15 0x0000c000
core   0: 0x8000b3b4 (0xac642913) slti    s2, s0, -1338
core   0: 3 0x8000b3b4 (0xac642913) x18 0x00000001
core   0: 0x8000b3b8 (0x0000089a) c.slli  a7, 6
core   0: 3 0x8000b3b8 (0x089a) x17 0xffe669c0
core   0: 0x8000b3ba (0x00000d88) c.addi4spn a0, sp, 720
core   0: 3 0x8000b3ba (0x0d88) x10 0x000142f0
core   0: 0x8000b3bc (0x0000ec91) c.bnez  s1, pc + 28
core   0: 3 0x8000b3bc (0xec91)
core   0: 0x8000b3be (0x03708463) beq     ra, s7, pc + 40
core   0: 3 0x8000b3be (0x03708463)
core   0: 0x8000b3c2 (0xa15ecb13) xori    s6, t4, -1515
core   0: 3 0x8000b3c2 (0xa15ecb13) x22 0x000005ea
core   0: 0x8000b3c6 (0x0000ea91) c.bnez  a3, pc + 20
core   0: 3 0x8000b3c6 (0xea91)
core   0: 0x8000b3da (0x00009a7d) c.andi  a2, -1
core   0: 3 0x8000b3da (0x9a7d) x12 0x3ffeb3cf
core   0: 0x8000b3dc (0x017ecbb3) xor     s7, t4, s7
core   0: 3 0x8000b3dc (0x017ecbb3) x23 0xe4c6aae2
core   0: 0x8000b3e0 (0x00000001) c.nop
core   0: 3 0x8000b3e0 (0x0001)
core   0: 0x8000b3e2 (0x026709b3) mul     s3, a4, t1
core   0: 3 0x8000b3e2 (0x026709b3) x19 0x00000000
core   0: 0x8000b3e6 (0x00cb5e63) bge     s6, a2, pc + 28
core   0: 3 0x8000b3e6 (0x00cb5e63)
core   0: 0x8000b3ea (0x41a5d413) srai    s0, a1, 26
core   0: 3 0x8000b3ea (0x41a5d413) x 8 0x00000000
core   0: 0x8000b3ee (0x41d9d413) srai    s0, s3, 29
core   0: 3 0x8000b3ee (0x41d9d413) x 8 0x00000000
core   0: 0x8000b3f2 (0x00d2d133) srl     sp, t0, a3
core   0: 3 0x8000b3f2 (0x00d2d133) x 2 0x00000000
core   0: 0x8000b3f6 (0x406addb3) sra     s11, s5, t1
core   0: 3 0x8000b3f6 (0x406addb3) x27 0x80029ce4
core   0: 0x8000b3fa (0x00008985) c.andi  a1, 1
core   0: 3 0x8000b3fa (0x8985) x11 0x00000001
core   0: 0x8000b3fc (0x40c305b3) sub     a1, t1, a2
core   0: 3 0x8000b3fc (0x40c305b3) x11 0xc0014c31
core   0: 0x8000b400 (0x0000717d) c.addi16sp sp, -16
core   0: 3 0x8000b400 (0x717d) x 2 0xfffffff0
core   0: 0x8000b402 (0xeb266613) ori     a2, a2, -334
core   0: 3 0x8000b402 (0xeb266613) x12 0xffffffff
core   0: 0x8000b406 (0x0000c911) c.beqz  a0, pc + 20
core   0: 3 0x8000b406 (0xc911)
core   0: 0x8000b408 (0x00911eb3) sll     t4, sp, s1
core   0: 3 0x8000b408 (0x00911eb3) x29 0xfffffff0
core   0: 0x8000b40c (0x22de7613) andi    a2, t3, 557
core   0: 3 0x8000b40c (0x22de7613) x12 0x00000005
core   0: 0x8000b410 (0x00d7f5b3) and     a1, a5, a3
core   0: 3 0x8000b410 (0x00d7f5b3) x11 0x00000000
core   0: 0x8000b414 (0x0000c685) c.beqz  a3, pc + 40
core   0: 3 0x8000b414 (0xc685)
core   0: 0x8000b416 (0x015948b3) xor     a7, s2, s5
core   0: 3 0x8000b416 (0x015948b3) x17 0x80029ce5
core   0: 0x8000b41a (0x0000cd9d) c.beqz  a1, pc + 62
core   0: 3 0x8000b41a (0xcd9d)
core   0: 0x8000b458 (0x015ace63) blt     s5, s5, pc + 28
core   0: 3 0x8000b458 (0x015ace63)
core   0: 0x8000b45c (0x00000001) c.nop
core   0: 3 0x8000b45c (0x0001)
core   0: 0x8000b45e (0xfc043293) sltiu   t0, s0, -64
core   0: 3 0x8000b45e (0xfc043293) x 5 0x00000001
core   0: 0x8000b462 (0x40da0033) sub     zero, s4, a3
core   0: 3 0x8000b462 (0x40da0033)
core   0: 0x8000b466 (0xed69a6b7) lui     a3, 0xed69a
core   0: 3 0x8000b466 (0xed69a6b7) x13 0xed69a000
core   0: 0x8000b46a (0x4162de33) sra     t3, t0, s6
core   0: 3 0x8000b46a (0x4162de33) x28 0x00000000
core   0: 0x8000b46e (0x0000c79d) c.beqz  a5, pc + 46
core   0: 3 0x8000b46e (0xc79d)
core   0: 0x8000b470 (0x0a748313) addi    t1, s1, 167
core   0: 3 0x8000b470 (0x0a748313) x 6 0x000000a7
core   0: 0x8000b474 (0x000002ae) c.slli  t0, 11
core   0: 3 0x8000b474 (0x02ae) x 5 0x00000800
core   0: 0x8000b476 (0x03e4d6b3) divu    a3, s1, t5
core   0: 3 0x8000b476 (0x03e4d6b3) x13 0x00000000
core   0: 0x8000b47a (0x024b6db3) rem     s11, s6, tp
core   0: 3 0x8000b47a (0x024b6db3) x27 0x000005ea
core   0: 0x8000b47e (0x00000001) c.nop
core   0: 3 0x8000b47e (0x0001)
core   0: 0x8000b480 (0x03c194b3) mulh    s1, gp, t3
core   0: 3 0x8000b480 (0x03c194b3) x 9 0x00000000
core   0: 0x8000b484 (0x03804333) div     t1, zero, s8
core   0: 3 0x8000b484 (0x03804333) x 6 0x00000000
core   0: 0x8000b488 (0x01221eb3) sll     t4, tp, s2
core   0: 3 0x8000b488 (0x01221eb3) x29 0x00000000
core   0: 0x8000b48c (0x03d64b33) div     s6, a2, t4
core   0: 3 0x8000b48c (0x03d64b33) x22 0xffffffff
core   0: 0x8000b490 (0xdadf0597) auipc   a1, 0xdadf0
core   0: 3 0x8000b490 (0xdadf0597) x11 0x5adfb490
core   0: 0x8000b494 (0x00008a51) c.andi  a2, 20
core   0: 3 0x8000b494 (0x8a51) x12 0x00000004
core   0: 0x8000b496 (0x00d1dd93) srli    s11, gp, 13
core   0: 3 0x8000b496 (0x00d1dd93) x27 0x0000d9cb
core   0: 0x8000b49a (0x00000a6d) c.addi  s4, 27
core   0: 3 0x8000b49a (0x0a6d) x20 0x0000d01b
core   0: 0x8000b49c (0x007e5293) srli    t0, t3, 7
core   0: 3 0x8000b49c (0x007e5293) x 5 0x00000000
core   0: 0x8000b4a0 (0x54150593) addi    a1, a0, 1345
core   0: 3 0x8000b4a0 (0x54150593) x11 0x00014831
core   0: 0x8000b4a4 (0x032ecc63) blt     t4, s2, pc + 56
core   0: 3 0x8000b4a4 (0x032ecc63)
core   0: 0x8000b4dc (0x02317c63) bgeu    sp, gp, pc + 56
core   0: 3 0x8000b4dc (0x02317c63)
core   0: 0x8000b514 (0x000000c1) c.addi  ra, 16
core   0: 3 0x8000b514 (0x00c1) x 1 0x00000011
core   0: 0x8000b516 (0x038dcbb3) div     s7, s11, s8
core   0: 3 0x8000b516 (0x038dcbb3) x23 0x0000d9cb
core   0: 0x8000b51a (0x02824fb3) div     t6, tp, s0
core   0: 3 0x8000b51a (0x02824fb3) x31 0xffffffff
core   0: 0x8000b51e (0x03dfba33) mulhu   s4, t6, t4
core   0: 3 0x8000b51e (0x03dfba33) x20 0x00000000
core   0: 0x8000b522 (0x5592c913) xori    s2, t0, 1369
core   0: 3 0x8000b522 (0x5592c913) x18 0x00000559
core   0: 0x8000b526 (0x019d6e33) or      t3, s10, s9
core   0: 3 0x8000b526 (0x019d6e33) x28 0x80025e58
core   0: 0x8000b52a (0x954b7b93) andi    s7, s6, -1708
core   0: 3 0x8000b52a (0x954b7b93) x23 0xfffff954
core   0: 0x8000b52e (0x01341a13) slli    s4, s0, 19
core   0: 3 0x8000b52e (0x01341a13) x20 0x00000000
core   0: 0x8000b532 (0x00006425) c.lui   s0, 0x9
core   0: 3 0x8000b532 (0x6425) x 8 0x00009000
core   0: 0x8000b534 (0x00008f8d) c.sub   a5, a1
core   0: 3 0x8000b534 (0x8f8d) x15 0xffff77cf
core   0: 0x8000b536 (0x00000c04) c.addi4spn s1, sp, 528
core   0: 3 0x8000b536 (0x0c04) x 9 0x00000200
core   0: 0x8000b538 (0x01d79633) sll     a2, a5, t4
core   0: 3 0x8000b538 (0x01d79633) x12 0xffff77cf
core   0: 0x8000b53c (0x00299113) slli    sp, s3, 2
core   0: 3 0x8000b53c (0x00299113) x 2 0x00000000
core   0: 0x8000b540 (0x00000001) c.nop
core   0: 3 0x8000b540 (0x0001)
core   0: 0x8000b542 (0x02883533) mulhu   a0, a6, s0
core   0: 3 0x8000b542 (0x02883533) x10 0x00008fff
core   0: 0x8000b546 (0x00008db9) c.xor   a1, a4
core   0: 3 0x8000b546 (0x8db9) x11 0x03feb7ce
core   0: 0x8000b548 (0x02fcd4b3) divu    s1, s9, a5
core   0: 3 0x8000b548 (0x02fcd4b3) x 9 0x00000000
core   0: 0x8000b54c (0x95fd1437) lui     s0, 0x95fd1
core   0: 3 0x8000b54c (0x95fd1437) x 8 0x95fd1000
core   0: 0x8000b550 (0x0403f363) bgeu    t2, zero, pc + 70
core   0: 3 0x8000b550 (0x0403f363)
core   0: 0x8000b596 (0x00005a7d) c.li    s4, -1
core   0: 3 0x8000b596 (0x5a7d) x20 0xffffffff
core   0: 0x8000b598 (0x09790c13) addi    s8, s2, 151
core   0: 3 0x8000b598 (0x09790c13) x24 0x000005f0
core   0: 0x8000b59c (0x00000001) c.nop
core   0: 3 0x8000b59c (0x0001)
core   0: 0x8000b59e (0x0000818e) c.mv    gp, gp
core   0: 3 0x8000b59e (0x818e) x 3 0x1b396000
core   0: 0x8000b5a0 (0x03ab5e63) bge     s6, s10, pc + 60
core   0: 3 0x8000b5a0 (0x03ab5e63)
core   0: 0x8000b5a4 (0x40f15293) srai    t0, sp, 15
core   0: 3 0x8000b5a4 (0x40f15293) x 5 0x00000000
core   0: 0x8000b5a8 (0x01281d33) sll     s10, a6, s2
core   0: 3 0x8000b5a8 (0x01281d33) x26 0xfe000000
core   0: 0x8000b5ac (0x0069b7b3) sltu    a5, s3, t1
core   0: 3 0x8000b5ac (0x0069b7b3) x15 0x00000000
core   0: 0x8000b5b0 (0x02c6f633) remu    a2, a3, a2
core   0: 3 0x8000b5b0 (0x02c6f633) x12 0x00000000
core   0: 0x8000b5b4 (0x000083f9) c.srli  a5, 30
core   0: 3 0x8000b5b4 (0x83f9) x15 0x00000000
core   0: 0x8000b5b6 (0x409bdeb3) sra     t4, s7, s1
core   0: 3 0x8000b5b6 (0x409bdeb3) x29 0xfffff954
core   0: 0x8000b5ba (0x0000100f) fence.i
core   0: 3 0x8000b5ba (0x0000100f)
core   0: 0x8000b5be (0x00008ea5) c.xor   a3, s1
core   0: 3 0x8000b5be (0x8ea5) x13 0x00000000
core   0: 0x8000b5c0 (0x01b975b3) and     a1, s2, s11
core   0: 3 0x8000b5c0 (0x01b975b3) x11 0x00000149
core   0: 0x8000b5c4 (0x01535bb3) srl     s7, t1, s5
core   0: 3 0x8000b5c4 (0x01535bb3) x23 0x00000000
core   0: 0x8000b5c8 (0x006a24b3) slt     s1, s4, t1
core   0: 3 0x8000b5c8 (0x006a24b3) x 9 0x00000001
core   0: 0x8000b5cc (0x032434b3) mulhu   s1, s0, s2
core   0: 3 0x8000b5cc (0x032434b3) x 9 0x00000322
core   0: 0x8000b5d0 (0xd837b293) sltiu   t0, a5, -637
core   0: 3 0x8000b5d0 (0xd837b293) x 5 0x00000001
core   0: 0x8000b5d4 (0x01a67313) andi    t1, a2, 26
core   0: 3 0x8000b5d4 (0x01a67313) x 6 0x00000000
core   0: 0x8000b5d8 (0x400583b3) sub     t2, a1, zero
core   0: 3 0x8000b5d8 (0x400583b3) x 7 0x00000149
core   0: 0x8000b5dc (0x000090fa) c.add   ra, t5
core   0: 3 0x8000b5dc (0x90fa) x 1 0xfffffd58
core   0: 0x8000b5de (0xaad24793) xori    a5, tp, -1363
core   0: 3 0x8000b5de (0xaad24793) x15 0x7ffffaad
core   0: 0x8000b5e2 (0x00000001) c.nop
core   0: 3 0x8000b5e2 (0x0001)
core   0: 0x8000b5e4 (0x1cfff993) andi    s3, t6, 463
core   0: 3 0x8000b5e4 (0x1cfff993) x19 0x000001cf
core   0: 0x8000b5e8 (0x0ff0000f) fence   iorw,iorw
core   0: 3 0x8000b5e8 (0x0ff0000f)
core   0: 0x8000b5ec (0x5f34c413) xori    s0, s1, 1523
core   0: 3 0x8000b5ec (0x5f34c413) x 8 0x000006d1
core   0: 0x8000b5f0 (0x0171a633) slt     a2, gp, s7
core   0: 3 0x8000b5f0 (0x0171a633) x12 0x00000000
core   0: 0x8000b5f4 (0x00008d7d) c.and   a0, a5
core   0: 3 0x8000b5f4 (0x8d7d) x10 0x00008aad
core   0: 0x8000b5f6 (0x03a71a63) bne     a4, s10, pc + 52
core   0: 3 0x8000b5f6 (0x03a71a63)
core   0: 0x8000b62a (0x0000c4c9) c.beqz  s1, pc + 138
core   0: 3 0x8000b62a (0xc4c9)
core   0: 0x8000b62c (0x00008ccd) c.or    s1, a1
core   0: 3 0x8000b62c (0x8ccd) x 9 0x0000036b
core   0: 0x8000b62e (0x02995933) divu    s2, s2, s1
core   0: 3 0x8000b62e (0x02995933) x18 0x00000001
core   0: 0x8000b632 (0x031551b3) divu    gp, a0, a7
core   0: 3 0x8000b632 (0x031551b3) x 3 0x00000000
core   0: 0x8000b636 (0x00004a19) c.li    s4, 6
core   0: 3 0x8000b636 (0x4a19) x20 0x00000006
core   0: 0x8000b638 (0x00008e5e) c.mv    t3, s7
core   0: 3 0x8000b638 (0x8e5e) x28 0x00000000
core   0: 0x8000b63a (0x6dd03613) sltiu   a2, zero, 1757
core   0: 3 0x8000b63a (0x6dd03613) x12 0x00000001
core   0: 0x8000b63e (0x00001508) c.addi4spn a0, sp, 672
core   0: 3 0x8000b63e (0x1508) x10 0x000002a0
core   0: 0x8000b640 (0x01ebad33) slt     s10, s7, t5
core   0: 3 0x8000b640 (0x01ebad33) x26 0x00000000
core   0: 0x8000b644 (0x015d5c13) srli    s8, s10, 21
core   0: 3 0x8000b644 (0x015d5c13) x24 0x00000000
core   0: 0x8000b648 (0x00000001) c.nop
core   0: 3 0x8000b648 (0x0001)
core   0: 0x8000b64a (0x0000867d) c.srai  a2, 31
core   0: 3 0x8000b64a (0x867d) x12 0x00000000
core   0: 0x8000b64c (0x22bb7f93) andi    t6, s6, 555
core   0: 3 0x8000b64c (0x22bb7f93) x31 0x0000022b
core   0: 0x8000b650 (0x00a81613) slli    a2, a6, 10
core   0: 3 0x8000b650 (0x00a81613) x12 0xfffffc00
core   0: 0x8000b654 (0x00000795) c.addi  a5, 5
core   0: 3 0x8000b654 (0x0795) x15 0x7ffffab2
core   0: 0x8000b656 (0x0ff0000f) fence   iorw,iorw
core   0: 3 0x8000b656 (0x0ff0000f)
core   0: 0x8000b65a (0x07fe8963) beq     t4, t6, pc + 114
core   0: 3 0x8000b65a (0x07fe8963)
core   0: 0x8000b65e (0x023f92b3) mulh    t0, t6, gp
core   0: 3 0x8000b65e (0x023f92b3) x 5 0x00000000
core   0: 0x8000b662 (0x033d7a33) remu    s4, s10, s3
core   0: 3 0x8000b662 (0x033d7a33) x20 0x00000000
core   0: 0x8000b666 (0x00008b17) auipc   s6, 0x8
core   0: 3 0x8000b666 (0x00008b17) x22 0x80013666
core   0: 0x8000b66a (0x5cdb0b13) addi    s6, s6, 1485
core   0: 3 0x8000b66a (0x5cdb0b13) x22 0x80013c33
core   0: 0x8000b66e (0x00eb0c03) lb      s8, 14(s6)
core   0: 3 0x8000b66e (0x00eb0c03) x24 0xfffffffa mem 0x80013c41
core   0: 0x8000b672 (0x02851333) mulh    t1, a0, s0
core   0: 3 0x8000b672 (0x02851333) x 6 0x00000000
core   0: 0x8000b676 (0xfedb0d23) sb      a3, -6(s6)
core   0: 3 0x8000b676 (0xfedb0d23) mem 0x80013c2d 0x0
core   0: 0x8000b67a (0xff1b0d23) sb      a7, -6(s6)
core   0: 3 0x8000b67a (0xff1b0d23) mem 0x80013c2d 0xe5
core   0: 0x8000b67e (0x01ab0823) sb      s10, 16(s6)
core   0: 3 0x8000b67e (0x01ab0823) mem 0x80013c43 0x0
core   0: 0x8000b682 (0x00008f91) c.sub   a5, a2
core   0: 3 0x8000b682 (0x8f91) x15 0x7ffffeb2
core   0: 0x8000b684 (0x00006d25) c.lui   s10, 0x9
core   0: 3 0x8000b684 (0x6d25) x26 0x00009000
core   0: 0x8000b686 (0x00eb4903) lbu     s2, 14(s6)
core   0: 3 0x8000b686 (0x00eb4903) x18 0x000000fa mem 0x80013c41
core   0: 0x8000b68a (0xafe5c513) xori    a0, a1, -1282
core   0: 3 0x8000b68a (0xafe5c513) x10 0xfffffbb7
core   0: 0x8000b68e (0x00eb0883) lb      a7, 14(s6)
core   0: 3 0x8000b68e (0x00eb0883) x17 0xfffffffa mem 0x80013c41
core   0: 0x8000b692 (0x017b0723) sb      s7, 14(s6)
core   0: 3 0x8000b692 (0x017b0723) mem 0x80013c41 0x0
core   0: 0x8000b696 (0x00eb0883) lb      a7, 14(s6)
core   0: 3 0x8000b696 (0x00eb0883) x17 0x00000000 mem 0x80013c41
core   0: 0x8000b69a (0x00eb4283) lbu     t0, 14(s6)
core   0: 3 0x8000b69a (0x00eb4283) x 5 0x00000000 mem 0x80013c41
core   0: 0x8000b69e (0x6a82e513) ori     a0, t0, 1704
core   0: 3 0x8000b69e (0x6a82e513) x10 0x000006a8
core   0: 0x8000b6a2 (0x010b0883) lb      a7, 16(s6)
core   0: 3 0x8000b6a2 (0x010b0883) x17 0x00000000 mem 0x80013c43
core   0: 0x8000b6a6 (0x005b1003) lh      zero, 5(s6)
core   0: 3 0x8000b6a6 (0x005b1003) mem 0x80013c38
core   0: 0x8000b6aa (0x019d1413) slli    s0, s10, 25
core   0: 3 0x8000b6aa (0x019d1413) x 8 0x00000000
core   0: 0x8000b6ae (0x000045f1) c.li    a1, 28
core   0: 3 0x8000b6ae (0x45f1) x11 0x0000001c
core   0: 0x8000b6b0 (0xffcb1ba3) sh      t3, -9(s6)
core   0: 3 0x8000b6b0 (0xffcb1ba3) mem 0x80013c2a 0x0000
core   0: 0x8000b6b4 (0xd0ce8a13) addi    s4, t4, -756
core   0: 3 0x8000b6b4 (0xd0ce8a13) x20 0xfffff660
core   0: 0x8000b6b8 (0x000084dd) c.srai  s1, 23
core   0: 3 0x8000b6b8 (0x84dd) x 9 0x00000000
core   0: 0x8000b6ba (0xa13ae393) ori     t2, s5, -1517
core   0: 3 0x8000b6ba (0xa13ae393) x 7 0xfffffef7
core   0: 0x8000b6be (0x022da6b3) mulhsu  a3, s11, sp
core   0: 3 0x8000b6be (0x022da6b3) x13 0x00000000
core   0: 0x8000b6c2 (0x00008685) c.srai  a3, 1
core   0: 3 0x8000b6c2 (0x8685) x13 0x00000000
core   0: 0x8000b6c4 (0xde74e813) ori     a6, s1, -537
core   0: 3 0x8000b6c4 (0xde74e813) x16 0xfffffde7
core   0: 0x8000b6c8 (0x0ff0000f) fence   iorw,iorw
core   0: 3 0x8000b6c8 (0x0ff0000f)
core   0: 0x8000b6cc (0x1516b613) sltiu   a2, a3, 337
core   0: 3 0x8000b6cc (0x1516b613) x12 0x00000001
core   0: 0x8000b6d0 (0x02ba9033) mulh    zero, s5, a1
core   0: 3 0x8000b6d0 (0x02ba9033)
core   0: 0x8000b6d4 (0x1c01eb13) ori     s6, gp, 448
core   0: 3 0x8000b6d4 (0x1c01eb13) x22 0x000001c0
core   0: 0x8000b6d8 (0x00671a13) slli    s4, a4, 6
core   0: 3 0x8000b6d8 (0x00671a13) x20 0xffffffc0
core   0: 0x8000b6dc (0x00a33db3) sltu    s11, t1, a0
core   0: 3 0x8000b6dc (0x00a33db3) x27 0x00000001
core   0: 0x8000b6e0 (0x0000717d) c.addi16sp sp, -16
core   0: 3 0x8000b6e0 (0x717d) x 2 0xfffffff0
core   0: 0x8000b6e2 (0x0000100f) fence.i
core   0: 3 0x8000b6e2 (0x0000100f)
core   0: 0x8000b6e6 (0x00008311) c.srli  a4, 4
core   0: 3 0x8000b6e6 (0x8311) x14 0x003fffff
core   0: 0x8000b6e8 (0x0000611d) c.addi16sp sp, 416
core   0: 3 0x8000b6e8 (0x611d) x 2 0x00000190
core   0: 0x8000b6ea (0x02a71463) bne     a4, a0, pc + 40
core   0: 3 0x8000b6ea (0x02a71463)
core   0: 0x8000b712 (0x40a45493) srai    s1, s0, 10
core   0: 3 0x8000b712 (0x40a45493) x 9 0x00000000
core   0: 0x8000b716 (0x0000100f) fence.i
core   0: 3 0x8000b716 (0x0000100f)
core   0: 0x8000b71a (0x015e5a33) srl     s4, t3, s5
core   0: 3 0x8000b71a (0x015e5a33) x20 0x00000000
core   0: 0x8000b71e (0x8d2e5617) auipc   a2, 0x8d2e5
core   0: 3 0x8000b71e (0x8d2e5617) x12 0x0d2f071e
core   0: 0x8000b722 (0x03bc65b3) rem     a1, s8, s11
core   0: 3 0x8000b722 (0x03bc65b3) x11 0x00000000
core   0: 0x8000b726 (0x00008029) c.srli  s0, 10
core   0: 3 0x8000b726 (0x8029) x 8 0x00000000
core   0: 0x8000b728 (0xe9249db7) lui     s11, 0xe9249
core   0: 3 0x8000b728 (0xe9249db7) x27 0xe9249000
core   0: 0x8000b72c (0x42f6f613) andi    a2, a3, 1071
core   0: 3 0x8000b72c (0x42f6f613) x12 0x00000000
core   0: 0x8000b730 (0x01d69033) sll     zero, a3, t4
core   0: 3 0x8000b730 (0x01d69033)
core   0: 0x8000b734 (0x03ec3633) mulhu   a2, s8, t5
core   0: 3 0x8000b734 (0x03ec3633) x12 0xfffffd41
core   0: 0x8000b738 (0x01235993) srli    s3, t1, 18
core   0: 3 0x8000b738 (0x01235993) x19 0x00000000
core   0: 0x8000b73c (0x11f17f13) andi    t5, sp, 287
core   0: 3 0x8000b73c (0x11f17f13) x30 0x00000110
core   0: 0x8000b740 (0x0000c981) c.beqz  a1, pc + 16
core   0: 3 0x8000b740 (0xc981)
core   0: 0x8000b750 (0x41b18db3) sub     s11, gp, s11
core   0: 3 0x8000b750 (0x41b18db3) x27 0x16db7000
core   0: 0x8000b754 (0x4d8f4a13) xori    s4, t5, 1240
core   0: 3 0x8000b754 (0x4d8f4a13) x20 0x000005c8
core   0: 0x8000b758 (0x0381e063) bltu    gp, s8, pc + 32
core   0: 3 0x8000b758 (0x0381e063)
core   0: 0x8000b778 (0x03642db3) mulhsu  s11, s0, s6
core   0: 3 0x8000b778 (0x03642db3) x27 0x00000000
core   0: 0x8000b77c (0xe415ae93) slti    t4, a1, -447
core   0: 3 0x8000b77c (0xe415ae93) x29 0x00000000
core   0: 0x8000b780 (0x00000001) c.nop
core   0: 3 0x8000b780 (0x0001)
core   0: 0x8000b782 (0x0103b8b3) sltu    a7, t2, a6
core   0: 3 0x8000b782 (0x0103b8b3) x17 0x00000000
core   0: 0x8000b786 (0x003d1e33) sll     t3, s10, gp
core   0: 3 0x8000b786 (0x003d1e33) x28 0x00009000
core   0: 0x8000b78a (0xca28a797) auipc   a5, 0xca28a
core   0: 3 0x8000b78a (0xca28a797) x15 0x4a29578a
core   0: 0x8000b78e (0x00fa5813) srli    a6, s4, 15
core   0: 3 0x8000b78e (0x00fa5813) x16 0x00000000
core   0: 0x8000b792 (0x02604c63) blt     zero, t1, pc + 56
core   0: 3 0x8000b792 (0x02604c63)
core   0: 0x8000b796 (0xd2200293) li      t0, -734
core   0: 3 0x8000b796 (0xd2200293) x 5 0xfffffd22
core   0: 0x8000b79a (0x00215033) srl     zero, sp, sp
core   0: 3 0x8000b79a (0x00215033)
core   0: 0x8000b79e (0x41e08eb3) sub     t4, ra, t5
core   0: 3 0x8000b79e (0x41e08eb3) x29 0xfffffc48
core   0: 0x8000b7a2 (0x00000e98) c.addi4spn a4, sp, 848
core   0: 3 0x8000b7a2 (0x0e98) x14 0x000004e0
core   0: 0x8000b7a4 (0x00000a0a) c.slli  s4, 2
core   0: 3 0x8000b7a4 (0x0a0a) x20 0x00001720
core   0: 0x8000b7a6 (0x00008e45) c.or    a2, s1
core   0: 3 0x8000b7a6 (0x8e45) x12 0xfffffd41
core   0: 0x8000b7a8 (0x045f7363) bgeu    t5, t0, pc + 70
core   0: 3 0x8000b7a8 (0x045f7363)
core   0: 0x8000b7ac (0x02677633) remu    a2, a4, t1
core   0: 3 0x8000b7ac (0x02677633) x12 0x000004e0
core   0: 0x8000b7b0 (0x009ccd63) blt     s9, s1, pc + 26
core   0: 3 0x8000b7b0 (0x009ccd63)
core   0: 0x8000b7ca (0x000254b3) srl     s1, tp, zero
core   0: 3 0x8000b7ca (0x000254b3) x 9 0x80000000
core   0: 0x8000b7ce (0x0ff0000f) fence   iorw,iorw
core   0: 3 0x8000b7ce (0x0ff0000f)
core   0: 0x8000b7d2 (0x0d32df63) bge     t0, s3, pc + 222
core   0: 3 0x8000b7d2 (0x0d32df63)
core   0: 0x8000b7d6 (0x000c0933) add     s2, s8, zero
core   0: 3 0x8000b7d6 (0x000c0933) x18 0xfffffffa
core   0: 0x8000b7da (0x0329c7b3) div     a5, s3, s2
core   0: 3 0x8000b7da (0x0329c7b3) x15 0x00000000
core   0: 0x8000b7de (0x00009c0e) c.add   s8, gp
core   0: 3 0x8000b7de (0x9c0e) x24 0xfffffffa
core   0: 0x8000b7e0 (0x1756eb93) ori     s7, a3, 373
core   0: 3 0x8000b7e0 (0x1756eb93) x23 0x00000175
core   0: 0x8000b7e4 (0xa3648d13) addi    s10, s1, -1482
core   0: 3 0x8000b7e4 (0xa3648d13) x26 0x7ffffa36
core   0: 0x8000b7e8 (0x000092fe) c.add   t0, t6
core   0: 3 0x8000b7e8 (0x92fe) x 5 0xffffff4d
core   0: 0x8000b7ea (0x00aa1013) slli    zero, s4, 10
core   0: 3 0x8000b7ea (0x00aa1013)
core   0: 0x8000b7ee (0x01585a33) srl     s4, a6, s5
core   0: 3 0x8000b7ee (0x01585a33) x20 0x00000000
core   0: 0x8000b7f2 (0x02f5d533) divu    a0, a1, a5
core   0: 3 0x8000b7f2 (0x02f5d533) x10 0xffffffff
core   0: 0x8000b7f6 (0xe7a3ef37) lui     t5, 0xe7a3e
core   0: 3 0x8000b7f6 (0xe7a3ef37) x30 0xe7a3e000
core   0: 0x8000b7fa (0x00cb1263) bne     s6, a2, pc + 4
core   0: 3 0x8000b7fa (0x00cb1263)
core   0: 0x8000b7fe (0x2b870713) addi    a4, a4, 696
core   0: 3 0x8000b7fe (0x2b870713) x14 0x00000798
core   0: 0x8000b802 (0x02ec18b3) mulh    a7, s8, a4
core   0: 3 0x8000b802 (0x02ec18b3) x17 0xffffffff
core   0: 0x8000b806 (0x00007117) auipc   sp, 0x7
core   0: 3 0x8000b806 (0x00007117) x 2 0x80012806
core   0: 0x8000b80a (0x6a710113) addi    sp, sp, 1703
core   0: 3 0x8000b80a (0x6a710113) x 2 0x80012ead
core   0: 0x8000b80e (0x072ee017) auipc   zero, 0x72ee
core   0: 3 0x8000b80e (0x072ee017)
core   0: 0x8000b812 (0x00910023) sb      s1, 0(sp)
core   0: 3 0x8000b812 (0x00910023) mem 0x80012ead 0x0
core   0: 0x8000b816 (0xff014c03) lbu     s8, -16(sp)
core   0: 3 0x8000b816 (0xff014c03) x24 0x00000056 mem 0x80012e9d
core   0: 0x8000b81a (0x03e9eeb3) rem     t4, s3, t5
core   0: 3 0x8000b81a (0x03e9eeb3) x29 0x00000000
core   0: 0x8000b81e (0x00810283) lb      t0, 8(sp)
core   0: 3 0x8000b81e (0x00810283) x 5 0x0000006e mem 0x80012eb5
core   0: 0x8000b822 (0xff010503) lb      a0, -16(sp)
core   0: 3 0x8000b822 (0xff010503) x10 0x00000056 mem 0x80012e9d
core   0: 0x8000b826 (0x00010003) lb      zero, 0(sp)
core   0: 3 0x8000b826 (0x00010003) mem 0x80012ead
core   0: 0x8000b82a (0xffe14b03) lbu     s6, -2(sp)
core   0: 3 0x8000b82a (0xffe14b03) x22 0x00000060 mem 0x80012eab
core   0: 0x8000b82e (0xffa10d03) lb      s10, -6(sp)
core   0: 3 0x8000b82e (0xffa10d03) x26 0x0000005c mem 0x80012ea7
core   0: 0x8000b832 (0xfee10ca3) sb      a4, -7(sp)
core   0: 3 0x8000b832 (0xfee10ca3) mem 0x80012ea6 0x98
core   0: 0x8000b836 (0x00711183) lh      gp, 7(sp)
core   0: 3 0x8000b836 (0x00711183) x 3 0x00006e6f mem 0x80012eb4
core   0: 0x8000b83a (0x00210783) lb      a5, 2(sp)
core   0: 3 0x8000b83a (0x00210783) x15 0x00000064 mem 0x80012eaf
core   0: 0x8000b83e (0x002517b3) sll     a5, a0, sp
core   0: 3 0x8000b83e (0x002517b3) x15 0x000ac000
core   0: 0x8000b842 (0x00008c1d) c.sub   s0, a5
core   0: 3 0x8000b842 (0x8c1d) x 8 0xfff54000
core   0: 0x8000b844 (0x00915603) lhu     a2, 9(sp)
core   0: 3 0x8000b844 (0x00915603) x12 0x00006c6d mem 0x80012eb6
core   0: 0x8000b848 (0xffd11583) lh      a1, -3(sp)
core   0: 3 0x8000b848 (0xffd11583) x11 0x00006061 mem 0x80012eaa
core   0: 0x8000b84c (0x00f15f03) lhu     t5, 15(sp)
core   0: 3 0x8000b84c (0x00f15f03) x30 0x00007677 mem 0x80012ebc
core   0: 0x8000b850 (0xffc10d23) sb      t3, -6(sp)
core   0: 3 0x8000b850 (0xffc10d23) mem 0x80012ea7 0x0
core   0: 0x8000b854 (0xffd10d23) sb      t4, -6(sp)
core   0: 3 0x8000b854 (0xffd10d23) mem 0x80012ea7 0x0
core   0: 0x8000b858 (0x41240633) sub     a2, s0, s2
core   0: 3 0x8000b858 (0x41240633) x12 0xfff54006
core   0: 0x8000b85c (0x00b14383) lbu     t2, 11(sp)
core   0: 3 0x8000b85c (0x00b14383) x 7 0x00000073 mem 0x80012eb8
core   0: 0x8000b860 (0x00a10883) lb      a7, 10(sp)
core   0: 3 0x8000b860 (0x00a10883) x17 0x0000006c mem 0x80012eb7
core   0: 0x8000b864 (0xff014e03) lbu     t3, -16(sp)
core   0: 3 0x8000b864 (0xff014e03) x28 0x00000056 mem 0x80012e9d
core   0: 0x8000b868 (0x00510603) lb      a2, 5(sp)
core   0: 3 0x8000b868 (0x00510603) x12 0x00000069 mem 0x80012eb2
core   0: 0x8000b86c (0x000089b6) c.mv    s3, a3
core   0: 3 0x8000b86c (0x89b6) x19 0x00000000
core   0: 0x8000b86e (0x00c14d83) lbu     s11, 12(sp)
core   0: 3 0x8000b86e (0x00c14d83) x27 0x00000072 mem 0x80012eb9
core   0: 0x8000b872 (0x000f3193) sltiu   gp, t5, 0
core   0: 3 0x8000b872 (0x000f3193) x 3 0x00000000
core   0: 0x8000b876 (0x00315883) lhu     a7, 3(sp)
core   0: 3 0x8000b876 (0x00315883) x17 0x00006a6b mem 0x80012eb0
core   0: 0x8000b87a (0x007106a3) sb      t2, 13(sp)
core   0: 3 0x8000b87a (0x007106a3) mem 0x80012eba 0x73
core   0: 0x8000b87e (0x00414283) lbu     t0, 4(sp)
core   0: 3 0x8000b87e (0x00414283) x 5 0x0000006a mem 0x80012eb1
core   0: 0x8000b882 (0xff110003) lb      zero, -15(sp)
core   0: 3 0x8000b882 (0xff110003) mem 0x80012e9e
core   0: 0x8000b886 (0xffc14a03) lbu     s4, -4(sp)
core   0: 3 0x8000b886 (0xffc14a03) x20 0x00000062 mem 0x80012ea9
core   0: 0x8000b88a (0x00711c03) lh      s8, 7(sp)
core   0: 3 0x8000b88a (0x00711c03) x24 0x00006e6f mem 0x80012eb4
core   0: 0x8000b88e (0x000091ea) c.add   gp, s10
core   0: 3 0x8000b88e (0x91ea) x 3 0x0000005c
core   0: 0x8000b890 (0x00f10623) sb      a5, 12(sp)
core   0: 3 0x8000b890 (0x00f10623) mem 0x80012eb9 0x0
core   0: 0x8000b894 (0x00008d8d) c.sub   a1, a1
core   0: 3 0x8000b894 (0x8d8d) x11 0x00000000
core   0: 0x8000b896 (0x000085f2) c.mv    a1, t3
core   0: 3 0x8000b896 (0x85f2) x11 0x00000056
core   0: 0x8000b898 (0xfe410b23) sb      tp, -10(sp)
core   0: 3 0x8000b898 (0xfe410b23) mem 0x80012ea3 0x0
core   0: 0x8000b89c (0x00b12a03) lw      s4, 11(sp)
core   0: 3 0x8000b89c (0x00b12a03) x20 0x70730073 mem 0x80012eb8
core   0: 0x8000b8a0 (0x00814603) lbu     a2, 8(sp)
core   0: 3 0x8000b8a0 (0x00814603) x12 0x0000006e mem 0x80012eb5
core   0: 0x8000b8a4 (0x0000cf11) c.beqz  a4, pc + 28
core   0: 3 0x8000b8a4 (0xcf11)
core   0: 0x8000b8a6 (0x0000100f) fence.i
core   0: 3 0x8000b8a6 (0x0000100f)
core   0: 0x8000b8aa (0x000b9c33) sll     s8, s7, zero
core   0: 3 0x8000b8aa (0x000b9c33) x24 0x00000175
core   0: 0x8000b8ae (0x0000717d) c.addi16sp sp, -16
core   0: 3 0x8000b8ae (0x717d) x 2 0x80012e9d
core   0: 0x8000b8b0 (0x02ccd4b3) divu    s1, s9, a2
core   0: 3 0x8000b8b0 (0x02ccd4b3) x 9 0x0129e995
core   0: 0x8000b8b4 (0x007387b3) add     a5, t2, t2
core   0: 3 0x8000b8b4 (0x007387b3) x15 0x000000e6
core   0: 0x8000b8b8 (0x03c097b3) mulh    a5, ra, t3
core   0: 3 0x8000b8b8 (0x03c097b3) x15 0xffffffff
core   0: 0x8000b8bc (0x00dd9093) slli    ra, s11, 13
core   0: 3 0x8000b8bc (0x00dd9093) x 1 0x000e4000
core   0: 0x8000b8c0 (0x00001718) c.addi4spn a4, sp, 928
core   0: 3 0x8000b8c0 (0x1718) x14 0x8001323d
core   0: 0x8000b8c2 (0x02761833) mulh    a6, a2, t2
core   0: 3 0x8000b8c2 (0x02761833) x16 0x00000000
core   0: 0x8000b8c6 (0x000088c1) c.andi  s1, 16
core   0: 3 0x8000b8c6 (0x88c1) x 9 0x00000010
core   0: 0x8000b8c8 (0x004c7d63) bgeu    s8, tp, pc + 26
core   0: 3 0x8000b8c8 (0x004c7d63)
core   0: 0x8000b8cc (0x62620993) addi    s3, tp, 1574
core   0: 3 0x8000b8cc (0x62620993) x19 0x80000626
core   0: 0x8000b8d0 (0x03106e33) rem     t3, zero, a7
core   0: 3 0x8000b8d0 (0x03106e33) x28 0x00000000
core   0: 0x8000b8d4 (0x4160d133) sra     sp, ra, s6
core   0: 3 0x8000b8d4 (0x4160d133) x 2 0x000e4000
core   0: 0x8000b8d8 (0x9a7dc493) xori    s1, s11, -1625
core   0: 3 0x8000b8d8 (0x9a7dc493) x 9 0xfffff9d5
core   0: 0x8000b8dc (0x0000100f) fence.i
core   0: 3 0x8000b8dc (0x0000100f)
core   0: 0x8000b8e0 (0x00008ef5) c.and   a3, a3
core   0: 3 0x8000b8e0 (0x8ef5) x13 0x00000000
core   0: 0x8000b8e2 (0x0000ce91) c.beqz  a3, pc + 28
core   0: 3 0x8000b8e2 (0xce91)
core   0: 0x8000b8fe (0x02404c63) blt     zero, tp, pc + 56
core   0: 3 0x8000b8fe (0x02404c63)
core   0: 0x8000b902 (0x00008e39) c.xor   a2, a4
core   0: 3 0x8000b902 (0x8e39) x12 0x80013253
core   0: 0x8000b904 (0x00009bd2) c.add   s7, s4
core   0: 3 0x8000b904 (0x9bd2) x23 0x707301e8
core   0: 0x8000b906 (0xa5904493) xori    s1, zero, -1447
core   0: 3 0x8000b906 (0xa5904493) x 9 0xfffffa59
core   0: 0x8000b90a (0x00000001) c.nop
core   0: 3 0x8000b90a (0x0001)
core   0: 0x8000b90c (0x080df363) bgeu    s11, zero, pc + 134
core   0: 3 0x8000b90c (0x080df363)
core   0: 0x8000b992 (0x39fd3a13) sltiu   s4, s10, 927
core   0: 3 0x8000b992 (0x39fd3a13) x20 0x00000001
core   0: 0x8000b996 (0x410aa693) slti    a3, s5, 1040
core   0: 3 0x8000b996 (0x410aa693) x13 0x00000001
core   0: 0x8000b99a (0x418eda13) srai    s4, t4, 24
core   0: 3 0x8000b99a (0x418eda13) x20 0x00000000
core   0: 0x8000b99e (0x00001588) c.addi4spn a0, sp, 736
core   0: 3 0x8000b99e (0x1588) x10 0x000e42e0
core   0: 0x8000b9a0 (0x0000c799) c.beqz  a5, pc + 14
core   0: 3 0x8000b9a0 (0xc799)
core   0: 0x8000b9a2 (0x01ad24b3) slt     s1, s10, s10
core   0: 3 0x8000b9a2 (0x01ad24b3) x 9 0x00000000
core   0: 0x8000b9a6 (0x0000997d) c.andi  a0, -1
core   0: 3 0x8000b9a6 (0x997d) x10 0x000e42e0
core   0: 0x8000b9a8 (0x00008cb5) c.xor   s1, a3
core   0: 3 0x8000b9a8 (0x8cb5) x 9 0x00000001
core   0: 0x8000b9aa (0x41fe5133) sra     sp, t3, t6
core   0: 3 0x8000b9aa (0x41fe5133) x 2 0x00000000
core   0: 0x8000b9ae (0x000064d5) c.lui   s1, 0x15
core   0: 3 0x8000b9ae (0x64d5) x 9 0x00015000
core   0: 0x8000b9b0 (0x00008a61) c.andi  a2, 24
core   0: 3 0x8000b9b0 (0x8a61) x12 0x00000010
core   0: 0x8000b9b2 (0x000086e5) c.srai  a3, 25
core   0: 3 0x8000b9b2 (0x86e5) x13 0x00000000
core   0: 0x8000b9b4 (0x0304b4b3) mulhu   s1, s1, a6
core   0: 3 0x8000b9b4 (0x0304b4b3) x 9 0x00000000
core   0: 0x8000b9b8 (0x02d46363) bltu    s0, a3, pc + 38
core   0: 3 0x8000b9b8 (0x02d46363)
core   0: 0x8000b9bc (0x0327d833) divu    a6, a5, s2
core   0: 3 0x8000b9bc (0x0327d833) x16 0x00000001
core   0: 0x8000b9c0 (0x9ba5a493) slti    s1, a1, -1606
core   0: 3 0x8000b9c0 (0x9ba5a493) x 9 0x00000000
core   0: 0x8000b9c4 (0x52b2a513) slti    a0, t0, 1323
core   0: 3 0x8000b9c4 (0x52b2a513) x10 0x00000001
core   0: 0x8000b9c8 (0x00f4cf63) blt     s1, a5, pc + 30
core   0: 3 0x8000b9c8 (0x00f4cf63)
core   0: 0x8000b9cc (0x03d3c1b3) div     gp, t2, t4
core   0: 3 0x8000b9cc (0x03d3c1b3) x 3 0xffffffff
core   0: 0x8000b9d0 (0x0008c663) bltz    a7, pc + 12
core   0: 3 0x8000b9d0 (0x0008c663)
core   0: 0x8000b9d4 (0x01636763) bltu    t1, s6, pc + 14
core   0: 3 0x8000b9d4 (0x01636763)
core   0: 0x8000b9e2 (0x00008e89) c.sub   a3, a0
core   0: 3 0x8000b9e2 (0x8e89) x13 0xffffffff
core   0: 0x8000b9e4 (0x00008ef5) c.and   a3, a3
core   0: 3 0x8000b9e4 (0x8ef5) x13 0xffffffff
core   0: 0x8000b9e6 (0x027562b3) rem     t0, a0, t2
core   0: 3 0x8000b9e6 (0x027562b3) x 5 0x00000001
core   0: 0x8000b9ea (0x40465d93) srai    s11, a2, 4
core   0: 3 0x8000b9ea (0x40465d93) x27 0x00000001
core   0: 0x8000b9ee (0x00009afd) c.andi  a3, -1
core   0: 3 0x8000b9ee (0x9afd) x13 0xffffffff
core   0: 0x8000b9f0 (0x00006169) c.addi16sp sp, 208
core   0: 3 0x8000b9f0 (0x6169) x 2 0x000000d0
core   0: 0x8000b9f2 (0x4c23e493) ori     s1, t2, 1218
core   0: 3 0x8000b9f2 (0x4c23e493) x 9 0x000004f3
core   0: 0x8000b9f6 (0x0000100f) fence.i
core   0: 3 0x8000b9f6 (0x0000100f)
core   0: 0x8000b9fa (0x0000eb89) c.bnez  a5, pc + 18
core   0: 3 0x8000b9fa (0xeb89)
core   0: 0x8000ba0c (0x0000ec09) c.bnez  s0, pc + 26
core   0: 3 0x8000ba0c (0xec09)
core   0: 0x8000ba26 (0x0395ce63) blt     a1, s9, pc + 60
core   0: 3 0x8000ba26 (0x0395ce63)
core   0: 0x8000ba2a (0x00000299) c.addi  t0, 6
core   0: 3 0x8000ba2a (0x0299) x 5 0x00000007
core   0: 0x8000ba2c (0x0ac66d13) ori     s10, a2, 172
core   0: 3 0x8000ba2c (0x0ac66d13) x26 0x000000bc
core   0: 0x8000ba30 (0x00008ed9) c.or    a3, a4
core   0: 3 0x8000ba30 (0x8ed9) x13 0xffffffff
core   0: 0x8000ba32 (0x02244b63) blt     s0, sp, pc + 54
core   0: 3 0x8000ba32 (0x02244b63)
core   0: 0x8000ba68 (0x010c7a33) and     s4, s8, a6
core   0: 3 0x8000ba68 (0x010c7a33) x20 0x00000001
core   0: 0x8000ba6c (0x67e7b2b7) lui     t0, 0x67e7b
core   0: 3 0x8000ba6c (0x67e7b2b7) x 5 0x67e7b000
core   0: 0x8000ba70 (0x1532f193) andi    gp, t0, 339
core   0: 3 0x8000ba70 (0x1532f193) x 3 0x00000000
core   0: 0x8000ba74 (0x0365c463) blt     a1, s6, pc + 40
core   0: 3 0x8000ba74 (0x0365c463)
core   0: 0x8000ba9c (0x0000100f) fence.i
core   0: 3 0x8000ba9c (0x0000100f)
core   0: 0x8000baa0 (0x00006ee9) c.lui   t4, 0x1a
core   0: 3 0x8000baa0 (0x6ee9) x29 0x0001a000
core   0: 0x8000baa2 (0x00008239) c.srli  a2, 14
core   0: 3 0x8000baa2 (0x8239) x12 0x00000000
core   0: 0x8000baa4 (0x01659f63) bne     a1, s6, pc + 30
core   0: 3 0x8000baa4 (0x01659f63)
core   0: 0x8000bac2 (0x035f6db3) rem     s11, t5, s5
core   0: 3 0x8000bac2 (0x035f6db3) x27 0x00007677
core   0: 0x8000bac6 (0x00000a19) c.addi  s4, 6
core   0: 3 0x8000bac6 (0x0a19) x20 0x00000007
core   0: 0x8000bac8 (0x02bb8bb3) mul     s7, s7, a1
core   0: 3 0x8000bac8 (0x02bb8bb3) x23 0xc6a2a3f0
core   0: 0x8000bacc (0x02329133) mulh    sp, t0, gp
core   0: 3 0x8000bacc (0x02329133) x 2 0x00000000
core   0: 0x8000bad0 (0x0000717d) c.addi16sp sp, -16
core   0: 3 0x8000bad0 (0x717d) x 2 0xfffffff0
core   0: 0x8000bad2 (0x005c0c63) beq     s8, t0, pc + 24
core   0: 3 0x8000bad2 (0x005c0c63)
core   0: 0x8000bad6 (0x6b7eed37) lui     s10, 0x6b7ee
core   0: 3 0x8000bad6 (0x6b7eed37) x26 0x6b7ee000
core   0: 0x8000bada (0x480cad93) slti    s11, s9, 1152
core   0: 3 0x8000bada (0x480cad93) x27 0x00000001
core   0: 0x8000bade (0x001dc133) xor     sp, s11, ra
core   0: 3 0x8000bade (0x001dc133) x 2 0x000e4001
core   0: 0x8000bae2 (0x00008e09) c.sub   a2, a0
core   0: 3 0x8000bae2 (0x8e09) x12 0xffffffff
core   0: 0x8000bae4 (0x41fb0eb3) sub     t4, s6, t6
core   0: 3 0x8000bae4 (0x41fb0eb3) x29 0xfffffe35
core   0: 0x8000bae8 (0x0000960a) c.add   a2, sp
core   0: 3 0x8000bae8 (0x960a) x12 0x000e4000
core   0: 0x8000baea (0x00fd5c13) srli    s8, s10, 15
core   0: 3 0x8000baea (0x00fd5c13) x24 0x0000d6fd
core   0: 0x8000baee (0x00e195b3) sll     a1, gp, a4
core   0: 3 0x8000baee (0x00e195b3) x11 0x00000000
core   0: 0x8000baf2 (0x00000001) c.nop
core   0: 3 0x8000baf2 (0x0001)
core   0: 0x8000baf4 (0x000092f2) c.add   t0, t3
core   0: 3 0x8000baf4 (0x92f2) x 5 0x67e7b000
core   0: 0x8000baf6 (0x0000684d) c.lui   a6, 0x13
core   0: 3 0x8000baf6 (0x684d) x16 0x00013000
core   0: 0x8000baf8 (0x01f2d913) srli    s2, t0, 31
core   0: 3 0x8000baf8 (0x01f2d913) x18 0x00000000
core   0: 0x8000bafc (0x00805563) bge     zero, s0, pc + 10
core   0: 3 0x8000bafc (0x00805563)
core   0: 0x8000bb06 (0x0000100f) fence.i
core   0: 3 0x8000bb06 (0x0000100f)
core   0: 0x8000bb0a (0x0000100f) fence.i
core   0: 3 0x8000bb0a (0x0000100f)
core   0: 0x8000bb0e (0x017a9833) sll     a6, s5, s7
core   0: 3 0x8000bb0e (0x017a9833) x16 0x9ce40000
core   0: 0x8000bb12 (0x0ff0000f) fence   iorw,iorw
core   0: 3 0x8000bb12 (0x0ff0000f)
core   0: 0x8000bb16 (0x00008735) c.srai  a4, 13
core   0: 3 0x8000bb16 (0x8735) x14 0xfffc0009
core   0: 0x8000bb18 (0x00006f71) c.lui   t5, 0x1c
core   0: 3 0x8000bb18 (0x6f71) x30 0x0001c000
core   0: 0x8000bb1a (0x04d38263) beq     t2, a3, pc + 68
core   0: 3 0x8000bb1a (0x04d38263)
core   0: 0x8000bb1e (0x019b7833) and     a6, s6, s9
core   0: 3 0x8000bb1e (0x019b7833) x16 0x00000040
core   0: 0x8000bb22 (0xe0178713) addi    a4, a5, -511
core   0: 3 0x8000bb22 (0xe0178713) x14 0xfffffe00
core   0: 0x8000bb26 (0x0000e109) c.bnez  a0, pc + 2
core   0: 3 0x8000bb26 (0xe109)
core   0: 0x8000bb28 (0x0000850d) c.srai  a0, 3
core   0: 3 0x8000bb28 (0x850d) x10 0x00000000
core   0: 0x8000bb2a (0x02a63833) mulhu   a6, a2, a0
core   0: 3 0x8000bb2a (0x02a63833) x16 0x00000000
core   0: 0x8000bb2e (0x41a75193) srai    gp, a4, 26
core   0: 3 0x8000bb2e (0x41a75193) x 3 0xffffffff
core   0: 0x8000bb32 (0x0000e0a1) c.bnez  s1, pc + 64
core   0: 3 0x8000bb32 (0xe0a1)
core   0: 0x8000bb72 (0x00204e33) xor     t3, zero, sp
core   0: 3 0x8000bb72 (0x00204e33) x28 0x000e4001
core   0: 0x8000bb76 (0x000088e5) c.andi  s1, 25
core   0: 3 0x8000bb76 (0x88e5) x 9 0x00000011
core   0: 0x8000bb78 (0x0ff0000f) fence   iorw,iorw
core   0: 3 0x8000bb78 (0x0ff0000f)
core   0: 0x8000bb7c (0x039b5c63) bge     s6, s9, pc + 56
core   0: 3 0x8000bb7c (0x039b5c63)
core   0: 0x8000bbb4 (0x2dc0f313) andi    t1, ra, 732
core   0: 3 0x8000bbb4 (0x2dc0f313) x 6 0x00000000
core   0: 0x8000bbb8 (0x0150bf33) sltu    t5, ra, s5
core   0: 3 0x8000bbb8 (0x0150bf33) x30 0x00000001
core   0: 0x8000bbbc (0x40d1dc13) srai    s8, gp, 13
core   0: 3 0x8000bbbc (0x40d1dc13) x24 0xffffffff
core   0: 0x8000bbc0 (0x036deeb3) rem     t4, s11, s6
core   0: 3 0x8000bbc0 (0x036deeb3) x29 0x00000001
core   0: 0x8000bbc4 (0x012c5bb3) srl     s7, s8, s2
core   0: 3 0x8000bbc4 (0x012c5bb3) x23 0xffffffff
core   0: 0x8000bbc8 (0x03b274b3) remu    s1, tp, s11
core   0: 3 0x8000bbc8 (0x03b274b3) x 9 0x00000000
core   0: 0x8000bbcc (0x02ea29b3) mulhsu  s3, s4, a4
core   0: 3 0x8000bbcc (0x02ea29b3) x19 0x00000006
core   0: 0x8000bbd0 (0x0319b2b3) mulhu   t0, s3, a7
core   0: 3 0x8000bbd0 (0x0319b2b3) x 5 0x00000000
core   0: 0x8000bbd4 (0x00001684) c.addi4spn s1, sp, 864
core   0: 3 0x8000bbd4 (0x1684) x 9 0x000e4361
core   0: 0x8000bbd6 (0x01b74eb3) xor     t4, a4, s11
core   0: 3 0x8000bbd6 (0x01b74eb3) x29 0xfffffe01
core   0: 0x8000bbda (0xcaf1a693) slti    a3, gp, -849
core   0: 3 0x8000bbda (0xcaf1a693) x13 0x00000000
core   0: 0x8000bbde (0x41765713) srai    a4, a2, 23
core   0: 3 0x8000bbde (0x41765713) x14 0x00000000
core   0: 0x8000bbe2 (0x000013fd) c.addi  t2, -1
core   0: 3 0x8000bbe2 (0x13fd) x 7 0x00000072
core   0: 0x8000bbe4 (0x000086f1) c.srai  a3, 28
core   0: 3 0x8000bbe4 (0x86f1) x13 0x00000000
core   0: 0x8000bbe6 (0x4e16b3b7) lui     t2, 0x4e16b
core   0: 3 0x8000bbe6 (0x4e16b3b7) x 7 0x4e16b000
core   0: 0x8000bbea (0x247fe637) lui     a2, 0x247fe
core   0: 3 0x8000bbea (0x247fe637) x12 0x247fe000
core   0: 0x8000bbee (0x016b9e13) slli    t3, s7, 22
core   0: 3 0x8000bbee (0x016b9e13) x28 0xffc00000
core   0: 0x8000bbf2 (0x0000197d) c.addi  s2, -1
core   0: 3 0x8000bbf2 (0x197d) x18 0xffffffff
core   0: 0x8000bbf4 (0x7f10a6b7) lui     a3, 0x7f10a
core   0: 3 0x8000bbf4 (0x7f10a6b7) x13 0x7f10a000
core   0: 0x8000bbf8 (0x0000717d) c.addi16sp sp, -16
core   0: 3 0x8000bbf8 (0x717d) x 2 0x000e3ff1
core   0: 0x8000bbfa (0x40b0dd93) srai    s11, ra, 11
core   0: 3 0x8000bbfa (0x40b0dd93) x27 0x000001c8
core   0: 0x8000bbfe (0x03151c33) mulh    s8, a0, a7
core   0: 3 0x8000bbfe (0x03151c33) x24 0x00000000
core   0: 0x8000bc02 (0x7721f593) andi    a1, gp, 1906
core   0: 3 0x8000bc02 (0x7721f593) x11 0x00000772
core   0: 0x8000bc06 (0x00000001) c.nop
core   0: 3 0x8000bc06 (0x0001)
core   0: 0x8000bc08 (0x33cab393) sltiu   t2, s5, 828
core   0: 3 0x8000bc08 (0x33cab393) x 7 0x00000000
core   0: 0x8000bc0c (0x00008191) c.srli  a1, 4
core   0: 3 0x8000bc0c (0x8191) x11 0x00000077
core   0: 0x8000bc0e (0x00e44333) xor     t1, s0, a4
core   0: 3 0x8000bc0e (0x00e44333) x 6 0xfff54000
core   0: 0x8000bc12 (0x00000001) c.nop
core   0: 3 0x8000bc12 (0x0001)
core   0: 0x8000bc14 (0x410f0bb3) sub     s7, t5, a6
core   0: 3 0x8000bc14 (0x410f0bb3) x23 0x00000001
core   0: 0x8000bc18 (0x402d8db3) sub     s11, s11, sp
core   0: 3 0x8000bc18 (0x402d8db3) x27 0xfff1c1d7
core   0: 0x8000bc1c (0x00008bce) c.mv    s7, s3
core   0: 3 0x8000bc1c (0x8bce) x23 0x00000006
core   0: 0x8000bc1e (0x02502f33) mulhsu  t5, zero, t0
core   0: 3 0x8000bc1e (0x02502f33) x30 0x00000000
core   0: 0x8000bc22 (0x02527a33) remu    s4, tp, t0
core   0: 3 0x8000bc22 (0x02527a33) x20 0x80000000
core   0: 0x8000bc26 (0x02c36fb3) rem     t6, t1, a2
core   0: 3 0x8000bc26 (0x02c36fb3) x31 0xfff54000
core   0: 0x8000bc2a (0x00008f9d) c.sub   a5, a5
core   0: 3 0x8000bc2a (0x8f9d) x15 0x00000000
core   0: 0x8000bc2c (0x005cd193) srli    gp, s9, 5
core   0: 3 0x8000bc2c (0x005cd193) x 3 0x040012f2
core   0: 0x8000bc30 (0x03fdf633) remu    a2, s11, t6
core   0: 3 0x8000bc30 (0x03fdf633) x12 0xfff1c1d7
core   0: 0x8000bc34 (0x0072b833) sltu    a6, t0, t2
core   0: 3 0x8000bc34 (0x0072b833) x16 0x00000000
core   0: 0x8000bc38 (0x40495913) srai    s2, s2, 4
core   0: 3 0x8000bc38 (0x40495913) x18 0xffffffff
core   0: 0x8000bc3c (0x0000100f) fence.i
core   0: 3 0x8000bc3c (0x0000100f)
core   0: 0x8000bc40 (0x03f625b3) mulhsu  a1, a2, t6
core   0: 3 0x8000bc40 (0x03f625b3) x11 0xfff1c270
core   0: 0x8000bc44 (0x00008ee1) c.and   a3, s0
core   0: 3 0x8000bc44 (0x8ee1) x13 0x7f100000
core   0: 0x8000bc46 (0x0274e1b3) rem     gp, s1, t2
core   0: 3 0x8000bc46 (0x0274e1b3) x 3 0x000e4361
core   0: 0x8000bc4a (0x00d114b3) sll     s1, sp, a3
core   0: 3 0x8000bc4a (0x00d114b3) x 9 0x000e3ff1
core   0: 0x8000bc4e (0x0ff0000f) fence   iorw,iorw
core   0: 3 0x8000bc4e (0x0ff0000f)
core   0: 0x8000bc52 (0x0134f963) bgeu    s1, s3, pc + 18
core   0: 3 0x8000bc52 (0x0134f963)
core   0: 0x8000bc64 (0x0000954e) c.add   a0, s3
core   0: 3 0x8000bc64 (0x954e) x10 0x00000006
core   0: 0x8000bc66 (0x00e37633) and     a2, t1, a4
core   0: 3 0x8000bc66 (0x00e37633) x12 0x00000000
core   0: 0x8000bc6a (0x00008dd1) c.or    a1, a2
core   0: 3 0x8000bc6a (0x8dd1) x11 0xfff1c270
core   0: 0x8000bc6c (0x00000001) c.nop
core   0: 3 0x8000bc6c (0x0001)
core   0: 0x8000bc6e (0x41ab5d93) srai    s11, s6, 26
core   0: 3 0x8000bc6e (0x41ab5d93) x27 0x00000000
core   0: 0x8000bc72 (0x00b7c4b3) xor     s1, a5, a1
core   0: 3 0x8000bc72 (0x00b7c4b3) x 9 0xfff1c270
core   0: 0x8000bc76 (0x00008126) c.mv    sp, s1
core   0: 3 0x8000bc76 (0x8126) x 2 0xfff1c270
core   0: 0x8000bc78 (0x00000001) c.nop
core   0: 3 0x8000bc78 (0x0001)
core   0: 0x8000bc7a (0x00006611) c.lui   a2, 0x4
core   0: 3 0x8000bc7a (0x6611) x12 0x00004000
core   0: 0x8000bc7c (0x00008289) c.srli  a3, 2
core   0: 3 0x8000bc7c (0x8289) x13 0x1fc40000
core   0: 0x8000bc7e (0x000057fd) c.li    a5, -1
core   0: 3 0x8000bc7e (0x57fd) x15 0xffffffff
core   0: 0x8000bc80 (0x0110d9b3) srl     s3, ra, a7
core   0: 3 0x8000bc80 (0x0110d9b3) x19 0x000001c8
core   0: 0x8000bc84 (0x0000612d) c.addi16sp sp, 224
core   0: 3 0x8000bc84 (0x612d) x 2 0xfff1c350
core   0: 0x8000bc86 (0x998a7d13) andi    s10, s4, -1640
core   0: 3 0x8000bc86 (0x998a7d13) x26 0x80000000
core   0: 0x8000bc8a (0x008fc1b3) xor     gp, t6, s0
core   0: 3 0x8000bc8a (0x008fc1b3) x 3 0x00000000
core   0: 0x8000bc8e (0x63fee3b7) lui     t2, 0x63fee
core   0: 3 0x8000bc8e (0x63fee3b7) x 7 0x63fee000
core   0: 0x8000bc92 (0x071c2593) slti    a1, s8, 113
core   0: 3 0x8000bc92 (0x071c2593) x11 0x00000001
core   0: 0x8000bc96 (0x00000001) c.nop
core   0: 3 0x8000bc96 (0x0001)
core   0: 0x8000bc98 (0x0ff0000f) fence   iorw,iorw
core   0: 3 0x8000bc98 (0x0ff0000f)
core   0: 0x8000bc9c (0x41f40f33) sub     t5, s0, t6
core   0: 3 0x8000bc9c (0x41f40f33) x30 0x00000000
core   0: 0x8000bca0 (0x00000e1c) c.addi4spn a5, sp, 784
core   0: 3 0x8000bca0 (0x0e1c) x15 0xfff1c660
core   0: 0x8000bca2 (0x00a7c833) xor     a6, a5, a0
core   0: 3 0x8000bca2 (0x00a7c833) x16 0xfff1c666
core   0: 0x8000bca6 (0x0000717d) c.addi16sp sp, -16
core   0: 3 0x8000bca6 (0x717d) x 2 0xfff1c340
core   0: 0x8000bca8 (0x03abeeb3) rem     t4, s7, s10
core   0: 3 0x8000bca8 (0x03abeeb3) x29 0x00000006
core   0: 0x8000bcac (0x03774663) blt     a4, s7, pc + 44
core   0: 3 0x8000bcac (0x03774663)
core   0: 0x8000bcd8 (0x025adfb3) divu    t6, s5, t0
core   0: 3 0x8000bcd8 (0x025adfb3) x31 0xffffffff
core   0: 0x8000bcdc (0x00001608) c.addi4spn a0, sp, 800
core   0: 3 0x8000bcdc (0x1608) x10 0xfff1c660
core   0: 0x8000bcde (0x00008171) c.srli  a0, 28
core   0: 3 0x8000bcde (0x8171) x10 0x0000000f
core   0: 0x8000bce0 (0x00000001) c.nop
core   0: 3 0x8000bce0 (0x0001)
core   0: 0x8000bce2 (0xe65c0d93) addi    s11, s8, -411
core   0: 3 0x8000bce2 (0xe65c0d93) x27 0xfffffe65
core   0: 0x8000bce6 (0x00008849) c.andi  s0, 18
core   0: 3 0x8000bce6 (0x8849) x 8 0x00000000
core   0: 0x8000bce8 (0x0395df63) bge     a1, s9, pc + 62
core   0: 3 0x8000bce8 (0x0395df63)
core   0: 0x8000bd26 (0x011dc633) xor     a2, s11, a7
core   0: 3 0x8000bd26 (0x011dc633) x12 0xffff940e
core   0: 0x8000bd2a (0x00008d71) c.and   a0, a2
core   0: 3 0x8000bd2a (0x8d71) x10 0x0000000e
core   0: 0x8000bd2c (0x00000001) c.nop
core   0: 3 0x8000bd2c (0x0001)
core   0: 0x8000bd2e (0x0000965e) c.add   a2, s7
core   0: 3 0x8000bd2e (0x965e) x12 0xffff9414
core   0: 0x8000bd30 (0x00000785) c.addi  a5, 1
core   0: 3 0x8000bd30 (0x0785) x15 0xfff1c661
core   0: 0x8000bd32 (0x00008e61) c.and   a2, s0
core   0: 3 0x8000bd32 (0x8e61) x12 0x00000000
core   0: 0x8000bd34 (0x00000001) c.nop
core   0: 3 0x8000bd34 (0x0001)
core   0: 0x8000bd36 (0x016d0bb3) add     s7, s10, s6
core   0: 3 0x8000bd36 (0x016d0bb3) x23 0x80000060
core   0: 0x8000bd3a (0x00005e7d) c.li    t3, -1
core   0: 3 0x8000bd3a (0x5e7d) x28 0xffffffff
core   0: 0x8000bd3c (0xe74fb813) sltiu   a6, t6, -396
core   0: 3 0x8000bd3c (0xe74fb813) x16 0x00000000
core   0: 0x8000bd40 (0x01d1c9b3) xor     s3, gp, t4
core   0: 3 0x8000bd40 (0x01d1c9b3) x19 0x00000006
core   0: 0x8000bd44 (0x01da5393) srli    t2, s4, 29
core   0: 3 0x8000bd44 (0x01da5393) x 7 0x00000004
core   0: 0x8000bd48 (0x02ff0b63) beq     t5, a5, pc + 54
core   0: 3 0x8000bd48 (0x02ff0b63)
core   0: 0x8000bd4c (0x00000001) c.nop
core   0: 3 0x8000bd4c (0x0001)
core   0: 0x8000bd4e (0x03b931b3) mulhu   gp, s2, s11
core   0: 3 0x8000bd4e (0x03b931b3) x 3 0xfffffe64
core   0: 0x8000bd52 (0x032ad0b3) divu    ra, s5, s2
core   0: 3 0x8000bd52 (0x032ad0b3) x 1 0x00000000
core   0: 0x8000bd56 (0x0005ddb3) srl     s11, a1, zero
core   0: 3 0x8000bd56 (0x0005ddb3) x27 0x00000001
core   0: 0x8000bd5a (0x0000e185) c.bnez  a1, pc + 32
core   0: 3 0x8000bd5a (0xe185)
core   0: 0x8000bd7a (0x00000d8a) c.slli  s11, 2
core   0: 3 0x8000bd7a (0x0d8a) x27 0x00000004
core   0: 0x8000bd7c (0x0000e809) c.bnez  s0, pc + 18
core   0: 3 0x8000bd7c (0xe809)
core   0: 0x8000bd7e (0x0283f163) bgeu    t2, s0, pc + 34
core   0: 3 0x8000bd7e (0x0283f163)
core   0: 0x8000bda0 (0x00008051) c.srli  s0, 20
core   0: 3 0x8000bda0 (0x8051) x 8 0x00000000
core   0: 0x8000bda2 (0x77634f13) xori    t5, t1, 1910
core   0: 3 0x8000bda2 (0x77634f13) x30 0xfff54776
core   0: 0x8000bda6 (0x0ff0000f) fence   iorw,iorw
core   0: 3 0x8000bda6 (0x0ff0000f)
core   0: 0x8000bdaa (0x402b0d33) sub     s10, s6, sp
core   0: 3 0x8000bdaa (0x402b0d33) x26 0x000e3d20
core   0: 0x8000bdae (0x8043f817) auipc   a6, 0x8043f
core   0: 3 0x8000bdae (0x8043f817) x16 0x0044adae
core   0: 0x8000bdb2 (0x0000157d) c.addi  a0, -1
core   0: 3 0x8000bdb2 (0x157d) x10 0x0000000d
core   0: 0x8000bdb4 (0x00008295) c.srli  a3, 5
core   0: 3 0x8000bdb4 (0x8295) x13 0x00fe2000
core   0: 0x8000bdb6 (0x012d4c33) xor     s8, s10, s2
core   0: 3 0x8000bdb6 (0x012d4c33) x24 0xfff1c2df
core   0: 0x8000bdba (0x00009d8e) c.add   s11, gp
core   0: 3 0x8000bdba (0x9d8e) x27 0xfffffe68
core   0: 0x8000bdbc (0x033080b3) mul     ra, ra, s3
core   0: 3 0x8000bdbc (0x033080b3) x 1 0x00000000
core   0: 0x8000bdc0 (0x00008f7d) c.and   a4, a5
core   0: 3 0x8000bdc0 (0x8f7d) x14 0x00000000
core   0: 0x8000bdc2 (0xa3280593) addi    a1, a6, -1486
core   0: 3 0x8000bdc2 (0xa3280593) x11 0x0044a7e0
core   0: 0x8000bdc6 (0x0192fe33) and     t3, t0, s9
core   0: 3 0x8000bdc6 (0x0192fe33) x28 0x00000000
core   0: 0x8000bdca (0x00008eee) c.mv    t4, s11
core   0: 3 0x8000bdca (0x8eee) x29 0xfffffe68
core   0: 0x8000bdcc (0x17cfae93) slti    t4, t6, 380
core   0: 3 0x8000bdcc (0x17cfae93) x29 0x00000001
core   0: 0x8000bdd0 (0x000083e1) c.srli  a5, 24
core   0: 3 0x8000bdd0 (0x83e1) x15 0x000000ff
core   0: 0x8000bdd2 (0xde2fcd93) xori    s11, t6, -542
core   0: 3 0x8000bdd2 (0xde2fcd93) x27 0x0000021d
core   0: 0x8000bdd6 (0x01d80d63) beq     a6, t4, pc + 26
core   0: 3 0x8000bdd6 (0x01d80d63)
core   0: 0x8000bdda (0x90152813) slti    a6, a0, -1791
core   0: 3 0x8000bdda (0x90152813) x16 0x00000000
core   0: 0x8000bdde (0x00f94933) xor     s2, s2, a5
core   0: 3 0x8000bdde (0x00f94933) x18 0xffffff00
core   0: 0x8000bde2 (0x00009a7d) c.andi  a2, -1
core   0: 3 0x8000bde2 (0x9a7d) x12 0x00000000
core   0: 0x8000bde4 (0x00006f1d) c.lui   t5, 0x7
core   0: 3 0x8000bde4 (0x6f1d) x30 0x00007000
core   0: 0x8000bde6 (0xf6c73497) auipc   s1, 0xf6c73
core   0: 3 0x8000bde6 (0xf6c73497) x 9 0x76c7ede6
core   0: 0x8000bdea (0x402ddd93) srai    s11, s11, 2
core   0: 3 0x8000bdea (0x402ddd93) x27 0x00000087
core   0: 0x8000bdee (0x000088ba) c.mv    a7, a4
core   0: 3 0x8000bdee (0x88ba) x17 0x00000000
core   0: 0x8000bdf0 (0x03d96f33) rem     t5, s2, t4
core   0: 3 0x8000bdf0 (0x03d96f33) x30 0x00000000
core   0: 0x8000bdf4 (0xeb172113) slti    sp, a4, -335
core   0: 3 0x8000bdf4 (0xeb172113) x 2 0x00000000
core   0: 0x8000bdf8 (0x00f40f63) beq     s0, a5, pc + 30
core   0: 3 0x8000bdf8 (0x00f40f63)
core   0: 0x8000bdfc (0x02a7c8b3) div     a7, a5, a0
core   0: 3 0x8000bdfc (0x02a7c8b3) x17 0x00000013
core   0: 0x8000be00 (0x00009766) c.add   a4, s9
core   0: 3 0x8000be00 (0x9766) x14 0x80025e58
core   0: 0x8000be02 (0x012d6863) bltu    s10, s2, pc + 16
core   0: 3 0x8000be02 (0x012d6863)
core   0: 0x8000be12 (0x02bd6163) bltu    s10, a1, pc + 34
core   0: 3 0x8000be12 (0x02bd6163)
core   0: 0x8000be34 (0x4726ce93) xori    t4, a3, 1138
core   0: 3 0x8000be34 (0x4726ce93) x29 0x00fe2472
core   0: 0x8000be38 (0x404edf13) srai    t5, t4, 4
core   0: 3 0x8000be38 (0x404edf13) x30 0x000fe247
core   0: 0x8000be3c (0x00f4e633) or      a2, s1, a5
core   0: 3 0x8000be3c (0x00f4e633) x12 0x76c7edff
core   0: 0x8000be40 (0x011e02b3) add     t0, t3, a7
core   0: 3 0x8000be40 (0x011e02b3) x 5 0x00000013
core   0: 0x8000be44 (0x00008f39) c.xor   a4, a4
core   0: 3 0x8000be44 (0x8f39) x14 0x00000000
core   0: 0x8000be46 (0x030dcb33) div     s6, s11, a6
core   0: 3 0x8000be46 (0x030dcb33) x22 0xffffffff
core   0: 0x8000be4a (0x01265913) srli    s2, a2, 18
core   0: 3 0x8000be4a (0x01265913) x18 0x00001db1
core   0: 0x8000be4e (0x0000057a) c.slli  a0, 30
core   0: 3 0x8000be4e (0x057a) x10 0x40000000
core   0: 0x8000be50 (0x29f2cb93) xori    s7, t0, 671
core   0: 3 0x8000be50 (0x29f2cb93) x23 0x0000028c
core   0: 0x8000be54 (0x006649b3) xor     s3, a2, t1
core   0: 3 0x8000be54 (0x006649b3) x19 0x8932adff
core   0: 0x8000be58 (0x00004081) c.li    ra, 0
core   0: 3 0x8000be58 (0x4081) x 1 0x00000000
core   0: 0x8000be5a (0x0000830d) c.srli  a4, 3
core   0: 3 0x8000be5a (0x830d) x14 0x00000000
core   0: 0x8000be5c (0x028670b3) remu    ra, a2, s0
core   0: 3 0x8000be5c (0x028670b3) x 1 0x76c7edff
core   0: 0x8000be60 (0x01212a33) slt     s4, sp, s2
core   0: 3 0x8000be60 (0x01212a33) x20 0x00000001
core   0: 0x8000be64 (0x01af78b3) and     a7, t5, s10
core   0: 3 0x8000be64 (0x01af78b3) x17 0x000e2000
core   0: 0x8000be68 (0x03c58133) mul     sp, a1, t3
core   0: 3 0x8000be68 (0x03c58133) x 2 0x00000000
core   0: 0x8000be6c (0x58c78fb7) lui     t6, 0x58c78
core   0: 3 0x8000be6c (0x58c78fb7) x31 0x58c78000
core   0: 0x8000be70 (0x0095bdb3) sltu    s11, a1, s1
core   0: 3 0x8000be70 (0x0095bdb3) x27 0x00000001
core   0: 0x8000be74 (0x0ff0000f) fence   iorw,iorw
core   0: 3 0x8000be74 (0x0ff0000f)
core   0: 0x8000be78 (0x03c77f33) remu    t5, a4, t3
core   0: 3 0x8000be78 (0x03c77f33) x30 0x00000000
core   0: 0x8000be7c (0x0000187d) c.addi  a6, -1
core   0: 3 0x8000be7c (0x187d) x16 0xffffffff
core   0: 0x8000be7e (0x01ad7d63) bgeu    s10, s10, pc + 26
core   0: 3 0x8000be7e (0x01ad7d63)
core   0: 0x8000be98 (0x00f5f0b3) and     ra, a1, a5
core   0: 3 0x8000be98 (0x00f5f0b3) x 1 0x000000e0
core   0: 0x8000be9c (0x03dc6c63) bltu    s8, t4, pc + 56
core   0: 3 0x8000be9c (0x03dc6c63)
core   0: 0x8000bea0 (0x40b95b33) sra     s6, s2, a1
core   0: 3 0x8000bea0 (0x40b95b33) x22 0x00001db1
core   0: 0x8000bea4 (0x00000001) c.nop
core   0: 3 0x8000bea4 (0x0001)
core   0: 0x8000bea6 (0x41b403b3) sub     t2, s0, s11
core   0: 3 0x8000bea6 (0x41b403b3) x 7 0xffffffff
core   0: 0x8000beaa (0x0136ad33) slt     s10, a3, s3
core   0: 3 0x8000beaa (0x0136ad33) x26 0x00000000
core   0: 0x8000beae (0x404cde13) srai    t3, s9, 4
core   0: 3 0x8000beae (0x404cde13) x28 0xf80025e5
core   0: 0x8000beb2 (0x0ff0000f) fence   iorw,iorw
core   0: 3 0x8000beb2 (0x0ff0000f)
core   0: 0x8000beb6 (0x03e623b3) mulhsu  t2, a2, t5
core   0: 3 0x8000beb6 (0x03e623b3) x 7 0x00000000
core   0: 0x8000beba (0x00471f13) slli    t5, a4, 4
core   0: 3 0x8000beba (0x00471f13) x30 0x00000000
core   0: 0x8000bebe (0x02ddc333) div     t1, s11, a3
core   0: 3 0x8000bebe (0x02ddc333) x 6 0x00000000
core   0: 0x8000bec2 (0x0000717d) c.addi16sp sp, -16
core   0: 3 0x8000bec2 (0x717d) x 2 0xfffffff0
core   0: 0x8000bec4 (0x409954b3) sra     s1, s2, s1
core   0: 3 0x8000bec4 (0x409954b3) x 9 0x00000076
core   0: 0x8000bec8 (0x02497633) remu    a2, s2, tp
core   0: 3 0x8000bec8 (0x02497633) x12 0x00001db1
core   0: 0x8000becc (0x00008e11) c.sub   a2, a2
core   0: 3 0x8000becc (0x8e11) x12 0x00000000
core   0: 0x8000bece (0x0000177d) c.addi  a4, -1
core   0: 3 0x8000bece (0x177d) x14 0xffffffff
core   0: 0x8000bed0 (0x033cc0b3) div     ra, s9, s3
core   0: 3 0x8000bed0 (0x033cc0b3) x 1 0x00000001
core   0: 0x8000bed4 (0x00008561) c.srai  a0, 24
core   0: 3 0x8000bed4 (0x8561) x10 0x00000040
core   0: 0x8000bed6 (0x02303733) mulhu   a4, zero, gp
core   0: 3 0x8000bed6 (0x02303733) x14 0x00000000
core   0: 0x8000beda (0x02461eb3) mulh    t4, a2, tp
core   0: 3 0x8000beda (0x02461eb3) x29 0x00000000
core   0: 0x8000bede (0x03b648b3) div     a7, a2, s11
core   0: 3 0x8000bede (0x03b648b3) x17 0x00000000
core   0: 0x8000bee2 (0x000088e2) c.mv    a7, s8
core   0: 3 0x8000bee2 (0x88e2) x17 0xfff1c2df
core   0: 0x8000bee4 (0x00001e98) c.addi4spn a4, sp, 880
core   0: 3 0x8000bee4 (0x1e98) x14 0x00000360
core   0: 0x8000bee6 (0x0000091c) c.addi4spn a5, sp, 144
core   0: 3 0x8000bee6 (0x091c) x15 0x00000080
core   0: 0x8000bee8 (0x009b5f33) srl     t5, s6, s1
core   0: 3 0x8000bee8 (0x009b5f33) x30 0x00000000
core   0: 0x8000beec (0x00008a45) c.andi  a2, 17
core   0: 3 0x8000beec (0x8a45) x12 0x00000000
core   0: 0x8000beee (0x500f2593) slti    a1, t5, 1280
core   0: 3 0x8000beee (0x500f2593) x11 0x00000001
core   0: 0x8000bef2 (0x4096d513) srai    a0, a3, 9
core   0: 3 0x8000bef2 (0x4096d513) x10 0x00007f10
core   0: 0x8000bef6 (0x011bf0b3) and     ra, s7, a7
core   0: 3 0x8000bef6 (0x011bf0b3) x 1 0x0000028c
core   0: 0x8000befa (0xb4be8893) addi    a7, t4, -1205
core   0: 3 0x8000befa (0xb4be8893) x17 0xfffffb4b
core   0: 0x8000befe (0x03c12d33) mulhsu  s10, sp, t3
core   0: 3 0x8000befe (0x03c12d33) x26 0xfffffff0
core   0: 0x8000bf02 (0x00001408) c.addi4spn a0, sp, 544
core   0: 3 0x8000bf02 (0x1408) x10 0x00000210
core   0: 0x8000bf04 (0x01094db3) xor     s11, s2, a6
core   0: 3 0x8000bf04 (0x01094db3) x27 0xffffe24e
core   0: 0x8000bf08 (0x000083e5) c.srli  a5, 25
core   0: 3 0x8000bf08 (0x83e5) x15 0x00000000
core   0: 0x8000bf0a (0xfd022637) lui     a2, 0xfd022
core   0: 3 0x8000bf0a (0xfd022637) x12 0xfd022000
core   0: 0x8000bf0e (0x005af433) and     s0, s5, t0
core   0: 3 0x8000bf0e (0x005af433) x 8 0x00000000
core   0: 0x8000bf12 (0x0ff0000f) fence   iorw,iorw
core   0: 3 0x8000bf12 (0x0ff0000f)
core   0: 0x8000bf16 (0x0000cd05) c.beqz  a0, pc + 56
core   0: 3 0x8000bf16 (0xcd05)
core   0: 0x8000bf18 (0x0ff0000f) fence   iorw,iorw
core   0: 3 0x8000bf18 (0x0ff0000f)
core   0: 0x8000bf1c (0x00000001) c.nop
core   0: 3 0x8000bf1c (0x0001)
core   0: 0x8000bf1e (0x01649613) slli    a2, s1, 22
core   0: 3 0x8000bf1e (0x01649613) x12 0x1d800000
core   0: 0x8000bf22 (0x00001f10) c.addi4spn a2, sp, 944
core   0: 3 0x8000bf22 (0x1f10) x12 0x000003a0
core   0: 0x8000bf24 (0x6c5a6813) ori     a6, s4, 1733
core   0: 3 0x8000bf24 (0x6c5a6813) x16 0x000006c5
core   0: 0x8000bf28 (0x01395293) srli    t0, s2, 19
core   0: 3 0x8000bf28 (0x01395293) x 5 0x00000000
core   0: 0x8000bf2c (0xb7fd4bb7) lui     s7, 0xb7fd4
core   0: 3 0x8000bf2c (0xb7fd4bb7) x23 0xb7fd4000
core   0: 0x8000bf30 (0x00008ef1) c.and   a3, a2
core   0: 3 0x8000bf30 (0x8ef1) x13 0x00000000
core   0: 0x8000bf32 (0x01c51b93) slli    s7, a0, 28
core   0: 3 0x8000bf32 (0x01c51b93) x23 0x00000000
core   0: 0x8000bf36 (0x40b50e33) sub     t3, a0, a1
core   0: 3 0x8000bf36 (0x40b50e33) x28 0x0000020f
core   0: 0x8000bf3a (0x00004429) c.li    s0, 10
core   0: 3 0x8000bf3a (0x4429) x 8 0x0000000a
core   0: 0x8000bf3c (0xfd396393) ori     t2, s2, -45
core   0: 3 0x8000bf3c (0xfd396393) x 7 0xfffffff3
core   0: 0x8000bf40 (0x00851793) slli    a5, a0, 8
core   0: 3 0x8000bf40 (0x00851793) x15 0x00021000
core   0: 0x8000bf44 (0x00008955) c.andi  a0, 21
core   0: 3 0x8000bf44 (0x8955) x10 0x00000010
core   0: 0x8000bf46 (0xd3376497) auipc   s1, 0xd3376
core   0: 3 0x8000bf46 (0xd3376497) x 9 0x53381f46
core   0: 0x8000bf4a (0x030debb3) rem     s7, s11, a6
core   0: 3 0x8000bf4a (0x030debb3) x23 0xfffffd62
core   0: 0x8000bf4e (0x40868633) sub     a2, a3, s0
core   0: 3 0x8000bf4e (0x40868633) x12 0xfffffff6
core   0: 0x8000bf52 (0x03f432b3) mulhu   t0, s0, t6
core   0: 3 0x8000bf52 (0x03f432b3) x 5 0x00000003
core   0: 0x8000bf56 (0x0000c30d) c.beqz  a4, pc + 34
core   0: 3 0x8000bf56 (0xc30d)
core   0: 0x8000bf58 (0x1ac83f37) lui     t5, 0x1ac83
core   0: 3 0x8000bf58 (0x1ac83f37) x30 0x1ac83000
core   0: 0x8000bf5c (0x00004a75) c.li    s4, 29
core   0: 3 0x8000bf5c (0x4a75) x20 0x0000001d
core   0: 0x8000bf5e (0x01d6d9b3) srl     s3, a3, t4
core   0: 3 0x8000bf5e (0x01d6d9b3) x19 0x00000000
core   0: 0x8000bf62 (0x00004e3d) c.li    t3, 15
core   0: 3 0x8000bf62 (0x4e3d) x28 0x0000000f
core   0: 0x8000bf64 (0x0000039c) c.addi4spn a5, sp, 448
core   0: 3 0x8000bf64 (0x039c) x15 0x000001b0
core   0: 0x8000bf66 (0x000084ad) c.srai  s1, 11
core   0: 3 0x8000bf66 (0x84ad) x 9 0x000a6703
core   0: 0x8000bf68 (0x03739463) bne     t2, s7, pc + 40
core   0: 3 0x8000bf68 (0x03739463)
core   0: 0x8000bf90 (0x02878163) beq     a5, s0, pc + 34
core   0: 3 0x8000bf90 (0x02878163)
core   0: 0x8000bf94 (0x01b1a533) slt     a0, gp, s11
core   0: 3 0x8000bf94 (0x01b1a533) x10 0x00000000
core   0: 0x8000bf98 (0x02443a33) mulhu   s4, s0, tp
core   0: 3 0x8000bf98 (0x02443a33) x20 0x00000005
core   0: 0x8000bf9c (0x00008cc9) c.or    s1, a0
core   0: 3 0x8000bf9c (0x8cc9) x 9 0x000a6703
core   0: 0x8000bf9e (0x01d16eb3) or      t4, sp, t4
core   0: 3 0x8000bf9e (0x01d16eb3) x29 0xfffffff0
core   0: 0x8000bfa2 (0x00000111) c.addi  sp, 4
core   0: 3 0x8000bfa2 (0x0111) x 2 0xfffffff4
core   0: 0x8000bfa4 (0x019b9c63) bne     s7, s9, pc + 24
core   0: 3 0x8000bfa4 (0x019b9c63)
core   0: 0x8000bfbc (0x416dda13) srai    s4, s11, 22
core   0: 3 0x8000bfbc (0x416dda13) x20 0xffffffff
core   0: 0x8000bfc0 (0x00000815) c.addi  a6, 5
core   0: 3 0x8000bfc0 (0x0815) x16 0x000006ca
core   0: 0x8000bfc2 (0x0000c711) c.beqz  a4, pc + 12
core   0: 3 0x8000bfc2 (0xc711)
core   0: 0x8000bfc4 (0x00f0bdb3) sltu    s11, ra, a5
core   0: 3 0x8000bfc4 (0x00f0bdb3) x27 0x00000000
core   0: 0x8000bfc8 (0x00008ab5) c.andi  a3, 13
core   0: 3 0x8000bfc8 (0x8ab5) x13 0x00000000
core   0: 0x8000bfca (0x0000100f) fence.i
core   0: 3 0x8000bfca (0x0000100f)
core   0: 0x8000bfce (0x0061da33) srl     s4, gp, t1
core   0: 3 0x8000bfce (0x0061da33) x20 0xfffffe64
core   0: 0x8000bfd2 (0x0186cdb3) xor     s11, a3, s8
core   0: 3 0x8000bfd2 (0x0186cdb3) x27 0xfff1c2df
core   0: 0x8000bfd6 (0x00cc9eb3) sll     t4, s9, a2
core   0: 3 0x8000bfd6 (0x00cc9eb3) x29 0x96000000
core   0: 0x8000bfda (0x00000e4a) c.slli  t3, 18
core   0: 3 0x8000bfda (0x0e4a) x28 0x003c0000
core   0: 0x8000bfdc (0x0e567863) bgeu    a2, t0, pc + 240
core   0: 3 0x8000bfdc (0x0e567863)
core   0: 0x8000c0cc (0x201f75b7) lui     a1, 0x201f7
core   0: 3 0x8000c0cc (0x201f75b7) x11 0x201f7000
core   0: 0x8000c0d0 (0x00008d72) c.mv    s10, t3
core   0: 3 0x8000c0d0 (0x8d72) x26 0x003c0000
core   0: 0x8000c0d2 (0x00ad8a63) beq     s11, a0, pc + 20
core   0: 3 0x8000c0d2 (0x00ad8a63)
core   0: 0x8000c0d6 (0x023a1863) bne     s4, gp, pc + 48
core   0: 3 0x8000c0d6 (0x023a1863)
core   0: 0x8000c0da (0x00006e59) c.lui   t3, 0x16
core   0: 3 0x8000c0da (0x6e59) x28 0x00016000
core   0: 0x8000c0dc (0x00000001) c.nop
core   0: 3 0x8000c0dc (0x0001)
core   0: 0x8000c0de (0x0000cf15) c.beqz  a4, pc + 60
core   0: 3 0x8000c0de (0xcf15)
core   0: 0x8000c0e0 (0x01db2e33) slt     t3, s6, t4
core   0: 3 0x8000c0e0 (0x01db2e33) x28 0x00000000
core   0: 0x8000c0e4 (0x00000001) c.nop
core   0: 3 0x8000c0e4 (0x0001)
core   0: 0x8000c0e6 (0x043a6363) bltu    s4, gp, pc + 70
core   0: 3 0x8000c0e6 (0x043a6363)
core   0: 0x8000c0ea (0x01a56833) or      a6, a0, s10
core   0: 3 0x8000c0ea (0x01a56833) x16 0x003c0000
core   0: 0x8000c0ee (0x00a16eb3) or      t4, sp, a0
core   0: 3 0x8000c0ee (0x00a16eb3) x29 0xfffffff4
core   0: 0x8000c0f2 (0x00008c2d) c.xor   s0, a1
core   0: 3 0x8000c0f2 (0x8c2d) x 8 0x201f700a
core   0: 0x8000c0f4 (0xa86168b7) lui     a7, 0xa8616
core   0: 3 0x8000c0f4 (0xa86168b7) x17 0xa8616000
core   0: 0x8000c0f8 (0x00001efd) c.addi  t4, -1
core   0: 3 0x8000c0f8 (0x1efd) x29 0xfffffff3
core   0: 0x8000c0fa (0x000082c6) c.mv    t0, a7
core   0: 3 0x8000c0fa (0x82c6) x 5 0xa8616000
core   0: 0x8000c0fc (0x16ab5a17) auipc   s4, 0x16ab5
core   0: 3 0x8000c0fc (0x16ab5a17) x20 0x96ac10fc
core   0: 0x8000c100 (0x0000717d) c.addi16sp sp, -16
core   0: 3 0x8000c100 (0x717d) x 2 0xffffffe4
core   0: 0x8000c102 (0x010bd533) srl     a0, s7, a6
core   0: 3 0x8000c102 (0x010bd533) x10 0xfffffd62
core   0: 0x8000c106 (0x1333f493) andi    s1, t2, 307
core   0: 3 0x8000c106 (0x1333f493) x 9 0x00000133
core   0: 0x8000c10a (0x017cf1b3) and     gp, s9, s7
core   0: 3 0x8000c10a (0x017cf1b3) x 3 0x80025c40
core   0: 0x8000c10e (0x02b00963) beq     zero, a1, pc + 50
core   0: 3 0x8000c10e (0x02b00963)
core   0: 0x8000c112 (0x40d3d893) srai    a7, t2, 13
core   0: 3 0x8000c112 (0x40d3d893) x17 0xffffffff
core   0: 0x8000c116 (0x40c35c33) sra     s8, t1, a2
core   0: 3 0x8000c116 (0x40c35c33) x24 0x00000000
core   0: 0x8000c11a (0x018e2333) slt     t1, t3, s8
core   0: 3 0x8000c11a (0x018e2333) x 6 0x00000000
core   0: 0x8000c11e (0x00008c69) c.and   s0, a0
core   0: 3 0x8000c11e (0x8c69) x 8 0x201f7002
core   0: 0x8000c120 (0x014c5e63) bge     s8, s4, pc + 28
core   0: 3 0x8000c120 (0x014c5e63)
core   0: 0x8000c13c (0x0238d033) divu    zero, a7, gp
core   0: 3 0x8000c13c (0x0238d033)
core   0: 0x8000c140 (0x414151b3) sra     gp, sp, s4
core   0: 3 0x8000c140 (0x414151b3) x 3 0xffffffff
core   0: 0x8000c144 (0x0000459d) c.li    a1, 7
core   0: 3 0x8000c144 (0x459d) x11 0x00000007
core   0: 0x8000c146 (0x00008fb1) c.xor   a5, a2
core   0: 3 0x8000c146 (0x8fb1) x15 0xfffffe46
core   0: 0x8000c148 (0x01f13633) sltu    a2, sp, t6
core   0: 3 0x8000c148 (0x01f13633) x12 0x00000000
core   0: 0x8000c14c (0x848d6c13) ori     s8, s10, -1976
core   0: 3 0x8000c14c (0x848d6c13) x24 0xfffff848
core   0: 0x8000c150 (0x0000717d) c.addi16sp sp, -16
core   0: 3 0x8000c150 (0x717d) x 2 0xffffffd4
core   0: 0x8000c152 (0x9e93fa13) andi    s4, t2, -1559
core   0: 3 0x8000c152 (0x9e93fa13) x20 0xfffff9e1
core   0: 0x8000c156 (0x002c9a63) bne     s9, sp, pc + 20
core   0: 3 0x8000c156 (0x002c9a63)
core   0: 0x8000c16a (0x00216663) bltu    sp, sp, pc + 12
core   0: 3 0x8000c16a (0x00216663)
core   0: 0x8000c16e (0x024e4e33) div     t3, t3, tp
core   0: 3 0x8000c16e (0x024e4e33) x28 0x00000000
core   0: 0x8000c172 (0x00000804) c.addi4spn s1, sp, 16
core   0: 3 0x8000c172 (0x0804) x 9 0xffffffe4
core   0: 0x8000c174 (0x00008e19) c.sub   a2, a4
core   0: 3 0x8000c174 (0x8e19) x12 0xfffffca0
core   0: 0x8000c176 (0x02573733) mulhu   a4, a4, t0
core   0: 3 0x8000c176 (0x02573733) x14 0x00000238
core   0: 0x8000c17a (0x891d8b13) addi    s6, s11, -1903
core   0: 3 0x8000c17a (0x891d8b13) x22 0xfff1bb70
core   0: 0x8000c17e (0x05b9e063) bltu    s3, s11, pc + 64
core   0: 3 0x8000c17e (0x05b9e063)
core   0: 0x8000c1be (0x00009352) c.add   t1, s4
core   0: 3 0x8000c1be (0x9352) x 6 0xfffff9e1
core   0: 0x8000c1c0 (0x0000878d) c.srai  a5, 3
core   0: 3 0x8000c1c0 (0x878d) x15 0xffffffc8
core   0: 0x8000c1c2 (0x00dd28b3) slt     a7, s10, a3
core   0: 3 0x8000c1c2 (0x00dd28b3) x17 0x00000000
core   0: 0x8000c1c6 (0x019da7b3) slt     a5, s11, s9
core   0: 3 0x8000c1c6 (0x019da7b3) x15 0x00000000
core   0: 0x8000c1ca (0x024487b3) mul     a5, s1, tp
core   0: 3 0x8000c1ca (0x024487b3) x15 0x00000000
core   0: 0x8000c1ce (0x010b5e63) bge     s6, a6, pc + 28
core   0: 3 0x8000c1ce (0x010b5e63)
core   0: 0x8000c1d2 (0x00ff39b3) sltu    s3, t5, a5
core   0: 3 0x8000c1d2 (0x00ff39b3) x19 0x00000000
core   0: 0x8000c1d6 (0x00000f2a) c.slli  t5, 10
core   0: 3 0x8000c1d6 (0x0f2a) x30 0x20c00000
core   0: 0x8000c1d8 (0x03c39063) bne     t2, t3, pc + 32
core   0: 3 0x8000c1d8 (0x03c39063)
core   0: 0x8000c1f8 (0x00b838b3) sltu    a7, a6, a1
core   0: 3 0x8000c1f8 (0x00b838b3) x17 0x00000000
core   0: 0x8000c1fc (0x00008cf1) c.and   s1, a2
core   0: 3 0x8000c1fc (0x8cf1) x 9 0xfffffca0
core   0: 0x8000c1fe (0x002c9013) slli    zero, s9, 2
core   0: 3 0x8000c1fe (0x002c9013)
core   0: 0x8000c202 (0x00fb5f93) srli    t6, s6, 15
core   0: 3 0x8000c202 (0x00fb5f93) x31 0x0001ffe3
core   0: 0x8000c206 (0x06efce63) blt     t6, a4, pc + 124
core   0: 3 0x8000c206 (0x06efce63)
core   0: 0x8000c20a (0x6024f393) andi    t2, s1, 1538
core   0: 3 0x8000c20a (0x6024f393) x 7 0x00000400
core   0: 0x8000c20e (0x028c15b3) mulh    a1, s8, s0
core   0: 3 0x8000c20e (0x028c15b3) x11 0xffffff08
core   0: 0x8000c212 (0x402cd413) srai    s0, s9, 2
core   0: 3 0x8000c212 (0x402cd413) x 8 0xe0009796
core   0: 0x8000c216 (0x00013817) auipc   a6, 0x13
core   0: 3 0x8000c216 (0x00013817) x16 0x8001f216
core   0: 0x8000c21a (0x0c580813) addi    a6, a6, 197
core   0: 3 0x8000c21a (0x0c580813) x16 0x8001f2db
core   0: 0x8000c21e (0x00005d97) auipc   s11, 0x5
core   0: 3 0x8000c21e (0x00005d97) x27 0x8001121e
core   0: 0x8000c222 (0xd15d8d93) addi    s11, s11, -747
core   0: 3 0x8000c222 (0xd15d8d93) x27 0x80010f33
core   0: 0x8000c226 (0xff585303) lhu     t1, -11(a6)
core   0: 3 0x8000c226 (0xff585303) x 6 0x00008a8b mem 0x8001f2d0
core   0: 0x8000c22a (0x0a680683) lb      a3, 166(a6)
core   0: 3 0x8000c22a (0x0a680683) x13 0x0000003a mem 0x8001f381
core   0: 0x8000c22e (0x03684483) lbu     s1, 54(a6)
core   0: 3 0x8000c22e (0x03684483) x 9 0x000000ca mem 0x8001f311
core   0: 0x8000c232 (0x9acdc683) lbu     a3, -1620(s11)
core   0: 3 0x8000c232 (0x9acdc683) x13 0x00000094 mem 0x800108df
core   0: 0x8000c236 (0xe27d9283) lh      t0, -473(s11)
core   0: 3 0x8000c236 (0xe27d9283) x 5 0x00001011 mem 0x80010d5a
core   0: 0x8000c23a (0xc7ddd003) lhu     zero, -899(s11)
core   0: 3 0x8000c23a (0xc7ddd003) mem 0x80010bb0
core   0: 0x8000c23e (0xf9381403) lh      s0, -109(a6)
core   0: 3 0x8000c23e (0xf9381403) x 8 0x00002425 mem 0x8001f26e
core   0: 0x8000c242 (0x00884d03) lbu     s10, 8(a6)
core   0: 3 0x8000c242 (0x00884d03) x26 0x00000098 mem 0x8001f2e3
core   0: 0x8000c246 (0x0ce81ba3) sh      a4, 215(a6)
core   0: 3 0x8000c246 (0x0ce81ba3) mem 0x8001f3b2 0x0238
core   0: 0x8000c24a (0xc15da003) lw      zero, -1003(s11)
core   0: 3 0x8000c24a (0xc15da003) mem 0x80010b48
core   0: 0x8000c24e (0x09080683) lb      a3, 144(a6)
core   0: 3 0x8000c24e (0x09080683) x13 0x00000020 mem 0x8001f36b
core   0: 0x8000c252 (0xf5580f23) sb      s5, -162(a6)
core   0: 3 0x8000c252 (0xf5580f23) mem 0x8001f239 0xe4
core   0: 0x8000c256 (0xf8fdd003) lhu     zero, -113(s11)
core   0: 3 0x8000c256 (0xf8fdd003) mem 0x80010ec2
core   0: 0x8000c25a (0xe46d8123) sb      t1, -446(s11)
core   0: 3 0x8000c25a (0xe46d8123) mem 0x80010d75 0x8b
core   0: 0x8000c25e (0x01a84e03) lbu     t3, 26(a6)
core   0: 3 0x8000c25e (0x01a84e03) x28 0x000000ae mem 0x8001f2f5
core   0: 0x8000c262 (0x0c280623) sb      sp, 204(a6)
core   0: 3 0x8000c262 (0x0c280623) mem 0x8001f3a7 0xd4
core   0: 0x8000c266 (0x02dce6b3) rem     a3, s9, a3
core   0: 3 0x8000c266 (0x02dce6b3) x13 0xfffffff8
core   0: 0x8000c26a (0x00008fb5) c.xor   a5, a3
core   0: 3 0x8000c26a (0x8fb5) x15 0xfffffff8
core   0: 0x8000c26c (0x005ac633) xor     a2, s5, t0
core   0: 3 0x8000c26c (0x005ac633) x12 0x80028cf5
core   0: 0x8000c270 (0x0314d263) bge     s1, a7, pc + 36
core   0: 3 0x8000c270 (0x0314d263)
core   0: 0x8000c294 (0x02f5d2b3) divu    t0, a1, a5
core   0: 3 0x8000c294 (0x02f5d2b3) x 5 0x00000000
core   0: 0x8000c298 (0x006ac763) blt     s5, t1, pc + 14
core   0: 3 0x8000c298 (0x006ac763)
core   0: 0x8000c2a6 (0x03cc6363) bltu    s8, t3, pc + 38
core   0: 3 0x8000c2a6 (0x03cc6363)
core   0: 0x8000c2aa (0x03a8f033) remu    zero, a7, s10
core   0: 3 0x8000c2aa (0x03a8f033)
core   0: 0x8000c2ae (0x84ef7713) andi    a4, t5, -1970
core   0: 3 0x8000c2ae (0x84ef7713) x14 0x20c00000
core   0: 0x8000c2b2 (0xa9caad93) slti    s11, s5, -1380
core   0: 3 0x8000c2b2 (0xa9caad93) x27 0x00000001
core   0: 0x8000c2b6 (0x00006121) c.addi16sp sp, 64
core   0: 3 0x8000c2b6 (0x6121) x 2 0x00000014
core   0: 0x8000c2b8 (0x491cdd37) lui     s10, 0x491cd
core   0: 3 0x8000c2b8 (0x491cdd37) x26 0x491cd000
core   0: 0x8000c2bc (0x41e30833) sub     a6, t1, t5
core   0: 3 0x8000c2bc (0x41e30833) x16 0xdf408a8b
core   0: 0x8000c2c0 (0x00008ca9) c.xor   s1, a0
core   0: 3 0x8000c2c0 (0x8ca9) x 9 0xfffffda8
core   0: 0x8000c2c2 (0x0000ce2d) c.beqz  a2, pc + 122
core   0: 3 0x8000c2c2 (0xce2d)
core   0: 0x8000c2c4 (0x014f0db3) add     s11, t5, s4
core   0: 3 0x8000c2c4 (0x014f0db3) x27 0x20bff9e1
core   0: 0x8000c2c8 (0x61bcb313) sltiu   t1, s9, 1563
core   0: 3 0x8000c2c8 (0x61bcb313) x 6 0x00000000
core   0: 0x8000c2cc (0x00008745) c.srai  a4, 17
core   0: 3 0x8000c2cc (0x8745) x14 0x00001060
core   0: 0x8000c2ce (0x00000352) c.slli  t1, 20
core   0: 3 0x8000c2ce (0x0352) x 6 0x00000000
core   0: 0x8000c2d0 (0x032027b3) mulhsu  a5, zero, s2
core   0: 3 0x8000c2d0 (0x032027b3) x15 0x00000000
core   0: 0x8000c2d4 (0x079ae463) bltu    s5, s9, pc + 104
core   0: 3 0x8000c2d4 (0x079ae463)
core   0: 0x8000c2d8 (0x01bb8333) add     t1, s7, s11
core   0: 3 0x8000c2d8 (0x01bb8333) x 6 0x20bff743
core   0: 0x8000c2dc (0x52c8a193) slti    gp, a7, 1324
core   0: 3 0x8000c2dc (0x52c8a193) x 3 0x00000001
core   0: 0x8000c2e0 (0xa38b6893) ori     a7, s6, -1480
core   0: 3 0x8000c2e0 (0xa38b6893) x17 0xfffffb78
core   0: 0x8000c2e4 (0x00000001) c.nop
core   0: 3 0x8000c2e4 (0x0001)
core   0: 0x8000c2e6 (0x0393aa33) mulhsu  s4, t2, s9
core   0: 3 0x8000c2e6 (0x0393aa33) x20 0x00000200
core   0: 0x8000c2ea (0x00008e17) auipc   t3, 0x8
core   0: 3 0x8000c2ea (0x00008e17) x28 0x800142ea
core   0: 0x8000c2ee (0xcb0e0e13) addi    t3, t3, -848
core   0: 3 0x8000c2ee (0xcb0e0e13) x28 0x80013f9a
core   0: 0x8000c2f2 (0x00004097) auipc   ra, 0x4
core   0: 3 0x8000c2f2 (0x00004097) x 1 0x800102f2
core   0: 0x8000c2f6 (0x05d08093) addi    ra, ra, 93
core   0: 3 0x8000c2f6 (0x05d08093) x 1 0x8001034f
core   0: 0x8000c2fa (0x009e0803) lb      a6, 9(t3)
core   0: 3 0x8000c2fa (0x009e0803) x16 0x00000058 mem 0x80013fa3
core   0: 0x8000c2fe (0xfc408823) sb      tp, -48(ra)
core   0: 3 0x8000c2fe (0xfc408823) mem 0x8001031f 0x0
core   0: 0x8000c302 (0xfc309503) lh      a0, -61(ra)
core   0: 3 0x8000c302 (0xfc309503) x10 0xffffc8c9 mem 0x80010312
core   0: 0x8000c306 (0xff7e0fa3) sb      s7, -1(t3)
core   0: 3 0x8000c306 (0xff7e0fa3) mem 0x80013f99 0x62
core   0: 0x8000c30a (0x00de0f03) lb      t5, 13(t3)
core   0: 3 0x8000c30a (0x00de0f03) x30 0x0000005c mem 0x80013fa7
core   0: 0x8000c30e (0xff30d283) lhu     t0, -13(ra)
core   0: 3 0x8000c30e (0xff30d283) x 5 0x0000f8f9 mem 0x80010342
core   0: 0x8000c312 (0x00ae0b83) lb      s7, 10(t3)
core   0: 3 0x8000c312 (0x00ae0b83) x23 0x0000005f mem 0x80013fa4
core   0: 0x8000c316 (0x0380c883) lbu     a7, 56(ra)
core   0: 3 0x8000c316 (0x0380c883) x17 0x0000003c mem 0x80010387
core   0: 0x8000c31a (0xff7e0c03) lb      s8, -9(t3)
core   0: 3 0x8000c31a (0xff7e0c03) x24 0x0000004a mem 0x80013f91
core   0: 0x8000c31e (0x001e4b83) lbu     s7, 1(t3)
core   0: 3 0x8000c31e (0x001e4b83) x23 0x00000050 mem 0x80013f9b
core   0: 0x8000c322 (0x0090c103) lbu     sp, 9(ra)
core   0: 3 0x8000c322 (0x0090c103) x 2 0x00000074 mem 0x80010358
core   0: 0x8000c326 (0x0280c883) lbu     a7, 40(ra)
core   0: 3 0x8000c326 (0x0280c883) x17 0x0000002c mem 0x80010377
core   0: 0x8000c32a (0x004e5883) lhu     a7, 4(t3)
core   0: 3 0x8000c32a (0x004e5883) x17 0x00005455 mem 0x80013f9e
core   0: 0x8000c32e (0x010e1803) lh      a6, 16(t3)
core   0: 3 0x8000c32e (0x010e1803) x16 0x00006061 mem 0x80013faa
core   0: 0x8000c332 (0xfe6e1e23) sh      t1, -4(t3)
core   0: 3 0x8000c332 (0xfe6e1e23) mem 0x80013f96 0xf743
core   0: 0x8000c336 (0x00004699) c.li    a3, 6
core   0: 3 0x8000c336 (0x4699) x13 0x00000006
core   0: 0x8000c338 (0x04bb0163) beq     s6, a1, pc + 66
core   0: 3 0x8000c338 (0x04bb0163)
core   0: 0x8000c33c (0x00001ffd) c.addi  t6, -1
core   0: 3 0x8000c33c (0x1ffd) x31 0x0001ffe2
core   0: 0x8000c33e (0x004a3eb3) sltu    t4, s4, tp
core   0: 3 0x8000c33e (0x004a3eb3) x29 0x00000001
core   0: 0x8000c342 (0x04d3d363) bge     t2, a3, pc + 70
core   0: 3 0x8000c342 (0x04d3d363)
core   0: 0x8000c388 (0x03599a33) mulh    s4, s3, s5
core   0: 3 0x8000c388 (0x03599a33) x20 0x00000000
core   0: 0x8000c38c (0x28f47413) andi    s0, s0, 655
core   0: 3 0x8000c38c (0x28f47413) x 8 0x00000005
core   0: 0x8000c390 (0x00cb1b63) bne     s6, a2, pc + 22
core   0: 3 0x8000c390 (0x00cb1b63)
core   0: 0x8000c3a6 (0x02300d63) beq     zero, gp, pc + 58
core   0: 3 0x8000c3a6 (0x02300d63)
core   0: 0x8000c3aa (0x40080b33) sub     s6, a6, zero
core   0: 3 0x8000c3aa (0x40080b33) x22 0x00006061
core   0: 0x8000c3ae (0x00008fb5) c.xor   a5, a3
core   0: 3 0x8000c3ae (0x8fb5) x15 0x00000006
core   0: 0x8000c3b0 (0x00000001) c.nop
core   0: 3 0x8000c3b0 (0x0001)
core   0: 0x8000c3b2 (0x00851a33) sll     s4, a0, s0
core   0: 3 0x8000c3b2 (0x00851a33) x20 0xfff91920
core   0: 0x8000c3b6 (0x01a7f6b3) and     a3, a5, s10
core   0: 3 0x8000c3b6 (0x01a7f6b3) x13 0x00000000
core   0: 0x8000c3ba (0x00008c99) c.sub   s1, a4
core   0: 3 0x8000c3ba (0x8c99) x 9 0xffffed48
core   0: 0x8000c3bc (0x00001798) c.addi4spn a4, sp, 992
core   0: 3 0x8000c3bc (0x1798) x14 0x00000454
core   0: 0x8000c3be (0x0265de33) divu    t3, a1, t1
core   0: 3 0x8000c3be (0x0265de33) x28 0x00000007
core   0: 0x8000c3c2 (0x01c19f13) slli    t5, gp, 28
core   0: 3 0x8000c3c2 (0x01c19f13) x30 0x10000000
core   0: 0x8000c3c6 (0x00d667b3) or      a5, a2, a3
core   0: 3 0x8000c3c6 (0x00d667b3) x15 0x80028cf5
core   0: 0x8000c3ca (0x04336063) bltu    t1, gp, pc + 64
core   0: 3 0x8000c3ca (0x04336063)
core   0: 0x8000c3ce (0x0ff0000f) fence   iorw,iorw
core   0: 3 0x8000c3ce (0x0ff0000f)
core   0: 0x8000c3d2 (0x00000001) c.nop
core   0: 3 0x8000c3d2 (0x0001)
core   0: 0x8000c3d4 (0x011f5e93) srli    t4, t5, 17
core   0: 3 0x8000c3d4 (0x011f5e93) x29 0x00000800
core   0: 0x8000c3d8 (0x0243ca33) div     s4, t2, tp
core   0: 3 0x8000c3d8 (0x0243ca33) x20 0x00000000
core   0: 0x8000c3dc (0x0201de63) bgez    gp, pc + 60
core   0: 3 0x8000c3dc (0x0201de63)
core   0: 0x8000c418 (0x01232c33) slt     s8, t1, s2
core   0: 3 0x8000c418 (0x01232c33) x24 0x00000000
core   0: 0x8000c41c (0x02036db3) rem     s11, t1, zero
core   0: 3 0x8000c41c (0x02036db3) x27 0x20bff743
core   0: 0x8000c420 (0x03915bb3) divu    s7, sp, s9
core   0: 3 0x8000c420 (0x03915bb3) x23 0x00000000
core   0: 0x8000c424 (0xcd406e93) ori     t4, zero, -812
core   0: 3 0x8000c424 (0xcd406e93) x29 0xfffffcd4
core   0: 0x8000c428 (0x019ad663) bge     s5, s9, pc + 12
core   0: 3 0x8000c428 (0x019ad663)
core   0: 0x8000c434 (0x41b60a33) sub     s4, a2, s11
core   0: 3 0x8000c434 (0x41b60a33) x20 0x5f4295b2
core   0: 0x8000c438 (0x00006a21) c.lui   s4, 0x8
core   0: 3 0x8000c438 (0x6a21) x20 0x00008000
core   0: 0x8000c43a (0x0760c963) blt     ra, s6, pc + 114
core   0: 3 0x8000c43a (0x0760c963)
core   0: 0x8000c4ac (0x0161ef33) or      t5, gp, s6
core   0: 3 0x8000c4ac (0x0161ef33) x30 0x00006061
core   0: 0x8000c4b0 (0x00000001) c.nop
core   0: 3 0x8000c4b0 (0x0001)
core   0: 0x8000c4b2 (0x0000844e) c.mv    s0, s3
core   0: 3 0x8000c4b2 (0x844e) x 8 0x00000000
core   0: 0x8000c4b4 (0x00008f3d) c.xor   a4, a5
core   0: 3 0x8000c4b4 (0x8f3d) x14 0x800288a1
core   0: 0x8000c4b6 (0x00dcca63) blt     s9, a3, pc + 20
core   0: 3 0x8000c4b6 (0x00dcca63)
core   0: 0x8000c4ca (0x0125cfb3) xor     t6, a1, s2
core   0: 3 0x8000c4ca (0x0125cfb3) x31 0xffffe2b9
core   0: 0x8000c4ce (0x02367e33) remu    t3, a2, gp
core   0: 3 0x8000c4ce (0x02367e33) x28 0x00000000
core   0: 0x8000c4d2 (0x01527e63) bgeu    tp, s5, pc + 28
core   0: 3 0x8000c4d2 (0x01527e63)
core   0: 0x8000c4d6 (0x00079393) slli    t2, a5, 0
core   0: 3 0x8000c4d6 (0x00079393) x 7 0x80028cf5
core   0: 0x8000c4da (0x02beeeb3) rem     t4, t4, a1
core   0: 3 0x8000c4da (0x02beeeb3) x29 0xffffffbc
core   0: 0x8000c4de (0x01ee16b3) sll     a3, t3, t5
core   0: 3 0x8000c4de (0x01ee16b3) x13 0x00000000
core   0: 0x8000c4e2 (0x0000849e) c.mv    s1, t2
core   0: 3 0x8000c4e2 (0x849e) x 9 0x80028cf5
core   0: 0x8000c4e4 (0x0ff0000f) fence   iorw,iorw
core   0: 3 0x8000c4e4 (0x0ff0000f)
core   0: 0x8000c4e8 (0x41cd08b3) sub     a7, s10, t3
core   0: 3 0x8000c4e8 (0x41cd08b3) x17 0x491cd000
core   0: 0x8000c4ec (0x00000001) c.nop
core   0: 3 0x8000c4ec (0x0001)
core   0: 0x8000c4ee (0x02029363) bnez    t0, pc + 38
core   0: 3 0x8000c4ee (0x02029363)
core   0: 0x8000c514 (0x985dca37) lui     s4, 0x985dc
core   0: 3 0x8000c514 (0x985dca37) x20 0x985dc000
core   0: 0x8000c518 (0x00008d0d) c.sub   a0, a1
core   0: 3 0x8000c518 (0x8d0d) x10 0xffffc9c1
core   0: 0x8000c51a (0x04e41463) bne     s0, a4, pc + 72
core   0: 3 0x8000c51a (0x04e41463)
core   0: 0x8000c562 (0x000009ae) c.slli  s3, 11
core   0: 3 0x8000c562 (0x09ae) x19 0x00000000
core   0: 0x8000c564 (0x40ad5493) srai    s1, s10, 10
core   0: 3 0x8000c564 (0x40ad5493) x 9 0x00124734
core   0: 0x8000c568 (0x893dbb13) sltiu   s6, s11, -1901
core   0: 3 0x8000c568 (0x893dbb13) x22 0x00000001
core   0: 0x8000c56c (0x03fc5163) bge     s8, t6, pc + 34
core   0: 3 0x8000c56c (0x03fc5163)
core   0: 0x8000c58e (0x03d6fd63) bgeu    a3, t4, pc + 58
core   0: 3 0x8000c58e (0x03d6fd63)
core   0: 0x8000c592 (0x03bff613) andi    a2, t6, 59
core   0: 3 0x8000c592 (0x03bff613) x12 0x00000039
core   0: 0x8000c596 (0x00009c3a) c.add   s8, a4
core   0: 3 0x8000c596 (0x9c3a) x24 0x800288a1
core   0: 0x8000c598 (0x01756733) or      a4, a0, s7
core   0: 3 0x8000c598 (0x01756733) x14 0xffffc9c1
core   0: 0x8000c59c (0x024f6163) bltu    t5, tp, pc + 34
core   0: 3 0x8000c59c (0x024f6163)
core   0: 0x8000c5be (0x029acb33) div     s6, s5, s1
core   0: 3 0x8000c5be (0x029acb33) x22 0xfffff900
core   0: 0x8000c5c2 (0x40905513) srai    a0, zero, 9
core   0: 3 0x8000c5c2 (0x40905513) x10 0x00000000
core   0: 0x8000c5c6 (0x0000825d) c.srli  a2, 23
core   0: 3 0x8000c5c6 (0x825d) x12 0x00000000
core   0: 0x8000c5c8 (0x024fea33) rem     s4, t6, tp
core   0: 3 0x8000c5c8 (0x024fea33) x20 0xffffe2b9
core   0: 0x8000c5cc (0x0ff0000f) fence   iorw,iorw
core   0: 3 0x8000c5cc (0x0ff0000f)
core   0: 0x8000c5d0 (0x00000001) c.nop
core   0: 3 0x8000c5d0 (0x0001)
core   0: 0x8000c5d2 (0xaa7ef193) andi    gp, t4, -1369
core   0: 3 0x8000c5d2 (0xaa7ef193) x 3 0xfffffaa4
core   0: 0x8000c5d6 (0x004952b3) srl     t0, s2, tp
core   0: 3 0x8000c5d6 (0x004952b3) x 5 0x00001db1
core   0: 0x8000c5da (0x00000001) c.nop
core   0: 3 0x8000c5da (0x0001)
core   0: 0x8000c5dc (0x02b06db3) rem     s11, zero, a1
core   0: 3 0x8000c5dc (0x02b06db3) x27 0x00000000
core   0: 0x8000c5e0 (0x41bc5893) srai    a7, s8, 27
core   0: 3 0x8000c5e0 (0x41bc5893) x17 0xfffffff0
core   0: 0x8000c5e4 (0x000064dd) c.lui   s1, 0x17
core   0: 3 0x8000c5e4 (0x64dd) x 9 0x00017000
core   0: 0x8000c5e6 (0xe30d8713) addi    a4, s11, -464
core   0: 3 0x8000c5e6 (0xe30d8713) x14 0xfffffe30
core   0: 0x8000c5ea (0x0d237713) andi    a4, t1, 210
core   0: 3 0x8000c5ea (0x0d237713) x14 0x00000042
core   0: 0x8000c5ee (0x02394d63) blt     s2, gp, pc + 58
core   0: 3 0x8000c5ee (0x02394d63)
core   0: 0x8000c5f2 (0x0000ef09) c.bnez  a4, pc + 26
core   0: 3 0x8000c5f2 (0xef09)
core   0: 0x8000c60c (0x5e5def13) ori     t5, s11, 1509
core   0: 3 0x8000c60c (0x5e5def13) x30 0x000005e5
core   0: 0x8000c610 (0xa15ea593) slti    a1, t4, -1515
core   0: 3 0x8000c610 (0xa15ea593) x11 0x00000000
core   0: 0x8000c614 (0x03594a33) div     s4, s2, s5
core   0: 3 0x8000c614 (0x03594a33) x20 0x00000000
core   0: 0x8000c618 (0x030ef8b3) remu    a7, t4, a6
core   0: 3 0x8000c618 (0x030ef8b3) x17 0x000039a1
core   0: 0x8000c61c (0x02b0fd63) bgeu    ra, a1, pc + 58
core   0: 3 0x8000c61c (0x02b0fd63)
core   0: 0x8000c656 (0x02d6c5b3) div     a1, a3, a3
core   0: 3 0x8000c656 (0x02d6c5b3) x11 0xffffffff
core   0: 0x8000c65a (0x00dca8b3) slt     a7, s9, a3
core   0: 3 0x8000c65a (0x00dca8b3) x17 0x00000001
core   0: 0x8000c65e (0x00006695) c.lui   a3, 0x5
core   0: 3 0x8000c65e (0x6695) x13 0x00005000
core   0: 0x8000c660 (0x00008952) c.mv    s2, s4
core   0: 3 0x8000c660 (0x8952) x18 0x00000000
core   0: 0x8000c662 (0x02660133) mul     sp, a2, t1
core   0: 3 0x8000c662 (0x02660133) x 2 0x00000000
core   0: 0x8000c666 (0x02707c33) remu    s8, zero, t2
core   0: 3 0x8000c666 (0x02707c33) x24 0x00000000
core   0: 0x8000c66a (0x009c9493) slli    s1, s9, 9
core   0: 3 0x8000c66a (0x009c9493) x 9 0x04bcb000
core   0: 0x8000c66e (0x00008c61) c.and   s0, s0
core   0: 3 0x8000c66e (0x8c61) x 8 0x00000000
core   0: 0x8000c670 (0x0129d313) srli    t1, s3, 18
core   0: 3 0x8000c670 (0x0129d313) x 6 0x00000000
core   0: 0x8000c674 (0x3c77b813) sltiu   a6, a5, 967
core   0: 3 0x8000c674 (0x3c77b813) x16 0x00000000
core   0: 0x8000c678 (0x01a54033) xor     zero, a0, s10
core   0: 3 0x8000c678 (0x01a54033)
core   0: 0x8000c67c (0x000052fd) c.li    t0, -1
core   0: 3 0x8000c67c (0x52fd) x 5 0xffffffff
core   0: 0x8000c67e (0x015bba33) sltu    s4, s7, s5
core   0: 3 0x8000c67e (0x015bba33) x20 0x00000001
core   0: 0x8000c682 (0x027a6db3) rem     s11, s4, t2
core   0: 3 0x8000c682 (0x027a6db3) x27 0x00000001
core   0: 0x8000c686 (0x00000001) c.nop
core   0: 3 0x8000c686 (0x0001)
core   0: 0x8000c688 (0x002b5413) srli    s0, s6, 2
core   0: 3 0x8000c688 (0x002b5413) x 8 0x3ffffe40
core   0: 0x8000c68c (0x00a46bb3) or      s7, s0, a0
core   0: 3 0x8000c68c (0x00a46bb3) x23 0x3ffffe40
core   0: 0x8000c690 (0x05a19263) bne     gp, s10, pc + 68
core   0: 3 0x8000c690 (0x05a19263)
core   0: 0x8000c6d4 (0x000069f5) c.lui   s3, 0x1d
core   0: 3 0x8000c6d4 (0x69f5) x19 0x0001d000
core   0: 0x8000c6d6 (0x00009bfd) c.andi  a5, -1
core   0: 3 0x8000c6d6 (0x9bfd) x15 0x80028cf5
core   0: 0x8000c6d8 (0x000080ad) c.srli  s1, 11
core   0: 3 0x8000c6d8 (0x80ad) x 9 0x00009796
core   0: 0x8000c6da (0x00000a06) c.slli  s4, 1
core   0: 3 0x8000c6da (0x0a06) x20 0x00000002
core   0: 0x8000c6dc (0x0000100f) fence.i
core   0: 3 0x8000c6dc (0x0000100f)
core   0: 0x8000c6e0 (0x00008ee5) c.and   a3, s1
core   0: 3 0x8000c6e0 (0x8ee5) x13 0x00001000
core   0: 0x8000c6e2 (0x0083ef33) or      t5, t2, s0
core   0: 3 0x8000c6e2 (0x0083ef33) x30 0xbffffef5
core   0: 0x8000c6e6 (0x020ced33) rem     s10, s9, zero
core   0: 3 0x8000c6e6 (0x020ced33) x26 0x80025e58
core   0: 0x8000c6ea (0x41ca56b3) sra     a3, s4, t3
core   0: 3 0x8000c6ea (0x41ca56b3) x13 0x00000002
core   0: 0x8000c6ee (0x00008d71) c.and   a0, a2
core   0: 3 0x8000c6ee (0x8d71) x10 0x00000000
core   0: 0x8000c6f0 (0x00000096) c.slli  ra, 5
core   0: 3 0x8000c6f0 (0x0096) x 1 0x002069e0
core   0: 0x8000c6f2 (0x00008d55) c.or    a0, a3
core   0: 3 0x8000c6f2 (0x8d55) x10 0x00000002
core   0: 0x8000c6f4 (0x3f296713) ori     a4, s2, 1010
core   0: 3 0x8000c6f4 (0x3f296713) x14 0x000003f2
core   0: 0x8000c6f8 (0x0238f033) remu    zero, a7, gp
core   0: 3 0x8000c6f8 (0x0238f033)
core   0: 0x8000c6fc (0x8ba63013) sltiu   zero, a2, -1862
core   0: 3 0x8000c6fc (0x8ba63013)
core   0: 0x8000c700 (0x1d97b393) sltiu   t2, a5, 473
core   0: 3 0x8000c700 (0x1d97b393) x 7 0x00000000
core   0: 0x8000c704 (0x003ae033) or      zero, s5, gp
core   0: 3 0x8000c704 (0x003ae033)
core   0: 0x8000c708 (0x00000001) c.nop
core   0: 3 0x8000c708 (0x0001)
core   0: 0x8000c70a (0x8075f697) auipc   a3, 0x8075f
core   0: 3 0x8000c70a (0x8075f697) x13 0x0076b70a
core   0: 0x8000c70e (0x01ea78b3) and     a7, s4, t5
core   0: 3 0x8000c70e (0x01ea78b3) x17 0x00000000
core   0: 0x8000c712 (0x0ff0000f) fence   iorw,iorw
core   0: 3 0x8000c712 (0x0ff0000f)
core   0: 0x8000c716 (0x000080b5) c.srli  s1, 13
core   0: 3 0x8000c716 (0x80b5) x 9 0x00000004
core   0: 0x8000c718 (0x00ef7e63) bgeu    t5, a4, pc + 28
core   0: 3 0x8000c718 (0x00ef7e63)
core   0: 0x8000c734 (0x01c1c763) blt     gp, t3, pc + 14
core   0: 3 0x8000c734 (0x01c1c763)
core   0: 0x8000c742 (0x000086f5) c.srai  a3, 29
core   0: 3 0x8000c742 (0x86f5) x13 0x00000000
core   0: 0x8000c744 (0x006b9d63) bne     s7, t1, pc + 26
core   0: 3 0x8000c744 (0x006b9d63)
core   0: 0x8000c75e (0xc99da293) slti    t0, s11, -871
core   0: 3 0x8000c75e (0xc99da293) x 5 0x00000000
core   0: 0x8000c762 (0x01c3d113) srli    sp, t2, 28
core   0: 3 0x8000c762 (0x01c3d113) x 2 0x00000000
core   0: 0x8000c766 (0x0194b7b3) sltu    a5, s1, s9
core   0: 3 0x8000c766 (0x0194b7b3) x15 0x00000001
core   0: 0x8000c76a (0x00008fdd) c.or    a5, a5
core   0: 3 0x8000c76a (0x8fdd) x15 0x00000001
core   0: 0x8000c76c (0x00000572) c.slli  a0, 28
core   0: 3 0x8000c76c (0x0572) x10 0x20000000
core   0: 0x8000c76e (0x00000001) c.nop
core   0: 3 0x8000c76e (0x0001)
core   0: 0x8000c770 (0x01904563) blt     zero, s9, pc + 10
core   0: 3 0x8000c770 (0x01904563)
core   0: 0x8000c774 (0x00008bc9) c.andi  a5, 18
core   0: 3 0x8000c774 (0x8bc9) x15 0x00000000
core   0: 0x8000c776 (0x41568733) sub     a4, a3, s5
core   0: 3 0x8000c776 (0x41568733) x14 0x7ffd631c
core   0: 0x8000c77a (0xb96abf13) sltiu   t5, s5, -1130
core   0: 3 0x8000c77a (0xb96abf13) x30 0x00000001
core   0: 0x8000c77e (0x0000717d) c.addi16sp sp, -16
core   0: 3 0x8000c77e (0x717d) x 2 0xfffffff0
core   0: 0x8000c780 (0x000099fd) c.andi  a1, -1
core   0: 3 0x8000c780 (0x99fd) x11 0xffffffff
core   0: 0x8000c782 (0x01065b63) bge     a2, a6, pc + 22
core   0: 3 0x8000c782 (0x01065b63)
core   0: 0x8000c798 (0x83020f13) addi    t5, tp, -2000
core   0: 3 0x8000c798 (0x83020f13) x30 0x7ffff830
core   0: 0x8000c79c (0x21837093) andi    ra, t1, 536
core   0: 3 0x8000c79c (0x21837093) x 1 0x00000000
core   0: 0x8000c7a0 (0x00a69f93) slli    t6, a3, 10
core   0: 3 0x8000c7a0 (0x00a69f93) x31 0x00000000
core   0: 0x8000c7a4 (0x408f8333) sub     t1, t6, s0
core   0: 3 0x8000c7a4 (0x408f8333) x 6 0xc00001c0
core   0: 0x8000c7a8 (0x00008f45) c.or    a4, s1
core   0: 3 0x8000c7a8 (0x8f45) x14 0x7ffd631c
core   0: 0x8000c7aa (0x03e6d763) bge     a3, t5, pc + 46
core   0: 3 0x8000c7aa (0x03e6d763)
core   0: 0x8000c7ae (0x011ddbb3) srl     s7, s11, a7
core   0: 3 0x8000c7ae (0x011ddbb3) x23 0x00000001
core   0: 0x8000c7b2 (0x021da7b3) mulhsu  a5, s11, ra
core   0: 3 0x8000c7b2 (0x021da7b3) x15 0x00000000
core   0: 0x8000c7b6 (0x0000187d) c.addi  a6, -1
core   0: 3 0x8000c7b6 (0x187d) x16 0xffffffff
core   0: 0x8000c7b8 (0x0000c285) c.beqz  a3, pc + 32
core   0: 3 0x8000c7b8 (0xc285)
core   0: 0x8000c7d8 (0x000085c5) c.srai  a1, 17
core   0: 3 0x8000c7d8 (0x85c5) x11 0xffffffff
core   0: 0x8000c7da (0x000086d5) c.srai  a3, 21
core   0: 3 0x8000c7da (0x86d5) x13 0x00000000
core   0: 0x8000c7dc (0x59420d93) addi    s11, tp, 1428
core   0: 3 0x8000c7dc (0x59420d93) x27 0x80000594
core   0: 0x8000c7e0 (0x00759b13) slli    s6, a1, 7
core   0: 3 0x8000c7e0 (0x00759b13) x22 0xffffff80
core   0: 0x8000c7e4 (0x004081b3) add     gp, ra, tp
core   0: 3 0x8000c7e4 (0x004081b3) x 3 0x80000000
core   0: 0x8000c7e8 (0x02c66633) rem     a2, a2, a2
core   0: 3 0x8000c7e8 (0x02c66633) x12 0x00000000
core   0: 0x8000c7ec (0x0000975e) c.add   a4, s7
core   0: 3 0x8000c7ec (0x975e) x14 0x7ffd631d
core   0: 0x8000c7ee (0xd0b39a37) lui     s4, 0xd0b39
core   0: 3 0x8000c7ee (0xd0b39a37) x20 0xd0b39000
core   0: 0x8000c7f2 (0x02eb9933) mulh    s2, s7, a4
core   0: 3 0x8000c7f2 (0x02eb9933) x18 0x00000000
core   0: 0x8000c7f6 (0x00b89793) slli    a5, a7, 11
core   0: 3 0x8000c7f6 (0x00b89793) x15 0x00000000
core   0: 0x8000c7fa (0x019be733) or      a4, s7, s9
core   0: 3 0x8000c7fa (0x019be733) x14 0x80025e59
core   0: 0x8000c7fe (0x01a29b13) slli    s6, t0, 26
core   0: 3 0x8000c7fe (0x01a29b13) x22 0x00000000
core   0: 0x8000c802 (0x00008f51) c.or    a4, a2
core   0: 3 0x8000c802 (0x8f51) x14 0x80025e59
core   0: 0x8000c804 (0x00000001) c.nop
core   0: 3 0x8000c804 (0x0001)
core   0: 0x8000c806 (0x0000041a) c.slli  s0, 6
core   0: 3 0x8000c806 (0x041a) x 8 0xffff9000
core   0: 0x8000c808 (0x407a8e33) sub     t3, s5, t2
core   0: 3 0x8000c808 (0x407a8e33) x28 0x80029ce4
core   0: 0x8000c80c (0x6db12293) slti    t0, sp, 1755
core   0: 3 0x8000c80c (0x6db12293) x 5 0x00000001
core   0: 0x8000c810 (0x0000053e) c.slli  a0, 15
core   0: 3 0x8000c810 (0x053e) x10 0x00000000
core   0: 0x8000c812 (0x03eb6063) bltu    s6, t5, pc + 32
core   0: 3 0x8000c812 (0x03eb6063)
core   0: 0x8000c832 (0x02954063) blt     a0, s1, pc + 32
core   0: 3 0x8000c832 (0x02954063)
core   0: 0x8000c852 (0x00009bfd) c.andi  a5, -1
core   0: 3 0x8000c852 (0x9bfd) x15 0x00000000
core   0: 0x8000c854 (0x0000100f) fence.i
core   0: 3 0x8000c854 (0x0000100f)
core   0: 0x8000c858 (0x0000111c) c.addi4spn a5, sp, 160
core   0: 3 0x8000c858 (0x111c) x15 0x00000090
core   0: 0x8000c85a (0x00008711) c.srai  a4, 4
core   0: 3 0x8000c85a (0x8711) x14 0xf80025e5
core   0: 0x8000c85c (0x038cbe33) mulhu   t3, s9, s8
core   0: 3 0x8000c85c (0x038cbe33) x28 0x00000000
core   0: 0x8000c860 (0x8adb5297) auipc   t0, 0x8adb5
core   0: 3 0x8000c860 (0x8adb5297) x 5 0x0adc1860
core   0: 0x8000c864 (0x01b587b3) add     a5, a1, s11
core   0: 3 0x8000c864 (0x01b587b3) x15 0x80000593
core   0: 0x8000c868 (0x5ff2b797) auipc   a5, 0x5ff2b
core   0: 3 0x8000c868 (0x5ff2b797) x15 0xdff37868
core   0: 0x8000c86c (0x02a90b33) mul     s6, s2, a0
core   0: 3 0x8000c86c (0x02a90b33) x22 0x00000000
core   0: 0x8000c870 (0x00000001) c.nop
core   0: 3 0x8000c870 (0x0001)
core   0: 0x8000c872 (0x000068dd) c.lui   a7, 0x17
core   0: 3 0x8000c872 (0x68dd) x17 0x00017000
core   0: 0x8000c874 (0x542ec793) xori    a5, t4, 1346
core   0: 3 0x8000c874 (0x542ec793) x15 0xfffffafe
core   0: 0x8000c878 (0x000015fd) c.addi  a1, -1
core   0: 3 0x8000c878 (0x15fd) x11 0xfffffffe
core   0: 0x8000c87a (0x00008941) c.andi  a0, 16
core   0: 3 0x8000c87a (0x8941) x10 0x00000000
core   0: 0x8000c87c (0x0214a933) mulhsu  s2, s1, ra
core   0: 3 0x8000c87c (0x0214a933) x18 0x00000000
core   0: 0x8000c880 (0x03ee95b3) mulh    a1, t4, t5
core   0: 3 0x8000c880 (0x03ee95b3) x11 0xffffffde
core   0: 0x8000c884 (0x40048c33) sub     s8, s1, zero
core   0: 3 0x8000c884 (0x40048c33) x24 0x00000004
core   0: 0x8000c888 (0x66212b93) slti    s7, sp, 1634
core   0: 3 0x8000c888 (0x66212b93) x23 0x00000001
core   0: 0x8000c88c (0x400f50b3) sra     ra, t5, zero
core   0: 3 0x8000c88c (0x400f50b3) x 1 0x7ffff830
core   0: 0x8000c890 (0x94ee2f13) slti    t5, t3, -1714
core   0: 3 0x8000c890 (0x94ee2f13) x30 0x00000000
core   0: 0x8000c894 (0x41130833) sub     a6, t1, a7
core   0: 3 0x8000c894 (0x41130833) x16 0xbffe91c0
core   0: 0x8000c898 (0x04507363) bgeu    zero, t0, pc + 70
core   0: 3 0x8000c898 (0x04507363)
core   0: 0x8000c89c (0x0000e78d) c.bnez  a5, pc + 42
core   0: 3 0x8000c89c (0xe78d)
core   0: 0x8000c8c6 (0x01b6d0b3) srl     ra, a3, s11
core   0: 3 0x8000c8c6 (0x01b6d0b3) x 1 0x00000000
core   0: 0x8000c8ca (0x00000c10) c.addi4spn a2, sp, 528
core   0: 3 0x8000c8ca (0x0c10) x12 0x00000200
core   0: 0x8000c8cc (0x7f6ab997) auipc   s3, 0x7f6ab
core   0: 3 0x8000c8cc (0x7f6ab997) x19 0xff6b78cc
core   0: 0x8000c8d0 (0x00008945) c.andi  a0, 17
core   0: 3 0x8000c8d0 (0x8945) x10 0x00000000
core   0: 0x8000c8d2 (0x74708a13) addi    s4, ra, 1863
core   0: 3 0x8000c8d2 (0x74708a13) x20 0x00000747
core   0: 0x8000c8d6 (0x03ac0e33) mul     t3, s8, s10
core   0: 3 0x8000c8d6 (0x03ac0e33) x28 0x00097960
core   0: 0x8000c8da (0x00771c33) sll     s8, a4, t2
core   0: 3 0x8000c8da (0x00771c33) x24 0xf80025e5
core   0: 0x8000c8de (0x01161bb3) sll     s7, a2, a7
core   0: 3 0x8000c8de (0x01161bb3) x23 0x00000200
core   0: 0x8000c8e2 (0x032eaf33) mulhsu  t5, t4, s2
core   0: 3 0x8000c8e2 (0x032eaf33) x30 0x00000000
core   0: 0x8000c8e6 (0x03671133) mulh    sp, a4, s6
core   0: 3 0x8000c8e6 (0x03671133) x 2 0x00000000
core   0: 0x8000c8ea (0x56af0293) addi    t0, t5, 1386
core   0: 3 0x8000c8ea (0x56af0293) x 5 0x0000056a
core   0: 0x8000c8ee (0xa637a013) slti    zero, a5, -1437
core   0: 3 0x8000c8ee (0xa637a013)
core   0: 0x8000c8f2 (0xdfb22593) slti    a1, tp, -517
core   0: 3 0x8000c8f2 (0xdfb22593) x11 0x00000001
core   0: 0x8000c8f6 (0x00000e59) c.addi  t3, 22
core   0: 3 0x8000c8f6 (0x0e59) x28 0x00097976
core   0: 0x8000c8f8 (0x00780a33) add     s4, a6, t2
core   0: 3 0x8000c8f8 (0x00780a33) x20 0xbffe91c0
core   0: 0x8000c8fc (0x022125b3) mulhsu  a1, sp, sp
core   0: 3 0x8000c8fc (0x022125b3) x11 0x00000000
core   0: 0x8000c900 (0x40cf06b3) sub     a3, t5, a2
core   0: 3 0x8000c900 (0x40cf06b3) x13 0xfffffe00
core   0: 0x8000c904 (0x41e15b13) srai    s6, sp, 30
core   0: 3 0x8000c904 (0x41e15b13) x22 0x00000000
core   0: 0x8000c908 (0x00012b97) auipc   s7, 0x12
core   0: 3 0x8000c908 (0x00012b97) x23 0x8001e908
core   0: 0x8000c90c (0x1f2b8b93) addi    s7, s7, 498
core   0: 3 0x8000c90c (0x1f2b8b93) x23 0x8001eafa
core   0: 0x8000c910 (0xffdb8083) lb      ra, -3(s7)
core   0: 3 0x8000c910 (0xffdb8083) x 1 0xffffffac mem 0x8001eaf7
core   0: 0x8000c914 (0x00012d97) auipc   s11, 0x12
core   0: 3 0x8000c914 (0x00012d97) x27 0x8001e914
core   0: 0x8000c918 (0xeded8d93) addi    s11, s11, -290
core   0: 3 0x8000c918 (0xeded8d93) x27 0x8001e7f2
core   0: 0x8000c91c (0x018b84a3) sb      s8, 9(s7)
core   0: 3 0x8000c91c (0x018b84a3) mem 0x8001eb03 0xe5
core   0: 0x8000c920 (0x00014f17) auipc   t5, 0x14
core   0: 3 0x8000c920 (0x00014f17) x30 0x80020920
core   0: 0x8000c924 (0xef6f0f13) addi    t5, t5, -266
core   0: 3 0x8000c924 (0xef6f0f13) x30 0x80020816
core   0: 0x8000c928 (0xffbd8323) sb      s11, -26(s11)
core   0: 3 0x8000c928 (0xffbd8323) mem 0x8001e7d8 0xf2
core   0: 0x8000c92c (0x009b8123) sb      s1, 2(s7)
core   0: 3 0x8000c92c (0x009b8123) mem 0x8001eafc 0x4
core   0: 0x8000c930 (0xfccd9383) lh      t2, -52(s11)
core   0: 3 0x8000c930 (0xfccd9383) x 7 0x00007475 mem 0x8001e7be
core   0: 0x8000c934 (0xff8f2923) sw      s8, -14(t5)
core   0: 3 0x8000c934 (0xff8f2923) mem 0x80020808 0xf80025e5
core   0: 0x8000c938 (0xff1bcb03) lbu     s6, -15(s7)
core   0: 3 0x8000c938 (0xff1bcb03) x22 0x000000a0 mem 0x8001eaeb
core   0: 0x8000c93c (0xfd7f4d03) lbu     s10, -41(t5)
core   0: 3 0x8000c93c (0xfd7f4d03) x26 0x000000a6 mem 0x800207ed
core   0: 0x8000c940 (0xfc0f1083) lh      ra, -64(t5)
core   0: 3 0x8000c940 (0xfc0f1083) x 1 0xffff8c8d mem 0x800207d6
core   0: 0x8000c944 (0x02cd9923) sh      a2, 50(s11)
core   0: 3 0x8000c944 (0x02cd9923) mem 0x8001e824 0x0200
core   0: 0x8000c948 (0x03dd8523) sb      t4, 42(s11)
core   0: 3 0x8000c948 (0x03dd8523) mem 0x8001e81c 0xbc
core   0: 0x8000c94c (0x00ab9823) sh      a0, 16(s7)
core   0: 3 0x8000c94c (0x00ab9823) mem 0x8001eb0a 0x0000
core   0: 0x8000c950 (0x01df0903) lb      s2, 29(t5)
core   0: 3 0x8000c950 (0x01df0903) x18 0xffffffe8 mem 0x80020833
core   0: 0x8000c954 (0xfe7d87a3) sb      t2, -17(s11)
core   0: 3 0x8000c954 (0xfe7d87a3) mem 0x8001e7e1 0x75
core   0: 0x8000c958 (0xfeeda383) lw      t2, -18(s11)
core   0: 3 0x8000c958 (0xfeeda383) x 7 0x9899759b mem 0x8001e7e0
core   0: 0x8000c95c (0x039f0d03) lb      s10, 57(t5)
core   0: 3 0x8000c95c (0x039f0d03) x26 0x00000004 mem 0x8002084f
core   0: 0x8000c960 (0xffcbcf83) lbu     t6, -4(s7)
core   0: 3 0x8000c960 (0xffcbcf83) x31 0x000000ad mem 0x8001eaf6
core   0: 0x8000c964 (0xff0bd403) lhu     s0, -16(s7)
core   0: 3 0x8000c964 (0xff0bd403) x 8 0x0000a0a1 mem 0x8001eaea
core   0: 0x8000c968 (0x02bd8da3) sb      a1, 59(s11)
core   0: 3 0x8000c968 (0x02bd8da3) mem 0x8001e82d 0x0
core   0: 0x8000c96c (0x01c39db3) sll     s11, t2, t3
core   0: 3 0x8000c96c (0x01c39db3) x27 0x66c00000
core   0: 0x8000c970 (0xfda64593) xori    a1, a2, -38
core   0: 3 0x8000c970 (0xfda64593) x11 0xfffffdda
core   0: 0x8000c974 (0x00005efd) c.li    t4, -1
core   0: 3 0x8000c974 (0x5efd) x29 0xffffffff
core   0: 0x8000c976 (0x00006111) c.addi16sp sp, 256
core   0: 3 0x8000c976 (0x6111) x 2 0x00000100
core   0: 0x8000c978 (0x021ee033) rem     zero, t4, ra
core   0: 3 0x8000c978 (0x021ee033)
core   0: 0x8000c97c (0x00008626) c.mv    a2, s1
core   0: 3 0x8000c97c (0x8626) x12 0x00000004
core   0: 0x8000c97e (0x00008f91) c.sub   a5, a2
core   0: 3 0x8000c97e (0x8f91) x15 0xfffffafa
core   0: 0x8000c980 (0x01331893) slli    a7, t1, 19
core   0: 3 0x8000c980 (0x01331893) x17 0x0e000000
core   0: 0x8000c984 (0x409852b3) sra     t0, a6, s1
core   0: 3 0x8000c984 (0x409852b3) x 5 0xfbffe91c
core   0: 0x8000c988 (0x02a055b3) divu    a1, zero, a0
core   0: 3 0x8000c988 (0x02a055b3) x11 0xffffffff
core   0: 0x8000c98c (0x06e72313) slti    t1, a4, 110
core   0: 3 0x8000c98c (0x06e72313) x 6 0x00000001
core   0: 0x8000c990 (0x00008c3d) c.xor   s0, a5
core   0: 3 0x8000c990 (0x8c3d) x 8 0xffff5a5b
core   0: 0x8000c992 (0x01cbd393) srli    t2, s7, 28
core   0: 3 0x8000c992 (0x01cbd393) x 7 0x00000008
core   0: 0x8000c996 (0x0263ba33) mulhu   s4, t2, t1
core   0: 3 0x8000c996 (0x0263ba33) x20 0x00000000
core   0: 0x8000c99a (0x01209eb3) sll     t4, ra, s2
core   0: 3 0x8000c99a (0x01209eb3) x29 0xff8c8d00
core   0: 0x8000c99e (0x0ff0000f) fence   iorw,iorw
core   0: 3 0x8000c99e (0x0ff0000f)
core   0: 0x8000c9a2 (0x00615813) srli    a6, sp, 6
core   0: 3 0x8000c9a2 (0x00615813) x16 0x00000004
core   0: 0x8000c9a6 (0x01fe6033) or      zero, t3, t6
core   0: 3 0x8000c9a6 (0x01fe6033)
core   0: 0x8000c9aa (0x03837533) remu    a0, t1, s8
core   0: 3 0x8000c9aa (0x03837533) x10 0x00000001
core   0: 0x8000c9ae (0x00aadb63) bge     s5, a0, pc + 22
core   0: 3 0x8000c9ae (0x00aadb63)
core   0: 0x8000c9b2 (0x003b5b13) srli    s6, s6, 3
core   0: 3 0x8000c9b2 (0x003b5b13) x22 0x00000014
core   0: 0x8000c9b6 (0x0046c933) xor     s2, a3, tp
core   0: 3 0x8000c9b6 (0x0046c933) x18 0x7ffffe00
core   0: 0x8000c9ba (0x03f950b3) divu    ra, s2, t6
core   0: 3 0x8000c9ba (0x03f950b3) x 1 0x00bd690d
core   0: 0x8000c9be (0x00006685) c.lui   a3, 0x1
core   0: 3 0x8000c9be (0x6685) x13 0x00001000
core   0: 0x8000c9c0 (0x0181ad33) slt     s10, gp, s8
core   0: 3 0x8000c9c0 (0x0181ad33) x26 0x00000001
core   0: 0x8000c9c4 (0x04b24263) blt     tp, a1, pc + 68
core   0: 3 0x8000c9c4 (0x04b24263)
core   0: 0x8000ca08 (0x000081b1) c.srli  a1, 12
core   0: 3 0x8000ca08 (0x81b1) x11 0x000fffff
core   0: 0x8000ca0a (0x0000100f) fence.i
core   0: 3 0x8000ca0a (0x0000100f)
core   0: 0x8000ca0e (0x00000a5d) c.addi  s4, 23
core   0: 3 0x8000ca0e (0x0a5d) x20 0x00000017
core   0: 0x8000ca10 (0x000080b2) c.mv    ra, a2
core   0: 3 0x8000ca10 (0x80b2) x 1 0x00000004
core   0: 0x8000ca12 (0x015b8133) add     sp, s7, s5
core   0: 3 0x8000ca12 (0x015b8133) x 2 0x000487de
core   0: 0x8000ca16 (0x0000c689) c.beqz  a3, pc + 10
core   0: 3 0x8000ca16 (0xc689)
core   0: 0x8000ca18 (0x00008f49) c.or    a4, a0
core   0: 3 0x8000ca18 (0x8f49) x14 0xf80025e5
core   0: 0x8000ca1a (0x00008c65) c.and   s0, s1
core   0: 3 0x8000ca1a (0x8c65) x 8 0x00000000
core   0: 0x8000ca1c (0x010608b3) add     a7, a2, a6
core   0: 3 0x8000ca1c (0x010608b3) x17 0x00000008
core   0: 0x8000ca20 (0x0289a4b3) mulhsu  s1, s3, s0
core   0: 3 0x8000ca20 (0x0289a4b3) x 9 0x00000000
core   0: 0x8000ca24 (0x00008ef9) c.and   a3, a4
core   0: 3 0x8000ca24 (0x8ef9) x13 0x00000000
core   0: 0x8000ca26 (0x68f9e597) auipc   a1, 0x68f9e
core   0: 3 0x8000ca26 (0x68f9e597) x11 0xe8faaa26
core   0: 0x8000ca2a (0x00c05f63) bge     zero, a2, pc + 30
core   0: 3 0x8000ca2a (0x00c05f63)
core   0: 0x8000ca2e (0x019f5033) srl     zero, t5, s9
core   0: 3 0x8000ca2e (0x019f5033)
core   0: 0x8000ca32 (0x0983a893) slti    a7, t2, 152
core   0: 3 0x8000ca32 (0x0983a893) x17 0x00000001
core   0: 0x8000ca36 (0x000081e5) c.srli  a1, 25
core   0: 3 0x8000ca36 (0x81e5) x11 0x00000074
core   0: 0x8000ca38 (0x012bd7b3) srl     a5, s7, s2
core   0: 3 0x8000ca38 (0x012bd7b3) x15 0x8001eafa
core   0: 0x8000ca3c (0x721e3e13) sltiu   t3, t3, 1825
core   0: 3 0x8000ca3c (0x721e3e13) x28 0x00000000
core   0: 0x8000ca40 (0x0f4cb113) sltiu   sp, s9, 244
core   0: 3 0x8000ca40 (0x0f4cb113) x 2 0x00000000
core   0: 0x8000ca44 (0x2ddb8e13) addi    t3, s7, 733
core   0: 3 0x8000ca44 (0x2ddb8e13) x28 0x8001edd7
core   0: 0x8000ca48 (0x0000610d) c.addi16sp sp, 160
core   0: 3 0x8000ca48 (0x610d) x 2 0x000000a0
core   0: 0x8000ca4a (0x00000001) c.nop
core   0: 3 0x8000ca4a (0x0001)
core   0: 0x8000ca4c (0x00000001) c.nop
core   0: 3 0x8000ca4c (0x0001)
core   0: 0x8000ca4e (0x015ad993) srli    s3, s5, 21
core   0: 3 0x8000ca4e (0x015ad993) x19 0x00000400
core   0: 0x8000ca52 (0x01a20533) add     a0, tp, s10
core   0: 3 0x8000ca52 (0x01a20533) x10 0x80000001
core   0: 0x8000ca56 (0x031a9433) mulh    s0, s5, a7
core   0: 3 0x8000ca56 (0x031a9433) x 8 0xffffffff
core   0: 0x8000ca5a (0x01d30bb3) add     s7, t1, t4
core   0: 3 0x8000ca5a (0x01d30bb3) x23 0xff8c8d01
core   0: 0x8000ca5e (0x00745513) srli    a0, s0, 7
core   0: 3 0x8000ca5e (0x00745513) x10 0x01ffffff
core   0: 0x8000ca62 (0x00008d41) c.or    a0, s0
core   0: 3 0x8000ca62 (0x8d41) x10 0xffffffff
core   0: 0x8000ca64 (0x00bffeb3) and     t4, t6, a1
core   0: 3 0x8000ca64 (0x00bffeb3) x29 0x00000024
core   0: 0x8000ca68 (0x000484b3) add     s1, s1, zero
core   0: 3 0x8000ca68 (0x000484b3) x 9 0x00000000
core   0: 0x8000ca6c (0x03538b63) beq     t2, s5, pc + 54
core   0: 3 0x8000ca6c (0x03538b63)
core   0: 0x8000ca70 (0xb595f893) andi    a7, a1, -1191
core   0: 3 0x8000ca70 (0xb595f893) x17 0x00000050
core   0: 0x8000ca74 (0x00004ff9) c.li    t6, 30
core   0: 3 0x8000ca74 (0x4ff9) x31 0x0000001e
core   0: 0x8000ca76 (0x039aca63) blt     s5, s9, pc + 52
core   0: 3 0x8000ca76 (0x039aca63)
core   0: 0x8000ca7a (0x00005b7d) c.li    s6, -1
core   0: 3 0x8000ca7a (0x5b7d) x22 0xffffffff
core   0: 0x8000ca7c (0x411c5933) sra     s2, s8, a7
core   0: 3 0x8000ca7c (0x411c5933) x18 0xfffff800
core   0: 0x8000ca80 (0x02df9663) bne     t6, a3, pc + 44
core   0: 3 0x8000ca80 (0x02df9663)
core   0: 0x8000caac (0x00886433) or      s0, a6, s0
core   0: 3 0x8000caac (0x00886433) x 8 0xffffffff
core   0: 0x8000cab0 (0x00008e29) c.xor   a2, a0
core   0: 3 0x8000cab0 (0x8e29) x12 0xfffffffb
core   0: 0x8000cab2 (0x0172ceb3) xor     t4, t0, s7
core   0: 3 0x8000cab2 (0x0172ceb3) x29 0x0473641d
core   0: 0x8000cab6 (0x00000001) c.nop
core   0: 3 0x8000cab6 (0x0001)
core   0: 0x8000cab8 (0x40dbfa13) andi    s4, s7, 1037
core   0: 3 0x8000cab8 (0x40dbfa13) x20 0x00000401
core   0: 0x8000cabc (0xb5edbe93) sltiu   t4, s11, -1186
core   0: 3 0x8000cabc (0xb5edbe93) x29 0x00000001
core   0: 0x8000cac0 (0x03fe6133) rem     sp, t3, t6
core   0: 3 0x8000cac0 (0x03fe6133) x 2 0xfffffffb
core   0: 0x8000cac4 (0x00008df6) c.mv    s11, t4
core   0: 3 0x8000cac4 (0x8df6) x27 0x00000001
core   0: 0x8000cac6 (0x01741093) slli    ra, s0, 23
core   0: 3 0x8000cac6 (0x01741093) x 1 0xff800000
core   0: 0x8000caca (0x01a52333) slt     t1, a0, s10
core   0: 3 0x8000caca (0x01a52333) x 6 0x00000001
core   0: 0x8000cace (0x0000717d) c.addi16sp sp, -16
core   0: 3 0x8000cace (0x717d) x 2 0xffffffeb
core   0: 0x8000cad0 (0x01b93fb3) sltu    t6, s2, s11
core   0: 3 0x8000cad0 (0x01b93fb3) x31 0x00000000
core   0: 0x8000cad4 (0x410589b3) sub     s3, a1, a6
core   0: 3 0x8000cad4 (0x410589b3) x19 0x00000070
core   0: 0x8000cad8 (0x000094a2) c.add   s1, s0
core   0: 3 0x8000cad8 (0x94a2) x 9 0xffffffff
core   0: 0x8000cada (0x000042bd) c.li    t0, 15
core   0: 3 0x8000cada (0x42bd) x 5 0x0000000f
core   0: 0x8000cadc (0x0209a3b3) mulhsu  t2, s3, zero
core   0: 3 0x8000cadc (0x0209a3b3) x 7 0x00000000
core   0: 0x8000cae0 (0x0ff0000f) fence   iorw,iorw
core   0: 3 0x8000cae0 (0x0ff0000f)
core   0: 0x8000cae4 (0x1447f813) andi    a6, a5, 324
core   0: 3 0x8000cae4 (0x1447f813) x16 0x00000040
core   0: 0x8000cae8 (0x00e2fb63) bgeu    t0, a4, pc + 22
core   0: 3 0x8000cae8 (0x00e2fb63)
core   0: 0x8000caec (0x00000d0a) c.slli  s10, 2
core   0: 3 0x8000caec (0x0d0a) x26 0x00000004
core   0: 0x8000caee (0x00008c55) c.or    s0, a3
core   0: 3 0x8000caee (0x8c55) x 8 0xffffffff
core   0: 0x8000caf0 (0x00000001) c.nop
core   0: 3 0x8000caf0 (0x0001)
core   0: 0x8000caf2 (0x0000100f) fence.i
core   0: 3 0x8000caf2 (0x0000100f)
core   0: 0x8000caf6 (0x00008e85) c.sub   a3, s1
core   0: 3 0x8000caf6 (0x8e85) x13 0x00000001
core   0: 0x8000caf8 (0xa5922a13) slti    s4, tp, -1447
core   0: 3 0x8000caf8 (0xa5922a13) x20 0x00000001
core   0: 0x8000cafc (0x000050fd) c.li    ra, -1
core   0: 3 0x8000cafc (0x50fd) x 1 0xffffffff
core   0: 0x8000cafe (0x00001880) c.addi4spn s0, sp, 112
core   0: 3 0x8000cafe (0x1880) x 8 0x0000005b
core   0: 0x8000cb00 (0x79114d13) xori    s10, sp, 1937
core   0: 3 0x8000cb00 (0x79114d13) x26 0xfffff87a
core   0: 0x8000cb04 (0x0000e811) c.bnez  s0, pc + 20
core   0: 3 0x8000cb04 (0xe811)
core   0: 0x8000cb18 (0x41bfd493) srai    s1, t6, 27
core   0: 3 0x8000cb18 (0x41bfd493) x 9 0x00000000
core   0: 0x8000cb1c (0x02e17463) bgeu    sp, a4, pc + 40
core   0: 3 0x8000cb1c (0x02e17463)
core   0: 0x8000cb44 (0x01f000b3) add     ra, zero, t6
core   0: 3 0x8000cb44 (0x01f000b3) x 1 0x00000000
core   0: 0x8000cb48 (0x01a6ab33) slt     s6, a3, s10
core   0: 3 0x8000cb48 (0x01a6ab33) x22 0x00000000
core   0: 0x8000cb4c (0x00008dd9) c.or    a1, a4
core   0: 3 0x8000cb4c (0x8dd9) x11 0xf80025f5
core   0: 0x8000cb4e (0x00008ed1) c.or    a3, a2
core   0: 3 0x8000cb4e (0x8ed1) x13 0xfffffffb
core   0: 0x8000cb50 (0x00008f25) c.xor   a4, s1
core   0: 3 0x8000cb50 (0x8f25) x14 0xf80025e5
core   0: 0x8000cb52 (0xbbb78d13) addi    s10, a5, -1093
core   0: 3 0x8000cb52 (0xbbb78d13) x26 0x8001e6b5
core   0: 0x8000cb56 (0xe340b313) sltiu   t1, ra, -460
core   0: 3 0x8000cb56 (0xe340b313) x 6 0x00000001
core   0: 0x8000cb5a (0x01b2d293) srli    t0, t0, 27
core   0: 3 0x8000cb5a (0x01b2d293) x 5 0x00000000
core   0: 0x8000cb5e (0x017990b3) sll     ra, s3, s7
core   0: 3 0x8000cb5e (0x017990b3) x 1 0x000000e0
core   0: 0x8000cb62 (0x03808b33) mul     s6, ra, s8
core   0: 3 0x8000cb62 (0x03808b33) x22 0x00212860
core   0: 0x8000cb66 (0xaf078f93) addi    t6, a5, -1296
core   0: 3 0x8000cb66 (0xaf078f93) x31 0x8001e5ea
core   0: 0x8000cb6a (0x00000001) c.nop
core   0: 3 0x8000cb6a (0x0001)
core   0: 0x8000cb6c (0x00008fbd) c.xor   a5, a5
core   0: 3 0x8000cb6c (0x8fbd) x15 0x00000000
core   0: 0x8000cb6e (0x0077e4b3) or      s1, a5, t2
core   0: 3 0x8000cb6e (0x0077e4b3) x 9 0x00000000
core   0: 0x8000cb72 (0x01dcd713) srli    a4, s9, 29
core   0: 3 0x8000cb72 (0x01dcd713) x14 0x00000004
core   0: 0x8000cb76 (0x03ddef33) rem     t5, s11, t4
core   0: 3 0x8000cb76 (0x03ddef33) x30 0x00000000
core   0: 0x8000cb7a (0x0323cf63) blt     t2, s2, pc + 62
core   0: 3 0x8000cb7a (0x0323cf63)
core   0: 0x8000cb7e (0x027bedb3) rem     s11, s7, t2
core   0: 3 0x8000cb7e (0x027bedb3) x27 0xff8c8d01
core   0: 0x8000cb82 (0x007866b3) or      a3, a6, t2
core   0: 3 0x8000cb82 (0x007866b3) x13 0x00000040
core   0: 0x8000cb86 (0x0000eb9d) c.bnez  a5, pc + 54
core   0: 3 0x8000cb86 (0xeb9d)
core   0: 0x8000cb88 (0x01a17633) and     a2, sp, s10
core   0: 3 0x8000cb88 (0x01a17633) x12 0x8001e6a1
core   0: 0x8000cb8c (0x418fd2b3) sra     t0, t6, s8
core   0: 3 0x8000cb8c (0x418fd2b3) x 5 0xfc000f2f
core   0: 0x8000cb90 (0xaf3aa393) slti    t2, s5, -1293
core   0: 3 0x8000cb90 (0xaf3aa393) x 7 0x00000001
core   0: 0x8000cb94 (0x0038f533) and     a0, a7, gp
core   0: 3 0x8000cb94 (0x0038f533) x10 0x00000000
core   0: 0x8000cb98 (0x00341863) bne     s0, gp, pc + 16
core   0: 3 0x8000cb98 (0x00341863)
core   0: 0x8000cba8 (0x03e621b3) mulhsu  gp, a2, t5
core   0: 3 0x8000cba8 (0x03e621b3) x 3 0x00000000
core   0: 0x8000cbac (0x015df6b3) and     a3, s11, s5
core   0: 3 0x8000cbac (0x015df6b3) x13 0x80008c00
core   0: 0x8000cbb0 (0x00008c4d) c.or    s0, a1
core   0: 3 0x8000cbb0 (0x8c4d) x 8 0xf80025ff
core   0: 0x8000cbb2 (0x01f4f7b3) and     a5, s1, t6
core   0: 3 0x8000cbb2 (0x01f4f7b3) x15 0x00000000
core   0: 0x8000cbb6 (0x0000cf19) c.beqz  a4, pc + 30
core   0: 3 0x8000cbb6 (0xcf19)
core   0: 0x8000cbb8 (0x2629ce13) xori    t3, s3, 610
core   0: 3 0x8000cbb8 (0x2629ce13) x28 0x00000212
core   0: 0x8000cbbc (0x03d5c9b3) div     s3, a1, t4
core   0: 3 0x8000cbbc (0x03d5c9b3) x19 0xf80025f5
core   0: 0x8000cbc0 (0x01228663) beq     t0, s2, pc + 12
core   0: 3 0x8000cbc0 (0x01228663)
core   0: 0x8000cbc4 (0x00006169) c.addi16sp sp, 208
core   0: 3 0x8000cbc4 (0x6169) x 2 0x000000bb
core   0: 0x8000cbc6 (0x00000001) c.nop
core   0: 3 0x8000cbc6 (0x0001)
core   0: 0x8000cbc8 (0x3af82413) slti    s0, a6, 943
core   0: 3 0x8000cbc8 (0x3af82413) x 8 0x00000001
core   0: 0x8000cbcc (0x02e51bb3) mulh    s7, a0, a4
core   0: 3 0x8000cbcc (0x02e51bb3) x23 0x00000000
core   0: 0x8000cbd0 (0x40570a33) sub     s4, a4, t0
core   0: 3 0x8000cbd0 (0x40570a33) x20 0x03fff0d5
core   0: 0x8000cbd4 (0x039e9533) mulh    a0, t4, s9
core   0: 3 0x8000cbd4 (0x039e9533) x10 0xffffffff
core   0: 0x8000cbd8 (0x01c67b33) and     s6, a2, t3
core   0: 3 0x8000cbd8 (0x01c67b33) x22 0x00000200
core   0: 0x8000cbdc (0x01a55c13) srli    s8, a0, 26
core   0: 3 0x8000cbdc (0x01a55c13) x24 0x0000003f
core   0: 0x8000cbe0 (0x000080ea) c.mv    ra, s10
core   0: 3 0x8000cbe0 (0x80ea) x 1 0x8001e6b5
core   0: 0x8000cbe2 (0x0b257963) bgeu    a0, s2, pc + 178
core   0: 3 0x8000cbe2 (0x0b257963)
core   0: 0x8000cc94 (0x010e9c33) sll     s8, t4, a6
core   0: 3 0x8000cc94 (0x010e9c33) x24 0x00000001
core   0: 0x8000cc98 (0x0000137d) c.addi  t1, -1
core   0: 3 0x8000cc98 (0x137d) x 6 0x00000000
core   0: 0x8000cc9a (0x00550b33) add     s6, a0, t0
core   0: 3 0x8000cc9a (0x00550b33) x22 0xfc000f2e
core   0: 0x8000cc9e (0x40dc5813) srai    a6, s8, 13
core   0: 3 0x8000cc9e (0x40dc5813) x16 0x00000000
core   0: 0x8000cca2 (0x000098a6) c.add   a7, s1
core   0: 3 0x8000cca2 (0x98a6) x17 0x00000050
core   0: 0x8000cca4 (0x41708033) sub     zero, ra, s7
core   0: 3 0x8000cca4 (0x41708033)
core   0: 0x8000cca8 (0x03e6a133) mulhsu  sp, a3, t5
core   0: 3 0x8000cca8 (0x03e6a133) x 2 0x00000000
core   0: 0x8000ccac (0x0228efb3) rem     t6, a7, sp
core   0: 3 0x8000ccac (0x0228efb3) x31 0x00000050
core   0: 0x8000ccb0 (0x00008f6d) c.and   a4, a1
core   0: 3 0x8000ccb0 (0x8f6d) x14 0x00000004
core   0: 0x8000ccb2 (0x02d8c2b3) div     t0, a7, a3
core   0: 3 0x8000ccb2 (0x02d8c2b3) x 5 0x00000000
core   0: 0x8000ccb6 (0x01387463) bgeu    a6, s3, pc + 8
core   0: 3 0x8000ccb6 (0x01387463)
core   0: 0x8000ccba (0x000099d2) c.add   s3, s4
core   0: 3 0x8000ccba (0x99d2) x19 0xfc0016ca
core   0: 0x8000ccbc (0x0000997d) c.andi  a0, -1
core   0: 3 0x8000ccbc (0x997d) x10 0xffffffff
core   0: 0x8000ccbe (0x033078b3) remu    a7, zero, s3
core   0: 3 0x8000ccbe (0x033078b3) x17 0x00000000
core   0: 0x8000ccc2 (0x02384033) div     zero, a6, gp
core   0: 3 0x8000ccc2 (0x02384033)
core   0: 0x8000ccc6 (0x000089b6) c.mv    s3, a3
core   0: 3 0x8000ccc6 (0x89b6) x19 0x80008c00
core   0: 0x8000ccc8 (0x00006131) c.addi16sp sp, 320
core   0: 3 0x8000ccc8 (0x6131) x 2 0x00000140
core   0: 0x8000ccca (0x019e93b3) sll     t2, t4, s9
core   0: 3 0x8000ccca (0x019e93b3) x 7 0x01000000
core   0: 0x8000ccce (0xc40a4e97) auipc   t4, 0xc40a4
core   0: 3 0x8000ccce (0xc40a4e97) x29 0x440b0cce
core   0: 0x8000ccd2 (0x03e6fb63) bgeu    a3, t5, pc + 54
core   0: 3 0x8000ccd2 (0x03e6fb63)
core   0: 0x8000cd08 (0x00e6d3b3) srl     t2, a3, a4
core   0: 3 0x8000cd08 (0x00e6d3b3) x 7 0x080008c0
core   0: 0x8000cd0c (0x03c61363) bne     a2, t3, pc + 38
core   0: 3 0x8000cd0c (0x03c61363)
core   0: 0x8000cd32 (0x00bc45b3) xor     a1, s8, a1
core   0: 3 0x8000cd32 (0x00bc45b3) x11 0xf80025f4
core   0: 0x8000cd36 (0x00005a7d) c.li    s4, -1
core   0: 3 0x8000cd36 (0x5a7d) x20 0xffffffff
core   0: 0x8000cd38 (0x03d7fe63) bgeu    a5, t4, pc + 60
core   0: 3 0x8000cd38 (0x03d7fe63)
core   0: 0x8000cd3c (0x0ff0000f) fence   iorw,iorw
core   0: 3 0x8000cd3c (0x0ff0000f)
core   0: 0x8000cd40 (0x0000cc01) c.beqz  s0, pc + 24
core   0: 3 0x8000cd40 (0xcc01)
core   0: 0x8000cd42 (0xb8004c13) xori    s8, zero, -1152
core   0: 3 0x8000cd42 (0xb8004c13) x24 0xfffffb80
core   0: 0x8000cd46 (0xdb2b07b7) lui     a5, 0xdb2b0
core   0: 3 0x8000cd46 (0xdb2b07b7) x15 0xdb2b0000
core   0: 0x8000cd4a (0x00c55e33) srl     t3, a0, a2
core   0: 3 0x8000cd4a (0x00c55e33) x28 0x7fffffff
core   0: 0x8000cd4e (0x51948193) addi    gp, s1, 1305
core   0: 3 0x8000cd4e (0x51948193) x 3 0x00000519
core   0: 0x8000cd52 (0x000083d9) c.srli  a5, 22
core   0: 3 0x8000cd52 (0x83d9) x15 0x0000036c
core   0: 0x8000cd54 (0x00008f09) c.sub   a4, a0
core   0: 3 0x8000cd54 (0x8f09) x14 0x00000005
core   0: 0x8000cd56 (0x00000a1d) c.addi  s4, 7
core   0: 3 0x8000cd56 (0x0a1d) x20 0x00000006
core   0: 0x8000cd58 (0x035545b3) div     a1, a0, s5
core   0: 3 0x8000cd58 (0x035545b3) x11 0x00000000
core   0: 0x8000cd5c (0x0000717d) c.addi16sp sp, -16
core   0: 3 0x8000cd5c (0x717d) x 2 0x00000130
core   0: 0x8000cd5e (0x000081dd) c.srli  a1, 23
core   0: 3 0x8000cd5e (0x81dd) x11 0x00000000
core   0: 0x8000cd60 (0x00135eb3) srl     t4, t1, ra
core   0: 3 0x8000cd60 (0x00135eb3) x29 0x00000000
core   0: 0x8000cd64 (0x0000100f) fence.i
core   0: 3 0x8000cd64 (0x0000100f)
core   0: 0x8000cd68 (0x02f0f833) remu    a6, ra, a5
core   0: 3 0x8000cd68 (0x02f0f833) x16 0x00000201
core   0: 0x8000cd6c (0x00001c7d) c.addi  s8, -1
core   0: 3 0x8000cd6c (0x1c7d) x24 0xfffffb7f
core   0: 0x8000cd6e (0x02c310b3) mulh    ra, t1, a2
core   0: 3 0x8000cd6e (0x02c310b3) x 1 0x00000000
core   0: 0x8000cd72 (0x000099fd) c.andi  a1, -1
core   0: 3 0x8000cd72 (0x99fd) x11 0x00000000
core   0: 0x8000cd74 (0x021fe163) bltu    t6, ra, pc + 34
core   0: 3 0x8000cd74 (0x021fe163)
core   0: 0x8000cd78 (0x00006179) c.addi16sp sp, 464
core   0: 3 0x8000cd78 (0x6179) x 2 0x00000300
core   0: 0x8000cd7a (0xb3304b13) xori    s6, zero, -1229
core   0: 3 0x8000cd7a (0xb3304b13) x22 0xfffffb33
core   0: 0x8000cd7e (0x01d7ebb3) or      s7, a5, t4
core   0: 3 0x8000cd7e (0x01d7ebb3) x23 0x0000036c
core   0: 0x8000cd82 (0x013e43b3) xor     t2, t3, s3
core   0: 3 0x8000cd82 (0x013e43b3) x 7 0xffff73ff
core   0: 0x8000cd86 (0x00d26bb3) or      s7, tp, a3
core   0: 3 0x8000cd86 (0x00d26bb3) x23 0x80008c00
core   0: 0x8000cd8a (0x00000001) c.nop
core   0: 3 0x8000cd8a (0x0001)
core   0: 0x8000cd8c (0x030954b3) divu    s1, s2, a6
core   0: 3 0x8000cd8c (0x030954b3) x 9 0x007fc01b
core   0: 0x8000cd90 (0x00536e33) or      t3, t1, t0
core   0: 3 0x8000cd90 (0x00536e33) x28 0x00000000
core   0: 0x8000cd94 (0x00000001) c.nop
core   0: 3 0x8000cd94 (0x0001)
core   0: 0x8000cd96 (0x1bb2ae93) slti    t4, t0, 443
core   0: 3 0x8000cd96 (0x1bb2ae93) x29 0x00000001
core   0: 0x8000cd9a (0x00008fed) c.and   a5, a1
core   0: 3 0x8000cd9a (0x8fed) x15 0x00000000
core   0: 0x8000cd9c (0x02395a33) divu    s4, s2, gp
core   0: 3 0x8000cd9c (0x02395a33) x20 0x00323819
core   0: 0x8000cda0 (0x03d53633) mulhu   a2, a0, t4
core   0: 3 0x8000cda0 (0x03d53633) x12 0x00000000
core   0: 0x8000cda4 (0x00004f39) c.li    t5, 14
core   0: 3 0x8000cda4 (0x4f39) x30 0x0000000e
core   0: 0x8000cda6 (0x02fad4b3) divu    s1, s5, a5
core   0: 3 0x8000cda6 (0x02fad4b3) x 9 0xffffffff
core   0: 0x8000cdaa (0x031f3eb3) mulhu   t4, t5, a7
core   0: 3 0x8000cdaa (0x031f3eb3) x29 0x00000000
core   0: 0x8000cdae (0x00d68863) beq     a3, a3, pc + 16
core   0: 3 0x8000cdae (0x00d68863)
core   0: 0x8000cdbe (0x01b76763) bltu    a4, s11, pc + 14
core   0: 3 0x8000cdbe (0x01b76763)
core   0: 0x8000cdcc (0x02821f63) bne     tp, s0, pc + 62
core   0: 3 0x8000cdcc (0x02821f63)
core   0: 0x8000ce0a (0x40600933) sub     s2, zero, t1
core   0: 3 0x8000ce0a (0x40600933) x18 0x00000000
core   0: 0x8000ce0e (0x01a86933) or      s2, a6, s10
core   0: 3 0x8000ce0e (0x01a86933) x18 0x8001e6b5
core   0: 0x8000ce12 (0x00009b1e) c.add   s6, t2
core   0: 3 0x8000ce12 (0x9b1e) x22 0xffff6f32
core   0: 0x8000ce14 (0x0000717d) c.addi16sp sp, -16
core   0: 3 0x8000ce14 (0x717d) x 2 0x000002f0
core   0: 0x8000ce16 (0x2debcb13) xori    s6, s7, 734
core   0: 3 0x8000ce16 (0x2debcb13) x22 0x80008ede
core   0: 0x8000ce1a (0x000083a1) c.srli  a5, 8
core   0: 3 0x8000ce1a (0x83a1) x15 0x00000000
core   0: 0x8000ce1c (0x004f5193) srli    gp, t5, 4
core   0: 3 0x8000ce1c (0x004f5193) x 3 0x00000000
core   0: 0x8000ce20 (0x414a0433) sub     s0, s4, s4
core   0: 3 0x8000ce20 (0x414a0433) x 8 0x00000000
core   0: 0x8000ce24 (0x03595463) bge     s2, s5, pc + 40
core   0: 3 0x8000ce24 (0x03595463)
core   0: 0x8000ce28 (0x0000830a) c.mv    t1, sp
core   0: 3 0x8000ce28 (0x830a) x 6 0x000002f0
core   0: 0x8000ce2a (0x00008c19) c.sub   s0, a4
core   0: 3 0x8000ce2a (0x8c19) x 8 0xfffffffb
core   0: 0x8000ce2c (0x0002e433) or      s0, t0, zero
core   0: 3 0x8000ce2c (0x0002e433) x 8 0x00000000
core   0: 0x8000ce30 (0x0277cdb3) div     s11, a5, t2
core   0: 3 0x8000ce30 (0x0277cdb3) x27 0x00000000
core   0: 0x8000ce34 (0x00006a09) c.lui   s4, 0x2
core   0: 3 0x8000ce34 (0x6a09) x20 0x00002000
core   0: 0x8000ce36 (0x01c312b3) sll     t0, t1, t3
core   0: 3 0x8000ce36 (0x01c312b3) x 5 0x000002f0
core   0: 0x8000ce3a (0x01855993) srli    s3, a0, 24
core   0: 3 0x8000ce3a (0x01855993) x19 0x000000ff
core   0: 0x8000ce3e (0x00250563) beq     a0, sp, pc + 10
core   0: 3 0x8000ce3e (0x00250563)
core   0: 0x8000ce42 (0x00000001) c.nop
core   0: 3 0x8000ce42 (0x0001)
core   0: 0x8000ce44 (0x01159093) slli    ra, a1, 17
core   0: 3 0x8000ce44 (0x01159093) x 1 0x00000000
core   0: 0x8000ce48 (0x00f8cbb3) xor     s7, a7, a5
core   0: 3 0x8000ce48 (0x00f8cbb3) x23 0x00000000
core   0: 0x8000ce4c (0x00008545) c.srai  a0, 17
core   0: 3 0x8000ce4c (0x8545) x10 0xffffffff
core   0: 0x8000ce4e (0x0000082e) c.slli  a6, 11
core   0: 3 0x8000ce4e (0x082e) x16 0x00100800
core   0: 0x8000ce50 (0x40d8ddb3) sra     s11, a7, a3
core   0: 3 0x8000ce50 (0x40d8ddb3) x27 0x00000000
core   0: 0x8000ce54 (0x0325b933) mulhu   s2, a1, s2
core   0: 3 0x8000ce54 (0x0325b933) x18 0x00000000
core   0: 0x8000ce58 (0x000087e1) c.srai  a5, 24
core   0: 3 0x8000ce58 (0x87e1) x15 0x00000000
core   0: 0x8000ce5a (0x02f71633) mulh    a2, a4, a5
core   0: 3 0x8000ce5a (0x02f71633) x12 0x00000000
core   0: 0x8000ce5e (0x02bed8b3) divu    a7, t4, a1
core   0: 3 0x8000ce5e (0x02bed8b3) x17 0xffffffff
core   0: 0x8000ce62 (0x00791313) slli    t1, s2, 7
core   0: 3 0x8000ce62 (0x00791313) x 6 0x00000000
core   0: 0x8000ce66 (0x011349b3) xor     s3, t1, a7
core   0: 3 0x8000ce66 (0x011349b3) x19 0xffffffff
core   0: 0x8000ce6a (0xe1424b13) xori    s6, tp, -492
core   0: 3 0x8000ce6a (0xe1424b13) x22 0x7ffffe14
core   0: 0x8000ce6e (0xa8470b13) addi    s6, a4, -1404
core   0: 3 0x8000ce6e (0xa8470b13) x22 0xfffffa89
core   0: 0x8000ce72 (0x008f1593) slli    a1, t5, 8
core   0: 3 0x8000ce72 (0x008f1593) x11 0x00000e00
core   0: 0x8000ce76 (0x00008f99) c.sub   a5, a4
core   0: 3 0x8000ce76 (0x8f99) x15 0xfffffffb
core   0: 0x8000ce78 (0x0000e895) c.bnez  s1, pc + 52
core   0: 3 0x8000ce78 (0xe895)
core   0: 0x8000ceac (0x00272f33) slt     t5, a4, sp
core   0: 3 0x8000ceac (0x00272f33) x30 0x00000001
core   0: 0x8000ceb0 (0x017ee8b3) or      a7, t4, s7
core   0: 3 0x8000ceb0 (0x017ee8b3) x17 0x00000000
core   0: 0x8000ceb4 (0x00008be2) c.mv    s7, s8
core   0: 3 0x8000ceb4 (0x8be2) x23 0xfffffb7f
core   0: 0x8000ceb6 (0x0000071a) c.slli  a4, 6
core   0: 3 0x8000ceb6 (0x071a) x14 0x00000140
core   0: 0x8000ceb8 (0x02b187b3) mul     a5, gp, a1
core   0: 3 0x8000ceb8 (0x02b187b3) x15 0x00000000
core   0: 0x8000cebc (0x0000850d) c.srai  a0, 3
core   0: 3 0x8000cebc (0x850d) x10 0xffffffff
core   0: 0x8000cebe (0x00537133) and     sp, t1, t0
core   0: 3 0x8000cebe (0x00537133) x 2 0x00000000
core   0: 0x8000cec2 (0x012b40b3) xor     ra, s6, s2
core   0: 3 0x8000cec2 (0x012b40b3) x 1 0xfffffa89
core   0: 0x8000cec6 (0x34fa7f37) lui     t5, 0x34fa7
core   0: 3 0x8000cec6 (0x34fa7f37) x30 0x34fa7000
core   0: 0x8000ceca (0xe0597717) auipc   a4, 0xe0597
core   0: 3 0x8000ceca (0xe0597717) x14 0x605a3eca
core   0: 0x8000cece (0x0000100f) fence.i
core   0: 3 0x8000cece (0x0000100f)
core   0: 0x8000ced2 (0x00008319) c.srli  a4, 6
core   0: 3 0x8000ced2 (0x8319) x14 0x018168fb
core   0: 0x8000ced4 (0x0702c963) blt     t0, a6, pc + 114
core   0: 3 0x8000ced4 (0x0702c963)
core   0: 0x8000cf46 (0xec71fa17) auipc   s4, 0xec71f
core   0: 3 0x8000cf46 (0xec71fa17) x20 0x6c72bf46
core   0: 0x8000cf4a (0x00000001) c.nop
core   0: 3 0x8000cf4a (0x0001)
core   0: 0x8000cf4c (0xacbc6513) ori     a0, s8, -1333
core   0: 3 0x8000cf4c (0xacbc6513) x10 0xfffffbff
core   0: 0x8000cf50 (0x03826533) rem     a0, tp, s8
core   0: 3 0x8000cf50 (0x03826533) x10 0xfffffe76
core   0: 0x8000cf54 (0x01cefe63) bgeu    t4, t3, pc + 28
core   0: 3 0x8000cf54 (0x01cefe63)
core   0: 0x8000cf70 (0x0000cf91) c.beqz  a5, pc + 28
core   0: 3 0x8000cf70 (0xcf91)
core   0: 0x8000cf8c (0x00008ea9) c.xor   a3, a0
core   0: 3 0x8000cf8c (0x8ea9) x13 0x7fff7276
core   0: 0x8000cf8e (0x02f890b3) mulh    ra, a7, a5
core   0: 3 0x8000cf8e (0x02f890b3) x 1 0x00000000
core   0: 0x8000cf92 (0x04c21163) bne     tp, a2, pc + 66
core   0: 3 0x8000cf92 (0x04c21163)
core   0: 0x8000cfd4 (0x025ca533) mulhsu  a0, s9, t0
core   0: 3 0x8000cfd4 (0x025ca533) x10 0xfffffe88
core   0: 0x8000cfd8 (0x0000811d) c.srli  a0, 7
core   0: 3 0x8000cfd8 (0x811d) x10 0x01fffffd
core   0: 0x8000cfda (0xc94d4993) xori    s3, s10, -876
core   0: 3 0x8000cfda (0xc94d4993) x19 0x7ffe1a21
core   0: 0x8000cfde (0xd95ee593) ori     a1, t4, -619
core   0: 3 0x8000cfde (0xd95ee593) x11 0xfffffd95
core   0: 0x8000cfe2 (0x00008dd5) c.or    a1, a3
core   0: 3 0x8000cfe2 (0x8dd5) x11 0xfffffff7
core   0: 0x8000cfe4 (0x0000717d) c.addi16sp sp, -16
core   0: 3 0x8000cfe4 (0x717d) x 2 0xfffffff0
core   0: 0x8000cfe6 (0x0097c3b3) xor     t2, a5, s1
core   0: 3 0x8000cfe6 (0x0097c3b3) x 7 0xffffffff
core   0: 0x8000cfea (0x0000717d) c.addi16sp sp, -16
core   0: 3 0x8000cfea (0x717d) x 2 0xffffffe0
core   0: 0x8000cfec (0x010f22b3) slt     t0, t5, a6
core   0: 3 0x8000cfec (0x010f22b3) x 5 0x00000000
core   0: 0x8000cff0 (0x0385c8b3) div     a7, a1, s8
core   0: 3 0x8000cff0 (0x0385c8b3) x17 0x00000000
core   0: 0x8000cff4 (0x00009bfd) c.andi  a5, -1
core   0: 3 0x8000cff4 (0x9bfd) x15 0x00000000
core   0: 0x8000cff6 (0x00006b71) c.lui   s6, 0x1c
core   0: 3 0x8000cff6 (0x6b71) x22 0x0001c000
core   0: 0x8000cff8 (0x0329a7b3) mulhsu  a5, s3, s2
core   0: 3 0x8000cff8 (0x0329a7b3) x15 0x00000000
core   0: 0x8000cffc (0x01dd4833) xor     a6, s10, t4
core   0: 3 0x8000cffc (0x01dd4833) x16 0x8001e6b5
core   0: 0x8000d000 (0x00000086) c.slli  ra, 1
core   0: 3 0x8000d000 (0x0086) x 1 0x00000000
core   0: 0x8000d002 (0x026afeb3) remu    t4, s5, t1
core   0: 3 0x8000d002 (0x026afeb3) x29 0x80029ce4
core   0: 0x8000d006 (0xa20a2493) slti    s1, s4, -1504
core   0: 3 0x8000d006 (0xa20a2493) x 9 0x00000000
core   0: 0x8000d00a (0x82dbe093) ori     ra, s7, -2003
core   0: 3 0x8000d00a (0x82dbe093) x 1 0xfffffb7f
core   0: 0x8000d00e (0x00006635) c.lui   a2, 0xd
core   0: 3 0x8000d00e (0x6635) x12 0x0000d000
core   0: 0x8000d010 (0x00000304) c.addi4spn s1, sp, 384
core   0: 3 0x8000d010 (0x0304) x 9 0x00000160
core   0: 0x8000d012 (0x00008f79) c.and   a4, a4
core   0: 3 0x8000d012 (0x8f79) x14 0x018168fb
core   0: 0x8000d014 (0x5e70b413) sltiu   s0, ra, 1511
core   0: 3 0x8000d014 (0x5e70b413) x 8 0x00000000
core   0: 0x8000d018 (0x0000e71d) c.bnez  a4, pc + 46
core   0: 3 0x8000d018 (0xe71d)
core   0: 0x8000d046 (0x000099f2) c.add   s3, t3
core   0: 3 0x8000d046 (0x99f2) x19 0x7ffe1a21
core   0: 0x8000d048 (0x00008eb9) c.xor   a3, a4
core   0: 3 0x8000d048 (0x8eb9) x13 0x7e7e1a8d
core   0: 0x8000d04a (0x0203f2b3) remu    t0, t2, zero
core   0: 3 0x8000d04a (0x0203f2b3) x 5 0xffffffff
core   0: 0x8000d04e (0x91c32f93) slti    t6, t1, -1764
core   0: 3 0x8000d04e (0x91c32f93) x31 0x00000000
core   0: 0x8000d052 (0x01dd0db3) add     s11, s10, t4
core   0: 3 0x8000d052 (0x01dd0db3) x27 0x00048399
core   0: 0x8000d056 (0x03b3ed63) bltu    t2, s11, pc + 58
core   0: 3 0x8000d056 (0x03b3ed63)
core   0: 0x8000d05a (0x03534163) blt     t1, s5, pc + 34
core   0: 3 0x8000d05a (0x03534163)
core   0: 0x8000d05e (0x00001c98) c.addi4spn a4, sp, 624
core   0: 3 0x8000d05e (0x1c98) x14 0x00000250
core   0: 0x8000d060 (0x017281b3) add     gp, t0, s7
core   0: 3 0x8000d060 (0x017281b3) x 3 0xfffffb7e
core   0: 0x8000d064 (0x02922d33) mulhsu  s10, tp, s1
core   0: 3 0x8000d064 (0x02922d33) x26 0xffffff50
core   0: 0x8000d068 (0x00008d41) c.or    a0, s0
core   0: 3 0x8000d068 (0x8d41) x10 0x01fffffd
core   0: 0x8000d06a (0x033b9eb3) mulh    t4, s7, s3
core   0: 3 0x8000d06a (0x033b9eb3) x29 0xfffffdbf
core   0: 0x8000d06e (0x01f50a33) add     s4, a0, t6
core   0: 3 0x8000d06e (0x01f50a33) x20 0x01fffffd
core   0: 0x8000d072 (0x03812733) mulhsu  a4, sp, s8
core   0: 3 0x8000d072 (0x03812733) x14 0xffffffe0
core   0: 0x8000d076 (0x0000987d) c.andi  s0, -1
core   0: 3 0x8000d076 (0x987d) x 8 0x00000000
core   0: 0x8000d078 (0xd7c60a13) addi    s4, a2, -644
core   0: 3 0x8000d078 (0xd7c60a13) x20 0x0000cd7c
core   0: 0x8000d07c (0x403dd633) sra     a2, s11, gp
core   0: 3 0x8000d07c (0x403dd633) x12 0x00000000
core   0: 0x8000d080 (0x00009b5a) c.add   s6, s6
core   0: 3 0x8000d080 (0x9b5a) x22 0x00038000
core   0: 0x8000d082 (0x019fde93) srli    t4, t6, 25
core   0: 3 0x8000d082 (0x019fde93) x29 0x00000000
core   0: 0x8000d086 (0x00008c05) c.sub   s0, s1
core   0: 3 0x8000d086 (0x8c05) x 8 0xfffffea0
core   0: 0x8000d088 (0x020ad9b3) divu    s3, s5, zero
core   0: 3 0x8000d088 (0x020ad9b3) x19 0xffffffff
core   0: 0x8000d08c (0x0304c7b3) div     a5, s1, a6
core   0: 3 0x8000d08c (0x0304c7b3) x15 0x00000000
core   0: 0x8000d090 (0x028550b3) divu    ra, a0, s0
core   0: 3 0x8000d090 (0x028550b3) x 1 0x00000000
core   0: 0x8000d094 (0x00006e49) c.lui   t3, 0x12
core   0: 3 0x8000d094 (0x6e49) x28 0x00012000
core   0: 0x8000d096 (0x06b4ca13) xori    s4, s1, 107
core   0: 3 0x8000d096 (0x06b4ca13) x20 0x0000010b
core   0: 0x8000d09a (0x0017f533) and     a0, a5, ra
core   0: 3 0x8000d09a (0x0017f533) x10 0x00000000
core   0: 0x8000d09e (0x004ca703) lw      a4, 4(s9)
core   0: 3 0x8000d09e (0x004ca703) x14 0x80002b2a mem 0x80025e5c
core   0: 0x8000d0a2 (0xbd7eb913) sltiu   s2, t4, -1065
core   0: 3 0x8000d0a2 (0xbd7eb913) x18 0x00000001
core   0: 0x8000d0a6 (0x00000cb1) c.addi  s9, 12
core   0: 3 0x8000d0a6 (0x0cb1) x25 0x80025e64
core   0: 0x8000d0a8 (0x0000100f) fence.i
core   0: 3 0x8000d0a8 (0x0000100f)
core   0: 0x8000d0ac (0x031f75b3) remu    a1, t5, a7
core   0: 3 0x8000d0ac (0x031f75b3) x11 0x34fa7000
core   0: 0x8000d0b0 (0x00170093) addi    ra, a4, 1
core   0: 3 0x8000d0b0 (0x00170093) x 1 0x80002b2b
core   0: 0x8000d0b4 (0x000080e7) jalr    ra
core   0: 3 0x8000d0b4 (0x000080e7) x 1 0x8000d0b8
core   0: 0x80002b2a (0x00d66eb3) or      t4, a2, a3
core   0: 3 0x80002b2a (0x00d66eb3) x29 0x7e7e1a8d
core   0: 0x80002b2e (0x5b20f4b7) lui     s1, 0x5b20f
core   0: 3 0x80002b2e (0x5b20f4b7) x 9 0x5b20f000
core   0: 0x80002b32 (0x00d63a33) sltu    s4, a2, a3
core   0: 3 0x80002b32 (0x00d63a33) x20 0x00000001
core   0: 0x80002b36 (0x54fce117) auipc   sp, 0x54fce
core   0: 3 0x80002b36 (0x54fce117) x 2 0xd4fd0b36
core   0: 0x80002b3a (0x003fd9b3) srl     s3, t6, gp
core   0: 3 0x80002b3a (0x003fd9b3) x19 0x00000000
core   0: 0x80002b3e (0x04a36363) bltu    t1, a0, pc + 70
core   0: 3 0x80002b3e (0x04a36363)
core   0: 0x80002b42 (0x02bd6463) bltu    s10, a1, pc + 40
core   0: 3 0x80002b42 (0x02bd6463)
core   0: 0x80002b46 (0x03a7ca33) div     s4, a5, s10
core   0: 3 0x80002b46 (0x03a7ca33) x20 0x00000000
core   0: 0x80002b4a (0x40c45033) sra     zero, s0, a2
core   0: 3 0x80002b4a (0x40c45033)
core   0: 0x80002b4e (0x00008d05) c.sub   a0, s1
core   0: 3 0x80002b4e (0x8d05) x10 0xa4df1000
core   0: 0x80002b50 (0x007d5763) bge     s10, t2, pc + 14
core   0: 3 0x80002b50 (0x007d5763)
core   0: 0x80002b54 (0x02bba833) mulhsu  a6, s7, a1
core   0: 3 0x80002b54 (0x02bba833) x16 0xffffff11
core   0: 0x80002b58 (0x00008d0d) c.sub   a0, a1
core   0: 3 0x80002b58 (0x8d0d) x10 0x6fe4a000
core   0: 0x80002b5a (0x40858833) sub     a6, a1, s0
core   0: 3 0x80002b5a (0x40858833) x16 0x34fa7160
core   0: 0x80002b5e (0x010b1763) bne     s6, a6, pc + 14
core   0: 3 0x80002b5e (0x010b1763)
core   0: 0x80002b6c (0x00008879) c.andi  s0, 30
core   0: 3 0x80002b6c (0x8879) x 8 0x00000000
core   0: 0x80002b6e (0x00008ec2) c.mv    t4, a6
core   0: 3 0x80002b6e (0x8ec2) x29 0x34fa7160
core   0: 0x80002b70 (0x013d1463) bne     s10, s3, pc + 8
core   0: 3 0x80002b70 (0x013d1463)
core   0: 0x80002b78 (0x169ac513) xori    a0, s5, 361
core   0: 3 0x80002b78 (0x169ac513) x10 0x80029d8d
core   0: 0x80002b7c (0x00a5cf63) blt     a1, a0, pc + 30
core   0: 3 0x80002b7c (0x00a5cf63)
core   0: 0x80002b80 (0x00395f63) bge     s2, gp, pc + 30
core   0: 3 0x80002b80 (0x00395f63)
core   0: 0x80002b9e (0x40800e13) li      t3, 1032
core   0: 3 0x80002b9e (0x40800e13) x28 0x00000408
core   0: 0x80002ba2 (0x01215f63) bge     sp, s2, pc + 30
core   0: 3 0x80002ba2 (0x01215f63)
core   0: 0x80002ba6 (0x29612193) slti    gp, sp, 662
core   0: 3 0x80002ba6 (0x29612193) x 3 0x00000001
core   0: 0x80002baa (0x0181cb33) xor     s6, gp, s8
core   0: 3 0x80002baa (0x0181cb33) x22 0xfffffb7e
core   0: 0x80002bae (0x02a06533) rem     a0, zero, a0
core   0: 3 0x80002bae (0x02a06533) x10 0x00000000
core   0: 0x80002bb2 (0x004cde93) srli    t4, s9, 4
core   0: 3 0x80002bb2 (0x004cde93) x29 0x080025e6
core   0: 0x80002bb6 (0x000090fa) c.add   ra, t5
core   0: 3 0x80002bb6 (0x90fa) x 1 0xb4fb40b8
core   0: 0x80002bb8 (0xf76644b7) lui     s1, 0xf7664
core   0: 3 0x80002bb8 (0xf76644b7) x 9 0xf7664000
core   0: 0x80002bbc (0x028f08b3) mul     a7, t5, s0
core   0: 3 0x80002bbc (0x028f08b3) x17 0x00000000
core   0: 0x80002bc0 (0x000088d1) c.andi  s1, 20
core   0: 3 0x80002bc0 (0x88d1) x 9 0x00000000
core   0: 0x80002bc2 (0x00005efd) c.li    t4, -1
core   0: 3 0x80002bc2 (0x5efd) x29 0xffffffff
core   0: 0x80002bc4 (0x00de5fb3) srl     t6, t3, a3
core   0: 3 0x80002bc4 (0x00de5fb3) x31 0x00000000
core   0: 0x80002bc8 (0x43bbcc13) xori    s8, s7, 1083
core   0: 3 0x80002bc8 (0x43bbcc13) x24 0xffffff44
core   0: 0x80002bcc (0xfe1ecc13) xori    s8, t4, -31
core   0: 3 0x80002bcc (0xfe1ecc13) x24 0x0000001e
core   0: 0x80002bd0 (0x0078cf33) xor     t5, a7, t2
core   0: 3 0x80002bd0 (0x0078cf33) x30 0xffffffff
core   0: 0x80002bd4 (0x01fe2833) slt     a6, t3, t6
core   0: 3 0x80002bd4 (0x01fe2833) x16 0x00000000
core   0: 0x80002bd8 (0x2b1e6113) ori     sp, t3, 689
core   0: 3 0x80002bd8 (0x2b1e6113) x 2 0x000006b9
core   0: 0x80002bdc (0x016d8c33) add     s8, s11, s6
core   0: 3 0x80002bdc (0x016d8c33) x24 0x00047f17
core   0: 0x80002be0 (0x00009bee) c.add   s7, s11
core   0: 3 0x80002be0 (0x9bee) x23 0x00047f18
core   0: 0x80002be2 (0x03b97c63) bgeu    s2, s11, pc + 56
core   0: 3 0x80002be2 (0x03b97c63)
core   0: 0x80002be6 (0x0000c809) c.beqz  s0, pc + 18
core   0: 3 0x80002be6 (0xc809)
core   0: 0x80002bf8 (0x000042e1) c.li    t0, 24
core   0: 3 0x80002bf8 (0x42e1) x 5 0x00000018
core   0: 0x80002bfa (0x00006175) c.addi16sp sp, 368
core   0: 3 0x80002bfa (0x6175) x 2 0x00000829
core   0: 0x80002bfc (0x03168c33) mul     s8, a3, a7
core   0: 3 0x80002bfc (0x03168c33) x24 0x00000000
core   0: 0x80002c00 (0x03f3cbb3) div     s7, t2, t6
core   0: 3 0x80002c00 (0x03f3cbb3) x23 0xffffffff
core   0: 0x80002c04 (0x02c25d33) divu    s10, tp, a2
core   0: 3 0x80002c04 (0x02c25d33) x26 0xffffffff
core   0: 0x80002c08 (0x03a19063) bne     gp, s10, pc + 32
core   0: 3 0x80002c08 (0x03a19063)
core   0: 0x80002c28 (0x000081e9) c.srli  a1, 26
core   0: 3 0x80002c28 (0x81e9) x11 0x0000000d
core   0: 0x80002c2a (0x01f4deb3) srl     t4, s1, t6
core   0: 3 0x80002c2a (0x01f4deb3) x29 0x00000000
core   0: 0x80002c2e (0x00001b7d) c.addi  s6, -1
core   0: 3 0x80002c2e (0x1b7d) x22 0xfffffb7d
core   0: 0x80002c30 (0x01280133) add     sp, a6, s2
core   0: 3 0x80002c30 (0x01280133) x 2 0x00000001
core   0: 0x80002c34 (0x016c52b3) srl     t0, s8, s6
core   0: 3 0x80002c34 (0x016c52b3) x 5 0x00000000
core   0: 0x80002c38 (0x0381ee63) bltu    gp, s8, pc + 60
core   0: 3 0x80002c38 (0x0381ee63)
core   0: 0x80002c3c (0x00000001) c.nop
core   0: 3 0x80002c3c (0x0001)
core   0: 0x80002c3e (0x17ecad93) slti    s11, s9, 382
core   0: 3 0x80002c3e (0x17ecad93) x27 0x00000001
core   0: 0x80002c42 (0x0000928e) c.add   t0, gp
core   0: 3 0x80002c42 (0x928e) x 5 0x00000001
core   0: 0x80002c44 (0x054bf263) bgeu    s7, s4, pc + 68
core   0: 3 0x80002c44 (0x054bf263)
core   0: 0x80002c88 (0xc1baf613) andi    a2, s5, -997
core   0: 3 0x80002c88 (0xc1baf613) x12 0x80029c00
core   0: 0x80002c8c (0x22d2d737) lui     a4, 0x22d2d
core   0: 3 0x80002c8c (0x22d2d737) x14 0x22d2d000
core   0: 0x80002c90 (0xc5b41f37) lui     t5, 0xc5b41
core   0: 3 0x80002c90 (0xc5b41f37) x30 0xc5b41000
core   0: 0x80002c94 (0x03a764b3) rem     s1, a4, s10
core   0: 3 0x80002c94 (0x03a764b3) x 9 0x00000000
core   0: 0x80002c98 (0x8e9cfd13) andi    s10, s9, -1815
core   0: 3 0x80002c98 (0x8e9cfd13) x26 0x80025860
core   0: 0x80002c9c (0x01865313) srli    t1, a2, 24
core   0: 3 0x80002c9c (0x01865313) x 6 0x00000080
core   0: 0x80002ca0 (0x03e381b3) mul     gp, t2, t5
core   0: 3 0x80002ca0 (0x03e381b3) x 3 0x3a4bf000
core   0: 0x80002ca4 (0x029323b3) mulhsu  t2, t1, s1
core   0: 3 0x80002ca4 (0x029323b3) x 7 0x00000000
core   0: 0x80002ca8 (0x0307f1b3) remu    gp, a5, a6
core   0: 3 0x80002ca8 (0x0307f1b3) x 3 0x00000000
core   0: 0x80002cac (0x01280b33) add     s6, a6, s2
core   0: 3 0x80002cac (0x01280b33) x22 0x00000001
core   0: 0x80002cb0 (0x011b4d63) blt     s6, a7, pc + 26
core   0: 3 0x80002cb0 (0x011b4d63)
core   0: 0x80002cb4 (0x00008c4d) c.or    s0, a1
core   0: 3 0x80002cb4 (0x8c4d) x 8 0x0000000d
core   0: 0x80002cb6 (0x033c5263) bge     s8, s3, pc + 36
core   0: 3 0x80002cb6 (0x033c5263)
core   0: 0x80002cda (0xfaa83513) sltiu   a0, a6, -86
core   0: 3 0x80002cda (0xfaa83513) x10 0x00000001
core   0: 0x80002cde (0x00006555) c.lui   a0, 0x15
core   0: 3 0x80002cde (0x6555) x10 0x00015000
core   0: 0x80002ce0 (0x00009d62) c.add   s10, s8
core   0: 3 0x80002ce0 (0x9d62) x26 0x80025860
core   0: 0x80002ce2 (0x00008fbd) c.xor   a5, a5
core   0: 3 0x80002ce2 (0x8fbd) x15 0x00000000
core   0: 0x80002ce4 (0x00990763) beq     s2, s1, pc + 14
core   0: 3 0x80002ce4 (0x00990763)
core   0: 0x80002ce8 (0x0000433d) c.li    t1, 15
core   0: 3 0x80002ce8 (0x433d) x 6 0x0000000f
core   0: 0x80002cea (0x00008f6d) c.and   a4, a1
core   0: 3 0x80002cea (0x8f6d) x14 0x00000000
core   0: 0x80002cec (0x0000042e) c.slli  s0, 11
core   0: 3 0x80002cec (0x042e) x 8 0x00006800
core   0: 0x80002cee (0x026fe933) rem     s2, t6, t1
core   0: 3 0x80002cee (0x026fe933) x18 0x00000000
core   0: 0x80002cf2 (0x00b63933) sltu    s2, a2, a1
core   0: 3 0x80002cf2 (0x00b63933) x18 0x00000000
core   0: 0x80002cf6 (0x026df933) remu    s2, s11, t1
core   0: 3 0x80002cf6 (0x026df933) x18 0x00000001
core   0: 0x80002cfa (0x01131b13) slli    s6, t1, 17
core   0: 3 0x80002cfa (0x01131b13) x22 0x001e0000
core   0: 0x80002cfe (0x009d7eb3) and     t4, s10, s1
core   0: 3 0x80002cfe (0x009d7eb3) x29 0x00000000
core   0: 0x80002d02 (0x00000001) c.nop
core   0: 3 0x80002d02 (0x0001)
core   0: 0x80002d04 (0x00006145) c.addi16sp sp, 48
core   0: 3 0x80002d04 (0x6145) x 2 0x00000031
core   0: 0x80002d06 (0x6a60e393) ori     t2, ra, 1702
core   0: 3 0x80002d06 (0x6a60e393) x 7 0xb4fb46be
core   0: 0x80002d0a (0x0153ad33) slt     s10, t2, s5
core   0: 3 0x80002d0a (0x0153ad33) x26 0x00000000
core   0: 0x80002d0e (0x000085c1) c.srai  a1, 16
core   0: 3 0x80002d0e (0x85c1) x11 0x00000000
core   0: 0x80002d10 (0x0072fa63) bgeu    t0, t2, pc + 20
core   0: 3 0x80002d10 (0x0072fa63)
core   0: 0x80002d14 (0x000063fd) c.lui   t2, 0x1f
core   0: 3 0x80002d14 (0x63fd) x 7 0x0001f000
core   0: 0x80002d16 (0x0365ee63) bltu    a1, s6, pc + 60
core   0: 3 0x80002d16 (0x0365ee63)
core   0: 0x80002d52 (0x00008db5) c.xor   a1, a3
core   0: 3 0x80002d52 (0x8db5) x11 0x7e7e1a8d
core   0: 0x80002d54 (0xc4ebcb13) xori    s6, s7, -946
core   0: 3 0x80002d54 (0xc4ebcb13) x22 0x000003b1
core   0: 0x80002d58 (0x00006409) c.lui   s0, 0x2
core   0: 3 0x80002d58 (0x6409) x 8 0x00002000
core   0: 0x80002d5a (0x00fb30b3) sltu    ra, s6, a5
core   0: 3 0x80002d5a (0x00fb30b3) x 1 0x00000000
core   0: 0x80002d5e (0x0000100f) fence.i
core   0: 3 0x80002d5e (0x0000100f)
core   0: 0x80002d62 (0x03fbf163) bgeu    s7, t6, pc + 34
core   0: 3 0x80002d62 (0x03fbf163)
core   0: 0x80002d84 (0x03c651b3) divu    gp, a2, t3
core   0: 3 0x80002d84 (0x03c651b3) x 3 0x001fc124
core   0: 0x80002d88 (0x751f7813) andi    a6, t5, 1873
core   0: 3 0x80002d88 (0x751f7813) x16 0x00000000
core   0: 0x80002d8c (0x6c669697) auipc   a3, 0x6c669
core   0: 3 0x80002d8c (0x6c669697) x13 0xec66bd8c
core   0: 0x80002d90 (0x00000a18) c.addi4spn a4, sp, 272
core   0: 3 0x80002d90 (0x0a18) x14 0x00000141
core   0: 0x80002d92 (0x03d5e4b3) rem     s1, a1, t4
core   0: 3 0x80002d92 (0x03d5e4b3) x 9 0x7e7e1a8d
core   0: 0x80002d96 (0x0000717d) c.addi16sp sp, -16
core   0: 3 0x80002d96 (0x717d) x 2 0x00000021
core   0: 0x80002d98 (0x00008ee2) c.mv    t4, s8
core   0: 3 0x80002d98 (0x8ee2) x29 0x00000000
core   0: 0x80002d9a (0x00008d41) c.or    a0, s0
core   0: 3 0x80002d9a (0x8d41) x10 0x00017000
core   0: 0x80002d9c (0x034732b3) mulhu   t0, a4, s4
core   0: 3 0x80002d9c (0x034732b3) x 5 0x00000000
core   0: 0x80002da0 (0x4085d113) srai    sp, a1, 8
core   0: 3 0x80002da0 (0x4085d113) x 2 0x007e7e1a
core   0: 0x80002da4 (0x02d0b9b3) mulhu   s3, ra, a3
core   0: 3 0x80002da4 (0x02d0b9b3) x19 0x00000000
core   0: 0x80002da8 (0x1d9a8d93) addi    s11, s5, 473
core   0: 3 0x80002da8 (0x1d9a8d93) x27 0x80029ebd
core   0: 0x80002dac (0x47cb47b7) lui     a5, 0x47cb4
core   0: 3 0x80002dac (0x47cb47b7) x15 0x47cb4000
core   0: 0x80002db0 (0xe249a993) slti    s3, s3, -476
core   0: 3 0x80002db0 (0xe249a993) x19 0x00000000
core   0: 0x80002db4 (0x012cb2b3) sltu    t0, s9, s2
core   0: 3 0x80002db4 (0x012cb2b3) x 5 0x00000000
core   0: 0x80002db8 (0x033f0fb3) mul     t6, t5, s3
core   0: 3 0x80002db8 (0x033f0fb3) x31 0x00000000
core   0: 0x80002dbc (0x00acf363) bgeu    s9, a0, pc + 6
core   0: 3 0x80002dbc (0x00acf363)
core   0: 0x80002dc2 (0xbbba7413) andi    s0, s4, -1093
core   0: 3 0x80002dc2 (0xbbba7413) x 8 0x00000000
core   0: 0x80002dc6 (0x074f6393) ori     t2, t5, 116
core   0: 3 0x80002dc6 (0x074f6393) x 7 0xc5b41074
core   0: 0x80002dca (0x01ad24b3) slt     s1, s10, s10
core   0: 3 0x80002dca (0x01ad24b3) x 9 0x00000000
core   0: 0x80002dce (0x3a39a313) slti    t1, s3, 931
core   0: 3 0x80002dce (0x3a39a313) x 6 0x00000001
core   0: 0x80002dd2 (0x0251e1b3) rem     gp, gp, t0
core   0: 3 0x80002dd2 (0x0251e1b3) x 3 0x001fc124
core   0: 0x80002dd6 (0x0000100f) fence.i
core   0: 3 0x80002dd6 (0x0000100f)
core   0: 0x80002dda (0x35604593) xori    a1, zero, 854
core   0: 3 0x80002dda (0x35604593) x11 0x00000356
core   0: 0x80002dde (0x038120b3) mulhsu  ra, sp, s8
core   0: 3 0x80002dde (0x038120b3) x 1 0x00000000
core   0: 0x80002de2 (0x0144b2b3) sltu    t0, s1, s4
core   0: 3 0x80002de2 (0x0144b2b3) x 5 0x00000000
core   0: 0x80002de6 (0x0321fe33) remu    t3, gp, s2
core   0: 3 0x80002de6 (0x0321fe33) x28 0x00000000
core   0: 0x80002dea (0x076d7113) andi    sp, s10, 118
core   0: 3 0x80002dea (0x076d7113) x 2 0x00000000
core   0: 0x80002dee (0x555b6813) ori     a6, s6, 1365
core   0: 3 0x80002dee (0x555b6813) x16 0x000007f5
core   0: 0x80002df2 (0xac87aa13) slti    s4, a5, -1336
core   0: 3 0x80002df2 (0xac87aa13) x20 0x00000000
core   0: 0x80002df6 (0x0000c619) c.beqz  a2, pc + 14
core   0: 3 0x80002df6 (0xc619)
core   0: 0x80002df8 (0xd612a913) slti    s2, t0, -671
core   0: 3 0x80002df8 (0xd612a913) x18 0x00000000
core   0: 0x80002dfc (0x0e27a693) slti    a3, a5, 226
core   0: 3 0x80002dfc (0x0e27a693) x13 0x00000000
core   0: 0x80002e00 (0x037df3b3) remu    t2, s11, s7
core   0: 3 0x80002e00 (0x037df3b3) x 7 0x80029ebd
core   0: 0x80002e04 (0x01879813) slli    a6, a5, 24
core   0: 3 0x80002e04 (0x01879813) x16 0x00000000
core   0: 0x80002e08 (0x01bb37b3) sltu    a5, s6, s11
core   0: 3 0x80002e08 (0x01bb37b3) x15 0x00000001
core   0: 0x80002e0c (0x45ed7c13) andi    s8, s10, 1118
core   0: 3 0x80002e0c (0x45ed7c13) x24 0x00000000
core   0: 0x80002e10 (0x015d9463) bne     s11, s5, pc + 8
core   0: 3 0x80002e10 (0x015d9463)
core   0: 0x80002e18 (0x00000001) c.nop
core   0: 3 0x80002e18 (0x0001)
core   0: 0x80002e1a (0x0107cf33) xor     t5, a5, a6
core   0: 3 0x80002e1a (0x0107cf33) x30 0x00000001
core   0: 0x80002e1e (0x00001518) c.addi4spn a4, sp, 672
core   0: 3 0x80002e1e (0x1518) x14 0x000002a0
core   0: 0x80002e20 (0x0057db13) srli    s6, a5, 5
core   0: 3 0x80002e20 (0x0057db13) x22 0x00000000
core   0: 0x80002e24 (0x038a19b3) mulh    s3, s4, s8
core   0: 3 0x80002e24 (0x038a19b3) x19 0x00000000
core   0: 0x80002e28 (0x41956993) ori     s3, a0, 1049
core   0: 3 0x80002e28 (0x41956993) x19 0x00017419
core   0: 0x80002e2c (0x411b5013) srai    zero, s6, 17
core   0: 3 0x80002e2c (0x411b5013)
core   0: 0x80002e30 (0x00009a4a) c.add   s4, s2
core   0: 3 0x80002e30 (0x9a4a) x20 0x00000000
core   0: 0x80002e32 (0x0000e709) c.bnez  a4, pc + 10
core   0: 3 0x80002e32 (0xe709)
core   0: 0x80002e3c (0x01d629b3) slt     s3, a2, t4
core   0: 3 0x80002e3c (0x01d629b3) x19 0x00000001
core   0: 0x80002e40 (0x0000881d) c.andi  s0, 7
core   0: 3 0x80002e40 (0x881d) x 8 0x00000000
core   0: 0x80002e42 (0x40f2df93) srai    t6, t0, 15
core   0: 3 0x80002e42 (0x40f2df93) x31 0x00000000
core   0: 0x80002e46 (0x36c2ad13) slti    s10, t0, 876
core   0: 3 0x80002e46 (0x36c2ad13) x26 0x00000001
core   0: 0x80002e4a (0xf0c9ec13) ori     s8, s3, -244
core   0: 3 0x80002e4a (0xf0c9ec13) x24 0xffffff0d
core   0: 0x80002e4e (0x0372f933) remu    s2, t0, s7
core   0: 3 0x80002e4e (0x0372f933) x18 0x00000000
core   0: 0x80002e52 (0x06018963) beqz    gp, pc + 114
core   0: 3 0x80002e52 (0x06018963)
core   0: 0x80002e56 (0x095b6563) bltu    s6, s5, pc + 138
core   0: 3 0x80002e56 (0x095b6563)
core   0: 0x80002ee0 (0x00000001) c.nop
core   0: 3 0x80002ee0 (0x0001)
core   0: 0x80002ee2 (0x038ec5b3) div     a1, t4, s8
core   0: 3 0x80002ee2 (0x038ec5b3) x11 0x00000000
core   0: 0x80002ee6 (0x0286e363) bltu    a3, s0, pc + 38
core   0: 3 0x80002ee6 (0x0286e363)
core   0: 0x80002eea (0x000085d5) c.srai  a1, 21
core   0: 3 0x80002eea (0x85d5) x11 0x00000000
core   0: 0x80002eec (0x0054e463) bltu    s1, t0, pc + 8
core   0: 3 0x80002eec (0x0054e463)
core   0: 0x80002ef0 (0x03296463) bltu    s2, s2, pc + 40
core   0: 3 0x80002ef0 (0x03296463)
core   0: 0x80002ef4 (0x03f598b3) mulh    a7, a1, t6
core   0: 3 0x80002ef4 (0x03f598b3) x17 0x00000000
core   0: 0x80002ef8 (0x000082f2) c.mv    t0, t3
core   0: 3 0x80002ef8 (0x82f2) x 5 0x00000000
core   0: 0x80002efa (0x00006f49) c.lui   t5, 0x12
core   0: 3 0x80002efa (0x6f49) x30 0x00012000
core   0: 0x80002efc (0x0000e605) c.bnez  a2, pc + 40
core   0: 3 0x80002efc (0xe605)
core   0: 0x80002f24 (0x0000100f) fence.i
core   0: 3 0x80002f24 (0x0000100f)
core   0: 0x80002f28 (0x00be7db3) and     s11, t3, a1
core   0: 3 0x80002f28 (0x00be7db3) x27 0x00000000
core   0: 0x80002f2c (0x00001988) c.addi4spn a0, sp, 240
core   0: 3 0x80002f2c (0x1988) x10 0x000000f0
core   0: 0x80002f2e (0x00000001) c.nop
core   0: 3 0x80002f2e (0x0001)
core   0: 0x80002f30 (0x000043e9) c.li    t2, 26
core   0: 3 0x80002f30 (0x43e9) x 7 0x0000001a
core   0: 0x80002f32 (0x00000c88) c.addi4spn a0, sp, 592
core   0: 3 0x80002f32 (0x0c88) x10 0x00000250
core   0: 0x80002f34 (0x0391e9b3) rem     s3, gp, s9
core   0: 3 0x80002f34 (0x0391e9b3) x19 0x001fc124
core   0: 0x80002f38 (0x0000828d) c.srli  a3, 3
core   0: 3 0x80002f38 (0x828d) x13 0x00000000
core   0: 0x80002f3a (0x02dbcd33) div     s10, s7, a3
core   0: 3 0x80002f3a (0x02dbcd33) x26 0xffffffff
core   0: 0x80002f3e (0x02b6d863) bge     a3, a1, pc + 48
core   0: 3 0x80002f3e (0x02b6d863)
core   0: 0x80002f6e (0x000098fd) c.andi  s1, -1
core   0: 3 0x80002f6e (0x98fd) x 9 0x00000000
core   0: 0x80002f70 (0x03d181b3) mul     gp, gp, t4
core   0: 3 0x80002f70 (0x03d181b3) x 3 0x00000000
core   0: 0x80002f74 (0x00008cc5) c.or    s1, s1
core   0: 3 0x80002f74 (0x8cc5) x 9 0x00000000
core   0: 0x80002f76 (0x00008e5d) c.or    a2, a5
core   0: 3 0x80002f76 (0x8e5d) x12 0x80029c01
core   0: 0x80002f78 (0x03847d63) bgeu    s0, s8, pc + 58
core   0: 3 0x80002f78 (0x03847d63)
core   0: 0x80002f7c (0x000049c1) c.li    s3, 16
core   0: 3 0x80002f7c (0x49c1) x19 0x00000010
core   0: 0x80002f7e (0x0000068a) c.slli  a3, 2
core   0: 3 0x80002f7e (0x068a) x13 0x00000000
core   0: 0x80002f80 (0x044c1163) bne     s8, tp, pc + 66
core   0: 3 0x80002f80 (0x044c1163)
core   0: 0x80002fc2 (0x01f00333) add     t1, zero, t6
core   0: 3 0x80002fc2 (0x01f00333) x 6 0x00000000
core   0: 0x80002fc6 (0x0ff0000f) fence   iorw,iorw
core   0: 3 0x80002fc6 (0x0ff0000f)
core   0: 0x80002fca (0x03198493) addi    s1, s3, 49
core   0: 3 0x80002fca (0x03198493) x 9 0x00000041
core   0: 0x80002fce (0x002ee433) or      s0, t4, sp
core   0: 3 0x80002fce (0x002ee433) x 8 0x00000000
core   0: 0x80002fd2 (0x94f32693) slti    a3, t1, -1713
core   0: 3 0x80002fd2 (0x94f32693) x13 0x00000000
core   0: 0x80002fd6 (0x14afaf17) auipc   t5, 0x14afa
core   0: 3 0x80002fd6 (0x14afaf17) x30 0x94afcfd6
core   0: 0x80002fda (0x00008ec5) c.or    a3, s1
core   0: 3 0x80002fda (0x8ec5) x13 0x00000041
core   0: 0x80002fdc (0x00008529) c.srai  a0, 10
core   0: 3 0x80002fdc (0x8529) x10 0x00000000
core   0: 0x80002fde (0x05021063) bne     tp, a6, pc + 64
core   0: 3 0x80002fde (0x05021063)
core   0: 0x8000301e (0x0000048d) c.addi  s1, 3
core   0: 3 0x8000301e (0x048d) x 9 0x00000044
core   0: 0x80003020 (0x0000c589) c.beqz  a1, pc + 10
core   0: 3 0x80003020 (0xc589)
core   0: 0x8000302a (0x00008eb1) c.xor   a3, a2
core   0: 3 0x8000302a (0x8eb1) x13 0x80029c40
core   0: 0x8000302c (0x00006109) c.addi16sp sp, 128
core   0: 3 0x8000302c (0x6109) x 2 0x00000080
core   0: 0x8000302e (0x888a4493) xori    s1, s4, -1912
core   0: 3 0x8000302e (0x888a4493) x 9 0xfffff888
core   0: 0x80003032 (0x006d0963) beq     s10, t1, pc + 18
core   0: 3 0x80003032 (0x006d0963)
core   0: 0x80003036 (0xcd7f6913) ori     s2, t5, -809
core   0: 3 0x80003036 (0xcd7f6913) x18 0xffffffd7
core   0: 0x8000303a (0x013ff333) and     t1, t6, s3
core   0: 3 0x8000303a (0x013ff333) x 6 0x00000000
core   0: 0x8000303e (0x03ff66b3) rem     a3, t5, t6
core   0: 3 0x8000303e (0x03ff66b3) x13 0x94afcfd6
core   0: 0x80003042 (0x00000001) c.nop
core   0: 3 0x80003042 (0x0001)
core   0: 0x80003044 (0x290b0f13) addi    t5, s6, 656
core   0: 3 0x80003044 (0x290b0f13) x30 0x00000290
core   0: 0x80003048 (0x00006315) c.lui   t1, 0x5
core   0: 3 0x80003048 (0x6315) x 6 0x00005000
core   0: 0x8000304a (0x417f8fb3) sub     t6, t6, s7
core   0: 3 0x8000304a (0x417f8fb3) x31 0x00000001
core   0: 0x8000304e (0x008a16b3) sll     a3, s4, s0
core   0: 3 0x8000304e (0x008a16b3) x13 0x00000000
core   0: 0x80003052 (0x052b8263) beq     s7, s2, pc + 68
core   0: 3 0x80003052 (0x052b8263)
core   0: 0x80003056 (0x0385fc33) remu    s8, a1, s8
core   0: 3 0x80003056 (0x0385fc33) x24 0x00000000
core   0: 0x8000305a (0x89998713) addi    a4, s3, -1895
core   0: 3 0x8000305a (0x89998713) x14 0xfffff8a9
core   0: 0x8000305e (0x01565b93) srli    s7, a2, 21
core   0: 3 0x8000305e (0x01565b93) x23 0x00000400
core   0: 0x80003062 (0x01455293) srli    t0, a0, 20
core   0: 3 0x80003062 (0x01455293) x 5 0x00000000
core   0: 0x80003066 (0x01bcb7b3) sltu    a5, s9, s11
core   0: 3 0x80003066 (0x01bcb7b3) x15 0x00000000
core   0: 0x8000306a (0x4e6c4393) xori    t2, s8, 1254
core   0: 3 0x8000306a (0x4e6c4393) x 7 0x000004e6
core   0: 0x8000306e (0x024fb333) mulhu   t1, t6, tp
core   0: 3 0x8000306e (0x024fb333) x 6 0x00000000
core   0: 0x80003072 (0x6d0c9a17) auipc   s4, 0x6d0c9
core   0: 3 0x80003072 (0x6d0c9a17) x20 0xed0cc072
core   0: 0x80003076 (0x03478133) mul     sp, a5, s4
core   0: 3 0x80003076 (0x03478133) x 2 0x00000000
core   0: 0x8000307a (0x02ecd263) bge     s9, a4, pc + 36
core   0: 3 0x8000307a (0x02ecd263)
core   0: 0x8000307e (0xf9456c13) ori     s8, a0, -108
core   0: 3 0x8000307e (0xf9456c13) x24 0xffffff94
core   0: 0x80003082 (0x0000f8b3) and     a7, ra, zero
core   0: 3 0x80003082 (0x0000f8b3) x17 0x00000000
core   0: 0x80003086 (0x40f55db3) sra     s11, a0, a5
core   0: 3 0x80003086 (0x40f55db3) x27 0x00000000
core   0: 0x8000308a (0x0000e691) c.bnez  a3, pc + 12
core   0: 3 0x8000308a (0xe691)
core   0: 0x8000308c (0x01c91d63) bne     s2, t3, pc + 26
core   0: 3 0x8000308c (0x01c91d63)
core   0: 0x800030a6 (0x00008f6d) c.and   a4, a1
core   0: 3 0x800030a6 (0x8f6d) x14 0x00000000
core   0: 0x800030a8 (0x34c7a093) slti    ra, a5, 844
core   0: 3 0x800030a8 (0x34c7a093) x 1 0x00000001
core   0: 0x800030ac (0x0000ec19) c.bnez  s0, pc + 30
core   0: 3 0x800030ac (0xec19)
core   0: 0x800030ae (0x00008325) c.srli  a4, 9
core   0: 3 0x800030ae (0x8325) x14 0x00000000
core   0: 0x800030b0 (0x09523893) sltiu   a7, tp, 149
core   0: 3 0x800030b0 (0x09523893) x17 0x00000000
core   0: 0x800030b4 (0x00000001) c.nop
core   0: 3 0x800030b4 (0x0001)
core   0: 0x800030b6 (0x0000e685) c.bnez  a3, pc + 40
core   0: 3 0x800030b6 (0xe685)
core   0: 0x800030b8 (0x0ff0000f) fence   iorw,iorw
core   0: 3 0x800030b8 (0x0ff0000f)
core   0: 0x800030bc (0x04019263) bnez    gp, pc + 68
core   0: 3 0x800030bc (0x04019263)
core   0: 0x800030c0 (0x009e3db3) sltu    s11, t3, s1
core   0: 3 0x800030c0 (0x009e3db3) x27 0x00000001
core   0: 0x800030c4 (0x00008341) c.srli  a4, 16
core   0: 3 0x800030c4 (0x8341) x14 0x00000000
core   0: 0x800030c6 (0x019451b3) srl     gp, s0, s9
core   0: 3 0x800030c6 (0x019451b3) x 3 0x00000000
core   0: 0x800030ca (0x032596b3) mulh    a3, a1, s2
core   0: 3 0x800030ca (0x032596b3) x13 0x00000000
core   0: 0x800030ce (0x0000081a) c.slli  a6, 6
core   0: 3 0x800030ce (0x081a) x16 0x00000000
core   0: 0x800030d0 (0x017d3433) sltu    s0, s10, s7
core   0: 3 0x800030d0 (0x017d3433) x 8 0x00000000
core   0: 0x800030d4 (0x00008c69) c.and   s0, a0
core   0: 3 0x800030d4 (0x8c69) x 8 0x00000000
core   0: 0x800030d6 (0x0277fc33) remu    s8, a5, t2
core   0: 3 0x800030d6 (0x0277fc33) x24 0x00000000
core   0: 0x800030da (0xfa286c13) ori     s8, a6, -94
core   0: 3 0x800030da (0xfa286c13) x24 0xffffffa2
core   0: 0x800030de (0x002ea9b3) slt     s3, t4, sp
core   0: 3 0x800030de (0x002ea9b3) x19 0x00000000
core   0: 0x800030e2 (0x013f44b3) xor     s1, t5, s3
core   0: 3 0x800030e2 (0x013f44b3) x 9 0x00000290
core   0: 0x800030e6 (0x00000692) c.slli  a3, 4
core   0: 3 0x800030e6 (0x0692) x13 0x00000000
core   0: 0x800030e8 (0x0017ebb3) or      s7, a5, ra
core   0: 3 0x800030e8 (0x0017ebb3) x23 0x00000001
core   0: 0x800030ec (0x20fb0e93) addi    t4, s6, 527
core   0: 3 0x800030ec (0x20fb0e93) x29 0x0000020f
core   0: 0x800030f0 (0x02308663) beq     ra, gp, pc + 44
core   0: 3 0x800030f0 (0x02308663)
core   0: 0x800030f4 (0x0258f733) remu    a4, a7, t0
core   0: 3 0x800030f4 (0x0258f733) x14 0x00000000
core   0: 0x800030f8 (0x50858017) auipc   zero, 0x50858
core   0: 3 0x800030f8 (0x50858017)
core   0: 0x800030fc (0x04077463) bgeu    a4, zero, pc + 72
core   0: 3 0x800030fc (0x04077463)
core   0: 0x80003144 (0x00034033) xor     zero, t1, zero
core   0: 3 0x80003144 (0x00034033)
core   0: 0x80003148 (0x00000001) c.nop
core   0: 3 0x80003148 (0x0001)
core   0: 0x8000314a (0x00000b95) c.addi  s7, 5
core   0: 3 0x8000314a (0x0b95) x23 0x00000006
core   0: 0x8000314c (0x0113b833) sltu    a6, t2, a7
core   0: 3 0x8000314c (0x0113b833) x16 0x00000000
core   0: 0x80003150 (0x0213a533) mulhsu  a0, t2, ra
core   0: 3 0x80003150 (0x0213a533) x10 0x00000000
core   0: 0x80003154 (0xc4bd7993) andi    s3, s10, -949
core   0: 3 0x80003154 (0xc4bd7993) x19 0xfffffc4b
core   0: 0x80003158 (0x03286433) rem     s0, a6, s2
core   0: 3 0x80003158 (0x03286433) x 8 0x00000000
core   0: 0x8000315c (0xc6580113) addi    sp, a6, -923
core   0: 3 0x8000315c (0xc6580113) x 2 0xfffffc65
core   0: 0x80003160 (0xd1be0093) addi    ra, t3, -741
core   0: 3 0x80003160 (0xd1be0093) x 1 0xfffffd1b
core   0: 0x80003164 (0x0129ef63) bltu    s3, s2, pc + 30
core   0: 3 0x80003164 (0x0129ef63)
core   0: 0x80003182 (0x01a29313) slli    t1, t0, 26
core   0: 3 0x80003182 (0x01a29313) x 6 0x00000000
core   0: 0x80003186 (0x00000001) c.nop
core   0: 3 0x80003186 (0x0001)
core   0: 0x80003188 (0x0000cb09) c.beqz  a4, pc + 18
core   0: 3 0x80003188 (0xcb09)
core   0: 0x8000319a (0x0333d133) divu    sp, t2, s3
core   0: 3 0x8000319a (0x0333d133) x 2 0x00000000
core   0: 0x8000319e (0x00008f19) c.sub   a4, a4
core   0: 3 0x8000319e (0x8f19) x14 0x00000000
core   0: 0x800031a0 (0x00006139) c.addi16sp sp, 448
core   0: 3 0x800031a0 (0x6139) x 2 0x000001c0
core   0: 0x800031a2 (0x0346afb3) mulhsu  t6, a3, s4
core   0: 3 0x800031a2 (0x0346afb3) x31 0x00000000
core   0: 0x800031a6 (0x00008531) c.srai  a0, 12
core   0: 3 0x800031a6 (0x8531) x10 0x00000000
core   0: 0x800031a8 (0x00c43133) sltu    sp, s0, a2
core   0: 3 0x800031a8 (0x00c43133) x 2 0x00000001
core   0: 0x800031ac (0x00181113) slli    sp, a6, 1
core   0: 3 0x800031ac (0x00181113) x 2 0x00000000
core   0: 0x800031b0 (0x02f8ab33) mulhsu  s6, a7, a5
core   0: 3 0x800031b0 (0x02f8ab33) x22 0x00000000
core   0: 0x800031b4 (0x021ffe63) bgeu    t6, ra, pc + 60
core   0: 3 0x800031b4 (0x021ffe63)
core   0: 0x800031b8 (0x010022b3) slt     t0, zero, a6
core   0: 3 0x800031b8 (0x010022b3) x 5 0x00000000
core   0: 0x800031bc (0x00008efd) c.and   a3, a5
core   0: 3 0x800031bc (0x8efd) x13 0x00000000
core   0: 0x800031be (0x00008db9) c.xor   a1, a4
core   0: 3 0x800031be (0x8db9) x11 0x00000000
core   0: 0x800031c0 (0x0116b2b3) sltu    t0, a3, a7
core   0: 3 0x800031c0 (0x0116b2b3) x 5 0x00000000
core   0: 0x800031c4 (0x03f333b3) mulhu   t2, t1, t6
core   0: 3 0x800031c4 (0x03f333b3) x 7 0x00000000
core   0: 0x800031c8 (0x4167de33) sra     t3, a5, s6
core   0: 3 0x800031c8 (0x4167de33) x28 0x00000000
core   0: 0x800031cc (0x000085e2) c.mv    a1, s8
core   0: 3 0x800031cc (0x85e2) x11 0xffffffa2
core   0: 0x800031ce (0x01c84133) xor     sp, a6, t3
core   0: 3 0x800031ce (0x01c84133) x 2 0x00000000
core   0: 0x800031d2 (0x00008e51) c.or    a2, a2
core   0: 3 0x800031d2 (0x8e51) x12 0x80029c01
core   0: 0x800031d4 (0x00008041) c.srli  s0, 16
core   0: 3 0x800031d4 (0x8041) x 8 0x00000000
core   0: 0x800031d6 (0x5751cb13) xori    s6, gp, 1397
core   0: 3 0x800031d6 (0x5751cb13) x22 0x00000575
core   0: 0x800031da (0x011f8533) add     a0, t6, a7
core   0: 3 0x800031da (0x011f8533) x10 0x00000000
core   0: 0x800031de (0x00008d3d) c.xor   a0, a5
core   0: 3 0x800031de (0x8d3d) x10 0x00000000
core   0: 0x800031e0 (0x7e100293) li      t0, 2017
core   0: 3 0x800031e0 (0x7e100293) x 5 0x000007e1
core   0: 0x800031e4 (0x00008e35) c.xor   a2, a3
core   0: 3 0x800031e4 (0x8e35) x12 0x80029c01
core   0: 0x800031e6 (0x01283c33) sltu    s8, a6, s2
core   0: 3 0x800031e6 (0x01283c33) x24 0x00000001
core   0: 0x800031ea (0x00000001) c.nop
core   0: 3 0x800031ea (0x0001)
core   0: 0x800031ec (0x01ac92b3) sll     t0, s9, s10
core   0: 3 0x800031ec (0x01ac92b3) x 5 0x00000000
core   0: 0x800031f0 (0x00006119) c.addi16sp sp, 384
core   0: 3 0x800031f0 (0x6119) x 2 0x00000180
core   0: 0x800031f2 (0x0000875a) c.mv    a4, s6
core   0: 3 0x800031f2 (0x875a) x14 0x00000575
core   0: 0x800031f4 (0x00008d7d) c.and   a0, a5
core   0: 3 0x800031f4 (0x8d7d) x10 0x00000000
core   0: 0x800031f6 (0x03a7d933) divu    s2, a5, s10
core   0: 3 0x800031f6 (0x03a7d933) x18 0x00000000
core   0: 0x800031fa (0x00008e09) c.sub   a2, a0
core   0: 3 0x800031fa (0x8e09) x12 0x80029c01
core   0: 0x800031fc (0x40bd8333) sub     t1, s11, a1
core   0: 3 0x800031fc (0x40bd8333) x 6 0x0000005f
core   0: 0x80003200 (0x00ce99b3) sll     s3, t4, a2
core   0: 3 0x80003200 (0x00ce99b3) x19 0x0000041e
core   0: 0x80003204 (0x00000561) c.addi  a0, 24
core   0: 3 0x80003204 (0x0561) x10 0x00000018
core   0: 0x80003206 (0x0009d313) srli    t1, s3, 0
core   0: 3 0x80003206 (0x0009d313) x 6 0x0000041e
core   0: 0x8000320a (0x047a4063) blt     s4, t2, pc + 64
core   0: 3 0x8000320a (0x047a4063)
core   0: 0x8000324a (0x953d7a37) lui     s4, 0x953d7
core   0: 3 0x8000324a (0x953d7a37) x20 0x953d7000
core   0: 0x8000324e (0x02a18133) mul     sp, gp, a0
core   0: 3 0x8000324e (0x02a18133) x 2 0x00000000
core   0: 0x80003252 (0x40efb2b7) lui     t0, 0x40efb
core   0: 3 0x80003252 (0x40efb2b7) x 5 0x40efb000
core   0: 0x80003256 (0x00000001) c.nop
core   0: 3 0x80003256 (0x0001)
core   0: 0x80003258 (0x8b58ea13) ori     s4, a7, -1867
core   0: 3 0x80003258 (0x8b58ea13) x20 0xfffff8b5
core   0: 0x8000325c (0x032c1f33) mulh    t5, s8, s2
core   0: 3 0x8000325c (0x032c1f33) x30 0x00000000
core   0: 0x80003260 (0x1e1d94b7) lui     s1, 0x1e1d9
core   0: 3 0x80003260 (0x1e1d94b7) x 9 0x1e1d9000
core   0: 0x80003264 (0x022ff3b3) remu    t2, t6, sp
core   0: 3 0x80003264 (0x022ff3b3) x 7 0x00000000
core   0: 0x80003268 (0x02e402b3) mul     t0, s0, a4
core   0: 3 0x80003268 (0x02e402b3) x 5 0x00000000
core   0: 0x8000326c (0x00014197) auipc   gp, 0x14
core   0: 3 0x8000326c (0x00014197) x 3 0x8001726c
core   0: 0x80003270 (0x40c18193) addi    gp, gp, 1036
core   0: 3 0x80003270 (0x40c18193) x 3 0x80017678
core   0: 0x80003274 (0xfea18923) sb      a0, -14(gp)
core   0: 3 0x80003274 (0xfea18923) mem 0x8001766a 0x18
core   0: 0x80003278 (0xff31c483) lbu     s1, -13(gp)
core   0: 3 0x80003278 (0xff31c483) x 9 0x00000020 mem 0x8001766b
core   0: 0x8000327c (0x0000557d) c.li    a0, -1
core   0: 3 0x8000327c (0x557d) x10 0xffffffff
core   0: 0x8000327e (0x01219423) sh      s2, 8(gp)
core   0: 3 0x8000327e (0x01219423) mem 0x80017680 0x0000
core   0: 0x80003282 (0xffb1c783) lbu     a5, -5(gp)
core   0: 3 0x80003282 (0xffb1c783) x15 0x00000028 mem 0x80017673
core   0: 0x80003286 (0x00419783) lh      a5, 4(gp)
core   0: 3 0x80003286 (0x00419783) x15 0x00003637 mem 0x8001767c
core   0: 0x8000328a (0x02257533) remu    a0, a0, sp
core   0: 3 0x8000328a (0x02257533) x10 0xffffffff
core   0: 0x8000328e (0xffa19783) lh      a5, -6(gp)
core   0: 3 0x8000328e (0xffa19783) x15 0x00002829 mem 0x80017672
core   0: 0x80003292 (0xfea18ea3) sb      a0, -3(gp)
core   0: 3 0x80003292 (0xfea18ea3) mem 0x80017675 0xff
core   0: 0x80003296 (0x00d1c903) lbu     s2, 13(gp)
core   0: 3 0x80003296 (0x00d1c903) x18 0x0000003e mem 0x80017685
core   0: 0x8000329a (0x01791493) slli    s1, s2, 23
core   0: 3 0x8000329a (0x01791493) x 9 0x1f000000
core   0: 0x8000329e (0x0024f133) and     sp, s1, sp
core   0: 3 0x8000329e (0x0024f133) x 2 0x00000000
core   0: 0x800032a2 (0x00218723) sb      sp, 14(gp)
core   0: 3 0x800032a2 (0x00218723) mem 0x80017686 0x0
core   0: 0x800032a6 (0x00000001) c.nop
core   0: 3 0x800032a6 (0x0001)
core   0: 0x800032a8 (0x00219223) sh      sp, 4(gp)
core   0: 3 0x800032a8 (0x00219223) mem 0x8001767c 0x0000
core   0: 0x800032ac (0xffd1c483) lbu     s1, -3(gp)
core   0: 3 0x800032ac (0xffd1c483) x 9 0x000000ff mem 0x80017675
core   0: 0x800032b0 (0x00b18903) lb      s2, 11(gp)
core   0: 3 0x800032b0 (0x00b18903) x18 0x00000038 mem 0x80017683
core   0: 0x800032b4 (0x3274b913) sltiu   s2, s1, 807
core   0: 3 0x800032b4 (0x3274b913) x18 0x00000001
core   0: 0x800032b8 (0xfe219a23) sh      sp, -12(gp)
core   0: 3 0x800032b8 (0xfe219a23) mem 0x8001766c 0x0000
core   0: 0x800032bc (0x0000997d) c.andi  a0, -1
core   0: 3 0x800032bc (0x997d) x10 0xffffffff
core   0: 0x800032be (0x00f19723) sh      a5, 14(gp)
core   0: 3 0x800032be (0x00f19723) mem 0x80017686 0x2829
core   0: 0x800032c2 (0xfea18ca3) sb      a0, -7(gp)
core   0: 3 0x800032c2 (0xfea18ca3) mem 0x80017671 0xff
core   0: 0x800032c6 (0x00818323) sb      s0, 6(gp)
core   0: 3 0x800032c6 (0x00818323) mem 0x8001767e 0x0
core   0: 0x800032ca (0x00e18103) lb      sp, 14(gp)
core   0: 3 0x800032ca (0x00e18103) x 2 0x00000029 mem 0x80017686
core   0: 0x800032ce (0x0021d783) lhu     a5, 2(gp)
core   0: 3 0x800032ce (0x0021d783) x15 0x00003031 mem 0x8001767a
core   0: 0x800032d2 (0x00001e1c) c.addi4spn a5, sp, 816
core   0: 3 0x800032d2 (0x1e1c) x15 0x00000359
core   0: 0x800032d4 (0xff61c483) lbu     s1, -10(gp)
core   0: 3 0x800032d4 (0xff61c483) x 9 0x00000025 mem 0x8001766e
core   0: 0x800032d8 (0x00f1a823) sw      a5, 16(gp)
core   0: 3 0x800032d8 (0x00f1a823) mem 0x80017688 0x00000359
core   0: 0x800032dc (0x002427b3) slt     a5, s0, sp
core   0: 3 0x800032dc (0x002427b3) x15 0x00000001
core   0: 0x800032e0 (0x0071c483) lbu     s1, 7(gp)
core   0: 3 0x800032e0 (0x0071c483) x 9 0x00000034 mem 0x8001767f
core   0: 0x800032e4 (0x00219103) lh      sp, 2(gp)
core   0: 3 0x800032e4 (0x00219103) x 2 0x00003031 mem 0x8001767a
core   0: 0x800032e8 (0x4094d433) sra     s0, s1, s1
core   0: 3 0x800032e8 (0x4094d433) x 8 0x00000000
core   0: 0x800032ec (0xcdb94113) xori    sp, s2, -805
core   0: 3 0x800032ec (0xcdb94113) x 2 0xfffffcda
core   0: 0x800032f0 (0x00008d7d) c.and   a0, a5
core   0: 3 0x800032f0 (0x8d7d) x10 0x00000001
core   0: 0x800032f2 (0xfe218fa3) sb      sp, -1(gp)
core   0: 3 0x800032f2 (0xfe218fa3) mem 0x80017677 0xda
core   0: 0x800032f6 (0x0051c503) lbu     a0, 5(gp)
core   0: 3 0x800032f6 (0x0051c503) x10 0x00000000 mem 0x8001767d
core   0: 0x800032fa (0x0000838d) c.srli  a5, 3
core   0: 3 0x800032fa (0x838d) x15 0x00000000
core   0: 0x800032fc (0x0000913e) c.add   sp, a5
core   0: 3 0x800032fc (0x913e) x 2 0xfffffcda
core   0: 0x800032fe (0xdc593793) sltiu   a5, s2, -571
core   0: 3 0x800032fe (0xdc593793) x15 0x00000001
core   0: 0x80003302 (0x01218023) sb      s2, 0(gp)
core   0: 3 0x80003302 (0x01218023) mem 0x80017678 0x1
core   0: 0x80003306 (0xffa19403) lh      s0, -6(gp)
core   0: 3 0x80003306 (0xffa19403) x 8 0x00002829 mem 0x80017672
core   0: 0x8000330a (0x00a181a3) sb      a0, 3(gp)
core   0: 3 0x8000330a (0x00a181a3) mem 0x8001767b 0x0
core   0: 0x8000330e (0x02f7d7b3) divu    a5, a5, a5
core   0: 3 0x8000330e (0x02f7d7b3) x15 0x00000001
core   0: 0x80003312 (0x00849133) sll     sp, s1, s0
core   0: 3 0x80003312 (0x00849133) x 2 0x00006800
core   0: 0x80003316 (0x0031c903) lbu     s2, 3(gp)
core   0: 3 0x80003316 (0x0031c903) x18 0x00000000 mem 0x8001767b
core   0: 0x8000331a (0x0000837d) c.srli  a4, 31
core   0: 3 0x8000331a (0x837d) x14 0x00000000
core   0: 0x8000331c (0x018b9113) slli    sp, s7, 24
core   0: 3 0x8000331c (0x018b9113) x 2 0x06000000
core   0: 0x80003320 (0x00000818) c.addi4spn a4, sp, 16
core   0: 3 0x80003320 (0x0818) x14 0x06000010
core   0: 0x80003322 (0x00009bf2) c.add   s7, t3
core   0: 3 0x80003322 (0x9bf2) x23 0x00000006
core   0: 0x80003324 (0x01eafdb3) and     s11, s5, t5
core   0: 3 0x80003324 (0x01eafdb3) x27 0x00000000
core   0: 0x80003328 (0x02b02d33) mulhsu  s10, zero, a1
core   0: 3 0x80003328 (0x02b02d33) x26 0x00000000
core   0: 0x8000332c (0x0301e0b3) rem     ra, gp, a6
core   0: 3 0x8000332c (0x0301e0b3) x 1 0x80017678
core   0: 0x80003330 (0x03db4733) div     a4, s6, t4
core   0: 3 0x80003330 (0x03db4733) x14 0x00000002
core   0: 0x80003334 (0x00000100) c.addi4spn s0, sp, 128
core   0: 3 0x80003334 (0x0100) x 8 0x06000080
core   0: 0x80003336 (0x7d367193) andi    gp, a2, 2003
core   0: 3 0x80003336 (0x7d367193) x 3 0x00000401
core   0: 0x8000333a (0x01cf41b3) xor     gp, t5, t3
core   0: 3 0x8000333a (0x01cf41b3) x 3 0x00000000
core   0: 0x8000333e (0x000080d9) c.srli  s1, 22
core   0: 3 0x8000333e (0x80d9) x 9 0x00000000
core   0: 0x80003340 (0x4141dfb3) sra     t6, gp, s4
core   0: 3 0x80003340 (0x4141dfb3) x31 0x00000000
core   0: 0x80003344 (0x0000c811) c.beqz  s0, pc + 20
core   0: 3 0x80003344 (0xc811)
core   0: 0x80003346 (0x00f70eb3) add     t4, a4, a5
core   0: 3 0x80003346 (0x00f70eb3) x29 0x00000003
core   0: 0x8000334a (0x00000001) c.nop
core   0: 3 0x8000334a (0x0001)
core   0: 0x8000334c (0x00008385) c.srli  a5, 1
core   0: 3 0x8000334c (0x8385) x15 0x00000000
core   0: 0x8000334e (0x00000001) c.nop
core   0: 3 0x8000334e (0x0001)
core   0: 0x80003350 (0x03bce963) bltu    s9, s11, pc + 50
core   0: 3 0x80003350 (0x03bce963)
core   0: 0x80003354 (0x00000001) c.nop
core   0: 3 0x80003354 (0x0001)
core   0: 0x80003356 (0x0000611d) c.addi16sp sp, 416
core   0: 3 0x80003356 (0x611d) x 2 0x060001a0
core   0: 0x80003358 (0x118c8513) addi    a0, s9, 280
core   0: 3 0x80003358 (0x118c8513) x10 0x80025f7c
core   0: 0x8000335c (0x0000ec01) c.bnez  s0, pc + 24
core   0: 3 0x8000335c (0xec01)
core   0: 0x80003374 (0x02fffb33) remu    s6, t6, a5
core   0: 3 0x80003374 (0x02fffb33) x22 0x00000000
core   0: 0x80003378 (0x00008105) c.srli  a0, 1
core   0: 3 0x80003378 (0x8105) x10 0x40012fbe
core   0: 0x8000337a (0x00008e56) c.mv    t3, s5
core   0: 3 0x8000337a (0x8e56) x28 0x80029ce4
core   0: 0x8000337c (0x03794d63) blt     s2, s7, pc + 58
core   0: 3 0x8000337c (0x03794d63)
core   0: 0x800033b6 (0x5c766293) ori     t0, a2, 1479
core   0: 3 0x800033b6 (0x5c766293) x 5 0x80029dc7
core   0: 0x800033ba (0x000085d6) c.mv    a1, s5
core   0: 3 0x800033ba (0x85d6) x11 0x80029ce4
core   0: 0x800033bc (0x404dd133) sra     sp, s11, tp
core   0: 3 0x800033bc (0x404dd133) x 2 0x00000000
core   0: 0x800033c0 (0x000087f1) c.srai  a5, 28
core   0: 3 0x800033c0 (0x87f1) x15 0x00000000
core   0: 0x800033c2 (0xaff23e93) sltiu   t4, tp, -1281
core   0: 3 0x800033c2 (0xaff23e93) x29 0x00000001
core   0: 0x800033c6 (0x4161d293) srai    t0, gp, 22
core   0: 3 0x800033c6 (0x4161d293) x 5 0x00000000
core   0: 0x800033ca (0x000080a1) c.srli  s1, 8
core   0: 3 0x800033ca (0x80a1) x 9 0x00000000
core   0: 0x800033cc (0x00ab2f33) slt     t5, s6, a0
core   0: 3 0x800033cc (0x00ab2f33) x30 0x00000001
core   0: 0x800033d0 (0x00f6de13) srli    t3, a3, 15
core   0: 3 0x800033d0 (0x00f6de13) x28 0x00000000
core   0: 0x800033d4 (0x0385cd63) blt     a1, s8, pc + 58
core   0: 3 0x800033d4 (0x0385cd63)
core   0: 0x8000340e (0x0000833a) c.mv    t1, a4
core   0: 3 0x8000340e (0x833a) x 6 0x00000002
core   0: 0x80003410 (0x00008cf1) c.and   s1, a2
core   0: 3 0x80003410 (0x8cf1) x 9 0x00000000
core   0: 0x80003412 (0x00008f91) c.sub   a5, a2
core   0: 3 0x80003412 (0x8f91) x15 0x7ffd63ff
core   0: 0x80003414 (0x004689b3) add     s3, a3, tp
core   0: 3 0x80003414 (0x004689b3) x19 0x80000000
core   0: 0x80003418 (0x00009f0e) c.add   t5, gp
core   0: 3 0x80003418 (0x9f0e) x30 0x00000001
core   0: 0x8000341a (0x02299763) bne     s3, sp, pc + 46
core   0: 3 0x8000341a (0x02299763)
core   0: 0x80003448 (0x0000946a) c.add   s0, s10
core   0: 3 0x80003448 (0x946a) x 8 0x06000080
core   0: 0x8000344a (0x79df0a13) addi    s4, t5, 1949
core   0: 3 0x8000344a (0x79df0a13) x20 0x0000079e
core   0: 0x8000344e (0x000c5893) srli    a7, s8, 0
core   0: 3 0x8000344e (0x000c5893) x17 0x00000001
core   0: 0x80003452 (0x002a3893) sltiu   a7, s4, 2
core   0: 3 0x80003452 (0x002a3893) x17 0x00000000
core   0: 0x80003456 (0x018fdf93) srli    t6, t6, 24
core   0: 3 0x80003456 (0x018fdf93) x31 0x00000000
core   0: 0x8000345a (0x05931163) bne     t1, s9, pc + 66
core   0: 3 0x8000345a (0x05931163)
core   0: 0x8000349c (0x002bc733) xor     a4, s7, sp
core   0: 3 0x8000349c (0x002bc733) x14 0x00000006
core   0: 0x800034a0 (0x0000100f) fence.i
core   0: 3 0x800034a0 (0x0000100f)
core   0: 0x800034a4 (0x00008d05) c.sub   a0, s1
core   0: 3 0x800034a4 (0x8d05) x10 0x40012fbe
core   0: 0x800034a6 (0x0396c163) blt     a3, s9, pc + 34
core   0: 3 0x800034a6 (0x0396c163)
core   0: 0x800034aa (0x00236e33) or      t3, t1, sp
core   0: 3 0x800034aa (0x00236e33) x28 0x00000002
core   0: 0x800034ae (0x00001198) c.addi4spn a4, sp, 224
core   0: 3 0x800034ae (0x1198) x14 0x000000e0
core   0: 0x800034b0 (0x00004f55) c.li    t5, 21
core   0: 3 0x800034b0 (0x4f55) x30 0x00000015
core   0: 0x800034b2 (0x0000617d) c.addi16sp sp, 496
core   0: 3 0x800034b2 (0x617d) x 2 0x000001f0
core   0: 0x800034b4 (0x0000cc19) c.beqz  s0, pc + 30
core   0: 3 0x800034b4 (0xcc19)
core   0: 0x800034b6 (0x138a3593) sltiu   a1, s4, 312
core   0: 3 0x800034b6 (0x138a3593) x11 0x00000000
core   0: 0x800034ba (0x0000e315) c.bnez  a4, pc + 36
core   0: 3 0x800034ba (0xe315)
core   0: 0x800034de (0x00beb633) sltu    a2, t4, a1
core   0: 3 0x800034de (0x00beb633) x12 0x00000000
core   0: 0x800034e2 (0x0000e239) c.bnez  a2, pc + 70
core   0: 3 0x800034e2 (0xe239)
core   0: 0x800034e4 (0x00001ffd) c.addi  t6, -1
core   0: 3 0x800034e4 (0x1ffd) x31 0xffffffff
core   0: 0x800034e6 (0x9f732293) slti    t0, t1, -1545
core   0: 3 0x800034e6 (0x9f732293) x 5 0x00000000
core   0: 0x800034ea (0xa69e7293) andi    t0, t3, -1431
core   0: 3 0x800034ea (0xa69e7293) x 5 0x00000000
core   0: 0x800034ee (0x966d8713) addi    a4, s11, -1690
core   0: 3 0x800034ee (0x966d8713) x14 0xfffff966
core   0: 0x800034f2 (0x00b99e13) slli    t3, s3, 11
core   0: 3 0x800034f2 (0x00b99e13) x28 0x00000000
core   0: 0x800034f6 (0x00004795) c.li    a5, 5
core   0: 3 0x800034f6 (0x4795) x15 0x00000005
core   0: 0x800034f8 (0x022a0a33) mul     s4, s4, sp
core   0: 3 0x800034f8 (0x022a0a33) x20 0x000ec220
core   0: 0x800034fc (0x0ff0000f) fence   iorw,iorw
core   0: 3 0x800034fc (0x0ff0000f)
core   0: 0x80003500 (0x40be5393) srai    t2, t3, 11
core   0: 3 0x80003500 (0x40be5393) x 7 0x00000000
core   0: 0x80003504 (0x026cdd33) divu    s10, s9, t1
core   0: 3 0x80003504 (0x026cdd33) x26 0x40012f32
core   0: 0x80003508 (0x03a2cc33) div     s8, t0, s10
core   0: 3 0x80003508 (0x03a2cc33) x24 0x00000000
core   0: 0x8000350c (0x418fd2b3) sra     t0, t6, s8
core   0: 3 0x8000350c (0x418fd2b3) x 5 0xffffffff
core   0: 0x80003510 (0x0000966e) c.add   a2, s11
core   0: 3 0x80003510 (0x966e) x12 0x00000000
core   0: 0x80003512 (0x01b9d863) bge     s3, s11, pc + 16
core   0: 3 0x80003512 (0x01b9d863)
core   0: 0x80003516 (0x0205f3b3) remu    t2, a1, zero
core   0: 3 0x80003516 (0x0205f3b3) x 7 0x00000000
core   0: 0x8000351a (0x01755a13) srli    s4, a0, 23
core   0: 3 0x8000351a (0x01755a13) x20 0x00000080
core   0: 0x8000351e (0xcb9fba17) auipc   s4, 0xcb9fb
core   0: 3 0x8000351e (0xcb9fba17) x20 0x4b9fe51e
core   0: 0x80003522 (0x0000100f) fence.i
core   0: 3 0x80003522 (0x0000100f)
core   0: 0x80003526 (0x0000ca11) c.beqz  a2, pc + 20
core   0: 3 0x80003526 (0xca11)
core   0: 0x8000353a (0x0277ba13) sltiu   s4, a5, 39
core   0: 3 0x8000353a (0x0277ba13) x20 0x00000001
core   0: 0x8000353e (0x001a82b3) add     t0, s5, ra
core   0: 3 0x8000353e (0x001a82b3) x 5 0x0004135c
core   0: 0x80003542 (0x31624d13) xori    s10, tp, 790
core   0: 3 0x80003542 (0x31624d13) x26 0x80000316
core   0: 0x80003546 (0x035ed433) divu    s0, t4, s5
core   0: 3 0x80003546 (0x035ed433) x 8 0x00000000
core   0: 0x8000354a (0x0000859d) c.srai  a1, 7
core   0: 3 0x8000354a (0x859d) x11 0x00000000
core   0: 0x8000354c (0x41705513) srai    a0, zero, 23
core   0: 3 0x8000354c (0x41705513) x10 0x00000000
core   0: 0x80003550 (0xb84acf93) xori    t6, s5, -1148
core   0: 3 0x80003550 (0xb84acf93) x31 0x7ffd6760
core   0: 0x80003554 (0x424b1f97) auipc   t6, 0x424b1
core   0: 3 0x80003554 (0x424b1f97) x31 0xc24b4554
core   0: 0x80003558 (0x41fb5d33) sra     s10, s6, t6
core   0: 3 0x80003558 (0x41fb5d33) x26 0x00000000
core   0: 0x8000355c (0x00000084) c.addi4spn s1, sp, 64
core   0: 3 0x8000355c (0x0084) x 9 0x00000230
core   0: 0x8000355e (0x40858333) sub     t1, a1, s0
core   0: 3 0x8000355e (0x40858333) x 6 0x00000000
core   0: 0x80003562 (0x00008e89) c.sub   a3, a0
core   0: 3 0x80003562 (0x8e89) x13 0x00000000
core   0: 0x80003564 (0x0000117d) c.addi  sp, -1
core   0: 3 0x80003564 (0x117d) x 2 0x000001ef
core   0: 0x80003566 (0xa088c713) xori    a4, a7, -1528
core   0: 3 0x80003566 (0xa088c713) x14 0xfffffa08
core   0: 0x8000356a (0x0ff0000f) fence   iorw,iorw
core   0: 3 0x8000356a (0x0ff0000f)
core   0: 0x8000356e (0x01de4133) xor     sp, t3, t4
core   0: 3 0x8000356e (0x01de4133) x 2 0x00000001
core   0: 0x80003572 (0x00000001) c.nop
core   0: 3 0x80003572 (0x0001)
core   0: 0x80003574 (0x036bf133) remu    sp, s7, s6
core   0: 3 0x80003574 (0x036bf133) x 2 0x00000006
core   0: 0x80003578 (0x00675133) srl     sp, a4, t1
core   0: 3 0x80003578 (0x00675133) x 2 0xfffffa08
core   0: 0x8000357c (0x0000861e) c.mv    a2, t2
core   0: 3 0x8000357c (0x861e) x12 0x00000000
core   0: 0x8000357e (0x03ebff33) remu    t5, s7, t5
core   0: 3 0x8000357e (0x03ebff33) x30 0x00000006
core   0: 0x80003582 (0x00008f91) c.sub   a5, a2
core   0: 3 0x80003582 (0x8f91) x15 0x00000005
core   0: 0x80003584 (0x401b53b3) sra     t2, s6, ra
core   0: 3 0x80003584 (0x401b53b3) x 7 0x00000000
core   0: 0x80003588 (0x02ec8333) mul     t1, s9, a4
core   0: 3 0x80003588 (0x02ec8333) x 6 0xf1dc9b20
core   0: 0x8000358c (0x02c02433) mulhsu  s0, zero, a2
core   0: 3 0x8000358c (0x02c02433) x 8 0x00000000
core   0: 0x80003590 (0x027b7bb3) remu    s7, s6, t2
core   0: 3 0x80003590 (0x027b7bb3) x23 0x00000000
core   0: 0x80003594 (0x00008e8d) c.sub   a3, a1
core   0: 3 0x80003594 (0x8e8d) x13 0x00000000
core   0: 0x80003596 (0x00001e1c) c.addi4spn a5, sp, 816
core   0: 3 0x80003596 (0x1e1c) x15 0xfffffd38
core   0: 0x80003598 (0x0000835d) c.srli  a4, 23
core   0: 3 0x80003598 (0x835d) x14 0x000001ff
core   0: 0x8000359a (0x027dd0b3) divu    ra, s11, t2
core   0: 3 0x8000359a (0x027dd0b3) x 1 0xffffffff
core   0: 0x8000359e (0x0101a433) slt     s0, gp, a6
core   0: 3 0x8000359e (0x0101a433) x 8 0x00000000
core   0: 0x800035a2 (0x41b1da33) sra     s4, gp, s11
core   0: 3 0x800035a2 (0x41b1da33) x20 0x00000000
core   0: 0x800035a6 (0xc3046013) ori     zero, s0, -976
core   0: 3 0x800035a6 (0xc3046013)
core   0: 0x800035aa (0x025652b3) divu    t0, a2, t0
core   0: 3 0x800035aa (0x025652b3) x 5 0x00000000
core   0: 0x800035ae (0x031cb5b3) mulhu   a1, s9, a7
core   0: 3 0x800035ae (0x031cb5b3) x11 0x00000000
core   0: 0x800035b2 (0x00004d49) c.li    s10, 18
core   0: 3 0x800035b2 (0x4d49) x26 0x00000012
core   0: 0x800035b4 (0x00008e51) c.or    a2, a2
core   0: 3 0x800035b4 (0x8e51) x12 0x00000000
core   0: 0x800035b6 (0x01de1863) bne     t3, t4, pc + 16
core   0: 3 0x800035b6 (0x01de1863)
core   0: 0x800035c6 (0x8148af13) slti    t5, a7, -2028
core   0: 3 0x800035c6 (0x8148af13) x30 0x00000000
core   0: 0x800035ca (0x0000717d) c.addi16sp sp, -16
core   0: 3 0x800035ca (0x717d) x 2 0xfffff9f8
core   0: 0x800035cc (0x02281033) mulh    zero, a6, sp
core   0: 3 0x800035cc (0x02281033)
core   0: 0x800035d0 (0x004a1d33) sll     s10, s4, tp
core   0: 3 0x800035d0 (0x004a1d33) x26 0x00000000
core   0: 0x800035d4 (0x011695b3) sll     a1, a3, a7
core   0: 3 0x800035d4 (0x011695b3) x11 0x00000000
core   0: 0x800035d8 (0x0299efb3) rem     t6, s3, s1
core   0: 3 0x800035d8 (0x0299efb3) x31 0xffffff80
core   0: 0x800035dc (0x0000168c) c.addi4spn a1, sp, 864
core   0: 3 0x800035dc (0x168c) x11 0xfffffd58
core   0: 0x800035de (0x00001a7d) c.addi  s4, -1
core   0: 3 0x800035de (0x1a7d) x20 0xffffffff
core   0: 0x800035e0 (0x030e60b3) rem     ra, t3, a6
core   0: 3 0x800035e0 (0x030e60b3) x 1 0x00000000
core   0: 0x800035e4 (0x0000100f) fence.i
core   0: 3 0x800035e4 (0x0000100f)
core   0: 0x800035e8 (0x01a7d3b3) srl     t2, a5, s10
core   0: 3 0x800035e8 (0x01a7d3b3) x 7 0xfffffd38
core   0: 0x800035ec (0x40e08833) sub     a6, ra, a4
core   0: 3 0x800035ec (0x40e08833) x16 0xfffffe01
core   0: 0x800035f0 (0x501f8f93) addi    t6, t6, 1281
core   0: 3 0x800035f0 (0x501f8f93) x31 0x00000481
core   0: 0x800035f4 (0xc69f8f37) lui     t5, 0xc69f8
core   0: 3 0x800035f4 (0xc69f8f37) x30 0xc69f8000
core   0: 0x800035f8 (0x402188b3) sub     a7, gp, sp
core   0: 3 0x800035f8 (0x402188b3) x17 0x00000608
core   0: 0x800035fc (0x936d4a13) xori    s4, s10, -1738
core   0: 3 0x800035fc (0x936d4a13) x20 0xfffff936
core   0: 0x80003600 (0x17508737) lui     a4, 0x17508
core   0: 3 0x80003600 (0x17508737) x14 0x17508000
core   0: 0x80003604 (0x01b6dc13) srli    s8, a3, 27
core   0: 3 0x80003604 (0x01b6dc13) x24 0x00000000
core   0: 0x80003608 (0x106b8f13) addi    t5, s7, 262
core   0: 3 0x80003608 (0x106b8f13) x30 0x00000106
core   0: 0x8000360c (0x00006095) c.lui   ra, 0x5
core   0: 3 0x8000360c (0x6095) x 1 0x00005000
core   0: 0x8000360e (0x56510293) addi    t0, sp, 1381
core   0: 3 0x8000360e (0x56510293) x 5 0xffffff5d
core   0: 0x80003612 (0x00008d91) c.sub   a1, a2
core   0: 3 0x80003612 (0x8d91) x11 0xfffffd58
core   0: 0x80003614 (0x00008cb1) c.xor   s1, a2
core   0: 3 0x80003614 (0x8cb1) x 9 0x00000230
core   0: 0x80003616 (0x026e5d63) bge     t3, t1, pc + 58
core   0: 3 0x80003616 (0x026e5d63)
core   0: 0x80003650 (0x6564e313) ori     t1, s1, 1622
core   0: 3 0x80003650 (0x6564e313) x 6 0x00000676
core   0: 0x80003654 (0x00009b7d) c.andi  a4, -1
core   0: 3 0x80003654 (0x9b7d) x14 0x17508000
core   0: 0x80003656 (0x40e45a13) srai    s4, s0, 14
core   0: 3 0x80003656 (0x40e45a13) x20 0x00000000
core   0: 0x8000365a (0x001cd2b3) srl     t0, s9, ra
core   0: 3 0x8000365a (0x001cd2b3) x 5 0x80025e64
core   0: 0x8000365e (0x00008c1d) c.sub   s0, a5
core   0: 3 0x8000365e (0x8c1d) x 8 0x000002c8
core   0: 0x80003660 (0x01611933) sll     s2, sp, s6
core   0: 3 0x80003660 (0x01611933) x18 0xfffff9f8
core   0: 0x80003664 (0x0017b5b3) sltu    a1, a5, ra
core   0: 3 0x80003664 (0x0017b5b3) x11 0x00000000
core   0: 0x80003668 (0x00000001) c.nop
core   0: 3 0x80003668 (0x0001)
core   0: 0x8000366a (0x00000001) c.nop
core   0: 3 0x8000366a (0x0001)
core   0: 0x8000366c (0x01294963) blt     s2, s2, pc + 18
core   0: 3 0x8000366c (0x01294963)
core   0: 0x80003670 (0x844df493) andi    s1, s11, -1980
core   0: 3 0x80003670 (0x844df493) x 9 0x00000000
core   0: 0x80003674 (0x414ed5b3) sra     a1, t4, s4
core   0: 3 0x80003674 (0x414ed5b3) x11 0x00000001
core   0: 0x80003678 (0x03177f63) bgeu    a4, a7, pc + 62
core   0: 3 0x80003678 (0x03177f63)
core   0: 0x800036b6 (0x03035163) bge     t1, a6, pc + 34
core   0: 3 0x800036b6 (0x03035163)
core   0: 0x800036d8 (0x00008d59) c.or    a0, a4
core   0: 3 0x800036d8 (0x8d59) x10 0x17508000
core   0: 0x800036da (0x005ac4b3) xor     s1, s5, t0
core   0: 3 0x800036da (0x005ac4b3) x 9 0x0000c280
core   0: 0x800036de (0xbaab2293) slti    t0, s6, -1110
core   0: 3 0x800036de (0xbaab2293) x 5 0x00000000
core   0: 0x800036e2 (0x00006911) c.lui   s2, 0x4
core   0: 3 0x800036e2 (0x6911) x18 0x00004000
core   0: 0x800036e4 (0x0000885a) c.mv    a6, s6
core   0: 3 0x800036e4 (0x885a) x16 0x00000000
core   0: 0x800036e6 (0x028d97b3) mulh    a5, s11, s0
core   0: 3 0x800036e6 (0x028d97b3) x15 0x00000000
core   0: 0x800036ea (0x0168cfb3) xor     t6, a7, s6
core   0: 3 0x800036ea (0x0168cfb3) x31 0x00000608
core   0: 0x800036ee (0x00009bfd) c.andi  a5, -1
core   0: 3 0x800036ee (0x9bfd) x15 0x00000000
core   0: 0x800036f0 (0x00f36db3) or      s11, t1, a5
core   0: 3 0x800036f0 (0x00f36db3) x27 0x00000676
core   0: 0x800036f4 (0x1ef7e613) ori     a2, a5, 495
core   0: 3 0x800036f4 (0x1ef7e613) x12 0x000001ef
core   0: 0x800036f8 (0x03b94c63) blt     s2, s11, pc + 56
core   0: 3 0x800036f8 (0x03b94c63)
core   0: 0x800036fc (0x1ad68297) auipc   t0, 0x1ad68
core   0: 3 0x800036fc (0x1ad68297) x 5 0x9ad6b6fc
core   0: 0x80003700 (0x02ee15b3) mulh    a1, t3, a4
core   0: 3 0x80003700 (0x02ee15b3) x11 0x00000000
core   0: 0x80003704 (0x00008639) c.srai  a2, 14
core   0: 3 0x80003704 (0x8639) x12 0x00000000
core   0: 0x80003706 (0x00baca33) xor     s4, s5, a1
core   0: 3 0x80003706 (0x00baca33) x20 0x80029ce4
core   0: 0x8000370a (0x3f4c0d93) addi    s11, s8, 1012
core   0: 3 0x8000370a (0x3f4c0d93) x27 0x000003f4
core   0: 0x8000370e (0x00008d0d) c.sub   a0, a1
core   0: 3 0x8000370e (0x8d0d) x10 0x17508000
core   0: 0x80003710 (0x0000e115) c.bnez  a0, pc + 36
core   0: 3 0x80003710 (0xe115)
core   0: 0x80003734 (0x007d81b3) add     gp, s11, t2
core   0: 3 0x80003734 (0x007d81b3) x 3 0x0000012c
core   0: 0x80003738 (0xe4112e93) slti    t4, sp, -447
core   0: 3 0x80003738 (0xe4112e93) x29 0x00000001
core   0: 0x8000373c (0x000007ba) c.slli  a5, 14
core   0: 3 0x8000373c (0x07ba) x15 0x00000000
core   0: 0x8000373e (0x000085ba) c.mv    a1, a4
core   0: 3 0x8000373e (0x85ba) x11 0x17508000
core   0: 0x80003740 (0x01eb59b3) srl     s3, s6, t5
core   0: 3 0x80003740 (0x01eb59b3) x19 0x00000000
core   0: 0x80003744 (0x000096ca) c.add   a3, s2
core   0: 3 0x80003744 (0x96ca) x13 0x00004000
core   0: 0x80003746 (0x3446c713) xori    a4, a3, 836
core   0: 3 0x80003746 (0x3446c713) x14 0x00004344
core   0: 0x8000374a (0x0000c285) c.beqz  a3, pc + 32
core   0: 3 0x8000374a (0xc285)
core   0: 0x8000374c (0x02168963) beq     a3, ra, pc + 50
core   0: 3 0x8000374c (0x02168963)
core   0: 0x80003750 (0x01fe32b3) sltu    t0, t3, t6
core   0: 3 0x80003750 (0x01fe32b3) x 5 0x00000001
core   0: 0x80003754 (0x0000e819) c.bnez  s0, pc + 22
core   0: 3 0x80003754 (0xe819)
core   0: 0x8000376a (0x00008ced) c.and   s1, a1
core   0: 3 0x8000376a (0x8ced) x 9 0x00008000
core   0: 0x8000376c (0x00006f59) c.lui   t5, 0x16
core   0: 3 0x8000376c (0x6f59) x30 0x00016000
core   0: 0x8000376e (0x0138f2b3) and     t0, a7, s3
core   0: 3 0x8000376e (0x0138f2b3) x 5 0x00000000
core   0: 0x80003772 (0x88b1c493) xori    s1, gp, -1909
core   0: 3 0x80003772 (0x88b1c493) x 9 0xfffff9a7
core   0: 0x80003776 (0x41145033) sra     zero, s0, a7
core   0: 3 0x80003776 (0x41145033)
core   0: 0x8000377a (0x0000c021) c.beqz  s0, pc + 64
core   0: 3 0x8000377a (0xc021)
core   0: 0x8000377c (0x0000537d) c.li    t1, -1
core   0: 3 0x8000377c (0x537d) x 6 0xffffffff
core   0: 0x8000377e (0x03c16263) bltu    sp, t3, pc + 36
core   0: 3 0x8000377e (0x03c16263)
core   0: 0x80003782 (0x00000df9) c.addi  s11, 30
core   0: 3 0x80003782 (0x0df9) x27 0x00000412
core   0: 0x80003784 (0x40bd0933) sub     s2, s10, a1
core   0: 3 0x80003784 (0x40bd0933) x18 0xe8af8000
core   0: 0x80003788 (0x00000001) c.nop
core   0: 3 0x80003788 (0x0001)
core   0: 0x8000378a (0x00008971) c.andi  a0, 28
core   0: 3 0x8000378a (0x8971) x10 0x00000000
core   0: 0x8000378c (0x02ed0c63) beq     s10, a4, pc + 56
core   0: 3 0x8000378c (0x02ed0c63)
core   0: 0x80003790 (0x011a91b3) sll     gp, s5, a7
core   0: 3 0x80003790 (0x011a91b3) x 3 0x029ce400
core   0: 0x80003794 (0x0000c419) c.beqz  s0, pc + 14
core   0: 3 0x80003794 (0xc419)
core   0: 0x80003796 (0x40775813) srai    a6, a4, 7
core   0: 3 0x80003796 (0x40775813) x16 0x00000086
core   0: 0x8000379a (0x93cc8193) addi    gp, s9, -1732
core   0: 3 0x8000379a (0x93cc8193) x 3 0x800257a0
core   0: 0x8000379e (0x0116fbb3) and     s7, a3, a7
core   0: 3 0x8000379e (0x0116fbb3) x23 0x00000000
core   0: 0x800037a2 (0x03ad5e33) divu    t3, s10, s10
core   0: 3 0x800037a2 (0x03ad5e33) x28 0xffffffff
core   0: 0x800037a6 (0x0019b933) sltu    s2, s3, ra
core   0: 3 0x800037a6 (0x0019b933) x18 0x00000001
core   0: 0x800037aa (0x00000001) c.nop
core   0: 3 0x800037aa (0x0001)
core   0: 0x800037ac (0xa4babe13) sltiu   t3, s5, -1461
core   0: 3 0x800037ac (0xa4babe13) x28 0x00000001
core   0: 0x800037b0 (0xe13b7593) andi    a1, s6, -493
core   0: 3 0x800037b0 (0xe13b7593) x11 0x00000000
core   0: 0x800037b4 (0x03760b33) mul     s6, a2, s7
core   0: 3 0x800037b4 (0x03760b33) x22 0x00000000
core   0: 0x800037b8 (0x0000e021) c.bnez  s0, pc + 64
core   0: 3 0x800037b8 (0xe021)
core   0: 0x800037f8 (0x41b8d633) sra     a2, a7, s11
core   0: 3 0x800037f8 (0x41b8d633) x12 0x00000000
core   0: 0x800037fc (0x017378b3) and     a7, t1, s7
core   0: 3 0x800037fc (0x017378b3) x17 0x00000000
core   0: 0x80003800 (0x03d20b33) mul     s6, tp, t4
core   0: 3 0x80003800 (0x03d20b33) x22 0x80000000
core   0: 0x80003804 (0x00008fc5) c.or    a5, s1
core   0: 3 0x80003804 (0x8fc5) x15 0xfffff9a7
core   0: 0x80003806 (0x01d34933) xor     s2, t1, t4
core   0: 3 0x80003806 (0x01d34933) x18 0xfffffffe
core   0: 0x8000380a (0x0000853d) c.srai  a0, 15
core   0: 3 0x8000380a (0x853d) x10 0x00000000
core   0: 0x8000380c (0x00008ce9) c.and   s1, a0
core   0: 3 0x8000380c (0x8ce9) x 9 0x00000000
core   0: 0x8000380e (0x00000001) c.nop
core   0: 3 0x8000380e (0x0001)
core   0: 0x80003810 (0x02fe28b3) mulhsu  a7, t3, a5
core   0: 3 0x80003810 (0x02fe28b3) x17 0x00000000
core   0: 0x80003814 (0x00008471) c.srai  s0, 28
core   0: 3 0x80003814 (0x8471) x 8 0x00000000
core   0: 0x80003816 (0x02a7d963) bge     a5, a0, pc + 50
core   0: 3 0x80003816 (0x02a7d963)
core   0: 0x8000381a (0x00006871) c.lui   a6, 0x1c
core   0: 3 0x8000381a (0x6871) x16 0x0001c000
core   0: 0x8000381c (0x0000805d) c.srli  s0, 23
core   0: 3 0x8000381c (0x805d) x 8 0x00000000
core   0: 0x8000381e (0x00004465) c.li    s0, 25
core   0: 3 0x8000381e (0x4465) x 8 0x00000019
core   0: 0x80003820 (0xbd1fca13) xori    s4, t6, -1071
core   0: 3 0x80003820 (0xbd1fca13) x20 0xfffffdd9
core   0: 0x80003824 (0x00001efd) c.addi  t4, -1
core   0: 3 0x80003824 (0x1efd) x29 0x00000000
core   0: 0x80003826 (0x0266a6b3) mulhsu  a3, a3, t1
core   0: 3 0x80003826 (0x0266a6b3) x13 0x00003fff
core   0: 0x8000382a (0x0000445d) c.li    s0, 23
core   0: 3 0x8000382a (0x445d) x 8 0x00000017
core   0: 0x8000382c (0x00008c4e) c.mv    s8, s3
core   0: 3 0x8000382c (0x8c4e) x24 0x00000000
core   0: 0x8000382e (0x00000001) c.nop
core   0: 3 0x8000382e (0x0001)
core   0: 0x80003830 (0x00000001) c.nop
core   0: 3 0x80003830 (0x0001)
core   0: 0x80003832 (0x00000001) c.nop
core   0: 3 0x80003832 (0x0001)
core   0: 0x80003834 (0x02d0c833) div     a6, ra, a3
core   0: 3 0x80003834 (0x02d0c833) x16 0x00000001
core   0: 0x80003838 (0x24376813) ori     a6, a4, 579
core   0: 3 0x80003838 (0x24376813) x16 0x00004347
core   0: 0x8000383c (0x00000001) c.nop
core   0: 3 0x8000383c (0x0001)
core   0: 0x8000383e (0x00001ffd) c.addi  t6, -1
core   0: 3 0x8000383e (0x1ffd) x31 0x00000607
core   0: 0x80003840 (0x02bac733) div     a4, s5, a1
core   0: 3 0x80003840 (0x02bac733) x14 0xffffffff
core   0: 0x80003844 (0x03c44a63) blt     s0, t3, pc + 52
core   0: 3 0x80003844 (0x03c44a63)
core   0: 0x80003848 (0x56b48593) addi    a1, s1, 1387
core   0: 3 0x80003848 (0x56b48593) x11 0x0000056b
core   0: 0x8000384c (0x021212b3) mulh    t0, tp, ra
core   0: 3 0x8000384c (0x021212b3) x 5 0xffffd800
core   0: 0x80003850 (0x7b0d3d93) sltiu   s11, s10, 1968
core   0: 3 0x80003850 (0x7b0d3d93) x27 0x00000001
core   0: 0x80003854 (0x23388613) addi    a2, a7, 563
core   0: 3 0x80003854 (0x23388613) x12 0x00000233
core   0: 0x80003858 (0x00a1d1b3) srl     gp, gp, a0
core   0: 3 0x80003858 (0x00a1d1b3) x 3 0x800257a0
core   0: 0x8000385c (0x38bead93) slti    s11, t4, 907
core   0: 3 0x8000385c (0x38bead93) x27 0x00000001
core   0: 0x80003860 (0x0000c399) c.beqz  a5, pc + 6
core   0: 3 0x80003860 (0xc399)
core   0: 0x80003862 (0x0ff0000f) fence   iorw,iorw
core   0: 3 0x80003862 (0x0ff0000f)
core   0: 0x80003866 (0x05169063) bne     a3, a7, pc + 64
core   0: 3 0x80003866 (0x05169063)
core   0: 0x800038a6 (0x031b8933) mul     s2, s7, a7
core   0: 3 0x800038a6 (0x031b8933) x18 0x00000000
core   0: 0x800038aa (0x013ce533) or      a0, s9, s3
core   0: 3 0x800038aa (0x013ce533) x10 0x80025e64
core   0: 0x800038ae (0x03587333) remu    t1, a6, s5
core   0: 3 0x800038ae (0x03587333) x 6 0x00004347
core   0: 0x800038b2 (0x00985b13) srli    s6, a6, 9
core   0: 3 0x800038b2 (0x00985b13) x22 0x00000021
core   0: 0x800038b6 (0x00000090) c.addi4spn a2, sp, 64
core   0: 3 0x800038b6 (0x0090) x12 0xfffffa38
core   0: 0x800038b8 (0x000092e2) c.add   t0, s8
core   0: 3 0x800038b8 (0x92e2) x 5 0xffffd800
core   0: 0x800038ba (0x03b5ab33) mulhsu  s6, a1, s11
core   0: 3 0x800038ba (0x03b5ab33) x22 0x00000000
core   0: 0x800038be (0x001f17b3) sll     a5, t5, ra
core   0: 3 0x800038be (0x001f17b3) x15 0x00016000
core   0: 0x800038c2 (0x01f2e963) bltu    t0, t6, pc + 18
core   0: 3 0x800038c2 (0x01f2e963)
core   0: 0x800038c6 (0xb0827613) andi    a2, tp, -1272
core   0: 3 0x800038c6 (0xb0827613) x12 0x80000000
core   0: 0x800038ca (0x00008bd9) c.andi  a5, 22
core   0: 3 0x800038ca (0x8bd9) x15 0x00000000
core   0: 0x800038cc (0x005fce33) xor     t3, t6, t0
core   0: 3 0x800038cc (0x005fce33) x28 0xffffde07
core   0: 0x800038d0 (0xbe8c6517) auipc   a0, 0xbe8c6
core   0: 3 0x800038d0 (0xbe8c6517) x10 0x3e8c98d0
core   0: 0x800038d4 (0xc02cee13) ori     t3, s9, -1022
core   0: 3 0x800038d4 (0xc02cee13) x28 0xfffffe66
core   0: 0x800038d8 (0x0000640d) c.lui   s0, 0x3
core   0: 3 0x800038d8 (0x640d) x 8 0x00003000
core   0: 0x800038da (0x028de633) rem     a2, s11, s0
core   0: 3 0x800038da (0x028de633) x12 0x00000001
core   0: 0x800038de (0x00008ca9) c.xor   s1, a0
core   0: 3 0x800038de (0x8ca9) x 9 0x3e8c98d0
core   0: 0x800038e0 (0x417b5833) sra     a6, s6, s7
core   0: 3 0x800038e0 (0x417b5833) x16 0x00000000
core   0: 0x800038e4 (0x00008c59) c.or    s0, a4
core   0: 3 0x800038e4 (0x8c59) x 8 0xffffffff
core   0: 0x800038e6 (0x02fa9eb3) mulh    t4, s5, a5
core   0: 3 0x800038e6 (0x02fa9eb3) x29 0x00000000
core   0: 0x800038ea (0x00008772) c.mv    a4, t3
core   0: 3 0x800038ea (0x8772) x14 0xfffffe66
core   0: 0x800038ec (0x85c50593) addi    a1, a0, -1956
core   0: 3 0x800038ec (0x85c50593) x11 0x3e8c912c
core   0: 0x800038f0 (0x001499b3) sll     s3, s1, ra
core   0: 3 0x800038f0 (0x001499b3) x19 0x3e8c98d0
core   0: 0x800038f4 (0x41aa5e33) sra     t3, s4, s10
core   0: 3 0x800038f4 (0x41aa5e33) x28 0xfffffdd9
core   0: 0x800038f8 (0x0139d963) bge     s3, s3, pc + 18
core   0: 3 0x800038f8 (0x0139d963)
core   0: 0x8000390a (0x00008dc1) c.or    a1, s0
core   0: 3 0x8000390a (0x8dc1) x11 0xffffffff
core   0: 0x8000390c (0x054d7263) bgeu    s10, s4, pc + 68
core   0: 3 0x8000390c (0x054d7263)
core   0: 0x80003910 (0x002de4b3) or      s1, s11, sp
core   0: 3 0x80003910 (0x002de4b3) x 9 0xfffff9f9
core   0: 0x80003914 (0x00000c6e) c.slli  s8, 27
core   0: 3 0x80003914 (0x0c6e) x24 0x00000000
core   0: 0x80003916 (0x00005d7d) c.li    s10, -1
core   0: 3 0x80003916 (0x5d7d) x26 0xffffffff
core   0: 0x80003918 (0x6d023e13) sltiu   t3, tp, 1744
core   0: 3 0x80003918 (0x6d023e13) x28 0x00000000
core   0: 0x8000391c (0x00000116) c.slli  sp, 5
core   0: 3 0x8000391c (0x0116) x 2 0xffff3f00
core   0: 0x8000391e (0x49b7c113) xori    sp, a5, 1179
core   0: 3 0x8000391e (0x49b7c113) x 2 0x0000049b
core   0: 0x80003922 (0xcc500e13) li      t3, -827
core   0: 3 0x80003922 (0xcc500e13) x28 0xfffffcc5
core   0: 0x80003926 (0x01cadf33) srl     t5, s5, t3
core   0: 3 0x80003926 (0x01cadf33) x30 0x040014e7
core   0: 0x8000392a (0x00006e45) c.lui   t3, 0x11
core   0: 3 0x8000392a (0x6e45) x28 0x00011000
core   0: 0x8000392c (0x0000717d) c.addi16sp sp, -16
core   0: 3 0x8000392c (0x717d) x 2 0x0000048b
core   0: 0x8000392e (0x03ea12b3) mulh    t0, s4, t5
core   0: 3 0x8000392e (0x03ea12b3) x 5 0xfffffff7
core   0: 0x80003932 (0x01f1b6b3) sltu    a3, gp, t6
core   0: 3 0x80003932 (0x01f1b6b3) x13 0x00000000
core   0: 0x80003936 (0x0000969a) c.add   a3, t1
core   0: 3 0x80003936 (0x969a) x13 0x00004347
core   0: 0x80003938 (0x78f80c37) lui     s8, 0x78f80
core   0: 3 0x80003938 (0x78f80c37) x24 0x78f80000
core   0: 0x8000393c (0x038a68b3) rem     a7, s4, s8
core   0: 3 0x8000393c (0x038a68b3) x17 0xfffffdd9
core   0: 0x80003940 (0x0011d2b3) srl     t0, gp, ra
core   0: 3 0x80003940 (0x0011d2b3) x 5 0x800257a0
core   0: 0x80003944 (0x0159beb3) sltu    t4, s3, s5
core   0: 3 0x80003944 (0x0159beb3) x29 0x00000001
core   0: 0x80003948 (0x0061f433) and     s0, gp, t1
core   0: 3 0x80003948 (0x0061f433) x 8 0x00004300
core   0: 0x8000394c (0x02ab4c63) blt     s6, a0, pc + 56
core   0: 3 0x8000394c (0x02ab4c63)
core   0: 0x80003984 (0x413b5fb3) sra     t6, s6, s3
core   0: 3 0x80003984 (0x413b5fb3) x31 0x00000000
core   0: 0x80003988 (0x00000217) auipc   tp, 0x0
core   0: 3 0x80003988 (0x00000217) x 4 0x80003988
core   0: 0x8000398c (0x00c20213) addi    tp, tp, 12
core   0: 3 0x8000398c (0x00c20213) x 4 0x80003994
core   0: 0x80003990 (0x00020067) jr      tp
core   0: 3 0x80003990 (0x00020067)
core   0: 0x80003994 (0x00004185) c.li    gp, 1
core   0: 3 0x80003994 (0x4185) x 3 0x00000001
core   0: 0x80003996 (0x00000073) ecall
core   0: exception trap_machine_ecall, epc 0x80003996
core   0: >>>>  mtvec_handler
core   0: 0x8000f6f0 (0x0400006f) j       pc + 0x40
core   0: 3 0x8000f6f0 (0x0400006f)
core   0: 0x8000f730 (0x00001af1) c.addi  s5, -4
core   0: 3 0x8000f730 (0x1af1) x21 0x80029ce0
core   0: 0x8000f732 (0x019aa023) sw      s9, 0(s5)
core   0: 3 0x8000f732 (0x019aa023) mem 0x80029ce0 0x80025e64
core   0: 0x8000f736 (0x000a8cb3) add     s9, s5, zero
core   0: 3 0x8000f736 (0x000a8cb3) x25 0x80029ce0
core   0: 0x8000f73a (0xf80c8c93) addi    s9, s9, -128
core   0: 3 0x8000f73a (0xf80c8c93) x25 0x80029c60
core   0: 0x8000f73e (0x001ca223) sw      ra, 4(s9)
core   0: 3 0x8000f73e (0x001ca223) mem 0x80029c64 0x00005000
core   0: 0x8000f742 (0x002ca423) sw      sp, 8(s9)
core   0: 3 0x8000f742 (0x002ca423) mem 0x80029c68 0x0000048b
core   0: 0x8000f746 (0x003ca623) sw      gp, 12(s9)
core   0: 3 0x8000f746 (0x003ca623) mem 0x80029c6c 0x00000001
core   0: 0x8000f74a (0x004ca823) sw      tp, 16(s9)
core   0: 3 0x8000f74a (0x004ca823) mem 0x80029c70 0x80003994
core   0: 0x8000f74e (0x005caa23) sw      t0, 20(s9)
core   0: 3 0x8000f74e (0x005caa23) mem 0x80029c74 0x800257a0
core   0: 0x8000f752 (0x006cac23) sw      t1, 24(s9)
core   0: 3 0x8000f752 (0x006cac23) mem 0x80029c78 0x00004347
core   0: 0x8000f756 (0x007cae23) sw      t2, 28(s9)
core   0: 3 0x8000f756 (0x007cae23) mem 0x80029c7c 0xfffffd38
core   0: 0x8000f75a (0x028ca023) sw      s0, 32(s9)
core   0: 3 0x8000f75a (0x028ca023) mem 0x80029c80 0x00004300
core   0: 0x8000f75e (0x029ca223) sw      s1, 36(s9)
core   0: 3 0x8000f75e (0x029ca223) mem 0x80029c84 0xfffff9f9
core   0: 0x8000f762 (0x02aca423) sw      a0, 40(s9)
core   0: 3 0x8000f762 (0x02aca423) mem 0x80029c88 0x3e8c98d0
core   0: 0x8000f766 (0x02bca623) sw      a1, 44(s9)
core   0: 3 0x8000f766 (0x02bca623) mem 0x80029c8c 0xffffffff
core   0: 0x8000f76a (0x02cca823) sw      a2, 48(s9)
core   0: 3 0x8000f76a (0x02cca823) mem 0x80029c90 0x00000001
core   0: 0x8000f76e (0x02dcaa23) sw      a3, 52(s9)
core   0: 3 0x8000f76e (0x02dcaa23) mem 0x80029c94 0x00004347
core   0: 0x8000f772 (0x02ecac23) sw      a4, 56(s9)
core   0: 3 0x8000f772 (0x02ecac23) mem 0x80029c98 0xfffffe66
core   0: 0x8000f776 (0x02fcae23) sw      a5, 60(s9)
core   0: 3 0x8000f776 (0x02fcae23) mem 0x80029c9c 0x00000000
core   0: 0x8000f77a (0x050ca023) sw      a6, 64(s9)
core   0: 3 0x8000f77a (0x050ca023) mem 0x80029ca0 0x00000000
core   0: 0x8000f77e (0x051ca223) sw      a7, 68(s9)
core   0: 3 0x8000f77e (0x051ca223) mem 0x80029ca4 0xfffffdd9
core   0: 0x8000f782 (0x052ca423) sw      s2, 72(s9)
core   0: 3 0x8000f782 (0x052ca423) mem 0x80029ca8 0x00000000
core   0: 0x8000f786 (0x053ca623) sw      s3, 76(s9)
core   0: 3 0x8000f786 (0x053ca623) mem 0x80029cac 0x3e8c98d0
core   0: 0x8000f78a (0x054ca823) sw      s4, 80(s9)
core   0: 3 0x8000f78a (0x054ca823) mem 0x80029cb0 0xfffffdd9
core   0: 0x8000f78e (0x055caa23) sw      s5, 84(s9)
core   0: 3 0x8000f78e (0x055caa23) mem 0x80029cb4 0x80029ce0
core   0: 0x8000f792 (0x056cac23) sw      s6, 88(s9)
core   0: 3 0x8000f792 (0x056cac23) mem 0x80029cb8 0x00000000
core   0: 0x8000f796 (0x057cae23) sw      s7, 92(s9)
core   0: 3 0x8000f796 (0x057cae23) mem 0x80029cbc 0x00000000
core   0: 0x8000f79a (0x078ca023) sw      s8, 96(s9)
core   0: 3 0x8000f79a (0x078ca023) mem 0x80029cc0 0x78f80000
core   0: 0x8000f79e (0x079ca223) sw      s9, 100(s9)
core   0: 3 0x8000f79e (0x079ca223) mem 0x80029cc4 0x80029c60
core   0: 0x8000f7a2 (0x07aca423) sw      s10, 104(s9)
core   0: 3 0x8000f7a2 (0x07aca423) mem 0x80029cc8 0xffffffff
core   0: 0x8000f7a6 (0x07bca623) sw      s11, 108(s9)
core   0: 3 0x8000f7a6 (0x07bca623) mem 0x80029ccc 0x00000001
core   0: 0x8000f7aa (0x07cca823) sw      t3, 112(s9)
core   0: 3 0x8000f7aa (0x07cca823) mem 0x80029cd0 0x00011000
core   0: 0x8000f7ae (0x07dcaa23) sw      t4, 116(s9)
core   0: 3 0x8000f7ae (0x07dcaa23) mem 0x80029cd4 0x00000001
core   0: 0x8000f7b2 (0x07ecac23) sw      t5, 120(s9)
core   0: 3 0x8000f7b2 (0x07ecac23) mem 0x80029cd8 0x040014e7
core   0: 0x8000f7b6 (0x07fcae23) sw      t6, 124(s9)
core   0: 3 0x8000f7b6 (0x07fcae23) mem 0x80029cdc 0x00000000
core   0: 0x8000f7ba (0x000c8ab3) add     s5, s9, zero
core   0: 3 0x8000f7ba (0x000c8ab3) x21 0x80029c60
core   0: 0x8000f7be (0x34102a73) csrr    s4, mepc
core   0: 3 0x8000f7be (0x34102a73) x20 0x80003996
core   0: 0x8000f7c2 (0x34202a73) csrr    s4, mcause
core   0: 3 0x8000f7c2 (0x34202a73) x20 0x0000000b
core   0: 0x8000f7c6 (0x0000458d) c.li    a1, 3
core   0: 3 0x8000f7c6 (0x458d) x11 0x00000003
core   0: 0x8000f7c8 (0x28ba0d63) beq     s4, a1, pc + 666
core   0: 3 0x8000f7c8 (0x28ba0d63)
core   0: 0x8000f7cc (0x000045a1) c.li    a1, 8
core   0: 3 0x8000f7cc (0x45a1) x11 0x00000008
core   0: 0x8000f7ce (0x04ba0563) beq     s4, a1, pc + 74
core   0: 3 0x8000f7ce (0x04ba0563)
core   0: 0x8000f7d2 (0x000045a5) c.li    a1, 9
core   0: 3 0x8000f7d2 (0x45a5) x11 0x00000009
core   0: 0x8000f7d4 (0x04ba0263) beq     s4, a1, pc + 68
core   0: 3 0x8000f7d4 (0x04ba0263)
core   0: 0x8000f7d8 (0x000045ad) c.li    a1, 11
core   0: 3 0x8000f7d8 (0x45ad) x11 0x0000000b
core   0: 0x8000f7da (0x02ba0f63) beq     s4, a1, pc + 62
core   0: 3 0x8000f7da (0x02ba0f63)
core   0: 0x8000f818 (0xffff0a17) auipc   s4, 0xffff0
core   0: 3 0x8000f818 (0xffff0a17) x20 0x7ffff818
core   0: 0x8000f81c (0x7e8a0a13) addi    s4, s4, 2024
core   0: 3 0x8000f81c (0x7e8a0a13) x20 0x80000000
core   0: 0x8000f820 (0x000a2023) sw      zero, 0(s4)
core   0: 3 0x8000f820 (0x000a2023) mem 0x80000000 0x00000000
core   0: 0x8000f824 (0x001a2223) sw      ra, 4(s4)
core   0: 3 0x8000f824 (0x001a2223) mem 0x80000004 0x00005000
core   0: 0x8000f828 (0x002a2423) sw      sp, 8(s4)
core   0: 3 0x8000f828 (0x002a2423) mem 0x80000008 0x0000048b
core   0: 0x8000f82c (0x003a2623) sw      gp, 12(s4)
core   0: 3 0x8000f82c (0x003a2623) mem 0x8000000c 0x00000001
core   0: 0x8000f830 (0x004a2823) sw      tp, 16(s4)
core   0: 3 0x8000f830 (0x004a2823) mem 0x80000010 0x80003994
core   0: 0x8000f834 (0x005a2a23) sw      t0, 20(s4)
core   0: 3 0x8000f834 (0x005a2a23) mem 0x80000014 0x800257a0
core   0: 0x8000f838 (0x006a2c23) sw      t1, 24(s4)
core   0: 3 0x8000f838 (0x006a2c23) mem 0x80000018 0x00004347
core   0: 0x8000f83c (0x007a2e23) sw      t2, 28(s4)
core   0: 3 0x8000f83c (0x007a2e23) mem 0x8000001c 0xfffffd38
core   0: 0x8000f840 (0x028a2023) sw      s0, 32(s4)
core   0: 3 0x8000f840 (0x028a2023) mem 0x80000020 0x00004300
core   0: 0x8000f844 (0x029a2223) sw      s1, 36(s4)
core   0: 3 0x8000f844 (0x029a2223) mem 0x80000024 0xfffff9f9
core   0: 0x8000f848 (0x02aa2423) sw      a0, 40(s4)
core   0: 3 0x8000f848 (0x02aa2423) mem 0x80000028 0x3e8c98d0
core   0: 0x8000f84c (0x02ba2623) sw      a1, 44(s4)
core   0: 3 0x8000f84c (0x02ba2623) mem 0x8000002c 0x0000000b
core   0: 0x8000f850 (0x02ca2823) sw      a2, 48(s4)
core   0: 3 0x8000f850 (0x02ca2823) mem 0x80000030 0x00000001
core   0: 0x8000f854 (0x02da2a23) sw      a3, 52(s4)
core   0: 3 0x8000f854 (0x02da2a23) mem 0x80000034 0x00004347
core   0: 0x8000f858 (0x02ea2c23) sw      a4, 56(s4)
core   0: 3 0x8000f858 (0x02ea2c23) mem 0x80000038 0xfffffe66
core   0: 0x8000f85c (0x02fa2e23) sw      a5, 60(s4)
core   0: 3 0x8000f85c (0x02fa2e23) mem 0x8000003c 0x00000000
core   0: 0x8000f860 (0x050a2023) sw      a6, 64(s4)
core   0: 3 0x8000f860 (0x050a2023) mem 0x80000040 0x00000000
core   0: 0x8000f864 (0x051a2223) sw      a7, 68(s4)
core   0: 3 0x8000f864 (0x051a2223) mem 0x80000044 0xfffffdd9
core   0: 0x8000f868 (0x052a2423) sw      s2, 72(s4)
core   0: 3 0x8000f868 (0x052a2423) mem 0x80000048 0x00000000
core   0: 0x8000f86c (0x053a2623) sw      s3, 76(s4)
core   0: 3 0x8000f86c (0x053a2623) mem 0x8000004c 0x3e8c98d0
core   0: 0x8000f870 (0x054a2823) sw      s4, 80(s4)
core   0: 3 0x8000f870 (0x054a2823) mem 0x80000050 0x80000000
core   0: 0x8000f874 (0x055a2a23) sw      s5, 84(s4)
core   0: 3 0x8000f874 (0x055a2a23) mem 0x80000054 0x80029c60
core   0: 0x8000f878 (0x056a2c23) sw      s6, 88(s4)
core   0: 3 0x8000f878 (0x056a2c23) mem 0x80000058 0x00000000
core   0: 0x8000f87c (0x057a2e23) sw      s7, 92(s4)
core   0: 3 0x8000f87c (0x057a2e23) mem 0x8000005c 0x00000000
core   0: 0x8000f880 (0x078a2023) sw      s8, 96(s4)
core   0: 3 0x8000f880 (0x078a2023) mem 0x80000060 0x78f80000
core   0: 0x8000f884 (0x079a2223) sw      s9, 100(s4)
core   0: 3 0x8000f884 (0x079a2223) mem 0x80000064 0x80029c60
core   0: 0x8000f888 (0x07aa2423) sw      s10, 104(s4)
core   0: 3 0x8000f888 (0x07aa2423) mem 0x80000068 0xffffffff
core   0: 0x8000f88c (0x07ba2623) sw      s11, 108(s4)
core   0: 3 0x8000f88c (0x07ba2623) mem 0x8000006c 0x00000001
core   0: 0x8000f890 (0x07ca2823) sw      t3, 112(s4)
core   0: 3 0x8000f890 (0x07ca2823) mem 0x80000070 0x00011000
core   0: 0x8000f894 (0x07da2a23) sw      t4, 116(s4)
core   0: 3 0x8000f894 (0x07da2a23) mem 0x80000074 0x00000001
core   0: 0x8000f898 (0x07ea2c23) sw      t5, 120(s4)
core   0: 3 0x8000f898 (0x07ea2c23) mem 0x80000078 0x040014e7
core   0: 0x8000f89c (0x07fa2e23) sw      t6, 124(s4)
core   0: 3 0x8000f89c (0x07fa2e23) mem 0x8000007c 0x00000000
core   0: 0x8000f8a0 (0xfffff217) auipc   tp, 0xfffff
core   0: 3 0x8000f8a0 (0xfffff217) x 4 0x8000e8a0
core   0: 0x8000f8a4 (0x45620213) addi    tp, tp, 1110
core   0: 3 0x8000f8a4 (0x45620213) x 4 0x8000ecf6
core   0: 0x8000f8a8 (0x00020067) jr      tp
core   0: 3 0x8000f8a8 (0x00020067)
core   0: 0x8000ecf6 (0x00001f17) auipc   t5, 0x1
core   0: 3 0x8000ecf6 (0x00001f17) x30 0x8000fcf6
core   0: 0x8000ecfa (0x303f2523) sw      gp, 778(t5)
core   0: 3 0x8000ecfa (0x303f2523) mem 0x80010000 0x00000001
core   0: 0x8000ecfe (0x0000bfe5) c.j     pc - 8
core   0: 3 0x8000ecfe (0xbfe5)
core   0: 0x8000ecf6 (0x00001f17) auipc   t5, 0x1
core   0: 3 0x8000ecf6 (0x00001f17) x30 0x8000fcf6
core   0: 0x8000ecfa (0x303f2523) sw      gp, 778(t5)
core   0: 3 0x8000ecfa (0x303f2523) mem 0x80010000 0x00000001
core   0: 0x8000ecfe (0x0000bfe5) c.j     pc - 8
core   0: 3 0x8000ecfe (0xbfe5)
core   0: 0x8000ecf6 (0x00001f17) auipc   t5, 0x1
core   0: 3 0x8000ecf6 (0x00001f17) x30 0x8000fcf6
core   0: 0x8000ecfa (0x303f2523) sw      gp, 778(t5)
core   0: 3 0x8000ecfa (0x303f2523) mem 0x80010000 0x00000001
core   0: 0x8000ecfe (0x0000bfe5) c.j     pc - 8
core   0: 3 0x8000ecfe (0xbfe5)
core   0: 0x8000ecf6 (0x00001f17) auipc   t5, 0x1
core   0: 3 0x8000ecf6 (0x00001f17) x30 0x8000fcf6
core   0: 0x8000ecfa (0x303f2523) sw      gp, 778(t5)
core   0: 3 0x8000ecfa (0x303f2523) mem 0x80010000 0x00000001
core   0: 0x8000ecfe (0x0000bfe5) c.j     pc - 8
core   0: 3 0x8000ecfe (0xbfe5)
core   0: 0x8000ecf6 (0x00001f17) auipc   t5, 0x1
core   0: 3 0x8000ecf6 (0x00001f17) x30 0x8000fcf6
core   0: 0x8000ecfa (0x303f2523) sw      gp, 778(t5)
core   0: 3 0x8000ecfa (0x303f2523) mem 0x80010000 0x00000001
core   0: 0x8000ecfe (0x0000bfe5) c.j     pc - 8
core   0: 3 0x8000ecfe (0xbfe5)
core   0: 0x8000ecf6 (0x00001f17) auipc   t5, 0x1
core   0: 3 0x8000ecf6 (0x00001f17) x30 0x8000fcf6
core   0: 0x8000ecfa (0x303f2523) sw      gp, 778(t5)
core   0: 3 0x8000ecfa (0x303f2523) mem 0x80010000 0x00000001
core   0: 0x8000ecfe (0x0000bfe5) c.j     pc - 8
core   0: 3 0x8000ecfe (0xbfe5)
core   0: 0x8000ecf6 (0x00001f17) auipc   t5, 0x1
core   0: 3 0x8000ecf6 (0x00001f17) x30 0x8000fcf6
core   0: 0x8000ecfa (0x303f2523) sw      gp, 778(t5)
core   0: 3 0x8000ecfa (0x303f2523) mem 0x80010000 0x00000001
core   0: 0x8000ecfe (0x0000bfe5) c.j     pc - 8
core   0: 3 0x8000ecfe (0xbfe5)
core   0: 0x8000ecf6 (0x00001f17) auipc   t5, 0x1
core   0: 3 0x8000ecf6 (0x00001f17) x30 0x8000fcf6
core   0: 0x8000ecfa (0x303f2523) sw      gp, 778(t5)
core   0: 3 0x8000ecfa (0x303f2523) mem 0x80010000 0x00000001
core   0: 0x8000ecfe (0x0000bfe5) c.j     pc - 8
core   0: 3 0x8000ecfe (0xbfe5)
core   0: 0x8000ecf6 (0x00001f17) auipc   t5, 0x1
core   0: 3 0x8000ecf6 (0x00001f17) x30 0x8000fcf6
core   0: 0x8000ecfa (0x303f2523) sw      gp, 778(t5)
core   0: 3 0x8000ecfa (0x303f2523) mem 0x80010000 0x00000001
core   0: 0x8000ecfe (0x0000bfe5) c.j     pc - 8
core   0: 3 0x8000ecfe (0xbfe5)
core   0: 0x8000ecf6 (0x00001f17) auipc   t5, 0x1
core   0: 3 0x8000ecf6 (0x00001f17) x30 0x8000fcf6
core   0: 0x8000ecfa (0x303f2523) sw      gp, 778(t5)
core   0: 3 0x8000ecfa (0x303f2523) mem 0x80010000 0x00000001
core   0: 0x8000ecfe (0x0000bfe5) c.j     pc - 8
core   0: 3 0x8000ecfe (0xbfe5)
core   0: 0x8000ecf6 (0x00001f17) auipc   t5, 0x1
core   0: 3 0x8000ecf6 (0x00001f17) x30 0x8000fcf6
core   0: 0x8000ecfa (0x303f2523) sw      gp, 778(t5)
core   0: 3 0x8000ecfa (0x303f2523) mem 0x80010000 0x00000001
core   0: 0x8000ecfe (0x0000bfe5) c.j     pc - 8
core   0: 3 0x8000ecfe (0xbfe5)
core   0: 0x8000ecf6 (0x00001f17) auipc   t5, 0x1
core   0: 3 0x8000ecf6 (0x00001f17) x30 0x8000fcf6
core   0: 0x8000ecfa (0x303f2523) sw      gp, 778(t5)
core   0: 3 0x8000ecfa (0x303f2523) mem 0x80010000 0x00000001
core   0: 0x8000ecfe (0x0000bfe5) c.j     pc - 8
core   0: 3 0x8000ecfe (0xbfe5)
core   0: 0x8000ecf6 (0x00001f17) auipc   t5, 0x1
core   0: 3 0x8000ecf6 (0x00001f17) x30 0x8000fcf6
core   0: 0x8000ecfa (0x303f2523) sw      gp, 778(t5)
core   0: 3 0x8000ecfa (0x303f2523) mem 0x80010000 0x00000001
core   0: 0x8000ecfe (0x0000bfe5) c.j     pc - 8
core   0: 3 0x8000ecfe (0xbfe5)
core   0: 0x8000ecf6 (0x00001f17) auipc   t5, 0x1
core   0: 3 0x8000ecf6 (0x00001f17) x30 0x8000fcf6
core   0: 0x8000ecfa (0x303f2523) sw      gp, 778(t5)
core   0: 3 0x8000ecfa (0x303f2523) mem 0x80010000 0x00000001
core   0: 0x8000ecfe (0x0000bfe5) c.j     pc - 8
core   0: 3 0x8000ecfe (0xbfe5)
core   0: 0x8000ecf6 (0x00001f17) auipc   t5, 0x1
core   0: 3 0x8000ecf6 (0x00001f17) x30 0x8000fcf6
core   0: 0x8000ecfa (0x303f2523) sw      gp, 778(t5)
core   0: 3 0x8000ecfa (0x303f2523) mem 0x80010000 0x00000001
core   0: 0x8000ecfe (0x0000bfe5) c.j     pc - 8
core   0: 3 0x8000ecfe (0xbfe5)
core   0: 0x8000ecf6 (0x00001f17) auipc   t5, 0x1
core   0: 3 0x8000ecf6 (0x00001f17) x30 0x8000fcf6
core   0: 0x8000ecfa (0x303f2523) sw      gp, 778(t5)
core   0: 3 0x8000ecfa (0x303f2523) mem 0x80010000 0x00000001
core   0: 0x8000ecfe (0x0000bfe5) c.j     pc - 8
core   0: 3 0x8000ecfe (0xbfe5)
core   0: 0x8000ecf6 (0x00001f17) auipc   t5, 0x1
core   0: 3 0x8000ecf6 (0x00001f17) x30 0x8000fcf6
core   0: 0x8000ecfa (0x303f2523) sw      gp, 778(t5)
core   0: 3 0x8000ecfa (0x303f2523) mem 0x80010000 0x00000001
core   0: 0x8000ecfe (0x0000bfe5) c.j     pc - 8
core   0: 3 0x8000ecfe (0xbfe5)
core   0: 0x8000ecf6 (0x00001f17) auipc   t5, 0x1
core   0: 3 0x8000ecf6 (0x00001f17) x30 0x8000fcf6
core   0: 0x8000ecfa (0x303f2523) sw      gp, 778(t5)
core   0: 3 0x8000ecfa (0x303f2523) mem 0x80010000 0x00000001
core   0: 0x8000ecfe (0x0000bfe5) c.j     pc - 8
core   0: 3 0x8000ecfe (0xbfe5)
core   0: 0x8000ecf6 (0x00001f17) auipc   t5, 0x1
core   0: 3 0x8000ecf6 (0x00001f17) x30 0x8000fcf6
core   0: 0x8000ecfa (0x303f2523) sw      gp, 778(t5)
core   0: 3 0x8000ecfa (0x303f2523) mem 0x80010000 0x00000001
core   0: 0x8000ecfe (0x0000bfe5) c.j     pc - 8
core   0: 3 0x8000ecfe (0xbfe5)
core   0: 0x8000ecf6 (0x00001f17) auipc   t5, 0x1
core   0: 3 0x8000ecf6 (0x00001f17) x30 0x8000fcf6
core   0: 0x8000ecfa (0x303f2523) sw      gp, 778(t5)
core   0: 3 0x8000ecfa (0x303f2523) mem 0x80010000 0x00000001
core   0: 0x8000ecfe (0x0000bfe5) c.j     pc - 8
core   0: 3 0x8000ecfe (0xbfe5)
core   0: 0x8000ecf6 (0x00001f17) auipc   t5, 0x1
core   0: 3 0x8000ecf6 (0x00001f17) x30 0x8000fcf6
core   0: 0x8000ecfa (0x303f2523) sw      gp, 778(t5)
core   0: 3 0x8000ecfa (0x303f2523) mem 0x80010000 0x00000001
core   0: 0x8000ecfe (0x0000bfe5) c.j     pc - 8
core   0: 3 0x8000ecfe (0xbfe5)
core   0: 0x8000ecf6 (0x00001f17) auipc   t5, 0x1
core   0: 3 0x8000ecf6 (0x00001f17) x30 0x8000fcf6
core   0: 0x8000ecfa (0x303f2523) sw      gp, 778(t5)
core   0: 3 0x8000ecfa (0x303f2523) mem 0x80010000 0x00000001
core   0: 0x8000ecfe (0x0000bfe5) c.j     pc - 8
core   0: 3 0x8000ecfe (0xbfe5)
core   0: 0x8000ecf6 (0x00001f17) auipc   t5, 0x1
core   0: 3 0x8000ecf6 (0x00001f17) x30 0x8000fcf6
core   0: 0x8000ecfa (0x303f2523) sw      gp, 778(t5)
core   0: 3 0x8000ecfa (0x303f2523) mem 0x80010000 0x00000001
core   0: 0x8000ecfe (0x0000bfe5) c.j     pc - 8
core   0: 3 0x8000ecfe (0xbfe5)
core   0: 0x8000ecf6 (0x00001f17) auipc   t5, 0x1
core   0: 3 0x8000ecf6 (0x00001f17) x30 0x8000fcf6
core   0: 0x8000ecfa (0x303f2523) sw      gp, 778(t5)
core   0: 3 0x8000ecfa (0x303f2523) mem 0x80010000 0x00000001
core   0: 0x8000ecfe (0x0000bfe5) c.j     pc - 8
core   0: 3 0x8000ecfe (0xbfe5)
core   0: 0x8000ecf6 (0x00001f17) auipc   t5, 0x1
core   0: 3 0x8000ecf6 (0x00001f17) x30 0x8000fcf6
core   0: 0x8000ecfa (0x303f2523) sw      gp, 778(t5)
core   0: 3 0x8000ecfa (0x303f2523) mem 0x80010000 0x00000001
core   0: 0x8000ecfe (0x0000bfe5) c.j     pc - 8
core   0: 3 0x8000ecfe (0xbfe5)
core   0: 0x8000ecf6 (0x00001f17) auipc   t5, 0x1
core   0: 3 0x8000ecf6 (0x00001f17) x30 0x8000fcf6
core   0: 0x8000ecfa (0x303f2523) sw      gp, 778(t5)
core   0: 3 0x8000ecfa (0x303f2523) mem 0x80010000 0x00000001
core   0: 0x8000ecfe (0x0000bfe5) c.j     pc - 8
core   0: 3 0x8000ecfe (0xbfe5)
core   0: 0x8000ecf6 (0x00001f17) auipc   t5, 0x1
core   0: 3 0x8000ecf6 (0x00001f17) x30 0x8000fcf6
core   0: 0x8000ecfa (0x303f2523) sw      gp, 778(t5)
core   0: 3 0x8000ecfa (0x303f2523) mem 0x80010000 0x00000001
core   0: 0x8000ecfe (0x0000bfe5) c.j     pc - 8
core   0: 3 0x8000ecfe (0xbfe5)
core   0: 0x8000ecf6 (0x00001f17) auipc   t5, 0x1
core   0: 3 0x8000ecf6 (0x00001f17) x30 0x8000fcf6
core   0: 0x8000ecfa (0x303f2523) sw      gp, 778(t5)
core   0: 3 0x8000ecfa (0x303f2523) mem 0x80010000 0x00000001
core   0: 0x8000ecfe (0x0000bfe5) c.j     pc - 8
core   0: 3 0x8000ecfe (0xbfe5)
core   0: 0x8000ecf6 (0x00001f17) auipc   t5, 0x1
core   0: 3 0x8000ecf6 (0x00001f17) x30 0x8000fcf6
core   0: 0x8000ecfa (0x303f2523) sw      gp, 778(t5)
core   0: 3 0x8000ecfa (0x303f2523) mem 0x80010000 0x00000001
core   0: 0x8000ecfe (0x0000bfe5) c.j     pc - 8
core   0: 3 0x8000ecfe (0xbfe5)
core   0: 0x8000ecf6 (0x00001f17) auipc   t5, 0x1
core   0: 3 0x8000ecf6 (0x00001f17) x30 0x8000fcf6
core   0: 0x8000ecfa (0x303f2523) sw      gp, 778(t5)
core   0: 3 0x8000ecfa (0x303f2523) mem 0x80010000 0x00000001
core   0: 0x8000ecfe (0x0000bfe5) c.j     pc - 8
core   0: 3 0x8000ecfe (0xbfe5)
core   0: 0x8000ecf6 (0x00001f17) auipc   t5, 0x1
core   0: 3 0x8000ecf6 (0x00001f17) x30 0x8000fcf6
core   0: 0x8000ecfa (0x303f2523) sw      gp, 778(t5)
core   0: 3 0x8000ecfa (0x303f2523) mem 0x80010000 0x00000001
core   0: 0x8000ecfe (0x0000bfe5) c.j     pc - 8
core   0: 3 0x8000ecfe (0xbfe5)
core   0: 0x8000ecf6 (0x00001f17) auipc   t5, 0x1
core   0: 3 0x8000ecf6 (0x00001f17) x30 0x8000fcf6
core   0: 0x8000ecfa (0x303f2523) sw      gp, 778(t5)
core   0: 3 0x8000ecfa (0x303f2523) mem 0x80010000 0x00000001
core   0: 0x8000ecfe (0x0000bfe5) c.j     pc - 8
core   0: 3 0x8000ecfe (0xbfe5)
core   0: 0x8000ecf6 (0x00001f17) auipc   t5, 0x1
core   0: 3 0x8000ecf6 (0x00001f17) x30 0x8000fcf6
core   0: 0x8000ecfa (0x303f2523) sw      gp, 778(t5)
core   0: 3 0x8000ecfa (0x303f2523) mem 0x80010000 0x00000001
core   0: 0x8000ecfe (0x0000bfe5) c.j     pc - 8
core   0: 3 0x8000ecfe (0xbfe5)
core   0: 0x8000ecf6 (0x00001f17) auipc   t5, 0x1
core   0: 3 0x8000ecf6 (0x00001f17) x30 0x8000fcf6
core   0: 0x8000ecfa (0x303f2523) sw      gp, 778(t5)
core   0: 3 0x8000ecfa (0x303f2523) mem 0x80010000 0x00000001
core   0: 0x8000ecfe (0x0000bfe5) c.j     pc - 8
core   0: 3 0x8000ecfe (0xbfe5)
core   0: 0x8000ecf6 (0x00001f17) auipc   t5, 0x1
core   0: 3 0x8000ecf6 (0x00001f17) x30 0x8000fcf6
core   0: 0x8000ecfa (0x303f2523) sw      gp, 778(t5)
core   0: 3 0x8000ecfa (0x303f2523) mem 0x80010000 0x00000001
core   0: 0x8000ecfe (0x0000bfe5) c.j     pc - 8
core   0: 3 0x8000ecfe (0xbfe5)
core   0: 0x8000ecf6 (0x00001f17) auipc   t5, 0x1
core   0: 3 0x8000ecf6 (0x00001f17) x30 0x8000fcf6
core   0: 0x8000ecfa (0x303f2523) sw      gp, 778(t5)
core   0: 3 0x8000ecfa (0x303f2523) mem 0x80010000 0x00000001
core   0: 0x8000ecfe (0x0000bfe5) c.j     pc - 8
core   0: 3 0x8000ecfe (0xbfe5)
core   0: 0x8000ecf6 (0x00001f17) auipc   t5, 0x1
core   0: 3 0x8000ecf6 (0x00001f17) x30 0x8000fcf6
core   0: 0x8000ecfa (0x303f2523) sw      gp, 778(t5)
core   0: 3 0x8000ecfa (0x303f2523) mem 0x80010000 0x00000001
core   0: 0x8000ecfe (0x0000bfe5) c.j     pc - 8
core   0: 3 0x8000ecfe (0xbfe5)
core   0: 0x8000ecf6 (0x00001f17) auipc   t5, 0x1
core   0: 3 0x8000ecf6 (0x00001f17) x30 0x8000fcf6
core   0: 0x8000ecfa (0x303f2523) sw      gp, 778(t5)
core   0: 3 0x8000ecfa (0x303f2523) mem 0x80010000 0x00000001
core   0: 0x8000ecfe (0x0000bfe5) c.j     pc - 8
core   0: 3 0x8000ecfe (0xbfe5)
core   0: 0x8000ecf6 (0x00001f17) auipc   t5, 0x1
core   0: 3 0x8000ecf6 (0x00001f17) x30 0x8000fcf6
core   0: 0x8000ecfa (0x303f2523) sw      gp, 778(t5)
core   0: 3 0x8000ecfa (0x303f2523) mem 0x80010000 0x00000001
core   0: 0x8000ecfe (0x0000bfe5) c.j     pc - 8
core   0: 3 0x8000ecfe (0xbfe5)
core   0: 0x8000ecf6 (0x00001f17) auipc   t5, 0x1
core   0: 3 0x8000ecf6 (0x00001f17) x30 0x8000fcf6
core   0: 0x8000ecfa (0x303f2523) sw      gp, 778(t5)
core   0: 3 0x8000ecfa (0x303f2523) mem 0x80010000 0x00000001
core   0: 0x8000ecfe (0x0000bfe5) c.j     pc - 8
core   0: 3 0x8000ecfe (0xbfe5)
core   0: 0x8000ecf6 (0x00001f17) auipc   t5, 0x1
core   0: 3 0x8000ecf6 (0x00001f17) x30 0x8000fcf6
core   0: 0x8000ecfa (0x303f2523) sw      gp, 778(t5)
core   0: 3 0x8000ecfa (0x303f2523) mem 0x80010000 0x00000001
core   0: 0x8000ecfe (0x0000bfe5) c.j     pc - 8
core   0: 3 0x8000ecfe (0xbfe5)
core   0: 0x8000ecf6 (0x00001f17) auipc   t5, 0x1
core   0: 3 0x8000ecf6 (0x00001f17) x30 0x8000fcf6
core   0: 0x8000ecfa (0x303f2523) sw      gp, 778(t5)
core   0: 3 0x8000ecfa (0x303f2523) mem 0x80010000 0x00000001
core   0: 0x8000ecfe (0x0000bfe5) c.j     pc - 8
core   0: 3 0x8000ecfe (0xbfe5)
core   0: 0x8000ecf6 (0x00001f17) auipc   t5, 0x1
core   0: 3 0x8000ecf6 (0x00001f17) x30 0x8000fcf6
core   0: 0x8000ecfa (0x303f2523) sw      gp, 778(t5)
core   0: 3 0x8000ecfa (0x303f2523) mem 0x80010000 0x00000001
core   0: 0x8000ecfe (0x0000bfe5) c.j     pc - 8
core   0: 3 0x8000ecfe (0xbfe5)
core   0: 0x8000ecf6 (0x00001f17) auipc   t5, 0x1
core   0: 3 0x8000ecf6 (0x00001f17) x30 0x8000fcf6
core   0: 0x8000ecfa (0x303f2523) sw      gp, 778(t5)
core   0: 3 0x8000ecfa (0x303f2523) mem 0x80010000 0x00000001
core   0: 0x8000ecfe (0x0000bfe5) c.j     pc - 8
core   0: 3 0x8000ecfe (0xbfe5)
core   0: 0x8000ecf6 (0x00001f17) auipc   t5, 0x1
core   0: 3 0x8000ecf6 (0x00001f17) x30 0x8000fcf6
core   0: 0x8000ecfa (0x303f2523) sw      gp, 778(t5)
core   0: 3 0x8000ecfa (0x303f2523) mem 0x80010000 0x00000001
core   0: 0x8000ecfe (0x0000bfe5) c.j     pc - 8
core   0: 3 0x8000ecfe (0xbfe5)
core   0: 0x8000ecf6 (0x00001f17) auipc   t5, 0x1
core   0: 3 0x8000ecf6 (0x00001f17) x30 0x8000fcf6
core   0: 0x8000ecfa (0x303f2523) sw      gp, 778(t5)
core   0: 3 0x8000ecfa (0x303f2523) mem 0x80010000 0x00000001
core   0: 0x8000ecfe (0x0000bfe5) c.j     pc - 8
core   0: 3 0x8000ecfe (0xbfe5)
core   0: 0x8000ecf6 (0x00001f17) auipc   t5, 0x1
core   0: 3 0x8000ecf6 (0x00001f17) x30 0x8000fcf6
core   0: 0x8000ecfa (0x303f2523) sw      gp, 778(t5)
core   0: 3 0x8000ecfa (0x303f2523) mem 0x80010000 0x00000001
core   0: 0x8000ecfe (0x0000bfe5) c.j     pc - 8
core   0: 3 0x8000ecfe (0xbfe5)
core   0: 0x8000ecf6 (0x00001f17) auipc   t5, 0x1
core   0: 3 0x8000ecf6 (0x00001f17) x30 0x8000fcf6
core   0: 0x8000ecfa (0x303f2523) sw      gp, 778(t5)
core   0: 3 0x8000ecfa (0x303f2523) mem 0x80010000 0x00000001
core   0: 0x8000ecfe (0x0000bfe5) c.j     pc - 8
core   0: 3 0x8000ecfe (0xbfe5)
core   0: 0x8000ecf6 (0x00001f17) auipc   t5, 0x1
core   0: 3 0x8000ecf6 (0x00001f17) x30 0x8000fcf6
core   0: 0x8000ecfa (0x303f2523) sw      gp, 778(t5)
core   0: 3 0x8000ecfa (0x303f2523) mem 0x80010000 0x00000001
core   0: 0x8000ecfe (0x0000bfe5) c.j     pc - 8
core   0: 3 0x8000ecfe (0xbfe5)
core   0: 0x8000ecf6 (0x00001f17) auipc   t5, 0x1
core   0: 3 0x8000ecf6 (0x00001f17) x30 0x8000fcf6
core   0: 0x8000ecfa (0x303f2523) sw      gp, 778(t5)
core   0: 3 0x8000ecfa (0x303f2523) mem 0x80010000 0x00000001
core   0: 0x8000ecfe (0x0000bfe5) c.j     pc - 8
core   0: 3 0x8000ecfe (0xbfe5)
core   0: 0x8000ecf6 (0x00001f17) auipc   t5, 0x1
core   0: 3 0x8000ecf6 (0x00001f17) x30 0x8000fcf6
core   0: 0x8000ecfa (0x303f2523) sw      gp, 778(t5)
core   0: 3 0x8000ecfa (0x303f2523) mem 0x80010000 0x00000001
core   0: 0x8000ecfe (0x0000bfe5) c.j     pc - 8
core   0: 3 0x8000ecfe (0xbfe5)
core   0: 0x8000ecf6 (0x00001f17) auipc   t5, 0x1
core   0: 3 0x8000ecf6 (0x00001f17) x30 0x8000fcf6
core   0: 0x8000ecfa (0x303f2523) sw      gp, 778(t5)
core   0: 3 0x8000ecfa (0x303f2523) mem 0x80010000 0x00000001
core   0: 0x8000ecfe (0x0000bfe5) c.j     pc - 8
core   0: 3 0x8000ecfe (0xbfe5)
core   0: 0x8000ecf6 (0x00001f17) auipc   t5, 0x1
core   0: 3 0x8000ecf6 (0x00001f17) x30 0x8000fcf6
core   0: 0x8000ecfa (0x303f2523) sw      gp, 778(t5)
core   0: 3 0x8000ecfa (0x303f2523) mem 0x80010000 0x00000001
core   0: 0x8000ecfe (0x0000bfe5) c.j     pc - 8
core   0: 3 0x8000ecfe (0xbfe5)
core   0: 0x8000ecf6 (0x00001f17) auipc   t5, 0x1
core   0: 3 0x8000ecf6 (0x00001f17) x30 0x8000fcf6
core   0: 0x8000ecfa (0x303f2523) sw      gp, 778(t5)
core   0: 3 0x8000ecfa (0x303f2523) mem 0x80010000 0x00000001
core   0: 0x8000ecfe (0x0000bfe5) c.j     pc - 8
core   0: 3 0x8000ecfe (0xbfe5)
core   0: 0x8000ecf6 (0x00001f17) auipc   t5, 0x1
core   0: 3 0x8000ecf6 (0x00001f17) x30 0x8000fcf6
core   0: 0x8000ecfa (0x303f2523) sw      gp, 778(t5)
core   0: 3 0x8000ecfa (0x303f2523) mem 0x80010000 0x00000001
core   0: 0x8000ecfe (0x0000bfe5) c.j     pc - 8
core   0: 3 0x8000ecfe (0xbfe5)
core   0: 0x8000ecf6 (0x00001f17) auipc   t5, 0x1
core   0: 3 0x8000ecf6 (0x00001f17) x30 0x8000fcf6
core   0: 0x8000ecfa (0x303f2523) sw      gp, 778(t5)
core   0: 3 0x8000ecfa (0x303f2523) mem 0x80010000 0x00000001
core   0: 0x8000ecfe (0x0000bfe5) c.j     pc - 8
core   0: 3 0x8000ecfe (0xbfe5)
core   0: 0x8000ecf6 (0x00001f17) auipc   t5, 0x1
core   0: 3 0x8000ecf6 (0x00001f17) x30 0x8000fcf6
core   0: 0x8000ecfa (0x303f2523) sw      gp, 778(t5)
core   0: 3 0x8000ecfa (0x303f2523) mem 0x80010000 0x00000001
core   0: 0x8000ecfe (0x0000bfe5) c.j     pc - 8
core   0: 3 0x8000ecfe (0xbfe5)
core   0: 0x8000ecf6 (0x00001f17) auipc   t5, 0x1
core   0: 3 0x8000ecf6 (0x00001f17) x30 0x8000fcf6
core   0: 0x8000ecfa (0x303f2523) sw      gp, 778(t5)
core   0: 3 0x8000ecfa (0x303f2523) mem 0x80010000 0x00000001
core   0: 0x8000ecfe (0x0000bfe5) c.j     pc - 8
core   0: 3 0x8000ecfe (0xbfe5)
core   0: 0x8000ecf6 (0x00001f17) auipc   t5, 0x1
core   0: 3 0x8000ecf6 (0x00001f17) x30 0x8000fcf6
core   0: 0x8000ecfa (0x303f2523) sw      gp, 778(t5)
core   0: 3 0x8000ecfa (0x303f2523) mem 0x80010000 0x00000001
core   0: 0x8000ecfe (0x0000bfe5) c.j     pc - 8
core   0: 3 0x8000ecfe (0xbfe5)
core   0: 0x8000ecf6 (0x00001f17) auipc   t5, 0x1
core   0: 3 0x8000ecf6 (0x00001f17) x30 0x8000fcf6
core   0: 0x8000ecfa (0x303f2523) sw      gp, 778(t5)
core   0: 3 0x8000ecfa (0x303f2523) mem 0x80010000 0x00000001
core   0: 0x8000ecfe (0x0000bfe5) c.j     pc - 8
core   0: 3 0x8000ecfe (0xbfe5)
core   0: 0x8000ecf6 (0x00001f17) auipc   t5, 0x1
core   0: 3 0x8000ecf6 (0x00001f17) x30 0x8000fcf6
core   0: 0x8000ecfa (0x303f2523) sw      gp, 778(t5)
core   0: 3 0x8000ecfa (0x303f2523) mem 0x80010000 0x00000001
core   0: 0x8000ecfe (0x0000bfe5) c.j     pc - 8
core   0: 3 0x8000ecfe (0xbfe5)
core   0: 0x8000ecf6 (0x00001f17) auipc   t5, 0x1
core   0: 3 0x8000ecf6 (0x00001f17) x30 0x8000fcf6
core   0: 0x8000ecfa (0x303f2523) sw      gp, 778(t5)
core   0: 3 0x8000ecfa (0x303f2523) mem 0x80010000 0x00000001
core   0: 0x8000ecfe (0x0000bfe5) c.j     pc - 8
core   0: 3 0x8000ecfe (0xbfe5)
core   0: 0x8000ecf6 (0x00001f17) auipc   t5, 0x1
core   0: 3 0x8000ecf6 (0x00001f17) x30 0x8000fcf6
core   0: 0x8000ecfa (0x303f2523) sw      gp, 778(t5)
core   0: 3 0x8000ecfa (0x303f2523) mem 0x80010000 0x00000001
core   0: 0x8000ecfe (0x0000bfe5) c.j     pc - 8
core   0: 3 0x8000ecfe (0xbfe5)
core   0: 0x8000ecf6 (0x00001f17) auipc   t5, 0x1
core   0: 3 0x8000ecf6 (0x00001f17) x30 0x8000fcf6
core   0: 0x8000ecfa (0x303f2523) sw      gp, 778(t5)
core   0: 3 0x8000ecfa (0x303f2523) mem 0x80010000 0x00000001
core   0: 0x8000ecfe (0x0000bfe5) c.j     pc - 8
core   0: 3 0x8000ecfe (0xbfe5)
core   0: 0x8000ecf6 (0x00001f17) auipc   t5, 0x1
core   0: 3 0x8000ecf6 (0x00001f17) x30 0x8000fcf6
core   0: 0x8000ecfa (0x303f2523) sw      gp, 778(t5)
core   0: 3 0x8000ecfa (0x303f2523) mem 0x80010000 0x00000001
core   0: 0x8000ecfe (0x0000bfe5) c.j     pc - 8
core   0: 3 0x8000ecfe (0xbfe5)
core   0: 0x8000ecf6 (0x00001f17) auipc   t5, 0x1
core   0: 3 0x8000ecf6 (0x00001f17) x30 0x8000fcf6
core   0: 0x8000ecfa (0x303f2523) sw      gp, 778(t5)
core   0: 3 0x8000ecfa (0x303f2523) mem 0x80010000 0x00000001
core   0: 0x8000ecfe (0x0000bfe5) c.j     pc - 8
core   0: 3 0x8000ecfe (0xbfe5)
core   0: 0x8000ecf6 (0x00001f17) auipc   t5, 0x1
core   0: 3 0x8000ecf6 (0x00001f17) x30 0x8000fcf6
core   0: 0x8000ecfa (0x303f2523) sw      gp, 778(t5)
core   0: 3 0x8000ecfa (0x303f2523) mem 0x80010000 0x00000001
core   0: 0x8000ecfe (0x0000bfe5) c.j     pc - 8
core   0: 3 0x8000ecfe (0xbfe5)
core   0: 0x8000ecf6 (0x00001f17) auipc   t5, 0x1
core   0: 3 0x8000ecf6 (0x00001f17) x30 0x8000fcf6
core   0: 0x8000ecfa (0x303f2523) sw      gp, 778(t5)
core   0: 3 0x8000ecfa (0x303f2523) mem 0x80010000 0x00000001
core   0: 0x8000ecfe (0x0000bfe5) c.j     pc - 8
core   0: 3 0x8000ecfe (0xbfe5)
core   0: 0x8000ecf6 (0x00001f17) auipc   t5, 0x1
core   0: 3 0x8000ecf6 (0x00001f17) x30 0x8000fcf6
core   0: 0x8000ecfa (0x303f2523) sw      gp, 778(t5)
core   0: 3 0x8000ecfa (0x303f2523) mem 0x80010000 0x00000001
core   0: 0x8000ecfe (0x0000bfe5) c.j     pc - 8
core   0: 3 0x8000ecfe (0xbfe5)
core   0: 0x8000ecf6 (0x00001f17) auipc   t5, 0x1
core   0: 3 0x8000ecf6 (0x00001f17) x30 0x8000fcf6
core   0: 0x8000ecfa (0x303f2523) sw      gp, 778(t5)
core   0: 3 0x8000ecfa (0x303f2523) mem 0x80010000 0x00000001
core   0: 0x8000ecfe (0x0000bfe5) c.j     pc - 8
core   0: 3 0x8000ecfe (0xbfe5)
core   0: 0x8000ecf6 (0x00001f17) auipc   t5, 0x1
core   0: 3 0x8000ecf6 (0x00001f17) x30 0x8000fcf6
core   0: 0x8000ecfa (0x303f2523) sw      gp, 778(t5)
core   0: 3 0x8000ecfa (0x303f2523) mem 0x80010000 0x00000001
core   0: 0x8000ecfe (0x0000bfe5) c.j     pc - 8
core   0: 3 0x8000ecfe (0xbfe5)
core   0: 0x8000ecf6 (0x00001f17) auipc   t5, 0x1
core   0: 3 0x8000ecf6 (0x00001f17) x30 0x8000fcf6
core   0: 0x8000ecfa (0x303f2523) sw      gp, 778(t5)
core   0: 3 0x8000ecfa (0x303f2523) mem 0x80010000 0x00000001
core   0: 0x8000ecfe (0x0000bfe5) c.j     pc - 8
core   0: 3 0x8000ecfe (0xbfe5)
core   0: 0x8000ecf6 (0x00001f17) auipc   t5, 0x1
core   0: 3 0x8000ecf6 (0x00001f17) x30 0x8000fcf6
core   0: 0x8000ecfa (0x303f2523) sw      gp, 778(t5)
core   0: 3 0x8000ecfa (0x303f2523) mem 0x80010000 0x00000001
core   0: 0x8000ecfe (0x0000bfe5) c.j     pc - 8
core   0: 3 0x8000ecfe (0xbfe5)
core   0: 0x8000ecf6 (0x00001f17) auipc   t5, 0x1
core   0: 3 0x8000ecf6 (0x00001f17) x30 0x8000fcf6
core   0: 0x8000ecfa (0x303f2523) sw      gp, 778(t5)
core   0: 3 0x8000ecfa (0x303f2523) mem 0x80010000 0x00000001
core   0: 0x8000ecfe (0x0000bfe5) c.j     pc - 8
core   0: 3 0x8000ecfe (0xbfe5)
core   0: 0x8000ecf6 (0x00001f17) auipc   t5, 0x1
core   0: 3 0x8000ecf6 (0x00001f17) x30 0x8000fcf6
core   0: 0x8000ecfa (0x303f2523) sw      gp, 778(t5)
core   0: 3 0x8000ecfa (0x303f2523) mem 0x80010000 0x00000001
core   0: 0x8000ecfe (0x0000bfe5) c.j     pc - 8
core   0: 3 0x8000ecfe (0xbfe5)
core   0: 0x8000ecf6 (0x00001f17) auipc   t5, 0x1
core   0: 3 0x8000ecf6 (0x00001f17) x30 0x8000fcf6
core   0: 0x8000ecfa (0x303f2523) sw      gp, 778(t5)
core   0: 3 0x8000ecfa (0x303f2523) mem 0x80010000 0x00000001
core   0: 0x8000ecfe (0x0000bfe5) c.j     pc - 8
core   0: 3 0x8000ecfe (0xbfe5)
core   0: 0x8000ecf6 (0x00001f17) auipc   t5, 0x1
core   0: 3 0x8000ecf6 (0x00001f17) x30 0x8000fcf6
core   0: 0x8000ecfa (0x303f2523) sw      gp, 778(t5)
core   0: 3 0x8000ecfa (0x303f2523) mem 0x80010000 0x00000001
core   0: 0x8000ecfe (0x0000bfe5) c.j     pc - 8
core   0: 3 0x8000ecfe (0xbfe5)
core   0: 0x8000ecf6 (0x00001f17) auipc   t5, 0x1
core   0: 3 0x8000ecf6 (0x00001f17) x30 0x8000fcf6
core   0: 0x8000ecfa (0x303f2523) sw      gp, 778(t5)
core   0: 3 0x8000ecfa (0x303f2523) mem 0x80010000 0x00000001
core   0: 0x8000ecfe (0x0000bfe5) c.j     pc - 8
core   0: 3 0x8000ecfe (0xbfe5)
core   0: 0x8000ecf6 (0x00001f17) auipc   t5, 0x1
core   0: 3 0x8000ecf6 (0x00001f17) x30 0x8000fcf6
core   0: 0x8000ecfa (0x303f2523) sw      gp, 778(t5)
core   0: 3 0x8000ecfa (0x303f2523) mem 0x80010000 0x00000001
core   0: 0x8000ecfe (0x0000bfe5) c.j     pc - 8
core   0: 3 0x8000ecfe (0xbfe5)
core   0: 0x8000ecf6 (0x00001f17) auipc   t5, 0x1
core   0: 3 0x8000ecf6 (0x00001f17) x30 0x8000fcf6
core   0: 0x8000ecfa (0x303f2523) sw      gp, 778(t5)
core   0: 3 0x8000ecfa (0x303f2523) mem 0x80010000 0x00000001
core   0: 0x8000ecfe (0x0000bfe5) c.j     pc - 8
core   0: 3 0x8000ecfe (0xbfe5)
core   0: 0x8000ecf6 (0x00001f17) auipc   t5, 0x1
core   0: 3 0x8000ecf6 (0x00001f17) x30 0x8000fcf6
core   0: 0x8000ecfa (0x303f2523) sw      gp, 778(t5)
core   0: 3 0x8000ecfa (0x303f2523) mem 0x80010000 0x00000001
core   0: 0x8000ecfe (0x0000bfe5) c.j     pc - 8
core   0: 3 0x8000ecfe (0xbfe5)
core   0: 0x8000ecf6 (0x00001f17) auipc   t5, 0x1
core   0: 3 0x8000ecf6 (0x00001f17) x30 0x8000fcf6
core   0: 0x8000ecfa (0x303f2523) sw      gp, 778(t5)
core   0: 3 0x8000ecfa (0x303f2523) mem 0x80010000 0x00000001
core   0: 0x8000ecfe (0x0000bfe5) c.j     pc - 8
core   0: 3 0x8000ecfe (0xbfe5)
core   0: 0x8000ecf6 (0x00001f17) auipc   t5, 0x1
core   0: 3 0x8000ecf6 (0x00001f17) x30 0x8000fcf6
core   0: 0x8000ecfa (0x303f2523) sw      gp, 778(t5)
core   0: 3 0x8000ecfa (0x303f2523) mem 0x80010000 0x00000001
core   0: 0x8000ecfe (0x0000bfe5) c.j     pc - 8
core   0: 3 0x8000ecfe (0xbfe5)
core   0: 0x8000ecf6 (0x00001f17) auipc   t5, 0x1
core   0: 3 0x8000ecf6 (0x00001f17) x30 0x8000fcf6
core   0: 0x8000ecfa (0x303f2523) sw      gp, 778(t5)
core   0: 3 0x8000ecfa (0x303f2523) mem 0x80010000 0x00000001
core   0: 0x8000ecfe (0x0000bfe5) c.j     pc - 8
core   0: 3 0x8000ecfe (0xbfe5)
core   0: 0x8000ecf6 (0x00001f17) auipc   t5, 0x1
core   0: 3 0x8000ecf6 (0x00001f17) x30 0x8000fcf6
core   0: 0x8000ecfa (0x303f2523) sw      gp, 778(t5)
core   0: 3 0x8000ecfa (0x303f2523) mem 0x80010000 0x00000001
core   0: 0x8000ecfe (0x0000bfe5) c.j     pc - 8
core   0: 3 0x8000ecfe (0xbfe5)
core   0: 0x8000ecf6 (0x00001f17) auipc   t5, 0x1
core   0: 3 0x8000ecf6 (0x00001f17) x30 0x8000fcf6
core   0: 0x8000ecfa (0x303f2523) sw      gp, 778(t5)
core   0: 3 0x8000ecfa (0x303f2523) mem 0x80010000 0x00000001
core   0: 0x8000ecfe (0x0000bfe5) c.j     pc - 8
core   0: 3 0x8000ecfe (0xbfe5)
core   0: 0x8000ecf6 (0x00001f17) auipc   t5, 0x1
core   0: 3 0x8000ecf6 (0x00001f17) x30 0x8000fcf6
core   0: 0x8000ecfa (0x303f2523) sw      gp, 778(t5)
core   0: 3 0x8000ecfa (0x303f2523) mem 0x80010000 0x00000001
core   0: 0x8000ecfe (0x0000bfe5) c.j     pc - 8
core   0: 3 0x8000ecfe (0xbfe5)
core   0: 0x8000ecf6 (0x00001f17) auipc   t5, 0x1
core   0: 3 0x8000ecf6 (0x00001f17) x30 0x8000fcf6
core   0: 0x8000ecfa (0x303f2523) sw      gp, 778(t5)
core   0: 3 0x8000ecfa (0x303f2523) mem 0x80010000 0x00000001
core   0: 0x8000ecfe (0x0000bfe5) c.j     pc - 8
core   0: 3 0x8000ecfe (0xbfe5)
core   0: 0x8000ecf6 (0x00001f17) auipc   t5, 0x1
core   0: 3 0x8000ecf6 (0x00001f17) x30 0x8000fcf6
core   0: 0x8000ecfa (0x303f2523) sw      gp, 778(t5)
core   0: 3 0x8000ecfa (0x303f2523) mem 0x80010000 0x00000001
core   0: 0x8000ecfe (0x0000bfe5) c.j     pc - 8
core   0: 3 0x8000ecfe (0xbfe5)
core   0: 0x8000ecf6 (0x00001f17) auipc   t5, 0x1
core   0: 3 0x8000ecf6 (0x00001f17) x30 0x8000fcf6
core   0: 0x8000ecfa (0x303f2523) sw      gp, 778(t5)
core   0: 3 0x8000ecfa (0x303f2523) mem 0x80010000 0x00000001
core   0: 0x8000ecfe (0x0000bfe5) c.j     pc - 8
core   0: 3 0x8000ecfe (0xbfe5)
core   0: 0x8000ecf6 (0x00001f17) auipc   t5, 0x1
core   0: 3 0x8000ecf6 (0x00001f17) x30 0x8000fcf6
core   0: 0x8000ecfa (0x303f2523) sw      gp, 778(t5)
core   0: 3 0x8000ecfa (0x303f2523) mem 0x80010000 0x00000001
core   0: 0x8000ecfe (0x0000bfe5) c.j     pc - 8
core   0: 3 0x8000ecfe (0xbfe5)
core   0: 0x8000ecf6 (0x00001f17) auipc   t5, 0x1
core   0: 3 0x8000ecf6 (0x00001f17) x30 0x8000fcf6
core   0: 0x8000ecfa (0x303f2523) sw      gp, 778(t5)
core   0: 3 0x8000ecfa (0x303f2523) mem 0x80010000 0x00000001
core   0: 0x8000ecfe (0x0000bfe5) c.j     pc - 8
core   0: 3 0x8000ecfe (0xbfe5)
core   0: 0x8000ecf6 (0x00001f17) auipc   t5, 0x1
core   0: 3 0x8000ecf6 (0x00001f17) x30 0x8000fcf6
core   0: 0x8000ecfa (0x303f2523) sw      gp, 778(t5)
core   0: 3 0x8000ecfa (0x303f2523) mem 0x80010000 0x00000001
core   0: 0x8000ecfe (0x0000bfe5) c.j     pc - 8
core   0: 3 0x8000ecfe (0xbfe5)
core   0: 0x8000ecf6 (0x00001f17) auipc   t5, 0x1
core   0: 3 0x8000ecf6 (0x00001f17) x30 0x8000fcf6
core   0: 0x8000ecfa (0x303f2523) sw      gp, 778(t5)
core   0: 3 0x8000ecfa (0x303f2523) mem 0x80010000 0x00000001
core   0: 0x8000ecfe (0x0000bfe5) c.j     pc - 8
core   0: 3 0x8000ecfe (0xbfe5)
core   0: 0x8000ecf6 (0x00001f17) auipc   t5, 0x1
core   0: 3 0x8000ecf6 (0x00001f17) x30 0x8000fcf6
core   0: 0x8000ecfa (0x303f2523) sw      gp, 778(t5)
core   0: 3 0x8000ecfa (0x303f2523) mem 0x80010000 0x00000001
core   0: 0x8000ecfe (0x0000bfe5) c.j     pc - 8
core   0: 3 0x8000ecfe (0xbfe5)
core   0: 0x8000ecf6 (0x00001f17) auipc   t5, 0x1
core   0: 3 0x8000ecf6 (0x00001f17) x30 0x8000fcf6
core   0: 0x8000ecfa (0x303f2523) sw      gp, 778(t5)
core   0: 3 0x8000ecfa (0x303f2523) mem 0x80010000 0x00000001
core   0: 0x8000ecfe (0x0000bfe5) c.j     pc - 8
core   0: 3 0x8000ecfe (0xbfe5)
core   0: 0x8000ecf6 (0x00001f17) auipc   t5, 0x1
core   0: 3 0x8000ecf6 (0x00001f17) x30 0x8000fcf6
core   0: 0x8000ecfa (0x303f2523) sw      gp, 778(t5)
core   0: 3 0x8000ecfa (0x303f2523) mem 0x80010000 0x00000001
core   0: 0x8000ecfe (0x0000bfe5) c.j     pc - 8
core   0: 3 0x8000ecfe (0xbfe5)
core   0: 0x8000ecf6 (0x00001f17) auipc   t5, 0x1
core   0: 3 0x8000ecf6 (0x00001f17) x30 0x8000fcf6
core   0: 0x8000ecfa (0x303f2523) sw      gp, 778(t5)
core   0: 3 0x8000ecfa (0x303f2523) mem 0x80010000 0x00000001
core   0: 0x8000ecfe (0x0000bfe5) c.j     pc - 8
core   0: 3 0x8000ecfe (0xbfe5)
core   0: 0x8000ecf6 (0x00001f17) auipc   t5, 0x1
core   0: 3 0x8000ecf6 (0x00001f17) x30 0x8000fcf6
core   0: 0x8000ecfa (0x303f2523) sw      gp, 778(t5)
core   0: 3 0x8000ecfa (0x303f2523) mem 0x80010000 0x00000001
core   0: 0x8000ecfe (0x0000bfe5) c.j     pc - 8
core   0: 3 0x8000ecfe (0xbfe5)
core   0: 0x8000ecf6 (0x00001f17) auipc   t5, 0x1
core   0: 3 0x8000ecf6 (0x00001f17) x30 0x8000fcf6
core   0: 0x8000ecfa (0x303f2523) sw      gp, 778(t5)
core   0: 3 0x8000ecfa (0x303f2523) mem 0x80010000 0x00000001
core   0: 0x8000ecfe (0x0000bfe5) c.j     pc - 8
core   0: 3 0x8000ecfe (0xbfe5)
core   0: 0x8000ecf6 (0x00001f17) auipc   t5, 0x1
core   0: 3 0x8000ecf6 (0x00001f17) x30 0x8000fcf6
core   0: 0x8000ecfa (0x303f2523) sw      gp, 778(t5)
core   0: 3 0x8000ecfa (0x303f2523) mem 0x80010000 0x00000001
core   0: 0x8000ecfe (0x0000bfe5) c.j     pc - 8
core   0: 3 0x8000ecfe (0xbfe5)
core   0: 0x8000ecf6 (0x00001f17) auipc   t5, 0x1
core   0: 3 0x8000ecf6 (0x00001f17) x30 0x8000fcf6
core   0: 0x8000ecfa (0x303f2523) sw      gp, 778(t5)
core   0: 3 0x8000ecfa (0x303f2523) mem 0x80010000 0x00000001
core   0: 0x8000ecfe (0x0000bfe5) c.j     pc - 8
core   0: 3 0x8000ecfe (0xbfe5)
core   0: 0x8000ecf6 (0x00001f17) auipc   t5, 0x1
core   0: 3 0x8000ecf6 (0x00001f17) x30 0x8000fcf6
core   0: 0x8000ecfa (0x303f2523) sw      gp, 778(t5)
core   0: 3 0x8000ecfa (0x303f2523) mem 0x80010000 0x00000001
core   0: 0x8000ecfe (0x0000bfe5) c.j     pc - 8
core   0: 3 0x8000ecfe (0xbfe5)
core   0: 0x8000ecf6 (0x00001f17) auipc   t5, 0x1
core   0: 3 0x8000ecf6 (0x00001f17) x30 0x8000fcf6
core   0: 0x8000ecfa (0x303f2523) sw      gp, 778(t5)
core   0: 3 0x8000ecfa (0x303f2523) mem 0x80010000 0x00000001
core   0: 0x8000ecfe (0x0000bfe5) c.j     pc - 8
core   0: 3 0x8000ecfe (0xbfe5)
core   0: 0x8000ecf6 (0x00001f17) auipc   t5, 0x1
core   0: 3 0x8000ecf6 (0x00001f17) x30 0x8000fcf6
core   0: 0x8000ecfa (0x303f2523) sw      gp, 778(t5)
core   0: 3 0x8000ecfa (0x303f2523) mem 0x80010000 0x00000001
core   0: 0x8000ecfe (0x0000bfe5) c.j     pc - 8
core   0: 3 0x8000ecfe (0xbfe5)
core   0: 0x8000ecf6 (0x00001f17) auipc   t5, 0x1
core   0: 3 0x8000ecf6 (0x00001f17) x30 0x8000fcf6
core   0: 0x8000ecfa (0x303f2523) sw      gp, 778(t5)
core   0: 3 0x8000ecfa (0x303f2523) mem 0x80010000 0x00000001
core   0: 0x8000ecfe (0x0000bfe5) c.j     pc - 8
core   0: 3 0x8000ecfe (0xbfe5)
core   0: 0x8000ecf6 (0x00001f17) auipc   t5, 0x1
core   0: 3 0x8000ecf6 (0x00001f17) x30 0x8000fcf6
core   0: 0x8000ecfa (0x303f2523) sw      gp, 778(t5)
core   0: 3 0x8000ecfa (0x303f2523) mem 0x80010000 0x00000001
core   0: 0x8000ecfe (0x0000bfe5) c.j     pc - 8
core   0: 3 0x8000ecfe (0xbfe5)
core   0: 0x8000ecf6 (0x00001f17) auipc   t5, 0x1
core   0: 3 0x8000ecf6 (0x00001f17) x30 0x8000fcf6
core   0: 0x8000ecfa (0x303f2523) sw      gp, 778(t5)
core   0: 3 0x8000ecfa (0x303f2523) mem 0x80010000 0x00000001
core   0: 0x8000ecfe (0x0000bfe5) c.j     pc - 8
core   0: 3 0x8000ecfe (0xbfe5)
core   0: 0x8000ecf6 (0x00001f17) auipc   t5, 0x1
core   0: 3 0x8000ecf6 (0x00001f17) x30 0x8000fcf6
core   0: 0x8000ecfa (0x303f2523) sw      gp, 778(t5)
core   0: 3 0x8000ecfa (0x303f2523) mem 0x80010000 0x00000001
core   0: 0x8000ecfe (0x0000bfe5) c.j     pc - 8
core   0: 3 0x8000ecfe (0xbfe5)
core   0: 0x8000ecf6 (0x00001f17) auipc   t5, 0x1
core   0: 3 0x8000ecf6 (0x00001f17) x30 0x8000fcf6
core   0: 0x8000ecfa (0x303f2523) sw      gp, 778(t5)
core   0: 3 0x8000ecfa (0x303f2523) mem 0x80010000 0x00000001
core   0: 0x8000ecfe (0x0000bfe5) c.j     pc - 8
core   0: 3 0x8000ecfe (0xbfe5)
core   0: 0x8000ecf6 (0x00001f17) auipc   t5, 0x1
core   0: 3 0x8000ecf6 (0x00001f17) x30 0x8000fcf6
core   0: 0x8000ecfa (0x303f2523) sw      gp, 778(t5)
core   0: 3 0x8000ecfa (0x303f2523) mem 0x80010000 0x00000001
core   0: 0x8000ecfe (0x0000bfe5) c.j     pc - 8
core   0: 3 0x8000ecfe (0xbfe5)
core   0: 0x8000ecf6 (0x00001f17) auipc   t5, 0x1
core   0: 3 0x8000ecf6 (0x00001f17) x30 0x8000fcf6
core   0: 0x8000ecfa (0x303f2523) sw      gp, 778(t5)
core   0: 3 0x8000ecfa (0x303f2523) mem 0x80010000 0x00000001
core   0: 0x8000ecfe (0x0000bfe5) c.j     pc - 8
core   0: 3 0x8000ecfe (0xbfe5)
core   0: 0x8000ecf6 (0x00001f17) auipc   t5, 0x1
core   0: 3 0x8000ecf6 (0x00001f17) x30 0x8000fcf6
core   0: 0x8000ecfa (0x303f2523) sw      gp, 778(t5)
core   0: 3 0x8000ecfa (0x303f2523) mem 0x80010000 0x00000001
core   0: 0x8000ecfe (0x0000bfe5) c.j     pc - 8
core   0: 3 0x8000ecfe (0xbfe5)
core   0: 0x8000ecf6 (0x00001f17) auipc   t5, 0x1
core   0: 3 0x8000ecf6 (0x00001f17) x30 0x8000fcf6
core   0: 0x8000ecfa (0x303f2523) sw      gp, 778(t5)
core   0: 3 0x8000ecfa (0x303f2523) mem 0x80010000 0x00000001
core   0: 0x8000ecfe (0x0000bfe5) c.j     pc - 8
core   0: 3 0x8000ecfe (0xbfe5)
core   0: 0x8000ecf6 (0x00001f17) auipc   t5, 0x1
core   0: 3 0x8000ecf6 (0x00001f17) x30 0x8000fcf6
core   0: 0x8000ecfa (0x303f2523) sw      gp, 778(t5)
core   0: 3 0x8000ecfa (0x303f2523) mem 0x80010000 0x00000001
core   0: 0x8000ecfe (0x0000bfe5) c.j     pc - 8
core   0: 3 0x8000ecfe (0xbfe5)
core   0: 0x8000ecf6 (0x00001f17) auipc   t5, 0x1
core   0: 3 0x8000ecf6 (0x00001f17) x30 0x8000fcf6
core   0: 0x8000ecfa (0x303f2523) sw      gp, 778(t5)
core   0: 3 0x8000ecfa (0x303f2523) mem 0x80010000 0x00000001
core   0: 0x8000ecfe (0x0000bfe5) c.j     pc - 8
core   0: 3 0x8000ecfe (0xbfe5)
core   0: 0x8000ecf6 (0x00001f17) auipc   t5, 0x1
core   0: 3 0x8000ecf6 (0x00001f17) x30 0x8000fcf6
core   0: 0x8000ecfa (0x303f2523) sw      gp, 778(t5)
core   0: 3 0x8000ecfa (0x303f2523) mem 0x80010000 0x00000001
core   0: 0x8000ecfe (0x0000bfe5) c.j     pc - 8
core   0: 3 0x8000ecfe (0xbfe5)
core   0: 0x8000ecf6 (0x00001f17) auipc   t5, 0x1
core   0: 3 0x8000ecf6 (0x00001f17) x30 0x8000fcf6
core   0: 0x8000ecfa (0x303f2523) sw      gp, 778(t5)
core   0: 3 0x8000ecfa (0x303f2523) mem 0x80010000 0x00000001
core   0: 0x8000ecfe (0x0000bfe5) c.j     pc - 8
core   0: 3 0x8000ecfe (0xbfe5)
core   0: 0x8000ecf6 (0x00001f17) auipc   t5, 0x1
core   0: 3 0x8000ecf6 (0x00001f17) x30 0x8000fcf6
core   0: 0x8000ecfa (0x303f2523) sw      gp, 778(t5)
core   0: 3 0x8000ecfa (0x303f2523) mem 0x80010000 0x00000001
core   0: 0x8000ecfe (0x0000bfe5) c.j     pc - 8
core   0: 3 0x8000ecfe (0xbfe5)
core   0: 0x8000ecf6 (0x00001f17) auipc   t5, 0x1
core   0: 3 0x8000ecf6 (0x00001f17) x30 0x8000fcf6
core   0: 0x8000ecfa (0x303f2523) sw      gp, 778(t5)
core   0: 3 0x8000ecfa (0x303f2523) mem 0x80010000 0x00000001
core   0: 0x8000ecfe (0x0000bfe5) c.j     pc - 8
core   0: 3 0x8000ecfe (0xbfe5)
core   0: 0x8000ecf6 (0x00001f17) auipc   t5, 0x1
core   0: 3 0x8000ecf6 (0x00001f17) x30 0x8000fcf6
core   0: 0x8000ecfa (0x303f2523) sw      gp, 778(t5)
core   0: 3 0x8000ecfa (0x303f2523) mem 0x80010000 0x00000001
core   0: 0x8000ecfe (0x0000bfe5) c.j     pc - 8
core   0: 3 0x8000ecfe (0xbfe5)
core   0: 0x8000ecf6 (0x00001f17) auipc   t5, 0x1
core   0: 3 0x8000ecf6 (0x00001f17) x30 0x8000fcf6
core   0: 0x8000ecfa (0x303f2523) sw      gp, 778(t5)
core   0: 3 0x8000ecfa (0x303f2523) mem 0x80010000 0x00000001
core   0: 0x8000ecfe (0x0000bfe5) c.j     pc - 8
core   0: 3 0x8000ecfe (0xbfe5)
core   0: 0x8000ecf6 (0x00001f17) auipc   t5, 0x1
core   0: 3 0x8000ecf6 (0x00001f17) x30 0x8000fcf6
core   0: 0x8000ecfa (0x303f2523) sw      gp, 778(t5)
core   0: 3 0x8000ecfa (0x303f2523) mem 0x80010000 0x00000001
core   0: 0x8000ecfe (0x0000bfe5) c.j     pc - 8
core   0: 3 0x8000ecfe (0xbfe5)
core   0: 0x8000ecf6 (0x00001f17) auipc   t5, 0x1
core   0: 3 0x8000ecf6 (0x00001f17) x30 0x8000fcf6
core   0: 0x8000ecfa (0x303f2523) sw      gp, 778(t5)
core   0: 3 0x8000ecfa (0x303f2523) mem 0x80010000 0x00000001
core   0: 0x8000ecfe (0x0000bfe5) c.j     pc - 8
core   0: 3 0x8000ecfe (0xbfe5)
core   0: 0x8000ecf6 (0x00001f17) auipc   t5, 0x1
core   0: 3 0x8000ecf6 (0x00001f17) x30 0x8000fcf6
core   0: 0x8000ecfa (0x303f2523) sw      gp, 778(t5)
core   0: 3 0x8000ecfa (0x303f2523) mem 0x80010000 0x00000001
core   0: 0x8000ecfe (0x0000bfe5) c.j     pc - 8
core   0: 3 0x8000ecfe (0xbfe5)
core   0: 0x8000ecf6 (0x00001f17) auipc   t5, 0x1
core   0: 3 0x8000ecf6 (0x00001f17) x30 0x8000fcf6
core   0: 0x8000ecfa (0x303f2523) sw      gp, 778(t5)
core   0: 3 0x8000ecfa (0x303f2523) mem 0x80010000 0x00000001
core   0: 0x8000ecfe (0x0000bfe5) c.j     pc - 8
core   0: 3 0x8000ecfe (0xbfe5)
core   0: 0x8000ecf6 (0x00001f17) auipc   t5, 0x1
core   0: 3 0x8000ecf6 (0x00001f17) x30 0x8000fcf6
core   0: 0x8000ecfa (0x303f2523) sw      gp, 778(t5)
core   0: 3 0x8000ecfa (0x303f2523) mem 0x80010000 0x00000001
core   0: 0x8000ecfe (0x0000bfe5) c.j     pc - 8
core   0: 3 0x8000ecfe (0xbfe5)
core   0: 0x8000ecf6 (0x00001f17) auipc   t5, 0x1
core   0: 3 0x8000ecf6 (0x00001f17) x30 0x8000fcf6
core   0: 0x8000ecfa (0x303f2523) sw      gp, 778(t5)
core   0: 3 0x8000ecfa (0x303f2523) mem 0x80010000 0x00000001
core   0: 0x8000ecfe (0x0000bfe5) c.j     pc - 8
core   0: 3 0x8000ecfe (0xbfe5)
core   0: 0x8000ecf6 (0x00001f17) auipc   t5, 0x1
core   0: 3 0x8000ecf6 (0x00001f17) x30 0x8000fcf6
core   0: 0x8000ecfa (0x303f2523) sw      gp, 778(t5)
core   0: 3 0x8000ecfa (0x303f2523) mem 0x80010000 0x00000001
core   0: 0x8000ecfe (0x0000bfe5) c.j     pc - 8
core   0: 3 0x8000ecfe (0xbfe5)
core   0: 0x8000ecf6 (0x00001f17) auipc   t5, 0x1
core   0: 3 0x8000ecf6 (0x00001f17) x30 0x8000fcf6
core   0: 0x8000ecfa (0x303f2523) sw      gp, 778(t5)
core   0: 3 0x8000ecfa (0x303f2523) mem 0x80010000 0x00000001
core   0: 0x8000ecfe (0x0000bfe5) c.j     pc - 8
core   0: 3 0x8000ecfe (0xbfe5)
core   0: 0x8000ecf6 (0x00001f17) auipc   t5, 0x1
core   0: 3 0x8000ecf6 (0x00001f17) x30 0x8000fcf6
core   0: 0x8000ecfa (0x303f2523) sw      gp, 778(t5)
core   0: 3 0x8000ecfa (0x303f2523) mem 0x80010000 0x00000001
core   0: 0x8000ecfe (0x0000bfe5) c.j     pc - 8
core   0: 3 0x8000ecfe (0xbfe5)
core   0: 0x8000ecf6 (0x00001f17) auipc   t5, 0x1
core   0: 3 0x8000ecf6 (0x00001f17) x30 0x8000fcf6
core   0: 0x8000ecfa (0x303f2523) sw      gp, 778(t5)
core   0: 3 0x8000ecfa (0x303f2523) mem 0x80010000 0x00000001
core   0: 0x8000ecfe (0x0000bfe5) c.j     pc - 8
core   0: 3 0x8000ecfe (0xbfe5)
core   0: 0x8000ecf6 (0x00001f17) auipc   t5, 0x1
core   0: 3 0x8000ecf6 (0x00001f17) x30 0x8000fcf6
core   0: 0x8000ecfa (0x303f2523) sw      gp, 778(t5)
core   0: 3 0x8000ecfa (0x303f2523) mem 0x80010000 0x00000001
core   0: 0x8000ecfe (0x0000bfe5) c.j     pc - 8
core   0: 3 0x8000ecfe (0xbfe5)
core   0: 0x8000ecf6 (0x00001f17) auipc   t5, 0x1
core   0: 3 0x8000ecf6 (0x00001f17) x30 0x8000fcf6
core   0: 0x8000ecfa (0x303f2523) sw      gp, 778(t5)
core   0: 3 0x8000ecfa (0x303f2523) mem 0x80010000 0x00000001
core   0: 0x8000ecfe (0x0000bfe5) c.j     pc - 8
core   0: 3 0x8000ecfe (0xbfe5)
core   0: 0x8000ecf6 (0x00001f17) auipc   t5, 0x1
core   0: 3 0x8000ecf6 (0x00001f17) x30 0x8000fcf6
core   0: 0x8000ecfa (0x303f2523) sw      gp, 778(t5)
core   0: 3 0x8000ecfa (0x303f2523) mem 0x80010000 0x00000001
core   0: 0x8000ecfe (0x0000bfe5) c.j     pc - 8
core   0: 3 0x8000ecfe (0xbfe5)
core   0: 0x8000ecf6 (0x00001f17) auipc   t5, 0x1
core   0: 3 0x8000ecf6 (0x00001f17) x30 0x8000fcf6
core   0: 0x8000ecfa (0x303f2523) sw      gp, 778(t5)
core   0: 3 0x8000ecfa (0x303f2523) mem 0x80010000 0x00000001
core   0: 0x8000ecfe (0x0000bfe5) c.j     pc - 8
core   0: 3 0x8000ecfe (0xbfe5)
core   0: 0x8000ecf6 (0x00001f17) auipc   t5, 0x1
core   0: 3 0x8000ecf6 (0x00001f17) x30 0x8000fcf6
core   0: 0x8000ecfa (0x303f2523) sw      gp, 778(t5)
core   0: 3 0x8000ecfa (0x303f2523) mem 0x80010000 0x00000001
core   0: 0x8000ecfe (0x0000bfe5) c.j     pc - 8
core   0: 3 0x8000ecfe (0xbfe5)
core   0: 0x8000ecf6 (0x00001f17) auipc   t5, 0x1
core   0: 3 0x8000ecf6 (0x00001f17) x30 0x8000fcf6
core   0: 0x8000ecfa (0x303f2523) sw      gp, 778(t5)
core   0: 3 0x8000ecfa (0x303f2523) mem 0x80010000 0x00000001
core   0: 0x8000ecfe (0x0000bfe5) c.j     pc - 8
core   0: 3 0x8000ecfe (0xbfe5)
core   0: 0x8000ecf6 (0x00001f17) auipc   t5, 0x1
core   0: 3 0x8000ecf6 (0x00001f17) x30 0x8000fcf6
core   0: 0x8000ecfa (0x303f2523) sw      gp, 778(t5)
core   0: 3 0x8000ecfa (0x303f2523) mem 0x80010000 0x00000001
core   0: 0x8000ecfe (0x0000bfe5) c.j     pc - 8
core   0: 3 0x8000ecfe (0xbfe5)
core   0: 0x8000ecf6 (0x00001f17) auipc   t5, 0x1
core   0: 3 0x8000ecf6 (0x00001f17) x30 0x8000fcf6
core   0: 0x8000ecfa (0x303f2523) sw      gp, 778(t5)
core   0: 3 0x8000ecfa (0x303f2523) mem 0x80010000 0x00000001
core   0: 0x8000ecfe (0x0000bfe5) c.j     pc - 8
core   0: 3 0x8000ecfe (0xbfe5)
core   0: 0x8000ecf6 (0x00001f17) auipc   t5, 0x1
core   0: 3 0x8000ecf6 (0x00001f17) x30 0x8000fcf6
core   0: 0x8000ecfa (0x303f2523) sw      gp, 778(t5)
core   0: 3 0x8000ecfa (0x303f2523) mem 0x80010000 0x00000001
core   0: 0x8000ecfe (0x0000bfe5) c.j     pc - 8
core   0: 3 0x8000ecfe (0xbfe5)
core   0: 0x8000ecf6 (0x00001f17) auipc   t5, 0x1
core   0: 3 0x8000ecf6 (0x00001f17) x30 0x8000fcf6
core   0: 0x8000ecfa (0x303f2523) sw      gp, 778(t5)
core   0: 3 0x8000ecfa (0x303f2523) mem 0x80010000 0x00000001
core   0: 0x8000ecfe (0x0000bfe5) c.j     pc - 8
core   0: 3 0x8000ecfe (0xbfe5)
core   0: 0x8000ecf6 (0x00001f17) auipc   t5, 0x1
core   0: 3 0x8000ecf6 (0x00001f17) x30 0x8000fcf6
core   0: 0x8000ecfa (0x303f2523) sw      gp, 778(t5)
core   0: 3 0x8000ecfa (0x303f2523) mem 0x80010000 0x00000001
core   0: 0x8000ecfe (0x0000bfe5) c.j     pc - 8
core   0: 3 0x8000ecfe (0xbfe5)
core   0: 0x8000ecf6 (0x00001f17) auipc   t5, 0x1
core   0: 3 0x8000ecf6 (0x00001f17) x30 0x8000fcf6
core   0: 0x8000ecfa (0x303f2523) sw      gp, 778(t5)
core   0: 3 0x8000ecfa (0x303f2523) mem 0x80010000 0x00000001
core   0: 0x8000ecfe (0x0000bfe5) c.j     pc - 8
core   0: 3 0x8000ecfe (0xbfe5)
core   0: 0x8000ecf6 (0x00001f17) auipc   t5, 0x1
core   0: 3 0x8000ecf6 (0x00001f17) x30 0x8000fcf6
core   0: 0x8000ecfa (0x303f2523) sw      gp, 778(t5)
core   0: 3 0x8000ecfa (0x303f2523) mem 0x80010000 0x00000001
core   0: 0x8000ecfe (0x0000bfe5) c.j     pc - 8
core   0: 3 0x8000ecfe (0xbfe5)
core   0: 0x8000ecf6 (0x00001f17) auipc   t5, 0x1
core   0: 3 0x8000ecf6 (0x00001f17) x30 0x8000fcf6
core   0: 0x8000ecfa (0x303f2523) sw      gp, 778(t5)
core   0: 3 0x8000ecfa (0x303f2523) mem 0x80010000 0x00000001
core   0: 0x8000ecfe (0x0000bfe5) c.j     pc - 8
core   0: 3 0x8000ecfe (0xbfe5)
core   0: 0x8000ecf6 (0x00001f17) auipc   t5, 0x1
core   0: 3 0x8000ecf6 (0x00001f17) x30 0x8000fcf6
core   0: 0x8000ecfa (0x303f2523) sw      gp, 778(t5)
core   0: 3 0x8000ecfa (0x303f2523) mem 0x80010000 0x00000001
core   0: 0x8000ecfe (0x0000bfe5) c.j     pc - 8
core   0: 3 0x8000ecfe (0xbfe5)
core   0: 0x8000ecf6 (0x00001f17) auipc   t5, 0x1
core   0: 3 0x8000ecf6 (0x00001f17) x30 0x8000fcf6
core   0: 0x8000ecfa (0x303f2523) sw      gp, 778(t5)
core   0: 3 0x8000ecfa (0x303f2523) mem 0x80010000 0x00000001
core   0: 0x8000ecfe (0x0000bfe5) c.j     pc - 8
core   0: 3 0x8000ecfe (0xbfe5)
core   0: 0x8000ecf6 (0x00001f17) auipc   t5, 0x1
core   0: 3 0x8000ecf6 (0x00001f17) x30 0x8000fcf6
core   0: 0x8000ecfa (0x303f2523) sw      gp, 778(t5)
core   0: 3 0x8000ecfa (0x303f2523) mem 0x80010000 0x00000001
core   0: 0x8000ecfe (0x0000bfe5) c.j     pc - 8
core   0: 3 0x8000ecfe (0xbfe5)
core   0: 0x8000ecf6 (0x00001f17) auipc   t5, 0x1
core   0: 3 0x8000ecf6 (0x00001f17) x30 0x8000fcf6
core   0: 0x8000ecfa (0x303f2523) sw      gp, 778(t5)
core   0: 3 0x8000ecfa (0x303f2523) mem 0x80010000 0x00000001
core   0: 0x8000ecfe (0x0000bfe5) c.j     pc - 8
core   0: 3 0x8000ecfe (0xbfe5)
core   0: 0x8000ecf6 (0x00001f17) auipc   t5, 0x1
core   0: 3 0x8000ecf6 (0x00001f17) x30 0x8000fcf6
core   0: 0x8000ecfa (0x303f2523) sw      gp, 778(t5)
core   0: 3 0x8000ecfa (0x303f2523) mem 0x80010000 0x00000001
core   0: 0x8000ecfe (0x0000bfe5) c.j     pc - 8
core   0: 3 0x8000ecfe (0xbfe5)
core   0: 0x8000ecf6 (0x00001f17) auipc   t5, 0x1
core   0: 3 0x8000ecf6 (0x00001f17) x30 0x8000fcf6
core   0: 0x8000ecfa (0x303f2523) sw      gp, 778(t5)
core   0: 3 0x8000ecfa (0x303f2523) mem 0x80010000 0x00000001
core   0: 0x8000ecfe (0x0000bfe5) c.j     pc - 8
core   0: 3 0x8000ecfe (0xbfe5)
core   0: 0x8000ecf6 (0x00001f17) auipc   t5, 0x1
core   0: 3 0x8000ecf6 (0x00001f17) x30 0x8000fcf6
core   0: 0x8000ecfa (0x303f2523) sw      gp, 778(t5)
core   0: 3 0x8000ecfa (0x303f2523) mem 0x80010000 0x00000001
core   0: 0x8000ecfe (0x0000bfe5) c.j     pc - 8
core   0: 3 0x8000ecfe (0xbfe5)
core   0: 0x8000ecf6 (0x00001f17) auipc   t5, 0x1
core   0: 3 0x8000ecf6 (0x00001f17) x30 0x8000fcf6
core   0: 0x8000ecfa (0x303f2523) sw      gp, 778(t5)
core   0: 3 0x8000ecfa (0x303f2523) mem 0x80010000 0x00000001
core   0: 0x8000ecfe (0x0000bfe5) c.j     pc - 8
core   0: 3 0x8000ecfe (0xbfe5)
core   0: 0x8000ecf6 (0x00001f17) auipc   t5, 0x1
core   0: 3 0x8000ecf6 (0x00001f17) x30 0x8000fcf6
core   0: 0x8000ecfa (0x303f2523) sw      gp, 778(t5)
core   0: 3 0x8000ecfa (0x303f2523) mem 0x80010000 0x00000001
core   0: 0x8000ecfe (0x0000bfe5) c.j     pc - 8
core   0: 3 0x8000ecfe (0xbfe5)
core   0: 0x8000ecf6 (0x00001f17) auipc   t5, 0x1
core   0: 3 0x8000ecf6 (0x00001f17) x30 0x8000fcf6
core   0: 0x8000ecfa (0x303f2523) sw      gp, 778(t5)
core   0: 3 0x8000ecfa (0x303f2523) mem 0x80010000 0x00000001
core   0: 0x8000ecfe (0x0000bfe5) c.j     pc - 8
core   0: 3 0x8000ecfe (0xbfe5)
core   0: 0x8000ecf6 (0x00001f17) auipc   t5, 0x1
core   0: 3 0x8000ecf6 (0x00001f17) x30 0x8000fcf6
core   0: 0x8000ecfa (0x303f2523) sw      gp, 778(t5)
core   0: 3 0x8000ecfa (0x303f2523) mem 0x80010000 0x00000001
core   0: 0x8000ecfe (0x0000bfe5) c.j     pc - 8
core   0: 3 0x8000ecfe (0xbfe5)
core   0: 0x8000ecf6 (0x00001f17) auipc   t5, 0x1
core   0: 3 0x8000ecf6 (0x00001f17) x30 0x8000fcf6
core   0: 0x8000ecfa (0x303f2523) sw      gp, 778(t5)
core   0: 3 0x8000ecfa (0x303f2523) mem 0x80010000 0x00000001
core   0: 0x8000ecfe (0x0000bfe5) c.j     pc - 8
core   0: 3 0x8000ecfe (0xbfe5)
core   0: 0x8000ecf6 (0x00001f17) auipc   t5, 0x1
core   0: 3 0x8000ecf6 (0x00001f17) x30 0x8000fcf6
core   0: 0x8000ecfa (0x303f2523) sw      gp, 778(t5)
core   0: 3 0x8000ecfa (0x303f2523) mem 0x80010000 0x00000001
core   0: 0x8000ecfe (0x0000bfe5) c.j     pc - 8
core   0: 3 0x8000ecfe (0xbfe5)
core   0: 0x8000ecf6 (0x00001f17) auipc   t5, 0x1
core   0: 3 0x8000ecf6 (0x00001f17) x30 0x8000fcf6
core   0: 0x8000ecfa (0x303f2523) sw      gp, 778(t5)
core   0: 3 0x8000ecfa (0x303f2523) mem 0x80010000 0x00000001
core   0: 0x8000ecfe (0x0000bfe5) c.j     pc - 8
core   0: 3 0x8000ecfe (0xbfe5)
core   0: 0x8000ecf6 (0x00001f17) auipc   t5, 0x1
core   0: 3 0x8000ecf6 (0x00001f17) x30 0x8000fcf6
core   0: 0x8000ecfa (0x303f2523) sw      gp, 778(t5)
core   0: 3 0x8000ecfa (0x303f2523) mem 0x80010000 0x00000001
core   0: 0x8000ecfe (0x0000bfe5) c.j     pc - 8
core   0: 3 0x8000ecfe (0xbfe5)
core   0: 0x8000ecf6 (0x00001f17) auipc   t5, 0x1
core   0: 3 0x8000ecf6 (0x00001f17) x30 0x8000fcf6
core   0: 0x8000ecfa (0x303f2523) sw      gp, 778(t5)
core   0: 3 0x8000ecfa (0x303f2523) mem 0x80010000 0x00000001
core   0: 0x8000ecfe (0x0000bfe5) c.j     pc - 8
core   0: 3 0x8000ecfe (0xbfe5)
core   0: 0x8000ecf6 (0x00001f17) auipc   t5, 0x1
core   0: 3 0x8000ecf6 (0x00001f17) x30 0x8000fcf6
core   0: 0x8000ecfa (0x303f2523) sw      gp, 778(t5)
core   0: 3 0x8000ecfa (0x303f2523) mem 0x80010000 0x00000001
core   0: 0x8000ecfe (0x0000bfe5) c.j     pc - 8
core   0: 3 0x8000ecfe (0xbfe5)
core   0: 0x8000ecf6 (0x00001f17) auipc   t5, 0x1
core   0: 3 0x8000ecf6 (0x00001f17) x30 0x8000fcf6
core   0: 0x8000ecfa (0x303f2523) sw      gp, 778(t5)
core   0: 3 0x8000ecfa (0x303f2523) mem 0x80010000 0x00000001
core   0: 0x8000ecfe (0x0000bfe5) c.j     pc - 8
core   0: 3 0x8000ecfe (0xbfe5)
core   0: 0x8000ecf6 (0x00001f17) auipc   t5, 0x1
core   0: 3 0x8000ecf6 (0x00001f17) x30 0x8000fcf6
core   0: 0x8000ecfa (0x303f2523) sw      gp, 778(t5)
core   0: 3 0x8000ecfa (0x303f2523) mem 0x80010000 0x00000001
core   0: 0x8000ecfe (0x0000bfe5) c.j     pc - 8
core   0: 3 0x8000ecfe (0xbfe5)
core   0: 0x8000ecf6 (0x00001f17) auipc   t5, 0x1
core   0: 3 0x8000ecf6 (0x00001f17) x30 0x8000fcf6
core   0: 0x8000ecfa (0x303f2523) sw      gp, 778(t5)
core   0: 3 0x8000ecfa (0x303f2523) mem 0x80010000 0x00000001
core   0: 0x8000ecfe (0x0000bfe5) c.j     pc - 8
core   0: 3 0x8000ecfe (0xbfe5)
core   0: 0x8000ecf6 (0x00001f17) auipc   t5, 0x1
core   0: 3 0x8000ecf6 (0x00001f17) x30 0x8000fcf6
core   0: 0x8000ecfa (0x303f2523) sw      gp, 778(t5)
core   0: 3 0x8000ecfa (0x303f2523) mem 0x80010000 0x00000001
core   0: 0x8000ecfe (0x0000bfe5) c.j     pc - 8
core   0: 3 0x8000ecfe (0xbfe5)
core   0: 0x8000ecf6 (0x00001f17) auipc   t5, 0x1
core   0: 3 0x8000ecf6 (0x00001f17) x30 0x8000fcf6
core   0: 0x8000ecfa (0x303f2523) sw      gp, 778(t5)
core   0: 3 0x8000ecfa (0x303f2523) mem 0x80010000 0x00000001
core   0: 0x8000ecfe (0x0000bfe5) c.j     pc - 8
core   0: 3 0x8000ecfe (0xbfe5)
core   0: 0x8000ecf6 (0x00001f17) auipc   t5, 0x1
core   0: 3 0x8000ecf6 (0x00001f17) x30 0x8000fcf6
core   0: 0x8000ecfa (0x303f2523) sw      gp, 778(t5)
core   0: 3 0x8000ecfa (0x303f2523) mem 0x80010000 0x00000001
core   0: 0x8000ecfe (0x0000bfe5) c.j     pc - 8
core   0: 3 0x8000ecfe (0xbfe5)
core   0: 0x8000ecf6 (0x00001f17) auipc   t5, 0x1
core   0: 3 0x8000ecf6 (0x00001f17) x30 0x8000fcf6
core   0: 0x8000ecfa (0x303f2523) sw      gp, 778(t5)
core   0: 3 0x8000ecfa (0x303f2523) mem 0x80010000 0x00000001
core   0: 0x8000ecfe (0x0000bfe5) c.j     pc - 8
core   0: 3 0x8000ecfe (0xbfe5)
core   0: 0x8000ecf6 (0x00001f17) auipc   t5, 0x1
core   0: 3 0x8000ecf6 (0x00001f17) x30 0x8000fcf6
core   0: 0x8000ecfa (0x303f2523) sw      gp, 778(t5)
core   0: 3 0x8000ecfa (0x303f2523) mem 0x80010000 0x00000001
core   0: 0x8000ecfe (0x0000bfe5) c.j     pc - 8
core   0: 3 0x8000ecfe (0xbfe5)
core   0: 0x8000ecf6 (0x00001f17) auipc   t5, 0x1
core   0: 3 0x8000ecf6 (0x00001f17) x30 0x8000fcf6
core   0: 0x8000ecfa (0x303f2523) sw      gp, 778(t5)
core   0: 3 0x8000ecfa (0x303f2523) mem 0x80010000 0x00000001
core   0: 0x8000ecfe (0x0000bfe5) c.j     pc - 8
core   0: 3 0x8000ecfe (0xbfe5)
core   0: 0x8000ecf6 (0x00001f17) auipc   t5, 0x1
core   0: 3 0x8000ecf6 (0x00001f17) x30 0x8000fcf6
core   0: 0x8000ecfa (0x303f2523) sw      gp, 778(t5)
core   0: 3 0x8000ecfa (0x303f2523) mem 0x80010000 0x00000001
core   0: 0x8000ecfe (0x0000bfe5) c.j     pc - 8
core   0: 3 0x8000ecfe (0xbfe5)
core   0: 0x8000ecf6 (0x00001f17) auipc   t5, 0x1
core   0: 3 0x8000ecf6 (0x00001f17) x30 0x8000fcf6
core   0: 0x8000ecfa (0x303f2523) sw      gp, 778(t5)
core   0: 3 0x8000ecfa (0x303f2523) mem 0x80010000 0x00000001
core   0: 0x8000ecfe (0x0000bfe5) c.j     pc - 8
core   0: 3 0x8000ecfe (0xbfe5)
core   0: 0x8000ecf6 (0x00001f17) auipc   t5, 0x1
core   0: 3 0x8000ecf6 (0x00001f17) x30 0x8000fcf6
core   0: 0x8000ecfa (0x303f2523) sw      gp, 778(t5)
core   0: 3 0x8000ecfa (0x303f2523) mem 0x80010000 0x00000001
core   0: 0x8000ecfe (0x0000bfe5) c.j     pc - 8
core   0: 3 0x8000ecfe (0xbfe5)
core   0: 0x8000ecf6 (0x00001f17) auipc   t5, 0x1
core   0: 3 0x8000ecf6 (0x00001f17) x30 0x8000fcf6
core   0: 0x8000ecfa (0x303f2523) sw      gp, 778(t5)
core   0: 3 0x8000ecfa (0x303f2523) mem 0x80010000 0x00000001
core   0: 0x8000ecfe (0x0000bfe5) c.j     pc - 8
core   0: 3 0x8000ecfe (0xbfe5)
core   0: 0x8000ecf6 (0x00001f17) auipc   t5, 0x1
core   0: 3 0x8000ecf6 (0x00001f17) x30 0x8000fcf6
core   0: 0x8000ecfa (0x303f2523) sw      gp, 778(t5)
core   0: 3 0x8000ecfa (0x303f2523) mem 0x80010000 0x00000001
core   0: 0x8000ecfe (0x0000bfe5) c.j     pc - 8
core   0: 3 0x8000ecfe (0xbfe5)
core   0: 0x8000ecf6 (0x00001f17) auipc   t5, 0x1
core   0: 3 0x8000ecf6 (0x00001f17) x30 0x8000fcf6
core   0: 0x8000ecfa (0x303f2523) sw      gp, 778(t5)
core   0: 3 0x8000ecfa (0x303f2523) mem 0x80010000 0x00000001
core   0: 0x8000ecfe (0x0000bfe5) c.j     pc - 8
core   0: 3 0x8000ecfe (0xbfe5)
core   0: 0x8000ecf6 (0x00001f17) auipc   t5, 0x1
core   0: 3 0x8000ecf6 (0x00001f17) x30 0x8000fcf6
core   0: 0x8000ecfa (0x303f2523) sw      gp, 778(t5)
core   0: 3 0x8000ecfa (0x303f2523) mem 0x80010000 0x00000001
core   0: 0x8000ecfe (0x0000bfe5) c.j     pc - 8
core   0: 3 0x8000ecfe (0xbfe5)
core   0: 0x8000ecf6 (0x00001f17) auipc   t5, 0x1
core   0: 3 0x8000ecf6 (0x00001f17) x30 0x8000fcf6
core   0: 0x8000ecfa (0x303f2523) sw      gp, 778(t5)
core   0: 3 0x8000ecfa (0x303f2523) mem 0x80010000 0x00000001
core   0: 0x8000ecfe (0x0000bfe5) c.j     pc - 8
core   0: 3 0x8000ecfe (0xbfe5)
core   0: 0x8000ecf6 (0x00001f17) auipc   t5, 0x1
core   0: 3 0x8000ecf6 (0x00001f17) x30 0x8000fcf6
core   0: 0x8000ecfa (0x303f2523) sw      gp, 778(t5)
core   0: 3 0x8000ecfa (0x303f2523) mem 0x80010000 0x00000001
core   0: 0x8000ecfe (0x0000bfe5) c.j     pc - 8
core   0: 3 0x8000ecfe (0xbfe5)
core   0: 0x8000ecf6 (0x00001f17) auipc   t5, 0x1
core   0: 3 0x8000ecf6 (0x00001f17) x30 0x8000fcf6
core   0: 0x8000ecfa (0x303f2523) sw      gp, 778(t5)
core   0: 3 0x8000ecfa (0x303f2523) mem 0x80010000 0x00000001
core   0: 0x8000ecfe (0x0000bfe5) c.j     pc - 8
core   0: 3 0x8000ecfe (0xbfe5)
core   0: 0x8000ecf6 (0x00001f17) auipc   t5, 0x1
core   0: 3 0x8000ecf6 (0x00001f17) x30 0x8000fcf6
core   0: 0x8000ecfa (0x303f2523) sw      gp, 778(t5)
core   0: 3 0x8000ecfa (0x303f2523) mem 0x80010000 0x00000001
core   0: 0x8000ecfe (0x0000bfe5) c.j     pc - 8
core   0: 3 0x8000ecfe (0xbfe5)
core   0: 0x8000ecf6 (0x00001f17) auipc   t5, 0x1
core   0: 3 0x8000ecf6 (0x00001f17) x30 0x8000fcf6
core   0: 0x8000ecfa (0x303f2523) sw      gp, 778(t5)
core   0: 3 0x8000ecfa (0x303f2523) mem 0x80010000 0x00000001
core   0: 0x8000ecfe (0x0000bfe5) c.j     pc - 8
core   0: 3 0x8000ecfe (0xbfe5)
core   0: 0x8000ecf6 (0x00001f17) auipc   t5, 0x1
core   0: 3 0x8000ecf6 (0x00001f17) x30 0x8000fcf6
core   0: 0x8000ecfa (0x303f2523) sw      gp, 778(t5)
core   0: 3 0x8000ecfa (0x303f2523) mem 0x80010000 0x00000001
core   0: 0x8000ecfe (0x0000bfe5) c.j     pc - 8
core   0: 3 0x8000ecfe (0xbfe5)
core   0: 0x8000ecf6 (0x00001f17) auipc   t5, 0x1
core   0: 3 0x8000ecf6 (0x00001f17) x30 0x8000fcf6
core   0: 0x8000ecfa (0x303f2523) sw      gp, 778(t5)
core   0: 3 0x8000ecfa (0x303f2523) mem 0x80010000 0x00000001
core   0: 0x8000ecfe (0x0000bfe5) c.j     pc - 8
core   0: 3 0x8000ecfe (0xbfe5)
core   0: 0x8000ecf6 (0x00001f17) auipc   t5, 0x1
core   0: 3 0x8000ecf6 (0x00001f17) x30 0x8000fcf6
core   0: 0x8000ecfa (0x303f2523) sw      gp, 778(t5)
core   0: 3 0x8000ecfa (0x303f2523) mem 0x80010000 0x00000001
core   0: 0x8000ecfe (0x0000bfe5) c.j     pc - 8
core   0: 3 0x8000ecfe (0xbfe5)
core   0: 0x8000ecf6 (0x00001f17) auipc   t5, 0x1
core   0: 3 0x8000ecf6 (0x00001f17) x30 0x8000fcf6
core   0: 0x8000ecfa (0x303f2523) sw      gp, 778(t5)
core   0: 3 0x8000ecfa (0x303f2523) mem 0x80010000 0x00000001
core   0: 0x8000ecfe (0x0000bfe5) c.j     pc - 8
core   0: 3 0x8000ecfe (0xbfe5)
core   0: 0x8000ecf6 (0x00001f17) auipc   t5, 0x1
core   0: 3 0x8000ecf6 (0x00001f17) x30 0x8000fcf6
core   0: 0x8000ecfa (0x303f2523) sw      gp, 778(t5)
core   0: 3 0x8000ecfa (0x303f2523) mem 0x80010000 0x00000001
core   0: 0x8000ecfe (0x0000bfe5) c.j     pc - 8
core   0: 3 0x8000ecfe (0xbfe5)
core   0: 0x8000ecf6 (0x00001f17) auipc   t5, 0x1
core   0: 3 0x8000ecf6 (0x00001f17) x30 0x8000fcf6
core   0: 0x8000ecfa (0x303f2523) sw      gp, 778(t5)
core   0: 3 0x8000ecfa (0x303f2523) mem 0x80010000 0x00000001
core   0: 0x8000ecfe (0x0000bfe5) c.j     pc - 8
core   0: 3 0x8000ecfe (0xbfe5)
core   0: 0x8000ecf6 (0x00001f17) auipc   t5, 0x1
core   0: 3 0x8000ecf6 (0x00001f17) x30 0x8000fcf6
core   0: 0x8000ecfa (0x303f2523) sw      gp, 778(t5)
core   0: 3 0x8000ecfa (0x303f2523) mem 0x80010000 0x00000001
core   0: 0x8000ecfe (0x0000bfe5) c.j     pc - 8
core   0: 3 0x8000ecfe (0xbfe5)
core   0: 0x8000ecf6 (0x00001f17) auipc   t5, 0x1
core   0: 3 0x8000ecf6 (0x00001f17) x30 0x8000fcf6
core   0: 0x8000ecfa (0x303f2523) sw      gp, 778(t5)
core   0: 3 0x8000ecfa (0x303f2523) mem 0x80010000 0x00000001
core   0: 0x8000ecfe (0x0000bfe5) c.j     pc - 8
core   0: 3 0x8000ecfe (0xbfe5)
core   0: 0x8000ecf6 (0x00001f17) auipc   t5, 0x1
core   0: 3 0x8000ecf6 (0x00001f17) x30 0x8000fcf6
core   0: 0x8000ecfa (0x303f2523) sw      gp, 778(t5)
core   0: 3 0x8000ecfa (0x303f2523) mem 0x80010000 0x00000001
core   0: 0x8000ecfe (0x0000bfe5) c.j     pc - 8
core   0: 3 0x8000ecfe (0xbfe5)
core   0: 0x8000ecf6 (0x00001f17) auipc   t5, 0x1
core   0: 3 0x8000ecf6 (0x00001f17) x30 0x8000fcf6
core   0: 0x8000ecfa (0x303f2523) sw      gp, 778(t5)
core   0: 3 0x8000ecfa (0x303f2523) mem 0x80010000 0x00000001
core   0: 0x8000ecfe (0x0000bfe5) c.j     pc - 8
core   0: 3 0x8000ecfe (0xbfe5)
core   0: 0x8000ecf6 (0x00001f17) auipc   t5, 0x1
core   0: 3 0x8000ecf6 (0x00001f17) x30 0x8000fcf6
core   0: 0x8000ecfa (0x303f2523) sw      gp, 778(t5)
core   0: 3 0x8000ecfa (0x303f2523) mem 0x80010000 0x00000001
core   0: 0x8000ecfe (0x0000bfe5) c.j     pc - 8
core   0: 3 0x8000ecfe (0xbfe5)
core   0: 0x8000ecf6 (0x00001f17) auipc   t5, 0x1
core   0: 3 0x8000ecf6 (0x00001f17) x30 0x8000fcf6
core   0: 0x8000ecfa (0x303f2523) sw      gp, 778(t5)
core   0: 3 0x8000ecfa (0x303f2523) mem 0x80010000 0x00000001
core   0: 0x8000ecfe (0x0000bfe5) c.j     pc - 8
core   0: 3 0x8000ecfe (0xbfe5)
core   0: 0x8000ecf6 (0x00001f17) auipc   t5, 0x1
core   0: 3 0x8000ecf6 (0x00001f17) x30 0x8000fcf6
core   0: 0x8000ecfa (0x303f2523) sw      gp, 778(t5)
core   0: 3 0x8000ecfa (0x303f2523) mem 0x80010000 0x00000001
core   0: 0x8000ecfe (0x0000bfe5) c.j     pc - 8
core   0: 3 0x8000ecfe (0xbfe5)
core   0: 0x8000ecf6 (0x00001f17) auipc   t5, 0x1
core   0: 3 0x8000ecf6 (0x00001f17) x30 0x8000fcf6
core   0: 0x8000ecfa (0x303f2523) sw      gp, 778(t5)
core   0: 3 0x8000ecfa (0x303f2523) mem 0x80010000 0x00000001
core   0: 0x8000ecfe (0x0000bfe5) c.j     pc - 8
core   0: 3 0x8000ecfe (0xbfe5)
core   0: 0x8000ecf6 (0x00001f17) auipc   t5, 0x1
core   0: 3 0x8000ecf6 (0x00001f17) x30 0x8000fcf6
core   0: 0x8000ecfa (0x303f2523) sw      gp, 778(t5)
core   0: 3 0x8000ecfa (0x303f2523) mem 0x80010000 0x00000001
core   0: 0x8000ecfe (0x0000bfe5) c.j     pc - 8
core   0: 3 0x8000ecfe (0xbfe5)
core   0: 0x8000ecf6 (0x00001f17) auipc   t5, 0x1
core   0: 3 0x8000ecf6 (0x00001f17) x30 0x8000fcf6
core   0: 0x8000ecfa (0x303f2523) sw      gp, 778(t5)
core   0: 3 0x8000ecfa (0x303f2523) mem 0x80010000 0x00000001
core   0: 0x8000ecfe (0x0000bfe5) c.j     pc - 8
core   0: 3 0x8000ecfe (0xbfe5)
core   0: 0x8000ecf6 (0x00001f17) auipc   t5, 0x1
core   0: 3 0x8000ecf6 (0x00001f17) x30 0x8000fcf6
core   0: 0x8000ecfa (0x303f2523) sw      gp, 778(t5)
core   0: 3 0x8000ecfa (0x303f2523) mem 0x80010000 0x00000001
core   0: 0x8000ecfe (0x0000bfe5) c.j     pc - 8
core   0: 3 0x8000ecfe (0xbfe5)
core   0: 0x8000ecf6 (0x00001f17) auipc   t5, 0x1
core   0: 3 0x8000ecf6 (0x00001f17) x30 0x8000fcf6
core   0: 0x8000ecfa (0x303f2523) sw      gp, 778(t5)
core   0: 3 0x8000ecfa (0x303f2523) mem 0x80010000 0x00000001
core   0: 0x8000ecfe (0x0000bfe5) c.j     pc - 8
core   0: 3 0x8000ecfe (0xbfe5)
core   0: 0x8000ecf6 (0x00001f17) auipc   t5, 0x1
core   0: 3 0x8000ecf6 (0x00001f17) x30 0x8000fcf6
core   0: 0x8000ecfa (0x303f2523) sw      gp, 778(t5)
core   0: 3 0x8000ecfa (0x303f2523) mem 0x80010000 0x00000001
core   0: 0x8000ecfe (0x0000bfe5) c.j     pc - 8
core   0: 3 0x8000ecfe (0xbfe5)
core   0: 0x8000ecf6 (0x00001f17) auipc   t5, 0x1
core   0: 3 0x8000ecf6 (0x00001f17) x30 0x8000fcf6
core   0: 0x8000ecfa (0x303f2523) sw      gp, 778(t5)
core   0: 3 0x8000ecfa (0x303f2523) mem 0x80010000 0x00000001
core   0: 0x8000ecfe (0x0000bfe5) c.j     pc - 8
core   0: 3 0x8000ecfe (0xbfe5)
core   0: 0x8000ecf6 (0x00001f17) auipc   t5, 0x1
core   0: 3 0x8000ecf6 (0x00001f17) x30 0x8000fcf6
core   0: 0x8000ecfa (0x303f2523) sw      gp, 778(t5)
core   0: 3 0x8000ecfa (0x303f2523) mem 0x80010000 0x00000001
core   0: 0x8000ecfe (0x0000bfe5) c.j     pc - 8
core   0: 3 0x8000ecfe (0xbfe5)
core   0: 0x8000ecf6 (0x00001f17) auipc   t5, 0x1
core   0: 3 0x8000ecf6 (0x00001f17) x30 0x8000fcf6
core   0: 0x8000ecfa (0x303f2523) sw      gp, 778(t5)
core   0: 3 0x8000ecfa (0x303f2523) mem 0x80010000 0x00000001
core   0: 0x8000ecfe (0x0000bfe5) c.j     pc - 8
core   0: 3 0x8000ecfe (0xbfe5)
core   0: 0x8000ecf6 (0x00001f17) auipc   t5, 0x1
core   0: 3 0x8000ecf6 (0x00001f17) x30 0x8000fcf6
core   0: 0x8000ecfa (0x303f2523) sw      gp, 778(t5)
core   0: 3 0x8000ecfa (0x303f2523) mem 0x80010000 0x00000001
core   0: 0x8000ecfe (0x0000bfe5) c.j     pc - 8
core   0: 3 0x8000ecfe (0xbfe5)
core   0: 0x8000ecf6 (0x00001f17) auipc   t5, 0x1
core   0: 3 0x8000ecf6 (0x00001f17) x30 0x8000fcf6
core   0: 0x8000ecfa (0x303f2523) sw      gp, 778(t5)
core   0: 3 0x8000ecfa (0x303f2523) mem 0x80010000 0x00000001
core   0: 0x8000ecfe (0x0000bfe5) c.j     pc - 8
core   0: 3 0x8000ecfe (0xbfe5)
core   0: 0x8000ecf6 (0x00001f17) auipc   t5, 0x1
core   0: 3 0x8000ecf6 (0x00001f17) x30 0x8000fcf6
core   0: 0x8000ecfa (0x303f2523) sw      gp, 778(t5)
core   0: 3 0x8000ecfa (0x303f2523) mem 0x80010000 0x00000001
core   0: 0x8000ecfe (0x0000bfe5) c.j     pc - 8
core   0: 3 0x8000ecfe (0xbfe5)
core   0: 0x8000ecf6 (0x00001f17) auipc   t5, 0x1
core   0: 3 0x8000ecf6 (0x00001f17) x30 0x8000fcf6
core   0: 0x8000ecfa (0x303f2523) sw      gp, 778(t5)
core   0: 3 0x8000ecfa (0x303f2523) mem 0x80010000 0x00000001
core   0: 0x8000ecfe (0x0000bfe5) c.j     pc - 8
core   0: 3 0x8000ecfe (0xbfe5)
core   0: 0x8000ecf6 (0x00001f17) auipc   t5, 0x1
core   0: 3 0x8000ecf6 (0x00001f17) x30 0x8000fcf6
core   0: 0x8000ecfa (0x303f2523) sw      gp, 778(t5)
core   0: 3 0x8000ecfa (0x303f2523) mem 0x80010000 0x00000001
core   0: 0x8000ecfe (0x0000bfe5) c.j     pc - 8
core   0: 3 0x8000ecfe (0xbfe5)
core   0: 0x8000ecf6 (0x00001f17) auipc   t5, 0x1
core   0: 3 0x8000ecf6 (0x00001f17) x30 0x8000fcf6
core   0: 0x8000ecfa (0x303f2523) sw      gp, 778(t5)
core   0: 3 0x8000ecfa (0x303f2523) mem 0x80010000 0x00000001
core   0: 0x8000ecfe (0x0000bfe5) c.j     pc - 8
core   0: 3 0x8000ecfe (0xbfe5)
core   0: 0x8000ecf6 (0x00001f17) auipc   t5, 0x1
core   0: 3 0x8000ecf6 (0x00001f17) x30 0x8000fcf6
core   0: 0x8000ecfa (0x303f2523) sw      gp, 778(t5)
core   0: 3 0x8000ecfa (0x303f2523) mem 0x80010000 0x00000001
core   0: 0x8000ecfe (0x0000bfe5) c.j     pc - 8
core   0: 3 0x8000ecfe (0xbfe5)
core   0: 0x8000ecf6 (0x00001f17) auipc   t5, 0x1
core   0: 3 0x8000ecf6 (0x00001f17) x30 0x8000fcf6
core   0: 0x8000ecfa (0x303f2523) sw      gp, 778(t5)
core   0: 3 0x8000ecfa (0x303f2523) mem 0x80010000 0x00000001
core   0: 0x8000ecfe (0x0000bfe5) c.j     pc - 8
core   0: 3 0x8000ecfe (0xbfe5)
core   0: 0x8000ecf6 (0x00001f17) auipc   t5, 0x1
core   0: 3 0x8000ecf6 (0x00001f17) x30 0x8000fcf6
core   0: 0x8000ecfa (0x303f2523) sw      gp, 778(t5)
core   0: 3 0x8000ecfa (0x303f2523) mem 0x80010000 0x00000001
core   0: 0x8000ecfe (0x0000bfe5) c.j     pc - 8
core   0: 3 0x8000ecfe (0xbfe5)
core   0: 0x8000ecf6 (0x00001f17) auipc   t5, 0x1
core   0: 3 0x8000ecf6 (0x00001f17) x30 0x8000fcf6
core   0: 0x8000ecfa (0x303f2523) sw      gp, 778(t5)
core   0: 3 0x8000ecfa (0x303f2523) mem 0x80010000 0x00000001
core   0: 0x8000ecfe (0x0000bfe5) c.j     pc - 8
core   0: 3 0x8000ecfe (0xbfe5)
core   0: 0x8000ecf6 (0x00001f17) auipc   t5, 0x1
core   0: 3 0x8000ecf6 (0x00001f17) x30 0x8000fcf6
core   0: 0x8000ecfa (0x303f2523) sw      gp, 778(t5)
core   0: 3 0x8000ecfa (0x303f2523) mem 0x80010000 0x00000001
core   0: 0x8000ecfe (0x0000bfe5) c.j     pc - 8
core   0: 3 0x8000ecfe (0xbfe5)
core   0: 0x8000ecf6 (0x00001f17) auipc   t5, 0x1
core   0: 3 0x8000ecf6 (0x00001f17) x30 0x8000fcf6
core   0: 0x8000ecfa (0x303f2523) sw      gp, 778(t5)
core   0: 3 0x8000ecfa (0x303f2523) mem 0x80010000 0x00000001
core   0: 0x8000ecfe (0x0000bfe5) c.j     pc - 8
core   0: 3 0x8000ecfe (0xbfe5)
core   0: 0x8000ecf6 (0x00001f17) auipc   t5, 0x1
core   0: 3 0x8000ecf6 (0x00001f17) x30 0x8000fcf6
core   0: 0x8000ecfa (0x303f2523) sw      gp, 778(t5)
core   0: 3 0x8000ecfa (0x303f2523) mem 0x80010000 0x00000001
core   0: 0x8000ecfe (0x0000bfe5) c.j     pc - 8
core   0: 3 0x8000ecfe (0xbfe5)
core   0: 0x8000ecf6 (0x00001f17) auipc   t5, 0x1
core   0: 3 0x8000ecf6 (0x00001f17) x30 0x8000fcf6
core   0: 0x8000ecfa (0x303f2523) sw      gp, 778(t5)
core   0: 3 0x8000ecfa (0x303f2523) mem 0x80010000 0x00000001
core   0: 0x8000ecfe (0x0000bfe5) c.j     pc - 8
core   0: 3 0x8000ecfe (0xbfe5)
core   0: 0x8000ecf6 (0x00001f17) auipc   t5, 0x1
core   0: 3 0x8000ecf6 (0x00001f17) x30 0x8000fcf6
core   0: 0x8000ecfa (0x303f2523) sw      gp, 778(t5)
core   0: 3 0x8000ecfa (0x303f2523) mem 0x80010000 0x00000001
core   0: 0x8000ecfe (0x0000bfe5) c.j     pc - 8
core   0: 3 0x8000ecfe (0xbfe5)
core   0: 0x8000ecf6 (0x00001f17) auipc   t5, 0x1
core   0: 3 0x8000ecf6 (0x00001f17) x30 0x8000fcf6
core   0: 0x8000ecfa (0x303f2523) sw      gp, 778(t5)
core   0: 3 0x8000ecfa (0x303f2523) mem 0x80010000 0x00000001
core   0: 0x8000ecfe (0x0000bfe5) c.j     pc - 8
core   0: 3 0x8000ecfe (0xbfe5)
core   0: 0x8000ecf6 (0x00001f17) auipc   t5, 0x1
core   0: 3 0x8000ecf6 (0x00001f17) x30 0x8000fcf6
core   0: 0x8000ecfa (0x303f2523) sw      gp, 778(t5)
core   0: 3 0x8000ecfa (0x303f2523) mem 0x80010000 0x00000001
core   0: 0x8000ecfe (0x0000bfe5) c.j     pc - 8
core   0: 3 0x8000ecfe (0xbfe5)
core   0: 0x8000ecf6 (0x00001f17) auipc   t5, 0x1
core   0: 3 0x8000ecf6 (0x00001f17) x30 0x8000fcf6
core   0: 0x8000ecfa (0x303f2523) sw      gp, 778(t5)
core   0: 3 0x8000ecfa (0x303f2523) mem 0x80010000 0x00000001
core   0: 0x8000ecfe (0x0000bfe5) c.j     pc - 8
core   0: 3 0x8000ecfe (0xbfe5)
core   0: 0x8000ecf6 (0x00001f17) auipc   t5, 0x1
core   0: 3 0x8000ecf6 (0x00001f17) x30 0x8000fcf6
core   0: 0x8000ecfa (0x303f2523) sw      gp, 778(t5)
core   0: 3 0x8000ecfa (0x303f2523) mem 0x80010000 0x00000001
core   0: 0x8000ecfe (0x0000bfe5) c.j     pc - 8
core   0: 3 0x8000ecfe (0xbfe5)
core   0: 0x8000ecf6 (0x00001f17) auipc   t5, 0x1
core   0: 3 0x8000ecf6 (0x00001f17) x30 0x8000fcf6
core   0: 0x8000ecfa (0x303f2523) sw      gp, 778(t5)
core   0: 3 0x8000ecfa (0x303f2523) mem 0x80010000 0x00000001
core   0: 0x8000ecfe (0x0000bfe5) c.j     pc - 8
core   0: 3 0x8000ecfe (0xbfe5)
core   0: 0x8000ecf6 (0x00001f17) auipc   t5, 0x1
core   0: 3 0x8000ecf6 (0x00001f17) x30 0x8000fcf6
core   0: 0x8000ecfa (0x303f2523) sw      gp, 778(t5)
core   0: 3 0x8000ecfa (0x303f2523) mem 0x80010000 0x00000001
core   0: 0x8000ecfe (0x0000bfe5) c.j     pc - 8
core   0: 3 0x8000ecfe (0xbfe5)
core   0: 0x8000ecf6 (0x00001f17) auipc   t5, 0x1
core   0: 3 0x8000ecf6 (0x00001f17) x30 0x8000fcf6
core   0: 0x8000ecfa (0x303f2523) sw      gp, 778(t5)
core   0: 3 0x8000ecfa (0x303f2523) mem 0x80010000 0x00000001
core   0: 0x8000ecfe (0x0000bfe5) c.j     pc - 8
core   0: 3 0x8000ecfe (0xbfe5)
core   0: 0x8000ecf6 (0x00001f17) auipc   t5, 0x1
core   0: 3 0x8000ecf6 (0x00001f17) x30 0x8000fcf6
core   0: 0x8000ecfa (0x303f2523) sw      gp, 778(t5)
core   0: 3 0x8000ecfa (0x303f2523) mem 0x80010000 0x00000001
core   0: 0x8000ecfe (0x0000bfe5) c.j     pc - 8
core   0: 3 0x8000ecfe (0xbfe5)
core   0: 0x8000ecf6 (0x00001f17) auipc   t5, 0x1
core   0: 3 0x8000ecf6 (0x00001f17) x30 0x8000fcf6
core   0: 0x8000ecfa (0x303f2523) sw      gp, 778(t5)
core   0: 3 0x8000ecfa (0x303f2523) mem 0x80010000 0x00000001
core   0: 0x8000ecfe (0x0000bfe5) c.j     pc - 8
core   0: 3 0x8000ecfe (0xbfe5)
core   0: 0x8000ecf6 (0x00001f17) auipc   t5, 0x1
core   0: 3 0x8000ecf6 (0x00001f17) x30 0x8000fcf6
core   0: 0x8000ecfa (0x303f2523) sw      gp, 778(t5)
core   0: 3 0x8000ecfa (0x303f2523) mem 0x80010000 0x00000001
core   0: 0x8000ecfe (0x0000bfe5) c.j     pc - 8
core   0: 3 0x8000ecfe (0xbfe5)
core   0: 0x8000ecf6 (0x00001f17) auipc   t5, 0x1
core   0: 3 0x8000ecf6 (0x00001f17) x30 0x8000fcf6
core   0: 0x8000ecfa (0x303f2523) sw      gp, 778(t5)
core   0: 3 0x8000ecfa (0x303f2523) mem 0x80010000 0x00000001
core   0: 0x8000ecfe (0x0000bfe5) c.j     pc - 8
core   0: 3 0x8000ecfe (0xbfe5)
core   0: 0x8000ecf6 (0x00001f17) auipc   t5, 0x1
core   0: 3 0x8000ecf6 (0x00001f17) x30 0x8000fcf6
core   0: 0x8000ecfa (0x303f2523) sw      gp, 778(t5)
core   0: 3 0x8000ecfa (0x303f2523) mem 0x80010000 0x00000001
core   0: 0x8000ecfe (0x0000bfe5) c.j     pc - 8
core   0: 3 0x8000ecfe (0xbfe5)
core   0: 0x8000ecf6 (0x00001f17) auipc   t5, 0x1
core   0: 3 0x8000ecf6 (0x00001f17) x30 0x8000fcf6
core   0: 0x8000ecfa (0x303f2523) sw      gp, 778(t5)
core   0: 3 0x8000ecfa (0x303f2523) mem 0x80010000 0x00000001
core   0: 0x8000ecfe (0x0000bfe5) c.j     pc - 8
core   0: 3 0x8000ecfe (0xbfe5)
core   0: 0x8000ecf6 (0x00001f17) auipc   t5, 0x1
core   0: 3 0x8000ecf6 (0x00001f17) x30 0x8000fcf6
core   0: 0x8000ecfa (0x303f2523) sw      gp, 778(t5)
core   0: 3 0x8000ecfa (0x303f2523) mem 0x80010000 0x00000001
core   0: 0x8000ecfe (0x0000bfe5) c.j     pc - 8
core   0: 3 0x8000ecfe (0xbfe5)
core   0: 0x8000ecf6 (0x00001f17) auipc   t5, 0x1
core   0: 3 0x8000ecf6 (0x00001f17) x30 0x8000fcf6
core   0: 0x8000ecfa (0x303f2523) sw      gp, 778(t5)
core   0: 3 0x8000ecfa (0x303f2523) mem 0x80010000 0x00000001
core   0: 0x8000ecfe (0x0000bfe5) c.j     pc - 8
core   0: 3 0x8000ecfe (0xbfe5)
core   0: 0x8000ecf6 (0x00001f17) auipc   t5, 0x1
core   0: 3 0x8000ecf6 (0x00001f17) x30 0x8000fcf6
core   0: 0x8000ecfa (0x303f2523) sw      gp, 778(t5)
core   0: 3 0x8000ecfa (0x303f2523) mem 0x80010000 0x00000001
core   0: 0x8000ecfe (0x0000bfe5) c.j     pc - 8
core   0: 3 0x8000ecfe (0xbfe5)
core   0: 0x8000ecf6 (0x00001f17) auipc   t5, 0x1
core   0: 3 0x8000ecf6 (0x00001f17) x30 0x8000fcf6
core   0: 0x8000ecfa (0x303f2523) sw      gp, 778(t5)
core   0: 3 0x8000ecfa (0x303f2523) mem 0x80010000 0x00000001
core   0: 0x8000ecfe (0x0000bfe5) c.j     pc - 8
core   0: 3 0x8000ecfe (0xbfe5)
core   0: 0x8000ecf6 (0x00001f17) auipc   t5, 0x1
core   0: 3 0x8000ecf6 (0x00001f17) x30 0x8000fcf6
core   0: 0x8000ecfa (0x303f2523) sw      gp, 778(t5)
core   0: 3 0x8000ecfa (0x303f2523) mem 0x80010000 0x00000001
core   0: 0x8000ecfe (0x0000bfe5) c.j     pc - 8
core   0: 3 0x8000ecfe (0xbfe5)
core   0: 0x8000ecf6 (0x00001f17) auipc   t5, 0x1
core   0: 3 0x8000ecf6 (0x00001f17) x30 0x8000fcf6
core   0: 0x8000ecfa (0x303f2523) sw      gp, 778(t5)
core   0: 3 0x8000ecfa (0x303f2523) mem 0x80010000 0x00000001
core   0: 0x8000ecfe (0x0000bfe5) c.j     pc - 8
core   0: 3 0x8000ecfe (0xbfe5)
core   0: 0x8000ecf6 (0x00001f17) auipc   t5, 0x1
core   0: 3 0x8000ecf6 (0x00001f17) x30 0x8000fcf6
core   0: 0x8000ecfa (0x303f2523) sw      gp, 778(t5)
core   0: 3 0x8000ecfa (0x303f2523) mem 0x80010000 0x00000001
core   0: 0x8000ecfe (0x0000bfe5) c.j     pc - 8
core   0: 3 0x8000ecfe (0xbfe5)
core   0: 0x8000ecf6 (0x00001f17) auipc   t5, 0x1
core   0: 3 0x8000ecf6 (0x00001f17) x30 0x8000fcf6
core   0: 0x8000ecfa (0x303f2523) sw      gp, 778(t5)
core   0: 3 0x8000ecfa (0x303f2523) mem 0x80010000 0x00000001
core   0: 0x8000ecfe (0x0000bfe5) c.j     pc - 8
core   0: 3 0x8000ecfe (0xbfe5)
core   0: 0x8000ecf6 (0x00001f17) auipc   t5, 0x1
core   0: 3 0x8000ecf6 (0x00001f17) x30 0x8000fcf6
core   0: 0x8000ecfa (0x303f2523) sw      gp, 778(t5)
core   0: 3 0x8000ecfa (0x303f2523) mem 0x80010000 0x00000001
core   0: 0x8000ecfe (0x0000bfe5) c.j     pc - 8
core   0: 3 0x8000ecfe (0xbfe5)
core   0: 0x8000ecf6 (0x00001f17) auipc   t5, 0x1
core   0: 3 0x8000ecf6 (0x00001f17) x30 0x8000fcf6
core   0: 0x8000ecfa (0x303f2523) sw      gp, 778(t5)
core   0: 3 0x8000ecfa (0x303f2523) mem 0x80010000 0x00000001
core   0: 0x8000ecfe (0x0000bfe5) c.j     pc - 8
core   0: 3 0x8000ecfe (0xbfe5)
core   0: 0x8000ecf6 (0x00001f17) auipc   t5, 0x1
core   0: 3 0x8000ecf6 (0x00001f17) x30 0x8000fcf6
core   0: 0x8000ecfa (0x303f2523) sw      gp, 778(t5)
core   0: 3 0x8000ecfa (0x303f2523) mem 0x80010000 0x00000001
core   0: 0x8000ecfe (0x0000bfe5) c.j     pc - 8
core   0: 3 0x8000ecfe (0xbfe5)
core   0: 0x8000ecf6 (0x00001f17) auipc   t5, 0x1
core   0: 3 0x8000ecf6 (0x00001f17) x30 0x8000fcf6
core   0: 0x8000ecfa (0x303f2523) sw      gp, 778(t5)
core   0: 3 0x8000ecfa (0x303f2523) mem 0x80010000 0x00000001
core   0: 0x8000ecfe (0x0000bfe5) c.j     pc - 8
core   0: 3 0x8000ecfe (0xbfe5)
core   0: 0x8000ecf6 (0x00001f17) auipc   t5, 0x1
core   0: 3 0x8000ecf6 (0x00001f17) x30 0x8000fcf6
core   0: 0x8000ecfa (0x303f2523) sw      gp, 778(t5)
core   0: 3 0x8000ecfa (0x303f2523) mem 0x80010000 0x00000001
core   0: 0x8000ecfe (0x0000bfe5) c.j     pc - 8
core   0: 3 0x8000ecfe (0xbfe5)
core   0: 0x8000ecf6 (0x00001f17) auipc   t5, 0x1
core   0: 3 0x8000ecf6 (0x00001f17) x30 0x8000fcf6
core   0: 0x8000ecfa (0x303f2523) sw      gp, 778(t5)
core   0: 3 0x8000ecfa (0x303f2523) mem 0x80010000 0x00000001
core   0: 0x8000ecfe (0x0000bfe5) c.j     pc - 8
core   0: 3 0x8000ecfe (0xbfe5)
core   0: 0x8000ecf6 (0x00001f17) auipc   t5, 0x1
core   0: 3 0x8000ecf6 (0x00001f17) x30 0x8000fcf6
core   0: 0x8000ecfa (0x303f2523) sw      gp, 778(t5)
core   0: 3 0x8000ecfa (0x303f2523) mem 0x80010000 0x00000001
core   0: 0x8000ecfe (0x0000bfe5) c.j     pc - 8
core   0: 3 0x8000ecfe (0xbfe5)
core   0: 0x8000ecf6 (0x00001f17) auipc   t5, 0x1
core   0: 3 0x8000ecf6 (0x00001f17) x30 0x8000fcf6
core   0: 0x8000ecfa (0x303f2523) sw      gp, 778(t5)
core   0: 3 0x8000ecfa (0x303f2523) mem 0x80010000 0x00000001
core   0: 0x8000ecfe (0x0000bfe5) c.j     pc - 8
core   0: 3 0x8000ecfe (0xbfe5)
core   0: 0x8000ecf6 (0x00001f17) auipc   t5, 0x1
core   0: 3 0x8000ecf6 (0x00001f17) x30 0x8000fcf6
core   0: 0x8000ecfa (0x303f2523) sw      gp, 778(t5)
core   0: 3 0x8000ecfa (0x303f2523) mem 0x80010000 0x00000001
core   0: 0x8000ecfe (0x0000bfe5) c.j     pc - 8
core   0: 3 0x8000ecfe (0xbfe5)
core   0: 0x8000ecf6 (0x00001f17) auipc   t5, 0x1
core   0: 3 0x8000ecf6 (0x00001f17) x30 0x8000fcf6
core   0: 0x8000ecfa (0x303f2523) sw      gp, 778(t5)
core   0: 3 0x8000ecfa (0x303f2523) mem 0x80010000 0x00000001
core   0: 0x8000ecfe (0x0000bfe5) c.j     pc - 8
core   0: 3 0x8000ecfe (0xbfe5)
core   0: 0x8000ecf6 (0x00001f17) auipc   t5, 0x1
core   0: 3 0x8000ecf6 (0x00001f17) x30 0x8000fcf6
core   0: 0x8000ecfa (0x303f2523) sw      gp, 778(t5)
core   0: 3 0x8000ecfa (0x303f2523) mem 0x80010000 0x00000001
core   0: 0x8000ecfe (0x0000bfe5) c.j     pc - 8
core   0: 3 0x8000ecfe (0xbfe5)
core   0: 0x8000ecf6 (0x00001f17) auipc   t5, 0x1
core   0: 3 0x8000ecf6 (0x00001f17) x30 0x8000fcf6
core   0: 0x8000ecfa (0x303f2523) sw      gp, 778(t5)
core   0: 3 0x8000ecfa (0x303f2523) mem 0x80010000 0x00000001
core   0: 0x8000ecfe (0x0000bfe5) c.j     pc - 8
core   0: 3 0x8000ecfe (0xbfe5)
core   0: 0x8000ecf6 (0x00001f17) auipc   t5, 0x1
core   0: 3 0x8000ecf6 (0x00001f17) x30 0x8000fcf6
core   0: 0x8000ecfa (0x303f2523) sw      gp, 778(t5)
core   0: 3 0x8000ecfa (0x303f2523) mem 0x80010000 0x00000001
core   0: 0x8000ecfe (0x0000bfe5) c.j     pc - 8
core   0: 3 0x8000ecfe (0xbfe5)
core   0: 0x8000ecf6 (0x00001f17) auipc   t5, 0x1
core   0: 3 0x8000ecf6 (0x00001f17) x30 0x8000fcf6
core   0: 0x8000ecfa (0x303f2523) sw      gp, 778(t5)
core   0: 3 0x8000ecfa (0x303f2523) mem 0x80010000 0x00000001
core   0: 0x8000ecfe (0x0000bfe5) c.j     pc - 8
core   0: 3 0x8000ecfe (0xbfe5)
core   0: 0x8000ecf6 (0x00001f17) auipc   t5, 0x1
core   0: 3 0x8000ecf6 (0x00001f17) x30 0x8000fcf6
core   0: 0x8000ecfa (0x303f2523) sw      gp, 778(t5)
core   0: 3 0x8000ecfa (0x303f2523) mem 0x80010000 0x00000001
core   0: 0x8000ecfe (0x0000bfe5) c.j     pc - 8
core   0: 3 0x8000ecfe (0xbfe5)
core   0: 0x8000ecf6 (0x00001f17) auipc   t5, 0x1
core   0: 3 0x8000ecf6 (0x00001f17) x30 0x8000fcf6
core   0: 0x8000ecfa (0x303f2523) sw      gp, 778(t5)
core   0: 3 0x8000ecfa (0x303f2523) mem 0x80010000 0x00000001
core   0: 0x8000ecfe (0x0000bfe5) c.j     pc - 8
core   0: 3 0x8000ecfe (0xbfe5)
core   0: 0x8000ecf6 (0x00001f17) auipc   t5, 0x1
core   0: 3 0x8000ecf6 (0x00001f17) x30 0x8000fcf6
core   0: 0x8000ecfa (0x303f2523) sw      gp, 778(t5)
core   0: 3 0x8000ecfa (0x303f2523) mem 0x80010000 0x00000001
core   0: 0x8000ecfe (0x0000bfe5) c.j     pc - 8
core   0: 3 0x8000ecfe (0xbfe5)
core   0: 0x8000ecf6 (0x00001f17) auipc   t5, 0x1
core   0: 3 0x8000ecf6 (0x00001f17) x30 0x8000fcf6
core   0: 0x8000ecfa (0x303f2523) sw      gp, 778(t5)
core   0: 3 0x8000ecfa (0x303f2523) mem 0x80010000 0x00000001
core   0: 0x8000ecfe (0x0000bfe5) c.j     pc - 8
core   0: 3 0x8000ecfe (0xbfe5)
core   0: 0x8000ecf6 (0x00001f17) auipc   t5, 0x1
core   0: 3 0x8000ecf6 (0x00001f17) x30 0x8000fcf6
core   0: 0x8000ecfa (0x303f2523) sw      gp, 778(t5)
core   0: 3 0x8000ecfa (0x303f2523) mem 0x80010000 0x00000001
core   0: 0x8000ecfe (0x0000bfe5) c.j     pc - 8
core   0: 3 0x8000ecfe (0xbfe5)
core   0: 0x8000ecf6 (0x00001f17) auipc   t5, 0x1
core   0: 3 0x8000ecf6 (0x00001f17) x30 0x8000fcf6
core   0: 0x8000ecfa (0x303f2523) sw      gp, 778(t5)
core   0: 3 0x8000ecfa (0x303f2523) mem 0x80010000 0x00000001
core   0: 0x8000ecfe (0x0000bfe5) c.j     pc - 8
core   0: 3 0x8000ecfe (0xbfe5)
core   0: 0x8000ecf6 (0x00001f17) auipc   t5, 0x1
core   0: 3 0x8000ecf6 (0x00001f17) x30 0x8000fcf6
core   0: 0x8000ecfa (0x303f2523) sw      gp, 778(t5)
core   0: 3 0x8000ecfa (0x303f2523) mem 0x80010000 0x00000001
core   0: 0x8000ecfe (0x0000bfe5) c.j     pc - 8
core   0: 3 0x8000ecfe (0xbfe5)
core   0: 0x8000ecf6 (0x00001f17) auipc   t5, 0x1
core   0: 3 0x8000ecf6 (0x00001f17) x30 0x8000fcf6
core   0: 0x8000ecfa (0x303f2523) sw      gp, 778(t5)
core   0: 3 0x8000ecfa (0x303f2523) mem 0x80010000 0x00000001
core   0: 0x8000ecfe (0x0000bfe5) c.j     pc - 8
core   0: 3 0x8000ecfe (0xbfe5)
core   0: 0x8000ecf6 (0x00001f17) auipc   t5, 0x1
core   0: 3 0x8000ecf6 (0x00001f17) x30 0x8000fcf6
core   0: 0x8000ecfa (0x303f2523) sw      gp, 778(t5)
core   0: 3 0x8000ecfa (0x303f2523) mem 0x80010000 0x00000001
core   0: 0x8000ecfe (0x0000bfe5) c.j     pc - 8
core   0: 3 0x8000ecfe (0xbfe5)
core   0: 0x8000ecf6 (0x00001f17) auipc   t5, 0x1
core   0: 3 0x8000ecf6 (0x00001f17) x30 0x8000fcf6
core   0: 0x8000ecfa (0x303f2523) sw      gp, 778(t5)
core   0: 3 0x8000ecfa (0x303f2523) mem 0x80010000 0x00000001
core   0: 0x8000ecfe (0x0000bfe5) c.j     pc - 8
core   0: 3 0x8000ecfe (0xbfe5)
core   0: 0x8000ecf6 (0x00001f17) auipc   t5, 0x1
core   0: 3 0x8000ecf6 (0x00001f17) x30 0x8000fcf6
core   0: 0x8000ecfa (0x303f2523) sw      gp, 778(t5)
core   0: 3 0x8000ecfa (0x303f2523) mem 0x80010000 0x00000001
core   0: 0x8000ecfe (0x0000bfe5) c.j     pc - 8
core   0: 3 0x8000ecfe (0xbfe5)
core   0: 0x8000ecf6 (0x00001f17) auipc   t5, 0x1
core   0: 3 0x8000ecf6 (0x00001f17) x30 0x8000fcf6
core   0: 0x8000ecfa (0x303f2523) sw      gp, 778(t5)
core   0: 3 0x8000ecfa (0x303f2523) mem 0x80010000 0x00000001
core   0: 0x8000ecfe (0x0000bfe5) c.j     pc - 8
core   0: 3 0x8000ecfe (0xbfe5)
core   0: 0x8000ecf6 (0x00001f17) auipc   t5, 0x1
core   0: 3 0x8000ecf6 (0x00001f17) x30 0x8000fcf6
core   0: 0x8000ecfa (0x303f2523) sw      gp, 778(t5)
core   0: 3 0x8000ecfa (0x303f2523) mem 0x80010000 0x00000001
core   0: 0x8000ecfe (0x0000bfe5) c.j     pc - 8
core   0: 3 0x8000ecfe (0xbfe5)
core   0: 0x8000ecf6 (0x00001f17) auipc   t5, 0x1
core   0: 3 0x8000ecf6 (0x00001f17) x30 0x8000fcf6
core   0: 0x8000ecfa (0x303f2523) sw      gp, 778(t5)
core   0: 3 0x8000ecfa (0x303f2523) mem 0x80010000 0x00000001
core   0: 0x8000ecfe (0x0000bfe5) c.j     pc - 8
core   0: 3 0x8000ecfe (0xbfe5)
core   0: 0x8000ecf6 (0x00001f17) auipc   t5, 0x1
core   0: 3 0x8000ecf6 (0x00001f17) x30 0x8000fcf6
core   0: 0x8000ecfa (0x303f2523) sw      gp, 778(t5)
core   0: 3 0x8000ecfa (0x303f2523) mem 0x80010000 0x00000001
core   0: 0x8000ecfe (0x0000bfe5) c.j     pc - 8
core   0: 3 0x8000ecfe (0xbfe5)
core   0: 0x8000ecf6 (0x00001f17) auipc   t5, 0x1
core   0: 3 0x8000ecf6 (0x00001f17) x30 0x8000fcf6
core   0: 0x8000ecfa (0x303f2523) sw      gp, 778(t5)
core   0: 3 0x8000ecfa (0x303f2523) mem 0x80010000 0x00000001
core   0: 0x8000ecfe (0x0000bfe5) c.j     pc - 8
core   0: 3 0x8000ecfe (0xbfe5)
core   0: 0x8000ecf6 (0x00001f17) auipc   t5, 0x1
core   0: 3 0x8000ecf6 (0x00001f17) x30 0x8000fcf6
core   0: 0x8000ecfa (0x303f2523) sw      gp, 778(t5)
core   0: 3 0x8000ecfa (0x303f2523) mem 0x80010000 0x00000001
core   0: 0x8000ecfe (0x0000bfe5) c.j     pc - 8
core   0: 3 0x8000ecfe (0xbfe5)
core   0: 0x8000ecf6 (0x00001f17) auipc   t5, 0x1
core   0: 3 0x8000ecf6 (0x00001f17) x30 0x8000fcf6
core   0: 0x8000ecfa (0x303f2523) sw      gp, 778(t5)
core   0: 3 0x8000ecfa (0x303f2523) mem 0x80010000 0x00000001
core   0: 0x8000ecfe (0x0000bfe5) c.j     pc - 8
core   0: 3 0x8000ecfe (0xbfe5)
core   0: 0x8000ecf6 (0x00001f17) auipc   t5, 0x1
core   0: 3 0x8000ecf6 (0x00001f17) x30 0x8000fcf6
core   0: 0x8000ecfa (0x303f2523) sw      gp, 778(t5)
core   0: 3 0x8000ecfa (0x303f2523) mem 0x80010000 0x00000001
core   0: 0x8000ecfe (0x0000bfe5) c.j     pc - 8
core   0: 3 0x8000ecfe (0xbfe5)
core   0: 0x8000ecf6 (0x00001f17) auipc   t5, 0x1
core   0: 3 0x8000ecf6 (0x00001f17) x30 0x8000fcf6
core   0: 0x8000ecfa (0x303f2523) sw      gp, 778(t5)
core   0: 3 0x8000ecfa (0x303f2523) mem 0x80010000 0x00000001
core   0: 0x8000ecfe (0x0000bfe5) c.j     pc - 8
core   0: 3 0x8000ecfe (0xbfe5)
core   0: 0x8000ecf6 (0x00001f17) auipc   t5, 0x1
core   0: 3 0x8000ecf6 (0x00001f17) x30 0x8000fcf6
core   0: 0x8000ecfa (0x303f2523) sw      gp, 778(t5)
core   0: 3 0x8000ecfa (0x303f2523) mem 0x80010000 0x00000001
core   0: 0x8000ecfe (0x0000bfe5) c.j     pc - 8
core   0: 3 0x8000ecfe (0xbfe5)
core   0: 0x8000ecf6 (0x00001f17) auipc   t5, 0x1
core   0: 3 0x8000ecf6 (0x00001f17) x30 0x8000fcf6
core   0: 0x8000ecfa (0x303f2523) sw      gp, 778(t5)
core   0: 3 0x8000ecfa (0x303f2523) mem 0x80010000 0x00000001
core   0: 0x8000ecfe (0x0000bfe5) c.j     pc - 8
core   0: 3 0x8000ecfe (0xbfe5)
core   0: 0x8000ecf6 (0x00001f17) auipc   t5, 0x1
core   0: 3 0x8000ecf6 (0x00001f17) x30 0x8000fcf6
core   0: 0x8000ecfa (0x303f2523) sw      gp, 778(t5)
core   0: 3 0x8000ecfa (0x303f2523) mem 0x80010000 0x00000001
core   0: 0x8000ecfe (0x0000bfe5) c.j     pc - 8
core   0: 3 0x8000ecfe (0xbfe5)
core   0: 0x8000ecf6 (0x00001f17) auipc   t5, 0x1
core   0: 3 0x8000ecf6 (0x00001f17) x30 0x8000fcf6
core   0: 0x8000ecfa (0x303f2523) sw      gp, 778(t5)
core   0: 3 0x8000ecfa (0x303f2523) mem 0x80010000 0x00000001
core   0: 0x8000ecfe (0x0000bfe5) c.j     pc - 8
core   0: 3 0x8000ecfe (0xbfe5)
core   0: 0x8000ecf6 (0x00001f17) auipc   t5, 0x1
core   0: 3 0x8000ecf6 (0x00001f17) x30 0x8000fcf6
core   0: 0x8000ecfa (0x303f2523) sw      gp, 778(t5)
core   0: 3 0x8000ecfa (0x303f2523) mem 0x80010000 0x00000001
core   0: 0x8000ecfe (0x0000bfe5) c.j     pc - 8
core   0: 3 0x8000ecfe (0xbfe5)
core   0: 0x8000ecf6 (0x00001f17) auipc   t5, 0x1
core   0: 3 0x8000ecf6 (0x00001f17) x30 0x8000fcf6
core   0: 0x8000ecfa (0x303f2523) sw      gp, 778(t5)
core   0: 3 0x8000ecfa (0x303f2523) mem 0x80010000 0x00000001
core   0: 0x8000ecfe (0x0000bfe5) c.j     pc - 8
core   0: 3 0x8000ecfe (0xbfe5)
core   0: 0x8000ecf6 (0x00001f17) auipc   t5, 0x1
core   0: 3 0x8000ecf6 (0x00001f17) x30 0x8000fcf6
core   0: 0x8000ecfa (0x303f2523) sw      gp, 778(t5)
core   0: 3 0x8000ecfa (0x303f2523) mem 0x80010000 0x00000001
core   0: 0x8000ecfe (0x0000bfe5) c.j     pc - 8
core   0: 3 0x8000ecfe (0xbfe5)
core   0: 0x8000ecf6 (0x00001f17) auipc   t5, 0x1
core   0: 3 0x8000ecf6 (0x00001f17) x30 0x8000fcf6
core   0: 0x8000ecfa (0x303f2523) sw      gp, 778(t5)
core   0: 3 0x8000ecfa (0x303f2523) mem 0x80010000 0x00000001
core   0: 0x8000ecfe (0x0000bfe5) c.j     pc - 8
core   0: 3 0x8000ecfe (0xbfe5)
core   0: 0x8000ecf6 (0x00001f17) auipc   t5, 0x1
core   0: 3 0x8000ecf6 (0x00001f17) x30 0x8000fcf6
core   0: 0x8000ecfa (0x303f2523) sw      gp, 778(t5)
core   0: 3 0x8000ecfa (0x303f2523) mem 0x80010000 0x00000001
core   0: 0x8000ecfe (0x0000bfe5) c.j     pc - 8
core   0: 3 0x8000ecfe (0xbfe5)
core   0: 0x8000ecf6 (0x00001f17) auipc   t5, 0x1
core   0: 3 0x8000ecf6 (0x00001f17) x30 0x8000fcf6
core   0: 0x8000ecfa (0x303f2523) sw      gp, 778(t5)
core   0: 3 0x8000ecfa (0x303f2523) mem 0x80010000 0x00000001
core   0: 0x8000ecfe (0x0000bfe5) c.j     pc - 8
core   0: 3 0x8000ecfe (0xbfe5)
core   0: 0x8000ecf6 (0x00001f17) auipc   t5, 0x1
core   0: 3 0x8000ecf6 (0x00001f17) x30 0x8000fcf6
core   0: 0x8000ecfa (0x303f2523) sw      gp, 778(t5)
core   0: 3 0x8000ecfa (0x303f2523) mem 0x80010000 0x00000001
core   0: 0x8000ecfe (0x0000bfe5) c.j     pc - 8
core   0: 3 0x8000ecfe (0xbfe5)
core   0: 0x8000ecf6 (0x00001f17) auipc   t5, 0x1
core   0: 3 0x8000ecf6 (0x00001f17) x30 0x8000fcf6
core   0: 0x8000ecfa (0x303f2523) sw      gp, 778(t5)
core   0: 3 0x8000ecfa (0x303f2523) mem 0x80010000 0x00000001
core   0: 0x8000ecfe (0x0000bfe5) c.j     pc - 8
core   0: 3 0x8000ecfe (0xbfe5)
core   0: 0x8000ecf6 (0x00001f17) auipc   t5, 0x1
core   0: 3 0x8000ecf6 (0x00001f17) x30 0x8000fcf6
core   0: 0x8000ecfa (0x303f2523) sw      gp, 778(t5)
core   0: 3 0x8000ecfa (0x303f2523) mem 0x80010000 0x00000001
core   0: 0x8000ecfe (0x0000bfe5) c.j     pc - 8
core   0: 3 0x8000ecfe (0xbfe5)
core   0: 0x8000ecf6 (0x00001f17) auipc   t5, 0x1
core   0: 3 0x8000ecf6 (0x00001f17) x30 0x8000fcf6
core   0: 0x8000ecfa (0x303f2523) sw      gp, 778(t5)
core   0: 3 0x8000ecfa (0x303f2523) mem 0x80010000 0x00000001
core   0: 0x8000ecfe (0x0000bfe5) c.j     pc - 8
core   0: 3 0x8000ecfe (0xbfe5)
core   0: 0x8000ecf6 (0x00001f17) auipc   t5, 0x1
core   0: 3 0x8000ecf6 (0x00001f17) x30 0x8000fcf6
core   0: 0x8000ecfa (0x303f2523) sw      gp, 778(t5)
core   0: 3 0x8000ecfa (0x303f2523) mem 0x80010000 0x00000001
core   0: 0x8000ecfe (0x0000bfe5) c.j     pc - 8
core   0: 3 0x8000ecfe (0xbfe5)
core   0: 0x8000ecf6 (0x00001f17) auipc   t5, 0x1
core   0: 3 0x8000ecf6 (0x00001f17) x30 0x8000fcf6
core   0: 0x8000ecfa (0x303f2523) sw      gp, 778(t5)
core   0: 3 0x8000ecfa (0x303f2523) mem 0x80010000 0x00000001
core   0: 0x8000ecfe (0x0000bfe5) c.j     pc - 8
core   0: 3 0x8000ecfe (0xbfe5)
core   0: 0x8000ecf6 (0x00001f17) auipc   t5, 0x1
core   0: 3 0x8000ecf6 (0x00001f17) x30 0x8000fcf6
core   0: 0x8000ecfa (0x303f2523) sw      gp, 778(t5)
core   0: 3 0x8000ecfa (0x303f2523) mem 0x80010000 0x00000001
core   0: 0x8000ecfe (0x0000bfe5) c.j     pc - 8
core   0: 3 0x8000ecfe (0xbfe5)
core   0: 0x8000ecf6 (0x00001f17) auipc   t5, 0x1
core   0: 3 0x8000ecf6 (0x00001f17) x30 0x8000fcf6
core   0: 0x8000ecfa (0x303f2523) sw      gp, 778(t5)
core   0: 3 0x8000ecfa (0x303f2523) mem 0x80010000 0x00000001
core   0: 0x8000ecfe (0x0000bfe5) c.j     pc - 8
core   0: 3 0x8000ecfe (0xbfe5)
core   0: 0x8000ecf6 (0x00001f17) auipc   t5, 0x1
core   0: 3 0x8000ecf6 (0x00001f17) x30 0x8000fcf6
core   0: 0x8000ecfa (0x303f2523) sw      gp, 778(t5)
core   0: 3 0x8000ecfa (0x303f2523) mem 0x80010000 0x00000001
core   0: 0x8000ecfe (0x0000bfe5) c.j     pc - 8
core   0: 3 0x8000ecfe (0xbfe5)
core   0: 0x8000ecf6 (0x00001f17) auipc   t5, 0x1
core   0: 3 0x8000ecf6 (0x00001f17) x30 0x8000fcf6
core   0: 0x8000ecfa (0x303f2523) sw      gp, 778(t5)
core   0: 3 0x8000ecfa (0x303f2523) mem 0x80010000 0x00000001
core   0: 0x8000ecfe (0x0000bfe5) c.j     pc - 8
core   0: 3 0x8000ecfe (0xbfe5)
core   0: 0x8000ecf6 (0x00001f17) auipc   t5, 0x1
core   0: 3 0x8000ecf6 (0x00001f17) x30 0x8000fcf6
core   0: 0x8000ecfa (0x303f2523) sw      gp, 778(t5)
core   0: 3 0x8000ecfa (0x303f2523) mem 0x80010000 0x00000001
core   0: 0x8000ecfe (0x0000bfe5) c.j     pc - 8
core   0: 3 0x8000ecfe (0xbfe5)
core   0: 0x8000ecf6 (0x00001f17) auipc   t5, 0x1
core   0: 3 0x8000ecf6 (0x00001f17) x30 0x8000fcf6
core   0: 0x8000ecfa (0x303f2523) sw      gp, 778(t5)
core   0: 3 0x8000ecfa (0x303f2523) mem 0x80010000 0x00000001
core   0: 0x8000ecfe (0x0000bfe5) c.j     pc - 8
core   0: 3 0x8000ecfe (0xbfe5)
core   0: 0x8000ecf6 (0x00001f17) auipc   t5, 0x1
core   0: 3 0x8000ecf6 (0x00001f17) x30 0x8000fcf6
core   0: 0x8000ecfa (0x303f2523) sw      gp, 778(t5)
core   0: 3 0x8000ecfa (0x303f2523) mem 0x80010000 0x00000001
core   0: 0x8000ecfe (0x0000bfe5) c.j     pc - 8
core   0: 3 0x8000ecfe (0xbfe5)
core   0: 0x8000ecf6 (0x00001f17) auipc   t5, 0x1
core   0: 3 0x8000ecf6 (0x00001f17) x30 0x8000fcf6
core   0: 0x8000ecfa (0x303f2523) sw      gp, 778(t5)
core   0: 3 0x8000ecfa (0x303f2523) mem 0x80010000 0x00000001
core   0: 0x8000ecfe (0x0000bfe5) c.j     pc - 8
core   0: 3 0x8000ecfe (0xbfe5)
core   0: 0x8000ecf6 (0x00001f17) auipc   t5, 0x1
core   0: 3 0x8000ecf6 (0x00001f17) x30 0x8000fcf6
core   0: 0x8000ecfa (0x303f2523) sw      gp, 778(t5)
core   0: 3 0x8000ecfa (0x303f2523) mem 0x80010000 0x00000001
core   0: 0x8000ecfe (0x0000bfe5) c.j     pc - 8
core   0: 3 0x8000ecfe (0xbfe5)
core   0: 0x8000ecf6 (0x00001f17) auipc   t5, 0x1
core   0: 3 0x8000ecf6 (0x00001f17) x30 0x8000fcf6
core   0: 0x8000ecfa (0x303f2523) sw      gp, 778(t5)
core   0: 3 0x8000ecfa (0x303f2523) mem 0x80010000 0x00000001
core   0: 0x8000ecfe (0x0000bfe5) c.j     pc - 8
core   0: 3 0x8000ecfe (0xbfe5)
core   0: 0x8000ecf6 (0x00001f17) auipc   t5, 0x1
core   0: 3 0x8000ecf6 (0x00001f17) x30 0x8000fcf6
core   0: 0x8000ecfa (0x303f2523) sw      gp, 778(t5)
core   0: 3 0x8000ecfa (0x303f2523) mem 0x80010000 0x00000001
core   0: 0x8000ecfe (0x0000bfe5) c.j     pc - 8
core   0: 3 0x8000ecfe (0xbfe5)
core   0: 0x8000ecf6 (0x00001f17) auipc   t5, 0x1
core   0: 3 0x8000ecf6 (0x00001f17) x30 0x8000fcf6
core   0: 0x8000ecfa (0x303f2523) sw      gp, 778(t5)
core   0: 3 0x8000ecfa (0x303f2523) mem 0x80010000 0x00000001
core   0: 0x8000ecfe (0x0000bfe5) c.j     pc - 8
core   0: 3 0x8000ecfe (0xbfe5)
core   0: 0x8000ecf6 (0x00001f17) auipc   t5, 0x1
core   0: 3 0x8000ecf6 (0x00001f17) x30 0x8000fcf6
core   0: 0x8000ecfa (0x303f2523) sw      gp, 778(t5)
core   0: 3 0x8000ecfa (0x303f2523) mem 0x80010000 0x00000001
core   0: 0x8000ecfe (0x0000bfe5) c.j     pc - 8
core   0: 3 0x8000ecfe (0xbfe5)
core   0: 0x8000ecf6 (0x00001f17) auipc   t5, 0x1
core   0: 3 0x8000ecf6 (0x00001f17) x30 0x8000fcf6
core   0: 0x8000ecfa (0x303f2523) sw      gp, 778(t5)
core   0: 3 0x8000ecfa (0x303f2523) mem 0x80010000 0x00000001
core   0: 0x8000ecfe (0x0000bfe5) c.j     pc - 8
core   0: 3 0x8000ecfe (0xbfe5)
core   0: 0x8000ecf6 (0x00001f17) auipc   t5, 0x1
core   0: 3 0x8000ecf6 (0x00001f17) x30 0x8000fcf6
core   0: 0x8000ecfa (0x303f2523) sw      gp, 778(t5)
core   0: 3 0x8000ecfa (0x303f2523) mem 0x80010000 0x00000001
core   0: 0x8000ecfe (0x0000bfe5) c.j     pc - 8
core   0: 3 0x8000ecfe (0xbfe5)
core   0: 0x8000ecf6 (0x00001f17) auipc   t5, 0x1
core   0: 3 0x8000ecf6 (0x00001f17) x30 0x8000fcf6
core   0: 0x8000ecfa (0x303f2523) sw      gp, 778(t5)
core   0: 3 0x8000ecfa (0x303f2523) mem 0x80010000 0x00000001
core   0: 0x8000ecfe (0x0000bfe5) c.j     pc - 8
core   0: 3 0x8000ecfe (0xbfe5)
core   0: 0x8000ecf6 (0x00001f17) auipc   t5, 0x1
core   0: 3 0x8000ecf6 (0x00001f17) x30 0x8000fcf6
core   0: 0x8000ecfa (0x303f2523) sw      gp, 778(t5)
core   0: 3 0x8000ecfa (0x303f2523) mem 0x80010000 0x00000001
core   0: 0x8000ecfe (0x0000bfe5) c.j     pc - 8
core   0: 3 0x8000ecfe (0xbfe5)
core   0: 0x8000ecf6 (0x00001f17) auipc   t5, 0x1
core   0: 3 0x8000ecf6 (0x00001f17) x30 0x8000fcf6
core   0: 0x8000ecfa (0x303f2523) sw      gp, 778(t5)
core   0: 3 0x8000ecfa (0x303f2523) mem 0x80010000 0x00000001
core   0: 0x8000ecfe (0x0000bfe5) c.j     pc - 8
core   0: 3 0x8000ecfe (0xbfe5)
core   0: 0x8000ecf6 (0x00001f17) auipc   t5, 0x1
core   0: 3 0x8000ecf6 (0x00001f17) x30 0x8000fcf6
core   0: 0x8000ecfa (0x303f2523) sw      gp, 778(t5)
core   0: 3 0x8000ecfa (0x303f2523) mem 0x80010000 0x00000001
core   0: 0x8000ecfe (0x0000bfe5) c.j     pc - 8
core   0: 3 0x8000ecfe (0xbfe5)
core   0: 0x8000ecf6 (0x00001f17) auipc   t5, 0x1
core   0: 3 0x8000ecf6 (0x00001f17) x30 0x8000fcf6
core   0: 0x8000ecfa (0x303f2523) sw      gp, 778(t5)
core   0: 3 0x8000ecfa (0x303f2523) mem 0x80010000 0x00000001
core   0: 0x8000ecfe (0x0000bfe5) c.j     pc - 8
core   0: 3 0x8000ecfe (0xbfe5)
core   0: 0x8000ecf6 (0x00001f17) auipc   t5, 0x1
core   0: 3 0x8000ecf6 (0x00001f17) x30 0x8000fcf6
core   0: 0x8000ecfa (0x303f2523) sw      gp, 778(t5)
core   0: 3 0x8000ecfa (0x303f2523) mem 0x80010000 0x00000001
core   0: 0x8000ecfe (0x0000bfe5) c.j     pc - 8
core   0: 3 0x8000ecfe (0xbfe5)
core   0: 0x8000ecf6 (0x00001f17) auipc   t5, 0x1
core   0: 3 0x8000ecf6 (0x00001f17) x30 0x8000fcf6
core   0: 0x8000ecfa (0x303f2523) sw      gp, 778(t5)
core   0: 3 0x8000ecfa (0x303f2523) mem 0x80010000 0x00000001
core   0: 0x8000ecfe (0x0000bfe5) c.j     pc - 8
core   0: 3 0x8000ecfe (0xbfe5)
core   0: 0x8000ecf6 (0x00001f17) auipc   t5, 0x1
core   0: 3 0x8000ecf6 (0x00001f17) x30 0x8000fcf6
core   0: 0x8000ecfa (0x303f2523) sw      gp, 778(t5)
core   0: 3 0x8000ecfa (0x303f2523) mem 0x80010000 0x00000001
core   0: 0x8000ecfe (0x0000bfe5) c.j     pc - 8
core   0: 3 0x8000ecfe (0xbfe5)
core   0: 0x8000ecf6 (0x00001f17) auipc   t5, 0x1
core   0: 3 0x8000ecf6 (0x00001f17) x30 0x8000fcf6
core   0: 0x8000ecfa (0x303f2523) sw      gp, 778(t5)
core   0: 3 0x8000ecfa (0x303f2523) mem 0x80010000 0x00000001
core   0: 0x8000ecfe (0x0000bfe5) c.j     pc - 8
core   0: 3 0x8000ecfe (0xbfe5)
core   0: 0x8000ecf6 (0x00001f17) auipc   t5, 0x1
core   0: 3 0x8000ecf6 (0x00001f17) x30 0x8000fcf6
core   0: 0x8000ecfa (0x303f2523) sw      gp, 778(t5)
core   0: 3 0x8000ecfa (0x303f2523) mem 0x80010000 0x00000001
core   0: 0x8000ecfe (0x0000bfe5) c.j     pc - 8
core   0: 3 0x8000ecfe (0xbfe5)
core   0: 0x8000ecf6 (0x00001f17) auipc   t5, 0x1
core   0: 3 0x8000ecf6 (0x00001f17) x30 0x8000fcf6
core   0: 0x8000ecfa (0x303f2523) sw      gp, 778(t5)
core   0: 3 0x8000ecfa (0x303f2523) mem 0x80010000 0x00000001
core   0: 0x8000ecfe (0x0000bfe5) c.j     pc - 8
core   0: 3 0x8000ecfe (0xbfe5)
core   0: 0x8000ecf6 (0x00001f17) auipc   t5, 0x1
core   0: 3 0x8000ecf6 (0x00001f17) x30 0x8000fcf6
core   0: 0x8000ecfa (0x303f2523) sw      gp, 778(t5)
core   0: 3 0x8000ecfa (0x303f2523) mem 0x80010000 0x00000001
core   0: 0x8000ecfe (0x0000bfe5) c.j     pc - 8
core   0: 3 0x8000ecfe (0xbfe5)
core   0: 0x8000ecf6 (0x00001f17) auipc   t5, 0x1
core   0: 3 0x8000ecf6 (0x00001f17) x30 0x8000fcf6
core   0: 0x8000ecfa (0x303f2523) sw      gp, 778(t5)
core   0: 3 0x8000ecfa (0x303f2523) mem 0x80010000 0x00000001
core   0: 0x8000ecfe (0x0000bfe5) c.j     pc - 8
core   0: 3 0x8000ecfe (0xbfe5)
core   0: 0x8000ecf6 (0x00001f17) auipc   t5, 0x1
core   0: 3 0x8000ecf6 (0x00001f17) x30 0x8000fcf6
core   0: 0x8000ecfa (0x303f2523) sw      gp, 778(t5)
core   0: 3 0x8000ecfa (0x303f2523) mem 0x80010000 0x00000001
core   0: 0x8000ecfe (0x0000bfe5) c.j     pc - 8
core   0: 3 0x8000ecfe (0xbfe5)
core   0: 0x8000ecf6 (0x00001f17) auipc   t5, 0x1
core   0: 3 0x8000ecf6 (0x00001f17) x30 0x8000fcf6
core   0: 0x8000ecfa (0x303f2523) sw      gp, 778(t5)
core   0: 3 0x8000ecfa (0x303f2523) mem 0x80010000 0x00000001
core   0: 0x8000ecfe (0x0000bfe5) c.j     pc - 8
core   0: 3 0x8000ecfe (0xbfe5)
core   0: 0x8000ecf6 (0x00001f17) auipc   t5, 0x1
core   0: 3 0x8000ecf6 (0x00001f17) x30 0x8000fcf6
core   0: 0x8000ecfa (0x303f2523) sw      gp, 778(t5)
core   0: 3 0x8000ecfa (0x303f2523) mem 0x80010000 0x00000001
core   0: 0x8000ecfe (0x0000bfe5) c.j     pc - 8
core   0: 3 0x8000ecfe (0xbfe5)
core   0: 0x8000ecf6 (0x00001f17) auipc   t5, 0x1
core   0: 3 0x8000ecf6 (0x00001f17) x30 0x8000fcf6
core   0: 0x8000ecfa (0x303f2523) sw      gp, 778(t5)
core   0: 3 0x8000ecfa (0x303f2523) mem 0x80010000 0x00000001
core   0: 0x8000ecfe (0x0000bfe5) c.j     pc - 8
core   0: 3 0x8000ecfe (0xbfe5)
core   0: 0x8000ecf6 (0x00001f17) auipc   t5, 0x1
core   0: 3 0x8000ecf6 (0x00001f17) x30 0x8000fcf6
core   0: 0x8000ecfa (0x303f2523) sw      gp, 778(t5)
core   0: 3 0x8000ecfa (0x303f2523) mem 0x80010000 0x00000001
core   0: 0x8000ecfe (0x0000bfe5) c.j     pc - 8
core   0: 3 0x8000ecfe (0xbfe5)
core   0: 0x8000ecf6 (0x00001f17) auipc   t5, 0x1
core   0: 3 0x8000ecf6 (0x00001f17) x30 0x8000fcf6
core   0: 0x8000ecfa (0x303f2523) sw      gp, 778(t5)
core   0: 3 0x8000ecfa (0x303f2523) mem 0x80010000 0x00000001
core   0: 0x8000ecfe (0x0000bfe5) c.j     pc - 8
core   0: 3 0x8000ecfe (0xbfe5)
core   0: 0x8000ecf6 (0x00001f17) auipc   t5, 0x1
core   0: 3 0x8000ecf6 (0x00001f17) x30 0x8000fcf6
core   0: 0x8000ecfa (0x303f2523) sw      gp, 778(t5)
core   0: 3 0x8000ecfa (0x303f2523) mem 0x80010000 0x00000001
core   0: 0x8000ecfe (0x0000bfe5) c.j     pc - 8
core   0: 3 0x8000ecfe (0xbfe5)
core   0: 0x8000ecf6 (0x00001f17) auipc   t5, 0x1
core   0: 3 0x8000ecf6 (0x00001f17) x30 0x8000fcf6
core   0: 0x8000ecfa (0x303f2523) sw      gp, 778(t5)
core   0: 3 0x8000ecfa (0x303f2523) mem 0x80010000 0x00000001
core   0: 0x8000ecfe (0x0000bfe5) c.j     pc - 8
core   0: 3 0x8000ecfe (0xbfe5)
core   0: 0x8000ecf6 (0x00001f17) auipc   t5, 0x1
core   0: 3 0x8000ecf6 (0x00001f17) x30 0x8000fcf6
core   0: 0x8000ecfa (0x303f2523) sw      gp, 778(t5)
core   0: 3 0x8000ecfa (0x303f2523) mem 0x80010000 0x00000001
core   0: 0x8000ecfe (0x0000bfe5) c.j     pc - 8
core   0: 3 0x8000ecfe (0xbfe5)
core   0: 0x8000ecf6 (0x00001f17) auipc   t5, 0x1
core   0: 3 0x8000ecf6 (0x00001f17) x30 0x8000fcf6
core   0: 0x8000ecfa (0x303f2523) sw      gp, 778(t5)
core   0: 3 0x8000ecfa (0x303f2523) mem 0x80010000 0x00000001
core   0: 0x8000ecfe (0x0000bfe5) c.j     pc - 8
core   0: 3 0x8000ecfe (0xbfe5)
core   0: 0x8000ecf6 (0x00001f17) auipc   t5, 0x1
core   0: 3 0x8000ecf6 (0x00001f17) x30 0x8000fcf6
core   0: 0x8000ecfa (0x303f2523) sw      gp, 778(t5)
core   0: 3 0x8000ecfa (0x303f2523) mem 0x80010000 0x00000001
core   0: 0x8000ecfe (0x0000bfe5) c.j     pc - 8
core   0: 3 0x8000ecfe (0xbfe5)
core   0: 0x8000ecf6 (0x00001f17) auipc   t5, 0x1
core   0: 3 0x8000ecf6 (0x00001f17) x30 0x8000fcf6
core   0: 0x8000ecfa (0x303f2523) sw      gp, 778(t5)
core   0: 3 0x8000ecfa (0x303f2523) mem 0x80010000 0x00000001
core   0: 0x8000ecfe (0x0000bfe5) c.j     pc - 8
core   0: 3 0x8000ecfe (0xbfe5)
core   0: 0x8000ecf6 (0x00001f17) auipc   t5, 0x1
core   0: 3 0x8000ecf6 (0x00001f17) x30 0x8000fcf6
core   0: 0x8000ecfa (0x303f2523) sw      gp, 778(t5)
core   0: 3 0x8000ecfa (0x303f2523) mem 0x80010000 0x00000001
core   0: 0x8000ecfe (0x0000bfe5) c.j     pc - 8
core   0: 3 0x8000ecfe (0xbfe5)
core   0: 0x8000ecf6 (0x00001f17) auipc   t5, 0x1
core   0: 3 0x8000ecf6 (0x00001f17) x30 0x8000fcf6
core   0: 0x8000ecfa (0x303f2523) sw      gp, 778(t5)
core   0: 3 0x8000ecfa (0x303f2523) mem 0x80010000 0x00000001
core   0: 0x8000ecfe (0x0000bfe5) c.j     pc - 8
core   0: 3 0x8000ecfe (0xbfe5)
core   0: 0x8000ecf6 (0x00001f17) auipc   t5, 0x1
core   0: 3 0x8000ecf6 (0x00001f17) x30 0x8000fcf6
core   0: 0x8000ecfa (0x303f2523) sw      gp, 778(t5)
core   0: 3 0x8000ecfa (0x303f2523) mem 0x80010000 0x00000001
core   0: 0x8000ecfe (0x0000bfe5) c.j     pc - 8
core   0: 3 0x8000ecfe (0xbfe5)
core   0: 0x8000ecf6 (0x00001f17) auipc   t5, 0x1
core   0: 3 0x8000ecf6 (0x00001f17) x30 0x8000fcf6
core   0: 0x8000ecfa (0x303f2523) sw      gp, 778(t5)
core   0: 3 0x8000ecfa (0x303f2523) mem 0x80010000 0x00000001
core   0: 0x8000ecfe (0x0000bfe5) c.j     pc - 8
core   0: 3 0x8000ecfe (0xbfe5)
core   0: 0x8000ecf6 (0x00001f17) auipc   t5, 0x1
core   0: 3 0x8000ecf6 (0x00001f17) x30 0x8000fcf6
core   0: 0x8000ecfa (0x303f2523) sw      gp, 778(t5)
core   0: 3 0x8000ecfa (0x303f2523) mem 0x80010000 0x00000001
core   0: 0x8000ecfe (0x0000bfe5) c.j     pc - 8
core   0: 3 0x8000ecfe (0xbfe5)
core   0: 0x8000ecf6 (0x00001f17) auipc   t5, 0x1
core   0: 3 0x8000ecf6 (0x00001f17) x30 0x8000fcf6
core   0: 0x8000ecfa (0x303f2523) sw      gp, 778(t5)
core   0: 3 0x8000ecfa (0x303f2523) mem 0x80010000 0x00000001
core   0: 0x8000ecfe (0x0000bfe5) c.j     pc - 8
core   0: 3 0x8000ecfe (0xbfe5)
core   0: 0x8000ecf6 (0x00001f17) auipc   t5, 0x1
core   0: 3 0x8000ecf6 (0x00001f17) x30 0x8000fcf6
core   0: 0x8000ecfa (0x303f2523) sw      gp, 778(t5)
core   0: 3 0x8000ecfa (0x303f2523) mem 0x80010000 0x00000001
core   0: 0x8000ecfe (0x0000bfe5) c.j     pc - 8
core   0: 3 0x8000ecfe (0xbfe5)
core   0: 0x8000ecf6 (0x00001f17) auipc   t5, 0x1
core   0: 3 0x8000ecf6 (0x00001f17) x30 0x8000fcf6
core   0: 0x8000ecfa (0x303f2523) sw      gp, 778(t5)
core   0: 3 0x8000ecfa (0x303f2523) mem 0x80010000 0x00000001
core   0: 0x8000ecfe (0x0000bfe5) c.j     pc - 8
core   0: 3 0x8000ecfe (0xbfe5)
core   0: 0x8000ecf6 (0x00001f17) auipc   t5, 0x1
core   0: 3 0x8000ecf6 (0x00001f17) x30 0x8000fcf6
core   0: 0x8000ecfa (0x303f2523) sw      gp, 778(t5)
core   0: 3 0x8000ecfa (0x303f2523) mem 0x80010000 0x00000001
core   0: 0x8000ecfe (0x0000bfe5) c.j     pc - 8
core   0: 3 0x8000ecfe (0xbfe5)
core   0: 0x8000ecf6 (0x00001f17) auipc   t5, 0x1
core   0: 3 0x8000ecf6 (0x00001f17) x30 0x8000fcf6
core   0: 0x8000ecfa (0x303f2523) sw      gp, 778(t5)
core   0: 3 0x8000ecfa (0x303f2523) mem 0x80010000 0x00000001
core   0: 0x8000ecfe (0x0000bfe5) c.j     pc - 8
core   0: 3 0x8000ecfe (0xbfe5)
core   0: 0x8000ecf6 (0x00001f17) auipc   t5, 0x1
core   0: 3 0x8000ecf6 (0x00001f17) x30 0x8000fcf6
core   0: 0x8000ecfa (0x303f2523) sw      gp, 778(t5)
core   0: 3 0x8000ecfa (0x303f2523) mem 0x80010000 0x00000001
core   0: 0x8000ecfe (0x0000bfe5) c.j     pc - 8
core   0: 3 0x8000ecfe (0xbfe5)
core   0: 0x8000ecf6 (0x00001f17) auipc   t5, 0x1
core   0: 3 0x8000ecf6 (0x00001f17) x30 0x8000fcf6
core   0: 0x8000ecfa (0x303f2523) sw      gp, 778(t5)
core   0: 3 0x8000ecfa (0x303f2523) mem 0x80010000 0x00000001
core   0: 0x8000ecfe (0x0000bfe5) c.j     pc - 8
core   0: 3 0x8000ecfe (0xbfe5)
core   0: 0x8000ecf6 (0x00001f17) auipc   t5, 0x1
core   0: 3 0x8000ecf6 (0x00001f17) x30 0x8000fcf6
core   0: 0x8000ecfa (0x303f2523) sw      gp, 778(t5)
core   0: 3 0x8000ecfa (0x303f2523) mem 0x80010000 0x00000001
core   0: 0x8000ecfe (0x0000bfe5) c.j     pc - 8
core   0: 3 0x8000ecfe (0xbfe5)
core   0: 0x8000ecf6 (0x00001f17) auipc   t5, 0x1
core   0: 3 0x8000ecf6 (0x00001f17) x30 0x8000fcf6
core   0: 0x8000ecfa (0x303f2523) sw      gp, 778(t5)
core   0: 3 0x8000ecfa (0x303f2523) mem 0x80010000 0x00000001
core   0: 0x8000ecfe (0x0000bfe5) c.j     pc - 8
core   0: 3 0x8000ecfe (0xbfe5)
core   0: 0x8000ecf6 (0x00001f17) auipc   t5, 0x1
core   0: 3 0x8000ecf6 (0x00001f17) x30 0x8000fcf6
core   0: 0x8000ecfa (0x303f2523) sw      gp, 778(t5)
core   0: 3 0x8000ecfa (0x303f2523) mem 0x80010000 0x00000001
core   0: 0x8000ecfe (0x0000bfe5) c.j     pc - 8
core   0: 3 0x8000ecfe (0xbfe5)
core   0: 0x8000ecf6 (0x00001f17) auipc   t5, 0x1
core   0: 3 0x8000ecf6 (0x00001f17) x30 0x8000fcf6
core   0: 0x8000ecfa (0x303f2523) sw      gp, 778(t5)
core   0: 3 0x8000ecfa (0x303f2523) mem 0x80010000 0x00000001
core   0: 0x8000ecfe (0x0000bfe5) c.j     pc - 8
core   0: 3 0x8000ecfe (0xbfe5)
core   0: 0x8000ecf6 (0x00001f17) auipc   t5, 0x1
core   0: 3 0x8000ecf6 (0x00001f17) x30 0x8000fcf6
core   0: 0x8000ecfa (0x303f2523) sw      gp, 778(t5)
core   0: 3 0x8000ecfa (0x303f2523) mem 0x80010000 0x00000001
core   0: 0x8000ecfe (0x0000bfe5) c.j     pc - 8
core   0: 3 0x8000ecfe (0xbfe5)
core   0: 0x8000ecf6 (0x00001f17) auipc   t5, 0x1
core   0: 3 0x8000ecf6 (0x00001f17) x30 0x8000fcf6
core   0: 0x8000ecfa (0x303f2523) sw      gp, 778(t5)
core   0: 3 0x8000ecfa (0x303f2523) mem 0x80010000 0x00000001
core   0: 0x8000ecfe (0x0000bfe5) c.j     pc - 8
core   0: 3 0x8000ecfe (0xbfe5)
core   0: 0x8000ecf6 (0x00001f17) auipc   t5, 0x1
core   0: 3 0x8000ecf6 (0x00001f17) x30 0x8000fcf6
core   0: 0x8000ecfa (0x303f2523) sw      gp, 778(t5)
core   0: 3 0x8000ecfa (0x303f2523) mem 0x80010000 0x00000001
core   0: 0x8000ecfe (0x0000bfe5) c.j     pc - 8
core   0: 3 0x8000ecfe (0xbfe5)
core   0: 0x8000ecf6 (0x00001f17) auipc   t5, 0x1
core   0: 3 0x8000ecf6 (0x00001f17) x30 0x8000fcf6
core   0: 0x8000ecfa (0x303f2523) sw      gp, 778(t5)
core   0: 3 0x8000ecfa (0x303f2523) mem 0x80010000 0x00000001
core   0: 0x8000ecfe (0x0000bfe5) c.j     pc - 8
core   0: 3 0x8000ecfe (0xbfe5)
core   0: 0x8000ecf6 (0x00001f17) auipc   t5, 0x1
core   0: 3 0x8000ecf6 (0x00001f17) x30 0x8000fcf6
core   0: 0x8000ecfa (0x303f2523) sw      gp, 778(t5)
core   0: 3 0x8000ecfa (0x303f2523) mem 0x80010000 0x00000001
core   0: 0x8000ecfe (0x0000bfe5) c.j     pc - 8
core   0: 3 0x8000ecfe (0xbfe5)
core   0: 0x8000ecf6 (0x00001f17) auipc   t5, 0x1
core   0: 3 0x8000ecf6 (0x00001f17) x30 0x8000fcf6
core   0: 0x8000ecfa (0x303f2523) sw      gp, 778(t5)
core   0: 3 0x8000ecfa (0x303f2523) mem 0x80010000 0x00000001
core   0: 0x8000ecfe (0x0000bfe5) c.j     pc - 8
core   0: 3 0x8000ecfe (0xbfe5)
core   0: 0x8000ecf6 (0x00001f17) auipc   t5, 0x1
core   0: 3 0x8000ecf6 (0x00001f17) x30 0x8000fcf6
core   0: 0x8000ecfa (0x303f2523) sw      gp, 778(t5)
core   0: 3 0x8000ecfa (0x303f2523) mem 0x80010000 0x00000001
core   0: 0x8000ecfe (0x0000bfe5) c.j     pc - 8
core   0: 3 0x8000ecfe (0xbfe5)
core   0: 0x8000ecf6 (0x00001f17) auipc   t5, 0x1
core   0: 3 0x8000ecf6 (0x00001f17) x30 0x8000fcf6
core   0: 0x8000ecfa (0x303f2523) sw      gp, 778(t5)
core   0: 3 0x8000ecfa (0x303f2523) mem 0x80010000 0x00000001
core   0: 0x8000ecfe (0x0000bfe5) c.j     pc - 8
core   0: 3 0x8000ecfe (0xbfe5)
core   0: 0x8000ecf6 (0x00001f17) auipc   t5, 0x1
core   0: 3 0x8000ecf6 (0x00001f17) x30 0x8000fcf6
core   0: 0x8000ecfa (0x303f2523) sw      gp, 778(t5)
core   0: 3 0x8000ecfa (0x303f2523) mem 0x80010000 0x00000001
core   0: 0x8000ecfe (0x0000bfe5) c.j     pc - 8
core   0: 3 0x8000ecfe (0xbfe5)
core   0: 0x8000ecf6 (0x00001f17) auipc   t5, 0x1
core   0: 3 0x8000ecf6 (0x00001f17) x30 0x8000fcf6
core   0: 0x8000ecfa (0x303f2523) sw      gp, 778(t5)
core   0: 3 0x8000ecfa (0x303f2523) mem 0x80010000 0x00000001
core   0: 0x8000ecfe (0x0000bfe5) c.j     pc - 8
core   0: 3 0x8000ecfe (0xbfe5)
core   0: 0x8000ecf6 (0x00001f17) auipc   t5, 0x1
core   0: 3 0x8000ecf6 (0x00001f17) x30 0x8000fcf6
core   0: 0x8000ecfa (0x303f2523) sw      gp, 778(t5)
core   0: 3 0x8000ecfa (0x303f2523) mem 0x80010000 0x00000001
core   0: 0x8000ecfe (0x0000bfe5) c.j     pc - 8
core   0: 3 0x8000ecfe (0xbfe5)
core   0: 0x8000ecf6 (0x00001f17) auipc   t5, 0x1
core   0: 3 0x8000ecf6 (0x00001f17) x30 0x8000fcf6
core   0: 0x8000ecfa (0x303f2523) sw      gp, 778(t5)
core   0: 3 0x8000ecfa (0x303f2523) mem 0x80010000 0x00000001
core   0: 0x8000ecfe (0x0000bfe5) c.j     pc - 8
core   0: 3 0x8000ecfe (0xbfe5)
core   0: 0x8000ecf6 (0x00001f17) auipc   t5, 0x1
core   0: 3 0x8000ecf6 (0x00001f17) x30 0x8000fcf6
core   0: 0x8000ecfa (0x303f2523) sw      gp, 778(t5)
core   0: 3 0x8000ecfa (0x303f2523) mem 0x80010000 0x00000001
core   0: 0x8000ecfe (0x0000bfe5) c.j     pc - 8
core   0: 3 0x8000ecfe (0xbfe5)
core   0: 0x8000ecf6 (0x00001f17) auipc   t5, 0x1
core   0: 3 0x8000ecf6 (0x00001f17) x30 0x8000fcf6
core   0: 0x8000ecfa (0x303f2523) sw      gp, 778(t5)
core   0: 3 0x8000ecfa (0x303f2523) mem 0x80010000 0x00000001
core   0: 0x8000ecfe (0x0000bfe5) c.j     pc - 8
core   0: 3 0x8000ecfe (0xbfe5)
core   0: 0x8000ecf6 (0x00001f17) auipc   t5, 0x1
core   0: 3 0x8000ecf6 (0x00001f17) x30 0x8000fcf6
core   0: 0x8000ecfa (0x303f2523) sw      gp, 778(t5)
core   0: 3 0x8000ecfa (0x303f2523) mem 0x80010000 0x00000001
core   0: 0x8000ecfe (0x0000bfe5) c.j     pc - 8
core   0: 3 0x8000ecfe (0xbfe5)
core   0: 0x8000ecf6 (0x00001f17) auipc   t5, 0x1
core   0: 3 0x8000ecf6 (0x00001f17) x30 0x8000fcf6
core   0: 0x8000ecfa (0x303f2523) sw      gp, 778(t5)
core   0: 3 0x8000ecfa (0x303f2523) mem 0x80010000 0x00000001
core   0: 0x8000ecfe (0x0000bfe5) c.j     pc - 8
core   0: 3 0x8000ecfe (0xbfe5)
core   0: 0x8000ecf6 (0x00001f17) auipc   t5, 0x1
core   0: 3 0x8000ecf6 (0x00001f17) x30 0x8000fcf6
core   0: 0x8000ecfa (0x303f2523) sw      gp, 778(t5)
core   0: 3 0x8000ecfa (0x303f2523) mem 0x80010000 0x00000001
core   0: 0x8000ecfe (0x0000bfe5) c.j     pc - 8
core   0: 3 0x8000ecfe (0xbfe5)
core   0: 0x8000ecf6 (0x00001f17) auipc   t5, 0x1
core   0: 3 0x8000ecf6 (0x00001f17) x30 0x8000fcf6
core   0: 0x8000ecfa (0x303f2523) sw      gp, 778(t5)
core   0: 3 0x8000ecfa (0x303f2523) mem 0x80010000 0x00000001
core   0: 0x8000ecfe (0x0000bfe5) c.j     pc - 8
core   0: 3 0x8000ecfe (0xbfe5)
core   0: 0x8000ecf6 (0x00001f17) auipc   t5, 0x1
core   0: 3 0x8000ecf6 (0x00001f17) x30 0x8000fcf6
core   0: 0x8000ecfa (0x303f2523) sw      gp, 778(t5)
core   0: 3 0x8000ecfa (0x303f2523) mem 0x80010000 0x00000001
core   0: 0x8000ecfe (0x0000bfe5) c.j     pc - 8
core   0: 3 0x8000ecfe (0xbfe5)
core   0: 0x8000ecf6 (0x00001f17) auipc   t5, 0x1
core   0: 3 0x8000ecf6 (0x00001f17) x30 0x8000fcf6
core   0: 0x8000ecfa (0x303f2523) sw      gp, 778(t5)
core   0: 3 0x8000ecfa (0x303f2523) mem 0x80010000 0x00000001
core   0: 0x8000ecfe (0x0000bfe5) c.j     pc - 8
core   0: 3 0x8000ecfe (0xbfe5)
core   0: 0x8000ecf6 (0x00001f17) auipc   t5, 0x1
core   0: 3 0x8000ecf6 (0x00001f17) x30 0x8000fcf6
core   0: 0x8000ecfa (0x303f2523) sw      gp, 778(t5)
core   0: 3 0x8000ecfa (0x303f2523) mem 0x80010000 0x00000001
core   0: 0x8000ecfe (0x0000bfe5) c.j     pc - 8
core   0: 3 0x8000ecfe (0xbfe5)
core   0: 0x8000ecf6 (0x00001f17) auipc   t5, 0x1
core   0: 3 0x8000ecf6 (0x00001f17) x30 0x8000fcf6
core   0: 0x8000ecfa (0x303f2523) sw      gp, 778(t5)
core   0: 3 0x8000ecfa (0x303f2523) mem 0x80010000 0x00000001
core   0: 0x8000ecfe (0x0000bfe5) c.j     pc - 8
core   0: 3 0x8000ecfe (0xbfe5)
core   0: 0x8000ecf6 (0x00001f17) auipc   t5, 0x1
core   0: 3 0x8000ecf6 (0x00001f17) x30 0x8000fcf6
core   0: 0x8000ecfa (0x303f2523) sw      gp, 778(t5)
core   0: 3 0x8000ecfa (0x303f2523) mem 0x80010000 0x00000001
core   0: 0x8000ecfe (0x0000bfe5) c.j     pc - 8
core   0: 3 0x8000ecfe (0xbfe5)
core   0: 0x8000ecf6 (0x00001f17) auipc   t5, 0x1
core   0: 3 0x8000ecf6 (0x00001f17) x30 0x8000fcf6
core   0: 0x8000ecfa (0x303f2523) sw      gp, 778(t5)
core   0: 3 0x8000ecfa (0x303f2523) mem 0x80010000 0x00000001
core   0: 0x8000ecfe (0x0000bfe5) c.j     pc - 8
core   0: 3 0x8000ecfe (0xbfe5)
core   0: 0x8000ecf6 (0x00001f17) auipc   t5, 0x1
core   0: 3 0x8000ecf6 (0x00001f17) x30 0x8000fcf6
core   0: 0x8000ecfa (0x303f2523) sw      gp, 778(t5)
core   0: 3 0x8000ecfa (0x303f2523) mem 0x80010000 0x00000001
core   0: 0x8000ecfe (0x0000bfe5) c.j     pc - 8
core   0: 3 0x8000ecfe (0xbfe5)
core   0: 0x8000ecf6 (0x00001f17) auipc   t5, 0x1
core   0: 3 0x8000ecf6 (0x00001f17) x30 0x8000fcf6
core   0: 0x8000ecfa (0x303f2523) sw      gp, 778(t5)
core   0: 3 0x8000ecfa (0x303f2523) mem 0x80010000 0x00000001
core   0: 0x8000ecfe (0x0000bfe5) c.j     pc - 8
core   0: 3 0x8000ecfe (0xbfe5)
core   0: 0x8000ecf6 (0x00001f17) auipc   t5, 0x1
core   0: 3 0x8000ecf6 (0x00001f17) x30 0x8000fcf6
core   0: 0x8000ecfa (0x303f2523) sw      gp, 778(t5)
core   0: 3 0x8000ecfa (0x303f2523) mem 0x80010000 0x00000001
core   0: 0x8000ecfe (0x0000bfe5) c.j     pc - 8
core   0: 3 0x8000ecfe (0xbfe5)
core   0: 0x8000ecf6 (0x00001f17) auipc   t5, 0x1
core   0: 3 0x8000ecf6 (0x00001f17) x30 0x8000fcf6
core   0: 0x8000ecfa (0x303f2523) sw      gp, 778(t5)
core   0: 3 0x8000ecfa (0x303f2523) mem 0x80010000 0x00000001
core   0: 0x8000ecfe (0x0000bfe5) c.j     pc - 8
core   0: 3 0x8000ecfe (0xbfe5)
core   0: 0x8000ecf6 (0x00001f17) auipc   t5, 0x1
core   0: 3 0x8000ecf6 (0x00001f17) x30 0x8000fcf6
core   0: 0x8000ecfa (0x303f2523) sw      gp, 778(t5)
core   0: 3 0x8000ecfa (0x303f2523) mem 0x80010000 0x00000001
core   0: 0x8000ecfe (0x0000bfe5) c.j     pc - 8
core   0: 3 0x8000ecfe (0xbfe5)
core   0: 0x8000ecf6 (0x00001f17) auipc   t5, 0x1
core   0: 3 0x8000ecf6 (0x00001f17) x30 0x8000fcf6
core   0: 0x8000ecfa (0x303f2523) sw      gp, 778(t5)
core   0: 3 0x8000ecfa (0x303f2523) mem 0x80010000 0x00000001
core   0: 0x8000ecfe (0x0000bfe5) c.j     pc - 8
core   0: 3 0x8000ecfe (0xbfe5)
core   0: 0x8000ecf6 (0x00001f17) auipc   t5, 0x1
core   0: 3 0x8000ecf6 (0x00001f17) x30 0x8000fcf6
core   0: 0x8000ecfa (0x303f2523) sw      gp, 778(t5)
core   0: 3 0x8000ecfa (0x303f2523) mem 0x80010000 0x00000001
core   0: 0x8000ecfe (0x0000bfe5) c.j     pc - 8
core   0: 3 0x8000ecfe (0xbfe5)
core   0: 0x8000ecf6 (0x00001f17) auipc   t5, 0x1
core   0: 3 0x8000ecf6 (0x00001f17) x30 0x8000fcf6
core   0: 0x8000ecfa (0x303f2523) sw      gp, 778(t5)
core   0: 3 0x8000ecfa (0x303f2523) mem 0x80010000 0x00000001
core   0: 0x8000ecfe (0x0000bfe5) c.j     pc - 8
core   0: 3 0x8000ecfe (0xbfe5)
core   0: 0x8000ecf6 (0x00001f17) auipc   t5, 0x1
core   0: 3 0x8000ecf6 (0x00001f17) x30 0x8000fcf6
core   0: 0x8000ecfa (0x303f2523) sw      gp, 778(t5)
core   0: 3 0x8000ecfa (0x303f2523) mem 0x80010000 0x00000001
core   0: 0x8000ecfe (0x0000bfe5) c.j     pc - 8
core   0: 3 0x8000ecfe (0xbfe5)
core   0: 0x8000ecf6 (0x00001f17) auipc   t5, 0x1
core   0: 3 0x8000ecf6 (0x00001f17) x30 0x8000fcf6
core   0: 0x8000ecfa (0x303f2523) sw      gp, 778(t5)
core   0: 3 0x8000ecfa (0x303f2523) mem 0x80010000 0x00000001
core   0: 0x8000ecfe (0x0000bfe5) c.j     pc - 8
core   0: 3 0x8000ecfe (0xbfe5)
core   0: 0x8000ecf6 (0x00001f17) auipc   t5, 0x1
core   0: 3 0x8000ecf6 (0x00001f17) x30 0x8000fcf6
core   0: 0x8000ecfa (0x303f2523) sw      gp, 778(t5)
core   0: 3 0x8000ecfa (0x303f2523) mem 0x80010000 0x00000001
core   0: 0x8000ecfe (0x0000bfe5) c.j     pc - 8
core   0: 3 0x8000ecfe (0xbfe5)
core   0: 0x8000ecf6 (0x00001f17) auipc   t5, 0x1
core   0: 3 0x8000ecf6 (0x00001f17) x30 0x8000fcf6
core   0: 0x8000ecfa (0x303f2523) sw      gp, 778(t5)
core   0: 3 0x8000ecfa (0x303f2523) mem 0x80010000 0x00000001
core   0: 0x8000ecfe (0x0000bfe5) c.j     pc - 8
core   0: 3 0x8000ecfe (0xbfe5)
core   0: 0x8000ecf6 (0x00001f17) auipc   t5, 0x1
core   0: 3 0x8000ecf6 (0x00001f17) x30 0x8000fcf6
core   0: 0x8000ecfa (0x303f2523) sw      gp, 778(t5)
core   0: 3 0x8000ecfa (0x303f2523) mem 0x80010000 0x00000001
core   0: 0x8000ecfe (0x0000bfe5) c.j     pc - 8
core   0: 3 0x8000ecfe (0xbfe5)
core   0: 0x8000ecf6 (0x00001f17) auipc   t5, 0x1
core   0: 3 0x8000ecf6 (0x00001f17) x30 0x8000fcf6
core   0: 0x8000ecfa (0x303f2523) sw      gp, 778(t5)
core   0: 3 0x8000ecfa (0x303f2523) mem 0x80010000 0x00000001
core   0: 0x8000ecfe (0x0000bfe5) c.j     pc - 8
core   0: 3 0x8000ecfe (0xbfe5)
core   0: 0x8000ecf6 (0x00001f17) auipc   t5, 0x1
core   0: 3 0x8000ecf6 (0x00001f17) x30 0x8000fcf6
core   0: 0x8000ecfa (0x303f2523) sw      gp, 778(t5)
core   0: 3 0x8000ecfa (0x303f2523) mem 0x80010000 0x00000001
core   0: 0x8000ecfe (0x0000bfe5) c.j     pc - 8
core   0: 3 0x8000ecfe (0xbfe5)
core   0: 0x8000ecf6 (0x00001f17) auipc   t5, 0x1
core   0: 3 0x8000ecf6 (0x00001f17) x30 0x8000fcf6
core   0: 0x8000ecfa (0x303f2523) sw      gp, 778(t5)
core   0: 3 0x8000ecfa (0x303f2523) mem 0x80010000 0x00000001
core   0: 0x8000ecfe (0x0000bfe5) c.j     pc - 8
core   0: 3 0x8000ecfe (0xbfe5)
core   0: 0x8000ecf6 (0x00001f17) auipc   t5, 0x1
core   0: 3 0x8000ecf6 (0x00001f17) x30 0x8000fcf6
core   0: 0x8000ecfa (0x303f2523) sw      gp, 778(t5)
core   0: 3 0x8000ecfa (0x303f2523) mem 0x80010000 0x00000001
core   0: 0x8000ecfe (0x0000bfe5) c.j     pc - 8
core   0: 3 0x8000ecfe (0xbfe5)
core   0: 0x8000ecf6 (0x00001f17) auipc   t5, 0x1
core   0: 3 0x8000ecf6 (0x00001f17) x30 0x8000fcf6
core   0: 0x8000ecfa (0x303f2523) sw      gp, 778(t5)
core   0: 3 0x8000ecfa (0x303f2523) mem 0x80010000 0x00000001
core   0: 0x8000ecfe (0x0000bfe5) c.j     pc - 8
core   0: 3 0x8000ecfe (0xbfe5)
core   0: 0x8000ecf6 (0x00001f17) auipc   t5, 0x1
core   0: 3 0x8000ecf6 (0x00001f17) x30 0x8000fcf6
core   0: 0x8000ecfa (0x303f2523) sw      gp, 778(t5)
core   0: 3 0x8000ecfa (0x303f2523) mem 0x80010000 0x00000001
core   0: 0x8000ecfe (0x0000bfe5) c.j     pc - 8
core   0: 3 0x8000ecfe (0xbfe5)
core   0: 0x8000ecf6 (0x00001f17) auipc   t5, 0x1
core   0: 3 0x8000ecf6 (0x00001f17) x30 0x8000fcf6
core   0: 0x8000ecfa (0x303f2523) sw      gp, 778(t5)
core   0: 3 0x8000ecfa (0x303f2523) mem 0x80010000 0x00000001
core   0: 0x8000ecfe (0x0000bfe5) c.j     pc - 8
core   0: 3 0x8000ecfe (0xbfe5)
core   0: 0x8000ecf6 (0x00001f17) auipc   t5, 0x1
core   0: 3 0x8000ecf6 (0x00001f17) x30 0x8000fcf6
core   0: 0x8000ecfa (0x303f2523) sw      gp, 778(t5)
core   0: 3 0x8000ecfa (0x303f2523) mem 0x80010000 0x00000001
core   0: 0x8000ecfe (0x0000bfe5) c.j     pc - 8
core   0: 3 0x8000ecfe (0xbfe5)
core   0: 0x8000ecf6 (0x00001f17) auipc   t5, 0x1
core   0: 3 0x8000ecf6 (0x00001f17) x30 0x8000fcf6
core   0: 0x8000ecfa (0x303f2523) sw      gp, 778(t5)
core   0: 3 0x8000ecfa (0x303f2523) mem 0x80010000 0x00000001
core   0: 0x8000ecfe (0x0000bfe5) c.j     pc - 8
core   0: 3 0x8000ecfe (0xbfe5)
core   0: 0x8000ecf6 (0x00001f17) auipc   t5, 0x1
core   0: 3 0x8000ecf6 (0x00001f17) x30 0x8000fcf6
core   0: 0x8000ecfa (0x303f2523) sw      gp, 778(t5)
core   0: 3 0x8000ecfa (0x303f2523) mem 0x80010000 0x00000001
core   0: 0x8000ecfe (0x0000bfe5) c.j     pc - 8
core   0: 3 0x8000ecfe (0xbfe5)
core   0: 0x8000ecf6 (0x00001f17) auipc   t5, 0x1
core   0: 3 0x8000ecf6 (0x00001f17) x30 0x8000fcf6
core   0: 0x8000ecfa (0x303f2523) sw      gp, 778(t5)
core   0: 3 0x8000ecfa (0x303f2523) mem 0x80010000 0x00000001
core   0: 0x8000ecfe (0x0000bfe5) c.j     pc - 8
core   0: 3 0x8000ecfe (0xbfe5)
core   0: 0x8000ecf6 (0x00001f17) auipc   t5, 0x1
core   0: 3 0x8000ecf6 (0x00001f17) x30 0x8000fcf6
core   0: 0x8000ecfa (0x303f2523) sw      gp, 778(t5)
core   0: 3 0x8000ecfa (0x303f2523) mem 0x80010000 0x00000001
core   0: 0x8000ecfe (0x0000bfe5) c.j     pc - 8
core   0: 3 0x8000ecfe (0xbfe5)
core   0: 0x8000ecf6 (0x00001f17) auipc   t5, 0x1
core   0: 3 0x8000ecf6 (0x00001f17) x30 0x8000fcf6
core   0: 0x8000ecfa (0x303f2523) sw      gp, 778(t5)
core   0: 3 0x8000ecfa (0x303f2523) mem 0x80010000 0x00000001
core   0: 0x8000ecfe (0x0000bfe5) c.j     pc - 8
core   0: 3 0x8000ecfe (0xbfe5)
core   0: 0x8000ecf6 (0x00001f17) auipc   t5, 0x1
core   0: 3 0x8000ecf6 (0x00001f17) x30 0x8000fcf6
core   0: 0x8000ecfa (0x303f2523) sw      gp, 778(t5)
core   0: 3 0x8000ecfa (0x303f2523) mem 0x80010000 0x00000001
core   0: 0x8000ecfe (0x0000bfe5) c.j     pc - 8
core   0: 3 0x8000ecfe (0xbfe5)
core   0: 0x8000ecf6 (0x00001f17) auipc   t5, 0x1
core   0: 3 0x8000ecf6 (0x00001f17) x30 0x8000fcf6
core   0: 0x8000ecfa (0x303f2523) sw      gp, 778(t5)
core   0: 3 0x8000ecfa (0x303f2523) mem 0x80010000 0x00000001
core   0: 0x8000ecfe (0x0000bfe5) c.j     pc - 8
core   0: 3 0x8000ecfe (0xbfe5)
core   0: 0x8000ecf6 (0x00001f17) auipc   t5, 0x1
core   0: 3 0x8000ecf6 (0x00001f17) x30 0x8000fcf6
core   0: 0x8000ecfa (0x303f2523) sw      gp, 778(t5)
core   0: 3 0x8000ecfa (0x303f2523) mem 0x80010000 0x00000001
core   0: 0x8000ecfe (0x0000bfe5) c.j     pc - 8
core   0: 3 0x8000ecfe (0xbfe5)
core   0: 0x8000ecf6 (0x00001f17) auipc   t5, 0x1
core   0: 3 0x8000ecf6 (0x00001f17) x30 0x8000fcf6
core   0: 0x8000ecfa (0x303f2523) sw      gp, 778(t5)
core   0: 3 0x8000ecfa (0x303f2523) mem 0x80010000 0x00000001
core   0: 0x8000ecfe (0x0000bfe5) c.j     pc - 8
core   0: 3 0x8000ecfe (0xbfe5)
core   0: 0x8000ecf6 (0x00001f17) auipc   t5, 0x1
core   0: 3 0x8000ecf6 (0x00001f17) x30 0x8000fcf6
core   0: 0x8000ecfa (0x303f2523) sw      gp, 778(t5)
core   0: 3 0x8000ecfa (0x303f2523) mem 0x80010000 0x00000001
core   0: 0x8000ecfe (0x0000bfe5) c.j     pc - 8
core   0: 3 0x8000ecfe (0xbfe5)
core   0: 0x8000ecf6 (0x00001f17) auipc   t5, 0x1
core   0: 3 0x8000ecf6 (0x00001f17) x30 0x8000fcf6
core   0: 0x8000ecfa (0x303f2523) sw      gp, 778(t5)
core   0: 3 0x8000ecfa (0x303f2523) mem 0x80010000 0x00000001
core   0: 0x8000ecfe (0x0000bfe5) c.j     pc - 8
core   0: 3 0x8000ecfe (0xbfe5)
core   0: 0x8000ecf6 (0x00001f17) auipc   t5, 0x1
core   0: 3 0x8000ecf6 (0x00001f17) x30 0x8000fcf6
core   0: 0x8000ecfa (0x303f2523) sw      gp, 778(t5)
core   0: 3 0x8000ecfa (0x303f2523) mem 0x80010000 0x00000001
core   0: 0x8000ecfe (0x0000bfe5) c.j     pc - 8
core   0: 3 0x8000ecfe (0xbfe5)
core   0: 0x8000ecf6 (0x00001f17) auipc   t5, 0x1
core   0: 3 0x8000ecf6 (0x00001f17) x30 0x8000fcf6
core   0: 0x8000ecfa (0x303f2523) sw      gp, 778(t5)
core   0: 3 0x8000ecfa (0x303f2523) mem 0x80010000 0x00000001
core   0: 0x8000ecfe (0x0000bfe5) c.j     pc - 8
core   0: 3 0x8000ecfe (0xbfe5)
core   0: 0x8000ecf6 (0x00001f17) auipc   t5, 0x1
core   0: 3 0x8000ecf6 (0x00001f17) x30 0x8000fcf6
core   0: 0x8000ecfa (0x303f2523) sw      gp, 778(t5)
core   0: 3 0x8000ecfa (0x303f2523) mem 0x80010000 0x00000001
core   0: 0x8000ecfe (0x0000bfe5) c.j     pc - 8
core   0: 3 0x8000ecfe (0xbfe5)
core   0: 0x8000ecf6 (0x00001f17) auipc   t5, 0x1
core   0: 3 0x8000ecf6 (0x00001f17) x30 0x8000fcf6
core   0: 0x8000ecfa (0x303f2523) sw      gp, 778(t5)
core   0: 3 0x8000ecfa (0x303f2523) mem 0x80010000 0x00000001
core   0: 0x8000ecfe (0x0000bfe5) c.j     pc - 8
core   0: 3 0x8000ecfe (0xbfe5)
core   0: 0x8000ecf6 (0x00001f17) auipc   t5, 0x1
core   0: 3 0x8000ecf6 (0x00001f17) x30 0x8000fcf6
core   0: 0x8000ecfa (0x303f2523) sw      gp, 778(t5)
core   0: 3 0x8000ecfa (0x303f2523) mem 0x80010000 0x00000001
core   0: 0x8000ecfe (0x0000bfe5) c.j     pc - 8
core   0: 3 0x8000ecfe (0xbfe5)
core   0: 0x8000ecf6 (0x00001f17) auipc   t5, 0x1
core   0: 3 0x8000ecf6 (0x00001f17) x30 0x8000fcf6
core   0: 0x8000ecfa (0x303f2523) sw      gp, 778(t5)
core   0: 3 0x8000ecfa (0x303f2523) mem 0x80010000 0x00000001
core   0: 0x8000ecfe (0x0000bfe5) c.j     pc - 8
core   0: 3 0x8000ecfe (0xbfe5)
core   0: 0x8000ecf6 (0x00001f17) auipc   t5, 0x1
core   0: 3 0x8000ecf6 (0x00001f17) x30 0x8000fcf6
core   0: 0x8000ecfa (0x303f2523) sw      gp, 778(t5)
core   0: 3 0x8000ecfa (0x303f2523) mem 0x80010000 0x00000001
core   0: 0x8000ecfe (0x0000bfe5) c.j     pc - 8
core   0: 3 0x8000ecfe (0xbfe5)
core   0: 0x8000ecf6 (0x00001f17) auipc   t5, 0x1
core   0: 3 0x8000ecf6 (0x00001f17) x30 0x8000fcf6
core   0: 0x8000ecfa (0x303f2523) sw      gp, 778(t5)
core   0: 3 0x8000ecfa (0x303f2523) mem 0x80010000 0x00000001
core   0: 0x8000ecfe (0x0000bfe5) c.j     pc - 8
core   0: 3 0x8000ecfe (0xbfe5)
core   0: 0x8000ecf6 (0x00001f17) auipc   t5, 0x1
core   0: 3 0x8000ecf6 (0x00001f17) x30 0x8000fcf6
core   0: 0x8000ecfa (0x303f2523) sw      gp, 778(t5)
core   0: 3 0x8000ecfa (0x303f2523) mem 0x80010000 0x00000001
core   0: 0x8000ecfe (0x0000bfe5) c.j     pc - 8
core   0: 3 0x8000ecfe (0xbfe5)
core   0: 0x8000ecf6 (0x00001f17) auipc   t5, 0x1
core   0: 3 0x8000ecf6 (0x00001f17) x30 0x8000fcf6
core   0: 0x8000ecfa (0x303f2523) sw      gp, 778(t5)
core   0: 3 0x8000ecfa (0x303f2523) mem 0x80010000 0x00000001
core   0: 0x8000ecfe (0x0000bfe5) c.j     pc - 8
core   0: 3 0x8000ecfe (0xbfe5)
core   0: 0x8000ecf6 (0x00001f17) auipc   t5, 0x1
core   0: 3 0x8000ecf6 (0x00001f17) x30 0x8000fcf6
core   0: 0x8000ecfa (0x303f2523) sw      gp, 778(t5)
core   0: 3 0x8000ecfa (0x303f2523) mem 0x80010000 0x00000001
core   0: 0x8000ecfe (0x0000bfe5) c.j     pc - 8
core   0: 3 0x8000ecfe (0xbfe5)
core   0: 0x8000ecf6 (0x00001f17) auipc   t5, 0x1
core   0: 3 0x8000ecf6 (0x00001f17) x30 0x8000fcf6
core   0: 0x8000ecfa (0x303f2523) sw      gp, 778(t5)
core   0: 3 0x8000ecfa (0x303f2523) mem 0x80010000 0x00000001
core   0: 0x8000ecfe (0x0000bfe5) c.j     pc - 8
core   0: 3 0x8000ecfe (0xbfe5)
core   0: 0x8000ecf6 (0x00001f17) auipc   t5, 0x1
core   0: 3 0x8000ecf6 (0x00001f17) x30 0x8000fcf6
core   0: 0x8000ecfa (0x303f2523) sw      gp, 778(t5)
core   0: 3 0x8000ecfa (0x303f2523) mem 0x80010000 0x00000001
core   0: 0x8000ecfe (0x0000bfe5) c.j     pc - 8
core   0: 3 0x8000ecfe (0xbfe5)
core   0: 0x8000ecf6 (0x00001f17) auipc   t5, 0x1
core   0: 3 0x8000ecf6 (0x00001f17) x30 0x8000fcf6
core   0: 0x8000ecfa (0x303f2523) sw      gp, 778(t5)
core   0: 3 0x8000ecfa (0x303f2523) mem 0x80010000 0x00000001
core   0: 0x8000ecfe (0x0000bfe5) c.j     pc - 8
core   0: 3 0x8000ecfe (0xbfe5)
core   0: 0x8000ecf6 (0x00001f17) auipc   t5, 0x1
core   0: 3 0x8000ecf6 (0x00001f17) x30 0x8000fcf6
core   0: 0x8000ecfa (0x303f2523) sw      gp, 778(t5)
core   0: 3 0x8000ecfa (0x303f2523) mem 0x80010000 0x00000001
core   0: 0x8000ecfe (0x0000bfe5) c.j     pc - 8
core   0: 3 0x8000ecfe (0xbfe5)
core   0: 0x8000ecf6 (0x00001f17) auipc   t5, 0x1
core   0: 3 0x8000ecf6 (0x00001f17) x30 0x8000fcf6
core   0: 0x8000ecfa (0x303f2523) sw      gp, 778(t5)
core   0: 3 0x8000ecfa (0x303f2523) mem 0x80010000 0x00000001
core   0: 0x8000ecfe (0x0000bfe5) c.j     pc - 8
core   0: 3 0x8000ecfe (0xbfe5)
core   0: 0x8000ecf6 (0x00001f17) auipc   t5, 0x1
core   0: 3 0x8000ecf6 (0x00001f17) x30 0x8000fcf6
core   0: 0x8000ecfa (0x303f2523) sw      gp, 778(t5)
core   0: 3 0x8000ecfa (0x303f2523) mem 0x80010000 0x00000001
core   0: 0x8000ecfe (0x0000bfe5) c.j     pc - 8
core   0: 3 0x8000ecfe (0xbfe5)
core   0: 0x8000ecf6 (0x00001f17) auipc   t5, 0x1
core   0: 3 0x8000ecf6 (0x00001f17) x30 0x8000fcf6
core   0: 0x8000ecfa (0x303f2523) sw      gp, 778(t5)
core   0: 3 0x8000ecfa (0x303f2523) mem 0x80010000 0x00000001
core   0: 0x8000ecfe (0x0000bfe5) c.j     pc - 8
core   0: 3 0x8000ecfe (0xbfe5)
core   0: 0x8000ecf6 (0x00001f17) auipc   t5, 0x1
core   0: 3 0x8000ecf6 (0x00001f17) x30 0x8000fcf6
core   0: 0x8000ecfa (0x303f2523) sw      gp, 778(t5)
core   0: 3 0x8000ecfa (0x303f2523) mem 0x80010000 0x00000001
core   0: 0x8000ecfe (0x0000bfe5) c.j     pc - 8
core   0: 3 0x8000ecfe (0xbfe5)
core   0: 0x8000ecf6 (0x00001f17) auipc   t5, 0x1
core   0: 3 0x8000ecf6 (0x00001f17) x30 0x8000fcf6
core   0: 0x8000ecfa (0x303f2523) sw      gp, 778(t5)
core   0: 3 0x8000ecfa (0x303f2523) mem 0x80010000 0x00000001
core   0: 0x8000ecfe (0x0000bfe5) c.j     pc - 8
core   0: 3 0x8000ecfe (0xbfe5)
core   0: 0x8000ecf6 (0x00001f17) auipc   t5, 0x1
core   0: 3 0x8000ecf6 (0x00001f17) x30 0x8000fcf6
core   0: 0x8000ecfa (0x303f2523) sw      gp, 778(t5)
core   0: 3 0x8000ecfa (0x303f2523) mem 0x80010000 0x00000001
core   0: 0x8000ecfe (0x0000bfe5) c.j     pc - 8
core   0: 3 0x8000ecfe (0xbfe5)
core   0: 0x8000ecf6 (0x00001f17) auipc   t5, 0x1
core   0: 3 0x8000ecf6 (0x00001f17) x30 0x8000fcf6
core   0: 0x8000ecfa (0x303f2523) sw      gp, 778(t5)
core   0: 3 0x8000ecfa (0x303f2523) mem 0x80010000 0x00000001
core   0: 0x8000ecfe (0x0000bfe5) c.j     pc - 8
core   0: 3 0x8000ecfe (0xbfe5)
core   0: 0x8000ecf6 (0x00001f17) auipc   t5, 0x1
core   0: 3 0x8000ecf6 (0x00001f17) x30 0x8000fcf6
core   0: 0x8000ecfa (0x303f2523) sw      gp, 778(t5)
core   0: 3 0x8000ecfa (0x303f2523) mem 0x80010000 0x00000001
core   0: 0x8000ecfe (0x0000bfe5) c.j     pc - 8
core   0: 3 0x8000ecfe (0xbfe5)
core   0: 0x8000ecf6 (0x00001f17) auipc   t5, 0x1
core   0: 3 0x8000ecf6 (0x00001f17) x30 0x8000fcf6
core   0: 0x8000ecfa (0x303f2523) sw      gp, 778(t5)
core   0: 3 0x8000ecfa (0x303f2523) mem 0x80010000 0x00000001
core   0: 0x8000ecfe (0x0000bfe5) c.j     pc - 8
core   0: 3 0x8000ecfe (0xbfe5)
core   0: 0x8000ecf6 (0x00001f17) auipc   t5, 0x1
core   0: 3 0x8000ecf6 (0x00001f17) x30 0x8000fcf6
core   0: 0x8000ecfa (0x303f2523) sw      gp, 778(t5)
core   0: 3 0x8000ecfa (0x303f2523) mem 0x80010000 0x00000001
core   0: 0x8000ecfe (0x0000bfe5) c.j     pc - 8
core   0: 3 0x8000ecfe (0xbfe5)
core   0: 0x8000ecf6 (0x00001f17) auipc   t5, 0x1
core   0: 3 0x8000ecf6 (0x00001f17) x30 0x8000fcf6
core   0: 0x8000ecfa (0x303f2523) sw      gp, 778(t5)
core   0: 3 0x8000ecfa (0x303f2523) mem 0x80010000 0x00000001
core   0: 0x8000ecfe (0x0000bfe5) c.j     pc - 8
core   0: 3 0x8000ecfe (0xbfe5)
core   0: 0x8000ecf6 (0x00001f17) auipc   t5, 0x1
core   0: 3 0x8000ecf6 (0x00001f17) x30 0x8000fcf6
core   0: 0x8000ecfa (0x303f2523) sw      gp, 778(t5)
core   0: 3 0x8000ecfa (0x303f2523) mem 0x80010000 0x00000001
core   0: 0x8000ecfe (0x0000bfe5) c.j     pc - 8
core   0: 3 0x8000ecfe (0xbfe5)
core   0: 0x8000ecf6 (0x00001f17) auipc   t5, 0x1
core   0: 3 0x8000ecf6 (0x00001f17) x30 0x8000fcf6
core   0: 0x8000ecfa (0x303f2523) sw      gp, 778(t5)
core   0: 3 0x8000ecfa (0x303f2523) mem 0x80010000 0x00000001
core   0: 0x8000ecfe (0x0000bfe5) c.j     pc - 8
core   0: 3 0x8000ecfe (0xbfe5)
core   0: 0x8000ecf6 (0x00001f17) auipc   t5, 0x1
core   0: 3 0x8000ecf6 (0x00001f17) x30 0x8000fcf6
core   0: 0x8000ecfa (0x303f2523) sw      gp, 778(t5)
core   0: 3 0x8000ecfa (0x303f2523) mem 0x80010000 0x00000001
core   0: 0x8000ecfe (0x0000bfe5) c.j     pc - 8
core   0: 3 0x8000ecfe (0xbfe5)
core   0: 0x8000ecf6 (0x00001f17) auipc   t5, 0x1
core   0: 3 0x8000ecf6 (0x00001f17) x30 0x8000fcf6
core   0: 0x8000ecfa (0x303f2523) sw      gp, 778(t5)
core   0: 3 0x8000ecfa (0x303f2523) mem 0x80010000 0x00000001
core   0: 0x8000ecfe (0x0000bfe5) c.j     pc - 8
core   0: 3 0x8000ecfe (0xbfe5)
core   0: 0x8000ecf6 (0x00001f17) auipc   t5, 0x1
core   0: 3 0x8000ecf6 (0x00001f17) x30 0x8000fcf6
core   0: 0x8000ecfa (0x303f2523) sw      gp, 778(t5)
core   0: 3 0x8000ecfa (0x303f2523) mem 0x80010000 0x00000001
core   0: 0x8000ecfe (0x0000bfe5) c.j     pc - 8
core   0: 3 0x8000ecfe (0xbfe5)
core   0: 0x8000ecf6 (0x00001f17) auipc   t5, 0x1
core   0: 3 0x8000ecf6 (0x00001f17) x30 0x8000fcf6
core   0: 0x8000ecfa (0x303f2523) sw      gp, 778(t5)
core   0: 3 0x8000ecfa (0x303f2523) mem 0x80010000 0x00000001
core   0: 0x8000ecfe (0x0000bfe5) c.j     pc - 8
core   0: 3 0x8000ecfe (0xbfe5)
core   0: 0x8000ecf6 (0x00001f17) auipc   t5, 0x1
core   0: 3 0x8000ecf6 (0x00001f17) x30 0x8000fcf6
core   0: 0x8000ecfa (0x303f2523) sw      gp, 778(t5)
core   0: 3 0x8000ecfa (0x303f2523) mem 0x80010000 0x00000001
core   0: 0x8000ecfe (0x0000bfe5) c.j     pc - 8
core   0: 3 0x8000ecfe (0xbfe5)
core   0: 0x8000ecf6 (0x00001f17) auipc   t5, 0x1
core   0: 3 0x8000ecf6 (0x00001f17) x30 0x8000fcf6
core   0: 0x8000ecfa (0x303f2523) sw      gp, 778(t5)
core   0: 3 0x8000ecfa (0x303f2523) mem 0x80010000 0x00000001
core   0: 0x8000ecfe (0x0000bfe5) c.j     pc - 8
core   0: 3 0x8000ecfe (0xbfe5)
core   0: 0x8000ecf6 (0x00001f17) auipc   t5, 0x1
core   0: 3 0x8000ecf6 (0x00001f17) x30 0x8000fcf6
core   0: 0x8000ecfa (0x303f2523) sw      gp, 778(t5)
core   0: 3 0x8000ecfa (0x303f2523) mem 0x80010000 0x00000001
core   0: 0x8000ecfe (0x0000bfe5) c.j     pc - 8
core   0: 3 0x8000ecfe (0xbfe5)
core   0: 0x8000ecf6 (0x00001f17) auipc   t5, 0x1
core   0: 3 0x8000ecf6 (0x00001f17) x30 0x8000fcf6
core   0: 0x8000ecfa (0x303f2523) sw      gp, 778(t5)
core   0: 3 0x8000ecfa (0x303f2523) mem 0x80010000 0x00000001
core   0: 0x8000ecfe (0x0000bfe5) c.j     pc - 8
core   0: 3 0x8000ecfe (0xbfe5)
core   0: 0x8000ecf6 (0x00001f17) auipc   t5, 0x1
core   0: 3 0x8000ecf6 (0x00001f17) x30 0x8000fcf6
core   0: 0x8000ecfa (0x303f2523) sw      gp, 778(t5)
core   0: 3 0x8000ecfa (0x303f2523) mem 0x80010000 0x00000001
core   0: 0x8000ecfe (0x0000bfe5) c.j     pc - 8
core   0: 3 0x8000ecfe (0xbfe5)
core   0: 0x8000ecf6 (0x00001f17) auipc   t5, 0x1
core   0: 3 0x8000ecf6 (0x00001f17) x30 0x8000fcf6
core   0: 0x8000ecfa (0x303f2523) sw      gp, 778(t5)
core   0: 3 0x8000ecfa (0x303f2523) mem 0x80010000 0x00000001
core   0: 0x8000ecfe (0x0000bfe5) c.j     pc - 8
core   0: 3 0x8000ecfe (0xbfe5)
core   0: 0x8000ecf6 (0x00001f17) auipc   t5, 0x1
core   0: 3 0x8000ecf6 (0x00001f17) x30 0x8000fcf6
core   0: 0x8000ecfa (0x303f2523) sw      gp, 778(t5)
core   0: 3 0x8000ecfa (0x303f2523) mem 0x80010000 0x00000001
core   0: 0x8000ecfe (0x0000bfe5) c.j     pc - 8
core   0: 3 0x8000ecfe (0xbfe5)
core   0: 0x8000ecf6 (0x00001f17) auipc   t5, 0x1
core   0: 3 0x8000ecf6 (0x00001f17) x30 0x8000fcf6
core   0: 0x8000ecfa (0x303f2523) sw      gp, 778(t5)
core   0: 3 0x8000ecfa (0x303f2523) mem 0x80010000 0x00000001
core   0: 0x8000ecfe (0x0000bfe5) c.j     pc - 8
core   0: 3 0x8000ecfe (0xbfe5)
core   0: 0x8000ecf6 (0x00001f17) auipc   t5, 0x1
core   0: 3 0x8000ecf6 (0x00001f17) x30 0x8000fcf6
core   0: 0x8000ecfa (0x303f2523) sw      gp, 778(t5)
core   0: 3 0x8000ecfa (0x303f2523) mem 0x80010000 0x00000001
core   0: 0x8000ecfe (0x0000bfe5) c.j     pc - 8
core   0: 3 0x8000ecfe (0xbfe5)
core   0: 0x8000ecf6 (0x00001f17) auipc   t5, 0x1
core   0: 3 0x8000ecf6 (0x00001f17) x30 0x8000fcf6
core   0: 0x8000ecfa (0x303f2523) sw      gp, 778(t5)
core   0: 3 0x8000ecfa (0x303f2523) mem 0x80010000 0x00000001
core   0: 0x8000ecfe (0x0000bfe5) c.j     pc - 8
core   0: 3 0x8000ecfe (0xbfe5)
core   0: 0x8000ecf6 (0x00001f17) auipc   t5, 0x1
core   0: 3 0x8000ecf6 (0x00001f17) x30 0x8000fcf6
core   0: 0x8000ecfa (0x303f2523) sw      gp, 778(t5)
core   0: 3 0x8000ecfa (0x303f2523) mem 0x80010000 0x00000001
core   0: 0x8000ecfe (0x0000bfe5) c.j     pc - 8
core   0: 3 0x8000ecfe (0xbfe5)
core   0: 0x8000ecf6 (0x00001f17) auipc   t5, 0x1
core   0: 3 0x8000ecf6 (0x00001f17) x30 0x8000fcf6
core   0: 0x8000ecfa (0x303f2523) sw      gp, 778(t5)
core   0: 3 0x8000ecfa (0x303f2523) mem 0x80010000 0x00000001
core   0: 0x8000ecfe (0x0000bfe5) c.j     pc - 8
core   0: 3 0x8000ecfe (0xbfe5)
core   0: 0x8000ecf6 (0x00001f17) auipc   t5, 0x1
core   0: 3 0x8000ecf6 (0x00001f17) x30 0x8000fcf6
core   0: 0x8000ecfa (0x303f2523) sw      gp, 778(t5)
core   0: 3 0x8000ecfa (0x303f2523) mem 0x80010000 0x00000001
core   0: 0x8000ecfe (0x0000bfe5) c.j     pc - 8
core   0: 3 0x8000ecfe (0xbfe5)
core   0: 0x8000ecf6 (0x00001f17) auipc   t5, 0x1
core   0: 3 0x8000ecf6 (0x00001f17) x30 0x8000fcf6
core   0: 0x8000ecfa (0x303f2523) sw      gp, 778(t5)
core   0: 3 0x8000ecfa (0x303f2523) mem 0x80010000 0x00000001
core   0: 0x8000ecfe (0x0000bfe5) c.j     pc - 8
core   0: 3 0x8000ecfe (0xbfe5)
core   0: 0x8000ecf6 (0x00001f17) auipc   t5, 0x1
core   0: 3 0x8000ecf6 (0x00001f17) x30 0x8000fcf6
core   0: 0x8000ecfa (0x303f2523) sw      gp, 778(t5)
core   0: 3 0x8000ecfa (0x303f2523) mem 0x80010000 0x00000001
core   0: 0x8000ecfe (0x0000bfe5) c.j     pc - 8
core   0: 3 0x8000ecfe (0xbfe5)
core   0: 0x8000ecf6 (0x00001f17) auipc   t5, 0x1
core   0: 3 0x8000ecf6 (0x00001f17) x30 0x8000fcf6
core   0: 0x8000ecfa (0x303f2523) sw      gp, 778(t5)
core   0: 3 0x8000ecfa (0x303f2523) mem 0x80010000 0x00000001
core   0: 0x8000ecfe (0x0000bfe5) c.j     pc - 8
core   0: 3 0x8000ecfe (0xbfe5)
core   0: 0x8000ecf6 (0x00001f17) auipc   t5, 0x1
core   0: 3 0x8000ecf6 (0x00001f17) x30 0x8000fcf6
core   0: 0x8000ecfa (0x303f2523) sw      gp, 778(t5)
core   0: 3 0x8000ecfa (0x303f2523) mem 0x80010000 0x00000001
core   0: 0x8000ecfe (0x0000bfe5) c.j     pc - 8
core   0: 3 0x8000ecfe (0xbfe5)
core   0: 0x8000ecf6 (0x00001f17) auipc   t5, 0x1
core   0: 3 0x8000ecf6 (0x00001f17) x30 0x8000fcf6
core   0: 0x8000ecfa (0x303f2523) sw      gp, 778(t5)
core   0: 3 0x8000ecfa (0x303f2523) mem 0x80010000 0x00000001
core   0: 0x8000ecfe (0x0000bfe5) c.j     pc - 8
core   0: 3 0x8000ecfe (0xbfe5)
core   0: 0x8000ecf6 (0x00001f17) auipc   t5, 0x1
core   0: 3 0x8000ecf6 (0x00001f17) x30 0x8000fcf6
core   0: 0x8000ecfa (0x303f2523) sw      gp, 778(t5)
core   0: 3 0x8000ecfa (0x303f2523) mem 0x80010000 0x00000001
core   0: 0x8000ecfe (0x0000bfe5) c.j     pc - 8
core   0: 3 0x8000ecfe (0xbfe5)
core   0: 0x8000ecf6 (0x00001f17) auipc   t5, 0x1
core   0: 3 0x8000ecf6 (0x00001f17) x30 0x8000fcf6
core   0: 0x8000ecfa (0x303f2523) sw      gp, 778(t5)
core   0: 3 0x8000ecfa (0x303f2523) mem 0x80010000 0x00000001
core   0: 0x8000ecfe (0x0000bfe5) c.j     pc - 8
core   0: 3 0x8000ecfe (0xbfe5)
core   0: 0x8000ecf6 (0x00001f17) auipc   t5, 0x1
core   0: 3 0x8000ecf6 (0x00001f17) x30 0x8000fcf6
core   0: 0x8000ecfa (0x303f2523) sw      gp, 778(t5)
core   0: 3 0x8000ecfa (0x303f2523) mem 0x80010000 0x00000001
core   0: 0x8000ecfe (0x0000bfe5) c.j     pc - 8
core   0: 3 0x8000ecfe (0xbfe5)
core   0: 0x8000ecf6 (0x00001f17) auipc   t5, 0x1
core   0: 3 0x8000ecf6 (0x00001f17) x30 0x8000fcf6
core   0: 0x8000ecfa (0x303f2523) sw      gp, 778(t5)
core   0: 3 0x8000ecfa (0x303f2523) mem 0x80010000 0x00000001
core   0: 0x8000ecfe (0x0000bfe5) c.j     pc - 8
core   0: 3 0x8000ecfe (0xbfe5)
core   0: 0x8000ecf6 (0x00001f17) auipc   t5, 0x1
core   0: 3 0x8000ecf6 (0x00001f17) x30 0x8000fcf6
core   0: 0x8000ecfa (0x303f2523) sw      gp, 778(t5)
core   0: 3 0x8000ecfa (0x303f2523) mem 0x80010000 0x00000001
core   0: 0x8000ecfe (0x0000bfe5) c.j     pc - 8
core   0: 3 0x8000ecfe (0xbfe5)
core   0: 0x8000ecf6 (0x00001f17) auipc   t5, 0x1
core   0: 3 0x8000ecf6 (0x00001f17) x30 0x8000fcf6
core   0: 0x8000ecfa (0x303f2523) sw      gp, 778(t5)
core   0: 3 0x8000ecfa (0x303f2523) mem 0x80010000 0x00000001
core   0: 0x8000ecfe (0x0000bfe5) c.j     pc - 8
core   0: 3 0x8000ecfe (0xbfe5)
core   0: 0x8000ecf6 (0x00001f17) auipc   t5, 0x1
core   0: 3 0x8000ecf6 (0x00001f17) x30 0x8000fcf6
core   0: 0x8000ecfa (0x303f2523) sw      gp, 778(t5)
core   0: 3 0x8000ecfa (0x303f2523) mem 0x80010000 0x00000001
core   0: 0x8000ecfe (0x0000bfe5) c.j     pc - 8
core   0: 3 0x8000ecfe (0xbfe5)
core   0: 0x8000ecf6 (0x00001f17) auipc   t5, 0x1
core   0: 3 0x8000ecf6 (0x00001f17) x30 0x8000fcf6
core   0: 0x8000ecfa (0x303f2523) sw      gp, 778(t5)
core   0: 3 0x8000ecfa (0x303f2523) mem 0x80010000 0x00000001
core   0: 0x8000ecfe (0x0000bfe5) c.j     pc - 8
core   0: 3 0x8000ecfe (0xbfe5)
core   0: 0x8000ecf6 (0x00001f17) auipc   t5, 0x1
core   0: 3 0x8000ecf6 (0x00001f17) x30 0x8000fcf6
core   0: 0x8000ecfa (0x303f2523) sw      gp, 778(t5)
core   0: 3 0x8000ecfa (0x303f2523) mem 0x80010000 0x00000001
core   0: 0x8000ecfe (0x0000bfe5) c.j     pc - 8
core   0: 3 0x8000ecfe (0xbfe5)
core   0: 0x8000ecf6 (0x00001f17) auipc   t5, 0x1
core   0: 3 0x8000ecf6 (0x00001f17) x30 0x8000fcf6
core   0: 0x8000ecfa (0x303f2523) sw      gp, 778(t5)
core   0: 3 0x8000ecfa (0x303f2523) mem 0x80010000 0x00000001
core   0: 0x8000ecfe (0x0000bfe5) c.j     pc - 8
core   0: 3 0x8000ecfe (0xbfe5)
core   0: 0x8000ecf6 (0x00001f17) auipc   t5, 0x1
core   0: 3 0x8000ecf6 (0x00001f17) x30 0x8000fcf6
core   0: 0x8000ecfa (0x303f2523) sw      gp, 778(t5)
core   0: 3 0x8000ecfa (0x303f2523) mem 0x80010000 0x00000001
core   0: 0x8000ecfe (0x0000bfe5) c.j     pc - 8
core   0: 3 0x8000ecfe (0xbfe5)
core   0: 0x8000ecf6 (0x00001f17) auipc   t5, 0x1
core   0: 3 0x8000ecf6 (0x00001f17) x30 0x8000fcf6
core   0: 0x8000ecfa (0x303f2523) sw      gp, 778(t5)
core   0: 3 0x8000ecfa (0x303f2523) mem 0x80010000 0x00000001
core   0: 0x8000ecfe (0x0000bfe5) c.j     pc - 8
core   0: 3 0x8000ecfe (0xbfe5)
core   0: 0x8000ecf6 (0x00001f17) auipc   t5, 0x1
core   0: 3 0x8000ecf6 (0x00001f17) x30 0x8000fcf6
core   0: 0x8000ecfa (0x303f2523) sw      gp, 778(t5)
core   0: 3 0x8000ecfa (0x303f2523) mem 0x80010000 0x00000001
core   0: 0x8000ecfe (0x0000bfe5) c.j     pc - 8
core   0: 3 0x8000ecfe (0xbfe5)
core   0: 0x8000ecf6 (0x00001f17) auipc   t5, 0x1
core   0: 3 0x8000ecf6 (0x00001f17) x30 0x8000fcf6
core   0: 0x8000ecfa (0x303f2523) sw      gp, 778(t5)
core   0: 3 0x8000ecfa (0x303f2523) mem 0x80010000 0x00000001
core   0: 0x8000ecfe (0x0000bfe5) c.j     pc - 8
core   0: 3 0x8000ecfe (0xbfe5)
core   0: 0x8000ecf6 (0x00001f17) auipc   t5, 0x1
core   0: 3 0x8000ecf6 (0x00001f17) x30 0x8000fcf6
core   0: 0x8000ecfa (0x303f2523) sw      gp, 778(t5)
core   0: 3 0x8000ecfa (0x303f2523) mem 0x80010000 0x00000001
core   0: 0x8000ecfe (0x0000bfe5) c.j     pc - 8
core   0: 3 0x8000ecfe (0xbfe5)
core   0: 0x8000ecf6 (0x00001f17) auipc   t5, 0x1
core   0: 3 0x8000ecf6 (0x00001f17) x30 0x8000fcf6
core   0: 0x8000ecfa (0x303f2523) sw      gp, 778(t5)
core   0: 3 0x8000ecfa (0x303f2523) mem 0x80010000 0x00000001
core   0: 0x8000ecfe (0x0000bfe5) c.j     pc - 8
core   0: 3 0x8000ecfe (0xbfe5)
core   0: 0x8000ecf6 (0x00001f17) auipc   t5, 0x1
core   0: 3 0x8000ecf6 (0x00001f17) x30 0x8000fcf6
core   0: 0x8000ecfa (0x303f2523) sw      gp, 778(t5)
core   0: 3 0x8000ecfa (0x303f2523) mem 0x80010000 0x00000001
core   0: 0x8000ecfe (0x0000bfe5) c.j     pc - 8
core   0: 3 0x8000ecfe (0xbfe5)
core   0: 0x8000ecf6 (0x00001f17) auipc   t5, 0x1
core   0: 3 0x8000ecf6 (0x00001f17) x30 0x8000fcf6
core   0: 0x8000ecfa (0x303f2523) sw      gp, 778(t5)
core   0: 3 0x8000ecfa (0x303f2523) mem 0x80010000 0x00000001
core   0: 0x8000ecfe (0x0000bfe5) c.j     pc - 8
core   0: 3 0x8000ecfe (0xbfe5)
core   0: 0x8000ecf6 (0x00001f17) auipc   t5, 0x1
core   0: 3 0x8000ecf6 (0x00001f17) x30 0x8000fcf6
core   0: 0x8000ecfa (0x303f2523) sw      gp, 778(t5)
core   0: 3 0x8000ecfa (0x303f2523) mem 0x80010000 0x00000001
core   0: 0x8000ecfe (0x0000bfe5) c.j     pc - 8
core   0: 3 0x8000ecfe (0xbfe5)
core   0: 0x8000ecf6 (0x00001f17) auipc   t5, 0x1
core   0: 3 0x8000ecf6 (0x00001f17) x30 0x8000fcf6
core   0: 0x8000ecfa (0x303f2523) sw      gp, 778(t5)
core   0: 3 0x8000ecfa (0x303f2523) mem 0x80010000 0x00000001
core   0: 0x8000ecfe (0x0000bfe5) c.j     pc - 8
core   0: 3 0x8000ecfe (0xbfe5)
core   0: 0x8000ecf6 (0x00001f17) auipc   t5, 0x1
core   0: 3 0x8000ecf6 (0x00001f17) x30 0x8000fcf6
core   0: 0x8000ecfa (0x303f2523) sw      gp, 778(t5)
core   0: 3 0x8000ecfa (0x303f2523) mem 0x80010000 0x00000001
core   0: 0x8000ecfe (0x0000bfe5) c.j     pc - 8
core   0: 3 0x8000ecfe (0xbfe5)
core   0: 0x8000ecf6 (0x00001f17) auipc   t5, 0x1
core   0: 3 0x8000ecf6 (0x00001f17) x30 0x8000fcf6
core   0: 0x8000ecfa (0x303f2523) sw      gp, 778(t5)
core   0: 3 0x8000ecfa (0x303f2523) mem 0x80010000 0x00000001
core   0: 0x8000ecfe (0x0000bfe5) c.j     pc - 8
core   0: 3 0x8000ecfe (0xbfe5)
core   0: 0x8000ecf6 (0x00001f17) auipc   t5, 0x1
core   0: 3 0x8000ecf6 (0x00001f17) x30 0x8000fcf6
core   0: 0x8000ecfa (0x303f2523) sw      gp, 778(t5)
core   0: 3 0x8000ecfa (0x303f2523) mem 0x80010000 0x00000001
core   0: 0x8000ecfe (0x0000bfe5) c.j     pc - 8
core   0: 3 0x8000ecfe (0xbfe5)
core   0: 0x8000ecf6 (0x00001f17) auipc   t5, 0x1
core   0: 3 0x8000ecf6 (0x00001f17) x30 0x8000fcf6
core   0: 0x8000ecfa (0x303f2523) sw      gp, 778(t5)
core   0: 3 0x8000ecfa (0x303f2523) mem 0x80010000 0x00000001
core   0: 0x8000ecfe (0x0000bfe5) c.j     pc - 8
core   0: 3 0x8000ecfe (0xbfe5)
core   0: 0x8000ecf6 (0x00001f17) auipc   t5, 0x1
core   0: 3 0x8000ecf6 (0x00001f17) x30 0x8000fcf6
core   0: 0x8000ecfa (0x303f2523) sw      gp, 778(t5)
core   0: 3 0x8000ecfa (0x303f2523) mem 0x80010000 0x00000001
core   0: 0x8000ecfe (0x0000bfe5) c.j     pc - 8
core   0: 3 0x8000ecfe (0xbfe5)
core   0: 0x8000ecf6 (0x00001f17) auipc   t5, 0x1
core   0: 3 0x8000ecf6 (0x00001f17) x30 0x8000fcf6
core   0: 0x8000ecfa (0x303f2523) sw      gp, 778(t5)
core   0: 3 0x8000ecfa (0x303f2523) mem 0x80010000 0x00000001
core   0: 0x8000ecfe (0x0000bfe5) c.j     pc - 8
core   0: 3 0x8000ecfe (0xbfe5)
core   0: 0x8000ecf6 (0x00001f17) auipc   t5, 0x1
core   0: 3 0x8000ecf6 (0x00001f17) x30 0x8000fcf6
core   0: 0x8000ecfa (0x303f2523) sw      gp, 778(t5)
core   0: 3 0x8000ecfa (0x303f2523) mem 0x80010000 0x00000001
core   0: 0x8000ecfe (0x0000bfe5) c.j     pc - 8
core   0: 3 0x8000ecfe (0xbfe5)
core   0: 0x8000ecf6 (0x00001f17) auipc   t5, 0x1
core   0: 3 0x8000ecf6 (0x00001f17) x30 0x8000fcf6
core   0: 0x8000ecfa (0x303f2523) sw      gp, 778(t5)
core   0: 3 0x8000ecfa (0x303f2523) mem 0x80010000 0x00000001
core   0: 0x8000ecfe (0x0000bfe5) c.j     pc - 8
core   0: 3 0x8000ecfe (0xbfe5)
core   0: 0x8000ecf6 (0x00001f17) auipc   t5, 0x1
core   0: 3 0x8000ecf6 (0x00001f17) x30 0x8000fcf6
core   0: 0x8000ecfa (0x303f2523) sw      gp, 778(t5)
core   0: 3 0x8000ecfa (0x303f2523) mem 0x80010000 0x00000001
core   0: 0x8000ecfe (0x0000bfe5) c.j     pc - 8
core   0: 3 0x8000ecfe (0xbfe5)
core   0: 0x8000ecf6 (0x00001f17) auipc   t5, 0x1
core   0: 3 0x8000ecf6 (0x00001f17) x30 0x8000fcf6
core   0: 0x8000ecfa (0x303f2523) sw      gp, 778(t5)
core   0: 3 0x8000ecfa (0x303f2523) mem 0x80010000 0x00000001
core   0: 0x8000ecfe (0x0000bfe5) c.j     pc - 8
core   0: 3 0x8000ecfe (0xbfe5)
core   0: 0x8000ecf6 (0x00001f17) auipc   t5, 0x1
core   0: 3 0x8000ecf6 (0x00001f17) x30 0x8000fcf6
core   0: 0x8000ecfa (0x303f2523) sw      gp, 778(t5)
core   0: 3 0x8000ecfa (0x303f2523) mem 0x80010000 0x00000001
core   0: 0x8000ecfe (0x0000bfe5) c.j     pc - 8
core   0: 3 0x8000ecfe (0xbfe5)
core   0: 0x8000ecf6 (0x00001f17) auipc   t5, 0x1
core   0: 3 0x8000ecf6 (0x00001f17) x30 0x8000fcf6
core   0: 0x8000ecfa (0x303f2523) sw      gp, 778(t5)
core   0: 3 0x8000ecfa (0x303f2523) mem 0x80010000 0x00000001
core   0: 0x8000ecfe (0x0000bfe5) c.j     pc - 8
core   0: 3 0x8000ecfe (0xbfe5)
core   0: 0x8000ecf6 (0x00001f17) auipc   t5, 0x1
core   0: 3 0x8000ecf6 (0x00001f17) x30 0x8000fcf6
core   0: 0x8000ecfa (0x303f2523) sw      gp, 778(t5)
core   0: 3 0x8000ecfa (0x303f2523) mem 0x80010000 0x00000001
core   0: 0x8000ecfe (0x0000bfe5) c.j     pc - 8
core   0: 3 0x8000ecfe (0xbfe5)
core   0: 0x8000ecf6 (0x00001f17) auipc   t5, 0x1
core   0: 3 0x8000ecf6 (0x00001f17) x30 0x8000fcf6
core   0: 0x8000ecfa (0x303f2523) sw      gp, 778(t5)
core   0: 3 0x8000ecfa (0x303f2523) mem 0x80010000 0x00000001
core   0: 0x8000ecfe (0x0000bfe5) c.j     pc - 8
core   0: 3 0x8000ecfe (0xbfe5)
core   0: 0x8000ecf6 (0x00001f17) auipc   t5, 0x1
core   0: 3 0x8000ecf6 (0x00001f17) x30 0x8000fcf6
core   0: 0x8000ecfa (0x303f2523) sw      gp, 778(t5)
core   0: 3 0x8000ecfa (0x303f2523) mem 0x80010000 0x00000001
core   0: 0x8000ecfe (0x0000bfe5) c.j     pc - 8
core   0: 3 0x8000ecfe (0xbfe5)
core   0: 0x8000ecf6 (0x00001f17) auipc   t5, 0x1
core   0: 3 0x8000ecf6 (0x00001f17) x30 0x8000fcf6
core   0: 0x8000ecfa (0x303f2523) sw      gp, 778(t5)
core   0: 3 0x8000ecfa (0x303f2523) mem 0x80010000 0x00000001
core   0: 0x8000ecfe (0x0000bfe5) c.j     pc - 8
core   0: 3 0x8000ecfe (0xbfe5)
core   0: 0x8000ecf6 (0x00001f17) auipc   t5, 0x1
core   0: 3 0x8000ecf6 (0x00001f17) x30 0x8000fcf6
core   0: 0x8000ecfa (0x303f2523) sw      gp, 778(t5)
core   0: 3 0x8000ecfa (0x303f2523) mem 0x80010000 0x00000001
core   0: 0x8000ecfe (0x0000bfe5) c.j     pc - 8
core   0: 3 0x8000ecfe (0xbfe5)
core   0: 0x8000ecf6 (0x00001f17) auipc   t5, 0x1
core   0: 3 0x8000ecf6 (0x00001f17) x30 0x8000fcf6
core   0: 0x8000ecfa (0x303f2523) sw      gp, 778(t5)
core   0: 3 0x8000ecfa (0x303f2523) mem 0x80010000 0x00000001
core   0: 0x8000ecfe (0x0000bfe5) c.j     pc - 8
core   0: 3 0x8000ecfe (0xbfe5)
core   0: 0x8000ecf6 (0x00001f17) auipc   t5, 0x1
core   0: 3 0x8000ecf6 (0x00001f17) x30 0x8000fcf6
core   0: 0x8000ecfa (0x303f2523) sw      gp, 778(t5)
core   0: 3 0x8000ecfa (0x303f2523) mem 0x80010000 0x00000001
core   0: 0x8000ecfe (0x0000bfe5) c.j     pc - 8
core   0: 3 0x8000ecfe (0xbfe5)
core   0: 0x8000ecf6 (0x00001f17) auipc   t5, 0x1
core   0: 3 0x8000ecf6 (0x00001f17) x30 0x8000fcf6
core   0: 0x8000ecfa (0x303f2523) sw      gp, 778(t5)
core   0: 3 0x8000ecfa (0x303f2523) mem 0x80010000 0x00000001
core   0: 0x8000ecfe (0x0000bfe5) c.j     pc - 8
core   0: 3 0x8000ecfe (0xbfe5)
core   0: 0x8000ecf6 (0x00001f17) auipc   t5, 0x1
core   0: 3 0x8000ecf6 (0x00001f17) x30 0x8000fcf6
core   0: 0x8000ecfa (0x303f2523) sw      gp, 778(t5)
core   0: 3 0x8000ecfa (0x303f2523) mem 0x80010000 0x00000001
core   0: 0x8000ecfe (0x0000bfe5) c.j     pc - 8
core   0: 3 0x8000ecfe (0xbfe5)
core   0: 0x8000ecf6 (0x00001f17) auipc   t5, 0x1
core   0: 3 0x8000ecf6 (0x00001f17) x30 0x8000fcf6
core   0: 0x8000ecfa (0x303f2523) sw      gp, 778(t5)
core   0: 3 0x8000ecfa (0x303f2523) mem 0x80010000 0x00000001
core   0: 0x8000ecfe (0x0000bfe5) c.j     pc - 8
core   0: 3 0x8000ecfe (0xbfe5)
core   0: 0x8000ecf6 (0x00001f17) auipc   t5, 0x1
core   0: 3 0x8000ecf6 (0x00001f17) x30 0x8000fcf6
core   0: 0x8000ecfa (0x303f2523) sw      gp, 778(t5)
core   0: 3 0x8000ecfa (0x303f2523) mem 0x80010000 0x00000001
core   0: 0x8000ecfe (0x0000bfe5) c.j     pc - 8
core   0: 3 0x8000ecfe (0xbfe5)
core   0: 0x8000ecf6 (0x00001f17) auipc   t5, 0x1
core   0: 3 0x8000ecf6 (0x00001f17) x30 0x8000fcf6
core   0: 0x8000ecfa (0x303f2523) sw      gp, 778(t5)
core   0: 3 0x8000ecfa (0x303f2523) mem 0x80010000 0x00000001
core   0: 0x8000ecfe (0x0000bfe5) c.j     pc - 8
core   0: 3 0x8000ecfe (0xbfe5)
core   0: 0x8000ecf6 (0x00001f17) auipc   t5, 0x1
core   0: 3 0x8000ecf6 (0x00001f17) x30 0x8000fcf6
core   0: 0x8000ecfa (0x303f2523) sw      gp, 778(t5)
core   0: 3 0x8000ecfa (0x303f2523) mem 0x80010000 0x00000001
core   0: 0x8000ecfe (0x0000bfe5) c.j     pc - 8
core   0: 3 0x8000ecfe (0xbfe5)
core   0: 0x8000ecf6 (0x00001f17) auipc   t5, 0x1
core   0: 3 0x8000ecf6 (0x00001f17) x30 0x8000fcf6
core   0: 0x8000ecfa (0x303f2523) sw      gp, 778(t5)
core   0: 3 0x8000ecfa (0x303f2523) mem 0x80010000 0x00000001
core   0: 0x8000ecfe (0x0000bfe5) c.j     pc - 8
core   0: 3 0x8000ecfe (0xbfe5)
core   0: 0x8000ecf6 (0x00001f17) auipc   t5, 0x1
core   0: 3 0x8000ecf6 (0x00001f17) x30 0x8000fcf6
core   0: 0x8000ecfa (0x303f2523) sw      gp, 778(t5)
core   0: 3 0x8000ecfa (0x303f2523) mem 0x80010000 0x00000001
core   0: 0x8000ecfe (0x0000bfe5) c.j     pc - 8
core   0: 3 0x8000ecfe (0xbfe5)
core   0: 0x8000ecf6 (0x00001f17) auipc   t5, 0x1
core   0: 3 0x8000ecf6 (0x00001f17) x30 0x8000fcf6
core   0: 0x8000ecfa (0x303f2523) sw      gp, 778(t5)
core   0: 3 0x8000ecfa (0x303f2523) mem 0x80010000 0x00000001
core   0: 0x8000ecfe (0x0000bfe5) c.j     pc - 8
core   0: 3 0x8000ecfe (0xbfe5)
core   0: 0x8000ecf6 (0x00001f17) auipc   t5, 0x1
core   0: 3 0x8000ecf6 (0x00001f17) x30 0x8000fcf6
core   0: 0x8000ecfa (0x303f2523) sw      gp, 778(t5)
core   0: 3 0x8000ecfa (0x303f2523) mem 0x80010000 0x00000001
core   0: 0x8000ecfe (0x0000bfe5) c.j     pc - 8
core   0: 3 0x8000ecfe (0xbfe5)
core   0: 0x8000ecf6 (0x00001f17) auipc   t5, 0x1
core   0: 3 0x8000ecf6 (0x00001f17) x30 0x8000fcf6
core   0: 0x8000ecfa (0x303f2523) sw      gp, 778(t5)
core   0: 3 0x8000ecfa (0x303f2523) mem 0x80010000 0x00000001
core   0: 0x8000ecfe (0x0000bfe5) c.j     pc - 8
core   0: 3 0x8000ecfe (0xbfe5)
core   0: 0x8000ecf6 (0x00001f17) auipc   t5, 0x1
core   0: 3 0x8000ecf6 (0x00001f17) x30 0x8000fcf6
core   0: 0x8000ecfa (0x303f2523) sw      gp, 778(t5)
core   0: 3 0x8000ecfa (0x303f2523) mem 0x80010000 0x00000001
core   0: 0x8000ecfe (0x0000bfe5) c.j     pc - 8
core   0: 3 0x8000ecfe (0xbfe5)
core   0: 0x8000ecf6 (0x00001f17) auipc   t5, 0x1
core   0: 3 0x8000ecf6 (0x00001f17) x30 0x8000fcf6
core   0: 0x8000ecfa (0x303f2523) sw      gp, 778(t5)
core   0: 3 0x8000ecfa (0x303f2523) mem 0x80010000 0x00000001
core   0: 0x8000ecfe (0x0000bfe5) c.j     pc - 8
core   0: 3 0x8000ecfe (0xbfe5)
core   0: 0x8000ecf6 (0x00001f17) auipc   t5, 0x1
core   0: 3 0x8000ecf6 (0x00001f17) x30 0x8000fcf6
core   0: 0x8000ecfa (0x303f2523) sw      gp, 778(t5)
core   0: 3 0x8000ecfa (0x303f2523) mem 0x80010000 0x00000001
core   0: 0x8000ecfe (0x0000bfe5) c.j     pc - 8
core   0: 3 0x8000ecfe (0xbfe5)
core   0: 0x8000ecf6 (0x00001f17) auipc   t5, 0x1
core   0: 3 0x8000ecf6 (0x00001f17) x30 0x8000fcf6
core   0: 0x8000ecfa (0x303f2523) sw      gp, 778(t5)
core   0: 3 0x8000ecfa (0x303f2523) mem 0x80010000 0x00000001
core   0: 0x8000ecfe (0x0000bfe5) c.j     pc - 8
core   0: 3 0x8000ecfe (0xbfe5)
core   0: 0x8000ecf6 (0x00001f17) auipc   t5, 0x1
core   0: 3 0x8000ecf6 (0x00001f17) x30 0x8000fcf6
core   0: 0x8000ecfa (0x303f2523) sw      gp, 778(t5)
core   0: 3 0x8000ecfa (0x303f2523) mem 0x80010000 0x00000001
core   0: 0x8000ecfe (0x0000bfe5) c.j     pc - 8
core   0: 3 0x8000ecfe (0xbfe5)
core   0: 0x8000ecf6 (0x00001f17) auipc   t5, 0x1
core   0: 3 0x8000ecf6 (0x00001f17) x30 0x8000fcf6
core   0: 0x8000ecfa (0x303f2523) sw      gp, 778(t5)
core   0: 3 0x8000ecfa (0x303f2523) mem 0x80010000 0x00000001
core   0: 0x8000ecfe (0x0000bfe5) c.j     pc - 8
core   0: 3 0x8000ecfe (0xbfe5)
core   0: 0x8000ecf6 (0x00001f17) auipc   t5, 0x1
core   0: 3 0x8000ecf6 (0x00001f17) x30 0x8000fcf6
core   0: 0x8000ecfa (0x303f2523) sw      gp, 778(t5)
core   0: 3 0x8000ecfa (0x303f2523) mem 0x80010000 0x00000001
core   0: 0x8000ecfe (0x0000bfe5) c.j     pc - 8
core   0: 3 0x8000ecfe (0xbfe5)
core   0: 0x8000ecf6 (0x00001f17) auipc   t5, 0x1
core   0: 3 0x8000ecf6 (0x00001f17) x30 0x8000fcf6
core   0: 0x8000ecfa (0x303f2523) sw      gp, 778(t5)
core   0: 3 0x8000ecfa (0x303f2523) mem 0x80010000 0x00000001
core   0: 0x8000ecfe (0x0000bfe5) c.j     pc - 8
core   0: 3 0x8000ecfe (0xbfe5)
core   0: 0x8000ecf6 (0x00001f17) auipc   t5, 0x1
core   0: 3 0x8000ecf6 (0x00001f17) x30 0x8000fcf6
core   0: 0x8000ecfa (0x303f2523) sw      gp, 778(t5)
core   0: 3 0x8000ecfa (0x303f2523) mem 0x80010000 0x00000001
core   0: 0x8000ecfe (0x0000bfe5) c.j     pc - 8
core   0: 3 0x8000ecfe (0xbfe5)
core   0: 0x8000ecf6 (0x00001f17) auipc   t5, 0x1
core   0: 3 0x8000ecf6 (0x00001f17) x30 0x8000fcf6
core   0: 0x8000ecfa (0x303f2523) sw      gp, 778(t5)
core   0: 3 0x8000ecfa (0x303f2523) mem 0x80010000 0x00000001
core   0: 0x8000ecfe (0x0000bfe5) c.j     pc - 8
core   0: 3 0x8000ecfe (0xbfe5)
core   0: 0x8000ecf6 (0x00001f17) auipc   t5, 0x1
core   0: 3 0x8000ecf6 (0x00001f17) x30 0x8000fcf6
core   0: 0x8000ecfa (0x303f2523) sw      gp, 778(t5)
core   0: 3 0x8000ecfa (0x303f2523) mem 0x80010000 0x00000001
core   0: 0x8000ecfe (0x0000bfe5) c.j     pc - 8
core   0: 3 0x8000ecfe (0xbfe5)
core   0: 0x8000ecf6 (0x00001f17) auipc   t5, 0x1
core   0: 3 0x8000ecf6 (0x00001f17) x30 0x8000fcf6
core   0: 0x8000ecfa (0x303f2523) sw      gp, 778(t5)
core   0: 3 0x8000ecfa (0x303f2523) mem 0x80010000 0x00000001
core   0: 0x8000ecfe (0x0000bfe5) c.j     pc - 8
core   0: 3 0x8000ecfe (0xbfe5)
core   0: 0x8000ecf6 (0x00001f17) auipc   t5, 0x1
core   0: 3 0x8000ecf6 (0x00001f17) x30 0x8000fcf6
core   0: 0x8000ecfa (0x303f2523) sw      gp, 778(t5)
core   0: 3 0x8000ecfa (0x303f2523) mem 0x80010000 0x00000001
core   0: 0x8000ecfe (0x0000bfe5) c.j     pc - 8
core   0: 3 0x8000ecfe (0xbfe5)
core   0: 0x8000ecf6 (0x00001f17) auipc   t5, 0x1
core   0: 3 0x8000ecf6 (0x00001f17) x30 0x8000fcf6
core   0: 0x8000ecfa (0x303f2523) sw      gp, 778(t5)
core   0: 3 0x8000ecfa (0x303f2523) mem 0x80010000 0x00000001
core   0: 0x8000ecfe (0x0000bfe5) c.j     pc - 8
core   0: 3 0x8000ecfe (0xbfe5)
core   0: 0x8000ecf6 (0x00001f17) auipc   t5, 0x1
core   0: 3 0x8000ecf6 (0x00001f17) x30 0x8000fcf6
core   0: 0x8000ecfa (0x303f2523) sw      gp, 778(t5)
core   0: 3 0x8000ecfa (0x303f2523) mem 0x80010000 0x00000001
core   0: 0x8000ecfe (0x0000bfe5) c.j     pc - 8
core   0: 3 0x8000ecfe (0xbfe5)
core   0: 0x8000ecf6 (0x00001f17) auipc   t5, 0x1
core   0: 3 0x8000ecf6 (0x00001f17) x30 0x8000fcf6
core   0: 0x8000ecfa (0x303f2523) sw      gp, 778(t5)
core   0: 3 0x8000ecfa (0x303f2523) mem 0x80010000 0x00000001
core   0: 0x8000ecfe (0x0000bfe5) c.j     pc - 8
core   0: 3 0x8000ecfe (0xbfe5)
core   0: 0x8000ecf6 (0x00001f17) auipc   t5, 0x1
core   0: 3 0x8000ecf6 (0x00001f17) x30 0x8000fcf6
core   0: 0x8000ecfa (0x303f2523) sw      gp, 778(t5)
core   0: 3 0x8000ecfa (0x303f2523) mem 0x80010000 0x00000001
core   0: 0x8000ecfe (0x0000bfe5) c.j     pc - 8
core   0: 3 0x8000ecfe (0xbfe5)
core   0: 0x8000ecf6 (0x00001f17) auipc   t5, 0x1
core   0: 3 0x8000ecf6 (0x00001f17) x30 0x8000fcf6
core   0: 0x8000ecfa (0x303f2523) sw      gp, 778(t5)
core   0: 3 0x8000ecfa (0x303f2523) mem 0x80010000 0x00000001
core   0: 0x8000ecfe (0x0000bfe5) c.j     pc - 8
core   0: 3 0x8000ecfe (0xbfe5)
core   0: 0x8000ecf6 (0x00001f17) auipc   t5, 0x1
core   0: 3 0x8000ecf6 (0x00001f17) x30 0x8000fcf6
core   0: 0x8000ecfa (0x303f2523) sw      gp, 778(t5)
core   0: 3 0x8000ecfa (0x303f2523) mem 0x80010000 0x00000001
core   0: 0x8000ecfe (0x0000bfe5) c.j     pc - 8
core   0: 3 0x8000ecfe (0xbfe5)
core   0: 0x8000ecf6 (0x00001f17) auipc   t5, 0x1
core   0: 3 0x8000ecf6 (0x00001f17) x30 0x8000fcf6
core   0: 0x8000ecfa (0x303f2523) sw      gp, 778(t5)
core   0: 3 0x8000ecfa (0x303f2523) mem 0x80010000 0x00000001
core   0: 0x8000ecfe (0x0000bfe5) c.j     pc - 8
core   0: 3 0x8000ecfe (0xbfe5)
core   0: 0x8000ecf6 (0x00001f17) auipc   t5, 0x1
core   0: 3 0x8000ecf6 (0x00001f17) x30 0x8000fcf6
core   0: 0x8000ecfa (0x303f2523) sw      gp, 778(t5)
core   0: 3 0x8000ecfa (0x303f2523) mem 0x80010000 0x00000001
core   0: 0x8000ecfe (0x0000bfe5) c.j     pc - 8
core   0: 3 0x8000ecfe (0xbfe5)
core   0: 0x8000ecf6 (0x00001f17) auipc   t5, 0x1
core   0: 3 0x8000ecf6 (0x00001f17) x30 0x8000fcf6
core   0: 0x8000ecfa (0x303f2523) sw      gp, 778(t5)
core   0: 3 0x8000ecfa (0x303f2523) mem 0x80010000 0x00000001
core   0: 0x8000ecfe (0x0000bfe5) c.j     pc - 8
core   0: 3 0x8000ecfe (0xbfe5)
core   0: 0x8000ecf6 (0x00001f17) auipc   t5, 0x1
core   0: 3 0x8000ecf6 (0x00001f17) x30 0x8000fcf6
core   0: 0x8000ecfa (0x303f2523) sw      gp, 778(t5)
core   0: 3 0x8000ecfa (0x303f2523) mem 0x80010000 0x00000001
core   0: 0x8000ecfe (0x0000bfe5) c.j     pc - 8
core   0: 3 0x8000ecfe (0xbfe5)
core   0: 0x8000ecf6 (0x00001f17) auipc   t5, 0x1
core   0: 3 0x8000ecf6 (0x00001f17) x30 0x8000fcf6
core   0: 0x8000ecfa (0x303f2523) sw      gp, 778(t5)
core   0: 3 0x8000ecfa (0x303f2523) mem 0x80010000 0x00000001
core   0: 0x8000ecfe (0x0000bfe5) c.j     pc - 8
core   0: 3 0x8000ecfe (0xbfe5)
core   0: 0x8000ecf6 (0x00001f17) auipc   t5, 0x1
core   0: 3 0x8000ecf6 (0x00001f17) x30 0x8000fcf6
core   0: 0x8000ecfa (0x303f2523) sw      gp, 778(t5)
core   0: 3 0x8000ecfa (0x303f2523) mem 0x80010000 0x00000001
core   0: 0x8000ecfe (0x0000bfe5) c.j     pc - 8
core   0: 3 0x8000ecfe (0xbfe5)
core   0: 0x8000ecf6 (0x00001f17) auipc   t5, 0x1
core   0: 3 0x8000ecf6 (0x00001f17) x30 0x8000fcf6
core   0: 0x8000ecfa (0x303f2523) sw      gp, 778(t5)
core   0: 3 0x8000ecfa (0x303f2523) mem 0x80010000 0x00000001
core   0: 0x8000ecfe (0x0000bfe5) c.j     pc - 8
core   0: 3 0x8000ecfe (0xbfe5)
core   0: 0x8000ecf6 (0x00001f17) auipc   t5, 0x1
core   0: 3 0x8000ecf6 (0x00001f17) x30 0x8000fcf6
core   0: 0x8000ecfa (0x303f2523) sw      gp, 778(t5)
core   0: 3 0x8000ecfa (0x303f2523) mem 0x80010000 0x00000001
core   0: 0x8000ecfe (0x0000bfe5) c.j     pc - 8
core   0: 3 0x8000ecfe (0xbfe5)
core   0: 0x8000ecf6 (0x00001f17) auipc   t5, 0x1
core   0: 3 0x8000ecf6 (0x00001f17) x30 0x8000fcf6
core   0: 0x8000ecfa (0x303f2523) sw      gp, 778(t5)
core   0: 3 0x8000ecfa (0x303f2523) mem 0x80010000 0x00000001
core   0: 0x8000ecfe (0x0000bfe5) c.j     pc - 8
core   0: 3 0x8000ecfe (0xbfe5)
core   0: 0x8000ecf6 (0x00001f17) auipc   t5, 0x1
core   0: 3 0x8000ecf6 (0x00001f17) x30 0x8000fcf6
core   0: 0x8000ecfa (0x303f2523) sw      gp, 778(t5)
core   0: 3 0x8000ecfa (0x303f2523) mem 0x80010000 0x00000001
core   0: 0x8000ecfe (0x0000bfe5) c.j     pc - 8
core   0: 3 0x8000ecfe (0xbfe5)
core   0: 0x8000ecf6 (0x00001f17) auipc   t5, 0x1
core   0: 3 0x8000ecf6 (0x00001f17) x30 0x8000fcf6
core   0: 0x8000ecfa (0x303f2523) sw      gp, 778(t5)
core   0: 3 0x8000ecfa (0x303f2523) mem 0x80010000 0x00000001
core   0: 0x8000ecfe (0x0000bfe5) c.j     pc - 8
core   0: 3 0x8000ecfe (0xbfe5)
core   0: 0x8000ecf6 (0x00001f17) auipc   t5, 0x1
core   0: 3 0x8000ecf6 (0x00001f17) x30 0x8000fcf6
core   0: 0x8000ecfa (0x303f2523) sw      gp, 778(t5)
core   0: 3 0x8000ecfa (0x303f2523) mem 0x80010000 0x00000001
core   0: 0x8000ecfe (0x0000bfe5) c.j     pc - 8
core   0: 3 0x8000ecfe (0xbfe5)
core   0: 0x8000ecf6 (0x00001f17) auipc   t5, 0x1
core   0: 3 0x8000ecf6 (0x00001f17) x30 0x8000fcf6
core   0: 0x8000ecfa (0x303f2523) sw      gp, 778(t5)
core   0: 3 0x8000ecfa (0x303f2523) mem 0x80010000 0x00000001
core   0: 0x8000ecfe (0x0000bfe5) c.j     pc - 8
core   0: 3 0x8000ecfe (0xbfe5)
core   0: 0x8000ecf6 (0x00001f17) auipc   t5, 0x1
core   0: 3 0x8000ecf6 (0x00001f17) x30 0x8000fcf6
core   0: 0x8000ecfa (0x303f2523) sw      gp, 778(t5)
core   0: 3 0x8000ecfa (0x303f2523) mem 0x80010000 0x00000001
core   0: 0x8000ecfe (0x0000bfe5) c.j     pc - 8
core   0: 3 0x8000ecfe (0xbfe5)
core   0: 0x8000ecf6 (0x00001f17) auipc   t5, 0x1
core   0: 3 0x8000ecf6 (0x00001f17) x30 0x8000fcf6
core   0: 0x8000ecfa (0x303f2523) sw      gp, 778(t5)
core   0: 3 0x8000ecfa (0x303f2523) mem 0x80010000 0x00000001
core   0: 0x8000ecfe (0x0000bfe5) c.j     pc - 8
core   0: 3 0x8000ecfe (0xbfe5)
core   0: 0x8000ecf6 (0x00001f17) auipc   t5, 0x1
core   0: 3 0x8000ecf6 (0x00001f17) x30 0x8000fcf6
core   0: 0x8000ecfa (0x303f2523) sw      gp, 778(t5)
core   0: 3 0x8000ecfa (0x303f2523) mem 0x80010000 0x00000001
core   0: 0x8000ecfe (0x0000bfe5) c.j     pc - 8
core   0: 3 0x8000ecfe (0xbfe5)
core   0: 0x8000ecf6 (0x00001f17) auipc   t5, 0x1
core   0: 3 0x8000ecf6 (0x00001f17) x30 0x8000fcf6
core   0: 0x8000ecfa (0x303f2523) sw      gp, 778(t5)
core   0: 3 0x8000ecfa (0x303f2523) mem 0x80010000 0x00000001
core   0: 0x8000ecfe (0x0000bfe5) c.j     pc - 8
core   0: 3 0x8000ecfe (0xbfe5)
core   0: 0x8000ecf6 (0x00001f17) auipc   t5, 0x1
core   0: 3 0x8000ecf6 (0x00001f17) x30 0x8000fcf6
core   0: 0x8000ecfa (0x303f2523) sw      gp, 778(t5)
core   0: 3 0x8000ecfa (0x303f2523) mem 0x80010000 0x00000001
core   0: 0x8000ecfe (0x0000bfe5) c.j     pc - 8
core   0: 3 0x8000ecfe (0xbfe5)
core   0: 0x8000ecf6 (0x00001f17) auipc   t5, 0x1
core   0: 3 0x8000ecf6 (0x00001f17) x30 0x8000fcf6
core   0: 0x8000ecfa (0x303f2523) sw      gp, 778(t5)
core   0: 3 0x8000ecfa (0x303f2523) mem 0x80010000 0x00000001
core   0: 0x8000ecfe (0x0000bfe5) c.j     pc - 8
core   0: 3 0x8000ecfe (0xbfe5)
core   0: 0x8000ecf6 (0x00001f17) auipc   t5, 0x1
core   0: 3 0x8000ecf6 (0x00001f17) x30 0x8000fcf6
core   0: 0x8000ecfa (0x303f2523) sw      gp, 778(t5)
core   0: 3 0x8000ecfa (0x303f2523) mem 0x80010000 0x00000001
core   0: 0x8000ecfe (0x0000bfe5) c.j     pc - 8
core   0: 3 0x8000ecfe (0xbfe5)
core   0: 0x8000ecf6 (0x00001f17) auipc   t5, 0x1
core   0: 3 0x8000ecf6 (0x00001f17) x30 0x8000fcf6
core   0: 0x8000ecfa (0x303f2523) sw      gp, 778(t5)
core   0: 3 0x8000ecfa (0x303f2523) mem 0x80010000 0x00000001
core   0: 0x8000ecfe (0x0000bfe5) c.j     pc - 8
core   0: 3 0x8000ecfe (0xbfe5)
core   0: 0x8000ecf6 (0x00001f17) auipc   t5, 0x1
core   0: 3 0x8000ecf6 (0x00001f17) x30 0x8000fcf6
core   0: 0x8000ecfa (0x303f2523) sw      gp, 778(t5)
core   0: 3 0x8000ecfa (0x303f2523) mem 0x80010000 0x00000001
core   0: 0x8000ecfe (0x0000bfe5) c.j     pc - 8
core   0: 3 0x8000ecfe (0xbfe5)
core   0: 0x8000ecf6 (0x00001f17) auipc   t5, 0x1
core   0: 3 0x8000ecf6 (0x00001f17) x30 0x8000fcf6
core   0: 0x8000ecfa (0x303f2523) sw      gp, 778(t5)
core   0: 3 0x8000ecfa (0x303f2523) mem 0x80010000 0x00000001
core   0: 0x8000ecfe (0x0000bfe5) c.j     pc - 8
core   0: 3 0x8000ecfe (0xbfe5)
core   0: 0x8000ecf6 (0x00001f17) auipc   t5, 0x1
core   0: 3 0x8000ecf6 (0x00001f17) x30 0x8000fcf6
core   0: 0x8000ecfa (0x303f2523) sw      gp, 778(t5)
core   0: 3 0x8000ecfa (0x303f2523) mem 0x80010000 0x00000001
core   0: 0x8000ecfe (0x0000bfe5) c.j     pc - 8
core   0: 3 0x8000ecfe (0xbfe5)
core   0: 0x8000ecf6 (0x00001f17) auipc   t5, 0x1
core   0: 3 0x8000ecf6 (0x00001f17) x30 0x8000fcf6
core   0: 0x8000ecfa (0x303f2523) sw      gp, 778(t5)
core   0: 3 0x8000ecfa (0x303f2523) mem 0x80010000 0x00000001
core   0: 0x8000ecfe (0x0000bfe5) c.j     pc - 8
core   0: 3 0x8000ecfe (0xbfe5)
core   0: 0x8000ecf6 (0x00001f17) auipc   t5, 0x1
core   0: 3 0x8000ecf6 (0x00001f17) x30 0x8000fcf6
core   0: 0x8000ecfa (0x303f2523) sw      gp, 778(t5)
core   0: 3 0x8000ecfa (0x303f2523) mem 0x80010000 0x00000001
core   0: 0x8000ecfe (0x0000bfe5) c.j     pc - 8
core   0: 3 0x8000ecfe (0xbfe5)
core   0: 0x8000ecf6 (0x00001f17) auipc   t5, 0x1
core   0: 3 0x8000ecf6 (0x00001f17) x30 0x8000fcf6
core   0: 0x8000ecfa (0x303f2523) sw      gp, 778(t5)
core   0: 3 0x8000ecfa (0x303f2523) mem 0x80010000 0x00000001
core   0: 0x8000ecfe (0x0000bfe5) c.j     pc - 8
core   0: 3 0x8000ecfe (0xbfe5)
core   0: 0x8000ecf6 (0x00001f17) auipc   t5, 0x1
core   0: 3 0x8000ecf6 (0x00001f17) x30 0x8000fcf6
core   0: 0x8000ecfa (0x303f2523) sw      gp, 778(t5)
core   0: 3 0x8000ecfa (0x303f2523) mem 0x80010000 0x00000001
core   0: 0x8000ecfe (0x0000bfe5) c.j     pc - 8
core   0: 3 0x8000ecfe (0xbfe5)
core   0: 0x8000ecf6 (0x00001f17) auipc   t5, 0x1
core   0: 3 0x8000ecf6 (0x00001f17) x30 0x8000fcf6
core   0: 0x8000ecfa (0x303f2523) sw      gp, 778(t5)
core   0: 3 0x8000ecfa (0x303f2523) mem 0x80010000 0x00000001
core   0: 0x8000ecfe (0x0000bfe5) c.j     pc - 8
core   0: 3 0x8000ecfe (0xbfe5)
core   0: 0x8000ecf6 (0x00001f17) auipc   t5, 0x1
core   0: 3 0x8000ecf6 (0x00001f17) x30 0x8000fcf6
core   0: 0x8000ecfa (0x303f2523) sw      gp, 778(t5)
core   0: 3 0x8000ecfa (0x303f2523) mem 0x80010000 0x00000001
core   0: 0x8000ecfe (0x0000bfe5) c.j     pc - 8
core   0: 3 0x8000ecfe (0xbfe5)
core   0: 0x8000ecf6 (0x00001f17) auipc   t5, 0x1
core   0: 3 0x8000ecf6 (0x00001f17) x30 0x8000fcf6
core   0: 0x8000ecfa (0x303f2523) sw      gp, 778(t5)
core   0: 3 0x8000ecfa (0x303f2523) mem 0x80010000 0x00000001
core   0: 0x8000ecfe (0x0000bfe5) c.j     pc - 8
core   0: 3 0x8000ecfe (0xbfe5)
core   0: 0x8000ecf6 (0x00001f17) auipc   t5, 0x1
core   0: 3 0x8000ecf6 (0x00001f17) x30 0x8000fcf6
core   0: 0x8000ecfa (0x303f2523) sw      gp, 778(t5)
core   0: 3 0x8000ecfa (0x303f2523) mem 0x80010000 0x00000001
core   0: 0x8000ecfe (0x0000bfe5) c.j     pc - 8
core   0: 3 0x8000ecfe (0xbfe5)
core   0: 0x8000ecf6 (0x00001f17) auipc   t5, 0x1
core   0: 3 0x8000ecf6 (0x00001f17) x30 0x8000fcf6
core   0: 0x8000ecfa (0x303f2523) sw      gp, 778(t5)
core   0: 3 0x8000ecfa (0x303f2523) mem 0x80010000 0x00000001
core   0: 0x8000ecfe (0x0000bfe5) c.j     pc - 8
core   0: 3 0x8000ecfe (0xbfe5)
core   0: 0x8000ecf6 (0x00001f17) auipc   t5, 0x1
core   0: 3 0x8000ecf6 (0x00001f17) x30 0x8000fcf6
core   0: 0x8000ecfa (0x303f2523) sw      gp, 778(t5)
core   0: 3 0x8000ecfa (0x303f2523) mem 0x80010000 0x00000001
core   0: 0x8000ecfe (0x0000bfe5) c.j     pc - 8
core   0: 3 0x8000ecfe (0xbfe5)
core   0: 0x8000ecf6 (0x00001f17) auipc   t5, 0x1
core   0: 3 0x8000ecf6 (0x00001f17) x30 0x8000fcf6
core   0: 0x8000ecfa (0x303f2523) sw      gp, 778(t5)
core   0: 3 0x8000ecfa (0x303f2523) mem 0x80010000 0x00000001
core   0: 0x8000ecfe (0x0000bfe5) c.j     pc - 8
core   0: 3 0x8000ecfe (0xbfe5)
core   0: 0x8000ecf6 (0x00001f17) auipc   t5, 0x1
core   0: 3 0x8000ecf6 (0x00001f17) x30 0x8000fcf6
core   0: 0x8000ecfa (0x303f2523) sw      gp, 778(t5)
core   0: 3 0x8000ecfa (0x303f2523) mem 0x80010000 0x00000001
core   0: 0x8000ecfe (0x0000bfe5) c.j     pc - 8
core   0: 3 0x8000ecfe (0xbfe5)
core   0: 0x8000ecf6 (0x00001f17) auipc   t5, 0x1
core   0: 3 0x8000ecf6 (0x00001f17) x30 0x8000fcf6
core   0: 0x8000ecfa (0x303f2523) sw      gp, 778(t5)
core   0: 3 0x8000ecfa (0x303f2523) mem 0x80010000 0x00000001
core   0: 0x8000ecfe (0x0000bfe5) c.j     pc - 8
core   0: 3 0x8000ecfe (0xbfe5)
core   0: 0x8000ecf6 (0x00001f17) auipc   t5, 0x1
core   0: 3 0x8000ecf6 (0x00001f17) x30 0x8000fcf6
core   0: 0x8000ecfa (0x303f2523) sw      gp, 778(t5)
core   0: 3 0x8000ecfa (0x303f2523) mem 0x80010000 0x00000001
core   0: 0x8000ecfe (0x0000bfe5) c.j     pc - 8
core   0: 3 0x8000ecfe (0xbfe5)
core   0: 0x8000ecf6 (0x00001f17) auipc   t5, 0x1
core   0: 3 0x8000ecf6 (0x00001f17) x30 0x8000fcf6
core   0: 0x8000ecfa (0x303f2523) sw      gp, 778(t5)
core   0: 3 0x8000ecfa (0x303f2523) mem 0x80010000 0x00000001
core   0: 0x8000ecfe (0x0000bfe5) c.j     pc - 8
core   0: 3 0x8000ecfe (0xbfe5)
core   0: 0x8000ecf6 (0x00001f17) auipc   t5, 0x1
core   0: 3 0x8000ecf6 (0x00001f17) x30 0x8000fcf6
core   0: 0x8000ecfa (0x303f2523) sw      gp, 778(t5)
core   0: 3 0x8000ecfa (0x303f2523) mem 0x80010000 0x00000001
core   0: 0x8000ecfe (0x0000bfe5) c.j     pc - 8
core   0: 3 0x8000ecfe (0xbfe5)
core   0: 0x8000ecf6 (0x00001f17) auipc   t5, 0x1
core   0: 3 0x8000ecf6 (0x00001f17) x30 0x8000fcf6
core   0: 0x8000ecfa (0x303f2523) sw      gp, 778(t5)
core   0: 3 0x8000ecfa (0x303f2523) mem 0x80010000 0x00000001
core   0: 0x8000ecfe (0x0000bfe5) c.j     pc - 8
core   0: 3 0x8000ecfe (0xbfe5)
core   0: 0x8000ecf6 (0x00001f17) auipc   t5, 0x1
core   0: 3 0x8000ecf6 (0x00001f17) x30 0x8000fcf6
core   0: 0x8000ecfa (0x303f2523) sw      gp, 778(t5)
core   0: 3 0x8000ecfa (0x303f2523) mem 0x80010000 0x00000001
core   0: 0x8000ecfe (0x0000bfe5) c.j     pc - 8
core   0: 3 0x8000ecfe (0xbfe5)
core   0: 0x8000ecf6 (0x00001f17) auipc   t5, 0x1
core   0: 3 0x8000ecf6 (0x00001f17) x30 0x8000fcf6
core   0: 0x8000ecfa (0x303f2523) sw      gp, 778(t5)
core   0: 3 0x8000ecfa (0x303f2523) mem 0x80010000 0x00000001
core   0: 0x8000ecfe (0x0000bfe5) c.j     pc - 8
core   0: 3 0x8000ecfe (0xbfe5)
core   0: 0x8000ecf6 (0x00001f17) auipc   t5, 0x1
core   0: 3 0x8000ecf6 (0x00001f17) x30 0x8000fcf6
core   0: 0x8000ecfa (0x303f2523) sw      gp, 778(t5)
core   0: 3 0x8000ecfa (0x303f2523) mem 0x80010000 0x00000001
core   0: 0x8000ecfe (0x0000bfe5) c.j     pc - 8
core   0: 3 0x8000ecfe (0xbfe5)
core   0: 0x8000ecf6 (0x00001f17) auipc   t5, 0x1
core   0: 3 0x8000ecf6 (0x00001f17) x30 0x8000fcf6
core   0: 0x8000ecfa (0x303f2523) sw      gp, 778(t5)
core   0: 3 0x8000ecfa (0x303f2523) mem 0x80010000 0x00000001
core   0: 0x8000ecfe (0x0000bfe5) c.j     pc - 8
core   0: 3 0x8000ecfe (0xbfe5)
core   0: 0x8000ecf6 (0x00001f17) auipc   t5, 0x1
core   0: 3 0x8000ecf6 (0x00001f17) x30 0x8000fcf6
core   0: 0x8000ecfa (0x303f2523) sw      gp, 778(t5)
core   0: 3 0x8000ecfa (0x303f2523) mem 0x80010000 0x00000001
core   0: 0x8000ecfe (0x0000bfe5) c.j     pc - 8
core   0: 3 0x8000ecfe (0xbfe5)
core   0: 0x8000ecf6 (0x00001f17) auipc   t5, 0x1
core   0: 3 0x8000ecf6 (0x00001f17) x30 0x8000fcf6
core   0: 0x8000ecfa (0x303f2523) sw      gp, 778(t5)
core   0: 3 0x8000ecfa (0x303f2523) mem 0x80010000 0x00000001
core   0: 0x8000ecfe (0x0000bfe5) c.j     pc - 8
core   0: 3 0x8000ecfe (0xbfe5)
core   0: 0x8000ecf6 (0x00001f17) auipc   t5, 0x1
core   0: 3 0x8000ecf6 (0x00001f17) x30 0x8000fcf6
core   0: 0x8000ecfa (0x303f2523) sw      gp, 778(t5)
core   0: 3 0x8000ecfa (0x303f2523) mem 0x80010000 0x00000001
core   0: 0x8000ecfe (0x0000bfe5) c.j     pc - 8
core   0: 3 0x8000ecfe (0xbfe5)
core   0: 0x8000ecf6 (0x00001f17) auipc   t5, 0x1
core   0: 3 0x8000ecf6 (0x00001f17) x30 0x8000fcf6
core   0: 0x8000ecfa (0x303f2523) sw      gp, 778(t5)
core   0: 3 0x8000ecfa (0x303f2523) mem 0x80010000 0x00000001
core   0: 0x8000ecfe (0x0000bfe5) c.j     pc - 8
core   0: 3 0x8000ecfe (0xbfe5)
core   0: 0x8000ecf6 (0x00001f17) auipc   t5, 0x1
core   0: 3 0x8000ecf6 (0x00001f17) x30 0x8000fcf6
core   0: 0x8000ecfa (0x303f2523) sw      gp, 778(t5)
core   0: 3 0x8000ecfa (0x303f2523) mem 0x80010000 0x00000001
core   0: 0x8000ecfe (0x0000bfe5) c.j     pc - 8
core   0: 3 0x8000ecfe (0xbfe5)
core   0: 0x8000ecf6 (0x00001f17) auipc   t5, 0x1
core   0: 3 0x8000ecf6 (0x00001f17) x30 0x8000fcf6
core   0: 0x8000ecfa (0x303f2523) sw      gp, 778(t5)
core   0: 3 0x8000ecfa (0x303f2523) mem 0x80010000 0x00000001
core   0: 0x8000ecfe (0x0000bfe5) c.j     pc - 8
core   0: 3 0x8000ecfe (0xbfe5)
core   0: 0x8000ecf6 (0x00001f17) auipc   t5, 0x1
core   0: 3 0x8000ecf6 (0x00001f17) x30 0x8000fcf6
core   0: 0x8000ecfa (0x303f2523) sw      gp, 778(t5)
core   0: 3 0x8000ecfa (0x303f2523) mem 0x80010000 0x00000001
core   0: 0x8000ecfe (0x0000bfe5) c.j     pc - 8
core   0: 3 0x8000ecfe (0xbfe5)
core   0: 0x8000ecf6 (0x00001f17) auipc   t5, 0x1
core   0: 3 0x8000ecf6 (0x00001f17) x30 0x8000fcf6
core   0: 0x8000ecfa (0x303f2523) sw      gp, 778(t5)
core   0: 3 0x8000ecfa (0x303f2523) mem 0x80010000 0x00000001
core   0: 0x8000ecfe (0x0000bfe5) c.j     pc - 8
core   0: 3 0x8000ecfe (0xbfe5)
core   0: 0x8000ecf6 (0x00001f17) auipc   t5, 0x1
core   0: 3 0x8000ecf6 (0x00001f17) x30 0x8000fcf6
core   0: 0x8000ecfa (0x303f2523) sw      gp, 778(t5)
core   0: 3 0x8000ecfa (0x303f2523) mem 0x80010000 0x00000001
core   0: 0x8000ecfe (0x0000bfe5) c.j     pc - 8
core   0: 3 0x8000ecfe (0xbfe5)
core   0: 0x8000ecf6 (0x00001f17) auipc   t5, 0x1
core   0: 3 0x8000ecf6 (0x00001f17) x30 0x8000fcf6
core   0: 0x8000ecfa (0x303f2523) sw      gp, 778(t5)
core   0: 3 0x8000ecfa (0x303f2523) mem 0x80010000 0x00000001
core   0: 0x8000ecfe (0x0000bfe5) c.j     pc - 8
core   0: 3 0x8000ecfe (0xbfe5)
core   0: 0x8000ecf6 (0x00001f17) auipc   t5, 0x1
core   0: 3 0x8000ecf6 (0x00001f17) x30 0x8000fcf6
core   0: 0x8000ecfa (0x303f2523) sw      gp, 778(t5)
core   0: 3 0x8000ecfa (0x303f2523) mem 0x80010000 0x00000001
core   0: 0x8000ecfe (0x0000bfe5) c.j     pc - 8
core   0: 3 0x8000ecfe (0xbfe5)
core   0: 0x8000ecf6 (0x00001f17) auipc   t5, 0x1
core   0: 3 0x8000ecf6 (0x00001f17) x30 0x8000fcf6
core   0: 0x8000ecfa (0x303f2523) sw      gp, 778(t5)
core   0: 3 0x8000ecfa (0x303f2523) mem 0x80010000 0x00000001
core   0: 0x8000ecfe (0x0000bfe5) c.j     pc - 8
core   0: 3 0x8000ecfe (0xbfe5)
core   0: 0x8000ecf6 (0x00001f17) auipc   t5, 0x1
core   0: 3 0x8000ecf6 (0x00001f17) x30 0x8000fcf6
core   0: 0x8000ecfa (0x303f2523) sw      gp, 778(t5)
core   0: 3 0x8000ecfa (0x303f2523) mem 0x80010000 0x00000001
core   0: 0x8000ecfe (0x0000bfe5) c.j     pc - 8
core   0: 3 0x8000ecfe (0xbfe5)
core   0: 0x8000ecf6 (0x00001f17) auipc   t5, 0x1
core   0: 3 0x8000ecf6 (0x00001f17) x30 0x8000fcf6
core   0: 0x8000ecfa (0x303f2523) sw      gp, 778(t5)
core   0: 3 0x8000ecfa (0x303f2523) mem 0x80010000 0x00000001
core   0: 0x8000ecfe (0x0000bfe5) c.j     pc - 8
core   0: 3 0x8000ecfe (0xbfe5)
core   0: 0x8000ecf6 (0x00001f17) auipc   t5, 0x1
core   0: 3 0x8000ecf6 (0x00001f17) x30 0x8000fcf6
core   0: 0x8000ecfa (0x303f2523) sw      gp, 778(t5)
core   0: 3 0x8000ecfa (0x303f2523) mem 0x80010000 0x00000001
core   0: 0x8000ecfe (0x0000bfe5) c.j     pc - 8
core   0: 3 0x8000ecfe (0xbfe5)
core   0: 0x8000ecf6 (0x00001f17) auipc   t5, 0x1
core   0: 3 0x8000ecf6 (0x00001f17) x30 0x8000fcf6
core   0: 0x8000ecfa (0x303f2523) sw      gp, 778(t5)
core   0: 3 0x8000ecfa (0x303f2523) mem 0x80010000 0x00000001
core   0: 0x8000ecfe (0x0000bfe5) c.j     pc - 8
core   0: 3 0x8000ecfe (0xbfe5)
core   0: 0x8000ecf6 (0x00001f17) auipc   t5, 0x1
core   0: 3 0x8000ecf6 (0x00001f17) x30 0x8000fcf6
core   0: 0x8000ecfa (0x303f2523) sw      gp, 778(t5)
core   0: 3 0x8000ecfa (0x303f2523) mem 0x80010000 0x00000001
core   0: 0x8000ecfe (0x0000bfe5) c.j     pc - 8
core   0: 3 0x8000ecfe (0xbfe5)
core   0: 0x8000ecf6 (0x00001f17) auipc   t5, 0x1
core   0: 3 0x8000ecf6 (0x00001f17) x30 0x8000fcf6
core   0: 0x8000ecfa (0x303f2523) sw      gp, 778(t5)
core   0: 3 0x8000ecfa (0x303f2523) mem 0x80010000 0x00000001
core   0: 0x8000ecfe (0x0000bfe5) c.j     pc - 8
core   0: 3 0x8000ecfe (0xbfe5)
core   0: 0x8000ecf6 (0x00001f17) auipc   t5, 0x1
core   0: 3 0x8000ecf6 (0x00001f17) x30 0x8000fcf6
core   0: 0x8000ecfa (0x303f2523) sw      gp, 778(t5)
core   0: 3 0x8000ecfa (0x303f2523) mem 0x80010000 0x00000001
core   0: 0x8000ecfe (0x0000bfe5) c.j     pc - 8
core   0: 3 0x8000ecfe (0xbfe5)
core   0: 0x8000ecf6 (0x00001f17) auipc   t5, 0x1
core   0: 3 0x8000ecf6 (0x00001f17) x30 0x8000fcf6
core   0: 0x8000ecfa (0x303f2523) sw      gp, 778(t5)
core   0: 3 0x8000ecfa (0x303f2523) mem 0x80010000 0x00000001
core   0: 0x8000ecfe (0x0000bfe5) c.j     pc - 8
core   0: 3 0x8000ecfe (0xbfe5)
core   0: 0x8000ecf6 (0x00001f17) auipc   t5, 0x1
core   0: 3 0x8000ecf6 (0x00001f17) x30 0x8000fcf6
core   0: 0x8000ecfa (0x303f2523) sw      gp, 778(t5)
core   0: 3 0x8000ecfa (0x303f2523) mem 0x80010000 0x00000001
core   0: 0x8000ecfe (0x0000bfe5) c.j     pc - 8
core   0: 3 0x8000ecfe (0xbfe5)
core   0: 0x8000ecf6 (0x00001f17) auipc   t5, 0x1
core   0: 3 0x8000ecf6 (0x00001f17) x30 0x8000fcf6
core   0: 0x8000ecfa (0x303f2523) sw      gp, 778(t5)
core   0: 3 0x8000ecfa (0x303f2523) mem 0x80010000 0x00000001
core   0: 0x8000ecfe (0x0000bfe5) c.j     pc - 8
core   0: 3 0x8000ecfe (0xbfe5)
core   0: 0x8000ecf6 (0x00001f17) auipc   t5, 0x1
core   0: 3 0x8000ecf6 (0x00001f17) x30 0x8000fcf6
core   0: 0x8000ecfa (0x303f2523) sw      gp, 778(t5)
core   0: 3 0x8000ecfa (0x303f2523) mem 0x80010000 0x00000001
core   0: 0x8000ecfe (0x0000bfe5) c.j     pc - 8
core   0: 3 0x8000ecfe (0xbfe5)
core   0: 0x8000ecf6 (0x00001f17) auipc   t5, 0x1
core   0: 3 0x8000ecf6 (0x00001f17) x30 0x8000fcf6
core   0: 0x8000ecfa (0x303f2523) sw      gp, 778(t5)
core   0: 3 0x8000ecfa (0x303f2523) mem 0x80010000 0x00000001
core   0: 0x8000ecfe (0x0000bfe5) c.j     pc - 8
core   0: 3 0x8000ecfe (0xbfe5)
core   0: 0x8000ecf6 (0x00001f17) auipc   t5, 0x1
core   0: 3 0x8000ecf6 (0x00001f17) x30 0x8000fcf6
core   0: 0x8000ecfa (0x303f2523) sw      gp, 778(t5)
core   0: 3 0x8000ecfa (0x303f2523) mem 0x80010000 0x00000001
core   0: 0x8000ecfe (0x0000bfe5) c.j     pc - 8
core   0: 3 0x8000ecfe (0xbfe5)
core   0: 0x8000ecf6 (0x00001f17) auipc   t5, 0x1
core   0: 3 0x8000ecf6 (0x00001f17) x30 0x8000fcf6
core   0: 0x8000ecfa (0x303f2523) sw      gp, 778(t5)
core   0: 3 0x8000ecfa (0x303f2523) mem 0x80010000 0x00000001
core   0: 0x8000ecfe (0x0000bfe5) c.j     pc - 8
core   0: 3 0x8000ecfe (0xbfe5)
core   0: 0x8000ecf6 (0x00001f17) auipc   t5, 0x1
core   0: 3 0x8000ecf6 (0x00001f17) x30 0x8000fcf6
core   0: 0x8000ecfa (0x303f2523) sw      gp, 778(t5)
core   0: 3 0x8000ecfa (0x303f2523) mem 0x80010000 0x00000001
core   0: 0x8000ecfe (0x0000bfe5) c.j     pc - 8
core   0: 3 0x8000ecfe (0xbfe5)
core   0: 0x8000ecf6 (0x00001f17) auipc   t5, 0x1
core   0: 3 0x8000ecf6 (0x00001f17) x30 0x8000fcf6
core   0: 0x8000ecfa (0x303f2523) sw      gp, 778(t5)
core   0: 3 0x8000ecfa (0x303f2523) mem 0x80010000 0x00000001
core   0: 0x8000ecfe (0x0000bfe5) c.j     pc - 8
core   0: 3 0x8000ecfe (0xbfe5)
core   0: 0x8000ecf6 (0x00001f17) auipc   t5, 0x1
core   0: 3 0x8000ecf6 (0x00001f17) x30 0x8000fcf6
core   0: 0x8000ecfa (0x303f2523) sw      gp, 778(t5)
core   0: 3 0x8000ecfa (0x303f2523) mem 0x80010000 0x00000001
core   0: 0x8000ecfe (0x0000bfe5) c.j     pc - 8
core   0: 3 0x8000ecfe (0xbfe5)
core   0: 0x8000ecf6 (0x00001f17) auipc   t5, 0x1
core   0: 3 0x8000ecf6 (0x00001f17) x30 0x8000fcf6
core   0: 0x8000ecfa (0x303f2523) sw      gp, 778(t5)
core   0: 3 0x8000ecfa (0x303f2523) mem 0x80010000 0x00000001
core   0: 0x8000ecfe (0x0000bfe5) c.j     pc - 8
core   0: 3 0x8000ecfe (0xbfe5)
core   0: 0x8000ecf6 (0x00001f17) auipc   t5, 0x1
core   0: 3 0x8000ecf6 (0x00001f17) x30 0x8000fcf6
core   0: 0x8000ecfa (0x303f2523) sw      gp, 778(t5)
core   0: 3 0x8000ecfa (0x303f2523) mem 0x80010000 0x00000001
core   0: 0x8000ecfe (0x0000bfe5) c.j     pc - 8
core   0: 3 0x8000ecfe (0xbfe5)
core   0: 0x8000ecf6 (0x00001f17) auipc   t5, 0x1
core   0: 3 0x8000ecf6 (0x00001f17) x30 0x8000fcf6
core   0: 0x8000ecfa (0x303f2523) sw      gp, 778(t5)
core   0: 3 0x8000ecfa (0x303f2523) mem 0x80010000 0x00000001
core   0: 0x8000ecfe (0x0000bfe5) c.j     pc - 8
core   0: 3 0x8000ecfe (0xbfe5)
core   0: 0x8000ecf6 (0x00001f17) auipc   t5, 0x1
core   0: 3 0x8000ecf6 (0x00001f17) x30 0x8000fcf6
core   0: 0x8000ecfa (0x303f2523) sw      gp, 778(t5)
core   0: 3 0x8000ecfa (0x303f2523) mem 0x80010000 0x00000001
core   0: 0x8000ecfe (0x0000bfe5) c.j     pc - 8
core   0: 3 0x8000ecfe (0xbfe5)
core   0: 0x8000ecf6 (0x00001f17) auipc   t5, 0x1
core   0: 3 0x8000ecf6 (0x00001f17) x30 0x8000fcf6
core   0: 0x8000ecfa (0x303f2523) sw      gp, 778(t5)
core   0: 3 0x8000ecfa (0x303f2523) mem 0x80010000 0x00000001
core   0: 0x8000ecfe (0x0000bfe5) c.j     pc - 8
core   0: 3 0x8000ecfe (0xbfe5)
core   0: 0x8000ecf6 (0x00001f17) auipc   t5, 0x1
core   0: 3 0x8000ecf6 (0x00001f17) x30 0x8000fcf6
core   0: 0x8000ecfa (0x303f2523) sw      gp, 778(t5)
core   0: 3 0x8000ecfa (0x303f2523) mem 0x80010000 0x00000001
core   0: 0x8000ecfe (0x0000bfe5) c.j     pc - 8
core   0: 3 0x8000ecfe (0xbfe5)
core   0: 0x8000ecf6 (0x00001f17) auipc   t5, 0x1
core   0: 3 0x8000ecf6 (0x00001f17) x30 0x8000fcf6
core   0: 0x8000ecfa (0x303f2523) sw      gp, 778(t5)
core   0: 3 0x8000ecfa (0x303f2523) mem 0x80010000 0x00000001
core   0: 0x8000ecfe (0x0000bfe5) c.j     pc - 8
core   0: 3 0x8000ecfe (0xbfe5)
core   0: 0x8000ecf6 (0x00001f17) auipc   t5, 0x1
core   0: 3 0x8000ecf6 (0x00001f17) x30 0x8000fcf6
core   0: 0x8000ecfa (0x303f2523) sw      gp, 778(t5)
core   0: 3 0x8000ecfa (0x303f2523) mem 0x80010000 0x00000001
core   0: 0x8000ecfe (0x0000bfe5) c.j     pc - 8
core   0: 3 0x8000ecfe (0xbfe5)
core   0: 0x8000ecf6 (0x00001f17) auipc   t5, 0x1
core   0: 3 0x8000ecf6 (0x00001f17) x30 0x8000fcf6
core   0: 0x8000ecfa (0x303f2523) sw      gp, 778(t5)
core   0: 3 0x8000ecfa (0x303f2523) mem 0x80010000 0x00000001
core   0: 0x8000ecfe (0x0000bfe5) c.j     pc - 8
core   0: 3 0x8000ecfe (0xbfe5)
core   0: 0x8000ecf6 (0x00001f17) auipc   t5, 0x1
core   0: 3 0x8000ecf6 (0x00001f17) x30 0x8000fcf6
core   0: 0x8000ecfa (0x303f2523) sw      gp, 778(t5)
core   0: 3 0x8000ecfa (0x303f2523) mem 0x80010000 0x00000001
core   0: 0x8000ecfe (0x0000bfe5) c.j     pc - 8
core   0: 3 0x8000ecfe (0xbfe5)
core   0: 0x8000ecf6 (0x00001f17) auipc   t5, 0x1
core   0: 3 0x8000ecf6 (0x00001f17) x30 0x8000fcf6
core   0: 0x8000ecfa (0x303f2523) sw      gp, 778(t5)
core   0: 3 0x8000ecfa (0x303f2523) mem 0x80010000 0x00000001
core   0: 0x8000ecfe (0x0000bfe5) c.j     pc - 8
core   0: 3 0x8000ecfe (0xbfe5)
core   0: 0x8000ecf6 (0x00001f17) auipc   t5, 0x1
core   0: 3 0x8000ecf6 (0x00001f17) x30 0x8000fcf6
core   0: 0x8000ecfa (0x303f2523) sw      gp, 778(t5)
core   0: 3 0x8000ecfa (0x303f2523) mem 0x80010000 0x00000001
core   0: 0x8000ecfe (0x0000bfe5) c.j     pc - 8
core   0: 3 0x8000ecfe (0xbfe5)
core   0: 0x8000ecf6 (0x00001f17) auipc   t5, 0x1
core   0: 3 0x8000ecf6 (0x00001f17) x30 0x8000fcf6
core   0: 0x8000ecfa (0x303f2523) sw      gp, 778(t5)
core   0: 3 0x8000ecfa (0x303f2523) mem 0x80010000 0x00000001
core   0: 0x8000ecfe (0x0000bfe5) c.j     pc - 8
core   0: 3 0x8000ecfe (0xbfe5)
core   0: 0x8000ecf6 (0x00001f17) auipc   t5, 0x1
core   0: 3 0x8000ecf6 (0x00001f17) x30 0x8000fcf6
core   0: 0x8000ecfa (0x303f2523) sw      gp, 778(t5)
core   0: 3 0x8000ecfa (0x303f2523) mem 0x80010000 0x00000001
core   0: 0x8000ecfe (0x0000bfe5) c.j     pc - 8
core   0: 3 0x8000ecfe (0xbfe5)
core   0: 0x8000ecf6 (0x00001f17) auipc   t5, 0x1
core   0: 3 0x8000ecf6 (0x00001f17) x30 0x8000fcf6
core   0: 0x8000ecfa (0x303f2523) sw      gp, 778(t5)
core   0: 3 0x8000ecfa (0x303f2523) mem 0x80010000 0x00000001
core   0: 0x8000ecfe (0x0000bfe5) c.j     pc - 8
core   0: 3 0x8000ecfe (0xbfe5)
core   0: 0x8000ecf6 (0x00001f17) auipc   t5, 0x1
core   0: 3 0x8000ecf6 (0x00001f17) x30 0x8000fcf6
core   0: 0x8000ecfa (0x303f2523) sw      gp, 778(t5)
core   0: 3 0x8000ecfa (0x303f2523) mem 0x80010000 0x00000001
core   0: 0x8000ecfe (0x0000bfe5) c.j     pc - 8
core   0: 3 0x8000ecfe (0xbfe5)
core   0: 0x8000ecf6 (0x00001f17) auipc   t5, 0x1
core   0: 3 0x8000ecf6 (0x00001f17) x30 0x8000fcf6
core   0: 0x8000ecfa (0x303f2523) sw      gp, 778(t5)
core   0: 3 0x8000ecfa (0x303f2523) mem 0x80010000 0x00000001
core   0: 0x8000ecfe (0x0000bfe5) c.j     pc - 8
core   0: 3 0x8000ecfe (0xbfe5)
core   0: 0x8000ecf6 (0x00001f17) auipc   t5, 0x1
core   0: 3 0x8000ecf6 (0x00001f17) x30 0x8000fcf6
core   0: 0x8000ecfa (0x303f2523) sw      gp, 778(t5)
core   0: 3 0x8000ecfa (0x303f2523) mem 0x80010000 0x00000001
core   0: 0x8000ecfe (0x0000bfe5) c.j     pc - 8
core   0: 3 0x8000ecfe (0xbfe5)
core   0: 0x8000ecf6 (0x00001f17) auipc   t5, 0x1
core   0: 3 0x8000ecf6 (0x00001f17) x30 0x8000fcf6
core   0: 0x8000ecfa (0x303f2523) sw      gp, 778(t5)
core   0: 3 0x8000ecfa (0x303f2523) mem 0x80010000 0x00000001
core   0: 0x8000ecfe (0x0000bfe5) c.j     pc - 8
core   0: 3 0x8000ecfe (0xbfe5)
core   0: 0x8000ecf6 (0x00001f17) auipc   t5, 0x1
core   0: 3 0x8000ecf6 (0x00001f17) x30 0x8000fcf6
core   0: 0x8000ecfa (0x303f2523) sw      gp, 778(t5)
core   0: 3 0x8000ecfa (0x303f2523) mem 0x80010000 0x00000001
core   0: 0x8000ecfe (0x0000bfe5) c.j     pc - 8
core   0: 3 0x8000ecfe (0xbfe5)
core   0: 0x8000ecf6 (0x00001f17) auipc   t5, 0x1
core   0: 3 0x8000ecf6 (0x00001f17) x30 0x8000fcf6
core   0: 0x8000ecfa (0x303f2523) sw      gp, 778(t5)
core   0: 3 0x8000ecfa (0x303f2523) mem 0x80010000 0x00000001
core   0: 0x8000ecfe (0x0000bfe5) c.j     pc - 8
core   0: 3 0x8000ecfe (0xbfe5)
core   0: 0x8000ecf6 (0x00001f17) auipc   t5, 0x1
core   0: 3 0x8000ecf6 (0x00001f17) x30 0x8000fcf6
core   0: 0x8000ecfa (0x303f2523) sw      gp, 778(t5)
core   0: 3 0x8000ecfa (0x303f2523) mem 0x80010000 0x00000001
core   0: 0x8000ecfe (0x0000bfe5) c.j     pc - 8
core   0: 3 0x8000ecfe (0xbfe5)
core   0: 0x8000ecf6 (0x00001f17) auipc   t5, 0x1
core   0: 3 0x8000ecf6 (0x00001f17) x30 0x8000fcf6
core   0: 0x8000ecfa (0x303f2523) sw      gp, 778(t5)
core   0: 3 0x8000ecfa (0x303f2523) mem 0x80010000 0x00000001
core   0: 0x8000ecfe (0x0000bfe5) c.j     pc - 8
core   0: 3 0x8000ecfe (0xbfe5)
core   0: 0x8000ecf6 (0x00001f17) auipc   t5, 0x1
core   0: 3 0x8000ecf6 (0x00001f17) x30 0x8000fcf6
core   0: 0x8000ecfa (0x303f2523) sw      gp, 778(t5)
core   0: 3 0x8000ecfa (0x303f2523) mem 0x80010000 0x00000001
core   0: 0x8000ecfe (0x0000bfe5) c.j     pc - 8
core   0: 3 0x8000ecfe (0xbfe5)
core   0: 0x8000ecf6 (0x00001f17) auipc   t5, 0x1
core   0: 3 0x8000ecf6 (0x00001f17) x30 0x8000fcf6
core   0: 0x8000ecfa (0x303f2523) sw      gp, 778(t5)
core   0: 3 0x8000ecfa (0x303f2523) mem 0x80010000 0x00000001
core   0: 0x8000ecfe (0x0000bfe5) c.j     pc - 8
core   0: 3 0x8000ecfe (0xbfe5)
core   0: 0x8000ecf6 (0x00001f17) auipc   t5, 0x1
core   0: 3 0x8000ecf6 (0x00001f17) x30 0x8000fcf6
core   0: 0x8000ecfa (0x303f2523) sw      gp, 778(t5)
core   0: 3 0x8000ecfa (0x303f2523) mem 0x80010000 0x00000001
core   0: 0x8000ecfe (0x0000bfe5) c.j     pc - 8
core   0: 3 0x8000ecfe (0xbfe5)
core   0: 0x8000ecf6 (0x00001f17) auipc   t5, 0x1
core   0: 3 0x8000ecf6 (0x00001f17) x30 0x8000fcf6
core   0: 0x8000ecfa (0x303f2523) sw      gp, 778(t5)
core   0: 3 0x8000ecfa (0x303f2523) mem 0x80010000 0x00000001
core   0: 0x8000ecfe (0x0000bfe5) c.j     pc - 8
core   0: 3 0x8000ecfe (0xbfe5)
core   0: 0x8000ecf6 (0x00001f17) auipc   t5, 0x1
core   0: 3 0x8000ecf6 (0x00001f17) x30 0x8000fcf6
core   0: 0x8000ecfa (0x303f2523) sw      gp, 778(t5)
core   0: 3 0x8000ecfa (0x303f2523) mem 0x80010000 0x00000001
core   0: 0x8000ecfe (0x0000bfe5) c.j     pc - 8
core   0: 3 0x8000ecfe (0xbfe5)
core   0: 0x8000ecf6 (0x00001f17) auipc   t5, 0x1
core   0: 3 0x8000ecf6 (0x00001f17) x30 0x8000fcf6
core   0: 0x8000ecfa (0x303f2523) sw      gp, 778(t5)
core   0: 3 0x8000ecfa (0x303f2523) mem 0x80010000 0x00000001
core   0: 0x8000ecfe (0x0000bfe5) c.j     pc - 8
core   0: 3 0x8000ecfe (0xbfe5)
core   0: 0x8000ecf6 (0x00001f17) auipc   t5, 0x1
core   0: 3 0x8000ecf6 (0x00001f17) x30 0x8000fcf6
core   0: 0x8000ecfa (0x303f2523) sw      gp, 778(t5)
core   0: 3 0x8000ecfa (0x303f2523) mem 0x80010000 0x00000001
core   0: 0x8000ecfe (0x0000bfe5) c.j     pc - 8
core   0: 3 0x8000ecfe (0xbfe5)
core   0: 0x8000ecf6 (0x00001f17) auipc   t5, 0x1
core   0: 3 0x8000ecf6 (0x00001f17) x30 0x8000fcf6
core   0: 0x8000ecfa (0x303f2523) sw      gp, 778(t5)
core   0: 3 0x8000ecfa (0x303f2523) mem 0x80010000 0x00000001
core   0: 0x8000ecfe (0x0000bfe5) c.j     pc - 8
core   0: 3 0x8000ecfe (0xbfe5)
core   0: 0x8000ecf6 (0x00001f17) auipc   t5, 0x1
core   0: 3 0x8000ecf6 (0x00001f17) x30 0x8000fcf6
core   0: 0x8000ecfa (0x303f2523) sw      gp, 778(t5)
core   0: 3 0x8000ecfa (0x303f2523) mem 0x80010000 0x00000001
core   0: 0x8000ecfe (0x0000bfe5) c.j     pc - 8
core   0: 3 0x8000ecfe (0xbfe5)
core   0: 0x8000ecf6 (0x00001f17) auipc   t5, 0x1
core   0: 3 0x8000ecf6 (0x00001f17) x30 0x8000fcf6
core   0: 0x8000ecfa (0x303f2523) sw      gp, 778(t5)
core   0: 3 0x8000ecfa (0x303f2523) mem 0x80010000 0x00000001
core   0: 0x8000ecfe (0x0000bfe5) c.j     pc - 8
core   0: 3 0x8000ecfe (0xbfe5)
core   0: 0x8000ecf6 (0x00001f17) auipc   t5, 0x1
core   0: 3 0x8000ecf6 (0x00001f17) x30 0x8000fcf6
core   0: 0x8000ecfa (0x303f2523) sw      gp, 778(t5)
core   0: 3 0x8000ecfa (0x303f2523) mem 0x80010000 0x00000001
core   0: 0x8000ecfe (0x0000bfe5) c.j     pc - 8
core   0: 3 0x8000ecfe (0xbfe5)
core   0: 0x8000ecf6 (0x00001f17) auipc   t5, 0x1
core   0: 3 0x8000ecf6 (0x00001f17) x30 0x8000fcf6
core   0: 0x8000ecfa (0x303f2523) sw      gp, 778(t5)
core   0: 3 0x8000ecfa (0x303f2523) mem 0x80010000 0x00000001
core   0: 0x8000ecfe (0x0000bfe5) c.j     pc - 8
core   0: 3 0x8000ecfe (0xbfe5)
core   0: 0x8000ecf6 (0x00001f17) auipc   t5, 0x1
core   0: 3 0x8000ecf6 (0x00001f17) x30 0x8000fcf6
core   0: 0x8000ecfa (0x303f2523) sw      gp, 778(t5)
core   0: 3 0x8000ecfa (0x303f2523) mem 0x80010000 0x00000001
core   0: 0x8000ecfe (0x0000bfe5) c.j     pc - 8
core   0: 3 0x8000ecfe (0xbfe5)
core   0: 0x8000ecf6 (0x00001f17) auipc   t5, 0x1
core   0: 3 0x8000ecf6 (0x00001f17) x30 0x8000fcf6
core   0: 0x8000ecfa (0x303f2523) sw      gp, 778(t5)
core   0: 3 0x8000ecfa (0x303f2523) mem 0x80010000 0x00000001
core   0: 0x8000ecfe (0x0000bfe5) c.j     pc - 8
core   0: 3 0x8000ecfe (0xbfe5)
core   0: 0x8000ecf6 (0x00001f17) auipc   t5, 0x1
core   0: 3 0x8000ecf6 (0x00001f17) x30 0x8000fcf6
core   0: 0x8000ecfa (0x303f2523) sw      gp, 778(t5)
core   0: 3 0x8000ecfa (0x303f2523) mem 0x80010000 0x00000001
core   0: 0x8000ecfe (0x0000bfe5) c.j     pc - 8
core   0: 3 0x8000ecfe (0xbfe5)
core   0: 0x8000ecf6 (0x00001f17) auipc   t5, 0x1
core   0: 3 0x8000ecf6 (0x00001f17) x30 0x8000fcf6
core   0: 0x8000ecfa (0x303f2523) sw      gp, 778(t5)
core   0: 3 0x8000ecfa (0x303f2523) mem 0x80010000 0x00000001
core   0: 0x8000ecfe (0x0000bfe5) c.j     pc - 8
core   0: 3 0x8000ecfe (0xbfe5)
core   0: 0x8000ecf6 (0x00001f17) auipc   t5, 0x1
core   0: 3 0x8000ecf6 (0x00001f17) x30 0x8000fcf6
core   0: 0x8000ecfa (0x303f2523) sw      gp, 778(t5)
core   0: 3 0x8000ecfa (0x303f2523) mem 0x80010000 0x00000001
core   0: 0x8000ecfe (0x0000bfe5) c.j     pc - 8
core   0: 3 0x8000ecfe (0xbfe5)
core   0: 0x8000ecf6 (0x00001f17) auipc   t5, 0x1
core   0: 3 0x8000ecf6 (0x00001f17) x30 0x8000fcf6
core   0: 0x8000ecfa (0x303f2523) sw      gp, 778(t5)
core   0: 3 0x8000ecfa (0x303f2523) mem 0x80010000 0x00000001
core   0: 0x8000ecfe (0x0000bfe5) c.j     pc - 8
core   0: 3 0x8000ecfe (0xbfe5)
core   0: 0x8000ecf6 (0x00001f17) auipc   t5, 0x1
core   0: 3 0x8000ecf6 (0x00001f17) x30 0x8000fcf6
core   0: 0x8000ecfa (0x303f2523) sw      gp, 778(t5)
core   0: 3 0x8000ecfa (0x303f2523) mem 0x80010000 0x00000001
core   0: 0x8000ecfe (0x0000bfe5) c.j     pc - 8
core   0: 3 0x8000ecfe (0xbfe5)
core   0: 0x8000ecf6 (0x00001f17) auipc   t5, 0x1
core   0: 3 0x8000ecf6 (0x00001f17) x30 0x8000fcf6
core   0: 0x8000ecfa (0x303f2523) sw      gp, 778(t5)
core   0: 3 0x8000ecfa (0x303f2523) mem 0x80010000 0x00000001
core   0: 0x8000ecfe (0x0000bfe5) c.j     pc - 8
core   0: 3 0x8000ecfe (0xbfe5)
core   0: 0x8000ecf6 (0x00001f17) auipc   t5, 0x1
core   0: 3 0x8000ecf6 (0x00001f17) x30 0x8000fcf6
core   0: 0x8000ecfa (0x303f2523) sw      gp, 778(t5)
core   0: 3 0x8000ecfa (0x303f2523) mem 0x80010000 0x00000001
core   0: 0x8000ecfe (0x0000bfe5) c.j     pc - 8
core   0: 3 0x8000ecfe (0xbfe5)
core   0: 0x8000ecf6 (0x00001f17) auipc   t5, 0x1
core   0: 3 0x8000ecf6 (0x00001f17) x30 0x8000fcf6
core   0: 0x8000ecfa (0x303f2523) sw      gp, 778(t5)
core   0: 3 0x8000ecfa (0x303f2523) mem 0x80010000 0x00000001
core   0: 0x8000ecfe (0x0000bfe5) c.j     pc - 8
core   0: 3 0x8000ecfe (0xbfe5)
core   0: 0x8000ecf6 (0x00001f17) auipc   t5, 0x1
core   0: 3 0x8000ecf6 (0x00001f17) x30 0x8000fcf6
core   0: 0x8000ecfa (0x303f2523) sw      gp, 778(t5)
core   0: 3 0x8000ecfa (0x303f2523) mem 0x80010000 0x00000001
core   0: 0x8000ecfe (0x0000bfe5) c.j     pc - 8
core   0: 3 0x8000ecfe (0xbfe5)
core   0: 0x8000ecf6 (0x00001f17) auipc   t5, 0x1
core   0: 3 0x8000ecf6 (0x00001f17) x30 0x8000fcf6
core   0: 0x8000ecfa (0x303f2523) sw      gp, 778(t5)
core   0: 3 0x8000ecfa (0x303f2523) mem 0x80010000 0x00000001
core   0: 0x8000ecfe (0x0000bfe5) c.j     pc - 8
core   0: 3 0x8000ecfe (0xbfe5)
core   0: 0x8000ecf6 (0x00001f17) auipc   t5, 0x1
core   0: 3 0x8000ecf6 (0x00001f17) x30 0x8000fcf6
core   0: 0x8000ecfa (0x303f2523) sw      gp, 778(t5)
core   0: 3 0x8000ecfa (0x303f2523) mem 0x80010000 0x00000001
core   0: 0x8000ecfe (0x0000bfe5) c.j     pc - 8
core   0: 3 0x8000ecfe (0xbfe5)
core   0: 0x8000ecf6 (0x00001f17) auipc   t5, 0x1
core   0: 3 0x8000ecf6 (0x00001f17) x30 0x8000fcf6
core   0: 0x8000ecfa (0x303f2523) sw      gp, 778(t5)
core   0: 3 0x8000ecfa (0x303f2523) mem 0x80010000 0x00000001
core   0: 0x8000ecfe (0x0000bfe5) c.j     pc - 8
core   0: 3 0x8000ecfe (0xbfe5)
core   0: 0x8000ecf6 (0x00001f17) auipc   t5, 0x1
core   0: 3 0x8000ecf6 (0x00001f17) x30 0x8000fcf6
core   0: 0x8000ecfa (0x303f2523) sw      gp, 778(t5)
core   0: 3 0x8000ecfa (0x303f2523) mem 0x80010000 0x00000001
core   0: 0x8000ecfe (0x0000bfe5) c.j     pc - 8
core   0: 3 0x8000ecfe (0xbfe5)
core   0: 0x8000ecf6 (0x00001f17) auipc   t5, 0x1
core   0: 3 0x8000ecf6 (0x00001f17) x30 0x8000fcf6
core   0: 0x8000ecfa (0x303f2523) sw      gp, 778(t5)
core   0: 3 0x8000ecfa (0x303f2523) mem 0x80010000 0x00000001
core   0: 0x8000ecfe (0x0000bfe5) c.j     pc - 8
core   0: 3 0x8000ecfe (0xbfe5)
core   0: 0x8000ecf6 (0x00001f17) auipc   t5, 0x1
core   0: 3 0x8000ecf6 (0x00001f17) x30 0x8000fcf6
core   0: 0x8000ecfa (0x303f2523) sw      gp, 778(t5)
core   0: 3 0x8000ecfa (0x303f2523) mem 0x80010000 0x00000001
core   0: 0x8000ecfe (0x0000bfe5) c.j     pc - 8
core   0: 3 0x8000ecfe (0xbfe5)
core   0: 0x8000ecf6 (0x00001f17) auipc   t5, 0x1
core   0: 3 0x8000ecf6 (0x00001f17) x30 0x8000fcf6
core   0: 0x8000ecfa (0x303f2523) sw      gp, 778(t5)
core   0: 3 0x8000ecfa (0x303f2523) mem 0x80010000 0x00000001
core   0: 0x8000ecfe (0x0000bfe5) c.j     pc - 8
core   0: 3 0x8000ecfe (0xbfe5)
core   0: 0x8000ecf6 (0x00001f17) auipc   t5, 0x1
core   0: 3 0x8000ecf6 (0x00001f17) x30 0x8000fcf6
core   0: 0x8000ecfa (0x303f2523) sw      gp, 778(t5)
core   0: 3 0x8000ecfa (0x303f2523) mem 0x80010000 0x00000001
core   0: 0x8000ecfe (0x0000bfe5) c.j     pc - 8
core   0: 3 0x8000ecfe (0xbfe5)
core   0: 0x8000ecf6 (0x00001f17) auipc   t5, 0x1
core   0: 3 0x8000ecf6 (0x00001f17) x30 0x8000fcf6
core   0: 0x8000ecfa (0x303f2523) sw      gp, 778(t5)
core   0: 3 0x8000ecfa (0x303f2523) mem 0x80010000 0x00000001
core   0: 0x8000ecfe (0x0000bfe5) c.j     pc - 8
core   0: 3 0x8000ecfe (0xbfe5)
core   0: 0x8000ecf6 (0x00001f17) auipc   t5, 0x1
core   0: 3 0x8000ecf6 (0x00001f17) x30 0x8000fcf6
core   0: 0x8000ecfa (0x303f2523) sw      gp, 778(t5)
core   0: 3 0x8000ecfa (0x303f2523) mem 0x80010000 0x00000001
core   0: 0x8000ecfe (0x0000bfe5) c.j     pc - 8
core   0: 3 0x8000ecfe (0xbfe5)
core   0: 0x8000ecf6 (0x00001f17) auipc   t5, 0x1
core   0: 3 0x8000ecf6 (0x00001f17) x30 0x8000fcf6
core   0: 0x8000ecfa (0x303f2523) sw      gp, 778(t5)
core   0: 3 0x8000ecfa (0x303f2523) mem 0x80010000 0x00000001
core   0: 0x8000ecfe (0x0000bfe5) c.j     pc - 8
core   0: 3 0x8000ecfe (0xbfe5)
core   0: 0x8000ecf6 (0x00001f17) auipc   t5, 0x1
core   0: 3 0x8000ecf6 (0x00001f17) x30 0x8000fcf6
core   0: 0x8000ecfa (0x303f2523) sw      gp, 778(t5)
core   0: 3 0x8000ecfa (0x303f2523) mem 0x80010000 0x00000001
core   0: 0x8000ecfe (0x0000bfe5) c.j     pc - 8
core   0: 3 0x8000ecfe (0xbfe5)
core   0: 0x8000ecf6 (0x00001f17) auipc   t5, 0x1
core   0: 3 0x8000ecf6 (0x00001f17) x30 0x8000fcf6
core   0: 0x8000ecfa (0x303f2523) sw      gp, 778(t5)
core   0: 3 0x8000ecfa (0x303f2523) mem 0x80010000 0x00000001
core   0: 0x8000ecfe (0x0000bfe5) c.j     pc - 8
core   0: 3 0x8000ecfe (0xbfe5)
core   0: 0x8000ecf6 (0x00001f17) auipc   t5, 0x1
core   0: 3 0x8000ecf6 (0x00001f17) x30 0x8000fcf6
core   0: 0x8000ecfa (0x303f2523) sw      gp, 778(t5)
core   0: 3 0x8000ecfa (0x303f2523) mem 0x80010000 0x00000001
core   0: 0x8000ecfe (0x0000bfe5) c.j     pc - 8
core   0: 3 0x8000ecfe (0xbfe5)
core   0: 0x8000ecf6 (0x00001f17) auipc   t5, 0x1
core   0: 3 0x8000ecf6 (0x00001f17) x30 0x8000fcf6
core   0: 0x8000ecfa (0x303f2523) sw      gp, 778(t5)
core   0: 3 0x8000ecfa (0x303f2523) mem 0x80010000 0x00000001
core   0: 0x8000ecfe (0x0000bfe5) c.j     pc - 8
core   0: 3 0x8000ecfe (0xbfe5)
core   0: 0x8000ecf6 (0x00001f17) auipc   t5, 0x1
core   0: 3 0x8000ecf6 (0x00001f17) x30 0x8000fcf6
core   0: 0x8000ecfa (0x303f2523) sw      gp, 778(t5)
core   0: 3 0x8000ecfa (0x303f2523) mem 0x80010000 0x00000001
core   0: 0x8000ecfe (0x0000bfe5) c.j     pc - 8
core   0: 3 0x8000ecfe (0xbfe5)
core   0: 0x8000ecf6 (0x00001f17) auipc   t5, 0x1
core   0: 3 0x8000ecf6 (0x00001f17) x30 0x8000fcf6
core   0: 0x8000ecfa (0x303f2523) sw      gp, 778(t5)
core   0: 3 0x8000ecfa (0x303f2523) mem 0x80010000 0x00000001
core   0: 0x8000ecfe (0x0000bfe5) c.j     pc - 8
core   0: 3 0x8000ecfe (0xbfe5)
core   0: 0x8000ecf6 (0x00001f17) auipc   t5, 0x1
core   0: 3 0x8000ecf6 (0x00001f17) x30 0x8000fcf6
core   0: 0x8000ecfa (0x303f2523) sw      gp, 778(t5)
core   0: 3 0x8000ecfa (0x303f2523) mem 0x80010000 0x00000001
core   0: 0x8000ecfe (0x0000bfe5) c.j     pc - 8
core   0: 3 0x8000ecfe (0xbfe5)
core   0: 0x8000ecf6 (0x00001f17) auipc   t5, 0x1
core   0: 3 0x8000ecf6 (0x00001f17) x30 0x8000fcf6
core   0: 0x8000ecfa (0x303f2523) sw      gp, 778(t5)
core   0: 3 0x8000ecfa (0x303f2523) mem 0x80010000 0x00000001
core   0: 0x8000ecfe (0x0000bfe5) c.j     pc - 8
core   0: 3 0x8000ecfe (0xbfe5)
core   0: 0x8000ecf6 (0x00001f17) auipc   t5, 0x1
core   0: 3 0x8000ecf6 (0x00001f17) x30 0x8000fcf6
core   0: 0x8000ecfa (0x303f2523) sw      gp, 778(t5)
core   0: 3 0x8000ecfa (0x303f2523) mem 0x80010000 0x00000001
core   0: 0x8000ecfe (0x0000bfe5) c.j     pc - 8
core   0: 3 0x8000ecfe (0xbfe5)
core   0: 0x8000ecf6 (0x00001f17) auipc   t5, 0x1
core   0: 3 0x8000ecf6 (0x00001f17) x30 0x8000fcf6
core   0: 0x8000ecfa (0x303f2523) sw      gp, 778(t5)
core   0: 3 0x8000ecfa (0x303f2523) mem 0x80010000 0x00000001
core   0: 0x8000ecfe (0x0000bfe5) c.j     pc - 8
core   0: 3 0x8000ecfe (0xbfe5)
core   0: 0x8000ecf6 (0x00001f17) auipc   t5, 0x1
core   0: 3 0x8000ecf6 (0x00001f17) x30 0x8000fcf6
core   0: 0x8000ecfa (0x303f2523) sw      gp, 778(t5)
core   0: 3 0x8000ecfa (0x303f2523) mem 0x80010000 0x00000001
core   0: 0x8000ecfe (0x0000bfe5) c.j     pc - 8
core   0: 3 0x8000ecfe (0xbfe5)
core   0: 0x8000ecf6 (0x00001f17) auipc   t5, 0x1
core   0: 3 0x8000ecf6 (0x00001f17) x30 0x8000fcf6
core   0: 0x8000ecfa (0x303f2523) sw      gp, 778(t5)
core   0: 3 0x8000ecfa (0x303f2523) mem 0x80010000 0x00000001
core   0: 0x8000ecfe (0x0000bfe5) c.j     pc - 8
core   0: 3 0x8000ecfe (0xbfe5)
core   0: 0x8000ecf6 (0x00001f17) auipc   t5, 0x1
core   0: 3 0x8000ecf6 (0x00001f17) x30 0x8000fcf6
core   0: 0x8000ecfa (0x303f2523) sw      gp, 778(t5)
core   0: 3 0x8000ecfa (0x303f2523) mem 0x80010000 0x00000001
core   0: 0x8000ecfe (0x0000bfe5) c.j     pc - 8
core   0: 3 0x8000ecfe (0xbfe5)
core   0: 0x8000ecf6 (0x00001f17) auipc   t5, 0x1
core   0: 3 0x8000ecf6 (0x00001f17) x30 0x8000fcf6
core   0: 0x8000ecfa (0x303f2523) sw      gp, 778(t5)
core   0: 3 0x8000ecfa (0x303f2523) mem 0x80010000 0x00000001
core   0: 0x8000ecfe (0x0000bfe5) c.j     pc - 8
core   0: 3 0x8000ecfe (0xbfe5)
core   0: 0x8000ecf6 (0x00001f17) auipc   t5, 0x1
core   0: 3 0x8000ecf6 (0x00001f17) x30 0x8000fcf6
core   0: 0x8000ecfa (0x303f2523) sw      gp, 778(t5)
core   0: 3 0x8000ecfa (0x303f2523) mem 0x80010000 0x00000001
core   0: 0x8000ecfe (0x0000bfe5) c.j     pc - 8
core   0: 3 0x8000ecfe (0xbfe5)
core   0: 0x8000ecf6 (0x00001f17) auipc   t5, 0x1
core   0: 3 0x8000ecf6 (0x00001f17) x30 0x8000fcf6
core   0: 0x8000ecfa (0x303f2523) sw      gp, 778(t5)
core   0: 3 0x8000ecfa (0x303f2523) mem 0x80010000 0x00000001
core   0: 0x8000ecfe (0x0000bfe5) c.j     pc - 8
core   0: 3 0x8000ecfe (0xbfe5)
core   0: 0x8000ecf6 (0x00001f17) auipc   t5, 0x1
core   0: 3 0x8000ecf6 (0x00001f17) x30 0x8000fcf6
core   0: 0x8000ecfa (0x303f2523) sw      gp, 778(t5)
core   0: 3 0x8000ecfa (0x303f2523) mem 0x80010000 0x00000001
core   0: 0x8000ecfe (0x0000bfe5) c.j     pc - 8
core   0: 3 0x8000ecfe (0xbfe5)
core   0: 0x8000ecf6 (0x00001f17) auipc   t5, 0x1
core   0: 3 0x8000ecf6 (0x00001f17) x30 0x8000fcf6
core   0: 0x8000ecfa (0x303f2523) sw      gp, 778(t5)
core   0: 3 0x8000ecfa (0x303f2523) mem 0x80010000 0x00000001
core   0: 0x8000ecfe (0x0000bfe5) c.j     pc - 8
core   0: 3 0x8000ecfe (0xbfe5)
core   0: 0x8000ecf6 (0x00001f17) auipc   t5, 0x1
core   0: 3 0x8000ecf6 (0x00001f17) x30 0x8000fcf6
core   0: 0x8000ecfa (0x303f2523) sw      gp, 778(t5)
core   0: 3 0x8000ecfa (0x303f2523) mem 0x80010000 0x00000001
core   0: 0x8000ecfe (0x0000bfe5) c.j     pc - 8
core   0: 3 0x8000ecfe (0xbfe5)
core   0: 0x8000ecf6 (0x00001f17) auipc   t5, 0x1
core   0: 3 0x8000ecf6 (0x00001f17) x30 0x8000fcf6
core   0: 0x8000ecfa (0x303f2523) sw      gp, 778(t5)
core   0: 3 0x8000ecfa (0x303f2523) mem 0x80010000 0x00000001
core   0: 0x8000ecfe (0x0000bfe5) c.j     pc - 8
core   0: 3 0x8000ecfe (0xbfe5)
core   0: 0x8000ecf6 (0x00001f17) auipc   t5, 0x1
core   0: 3 0x8000ecf6 (0x00001f17) x30 0x8000fcf6
core   0: 0x8000ecfa (0x303f2523) sw      gp, 778(t5)
core   0: 3 0x8000ecfa (0x303f2523) mem 0x80010000 0x00000001
core   0: 0x8000ecfe (0x0000bfe5) c.j     pc - 8
core   0: 3 0x8000ecfe (0xbfe5)
core   0: 0x8000ecf6 (0x00001f17) auipc   t5, 0x1
core   0: 3 0x8000ecf6 (0x00001f17) x30 0x8000fcf6
core   0: 0x8000ecfa (0x303f2523) sw      gp, 778(t5)
core   0: 3 0x8000ecfa (0x303f2523) mem 0x80010000 0x00000001
core   0: 0x8000ecfe (0x0000bfe5) c.j     pc - 8
core   0: 3 0x8000ecfe (0xbfe5)
core   0: 0x8000ecf6 (0x00001f17) auipc   t5, 0x1
core   0: 3 0x8000ecf6 (0x00001f17) x30 0x8000fcf6
core   0: 0x8000ecfa (0x303f2523) sw      gp, 778(t5)
core   0: 3 0x8000ecfa (0x303f2523) mem 0x80010000 0x00000001
core   0: 0x8000ecfe (0x0000bfe5) c.j     pc - 8
core   0: 3 0x8000ecfe (0xbfe5)
core   0: 0x8000ecf6 (0x00001f17) auipc   t5, 0x1
core   0: 3 0x8000ecf6 (0x00001f17) x30 0x8000fcf6
core   0: 0x8000ecfa (0x303f2523) sw      gp, 778(t5)
core   0: 3 0x8000ecfa (0x303f2523) mem 0x80010000 0x00000001
core   0: 0x8000ecfe (0x0000bfe5) c.j     pc - 8
core   0: 3 0x8000ecfe (0xbfe5)
core   0: 0x8000ecf6 (0x00001f17) auipc   t5, 0x1
core   0: 3 0x8000ecf6 (0x00001f17) x30 0x8000fcf6
core   0: 0x8000ecfa (0x303f2523) sw      gp, 778(t5)
core   0: 3 0x8000ecfa (0x303f2523) mem 0x80010000 0x00000001
core   0: 0x8000ecfe (0x0000bfe5) c.j     pc - 8
core   0: 3 0x8000ecfe (0xbfe5)
core   0: 0x8000ecf6 (0x00001f17) auipc   t5, 0x1
core   0: 3 0x8000ecf6 (0x00001f17) x30 0x8000fcf6
core   0: 0x8000ecfa (0x303f2523) sw      gp, 778(t5)
core   0: 3 0x8000ecfa (0x303f2523) mem 0x80010000 0x00000001
core   0: 0x8000ecfe (0x0000bfe5) c.j     pc - 8
core   0: 3 0x8000ecfe (0xbfe5)
core   0: 0x8000ecf6 (0x00001f17) auipc   t5, 0x1
core   0: 3 0x8000ecf6 (0x00001f17) x30 0x8000fcf6
core   0: 0x8000ecfa (0x303f2523) sw      gp, 778(t5)
core   0: 3 0x8000ecfa (0x303f2523) mem 0x80010000 0x00000001
core   0: 0x8000ecfe (0x0000bfe5) c.j     pc - 8
core   0: 3 0x8000ecfe (0xbfe5)
core   0: 0x8000ecf6 (0x00001f17) auipc   t5, 0x1
core   0: 3 0x8000ecf6 (0x00001f17) x30 0x8000fcf6
core   0: 0x8000ecfa (0x303f2523) sw      gp, 778(t5)
core   0: 3 0x8000ecfa (0x303f2523) mem 0x80010000 0x00000001
core   0: 0x8000ecfe (0x0000bfe5) c.j     pc - 8
core   0: 3 0x8000ecfe (0xbfe5)
core   0: 0x8000ecf6 (0x00001f17) auipc   t5, 0x1
core   0: 3 0x8000ecf6 (0x00001f17) x30 0x8000fcf6
core   0: 0x8000ecfa (0x303f2523) sw      gp, 778(t5)
core   0: 3 0x8000ecfa (0x303f2523) mem 0x80010000 0x00000001
core   0: 0x8000ecfe (0x0000bfe5) c.j     pc - 8
core   0: 3 0x8000ecfe (0xbfe5)
core   0: 0x8000ecf6 (0x00001f17) auipc   t5, 0x1
core   0: 3 0x8000ecf6 (0x00001f17) x30 0x8000fcf6
core   0: 0x8000ecfa (0x303f2523) sw      gp, 778(t5)
core   0: 3 0x8000ecfa (0x303f2523) mem 0x80010000 0x00000001
core   0: 0x8000ecfe (0x0000bfe5) c.j     pc - 8
core   0: 3 0x8000ecfe (0xbfe5)
core   0: 0x8000ecf6 (0x00001f17) auipc   t5, 0x1
core   0: 3 0x8000ecf6 (0x00001f17) x30 0x8000fcf6
core   0: 0x8000ecfa (0x303f2523) sw      gp, 778(t5)
core   0: 3 0x8000ecfa (0x303f2523) mem 0x80010000 0x00000001
core   0: 0x8000ecfe (0x0000bfe5) c.j     pc - 8
core   0: 3 0x8000ecfe (0xbfe5)
core   0: 0x8000ecf6 (0x00001f17) auipc   t5, 0x1
core   0: 3 0x8000ecf6 (0x00001f17) x30 0x8000fcf6
core   0: 0x8000ecfa (0x303f2523) sw      gp, 778(t5)
core   0: 3 0x8000ecfa (0x303f2523) mem 0x80010000 0x00000001
core   0: 0x8000ecfe (0x0000bfe5) c.j     pc - 8
core   0: 3 0x8000ecfe (0xbfe5)
core   0: 0x8000ecf6 (0x00001f17) auipc   t5, 0x1
core   0: 3 0x8000ecf6 (0x00001f17) x30 0x8000fcf6
core   0: 0x8000ecfa (0x303f2523) sw      gp, 778(t5)
core   0: 3 0x8000ecfa (0x303f2523) mem 0x80010000 0x00000001
core   0: 0x8000ecfe (0x0000bfe5) c.j     pc - 8
core   0: 3 0x8000ecfe (0xbfe5)
core   0: 0x8000ecf6 (0x00001f17) auipc   t5, 0x1
core   0: 3 0x8000ecf6 (0x00001f17) x30 0x8000fcf6
core   0: 0x8000ecfa (0x303f2523) sw      gp, 778(t5)
core   0: 3 0x8000ecfa (0x303f2523) mem 0x80010000 0x00000001
core   0: 0x8000ecfe (0x0000bfe5) c.j     pc - 8
core   0: 3 0x8000ecfe (0xbfe5)
core   0: 0x8000ecf6 (0x00001f17) auipc   t5, 0x1
core   0: 3 0x8000ecf6 (0x00001f17) x30 0x8000fcf6
core   0: 0x8000ecfa (0x303f2523) sw      gp, 778(t5)
core   0: 3 0x8000ecfa (0x303f2523) mem 0x80010000 0x00000001
core   0: 0x8000ecfe (0x0000bfe5) c.j     pc - 8
core   0: 3 0x8000ecfe (0xbfe5)
core   0: 0x8000ecf6 (0x00001f17) auipc   t5, 0x1
core   0: 3 0x8000ecf6 (0x00001f17) x30 0x8000fcf6
core   0: 0x8000ecfa (0x303f2523) sw      gp, 778(t5)
core   0: 3 0x8000ecfa (0x303f2523) mem 0x80010000 0x00000001
core   0: 0x8000ecfe (0x0000bfe5) c.j     pc - 8
core   0: 3 0x8000ecfe (0xbfe5)
core   0: 0x8000ecf6 (0x00001f17) auipc   t5, 0x1
core   0: 3 0x8000ecf6 (0x00001f17) x30 0x8000fcf6
core   0: 0x8000ecfa (0x303f2523) sw      gp, 778(t5)
core   0: 3 0x8000ecfa (0x303f2523) mem 0x80010000 0x00000001
core   0: 0x8000ecfe (0x0000bfe5) c.j     pc - 8
core   0: 3 0x8000ecfe (0xbfe5)
core   0: 0x8000ecf6 (0x00001f17) auipc   t5, 0x1
core   0: 3 0x8000ecf6 (0x00001f17) x30 0x8000fcf6
core   0: 0x8000ecfa (0x303f2523) sw      gp, 778(t5)
core   0: 3 0x8000ecfa (0x303f2523) mem 0x80010000 0x00000001
core   0: 0x8000ecfe (0x0000bfe5) c.j     pc - 8
core   0: 3 0x8000ecfe (0xbfe5)
core   0: 0x8000ecf6 (0x00001f17) auipc   t5, 0x1
core   0: 3 0x8000ecf6 (0x00001f17) x30 0x8000fcf6
core   0: 0x8000ecfa (0x303f2523) sw      gp, 778(t5)
core   0: 3 0x8000ecfa (0x303f2523) mem 0x80010000 0x00000001
core   0: 0x8000ecfe (0x0000bfe5) c.j     pc - 8
core   0: 3 0x8000ecfe (0xbfe5)
core   0: 0x8000ecf6 (0x00001f17) auipc   t5, 0x1
core   0: 3 0x8000ecf6 (0x00001f17) x30 0x8000fcf6
core   0: 0x8000ecfa (0x303f2523) sw      gp, 778(t5)
core   0: 3 0x8000ecfa (0x303f2523) mem 0x80010000 0x00000001
core   0: 0x8000ecfe (0x0000bfe5) c.j     pc - 8
core   0: 3 0x8000ecfe (0xbfe5)
core   0: 0x8000ecf6 (0x00001f17) auipc   t5, 0x1
core   0: 3 0x8000ecf6 (0x00001f17) x30 0x8000fcf6
core   0: 0x8000ecfa (0x303f2523) sw      gp, 778(t5)
core   0: 3 0x8000ecfa (0x303f2523) mem 0x80010000 0x00000001
core   0: 0x8000ecfe (0x0000bfe5) c.j     pc - 8
core   0: 3 0x8000ecfe (0xbfe5)
core   0: 0x8000ecf6 (0x00001f17) auipc   t5, 0x1
core   0: 3 0x8000ecf6 (0x00001f17) x30 0x8000fcf6
core   0: 0x8000ecfa (0x303f2523) sw      gp, 778(t5)
core   0: 3 0x8000ecfa (0x303f2523) mem 0x80010000 0x00000001
core   0: 0x8000ecfe (0x0000bfe5) c.j     pc - 8
core   0: 3 0x8000ecfe (0xbfe5)
core   0: 0x8000ecf6 (0x00001f17) auipc   t5, 0x1
core   0: 3 0x8000ecf6 (0x00001f17) x30 0x8000fcf6
core   0: 0x8000ecfa (0x303f2523) sw      gp, 778(t5)
core   0: 3 0x8000ecfa (0x303f2523) mem 0x80010000 0x00000001
core   0: 0x8000ecfe (0x0000bfe5) c.j     pc - 8
core   0: 3 0x8000ecfe (0xbfe5)
core   0: 0x8000ecf6 (0x00001f17) auipc   t5, 0x1
core   0: 3 0x8000ecf6 (0x00001f17) x30 0x8000fcf6
core   0: 0x8000ecfa (0x303f2523) sw      gp, 778(t5)
core   0: 3 0x8000ecfa (0x303f2523) mem 0x80010000 0x00000001
core   0: 0x8000ecfe (0x0000bfe5) c.j     pc - 8
core   0: 3 0x8000ecfe (0xbfe5)
core   0: 0x8000ecf6 (0x00001f17) auipc   t5, 0x1
core   0: 3 0x8000ecf6 (0x00001f17) x30 0x8000fcf6
core   0: 0x8000ecfa (0x303f2523) sw      gp, 778(t5)
core   0: 3 0x8000ecfa (0x303f2523) mem 0x80010000 0x00000001
core   0: 0x8000ecfe (0x0000bfe5) c.j     pc - 8
core   0: 3 0x8000ecfe (0xbfe5)
core   0: 0x8000ecf6 (0x00001f17) auipc   t5, 0x1
core   0: 3 0x8000ecf6 (0x00001f17) x30 0x8000fcf6
core   0: 0x8000ecfa (0x303f2523) sw      gp, 778(t5)
core   0: 3 0x8000ecfa (0x303f2523) mem 0x80010000 0x00000001
core   0: 0x8000ecfe (0x0000bfe5) c.j     pc - 8
core   0: 3 0x8000ecfe (0xbfe5)
core   0: 0x8000ecf6 (0x00001f17) auipc   t5, 0x1
core   0: 3 0x8000ecf6 (0x00001f17) x30 0x8000fcf6
core   0: 0x8000ecfa (0x303f2523) sw      gp, 778(t5)
core   0: 3 0x8000ecfa (0x303f2523) mem 0x80010000 0x00000001
core   0: 0x8000ecfe (0x0000bfe5) c.j     pc - 8
core   0: 3 0x8000ecfe (0xbfe5)
core   0: 0x8000ecf6 (0x00001f17) auipc   t5, 0x1
core   0: 3 0x8000ecf6 (0x00001f17) x30 0x8000fcf6
core   0: 0x8000ecfa (0x303f2523) sw      gp, 778(t5)
core   0: 3 0x8000ecfa (0x303f2523) mem 0x80010000 0x00000001
core   0: 0x8000ecfe (0x0000bfe5) c.j     pc - 8
core   0: 3 0x8000ecfe (0xbfe5)
core   0: 0x8000ecf6 (0x00001f17) auipc   t5, 0x1
core   0: 3 0x8000ecf6 (0x00001f17) x30 0x8000fcf6
core   0: 0x8000ecfa (0x303f2523) sw      gp, 778(t5)
core   0: 3 0x8000ecfa (0x303f2523) mem 0x80010000 0x00000001
core   0: 0x8000ecfe (0x0000bfe5) c.j     pc - 8
core   0: 3 0x8000ecfe (0xbfe5)
core   0: 0x8000ecf6 (0x00001f17) auipc   t5, 0x1
core   0: 3 0x8000ecf6 (0x00001f17) x30 0x8000fcf6
core   0: 0x8000ecfa (0x303f2523) sw      gp, 778(t5)
core   0: 3 0x8000ecfa (0x303f2523) mem 0x80010000 0x00000001
core   0: 0x8000ecfe (0x0000bfe5) c.j     pc - 8
core   0: 3 0x8000ecfe (0xbfe5)
core   0: 0x8000ecf6 (0x00001f17) auipc   t5, 0x1
core   0: 3 0x8000ecf6 (0x00001f17) x30 0x8000fcf6
core   0: 0x8000ecfa (0x303f2523) sw      gp, 778(t5)
core   0: 3 0x8000ecfa (0x303f2523) mem 0x80010000 0x00000001
core   0: 0x8000ecfe (0x0000bfe5) c.j     pc - 8
core   0: 3 0x8000ecfe (0xbfe5)
core   0: 0x8000ecf6 (0x00001f17) auipc   t5, 0x1
core   0: 3 0x8000ecf6 (0x00001f17) x30 0x8000fcf6
core   0: 0x8000ecfa (0x303f2523) sw      gp, 778(t5)
core   0: 3 0x8000ecfa (0x303f2523) mem 0x80010000 0x00000001
core   0: 0x8000ecfe (0x0000bfe5) c.j     pc - 8
core   0: 3 0x8000ecfe (0xbfe5)
core   0: 0x8000ecf6 (0x00001f17) auipc   t5, 0x1
core   0: 3 0x8000ecf6 (0x00001f17) x30 0x8000fcf6
core   0: 0x8000ecfa (0x303f2523) sw      gp, 778(t5)
core   0: 3 0x8000ecfa (0x303f2523) mem 0x80010000 0x00000001
core   0: 0x8000ecfe (0x0000bfe5) c.j     pc - 8
core   0: 3 0x8000ecfe (0xbfe5)
core   0: 0x8000ecf6 (0x00001f17) auipc   t5, 0x1
core   0: 3 0x8000ecf6 (0x00001f17) x30 0x8000fcf6
core   0: 0x8000ecfa (0x303f2523) sw      gp, 778(t5)
core   0: 3 0x8000ecfa (0x303f2523) mem 0x80010000 0x00000001
core   0: 0x8000ecfe (0x0000bfe5) c.j     pc - 8
core   0: 3 0x8000ecfe (0xbfe5)
core   0: 0x8000ecf6 (0x00001f17) auipc   t5, 0x1
core   0: 3 0x8000ecf6 (0x00001f17) x30 0x8000fcf6
core   0: 0x8000ecfa (0x303f2523) sw      gp, 778(t5)
core   0: 3 0x8000ecfa (0x303f2523) mem 0x80010000 0x00000001
core   0: 0x8000ecfe (0x0000bfe5) c.j     pc - 8
core   0: 3 0x8000ecfe (0xbfe5)
core   0: 0x8000ecf6 (0x00001f17) auipc   t5, 0x1
core   0: 3 0x8000ecf6 (0x00001f17) x30 0x8000fcf6
core   0: 0x8000ecfa (0x303f2523) sw      gp, 778(t5)
core   0: 3 0x8000ecfa (0x303f2523) mem 0x80010000 0x00000001
core   0: 0x8000ecfe (0x0000bfe5) c.j     pc - 8
core   0: 3 0x8000ecfe (0xbfe5)
core   0: 0x8000ecf6 (0x00001f17) auipc   t5, 0x1
core   0: 3 0x8000ecf6 (0x00001f17) x30 0x8000fcf6
core   0: 0x8000ecfa (0x303f2523) sw      gp, 778(t5)
core   0: 3 0x8000ecfa (0x303f2523) mem 0x80010000 0x00000001
core   0: 0x8000ecfe (0x0000bfe5) c.j     pc - 8
core   0: 3 0x8000ecfe (0xbfe5)
core   0: 0x8000ecf6 (0x00001f17) auipc   t5, 0x1
core   0: 3 0x8000ecf6 (0x00001f17) x30 0x8000fcf6
core   0: 0x8000ecfa (0x303f2523) sw      gp, 778(t5)
core   0: 3 0x8000ecfa (0x303f2523) mem 0x80010000 0x00000001
core   0: 0x8000ecfe (0x0000bfe5) c.j     pc - 8
core   0: 3 0x8000ecfe (0xbfe5)
core   0: 0x8000ecf6 (0x00001f17) auipc   t5, 0x1
core   0: 3 0x8000ecf6 (0x00001f17) x30 0x8000fcf6
core   0: 0x8000ecfa (0x303f2523) sw      gp, 778(t5)
core   0: 3 0x8000ecfa (0x303f2523) mem 0x80010000 0x00000001
core   0: 0x8000ecfe (0x0000bfe5) c.j     pc - 8
core   0: 3 0x8000ecfe (0xbfe5)
core   0: 0x8000ecf6 (0x00001f17) auipc   t5, 0x1
core   0: 3 0x8000ecf6 (0x00001f17) x30 0x8000fcf6
core   0: 0x8000ecfa (0x303f2523) sw      gp, 778(t5)
core   0: 3 0x8000ecfa (0x303f2523) mem 0x80010000 0x00000001
core   0: 0x8000ecfe (0x0000bfe5) c.j     pc - 8
core   0: 3 0x8000ecfe (0xbfe5)
core   0: 0x8000ecf6 (0x00001f17) auipc   t5, 0x1
core   0: 3 0x8000ecf6 (0x00001f17) x30 0x8000fcf6
core   0: 0x8000ecfa (0x303f2523) sw      gp, 778(t5)
core   0: 3 0x8000ecfa (0x303f2523) mem 0x80010000 0x00000001
core   0: 0x8000ecfe (0x0000bfe5) c.j     pc - 8
core   0: 3 0x8000ecfe (0xbfe5)
core   0: 0x8000ecf6 (0x00001f17) auipc   t5, 0x1
core   0: 3 0x8000ecf6 (0x00001f17) x30 0x8000fcf6
core   0: 0x8000ecfa (0x303f2523) sw      gp, 778(t5)
core   0: 3 0x8000ecfa (0x303f2523) mem 0x80010000 0x00000001
core   0: 0x8000ecfe (0x0000bfe5) c.j     pc - 8
core   0: 3 0x8000ecfe (0xbfe5)
core   0: 0x8000ecf6 (0x00001f17) auipc   t5, 0x1
core   0: 3 0x8000ecf6 (0x00001f17) x30 0x8000fcf6
core   0: 0x8000ecfa (0x303f2523) sw      gp, 778(t5)
core   0: 3 0x8000ecfa (0x303f2523) mem 0x80010000 0x00000001
core   0: 0x8000ecfe (0x0000bfe5) c.j     pc - 8
core   0: 3 0x8000ecfe (0xbfe5)
core   0: 0x8000ecf6 (0x00001f17) auipc   t5, 0x1
core   0: 3 0x8000ecf6 (0x00001f17) x30 0x8000fcf6
core   0: 0x8000ecfa (0x303f2523) sw      gp, 778(t5)
core   0: 3 0x8000ecfa (0x303f2523) mem 0x80010000 0x00000001
core   0: 0x8000ecfe (0x0000bfe5) c.j     pc - 8
core   0: 3 0x8000ecfe (0xbfe5)
core   0: 0x8000ecf6 (0x00001f17) auipc   t5, 0x1
core   0: 3 0x8000ecf6 (0x00001f17) x30 0x8000fcf6
core   0: 0x8000ecfa (0x303f2523) sw      gp, 778(t5)
core   0: 3 0x8000ecfa (0x303f2523) mem 0x80010000 0x00000001
core   0: 0x8000ecfe (0x0000bfe5) c.j     pc - 8
core   0: 3 0x8000ecfe (0xbfe5)
core   0: 0x8000ecf6 (0x00001f17) auipc   t5, 0x1
core   0: 3 0x8000ecf6 (0x00001f17) x30 0x8000fcf6
core   0: 0x8000ecfa (0x303f2523) sw      gp, 778(t5)
core   0: 3 0x8000ecfa (0x303f2523) mem 0x80010000 0x00000001
core   0: 0x8000ecfe (0x0000bfe5) c.j     pc - 8
core   0: 3 0x8000ecfe (0xbfe5)
core   0: 0x8000ecf6 (0x00001f17) auipc   t5, 0x1
core   0: 3 0x8000ecf6 (0x00001f17) x30 0x8000fcf6
core   0: 0x8000ecfa (0x303f2523) sw      gp, 778(t5)
core   0: 3 0x8000ecfa (0x303f2523) mem 0x80010000 0x00000001
core   0: 0x8000ecfe (0x0000bfe5) c.j     pc - 8
core   0: 3 0x8000ecfe (0xbfe5)
core   0: 0x8000ecf6 (0x00001f17) auipc   t5, 0x1
core   0: 3 0x8000ecf6 (0x00001f17) x30 0x8000fcf6
core   0: 0x8000ecfa (0x303f2523) sw      gp, 778(t5)
core   0: 3 0x8000ecfa (0x303f2523) mem 0x80010000 0x00000001
core   0: 0x8000ecfe (0x0000bfe5) c.j     pc - 8
core   0: 3 0x8000ecfe (0xbfe5)
core   0: 0x8000ecf6 (0x00001f17) auipc   t5, 0x1
core   0: 3 0x8000ecf6 (0x00001f17) x30 0x8000fcf6
core   0: 0x8000ecfa (0x303f2523) sw      gp, 778(t5)
core   0: 3 0x8000ecfa (0x303f2523) mem 0x80010000 0x00000001
core   0: 0x8000ecfe (0x0000bfe5) c.j     pc - 8
core   0: 3 0x8000ecfe (0xbfe5)
core   0: 0x8000ecf6 (0x00001f17) auipc   t5, 0x1
core   0: 3 0x8000ecf6 (0x00001f17) x30 0x8000fcf6
core   0: 0x8000ecfa (0x303f2523) sw      gp, 778(t5)
core   0: 3 0x8000ecfa (0x303f2523) mem 0x80010000 0x00000001
core   0: 0x8000ecfe (0x0000bfe5) c.j     pc - 8
core   0: 3 0x8000ecfe (0xbfe5)
core   0: 0x8000ecf6 (0x00001f17) auipc   t5, 0x1
core   0: 3 0x8000ecf6 (0x00001f17) x30 0x8000fcf6
core   0: 0x8000ecfa (0x303f2523) sw      gp, 778(t5)
core   0: 3 0x8000ecfa (0x303f2523) mem 0x80010000 0x00000001
core   0: 0x8000ecfe (0x0000bfe5) c.j     pc - 8
core   0: 3 0x8000ecfe (0xbfe5)
core   0: 0x8000ecf6 (0x00001f17) auipc   t5, 0x1
core   0: 3 0x8000ecf6 (0x00001f17) x30 0x8000fcf6
core   0: 0x8000ecfa (0x303f2523) sw      gp, 778(t5)
core   0: 3 0x8000ecfa (0x303f2523) mem 0x80010000 0x00000001
core   0: 0x8000ecfe (0x0000bfe5) c.j     pc - 8
core   0: 3 0x8000ecfe (0xbfe5)
core   0: 0x8000ecf6 (0x00001f17) auipc   t5, 0x1
core   0: 3 0x8000ecf6 (0x00001f17) x30 0x8000fcf6
core   0: 0x8000ecfa (0x303f2523) sw      gp, 778(t5)
core   0: 3 0x8000ecfa (0x303f2523) mem 0x80010000 0x00000001
core   0: 0x8000ecfe (0x0000bfe5) c.j     pc - 8
core   0: 3 0x8000ecfe (0xbfe5)
core   0: 0x8000ecf6 (0x00001f17) auipc   t5, 0x1
core   0: 3 0x8000ecf6 (0x00001f17) x30 0x8000fcf6
core   0: 0x8000ecfa (0x303f2523) sw      gp, 778(t5)
core   0: 3 0x8000ecfa (0x303f2523) mem 0x80010000 0x00000001
core   0: 0x8000ecfe (0x0000bfe5) c.j     pc - 8
core   0: 3 0x8000ecfe (0xbfe5)
core   0: 0x8000ecf6 (0x00001f17) auipc   t5, 0x1
core   0: 3 0x8000ecf6 (0x00001f17) x30 0x8000fcf6
core   0: 0x8000ecfa (0x303f2523) sw      gp, 778(t5)
core   0: 3 0x8000ecfa (0x303f2523) mem 0x80010000 0x00000001
core   0: 0x8000ecfe (0x0000bfe5) c.j     pc - 8
core   0: 3 0x8000ecfe (0xbfe5)
core   0: 0x8000ecf6 (0x00001f17) auipc   t5, 0x1
core   0: 3 0x8000ecf6 (0x00001f17) x30 0x8000fcf6
core   0: 0x8000ecfa (0x303f2523) sw      gp, 778(t5)
core   0: 3 0x8000ecfa (0x303f2523) mem 0x80010000 0x00000001
core   0: 0x8000ecfe (0x0000bfe5) c.j     pc - 8
core   0: 3 0x8000ecfe (0xbfe5)
core   0: 0x8000ecf6 (0x00001f17) auipc   t5, 0x1
core   0: 3 0x8000ecf6 (0x00001f17) x30 0x8000fcf6
core   0: 0x8000ecfa (0x303f2523) sw      gp, 778(t5)
core   0: 3 0x8000ecfa (0x303f2523) mem 0x80010000 0x00000001
core   0: 0x8000ecfe (0x0000bfe5) c.j     pc - 8
core   0: 3 0x8000ecfe (0xbfe5)
core   0: 0x8000ecf6 (0x00001f17) auipc   t5, 0x1
core   0: 3 0x8000ecf6 (0x00001f17) x30 0x8000fcf6
core   0: 0x8000ecfa (0x303f2523) sw      gp, 778(t5)
core   0: 3 0x8000ecfa (0x303f2523) mem 0x80010000 0x00000001
core   0: 0x8000ecfe (0x0000bfe5) c.j     pc - 8
core   0: 3 0x8000ecfe (0xbfe5)
core   0: 0x8000ecf6 (0x00001f17) auipc   t5, 0x1
core   0: 3 0x8000ecf6 (0x00001f17) x30 0x8000fcf6
core   0: 0x8000ecfa (0x303f2523) sw      gp, 778(t5)
core   0: 3 0x8000ecfa (0x303f2523) mem 0x80010000 0x00000001
core   0: 0x8000ecfe (0x0000bfe5) c.j     pc - 8
core   0: 3 0x8000ecfe (0xbfe5)
core   0: 0x8000ecf6 (0x00001f17) auipc   t5, 0x1
core   0: 3 0x8000ecf6 (0x00001f17) x30 0x8000fcf6
core   0: 0x8000ecfa (0x303f2523) sw      gp, 778(t5)
core   0: 3 0x8000ecfa (0x303f2523) mem 0x80010000 0x00000001
core   0: 0x8000ecfe (0x0000bfe5) c.j     pc - 8
core   0: 3 0x8000ecfe (0xbfe5)
core   0: 0x8000ecf6 (0x00001f17) auipc   t5, 0x1
core   0: 3 0x8000ecf6 (0x00001f17) x30 0x8000fcf6
core   0: 0x8000ecfa (0x303f2523) sw      gp, 778(t5)
core   0: 3 0x8000ecfa (0x303f2523) mem 0x80010000 0x00000001
core   0: 0x8000ecfe (0x0000bfe5) c.j     pc - 8
core   0: 3 0x8000ecfe (0xbfe5)
core   0: 0x8000ecf6 (0x00001f17) auipc   t5, 0x1
core   0: 3 0x8000ecf6 (0x00001f17) x30 0x8000fcf6
core   0: 0x8000ecfa (0x303f2523) sw      gp, 778(t5)
core   0: 3 0x8000ecfa (0x303f2523) mem 0x80010000 0x00000001
core   0: 0x8000ecfe (0x0000bfe5) c.j     pc - 8
core   0: 3 0x8000ecfe (0xbfe5)
core   0: 0x8000ecf6 (0x00001f17) auipc   t5, 0x1
core   0: 3 0x8000ecf6 (0x00001f17) x30 0x8000fcf6
core   0: 0x8000ecfa (0x303f2523) sw      gp, 778(t5)
core   0: 3 0x8000ecfa (0x303f2523) mem 0x80010000 0x00000001
core   0: 0x8000ecfe (0x0000bfe5) c.j     pc - 8
core   0: 3 0x8000ecfe (0xbfe5)
core   0: 0x8000ecf6 (0x00001f17) auipc   t5, 0x1
core   0: 3 0x8000ecf6 (0x00001f17) x30 0x8000fcf6
core   0: 0x8000ecfa (0x303f2523) sw      gp, 778(t5)
core   0: 3 0x8000ecfa (0x303f2523) mem 0x80010000 0x00000001
core   0: 0x8000ecfe (0x0000bfe5) c.j     pc - 8
core   0: 3 0x8000ecfe (0xbfe5)
core   0: 0x8000ecf6 (0x00001f17) auipc   t5, 0x1
core   0: 3 0x8000ecf6 (0x00001f17) x30 0x8000fcf6
core   0: 0x8000ecfa (0x303f2523) sw      gp, 778(t5)
core   0: 3 0x8000ecfa (0x303f2523) mem 0x80010000 0x00000001
core   0: 0x8000ecfe (0x0000bfe5) c.j     pc - 8
core   0: 3 0x8000ecfe (0xbfe5)
core   0: 0x8000ecf6 (0x00001f17) auipc   t5, 0x1
core   0: 3 0x8000ecf6 (0x00001f17) x30 0x8000fcf6
core   0: 0x8000ecfa (0x303f2523) sw      gp, 778(t5)
core   0: 3 0x8000ecfa (0x303f2523) mem 0x80010000 0x00000001
core   0: 0x8000ecfe (0x0000bfe5) c.j     pc - 8
core   0: 3 0x8000ecfe (0xbfe5)
core   0: 0x8000ecf6 (0x00001f17) auipc   t5, 0x1
core   0: 3 0x8000ecf6 (0x00001f17) x30 0x8000fcf6
core   0: 0x8000ecfa (0x303f2523) sw      gp, 778(t5)
core   0: 3 0x8000ecfa (0x303f2523) mem 0x80010000 0x00000001
core   0: 0x8000ecfe (0x0000bfe5) c.j     pc - 8
core   0: 3 0x8000ecfe (0xbfe5)
core   0: 0x8000ecf6 (0x00001f17) auipc   t5, 0x1
core   0: 3 0x8000ecf6 (0x00001f17) x30 0x8000fcf6
core   0: 0x8000ecfa (0x303f2523) sw      gp, 778(t5)
core   0: 3 0x8000ecfa (0x303f2523) mem 0x80010000 0x00000001
core   0: 0x8000ecfe (0x0000bfe5) c.j     pc - 8
core   0: 3 0x8000ecfe (0xbfe5)
core   0: 0x8000ecf6 (0x00001f17) auipc   t5, 0x1
core   0: 3 0x8000ecf6 (0x00001f17) x30 0x8000fcf6
core   0: 0x8000ecfa (0x303f2523) sw      gp, 778(t5)
core   0: 3 0x8000ecfa (0x303f2523) mem 0x80010000 0x00000001
core   0: 0x8000ecfe (0x0000bfe5) c.j     pc - 8
core   0: 3 0x8000ecfe (0xbfe5)
core   0: 0x8000ecf6 (0x00001f17) auipc   t5, 0x1
core   0: 3 0x8000ecf6 (0x00001f17) x30 0x8000fcf6
core   0: 0x8000ecfa (0x303f2523) sw      gp, 778(t5)
core   0: 3 0x8000ecfa (0x303f2523) mem 0x80010000 0x00000001
core   0: 0x8000ecfe (0x0000bfe5) c.j     pc - 8
core   0: 3 0x8000ecfe (0xbfe5)
core   0: 0x8000ecf6 (0x00001f17) auipc   t5, 0x1
core   0: 3 0x8000ecf6 (0x00001f17) x30 0x8000fcf6
core   0: 0x8000ecfa (0x303f2523) sw      gp, 778(t5)
core   0: 3 0x8000ecfa (0x303f2523) mem 0x80010000 0x00000001
core   0: 0x8000ecfe (0x0000bfe5) c.j     pc - 8
core   0: 3 0x8000ecfe (0xbfe5)
core   0: 0x8000ecf6 (0x00001f17) auipc   t5, 0x1
core   0: 3 0x8000ecf6 (0x00001f17) x30 0x8000fcf6
core   0: 0x8000ecfa (0x303f2523) sw      gp, 778(t5)
core   0: 3 0x8000ecfa (0x303f2523) mem 0x80010000 0x00000001
core   0: 0x8000ecfe (0x0000bfe5) c.j     pc - 8
core   0: 3 0x8000ecfe (0xbfe5)
core   0: 0x8000ecf6 (0x00001f17) auipc   t5, 0x1
core   0: 3 0x8000ecf6 (0x00001f17) x30 0x8000fcf6
core   0: 0x8000ecfa (0x303f2523) sw      gp, 778(t5)
core   0: 3 0x8000ecfa (0x303f2523) mem 0x80010000 0x00000001
core   0: 0x8000ecfe (0x0000bfe5) c.j     pc - 8
core   0: 3 0x8000ecfe (0xbfe5)
core   0: 0x8000ecf6 (0x00001f17) auipc   t5, 0x1
core   0: 3 0x8000ecf6 (0x00001f17) x30 0x8000fcf6
core   0: 0x8000ecfa (0x303f2523) sw      gp, 778(t5)
core   0: 3 0x8000ecfa (0x303f2523) mem 0x80010000 0x00000001
core   0: 0x8000ecfe (0x0000bfe5) c.j     pc - 8
core   0: 3 0x8000ecfe (0xbfe5)
core   0: 0x8000ecf6 (0x00001f17) auipc   t5, 0x1
core   0: 3 0x8000ecf6 (0x00001f17) x30 0x8000fcf6
core   0: 0x8000ecfa (0x303f2523) sw      gp, 778(t5)
core   0: 3 0x8000ecfa (0x303f2523) mem 0x80010000 0x00000001
core   0: 0x8000ecfe (0x0000bfe5) c.j     pc - 8
core   0: 3 0x8000ecfe (0xbfe5)
core   0: 0x8000ecf6 (0x00001f17) auipc   t5, 0x1
core   0: 3 0x8000ecf6 (0x00001f17) x30 0x8000fcf6
core   0: 0x8000ecfa (0x303f2523) sw      gp, 778(t5)
core   0: 3 0x8000ecfa (0x303f2523) mem 0x80010000 0x00000001
core   0: 0x8000ecfe (0x0000bfe5) c.j     pc - 8
core   0: 3 0x8000ecfe (0xbfe5)
core   0: 0x8000ecf6 (0x00001f17) auipc   t5, 0x1
core   0: 3 0x8000ecf6 (0x00001f17) x30 0x8000fcf6
core   0: 0x8000ecfa (0x303f2523) sw      gp, 778(t5)
core   0: 3 0x8000ecfa (0x303f2523) mem 0x80010000 0x00000001
core   0: 0x8000ecfe (0x0000bfe5) c.j     pc - 8
core   0: 3 0x8000ecfe (0xbfe5)
core   0: 0x8000ecf6 (0x00001f17) auipc   t5, 0x1
core   0: 3 0x8000ecf6 (0x00001f17) x30 0x8000fcf6
core   0: 0x8000ecfa (0x303f2523) sw      gp, 778(t5)
core   0: 3 0x8000ecfa (0x303f2523) mem 0x80010000 0x00000001
core   0: 0x8000ecfe (0x0000bfe5) c.j     pc - 8
core   0: 3 0x8000ecfe (0xbfe5)
core   0: 0x8000ecf6 (0x00001f17) auipc   t5, 0x1
core   0: 3 0x8000ecf6 (0x00001f17) x30 0x8000fcf6
core   0: 0x8000ecfa (0x303f2523) sw      gp, 778(t5)
core   0: 3 0x8000ecfa (0x303f2523) mem 0x80010000 0x00000001
core   0: 0x8000ecfe (0x0000bfe5) c.j     pc - 8
core   0: 3 0x8000ecfe (0xbfe5)
core   0: 0x8000ecf6 (0x00001f17) auipc   t5, 0x1
core   0: 3 0x8000ecf6 (0x00001f17) x30 0x8000fcf6
core   0: 0x8000ecfa (0x303f2523) sw      gp, 778(t5)
core   0: 3 0x8000ecfa (0x303f2523) mem 0x80010000 0x00000001
core   0: 0x8000ecfe (0x0000bfe5) c.j     pc - 8
core   0: 3 0x8000ecfe (0xbfe5)
core   0: 0x8000ecf6 (0x00001f17) auipc   t5, 0x1
core   0: 3 0x8000ecf6 (0x00001f17) x30 0x8000fcf6
core   0: 0x8000ecfa (0x303f2523) sw      gp, 778(t5)
core   0: 3 0x8000ecfa (0x303f2523) mem 0x80010000 0x00000001
core   0: 0x8000ecfe (0x0000bfe5) c.j     pc - 8
core   0: 3 0x8000ecfe (0xbfe5)
core   0: 0x8000ecf6 (0x00001f17) auipc   t5, 0x1
core   0: 3 0x8000ecf6 (0x00001f17) x30 0x8000fcf6
core   0: 0x8000ecfa (0x303f2523) sw      gp, 778(t5)
core   0: 3 0x8000ecfa (0x303f2523) mem 0x80010000 0x00000001
core   0: 0x8000ecfe (0x0000bfe5) c.j     pc - 8
core   0: 3 0x8000ecfe (0xbfe5)
core   0: 0x8000ecf6 (0x00001f17) auipc   t5, 0x1
core   0: 3 0x8000ecf6 (0x00001f17) x30 0x8000fcf6
core   0: 0x8000ecfa (0x303f2523) sw      gp, 778(t5)
core   0: 3 0x8000ecfa (0x303f2523) mem 0x80010000 0x00000001
core   0: 0x8000ecfe (0x0000bfe5) c.j     pc - 8
core   0: 3 0x8000ecfe (0xbfe5)
core   0: 0x8000ecf6 (0x00001f17) auipc   t5, 0x1
core   0: 3 0x8000ecf6 (0x00001f17) x30 0x8000fcf6
core   0: 0x8000ecfa (0x303f2523) sw      gp, 778(t5)
core   0: 3 0x8000ecfa (0x303f2523) mem 0x80010000 0x00000001
core   0: 0x8000ecfe (0x0000bfe5) c.j     pc - 8
core   0: 3 0x8000ecfe (0xbfe5)
core   0: 0x8000ecf6 (0x00001f17) auipc   t5, 0x1
core   0: 3 0x8000ecf6 (0x00001f17) x30 0x8000fcf6
core   0: 0x8000ecfa (0x303f2523) sw      gp, 778(t5)
core   0: 3 0x8000ecfa (0x303f2523) mem 0x80010000 0x00000001
core   0: 0x8000ecfe (0x0000bfe5) c.j     pc - 8
core   0: 3 0x8000ecfe (0xbfe5)
core   0: 0x8000ecf6 (0x00001f17) auipc   t5, 0x1
core   0: 3 0x8000ecf6 (0x00001f17) x30 0x8000fcf6
core   0: 0x8000ecfa (0x303f2523) sw      gp, 778(t5)
core   0: 3 0x8000ecfa (0x303f2523) mem 0x80010000 0x00000001
core   0: 0x8000ecfe (0x0000bfe5) c.j     pc - 8
core   0: 3 0x8000ecfe (0xbfe5)
core   0: 0x8000ecf6 (0x00001f17) auipc   t5, 0x1
core   0: 3 0x8000ecf6 (0x00001f17) x30 0x8000fcf6
core   0: 0x8000ecfa (0x303f2523) sw      gp, 778(t5)
core   0: 3 0x8000ecfa (0x303f2523) mem 0x80010000 0x00000001
core   0: 0x8000ecfe (0x0000bfe5) c.j     pc - 8
core   0: 3 0x8000ecfe (0xbfe5)
core   0: 0x8000ecf6 (0x00001f17) auipc   t5, 0x1
core   0: 3 0x8000ecf6 (0x00001f17) x30 0x8000fcf6
core   0: 0x8000ecfa (0x303f2523) sw      gp, 778(t5)
core   0: 3 0x8000ecfa (0x303f2523) mem 0x80010000 0x00000001
core   0: 0x8000ecfe (0x0000bfe5) c.j     pc - 8
core   0: 3 0x8000ecfe (0xbfe5)
core   0: 0x8000ecf6 (0x00001f17) auipc   t5, 0x1
core   0: 3 0x8000ecf6 (0x00001f17) x30 0x8000fcf6
core   0: 0x8000ecfa (0x303f2523) sw      gp, 778(t5)
core   0: 3 0x8000ecfa (0x303f2523) mem 0x80010000 0x00000001
core   0: 0x8000ecfe (0x0000bfe5) c.j     pc - 8
core   0: 3 0x8000ecfe (0xbfe5)
core   0: 0x8000ecf6 (0x00001f17) auipc   t5, 0x1
core   0: 3 0x8000ecf6 (0x00001f17) x30 0x8000fcf6
core   0: 0x8000ecfa (0x303f2523) sw      gp, 778(t5)
core   0: 3 0x8000ecfa (0x303f2523) mem 0x80010000 0x00000001
core   0: 0x8000ecfe (0x0000bfe5) c.j     pc - 8
core   0: 3 0x8000ecfe (0xbfe5)
core   0: 0x8000ecf6 (0x00001f17) auipc   t5, 0x1
core   0: 3 0x8000ecf6 (0x00001f17) x30 0x8000fcf6
core   0: 0x8000ecfa (0x303f2523) sw      gp, 778(t5)
core   0: 3 0x8000ecfa (0x303f2523) mem 0x80010000 0x00000001
core   0: 0x8000ecfe (0x0000bfe5) c.j     pc - 8
core   0: 3 0x8000ecfe (0xbfe5)
core   0: 0x8000ecf6 (0x00001f17) auipc   t5, 0x1
core   0: 3 0x8000ecf6 (0x00001f17) x30 0x8000fcf6
core   0: 0x8000ecfa (0x303f2523) sw      gp, 778(t5)
core   0: 3 0x8000ecfa (0x303f2523) mem 0x80010000 0x00000001
core   0: 0x8000ecfe (0x0000bfe5) c.j     pc - 8
core   0: 3 0x8000ecfe (0xbfe5)
core   0: 0x8000ecf6 (0x00001f17) auipc   t5, 0x1
core   0: 3 0x8000ecf6 (0x00001f17) x30 0x8000fcf6
core   0: 0x8000ecfa (0x303f2523) sw      gp, 778(t5)
core   0: 3 0x8000ecfa (0x303f2523) mem 0x80010000 0x00000001
core   0: 0x8000ecfe (0x0000bfe5) c.j     pc - 8
core   0: 3 0x8000ecfe (0xbfe5)
core   0: 0x8000ecf6 (0x00001f17) auipc   t5, 0x1
core   0: 3 0x8000ecf6 (0x00001f17) x30 0x8000fcf6
core   0: 0x8000ecfa (0x303f2523) sw      gp, 778(t5)
core   0: 3 0x8000ecfa (0x303f2523) mem 0x80010000 0x00000001
core   0: 0x8000ecfe (0x0000bfe5) c.j     pc - 8
core   0: 3 0x8000ecfe (0xbfe5)
core   0: 0x8000ecf6 (0x00001f17) auipc   t5, 0x1
core   0: 3 0x8000ecf6 (0x00001f17) x30 0x8000fcf6
core   0: 0x8000ecfa (0x303f2523) sw      gp, 778(t5)
core   0: 3 0x8000ecfa (0x303f2523) mem 0x80010000 0x00000001
core   0: 0x8000ecfe (0x0000bfe5) c.j     pc - 8
core   0: 3 0x8000ecfe (0xbfe5)
core   0: 0x8000ecf6 (0x00001f17) auipc   t5, 0x1
core   0: 3 0x8000ecf6 (0x00001f17) x30 0x8000fcf6
core   0: 0x8000ecfa (0x303f2523) sw      gp, 778(t5)
core   0: 3 0x8000ecfa (0x303f2523) mem 0x80010000 0x00000001
core   0: 0x8000ecfe (0x0000bfe5) c.j     pc - 8
core   0: 3 0x8000ecfe (0xbfe5)
core   0: 0x8000ecf6 (0x00001f17) auipc   t5, 0x1
core   0: 3 0x8000ecf6 (0x00001f17) x30 0x8000fcf6
core   0: 0x8000ecfa (0x303f2523) sw      gp, 778(t5)
core   0: 3 0x8000ecfa (0x303f2523) mem 0x80010000 0x00000001
core   0: 0x8000ecfe (0x0000bfe5) c.j     pc - 8
core   0: 3 0x8000ecfe (0xbfe5)
core   0: 0x8000ecf6 (0x00001f17) auipc   t5, 0x1
core   0: 3 0x8000ecf6 (0x00001f17) x30 0x8000fcf6
core   0: 0x8000ecfa (0x303f2523) sw      gp, 778(t5)
core   0: 3 0x8000ecfa (0x303f2523) mem 0x80010000 0x00000001
core   0: 0x8000ecfe (0x0000bfe5) c.j     pc - 8
core   0: 3 0x8000ecfe (0xbfe5)
core   0: 0x8000ecf6 (0x00001f17) auipc   t5, 0x1
core   0: 3 0x8000ecf6 (0x00001f17) x30 0x8000fcf6
core   0: 0x8000ecfa (0x303f2523) sw      gp, 778(t5)
core   0: 3 0x8000ecfa (0x303f2523) mem 0x80010000 0x00000001
core   0: 0x8000ecfe (0x0000bfe5) c.j     pc - 8
core   0: 3 0x8000ecfe (0xbfe5)
core   0: 0x8000ecf6 (0x00001f17) auipc   t5, 0x1
core   0: 3 0x8000ecf6 (0x00001f17) x30 0x8000fcf6
core   0: 0x8000ecfa (0x303f2523) sw      gp, 778(t5)
core   0: 3 0x8000ecfa (0x303f2523) mem 0x80010000 0x00000001
core   0: 0x8000ecfe (0x0000bfe5) c.j     pc - 8
core   0: 3 0x8000ecfe (0xbfe5)
core   0: 0x8000ecf6 (0x00001f17) auipc   t5, 0x1
core   0: 3 0x8000ecf6 (0x00001f17) x30 0x8000fcf6
core   0: 0x8000ecfa (0x303f2523) sw      gp, 778(t5)
core   0: 3 0x8000ecfa (0x303f2523) mem 0x80010000 0x00000001
core   0: 0x8000ecfe (0x0000bfe5) c.j     pc - 8
core   0: 3 0x8000ecfe (0xbfe5)
core   0: 0x8000ecf6 (0x00001f17) auipc   t5, 0x1
core   0: 3 0x8000ecf6 (0x00001f17) x30 0x8000fcf6
core   0: 0x8000ecfa (0x303f2523) sw      gp, 778(t5)
core   0: 3 0x8000ecfa (0x303f2523) mem 0x80010000 0x00000001
core   0: 0x8000ecfe (0x0000bfe5) c.j     pc - 8
core   0: 3 0x8000ecfe (0xbfe5)
core   0: 0x8000ecf6 (0x00001f17) auipc   t5, 0x1
core   0: 3 0x8000ecf6 (0x00001f17) x30 0x8000fcf6
core   0: 0x8000ecfa (0x303f2523) sw      gp, 778(t5)
core   0: 3 0x8000ecfa (0x303f2523) mem 0x80010000 0x00000001
core   0: 0x8000ecfe (0x0000bfe5) c.j     pc - 8
core   0: 3 0x8000ecfe (0xbfe5)
core   0: 0x8000ecf6 (0x00001f17) auipc   t5, 0x1
core   0: 3 0x8000ecf6 (0x00001f17) x30 0x8000fcf6
core   0: 0x8000ecfa (0x303f2523) sw      gp, 778(t5)
core   0: 3 0x8000ecfa (0x303f2523) mem 0x80010000 0x00000001
core   0: 0x8000ecfe (0x0000bfe5) c.j     pc - 8
core   0: 3 0x8000ecfe (0xbfe5)
core   0: 0x8000ecf6 (0x00001f17) auipc   t5, 0x1
core   0: 3 0x8000ecf6 (0x00001f17) x30 0x8000fcf6
core   0: 0x8000ecfa (0x303f2523) sw      gp, 778(t5)
core   0: 3 0x8000ecfa (0x303f2523) mem 0x80010000 0x00000001
core   0: 0x8000ecfe (0x0000bfe5) c.j     pc - 8
core   0: 3 0x8000ecfe (0xbfe5)
core   0: 0x8000ecf6 (0x00001f17) auipc   t5, 0x1
core   0: 3 0x8000ecf6 (0x00001f17) x30 0x8000fcf6
core   0: 0x8000ecfa (0x303f2523) sw      gp, 778(t5)
core   0: 3 0x8000ecfa (0x303f2523) mem 0x80010000 0x00000001
core   0: 0x8000ecfe (0x0000bfe5) c.j     pc - 8
core   0: 3 0x8000ecfe (0xbfe5)
core   0: 0x8000ecf6 (0x00001f17) auipc   t5, 0x1
core   0: 3 0x8000ecf6 (0x00001f17) x30 0x8000fcf6
core   0: 0x8000ecfa (0x303f2523) sw      gp, 778(t5)
core   0: 3 0x8000ecfa (0x303f2523) mem 0x80010000 0x00000001
core   0: 0x8000ecfe (0x0000bfe5) c.j     pc - 8
core   0: 3 0x8000ecfe (0xbfe5)
core   0: 0x8000ecf6 (0x00001f17) auipc   t5, 0x1
core   0: 3 0x8000ecf6 (0x00001f17) x30 0x8000fcf6
core   0: 0x8000ecfa (0x303f2523) sw      gp, 778(t5)
core   0: 3 0x8000ecfa (0x303f2523) mem 0x80010000 0x00000001
core   0: 0x8000ecfe (0x0000bfe5) c.j     pc - 8
core   0: 3 0x8000ecfe (0xbfe5)
core   0: 0x8000ecf6 (0x00001f17) auipc   t5, 0x1
core   0: 3 0x8000ecf6 (0x00001f17) x30 0x8000fcf6
core   0: 0x8000ecfa (0x303f2523) sw      gp, 778(t5)
core   0: 3 0x8000ecfa (0x303f2523) mem 0x80010000 0x00000001
core   0: 0x8000ecfe (0x0000bfe5) c.j     pc - 8
core   0: 3 0x8000ecfe (0xbfe5)
core   0: 0x8000ecf6 (0x00001f17) auipc   t5, 0x1
core   0: 3 0x8000ecf6 (0x00001f17) x30 0x8000fcf6
core   0: 0x8000ecfa (0x303f2523) sw      gp, 778(t5)
core   0: 3 0x8000ecfa (0x303f2523) mem 0x80010000 0x00000001
core   0: 0x8000ecfe (0x0000bfe5) c.j     pc - 8
core   0: 3 0x8000ecfe (0xbfe5)
core   0: 0x8000ecf6 (0x00001f17) auipc   t5, 0x1
core   0: 3 0x8000ecf6 (0x00001f17) x30 0x8000fcf6
core   0: 0x8000ecfa (0x303f2523) sw      gp, 778(t5)
core   0: 3 0x8000ecfa (0x303f2523) mem 0x80010000 0x00000001
core   0: 0x8000ecfe (0x0000bfe5) c.j     pc - 8
core   0: 3 0x8000ecfe (0xbfe5)
core   0: 0x8000ecf6 (0x00001f17) auipc   t5, 0x1
core   0: 3 0x8000ecf6 (0x00001f17) x30 0x8000fcf6
core   0: 0x8000ecfa (0x303f2523) sw      gp, 778(t5)
core   0: 3 0x8000ecfa (0x303f2523) mem 0x80010000 0x00000001
core   0: 0x8000ecfe (0x0000bfe5) c.j     pc - 8
core   0: 3 0x8000ecfe (0xbfe5)
core   0: 0x8000ecf6 (0x00001f17) auipc   t5, 0x1
core   0: 3 0x8000ecf6 (0x00001f17) x30 0x8000fcf6
core   0: 0x8000ecfa (0x303f2523) sw      gp, 778(t5)
core   0: 3 0x8000ecfa (0x303f2523) mem 0x80010000 0x00000001
core   0: 0x8000ecfe (0x0000bfe5) c.j     pc - 8
core   0: 3 0x8000ecfe (0xbfe5)
core   0: 0x8000ecf6 (0x00001f17) auipc   t5, 0x1
core   0: 3 0x8000ecf6 (0x00001f17) x30 0x8000fcf6
core   0: 0x8000ecfa (0x303f2523) sw      gp, 778(t5)
core   0: 3 0x8000ecfa (0x303f2523) mem 0x80010000 0x00000001
core   0: 0x8000ecfe (0x0000bfe5) c.j     pc - 8
core   0: 3 0x8000ecfe (0xbfe5)
core   0: 0x8000ecf6 (0x00001f17) auipc   t5, 0x1
core   0: 3 0x8000ecf6 (0x00001f17) x30 0x8000fcf6
core   0: 0x8000ecfa (0x303f2523) sw      gp, 778(t5)
core   0: 3 0x8000ecfa (0x303f2523) mem 0x80010000 0x00000001
core   0: 0x8000ecfe (0x0000bfe5) c.j     pc - 8
core   0: 3 0x8000ecfe (0xbfe5)
core   0: 0x8000ecf6 (0x00001f17) auipc   t5, 0x1
core   0: 3 0x8000ecf6 (0x00001f17) x30 0x8000fcf6
core   0: 0x8000ecfa (0x303f2523) sw      gp, 778(t5)
core   0: 3 0x8000ecfa (0x303f2523) mem 0x80010000 0x00000001
core   0: 0x8000ecfe (0x0000bfe5) c.j     pc - 8
core   0: 3 0x8000ecfe (0xbfe5)
core   0: 0x8000ecf6 (0x00001f17) auipc   t5, 0x1
core   0: 3 0x8000ecf6 (0x00001f17) x30 0x8000fcf6
core   0: 0x8000ecfa (0x303f2523) sw      gp, 778(t5)
core   0: 3 0x8000ecfa (0x303f2523) mem 0x80010000 0x00000001
core   0: 0x8000ecfe (0x0000bfe5) c.j     pc - 8
core   0: 3 0x8000ecfe (0xbfe5)
core   0: 0x8000ecf6 (0x00001f17) auipc   t5, 0x1
core   0: 3 0x8000ecf6 (0x00001f17) x30 0x8000fcf6
core   0: 0x8000ecfa (0x303f2523) sw      gp, 778(t5)
core   0: 3 0x8000ecfa (0x303f2523) mem 0x80010000 0x00000001
core   0: 0x8000ecfe (0x0000bfe5) c.j     pc - 8
core   0: 3 0x8000ecfe (0xbfe5)
core   0: 0x8000ecf6 (0x00001f17) auipc   t5, 0x1
core   0: 3 0x8000ecf6 (0x00001f17) x30 0x8000fcf6
core   0: 0x8000ecfa (0x303f2523) sw      gp, 778(t5)
core   0: 3 0x8000ecfa (0x303f2523) mem 0x80010000 0x00000001
core   0: 0x8000ecfe (0x0000bfe5) c.j     pc - 8
core   0: 3 0x8000ecfe (0xbfe5)
core   0: 0x8000ecf6 (0x00001f17) auipc   t5, 0x1
core   0: 3 0x8000ecf6 (0x00001f17) x30 0x8000fcf6
core   0: 0x8000ecfa (0x303f2523) sw      gp, 778(t5)
core   0: 3 0x8000ecfa (0x303f2523) mem 0x80010000 0x00000001
core   0: 0x8000ecfe (0x0000bfe5) c.j     pc - 8
core   0: 3 0x8000ecfe (0xbfe5)
core   0: 0x8000ecf6 (0x00001f17) auipc   t5, 0x1
core   0: 3 0x8000ecf6 (0x00001f17) x30 0x8000fcf6
core   0: 0x8000ecfa (0x303f2523) sw      gp, 778(t5)
core   0: 3 0x8000ecfa (0x303f2523) mem 0x80010000 0x00000001
core   0: 0x8000ecfe (0x0000bfe5) c.j     pc - 8
core   0: 3 0x8000ecfe (0xbfe5)
core   0: 0x8000ecf6 (0x00001f17) auipc   t5, 0x1
core   0: 3 0x8000ecf6 (0x00001f17) x30 0x8000fcf6
core   0: 0x8000ecfa (0x303f2523) sw      gp, 778(t5)
core   0: 3 0x8000ecfa (0x303f2523) mem 0x80010000 0x00000001
core   0: 0x8000ecfe (0x0000bfe5) c.j     pc - 8
core   0: 3 0x8000ecfe (0xbfe5)
core   0: 0x8000ecf6 (0x00001f17) auipc   t5, 0x1
core   0: 3 0x8000ecf6 (0x00001f17) x30 0x8000fcf6
core   0: 0x8000ecfa (0x303f2523) sw      gp, 778(t5)
core   0: 3 0x8000ecfa (0x303f2523) mem 0x80010000 0x00000001
core   0: 0x8000ecfe (0x0000bfe5) c.j     pc - 8
core   0: 3 0x8000ecfe (0xbfe5)
core   0: 0x8000ecf6 (0x00001f17) auipc   t5, 0x1
core   0: 3 0x8000ecf6 (0x00001f17) x30 0x8000fcf6
core   0: 0x8000ecfa (0x303f2523) sw      gp, 778(t5)
core   0: 3 0x8000ecfa (0x303f2523) mem 0x80010000 0x00000001
core   0: 0x8000ecfe (0x0000bfe5) c.j     pc - 8
core   0: 3 0x8000ecfe (0xbfe5)
core   0: 0x8000ecf6 (0x00001f17) auipc   t5, 0x1
core   0: 3 0x8000ecf6 (0x00001f17) x30 0x8000fcf6
core   0: 0x8000ecfa (0x303f2523) sw      gp, 778(t5)
core   0: 3 0x8000ecfa (0x303f2523) mem 0x80010000 0x00000001
core   0: 0x8000ecfe (0x0000bfe5) c.j     pc - 8
core   0: 3 0x8000ecfe (0xbfe5)
core   0: 0x8000ecf6 (0x00001f17) auipc   t5, 0x1
core   0: 3 0x8000ecf6 (0x00001f17) x30 0x8000fcf6
core   0: 0x8000ecfa (0x303f2523) sw      gp, 778(t5)
core   0: 3 0x8000ecfa (0x303f2523) mem 0x80010000 0x00000001
core   0: 0x8000ecfe (0x0000bfe5) c.j     pc - 8
core   0: 3 0x8000ecfe (0xbfe5)
core   0: 0x8000ecf6 (0x00001f17) auipc   t5, 0x1
core   0: 3 0x8000ecf6 (0x00001f17) x30 0x8000fcf6
core   0: 0x8000ecfa (0x303f2523) sw      gp, 778(t5)
core   0: 3 0x8000ecfa (0x303f2523) mem 0x80010000 0x00000001
core   0: 0x8000ecfe (0x0000bfe5) c.j     pc - 8
core   0: 3 0x8000ecfe (0xbfe5)
core   0: 0x8000ecf6 (0x00001f17) auipc   t5, 0x1
core   0: 3 0x8000ecf6 (0x00001f17) x30 0x8000fcf6
core   0: 0x8000ecfa (0x303f2523) sw      gp, 778(t5)
core   0: 3 0x8000ecfa (0x303f2523) mem 0x80010000 0x00000001
core   0: 0x8000ecfe (0x0000bfe5) c.j     pc - 8
core   0: 3 0x8000ecfe (0xbfe5)
core   0: 0x8000ecf6 (0x00001f17) auipc   t5, 0x1
core   0: 3 0x8000ecf6 (0x00001f17) x30 0x8000fcf6
core   0: 0x8000ecfa (0x303f2523) sw      gp, 778(t5)
core   0: 3 0x8000ecfa (0x303f2523) mem 0x80010000 0x00000001
core   0: 0x8000ecfe (0x0000bfe5) c.j     pc - 8
core   0: 3 0x8000ecfe (0xbfe5)
core   0: 0x8000ecf6 (0x00001f17) auipc   t5, 0x1
core   0: 3 0x8000ecf6 (0x00001f17) x30 0x8000fcf6
core   0: 0x8000ecfa (0x303f2523) sw      gp, 778(t5)
core   0: 3 0x8000ecfa (0x303f2523) mem 0x80010000 0x00000001
core   0: 0x8000ecfe (0x0000bfe5) c.j     pc - 8
core   0: 3 0x8000ecfe (0xbfe5)
core   0: 0x8000ecf6 (0x00001f17) auipc   t5, 0x1
core   0: 3 0x8000ecf6 (0x00001f17) x30 0x8000fcf6
core   0: 0x8000ecfa (0x303f2523) sw      gp, 778(t5)
core   0: 3 0x8000ecfa (0x303f2523) mem 0x80010000 0x00000001
core   0: 0x8000ecfe (0x0000bfe5) c.j     pc - 8
core   0: 3 0x8000ecfe (0xbfe5)
core   0: 0x8000ecf6 (0x00001f17) auipc   t5, 0x1
core   0: 3 0x8000ecf6 (0x00001f17) x30 0x8000fcf6
core   0: 0x8000ecfa (0x303f2523) sw      gp, 778(t5)
core   0: 3 0x8000ecfa (0x303f2523) mem 0x80010000 0x00000001
core   0: 0x8000ecfe (0x0000bfe5) c.j     pc - 8
core   0: 3 0x8000ecfe (0xbfe5)
core   0: 0x8000ecf6 (0x00001f17) auipc   t5, 0x1
core   0: 3 0x8000ecf6 (0x00001f17) x30 0x8000fcf6
core   0: 0x8000ecfa (0x303f2523) sw      gp, 778(t5)
core   0: 3 0x8000ecfa (0x303f2523) mem 0x80010000 0x00000001
core   0: 0x8000ecfe (0x0000bfe5) c.j     pc - 8
core   0: 3 0x8000ecfe (0xbfe5)
core   0: 0x8000ecf6 (0x00001f17) auipc   t5, 0x1
core   0: 3 0x8000ecf6 (0x00001f17) x30 0x8000fcf6
core   0: 0x8000ecfa (0x303f2523) sw      gp, 778(t5)
core   0: 3 0x8000ecfa (0x303f2523) mem 0x80010000 0x00000001
core   0: 0x8000ecfe (0x0000bfe5) c.j     pc - 8
core   0: 3 0x8000ecfe (0xbfe5)
core   0: 0x8000ecf6 (0x00001f17) auipc   t5, 0x1
core   0: 3 0x8000ecf6 (0x00001f17) x30 0x8000fcf6
core   0: 0x8000ecfa (0x303f2523) sw      gp, 778(t5)
core   0: 3 0x8000ecfa (0x303f2523) mem 0x80010000 0x00000001
core   0: 0x8000ecfe (0x0000bfe5) c.j     pc - 8
core   0: 3 0x8000ecfe (0xbfe5)
core   0: 0x8000ecf6 (0x00001f17) auipc   t5, 0x1
core   0: 3 0x8000ecf6 (0x00001f17) x30 0x8000fcf6
core   0: 0x8000ecfa (0x303f2523) sw      gp, 778(t5)
core   0: 3 0x8000ecfa (0x303f2523) mem 0x80010000 0x00000001
core   0: 0x8000ecfe (0x0000bfe5) c.j     pc - 8
core   0: 3 0x8000ecfe (0xbfe5)
core   0: 0x8000ecf6 (0x00001f17) auipc   t5, 0x1
core   0: 3 0x8000ecf6 (0x00001f17) x30 0x8000fcf6
core   0: 0x8000ecfa (0x303f2523) sw      gp, 778(t5)
core   0: 3 0x8000ecfa (0x303f2523) mem 0x80010000 0x00000001
core   0: 0x8000ecfe (0x0000bfe5) c.j     pc - 8
core   0: 3 0x8000ecfe (0xbfe5)
core   0: 0x8000ecf6 (0x00001f17) auipc   t5, 0x1
core   0: 3 0x8000ecf6 (0x00001f17) x30 0x8000fcf6
core   0: 0x8000ecfa (0x303f2523) sw      gp, 778(t5)
core   0: 3 0x8000ecfa (0x303f2523) mem 0x80010000 0x00000001
core   0: 0x8000ecfe (0x0000bfe5) c.j     pc - 8
core   0: 3 0x8000ecfe (0xbfe5)
core   0: 0x8000ecf6 (0x00001f17) auipc   t5, 0x1
core   0: 3 0x8000ecf6 (0x00001f17) x30 0x8000fcf6
core   0: 0x8000ecfa (0x303f2523) sw      gp, 778(t5)
core   0: 3 0x8000ecfa (0x303f2523) mem 0x80010000 0x00000001
core   0: 0x8000ecfe (0x0000bfe5) c.j     pc - 8
core   0: 3 0x8000ecfe (0xbfe5)
core   0: 0x8000ecf6 (0x00001f17) auipc   t5, 0x1
core   0: 3 0x8000ecf6 (0x00001f17) x30 0x8000fcf6
core   0: 0x8000ecfa (0x303f2523) sw      gp, 778(t5)
core   0: 3 0x8000ecfa (0x303f2523) mem 0x80010000 0x00000001
core   0: 0x8000ecfe (0x0000bfe5) c.j     pc - 8
core   0: 3 0x8000ecfe (0xbfe5)
core   0: 0x8000ecf6 (0x00001f17) auipc   t5, 0x1
core   0: 3 0x8000ecf6 (0x00001f17) x30 0x8000fcf6
core   0: 0x8000ecfa (0x303f2523) sw      gp, 778(t5)
core   0: 3 0x8000ecfa (0x303f2523) mem 0x80010000 0x00000001
core   0: 0x8000ecfe (0x0000bfe5) c.j     pc - 8
core   0: 3 0x8000ecfe (0xbfe5)
core   0: 0x8000ecf6 (0x00001f17) auipc   t5, 0x1
core   0: 3 0x8000ecf6 (0x00001f17) x30 0x8000fcf6
core   0: 0x8000ecfa (0x303f2523) sw      gp, 778(t5)
core   0: 3 0x8000ecfa (0x303f2523) mem 0x80010000 0x00000001
core   0: 0x8000ecfe (0x0000bfe5) c.j     pc - 8
core   0: 3 0x8000ecfe (0xbfe5)
core   0: 0x8000ecf6 (0x00001f17) auipc   t5, 0x1
core   0: 3 0x8000ecf6 (0x00001f17) x30 0x8000fcf6
core   0: 0x8000ecfa (0x303f2523) sw      gp, 778(t5)
core   0: 3 0x8000ecfa (0x303f2523) mem 0x80010000 0x00000001
core   0: 0x8000ecfe (0x0000bfe5) c.j     pc - 8
core   0: 3 0x8000ecfe (0xbfe5)
core   0: 0x8000ecf6 (0x00001f17) auipc   t5, 0x1
core   0: 3 0x8000ecf6 (0x00001f17) x30 0x8000fcf6
core   0: 0x8000ecfa (0x303f2523) sw      gp, 778(t5)
core   0: 3 0x8000ecfa (0x303f2523) mem 0x80010000 0x00000001
core   0: 0x8000ecfe (0x0000bfe5) c.j     pc - 8
core   0: 3 0x8000ecfe (0xbfe5)
core   0: 0x8000ecf6 (0x00001f17) auipc   t5, 0x1
core   0: 3 0x8000ecf6 (0x00001f17) x30 0x8000fcf6
core   0: 0x8000ecfa (0x303f2523) sw      gp, 778(t5)
core   0: 3 0x8000ecfa (0x303f2523) mem 0x80010000 0x00000001
core   0: 0x8000ecfe (0x0000bfe5) c.j     pc - 8
core   0: 3 0x8000ecfe (0xbfe5)
core   0: 0x8000ecf6 (0x00001f17) auipc   t5, 0x1
core   0: 3 0x8000ecf6 (0x00001f17) x30 0x8000fcf6
core   0: 0x8000ecfa (0x303f2523) sw      gp, 778(t5)
core   0: 3 0x8000ecfa (0x303f2523) mem 0x80010000 0x00000001
core   0: 0x8000ecfe (0x0000bfe5) c.j     pc - 8
core   0: 3 0x8000ecfe (0xbfe5)
core   0: 0x8000ecf6 (0x00001f17) auipc   t5, 0x1
core   0: 3 0x8000ecf6 (0x00001f17) x30 0x8000fcf6
core   0: 0x8000ecfa (0x303f2523) sw      gp, 778(t5)
core   0: 3 0x8000ecfa (0x303f2523) mem 0x80010000 0x00000001
core   0: 0x8000ecfe (0x0000bfe5) c.j     pc - 8
core   0: 3 0x8000ecfe (0xbfe5)
core   0: 0x8000ecf6 (0x00001f17) auipc   t5, 0x1
core   0: 3 0x8000ecf6 (0x00001f17) x30 0x8000fcf6
core   0: 0x8000ecfa (0x303f2523) sw      gp, 778(t5)
core   0: 3 0x8000ecfa (0x303f2523) mem 0x80010000 0x00000001
core   0: 0x8000ecfe (0x0000bfe5) c.j     pc - 8
core   0: 3 0x8000ecfe (0xbfe5)
core   0: 0x8000ecf6 (0x00001f17) auipc   t5, 0x1
core   0: 3 0x8000ecf6 (0x00001f17) x30 0x8000fcf6
core   0: 0x8000ecfa (0x303f2523) sw      gp, 778(t5)
core   0: 3 0x8000ecfa (0x303f2523) mem 0x80010000 0x00000001
core   0: 0x8000ecfe (0x0000bfe5) c.j     pc - 8
core   0: 3 0x8000ecfe (0xbfe5)
core   0: 0x8000ecf6 (0x00001f17) auipc   t5, 0x1
core   0: 3 0x8000ecf6 (0x00001f17) x30 0x8000fcf6
core   0: 0x8000ecfa (0x303f2523) sw      gp, 778(t5)
core   0: 3 0x8000ecfa (0x303f2523) mem 0x80010000 0x00000001
core   0: 0x8000ecfe (0x0000bfe5) c.j     pc - 8
core   0: 3 0x8000ecfe (0xbfe5)
core   0: 0x8000ecf6 (0x00001f17) auipc   t5, 0x1
core   0: 3 0x8000ecf6 (0x00001f17) x30 0x8000fcf6
core   0: 0x8000ecfa (0x303f2523) sw      gp, 778(t5)
core   0: 3 0x8000ecfa (0x303f2523) mem 0x80010000 0x00000001
core   0: 0x8000ecfe (0x0000bfe5) c.j     pc - 8
core   0: 3 0x8000ecfe (0xbfe5)
core   0: 0x8000ecf6 (0x00001f17) auipc   t5, 0x1
core   0: 3 0x8000ecf6 (0x00001f17) x30 0x8000fcf6
core   0: 0x8000ecfa (0x303f2523) sw      gp, 778(t5)
core   0: 3 0x8000ecfa (0x303f2523) mem 0x80010000 0x00000001
core   0: 0x8000ecfe (0x0000bfe5) c.j     pc - 8
core   0: 3 0x8000ecfe (0xbfe5)
core   0: 0x8000ecf6 (0x00001f17) auipc   t5, 0x1
core   0: 3 0x8000ecf6 (0x00001f17) x30 0x8000fcf6
core   0: 0x8000ecfa (0x303f2523) sw      gp, 778(t5)
core   0: 3 0x8000ecfa (0x303f2523) mem 0x80010000 0x00000001
core   0: 0x8000ecfe (0x0000bfe5) c.j     pc - 8
core   0: 3 0x8000ecfe (0xbfe5)
core   0: 0x8000ecf6 (0x00001f17) auipc   t5, 0x1
core   0: 3 0x8000ecf6 (0x00001f17) x30 0x8000fcf6
core   0: 0x8000ecfa (0x303f2523) sw      gp, 778(t5)
core   0: 3 0x8000ecfa (0x303f2523) mem 0x80010000 0x00000001
core   0: 0x8000ecfe (0x0000bfe5) c.j     pc - 8
core   0: 3 0x8000ecfe (0xbfe5)
core   0: 0x8000ecf6 (0x00001f17) auipc   t5, 0x1
core   0: 3 0x8000ecf6 (0x00001f17) x30 0x8000fcf6
core   0: 0x8000ecfa (0x303f2523) sw      gp, 778(t5)
core   0: 3 0x8000ecfa (0x303f2523) mem 0x80010000 0x00000001
core   0: 0x8000ecfe (0x0000bfe5) c.j     pc - 8
core   0: 3 0x8000ecfe (0xbfe5)
core   0: 0x8000ecf6 (0x00001f17) auipc   t5, 0x1
core   0: 3 0x8000ecf6 (0x00001f17) x30 0x8000fcf6
core   0: 0x8000ecfa (0x303f2523) sw      gp, 778(t5)
core   0: 3 0x8000ecfa (0x303f2523) mem 0x80010000 0x00000001
core   0: 0x8000ecfe (0x0000bfe5) c.j     pc - 8
core   0: 3 0x8000ecfe (0xbfe5)
core   0: 0x8000ecf6 (0x00001f17) auipc   t5, 0x1
core   0: 3 0x8000ecf6 (0x00001f17) x30 0x8000fcf6
core   0: 0x8000ecfa (0x303f2523) sw      gp, 778(t5)
core   0: 3 0x8000ecfa (0x303f2523) mem 0x80010000 0x00000001
core   0: 0x8000ecfe (0x0000bfe5) c.j     pc - 8
core   0: 3 0x8000ecfe (0xbfe5)
core   0: 0x8000ecf6 (0x00001f17) auipc   t5, 0x1
core   0: 3 0x8000ecf6 (0x00001f17) x30 0x8000fcf6
core   0: 0x8000ecfa (0x303f2523) sw      gp, 778(t5)
core   0: 3 0x8000ecfa (0x303f2523) mem 0x80010000 0x00000001
core   0: 0x8000ecfe (0x0000bfe5) c.j     pc - 8
core   0: 3 0x8000ecfe (0xbfe5)
core   0: 0x8000ecf6 (0x00001f17) auipc   t5, 0x1
core   0: 3 0x8000ecf6 (0x00001f17) x30 0x8000fcf6
core   0: 0x8000ecfa (0x303f2523) sw      gp, 778(t5)
core   0: 3 0x8000ecfa (0x303f2523) mem 0x80010000 0x00000001
core   0: 0x8000ecfe (0x0000bfe5) c.j     pc - 8
core   0: 3 0x8000ecfe (0xbfe5)
core   0: 0x8000ecf6 (0x00001f17) auipc   t5, 0x1
core   0: 3 0x8000ecf6 (0x00001f17) x30 0x8000fcf6
core   0: 0x8000ecfa (0x303f2523) sw      gp, 778(t5)
core   0: 3 0x8000ecfa (0x303f2523) mem 0x80010000 0x00000001
core   0: 0x8000ecfe (0x0000bfe5) c.j     pc - 8
core   0: 3 0x8000ecfe (0xbfe5)
core   0: 0x8000ecf6 (0x00001f17) auipc   t5, 0x1
core   0: 3 0x8000ecf6 (0x00001f17) x30 0x8000fcf6
core   0: 0x8000ecfa (0x303f2523) sw      gp, 778(t5)
core   0: 3 0x8000ecfa (0x303f2523) mem 0x80010000 0x00000001
core   0: 0x8000ecfe (0x0000bfe5) c.j     pc - 8
core   0: 3 0x8000ecfe (0xbfe5)
core   0: 0x8000ecf6 (0x00001f17) auipc   t5, 0x1
core   0: 3 0x8000ecf6 (0x00001f17) x30 0x8000fcf6
core   0: 0x8000ecfa (0x303f2523) sw      gp, 778(t5)
core   0: 3 0x8000ecfa (0x303f2523) mem 0x80010000 0x00000001
core   0: 0x8000ecfe (0x0000bfe5) c.j     pc - 8
core   0: 3 0x8000ecfe (0xbfe5)
core   0: 0x8000ecf6 (0x00001f17) auipc   t5, 0x1
core   0: 3 0x8000ecf6 (0x00001f17) x30 0x8000fcf6
core   0: 0x8000ecfa (0x303f2523) sw      gp, 778(t5)
core   0: 3 0x8000ecfa (0x303f2523) mem 0x80010000 0x00000001
core   0: 0x8000ecfe (0x0000bfe5) c.j     pc - 8
core   0: 3 0x8000ecfe (0xbfe5)
core   0: 0x8000ecf6 (0x00001f17) auipc   t5, 0x1
core   0: 3 0x8000ecf6 (0x00001f17) x30 0x8000fcf6
core   0: 0x8000ecfa (0x303f2523) sw      gp, 778(t5)
core   0: 3 0x8000ecfa (0x303f2523) mem 0x80010000 0x00000001
core   0: 0x8000ecfe (0x0000bfe5) c.j     pc - 8
core   0: 3 0x8000ecfe (0xbfe5)
core   0: 0x8000ecf6 (0x00001f17) auipc   t5, 0x1
core   0: 3 0x8000ecf6 (0x00001f17) x30 0x8000fcf6
core   0: 0x8000ecfa (0x303f2523) sw      gp, 778(t5)
core   0: 3 0x8000ecfa (0x303f2523) mem 0x80010000 0x00000001
core   0: 0x8000ecfe (0x0000bfe5) c.j     pc - 8
core   0: 3 0x8000ecfe (0xbfe5)
core   0: 0x8000ecf6 (0x00001f17) auipc   t5, 0x1
core   0: 3 0x8000ecf6 (0x00001f17) x30 0x8000fcf6
core   0: 0x8000ecfa (0x303f2523) sw      gp, 778(t5)
core   0: 3 0x8000ecfa (0x303f2523) mem 0x80010000 0x00000001
core   0: 0x8000ecfe (0x0000bfe5) c.j     pc - 8
core   0: 3 0x8000ecfe (0xbfe5)
core   0: 0x8000ecf6 (0x00001f17) auipc   t5, 0x1
core   0: 3 0x8000ecf6 (0x00001f17) x30 0x8000fcf6
core   0: 0x8000ecfa (0x303f2523) sw      gp, 778(t5)
core   0: 3 0x8000ecfa (0x303f2523) mem 0x80010000 0x00000001
core   0: 0x8000ecfe (0x0000bfe5) c.j     pc - 8
core   0: 3 0x8000ecfe (0xbfe5)
core   0: 0x8000ecf6 (0x00001f17) auipc   t5, 0x1
core   0: 3 0x8000ecf6 (0x00001f17) x30 0x8000fcf6
core   0: 0x8000ecfa (0x303f2523) sw      gp, 778(t5)
core   0: 3 0x8000ecfa (0x303f2523) mem 0x80010000 0x00000001
core   0: 0x8000ecfe (0x0000bfe5) c.j     pc - 8
core   0: 3 0x8000ecfe (0xbfe5)
core   0: 0x8000ecf6 (0x00001f17) auipc   t5, 0x1
core   0: 3 0x8000ecf6 (0x00001f17) x30 0x8000fcf6
core   0: 0x8000ecfa (0x303f2523) sw      gp, 778(t5)
core   0: 3 0x8000ecfa (0x303f2523) mem 0x80010000 0x00000001
core   0: 0x8000ecfe (0x0000bfe5) c.j     pc - 8
core   0: 3 0x8000ecfe (0xbfe5)
core   0: 0x8000ecf6 (0x00001f17) auipc   t5, 0x1
core   0: 3 0x8000ecf6 (0x00001f17) x30 0x8000fcf6
core   0: 0x8000ecfa (0x303f2523) sw      gp, 778(t5)
core   0: 3 0x8000ecfa (0x303f2523) mem 0x80010000 0x00000001
core   0: 0x8000ecfe (0x0000bfe5) c.j     pc - 8
core   0: 3 0x8000ecfe (0xbfe5)
core   0: 0x8000ecf6 (0x00001f17) auipc   t5, 0x1
core   0: 3 0x8000ecf6 (0x00001f17) x30 0x8000fcf6
core   0: 0x8000ecfa (0x303f2523) sw      gp, 778(t5)
core   0: 3 0x8000ecfa (0x303f2523) mem 0x80010000 0x00000001
core   0: 0x8000ecfe (0x0000bfe5) c.j     pc - 8
core   0: 3 0x8000ecfe (0xbfe5)
core   0: 0x8000ecf6 (0x00001f17) auipc   t5, 0x1
core   0: 3 0x8000ecf6 (0x00001f17) x30 0x8000fcf6
core   0: 0x8000ecfa (0x303f2523) sw      gp, 778(t5)
core   0: 3 0x8000ecfa (0x303f2523) mem 0x80010000 0x00000001
core   0: 0x8000ecfe (0x0000bfe5) c.j     pc - 8
core   0: 3 0x8000ecfe (0xbfe5)
core   0: 0x8000ecf6 (0x00001f17) auipc   t5, 0x1
core   0: 3 0x8000ecf6 (0x00001f17) x30 0x8000fcf6
core   0: 0x8000ecfa (0x303f2523) sw      gp, 778(t5)
core   0: 3 0x8000ecfa (0x303f2523) mem 0x80010000 0x00000001
core   0: 0x8000ecfe (0x0000bfe5) c.j     pc - 8
core   0: 3 0x8000ecfe (0xbfe5)
core   0: 0x8000ecf6 (0x00001f17) auipc   t5, 0x1
core   0: 3 0x8000ecf6 (0x00001f17) x30 0x8000fcf6
core   0: 0x8000ecfa (0x303f2523) sw      gp, 778(t5)
core   0: 3 0x8000ecfa (0x303f2523) mem 0x80010000 0x00000001
core   0: 0x8000ecfe (0x0000bfe5) c.j     pc - 8
core   0: 3 0x8000ecfe (0xbfe5)
core   0: 0x8000ecf6 (0x00001f17) auipc   t5, 0x1
core   0: 3 0x8000ecf6 (0x00001f17) x30 0x8000fcf6
core   0: 0x8000ecfa (0x303f2523) sw      gp, 778(t5)
core   0: 3 0x8000ecfa (0x303f2523) mem 0x80010000 0x00000001
core   0: 0x8000ecfe (0x0000bfe5) c.j     pc - 8
core   0: 3 0x8000ecfe (0xbfe5)
core   0: 0x8000ecf6 (0x00001f17) auipc   t5, 0x1
core   0: 3 0x8000ecf6 (0x00001f17) x30 0x8000fcf6
core   0: 0x8000ecfa (0x303f2523) sw      gp, 778(t5)
core   0: 3 0x8000ecfa (0x303f2523) mem 0x80010000 0x00000001
core   0: 0x8000ecfe (0x0000bfe5) c.j     pc - 8
core   0: 3 0x8000ecfe (0xbfe5)
core   0: 0x8000ecf6 (0x00001f17) auipc   t5, 0x1
core   0: 3 0x8000ecf6 (0x00001f17) x30 0x8000fcf6
core   0: 0x8000ecfa (0x303f2523) sw      gp, 778(t5)
core   0: 3 0x8000ecfa (0x303f2523) mem 0x80010000 0x00000001
core   0: 0x8000ecfe (0x0000bfe5) c.j     pc - 8
core   0: 3 0x8000ecfe (0xbfe5)
core   0: 0x8000ecf6 (0x00001f17) auipc   t5, 0x1
core   0: 3 0x8000ecf6 (0x00001f17) x30 0x8000fcf6
core   0: 0x8000ecfa (0x303f2523) sw      gp, 778(t5)
core   0: 3 0x8000ecfa (0x303f2523) mem 0x80010000 0x00000001
core   0: 0x8000ecfe (0x0000bfe5) c.j     pc - 8
core   0: 3 0x8000ecfe (0xbfe5)
core   0: 0x8000ecf6 (0x00001f17) auipc   t5, 0x1
core   0: 3 0x8000ecf6 (0x00001f17) x30 0x8000fcf6
core   0: 0x8000ecfa (0x303f2523) sw      gp, 778(t5)
core   0: 3 0x8000ecfa (0x303f2523) mem 0x80010000 0x00000001
core   0: 0x8000ecfe (0x0000bfe5) c.j     pc - 8
core   0: 3 0x8000ecfe (0xbfe5)
core   0: 0x8000ecf6 (0x00001f17) auipc   t5, 0x1
core   0: 3 0x8000ecf6 (0x00001f17) x30 0x8000fcf6
core   0: 0x8000ecfa (0x303f2523) sw      gp, 778(t5)
core   0: 3 0x8000ecfa (0x303f2523) mem 0x80010000 0x00000001
core   0: 0x8000ecfe (0x0000bfe5) c.j     pc - 8
core   0: 3 0x8000ecfe (0xbfe5)
core   0: 0x8000ecf6 (0x00001f17) auipc   t5, 0x1
core   0: 3 0x8000ecf6 (0x00001f17) x30 0x8000fcf6
core   0: 0x8000ecfa (0x303f2523) sw      gp, 778(t5)
core   0: 3 0x8000ecfa (0x303f2523) mem 0x80010000 0x00000001
core   0: 0x8000ecfe (0x0000bfe5) c.j     pc - 8
core   0: 3 0x8000ecfe (0xbfe5)
core   0: 0x8000ecf6 (0x00001f17) auipc   t5, 0x1
core   0: 3 0x8000ecf6 (0x00001f17) x30 0x8000fcf6
core   0: 0x8000ecfa (0x303f2523) sw      gp, 778(t5)
core   0: 3 0x8000ecfa (0x303f2523) mem 0x80010000 0x00000001
core   0: 0x8000ecfe (0x0000bfe5) c.j     pc - 8
core   0: 3 0x8000ecfe (0xbfe5)
core   0: 0x8000ecf6 (0x00001f17) auipc   t5, 0x1
core   0: 3 0x8000ecf6 (0x00001f17) x30 0x8000fcf6
core   0: 0x8000ecfa (0x303f2523) sw      gp, 778(t5)
core   0: 3 0x8000ecfa (0x303f2523) mem 0x80010000 0x00000001
core   0: 0x8000ecfe (0x0000bfe5) c.j     pc - 8
core   0: 3 0x8000ecfe (0xbfe5)
core   0: 0x8000ecf6 (0x00001f17) auipc   t5, 0x1
core   0: 3 0x8000ecf6 (0x00001f17) x30 0x8000fcf6
core   0: 0x8000ecfa (0x303f2523) sw      gp, 778(t5)
core   0: 3 0x8000ecfa (0x303f2523) mem 0x80010000 0x00000001
core   0: 0x8000ecfe (0x0000bfe5) c.j     pc - 8
core   0: 3 0x8000ecfe (0xbfe5)
core   0: 0x8000ecf6 (0x00001f17) auipc   t5, 0x1
core   0: 3 0x8000ecf6 (0x00001f17) x30 0x8000fcf6
core   0: 0x8000ecfa (0x303f2523) sw      gp, 778(t5)
core   0: 3 0x8000ecfa (0x303f2523) mem 0x80010000 0x00000001
core   0: 0x8000ecfe (0x0000bfe5) c.j     pc - 8
core   0: 3 0x8000ecfe (0xbfe5)
core   0: 0x8000ecf6 (0x00001f17) auipc   t5, 0x1
core   0: 3 0x8000ecf6 (0x00001f17) x30 0x8000fcf6
core   0: 0x8000ecfa (0x303f2523) sw      gp, 778(t5)
core   0: 3 0x8000ecfa (0x303f2523) mem 0x80010000 0x00000001
core   0: 0x8000ecfe (0x0000bfe5) c.j     pc - 8
core   0: 3 0x8000ecfe (0xbfe5)
core   0: 0x8000ecf6 (0x00001f17) auipc   t5, 0x1
core   0: 3 0x8000ecf6 (0x00001f17) x30 0x8000fcf6
core   0: 0x8000ecfa (0x303f2523) sw      gp, 778(t5)
core   0: 3 0x8000ecfa (0x303f2523) mem 0x80010000 0x00000001
core   0: 0x8000ecfe (0x0000bfe5) c.j     pc - 8
core   0: 3 0x8000ecfe (0xbfe5)
core   0: 0x8000ecf6 (0x00001f17) auipc   t5, 0x1
core   0: 3 0x8000ecf6 (0x00001f17) x30 0x8000fcf6
core   0: 0x8000ecfa (0x303f2523) sw      gp, 778(t5)
core   0: 3 0x8000ecfa (0x303f2523) mem 0x80010000 0x00000001
core   0: 0x8000ecfe (0x0000bfe5) c.j     pc - 8
core   0: 3 0x8000ecfe (0xbfe5)
core   0: 0x8000ecf6 (0x00001f17) auipc   t5, 0x1
core   0: 3 0x8000ecf6 (0x00001f17) x30 0x8000fcf6
core   0: 0x8000ecfa (0x303f2523) sw      gp, 778(t5)
core   0: 3 0x8000ecfa (0x303f2523) mem 0x80010000 0x00000001
core   0: 0x8000ecfe (0x0000bfe5) c.j     pc - 8
core   0: 3 0x8000ecfe (0xbfe5)
core   0: 0x8000ecf6 (0x00001f17) auipc   t5, 0x1
core   0: 3 0x8000ecf6 (0x00001f17) x30 0x8000fcf6
core   0: 0x8000ecfa (0x303f2523) sw      gp, 778(t5)
core   0: 3 0x8000ecfa (0x303f2523) mem 0x80010000 0x00000001
core   0: 0x8000ecfe (0x0000bfe5) c.j     pc - 8
core   0: 3 0x8000ecfe (0xbfe5)
core   0: 0x8000ecf6 (0x00001f17) auipc   t5, 0x1
core   0: 3 0x8000ecf6 (0x00001f17) x30 0x8000fcf6
core   0: 0x8000ecfa (0x303f2523) sw      gp, 778(t5)
core   0: 3 0x8000ecfa (0x303f2523) mem 0x80010000 0x00000001
core   0: 0x8000ecfe (0x0000bfe5) c.j     pc - 8
core   0: 3 0x8000ecfe (0xbfe5)
core   0: 0x8000ecf6 (0x00001f17) auipc   t5, 0x1
core   0: 3 0x8000ecf6 (0x00001f17) x30 0x8000fcf6
core   0: 0x8000ecfa (0x303f2523) sw      gp, 778(t5)
core   0: 3 0x8000ecfa (0x303f2523) mem 0x80010000 0x00000001
core   0: 0x8000ecfe (0x0000bfe5) c.j     pc - 8
core   0: 3 0x8000ecfe (0xbfe5)
core   0: 0x8000ecf6 (0x00001f17) auipc   t5, 0x1
core   0: 3 0x8000ecf6 (0x00001f17) x30 0x8000fcf6
core   0: 0x8000ecfa (0x303f2523) sw      gp, 778(t5)
core   0: 3 0x8000ecfa (0x303f2523) mem 0x80010000 0x00000001
core   0: 0x8000ecfe (0x0000bfe5) c.j     pc - 8
core   0: 3 0x8000ecfe (0xbfe5)
core   0: 0x8000ecf6 (0x00001f17) auipc   t5, 0x1
core   0: 3 0x8000ecf6 (0x00001f17) x30 0x8000fcf6
core   0: 0x8000ecfa (0x303f2523) sw      gp, 778(t5)
core   0: 3 0x8000ecfa (0x303f2523) mem 0x80010000 0x00000001
core   0: 0x8000ecfe (0x0000bfe5) c.j     pc - 8
core   0: 3 0x8000ecfe (0xbfe5)
core   0: 0x8000ecf6 (0x00001f17) auipc   t5, 0x1
core   0: 3 0x8000ecf6 (0x00001f17) x30 0x8000fcf6
core   0: 0x8000ecfa (0x303f2523) sw      gp, 778(t5)
core   0: 3 0x8000ecfa (0x303f2523) mem 0x80010000 0x00000001
core   0: 0x8000ecfe (0x0000bfe5) c.j     pc - 8
core   0: 3 0x8000ecfe (0xbfe5)
core   0: 0x8000ecf6 (0x00001f17) auipc   t5, 0x1
core   0: 3 0x8000ecf6 (0x00001f17) x30 0x8000fcf6
core   0: 0x8000ecfa (0x303f2523) sw      gp, 778(t5)
core   0: 3 0x8000ecfa (0x303f2523) mem 0x80010000 0x00000001
core   0: 0x8000ecfe (0x0000bfe5) c.j     pc - 8
core   0: 3 0x8000ecfe (0xbfe5)
core   0: 0x8000ecf6 (0x00001f17) auipc   t5, 0x1
core   0: 3 0x8000ecf6 (0x00001f17) x30 0x8000fcf6
core   0: 0x8000ecfa (0x303f2523) sw      gp, 778(t5)
core   0: 3 0x8000ecfa (0x303f2523) mem 0x80010000 0x00000001
core   0: 0x8000ecfe (0x0000bfe5) c.j     pc - 8
core   0: 3 0x8000ecfe (0xbfe5)
core   0: 0x8000ecf6 (0x00001f17) auipc   t5, 0x1
core   0: 3 0x8000ecf6 (0x00001f17) x30 0x8000fcf6
core   0: 0x8000ecfa (0x303f2523) sw      gp, 778(t5)
core   0: 3 0x8000ecfa (0x303f2523) mem 0x80010000 0x00000001
core   0: 0x8000ecfe (0x0000bfe5) c.j     pc - 8
core   0: 3 0x8000ecfe (0xbfe5)
core   0: 0x8000ecf6 (0x00001f17) auipc   t5, 0x1
core   0: 3 0x8000ecf6 (0x00001f17) x30 0x8000fcf6
core   0: 0x8000ecfa (0x303f2523) sw      gp, 778(t5)
core   0: 3 0x8000ecfa (0x303f2523) mem 0x80010000 0x00000001
core   0: 0x8000ecfe (0x0000bfe5) c.j     pc - 8
core   0: 3 0x8000ecfe (0xbfe5)
core   0: 0x8000ecf6 (0x00001f17) auipc   t5, 0x1
core   0: 3 0x8000ecf6 (0x00001f17) x30 0x8000fcf6
core   0: 0x8000ecfa (0x303f2523) sw      gp, 778(t5)
core   0: 3 0x8000ecfa (0x303f2523) mem 0x80010000 0x00000001
core   0: 0x8000ecfe (0x0000bfe5) c.j     pc - 8
core   0: 3 0x8000ecfe (0xbfe5)
core   0: 0x8000ecf6 (0x00001f17) auipc   t5, 0x1
core   0: 3 0x8000ecf6 (0x00001f17) x30 0x8000fcf6
core   0: 0x8000ecfa (0x303f2523) sw      gp, 778(t5)
core   0: 3 0x8000ecfa (0x303f2523) mem 0x80010000 0x00000001
core   0: 0x8000ecfe (0x0000bfe5) c.j     pc - 8
core   0: 3 0x8000ecfe (0xbfe5)
core   0: 0x8000ecf6 (0x00001f17) auipc   t5, 0x1
core   0: 3 0x8000ecf6 (0x00001f17) x30 0x8000fcf6
core   0: 0x8000ecfa (0x303f2523) sw      gp, 778(t5)
core   0: 3 0x8000ecfa (0x303f2523) mem 0x80010000 0x00000001
core   0: 0x8000ecfe (0x0000bfe5) c.j     pc - 8
core   0: 3 0x8000ecfe (0xbfe5)
core   0: 0x8000ecf6 (0x00001f17) auipc   t5, 0x1
core   0: 3 0x8000ecf6 (0x00001f17) x30 0x8000fcf6
core   0: 0x8000ecfa (0x303f2523) sw      gp, 778(t5)
core   0: 3 0x8000ecfa (0x303f2523) mem 0x80010000 0x00000001
core   0: 0x8000ecfe (0x0000bfe5) c.j     pc - 8
core   0: 3 0x8000ecfe (0xbfe5)
core   0: 0x8000ecf6 (0x00001f17) auipc   t5, 0x1
core   0: 3 0x8000ecf6 (0x00001f17) x30 0x8000fcf6
core   0: 0x8000ecfa (0x303f2523) sw      gp, 778(t5)
core   0: 3 0x8000ecfa (0x303f2523) mem 0x80010000 0x00000001
core   0: 0x8000ecfe (0x0000bfe5) c.j     pc - 8
core   0: 3 0x8000ecfe (0xbfe5)
core   0: 0x8000ecf6 (0x00001f17) auipc   t5, 0x1
core   0: 3 0x8000ecf6 (0x00001f17) x30 0x8000fcf6
core   0: 0x8000ecfa (0x303f2523) sw      gp, 778(t5)
core   0: 3 0x8000ecfa (0x303f2523) mem 0x80010000 0x00000001
core   0: 0x8000ecfe (0x0000bfe5) c.j     pc - 8
core   0: 3 0x8000ecfe (0xbfe5)
core   0: 0x8000ecf6 (0x00001f17) auipc   t5, 0x1
core   0: 3 0x8000ecf6 (0x00001f17) x30 0x8000fcf6
core   0: 0x8000ecfa (0x303f2523) sw      gp, 778(t5)
core   0: 3 0x8000ecfa (0x303f2523) mem 0x80010000 0x00000001
core   0: 0x8000ecfe (0x0000bfe5) c.j     pc - 8
core   0: 3 0x8000ecfe (0xbfe5)
core   0: 0x8000ecf6 (0x00001f17) auipc   t5, 0x1
core   0: 3 0x8000ecf6 (0x00001f17) x30 0x8000fcf6
core   0: 0x8000ecfa (0x303f2523) sw      gp, 778(t5)
core   0: 3 0x8000ecfa (0x303f2523) mem 0x80010000 0x00000001
core   0: 0x8000ecfe (0x0000bfe5) c.j     pc - 8
core   0: 3 0x8000ecfe (0xbfe5)
core   0: 0x8000ecf6 (0x00001f17) auipc   t5, 0x1
core   0: 3 0x8000ecf6 (0x00001f17) x30 0x8000fcf6
core   0: 0x8000ecfa (0x303f2523) sw      gp, 778(t5)
core   0: 3 0x8000ecfa (0x303f2523) mem 0x80010000 0x00000001
core   0: 0x8000ecfe (0x0000bfe5) c.j     pc - 8
core   0: 3 0x8000ecfe (0xbfe5)
core   0: 0x8000ecf6 (0x00001f17) auipc   t5, 0x1
core   0: 3 0x8000ecf6 (0x00001f17) x30 0x8000fcf6
core   0: 0x8000ecfa (0x303f2523) sw      gp, 778(t5)
core   0: 3 0x8000ecfa (0x303f2523) mem 0x80010000 0x00000001
core   0: 0x8000ecfe (0x0000bfe5) c.j     pc - 8
core   0: 3 0x8000ecfe (0xbfe5)
core   0: 0x8000ecf6 (0x00001f17) auipc   t5, 0x1
core   0: 3 0x8000ecf6 (0x00001f17) x30 0x8000fcf6
core   0: 0x8000ecfa (0x303f2523) sw      gp, 778(t5)
core   0: 3 0x8000ecfa (0x303f2523) mem 0x80010000 0x00000001
core   0: 0x8000ecfe (0x0000bfe5) c.j     pc - 8
core   0: 3 0x8000ecfe (0xbfe5)
core   0: 0x8000ecf6 (0x00001f17) auipc   t5, 0x1
core   0: 3 0x8000ecf6 (0x00001f17) x30 0x8000fcf6
core   0: 0x8000ecfa (0x303f2523) sw      gp, 778(t5)
core   0: 3 0x8000ecfa (0x303f2523) mem 0x80010000 0x00000001
core   0: 0x8000ecfe (0x0000bfe5) c.j     pc - 8
core   0: 3 0x8000ecfe (0xbfe5)
core   0: 0x8000ecf6 (0x00001f17) auipc   t5, 0x1
core   0: 3 0x8000ecf6 (0x00001f17) x30 0x8000fcf6
core   0: 0x8000ecfa (0x303f2523) sw      gp, 778(t5)
core   0: 3 0x8000ecfa (0x303f2523) mem 0x80010000 0x00000001
core   0: 0x8000ecfe (0x0000bfe5) c.j     pc - 8
core   0: 3 0x8000ecfe (0xbfe5)
core   0: 0x8000ecf6 (0x00001f17) auipc   t5, 0x1
core   0: 3 0x8000ecf6 (0x00001f17) x30 0x8000fcf6
core   0: 0x8000ecfa (0x303f2523) sw      gp, 778(t5)
core   0: 3 0x8000ecfa (0x303f2523) mem 0x80010000 0x00000001
core   0: 0x8000ecfe (0x0000bfe5) c.j     pc - 8
core   0: 3 0x8000ecfe (0xbfe5)
core   0: 0x8000ecf6 (0x00001f17) auipc   t5, 0x1
core   0: 3 0x8000ecf6 (0x00001f17) x30 0x8000fcf6
core   0: 0x8000ecfa (0x303f2523) sw      gp, 778(t5)
core   0: 3 0x8000ecfa (0x303f2523) mem 0x80010000 0x00000001
core   0: 0x8000ecfe (0x0000bfe5) c.j     pc - 8
core   0: 3 0x8000ecfe (0xbfe5)
core   0: 0x8000ecf6 (0x00001f17) auipc   t5, 0x1
core   0: 3 0x8000ecf6 (0x00001f17) x30 0x8000fcf6
core   0: 0x8000ecfa (0x303f2523) sw      gp, 778(t5)
core   0: 3 0x8000ecfa (0x303f2523) mem 0x80010000 0x00000001
core   0: 0x8000ecfe (0x0000bfe5) c.j     pc - 8
core   0: 3 0x8000ecfe (0xbfe5)
core   0: 0x8000ecf6 (0x00001f17) auipc   t5, 0x1
core   0: 3 0x8000ecf6 (0x00001f17) x30 0x8000fcf6
core   0: 0x8000ecfa (0x303f2523) sw      gp, 778(t5)
core   0: 3 0x8000ecfa (0x303f2523) mem 0x80010000 0x00000001
core   0: 0x8000ecfe (0x0000bfe5) c.j     pc - 8
core   0: 3 0x8000ecfe (0xbfe5)
core   0: 0x8000ecf6 (0x00001f17) auipc   t5, 0x1
core   0: 3 0x8000ecf6 (0x00001f17) x30 0x8000fcf6
core   0: 0x8000ecfa (0x303f2523) sw      gp, 778(t5)
core   0: 3 0x8000ecfa (0x303f2523) mem 0x80010000 0x00000001
core   0: 0x8000ecfe (0x0000bfe5) c.j     pc - 8
core   0: 3 0x8000ecfe (0xbfe5)
core   0: 0x8000ecf6 (0x00001f17) auipc   t5, 0x1
core   0: 3 0x8000ecf6 (0x00001f17) x30 0x8000fcf6
core   0: 0x8000ecfa (0x303f2523) sw      gp, 778(t5)
core   0: 3 0x8000ecfa (0x303f2523) mem 0x80010000 0x00000001
core   0: 0x8000ecfe (0x0000bfe5) c.j     pc - 8
core   0: 3 0x8000ecfe (0xbfe5)
core   0: 0x8000ecf6 (0x00001f17) auipc   t5, 0x1
core   0: 3 0x8000ecf6 (0x00001f17) x30 0x8000fcf6
core   0: 0x8000ecfa (0x303f2523) sw      gp, 778(t5)
core   0: 3 0x8000ecfa (0x303f2523) mem 0x80010000 0x00000001
core   0: 0x8000ecfe (0x0000bfe5) c.j     pc - 8
core   0: 3 0x8000ecfe (0xbfe5)
core   0: 0x8000ecf6 (0x00001f17) auipc   t5, 0x1
core   0: 3 0x8000ecf6 (0x00001f17) x30 0x8000fcf6
core   0: 0x8000ecfa (0x303f2523) sw      gp, 778(t5)
core   0: 3 0x8000ecfa (0x303f2523) mem 0x80010000 0x00000001
core   0: 0x8000ecfe (0x0000bfe5) c.j     pc - 8
core   0: 3 0x8000ecfe (0xbfe5)
core   0: 0x8000ecf6 (0x00001f17) auipc   t5, 0x1
core   0: 3 0x8000ecf6 (0x00001f17) x30 0x8000fcf6
core   0: 0x8000ecfa (0x303f2523) sw      gp, 778(t5)
core   0: 3 0x8000ecfa (0x303f2523) mem 0x80010000 0x00000001
core   0: 0x8000ecfe (0x0000bfe5) c.j     pc - 8
core   0: 3 0x8000ecfe (0xbfe5)
core   0: 0x8000ecf6 (0x00001f17) auipc   t5, 0x1
core   0: 3 0x8000ecf6 (0x00001f17) x30 0x8000fcf6
core   0: 0x8000ecfa (0x303f2523) sw      gp, 778(t5)
core   0: 3 0x8000ecfa (0x303f2523) mem 0x80010000 0x00000001
core   0: 0x8000ecfe (0x0000bfe5) c.j     pc - 8
core   0: 3 0x8000ecfe (0xbfe5)
core   0: 0x8000ecf6 (0x00001f17) auipc   t5, 0x1
core   0: 3 0x8000ecf6 (0x00001f17) x30 0x8000fcf6
core   0: 0x8000ecfa (0x303f2523) sw      gp, 778(t5)
core   0: 3 0x8000ecfa (0x303f2523) mem 0x80010000 0x00000001
core   0: 0x8000ecfe (0x0000bfe5) c.j     pc - 8
core   0: 3 0x8000ecfe (0xbfe5)
core   0: 0x8000ecf6 (0x00001f17) auipc   t5, 0x1
core   0: 3 0x8000ecf6 (0x00001f17) x30 0x8000fcf6
core   0: 0x8000ecfa (0x303f2523) sw      gp, 778(t5)
core   0: 3 0x8000ecfa (0x303f2523) mem 0x80010000 0x00000001
core   0: 0x8000ecfe (0x0000bfe5) c.j     pc - 8
core   0: 3 0x8000ecfe (0xbfe5)
core   0: 0x8000ecf6 (0x00001f17) auipc   t5, 0x1
core   0: 3 0x8000ecf6 (0x00001f17) x30 0x8000fcf6
core   0: 0x8000ecfa (0x303f2523) sw      gp, 778(t5)
core   0: 3 0x8000ecfa (0x303f2523) mem 0x80010000 0x00000001
core   0: 0x8000ecfe (0x0000bfe5) c.j     pc - 8
core   0: 3 0x8000ecfe (0xbfe5)
core   0: 0x8000ecf6 (0x00001f17) auipc   t5, 0x1
core   0: 3 0x8000ecf6 (0x00001f17) x30 0x8000fcf6
core   0: 0x8000ecfa (0x303f2523) sw      gp, 778(t5)
core   0: 3 0x8000ecfa (0x303f2523) mem 0x80010000 0x00000001
core   0: 0x8000ecfe (0x0000bfe5) c.j     pc - 8
core   0: 3 0x8000ecfe (0xbfe5)
core   0: 0x8000ecf6 (0x00001f17) auipc   t5, 0x1
core   0: 3 0x8000ecf6 (0x00001f17) x30 0x8000fcf6
core   0: 0x8000ecfa (0x303f2523) sw      gp, 778(t5)
core   0: 3 0x8000ecfa (0x303f2523) mem 0x80010000 0x00000001
core   0: 0x8000ecfe (0x0000bfe5) c.j     pc - 8
core   0: 3 0x8000ecfe (0xbfe5)
core   0: 0x8000ecf6 (0x00001f17) auipc   t5, 0x1
core   0: 3 0x8000ecf6 (0x00001f17) x30 0x8000fcf6
core   0: 0x8000ecfa (0x303f2523) sw      gp, 778(t5)
core   0: 3 0x8000ecfa (0x303f2523) mem 0x80010000 0x00000001
core   0: 0x8000ecfe (0x0000bfe5) c.j     pc - 8
core   0: 3 0x8000ecfe (0xbfe5)
core   0: 0x8000ecf6 (0x00001f17) auipc   t5, 0x1
core   0: 3 0x8000ecf6 (0x00001f17) x30 0x8000fcf6
core   0: 0x8000ecfa (0x303f2523) sw      gp, 778(t5)
core   0: 3 0x8000ecfa (0x303f2523) mem 0x80010000 0x00000001
core   0: 0x8000ecfe (0x0000bfe5) c.j     pc - 8
core   0: 3 0x8000ecfe (0xbfe5)
core   0: 0x8000ecf6 (0x00001f17) auipc   t5, 0x1
core   0: 3 0x8000ecf6 (0x00001f17) x30 0x8000fcf6
core   0: 0x8000ecfa (0x303f2523) sw      gp, 778(t5)
core   0: 3 0x8000ecfa (0x303f2523) mem 0x80010000 0x00000001
core   0: 0x8000ecfe (0x0000bfe5) c.j     pc - 8
core   0: 3 0x8000ecfe (0xbfe5)
core   0: 0x8000ecf6 (0x00001f17) auipc   t5, 0x1
core   0: 3 0x8000ecf6 (0x00001f17) x30 0x8000fcf6
core   0: 0x8000ecfa (0x303f2523) sw      gp, 778(t5)
core   0: 3 0x8000ecfa (0x303f2523) mem 0x80010000 0x00000001
core   0: 0x8000ecfe (0x0000bfe5) c.j     pc - 8
core   0: 3 0x8000ecfe (0xbfe5)
core   0: 0x8000ecf6 (0x00001f17) auipc   t5, 0x1
core   0: 3 0x8000ecf6 (0x00001f17) x30 0x8000fcf6
core   0: 0x8000ecfa (0x303f2523) sw      gp, 778(t5)
core   0: 3 0x8000ecfa (0x303f2523) mem 0x80010000 0x00000001
core   0: 0x8000ecfe (0x0000bfe5) c.j     pc - 8
core   0: 3 0x8000ecfe (0xbfe5)
core   0: 0x8000ecf6 (0x00001f17) auipc   t5, 0x1
core   0: 3 0x8000ecf6 (0x00001f17) x30 0x8000fcf6
core   0: 0x8000ecfa (0x303f2523) sw      gp, 778(t5)
core   0: 3 0x8000ecfa (0x303f2523) mem 0x80010000 0x00000001
core   0: 0x8000ecfe (0x0000bfe5) c.j     pc - 8
core   0: 3 0x8000ecfe (0xbfe5)
core   0: 0x8000ecf6 (0x00001f17) auipc   t5, 0x1
core   0: 3 0x8000ecf6 (0x00001f17) x30 0x8000fcf6
core   0: 0x8000ecfa (0x303f2523) sw      gp, 778(t5)
core   0: 3 0x8000ecfa (0x303f2523) mem 0x80010000 0x00000001
core   0: 0x8000ecfe (0x0000bfe5) c.j     pc - 8
core   0: 3 0x8000ecfe (0xbfe5)
core   0: 0x8000ecf6 (0x00001f17) auipc   t5, 0x1
core   0: 3 0x8000ecf6 (0x00001f17) x30 0x8000fcf6
core   0: 0x8000ecfa (0x303f2523) sw      gp, 778(t5)
core   0: 3 0x8000ecfa (0x303f2523) mem 0x80010000 0x00000001
core   0: 0x8000ecfe (0x0000bfe5) c.j     pc - 8
core   0: 3 0x8000ecfe (0xbfe5)
core   0: 0x8000ecf6 (0x00001f17) auipc   t5, 0x1
core   0: 3 0x8000ecf6 (0x00001f17) x30 0x8000fcf6
core   0: 0x8000ecfa (0x303f2523) sw      gp, 778(t5)
core   0: 3 0x8000ecfa (0x303f2523) mem 0x80010000 0x00000001
core   0: 0x8000ecfe (0x0000bfe5) c.j     pc - 8
core   0: 3 0x8000ecfe (0xbfe5)
core   0: 0x8000ecf6 (0x00001f17) auipc   t5, 0x1
core   0: 3 0x8000ecf6 (0x00001f17) x30 0x8000fcf6
core   0: 0x8000ecfa (0x303f2523) sw      gp, 778(t5)
core   0: 3 0x8000ecfa (0x303f2523) mem 0x80010000 0x00000001
core   0: 0x8000ecfe (0x0000bfe5) c.j     pc - 8
core   0: 3 0x8000ecfe (0xbfe5)
core   0: 0x8000ecf6 (0x00001f17) auipc   t5, 0x1
core   0: 3 0x8000ecf6 (0x00001f17) x30 0x8000fcf6
core   0: 0x8000ecfa (0x303f2523) sw      gp, 778(t5)
core   0: 3 0x8000ecfa (0x303f2523) mem 0x80010000 0x00000001
core   0: 0x8000ecfe (0x0000bfe5) c.j     pc - 8
core   0: 3 0x8000ecfe (0xbfe5)
core   0: 0x8000ecf6 (0x00001f17) auipc   t5, 0x1
core   0: 3 0x8000ecf6 (0x00001f17) x30 0x8000fcf6
core   0: 0x8000ecfa (0x303f2523) sw      gp, 778(t5)
core   0: 3 0x8000ecfa (0x303f2523) mem 0x80010000 0x00000001
core   0: 0x8000ecfe (0x0000bfe5) c.j     pc - 8
core   0: 3 0x8000ecfe (0xbfe5)
core   0: 0x8000ecf6 (0x00001f17) auipc   t5, 0x1
core   0: 3 0x8000ecf6 (0x00001f17) x30 0x8000fcf6
core   0: 0x8000ecfa (0x303f2523) sw      gp, 778(t5)
core   0: 3 0x8000ecfa (0x303f2523) mem 0x80010000 0x00000001
core   0: 0x8000ecfe (0x0000bfe5) c.j     pc - 8
core   0: 3 0x8000ecfe (0xbfe5)
core   0: 0x8000ecf6 (0x00001f17) auipc   t5, 0x1
core   0: 3 0x8000ecf6 (0x00001f17) x30 0x8000fcf6
core   0: 0x8000ecfa (0x303f2523) sw      gp, 778(t5)
core   0: 3 0x8000ecfa (0x303f2523) mem 0x80010000 0x00000001
core   0: 0x8000ecfe (0x0000bfe5) c.j     pc - 8
core   0: 3 0x8000ecfe (0xbfe5)
core   0: 0x8000ecf6 (0x00001f17) auipc   t5, 0x1
core   0: 3 0x8000ecf6 (0x00001f17) x30 0x8000fcf6
core   0: 0x8000ecfa (0x303f2523) sw      gp, 778(t5)
core   0: 3 0x8000ecfa (0x303f2523) mem 0x80010000 0x00000001
core   0: 0x8000ecfe (0x0000bfe5) c.j     pc - 8
core   0: 3 0x8000ecfe (0xbfe5)
core   0: 0x8000ecf6 (0x00001f17) auipc   t5, 0x1
core   0: 3 0x8000ecf6 (0x00001f17) x30 0x8000fcf6
core   0: 0x8000ecfa (0x303f2523) sw      gp, 778(t5)
core   0: 3 0x8000ecfa (0x303f2523) mem 0x80010000 0x00000001
core   0: 0x8000ecfe (0x0000bfe5) c.j     pc - 8
core   0: 3 0x8000ecfe (0xbfe5)
core   0: 0x8000ecf6 (0x00001f17) auipc   t5, 0x1
core   0: 3 0x8000ecf6 (0x00001f17) x30 0x8000fcf6
core   0: 0x8000ecfa (0x303f2523) sw      gp, 778(t5)
core   0: 3 0x8000ecfa (0x303f2523) mem 0x80010000 0x00000001
core   0: 0x8000ecfe (0x0000bfe5) c.j     pc - 8
core   0: 3 0x8000ecfe (0xbfe5)
core   0: 0x8000ecf6 (0x00001f17) auipc   t5, 0x1
core   0: 3 0x8000ecf6 (0x00001f17) x30 0x8000fcf6
core   0: 0x8000ecfa (0x303f2523) sw      gp, 778(t5)
core   0: 3 0x8000ecfa (0x303f2523) mem 0x80010000 0x00000001
core   0: 0x8000ecfe (0x0000bfe5) c.j     pc - 8
core   0: 3 0x8000ecfe (0xbfe5)
core   0: 0x8000ecf6 (0x00001f17) auipc   t5, 0x1
core   0: 3 0x8000ecf6 (0x00001f17) x30 0x8000fcf6
core   0: 0x8000ecfa (0x303f2523) sw      gp, 778(t5)
core   0: 3 0x8000ecfa (0x303f2523) mem 0x80010000 0x00000001
core   0: 0x8000ecfe (0x0000bfe5) c.j     pc - 8
core   0: 3 0x8000ecfe (0xbfe5)
core   0: 0x8000ecf6 (0x00001f17) auipc   t5, 0x1
core   0: 3 0x8000ecf6 (0x00001f17) x30 0x8000fcf6
core   0: 0x8000ecfa (0x303f2523) sw      gp, 778(t5)
core   0: 3 0x8000ecfa (0x303f2523) mem 0x80010000 0x00000001
core   0: 0x8000ecfe (0x0000bfe5) c.j     pc - 8
core   0: 3 0x8000ecfe (0xbfe5)
core   0: 0x8000ecf6 (0x00001f17) auipc   t5, 0x1
core   0: 3 0x8000ecf6 (0x00001f17) x30 0x8000fcf6
core   0: 0x8000ecfa (0x303f2523) sw      gp, 778(t5)
core   0: 3 0x8000ecfa (0x303f2523) mem 0x80010000 0x00000001
core   0: 0x8000ecfe (0x0000bfe5) c.j     pc - 8
core   0: 3 0x8000ecfe (0xbfe5)
core   0: 0x8000ecf6 (0x00001f17) auipc   t5, 0x1
core   0: 3 0x8000ecf6 (0x00001f17) x30 0x8000fcf6
core   0: 0x8000ecfa (0x303f2523) sw      gp, 778(t5)
core   0: 3 0x8000ecfa (0x303f2523) mem 0x80010000 0x00000001
core   0: 0x8000ecfe (0x0000bfe5) c.j     pc - 8
core   0: 3 0x8000ecfe (0xbfe5)
core   0: 0x8000ecf6 (0x00001f17) auipc   t5, 0x1
core   0: 3 0x8000ecf6 (0x00001f17) x30 0x8000fcf6
core   0: 0x8000ecfa (0x303f2523) sw      gp, 778(t5)
core   0: 3 0x8000ecfa (0x303f2523) mem 0x80010000 0x00000001
core   0: 0x8000ecfe (0x0000bfe5) c.j     pc - 8
core   0: 3 0x8000ecfe (0xbfe5)
core   0: 0x8000ecf6 (0x00001f17) auipc   t5, 0x1
core   0: 3 0x8000ecf6 (0x00001f17) x30 0x8000fcf6
core   0: 0x8000ecfa (0x303f2523) sw      gp, 778(t5)
core   0: 3 0x8000ecfa (0x303f2523) mem 0x80010000 0x00000001
core   0: 0x8000ecfe (0x0000bfe5) c.j     pc - 8
core   0: 3 0x8000ecfe (0xbfe5)
core   0: 0x8000ecf6 (0x00001f17) auipc   t5, 0x1
core   0: 3 0x8000ecf6 (0x00001f17) x30 0x8000fcf6
core   0: 0x8000ecfa (0x303f2523) sw      gp, 778(t5)
core   0: 3 0x8000ecfa (0x303f2523) mem 0x80010000 0x00000001
core   0: 0x8000ecfe (0x0000bfe5) c.j     pc - 8
core   0: 3 0x8000ecfe (0xbfe5)
core   0: 0x8000ecf6 (0x00001f17) auipc   t5, 0x1
core   0: 3 0x8000ecf6 (0x00001f17) x30 0x8000fcf6
core   0: 0x8000ecfa (0x303f2523) sw      gp, 778(t5)
core   0: 3 0x8000ecfa (0x303f2523) mem 0x80010000 0x00000001
core   0: 0x8000ecfe (0x0000bfe5) c.j     pc - 8
core   0: 3 0x8000ecfe (0xbfe5)
core   0: 0x8000ecf6 (0x00001f17) auipc   t5, 0x1
core   0: 3 0x8000ecf6 (0x00001f17) x30 0x8000fcf6
core   0: 0x8000ecfa (0x303f2523) sw      gp, 778(t5)
core   0: 3 0x8000ecfa (0x303f2523) mem 0x80010000 0x00000001
core   0: 0x8000ecfe (0x0000bfe5) c.j     pc - 8
core   0: 3 0x8000ecfe (0xbfe5)
core   0: 0x8000ecf6 (0x00001f17) auipc   t5, 0x1
core   0: 3 0x8000ecf6 (0x00001f17) x30 0x8000fcf6
core   0: 0x8000ecfa (0x303f2523) sw      gp, 778(t5)
core   0: 3 0x8000ecfa (0x303f2523) mem 0x80010000 0x00000001
core   0: 0x8000ecfe (0x0000bfe5) c.j     pc - 8
core   0: 3 0x8000ecfe (0xbfe5)
core   0: 0x8000ecf6 (0x00001f17) auipc   t5, 0x1
core   0: 3 0x8000ecf6 (0x00001f17) x30 0x8000fcf6
core   0: 0x8000ecfa (0x303f2523) sw      gp, 778(t5)
core   0: 3 0x8000ecfa (0x303f2523) mem 0x80010000 0x00000001
core   0: 0x8000ecfe (0x0000bfe5) c.j     pc - 8
core   0: 3 0x8000ecfe (0xbfe5)
core   0: 0x8000ecf6 (0x00001f17) auipc   t5, 0x1
core   0: 3 0x8000ecf6 (0x00001f17) x30 0x8000fcf6
core   0: 0x8000ecfa (0x303f2523) sw      gp, 778(t5)
core   0: 3 0x8000ecfa (0x303f2523) mem 0x80010000 0x00000001
core   0: 0x8000ecfe (0x0000bfe5) c.j     pc - 8
core   0: 3 0x8000ecfe (0xbfe5)
core   0: 0x8000ecf6 (0x00001f17) auipc   t5, 0x1
core   0: 3 0x8000ecf6 (0x00001f17) x30 0x8000fcf6
core   0: 0x8000ecfa (0x303f2523) sw      gp, 778(t5)
core   0: 3 0x8000ecfa (0x303f2523) mem 0x80010000 0x00000001
core   0: 0x8000ecfe (0x0000bfe5) c.j     pc - 8
core   0: 3 0x8000ecfe (0xbfe5)
core   0: 0x8000ecf6 (0x00001f17) auipc   t5, 0x1
core   0: 3 0x8000ecf6 (0x00001f17) x30 0x8000fcf6
core   0: 0x8000ecfa (0x303f2523) sw      gp, 778(t5)
core   0: 3 0x8000ecfa (0x303f2523) mem 0x80010000 0x00000001
core   0: 0x8000ecfe (0x0000bfe5) c.j     pc - 8
core   0: 3 0x8000ecfe (0xbfe5)
core   0: 0x8000ecf6 (0x00001f17) auipc   t5, 0x1
core   0: 3 0x8000ecf6 (0x00001f17) x30 0x8000fcf6
core   0: 0x8000ecfa (0x303f2523) sw      gp, 778(t5)
core   0: 3 0x8000ecfa (0x303f2523) mem 0x80010000 0x00000001
core   0: 0x8000ecfe (0x0000bfe5) c.j     pc - 8
core   0: 3 0x8000ecfe (0xbfe5)
core   0: 0x8000ecf6 (0x00001f17) auipc   t5, 0x1
core   0: 3 0x8000ecf6 (0x00001f17) x30 0x8000fcf6
core   0: 0x8000ecfa (0x303f2523) sw      gp, 778(t5)
core   0: 3 0x8000ecfa (0x303f2523) mem 0x80010000 0x00000001
core   0: 0x8000ecfe (0x0000bfe5) c.j     pc - 8
core   0: 3 0x8000ecfe (0xbfe5)
core   0: 0x8000ecf6 (0x00001f17) auipc   t5, 0x1
core   0: 3 0x8000ecf6 (0x00001f17) x30 0x8000fcf6
core   0: 0x8000ecfa (0x303f2523) sw      gp, 778(t5)
core   0: 3 0x8000ecfa (0x303f2523) mem 0x80010000 0x00000001
core   0: 0x8000ecfe (0x0000bfe5) c.j     pc - 8
core   0: 3 0x8000ecfe (0xbfe5)
core   0: 0x8000ecf6 (0x00001f17) auipc   t5, 0x1
core   0: 3 0x8000ecf6 (0x00001f17) x30 0x8000fcf6
core   0: 0x8000ecfa (0x303f2523) sw      gp, 778(t5)
core   0: 3 0x8000ecfa (0x303f2523) mem 0x80010000 0x00000001
core   0: 0x8000ecfe (0x0000bfe5) c.j     pc - 8
core   0: 3 0x8000ecfe (0xbfe5)
core   0: 0x8000ecf6 (0x00001f17) auipc   t5, 0x1
core   0: 3 0x8000ecf6 (0x00001f17) x30 0x8000fcf6
core   0: 0x8000ecfa (0x303f2523) sw      gp, 778(t5)
core   0: 3 0x8000ecfa (0x303f2523) mem 0x80010000 0x00000001
core   0: 0x8000ecfe (0x0000bfe5) c.j     pc - 8
core   0: 3 0x8000ecfe (0xbfe5)
core   0: 0x8000ecf6 (0x00001f17) auipc   t5, 0x1
core   0: 3 0x8000ecf6 (0x00001f17) x30 0x8000fcf6
core   0: 0x8000ecfa (0x303f2523) sw      gp, 778(t5)
core   0: 3 0x8000ecfa (0x303f2523) mem 0x80010000 0x00000001
core   0: 0x8000ecfe (0x0000bfe5) c.j     pc - 8
core   0: 3 0x8000ecfe (0xbfe5)
core   0: 0x8000ecf6 (0x00001f17) auipc   t5, 0x1
core   0: 3 0x8000ecf6 (0x00001f17) x30 0x8000fcf6
core   0: 0x8000ecfa (0x303f2523) sw      gp, 778(t5)
core   0: 3 0x8000ecfa (0x303f2523) mem 0x80010000 0x00000001
core   0: 0x8000ecfe (0x0000bfe5) c.j     pc - 8
core   0: 3 0x8000ecfe (0xbfe5)
core   0: 0x8000ecf6 (0x00001f17) auipc   t5, 0x1
core   0: 3 0x8000ecf6 (0x00001f17) x30 0x8000fcf6
core   0: 0x8000ecfa (0x303f2523) sw      gp, 778(t5)
core   0: 3 0x8000ecfa (0x303f2523) mem 0x80010000 0x00000001
core   0: 0x8000ecfe (0x0000bfe5) c.j     pc - 8
core   0: 3 0x8000ecfe (0xbfe5)
core   0: 0x8000ecf6 (0x00001f17) auipc   t5, 0x1
core   0: 3 0x8000ecf6 (0x00001f17) x30 0x8000fcf6
core   0: 0x8000ecfa (0x303f2523) sw      gp, 778(t5)
core   0: 3 0x8000ecfa (0x303f2523) mem 0x80010000 0x00000001
core   0: 0x8000ecfe (0x0000bfe5) c.j     pc - 8
core   0: 3 0x8000ecfe (0xbfe5)
core   0: 0x8000ecf6 (0x00001f17) auipc   t5, 0x1
core   0: 3 0x8000ecf6 (0x00001f17) x30 0x8000fcf6
core   0: 0x8000ecfa (0x303f2523) sw      gp, 778(t5)
core   0: 3 0x8000ecfa (0x303f2523) mem 0x80010000 0x00000001
core   0: 0x8000ecfe (0x0000bfe5) c.j     pc - 8
core   0: 3 0x8000ecfe (0xbfe5)
core   0: 0x8000ecf6 (0x00001f17) auipc   t5, 0x1
core   0: 3 0x8000ecf6 (0x00001f17) x30 0x8000fcf6
core   0: 0x8000ecfa (0x303f2523) sw      gp, 778(t5)
core   0: 3 0x8000ecfa (0x303f2523) mem 0x80010000 0x00000001
core   0: 0x8000ecfe (0x0000bfe5) c.j     pc - 8
core   0: 3 0x8000ecfe (0xbfe5)
core   0: 0x8000ecf6 (0x00001f17) auipc   t5, 0x1
core   0: 3 0x8000ecf6 (0x00001f17) x30 0x8000fcf6
core   0: 0x8000ecfa (0x303f2523) sw      gp, 778(t5)
core   0: 3 0x8000ecfa (0x303f2523) mem 0x80010000 0x00000001
core   0: 0x8000ecfe (0x0000bfe5) c.j     pc - 8
core   0: 3 0x8000ecfe (0xbfe5)
core   0: 0x8000ecf6 (0x00001f17) auipc   t5, 0x1
core   0: 3 0x8000ecf6 (0x00001f17) x30 0x8000fcf6
core   0: 0x8000ecfa (0x303f2523) sw      gp, 778(t5)
core   0: 3 0x8000ecfa (0x303f2523) mem 0x80010000 0x00000001
core   0: 0x8000ecfe (0x0000bfe5) c.j     pc - 8
core   0: 3 0x8000ecfe (0xbfe5)
core   0: 0x8000ecf6 (0x00001f17) auipc   t5, 0x1
core   0: 3 0x8000ecf6 (0x00001f17) x30 0x8000fcf6
core   0: 0x8000ecfa (0x303f2523) sw      gp, 778(t5)
core   0: 3 0x8000ecfa (0x303f2523) mem 0x80010000 0x00000001
core   0: 0x8000ecfe (0x0000bfe5) c.j     pc - 8
core   0: 3 0x8000ecfe (0xbfe5)
core   0: 0x8000ecf6 (0x00001f17) auipc   t5, 0x1
core   0: 3 0x8000ecf6 (0x00001f17) x30 0x8000fcf6
core   0: 0x8000ecfa (0x303f2523) sw      gp, 778(t5)
core   0: 3 0x8000ecfa (0x303f2523) mem 0x80010000 0x00000001
core   0: 0x8000ecfe (0x0000bfe5) c.j     pc - 8
core   0: 3 0x8000ecfe (0xbfe5)
core   0: 0x8000ecf6 (0x00001f17) auipc   t5, 0x1
core   0: 3 0x8000ecf6 (0x00001f17) x30 0x8000fcf6
core   0: 0x8000ecfa (0x303f2523) sw      gp, 778(t5)
core   0: 3 0x8000ecfa (0x303f2523) mem 0x80010000 0x00000001
core   0: 0x8000ecfe (0x0000bfe5) c.j     pc - 8
core   0: 3 0x8000ecfe (0xbfe5)
core   0: 0x8000ecf6 (0x00001f17) auipc   t5, 0x1
core   0: 3 0x8000ecf6 (0x00001f17) x30 0x8000fcf6
core   0: 0x8000ecfa (0x303f2523) sw      gp, 778(t5)
core   0: 3 0x8000ecfa (0x303f2523) mem 0x80010000 0x00000001
core   0: 0x8000ecfe (0x0000bfe5) c.j     pc - 8
core   0: 3 0x8000ecfe (0xbfe5)
core   0: 0x8000ecf6 (0x00001f17) auipc   t5, 0x1
core   0: 3 0x8000ecf6 (0x00001f17) x30 0x8000fcf6
core   0: 0x8000ecfa (0x303f2523) sw      gp, 778(t5)
core   0: 3 0x8000ecfa (0x303f2523) mem 0x80010000 0x00000001
core   0: 0x8000ecfe (0x0000bfe5) c.j     pc - 8
core   0: 3 0x8000ecfe (0xbfe5)
core   0: 0x8000ecf6 (0x00001f17) auipc   t5, 0x1
core   0: 3 0x8000ecf6 (0x00001f17) x30 0x8000fcf6
core   0: 0x8000ecfa (0x303f2523) sw      gp, 778(t5)
core   0: 3 0x8000ecfa (0x303f2523) mem 0x80010000 0x00000001
core   0: 0x8000ecfe (0x0000bfe5) c.j     pc - 8
core   0: 3 0x8000ecfe (0xbfe5)
core   0: 0x8000ecf6 (0x00001f17) auipc   t5, 0x1
core   0: 3 0x8000ecf6 (0x00001f17) x30 0x8000fcf6
core   0: 0x8000ecfa (0x303f2523) sw      gp, 778(t5)
core   0: 3 0x8000ecfa (0x303f2523) mem 0x80010000 0x00000001
core   0: 0x8000ecfe (0x0000bfe5) c.j     pc - 8
core   0: 3 0x8000ecfe (0xbfe5)
core   0: 0x8000ecf6 (0x00001f17) auipc   t5, 0x1
core   0: 3 0x8000ecf6 (0x00001f17) x30 0x8000fcf6
core   0: 0x8000ecfa (0x303f2523) sw      gp, 778(t5)
core   0: 3 0x8000ecfa (0x303f2523) mem 0x80010000 0x00000001
core   0: 0x8000ecfe (0x0000bfe5) c.j     pc - 8
core   0: 3 0x8000ecfe (0xbfe5)
core   0: 0x8000ecf6 (0x00001f17) auipc   t5, 0x1
core   0: 3 0x8000ecf6 (0x00001f17) x30 0x8000fcf6
core   0: 0x8000ecfa (0x303f2523) sw      gp, 778(t5)
core   0: 3 0x8000ecfa (0x303f2523) mem 0x80010000 0x00000001
core   0: 0x8000ecfe (0x0000bfe5) c.j     pc - 8
core   0: 3 0x8000ecfe (0xbfe5)
core   0: 0x8000ecf6 (0x00001f17) auipc   t5, 0x1
core   0: 3 0x8000ecf6 (0x00001f17) x30 0x8000fcf6
core   0: 0x8000ecfa (0x303f2523) sw      gp, 778(t5)
core   0: 3 0x8000ecfa (0x303f2523) mem 0x80010000 0x00000001
core   0: 0x8000ecfe (0x0000bfe5) c.j     pc - 8
core   0: 3 0x8000ecfe (0xbfe5)
core   0: 0x8000ecf6 (0x00001f17) auipc   t5, 0x1
core   0: 3 0x8000ecf6 (0x00001f17) x30 0x8000fcf6
core   0: 0x8000ecfa (0x303f2523) sw      gp, 778(t5)
core   0: 3 0x8000ecfa (0x303f2523) mem 0x80010000 0x00000001
core   0: 0x8000ecfe (0x0000bfe5) c.j     pc - 8
core   0: 3 0x8000ecfe (0xbfe5)
core   0: 0x8000ecf6 (0x00001f17) auipc   t5, 0x1
core   0: 3 0x8000ecf6 (0x00001f17) x30 0x8000fcf6
core   0: 0x8000ecfa (0x303f2523) sw      gp, 778(t5)
core   0: 3 0x8000ecfa (0x303f2523) mem 0x80010000 0x00000001
core   0: 0x8000ecfe (0x0000bfe5) c.j     pc - 8
core   0: 3 0x8000ecfe (0xbfe5)
core   0: 0x8000ecf6 (0x00001f17) auipc   t5, 0x1
core   0: 3 0x8000ecf6 (0x00001f17) x30 0x8000fcf6
core   0: 0x8000ecfa (0x303f2523) sw      gp, 778(t5)
core   0: 3 0x8000ecfa (0x303f2523) mem 0x80010000 0x00000001
core   0: 0x8000ecfe (0x0000bfe5) c.j     pc - 8
core   0: 3 0x8000ecfe (0xbfe5)
core   0: 0x8000ecf6 (0x00001f17) auipc   t5, 0x1
core   0: 3 0x8000ecf6 (0x00001f17) x30 0x8000fcf6
core   0: 0x8000ecfa (0x303f2523) sw      gp, 778(t5)
core   0: 3 0x8000ecfa (0x303f2523) mem 0x80010000 0x00000001
core   0: 0x8000ecfe (0x0000bfe5) c.j     pc - 8
core   0: 3 0x8000ecfe (0xbfe5)
core   0: 0x8000ecf6 (0x00001f17) auipc   t5, 0x1
core   0: 3 0x8000ecf6 (0x00001f17) x30 0x8000fcf6
core   0: 0x8000ecfa (0x303f2523) sw      gp, 778(t5)
core   0: 3 0x8000ecfa (0x303f2523) mem 0x80010000 0x00000001
core   0: 0x8000ecfe (0x0000bfe5) c.j     pc - 8
core   0: 3 0x8000ecfe (0xbfe5)
core   0: 0x8000ecf6 (0x00001f17) auipc   t5, 0x1
core   0: 3 0x8000ecf6 (0x00001f17) x30 0x8000fcf6
core   0: 0x8000ecfa (0x303f2523) sw      gp, 778(t5)
core   0: 3 0x8000ecfa (0x303f2523) mem 0x80010000 0x00000001
core   0: 0x8000ecfe (0x0000bfe5) c.j     pc - 8
core   0: 3 0x8000ecfe (0xbfe5)
core   0: 0x8000ecf6 (0x00001f17) auipc   t5, 0x1
core   0: 3 0x8000ecf6 (0x00001f17) x30 0x8000fcf6
core   0: 0x8000ecfa (0x303f2523) sw      gp, 778(t5)
core   0: 3 0x8000ecfa (0x303f2523) mem 0x80010000 0x00000001
core   0: 0x8000ecfe (0x0000bfe5) c.j     pc - 8
core   0: 3 0x8000ecfe (0xbfe5)
core   0: 0x8000ecf6 (0x00001f17) auipc   t5, 0x1
core   0: 3 0x8000ecf6 (0x00001f17) x30 0x8000fcf6
core   0: 0x8000ecfa (0x303f2523) sw      gp, 778(t5)
core   0: 3 0x8000ecfa (0x303f2523) mem 0x80010000 0x00000001
core   0: 0x8000ecfe (0x0000bfe5) c.j     pc - 8
core   0: 3 0x8000ecfe (0xbfe5)
core   0: 0x8000ecf6 (0x00001f17) auipc   t5, 0x1
core   0: 3 0x8000ecf6 (0x00001f17) x30 0x8000fcf6
core   0: 0x8000ecfa (0x303f2523) sw      gp, 778(t5)
core   0: 3 0x8000ecfa (0x303f2523) mem 0x80010000 0x00000001
core   0: 0x8000ecfe (0x0000bfe5) c.j     pc - 8
core   0: 3 0x8000ecfe (0xbfe5)
core   0: 0x8000ecf6 (0x00001f17) auipc   t5, 0x1
core   0: 3 0x8000ecf6 (0x00001f17) x30 0x8000fcf6
core   0: 0x8000ecfa (0x303f2523) sw      gp, 778(t5)
core   0: 3 0x8000ecfa (0x303f2523) mem 0x80010000 0x00000001
core   0: 0x8000ecfe (0x0000bfe5) c.j     pc - 8
core   0: 3 0x8000ecfe (0xbfe5)
core   0: 0x8000ecf6 (0x00001f17) auipc   t5, 0x1
core   0: 3 0x8000ecf6 (0x00001f17) x30 0x8000fcf6
core   0: 0x8000ecfa (0x303f2523) sw      gp, 778(t5)
core   0: 3 0x8000ecfa (0x303f2523) mem 0x80010000 0x00000001
core   0: 0x8000ecfe (0x0000bfe5) c.j     pc - 8
core   0: 3 0x8000ecfe (0xbfe5)
core   0: 0x8000ecf6 (0x00001f17) auipc   t5, 0x1
core   0: 3 0x8000ecf6 (0x00001f17) x30 0x8000fcf6
core   0: 0x8000ecfa (0x303f2523) sw      gp, 778(t5)
core   0: 3 0x8000ecfa (0x303f2523) mem 0x80010000 0x00000001
core   0: 0x8000ecfe (0x0000bfe5) c.j     pc - 8
core   0: 3 0x8000ecfe (0xbfe5)
core   0: 0x8000ecf6 (0x00001f17) auipc   t5, 0x1
core   0: 3 0x8000ecf6 (0x00001f17) x30 0x8000fcf6
core   0: 0x8000ecfa (0x303f2523) sw      gp, 778(t5)
core   0: 3 0x8000ecfa (0x303f2523) mem 0x80010000 0x00000001
core   0: 0x8000ecfe (0x0000bfe5) c.j     pc - 8
core   0: 3 0x8000ecfe (0xbfe5)
core   0: 0x8000ecf6 (0x00001f17) auipc   t5, 0x1
core   0: 3 0x8000ecf6 (0x00001f17) x30 0x8000fcf6
core   0: 0x8000ecfa (0x303f2523) sw      gp, 778(t5)
core   0: 3 0x8000ecfa (0x303f2523) mem 0x80010000 0x00000001
core   0: 0x8000ecfe (0x0000bfe5) c.j     pc - 8
core   0: 3 0x8000ecfe (0xbfe5)
core   0: 0x8000ecf6 (0x00001f17) auipc   t5, 0x1
core   0: 3 0x8000ecf6 (0x00001f17) x30 0x8000fcf6
core   0: 0x8000ecfa (0x303f2523) sw      gp, 778(t5)
core   0: 3 0x8000ecfa (0x303f2523) mem 0x80010000 0x00000001
core   0: 0x8000ecfe (0x0000bfe5) c.j     pc - 8
core   0: 3 0x8000ecfe (0xbfe5)
core   0: 0x8000ecf6 (0x00001f17) auipc   t5, 0x1
core   0: 3 0x8000ecf6 (0x00001f17) x30 0x8000fcf6
core   0: 0x8000ecfa (0x303f2523) sw      gp, 778(t5)
core   0: 3 0x8000ecfa (0x303f2523) mem 0x80010000 0x00000001
core   0: 0x8000ecfe (0x0000bfe5) c.j     pc - 8
core   0: 3 0x8000ecfe (0xbfe5)
core   0: 0x8000ecf6 (0x00001f17) auipc   t5, 0x1
core   0: 3 0x8000ecf6 (0x00001f17) x30 0x8000fcf6
core   0: 0x8000ecfa (0x303f2523) sw      gp, 778(t5)
core   0: 3 0x8000ecfa (0x303f2523) mem 0x80010000 0x00000001
core   0: 0x8000ecfe (0x0000bfe5) c.j     pc - 8
core   0: 3 0x8000ecfe (0xbfe5)
core   0: 0x8000ecf6 (0x00001f17) auipc   t5, 0x1
core   0: 3 0x8000ecf6 (0x00001f17) x30 0x8000fcf6
core   0: 0x8000ecfa (0x303f2523) sw      gp, 778(t5)
core   0: 3 0x8000ecfa (0x303f2523) mem 0x80010000 0x00000001
core   0: 0x8000ecfe (0x0000bfe5) c.j     pc - 8
core   0: 3 0x8000ecfe (0xbfe5)
core   0: 0x8000ecf6 (0x00001f17) auipc   t5, 0x1
core   0: 3 0x8000ecf6 (0x00001f17) x30 0x8000fcf6
core   0: 0x8000ecfa (0x303f2523) sw      gp, 778(t5)
core   0: 3 0x8000ecfa (0x303f2523) mem 0x80010000 0x00000001
core   0: 0x8000ecfe (0x0000bfe5) c.j     pc - 8
core   0: 3 0x8000ecfe (0xbfe5)
core   0: 0x8000ecf6 (0x00001f17) auipc   t5, 0x1
core   0: 3 0x8000ecf6 (0x00001f17) x30 0x8000fcf6
core   0: 0x8000ecfa (0x303f2523) sw      gp, 778(t5)
core   0: 3 0x8000ecfa (0x303f2523) mem 0x80010000 0x00000001
core   0: 0x8000ecfe (0x0000bfe5) c.j     pc - 8
core   0: 3 0x8000ecfe (0xbfe5)
core   0: 0x8000ecf6 (0x00001f17) auipc   t5, 0x1
core   0: 3 0x8000ecf6 (0x00001f17) x30 0x8000fcf6
core   0: 0x8000ecfa (0x303f2523) sw      gp, 778(t5)
core   0: 3 0x8000ecfa (0x303f2523) mem 0x80010000 0x00000001
core   0: 0x8000ecfe (0x0000bfe5) c.j     pc - 8
core   0: 3 0x8000ecfe (0xbfe5)
core   0: 0x8000ecf6 (0x00001f17) auipc   t5, 0x1
core   0: 3 0x8000ecf6 (0x00001f17) x30 0x8000fcf6
core   0: 0x8000ecfa (0x303f2523) sw      gp, 778(t5)
core   0: 3 0x8000ecfa (0x303f2523) mem 0x80010000 0x00000001
core   0: 0x8000ecfe (0x0000bfe5) c.j     pc - 8
core   0: 3 0x8000ecfe (0xbfe5)
core   0: 0x8000ecf6 (0x00001f17) auipc   t5, 0x1
core   0: 3 0x8000ecf6 (0x00001f17) x30 0x8000fcf6
core   0: 0x8000ecfa (0x303f2523) sw      gp, 778(t5)
core   0: 3 0x8000ecfa (0x303f2523) mem 0x80010000 0x00000001
core   0: 0x8000ecfe (0x0000bfe5) c.j     pc - 8
core   0: 3 0x8000ecfe (0xbfe5)
core   0: 0x8000ecf6 (0x00001f17) auipc   t5, 0x1
core   0: 3 0x8000ecf6 (0x00001f17) x30 0x8000fcf6
core   0: 0x8000ecfa (0x303f2523) sw      gp, 778(t5)
core   0: 3 0x8000ecfa (0x303f2523) mem 0x80010000 0x00000001
core   0: 0x8000ecfe (0x0000bfe5) c.j     pc - 8
core   0: 3 0x8000ecfe (0xbfe5)
core   0: 0x8000ecf6 (0x00001f17) auipc   t5, 0x1
core   0: 3 0x8000ecf6 (0x00001f17) x30 0x8000fcf6
core   0: 0x8000ecfa (0x303f2523) sw      gp, 778(t5)
core   0: 3 0x8000ecfa (0x303f2523) mem 0x80010000 0x00000001
core   0: 0x8000ecfe (0x0000bfe5) c.j     pc - 8
core   0: 3 0x8000ecfe (0xbfe5)
core   0: 0x8000ecf6 (0x00001f17) auipc   t5, 0x1
core   0: 3 0x8000ecf6 (0x00001f17) x30 0x8000fcf6
core   0: 0x8000ecfa (0x303f2523) sw      gp, 778(t5)
core   0: 3 0x8000ecfa (0x303f2523) mem 0x80010000 0x00000001
core   0: 0x8000ecfe (0x0000bfe5) c.j     pc - 8
core   0: 3 0x8000ecfe (0xbfe5)
core   0: 0x8000ecf6 (0x00001f17) auipc   t5, 0x1
core   0: 3 0x8000ecf6 (0x00001f17) x30 0x8000fcf6
core   0: 0x8000ecfa (0x303f2523) sw      gp, 778(t5)
core   0: 3 0x8000ecfa (0x303f2523) mem 0x80010000 0x00000001
core   0: 0x8000ecfe (0x0000bfe5) c.j     pc - 8
core   0: 3 0x8000ecfe (0xbfe5)
core   0: 0x8000ecf6 (0x00001f17) auipc   t5, 0x1
core   0: 3 0x8000ecf6 (0x00001f17) x30 0x8000fcf6
core   0: 0x8000ecfa (0x303f2523) sw      gp, 778(t5)
core   0: 3 0x8000ecfa (0x303f2523) mem 0x80010000 0x00000001
core   0: 0x8000ecfe (0x0000bfe5) c.j     pc - 8
core   0: 3 0x8000ecfe (0xbfe5)
core   0: 0x8000ecf6 (0x00001f17) auipc   t5, 0x1
core   0: 3 0x8000ecf6 (0x00001f17) x30 0x8000fcf6
core   0: 0x8000ecfa (0x303f2523) sw      gp, 778(t5)
core   0: 3 0x8000ecfa (0x303f2523) mem 0x80010000 0x00000001
core   0: 0x8000ecfe (0x0000bfe5) c.j     pc - 8
core   0: 3 0x8000ecfe (0xbfe5)
core   0: 0x8000ecf6 (0x00001f17) auipc   t5, 0x1
core   0: 3 0x8000ecf6 (0x00001f17) x30 0x8000fcf6
core   0: 0x8000ecfa (0x303f2523) sw      gp, 778(t5)
core   0: 3 0x8000ecfa (0x303f2523) mem 0x80010000 0x00000001
core   0: 0x8000ecfe (0x0000bfe5) c.j     pc - 8
core   0: 3 0x8000ecfe (0xbfe5)
core   0: 0x8000ecf6 (0x00001f17) auipc   t5, 0x1
core   0: 3 0x8000ecf6 (0x00001f17) x30 0x8000fcf6
core   0: 0x8000ecfa (0x303f2523) sw      gp, 778(t5)
core   0: 3 0x8000ecfa (0x303f2523) mem 0x80010000 0x00000001
core   0: 0x8000ecfe (0x0000bfe5) c.j     pc - 8
core   0: 3 0x8000ecfe (0xbfe5)
core   0: 0x8000ecf6 (0x00001f17) auipc   t5, 0x1
core   0: 3 0x8000ecf6 (0x00001f17) x30 0x8000fcf6
core   0: 0x8000ecfa (0x303f2523) sw      gp, 778(t5)
core   0: 3 0x8000ecfa (0x303f2523) mem 0x80010000 0x00000001
core   0: 0x8000ecfe (0x0000bfe5) c.j     pc - 8
core   0: 3 0x8000ecfe (0xbfe5)
core   0: 0x8000ecf6 (0x00001f17) auipc   t5, 0x1
core   0: 3 0x8000ecf6 (0x00001f17) x30 0x8000fcf6
core   0: 0x8000ecfa (0x303f2523) sw      gp, 778(t5)
core   0: 3 0x8000ecfa (0x303f2523) mem 0x80010000 0x00000001
core   0: 0x8000ecfe (0x0000bfe5) c.j     pc - 8
core   0: 3 0x8000ecfe (0xbfe5)
core   0: 0x8000ecf6 (0x00001f17) auipc   t5, 0x1
core   0: 3 0x8000ecf6 (0x00001f17) x30 0x8000fcf6
core   0: 0x8000ecfa (0x303f2523) sw      gp, 778(t5)
core   0: 3 0x8000ecfa (0x303f2523) mem 0x80010000 0x00000001
core   0: 0x8000ecfe (0x0000bfe5) c.j     pc - 8
core   0: 3 0x8000ecfe (0xbfe5)
core   0: 0x8000ecf6 (0x00001f17) auipc   t5, 0x1
core   0: 3 0x8000ecf6 (0x00001f17) x30 0x8000fcf6
core   0: 0x8000ecfa (0x303f2523) sw      gp, 778(t5)
core   0: 3 0x8000ecfa (0x303f2523) mem 0x80010000 0x00000001
core   0: 0x8000ecfe (0x0000bfe5) c.j     pc - 8
core   0: 3 0x8000ecfe (0xbfe5)
core   0: 0x8000ecf6 (0x00001f17) auipc   t5, 0x1
core   0: 3 0x8000ecf6 (0x00001f17) x30 0x8000fcf6
core   0: 0x8000ecfa (0x303f2523) sw      gp, 778(t5)
core   0: 3 0x8000ecfa (0x303f2523) mem 0x80010000 0x00000001
core   0: 0x8000ecfe (0x0000bfe5) c.j     pc - 8
core   0: 3 0x8000ecfe (0xbfe5)
core   0: 0x8000ecf6 (0x00001f17) auipc   t5, 0x1
core   0: 3 0x8000ecf6 (0x00001f17) x30 0x8000fcf6
core   0: 0x8000ecfa (0x303f2523) sw      gp, 778(t5)
core   0: 3 0x8000ecfa (0x303f2523) mem 0x80010000 0x00000001
core   0: 0x8000ecfe (0x0000bfe5) c.j     pc - 8
core   0: 3 0x8000ecfe (0xbfe5)
core   0: 0x8000ecf6 (0x00001f17) auipc   t5, 0x1
core   0: 3 0x8000ecf6 (0x00001f17) x30 0x8000fcf6
core   0: 0x8000ecfa (0x303f2523) sw      gp, 778(t5)
core   0: 3 0x8000ecfa (0x303f2523) mem 0x80010000 0x00000001
core   0: 0x8000ecfe (0x0000bfe5) c.j     pc - 8
core   0: 3 0x8000ecfe (0xbfe5)
core   0: 0x8000ecf6 (0x00001f17) auipc   t5, 0x1
core   0: 3 0x8000ecf6 (0x00001f17) x30 0x8000fcf6
core   0: 0x8000ecfa (0x303f2523) sw      gp, 778(t5)
core   0: 3 0x8000ecfa (0x303f2523) mem 0x80010000 0x00000001
core   0: 0x8000ecfe (0x0000bfe5) c.j     pc - 8
core   0: 3 0x8000ecfe (0xbfe5)
core   0: 0x8000ecf6 (0x00001f17) auipc   t5, 0x1
core   0: 3 0x8000ecf6 (0x00001f17) x30 0x8000fcf6
core   0: 0x8000ecfa (0x303f2523) sw      gp, 778(t5)
core   0: 3 0x8000ecfa (0x303f2523) mem 0x80010000 0x00000001
core   0: 0x8000ecfe (0x0000bfe5) c.j     pc - 8
core   0: 3 0x8000ecfe (0xbfe5)
core   0: 0x8000ecf6 (0x00001f17) auipc   t5, 0x1
core   0: 3 0x8000ecf6 (0x00001f17) x30 0x8000fcf6
core   0: 0x8000ecfa (0x303f2523) sw      gp, 778(t5)
core   0: 3 0x8000ecfa (0x303f2523) mem 0x80010000 0x00000001
core   0: 0x8000ecfe (0x0000bfe5) c.j     pc - 8
core   0: 3 0x8000ecfe (0xbfe5)
core   0: 0x8000ecf6 (0x00001f17) auipc   t5, 0x1
core   0: 3 0x8000ecf6 (0x00001f17) x30 0x8000fcf6
core   0: 0x8000ecfa (0x303f2523) sw      gp, 778(t5)
core   0: 3 0x8000ecfa (0x303f2523) mem 0x80010000 0x00000001
core   0: 0x8000ecfe (0x0000bfe5) c.j     pc - 8
core   0: 3 0x8000ecfe (0xbfe5)
core   0: 0x8000ecf6 (0x00001f17) auipc   t5, 0x1
core   0: 3 0x8000ecf6 (0x00001f17) x30 0x8000fcf6
core   0: 0x8000ecfa (0x303f2523) sw      gp, 778(t5)
core   0: 3 0x8000ecfa (0x303f2523) mem 0x80010000 0x00000001
core   0: 0x8000ecfe (0x0000bfe5) c.j     pc - 8
core   0: 3 0x8000ecfe (0xbfe5)
core   0: 0x8000ecf6 (0x00001f17) auipc   t5, 0x1
core   0: 3 0x8000ecf6 (0x00001f17) x30 0x8000fcf6
core   0: 0x8000ecfa (0x303f2523) sw      gp, 778(t5)
core   0: 3 0x8000ecfa (0x303f2523) mem 0x80010000 0x00000001
core   0: 0x8000ecfe (0x0000bfe5) c.j     pc - 8
core   0: 3 0x8000ecfe (0xbfe5)
core   0: 0x8000ecf6 (0x00001f17) auipc   t5, 0x1
core   0: 3 0x8000ecf6 (0x00001f17) x30 0x8000fcf6
core   0: 0x8000ecfa (0x303f2523) sw      gp, 778(t5)
core   0: 3 0x8000ecfa (0x303f2523) mem 0x80010000 0x00000001
core   0: 0x8000ecfe (0x0000bfe5) c.j     pc - 8
core   0: 3 0x8000ecfe (0xbfe5)
core   0: 0x8000ecf6 (0x00001f17) auipc   t5, 0x1
core   0: 3 0x8000ecf6 (0x00001f17) x30 0x8000fcf6
core   0: 0x8000ecfa (0x303f2523) sw      gp, 778(t5)
core   0: 3 0x8000ecfa (0x303f2523) mem 0x80010000 0x00000001
core   0: 0x8000ecfe (0x0000bfe5) c.j     pc - 8
core   0: 3 0x8000ecfe (0xbfe5)
core   0: 0x8000ecf6 (0x00001f17) auipc   t5, 0x1
core   0: 3 0x8000ecf6 (0x00001f17) x30 0x8000fcf6
core   0: 0x8000ecfa (0x303f2523) sw      gp, 778(t5)
core   0: 3 0x8000ecfa (0x303f2523) mem 0x80010000 0x00000001
core   0: 0x8000ecfe (0x0000bfe5) c.j     pc - 8
core   0: 3 0x8000ecfe (0xbfe5)
core   0: 0x8000ecf6 (0x00001f17) auipc   t5, 0x1
core   0: 3 0x8000ecf6 (0x00001f17) x30 0x8000fcf6
core   0: 0x8000ecfa (0x303f2523) sw      gp, 778(t5)
core   0: 3 0x8000ecfa (0x303f2523) mem 0x80010000 0x00000001
core   0: 0x8000ecfe (0x0000bfe5) c.j     pc - 8
core   0: 3 0x8000ecfe (0xbfe5)
core   0: 0x8000ecf6 (0x00001f17) auipc   t5, 0x1
core   0: 3 0x8000ecf6 (0x00001f17) x30 0x8000fcf6
core   0: 0x8000ecfa (0x303f2523) sw      gp, 778(t5)
core   0: 3 0x8000ecfa (0x303f2523) mem 0x80010000 0x00000001
core   0: 0x8000ecfe (0x0000bfe5) c.j     pc - 8
core   0: 3 0x8000ecfe (0xbfe5)
core   0: 0x8000ecf6 (0x00001f17) auipc   t5, 0x1
core   0: 3 0x8000ecf6 (0x00001f17) x30 0x8000fcf6
core   0: 0x8000ecfa (0x303f2523) sw      gp, 778(t5)
core   0: 3 0x8000ecfa (0x303f2523) mem 0x80010000 0x00000001
core   0: 0x8000ecfe (0x0000bfe5) c.j     pc - 8
core   0: 3 0x8000ecfe (0xbfe5)
core   0: 0x8000ecf6 (0x00001f17) auipc   t5, 0x1
core   0: 3 0x8000ecf6 (0x00001f17) x30 0x8000fcf6
core   0: 0x8000ecfa (0x303f2523) sw      gp, 778(t5)
core   0: 3 0x8000ecfa (0x303f2523) mem 0x80010000 0x00000001
core   0: 0x8000ecfe (0x0000bfe5) c.j     pc - 8
core   0: 3 0x8000ecfe (0xbfe5)
core   0: 0x8000ecf6 (0x00001f17) auipc   t5, 0x1
core   0: 3 0x8000ecf6 (0x00001f17) x30 0x8000fcf6
core   0: 0x8000ecfa (0x303f2523) sw      gp, 778(t5)
core   0: 3 0x8000ecfa (0x303f2523) mem 0x80010000 0x00000001
core   0: 0x8000ecfe (0x0000bfe5) c.j     pc - 8
core   0: 3 0x8000ecfe (0xbfe5)
core   0: 0x8000ecf6 (0x00001f17) auipc   t5, 0x1
core   0: 3 0x8000ecf6 (0x00001f17) x30 0x8000fcf6
core   0: 0x8000ecfa (0x303f2523) sw      gp, 778(t5)
core   0: 3 0x8000ecfa (0x303f2523) mem 0x80010000 0x00000001
core   0: 0x8000ecfe (0x0000bfe5) c.j     pc - 8
core   0: 3 0x8000ecfe (0xbfe5)
core   0: 0x8000ecf6 (0x00001f17) auipc   t5, 0x1
core   0: 3 0x8000ecf6 (0x00001f17) x30 0x8000fcf6
core   0: 0x8000ecfa (0x303f2523) sw      gp, 778(t5)
core   0: 3 0x8000ecfa (0x303f2523) mem 0x80010000 0x00000001
core   0: 0x8000ecfe (0x0000bfe5) c.j     pc - 8
core   0: 3 0x8000ecfe (0xbfe5)
core   0: 0x8000ecf6 (0x00001f17) auipc   t5, 0x1
core   0: 3 0x8000ecf6 (0x00001f17) x30 0x8000fcf6
core   0: 0x8000ecfa (0x303f2523) sw      gp, 778(t5)
core   0: 3 0x8000ecfa (0x303f2523) mem 0x80010000 0x00000001
core   0: 0x8000ecfe (0x0000bfe5) c.j     pc - 8
core   0: 3 0x8000ecfe (0xbfe5)
core   0: 0x8000ecf6 (0x00001f17) auipc   t5, 0x1
core   0: 3 0x8000ecf6 (0x00001f17) x30 0x8000fcf6
core   0: 0x8000ecfa (0x303f2523) sw      gp, 778(t5)
core   0: 3 0x8000ecfa (0x303f2523) mem 0x80010000 0x00000001
core   0: 0x8000ecfe (0x0000bfe5) c.j     pc - 8
core   0: 3 0x8000ecfe (0xbfe5)
core   0: 0x8000ecf6 (0x00001f17) auipc   t5, 0x1
core   0: 3 0x8000ecf6 (0x00001f17) x30 0x8000fcf6
core   0: 0x8000ecfa (0x303f2523) sw      gp, 778(t5)
core   0: 3 0x8000ecfa (0x303f2523) mem 0x80010000 0x00000001
core   0: 0x8000ecfe (0x0000bfe5) c.j     pc - 8
core   0: 3 0x8000ecfe (0xbfe5)
core   0: 0x8000ecf6 (0x00001f17) auipc   t5, 0x1
core   0: 3 0x8000ecf6 (0x00001f17) x30 0x8000fcf6
core   0: 0x8000ecfa (0x303f2523) sw      gp, 778(t5)
core   0: 3 0x8000ecfa (0x303f2523) mem 0x80010000 0x00000001
core   0: 0x8000ecfe (0x0000bfe5) c.j     pc - 8
core   0: 3 0x8000ecfe (0xbfe5)
core   0: 0x8000ecf6 (0x00001f17) auipc   t5, 0x1
core   0: 3 0x8000ecf6 (0x00001f17) x30 0x8000fcf6
core   0: 0x8000ecfa (0x303f2523) sw      gp, 778(t5)
core   0: 3 0x8000ecfa (0x303f2523) mem 0x80010000 0x00000001
core   0: 0x8000ecfe (0x0000bfe5) c.j     pc - 8
core   0: 3 0x8000ecfe (0xbfe5)
core   0: 0x8000ecf6 (0x00001f17) auipc   t5, 0x1
core   0: 3 0x8000ecf6 (0x00001f17) x30 0x8000fcf6
core   0: 0x8000ecfa (0x303f2523) sw      gp, 778(t5)
core   0: 3 0x8000ecfa (0x303f2523) mem 0x80010000 0x00000001
core   0: 0x8000ecfe (0x0000bfe5) c.j     pc - 8
core   0: 3 0x8000ecfe (0xbfe5)
core   0: 0x8000ecf6 (0x00001f17) auipc   t5, 0x1
core   0: 3 0x8000ecf6 (0x00001f17) x30 0x8000fcf6
core   0: 0x8000ecfa (0x303f2523) sw      gp, 778(t5)
core   0: 3 0x8000ecfa (0x303f2523) mem 0x80010000 0x00000001
core   0: 0x8000ecfe (0x0000bfe5) c.j     pc - 8
core   0: 3 0x8000ecfe (0xbfe5)
core   0: 0x8000ecf6 (0x00001f17) auipc   t5, 0x1
core   0: 3 0x8000ecf6 (0x00001f17) x30 0x8000fcf6
core   0: 0x8000ecfa (0x303f2523) sw      gp, 778(t5)
core   0: 3 0x8000ecfa (0x303f2523) mem 0x80010000 0x00000001
core   0: 0x8000ecfe (0x0000bfe5) c.j     pc - 8
core   0: 3 0x8000ecfe (0xbfe5)
core   0: 0x8000ecf6 (0x00001f17) auipc   t5, 0x1
core   0: 3 0x8000ecf6 (0x00001f17) x30 0x8000fcf6
core   0: 0x8000ecfa (0x303f2523) sw      gp, 778(t5)
core   0: 3 0x8000ecfa (0x303f2523) mem 0x80010000 0x00000001
core   0: 0x8000ecfe (0x0000bfe5) c.j     pc - 8
core   0: 3 0x8000ecfe (0xbfe5)
core   0: 0x8000ecf6 (0x00001f17) auipc   t5, 0x1
core   0: 3 0x8000ecf6 (0x00001f17) x30 0x8000fcf6
core   0: 0x8000ecfa (0x303f2523) sw      gp, 778(t5)
core   0: 3 0x8000ecfa (0x303f2523) mem 0x80010000 0x00000001
core   0: 0x8000ecfe (0x0000bfe5) c.j     pc - 8
core   0: 3 0x8000ecfe (0xbfe5)
core   0: 0x8000ecf6 (0x00001f17) auipc   t5, 0x1
core   0: 3 0x8000ecf6 (0x00001f17) x30 0x8000fcf6
core   0: 0x8000ecfa (0x303f2523) sw      gp, 778(t5)
core   0: 3 0x8000ecfa (0x303f2523) mem 0x80010000 0x00000001
core   0: 0x8000ecfe (0x0000bfe5) c.j     pc - 8
core   0: 3 0x8000ecfe (0xbfe5)
core   0: 0x8000ecf6 (0x00001f17) auipc   t5, 0x1
core   0: 3 0x8000ecf6 (0x00001f17) x30 0x8000fcf6
core   0: 0x8000ecfa (0x303f2523) sw      gp, 778(t5)
core   0: 3 0x8000ecfa (0x303f2523) mem 0x80010000 0x00000001
core   0: 0x8000ecfe (0x0000bfe5) c.j     pc - 8
core   0: 3 0x8000ecfe (0xbfe5)
core   0: 0x8000ecf6 (0x00001f17) auipc   t5, 0x1
core   0: 3 0x8000ecf6 (0x00001f17) x30 0x8000fcf6
core   0: 0x8000ecfa (0x303f2523) sw      gp, 778(t5)
core   0: 3 0x8000ecfa (0x303f2523) mem 0x80010000 0x00000001
core   0: 0x8000ecfe (0x0000bfe5) c.j     pc - 8
core   0: 3 0x8000ecfe (0xbfe5)
core   0: 0x8000ecf6 (0x00001f17) auipc   t5, 0x1
core   0: 3 0x8000ecf6 (0x00001f17) x30 0x8000fcf6
core   0: 0x8000ecfa (0x303f2523) sw      gp, 778(t5)
core   0: 3 0x8000ecfa (0x303f2523) mem 0x80010000 0x00000001
core   0: 0x8000ecfe (0x0000bfe5) c.j     pc - 8
core   0: 3 0x8000ecfe (0xbfe5)
core   0: 0x8000ecf6 (0x00001f17) auipc   t5, 0x1
core   0: 3 0x8000ecf6 (0x00001f17) x30 0x8000fcf6
core   0: 0x8000ecfa (0x303f2523) sw      gp, 778(t5)
core   0: 3 0x8000ecfa (0x303f2523) mem 0x80010000 0x00000001
core   0: 0x8000ecfe (0x0000bfe5) c.j     pc - 8
core   0: 3 0x8000ecfe (0xbfe5)
core   0: 0x8000ecf6 (0x00001f17) auipc   t5, 0x1
core   0: 3 0x8000ecf6 (0x00001f17) x30 0x8000fcf6
core   0: 0x8000ecfa (0x303f2523) sw      gp, 778(t5)
core   0: 3 0x8000ecfa (0x303f2523) mem 0x80010000 0x00000001
core   0: 0x8000ecfe (0x0000bfe5) c.j     pc - 8
core   0: 3 0x8000ecfe (0xbfe5)
core   0: 0x8000ecf6 (0x00001f17) auipc   t5, 0x1
core   0: 3 0x8000ecf6 (0x00001f17) x30 0x8000fcf6
core   0: 0x8000ecfa (0x303f2523) sw      gp, 778(t5)
core   0: 3 0x8000ecfa (0x303f2523) mem 0x80010000 0x00000001
core   0: 0x8000ecfe (0x0000bfe5) c.j     pc - 8
core   0: 3 0x8000ecfe (0xbfe5)
core   0: 0x8000ecf6 (0x00001f17) auipc   t5, 0x1
core   0: 3 0x8000ecf6 (0x00001f17) x30 0x8000fcf6
core   0: 0x8000ecfa (0x303f2523) sw      gp, 778(t5)
core   0: 3 0x8000ecfa (0x303f2523) mem 0x80010000 0x00000001
core   0: 0x8000ecfe (0x0000bfe5) c.j     pc - 8
core   0: 3 0x8000ecfe (0xbfe5)
core   0: 0x8000ecf6 (0x00001f17) auipc   t5, 0x1
core   0: 3 0x8000ecf6 (0x00001f17) x30 0x8000fcf6
core   0: 0x8000ecfa (0x303f2523) sw      gp, 778(t5)
core   0: 3 0x8000ecfa (0x303f2523) mem 0x80010000 0x00000001
core   0: 0x8000ecfe (0x0000bfe5) c.j     pc - 8
core   0: 3 0x8000ecfe (0xbfe5)
core   0: 0x8000ecf6 (0x00001f17) auipc   t5, 0x1
core   0: 3 0x8000ecf6 (0x00001f17) x30 0x8000fcf6
core   0: 0x8000ecfa (0x303f2523) sw      gp, 778(t5)
core   0: 3 0x8000ecfa (0x303f2523) mem 0x80010000 0x00000001
core   0: 0x8000ecfe (0x0000bfe5) c.j     pc - 8
core   0: 3 0x8000ecfe (0xbfe5)
core   0: 0x8000ecf6 (0x00001f17) auipc   t5, 0x1
core   0: 3 0x8000ecf6 (0x00001f17) x30 0x8000fcf6
core   0: 0x8000ecfa (0x303f2523) sw      gp, 778(t5)
core   0: 3 0x8000ecfa (0x303f2523) mem 0x80010000 0x00000001
core   0: 0x8000ecfe (0x0000bfe5) c.j     pc - 8
core   0: 3 0x8000ecfe (0xbfe5)
core   0: 0x8000ecf6 (0x00001f17) auipc   t5, 0x1
core   0: 3 0x8000ecf6 (0x00001f17) x30 0x8000fcf6
core   0: 0x8000ecfa (0x303f2523) sw      gp, 778(t5)
core   0: 3 0x8000ecfa (0x303f2523) mem 0x80010000 0x00000001
core   0: 0x8000ecfe (0x0000bfe5) c.j     pc - 8
core   0: 3 0x8000ecfe (0xbfe5)
core   0: 0x8000ecf6 (0x00001f17) auipc   t5, 0x1
core   0: 3 0x8000ecf6 (0x00001f17) x30 0x8000fcf6
core   0: 0x8000ecfa (0x303f2523) sw      gp, 778(t5)
core   0: 3 0x8000ecfa (0x303f2523) mem 0x80010000 0x00000001
core   0: 0x8000ecfe (0x0000bfe5) c.j     pc - 8
core   0: 3 0x8000ecfe (0xbfe5)
core   0: 0x8000ecf6 (0x00001f17) auipc   t5, 0x1
core   0: 3 0x8000ecf6 (0x00001f17) x30 0x8000fcf6
core   0: 0x8000ecfa (0x303f2523) sw      gp, 778(t5)
core   0: 3 0x8000ecfa (0x303f2523) mem 0x80010000 0x00000001
core   0: 0x8000ecfe (0x0000bfe5) c.j     pc - 8
core   0: 3 0x8000ecfe (0xbfe5)
core   0: 0x8000ecf6 (0x00001f17) auipc   t5, 0x1
core   0: 3 0x8000ecf6 (0x00001f17) x30 0x8000fcf6
core   0: 0x8000ecfa (0x303f2523) sw      gp, 778(t5)
core   0: 3 0x8000ecfa (0x303f2523) mem 0x80010000 0x00000001
core   0: 0x8000ecfe (0x0000bfe5) c.j     pc - 8
core   0: 3 0x8000ecfe (0xbfe5)
core   0: 0x8000ecf6 (0x00001f17) auipc   t5, 0x1
core   0: 3 0x8000ecf6 (0x00001f17) x30 0x8000fcf6
core   0: 0x8000ecfa (0x303f2523) sw      gp, 778(t5)
core   0: 3 0x8000ecfa (0x303f2523) mem 0x80010000 0x00000001
core   0: 0x8000ecfe (0x0000bfe5) c.j     pc - 8
core   0: 3 0x8000ecfe (0xbfe5)
core   0: 0x8000ecf6 (0x00001f17) auipc   t5, 0x1
core   0: 3 0x8000ecf6 (0x00001f17) x30 0x8000fcf6
core   0: 0x8000ecfa (0x303f2523) sw      gp, 778(t5)
core   0: 3 0x8000ecfa (0x303f2523) mem 0x80010000 0x00000001
core   0: 0x8000ecfe (0x0000bfe5) c.j     pc - 8
core   0: 3 0x8000ecfe (0xbfe5)
core   0: 0x8000ecf6 (0x00001f17) auipc   t5, 0x1
core   0: 3 0x8000ecf6 (0x00001f17) x30 0x8000fcf6
core   0: 0x8000ecfa (0x303f2523) sw      gp, 778(t5)
core   0: 3 0x8000ecfa (0x303f2523) mem 0x80010000 0x00000001
core   0: 0x8000ecfe (0x0000bfe5) c.j     pc - 8
core   0: 3 0x8000ecfe (0xbfe5)
core   0: 0x8000ecf6 (0x00001f17) auipc   t5, 0x1
core   0: 3 0x8000ecf6 (0x00001f17) x30 0x8000fcf6
core   0: 0x8000ecfa (0x303f2523) sw      gp, 778(t5)
core   0: 3 0x8000ecfa (0x303f2523) mem 0x80010000 0x00000001
core   0: 0x8000ecfe (0x0000bfe5) c.j     pc - 8
core   0: 3 0x8000ecfe (0xbfe5)
core   0: 0x8000ecf6 (0x00001f17) auipc   t5, 0x1
core   0: 3 0x8000ecf6 (0x00001f17) x30 0x8000fcf6
core   0: 0x8000ecfa (0x303f2523) sw      gp, 778(t5)
core   0: 3 0x8000ecfa (0x303f2523) mem 0x80010000 0x00000001
core   0: 0x8000ecfe (0x0000bfe5) c.j     pc - 8
core   0: 3 0x8000ecfe (0xbfe5)
core   0: 0x8000ecf6 (0x00001f17) auipc   t5, 0x1
core   0: 3 0x8000ecf6 (0x00001f17) x30 0x8000fcf6
core   0: 0x8000ecfa (0x303f2523) sw      gp, 778(t5)
core   0: 3 0x8000ecfa (0x303f2523) mem 0x80010000 0x00000001
core   0: 0x8000ecfe (0x0000bfe5) c.j     pc - 8
core   0: 3 0x8000ecfe (0xbfe5)
core   0: 0x8000ecf6 (0x00001f17) auipc   t5, 0x1
core   0: 3 0x8000ecf6 (0x00001f17) x30 0x8000fcf6
core   0: 0x8000ecfa (0x303f2523) sw      gp, 778(t5)
core   0: 3 0x8000ecfa (0x303f2523) mem 0x80010000 0x00000001
core   0: 0x8000ecfe (0x0000bfe5) c.j     pc - 8
core   0: 3 0x8000ecfe (0xbfe5)
core   0: 0x8000ecf6 (0x00001f17) auipc   t5, 0x1
core   0: 3 0x8000ecf6 (0x00001f17) x30 0x8000fcf6
core   0: 0x8000ecfa (0x303f2523) sw      gp, 778(t5)
core   0: 3 0x8000ecfa (0x303f2523) mem 0x80010000 0x00000001
core   0: 0x8000ecfe (0x0000bfe5) c.j     pc - 8
core   0: 3 0x8000ecfe (0xbfe5)
core   0: 0x8000ecf6 (0x00001f17) auipc   t5, 0x1
core   0: 3 0x8000ecf6 (0x00001f17) x30 0x8000fcf6
core   0: 0x8000ecfa (0x303f2523) sw      gp, 778(t5)
core   0: 3 0x8000ecfa (0x303f2523) mem 0x80010000 0x00000001
core   0: 0x8000ecfe (0x0000bfe5) c.j     pc - 8
core   0: 3 0x8000ecfe (0xbfe5)
core   0: 0x8000ecf6 (0x00001f17) auipc   t5, 0x1
core   0: 3 0x8000ecf6 (0x00001f17) x30 0x8000fcf6
core   0: 0x8000ecfa (0x303f2523) sw      gp, 778(t5)
core   0: 3 0x8000ecfa (0x303f2523) mem 0x80010000 0x00000001
core   0: 0x8000ecfe (0x0000bfe5) c.j     pc - 8
core   0: 3 0x8000ecfe (0xbfe5)
core   0: 0x8000ecf6 (0x00001f17) auipc   t5, 0x1
core   0: 3 0x8000ecf6 (0x00001f17) x30 0x8000fcf6
core   0: 0x8000ecfa (0x303f2523) sw      gp, 778(t5)
core   0: 3 0x8000ecfa (0x303f2523) mem 0x80010000 0x00000001
core   0: 0x8000ecfe (0x0000bfe5) c.j     pc - 8
core   0: 3 0x8000ecfe (0xbfe5)
core   0: 0x8000ecf6 (0x00001f17) auipc   t5, 0x1
core   0: 3 0x8000ecf6 (0x00001f17) x30 0x8000fcf6
core   0: 0x8000ecfa (0x303f2523) sw      gp, 778(t5)
core   0: 3 0x8000ecfa (0x303f2523) mem 0x80010000 0x00000001
core   0: 0x8000ecfe (0x0000bfe5) c.j     pc - 8
core   0: 3 0x8000ecfe (0xbfe5)
core   0: 0x8000ecf6 (0x00001f17) auipc   t5, 0x1
core   0: 3 0x8000ecf6 (0x00001f17) x30 0x8000fcf6
core   0: 0x8000ecfa (0x303f2523) sw      gp, 778(t5)
core   0: 3 0x8000ecfa (0x303f2523) mem 0x80010000 0x00000001
core   0: 0x8000ecfe (0x0000bfe5) c.j     pc - 8
core   0: 3 0x8000ecfe (0xbfe5)
core   0: 0x8000ecf6 (0x00001f17) auipc   t5, 0x1
core   0: 3 0x8000ecf6 (0x00001f17) x30 0x8000fcf6
core   0: 0x8000ecfa (0x303f2523) sw      gp, 778(t5)
core   0: 3 0x8000ecfa (0x303f2523) mem 0x80010000 0x00000001
core   0: 0x8000ecfe (0x0000bfe5) c.j     pc - 8
core   0: 3 0x8000ecfe (0xbfe5)
core   0: 0x8000ecf6 (0x00001f17) auipc   t5, 0x1
core   0: 3 0x8000ecf6 (0x00001f17) x30 0x8000fcf6
core   0: 0x8000ecfa (0x303f2523) sw      gp, 778(t5)
core   0: 3 0x8000ecfa (0x303f2523) mem 0x80010000 0x00000001
core   0: 0x8000ecfe (0x0000bfe5) c.j     pc - 8
core   0: 3 0x8000ecfe (0xbfe5)
core   0: 0x8000ecf6 (0x00001f17) auipc   t5, 0x1
core   0: 3 0x8000ecf6 (0x00001f17) x30 0x8000fcf6
core   0: 0x8000ecfa (0x303f2523) sw      gp, 778(t5)
core   0: 3 0x8000ecfa (0x303f2523) mem 0x80010000 0x00000001
core   0: 0x8000ecfe (0x0000bfe5) c.j     pc - 8
core   0: 3 0x8000ecfe (0xbfe5)
core   0: 0x8000ecf6 (0x00001f17) auipc   t5, 0x1
core   0: 3 0x8000ecf6 (0x00001f17) x30 0x8000fcf6
core   0: 0x8000ecfa (0x303f2523) sw      gp, 778(t5)
core   0: 3 0x8000ecfa (0x303f2523) mem 0x80010000 0x00000001
core   0: 0x8000ecfe (0x0000bfe5) c.j     pc - 8
core   0: 3 0x8000ecfe (0xbfe5)
core   0: 0x8000ecf6 (0x00001f17) auipc   t5, 0x1
core   0: 3 0x8000ecf6 (0x00001f17) x30 0x8000fcf6
core   0: 0x8000ecfa (0x303f2523) sw      gp, 778(t5)
core   0: 3 0x8000ecfa (0x303f2523) mem 0x80010000 0x00000001
core   0: 0x8000ecfe (0x0000bfe5) c.j     pc - 8
core   0: 3 0x8000ecfe (0xbfe5)
core   0: 0x8000ecf6 (0x00001f17) auipc   t5, 0x1
core   0: 3 0x8000ecf6 (0x00001f17) x30 0x8000fcf6
core   0: 0x8000ecfa (0x303f2523) sw      gp, 778(t5)
core   0: 3 0x8000ecfa (0x303f2523) mem 0x80010000 0x00000001
core   0: 0x8000ecfe (0x0000bfe5) c.j     pc - 8
core   0: 3 0x8000ecfe (0xbfe5)
core   0: 0x8000ecf6 (0x00001f17) auipc   t5, 0x1
core   0: 3 0x8000ecf6 (0x00001f17) x30 0x8000fcf6
core   0: 0x8000ecfa (0x303f2523) sw      gp, 778(t5)
core   0: 3 0x8000ecfa (0x303f2523) mem 0x80010000 0x00000001
core   0: 0x8000ecfe (0x0000bfe5) c.j     pc - 8
core   0: 3 0x8000ecfe (0xbfe5)
core   0: 0x8000ecf6 (0x00001f17) auipc   t5, 0x1
core   0: 3 0x8000ecf6 (0x00001f17) x30 0x8000fcf6
core   0: 0x8000ecfa (0x303f2523) sw      gp, 778(t5)
core   0: 3 0x8000ecfa (0x303f2523) mem 0x80010000 0x00000001
core   0: 0x8000ecfe (0x0000bfe5) c.j     pc - 8
core   0: 3 0x8000ecfe (0xbfe5)
core   0: 0x8000ecf6 (0x00001f17) auipc   t5, 0x1
core   0: 3 0x8000ecf6 (0x00001f17) x30 0x8000fcf6
core   0: 0x8000ecfa (0x303f2523) sw      gp, 778(t5)
core   0: 3 0x8000ecfa (0x303f2523) mem 0x80010000 0x00000001
core   0: 0x8000ecfe (0x0000bfe5) c.j     pc - 8
core   0: 3 0x8000ecfe (0xbfe5)
core   0: 0x8000ecf6 (0x00001f17) auipc   t5, 0x1
core   0: 3 0x8000ecf6 (0x00001f17) x30 0x8000fcf6
core   0: 0x8000ecfa (0x303f2523) sw      gp, 778(t5)
core   0: 3 0x8000ecfa (0x303f2523) mem 0x80010000 0x00000001
core   0: 0x8000ecfe (0x0000bfe5) c.j     pc - 8
core   0: 3 0x8000ecfe (0xbfe5)
core   0: 0x8000ecf6 (0x00001f17) auipc   t5, 0x1
core   0: 3 0x8000ecf6 (0x00001f17) x30 0x8000fcf6
core   0: 0x8000ecfa (0x303f2523) sw      gp, 778(t5)
core   0: 3 0x8000ecfa (0x303f2523) mem 0x80010000 0x00000001
core   0: 0x8000ecfe (0x0000bfe5) c.j     pc - 8
core   0: 3 0x8000ecfe (0xbfe5)
core   0: 0x8000ecf6 (0x00001f17) auipc   t5, 0x1
core   0: 3 0x8000ecf6 (0x00001f17) x30 0x8000fcf6
core   0: 0x8000ecfa (0x303f2523) sw      gp, 778(t5)
core   0: 3 0x8000ecfa (0x303f2523) mem 0x80010000 0x00000001
core   0: 0x8000ecfe (0x0000bfe5) c.j     pc - 8
core   0: 3 0x8000ecfe (0xbfe5)
core   0: 0x8000ecf6 (0x00001f17) auipc   t5, 0x1
core   0: 3 0x8000ecf6 (0x00001f17) x30 0x8000fcf6
core   0: 0x8000ecfa (0x303f2523) sw      gp, 778(t5)
core   0: 3 0x8000ecfa (0x303f2523) mem 0x80010000 0x00000001
core   0: 0x8000ecfe (0x0000bfe5) c.j     pc - 8
core   0: 3 0x8000ecfe (0xbfe5)
core   0: 0x8000ecf6 (0x00001f17) auipc   t5, 0x1
core   0: 3 0x8000ecf6 (0x00001f17) x30 0x8000fcf6
core   0: 0x8000ecfa (0x303f2523) sw      gp, 778(t5)
core   0: 3 0x8000ecfa (0x303f2523) mem 0x80010000 0x00000001
core   0: 0x8000ecfe (0x0000bfe5) c.j     pc - 8
core   0: 3 0x8000ecfe (0xbfe5)
core   0: 0x8000ecf6 (0x00001f17) auipc   t5, 0x1
core   0: 3 0x8000ecf6 (0x00001f17) x30 0x8000fcf6
core   0: 0x8000ecfa (0x303f2523) sw      gp, 778(t5)
core   0: 3 0x8000ecfa (0x303f2523) mem 0x80010000 0x00000001
core   0: 0x8000ecfe (0x0000bfe5) c.j     pc - 8
core   0: 3 0x8000ecfe (0xbfe5)
core   0: 0x8000ecf6 (0x00001f17) auipc   t5, 0x1
core   0: 3 0x8000ecf6 (0x00001f17) x30 0x8000fcf6
core   0: 0x8000ecfa (0x303f2523) sw      gp, 778(t5)
core   0: 3 0x8000ecfa (0x303f2523) mem 0x80010000 0x00000001
core   0: 0x8000ecfe (0x0000bfe5) c.j     pc - 8
core   0: 3 0x8000ecfe (0xbfe5)
core   0: 0x8000ecf6 (0x00001f17) auipc   t5, 0x1
core   0: 3 0x8000ecf6 (0x00001f17) x30 0x8000fcf6
core   0: 0x8000ecfa (0x303f2523) sw      gp, 778(t5)
core   0: 3 0x8000ecfa (0x303f2523) mem 0x80010000 0x00000001
core   0: 0x8000ecfe (0x0000bfe5) c.j     pc - 8
core   0: 3 0x8000ecfe (0xbfe5)
core   0: 0x8000ecf6 (0x00001f17) auipc   t5, 0x1
core   0: 3 0x8000ecf6 (0x00001f17) x30 0x8000fcf6
core   0: 0x8000ecfa (0x303f2523) sw      gp, 778(t5)
core   0: 3 0x8000ecfa (0x303f2523) mem 0x80010000 0x00000001
core   0: 0x8000ecfe (0x0000bfe5) c.j     pc - 8
core   0: 3 0x8000ecfe (0xbfe5)
core   0: 0x8000ecf6 (0x00001f17) auipc   t5, 0x1
core   0: 3 0x8000ecf6 (0x00001f17) x30 0x8000fcf6
core   0: 0x8000ecfa (0x303f2523) sw      gp, 778(t5)
core   0: 3 0x8000ecfa (0x303f2523) mem 0x80010000 0x00000001
core   0: 0x8000ecfe (0x0000bfe5) c.j     pc - 8
core   0: 3 0x8000ecfe (0xbfe5)
core   0: 0x8000ecf6 (0x00001f17) auipc   t5, 0x1
core   0: 3 0x8000ecf6 (0x00001f17) x30 0x8000fcf6
core   0: 0x8000ecfa (0x303f2523) sw      gp, 778(t5)
core   0: 3 0x8000ecfa (0x303f2523) mem 0x80010000 0x00000001
core   0: 0x8000ecfe (0x0000bfe5) c.j     pc - 8
core   0: 3 0x8000ecfe (0xbfe5)
core   0: 0x8000ecf6 (0x00001f17) auipc   t5, 0x1
core   0: 3 0x8000ecf6 (0x00001f17) x30 0x8000fcf6
core   0: 0x8000ecfa (0x303f2523) sw      gp, 778(t5)
core   0: 3 0x8000ecfa (0x303f2523) mem 0x80010000 0x00000001
core   0: 0x8000ecfe (0x0000bfe5) c.j     pc - 8
core   0: 3 0x8000ecfe (0xbfe5)
core   0: 0x8000ecf6 (0x00001f17) auipc   t5, 0x1
core   0: 3 0x8000ecf6 (0x00001f17) x30 0x8000fcf6
core   0: 0x8000ecfa (0x303f2523) sw      gp, 778(t5)
core   0: 3 0x8000ecfa (0x303f2523) mem 0x80010000 0x00000001
core   0: 0x8000ecfe (0x0000bfe5) c.j     pc - 8
core   0: 3 0x8000ecfe (0xbfe5)
core   0: 0x8000ecf6 (0x00001f17) auipc   t5, 0x1
core   0: 3 0x8000ecf6 (0x00001f17) x30 0x8000fcf6
core   0: 0x8000ecfa (0x303f2523) sw      gp, 778(t5)
core   0: 3 0x8000ecfa (0x303f2523) mem 0x80010000 0x00000001
core   0: 0x8000ecfe (0x0000bfe5) c.j     pc - 8
core   0: 3 0x8000ecfe (0xbfe5)
core   0: 0x8000ecf6 (0x00001f17) auipc   t5, 0x1
core   0: 3 0x8000ecf6 (0x00001f17) x30 0x8000fcf6
core   0: 0x8000ecfa (0x303f2523) sw      gp, 778(t5)
core   0: 3 0x8000ecfa (0x303f2523) mem 0x80010000 0x00000001
core   0: 0x8000ecfe (0x0000bfe5) c.j     pc - 8
core   0: 3 0x8000ecfe (0xbfe5)
core   0: 0x8000ecf6 (0x00001f17) auipc   t5, 0x1
core   0: 3 0x8000ecf6 (0x00001f17) x30 0x8000fcf6
core   0: 0x8000ecfa (0x303f2523) sw      gp, 778(t5)
core   0: 3 0x8000ecfa (0x303f2523) mem 0x80010000 0x00000001
core   0: 0x8000ecfe (0x0000bfe5) c.j     pc - 8
core   0: 3 0x8000ecfe (0xbfe5)
core   0: 0x8000ecf6 (0x00001f17) auipc   t5, 0x1
core   0: 3 0x8000ecf6 (0x00001f17) x30 0x8000fcf6
core   0: 0x8000ecfa (0x303f2523) sw      gp, 778(t5)
core   0: 3 0x8000ecfa (0x303f2523) mem 0x80010000 0x00000001
core   0: 0x8000ecfe (0x0000bfe5) c.j     pc - 8
core   0: 3 0x8000ecfe (0xbfe5)
core   0: 0x8000ecf6 (0x00001f17) auipc   t5, 0x1
core   0: 3 0x8000ecf6 (0x00001f17) x30 0x8000fcf6
core   0: 0x8000ecfa (0x303f2523) sw      gp, 778(t5)
core   0: 3 0x8000ecfa (0x303f2523) mem 0x80010000 0x00000001
core   0: 0x8000ecfe (0x0000bfe5) c.j     pc - 8
core   0: 3 0x8000ecfe (0xbfe5)
core   0: 0x8000ecf6 (0x00001f17) auipc   t5, 0x1
core   0: 3 0x8000ecf6 (0x00001f17) x30 0x8000fcf6
core   0: 0x8000ecfa (0x303f2523) sw      gp, 778(t5)
core   0: 3 0x8000ecfa (0x303f2523) mem 0x80010000 0x00000001
core   0: 0x8000ecfe (0x0000bfe5) c.j     pc - 8
core   0: 3 0x8000ecfe (0xbfe5)
core   0: 0x8000ecf6 (0x00001f17) auipc   t5, 0x1
core   0: 3 0x8000ecf6 (0x00001f17) x30 0x8000fcf6
core   0: 0x8000ecfa (0x303f2523) sw      gp, 778(t5)
core   0: 3 0x8000ecfa (0x303f2523) mem 0x80010000 0x00000001
core   0: 0x8000ecfe (0x0000bfe5) c.j     pc - 8
core   0: 3 0x8000ecfe (0xbfe5)
core   0: 0x8000ecf6 (0x00001f17) auipc   t5, 0x1
core   0: 3 0x8000ecf6 (0x00001f17) x30 0x8000fcf6
core   0: 0x8000ecfa (0x303f2523) sw      gp, 778(t5)
core   0: 3 0x8000ecfa (0x303f2523) mem 0x80010000 0x00000001
core   0: 0x8000ecfe (0x0000bfe5) c.j     pc - 8
core   0: 3 0x8000ecfe (0xbfe5)
core   0: 0x8000ecf6 (0x00001f17) auipc   t5, 0x1
core   0: 3 0x8000ecf6 (0x00001f17) x30 0x8000fcf6
core   0: 0x8000ecfa (0x303f2523) sw      gp, 778(t5)
core   0: 3 0x8000ecfa (0x303f2523) mem 0x80010000 0x00000001
core   0: 0x8000ecfe (0x0000bfe5) c.j     pc - 8
core   0: 3 0x8000ecfe (0xbfe5)
core   0: 0x8000ecf6 (0x00001f17) auipc   t5, 0x1
core   0: 3 0x8000ecf6 (0x00001f17) x30 0x8000fcf6
core   0: 0x8000ecfa (0x303f2523) sw      gp, 778(t5)
core   0: 3 0x8000ecfa (0x303f2523) mem 0x80010000 0x00000001
core   0: 0x8000ecfe (0x0000bfe5) c.j     pc - 8
core   0: 3 0x8000ecfe (0xbfe5)
core   0: 0x8000ecf6 (0x00001f17) auipc   t5, 0x1
core   0: 3 0x8000ecf6 (0x00001f17) x30 0x8000fcf6
core   0: 0x8000ecfa (0x303f2523) sw      gp, 778(t5)
core   0: 3 0x8000ecfa (0x303f2523) mem 0x80010000 0x00000001
core   0: 0x8000ecfe (0x0000bfe5) c.j     pc - 8
core   0: 3 0x8000ecfe (0xbfe5)
core   0: 0x8000ecf6 (0x00001f17) auipc   t5, 0x1
core   0: 3 0x8000ecf6 (0x00001f17) x30 0x8000fcf6
core   0: 0x8000ecfa (0x303f2523) sw      gp, 778(t5)
core   0: 3 0x8000ecfa (0x303f2523) mem 0x80010000 0x00000001
core   0: 0x8000ecfe (0x0000bfe5) c.j     pc - 8
core   0: 3 0x8000ecfe (0xbfe5)
core   0: 0x8000ecf6 (0x00001f17) auipc   t5, 0x1
core   0: 3 0x8000ecf6 (0x00001f17) x30 0x8000fcf6
core   0: 0x8000ecfa (0x303f2523) sw      gp, 778(t5)
core   0: 3 0x8000ecfa (0x303f2523) mem 0x80010000 0x00000001
core   0: 0x8000ecfe (0x0000bfe5) c.j     pc - 8
core   0: 3 0x8000ecfe (0xbfe5)
core   0: 0x8000ecf6 (0x00001f17) auipc   t5, 0x1
core   0: 3 0x8000ecf6 (0x00001f17) x30 0x8000fcf6
core   0: 0x8000ecfa (0x303f2523) sw      gp, 778(t5)
core   0: 3 0x8000ecfa (0x303f2523) mem 0x80010000 0x00000001
core   0: 0x8000ecfe (0x0000bfe5) c.j     pc - 8
core   0: 3 0x8000ecfe (0xbfe5)
core   0: 0x8000ecf6 (0x00001f17) auipc   t5, 0x1
core   0: 3 0x8000ecf6 (0x00001f17) x30 0x8000fcf6
core   0: 0x8000ecfa (0x303f2523) sw      gp, 778(t5)
core   0: 3 0x8000ecfa (0x303f2523) mem 0x80010000 0x00000001
core   0: 0x8000ecfe (0x0000bfe5) c.j     pc - 8
core   0: 3 0x8000ecfe (0xbfe5)
core   0: 0x8000ecf6 (0x00001f17) auipc   t5, 0x1
core   0: 3 0x8000ecf6 (0x00001f17) x30 0x8000fcf6
core   0: 0x8000ecfa (0x303f2523) sw      gp, 778(t5)
core   0: 3 0x8000ecfa (0x303f2523) mem 0x80010000 0x00000001
core   0: 0x8000ecfe (0x0000bfe5) c.j     pc - 8
core   0: 3 0x8000ecfe (0xbfe5)
core   0: 0x8000ecf6 (0x00001f17) auipc   t5, 0x1
core   0: 3 0x8000ecf6 (0x00001f17) x30 0x8000fcf6
core   0: 0x8000ecfa (0x303f2523) sw      gp, 778(t5)
core   0: 3 0x8000ecfa (0x303f2523) mem 0x80010000 0x00000001
core   0: 0x8000ecfe (0x0000bfe5) c.j     pc - 8
core   0: 3 0x8000ecfe (0xbfe5)
core   0: 0x8000ecf6 (0x00001f17) auipc   t5, 0x1
core   0: 3 0x8000ecf6 (0x00001f17) x30 0x8000fcf6
core   0: 0x8000ecfa (0x303f2523) sw      gp, 778(t5)
core   0: 3 0x8000ecfa (0x303f2523) mem 0x80010000 0x00000001
core   0: 0x8000ecfe (0x0000bfe5) c.j     pc - 8
core   0: 3 0x8000ecfe (0xbfe5)
core   0: 0x8000ecf6 (0x00001f17) auipc   t5, 0x1
core   0: 3 0x8000ecf6 (0x00001f17) x30 0x8000fcf6
core   0: 0x8000ecfa (0x303f2523) sw      gp, 778(t5)
core   0: 3 0x8000ecfa (0x303f2523) mem 0x80010000 0x00000001
core   0: 0x8000ecfe (0x0000bfe5) c.j     pc - 8
core   0: 3 0x8000ecfe (0xbfe5)
core   0: 0x8000ecf6 (0x00001f17) auipc   t5, 0x1
core   0: 3 0x8000ecf6 (0x00001f17) x30 0x8000fcf6
core   0: 0x8000ecfa (0x303f2523) sw      gp, 778(t5)
core   0: 3 0x8000ecfa (0x303f2523) mem 0x80010000 0x00000001
core   0: 0x8000ecfe (0x0000bfe5) c.j     pc - 8
core   0: 3 0x8000ecfe (0xbfe5)
core   0: 0x8000ecf6 (0x00001f17) auipc   t5, 0x1
core   0: 3 0x8000ecf6 (0x00001f17) x30 0x8000fcf6
core   0: 0x8000ecfa (0x303f2523) sw      gp, 778(t5)
core   0: 3 0x8000ecfa (0x303f2523) mem 0x80010000 0x00000001
core   0: 0x8000ecfe (0x0000bfe5) c.j     pc - 8
core   0: 3 0x8000ecfe (0xbfe5)
core   0: 0x8000ecf6 (0x00001f17) auipc   t5, 0x1
core   0: 3 0x8000ecf6 (0x00001f17) x30 0x8000fcf6
core   0: 0x8000ecfa (0x303f2523) sw      gp, 778(t5)
core   0: 3 0x8000ecfa (0x303f2523) mem 0x80010000 0x00000001
core   0: 0x8000ecfe (0x0000bfe5) c.j     pc - 8
core   0: 3 0x8000ecfe (0xbfe5)
core   0: 0x8000ecf6 (0x00001f17) auipc   t5, 0x1
core   0: 3 0x8000ecf6 (0x00001f17) x30 0x8000fcf6
core   0: 0x8000ecfa (0x303f2523) sw      gp, 778(t5)
core   0: 3 0x8000ecfa (0x303f2523) mem 0x80010000 0x00000001
core   0: 0x8000ecfe (0x0000bfe5) c.j     pc - 8
core   0: 3 0x8000ecfe (0xbfe5)
core   0: 0x8000ecf6 (0x00001f17) auipc   t5, 0x1
core   0: 3 0x8000ecf6 (0x00001f17) x30 0x8000fcf6
core   0: 0x8000ecfa (0x303f2523) sw      gp, 778(t5)
core   0: 3 0x8000ecfa (0x303f2523) mem 0x80010000 0x00000001
core   0: 0x8000ecfe (0x0000bfe5) c.j     pc - 8
core   0: 3 0x8000ecfe (0xbfe5)
core   0: 0x8000ecf6 (0x00001f17) auipc   t5, 0x1
core   0: 3 0x8000ecf6 (0x00001f17) x30 0x8000fcf6
core   0: 0x8000ecfa (0x303f2523) sw      gp, 778(t5)
core   0: 3 0x8000ecfa (0x303f2523) mem 0x80010000 0x00000001
core   0: 0x8000ecfe (0x0000bfe5) c.j     pc - 8
core   0: 3 0x8000ecfe (0xbfe5)
core   0: 0x8000ecf6 (0x00001f17) auipc   t5, 0x1
core   0: 3 0x8000ecf6 (0x00001f17) x30 0x8000fcf6
core   0: 0x8000ecfa (0x303f2523) sw      gp, 778(t5)
core   0: 3 0x8000ecfa (0x303f2523) mem 0x80010000 0x00000001
core   0: 0x8000ecfe (0x0000bfe5) c.j     pc - 8
core   0: 3 0x8000ecfe (0xbfe5)
core   0: 0x8000ecf6 (0x00001f17) auipc   t5, 0x1
core   0: 3 0x8000ecf6 (0x00001f17) x30 0x8000fcf6
core   0: 0x8000ecfa (0x303f2523) sw      gp, 778(t5)
core   0: 3 0x8000ecfa (0x303f2523) mem 0x80010000 0x00000001
core   0: 0x8000ecfe (0x0000bfe5) c.j     pc - 8
core   0: 3 0x8000ecfe (0xbfe5)
core   0: 0x8000ecf6 (0x00001f17) auipc   t5, 0x1
core   0: 3 0x8000ecf6 (0x00001f17) x30 0x8000fcf6
core   0: 0x8000ecfa (0x303f2523) sw      gp, 778(t5)
core   0: 3 0x8000ecfa (0x303f2523) mem 0x80010000 0x00000001
core   0: 0x8000ecfe (0x0000bfe5) c.j     pc - 8
core   0: 3 0x8000ecfe (0xbfe5)
core   0: 0x8000ecf6 (0x00001f17) auipc   t5, 0x1
core   0: 3 0x8000ecf6 (0x00001f17) x30 0x8000fcf6
core   0: 0x8000ecfa (0x303f2523) sw      gp, 778(t5)
core   0: 3 0x8000ecfa (0x303f2523) mem 0x80010000 0x00000001
core   0: 0x8000ecfe (0x0000bfe5) c.j     pc - 8
core   0: 3 0x8000ecfe (0xbfe5)
core   0: 0x8000ecf6 (0x00001f17) auipc   t5, 0x1
core   0: 3 0x8000ecf6 (0x00001f17) x30 0x8000fcf6
core   0: 0x8000ecfa (0x303f2523) sw      gp, 778(t5)
core   0: 3 0x8000ecfa (0x303f2523) mem 0x80010000 0x00000001
core   0: 0x8000ecfe (0x0000bfe5) c.j     pc - 8
core   0: 3 0x8000ecfe (0xbfe5)
core   0: 0x8000ecf6 (0x00001f17) auipc   t5, 0x1
core   0: 3 0x8000ecf6 (0x00001f17) x30 0x8000fcf6
core   0: 0x8000ecfa (0x303f2523) sw      gp, 778(t5)
core   0: 3 0x8000ecfa (0x303f2523) mem 0x80010000 0x00000001
core   0: 0x8000ecfe (0x0000bfe5) c.j     pc - 8
core   0: 3 0x8000ecfe (0xbfe5)
core   0: 0x8000ecf6 (0x00001f17) auipc   t5, 0x1
core   0: 3 0x8000ecf6 (0x00001f17) x30 0x8000fcf6
core   0: 0x8000ecfa (0x303f2523) sw      gp, 778(t5)
core   0: 3 0x8000ecfa (0x303f2523) mem 0x80010000 0x00000001
core   0: 0x8000ecfe (0x0000bfe5) c.j     pc - 8
core   0: 3 0x8000ecfe (0xbfe5)
core   0: 0x8000ecf6 (0x00001f17) auipc   t5, 0x1
core   0: 3 0x8000ecf6 (0x00001f17) x30 0x8000fcf6
core   0: 0x8000ecfa (0x303f2523) sw      gp, 778(t5)
core   0: 3 0x8000ecfa (0x303f2523) mem 0x80010000 0x00000001
core   0: 0x8000ecfe (0x0000bfe5) c.j     pc - 8
core   0: 3 0x8000ecfe (0xbfe5)
core   0: 0x8000ecf6 (0x00001f17) auipc   t5, 0x1
core   0: 3 0x8000ecf6 (0x00001f17) x30 0x8000fcf6
core   0: 0x8000ecfa (0x303f2523) sw      gp, 778(t5)
core   0: 3 0x8000ecfa (0x303f2523) mem 0x80010000 0x00000001
core   0: 0x8000ecfe (0x0000bfe5) c.j     pc - 8
core   0: 3 0x8000ecfe (0xbfe5)
core   0: 0x8000ecf6 (0x00001f17) auipc   t5, 0x1
core   0: 3 0x8000ecf6 (0x00001f17) x30 0x8000fcf6
core   0: 0x8000ecfa (0x303f2523) sw      gp, 778(t5)
core   0: 3 0x8000ecfa (0x303f2523) mem 0x80010000 0x00000001
core   0: 0x8000ecfe (0x0000bfe5) c.j     pc - 8
core   0: 3 0x8000ecfe (0xbfe5)
core   0: 0x8000ecf6 (0x00001f17) auipc   t5, 0x1
core   0: 3 0x8000ecf6 (0x00001f17) x30 0x8000fcf6
core   0: 0x8000ecfa (0x303f2523) sw      gp, 778(t5)
core   0: 3 0x8000ecfa (0x303f2523) mem 0x80010000 0x00000001
core   0: 0x8000ecfe (0x0000bfe5) c.j     pc - 8
core   0: 3 0x8000ecfe (0xbfe5)
core   0: 0x8000ecf6 (0x00001f17) auipc   t5, 0x1
core   0: 3 0x8000ecf6 (0x00001f17) x30 0x8000fcf6
core   0: 0x8000ecfa (0x303f2523) sw      gp, 778(t5)
core   0: 3 0x8000ecfa (0x303f2523) mem 0x80010000 0x00000001
core   0: 0x8000ecfe (0x0000bfe5) c.j     pc - 8
core   0: 3 0x8000ecfe (0xbfe5)
core   0: 0x8000ecf6 (0x00001f17) auipc   t5, 0x1
core   0: 3 0x8000ecf6 (0x00001f17) x30 0x8000fcf6
core   0: 0x8000ecfa (0x303f2523) sw      gp, 778(t5)
core   0: 3 0x8000ecfa (0x303f2523) mem 0x80010000 0x00000001
core   0: 0x8000ecfe (0x0000bfe5) c.j     pc - 8
core   0: 3 0x8000ecfe (0xbfe5)
core   0: 0x8000ecf6 (0x00001f17) auipc   t5, 0x1
core   0: 3 0x8000ecf6 (0x00001f17) x30 0x8000fcf6
core   0: 0x8000ecfa (0x303f2523) sw      gp, 778(t5)
core   0: 3 0x8000ecfa (0x303f2523) mem 0x80010000 0x00000001
core   0: 0x8000ecfe (0x0000bfe5) c.j     pc - 8
core   0: 3 0x8000ecfe (0xbfe5)
core   0: 0x8000ecf6 (0x00001f17) auipc   t5, 0x1
core   0: 3 0x8000ecf6 (0x00001f17) x30 0x8000fcf6
core   0: 0x8000ecfa (0x303f2523) sw      gp, 778(t5)
core   0: 3 0x8000ecfa (0x303f2523) mem 0x80010000 0x00000001
core   0: 0x8000ecfe (0x0000bfe5) c.j     pc - 8
core   0: 3 0x8000ecfe (0xbfe5)
core   0: 0x8000ecf6 (0x00001f17) auipc   t5, 0x1
core   0: 3 0x8000ecf6 (0x00001f17) x30 0x8000fcf6
core   0: 0x8000ecfa (0x303f2523) sw      gp, 778(t5)
core   0: 3 0x8000ecfa (0x303f2523) mem 0x80010000 0x00000001
core   0: 0x8000ecfe (0x0000bfe5) c.j     pc - 8
core   0: 3 0x8000ecfe (0xbfe5)
core   0: 0x8000ecf6 (0x00001f17) auipc   t5, 0x1
core   0: 3 0x8000ecf6 (0x00001f17) x30 0x8000fcf6
core   0: 0x8000ecfa (0x303f2523) sw      gp, 778(t5)
core   0: 3 0x8000ecfa (0x303f2523) mem 0x80010000 0x00000001
core   0: 0x8000ecfe (0x0000bfe5) c.j     pc - 8
core   0: 3 0x8000ecfe (0xbfe5)
core   0: 0x8000ecf6 (0x00001f17) auipc   t5, 0x1
core   0: 3 0x8000ecf6 (0x00001f17) x30 0x8000fcf6
core   0: 0x8000ecfa (0x303f2523) sw      gp, 778(t5)
core   0: 3 0x8000ecfa (0x303f2523) mem 0x80010000 0x00000001
core   0: 0x8000ecfe (0x0000bfe5) c.j     pc - 8
core   0: 3 0x8000ecfe (0xbfe5)
core   0: 0x8000ecf6 (0x00001f17) auipc   t5, 0x1
core   0: 3 0x8000ecf6 (0x00001f17) x30 0x8000fcf6
core   0: 0x8000ecfa (0x303f2523) sw      gp, 778(t5)
core   0: 3 0x8000ecfa (0x303f2523) mem 0x80010000 0x00000001
core   0: 0x8000ecfe (0x0000bfe5) c.j     pc - 8
core   0: 3 0x8000ecfe (0xbfe5)
core   0: 0x8000ecf6 (0x00001f17) auipc   t5, 0x1
core   0: 3 0x8000ecf6 (0x00001f17) x30 0x8000fcf6
core   0: 0x8000ecfa (0x303f2523) sw      gp, 778(t5)
core   0: 3 0x8000ecfa (0x303f2523) mem 0x80010000 0x00000001
core   0: 0x8000ecfe (0x0000bfe5) c.j     pc - 8
core   0: 3 0x8000ecfe (0xbfe5)
core   0: 0x8000ecf6 (0x00001f17) auipc   t5, 0x1
core   0: 3 0x8000ecf6 (0x00001f17) x30 0x8000fcf6
core   0: 0x8000ecfa (0x303f2523) sw      gp, 778(t5)
core   0: 3 0x8000ecfa (0x303f2523) mem 0x80010000 0x00000001
core   0: 0x8000ecfe (0x0000bfe5) c.j     pc - 8
core   0: 3 0x8000ecfe (0xbfe5)
core   0: 0x8000ecf6 (0x00001f17) auipc   t5, 0x1
core   0: 3 0x8000ecf6 (0x00001f17) x30 0x8000fcf6
core   0: 0x8000ecfa (0x303f2523) sw      gp, 778(t5)
core   0: 3 0x8000ecfa (0x303f2523) mem 0x80010000 0x00000001
core   0: 0x8000ecfe (0x0000bfe5) c.j     pc - 8
core   0: 3 0x8000ecfe (0xbfe5)
core   0: 0x8000ecf6 (0x00001f17) auipc   t5, 0x1
core   0: 3 0x8000ecf6 (0x00001f17) x30 0x8000fcf6
core   0: 0x8000ecfa (0x303f2523) sw      gp, 778(t5)
core   0: 3 0x8000ecfa (0x303f2523) mem 0x80010000 0x00000001
core   0: 0x8000ecfe (0x0000bfe5) c.j     pc - 8
core   0: 3 0x8000ecfe (0xbfe5)
core   0: 0x8000ecf6 (0x00001f17) auipc   t5, 0x1
core   0: 3 0x8000ecf6 (0x00001f17) x30 0x8000fcf6
core   0: 0x8000ecfa (0x303f2523) sw      gp, 778(t5)
core   0: 3 0x8000ecfa (0x303f2523) mem 0x80010000 0x00000001
core   0: 0x8000ecfe (0x0000bfe5) c.j     pc - 8
core   0: 3 0x8000ecfe (0xbfe5)
core   0: 0x8000ecf6 (0x00001f17) auipc   t5, 0x1
core   0: 3 0x8000ecf6 (0x00001f17) x30 0x8000fcf6
core   0: 0x8000ecfa (0x303f2523) sw      gp, 778(t5)
core   0: 3 0x8000ecfa (0x303f2523) mem 0x80010000 0x00000001
core   0: 0x8000ecfe (0x0000bfe5) c.j     pc - 8
core   0: 3 0x8000ecfe (0xbfe5)
core   0: 0x8000ecf6 (0x00001f17) auipc   t5, 0x1
core   0: 3 0x8000ecf6 (0x00001f17) x30 0x8000fcf6
core   0: 0x8000ecfa (0x303f2523) sw      gp, 778(t5)
core   0: 3 0x8000ecfa (0x303f2523) mem 0x80010000 0x00000001
core   0: 0x8000ecfe (0x0000bfe5) c.j     pc - 8
core   0: 3 0x8000ecfe (0xbfe5)
core   0: 0x8000ecf6 (0x00001f17) auipc   t5, 0x1
core   0: 3 0x8000ecf6 (0x00001f17) x30 0x8000fcf6
core   0: 0x8000ecfa (0x303f2523) sw      gp, 778(t5)
core   0: 3 0x8000ecfa (0x303f2523) mem 0x80010000 0x00000001
core   0: 0x8000ecfe (0x0000bfe5) c.j     pc - 8
core   0: 3 0x8000ecfe (0xbfe5)
core   0: 0x8000ecf6 (0x00001f17) auipc   t5, 0x1
core   0: 3 0x8000ecf6 (0x00001f17) x30 0x8000fcf6
core   0: 0x8000ecfa (0x303f2523) sw      gp, 778(t5)
core   0: 3 0x8000ecfa (0x303f2523) mem 0x80010000 0x00000001
core   0: 0x8000ecfe (0x0000bfe5) c.j     pc - 8
core   0: 3 0x8000ecfe (0xbfe5)
core   0: 0x8000ecf6 (0x00001f17) auipc   t5, 0x1
core   0: 3 0x8000ecf6 (0x00001f17) x30 0x8000fcf6
core   0: 0x8000ecfa (0x303f2523) sw      gp, 778(t5)
core   0: 3 0x8000ecfa (0x303f2523) mem 0x80010000 0x00000001
core   0: 0x8000ecfe (0x0000bfe5) c.j     pc - 8
core   0: 3 0x8000ecfe (0xbfe5)
core   0: 0x8000ecf6 (0x00001f17) auipc   t5, 0x1
core   0: 3 0x8000ecf6 (0x00001f17) x30 0x8000fcf6
core   0: 0x8000ecfa (0x303f2523) sw      gp, 778(t5)
core   0: 3 0x8000ecfa (0x303f2523) mem 0x80010000 0x00000001
core   0: 0x8000ecfe (0x0000bfe5) c.j     pc - 8
core   0: 3 0x8000ecfe (0xbfe5)
core   0: 0x8000ecf6 (0x00001f17) auipc   t5, 0x1
core   0: 3 0x8000ecf6 (0x00001f17) x30 0x8000fcf6
core   0: 0x8000ecfa (0x303f2523) sw      gp, 778(t5)
core   0: 3 0x8000ecfa (0x303f2523) mem 0x80010000 0x00000001
core   0: 0x8000ecfe (0x0000bfe5) c.j     pc - 8
core   0: 3 0x8000ecfe (0xbfe5)
core   0: 0x8000ecf6 (0x00001f17) auipc   t5, 0x1
core   0: 3 0x8000ecf6 (0x00001f17) x30 0x8000fcf6
core   0: 0x8000ecfa (0x303f2523) sw      gp, 778(t5)
core   0: 3 0x8000ecfa (0x303f2523) mem 0x80010000 0x00000001
core   0: 0x8000ecfe (0x0000bfe5) c.j     pc - 8
core   0: 3 0x8000ecfe (0xbfe5)
core   0: 0x8000ecf6 (0x00001f17) auipc   t5, 0x1
core   0: 3 0x8000ecf6 (0x00001f17) x30 0x8000fcf6
core   0: 0x8000ecfa (0x303f2523) sw      gp, 778(t5)
core   0: 3 0x8000ecfa (0x303f2523) mem 0x80010000 0x00000001
core   0: 0x8000ecfe (0x0000bfe5) c.j     pc - 8
core   0: 3 0x8000ecfe (0xbfe5)
core   0: 0x8000ecf6 (0x00001f17) auipc   t5, 0x1
core   0: 3 0x8000ecf6 (0x00001f17) x30 0x8000fcf6
core   0: 0x8000ecfa (0x303f2523) sw      gp, 778(t5)
core   0: 3 0x8000ecfa (0x303f2523) mem 0x80010000 0x00000001
core   0: 0x8000ecfe (0x0000bfe5) c.j     pc - 8
core   0: 3 0x8000ecfe (0xbfe5)
core   0: 0x8000ecf6 (0x00001f17) auipc   t5, 0x1
core   0: 3 0x8000ecf6 (0x00001f17) x30 0x8000fcf6
core   0: 0x8000ecfa (0x303f2523) sw      gp, 778(t5)
core   0: 3 0x8000ecfa (0x303f2523) mem 0x80010000 0x00000001
core   0: 0x8000ecfe (0x0000bfe5) c.j     pc - 8
core   0: 3 0x8000ecfe (0xbfe5)
core   0: 0x8000ecf6 (0x00001f17) auipc   t5, 0x1
core   0: 3 0x8000ecf6 (0x00001f17) x30 0x8000fcf6
core   0: 0x8000ecfa (0x303f2523) sw      gp, 778(t5)
core   0: 3 0x8000ecfa (0x303f2523) mem 0x80010000 0x00000001
core   0: 0x8000ecfe (0x0000bfe5) c.j     pc - 8
core   0: 3 0x8000ecfe (0xbfe5)
core   0: 0x8000ecf6 (0x00001f17) auipc   t5, 0x1
core   0: 3 0x8000ecf6 (0x00001f17) x30 0x8000fcf6
core   0: 0x8000ecfa (0x303f2523) sw      gp, 778(t5)
core   0: 3 0x8000ecfa (0x303f2523) mem 0x80010000 0x00000001
core   0: 0x8000ecfe (0x0000bfe5) c.j     pc - 8
core   0: 3 0x8000ecfe (0xbfe5)
core   0: 0x8000ecf6 (0x00001f17) auipc   t5, 0x1
core   0: 3 0x8000ecf6 (0x00001f17) x30 0x8000fcf6
core   0: 0x8000ecfa (0x303f2523) sw      gp, 778(t5)
core   0: 3 0x8000ecfa (0x303f2523) mem 0x80010000 0x00000001
core   0: 0x8000ecfe (0x0000bfe5) c.j     pc - 8
core   0: 3 0x8000ecfe (0xbfe5)
core   0: 0x8000ecf6 (0x00001f17) auipc   t5, 0x1
core   0: 3 0x8000ecf6 (0x00001f17) x30 0x8000fcf6
core   0: 0x8000ecfa (0x303f2523) sw      gp, 778(t5)
core   0: 3 0x8000ecfa (0x303f2523) mem 0x80010000 0x00000001
core   0: 0x8000ecfe (0x0000bfe5) c.j     pc - 8
core   0: 3 0x8000ecfe (0xbfe5)
core   0: 0x8000ecf6 (0x00001f17) auipc   t5, 0x1
core   0: 3 0x8000ecf6 (0x00001f17) x30 0x8000fcf6
core   0: 0x8000ecfa (0x303f2523) sw      gp, 778(t5)
core   0: 3 0x8000ecfa (0x303f2523) mem 0x80010000 0x00000001
core   0: 0x8000ecfe (0x0000bfe5) c.j     pc - 8
core   0: 3 0x8000ecfe (0xbfe5)
core   0: 0x8000ecf6 (0x00001f17) auipc   t5, 0x1
core   0: 3 0x8000ecf6 (0x00001f17) x30 0x8000fcf6
core   0: 0x8000ecfa (0x303f2523) sw      gp, 778(t5)
core   0: 3 0x8000ecfa (0x303f2523) mem 0x80010000 0x00000001
core   0: 0x8000ecfe (0x0000bfe5) c.j     pc - 8
core   0: 3 0x8000ecfe (0xbfe5)
core   0: 0x8000ecf6 (0x00001f17) auipc   t5, 0x1
core   0: 3 0x8000ecf6 (0x00001f17) x30 0x8000fcf6
core   0: 0x8000ecfa (0x303f2523) sw      gp, 778(t5)
core   0: 3 0x8000ecfa (0x303f2523) mem 0x80010000 0x00000001
core   0: 0x8000ecfe (0x0000bfe5) c.j     pc - 8
core   0: 3 0x8000ecfe (0xbfe5)
core   0: 0x8000ecf6 (0x00001f17) auipc   t5, 0x1
core   0: 3 0x8000ecf6 (0x00001f17) x30 0x8000fcf6
core   0: 0x8000ecfa (0x303f2523) sw      gp, 778(t5)
core   0: 3 0x8000ecfa (0x303f2523) mem 0x80010000 0x00000001
core   0: 0x8000ecfe (0x0000bfe5) c.j     pc - 8
core   0: 3 0x8000ecfe (0xbfe5)
core   0: 0x8000ecf6 (0x00001f17) auipc   t5, 0x1
core   0: 3 0x8000ecf6 (0x00001f17) x30 0x8000fcf6
core   0: 0x8000ecfa (0x303f2523) sw      gp, 778(t5)
core   0: 3 0x8000ecfa (0x303f2523) mem 0x80010000 0x00000001
core   0: 0x8000ecfe (0x0000bfe5) c.j     pc - 8
core   0: 3 0x8000ecfe (0xbfe5)
core   0: 0x8000ecf6 (0x00001f17) auipc   t5, 0x1
core   0: 3 0x8000ecf6 (0x00001f17) x30 0x8000fcf6
core   0: 0x8000ecfa (0x303f2523) sw      gp, 778(t5)
core   0: 3 0x8000ecfa (0x303f2523) mem 0x80010000 0x00000001
core   0: 0x8000ecfe (0x0000bfe5) c.j     pc - 8
core   0: 3 0x8000ecfe (0xbfe5)
core   0: 0x8000ecf6 (0x00001f17) auipc   t5, 0x1
core   0: 3 0x8000ecf6 (0x00001f17) x30 0x8000fcf6
core   0: 0x8000ecfa (0x303f2523) sw      gp, 778(t5)
core   0: 3 0x8000ecfa (0x303f2523) mem 0x80010000 0x00000001
core   0: 0x8000ecfe (0x0000bfe5) c.j     pc - 8
core   0: 3 0x8000ecfe (0xbfe5)
core   0: 0x8000ecf6 (0x00001f17) auipc   t5, 0x1
core   0: 3 0x8000ecf6 (0x00001f17) x30 0x8000fcf6
core   0: 0x8000ecfa (0x303f2523) sw      gp, 778(t5)
core   0: 3 0x8000ecfa (0x303f2523) mem 0x80010000 0x00000001
core   0: 0x8000ecfe (0x0000bfe5) c.j     pc - 8
core   0: 3 0x8000ecfe (0xbfe5)
core   0: 0x8000ecf6 (0x00001f17) auipc   t5, 0x1
core   0: 3 0x8000ecf6 (0x00001f17) x30 0x8000fcf6
core   0: 0x8000ecfa (0x303f2523) sw      gp, 778(t5)
core   0: 3 0x8000ecfa (0x303f2523) mem 0x80010000 0x00000001
core   0: 0x8000ecfe (0x0000bfe5) c.j     pc - 8
core   0: 3 0x8000ecfe (0xbfe5)
core   0: 0x8000ecf6 (0x00001f17) auipc   t5, 0x1
core   0: 3 0x8000ecf6 (0x00001f17) x30 0x8000fcf6
core   0: 0x8000ecfa (0x303f2523) sw      gp, 778(t5)
core   0: 3 0x8000ecfa (0x303f2523) mem 0x80010000 0x00000001
core   0: 0x8000ecfe (0x0000bfe5) c.j     pc - 8
core   0: 3 0x8000ecfe (0xbfe5)
core   0: 0x8000ecf6 (0x00001f17) auipc   t5, 0x1
core   0: 3 0x8000ecf6 (0x00001f17) x30 0x8000fcf6
core   0: 0x8000ecfa (0x303f2523) sw      gp, 778(t5)
core   0: 3 0x8000ecfa (0x303f2523) mem 0x80010000 0x00000001
core   0: 0x8000ecfe (0x0000bfe5) c.j     pc - 8
core   0: 3 0x8000ecfe (0xbfe5)
core   0: 0x8000ecf6 (0x00001f17) auipc   t5, 0x1
core   0: 3 0x8000ecf6 (0x00001f17) x30 0x8000fcf6
core   0: 0x8000ecfa (0x303f2523) sw      gp, 778(t5)
core   0: 3 0x8000ecfa (0x303f2523) mem 0x80010000 0x00000001
core   0: 0x8000ecfe (0x0000bfe5) c.j     pc - 8
core   0: 3 0x8000ecfe (0xbfe5)
core   0: 0x8000ecf6 (0x00001f17) auipc   t5, 0x1
core   0: 3 0x8000ecf6 (0x00001f17) x30 0x8000fcf6
core   0: 0x8000ecfa (0x303f2523) sw      gp, 778(t5)
core   0: 3 0x8000ecfa (0x303f2523) mem 0x80010000 0x00000001
core   0: 0x8000ecfe (0x0000bfe5) c.j     pc - 8
core   0: 3 0x8000ecfe (0xbfe5)
core   0: 0x8000ecf6 (0x00001f17) auipc   t5, 0x1
core   0: 3 0x8000ecf6 (0x00001f17) x30 0x8000fcf6
core   0: 0x8000ecfa (0x303f2523) sw      gp, 778(t5)
core   0: 3 0x8000ecfa (0x303f2523) mem 0x80010000 0x00000001
core   0: 0x8000ecfe (0x0000bfe5) c.j     pc - 8
core   0: 3 0x8000ecfe (0xbfe5)
core   0: 0x8000ecf6 (0x00001f17) auipc   t5, 0x1
core   0: 3 0x8000ecf6 (0x00001f17) x30 0x8000fcf6
core   0: 0x8000ecfa (0x303f2523) sw      gp, 778(t5)
core   0: 3 0x8000ecfa (0x303f2523) mem 0x80010000 0x00000001
core   0: 0x8000ecfe (0x0000bfe5) c.j     pc - 8
core   0: 3 0x8000ecfe (0xbfe5)
core   0: 0x8000ecf6 (0x00001f17) auipc   t5, 0x1
core   0: 3 0x8000ecf6 (0x00001f17) x30 0x8000fcf6
core   0: 0x8000ecfa (0x303f2523) sw      gp, 778(t5)
core   0: 3 0x8000ecfa (0x303f2523) mem 0x80010000 0x00000001
core   0: 0x8000ecfe (0x0000bfe5) c.j     pc - 8
core   0: 3 0x8000ecfe (0xbfe5)
core   0: 0x8000ecf6 (0x00001f17) auipc   t5, 0x1
core   0: 3 0x8000ecf6 (0x00001f17) x30 0x8000fcf6
core   0: 0x8000ecfa (0x303f2523) sw      gp, 778(t5)
core   0: 3 0x8000ecfa (0x303f2523) mem 0x80010000 0x00000001
core   0: 0x8000ecfe (0x0000bfe5) c.j     pc - 8
core   0: 3 0x8000ecfe (0xbfe5)
core   0: 0x8000ecf6 (0x00001f17) auipc   t5, 0x1
core   0: 3 0x8000ecf6 (0x00001f17) x30 0x8000fcf6
core   0: 0x8000ecfa (0x303f2523) sw      gp, 778(t5)
core   0: 3 0x8000ecfa (0x303f2523) mem 0x80010000 0x00000001
core   0: 0x8000ecfe (0x0000bfe5) c.j     pc - 8
core   0: 3 0x8000ecfe (0xbfe5)
core   0: 0x8000ecf6 (0x00001f17) auipc   t5, 0x1
core   0: 3 0x8000ecf6 (0x00001f17) x30 0x8000fcf6
core   0: 0x8000ecfa (0x303f2523) sw      gp, 778(t5)
core   0: 3 0x8000ecfa (0x303f2523) mem 0x80010000 0x00000001
core   0: 0x8000ecfe (0x0000bfe5) c.j     pc - 8
core   0: 3 0x8000ecfe (0xbfe5)
core   0: 0x8000ecf6 (0x00001f17) auipc   t5, 0x1
core   0: 3 0x8000ecf6 (0x00001f17) x30 0x8000fcf6
core   0: 0x8000ecfa (0x303f2523) sw      gp, 778(t5)
core   0: 3 0x8000ecfa (0x303f2523) mem 0x80010000 0x00000001
core   0: 0x8000ecfe (0x0000bfe5) c.j     pc - 8
core   0: 3 0x8000ecfe (0xbfe5)
core   0: 0x8000ecf6 (0x00001f17) auipc   t5, 0x1
core   0: 3 0x8000ecf6 (0x00001f17) x30 0x8000fcf6
core   0: 0x8000ecfa (0x303f2523) sw      gp, 778(t5)
core   0: 3 0x8000ecfa (0x303f2523) mem 0x80010000 0x00000001
core   0: 0x8000ecfe (0x0000bfe5) c.j     pc - 8
core   0: 3 0x8000ecfe (0xbfe5)
core   0: 0x8000ecf6 (0x00001f17) auipc   t5, 0x1
core   0: 3 0x8000ecf6 (0x00001f17) x30 0x8000fcf6
core   0: 0x8000ecfa (0x303f2523) sw      gp, 778(t5)
core   0: 3 0x8000ecfa (0x303f2523) mem 0x80010000 0x00000001
core   0: 0x8000ecfe (0x0000bfe5) c.j     pc - 8
core   0: 3 0x8000ecfe (0xbfe5)
core   0: 0x8000ecf6 (0x00001f17) auipc   t5, 0x1
core   0: 3 0x8000ecf6 (0x00001f17) x30 0x8000fcf6
core   0: 0x8000ecfa (0x303f2523) sw      gp, 778(t5)
core   0: 3 0x8000ecfa (0x303f2523) mem 0x80010000 0x00000001
core   0: 0x8000ecfe (0x0000bfe5) c.j     pc - 8
core   0: 3 0x8000ecfe (0xbfe5)
core   0: 0x8000ecf6 (0x00001f17) auipc   t5, 0x1
core   0: 3 0x8000ecf6 (0x00001f17) x30 0x8000fcf6
core   0: 0x8000ecfa (0x303f2523) sw      gp, 778(t5)
core   0: 3 0x8000ecfa (0x303f2523) mem 0x80010000 0x00000001
core   0: 0x8000ecfe (0x0000bfe5) c.j     pc - 8
core   0: 3 0x8000ecfe (0xbfe5)
core   0: 0x8000ecf6 (0x00001f17) auipc   t5, 0x1
core   0: 3 0x8000ecf6 (0x00001f17) x30 0x8000fcf6
core   0: 0x8000ecfa (0x303f2523) sw      gp, 778(t5)
core   0: 3 0x8000ecfa (0x303f2523) mem 0x80010000 0x00000001
core   0: 0x8000ecfe (0x0000bfe5) c.j     pc - 8
core   0: 3 0x8000ecfe (0xbfe5)
core   0: 0x8000ecf6 (0x00001f17) auipc   t5, 0x1
core   0: 3 0x8000ecf6 (0x00001f17) x30 0x8000fcf6
core   0: 0x8000ecfa (0x303f2523) sw      gp, 778(t5)
core   0: 3 0x8000ecfa (0x303f2523) mem 0x80010000 0x00000001
core   0: 0x8000ecfe (0x0000bfe5) c.j     pc - 8
core   0: 3 0x8000ecfe (0xbfe5)
core   0: 0x8000ecf6 (0x00001f17) auipc   t5, 0x1
core   0: 3 0x8000ecf6 (0x00001f17) x30 0x8000fcf6
core   0: 0x8000ecfa (0x303f2523) sw      gp, 778(t5)
core   0: 3 0x8000ecfa (0x303f2523) mem 0x80010000 0x00000001
core   0: 0x8000ecfe (0x0000bfe5) c.j     pc - 8
core   0: 3 0x8000ecfe (0xbfe5)
core   0: 0x8000ecf6 (0x00001f17) auipc   t5, 0x1
core   0: 3 0x8000ecf6 (0x00001f17) x30 0x8000fcf6
core   0: 0x8000ecfa (0x303f2523) sw      gp, 778(t5)
core   0: 3 0x8000ecfa (0x303f2523) mem 0x80010000 0x00000001
core   0: 0x8000ecfe (0x0000bfe5) c.j     pc - 8
core   0: 3 0x8000ecfe (0xbfe5)
core   0: 0x8000ecf6 (0x00001f17) auipc   t5, 0x1
core   0: 3 0x8000ecf6 (0x00001f17) x30 0x8000fcf6
core   0: 0x8000ecfa (0x303f2523) sw      gp, 778(t5)
core   0: 3 0x8000ecfa (0x303f2523) mem 0x80010000 0x00000001
core   0: 0x8000ecfe (0x0000bfe5) c.j     pc - 8
core   0: 3 0x8000ecfe (0xbfe5)
core   0: 0x8000ecf6 (0x00001f17) auipc   t5, 0x1
core   0: 3 0x8000ecf6 (0x00001f17) x30 0x8000fcf6
core   0: 0x8000ecfa (0x303f2523) sw      gp, 778(t5)
core   0: 3 0x8000ecfa (0x303f2523) mem 0x80010000 0x00000001
core   0: 0x8000ecfe (0x0000bfe5) c.j     pc - 8
core   0: 3 0x8000ecfe (0xbfe5)
core   0: 0x8000ecf6 (0x00001f17) auipc   t5, 0x1
core   0: 3 0x8000ecf6 (0x00001f17) x30 0x8000fcf6
core   0: 0x8000ecfa (0x303f2523) sw      gp, 778(t5)
core   0: 3 0x8000ecfa (0x303f2523) mem 0x80010000 0x00000001
core   0: 0x8000ecfe (0x0000bfe5) c.j     pc - 8
core   0: 3 0x8000ecfe (0xbfe5)
core   0: 0x8000ecf6 (0x00001f17) auipc   t5, 0x1
core   0: 3 0x8000ecf6 (0x00001f17) x30 0x8000fcf6
core   0: 0x8000ecfa (0x303f2523) sw      gp, 778(t5)
core   0: 3 0x8000ecfa (0x303f2523) mem 0x80010000 0x00000001
core   0: 0x8000ecfe (0x0000bfe5) c.j     pc - 8
core   0: 3 0x8000ecfe (0xbfe5)
core   0: 0x8000ecf6 (0x00001f17) auipc   t5, 0x1
core   0: 3 0x8000ecf6 (0x00001f17) x30 0x8000fcf6
core   0: 0x8000ecfa (0x303f2523) sw      gp, 778(t5)
core   0: 3 0x8000ecfa (0x303f2523) mem 0x80010000 0x00000001
core   0: 0x8000ecfe (0x0000bfe5) c.j     pc - 8
core   0: 3 0x8000ecfe (0xbfe5)
core   0: 0x8000ecf6 (0x00001f17) auipc   t5, 0x1
core   0: 3 0x8000ecf6 (0x00001f17) x30 0x8000fcf6
core   0: 0x8000ecfa (0x303f2523) sw      gp, 778(t5)
core   0: 3 0x8000ecfa (0x303f2523) mem 0x80010000 0x00000001
core   0: 0x8000ecfe (0x0000bfe5) c.j     pc - 8
core   0: 3 0x8000ecfe (0xbfe5)
core   0: 0x8000ecf6 (0x00001f17) auipc   t5, 0x1
core   0: 3 0x8000ecf6 (0x00001f17) x30 0x8000fcf6
core   0: 0x8000ecfa (0x303f2523) sw      gp, 778(t5)
core   0: 3 0x8000ecfa (0x303f2523) mem 0x80010000 0x00000001
core   0: 0x8000ecfe (0x0000bfe5) c.j     pc - 8
core   0: 3 0x8000ecfe (0xbfe5)
core   0: 0x8000ecf6 (0x00001f17) auipc   t5, 0x1
core   0: 3 0x8000ecf6 (0x00001f17) x30 0x8000fcf6
core   0: 0x8000ecfa (0x303f2523) sw      gp, 778(t5)
core   0: 3 0x8000ecfa (0x303f2523) mem 0x80010000 0x00000001
core   0: 0x8000ecfe (0x0000bfe5) c.j     pc - 8
core   0: 3 0x8000ecfe (0xbfe5)
core   0: 0x8000ecf6 (0x00001f17) auipc   t5, 0x1
core   0: 3 0x8000ecf6 (0x00001f17) x30 0x8000fcf6
core   0: 0x8000ecfa (0x303f2523) sw      gp, 778(t5)
core   0: 3 0x8000ecfa (0x303f2523) mem 0x80010000 0x00000001
core   0: 0x8000ecfe (0x0000bfe5) c.j     pc - 8
core   0: 3 0x8000ecfe (0xbfe5)
core   0: 0x8000ecf6 (0x00001f17) auipc   t5, 0x1
core   0: 3 0x8000ecf6 (0x00001f17) x30 0x8000fcf6
core   0: 0x8000ecfa (0x303f2523) sw      gp, 778(t5)
core   0: 3 0x8000ecfa (0x303f2523) mem 0x80010000 0x00000001
core   0: 0x8000ecfe (0x0000bfe5) c.j     pc - 8
core   0: 3 0x8000ecfe (0xbfe5)
core   0: 0x8000ecf6 (0x00001f17) auipc   t5, 0x1
core   0: 3 0x8000ecf6 (0x00001f17) x30 0x8000fcf6
core   0: 0x8000ecfa (0x303f2523) sw      gp, 778(t5)
core   0: 3 0x8000ecfa (0x303f2523) mem 0x80010000 0x00000001
core   0: 0x8000ecfe (0x0000bfe5) c.j     pc - 8
core   0: 3 0x8000ecfe (0xbfe5)
core   0: 0x8000ecf6 (0x00001f17) auipc   t5, 0x1
core   0: 3 0x8000ecf6 (0x00001f17) x30 0x8000fcf6
core   0: 0x8000ecfa (0x303f2523) sw      gp, 778(t5)
core   0: 3 0x8000ecfa (0x303f2523) mem 0x80010000 0x00000001
core   0: 0x8000ecfe (0x0000bfe5) c.j     pc - 8
core   0: 3 0x8000ecfe (0xbfe5)
core   0: 0x8000ecf6 (0x00001f17) auipc   t5, 0x1
core   0: 3 0x8000ecf6 (0x00001f17) x30 0x8000fcf6
core   0: 0x8000ecfa (0x303f2523) sw      gp, 778(t5)
core   0: 3 0x8000ecfa (0x303f2523) mem 0x80010000 0x00000001
core   0: 0x8000ecfe (0x0000bfe5) c.j     pc - 8
core   0: 3 0x8000ecfe (0xbfe5)
core   0: 0x8000ecf6 (0x00001f17) auipc   t5, 0x1
core   0: 3 0x8000ecf6 (0x00001f17) x30 0x8000fcf6
core   0: 0x8000ecfa (0x303f2523) sw      gp, 778(t5)
core   0: 3 0x8000ecfa (0x303f2523) mem 0x80010000 0x00000001
core   0: 0x8000ecfe (0x0000bfe5) c.j     pc - 8
core   0: 3 0x8000ecfe (0xbfe5)
core   0: 0x8000ecf6 (0x00001f17) auipc   t5, 0x1
core   0: 3 0x8000ecf6 (0x00001f17) x30 0x8000fcf6
core   0: 0x8000ecfa (0x303f2523) sw      gp, 778(t5)
core   0: 3 0x8000ecfa (0x303f2523) mem 0x80010000 0x00000001
core   0: 0x8000ecfe (0x0000bfe5) c.j     pc - 8
core   0: 3 0x8000ecfe (0xbfe5)
core   0: 0x8000ecf6 (0x00001f17) auipc   t5, 0x1
core   0: 3 0x8000ecf6 (0x00001f17) x30 0x8000fcf6
core   0: 0x8000ecfa (0x303f2523) sw      gp, 778(t5)
core   0: 3 0x8000ecfa (0x303f2523) mem 0x80010000 0x00000001
core   0: 0x8000ecfe (0x0000bfe5) c.j     pc - 8
core   0: 3 0x8000ecfe (0xbfe5)
core   0: 0x8000ecf6 (0x00001f17) auipc   t5, 0x1
core   0: 3 0x8000ecf6 (0x00001f17) x30 0x8000fcf6
core   0: 0x8000ecfa (0x303f2523) sw      gp, 778(t5)
core   0: 3 0x8000ecfa (0x303f2523) mem 0x80010000 0x00000001
core   0: 0x8000ecfe (0x0000bfe5) c.j     pc - 8
core   0: 3 0x8000ecfe (0xbfe5)
core   0: 0x8000ecf6 (0x00001f17) auipc   t5, 0x1
core   0: 3 0x8000ecf6 (0x00001f17) x30 0x8000fcf6
core   0: 0x8000ecfa (0x303f2523) sw      gp, 778(t5)
core   0: 3 0x8000ecfa (0x303f2523) mem 0x80010000 0x00000001
core   0: 0x8000ecfe (0x0000bfe5) c.j     pc - 8
core   0: 3 0x8000ecfe (0xbfe5)
core   0: 0x8000ecf6 (0x00001f17) auipc   t5, 0x1
core   0: 3 0x8000ecf6 (0x00001f17) x30 0x8000fcf6
core   0: 0x8000ecfa (0x303f2523) sw      gp, 778(t5)
core   0: 3 0x8000ecfa (0x303f2523) mem 0x80010000 0x00000001
core   0: 0x8000ecfe (0x0000bfe5) c.j     pc - 8
core   0: 3 0x8000ecfe (0xbfe5)
core   0: 0x8000ecf6 (0x00001f17) auipc   t5, 0x1
core   0: 3 0x8000ecf6 (0x00001f17) x30 0x8000fcf6
core   0: 0x8000ecfa (0x303f2523) sw      gp, 778(t5)
core   0: 3 0x8000ecfa (0x303f2523) mem 0x80010000 0x00000001
core   0: 0x8000ecfe (0x0000bfe5) c.j     pc - 8
core   0: 3 0x8000ecfe (0xbfe5)
core   0: 0x8000ecf6 (0x00001f17) auipc   t5, 0x1
core   0: 3 0x8000ecf6 (0x00001f17) x30 0x8000fcf6
core   0: 0x8000ecfa (0x303f2523) sw      gp, 778(t5)
core   0: 3 0x8000ecfa (0x303f2523) mem 0x80010000 0x00000001
core   0: 0x8000ecfe (0x0000bfe5) c.j     pc - 8
core   0: 3 0x8000ecfe (0xbfe5)
core   0: 0x8000ecf6 (0x00001f17) auipc   t5, 0x1
core   0: 3 0x8000ecf6 (0x00001f17) x30 0x8000fcf6
core   0: 0x8000ecfa (0x303f2523) sw      gp, 778(t5)
core   0: 3 0x8000ecfa (0x303f2523) mem 0x80010000 0x00000001
core   0: 0x8000ecfe (0x0000bfe5) c.j     pc - 8
core   0: 3 0x8000ecfe (0xbfe5)
core   0: 0x8000ecf6 (0x00001f17) auipc   t5, 0x1
core   0: 3 0x8000ecf6 (0x00001f17) x30 0x8000fcf6
core   0: 0x8000ecfa (0x303f2523) sw      gp, 778(t5)
core   0: 3 0x8000ecfa (0x303f2523) mem 0x80010000 0x00000001
core   0: 0x8000ecfe (0x0000bfe5) c.j     pc - 8
core   0: 3 0x8000ecfe (0xbfe5)
core   0: 0x8000ecf6 (0x00001f17) auipc   t5, 0x1
core   0: 3 0x8000ecf6 (0x00001f17) x30 0x8000fcf6
core   0: 0x8000ecfa (0x303f2523) sw      gp, 778(t5)
core   0: 3 0x8000ecfa (0x303f2523) mem 0x80010000 0x00000001
core   0: 0x8000ecfe (0x0000bfe5) c.j     pc - 8
core   0: 3 0x8000ecfe (0xbfe5)
core   0: 0x8000ecf6 (0x00001f17) auipc   t5, 0x1
core   0: 3 0x8000ecf6 (0x00001f17) x30 0x8000fcf6
core   0: 0x8000ecfa (0x303f2523) sw      gp, 778(t5)
core   0: 3 0x8000ecfa (0x303f2523) mem 0x80010000 0x00000001
core   0: 0x8000ecfe (0x0000bfe5) c.j     pc - 8
core   0: 3 0x8000ecfe (0xbfe5)
core   0: 0x8000ecf6 (0x00001f17) auipc   t5, 0x1
core   0: 3 0x8000ecf6 (0x00001f17) x30 0x8000fcf6
core   0: 0x8000ecfa (0x303f2523) sw      gp, 778(t5)
core   0: 3 0x8000ecfa (0x303f2523) mem 0x80010000 0x00000001
core   0: 0x8000ecfe (0x0000bfe5) c.j     pc - 8
core   0: 3 0x8000ecfe (0xbfe5)
core   0: 0x8000ecf6 (0x00001f17) auipc   t5, 0x1
core   0: 3 0x8000ecf6 (0x00001f17) x30 0x8000fcf6
core   0: 0x8000ecfa (0x303f2523) sw      gp, 778(t5)
core   0: 3 0x8000ecfa (0x303f2523) mem 0x80010000 0x00000001
core   0: 0x8000ecfe (0x0000bfe5) c.j     pc - 8
core   0: 3 0x8000ecfe (0xbfe5)
core   0: 0x8000ecf6 (0x00001f17) auipc   t5, 0x1
core   0: 3 0x8000ecf6 (0x00001f17) x30 0x8000fcf6
core   0: 0x8000ecfa (0x303f2523) sw      gp, 778(t5)
core   0: 3 0x8000ecfa (0x303f2523) mem 0x80010000 0x00000001
core   0: 0x8000ecfe (0x0000bfe5) c.j     pc - 8
core   0: 3 0x8000ecfe (0xbfe5)
core   0: 0x8000ecf6 (0x00001f17) auipc   t5, 0x1
core   0: 3 0x8000ecf6 (0x00001f17) x30 0x8000fcf6
core   0: 0x8000ecfa (0x303f2523) sw      gp, 778(t5)
core   0: 3 0x8000ecfa (0x303f2523) mem 0x80010000 0x00000001
core   0: 0x8000ecfe (0x0000bfe5) c.j     pc - 8
core   0: 3 0x8000ecfe (0xbfe5)
core   0: 0x8000ecf6 (0x00001f17) auipc   t5, 0x1
core   0: 3 0x8000ecf6 (0x00001f17) x30 0x8000fcf6
core   0: 0x8000ecfa (0x303f2523) sw      gp, 778(t5)
core   0: 3 0x8000ecfa (0x303f2523) mem 0x80010000 0x00000001
core   0: 0x8000ecfe (0x0000bfe5) c.j     pc - 8
core   0: 3 0x8000ecfe (0xbfe5)
core   0: 0x8000ecf6 (0x00001f17) auipc   t5, 0x1
core   0: 3 0x8000ecf6 (0x00001f17) x30 0x8000fcf6
core   0: 0x8000ecfa (0x303f2523) sw      gp, 778(t5)
core   0: 3 0x8000ecfa (0x303f2523) mem 0x80010000 0x00000001
core   0: 0x8000ecfe (0x0000bfe5) c.j     pc - 8
core   0: 3 0x8000ecfe (0xbfe5)
core   0: 0x8000ecf6 (0x00001f17) auipc   t5, 0x1
core   0: 3 0x8000ecf6 (0x00001f17) x30 0x8000fcf6
core   0: 0x8000ecfa (0x303f2523) sw      gp, 778(t5)
core   0: 3 0x8000ecfa (0x303f2523) mem 0x80010000 0x00000001
core   0: 0x8000ecfe (0x0000bfe5) c.j     pc - 8
core   0: 3 0x8000ecfe (0xbfe5)
core   0: 0x8000ecf6 (0x00001f17) auipc   t5, 0x1
core   0: 3 0x8000ecf6 (0x00001f17) x30 0x8000fcf6
core   0: 0x8000ecfa (0x303f2523) sw      gp, 778(t5)
core   0: 3 0x8000ecfa (0x303f2523) mem 0x80010000 0x00000001
core   0: 0x8000ecfe (0x0000bfe5) c.j     pc - 8
core   0: 3 0x8000ecfe (0xbfe5)
core   0: 0x8000ecf6 (0x00001f17) auipc   t5, 0x1
core   0: 3 0x8000ecf6 (0x00001f17) x30 0x8000fcf6
core   0: 0x8000ecfa (0x303f2523) sw      gp, 778(t5)
core   0: 3 0x8000ecfa (0x303f2523) mem 0x80010000 0x00000001
core   0: 0x8000ecfe (0x0000bfe5) c.j     pc - 8
core   0: 3 0x8000ecfe (0xbfe5)
core   0: 0x8000ecf6 (0x00001f17) auipc   t5, 0x1
core   0: 3 0x8000ecf6 (0x00001f17) x30 0x8000fcf6
core   0: 0x8000ecfa (0x303f2523) sw      gp, 778(t5)
core   0: 3 0x8000ecfa (0x303f2523) mem 0x80010000 0x00000001
core   0: 0x8000ecfe (0x0000bfe5) c.j     pc - 8
core   0: 3 0x8000ecfe (0xbfe5)
core   0: 0x8000ecf6 (0x00001f17) auipc   t5, 0x1
core   0: 3 0x8000ecf6 (0x00001f17) x30 0x8000fcf6
core   0: 0x8000ecfa (0x303f2523) sw      gp, 778(t5)
core   0: 3 0x8000ecfa (0x303f2523) mem 0x80010000 0x00000001
core   0: 0x8000ecfe (0x0000bfe5) c.j     pc - 8
core   0: 3 0x8000ecfe (0xbfe5)
core   0: 0x8000ecf6 (0x00001f17) auipc   t5, 0x1
core   0: 3 0x8000ecf6 (0x00001f17) x30 0x8000fcf6
core   0: 0x8000ecfa (0x303f2523) sw      gp, 778(t5)
core   0: 3 0x8000ecfa (0x303f2523) mem 0x80010000 0x00000001
core   0: 0x8000ecfe (0x0000bfe5) c.j     pc - 8
core   0: 3 0x8000ecfe (0xbfe5)
core   0: 0x8000ecf6 (0x00001f17) auipc   t5, 0x1
core   0: 3 0x8000ecf6 (0x00001f17) x30 0x8000fcf6
core   0: 0x8000ecfa (0x303f2523) sw      gp, 778(t5)
core   0: 3 0x8000ecfa (0x303f2523) mem 0x80010000 0x00000001
core   0: 0x8000ecfe (0x0000bfe5) c.j     pc - 8
core   0: 3 0x8000ecfe (0xbfe5)
core   0: 0x8000ecf6 (0x00001f17) auipc   t5, 0x1
core   0: 3 0x8000ecf6 (0x00001f17) x30 0x8000fcf6
core   0: 0x8000ecfa (0x303f2523) sw      gp, 778(t5)
core   0: 3 0x8000ecfa (0x303f2523) mem 0x80010000 0x00000001
core   0: 0x8000ecfe (0x0000bfe5) c.j     pc - 8
core   0: 3 0x8000ecfe (0xbfe5)
core   0: 0x8000ecf6 (0x00001f17) auipc   t5, 0x1
core   0: 3 0x8000ecf6 (0x00001f17) x30 0x8000fcf6
core   0: 0x8000ecfa (0x303f2523) sw      gp, 778(t5)
core   0: 3 0x8000ecfa (0x303f2523) mem 0x80010000 0x00000001
core   0: 0x8000ecfe (0x0000bfe5) c.j     pc - 8
core   0: 3 0x8000ecfe (0xbfe5)
core   0: 0x8000ecf6 (0x00001f17) auipc   t5, 0x1
core   0: 3 0x8000ecf6 (0x00001f17) x30 0x8000fcf6
core   0: 0x8000ecfa (0x303f2523) sw      gp, 778(t5)
core   0: 3 0x8000ecfa (0x303f2523) mem 0x80010000 0x00000001
core   0: 0x8000ecfe (0x0000bfe5) c.j     pc - 8
core   0: 3 0x8000ecfe (0xbfe5)
core   0: 0x8000ecf6 (0x00001f17) auipc   t5, 0x1
core   0: 3 0x8000ecf6 (0x00001f17) x30 0x8000fcf6
core   0: 0x8000ecfa (0x303f2523) sw      gp, 778(t5)
core   0: 3 0x8000ecfa (0x303f2523) mem 0x80010000 0x00000001
core   0: 0x8000ecfe (0x0000bfe5) c.j     pc - 8
core   0: 3 0x8000ecfe (0xbfe5)
core   0: 0x8000ecf6 (0x00001f17) auipc   t5, 0x1
core   0: 3 0x8000ecf6 (0x00001f17) x30 0x8000fcf6
core   0: 0x8000ecfa (0x303f2523) sw      gp, 778(t5)
core   0: 3 0x8000ecfa (0x303f2523) mem 0x80010000 0x00000001
core   0: 0x8000ecfe (0x0000bfe5) c.j     pc - 8
core   0: 3 0x8000ecfe (0xbfe5)
core   0: 0x8000ecf6 (0x00001f17) auipc   t5, 0x1
core   0: 3 0x8000ecf6 (0x00001f17) x30 0x8000fcf6
core   0: 0x8000ecfa (0x303f2523) sw      gp, 778(t5)
core   0: 3 0x8000ecfa (0x303f2523) mem 0x80010000 0x00000001
core   0: 0x8000ecfe (0x0000bfe5) c.j     pc - 8
core   0: 3 0x8000ecfe (0xbfe5)
core   0: 0x8000ecf6 (0x00001f17) auipc   t5, 0x1
core   0: 3 0x8000ecf6 (0x00001f17) x30 0x8000fcf6
core   0: 0x8000ecfa (0x303f2523) sw      gp, 778(t5)
core   0: 3 0x8000ecfa (0x303f2523) mem 0x80010000 0x00000001
core   0: 0x8000ecfe (0x0000bfe5) c.j     pc - 8
core   0: 3 0x8000ecfe (0xbfe5)
core   0: 0x8000ecf6 (0x00001f17) auipc   t5, 0x1
core   0: 3 0x8000ecf6 (0x00001f17) x30 0x8000fcf6
core   0: 0x8000ecfa (0x303f2523) sw      gp, 778(t5)
core   0: 3 0x8000ecfa (0x303f2523) mem 0x80010000 0x00000001
core   0: 0x8000ecfe (0x0000bfe5) c.j     pc - 8
core   0: 3 0x8000ecfe (0xbfe5)
core   0: 0x8000ecf6 (0x00001f17) auipc   t5, 0x1
core   0: 3 0x8000ecf6 (0x00001f17) x30 0x8000fcf6
core   0: 0x8000ecfa (0x303f2523) sw      gp, 778(t5)
core   0: 3 0x8000ecfa (0x303f2523) mem 0x80010000 0x00000001
core   0: 0x8000ecfe (0x0000bfe5) c.j     pc - 8
core   0: 3 0x8000ecfe (0xbfe5)
core   0: 0x8000ecf6 (0x00001f17) auipc   t5, 0x1
core   0: 3 0x8000ecf6 (0x00001f17) x30 0x8000fcf6
core   0: 0x8000ecfa (0x303f2523) sw      gp, 778(t5)
core   0: 3 0x8000ecfa (0x303f2523) mem 0x80010000 0x00000001
core   0: 0x8000ecfe (0x0000bfe5) c.j     pc - 8
core   0: 3 0x8000ecfe (0xbfe5)
core   0: 0x8000ecf6 (0x00001f17) auipc   t5, 0x1
core   0: 3 0x8000ecf6 (0x00001f17) x30 0x8000fcf6
core   0: 0x8000ecfa (0x303f2523) sw      gp, 778(t5)
core   0: 3 0x8000ecfa (0x303f2523) mem 0x80010000 0x00000001
core   0: 0x8000ecfe (0x0000bfe5) c.j     pc - 8
core   0: 3 0x8000ecfe (0xbfe5)
core   0: 0x8000ecf6 (0x00001f17) auipc   t5, 0x1
core   0: 3 0x8000ecf6 (0x00001f17) x30 0x8000fcf6
core   0: 0x8000ecfa (0x303f2523) sw      gp, 778(t5)
core   0: 3 0x8000ecfa (0x303f2523) mem 0x80010000 0x00000001
core   0: 0x8000ecfe (0x0000bfe5) c.j     pc - 8
core   0: 3 0x8000ecfe (0xbfe5)
core   0: 0x8000ecf6 (0x00001f17) auipc   t5, 0x1
core   0: 3 0x8000ecf6 (0x00001f17) x30 0x8000fcf6
core   0: 0x8000ecfa (0x303f2523) sw      gp, 778(t5)
core   0: 3 0x8000ecfa (0x303f2523) mem 0x80010000 0x00000001
core   0: 0x8000ecfe (0x0000bfe5) c.j     pc - 8
core   0: 3 0x8000ecfe (0xbfe5)
core   0: 0x8000ecf6 (0x00001f17) auipc   t5, 0x1
core   0: 3 0x8000ecf6 (0x00001f17) x30 0x8000fcf6
core   0: 0x8000ecfa (0x303f2523) sw      gp, 778(t5)
core   0: 3 0x8000ecfa (0x303f2523) mem 0x80010000 0x00000001
core   0: 0x8000ecfe (0x0000bfe5) c.j     pc - 8
core   0: 3 0x8000ecfe (0xbfe5)
core   0: 0x8000ecf6 (0x00001f17) auipc   t5, 0x1
core   0: 3 0x8000ecf6 (0x00001f17) x30 0x8000fcf6
core   0: 0x8000ecfa (0x303f2523) sw      gp, 778(t5)
core   0: 3 0x8000ecfa (0x303f2523) mem 0x80010000 0x00000001
core   0: 0x8000ecfe (0x0000bfe5) c.j     pc - 8
core   0: 3 0x8000ecfe (0xbfe5)
core   0: 0x8000ecf6 (0x00001f17) auipc   t5, 0x1
core   0: 3 0x8000ecf6 (0x00001f17) x30 0x8000fcf6
core   0: 0x8000ecfa (0x303f2523) sw      gp, 778(t5)
core   0: 3 0x8000ecfa (0x303f2523) mem 0x80010000 0x00000001
core   0: 0x8000ecfe (0x0000bfe5) c.j     pc - 8
core   0: 3 0x8000ecfe (0xbfe5)
core   0: 0x8000ecf6 (0x00001f17) auipc   t5, 0x1
core   0: 3 0x8000ecf6 (0x00001f17) x30 0x8000fcf6
core   0: 0x8000ecfa (0x303f2523) sw      gp, 778(t5)
core   0: 3 0x8000ecfa (0x303f2523) mem 0x80010000 0x00000001
core   0: 0x8000ecfe (0x0000bfe5) c.j     pc - 8
core   0: 3 0x8000ecfe (0xbfe5)
core   0: 0x8000ecf6 (0x00001f17) auipc   t5, 0x1
core   0: 3 0x8000ecf6 (0x00001f17) x30 0x8000fcf6
core   0: 0x8000ecfa (0x303f2523) sw      gp, 778(t5)
core   0: 3 0x8000ecfa (0x303f2523) mem 0x80010000 0x00000001
core   0: 0x8000ecfe (0x0000bfe5) c.j     pc - 8
core   0: 3 0x8000ecfe (0xbfe5)
core   0: 0x8000ecf6 (0x00001f17) auipc   t5, 0x1
core   0: 3 0x8000ecf6 (0x00001f17) x30 0x8000fcf6
core   0: 0x8000ecfa (0x303f2523) sw      gp, 778(t5)
core   0: 3 0x8000ecfa (0x303f2523) mem 0x80010000 0x00000001
core   0: 0x8000ecfe (0x0000bfe5) c.j     pc - 8
core   0: 3 0x8000ecfe (0xbfe5)
core   0: 0x8000ecf6 (0x00001f17) auipc   t5, 0x1
core   0: 3 0x8000ecf6 (0x00001f17) x30 0x8000fcf6
core   0: 0x8000ecfa (0x303f2523) sw      gp, 778(t5)
core   0: 3 0x8000ecfa (0x303f2523) mem 0x80010000 0x00000001
core   0: 0x8000ecfe (0x0000bfe5) c.j     pc - 8
core   0: 3 0x8000ecfe (0xbfe5)
core   0: 0x8000ecf6 (0x00001f17) auipc   t5, 0x1
core   0: 3 0x8000ecf6 (0x00001f17) x30 0x8000fcf6
core   0: 0x8000ecfa (0x303f2523) sw      gp, 778(t5)
core   0: 3 0x8000ecfa (0x303f2523) mem 0x80010000 0x00000001
core   0: 0x8000ecfe (0x0000bfe5) c.j     pc - 8
core   0: 3 0x8000ecfe (0xbfe5)
core   0: 0x8000ecf6 (0x00001f17) auipc   t5, 0x1
core   0: 3 0x8000ecf6 (0x00001f17) x30 0x8000fcf6
core   0: 0x8000ecfa (0x303f2523) sw      gp, 778(t5)
core   0: 3 0x8000ecfa (0x303f2523) mem 0x80010000 0x00000001
core   0: 0x8000ecfe (0x0000bfe5) c.j     pc - 8
core   0: 3 0x8000ecfe (0xbfe5)
core   0: 0x8000ecf6 (0x00001f17) auipc   t5, 0x1
core   0: 3 0x8000ecf6 (0x00001f17) x30 0x8000fcf6
core   0: 0x8000ecfa (0x303f2523) sw      gp, 778(t5)
core   0: 3 0x8000ecfa (0x303f2523) mem 0x80010000 0x00000001
core   0: 0x8000ecfe (0x0000bfe5) c.j     pc - 8
core   0: 3 0x8000ecfe (0xbfe5)
core   0: 0x8000ecf6 (0x00001f17) auipc   t5, 0x1
core   0: 3 0x8000ecf6 (0x00001f17) x30 0x8000fcf6
core   0: 0x8000ecfa (0x303f2523) sw      gp, 778(t5)
core   0: 3 0x8000ecfa (0x303f2523) mem 0x80010000 0x00000001
core   0: 0x8000ecfe (0x0000bfe5) c.j     pc - 8
core   0: 3 0x8000ecfe (0xbfe5)
core   0: 0x8000ecf6 (0x00001f17) auipc   t5, 0x1
core   0: 3 0x8000ecf6 (0x00001f17) x30 0x8000fcf6
core   0: 0x8000ecfa (0x303f2523) sw      gp, 778(t5)
core   0: 3 0x8000ecfa (0x303f2523) mem 0x80010000 0x00000001
core   0: 0x8000ecfe (0x0000bfe5) c.j     pc - 8
core   0: 3 0x8000ecfe (0xbfe5)
core   0: 0x8000ecf6 (0x00001f17) auipc   t5, 0x1
core   0: 3 0x8000ecf6 (0x00001f17) x30 0x8000fcf6
core   0: 0x8000ecfa (0x303f2523) sw      gp, 778(t5)
core   0: 3 0x8000ecfa (0x303f2523) mem 0x80010000 0x00000001
core   0: 0x8000ecfe (0x0000bfe5) c.j     pc - 8
core   0: 3 0x8000ecfe (0xbfe5)
core   0: 0x8000ecf6 (0x00001f17) auipc   t5, 0x1
core   0: 3 0x8000ecf6 (0x00001f17) x30 0x8000fcf6
core   0: 0x8000ecfa (0x303f2523) sw      gp, 778(t5)
core   0: 3 0x8000ecfa (0x303f2523) mem 0x80010000 0x00000001
core   0: 0x8000ecfe (0x0000bfe5) c.j     pc - 8
core   0: 3 0x8000ecfe (0xbfe5)
core   0: 0x8000ecf6 (0x00001f17) auipc   t5, 0x1
core   0: 3 0x8000ecf6 (0x00001f17) x30 0x8000fcf6
core   0: 0x8000ecfa (0x303f2523) sw      gp, 778(t5)
core   0: 3 0x8000ecfa (0x303f2523) mem 0x80010000 0x00000001
core   0: 0x8000ecfe (0x0000bfe5) c.j     pc - 8
core   0: 3 0x8000ecfe (0xbfe5)
core   0: 0x8000ecf6 (0x00001f17) auipc   t5, 0x1
core   0: 3 0x8000ecf6 (0x00001f17) x30 0x8000fcf6
core   0: 0x8000ecfa (0x303f2523) sw      gp, 778(t5)
core   0: 3 0x8000ecfa (0x303f2523) mem 0x80010000 0x00000001
core   0: 0x8000ecfe (0x0000bfe5) c.j     pc - 8
core   0: 3 0x8000ecfe (0xbfe5)
core   0: 0x8000ecf6 (0x00001f17) auipc   t5, 0x1
core   0: 3 0x8000ecf6 (0x00001f17) x30 0x8000fcf6
core   0: 0x8000ecfa (0x303f2523) sw      gp, 778(t5)
core   0: 3 0x8000ecfa (0x303f2523) mem 0x80010000 0x00000001
core   0: 0x8000ecfe (0x0000bfe5) c.j     pc - 8
core   0: 3 0x8000ecfe (0xbfe5)
core   0: 0x8000ecf6 (0x00001f17) auipc   t5, 0x1
core   0: 3 0x8000ecf6 (0x00001f17) x30 0x8000fcf6
core   0: 0x8000ecfa (0x303f2523) sw      gp, 778(t5)
core   0: 3 0x8000ecfa (0x303f2523) mem 0x80010000 0x00000001
core   0: 0x8000ecfe (0x0000bfe5) c.j     pc - 8
core   0: 3 0x8000ecfe (0xbfe5)
core   0: 0x8000ecf6 (0x00001f17) auipc   t5, 0x1
core   0: 3 0x8000ecf6 (0x00001f17) x30 0x8000fcf6
core   0: 0x8000ecfa (0x303f2523) sw      gp, 778(t5)
core   0: 3 0x8000ecfa (0x303f2523) mem 0x80010000 0x00000001
core   0: 0x8000ecfe (0x0000bfe5) c.j     pc - 8
core   0: 3 0x8000ecfe (0xbfe5)
core   0: 0x8000ecf6 (0x00001f17) auipc   t5, 0x1
core   0: 3 0x8000ecf6 (0x00001f17) x30 0x8000fcf6
core   0: 0x8000ecfa (0x303f2523) sw      gp, 778(t5)
core   0: 3 0x8000ecfa (0x303f2523) mem 0x80010000 0x00000001
core   0: 0x8000ecfe (0x0000bfe5) c.j     pc - 8
core   0: 3 0x8000ecfe (0xbfe5)
core   0: 0x8000ecf6 (0x00001f17) auipc   t5, 0x1
core   0: 3 0x8000ecf6 (0x00001f17) x30 0x8000fcf6
core   0: 0x8000ecfa (0x303f2523) sw      gp, 778(t5)
core   0: 3 0x8000ecfa (0x303f2523) mem 0x80010000 0x00000001
core   0: 0x8000ecfe (0x0000bfe5) c.j     pc - 8
core   0: 3 0x8000ecfe (0xbfe5)
core   0: 0x8000ecf6 (0x00001f17) auipc   t5, 0x1
core   0: 3 0x8000ecf6 (0x00001f17) x30 0x8000fcf6
core   0: 0x8000ecfa (0x303f2523) sw      gp, 778(t5)
core   0: 3 0x8000ecfa (0x303f2523) mem 0x80010000 0x00000001
core   0: 0x8000ecfe (0x0000bfe5) c.j     pc - 8
core   0: 3 0x8000ecfe (0xbfe5)
core   0: 0x8000ecf6 (0x00001f17) auipc   t5, 0x1
core   0: 3 0x8000ecf6 (0x00001f17) x30 0x8000fcf6
core   0: 0x8000ecfa (0x303f2523) sw      gp, 778(t5)
core   0: 3 0x8000ecfa (0x303f2523) mem 0x80010000 0x00000001
core   0: 0x8000ecfe (0x0000bfe5) c.j     pc - 8
core   0: 3 0x8000ecfe (0xbfe5)
core   0: 0x8000ecf6 (0x00001f17) auipc   t5, 0x1
core   0: 3 0x8000ecf6 (0x00001f17) x30 0x8000fcf6
core   0: 0x8000ecfa (0x303f2523) sw      gp, 778(t5)
core   0: 3 0x8000ecfa (0x303f2523) mem 0x80010000 0x00000001
core   0: 0x8000ecfe (0x0000bfe5) c.j     pc - 8
core   0: 3 0x8000ecfe (0xbfe5)
core   0: 0x8000ecf6 (0x00001f17) auipc   t5, 0x1
core   0: 3 0x8000ecf6 (0x00001f17) x30 0x8000fcf6
core   0: 0x8000ecfa (0x303f2523) sw      gp, 778(t5)
core   0: 3 0x8000ecfa (0x303f2523) mem 0x80010000 0x00000001
core   0: 0x8000ecfe (0x0000bfe5) c.j     pc - 8
core   0: 3 0x8000ecfe (0xbfe5)
core   0: 0x8000ecf6 (0x00001f17) auipc   t5, 0x1
core   0: 3 0x8000ecf6 (0x00001f17) x30 0x8000fcf6
core   0: 0x8000ecfa (0x303f2523) sw      gp, 778(t5)
core   0: 3 0x8000ecfa (0x303f2523) mem 0x80010000 0x00000001
core   0: 0x8000ecfe (0x0000bfe5) c.j     pc - 8
core   0: 3 0x8000ecfe (0xbfe5)
core   0: 0x8000ecf6 (0x00001f17) auipc   t5, 0x1
core   0: 3 0x8000ecf6 (0x00001f17) x30 0x8000fcf6
core   0: 0x8000ecfa (0x303f2523) sw      gp, 778(t5)
core   0: 3 0x8000ecfa (0x303f2523) mem 0x80010000 0x00000001
core   0: 0x8000ecfe (0x0000bfe5) c.j     pc - 8
core   0: 3 0x8000ecfe (0xbfe5)
core   0: 0x8000ecf6 (0x00001f17) auipc   t5, 0x1
core   0: 3 0x8000ecf6 (0x00001f17) x30 0x8000fcf6
core   0: 0x8000ecfa (0x303f2523) sw      gp, 778(t5)
core   0: 3 0x8000ecfa (0x303f2523) mem 0x80010000 0x00000001
core   0: 0x8000ecfe (0x0000bfe5) c.j     pc - 8
core   0: 3 0x8000ecfe (0xbfe5)
core   0: 0x8000ecf6 (0x00001f17) auipc   t5, 0x1
core   0: 3 0x8000ecf6 (0x00001f17) x30 0x8000fcf6
core   0: 0x8000ecfa (0x303f2523) sw      gp, 778(t5)
core   0: 3 0x8000ecfa (0x303f2523) mem 0x80010000 0x00000001
core   0: 0x8000ecfe (0x0000bfe5) c.j     pc - 8
core   0: 3 0x8000ecfe (0xbfe5)
core   0: 0x8000ecf6 (0x00001f17) auipc   t5, 0x1
core   0: 3 0x8000ecf6 (0x00001f17) x30 0x8000fcf6
core   0: 0x8000ecfa (0x303f2523) sw      gp, 778(t5)
core   0: 3 0x8000ecfa (0x303f2523) mem 0x80010000 0x00000001
core   0: 0x8000ecfe (0x0000bfe5) c.j     pc - 8
core   0: 3 0x8000ecfe (0xbfe5)
core   0: 0x8000ecf6 (0x00001f17) auipc   t5, 0x1
core   0: 3 0x8000ecf6 (0x00001f17) x30 0x8000fcf6
core   0: 0x8000ecfa (0x303f2523) sw      gp, 778(t5)
core   0: 3 0x8000ecfa (0x303f2523) mem 0x80010000 0x00000001
core   0: 0x8000ecfe (0x0000bfe5) c.j     pc - 8
core   0: 3 0x8000ecfe (0xbfe5)
core   0: 0x8000ecf6 (0x00001f17) auipc   t5, 0x1
core   0: 3 0x8000ecf6 (0x00001f17) x30 0x8000fcf6
core   0: 0x8000ecfa (0x303f2523) sw      gp, 778(t5)
core   0: 3 0x8000ecfa (0x303f2523) mem 0x80010000 0x00000001
core   0: 0x8000ecfe (0x0000bfe5) c.j     pc - 8
core   0: 3 0x8000ecfe (0xbfe5)
core   0: 0x8000ecf6 (0x00001f17) auipc   t5, 0x1
core   0: 3 0x8000ecf6 (0x00001f17) x30 0x8000fcf6
core   0: 0x8000ecfa (0x303f2523) sw      gp, 778(t5)
core   0: 3 0x8000ecfa (0x303f2523) mem 0x80010000 0x00000001
core   0: 0x8000ecfe (0x0000bfe5) c.j     pc - 8
core   0: 3 0x8000ecfe (0xbfe5)
core   0: 0x8000ecf6 (0x00001f17) auipc   t5, 0x1
core   0: 3 0x8000ecf6 (0x00001f17) x30 0x8000fcf6
core   0: 0x8000ecfa (0x303f2523) sw      gp, 778(t5)
core   0: 3 0x8000ecfa (0x303f2523) mem 0x80010000 0x00000001
core   0: 0x8000ecfe (0x0000bfe5) c.j     pc - 8
core   0: 3 0x8000ecfe (0xbfe5)
core   0: 0x8000ecf6 (0x00001f17) auipc   t5, 0x1
core   0: 3 0x8000ecf6 (0x00001f17) x30 0x8000fcf6
core   0: 0x8000ecfa (0x303f2523) sw      gp, 778(t5)
core   0: 3 0x8000ecfa (0x303f2523) mem 0x80010000 0x00000001
core   0: 0x8000ecfe (0x0000bfe5) c.j     pc - 8
core   0: 3 0x8000ecfe (0xbfe5)
core   0: 0x8000ecf6 (0x00001f17) auipc   t5, 0x1
core   0: 3 0x8000ecf6 (0x00001f17) x30 0x8000fcf6
core   0: 0x8000ecfa (0x303f2523) sw      gp, 778(t5)
core   0: 3 0x8000ecfa (0x303f2523) mem 0x80010000 0x00000001
core   0: 0x8000ecfe (0x0000bfe5) c.j     pc - 8
core   0: 3 0x8000ecfe (0xbfe5)
core   0: 0x8000ecf6 (0x00001f17) auipc   t5, 0x1
core   0: 3 0x8000ecf6 (0x00001f17) x30 0x8000fcf6
core   0: 0x8000ecfa (0x303f2523) sw      gp, 778(t5)
core   0: 3 0x8000ecfa (0x303f2523) mem 0x80010000 0x00000001
core   0: 0x8000ecfe (0x0000bfe5) c.j     pc - 8
core   0: 3 0x8000ecfe (0xbfe5)
core   0: 0x8000ecf6 (0x00001f17) auipc   t5, 0x1
core   0: 3 0x8000ecf6 (0x00001f17) x30 0x8000fcf6
core   0: 0x8000ecfa (0x303f2523) sw      gp, 778(t5)
core   0: 3 0x8000ecfa (0x303f2523) mem 0x80010000 0x00000001
core   0: 0x8000ecfe (0x0000bfe5) c.j     pc - 8
core   0: 3 0x8000ecfe (0xbfe5)
core   0: 0x8000ecf6 (0x00001f17) auipc   t5, 0x1
core   0: 3 0x8000ecf6 (0x00001f17) x30 0x8000fcf6
core   0: 0x8000ecfa (0x303f2523) sw      gp, 778(t5)
core   0: 3 0x8000ecfa (0x303f2523) mem 0x80010000 0x00000001
core   0: 0x8000ecfe (0x0000bfe5) c.j     pc - 8
core   0: 3 0x8000ecfe (0xbfe5)
core   0: 0x8000ecf6 (0x00001f17) auipc   t5, 0x1
core   0: 3 0x8000ecf6 (0x00001f17) x30 0x8000fcf6
core   0: 0x8000ecfa (0x303f2523) sw      gp, 778(t5)
core   0: 3 0x8000ecfa (0x303f2523) mem 0x80010000 0x00000001
core   0: 0x8000ecfe (0x0000bfe5) c.j     pc - 8
core   0: 3 0x8000ecfe (0xbfe5)
core   0: 0x8000ecf6 (0x00001f17) auipc   t5, 0x1
core   0: 3 0x8000ecf6 (0x00001f17) x30 0x8000fcf6
core   0: 0x8000ecfa (0x303f2523) sw      gp, 778(t5)
core   0: 3 0x8000ecfa (0x303f2523) mem 0x80010000 0x00000001
core   0: 0x8000ecfe (0x0000bfe5) c.j     pc - 8
core   0: 3 0x8000ecfe (0xbfe5)
core   0: 0x8000ecf6 (0x00001f17) auipc   t5, 0x1
core   0: 3 0x8000ecf6 (0x00001f17) x30 0x8000fcf6
core   0: 0x8000ecfa (0x303f2523) sw      gp, 778(t5)
core   0: 3 0x8000ecfa (0x303f2523) mem 0x80010000 0x00000001
core   0: 0x8000ecfe (0x0000bfe5) c.j     pc - 8
core   0: 3 0x8000ecfe (0xbfe5)
core   0: 0x8000ecf6 (0x00001f17) auipc   t5, 0x1
core   0: 3 0x8000ecf6 (0x00001f17) x30 0x8000fcf6
core   0: 0x8000ecfa (0x303f2523) sw      gp, 778(t5)
core   0: 3 0x8000ecfa (0x303f2523) mem 0x80010000 0x00000001
core   0: 0x8000ecfe (0x0000bfe5) c.j     pc - 8
core   0: 3 0x8000ecfe (0xbfe5)
core   0: 0x8000ecf6 (0x00001f17) auipc   t5, 0x1
core   0: 3 0x8000ecf6 (0x00001f17) x30 0x8000fcf6
core   0: 0x8000ecfa (0x303f2523) sw      gp, 778(t5)
core   0: 3 0x8000ecfa (0x303f2523) mem 0x80010000 0x00000001
core   0: 0x8000ecfe (0x0000bfe5) c.j     pc - 8
core   0: 3 0x8000ecfe (0xbfe5)
core   0: 0x8000ecf6 (0x00001f17) auipc   t5, 0x1
core   0: 3 0x8000ecf6 (0x00001f17) x30 0x8000fcf6
core   0: 0x8000ecfa (0x303f2523) sw      gp, 778(t5)
core   0: 3 0x8000ecfa (0x303f2523) mem 0x80010000 0x00000001
core   0: 0x8000ecfe (0x0000bfe5) c.j     pc - 8
core   0: 3 0x8000ecfe (0xbfe5)
core   0: 0x8000ecf6 (0x00001f17) auipc   t5, 0x1
core   0: 3 0x8000ecf6 (0x00001f17) x30 0x8000fcf6
core   0: 0x8000ecfa (0x303f2523) sw      gp, 778(t5)
core   0: 3 0x8000ecfa (0x303f2523) mem 0x80010000 0x00000001
core   0: 0x8000ecfe (0x0000bfe5) c.j     pc - 8
core   0: 3 0x8000ecfe (0xbfe5)
core   0: 0x8000ecf6 (0x00001f17) auipc   t5, 0x1
core   0: 3 0x8000ecf6 (0x00001f17) x30 0x8000fcf6
core   0: 0x8000ecfa (0x303f2523) sw      gp, 778(t5)
core   0: 3 0x8000ecfa (0x303f2523) mem 0x80010000 0x00000001
core   0: 0x8000ecfe (0x0000bfe5) c.j     pc - 8
core   0: 3 0x8000ecfe (0xbfe5)
core   0: 0x8000ecf6 (0x00001f17) auipc   t5, 0x1
core   0: 3 0x8000ecf6 (0x00001f17) x30 0x8000fcf6
core   0: 0x8000ecfa (0x303f2523) sw      gp, 778(t5)
core   0: 3 0x8000ecfa (0x303f2523) mem 0x80010000 0x00000001
core   0: 0x8000ecfe (0x0000bfe5) c.j     pc - 8
core   0: 3 0x8000ecfe (0xbfe5)
core   0: 0x8000ecf6 (0x00001f17) auipc   t5, 0x1
core   0: 3 0x8000ecf6 (0x00001f17) x30 0x8000fcf6
core   0: 0x8000ecfa (0x303f2523) sw      gp, 778(t5)
core   0: 3 0x8000ecfa (0x303f2523) mem 0x80010000 0x00000001
core   0: 0x8000ecfe (0x0000bfe5) c.j     pc - 8
core   0: 3 0x8000ecfe (0xbfe5)
core   0: 0x8000ecf6 (0x00001f17) auipc   t5, 0x1
core   0: 3 0x8000ecf6 (0x00001f17) x30 0x8000fcf6
core   0: 0x8000ecfa (0x303f2523) sw      gp, 778(t5)
core   0: 3 0x8000ecfa (0x303f2523) mem 0x80010000 0x00000001
core   0: 0x8000ecfe (0x0000bfe5) c.j     pc - 8
core   0: 3 0x8000ecfe (0xbfe5)
core   0: 0x8000ecf6 (0x00001f17) auipc   t5, 0x1
core   0: 3 0x8000ecf6 (0x00001f17) x30 0x8000fcf6
core   0: 0x8000ecfa (0x303f2523) sw      gp, 778(t5)
core   0: 3 0x8000ecfa (0x303f2523) mem 0x80010000 0x00000001
core   0: 0x8000ecfe (0x0000bfe5) c.j     pc - 8
core   0: 3 0x8000ecfe (0xbfe5)
core   0: 0x8000ecf6 (0x00001f17) auipc   t5, 0x1
core   0: 3 0x8000ecf6 (0x00001f17) x30 0x8000fcf6
core   0: 0x8000ecfa (0x303f2523) sw      gp, 778(t5)
core   0: 3 0x8000ecfa (0x303f2523) mem 0x80010000 0x00000001
core   0: 0x8000ecfe (0x0000bfe5) c.j     pc - 8
core   0: 3 0x8000ecfe (0xbfe5)
core   0: 0x8000ecf6 (0x00001f17) auipc   t5, 0x1
core   0: 3 0x8000ecf6 (0x00001f17) x30 0x8000fcf6
core   0: 0x8000ecfa (0x303f2523) sw      gp, 778(t5)
core   0: 3 0x8000ecfa (0x303f2523) mem 0x80010000 0x00000001
core   0: 0x8000ecfe (0x0000bfe5) c.j     pc - 8
core   0: 3 0x8000ecfe (0xbfe5)
core   0: 0x8000ecf6 (0x00001f17) auipc   t5, 0x1
core   0: 3 0x8000ecf6 (0x00001f17) x30 0x8000fcf6
core   0: 0x8000ecfa (0x303f2523) sw      gp, 778(t5)
core   0: 3 0x8000ecfa (0x303f2523) mem 0x80010000 0x00000001
core   0: 0x8000ecfe (0x0000bfe5) c.j     pc - 8
core   0: 3 0x8000ecfe (0xbfe5)
core   0: 0x8000ecf6 (0x00001f17) auipc   t5, 0x1
core   0: 3 0x8000ecf6 (0x00001f17) x30 0x8000fcf6
core   0: 0x8000ecfa (0x303f2523) sw      gp, 778(t5)
core   0: 3 0x8000ecfa (0x303f2523) mem 0x80010000 0x00000001
core   0: 0x8000ecfe (0x0000bfe5) c.j     pc - 8
core   0: 3 0x8000ecfe (0xbfe5)
core   0: 0x8000ecf6 (0x00001f17) auipc   t5, 0x1
core   0: 3 0x8000ecf6 (0x00001f17) x30 0x8000fcf6
core   0: 0x8000ecfa (0x303f2523) sw      gp, 778(t5)
core   0: 3 0x8000ecfa (0x303f2523) mem 0x80010000 0x00000001
core   0: 0x8000ecfe (0x0000bfe5) c.j     pc - 8
core   0: 3 0x8000ecfe (0xbfe5)
core   0: 0x8000ecf6 (0x00001f17) auipc   t5, 0x1
core   0: 3 0x8000ecf6 (0x00001f17) x30 0x8000fcf6
core   0: 0x8000ecfa (0x303f2523) sw      gp, 778(t5)
core   0: 3 0x8000ecfa (0x303f2523) mem 0x80010000 0x00000001
core   0: 0x8000ecfe (0x0000bfe5) c.j     pc - 8
core   0: 3 0x8000ecfe (0xbfe5)
core   0: 0x8000ecf6 (0x00001f17) auipc   t5, 0x1
core   0: 3 0x8000ecf6 (0x00001f17) x30 0x8000fcf6
core   0: 0x8000ecfa (0x303f2523) sw      gp, 778(t5)
core   0: 3 0x8000ecfa (0x303f2523) mem 0x80010000 0x00000001
core   0: 0x8000ecfe (0x0000bfe5) c.j     pc - 8
core   0: 3 0x8000ecfe (0xbfe5)
core   0: 0x8000ecf6 (0x00001f17) auipc   t5, 0x1
core   0: 3 0x8000ecf6 (0x00001f17) x30 0x8000fcf6
core   0: 0x8000ecfa (0x303f2523) sw      gp, 778(t5)
core   0: 3 0x8000ecfa (0x303f2523) mem 0x80010000 0x00000001
core   0: 0x8000ecfe (0x0000bfe5) c.j     pc - 8
core   0: 3 0x8000ecfe (0xbfe5)
core   0: 0x8000ecf6 (0x00001f17) auipc   t5, 0x1
core   0: 3 0x8000ecf6 (0x00001f17) x30 0x8000fcf6
core   0: 0x8000ecfa (0x303f2523) sw      gp, 778(t5)
core   0: 3 0x8000ecfa (0x303f2523) mem 0x80010000 0x00000001
core   0: 0x8000ecfe (0x0000bfe5) c.j     pc - 8
core   0: 3 0x8000ecfe (0xbfe5)
core   0: 0x8000ecf6 (0x00001f17) auipc   t5, 0x1
core   0: 3 0x8000ecf6 (0x00001f17) x30 0x8000fcf6
core   0: 0x8000ecfa (0x303f2523) sw      gp, 778(t5)
core   0: 3 0x8000ecfa (0x303f2523) mem 0x80010000 0x00000001
core   0: 0x8000ecfe (0x0000bfe5) c.j     pc - 8
core   0: 3 0x8000ecfe (0xbfe5)
core   0: 0x8000ecf6 (0x00001f17) auipc   t5, 0x1
core   0: 3 0x8000ecf6 (0x00001f17) x30 0x8000fcf6
core   0: 0x8000ecfa (0x303f2523) sw      gp, 778(t5)
core   0: 3 0x8000ecfa (0x303f2523) mem 0x80010000 0x00000001
core   0: 0x8000ecfe (0x0000bfe5) c.j     pc - 8
core   0: 3 0x8000ecfe (0xbfe5)
core   0: 0x8000ecf6 (0x00001f17) auipc   t5, 0x1
core   0: 3 0x8000ecf6 (0x00001f17) x30 0x8000fcf6
core   0: 0x8000ecfa (0x303f2523) sw      gp, 778(t5)
core   0: 3 0x8000ecfa (0x303f2523) mem 0x80010000 0x00000001
core   0: 0x8000ecfe (0x0000bfe5) c.j     pc - 8
core   0: 3 0x8000ecfe (0xbfe5)
core   0: 0x8000ecf6 (0x00001f17) auipc   t5, 0x1
core   0: 3 0x8000ecf6 (0x00001f17) x30 0x8000fcf6
core   0: 0x8000ecfa (0x303f2523) sw      gp, 778(t5)
core   0: 3 0x8000ecfa (0x303f2523) mem 0x80010000 0x00000001
core   0: 0x8000ecfe (0x0000bfe5) c.j     pc - 8
core   0: 3 0x8000ecfe (0xbfe5)
core   0: 0x8000ecf6 (0x00001f17) auipc   t5, 0x1
core   0: 3 0x8000ecf6 (0x00001f17) x30 0x8000fcf6
core   0: 0x8000ecfa (0x303f2523) sw      gp, 778(t5)
core   0: 3 0x8000ecfa (0x303f2523) mem 0x80010000 0x00000001
core   0: 0x8000ecfe (0x0000bfe5) c.j     pc - 8
core   0: 3 0x8000ecfe (0xbfe5)
core   0: 0x8000ecf6 (0x00001f17) auipc   t5, 0x1
core   0: 3 0x8000ecf6 (0x00001f17) x30 0x8000fcf6
core   0: 0x8000ecfa (0x303f2523) sw      gp, 778(t5)
core   0: 3 0x8000ecfa (0x303f2523) mem 0x80010000 0x00000001
core   0: 0x8000ecfe (0x0000bfe5) c.j     pc - 8
core   0: 3 0x8000ecfe (0xbfe5)
core   0: 0x8000ecf6 (0x00001f17) auipc   t5, 0x1
core   0: 3 0x8000ecf6 (0x00001f17) x30 0x8000fcf6
core   0: 0x8000ecfa (0x303f2523) sw      gp, 778(t5)
core   0: 3 0x8000ecfa (0x303f2523) mem 0x80010000 0x00000001
core   0: 0x8000ecfe (0x0000bfe5) c.j     pc - 8
core   0: 3 0x8000ecfe (0xbfe5)
core   0: 0x8000ecf6 (0x00001f17) auipc   t5, 0x1
core   0: 3 0x8000ecf6 (0x00001f17) x30 0x8000fcf6
core   0: 0x8000ecfa (0x303f2523) sw      gp, 778(t5)
core   0: 3 0x8000ecfa (0x303f2523) mem 0x80010000 0x00000001
core   0: 0x8000ecfe (0x0000bfe5) c.j     pc - 8
core   0: 3 0x8000ecfe (0xbfe5)
core   0: 0x8000ecf6 (0x00001f17) auipc   t5, 0x1
core   0: 3 0x8000ecf6 (0x00001f17) x30 0x8000fcf6
core   0: 0x8000ecfa (0x303f2523) sw      gp, 778(t5)
core   0: 3 0x8000ecfa (0x303f2523) mem 0x80010000 0x00000001
core   0: 0x8000ecfe (0x0000bfe5) c.j     pc - 8
core   0: 3 0x8000ecfe (0xbfe5)
core   0: 0x8000ecf6 (0x00001f17) auipc   t5, 0x1
core   0: 3 0x8000ecf6 (0x00001f17) x30 0x8000fcf6
core   0: 0x8000ecfa (0x303f2523) sw      gp, 778(t5)
core   0: 3 0x8000ecfa (0x303f2523) mem 0x80010000 0x00000001
core   0: 0x8000ecfe (0x0000bfe5) c.j     pc - 8
core   0: 3 0x8000ecfe (0xbfe5)
core   0: 0x8000ecf6 (0x00001f17) auipc   t5, 0x1
core   0: 3 0x8000ecf6 (0x00001f17) x30 0x8000fcf6
core   0: 0x8000ecfa (0x303f2523) sw      gp, 778(t5)
core   0: 3 0x8000ecfa (0x303f2523) mem 0x80010000 0x00000001
core   0: 0x8000ecfe (0x0000bfe5) c.j     pc - 8
core   0: 3 0x8000ecfe (0xbfe5)
core   0: 0x8000ecf6 (0x00001f17) auipc   t5, 0x1
core   0: 3 0x8000ecf6 (0x00001f17) x30 0x8000fcf6
core   0: 0x8000ecfa (0x303f2523) sw      gp, 778(t5)
core   0: 3 0x8000ecfa (0x303f2523) mem 0x80010000 0x00000001
core   0: 0x8000ecfe (0x0000bfe5) c.j     pc - 8
core   0: 3 0x8000ecfe (0xbfe5)
core   0: 0x8000ecf6 (0x00001f17) auipc   t5, 0x1
core   0: 3 0x8000ecf6 (0x00001f17) x30 0x8000fcf6
core   0: 0x8000ecfa (0x303f2523) sw      gp, 778(t5)
core   0: 3 0x8000ecfa (0x303f2523) mem 0x80010000 0x00000001
core   0: 0x8000ecfe (0x0000bfe5) c.j     pc - 8
core   0: 3 0x8000ecfe (0xbfe5)
core   0: 0x8000ecf6 (0x00001f17) auipc   t5, 0x1
core   0: 3 0x8000ecf6 (0x00001f17) x30 0x8000fcf6
core   0: 0x8000ecfa (0x303f2523) sw      gp, 778(t5)
core   0: 3 0x8000ecfa (0x303f2523) mem 0x80010000 0x00000001
core   0: 0x8000ecfe (0x0000bfe5) c.j     pc - 8
core   0: 3 0x8000ecfe (0xbfe5)
core   0: 0x8000ecf6 (0x00001f17) auipc   t5, 0x1
core   0: 3 0x8000ecf6 (0x00001f17) x30 0x8000fcf6
core   0: 0x8000ecfa (0x303f2523) sw      gp, 778(t5)
core   0: 3 0x8000ecfa (0x303f2523) mem 0x80010000 0x00000001
core   0: 0x8000ecfe (0x0000bfe5) c.j     pc - 8
core   0: 3 0x8000ecfe (0xbfe5)
core   0: 0x8000ecf6 (0x00001f17) auipc   t5, 0x1
core   0: 3 0x8000ecf6 (0x00001f17) x30 0x8000fcf6
core   0: 0x8000ecfa (0x303f2523) sw      gp, 778(t5)
core   0: 3 0x8000ecfa (0x303f2523) mem 0x80010000 0x00000001
core   0: 0x8000ecfe (0x0000bfe5) c.j     pc - 8
core   0: 3 0x8000ecfe (0xbfe5)
core   0: 0x8000ecf6 (0x00001f17) auipc   t5, 0x1
core   0: 3 0x8000ecf6 (0x00001f17) x30 0x8000fcf6
core   0: 0x8000ecfa (0x303f2523) sw      gp, 778(t5)
core   0: 3 0x8000ecfa (0x303f2523) mem 0x80010000 0x00000001
core   0: 0x8000ecfe (0x0000bfe5) c.j     pc - 8
core   0: 3 0x8000ecfe (0xbfe5)
core   0: 0x8000ecf6 (0x00001f17) auipc   t5, 0x1
core   0: 3 0x8000ecf6 (0x00001f17) x30 0x8000fcf6
core   0: 0x8000ecfa (0x303f2523) sw      gp, 778(t5)
core   0: 3 0x8000ecfa (0x303f2523) mem 0x80010000 0x00000001
core   0: 0x8000ecfe (0x0000bfe5) c.j     pc - 8
core   0: 3 0x8000ecfe (0xbfe5)
core   0: 0x8000ecf6 (0x00001f17) auipc   t5, 0x1
core   0: 3 0x8000ecf6 (0x00001f17) x30 0x8000fcf6
core   0: 0x8000ecfa (0x303f2523) sw      gp, 778(t5)
core   0: 3 0x8000ecfa (0x303f2523) mem 0x80010000 0x00000001
core   0: 0x8000ecfe (0x0000bfe5) c.j     pc - 8
core   0: 3 0x8000ecfe (0xbfe5)
core   0: 0x8000ecf6 (0x00001f17) auipc   t5, 0x1
core   0: 3 0x8000ecf6 (0x00001f17) x30 0x8000fcf6
core   0: 0x8000ecfa (0x303f2523) sw      gp, 778(t5)
core   0: 3 0x8000ecfa (0x303f2523) mem 0x80010000 0x00000001
core   0: 0x8000ecfe (0x0000bfe5) c.j     pc - 8
core   0: 3 0x8000ecfe (0xbfe5)
core   0: 0x8000ecf6 (0x00001f17) auipc   t5, 0x1
core   0: 3 0x8000ecf6 (0x00001f17) x30 0x8000fcf6
core   0: 0x8000ecfa (0x303f2523) sw      gp, 778(t5)
core   0: 3 0x8000ecfa (0x303f2523) mem 0x80010000 0x00000001
core   0: 0x8000ecfe (0x0000bfe5) c.j     pc - 8
core   0: 3 0x8000ecfe (0xbfe5)
core   0: 0x8000ecf6 (0x00001f17) auipc   t5, 0x1
core   0: 3 0x8000ecf6 (0x00001f17) x30 0x8000fcf6
core   0: 0x8000ecfa (0x303f2523) sw      gp, 778(t5)
core   0: 3 0x8000ecfa (0x303f2523) mem 0x80010000 0x00000001
core   0: 0x8000ecfe (0x0000bfe5) c.j     pc - 8
core   0: 3 0x8000ecfe (0xbfe5)
core   0: 0x8000ecf6 (0x00001f17) auipc   t5, 0x1
core   0: 3 0x8000ecf6 (0x00001f17) x30 0x8000fcf6
core   0: 0x8000ecfa (0x303f2523) sw      gp, 778(t5)
core   0: 3 0x8000ecfa (0x303f2523) mem 0x80010000 0x00000001
core   0: 0x8000ecfe (0x0000bfe5) c.j     pc - 8
core   0: 3 0x8000ecfe (0xbfe5)
core   0: 0x8000ecf6 (0x00001f17) auipc   t5, 0x1
core   0: 3 0x8000ecf6 (0x00001f17) x30 0x8000fcf6
core   0: 0x8000ecfa (0x303f2523) sw      gp, 778(t5)
core   0: 3 0x8000ecfa (0x303f2523) mem 0x80010000 0x00000001
core   0: 0x8000ecfe (0x0000bfe5) c.j     pc - 8
core   0: 3 0x8000ecfe (0xbfe5)
core   0: 0x8000ecf6 (0x00001f17) auipc   t5, 0x1
core   0: 3 0x8000ecf6 (0x00001f17) x30 0x8000fcf6
core   0: 0x8000ecfa (0x303f2523) sw      gp, 778(t5)
core   0: 3 0x8000ecfa (0x303f2523) mem 0x80010000 0x00000001
core   0: 0x8000ecfe (0x0000bfe5) c.j     pc - 8
core   0: 3 0x8000ecfe (0xbfe5)
core   0: 0x8000ecf6 (0x00001f17) auipc   t5, 0x1
core   0: 3 0x8000ecf6 (0x00001f17) x30 0x8000fcf6
core   0: 0x8000ecfa (0x303f2523) sw      gp, 778(t5)
core   0: 3 0x8000ecfa (0x303f2523) mem 0x80010000 0x00000001
core   0: 0x8000ecfe (0x0000bfe5) c.j     pc - 8
core   0: 3 0x8000ecfe (0xbfe5)
core   0: 0x8000ecf6 (0x00001f17) auipc   t5, 0x1
core   0: 3 0x8000ecf6 (0x00001f17) x30 0x8000fcf6
core   0: 0x8000ecfa (0x303f2523) sw      gp, 778(t5)
core   0: 3 0x8000ecfa (0x303f2523) mem 0x80010000 0x00000001
core   0: 0x8000ecfe (0x0000bfe5) c.j     pc - 8
core   0: 3 0x8000ecfe (0xbfe5)
core   0: 0x8000ecf6 (0x00001f17) auipc   t5, 0x1
core   0: 3 0x8000ecf6 (0x00001f17) x30 0x8000fcf6
core   0: 0x8000ecfa (0x303f2523) sw      gp, 778(t5)
core   0: 3 0x8000ecfa (0x303f2523) mem 0x80010000 0x00000001
core   0: 0x8000ecfe (0x0000bfe5) c.j     pc - 8
core   0: 3 0x8000ecfe (0xbfe5)
core   0: 0x8000ecf6 (0x00001f17) auipc   t5, 0x1
core   0: 3 0x8000ecf6 (0x00001f17) x30 0x8000fcf6
core   0: 0x8000ecfa (0x303f2523) sw      gp, 778(t5)
core   0: 3 0x8000ecfa (0x303f2523) mem 0x80010000 0x00000001
core   0: 0x8000ecfe (0x0000bfe5) c.j     pc - 8
core   0: 3 0x8000ecfe (0xbfe5)
core   0: 0x8000ecf6 (0x00001f17) auipc   t5, 0x1
core   0: 3 0x8000ecf6 (0x00001f17) x30 0x8000fcf6
core   0: 0x8000ecfa (0x303f2523) sw      gp, 778(t5)
core   0: 3 0x8000ecfa (0x303f2523) mem 0x80010000 0x00000001
core   0: 0x8000ecfe (0x0000bfe5) c.j     pc - 8
core   0: 3 0x8000ecfe (0xbfe5)
core   0: 0x8000ecf6 (0x00001f17) auipc   t5, 0x1
core   0: 3 0x8000ecf6 (0x00001f17) x30 0x8000fcf6
core   0: 0x8000ecfa (0x303f2523) sw      gp, 778(t5)
core   0: 3 0x8000ecfa (0x303f2523) mem 0x80010000 0x00000001
core   0: 0x8000ecfe (0x0000bfe5) c.j     pc - 8
core   0: 3 0x8000ecfe (0xbfe5)
core   0: 0x8000ecf6 (0x00001f17) auipc   t5, 0x1
core   0: 3 0x8000ecf6 (0x00001f17) x30 0x8000fcf6
core   0: 0x8000ecfa (0x303f2523) sw      gp, 778(t5)
core   0: 3 0x8000ecfa (0x303f2523) mem 0x80010000 0x00000001
core   0: 0x8000ecfe (0x0000bfe5) c.j     pc - 8
core   0: 3 0x8000ecfe (0xbfe5)
core   0: 0x8000ecf6 (0x00001f17) auipc   t5, 0x1
core   0: 3 0x8000ecf6 (0x00001f17) x30 0x8000fcf6
core   0: 0x8000ecfa (0x303f2523) sw      gp, 778(t5)
core   0: 3 0x8000ecfa (0x303f2523) mem 0x80010000 0x00000001
core   0: 0x8000ecfe (0x0000bfe5) c.j     pc - 8
core   0: 3 0x8000ecfe (0xbfe5)
core   0: 0x8000ecf6 (0x00001f17) auipc   t5, 0x1
core   0: 3 0x8000ecf6 (0x00001f17) x30 0x8000fcf6
core   0: 0x8000ecfa (0x303f2523) sw      gp, 778(t5)
core   0: 3 0x8000ecfa (0x303f2523) mem 0x80010000 0x00000001
core   0: 0x8000ecfe (0x0000bfe5) c.j     pc - 8
core   0: 3 0x8000ecfe (0xbfe5)
core   0: 0x8000ecf6 (0x00001f17) auipc   t5, 0x1
core   0: 3 0x8000ecf6 (0x00001f17) x30 0x8000fcf6
core   0: 0x8000ecfa (0x303f2523) sw      gp, 778(t5)
core   0: 3 0x8000ecfa (0x303f2523) mem 0x80010000 0x00000001
core   0: 0x8000ecfe (0x0000bfe5) c.j     pc - 8
core   0: 3 0x8000ecfe (0xbfe5)
core   0: 0x8000ecf6 (0x00001f17) auipc   t5, 0x1
core   0: 3 0x8000ecf6 (0x00001f17) x30 0x8000fcf6
core   0: 0x8000ecfa (0x303f2523) sw      gp, 778(t5)
core   0: 3 0x8000ecfa (0x303f2523) mem 0x80010000 0x00000001
core   0: 0x8000ecfe (0x0000bfe5) c.j     pc - 8
core   0: 3 0x8000ecfe (0xbfe5)
core   0: 0x8000ecf6 (0x00001f17) auipc   t5, 0x1
core   0: 3 0x8000ecf6 (0x00001f17) x30 0x8000fcf6
core   0: 0x8000ecfa (0x303f2523) sw      gp, 778(t5)
core   0: 3 0x8000ecfa (0x303f2523) mem 0x80010000 0x00000001
core   0: 0x8000ecfe (0x0000bfe5) c.j     pc - 8
core   0: 3 0x8000ecfe (0xbfe5)
core   0: 0x8000ecf6 (0x00001f17) auipc   t5, 0x1
core   0: 3 0x8000ecf6 (0x00001f17) x30 0x8000fcf6
core   0: 0x8000ecfa (0x303f2523) sw      gp, 778(t5)
core   0: 3 0x8000ecfa (0x303f2523) mem 0x80010000 0x00000001
core   0: 0x8000ecfe (0x0000bfe5) c.j     pc - 8
core   0: 3 0x8000ecfe (0xbfe5)
core   0: 0x8000ecf6 (0x00001f17) auipc   t5, 0x1
core   0: 3 0x8000ecf6 (0x00001f17) x30 0x8000fcf6
core   0: 0x8000ecfa (0x303f2523) sw      gp, 778(t5)
core   0: 3 0x8000ecfa (0x303f2523) mem 0x80010000 0x00000001
core   0: 0x8000ecfe (0x0000bfe5) c.j     pc - 8
core   0: 3 0x8000ecfe (0xbfe5)
core   0: 0x8000ecf6 (0x00001f17) auipc   t5, 0x1
core   0: 3 0x8000ecf6 (0x00001f17) x30 0x8000fcf6
core   0: 0x8000ecfa (0x303f2523) sw      gp, 778(t5)
core   0: 3 0x8000ecfa (0x303f2523) mem 0x80010000 0x00000001
core   0: 0x8000ecfe (0x0000bfe5) c.j     pc - 8
core   0: 3 0x8000ecfe (0xbfe5)
core   0: 0x8000ecf6 (0x00001f17) auipc   t5, 0x1
core   0: 3 0x8000ecf6 (0x00001f17) x30 0x8000fcf6
core   0: 0x8000ecfa (0x303f2523) sw      gp, 778(t5)
core   0: 3 0x8000ecfa (0x303f2523) mem 0x80010000 0x00000001
core   0: 0x8000ecfe (0x0000bfe5) c.j     pc - 8
core   0: 3 0x8000ecfe (0xbfe5)
core   0: 0x8000ecf6 (0x00001f17) auipc   t5, 0x1
core   0: 3 0x8000ecf6 (0x00001f17) x30 0x8000fcf6
core   0: 0x8000ecfa (0x303f2523) sw      gp, 778(t5)
core   0: 3 0x8000ecfa (0x303f2523) mem 0x80010000 0x00000001
core   0: 0x8000ecfe (0x0000bfe5) c.j     pc - 8
core   0: 3 0x8000ecfe (0xbfe5)
core   0: 0x8000ecf6 (0x00001f17) auipc   t5, 0x1
core   0: 3 0x8000ecf6 (0x00001f17) x30 0x8000fcf6
core   0: 0x8000ecfa (0x303f2523) sw      gp, 778(t5)
core   0: 3 0x8000ecfa (0x303f2523) mem 0x80010000 0x00000001
core   0: 0x8000ecfe (0x0000bfe5) c.j     pc - 8
core   0: 3 0x8000ecfe (0xbfe5)
core   0: 0x8000ecf6 (0x00001f17) auipc   t5, 0x1
core   0: 3 0x8000ecf6 (0x00001f17) x30 0x8000fcf6
core   0: 0x8000ecfa (0x303f2523) sw      gp, 778(t5)
core   0: 3 0x8000ecfa (0x303f2523) mem 0x80010000 0x00000001
core   0: 0x8000ecfe (0x0000bfe5) c.j     pc - 8
core   0: 3 0x8000ecfe (0xbfe5)
core   0: 0x8000ecf6 (0x00001f17) auipc   t5, 0x1
core   0: 3 0x8000ecf6 (0x00001f17) x30 0x8000fcf6
core   0: 0x8000ecfa (0x303f2523) sw      gp, 778(t5)
core   0: 3 0x8000ecfa (0x303f2523) mem 0x80010000 0x00000001
core   0: 0x8000ecfe (0x0000bfe5) c.j     pc - 8
core   0: 3 0x8000ecfe (0xbfe5)
core   0: 0x8000ecf6 (0x00001f17) auipc   t5, 0x1
core   0: 3 0x8000ecf6 (0x00001f17) x30 0x8000fcf6
core   0: 0x8000ecfa (0x303f2523) sw      gp, 778(t5)
core   0: 3 0x8000ecfa (0x303f2523) mem 0x80010000 0x00000001
core   0: 0x8000ecfe (0x0000bfe5) c.j     pc - 8
core   0: 3 0x8000ecfe (0xbfe5)
core   0: 0x8000ecf6 (0x00001f17) auipc   t5, 0x1
core   0: 3 0x8000ecf6 (0x00001f17) x30 0x8000fcf6
core   0: 0x8000ecfa (0x303f2523) sw      gp, 778(t5)
core   0: 3 0x8000ecfa (0x303f2523) mem 0x80010000 0x00000001
core   0: 0x8000ecfe (0x0000bfe5) c.j     pc - 8
core   0: 3 0x8000ecfe (0xbfe5)
core   0: 0x8000ecf6 (0x00001f17) auipc   t5, 0x1
core   0: 3 0x8000ecf6 (0x00001f17) x30 0x8000fcf6
core   0: 0x8000ecfa (0x303f2523) sw      gp, 778(t5)
core   0: 3 0x8000ecfa (0x303f2523) mem 0x80010000 0x00000001
core   0: 0x8000ecfe (0x0000bfe5) c.j     pc - 8
core   0: 3 0x8000ecfe (0xbfe5)
core   0: 0x8000ecf6 (0x00001f17) auipc   t5, 0x1
core   0: 3 0x8000ecf6 (0x00001f17) x30 0x8000fcf6
core   0: 0x8000ecfa (0x303f2523) sw      gp, 778(t5)
core   0: 3 0x8000ecfa (0x303f2523) mem 0x80010000 0x00000001
core   0: 0x8000ecfe (0x0000bfe5) c.j     pc - 8
core   0: 3 0x8000ecfe (0xbfe5)
core   0: 0x8000ecf6 (0x00001f17) auipc   t5, 0x1
core   0: 3 0x8000ecf6 (0x00001f17) x30 0x8000fcf6
core   0: 0x8000ecfa (0x303f2523) sw      gp, 778(t5)
core   0: 3 0x8000ecfa (0x303f2523) mem 0x80010000 0x00000001
core   0: 0x8000ecfe (0x0000bfe5) c.j     pc - 8
core   0: 3 0x8000ecfe (0xbfe5)
core   0: 0x8000ecf6 (0x00001f17) auipc   t5, 0x1
core   0: 3 0x8000ecf6 (0x00001f17) x30 0x8000fcf6
core   0: 0x8000ecfa (0x303f2523) sw      gp, 778(t5)
core   0: 3 0x8000ecfa (0x303f2523) mem 0x80010000 0x00000001
core   0: 0x8000ecfe (0x0000bfe5) c.j     pc - 8
core   0: 3 0x8000ecfe (0xbfe5)
core   0: 0x8000ecf6 (0x00001f17) auipc   t5, 0x1
core   0: 3 0x8000ecf6 (0x00001f17) x30 0x8000fcf6
core   0: 0x8000ecfa (0x303f2523) sw      gp, 778(t5)
core   0: 3 0x8000ecfa (0x303f2523) mem 0x80010000 0x00000001
core   0: 0x8000ecfe (0x0000bfe5) c.j     pc - 8
core   0: 3 0x8000ecfe (0xbfe5)
core   0: 0x8000ecf6 (0x00001f17) auipc   t5, 0x1
core   0: 3 0x8000ecf6 (0x00001f17) x30 0x8000fcf6
core   0: 0x8000ecfa (0x303f2523) sw      gp, 778(t5)
core   0: 3 0x8000ecfa (0x303f2523) mem 0x80010000 0x00000001
core   0: 0x8000ecfe (0x0000bfe5) c.j     pc - 8
core   0: 3 0x8000ecfe (0xbfe5)
core   0: 0x8000ecf6 (0x00001f17) auipc   t5, 0x1
core   0: 3 0x8000ecf6 (0x00001f17) x30 0x8000fcf6
core   0: 0x8000ecfa (0x303f2523) sw      gp, 778(t5)
core   0: 3 0x8000ecfa (0x303f2523) mem 0x80010000 0x00000001
core   0: 0x8000ecfe (0x0000bfe5) c.j     pc - 8
core   0: 3 0x8000ecfe (0xbfe5)
core   0: 0x8000ecf6 (0x00001f17) auipc   t5, 0x1
core   0: 3 0x8000ecf6 (0x00001f17) x30 0x8000fcf6
core   0: 0x8000ecfa (0x303f2523) sw      gp, 778(t5)
core   0: 3 0x8000ecfa (0x303f2523) mem 0x80010000 0x00000001
core   0: 0x8000ecfe (0x0000bfe5) c.j     pc - 8
core   0: 3 0x8000ecfe (0xbfe5)
core   0: 0x8000ecf6 (0x00001f17) auipc   t5, 0x1
core   0: 3 0x8000ecf6 (0x00001f17) x30 0x8000fcf6
core   0: 0x8000ecfa (0x303f2523) sw      gp, 778(t5)
core   0: 3 0x8000ecfa (0x303f2523) mem 0x80010000 0x00000001
core   0: 0x8000ecfe (0x0000bfe5) c.j     pc - 8
core   0: 3 0x8000ecfe (0xbfe5)
core   0: 0x8000ecf6 (0x00001f17) auipc   t5, 0x1
core   0: 3 0x8000ecf6 (0x00001f17) x30 0x8000fcf6
core   0: 0x8000ecfa (0x303f2523) sw      gp, 778(t5)
core   0: 3 0x8000ecfa (0x303f2523) mem 0x80010000 0x00000001
core   0: 0x8000ecfe (0x0000bfe5) c.j     pc - 8
core   0: 3 0x8000ecfe (0xbfe5)
core   0: 0x8000ecf6 (0x00001f17) auipc   t5, 0x1
core   0: 3 0x8000ecf6 (0x00001f17) x30 0x8000fcf6
core   0: 0x8000ecfa (0x303f2523) sw      gp, 778(t5)
core   0: 3 0x8000ecfa (0x303f2523) mem 0x80010000 0x00000001
core   0: 0x8000ecfe (0x0000bfe5) c.j     pc - 8
core   0: 3 0x8000ecfe (0xbfe5)
core   0: 0x8000ecf6 (0x00001f17) auipc   t5, 0x1
core   0: 3 0x8000ecf6 (0x00001f17) x30 0x8000fcf6
core   0: 0x8000ecfa (0x303f2523) sw      gp, 778(t5)
core   0: 3 0x8000ecfa (0x303f2523) mem 0x80010000 0x00000001
core   0: 0x8000ecfe (0x0000bfe5) c.j     pc - 8
core   0: 3 0x8000ecfe (0xbfe5)
core   0: 0x8000ecf6 (0x00001f17) auipc   t5, 0x1
core   0: 3 0x8000ecf6 (0x00001f17) x30 0x8000fcf6
core   0: 0x8000ecfa (0x303f2523) sw      gp, 778(t5)
core   0: 3 0x8000ecfa (0x303f2523) mem 0x80010000 0x00000001
core   0: 0x8000ecfe (0x0000bfe5) c.j     pc - 8
core   0: 3 0x8000ecfe (0xbfe5)
core   0: 0x8000ecf6 (0x00001f17) auipc   t5, 0x1
core   0: 3 0x8000ecf6 (0x00001f17) x30 0x8000fcf6
core   0: 0x8000ecfa (0x303f2523) sw      gp, 778(t5)
core   0: 3 0x8000ecfa (0x303f2523) mem 0x80010000 0x00000001
core   0: 0x8000ecfe (0x0000bfe5) c.j     pc - 8
core   0: 3 0x8000ecfe (0xbfe5)
core   0: 0x8000ecf6 (0x00001f17) auipc   t5, 0x1
core   0: 3 0x8000ecf6 (0x00001f17) x30 0x8000fcf6
core   0: 0x8000ecfa (0x303f2523) sw      gp, 778(t5)
core   0: 3 0x8000ecfa (0x303f2523) mem 0x80010000 0x00000001
core   0: 0x8000ecfe (0x0000bfe5) c.j     pc - 8
core   0: 3 0x8000ecfe (0xbfe5)
core   0: 0x8000ecf6 (0x00001f17) auipc   t5, 0x1
core   0: 3 0x8000ecf6 (0x00001f17) x30 0x8000fcf6
core   0: 0x8000ecfa (0x303f2523) sw      gp, 778(t5)
core   0: 3 0x8000ecfa (0x303f2523) mem 0x80010000 0x00000001
core   0: 0x8000ecfe (0x0000bfe5) c.j     pc - 8
core   0: 3 0x8000ecfe (0xbfe5)
core   0: 0x8000ecf6 (0x00001f17) auipc   t5, 0x1
core   0: 3 0x8000ecf6 (0x00001f17) x30 0x8000fcf6
core   0: 0x8000ecfa (0x303f2523) sw      gp, 778(t5)
core   0: 3 0x8000ecfa (0x303f2523) mem 0x80010000 0x00000001
core   0: 0x8000ecfe (0x0000bfe5) c.j     pc - 8
core   0: 3 0x8000ecfe (0xbfe5)
core   0: 0x8000ecf6 (0x00001f17) auipc   t5, 0x1
core   0: 3 0x8000ecf6 (0x00001f17) x30 0x8000fcf6
core   0: 0x8000ecfa (0x303f2523) sw      gp, 778(t5)
core   0: 3 0x8000ecfa (0x303f2523) mem 0x80010000 0x00000001
core   0: 0x8000ecfe (0x0000bfe5) c.j     pc - 8
core   0: 3 0x8000ecfe (0xbfe5)
core   0: 0x8000ecf6 (0x00001f17) auipc   t5, 0x1
core   0: 3 0x8000ecf6 (0x00001f17) x30 0x8000fcf6
core   0: 0x8000ecfa (0x303f2523) sw      gp, 778(t5)
core   0: 3 0x8000ecfa (0x303f2523) mem 0x80010000 0x00000001
core   0: 0x8000ecfe (0x0000bfe5) c.j     pc - 8
core   0: 3 0x8000ecfe (0xbfe5)
core   0: 0x8000ecf6 (0x00001f17) auipc   t5, 0x1
core   0: 3 0x8000ecf6 (0x00001f17) x30 0x8000fcf6
core   0: 0x8000ecfa (0x303f2523) sw      gp, 778(t5)
core   0: 3 0x8000ecfa (0x303f2523) mem 0x80010000 0x00000001
core   0: 0x8000ecfe (0x0000bfe5) c.j     pc - 8
core   0: 3 0x8000ecfe (0xbfe5)
core   0: 0x8000ecf6 (0x00001f17) auipc   t5, 0x1
core   0: 3 0x8000ecf6 (0x00001f17) x30 0x8000fcf6
core   0: 0x8000ecfa (0x303f2523) sw      gp, 778(t5)
core   0: 3 0x8000ecfa (0x303f2523) mem 0x80010000 0x00000001
core   0: 0x8000ecfe (0x0000bfe5) c.j     pc - 8
core   0: 3 0x8000ecfe (0xbfe5)
core   0: 0x8000ecf6 (0x00001f17) auipc   t5, 0x1
core   0: 3 0x8000ecf6 (0x00001f17) x30 0x8000fcf6
core   0: 0x8000ecfa (0x303f2523) sw      gp, 778(t5)
core   0: 3 0x8000ecfa (0x303f2523) mem 0x80010000 0x00000001
core   0: 0x8000ecfe (0x0000bfe5) c.j     pc - 8
core   0: 3 0x8000ecfe (0xbfe5)
core   0: 0x8000ecf6 (0x00001f17) auipc   t5, 0x1
core   0: 3 0x8000ecf6 (0x00001f17) x30 0x8000fcf6
core   0: 0x8000ecfa (0x303f2523) sw      gp, 778(t5)
core   0: 3 0x8000ecfa (0x303f2523) mem 0x80010000 0x00000001
core   0: 0x8000ecfe (0x0000bfe5) c.j     pc - 8
core   0: 3 0x8000ecfe (0xbfe5)
core   0: 0x8000ecf6 (0x00001f17) auipc   t5, 0x1
core   0: 3 0x8000ecf6 (0x00001f17) x30 0x8000fcf6
core   0: 0x8000ecfa (0x303f2523) sw      gp, 778(t5)
core   0: 3 0x8000ecfa (0x303f2523) mem 0x80010000 0x00000001
core   0: 0x8000ecfe (0x0000bfe5) c.j     pc - 8
core   0: 3 0x8000ecfe (0xbfe5)
core   0: 0x8000ecf6 (0x00001f17) auipc   t5, 0x1
core   0: 3 0x8000ecf6 (0x00001f17) x30 0x8000fcf6
core   0: 0x8000ecfa (0x303f2523) sw      gp, 778(t5)
core   0: 3 0x8000ecfa (0x303f2523) mem 0x80010000 0x00000001
core   0: 0x8000ecfe (0x0000bfe5) c.j     pc - 8
core   0: 3 0x8000ecfe (0xbfe5)
core   0: 0x8000ecf6 (0x00001f17) auipc   t5, 0x1
core   0: 3 0x8000ecf6 (0x00001f17) x30 0x8000fcf6
core   0: 0x8000ecfa (0x303f2523) sw      gp, 778(t5)
core   0: 3 0x8000ecfa (0x303f2523) mem 0x80010000 0x00000001
core   0: 0x8000ecfe (0x0000bfe5) c.j     pc - 8
core   0: 3 0x8000ecfe (0xbfe5)
core   0: 0x8000ecf6 (0x00001f17) auipc   t5, 0x1
core   0: 3 0x8000ecf6 (0x00001f17) x30 0x8000fcf6
core   0: 0x8000ecfa (0x303f2523) sw      gp, 778(t5)
core   0: 3 0x8000ecfa (0x303f2523) mem 0x80010000 0x00000001
core   0: 0x8000ecfe (0x0000bfe5) c.j     pc - 8
core   0: 3 0x8000ecfe (0xbfe5)
core   0: 0x8000ecf6 (0x00001f17) auipc   t5, 0x1
core   0: 3 0x8000ecf6 (0x00001f17) x30 0x8000fcf6
core   0: 0x8000ecfa (0x303f2523) sw      gp, 778(t5)
core   0: 3 0x8000ecfa (0x303f2523) mem 0x80010000 0x00000001
core   0: 0x8000ecfe (0x0000bfe5) c.j     pc - 8
core   0: 3 0x8000ecfe (0xbfe5)
core   0: 0x8000ecf6 (0x00001f17) auipc   t5, 0x1
core   0: 3 0x8000ecf6 (0x00001f17) x30 0x8000fcf6
core   0: 0x8000ecfa (0x303f2523) sw      gp, 778(t5)
core   0: 3 0x8000ecfa (0x303f2523) mem 0x80010000 0x00000001
core   0: 0x8000ecfe (0x0000bfe5) c.j     pc - 8
core   0: 3 0x8000ecfe (0xbfe5)
core   0: 0x8000ecf6 (0x00001f17) auipc   t5, 0x1
core   0: 3 0x8000ecf6 (0x00001f17) x30 0x8000fcf6
core   0: 0x8000ecfa (0x303f2523) sw      gp, 778(t5)
core   0: 3 0x8000ecfa (0x303f2523) mem 0x80010000 0x00000001
core   0: 0x8000ecfe (0x0000bfe5) c.j     pc - 8
core   0: 3 0x8000ecfe (0xbfe5)
core   0: 0x8000ecf6 (0x00001f17) auipc   t5, 0x1
core   0: 3 0x8000ecf6 (0x00001f17) x30 0x8000fcf6
core   0: 0x8000ecfa (0x303f2523) sw      gp, 778(t5)
core   0: 3 0x8000ecfa (0x303f2523) mem 0x80010000 0x00000001
core   0: 0x8000ecfe (0x0000bfe5) c.j     pc - 8
core   0: 3 0x8000ecfe (0xbfe5)
core   0: 0x8000ecf6 (0x00001f17) auipc   t5, 0x1
core   0: 3 0x8000ecf6 (0x00001f17) x30 0x8000fcf6
core   0: 0x8000ecfa (0x303f2523) sw      gp, 778(t5)
core   0: 3 0x8000ecfa (0x303f2523) mem 0x80010000 0x00000001
core   0: 0x8000ecfe (0x0000bfe5) c.j     pc - 8
core   0: 3 0x8000ecfe (0xbfe5)
core   0: 0x8000ecf6 (0x00001f17) auipc   t5, 0x1
core   0: 3 0x8000ecf6 (0x00001f17) x30 0x8000fcf6
core   0: 0x8000ecfa (0x303f2523) sw      gp, 778(t5)
core   0: 3 0x8000ecfa (0x303f2523) mem 0x80010000 0x00000001
core   0: 0x8000ecfe (0x0000bfe5) c.j     pc - 8
core   0: 3 0x8000ecfe (0xbfe5)
core   0: 0x8000ecf6 (0x00001f17) auipc   t5, 0x1
core   0: 3 0x8000ecf6 (0x00001f17) x30 0x8000fcf6
core   0: 0x8000ecfa (0x303f2523) sw      gp, 778(t5)
core   0: 3 0x8000ecfa (0x303f2523) mem 0x80010000 0x00000001
core   0: 0x8000ecfe (0x0000bfe5) c.j     pc - 8
core   0: 3 0x8000ecfe (0xbfe5)
core   0: 0x8000ecf6 (0x00001f17) auipc   t5, 0x1
core   0: 3 0x8000ecf6 (0x00001f17) x30 0x8000fcf6
core   0: 0x8000ecfa (0x303f2523) sw      gp, 778(t5)
core   0: 3 0x8000ecfa (0x303f2523) mem 0x80010000 0x00000001
core   0: 0x8000ecfe (0x0000bfe5) c.j     pc - 8
core   0: 3 0x8000ecfe (0xbfe5)
core   0: 0x8000ecf6 (0x00001f17) auipc   t5, 0x1
core   0: 3 0x8000ecf6 (0x00001f17) x30 0x8000fcf6
core   0: 0x8000ecfa (0x303f2523) sw      gp, 778(t5)
core   0: 3 0x8000ecfa (0x303f2523) mem 0x80010000 0x00000001
core   0: 0x8000ecfe (0x0000bfe5) c.j     pc - 8
core   0: 3 0x8000ecfe (0xbfe5)
core   0: 0x8000ecf6 (0x00001f17) auipc   t5, 0x1
core   0: 3 0x8000ecf6 (0x00001f17) x30 0x8000fcf6
core   0: 0x8000ecfa (0x303f2523) sw      gp, 778(t5)
core   0: 3 0x8000ecfa (0x303f2523) mem 0x80010000 0x00000001
core   0: 0x8000ecfe (0x0000bfe5) c.j     pc - 8
core   0: 3 0x8000ecfe (0xbfe5)
core   0: 0x8000ecf6 (0x00001f17) auipc   t5, 0x1
core   0: 3 0x8000ecf6 (0x00001f17) x30 0x8000fcf6
core   0: 0x8000ecfa (0x303f2523) sw      gp, 778(t5)
core   0: 3 0x8000ecfa (0x303f2523) mem 0x80010000 0x00000001
core   0: 0x8000ecfe (0x0000bfe5) c.j     pc - 8
core   0: 3 0x8000ecfe (0xbfe5)
core   0: 0x8000ecf6 (0x00001f17) auipc   t5, 0x1
core   0: 3 0x8000ecf6 (0x00001f17) x30 0x8000fcf6
core   0: 0x8000ecfa (0x303f2523) sw      gp, 778(t5)
core   0: 3 0x8000ecfa (0x303f2523) mem 0x80010000 0x00000001
core   0: 0x8000ecfe (0x0000bfe5) c.j     pc - 8
core   0: 3 0x8000ecfe (0xbfe5)
core   0: 0x8000ecf6 (0x00001f17) auipc   t5, 0x1
core   0: 3 0x8000ecf6 (0x00001f17) x30 0x8000fcf6
core   0: 0x8000ecfa (0x303f2523) sw      gp, 778(t5)
core   0: 3 0x8000ecfa (0x303f2523) mem 0x80010000 0x00000001
core   0: 0x8000ecfe (0x0000bfe5) c.j     pc - 8
core   0: 3 0x8000ecfe (0xbfe5)
core   0: 0x8000ecf6 (0x00001f17) auipc   t5, 0x1
core   0: 3 0x8000ecf6 (0x00001f17) x30 0x8000fcf6
core   0: 0x8000ecfa (0x303f2523) sw      gp, 778(t5)
core   0: 3 0x8000ecfa (0x303f2523) mem 0x80010000 0x00000001
core   0: 0x8000ecfe (0x0000bfe5) c.j     pc - 8
core   0: 3 0x8000ecfe (0xbfe5)
core   0: 0x8000ecf6 (0x00001f17) auipc   t5, 0x1
core   0: 3 0x8000ecf6 (0x00001f17) x30 0x8000fcf6
core   0: 0x8000ecfa (0x303f2523) sw      gp, 778(t5)
core   0: 3 0x8000ecfa (0x303f2523) mem 0x80010000 0x00000001
core   0: 0x8000ecfe (0x0000bfe5) c.j     pc - 8
core   0: 3 0x8000ecfe (0xbfe5)
core   0: 0x8000ecf6 (0x00001f17) auipc   t5, 0x1
core   0: 3 0x8000ecf6 (0x00001f17) x30 0x8000fcf6
core   0: 0x8000ecfa (0x303f2523) sw      gp, 778(t5)
core   0: 3 0x8000ecfa (0x303f2523) mem 0x80010000 0x00000001
core   0: 0x8000ecfe (0x0000bfe5) c.j     pc - 8
core   0: 3 0x8000ecfe (0xbfe5)
core   0: 0x8000ecf6 (0x00001f17) auipc   t5, 0x1
core   0: 3 0x8000ecf6 (0x00001f17) x30 0x8000fcf6
core   0: 0x8000ecfa (0x303f2523) sw      gp, 778(t5)
core   0: 3 0x8000ecfa (0x303f2523) mem 0x80010000 0x00000001
core   0: 0x8000ecfe (0x0000bfe5) c.j     pc - 8
core   0: 3 0x8000ecfe (0xbfe5)
core   0: 0x8000ecf6 (0x00001f17) auipc   t5, 0x1
core   0: 3 0x8000ecf6 (0x00001f17) x30 0x8000fcf6
core   0: 0x8000ecfa (0x303f2523) sw      gp, 778(t5)
core   0: 3 0x8000ecfa (0x303f2523) mem 0x80010000 0x00000001
core   0: 0x8000ecfe (0x0000bfe5) c.j     pc - 8
core   0: 3 0x8000ecfe (0xbfe5)
core   0: 0x8000ecf6 (0x00001f17) auipc   t5, 0x1
core   0: 3 0x8000ecf6 (0x00001f17) x30 0x8000fcf6
core   0: 0x8000ecfa (0x303f2523) sw      gp, 778(t5)
core   0: 3 0x8000ecfa (0x303f2523) mem 0x80010000 0x00000001
core   0: 0x8000ecfe (0x0000bfe5) c.j     pc - 8
core   0: 3 0x8000ecfe (0xbfe5)
core   0: 0x8000ecf6 (0x00001f17) auipc   t5, 0x1
core   0: 3 0x8000ecf6 (0x00001f17) x30 0x8000fcf6
core   0: 0x8000ecfa (0x303f2523) sw      gp, 778(t5)
core   0: 3 0x8000ecfa (0x303f2523) mem 0x80010000 0x00000001
core   0: 0x8000ecfe (0x0000bfe5) c.j     pc - 8
core   0: 3 0x8000ecfe (0xbfe5)
core   0: 0x8000ecf6 (0x00001f17) auipc   t5, 0x1
core   0: 3 0x8000ecf6 (0x00001f17) x30 0x8000fcf6
core   0: 0x8000ecfa (0x303f2523) sw      gp, 778(t5)
core   0: 3 0x8000ecfa (0x303f2523) mem 0x80010000 0x00000001
core   0: 0x8000ecfe (0x0000bfe5) c.j     pc - 8
core   0: 3 0x8000ecfe (0xbfe5)
core   0: 0x8000ecf6 (0x00001f17) auipc   t5, 0x1
core   0: 3 0x8000ecf6 (0x00001f17) x30 0x8000fcf6
core   0: 0x8000ecfa (0x303f2523) sw      gp, 778(t5)
core   0: 3 0x8000ecfa (0x303f2523) mem 0x80010000 0x00000001
core   0: 0x8000ecfe (0x0000bfe5) c.j     pc - 8
core   0: 3 0x8000ecfe (0xbfe5)
core   0: 0x8000ecf6 (0x00001f17) auipc   t5, 0x1
core   0: 3 0x8000ecf6 (0x00001f17) x30 0x8000fcf6
core   0: 0x8000ecfa (0x303f2523) sw      gp, 778(t5)
core   0: 3 0x8000ecfa (0x303f2523) mem 0x80010000 0x00000001
core   0: 0x8000ecfe (0x0000bfe5) c.j     pc - 8
core   0: 3 0x8000ecfe (0xbfe5)
core   0: 0x8000ecf6 (0x00001f17) auipc   t5, 0x1
core   0: 3 0x8000ecf6 (0x00001f17) x30 0x8000fcf6
core   0: 0x8000ecfa (0x303f2523) sw      gp, 778(t5)
core   0: 3 0x8000ecfa (0x303f2523) mem 0x80010000 0x00000001
core   0: 0x8000ecfe (0x0000bfe5) c.j     pc - 8
core   0: 3 0x8000ecfe (0xbfe5)
core   0: 0x8000ecf6 (0x00001f17) auipc   t5, 0x1
core   0: 3 0x8000ecf6 (0x00001f17) x30 0x8000fcf6
core   0: 0x8000ecfa (0x303f2523) sw      gp, 778(t5)
core   0: 3 0x8000ecfa (0x303f2523) mem 0x80010000 0x00000001
core   0: 0x8000ecfe (0x0000bfe5) c.j     pc - 8
core   0: 3 0x8000ecfe (0xbfe5)
core   0: 0x8000ecf6 (0x00001f17) auipc   t5, 0x1
core   0: 3 0x8000ecf6 (0x00001f17) x30 0x8000fcf6
core   0: 0x8000ecfa (0x303f2523) sw      gp, 778(t5)
core   0: 3 0x8000ecfa (0x303f2523) mem 0x80010000 0x00000001
core   0: 0x8000ecfe (0x0000bfe5) c.j     pc - 8
core   0: 3 0x8000ecfe (0xbfe5)
core   0: 0x8000ecf6 (0x00001f17) auipc   t5, 0x1
core   0: 3 0x8000ecf6 (0x00001f17) x30 0x8000fcf6
core   0: 0x8000ecfa (0x303f2523) sw      gp, 778(t5)
core   0: 3 0x8000ecfa (0x303f2523) mem 0x80010000 0x00000001
core   0: 0x8000ecfe (0x0000bfe5) c.j     pc - 8
core   0: 3 0x8000ecfe (0xbfe5)
core   0: 0x8000ecf6 (0x00001f17) auipc   t5, 0x1
core   0: 3 0x8000ecf6 (0x00001f17) x30 0x8000fcf6
core   0: 0x8000ecfa (0x303f2523) sw      gp, 778(t5)
core   0: 3 0x8000ecfa (0x303f2523) mem 0x80010000 0x00000001
core   0: 0x8000ecfe (0x0000bfe5) c.j     pc - 8
core   0: 3 0x8000ecfe (0xbfe5)
core   0: 0x8000ecf6 (0x00001f17) auipc   t5, 0x1
core   0: 3 0x8000ecf6 (0x00001f17) x30 0x8000fcf6
core   0: 0x8000ecfa (0x303f2523) sw      gp, 778(t5)
core   0: 3 0x8000ecfa (0x303f2523) mem 0x80010000 0x00000001
core   0: 0x8000ecfe (0x0000bfe5) c.j     pc - 8
core   0: 3 0x8000ecfe (0xbfe5)
core   0: 0x8000ecf6 (0x00001f17) auipc   t5, 0x1
core   0: 3 0x8000ecf6 (0x00001f17) x30 0x8000fcf6
core   0: 0x8000ecfa (0x303f2523) sw      gp, 778(t5)
core   0: 3 0x8000ecfa (0x303f2523) mem 0x80010000 0x00000001
core   0: 0x8000ecfe (0x0000bfe5) c.j     pc - 8
core   0: 3 0x8000ecfe (0xbfe5)
core   0: 0x8000ecf6 (0x00001f17) auipc   t5, 0x1
core   0: 3 0x8000ecf6 (0x00001f17) x30 0x8000fcf6
core   0: 0x8000ecfa (0x303f2523) sw      gp, 778(t5)
core   0: 3 0x8000ecfa (0x303f2523) mem 0x80010000 0x00000001
core   0: 0x8000ecfe (0x0000bfe5) c.j     pc - 8
core   0: 3 0x8000ecfe (0xbfe5)
core   0: 0x8000ecf6 (0x00001f17) auipc   t5, 0x1
core   0: 3 0x8000ecf6 (0x00001f17) x30 0x8000fcf6
core   0: 0x8000ecfa (0x303f2523) sw      gp, 778(t5)
core   0: 3 0x8000ecfa (0x303f2523) mem 0x80010000 0x00000001
core   0: 0x8000ecfe (0x0000bfe5) c.j     pc - 8
core   0: 3 0x8000ecfe (0xbfe5)
core   0: 0x8000ecf6 (0x00001f17) auipc   t5, 0x1
core   0: 3 0x8000ecf6 (0x00001f17) x30 0x8000fcf6
core   0: 0x8000ecfa (0x303f2523) sw      gp, 778(t5)
core   0: 3 0x8000ecfa (0x303f2523) mem 0x80010000 0x00000001
core   0: 0x8000ecfe (0x0000bfe5) c.j     pc - 8
core   0: 3 0x8000ecfe (0xbfe5)
core   0: 0x8000ecf6 (0x00001f17) auipc   t5, 0x1
core   0: 3 0x8000ecf6 (0x00001f17) x30 0x8000fcf6
core   0: 0x8000ecfa (0x303f2523) sw      gp, 778(t5)
core   0: 3 0x8000ecfa (0x303f2523) mem 0x80010000 0x00000001
core   0: 0x8000ecfe (0x0000bfe5) c.j     pc - 8
core   0: 3 0x8000ecfe (0xbfe5)
core   0: 0x8000ecf6 (0x00001f17) auipc   t5, 0x1
core   0: 3 0x8000ecf6 (0x00001f17) x30 0x8000fcf6
core   0: 0x8000ecfa (0x303f2523) sw      gp, 778(t5)
core   0: 3 0x8000ecfa (0x303f2523) mem 0x80010000 0x00000001
core   0: 0x8000ecfe (0x0000bfe5) c.j     pc - 8
core   0: 3 0x8000ecfe (0xbfe5)
core   0: 0x8000ecf6 (0x00001f17) auipc   t5, 0x1
core   0: 3 0x8000ecf6 (0x00001f17) x30 0x8000fcf6
core   0: 0x8000ecfa (0x303f2523) sw      gp, 778(t5)
core   0: 3 0x8000ecfa (0x303f2523) mem 0x80010000 0x00000001
core   0: 0x8000ecfe (0x0000bfe5) c.j     pc - 8
core   0: 3 0x8000ecfe (0xbfe5)
core   0: 0x8000ecf6 (0x00001f17) auipc   t5, 0x1
core   0: 3 0x8000ecf6 (0x00001f17) x30 0x8000fcf6
core   0: 0x8000ecfa (0x303f2523) sw      gp, 778(t5)
core   0: 3 0x8000ecfa (0x303f2523) mem 0x80010000 0x00000001
core   0: 0x8000ecfe (0x0000bfe5) c.j     pc - 8
core   0: 3 0x8000ecfe (0xbfe5)
core   0: 0x8000ecf6 (0x00001f17) auipc   t5, 0x1
core   0: 3 0x8000ecf6 (0x00001f17) x30 0x8000fcf6
core   0: 0x8000ecfa (0x303f2523) sw      gp, 778(t5)
core   0: 3 0x8000ecfa (0x303f2523) mem 0x80010000 0x00000001
core   0: 0x8000ecfe (0x0000bfe5) c.j     pc - 8
core   0: 3 0x8000ecfe (0xbfe5)
core   0: 0x8000ecf6 (0x00001f17) auipc   t5, 0x1
core   0: 3 0x8000ecf6 (0x00001f17) x30 0x8000fcf6
core   0: 0x8000ecfa (0x303f2523) sw      gp, 778(t5)
core   0: 3 0x8000ecfa (0x303f2523) mem 0x80010000 0x00000001
core   0: 0x8000ecfe (0x0000bfe5) c.j     pc - 8
core   0: 3 0x8000ecfe (0xbfe5)
core   0: 0x8000ecf6 (0x00001f17) auipc   t5, 0x1
core   0: 3 0x8000ecf6 (0x00001f17) x30 0x8000fcf6
core   0: 0x8000ecfa (0x303f2523) sw      gp, 778(t5)
core   0: 3 0x8000ecfa (0x303f2523) mem 0x80010000 0x00000001
core   0: 0x8000ecfe (0x0000bfe5) c.j     pc - 8
core   0: 3 0x8000ecfe (0xbfe5)
core   0: 0x8000ecf6 (0x00001f17) auipc   t5, 0x1
core   0: 3 0x8000ecf6 (0x00001f17) x30 0x8000fcf6
core   0: 0x8000ecfa (0x303f2523) sw      gp, 778(t5)
core   0: 3 0x8000ecfa (0x303f2523) mem 0x80010000 0x00000001
core   0: 0x8000ecfe (0x0000bfe5) c.j     pc - 8
core   0: 3 0x8000ecfe (0xbfe5)
core   0: 0x8000ecf6 (0x00001f17) auipc   t5, 0x1
core   0: 3 0x8000ecf6 (0x00001f17) x30 0x8000fcf6
core   0: 0x8000ecfa (0x303f2523) sw      gp, 778(t5)
core   0: 3 0x8000ecfa (0x303f2523) mem 0x80010000 0x00000001
core   0: 0x8000ecfe (0x0000bfe5) c.j     pc - 8
core   0: 3 0x8000ecfe (0xbfe5)
core   0: 0x8000ecf6 (0x00001f17) auipc   t5, 0x1
core   0: 3 0x8000ecf6 (0x00001f17) x30 0x8000fcf6
core   0: 0x8000ecfa (0x303f2523) sw      gp, 778(t5)
core   0: 3 0x8000ecfa (0x303f2523) mem 0x80010000 0x00000001
core   0: 0x8000ecfe (0x0000bfe5) c.j     pc - 8
core   0: 3 0x8000ecfe (0xbfe5)
core   0: 0x8000ecf6 (0x00001f17) auipc   t5, 0x1
core   0: 3 0x8000ecf6 (0x00001f17) x30 0x8000fcf6
core   0: 0x8000ecfa (0x303f2523) sw      gp, 778(t5)
core   0: 3 0x8000ecfa (0x303f2523) mem 0x80010000 0x00000001
core   0: 0x8000ecfe (0x0000bfe5) c.j     pc - 8
core   0: 3 0x8000ecfe (0xbfe5)
core   0: 0x8000ecf6 (0x00001f17) auipc   t5, 0x1
core   0: 3 0x8000ecf6 (0x00001f17) x30 0x8000fcf6
core   0: 0x8000ecfa (0x303f2523) sw      gp, 778(t5)
core   0: 3 0x8000ecfa (0x303f2523) mem 0x80010000 0x00000001
core   0: 0x8000ecfe (0x0000bfe5) c.j     pc - 8
core   0: 3 0x8000ecfe (0xbfe5)
core   0: 0x8000ecf6 (0x00001f17) auipc   t5, 0x1
core   0: 3 0x8000ecf6 (0x00001f17) x30 0x8000fcf6
core   0: 0x8000ecfa (0x303f2523) sw      gp, 778(t5)
core   0: 3 0x8000ecfa (0x303f2523) mem 0x80010000 0x00000001
core   0: 0x8000ecfe (0x0000bfe5) c.j     pc - 8
core   0: 3 0x8000ecfe (0xbfe5)
core   0: 0x8000ecf6 (0x00001f17) auipc   t5, 0x1
core   0: 3 0x8000ecf6 (0x00001f17) x30 0x8000fcf6
core   0: 0x8000ecfa (0x303f2523) sw      gp, 778(t5)
core   0: 3 0x8000ecfa (0x303f2523) mem 0x80010000 0x00000001
core   0: 0x8000ecfe (0x0000bfe5) c.j     pc - 8
core   0: 3 0x8000ecfe (0xbfe5)
core   0: 0x8000ecf6 (0x00001f17) auipc   t5, 0x1
core   0: 3 0x8000ecf6 (0x00001f17) x30 0x8000fcf6
core   0: 0x8000ecfa (0x303f2523) sw      gp, 778(t5)
core   0: 3 0x8000ecfa (0x303f2523) mem 0x80010000 0x00000001
core   0: 0x8000ecfe (0x0000bfe5) c.j     pc - 8
core   0: 3 0x8000ecfe (0xbfe5)
core   0: 0x8000ecf6 (0x00001f17) auipc   t5, 0x1
core   0: 3 0x8000ecf6 (0x00001f17) x30 0x8000fcf6
core   0: 0x8000ecfa (0x303f2523) sw      gp, 778(t5)
core   0: 3 0x8000ecfa (0x303f2523) mem 0x80010000 0x00000001
core   0: 0x8000ecfe (0x0000bfe5) c.j     pc - 8
core   0: 3 0x8000ecfe (0xbfe5)
core   0: 0x8000ecf6 (0x00001f17) auipc   t5, 0x1
core   0: 3 0x8000ecf6 (0x00001f17) x30 0x8000fcf6
core   0: 0x8000ecfa (0x303f2523) sw      gp, 778(t5)
core   0: 3 0x8000ecfa (0x303f2523) mem 0x80010000 0x00000001
core   0: 0x8000ecfe (0x0000bfe5) c.j     pc - 8
core   0: 3 0x8000ecfe (0xbfe5)
core   0: 0x8000ecf6 (0x00001f17) auipc   t5, 0x1
core   0: 3 0x8000ecf6 (0x00001f17) x30 0x8000fcf6
core   0: 0x8000ecfa (0x303f2523) sw      gp, 778(t5)
core   0: 3 0x8000ecfa (0x303f2523) mem 0x80010000 0x00000001
core   0: 0x8000ecfe (0x0000bfe5) c.j     pc - 8
core   0: 3 0x8000ecfe (0xbfe5)
core   0: 0x8000ecf6 (0x00001f17) auipc   t5, 0x1
core   0: 3 0x8000ecf6 (0x00001f17) x30 0x8000fcf6
core   0: 0x8000ecfa (0x303f2523) sw      gp, 778(t5)
core   0: 3 0x8000ecfa (0x303f2523) mem 0x80010000 0x00000001
core   0: 0x8000ecfe (0x0000bfe5) c.j     pc - 8
core   0: 3 0x8000ecfe (0xbfe5)
core   0: 0x8000ecf6 (0x00001f17) auipc   t5, 0x1
core   0: 3 0x8000ecf6 (0x00001f17) x30 0x8000fcf6
core   0: 0x8000ecfa (0x303f2523) sw      gp, 778(t5)
core   0: 3 0x8000ecfa (0x303f2523) mem 0x80010000 0x00000001
core   0: 0x8000ecfe (0x0000bfe5) c.j     pc - 8
core   0: 3 0x8000ecfe (0xbfe5)
core   0: 0x8000ecf6 (0x00001f17) auipc   t5, 0x1
core   0: 3 0x8000ecf6 (0x00001f17) x30 0x8000fcf6
core   0: 0x8000ecfa (0x303f2523) sw      gp, 778(t5)
core   0: 3 0x8000ecfa (0x303f2523) mem 0x80010000 0x00000001
core   0: 0x8000ecfe (0x0000bfe5) c.j     pc - 8
core   0: 3 0x8000ecfe (0xbfe5)
core   0: 0x8000ecf6 (0x00001f17) auipc   t5, 0x1
core   0: 3 0x8000ecf6 (0x00001f17) x30 0x8000fcf6
core   0: 0x8000ecfa (0x303f2523) sw      gp, 778(t5)
core   0: 3 0x8000ecfa (0x303f2523) mem 0x80010000 0x00000001
core   0: 0x8000ecfe (0x0000bfe5) c.j     pc - 8
core   0: 3 0x8000ecfe (0xbfe5)
core   0: 0x8000ecf6 (0x00001f17) auipc   t5, 0x1
core   0: 3 0x8000ecf6 (0x00001f17) x30 0x8000fcf6
core   0: 0x8000ecfa (0x303f2523) sw      gp, 778(t5)
core   0: 3 0x8000ecfa (0x303f2523) mem 0x80010000 0x00000001
core   0: 0x8000ecfe (0x0000bfe5) c.j     pc - 8
core   0: 3 0x8000ecfe (0xbfe5)
core   0: 0x8000ecf6 (0x00001f17) auipc   t5, 0x1
core   0: 3 0x8000ecf6 (0x00001f17) x30 0x8000fcf6
core   0: 0x8000ecfa (0x303f2523) sw      gp, 778(t5)
core   0: 3 0x8000ecfa (0x303f2523) mem 0x80010000 0x00000001
core   0: 0x8000ecfe (0x0000bfe5) c.j     pc - 8
core   0: 3 0x8000ecfe (0xbfe5)
core   0: 0x8000ecf6 (0x00001f17) auipc   t5, 0x1
core   0: 3 0x8000ecf6 (0x00001f17) x30 0x8000fcf6
core   0: 0x8000ecfa (0x303f2523) sw      gp, 778(t5)
core   0: 3 0x8000ecfa (0x303f2523) mem 0x80010000 0x00000001
core   0: 0x8000ecfe (0x0000bfe5) c.j     pc - 8
core   0: 3 0x8000ecfe (0xbfe5)
core   0: 0x8000ecf6 (0x00001f17) auipc   t5, 0x1
core   0: 3 0x8000ecf6 (0x00001f17) x30 0x8000fcf6
core   0: 0x8000ecfa (0x303f2523) sw      gp, 778(t5)
core   0: 3 0x8000ecfa (0x303f2523) mem 0x80010000 0x00000001
core   0: 0x8000ecfe (0x0000bfe5) c.j     pc - 8
core   0: 3 0x8000ecfe (0xbfe5)
core   0: 0x8000ecf6 (0x00001f17) auipc   t5, 0x1
core   0: 3 0x8000ecf6 (0x00001f17) x30 0x8000fcf6
core   0: 0x8000ecfa (0x303f2523) sw      gp, 778(t5)
core   0: 3 0x8000ecfa (0x303f2523) mem 0x80010000 0x00000001
core   0: 0x8000ecfe (0x0000bfe5) c.j     pc - 8
core   0: 3 0x8000ecfe (0xbfe5)
core   0: 0x8000ecf6 (0x00001f17) auipc   t5, 0x1
core   0: 3 0x8000ecf6 (0x00001f17) x30 0x8000fcf6
core   0: 0x8000ecfa (0x303f2523) sw      gp, 778(t5)
core   0: 3 0x8000ecfa (0x303f2523) mem 0x80010000 0x00000001
core   0: 0x8000ecfe (0x0000bfe5) c.j     pc - 8
core   0: 3 0x8000ecfe (0xbfe5)
core   0: 0x8000ecf6 (0x00001f17) auipc   t5, 0x1
core   0: 3 0x8000ecf6 (0x00001f17) x30 0x8000fcf6
core   0: 0x8000ecfa (0x303f2523) sw      gp, 778(t5)
core   0: 3 0x8000ecfa (0x303f2523) mem 0x80010000 0x00000001
core   0: 0x8000ecfe (0x0000bfe5) c.j     pc - 8
core   0: 3 0x8000ecfe (0xbfe5)
core   0: 0x8000ecf6 (0x00001f17) auipc   t5, 0x1
core   0: 3 0x8000ecf6 (0x00001f17) x30 0x8000fcf6
core   0: 0x8000ecfa (0x303f2523) sw      gp, 778(t5)
core   0: 3 0x8000ecfa (0x303f2523) mem 0x80010000 0x00000001
core   0: 0x8000ecfe (0x0000bfe5) c.j     pc - 8
core   0: 3 0x8000ecfe (0xbfe5)
core   0: 0x8000ecf6 (0x00001f17) auipc   t5, 0x1
core   0: 3 0x8000ecf6 (0x00001f17) x30 0x8000fcf6
core   0: 0x8000ecfa (0x303f2523) sw      gp, 778(t5)
core   0: 3 0x8000ecfa (0x303f2523) mem 0x80010000 0x00000001
core   0: 0x8000ecfe (0x0000bfe5) c.j     pc - 8
core   0: 3 0x8000ecfe (0xbfe5)
core   0: 0x8000ecf6 (0x00001f17) auipc   t5, 0x1
core   0: 3 0x8000ecf6 (0x00001f17) x30 0x8000fcf6
core   0: 0x8000ecfa (0x303f2523) sw      gp, 778(t5)
core   0: 3 0x8000ecfa (0x303f2523) mem 0x80010000 0x00000001
core   0: 0x8000ecfe (0x0000bfe5) c.j     pc - 8
core   0: 3 0x8000ecfe (0xbfe5)
core   0: 0x8000ecf6 (0x00001f17) auipc   t5, 0x1
core   0: 3 0x8000ecf6 (0x00001f17) x30 0x8000fcf6
core   0: 0x8000ecfa (0x303f2523) sw      gp, 778(t5)
core   0: 3 0x8000ecfa (0x303f2523) mem 0x80010000 0x00000001
core   0: 0x8000ecfe (0x0000bfe5) c.j     pc - 8
core   0: 3 0x8000ecfe (0xbfe5)
core   0: 0x8000ecf6 (0x00001f17) auipc   t5, 0x1
core   0: 3 0x8000ecf6 (0x00001f17) x30 0x8000fcf6
core   0: 0x8000ecfa (0x303f2523) sw      gp, 778(t5)
core   0: 3 0x8000ecfa (0x303f2523) mem 0x80010000 0x00000001
core   0: 0x8000ecfe (0x0000bfe5) c.j     pc - 8
core   0: 3 0x8000ecfe (0xbfe5)
core   0: 0x8000ecf6 (0x00001f17) auipc   t5, 0x1
core   0: 3 0x8000ecf6 (0x00001f17) x30 0x8000fcf6
core   0: 0x8000ecfa (0x303f2523) sw      gp, 778(t5)
core   0: 3 0x8000ecfa (0x303f2523) mem 0x80010000 0x00000001
core   0: 0x8000ecfe (0x0000bfe5) c.j     pc - 8
core   0: 3 0x8000ecfe (0xbfe5)
core   0: 0x8000ecf6 (0x00001f17) auipc   t5, 0x1
core   0: 3 0x8000ecf6 (0x00001f17) x30 0x8000fcf6
core   0: 0x8000ecfa (0x303f2523) sw      gp, 778(t5)
core   0: 3 0x8000ecfa (0x303f2523) mem 0x80010000 0x00000001
core   0: 0x8000ecfe (0x0000bfe5) c.j     pc - 8
core   0: 3 0x8000ecfe (0xbfe5)
core   0: 0x8000ecf6 (0x00001f17) auipc   t5, 0x1
core   0: 3 0x8000ecf6 (0x00001f17) x30 0x8000fcf6
core   0: 0x8000ecfa (0x303f2523) sw      gp, 778(t5)
core   0: 3 0x8000ecfa (0x303f2523) mem 0x80010000 0x00000001
core   0: 0x8000ecfe (0x0000bfe5) c.j     pc - 8
core   0: 3 0x8000ecfe (0xbfe5)
core   0: 0x8000ecf6 (0x00001f17) auipc   t5, 0x1
core   0: 3 0x8000ecf6 (0x00001f17) x30 0x8000fcf6
core   0: 0x8000ecfa (0x303f2523) sw      gp, 778(t5)
core   0: 3 0x8000ecfa (0x303f2523) mem 0x80010000 0x00000001
core   0: 0x8000ecfe (0x0000bfe5) c.j     pc - 8
core   0: 3 0x8000ecfe (0xbfe5)
core   0: 0x8000ecf6 (0x00001f17) auipc   t5, 0x1
core   0: 3 0x8000ecf6 (0x00001f17) x30 0x8000fcf6
core   0: 0x8000ecfa (0x303f2523) sw      gp, 778(t5)
core   0: 3 0x8000ecfa (0x303f2523) mem 0x80010000 0x00000001
core   0: 0x8000ecfe (0x0000bfe5) c.j     pc - 8
core   0: 3 0x8000ecfe (0xbfe5)
core   0: 0x8000ecf6 (0x00001f17) auipc   t5, 0x1
core   0: 3 0x8000ecf6 (0x00001f17) x30 0x8000fcf6
core   0: 0x8000ecfa (0x303f2523) sw      gp, 778(t5)
core   0: 3 0x8000ecfa (0x303f2523) mem 0x80010000 0x00000001
core   0: 0x8000ecfe (0x0000bfe5) c.j     pc - 8
core   0: 3 0x8000ecfe (0xbfe5)
core   0: 0x8000ecf6 (0x00001f17) auipc   t5, 0x1
core   0: 3 0x8000ecf6 (0x00001f17) x30 0x8000fcf6
core   0: 0x8000ecfa (0x303f2523) sw      gp, 778(t5)
core   0: 3 0x8000ecfa (0x303f2523) mem 0x80010000 0x00000001
core   0: 0x8000ecfe (0x0000bfe5) c.j     pc - 8
core   0: 3 0x8000ecfe (0xbfe5)
core   0: 0x8000ecf6 (0x00001f17) auipc   t5, 0x1
core   0: 3 0x8000ecf6 (0x00001f17) x30 0x8000fcf6
core   0: 0x8000ecfa (0x303f2523) sw      gp, 778(t5)
core   0: 3 0x8000ecfa (0x303f2523) mem 0x80010000 0x00000001
core   0: 0x8000ecfe (0x0000bfe5) c.j     pc - 8
core   0: 3 0x8000ecfe (0xbfe5)
core   0: 0x8000ecf6 (0x00001f17) auipc   t5, 0x1
core   0: 3 0x8000ecf6 (0x00001f17) x30 0x8000fcf6
core   0: 0x8000ecfa (0x303f2523) sw      gp, 778(t5)
core   0: 3 0x8000ecfa (0x303f2523) mem 0x80010000 0x00000001
core   0: 0x8000ecfe (0x0000bfe5) c.j     pc - 8
core   0: 3 0x8000ecfe (0xbfe5)
core   0: 0x8000ecf6 (0x00001f17) auipc   t5, 0x1
core   0: 3 0x8000ecf6 (0x00001f17) x30 0x8000fcf6
core   0: 0x8000ecfa (0x303f2523) sw      gp, 778(t5)
core   0: 3 0x8000ecfa (0x303f2523) mem 0x80010000 0x00000001
core   0: 0x8000ecfe (0x0000bfe5) c.j     pc - 8
core   0: 3 0x8000ecfe (0xbfe5)
core   0: 0x8000ecf6 (0x00001f17) auipc   t5, 0x1
core   0: 3 0x8000ecf6 (0x00001f17) x30 0x8000fcf6
core   0: 0x8000ecfa (0x303f2523) sw      gp, 778(t5)
core   0: 3 0x8000ecfa (0x303f2523) mem 0x80010000 0x00000001
core   0: 0x8000ecfe (0x0000bfe5) c.j     pc - 8
core   0: 3 0x8000ecfe (0xbfe5)
core   0: 0x8000ecf6 (0x00001f17) auipc   t5, 0x1
core   0: 3 0x8000ecf6 (0x00001f17) x30 0x8000fcf6
core   0: 0x8000ecfa (0x303f2523) sw      gp, 778(t5)
core   0: 3 0x8000ecfa (0x303f2523) mem 0x80010000 0x00000001
core   0: 0x8000ecfe (0x0000bfe5) c.j     pc - 8
core   0: 3 0x8000ecfe (0xbfe5)
core   0: 0x8000ecf6 (0x00001f17) auipc   t5, 0x1
core   0: 3 0x8000ecf6 (0x00001f17) x30 0x8000fcf6
core   0: 0x8000ecfa (0x303f2523) sw      gp, 778(t5)
core   0: 3 0x8000ecfa (0x303f2523) mem 0x80010000 0x00000001
core   0: 0x8000ecfe (0x0000bfe5) c.j     pc - 8
core   0: 3 0x8000ecfe (0xbfe5)
core   0: 0x8000ecf6 (0x00001f17) auipc   t5, 0x1
core   0: 3 0x8000ecf6 (0x00001f17) x30 0x8000fcf6
core   0: 0x8000ecfa (0x303f2523) sw      gp, 778(t5)
core   0: 3 0x8000ecfa (0x303f2523) mem 0x80010000 0x00000001
core   0: 0x8000ecfe (0x0000bfe5) c.j     pc - 8
core   0: 3 0x8000ecfe (0xbfe5)
core   0: 0x8000ecf6 (0x00001f17) auipc   t5, 0x1
core   0: 3 0x8000ecf6 (0x00001f17) x30 0x8000fcf6
core   0: 0x8000ecfa (0x303f2523) sw      gp, 778(t5)
core   0: 3 0x8000ecfa (0x303f2523) mem 0x80010000 0x00000001
core   0: 0x8000ecfe (0x0000bfe5) c.j     pc - 8
core   0: 3 0x8000ecfe (0xbfe5)
core   0: 0x8000ecf6 (0x00001f17) auipc   t5, 0x1
core   0: 3 0x8000ecf6 (0x00001f17) x30 0x8000fcf6
core   0: 0x8000ecfa (0x303f2523) sw      gp, 778(t5)
core   0: 3 0x8000ecfa (0x303f2523) mem 0x80010000 0x00000001
core   0: 0x8000ecfe (0x0000bfe5) c.j     pc - 8
core   0: 3 0x8000ecfe (0xbfe5)
core   0: 0x8000ecf6 (0x00001f17) auipc   t5, 0x1
core   0: 3 0x8000ecf6 (0x00001f17) x30 0x8000fcf6
core   0: 0x8000ecfa (0x303f2523) sw      gp, 778(t5)
core   0: 3 0x8000ecfa (0x303f2523) mem 0x80010000 0x00000001
core   0: 0x8000ecfe (0x0000bfe5) c.j     pc - 8
core   0: 3 0x8000ecfe (0xbfe5)
core   0: 0x8000ecf6 (0x00001f17) auipc   t5, 0x1
core   0: 3 0x8000ecf6 (0x00001f17) x30 0x8000fcf6
core   0: 0x8000ecfa (0x303f2523) sw      gp, 778(t5)
core   0: 3 0x8000ecfa (0x303f2523) mem 0x80010000 0x00000001
core   0: 0x8000ecfe (0x0000bfe5) c.j     pc - 8
core   0: 3 0x8000ecfe (0xbfe5)
core   0: 0x8000ecf6 (0x00001f17) auipc   t5, 0x1
core   0: 3 0x8000ecf6 (0x00001f17) x30 0x8000fcf6
core   0: 0x8000ecfa (0x303f2523) sw      gp, 778(t5)
core   0: 3 0x8000ecfa (0x303f2523) mem 0x80010000 0x00000001
core   0: 0x8000ecfe (0x0000bfe5) c.j     pc - 8
core   0: 3 0x8000ecfe (0xbfe5)
core   0: 0x8000ecf6 (0x00001f17) auipc   t5, 0x1
core   0: 3 0x8000ecf6 (0x00001f17) x30 0x8000fcf6
core   0: 0x8000ecfa (0x303f2523) sw      gp, 778(t5)
core   0: 3 0x8000ecfa (0x303f2523) mem 0x80010000 0x00000001
core   0: 0x8000ecfe (0x0000bfe5) c.j     pc - 8
core   0: 3 0x8000ecfe (0xbfe5)
core   0: 0x8000ecf6 (0x00001f17) auipc   t5, 0x1
core   0: 3 0x8000ecf6 (0x00001f17) x30 0x8000fcf6
core   0: 0x8000ecfa (0x303f2523) sw      gp, 778(t5)
core   0: 3 0x8000ecfa (0x303f2523) mem 0x80010000 0x00000001
core   0: 0x8000ecfe (0x0000bfe5) c.j     pc - 8
core   0: 3 0x8000ecfe (0xbfe5)
core   0: 0x8000ecf6 (0x00001f17) auipc   t5, 0x1
core   0: 3 0x8000ecf6 (0x00001f17) x30 0x8000fcf6
core   0: 0x8000ecfa (0x303f2523) sw      gp, 778(t5)
core   0: 3 0x8000ecfa (0x303f2523) mem 0x80010000 0x00000001
core   0: 0x8000ecfe (0x0000bfe5) c.j     pc - 8
core   0: 3 0x8000ecfe (0xbfe5)
core   0: 0x8000ecf6 (0x00001f17) auipc   t5, 0x1
core   0: 3 0x8000ecf6 (0x00001f17) x30 0x8000fcf6
core   0: 0x8000ecfa (0x303f2523) sw      gp, 778(t5)
core   0: 3 0x8000ecfa (0x303f2523) mem 0x80010000 0x00000001
core   0: 0x8000ecfe (0x0000bfe5) c.j     pc - 8
core   0: 3 0x8000ecfe (0xbfe5)
core   0: 0x8000ecf6 (0x00001f17) auipc   t5, 0x1
core   0: 3 0x8000ecf6 (0x00001f17) x30 0x8000fcf6
core   0: 0x8000ecfa (0x303f2523) sw      gp, 778(t5)
core   0: 3 0x8000ecfa (0x303f2523) mem 0x80010000 0x00000001
core   0: 0x8000ecfe (0x0000bfe5) c.j     pc - 8
core   0: 3 0x8000ecfe (0xbfe5)
core   0: 0x8000ecf6 (0x00001f17) auipc   t5, 0x1
core   0: 3 0x8000ecf6 (0x00001f17) x30 0x8000fcf6
core   0: 0x8000ecfa (0x303f2523) sw      gp, 778(t5)
core   0: 3 0x8000ecfa (0x303f2523) mem 0x80010000 0x00000001
core   0: 0x8000ecfe (0x0000bfe5) c.j     pc - 8
core   0: 3 0x8000ecfe (0xbfe5)
core   0: 0x8000ecf6 (0x00001f17) auipc   t5, 0x1
core   0: 3 0x8000ecf6 (0x00001f17) x30 0x8000fcf6
core   0: 0x8000ecfa (0x303f2523) sw      gp, 778(t5)
core   0: 3 0x8000ecfa (0x303f2523) mem 0x80010000 0x00000001
core   0: 0x8000ecfe (0x0000bfe5) c.j     pc - 8
core   0: 3 0x8000ecfe (0xbfe5)
core   0: 0x8000ecf6 (0x00001f17) auipc   t5, 0x1
core   0: 3 0x8000ecf6 (0x00001f17) x30 0x8000fcf6
core   0: 0x8000ecfa (0x303f2523) sw      gp, 778(t5)
core   0: 3 0x8000ecfa (0x303f2523) mem 0x80010000 0x00000001
core   0: 0x8000ecfe (0x0000bfe5) c.j     pc - 8
core   0: 3 0x8000ecfe (0xbfe5)
core   0: 0x8000ecf6 (0x00001f17) auipc   t5, 0x1
core   0: 3 0x8000ecf6 (0x00001f17) x30 0x8000fcf6
core   0: 0x8000ecfa (0x303f2523) sw      gp, 778(t5)
core   0: 3 0x8000ecfa (0x303f2523) mem 0x80010000 0x00000001
core   0: 0x8000ecfe (0x0000bfe5) c.j     pc - 8
core   0: 3 0x8000ecfe (0xbfe5)
core   0: 0x8000ecf6 (0x00001f17) auipc   t5, 0x1
core   0: 3 0x8000ecf6 (0x00001f17) x30 0x8000fcf6
core   0: 0x8000ecfa (0x303f2523) sw      gp, 778(t5)
core   0: 3 0x8000ecfa (0x303f2523) mem 0x80010000 0x00000001
core   0: 0x8000ecfe (0x0000bfe5) c.j     pc - 8
core   0: 3 0x8000ecfe (0xbfe5)
core   0: 0x8000ecf6 (0x00001f17) auipc   t5, 0x1
core   0: 3 0x8000ecf6 (0x00001f17) x30 0x8000fcf6
core   0: 0x8000ecfa (0x303f2523) sw      gp, 778(t5)
core   0: 3 0x8000ecfa (0x303f2523) mem 0x80010000 0x00000001
core   0: 0x8000ecfe (0x0000bfe5) c.j     pc - 8
core   0: 3 0x8000ecfe (0xbfe5)
core   0: 0x8000ecf6 (0x00001f17) auipc   t5, 0x1
core   0: 3 0x8000ecf6 (0x00001f17) x30 0x8000fcf6
core   0: 0x8000ecfa (0x303f2523) sw      gp, 778(t5)
core   0: 3 0x8000ecfa (0x303f2523) mem 0x80010000 0x00000001
core   0: 0x8000ecfe (0x0000bfe5) c.j     pc - 8
core   0: 3 0x8000ecfe (0xbfe5)
core   0: 0x8000ecf6 (0x00001f17) auipc   t5, 0x1
core   0: 3 0x8000ecf6 (0x00001f17) x30 0x8000fcf6
core   0: 0x8000ecfa (0x303f2523) sw      gp, 778(t5)
core   0: 3 0x8000ecfa (0x303f2523) mem 0x80010000 0x00000001
core   0: 0x8000ecfe (0x0000bfe5) c.j     pc - 8
core   0: 3 0x8000ecfe (0xbfe5)
core   0: 0x8000ecf6 (0x00001f17) auipc   t5, 0x1
core   0: 3 0x8000ecf6 (0x00001f17) x30 0x8000fcf6
core   0: 0x8000ecfa (0x303f2523) sw      gp, 778(t5)
core   0: 3 0x8000ecfa (0x303f2523) mem 0x80010000 0x00000001
core   0: 0x8000ecfe (0x0000bfe5) c.j     pc - 8
core   0: 3 0x8000ecfe (0xbfe5)
core   0: 0x8000ecf6 (0x00001f17) auipc   t5, 0x1
core   0: 3 0x8000ecf6 (0x00001f17) x30 0x8000fcf6
core   0: 0x8000ecfa (0x303f2523) sw      gp, 778(t5)
core   0: 3 0x8000ecfa (0x303f2523) mem 0x80010000 0x00000001
core   0: 0x8000ecfe (0x0000bfe5) c.j     pc - 8
core   0: 3 0x8000ecfe (0xbfe5)
core   0: 0x8000ecf6 (0x00001f17) auipc   t5, 0x1
core   0: 3 0x8000ecf6 (0x00001f17) x30 0x8000fcf6
core   0: 0x8000ecfa (0x303f2523) sw      gp, 778(t5)
core   0: 3 0x8000ecfa (0x303f2523) mem 0x80010000 0x00000001
core   0: 0x8000ecfe (0x0000bfe5) c.j     pc - 8
core   0: 3 0x8000ecfe (0xbfe5)
core   0: 0x8000ecf6 (0x00001f17) auipc   t5, 0x1
core   0: 3 0x8000ecf6 (0x00001f17) x30 0x8000fcf6
core   0: 0x8000ecfa (0x303f2523) sw      gp, 778(t5)
core   0: 3 0x8000ecfa (0x303f2523) mem 0x80010000 0x00000001
core   0: 0x8000ecfe (0x0000bfe5) c.j     pc - 8
core   0: 3 0x8000ecfe (0xbfe5)
core   0: 0x8000ecf6 (0x00001f17) auipc   t5, 0x1
core   0: 3 0x8000ecf6 (0x00001f17) x30 0x8000fcf6
core   0: 0x8000ecfa (0x303f2523) sw      gp, 778(t5)
core   0: 3 0x8000ecfa (0x303f2523) mem 0x80010000 0x00000001
core   0: 0x8000ecfe (0x0000bfe5) c.j     pc - 8
core   0: 3 0x8000ecfe (0xbfe5)
core   0: 0x8000ecf6 (0x00001f17) auipc   t5, 0x1
core   0: 3 0x8000ecf6 (0x00001f17) x30 0x8000fcf6
core   0: 0x8000ecfa (0x303f2523) sw      gp, 778(t5)
core   0: 3 0x8000ecfa (0x303f2523) mem 0x80010000 0x00000001
core   0: 0x8000ecfe (0x0000bfe5) c.j     pc - 8
core   0: 3 0x8000ecfe (0xbfe5)
core   0: 0x8000ecf6 (0x00001f17) auipc   t5, 0x1
core   0: 3 0x8000ecf6 (0x00001f17) x30 0x8000fcf6
core   0: 0x8000ecfa (0x303f2523) sw      gp, 778(t5)
core   0: 3 0x8000ecfa (0x303f2523) mem 0x80010000 0x00000001
core   0: 0x8000ecfe (0x0000bfe5) c.j     pc - 8
core   0: 3 0x8000ecfe (0xbfe5)
core   0: 0x8000ecf6 (0x00001f17) auipc   t5, 0x1
core   0: 3 0x8000ecf6 (0x00001f17) x30 0x8000fcf6
core   0: 0x8000ecfa (0x303f2523) sw      gp, 778(t5)
core   0: 3 0x8000ecfa (0x303f2523) mem 0x80010000 0x00000001
core   0: 0x8000ecfe (0x0000bfe5) c.j     pc - 8
core   0: 3 0x8000ecfe (0xbfe5)
core   0: 0x8000ecf6 (0x00001f17) auipc   t5, 0x1
core   0: 3 0x8000ecf6 (0x00001f17) x30 0x8000fcf6
core   0: 0x8000ecfa (0x303f2523) sw      gp, 778(t5)
core   0: 3 0x8000ecfa (0x303f2523) mem 0x80010000 0x00000001
core   0: 0x8000ecfe (0x0000bfe5) c.j     pc - 8
core   0: 3 0x8000ecfe (0xbfe5)
core   0: 0x8000ecf6 (0x00001f17) auipc   t5, 0x1
core   0: 3 0x8000ecf6 (0x00001f17) x30 0x8000fcf6
core   0: 0x8000ecfa (0x303f2523) sw      gp, 778(t5)
core   0: 3 0x8000ecfa (0x303f2523) mem 0x80010000 0x00000001
core   0: 0x8000ecfe (0x0000bfe5) c.j     pc - 8
core   0: 3 0x8000ecfe (0xbfe5)
core   0: 0x8000ecf6 (0x00001f17) auipc   t5, 0x1
core   0: 3 0x8000ecf6 (0x00001f17) x30 0x8000fcf6
core   0: 0x8000ecfa (0x303f2523) sw      gp, 778(t5)
core   0: 3 0x8000ecfa (0x303f2523) mem 0x80010000 0x00000001
core   0: 0x8000ecfe (0x0000bfe5) c.j     pc - 8
core   0: 3 0x8000ecfe (0xbfe5)
core   0: 0x8000ecf6 (0x00001f17) auipc   t5, 0x1
core   0: 3 0x8000ecf6 (0x00001f17) x30 0x8000fcf6
core   0: 0x8000ecfa (0x303f2523) sw      gp, 778(t5)
core   0: 3 0x8000ecfa (0x303f2523) mem 0x80010000 0x00000001
core   0: 0x8000ecfe (0x0000bfe5) c.j     pc - 8
core   0: 3 0x8000ecfe (0xbfe5)
core   0: 0x8000ecf6 (0x00001f17) auipc   t5, 0x1
core   0: 3 0x8000ecf6 (0x00001f17) x30 0x8000fcf6
core   0: 0x8000ecfa (0x303f2523) sw      gp, 778(t5)
core   0: 3 0x8000ecfa (0x303f2523) mem 0x80010000 0x00000001
core   0: 0x8000ecfe (0x0000bfe5) c.j     pc - 8
core   0: 3 0x8000ecfe (0xbfe5)
core   0: 0x8000ecf6 (0x00001f17) auipc   t5, 0x1
core   0: 3 0x8000ecf6 (0x00001f17) x30 0x8000fcf6
core   0: 0x8000ecfa (0x303f2523) sw      gp, 778(t5)
core   0: 3 0x8000ecfa (0x303f2523) mem 0x80010000 0x00000001
core   0: 0x8000ecfe (0x0000bfe5) c.j     pc - 8
core   0: 3 0x8000ecfe (0xbfe5)
core   0: 0x8000ecf6 (0x00001f17) auipc   t5, 0x1
core   0: 3 0x8000ecf6 (0x00001f17) x30 0x8000fcf6
core   0: 0x8000ecfa (0x303f2523) sw      gp, 778(t5)
core   0: 3 0x8000ecfa (0x303f2523) mem 0x80010000 0x00000001
core   0: 0x8000ecfe (0x0000bfe5) c.j     pc - 8
core   0: 3 0x8000ecfe (0xbfe5)
core   0: 0x8000ecf6 (0x00001f17) auipc   t5, 0x1
core   0: 3 0x8000ecf6 (0x00001f17) x30 0x8000fcf6
core   0: 0x8000ecfa (0x303f2523) sw      gp, 778(t5)
core   0: 3 0x8000ecfa (0x303f2523) mem 0x80010000 0x00000001
core   0: 0x8000ecfe (0x0000bfe5) c.j     pc - 8
core   0: 3 0x8000ecfe (0xbfe5)
core   0: 0x8000ecf6 (0x00001f17) auipc   t5, 0x1
core   0: 3 0x8000ecf6 (0x00001f17) x30 0x8000fcf6
core   0: 0x8000ecfa (0x303f2523) sw      gp, 778(t5)
core   0: 3 0x8000ecfa (0x303f2523) mem 0x80010000 0x00000001
core   0: 0x8000ecfe (0x0000bfe5) c.j     pc - 8
core   0: 3 0x8000ecfe (0xbfe5)
core   0: 0x8000ecf6 (0x00001f17) auipc   t5, 0x1
core   0: 3 0x8000ecf6 (0x00001f17) x30 0x8000fcf6
core   0: 0x8000ecfa (0x303f2523) sw      gp, 778(t5)
core   0: 3 0x8000ecfa (0x303f2523) mem 0x80010000 0x00000001
core   0: 0x8000ecfe (0x0000bfe5) c.j     pc - 8
core   0: 3 0x8000ecfe (0xbfe5)
core   0: 0x8000ecf6 (0x00001f17) auipc   t5, 0x1
core   0: 3 0x8000ecf6 (0x00001f17) x30 0x8000fcf6
core   0: 0x8000ecfa (0x303f2523) sw      gp, 778(t5)
core   0: 3 0x8000ecfa (0x303f2523) mem 0x80010000 0x00000001
core   0: 0x8000ecfe (0x0000bfe5) c.j     pc - 8
core   0: 3 0x8000ecfe (0xbfe5)
core   0: 0x8000ecf6 (0x00001f17) auipc   t5, 0x1
core   0: 3 0x8000ecf6 (0x00001f17) x30 0x8000fcf6
core   0: 0x8000ecfa (0x303f2523) sw      gp, 778(t5)
core   0: 3 0x8000ecfa (0x303f2523) mem 0x80010000 0x00000001
core   0: 0x8000ecfe (0x0000bfe5) c.j     pc - 8
core   0: 3 0x8000ecfe (0xbfe5)
core   0: 0x8000ecf6 (0x00001f17) auipc   t5, 0x1
core   0: 3 0x8000ecf6 (0x00001f17) x30 0x8000fcf6
core   0: 0x8000ecfa (0x303f2523) sw      gp, 778(t5)
core   0: 3 0x8000ecfa (0x303f2523) mem 0x80010000 0x00000001
core   0: 0x8000ecfe (0x0000bfe5) c.j     pc - 8
core   0: 3 0x8000ecfe (0xbfe5)
core   0: 0x8000ecf6 (0x00001f17) auipc   t5, 0x1
core   0: 3 0x8000ecf6 (0x00001f17) x30 0x8000fcf6
core   0: 0x8000ecfa (0x303f2523) sw      gp, 778(t5)
core   0: 3 0x8000ecfa (0x303f2523) mem 0x80010000 0x00000001
core   0: 0x8000ecfe (0x0000bfe5) c.j     pc - 8
core   0: 3 0x8000ecfe (0xbfe5)
core   0: 0x8000ecf6 (0x00001f17) auipc   t5, 0x1
core   0: 3 0x8000ecf6 (0x00001f17) x30 0x8000fcf6
core   0: 0x8000ecfa (0x303f2523) sw      gp, 778(t5)
core   0: 3 0x8000ecfa (0x303f2523) mem 0x80010000 0x00000001
core   0: 0x8000ecfe (0x0000bfe5) c.j     pc - 8
core   0: 3 0x8000ecfe (0xbfe5)
core   0: 0x8000ecf6 (0x00001f17) auipc   t5, 0x1
core   0: 3 0x8000ecf6 (0x00001f17) x30 0x8000fcf6
core   0: 0x8000ecfa (0x303f2523) sw      gp, 778(t5)
core   0: 3 0x8000ecfa (0x303f2523) mem 0x80010000 0x00000001
core   0: 0x8000ecfe (0x0000bfe5) c.j     pc - 8
core   0: 3 0x8000ecfe (0xbfe5)
core   0: 0x8000ecf6 (0x00001f17) auipc   t5, 0x1
core   0: 3 0x8000ecf6 (0x00001f17) x30 0x8000fcf6
core   0: 0x8000ecfa (0x303f2523) sw      gp, 778(t5)
core   0: 3 0x8000ecfa (0x303f2523) mem 0x80010000 0x00000001
core   0: 0x8000ecfe (0x0000bfe5) c.j     pc - 8
core   0: 3 0x8000ecfe (0xbfe5)
core   0: 0x8000ecf6 (0x00001f17) auipc   t5, 0x1
core   0: 3 0x8000ecf6 (0x00001f17) x30 0x8000fcf6
core   0: 0x8000ecfa (0x303f2523) sw      gp, 778(t5)
core   0: 3 0x8000ecfa (0x303f2523) mem 0x80010000 0x00000001
core   0: 0x8000ecfe (0x0000bfe5) c.j     pc - 8
core   0: 3 0x8000ecfe (0xbfe5)
core   0: 0x8000ecf6 (0x00001f17) auipc   t5, 0x1
core   0: 3 0x8000ecf6 (0x00001f17) x30 0x8000fcf6
core   0: 0x8000ecfa (0x303f2523) sw      gp, 778(t5)
core   0: 3 0x8000ecfa (0x303f2523) mem 0x80010000 0x00000001
core   0: 0x8000ecfe (0x0000bfe5) c.j     pc - 8
core   0: 3 0x8000ecfe (0xbfe5)
core   0: 0x8000ecf6 (0x00001f17) auipc   t5, 0x1
core   0: 3 0x8000ecf6 (0x00001f17) x30 0x8000fcf6
core   0: 0x8000ecfa (0x303f2523) sw      gp, 778(t5)
core   0: 3 0x8000ecfa (0x303f2523) mem 0x80010000 0x00000001
core   0: 0x8000ecfe (0x0000bfe5) c.j     pc - 8
core   0: 3 0x8000ecfe (0xbfe5)
core   0: 0x8000ecf6 (0x00001f17) auipc   t5, 0x1
core   0: 3 0x8000ecf6 (0x00001f17) x30 0x8000fcf6
core   0: 0x8000ecfa (0x303f2523) sw      gp, 778(t5)
core   0: 3 0x8000ecfa (0x303f2523) mem 0x80010000 0x00000001
core   0: 0x8000ecfe (0x0000bfe5) c.j     pc - 8
core   0: 3 0x8000ecfe (0xbfe5)
core   0: 0x8000ecf6 (0x00001f17) auipc   t5, 0x1
core   0: 3 0x8000ecf6 (0x00001f17) x30 0x8000fcf6
core   0: 0x8000ecfa (0x303f2523) sw      gp, 778(t5)
core   0: 3 0x8000ecfa (0x303f2523) mem 0x80010000 0x00000001
core   0: 0x8000ecfe (0x0000bfe5) c.j     pc - 8
core   0: 3 0x8000ecfe (0xbfe5)
core   0: 0x8000ecf6 (0x00001f17) auipc   t5, 0x1
core   0: 3 0x8000ecf6 (0x00001f17) x30 0x8000fcf6
core   0: 0x8000ecfa (0x303f2523) sw      gp, 778(t5)
core   0: 3 0x8000ecfa (0x303f2523) mem 0x80010000 0x00000001
core   0: 0x8000ecfe (0x0000bfe5) c.j     pc - 8
core   0: 3 0x8000ecfe (0xbfe5)
core   0: 0x8000ecf6 (0x00001f17) auipc   t5, 0x1
core   0: 3 0x8000ecf6 (0x00001f17) x30 0x8000fcf6
core   0: 0x8000ecfa (0x303f2523) sw      gp, 778(t5)
core   0: 3 0x8000ecfa (0x303f2523) mem 0x80010000 0x00000001
core   0: 0x8000ecfe (0x0000bfe5) c.j     pc - 8
core   0: 3 0x8000ecfe (0xbfe5)
core   0: 0x8000ecf6 (0x00001f17) auipc   t5, 0x1
core   0: 3 0x8000ecf6 (0x00001f17) x30 0x8000fcf6
core   0: 0x8000ecfa (0x303f2523) sw      gp, 778(t5)
core   0: 3 0x8000ecfa (0x303f2523) mem 0x80010000 0x00000001
core   0: 0x8000ecfe (0x0000bfe5) c.j     pc - 8
core   0: 3 0x8000ecfe (0xbfe5)
core   0: 0x8000ecf6 (0x00001f17) auipc   t5, 0x1
core   0: 3 0x8000ecf6 (0x00001f17) x30 0x8000fcf6
core   0: 0x8000ecfa (0x303f2523) sw      gp, 778(t5)
core   0: 3 0x8000ecfa (0x303f2523) mem 0x80010000 0x00000001
core   0: 0x8000ecfe (0x0000bfe5) c.j     pc - 8
core   0: 3 0x8000ecfe (0xbfe5)
core   0: 0x8000ecf6 (0x00001f17) auipc   t5, 0x1
core   0: 3 0x8000ecf6 (0x00001f17) x30 0x8000fcf6
core   0: 0x8000ecfa (0x303f2523) sw      gp, 778(t5)
core   0: 3 0x8000ecfa (0x303f2523) mem 0x80010000 0x00000001
core   0: 0x8000ecfe (0x0000bfe5) c.j     pc - 8
core   0: 3 0x8000ecfe (0xbfe5)
core   0: 0x8000ecf6 (0x00001f17) auipc   t5, 0x1
core   0: 3 0x8000ecf6 (0x00001f17) x30 0x8000fcf6
core   0: 0x8000ecfa (0x303f2523) sw      gp, 778(t5)
core   0: 3 0x8000ecfa (0x303f2523) mem 0x80010000 0x00000001
core   0: 0x8000ecfe (0x0000bfe5) c.j     pc - 8
core   0: 3 0x8000ecfe (0xbfe5)
core   0: 0x8000ecf6 (0x00001f17) auipc   t5, 0x1
core   0: 3 0x8000ecf6 (0x00001f17) x30 0x8000fcf6
core   0: 0x8000ecfa (0x303f2523) sw      gp, 778(t5)
core   0: 3 0x8000ecfa (0x303f2523) mem 0x80010000 0x00000001
core   0: 0x8000ecfe (0x0000bfe5) c.j     pc - 8
core   0: 3 0x8000ecfe (0xbfe5)
core   0: 0x8000ecf6 (0x00001f17) auipc   t5, 0x1
core   0: 3 0x8000ecf6 (0x00001f17) x30 0x8000fcf6
core   0: 0x8000ecfa (0x303f2523) sw      gp, 778(t5)
core   0: 3 0x8000ecfa (0x303f2523) mem 0x80010000 0x00000001
core   0: 0x8000ecfe (0x0000bfe5) c.j     pc - 8
core   0: 3 0x8000ecfe (0xbfe5)
core   0: 0x8000ecf6 (0x00001f17) auipc   t5, 0x1
core   0: 3 0x8000ecf6 (0x00001f17) x30 0x8000fcf6
core   0: 0x8000ecfa (0x303f2523) sw      gp, 778(t5)
core   0: 3 0x8000ecfa (0x303f2523) mem 0x80010000 0x00000001
core   0: 0x8000ecfe (0x0000bfe5) c.j     pc - 8
core   0: 3 0x8000ecfe (0xbfe5)
core   0: 0x8000ecf6 (0x00001f17) auipc   t5, 0x1
core   0: 3 0x8000ecf6 (0x00001f17) x30 0x8000fcf6
core   0: 0x8000ecfa (0x303f2523) sw      gp, 778(t5)
core   0: 3 0x8000ecfa (0x303f2523) mem 0x80010000 0x00000001
core   0: 0x8000ecfe (0x0000bfe5) c.j     pc - 8
core   0: 3 0x8000ecfe (0xbfe5)
core   0: 0x8000ecf6 (0x00001f17) auipc   t5, 0x1
core   0: 3 0x8000ecf6 (0x00001f17) x30 0x8000fcf6
core   0: 0x8000ecfa (0x303f2523) sw      gp, 778(t5)
core   0: 3 0x8000ecfa (0x303f2523) mem 0x80010000 0x00000001
core   0: 0x8000ecfe (0x0000bfe5) c.j     pc - 8
core   0: 3 0x8000ecfe (0xbfe5)
core   0: 0x8000ecf6 (0x00001f17) auipc   t5, 0x1
core   0: 3 0x8000ecf6 (0x00001f17) x30 0x8000fcf6
core   0: 0x8000ecfa (0x303f2523) sw      gp, 778(t5)
core   0: 3 0x8000ecfa (0x303f2523) mem 0x80010000 0x00000001
core   0: 0x8000ecfe (0x0000bfe5) c.j     pc - 8
core   0: 3 0x8000ecfe (0xbfe5)
core   0: 0x8000ecf6 (0x00001f17) auipc   t5, 0x1
core   0: 3 0x8000ecf6 (0x00001f17) x30 0x8000fcf6
core   0: 0x8000ecfa (0x303f2523) sw      gp, 778(t5)
core   0: 3 0x8000ecfa (0x303f2523) mem 0x80010000 0x00000001
core   0: 0x8000ecfe (0x0000bfe5) c.j     pc - 8
core   0: 3 0x8000ecfe (0xbfe5)
core   0: 0x8000ecf6 (0x00001f17) auipc   t5, 0x1
core   0: 3 0x8000ecf6 (0x00001f17) x30 0x8000fcf6
core   0: 0x8000ecfa (0x303f2523) sw      gp, 778(t5)
core   0: 3 0x8000ecfa (0x303f2523) mem 0x80010000 0x00000001
core   0: 0x8000ecfe (0x0000bfe5) c.j     pc - 8
core   0: 3 0x8000ecfe (0xbfe5)
core   0: 0x8000ecf6 (0x00001f17) auipc   t5, 0x1
core   0: 3 0x8000ecf6 (0x00001f17) x30 0x8000fcf6
core   0: 0x8000ecfa (0x303f2523) sw      gp, 778(t5)
core   0: 3 0x8000ecfa (0x303f2523) mem 0x80010000 0x00000001
core   0: 0x8000ecfe (0x0000bfe5) c.j     pc - 8
core   0: 3 0x8000ecfe (0xbfe5)
core   0: 0x8000ecf6 (0x00001f17) auipc   t5, 0x1
core   0: 3 0x8000ecf6 (0x00001f17) x30 0x8000fcf6
core   0: 0x8000ecfa (0x303f2523) sw      gp, 778(t5)
core   0: 3 0x8000ecfa (0x303f2523) mem 0x80010000 0x00000001
core   0: 0x8000ecfe (0x0000bfe5) c.j     pc - 8
core   0: 3 0x8000ecfe (0xbfe5)
core   0: 0x8000ecf6 (0x00001f17) auipc   t5, 0x1
core   0: 3 0x8000ecf6 (0x00001f17) x30 0x8000fcf6
core   0: 0x8000ecfa (0x303f2523) sw      gp, 778(t5)
core   0: 3 0x8000ecfa (0x303f2523) mem 0x80010000 0x00000001
core   0: 0x8000ecfe (0x0000bfe5) c.j     pc - 8
core   0: 3 0x8000ecfe (0xbfe5)
core   0: 0x8000ecf6 (0x00001f17) auipc   t5, 0x1
core   0: 3 0x8000ecf6 (0x00001f17) x30 0x8000fcf6
core   0: 0x8000ecfa (0x303f2523) sw      gp, 778(t5)
core   0: 3 0x8000ecfa (0x303f2523) mem 0x80010000 0x00000001
core   0: 0x8000ecfe (0x0000bfe5) c.j     pc - 8
core   0: 3 0x8000ecfe (0xbfe5)
core   0: 0x8000ecf6 (0x00001f17) auipc   t5, 0x1
core   0: 3 0x8000ecf6 (0x00001f17) x30 0x8000fcf6
core   0: 0x8000ecfa (0x303f2523) sw      gp, 778(t5)
core   0: 3 0x8000ecfa (0x303f2523) mem 0x80010000 0x00000001
core   0: 0x8000ecfe (0x0000bfe5) c.j     pc - 8
core   0: 3 0x8000ecfe (0xbfe5)
core   0: 0x8000ecf6 (0x00001f17) auipc   t5, 0x1
core   0: 3 0x8000ecf6 (0x00001f17) x30 0x8000fcf6
core   0: 0x8000ecfa (0x303f2523) sw      gp, 778(t5)
core   0: 3 0x8000ecfa (0x303f2523) mem 0x80010000 0x00000001
core   0: 0x8000ecfe (0x0000bfe5) c.j     pc - 8
core   0: 3 0x8000ecfe (0xbfe5)
core   0: 0x8000ecf6 (0x00001f17) auipc   t5, 0x1
core   0: 3 0x8000ecf6 (0x00001f17) x30 0x8000fcf6
core   0: 0x8000ecfa (0x303f2523) sw      gp, 778(t5)
core   0: 3 0x8000ecfa (0x303f2523) mem 0x80010000 0x00000001
core   0: 0x8000ecfe (0x0000bfe5) c.j     pc - 8
core   0: 3 0x8000ecfe (0xbfe5)
core   0: 0x8000ecf6 (0x00001f17) auipc   t5, 0x1
core   0: 3 0x8000ecf6 (0x00001f17) x30 0x8000fcf6
core   0: 0x8000ecfa (0x303f2523) sw      gp, 778(t5)
core   0: 3 0x8000ecfa (0x303f2523) mem 0x80010000 0x00000001
core   0: 0x8000ecfe (0x0000bfe5) c.j     pc - 8
core   0: 3 0x8000ecfe (0xbfe5)
core   0: 0x8000ecf6 (0x00001f17) auipc   t5, 0x1
core   0: 3 0x8000ecf6 (0x00001f17) x30 0x8000fcf6
core   0: 0x8000ecfa (0x303f2523) sw      gp, 778(t5)
core   0: 3 0x8000ecfa (0x303f2523) mem 0x80010000 0x00000001
core   0: 0x8000ecfe (0x0000bfe5) c.j     pc - 8
core   0: 3 0x8000ecfe (0xbfe5)
core   0: 0x8000ecf6 (0x00001f17) auipc   t5, 0x1
core   0: 3 0x8000ecf6 (0x00001f17) x30 0x8000fcf6
core   0: 0x8000ecfa (0x303f2523) sw      gp, 778(t5)
core   0: 3 0x8000ecfa (0x303f2523) mem 0x80010000 0x00000001
core   0: 0x8000ecfe (0x0000bfe5) c.j     pc - 8
core   0: 3 0x8000ecfe (0xbfe5)
core   0: 0x8000ecf6 (0x00001f17) auipc   t5, 0x1
core   0: 3 0x8000ecf6 (0x00001f17) x30 0x8000fcf6
core   0: 0x8000ecfa (0x303f2523) sw      gp, 778(t5)
core   0: 3 0x8000ecfa (0x303f2523) mem 0x80010000 0x00000001
core   0: 0x8000ecfe (0x0000bfe5) c.j     pc - 8
core   0: 3 0x8000ecfe (0xbfe5)
core   0: 0x8000ecf6 (0x00001f17) auipc   t5, 0x1
core   0: 3 0x8000ecf6 (0x00001f17) x30 0x8000fcf6
core   0: 0x8000ecfa (0x303f2523) sw      gp, 778(t5)
core   0: 3 0x8000ecfa (0x303f2523) mem 0x80010000 0x00000001
core   0: 0x8000ecfe (0x0000bfe5) c.j     pc - 8
core   0: 3 0x8000ecfe (0xbfe5)
core   0: 0x8000ecf6 (0x00001f17) auipc   t5, 0x1
core   0: 3 0x8000ecf6 (0x00001f17) x30 0x8000fcf6
core   0: 0x8000ecfa (0x303f2523) sw      gp, 778(t5)
core   0: 3 0x8000ecfa (0x303f2523) mem 0x80010000 0x00000001
core   0: 0x8000ecfe (0x0000bfe5) c.j     pc - 8
core   0: 3 0x8000ecfe (0xbfe5)
core   0: 0x8000ecf6 (0x00001f17) auipc   t5, 0x1
core   0: 3 0x8000ecf6 (0x00001f17) x30 0x8000fcf6
core   0: 0x8000ecfa (0x303f2523) sw      gp, 778(t5)
core   0: 3 0x8000ecfa (0x303f2523) mem 0x80010000 0x00000001
core   0: 0x8000ecfe (0x0000bfe5) c.j     pc - 8
core   0: 3 0x8000ecfe (0xbfe5)
core   0: 0x8000ecf6 (0x00001f17) auipc   t5, 0x1
core   0: 3 0x8000ecf6 (0x00001f17) x30 0x8000fcf6
core   0: 0x8000ecfa (0x303f2523) sw      gp, 778(t5)
core   0: 3 0x8000ecfa (0x303f2523) mem 0x80010000 0x00000001
core   0: 0x8000ecfe (0x0000bfe5) c.j     pc - 8
core   0: 3 0x8000ecfe (0xbfe5)
core   0: 0x8000ecf6 (0x00001f17) auipc   t5, 0x1
core   0: 3 0x8000ecf6 (0x00001f17) x30 0x8000fcf6
core   0: 0x8000ecfa (0x303f2523) sw      gp, 778(t5)
core   0: 3 0x8000ecfa (0x303f2523) mem 0x80010000 0x00000001
core   0: 0x8000ecfe (0x0000bfe5) c.j     pc - 8
core   0: 3 0x8000ecfe (0xbfe5)
core   0: 0x8000ecf6 (0x00001f17) auipc   t5, 0x1
core   0: 3 0x8000ecf6 (0x00001f17) x30 0x8000fcf6
core   0: 0x8000ecfa (0x303f2523) sw      gp, 778(t5)
core   0: 3 0x8000ecfa (0x303f2523) mem 0x80010000 0x00000001
core   0: 0x8000ecfe (0x0000bfe5) c.j     pc - 8
core   0: 3 0x8000ecfe (0xbfe5)
core   0: 0x8000ecf6 (0x00001f17) auipc   t5, 0x1
core   0: 3 0x8000ecf6 (0x00001f17) x30 0x8000fcf6
core   0: 0x8000ecfa (0x303f2523) sw      gp, 778(t5)
core   0: 3 0x8000ecfa (0x303f2523) mem 0x80010000 0x00000001
core   0: 0x8000ecfe (0x0000bfe5) c.j     pc - 8
core   0: 3 0x8000ecfe (0xbfe5)
core   0: 0x8000ecf6 (0x00001f17) auipc   t5, 0x1
core   0: 3 0x8000ecf6 (0x00001f17) x30 0x8000fcf6
core   0: 0x8000ecfa (0x303f2523) sw      gp, 778(t5)
core   0: 3 0x8000ecfa (0x303f2523) mem 0x80010000 0x00000001
core   0: 0x8000ecfe (0x0000bfe5) c.j     pc - 8
core   0: 3 0x8000ecfe (0xbfe5)
core   0: 0x8000ecf6 (0x00001f17) auipc   t5, 0x1
core   0: 3 0x8000ecf6 (0x00001f17) x30 0x8000fcf6
core   0: 0x8000ecfa (0x303f2523) sw      gp, 778(t5)
core   0: 3 0x8000ecfa (0x303f2523) mem 0x80010000 0x00000001
core   0: 0x8000ecfe (0x0000bfe5) c.j     pc - 8
core   0: 3 0x8000ecfe (0xbfe5)
core   0: 0x8000ecf6 (0x00001f17) auipc   t5, 0x1
core   0: 3 0x8000ecf6 (0x00001f17) x30 0x8000fcf6
core   0: 0x8000ecfa (0x303f2523) sw      gp, 778(t5)
core   0: 3 0x8000ecfa (0x303f2523) mem 0x80010000 0x00000001
core   0: 0x8000ecfe (0x0000bfe5) c.j     pc - 8
core   0: 3 0x8000ecfe (0xbfe5)
core   0: 0x8000ecf6 (0x00001f17) auipc   t5, 0x1
core   0: 3 0x8000ecf6 (0x00001f17) x30 0x8000fcf6
core   0: 0x8000ecfa (0x303f2523) sw      gp, 778(t5)
core   0: 3 0x8000ecfa (0x303f2523) mem 0x80010000 0x00000001
core   0: 0x8000ecfe (0x0000bfe5) c.j     pc - 8
core   0: 3 0x8000ecfe (0xbfe5)
core   0: 0x8000ecf6 (0x00001f17) auipc   t5, 0x1
core   0: 3 0x8000ecf6 (0x00001f17) x30 0x8000fcf6
core   0: 0x8000ecfa (0x303f2523) sw      gp, 778(t5)
core   0: 3 0x8000ecfa (0x303f2523) mem 0x80010000 0x00000001
core   0: 0x8000ecfe (0x0000bfe5) c.j     pc - 8
core   0: 3 0x8000ecfe (0xbfe5)
core   0: 0x8000ecf6 (0x00001f17) auipc   t5, 0x1
core   0: 3 0x8000ecf6 (0x00001f17) x30 0x8000fcf6
core   0: 0x8000ecfa (0x303f2523) sw      gp, 778(t5)
core   0: 3 0x8000ecfa (0x303f2523) mem 0x80010000 0x00000001
core   0: 0x8000ecfe (0x0000bfe5) c.j     pc - 8
core   0: 3 0x8000ecfe (0xbfe5)
core   0: 0x8000ecf6 (0x00001f17) auipc   t5, 0x1
core   0: 3 0x8000ecf6 (0x00001f17) x30 0x8000fcf6
core   0: 0x8000ecfa (0x303f2523) sw      gp, 778(t5)
core   0: 3 0x8000ecfa (0x303f2523) mem 0x80010000 0x00000001
core   0: 0x8000ecfe (0x0000bfe5) c.j     pc - 8
core   0: 3 0x8000ecfe (0xbfe5)
core   0: 0x8000ecf6 (0x00001f17) auipc   t5, 0x1
core   0: 3 0x8000ecf6 (0x00001f17) x30 0x8000fcf6
core   0: 0x8000ecfa (0x303f2523) sw      gp, 778(t5)
core   0: 3 0x8000ecfa (0x303f2523) mem 0x80010000 0x00000001
core   0: 0x8000ecfe (0x0000bfe5) c.j     pc - 8
core   0: 3 0x8000ecfe (0xbfe5)
core   0: 0x8000ecf6 (0x00001f17) auipc   t5, 0x1
core   0: 3 0x8000ecf6 (0x00001f17) x30 0x8000fcf6
core   0: 0x8000ecfa (0x303f2523) sw      gp, 778(t5)
core   0: 3 0x8000ecfa (0x303f2523) mem 0x80010000 0x00000001
core   0: 0x8000ecfe (0x0000bfe5) c.j     pc - 8
core   0: 3 0x8000ecfe (0xbfe5)
core   0: 0x8000ecf6 (0x00001f17) auipc   t5, 0x1
core   0: 3 0x8000ecf6 (0x00001f17) x30 0x8000fcf6
core   0: 0x8000ecfa (0x303f2523) sw      gp, 778(t5)
core   0: 3 0x8000ecfa (0x303f2523) mem 0x80010000 0x00000001
core   0: 0x8000ecfe (0x0000bfe5) c.j     pc - 8
core   0: 3 0x8000ecfe (0xbfe5)
core   0: 0x8000ecf6 (0x00001f17) auipc   t5, 0x1
core   0: 3 0x8000ecf6 (0x00001f17) x30 0x8000fcf6
core   0: 0x8000ecfa (0x303f2523) sw      gp, 778(t5)
core   0: 3 0x8000ecfa (0x303f2523) mem 0x80010000 0x00000001
core   0: 0x8000ecfe (0x0000bfe5) c.j     pc - 8
core   0: 3 0x8000ecfe (0xbfe5)
core   0: 0x8000ecf6 (0x00001f17) auipc   t5, 0x1
core   0: 3 0x8000ecf6 (0x00001f17) x30 0x8000fcf6
core   0: 0x8000ecfa (0x303f2523) sw      gp, 778(t5)
core   0: 3 0x8000ecfa (0x303f2523) mem 0x80010000 0x00000001
core   0: 0x8000ecfe (0x0000bfe5) c.j     pc - 8
core   0: 3 0x8000ecfe (0xbfe5)
core   0: 0x8000ecf6 (0x00001f17) auipc   t5, 0x1
core   0: 3 0x8000ecf6 (0x00001f17) x30 0x8000fcf6
core   0: 0x8000ecfa (0x303f2523) sw      gp, 778(t5)
core   0: 3 0x8000ecfa (0x303f2523) mem 0x80010000 0x00000001
core   0: 0x8000ecfe (0x0000bfe5) c.j     pc - 8
core   0: 3 0x8000ecfe (0xbfe5)
core   0: 0x8000ecf6 (0x00001f17) auipc   t5, 0x1
core   0: 3 0x8000ecf6 (0x00001f17) x30 0x8000fcf6
core   0: 0x8000ecfa (0x303f2523) sw      gp, 778(t5)
core   0: 3 0x8000ecfa (0x303f2523) mem 0x80010000 0x00000001
core   0: 0x8000ecfe (0x0000bfe5) c.j     pc - 8
core   0: 3 0x8000ecfe (0xbfe5)
core   0: 0x8000ecf6 (0x00001f17) auipc   t5, 0x1
core   0: 3 0x8000ecf6 (0x00001f17) x30 0x8000fcf6
core   0: 0x8000ecfa (0x303f2523) sw      gp, 778(t5)
core   0: 3 0x8000ecfa (0x303f2523) mem 0x80010000 0x00000001
core   0: 0x8000ecfe (0x0000bfe5) c.j     pc - 8
core   0: 3 0x8000ecfe (0xbfe5)
core   0: 0x8000ecf6 (0x00001f17) auipc   t5, 0x1
core   0: 3 0x8000ecf6 (0x00001f17) x30 0x8000fcf6
core   0: 0x8000ecfa (0x303f2523) sw      gp, 778(t5)
core   0: 3 0x8000ecfa (0x303f2523) mem 0x80010000 0x00000001
core   0: 0x8000ecfe (0x0000bfe5) c.j     pc - 8
core   0: 3 0x8000ecfe (0xbfe5)
core   0: 0x8000ecf6 (0x00001f17) auipc   t5, 0x1
core   0: 3 0x8000ecf6 (0x00001f17) x30 0x8000fcf6
core   0: 0x8000ecfa (0x303f2523) sw      gp, 778(t5)
core   0: 3 0x8000ecfa (0x303f2523) mem 0x80010000 0x00000001
core   0: 0x8000ecfe (0x0000bfe5) c.j     pc - 8
core   0: 3 0x8000ecfe (0xbfe5)
core   0: 0x8000ecf6 (0x00001f17) auipc   t5, 0x1
core   0: 3 0x8000ecf6 (0x00001f17) x30 0x8000fcf6
core   0: 0x8000ecfa (0x303f2523) sw      gp, 778(t5)
core   0: 3 0x8000ecfa (0x303f2523) mem 0x80010000 0x00000001
core   0: 0x8000ecfe (0x0000bfe5) c.j     pc - 8
core   0: 3 0x8000ecfe (0xbfe5)
core   0: 0x8000ecf6 (0x00001f17) auipc   t5, 0x1
core   0: 3 0x8000ecf6 (0x00001f17) x30 0x8000fcf6
core   0: 0x8000ecfa (0x303f2523) sw      gp, 778(t5)
core   0: 3 0x8000ecfa (0x303f2523) mem 0x80010000 0x00000001
core   0: 0x8000ecfe (0x0000bfe5) c.j     pc - 8
core   0: 3 0x8000ecfe (0xbfe5)
core   0: 0x8000ecf6 (0x00001f17) auipc   t5, 0x1
core   0: 3 0x8000ecf6 (0x00001f17) x30 0x8000fcf6
core   0: 0x8000ecfa (0x303f2523) sw      gp, 778(t5)
core   0: 3 0x8000ecfa (0x303f2523) mem 0x80010000 0x00000001
core   0: 0x8000ecfe (0x0000bfe5) c.j     pc - 8
core   0: 3 0x8000ecfe (0xbfe5)
core   0: 0x8000ecf6 (0x00001f17) auipc   t5, 0x1
core   0: 3 0x8000ecf6 (0x00001f17) x30 0x8000fcf6
core   0: 0x8000ecfa (0x303f2523) sw      gp, 778(t5)
core   0: 3 0x8000ecfa (0x303f2523) mem 0x80010000 0x00000001
core   0: 0x8000ecfe (0x0000bfe5) c.j     pc - 8
core   0: 3 0x8000ecfe (0xbfe5)
core   0: 0x8000ecf6 (0x00001f17) auipc   t5, 0x1
core   0: 3 0x8000ecf6 (0x00001f17) x30 0x8000fcf6
core   0: 0x8000ecfa (0x303f2523) sw      gp, 778(t5)
core   0: 3 0x8000ecfa (0x303f2523) mem 0x80010000 0x00000001
core   0: 0x8000ecfe (0x0000bfe5) c.j     pc - 8
core   0: 3 0x8000ecfe (0xbfe5)
core   0: 0x8000ecf6 (0x00001f17) auipc   t5, 0x1
core   0: 3 0x8000ecf6 (0x00001f17) x30 0x8000fcf6
core   0: 0x8000ecfa (0x303f2523) sw      gp, 778(t5)
core   0: 3 0x8000ecfa (0x303f2523) mem 0x80010000 0x00000001
core   0: 0x8000ecfe (0x0000bfe5) c.j     pc - 8
core   0: 3 0x8000ecfe (0xbfe5)
core   0: 0x8000ecf6 (0x00001f17) auipc   t5, 0x1
core   0: 3 0x8000ecf6 (0x00001f17) x30 0x8000fcf6
core   0: 0x8000ecfa (0x303f2523) sw      gp, 778(t5)
core   0: 3 0x8000ecfa (0x303f2523) mem 0x80010000 0x00000001
core   0: 0x8000ecfe (0x0000bfe5) c.j     pc - 8
core   0: 3 0x8000ecfe (0xbfe5)
core   0: 0x8000ecf6 (0x00001f17) auipc   t5, 0x1
core   0: 3 0x8000ecf6 (0x00001f17) x30 0x8000fcf6
core   0: 0x8000ecfa (0x303f2523) sw      gp, 778(t5)
core   0: 3 0x8000ecfa (0x303f2523) mem 0x80010000 0x00000001
core   0: 0x8000ecfe (0x0000bfe5) c.j     pc - 8
core   0: 3 0x8000ecfe (0xbfe5)
core   0: 0x8000ecf6 (0x00001f17) auipc   t5, 0x1
core   0: 3 0x8000ecf6 (0x00001f17) x30 0x8000fcf6
core   0: 0x8000ecfa (0x303f2523) sw      gp, 778(t5)
core   0: 3 0x8000ecfa (0x303f2523) mem 0x80010000 0x00000001
core   0: 0x8000ecfe (0x0000bfe5) c.j     pc - 8
core   0: 3 0x8000ecfe (0xbfe5)
core   0: 0x8000ecf6 (0x00001f17) auipc   t5, 0x1
core   0: 3 0x8000ecf6 (0x00001f17) x30 0x8000fcf6
core   0: 0x8000ecfa (0x303f2523) sw      gp, 778(t5)
core   0: 3 0x8000ecfa (0x303f2523) mem 0x80010000 0x00000001
core   0: 0x8000ecfe (0x0000bfe5) c.j     pc - 8
core   0: 3 0x8000ecfe (0xbfe5)
core   0: 0x8000ecf6 (0x00001f17) auipc   t5, 0x1
core   0: 3 0x8000ecf6 (0x00001f17) x30 0x8000fcf6
core   0: 0x8000ecfa (0x303f2523) sw      gp, 778(t5)
core   0: 3 0x8000ecfa (0x303f2523) mem 0x80010000 0x00000001
core   0: 0x8000ecfe (0x0000bfe5) c.j     pc - 8
core   0: 3 0x8000ecfe (0xbfe5)
core   0: 0x8000ecf6 (0x00001f17) auipc   t5, 0x1
core   0: 3 0x8000ecf6 (0x00001f17) x30 0x8000fcf6
core   0: 0x8000ecfa (0x303f2523) sw      gp, 778(t5)
core   0: 3 0x8000ecfa (0x303f2523) mem 0x80010000 0x00000001
core   0: 0x8000ecfe (0x0000bfe5) c.j     pc - 8
core   0: 3 0x8000ecfe (0xbfe5)
core   0: 0x8000ecf6 (0x00001f17) auipc   t5, 0x1
core   0: 3 0x8000ecf6 (0x00001f17) x30 0x8000fcf6
core   0: 0x8000ecfa (0x303f2523) sw      gp, 778(t5)
core   0: 3 0x8000ecfa (0x303f2523) mem 0x80010000 0x00000001
core   0: 0x8000ecfe (0x0000bfe5) c.j     pc - 8
core   0: 3 0x8000ecfe (0xbfe5)
core   0: 0x8000ecf6 (0x00001f17) auipc   t5, 0x1
core   0: 3 0x8000ecf6 (0x00001f17) x30 0x8000fcf6
core   0: 0x8000ecfa (0x303f2523) sw      gp, 778(t5)
core   0: 3 0x8000ecfa (0x303f2523) mem 0x80010000 0x00000001
core   0: 0x8000ecfe (0x0000bfe5) c.j     pc - 8
core   0: 3 0x8000ecfe (0xbfe5)
core   0: 0x8000ecf6 (0x00001f17) auipc   t5, 0x1
core   0: 3 0x8000ecf6 (0x00001f17) x30 0x8000fcf6
core   0: 0x8000ecfa (0x303f2523) sw      gp, 778(t5)
core   0: 3 0x8000ecfa (0x303f2523) mem 0x80010000 0x00000001
core   0: 0x8000ecfe (0x0000bfe5) c.j     pc - 8
core   0: 3 0x8000ecfe (0xbfe5)
core   0: 0x8000ecf6 (0x00001f17) auipc   t5, 0x1
core   0: 3 0x8000ecf6 (0x00001f17) x30 0x8000fcf6
core   0: 0x8000ecfa (0x303f2523) sw      gp, 778(t5)
core   0: 3 0x8000ecfa (0x303f2523) mem 0x80010000 0x00000001
core   0: 0x8000ecfe (0x0000bfe5) c.j     pc - 8
core   0: 3 0x8000ecfe (0xbfe5)
core   0: 0x8000ecf6 (0x00001f17) auipc   t5, 0x1
core   0: 3 0x8000ecf6 (0x00001f17) x30 0x8000fcf6
core   0: 0x8000ecfa (0x303f2523) sw      gp, 778(t5)
core   0: 3 0x8000ecfa (0x303f2523) mem 0x80010000 0x00000001
core   0: 0x8000ecfe (0x0000bfe5) c.j     pc - 8
core   0: 3 0x8000ecfe (0xbfe5)
core   0: 0x8000ecf6 (0x00001f17) auipc   t5, 0x1
core   0: 3 0x8000ecf6 (0x00001f17) x30 0x8000fcf6
core   0: 0x8000ecfa (0x303f2523) sw      gp, 778(t5)
core   0: 3 0x8000ecfa (0x303f2523) mem 0x80010000 0x00000001
core   0: 0x8000ecfe (0x0000bfe5) c.j     pc - 8
core   0: 3 0x8000ecfe (0xbfe5)
core   0: 0x8000ecf6 (0x00001f17) auipc   t5, 0x1
core   0: 3 0x8000ecf6 (0x00001f17) x30 0x8000fcf6
core   0: 0x8000ecfa (0x303f2523) sw      gp, 778(t5)
core   0: 3 0x8000ecfa (0x303f2523) mem 0x80010000 0x00000001
core   0: 0x8000ecfe (0x0000bfe5) c.j     pc - 8
core   0: 3 0x8000ecfe (0xbfe5)
core   0: 0x8000ecf6 (0x00001f17) auipc   t5, 0x1
core   0: 3 0x8000ecf6 (0x00001f17) x30 0x8000fcf6
core   0: 0x8000ecfa (0x303f2523) sw      gp, 778(t5)
core   0: 3 0x8000ecfa (0x303f2523) mem 0x80010000 0x00000001
core   0: 0x8000ecfe (0x0000bfe5) c.j     pc - 8
core   0: 3 0x8000ecfe (0xbfe5)
core   0: 0x8000ecf6 (0x00001f17) auipc   t5, 0x1
core   0: 3 0x8000ecf6 (0x00001f17) x30 0x8000fcf6
core   0: 0x8000ecfa (0x303f2523) sw      gp, 778(t5)
core   0: 3 0x8000ecfa (0x303f2523) mem 0x80010000 0x00000001
core   0: 0x8000ecfe (0x0000bfe5) c.j     pc - 8
core   0: 3 0x8000ecfe (0xbfe5)
core   0: 0x8000ecf6 (0x00001f17) auipc   t5, 0x1
core   0: 3 0x8000ecf6 (0x00001f17) x30 0x8000fcf6
core   0: 0x8000ecfa (0x303f2523) sw      gp, 778(t5)
core   0: 3 0x8000ecfa (0x303f2523) mem 0x80010000 0x00000001
core   0: 0x8000ecfe (0x0000bfe5) c.j     pc - 8
core   0: 3 0x8000ecfe (0xbfe5)
core   0: 0x8000ecf6 (0x00001f17) auipc   t5, 0x1
core   0: 3 0x8000ecf6 (0x00001f17) x30 0x8000fcf6
core   0: 0x8000ecfa (0x303f2523) sw      gp, 778(t5)
core   0: 3 0x8000ecfa (0x303f2523) mem 0x80010000 0x00000001
core   0: 0x8000ecfe (0x0000bfe5) c.j     pc - 8
core   0: 3 0x8000ecfe (0xbfe5)
core   0: 0x8000ecf6 (0x00001f17) auipc   t5, 0x1
core   0: 3 0x8000ecf6 (0x00001f17) x30 0x8000fcf6
core   0: 0x8000ecfa (0x303f2523) sw      gp, 778(t5)
core   0: 3 0x8000ecfa (0x303f2523) mem 0x80010000 0x00000001
core   0: 0x8000ecfe (0x0000bfe5) c.j     pc - 8
core   0: 3 0x8000ecfe (0xbfe5)
core   0: 0x8000ecf6 (0x00001f17) auipc   t5, 0x1
core   0: 3 0x8000ecf6 (0x00001f17) x30 0x8000fcf6
core   0: 0x8000ecfa (0x303f2523) sw      gp, 778(t5)
core   0: 3 0x8000ecfa (0x303f2523) mem 0x80010000 0x00000001
core   0: 0x8000ecfe (0x0000bfe5) c.j     pc - 8
core   0: 3 0x8000ecfe (0xbfe5)
core   0: 0x8000ecf6 (0x00001f17) auipc   t5, 0x1
core   0: 3 0x8000ecf6 (0x00001f17) x30 0x8000fcf6
core   0: 0x8000ecfa (0x303f2523) sw      gp, 778(t5)
core   0: 3 0x8000ecfa (0x303f2523) mem 0x80010000 0x00000001
core   0: 0x8000ecfe (0x0000bfe5) c.j     pc - 8
core   0: 3 0x8000ecfe (0xbfe5)
core   0: 0x8000ecf6 (0x00001f17) auipc   t5, 0x1
core   0: 3 0x8000ecf6 (0x00001f17) x30 0x8000fcf6
core   0: 0x8000ecfa (0x303f2523) sw      gp, 778(t5)
core   0: 3 0x8000ecfa (0x303f2523) mem 0x80010000 0x00000001
core   0: 0x8000ecfe (0x0000bfe5) c.j     pc - 8
core   0: 3 0x8000ecfe (0xbfe5)
core   0: 0x8000ecf6 (0x00001f17) auipc   t5, 0x1
core   0: 3 0x8000ecf6 (0x00001f17) x30 0x8000fcf6
core   0: 0x8000ecfa (0x303f2523) sw      gp, 778(t5)
core   0: 3 0x8000ecfa (0x303f2523) mem 0x80010000 0x00000001
core   0: 0x8000ecfe (0x0000bfe5) c.j     pc - 8
core   0: 3 0x8000ecfe (0xbfe5)
core   0: 0x8000ecf6 (0x00001f17) auipc   t5, 0x1
core   0: 3 0x8000ecf6 (0x00001f17) x30 0x8000fcf6
core   0: 0x8000ecfa (0x303f2523) sw      gp, 778(t5)
core   0: 3 0x8000ecfa (0x303f2523) mem 0x80010000 0x00000001
core   0: 0x8000ecfe (0x0000bfe5) c.j     pc - 8
core   0: 3 0x8000ecfe (0xbfe5)
core   0: 0x8000ecf6 (0x00001f17) auipc   t5, 0x1
core   0: 3 0x8000ecf6 (0x00001f17) x30 0x8000fcf6
core   0: 0x8000ecfa (0x303f2523) sw      gp, 778(t5)
core   0: 3 0x8000ecfa (0x303f2523) mem 0x80010000 0x00000001
core   0: 0x8000ecfe (0x0000bfe5) c.j     pc - 8
core   0: 3 0x8000ecfe (0xbfe5)
core   0: 0x8000ecf6 (0x00001f17) auipc   t5, 0x1
core   0: 3 0x8000ecf6 (0x00001f17) x30 0x8000fcf6
core   0: 0x8000ecfa (0x303f2523) sw      gp, 778(t5)
core   0: 3 0x8000ecfa (0x303f2523) mem 0x80010000 0x00000001
core   0: 0x8000ecfe (0x0000bfe5) c.j     pc - 8
core   0: 3 0x8000ecfe (0xbfe5)
core   0: 0x8000ecf6 (0x00001f17) auipc   t5, 0x1
core   0: 3 0x8000ecf6 (0x00001f17) x30 0x8000fcf6
core   0: 0x8000ecfa (0x303f2523) sw      gp, 778(t5)
core   0: 3 0x8000ecfa (0x303f2523) mem 0x80010000 0x00000001
core   0: 0x8000ecfe (0x0000bfe5) c.j     pc - 8
core   0: 3 0x8000ecfe (0xbfe5)
core   0: 0x8000ecf6 (0x00001f17) auipc   t5, 0x1
core   0: 3 0x8000ecf6 (0x00001f17) x30 0x8000fcf6
core   0: 0x8000ecfa (0x303f2523) sw      gp, 778(t5)
core   0: 3 0x8000ecfa (0x303f2523) mem 0x80010000 0x00000001
core   0: 0x8000ecfe (0x0000bfe5) c.j     pc - 8
core   0: 3 0x8000ecfe (0xbfe5)
core   0: 0x8000ecf6 (0x00001f17) auipc   t5, 0x1
core   0: 3 0x8000ecf6 (0x00001f17) x30 0x8000fcf6
core   0: 0x8000ecfa (0x303f2523) sw      gp, 778(t5)
core   0: 3 0x8000ecfa (0x303f2523) mem 0x80010000 0x00000001
core   0: 0x8000ecfe (0x0000bfe5) c.j     pc - 8
core   0: 3 0x8000ecfe (0xbfe5)
core   0: 0x8000ecf6 (0x00001f17) auipc   t5, 0x1
core   0: 3 0x8000ecf6 (0x00001f17) x30 0x8000fcf6
core   0: 0x8000ecfa (0x303f2523) sw      gp, 778(t5)
core   0: 3 0x8000ecfa (0x303f2523) mem 0x80010000 0x00000001
core   0: 0x8000ecfe (0x0000bfe5) c.j     pc - 8
core   0: 3 0x8000ecfe (0xbfe5)
core   0: 0x8000ecf6 (0x00001f17) auipc   t5, 0x1
core   0: 3 0x8000ecf6 (0x00001f17) x30 0x8000fcf6
core   0: 0x8000ecfa (0x303f2523) sw      gp, 778(t5)
core   0: 3 0x8000ecfa (0x303f2523) mem 0x80010000 0x00000001
core   0: 0x8000ecfe (0x0000bfe5) c.j     pc - 8
core   0: 3 0x8000ecfe (0xbfe5)
core   0: 0x8000ecf6 (0x00001f17) auipc   t5, 0x1
core   0: 3 0x8000ecf6 (0x00001f17) x30 0x8000fcf6
core   0: 0x8000ecfa (0x303f2523) sw      gp, 778(t5)
core   0: 3 0x8000ecfa (0x303f2523) mem 0x80010000 0x00000001
core   0: 0x8000ecfe (0x0000bfe5) c.j     pc - 8
core   0: 3 0x8000ecfe (0xbfe5)
core   0: 0x8000ecf6 (0x00001f17) auipc   t5, 0x1
core   0: 3 0x8000ecf6 (0x00001f17) x30 0x8000fcf6
core   0: 0x8000ecfa (0x303f2523) sw      gp, 778(t5)
core   0: 3 0x8000ecfa (0x303f2523) mem 0x80010000 0x00000001
core   0: 0x8000ecfe (0x0000bfe5) c.j     pc - 8
core   0: 3 0x8000ecfe (0xbfe5)
core   0: 0x8000ecf6 (0x00001f17) auipc   t5, 0x1
core   0: 3 0x8000ecf6 (0x00001f17) x30 0x8000fcf6
core   0: 0x8000ecfa (0x303f2523) sw      gp, 778(t5)
core   0: 3 0x8000ecfa (0x303f2523) mem 0x80010000 0x00000001
core   0: 0x8000ecfe (0x0000bfe5) c.j     pc - 8
core   0: 3 0x8000ecfe (0xbfe5)
core   0: 0x8000ecf6 (0x00001f17) auipc   t5, 0x1
core   0: 3 0x8000ecf6 (0x00001f17) x30 0x8000fcf6
core   0: 0x8000ecfa (0x303f2523) sw      gp, 778(t5)
core   0: 3 0x8000ecfa (0x303f2523) mem 0x80010000 0x00000001
core   0: 0x8000ecfe (0x0000bfe5) c.j     pc - 8
core   0: 3 0x8000ecfe (0xbfe5)
core   0: 0x8000ecf6 (0x00001f17) auipc   t5, 0x1
core   0: 3 0x8000ecf6 (0x00001f17) x30 0x8000fcf6
core   0: 0x8000ecfa (0x303f2523) sw      gp, 778(t5)
core   0: 3 0x8000ecfa (0x303f2523) mem 0x80010000 0x00000001
core   0: 0x8000ecfe (0x0000bfe5) c.j     pc - 8
core   0: 3 0x8000ecfe (0xbfe5)
core   0: 0x8000ecf6 (0x00001f17) auipc   t5, 0x1
core   0: 3 0x8000ecf6 (0x00001f17) x30 0x8000fcf6
core   0: 0x8000ecfa (0x303f2523) sw      gp, 778(t5)
core   0: 3 0x8000ecfa (0x303f2523) mem 0x80010000 0x00000001
core   0: 0x8000ecfe (0x0000bfe5) c.j     pc - 8
core   0: 3 0x8000ecfe (0xbfe5)
core   0: 0x8000ecf6 (0x00001f17) auipc   t5, 0x1
core   0: 3 0x8000ecf6 (0x00001f17) x30 0x8000fcf6
core   0: 0x8000ecfa (0x303f2523) sw      gp, 778(t5)
core   0: 3 0x8000ecfa (0x303f2523) mem 0x80010000 0x00000001
core   0: 0x8000ecfe (0x0000bfe5) c.j     pc - 8
core   0: 3 0x8000ecfe (0xbfe5)
core   0: 0x8000ecf6 (0x00001f17) auipc   t5, 0x1
core   0: 3 0x8000ecf6 (0x00001f17) x30 0x8000fcf6
core   0: 0x8000ecfa (0x303f2523) sw      gp, 778(t5)
core   0: 3 0x8000ecfa (0x303f2523) mem 0x80010000 0x00000001
core   0: 0x8000ecfe (0x0000bfe5) c.j     pc - 8
core   0: 3 0x8000ecfe (0xbfe5)
core   0: 0x8000ecf6 (0x00001f17) auipc   t5, 0x1
core   0: 3 0x8000ecf6 (0x00001f17) x30 0x8000fcf6
core   0: 0x8000ecfa (0x303f2523) sw      gp, 778(t5)
core   0: 3 0x8000ecfa (0x303f2523) mem 0x80010000 0x00000001
core   0: 0x8000ecfe (0x0000bfe5) c.j     pc - 8
core   0: 3 0x8000ecfe (0xbfe5)
core   0: 0x8000ecf6 (0x00001f17) auipc   t5, 0x1
core   0: 3 0x8000ecf6 (0x00001f17) x30 0x8000fcf6
core   0: 0x8000ecfa (0x303f2523) sw      gp, 778(t5)
core   0: 3 0x8000ecfa (0x303f2523) mem 0x80010000 0x00000001
core   0: 0x8000ecfe (0x0000bfe5) c.j     pc - 8
core   0: 3 0x8000ecfe (0xbfe5)
core   0: 0x8000ecf6 (0x00001f17) auipc   t5, 0x1
core   0: 3 0x8000ecf6 (0x00001f17) x30 0x8000fcf6
core   0: 0x8000ecfa (0x303f2523) sw      gp, 778(t5)
core   0: 3 0x8000ecfa (0x303f2523) mem 0x80010000 0x00000001
core   0: 0x8000ecfe (0x0000bfe5) c.j     pc - 8
core   0: 3 0x8000ecfe (0xbfe5)
core   0: 0x8000ecf6 (0x00001f17) auipc   t5, 0x1
core   0: 3 0x8000ecf6 (0x00001f17) x30 0x8000fcf6
core   0: 0x8000ecfa (0x303f2523) sw      gp, 778(t5)
core   0: 3 0x8000ecfa (0x303f2523) mem 0x80010000 0x00000001
core   0: 0x8000ecfe (0x0000bfe5) c.j     pc - 8
core   0: 3 0x8000ecfe (0xbfe5)
core   0: 0x8000ecf6 (0x00001f17) auipc   t5, 0x1
core   0: 3 0x8000ecf6 (0x00001f17) x30 0x8000fcf6
core   0: 0x8000ecfa (0x303f2523) sw      gp, 778(t5)
core   0: 3 0x8000ecfa (0x303f2523) mem 0x80010000 0x00000001
core   0: 0x8000ecfe (0x0000bfe5) c.j     pc - 8
core   0: 3 0x8000ecfe (0xbfe5)
core   0: 0x8000ecf6 (0x00001f17) auipc   t5, 0x1
core   0: 3 0x8000ecf6 (0x00001f17) x30 0x8000fcf6
core   0: 0x8000ecfa (0x303f2523) sw      gp, 778(t5)
core   0: 3 0x8000ecfa (0x303f2523) mem 0x80010000 0x00000001
core   0: 0x8000ecfe (0x0000bfe5) c.j     pc - 8
core   0: 3 0x8000ecfe (0xbfe5)
core   0: 0x8000ecf6 (0x00001f17) auipc   t5, 0x1
core   0: 3 0x8000ecf6 (0x00001f17) x30 0x8000fcf6
core   0: 0x8000ecfa (0x303f2523) sw      gp, 778(t5)
core   0: 3 0x8000ecfa (0x303f2523) mem 0x80010000 0x00000001
core   0: 0x8000ecfe (0x0000bfe5) c.j     pc - 8
core   0: 3 0x8000ecfe (0xbfe5)
core   0: 0x8000ecf6 (0x00001f17) auipc   t5, 0x1
core   0: 3 0x8000ecf6 (0x00001f17) x30 0x8000fcf6
core   0: 0x8000ecfa (0x303f2523) sw      gp, 778(t5)
core   0: 3 0x8000ecfa (0x303f2523) mem 0x80010000 0x00000001
core   0: 0x8000ecfe (0x0000bfe5) c.j     pc - 8
core   0: 3 0x8000ecfe (0xbfe5)
core   0: 0x8000ecf6 (0x00001f17) auipc   t5, 0x1
core   0: 3 0x8000ecf6 (0x00001f17) x30 0x8000fcf6
core   0: 0x8000ecfa (0x303f2523) sw      gp, 778(t5)
core   0: 3 0x8000ecfa (0x303f2523) mem 0x80010000 0x00000001
core   0: 0x8000ecfe (0x0000bfe5) c.j     pc - 8
core   0: 3 0x8000ecfe (0xbfe5)
core   0: 0x8000ecf6 (0x00001f17) auipc   t5, 0x1
core   0: 3 0x8000ecf6 (0x00001f17) x30 0x8000fcf6
core   0: 0x8000ecfa (0x303f2523) sw      gp, 778(t5)
core   0: 3 0x8000ecfa (0x303f2523) mem 0x80010000 0x00000001
core   0: 0x8000ecfe (0x0000bfe5) c.j     pc - 8
core   0: 3 0x8000ecfe (0xbfe5)
core   0: 0x8000ecf6 (0x00001f17) auipc   t5, 0x1
core   0: 3 0x8000ecf6 (0x00001f17) x30 0x8000fcf6
core   0: 0x8000ecfa (0x303f2523) sw      gp, 778(t5)
core   0: 3 0x8000ecfa (0x303f2523) mem 0x80010000 0x00000001
core   0: 0x8000ecfe (0x0000bfe5) c.j     pc - 8
core   0: 3 0x8000ecfe (0xbfe5)
core   0: 0x8000ecf6 (0x00001f17) auipc   t5, 0x1
core   0: 3 0x8000ecf6 (0x00001f17) x30 0x8000fcf6
core   0: 0x8000ecfa (0x303f2523) sw      gp, 778(t5)
core   0: 3 0x8000ecfa (0x303f2523) mem 0x80010000 0x00000001
core   0: 0x8000ecfe (0x0000bfe5) c.j     pc - 8
core   0: 3 0x8000ecfe (0xbfe5)
core   0: 0x8000ecf6 (0x00001f17) auipc   t5, 0x1
core   0: 3 0x8000ecf6 (0x00001f17) x30 0x8000fcf6
core   0: 0x8000ecfa (0x303f2523) sw      gp, 778(t5)
core   0: 3 0x8000ecfa (0x303f2523) mem 0x80010000 0x00000001
core   0: 0x8000ecfe (0x0000bfe5) c.j     pc - 8
core   0: 3 0x8000ecfe (0xbfe5)
core   0: 0x8000ecf6 (0x00001f17) auipc   t5, 0x1
core   0: 3 0x8000ecf6 (0x00001f17) x30 0x8000fcf6
core   0: 0x8000ecfa (0x303f2523) sw      gp, 778(t5)
core   0: 3 0x8000ecfa (0x303f2523) mem 0x80010000 0x00000001
core   0: 0x8000ecfe (0x0000bfe5) c.j     pc - 8
core   0: 3 0x8000ecfe (0xbfe5)
core   0: 0x8000ecf6 (0x00001f17) auipc   t5, 0x1
core   0: 3 0x8000ecf6 (0x00001f17) x30 0x8000fcf6
core   0: 0x8000ecfa (0x303f2523) sw      gp, 778(t5)
core   0: 3 0x8000ecfa (0x303f2523) mem 0x80010000 0x00000001
core   0: 0x8000ecfe (0x0000bfe5) c.j     pc - 8
core   0: 3 0x8000ecfe (0xbfe5)
core   0: 0x8000ecf6 (0x00001f17) auipc   t5, 0x1
core   0: 3 0x8000ecf6 (0x00001f17) x30 0x8000fcf6
core   0: 0x8000ecfa (0x303f2523) sw      gp, 778(t5)
core   0: 3 0x8000ecfa (0x303f2523) mem 0x80010000 0x00000001
core   0: 0x8000ecfe (0x0000bfe5) c.j     pc - 8
core   0: 3 0x8000ecfe (0xbfe5)
core   0: 0x8000ecf6 (0x00001f17) auipc   t5, 0x1
core   0: 3 0x8000ecf6 (0x00001f17) x30 0x8000fcf6
core   0: 0x8000ecfa (0x303f2523) sw      gp, 778(t5)
core   0: 3 0x8000ecfa (0x303f2523) mem 0x80010000 0x00000001
core   0: 0x8000ecfe (0x0000bfe5) c.j     pc - 8
core   0: 3 0x8000ecfe (0xbfe5)
core   0: 0x8000ecf6 (0x00001f17) auipc   t5, 0x1
core   0: 3 0x8000ecf6 (0x00001f17) x30 0x8000fcf6
core   0: 0x8000ecfa (0x303f2523) sw      gp, 778(t5)
core   0: 3 0x8000ecfa (0x303f2523) mem 0x80010000 0x00000001
core   0: 0x8000ecfe (0x0000bfe5) c.j     pc - 8
core   0: 3 0x8000ecfe (0xbfe5)
core   0: 0x8000ecf6 (0x00001f17) auipc   t5, 0x1
core   0: 3 0x8000ecf6 (0x00001f17) x30 0x8000fcf6
core   0: 0x8000ecfa (0x303f2523) sw      gp, 778(t5)
core   0: 3 0x8000ecfa (0x303f2523) mem 0x80010000 0x00000001
core   0: 0x8000ecfe (0x0000bfe5) c.j     pc - 8
core   0: 3 0x8000ecfe (0xbfe5)
core   0: 0x8000ecf6 (0x00001f17) auipc   t5, 0x1
core   0: 3 0x8000ecf6 (0x00001f17) x30 0x8000fcf6
core   0: 0x8000ecfa (0x303f2523) sw      gp, 778(t5)
core   0: 3 0x8000ecfa (0x303f2523) mem 0x80010000 0x00000001
core   0: 0x8000ecfe (0x0000bfe5) c.j     pc - 8
core   0: 3 0x8000ecfe (0xbfe5)
core   0: 0x8000ecf6 (0x00001f17) auipc   t5, 0x1
core   0: 3 0x8000ecf6 (0x00001f17) x30 0x8000fcf6
core   0: 0x8000ecfa (0x303f2523) sw      gp, 778(t5)
core   0: 3 0x8000ecfa (0x303f2523) mem 0x80010000 0x00000001
core   0: 0x8000ecfe (0x0000bfe5) c.j     pc - 8
core   0: 3 0x8000ecfe (0xbfe5)
core   0: 0x8000ecf6 (0x00001f17) auipc   t5, 0x1
core   0: 3 0x8000ecf6 (0x00001f17) x30 0x8000fcf6
core   0: 0x8000ecfa (0x303f2523) sw      gp, 778(t5)
core   0: 3 0x8000ecfa (0x303f2523) mem 0x80010000 0x00000001
core   0: 0x8000ecfe (0x0000bfe5) c.j     pc - 8
core   0: 3 0x8000ecfe (0xbfe5)
core   0: 0x8000ecf6 (0x00001f17) auipc   t5, 0x1
core   0: 3 0x8000ecf6 (0x00001f17) x30 0x8000fcf6
core   0: 0x8000ecfa (0x303f2523) sw      gp, 778(t5)
core   0: 3 0x8000ecfa (0x303f2523) mem 0x80010000 0x00000001
core   0: 0x8000ecfe (0x0000bfe5) c.j     pc - 8
core   0: 3 0x8000ecfe (0xbfe5)
core   0: 0x8000ecf6 (0x00001f17) auipc   t5, 0x1
core   0: 3 0x8000ecf6 (0x00001f17) x30 0x8000fcf6
core   0: 0x8000ecfa (0x303f2523) sw      gp, 778(t5)
core   0: 3 0x8000ecfa (0x303f2523) mem 0x80010000 0x00000001
core   0: 0x8000ecfe (0x0000bfe5) c.j     pc - 8
core   0: 3 0x8000ecfe (0xbfe5)
core   0: 0x8000ecf6 (0x00001f17) auipc   t5, 0x1
core   0: 3 0x8000ecf6 (0x00001f17) x30 0x8000fcf6
core   0: 0x8000ecfa (0x303f2523) sw      gp, 778(t5)
core   0: 3 0x8000ecfa (0x303f2523) mem 0x80010000 0x00000001
core   0: 0x8000ecfe (0x0000bfe5) c.j     pc - 8
core   0: 3 0x8000ecfe (0xbfe5)
core   0: 0x8000ecf6 (0x00001f17) auipc   t5, 0x1
core   0: 3 0x8000ecf6 (0x00001f17) x30 0x8000fcf6
core   0: 0x8000ecfa (0x303f2523) sw      gp, 778(t5)
core   0: 3 0x8000ecfa (0x303f2523) mem 0x80010000 0x00000001
core   0: 0x8000ecfe (0x0000bfe5) c.j     pc - 8
core   0: 3 0x8000ecfe (0xbfe5)
core   0: 0x8000ecf6 (0x00001f17) auipc   t5, 0x1
core   0: 3 0x8000ecf6 (0x00001f17) x30 0x8000fcf6
core   0: 0x8000ecfa (0x303f2523) sw      gp, 778(t5)
core   0: 3 0x8000ecfa (0x303f2523) mem 0x80010000 0x00000001
core   0: 0x8000ecfe (0x0000bfe5) c.j     pc - 8
core   0: 3 0x8000ecfe (0xbfe5)
core   0: 0x8000ecf6 (0x00001f17) auipc   t5, 0x1
core   0: 3 0x8000ecf6 (0x00001f17) x30 0x8000fcf6
core   0: 0x8000ecfa (0x303f2523) sw      gp, 778(t5)
core   0: 3 0x8000ecfa (0x303f2523) mem 0x80010000 0x00000001
core   0: 0x8000ecfe (0x0000bfe5) c.j     pc - 8
core   0: 3 0x8000ecfe (0xbfe5)
core   0: 0x8000ecf6 (0x00001f17) auipc   t5, 0x1
core   0: 3 0x8000ecf6 (0x00001f17) x30 0x8000fcf6
core   0: 0x8000ecfa (0x303f2523) sw      gp, 778(t5)
core   0: 3 0x8000ecfa (0x303f2523) mem 0x80010000 0x00000001
core   0: 0x8000ecfe (0x0000bfe5) c.j     pc - 8
core   0: 3 0x8000ecfe (0xbfe5)
core   0: 0x8000ecf6 (0x00001f17) auipc   t5, 0x1
core   0: 3 0x8000ecf6 (0x00001f17) x30 0x8000fcf6
core   0: 0x8000ecfa (0x303f2523) sw      gp, 778(t5)
core   0: 3 0x8000ecfa (0x303f2523) mem 0x80010000 0x00000001
core   0: 0x8000ecfe (0x0000bfe5) c.j     pc - 8
core   0: 3 0x8000ecfe (0xbfe5)
core   0: 0x8000ecf6 (0x00001f17) auipc   t5, 0x1
core   0: 3 0x8000ecf6 (0x00001f17) x30 0x8000fcf6
core   0: 0x8000ecfa (0x303f2523) sw      gp, 778(t5)
core   0: 3 0x8000ecfa (0x303f2523) mem 0x80010000 0x00000001
core   0: 0x8000ecfe (0x0000bfe5) c.j     pc - 8
core   0: 3 0x8000ecfe (0xbfe5)
core   0: 0x8000ecf6 (0x00001f17) auipc   t5, 0x1
core   0: 3 0x8000ecf6 (0x00001f17) x30 0x8000fcf6
core   0: 0x8000ecfa (0x303f2523) sw      gp, 778(t5)
core   0: 3 0x8000ecfa (0x303f2523) mem 0x80010000 0x00000001
core   0: 0x8000ecfe (0x0000bfe5) c.j     pc - 8
core   0: 3 0x8000ecfe (0xbfe5)
core   0: 0x8000ecf6 (0x00001f17) auipc   t5, 0x1
core   0: 3 0x8000ecf6 (0x00001f17) x30 0x8000fcf6
core   0: 0x8000ecfa (0x303f2523) sw      gp, 778(t5)
core   0: 3 0x8000ecfa (0x303f2523) mem 0x80010000 0x00000001
core   0: 0x8000ecfe (0x0000bfe5) c.j     pc - 8
core   0: 3 0x8000ecfe (0xbfe5)
core   0: 0x8000ecf6 (0x00001f17) auipc   t5, 0x1
core   0: 3 0x8000ecf6 (0x00001f17) x30 0x8000fcf6
core   0: 0x8000ecfa (0x303f2523) sw      gp, 778(t5)
core   0: 3 0x8000ecfa (0x303f2523) mem 0x80010000 0x00000001
core   0: 0x8000ecfe (0x0000bfe5) c.j     pc - 8
core   0: 3 0x8000ecfe (0xbfe5)
core   0: 0x8000ecf6 (0x00001f17) auipc   t5, 0x1
core   0: 3 0x8000ecf6 (0x00001f17) x30 0x8000fcf6
core   0: 0x8000ecfa (0x303f2523) sw      gp, 778(t5)
core   0: 3 0x8000ecfa (0x303f2523) mem 0x80010000 0x00000001
core   0: 0x8000ecfe (0x0000bfe5) c.j     pc - 8
core   0: 3 0x8000ecfe (0xbfe5)
core   0: 0x8000ecf6 (0x00001f17) auipc   t5, 0x1
core   0: 3 0x8000ecf6 (0x00001f17) x30 0x8000fcf6
core   0: 0x8000ecfa (0x303f2523) sw      gp, 778(t5)
core   0: 3 0x8000ecfa (0x303f2523) mem 0x80010000 0x00000001
core   0: 0x8000ecfe (0x0000bfe5) c.j     pc - 8
core   0: 3 0x8000ecfe (0xbfe5)
core   0: 0x8000ecf6 (0x00001f17) auipc   t5, 0x1
core   0: 3 0x8000ecf6 (0x00001f17) x30 0x8000fcf6
core   0: 0x8000ecfa (0x303f2523) sw      gp, 778(t5)
core   0: 3 0x8000ecfa (0x303f2523) mem 0x80010000 0x00000001
core   0: 0x8000ecfe (0x0000bfe5) c.j     pc - 8
core   0: 3 0x8000ecfe (0xbfe5)
core   0: 0x8000ecf6 (0x00001f17) auipc   t5, 0x1
core   0: 3 0x8000ecf6 (0x00001f17) x30 0x8000fcf6
core   0: 0x8000ecfa (0x303f2523) sw      gp, 778(t5)
core   0: 3 0x8000ecfa (0x303f2523) mem 0x80010000 0x00000001
core   0: 0x8000ecfe (0x0000bfe5) c.j     pc - 8
core   0: 3 0x8000ecfe (0xbfe5)
core   0: 0x8000ecf6 (0x00001f17) auipc   t5, 0x1
core   0: 3 0x8000ecf6 (0x00001f17) x30 0x8000fcf6
core   0: 0x8000ecfa (0x303f2523) sw      gp, 778(t5)
core   0: 3 0x8000ecfa (0x303f2523) mem 0x80010000 0x00000001
core   0: 0x8000ecfe (0x0000bfe5) c.j     pc - 8
core   0: 3 0x8000ecfe (0xbfe5)
core   0: 0x8000ecf6 (0x00001f17) auipc   t5, 0x1
core   0: 3 0x8000ecf6 (0x00001f17) x30 0x8000fcf6
core   0: 0x8000ecfa (0x303f2523) sw      gp, 778(t5)
core   0: 3 0x8000ecfa (0x303f2523) mem 0x80010000 0x00000001
core   0: 0x8000ecfe (0x0000bfe5) c.j     pc - 8
core   0: 3 0x8000ecfe (0xbfe5)
core   0: 0x8000ecf6 (0x00001f17) auipc   t5, 0x1
core   0: 3 0x8000ecf6 (0x00001f17) x30 0x8000fcf6
core   0: 0x8000ecfa (0x303f2523) sw      gp, 778(t5)
core   0: 3 0x8000ecfa (0x303f2523) mem 0x80010000 0x00000001
core   0: 0x8000ecfe (0x0000bfe5) c.j     pc - 8
core   0: 3 0x8000ecfe (0xbfe5)
core   0: 0x8000ecf6 (0x00001f17) auipc   t5, 0x1
core   0: 3 0x8000ecf6 (0x00001f17) x30 0x8000fcf6
core   0: 0x8000ecfa (0x303f2523) sw      gp, 778(t5)
core   0: 3 0x8000ecfa (0x303f2523) mem 0x80010000 0x00000001
core   0: 0x8000ecfe (0x0000bfe5) c.j     pc - 8
core   0: 3 0x8000ecfe (0xbfe5)
core   0: 0x8000ecf6 (0x00001f17) auipc   t5, 0x1
core   0: 3 0x8000ecf6 (0x00001f17) x30 0x8000fcf6
core   0: 0x8000ecfa (0x303f2523) sw      gp, 778(t5)
core   0: 3 0x8000ecfa (0x303f2523) mem 0x80010000 0x00000001
core   0: 0x8000ecfe (0x0000bfe5) c.j     pc - 8
core   0: 3 0x8000ecfe (0xbfe5)
core   0: 0x8000ecf6 (0x00001f17) auipc   t5, 0x1
core   0: 3 0x8000ecf6 (0x00001f17) x30 0x8000fcf6
core   0: 0x8000ecfa (0x303f2523) sw      gp, 778(t5)
core   0: 3 0x8000ecfa (0x303f2523) mem 0x80010000 0x00000001
core   0: 0x8000ecfe (0x0000bfe5) c.j     pc - 8
core   0: 3 0x8000ecfe (0xbfe5)
core   0: 0x8000ecf6 (0x00001f17) auipc   t5, 0x1
core   0: 3 0x8000ecf6 (0x00001f17) x30 0x8000fcf6
core   0: 0x8000ecfa (0x303f2523) sw      gp, 778(t5)
core   0: 3 0x8000ecfa (0x303f2523) mem 0x80010000 0x00000001
core   0: 0x8000ecfe (0x0000bfe5) c.j     pc - 8
core   0: 3 0x8000ecfe (0xbfe5)
core   0: 0x8000ecf6 (0x00001f17) auipc   t5, 0x1
core   0: 3 0x8000ecf6 (0x00001f17) x30 0x8000fcf6
core   0: 0x8000ecfa (0x303f2523) sw      gp, 778(t5)
core   0: 3 0x8000ecfa (0x303f2523) mem 0x80010000 0x00000001
core   0: 0x8000ecfe (0x0000bfe5) c.j     pc - 8
core   0: 3 0x8000ecfe (0xbfe5)
core   0: 0x8000ecf6 (0x00001f17) auipc   t5, 0x1
core   0: 3 0x8000ecf6 (0x00001f17) x30 0x8000fcf6
core   0: 0x8000ecfa (0x303f2523) sw      gp, 778(t5)
core   0: 3 0x8000ecfa (0x303f2523) mem 0x80010000 0x00000001
core   0: 0x8000ecfe (0x0000bfe5) c.j     pc - 8
core   0: 3 0x8000ecfe (0xbfe5)
core   0: 0x8000ecf6 (0x00001f17) auipc   t5, 0x1
core   0: 3 0x8000ecf6 (0x00001f17) x30 0x8000fcf6
core   0: 0x8000ecfa (0x303f2523) sw      gp, 778(t5)
core   0: 3 0x8000ecfa (0x303f2523) mem 0x80010000 0x00000001
core   0: 0x8000ecfe (0x0000bfe5) c.j     pc - 8
core   0: 3 0x8000ecfe (0xbfe5)
core   0: 0x8000ecf6 (0x00001f17) auipc   t5, 0x1
core   0: 3 0x8000ecf6 (0x00001f17) x30 0x8000fcf6
core   0: 0x8000ecfa (0x303f2523) sw      gp, 778(t5)
core   0: 3 0x8000ecfa (0x303f2523) mem 0x80010000 0x00000001
core   0: 0x8000ecfe (0x0000bfe5) c.j     pc - 8
core   0: 3 0x8000ecfe (0xbfe5)
core   0: 0x8000ecf6 (0x00001f17) auipc   t5, 0x1
core   0: 3 0x8000ecf6 (0x00001f17) x30 0x8000fcf6
core   0: 0x8000ecfa (0x303f2523) sw      gp, 778(t5)
core   0: 3 0x8000ecfa (0x303f2523) mem 0x80010000 0x00000001
core   0: 0x8000ecfe (0x0000bfe5) c.j     pc - 8
core   0: 3 0x8000ecfe (0xbfe5)
core   0: 0x8000ecf6 (0x00001f17) auipc   t5, 0x1
core   0: 3 0x8000ecf6 (0x00001f17) x30 0x8000fcf6
core   0: 0x8000ecfa (0x303f2523) sw      gp, 778(t5)
core   0: 3 0x8000ecfa (0x303f2523) mem 0x80010000 0x00000001
core   0: 0x8000ecfe (0x0000bfe5) c.j     pc - 8
core   0: 3 0x8000ecfe (0xbfe5)
core   0: 0x8000ecf6 (0x00001f17) auipc   t5, 0x1
core   0: 3 0x8000ecf6 (0x00001f17) x30 0x8000fcf6
core   0: 0x8000ecfa (0x303f2523) sw      gp, 778(t5)
core   0: 3 0x8000ecfa (0x303f2523) mem 0x80010000 0x00000001
core   0: 0x8000ecfe (0x0000bfe5) c.j     pc - 8
core   0: 3 0x8000ecfe (0xbfe5)
core   0: 0x8000ecf6 (0x00001f17) auipc   t5, 0x1
core   0: 3 0x8000ecf6 (0x00001f17) x30 0x8000fcf6
core   0: 0x8000ecfa (0x303f2523) sw      gp, 778(t5)
core   0: 3 0x8000ecfa (0x303f2523) mem 0x80010000 0x00000001
core   0: 0x8000ecfe (0x0000bfe5) c.j     pc - 8
core   0: 3 0x8000ecfe (0xbfe5)
core   0: 0x8000ecf6 (0x00001f17) auipc   t5, 0x1
core   0: 3 0x8000ecf6 (0x00001f17) x30 0x8000fcf6
core   0: 0x8000ecfa (0x303f2523) sw      gp, 778(t5)
core   0: 3 0x8000ecfa (0x303f2523) mem 0x80010000 0x00000001
core   0: 0x8000ecfe (0x0000bfe5) c.j     pc - 8
core   0: 3 0x8000ecfe (0xbfe5)
core   0: 0x8000ecf6 (0x00001f17) auipc   t5, 0x1
core   0: 3 0x8000ecf6 (0x00001f17) x30 0x8000fcf6
core   0: 0x8000ecfa (0x303f2523) sw      gp, 778(t5)
core   0: 3 0x8000ecfa (0x303f2523) mem 0x80010000 0x00000001
core   0: 0x8000ecfe (0x0000bfe5) c.j     pc - 8
core   0: 3 0x8000ecfe (0xbfe5)
core   0: 0x8000ecf6 (0x00001f17) auipc   t5, 0x1
core   0: 3 0x8000ecf6 (0x00001f17) x30 0x8000fcf6
core   0: 0x8000ecfa (0x303f2523) sw      gp, 778(t5)
core   0: 3 0x8000ecfa (0x303f2523) mem 0x80010000 0x00000001
core   0: 0x8000ecfe (0x0000bfe5) c.j     pc - 8
core   0: 3 0x8000ecfe (0xbfe5)
core   0: 0x8000ecf6 (0x00001f17) auipc   t5, 0x1
core   0: 3 0x8000ecf6 (0x00001f17) x30 0x8000fcf6
core   0: 0x8000ecfa (0x303f2523) sw      gp, 778(t5)
core   0: 3 0x8000ecfa (0x303f2523) mem 0x80010000 0x00000001
core   0: 0x8000ecfe (0x0000bfe5) c.j     pc - 8
core   0: 3 0x8000ecfe (0xbfe5)
core   0: 0x8000ecf6 (0x00001f17) auipc   t5, 0x1
core   0: 3 0x8000ecf6 (0x00001f17) x30 0x8000fcf6
core   0: 0x8000ecfa (0x303f2523) sw      gp, 778(t5)
core   0: 3 0x8000ecfa (0x303f2523) mem 0x80010000 0x00000001
core   0: 0x8000ecfe (0x0000bfe5) c.j     pc - 8
core   0: 3 0x8000ecfe (0xbfe5)
core   0: 0x8000ecf6 (0x00001f17) auipc   t5, 0x1
core   0: 3 0x8000ecf6 (0x00001f17) x30 0x8000fcf6
core   0: 0x8000ecfa (0x303f2523) sw      gp, 778(t5)
core   0: 3 0x8000ecfa (0x303f2523) mem 0x80010000 0x00000001
core   0: 0x8000ecfe (0x0000bfe5) c.j     pc - 8
core   0: 3 0x8000ecfe (0xbfe5)
core   0: 0x8000ecf6 (0x00001f17) auipc   t5, 0x1
core   0: 3 0x8000ecf6 (0x00001f17) x30 0x8000fcf6
core   0: 0x8000ecfa (0x303f2523) sw      gp, 778(t5)
core   0: 3 0x8000ecfa (0x303f2523) mem 0x80010000 0x00000001
core   0: 0x8000ecfe (0x0000bfe5) c.j     pc - 8
core   0: 3 0x8000ecfe (0xbfe5)
core   0: 0x8000ecf6 (0x00001f17) auipc   t5, 0x1
core   0: 3 0x8000ecf6 (0x00001f17) x30 0x8000fcf6
core   0: 0x8000ecfa (0x303f2523) sw      gp, 778(t5)
core   0: 3 0x8000ecfa (0x303f2523) mem 0x80010000 0x00000001
core   0: 0x8000ecfe (0x0000bfe5) c.j     pc - 8
core   0: 3 0x8000ecfe (0xbfe5)
core   0: 0x8000ecf6 (0x00001f17) auipc   t5, 0x1
core   0: 3 0x8000ecf6 (0x00001f17) x30 0x8000fcf6
core   0: 0x8000ecfa (0x303f2523) sw      gp, 778(t5)
core   0: 3 0x8000ecfa (0x303f2523) mem 0x80010000 0x00000001
core   0: 0x8000ecfe (0x0000bfe5) c.j     pc - 8
core   0: 3 0x8000ecfe (0xbfe5)
core   0: 0x8000ecf6 (0x00001f17) auipc   t5, 0x1
core   0: 3 0x8000ecf6 (0x00001f17) x30 0x8000fcf6
core   0: 0x8000ecfa (0x303f2523) sw      gp, 778(t5)
core   0: 3 0x8000ecfa (0x303f2523) mem 0x80010000 0x00000001
core   0: 0x8000ecfe (0x0000bfe5) c.j     pc - 8
core   0: 3 0x8000ecfe (0xbfe5)
core   0: 0x8000ecf6 (0x00001f17) auipc   t5, 0x1
core   0: 3 0x8000ecf6 (0x00001f17) x30 0x8000fcf6
core   0: 0x8000ecfa (0x303f2523) sw      gp, 778(t5)
core   0: 3 0x8000ecfa (0x303f2523) mem 0x80010000 0x00000001
core   0: 0x8000ecfe (0x0000bfe5) c.j     pc - 8
core   0: 3 0x8000ecfe (0xbfe5)
core   0: 0x8000ecf6 (0x00001f17) auipc   t5, 0x1
core   0: 3 0x8000ecf6 (0x00001f17) x30 0x8000fcf6
core   0: 0x8000ecfa (0x303f2523) sw      gp, 778(t5)
core   0: 3 0x8000ecfa (0x303f2523) mem 0x80010000 0x00000001
core   0: 0x8000ecfe (0x0000bfe5) c.j     pc - 8
core   0: 3 0x8000ecfe (0xbfe5)
core   0: 0x8000ecf6 (0x00001f17) auipc   t5, 0x1
core   0: 3 0x8000ecf6 (0x00001f17) x30 0x8000fcf6
core   0: 0x8000ecfa (0x303f2523) sw      gp, 778(t5)
core   0: 3 0x8000ecfa (0x303f2523) mem 0x80010000 0x00000001
core   0: 0x8000ecfe (0x0000bfe5) c.j     pc - 8
core   0: 3 0x8000ecfe (0xbfe5)
core   0: 0x8000ecf6 (0x00001f17) auipc   t5, 0x1
core   0: 3 0x8000ecf6 (0x00001f17) x30 0x8000fcf6
core   0: 0x8000ecfa (0x303f2523) sw      gp, 778(t5)
core   0: 3 0x8000ecfa (0x303f2523) mem 0x80010000 0x00000001
core   0: 0x8000ecfe (0x0000bfe5) c.j     pc - 8
core   0: 3 0x8000ecfe (0xbfe5)
core   0: 0x8000ecf6 (0x00001f17) auipc   t5, 0x1
core   0: 3 0x8000ecf6 (0x00001f17) x30 0x8000fcf6
core   0: 0x8000ecfa (0x303f2523) sw      gp, 778(t5)
core   0: 3 0x8000ecfa (0x303f2523) mem 0x80010000 0x00000001
core   0: 0x8000ecfe (0x0000bfe5) c.j     pc - 8
core   0: 3 0x8000ecfe (0xbfe5)
core   0: 0x8000ecf6 (0x00001f17) auipc   t5, 0x1
core   0: 3 0x8000ecf6 (0x00001f17) x30 0x8000fcf6
core   0: 0x8000ecfa (0x303f2523) sw      gp, 778(t5)
core   0: 3 0x8000ecfa (0x303f2523) mem 0x80010000 0x00000001
core   0: 0x8000ecfe (0x0000bfe5) c.j     pc - 8
core   0: 3 0x8000ecfe (0xbfe5)
core   0: 0x8000ecf6 (0x00001f17) auipc   t5, 0x1
core   0: 3 0x8000ecf6 (0x00001f17) x30 0x8000fcf6
core   0: 0x8000ecfa (0x303f2523) sw      gp, 778(t5)
core   0: 3 0x8000ecfa (0x303f2523) mem 0x80010000 0x00000001
