core   0: 0x00001000 (0x00000297) auipc   t0, 0x0
core   0: 3 0x00001000 (0x00000297) x5  0x00001000
core   0: 0x00001004 (0x02028593) addi    a1, t0, 32
core   0: 3 0x00001004 (0x02028593) x11 0x00001020
core   0: 0x00001008 (0xf1402573) csrr    a0, mhartid
core   0: 3 0x00001008 (0xf1402573) x10 0x00000000
core   0: 0x0000100c (0x0182a283) lw      t0, 24(t0)
core   0: 3 0x0000100c (0x0182a283) x5  0x80000000 mem 0x00001018
core   0: 0x00001010 (0x00028067) jr      t0
core   0: 3 0x00001010 (0x00028067)
core   0: 0x80000000 (0xf14022f3) csrr    t0, mhartid
core   0: 3 0x80000000 (0xf14022f3) x5  0x00000000
core   0: 0x80000004 (0x00004301) c.li    t1, 0
core   0: 3 0x80000004 (0x4301) x6  0x00000000
core   0: 0x80000006 (0x00628263) beq     t0, t1, pc + 4
core   0: 3 0x80000006 (0x00628263)
core   0: 0x8000000a (0x00000617) auipc   a2, 0x0
core   0: 3 0x8000000a (0x00000617) x12 0x8000000a
core   0: 0x8000000e (0x00c60613) addi    a2, a2, 12
core   0: 3 0x8000000e (0x00c60613) x12 0x80000016
core   0: 0x80000012 (0x00060067) jr      a2
core   0: 3 0x80000012 (0x00060067)
core   0: 0x80000016 (0x40001bb7) lui     s7, 0x40001
core   0: 3 0x80000016 (0x40001bb7) x23 0x40001000
core   0: 0x8000001a (0x104b8b93) addi    s7, s7, 260
core   0: 3 0x8000001a (0x104b8b93) x23 0x40001104
core   0: 0x8000001e (0x301b9073) csrw    misa, s7
core   0: 3 0x8000001e (0x301b9073) c769_misa 0x40141104
core   0: 0x80000022 (0x0002aa17) auipc   s4, 0x2a
core   0: 3 0x80000022 (0x0002aa17) x20 0x8002a022
core   0: 0x80000026 (0xcc2a0a13) addi    s4, s4, -830
core   0: 3 0x80000026 (0xcc2a0a13) x20 0x80029ce4
core   0: 0x8000002a (0x0000bb97) auipc   s7, 0xb
core   0: 3 0x8000002a (0x0000bb97) x23 0x8000b02a
core   0: 0x8000002e (0x326b8b93) addi    s7, s7, 806
core   0: 3 0x8000002e (0x326b8b93) x23 0x8000b350
core   0: 0x80000032 (0x001beb93) ori     s7, s7, 1
core   0: 3 0x80000032 (0x001beb93) x23 0x8000b351
core   0: 0x80000036 (0x305b9073) csrw    mtvec, s7
core   0: 3 0x80000036 (0x305b9073) c773_mtvec 0x8000b351
core   0: 0x8000003a (0x00000b97) auipc   s7, 0x0
core   0: 3 0x8000003a (0x00000b97) x23 0x8000003a
core   0: 0x8000003e (0x022b8b93) addi    s7, s7, 34
core   0: 3 0x8000003e (0x022b8b93) x23 0x8000005c
core   0: 0x80000042 (0x341b9073) csrw    mepc, s7
core   0: 3 0x80000042 (0x341b9073) c833_mepc 0x8000005c
core   0: 0x80000046 (0x00000001) c.nop
core   0: 3 0x80000046 (0x0001)
core   0: 0x80000048 (0x00006b89) c.lui   s7, 0x2
core   0: 3 0x80000048 (0x6b89) x23 0x00002000
core   0: 0x8000004a (0x800b8b93) addi    s7, s7, -2048
core   0: 3 0x8000004a (0x800b8b93) x23 0x00001800
core   0: 0x8000004e (0x300b9073) csrw    mstatus, s7
core   0: 3 0x8000004e (0x300b9073) c768_mstatus 0x00001800
core   0: 0x80000052 (0x00004b81) c.li    s7, 0
core   0: 3 0x80000052 (0x4b81) x23 0x00000000
core   0: 0x80000054 (0x304b9073) csrw    mie, s7
core   0: 3 0x80000054 (0x304b9073) c772_mie 0x00000000
core   0: 0x80000058 (0x30200073) mret
core   0: 3 0x80000058 (0x30200073) c784_mstatush 0x00000000 c768_mstatus 0x00000080
core   0: >>>>  init
core   0: 0x8000005c (0x00000013) nop
core   0: 3 0x8000005c (0x00000013)
core   0: 0x80000060 (0x800000b7) lui     ra, 0x80000
core   0: 3 0x80000060 (0x800000b7) x1  0x80000000
core   0: 0x80000064 (0x00004109) c.li    sp, 2
core   0: 3 0x80000064 (0x4109) x2  0x00000002
core   0: 0x80000066 (0x000041b5) c.li    gp, 13
core   0: 3 0x80000066 (0x41b5) x3  0x0000000d
core   0: 0x80000068 (0xfcba9237) lui     tp, 0xfcba9
core   0: 3 0x80000068 (0xfcba9237) x4  0xfcba9000
core   0: 0x8000006c (0xf5920213) addi    tp, tp, -167
core   0: 3 0x8000006c (0xf5920213) x4  0xfcba8f59
core   0: 0x80000070 (0x0beba2b7) lui     t0, 0xbeba
core   0: 3 0x80000070 (0x0beba2b7) x5  0x0beba000
core   0: 0x80000074 (0x51728293) addi    t0, t0, 1303
core   0: 3 0x80000074 (0x51728293) x5  0x0beba517
core   0: 0x80000078 (0x80000337) lui     t1, 0x80000
core   0: 3 0x80000078 (0x80000337) x6  0x80000000
core   0: 0x8000007c (0x079583b7) lui     t2, 0x7958
core   0: 3 0x8000007c (0x079583b7) x7  0x07958000
core   0: 0x80000080 (0x31f38393) addi    t2, t2, 799
core   0: 3 0x80000080 (0x31f38393) x7  0x0795831f
core   0: 0x80000084 (0x00004401) c.li    s0, 0
core   0: 3 0x80000084 (0x4401) x8  0x00000000
core   0: 0x80000086 (0x00004481) c.li    s1, 0
core   0: 3 0x80000086 (0x4481) x9  0x00000000
core   0: 0x80000088 (0x80000537) lui     a0, 0x80000
core   0: 3 0x80000088 (0x80000537) x10 0x80000000
core   0: 0x8000008c (0x000045ad) c.li    a1, 11
core   0: 3 0x8000008c (0x45ad) x11 0x0000000b
core   0: 0x8000008e (0x00004601) c.li    a2, 0
core   0: 3 0x8000008e (0x4601) x12 0x00000000
core   0: 0x80000090 (0x800006b7) lui     a3, 0x80000
core   0: 3 0x80000090 (0x800006b7) x13 0x80000000
core   0: 0x80000094 (0x80000737) lui     a4, 0x80000
core   0: 3 0x80000094 (0x80000737) x14 0x80000000
core   0: 0x80000098 (0x00004791) c.li    a5, 4
core   0: 3 0x80000098 (0x4791) x15 0x00000004
core   0: 0x8000009a (0x00004815) c.li    a6, 5
core   0: 3 0x8000009a (0x4815) x16 0x00000005
core   0: 0x8000009c (0x00004881) c.li    a7, 0
core   0: 3 0x8000009c (0x4881) x17 0x00000000
core   0: 0x8000009e (0x00004981) c.li    s3, 0
core   0: 3 0x8000009e (0x4981) x19 0x00000000
core   0: 0x800000a0 (0x80000ab7) lui     s5, 0x80000
core   0: 3 0x800000a0 (0x80000ab7) x21 0x80000000
core   0: 0x800000a4 (0xdbf80b37) lui     s6, 0xdbf80
core   0: 3 0x800000a4 (0xdbf80b37) x22 0xdbf80000
core   0: 0x800000a8 (0xec7b0b13) addi    s6, s6, -313
core   0: 3 0x800000a8 (0xec7b0b13) x22 0xdbf7fec7
core   0: 0x800000ac (0x17d4cbb7) lui     s7, 0x17d4c
core   0: 3 0x800000ac (0x17d4cbb7) x23 0x17d4c000
core   0: 0x800000b0 (0xd3fb8b93) addi    s7, s7, -705
core   0: 3 0x800000b0 (0xd3fb8b93) x23 0x17d4bd3f
core   0: 0x800000b4 (0x80000c37) lui     s8, 0x80000
core   0: 3 0x800000b4 (0x80000c37) x24 0x80000000
core   0: 0x800000b8 (0x00004ca9) c.li    s9, 10
core   0: 3 0x800000b8 (0x4ca9) x25 0x0000000a
core   0: 0x800000ba (0x00004d25) c.li    s10, 9
core   0: 3 0x800000ba (0x4d25) x26 0x00000009
core   0: 0x800000bc (0x80000db7) lui     s11, 0x80000
core   0: 3 0x800000bc (0x80000db7) x27 0x80000000
core   0: 0x800000c0 (0x00004e3d) c.li    t3, 15
core   0: 3 0x800000c0 (0x4e3d) x28 0x0000000f
core   0: 0x800000c2 (0x00004e95) c.li    t4, 5
core   0: 3 0x800000c2 (0x4e95) x29 0x00000005
core   0: 0x800000c4 (0x00004f01) c.li    t5, 0
core   0: 3 0x800000c4 (0x4f01) x30 0x00000000
core   0: 0x800000c6 (0x40e6afb7) lui     t6, 0x40e6a
core   0: 3 0x800000c6 (0x40e6afb7) x31 0x40e6a000
core   0: 0x800000ca (0x191f8f93) addi    t6, t6, 401
core   0: 3 0x800000ca (0x191f8f93) x31 0x40e6a191
core   0: 0x800000ce (0x00026917) auipc   s2, 0x26
core   0: 3 0x800000ce (0x00026917) x18 0x800260ce
core   0: 0x800000d2 (0xd9690913) addi    s2, s2, -618
core   0: 3 0x800000d2 (0xd9690913) x18 0x80025e64
core   0: 0x800000d6 (0x004000ef) jal     pc + 0x4
core   0: 3 0x800000d6 (0x004000ef) x1  0x800000da
core   0: 0x800000da (0x00002821) c.jal   pc + 24
core   0: 3 0x800000da (0x2821) x1  0x800000dc
core   0: 0x800000f2 (0x0000bfdd) c.j     pc - 10
core   0: 3 0x800000f2 (0xbfdd)
core   0: 0x800000e8 (0x0000a801) c.j     pc + 16
core   0: 3 0x800000e8 (0xa801)
core   0: 0x800000f8 (0x0000a01d) c.j     pc + 38
core   0: 3 0x800000f8 (0xa01d)
core   0: 0x8000011e (0x0000bfcd) c.j     pc - 14
core   0: 3 0x8000011e (0xbfcd)
core   0: 0x80000110 (0x0000bff5) c.j     pc - 4
core   0: 3 0x80000110 (0xbff5)
core   0: 0x8000010c (0xfd1ff0ef) jal     pc - 0x30
core   0: 3 0x8000010c (0xfd1ff0ef) x1  0x80000110
core   0: 0x800000dc (0x04a000ef) jal     pc + 0x4a
core   0: 3 0x800000dc (0x04a000ef) x1  0x800000e0
core   0: 0x80000126 (0x0000b7c5) c.j     pc - 32
core   0: 3 0x80000126 (0xb7c5)
core   0: 0x80000106 (0x00002031) c.jal   pc + 12
core   0: 3 0x80000106 (0x2031) x1  0x80000108
core   0: 0x80000112 (0xff7ff8ef) jal     a7, pc - 0xa
core   0: 3 0x80000112 (0xff7ff8ef) x17 0x80000116
core   0: 0x80000108 (0x0000bfed) c.j     pc - 6
core   0: 3 0x80000108 (0xbfed)
core   0: 0x80000102 (0xfe3ff86f) jal     a6, pc - 0x1e
core   0: 3 0x80000102 (0xfe3ff86f) x16 0x80000106
core   0: 0x800000e4 (0x0060026f) jal     tp, pc + 0x6
core   0: 3 0x800000e4 (0x0060026f) x4  0x800000e8
core   0: 0x800000ea (0x038000ef) jal     pc + 0x38
core   0: 3 0x800000ea (0x038000ef) x1  0x800000ee
core   0: 0x80000122 (0x00003fc9) c.jal   pc - 46
core   0: 3 0x80000122 (0x3fc9) x1  0x80000124
core   0: 0x800000f4 (0x0000200d) c.jal   pc + 34
core   0: 3 0x800000f4 (0x200d) x1  0x800000f6
core   0: 0x80000116 (0x006000ef) jal     pc + 0x6
core   0: 3 0x80000116 (0x006000ef) x1  0x8000011a
core   0: 0x8000011c (0x000037d1) c.jal   pc - 60
core   0: 3 0x8000011c (0x37d1) x1  0x8000011e
core   0: 0x800000e0 (0x02a000ef) jal     pc + 0x2a
core   0: 3 0x800000e0 (0x02a000ef) x1  0x800000e4
core   0: 0x8000010a (0x000037d5) c.jal   pc - 28
core   0: 3 0x8000010a (0x37d5) x1  0x8000010c
core   0: 0x800000ee (0x012000ef) jal     pc + 0x12
core   0: 3 0x800000ee (0x012000ef) x1  0x800000f2
core   0: 0x80000100 (0x00003ff5) c.jal   pc - 4
core   0: 3 0x80000100 (0x3ff5) x1  0x80000102
core   0: 0x800000fc (0x00002025) c.jal   pc + 40
core   0: 3 0x800000fc (0x2025) x1  0x800000fe
core   0: 0x80000124 (0x00003fd9) c.jal   pc - 42
core   0: 3 0x80000124 (0x3fd9) x1  0x80000126
core   0: 0x800000fa (0x00002011) c.jal   pc + 4
core   0: 3 0x800000fa (0x2011) x1  0x800000fc
core   0: 0x800000fe (0x0000a00d) c.j     pc + 34
core   0: 3 0x800000fe (0xa00d)
core   0: 0x80000120 (0x00003fd9) c.jal   pc - 42
core   0: 3 0x80000120 (0x3fd9) x1  0x80000122
core   0: 0x800000f6 (0x0000a015) c.j     pc + 36
core   0: 3 0x800000f6 (0xa015)
core   0: 0x8000011a (0x0000a039) c.j     pc + 14
core   0: 3 0x8000011a (0xa039)
core   0: 0x80000128 (0x00008ca1) c.xor   s1, s0
core   0: 3 0x80000128 (0x8ca1) x9  0x00000000
core   0: 0x8000012a (0x00011117) auipc   sp, 0x11
core   0: 3 0x8000012a (0x00011117) x2  0x8001112a
core   0: 0x8000012e (0xdec10113) addi    sp, sp, -532
core   0: 3 0x8000012e (0xdec10113) x2  0x80010f16
core   0: 0x80000132 (0xfe7109a3) sb      t2, -13(sp)
core   0: 3 0x80000132 (0xfe7109a3) mem 0x80010f09 0x1f
core   0: 0x80000136 (0x10cac093) xori    ra, s5, 268
core   0: 3 0x80000136 (0x10cac093) x1  0x8000010c
core   0: 0x8000013a (0xfe911d23) sh      s1, -6(sp)
core   0: 3 0x8000013a (0xfe911d23) mem 0x80010f10 0x0000
core   0: 0x8000013e (0x02a0e9b3) rem     s3, ra, a0
core   0: 3 0x8000013e (0x02a0e9b3) x19 0x8000010c
core   0: 0x80000142 (0x00910f03) lb      t5, 9(sp)
core   0: 3 0x80000142 (0x00910f03) x30 0x0000006f mem 0x80010f1f
core   0: 0x80000146 (0x00a12203) lw      tp, 10(sp)
core   0: 3 0x80000146 (0x00a12203) x4  0x16245697 mem 0x80010f20
core   0: 0x8000014a (0xfe0109a3) sb      zero, -13(sp)
core   0: 3 0x8000014a (0xfe0109a3) mem 0x80010f09 0x00
core   0: 0x8000014e (0x00f10f83) lb      t6, 15(sp)
core   0: 3 0x8000014e (0x00f10f83) x31 0xffffffcc mem 0x80010f25
core   0: 0x80000152 (0x00f14303) lbu     t1, 15(sp)
core   0: 3 0x80000152 (0x00f14303) x6  0x000000cc mem 0x80010f25
core   0: 0x80000156 (0x00d106a3) sb      a3, 13(sp)
core   0: 3 0x80000156 (0x00d106a3) mem 0x80010f23 0x00
core   0: 0x8000015a (0x014effb3) and     t6, t4, s4
core   0: 3 0x8000015a (0x014effb3) x31 0x00000004
core   0: 0x8000015e (0x000d8fb3) add     t6, s11, zero
core   0: 3 0x8000015e (0x000d8fb3) x31 0x80000000
core   0: 0x80000162 (0xfe710e23) sb      t2, -4(sp)
core   0: 3 0x80000162 (0xfe710e23) mem 0x80010f12 0x1f
core   0: 0x80000166 (0xff211c03) lh      s8, -14(sp)
core   0: 3 0x80000166 (0xff211c03) x24 0x000000dd mem 0x80010f08
core   0: 0x8000016a (0x00d10423) sb      a3, 8(sp)
core   0: 3 0x8000016a (0x00d10423) mem 0x80010f1e 0x00
core   0: 0x8000016e (0x00e12583) lw      a1, 14(sp)
core   0: 3 0x8000016e (0x00e12583) x11 0x9af6cc22 mem 0x80010f24
core   0: 0x80000172 (0xff814803) lbu     a6, -8(sp)
core   0: 3 0x80000172 (0xff814803) x16 0x00000021 mem 0x80010f0e
core   0: 0x80000176 (0x40990e33) sub     t3, s2, s1
core   0: 3 0x80000176 (0x40990e33) x28 0x80025e64
core   0: 0x8000017a (0x55d63c93) sltiu   s9, a2, 1373
core   0: 3 0x8000017a (0x55d63c93) x25 0x00000001
core   0: 0x8000017e (0x0de3ab13) slti    s6, t2, 222
core   0: 3 0x8000017e (0x0de3ab13) x22 0x00000000
core   0: 0x80000182 (0xff910303) lb      t1, -7(sp)
core   0: 3 0x80000182 (0xff910303) x6  0xffffff90 mem 0x80010f0f
core   0: 0x80000186 (0xffa11003) lh      zero, -6(sp)
core   0: 3 0x80000186 (0xffa11003) mem 0x80010f10
core   0: 0x8000018a (0x037f4433) div     s0, t5, s7
core   0: 3 0x8000018a (0x037f4433) x8  0x00000000
core   0: 0x8000018e (0x00d12723) sw      a3, 14(sp)
core   0: 3 0x8000018e (0x00d12723) mem 0x80010f24 0x80000000
core   0: 0x80000192 (0xff714183) lbu     gp, -9(sp)
core   0: 3 0x80000192 (0xff714183) x3  0x0000004c mem 0x80010f0d
core   0: 0x80000196 (0x00f14f03) lbu     t5, 15(sp)
core   0: 3 0x80000196 (0x00f14f03) x30 0x00000000 mem 0x80010f25
core   0: 0x8000019a (0x01cc50b3) srl     ra, s8, t3
core   0: 3 0x8000019a (0x01cc50b3) x1  0x0000000d
core   0: 0x8000019e (0x00547d33) and     s10, s0, t0
core   0: 3 0x8000019e (0x00547d33) x26 0x00000000
core   0: 0x800001a2 (0x00008441) c.srai  s0, 16
core   0: 3 0x800001a2 (0x8441) x8  0x00000000
core   0: 0x800001a4 (0xffb10b83) lb      s7, -5(sp)
core   0: 3 0x800001a4 (0xffb10b83) x23 0x00000000 mem 0x80010f11
core   0: 0x800001a8 (0x40ef2413) slti    s0, t5, 1038
core   0: 3 0x800001a8 (0x40ef2413) x8  0x00000001
core   0: 0x800001ac (0x00811803) lh      a6, 8(sp)
core   0: 3 0x800001ac (0x00811803) x16 0x00006f00 mem 0x80010f1e
core   0: 0x800001b0 (0xff210683) lb      a3, -14(sp)
core   0: 3 0x800001b0 (0xff210683) x13 0xffffffdd mem 0x80010f08
core   0: 0x800001b4 (0x03c834b3) mulhu   s1, a6, t3
core   0: 3 0x800001b4 (0x03c834b3) x9  0x00003781
core   0: 0x800001b8 (0xe93d7c13) andi    s8, s10, -365
core   0: 3 0x800001b8 (0xe93d7c13) x24 0x00000000
core   0: 0x800001bc (0xff710ea3) sb      s7, -3(sp)
core   0: 3 0x800001bc (0xff710ea3) mem 0x80010f13 0x00
core   0: 0x800001c0 (0x02c587b3) mul     a5, a1, a2
core   0: 3 0x800001c0 (0x02c587b3) x15 0x00000000
core   0: 0x800001c4 (0x00510883) lb      a7, 5(sp)
core   0: 3 0x800001c4 (0x00510883) x17 0xfffffff1 mem 0x80010f1b
core   0: 0x800001c8 (0xff610823) sb      s6, -16(sp)
core   0: 3 0x800001c8 (0xff610823) mem 0x80010f06 0x00
core   0: 0x800001cc (0x0180d9b3) srl     s3, ra, s8
core   0: 3 0x800001cc (0x0180d9b3) x19 0x0000000d
core   0: 0x800001d0 (0x0000982a) c.add   a6, a0
core   0: 3 0x800001d0 (0x982a) x16 0x80006f00
core   0: 0x800001d2 (0xffa15003) lhu     zero, -6(sp)
core   0: 3 0x800001d2 (0xffa15003) mem 0x80010f10
core   0: 0x800001d6 (0x00008011) c.srli  s0, 4
core   0: 3 0x800001d6 (0x8011) x8  0x00000000
core   0: 0x800001d8 (0xff212783) lw      a5, -14(sp)
core   0: 3 0x800001d8 (0xff212783) x15 0x40b400dd mem 0x80010f08
core   0: 0x800001dc (0x00c11f83) lh      t6, 12(sp)
core   0: 3 0x800001dc (0x00c11f83) x31 0x00000024 mem 0x80010f22
core   0: 0x800001e0 (0x00010d97) auipc   s11, 0x10
core   0: 3 0x800001e0 (0x00010d97) x27 0x800101e0
core   0: 0x800001e4 (0x7f6d8d93) addi    s11, s11, 2038
core   0: 3 0x800001e4 (0x7f6d8d93) x27 0x800109d6
core   0: 0x800001e8 (0xfc0d9823) sh      zero, -48(s11)
core   0: 3 0x800001e8 (0xfc0d9823) mem 0x800109a6 0x0000
core   0: 0x800001ec (0x000085ae) c.mv    a1, a1
core   0: 3 0x800001ec (0x85ae) x11 0x9af6cc22
core   0: 0x800001ee (0xfe2da883) lw      a7, -30(s11)
core   0: 3 0x800001ee (0xfe2da883) x17 0xa3188926 mem 0x800109b8
core   0: 0x800001f2 (0x022dde03) lhu     t3, 34(s11)
core   0: 3 0x800001f2 (0x022dde03) x28 0x00006e56 mem 0x800109f8
core   0: 0x800001f6 (0xfdad9003) lh      zero, -38(s11)
core   0: 3 0x800001f6 (0xfdad9003) mem 0x800109b0
core   0: 0x800001fa (0xfebd8883) lb      a7, -21(s11)
core   0: 3 0x800001fa (0xfebd8883) x17 0xffffff91 mem 0x800109c1
core   0: 0x800001fe (0x02fd8623) sb      a5, 44(s11)
core   0: 3 0x800001fe (0x02fd8623) mem 0x80010a02 0xdd
core   0: 0x80000202 (0x00004e29) c.li    t3, 10
core   0: 3 0x80000202 (0x4e29) x28 0x0000000a
core   0: 0x80000204 (0x03c7b5b3) mulhu   a1, a5, t3
core   0: 3 0x80000204 (0x03c7b5b3) x11 0x00000002
core   0: 0x80000208 (0x00008ed5) c.or    a3, a3
core   0: 3 0x80000208 (0x8ed5) x13 0xffffffdd
core   0: 0x8000020a (0xfdddc583) lbu     a1, -35(s11)
core   0: 3 0x8000020a (0xfdddc583) x11 0x000000d2 mem 0x800109b3
core   0: 0x8000020e (0x02f8fe33) remu    t3, a7, a5
core   0: 3 0x8000020e (0x02f8fe33) x28 0x3de3fcfa
core   0: 0x80000212 (0xfd5dce03) lbu     t3, -43(s11)
core   0: 3 0x80000212 (0xfd5dce03) x28 0x000000e0 mem 0x800109ab
core   0: 0x80000216 (0xffcd8fa3) sb      t3, -1(s11)
core   0: 3 0x80000216 (0xffcd8fa3) mem 0x800109d5 0xe0
core   0: 0x8000021a (0x01cd9e03) lh      t3, 28(s11)
core   0: 3 0x8000021a (0x01cd9e03) x28 0xffffbe0c mem 0x800109f2
core   0: 0x8000021e (0xfead8883) lb      a7, -22(s11)
core   0: 3 0x8000021e (0xfead8883) x17 0xffffffb0 mem 0x800109c0
core   0: 0x80000222 (0x00008eb5) c.xor   a3, a3
core   0: 3 0x80000222 (0x8eb5) x13 0x00000000
core   0: 0x80000224 (0x00fe28b3) slt     a7, t3, a5
core   0: 3 0x80000224 (0x00fe28b3) x17 0x00000001
core   0: 0x80000228 (0x032d9883) lh      a7, 50(s11)
core   0: 3 0x80000228 (0x032d9883) x17 0xfffff9b9 mem 0x80010a08
core   0: 0x8000022c (0x024dde03) lhu     t3, 36(s11)
core   0: 3 0x8000022c (0x024dde03) x28 0x00009e72 mem 0x800109fa
core   0: 0x80000230 (0x02ddc583) lbu     a1, 45(s11)
core   0: 3 0x80000230 (0x02ddc583) x11 0x000000ed mem 0x80010a03
core   0: 0x80000234 (0xfd6d9583) lh      a1, -42(s11)
core   0: 3 0x80000234 (0xfd6d9583) x11 0x000047f7 mem 0x800109ac
core   0: 0x80000238 (0xfdcd86a3) sb      t3, -51(s11)
core   0: 3 0x80000238 (0xfdcd86a3) mem 0x800109a3 0x72
core   0: 0x8000023c (0x00dd9823) sh      a3, 16(s11)
core   0: 3 0x8000023c (0x00dd9823) mem 0x800109e6 0x0000
core   0: 0x80000240 (0x000008fa) c.slli  a7, 30
core   0: 3 0x80000240 (0x08fa) x17 0x40000000
core   0: 0x80000242 (0xfcdd8ea3) sb      a3, -35(s11)
core   0: 3 0x80000242 (0xfcdd8ea3) mem 0x800109b3 0x00
core   0: 0x80000246 (0x03ed8e03) lb      t3, 62(s11)
core   0: 3 0x80000246 (0x03ed8e03) x28 0x00000071 mem 0x80010a14
core   0: 0x8000024a (0xfccdc003) lbu     zero, -52(s11)
core   0: 3 0x8000024a (0xfccdc003) mem 0x800109a2
core   0: 0x8000024e (0xfedd9023) sh      a3, -32(s11)
core   0: 3 0x8000024e (0xfedd9023) mem 0x800109b6 0x0000
core   0: 0x80000252 (0x000087be) c.mv    a5, a5
core   0: 3 0x80000252 (0x87be) x15 0x40b400dd
core   0: 0x80000254 (0x0008f8b3) and     a7, a7, zero
core   0: 3 0x80000254 (0x0008f8b3) x17 0x00000000
core   0: 0x80000258 (0x00008d8d) c.sub   a1, a1
core   0: 3 0x80000258 (0x8d8d) x11 0x00000000
core   0: 0x8000025a (0x02b8c6b3) div     a3, a7, a1
core   0: 3 0x8000025a (0x02b8c6b3) x13 0xffffffff
core   0: 0x8000025e (0x000087d1) c.srai  a5, 20
core   0: 3 0x8000025e (0x87d1) x15 0x0000040b
core   0: 0x80000260 (0x41ce57b3) sra     a5, t3, t3
core   0: 3 0x80000260 (0x41ce57b3) x15 0x00000000
core   0: 0x80000264 (0xfd0dc883) lbu     a7, -48(s11)
core   0: 3 0x80000264 (0xfd0dc883) x17 0x00000000 mem 0x800109a6
core   0: 0x80000268 (0x020d81a3) sb      zero, 35(s11)
core   0: 3 0x80000268 (0x020d81a3) mem 0x800109f9 0x00
core   0: 0x8000026c (0x002dc883) lbu     a7, 2(s11)
core   0: 3 0x8000026c (0x002dc883) x17 0x0000001d mem 0x800109d8
core   0: 0x80000270 (0x027d8583) lb      a1, 39(s11)
core   0: 3 0x80000270 (0x027d8583) x11 0x0000005c mem 0x800109fd
core   0: 0x80000274 (0x027d8783) lb      a5, 39(s11)
core   0: 3 0x80000274 (0x027d8783) x15 0x0000005c mem 0x800109fd
core   0: 0x80000278 (0x00011197) auipc   gp, 0x11
core   0: 3 0x80000278 (0x00011197) x3  0x80011278
core   0: 0x8000027c (0xdc118193) addi    gp, gp, -575
core   0: 3 0x8000027c (0xdc118193) x3  0x80011039
core   0: 0x80000280 (0x00000001) c.nop
core   0: 3 0x80000280 (0x0001)
core   0: 0x80000282 (0x02e6c8b3) div     a7, a3, a4
core   0: 3 0x80000282 (0x02e6c8b3) x17 0x00000000
core   0: 0x80000286 (0xff21c883) lbu     a7, -14(gp)
core   0: 3 0x80000286 (0xff21c883) x17 0x0000003b mem 0x8001102b
core   0: 0x8000028a (0x71a2f893) andi    a7, t0, 1818
core   0: 3 0x8000028a (0x71a2f893) x17 0x00000512
core   0: 0x8000028e (0x02f885b3) mul     a1, a7, a5
core   0: 3 0x8000028e (0x02f885b3) x11 0x0001d278
core   0: 0x80000292 (0x1dc5a693) slti    a3, a1, 476
core   0: 3 0x80000292 (0x1dc5a693) x13 0x00000000
core   0: 0x80000296 (0xff91d883) lhu     a7, -7(gp)
core   0: 3 0x80000296 (0xff91d883) x17 0x0000b47f mem 0x80011032
core   0: 0x8000029a (0x02d6b6b3) mulhu   a3, a3, a3
core   0: 3 0x8000029a (0x02d6b6b3) x13 0x00000000
core   0: 0x8000029e (0xfed18b23) sb      a3, -10(gp)
core   0: 3 0x8000029e (0xfed18b23) mem 0x8001102f 0x00
core   0: 0x800002a2 (0x02d725b3) mulhsu  a1, a4, a3
core   0: 3 0x800002a2 (0x02d725b3) x11 0x00000000
core   0: 0x800002a6 (0xfef18923) sb      a5, -14(gp)
core   0: 3 0x800002a6 (0xfef18923) mem 0x8001102b 0x5c
core   0: 0x800002aa (0xc2a5b893) sltiu   a7, a1, -982
core   0: 3 0x800002aa (0xc2a5b893) x17 0x00000001
core   0: 0x800002ae (0xff719683) lh      a3, -9(gp)
core   0: 3 0x800002ae (0xff719683) x13 0xffffc4e7 mem 0x80011030
core   0: 0x800002b2 (0x0257a8b3) mulhsu  a7, a5, t0
core   0: 3 0x800002b2 (0x0257a8b3) x17 0x00000004
core   0: 0x800002b6 (0xfeb19da3) sh      a1, -5(gp)
core   0: 3 0x800002b6 (0xfeb19da3) mem 0x80011034 0x0000
core   0: 0x800002ba (0xa1777713) andi    a4, a4, -1513
core   0: 3 0x800002ba (0xa1777713) x14 0x80000000
core   0: 0x800002be (0x02f748b3) div     a7, a4, a5
core   0: 3 0x800002be (0x02f748b3) x17 0xfe9bd37b
core   0: 0x800002c2 (0x00008715) c.srai  a4, 5
core   0: 3 0x800002c2 (0x8715) x14 0xfc000000
core   0: 0x800002c4 (0x01159733) sll     a4, a1, a7
core   0: 3 0x800002c4 (0x01159733) x14 0x00000000
core   0: 0x800002c8 (0x02e782b3) mul     t0, a5, a4
core   0: 3 0x800002c8 (0x02e782b3) x5  0x00000000
core   0: 0x800002cc (0xff118c23) sb      a7, -8(gp)
core   0: 3 0x800002cc (0xff118c23) mem 0x80011031 0x7b
core   0: 0x800002d0 (0x0001c703) lbu     a4, 0(gp)
core   0: 3 0x800002d0 (0x0001c703) x14 0x00000034 mem 0x80011039
core   0: 0x800002d4 (0x00000001) c.nop
core   0: 3 0x800002d4 (0x0001)
core   0: 0x800002d6 (0x00d892b3) sll     t0, a7, a3
core   0: 3 0x800002d6 (0x00d892b3) x5  0x4de9bd80
core   0: 0x800002da (0x00518323) sb      t0, 6(gp)
core   0: 3 0x800002da (0x00518323) mem 0x8001103f 0x80
core   0: 0x800002de (0xff11d883) lhu     a7, -15(gp)
core   0: 3 0x800002de (0xff11d883) x17 0x00005c35 mem 0x8001102a
core   0: 0x800002e2 (0xd827e713) ori     a4, a5, -638
core   0: 3 0x800002e2 (0xd827e713) x14 0xfffffdde
core   0: 0x800002e6 (0x00718883) lb      a7, 7(gp)
core   0: 3 0x800002e6 (0x00718883) x17 0x00000006 mem 0x80011040
core   0: 0x800002ea (0xfe518923) sb      t0, -14(gp)
core   0: 3 0x800002ea (0xfe518923) mem 0x8001102b 0x80
core   0: 0x800002ee (0x000062f1) c.lui   t0, 0x1c
core   0: 3 0x800002ee (0x62f1) x5  0x0001c000
core   0: 0x800002f0 (0x0041c883) lbu     a7, 4(gp)
core   0: 3 0x800002f0 (0x0041c883) x17 0x000000b3 mem 0x8001103d
core   0: 0x800002f4 (0x00f182a3) sb      a5, 5(gp)
core   0: 3 0x800002f4 (0x00f182a3) mem 0x8001103e 0x5c
core   0: 0x800002f8 (0xff118c23) sb      a7, -8(gp)
core   0: 3 0x800002f8 (0xff118c23) mem 0x80011031 0xb3
core   0: 0x800002fc (0xff919583) lh      a1, -7(gp)
core   0: 3 0x800002fc (0xff919583) x11 0xffffb47f mem 0x80011032
core   0: 0x80000300 (0x016000ef) jal     pc + 0x16
core   0: 3 0x80000300 (0x016000ef) x1  0x80000304
core   0: 0x80000316 (0x0000a011) c.j     pc + 4
core   0: 3 0x80000316 (0xa011)
core   0: 0x8000031a (0x0000bfed) c.j     pc - 6
core   0: 3 0x8000031a (0xbfed)
core   0: 0x80000314 (0x0000a031) c.j     pc + 12
core   0: 3 0x80000314 (0xa031)
core   0: 0x80000320 (0x0000a031) c.j     pc + 12
core   0: 3 0x80000320 (0xa031)
core   0: 0x8000032c (0xfddff0ef) jal     pc - 0x24
core   0: 3 0x8000032c (0xfddff0ef) x1  0x80000330
core   0: 0x80000308 (0x0000a819) c.j     pc + 22
core   0: 3 0x80000308 (0xa819)
core   0: 0x8000031e (0x000037dd) c.jal   pc - 26
core   0: 3 0x8000031e (0x37dd) x1  0x80000320
core   0: 0x80000304 (0x0000282d) c.jal   pc + 58
core   0: 3 0x80000304 (0x282d) x1  0x80000306
core   0: 0x8000033e (0x0000b7f1) c.j     pc - 52
core   0: 3 0x8000033e (0xb7f1)
core   0: 0x8000030a (0x00600bef) jal     s7, pc + 0x6
core   0: 3 0x8000030a (0x00600bef) x23 0x8000030e
core   0: 0x80000310 (0x00002031) c.jal   pc + 12
core   0: 3 0x80000310 (0x2031) x1  0x80000312
core   0: 0x8000031c (0x0000a005) c.j     pc + 32
core   0: 3 0x8000031c (0xa005)
core   0: 0x8000033c (0x000037e5) c.jal   pc - 24
core   0: 3 0x8000033c (0x37e5) x1  0x8000033e
core   0: 0x80000324 (0xfffff0ef) jal     pc - 0x2
core   0: 3 0x80000324 (0xfffff0ef) x1  0x80000328
core   0: 0x80000322 (0x00002019) c.jal   pc + 6
core   0: 3 0x80000322 (0x2019) x1  0x80000324
core   0: 0x80000328 (0x00003fc5) c.jal   pc - 16
core   0: 3 0x80000328 (0x3fc5) x1  0x8000032a
core   0: 0x80000318 (0x0000a829) c.j     pc + 26
core   0: 3 0x80000318 (0xa829)
core   0: 0x80000332 (0xfffff76f) jal     a4, pc - 0x2
core   0: 3 0x80000332 (0xfffff76f) x14 0x80000336
core   0: 0x80000330 (0x00002801) c.jal   pc + 16
core   0: 3 0x80000330 (0x2801) x1  0x80000332
core   0: 0x80000340 (0xff7ff36f) jal     t1, pc - 0xa
core   0: 3 0x80000340 (0xff7ff36f) x6  0x80000344
core   0: 0x80000336 (0x00003fd5) c.jal   pc - 12
core   0: 3 0x80000336 (0x3fd5) x1  0x80000338
core   0: 0x8000032a (0x0000a801) c.j     pc + 16
core   0: 3 0x8000032a (0xa801)
core   0: 0x8000033a (0x00003ffd) c.jal   pc - 2
core   0: 3 0x8000033a (0x3ffd) x1  0x8000033c
core   0: 0x80000338 (0x0000bfe9) c.j     pc - 38
core   0: 3 0x80000338 (0xbfe9)
core   0: 0x80000312 (0x00003fd5) c.jal   pc - 12
core   0: 3 0x80000312 (0x3fd5) x1  0x80000314
core   0: 0x80000306 (0x00002021) c.jal   pc + 8
core   0: 3 0x80000306 (0x2021) x1  0x80000308
core   0: 0x8000030e (0x0000a81d) c.j     pc + 54
core   0: 3 0x8000030e (0xa81d)
core   0: 0x80000344 (0x023f7593) andi    a1, t5, 35
core   0: 3 0x80000344 (0x023f7593) x11 0x00000000
core   0: 0x80000348 (0x0001c597) auipc   a1, 0x1c
core   0: 3 0x80000348 (0x0001c597) x11 0x8001c348
core   0: 0x8000034c (0x7e058593) addi    a1, a1, 2016
core   0: 3 0x8000034c (0x7e058593) x11 0x8001cb28
core   0: 0x80000350 (0x418208b3) sub     a7, tp, s8
core   0: 3 0x80000350 (0x418208b3) x17 0x16245697
core   0: 0x80000354 (0x74dd3c93) sltiu   s9, s10, 1869
core   0: 3 0x80000354 (0x74dd3c93) x25 0x00000001
core   0: 0x80000358 (0x00008ec5) c.or    a3, s1
core   0: 3 0x80000358 (0x8ec5) x13 0xfffff7e7
core   0: 0x8000035a (0x00e041b3) xor     gp, zero, a4
core   0: 3 0x8000035a (0x00e041b3) x3  0x80000336
core   0: 0x8000035e (0x9f25d803) lhu     a6, -1550(a1)
core   0: 3 0x8000035e (0x9f25d803) x16 0x000073de mem 0x8001c51a
core   0: 0x80000362 (0x0000997d) c.andi  a0, -1
core   0: 3 0x80000362 (0x997d) x10 0x80000000
core   0: 0x80000364 (0x01e53cb3) sltu    s9, a0, t5
core   0: 3 0x80000364 (0x01e53cb3) x25 0x00000000
core   0: 0x80000368 (0x3ae59203) lh      tp, 942(a1)
core   0: 3 0x80000368 (0x3ae59203) x4  0xfffff92b mem 0x8001ced6
core   0: 0x8000036c (0x018b9013) slli    zero, s7, 24
core   0: 3 0x8000036c (0x018b9013)
core   0: 0x80000370 (0x00008f6d) c.and   a4, a1
core   0: 3 0x80000370 (0x8f6d) x14 0x80000320
core   0: 0x80000372 (0x00d8bdb3) sltu    s11, a7, a3
core   0: 3 0x80000372 (0x00d8bdb3) x27 0x00000001
core   0: 0x80000376 (0x0000869d) c.srai  a3, 7
core   0: 3 0x80000376 (0x869d) x13 0xffffffef
core   0: 0x80000378 (0x0b458683) lb      a3, 180(a1)
core   0: 3 0x80000378 (0x0b458683) x13 0x0000000c mem 0x8001cbdc
core   0: 0x8000037c (0x7abd4397) auipc   t2, 0x7abd4
core   0: 3 0x8000037c (0x7abd4397) x7  0xfabd437c
core   0: 0x80000380 (0x00005cfd) c.li    s9, -1
core   0: 3 0x80000380 (0x5cfd) x25 0xffffffff
core   0: 0x80000382 (0x79258b03) lb      s6, 1938(a1)
core   0: 3 0x80000382 (0x79258b03) x22 0x00000065 mem 0x8001d2ba
core   0: 0x80000386 (0xf765d103) lhu     sp, -138(a1)
core   0: 3 0x80000386 (0xf765d103) x2  0x000096eb mem 0x8001ca9e
core   0: 0x8000038a (0x03ef5b33) divu    s6, t5, t5
core   0: 3 0x8000038a (0x03ef5b33) x22 0xffffffff
core   0: 0x8000038e (0x00006265) c.lui   tp, 0x19
core   0: 3 0x8000038e (0x6265) x4  0x00019000
core   0: 0x80000390 (0xf595a223) sw      s9, -188(a1)
core   0: 3 0x80000390 (0xf595a223) mem 0x8001ca6c 0xffffffff
core   0: 0x80000394 (0x5c35c203) lbu     tp, 1475(a1)
core   0: 3 0x80000394 (0x5c35c203) x4  0x00000015 mem 0x8001d0eb
core   0: 0x80000398 (0x0000717d) c.addi16sp sp, -16
core   0: 3 0x80000398 (0x717d) x2  0x000096db
core   0: 0x8000039a (0xd125c103) lbu     sp, -750(a1)
core   0: 3 0x8000039a (0xd125c103) x2  0x0000005d mem 0x8001c83a
core   0: 0x8000039e (0x95b5c083) lbu     ra, -1701(a1)
core   0: 3 0x8000039e (0x95b5c083) x1  0x000000c2 mem 0x8001c483
core   0: 0x800003a2 (0x01734f33) xor     t5, t1, s7
core   0: 3 0x800003a2 (0x01734f33) x30 0x0000004a
core   0: 0x800003a6 (0xdd059e83) lh      t4, -560(a1)
core   0: 3 0x800003a6 (0xdd059e83) x29 0x00007808 mem 0x8001c8f8
core   0: 0x800003aa (0x8325ce83) lbu     t4, -1998(a1)
core   0: 3 0x800003aa (0x8325ce83) x29 0x0000000a mem 0x8001c35a
core   0: 0x800003ae (0x3e2586a3) sb      sp, 1005(a1)
core   0: 3 0x800003ae (0x3e2586a3) mem 0x8001cf15 0x5d
core   0: 0x800003b2 (0x12b58403) lb      s0, 299(a1)
core   0: 3 0x800003b2 (0x12b58403) x8  0x00000045 mem 0x8001cc53
core   0: 0x800003b6 (0x00008ead) c.xor   a3, a1
core   0: 3 0x800003b6 (0x8ead) x13 0x8001cb24
core   0: 0x800003b8 (0x00008f71) c.and   a4, a2
core   0: 3 0x800003b8 (0x8f71) x14 0x00000000
core   0: 0x800003ba (0x48b584a3) sb      a1, 1161(a1)
core   0: 3 0x800003ba (0x48b584a3) mem 0x8001cfb1 0x28
core   0: 0x800003be (0x2fe5c283) lbu     t0, 766(a1)
core   0: 3 0x800003be (0x2fe5c283) x5  0x00000034 mem 0x8001ce26
core   0: 0x800003c2 (0x1645cd03) lbu     s10, 356(a1)
core   0: 3 0x800003c2 (0x1645cd03) x26 0x000000f2 mem 0x8001cc8c
core   0: 0x800003c6 (0x02e6d2b3) divu    t0, a3, a4
core   0: 3 0x800003c6 (0x02e6d2b3) x5  0xffffffff
core   0: 0x800003ca (0xf2758ba3) sb      t2, -201(a1)
core   0: 3 0x800003ca (0xf2758ba3) mem 0x8001ca5f 0x7c
core   0: 0x800003ce (0x73358483) lb      s1, 1843(a1)
core   0: 3 0x800003ce (0x73358483) x9  0xffffffa1 mem 0x8001d25b
core   0: 0x800003d2 (0x02c4fdb3) remu    s11, s1, a2
core   0: 3 0x800003d2 (0x02c4fdb3) x27 0xffffffa1
core   0: 0x800003d6 (0xb6a58123) sb      a0, -1182(a1)
core   0: 3 0x800003d6 (0xb6a58123) mem 0x8001c68a 0x00
core   0: 0x800003da (0xecc59a23) sh      a2, -300(a1)
core   0: 3 0x800003da (0xecc59a23) mem 0x8001c9fc 0x0000
core   0: 0x800003de (0x5315c383) lbu     t2, 1329(a1)
core   0: 3 0x800003de (0x5315c383) x7  0x00000026 mem 0x8001d059
core   0: 0x800003e2 (0x0000613d) c.addi16sp sp, 480
core   0: 3 0x800003e2 (0x613d) x2  0x0000023d
core   0: 0x800003e4 (0x0364beb3) mulhu   t4, s1, s6
core   0: 3 0x800003e4 (0x0364beb3) x29 0xffffffa0
core   0: 0x800003e8 (0x0f55c703) lbu     a4, 245(a1)
core   0: 3 0x800003e8 (0x0f55c703) x14 0x000000b4 mem 0x8001cc1d
core   0: 0x800003ec (0x00001480) c.addi4spn s0, sp, 608
core   0: 3 0x800003ec (0x1480) x8  0x0000049d
core   0: 0x800003ee (0x8b659c83) lh      s9, -1866(a1)
core   0: 3 0x800003ee (0x8b659c83) x25 0x000025c8 mem 0x8001c3de
core   0: 0x800003f2 (0x4cb5c783) lbu     a5, 1227(a1)
core   0: 3 0x800003f2 (0x4cb5c783) x15 0x00000059 mem 0x8001cff3
core   0: 0x800003f6 (0x00008ea5) c.xor   a3, s1
core   0: 3 0x800003f6 (0x8ea5) x13 0x7ffe3485
core   0: 0x800003f8 (0x1d558b03) lb      s6, 469(a1)
core   0: 3 0x800003f8 (0x1d558b03) x22 0xffffff89 mem 0x8001ccfd
core   0: 0x800003fc (0x80f24f93) xori    t6, tp, -2033
core   0: 3 0x800003fc (0x80f24f93) x31 0xfffff81a
core   0: 0x80000400 (0x67659183) lh      gp, 1654(a1)
core   0: 3 0x80000400 (0x67659183) x3  0xffffeacf mem 0x8001d19e
core   0: 0x80000404 (0x4415c483) lbu     s1, 1089(a1)
core   0: 3 0x80000404 (0x4415c483) x9  0x000000e1 mem 0x8001cf69
core   0: 0x80000408 (0x3b894e93) xori    t4, s2, 952
core   0: 3 0x80000408 (0x3b894e93) x29 0x80025ddc
core   0: 0x8000040c (0x0000886e) c.mv    a6, s11
core   0: 3 0x8000040c (0x886e) x16 0xffffffa1
core   0: 0x8000040e (0x02b4eab3) rem     s5, s1, a1
core   0: 3 0x8000040e (0x02b4eab3) x21 0x000000e1
core   0: 0x80000412 (0xe7359f23) sh      s3, -386(a1)
core   0: 3 0x80000412 (0xe7359f23) mem 0x8001c9a6 0x000d
core   0: 0x80000416 (0x00006109) c.addi16sp sp, 128
core   0: 3 0x80000416 (0x6109) x2  0x000002bd
core   0: 0x80000418 (0x51f5c183) lbu     gp, 1311(a1)
core   0: 3 0x80000418 (0x51f5c183) x3  0x0000002e mem 0x8001d047
core   0: 0x8000041c (0x40a0d2b3) sra     t0, ra, a0
core   0: 3 0x8000041c (0x40a0d2b3) x5  0x000000c2
core   0: 0x80000420 (0x6785a683) lw      a3, 1656(a1)
core   0: 3 0x80000420 (0x6785a683) x13 0x872d8af9 mem 0x8001d1a0
core   0: 0x80000424 (0x00010117) auipc   sp, 0x10
core   0: 3 0x80000424 (0x00010117) x2  0x80010424
core   0: 0x80000428 (0x0d210113) addi    sp, sp, 210
core   0: 3 0x80000428 (0x0d210113) x2  0x800104f6
core   0: 0x8000042c (0x00000001) c.nop
core   0: 3 0x8000042c (0x0001)
core   0: 0x8000042e (0xff011e83) lh      t4, -16(sp)
core   0: 3 0x8000042e (0xff011e83) x29 0x00001688 mem 0x800104e6
core   0: 0x80000432 (0x01a12723) sw      s10, 14(sp)
core   0: 3 0x80000432 (0x01a12723) mem 0x80010504 0x000000f2
core   0: 0x80000436 (0x000064a5) c.lui   s1, 0x9
core   0: 3 0x80000436 (0x64a5) x9  0x00009000
core   0: 0x80000438 (0x01090c33) add     s8, s2, a6
core   0: 3 0x80000438 (0x01090c33) x24 0x80025e05
core   0: 0x8000043c (0x00114683) lbu     a3, 1(sp)
core   0: 3 0x8000043c (0x00114683) x13 0x0000009b mem 0x800104f7
core   0: 0x80000440 (0xff910aa3) sb      s9, -11(sp)
core   0: 3 0x80000440 (0xff910aa3) mem 0x800104eb 0xc8
core   0: 0x80000444 (0x00615e03) lhu     t3, 6(sp)
core   0: 3 0x80000444 (0x00615e03) x28 0x0000d11f mem 0x800104fc
core   0: 0x80000448 (0x021b6b33) rem     s6, s6, ra
core   0: 3 0x80000448 (0x021b6b33) x22 0xffffff89
core   0: 0x8000044c (0x00001efd) c.addi  t4, -1
core   0: 3 0x8000044c (0x1efd) x29 0x00001687
core   0: 0x8000044e (0x00008ef1) c.and   a3, a2
core   0: 3 0x8000044e (0x8ef1) x13 0x00000000
core   0: 0x80000450 (0xffa11e03) lh      t3, -6(sp)
core   0: 3 0x80000450 (0xffa11e03) x28 0x00001a35 mem 0x800104f0
core   0: 0x80000454 (0xff514083) lbu     ra, -11(sp)
core   0: 3 0x80000454 (0xff514083) x1  0x000000c8 mem 0x800104eb
core   0: 0x80000458 (0xfe710a23) sb      t2, -12(sp)
core   0: 3 0x80000458 (0xfe710a23) mem 0x800104ea 0x26
core   0: 0x8000045c (0xff615983) lhu     s3, -10(sp)
core   0: 3 0x8000045c (0xff615983) x19 0x0000b104 mem 0x800104ec
core   0: 0x80000460 (0x032759b3) divu    s3, a4, s2
core   0: 3 0x80000460 (0x032759b3) x19 0x00000000
core   0: 0x80000464 (0x00000d06) c.slli  s10, 1
core   0: 3 0x80000464 (0x0d06) x26 0x000001e4
core   0: 0x80000466 (0x00005b7d) c.li    s6, -1
core   0: 3 0x80000466 (0x5b7d) x22 0xffffffff
core   0: 0x80000468 (0x00006465) c.lui   s0, 0x19
core   0: 3 0x80000468 (0x6465) x8  0x00019000
core   0: 0x8000046a (0x00000c32) c.slli  s8, 12
core   0: 3 0x8000046a (0x0c32) x24 0x25e05000
core   0: 0x8000046c (0x01e2d213) srli    tp, t0, 30
core   0: 3 0x8000046c (0x01e2d213) x4  0x00000000
core   0: 0x80000470 (0x02ddc1b3) div     gp, s11, a3
core   0: 3 0x80000470 (0x02ddc1b3) x3  0xffffffff
core   0: 0x80000474 (0x00815e83) lhu     t4, 8(sp)
core   0: 3 0x80000474 (0x00815e83) x29 0x00002800 mem 0x800104fe
core   0: 0x80000478 (0xff810e03) lb      t3, -8(sp)
core   0: 3 0x80000478 (0xff810e03) x28 0x0000003f mem 0x800104ee
core   0: 0x8000047c (0x01b10023) sb      s11, 0(sp)
core   0: 3 0x8000047c (0x01b10023) mem 0x800104f6 0xa1
core   0: 0x80000480 (0x00000001) c.nop
core   0: 3 0x80000480 (0x0001)
core   0: 0x80000482 (0xff514083) lbu     ra, -11(sp)
core   0: 3 0x80000482 (0xff514083) x1  0x000000c8 mem 0x800104eb
core   0: 0x80000486 (0xe6c3cd93) xori    s11, t2, -404
core   0: 3 0x80000486 (0xe6c3cd93) x27 0xfffffe4a
core   0: 0x8000048a (0x0000923a) c.add   tp, a4
core   0: 3 0x8000048a (0x923a) x4  0x000000b4
core   0: 0x8000048c (0x41c55033) sra     zero, a0, t3
core   0: 3 0x8000048c (0x41c55033)
core   0: 0x80000490 (0x00b10d03) lb      s10, 11(sp)
core   0: 3 0x80000490 (0x00b10d03) x26 0xffffff90 mem 0x80010501
core   0: 0x80000494 (0x035ebf33) mulhu   t5, t4, s5
core   0: 3 0x80000494 (0x035ebf33) x30 0x00000000
core   0: 0x80000498 (0x0000986e) c.add   a6, s11
core   0: 3 0x80000498 (0x986e) x16 0xfffffdeb
core   0: 0x8000049a (0x40c300b3) sub     ra, t1, a2
core   0: 3 0x8000049a (0x40c300b3) x1  0x80000344
core   0: 0x8000049e (0xff012b23) sw      a6, -10(sp)
core   0: 3 0x8000049e (0xff012b23) mem 0x800104ec 0xfffffdeb
core   0: 0x800004a2 (0x668afb13) andi    s6, s5, 1640
core   0: 3 0x800004a2 (0x668afb13) x22 0x00000060
core   0: 0x800004a6 (0x00712123) sw      t2, 2(sp)
core   0: 3 0x800004a6 (0x00712123) mem 0x800104f8 0x00000026
core   0: 0x800004aa (0xff810c03) lb      s8, -8(sp)
core   0: 3 0x800004aa (0xff810c03) x24 0xffffffff mem 0x800104ee
core   0: 0x800004ae (0x001104a3) sb      ra, 9(sp)
core   0: 3 0x800004ae (0x001104a3) mem 0x800104ff 0x44
core   0: 0x800004b2 (0x00008f71) c.and   a4, a2
core   0: 3 0x800004b2 (0x8f71) x14 0x00000000
core   0: 0x800004b4 (0x00000001) c.nop
core   0: 3 0x800004b4 (0x0001)
core   0: 0x800004b6 (0x0030e8b3) or      a7, ra, gp
core   0: 3 0x800004b6 (0x0030e8b3) x17 0xffffffff
core   0: 0x800004ba (0xff714683) lbu     a3, -9(sp)
core   0: 3 0x800004ba (0xff714683) x13 0x000000fd mem 0x800104ed
core   0: 0x800004be (0x03c95c33) divu    s8, s2, t3
core   0: 3 0x800004be (0x03c95c33) x24 0x02082a22
core   0: 0x800004c2 (0x01235893) srli    a7, t1, 18
core   0: 3 0x800004c2 (0x01235893) x17 0x00002000
core   0: 0x800004c6 (0xfea109a3) sb      a0, -13(sp)
core   0: 3 0x800004c6 (0xfea109a3) mem 0x800104e9 0x00
core   0: 0x800004ca (0x00b452b3) srl     t0, s0, a1
core   0: 3 0x800004ca (0x00b452b3) x5  0x00000190
core   0: 0x800004ce (0x00008c21) c.xor   s0, s0
core   0: 3 0x800004ce (0x8c21) x8  0x00000000
core   0: 0x800004d0 (0x00f102a3) sb      a5, 5(sp)
core   0: 3 0x800004d0 (0x00f102a3) mem 0x800104fb 0x59
core   0: 0x800004d4 (0xfe710a23) sb      t2, -12(sp)
core   0: 3 0x800004d4 (0xfe710a23) mem 0x800104ea 0x26
core   0: 0x800004d8 (0x82aa3a97) auipc   s5, 0x82aa3
core   0: 3 0x800004d8 (0x82aa3a97) x21 0x02aa34d8
core   0: 0x800004dc (0xff211d23) sh      s2, -6(sp)
core   0: 3 0x800004dc (0xff211d23) mem 0x800104f0 0x5e64
core   0: 0x800004e0 (0x00000001) c.nop
core   0: 3 0x800004e0 (0x0001)
core   0: 0x800004e2 (0x00b10483) lb      s1, 11(sp)
core   0: 3 0x800004e2 (0x00b10483) x9  0xffffff90 mem 0x80010501
core   0: 0x800004e6 (0x00005e61) c.li    t3, -8
core   0: 3 0x800004e6 (0x5e61) x28 0xfffffff8
core   0: 0x800004e8 (0x000097ce) c.add   a5, s3
core   0: 3 0x800004e8 (0x97ce) x15 0x00000059
core   0: 0x800004ea (0x00000095) c.addi  ra, 5
core   0: 3 0x800004ea (0x0095) x1  0x80000349
core   0: 0x800004ec (0xef996413) ori     s0, s2, -263
core   0: 3 0x800004ec (0xef996413) x8  0xfffffefd
core   0: 0x800004f0 (0x00005f7d) c.li    t5, -1
core   0: 3 0x800004f0 (0x5f7d) x30 0xffffffff
core   0: 0x800004f2 (0x00004fb9) c.li    t6, 14
core   0: 3 0x800004f2 (0x4fb9) x31 0x0000000e
core   0: 0x800004f4 (0xec426413) ori     s0, tp, -316
core   0: 3 0x800004f4 (0xec426413) x8  0xfffffef4
core   0: 0x800004f8 (0x031a06b3) mul     a3, s4, a7
core   0: 3 0x800004f8 (0x031a06b3) x13 0x539c8000
core   0: 0x800004fc (0x0004b833) sltu    a6, s1, zero
core   0: 3 0x800004fc (0x0004b833) x16 0x00000000
core   0: 0x80000500 (0x00000e19) c.addi  t3, 6
core   0: 3 0x80000500 (0x0e19) x28 0xfffffffe
core   0: 0x80000502 (0x0000525d) c.li    tp, -9
core   0: 3 0x80000502 (0x525d) x4  0xfffffff7
core   0: 0x80000504 (0x00cffeb3) and     t4, t6, a2
core   0: 3 0x80000504 (0x00cffeb3) x29 0x00000000
core   0: 0x80000508 (0x00004b85) c.li    s7, 1
core   0: 3 0x80000508 (0x4b85) x23 0x00000001
core   0: 0x8000050a (0x034019b3) mulh    s3, zero, s4
core   0: 3 0x8000050a (0x034019b3) x19 0x00000000
core   0: 0x8000050e (0x00005571) c.li    a0, -4
core   0: 3 0x8000050e (0x5571) x10 0xfffffffc
core   0: 0x80000510 (0x00008f85) c.sub   a5, s1
core   0: 3 0x80000510 (0x8f85) x15 0x000000c9
core   0: 0x80000512 (0x01c07033) and     zero, zero, t3
core   0: 3 0x80000512 (0x01c07033)
core   0: 0x80000516 (0x00d71333) sll     t1, a4, a3
core   0: 3 0x80000516 (0x00d71333) x6  0x00000000
core   0: 0x8000051a (0x00000219) c.addi  tp, 6
core   0: 3 0x8000051a (0x0219) x4  0xfffffffd
core   0: 0x8000051c (0x0330a1b3) mulhsu  gp, ra, s3
core   0: 3 0x8000051c (0x0330a1b3) x3  0x00000000
core   0: 0x80000520 (0xfea249e3) blt     tp, a0, pc - 14
core   0: 3 0x80000520 (0xfea249e3)
core   0: 0x80000524 (0x01956d33) or      s10, a0, s9
core   0: 3 0x80000524 (0x01956d33) x26 0xfffffffc
core   0: 0x80000528 (0x0345cdb3) div     s11, a1, s4
core   0: 3 0x80000528 (0x0345cdb3) x27 0x00000001
core   0: 0x8000052c (0x0177d013) srli    zero, a5, 23
core   0: 3 0x8000052c (0x0177d013)
core   0: 0x80000530 (0x00009866) c.add   a6, s9
core   0: 3 0x80000530 (0x9866) x16 0x000025c8
core   0: 0x80000532 (0x00001f94) c.addi4spn a3, sp, 1008
core   0: 3 0x80000532 (0x1f94) x13 0x800108e6
core   0: 0x80000534 (0xfdfe64e3) bltu    t3, t6, pc - 56
core   0: 3 0x80000534 (0xfdfe64e3)
core   0: 0x80000538 (0x7a802313) slti    t1, zero, 1960
core   0: 3 0x80000538 (0x7a802313) x6  0x00000001
core   0: 0x8000053c (0x000044a9) c.li    s1, 10
core   0: 3 0x8000053c (0x44a9) x9  0x0000000a
core   0: 0x8000053e (0x00000001) c.nop
core   0: 3 0x8000053e (0x0001)
core   0: 0x80000540 (0x0ad2d9b7) lui     s3, 0xad2d
core   0: 3 0x80000540 (0x0ad2d9b7) x19 0x0ad2d000
core   0: 0x80000544 (0x01b3d5b3) srl     a1, t2, s11
core   0: 3 0x80000544 (0x01b3d5b3) x11 0x00000013
core   0: 0x80000548 (0x000048a9) c.li    a7, 10
core   0: 3 0x80000548 (0x48a9) x17 0x0000000a
core   0: 0x8000054a (0x0085d1b3) srl     gp, a1, s0
core   0: 3 0x8000054a (0x0085d1b3) x3  0x00000000
core   0: 0x8000054e (0xd0bb8e13) addi    t3, s7, -757
core   0: 3 0x8000054e (0xd0bb8e13) x28 0xfffffd0c
core   0: 0x80000552 (0x00008021) c.srli  s0, 8
core   0: 3 0x80000552 (0x8021) x8  0x00fffffe
core   0: 0x80000554 (0x0000187d) c.addi  a6, -1
core   0: 3 0x80000554 (0x187d) x16 0x000025c7
core   0: 0x80000556 (0x02ae3cb3) mulhu   s9, t3, a0
core   0: 3 0x80000556 (0x02ae3cb3) x25 0xfffffd08
core   0: 0x8000055a (0x02d4bcb3) mulhu   s9, s1, a3
core   0: 3 0x8000055a (0x02d4bcb3) x25 0x00000005
core   0: 0x8000055e (0x40a8df33) sra     t5, a7, a0
core   0: 3 0x8000055e (0x40a8df33) x30 0x00000000
core   0: 0x80000562 (0x000014e1) c.addi  s1, -8
core   0: 3 0x80000562 (0x14e1) x9  0x00000002
core   0: 0x80000564 (0xff14f5e3) bgeu    s1, a7, pc - 22
core   0: 3 0x80000564 (0xff14f5e3)
core   0: 0x80000568 (0x00008efd) c.and   a3, a5
core   0: 3 0x80000568 (0x8efd) x13 0x000000c0
core   0: 0x8000056a (0x00018197) auipc   gp, 0x18
core   0: 3 0x8000056a (0x00018197) x3  0x8001856a
core   0: 0x8000056e (0x99018193) addi    gp, gp, -1648
core   0: 3 0x8000056e (0x99018193) x3  0x80017efa
core   0: 0x80000572 (0xfd118d03) lb      s10, -47(gp)
core   0: 3 0x80000572 (0xfd118d03) x26 0xffffffc7 mem 0x80017ecb
core   0: 0x80000576 (0x0348b4b3) mulhu   s1, a7, s4
core   0: 3 0x80000576 (0x0348b4b3) x9  0x00000005
core   0: 0x8000057a (0x017115b3) sll     a1, sp, s7
core   0: 3 0x8000057a (0x017115b3) x11 0x000209ec
core   0: 0x8000057e (0xfff1c883) lbu     a7, -1(gp)
core   0: 3 0x8000057e (0xfff1c883) x17 0x00000074 mem 0x80017ef9
core   0: 0x80000582 (0x011cf0b3) and     ra, s9, a7
core   0: 3 0x80000582 (0x011cf0b3) x1  0x00000004
core   0: 0x80000586 (0x00006159) c.addi16sp sp, 400
core   0: 3 0x80000586 (0x6159) x2  0x80010686
core   0: 0x80000588 (0x00000001) c.nop
core   0: 3 0x80000588 (0x0001)
core   0: 0x8000058a (0x00000001) c.nop
core   0: 3 0x8000058a (0x0001)
core   0: 0x8000058c (0xffd18383) lb      t2, -3(gp)
core   0: 3 0x8000058c (0xffd18383) x7  0x0000006b mem 0x80017ef7
core   0: 0x80000590 (0xfd118683) lb      a3, -47(gp)
core   0: 3 0x80000590 (0xfd118683) x13 0xffffffc7 mem 0x80017ecb
core   0: 0x80000594 (0x00008fc9) c.or    a5, a0
core   0: 3 0x80000594 (0x8fc9) x15 0xfffffffd
core   0: 0x80000596 (0x0000100c) c.addi4spn a1, sp, 32
core   0: 3 0x80000596 (0x100c) x11 0x800106a6
core   0: 0x80000598 (0x0066dc93) srli    s9, a3, 6
core   0: 3 0x80000598 (0x0066dc93) x25 0x03ffffff
core   0: 0x8000059c (0x0031cc83) lbu     s9, 3(gp)
core   0: 3 0x8000059c (0x0031cc83) x25 0x00000013 mem 0x80017efd
core   0: 0x800005a0 (0xfea18783) lb      a5, -22(gp)
core   0: 3 0x800005a0 (0xfea18783) x15 0x00000007 mem 0x80017ee4
core   0: 0x800005a4 (0x007e16b3) sll     a3, t3, t2
core   0: 3 0x800005a4 (0x007e16b3) x13 0xffe86000
core   0: 0x800005a8 (0x00008e8d) c.sub   a3, a1
core   0: 3 0x800005a8 (0x8e8d) x13 0x7fe7595a
core   0: 0x800005aa (0x00d18c83) lb      s9, 13(gp)
core   0: 3 0x800005aa (0x00d18c83) x25 0x0000003b mem 0x80017f07
core   0: 0x800005ae (0xffd18423) sb      t4, -24(gp)
core   0: 3 0x800005ae (0xffd18423) mem 0x80017ee2 0x00
core   0: 0x800005b2 (0x0111cd03) lbu     s10, 17(gp)
core   0: 3 0x800005b2 (0x0111cd03) x26 0x00000078 mem 0x80017f0b
core   0: 0x800005b6 (0x02819e03) lh      t3, 40(gp)
core   0: 3 0x800005b6 (0x02819e03) x28 0xffff8fc2 mem 0x80017f22
core   0: 0x800005ba (0x40e5d213) srai    tp, a1, 14
core   0: 3 0x800005ba (0x40e5d213) x4  0xfffe0004
core   0: 0x800005be (0x038c8333) mul     t1, s9, s8
core   0: 3 0x800005be (0x038c8333) x6  0x77e1b5d6
core   0: 0x800005c2 (0x03c18283) lb      t0, 60(gp)
core   0: 3 0x800005c2 (0x03c18283) x5  0xffffffaa mem 0x80017f36
core   0: 0x800005c6 (0x00006d39) c.lui   s10, 0xe
core   0: 3 0x800005c6 (0x6d39) x26 0x0000e000
core   0: 0x800005c8 (0x009180a3) sb      s1, 1(gp)
core   0: 3 0x800005c8 (0x009180a3) mem 0x80017efb 0x05
core   0: 0x800005cc (0x00000001) c.nop
core   0: 3 0x800005cc (0x0001)
core   0: 0x800005ce (0xce91e997) auipc   s3, 0xce91e
core   0: 3 0x800005ce (0xce91e997) x19 0x4e91e5ce
core   0: 0x800005d2 (0x00419c23) sh      tp, 24(gp)
core   0: 3 0x800005d2 (0x00419c23) mem 0x80017f12 0x0004
core   0: 0x800005d6 (0x0050e6b3) or      a3, ra, t0
core   0: 3 0x800005d6 (0x0050e6b3) x13 0xffffffae
core   0: 0x800005da (0x00419d23) sh      tp, 26(gp)
core   0: 3 0x800005da (0x00419d23) mem 0x80017f14 0x0004
core   0: 0x800005de (0xfda183a3) sb      s10, -57(gp)
core   0: 3 0x800005de (0xfda183a3) mem 0x80017ec1 0x00
core   0: 0x800005e2 (0x0288beb3) mulhu   t4, a7, s0
core   0: 3 0x800005e2 (0x0288beb3) x29 0x00000000
core   0: 0x800005e6 (0x0341a923) sw      s4, 50(gp)
core   0: 3 0x800005e6 (0x0341a923) mem 0x80017f2c 0x80029ce4
core   0: 0x800005ea (0xc2ea3113) sltiu   sp, s4, -978
core   0: 3 0x800005ea (0xc2ea3113) x2  0x00000001
core   0: 0x800005ee (0xfe819503) lh      a0, -24(gp)
core   0: 3 0x800005ee (0xfe819503) x10 0x00004a00 mem 0x80017ee2
core   0: 0x800005f2 (0x00a38b33) add     s6, t2, a0
core   0: 3 0x800005f2 (0x00a38b33) x22 0x00004a6b
core   0: 0x800005f6 (0xfe51c783) lbu     a5, -27(gp)
core   0: 3 0x800005f6 (0xfe51c783) x15 0x00000091 mem 0x80017edf
core   0: 0x800005fa (0xfc01cb03) lbu     s6, -64(gp)
core   0: 3 0x800005fa (0xfc01cb03) x22 0x00000048 mem 0x80017eba
core   0: 0x800005fe (0xfe219b03) lh      s6, -30(gp)
core   0: 3 0x800005fe (0xfe219b03) x22 0x000018c9 mem 0x80017edc
core   0: 0x80000602 (0x019181a3) sb      s9, 3(gp)
core   0: 3 0x80000602 (0x019181a3) mem 0x80017efd 0x3b
core   0: 0x80000606 (0x00010c97) auipc   s9, 0x10
core   0: 3 0x80000606 (0x00010c97) x25 0x80010606
core   0: 0x8000060a (0xc08c8c93) addi    s9, s9, -1016
core   0: 3 0x8000060a (0xc08c8c93) x25 0x8001020e
core   0: 0x8000060e (0xfcfc89a3) sb      a5, -45(s9)
core   0: 3 0x8000060e (0xfcfc89a3) mem 0x800101e1 0x91
core   0: 0x80000612 (0xfe2c9d83) lh      s11, -30(s9)
core   0: 3 0x80000612 (0xfe2c9d83) x27 0xfffff4d9 mem 0x800101f0
core   0: 0x80000616 (0x01cc9883) lh      a7, 28(s9)
core   0: 3 0x80000616 (0x01cc9883) x17 0xffff8616 mem 0x8001022a
core   0: 0x8000061a (0xfc7c87a3) sb      t2, -49(s9)
core   0: 3 0x8000061a (0xfc7c87a3) mem 0x800101dd 0x6b
core   0: 0x8000061e (0xfcbc87a3) sb      a1, -49(s9)
core   0: 3 0x8000061e (0xfcbc87a3) mem 0x800101dd 0xa6
core   0: 0x80000622 (0xfcdcc183) lbu     gp, -51(s9)
core   0: 3 0x80000622 (0xfcdcc183) x3  0x000000bd mem 0x800101db
core   0: 0x80000626 (0xfd5c8d03) lb      s10, -43(s9)
core   0: 3 0x80000626 (0xfd5c8d03) x26 0xffffffc7 mem 0x800101e3
core   0: 0x8000062a (0x00000e96) c.slli  t4, 5
core   0: 3 0x8000062a (0x0e96) x29 0x00000000
core   0: 0x8000062c (0xfcac8aa3) sb      a0, -43(s9)
core   0: 3 0x8000062c (0xfcac8aa3) mem 0x800101e3 0x00
core   0: 0x80000630 (0xfd2c89a3) sb      s2, -45(s9)
core   0: 3 0x80000630 (0xfd2c89a3) mem 0x800101e1 0x64
core   0: 0x80000634 (0x002cde03) lhu     t3, 2(s9)
core   0: 3 0x80000634 (0x002cde03) x28 0x0000a268 mem 0x80010210
core   0: 0x80000638 (0xfe8cd783) lhu     a5, -24(s9)
core   0: 3 0x80000638 (0xfe8cd783) x15 0x0000be51 mem 0x800101f6
core   0: 0x8000063c (0xfe8c9203) lh      tp, -24(s9)
core   0: 3 0x8000063c (0xfe8c9203) x4  0xffffbe51 mem 0x800101f6
core   0: 0x80000640 (0xfc4cd403) lhu     s0, -60(s9)
core   0: 3 0x80000640 (0xfc4cd403) x8  0x000060fe mem 0x800101d2
core   0: 0x80000644 (0xffccd983) lhu     s3, -4(s9)
core   0: 3 0x80000644 (0xffccd983) x19 0x0000e0ab mem 0x8001020a
core   0: 0x80000648 (0xffcc8d83) lb      s11, -4(s9)
core   0: 3 0x80000648 (0xffcc8d83) x27 0xffffffab mem 0x8001020a
core   0: 0x8000064c (0xffcc9783) lh      a5, -4(s9)
core   0: 3 0x8000064c (0xffcc9783) x15 0xffffe0ab mem 0x8001020a
core   0: 0x80000650 (0x002cc083) lbu     ra, 2(s9)
core   0: 3 0x80000650 (0x002cc083) x1  0x00000068 mem 0x80010210
core   0: 0x80000654 (0x01bca123) sw      s11, 2(s9)
core   0: 3 0x80000654 (0x01bca123) mem 0x80010210 0xffffffab
core   0: 0x80000658 (0x00005775) c.li    a4, -3
core   0: 3 0x80000658 (0x5775) x14 0xfffffffd
core   0: 0x8000065a (0x00000001) c.nop
core   0: 3 0x8000065a (0x0001)
core   0: 0x8000065c (0x00006141) c.addi16sp sp, 16
core   0: 3 0x8000065c (0x6141) x2  0x00000011
core   0: 0x8000065e (0x004e31b3) sltu    gp, t3, tp
core   0: 3 0x8000065e (0x004e31b3) x3  0x00000001
core   0: 0x80000662 (0x00009bfd) c.andi  a5, -1
core   0: 3 0x80000662 (0x9bfd) x15 0xffffe0ab
core   0: 0x80000664 (0x0368bdb3) mulhu   s11, a7, s6
core   0: 3 0x80000664 (0x0368bdb3) x27 0x000018c8
core   0: 0x80000668 (0x00000705) c.addi  a4, 1
core   0: 3 0x80000668 (0x0705) x14 0xfffffffe
core   0: 0x8000066a (0x0072beb3) sltu    t4, t0, t2
core   0: 3 0x8000066a (0x0072beb3) x29 0x00000000
core   0: 0x8000066e (0x03e1fe33) remu    t3, gp, t5
core   0: 3 0x8000066e (0x03e1fe33) x28 0x00000001
core   0: 0x80000672 (0x0000d775) c.beqz  a4, pc - 20
core   0: 3 0x80000672 (0xd775)
core   0: 0x80000674 (0x40d657b3) sra     a5, a2, a3
core   0: 3 0x80000674 (0x40d657b3) x15 0x00000000
core   0: 0x80000678 (0x000051e1) c.li    gp, -8
core   0: 3 0x80000678 (0x51e1) x3  0xfffffff8
core   0: 0x8000067a (0x0063a4b3) slt     s1, t2, t1
core   0: 3 0x8000067a (0x0063a4b3) x9  0x00000001
core   0: 0x8000067e (0x40f40d33) sub     s10, s0, a5
core   0: 3 0x8000067e (0x40f40d33) x26 0x000060fe
core   0: 0x80000682 (0x00004ac5) c.li    s5, 17
core   0: 3 0x80000682 (0x4ac5) x21 0x00000011
core   0: 0x80000684 (0x023932b3) mulhu   t0, s2, gp
core   0: 3 0x80000684 (0x023932b3) x5  0x80025e5f
core   0: 0x80000688 (0x00008c95) c.sub   s1, a3
core   0: 3 0x80000688 (0x8c95) x9  0x00000053
core   0: 0x8000068a (0x023cb5b3) mulhu   a1, s9, gp
core   0: 3 0x8000068a (0x023cb5b3) x11 0x80010209
core   0: 0x8000068e (0x5cf1ac93) slti    s9, gp, 1487
core   0: 3 0x8000068e (0x5cf1ac93) x25 0x00000001
core   0: 0x80000692 (0x00000185) c.addi  gp, 1
core   0: 3 0x80000692 (0x0185) x3  0xfffffff9
core   0: 0x80000694 (0x25ab2493) slti    s1, s6, 602
core   0: 3 0x80000694 (0x25ab2493) x9  0x00000000
core   0: 0x80000698 (0x02f6f533) remu    a0, a3, a5
core   0: 3 0x80000698 (0x02f6f533) x10 0xffffffae
core   0: 0x8000069c (0x01858793) addi    a5, a1, 24
core   0: 3 0x8000069c (0x01858793) x15 0x80010221
core   0: 0x800006a0 (0x0185d233) srl     tp, a1, s8
core   0: 3 0x800006a0 (0x0185d233) x4  0x20004082
core   0: 0x800006a4 (0x404e5e93) srai    t4, t3, 4
core   0: 3 0x800006a4 (0x404e5e93) x29 0x00000000
core   0: 0x800006a8 (0x013d86b3) add     a3, s11, s3
core   0: 3 0x800006a8 (0x013d86b3) x13 0x0000f973
core   0: 0x800006ac (0x000f5733) srl     a4, t5, zero
core   0: 3 0x800006ac (0x000f5733) x14 0x00000000
core   0: 0x800006b0 (0x00000001) c.nop
core   0: 3 0x800006b0 (0x0001)
core   0: 0x800006b2 (0xfd51ebe3) bltu    gp, s5, pc - 42
core   0: 3 0x800006b2 (0xfd51ebe3)
core   0: 0x800006b6 (0x03db4eb3) div     t4, s6, t4
core   0: 3 0x800006b6 (0x03db4eb3) x29 0xffffffff
core   0: 0x800006ba (0x0001e297) auipc   t0, 0x1e
core   0: 3 0x800006ba (0x0001e297) x5  0x8001e6ba
core   0: 0x800006be (0x77828293) addi    t0, t0, 1912
core   0: 3 0x800006be (0x77828293) x5  0x8001ee32
core   0: 0x800006c2 (0x031495b3) mulh    a1, s1, a7
core   0: 3 0x800006c2 (0x031495b3) x11 0x00000000
core   0: 0x800006c6 (0xaf92cb83) lbu     s7, -1287(t0)
core   0: 3 0x800006c6 (0xaf92cb83) x23 0x000000f4 mem 0x8001e92b
core   0: 0x800006ca (0xaf92ce83) lbu     t4, -1287(t0)
core   0: 3 0x800006ca (0xaf92ce83) x29 0x000000f4 mem 0x8001e92b
core   0: 0x800006ce (0x80b29023) sh      a1, -2048(t0)
core   0: 3 0x800006ce (0x80b29023) mem 0x8001e632 0x0000
core   0: 0x800006d2 (0x8fb2c683) lbu     a3, -1797(t0)
core   0: 3 0x800006d2 (0x8fb2c683) x13 0x000000dc mem 0x8001e72d
core   0: 0x800006d6 (0x81428123) sb      s4, -2046(t0)
core   0: 3 0x800006d6 (0x81428123) mem 0x8001e634 0xe4
core   0: 0x800006da (0x10029423) sh      zero, 264(t0)
core   0: 3 0x800006da (0x10029423) mem 0x8001ef3a 0x0000
core   0: 0x800006de (0xb6e28623) sb      a4, -1172(t0)
core   0: 3 0x800006de (0xb6e28623) mem 0x8001e99e 0x00
core   0: 0x800006e2 (0xc582c503) lbu     a0, -936(t0)
core   0: 3 0x800006e2 (0xc582c503) x10 0x000000ae mem 0x8001ea8a
core   0: 0x800006e6 (0x1c128a83) lb      s5, 449(t0)
core   0: 3 0x800006e6 (0x1c128a83) x21 0xffffff88 mem 0x8001eff3
core   0: 0x800006ea (0x09728f23) sb      s7, 158(t0)
core   0: 3 0x800006ea (0x09728f23) mem 0x8001eed0 0xf4
core   0: 0x800006ee (0x54f28383) lb      t2, 1359(t0)
core   0: 3 0x800006ee (0x54f28383) x7  0x0000003b mem 0x8001f381
core   0: 0x800006f2 (0xba928e03) lb      t3, -1111(t0)
core   0: 3 0x800006f2 (0xba928e03) x28 0x00000008 mem 0x8001e9db
core   0: 0x800006f6 (0x28028fa3) sb      zero, 671(t0)
core   0: 3 0x800006f6 (0x28028fa3) mem 0x8001f0d1 0x00
core   0: 0x800006fa (0x032281a3) sb      s2, 35(t0)
core   0: 3 0x800006fa (0x032281a3) mem 0x8001ee55 0x64
core   0: 0x800006fe (0xf1229d83) lh      s11, -238(t0)
core   0: 3 0x800006fe (0xf1229d83) x27 0x00004248 mem 0x8001ed44
core   0: 0x80000702 (0x00010117) auipc   sp, 0x10
core   0: 3 0x80000702 (0x00010117) x2  0x80010702
core   0: 0x80000706 (0x35d10113) addi    sp, sp, 861
core   0: 3 0x80000706 (0x35d10113) x2  0x80010a5f
core   0: 0x8000070a (0xa9a10a23) sb      s10, -1388(sp)
core   0: 3 0x8000070a (0xa9a10a23) mem 0x800104f3 0xfe
core   0: 0x8000070e (0xab915f83) lhu     t6, -1351(sp)
core   0: 3 0x8000070e (0xab915f83) x31 0x00004994 mem 0x80010518
core   0: 0x80000712 (0xbc214883) lbu     a7, -1086(sp)
core   0: 3 0x80000712 (0xbc214883) x17 0x0000008a mem 0x80010621
core   0: 0x80000716 (0x22910423) sb      s1, 552(sp)
core   0: 3 0x80000716 (0x22910423) mem 0x80010c87 0x00
core   0: 0x8000071a (0xbfb07c13) andi    s8, zero, -1029
core   0: 3 0x8000071a (0xbfb07c13) x24 0x00000000
core   0: 0x8000071e (0x22310423) sb      gp, 552(sp)
core   0: 3 0x8000071e (0x22310423) mem 0x80010c87 0xf9
core   0: 0x80000722 (0xb53bd037) lui     zero, 0xb53bd
core   0: 3 0x80000722 (0xb53bd037)
core   0: 0x80000726 (0x02063333) mulhu   t1, a2, zero
core   0: 3 0x80000726 (0x02063333) x6  0x00000000
core   0: 0x8000072a (0x22814283) lbu     t0, 552(sp)
core   0: 3 0x8000072a (0x22814283) x5  0x000000f9 mem 0x80010c87
core   0: 0x8000072e (0x23c10423) sb      t3, 552(sp)
core   0: 3 0x8000072e (0x23c10423) mem 0x80010c87 0x08
core   0: 0x80000732 (0x22810b83) lb      s7, 552(sp)
core   0: 3 0x80000732 (0x22810b83) x23 0x00000008 mem 0x80010c87
core   0: 0x80000736 (0x4cb10923) sb      a1, 1234(sp)
core   0: 3 0x80000736 (0x4cb10923) mem 0x80010f31 0x00
core   0: 0x8000073a (0x4cf10723) sb      a5, 1230(sp)
core   0: 3 0x8000073a (0x4cf10723) mem 0x80010f2d 0x21
core   0: 0x8000073e (0x4ce10783) lb      a5, 1230(sp)
core   0: 3 0x8000073e (0x4ce10783) x15 0x00000021 mem 0x80010f2d
core   0: 0x80000742 (0x401886b3) sub     a3, a7, ra
core   0: 3 0x80000742 (0x401886b3) x13 0x00000022
core   0: 0x80000746 (0x032f1eb3) mulh    t4, t5, s2
core   0: 3 0x80000746 (0x032f1eb3) x29 0x00000000
core   0: 0x8000074a (0x4ce10c03) lb      s8, 1230(sp)
core   0: 3 0x8000074a (0x4ce10c03) x24 0x00000021 mem 0x80010f2d
core   0: 0x8000074e (0x4ce10723) sb      a4, 1230(sp)
core   0: 3 0x8000074e (0x4ce10723) mem 0x80010f2d 0x00
core   0: 0x80000752 (0x00014497) auipc   s1, 0x14
core   0: 3 0x80000752 (0x00014497) x9  0x80014752
core   0: 0x80000756 (0x5d748493) addi    s1, s1, 1495
core   0: 3 0x80000756 (0x5d748493) x9  0x80014d29
core   0: 0x8000075a (0xfff4ada3) sw      t6, -5(s1)
core   0: 3 0x8000075a (0xfff4ada3) mem 0x80014d24 0x00004994
core   0: 0x8000075e (0xfca488a3) sb      a0, -47(s1)
core   0: 3 0x8000075e (0xfca488a3) mem 0x80014cfa 0xae
core   0: 0x80000762 (0x00848c23) sb      s0, 24(s1)
core   0: 3 0x80000762 (0x00848c23) mem 0x80014d41 0xfe
core   0: 0x80000766 (0x02a54533) div     a0, a0, a0
core   0: 3 0x80000766 (0x02a54533) x10 0x00000001
core   0: 0x8000076a (0x0194c503) lbu     a0, 25(s1)
core   0: 3 0x8000076a (0x0194c503) x10 0x00000086 mem 0x80014d42
core   0: 0x8000076e (0x40a55533) sra     a0, a0, a0
core   0: 3 0x8000076e (0x40a55533) x10 0x00000002
core   0: 0x80000772 (0x0318e8b3) rem     a7, a7, a7
core   0: 3 0x80000772 (0x0318e8b3) x17 0x00000000
core   0: 0x80000776 (0x0308afb3) mulhsu  t6, a7, a6
core   0: 3 0x80000776 (0x0308afb3) x31 0x00000000
core   0: 0x8000077a (0xff148aa3) sb      a7, -11(s1)
core   0: 3 0x8000077a (0xff148aa3) mem 0x80014d1e 0x00
core   0: 0x8000077e (0xfcd4c803) lbu     a6, -51(s1)
core   0: 3 0x8000077e (0xfcd4c803) x16 0x0000008f mem 0x80014cf6
core   0: 0x80000782 (0x01149fa3) sh      a7, 31(s1)
core   0: 3 0x80000782 (0x01149fa3) mem 0x80014d48 0x0000
core   0: 0x80000786 (0x028fafb3) mulhsu  t6, t6, s0
core   0: 3 0x80000786 (0x028fafb3) x31 0x00000000
core   0: 0x8000078a (0xfff48523) sb      t6, -22(s1)
core   0: 3 0x8000078a (0xfff48523) mem 0x80014d13 0x00
core   0: 0x8000078e (0x0fa7a417) auipc   s0, 0xfa7a
core   0: 3 0x8000078e (0x0fa7a417) x8  0x8fa7a78e
core   0: 0x80000792 (0xff148923) sb      a7, -14(s1)
core   0: 3 0x80000792 (0xff148923) mem 0x80014d1b 0x00
core   0: 0x80000796 (0x40454513) xori    a0, a0, 1028
core   0: 3 0x80000796 (0x40454513) x10 0x00000406
core   0: 0x8000079a (0x00f4d503) lhu     a0, 15(s1)
core   0: 3 0x8000079a (0x00f4d503) x10 0x00008022 mem 0x80014d38
core   0: 0x8000079e (0x02850833) mul     a6, a0, s0
core   0: 3 0x8000079e (0x02850833) x16 0xe80b40dc
core   0: 0x800007a2 (0xfdc48f23) sb      t3, -34(s1)
core   0: 3 0x800007a2 (0xfdc48f23) mem 0x80014d07 0x08
core   0: 0x800007a6 (0x03048f83) lb      t6, 48(s1)
core   0: 3 0x800007a6 (0x03048f83) x31 0x0000004c mem 0x80014d59
core   0: 0x800007aa (0xff94c883) lbu     a7, -7(s1)
core   0: 3 0x800007aa (0xff94c883) x17 0x00000011 mem 0x80014d22
core   0: 0x800007ae (0x00008d21) c.xor   a0, s0
core   0: 3 0x800007ae (0x8d21) x10 0x8fa727ac
core   0: 0x800007b0 (0x0000557d) c.li    a0, -1
core   0: 3 0x800007b0 (0x557d) x10 0xffffffff
core   0: 0x800007b2 (0x008fe433) or      s0, t6, s0
core   0: 3 0x800007b2 (0x008fe433) x8  0x8fa7a7ce
core   0: 0x800007b6 (0xfdc48c23) sb      t3, -40(s1)
core   0: 3 0x800007b6 (0xfdc48c23) mem 0x80014d01 0x08
core   0: 0x800007ba (0x011868b3) or      a7, a6, a7
core   0: 3 0x800007ba (0x011868b3) x17 0xe80b40dd
core   0: 0x800007be (0x02a480a3) sb      a0, 33(s1)
core   0: 3 0x800007be (0x02a480a3) mem 0x80014d4a 0xff
core   0: 0x800007c2 (0x00241813) slli    a6, s0, 2
core   0: 3 0x800007c2 (0x00241813) x16 0x3e9e9f38
core   0: 0x800007c6 (0x02c4cf83) lbu     t6, 44(s1)
core   0: 3 0x800007c6 (0x02c4cf83) x31 0x0000000a mem 0x80014d55
core   0: 0x800007ca (0x00008449) c.srai  s0, 18
core   0: 3 0x800007ca (0x8449) x8  0xffffe3e9
core   0: 0x800007cc (0xfc548f83) lb      t6, -59(s1)
core   0: 3 0x800007cc (0xfc548f83) x31 0xffffff9d mem 0x80014cee
core   0: 0x800007d0 (0xfcc4c503) lbu     a0, -52(s1)
core   0: 3 0x800007d0 (0xfcc4c503) x10 0x00000020 mem 0x80014cf5
core   0: 0x800007d4 (0x02d4c403) lbu     s0, 45(s1)
core   0: 3 0x800007d4 (0x02d4c403) x8  0x00000055 mem 0x80014d56
core   0: 0x800007d8 (0x00000001) c.nop
core   0: 3 0x800007d8 (0x0001)
core   0: 0x800007da (0x03f81533) mulh    a0, a6, t6
core   0: 3 0x800007da (0x03f81533) x10 0xffffffe7
core   0: 0x800007de (0x03d4de03) lhu     t3, 61(s1)
core   0: 3 0x800007de (0x03d4de03) x28 0x0000c8b4 mem 0x80014d66
core   0: 0x800007e2 (0xfc44c503) lbu     a0, -60(s1)
core   0: 3 0x800007e2 (0xfc44c503) x10 0x000000fc mem 0x80014ced
core   0: 0x800007e6 (0xff0486a3) sb      a6, -19(s1)
core   0: 3 0x800007e6 (0xff0486a3) mem 0x80014d16 0x38
core   0: 0x800007ea (0x01e8df93) srli    t6, a7, 30
core   0: 3 0x800007ea (0x01e8df93) x31 0x00000003
core   0: 0x800007ee (0xc0a08897) auipc   a7, 0xc0a08
core   0: 3 0x800007ee (0xc0a08897) x17 0x40a087ee
core   0: 0x800007f2 (0x0274a883) lw      a7, 39(s1)
core   0: 3 0x800007f2 (0x0274a883) x17 0x46252cee mem 0x80014d50
core   0: 0x800007f6 (0xffe4c883) lbu     a7, -2(s1)
core   0: 3 0x800007f6 (0xffe4c883) x17 0x00000000 mem 0x80014d27
core   0: 0x800007fa (0x01c48e03) lb      t3, 28(s1)
core   0: 3 0x800007fa (0x01c48e03) x28 0x00000057 mem 0x80014d45
core   0: 0x800007fe (0x01a000ef) jal     pc + 0x1a
core   0: 3 0x800007fe (0x01a000ef) x1  0x80000802
core   0: 0x80000818 (0x01c00c6f) jal     s8, pc + 0x1c
core   0: 3 0x80000818 (0x01c00c6f) x24 0x8000081c
core   0: 0x80000834 (0xffbff0ef) jal     pc - 0x6
core   0: 3 0x80000834 (0xffbff0ef) x1  0x80000838
core   0: 0x8000082e (0xff9ff0ef) jal     pc - 0x8
core   0: 3 0x8000082e (0xff9ff0ef) x1  0x80000832
core   0: 0x80000826 (0x012000ef) jal     pc + 0x12
core   0: 3 0x80000826 (0x012000ef) x1  0x8000082a
core   0: 0x80000838 (0xfe5ff0ef) jal     pc - 0x1c
core   0: 3 0x80000838 (0xfe5ff0ef) x1  0x8000083c
core   0: 0x8000081c (0x00002801) c.jal   pc + 16
core   0: 3 0x8000081c (0x2801) x1  0x8000081e
core   0: 0x8000082c (0x0000a019) c.j     pc + 6
core   0: 3 0x8000082c (0xa019)
core   0: 0x80000832 (0x0000bff9) c.j     pc - 34
core   0: 3 0x80000832 (0xbff9)
core   0: 0x80000810 (0x01a000ef) jal     pc + 0x1a
core   0: 3 0x80000810 (0x01a000ef) x1  0x80000814
core   0: 0x8000082a (0x000037c5) c.jal   pc - 32
core   0: 3 0x8000082a (0x37c5) x1  0x8000082c
core   0: 0x8000080a (0x0000a829) c.j     pc + 26
core   0: 3 0x8000080a (0xa829)
core   0: 0x80000824 (0x0000bffd) c.j     pc - 2
core   0: 3 0x80000824 (0xbffd)
core   0: 0x80000822 (0x000037cd) c.jal   pc - 30
core   0: 3 0x80000822 (0x37cd) x1  0x80000824
core   0: 0x80000804 (0x0000a825) c.j     pc + 56
core   0: 3 0x80000804 (0xa825)
core   0: 0x8000083c (0x00002009) c.jal   pc + 2
core   0: 3 0x8000083c (0x2009) x1  0x8000083e
core   0: 0x8000083e (0x0000bfc1) c.j     pc - 48
core   0: 3 0x8000083e (0xbfc1)
core   0: 0x8000080e (0x0000a80d) c.j     pc + 50
core   0: 3 0x8000080e (0xa80d)
core   0: 0x80000840 (0x008000ef) jal     pc + 0x8
core   0: 3 0x80000840 (0x008000ef) x1  0x80000844
core   0: 0x80000848 (0x00003fd9) c.jal   pc - 42
core   0: 3 0x80000848 (0x3fd9) x1  0x8000084a
core   0: 0x8000081e (0x028000ef) jal     pc + 0x28
core   0: 3 0x8000081e (0x028000ef) x1  0x80000822
core   0: 0x80000846 (0x000037f9) c.jal   pc - 50
core   0: 3 0x80000846 (0x37f9) x1  0x80000848
core   0: 0x80000814 (0x0000a805) c.j     pc + 48
core   0: 3 0x80000814 (0xa805)
core   0: 0x80000844 (0x00003fc9) c.jal   pc - 46
core   0: 3 0x80000844 (0x3fc9) x1  0x80000846
core   0: 0x80000816 (0x0000bfdd) c.j     pc - 10
core   0: 3 0x80000816 (0xbfdd)
core   0: 0x8000080c (0x0000bfed) c.j     pc - 6
core   0: 3 0x8000080c (0xbfed)
core   0: 0x80000806 (0xffdff16f) jal     sp, pc - 0x4
core   0: 3 0x80000806 (0xffdff16f) x2  0x8000080a
core   0: 0x80000802 (0x0000a0a1) c.j     pc + 72
core   0: 3 0x80000802 (0xa0a1)
core   0: 0x8000084a (0x00400cef) jal     s9, pc + 0x4
core   0: 3 0x8000084a (0x00400cef) x25 0x8000084e
core   0: 0x8000084e (0x021c19b3) mulh    s3, s8, ra
core   0: 3 0x8000084e (0x021c19b3) x19 0x3ffff7cf
core   0: 0x80000852 (0x00005571) c.li    a0, -4
core   0: 3 0x80000852 (0x5571) x10 0xfffffffc
core   0: 0x80000854 (0x00d15b93) srli    s7, sp, 13
core   0: 3 0x80000854 (0x00d15b93) x23 0x00040000
core   0: 0x80000858 (0x00001704) c.addi4spn s1, sp, 928
core   0: 3 0x80000858 (0x1704) x9  0x80000baa
core   0: 0x8000085a (0x000046a9) c.li    a3, 10
core   0: 3 0x8000085a (0x46a9) x13 0x0000000a
core   0: 0x8000085c (0x000085e5) c.srai  a1, 25
core   0: 3 0x8000085c (0x85e5) x11 0x00000000
core   0: 0x8000085e (0x02941fb3) mulh    t6, s0, s1
core   0: 3 0x8000085e (0x02941fb3) x31 0xffffffd5
core   0: 0x80000862 (0xc25a2993) slti    s3, s4, -987
core   0: 3 0x80000862 (0xc25a2993) x19 0x00000001
core   0: 0x80000866 (0x02012233) mulhsu  tp, sp, zero
core   0: 3 0x80000866 (0x02012233) x4  0x00000000
core   0: 0x8000086a (0x0000051d) c.addi  a0, 7
core   0: 3 0x8000086a (0x051d) x10 0x00000003
core   0: 0x8000086c (0xa6345797) auipc   a5, 0xa6345
core   0: 3 0x8000086c (0xa6345797) x15 0x2634586c
core   0: 0x80000870 (0x98606993) ori     s3, zero, -1658
core   0: 3 0x80000870 (0x98606993) x19 0xfffff986
core   0: 0x80000874 (0xfed507e3) beq     a0, a3, pc - 18
core   0: 3 0x80000874 (0xfed507e3)
core   0: 0x80000878 (0x4146d493) srai    s1, a3, 20
core   0: 3 0x80000878 (0x4146d493) x9  0x00000000
core   0: 0x8000087c (0x032000ef) jal     pc + 0x32
core   0: 3 0x8000087c (0x032000ef) x1  0x80000880
core   0: 0x800008ae (0x0000bfe1) c.j     pc - 40
core   0: 3 0x800008ae (0xbfe1)
core   0: 0x80000886 (0x01000cef) jal     s9, pc + 0x10
core   0: 3 0x80000886 (0x01000cef) x25 0x8000088a
core   0: 0x80000896 (0x00002019) c.jal   pc + 6
core   0: 3 0x80000896 (0x2019) x1  0x80000898
core   0: 0x8000089c (0x0100036f) jal     t1, pc + 0x10
core   0: 3 0x8000089c (0x0100036f) x6  0x800008a0
core   0: 0x800008ac (0x000037e5) c.jal   pc - 24
core   0: 3 0x800008ac (0x37e5) x1  0x800008ae
core   0: 0x80000894 (0x0000b7fd) c.j     pc - 18
core   0: 3 0x80000894 (0xb7fd)
core   0: 0x80000882 (0x00002819) c.jal   pc + 22
core   0: 3 0x80000882 (0x2819) x1  0x80000884
core   0: 0x80000898 (0x00e0036f) jal     t1, pc + 0xe
core   0: 3 0x80000898 (0x00e0036f) x6  0x8000089c
core   0: 0x800008a6 (0xfebff0ef) jal     pc - 0x16
core   0: 3 0x800008a6 (0xfebff0ef) x1  0x800008aa
core   0: 0x80000890 (0x00003ffd) c.jal   pc - 2
core   0: 3 0x80000890 (0x3ffd) x1  0x80000892
core   0: 0x8000088e (0x0000a011) c.j     pc + 4
core   0: 3 0x8000088e (0xa011)
core   0: 0x80000892 (0x0000b7fd) c.j     pc - 18
core   0: 3 0x80000892 (0xb7fd)
core   0: 0x80000880 (0x00002031) c.jal   pc + 12
core   0: 3 0x80000880 (0x2031) x1  0x80000882
core   0: 0x8000088c (0x00003ffd) c.jal   pc - 2
core   0: 3 0x8000088c (0x3ffd) x1  0x8000088e
core   0: 0x8000088a (0x0000a829) c.j     pc + 26
core   0: 3 0x8000088a (0xa829)
core   0: 0x800008a4 (0x00002019) c.jal   pc + 6
core   0: 3 0x800008a4 (0x2019) x1  0x800008a6
core   0: 0x800008aa (0x00003fe9) c.jal   pc - 38
core   0: 3 0x800008aa (0x3fe9) x1  0x800008ac
core   0: 0x80000884 (0x00002831) c.jal   pc + 28
core   0: 3 0x80000884 (0x2831) x1  0x80000886
core   0: 0x800008a0 (0x010000ef) jal     pc + 0x10
core   0: 3 0x800008a0 (0x010000ef) x1  0x800008a4
core   0: 0x800008b0 (0x00008bad) c.andi  a5, 11
core   0: 3 0x800008b0 (0x8bad) x15 0x00000008
core   0: 0x800008b2 (0x00010117) auipc   sp, 0x10
core   0: 3 0x800008b2 (0x00010117) x2  0x800108b2
core   0: 0x800008b6 (0x97b10113) addi    sp, sp, -1669
core   0: 3 0x800008b6 (0x97b10113) x2  0x8001022d
core   0: 0x800008ba (0x00214083) lbu     ra, 2(sp)
core   0: 3 0x800008ba (0x00214083) x1  0x000000e5 mem 0x8001022f
core   0: 0x800008be (0x00214f83) lbu     t6, 2(sp)
core   0: 3 0x800008be (0x00214f83) x31 0x000000e5 mem 0x8001022f
core   0: 0x800008c2 (0x00214b83) lbu     s7, 2(sp)
core   0: 3 0x800008c2 (0x00214b83) x23 0x000000e5 mem 0x8001022f
core   0: 0x800008c6 (0x02382d33) mulhsu  s10, a6, gp
core   0: 3 0x800008c6 (0x02382d33) x26 0x3e9e9f36
core   0: 0x800008ca (0x00210403) lb      s0, 2(sp)
core   0: 3 0x800008ca (0x00210403) x8  0xffffffe5 mem 0x8001022f
core   0: 0x800008ce (0x00214303) lbu     t1, 2(sp)
core   0: 3 0x800008ce (0x00214303) x6  0x000000e5 mem 0x8001022f
core   0: 0x800008d2 (0x00214383) lbu     t2, 2(sp)
core   0: 3 0x800008d2 (0x00214383) x7  0x000000e5 mem 0x8001022f
core   0: 0x800008d6 (0x00008c0d) c.sub   s0, a1
core   0: 3 0x800008d6 (0x8c0d) x8  0xffffffe5
core   0: 0x800008d8 (0x01610123) sb      s6, 2(sp)
core   0: 3 0x800008d8 (0x01610123) mem 0x8001022f 0xc9
core   0: 0x800008dc (0x00210c03) lb      s8, 2(sp)
core   0: 3 0x800008dc (0x00210c03) x24 0xffffffc9 mem 0x8001022f
core   0: 0x800008e0 (0x01610123) sb      s6, 2(sp)
core   0: 3 0x800008e0 (0x01610123) mem 0x8001022f 0xc9
core   0: 0x800008e4 (0x00214683) lbu     a3, 2(sp)
core   0: 3 0x800008e4 (0x00214683) x13 0x000000c9 mem 0x8001022f
core   0: 0x800008e8 (0x00310123) sb      gp, 2(sp)
core   0: 3 0x800008e8 (0x00310123) mem 0x8001022f 0xf9
core   0: 0x800008ec (0x00214c83) lbu     s9, 2(sp)
core   0: 3 0x800008ec (0x00214c83) x25 0x000000f9 mem 0x8001022f
core   0: 0x800008f0 (0x00210403) lb      s0, 2(sp)
core   0: 3 0x800008f0 (0x00210403) x8  0xfffffff9 mem 0x8001022f
core   0: 0x800008f4 (0x00214183) lbu     gp, 2(sp)
core   0: 3 0x800008f4 (0x00214183) x3  0x000000f9 mem 0x8001022f
core   0: 0x800008f8 (0x00008fed) c.and   a5, a1
core   0: 3 0x800008f8 (0x8fed) x15 0x00000000
core   0: 0x800008fa (0x00210183) lb      gp, 2(sp)
core   0: 3 0x800008fa (0x00210183) x3  0xfffffff9 mem 0x8001022f
core   0: 0x800008fe (0x00210303) lb      t1, 2(sp)
core   0: 3 0x800008fe (0x00210303) x6  0xfffffff9 mem 0x8001022f
core   0: 0x80000902 (0x00214983) lbu     s3, 2(sp)
core   0: 3 0x80000902 (0x00214983) x19 0x000000f9 mem 0x8001022f
core   0: 0x80000906 (0x00214a83) lbu     s5, 2(sp)
core   0: 3 0x80000906 (0x00214a83) x21 0x000000f9 mem 0x8001022f
core   0: 0x8000090a (0x00210083) lb      ra, 2(sp)
core   0: 3 0x8000090a (0x00210083) x1  0xfffffff9 mem 0x8001022f
core   0: 0x8000090e (0x00011117) auipc   sp, 0x11
core   0: 3 0x8000090e (0x00011117) x2  0x8001190e
core   0: 0x80000912 (0x7d810113) addi    sp, sp, 2008
core   0: 3 0x80000912 (0x7d810113) x2  0x800120e6
core   0: 0x80000916 (0xfdd10da3) sb      t4, -37(sp)
core   0: 3 0x80000916 (0xfdd10da3) mem 0x800120c1 0x00
core   0: 0x8000091a (0xfe610d23) sb      t1, -6(sp)
core   0: 3 0x8000091a (0xfe610d23) mem 0x800120e0 0xf9
core   0: 0x8000091e (0x01624733) xor     a4, tp, s6
core   0: 3 0x8000091e (0x01624733) x14 0x000018c9
core   0: 0x80000922 (0xe2e16713) ori     a4, sp, -466
core   0: 3 0x80000922 (0xe2e16713) x14 0xfffffeee
core   0: 0x80000926 (0xfbf11623) sh      t6, -84(sp)
core   0: 3 0x80000926 (0xfbf11623) mem 0x80012092 0x00e5
core   0: 0x8000092a (0x00008fc9) c.or    a5, a0
core   0: 3 0x8000092a (0x8fc9) x15 0x00000003
core   0: 0x8000092c (0xfac14503) lbu     a0, -84(sp)
core   0: 3 0x8000092c (0xfac14503) x10 0x000000e5 mem 0x80012092
core   0: 0x80000930 (0xf7c14083) lbu     ra, -132(sp)
core   0: 3 0x80000930 (0xf7c14083) x1  0x00000021 mem 0x80012062
core   0: 0x80000934 (0xf6f10e23) sb      a5, -132(sp)
core   0: 3 0x80000934 (0xf6f10e23) mem 0x80012062 0x03
core   0: 0x80000938 (0xf1a15703) lhu     a4, -230(sp)
core   0: 3 0x80000938 (0xf1a15703) x14 0x00003d7a mem 0x80012000
core   0: 0x8000093c (0xa76a4413) xori    s0, s4, -1418
core   0: 3 0x8000093c (0xa76a4413) x8  0x7ffd6692
core   0: 0x80000940 (0xf1311d23) sh      s3, -230(sp)
core   0: 3 0x80000940 (0xf1311d23) mem 0x80012000 0x00f9
core   0: 0x80000944 (0xfb8109a3) sb      s8, -77(sp)
core   0: 3 0x80000944 (0xfb8109a3) mem 0x80012099 0xc9
core   0: 0x80000948 (0xfb314183) lbu     gp, -77(sp)
core   0: 3 0x80000948 (0xfb314183) x3  0x000000c9 mem 0x80012099
core   0: 0x8000094c (0xfb314083) lbu     ra, -77(sp)
core   0: 3 0x8000094c (0xfb314083) x1  0x000000c9 mem 0x80012099
core   0: 0x80000950 (0xfa7109a3) sb      t2, -77(sp)
core   0: 3 0x80000950 (0xfa7109a3) mem 0x80012099 0xe5
core   0: 0x80000954 (0xfb314203) lbu     tp, -77(sp)
core   0: 3 0x80000954 (0xfb314203) x4  0x000000e5 mem 0x80012099
core   0: 0x80000958 (0xfb4109a3) sb      s4, -77(sp)
core   0: 3 0x80000958 (0xfb4109a3) mem 0x80012099 0xe4
core   0: 0x8000095c (0xed1b86b7) lui     a3, 0xed1b8
core   0: 3 0x8000095c (0xed1b86b7) x13 0xed1b8000
core   0: 0x80000960 (0xf7215383) lhu     t2, -142(sp)
core   0: 3 0x80000960 (0xf7215383) x7  0x00007ee5 mem 0x80012058
core   0: 0x80000964 (0xf7212803) lw      a6, -142(sp)
core   0: 3 0x80000964 (0xf7212803) x16 0x08797ee5 mem 0x80012058
core   0: 0x80000968 (0x087e4e13) xori    t3, t3, 135
core   0: 3 0x80000968 (0x087e4e13) x28 0x000000d0
core   0: 0x8000096c (0xf4010683) lb      a3, -192(sp)
core   0: 3 0x8000096c (0xf4010683) x13 0x0000000a mem 0x80012026
core   0: 0x80000970 (0xf8b10823) sb      a1, -112(sp)
core   0: 3 0x80000970 (0xf8b10823) mem 0x80012076 0x00
core   0: 0x80000974 (0xf9010503) lb      a0, -112(sp)
core   0: 3 0x80000974 (0xf9010503) x10 0x00000000 mem 0x80012076
core   0: 0x80000978 (0x00010397) auipc   t2, 0x10
core   0: 3 0x80000978 (0x00010397) x7  0x80010978
core   0: 0x8000097c (0xd0f38393) addi    t2, t2, -753
core   0: 3 0x8000097c (0xd0f38393) x7  0x80010687
core   0: 0x80000980 (0xff83c583) lbu     a1, -8(t2)
core   0: 3 0x80000980 (0xff83c583) x11 0x0000006d mem 0x8001067f
core   0: 0x80000984 (0xff838d03) lb      s10, -8(t2)
core   0: 3 0x80000984 (0xff838d03) x26 0x0000006d mem 0x8001067f
core   0: 0x80000988 (0xff238c23) sb      s2, -8(t2)
core   0: 3 0x80000988 (0xff238c23) mem 0x8001067f 0x64
core   0: 0x8000098c (0x00838983) lb      s3, 8(t2)
core   0: 3 0x8000098c (0x00838983) x19 0x00000036 mem 0x8001068f
core   0: 0x80000990 (0x00838183) lb      gp, 8(t2)
core   0: 3 0x80000990 (0x00838183) x3  0x00000036 mem 0x8001068f
core   0: 0x80000994 (0xff63cf03) lbu     t5, -10(t2)
core   0: 3 0x80000994 (0xff63cf03) x30 0x00000053 mem 0x8001067d
core   0: 0x80000998 (0x008395a3) sh      s0, 11(t2)
core   0: 3 0x80000998 (0x008395a3) mem 0x80010692 0x6692
core   0: 0x8000099c (0x016395a3) sh      s6, 11(t2)
core   0: 3 0x8000099c (0x016395a3) mem 0x80010692 0x18c9
core   0: 0x800009a0 (0x00b3cd83) lbu     s11, 11(t2)
core   0: 3 0x800009a0 (0x00b3cd83) x27 0x000000c9 mem 0x80010692
core   0: 0x800009a4 (0x00c385a3) sb      a2, 11(t2)
core   0: 3 0x800009a4 (0x00c385a3) mem 0x80010692 0x00
core   0: 0x800009a8 (0xff338a23) sb      s3, -12(t2)
core   0: 3 0x800009a8 (0xff338a23) mem 0x8001067b 0x36
core   0: 0x800009ac (0xff038a23) sb      a6, -12(t2)
core   0: 3 0x800009ac (0xff038a23) mem 0x8001067b 0xe5
core   0: 0x800009b0 (0xfeb39ea3) sh      a1, -3(t2)
core   0: 3 0x800009b0 (0xfeb39ea3) mem 0x80010684 0x006d
core   0: 0x800009b4 (0xffd39803) lh      a6, -3(t2)
core   0: 3 0x800009b4 (0xffd39803) x16 0x0000006d mem 0x80010684
core   0: 0x800009b8 (0x014986b3) add     a3, s3, s4
core   0: 3 0x800009b8 (0x014986b3) x13 0x80029d1a
core   0: 0x800009bc (0xffd3da83) lhu     s5, -3(t2)
core   0: 3 0x800009bc (0xffd3da83) x21 0x0000006d mem 0x80010684
core   0: 0x800009c0 (0xffd3d283) lhu     t0, -3(t2)
core   0: 3 0x800009c0 (0xffd3d283) x5  0x0000006d mem 0x80010684
core   0: 0x800009c4 (0xfea38ea3) sb      a0, -3(t2)
core   0: 3 0x800009c4 (0xfea38ea3) mem 0x80010684 0x00
core   0: 0x800009c8 (0x00010297) auipc   t0, 0x10
core   0: 3 0x800009c8 (0x00010297) x5  0x800109c8
core   0: 0x800009cc (0xf1728293) addi    t0, t0, -233
core   0: 3 0x800009cc (0xf1728293) x5  0x800108df
core   0: 0x800009d0 (0x4256a393) slti    t2, a3, 1061
core   0: 3 0x800009d0 (0x4256a393) x7  0x00000001
core   0: 0x800009d4 (0x63828d03) lb      s10, 1592(t0)
core   0: 3 0x800009d4 (0x63828d03) x26 0xffffffbb mem 0x80010f17
core   0: 0x800009d8 (0x60d2cd03) lbu     s10, 1549(t0)
core   0: 3 0x800009d8 (0x60d2cd03) x26 0x00000027 mem 0x80010eec
core   0: 0x800009dc (0x00008f9d) c.sub   a5, a5
core   0: 3 0x800009dc (0x8f9d) x15 0x00000000
core   0: 0x800009de (0x00008d75) c.and   a0, a3
core   0: 3 0x800009de (0x8d75) x10 0x00000000
core   0: 0x800009e0 (0x39f2c683) lbu     a3, 927(t0)
core   0: 3 0x800009e0 (0x39f2c683) x13 0x00000037 mem 0x80010c7e
core   0: 0x800009e4 (0x02a576b3) remu    a3, a0, a0
core   0: 3 0x800009e4 (0x02a576b3) x13 0x00000000
core   0: 0x800009e8 (0xe4f1c693) xori    a3, gp, -433
core   0: 3 0x800009e8 (0xe4f1c693) x13 0xfffffe79
core   0: 0x800009ec (0x10d2c183) lbu     gp, 269(t0)
core   0: 3 0x800009ec (0x10d2c183) x3  0x00000074 mem 0x800109ec
core   0: 0x800009f0 (0x00008555) c.srai  a0, 21
core   0: 3 0x800009f0 (0x8555) x10 0x00000000
core   0: 0x800009f2 (0x4fa28123) sb      s10, 1250(t0)
core   0: 3 0x800009f2 (0x4fa28123) mem 0x80010dc1 0x27
core   0: 0x800009f6 (0x11a28023) sb      s10, 256(t0)
core   0: 3 0x800009f6 (0x11a28023) mem 0x800109df 0x27
core   0: 0x800009fa (0x0271c7b3) div     a5, gp, t2
core   0: 3 0x800009fa (0x0271c7b3) x15 0x00000074
core   0: 0x800009fe (0x00a183b3) add     t2, gp, a0
core   0: 3 0x800009fe (0x00a183b3) x7  0x00000074
core   0: 0x80000a02 (0xeed28ba3) sb      a3, -265(t0)
core   0: 3 0x80000a02 (0xeed28ba3) mem 0x800107d6 0x79
core   0: 0x80000a06 (0x707280a3) sb      t2, 1793(t0)
core   0: 3 0x80000a06 (0x707280a3) mem 0x80010fe0 0x74
core   0: 0x80000a0a (0x0236dd33) divu    s10, a3, gp
core   0: 3 0x80000a0a (0x0236dd33) x26 0x0234f728
core   0: 0x80000a0e (0x54c2c683) lbu     a3, 1356(t0)
core   0: 3 0x80000a0e (0x54c2c683) x13 0x00000076 mem 0x80010e2b
core   0: 0x80000a12 (0xc9428d03) lb      s10, -876(t0)
core   0: 3 0x80000a12 (0xc9428d03) x26 0xffffff94 mem 0x80010573
core   0: 0x80000a16 (0x0071c533) xor     a0, gp, t2
core   0: 3 0x80000a16 (0x0071c533) x10 0x00000000
core   0: 0x80000a1a (0x00000d12) c.slli  s10, 4
core   0: 3 0x80000a1a (0x0d12) x26 0xfffff940
core   0: 0x80000a1c (0x93c143b7) lui     t2, 0x93c14
core   0: 3 0x80000a1c (0x93c143b7) x7  0x93c14000
core   0: 0x80000a20 (0xfba57393) andi    t2, a0, -70
core   0: 3 0x80000a20 (0xfba57393) x7  0x00000000
core   0: 0x80000a24 (0xc9f28683) lb      a3, -865(t0)
core   0: 3 0x80000a24 (0xc9f28683) x13 0xffffffe6 mem 0x8001057e
core   0: 0x80000a28 (0x40d186b3) sub     a3, gp, a3
core   0: 3 0x80000a28 (0x40d186b3) x13 0x0000008e
core   0: 0x80000a2c (0x00000001) c.nop
core   0: 3 0x80000a2c (0x0001)
core   0: 0x80000a2e (0x9e729683) lh      a3, -1561(t0)
core   0: 3 0x80000a2e (0x9e729683) x13 0xffff88ae mem 0x800102c6
core   0: 0x80000a32 (0xc43281a3) sb      gp, -957(t0)
core   0: 3 0x80000a32 (0xc43281a3) mem 0x80010522 0x74
core   0: 0x80000a36 (0x00008bdd) c.andi  a5, 23
core   0: 3 0x80000a36 (0x8bdd) x15 0x00000014
core   0: 0x80000a38 (0x00006d11) c.lui   s10, 0x4
core   0: 3 0x80000a38 (0x6d11) x26 0x00004000
core   0: 0x80000a3a (0xd4f28e23) sb      a5, -676(t0)
core   0: 3 0x80000a3a (0xd4f28e23) mem 0x8001063b 0x14
core   0: 0x80000a3e (0x41a183b3) sub     t2, gp, s10
core   0: 3 0x80000a3e (0x41a183b3) x7  0xffffc074
core   0: 0x80000a42 (0x00008d5d) c.or    a0, a5
core   0: 3 0x80000a42 (0x8d5d) x10 0x00000014
core   0: 0x80000a44 (0x8bd18193) addi    gp, gp, -1859
core   0: 3 0x80000a44 (0x8bd18193) x3  0xfffff931
core   0: 0x80000a48 (0x91e28783) lb      a5, -1762(t0)
core   0: 3 0x80000a48 (0x91e28783) x15 0xffffffdf mem 0x800101fd
core   0: 0x80000a4c (0x00010e97) auipc   t4, 0x10
core   0: 3 0x80000a4c (0x00010e97) x29 0x80010a4c
core   0: 0x80000a50 (0xf8de8e93) addi    t4, t4, -115
core   0: 3 0x80000a50 (0xf8de8e93) x29 0x800109d9
core   0: 0x80000a54 (0x41600033) sub     zero, zero, s6
core   0: 3 0x80000a54 (0x41600033)
core   0: 0x80000a58 (0xfe3e8b23) sb      gp, -10(t4)
core   0: 3 0x80000a58 (0xfe3e8b23) mem 0x800109cf 0x31
core   0: 0x80000a5c (0xff5eda83) lhu     s5, -11(t4)
core   0: 3 0x80000a5c (0xff5eda83) x21 0x000031a8 mem 0x800109ce
core   0: 0x80000a60 (0xfe3e89a3) sb      gp, -13(t4)
core   0: 3 0x80000a60 (0xfe3e89a3) mem 0x800109cc 0x31
core   0: 0x80000a64 (0x00000ab1) c.addi  s5, 12
core   0: 3 0x80000a64 (0x0ab1) x21 0x000031b4
core   0: 0x80000a66 (0x0034dbb3) srl     s7, s1, gp
core   0: 3 0x80000a66 (0x0034dbb3) x23 0x00000000
core   0: 0x80000a6a (0x00be8b03) lb      s6, 11(t4)
core   0: 3 0x80000a6a (0x00be8b03) x22 0xffffffce mem 0x800109e4
core   0: 0x80000a6e (0x00008b5e) c.mv    s6, s7
core   0: 3 0x80000a6e (0x8b5e) x22 0x00000000
core   0: 0x80000a70 (0xff5e8823) sb      s5, -16(t4)
core   0: 3 0x80000a70 (0xff5e8823) mem 0x800109c9 0xb4
core   0: 0x80000a74 (0x405bdb13) srai    s6, s7, 5
core   0: 3 0x80000a74 (0x405bdb13) x22 0x00000000
core   0: 0x80000a78 (0x03702033) mulhsu  zero, zero, s7
core   0: 3 0x80000a78 (0x03702033)
core   0: 0x80000a7c (0x00000b7d) c.addi  s6, 31
core   0: 3 0x80000a7c (0x0b7d) x22 0x0000001f
core   0: 0x80000a7e (0xff6e8f23) sb      s6, -2(t4)
core   0: 3 0x80000a7e (0xff6e8f23) mem 0x800109d7 0x1f
core   0: 0x80000a82 (0x01419493) slli    s1, gp, 20
core   0: 3 0x80000a82 (0x01419493) x9  0x93100000
core   0: 0x80000a86 (0x036ba4b3) mulhsu  s1, s7, s6
core   0: 3 0x80000a86 (0x036ba4b3) x9  0x00000000
core   0: 0x80000a8a (0x9bbb7a93) andi    s5, s6, -1605
core   0: 3 0x80000a8a (0x9bbb7a93) x21 0x0000001b
core   0: 0x80000a8e (0x023bc033) div     zero, s7, gp
core   0: 3 0x80000a8e (0x023bc033)
core   0: 0x80000a92 (0xc858db97) auipc   s7, 0xc858d
core   0: 3 0x80000a92 (0xc858db97) x23 0x4858da92
core   0: 0x80000a96 (0x00008ce5) c.and   s1, s1
core   0: 3 0x80000a96 (0x8ce5) x9  0x00000000
core   0: 0x80000a98 (0x00008c85) c.sub   s1, s1
core   0: 3 0x80000a98 (0x8c85) x9  0x00000000
core   0: 0x80000a9a (0x005ec183) lbu     gp, 5(t4)
core   0: 3 0x80000a9a (0x005ec183) x3  0x00000024 mem 0x800109de
core   0: 0x80000a9e (0x743bc193) xori    gp, s7, 1859
core   0: 3 0x80000a9e (0x743bc193) x3  0x4858ddd1
core   0: 0x80000aa2 (0x0154a4b3) slt     s1, s1, s5
core   0: 3 0x80000aa2 (0x0154a4b3) x9  0x00000001
core   0: 0x80000aa6 (0xff4e8003) lb      zero, -12(t4)
core   0: 3 0x80000aa6 (0xff4e8003) mem 0x800109cd
core   0: 0x80000aaa (0x0091dab3) srl     s5, gp, s1
core   0: 3 0x80000aaa (0x0091dab3) x21 0x242c6ee8
core   0: 0x80000aae (0x403ad1b3) sra     gp, s5, gp
core   0: 3 0x80000aae (0x403ad1b3) x3  0x00001216
core   0: 0x80000ab2 (0x035af033) remu    zero, s5, s5
core   0: 3 0x80000ab2 (0x035af033)
core   0: 0x80000ab6 (0x000088c1) c.andi  s1, 16
core   0: 3 0x80000ab6 (0x88c1) x9  0x00000000
core   0: 0x80000ab8 (0x8b8b2a93) slti    s5, s6, -1864
core   0: 3 0x80000ab8 (0x8b8b2a93) x21 0x00000000
core   0: 0x80000abc (0x03606ab3) rem     s5, zero, s6
core   0: 3 0x80000abc (0x03606ab3) x21 0x00000000
core   0: 0x80000ac0 (0xffde9b03) lh      s6, -3(t4)
core   0: 3 0x80000ac0 (0xffde9b03) x22 0x00001f71 mem 0x800109d6
core   0: 0x80000ac4 (0xd7d601b7) lui     gp, 0xd7d60
core   0: 3 0x80000ac4 (0xd7d601b7) x3  0xd7d60000
core   0: 0x80000ac8 (0x035b9bb3) mulh    s7, s7, s5
core   0: 3 0x80000ac8 (0x035b9bb3) x23 0x00000000
core   0: 0x80000acc (0x00000001) c.nop
core   0: 3 0x80000acc (0x0001)
core   0: 0x80000ace (0x00001bfd) c.addi  s7, -1
core   0: 3 0x80000ace (0x1bfd) x23 0xffffffff
core   0: 0x80000ad0 (0x020ad4b3) divu    s1, s5, zero
core   0: 3 0x80000ad0 (0x020ad4b3) x9  0xffffffff
core   0: 0x80000ad4 (0x0161e033) or      zero, gp, s6
core   0: 3 0x80000ad4 (0x0161e033)
core   0: 0x80000ad8 (0x00008ca5) c.xor   s1, s1
core   0: 3 0x80000ad8 (0x8ca5) x9  0x00000000
core   0: 0x80000ada (0xff3e9b03) lh      s6, -13(t4)
core   0: 3 0x80000ada (0xff3e9b03) x22 0xffffed31 mem 0x800109cc
core   0: 0x80000ade (0x015e80a3) sb      s5, 1(t4)
core   0: 3 0x80000ade (0x015e80a3) mem 0x800109da 0x00
core   0: 0x80000ae2 (0x00010697) auipc   a3, 0x10
core   0: 3 0x80000ae2 (0x00010697) x13 0x80010ae2
core   0: 0x80000ae6 (0xc0868693) addi    a3, a3, -1016
core   0: 3 0x80000ae6 (0xc0868693) x13 0x800106ea
core   0: 0x80000aea (0xa5cd2013) slti    zero, s10, -1444
core   0: 3 0x80000aea (0xa5cd2013)
core   0: 0x80000aee (0x00c6de83) lhu     t4, 12(a3)
core   0: 3 0x80000aee (0x00c6de83) x29 0x00006b62 mem 0x800106f6
core   0: 0x80000af2 (0xffe6cd03) lbu     s10, -2(a3)
core   0: 3 0x80000af2 (0xffe6cd03) x26 0x000000b6 mem 0x800106e8
core   0: 0x80000af6 (0x00008c61) c.and   s0, s0
core   0: 3 0x80000af6 (0x8c61) x8  0x7ffd6692
core   0: 0x80000af8 (0xffe69d03) lh      s10, -2(a3)
core   0: 3 0x80000af8 (0xffe69d03) x26 0x000029b6 mem 0x800106e8
core   0: 0x80000afc (0xffe69803) lh      a6, -2(a3)
core   0: 3 0x80000afc (0xffe69803) x16 0x000029b6 mem 0x800106e8
core   0: 0x80000b00 (0x011681a3) sb      a7, 3(a3)
core   0: 3 0x80000b00 (0x011681a3) mem 0x800106ed 0x00
core   0: 0x80000b04 (0x00368003) lb      zero, 3(a3)
core   0: 3 0x80000b04 (0x00368003) mem 0x800106ed
core   0: 0x80000b08 (0x010681a3) sb      a6, 3(a3)
core   0: 3 0x80000b08 (0x010681a3) mem 0x800106ed 0xb6
core   0: 0x80000b0c (0x00b687a3) sb      a1, 15(a3)
core   0: 3 0x80000b0c (0x00b687a3) mem 0x800106f9 0x6d
core   0: 0x80000b10 (0x00f6c703) lbu     a4, 15(a3)
core   0: 3 0x80000b10 (0x00f6c703) x14 0x0000006d mem 0x800106f9
core   0: 0x80000b14 (0xfff6cf83) lbu     t6, -1(a3)
core   0: 3 0x80000b14 (0xfff6cf83) x31 0x00000029 mem 0x800106e9
core   0: 0x80000b18 (0x6639a037) lui     zero, 0x6639a
core   0: 3 0x80000b18 (0x6639a037)
core   0: 0x80000b1c (0x00796cb3) or      s9, s2, t2
core   0: 3 0x80000b1c (0x00796cb3) x25 0xffffde74
core   0: 0x80000b20 (0xffd68fa3) sb      t4, -1(a3)
core   0: 3 0x80000b20 (0xffd68fa3) mem 0x800106e9 0x62
core   0: 0x80000b24 (0xfff6c483) lbu     s1, -1(a3)
core   0: 3 0x80000b24 (0xfff6c483) x9  0x00000062 mem 0x800106e9
core   0: 0x80000b28 (0xfff68e03) lb      t3, -1(a3)
core   0: 3 0x80000b28 (0xfff68e03) x28 0x00000062 mem 0x800106e9
core   0: 0x80000b2c (0x0000645d) c.lui   s0, 0x17
core   0: 3 0x80000b2c (0x645d) x8  0x00017000
core   0: 0x80000b2e (0xff36c403) lbu     s0, -13(a3)
core   0: 3 0x80000b2e (0xff36c403) x8  0x000000f4 mem 0x800106dd
core   0: 0x80000b32 (0x41b05213) srai    tp, zero, 27
core   0: 3 0x80000b32 (0x41b05213) x4  0x00000000
core   0: 0x80000b36 (0xff368d03) lb      s10, -13(a3)
core   0: 3 0x80000b36 (0xff368d03) x26 0xfffffff4 mem 0x800106dd
core   0: 0x80000b3a (0xff36c783) lbu     a5, -13(a3)
core   0: 3 0x80000b3a (0xff36c783) x15 0x000000f4 mem 0x800106dd
core   0: 0x80000b3e (0xff36c203) lbu     tp, -13(a3)
core   0: 3 0x80000b3e (0xff36c203) x4  0x000000f4 mem 0x800106dd
core   0: 0x80000b42 (0xff368103) lb      sp, -13(a3)
core   0: 3 0x80000b42 (0xff368103) x2  0xfffffff4 mem 0x800106dd
core   0: 0x80000b46 (0x00008fcd) c.or    a5, a1
core   0: 3 0x80000b46 (0x8fcd) x15 0x000000fd
core   0: 0x80000b48 (0xff36c103) lbu     sp, -13(a3)
core   0: 3 0x80000b48 (0xff36c103) x2  0x000000f4 mem 0x800106dd
core   0: 0x80000b4c (0x00015c97) auipc   s9, 0x15
core   0: 3 0x80000b4c (0x00015c97) x25 0x80015b4c
core   0: 0x80000b50 (0xd3ac8c93) addi    s9, s9, -710
core   0: 3 0x80000b50 (0xd3ac8c93) x25 0x80015886
core   0: 0x80000b54 (0xaa2cd503) lhu     a0, -1374(s9)
core   0: 3 0x80000b54 (0xaa2cd503) x10 0x0000ca64 mem 0x80015328
core   0: 0x80000b58 (0xaedcaf23) sw      a3, -1282(s9)
core   0: 3 0x80000b58 (0xaedcaf23) mem 0x80015384 0x800106ea
core   0: 0x80000b5c (0xaeac8f23) sb      a0, -1282(s9)
core   0: 3 0x80000b5c (0xaeac8f23) mem 0x80015384 0x64
core   0: 0x80000b60 (0x93ac9023) sh      s10, -1760(s9)
core   0: 3 0x80000b60 (0x93ac9023) mem 0x800151a6 0xfff4
core   0: 0x80000b64 (0x946ccd03) lbu     s10, -1722(s9)
core   0: 3 0x80000b64 (0x946ccd03) x26 0x000000e9 mem 0x800151cc
core   0: 0x80000b68 (0xe08ca323) sw      s0, -506(s9)
core   0: 3 0x80000b68 (0xe08ca323) mem 0x8001568c 0x000000f4
core   0: 0x80000b6c (0xe06ca283) lw      t0, -506(s9)
core   0: 3 0x80000b6c (0xe06ca283) x5  0x000000f4 mem 0x8001568c
core   0: 0x80000b70 (0xe06c9703) lh      a4, -506(s9)
core   0: 3 0x80000b70 (0xe06c9703) x14 0x000000f4 mem 0x8001568c
core   0: 0x80000b74 (0xe06cdc03) lhu     s8, -506(s9)
core   0: 3 0x80000b74 (0xe06cdc03) x24 0x000000f4 mem 0x8001568c
core   0: 0x80000b78 (0xe06cae83) lw      t4, -506(s9)
core   0: 3 0x80000b78 (0xe06cae83) x29 0x000000f4 mem 0x8001568c
core   0: 0x80000b7c (0x00000001) c.nop
core   0: 3 0x80000b7c (0x0001)
core   0: 0x80000b7e (0xc3dc8303) lb      t1, -963(s9)
core   0: 3 0x80000b7e (0xc3dc8303) x6  0xffffffdb mem 0x800154c3
core   0: 0x80000b82 (0x1b0c9e03) lh      t3, 432(s9)
core   0: 3 0x80000b82 (0x1b0c9e03) x28 0x00006309 mem 0x80015a36
core   0: 0x80000b86 (0x0000846e) c.mv    s0, s11
core   0: 3 0x80000b86 (0x846e) x8  0x000000c9
core   0: 0x80000b88 (0xc04cd883) lhu     a7, -1020(s9)
core   0: 3 0x80000b88 (0xc04cd883) x17 0x0000baa2 mem 0x8001548a
core   0: 0x80000b8c (0xc04cce03) lbu     t3, -1020(s9)
core   0: 3 0x80000b8c (0xc04cce03) x28 0x000000a2 mem 0x8001548a
core   0: 0x80000b90 (0xe1bc87a3) sb      s11, -497(s9)
core   0: 3 0x80000b90 (0xe1bc87a3) mem 0x80015695 0xc9
core   0: 0x80000b94 (0xe0dc87a3) sb      a3, -497(s9)
core   0: 3 0x80000b94 (0xe0dc87a3) mem 0x80015695 0xea
core   0: 0x80000b98 (0x00008c7d) c.and   s0, a5
core   0: 3 0x80000b98 (0x8c7d) x8  0x000000c9
core   0: 0x80000b9a (0x00006c25) c.lui   s8, 0x9
core   0: 3 0x80000b9a (0x6c25) x24 0x00009000
core   0: 0x80000b9c (0x2a8c8d83) lb      s11, 680(s9)
core   0: 3 0x80000b9c (0x2a8c8d83) x27 0x0000004c mem 0x80015b2e
core   0: 0x80000ba0 (0x2a8ccb03) lbu     s6, 680(s9)
core   0: 3 0x80000ba0 (0x2a8ccb03) x22 0x0000004c mem 0x80015b2e
core   0: 0x80000ba4 (0x00010117) auipc   sp, 0x10
core   0: 3 0x80000ba4 (0x00010117) x2  0x80010ba4
core   0: 0x80000ba8 (0xb6e10113) addi    sp, sp, -1170
core   0: 3 0x80000ba8 (0xb6e10113) x2  0x80010712
core   0: 0x80000bac (0x000006f2) c.slli  a3, 28
core   0: 3 0x80000bac (0x06f2) x13 0xa0000000
core   0: 0x80000bae (0xfce105a3) sb      a4, -53(sp)
core   0: 3 0x80000bae (0xfce105a3) mem 0x800106dd 0xf4
core   0: 0x80000bb2 (0x000083f1) c.srli  a5, 28
core   0: 3 0x80000bb2 (0x83f1) x15 0x00000000
core   0: 0x80000bb4 (0xff410623) sb      s4, -20(sp)
core   0: 3 0x80000bb4 (0xff410623) mem 0x800106fe 0xe4
core   0: 0x80000bb8 (0x00008ed5) c.or    a3, a3
core   0: 3 0x80000bb8 (0x8ed5) x13 0xa0000000
core   0: 0x80000bba (0x0000814d) c.srli  a0, 19
core   0: 3 0x80000bba (0x814d) x10 0x00000000
core   0: 0x80000bbc (0x02314183) lbu     gp, 35(sp)
core   0: 3 0x80000bbc (0x02314183) x3  0x00000063 mem 0x80010735
core   0: 0x80000bc0 (0x41f3d213) srai    tp, t2, 31
core   0: 3 0x80000bc0 (0x41f3d213) x4  0xffffffff
core   0: 0x80000bc4 (0x00810ea3) sb      s0, 29(sp)
core   0: 3 0x80000bc4 (0x00810ea3) mem 0x8001072f 0xc9
core   0: 0x80000bc8 (0x03910c23) sb      s9, 56(sp)
core   0: 3 0x80000bc8 (0x03910c23) mem 0x8001074a 0x86
core   0: 0x80000bcc (0x036011b3) mulh    gp, zero, s6
core   0: 3 0x80000bcc (0x036011b3) x3  0x00000000
core   0: 0x80000bd0 (0x04010b83) lb      s7, 64(sp)
core   0: 3 0x80000bd0 (0x04010b83) x23 0xffffffc2 mem 0x80010752
core   0: 0x80000bd4 (0x7a2a2d93) slti    s11, s4, 1954
core   0: 3 0x80000bd4 (0x7a2a2d93) x27 0x00000001
core   0: 0x80000bd8 (0x03a93f33) mulhu   t5, s2, s10
core   0: 3 0x80000bd8 (0x03a93f33) x30 0x00000074
core   0: 0x80000bdc (0x00619533) sll     a0, gp, t1
core   0: 3 0x80000bdc (0x00619533) x10 0x00000000
core   0: 0x80000be0 (0x40125013) srai    zero, tp, 1
core   0: 3 0x80000be0 (0x40125013)
core   0: 0x80000be4 (0x00710c03) lb      s8, 7(sp)
core   0: 3 0x80000be4 (0x00710c03) x24 0xfffffffb mem 0x80010719
core   0: 0x80000be8 (0x415e88b3) sub     a7, t4, s5
core   0: 3 0x80000be8 (0x415e88b3) x17 0x000000f4
core   0: 0x80000bec (0x0000587d) c.li    a6, -1
core   0: 3 0x80000bec (0x587d) x16 0xffffffff
core   0: 0x80000bee (0x0113b033) sltu    zero, t2, a7
core   0: 3 0x80000bee (0x0113b033)
core   0: 0x80000bf2 (0x001fdb93) srli    s7, t6, 1
core   0: 3 0x80000bf2 (0x001fdb93) x23 0x00000014
core   0: 0x80000bf6 (0xfda10da3) sb      s10, -37(sp)
core   0: 3 0x80000bf6 (0xfda10da3) mem 0x800106ed 0xe9
core   0: 0x80000bfa (0x02d9adb3) mulhsu  s11, s3, a3
core   0: 3 0x80000bfa (0x02d9adb3) x27 0x00000021
core   0: 0x80000bfe (0x03c10523) sb      t3, 42(sp)
core   0: 3 0x80000bfe (0x03c10523) mem 0x8001073c 0xa2
core   0: 0x80000c02 (0x00008cad) c.xor   s1, a1
core   0: 3 0x80000c02 (0x8cad) x9  0x0000000f
core   0: 0x80000c04 (0x003f8833) add     a6, t6, gp
core   0: 3 0x80000c04 (0x003f8833) x16 0x00000029
core   0: 0x80000c08 (0x02a11a83) lh      s5, 42(sp)
core   0: 3 0x80000c08 (0x02a11a83) x21 0x00000da2 mem 0x8001073c
core   0: 0x80000c0c (0x0317d4b3) divu    s1, a5, a7
core   0: 3 0x80000c0c (0x0317d4b3) x9  0x00000000
core   0: 0x80000c10 (0x00110883) lb      a7, 1(sp)
core   0: 3 0x80000c10 (0x00110883) x17 0xffffffba mem 0x80010713
core   0: 0x80000c14 (0x00000001) c.nop
core   0: 3 0x80000c14 (0x0001)
core   0: 0x80000c16 (0xff714b03) lbu     s6, -9(sp)
core   0: 3 0x80000c16 (0xff714b03) x22 0x00000032 mem 0x80010709
core   0: 0x80000c1a (0x9d63a713) slti    a4, t2, -1578
core   0: 3 0x80000c1a (0x9d63a713) x14 0x00000001
core   0: 0x80000c1e (0x03710483) lb      s1, 55(sp)
core   0: 3 0x80000c1e (0x03710483) x9  0xffffffed mem 0x80010749
core   0: 0x80000c22 (0x41fc5013) srai    zero, s8, 31
core   0: 3 0x80000c22 (0x41fc5013)
core   0: 0x80000c26 (0xfc514783) lbu     a5, -59(sp)
core   0: 3 0x80000c26 (0xfc514783) x15 0x00000065 mem 0x800106d7
core   0: 0x80000c2a (0xfcf107a3) sb      a5, -49(sp)
core   0: 3 0x80000c2a (0xfcf107a3) mem 0x800106e1 0x65
core   0: 0x80000c2e (0x00c10623) sb      a2, 12(sp)
core   0: 3 0x80000c2e (0x00c10623) mem 0x8001071e 0x00
core   0: 0x80000c32 (0x03510ca3) sb      s5, 57(sp)
core   0: 3 0x80000c32 (0x03510ca3) mem 0x8001074b 0xa2
core   0: 0x80000c36 (0x406ca413) slti    s0, s9, 1030
core   0: 3 0x80000c36 (0x406ca413) x8  0x00000001
core   0: 0x80000c3a (0x01f50733) add     a4, a0, t6
core   0: 3 0x80000c3a (0x01f50733) x14 0x00000029
core   0: 0x80000c3e (0x3115cd93) xori    s11, a1, 785
core   0: 3 0x80000c3e (0x3115cd93) x27 0x0000037c
core   0: 0x80000c42 (0xfc110d03) lb      s10, -63(sp)
core   0: 3 0x80000c42 (0xfc110d03) x26 0xffffffaa mem 0x800106d3
core   0: 0x80000c46 (0x00010e97) auipc   t4, 0x10
core   0: 3 0x80000c46 (0x00010e97) x29 0x80010c46
core   0: 0x80000c4a (0xf31e8e93) addi    t4, t4, -207
core   0: 3 0x80000c4a (0xf31e8e93) x29 0x80010b77
core   0: 0x80000c4e (0x001ec103) lbu     sp, 1(t4)
core   0: 3 0x80000c4e (0x001ec103) x2  0x00000078 mem 0x80010b78
core   0: 0x80000c52 (0x004e94a3) sh      tp, 9(t4)
core   0: 3 0x80000c52 (0x004e94a3) mem 0x80010b80 0xffff
core   0: 0x80000c56 (0xff4e8e03) lb      t3, -12(t4)
core   0: 3 0x80000c56 (0xff4e8e03) x28 0x00000011 mem 0x80010b6b
core   0: 0x80000c5a (0xff4ecf03) lbu     t5, -12(t4)
core   0: 3 0x80000c5a (0xff4ecf03) x30 0x00000011 mem 0x80010b6b
core   0: 0x80000c5e (0xff4ecc83) lbu     s9, -12(t4)
core   0: 3 0x80000c5e (0xff4ecc83) x25 0x00000011 mem 0x80010b6b
core   0: 0x80000c62 (0x8c3fcc13) xori    s8, t6, -1853
core   0: 3 0x80000c62 (0x8c3fcc13) x24 0xfffff8ea
core   0: 0x80000c66 (0xfe1e8a23) sb      ra, -12(t4)
core   0: 3 0x80000c66 (0xfe1e8a23) mem 0x80010b6b 0xc9
core   0: 0x80000c6a (0x00ee92a3) sh      a4, 5(t4)
core   0: 3 0x80000c6a (0x00ee92a3) mem 0x80010b7c 0x0029
core   0: 0x80000c6e (0x00de82a3) sb      a3, 5(t4)
core   0: 3 0x80000c6e (0x00de82a3) mem 0x80010b7c 0x00
core   0: 0x80000c72 (0xff7eda83) lhu     s5, -9(t4)
core   0: 3 0x80000c72 (0xff7eda83) x21 0x00006564 mem 0x80010b6e
core   0: 0x80000c76 (0x003e8223) sb      gp, 4(t4)
core   0: 3 0x80000c76 (0x003e8223) mem 0x80010b7b 0x00
core   0: 0x80000c7a (0xffaec403) lbu     s0, -6(t4)
core   0: 3 0x80000c7a (0xffaec403) x8  0x0000000b mem 0x80010b71
core   0: 0x80000c7e (0x00aec783) lbu     a5, 10(t4)
core   0: 3 0x80000c7e (0x00aec783) x15 0x000000ff mem 0x80010b81
core   0: 0x80000c82 (0xff4e8d03) lb      s10, -12(t4)
core   0: 3 0x80000c82 (0xff4e8d03) x26 0xffffffc9 mem 0x80010b6b
core   0: 0x80000c86 (0x008ece03) lbu     t3, 8(t4)
core   0: 3 0x80000c86 (0x008ece03) x28 0x00000019 mem 0x80010b7f
core   0: 0x80000c8a (0x019920b3) slt     ra, s2, s9
core   0: 3 0x80000c8a (0x019920b3) x1  0x00000001
core   0: 0x80000c8e (0x00d4d893) srli    a7, s1, 13
core   0: 3 0x80000c8e (0x00d4d893) x17 0x0007ffff
core   0: 0x80000c92 (0x00131393) slli    t2, t1, 1
core   0: 3 0x80000c92 (0x00131393) x7  0xffffffb6
core   0: 0x80000c96 (0xb0177113) andi    sp, a4, -1279
core   0: 3 0x80000c96 (0xb0177113) x2  0x00000001
core   0: 0x80000c9a (0x01923cb3) sltu    s9, tp, s9
core   0: 3 0x80000c9a (0x01923cb3) x25 0x00000000
core   0: 0x80000c9e (0x00fedb03) lhu     s6, 15(t4)
core   0: 3 0x80000c9e (0x00fedb03) x22 0x0000988f mem 0x80010b86
core   0: 0x80000ca2 (0x01be97a3) sh      s11, 15(t4)
core   0: 3 0x80000ca2 (0x01be97a3) mem 0x80010b86 0x037c
core   0: 0x80000ca6 (0xfffedd83) lhu     s11, -1(t4)
core   0: 3 0x80000ca6 (0xfffedd83) x27 0x00002c09 mem 0x80010b76
core   0: 0x80000caa (0x000056e9) c.li    a3, -6
core   0: 3 0x80000caa (0x56e9) x13 0xfffffffa
core   0: 0x80000cac (0x00006861) c.lui   a6, 0x18
core   0: 3 0x80000cac (0x6861) x16 0x00018000
core   0: 0x80000cae (0x035c93b3) mulh    t2, s9, s5
core   0: 3 0x80000cae (0x035c93b3) x7  0x00000000
core   0: 0x80000cb2 (0x00004729) c.li    a4, 10
core   0: 3 0x80000cb2 (0x4729) x14 0x0000000a
core   0: 0x80000cb4 (0x02b4f433) remu    s0, s1, a1
core   0: 3 0x80000cb4 (0x02b4f433) x8  0x00000038
core   0: 0x80000cb8 (0x019530b3) sltu    ra, a0, s9
core   0: 3 0x80000cb8 (0x019530b3) x1  0x00000000
core   0: 0x80000cbc (0x000006a1) c.addi  a3, 8
core   0: 3 0x80000cbc (0x06a1) x13 0x00000002
core   0: 0x80000cbe (0x139b2f93) slti    t6, s6, 313
core   0: 3 0x80000cbe (0x139b2f93) x31 0x00000000
core   0: 0x80000cc2 (0x000052fd) c.li    t0, -1
core   0: 3 0x80000cc2 (0x52fd) x5  0xffffffff
core   0: 0x80000cc4 (0x017f0ab3) add     s5, t5, s7
core   0: 3 0x80000cc4 (0x017f0ab3) x21 0x00000025
core   0: 0x80000cc8 (0x0000411d) c.li    sp, 7
core   0: 3 0x80000cc8 (0x411d) x2  0x00000007
core   0: 0x80000cca (0x000043bd) c.li    t2, 15
core   0: 3 0x80000cca (0x43bd) x7  0x0000000f
core   0: 0x80000ccc (0x00000289) c.addi  t0, 2
core   0: 3 0x80000ccc (0x0289) x5  0x00000001
core   0: 0x80000cce (0xfe229ee3) bne     t0, sp, pc - 4
core   0: 3 0x80000cce (0xfe229ee3)
core   0: 0x80000cca (0x000043bd) c.li    t2, 15
core   0: 3 0x80000cca (0x43bd) x7  0x0000000f
core   0: 0x80000ccc (0x00000289) c.addi  t0, 2
core   0: 3 0x80000ccc (0x0289) x5  0x00000003
core   0: 0x80000cce (0xfe229ee3) bne     t0, sp, pc - 4
core   0: 3 0x80000cce (0xfe229ee3)
core   0: 0x80000cca (0x000043bd) c.li    t2, 15
core   0: 3 0x80000cca (0x43bd) x7  0x0000000f
core   0: 0x80000ccc (0x00000289) c.addi  t0, 2
core   0: 3 0x80000ccc (0x0289) x5  0x00000005
core   0: 0x80000cce (0xfe229ee3) bne     t0, sp, pc - 4
core   0: 3 0x80000cce (0xfe229ee3)
core   0: 0x80000cca (0x000043bd) c.li    t2, 15
core   0: 3 0x80000cca (0x43bd) x7  0x0000000f
core   0: 0x80000ccc (0x00000289) c.addi  t0, 2
core   0: 3 0x80000ccc (0x0289) x5  0x00000007
core   0: 0x80000cce (0xfe229ee3) bne     t0, sp, pc - 4
core   0: 3 0x80000cce (0xfe229ee3)
core   0: 0x80000cd2 (0x00000992) c.slli  s3, 4
core   0: 3 0x80000cd2 (0x0992) x19 0x00000360
core   0: 0x80000cd4 (0x00000001) c.nop
core   0: 3 0x80000cd4 (0x0001)
core   0: 0x80000cd6 (0x0ad0ad13) slti    s10, ra, 173
core   0: 3 0x80000cd6 (0x0ad0ad13) x26 0x00000001
core   0: 0x80000cda (0xfce6cfe3) blt     a3, a4, pc - 34
core   0: 3 0x80000cda (0xfce6cfe3)
core   0: 0x80000cb8 (0x019530b3) sltu    ra, a0, s9
core   0: 3 0x80000cb8 (0x019530b3) x1  0x00000000
core   0: 0x80000cbc (0x000006a1) c.addi  a3, 8
core   0: 3 0x80000cbc (0x06a1) x13 0x0000000a
core   0: 0x80000cbe (0x139b2f93) slti    t6, s6, 313
core   0: 3 0x80000cbe (0x139b2f93) x31 0x00000000
core   0: 0x80000cc2 (0x000052fd) c.li    t0, -1
core   0: 3 0x80000cc2 (0x52fd) x5  0xffffffff
core   0: 0x80000cc4 (0x017f0ab3) add     s5, t5, s7
core   0: 3 0x80000cc4 (0x017f0ab3) x21 0x00000025
core   0: 0x80000cc8 (0x0000411d) c.li    sp, 7
core   0: 3 0x80000cc8 (0x411d) x2  0x00000007
core   0: 0x80000cca (0x000043bd) c.li    t2, 15
core   0: 3 0x80000cca (0x43bd) x7  0x0000000f
core   0: 0x80000ccc (0x00000289) c.addi  t0, 2
core   0: 3 0x80000ccc (0x0289) x5  0x00000001
core   0: 0x80000cce (0xfe229ee3) bne     t0, sp, pc - 4
core   0: 3 0x80000cce (0xfe229ee3)
core   0: 0x80000cca (0x000043bd) c.li    t2, 15
core   0: 3 0x80000cca (0x43bd) x7  0x0000000f
core   0: 0x80000ccc (0x00000289) c.addi  t0, 2
core   0: 3 0x80000ccc (0x0289) x5  0x00000003
core   0: 0x80000cce (0xfe229ee3) bne     t0, sp, pc - 4
core   0: 3 0x80000cce (0xfe229ee3)
core   0: 0x80000cca (0x000043bd) c.li    t2, 15
core   0: 3 0x80000cca (0x43bd) x7  0x0000000f
core   0: 0x80000ccc (0x00000289) c.addi  t0, 2
core   0: 3 0x80000ccc (0x0289) x5  0x00000005
core   0: 0x80000cce (0xfe229ee3) bne     t0, sp, pc - 4
core   0: 3 0x80000cce (0xfe229ee3)
core   0: 0x80000cca (0x000043bd) c.li    t2, 15
core   0: 3 0x80000cca (0x43bd) x7  0x0000000f
core   0: 0x80000ccc (0x00000289) c.addi  t0, 2
core   0: 3 0x80000ccc (0x0289) x5  0x00000007
core   0: 0x80000cce (0xfe229ee3) bne     t0, sp, pc - 4
core   0: 3 0x80000cce (0xfe229ee3)
core   0: 0x80000cd2 (0x00000992) c.slli  s3, 4
core   0: 3 0x80000cd2 (0x0992) x19 0x00003600
core   0: 0x80000cd4 (0x00000001) c.nop
core   0: 3 0x80000cd4 (0x0001)
core   0: 0x80000cd6 (0x0ad0ad13) slti    s10, ra, 173
core   0: 3 0x80000cd6 (0x0ad0ad13) x26 0x00000001
core   0: 0x80000cda (0xfce6cfe3) blt     a3, a4, pc - 34
core   0: 3 0x80000cda (0xfce6cfe3)
core   0: 0x80000cde (0x328fe393) ori     t2, t6, 808
core   0: 3 0x80000cde (0x328fe393) x7  0x00000328
core   0: 0x80000ce2 (0x00018297) auipc   t0, 0x18
core   0: 3 0x80000ce2 (0x00018297) x5  0x80018ce2
core   0: 0x80000ce6 (0xf4528293) addi    t0, t0, -187
core   0: 3 0x80000ce6 (0xf4528293) x5  0x80018c27
core   0: 0x80000cea (0xff028703) lb      a4, -16(t0)
core   0: 3 0x80000cea (0xff028703) x14 0x00000075 mem 0x80018c17
core   0: 0x80000cee (0x00d2c803) lbu     a6, 13(t0)
core   0: 3 0x80000cee (0x00d2c803) x16 0x00000036 mem 0x80018c34
core   0: 0x80000cf2 (0x00008d91) c.sub   a1, a2
core   0: 3 0x80000cf2 (0x8d91) x11 0x0000006d
core   0: 0x80000cf4 (0xfe828a23) sb      s0, -12(t0)
core   0: 3 0x80000cf4 (0xfe828a23) mem 0x80018c1b 0x38
core   0: 0x80000cf8 (0x00490533) add     a0, s2, tp
core   0: 3 0x80000cf8 (0x00490533) x10 0x80025e63
core   0: 0x80000cfc (0xff529ea3) sh      s5, -3(t0)
core   0: 3 0x80000cfc (0xff529ea3) mem 0x80018c24 0x0025
core   0: 0x80000d00 (0x03f0f3b3) remu    t2, ra, t6
core   0: 3 0x80000d00 (0x03f0f3b3) x7  0x00000000
core   0: 0x80000d04 (0xff128d03) lb      s10, -15(t0)
core   0: 3 0x80000d04 (0xff128d03) x26 0x0000004e mem 0x80018c18
core   0: 0x80000d08 (0x41900bb3) sub     s7, zero, s9
core   0: 3 0x80000d08 (0x41900bb3) x23 0x00000000
core   0: 0x80000d0c (0x01d28223) sb      t4, 4(t0)
core   0: 3 0x80000d0c (0x01d28223) mem 0x80018c2b 0x77
core   0: 0x80000d10 (0xff428d03) lb      s10, -12(t0)
core   0: 3 0x80000d10 (0xff428d03) x26 0x00000038 mem 0x80018c1b
core   0: 0x80000d14 (0x0000527d) c.li    tp, -1
core   0: 3 0x80000d14 (0x527d) x4  0xffffffff
core   0: 0x80000d16 (0xff929b03) lh      s6, -7(t0)
core   0: 3 0x80000d16 (0xff929b03) x22 0x00007155 mem 0x80018c20
core   0: 0x80000d1a (0xffe2cf03) lbu     t5, -2(t0)
core   0: 3 0x80000d1a (0xffe2cf03) x30 0x00000000 mem 0x80018c25
core   0: 0x80000d1e (0x01c293a3) sh      t3, 7(t0)
core   0: 3 0x80000d1e (0x01c293a3) mem 0x80018c2e 0x0019
core   0: 0x80000d22 (0x00028f03) lb      t5, 0(t0)
core   0: 3 0x80000d22 (0x00028f03) x30 0x00000011 mem 0x80018c27
core   0: 0x80000d26 (0x00000001) c.nop
core   0: 3 0x80000d26 (0x0001)
core   0: 0x80000d28 (0xff22c983) lbu     s3, -14(t0)
core   0: 3 0x80000d28 (0xff22c983) x19 0x000000f5 mem 0x80018c19
core   0: 0x80000d2c (0x00000752) c.slli  a4, 20
core   0: 3 0x80000d2c (0x0752) x14 0x07500000
core   0: 0x80000d2e (0x01328323) sb      s3, 6(t0)
core   0: 3 0x80000d2e (0x01328323) mem 0x80018c2d 0xf5
core   0: 0x80000d32 (0xffc28823) sb      t3, -16(t0)
core   0: 3 0x80000d32 (0xffc28823) mem 0x80018c17 0x19
core   0: 0x80000d36 (0x000083d5) c.srli  a5, 21
core   0: 3 0x80000d36 (0x83d5) x15 0x00000000
core   0: 0x80000d38 (0x01e28223) sb      t5, 4(t0)
core   0: 3 0x80000d38 (0x01e28223) mem 0x80018c2b 0x11
core   0: 0x80000d3c (0xfe228ea3) sb      sp, -3(t0)
core   0: 3 0x80000d3c (0xfe228ea3) mem 0x80018c24 0x07
core   0: 0x80000d40 (0x017285a3) sb      s7, 11(t0)
core   0: 3 0x80000d40 (0x017285a3) mem 0x80018c32 0x00
core   0: 0x80000d44 (0x00728303) lb      t1, 7(t0)
core   0: 3 0x80000d44 (0x00728303) x6  0x00000019 mem 0x80018c2e
core   0: 0x80000d48 (0x00c28b03) lb      s6, 12(t0)
core   0: 3 0x80000d48 (0x00c28b03) x22 0x0000002f mem 0x80018c33
core   0: 0x80000d4c (0xdce57f93) andi    t6, a0, -562
core   0: 3 0x80000d4c (0xdce57f93) x31 0x80025c42
core   0: 0x80000d50 (0xffa2cf03) lbu     t5, -6(t0)
core   0: 3 0x80000d50 (0xffa2cf03) x30 0x00000071 mem 0x80018c21
core   0: 0x80000d54 (0x000003b9) c.addi  t2, 14
core   0: 3 0x80000d54 (0x03b9) x7  0x0000000e
core   0: 0x80000d56 (0x00c28523) sb      a2, 10(t0)
core   0: 3 0x80000d56 (0x00c28523) mem 0x80018c31 0x00
core   0: 0x80000d5a (0x00e2ce03) lbu     t3, 14(t0)
core   0: 3 0x80000d5a (0x00e2ce03) x28 0x000000fd mem 0x80018c35
core   0: 0x80000d5e (0x0022cf03) lbu     t5, 2(t0)
core   0: 3 0x80000d5e (0x0022cf03) x30 0x00000083 mem 0x80018c29
core   0: 0x80000d62 (0x000069e9) c.lui   s3, 0x1a
core   0: 3 0x80000d62 (0x69e9) x19 0x0001a000
core   0: 0x80000d64 (0x0002c083) lbu     ra, 0(t0)
core   0: 3 0x80000d64 (0x0002c083) x1  0x00000011 mem 0x80018c27
core   0: 0x80000d68 (0x036d6cb3) rem     s9, s10, s6
core   0: 3 0x80000d68 (0x036d6cb3) x25 0x00000009
core   0: 0x80000d6c (0x00008c1d) c.sub   s0, a5
core   0: 3 0x80000d6c (0x8c1d) x8  0x00000038
core   0: 0x80000d6e (0x00157ab3) and     s5, a0, ra
core   0: 3 0x80000d6e (0x00157ab3) x21 0x00000001
core   0: 0x80000d72 (0x147ef313) andi    t1, t4, 327
core   0: 3 0x80000d72 (0x147ef313) x6  0x00000147
core   0: 0x80000d76 (0x02a1b8b3) mulhu   a7, gp, a0
core   0: 3 0x80000d76 (0x02a1b8b3) x17 0x00000000
core   0: 0x80000d7a (0xff62cb03) lbu     s6, -10(t0)
core   0: 3 0x80000d7a (0xff62cb03) x22 0x00000076 mem 0x80018c1d
core   0: 0x80000d7e (0xffb2d503) lhu     a0, -5(t0)
core   0: 3 0x80000d7e (0xffb2d503) x10 0x00009e70 mem 0x80018c22
core   0: 0x80000d82 (0x00828723) sb      s0, 14(t0)
core   0: 3 0x80000d82 (0x00828723) mem 0x80018c35 0x38
core   0: 0x80000d86 (0x408a5c13) srai    s8, s4, 8
core   0: 3 0x80000d86 (0x408a5c13) x24 0xff80029c
core   0: 0x80000d8a (0x411d0233) sub     tp, s10, a7
core   0: 3 0x80000d8a (0x411d0233) x4  0x00000038
core   0: 0x80000d8e (0x00006c31) c.lui   s8, 0xc
core   0: 3 0x80000d8e (0x6c31) x24 0x0000c000
core   0: 0x80000d90 (0x00008386) c.mv    t2, ra
core   0: 3 0x80000d90 (0x8386) x7  0x00000011
core   0: 0x80000d92 (0x00728c03) lb      s8, 7(t0)
core   0: 3 0x80000d92 (0x00728c03) x24 0x00000019 mem 0x80018c2e
core   0: 0x80000d96 (0x00c28783) lb      a5, 12(t0)
core   0: 3 0x80000d96 (0x00c28783) x15 0x0000002f mem 0x80018c33
core   0: 0x80000d9a (0x00008d99) c.sub   a1, a4
core   0: 3 0x80000d9a (0x8d99) x11 0xf8b0006d
core   0: 0x80000d9c (0xff52aea3) sw      s5, -3(t0)
core   0: 3 0x80000d9c (0xff52aea3) mem 0x80018c24 0x00000001
core   0: 0x80000da0 (0x00013f17) auipc   t5, 0x13
core   0: 3 0x80000da0 (0x00013f17) x30 0x80013da0
core   0: 0x80000da4 (0x890f0f13) addi    t5, t5, -1904
core   0: 3 0x80000da4 (0x890f0f13) x30 0x80013630
core   0: 0x80000da8 (0x0168ad33) slt     s10, a7, s6
core   0: 3 0x80000da8 (0x0168ad33) x26 0x00000001
core   0: 0x80000dac (0xf0a23713) sltiu   a4, tp, -246
core   0: 3 0x80000dac (0xf0a23713) x14 0x00000001
core   0: 0x80000db0 (0x016f0123) sb      s6, 2(t5)
core   0: 3 0x80000db0 (0x016f0123) mem 0x80013632 0x76
core   0: 0x80000db4 (0xffaf0ba3) sb      s10, -9(t5)
core   0: 3 0x80000db4 (0xffaf0ba3) mem 0x80013627 0x01
core   0: 0x80000db8 (0x017f1723) sh      s7, 14(t5)
core   0: 3 0x80000db8 (0x017f1723) mem 0x8001363e 0x0000
core   0: 0x80000dbc (0x00ef5803) lhu     a6, 14(t5)
core   0: 3 0x80000dbc (0x00ef5803) x16 0x00000000 mem 0x8001363e
core   0: 0x80000dc0 (0x9fe13493) sltiu   s1, sp, -1538
core   0: 3 0x80000dc0 (0x9fe13493) x9  0x00000001
core   0: 0x80000dc4 (0x0000997d) c.andi  a0, -1
core   0: 3 0x80000dc4 (0x997d) x10 0x00009e70
core   0: 0x80000dc6 (0x005f4e83) lbu     t4, 5(t5)
core   0: 3 0x80000dc6 (0x005f4e83) x29 0x000000d7 mem 0x80013635
core   0: 0x80000dca (0xff2f4383) lbu     t2, -14(t5)
core   0: 3 0x80000dca (0xff2f4383) x7  0x000000e5 mem 0x80013622
core   0: 0x80000dce (0x00df0703) lb      a4, 13(t5)
core   0: 3 0x80000dce (0x00df0703) x14 0xfffffffc mem 0x8001363d
core   0: 0x80000dd2 (0xffaf1c23) sh      s10, -8(t5)
core   0: 3 0x80000dd2 (0xffaf1c23) mem 0x80013628 0x0001
core   0: 0x80000dd6 (0xff9f0c23) sb      s9, -8(t5)
core   0: 3 0x80000dd6 (0xff9f0c23) mem 0x80013628 0x09
core   0: 0x80000dda (0xff6f1683) lh      a3, -10(t5)
core   0: 3 0x80000dda (0xff6f1683) x13 0x0000019a mem 0x80013626
core   0: 0x80000dde (0x2bb96f93) ori     t6, s2, 699
core   0: 3 0x80000dde (0x2bb96f93) x31 0x80025eff
core   0: 0x80000de2 (0x00ef0483) lb      s1, 14(t5)
core   0: 3 0x80000de2 (0x00ef0483) x9  0x00000000 mem 0x8001363e
core   0: 0x80000de6 (0x00004e91) c.li    t4, 4
core   0: 3 0x80000de6 (0x4e91) x29 0x00000004
core   0: 0x80000de8 (0x03eea0b3) mulhsu  ra, t4, t5
core   0: 3 0x80000de8 (0x03eea0b3) x1  0x00000002
core   0: 0x80000dec (0x001d93b3) sll     t2, s11, ra
core   0: 3 0x80000dec (0x001d93b3) x7  0x0000b024
core   0: 0x80000df0 (0x00006159) c.addi16sp sp, 400
core   0: 3 0x80000df0 (0x6159) x2  0x00000197
core   0: 0x80000df2 (0xffbf4203) lbu     tp, -5(t5)
core   0: 3 0x80000df2 (0xffbf4203) x4  0x000000ce mem 0x8001362b
core   0: 0x80000df6 (0xff2f1d23) sh      s2, -6(t5)
core   0: 3 0x80000df6 (0xff2f1d23) mem 0x8001362a 0x5e64
core   0: 0x80000dfa (0x000086e1) c.srai  a3, 24
core   0: 3 0x80000dfa (0x86e1) x13 0x00000000
core   0: 0x80000dfc (0x000066fd) c.lui   a3, 0x1f
core   0: 3 0x80000dfc (0x66fd) x13 0x0001f000
core   0: 0x80000dfe (0x00df4d83) lbu     s11, 13(t5)
core   0: 3 0x80000dfe (0x00df4d83) x27 0x000000fc mem 0x8001363d
core   0: 0x80000e02 (0x00ef0223) sb      a4, 4(t5)
core   0: 3 0x80000e02 (0x00ef0223) mem 0x80013634 0xfc
core   0: 0x80000e06 (0x004f4c83) lbu     s9, 4(t5)
core   0: 3 0x80000e06 (0x004f4c83) x25 0x000000fc mem 0x80013634
core   0: 0x80000e0a (0x0000fe97) auipc   t4, 0xf
core   0: 3 0x80000e0a (0x0000fe97) x29 0x8000fe0a
core   0: 0x80000e0e (0x327e8e93) addi    t4, t4, 807
core   0: 3 0x80000e0e (0x327e8e93) x29 0x80010131
core   0: 0x80000e12 (0x000041f9) c.li    gp, 30
core   0: 3 0x80000e12 (0x41f9) x3  0x0000001e
core   0: 0x80000e14 (0x052e8ea3) sb      s2, 93(t4)
core   0: 3 0x80000e14 (0x052e8ea3) mem 0x8001018e 0x64
core   0: 0x80000e18 (0x05ded203) lhu     tp, 93(t4)
core   0: 3 0x80000e18 (0x05ded203) x4  0x0000e564 mem 0x8001018e
core   0: 0x80000e1c (0x05de8803) lb      a6, 93(t4)
core   0: 3 0x80000e1c (0x05de8803) x16 0x00000064 mem 0x8001018e
core   0: 0x80000e20 (0x05de8503) lb      a0, 93(t4)
core   0: 3 0x80000e20 (0x05de8503) x10 0x00000064 mem 0x8001018e
core   0: 0x80000e24 (0x04ce8ea3) sb      a2, 93(t4)
core   0: 3 0x80000e24 (0x04ce8ea3) mem 0x8001018e 0x00
core   0: 0x80000e28 (0x05de9203) lh      tp, 93(t4)
core   0: 3 0x80000e28 (0x05de9203) x4  0xffffe500 mem 0x8001018e
core   0: 0x80000e2c (0x00006119) c.addi16sp sp, 384
core   0: 3 0x80000e2c (0x6119) x2  0x00000317
core   0: 0x80000e2e (0x051e8ea3) sb      a7, 93(t4)
core   0: 3 0x80000e2e (0x051e8ea3) mem 0x8001018e 0x00
core   0: 0x80000e32 (0x04fe9ea3) sh      a5, 93(t4)
core   0: 3 0x80000e32 (0x04fe9ea3) mem 0x8001018e 0x002f
core   0: 0x80000e36 (0x05de9583) lh      a1, 93(t4)
core   0: 3 0x80000e36 (0x05de9583) x11 0x0000002f mem 0x8001018e
core   0: 0x80000e3a (0x058e8ea3) sb      s8, 93(t4)
core   0: 3 0x80000e3a (0x058e8ea3) mem 0x8001018e 0x19
core   0: 0x80000e3e (0x05ae9ea3) sh      s10, 93(t4)
core   0: 3 0x80000e3e (0x05ae9ea3) mem 0x8001018e 0x0001
core   0: 0x80000e42 (0x05de9203) lh      tp, 93(t4)
core   0: 3 0x80000e42 (0x05de9203) x4  0x00000001 mem 0x8001018e
core   0: 0x80000e46 (0x05dece03) lbu     t3, 93(t4)
core   0: 3 0x80000e46 (0x05dece03) x28 0x00000001 mem 0x8001018e
core   0: 0x80000e4a (0x0cee8703) lb      a4, 206(t4)
core   0: 3 0x80000e4a (0x0cee8703) x14 0x0000003d mem 0x800101ff
core   0: 0x80000e4e (0x00000001) c.nop
core   0: 3 0x80000e4e (0x0001)
core   0: 0x80000e50 (0x0c1e8723) sb      ra, 206(t4)
core   0: 3 0x80000e50 (0x0c1e8723) mem 0x800101ff 0x02
core   0: 0x80000e54 (0x0c6e8723) sb      t1, 206(t4)
core   0: 3 0x80000e54 (0x0c6e8723) mem 0x800101ff 0x47
core   0: 0x80000e58 (0x0ceecc03) lbu     s8, 206(t4)
core   0: 3 0x80000e58 (0x0ceecc03) x24 0x00000047 mem 0x800101ff
core   0: 0x80000e5c (0x0d0e8723) sb      a6, 206(t4)
core   0: 3 0x80000e5c (0x0d0e8723) mem 0x800101ff 0x64
core   0: 0x80000e60 (0x00016317) auipc   t1, 0x16
core   0: 3 0x80000e60 (0x00016317) x6  0x80016e60
core   0: 0x80000e64 (0x85b30313) addi    t1, t1, -1957
core   0: 3 0x80000e64 (0x85b30313) x6  0x800166bb
core   0: 0x80000e68 (0xc80c7093) andi    ra, s8, -896
core   0: 3 0x80000e68 (0xc80c7093) x1  0x00000000
core   0: 0x80000e6c (0x00000001) c.nop
core   0: 3 0x80000e6c (0x0001)
core   0: 0x80000e6e (0x00008fa5) c.xor   a5, s1
core   0: 3 0x80000e6e (0x8fa5) x15 0x0000002f
core   0: 0x80000e70 (0x01a45e13) srli    t3, s0, 26
core   0: 3 0x80000e70 (0x01a45e13) x28 0x00000000
core   0: 0x80000e74 (0xf5634103) lbu     sp, -170(t1)
core   0: 3 0x80000e74 (0xf5634103) x2  0x00000061 mem 0x80016611
core   0: 0x80000e78 (0x00b95b33) srl     s6, s2, a1
core   0: 3 0x80000e78 (0x00b95b33) x22 0x00010004
core   0: 0x80000e7c (0x06a304a3) sb      a0, 105(t1)
core   0: 3 0x80000e7c (0x06a304a3) mem 0x80016724 0x64
core   0: 0x80000e80 (0x00008eb1) c.xor   a3, a2
core   0: 3 0x80000e80 (0x8eb1) x13 0x0001f000
core   0: 0x80000e82 (0xfa234703) lbu     a4, -94(t1)
core   0: 3 0x80000e82 (0xfa234703) x14 0x000000f6 mem 0x8001665d
core   0: 0x80000e86 (0x0138eab3) or      s5, a7, s3
core   0: 3 0x80000e86 (0x0138eab3) x21 0x0001a000
core   0: 0x80000e8a (0x00008832) c.mv    a6, a2
core   0: 3 0x80000e8a (0x8832) x16 0x00000000
core   0: 0x80000e8c (0x0da31aa3) sh      s10, 213(t1)
core   0: 3 0x80000e8c (0x0da31aa3) mem 0x80016790 0x0001
core   0: 0x80000e90 (0xf0331e83) lh      t4, -253(t1)
core   0: 3 0x80000e90 (0xf0331e83) x29 0x000014cc mem 0x800165be
core   0: 0x80000e94 (0x7e5ea093) slti    ra, t4, 2021
core   0: 3 0x80000e94 (0x7e5ea093) x1  0x00000000
core   0: 0x80000e98 (0x02d19e33) mulh    t3, gp, a3
core   0: 3 0x80000e98 (0x02d19e33) x28 0x00000000
core   0: 0x80000e9c (0x05b35a83) lhu     s5, 91(t1)
core   0: 3 0x80000e9c (0x05b35a83) x21 0x0000d4de mem 0x80016716
core   0: 0x80000ea0 (0x00000001) c.nop
core   0: 3 0x80000ea0 (0x0001)
core   0: 0x80000ea2 (0x00006c65) c.lui   s8, 0x19
core   0: 3 0x80000ea2 (0x6c65) x24 0x00019000
core   0: 0x80000ea4 (0x000061b9) c.lui   gp, 0xe
core   0: 3 0x80000ea4 (0x61b9) x3  0x0000e000
core   0: 0x80000ea6 (0x03334183) lbu     gp, 51(t1)
core   0: 3 0x80000ea6 (0x03334183) x3  0x0000006f mem 0x800166ee
core   0: 0x80000eaa (0x40dfd6b3) sra     a3, t6, a3
core   0: 3 0x80000eaa (0x40dfd6b3) x13 0x80025eff
core   0: 0x80000eae (0x0a330883) lb      a7, 163(t1)
core   0: 3 0x80000eae (0x0a330883) x17 0xffffff8b mem 0x8001675e
core   0: 0x80000eb2 (0x1851b817) auipc   a6, 0x1851b
core   0: 3 0x80000eb2 (0x1851b817) x16 0x9851beb2
core   0: 0x80000eb6 (0x00001b94) c.addi4spn a3, sp, 496
core   0: 3 0x80000eb6 (0x1b94) x13 0x00000251
core   0: 0x80000eb8 (0x022c9e33) mulh    t3, s9, sp
core   0: 3 0x80000eb8 (0x022c9e33) x28 0x00000000
core   0: 0x80000ebc (0x09434a83) lbu     s5, 148(t1)
core   0: 3 0x80000ebc (0x09434a83) x21 0x00000049 mem 0x8001674f
core   0: 0x80000ec0 (0x02296433) rem     s0, s2, sp
core   0: 3 0x80000ec0 (0x02296433) x8  0xffffffe2
core   0: 0x80000ec4 (0x4f574893) xori    a7, a4, 1269
core   0: 3 0x80000ec4 (0x4f574893) x17 0x00000403
core   0: 0x80000ec8 (0xfda30403) lb      s0, -38(t1)
core   0: 3 0x80000ec8 (0xfda30403) x8  0xffffff8f mem 0x80016695
core   0: 0x80000ecc (0xf8930ca3) sb      s1, -103(t1)
core   0: 3 0x80000ecc (0xf8930ca3) mem 0x80016654 0x00
core   0: 0x80000ed0 (0xfe131c03) lh      s8, -31(t1)
core   0: 3 0x80000ed0 (0xfe131c03) x24 0xffffff92 mem 0x8001669c
core   0: 0x80000ed4 (0x000008fa) c.slli  a7, 30
core   0: 3 0x80000ed4 (0x08fa) x17 0xc0000000
core   0: 0x80000ed6 (0x03c5e033) rem     zero, a1, t3
core   0: 3 0x80000ed6 (0x03c5e033)
core   0: 0x80000eda (0x018558b3) srl     a7, a0, s8
core   0: 3 0x80000eda (0x018558b3) x17 0x00000000
core   0: 0x80000ede (0x005037b3) snez    a5, t0
core   0: 3 0x80000ede (0x005037b3) x15 0x00000001
core   0: 0x80000ee2 (0xf09320a3) sw      s1, -255(t1)
core   0: 3 0x80000ee2 (0xf09320a3) mem 0x800165bc 0x00000000
core   0: 0x80000ee6 (0x00000efe) c.slli  t4, 31
core   0: 3 0x80000ee6 (0x0efe) x29 0x00000000
core   0: 0x80000ee8 (0x89c87d93) andi    s11, a6, -1892
core   0: 3 0x80000ee8 (0x89c87d93) x27 0x9851b890
core   0: 0x80000eec (0xf6b35003) lhu     zero, -149(t1)
core   0: 3 0x80000eec (0xf6b35003) mem 0x80016626
core   0: 0x80000ef0 (0xf9a30683) lb      a3, -102(t1)
core   0: 3 0x80000ef0 (0xf9a30683) x13 0x0000006a mem 0x80016655
core   0: 0x80000ef4 (0xb973b713) sltiu   a4, t2, -1129
core   0: 3 0x80000ef4 (0xb973b713) x14 0x00000001
core   0: 0x80000ef8 (0x00000001) c.nop
core   0: 3 0x80000ef8 (0x0001)
core   0: 0x80000efa (0x024def33) rem     t5, s11, tp
core   0: 3 0x80000efa (0x024def33) x30 0x00000000
core   0: 0x80000efe (0x05d32aa3) sw      t4, 85(t1)
core   0: 3 0x80000efe (0x05d32aa3) mem 0x80016710 0x00000000
core   0: 0x80000f02 (0x03a000ef) jal     pc + 0x3a
core   0: 3 0x80000f02 (0x03a000ef) x1  0x80000f06
core   0: 0x80000f3c (0x000037cd) c.jal   pc - 30
core   0: 3 0x80000f3c (0x37cd) x1  0x80000f3e
core   0: 0x80000f1e (0x0000a011) c.j     pc + 4
core   0: 3 0x80000f1e (0xa011)
core   0: 0x80000f22 (0x0000b7dd) c.j     pc - 26
core   0: 3 0x80000f22 (0xb7dd)
core   0: 0x80000f08 (0x0000a811) c.j     pc + 20
core   0: 3 0x80000f08 (0xa811)
core   0: 0x80000f1c (0x0000bffd) c.j     pc - 2
core   0: 3 0x80000f1c (0xbffd)
core   0: 0x80000f1a (0x00002821) c.jal   pc + 24
core   0: 3 0x80000f1a (0x2821) x1  0x80000f1c
core   0: 0x80000f32 (0x00003fe5) c.jal   pc - 8
core   0: 3 0x80000f32 (0x3fe5) x1  0x80000f34
core   0: 0x80000f2a (0x0000bffd) c.j     pc - 2
core   0: 3 0x80000f2a (0xbffd)
core   0: 0x80000f28 (0x0000bffd) c.j     pc - 2
core   0: 3 0x80000f28 (0xbffd)
core   0: 0x80000f26 (0x00003fc5) c.jal   pc - 16
core   0: 3 0x80000f26 (0x3fc5) x1  0x80000f28
core   0: 0x80000f16 (0x0000202d) c.jal   pc + 42
core   0: 3 0x80000f16 (0x202d) x1  0x80000f18
core   0: 0x80000f40 (0x000037fd) c.jal   pc - 18
core   0: 3 0x80000f40 (0x37fd) x1  0x80000f42
core   0: 0x80000f2e (0xff7ff0ef) jal     pc - 0xa
core   0: 3 0x80000f2e (0xff7ff0ef) x1  0x80000f32
core   0: 0x80000f24 (0x0000b7dd) c.j     pc - 26
core   0: 3 0x80000f24 (0xb7dd)
core   0: 0x80000f0a (0x03a000ef) jal     pc + 0x3a
core   0: 3 0x80000f0a (0x03a000ef) x1  0x80000f0e
core   0: 0x80000f44 (0x0000b7f1) c.j     pc - 52
core   0: 3 0x80000f44 (0xb7f1)
core   0: 0x80000f10 (0x0000a80d) c.j     pc + 50
core   0: 3 0x80000f10 (0xa80d)
core   0: 0x80000f42 (0x00003fd9) c.jal   pc - 42
core   0: 3 0x80000f42 (0x3fd9) x1  0x80000f44
core   0: 0x80000f18 (0x0000a01d) c.j     pc + 38
core   0: 3 0x80000f18 (0xa01d)
core   0: 0x80000f3e (0x00003fd1) c.jal   pc - 44
core   0: 3 0x80000f3e (0x3fd1) x1  0x80000f40
core   0: 0x80000f12 (0xff5ff0ef) jal     pc - 0xc
core   0: 3 0x80000f12 (0xff5ff0ef) x1  0x80000f16
core   0: 0x80000f06 (0x0000201d) c.jal   pc + 38
core   0: 3 0x80000f06 (0x201d) x1  0x80000f08
core   0: 0x80000f2c (0x000037cd) c.jal   pc - 30
core   0: 3 0x80000f2c (0x37cd) x1  0x80000f2e
core   0: 0x80000f0e (0x00002809) c.jal   pc + 18
core   0: 3 0x80000f0e (0x2809) x1  0x80000f10
core   0: 0x80000f20 (0x0000a821) c.j     pc + 24
core   0: 3 0x80000f20 (0xa821)
core   0: 0x80000f38 (0xffdff86f) jal     a6, pc - 0x4
core   0: 3 0x80000f38 (0xffdff86f) x16 0x80000f3c
core   0: 0x80000f34 (0x012000ef) jal     pc + 0x12
core   0: 3 0x80000f34 (0x012000ef) x1  0x80000f38
core   0: 0x80000f46 (0x011d4bb3) xor     s7, s10, a7
core   0: 3 0x80000f46 (0x011d4bb3) x23 0x00000001
core   0: 0x80000f4a (0x00010a97) auipc   s5, 0x10
core   0: 3 0x80000f4a (0x00010a97) x21 0x80010f4a
core   0: 0x80000f4e (0x52ea8a93) addi    s5, s5, 1326
core   0: 3 0x80000f4e (0x52ea8a93) x21 0x80011478
core   0: 0x80000f52 (0x013f8d33) add     s10, t6, s3
core   0: 3 0x80000f52 (0x013f8d33) x26 0x8003feff
core   0: 0x80000f56 (0x00008739) c.srai  a4, 14
core   0: 3 0x80000f56 (0x8739) x14 0x00000000
core   0: 0x80000f58 (0x02ed6233) rem     tp, s10, a4
core   0: 3 0x80000f58 (0x02ed6233) x4  0x8003feff
core   0: 0x80000f5c (0xd0ca9d03) lh      s10, -756(s5)
core   0: 3 0x80000f5c (0xd0ca9d03) x26 0x00005d0a mem 0x80011184
core   0: 0x80000f60 (0x235acc03) lbu     s8, 565(s5)
core   0: 3 0x80000f60 (0x235acc03) x24 0x000000f4 mem 0x800116ad
core   0: 0x80000f64 (0x000009f2) c.slli  s3, 28
core   0: 3 0x80000f64 (0x09f2) x19 0x00000000
core   0: 0x80000f66 (0x0139ec33) or      s8, s3, s3
core   0: 3 0x80000f66 (0x0139ec33) x24 0x00000000
core   0: 0x80000f6a (0x624a9d23) sh      tp, 1594(s5)
core   0: 3 0x80000f6a (0x624a9d23) mem 0x80011ab2 0xfeff
core   0: 0x80000f6e (0x00000001) c.nop
core   0: 3 0x80000f6e (0x0001)
core   0: 0x80000f70 (0x024c39b3) mulhu   s3, s8, tp
core   0: 3 0x80000f70 (0x024c39b3) x19 0x00000000
core   0: 0x80000f74 (0x0189f233) and     tp, s3, s8
core   0: 3 0x80000f74 (0x0189f233) x4  0x00000000
core   0: 0x80000f78 (0x03a25d33) divu    s10, tp, s10
core   0: 3 0x80000f78 (0x03a25d33) x26 0x00000000
core   0: 0x80000f7c (0x00000001) c.nop
core   0: 3 0x80000f7c (0x0001)
core   0: 0x80000f7e (0x7e4a8323) sb      tp, 2022(s5)
core   0: 3 0x80000f7e (0x7e4a8323) mem 0x80011c5e 0x00
core   0: 0x80000f82 (0x033d1d33) mulh    s10, s10, s3
core   0: 3 0x80000f82 (0x033d1d33) x26 0x00000000
core   0: 0x80000f86 (0x02ec3d33) mulhu   s10, s8, a4
core   0: 3 0x80000f86 (0x02ec3d33) x26 0x00000000
core   0: 0x80000f8a (0xc9aa9d23) sh      s10, -870(s5)
core   0: 3 0x80000f8a (0xc9aa9d23) mem 0x80011112 0x0000
core   0: 0x80000f8e (0x40325713) srai    a4, tp, 3
core   0: 3 0x80000f8e (0x40325713) x14 0x00000000
core   0: 0x80000f92 (0x00005ffd) c.li    t6, -1
core   0: 3 0x80000f92 (0x5ffd) x31 0xffffffff
core   0: 0x80000f94 (0x01a20fb3) add     t6, tp, s10
core   0: 3 0x80000f94 (0x01a20fb3) x31 0x00000000
core   0: 0x80000f98 (0x41af8fb3) sub     t6, t6, s10
core   0: 3 0x80000f98 (0x41af8fb3) x31 0x00000000
core   0: 0x80000f9c (0x37fa8aa3) sb      t6, 885(s5)
core   0: 3 0x80000f9c (0x37fa8aa3) mem 0x800117ed 0x00
core   0: 0x80000fa0 (0x554a8703) lb      a4, 1364(s5)
core   0: 3 0x80000fa0 (0x554a8703) x14 0x00000024 mem 0x800119cc
core   0: 0x80000fa4 (0x038fb9b3) mulhu   s3, t6, s8
core   0: 3 0x80000fa4 (0x038fb9b3) x19 0x00000000
core   0: 0x80000fa8 (0x40e9dfb3) sra     t6, s3, a4
core   0: 3 0x80000fa8 (0x40e9dfb3) x31 0x00000000
core   0: 0x80000fac (0x033f8fb3) mul     t6, t6, s3
core   0: 3 0x80000fac (0x033f8fb3) x31 0x00000000
core   0: 0x80000fb0 (0x4f0fb993) sltiu   s3, t6, 1264
core   0: 3 0x80000fb0 (0x4f0fb993) x19 0x00000001
core   0: 0x80000fb4 (0x01ac1c33) sll     s8, s8, s10
core   0: 3 0x80000fb4 (0x01ac1c33) x24 0x00000000
core   0: 0x80000fb8 (0x20aa8983) lb      s3, 522(s5)
core   0: 3 0x80000fb8 (0x20aa8983) x19 0xffffffa3 mem 0x80011682
core   0: 0x80000fbc (0xc5aa9323) sh      s10, -954(s5)
core   0: 3 0x80000fbc (0xc5aa9323) mem 0x800110be 0x0000
core   0: 0x80000fc0 (0x01aff733) and     a4, t6, s10
core   0: 3 0x80000fc0 (0x01aff733) x14 0x00000000
core   0: 0x80000fc4 (0x55fa9923) sh      t6, 1362(s5)
core   0: 3 0x80000fc4 (0x55fa9923) mem 0x800119ca 0x0000
core   0: 0x80000fc8 (0x40e989b3) sub     s3, s3, a4
core   0: 3 0x80000fc8 (0x40e989b3) x19 0xffffffa3
core   0: 0x80000fcc (0x41f25fb3) sra     t6, tp, t6
core   0: 3 0x80000fcc (0x41f25fb3) x31 0x00000000
core   0: 0x80000fd0 (0x00008f79) c.and   a4, a4
core   0: 3 0x80000fd0 (0x8f79) x14 0x00000000
core   0: 0x80000fd2 (0x00008f79) c.and   a4, a4
core   0: 3 0x80000fd2 (0x8f79) x14 0x00000000
core   0: 0x80000fd4 (0xeb8a80a3) sb      s8, -351(s5)
core   0: 3 0x80000fd4 (0xeb8a80a3) mem 0x80011319 0x00
core   0: 0x80000fd8 (0x00000fee) c.slli  t6, 27
core   0: 3 0x80000fd8 (0x0fee) x31 0x00000000
core   0: 0x80000fda (0x7f6a8203) lb      tp, 2038(s5)
core   0: 3 0x80000fda (0x7f6a8203) x4  0xffffffc4 mem 0x80011c6e
core   0: 0x80000fde (0xddfa9723) sh      t6, -562(s5)
core   0: 3 0x80000fde (0xddfa9723) mem 0x80011246 0x0000
core   0: 0x80000fe2 (0x5deadc03) lhu     s8, 1502(s5)
core   0: 3 0x80000fe2 (0x5deadc03) x24 0x00003dc2 mem 0x80011a56
core   0: 0x80000fe6 (0x41dac983) lbu     s3, 1053(s5)
core   0: 3 0x80000fe6 (0x41dac983) x19 0x00000051 mem 0x80011895
core   0: 0x80000fea (0x03a23fb3) mulhu   t6, tp, s10
core   0: 3 0x80000fea (0x03a23fb3) x31 0x00000000
core   0: 0x80000fee (0xe54adc03) lhu     s8, -428(s5)
core   0: 3 0x80000fee (0xe54adc03) x24 0x00002ebd mem 0x800112cc
core   0: 0x80000ff2 (0x1daa8b23) sb      s10, 470(s5)
core   0: 3 0x80000ff2 (0x1daa8b23) mem 0x8001164e 0x00
core   0: 0x80000ff6 (0x00000d62) c.slli  s10, 24
core   0: 3 0x80000ff6 (0x0d62) x26 0x00000000
core   0: 0x80000ff8 (0xdcea8fa3) sb      a4, -545(s5)
core   0: 3 0x80000ff8 (0xdcea8fa3) mem 0x80011257 0x00
core   0: 0x80000ffc (0x00017117) auipc   sp, 0x17
core   0: 3 0x80000ffc (0x00017117) x2  0x80017ffc
core   0: 0x80001000 (0x7f910113) addi    sp, sp, 2041
core   0: 3 0x80001000 (0x7f910113) x2  0x800187f5
core   0: 0x80001004 (0x0305c8b3) div     a7, a1, a6
core   0: 3 0x80001004 (0x0305c8b3) x17 0x00000000
core   0: 0x80001008 (0x04814b03) lbu     s6, 72(sp)
core   0: 3 0x80001008 (0x04814b03) x22 0x000000b7 mem 0x8001883d
core   0: 0x8000100c (0xf2014983) lbu     s3, -224(sp)
core   0: 3 0x8000100c (0xf2014983) x19 0x0000006c mem 0x80018715
core   0: 0x80001010 (0x00000262) c.slli  tp, 24
core   0: 3 0x80001010 (0x0262) x4  0xc4000000
core   0: 0x80001012 (0xf60c3213) sltiu   tp, s8, -160
core   0: 3 0x80001012 (0xf60c3213) x4  0x00000001
core   0: 0x80001016 (0x04c10983) lb      s3, 76(sp)
core   0: 3 0x80001016 (0x04c10983) x19 0xfffffff4 mem 0x80018841
core   0: 0x8000101a (0x1f3ce817) auipc   a6, 0x1f3ce
core   0: 3 0x8000101a (0x1f3ce817) x16 0x9f3cf01a
core   0: 0x8000101e (0xf4310623) sb      gp, -180(sp)
core   0: 3 0x8000101e (0xf4310623) mem 0x80018741 0x6f
core   0: 0x80001022 (0xf0410ea3) sb      tp, -227(sp)
core   0: 3 0x80001022 (0xf0410ea3) mem 0x80018712 0x01
core   0: 0x80001026 (0x05210303) lb      t1, 82(sp)
core   0: 3 0x80001026 (0x05210303) x6  0xffffffc8 mem 0x80018847
core   0: 0x8000102a (0x00514b03) lbu     s6, 5(sp)
core   0: 3 0x8000102a (0x00514b03) x22 0x0000000a mem 0x800187fa
core   0: 0x8000102e (0x0bd10f23) sb      t4, 190(sp)
core   0: 3 0x8000102e (0x0bd10f23) mem 0x800188b3 0x00
core   0: 0x80001032 (0x0be10983) lb      s3, 190(sp)
core   0: 3 0x80001032 (0x0be10983) x19 0x00000000 mem 0x800188b3
core   0: 0x80001036 (0x09314b03) lbu     s6, 147(sp)
core   0: 3 0x80001036 (0x09314b03) x22 0x00000077 mem 0x80018888
core   0: 0x8000103a (0xfad15e03) lhu     t3, -83(sp)
core   0: 3 0x8000103a (0xfad15e03) x28 0x00008a89 mem 0x800187a2
core   0: 0x8000103e (0x006000ef) jal     pc + 0x6
core   0: 3 0x8000103e (0x006000ef) x1  0x80001042
core   0: 0x80001044 (0x0000a00d) c.j     pc + 34
core   0: 3 0x80001044 (0xa00d)
core   0: 0x80001066 (0x012000ef) jal     pc + 0x12
core   0: 3 0x80001066 (0x012000ef) x1  0x8000106a
core   0: 0x80001078 (0x00003fc1) c.jal   pc - 48
core   0: 3 0x80001078 (0x3fc1) x1  0x8000107a
core   0: 0x80001048 (0x0000a00d) c.j     pc + 34
core   0: 3 0x80001048 (0xa00d)
core   0: 0x8000106a (0x00003ff1) c.jal   pc - 36
core   0: 3 0x8000106a (0x3ff1) x1  0x8000106c
core   0: 0x80001046 (0x0000a805) c.j     pc + 48
core   0: 3 0x80001046 (0xa805)
core   0: 0x80001076 (0x0000b7c5) c.j     pc - 32
core   0: 3 0x80001076 (0xb7c5)
core   0: 0x80001056 (0x00002025) c.jal   pc + 40
core   0: 3 0x80001056 (0x2025) x1  0x80001058
core   0: 0x8000107e (0xfe5ff16f) jal     sp, pc - 0x1c
core   0: 3 0x8000107e (0xfe5ff16f) x2  0x80001082
core   0: 0x80001062 (0xffbff0ef) jal     pc - 0x6
core   0: 3 0x80001062 (0xffbff0ef) x1  0x80001066
core   0: 0x8000105c (0x00003fd5) c.jal   pc - 12
core   0: 3 0x8000105c (0x3fd5) x1  0x8000105e
core   0: 0x80001050 (0x02400e6f) jal     t3, pc + 0x24
core   0: 3 0x80001050 (0x02400e6f) x28 0x80001054
core   0: 0x80001074 (0x00003fd9) c.jal   pc - 42
core   0: 3 0x80001074 (0x3fd9) x1  0x80001076
core   0: 0x8000104a (0x004000ef) jal     pc + 0x4
core   0: 3 0x8000104a (0x004000ef) x1  0x8000104e
core   0: 0x8000104e (0x00002029) c.jal   pc + 10
core   0: 3 0x8000104e (0x2029) x1  0x80001050
core   0: 0x80001058 (0x016007ef) jal     a5, pc + 0x16
core   0: 3 0x80001058 (0x016007ef) x15 0x8000105c
core   0: 0x8000106e (0x00003ffd) c.jal   pc - 2
core   0: 3 0x8000106e (0x3ffd) x1  0x80001070
core   0: 0x8000106c (0x00002039) c.jal   pc + 14
core   0: 3 0x8000106c (0x2039) x1  0x8000106e
core   0: 0x8000107a (0xff7ff36f) jal     t1, pc - 0xa
core   0: 3 0x8000107a (0xff7ff36f) x6  0x8000107e
core   0: 0x80001070 (0xfefff0ef) jal     pc - 0x12
core   0: 3 0x80001070 (0xfefff0ef) x1  0x80001074
core   0: 0x8000105e (0xff7ff36f) jal     t1, pc - 0xa
core   0: 3 0x8000105e (0xff7ff36f) x6  0x80001062
core   0: 0x80001054 (0x0000b7fd) c.j     pc - 18
core   0: 3 0x80001054 (0xb7fd)
core   0: 0x80001042 (0x00002081) c.jal   pc + 64
core   0: 3 0x80001042 (0x2081) x1  0x80001044
core   0: 0x80001082 (0x00c39fb3) sll     t6, t2, a2
core   0: 3 0x80001082 (0x00c39fb3) x31 0x0000b024
core   0: 0x80001086 (0x0000f117) auipc   sp, 0xf
core   0: 3 0x80001086 (0x0000f117) x2  0x80010086
core   0: 0x8000108a (0x64110113) addi    sp, sp, 1601
core   0: 3 0x8000108a (0x64110113) x2  0x800106c7
core   0: 0x8000108e (0x00b11c03) lh      s8, 11(sp)
core   0: 3 0x8000108e (0x00b11c03) x24 0xffffaa29 mem 0x800106d2
core   0: 0x80001092 (0x00008c01) c.sub   s0, s0
core   0: 3 0x80001092 (0x8c01) x8  0x00000000
core   0: 0x80001094 (0xfe610da3) sb      t1, -5(sp)
core   0: 3 0x80001094 (0xfe610da3) mem 0x800106c2 0x62
core   0: 0x80001098 (0x0287fc33) remu    s8, a5, s0
core   0: 3 0x80001098 (0x0287fc33) x24 0x8000105c
core   0: 0x8000109c (0x01810723) sb      s8, 14(sp)
core   0: 3 0x8000109c (0x01810723) mem 0x800106d5 0x5c
core   0: 0x800010a0 (0x000087ed) c.srai  a5, 27
core   0: 3 0x800010a0 (0x87ed) x15 0xfffffff0
core   0: 0x800010a2 (0xca740413) addi    s0, s0, -857
core   0: 3 0x800010a2 (0xca740413) x8  0xfffffca7
core   0: 0x800010a6 (0x0287b5b3) mulhu   a1, a5, s0
core   0: 3 0x800010a6 (0x0287b5b3) x11 0xfffffc97
core   0: 0x800010aa (0x6882c293) xori    t0, t0, 1672
core   0: 3 0x800010aa (0x6882c293) x5  0x80018aaf
core   0: 0x800010ae (0x000083c9) c.srli  a5, 18
core   0: 3 0x800010ae (0x83c9) x15 0x00003fff
core   0: 0x800010b0 (0x00f112a3) sh      a5, 5(sp)
core   0: 3 0x800010b0 (0x00f112a3) mem 0x800106cc 0x3fff
core   0: 0x800010b4 (0x41945c13) srai    s8, s0, 25
core   0: 3 0x800010b4 (0x41945c13) x24 0xffffffff
core   0: 0x800010b8 (0x008122a3) sw      s0, 5(sp)
core   0: 3 0x800010b8 (0x008122a3) mem 0x800106cc 0xfffffca7
core   0: 0x800010bc (0x0122d313) srli    t1, t0, 18
core   0: 3 0x800010bc (0x0122d313) x6  0x00002000
core   0: 0x800010c0 (0x00fc55b3) srl     a1, s8, a5
core   0: 3 0x800010c0 (0x00fc55b3) x11 0x00000001
core   0: 0x800010c4 (0x00008596) c.mv    a1, t0
core   0: 3 0x800010c4 (0x8596) x11 0x80018aaf
core   0: 0x800010c6 (0x00000001) c.nop
core   0: 3 0x800010c6 (0x0001)
core   0: 0x800010c8 (0x008104a3) sb      s0, 9(sp)
core   0: 3 0x800010c8 (0x008104a3) mem 0x800106d0 0xa7
core   0: 0x800010cc (0x00179293) slli    t0, a5, 1
core   0: 3 0x800010cc (0x00179293) x5  0x00007ffe
core   0: 0x800010d0 (0x00710283) lb      t0, 7(sp)
core   0: 3 0x800010d0 (0x00710283) x5  0xffffffff mem 0x800106ce
core   0: 0x800010d4 (0x40b28433) sub     s0, t0, a1
core   0: 3 0x800010d4 (0x40b28433) x8  0x7ffe7550
core   0: 0x800010d8 (0x0000932e) c.add   t1, a1
core   0: 3 0x800010d8 (0x932e) x6  0x8001aaaf
core   0: 0x800010da (0x5482a313) slti    t1, t0, 1352
core   0: 3 0x800010da (0x5482a313) x6  0x00000001
core   0: 0x800010de (0x005312b3) sll     t0, t1, t0
core   0: 3 0x800010de (0x005312b3) x5  0x80000000
core   0: 0x800010e2 (0x000089d1) c.andi  a1, 20
core   0: 3 0x800010e2 (0x89d1) x11 0x00000004
core   0: 0x800010e4 (0x00008449) c.srai  s0, 18
core   0: 3 0x800010e4 (0x8449) x8  0x00001fff
core   0: 0x800010e6 (0xfeb118a3) sh      a1, -15(sp)
core   0: 3 0x800010e6 (0xfeb118a3) mem 0x800106b8 0x0004
core   0: 0x800010ea (0xc675fc13) andi    s8, a1, -921
core   0: 3 0x800010ea (0xc675fc13) x24 0x00000004
core   0: 0x800010ee (0x00511c03) lh      s8, 5(sp)
core   0: 3 0x800010ee (0x00511c03) x24 0xfffffca7 mem 0x800106cc
core   0: 0x800010f2 (0x1a843c13) sltiu   s8, s0, 424
core   0: 3 0x800010f2 (0x1a843c13) x24 0x00000000
core   0: 0x800010f6 (0xe97c7413) andi    s0, s8, -361
core   0: 3 0x800010f6 (0xe97c7413) x8  0x00000000
core   0: 0x800010fa (0x00559333) sll     t1, a1, t0
core   0: 3 0x800010fa (0x00559333) x6  0x00000004
core   0: 0x800010fe (0x03836c33) rem     s8, t1, s8
core   0: 3 0x800010fe (0x03836c33) x24 0x00000004
core   0: 0x80001102 (0x005120a3) sw      t0, 1(sp)
core   0: 3 0x80001102 (0x005120a3) mem 0x800106c8 0x80000000
core   0: 0x80001106 (0x00b457b3) srl     a5, s0, a1
core   0: 3 0x80001106 (0x00b457b3) x15 0x00000000
core   0: 0x8000110a (0x00610023) sb      t1, 0(sp)
core   0: 3 0x8000110a (0x00610023) mem 0x800106c7 0x04
core   0: 0x8000110e (0xfeb128a3) sw      a1, -15(sp)
core   0: 3 0x8000110e (0xfeb128a3) mem 0x800106b8 0x00000004
core   0: 0x80001112 (0x00f285b3) add     a1, t0, a5
core   0: 3 0x80001112 (0x00f285b3) x11 0x80000000
core   0: 0x80001116 (0x00912283) lw      t0, 9(sp)
core   0: 3 0x80001116 (0x00912283) x5  0xaa29dda7 mem 0x800106d0
core   0: 0x8000111a (0xffd12783) lw      a5, -3(sp)
core   0: 3 0x8000111a (0xffd12783) x15 0x049331f7 mem 0x800106c4
core   0: 0x8000111e (0xff610403) lb      s0, -10(sp)
core   0: 3 0x8000111e (0xff610403) x8  0xfffffff8 mem 0x800106bd
core   0: 0x80001122 (0x00008dfd) c.and   a1, a5
core   0: 3 0x80001122 (0x8dfd) x11 0x00000000
core   0: 0x80001124 (0x1efc2c13) slti    s8, s8, 495
core   0: 3 0x80001124 (0x1efc2c13) x24 0x00000001
core   0: 0x80001128 (0xbad5c593) xori    a1, a1, -1107
core   0: 3 0x80001128 (0xbad5c593) x11 0xfffffbad
core   0: 0x8000112c (0x00912403) lw      s0, 9(sp)
core   0: 3 0x8000112c (0x00912403) x8  0xaa29dda7 mem 0x800106d0
core   0: 0x80001130 (0x0001e697) auipc   a3, 0x1e
core   0: 3 0x80001130 (0x0001e697) x13 0x8001f130
core   0: 0x80001134 (0x1f168693) addi    a3, a3, 497
core   0: 3 0x80001134 (0x1f168693) x13 0x8001f321
core   0: 0x80001138 (0x00fff333) and     t1, t6, a5
core   0: 3 0x80001138 (0x00fff333) x6  0x00003024
core   0: 0x8000113c (0x00f68e83) lb      t4, 15(a3)
core   0: 3 0x8000113c (0x00f68e83) x29 0xffffffad mem 0x8001f330
core   0: 0x80001140 (0xff868503) lb      a0, -8(a3)
core   0: 3 0x80001140 (0xff868503) x10 0xffffffa9 mem 0x8001f319
core   0: 0x80001144 (0x02023ab3) mulhu   s5, tp, zero
core   0: 3 0x80001144 (0x02023ab3) x21 0x00000000
core   0: 0x80001148 (0xffd6d583) lhu     a1, -3(a3)
core   0: 3 0x80001148 (0xffd6d583) x11 0x0000c1ca mem 0x8001f31e
core   0: 0x8000114c (0xfff6a303) lw      t1, -1(a3)
core   0: 3 0x8000114c (0xfff6a303) x6  0x8cb6ae67 mem 0x8001f320
core   0: 0x80001150 (0xff368883) lb      a7, -13(a3)
core   0: 3 0x80001150 (0xff368883) x17 0x0000000e mem 0x8001f314
core   0: 0x80001154 (0x0076a803) lw      a6, 7(a3)
core   0: 3 0x80001154 (0x0076a803) x16 0xd33b57c3 mem 0x8001f328
core   0: 0x80001158 (0x00009ae2) c.add   s5, s8
core   0: 3 0x80001158 (0x9ae2) x21 0x00000001
core   0: 0x8000115a (0xff068e83) lb      t4, -16(a3)
core   0: 3 0x8000115a (0xff068e83) x29 0x0000005e mem 0x8001f311
core   0: 0x8000115e (0x0000018a) c.slli  gp, 2
core   0: 3 0x8000115e (0x018a) x3  0x000001bc
core   0: 0x80001160 (0x01068303) lb      t1, 16(a3)
core   0: 3 0x80001160 (0x01068303) x6  0xffffff9c mem 0x8001f331
core   0: 0x80001164 (0x999c3d37) lui     s10, 0x999c3
core   0: 3 0x80001164 (0x999c3d37) x26 0x999c3000
core   0: 0x80001168 (0xff26afa3) sw      s2, -1(a3)
core   0: 3 0x80001168 (0xff26afa3) mem 0x8001f320 0x80025e64
core   0: 0x8000116c (0x00000001) c.nop
core   0: 3 0x8000116c (0x0001)
core   0: 0x8000116e (0x01668323) sb      s6, 6(a3)
core   0: 3 0x8000116e (0x01668323) mem 0x8001f327 0x77
core   0: 0x80001172 (0xff36cc03) lbu     s8, -13(a3)
core   0: 3 0x80001172 (0xff36cc03) x24 0x0000000e mem 0x8001f314
core   0: 0x80001176 (0x00ee6833) or      a6, t3, a4
core   0: 3 0x80001176 (0x00ee6833) x16 0x80001054
core   0: 0x8000117a (0x014070b3) and     ra, zero, s4
core   0: 3 0x8000117a (0x014070b3) x1  0x00000000
core   0: 0x8000117e (0x00001098) c.addi4spn a4, sp, 96
core   0: 3 0x8000117e (0x1098) x14 0x80010727
core   0: 0x80001180 (0x00b6cd03) lbu     s10, 11(a3)
core   0: 3 0x80001180 (0x00b6cd03) x26 0x000000e7 mem 0x8001f32c
core   0: 0x80001184 (0x00c6a3a3) sw      a2, 7(a3)
core   0: 3 0x80001184 (0x00c6a3a3) mem 0x8001f328 0x00000000
core   0: 0x80001188 (0xffb6cd03) lbu     s10, -5(a3)
core   0: 3 0x80001188 (0xffb6cd03) x26 0x0000000a mem 0x8001f31c
core   0: 0x8000118c (0xffb68103) lb      sp, -5(a3)
core   0: 3 0x8000118c (0xffb68103) x2  0x0000000a mem 0x8001f31c
core   0: 0x80001190 (0x03f87cb3) remu    s9, a6, t6
core   0: 3 0x80001190 (0x03f87cb3) x25 0x00006734
core   0: 0x80001194 (0x41f55033) sra     zero, a0, t6
core   0: 3 0x80001194 (0x41f55033)
core   0: 0x80001198 (0x00008f49) c.or    a4, a0
core   0: 3 0x80001198 (0x8f49) x14 0xffffffaf
core   0: 0x8000119a (0xffb6af83) lw      t6, -5(a3)
core   0: 3 0x8000119a (0xffb6af83) x31 0xc1ca940a mem 0x8001f31c
core   0: 0x8000119e (0x00c3f2b3) and     t0, t2, a2
core   0: 3 0x8000119e (0x00c3f2b3) x5  0x00000000
core   0: 0x800011a2 (0x02c5a333) mulhsu  t1, a1, a2
core   0: 3 0x800011a2 (0x02c5a333) x6  0x00000000
core   0: 0x800011a6 (0xff46c983) lbu     s3, -12(a3)
core   0: 3 0x800011a6 (0xff46c983) x19 0x0000002e mem 0x8001f315
core   0: 0x800011aa (0x032ed4b3) divu    s1, t4, s2
core   0: 3 0x800011aa (0x032ed4b3) x9  0x00000000
core   0: 0x800011ae (0xffe6c483) lbu     s1, -2(a3)
core   0: 3 0x800011ae (0xffe6c483) x9  0x000000c1 mem 0x8001f31f
core   0: 0x800011b2 (0x0136a3a3) sw      s3, 7(a3)
core   0: 3 0x800011b2 (0x0136a3a3) mem 0x8001f328 0x0000002e
core   0: 0x800011b6 (0x013120b3) slt     ra, sp, s3
core   0: 3 0x800011b6 (0x013120b3) x1  0x00000001
core   0: 0x800011ba (0x00004861) c.li    a6, 24
core   0: 3 0x800011ba (0x4861) x16 0x00000018
core   0: 0x800011bc (0x01db4cb3) xor     s9, s6, t4
core   0: 3 0x800011bc (0x01db4cb3) x25 0x00000029
core   0: 0x800011c0 (0x00268723) sb      sp, 14(a3)
core   0: 3 0x800011c0 (0x00268723) mem 0x8001f32f 0x0a
core   0: 0x800011c4 (0x01d8c5b3) xor     a1, a7, t4
core   0: 3 0x800011c4 (0x01d8c5b3) x11 0x00000050
core   0: 0x800011c8 (0x0278d033) divu    zero, a7, t2
core   0: 3 0x800011c8 (0x0278d033)
core   0: 0x800011cc (0x00168823) sb      ra, 16(a3)
core   0: 3 0x800011cc (0x00168823) mem 0x8001f331 0x01
core   0: 0x800011d0 (0x00d687a3) sb      a3, 15(a3)
core   0: 3 0x800011d0 (0x00d687a3) mem 0x8001f330 0x21
core   0: 0x800011d4 (0x01c6a133) slt     sp, a3, t3
core   0: 3 0x800011d4 (0x01c6a133) x2  0x00000000
core   0: 0x800011d8 (0x01368023) sb      s3, 0(a3)
core   0: 3 0x800011d8 (0x01368023) mem 0x8001f321 0x2e
core   0: 0x800011dc (0x00008d16) c.mv    s10, t0
core   0: 3 0x800011dc (0x8d16) x26 0x00000000
core   0: 0x800011de (0x00008c71) c.and   s0, a2
core   0: 3 0x800011de (0x8c71) x8  0x00000000
core   0: 0x800011e0 (0x03c740b3) div     ra, a4, t3
core   0: 3 0x800011e0 (0x03c740b3) x1  0x00000000
core   0: 0x800011e4 (0x00006109) c.addi16sp sp, 128
core   0: 3 0x800011e4 (0x6109) x2  0x00000080
core   0: 0x800011e6 (0x023aa9b3) mulhsu  s3, s5, gp
core   0: 3 0x800011e6 (0x023aa9b3) x19 0x00000000
core   0: 0x800011ea (0x415fd393) srai    t2, t6, 21
core   0: 3 0x800011ea (0x415fd393) x7  0xfffffe0e
core   0: 0x800011ee (0x00f684a3) sb      a5, 9(a3)
core   0: 3 0x800011ee (0x00f684a3) mem 0x8001f32a 0xf7
core   0: 0x800011f2 (0xff26c803) lbu     a6, -14(a3)
core   0: 3 0x800011f2 (0xff26c803) x16 0x00000033 mem 0x8001f313
core   0: 0x800011f6 (0xff16d283) lhu     t0, -15(a3)
core   0: 3 0x800011f6 (0xff16d283) x5  0x00003346 mem 0x8001f312
core   0: 0x800011fa (0x00000001) c.nop
core   0: 3 0x800011fa (0x0001)
core   0: 0x800011fc (0x00a68723) sb      a0, 14(a3)
core   0: 3 0x800011fc (0x00a68723) mem 0x8001f32f 0xa9
core   0: 0x80001200 (0xfe368da3) sb      gp, -5(a3)
core   0: 3 0x80001200 (0xfe368da3) mem 0x8001f31c 0xbc
core   0: 0x80001204 (0xffa6c283) lbu     t0, -6(a3)
core   0: 3 0x80001204 (0xffa6c283) x5  0x00000091 mem 0x8001f31b
core   0: 0x80001208 (0x24088093) addi    ra, a7, 576
core   0: 3 0x80001208 (0x24088093) x1  0x0000024e
core   0: 0x8000120c (0x00000e9c) c.addi4spn a5, sp, 848
core   0: 3 0x8000120c (0x0e9c) x15 0x000003d0
core   0: 0x8000120e (0x01a68523) sb      s10, 10(a3)
core   0: 3 0x8000120e (0x01a68523) mem 0x8001f32b 0x00
core   0: 0x80001212 (0x00010c17) auipc   s8, 0x10
core   0: 3 0x80001212 (0x00010c17) x24 0x80011212
core   0: 0x80001216 (0xd54c0c13) addi    s8, s8, -684
core   0: 3 0x80001216 (0xd54c0c13) x24 0x80010f66
core   0: 0x8000121a (0x0000547d) c.li    s0, -1
core   0: 3 0x8000121a (0x547d) x8  0xffffffff
core   0: 0x8000121c (0xfe9c4783) lbu     a5, -23(s8)
core   0: 3 0x8000121c (0xfe9c4783) x15 0x00000014 mem 0x80010f4f
core   0: 0x80001220 (0x0000846e) c.mv    s0, s11
core   0: 3 0x80001220 (0x846e) x8  0x9851b890
core   0: 0x80001222 (0x030c5183) lhu     gp, 48(s8)
core   0: 3 0x80001222 (0x030c5183) x3  0x0000c34a mem 0x80010f96
core   0: 0x80001226 (0xfc1c4d83) lbu     s11, -63(s8)
core   0: 3 0x80001226 (0xfc1c4d83) x27 0x00000080 mem 0x80010f27
core   0: 0x8000122a (0x29544193) xori    gp, s0, 661
core   0: 3 0x8000122a (0x29544193) x3  0x9851ba05
core   0: 0x8000122e (0x2b408d97) auipc   s11, 0x2b408
core   0: 3 0x8000122e (0x2b408d97) x27 0xab40922e
core   0: 0x80001232 (0x03ad0433) mul     s0, s10, s10
core   0: 3 0x80001232 (0x03ad0433) x8  0x00000000
core   0: 0x80001236 (0x027403b3) mul     t2, s0, t2
core   0: 3 0x80001236 (0x027403b3) x7  0x00000000
core   0: 0x8000123a (0x02fdddb3) divu    s11, s11, a5
core   0: 3 0x8000123a (0x02fdddb3) x27 0x0890074f
core   0: 0x8000123e (0x00008479) c.srai  s0, 30
core   0: 3 0x8000123e (0x8479) x8  0x00000000
core   0: 0x80001240 (0x014c1783) lh      a5, 20(s8)
core   0: 3 0x80001240 (0x014c1783) x15 0xffffefb1 mem 0x80010f7a
core   0: 0x80001244 (0x4b41f413) andi    s0, gp, 1204
core   0: 3 0x80001244 (0x4b41f413) x8  0x00000004
core   0: 0x80001248 (0x0037a7b3) slt     a5, a5, gp
core   0: 3 0x80001248 (0x0037a7b3) x15 0x00000000
core   0: 0x8000124c (0xfc7c0d03) lb      s10, -57(s8)
core   0: 3 0x8000124c (0xfc7c0d03) x26 0x00000000 mem 0x80010f2d
core   0: 0x80001250 (0x00ac1d03) lh      s10, 10(s8)
core   0: 3 0x80001250 (0x00ac1d03) x26 0xffffc828 mem 0x80010f70
core   0: 0x80001254 (0x028dedb3) rem     s11, s11, s0
core   0: 3 0x80001254 (0x028dedb3) x27 0x00000003
core   0: 0x80001258 (0xff5c4383) lbu     t2, -11(s8)
core   0: 3 0x80001258 (0xff5c4383) x7  0x000000f4 mem 0x80010f5b
core   0: 0x8000125c (0x0233c433) div     s0, t2, gp
core   0: 3 0x8000125c (0x0233c433) x8  0x00000000
core   0: 0x80001260 (0x41b40db3) sub     s11, s0, s11
core   0: 3 0x80001260 (0x41b40db3) x27 0xfffffffd
core   0: 0x80001264 (0xfebc0d03) lb      s10, -21(s8)
core   0: 3 0x80001264 (0xfebc0d03) x26 0x00000014 mem 0x80010f51
core   0: 0x80001268 (0x02ec5d83) lhu     s11, 46(s8)
core   0: 3 0x80001268 (0x02ec5d83) x27 0x0000a2c2 mem 0x80010f94
core   0: 0x8000126c (0xfd0c0403) lb      s0, -48(s8)
core   0: 3 0x8000126c (0xfd0c0403) x8  0x0000007a mem 0x80010f36
core   0: 0x80001270 (0x0000147d) c.addi  s0, -1
core   0: 3 0x80001270 (0x147d) x8  0x00000079
core   0: 0x80001272 (0x023d8433) mul     s0, s11, gp
core   0: 3 0x80001272 (0x023d8433) x8  0x25a621ca
core   0: 0x80001276 (0x003c0123) sb      gp, 2(s8)
core   0: 3 0x80001276 (0x003c0123) mem 0x80010f68 0x05
core   0: 0x8000127a (0xffbc0383) lb      t2, -5(s8)
core   0: 3 0x8000127a (0xffbc0383) x7  0xfffffffc mem 0x80010f61
core   0: 0x8000127e (0x00fc0223) sb      a5, 4(s8)
core   0: 3 0x8000127e (0x00fc0223) mem 0x80010f6a 0x00
core   0: 0x80001282 (0x03bc06a3) sb      s11, 45(s8)
core   0: 3 0x80001282 (0x03bc06a3) mem 0x80010f93 0xc2
core   0: 0x80001286 (0x02f47433) remu    s0, s0, a5
core   0: 3 0x80001286 (0x02f47433) x8  0x25a621ca
core   0: 0x8000128a (0x03a3f433) remu    s0, t2, s10
core   0: 3 0x8000128a (0x03a3f433) x8  0x0000000c
core   0: 0x8000128e (0xfe9c0d03) lb      s10, -23(s8)
core   0: 3 0x8000128e (0xfe9c0d03) x26 0x00000014 mem 0x80010f4f
core   0: 0x80001292 (0x03a441b3) div     gp, s0, s10
core   0: 3 0x80001292 (0x03a441b3) x3  0x00000000
core   0: 0x80001296 (0x023c1723) sh      gp, 46(s8)
core   0: 3 0x80001296 (0x023c1723) mem 0x80010f94 0x0000
core   0: 0x8000129a (0x00000456) c.slli  s0, 21
core   0: 3 0x8000129a (0x0456) x8  0x01800000
core   0: 0x8000129c (0xfd6c0383) lb      t2, -42(s8)
core   0: 3 0x8000129c (0xfd6c0383) x7  0x0000006c mem 0x80010f3c
core   0: 0x800012a0 (0xfea3fd93) andi    s11, t2, -22
core   0: 3 0x800012a0 (0xfea3fd93) x27 0x00000068
core   0: 0x800012a4 (0xfe8c1323) sh      s0, -26(s8)
core   0: 3 0x800012a4 (0xfe8c1323) mem 0x80010f4c 0x0000
core   0: 0x800012a8 (0x67e3c797) auipc   a5, 0x67e3c
core   0: 3 0x800012a8 (0x67e3c797) x15 0xe7e3d2a8
core   0: 0x800012ac (0xfe4c5403) lhu     s0, -28(s8)
core   0: 3 0x800012ac (0xfe4c5403) x8  0x00002bf1 mem 0x80010f4a
core   0: 0x800012b0 (0x00006d71) c.lui   s10, 0x1c
core   0: 3 0x800012b0 (0x6d71) x26 0x0001c000
core   0: 0x800012b2 (0xad0d5417) auipc   s0, 0xad0d5
core   0: 3 0x800012b2 (0xad0d5417) x8  0x2d0d62b2
core   0: 0x800012b6 (0x6efa9397) auipc   t2, 0x6efa9
core   0: 3 0x800012b6 (0x6efa9397) x7  0xeefaa2b6
core   0: 0x800012ba (0xffac05a3) sb      s10, -21(s8)
core   0: 3 0x800012ba (0xffac05a3) mem 0x80010f51 0x00
core   0: 0x800012be (0x00008c5d) c.or    s0, a5
core   0: 3 0x800012be (0x8c5d) x8  0xefeff2ba
core   0: 0x800012c0 (0x00008c5d) c.or    s0, a5
core   0: 3 0x800012c0 (0x8c5d) x8  0xefeff2ba
core   0: 0x800012c2 (0x036c1d03) lh      s10, 54(s8)
core   0: 3 0x800012c2 (0x036c1d03) x26 0x0000309a mem 0x80010f9c
core   0: 0x800012c6 (0x02342433) mulhsu  s0, s0, gp
core   0: 3 0x800012c6 (0x02342433) x8  0x00000000
core   0: 0x800012ca (0xfe6c2403) lw      s0, -26(s8)
core   0: 3 0x800012ca (0xfe6c2403) x8  0x14190000 mem 0x80010f4c
core   0: 0x800012ce (0x00018897) auipc   a7, 0x18
core   0: 3 0x800012ce (0x00018897) x17 0x800192ce
core   0: 0x800012d2 (0x0f588893) addi    a7, a7, 245
core   0: 3 0x800012d2 (0x0f588893) x17 0x800193c3
core   0: 0x800012d6 (0xfe28cf03) lbu     t5, -30(a7)
core   0: 3 0x800012d6 (0xfe28cf03) x30 0x0000002b mem 0x800193a5
core   0: 0x800012da (0xe79f3f13) sltiu   t5, t5, -391
core   0: 3 0x800012da (0xe79f3f13) x30 0x00000001
core   0: 0x800012de (0x01f88983) lb      s3, 31(a7)
core   0: 3 0x800012de (0x01f88983) x19 0x00000069 mem 0x800193e2
core   0: 0x800012e2 (0x033f3533) mulhu   a0, t5, s3
core   0: 3 0x800012e2 (0x033f3533) x10 0x00000000
core   0: 0x800012e6 (0xfdc88983) lb      s3, -36(a7)
core   0: 3 0x800012e6 (0xfdc88983) x19 0xfffffffc mem 0x8001939f
core   0: 0x800012ea (0x0168cf03) lbu     t5, 22(a7)
core   0: 3 0x800012ea (0x0168cf03) x30 0x000000c8 mem 0x800193d9
core   0: 0x800012ee (0xabb22993) slti    s3, tp, -1349
core   0: 3 0x800012ee (0xabb22993) x19 0x00000000
core   0: 0x800012f2 (0xffe885a3) sb      t5, -21(a7)
core   0: 3 0x800012f2 (0xffe885a3) mem 0x800193ae 0xc8
core   0: 0x800012f6 (0x013f19b3) sll     s3, t5, s3
core   0: 3 0x800012f6 (0x013f19b3) x19 0x000000c8
core   0: 0x800012fa (0x03d88003) lb      zero, 61(a7)
core   0: 3 0x800012fa (0x03d88003) mem 0x80019400
core   0: 0x800012fe (0x02889da3) sh      s0, 59(a7)
core   0: 3 0x800012fe (0x02889da3) mem 0x800193fe 0x0000
core   0: 0x80001302 (0x028889a3) sb      s0, 51(a7)
core   0: 3 0x80001302 (0x028889a3) mem 0x800193f6 0x00
core   0: 0x80001306 (0xfdb89f03) lh      t5, -37(a7)
core   0: 3 0x80001306 (0xfdb89f03) x30 0xfffffc7d mem 0x8001939e
core   0: 0x8000130a (0x000009ee) c.slli  s3, 27
core   0: 3 0x8000130a (0x09ee) x19 0x40000000
core   0: 0x8000130c (0x0139d533) srl     a0, s3, s3
core   0: 3 0x8000130c (0x0139d533) x10 0x40000000
core   0: 0x80001310 (0x03888003) lb      zero, 56(a7)
core   0: 3 0x80001310 (0x03888003) mem 0x800193fb
core   0: 0x80001314 (0xfe588f03) lb      t5, -27(a7)
core   0: 3 0x80001314 (0xfe588f03) x30 0x0000003a mem 0x800193a8
core   0: 0x80001318 (0xfd088003) lb      zero, -48(a7)
core   0: 3 0x80001318 (0xfd088003) mem 0x80019393
core   0: 0x8000131c (0x00820533) add     a0, tp, s0
core   0: 3 0x8000131c (0x00820533) x10 0x14190001
core   0: 0x80001320 (0xfd388623) sb      s3, -52(a7)
core   0: 3 0x80001320 (0xfd388623) mem 0x8001938f 0x00
core   0: 0x80001324 (0x00008d49) c.or    a0, a0
core   0: 3 0x80001324 (0x8d49) x10 0x14190001
core   0: 0x80001326 (0x01e20033) add     zero, tp, t5
core   0: 3 0x80001326 (0x01e20033)
core   0: 0x8000132a (0x00d88003) lb      zero, 13(a7)
core   0: 3 0x8000132a (0x00d88003) mem 0x800193d0
core   0: 0x8000132e (0xfc18a503) lw      a0, -63(a7)
core   0: 3 0x8000132e (0xfc18a503) x10 0x5dee3b40 mem 0x80019384
core   0: 0x80001332 (0x013249b3) xor     s3, tp, s3
core   0: 3 0x80001332 (0x013249b3) x19 0x40000001
core   0: 0x80001336 (0x004f69b3) or      s3, t5, tp
core   0: 3 0x80001336 (0x004f69b3) x19 0x0000003b
core   0: 0x8000133a (0x41925213) srai    tp, tp, 25
core   0: 3 0x8000133a (0x41925213) x4  0x00000000
core   0: 0x8000133e (0x0368c983) lbu     s3, 54(a7)
core   0: 3 0x8000133e (0x0368c983) x19 0x000000f4 mem 0x800193f9
core   0: 0x80001342 (0xfc48a4a3) sw      tp, -55(a7)
core   0: 3 0x80001342 (0xfc48a4a3) mem 0x8001938c 0x00000000
core   0: 0x80001346 (0x03d88f03) lb      t5, 61(a7)
core   0: 3 0x80001346 (0x03d88f03) x30 0x00000052 mem 0x80019400
core   0: 0x8000134a (0x02788983) lb      s3, 39(a7)
core   0: 3 0x8000134a (0x02788983) x19 0x00000020 mem 0x800193ea
core   0: 0x8000134e (0x3e523413) sltiu   s0, tp, 997
core   0: 3 0x8000134e (0x3e523413) x8  0x00000001
core   0: 0x80001352 (0x00008d01) c.sub   a0, s0
core   0: 3 0x80001352 (0x8d01) x10 0x5dee3b3f
core   0: 0x80001354 (0x013259b3) srl     s3, tp, s3
core   0: 3 0x80001354 (0x013259b3) x19 0x00000000
core   0: 0x80001358 (0x00000001) c.nop
core   0: 3 0x80001358 (0x0001)
core   0: 0x8000135a (0x0238d403) lhu     s0, 35(a7)
core   0: 3 0x8000135a (0x0238d403) x8  0x0000c542 mem 0x800193e6
core   0: 0x8000135e (0x00008d09) c.sub   a0, a0
core   0: 3 0x8000135e (0x8d09) x10 0x00000000
core   0: 0x80001360 (0x40898f33) sub     t5, s3, s0
core   0: 3 0x80001360 (0x40898f33) x30 0xffff3abe
core   0: 0x80001364 (0x033539b3) mulhu   s3, a0, s3
core   0: 3 0x80001364 (0x033539b3) x19 0x00000000
core   0: 0x80001368 (0xfd08c983) lbu     s3, -48(a7)
core   0: 3 0x80001368 (0xfd08c983) x19 0x00000067 mem 0x80019393
core   0: 0x8000136c (0x0328c983) lbu     s3, 50(a7)
core   0: 3 0x8000136c (0x0328c983) x19 0x00000081 mem 0x800193f5
core   0: 0x80001370 (0xfca88503) lb      a0, -54(a7)
core   0: 3 0x80001370 (0xfca88503) x10 0x00000000 mem 0x8001938d
core   0: 0x80001374 (0x41e05533) sra     a0, zero, t5
core   0: 3 0x80001374 (0x41e05533) x10 0x00000000
core   0: 0x80001378 (0x40450033) sub     zero, a0, tp
core   0: 3 0x80001378 (0x40450033)
core   0: 0x8000137c (0x02af59b3) divu    s3, t5, a0
core   0: 3 0x8000137c (0x02af59b3) x19 0xffffffff
core   0: 0x80001380 (0x0398c503) lbu     a0, 57(a7)
core   0: 3 0x80001380 (0x0398c503) x10 0x00000093 mem 0x800193fc
core   0: 0x80001384 (0x02088ca3) sb      zero, 57(a7)
core   0: 3 0x80001384 (0x02088ca3) mem 0x800193fc 0x00
core   0: 0x80001388 (0x00888423) sb      s0, 8(a7)
core   0: 3 0x80001388 (0x00888423) mem 0x800193cb 0x42
core   0: 0x8000138c (0x7a520993) addi    s3, tp, 1957
core   0: 3 0x8000138c (0x7a520993) x19 0x000007a5
core   0: 0x80001390 (0x0000997d) c.andi  a0, -1
core   0: 3 0x80001390 (0x997d) x10 0x00000093
core   0: 0x80001392 (0x2f656993) ori     s3, a0, 758
core   0: 3 0x80001392 (0x2f656993) x19 0x000002f7
core   0: 0x80001396 (0x0148cf03) lbu     t5, 20(a7)
core   0: 3 0x80001396 (0x0148cf03) x30 0x0000001e mem 0x800193d7
core   0: 0x8000139a (0x00011117) auipc   sp, 0x11
core   0: 3 0x8000139a (0x00011117) x2  0x8001239a
core   0: 0x8000139e (0xfe410113) addi    sp, sp, -28
core   0: 3 0x8000139e (0xfe410113) x2  0x8001237e
core   0: 0x800013a2 (0x40314e17) auipc   t3, 0x40314
core   0: 3 0x800013a2 (0x40314e17) x28 0xc03153a2
core   0: 0x800013a6 (0x02d14583) lbu     a1, 45(sp)
core   0: 3 0x800013a6 (0x02d14583) x11 0x000000b6 mem 0x800123ab
core   0: 0x800013aa (0x02fa06b3) mul     a3, s4, a5
core   0: 3 0x800013aa (0x02fa06b3) x13 0x0095fda0
core   0: 0x800013ae (0x004d27b3) slt     a5, s10, tp
core   0: 3 0x800013ae (0x004d27b3) x15 0x00000000
core   0: 0x800013b2 (0x00000e2e) c.slli  t3, 11
core   0: 3 0x800013b2 (0x0e2e) x28 0x8a9d1000
core   0: 0x800013b4 (0x07314883) lbu     a7, 115(sp)
core   0: 3 0x800013b4 (0x07314883) x17 0x00000096 mem 0x800123f1
core   0: 0x800013b8 (0x0f611f03) lh      t5, 246(sp)
core   0: 3 0x800013b8 (0x0f611f03) x30 0x00007821 mem 0x80012474
core   0: 0x800013bc (0x06812523) sw      s0, 106(sp)
core   0: 3 0x800013bc (0x06812523) mem 0x800123e8 0x0000c542
core   0: 0x800013c0 (0xe72d8e93) addi    t4, s11, -398
core   0: 3 0x800013c0 (0xe72d8e93) x29 0xfffffeda
core   0: 0x800013c4 (0xf6a10383) lb      t2, -150(sp)
core   0: 3 0x800013c4 (0xf6a10383) x7  0xfffffff4 mem 0x800122e8
core   0: 0x800013c8 (0x02d9ac33) mulhsu  s8, s3, a3
core   0: 3 0x800013c8 (0x02d9ac33) x24 0x00000001
core   0: 0x800013cc (0xf1312323) sw      s3, -250(sp)
core   0: 3 0x800013cc (0xf1312323) mem 0x80012284 0x000002f7
core   0: 0x800013d0 (0x400a8eb3) sub     t4, s5, zero
core   0: 3 0x800013d0 (0x400a8eb3) x29 0x00000001
core   0: 0x800013d4 (0x0eb10383) lb      t2, 235(sp)
core   0: 3 0x800013d4 (0x0eb10383) x7  0x00000053 mem 0x80012469
core   0: 0x800013d8 (0x04714e03) lbu     t3, 71(sp)
core   0: 3 0x800013d8 (0x04714e03) x28 0x00000090 mem 0x800123c5
core   0: 0x800013dc (0xf76109a3) sb      s6, -141(sp)
core   0: 3 0x800013dc (0xf76109a3) mem 0x800122f1 0x77
core   0: 0x800013e0 (0x000099fd) c.andi  a1, -1
core   0: 3 0x800013e0 (0x99fd) x11 0x000000b6
core   0: 0x800013e2 (0xf1b14503) lbu     a0, -229(sp)
core   0: 3 0x800013e2 (0xf1b14503) x10 0x00000009 mem 0x80012299
core   0: 0x800013e6 (0x0dd10c83) lb      s9, 221(sp)
core   0: 3 0x800013e6 (0x0dd10c83) x25 0x00000065 mem 0x8001245b
core   0: 0x800013ea (0xfad14983) lbu     s3, -83(sp)
core   0: 3 0x800013ea (0xfad14983) x19 0x0000003b mem 0x8001232b
core   0: 0x800013ee (0xf11104a3) sb      a7, -247(sp)
core   0: 3 0x800013ee (0xf11104a3) mem 0x80012287 0x96
core   0: 0x800013f2 (0xf3014583) lbu     a1, -208(sp)
core   0: 3 0x800013f2 (0xf3014583) x11 0x0000007d mem 0x800122ae
core   0: 0x800013f6 (0x00f100a3) sb      a5, 1(sp)
core   0: 3 0x800013f6 (0x00f100a3) mem 0x8001237f 0x00
core   0: 0x800013fa (0x416650b3) sra     ra, a2, s6
core   0: 3 0x800013fa (0x416650b3) x1  0x00000000
core   0: 0x800013fe (0x0e510d03) lb      s10, 229(sp)
core   0: 3 0x800013fe (0x0e510d03) x26 0xffffff8d mem 0x80012463
core   0: 0x80001402 (0x512af593) andi    a1, s5, 1298
core   0: 3 0x80001402 (0x512af593) x11 0x00000000
core   0: 0x80001406 (0x00008cf9) c.and   s1, a4
core   0: 3 0x80001406 (0x8cf9) x9  0x00000081
core   0: 0x80001408 (0x01207533) and     a0, zero, s2
core   0: 3 0x80001408 (0x01207533) x10 0x00000000
core   0: 0x8000140c (0x0f6109a3) sb      s6, 243(sp)
core   0: 3 0x8000140c (0x0f6109a3) mem 0x80012471 0x77
core   0: 0x80001410 (0x01dd7bb3) and     s7, s10, t4
core   0: 3 0x80001410 (0x01dd7bb3) x23 0x00000001
core   0: 0x80001414 (0x01410003) lb      zero, 20(sp)
core   0: 3 0x80001414 (0x01410003) mem 0x80012392
core   0: 0x80001418 (0xf5a10003) lb      zero, -166(sp)
core   0: 3 0x80001418 (0xf5a10003) mem 0x800122d8
core   0: 0x8000141c (0xff910703) lb      a4, -7(sp)
core   0: 3 0x8000141c (0xff910703) x14 0x00000079 mem 0x80012377
core   0: 0x80001420 (0x09f10403) lb      s0, 159(sp)
core   0: 3 0x80001420 (0x09f10403) x8  0xffffffe5 mem 0x8001241d
core   0: 0x80001424 (0xf5a108a3) sb      s10, -175(sp)
core   0: 3 0x80001424 (0xf5a108a3) mem 0x800122cf 0x8d
core   0: 0x80001428 (0xfb411183) lh      gp, -76(sp)
core   0: 3 0x80001428 (0xfb411183) x3  0xfffff0f8 mem 0x80012332
core   0: 0x8000142c (0xfb415783) lhu     a5, -76(sp)
core   0: 3 0x8000142c (0xfb415783) x15 0x0000f0f8 mem 0x80012332
core   0: 0x80001430 (0x0bc11a83) lh      s5, 188(sp)
core   0: 3 0x80001430 (0x0bc11a83) x21 0xfffff433 mem 0x8001243a
core   0: 0x80001434 (0x00001c7d) c.addi  s8, -1
core   0: 3 0x80001434 (0x1c7d) x24 0x00000000
core   0: 0x80001436 (0x00989b93) slli    s7, a7, 9
core   0: 3 0x80001436 (0x00989b93) x23 0x00012c00
core   0: 0x8000143a (0x02110fa3) sb      ra, 63(sp)
core   0: 3 0x8000143a (0x02110fa3) mem 0x800123bd 0x00
core   0: 0x8000143e (0xfe1109a3) sb      ra, -13(sp)
core   0: 3 0x8000143e (0xfe1109a3) mem 0x80012371 0x00
core   0: 0x80001442 (0xf8710fa3) sb      t2, -97(sp)
core   0: 3 0x80001442 (0xf8710fa3) mem 0x8001231d 0x53
core   0: 0x80001446 (0x05e103a3) sb      t5, 71(sp)
core   0: 3 0x80001446 (0x05e103a3) mem 0x800123c5 0x21
core   0: 0x8000144a (0xf0714b83) lbu     s7, -249(sp)
core   0: 3 0x8000144a (0xf0714b83) x23 0x00000002 mem 0x80012285
core   0: 0x8000144e (0x030000ef) jal     pc + 0x30
core   0: 3 0x8000144e (0x030000ef) x1  0x80001452
core   0: 0x8000147e (0x0000a819) c.j     pc + 22
core   0: 3 0x8000147e (0xa819)
core   0: 0x80001494 (0xfcbff0ef) jal     pc - 0x36
core   0: 3 0x80001494 (0xfcbff0ef) x1  0x80001498
core   0: 0x8000145e (0x0000a039) c.j     pc + 14
core   0: 3 0x8000145e (0xa039)
core   0: 0x8000146c (0x00003fe5) c.jal   pc - 8
core   0: 3 0x8000146c (0x3fe5) x1  0x8000146e
core   0: 0x80001464 (0x0000bfe5) c.j     pc - 8
core   0: 3 0x80001464 (0xbfe5)
core   0: 0x8000145c (0x0000a819) c.j     pc + 22
core   0: 3 0x8000145c (0xa819)
core   0: 0x80001472 (0x000037c5) c.jal   pc - 32
core   0: 3 0x80001472 (0x37c5) x1  0x80001474
core   0: 0x80001452 (0x0000282d) c.jal   pc + 58
core   0: 3 0x80001452 (0x282d) x1  0x80001454
core   0: 0x8000148c (0x000037f5) c.jal   pc - 20
core   0: 3 0x8000148c (0x37f5) x1  0x8000148e
core   0: 0x80001478 (0x00003fdd) c.jal   pc - 10
core   0: 3 0x80001478 (0x3fdd) x1  0x8000147a
core   0: 0x8000146e (0x00002009) c.jal   pc + 2
core   0: 3 0x8000146e (0x2009) x1  0x80001470
core   0: 0x80001470 (0x00002839) c.jal   pc + 30
core   0: 3 0x80001470 (0x2839) x1  0x80001472
core   0: 0x8000148e (0x0000a031) c.j     pc + 12
core   0: 3 0x8000148e (0xa031)
core   0: 0x8000149a (0x0000b7c5) c.j     pc - 32
core   0: 3 0x8000149a (0xb7c5)
core   0: 0x8000147a (0x00a0056f) jal     a0, pc + 0xa
core   0: 3 0x8000147a (0x00a0056f) x10 0x8000147e
core   0: 0x80001484 (0xfd7ff0ef) jal     pc - 0x2a
core   0: 3 0x80001484 (0xfd7ff0ef) x1  0x80001488
core   0: 0x8000145a (0x00003ffd) c.jal   pc - 2
core   0: 3 0x8000145a (0x3ffd) x1  0x8000145c
core   0: 0x80001458 (0x0000a825) c.j     pc + 56
core   0: 3 0x80001458 (0xa825)
core   0: 0x80001490 (0x00003fc1) c.jal   pc - 48
core   0: 3 0x80001490 (0x3fc1) x1  0x80001492
core   0: 0x80001460 (0x0000280d) c.jal   pc + 50
core   0: 3 0x80001460 (0x280d) x1  0x80001462
core   0: 0x80001492 (0x00003fdd) c.jal   pc - 10
core   0: 3 0x80001492 (0x3fdd) x1  0x80001494
core   0: 0x80001488 (0xfdbff0ef) jal     pc - 0x26
core   0: 3 0x80001488 (0xfdbff0ef) x1  0x8000148c
core   0: 0x80001462 (0x0000a021) c.j     pc + 8
core   0: 3 0x80001462 (0xa021)
core   0: 0x8000146a (0x00003ff5) c.jal   pc - 4
core   0: 3 0x8000146a (0x3ff5) x1  0x8000146c
core   0: 0x80001466 (0x0100036f) jal     t1, pc + 0x10
core   0: 3 0x80001466 (0x0100036f) x6  0x8000146a
core   0: 0x80001476 (0x0000bff9) c.j     pc - 34
core   0: 3 0x80001476 (0xbff9)
core   0: 0x80001454 (0x044000ef) jal     pc + 0x44
core   0: 3 0x80001454 (0x044000ef) x1  0x80001458
core   0: 0x80001498 (0x00003ff1) c.jal   pc - 36
core   0: 3 0x80001498 (0x3ff1) x1  0x8000149a
core   0: 0x80001474 (0x00002031) c.jal   pc + 12
core   0: 3 0x80001474 (0x2031) x1  0x80001476
core   0: 0x80001480 (0x01c0086f) jal     a6, pc + 0x1c
core   0: 3 0x80001480 (0x01c0086f) x16 0x80001484
core   0: 0x8000149c (0x00b9b033) sltu    zero, s3, a1
core   0: 3 0x8000149c (0x00b9b033)
core   0: 0x800014a0 (0x0000fd97) auipc   s11, 0xf
core   0: 3 0x800014a0 (0x0000fd97) x27 0x800104a0
core   0: 0x800014a4 (0x25dd8d93) addi    s11, s11, 605
core   0: 3 0x800014a4 (0x25dd8d93) x27 0x800106fd
core   0: 0x800014a8 (0x00ae5593) srli    a1, t3, 10
core   0: 3 0x800014a8 (0x00ae5593) x11 0x00000000
core   0: 0x800014ac (0x020d8503) lb      a0, 32(s11)
core   0: 3 0x800014ac (0x020d8503) x10 0xffffff80 mem 0x8001071d
core   0: 0x800014b0 (0x000015fd) c.addi  a1, -1
core   0: 3 0x800014b0 (0x15fd) x11 0xffffffff
core   0: 0x800014b2 (0x00a50e33) add     t3, a0, a0
core   0: 3 0x800014b2 (0x00a50e33) x28 0xffffff00
core   0: 0x800014b6 (0x0172d293) srli    t0, t0, 23
core   0: 3 0x800014b6 (0x0172d293) x5  0x00000000
core   0: 0x800014ba (0x746d6293) ori     t0, s10, 1862
core   0: 3 0x800014ba (0x746d6293) x5  0xffffffcf
core   0: 0x800014be (0x024dcf03) lbu     t5, 36(s11)
core   0: 3 0x800014be (0x024dcf03) x30 0x0000002f mem 0x80010721
core   0: 0x800014c2 (0x02ad8623) sb      a0, 44(s11)
core   0: 3 0x800014c2 (0x02ad8623) mem 0x80010729 0x80
core   0: 0x800014c6 (0x0255f5b3) remu    a1, a1, t0
core   0: 3 0x800014c6 (0x0255f5b3) x11 0x00000030
core   0: 0x800014ca (0x01cf4e33) xor     t3, t5, t3
core   0: 3 0x800014ca (0x01cf4e33) x28 0xffffff2f
core   0: 0x800014ce (0x02fd8583) lb      a1, 47(s11)
core   0: 3 0x800014ce (0x02fd8583) x11 0x00000068 mem 0x8001072c
core   0: 0x800014d2 (0x000092f2) c.add   t0, t3
core   0: 3 0x800014d2 (0x92f2) x5  0xfffffefe
core   0: 0x800014d4 (0x02b2ee33) rem     t3, t0, a1
core   0: 3 0x800014d4 (0x02b2ee33) x28 0xffffffce
core   0: 0x800014d8 (0x029dcf03) lbu     t5, 41(s11)
core   0: 3 0x800014d8 (0x029dcf03) x30 0x000000d1 mem 0x80010726
core   0: 0x800014dc (0xbaa2b293) sltiu   t0, t0, -1110
core   0: 3 0x800014dc (0xbaa2b293) x5  0x00000000
core   0: 0x800014e0 (0x00adaba3) sw      a0, 23(s11)
core   0: 3 0x800014e0 (0x00adaba3) mem 0x80010714 0xffffff80
core   0: 0x800014e4 (0x00008531) c.srai  a0, 12
core   0: 3 0x800014e4 (0x8531) x10 0xffffffff
core   0: 0x800014e6 (0x00a55293) srli    t0, a0, 10
core   0: 3 0x800014e6 (0x00a55293) x5  0x003fffff
core   0: 0x800014ea (0x7f075597) auipc   a1, 0x7f075
core   0: 3 0x800014ea (0x7f075597) x11 0xff0764ea
core   0: 0x800014ee (0x00008d0d) c.sub   a0, a1
core   0: 3 0x800014ee (0x8d0d) x10 0x00f89b15
core   0: 0x800014f0 (0xff7d8283) lb      t0, -9(s11)
core   0: 3 0x800014f0 (0xff7d8283) x5  0xffffff99 mem 0x800106f4
core   0: 0x800014f4 (0xfebd83a3) sb      a1, -25(s11)
core   0: 3 0x800014f4 (0xfebd83a3) mem 0x800106e4 0xea
core   0: 0x800014f8 (0x405d55b3) sra     a1, s10, t0
core   0: 3 0x800014f8 (0x405d55b3) x11 0xffffffff
core   0: 0x800014fc (0x03c522b3) mulhsu  t0, a0, t3
core   0: 3 0x800014fc (0x03c522b3) x5  0x00f89b14
core   0: 0x80001500 (0x00edc583) lbu     a1, 14(s11)
core   0: 3 0x80001500 (0x00edc583) x11 0x000000a3 mem 0x8001070b
core   0: 0x80001504 (0x001dd283) lhu     t0, 1(s11)
core   0: 3 0x80001504 (0x001dd283) x5  0x000014e4 mem 0x800106fe
core   0: 0x80001508 (0x00017517) auipc   a0, 0x17
core   0: 3 0x80001508 (0x00017517) x10 0x80018508
core   0: 0x8000150c (0x28250513) addi    a0, a0, 642
core   0: 3 0x8000150c (0x28250513) x10 0x8001878a
core   0: 0x80001510 (0x0c350423) sb      gp, 200(a0)
core   0: 3 0x80001510 (0x0c350423) mem 0x80018852 0xf8
core   0: 0x80001514 (0x41d3db13) srai    s6, t2, 29
core   0: 3 0x80001514 (0x41d3db13) x22 0x00000000
core   0: 0x80001518 (0x0195d693) srli    a3, a1, 25
core   0: 3 0x80001518 (0x0195d693) x13 0x00000000
core   0: 0x8000151c (0x62d74393) xori    t2, a4, 1581
core   0: 3 0x8000151c (0x62d74393) x7  0x00000654
core   0: 0x80001520 (0x0027b733) sltu    a4, a5, sp
core   0: 3 0x80001520 (0x0027b733) x14 0x00000001
core   0: 0x80001524 (0x001ab5b3) sltu    a1, s5, ra
core   0: 3 0x80001524 (0x001ab5b3) x11 0x00000000
core   0: 0x80001528 (0x0056e3b3) or      t2, a3, t0
core   0: 3 0x80001528 (0x0056e3b3) x7  0x000014e4
core   0: 0x8000152c (0xc58a4713) xori    a4, s4, -936
core   0: 3 0x8000152c (0xc58a4713) x14 0x7ffd60bc
core   0: 0x80001530 (0x65451883) lh      a7, 1620(a0)
core   0: 3 0x80001530 (0x65451883) x17 0x00000a9e mem 0x80018dde
core   0: 0x80001534 (0xeace6413) ori     s0, t3, -340
core   0: 3 0x80001534 (0xeace6413) x8  0xffffffee
core   0: 0x80001538 (0x00282d33) slt     s10, a6, sp
core   0: 3 0x80001538 (0x00282d33) x26 0x00000001
core   0: 0x8000153c (0x017b4133) xor     sp, s6, s7
core   0: 3 0x8000153c (0x017b4133) x2  0x00000002
core   0: 0x80001540 (0x01c0d393) srli    t2, ra, 28
core   0: 3 0x80001540 (0x01c0d393) x7  0x00000008
core   0: 0x80001544 (0x7b850ca3) sb      s8, 1977(a0)
core   0: 3 0x80001544 (0x7b850ca3) mem 0x80018f43 0x00
core   0: 0x80001548 (0x000062b9) c.lui   t0, 0xe
core   0: 3 0x80001548 (0x62b9) x5  0x0000e000
core   0: 0x8000154a (0x00b607b3) add     a5, a2, a1
core   0: 3 0x8000154a (0x00b607b3) x15 0x00000000
core   0: 0x8000154e (0x10d54983) lbu     s3, 269(a0)
core   0: 3 0x8000154e (0x10d54983) x19 0x000000ff mem 0x80018897
core   0: 0x80001552 (0x00000001) c.nop
core   0: 3 0x80001552 (0x0001)
core   0: 0x80001554 (0x41b80433) sub     s0, a6, s11
core   0: 3 0x80001554 (0x41b80433) x8  0xffff0d87
core   0: 0x80001558 (0x00000001) c.nop
core   0: 3 0x80001558 (0x0001)
core   0: 0x8000155a (0x80450223) sb      tp, -2044(a0)
core   0: 3 0x8000155a (0x80450223) mem 0x80017f8e 0x00
core   0: 0x8000155e (0x03905e33) divu    t3, zero, s9
core   0: 3 0x8000155e (0x03905e33) x28 0x00000000
core   0: 0x80001562 (0x22482893) slti    a7, a6, 548
core   0: 3 0x80001562 (0x22482893) x17 0x00000001
core   0: 0x80001566 (0x01c56133) or      sp, a0, t3
core   0: 3 0x80001566 (0x01c56133) x2  0x8001878a
core   0: 0x8000156a (0x4158d733) sra     a4, a7, s5
core   0: 3 0x8000156a (0x4158d733) x14 0x00000000
core   0: 0x8000156e (0x00008199) c.srli  a1, 6
core   0: 3 0x8000156e (0x8199) x11 0x00000000
core   0: 0x80001570 (0x00000001) c.nop
core   0: 3 0x80001570 (0x0001)
core   0: 0x80001572 (0x96950303) lb      t1, -1687(a0)
core   0: 3 0x80001572 (0x96950303) x6  0xffffffac mem 0x800180f3
core   0: 0x80001576 (0x41b70733) sub     a4, a4, s11
core   0: 3 0x80001576 (0x41b70733) x14 0x7ffef903
core   0: 0x8000157a (0x03f1b033) mulhu   zero, gp, t6
core   0: 3 0x8000157a (0x03f1b033)
core   0: 0x8000157e (0x68454803) lbu     a6, 1668(a0)
core   0: 3 0x8000157e (0x68454803) x16 0x000000d0 mem 0x80018e0e
core   0: 0x80001582 (0x000081f2) c.mv    gp, t3
core   0: 3 0x80001582 (0x81f2) x3  0x00000000
core   0: 0x80001584 (0x07c502a3) sb      t3, 101(a0)
core   0: 3 0x80001584 (0x07c502a3) mem 0x800187ef 0x00
core   0: 0x80001588 (0x02daee33) rem     t3, s5, a3
core   0: 3 0x80001588 (0x02daee33) x28 0xfffff433
core   0: 0x8000158c (0x4f354b83) lbu     s7, 1267(a0)
core   0: 3 0x8000158c (0x4f354b83) x23 0x00000043 mem 0x80018c7d
core   0: 0x80001590 (0x16154283) lbu     t0, 353(a0)
core   0: 3 0x80001590 (0x16154283) x5  0x000000b9 mem 0x800188eb
core   0: 0x80001594 (0x41f686b3) sub     a3, a3, t6
core   0: 3 0x80001594 (0x41f686b3) x13 0x3e356bf6
core   0: 0x80001598 (0x51e55803) lhu     a6, 1310(a0)
core   0: 3 0x80001598 (0x51e55803) x16 0x00009096 mem 0x80018ca8
core   0: 0x8000159c (0xd1d54783) lbu     a5, -739(a0)
core   0: 3 0x8000159c (0xd1d54783) x15 0x0000008f mem 0x800184a7
core   0: 0x800015a0 (0x2a150103) lb      sp, 673(a0)
core   0: 3 0x800015a0 (0x2a150103) x2  0x0000007b mem 0x80018a2b
core   0: 0x800015a4 (0x0000f517) auipc   a0, 0xf
core   0: 3 0x800015a4 (0x0000f517) x10 0x800105a4
core   0: 0x800015a8 (0x17650513) addi    a0, a0, 374
core   0: 3 0x800015a8 (0x17650513) x10 0x8001071a
core   0: 0x800015ac (0x02665db3) divu    s11, a2, t1
core   0: 3 0x800015ac (0x02665db3) x27 0x00000000
core   0: 0x800015b0 (0x03c17e33) remu    t3, sp, t3
core   0: 3 0x800015b0 (0x03c17e33) x28 0x0000007b
core   0: 0x800015b4 (0x29b54403) lbu     s0, 667(a0)
core   0: 3 0x800015b4 (0x29b54403) x8  0x000000d4 mem 0x800109b5
core   0: 0x800015b8 (0x000097f2) c.add   a5, t3
core   0: 3 0x800015b8 (0x97f2) x15 0x0000010a
core   0: 0x800015ba (0xfa251723) sh      sp, -82(a0)
core   0: 3 0x800015ba (0xfa251723) mem 0x800106c8 0x007b
core   0: 0x800015be (0x3a934093) xori    ra, t1, 937
core   0: 3 0x800015be (0x3a934093) x1  0xfffffc05
core   0: 0x800015c2 (0x00000389) c.addi  t2, 2
core   0: 3 0x800015c2 (0x0389) x7  0x0000000a
core   0: 0x800015c4 (0x50d50183) lb      gp, 1293(a0)
core   0: 3 0x800015c4 (0x50d50183) x3  0xfffffffd mem 0x80010c27
core   0: 0x800015c8 (0x4161d893) srai    a7, gp, 22
core   0: 3 0x800015c8 (0x4161d893) x17 0xffffffff
core   0: 0x800015cc (0x3d9508a3) sb      s9, 977(a0)
core   0: 3 0x800015cc (0x3d9508a3) mem 0x80010aeb 0x65
core   0: 0x800015d0 (0x00004261) c.li    tp, 24
core   0: 3 0x800015d0 (0x4261) x4  0x00000018
core   0: 0x800015d2 (0xe9550623) sb      s5, -372(a0)
core   0: 3 0x800015d2 (0xe9550623) mem 0x800105a6 0x33
core   0: 0x800015d6 (0xbb351323) sh      s3, -1114(a0)
core   0: 3 0x800015d6 (0xbb351323) mem 0x800102c0 0x00ff
core   0: 0x800015da (0x404251b3) sra     gp, tp, tp
core   0: 3 0x800015da (0x404251b3) x3  0x00000000
core   0: 0x800015de (0x00009b76) c.add   s6, t4
core   0: 3 0x800015de (0x9b76) x22 0x00000001
core   0: 0x800015e0 (0x61dcdfb7) lui     t6, 0x61dcd
core   0: 3 0x800015e0 (0x61dcdfb7) x31 0x61dcd000
core   0: 0x800015e4 (0x00008cdd) c.or    s1, a5
core   0: 3 0x800015e4 (0x8cdd) x9  0x0000018b
core   0: 0x800015e6 (0xc2d502a3) sb      a3, -987(a0)
core   0: 3 0x800015e6 (0xc2d502a3) mem 0x8001033f 0xf6
core   0: 0x800015ea (0x016c74b3) and     s1, s8, s6
core   0: 3 0x800015ea (0x016c74b3) x9  0x00000000
core   0: 0x800015ee (0x9c250f83) lb      t6, -1598(a0)
core   0: 3 0x800015ee (0x9c250f83) x31 0x00000004 mem 0x800100dc
core   0: 0x800015f2 (0xcde4a337) lui     t1, 0xcde4a
core   0: 3 0x800015f2 (0xcde4a337) x6  0xcde4a000
core   0: 0x800015f6 (0x000081f1) c.srli  a1, 28
core   0: 3 0x800015f6 (0x81f1) x11 0x00000000
core   0: 0x800015f8 (0x012767b3) or      a5, a4, s2
core   0: 3 0x800015f8 (0x012767b3) x15 0xfffeff67
core   0: 0x800015fc (0x00008049) c.srli  s0, 18
core   0: 3 0x800015fc (0x8049) x8  0x00000000
core   0: 0x800015fe (0x0000441d) c.li    s0, 7
core   0: 3 0x800015fe (0x441d) x8  0x00000007
core   0: 0x80001600 (0x1ac54403) lbu     s0, 428(a0)
core   0: 3 0x80001600 (0x1ac54403) x8  0x000000d2 mem 0x800108c6
core   0: 0x80001604 (0x40b54b03) lbu     s6, 1035(a0)
core   0: 3 0x80001604 (0x40b54b03) x22 0x000000f9 mem 0x80010b25
core   0: 0x80001608 (0xc3754f83) lbu     t6, -969(a0)
core   0: 3 0x80001608 (0xc3754f83) x31 0x000000e8 mem 0x80010351
core   0: 0x8000160c (0x61350ba3) sb      s3, 1559(a0)
core   0: 3 0x8000160c (0x61350ba3) mem 0x80010d31 0xff
core   0: 0x80001610 (0x5eb92d13) slti    s10, s2, 1515
core   0: 3 0x80001610 (0x5eb92d13) x26 0x00000001
core   0: 0x80001614 (0x3b900293) li      t0, 953
core   0: 3 0x80001614 (0x3b900293) x5  0x000003b9
core   0: 0x80001618 (0x0000832d) c.srli  a4, 11
core   0: 3 0x80001618 (0x832d) x14 0x000fffdf
core   0: 0x8000161a (0x1c754203) lbu     tp, 455(a0)
core   0: 3 0x8000161a (0x1c754203) x4  0x0000002f mem 0x800108e1
core   0: 0x8000161e (0x772afd13) andi    s10, s5, 1906
core   0: 3 0x8000161e (0x772afd13) x26 0x00000432
core   0: 0x80001622 (0xd44507a3) sb      tp, -689(a0)
core   0: 3 0x80001622 (0xd44507a3) mem 0x80010469 0x2f
core   0: 0x80001626 (0x01db4c33) xor     s8, s6, t4
core   0: 3 0x80001626 (0x01db4c33) x24 0x000000f8
core   0: 0x8000162a (0x0363dc33) divu    s8, t2, s6
core   0: 3 0x8000162a (0x0363dc33) x24 0x00000000
core   0: 0x8000162e (0x02374e33) div     t3, a4, gp
core   0: 3 0x8000162e (0x02374e33) x28 0xffffffff
core   0: 0x80001632 (0xdd8dac37) lui     s8, 0xdd8da
core   0: 3 0x80001632 (0xdd8dac37) x24 0xdd8da000
core   0: 0x80001636 (0x4b354f03) lbu     t5, 1203(a0)
core   0: 3 0x80001636 (0x4b354f03) x30 0x000000ba mem 0x80010bcd
core   0: 0x8000163a (0x012000ef) jal     pc + 0x12
core   0: 3 0x8000163a (0x012000ef) x1  0x8000163e
core   0: 0x8000164c (0x024008ef) jal     a7, pc + 0x24
core   0: 3 0x8000164c (0x024008ef) x17 0x80001650
core   0: 0x80001670 (0x0000b7c5) c.j     pc - 32
core   0: 3 0x80001670 (0xb7c5)
core   0: 0x80001650 (0x0000a809) c.j     pc + 18
core   0: 3 0x80001650 (0xa809)
core   0: 0x80001662 (0x0000bfcd) c.j     pc - 14
core   0: 3 0x80001662 (0xbfcd)
core   0: 0x80001654 (0x0000bfc5) c.j     pc - 16
core   0: 3 0x80001654 (0xbfc5)
core   0: 0x80001644 (0x01c00f6f) jal     t5, pc + 0x1c
core   0: 3 0x80001644 (0x01c00f6f) x30 0x80001648
core   0: 0x80001660 (0x00003fed) c.jal   pc - 6
core   0: 3 0x80001660 (0x3fed) x1  0x80001662
core   0: 0x8000165a (0xfe5ff0ef) jal     pc - 0x1c
core   0: 3 0x8000165a (0xfe5ff0ef) x1  0x8000165e
core   0: 0x8000163e (0x02e002ef) jal     t0, pc + 0x2e
core   0: 3 0x8000163e (0x02e002ef) x5  0x80001642
core   0: 0x8000166c (0x0000a009) c.j     pc + 2
core   0: 3 0x8000166c (0xa009)
core   0: 0x8000166e (0x0000b7e5) c.j     pc - 24
core   0: 3 0x8000166e (0xb7e5)
core   0: 0x80001656 (0x0000a831) c.j     pc + 28
core   0: 3 0x80001656 (0xa831)
core   0: 0x80001672 (0xfedff0ef) jal     pc - 0x14
core   0: 3 0x80001672 (0xfedff0ef) x1  0x80001676
core   0: 0x8000165e (0x000037ed) c.jal   pc - 22
core   0: 3 0x8000165e (0x37ed) x1  0x80001660
core   0: 0x80001648 (0x01c0046f) jal     s0, pc + 0x1c
core   0: 3 0x80001648 (0x01c0046f) x8  0x8000164c
core   0: 0x80001664 (0x004000ef) jal     pc + 0x4
core   0: 3 0x80001664 (0x004000ef) x1  0x80001668
core   0: 0x80001668 (0xff1ff0ef) jal     pc - 0x10
core   0: 3 0x80001668 (0xff1ff0ef) x1  0x8000166c
core   0: 0x80001658 (0x000037ed) c.jal   pc - 22
core   0: 3 0x80001658 (0x37ed) x1  0x8000165a
core   0: 0x80001642 (0x00002801) c.jal   pc + 16
core   0: 3 0x80001642 (0x2801) x1  0x80001644
core   0: 0x80001652 (0x0000a015) c.j     pc + 36
core   0: 3 0x80001652 (0xa015)
core   0: 0x80001676 (0x00001e7d) c.addi  t3, -1
core   0: 3 0x80001676 (0x1e7d) x28 0xfffffffe
core   0: 0x80001678 (0x00004509) c.li    a0, 2
core   0: 3 0x80001678 (0x4509) x10 0x00000002
core   0: 0x8000167a (0x0000859d) c.srai  a1, 7
core   0: 3 0x8000167a (0x859d) x11 0x00000000
core   0: 0x8000167c (0x00009b7d) c.andi  a4, -1
core   0: 3 0x8000167c (0x9b7d) x14 0x000fffdf
core   0: 0x8000167e (0x03db8233) mul     tp, s7, t4
core   0: 3 0x8000167e (0x03db8233) x4  0x00000043
core   0: 0x80001682 (0xffb67713) andi    a4, a2, -5
core   0: 3 0x80001682 (0xffb67713) x14 0x00000000
core   0: 0x80001686 (0x00004699) c.li    a3, 6
core   0: 3 0x80001686 (0x4699) x13 0x00000006
core   0: 0x80001688 (0x00cb17b3) sll     a5, s6, a2
core   0: 3 0x80001688 (0x00cb17b3) x15 0x000000f9
core   0: 0x8000168c (0x00000a0c) c.addi4spn a1, sp, 272
core   0: 3 0x8000168c (0x0a0c) x11 0x0000018b
core   0: 0x8000168e (0x00008c79) c.and   s0, a4
core   0: 3 0x8000168e (0x8c79) x8  0x00000000
core   0: 0x80001690 (0x00008cd1) c.or    s1, a2
core   0: 3 0x80001690 (0x8cd1) x9  0x00000000
core   0: 0x80001692 (0x0000809d) c.srli  s1, 7
core   0: 3 0x80001692 (0x809d) x9  0x00000000
core   0: 0x80001694 (0x40e8db13) srai    s6, a7, 14
core   0: 3 0x80001694 (0x40e8db13) x22 0xfffe0000
core   0: 0x80001698 (0x00000509) c.addi  a0, 2
core   0: 3 0x80001698 (0x0509) x10 0x00000004
core   0: 0x8000169a (0x2b1f6e93) ori     t4, t5, 689
core   0: 3 0x8000169a (0x2b1f6e93) x29 0x800016f9
core   0: 0x8000169e (0x000087cd) c.srai  a5, 19
core   0: 3 0x8000169e (0x87cd) x15 0x00000000
core   0: 0x800016a0 (0x00008f51) c.or    a4, a2
core   0: 3 0x800016a0 (0x8f51) x14 0x00000000
core   0: 0x800016a2 (0x0000830d) c.srli  a4, 3
core   0: 3 0x800016a2 (0x830d) x14 0x00000000
core   0: 0x800016a4 (0xfed565e3) bltu    a0, a3, pc - 22
core   0: 3 0x800016a4 (0xfed565e3)
core   0: 0x8000168e (0x00008c79) c.and   s0, a4
core   0: 3 0x8000168e (0x8c79) x8  0x00000000
core   0: 0x80001690 (0x00008cd1) c.or    s1, a2
core   0: 3 0x80001690 (0x8cd1) x9  0x00000000
core   0: 0x80001692 (0x0000809d) c.srli  s1, 7
core   0: 3 0x80001692 (0x809d) x9  0x00000000
core   0: 0x80001694 (0x40e8db13) srai    s6, a7, 14
core   0: 3 0x80001694 (0x40e8db13) x22 0xfffe0000
core   0: 0x80001698 (0x00000509) c.addi  a0, 2
core   0: 3 0x80001698 (0x0509) x10 0x00000006
core   0: 0x8000169a (0x2b1f6e93) ori     t4, t5, 689
core   0: 3 0x8000169a (0x2b1f6e93) x29 0x800016f9
core   0: 0x8000169e (0x000087cd) c.srai  a5, 19
core   0: 3 0x8000169e (0x87cd) x15 0x00000000
core   0: 0x800016a0 (0x00008f51) c.or    a4, a2
core   0: 3 0x800016a0 (0x8f51) x14 0x00000000
core   0: 0x800016a2 (0x0000830d) c.srli  a4, 3
core   0: 3 0x800016a2 (0x830d) x14 0x00000000
core   0: 0x800016a4 (0xfed565e3) bltu    a0, a3, pc - 22
core   0: 3 0x800016a4 (0xfed565e3)
core   0: 0x800016a8 (0x0065aeb3) slt     t4, a1, t1
core   0: 3 0x800016a8 (0x0065aeb3) x29 0x00000000
core   0: 0x800016ac (0x00004c8d) c.li    s9, 3
core   0: 3 0x800016ac (0x4c8d) x25 0x00000003
core   0: 0x800016ae (0x000055bd) c.li    a1, -17
core   0: 3 0x800016ae (0x55bd) x11 0xffffffef
core   0: 0x800016b0 (0x00000389) c.addi  t2, 2
core   0: 3 0x800016b0 (0x0389) x7  0x0000000c
core   0: 0x800016b2 (0x0177f8b3) and     a7, a5, s7
core   0: 3 0x800016b2 (0x0177f8b3) x17 0x00000000
core   0: 0x800016b6 (0x00001cd9) c.addi  s9, -10
core   0: 3 0x800016b6 (0x1cd9) x25 0xfffffff9
core   0: 0x800016b8 (0x01e011b3) sll     gp, zero, t5
core   0: 3 0x800016b8 (0x01e011b3) x3  0x00000000
core   0: 0x800016bc (0x03529833) mulh    a6, t0, s5
core   0: 3 0x800016bc (0x03529833) x16 0x000005e6
core   0: 0x800016c0 (0x00008cb9) c.xor   s1, a4
core   0: 3 0x800016c0 (0x8cb9) x9  0x00000000
core   0: 0x800016c2 (0xfebcd8e3) bge     s9, a1, pc - 16
core   0: 3 0x800016c2 (0xfebcd8e3)
core   0: 0x800016b2 (0x0177f8b3) and     a7, a5, s7
core   0: 3 0x800016b2 (0x0177f8b3) x17 0x00000000
core   0: 0x800016b6 (0x00001cd9) c.addi  s9, -10
core   0: 3 0x800016b6 (0x1cd9) x25 0xffffffef
core   0: 0x800016b8 (0x01e011b3) sll     gp, zero, t5
core   0: 3 0x800016b8 (0x01e011b3) x3  0x00000000
core   0: 0x800016bc (0x03529833) mulh    a6, t0, s5
core   0: 3 0x800016bc (0x03529833) x16 0x000005e6
core   0: 0x800016c0 (0x00008cb9) c.xor   s1, a4
core   0: 3 0x800016c0 (0x8cb9) x9  0x00000000
core   0: 0x800016c2 (0xfebcd8e3) bge     s9, a1, pc - 16
core   0: 3 0x800016c2 (0xfebcd8e3)
core   0: 0x800016b2 (0x0177f8b3) and     a7, a5, s7
core   0: 3 0x800016b2 (0x0177f8b3) x17 0x00000000
core   0: 0x800016b6 (0x00001cd9) c.addi  s9, -10
core   0: 3 0x800016b6 (0x1cd9) x25 0xffffffe5
core   0: 0x800016b8 (0x01e011b3) sll     gp, zero, t5
core   0: 3 0x800016b8 (0x01e011b3) x3  0x00000000
core   0: 0x800016bc (0x03529833) mulh    a6, t0, s5
core   0: 3 0x800016bc (0x03529833) x16 0x000005e6
core   0: 0x800016c0 (0x00008cb9) c.xor   s1, a4
core   0: 3 0x800016c0 (0x8cb9) x9  0x00000000
core   0: 0x800016c2 (0xfebcd8e3) bge     s9, a1, pc - 16
core   0: 3 0x800016c2 (0xfebcd8e3)
core   0: 0x800016c6 (0x41ca8333) sub     t1, s5, t3
core   0: 3 0x800016c6 (0x41ca8333) x6  0xfffff435
core   0: 0x800016ca (0x0007dd13) srli    s10, a5, 0
core   0: 3 0x800016ca (0x0007dd13) x26 0x00000000
core   0: 0x800016ce (0x024d6e33) rem     t3, s10, tp
core   0: 3 0x800016ce (0x024d6e33) x28 0x00000000
core   0: 0x800016d2 (0x03f58263) beq     a1, t6, pc + 36
core   0: 3 0x800016d2 (0x03f58263)
core   0: 0x800016d6 (0x0310c263) blt     ra, a7, pc + 36
core   0: 3 0x800016d6 (0x0310c263)
core   0: 0x800016fa (0x02451bb3) mulh    s7, a0, tp
core   0: 3 0x800016fa (0x02451bb3) x23 0x00000000
core   0: 0x800016fe (0x89701b37) lui     s6, 0x89701
core   0: 3 0x800016fe (0x89701b37) x22 0x89701000
core   0: 0x80001702 (0x027de663) bltu    s11, t2, pc + 44
core   0: 3 0x80001702 (0x027de663)
core   0: 0x8000172e (0x020761b3) rem     gp, a4, zero
core   0: 3 0x8000172e (0x020761b3) x3  0x00000000
core   0: 0x80001732 (0x00006d85) c.lui   s11, 0x1
core   0: 3 0x80001732 (0x6d85) x27 0x00001000
core   0: 0x80001734 (0x00000001) c.nop
core   0: 3 0x80001734 (0x0001)
core   0: 0x80001736 (0x019de5b3) or      a1, s11, s9
core   0: 3 0x80001736 (0x019de5b3) x11 0xffffffe5
core   0: 0x8000173a (0x000087e1) c.srai  a5, 24
core   0: 3 0x8000173a (0x87e1) x15 0x00000000
core   0: 0x8000173c (0x6d94e813) ori     a6, s1, 1753
core   0: 3 0x8000173c (0x6d94e813) x16 0x000006d9
core   0: 0x80001740 (0x036570b3) remu    ra, a0, s6
core   0: 3 0x80001740 (0x036570b3) x1  0x00000006
core   0: 0x80001744 (0x00008f09) c.sub   a4, a0
core   0: 3 0x80001744 (0x8f09) x14 0xfffffffa
core   0: 0x80001746 (0x0092cf63) blt     t0, s1, pc + 30
core   0: 3 0x80001746 (0x0092cf63)
core   0: 0x80001764 (0x0222cc63) blt     t0, sp, pc + 56
core   0: 3 0x80001764 (0x0222cc63)
core   0: 0x8000179c (0x00008c9d) c.sub   s1, a5
core   0: 3 0x8000179c (0x8c9d) x9  0x00000000
core   0: 0x8000179e (0x0161dc33) srl     s8, gp, s6
core   0: 3 0x8000179e (0x0161dc33) x24 0x00000000
core   0: 0x800017a2 (0x0000851d) c.srai  a0, 7
core   0: 3 0x800017a2 (0x851d) x10 0x00000000
core   0: 0x800017a4 (0x01c690b3) sll     ra, a3, t3
core   0: 3 0x800017a4 (0x01c690b3) x1  0x00000006
core   0: 0x800017a8 (0x01475193) srli    gp, a4, 20
core   0: 3 0x800017a8 (0x01475193) x3  0x00000fff
core   0: 0x800017ac (0x00008bd6) c.mv    s7, s5
core   0: 3 0x800017ac (0x8bd6) x23 0xfffff433
core   0: 0x800017ae (0x00008c5d) c.or    s0, a5
core   0: 3 0x800017ae (0x8c5d) x8  0x00000000
core   0: 0x800017b0 (0x032a9f63) bne     s5, s2, pc + 62
core   0: 3 0x800017b0 (0x032a9f63)
core   0: 0x800017ee (0x0915d563) bge     a1, a7, pc + 138
core   0: 3 0x800017ee (0x0915d563)
core   0: 0x800017f2 (0x01343eb3) sltu    t4, s0, s3
core   0: 3 0x800017f2 (0x01343eb3) x29 0x00000001
core   0: 0x800017f6 (0x00dad893) srli    a7, s5, 13
core   0: 3 0x800017f6 (0x00dad893) x17 0x0007ffff
core   0: 0x800017fa (0x0052ac33) slt     s8, t0, t0
core   0: 3 0x800017fa (0x0052ac33) x24 0x00000000
core   0: 0x800017fe (0x000097ee) c.add   a5, s11
core   0: 3 0x800017fe (0x97ee) x15 0x00001000
core   0: 0x80001800 (0x00008f81) c.sub   a5, s0
core   0: 3 0x80001800 (0x8f81) x15 0x00001000
core   0: 0x80001802 (0x00004b7d) c.li    s6, 31
core   0: 3 0x80001802 (0x4b7d) x22 0x0000001f
core   0: 0x80001804 (0x0b195163) bge     s2, a7, pc + 162
core   0: 3 0x80001804 (0x0b195163)
core   0: 0x80001808 (0x09715763) bge     sp, s7, pc + 142
core   0: 3 0x80001808 (0x09715763)
core   0: 0x80001896 (0x00008365) c.srli  a4, 25
core   0: 3 0x80001896 (0x8365) x14 0x0000007f
core   0: 0x80001898 (0x80cc4013) xori    zero, s8, -2036
core   0: 3 0x80001898 (0x80cc4013)
core   0: 0x8000189c (0x00000001) c.nop
core   0: 3 0x8000189c (0x0001)
core   0: 0x8000189e (0x002b1e33) sll     t3, s6, sp
core   0: 3 0x8000189e (0x002b1e33) x28 0xf8000000
core   0: 0x800018a2 (0x03a6fcb3) remu    s9, a3, s10
core   0: 3 0x800018a2 (0x03a6fcb3) x25 0x00000006
core   0: 0x800018a6 (0x01ecc263) blt     s9, t5, pc + 4
core   0: 3 0x800018a6 (0x01ecc263)
core   0: 0x800018aa (0x007df363) bgeu    s11, t2, pc + 6
core   0: 3 0x800018aa (0x007df363)
core   0: 0x800018b0 (0x00996963) bltu    s2, s1, pc + 18
core   0: 3 0x800018b0 (0x00996963)
core   0: 0x800018b4 (0x037b6db3) rem     s11, s6, s7
core   0: 3 0x800018b4 (0x037b6db3) x27 0x0000001f
core   0: 0x800018b8 (0x044c0563) beq     s8, tp, pc + 74
core   0: 3 0x800018b8 (0x044c0563)
core   0: 0x800018bc (0x00008f79) c.and   a4, a4
core   0: 3 0x800018bc (0x8f79) x14 0x0000007f
core   0: 0x800018be (0x00a8f8b3) and     a7, a7, a0
core   0: 3 0x800018be (0x00a8f8b3) x17 0x00000000
core   0: 0x800018c2 (0x03addc33) divu    s8, s11, s10
core   0: 3 0x800018c2 (0x03addc33) x24 0xffffffff
core   0: 0x800018c6 (0x03cf6fb3) rem     t6, t5, t3
core   0: 3 0x800018c6 (0x03cf6fb3) x31 0xf8001648
core   0: 0x800018ca (0x0200f733) remu    a4, ra, zero
core   0: 3 0x800018ca (0x0200f733) x14 0x00000006
core   0: 0x800018ce (0x00b996b3) sll     a3, s3, a1
core   0: 3 0x800018ce (0x00b996b3) x13 0x00001fe0
core   0: 0x800018d2 (0x008a19b3) sll     s3, s4, s0
core   0: 3 0x800018d2 (0x008a19b3) x19 0x80029ce4
core   0: 0x800018d6 (0x0025cd63) blt     a1, sp, pc + 26
core   0: 3 0x800018d6 (0x0025cd63)
core   0: 0x800018f0 (0x032e1f33) mulh    t5, t3, s2
core   0: 3 0x800018f0 (0x032e1f33) x30 0x03ffed0c
core   0: 0x800018f4 (0x026b8163) beq     s7, t1, pc + 34
core   0: 3 0x800018f4 (0x026b8163)
core   0: 0x800018f8 (0x00006a85) c.lui   s5, 0x1
core   0: 3 0x800018f8 (0x6a85) x21 0x00001000
core   0: 0x800018fa (0x00e625b3) slt     a1, a2, a4
core   0: 3 0x800018fa (0x00e625b3) x11 0x00000001
core   0: 0x800018fe (0x00067cb3) and     s9, a2, zero
core   0: 3 0x800018fe (0x00067cb3) x25 0x00000000
core   0: 0x80001902 (0x020508b3) mul     a7, a0, zero
core   0: 3 0x80001902 (0x020508b3) x17 0x00000000
core   0: 0x80001906 (0x02767263) bgeu    a2, t2, pc + 36
core   0: 3 0x80001906 (0x02767263)
core   0: 0x8000190a (0x02790c33) mul     s8, s2, t2
core   0: 3 0x8000190a (0x02790c33) x24 0x001c6cb0
core   0: 0x8000190e (0x0138adb3) slt     s11, a7, s3
core   0: 3 0x8000190e (0x0138adb3) x27 0x00000000
core   0: 0x80001912 (0x000088b2) c.mv    a7, a2
core   0: 3 0x80001912 (0x88b2) x17 0x00000000
core   0: 0x80001914 (0x00008099) c.srli  s1, 6
core   0: 3 0x80001914 (0x8099) x9  0x00000000
core   0: 0x80001916 (0x022e9563) bne     t4, sp, pc + 42
core   0: 3 0x80001916 (0x022e9563)
core   0: 0x80001940 (0x00000001) c.nop
core   0: 3 0x80001940 (0x0001)
core   0: 0x80001942 (0x0000616d) c.addi16sp sp, 240
core   0: 3 0x80001942 (0x616d) x2  0x0000016b
core   0: 0x80001944 (0x00001c00) c.addi4spn s0, sp, 560
core   0: 3 0x80001944 (0x1c00) x8  0x0000039b
core   0: 0x80001946 (0x02d24833) div     a6, tp, a3
core   0: 3 0x80001946 (0x02d24833) x16 0x00000000
core   0: 0x8000194a (0x6c4b2193) slti    gp, s6, 1732
core   0: 3 0x8000194a (0x6c4b2193) x3  0x00000001
core   0: 0x8000194e (0x4029d813) srai    a6, s3, 2
core   0: 3 0x8000194e (0x4029d813) x16 0xe000a739
core   0: 0x80001952 (0x00001a04) c.addi4spn s1, sp, 304
core   0: 3 0x80001952 (0x1a04) x9  0x0000029b
core   0: 0x80001954 (0x007e9c63) bne     t4, t2, pc + 24
core   0: 3 0x80001954 (0x007e9c63)
core   0: 0x8000196c (0xb6990193) addi    gp, s2, -1175
core   0: 3 0x8000196c (0xb6990193) x3  0x800259cd
core   0: 0x80001970 (0x0065a433) slt     s0, a1, t1
core   0: 3 0x80001970 (0x0065a433) x8  0x00000000
core   0: 0x80001974 (0x0078c363) blt     a7, t2, pc + 6
core   0: 3 0x80001974 (0x0078c363)
core   0: 0x8000197a (0x05dc0863) beq     s8, t4, pc + 80
core   0: 3 0x8000197a (0x05dc0863)
core   0: 0x8000197e (0x9eacca93) xori    s5, s9, -1558
core   0: 3 0x8000197e (0x9eacca93) x21 0xfffff9ea
core   0: 0x80001982 (0x01925493) srli    s1, tp, 25
core   0: 3 0x80001982 (0x01925493) x9  0x00000000
core   0: 0x80001986 (0x0803ed63) bltu    t2, zero, pc + 154
core   0: 3 0x80001986 (0x0803ed63)
core   0: 0x8000198a (0x00004425) c.li    s0, 9
core   0: 3 0x8000198a (0x4425) x8  0x00000009
core   0: 0x8000198c (0x0358c0b3) div     ra, a7, s5
core   0: 3 0x8000198c (0x0358c0b3) x1  0x00000000
core   0: 0x80001990 (0xd5c3dc37) lui     s8, 0xd5c3d
core   0: 3 0x80001990 (0xd5c3dc37) x24 0xd5c3d000
core   0: 0x80001994 (0x418d5893) srai    a7, s10, 24
core   0: 3 0x80001994 (0x418d5893) x17 0x00000000
core   0: 0x80001998 (0x00000d94) c.addi4spn a3, sp, 720
core   0: 3 0x80001998 (0x0d94) x13 0x0000043b
core   0: 0x8000199a (0xff620513) addi    a0, tp, -10
core   0: 3 0x8000199a (0xff620513) x10 0x00000039
core   0: 0x8000199e (0x015d2eb3) slt     t4, s10, s5
core   0: 3 0x8000199e (0x015d2eb3) x29 0x00000000
core   0: 0x800019a2 (0x00004839) c.li    a6, 14
core   0: 3 0x800019a2 (0x4839) x16 0x0000000e
core   0: 0x800019a4 (0x22aee9b7) lui     s3, 0x22aee
core   0: 3 0x800019a4 (0x22aee9b7) x19 0x22aee000
core   0: 0x800019a8 (0x410dd9b3) sra     s3, s11, a6
core   0: 3 0x800019a8 (0x410dd9b3) x19 0x00000000
core   0: 0x800019ac (0x0328f9b3) remu    s3, a7, s2
core   0: 3 0x800019ac (0x0328f9b3) x19 0x00000000
core   0: 0x800019b0 (0x00000fc6) c.slli  t6, 17
core   0: 3 0x800019b0 (0x0fc6) x31 0x2c900000
core   0: 0x800019b2 (0x00000405) c.addi  s0, 1
core   0: 3 0x800019b2 (0x0405) x8  0x0000000a
core   0: 0x800019b4 (0x000083a1) c.srli  a5, 8
core   0: 3 0x800019b4 (0x83a1) x15 0x00000010
core   0: 0x800019b6 (0x00000001) c.nop
core   0: 3 0x800019b6 (0x0001)
core   0: 0x800019b8 (0x00008bc1) c.andi  a5, 16
core   0: 3 0x800019b8 (0x8bc1) x15 0x00000010
core   0: 0x800019ba (0xff0465e3) bltu    s0, a6, pc - 22
core   0: 3 0x800019ba (0xff0465e3)
core   0: 0x800019a4 (0x22aee9b7) lui     s3, 0x22aee
core   0: 3 0x800019a4 (0x22aee9b7) x19 0x22aee000
core   0: 0x800019a8 (0x410dd9b3) sra     s3, s11, a6
core   0: 3 0x800019a8 (0x410dd9b3) x19 0x00000000
core   0: 0x800019ac (0x0328f9b3) remu    s3, a7, s2
core   0: 3 0x800019ac (0x0328f9b3) x19 0x00000000
core   0: 0x800019b0 (0x00000fc6) c.slli  t6, 17
core   0: 3 0x800019b0 (0x0fc6) x31 0x00000000
core   0: 0x800019b2 (0x00000405) c.addi  s0, 1
core   0: 3 0x800019b2 (0x0405) x8  0x0000000b
core   0: 0x800019b4 (0x000083a1) c.srli  a5, 8
core   0: 3 0x800019b4 (0x83a1) x15 0x00000000
core   0: 0x800019b6 (0x00000001) c.nop
core   0: 3 0x800019b6 (0x0001)
core   0: 0x800019b8 (0x00008bc1) c.andi  a5, 16
core   0: 3 0x800019b8 (0x8bc1) x15 0x00000000
core   0: 0x800019ba (0xff0465e3) bltu    s0, a6, pc - 22
core   0: 3 0x800019ba (0xff0465e3)
core   0: 0x800019a4 (0x22aee9b7) lui     s3, 0x22aee
core   0: 3 0x800019a4 (0x22aee9b7) x19 0x22aee000
core   0: 0x800019a8 (0x410dd9b3) sra     s3, s11, a6
core   0: 3 0x800019a8 (0x410dd9b3) x19 0x00000000
core   0: 0x800019ac (0x0328f9b3) remu    s3, a7, s2
core   0: 3 0x800019ac (0x0328f9b3) x19 0x00000000
core   0: 0x800019b0 (0x00000fc6) c.slli  t6, 17
core   0: 3 0x800019b0 (0x0fc6) x31 0x00000000
core   0: 0x800019b2 (0x00000405) c.addi  s0, 1
core   0: 3 0x800019b2 (0x0405) x8  0x0000000c
core   0: 0x800019b4 (0x000083a1) c.srli  a5, 8
core   0: 3 0x800019b4 (0x83a1) x15 0x00000000
core   0: 0x800019b6 (0x00000001) c.nop
core   0: 3 0x800019b6 (0x0001)
core   0: 0x800019b8 (0x00008bc1) c.andi  a5, 16
core   0: 3 0x800019b8 (0x8bc1) x15 0x00000000
core   0: 0x800019ba (0xff0465e3) bltu    s0, a6, pc - 22
core   0: 3 0x800019ba (0xff0465e3)
core   0: 0x800019a4 (0x22aee9b7) lui     s3, 0x22aee
core   0: 3 0x800019a4 (0x22aee9b7) x19 0x22aee000
core   0: 0x800019a8 (0x410dd9b3) sra     s3, s11, a6
core   0: 3 0x800019a8 (0x410dd9b3) x19 0x00000000
core   0: 0x800019ac (0x0328f9b3) remu    s3, a7, s2
core   0: 3 0x800019ac (0x0328f9b3) x19 0x00000000
core   0: 0x800019b0 (0x00000fc6) c.slli  t6, 17
core   0: 3 0x800019b0 (0x0fc6) x31 0x00000000
core   0: 0x800019b2 (0x00000405) c.addi  s0, 1
core   0: 3 0x800019b2 (0x0405) x8  0x0000000d
core   0: 0x800019b4 (0x000083a1) c.srli  a5, 8
core   0: 3 0x800019b4 (0x83a1) x15 0x00000000
core   0: 0x800019b6 (0x00000001) c.nop
core   0: 3 0x800019b6 (0x0001)
core   0: 0x800019b8 (0x00008bc1) c.andi  a5, 16
core   0: 3 0x800019b8 (0x8bc1) x15 0x00000000
core   0: 0x800019ba (0xff0465e3) bltu    s0, a6, pc - 22
core   0: 3 0x800019ba (0xff0465e3)
core   0: 0x800019a4 (0x22aee9b7) lui     s3, 0x22aee
core   0: 3 0x800019a4 (0x22aee9b7) x19 0x22aee000
core   0: 0x800019a8 (0x410dd9b3) sra     s3, s11, a6
core   0: 3 0x800019a8 (0x410dd9b3) x19 0x00000000
core   0: 0x800019ac (0x0328f9b3) remu    s3, a7, s2
core   0: 3 0x800019ac (0x0328f9b3) x19 0x00000000
core   0: 0x800019b0 (0x00000fc6) c.slli  t6, 17
core   0: 3 0x800019b0 (0x0fc6) x31 0x00000000
core   0: 0x800019b2 (0x00000405) c.addi  s0, 1
core   0: 3 0x800019b2 (0x0405) x8  0x0000000e
core   0: 0x800019b4 (0x000083a1) c.srli  a5, 8
core   0: 3 0x800019b4 (0x83a1) x15 0x00000000
core   0: 0x800019b6 (0x00000001) c.nop
core   0: 3 0x800019b6 (0x0001)
core   0: 0x800019b8 (0x00008bc1) c.andi  a5, 16
core   0: 3 0x800019b8 (0x8bc1) x15 0x00000000
core   0: 0x800019ba (0xff0465e3) bltu    s0, a6, pc - 22
core   0: 3 0x800019ba (0xff0465e3)
core   0: 0x800019be (0x00008c81) c.sub   s1, s0
core   0: 3 0x800019be (0x8c81) x9  0xfffffff2
core   0: 0x800019c0 (0x0000987d) c.andi  s0, -1
core   0: 3 0x800019c0 (0x987d) x8  0x0000000e
core   0: 0x800019c2 (0x00dab833) sltu    a6, s5, a3
core   0: 3 0x800019c2 (0x00dab833) x16 0x00000000
core   0: 0x800019c6 (0x00373833) sltu    a6, a4, gp
core   0: 3 0x800019c6 (0x00373833) x16 0x00000001
core   0: 0x800019ca (0x04587d63) bgeu    a6, t0, pc + 90
core   0: 3 0x800019ca (0x04587d63)
core   0: 0x800019ce (0x0263f1b3) remu    gp, t2, t1
core   0: 3 0x800019ce (0x0263f1b3) x3  0x0000000c
core   0: 0x800019d2 (0x02a000ef) jal     pc + 0x2a
core   0: 3 0x800019d2 (0x02a000ef) x1  0x800019d6
core   0: 0x800019fc (0xfe7ffdef) jal     s11, pc - 0x1a
core   0: 3 0x800019fc (0xfe7ffdef) x27 0x80001a00
core   0: 0x800019e2 (0x014000ef) jal     pc + 0x14
core   0: 3 0x800019e2 (0x014000ef) x1  0x800019e6
core   0: 0x800019f6 (0xfe9ff36f) jal     t1, pc - 0x18
core   0: 3 0x800019f6 (0xfe9ff36f) x6  0x800019fa
core   0: 0x800019de (0x00002029) c.jal   pc + 10
core   0: 3 0x800019de (0x2029) x1  0x800019e0
core   0: 0x800019e8 (0x018000ef) jal     pc + 0x18
core   0: 3 0x800019e8 (0x018000ef) x1  0x800019ec
core   0: 0x80001a00 (0x0000bfd9) c.j     pc - 42
core   0: 3 0x80001a00 (0xbfd9)
core   0: 0x800019d6 (0x0000a819) c.j     pc + 22
core   0: 3 0x800019d6 (0xa819)
core   0: 0x800019ec (0xffbff0ef) jal     pc - 0x6
core   0: 3 0x800019ec (0xffbff0ef) x1  0x800019f0
core   0: 0x800019e6 (0x00002039) c.jal   pc + 14
core   0: 3 0x800019e6 (0x2039) x1  0x800019e8
core   0: 0x800019f4 (0x000037e5) c.jal   pc - 24
core   0: 3 0x800019f4 (0x37e5) x1  0x800019f6
core   0: 0x800019dc (0x0000a011) c.j     pc + 4
core   0: 3 0x800019dc (0xa011)
core   0: 0x800019e0 (0x00003fe5) c.jal   pc - 8
core   0: 3 0x800019e0 (0x3fe5) x1  0x800019e2
core   0: 0x800019d8 (0x018000ef) jal     pc + 0x18
core   0: 3 0x800019d8 (0x018000ef) x1  0x800019dc
core   0: 0x800019f0 (0x00a001ef) jal     gp, pc + 0xa
core   0: 3 0x800019f0 (0x00a001ef) x3  0x800019f4
core   0: 0x800019fa (0x0000a021) c.j     pc + 8
core   0: 3 0x800019fa (0xa021)
core   0: 0x80001a02 (0x02856733) rem     a4, a0, s0
core   0: 3 0x80001a02 (0x02856733) x14 0x00000001
core   0: 0x80001a06 (0x00008559) c.srai  a0, 22
core   0: 3 0x80001a06 (0x8559) x10 0x00000000
core   0: 0x80001a08 (0x01aa6663) bltu    s4, s10, pc + 12
core   0: 3 0x80001a08 (0x01aa6663)
core   0: 0x80001a0c (0x03457b33) remu    s6, a0, s4
core   0: 3 0x80001a0c (0x03457b33) x22 0x00000000
core   0: 0x80001a10 (0x00008f41) c.or    a4, s0
core   0: 3 0x80001a10 (0x8f41) x14 0x0000000f
core   0: 0x80001a12 (0x0000717d) c.addi16sp sp, -16
core   0: 3 0x80001a12 (0x717d) x2  0x0000015b
core   0: 0x80001a14 (0x219a7793) andi    a5, s4, 537
core   0: 3 0x80001a14 (0x219a7793) x15 0x00000000
core   0: 0x80001a18 (0x41b25413) srai    s0, tp, 27
core   0: 3 0x80001a18 (0x41b25413) x8  0x00000000
core   0: 0x80001a1c (0x00543733) sltu    a4, s0, t0
core   0: 3 0x80001a1c (0x00543733) x14 0x00000001
core   0: 0x80001a20 (0x00000184) c.addi4spn s1, sp, 192
core   0: 3 0x80001a20 (0x0184) x9  0x0000021b
core   0: 0x80001a22 (0x0000015e) c.slli  sp, 23
core   0: 3 0x80001a22 (0x015e) x2  0xad800000
core   0: 0x80001a24 (0x25949137) lui     sp, 0x25949
core   0: 3 0x80001a24 (0x25949137) x2  0x25949000
core   0: 0x80001a28 (0x02754b33) div     s6, a0, t2
core   0: 3 0x80001a28 (0x02754b33) x22 0x00000000
core   0: 0x80001a2c (0x00c144b3) xor     s1, sp, a2
core   0: 3 0x80001a2c (0x00c144b3) x9  0x25949000
core   0: 0x80001a30 (0x00008f61) c.and   a4, s0
core   0: 3 0x80001a30 (0x8f61) x14 0x00000000
core   0: 0x80001a32 (0x013e1563) bne     t3, s3, pc + 10
core   0: 3 0x80001a32 (0x013e1563)
core   0: 0x80001a3c (0x875c6a93) ori     s5, s8, -1931
core   0: 3 0x80001a3c (0x875c6a93) x21 0xfffff875
core   0: 0x80001a40 (0x0000cf11) c.beqz  a4, pc + 28
core   0: 3 0x80001a40 (0xcf11)
core   0: 0x80001a5c (0x26d9e013) ori     zero, s3, 621
core   0: 3 0x80001a5c (0x26d9e013)
core   0: 0x80001a60 (0x01de7ab3) and     s5, t3, t4
core   0: 3 0x80001a60 (0x01de7ab3) x21 0x00000000
core   0: 0x80001a64 (0xc9530013) addi    zero, t1, -875
core   0: 3 0x80001a64 (0xc9530013)
core   0: 0x80001a68 (0x00000001) c.nop
core   0: 3 0x80001a68 (0x0001)
core   0: 0x80001a6a (0xaded0793) addi    a5, s10, -1314
core   0: 3 0x80001a6a (0xaded0793) x15 0xfffffade
core   0: 0x80001a6e (0x03a0be33) mulhu   t3, ra, s10
core   0: 3 0x80001a6e (0x03a0be33) x28 0x00000000
core   0: 0x80001a72 (0x401d5713) srai    a4, s10, 1
core   0: 3 0x80001a72 (0x401d5713) x14 0x00000000
core   0: 0x80001a76 (0x41765f93) srai    t6, a2, 23
core   0: 3 0x80001a76 (0x41765f93) x31 0x00000000
core   0: 0x80001a7a (0x4dae8813) addi    a6, t4, 1242
core   0: 3 0x80001a7a (0x4dae8813) x16 0x000004da
core   0: 0x80001a7e (0x0000717d) c.addi16sp sp, -16
core   0: 3 0x80001a7e (0x717d) x2  0x25948ff0
core   0: 0x80001a80 (0xbeda0213) addi    tp, s4, -1043
core   0: 3 0x80001a80 (0xbeda0213) x4  0x800298d1
core   0: 0x80001a84 (0x008575b3) and     a1, a0, s0
core   0: 3 0x80001a84 (0x008575b3) x11 0x00000000
core   0: 0x80001a88 (0x03190833) mul     a6, s2, a7
core   0: 3 0x80001a88 (0x03190833) x16 0x00000000
core   0: 0x80001a8c (0x69d4ad13) slti    s10, s1, 1693
core   0: 3 0x80001a8c (0x69d4ad13) x26 0x00000000
core   0: 0x80001a90 (0x41aa5db3) sra     s11, s4, s10
core   0: 3 0x80001a90 (0x41aa5db3) x27 0x80029ce4
core   0: 0x80001a94 (0x0365e963) bltu    a1, s6, pc + 50
core   0: 3 0x80001a94 (0x0365e963)
core   0: 0x80001a98 (0x00500263) beq     zero, t0, pc + 4
core   0: 3 0x80001a98 (0x00500263)
core   0: 0x80001a9c (0x011efb63) bgeu    t4, a7, pc + 22
core   0: 3 0x80001a9c (0x011efb63)
core   0: 0x80001ab2 (0x0000c705) c.beqz  a4, pc + 40
core   0: 3 0x80001ab2 (0xc705)
core   0: 0x80001ada (0x0000974e) c.add   a4, s3
core   0: 3 0x80001ada (0x974e) x14 0x00000000
core   0: 0x80001adc (0x41475213) srai    tp, a4, 20
core   0: 3 0x80001adc (0x41475213) x4  0x00000000
core   0: 0x80001ae0 (0x0000717d) c.addi16sp sp, -16
core   0: 3 0x80001ae0 (0x717d) x2  0x25948fe0
core   0: 0x80001ae2 (0x00008e81) c.sub   a3, s0
core   0: 3 0x80001ae2 (0x8e81) x13 0x0000043b
core   0: 0x80001ae4 (0x01cbe813) ori     a6, s7, 28
core   0: 3 0x80001ae4 (0x01cbe813) x16 0xfffff43f
core   0: 0x80001ae8 (0x035cce63) blt     s9, s5, pc + 60
core   0: 3 0x80001ae8 (0x035cce63)
core   0: 0x80001aec (0x0391d4b3) divu    s1, gp, s9
core   0: 3 0x80001aec (0x0391d4b3) x9  0xffffffff
core   0: 0x80001af0 (0x0000e88d) c.bnez  s1, pc + 50
core   0: 3 0x80001af0 (0xe88d)
core   0: 0x80001b22 (0x0000e031) c.bnez  s0, pc + 68
core   0: 3 0x80001b22 (0xe031)
core   0: 0x80001b24 (0x00008c35) c.xor   s0, a3
core   0: 3 0x80001b24 (0x8c35) x8  0x0000043b
core   0: 0x80001b26 (0x053d1063) bne     s10, s3, pc + 64
core   0: 3 0x80001b26 (0x053d1063)
core   0: 0x80001b2a (0x0ca2fe13) andi    t3, t0, 202
core   0: 3 0x80001b2a (0x0ca2fe13) x28 0x00000042
core   0: 0x80001b2e (0x0193df13) srli    t5, t2, 25
core   0: 3 0x80001b2e (0x0193df13) x30 0x00000000
core   0: 0x80001b32 (0x036119b3) mulh    s3, sp, s6
core   0: 3 0x80001b32 (0x036119b3) x19 0x00000000
core   0: 0x80001b36 (0x0f584793) xori    a5, a6, 245
core   0: 3 0x80001b36 (0x0f584793) x15 0xfffff4ca
core   0: 0x80001b3a (0x41f4c793) xori    a5, s1, 1055
core   0: 3 0x80001b3a (0x41f4c793) x15 0xfffffbe0
core   0: 0x80001b3e (0x97e52ab7) lui     s5, 0x97e52
core   0: 3 0x80001b3e (0x97e52ab7) x21 0x97e52000
core   0: 0x80001b42 (0x016ec0b3) xor     ra, t4, s6
core   0: 3 0x80001b42 (0x016ec0b3) x1  0x00000000
core   0: 0x80001b46 (0x00008f21) c.xor   a4, s0
core   0: 3 0x80001b46 (0x8f21) x14 0x0000043b
core   0: 0x80001b48 (0x00008f01) c.sub   a4, s0
core   0: 3 0x80001b48 (0x8f01) x14 0x00000000
core   0: 0x80001b4a (0x0159f033) and     zero, s3, s5
core   0: 3 0x80001b4a (0x0159f033)
core   0: 0x80001b4e (0x037a1b63) bne     s4, s7, pc + 54
core   0: 3 0x80001b4e (0x037a1b63)
core   0: 0x80001b84 (0x7c88fb97) auipc   s7, 0x7c88f
core   0: 3 0x80001b84 (0x7c88fb97) x23 0xfc890b84
core   0: 0x80001b88 (0x02ed1f33) mulh    t5, s10, a4
core   0: 3 0x80001b88 (0x02ed1f33) x30 0x00000000
core   0: 0x80001b8c (0x00001d7d) c.addi  s10, -1
core   0: 3 0x80001b8c (0x1d7d) x26 0xffffffff
core   0: 0x80001b8e (0x01a29b13) slli    s6, t0, 26
core   0: 3 0x80001b8e (0x01a29b13) x22 0x08000000
core   0: 0x80001b92 (0x00008df5) c.and   a1, a3
core   0: 3 0x80001b92 (0x8df5) x11 0x00000000
core   0: 0x80001b94 (0x01ebe433) or      s0, s7, t5
core   0: 3 0x80001b94 (0x01ebe433) x8  0xfc890b84
core   0: 0x80001b98 (0x00cc5c63) bge     s8, a2, pc + 24
core   0: 3 0x80001b98 (0x00cc5c63)
core   0: 0x80001b9c (0x01179463) bne     a5, a7, pc + 8
core   0: 3 0x80001b9c (0x01179463)
core   0: 0x80001ba4 (0x01b5df93) srli    t6, a1, 27
core   0: 3 0x80001ba4 (0x01b5df93) x31 0x00000000
core   0: 0x80001ba8 (0x0157f963) bgeu    a5, s5, pc + 18
core   0: 3 0x80001ba8 (0x0157f963)
core   0: 0x80001bba (0x00009706) c.add   a4, ra
core   0: 3 0x80001bba (0x9706) x14 0x00000000
core   0: 0x80001bbc (0x677866b7) lui     a3, 0x67786
core   0: 3 0x80001bbc (0x677866b7) x13 0x67786000
core   0: 0x80001bc0 (0x0000808d) c.srli  s1, 3
core   0: 3 0x80001bc0 (0x808d) x9  0x1fffffff
core   0: 0x80001bc2 (0x035417b3) mulh    a5, s0, s5
core   0: 3 0x80001bc2 (0x035417b3) x15 0x0168b06f
core   0: 0x80001bc6 (0x032f69b3) rem     s3, t5, s2
core   0: 3 0x80001bc6 (0x032f69b3) x19 0x00000000
core   0: 0x80001bca (0x006fcdb3) xor     s11, t6, t1
core   0: 3 0x80001bca (0x006fcdb3) x27 0x800019fa
core   0: 0x80001bce (0x00008ee1) c.and   a3, s0
core   0: 3 0x80001bce (0x8ee1) x13 0x64080000
core   0: 0x80001bd0 (0x00008c41) c.or    s0, s0
core   0: 3 0x80001bd0 (0x8c41) x8  0xfc890b84
core   0: 0x80001bd2 (0x567ba493) slti    s1, s7, 1383
core   0: 3 0x80001bd2 (0x567ba493) x9  0x00000001
core   0: 0x80001bd6 (0x00008ea1) c.xor   a3, s0
core   0: 3 0x80001bd6 (0x8ea1) x13 0x98810b84
core   0: 0x80001bd8 (0x00008c91) c.sub   s1, a2
core   0: 3 0x80001bd8 (0x8c91) x9  0x00000001
core   0: 0x80001bda (0x016cbd93) sltiu   s11, s9, 22
core   0: 3 0x80001bda (0x016cbd93) x27 0x00000001
core   0: 0x80001bde (0x03bf71b3) remu    gp, t5, s11
core   0: 3 0x80001bde (0x03bf71b3) x3  0x00000000
core   0: 0x80001be2 (0x036285b3) mul     a1, t0, s6
core   0: 3 0x80001be2 (0x036285b3) x11 0x10000000
core   0: 0x80001be6 (0x33aaa393) slti    t2, s5, 826
core   0: 3 0x80001be6 (0x33aaa393) x7  0x00000001
core   0: 0x80001bea (0x01c1b1b3) sltu    gp, gp, t3
core   0: 3 0x80001bea (0x01c1b1b3) x3  0x00000001
core   0: 0x80001bee (0x0000c495) c.beqz  s1, pc + 44
core   0: 3 0x80001bee (0xc495)
core   0: 0x80001bf0 (0x00008d6d) c.and   a0, a1
core   0: 3 0x80001bf0 (0x8d6d) x10 0x00000000
core   0: 0x80001bf2 (0xddd0fb93) andi    s7, ra, -547
core   0: 3 0x80001bf2 (0xddd0fb93) x23 0x00000000
core   0: 0x80001bf6 (0x01088a63) beq     a7, a6, pc + 20
core   0: 3 0x80001bf6 (0x01088a63)
core   0: 0x80001bfa (0x001ac7b3) xor     a5, s5, ra
core   0: 3 0x80001bfa (0x001ac7b3) x15 0x97e52000
core   0: 0x80001bfe (0x0383f533) remu    a0, t2, s8
core   0: 3 0x80001bfe (0x0383f533) x10 0x00000001
core   0: 0x80001c02 (0xa4b8e213) ori     tp, a7, -1461
core   0: 3 0x80001c02 (0xa4b8e213) x4  0xfffffa4b
core   0: 0x80001c06 (0x49d57a93) andi    s5, a0, 1181
core   0: 3 0x80001c06 (0x49d57a93) x21 0x00000001
core   0: 0x80001c0a (0x00008825) c.andi  s0, 9
core   0: 3 0x80001c0a (0x8825) x8  0x00000000
core   0: 0x80001c0c (0x00008d9d) c.sub   a1, a5
core   0: 3 0x80001c0c (0x8d9d) x11 0x781ae000
core   0: 0x80001c0e (0x01891693) slli    a3, s2, 24
core   0: 3 0x80001c0e (0x01891693) x13 0x64000000
core   0: 0x80001c12 (0x01509db3) sll     s11, ra, s5
core   0: 3 0x80001c12 (0x01509db3) x27 0x00000000
core   0: 0x80001c16 (0x60f7ed13) ori     s10, a5, 1551
core   0: 3 0x80001c16 (0x60f7ed13) x26 0x97e5260f
core   0: 0x80001c1a (0x00008f09) c.sub   a4, a0
core   0: 3 0x80001c1a (0x8f09) x14 0xffffffff
core   0: 0x80001c1c (0x03f79663) bne     a5, t6, pc + 44
core   0: 3 0x80001c1c (0x03f79663)
core   0: 0x80001c48 (0x000009a1) c.addi  s3, 8
core   0: 3 0x80001c48 (0x09a1) x19 0x00000008
core   0: 0x80001c4a (0x00008dd9) c.or    a1, a4
core   0: 3 0x80001c4a (0x8dd9) x11 0xffffffff
core   0: 0x80001c4c (0xd4427d93) andi    s11, tp, -700
core   0: 3 0x80001c4c (0xd4427d93) x27 0xfffff840
core   0: 0x80001c50 (0x40d8d2b3) sra     t0, a7, a3
core   0: 3 0x80001c50 (0x40d8d2b3) x5  0x00000000
core   0: 0x80001c54 (0x012a9013) slli    zero, s5, 18
core   0: 3 0x80001c54 (0x012a9013)
core   0: 0x80001c58 (0x025d91b3) mulh    gp, s11, t0
core   0: 3 0x80001c58 (0x025d91b3) x3  0x00000000
core   0: 0x80001c5c (0x010000ef) jal     pc + 0x10
core   0: 3 0x80001c5c (0x010000ef) x1  0x80001c60
core   0: 0x80001c6c (0x0000a011) c.j     pc + 4
core   0: 3 0x80001c6c (0xa011)
core   0: 0x80001c70 (0xfffff36f) jal     t1, pc - 0x2
core   0: 3 0x80001c70 (0xfffff36f) x6  0x80001c74
core   0: 0x80001c6e (0x0000a831) c.j     pc + 28
core   0: 3 0x80001c6e (0xa831)
core   0: 0x80001c8a (0x0000bfd9) c.j     pc - 42
core   0: 3 0x80001c8a (0xbfd9)
core   0: 0x80001c60 (0x0000a009) c.j     pc + 2
core   0: 3 0x80001c60 (0xa009)
core   0: 0x80001c62 (0x00002809) c.jal   pc + 18
core   0: 3 0x80001c62 (0x2809) x1  0x80001c64
core   0: 0x80001c74 (0xff7ff0ef) jal     pc - 0xa
core   0: 3 0x80001c74 (0xff7ff0ef) x1  0x80001c78
core   0: 0x80001c6a (0x00002039) c.jal   pc + 14
core   0: 3 0x80001c6a (0x2039) x1  0x80001c6c
core   0: 0x80001c78 (0x0000a009) c.j     pc + 2
core   0: 3 0x80001c78 (0xa009)
core   0: 0x80001c7a (0xfebff0ef) jal     pc - 0x16
core   0: 3 0x80001c7a (0xfebff0ef) x1  0x80001c7e
core   0: 0x80001c64 (0x01a0026f) jal     tp, pc + 0x1a
core   0: 3 0x80001c64 (0x01a0026f) x4  0x80001c68
core   0: 0x80001c7e (0x004005ef) jal     a1, pc + 0x4
core   0: 3 0x80001c7e (0x004005ef) x11 0x80001c82
core   0: 0x80001c82 (0x0040086f) jal     a6, pc + 0x4
core   0: 3 0x80001c82 (0x0040086f) x16 0x80001c86
core   0: 0x80001c86 (0xfe3ff0ef) jal     pc - 0x1e
core   0: 3 0x80001c86 (0xfe3ff0ef) x1  0x80001c8a
core   0: 0x80001c68 (0x0000a015) c.j     pc + 36
core   0: 3 0x80001c68 (0xa015)
core   0: 0x80001c8c (0x00008ea1) c.xor   a3, s0
core   0: 3 0x80001c8c (0x8ea1) x13 0x64000000
core   0: 0x80001c8e (0x4034dc33) sra     s8, s1, gp
core   0: 3 0x80001c8e (0x4034dc33) x24 0x00000001
core   0: 0x80001c92 (0x017f6833) or      a6, t5, s7
core   0: 3 0x80001c92 (0x017f6833) x16 0x00000000
core   0: 0x80001c96 (0xdbc58c93) addi    s9, a1, -580
core   0: 3 0x80001c96 (0xdbc58c93) x25 0x80001a3e
core   0: 0x80001c9a (0x00371793) slli    a5, a4, 3
core   0: 3 0x80001c9a (0x00371793) x15 0xfffffff8
core   0: 0x80001c9e (0x000006d2) c.slli  a3, 20
core   0: 3 0x80001c9e (0x06d2) x13 0x00000000
core   0: 0x80001ca0 (0x01d7d413) srli    s0, a5, 29
core   0: 3 0x80001ca0 (0x01d7d413) x8  0x00000007
core   0: 0x80001ca4 (0x0000198c) c.addi4spn a1, sp, 240
core   0: 3 0x80001ca4 (0x198c) x11 0x259490d0
core   0: 0x80001ca6 (0x0000c599) c.beqz  a1, pc + 14
core   0: 3 0x80001ca6 (0xc599)
core   0: 0x80001ca8 (0x00f75d33) srl     s10, a4, a5
core   0: 3 0x80001ca8 (0x00f75d33) x26 0x000000ff
core   0: 0x80001cac (0x0154ac33) slt     s8, s1, s5
core   0: 3 0x80001cac (0x0154ac33) x24 0x00000000
core   0: 0x80001cb0 (0x0201a7b3) mulhsu  a5, gp, zero
core   0: 3 0x80001cb0 (0x0201a7b3) x15 0x00000000
core   0: 0x80001cb4 (0x01e8ff63) bgeu    a7, t5, pc + 30
core   0: 3 0x80001cb4 (0x01e8ff63)
core   0: 0x80001cd2 (0x0000717d) c.addi16sp sp, -16
core   0: 3 0x80001cd2 (0x717d) x2  0x25948fd0
core   0: 0x80001cd4 (0x02418763) beq     gp, tp, pc + 46
core   0: 3 0x80001cd4 (0x02418763)
core   0: 0x80001cd8 (0x40cc0f33) sub     t5, s8, a2
core   0: 3 0x80001cd8 (0x40cc0f33) x30 0x00000000
core   0: 0x80001cdc (0x03c50733) mul     a4, a0, t3
core   0: 3 0x80001cdc (0x03c50733) x14 0x00000042
core   0: 0x80001ce0 (0x00000001) c.nop
core   0: 3 0x80001ce0 (0x0001)
core   0: 0x80001ce2 (0x035f59b3) divu    s3, t5, s5
core   0: 3 0x80001ce2 (0x035f59b3) x19 0x00000000
core   0: 0x80001ce6 (0x021517b3) mulh    a5, a0, ra
core   0: 3 0x80001ce6 (0x021517b3) x15 0xffffffff
core   0: 0x80001cea (0x00006149) c.addi16sp sp, 144
core   0: 3 0x80001cea (0x6149) x2  0x25949060
core   0: 0x80001cec (0x95f7b393) sltiu   t2, a5, -1697
core   0: 3 0x80001cec (0x95f7b393) x7  0x00000000
core   0: 0x80001cf0 (0x5d3ab313) sltiu   t1, s5, 1491
core   0: 3 0x80001cf0 (0x5d3ab313) x6  0x00000001
core   0: 0x80001cf4 (0x00860833) add     a6, a2, s0
core   0: 3 0x80001cf4 (0x00860833) x16 0x00000007
core   0: 0x80001cf8 (0x0392b833) mulhu   a6, t0, s9
core   0: 3 0x80001cf8 (0x0392b833) x16 0x00000000
core   0: 0x80001cfc (0x00008c11) c.sub   s0, a2
core   0: 3 0x80001cfc (0x8c11) x8  0x00000007
core   0: 0x80001cfe (0x01c27533) and     a0, tp, t3
core   0: 3 0x80001cfe (0x01c27533) x10 0x00000040
core   0: 0x80001d02 (0x00cb9493) slli    s1, s7, 12
core   0: 3 0x80001d02 (0x00cb9493) x9  0x00000000
core   0: 0x80001d06 (0x01fac3b3) xor     t2, s5, t6
core   0: 3 0x80001d06 (0x01fac3b3) x7  0x00000001
core   0: 0x80001d0a (0x01247833) and     a6, s0, s2
core   0: 3 0x80001d0a (0x01247833) x16 0x00000004
core   0: 0x80001d0e (0x04d9ce63) blt     s3, a3, pc + 92
core   0: 3 0x80001d0e (0x04d9ce63)
core   0: 0x80001d12 (0x00006849) c.lui   a6, 0x12
core   0: 3 0x80001d12 (0x6849) x16 0x00012000
core   0: 0x80001d14 (0x026591b3) mulh    gp, a1, t1
core   0: 3 0x80001d14 (0x026591b3) x3  0x00000000
core   0: 0x80001d18 (0x00001d04) c.addi4spn s1, sp, 688
core   0: 3 0x80001d18 (0x1d04) x9  0x25949310
core   0: 0x80001d1a (0x00008c65) c.and   s0, s1
core   0: 3 0x80001d1a (0x8c65) x8  0x00000000
core   0: 0x80001d1c (0x0141a3b3) slt     t2, gp, s4
core   0: 3 0x80001d1c (0x0141a3b3) x7  0x00000000
core   0: 0x80001d20 (0x00004997) auipc   s3, 0x4
core   0: 3 0x80001d20 (0x00004997) x19 0x80005d20
core   0: 0x80001d24 (0xc0298993) addi    s3, s3, -1022
core   0: 3 0x80001d24 (0xc0298993) x19 0x80005922
core   0: 0x80001d28 (0x02daa5b3) mulhsu  a1, s5, a3
core   0: 3 0x80001d28 (0x02daa5b3) x11 0x00000000
core   0: 0x80001d2c (0x006f1d13) slli    s10, t5, 6
core   0: 3 0x80001d2c (0x006f1d13) x26 0x00000000
core   0: 0x80001d30 (0x41ea5b93) srai    s7, s4, 30
core   0: 3 0x80001d30 (0x41ea5b93) x23 0xfffffffe
core   0: 0x80001d34 (0x08098993) addi    s3, s3, 128
core   0: 3 0x80001d34 (0x08098993) x19 0x800059a2
core   0: 0x80001d38 (0x00000805) c.addi  a6, 1
core   0: 3 0x80001d38 (0x0805) x16 0x00012001
core   0: 0x80001d3a (0x026686b3) mul     a3, a3, t1
core   0: 3 0x80001d3a (0x026686b3) x13 0x00000000
core   0: 0x80001d3e (0x017d7563) bgeu    s10, s7, pc + 10
core   0: 3 0x80001d3e (0x017d7563)
core   0: 0x80001d42 (0x02e5a3b3) mulhsu  t2, a1, a4
core   0: 3 0x80001d42 (0x02e5a3b3) x7  0x00000000
core   0: 0x80001d46 (0x0000717d) c.addi16sp sp, -16
core   0: 3 0x80001d46 (0x717d) x2  0x25949050
core   0: 0x80001d48 (0xf80980e7) jalr    ra, s3, -128
core   0: 3 0x80001d48 (0xf80980e7) x1  0x80001d4c
core   0: 0x80005922 (0x00676463) bltu    a4, t1, pc + 8
core   0: 3 0x80005922 (0x00676463)
core   0: 0x80005926 (0x00eadd33) srl     s10, s5, a4
core   0: 3 0x80005926 (0x00eadd33) x26 0x00000000
core   0: 0x8000592a (0xfc890913) addi    s2, s2, -56
core   0: 3 0x8000592a (0xfc890913) x18 0x80025e2c
core   0: 0x8000592e (0x00192223) sw      ra, 4(s2)
core   0: 3 0x8000592e (0x00192223) mem 0x80025e30 0x80001d4c
core   0: 0x80005932 (0x00008f89) c.sub   a5, a0
core   0: 3 0x80005932 (0x8f89) x15 0xffffffbf
core   0: 0x80005934 (0x00c413b3) sll     t2, s0, a2
core   0: 3 0x80005934 (0x00c413b3) x7  0x00000000
core   0: 0x80005938 (0x00006851) c.lui   a6, 0x14
core   0: 3 0x80005938 (0x6851) x16 0x00014000
core   0: 0x8000593a (0x020a7ab3) remu    s5, s4, zero
core   0: 3 0x8000593a (0x020a7ab3) x21 0x80029ce4
core   0: 0x8000593e (0x0000824a) c.mv    tp, s2
core   0: 3 0x8000593e (0x824a) x4  0x80025e2c
core   0: 0x80005940 (0x416cdb33) sra     s6, s9, s6
core   0: 3 0x80005940 (0x416cdb33) x22 0x80001a3e
core   0: 0x80005944 (0x01b368b3) or      a7, t1, s11
core   0: 3 0x80005944 (0x01b368b3) x17 0xfffff841
core   0: 0x80005948 (0x00dec563) blt     t4, a3, pc + 10
core   0: 3 0x80005948 (0x00dec563)
core   0: 0x8000594c (0x8206c493) xori    s1, a3, -2016
core   0: 3 0x8000594c (0x8206c493) x9  0xfffff820
core   0: 0x80005950 (0x00008d89) c.sub   a1, a0
core   0: 3 0x80005950 (0x8d89) x11 0xffffffc0
core   0: 0x80005952 (0x61f010ef) jal     pc + 0x1e1e
core   0: 3 0x80005952 (0x61f010ef) x1  0x80005956
core   0: 0x80007770 (0x0000020a) c.slli  tp, 2
core   0: 3 0x80007770 (0x020a) x4  0x000978b0
core   0: 0x80007772 (0x40258bb3) sub     s7, a1, sp
core   0: 3 0x80007772 (0x40258bb3) x23 0xda6b6f70
core   0: 0x80007776 (0x00001931) c.addi  s2, -20
core   0: 3 0x80007776 (0x1931) x18 0x80025e18
core   0: 0x80007778 (0x000092f6) c.add   t0, t4
core   0: 3 0x80007778 (0x92f6) x5  0x00000000
core   0: 0x8000777a (0x00192223) sw      ra, 4(s2)
core   0: 3 0x8000777a (0x00192223) mem 0x80025e1c 0x80005956
core   0: 0x8000777e (0xd821c193) xori    gp, gp, -638
core   0: 3 0x8000777e (0xd821c193) x3  0xfffffd82
core   0: 0x80007782 (0x03244c33) div     s8, s0, s2
core   0: 3 0x80007782 (0x03244c33) x24 0x00000000
core   0: 0x80007786 (0x00008f0d) c.sub   a4, a1
core   0: 3 0x80007786 (0x8f0d) x14 0x00000082
core   0: 0x80007788 (0x00005ded) c.li    s11, -5
core   0: 3 0x80007788 (0x5ded) x27 0xfffffffb
core   0: 0x8000778a (0xcf1af393) andi    t2, s5, -783
core   0: 3 0x8000778a (0xcf1af393) x7  0x80029ce0
core   0: 0x8000778e (0x016296b3) sll     a3, t0, s6
core   0: 3 0x8000778e (0x016296b3) x13 0x00000000
core   0: 0x80007792 (0x00008be6) c.mv    s7, s9
core   0: 3 0x80007792 (0x8be6) x23 0x80001a3e
core   0: 0x80007794 (0x012abeb3) sltu    t4, s5, s2
core   0: 3 0x80007794 (0x012abeb3) x29 0x00000000
core   0: 0x80007798 (0x34223813) sltiu   a6, tp, 834
core   0: 3 0x80007798 (0x34223813) x16 0x00000000
core   0: 0x8000779c (0x00005255) c.li    tp, -11
core   0: 3 0x8000779c (0x5255) x4  0xfffffff5
core   0: 0x8000779e (0x01e16c33) or      s8, sp, t5
core   0: 3 0x8000779e (0x01e16c33) x24 0x25949050
core   0: 0x800077a2 (0x6290c813) xori    a6, ra, 1577
core   0: 3 0x800077a2 (0x6290c813) x16 0x80005f7f
core   0: 0x800077a6 (0x00001c18) c.addi4spn a4, sp, 560
core   0: 3 0x800077a6 (0x1c18) x14 0x25949280
core   0: 0x800077a8 (0x00008369) c.srli  a4, 26
core   0: 3 0x800077a8 (0x8369) x14 0x00000009
core   0: 0x800077aa (0x00008f49) c.or    a4, a0
core   0: 3 0x800077aa (0x8f49) x14 0x00000049
core   0: 0x800077ac (0x00001ded) c.addi  s11, -5
core   0: 3 0x800077ac (0x1ded) x27 0xfffffff6
core   0: 0x800077ae (0x00008fbd) c.xor   a5, a5
core   0: 3 0x800077ae (0x8fbd) x15 0x00000000
core   0: 0x800077b0 (0x03505b33) divu    s6, zero, s5
core   0: 3 0x800077b0 (0x03505b33) x22 0x00000000
core   0: 0x800077b4 (0x7134df37) lui     t5, 0x7134d
core   0: 3 0x800077b4 (0x7134df37) x30 0x7134d000
core   0: 0x800077b8 (0x002405b3) add     a1, s0, sp
core   0: 3 0x800077b8 (0x002405b3) x11 0x25949050
core   0: 0x800077bc (0x00006cd1) c.lui   s9, 0x14
core   0: 3 0x800077bc (0x6cd1) x25 0x00014000
core   0: 0x800077be (0x000081e5) c.srli  a1, 25
core   0: 3 0x800077be (0x81e5) x11 0x00000012
core   0: 0x800077c0 (0xfe4dd3e3) bge     s11, tp, pc - 26
core   0: 3 0x800077c0 (0xfe4dd3e3)
core   0: 0x800077a6 (0x00001c18) c.addi4spn a4, sp, 560
core   0: 3 0x800077a6 (0x1c18) x14 0x25949280
core   0: 0x800077a8 (0x00008369) c.srli  a4, 26
core   0: 3 0x800077a8 (0x8369) x14 0x00000009
core   0: 0x800077aa (0x00008f49) c.or    a4, a0
core   0: 3 0x800077aa (0x8f49) x14 0x00000049
core   0: 0x800077ac (0x00001ded) c.addi  s11, -5
core   0: 3 0x800077ac (0x1ded) x27 0xfffffff1
core   0: 0x800077ae (0x00008fbd) c.xor   a5, a5
core   0: 3 0x800077ae (0x8fbd) x15 0x00000000
core   0: 0x800077b0 (0x03505b33) divu    s6, zero, s5
core   0: 3 0x800077b0 (0x03505b33) x22 0x00000000
core   0: 0x800077b4 (0x7134df37) lui     t5, 0x7134d
core   0: 3 0x800077b4 (0x7134df37) x30 0x7134d000
core   0: 0x800077b8 (0x002405b3) add     a1, s0, sp
core   0: 3 0x800077b8 (0x002405b3) x11 0x25949050
core   0: 0x800077bc (0x00006cd1) c.lui   s9, 0x14
core   0: 3 0x800077bc (0x6cd1) x25 0x00014000
core   0: 0x800077be (0x000081e5) c.srli  a1, 25
core   0: 3 0x800077be (0x81e5) x11 0x00000012
core   0: 0x800077c0 (0xfe4dd3e3) bge     s11, tp, pc - 26
core   0: 3 0x800077c0 (0xfe4dd3e3)
core   0: 0x800077c4 (0x0000987d) c.andi  s0, -1
core   0: 3 0x800077c4 (0x987d) x8  0x00000000
core   0: 0x800077c6 (0x00009117) auipc   sp, 0x9
core   0: 3 0x800077c6 (0x00009117) x2  0x800107c6
core   0: 0x800077ca (0x9bb10113) addi    sp, sp, -1605
core   0: 3 0x800077ca (0x9bb10113) x2  0x80010181
core   0: 0x800077ce (0x1c7c0313) addi    t1, s8, 455
core   0: 3 0x800077ce (0x1c7c0313) x6  0x25949217
core   0: 0x800077d2 (0x03a7ab33) mulhsu  s6, a5, s10
core   0: 3 0x800077d2 (0x03a7ab33) x22 0x00000000
core   0: 0x800077d6 (0x00b11c03) lh      s8, 11(sp)
core   0: 3 0x800077d6 (0x00b11c03) x24 0xffffcd2a mem 0x8001018c
core   0: 0x800077da (0xff410683) lb      a3, -12(sp)
core   0: 3 0x800077da (0xff410683) x13 0x00000006 mem 0x80010175
core   0: 0x800077de (0xff410803) lb      a6, -12(sp)
core   0: 3 0x800077de (0xff410803) x16 0x00000006 mem 0x80010175
core   0: 0x800077e2 (0xfef10823) sb      a5, -16(sp)
core   0: 3 0x800077e2 (0xfef10823) mem 0x80010171 0x00
core   0: 0x800077e6 (0xff915503) lhu     a0, -7(sp)
core   0: 3 0x800077e6 (0xff915503) x10 0x000019a5 mem 0x8001017a
core   0: 0x800077ea (0xff910a83) lb      s5, -7(sp)
core   0: 3 0x800077ea (0xff910a83) x21 0xffffffa5 mem 0x8001017a
core   0: 0x800077ee (0xfff15883) lhu     a7, -1(sp)
core   0: 3 0x800077ee (0xfff15883) x17 0x000033df mem 0x80010180
core   0: 0x800077f2 (0x00510623) sb      t0, 12(sp)
core   0: 3 0x800077f2 (0x00510623) mem 0x8001018d 0x00
core   0: 0x800077f6 (0x482a8813) addi    a6, s5, 1154
core   0: 3 0x800077f6 (0x482a8813) x16 0x00000427
core   0: 0x800077fa (0x128fc417) auipc   s0, 0x128fc
core   0: 3 0x800077fa (0x128fc417) x8  0x929037fa
core   0: 0x800077fe (0x00c10183) lb      gp, 12(sp)
core   0: 3 0x800077fe (0x00c10183) x3  0x00000000 mem 0x8001018d
core   0: 0x80007802 (0x404b5e13) srai    t3, s6, 4
core   0: 3 0x80007802 (0x404b5e13) x28 0x00000000
core   0: 0x80007806 (0x00000ffe) c.slli  t6, 31
core   0: 3 0x80007806 (0x0ffe) x31 0x00000000
core   0: 0x80007808 (0x01014203) lbu     tp, 16(sp)
core   0: 3 0x80007808 (0x01014203) x4  0x0000005f mem 0x80010191
core   0: 0x8000780c (0xff110f83) lb      t6, -15(sp)
core   0: 3 0x8000780c (0xff110f83) x31 0x00000075 mem 0x80010172
core   0: 0x80007810 (0x00006fa1) c.lui   t6, 0x8
core   0: 3 0x80007810 (0x6fa1) x31 0x00008000
core   0: 0x80007812 (0xfff12383) lw      t2, -1(sp)
core   0: 3 0x80007812 (0xfff12383) x7  0xe85c33df mem 0x80010180
core   0: 0x80007816 (0xfff15303) lhu     t1, -1(sp)
core   0: 3 0x80007816 (0xfff15303) x6  0x000033df mem 0x80010180
core   0: 0x8000781a (0x00010897) auipc   a7, 0x10
core   0: 3 0x8000781a (0x00010897) x17 0x8001781a
core   0: 0x8000781e (0x15f88893) addi    a7, a7, 351
core   0: 3 0x8000781e (0x15f88893) x17 0x80017979
core   0: 0x80007822 (0xfca88723) sb      a0, -50(a7)
core   0: 3 0x80007822 (0xfca88723) mem 0x80017947 0xa5
core   0: 0x80007826 (0x00000001) c.nop
core   0: 3 0x80007826 (0x0001)
core   0: 0x80007828 (0x03a88b03) lb      s6, 58(a7)
core   0: 3 0x80007828 (0x03a88b03) x22 0xffffffaf mem 0x800179b3
core   0: 0x8000782c (0xfdf88123) sb      t6, -62(a7)
core   0: 3 0x8000782c (0xfdf88123) mem 0x8001793b 0x00
core   0: 0x80007830 (0x004b5413) srli    s0, s6, 4
core   0: 3 0x80007830 (0x004b5413) x8  0x0ffffffa
core   0: 0x80007834 (0x03a42b33) mulhsu  s6, s0, s10
core   0: 3 0x80007834 (0x03a42b33) x22 0x00000000
core   0: 0x80007838 (0xfd688ca3) sb      s6, -39(a7)
core   0: 3 0x80007838 (0xfd688ca3) mem 0x80017952 0x00
core   0: 0x8000783c (0x0308c783) lbu     a5, 48(a7)
core   0: 3 0x8000783c (0x0308c783) x15 0x000000de mem 0x800179a9
core   0: 0x80007840 (0x01ab2fb3) slt     t6, s6, s10
core   0: 3 0x80007840 (0x01ab2fb3) x31 0x00000000
core   0: 0x80007844 (0x00008fe9) c.and   a5, a0
core   0: 3 0x80007844 (0x8fe9) x15 0x00000084
core   0: 0x80007846 (0x00a52b33) slt     s6, a0, a0
core   0: 3 0x80007846 (0x00a52b33) x22 0x00000000
core   0: 0x8000784a (0x01ffd7b3) srl     a5, t6, t6
core   0: 3 0x8000784a (0x01ffd7b3) x15 0x00000000
core   0: 0x8000784e (0x01afe433) or      s0, t6, s10
core   0: 3 0x8000784e (0x01afe433) x8  0x00000000
core   0: 0x80007852 (0xfe98d783) lhu     a5, -23(a7)
core   0: 3 0x80007852 (0xfe98d783) x15 0x0000b753 mem 0x80017962
core   0: 0x80007856 (0xfc989b03) lh      s6, -55(a7)
core   0: 3 0x80007856 (0xfc989b03) x22 0xffffd509 mem 0x80017942
core   0: 0x8000785a (0xd73b4f93) xori    t6, s6, -653
core   0: 3 0x8000785a (0xd73b4f93) x31 0x0000287a
core   0: 0x8000785e (0x881fcb37) lui     s6, 0x881fc
core   0: 3 0x8000785e (0x881fcb37) x22 0x881fc000
core   0: 0x80007862 (0xfe888d23) sb      s0, -6(a7)
core   0: 3 0x80007862 (0xfe888d23) mem 0x80017973 0x00
core   0: 0x80007866 (0xfc188403) lb      s0, -63(a7)
core   0: 3 0x80007866 (0xfc188403) x8  0xffffffdd mem 0x8001793a
core   0: 0x8000786a (0x008ff533) and     a0, t6, s0
core   0: 3 0x8000786a (0x008ff533) x10 0x00002858
core   0: 0x8000786e (0x00008c69) c.and   s0, a0
core   0: 3 0x8000786e (0x8c69) x8  0x00002858
core   0: 0x80007870 (0x008b4b33) xor     s6, s6, s0
core   0: 3 0x80007870 (0x008b4b33) x22 0x881fe858
core   0: 0x80007874 (0x000097ea) c.add   a5, s10
core   0: 3 0x80007874 (0x97ea) x15 0x0000b753
core   0: 0x80007876 (0x02f8afa3) sw      a5, 63(a7)
core   0: 3 0x80007876 (0x02f8afa3) mem 0x800179b8 0x0000b753
core   0: 0x8000787a (0x00844b33) xor     s6, s0, s0
core   0: 3 0x8000787a (0x00844b33) x22 0x00000000
core   0: 0x8000787e (0x0378ad03) lw      s10, 55(a7)
core   0: 3 0x8000787e (0x0378ad03) x26 0xaf1cc6f6 mem 0x800179b0
core   0: 0x80007882 (0x03588403) lb      s0, 53(a7)
core   0: 3 0x80007882 (0x03588403) x8  0xffffffa5 mem 0x800179ae
core   0: 0x80007886 (0x03f88c23) sb      t6, 56(a7)
core   0: 3 0x80007886 (0x03f88c23) mem 0x800179b1 0x7a
core   0: 0x8000788a (0xbecd2b13) slti    s6, s10, -1044
core   0: 3 0x8000788a (0xbecd2b13) x22 0x00000001
core   0: 0x8000788e (0xfff89aa3) sh      t6, -11(a7)
core   0: 3 0x8000788e (0xfff89aa3) mem 0x8001796e 0x287a
core   0: 0x80007892 (0x008b37b3) sltu    a5, s6, s0
core   0: 3 0x80007892 (0x008b37b3) x15 0x00000001
core   0: 0x80007896 (0x03f894a3) sh      t6, 41(a7)
core   0: 3 0x80007896 (0x03f894a3) mem 0x800179a2 0x287a
core   0: 0x8000789a (0x03ffd433) divu    s0, t6, t6
core   0: 3 0x8000789a (0x03ffd433) x8  0x00000001
core   0: 0x8000789e (0x2a77af93) slti    t6, a5, 679
core   0: 3 0x8000789e (0x2a77af93) x31 0x00000001
core   0: 0x800078a2 (0xfdd89403) lh      s0, -35(a7)
core   0: 3 0x800078a2 (0xfdd89403) x8  0xffff9ad3 mem 0x80017956
core   0: 0x800078a6 (0xfff88c23) sb      t6, -8(a7)
core   0: 3 0x800078a6 (0xfff88c23) mem 0x80017971 0x01
core   0: 0x800078aa (0xff68cb03) lbu     s6, -10(a7)
core   0: 3 0x800078aa (0xff68cb03) x22 0x00000028 mem 0x8001796f
core   0: 0x800078ae (0x02e8cb03) lbu     s6, 46(a7)
core   0: 3 0x800078ae (0x02e8cb03) x22 0x000000b7 mem 0x800179a7
core   0: 0x800078b2 (0x02a46b33) rem     s6, s0, a0
core   0: 3 0x800078b2 (0x02a46b33) x22 0xffffeb83
core   0: 0x800078b6 (0x01a88403) lb      s0, 26(a7)
core   0: 3 0x800078b6 (0x01a88403) x8  0x00000079 mem 0x80017993
core   0: 0x800078ba (0x0000847d) c.srai  s0, 31
core   0: 3 0x800078ba (0x847d) x8  0x00000000
core   0: 0x800078bc (0xfea8cf83) lbu     t6, -22(a7)
core   0: 3 0x800078bc (0xfea8cf83) x31 0x000000b7 mem 0x80017963
core   0: 0x800078c0 (0xfc78db03) lhu     s6, -57(a7)
core   0: 3 0x800078c0 (0xfc78db03) x22 0x0000fc90 mem 0x80017940
core   0: 0x800078c4 (0x02688d03) lb      s10, 38(a7)
core   0: 3 0x800078c4 (0x02688d03) x26 0x00000051 mem 0x8001799f
core   0: 0x800078c8 (0x03fd2b33) mulhsu  s6, s10, t6
core   0: 3 0x800078c8 (0x03fd2b33) x22 0x00000000
core   0: 0x800078cc (0x00a88723) sb      a0, 14(a7)
core   0: 3 0x800078cc (0x00a88723) mem 0x80017987 0x58
core   0: 0x800078d0 (0x000083f9) c.srli  a5, 30
core   0: 3 0x800078d0 (0x83f9) x15 0x00000000
core   0: 0x800078d2 (0x00b8cb03) lbu     s6, 11(a7)
core   0: 3 0x800078d2 (0x00b8cb03) x22 0x00000057 mem 0x80017984
core   0: 0x800078d6 (0x02afd533) divu    a0, t6, a0
core   0: 3 0x800078d6 (0x02afd533) x10 0x00000000
core   0: 0x800078da (0x0368cb03) lbu     s6, 54(a7)
core   0: 3 0x800078da (0x0368cb03) x22 0x0000004b mem 0x800179af
core   0: 0x800078de (0x019b1513) slli    a0, s6, 25
core   0: 3 0x800078de (0x019b1513) x10 0x96000000
core   0: 0x800078e2 (0x03d8db03) lhu     s6, 61(a7)
core   0: 3 0x800078e2 (0x03d8db03) x22 0x000078cd mem 0x800179b6
core   0: 0x800078e6 (0x036000ef) jal     pc + 0x36
core   0: 3 0x800078e6 (0x036000ef) x1  0x800078ea
core   0: 0x8000791c (0x000037f9) c.jal   pc - 50
core   0: 3 0x8000791c (0x37f9) x1  0x8000791e
core   0: 0x800078ea (0x028001ef) jal     gp, pc + 0x28
core   0: 3 0x800078ea (0x028001ef) x3  0x800078ee
core   0: 0x80007912 (0x0000b7ed) c.j     pc - 22
core   0: 3 0x80007912 (0xb7ed)
core   0: 0x800078fc (0x00003fcd) c.jal   pc - 14
core   0: 3 0x800078fc (0x3fcd) x1  0x800078fe
core   0: 0x800078ee (0x0000a829) c.j     pc + 26
core   0: 3 0x800078ee (0xa829)
core   0: 0x80007908 (0xff9ff5ef) jal     a1, pc - 0x8
core   0: 3 0x80007908 (0xff9ff5ef) x11 0x8000790c
core   0: 0x80007900 (0x0000a811) c.j     pc + 20
core   0: 3 0x80007900 (0xa811)
core   0: 0x80007914 (0x0000a009) c.j     pc + 2
core   0: 3 0x80007914 (0xa009)
core   0: 0x80007916 (0x0000bfe5) c.j     pc - 8
core   0: 3 0x80007916 (0xbfe5)
core   0: 0x8000790e (0x000037cd) c.jal   pc - 30
core   0: 3 0x8000790e (0x37cd) x1  0x80007910
core   0: 0x800078f0 (0x01c00aef) jal     s5, pc + 0x1c
core   0: 3 0x800078f0 (0x01c00aef) x21 0x800078f4
core   0: 0x8000790c (0x000037fd) c.jal   pc - 18
core   0: 3 0x8000790c (0x37fd) x1  0x8000790e
core   0: 0x800078fa (0x0000a011) c.j     pc + 4
core   0: 3 0x800078fa (0xa011)
core   0: 0x800078fe (0x0000a831) c.j     pc + 28
core   0: 3 0x800078fe (0xa831)
core   0: 0x8000791a (0x0000bfe9) c.j     pc - 38
core   0: 3 0x8000791a (0xbfe9)
core   0: 0x800078f4 (0x00002011) c.jal   pc + 4
core   0: 3 0x800078f4 (0x2011) x1  0x800078f6
core   0: 0x800078f8 (0x0000a01d) c.j     pc + 38
core   0: 3 0x800078f8 (0xa01d)
core   0: 0x8000791e (0x00003fe1) c.jal   pc - 40
core   0: 3 0x8000791e (0x3fe1) x1  0x80007920
core   0: 0x800078f6 (0x0000a81d) c.j     pc + 54
core   0: 3 0x800078f6 (0xa81d)
core   0: 0x8000792c (0x00003fe1) c.jal   pc - 40
core   0: 3 0x8000792c (0x3fe1) x1  0x8000792e
core   0: 0x80007904 (0xfffff0ef) jal     pc - 0x2
core   0: 3 0x80007904 (0xfffff0ef) x1  0x80007908
core   0: 0x80007902 (0x00002819) c.jal   pc + 22
core   0: 3 0x80007902 (0x2819) x1  0x80007904
core   0: 0x80007918 (0x00003fe5) c.jal   pc - 8
core   0: 3 0x80007918 (0x3fe5) x1  0x8000791a
core   0: 0x80007910 (0x0000a821) c.j     pc + 24
core   0: 3 0x80007910 (0xa821)
core   0: 0x80007928 (0xffbff0ef) jal     pc - 0x6
core   0: 3 0x80007928 (0xffbff0ef) x1  0x8000792c
core   0: 0x80007922 (0x00003ffd) c.jal   pc - 2
core   0: 3 0x80007922 (0x3ffd) x1  0x80007924
core   0: 0x80007920 (0x0000a011) c.j     pc + 4
core   0: 3 0x80007920 (0xa011)
core   0: 0x80007924 (0x00a000ef) jal     pc + 0xa
core   0: 3 0x80007924 (0x00a000ef) x1  0x80007928
core   0: 0x8000792e (0x00fe94b3) sll     s1, t4, a5
core   0: 3 0x8000792e (0x00fe94b3) x9  0x00000000
core   0: 0x80007932 (0x00009f17) auipc   t5, 0x9
core   0: 3 0x80007932 (0x00009f17) x30 0x80010932
core   0: 0x80007936 (0x9faf0f13) addi    t5, t5, -1542
core   0: 3 0x80007936 (0x9faf0f13) x30 0x8001032c
core   0: 0x8000793a (0x007f4c03) lbu     s8, 7(t5)
core   0: 3 0x8000793a (0x007f4c03) x24 0x000000f2 mem 0x80010333
core   0: 0x8000793e (0x00af4803) lbu     a6, 10(t5)
core   0: 3 0x8000793e (0x00af4803) x16 0x000000ba mem 0x80010336
core   0: 0x80007942 (0x00006275) c.lui   tp, 0x1d
core   0: 3 0x80007942 (0x6275) x4  0x0001d000
core   0: 0x80007944 (0x009f4683) lbu     a3, 9(t5)
core   0: 3 0x80007944 (0x009f4683) x13 0x00000008 mem 0x80010335
core   0: 0x80007948 (0x02439eb3) mulh    t4, t2, tp
core   0: 3 0x80007948 (0x02439eb3) x29 0xffffd527
core   0: 0x8000794c (0x00df0b03) lb      s6, 13(t5)
core   0: 3 0x8000794c (0x00df0b03) x22 0x00000045 mem 0x80010339
core   0: 0x80007950 (0xffcf1d83) lh      s11, -4(t5)
core   0: 3 0x80007950 (0xffcf1d83) x27 0x000048a8 mem 0x80010328
core   0: 0x80007954 (0x00ff4883) lbu     a7, 15(t5)
core   0: 3 0x80007954 (0x00ff4883) x17 0x00000011 mem 0x8001033b
core   0: 0x80007958 (0x000050fd) c.li    ra, -1
core   0: 3 0x80007958 (0x50fd) x1  0xffffffff
core   0: 0x8000795a (0x00008cf9) c.and   s1, a4
core   0: 3 0x8000795a (0x8cf9) x9  0x00000000
core   0: 0x8000795c (0x001f4083) lbu     ra, 1(t5)
core   0: 3 0x8000795c (0x001f4083) x1  0x000000e6 mem 0x8001032d
core   0: 0x80007960 (0x006f2623) sw      t1, 12(t5)
core   0: 3 0x80007960 (0x006f2623) mem 0x80010338 0x000033df
core   0: 0x80007964 (0x002f0e83) lb      t4, 2(t5)
core   0: 3 0x80007964 (0x002f0e83) x29 0x00000035 mem 0x8001032e
core   0: 0x80007968 (0x00ef5183) lhu     gp, 14(t5)
core   0: 3 0x80007968 (0x00ef5183) x3  0x00000000 mem 0x8001033a
core   0: 0x8000796c (0x009f2023) sw      s1, 0(t5)
core   0: 3 0x8000796c (0x009f2023) mem 0x8001032c 0x00000000
core   0: 0x80007970 (0x00008c0d) c.sub   s0, a1
core   0: 3 0x80007970 (0x8c0d) x8  0x7fff86f4
core   0: 0x80007972 (0xff2f4003) lbu     zero, -14(t5)
core   0: 3 0x80007972 (0xff2f4003) mem 0x8001031e
core   0: 0x80007976 (0x00ff4d03) lbu     s10, 15(t5)
core   0: 3 0x80007976 (0x00ff4d03) x26 0x00000000 mem 0x8001033b
core   0: 0x8000797a (0x41af0033) sub     zero, t5, s10
core   0: 3 0x8000797a (0x41af0033)
core   0: 0x8000797e (0x00ff1323) sh      a5, 6(t5)
core   0: 3 0x8000797e (0x00ff1323) mem 0x80010332 0x0000
core   0: 0x80007982 (0xffef4c03) lbu     s8, -2(t5)
core   0: 3 0x80007982 (0xffef4c03) x24 0x0000001b mem 0x8001032a
core   0: 0x80007986 (0x010f4883) lbu     a7, 16(t5)
core   0: 3 0x80007986 (0x010f4883) x17 0x000000d9 mem 0x8001033c
core   0: 0x8000798a (0xff0f5b83) lhu     s7, -16(t5)
core   0: 3 0x8000798a (0xff0f5b83) x23 0x00007afe mem 0x8001031c
core   0: 0x8000798e (0x015f2823) sw      s5, 16(t5)
core   0: 3 0x8000798e (0x015f2823) mem 0x8001033c 0x800078f4
core   0: 0x80007992 (0x002f4003) lbu     zero, 2(t5)
core   0: 3 0x80007992 (0x002f4003) mem 0x8001032e
core   0: 0x80007996 (0x59c86593) ori     a1, a6, 1436
core   0: 3 0x80007996 (0x59c86593) x11 0x000005be
core   0: 0x8000799a (0xff7f0483) lb      s1, -9(t5)
core   0: 3 0x8000799a (0xff7f0483) x9  0xffffffde mem 0x80010323
core   0: 0x8000799e (0xff2f5a83) lhu     s5, -14(t5)
core   0: 3 0x8000799e (0xff2f5a83) x21 0x0000aecc mem 0x8001031e
core   0: 0x800079a2 (0x001644b3) xor     s1, a2, ra
core   0: 3 0x800079a2 (0x001644b3) x9  0x000000e6
core   0: 0x800079a6 (0x0200ec33) rem     s8, ra, zero
core   0: 3 0x800079a6 (0x0200ec33) x24 0x000000e6
core   0: 0x800079aa (0x003f0803) lb      a6, 3(t5)
core   0: 3 0x800079aa (0x003f0803) x16 0x00000000 mem 0x8001032f
core   0: 0x800079ae (0x00c6d133) srl     sp, a3, a2
core   0: 3 0x800079ae (0x00c6d133) x2  0x00000008
core   0: 0x800079b2 (0xfe0f0fa3) sb      zero, -1(t5)
core   0: 3 0x800079b2 (0xfe0f0fa3) mem 0x8001032b 0x00
core   0: 0x800079b6 (0x002f1e03) lh      t3, 2(t5)
core   0: 3 0x800079b6 (0x002f1e03) x28 0x00000000 mem 0x8001032e
core   0: 0x800079ba (0xffbf4683) lbu     a3, -5(t5)
core   0: 3 0x800079ba (0xffbf4683) x13 0x000000f0 mem 0x80010327
core   0: 0x800079be (0xffef4103) lbu     sp, -2(t5)
core   0: 3 0x800079be (0xffef4103) x2  0x0000001b mem 0x8001032a
core   0: 0x800079c2 (0x00a59c33) sll     s8, a1, a0
core   0: 3 0x800079c2 (0x00a59c33) x24 0x000005be
core   0: 0x800079c6 (0xffdf4e03) lbu     t3, -3(t5)
core   0: 3 0x800079c6 (0xffdf4e03) x28 0x00000048 mem 0x80010329
core   0: 0x800079ca (0x007f0e83) lb      t4, 7(t5)
core   0: 3 0x800079ca (0x007f0e83) x29 0x00000000 mem 0x80010333
core   0: 0x800079ce (0x00bf0783) lb      a5, 11(t5)
core   0: 3 0x800079ce (0x00bf0783) x15 0x0000007e mem 0x80010337
core   0: 0x800079d2 (0xff6f5e83) lhu     t4, -10(t5)
core   0: 3 0x800079d2 (0xff6f5e83) x29 0x0000de33 mem 0x80010322
core   0: 0x800079d6 (0x00010c17) auipc   s8, 0x10
core   0: 3 0x800079d6 (0x00010c17) x24 0x800179d6
core   0: 0x800079da (0x65cc0c13) addi    s8, s8, 1628
core   0: 3 0x800079da (0x65cc0c13) x24 0x80018032
core   0: 0x800079de (0x00f48f33) add     t5, s1, a5
core   0: 3 0x800079de (0x00f48f33) x30 0x00000164
core   0: 0x800079e2 (0xf54c0ea3) sb      s4, -163(s8)
core   0: 3 0x800079e2 (0xf54c0ea3) mem 0x80017f8f 0xe4
core   0: 0x800079e6 (0xeb19a797) auipc   a5, 0xeb19a
core   0: 3 0x800079e6 (0xeb19a797) x15 0x6b1a19e6
core   0: 0x800079ea (0x03716733) rem     a4, sp, s7
core   0: 3 0x800079ea (0x03716733) x14 0x0000001b
core   0: 0x800079ee (0x00008315) c.srli  a4, 5
core   0: 3 0x800079ee (0x8315) x14 0x00000000
core   0: 0x800079f0 (0x00008ff5) c.and   a5, a3
core   0: 3 0x800079f0 (0x8ff5) x15 0x000000e0
core   0: 0x800079f2 (0x00251b33) sll     s6, a0, sp
core   0: 3 0x800079f2 (0x00251b33) x22 0x00000000
core   0: 0x800079f6 (0x3abc4503) lbu     a0, 939(s8)
core   0: 3 0x800079f6 (0x3abc4503) x10 0x00000024 mem 0x800183dd
core   0: 0x800079fa (0x757c0883) lb      a7, 1879(s8)
core   0: 3 0x800079fa (0x757c0883) x17 0x00000020 mem 0x80018789
core   0: 0x800079fe (0x02aae2b3) rem     t0, s5, a0
core   0: 3 0x800079fe (0x02aae2b3) x5  0x00000000
core   0: 0x80007a02 (0xa58c1303) lh      t1, -1448(s8)
core   0: 3 0x80007a02 (0xa58c1303) x6  0x00006240 mem 0x80017a8a
core   0: 0x80007a06 (0x03acd433) divu    s0, s9, s10
core   0: 3 0x80007a06 (0x03acd433) x8  0xffffffff
core   0: 0x80007a0a (0x853c0b03) lb      s6, -1965(s8)
core   0: 3 0x80007a0a (0x853c0b03) x22 0xffffffbb mem 0x80017885
core   0: 0x80007a0e (0x87efc793) xori    a5, t6, -1922
core   0: 3 0x80007a0e (0x87efc793) x15 0xfffff8c9
core   0: 0x80007a12 (0x27bc0ea3) sb      s11, 637(s8)
core   0: 3 0x80007a12 (0x27bc0ea3) mem 0x800182af 0xa8
core   0: 0x80007a16 (0x00008c9d) c.sub   s1, a5
core   0: 3 0x80007a16 (0x8c9d) x9  0x0000081d
core   0: 0x80007a18 (0x5f1c0703) lb      a4, 1521(s8)
core   0: 3 0x80007a18 (0x5f1c0703) x14 0xffffff9a mem 0x80018623
core   0: 0x80007a1c (0x63bc4703) lbu     a4, 1595(s8)
core   0: 3 0x80007a1c (0x63bc4703) x14 0x000000fe mem 0x8001866d
core   0: 0x80007a20 (0xdf4c0803) lb      a6, -524(s8)
core   0: 3 0x80007a20 (0xdf4c0803) x16 0x0000003b mem 0x80017e26
core   0: 0x80007a24 (0x99fc4e03) lbu     t3, -1633(s8)
core   0: 3 0x80007a24 (0x99fc4e03) x28 0x0000000b mem 0x800179d1
core   0: 0x80007a28 (0xe75c0883) lb      a7, -395(s8)
core   0: 3 0x80007a28 (0xe75c0883) x17 0xffffffe7 mem 0x80017ea7
core   0: 0x80007a2c (0xc7fc4103) lbu     sp, -897(s8)
core   0: 3 0x80007a2c (0xc7fc4103) x2  0x00000037 mem 0x80017cb1
core   0: 0x80007a30 (0x010788b3) add     a7, a5, a6
core   0: 3 0x80007a30 (0x010788b3) x17 0xfffff904
core   0: 0x80007a34 (0xf1ec0c83) lb      s9, -226(s8)
core   0: 3 0x80007a34 (0xf1ec0c83) x25 0xffffff91 mem 0x80017f50
core   0: 0x80007a38 (0x497c0a83) lb      s5, 1175(s8)
core   0: 3 0x80007a38 (0x497c0a83) x21 0xffffffa5 mem 0x800184c9
core   0: 0x80007a3c (0x257c4c83) lbu     s9, 599(s8)
core   0: 3 0x80007a3c (0x257c4c83) x25 0x00000055 mem 0x80018289
core   0: 0x80007a40 (0x802c5503) lhu     a0, -2046(s8)
core   0: 3 0x80007a40 (0x802c5503) x10 0x00001b5c mem 0x80017834
core   0: 0x80007a44 (0xd25c0ba3) sb      t0, -713(s8)
core   0: 3 0x80007a44 (0xd25c0ba3) mem 0x80017d69 0x00
core   0: 0x80007a48 (0x5a5d4237) lui     tp, 0x5a5d4
core   0: 3 0x80007a48 (0x5a5d4237) x4  0x5a5d4000
core   0: 0x80007a4c (0x00006e75) c.lui   t3, 0x1d
core   0: 3 0x80007a4c (0x6e75) x28 0x0001d000
core   0: 0x80007a4e (0xd77c0103) lb      sp, -649(s8)
core   0: 3 0x80007a4e (0xd77c0103) x2  0x00000062 mem 0x80017da9
core   0: 0x80007a52 (0x02bd85b3) mul     a1, s11, a1
core   0: 3 0x80007a52 (0x02bd85b3) x11 0x01a134b0
core   0: 0x80007a56 (0xab4c1b23) sh      s4, -1354(s8)
core   0: 3 0x80007a56 (0xab4c1b23) mem 0x80017ae8 0x9ce4
core   0: 0x80007a5a (0xae4c1583) lh      a1, -1308(s8)
core   0: 3 0x80007a5a (0xae4c1583) x11 0xffff9e0c mem 0x80017b16
core   0: 0x80007a5e (0x104c1c23) sh      tp, 280(s8)
core   0: 3 0x80007a5e (0x104c1c23) mem 0x8001814a 0x4000
core   0: 0x80007a62 (0xd55c0103) lb      sp, -683(s8)
core   0: 3 0x80007a62 (0xd55c0103) x2  0xffffffd0 mem 0x80017d87
core   0: 0x80007a66 (0x0114bd33) sltu    s10, s1, a7
core   0: 3 0x80007a66 (0x0114bd33) x26 0x00000001
core   0: 0x80007a6a (0xca2c0583) lb      a1, -862(s8)
core   0: 3 0x80007a6a (0xca2c0583) x11 0xffffffa3 mem 0x80017cd4
core   0: 0x80007a6e (0x000057f5) c.li    a5, -3
core   0: 3 0x80007a6e (0x57f5) x15 0xfffffffd
core   0: 0x80007a70 (0x00008d45) c.or    a0, s1
core   0: 3 0x80007a70 (0x8d45) x10 0x00001b5d
core   0: 0x80007a72 (0x01baab33) slt     s6, s5, s11
core   0: 3 0x80007a72 (0x01baab33) x22 0x00000001
core   0: 0x80007a76 (0x02d3ae33) mulhsu  t3, t2, a3
core   0: 3 0x80007a76 (0x02d3ae33) x28 0xffffffe9
core   0: 0x80007a7a (0x00004209) c.li    tp, 2
core   0: 3 0x80007a7a (0x4209) x4  0x00000002
core   0: 0x80007a7c (0x00008d79) c.and   a0, a4
core   0: 3 0x80007a7c (0x8d79) x10 0x0000005c
core   0: 0x80007a7e (0x1544fcb7) lui     s9, 0x1544f
core   0: 3 0x80007a7e (0x1544fcb7) x25 0x1544f000
core   0: 0x80007a82 (0x02a69833) mulh    a6, a3, a0
core   0: 3 0x80007a82 (0x02a69833) x16 0x00000000
core   0: 0x80007a86 (0xe1af7693) andi    a3, t5, -486
core   0: 3 0x80007a86 (0xe1af7693) x13 0x00000000
core   0: 0x80007a8a (0x024c1bb3) mulh    s7, s8, tp
core   0: 3 0x80007a8a (0x024c1bb3) x23 0xffffffff
core   0: 0x80007a8e (0x00000785) c.addi  a5, 1
core   0: 3 0x80007a8e (0x0785) x15 0xfffffffe
core   0: 0x80007a90 (0x41b0d813) srai    a6, ra, 27
core   0: 3 0x80007a90 (0x41b0d813) x16 0x00000000
core   0: 0x80007a94 (0x000055e1) c.li    a1, -8
core   0: 3 0x80007a94 (0x55e1) x11 0xfffffff8
core   0: 0x80007a96 (0x09b84493) xori    s1, a6, 155
core   0: 3 0x80007a96 (0x09b84493) x9  0x0000009b
core   0: 0x80007a9a (0x410954b3) sra     s1, s2, a6
core   0: 3 0x80007a9a (0x410954b3) x9  0x80025e18
core   0: 0x80007a9e (0x03f53fb3) mulhu   t6, a0, t6
core   0: 3 0x80007a9e (0x03f53fb3) x31 0x00000000
core   0: 0x80007aa2 (0x00000001) c.nop
core   0: 3 0x80007aa2 (0x0001)
core   0: 0x80007aa4 (0x0679ae17) auipc   t3, 0x679a
core   0: 3 0x80007aa4 (0x0679ae17) x28 0x867a1aa4
core   0: 0x80007aa8 (0x03f4f9b3) remu    s3, s1, t6
core   0: 3 0x80007aa8 (0x03f4f9b3) x19 0x80025e18
core   0: 0x80007aac (0x027030b3) mulhu   ra, zero, t2
core   0: 3 0x80007aac (0x027030b3) x1  0x00000000
core   0: 0x80007ab0 (0x03c90bb3) mul     s7, s2, t3
core   0: 3 0x80007ab0 (0x03c90bb3) x23 0xa682b760
core   0: 0x80007ab4 (0x033971b3) remu    gp, s2, s3
core   0: 3 0x80007ab4 (0x033971b3) x3  0x00000000
core   0: 0x80007ab8 (0x035472b3) remu    t0, s0, s5
core   0: 3 0x80007ab8 (0x035472b3) x5  0x0000005a
core   0: 0x80007abc (0x03773eb3) mulhu   t4, a4, s7
core   0: 3 0x80007abc (0x03773eb3) x29 0x000000a5
core   0: 0x80007ac0 (0x00000585) c.addi  a1, 1
core   0: 3 0x80007ac0 (0x0585) x11 0xfffffff9
core   0: 0x80007ac2 (0x004e93b3) sll     t2, t4, tp
core   0: 3 0x80007ac2 (0x004e93b3) x7  0x00000294
core   0: 0x80007ac6 (0x0000d1ed) c.beqz  a1, pc - 30
core   0: 3 0x80007ac6 (0xd1ed)
core   0: 0x80007ac8 (0x00aa4bb3) xor     s7, s4, a0
core   0: 3 0x80007ac8 (0x00aa4bb3) x23 0x80029cb8
core   0: 0x80007acc (0x002626b3) slt     a3, a2, sp
core   0: 3 0x80007acc (0x002626b3) x13 0x00000000
core   0: 0x80007ad0 (0x01666433) or      s0, a2, s6
core   0: 3 0x80007ad0 (0x01666433) x8  0x00000001
core   0: 0x80007ad4 (0x00f3f333) and     t1, t2, a5
core   0: 3 0x80007ad4 (0x00f3f333) x6  0x00000294
core   0: 0x80007ad8 (0xfa47e5e3) bltu    a5, tp, pc - 86
core   0: 3 0x80007ad8 (0xfa47e5e3)
core   0: 0x80007adc (0xfe6bfe13) andi    t3, s7, -26
core   0: 3 0x80007adc (0xfe6bfe13) x28 0x80029ca0
core   0: 0x80007ae0 (0x026000ef) jal     pc + 0x26
core   0: 3 0x80007ae0 (0x026000ef) x1  0x80007ae4
core   0: 0x80007b06 (0x00a000ef) jal     pc + 0xa
core   0: 3 0x80007b06 (0x00a000ef) x1  0x80007b0a
core   0: 0x80007b10 (0xfe3ff0ef) jal     pc - 0x1e
core   0: 3 0x80007b10 (0xfe3ff0ef) x1  0x80007b14
core   0: 0x80007af2 (0xff7ff0ef) jal     pc - 0xa
core   0: 3 0x80007af2 (0xff7ff0ef) x1  0x80007af6
core   0: 0x80007ae8 (0x00002019) c.jal   pc + 6
core   0: 3 0x80007ae8 (0x2019) x1  0x80007aea
core   0: 0x80007aee (0x0080036f) jal     t1, pc + 0x8
core   0: 3 0x80007aee (0x0080036f) x6  0x80007af2
core   0: 0x80007af6 (0x0000a811) c.j     pc + 20
core   0: 3 0x80007af6 (0xa811)
core   0: 0x80007b0a (0x0000b7c5) c.j     pc - 32
core   0: 3 0x80007b0a (0xb7c5)
core   0: 0x80007aea (0x012000ef) jal     pc + 0x12
core   0: 3 0x80007aea (0x012000ef) x1  0x80007aee
core   0: 0x80007afc (0x00600f6f) jal     t5, pc + 0x6
core   0: 3 0x80007afc (0x00600f6f) x30 0x80007b00
core   0: 0x80007b02 (0x00a000ef) jal     pc + 0xa
core   0: 3 0x80007b02 (0x00a000ef) x1  0x80007b06
core   0: 0x80007b0c (0x008000ef) jal     pc + 0x8
core   0: 3 0x80007b0c (0x008000ef) x1  0x80007b10
core   0: 0x80007b14 (0xfe7ff0ef) jal     pc - 0x1a
core   0: 3 0x80007b14 (0xfe7ff0ef) x1  0x80007b18
core   0: 0x80007afa (0x000037ed) c.jal   pc - 22
core   0: 3 0x80007afa (0x37ed) x1  0x80007afc
core   0: 0x80007ae4 (0x0360056f) jal     a0, pc + 0x36
core   0: 3 0x80007ae4 (0x0360056f) x10 0x80007ae8
core   0: 0x80007b1a (0x0000bff9) c.j     pc - 34
core   0: 3 0x80007b1a (0xbff9)
core   0: 0x80007af8 (0x0000a005) c.j     pc + 32
core   0: 3 0x80007af8 (0xa005)
core   0: 0x80007b18 (0x000037e5) c.jal   pc - 24
core   0: 3 0x80007b18 (0x37e5) x1  0x80007b1a
core   0: 0x80007b00 (0x0000a831) c.j     pc + 28
core   0: 3 0x80007b00 (0xa831)
core   0: 0x80007b1c (0x00008d21) c.xor   a0, s0
core   0: 3 0x80007b1c (0x8d21) x10 0x80007ae9
core   0: 0x80007b1e (0x0000c397) auipc   t2, 0xc
core   0: 3 0x80007b1e (0x0000c397) x7  0x80013b1e
core   0: 0x80007b22 (0x12f38393) addi    t2, t2, 303
core   0: 3 0x80007b22 (0x12f38393) x7  0x80013c4d
core   0: 0x80007b26 (0x0123ce83) lbu     t4, 18(t2)
core   0: 3 0x80007b26 (0x0123ce83) x29 0x000000b6 mem 0x80013c5f
core   0: 0x80007b2a (0x01238e03) lb      t3, 18(t2)
core   0: 3 0x80007b2a (0x01238e03) x28 0xffffffb6 mem 0x80013c5f
core   0: 0x80007b2e (0x01238883) lb      a7, 18(t2)
core   0: 3 0x80007b2e (0x01238883) x17 0xffffffb6 mem 0x80013c5f
core   0: 0x80007b32 (0x0123c983) lbu     s3, 18(t2)
core   0: 3 0x80007b32 (0x0123c983) x19 0x000000b6 mem 0x80013c5f
core   0: 0x80007b36 (0x01738923) sb      s7, 18(t2)
core   0: 3 0x80007b36 (0x01738923) mem 0x80013c5f 0xb8
core   0: 0x80007b3a (0x0123c703) lbu     a4, 18(t2)
core   0: 3 0x80007b3a (0x0123c703) x14 0x000000b8 mem 0x80013c5f
core   0: 0x80007b3e (0x00338923) sb      gp, 18(t2)
core   0: 3 0x80007b3e (0x00338923) mem 0x80013c5f 0x00
core   0: 0x80007b42 (0x0123c303) lbu     t1, 18(t2)
core   0: 3 0x80007b42 (0x0123c303) x6  0x00000000 mem 0x80013c5f
core   0: 0x80007b46 (0x01238d03) lb      s10, 18(t2)
core   0: 3 0x80007b46 (0x01238d03) x26 0x00000000 mem 0x80013c5f
core   0: 0x80007b4a (0x003e5f93) srli    t6, t3, 3
core   0: 3 0x80007b4a (0x003e5f93) x31 0x1ffffff6
core   0: 0x80007b4e (0x0123cb03) lbu     s6, 18(t2)
core   0: 3 0x80007b4e (0x0123cb03) x22 0x00000000 mem 0x80013c5f
core   0: 0x80007b52 (0xfe139483) lh      s1, -31(t2)
core   0: 3 0x80007b52 (0xfe139483) x9  0xffff860b mem 0x80013c2e
core   0: 0x80007b56 (0x018000ef) jal     pc + 0x18
core   0: 3 0x80007b56 (0x018000ef) x1  0x80007b5a
core   0: 0x80007b6e (0x0000a019) c.j     pc + 6
core   0: 3 0x80007b6e (0xa019)
core   0: 0x80007b74 (0x0000bfd5) c.j     pc - 12
core   0: 3 0x80007b74 (0xbfd5)
core   0: 0x80007b68 (0x026000ef) jal     pc + 0x26
core   0: 3 0x80007b68 (0x026000ef) x1  0x80007b6c
core   0: 0x80007b8e (0x00003ff5) c.jal   pc - 4
core   0: 3 0x80007b8e (0x3ff5) x1  0x80007b90
core   0: 0x80007b8a (0x00003fd5) c.jal   pc - 12
core   0: 3 0x80007b8a (0x3fd5) x1  0x80007b8c
core   0: 0x80007b7e (0x012000ef) jal     pc + 0x12
core   0: 3 0x80007b7e (0x012000ef) x1  0x80007b82
core   0: 0x80007b90 (0xfe1ffcef) jal     s9, pc - 0x20
core   0: 3 0x80007b90 (0xfe1ffcef) x25 0x80007b94
core   0: 0x80007b70 (0x00002009) c.jal   pc + 2
core   0: 3 0x80007b70 (0x2009) x1  0x80007b72
core   0: 0x80007b72 (0x0000bfc5) c.j     pc - 16
core   0: 3 0x80007b72 (0xbfc5)
core   0: 0x80007b62 (0x0000a01d) c.j     pc + 38
core   0: 3 0x80007b62 (0xa01d)
core   0: 0x80007b88 (0x00003fc5) c.jal   pc - 16
core   0: 3 0x80007b88 (0x3fc5) x1  0x80007b8a
core   0: 0x80007b78 (0x014000ef) jal     pc + 0x14
core   0: 3 0x80007b78 (0x014000ef) x1  0x80007b7c
core   0: 0x80007b8c (0x00003fc5) c.jal   pc - 16
core   0: 3 0x80007b8c (0x3fc5) x1  0x80007b8e
core   0: 0x80007b7c (0x00002019) c.jal   pc + 6
core   0: 3 0x80007b7c (0x2019) x1  0x80007b7e
core   0: 0x80007b82 (0x0000b7d5) c.j     pc - 28
core   0: 3 0x80007b82 (0xb7d5)
core   0: 0x80007b66 (0x00002005) c.jal   pc + 32
core   0: 3 0x80007b66 (0x2005) x1  0x80007b68
core   0: 0x80007b86 (0x00002039) c.jal   pc + 14
core   0: 3 0x80007b86 (0x2039) x1  0x80007b88
core   0: 0x80007b94 (0x000037e1) c.jal   pc - 56
core   0: 3 0x80007b94 (0x37e1) x1  0x80007b96
core   0: 0x80007b5c (0x00002025) c.jal   pc + 40
core   0: 3 0x80007b5c (0x2025) x1  0x80007b5e
core   0: 0x80007b84 (0x0000bfe9) c.j     pc - 38
core   0: 3 0x80007b84 (0xbfe9)
core   0: 0x80007b5e (0x00002039) c.jal   pc + 14
core   0: 3 0x80007b5e (0x2039) x1  0x80007b60
core   0: 0x80007b6c (0x000037fd) c.jal   pc - 18
core   0: 3 0x80007b6c (0x37fd) x1  0x80007b6e
core   0: 0x80007b5a (0x00002835) c.jal   pc + 60
core   0: 3 0x80007b5a (0x2835) x1  0x80007b5c
core   0: 0x80007b96 (0x000037f9) c.jal   pc - 50
core   0: 3 0x80007b96 (0x37f9) x1  0x80007b98
core   0: 0x80007b64 (0x00002809) c.jal   pc + 18
core   0: 3 0x80007b64 (0x2809) x1  0x80007b66
core   0: 0x80007b76 (0x0000b7ed) c.j     pc - 22
core   0: 3 0x80007b76 (0xb7ed)
core   0: 0x80007b60 (0x00002825) c.jal   pc + 56
core   0: 3 0x80007b60 (0x2825) x1  0x80007b62
core   0: 0x80007b98 (0x03c4cf33) div     t5, s1, t3
core   0: 3 0x80007b98 (0x03c4cf33) x30 0x000001a5
core   0: 0x80007b9c (0x00009117) auipc   sp, 0x9
core   0: 3 0x80007b9c (0x00009117) x2  0x80010b9c
core   0: 0x80007ba0 (0x9cf10113) addi    sp, sp, -1585
core   0: 3 0x80007ba0 (0x9cf10113) x2  0x8001056b
core   0: 0x80007ba4 (0xfde10ba3) sb      t5, -41(sp)
core   0: 3 0x80007ba4 (0xfde10ba3) mem 0x80010542 0xa5
core   0: 0x80007ba8 (0xfd714b03) lbu     s6, -41(sp)
core   0: 3 0x80007ba8 (0xfd714b03) x22 0x000000a5 mem 0x80010542
core   0: 0x80007bac (0xfca10ba3) sb      a0, -41(sp)
core   0: 3 0x80007bac (0xfca10ba3) mem 0x80010542 0xe9
core   0: 0x80007bb0 (0x000d8e33) add     t3, s11, zero
core   0: 3 0x80007bb0 (0x000d8e33) x28 0x000048a8
core   0: 0x80007bb4 (0xfd710c83) lb      s9, -41(sp)
core   0: 3 0x80007bb4 (0xfd710c83) x25 0xffffffe9 mem 0x80010542
core   0: 0x80007bb8 (0x00814083) lbu     ra, 8(sp)
core   0: 3 0x80007bb8 (0x00814083) x1  0x00000094 mem 0x80010573
core   0: 0x80007bbc (0x00005ffd) c.li    t6, -1
core   0: 3 0x80007bbc (0x5ffd) x31 0xffffffff
core   0: 0x80007bbe (0x00814583) lbu     a1, 8(sp)
core   0: 3 0x80007bbe (0x00814583) x11 0x00000094 mem 0x80010573
core   0: 0x80007bc2 (0x03210683) lb      a3, 50(sp)
core   0: 3 0x80007bc2 (0x03210683) x13 0xfffffffa mem 0x8001059d
core   0: 0x80007bc6 (0x03214f83) lbu     t6, 50(sp)
core   0: 3 0x80007bc6 (0x03214f83) x31 0x000000fa mem 0x8001059d
core   0: 0x80007bca (0x03210183) lb      gp, 50(sp)
core   0: 3 0x80007bca (0x03210183) x3  0xfffffffa mem 0x8001059d
core   0: 0x80007bce (0x405383b3) sub     t2, t2, t0
core   0: 3 0x80007bce (0x405383b3) x7  0x80013bf3
core   0: 0x80007bd2 (0x03214803) lbu     a6, 50(sp)
core   0: 3 0x80007bd2 (0x03214803) x16 0x000000fa mem 0x8001059d
core   0: 0x80007bd6 (0x03214083) lbu     ra, 50(sp)
core   0: 3 0x80007bd6 (0x03214083) x1  0x000000fa mem 0x8001059d
core   0: 0x80007bda (0x03010d23) sb      a6, 58(sp)
core   0: 3 0x80007bda (0x03010d23) mem 0x800105a5 0xfa
core   0: 0x80007bde (0x00008345) c.srli  a4, 17
core   0: 3 0x80007bde (0x8345) x14 0x00000000
core   0: 0x80007be0 (0x03a10e03) lb      t3, 58(sp)
core   0: 3 0x80007be0 (0x03a10e03) x28 0xfffffffa mem 0x800105a5
core   0: 0x80007be4 (0x03a14503) lbu     a0, 58(sp)
core   0: 3 0x80007be4 (0x03a14503) x10 0x000000fa mem 0x800105a5
core   0: 0x80007be8 (0x00011597) auipc   a1, 0x11
core   0: 3 0x80007be8 (0x00011597) x11 0x80018be8
core   0: 0x80007bec (0xd2558593) addi    a1, a1, -731
core   0: 3 0x80007bec (0xd2558593) x11 0x8001890d
core   0: 0x80007bf0 (0x0055d783) lhu     a5, 5(a1)
core   0: 3 0x80007bf0 (0x0055d783) x15 0x0000946d mem 0x80018912
core   0: 0x80007bf4 (0x00c58e83) lb      t4, 12(a1)
core   0: 3 0x80007bf4 (0x00c58e83) x29 0xffffffe1 mem 0x80018919
core   0: 0x80007bf8 (0x00e76d33) or      s10, a4, a4
core   0: 3 0x80007bf8 (0x00e76d33) x26 0x00000000
core   0: 0x80007bfc (0x01d58123) sb      t4, 2(a1)
core   0: 3 0x80007bfc (0x01d58123) mem 0x8001890f 0xe1
core   0: 0x80007c00 (0x00000e9d) c.addi  t4, 7
core   0: 3 0x80007c00 (0x0e9d) x29 0xffffffe8
core   0: 0x80007c02 (0xffc58103) lb      sp, -4(a1)
core   0: 3 0x80007c02 (0xffc58103) x2  0xffffffc0 mem 0x80018909
core   0: 0x80007c06 (0xff15c783) lbu     a5, -15(a1)
core   0: 3 0x80007c06 (0xff15c783) x15 0x000000b6 mem 0x800188fe
core   0: 0x80007c0a (0x00b58d03) lb      s10, 11(a1)
core   0: 3 0x80007c0a (0x00b58d03) x26 0xffffff9a mem 0x80018918
core   0: 0x80007c0e (0x0085c283) lbu     t0, 8(a1)
core   0: 3 0x80007c0e (0x0085c283) x5  0x0000007e mem 0x80018915
core   0: 0x80007c12 (0x00a58e83) lb      t4, 10(a1)
core   0: 3 0x80007c12 (0x00a58e83) x29 0x00000050 mem 0x80018917
core   0: 0x80007c16 (0x01d580a3) sb      t4, 1(a1)
core   0: 3 0x80007c16 (0x01d580a3) mem 0x8001890e 0x50
core   0: 0x80007c1a (0xff65c283) lbu     t0, -10(a1)
core   0: 3 0x80007c1a (0xff65c283) x5  0x000000af mem 0x80018903
core   0: 0x80007c1e (0x00c58e83) lb      t4, 12(a1)
core   0: 3 0x80007c1e (0x00c58e83) x29 0xffffffe1 mem 0x80018919
core   0: 0x80007c22 (0xff358283) lb      t0, -13(a1)
core   0: 3 0x80007c22 (0xff358283) x5  0xffffffe5 mem 0x80018900
core   0: 0x80007c26 (0xfee58823) sb      a4, -16(a1)
core   0: 3 0x80007c26 (0xfee58823) mem 0x800188fd 0x00
core   0: 0x80007c2a (0xffa5afa3) sw      s10, -1(a1)
core   0: 3 0x80007c2a (0xffa5afa3) mem 0x8001890c 0xffffff9a
core   0: 0x80007c2e (0x00d5ce83) lbu     t4, 13(a1)
core   0: 3 0x80007c2e (0x00d5ce83) x29 0x00000055 mem 0x8001891a
core   0: 0x80007c32 (0xfff5a103) lw      sp, -1(a1)
core   0: 3 0x80007c32 (0xfff5a103) x2  0xffffff9a mem 0x8001890c
core   0: 0x80007c36 (0x00006121) c.addi16sp sp, 64
core   0: 3 0x80007c36 (0x6121) x2  0xffffffda
core   0: 0x80007c38 (0xffa58d23) sb      s10, -6(a1)
core   0: 3 0x80007c38 (0xffa58d23) mem 0x80018907 0x9a
core   0: 0x80007c3c (0x00d59e83) lh      t4, 13(a1)
core   0: 3 0x80007c3c (0x00d59e83) x29 0xffffc355 mem 0x8001891a
core   0: 0x80007c40 (0x00001e98) c.addi4spn a4, sp, 880
core   0: 3 0x80007c40 (0x1e98) x14 0x0000034a
core   0: 0x80007c42 (0x01a58423) sb      s10, 8(a1)
core   0: 3 0x80007c42 (0x01a58423) mem 0x80018915 0x9a
core   0: 0x80007c46 (0x01ad1293) slli    t0, s10, 26
core   0: 3 0x80007c46 (0x01ad1293) x5  0x68000000
core   0: 0x80007c4a (0x00f5c103) lbu     sp, 15(a1)
core   0: 3 0x80007c4a (0x00f5c103) x2  0x000000e4 mem 0x8001891c
core   0: 0x80007c4e (0x00008bf1) c.andi  a5, 28
core   0: 3 0x80007c4e (0x8bf1) x15 0x00000014
core   0: 0x80007c50 (0x00009116) c.add   sp, t0
core   0: 3 0x80007c50 (0x9116) x2  0x680000e4
core   0: 0x80007c52 (0x00c5c283) lbu     t0, 12(a1)
core   0: 3 0x80007c52 (0x00c5c283) x5  0x000000e1 mem 0x80018919
core   0: 0x80007c56 (0x025d1133) mulh    sp, s10, t0
core   0: 3 0x80007c56 (0x025d1133) x2  0xffffffff
core   0: 0x80007c5a (0x01eed113) srli    sp, t4, 30
core   0: 3 0x80007c5a (0x01eed113) x2  0x00000003
core   0: 0x80007c5e (0x00258623) sb      sp, 12(a1)
core   0: 3 0x80007c5e (0x00258623) mem 0x80018919 0x03
core   0: 0x80007c62 (0x03a152b3) divu    t0, sp, s10
core   0: 3 0x80007c62 (0x03a152b3) x5  0x00000000
core   0: 0x80007c66 (0x00f5d783) lhu     a5, 15(a1)
core   0: 3 0x80007c66 (0x00f5d783) x15 0x0000d3e4 mem 0x8001891c
core   0: 0x80007c6a (0xff058703) lb      a4, -16(a1)
core   0: 3 0x80007c6a (0xff058703) x14 0x00000000 mem 0x800188fd
core   0: 0x80007c6e (0x00159283) lh      t0, 1(a1)
core   0: 3 0x80007c6e (0x00159283) x5  0xffffffff mem 0x8001890e
core   0: 0x80007c72 (0xff95dd03) lhu     s10, -7(a1)
core   0: 3 0x80007c72 (0xff95dd03) x26 0x00009a0b mem 0x80018906
core   0: 0x80007c76 (0x00e5c783) lbu     a5, 14(a1)
core   0: 3 0x80007c76 (0x00e5c783) x15 0x000000c3 mem 0x8001891b
core   0: 0x80007c7a (0x00017f17) auipc   t5, 0x17
core   0: 3 0x80007c7a (0x00017f17) x30 0x8001ec7a
core   0: 0x80007c7e (0x365f0f13) addi    t5, t5, 869
core   0: 3 0x80007c7e (0x365f0f13) x30 0x8001efdf
core   0: 0x80007c82 (0xf5bf0b23) sb      s11, -170(t5)
core   0: 3 0x80007c82 (0xf5bf0b23) mem 0x8001ef35 0xa8
core   0: 0x80007c86 (0x01af34b3) sltu    s1, t5, s10
core   0: 3 0x80007c86 (0x01af34b3) x9  0x00000000
core   0: 0x80007c8a (0x01009813) slli    a6, ra, 16
core   0: 3 0x80007c8a (0x01009813) x16 0x00fa0000
core   0: 0x80007c8e (0x000081d9) c.srli  a1, 22
core   0: 3 0x80007c8e (0x81d9) x11 0x00000200
core   0: 0x80007c90 (0xfcbf5d03) lhu     s10, -53(t5)
core   0: 3 0x80007c90 (0xfcbf5d03) x26 0x00008a1e mem 0x8001efaa
core   0: 0x80007c94 (0x01de17b3) sll     a5, t3, t4
core   0: 3 0x80007c94 (0x01de17b3) x15 0xff400000
core   0: 0x80007c98 (0x01df5083) lhu     ra, 29(t5)
core   0: 3 0x80007c98 (0x01df5083) x1  0x00003f84 mem 0x8001effc
core   0: 0x80007c9c (0x025922b3) mulhsu  t0, s2, t0
core   0: 3 0x80007c9c (0x025922b3) x5  0x80025e18
core   0: 0x80007ca0 (0xf9bd2193) slti    gp, s10, -101
core   0: 3 0x80007ca0 (0xf9bd2193) x3  0x00000000
core   0: 0x80007ca4 (0x066f0d83) lb      s11, 102(t5)
core   0: 3 0x80007ca4 (0x066f0d83) x27 0xffffff86 mem 0x8001f045
core   0: 0x80007ca8 (0x0000717d) c.addi16sp sp, -16
core   0: 3 0x80007ca8 (0x717d) x2  0xfffffff3
core   0: 0x80007caa (0xf3ef4103) lbu     sp, -194(t5)
core   0: 3 0x80007caa (0xf3ef4103) x2  0x00000076 mem 0x8001ef1d
core   0: 0x80007cae (0x013c2db3) slt     s11, s8, s3
core   0: 3 0x80007cae (0x013c2db3) x27 0x00000001
core   0: 0x80007cb2 (0x022576b3) remu    a3, a0, sp
core   0: 3 0x80007cb2 (0x022576b3) x13 0x0000000e
core   0: 0x80007cb6 (0x01e79433) sll     s0, a5, t5
core   0: 3 0x80007cb6 (0x01e79433) x8  0x00000000
core   0: 0x80007cba (0x14a7b113) sltiu   sp, a5, 330
core   0: 3 0x80007cba (0x14a7b113) x2  0x00000000
core   0: 0x80007cbe (0xfdaf4d83) lbu     s11, -38(t5)
core   0: 3 0x80007cbe (0xfdaf4d83) x27 0x000000f1 mem 0x8001efb9
core   0: 0x80007cc2 (0x00008cfd) c.and   s1, a5
core   0: 3 0x80007cc2 (0x8cfd) x9  0x00000000
core   0: 0x80007cc4 (0x00008c69) c.and   s0, a0
core   0: 3 0x80007cc4 (0x8c69) x8  0x00000000
core   0: 0x80007cc6 (0xc5333893) sltiu   a7, t1, -941
core   0: 3 0x80007cc6 (0xc5333893) x17 0x00000001
core   0: 0x80007cca (0x00000ae2) c.slli  s5, 24
core   0: 3 0x80007cca (0x0ae2) x21 0xa5000000
core   0: 0x80007ccc (0x00905c93) srli    s9, zero, 9
core   0: 3 0x80007ccc (0x00905c93) x25 0x00000000
core   0: 0x80007cd0 (0xfcef28a3) sw      a4, -47(t5)
core   0: 3 0x80007cd0 (0xfcef28a3) mem 0x8001efb0 0x00000000
core   0: 0x80007cd4 (0x32464c93) xori    s9, a2, 804
core   0: 3 0x80007cd4 (0x32464c93) x25 0x00000324
core   0: 0x80007cd8 (0x05ef0a23) sb      t5, 84(t5)
core   0: 3 0x80007cd8 (0x05ef0a23) mem 0x8001f033 0xdf
core   0: 0x80007cdc (0x00000f88) c.addi4spn a0, sp, 976
core   0: 3 0x80007cdc (0x0f88) x10 0x000003d0
core   0: 0x80007cde (0x41750833) sub     a6, a0, s7
core   0: 3 0x80007cde (0x41750833) x16 0x7ffd6718
core   0: 0x80007ce2 (0xf7364713) xori    a4, a2, -141
core   0: 3 0x80007ce2 (0xf7364713) x14 0xffffff73
core   0: 0x80007ce6 (0x025c6333) rem     t1, s8, t0
core   0: 3 0x80007ce6 (0x025c6333) x6  0xffff221a
core   0: 0x80007cea (0x00008d75) c.and   a0, a3
core   0: 3 0x80007cea (0x8d75) x10 0x00000000
core   0: 0x80007cec (0x00698133) add     sp, s3, t1
core   0: 3 0x80007cec (0x00698133) x2  0xffff22d0
core   0: 0x80007cf0 (0x00008f3d) c.xor   a4, a5
core   0: 3 0x80007cf0 (0x8f3d) x14 0x00bfff73
core   0: 0x80007cf2 (0x038aa0b3) mulhsu  ra, s5, s8
core   0: 3 0x80007cf2 (0x038aa0b3) x1  0xd27f776e
core   0: 0x80007cf6 (0x4c9de993) ori     s3, s11, 1225
core   0: 3 0x80007cf6 (0x4c9de993) x19 0x000004f9
core   0: 0x80007cfa (0x09ff0a23) sb      t6, 148(t5)
core   0: 3 0x80007cfa (0x09ff0a23) mem 0x8001f073 0xfa
core   0: 0x80007cfe (0x0f9f5b83) lhu     s7, 249(t5)
core   0: 3 0x80007cfe (0x0f9f5b83) x23 0x000040ad mem 0x8001f0d8
core   0: 0x80007d02 (0x03f79033) mulh    zero, a5, t6
core   0: 3 0x80007d02 (0x03f79033)
core   0: 0x80007d06 (0xf67f1783) lh      a5, -153(t5)
core   0: 3 0x80007d06 (0xf67f1783) x15 0xffffdc2d mem 0x8001ef46
core   0: 0x80007d0a (0x0000cd97) auipc   s11, 0xc
core   0: 3 0x80007d0a (0x0000cd97) x27 0x80013d0a
core   0: 0x80007d0e (0xed1d8d93) addi    s11, s11, -303
core   0: 3 0x80007d0e (0xed1d8d93) x27 0x80013bdb
core   0: 0x80007d12 (0x1448e9b7) lui     s3, 0x1448e
core   0: 3 0x80007d12 (0x1448e9b7) x19 0x1448e000
core   0: 0x80007d16 (0x02d3f6b3) remu    a3, t2, a3
core   0: 3 0x80007d16 (0x02d3f6b3) x13 0x00000007
core   0: 0x80007d1a (0x7f63e013) ori     zero, t2, 2038
core   0: 3 0x80007d1a (0x7f63e013)
core   0: 0x80007d1e (0xfb5daca3) sw      s5, -71(s11)
core   0: 3 0x80007d1e (0xfb5daca3) mem 0x80013b94 0xa5000000
core   0: 0x80007d22 (0x0b3d90a3) sh      s3, 161(s11)
core   0: 3 0x80007d22 (0x0b3d90a3) mem 0x80013c7c 0xe000
core   0: 0x80007d26 (0x40da8ab3) sub     s5, s5, a3
core   0: 3 0x80007d26 (0x40da8ab3) x21 0xa4fffff9
core   0: 0x80007d2a (0x00f7b7b3) sltu    a5, a5, a5
core   0: 3 0x80007d2a (0x00f7b7b3) x15 0x00000000
core   0: 0x80007d2e (0x02d9f6b3) remu    a3, s3, a3
core   0: 3 0x80007d2e (0x02d9f6b3) x13 0x00000003
core   0: 0x80007d32 (0x02069033) mulh    zero, a3, zero
core   0: 3 0x80007d32 (0x02069033)
core   0: 0x80007d36 (0x0079b033) sltu    zero, s3, t2
core   0: 3 0x80007d36 (0x0079b033)
core   0: 0x80007d3a (0x4009d9b3) sra     s3, s3, zero
core   0: 3 0x80007d3a (0x4009d9b3) x19 0x1448e000
core   0: 0x80007d3e (0x00009bfd) c.andi  a5, -1
core   0: 3 0x80007d3e (0x9bfd) x15 0x00000000
core   0: 0x80007d40 (0x0000839e) c.mv    t2, t2
core   0: 3 0x80007d40 (0x839e) x7  0x80013bf3
core   0: 0x80007d42 (0x000007a6) c.slli  a5, 9
core   0: 3 0x80007d42 (0x07a6) x15 0x00000000
core   0: 0x80007d44 (0xf4dd99a3) sh      a3, -173(s11)
core   0: 3 0x80007d44 (0xf4dd99a3) mem 0x80013b2e 0x0003
core   0: 0x80007d48 (0x027ac033) div     zero, s5, t2
core   0: 3 0x80007d48 (0x027ac033)
core   0: 0x80007d4c (0xfcfd8523) sb      a5, -54(s11)
core   0: 3 0x80007d4c (0xfcfd8523) mem 0x80013ba5 0x00
core   0: 0x80007d50 (0x007ab033) sltu    zero, s5, t2
core   0: 3 0x80007d50 (0x007ab033)
core   0: 0x80007d54 (0xfd5d8b23) sb      s5, -42(s11)
core   0: 3 0x80007d54 (0xfd5d8b23) mem 0x80013bb1 0xf9
core   0: 0x80007d58 (0xff3d9da3) sh      s3, -5(s11)
core   0: 3 0x80007d58 (0xff3d9da3) mem 0x80013bd6 0xe000
core   0: 0x80007d5c (0x000083ce) c.mv    t2, s3
core   0: 3 0x80007d5c (0x83ce) x7  0x1448e000
core   0: 0x80007d5e (0xfbbdc783) lbu     a5, -69(s11)
core   0: 3 0x80007d5e (0xfbbdc783) x15 0x00000000 mem 0x80013b96
core   0: 0x80007d62 (0x000089d6) c.mv    s3, s5
core   0: 3 0x80007d62 (0x89d6) x19 0xa4fffff9
core   0: 0x80007d64 (0x00c01013) slli    zero, zero, 12
core   0: 3 0x80007d64 (0x00c01013)
core   0: 0x80007d68 (0xef99b993) sltiu   s3, s3, -263
core   0: 3 0x80007d68 (0xef99b993) x19 0x00000001
core   0: 0x80007d6c (0xf48d8783) lb      a5, -184(s11)
core   0: 3 0x80007d6c (0xf48d8783) x15 0xfffffff9 mem 0x80013b23
core   0: 0x80007d70 (0x43073017) auipc   zero, 0x43073
core   0: 3 0x80007d70 (0x43073017)
core   0: 0x80007d74 (0x4073d9b3) sra     s3, t2, t2
core   0: 3 0x80007d74 (0x4073d9b3) x19 0x1448e000
core   0: 0x80007d78 (0xf63dd003) lhu     zero, -157(s11)
core   0: 3 0x80007d78 (0xf63dd003) mem 0x80013b3e
core   0: 0x80007d7c (0x010d8a83) lb      s5, 16(s11)
core   0: 3 0x80007d7c (0x010d8a83) x21 0x0000005f mem 0x80013beb
core   0: 0x80007d80 (0xf5fdda83) lhu     s5, -161(s11)
core   0: 3 0x80007d80 (0xf5fdda83) x21 0x0000c6d3 mem 0x80013b3a
core   0: 0x80007d84 (0x00c9d793) srli    a5, s3, 12
core   0: 3 0x80007d84 (0x00c9d793) x15 0x0001448e
core   0: 0x80007d88 (0xe5738693) addi    a3, t2, -425
core   0: 3 0x80007d88 (0xe5738693) x13 0x1448de57
core   0: 0x80007d8c (0xfafda0a3) sw      a5, -95(s11)
core   0: 3 0x80007d8c (0xfafda0a3) mem 0x80013b7c 0x0001448e
core   0: 0x80007d90 (0x000ae033) or      zero, s5, zero
core   0: 3 0x80007d90 (0x000ae033)
core   0: 0x80007d94 (0xfecdc783) lbu     a5, -20(s11)
core   0: 3 0x80007d94 (0xfecdc783) x15 0x000000e1 mem 0x80013bc7
core   0: 0x80007d98 (0x44307a93) andi    s5, zero, 1091
core   0: 3 0x80007d98 (0x44307a93) x21 0x00000000
core   0: 0x80007d9c (0x0206b6b3) mulhu   a3, a3, zero
core   0: 3 0x80007d9c (0x0206b6b3) x13 0x00000000
core   0: 0x80007da0 (0x40d68033) sub     zero, a3, a3
core   0: 3 0x80007da0 (0x40d68033)
core   0: 0x80007da4 (0x00008fd5) c.or    a5, a3
core   0: 3 0x80007da4 (0x8fd5) x15 0x000000e1
core   0: 0x80007da6 (0xf5bdd683) lhu     a3, -165(s11)
core   0: 3 0x80007da6 (0xf5bdd683) x13 0x0000c878 mem 0x80013b36
core   0: 0x80007daa (0x035aa7b3) mulhsu  a5, s5, s5
core   0: 3 0x80007daa (0x035aa7b3) x15 0x00000000
core   0: 0x80007dae (0x038d8003) lb      zero, 56(s11)
core   0: 3 0x80007dae (0x038d8003) mem 0x80013c13
core   0: 0x80007db2 (0x0a4dc983) lbu     s3, 164(s11)
core   0: 3 0x80007db2 (0x0a4dc983) x19 0x00000078 mem 0x80013c7f
core   0: 0x80007db6 (0x02d076b3) remu    a3, zero, a3
core   0: 3 0x80007db6 (0x02d076b3) x13 0x00000000
core   0: 0x80007dba (0x0dad8983) lb      s3, 218(s11)
core   0: 3 0x80007dba (0x0dad8983) x19 0xffffff83 mem 0x80013cb5
core   0: 0x80007dbe (0x414a8d33) sub     s10, s5, s4
core   0: 3 0x80007dbe (0x414a8d33) x26 0x7ffd631c
core   0: 0x80007dc2 (0x0000717d) c.addi16sp sp, -16
core   0: 3 0x80007dc2 (0x717d) x2  0xffff22c0
core   0: 0x80007dc4 (0x00001e7d) c.addi  t3, -1
core   0: 3 0x80007dc4 (0x1e7d) x28 0xfffffff9
core   0: 0x80007dc6 (0x00008f29) c.xor   a4, a0
core   0: 3 0x80007dc6 (0x8f29) x14 0x00bfff73
core   0: 0x80007dc8 (0x025f12b3) mulh    t0, t5, t0
core   0: 3 0x80007dc8 (0x025f12b3) x5  0x3ffdd909
core   0: 0x80007dcc (0x0127c0b3) xor     ra, a5, s2
core   0: 3 0x80007dcc (0x0127c0b3) x1  0x80025e18
core   0: 0x80007dd0 (0xac516c13) ori     s8, sp, -1339
core   0: 3 0x80007dd0 (0xac516c13) x24 0xfffffac5
core   0: 0x80007dd4 (0x05587263) bgeu    a6, s5, pc + 68
core   0: 3 0x80007dd4 (0x05587263)
core   0: 0x80007e18 (0x013b9e13) slli    t3, s7, 19
core   0: 3 0x80007e18 (0x013b9e13) x28 0x05680000
core   0: 0x80007e1c (0x031d5d33) divu    s10, s10, a7
core   0: 3 0x80007e1c (0x031d5d33) x26 0x7ffd631c
core   0: 0x80007e20 (0x0139cb33) xor     s6, s3, s3
core   0: 3 0x80007e20 (0x0139cb33) x22 0x00000000
core   0: 0x80007e24 (0x03e56eb3) rem     t4, a0, t5
core   0: 3 0x80007e24 (0x03e56eb3) x29 0x00000000
core   0: 0x80007e28 (0x00001504) c.addi4spn s1, sp, 672
core   0: 3 0x80007e28 (0x1504) x9  0xffff2560
core   0: 0x80007e2a (0x402ddf33) sra     t5, s11, sp
core   0: 3 0x80007e2a (0x402ddf33) x30 0x80013bdb
core   0: 0x80007e2e (0x033daab3) mulhsu  s5, s11, s3
core   0: 3 0x80007e2e (0x033daab3) x21 0x80013c19
core   0: 0x80007e32 (0x01664eb3) xor     t4, a2, s6
core   0: 3 0x80007e32 (0x01664eb3) x29 0x00000000
core   0: 0x80007e36 (0x408fd033) sra     zero, t6, s0
core   0: 3 0x80007e36 (0x408fd033)
core   0: 0x80007e3a (0x00000001) c.nop
core   0: 3 0x80007e3a (0x0001)
core   0: 0x80007e3c (0x681fc893) xori    a7, t6, 1665
core   0: 3 0x80007e3c (0x681fc893) x17 0x0000067b
core   0: 0x80007e40 (0x001f72b3) and     t0, t5, ra
core   0: 3 0x80007e40 (0x001f72b3) x5  0x80001a18
core   0: 0x80007e44 (0x0239e533) rem     a0, s3, gp
core   0: 3 0x80007e44 (0x0239e533) x10 0xffffff83
core   0: 0x80007e48 (0x00006ad5) c.lui   s5, 0x15
core   0: 3 0x80007e48 (0x6ad5) x21 0x00015000
core   0: 0x80007e4a (0x00008da1) c.xor   a1, s0
core   0: 3 0x80007e4a (0x8da1) x11 0x00000200
core   0: 0x80007e4c (0x03c79ab3) mulh    s5, a5, t3
core   0: 3 0x80007e4c (0x03c79ab3) x21 0x00000000
core   0: 0x80007e50 (0x01436463) bltu    t1, s4, pc + 8
core   0: 3 0x80007e50 (0x01436463)
core   0: 0x80007e54 (0x05e77263) bgeu    a4, t5, pc + 68
core   0: 3 0x80007e54 (0x05e77263)
core   0: 0x80007e58 (0x416000b3) sub     ra, zero, s6
core   0: 3 0x80007e58 (0x416000b3) x1  0x00000000
core   0: 0x80007e5c (0x0000cc19) c.beqz  s0, pc + 30
core   0: 3 0x80007e5c (0xcc19)
core   0: 0x80007e7a (0x02f7e133) rem     sp, a5, a5
core   0: 3 0x80007e7a (0x02f7e133) x2  0x00000000
core   0: 0x80007e7e (0x0129f433) and     s0, s3, s2
core   0: 3 0x80007e7e (0x0129f433) x8  0x80025e00
core   0: 0x80007e82 (0x40ecd213) srai    tp, s9, 14
core   0: 3 0x80007e82 (0x40ecd213) x4  0x00000000
core   0: 0x80007e86 (0x00008da6) c.mv    s11, s1
core   0: 3 0x80007e86 (0x8da6) x27 0xffff2560
core   0: 0x80007e88 (0x009ec663) blt     t4, s1, pc + 12
core   0: 3 0x80007e88 (0x009ec663)
core   0: 0x80007e8c (0x95464493) xori    s1, a2, -1708
core   0: 3 0x80007e8c (0x95464493) x9  0xfffff954
core   0: 0x80007e90 (0x009072b3) and     t0, zero, s1
core   0: 3 0x80007e90 (0x009072b3) x5  0x00000000
core   0: 0x80007e94 (0x01a44333) xor     t1, s0, s10
core   0: 3 0x80007e94 (0x01a44333) x6  0xffff3d1c
core   0: 0x80007e98 (0x02416d63) bltu    sp, tp, pc + 58
core   0: 3 0x80007e98 (0x02416d63)
core   0: 0x80007e9c (0x00000001) c.nop
core   0: 3 0x80007e9c (0x0001)
core   0: 0x80007e9e (0x00006159) c.addi16sp sp, 400
core   0: 3 0x80007e9e (0x6159) x2  0x00000190
core   0: 0x80007ea0 (0x0196ac33) slt     s8, a3, s9
core   0: 3 0x80007ea0 (0x0196ac33) x24 0x00000001
core   0: 0x80007ea4 (0x000005da) c.slli  a1, 22
core   0: 3 0x80007ea4 (0x05da) x11 0x80000000
core   0: 0x80007ea6 (0x00008dd1) c.or    a1, a2
core   0: 3 0x80007ea6 (0x8dd1) x11 0x80000000
core   0: 0x80007ea8 (0x9cfce293) ori     t0, s9, -1585
core   0: 3 0x80007ea8 (0x9cfce293) x5  0xfffffbef
core   0: 0x80007eac (0x00c57fb3) and     t6, a0, a2
core   0: 3 0x80007eac (0x00c57fb3) x31 0x00000000
core   0: 0x80007eb0 (0x02338cb3) mul     s9, t2, gp
core   0: 3 0x80007eb0 (0x02338cb3) x25 0x00000000
core   0: 0x80007eb4 (0x02c11533) mulh    a0, sp, a2
core   0: 3 0x80007eb4 (0x02c11533) x10 0x00000000
core   0: 0x80007eb8 (0x00e6d793) srli    a5, a3, 14
core   0: 3 0x80007eb8 (0x00e6d793) x15 0x00000000
core   0: 0x80007ebc (0x01cdd0b3) srl     ra, s11, t3
core   0: 3 0x80007ebc (0x01cdd0b3) x1  0xffff2560
core   0: 0x80007ec0 (0x0000717d) c.addi16sp sp, -16
core   0: 3 0x80007ec0 (0x717d) x2  0x00000180
core   0: 0x80007ec2 (0x9d8f7c97) auipc   s9, 0x9d8f7
core   0: 3 0x80007ec2 (0x9d8f7c97) x25 0x1d8feec2
core   0: 0x80007ec6 (0x0187ea63) bltu    a5, s8, pc + 20
core   0: 3 0x80007ec6 (0x0187ea63)
core   0: 0x80007eda (0x00692ab3) slt     s5, s2, t1
core   0: 3 0x80007eda (0x00692ab3) x21 0x00000001
core   0: 0x80007ede (0x0075dc33) srl     s8, a1, t2
core   0: 3 0x80007ede (0x0075dc33) x24 0x80000000
core   0: 0x80007ee2 (0x03381963) bne     a6, s3, pc + 50
core   0: 3 0x80007ee2 (0x03381963)
core   0: 0x80007f14 (0x77bfff93) andi    t6, t6, 1915
core   0: 3 0x80007f14 (0x77bfff93) x31 0x00000000
core   0: 0x80007f18 (0x01a051b3) srl     gp, zero, s10
core   0: 3 0x80007f18 (0x01a051b3) x3  0x00000000
core   0: 0x80007f1c (0x009c0233) add     tp, s8, s1
core   0: 3 0x80007f1c (0x009c0233) x4  0x7ffff954
core   0: 0x80007f20 (0x01e61b63) bne     a2, t5, pc + 22
core   0: 3 0x80007f20 (0x01e61b63)
core   0: 0x80007f36 (0x01389eb3) sll     t4, a7, s3
core   0: 3 0x80007f36 (0x01389eb3) x29 0x000033d8
core   0: 0x80007f3a (0x005761b3) or      gp, a4, t0
core   0: 3 0x80007f3a (0x005761b3) x3  0xffffffff
core   0: 0x80007f3e (0x00008c19) c.sub   s0, a4
core   0: 3 0x80007f3e (0x8c19) x8  0x7f425e8d
core   0: 0x80007f40 (0x0000cc9d) c.beqz  s1, pc + 62
core   0: 3 0x80007f40 (0xcc9d)
core   0: 0x80007f42 (0x02a1eb33) rem     s6, gp, a0
core   0: 3 0x80007f42 (0x02a1eb33) x22 0xffffffff
core   0: 0x80007f46 (0x01348463) beq     s1, s3, pc + 8
core   0: 3 0x80007f46 (0x01348463)
core   0: 0x80007f4a (0x036c1333) mulh    t1, s8, s6
core   0: 3 0x80007f4a (0x036c1333) x6  0x00000000
core   0: 0x80007f4e (0x00008c09) c.sub   s0, a0
core   0: 3 0x80007f4e (0x8c09) x8  0x7f425e8d
core   0: 0x80007f50 (0x00000001) c.nop
core   0: 3 0x80007f50 (0x0001)
core   0: 0x80007f52 (0x000065d1) c.lui   a1, 0x14
core   0: 3 0x80007f52 (0x65d1) x11 0x00014000
core   0: 0x80007f54 (0x022ecab3) div     s5, t4, sp
core   0: 3 0x80007f54 (0x022ecab3) x21 0x00000022
core   0: 0x80007f58 (0x01d1fab3) and     s5, gp, t4
core   0: 3 0x80007f58 (0x01d1fab3) x21 0x000033d8
core   0: 0x80007f5c (0x03341ab3) mulh    s5, s0, s3
core   0: 3 0x80007f5c (0x03341ab3) x21 0xffffffc1
core   0: 0x80007f60 (0x03580bb3) mul     s7, a6, s5
core   0: 3 0x80007f60 (0x03580bb3) x23 0x80a3a118
core   0: 0x80007f64 (0x416cd713) srai    a4, s9, 22
core   0: 3 0x80007f64 (0x416cd713) x14 0x00000076
core   0: 0x80007f68 (0x003a8263) beq     s5, gp, pc + 4
core   0: 3 0x80007f68 (0x003a8263)
core   0: 0x80007f6c (0x024f4ab3) div     s5, t5, tp
core   0: 3 0x80007f6c (0x024f4ab3) x21 0x00000000
core   0: 0x80007f70 (0x00004b75) c.li    s6, 29
core   0: 3 0x80007f70 (0x4b75) x22 0x0000001d
core   0: 0x80007f72 (0x00f85013) srli    zero, a6, 15
core   0: 3 0x80007f72 (0x00f85013)
core   0: 0x80007f76 (0x019b1863) bne     s6, s9, pc + 16
core   0: 3 0x80007f76 (0x019b1863)
core   0: 0x80007f86 (0x0000c895) c.beqz  s1, pc + 52
core   0: 3 0x80007f86 (0xc895)
core   0: 0x80007f88 (0x00008005) c.srli  s0, 1
core   0: 3 0x80007f88 (0x8005) x8  0x3fa12f46
core   0: 0x80007f8a (0x02dd56b3) divu    a3, s10, a3
core   0: 3 0x80007f8a (0x02dd56b3) x13 0xffffffff
core   0: 0x80007f8e (0x00008f69) c.and   a4, a0
core   0: 3 0x80007f8e (0x8f69) x14 0x00000000
core   0: 0x80007f90 (0x41cd5093) srai    ra, s10, 28
core   0: 3 0x80007f90 (0x41cd5093) x1  0x00000007
core   0: 0x80007f94 (0x03b0d9b3) divu    s3, ra, s11
core   0: 3 0x80007f94 (0x03b0d9b3) x19 0x00000000
core   0: 0x80007f98 (0x41165f13) srai    t5, a2, 17
core   0: 3 0x80007f98 (0x41165f13) x30 0x00000000
core   0: 0x80007f9c (0x0259db33) divu    s6, s3, t0
core   0: 3 0x80007f9c (0x0259db33) x22 0x00000000
core   0: 0x80007fa0 (0x284baf13) slti    t5, s7, 644
core   0: 3 0x80007fa0 (0x284baf13) x30 0x00000001
core   0: 0x80007fa4 (0x0000859e) c.mv    a1, t2
core   0: 3 0x80007fa4 (0x859e) x11 0x1448e000
core   0: 0x80007fa6 (0x00cd7533) and     a0, s10, a2
core   0: 3 0x80007fa6 (0x00cd7533) x10 0x00000000
core   0: 0x80007faa (0xede47813) andi    a6, s0, -290
core   0: 3 0x80007faa (0xede47813) x16 0x3fa12e46
core   0: 0x80007fae (0x00008c9d) c.sub   s1, a5
core   0: 3 0x80007fae (0x8c9d) x9  0xfffff954
core   0: 0x80007fb0 (0x00000001) c.nop
core   0: 3 0x80007fb0 (0x0001)
core   0: 0x80007fb2 (0x02f8ee33) rem     t3, a7, a5
core   0: 3 0x80007fb2 (0x02f8ee33) x28 0x0000067b
core   0: 0x80007fb6 (0x00000001) c.nop
core   0: 3 0x80007fb6 (0x0001)
core   0: 0x80007fb8 (0x00006169) c.addi16sp sp, 208
core   0: 3 0x80007fb8 (0x6169) x2  0x00000250
core   0: 0x80007fba (0x00e39d33) sll     s10, t2, a4
core   0: 3 0x80007fba (0x00e39d33) x26 0x1448e000
core   0: 0x80007fbe (0x03b9e433) rem     s0, s3, s11
core   0: 3 0x80007fbe (0x03b9e433) x8  0x00000000
core   0: 0x80007fc2 (0x3b9d4d13) xori    s10, s10, 953
core   0: 3 0x80007fc2 (0x3b9d4d13) x26 0x1448e3b9
core   0: 0x80007fc6 (0x028eb833) mulhu   a6, t4, s0
core   0: 3 0x80007fc6 (0x028eb833) x16 0x00000000
core   0: 0x80007fca (0x000068f9) c.lui   a7, 0x1e
core   0: 3 0x80007fca (0x68f9) x17 0x0001e000
core   0: 0x80007fcc (0x0223a9b3) mulhsu  s3, t2, sp
core   0: 3 0x80007fcc (0x0223a9b3) x19 0x0000002e
core   0: 0x80007fd0 (0x00000001) c.nop
core   0: 3 0x80007fd0 (0x0001)
core   0: 0x80007fd2 (0x00009afd) c.andi  a3, -1
core   0: 3 0x80007fd2 (0x9afd) x13 0xffffffff
core   0: 0x80007fd4 (0x00008d2e) c.mv    s10, a1
core   0: 3 0x80007fd4 (0x8d2e) x26 0x1448e000
core   0: 0x80007fd6 (0x382e8713) addi    a4, t4, 898
core   0: 3 0x80007fd6 (0x382e8713) x14 0x0000375a
core   0: 0x80007fda (0x03e42433) mulhsu  s0, s0, t5
core   0: 3 0x80007fda (0x03e42433) x8  0x00000000
core   0: 0x80007fde (0x00008c19) c.sub   s0, a4
core   0: 3 0x80007fde (0x8c19) x8  0xffffc8a6
core   0: 0x80007fe0 (0xeeea6813) ori     a6, s4, -274
core   0: 3 0x80007fe0 (0xeeea6813) x16 0xfffffeee
core   0: 0x80007fe4 (0x01f672b3) and     t0, a2, t6
core   0: 3 0x80007fe4 (0x01f672b3) x5  0x00000000
core   0: 0x80007fe8 (0x02437033) remu    zero, t1, tp
core   0: 3 0x80007fe8 (0x02437033)
core   0: 0x80007fec (0x00006255) c.lui   tp, 0x15
core   0: 3 0x80007fec (0x6255) x4  0x00015000
core   0: 0x80007fee (0x0c89cd13) xori    s10, s3, 200
core   0: 3 0x80007fee (0x0c89cd13) x26 0x000000e6
core   0: 0x80007ff2 (0x01aa4d33) xor     s10, s4, s10
core   0: 3 0x80007ff2 (0x01aa4d33) x26 0x80029c02
core   0: 0x80007ff6 (0x40c082b3) sub     t0, ra, a2
core   0: 3 0x80007ff6 (0x40c082b3) x5  0x00000007
core   0: 0x80007ffa (0x9a7c7f13) andi    t5, s8, -1625
core   0: 3 0x80007ffa (0x9a7c7f13) x30 0x80000000
core   0: 0x80007ffe (0x00008c8d) c.sub   s1, a1
core   0: 3 0x80007ffe (0x8c8d) x9  0xebb71954
core   0: 0x80008000 (0x000790b3) sll     ra, a5, zero
core   0: 3 0x80008000 (0x000790b3) x1  0x00000000
core   0: 0x80008004 (0x00f97cb3) and     s9, s2, a5
core   0: 3 0x80008004 (0x00f97cb3) x25 0x00000000
core   0: 0x80008008 (0x00c932b3) sltu    t0, s2, a2
core   0: 3 0x80008008 (0x00c932b3) x5  0x00000000
core   0: 0x8000800c (0x00000001) c.nop
core   0: 3 0x8000800c (0x0001)
core   0: 0x8000800e (0x00eddcb3) srl     s9, s11, a4
core   0: 3 0x8000800e (0x00eddcb3) x25 0x0000003f
core   0: 0x80008012 (0x00008dd1) c.or    a1, a2
core   0: 3 0x80008012 (0x8dd1) x11 0x1448e000
core   0: 0x80008014 (0x0000c299) c.beqz  a3, pc + 6
core   0: 3 0x80008014 (0xc299)
core   0: 0x80008016 (0x000ea7b3) slt     a5, t4, zero
core   0: 3 0x80008016 (0x000ea7b3) x15 0x00000000
core   0: 0x8000801a (0x00008e99) c.sub   a3, a4
core   0: 3 0x8000801a (0x8e99) x13 0xffffc8a5
core   0: 0x8000801c (0x00008419) c.srai  s0, 6
core   0: 3 0x8000801c (0x8419) x8  0xffffff22
core   0: 0x8000801e (0x0374e763) bltu    s1, s7, pc + 46
core   0: 3 0x8000801e (0x0374e763)
core   0: 0x80008022 (0x00008c5a) c.mv    s8, s6
core   0: 3 0x80008022 (0x8c5a) x24 0x00000000
core   0: 0x80008024 (0x40cdd7b3) sra     a5, s11, a2
core   0: 3 0x80008024 (0x40cdd7b3) x15 0xffff2560
core   0: 0x80008028 (0x5f92c113) xori    sp, t0, 1529
core   0: 3 0x80008028 (0x5f92c113) x2  0x000005f9
core   0: 0x8000802c (0x22904893) xori    a7, zero, 553
core   0: 3 0x8000802c (0x22904893) x17 0x00000229
core   0: 0x80008030 (0x83f64013) xori    zero, a2, -1985
core   0: 3 0x80008030 (0x83f64013)
core   0: 0x80008034 (0x01218b33) add     s6, gp, s2
core   0: 3 0x80008034 (0x01218b33) x22 0x80025e17
core   0: 0x80008038 (0x00001a00) c.addi4spn s0, sp, 304
core   0: 3 0x80008038 (0x1a00) x8  0x00000729
core   0: 0x8000803a (0x6e4ded93) ori     s11, s11, 1764
core   0: 3 0x8000803a (0x6e4ded93) x27 0xffff27e4
core   0: 0x8000803e (0x037a6433) rem     s0, s4, s7
core   0: 3 0x8000803e (0x037a6433) x8  0xff5efbcc
core   0: 0x80008042 (0x02d97eb3) remu    t4, s2, a3
core   0: 3 0x80008042 (0x02d97eb3) x29 0x80025e18
core   0: 0x80008046 (0x00000001) c.nop
core   0: 3 0x80008046 (0x0001)
core   0: 0x80008048 (0x00006099) c.lui   ra, 0x6
core   0: 3 0x80008048 (0x6099) x1  0x00006000
core   0: 0x8000804a (0x000099fd) c.andi  a1, -1
core   0: 3 0x8000804a (0x99fd) x11 0x1448e000
core   0: 0x8000804c (0x00000e86) c.slli  t4, 1
core   0: 3 0x8000804c (0x0e86) x29 0x0004bc30
core   0: 0x8000804e (0x1683b1b7) lui     gp, 0x1683b
core   0: 3 0x8000804e (0x1683b1b7) x3  0x1683b000
core   0: 0x80008052 (0x00000001) c.nop
core   0: 3 0x80008052 (0x0001)
core   0: 0x80008054 (0x00008c71) c.and   s0, a2
core   0: 3 0x80008054 (0x8c71) x8  0x00000000
core   0: 0x80008056 (0xf96726b7) lui     a3, 0xf9672
core   0: 3 0x80008056 (0xf96726b7) x13 0xf9672000
core   0: 0x8000805a (0x0202c7b3) div     a5, t0, zero
core   0: 3 0x8000805a (0x0202c7b3) x15 0xffffffff
core   0: 0x8000805e (0x0000717d) c.addi16sp sp, -16
core   0: 3 0x8000805e (0x717d) x2  0x000005e9
core   0: 0x80008060 (0x00009afd) c.andi  a3, -1
core   0: 3 0x80008060 (0x9afd) x13 0xf9672000
core   0: 0x80008062 (0x02d76fb3) rem     t6, a4, a3
core   0: 3 0x80008062 (0x02d76fb3) x31 0x0000375a
core   0: 0x80008066 (0x01419e13) slli    t3, gp, 20
core   0: 3 0x80008066 (0x01419e13) x28 0x00000000
core   0: 0x8000806a (0x00008d5a) c.mv    s10, s6
core   0: 3 0x8000806a (0x8d5a) x26 0x80025e17
core   0: 0x8000806c (0x03386a63) bltu    a6, s3, pc + 52
core   0: 3 0x8000806c (0x03386a63)
core   0: 0x80008070 (0x00008ac5) c.andi  a3, 17
core   0: 3 0x80008070 (0x8ac5) x13 0x00000000
core   0: 0x80008072 (0x02d16d33) rem     s10, sp, a3
core   0: 3 0x80008072 (0x02d16d33) x26 0x000005e9
core   0: 0x80008076 (0x007959b3) srl     s3, s2, t2
core   0: 3 0x80008076 (0x007959b3) x19 0x80025e18
core   0: 0x8000807a (0x02647bb3) remu    s7, s0, t1
core   0: 3 0x8000807a (0x02647bb3) x23 0x00000000
core   0: 0x8000807e (0x010b1b63) bne     s6, a6, pc + 22
core   0: 3 0x8000807e (0x010b1b63)
core   0: 0x80008094 (0x00005e7d) c.li    t3, -1
core   0: 3 0x80008094 (0x5e7d) x28 0xffffffff
core   0: 0x80008096 (0x00000001) c.nop
core   0: 3 0x80008096 (0x0001)
core   0: 0x80008098 (0x000066bd) c.lui   a3, 0xf
core   0: 3 0x80008098 (0x66bd) x13 0x0000f000
core   0: 0x8000809a (0x97684b97) auipc   s7, 0x97684
core   0: 3 0x8000809a (0x97684b97) x23 0x1768c09a
core   0: 0x8000809e (0x0000527d) c.li    tp, -1
core   0: 3 0x8000809e (0x527d) x4  0xffffffff
core   0: 0x800080a0 (0x00cc20b3) slt     ra, s8, a2
core   0: 3 0x800080a0 (0x00cc20b3) x1  0x00000000
core   0: 0x800080a4 (0x00008cd1) c.or    s1, a2
core   0: 3 0x800080a4 (0x8cd1) x9  0xebb71954
core   0: 0x800080a6 (0x00009afd) c.andi  a3, -1
core   0: 3 0x800080a6 (0x9afd) x13 0x0000f000
core   0: 0x800080a8 (0x45cda4b7) lui     s1, 0x45cda
core   0: 3 0x800080a8 (0x45cda4b7) x9  0x45cda000
core   0: 0x800080ac (0x008c8e33) add     t3, s9, s0
core   0: 3 0x800080ac (0x008c8e33) x28 0x0000003f
core   0: 0x800080b0 (0xd7772f93) slti    t6, a4, -649
core   0: 3 0x800080b0 (0xd7772f93) x31 0x00000000
core   0: 0x800080b4 (0x40e60b33) sub     s6, a2, a4
core   0: 3 0x800080b4 (0x40e60b33) x22 0xffffc8a6
core   0: 0x800080b8 (0x003318b3) sll     a7, t1, gp
core   0: 3 0x800080b8 (0x003318b3) x17 0x00000000
core   0: 0x800080bc (0x02ff7e33) remu    t3, t5, a5
core   0: 3 0x800080bc (0x02ff7e33) x28 0x80000000
core   0: 0x800080c0 (0x00009bce) c.add   s7, s3
core   0: 3 0x800080c0 (0x9bce) x23 0x976b1eb2
core   0: 0x800080c2 (0x0f822a93) slti    s5, tp, 248
core   0: 3 0x800080c2 (0x0f822a93) x21 0x00000001
core   0: 0x800080c6 (0x03475c63) bge     a4, s4, pc + 56
core   0: 3 0x800080c6 (0x03475c63)
core   0: 0x800080fe (0x00008eb9) c.xor   a3, a4
core   0: 3 0x800080fe (0x8eb9) x13 0x0000c75a
core   0: 0x80008100 (0x01597d33) and     s10, s2, s5
core   0: 3 0x80008100 (0x01597d33) x26 0x00000000
core   0: 0x80008104 (0x032941b3) div     gp, s2, s2
core   0: 3 0x80008104 (0x032941b3) x3  0x00000001
core   0: 0x80008108 (0xb4d6ba93) sltiu   s5, a3, -1203
core   0: 3 0x80008108 (0xb4d6ba93) x21 0x00000001
core   0: 0x8000810c (0x03a88033) mul     zero, a7, s10
core   0: 3 0x8000810c (0x03a88033)
core   0: 0x80008110 (0x035c3cb3) mulhu   s9, s8, s5
core   0: 3 0x80008110 (0x035c3cb3) x25 0x00000000
core   0: 0x80008114 (0x0009d033) srl     zero, s3, zero
core   0: 3 0x80008114 (0x0009d033)
core   0: 0x80008118 (0xc5f14d37) lui     s10, 0xc5f14
core   0: 3 0x80008118 (0xc5f14d37) x26 0xc5f14000
core   0: 0x8000811c (0x00004111) c.li    sp, 4
core   0: 3 0x8000811c (0x4111) x2  0x00000004
core   0: 0x8000811e (0x01b3bb33) sltu    s6, t2, s11
core   0: 3 0x8000811e (0x01b3bb33) x22 0x00000001
core   0: 0x80008122 (0x00005efd) c.li    t4, -1
core   0: 3 0x80008122 (0x5efd) x29 0xffffffff
core   0: 0x80008124 (0x02dac297) auipc   t0, 0x2dac
core   0: 3 0x80008124 (0x02dac297) x5  0x82db4124
core   0: 0x80008128 (0x0005ed63) bltu    a1, zero, pc + 26
core   0: 3 0x80008128 (0x0005ed63)
core   0: 0x8000812c (0xc70aee13) ori     t3, s5, -912
core   0: 3 0x8000812c (0xc70aee13) x28 0xfffffc71
core   0: 0x80008130 (0x0132cc33) xor     s8, t0, s3
core   0: 3 0x80008130 (0x0132cc33) x24 0x02d91f3c
core   0: 0x80008134 (0x35168c13) addi    s8, a3, 849
core   0: 3 0x80008134 (0x35168c13) x24 0x0000caab
core   0: 0x80008138 (0x88dae813) ori     a6, s5, -1907
core   0: 3 0x80008138 (0x88dae813) x16 0xfffff88d
core   0: 0x8000813c (0x00005c7d) c.li    s8, -1
core   0: 3 0x8000813c (0x5c7d) x24 0xffffffff
core   0: 0x8000813e (0x03bad6b3) divu    a3, s5, s11
core   0: 3 0x8000813e (0x03bad6b3) x13 0x00000000
core   0: 0x80008142 (0x00f80eb3) add     t4, a6, a5
core   0: 3 0x80008142 (0x00f80eb3) x29 0xfffff88c
core   0: 0x80008146 (0x00001e84) c.addi4spn s1, sp, 880
core   0: 3 0x80008146 (0x1e84) x9  0x00000374
core   0: 0x80008148 (0x00008b72) c.mv    s6, t3
core   0: 3 0x80008148 (0x8b72) x22 0xfffffc71
core   0: 0x8000814a (0x03454733) div     a4, a0, s4
core   0: 3 0x8000814a (0x03454733) x14 0x00000000
core   0: 0x8000814e (0x00008cf5) c.and   s1, a3
core   0: 3 0x8000814e (0x8cf5) x9  0x00000000
core   0: 0x80008150 (0xfe9f8813) addi    a6, t6, -23
core   0: 3 0x80008150 (0xfe9f8813) x16 0xffffffe9
core   0: 0x80008154 (0x00000001) c.nop
core   0: 3 0x80008154 (0x0001)
core   0: 0x80008156 (0x005b27b3) slt     a5, s6, t0
core   0: 3 0x80008156 (0x005b27b3) x15 0x00000000
core   0: 0x8000815a (0x209dea97) auipc   s5, 0x209de
core   0: 3 0x8000815a (0x209dea97) x21 0xa09e615a
core   0: 0x8000815e (0x00009dba) c.add   s11, a4
core   0: 3 0x8000815e (0x9dba) x27 0xffff27e4
core   0: 0x80008160 (0x00008c45) c.or    s0, s1
core   0: 3 0x80008160 (0x8c45) x8  0x00000000
core   0: 0x80008162 (0x00008ed1) c.or    a3, a2
core   0: 3 0x80008162 (0x8ed1) x13 0x00000000
core   0: 0x80008164 (0x01fb5363) bge     s6, t6, pc + 6
core   0: 3 0x80008164 (0x01fb5363)
core   0: 0x80008168 (0x00006141) c.addi16sp sp, 16
core   0: 3 0x80008168 (0x6141) x2  0x00000014
core   0: 0x8000816a (0x01a349b3) xor     s3, t1, s10
core   0: 3 0x8000816a (0x01a349b3) x19 0xc5f14000
core   0: 0x8000816e (0x00006265) c.lui   tp, 0x19
core   0: 3 0x8000816e (0x6265) x4  0x00019000
core   0: 0x80008170 (0x03765b33) divu    s6, a2, s7
core   0: 3 0x80008170 (0x03765b33) x22 0x00000000
core   0: 0x80008174 (0x00c3ff33) and     t5, t2, a2
core   0: 3 0x80008174 (0x00c3ff33) x30 0x00000000
core   0: 0x80008178 (0x021516b3) mulh    a3, a0, ra
core   0: 3 0x80008178 (0x021516b3) x13 0x00000000
core   0: 0x8000817c (0x0000e80d) c.bnez  s0, pc + 50
core   0: 3 0x8000817c (0xe80d)
core   0: 0x8000817e (0x00d7c763) blt     a5, a3, pc + 14
core   0: 3 0x8000817e (0x00d7c763)
core   0: 0x80008182 (0x00000236) c.slli  tp, 13
core   0: 3 0x80008182 (0x0236) x4  0x32000000
core   0: 0x80008184 (0x416b8ab3) sub     s5, s7, s6
core   0: 3 0x80008184 (0x416b8ab3) x21 0x976b1eb2
core   0: 0x80008188 (0x000080e9) c.srli  s1, 26
core   0: 3 0x80008188 (0x80e9) x9  0x00000000
core   0: 0x8000818a (0x00000001) c.nop
core   0: 3 0x8000818a (0x0001)
core   0: 0x8000818c (0x025587b3) mul     a5, a1, t0
core   0: 3 0x8000818c (0x025587b3) x15 0xfb1f8000
core   0: 0x80008190 (0x00b0f0b3) and     ra, ra, a1
core   0: 3 0x80008190 (0x00b0f0b3) x1  0x00000000
core   0: 0x80008194 (0x00008876) c.mv    a6, t4
core   0: 3 0x80008194 (0x8876) x16 0xfffff88c
core   0: 0x80008196 (0xde7d8a93) addi    s5, s11, -537
core   0: 3 0x80008196 (0xde7d8a93) x21 0xffff25cb
core   0: 0x8000819a (0x0077cbb3) xor     s7, a5, t2
core   0: 3 0x8000819a (0x0077cbb3) x23 0xef576000
core   0: 0x8000819e (0x0161d233) srl     tp, gp, s6
core   0: 3 0x8000819e (0x0161d233) x4  0x00000001
core   0: 0x800081a2 (0x00b1da63) bge     gp, a1, pc + 20
core   0: 3 0x800081a2 (0x00b1da63)
core   0: 0x800081a6 (0x02c99f63) bne     s3, a2, pc + 62
core   0: 3 0x800081a6 (0x02c99f63)
core   0: 0x800081e4 (0x012a5d63) bge     s4, s2, pc + 26
core   0: 3 0x800081e4 (0x012a5d63)
core   0: 0x800081fe (0x02312cb3) mulhsu  s9, sp, gp
core   0: 3 0x800081fe (0x02312cb3) x25 0x00000000
core   0: 0x80008202 (0x025b9eb3) mulh    t4, s7, t0
core   0: 3 0x80008202 (0x025b9eb3) x29 0x0824ba41
core   0: 0x80008206 (0x0313b6b3) mulhu   a3, t2, a7
core   0: 3 0x80008206 (0x0313b6b3) x13 0x00000000
core   0: 0x8000820a (0x00008f19) c.sub   a4, a4
core   0: 3 0x8000820a (0x8f19) x14 0x00000000
core   0: 0x8000820c (0x41ff8eb3) sub     t4, t6, t6
core   0: 3 0x8000820c (0x41ff8eb3) x29 0x00000000
core   0: 0x80008210 (0x00000e00) c.addi4spn s0, sp, 784
core   0: 3 0x80008210 (0x0e00) x8  0x00000324
core   0: 0x80008212 (0x94f3a513) slti    a0, t2, -1713
core   0: 3 0x80008212 (0x94f3a513) x10 0x00000000
core   0: 0x80008216 (0x00000001) c.nop
core   0: 3 0x80008216 (0x0001)
core   0: 0x80008218 (0x0000ef0d) c.bnez  a4, pc + 58
core   0: 3 0x80008218 (0xef0d)
core   0: 0x8000821a (0x023cfd33) remu    s10, s9, gp
core   0: 3 0x8000821a (0x023cfd33) x26 0x00000000
core   0: 0x8000821e (0x000080b5) c.srli  s1, 13
core   0: 3 0x8000821e (0x80b5) x9  0x00000000
core   0: 0x80008220 (0x02f625b3) mulhsu  a1, a2, a5
core   0: 3 0x80008220 (0x02f625b3) x11 0x00000000
core   0: 0x80008224 (0x009a5793) srli    a5, s4, 9
core   0: 3 0x80008224 (0x009a5793) x15 0x0040014e
core   0: 0x80008228 (0x40a0d233) sra     tp, ra, a0
core   0: 3 0x80008228 (0x40a0d233) x4  0x00000000
core   0: 0x8000822c (0x00cd1463) bne     s10, a2, pc + 8
core   0: 3 0x8000822c (0x00cd1463)
core   0: 0x80008230 (0x02be9db3) mulh    s11, t4, a1
core   0: 3 0x80008230 (0x02be9db3) x27 0x00000000
core   0: 0x80008234 (0x022eda63) bge     t4, sp, pc + 52
core   0: 3 0x80008234 (0x022eda63)
core   0: 0x80008238 (0x00008d0d) c.sub   a0, a1
core   0: 3 0x80008238 (0x8d0d) x10 0x00000000
core   0: 0x8000823a (0x00008c59) c.or    s0, a4
core   0: 3 0x8000823a (0x8c59) x8  0x00000324
core   0: 0x8000823c (0xce018e13) addi    t3, gp, -800
core   0: 3 0x8000823c (0xce018e13) x28 0xfffffce1
core   0: 0x80008240 (0x038e91b3) mulh    gp, t4, s8
core   0: 3 0x80008240 (0x038e91b3) x3  0x00000000
core   0: 0x80008244 (0x01a22b33) slt     s6, tp, s10
core   0: 3 0x80008244 (0x01a22b33) x22 0x00000000
core   0: 0x80008248 (0x0000e59d) c.bnez  a1, pc + 46
core   0: 3 0x80008248 (0xe59d)
core   0: 0x8000824a (0x00a52c33) slt     s8, a0, a0
core   0: 3 0x8000824a (0x00a52c33) x24 0x00000000
core   0: 0x8000824e (0x9470a213) slti    tp, ra, -1721
core   0: 3 0x8000824e (0x9470a213) x4  0x00000000
core   0: 0x80008252 (0xdb8c2593) slti    a1, s8, -584
core   0: 3 0x80008252 (0xdb8c2593) x11 0x00000000
core   0: 0x80008256 (0x0000ec95) c.bnez  s1, pc + 60
core   0: 3 0x80008256 (0xec95)
core   0: 0x80008258 (0x00008d8e) c.mv    s11, gp
core   0: 3 0x80008258 (0x8d8e) x27 0x00000000
core   0: 0x8000825a (0x36e1b393) sltiu   t2, gp, 878
core   0: 3 0x8000825a (0x36e1b393) x7  0x00000001
core   0: 0x8000825e (0x40955ab3) sra     s5, a0, s1
core   0: 3 0x8000825e (0x40955ab3) x21 0x00000000
core   0: 0x80008262 (0x0000837a) c.mv    t1, t5
core   0: 3 0x80008262 (0x837a) x6  0x00000000
core   0: 0x80008264 (0x01537333) and     t1, t1, s5
core   0: 3 0x80008264 (0x01537333) x6  0x00000000
core   0: 0x80008268 (0x00256263) bltu    a0, sp, pc + 4
core   0: 3 0x80008268 (0x00256263)
core   0: 0x8000826c (0x02ca9fb3) mulh    t6, s5, a2
core   0: 3 0x8000826c (0x02ca9fb3) x31 0x00000000
core   0: 0x80008270 (0x0000717d) c.addi16sp sp, -16
core   0: 3 0x80008270 (0x717d) x2  0x00000004
core   0: 0x80008272 (0x9e5e33b7) lui     t2, 0x9e5e3
core   0: 3 0x80008272 (0x9e5e33b7) x7  0x9e5e3000
core   0: 0x80008276 (0x00008f55) c.or    a4, a3
core   0: 3 0x80008276 (0x8f55) x14 0x00000000
core   0: 0x80008278 (0x00008b15) c.andi  a4, 5
core   0: 3 0x80008278 (0x8b15) x14 0x00000000
core   0: 0x8000827a (0x0000127d) c.addi  tp, -1
core   0: 3 0x8000827a (0x127d) x4  0xffffffff
core   0: 0x8000827c (0x00261c93) slli    s9, a2, 2
core   0: 3 0x8000827c (0x00261c93) x25 0x00000000
core   0: 0x80008280 (0x037c4fb3) div     t6, s8, s7
core   0: 3 0x80008280 (0x037c4fb3) x31 0x00000000
core   0: 0x80008284 (0x010f9bb3) sll     s7, t6, a6
core   0: 3 0x80008284 (0x010f9bb3) x23 0x00000000
core   0: 0x80008288 (0x01d1d293) srli    t0, gp, 29
core   0: 3 0x80008288 (0x01d1d293) x5  0x00000000
core   0: 0x8000828c (0x00580863) beq     a6, t0, pc + 16
core   0: 3 0x8000828c (0x00580863)
core   0: 0x80008290 (0x00000001) c.nop
core   0: 3 0x80008290 (0x0001)
core   0: 0x80008292 (0x03536333) rem     t1, t1, s5
core   0: 3 0x80008292 (0x03536333) x6  0x00000000
core   0: 0x80008296 (0x0000950a) c.add   a0, sp
core   0: 3 0x80008296 (0x950a) x10 0x00000004
core   0: 0x80008298 (0x00008c41) c.or    s0, s0
core   0: 3 0x80008298 (0x8c41) x8  0x00000324
core   0: 0x8000829a (0x00008f3d) c.xor   a4, a5
core   0: 3 0x8000829a (0x8f3d) x14 0x0040014e
core   0: 0x8000829c (0x00008de9) c.and   a1, a0
core   0: 3 0x8000829c (0x8de9) x11 0x00000000
core   0: 0x8000829e (0x00005dfd) c.li    s11, -1
core   0: 3 0x8000829e (0x5dfd) x27 0xffffffff
core   0: 0x800082a0 (0xe2fc3217) auipc   tp, 0xe2fc3
core   0: 3 0x800082a0 (0xe2fc3217) x4  0x62fcb2a0
core   0: 0x800082a4 (0x0000c091) c.beqz  s1, pc + 4
core   0: 3 0x800082a4 (0xc091)
core   0: 0x800082a8 (0x81dd7793) andi    a5, s10, -2019
core   0: 3 0x800082a8 (0x81dd7793) x15 0x00000000
core   0: 0x800082ac (0x007da033) slt     zero, s11, t2
core   0: 3 0x800082ac (0x007da033)
core   0: 0x800082b0 (0x00f46bb3) or      s7, s0, a5
core   0: 3 0x800082b0 (0x00f46bb3) x23 0x00000324
core   0: 0x800082b4 (0x00008c75) c.and   s0, a3
core   0: 3 0x800082b4 (0x8c75) x8  0x00000000
core   0: 0x800082b6 (0x035f5b33) divu    s6, t5, s5
core   0: 3 0x800082b6 (0x035f5b33) x22 0xffffffff
core   0: 0x800082ba (0x40f05d13) srai    s10, zero, 15
core   0: 3 0x800082ba (0x40f05d13) x26 0x00000000
core   0: 0x800082be (0x00d2d463) bge     t0, a3, pc + 8
core   0: 3 0x800082be (0x00d2d463)
core   0: 0x800082c6 (0x4061d233) sra     tp, gp, t1
core   0: 3 0x800082c6 (0x4061d233) x4  0x00000000
core   0: 0x800082ca (0x0236abb3) mulhsu  s7, a3, gp
core   0: 3 0x800082ca (0x0236abb3) x23 0x00000000
core   0: 0x800082ce (0x0335ce33) div     t3, a1, s3
core   0: 3 0x800082ce (0x0335ce33) x28 0x00000000
core   0: 0x800082d2 (0x00008bed) c.andi  a5, 27
core   0: 3 0x800082d2 (0x8bed) x15 0x00000000
core   0: 0x800082d4 (0x02bef4b3) remu    s1, t4, a1
core   0: 3 0x800082d4 (0x02bef4b3) x9  0x00000000
core   0: 0x800082d8 (0x00000001) c.nop
core   0: 3 0x800082d8 (0x0001)
core   0: 0x800082da (0x4140dc13) srai    s8, ra, 20
core   0: 3 0x800082da (0x4140dc13) x24 0x00000000
core   0: 0x800082de (0x0078c233) xor     tp, a7, t2
core   0: 3 0x800082de (0x0078c233) x4  0x9e5e3000
core   0: 0x800082e2 (0x00008f01) c.sub   a4, s0
core   0: 3 0x800082e2 (0x8f01) x14 0x0040014e
core   0: 0x800082e4 (0x02452833) mulhsu  a6, a0, tp
core   0: 3 0x800082e4 (0x02452833) x16 0x00000002
core   0: 0x800082e8 (0x0000c805) c.beqz  s0, pc + 48
core   0: 3 0x800082e8 (0xc805)
core   0: 0x80008318 (0x00008d3d) c.xor   a0, a5
core   0: 3 0x80008318 (0x8d3d) x10 0x00000004
core   0: 0x8000831a (0x024b6b63) bltu    s6, tp, pc + 54
core   0: 3 0x8000831a (0x024b6b63)
core   0: 0x8000831e (0x185cc013) xori    zero, s9, 389
core   0: 3 0x8000831e (0x185cc013)
core   0: 0x80008322 (0x814b3513) sltiu   a0, s6, -2028
core   0: 3 0x80008322 (0x814b3513) x10 0x00000000
core   0: 0x80008326 (0x00008389) c.srli  a5, 2
core   0: 3 0x80008326 (0x8389) x15 0x00000000
core   0: 0x80008328 (0x02e5fe33) remu    t3, a1, a4
core   0: 3 0x80008328 (0x02e5fe33) x28 0x00000000
core   0: 0x8000832c (0x29b62413) slti    s0, a2, 667
core   0: 3 0x8000832c (0x29b62413) x8  0x00000001
core   0: 0x80008330 (0x00000001) c.nop
core   0: 3 0x80008330 (0x0001)
core   0: 0x80008332 (0x00005dfd) c.li    s11, -1
core   0: 3 0x80008332 (0x5dfd) x27 0xffffffff
core   0: 0x80008334 (0x0168de13) srli    t3, a7, 22
core   0: 3 0x80008334 (0x0168de13) x28 0x00000000
core   0: 0x80008338 (0xc0737213) andi    tp, t1, -1017
core   0: 3 0x80008338 (0xc0737213) x4  0x00000000
core   0: 0x8000833c (0x00d0bab3) sltu    s5, ra, a3
core   0: 3 0x8000833c (0x00d0bab3) x21 0x00000000
core   0: 0x80008340 (0x024e76b3) remu    a3, t3, tp
core   0: 3 0x80008340 (0x024e76b3) x13 0x00000000
core   0: 0x80008344 (0x00008cad) c.xor   s1, a1
core   0: 3 0x80008344 (0x8cad) x9  0x00000000
core   0: 0x80008346 (0x0000c811) c.beqz  s0, pc + 20
core   0: 3 0x80008346 (0xc811)
core   0: 0x80008348 (0x17665317) auipc   t1, 0x17665
core   0: 3 0x80008348 (0x17665317) x6  0x9766d348
core   0: 0x8000834c (0x047ce363) bltu    s9, t2, pc + 70
core   0: 3 0x8000834c (0x047ce363)
core   0: 0x80008392 (0x028bf833) remu    a6, s7, s0
core   0: 3 0x80008392 (0x028bf833) x16 0x00000000
core   0: 0x80008396 (0x3a672113) slti    sp, a4, 934
core   0: 3 0x80008396 (0x3a672113) x2  0x00000000
core   0: 0x8000839a (0x00009252) c.add   tp, s4
core   0: 3 0x8000839a (0x9252) x4  0x80029ce4
core   0: 0x8000839c (0x03d5b5b3) mulhu   a1, a1, t4
core   0: 3 0x8000839c (0x03d5b5b3) x11 0x00000000
core   0: 0x800083a0 (0x026ece63) blt     t4, t1, pc + 60
core   0: 3 0x800083a0 (0x026ece63)
core   0: 0x800083a4 (0x0354c263) blt     s1, s5, pc + 36
core   0: 3 0x800083a4 (0x0354c263)
core   0: 0x800083a8 (0x00cb5193) srli    gp, s6, 12
core   0: 3 0x800083a8 (0x00cb5193) x3  0x000fffff
core   0: 0x800083ac (0x0000828d) c.srli  a3, 3
core   0: 3 0x800083ac (0x828d) x13 0x00000000
core   0: 0x800083ae (0x40e3d113) srai    sp, t2, 14
core   0: 3 0x800083ae (0x40e3d113) x2  0xfffe7978
core   0: 0x800083b2 (0x2941b713) sltiu   a4, gp, 660
core   0: 3 0x800083b2 (0x2941b713) x14 0x00000000
core   0: 0x800083b6 (0x02dfa133) mulhsu  sp, t6, a3
core   0: 3 0x800083b6 (0x02dfa133) x2  0x00000000
core   0: 0x800083ba (0x000098fd) c.andi  s1, -1
core   0: 3 0x800083ba (0x98fd) x9  0x00000000
core   0: 0x800083bc (0x00000001) c.nop
core   0: 3 0x800083bc (0x0001)
core   0: 0x800083be (0x03bd7733) remu    a4, s10, s11
core   0: 3 0x800083be (0x03bd7733) x14 0x00000000
core   0: 0x800083c2 (0x41dc8f33) sub     t5, s9, t4
core   0: 3 0x800083c2 (0x41dc8f33) x30 0x00000000
core   0: 0x800083c6 (0x00008fbd) c.xor   a5, a5
core   0: 3 0x800083c6 (0x8fbd) x15 0x00000000
core   0: 0x800083c8 (0xaa0ca593) slti    a1, s9, -1376
core   0: 3 0x800083c8 (0xaa0ca593) x11 0x00000000
core   0: 0x800083cc (0x1a4cac93) slti    s9, s9, 420
core   0: 3 0x800083cc (0x1a4cac93) x25 0x00000001
core   0: 0x800083d0 (0x0374e163) bltu    s1, s7, pc + 34
core   0: 3 0x800083d0 (0x0374e163)
core   0: 0x800083d4 (0x00008d6d) c.and   a0, a1
core   0: 3 0x800083d4 (0x8d6d) x10 0x00000000
core   0: 0x800083d6 (0x154d3113) sltiu   sp, s10, 340
core   0: 3 0x800083d6 (0x154d3113) x2  0x00000001
core   0: 0x800083da (0x00000001) c.nop
core   0: 3 0x800083da (0x0001)
core   0: 0x800083dc (0xaf2f8993) addi    s3, t6, -1294
core   0: 3 0x800083dc (0xaf2f8993) x19 0xfffffaf2
core   0: 0x800083e0 (0x00008d61) c.and   a0, s0
core   0: 3 0x800083e0 (0x8d61) x10 0x00000000
core   0: 0x800083e2 (0xe8e65b37) lui     s6, 0xe8e65
core   0: 3 0x800083e2 (0xe8e65b37) x22 0xe8e65000
core   0: 0x800083e6 (0x00bdf663) bgeu    s11, a1, pc + 12
core   0: 3 0x800083e6 (0x00bdf663)
core   0: 0x800083f2 (0x4193d213) srai    tp, t2, 25
core   0: 3 0x800083f2 (0x4193d213) x4  0xffffffcf
core   0: 0x800083f6 (0x77464593) xori    a1, a2, 1908
core   0: 3 0x800083f6 (0x77464593) x11 0x00000774
core   0: 0x800083fa (0x02b55963) bge     a0, a1, pc + 50
core   0: 3 0x800083fa (0x02b55963)
core   0: 0x800083fe (0x403b8033) sub     zero, s7, gp
core   0: 3 0x800083fe (0x403b8033)
core   0: 0x80008402 (0x00000001) c.nop
core   0: 3 0x80008402 (0x0001)
core   0: 0x80008404 (0x03f86033) rem     zero, a6, t6
core   0: 3 0x80008404 (0x03f86033)
core   0: 0x80008408 (0x02841eb3) mulh    t4, s0, s0
core   0: 3 0x80008408 (0x02841eb3) x29 0x00000000
core   0: 0x8000840c (0x030f0163) beq     t5, a6, pc + 34
core   0: 3 0x8000840c (0x030f0163)
core   0: 0x8000842e (0x00f2fdb3) and     s11, t0, a5
core   0: 3 0x8000842e (0x00f2fdb3) x27 0x00000000
core   0: 0x80008432 (0x00000001) c.nop
core   0: 3 0x80008432 (0x0001)
core   0: 0x80008434 (0x01f55663) bge     a0, t6, pc + 12
core   0: 3 0x80008434 (0x01f55663)
core   0: 0x80008440 (0x027ba9b3) mulhsu  s3, s7, t2
core   0: 3 0x80008440 (0x027ba9b3) x19 0x00000000
core   0: 0x80008444 (0x0037a533) slt     a0, a5, gp
core   0: 3 0x80008444 (0x0037a533) x10 0x00000001
core   0: 0x80008448 (0x00788733) add     a4, a7, t2
core   0: 3 0x80008448 (0x00788733) x14 0x9e5e3000
core   0: 0x8000844c (0x270f6093) ori     ra, t5, 624
core   0: 3 0x8000844c (0x270f6093) x1  0x00000270
core   0: 0x80008450 (0x022afa63) bgeu    s5, sp, pc + 52
core   0: 3 0x80008450 (0x022afa63)
core   0: 0x80008454 (0x34677f13) andi    t5, a4, 838
core   0: 3 0x80008454 (0x34677f13) x30 0x00000000
core   0: 0x80008458 (0x00009b36) c.add   s6, a3
core   0: 3 0x80008458 (0x9b36) x22 0xe8e65000
core   0: 0x8000845a (0x00001318) c.addi4spn a4, sp, 416
core   0: 3 0x8000845a (0x1318) x14 0x000001a1
core   0: 0x8000845c (0x56ee2837) lui     a6, 0x56ee2
core   0: 3 0x8000845c (0x56ee2837) x16 0x56ee2000
core   0: 0x80008460 (0x00005b7d) c.li    s6, -1
core   0: 3 0x80008460 (0x5b7d) x22 0xffffffff
core   0: 0x80008462 (0x03e27b63) bgeu    tp, t5, pc + 54
core   0: 3 0x80008462 (0x03e27b63)
core   0: 0x80008498 (0x4f4ca113) slti    sp, s9, 1268
core   0: 3 0x80008498 (0x4f4ca113) x2  0x00000001
core   0: 0x8000849c (0x00000001) c.nop
core   0: 3 0x8000849c (0x0001)
core   0: 0x8000849e (0xa3ade093) ori     ra, s11, -1478
core   0: 3 0x8000849e (0xa3ade093) x1  0xfffffa3a
core   0: 0x800084a2 (0x03190133) mul     sp, s2, a7
core   0: 3 0x800084a2 (0x03190133) x2  0x00000000
core   0: 0x800084a6 (0x0187a3b3) slt     t2, a5, s8
core   0: 3 0x800084a6 (0x0187a3b3) x7  0x00000000
core   0: 0x800084aa (0x00a90f33) add     t5, s2, a0
core   0: 3 0x800084aa (0x00a90f33) x30 0x80025e19
core   0: 0x800084ae (0x0a1b7263) bgeu    s6, ra, pc + 164
core   0: 3 0x800084ae (0x0a1b7263)
core   0: 0x80008552 (0x96ab0b93) addi    s7, s6, -1686
core   0: 3 0x80008552 (0x96ab0b93) x23 0xfffff969
core   0: 0x80008556 (0x00008db6) c.mv    s11, a3
core   0: 3 0x80008556 (0x8db6) x27 0x00000000
core   0: 0x80008558 (0x020ea1b3) mulhsu  gp, t4, zero
core   0: 3 0x80008558 (0x020ea1b3) x3  0x00000000
core   0: 0x8000855c (0x00009886) c.add   a7, ra
core   0: 3 0x8000855c (0x9886) x17 0xfffffa3a
core   0: 0x8000855e (0x7f1f8113) addi    sp, t6, 2033
core   0: 3 0x8000855e (0x7f1f8113) x2  0x000007f1
core   0: 0x80008562 (0xbe284f93) xori    t6, a6, -1054
core   0: 3 0x80008562 (0xbe284f93) x31 0xa911dbe2
core   0: 0x80008566 (0x157eae37) lui     t3, 0x157ea
core   0: 3 0x80008566 (0x157eae37) x28 0x157ea000
core   0: 0x8000856a (0xa9a00b93) li      s7, -1382
core   0: 3 0x8000856a (0xa9a00b93) x23 0xfffffa9a
core   0: 0x8000856e (0x0256deb3) divu    t4, a3, t0
core   0: 3 0x8000856e (0x0256deb3) x29 0xffffffff
core   0: 0x80008572 (0x00008599) c.srai  a1, 6
core   0: 3 0x80008572 (0x8599) x11 0x0000001d
core   0: 0x80008574 (0x0000cf01) c.beqz  a4, pc + 24
core   0: 3 0x80008574 (0xcf01)
core   0: 0x80008576 (0x00e12033) slt     zero, sp, a4
core   0: 3 0x80008576 (0x00e12033)
core   0: 0x8000857a (0xca92cc93) xori    s9, t0, -855
core   0: 3 0x8000857a (0xca92cc93) x25 0xfffffca9
core   0: 0x8000857e (0x00008ecd) c.or    a3, a1
core   0: 3 0x8000857e (0x8ecd) x13 0x0000001d
core   0: 0x80008580 (0x63286d93) ori     s11, a6, 1586
core   0: 3 0x80008580 (0x63286d93) x27 0x56ee2632
core   0: 0x80008584 (0x64ffed93) ori     s11, t6, 1615
core   0: 3 0x80008584 (0x64ffed93) x27 0xa911dfef
core   0: 0x80008588 (0x5e30c013) xori    zero, ra, 1507
core   0: 3 0x80008588 (0x5e30c013)
core   0: 0x8000858c (0x000087fd) c.srai  a5, 31
core   0: 3 0x8000858c (0x87fd) x15 0x00000000
core   0: 0x8000858e (0x00004241) c.li    tp, 16
core   0: 3 0x8000858e (0x4241) x4  0x00000010
core   0: 0x80008590 (0x413cd013) srai    zero, s9, 19
core   0: 3 0x80008590 (0x413cd013)
core   0: 0x80008594 (0x00008d19) c.sub   a0, a4
core   0: 3 0x80008594 (0x8d19) x10 0xfffffe60
core   0: 0x80008596 (0x03725bb3) divu    s7, tp, s7
core   0: 3 0x80008596 (0x03725bb3) x23 0x00000000
core   0: 0x8000859a (0x00000001) c.nop
core   0: 3 0x8000859a (0x0001)
core   0: 0x8000859c (0x0000623d) c.lui   tp, 0xf
core   0: 3 0x8000859c (0x623d) x4  0x0000f000
core   0: 0x8000859e (0x00325893) srli    a7, tp, 3
core   0: 3 0x8000859e (0x00325893) x17 0x00001e00
core   0: 0x800085a2 (0x028f3db3) mulhu   s11, t5, s0
core   0: 3 0x800085a2 (0x028f3db3) x27 0x00000000
core   0: 0x800085a6 (0x1e37c413) xori    s0, a5, 483
core   0: 3 0x800085a6 (0x1e37c413) x8  0x000001e3
core   0: 0x800085aa (0x000048c9) c.li    a7, 18
core   0: 3 0x800085aa (0x48c9) x17 0x00000012
core   0: 0x800085ac (0x00005dfd) c.li    s11, -1
core   0: 3 0x800085ac (0x5dfd) x27 0xffffffff
core   0: 0x800085ae (0x00008fa9) c.xor   a5, a0
core   0: 3 0x800085ae (0x8fa9) x15 0xfffffe60
core   0: 0x800085b0 (0x017e2ab3) slt     s5, t3, s7
core   0: 3 0x800085b0 (0x017e2ab3) x21 0x00000000
core   0: 0x800085b4 (0x093de693) ori     a3, s11, 147
core   0: 3 0x800085b4 (0x093de693) x13 0xffffffff
core   0: 0x800085b8 (0x02542e33) mulhsu  t3, s0, t0
core   0: 3 0x800085b8 (0x02542e33) x28 0x00000000
core   0: 0x800085bc (0x00004f79) c.li    t5, 30
core   0: 3 0x800085bc (0x4f79) x30 0x0000001e
core   0: 0x800085be (0x00000001) c.nop
core   0: 3 0x800085be (0x0001)
core   0: 0x800085c0 (0x03fd57b3) divu    a5, s10, t6
core   0: 3 0x800085c0 (0x03fd57b3) x15 0x00000000
core   0: 0x800085c4 (0x011b70b3) and     ra, s6, a7
core   0: 3 0x800085c4 (0x011b70b3) x1  0x00000012
core   0: 0x800085c8 (0x0000011c) c.addi4spn a5, sp, 128
core   0: 3 0x800085c8 (0x011c) x15 0x00000871
core   0: 0x800085ca (0x00006161) c.addi16sp sp, 80
core   0: 3 0x800085ca (0x6161) x2  0x00000841
core   0: 0x800085cc (0x010fc263) blt     t6, a6, pc + 4
core   0: 3 0x800085cc (0x010fc263)
core   0: 0x800085d0 (0x035045b3) div     a1, zero, s5
core   0: 3 0x800085d0 (0x035045b3) x11 0xffffffff
core   0: 0x800085d4 (0x01277733) and     a4, a4, s2
core   0: 3 0x800085d4 (0x01277733) x14 0x00000000
core   0: 0x800085d8 (0x019dc463) blt     s11, s9, pc + 8
core   0: 3 0x800085d8 (0x019dc463)
core   0: 0x800085dc (0xe9e90593) addi    a1, s2, -354
core   0: 3 0x800085dc (0xe9e90593) x11 0x80025cb6
core   0: 0x800085e0 (0x028f4133) div     sp, t5, s0
core   0: 3 0x800085e0 (0x028f4133) x2  0x00000000
core   0: 0x800085e4 (0x00e17833) and     a6, sp, a4
core   0: 3 0x800085e4 (0x00e17833) x16 0x00000000
core   0: 0x800085e8 (0x02a2dcb3) divu    s9, t0, a0
core   0: 3 0x800085e8 (0x02a2dcb3) x25 0x00000000
core   0: 0x800085ec (0x030acb33) div     s6, s5, a6
core   0: 3 0x800085ec (0x030acb33) x22 0xffffffff
core   0: 0x800085f0 (0x0321d4b3) divu    s1, gp, s2
core   0: 3 0x800085f0 (0x0321d4b3) x9  0x00000000
core   0: 0x800085f4 (0x0000e339) c.bnez  a4, pc + 70
core   0: 3 0x800085f4 (0xe339)
core   0: 0x800085f6 (0x030f7e63) bgeu    t5, a6, pc + 60
core   0: 3 0x800085f6 (0x030f7e63)
core   0: 0x80008632 (0x00641463) bne     s0, t1, pc + 8
core   0: 3 0x80008632 (0x00641463)
core   0: 0x8000863a (0x022134b3) mulhu   s1, sp, sp
core   0: 3 0x8000863a (0x022134b3) x9  0x00000000
core   0: 0x8000863e (0x001c1313) slli    t1, s8, 1
core   0: 3 0x8000863e (0x001c1313) x6  0x00000000
core   0: 0x80008642 (0x023f6133) rem     sp, t5, gp
core   0: 3 0x80008642 (0x023f6133) x2  0x0000001e
core   0: 0x80008646 (0x0000c285) c.beqz  a3, pc + 32
core   0: 3 0x80008646 (0xc285)
core   0: 0x80008648 (0x00000001) c.nop
core   0: 3 0x80008648 (0x0001)
core   0: 0x8000864a (0x00008f3e) c.mv    t5, a5
core   0: 3 0x8000864a (0x8f3e) x30 0x00000871
core   0: 0x8000864c (0x0000cf0d) c.beqz  a4, pc + 58
core   0: 3 0x8000864c (0xcf0d)
core   0: 0x80008686 (0x000000c9) c.addi  ra, 18
core   0: 3 0x80008686 (0x00c9) x1  0x00000024
core   0: 0x80008688 (0x00008b5d) c.andi  a4, 23
core   0: 3 0x80008688 (0x8b5d) x14 0x00000000
core   0: 0x8000868a (0x0000819d) c.srli  a1, 7
core   0: 3 0x8000868a (0x819d) x11 0x010004b9
core   0: 0x8000868c (0x01da5b93) srli    s7, s4, 29
core   0: 3 0x8000868c (0x01da5b93) x23 0x00000004
core   0: 0x80008690 (0x00008292) c.mv    t0, tp
core   0: 3 0x80008690 (0x8292) x5  0x0000f000
core   0: 0x80008692 (0x00008dd9) c.or    a1, a4
core   0: 3 0x80008692 (0x8dd9) x11 0x010004b9
core   0: 0x80008694 (0x0396d863) bge     a3, s9, pc + 48
core   0: 3 0x80008694 (0x0396d863)
core   0: 0x80008698 (0x01bcc563) blt     s9, s11, pc + 10
core   0: 3 0x80008698 (0x01bcc563)
core   0: 0x8000869c (0x0000611d) c.addi16sp sp, 416
core   0: 3 0x8000869c (0x611d) x2  0x000001be
core   0: 0x8000869e (0x11786f93) ori     t6, a6, 279
core   0: 3 0x8000869e (0x11786f93) x31 0x00000117
core   0: 0x800086a2 (0x00008c31) c.xor   s0, a2
core   0: 3 0x800086a2 (0x8c31) x8  0x000001e3
core   0: 0x800086a4 (0x00008005) c.srli  s0, 1
core   0: 3 0x800086a4 (0x8005) x8  0x000000f1
core   0: 0x800086a6 (0x00008c29) c.xor   s0, a0
core   0: 3 0x800086a6 (0x8c29) x8  0xfffffe91
core   0: 0x800086a8 (0x2203be93) sltiu   t4, t2, 544
core   0: 3 0x800086a8 (0x2203be93) x29 0x00000001
core   0: 0x800086ac (0x00000f16) c.slli  t5, 5
core   0: 3 0x800086ac (0x0f16) x30 0x00010e20
core   0: 0x800086ae (0x6a108813) addi    a6, ra, 1697
core   0: 3 0x800086ae (0x6a108813) x16 0x000006c5
core   0: 0x800086b2 (0x00000001) c.nop
core   0: 3 0x800086b2 (0x0001)
core   0: 0x800086b4 (0x0227e133) rem     sp, a5, sp
core   0: 3 0x800086b4 (0x0227e133) x2  0x00000179
core   0: 0x800086b8 (0x00b41893) slli    a7, s0, 11
core   0: 3 0x800086b8 (0x00b41893) x17 0xfff48800
core   0: 0x800086bc (0x4010d1b3) sra     gp, ra, ra
core   0: 3 0x800086bc (0x4010d1b3) x3  0x00000002
core   0: 0x800086c0 (0x035276b3) remu    a3, tp, s5
core   0: 3 0x800086c0 (0x035276b3) x13 0x0000f000
core   0: 0x800086c4 (0x0000c905) c.beqz  a0, pc + 48
core   0: 3 0x800086c4 (0xc905)
core   0: 0x800086c6 (0x011a9463) bne     s5, a7, pc + 8
core   0: 3 0x800086c6 (0x011a9463)
core   0: 0x800086ce (0x00008422) c.mv    s0, s0
core   0: 3 0x800086ce (0x8422) x8  0xfffffe91
core   0: 0x800086d0 (0x00008ec5) c.or    a3, s1
core   0: 3 0x800086d0 (0x8ec5) x13 0x0000f000
core   0: 0x800086d2 (0x006135b3) sltu    a1, sp, t1
core   0: 3 0x800086d2 (0x006135b3) x11 0x00000000
core   0: 0x800086d6 (0x00008ee5) c.and   a3, s1
core   0: 3 0x800086d6 (0x8ee5) x13 0x00000000
core   0: 0x800086d8 (0x0137e033) or      zero, a5, s3
core   0: 3 0x800086d8 (0x0137e033)
core   0: 0x800086dc (0x00001e04) c.addi4spn s1, sp, 816
core   0: 3 0x800086dc (0x1e04) x9  0x000004a9
core   0: 0x800086de (0x005eb233) sltu    tp, t4, t0
core   0: 3 0x800086de (0x005eb233) x4  0x00000001
core   0: 0x800086e2 (0x00ec2333) slt     t1, s8, a4
core   0: 3 0x800086e2 (0x00ec2333) x6  0x00000000
core   0: 0x800086e6 (0x00009d62) c.add   s10, s8
core   0: 3 0x800086e6 (0x9d62) x26 0x00000000
core   0: 0x800086e8 (0x010bbab3) sltu    s5, s7, a6
core   0: 3 0x800086e8 (0x010bbab3) x21 0x00000001
core   0: 0x800086ec (0x006ffb63) bgeu    t6, t1, pc + 22
core   0: 3 0x800086ec (0x006ffb63)
core   0: 0x80008702 (0x41da01b3) sub     gp, s4, t4
core   0: 3 0x80008702 (0x41da01b3) x3  0x80029ce3
core   0: 0x80008706 (0x41dbd8b3) sra     a7, s7, t4
core   0: 3 0x80008706 (0x41dbd8b3) x17 0x00000002
core   0: 0x8000870a (0x03afbcb3) mulhu   s9, t6, s10
core   0: 3 0x8000870a (0x03afbcb3) x25 0x00000000
core   0: 0x8000870e (0x5c25e437) lui     s0, 0x5c25e
core   0: 3 0x8000870e (0x5c25e437) x8  0x5c25e000
core   0: 0x80008712 (0x40ce80b3) sub     ra, t4, a2
core   0: 3 0x80008712 (0x40ce80b3) x1  0x00000001
core   0: 0x80008716 (0x00009e8a) c.add   t4, sp
core   0: 3 0x80008716 (0x9e8a) x29 0x0000017a
core   0: 0x80008718 (0x000082f1) c.srli  a3, 28
core   0: 3 0x80008718 (0x82f1) x13 0x00000000
core   0: 0x8000871a (0x00008fd1) c.or    a5, a2
core   0: 3 0x8000871a (0x8fd1) x15 0x00000871
core   0: 0x8000871c (0x00000f9d) c.addi  t6, 7
core   0: 3 0x8000871c (0x0f9d) x31 0x0000011e
core   0: 0x8000871e (0x32eb6193) ori     gp, s6, 814
core   0: 3 0x8000871e (0x32eb6193) x3  0xffffffff
core   0: 0x80008722 (0x0210afb3) mulhsu  t6, ra, ra
core   0: 3 0x80008722 (0x0210afb3) x31 0x00000000
core   0: 0x80008726 (0x037ec763) blt     t4, s7, pc + 46
core   0: 3 0x80008726 (0x037ec763)
core   0: 0x8000872a (0x1cb6e813) ori     a6, a3, 459
core   0: 3 0x8000872a (0x1cb6e813) x16 0x000001cb
core   0: 0x8000872e (0x00513d33) sltu    s10, sp, t0
core   0: 3 0x8000872e (0x00513d33) x26 0x00000001
core   0: 0x80008732 (0x00000001) c.nop
core   0: 3 0x80008732 (0x0001)
core   0: 0x80008734 (0x0000477d) c.li    a4, 31
core   0: 3 0x80008734 (0x477d) x14 0x0000001f
core   0: 0x80008736 (0x01c5ebb3) or      s7, a1, t3
core   0: 3 0x80008736 (0x01c5ebb3) x23 0x00000000
core   0: 0x8000873a (0x01251c13) slli    s8, a0, 18
core   0: 3 0x8000873a (0x01251c13) x24 0xf9800000
core   0: 0x8000873e (0x409c82b3) sub     t0, s9, s1
core   0: 3 0x8000873e (0x409c82b3) x5  0xfffffb57
core   0: 0x80008742 (0x00f70b63) beq     a4, a5, pc + 22
core   0: 3 0x80008742 (0x00f70b63)
core   0: 0x80008746 (0x00008f09) c.sub   a4, a0
core   0: 3 0x80008746 (0x8f09) x14 0x000001bf
core   0: 0x80008748 (0x000080c1) c.srli  s1, 16
core   0: 3 0x80008748 (0x80c1) x9  0x00000000
core   0: 0x8000874a (0x000082a5) c.srli  a3, 9
core   0: 3 0x8000874a (0x82a5) x13 0x00000000
core   0: 0x8000874c (0x030213b3) mulh    t2, tp, a6
core   0: 3 0x8000874c (0x030213b3) x7  0x00000000
core   0: 0x80008750 (0xf7548ab7) lui     s5, 0xf7548
core   0: 3 0x80008750 (0xf7548ab7) x21 0xf7548000
core   0: 0x80008754 (0xb7b5f993) andi    s3, a1, -1157
core   0: 3 0x80008754 (0xb7b5f993) x19 0x00000000
core   0: 0x80008758 (0x0067beb3) sltu    t4, a5, t1
core   0: 3 0x80008758 (0x0067beb3) x29 0x00000000
core   0: 0x8000875c (0x5126b213) sltiu   tp, a3, 1298
core   0: 3 0x8000875c (0x5126b213) x4  0x00000001
core   0: 0x80008760 (0x0000717d) c.addi16sp sp, -16
core   0: 3 0x80008760 (0x717d) x2  0x00000169
core   0: 0x80008762 (0x00000288) c.addi4spn a0, sp, 320
core   0: 3 0x80008762 (0x0288) x10 0x000002a9
core   0: 0x80008764 (0xb042a137) lui     sp, 0xb042a
core   0: 3 0x80008764 (0xb042a137) x2  0xb042a000
core   0: 0x80008768 (0x01aaab33) slt     s6, s5, s10
core   0: 3 0x80008768 (0x01aaab33) x22 0x00000001
core   0: 0x8000876c (0x01cb9593) slli    a1, s7, 28
core   0: 3 0x8000876c (0x01cb9593) x11 0x00000000
core   0: 0x80008770 (0x00c37f63) bgeu    t1, a2, pc + 30
core   0: 3 0x80008770 (0x00c37f63)
core   0: 0x8000878e (0x00008f01) c.sub   a4, s0
core   0: 3 0x8000878e (0x8f01) x14 0xa3da21bf
core   0: 0x80008790 (0x41315813) srai    a6, sp, 19
core   0: 3 0x80008790 (0x41315813) x16 0xfffff608
core   0: 0x80008794 (0xe9a856b7) lui     a3, 0xe9a85
core   0: 3 0x80008794 (0xe9a856b7) x13 0xe9a85000
core   0: 0x80008798 (0x00000819) c.addi  a6, 6
core   0: 3 0x80008798 (0x0819) x16 0xfffff60e
core   0: 0x8000879a (0xf0143813) sltiu   a6, s0, -255
core   0: 3 0x8000879a (0xf0143813) x16 0x00000001
core   0: 0x8000879e (0x00008d35) c.xor   a0, a3
core   0: 3 0x8000879e (0x8d35) x10 0xe9a852a9
core   0: 0x800087a0 (0x00006105) c.addi16sp sp, 32
core   0: 3 0x800087a0 (0x6105) x2  0xb042a020
core   0: 0x800087a2 (0x02583c33) mulhu   s8, a6, t0
core   0: 3 0x800087a2 (0x02583c33) x24 0x00000000
core   0: 0x800087a6 (0x407d8c33) sub     s8, s11, t2
core   0: 3 0x800087a6 (0x407d8c33) x24 0xffffffff
core   0: 0x800087aa (0x00008ee9) c.and   a3, a0
core   0: 3 0x800087aa (0x8ee9) x13 0xe9a85000
core   0: 0x800087ac (0x00000001) c.nop
core   0: 3 0x800087ac (0x0001)
core   0: 0x800087ae (0x00000546) c.slli  a0, 17
core   0: 3 0x800087ae (0x0546) x10 0xa5520000
core   0: 0x800087b0 (0x00000001) c.nop
core   0: 3 0x800087b0 (0x0001)
core   0: 0x800087b2 (0x00000caa) c.slli  s9, 10
core   0: 3 0x800087b2 (0x0caa) x25 0x00000000
core   0: 0x800087b4 (0x41b75d13) srai    s10, a4, 27
core   0: 3 0x800087b4 (0x41b75d13) x26 0xfffffff4
core   0: 0x800087b8 (0x01e17533) and     a0, sp, t5
core   0: 3 0x800087b8 (0x01e17533) x10 0x00000020
core   0: 0x800087bc (0x00000c00) c.addi4spn s0, sp, 528
core   0: 3 0x800087bc (0x0c00) x8  0xb042a230
core   0: 0x800087be (0x40ebd893) srai    a7, s7, 14
core   0: 3 0x800087be (0x40ebd893) x17 0x00000000
core   0: 0x800087c2 (0xe7343a93) sltiu   s5, s0, -397
core   0: 3 0x800087c2 (0xe7343a93) x21 0x00000001
core   0: 0x800087c6 (0x63bec213) xori    tp, t4, 1595
core   0: 3 0x800087c6 (0x63bec213) x4  0x0000063b
core   0: 0x800087ca (0x293c0a93) addi    s5, s8, 659
core   0: 3 0x800087ca (0x293c0a93) x21 0x00000292
core   0: 0x800087ce (0xc4c10b13) addi    s6, sp, -948
core   0: 3 0x800087ce (0xc4c10b13) x22 0xb0429c6c
core   0: 0x800087d2 (0x033d5cb3) divu    s9, s10, s3
core   0: 3 0x800087d2 (0x033d5cb3) x25 0xffffffff
core   0: 0x800087d6 (0x00000001) c.nop
core   0: 3 0x800087d6 (0x0001)
core   0: 0x800087d8 (0xd42b4413) xori    s0, s6, -702
core   0: 3 0x800087d8 (0xd42b4413) x8  0x4fbd612e
core   0: 0x800087dc (0x00000001) c.nop
core   0: 3 0x800087dc (0x0001)
core   0: 0x800087de (0x0000717d) c.addi16sp sp, -16
core   0: 3 0x800087de (0x717d) x2  0xb042a010
core   0: 0x800087e0 (0x01e575b3) and     a1, a0, t5
core   0: 3 0x800087e0 (0x01e575b3) x11 0x00000020
core   0: 0x800087e4 (0x031f23b3) mulhsu  t2, t5, a7
core   0: 3 0x800087e4 (0x031f23b3) x7  0x00000000
core   0: 0x800087e8 (0x01c7c363) blt     a5, t3, pc + 6
core   0: 3 0x800087e8 (0x01c7c363)
core   0: 0x800087ec (0x0000ca81) c.beqz  a3, pc + 16
core   0: 3 0x800087ec (0xca81)
core   0: 0x800087ee (0x6a04b293) sltiu   t0, s1, 1696
core   0: 3 0x800087ee (0x6a04b293) x5  0x00000001
core   0: 0x800087f2 (0x01a38bb3) add     s7, t2, s10
core   0: 3 0x800087f2 (0x01a38bb3) x23 0xfffffff4
core   0: 0x800087f6 (0x00e3bab3) sltu    s5, t2, a4
core   0: 3 0x800087f6 (0x00e3bab3) x21 0x00000001
core   0: 0x800087fa (0x00000001) c.nop
core   0: 3 0x800087fa (0x0001)
core   0: 0x800087fc (0x031a65b3) rem     a1, s4, a7
core   0: 3 0x800087fc (0x031a65b3) x11 0x80029ce4
core   0: 0x80008800 (0x008c52b3) srl     t0, s8, s0
core   0: 3 0x80008800 (0x008c52b3) x5  0x0003ffff
core   0: 0x80008804 (0x03a7ad33) mulhsu  s10, a5, s10
core   0: 3 0x80008804 (0x03a7ad33) x26 0x00000870
core   0: 0x80008808 (0x49dbb093) sltiu   ra, s7, 1181
core   0: 3 0x80008808 (0x49dbb093) x1  0x00000000
core   0: 0x8000880c (0x00008f2d) c.xor   a4, a1
core   0: 3 0x8000880c (0x8f2d) x14 0x23d8bd5b
core   0: 0x8000880e (0x00009b7d) c.andi  a4, -1
core   0: 3 0x8000880e (0x9b7d) x14 0x23d8bd5b
core   0: 0x80008810 (0x00492083) lw      ra, 4(s2)
core   0: 3 0x80008810 (0x00492083) x1  0x80005956 mem 0x80025e1c
core   0: 0x80008814 (0x030056b3) divu    a3, zero, a6
core   0: 3 0x80008814 (0x030056b3) x13 0x00000000
core   0: 0x80008818 (0x0275deb3) divu    t4, a1, t2
core   0: 3 0x80008818 (0x0275deb3) x29 0xffffffff
core   0: 0x8000881c (0x00009bc6) c.add   s7, a7
core   0: 3 0x8000881c (0x9bc6) x23 0xfffffff4
core   0: 0x8000881e (0x00000951) c.addi  s2, 20
core   0: 3 0x8000881e (0x0951) x18 0x80025e2c
core   0: 0x80008820 (0x01e8e433) or      s0, a7, t5
core   0: 3 0x80008820 (0x01e8e433) x8  0x00010e20
core   0: 0x80008824 (0x00000ab6) c.slli  s5, 13
core   0: 3 0x80008824 (0x0ab6) x21 0x00002000
core   0: 0x80008826 (0x00008513) mv      a0, ra
core   0: 3 0x80008826 (0x00008513) x10 0x80005956
core   0: 0x8000882a (0x00050567) jalr    a0, a0, 0
core   0: 3 0x8000882a (0x00050567) x10 0x8000882e
core   0: 0x80005956 (0xfffffd17) auipc   s10, 0xfffff
core   0: 3 0x80005956 (0xfffffd17) x26 0x80004956
core   0: 0x8000595a (0x858d0d13) addi    s10, s10, -1960
core   0: 3 0x8000595a (0x858d0d13) x26 0x800041ae
core   0: 0x8000595e (0xfdad0d13) addi    s10, s10, -38
core   0: 3 0x8000595e (0xfdad0d13) x26 0x80004188
core   0: 0x80005962 (0x034cf1b3) remu    gp, s9, s4
core   0: 3 0x80005962 (0x034cf1b3) x3  0x7ffd631b
core   0: 0x80005966 (0x79b7bf13) sltiu   t5, a5, 1947
core   0: 3 0x80005966 (0x79b7bf13) x30 0x00000000
core   0: 0x8000596a (0x5bd7a013) slti    zero, a5, 1469
core   0: 3 0x8000596a (0x5bd7a013)
core   0: 0x8000596e (0x01e90b63) beq     s2, t5, pc + 22
core   0: 3 0x8000596e (0x01e90b63)
core   0: 0x80005972 (0x00008d49) c.or    a0, a0
core   0: 3 0x80005972 (0x8d49) x10 0x8000882e
core   0: 0x80005974 (0x003c5bb3) srl     s7, s8, gp
core   0: 3 0x80005974 (0x003c5bb3) x23 0x0000001f
core   0: 0x80005978 (0x0351d333) divu    t1, gp, s5
core   0: 3 0x80005978 (0x0351d333) x6  0x0003ffeb
core   0: 0x8000597c (0x011570b3) and     ra, a0, a7
core   0: 3 0x8000597c (0x011570b3) x1  0x00000000
core   0: 0x80005980 (0xa61d8f13) addi    t5, s11, -1439
core   0: 3 0x80005980 (0xa61d8f13) x30 0xfffffa60
core   0: 0x80005984 (0x027d00e7) jalr    ra, s10, 39
core   0: 3 0x80005984 (0x027d00e7) x1  0x80005988
core   0: 0x800041ae (0x016dc663) blt     s11, s6, pc + 12
core   0: 3 0x800041ae (0x016dc663)
core   0: 0x800041b2 (0x00000001) c.nop
core   0: 3 0x800041b2 (0x0001)
core   0: 0x800041b4 (0x00006f29) c.lui   t5, 0xa
core   0: 3 0x800041b4 (0x6f29) x30 0x0000a000
core   0: 0x800041b6 (0x0292c5b3) div     a1, t0, s1
core   0: 3 0x800041b6 (0x0292c5b3) x11 0xffffffff
core   0: 0x800041ba (0x00001931) c.addi  s2, -20
core   0: 3 0x800041ba (0x1931) x18 0x80025e18
core   0: 0x800041bc (0x00192223) sw      ra, 4(s2)
core   0: 3 0x800041bc (0x00192223) mem 0x80025e1c 0x80005988
core   0: 0x800041c0 (0x00006e21) c.lui   t3, 0x8
core   0: 3 0x800041c0 (0x6e21) x28 0x00008000
core   0: 0x800041c2 (0x4629e393) ori     t2, s3, 1122
core   0: 3 0x800041c2 (0x4629e393) x7  0x00000462
core   0: 0x800041c6 (0x8d743713) sltiu   a4, s0, -1833
core   0: 3 0x800041c6 (0x8d743713) x14 0x00000001
core   0: 0x800041ca (0x40d9d593) srai    a1, s3, 13
core   0: 3 0x800041ca (0x40d9d593) x11 0x00000000
core   0: 0x800041ce (0x03aedbb3) divu    s7, t4, s10
core   0: 3 0x800041ce (0x03aedbb3) x23 0x00000001
core   0: 0x800041d2 (0x00004f99) c.li    t6, 6
core   0: 3 0x800041d2 (0x4f99) x31 0x00000006
core   0: 0x800041d4 (0xf8b0ff13) andi    t5, ra, -117
core   0: 3 0x800041d4 (0xf8b0ff13) x30 0x80005988
core   0: 0x800041d8 (0xe56f1017) auipc   zero, 0xe56f1
core   0: 3 0x800041d8 (0xe56f1017)
core   0: 0x800041dc (0x00004119) c.li    sp, 6
core   0: 3 0x800041dc (0x4119) x2  0x00000006
core   0: 0x800041de (0x00008369) c.srli  a4, 26
core   0: 3 0x800041de (0x8369) x14 0x00000000
core   0: 0x800041e0 (0x0287f833) remu    a6, a5, s0
core   0: 3 0x800041e0 (0x0287f833) x16 0x00000871
core   0: 0x800041e4 (0xc1302e93) slti    t4, zero, -1005
core   0: 3 0x800041e4 (0xc1302e93) x29 0x00000000
core   0: 0x800041e8 (0x00697333) and     t1, s2, t1
core   0: 3 0x800041e8 (0x00697333) x6  0x00025e08
core   0: 0x800041ec (0x00001fed) c.addi  t6, -5
core   0: 3 0x800041ec (0x1fed) x31 0x00000001
core   0: 0x800041ee (0xa22ccc13) xori    s8, s9, -1502
core   0: 3 0x800041ee (0xa22ccc13) x24 0x000005dd
core   0: 0x800041f2 (0x023ecc33) div     s8, t4, gp
core   0: 3 0x800041f2 (0x023ecc33) x24 0x00000000
core   0: 0x800041f6 (0x00f36cb3) or      s9, t1, a5
core   0: 3 0x800041f6 (0x00f36cb3) x25 0x00025e79
core   0: 0x800041fa (0xfe2fd3e3) bge     t6, sp, pc - 26
core   0: 3 0x800041fa (0xfe2fd3e3)
core   0: 0x800041fe (0x03823333) mulhu   t1, tp, s8
core   0: 3 0x800041fe (0x03823333) x6  0x00000000
core   0: 0x80004202 (0x00a000ef) jal     pc + 0xa
core   0: 3 0x80004202 (0x00a000ef) x1  0x80004206
core   0: 0x8000420c (0x00002801) c.jal   pc + 16
core   0: 3 0x8000420c (0x2801) x1  0x8000420e
core   0: 0x8000421c (0x0000bff5) c.j     pc - 4
core   0: 3 0x8000421c (0xbff5)
core   0: 0x80004218 (0x000037fd) c.jal   pc - 18
core   0: 3 0x80004218 (0x37fd) x1  0x8000421a
core   0: 0x80004206 (0x00a0036f) jal     t1, pc + 0xa
core   0: 3 0x80004206 (0x00a0036f) x6  0x8000420a
core   0: 0x80004210 (0x00003ffd) c.jal   pc - 2
core   0: 3 0x80004210 (0x3ffd) x1  0x80004212
core   0: 0x8000420e (0x0000a811) c.j     pc + 20
core   0: 3 0x8000420e (0xa811)
core   0: 0x80004222 (0xff3ff0ef) jal     pc - 0xe
core   0: 3 0x80004222 (0xff3ff0ef) x1  0x80004226
core   0: 0x80004214 (0x00003ffd) c.jal   pc - 2
core   0: 3 0x80004214 (0x3ffd) x1  0x80004216
core   0: 0x80004212 (0x0000a021) c.j     pc + 8
core   0: 3 0x80004212 (0xa021)
core   0: 0x8000421a (0x00002011) c.jal   pc + 4
core   0: 3 0x8000421a (0x2011) x1  0x8000421c
core   0: 0x8000421e (0xfedff0ef) jal     pc - 0x14
core   0: 3 0x8000421e (0xfedff0ef) x1  0x80004222
core   0: 0x8000420a (0x0000a031) c.j     pc + 12
core   0: 3 0x8000420a (0xa031)
core   0: 0x80004216 (0x00002801) c.jal   pc + 16
core   0: 3 0x80004216 (0x2801) x1  0x80004218
core   0: 0x80004226 (0x0000a009) c.j     pc + 2
core   0: 3 0x80004226 (0xa009)
core   0: 0x80004228 (0x016ddeb3) srl     t4, s11, s6
core   0: 3 0x80004228 (0x016ddeb3) x29 0x000fffff
core   0: 0x8000422c (0x00018e97) auipc   t4, 0x18
core   0: 3 0x8000422c (0x00018e97) x29 0x8001c22c
core   0: 0x80004230 (0x6cbe8e93) addi    t4, t4, 1739
core   0: 3 0x80004230 (0x6cbe8e93) x29 0x8001c8f7
core   0: 0x80004234 (0x00008f09) c.sub   a4, a0
core   0: 3 0x80004234 (0x8f09) x14 0x7fff77d2
core   0: 0x80004236 (0xff0ec303) lbu     t1, -16(t4)
core   0: 3 0x80004236 (0xff0ec303) x6  0x00000026 mem 0x8001c8e7
core   0: 0x8000423a (0x00008561) c.srai  a0, 24
core   0: 3 0x8000423a (0x8561) x10 0xffffff80
core   0: 0x8000423c (0xff4ec803) lbu     a6, -12(t4)
core   0: 3 0x8000423c (0xff4ec803) x16 0x0000006b mem 0x8001c8eb
core   0: 0x80004240 (0x02c8ce33) div     t3, a7, a2
core   0: 3 0x80004240 (0x02c8ce33) x28 0xffffffff
core   0: 0x80004244 (0x0781ea97) auipc   s5, 0x781e
core   0: 3 0x80004244 (0x0781ea97) x21 0x87822244
core   0: 0x80004248 (0x00ad08b3) add     a7, s10, a0
core   0: 3 0x80004248 (0x00ad08b3) x17 0x80004108
core   0: 0x8000424c (0x02dfa233) mulhsu  tp, t6, a3
core   0: 3 0x8000424c (0x02dfa233) x4  0x00000000
core   0: 0x80004250 (0x00008cb1) c.xor   s1, a2
core   0: 3 0x80004250 (0x8cb1) x9  0x00000000
core   0: 0x80004252 (0xfeee8823) sb      a4, -16(t4)
core   0: 3 0x80004252 (0xfeee8823) mem 0x8001c8e7 0xd2
core   0: 0x80004256 (0x23773113) sltiu   sp, a4, 567
core   0: 3 0x80004256 (0x23773113) x2  0x00000000
core   0: 0x8000425a (0x00ee8303) lb      t1, 14(t4)
core   0: 3 0x8000425a (0x00ee8303) x6  0x0000006f mem 0x8001c905
core   0: 0x8000425e (0x010e0533) add     a0, t3, a6
core   0: 3 0x8000425e (0x010e0533) x10 0x0000006a
core   0: 0x80004262 (0x03d4c8b3) div     a7, s1, t4
core   0: 3 0x80004262 (0x03d4c8b3) x17 0x00000000
core   0: 0x80004266 (0x02251233) mulh    tp, a0, sp
core   0: 3 0x80004266 (0x02251233) x4  0x00000000
core   0: 0x8000426a (0x012e86a3) sb      s2, 13(t4)
core   0: 3 0x8000426a (0x012e86a3) mem 0x8001c904 0x18
core   0: 0x8000426e (0x001e8103) lb      sp, 1(t4)
core   0: 3 0x8000426e (0x001e8103) x2  0x00000008 mem 0x8001c8f8
core   0: 0x80004272 (0x02c22833) mulhsu  a6, tp, a2
core   0: 3 0x80004272 (0x02c22833) x16 0x00000000
core   0: 0x80004276 (0x02cd4433) div     s0, s10, a2
core   0: 3 0x80004276 (0x02cd4433) x8  0xffffffff
core   0: 0x8000427a (0x02eddfb3) divu    t6, s11, a4
core   0: 3 0x8000427a (0x02eddfb3) x31 0x00000002
core   0: 0x8000427e (0x00de93a3) sh      a3, 7(t4)
core   0: 3 0x8000427e (0x00de93a3) mem 0x8001c8fe 0x0000
core   0: 0x80004282 (0x0119f8b3) and     a7, s3, a7
core   0: 3 0x80004282 (0x0119f8b3) x17 0x00000000
core   0: 0x80004286 (0xff5eaf83) lw      t6, -11(t4)
core   0: 3 0x80004286 (0xff5eaf83) x31 0xd4fc9a86 mem 0x8001c8ec
core   0: 0x8000428a (0xff0ec583) lbu     a1, -16(t4)
core   0: 3 0x8000428a (0xff0ec583) x11 0x000000d2 mem 0x8001c8e7
core   0: 0x8000428e (0xe5e63c93) sltiu   s9, a2, -418
core   0: 3 0x8000428e (0xe5e63c93) x25 0x00000001
core   0: 0x80004292 (0x003adbb3) srl     s7, s5, gp
core   0: 3 0x80004292 (0x003adbb3) x23 0x00000010
core   0: 0x80004296 (0x018cf6b3) and     a3, s9, s8
core   0: 3 0x80004296 (0x018cf6b3) x13 0x00000000
core   0: 0x8000429a (0xffbe9103) lh      sp, -5(t4)
core   0: 3 0x8000429a (0xffbe9103) x2  0xffff9cdb mem 0x8001c8f2
core   0: 0x8000429e (0x01df1c93) slli    s9, t5, 29
core   0: 3 0x8000429e (0x01df1c93) x25 0x00000000
core   0: 0x800042a2 (0x00008d9e) c.mv    s11, t2
core   0: 3 0x800042a2 (0x8d9e) x27 0x00000462
core   0: 0x800042a4 (0xff3edb03) lhu     s6, -13(t4)
core   0: 3 0x800042a4 (0xff3edb03) x22 0x00006bba mem 0x8001c8ea
core   0: 0x800042a8 (0xff9ea083) lw      ra, -7(t4)
core   0: 3 0x800042a8 (0xff9ea083) x1  0x9cdb8272 mem 0x8001c8f0
core   0: 0x800042ac (0xff1ecb03) lbu     s6, -15(t4)
core   0: 3 0x800042ac (0xff1ecb03) x22 0x000000c2 mem 0x8001c8e8
core   0: 0x800042b0 (0x00008246) c.mv    tp, a7
core   0: 3 0x800042b0 (0x8246) x4  0x00000000
core   0: 0x800042b2 (0x014e8723) sb      s4, 14(t4)
core   0: 3 0x800042b2 (0x014e8723) mem 0x8001c905 0xe4
core   0: 0x800042b6 (0xfe1e8a23) sb      ra, -12(t4)
core   0: 3 0x800042b6 (0xfe1e8a23) mem 0x8001c8eb 0x72
core   0: 0x800042ba (0x000cf513) andi    a0, s9, 0
core   0: 3 0x800042ba (0x000cf513) x10 0x00000000
core   0: 0x800042be (0x007ed803) lhu     a6, 7(t4)
core   0: 3 0x800042be (0x007ed803) x16 0x00000000 mem 0x8001c8fe
core   0: 0x800042c2 (0x002e8b03) lb      s6, 2(t4)
core   0: 3 0x800042c2 (0x002e8b03) x22 0x00000078 mem 0x8001c8f9
core   0: 0x800042c6 (0x0000cb17) auipc   s6, 0xc
core   0: 3 0x800042c6 (0x0000cb17) x22 0x800102c6
core   0: 0x800042ca (0x74fb0b13) addi    s6, s6, 1871
core   0: 3 0x800042ca (0x74fb0b13) x22 0x80010a15
core   0: 0x800042ce (0x522b0b23) sb      sp, 1334(s6)
core   0: 3 0x800042ce (0x522b0b23) mem 0x80010f4b 0xdb
core   0: 0x800042d2 (0x02b235b3) mulhu   a1, tp, a1
core   0: 3 0x800042d2 (0x02b235b3) x11 0x00000000
core   0: 0x800042d6 (0x8bbb1f83) lh      t6, -1861(s6)
core   0: 3 0x800042d6 (0x8bbb1f83) x31 0x00005f07 mem 0x800102d0
core   0: 0x800042da (0x8bbb4383) lbu     t2, -1861(s6)
core   0: 3 0x800042da (0x8bbb4383) x7  0x00000007 mem 0x800102d0
core   0: 0x800042de (0xc35b27a3) sw      s5, -977(s6)
core   0: 3 0x800042de (0xc35b27a3) mem 0x80010644 0x87822244
core   0: 0x800042e2 (0xe70b0223) sb      a6, -412(s6)
core   0: 3 0x800042e2 (0xe70b0223) mem 0x80010879 0x00
core   0: 0x800042e6 (0x280b0323) sb      zero, 646(s6)
core   0: 3 0x800042e6 (0x280b0323) mem 0x80010c9b 0x00
core   0: 0x800042ea (0x00008541) c.srai  a0, 16
core   0: 3 0x800042ea (0x8541) x10 0x00000000
core   0: 0x800042ec (0x8b8f0f13) addi    t5, t5, -1864
core   0: 3 0x800042ec (0x8b8f0f13) x30 0x80005240
core   0: 0x800042f0 (0x286b4203) lbu     tp, 646(s6)
core   0: 3 0x800042f0 (0x286b4203) x4  0x00000000 mem 0x80010c9b
core   0: 0x800042f4 (0x50eb0083) lb      ra, 1294(s6)
core   0: 3 0x800042f4 (0x50eb0083) x1  0x00000000 mem 0x80010f23
core   0: 0x800042f8 (0x40a20733) sub     a4, tp, a0
core   0: 3 0x800042f8 (0x40a20733) x14 0x00000000
core   0: 0x800042fc (0x50eb4883) lbu     a7, 1294(s6)
core   0: 3 0x800042fc (0x50eb4883) x17 0x00000000 mem 0x80010f23
core   0: 0x80004300 (0x0cbb4703) lbu     a4, 203(s6)
core   0: 3 0x80004300 (0x0cbb4703) x14 0x000000ee mem 0x80010ae0
core   0: 0x80004304 (0x3bdb4883) lbu     a7, 957(s6)
core   0: 3 0x80004304 (0x3bdb4883) x17 0x0000003d mem 0x80010dd2
core   0: 0x80004308 (0x3bdb0403) lb      s0, 957(s6)
core   0: 3 0x80004308 (0x3bdb0403) x8  0x0000003d mem 0x80010dd2
core   0: 0x8000430c (0x000081c9) c.srli  a1, 18
core   0: 3 0x8000430c (0x81c9) x11 0x00000000
core   0: 0x8000430e (0x3bbb0ea3) sb      s11, 957(s6)
core   0: 3 0x8000430e (0x3bbb0ea3) mem 0x80010dd2 0x62
core   0: 0x80004312 (0x41a15093) srai    ra, sp, 26
core   0: 3 0x80004312 (0x41a15093) x1  0xffffffff
core   0: 0x80004316 (0xb07b1f83) lh      t6, -1273(s6)
core   0: 3 0x80004316 (0xb07b1f83) x31 0x00005512 mem 0x8001051c
core   0: 0x8000431a (0x021449b3) div     s3, s0, ra
core   0: 3 0x8000431a (0x021449b3) x19 0xffffffc3
core   0: 0x8000431e (0xb07b5d83) lhu     s11, -1273(s6)
core   0: 3 0x8000431e (0xb07b5d83) x27 0x00005512 mem 0x8001051c
core   0: 0x80004322 (0x0000ca97) auipc   s5, 0xc
core   0: 3 0x80004322 (0x0000ca97) x21 0x80010322
core   0: 0x80004326 (0x0d2a8a93) addi    s5, s5, 210
core   0: 3 0x80004326 (0x0d2a8a93) x21 0x800103f4
core   0: 0x8000432a (0xff9a8803) lb      a6, -7(s5)
core   0: 3 0x8000432a (0xff9a8803) x16 0x00000028 mem 0x800103ed
core   0: 0x8000432e (0xff9a8283) lb      t0, -7(s5)
core   0: 3 0x8000432e (0xff9a8283) x5  0x00000028 mem 0x800103ed
core   0: 0x80004332 (0xff1a8ca3) sb      a7, -7(s5)
core   0: 3 0x80004332 (0xff1a8ca3) mem 0x800103ed 0x3d
core   0: 0x80004336 (0xff6a8ca3) sb      s6, -7(s5)
core   0: 3 0x80004336 (0xff6a8ca3) mem 0x800103ed 0x15
core   0: 0x8000433a (0xff9a8783) lb      a5, -7(s5)
core   0: 3 0x8000433a (0xff9a8783) x15 0x00000015 mem 0x800103ed
core   0: 0x8000433e (0xfe5a8ca3) sb      t0, -7(s5)
core   0: 3 0x8000433e (0xfe5a8ca3) mem 0x800103ed 0x28
core   0: 0x80004342 (0xff9a8003) lb      zero, -7(s5)
core   0: 3 0x80004342 (0xff9a8003) mem 0x800103ed
core   0: 0x80004346 (0xffaa8ca3) sb      s10, -7(s5)
core   0: 3 0x80004346 (0xffaa8ca3) mem 0x800103ed 0x88
core   0: 0x8000434a (0xff9a8383) lb      t2, -7(s5)
core   0: 3 0x8000434a (0xff9a8383) x7  0xffffff88 mem 0x800103ed
core   0: 0x8000434e (0x00006b59) c.lui   s6, 0x16
core   0: 3 0x8000434e (0x6b59) x22 0x00016000
core   0: 0x80004350 (0x004cb133) sltu    sp, s9, tp
core   0: 3 0x80004350 (0x004cb133) x2  0x00000000
core   0: 0x80004354 (0xff9a8783) lb      a5, -7(s5)
core   0: 3 0x80004354 (0xff9a8783) x15 0xffffff88 mem 0x800103ed
core   0: 0x80004358 (0xbcecab93) slti    s7, s9, -1074
core   0: 3 0x80004358 (0xbcecab93) x23 0x00000000
core   0: 0x8000435c (0xff9a8883) lb      a7, -7(s5)
core   0: 3 0x8000435c (0xff9a8883) x17 0xffffff88 mem 0x800103ed
core   0: 0x80004360 (0xffea8ca3) sb      t5, -7(s5)
core   0: 3 0x80004360 (0xffea8ca3) mem 0x800103ed 0x40
core   0: 0x80004364 (0x9b5c25b7) lui     a1, 0x9b5c2
core   0: 3 0x80004364 (0x9b5c25b7) x11 0x9b5c2000
core   0: 0x80004368 (0xffaa8ca3) sb      s10, -7(s5)
core   0: 3 0x80004368 (0xffaa8ca3) mem 0x800103ed 0x88
core   0: 0x8000436c (0xfe6a8ca3) sb      t1, -7(s5)
core   0: 3 0x8000436c (0xfe6a8ca3) mem 0x800103ed 0x6f
core   0: 0x80004370 (0xff9a8183) lb      gp, -7(s5)
core   0: 3 0x80004370 (0xff9a8183) x3  0x0000006f mem 0x800103ed
core   0: 0x80004374 (0x024766b3) rem     a3, a4, tp
core   0: 3 0x80004374 (0x024766b3) x13 0x000000ee
core   0: 0x80004378 (0xfeaa8ca3) sb      a0, -7(s5)
core   0: 3 0x80004378 (0xfeaa8ca3) mem 0x800103ed 0x00
core   0: 0x8000437c (0x0000ed97) auipc   s11, 0xe
core   0: 3 0x8000437c (0x0000ed97) x27 0x8001237c
core   0: 0x80004380 (0x599d8d93) addi    s11, s11, 1433
core   0: 3 0x80004380 (0x599d8d93) x27 0x80012915
core   0: 0x80004384 (0x008dc583) lbu     a1, 8(s11)
core   0: 3 0x80004384 (0x008dc583) x11 0x00000061 mem 0x8001291d
core   0: 0x80004388 (0x022c74b3) remu    s1, s8, sp
core   0: 3 0x80004388 (0x022c74b3) x9  0x00000000
core   0: 0x8000438c (0xc2bc6b93) ori     s7, s8, -981
core   0: 3 0x8000438c (0xc2bc6b93) x23 0xfffffc2b
core   0: 0x80004390 (0x027c2bb3) mulhsu  s7, s8, t2
core   0: 3 0x80004390 (0x027c2bb3) x23 0x00000000
core   0: 0x80004394 (0x003da983) lw      s3, 3(s11)
core   0: 3 0x80004394 (0x003da983) x19 0xf29c3665 mem 0x80012918
core   0: 0x80004398 (0x40ddd313) srai    t1, s11, 13
core   0: 3 0x80004398 (0x40ddd313) x6  0xfffc0009
core   0: 0x8000439c (0x011c8333) add     t1, s9, a7
core   0: 3 0x8000439c (0x011c8333) x6  0xffffff88
core   0: 0x800043a0 (0x41535333) sra     t1, t1, s5
core   0: 3 0x800043a0 (0x41535333) x6  0xffffffff
core   0: 0x800043a4 (0x003d9683) lh      a3, 3(s11)
core   0: 3 0x800043a4 (0x003d9683) x13 0x00003665 mem 0x80012918
core   0: 0x800043a8 (0xff2d8e03) lb      t3, -14(s11)
core   0: 3 0x800043a8 (0xff2d8e03) x28 0xffffffa3 mem 0x80012907
core   0: 0x800043ac (0xff2d88a3) sb      s2, -15(s11)
core   0: 3 0x800043ac (0xff2d88a3) mem 0x80012906 0x18
core   0: 0x800043b0 (0x00008ca1) c.xor   s1, s0
core   0: 3 0x800043b0 (0x8ca1) x9  0x0000003d
core   0: 0x800043b2 (0x002d8203) lb      tp, 2(s11)
core   0: 3 0x800043b2 (0x002d8203) x4  0x0000003a mem 0x80012917
core   0: 0x800043b6 (0x005d5713) srli    a4, s10, 5
core   0: 3 0x800043b6 (0x005d5713) x14 0x0400020c
core   0: 0x800043ba (0x417bda93) srai    s5, s7, 23
core   0: 3 0x800043ba (0x417bda93) x21 0x00000000
core   0: 0x800043be (0x02836233) rem     tp, t1, s0
core   0: 3 0x800043be (0x02836233) x4  0xffffffff
core   0: 0x800043c2 (0x000010fd) c.addi  ra, -1
core   0: 3 0x800043c2 (0x10fd) x1  0xfffffffe
core   0: 0x800043c4 (0x01ad8423) sb      s10, 8(s11)
core   0: 3 0x800043c4 (0x01ad8423) mem 0x8001291d 0x88
core   0: 0x800043c8 (0x00008019) c.srli  s0, 6
core   0: 3 0x800043c8 (0x8019) x8  0x00000000
core   0: 0x800043ca (0x030258b3) divu    a7, tp, a6
core   0: 3 0x800043ca (0x030258b3) x17 0x06666666
core   0: 0x800043ce (0x002dc483) lbu     s1, 2(s11)
core   0: 3 0x800043ce (0x002dc483) x9  0x0000003a mem 0x80012917
core   0: 0x800043d2 (0x028c6133) rem     sp, s8, s0
core   0: 3 0x800043d2 (0x028c6133) x2  0x00000000
core   0: 0x800043d6 (0x01eda7a3) sw      t5, 15(s11)
core   0: 3 0x800043d6 (0x01eda7a3) mem 0x80012924 0x80005240
core   0: 0x800043da (0xff5d8f23) sb      s5, -2(s11)
core   0: 3 0x800043da (0xff5d8f23) mem 0x80012913 0x00
core   0: 0x800043de (0xff6d8983) lb      s3, -10(s11)
core   0: 3 0x800043de (0xff6d8983) x19 0x0000004e mem 0x8001290b
core   0: 0x800043e2 (0xffedc203) lbu     tp, -2(s11)
core   0: 3 0x800043e2 (0xffedc203) x4  0x00000000 mem 0x80012913
core   0: 0x800043e6 (0x41a7d4b3) sra     s1, a5, s10
core   0: 3 0x800043e6 (0x41a7d4b3) x9  0xffffffff
core   0: 0x800043ea (0x401dd113) srai    sp, s11, 1
core   0: 3 0x800043ea (0x401dd113) x2  0xc000948a
core   0: 0x800043ee (0x00cd8383) lb      t2, 12(s11)
core   0: 3 0x800043ee (0x00cd8383) x7  0xffffffb6 mem 0x80012921
core   0: 0x800043f2 (0xfe3d8c23) sb      gp, -8(s11)
core   0: 3 0x800043f2 (0xfe3d8c23) mem 0x8001290d 0x6f
core   0: 0x800043f6 (0xff3dc303) lbu     t1, -13(s11)
core   0: 3 0x800043f6 (0xff3dc303) x6  0x000000b9 mem 0x80012908
core   0: 0x800043fa (0x00c63c33) sltu    s8, a2, a2
core   0: 3 0x800043fa (0x00c63c33) x24 0x00000000
core   0: 0x800043fe (0xff7da9a3) sw      s7, -13(s11)
core   0: 3 0x800043fe (0xff7da9a3) mem 0x80012908 0x00000000
core   0: 0x80004402 (0x000004ba) c.slli  s1, 14
core   0: 3 0x80004402 (0x04ba) x9  0xffffc000
core   0: 0x80004404 (0x005dc883) lbu     a7, 5(s11)
core   0: 3 0x80004404 (0x005dc883) x17 0x0000009c mem 0x8001291a
core   0: 0x80004408 (0x01f3e7b3) or      a5, t2, t6
core   0: 3 0x80004408 (0x01f3e7b3) x15 0xffffffb6
core   0: 0x8000440c (0x002741b3) xor     gp, a4, sp
core   0: 3 0x8000440c (0x002741b3) x3  0xc4009686
core   0: 0x80004410 (0x00001500) c.addi4spn s0, sp, 672
core   0: 3 0x80004410 (0x1500) x8  0xc000972a
core   0: 0x80004412 (0x003d9b83) lh      s7, 3(s11)
core   0: 3 0x80004412 (0x003d9b83) x23 0x00003665 mem 0x80012918
core   0: 0x80004416 (0x009d9b03) lh      s6, 9(s11)
core   0: 3 0x80004416 (0x009d9b03) x22 0xffffa5a1 mem 0x8001291e
core   0: 0x8000441a (0xffad8e83) lb      t4, -6(s11)
core   0: 3 0x8000441a (0xffad8e83) x29 0xfffffff5 mem 0x8001290f
core   0: 0x8000441e (0xffcd8303) lb      t1, -4(s11)
core   0: 3 0x8000441e (0xffcd8303) x6  0xffffff97 mem 0x80012911
core   0: 0x80004422 (0x00dd8523) sb      a3, 10(s11)
core   0: 3 0x80004422 (0x00dd8523) mem 0x8001291f 0x65
core   0: 0x80004426 (0x00004c9d) c.li    s9, 7
core   0: 3 0x80004426 (0x4c9d) x25 0x00000007
core   0: 0x80004428 (0x0000411d) c.li    sp, 7
core   0: 3 0x80004428 (0x411d) x2  0x00000007
core   0: 0x8000442a (0x01b0f033) and     zero, ra, s11
core   0: 3 0x8000442a (0x01b0f033)
core   0: 0x8000442e (0x01e6f0b3) and     ra, a3, t5
core   0: 3 0x8000442e (0x01e6f0b3) x1  0x00001240
core   0: 0x80004432 (0x00001cf5) c.addi  s9, -3
core   0: 3 0x80004432 (0x1cf5) x25 0x00000004
core   0: 0x80004434 (0x6e0ef413) andi    s0, t4, 1760
core   0: 3 0x80004434 (0x6e0ef413) x8  0x000006e0
core   0: 0x80004438 (0x00009b9e) c.add   s7, t2
core   0: 3 0x80004438 (0x9b9e) x23 0x0000361b
core   0: 0x8000443a (0x00004981) c.li    s3, 0
core   0: 3 0x8000443a (0x4981) x19 0x00000000
core   0: 0x8000443c (0x0052a1b3) slt     gp, t0, t0
core   0: 3 0x8000443c (0x0052a1b3) x3  0x00000000
core   0: 0x80004440 (0x00004b45) c.li    s6, 17
core   0: 3 0x80004440 (0x4b45) x22 0x00000011
core   0: 0x80004442 (0x013d7033) and     zero, s10, s3
core   0: 3 0x80004442 (0x013d7033)
core   0: 0x80004446 (0x01046e33) or      t3, s0, a6
core   0: 3 0x80004446 (0x01046e33) x28 0x000006e8
core   0: 0x8000444a (0x00008f25) c.xor   a4, s1
core   0: 3 0x8000444a (0x8f25) x14 0xfbffc20c
core   0: 0x8000444c (0x000088e9) c.andi  s1, 26
core   0: 3 0x8000444c (0x88e9) x9  0x00000000
core   0: 0x8000444e (0x41315d13) srai    s10, sp, 19
core   0: 3 0x8000444e (0x41315d13) x26 0x00000000
core   0: 0x80004452 (0x70b12893) slti    a7, sp, 1803
core   0: 3 0x80004452 (0x70b12893) x17 0x00000001
core   0: 0x80004456 (0x000009a9) c.addi  s3, 10
core   0: 3 0x80004456 (0x09a9) x19 0x0000000a
core   0: 0x80004458 (0x01bbd693) srli    a3, s7, 27
core   0: 3 0x80004458 (0x01bbd693) x13 0x00000000
core   0: 0x8000445c (0xff69c8e3) blt     s3, s6, pc - 16
core   0: 3 0x8000445c (0xff69c8e3)
core   0: 0x8000444c (0x000088e9) c.andi  s1, 26
core   0: 3 0x8000444c (0x88e9) x9  0x00000000
core   0: 0x8000444e (0x41315d13) srai    s10, sp, 19
core   0: 3 0x8000444e (0x41315d13) x26 0x00000000
core   0: 0x80004452 (0x70b12893) slti    a7, sp, 1803
core   0: 3 0x80004452 (0x70b12893) x17 0x00000001
core   0: 0x80004456 (0x000009a9) c.addi  s3, 10
core   0: 3 0x80004456 (0x09a9) x19 0x00000014
core   0: 0x80004458 (0x01bbd693) srli    a3, s7, 27
core   0: 3 0x80004458 (0x01bbd693) x13 0x00000000
core   0: 0x8000445c (0xff69c8e3) blt     s3, s6, pc - 16
core   0: 3 0x8000445c (0xff69c8e3)
core   0: 0x80004460 (0x40b8d1b3) sra     gp, a7, a1
core   0: 3 0x80004460 (0x40b8d1b3) x3  0x00000000
core   0: 0x80004464 (0x4133de13) srai    t3, t2, 19
core   0: 3 0x80004464 (0x4133de13) x28 0xffffffff
core   0: 0x80004468 (0xfc2cf3e3) bgeu    s9, sp, pc - 58
core   0: 3 0x80004468 (0xfc2cf3e3)
core   0: 0x8000446c (0x02551bb3) mulh    s7, a0, t0
core   0: 3 0x8000446c (0x02551bb3) x23 0x00000000
core   0: 0x80004470 (0x000055dd) c.li    a1, -9
core   0: 3 0x80004470 (0x55dd) x11 0xfffffff7
core   0: 0x80004472 (0x03f293b3) mulh    t2, t0, t6
core   0: 3 0x80004472 (0x03f293b3) x7  0x00000000
core   0: 0x80004476 (0x00000001) c.nop
core   0: 3 0x80004476 (0x0001)
core   0: 0x80004478 (0x000087c5) c.srai  a5, 17
core   0: 3 0x80004478 (0x87c5) x15 0xffffffff
core   0: 0x8000447a (0x18d1f237) lui     tp, 0x18d1f
core   0: 3 0x8000447a (0x18d1f237) x4  0x18d1f000
core   0: 0x8000447e (0x00000001) c.nop
core   0: 3 0x8000447e (0x0001)
core   0: 0x80004480 (0x00000585) c.addi  a1, 1
core   0: 3 0x80004480 (0x0585) x11 0xfffffff8
core   0: 0x80004482 (0x0000dde5) c.beqz  a1, pc - 8
core   0: 3 0x80004482 (0xdde5)
core   0: 0x80004484 (0x00004765) c.li    a4, 25
core   0: 3 0x80004484 (0x4765) x14 0x00000019
core   0: 0x80004486 (0x0001d217) auipc   tp, 0x1d
core   0: 3 0x80004486 (0x0001d217) x4  0x80021486
core   0: 0x8000448a (0xa0820213) addi    tp, tp, -1528
core   0: 3 0x8000448a (0xa0820213) x4  0x80020e8e
core   0: 0x8000448e (0xff320503) lb      a0, -13(tp)
core   0: 3 0x8000448e (0xff320503) x10 0x0000005a mem 0x80020e81
core   0: 0x80004492 (0x03c20a23) sb      t3, 52(tp)
core   0: 3 0x80004492 (0x03c20a23) mem 0x80020ec2 0xff
core   0: 0x80004496 (0x02b21123) sh      a1, 34(tp)
core   0: 3 0x80004496 (0x02b21123) mem 0x80020eb0 0xfff8
core   0: 0x8000449a (0x0237acb3) mulhsu  s9, a5, gp
core   0: 3 0x8000449a (0x0237acb3) x25 0x00000000
core   0: 0x8000449e (0x00006121) c.addi16sp sp, 64
core   0: 3 0x8000449e (0x6121) x2  0x00000047
core   0: 0x800044a0 (0x02f20103) lb      sp, 47(tp)
core   0: 3 0x800044a0 (0x02f20103) x2  0x00000037 mem 0x80020ebd
core   0: 0x800044a4 (0x00008705) c.srai  a4, 1
core   0: 3 0x800044a4 (0x8705) x14 0x0000000c
core   0: 0x800044a6 (0x01224183) lbu     gp, 18(tp)
core   0: 3 0x800044a6 (0x01224183) x3  0x00000099 mem 0x80020ea0
core   0: 0x800044aa (0x03d21223) sh      t4, 36(tp)
core   0: 3 0x800044aa (0x03d21223) mem 0x80020eb2 0xfff5
core   0: 0x800044ae (0x03724803) lbu     a6, 55(tp)
core   0: 3 0x800044ae (0x03724803) x16 0x00000069 mem 0x80020ec5
core   0: 0x800044b2 (0x01320f83) lb      t6, 19(tp)
core   0: 3 0x800044b2 (0x01320f83) x31 0x00000000 mem 0x80020ea1
core   0: 0x800044b6 (0x02a20da3) sb      a0, 59(tp)
core   0: 3 0x800044b6 (0x02a20da3) mem 0x80020ec9 0x5a
core   0: 0x800044ba (0x02c24c83) lbu     s9, 44(tp)
core   0: 3 0x800044ba (0x02c24c83) x25 0x00000077 mem 0x80020eba
core   0: 0x800044be (0x02b22b23) sw      a1, 54(tp)
core   0: 3 0x800044be (0x02b22b23) mem 0x80020ec4 0xfffffff8
core   0: 0x800044c2 (0x859fee13) ori     t3, t6, -1959
core   0: 3 0x800044c2 (0x859fee13) x28 0xfffff859
core   0: 0x800044c6 (0x026ec533) div     a0, t4, t1
core   0: 3 0x800044c6 (0x026ec533) x10 0x00000000
core   0: 0x800044ca (0xff420b03) lb      s6, -12(tp)
core   0: 3 0x800044ca (0xff420b03) x22 0x0000003e mem 0x80020e82
core   0: 0x800044ce (0xfda21e23) sh      s10, -36(tp)
core   0: 3 0x800044ce (0xfda21e23) mem 0x80020e6a 0x0000
core   0: 0x800044d2 (0xfd024503) lbu     a0, -48(tp)
core   0: 3 0x800044d2 (0xfd024503) x10 0x00000069 mem 0x80020e5e
core   0: 0x800044d6 (0x4216ed37) lui     s10, 0x4216e
core   0: 3 0x800044d6 (0x4216ed37) x26 0x4216e000
core   0: 0x800044da (0xd5c04393) xori    t2, zero, -676
core   0: 3 0x800044da (0xd5c04393) x7  0xfffffd5c
core   0: 0x800044de (0x0142d4b3) srl     s1, t0, s4
core   0: 3 0x800044de (0x0142d4b3) x9  0x00000002
core   0: 0x800044e2 (0x00524383) lbu     t2, 5(tp)
core   0: 3 0x800044e2 (0x00524383) x7  0x00000075 mem 0x80020e93
core   0: 0x800044e6 (0x00000001) c.nop
core   0: 3 0x800044e6 (0x0001)
core   0: 0x800044e8 (0xfe721623) sh      t2, -20(tp)
core   0: 3 0x800044e8 (0xfe721623) mem 0x80020e7a 0x0075
core   0: 0x800044ec (0xfd520623) sb      s5, -52(tp)
core   0: 3 0x800044ec (0xfd520623) mem 0x80020e5a 0x00
core   0: 0x800044f0 (0xbffafc97) auipc   s9, 0xbffaf
core   0: 3 0x800044f0 (0xbffafc97) x25 0x3ffb34f0
core   0: 0x800044f4 (0x0000983e) c.add   a6, a5
core   0: 3 0x800044f4 (0x983e) x16 0x00000068
core   0: 0x800044f6 (0x03924883) lbu     a7, 57(tp)
core   0: 3 0x800044f6 (0x03924883) x17 0x000000ff mem 0x80020ec7
core   0: 0x800044fa (0x01a24c83) lbu     s9, 26(tp)
core   0: 3 0x800044fa (0x01a24c83) x25 0x000000d7 mem 0x80020ea8
core   0: 0x800044fe (0x00a21e03) lh      t3, 10(tp)
core   0: 3 0x800044fe (0x00a21e03) x28 0x0000002a mem 0x80020e98
core   0: 0x80004502 (0x013b0db3) add     s11, s6, s3
core   0: 3 0x80004502 (0x013b0db3) x27 0x00000052
core   0: 0x80004506 (0x41935433) sra     s0, t1, s9
core   0: 3 0x80004506 (0x41935433) x8  0xffffffff
core   0: 0x8000450a (0x0000833d) c.srli  a4, 15
core   0: 3 0x8000450a (0x833d) x14 0x00000000
core   0: 0x8000450c (0x00720d03) lb      s10, 7(tp)
core   0: 3 0x8000450c (0x00720d03) x26 0x00000018 mem 0x80020e95
core   0: 0x80004510 (0x02b67433) remu    s0, a2, a1
core   0: 3 0x80004510 (0x02b67433) x8  0x00000000
core   0: 0x80004514 (0x41185793) srai    a5, a6, 17
core   0: 3 0x80004514 (0x41185793) x15 0x00000000
core   0: 0x80004518 (0x00008d49) c.or    a0, a0
core   0: 3 0x80004518 (0x8d49) x10 0x00000069
core   0: 0x8000451a (0x01020823) sb      a6, 16(tp)
core   0: 3 0x8000451a (0x01020823) mem 0x80020e9e 0x68
core   0: 0x8000451e (0xfdf20803) lb      a6, -33(tp)
core   0: 3 0x8000451e (0xfdf20803) x16 0x00000074 mem 0x80020e6d
core   0: 0x80004522 (0x0156db13) srli    s6, a3, 21
core   0: 3 0x80004522 (0x0156db13) x22 0x00000000
core   0: 0x80004526 (0x013204a3) sb      s3, 9(tp)
core   0: 3 0x80004526 (0x013204a3) mem 0x80020e97 0x14
core   0: 0x8000452a (0x00008d4d) c.or    a0, a1
core   0: 3 0x8000452a (0x8d4d) x10 0xfffffff9
core   0: 0x8000452c (0x02920ba3) sb      s1, 55(tp)
core   0: 3 0x8000452c (0x02920ba3) mem 0x80020ec5 0x02
core   0: 0x80004530 (0x00009afd) c.andi  a3, -1
core   0: 3 0x80004530 (0x9afd) x13 0x00000000
core   0: 0x80004532 (0xffd20003) lb      zero, -3(tp)
core   0: 3 0x80004532 (0xffd20003) mem 0x80020e8b
core   0: 0x80004536 (0x00b20f03) lb      t5, 11(tp)
core   0: 3 0x80004536 (0x00b20f03) x30 0x00000000 mem 0x80020e99
core   0: 0x8000453a (0x03c38e33) mul     t3, t2, t3
core   0: 3 0x8000453a (0x03c38e33) x28 0x00001332
core   0: 0x8000453e (0x00008f7d) c.and   a4, a5
core   0: 3 0x8000453e (0x8f7d) x14 0x00000000
core   0: 0x80004540 (0xff7203a3) sb      s7, -25(tp)
core   0: 3 0x80004540 (0xff7203a3) mem 0x80020e75 0x00
core   0: 0x80004544 (0x000085b9) c.srai  a1, 14
core   0: 3 0x80004544 (0x85b9) x11 0xffffffff
core   0: 0x80004546 (0xfd820303) lb      t1, -40(tp)
core   0: 3 0x80004546 (0xfd820303) x6  0xffffff8a mem 0x80020e66
core   0: 0x8000454a (0x00015297) auipc   t0, 0x15
core   0: 3 0x8000454a (0x00015297) x5  0x8001954a
core   0: 0x8000454e (0x61828293) addi    t0, t0, 1560
core   0: 3 0x8000454e (0x61828293) x5  0x80019b62
core   0: 0x80004552 (0x017fbbb3) sltu    s7, t6, s7
core   0: 3 0x80004552 (0x017fbbb3) x23 0x00000000
core   0: 0x80004556 (0x41829f83) lh      t6, 1048(t0)
core   0: 3 0x80004556 (0x41829f83) x31 0x00007801 mem 0x80019f7a
core   0: 0x8000455a (0xece28e03) lb      t3, -306(t0)
core   0: 3 0x8000455a (0xece28e03) x28 0xffffffee mem 0x80019a30
core   0: 0x8000455e (0x57928f83) lb      t6, 1401(t0)
core   0: 3 0x8000455e (0x57928f83) x31 0x0000005a mem 0x8001a0db
core   0: 0x80004562 (0x07728c83) lb      s9, 119(t0)
core   0: 3 0x80004562 (0x07728c83) x25 0xffffffa2 mem 0x80019bd9
core   0: 0x80004566 (0xd532ce03) lbu     t3, -685(t0)
core   0: 3 0x80004566 (0xd532ce03) x28 0x000000d1 mem 0x800198b5
core   0: 0x8000456a (0x3e62a483) lw      s1, 998(t0)
core   0: 3 0x8000456a (0x3e62a483) x9  0x686a4bd1 mem 0x80019f48
core   0: 0x8000456e (0x02dbabb3) mulhsu  s7, s7, a3
core   0: 3 0x8000456e (0x02dbabb3) x23 0x00000000
core   0: 0x80004572 (0x71aefbb7) lui     s7, 0x71aef
core   0: 3 0x80004572 (0x71aefbb7) x23 0x71aef000
core   0: 0x80004576 (0x017ba4b3) slt     s1, s7, s7
core   0: 3 0x80004576 (0x017ba4b3) x9  0x00000000
core   0: 0x8000457a (0xcee2dc83) lhu     s9, -786(t0)
core   0: 3 0x8000457a (0xcee2dc83) x25 0x0000a439 mem 0x80019850
core   0: 0x8000457e (0xe2928623) sb      s1, -468(t0)
core   0: 3 0x8000457e (0xe2928623) mem 0x8001998e 0x00
core   0: 0x80004582 (0x15428b83) lb      s7, 340(t0)
core   0: 3 0x80004582 (0x15428b83) x23 0x0000004f mem 0x80019cb6
core   0: 0x80004586 (0x0294d4b3) divu    s1, s1, s1
core   0: 3 0x80004586 (0x0294d4b3) x9  0xffffffff
core   0: 0x8000458a (0x000082c1) c.srli  a3, 16
core   0: 3 0x8000458a (0x82c1) x13 0x00000000
core   0: 0x8000458c (0x00008499) c.srai  s1, 6
core   0: 3 0x8000458c (0x8499) x9  0xffffffff
core   0: 0x8000458e (0x019e2bb3) slt     s7, t3, s9
core   0: 3 0x8000458e (0x019e2bb3) x23 0x00000001
core   0: 0x80004592 (0x51ae3493) sltiu   s1, t3, 1306
core   0: 3 0x80004592 (0x51ae3493) x9  0x00000001
core   0: 0x80004596 (0x029c96b3) mulh    a3, s9, s1
core   0: 3 0x80004596 (0x029c96b3) x13 0x00000000
core   0: 0x8000459a (0x029c94b3) mulh    s1, s9, s1
core   0: 3 0x8000459a (0x029c94b3) x9  0x00000000
core   0: 0x8000459e (0x00009ce6) c.add   s9, s9
core   0: 3 0x8000459e (0x9ce6) x25 0x00014872
core   0: 0x800045a0 (0xdfc28623) sb      t3, -532(t0)
core   0: 3 0x800045a0 (0xdfc28623) mem 0x8001994e 0xd1
core   0: 0x800045a4 (0x08f28b83) lb      s7, 143(t0)
core   0: 3 0x800045a4 (0x08f28b83) x23 0x00000068 mem 0x80019bf1
core   0: 0x800045a8 (0x007e1f93) slli    t6, t3, 7
core   0: 3 0x800045a8 (0x007e1f93) x31 0x00006880
core   0: 0x800045ac (0x00000001) c.nop
core   0: 3 0x800045ac (0x0001)
core   0: 0x800045ae (0x00008cd5) c.or    s1, a3
core   0: 3 0x800045ae (0x8cd5) x9  0x00000000
core   0: 0x800045b0 (0x00008cf5) c.and   s1, a3
core   0: 3 0x800045b0 (0x8cf5) x9  0x00000000
core   0: 0x800045b2 (0x8bf2a923) sw      t6, -1870(t0)
core   0: 3 0x800045b2 (0x8bf2a923) mem 0x80019414 0x00006880
core   0: 0x800045b6 (0x5e728b83) lb      s7, 1511(t0)
core   0: 3 0x800045b6 (0x5e728b83) x23 0xffffffab mem 0x8001a149
core   0: 0x800045ba (0xa6e2df83) lhu     t6, -1426(t0)
core   0: 3 0x800045ba (0xa6e2df83) x31 0x00007b08 mem 0x800195d0
core   0: 0x800045be (0x00012517) auipc   a0, 0x12
core   0: 3 0x800045be (0x00012517) x10 0x800165be
core   0: 0x800045c2 (0x37850513) addi    a0, a0, 888
core   0: 3 0x800045c2 (0x37850513) x10 0x80016936
core   0: 0x800045c6 (0x62655003) lhu     zero, 1574(a0)
core   0: 3 0x800045c6 (0x62655003) mem 0x80016f5c
core   0: 0x800045ca (0x62f51323) sh      a5, 1574(a0)
core   0: 3 0x800045ca (0x62f51323) mem 0x80016f5c 0x0000
core   0: 0x800045ce (0x62650d83) lb      s11, 1574(a0)
core   0: 3 0x800045ce (0x62650d83) x27 0x00000000 mem 0x80016f5c
core   0: 0x800045d2 (0x416ade93) srai    t4, s5, 22
core   0: 3 0x800045d2 (0x416ade93) x29 0x00000000
core   0: 0x800045d6 (0x62651f03) lh      t5, 1574(a0)
core   0: 3 0x800045d6 (0x62651f03) x30 0x00000000 mem 0x80016f5c
core   0: 0x800045da (0x0000717d) c.addi16sp sp, -16
core   0: 3 0x800045da (0x717d) x2  0x00000027
core   0: 0x800045dc (0x62655103) lhu     sp, 1574(a0)
core   0: 3 0x800045dc (0x62655103) x2  0x00000000 mem 0x80016f5c
core   0: 0x800045e0 (0x62650403) lb      s0, 1574(a0)
core   0: 3 0x800045e0 (0x62650403) x8  0x00000000 mem 0x80016f5c
core   0: 0x800045e4 (0xb2354803) lbu     a6, -1245(a0)
core   0: 3 0x800045e4 (0xb2354803) x16 0x00000007 mem 0x80016459
core   0: 0x800045e8 (0xb2354e03) lbu     t3, -1245(a0)
core   0: 3 0x800045e8 (0xb2354e03) x28 0x00000007 mem 0x80016459
core   0: 0x800045ec (0xb2354803) lbu     a6, -1245(a0)
core   0: 3 0x800045ec (0xb2354803) x16 0x00000007 mem 0x80016459
core   0: 0x800045f0 (0xb2b501a3) sb      a1, -1245(a0)
core   0: 3 0x800045f0 (0xb2b501a3) mem 0x80016459 0xff
core   0: 0x800045f4 (0xb2350103) lb      sp, -1245(a0)
core   0: 3 0x800045f4 (0xb2350103) x2  0xffffffff mem 0x80016459
core   0: 0x800045f8 (0xb2354083) lbu     ra, -1245(a0)
core   0: 3 0x800045f8 (0xb2354083) x1  0x000000ff mem 0x80016459
core   0: 0x800045fc (0x40700833) sub     a6, zero, t2
core   0: 3 0x800045fc (0x40700833) x16 0xffffff8b
core   0: 0x80004600 (0xb2354083) lbu     ra, -1245(a0)
core   0: 3 0x80004600 (0xb2354083) x1  0x000000ff mem 0x80016459
core   0: 0x80004604 (0xed46ed13) ori     s10, a3, -300
core   0: 3 0x80004604 (0xed46ed13) x26 0xfffffed4
core   0: 0x80004608 (0xb2354e83) lbu     t4, -1245(a0)
core   0: 3 0x80004608 (0xb2354e83) x29 0x000000ff mem 0x80016459
core   0: 0x8000460c (0x4c450f23) sb      tp, 1246(a0)
core   0: 3 0x8000460c (0x4c450f23) mem 0x80016e14 0x8e
core   0: 0x80004610 (0x40aed813) srai    a6, t4, 10
core   0: 3 0x80004610 (0x40aed813) x16 0x00000000
core   0: 0x80004614 (0x4d650f23) sb      s6, 1246(a0)
core   0: 3 0x80004614 (0x4d650f23) mem 0x80016e14 0x00
core   0: 0x80004618 (0x4d351f23) sh      s3, 1246(a0)
core   0: 3 0x80004618 (0x4d351f23) mem 0x80016e14 0x0014
core   0: 0x8000461c (0x4de52283) lw      t0, 1246(a0)
core   0: 3 0x8000461c (0x4de52283) x5  0xf3660014 mem 0x80016e14
core   0: 0x80004620 (0x4d050f23) sb      a6, 1246(a0)
core   0: 3 0x80004620 (0x4d050f23) mem 0x80016e14 0x00
core   0: 0x80004624 (0x00015117) auipc   sp, 0x15
core   0: 3 0x80004624 (0x00015117) x2  0x80019624
core   0: 0x80004628 (0x66f10113) addi    sp, sp, 1647
core   0: 3 0x80004628 (0x66f10113) x2  0x80019c93
core   0: 0x8000462c (0x037e2e33) mulhsu  t3, t3, s7
core   0: 3 0x8000462c (0x037e2e33) x28 0x00000006
core   0: 0x80004630 (0x00000591) c.addi  a1, 4
core   0: 3 0x80004630 (0x0591) x11 0x00000003
core   0: 0x80004632 (0x03214583) lbu     a1, 50(sp)
core   0: 3 0x80004632 (0x03214583) x11 0x000000c9 mem 0x80019cc5
core   0: 0x80004636 (0xff710ea3) sb      s7, -3(sp)
core   0: 3 0x80004636 (0xff710ea3) mem 0x80019c90 0xab
core   0: 0x8000463a (0xfd110723) sb      a7, -50(sp)
core   0: 3 0x8000463a (0xfd110723) mem 0x80019c61 0xff
core   0: 0x8000463e (0xffc14e03) lbu     t3, -4(sp)
core   0: 3 0x8000463e (0xffc14e03) x28 0x00000065 mem 0x80019c8f
core   0: 0x80004642 (0x01010583) lb      a1, 16(sp)
core   0: 3 0x80004642 (0x01010583) x11 0x00000017 mem 0x80019ca3
core   0: 0x80004646 (0x00006ba5) c.lui   s7, 0x9
core   0: 3 0x80004646 (0x6ba5) x23 0x00009000
core   0: 0x80004648 (0x01127233) and     tp, tp, a7
core   0: 3 0x80004648 (0x01127233) x4  0x0000008e
core   0: 0x8000464c (0x00510f83) lb      t6, 5(sp)
core   0: 3 0x8000464c (0x00510f83) x31 0x00000033 mem 0x80019c98
core   0: 0x80004650 (0x03d15203) lhu     tp, 61(sp)
core   0: 3 0x80004650 (0x03d15203) x4  0x0000d8bb mem 0x80019cd0
core   0: 0x80004654 (0x03010f83) lb      t6, 48(sp)
core   0: 3 0x80004654 (0x03010f83) x31 0xffffffc1 mem 0x80019cc3
core   0: 0x80004658 (0x06488e13) addi    t3, a7, 100
core   0: 3 0x80004658 (0x06488e13) x28 0x00000163
core   0: 0x8000465c (0x000088fe) c.mv    a7, t6
core   0: 3 0x8000465c (0x88fe) x17 0xffffffc1
core   0: 0x8000465e (0xa0ff8213) addi    tp, t6, -1521
core   0: 3 0x8000465e (0xa0ff8213) x4  0xfffff9d0
core   0: 0x80004662 (0xff710623) sb      s7, -20(sp)
core   0: 3 0x80004662 (0xff710623) mem 0x80019c7f 0x00
core   0: 0x80004666 (0x01a14f83) lbu     t6, 26(sp)
core   0: 3 0x80004666 (0x01a14f83) x31 0x0000000c mem 0x80019cad
core   0: 0x8000466a (0x7898ce13) xori    t3, a7, 1929
core   0: 3 0x8000466a (0x7898ce13) x28 0xfffff848
core   0: 0x8000466e (0x000089c1) c.andi  a1, 16
core   0: 3 0x8000466e (0x89c1) x11 0x00000010
core   0: 0x80004670 (0x00b26233) or      tp, tp, a1
core   0: 3 0x80004670 (0x00b26233) x4  0xfffff9d0
core   0: 0x80004674 (0x000081fd) c.srli  a1, 31
core   0: 3 0x80004674 (0x81fd) x11 0x00000000
core   0: 0x80004676 (0x03f10723) sb      t6, 46(sp)
core   0: 3 0x80004676 (0x03f10723) mem 0x80019cc1 0x0c
core   0: 0x8000467a (0xfcf15883) lhu     a7, -49(sp)
core   0: 3 0x8000467a (0xfcf15883) x17 0x0000f123 mem 0x80019c62
core   0: 0x8000467e (0x024fd233) divu    tp, t6, tp
core   0: 3 0x8000467e (0x024fd233) x4  0x00000000
core   0: 0x80004682 (0x01e10203) lb      tp, 30(sp)
core   0: 3 0x80004682 (0x01e10203) x4  0xffffff89 mem 0x80019cb1
core   0: 0x80004686 (0x01b15583) lhu     a1, 27(sp)
core   0: 3 0x80004686 (0x01b15583) x11 0x00003320 mem 0x80019cae
core   0: 0x8000468a (0x00f10883) lb      a7, 15(sp)
core   0: 3 0x8000468a (0x00f10883) x17 0xffffff8a mem 0x80019ca2
core   0: 0x8000468e (0x00511b83) lh      s7, 5(sp)
core   0: 3 0x8000468e (0x00511b83) x23 0x00007433 mem 0x80019c98
core   0: 0x80004692 (0x02810583) lb      a1, 40(sp)
core   0: 3 0x80004692 (0x02810583) x11 0x00000059 mem 0x80019cbb
core   0: 0x80004696 (0x00008dad) c.xor   a1, a1
core   0: 3 0x80004696 (0x8dad) x11 0x00000000
core   0: 0x80004698 (0xfd910203) lb      tp, -39(sp)
core   0: 3 0x80004698 (0xfd910203) x4  0xffffffc1 mem 0x80019c6c
core   0: 0x8000469c (0xb4320593) addi    a1, tp, -1213
core   0: 3 0x8000469c (0xb4320593) x11 0xfffffb04
core   0: 0x800046a0 (0x00008dcd) c.or    a1, a1
core   0: 3 0x800046a0 (0x8dcd) x11 0xfffffb04
core   0: 0x800046a2 (0x02be3fb3) mulhu   t6, t3, a1
core   0: 3 0x800046a2 (0x02be3fb3) x31 0xfffff34c
core   0: 0x800046a6 (0x0375ce33) div     t3, a1, s7
core   0: 3 0x800046a6 (0x0375ce33) x28 0x00000000
core   0: 0x800046aa (0xfcc14f83) lbu     t6, -52(sp)
core   0: 3 0x800046aa (0xfcc14f83) x31 0x000000fa mem 0x80019c5f
core   0: 0x800046ae (0xfd1124a3) sw      a7, -55(sp)
core   0: 3 0x800046ae (0xfd1124a3) mem 0x80019c5c 0xffffff8a
core   0: 0x800046b2 (0x0000cd97) auipc   s11, 0xc
core   0: 3 0x800046b2 (0x0000cd97) x27 0x800106b2
core   0: 0x800046b6 (0xfc1d8d93) addi    s11, s11, -63
core   0: 3 0x800046b6 (0xfc1d8d93) x27 0x80010673
core   0: 0x800046ba (0xe20d8d03) lb      s10, -480(s11)
core   0: 3 0x800046ba (0xe20d8d03) x26 0x0000003a mem 0x80010493
core   0: 0x800046be (0x6d96c7b7) lui     a5, 0x6d96c
core   0: 3 0x800046be (0x6d96c7b7) x15 0x6d96c000
core   0: 0x800046c2 (0xe20dcc83) lbu     s9, -480(s11)
core   0: 3 0x800046c2 (0xe20dcc83) x25 0x0000003a mem 0x80010493
core   0: 0x800046c6 (0xe20d8883) lb      a7, -480(s11)
core   0: 3 0x800046c6 (0xe20d8883) x17 0x0000003a mem 0x80010493
core   0: 0x800046ca (0x5182f313) andi    t1, t0, 1304
core   0: 3 0x800046ca (0x5182f313) x6  0x00000010
core   0: 0x800046ce (0xe20d8083) lb      ra, -480(s11)
core   0: 3 0x800046ce (0xe20d8083) x1  0x0000003a mem 0x80010493
core   0: 0x800046d2 (0xe20d8183) lb      gp, -480(s11)
core   0: 3 0x800046d2 (0xe20d8183) x3  0x0000003a mem 0x80010493
core   0: 0x800046d6 (0xe20dcb83) lbu     s7, -480(s11)
core   0: 3 0x800046d6 (0xe20dcb83) x23 0x0000003a mem 0x80010493
core   0: 0x800046da (0x034279b3) remu    s3, tp, s4
core   0: 3 0x800046da (0x034279b3) x19 0x7ffd62dd
core   0: 0x800046de (0xe20dcf03) lbu     t5, -480(s11)
core   0: 3 0x800046de (0xe20dcf03) x30 0x0000003a mem 0x80010493
core   0: 0x800046e2 (0x42dd9d03) lh      s10, 1069(s11)
core   0: 3 0x800046e2 (0x42dd9d03) x26 0xffffdc98 mem 0x80010aa0
core   0: 0x800046e6 (0x00008345) c.srli  a4, 17
core   0: 3 0x800046e6 (0x8345) x14 0x00000000
core   0: 0x800046e8 (0x42dd9b03) lh      s6, 1069(s11)
core   0: 3 0x800046e8 (0x42dd9b03) x22 0xffffdc98 mem 0x80010aa0
core   0: 0x800046ec (0x58bd8e83) lb      t4, 1419(s11)
core   0: 3 0x800046ec (0x58bd8e83) x29 0xffffff9c mem 0x80010bfe
core   0: 0x800046f0 (0x58bdd403) lhu     s0, 1419(s11)
core   0: 3 0x800046f0 (0x58bdd403) x8  0x0000fd9c mem 0x80010bfe
core   0: 0x800046f4 (0x26fd9d03) lh      s10, 623(s11)
core   0: 3 0x800046f4 (0x26fd9d03) x26 0xffffed97 mem 0x800108e2
core   0: 0x800046f8 (0x26fd8a83) lb      s5, 623(s11)
core   0: 3 0x800046f8 (0x26fd8a83) x21 0xffffff97 mem 0x800108e2
core   0: 0x800046fc (0xb51dd203) lhu     tp, -1199(s11)
core   0: 3 0x800046fc (0xb51dd203) x4  0x00004512 mem 0x800101c4
core   0: 0x80004700 (0xb51dcc83) lbu     s9, -1199(s11)
core   0: 3 0x80004700 (0xb51dcc83) x25 0x00000012 mem 0x800101c4
core   0: 0x80004704 (0x02df30b3) mulhu   ra, t5, a3
core   0: 3 0x80004704 (0x02df30b3) x1  0x00000000
core   0: 0x80004708 (0x00001308) c.addi4spn a0, sp, 416
core   0: 3 0x80004708 (0x1308) x10 0x80019e33
core   0: 0x8000470a (0xb4fd98a3) sh      a5, -1199(s11)
core   0: 3 0x8000470a (0xb4fd98a3) mem 0x800101c4 0xc000
core   0: 0x8000470e (0x7dfd8283) lb      t0, 2015(s11)
core   0: 3 0x8000470e (0x7dfd8283) x5  0x00000034 mem 0x80010e52
core   0: 0x80004712 (0x5dadc483) lbu     s1, 1498(s11)
core   0: 3 0x80004712 (0x5dadc483) x9  0x0000008d mem 0x80010c4d
core   0: 0x80004716 (0x5ccd8d23) sb      a2, 1498(s11)
core   0: 3 0x80004716 (0x5ccd8d23) mem 0x80010c4d 0x00
core   0: 0x8000471a (0x5dad8703) lb      a4, 1498(s11)
core   0: 3 0x8000471a (0x5dad8703) x14 0x00000000 mem 0x80010c4d
core   0: 0x8000471e (0x00004c29) c.li    s8, 10
core   0: 3 0x8000471e (0x4c29) x24 0x0000000a
core   0: 0x80004720 (0x00000001) c.nop
core   0: 3 0x80004720 (0x0001)
core   0: 0x80004722 (0x01c902b3) add     t0, s2, t3
core   0: 3 0x80004722 (0x01c902b3) x5  0x80025e18
core   0: 0x80004726 (0x01090033) add     zero, s2, a6
core   0: 3 0x80004726 (0x01090033)
core   0: 0x8000472a (0x000053dd) c.li    t2, -9
core   0: 3 0x8000472a (0x53dd) x7  0xfffffff7
core   0: 0x8000472c (0x00001a84) c.addi4spn s1, sp, 368
core   0: 3 0x8000472c (0x1a84) x9  0x80019e03
core   0: 0x8000472e (0xae05e593) ori     a1, a1, -1312
core   0: 3 0x8000472e (0xae05e593) x11 0xfffffbe4
core   0: 0x80004732 (0x00008db6) c.mv    s11, a3
core   0: 3 0x80004732 (0x8db6) x27 0x00000000
core   0: 0x80004734 (0x9ea0c513) xori    a0, ra, -1558
core   0: 3 0x80004734 (0x9ea0c513) x10 0xfffff9ea
core   0: 0x80004738 (0x00001c79) c.addi  s8, -2
core   0: 3 0x80004738 (0x1c79) x24 0x00000008
core   0: 0x8000473a (0x00005e7d) c.li    t3, -1
core   0: 3 0x8000473a (0x5e7d) x28 0xffffffff
core   0: 0x8000473c (0xfe7c58e3) bge     s8, t2, pc - 16
core   0: 3 0x8000473c (0xfe7c58e3)
core   0: 0x8000472c (0x00001a84) c.addi4spn s1, sp, 368
core   0: 3 0x8000472c (0x1a84) x9  0x80019e03
core   0: 0x8000472e (0xae05e593) ori     a1, a1, -1312
core   0: 3 0x8000472e (0xae05e593) x11 0xfffffbe4
core   0: 0x80004732 (0x00008db6) c.mv    s11, a3
core   0: 3 0x80004732 (0x8db6) x27 0x00000000
core   0: 0x80004734 (0x9ea0c513) xori    a0, ra, -1558
core   0: 3 0x80004734 (0x9ea0c513) x10 0xfffff9ea
core   0: 0x80004738 (0x00001c79) c.addi  s8, -2
core   0: 3 0x80004738 (0x1c79) x24 0x00000006
core   0: 0x8000473a (0x00005e7d) c.li    t3, -1
core   0: 3 0x8000473a (0x5e7d) x28 0xffffffff
core   0: 0x8000473c (0xfe7c58e3) bge     s8, t2, pc - 16
core   0: 3 0x8000473c (0xfe7c58e3)
core   0: 0x8000472c (0x00001a84) c.addi4spn s1, sp, 368
core   0: 3 0x8000472c (0x1a84) x9  0x80019e03
core   0: 0x8000472e (0xae05e593) ori     a1, a1, -1312
core   0: 3 0x8000472e (0xae05e593) x11 0xfffffbe4
core   0: 0x80004732 (0x00008db6) c.mv    s11, a3
core   0: 3 0x80004732 (0x8db6) x27 0x00000000
core   0: 0x80004734 (0x9ea0c513) xori    a0, ra, -1558
core   0: 3 0x80004734 (0x9ea0c513) x10 0xfffff9ea
core   0: 0x80004738 (0x00001c79) c.addi  s8, -2
core   0: 3 0x80004738 (0x1c79) x24 0x00000004
core   0: 0x8000473a (0x00005e7d) c.li    t3, -1
core   0: 3 0x8000473a (0x5e7d) x28 0xffffffff
core   0: 0x8000473c (0xfe7c58e3) bge     s8, t2, pc - 16
core   0: 3 0x8000473c (0xfe7c58e3)
core   0: 0x8000472c (0x00001a84) c.addi4spn s1, sp, 368
core   0: 3 0x8000472c (0x1a84) x9  0x80019e03
core   0: 0x8000472e (0xae05e593) ori     a1, a1, -1312
core   0: 3 0x8000472e (0xae05e593) x11 0xfffffbe4
core   0: 0x80004732 (0x00008db6) c.mv    s11, a3
core   0: 3 0x80004732 (0x8db6) x27 0x00000000
core   0: 0x80004734 (0x9ea0c513) xori    a0, ra, -1558
core   0: 3 0x80004734 (0x9ea0c513) x10 0xfffff9ea
core   0: 0x80004738 (0x00001c79) c.addi  s8, -2
core   0: 3 0x80004738 (0x1c79) x24 0x00000002
core   0: 0x8000473a (0x00005e7d) c.li    t3, -1
core   0: 3 0x8000473a (0x5e7d) x28 0xffffffff
core   0: 0x8000473c (0xfe7c58e3) bge     s8, t2, pc - 16
core   0: 3 0x8000473c (0xfe7c58e3)
core   0: 0x8000472c (0x00001a84) c.addi4spn s1, sp, 368
core   0: 3 0x8000472c (0x1a84) x9  0x80019e03
core   0: 0x8000472e (0xae05e593) ori     a1, a1, -1312
core   0: 3 0x8000472e (0xae05e593) x11 0xfffffbe4
core   0: 0x80004732 (0x00008db6) c.mv    s11, a3
core   0: 3 0x80004732 (0x8db6) x27 0x00000000
core   0: 0x80004734 (0x9ea0c513) xori    a0, ra, -1558
core   0: 3 0x80004734 (0x9ea0c513) x10 0xfffff9ea
core   0: 0x80004738 (0x00001c79) c.addi  s8, -2
core   0: 3 0x80004738 (0x1c79) x24 0x00000000
core   0: 0x8000473a (0x00005e7d) c.li    t3, -1
core   0: 3 0x8000473a (0x5e7d) x28 0xffffffff
core   0: 0x8000473c (0xfe7c58e3) bge     s8, t2, pc - 16
core   0: 3 0x8000473c (0xfe7c58e3)
core   0: 0x8000472c (0x00001a84) c.addi4spn s1, sp, 368
core   0: 3 0x8000472c (0x1a84) x9  0x80019e03
core   0: 0x8000472e (0xae05e593) ori     a1, a1, -1312
core   0: 3 0x8000472e (0xae05e593) x11 0xfffffbe4
core   0: 0x80004732 (0x00008db6) c.mv    s11, a3
core   0: 3 0x80004732 (0x8db6) x27 0x00000000
core   0: 0x80004734 (0x9ea0c513) xori    a0, ra, -1558
core   0: 3 0x80004734 (0x9ea0c513) x10 0xfffff9ea
core   0: 0x80004738 (0x00001c79) c.addi  s8, -2
core   0: 3 0x80004738 (0x1c79) x24 0xfffffffe
core   0: 0x8000473a (0x00005e7d) c.li    t3, -1
core   0: 3 0x8000473a (0x5e7d) x28 0xffffffff
core   0: 0x8000473c (0xfe7c58e3) bge     s8, t2, pc - 16
core   0: 3 0x8000473c (0xfe7c58e3)
core   0: 0x8000472c (0x00001a84) c.addi4spn s1, sp, 368
core   0: 3 0x8000472c (0x1a84) x9  0x80019e03
core   0: 0x8000472e (0xae05e593) ori     a1, a1, -1312
core   0: 3 0x8000472e (0xae05e593) x11 0xfffffbe4
core   0: 0x80004732 (0x00008db6) c.mv    s11, a3
core   0: 3 0x80004732 (0x8db6) x27 0x00000000
core   0: 0x80004734 (0x9ea0c513) xori    a0, ra, -1558
core   0: 3 0x80004734 (0x9ea0c513) x10 0xfffff9ea
core   0: 0x80004738 (0x00001c79) c.addi  s8, -2
core   0: 3 0x80004738 (0x1c79) x24 0xfffffffc
core   0: 0x8000473a (0x00005e7d) c.li    t3, -1
core   0: 3 0x8000473a (0x5e7d) x28 0xffffffff
core   0: 0x8000473c (0xfe7c58e3) bge     s8, t2, pc - 16
core   0: 3 0x8000473c (0xfe7c58e3)
core   0: 0x8000472c (0x00001a84) c.addi4spn s1, sp, 368
core   0: 3 0x8000472c (0x1a84) x9  0x80019e03
core   0: 0x8000472e (0xae05e593) ori     a1, a1, -1312
core   0: 3 0x8000472e (0xae05e593) x11 0xfffffbe4
core   0: 0x80004732 (0x00008db6) c.mv    s11, a3
core   0: 3 0x80004732 (0x8db6) x27 0x00000000
core   0: 0x80004734 (0x9ea0c513) xori    a0, ra, -1558
core   0: 3 0x80004734 (0x9ea0c513) x10 0xfffff9ea
core   0: 0x80004738 (0x00001c79) c.addi  s8, -2
core   0: 3 0x80004738 (0x1c79) x24 0xfffffffa
core   0: 0x8000473a (0x00005e7d) c.li    t3, -1
core   0: 3 0x8000473a (0x5e7d) x28 0xffffffff
core   0: 0x8000473c (0xfe7c58e3) bge     s8, t2, pc - 16
core   0: 3 0x8000473c (0xfe7c58e3)
core   0: 0x8000472c (0x00001a84) c.addi4spn s1, sp, 368
core   0: 3 0x8000472c (0x1a84) x9  0x80019e03
core   0: 0x8000472e (0xae05e593) ori     a1, a1, -1312
core   0: 3 0x8000472e (0xae05e593) x11 0xfffffbe4
core   0: 0x80004732 (0x00008db6) c.mv    s11, a3
core   0: 3 0x80004732 (0x8db6) x27 0x00000000
core   0: 0x80004734 (0x9ea0c513) xori    a0, ra, -1558
core   0: 3 0x80004734 (0x9ea0c513) x10 0xfffff9ea
core   0: 0x80004738 (0x00001c79) c.addi  s8, -2
core   0: 3 0x80004738 (0x1c79) x24 0xfffffff8
core   0: 0x8000473a (0x00005e7d) c.li    t3, -1
core   0: 3 0x8000473a (0x5e7d) x28 0xffffffff
core   0: 0x8000473c (0xfe7c58e3) bge     s8, t2, pc - 16
core   0: 3 0x8000473c (0xfe7c58e3)
core   0: 0x8000472c (0x00001a84) c.addi4spn s1, sp, 368
core   0: 3 0x8000472c (0x1a84) x9  0x80019e03
core   0: 0x8000472e (0xae05e593) ori     a1, a1, -1312
core   0: 3 0x8000472e (0xae05e593) x11 0xfffffbe4
core   0: 0x80004732 (0x00008db6) c.mv    s11, a3
core   0: 3 0x80004732 (0x8db6) x27 0x00000000
core   0: 0x80004734 (0x9ea0c513) xori    a0, ra, -1558
core   0: 3 0x80004734 (0x9ea0c513) x10 0xfffff9ea
core   0: 0x80004738 (0x00001c79) c.addi  s8, -2
core   0: 3 0x80004738 (0x1c79) x24 0xfffffff6
core   0: 0x8000473a (0x00005e7d) c.li    t3, -1
core   0: 3 0x8000473a (0x5e7d) x28 0xffffffff
core   0: 0x8000473c (0xfe7c58e3) bge     s8, t2, pc - 16
core   0: 3 0x8000473c (0xfe7c58e3)
core   0: 0x80004740 (0x02b08fb3) mul     t6, ra, a1
core   0: 3 0x80004740 (0x02b08fb3) x31 0x00000000
core   0: 0x80004744 (0x02a000ef) jal     pc + 0x2a
core   0: 3 0x80004744 (0x02a000ef) x1  0x80004748
core   0: 0x8000476e (0x0000bffd) c.j     pc - 2
core   0: 3 0x8000476e (0xbffd)
core   0: 0x8000476c (0x00003fc5) c.jal   pc - 16
core   0: 3 0x8000476c (0x3fc5) x1  0x8000476e
core   0: 0x8000475c (0x00002009) c.jal   pc + 2
core   0: 3 0x8000475c (0x2009) x1  0x8000475e
core   0: 0x8000475e (0x00a0016f) jal     sp, pc + 0xa
core   0: 3 0x8000475e (0x00a0016f) x2  0x80004762
core   0: 0x80004768 (0x00003fed) c.jal   pc - 6
core   0: 3 0x80004768 (0x3fed) x1  0x8000476a
core   0: 0x80004762 (0xff3ff36f) jal     t1, pc - 0xe
core   0: 3 0x80004762 (0xff3ff36f) x6  0x80004766
core   0: 0x80004754 (0x0000a819) c.j     pc + 22
core   0: 3 0x80004754 (0xa819)
core   0: 0x8000476a (0x0000b7d5) c.j     pc - 28
core   0: 3 0x8000476a (0xb7d5)
core   0: 0x8000474e (0x0000a009) c.j     pc + 2
core   0: 3 0x8000474e (0xa009)
core   0: 0x80004750 (0x008000ef) jal     pc + 0x8
core   0: 3 0x80004750 (0x008000ef) x1  0x80004754
core   0: 0x80004758 (0x0000a831) c.j     pc + 28
core   0: 3 0x80004758 (0xa831)
core   0: 0x80004774 (0xff3ff0ef) jal     pc - 0xe
core   0: 3 0x80004774 (0xff3ff0ef) x1  0x80004778
core   0: 0x80004766 (0x00002809) c.jal   pc + 18
core   0: 3 0x80004766 (0x2809) x1  0x80004768
core   0: 0x80004778 (0xfdfff36f) jal     t1, pc - 0x22
core   0: 3 0x80004778 (0xfdfff36f) x6  0x8000477c
core   0: 0x80004756 (0x0000bfcd) c.j     pc - 14
core   0: 3 0x80004756 (0xbfcd)
core   0: 0x80004748 (0x0120036f) jal     t1, pc + 0x12
core   0: 3 0x80004748 (0x0120036f) x6  0x8000474c
core   0: 0x8000475a (0x00002819) c.jal   pc + 22
core   0: 3 0x8000475a (0x2819) x1  0x8000475c
core   0: 0x80004770 (0xfddffe6f) jal     t3, pc - 0x24
core   0: 3 0x80004770 (0xfddffe6f) x28 0x80004774
core   0: 0x8000474c (0x00002805) c.jal   pc + 48
core   0: 3 0x8000474c (0x2805) x1  0x8000474e
core   0: 0x8000477c (0x63720713) addi    a4, tp, 1591
core   0: 3 0x8000477c (0x63720713) x14 0x00004b49
core   0: 0x80004780 (0x010000ef) jal     pc + 0x10
core   0: 3 0x80004780 (0x010000ef) x1  0x80004784
core   0: 0x80004790 (0x004000ef) jal     pc + 0x4
core   0: 3 0x80004790 (0x004000ef) x1  0x80004794
core   0: 0x80004794 (0x0000bfc5) c.j     pc - 16
core   0: 3 0x80004794 (0xbfc5)
core   0: 0x80004784 (0x00002811) c.jal   pc + 20
core   0: 3 0x80004784 (0x2811) x1  0x80004786
core   0: 0x80004798 (0x00003ffd) c.jal   pc - 2
core   0: 3 0x80004798 (0x3ffd) x1  0x8000479a
core   0: 0x80004796 (0x0000bfdd) c.j     pc - 10
core   0: 3 0x80004796 (0xbfdd)
core   0: 0x8000478c (0x0000a009) c.j     pc + 2
core   0: 3 0x8000478c (0xa009)
core   0: 0x8000478e (0x0000a031) c.j     pc + 12
core   0: 3 0x8000478e (0xa031)
core   0: 0x8000479a (0x0000a009) c.j     pc + 2
core   0: 3 0x8000479a (0xa009)
core   0: 0x8000479c (0x00002009) c.jal   pc + 2
core   0: 3 0x8000479c (0x2009) x1  0x8000479e
core   0: 0x8000479e (0x0000a009) c.j     pc + 2
core   0: 3 0x8000479e (0xa009)
core   0: 0x800047a0 (0x000037dd) c.jal   pc - 26
core   0: 3 0x800047a0 (0x37dd) x1  0x800047a2
core   0: 0x80004786 (0x0000a009) c.j     pc + 2
core   0: 3 0x80004786 (0xa009)
core   0: 0x80004788 (0x01a00e6f) jal     t3, pc + 0x1a
core   0: 3 0x80004788 (0x01a00e6f) x28 0x8000478c
core   0: 0x800047a2 (0x657dfa93) andi    s5, s11, 1623
core   0: 3 0x800047a2 (0x657dfa93) x21 0x00000000
core   0: 0x800047a6 (0x000083e9) c.srli  a5, 26
core   0: 3 0x800047a6 (0x83e9) x15 0x0000001b
core   0: 0x800047a8 (0x00008305) c.srli  a4, 1
core   0: 3 0x800047a8 (0x8305) x14 0x000025a4
core   0: 0x800047aa (0x6c9eb593) sltiu   a1, t4, 1737
core   0: 3 0x800047aa (0x6c9eb593) x11 0x00000000
core   0: 0x800047ae (0x000099fd) c.andi  a1, -1
core   0: 3 0x800047ae (0x99fd) x11 0x00000000
core   0: 0x800047b0 (0x027f99b3) mulh    s3, t6, t2
core   0: 3 0x800047b0 (0x027f99b3) x19 0x00000000
core   0: 0x800047b4 (0x0d378363) beq     a5, s3, pc + 198
core   0: 3 0x800047b4 (0x0d378363)
core   0: 0x800047b8 (0x0000e44d) c.bnez  s0, pc + 170
core   0: 3 0x800047b8 (0xe44d)
core   0: 0x80004862 (0x0000c719) c.beqz  a4, pc + 14
core   0: 3 0x80004862 (0xc719)
core   0: 0x80004864 (0x002933b3) sltu    t2, s2, sp
core   0: 3 0x80004864 (0x002933b3) x7  0x00000000
core   0: 0x80004868 (0x00009b7d) c.andi  a4, -1
core   0: 3 0x80004868 (0x9b7d) x14 0x000025a4
core   0: 0x8000486a (0x027b4663) blt     s6, t2, pc + 44
core   0: 3 0x8000486a (0x027b4663)
core   0: 0x80004896 (0x0000127d) c.addi  tp, -1
core   0: 3 0x80004896 (0x127d) x4  0x00004511
core   0: 0x80004898 (0x407c0cb3) sub     s9, s8, t2
core   0: 3 0x80004898 (0x407c0cb3) x25 0xfffffff6
core   0: 0x8000489c (0x40d85313) srai    t1, a6, 13
core   0: 3 0x8000489c (0x40d85313) x6  0x00000000
core   0: 0x800048a0 (0x00008fb5) c.xor   a5, a3
core   0: 3 0x800048a0 (0x8fb5) x15 0x0000001b
core   0: 0x800048a2 (0x0170c9b3) xor     s3, ra, s7
core   0: 3 0x800048a2 (0x0170c9b3) x19 0x80004798
core   0: 0x800048a6 (0x00000001) c.nop
core   0: 3 0x800048a6 (0x0001)
core   0: 0x800048a8 (0x005c5413) srli    s0, s8, 5
core   0: 3 0x800048a8 (0x005c5413) x8  0x07ffffff
core   0: 0x800048ac (0x0000717d) c.addi16sp sp, -16
core   0: 3 0x800048ac (0x717d) x2  0x80004752
core   0: 0x800048ae (0x0394f9b3) remu    s3, s1, s9
core   0: 3 0x800048ae (0x0394f9b3) x19 0x80019e03
core   0: 0x800048b2 (0x0000717d) c.addi16sp sp, -16
core   0: 3 0x800048b2 (0x717d) x2  0x80004742
core   0: 0x800048b4 (0x00f4bdb3) sltu    s11, s1, a5
core   0: 3 0x800048b4 (0x00f4bdb3) x27 0x00000000
core   0: 0x800048b8 (0x00001c1c) c.addi4spn a5, sp, 560
core   0: 3 0x800048b8 (0x1c1c) x15 0x80004972
core   0: 0x800048ba (0x0000868d) c.srai  a3, 3
core   0: 3 0x800048ba (0x868d) x13 0x00000000
core   0: 0x800048bc (0xfea1a297) auipc   t0, 0xfea1a
core   0: 3 0x800048bc (0xfea1a297) x5  0x7ea1e8bc
core   0: 0x800048c0 (0x00b45563) bge     s0, a1, pc + 10
core   0: 3 0x800048c0 (0x00b45563)
core   0: 0x800048ca (0x00008f61) c.and   a4, s0
core   0: 3 0x800048ca (0x8f61) x14 0x000025a4
core   0: 0x800048cc (0x007ea333) slt     t1, t4, t2
core   0: 3 0x800048cc (0x007ea333) x6  0x00000001
core   0: 0x800048d0 (0x575a4493) xori    s1, s4, 1397
core   0: 3 0x800048d0 (0x575a4493) x9  0x80029991
core   0: 0x800048d4 (0x5cf4a197) auipc   gp, 0x5cf4a
core   0: 3 0x800048d4 (0x5cf4a197) x3  0xdcf4e8d4
core   0: 0x800048d8 (0x00649d93) slli    s11, s1, 6
core   0: 3 0x800048d8 (0x00649d93) x27 0x00a66440
core   0: 0x800048dc (0x014c5563) bge     s8, s4, pc + 10
core   0: 3 0x800048dc (0x014c5563)
core   0: 0x800048e6 (0x030d5eb3) divu    t4, s10, a6
core   0: 3 0x800048e6 (0x030d5eb3) x29 0xffffffff
core   0: 0x800048ea (0x00009bfd) c.andi  a5, -1
core   0: 3 0x800048ea (0x9bfd) x15 0x80004972
core   0: 0x800048ec (0x0096b533) sltu    a0, a3, s1
core   0: 3 0x800048ec (0x0096b533) x10 0x00000001
core   0: 0x800048f0 (0x00004439) c.li    s0, 14
core   0: 3 0x800048f0 (0x4439) x8  0x0000000e
core   0: 0x800048f2 (0x00008045) c.srli  s0, 17
core   0: 3 0x800048f2 (0x8045) x8  0x00000000
core   0: 0x800048f4 (0x02aee233) rem     tp, t4, a0
core   0: 3 0x800048f4 (0x02aee233) x4  0x00000000
core   0: 0x800048f8 (0x00000001) c.nop
core   0: 3 0x800048f8 (0x0001)
core   0: 0x800048fa (0x032a4e63) blt     s4, s2, pc + 60
core   0: 3 0x800048fa (0x032a4e63)
core   0: 0x800048fe (0x00006189) c.lui   gp, 0x2
core   0: 3 0x800048fe (0x6189) x3  0x00002000
core   0: 0x80004900 (0x00065a93) srli    s5, a2, 0
core   0: 3 0x80004900 (0x00065a93) x21 0x00000000
core   0: 0x80004904 (0xa20f9597) auipc   a1, 0xa20f9
core   0: 3 0x80004904 (0xa20f9597) x11 0x220fd904
core   0: 0x80004908 (0x00008c29) c.xor   s0, a0
core   0: 3 0x80004908 (0x8c29) x8  0x00000001
core   0: 0x8000490a (0x41288d33) sub     s10, a7, s2
core   0: 3 0x8000490a (0x41288d33) x26 0x7ffda222
core   0: 0x8000490e (0xec0d7837) lui     a6, 0xec0d7
core   0: 3 0x8000490e (0xec0d7837) x16 0xec0d7000
core   0: 0x80004912 (0x00008f62) c.mv    t5, s8
core   0: 3 0x80004912 (0x8f62) x30 0xfffffff6
core   0: 0x80004914 (0x007eb1b3) sltu    gp, t4, t2
core   0: 3 0x80004914 (0x007eb1b3) x3  0x00000000
core   0: 0x80004918 (0x002e8f63) beq     t4, sp, pc + 30
core   0: 3 0x80004918 (0x002e8f63)
core   0: 0x8000491c (0x00008c29) c.xor   s0, a0
core   0: 3 0x8000491c (0x8c29) x8  0x00000000
core   0: 0x8000491e (0x00008d55) c.or    a0, a3
core   0: 3 0x8000491e (0x8d55) x10 0x00000001
core   0: 0x80004920 (0x000093ee) c.add   t2, s11
core   0: 3 0x80004920 (0x93ee) x7  0x00a66440
core   0: 0x80004922 (0x11b4aa93) slti    s5, s1, 283
core   0: 3 0x80004922 (0x11b4aa93) x21 0x00000001
core   0: 0x80004926 (0x00000001) c.nop
core   0: 3 0x80004926 (0x0001)
core   0: 0x80004928 (0x01be1193) slli    gp, t3, 27
core   0: 3 0x80004928 (0x01be1193) x3  0x60000000
core   0: 0x8000492c (0xc4ebeeb7) lui     t4, 0xc4ebe
core   0: 3 0x8000492c (0xc4ebeeb7) x29 0xc4ebe000
core   0: 0x80004930 (0x00658f33) add     t5, a1, t1
core   0: 3 0x80004930 (0x00658f33) x30 0x220fd905
core   0: 0x80004934 (0x00008f59) c.or    a4, a4
core   0: 3 0x80004934 (0x8f59) x14 0x000025a4
core   0: 0x80004936 (0x00008ddd) c.or    a1, a5
core   0: 3 0x80004936 (0x8ddd) x11 0xa20fd976
core   0: 0x80004938 (0xa052fb97) auipc   s7, 0xa052f
core   0: 3 0x80004938 (0xa052fb97) x23 0x20533938
core   0: 0x8000493c (0x00008715) c.srai  a4, 5
core   0: 3 0x8000493c (0x8715) x14 0x0000012d
core   0: 0x8000493e (0x02fe7533) remu    a0, t3, a5
core   0: 3 0x8000493e (0x02fe7533) x10 0x8000478c
core   0: 0x80004942 (0x00008bed) c.andi  a5, 27
core   0: 3 0x80004942 (0x8bed) x15 0x00000012
core   0: 0x80004944 (0x00000001) c.nop
core   0: 3 0x80004944 (0x0001)
core   0: 0x80004946 (0x0000e701) c.bnez  a4, pc + 8
core   0: 3 0x80004946 (0xe701)
core   0: 0x8000494e (0x00000001) c.nop
core   0: 3 0x8000494e (0x0001)
core   0: 0x80004950 (0x028bc263) blt     s7, s0, pc + 36
core   0: 3 0x80004950 (0x028bc263)
core   0: 0x80004954 (0x029e8b33) mul     s6, t4, s1
core   0: 3 0x80004954 (0x029e8b33) x22 0x4279e000
core   0: 0x80004958 (0x0057ec33) or      s8, a5, t0
core   0: 3 0x80004958 (0x0057ec33) x24 0x7ea1e8be
core   0: 0x8000495c (0x01a52f33) slt     t5, a0, s10
core   0: 3 0x8000495c (0x01a52f33) x30 0x00000001
core   0: 0x80004960 (0x00000001) c.nop
core   0: 3 0x80004960 (0x0001)
core   0: 0x80004962 (0x03b94863) blt     s2, s11, pc + 48
core   0: 3 0x80004962 (0x03b94863)
core   0: 0x80004992 (0x000005a5) c.addi  a1, 9
core   0: 3 0x80004992 (0x05a5) x11 0xa20fd97f
core   0: 0x80004994 (0x9523ee13) ori     t3, t2, -1710
core   0: 3 0x80004994 (0x9523ee13) x28 0xfffffd52
core   0: 0x80004998 (0x00aae833) or      a6, s5, a0
core   0: 3 0x80004998 (0x00aae833) x16 0x8000478d
core   0: 0x8000499c (0x6ba83f13) sltiu   t5, a6, 1722
core   0: 3 0x8000499c (0x6ba83f13) x30 0x00000000
core   0: 0x800049a0 (0x15b86f93) ori     t6, a6, 347
core   0: 3 0x800049a0 (0x15b86f93) x31 0x800047df
core   0: 0x800049a4 (0x00008fad) c.xor   a5, a1
core   0: 3 0x800049a4 (0x8fad) x15 0xa20fd96d
core   0: 0x800049a6 (0x00008f55) c.or    a4, a3
core   0: 3 0x800049a6 (0x8f55) x14 0x0000012d
core   0: 0x800049a8 (0x00008d61) c.and   a0, s0
core   0: 3 0x800049a8 (0x8d61) x10 0x00000000
core   0: 0x800049aa (0x0000c799) c.beqz  a5, pc + 14
core   0: 3 0x800049aa (0xc799)
core   0: 0x800049ac (0x00ad2f33) slt     t5, s10, a0
core   0: 3 0x800049ac (0x00ad2f33) x30 0x00000000
core   0: 0x800049b0 (0x00f18ab3) add     s5, gp, a5
core   0: 3 0x800049b0 (0x00f18ab3) x21 0x020fd96d
core   0: 0x800049b4 (0x00008e7e) c.mv    t3, t6
core   0: 3 0x800049b4 (0x8e7e) x28 0x800047df
core   0: 0x800049b6 (0x0000613d) c.addi16sp sp, 480
core   0: 3 0x800049b6 (0x613d) x2  0x80004922
core   0: 0x800049b8 (0x727e0b93) addi    s7, t3, 1831
core   0: 3 0x800049b8 (0x727e0b93) x23 0x80004f06
core   0: 0x800049bc (0x0b494b17) auipc   s6, 0xb494
core   0: 3 0x800049bc (0x0b494b17) x22 0x8b4989bc
core   0: 0x800049c0 (0x030d4963) blt     s10, a6, pc + 50
core   0: 3 0x800049c0 (0x030d4963)
core   0: 0x800049c4 (0x40ad8c33) sub     s8, s11, a0
core   0: 3 0x800049c4 (0x40ad8c33) x24 0x00a66440
core   0: 0x800049c8 (0x0000c589) c.beqz  a1, pc + 10
core   0: 3 0x800049c8 (0xc589)
core   0: 0x800049ca (0x18862ab7) lui     s5, 0x18862
core   0: 3 0x800049ca (0x18862ab7) x21 0x18862000
core   0: 0x800049ce (0x03e5d4b3) divu    s1, a1, t5
core   0: 3 0x800049ce (0x03e5d4b3) x9  0xffffffff
core   0: 0x800049d2 (0x03b97233) remu    tp, s2, s11
core   0: 3 0x800049d2 (0x03b97233) x4  0x009d9d18
core   0: 0x800049d6 (0xed210793) addi    a5, sp, -302
core   0: 3 0x800049d6 (0xed210793) x15 0x800047f4
core   0: 0x800049da (0x01b15963) bge     sp, s11, pc + 18
core   0: 3 0x800049da (0x01b15963)
core   0: 0x800049de (0x00000001) c.nop
core   0: 3 0x800049de (0x0001)
core   0: 0x800049e0 (0x00006159) c.addi16sp sp, 400
core   0: 3 0x800049e0 (0x6159) x2  0x80004ab2
core   0: 0x800049e2 (0x03447f63) bgeu    s0, s4, pc + 62
core   0: 3 0x800049e2 (0x03447f63)
core   0: 0x800049e6 (0x41255eb3) sra     t4, a0, s2
core   0: 3 0x800049e6 (0x41255eb3) x29 0x00000000
core   0: 0x800049ea (0x000097f6) c.add   a5, t4
core   0: 3 0x800049ea (0x97f6) x15 0x800047f4
core   0: 0x800049ec (0x000063a5) c.lui   t2, 0x9
core   0: 3 0x800049ec (0x63a5) x7  0x00009000
core   0: 0x800049ee (0x01ec3233) sltu    tp, s8, t5
core   0: 3 0x800049ee (0x01ec3233) x4  0x00000000
core   0: 0x800049f2 (0x6d3cb813) sltiu   a6, s9, 1747
core   0: 3 0x800049f2 (0x6d3cb813) x16 0x00000000
core   0: 0x800049f6 (0x01b68ab3) add     s5, a3, s11
core   0: 3 0x800049f6 (0x01b68ab3) x21 0x00a66440
core   0: 0x800049fa (0x00000001) c.nop
core   0: 3 0x800049fa (0x0001)
core   0: 0x800049fc (0x0389ed33) rem     s10, s3, s8
core   0: 3 0x800049fc (0x0389ed33) x26 0xff665f03
core   0: 0x80004a00 (0x000012fd) c.addi  t0, -1
core   0: 3 0x80004a00 (0x12fd) x5  0x7ea1e8bb
core   0: 0x80004a02 (0x8c2b2193) slti    gp, s6, -1854
core   0: 3 0x80004a02 (0x8c2b2193) x3  0x00000001
core   0: 0x80004a06 (0x016dfd63) bgeu    s11, s6, pc + 26
core   0: 3 0x80004a06 (0x016dfd63)
core   0: 0x80004a0a (0xa1e27893) andi    a7, tp, -1506
core   0: 3 0x80004a0a (0xa1e27893) x17 0x00000000
core   0: 0x80004a0e (0x0000f733) and     a4, ra, zero
core   0: 3 0x80004a0e (0x0000f733) x14 0x00000000
core   0: 0x80004a12 (0x00001c80) c.addi4spn s0, sp, 624
core   0: 3 0x80004a12 (0x1c80) x8  0x80004d22
core   0: 0x80004a14 (0x35bde693) ori     a3, s11, 859
core   0: 3 0x80004a14 (0x35bde693) x13 0x00a6675b
core   0: 0x80004a18 (0x03e298b3) mulh    a7, t0, t5
core   0: 3 0x80004a18 (0x03e298b3) x17 0x00000000
core   0: 0x80004a1c (0x00000001) c.nop
core   0: 3 0x80004a1c (0x0001)
core   0: 0x80004a1e (0x00008de5) c.and   a1, s1
core   0: 3 0x80004a1e (0x8de5) x11 0xa20fd97f
core   0: 0x80004a20 (0x0072edb3) or      s11, t0, t2
core   0: 3 0x80004a20 (0x0072edb3) x27 0x7ea1f8bb
core   0: 0x80004a24 (0x419edeb3) sra     t4, t4, s9
core   0: 3 0x80004a24 (0x419edeb3) x29 0x00000000
core   0: 0x80004a28 (0x000046a5) c.li    a3, 9
core   0: 3 0x80004a28 (0x46a5) x13 0x00000009
core   0: 0x80004a2a (0x02514063) blt     sp, t0, pc + 32
core   0: 3 0x80004a2a (0x02514063)
core   0: 0x80004a4a (0x01a28563) beq     t0, s10, pc + 10
core   0: 3 0x80004a4a (0x01a28563)
core   0: 0x80004a4e (0x014b6733) or      a4, s6, s4
core   0: 3 0x80004a4e (0x014b6733) x14 0x8b4b9dfc
core   0: 0x80004a52 (0x00008ccd) c.or    s1, a1
core   0: 3 0x80004a52 (0x8ccd) x9  0xffffffff
core   0: 0x80004a54 (0x0000441d) c.li    s0, 7
core   0: 3 0x80004a54 (0x441d) x8  0x00000007
core   0: 0x80004a56 (0x011c74b3) and     s1, s8, a7
core   0: 3 0x80004a56 (0x011c74b3) x9  0x00000000
core   0: 0x80004a5a (0x023422b3) mulhsu  t0, s0, gp
core   0: 3 0x80004a5a (0x023422b3) x5  0x00000000
core   0: 0x80004a5e (0x03c99733) mulh    a4, s3, t3
core   0: 3 0x80004a5e (0x03c99733) x14 0x3fff0d0f
core   0: 0x80004a62 (0x00008989) c.andi  a1, 2
core   0: 3 0x80004a62 (0x8989) x11 0x00000002
core   0: 0x80004a64 (0x000005da) c.slli  a1, 22
core   0: 3 0x80004a64 (0x05da) x11 0x00800000
core   0: 0x80004a66 (0x59282593) slti    a1, a6, 1426
core   0: 3 0x80004a66 (0x59282593) x11 0x00000001
core   0: 0x80004a6a (0x0104b6b3) sltu    a3, s1, a6
core   0: 3 0x80004a6a (0x0104b6b3) x13 0x00000000
core   0: 0x80004a6e (0x036815b3) mulh    a1, a6, s6
core   0: 3 0x80004a6e (0x036815b3) x11 0x00000000
core   0: 0x80004a72 (0x0000459d) c.li    a1, 7
core   0: 3 0x80004a72 (0x459d) x11 0x00000007
core   0: 0x80004a74 (0x0000e329) c.bnez  a4, pc + 66
core   0: 3 0x80004a74 (0xe329)
core   0: 0x80004ab6 (0x6f3a8c13) addi    s8, s5, 1779
core   0: 3 0x80004ab6 (0x6f3a8c13) x24 0x00a66b33
core   0: 0x80004aba (0x00000001) c.nop
core   0: 3 0x80004aba (0x0001)
core   0: 0x80004abc (0x0006adb3) slt     s11, a3, zero
core   0: 3 0x80004abc (0x0006adb3) x27 0x00000000
core   0: 0x80004ac0 (0x00008c2d) c.xor   s0, a1
core   0: 3 0x80004ac0 (0x8c2d) x8  0x00000000
core   0: 0x80004ac2 (0x01975a93) srli    s5, a4, 25
core   0: 3 0x80004ac2 (0x01975a93) x21 0x0000001f
core   0: 0x80004ac6 (0x02c338b3) mulhu   a7, t1, a2
core   0: 3 0x80004ac6 (0x02c338b3) x17 0x00000000
core   0: 0x80004aca (0x1a4e8f13) addi    t5, t4, 420
core   0: 3 0x80004aca (0x1a4e8f13) x30 0x000001a4
core   0: 0x80004ace (0x00006721) c.lui   a4, 0x8
core   0: 3 0x80004ace (0x6721) x14 0x00008000
core   0: 0x80004ad0 (0x00000afe) c.slli  s5, 31
core   0: 3 0x80004ad0 (0x0afe) x21 0x80000000
core   0: 0x80004ad2 (0x02e7c133) div     sp, a5, a4
core   0: 3 0x80004ad2 (0x02e7c133) x2  0xffff0001
core   0: 0x80004ad6 (0x02c86cb3) rem     s9, a6, a2
core   0: 3 0x80004ad6 (0x02c86cb3) x25 0x00000000
core   0: 0x80004ada (0x00307663) bgeu    zero, gp, pc + 12
core   0: 3 0x80004ada (0x00307663)
core   0: 0x80004ade (0x03b07d33) remu    s10, zero, s11
core   0: 3 0x80004ade (0x03b07d33) x26 0x00000000
core   0: 0x80004ae2 (0x00cb7533) and     a0, s6, a2
core   0: 3 0x80004ae2 (0x00cb7533) x10 0x00000000
core   0: 0x80004ae6 (0x00009bfd) c.andi  a5, -1
core   0: 3 0x80004ae6 (0x9bfd) x15 0x800047f4
core   0: 0x80004ae8 (0x643eb193) sltiu   gp, t4, 1603
core   0: 3 0x80004ae8 (0x643eb193) x3  0x00000001
core   0: 0x80004aec (0x00008f29) c.xor   a4, a0
core   0: 3 0x80004aec (0x8f29) x14 0x00008000
core   0: 0x80004aee (0x00001008) c.addi4spn a0, sp, 32
core   0: 3 0x80004aee (0x1008) x10 0xffff0021
core   0: 0x80004af0 (0x000085d6) c.mv    a1, s5
core   0: 3 0x80004af0 (0x85d6) x11 0x80000000
core   0: 0x80004af2 (0x409b0033) sub     zero, s6, s1
core   0: 3 0x80004af2 (0x409b0033)
core   0: 0x80004af6 (0x018671b3) and     gp, a2, s8
core   0: 3 0x80004af6 (0x018671b3) x3  0x00000000
core   0: 0x80004afa (0x0000eb89) c.bnez  a5, pc + 18
core   0: 3 0x80004afa (0xeb89)
core   0: 0x80004b0c (0x01c073b3) and     t2, zero, t3
core   0: 3 0x80004b0c (0x01c073b3) x7  0x00000000
core   0: 0x80004b10 (0x02c33533) mulhu   a0, t1, a2
core   0: 3 0x80004b10 (0x02c33533) x10 0x00000000
core   0: 0x80004b14 (0x0014a3b3) slt     t2, s1, ra
core   0: 3 0x80004b14 (0x0014a3b3) x7  0x00000000
core   0: 0x80004b18 (0x00000001) c.nop
core   0: 3 0x80004b18 (0x0001)
core   0: 0x80004b1a (0x80b6fc93) andi    s9, a3, -2037
core   0: 3 0x80004b1a (0x80b6fc93) x25 0x00000000
core   0: 0x80004b1e (0x0049b733) sltu    a4, s3, tp
core   0: 3 0x80004b1e (0x0049b733) x14 0x00000000
core   0: 0x80004b22 (0x01a2cfb3) xor     t6, t0, s10
core   0: 3 0x80004b22 (0x01a2cfb3) x31 0x00000000
core   0: 0x80004b26 (0xd2180813) addi    a6, a6, -735
core   0: 3 0x80004b26 (0xd2180813) x16 0xfffffd21
core   0: 0x80004b2a (0x031b92b3) mulh    t0, s7, a7
core   0: 3 0x80004b2a (0x031b92b3) x5  0x00000000
core   0: 0x80004b2e (0x000059fd) c.li    s3, -1
core   0: 3 0x80004b2e (0x59fd) x19 0xffffffff
core   0: 0x80004b30 (0x0338eab3) rem     s5, a7, s3
core   0: 3 0x80004b30 (0x0338eab3) x21 0x00000000
core   0: 0x80004b34 (0x006c6e33) or      t3, s8, t1
core   0: 3 0x80004b34 (0x006c6e33) x28 0x00a66b33
core   0: 0x80004b38 (0xa428cd13) xori    s10, a7, -1470
core   0: 3 0x80004b38 (0xa428cd13) x26 0xfffffa42
core   0: 0x80004b3c (0x02a7e563) bltu    a5, a0, pc + 42
core   0: 3 0x80004b3c (0x02a7e563)
core   0: 0x80004b40 (0x00001088) c.addi4spn a0, sp, 96
core   0: 3 0x80004b40 (0x1088) x10 0xffff0061
core   0: 0x80004b42 (0x033f3fb3) mulhu   t6, t5, s3
core   0: 3 0x80004b42 (0x033f3fb3) x31 0x000001a3
core   0: 0x80004b46 (0x00008f21) c.xor   a4, s0
core   0: 3 0x80004b46 (0x8f21) x14 0x00000000
core   0: 0x80004b48 (0x0065b333) sltu    t1, a1, t1
core   0: 3 0x80004b48 (0x0065b333) x6  0x00000000
core   0: 0x80004b4c (0x00abf8b3) and     a7, s7, a0
core   0: 3 0x80004b4c (0x00abf8b3) x17 0x80000000
core   0: 0x80004b50 (0x020e6333) rem     t1, t3, zero
core   0: 3 0x80004b50 (0x020e6333) x6  0x00a66b33
core   0: 0x80004b54 (0x01781293) slli    t0, a6, 23
core   0: 3 0x80004b54 (0x01781293) x5  0x90800000
core   0: 0x80004b58 (0x03ddbfb3) mulhu   t6, s11, t4
core   0: 3 0x80004b58 (0x03ddbfb3) x31 0x00000000
core   0: 0x80004b5c (0x0000413d) c.li    sp, 15
core   0: 3 0x80004b5c (0x413d) x2  0x0000000f
core   0: 0x80004b5e (0x02b073b3) remu    t2, zero, a1
core   0: 3 0x80004b5e (0x02b073b3) x7  0x00000000
core   0: 0x80004b62 (0x03f9f663) bgeu    s3, t6, pc + 44
core   0: 3 0x80004b62 (0x03f9f663)
core   0: 0x80004b8e (0xed800113) li      sp, -296
core   0: 3 0x80004b8e (0xed800113) x2  0xfffffed8
core   0: 0x80004b92 (0x01c3d533) srl     a0, t2, t3
core   0: 3 0x80004b92 (0x01c3d533) x10 0x00000000
core   0: 0x80004b96 (0x409d5e93) srai    t4, s10, 9
core   0: 3 0x80004b96 (0x409d5e93) x29 0xfffffffd
core   0: 0x80004b9a (0x00008319) c.srli  a4, 6
core   0: 3 0x80004b9a (0x8319) x14 0x00000000
core   0: 0x80004b9c (0x00000001) c.nop
core   0: 3 0x80004b9c (0x0001)
core   0: 0x80004b9e (0x0000977e) c.add   a4, t6
core   0: 3 0x80004b9e (0x977e) x14 0x00000000
core   0: 0x80004ba0 (0x00000001) c.nop
core   0: 3 0x80004ba0 (0x0001)
core   0: 0x80004ba2 (0x00008009) c.srli  s0, 2
core   0: 3 0x80004ba2 (0x8009) x8  0x00000000
core   0: 0x80004ba4 (0x7bf4a813) slti    a6, s1, 1983
core   0: 3 0x80004ba4 (0x7bf4a813) x16 0x00000001
core   0: 0x80004ba8 (0x000086d1) c.srai  a3, 20
core   0: 3 0x80004ba8 (0x86d1) x13 0x00000000
core   0: 0x80004baa (0x0123f433) and     s0, t2, s2
core   0: 3 0x80004baa (0x0123f433) x8  0x00000000
core   0: 0x80004bae (0x01e39d33) sll     s10, t2, t5
core   0: 3 0x80004bae (0x01e39d33) x26 0x00000000
core   0: 0x80004bb2 (0x002be533) or      a0, s7, sp
core   0: 3 0x80004bb2 (0x002be533) x10 0xffffffde
core   0: 0x80004bb6 (0x01249a93) slli    s5, s1, 18
core   0: 3 0x80004bb6 (0x01249a93) x21 0x00000000
core   0: 0x80004bba (0x01e58233) add     tp, a1, t5
core   0: 3 0x80004bba (0x01e58233) x4  0x800001a4
core   0: 0x80004bbe (0x0186e0b3) or      ra, a3, s8
core   0: 3 0x80004bbe (0x0186e0b3) x1  0x00a66b33
core   0: 0x80004bc2 (0x02f37063) bgeu    t1, a5, pc + 32
core   0: 3 0x80004bc2 (0x02f37063)
core   0: 0x80004bc6 (0x03a94163) blt     s2, s10, pc + 34
core   0: 3 0x80004bc6 (0x03a94163)
core   0: 0x80004be8 (0x01569fb3) sll     t6, a3, s5
core   0: 3 0x80004be8 (0x01569fb3) x31 0x00000000
core   0: 0x80004bec (0x0218a6b3) mulhsu  a3, a7, ra
core   0: 3 0x80004bec (0x0218a6b3) x13 0xffacca66
core   0: 0x80004bf0 (0x01cf6db3) or      s11, t5, t3
core   0: 3 0x80004bf0 (0x01cf6db3) x27 0x00a66bb7
core   0: 0x80004bf4 (0xfe97bf13) sltiu   t5, a5, -23
core   0: 3 0x80004bf4 (0xfe97bf13) x30 0x00000001
core   0: 0x80004bf8 (0x03e5f733) remu    a4, a1, t5
core   0: 3 0x80004bf8 (0x03e5f733) x14 0x00000000
core   0: 0x80004bfc (0x03dd9063) bne     s11, t4, pc + 32
core   0: 3 0x80004bfc (0x03dd9063)
core   0: 0x80004c1c (0x00000001) c.nop
core   0: 3 0x80004c1c (0x0001)
core   0: 0x80004c1e (0x023eff33) remu    t5, t4, gp
core   0: 3 0x80004c1e (0x023eff33) x30 0xfffffffd
core   0: 0x80004c22 (0xa0fff3b7) lui     t2, 0xa0fff
core   0: 3 0x80004c22 (0xa0fff3b7) x7  0xa0fff000
core   0: 0x80004c26 (0x010d3033) sltu    zero, s10, a6
core   0: 3 0x80004c26 (0x010d3033)
core   0: 0x80004c2a (0x00008f29) c.xor   a4, a0
core   0: 3 0x80004c2a (0x8f29) x14 0xffffffde
core   0: 0x80004c2c (0x015c62b3) or      t0, s8, s5
core   0: 3 0x80004c2c (0x015c62b3) x5  0x00a66b33
core   0: 0x80004c30 (0x00961793) slli    a5, a2, 9
core   0: 3 0x80004c30 (0x00961793) x15 0x00000000
core   0: 0x80004c34 (0x00008cb1) c.xor   s1, a2
core   0: 3 0x80004c34 (0x8cb1) x9  0x00000000
core   0: 0x80004c36 (0x023e7133) remu    sp, t3, gp
core   0: 3 0x80004c36 (0x023e7133) x2  0x00a66b33
core   0: 0x80004c3a (0x13e12c37) lui     s8, 0x13e12
core   0: 3 0x80004c3a (0x13e12c37) x24 0x13e12000
core   0: 0x80004c3e (0x00001784) c.addi4spn s1, sp, 992
core   0: 3 0x80004c3e (0x1784) x9  0x00a66f13
core   0: 0x80004c40 (0x00008d71) c.and   a0, a2
core   0: 3 0x80004c40 (0x8d71) x10 0x00000000
core   0: 0x80004c42 (0xec9ec813) xori    a6, t4, -311
core   0: 3 0x80004c42 (0xec9ec813) x16 0x00000134
core   0: 0x80004c46 (0x019e6a63) bltu    t3, s9, pc + 20
core   0: 3 0x80004c46 (0x019e6a63)
core   0: 0x80004c4a (0x00006165) c.addi16sp sp, 112
core   0: 3 0x80004c4a (0x6165) x2  0x00a66ba3
core   0: 0x80004c4c (0x07def213) andi    tp, t4, 125
core   0: 3 0x80004c4c (0x07def213) x4  0x0000007d
core   0: 0x80004c50 (0x03fb5663) bge     s6, t6, pc + 44
core   0: 3 0x80004c50 (0x03fb5663)
core   0: 0x80004c54 (0x000054fd) c.li    s1, -1
core   0: 3 0x80004c54 (0x54fd) x9  0xffffffff
core   0: 0x80004c56 (0x0263c9b3) div     s3, t2, t1
core   0: 3 0x80004c56 (0x0263c9b3) x19 0xffffff6e
core   0: 0x80004c5a (0x0000ea81) c.bnez  a3, pc + 16
core   0: 3 0x80004c5a (0xea81)
core   0: 0x80004c6a (0x000059fd) c.li    s3, -1
core   0: 3 0x80004c6a (0x59fd) x19 0xffffffff
core   0: 0x80004c6c (0x00008f15) c.sub   a4, a3
core   0: 3 0x80004c6c (0x8f15) x14 0x00533578
core   0: 0x80004c6e (0x00008abd) c.andi  a3, 15
core   0: 3 0x80004c6e (0x8abd) x13 0x00000006
core   0: 0x80004c70 (0x000091c2) c.add   gp, a6
core   0: 3 0x80004c70 (0x91c2) x3  0x00000134
core   0: 0x80004c72 (0x03fae063) bltu    s5, t6, pc + 32
core   0: 3 0x80004c72 (0x03fae063)
core   0: 0x80004c76 (0x00b455b3) srl     a1, s0, a1
core   0: 3 0x80004c76 (0x00b455b3) x11 0x00000000
core   0: 0x80004c7a (0x00008c51) c.or    s0, a2
core   0: 3 0x80004c7a (0x8c51) x8  0x00000000
core   0: 0x80004c7c (0x00a2f563) bgeu    t0, a0, pc + 10
core   0: 3 0x80004c7c (0x00a2f563)
core   0: 0x80004c86 (0x40cc0eb3) sub     t4, s8, a2
core   0: 3 0x80004c86 (0x40cc0eb3) x29 0x13e12000
core   0: 0x80004c8a (0x02729133) mulh    sp, t0, t2
core   0: 3 0x80004c8a (0x02729133) x2  0xffc23e2d
core   0: 0x80004c8e (0x017ccf33) xor     t5, s9, s7
core   0: 3 0x80004c8e (0x017ccf33) x30 0x80004f06
core   0: 0x80004c92 (0x00008f51) c.or    a4, a2
core   0: 3 0x80004c92 (0x8f51) x14 0x00533578
core   0: 0x80004c94 (0x0000717d) c.addi16sp sp, -16
core   0: 3 0x80004c94 (0x717d) x2  0xffc23e1d
core   0: 0x80004c96 (0x00008f5d) c.or    a4, a5
core   0: 3 0x80004c96 (0x8f5d) x14 0x00533578
core   0: 0x80004c98 (0x0053ed33) or      s10, t2, t0
core   0: 3 0x80004c98 (0x0053ed33) x26 0xa0fffb33
core   0: 0x80004c9c (0x015bd513) srli    a0, s7, 21
core   0: 3 0x80004c9c (0x015bd513) x10 0x00000400
core   0: 0x80004ca0 (0x40018db3) sub     s11, gp, zero
core   0: 3 0x80004ca0 (0x40018db3) x27 0x00000134
core   0: 0x80004ca4 (0x00361963) bne     a2, gp, pc + 18
core   0: 3 0x80004ca4 (0x00361963)
core   0: 0x80004cb6 (0x00849e33) sll     t3, s1, s0
core   0: 3 0x80004cb6 (0x00849e33) x28 0xffffffff
core   0: 0x80004cba (0x000080ad) c.srli  s1, 11
core   0: 3 0x80004cba (0x80ad) x9  0x001fffff
core   0: 0x80004cbc (0x00008c16) c.mv    s8, t0
core   0: 3 0x80004cbc (0x8c16) x24 0x00a66b33
core   0: 0x80004cbe (0x01cf5e63) bge     t5, t3, pc + 28
core   0: 3 0x80004cbe (0x01cf5e63)
core   0: 0x80004cc2 (0x03046cb3) rem     s9, s0, a6
core   0: 3 0x80004cc2 (0x03046cb3) x25 0x00000000
core   0: 0x80004cc6 (0x000083a1) c.srli  a5, 8
core   0: 3 0x80004cc6 (0x83a1) x15 0x00000000
core   0: 0x80004cc8 (0x033200b3) mul     ra, tp, s3
core   0: 3 0x80004cc8 (0x033200b3) x1  0xffffff83
core   0: 0x80004ccc (0x41250733) sub     a4, a0, s2
core   0: 3 0x80004ccc (0x41250733) x14 0x7ffda5e8
core   0: 0x80004cd0 (0x00008ee1) c.and   a3, s0
core   0: 3 0x80004cd0 (0x8ee1) x13 0x00000000
core   0: 0x80004cd2 (0x00008e89) c.sub   a3, a0
core   0: 3 0x80004cd2 (0x8e89) x13 0xfffffc00
core   0: 0x80004cd4 (0x012dff63) bgeu    s11, s2, pc + 30
core   0: 3 0x80004cd4 (0x012dff63)
core   0: 0x80004cd8 (0x00000001) c.nop
core   0: 3 0x80004cd8 (0x0001)
core   0: 0x80004cda (0x000085e1) c.srai  a1, 24
core   0: 3 0x80004cda (0x85e1) x11 0x00000000
core   0: 0x80004cdc (0x00000001) c.nop
core   0: 3 0x80004cdc (0x0001)
core   0: 0x80004cde (0x40460133) sub     sp, a2, tp
core   0: 3 0x80004cde (0x40460133) x2  0xffffff83
core   0: 0x80004ce2 (0x0387f7b3) remu    a5, a5, s8
core   0: 3 0x80004ce2 (0x0387f7b3) x15 0x00000000
core   0: 0x80004ce6 (0x0bb8fb93) andi    s7, a7, 187
core   0: 3 0x80004ce6 (0x0bb8fb93) x23 0x00000000
core   0: 0x80004cea (0x03e54d33) div     s10, a0, t5
core   0: 3 0x80004cea (0x03e54d33) x26 0x00000000
core   0: 0x80004cee (0x40fb5f33) sra     t5, s6, a5
core   0: 3 0x80004cee (0x40fb5f33) x30 0x8b4989bc
core   0: 0x80004cf2 (0x7cf2e797) auipc   a5, 0x7cf2e
core   0: 3 0x80004cf2 (0x7cf2e797) x15 0xfcf32cf2
core   0: 0x80004cf6 (0x04ab7163) bgeu    s6, a0, pc + 66
core   0: 3 0x80004cf6 (0x04ab7163)
core   0: 0x80004d38 (0x43c36b17) auipc   s6, 0x43c36
core   0: 3 0x80004d38 (0x43c36b17) x22 0xc3c3ad38
core   0: 0x80004d3c (0x015d4533) xor     a0, s10, s5
core   0: 3 0x80004d3c (0x015d4533) x10 0x00000000
core   0: 0x80004d40 (0x000068f9) c.lui   a7, 0x1e
core   0: 3 0x80004d40 (0x68f9) x17 0x0001e000
core   0: 0x80004d42 (0x000047ad) c.li    a5, 11
core   0: 3 0x80004d42 (0x47ad) x15 0x0000000b
core   0: 0x80004d44 (0x797e6213) ori     tp, t3, 1943
core   0: 3 0x80004d44 (0x797e6213) x4  0xffffffff
core   0: 0x80004d48 (0x02637ab3) remu    s5, t1, t1
core   0: 3 0x80004d48 (0x02637ab3) x21 0x00000000
core   0: 0x80004d4c (0x14e38993) addi    s3, t2, 334
core   0: 3 0x80004d4c (0x14e38993) x19 0xa0fff14e
core   0: 0x80004d50 (0x0000043a) c.slli  s0, 14
core   0: 3 0x80004d50 (0x043a) x8  0x00000000
core   0: 0x80004d52 (0x20316113) ori     sp, sp, 515
core   0: 3 0x80004d52 (0x20316113) x2  0xffffff83
core   0: 0x80004d56 (0x00008aa5) c.andi  a3, 9
core   0: 3 0x80004d56 (0x8aa5) x13 0x00000000
core   0: 0x80004d58 (0x03378663) beq     a5, s3, pc + 44
core   0: 3 0x80004d58 (0x03378663)
core   0: 0x80004d5c (0x003546b3) xor     a3, a0, gp
core   0: 3 0x80004d5c (0x003546b3) x13 0x00000134
core   0: 0x80004d60 (0x76874a93) xori    s5, a4, 1896
core   0: 3 0x80004d60 (0x76874a93) x21 0x7ffda280
core   0: 0x80004d64 (0x014d1193) slli    gp, s10, 20
core   0: 3 0x80004d64 (0x014d1193) x3  0x00000000
core   0: 0x80004d68 (0x012cabb3) slt     s7, s9, s2
core   0: 3 0x80004d68 (0x012cabb3) x23 0x00000000
core   0: 0x80004d6c (0x0000717d) c.addi16sp sp, -16
core   0: 3 0x80004d6c (0x717d) x2  0xffffff73
core   0: 0x80004d6e (0x0000547d) c.li    s0, -1
core   0: 3 0x80004d6e (0x547d) x8  0xffffffff
core   0: 0x80004d70 (0x40e8dc93) srai    s9, a7, 14
core   0: 3 0x80004d70 (0x40e8dc93) x25 0x00000007
core   0: 0x80004d74 (0x03b3c963) blt     t2, s11, pc + 50
core   0: 3 0x80004d74 (0x03b3c963)
core   0: 0x80004da6 (0x41ccd833) sra     a6, s9, t3
core   0: 3 0x80004da6 (0x41ccd833) x16 0x00000000
core   0: 0x80004daa (0x04728513) addi    a0, t0, 71
core   0: 3 0x80004daa (0x04728513) x10 0x00a66b7a
core   0: 0x80004dae (0x00008246) c.mv    tp, a7
core   0: 3 0x80004dae (0x8246) x4  0x0001e000
core   0: 0x80004db0 (0x00000b52) c.slli  s6, 20
core   0: 3 0x80004db0 (0x0b52) x22 0xd3800000
core   0: 0x80004db2 (0x006c1563) bne     s8, t1, pc + 10
core   0: 3 0x80004db2 (0x006c1563)
core   0: 0x80004db6 (0x01fcee33) or      t3, s9, t6
core   0: 3 0x80004db6 (0x01fcee33) x28 0x00000007
core   0: 0x80004dba (0x00006165) c.addi16sp sp, 112
core   0: 3 0x80004dba (0x6165) x2  0xffffffe3
core   0: 0x80004dbc (0x00000001) c.nop
core   0: 3 0x80004dbc (0x0001)
core   0: 0x80004dbe (0x0001be17) auipc   t3, 0x1b
core   0: 3 0x80004dbe (0x0001be17) x28 0x8001fdbe
core   0: 0x80004dc2 (0x6bae0e13) addi    t3, t3, 1722
core   0: 3 0x80004dc2 (0x6bae0e13) x28 0x80020478
core   0: 0x80004dc6 (0x010e1303) lh      t1, 16(t3)
core   0: 3 0x80004dc6 (0x010e1303) x6  0x00004ff0 mem 0x80020488
core   0: 0x80004dca (0x010e1023) sh      a6, 0(t3)
core   0: 3 0x80004dca (0x010e1023) mem 0x80020478 0x0000
core   0: 0x80004dce (0x0027b7b3) sltu    a5, a5, sp
core   0: 3 0x80004dce (0x0027b7b3) x15 0x00000001
core   0: 0x80004dd2 (0xff2e1103) lh      sp, -14(t3)
core   0: 3 0x80004dd2 (0xff2e1103) x2  0xffffe96d mem 0x8002046a
core   0: 0x80004dd6 (0xfe4e2c23) sw      tp, -8(t3)
core   0: 3 0x80004dd6 (0xfe4e2c23) mem 0x80020470 0x0001e000
core   0: 0x80004dda (0x00008ded) c.and   a1, a1
core   0: 3 0x80004dda (0x8ded) x11 0x00000000
core   0: 0x80004ddc (0x00008f9d) c.sub   a5, a5
core   0: 3 0x80004ddc (0x8f9d) x15 0x00000000
core   0: 0x80004dde (0x000057fd) c.li    a5, -1
core   0: 3 0x80004dde (0x57fd) x15 0xffffffff
core   0: 0x80004de0 (0xfc478313) addi    t1, a5, -60
core   0: 3 0x80004de0 (0xfc478313) x6  0xffffffc3
core   0: 0x80004de4 (0x00000845) c.addi  a6, 17
core   0: 3 0x80004de4 (0x0845) x16 0x00000011
core   0: 0x80004de6 (0x01085233) srl     tp, a6, a6
core   0: 3 0x80004de6 (0x01085233) x4  0x00000000
core   0: 0x80004dea (0x02216233) rem     tp, sp, sp
core   0: 3 0x80004dea (0x02216233) x4  0x00000000
core   0: 0x80004dee (0x008e2803) lw      a6, 8(t3)
core   0: 3 0x80004dee (0x008e2803) x16 0xf6206b9e mem 0x80020480
core   0: 0x80004df2 (0x00000001) c.nop
core   0: 3 0x80004df2 (0x0001)
core   0: 0x80004df4 (0x004e04a3) sb      tp, 9(t3)
core   0: 3 0x80004df4 (0x004e04a3) mem 0x80020481 0x00
core   0: 0x80004df8 (0x002e0523) sb      sp, 10(t3)
core   0: 3 0x80004df8 (0x002e0523) mem 0x80020482 0x6d
core   0: 0x80004dfc (0x00000001) c.nop
core   0: 3 0x80004dfc (0x0001)
core   0: 0x80004dfe (0x044ad5b7) lui     a1, 0x44ad
core   0: 3 0x80004dfe (0x044ad5b7) x11 0x044ad000
core   0: 0x80004e02 (0xff7e0803) lb      a6, -9(t3)
core   0: 3 0x80004e02 (0xff7e0803) x16 0x0000002d mem 0x8002046f
core   0: 0x80004e06 (0xbdc175b7) lui     a1, 0xbdc17
core   0: 3 0x80004e06 (0xbdc175b7) x11 0xbdc17000
core   0: 0x80004e0a (0x01080233) add     tp, a6, a6
core   0: 3 0x80004e0a (0x01080233) x4  0x0000005a
core   0: 0x80004e0e (0x4027d133) sra     sp, a5, sp
core   0: 3 0x80004e0e (0x4027d133) x2  0xffffffff
core   0: 0x80004e12 (0x006e02a3) sb      t1, 5(t3)
core   0: 3 0x80004e12 (0x006e02a3) mem 0x8002047d 0xc3
core   0: 0x80004e16 (0x00000599) c.addi  a1, 6
core   0: 3 0x80004e16 (0x0599) x11 0xbdc17006
core   0: 0x80004e18 (0xff4e5103) lhu     sp, -12(t3)
core   0: 3 0x80004e18 (0xff4e5103) x2  0x0000d10f mem 0x8002046c
core   0: 0x80004e1c (0xffae5803) lhu     a6, -6(t3)
core   0: 3 0x80004e1c (0xffae5803) x16 0x00000001 mem 0x80020472
core   0: 0x80004e20 (0x00ae0303) lb      t1, 10(t3)
core   0: 3 0x80004e20 (0x00ae0303) x6  0x0000006d mem 0x80020482
core   0: 0x80004e24 (0x010e06a3) sb      a6, 13(t3)
core   0: 3 0x80004e24 (0x010e06a3) mem 0x80020485 0x01
core   0: 0x80004e28 (0x00b5c333) xor     t1, a1, a1
core   0: 3 0x80004e28 (0x00b5c333) x6  0x00000000
core   0: 0x80004e2c (0xfebe0aa3) sb      a1, -11(t3)
core   0: 3 0x80004e2c (0xfebe0aa3) mem 0x8002046d 0x06
core   0: 0x80004e30 (0x0165d113) srli    sp, a1, 22
core   0: 3 0x80004e30 (0x0165d113) x2  0x000002f7
core   0: 0x80004e34 (0x00000001) c.nop
core   0: 3 0x80004e34 (0x0001)
core   0: 0x80004e36 (0x00008fdd) c.or    a5, a5
core   0: 3 0x80004e36 (0x8fdd) x15 0xffffffff
core   0: 0x80004e38 (0x004e2823) sw      tp, 16(t3)
core   0: 3 0x80004e38 (0x004e2823) mem 0x80020488 0x0000005a
core   0: 0x80004e3c (0xfebe09a3) sb      a1, -13(t3)
core   0: 3 0x80004e3c (0xfebe09a3) mem 0x8002046b 0x06
core   0: 0x80004e40 (0x027e5c33) divu    s8, t3, t2
core   0: 3 0x80004e40 (0x027e5c33) x24 0x00000000
core   0: 0x80004e44 (0x42c64b93) xori    s7, a2, 1068
core   0: 3 0x80004e44 (0x42c64b93) x23 0x0000042c
core   0: 0x80004e48 (0xdec96013) ori     zero, s2, -532
core   0: 3 0x80004e48 (0xdec96013)
core   0: 0x80004e4c (0x00d2d6b3) srl     a3, t0, a3
core   0: 3 0x80004e4c (0x00d2d6b3) x13 0x0000000a
core   0: 0x80004e50 (0x007e5213) srli    tp, t3, 7
core   0: 3 0x80004e50 (0x007e5213) x4  0x01000408
core   0: 0x80004e54 (0x62840993) addi    s3, s0, 1576
core   0: 3 0x80004e54 (0x62840993) x19 0x00000627
core   0: 0x80004e58 (0x0000120c) c.addi4spn a1, sp, 288
core   0: 3 0x80004e58 (0x120c) x11 0x00000417
core   0: 0x80004e5a (0x00008eb9) c.xor   a3, a4
core   0: 3 0x80004e5a (0x8eb9) x13 0x7ffda5e2
core   0: 0x80004e5c (0x37bbcf13) xori    t5, s7, 891
core   0: 3 0x80004e5c (0x37bbcf13) x30 0x00000757
core   0: 0x80004e60 (0x03931663) bne     t1, s9, pc + 44
core   0: 3 0x80004e60 (0x03931663)
core   0: 0x80004e8c (0x02c0f5b3) remu    a1, ra, a2
core   0: 3 0x80004e8c (0x02c0f5b3) x11 0xffffff83
core   0: 0x80004e90 (0x00008fc1) c.or    a5, s0
core   0: 3 0x80004e90 (0x8fc1) x15 0xffffffff
core   0: 0x80004e92 (0x01460133) add     sp, a2, s4
core   0: 3 0x80004e92 (0x01460133) x2  0x80029ce4
core   0: 0x80004e96 (0x0037ce33) xor     t3, a5, gp
core   0: 3 0x80004e96 (0x0037ce33) x28 0xffffffff
core   0: 0x80004e9a (0x000098fd) c.andi  s1, -1
core   0: 3 0x80004e9a (0x98fd) x9  0x001fffff
core   0: 0x80004e9c (0xf16e7593) andi    a1, t3, -234
core   0: 3 0x80004e9c (0xf16e7593) x11 0xffffff16
core   0: 0x80004ea0 (0x02eaf163) bgeu    s5, a4, pc + 34
core   0: 3 0x80004ea0 (0x02eaf163)
core   0: 0x80004ea4 (0x01359a93) slli    s5, a1, 19
core   0: 3 0x80004ea4 (0x01359a93) x21 0xf8b00000
core   0: 0x80004ea8 (0x16bc2e13) slti    t3, s8, 363
core   0: 3 0x80004ea8 (0x16bc2e13) x28 0x00000001
core   0: 0x80004eac (0x0000527d) c.li    tp, -1
core   0: 3 0x80004eac (0x527d) x4  0xffffffff
core   0: 0x80004eae (0x2b14c813) xori    a6, s1, 689
core   0: 3 0x80004eae (0x2b14c813) x16 0x001ffd4e
core   0: 0x80004eb2 (0x00006fa9) c.lui   t6, 0xa
core   0: 3 0x80004eb2 (0x6fa9) x31 0x0000a000
core   0: 0x80004eb4 (0x03f1b033) mulhu   zero, gp, t6
core   0: 3 0x80004eb4 (0x03f1b033)
core   0: 0x80004eb8 (0x205a4213) xori    tp, s4, 517
core   0: 3 0x80004eb8 (0x205a4213) x4  0x80029ee1
core   0: 0x80004ebc (0x000080b5) c.srli  s1, 13
core   0: 3 0x80004ebc (0x80b5) x9  0x000000ff
core   0: 0x80004ebe (0x054e1163) bne     t3, s4, pc + 66
core   0: 3 0x80004ebe (0x054e1163)
core   0: 0x80004f00 (0x74d88193) addi    gp, a7, 1869
core   0: 3 0x80004f00 (0x74d88193) x3  0x0001e74d
core   0: 0x80004f04 (0x09dcfb37) lui     s6, 0x9dcf
core   0: 3 0x80004f04 (0x09dcfb37) x22 0x09dcf000
core   0: 0x80004f08 (0x00008dcd) c.or    a1, a1
core   0: 3 0x80004f08 (0x8dcd) x11 0xffffff16
core   0: 0x80004f0a (0x026457b3) divu    a5, s0, t1
core   0: 3 0x80004f0a (0x026457b3) x15 0xffffffff
core   0: 0x80004f0e (0x02c27133) remu    sp, tp, a2
core   0: 3 0x80004f0e (0x02c27133) x2  0x80029ee1
core   0: 0x80004f12 (0x003c5cb3) srl     s9, s8, gp
core   0: 3 0x80004f12 (0x003c5cb3) x25 0x00000000
core   0: 0x80004f16 (0x0000e509) c.bnez  a0, pc + 10
core   0: 3 0x80004f16 (0xe509)
core   0: 0x80004f20 (0x030b0733) mul     a4, s6, a6
core   0: 3 0x80004f20 (0x030b0733) x14 0x6a812000
core   0: 0x80004f24 (0x0000ec0d) c.bnez  s0, pc + 58
core   0: 3 0x80004f24 (0xec0d)
core   0: 0x80004f5e (0x05cf8363) beq     t6, t3, pc + 70
core   0: 3 0x80004f5e (0x05cf8363)
core   0: 0x80004f62 (0xad50be97) auipc   t4, 0xad50b
core   0: 3 0x80004f62 (0xad50be97) x29 0x2d50ff62
core   0: 0x80004f66 (0x01bcca63) blt     s9, s11, pc + 20
core   0: 3 0x80004f66 (0x01bcca63)
core   0: 0x80004f7a (0x00000241) c.addi  tp, 16
core   0: 3 0x80004f7a (0x0241) x4  0x80029ef1
core   0: 0x80004f7c (0x03f81333) mulh    t1, a6, t6
core   0: 3 0x80004f7c (0x03f81333) x6  0x00000013
core   0: 0x80004f80 (0x6cc6e393) ori     t2, a3, 1740
core   0: 3 0x80004f80 (0x6cc6e393) x7  0x7ffda7ee
core   0: 0x80004f84 (0xc9bff713) andi    a4, t6, -869
core   0: 3 0x80004f84 (0xc9bff713) x14 0x0000a000
core   0: 0x80004f88 (0x029b7d33) remu    s10, s6, s1
core   0: 3 0x80004f88 (0x029b7d33) x26 0x000000d6
core   0: 0x80004f8c (0x03ebf5b3) remu    a1, s7, t5
core   0: 3 0x80004f8c (0x03ebf5b3) x11 0x0000042c
core   0: 0x80004f90 (0x0282f233) remu    tp, t0, s0
core   0: 3 0x80004f90 (0x0282f233) x4  0x00a66b33
core   0: 0x80004f94 (0x00008ebd) c.xor   a3, a5
core   0: 3 0x80004f94 (0x8ebd) x13 0x80025a1d
core   0: 0x80004f96 (0x51134b37) lui     s6, 0x51134
core   0: 3 0x80004f96 (0x51134b37) x22 0x51134000
core   0: 0x80004f9a (0x032722b3) mulhsu  t0, a4, s2
core   0: 3 0x80004f9a (0x032722b3) x5  0x00005001
core   0: 0x80004f9e (0x020b6ab3) rem     s5, s6, zero
core   0: 3 0x80004f9e (0x020b6ab3) x21 0x51134000
core   0: 0x80004fa2 (0x00008e91) c.sub   a3, a2
core   0: 3 0x80004fa2 (0x8e91) x13 0x80025a1d
core   0: 0x80004fa4 (0x0000c3b9) c.beqz  a5, pc + 70
core   0: 3 0x80004fa4 (0xc3b9)
core   0: 0x80004fa6 (0x04336e63) bltu    t1, gp, pc + 92
core   0: 3 0x80004fa6 (0x04336e63)
core   0: 0x80005002 (0xcd616293) ori     t0, sp, -810
core   0: 3 0x80005002 (0xcd616293) x5  0xfffffef7
core   0: 0x80005006 (0x01d0d733) srl     a4, ra, t4
core   0: 3 0x80005006 (0x01d0d733) x14 0x3fffffe0
core   0: 0x8000500a (0x44612593) slti    a1, sp, 1094
core   0: 3 0x8000500a (0x44612593) x11 0x00000001
core   0: 0x8000500e (0x00009cc2) c.add   s9, a6
core   0: 3 0x8000500e (0x9cc2) x25 0x001ffd4e
core   0: 0x80005010 (0x029fc2b3) div     t0, t6, s1
core   0: 3 0x80005010 (0x029fc2b3) x5  0x000000a0
core   0: 0x80005014 (0x036a3433) mulhu   s0, s4, s6
core   0: 3 0x80005014 (0x036a3433) x8  0x288a73d6
core   0: 0x80005018 (0x71426b37) lui     s6, 0x71426
core   0: 3 0x80005018 (0x71426b37) x22 0x71426000
core   0: 0x8000501c (0xe1c357b7) lui     a5, 0xe1c35
core   0: 3 0x8000501c (0xe1c357b7) x15 0xe1c35000
core   0: 0x80005020 (0x9c4acb13) xori    s6, s5, -1596
core   0: 3 0x80005020 (0x9c4acb13) x22 0xaeecb9c4
core   0: 0x80005024 (0x003becb3) or      s9, s7, gp
core   0: 3 0x80005024 (0x003becb3) x25 0x0001e76d
core   0: 0x80005028 (0x0000841e) c.mv    s0, t2
core   0: 3 0x80005028 (0x841e) x8  0x7ffda7ee
core   0: 0x8000502a (0x001347b3) xor     a5, t1, ra
core   0: 3 0x8000502a (0x001347b3) x15 0xffffff90
core   0: 0x8000502e (0x3bb0fc93) andi    s9, ra, 955
core   0: 3 0x8000502e (0x3bb0fc93) x25 0x00000383
core   0: 0x80005032 (0x00008491) c.srai  s1, 4
core   0: 3 0x80005032 (0x8491) x9  0x0000000f
core   0: 0x80005034 (0x02e86c63) bltu    a6, a4, pc + 56
core   0: 3 0x80005034 (0x02e86c63)
core   0: 0x8000506c (0x40d8d213) srai    tp, a7, 13
core   0: 3 0x8000506c (0x40d8d213) x4  0x0000000f
core   0: 0x80005070 (0x02cf7eb3) remu    t4, t5, a2
core   0: 3 0x80005070 (0x02cf7eb3) x29 0x00000757
core   0: 0x80005074 (0x00000331) c.addi  t1, 12
core   0: 3 0x80005074 (0x0331) x6  0x0000001f
core   0: 0x80005076 (0x020345b3) div     a1, t1, zero
core   0: 3 0x80005076 (0x020345b3) x11 0xffffffff
core   0: 0x8000507a (0x00000b7a) c.slli  s6, 30
core   0: 3 0x8000507a (0x0b7a) x22 0x00000000
core   0: 0x8000507c (0x00008abd) c.andi  a3, 15
core   0: 3 0x8000507c (0x8abd) x13 0x0000000d
core   0: 0x8000507e (0x0d9dc813) xori    a6, s11, 217
core   0: 3 0x8000507e (0x0d9dc813) x16 0x000001ed
core   0: 0x80005082 (0x01004a63) blt     zero, a6, pc + 20
core   0: 3 0x80005082 (0x01004a63)
core   0: 0x80005096 (0x00000001) c.nop
core   0: 3 0x80005096 (0x0001)
core   0: 0x80005098 (0x0041ceb3) xor     t4, gp, tp
core   0: 3 0x80005098 (0x0041ceb3) x29 0x0001e742
core   0: 0x8000509c (0x00005d7d) c.li    s10, -1
core   0: 3 0x8000509c (0x5d7d) x26 0xffffffff
core   0: 0x8000509e (0x0000e88d) c.bnez  s1, pc + 50
core   0: 3 0x8000509e (0xe88d)
core   0: 0x800050d0 (0x000094d2) c.add   s1, s4
core   0: 3 0x800050d0 (0x94d2) x9  0x80029cf3
core   0: 0x800050d2 (0x0159a4b3) slt     s1, s3, s5
core   0: 3 0x800050d2 (0x0159a4b3) x9  0x00000001
core   0: 0x800050d6 (0x0000ee8d) c.bnez  a3, pc + 58
core   0: 3 0x800050d6 (0xee8d)
core   0: 0x80005110 (0x01d8dbb3) srl     s7, a7, t4
core   0: 3 0x80005110 (0x01d8dbb3) x23 0x00007800
core   0: 0x80005114 (0x415ad813) srai    a6, s5, 21
core   0: 3 0x80005114 (0x415ad813) x16 0x00000288
core   0: 0x80005118 (0x407350b3) sra     ra, t1, t2
core   0: 3 0x80005118 (0x407350b3) x1  0x00000000
core   0: 0x8000511c (0x00649563) bne     s1, t1, pc + 10
core   0: 3 0x8000511c (0x00649563)
core   0: 0x80005126 (0x4120df93) srai    t6, ra, 18
core   0: 3 0x80005126 (0x4120df93) x31 0x00000000
core   0: 0x8000512a (0x0000717d) c.addi16sp sp, -16
core   0: 3 0x8000512a (0x717d) x2  0x80029ed1
core   0: 0x8000512c (0xb6d68713) addi    a4, a3, -1171
core   0: 3 0x8000512c (0xb6d68713) x14 0xfffffb7a
core   0: 0x80005130 (0x01b15fb3) srl     t6, sp, s11
core   0: 3 0x80005130 (0x01b15fb3) x31 0x00000800
core   0: 0x80005134 (0x40415e93) srai    t4, sp, 4
core   0: 3 0x80005134 (0x40415e93) x29 0xf80029ed
core   0: 0x80005138 (0xf75bd0b7) lui     ra, 0xf75bd
core   0: 3 0x80005138 (0xf75bd0b7) x1  0xf75bd000
core   0: 0x8000513c (0x03d08163) beq     ra, t4, pc + 34
core   0: 3 0x8000513c (0x03d08163)
core   0: 0x80005140 (0x02354c63) blt     a0, gp, pc + 56
core   0: 3 0x80005140 (0x02354c63)
core   0: 0x80005144 (0x416fd1b3) sra     gp, t6, s6
core   0: 3 0x80005144 (0x416fd1b3) x3  0x00000800
core   0: 0x80005148 (0xc235fd93) andi    s11, a1, -989
core   0: 3 0x80005148 (0xc235fd93) x27 0xfffffc23
core   0: 0x8000514c (0x03995833) divu    a6, s2, s9
core   0: 3 0x8000514c (0x03995833) x16 0x002473b7
core   0: 0x80005150 (0x41595993) srai    s3, s2, 21
core   0: 3 0x80005150 (0x41595993) x19 0xfffffc00
core   0: 0x80005154 (0xfc88fe37) lui     t3, 0xfc88f
core   0: 3 0x80005154 (0xfc88fe37) x28 0xfc88f000
core   0: 0x80005158 (0x406e5293) srai    t0, t3, 6
core   0: 3 0x80005158 (0x406e5293) x5  0xfff223c0
core   0: 0x8000515c (0x00008f55) c.or    a4, a3
core   0: 3 0x8000515c (0x8f55) x14 0xfffffb7f
core   0: 0x8000515e (0x0000934a) c.add   t1, s2
core   0: 3 0x8000515e (0x934a) x6  0x80025e37
core   0: 0x80005160 (0x3d532513) slti    a0, t1, 981
core   0: 3 0x80005160 (0x3d532513) x10 0x00000001
core   0: 0x80005164 (0x4086d993) srai    s3, a3, 8
core   0: 3 0x80005164 (0x4086d993) x19 0x00000000
core   0: 0x80005168 (0x016128b3) slt     a7, sp, s6
core   0: 3 0x80005168 (0x016128b3) x17 0x00000001
core   0: 0x8000516c (0x01a08f63) beq     ra, s10, pc + 30
core   0: 3 0x8000516c (0x01a08f63)
core   0: 0x80005170 (0x1848b113) sltiu   sp, a7, 388
core   0: 3 0x80005170 (0x1848b113) x2  0x00000001
core   0: 0x80005174 (0xf2f23c93) sltiu   s9, tp, -209
core   0: 3 0x80005174 (0xf2f23c93) x25 0x00000001
core   0: 0x80005178 (0x03994833) div     a6, s2, s9
core   0: 3 0x80005178 (0x03994833) x16 0x80025e18
core   0: 0x8000517c (0x0163bc33) sltu    s8, t2, s6
core   0: 3 0x8000517c (0x0163bc33) x24 0x00000000
core   0: 0x80005180 (0x0000079a) c.slli  a5, 6
core   0: 3 0x80005180 (0x079a) x15 0xffffe400
core   0: 0x80005182 (0x01398ab3) add     s5, s3, s3
core   0: 3 0x80005182 (0x01398ab3) x21 0x00000000
core   0: 0x80005186 (0x012bf0b3) and     ra, s7, s2
core   0: 3 0x80005186 (0x012bf0b3) x1  0x00005800
core   0: 0x8000518a (0x0184f963) bgeu    s1, s8, pc + 18
core   0: 3 0x8000518a (0x0184f963)
core   0: 0x8000519c (0x025c8a63) beq     s9, t0, pc + 52
core   0: 3 0x8000519c (0x025c8a63)
core   0: 0x800051a0 (0x00f7c9b3) xor     s3, a5, a5
core   0: 3 0x800051a0 (0x00f7c9b3) x19 0x00000000
core   0: 0x800051a4 (0x02f93433) mulhu   s0, s2, a5
core   0: 3 0x800051a4 (0x02f93433) x8  0x80025017
core   0: 0x800051a8 (0x01f6d2b3) srl     t0, a3, t6
core   0: 3 0x800051a8 (0x01f6d2b3) x5  0x0000000d
core   0: 0x800051ac (0x000081c1) c.srli  a1, 16
core   0: 3 0x800051ac (0x81c1) x11 0x0000ffff
core   0: 0x800051ae (0x00840e33) add     t3, s0, s0
core   0: 3 0x800051ae (0x00840e33) x28 0x0004a02e
core   0: 0x800051b2 (0x0292fdb3) remu    s11, t0, s1
core   0: 3 0x800051b2 (0x0292fdb3) x27 0x00000000
core   0: 0x800051b6 (0x0243f1b3) remu    gp, t2, tp
core   0: 3 0x800051b6 (0x0243f1b3) x3  0x00000005
core   0: 0x800051ba (0x0000680d) c.lui   a6, 0x3
core   0: 3 0x800051ba (0x680d) x16 0x00003000
core   0: 0x800051bc (0x4019dc33) sra     s8, s3, ra
core   0: 3 0x800051bc (0x4019dc33) x24 0x00000000
core   0: 0x800051c0 (0x00a75e33) srl     t3, a4, a0
core   0: 3 0x800051c0 (0x00a75e33) x28 0x7ffffdbf
core   0: 0x800051c4 (0x67f7cf13) xori    t5, a5, 1663
core   0: 3 0x800051c4 (0x67f7cf13) x30 0xffffe27f
core   0: 0x800051c8 (0x00005e7d) c.li    t3, -1
core   0: 3 0x800051c8 (0x5e7d) x28 0xffffffff
core   0: 0x800051ca (0x0000483d) c.li    a6, 15
core   0: 3 0x800051ca (0x483d) x16 0x0000000f
core   0: 0x800051cc (0x02bd6f33) rem     t5, s10, a1
core   0: 3 0x800051cc (0x02bd6f33) x30 0xffffffff
core   0: 0x800051d0 (0x00008fc9) c.or    a5, a0
core   0: 3 0x800051d0 (0x8fc9) x15 0xffffe401
core   0: 0x800051d2 (0x00be6d33) or      s10, t3, a1
core   0: 3 0x800051d2 (0x00be6d33) x26 0xffffffff
core   0: 0x800051d6 (0x0000808d) c.srli  s1, 3
core   0: 3 0x800051d6 (0x808d) x9  0x00000000
core   0: 0x800051d8 (0x000002b2) c.slli  t0, 12
core   0: 3 0x800051d8 (0x02b2) x5  0x0000d000
core   0: 0x800051da (0x40925113) srai    sp, tp, 9
core   0: 3 0x800051da (0x40925113) x2  0x00000000
core   0: 0x800051de (0x00008c99) c.sub   s1, a4
core   0: 3 0x800051de (0x8c99) x9  0x00000481
core   0: 0x800051e0 (0x00623533) sltu    a0, tp, t1
core   0: 3 0x800051e0 (0x00623533) x10 0x00000001
core   0: 0x800051e4 (0x01956b33) or      s6, a0, s9
core   0: 3 0x800051e4 (0x01956b33) x22 0x00000001
core   0: 0x800051e8 (0x40475393) srai    t2, a4, 4
core   0: 3 0x800051e8 (0x40475393) x7  0xffffffb7
core   0: 0x800051ec (0x00009f42) c.add   t5, a6
core   0: 3 0x800051ec (0x9f42) x30 0x0000000e
core   0: 0x800051ee (0x0d750437) lui     s0, 0xd750
core   0: 3 0x800051ee (0x0d750437) x8  0x0d750000
core   0: 0x800051f2 (0x013b1813) slli    a6, s6, 19
core   0: 3 0x800051f2 (0x013b1813) x16 0x00080000
core   0: 0x800051f6 (0x01e7d393) srli    t2, a5, 30
core   0: 3 0x800051f6 (0x01e7d393) x7  0x00000003
core   0: 0x800051fa (0x2c26fc13) andi    s8, a3, 706
core   0: 3 0x800051fa (0x2c26fc13) x24 0x00000000
core   0: 0x800051fe (0x0000c29d) c.beqz  a3, pc + 38
core   0: 3 0x800051fe (0xc29d)
core   0: 0x80005200 (0x00000bd1) c.addi  s7, 20
core   0: 3 0x80005200 (0x0bd1) x23 0x00007814
core   0: 0x80005202 (0x01f83e33) sltu    t3, a6, t6
core   0: 3 0x80005202 (0x01f83e33) x28 0x00000000
core   0: 0x80005206 (0x01a2bab3) sltu    s5, t0, s10
core   0: 3 0x80005206 (0x01a2bab3) x21 0x00000001
core   0: 0x8000520a (0x02c3e2b3) rem     t0, t2, a2
core   0: 3 0x8000520a (0x02c3e2b3) x5  0x00000003
core   0: 0x8000520e (0x0000847d) c.srai  s0, 31
core   0: 3 0x8000520e (0x847d) x8  0x00000000
core   0: 0x80005210 (0x00004a8d) c.li    s5, 3
core   0: 3 0x80005210 (0x4a8d) x21 0x00000003
core   0: 0x80005212 (0x7cc1ae93) slti    t4, gp, 1996
core   0: 3 0x80005212 (0x7cc1ae93) x29 0x00000001
core   0: 0x80005216 (0xc28f0813) addi    a6, t5, -984
core   0: 3 0x80005216 (0xc28f0813) x16 0xfffffc36
core   0: 0x8000521a (0x00edd993) srli    s3, s11, 14
core   0: 3 0x8000521a (0x00edd993) x19 0x00000000
core   0: 0x8000521e (0x00004101) c.li    sp, 0
core   0: 3 0x8000521e (0x4101) x2  0x00000000
core   0: 0x80005220 (0x024c3ab3) mulhu   s5, s8, tp
core   0: 3 0x80005220 (0x024c3ab3) x21 0x00000000
core   0: 0x80005224 (0x35b36d93) ori     s11, t1, 859
core   0: 3 0x80005224 (0x35b36d93) x27 0x80025f7f
core   0: 0x80005228 (0x0000847a) c.mv    s0, t5
core   0: 3 0x80005228 (0x847a) x8  0x0000000e
core   0: 0x8000522a (0x0090d213) srli    tp, ra, 9
core   0: 3 0x8000522a (0x0090d213) x4  0x0000002c
core   0: 0x8000522e (0x00000f3e) c.slli  t5, 15
core   0: 3 0x8000522e (0x0f3e) x30 0x00070000
core   0: 0x80005230 (0x5aff2813) slti    a6, t5, 1455
core   0: 3 0x80005230 (0x5aff2813) x16 0x00000000
core   0: 0x80005234 (0x005f9c93) slli    s9, t6, 5
core   0: 3 0x80005234 (0x005f9c93) x25 0x00010000
core   0: 0x80005238 (0x01abb3b3) sltu    t2, s7, s10
core   0: 3 0x80005238 (0x01abb3b3) x7  0x00000001
core   0: 0x8000523c (0x018d6233) or      tp, s10, s8
core   0: 3 0x8000523c (0x018d6233) x4  0xffffffff
core   0: 0x80005240 (0x00f29233) sll     tp, t0, a5
core   0: 3 0x80005240 (0x00f29233) x4  0x00000006
core   0: 0x80005244 (0x01dc0433) add     s0, s8, t4
core   0: 3 0x80005244 (0x01dc0433) x8  0x00000001
core   0: 0x80005248 (0xf09cb593) sltiu   a1, s9, -247
core   0: 3 0x80005248 (0xf09cb593) x11 0x00000001
core   0: 0x8000524c (0x02d09bb3) mulh    s7, ra, a3
core   0: 3 0x8000524c (0x02d09bb3) x23 0x00000000
core   0: 0x80005250 (0x0000717d) c.addi16sp sp, -16
core   0: 3 0x80005250 (0x717d) x2  0xfffffff0
core   0: 0x80005252 (0x0000e285) c.bnez  a3, pc + 32
core   0: 3 0x80005252 (0xe285)
core   0: 0x80005272 (0x000099fd) c.andi  a1, -1
core   0: 3 0x80005272 (0x99fd) x11 0x00000001
core   0: 0x80005274 (0x0163f433) and     s0, t2, s6
core   0: 3 0x80005274 (0x0163f433) x8  0x00000001
core   0: 0x80005278 (0x00e58533) add     a0, a1, a4
core   0: 3 0x80005278 (0x00e58533) x10 0xfffffb80
core   0: 0x8000527c (0x00250cb3) add     s9, a0, sp
core   0: 3 0x8000527c (0x00250cb3) x25 0xfffffb70
core   0: 0x80005280 (0x02ee7e33) remu    t3, t3, a4
core   0: 3 0x80005280 (0x02ee7e33) x28 0x00000000
core   0: 0x80005284 (0x0000950e) c.add   a0, gp
core   0: 3 0x80005284 (0x950e) x10 0xfffffb85
core   0: 0x80005286 (0x00985e33) srl     t3, a6, s1
core   0: 3 0x80005286 (0x00985e33) x28 0x00000000
core   0: 0x8000528a (0xe98ade17) auipc   t3, 0xe98ad
core   0: 3 0x8000528a (0xe98ade17) x28 0x698b228a
core   0: 0x8000528e (0x00006fa1) c.lui   t6, 0x8
core   0: 3 0x8000528e (0x6fa1) x31 0x00008000
core   0: 0x80005290 (0x03f7b0b3) mulhu   ra, a5, t6
core   0: 3 0x80005290 (0x03f7b0b3) x1  0x00007fff
core   0: 0x80005294 (0x032babb3) mulhsu  s7, s7, s2
core   0: 3 0x80005294 (0x032babb3) x23 0x00000000
core   0: 0x80005298 (0xa3438393) addi    t2, t2, -1484
core   0: 3 0x80005298 (0xa3438393) x7  0xfffffa35
core   0: 0x8000529c (0x01db0bb3) add     s7, s6, t4
core   0: 3 0x8000529c (0x01db0bb3) x23 0x00000002
core   0: 0x800052a0 (0xafe04c13) xori    s8, zero, -1282
core   0: 3 0x800052a0 (0xafe04c13) x24 0xfffffafe
core   0: 0x800052a4 (0x7d8e3b97) auipc   s7, 0x7d8e3
core   0: 3 0x800052a4 (0x7d8e3b97) x23 0xfd8e82a4
core   0: 0x800052a8 (0x032a2c33) mulhsu  s8, s4, s2
core   0: 3 0x800052a8 (0x032a2c33) x24 0xc0001f6c
core   0: 0x800052ac (0x00008309) c.srli  a4, 2
core   0: 3 0x800052ac (0x8309) x14 0x3ffffedf
core   0: 0x800052ae (0x02adbf33) mulhu   t5, s11, a0
core   0: 3 0x800052ae (0x02adbf33) x30 0x80025d41
core   0: 0x800052b2 (0x004f7433) and     s0, t5, tp
core   0: 3 0x800052b2 (0x004f7433) x8  0x00000000
core   0: 0x800052b6 (0x00008de1) c.and   a1, s0
core   0: 3 0x800052b6 (0x8de1) x11 0x00000000
core   0: 0x800052b8 (0x00008c7d) c.and   s0, a5
core   0: 3 0x800052b8 (0x8c7d) x8  0x00000000
core   0: 0x800052ba (0x00000001) c.nop
core   0: 3 0x800052ba (0x0001)
core   0: 0x800052bc (0x12b36393) ori     t2, t1, 299
core   0: 3 0x800052bc (0x12b36393) x7  0x80025f3f
core   0: 0x800052c0 (0xa5d37b17) auipc   s6, 0xa5d37
core   0: 3 0x800052c0 (0xa5d37b17) x22 0x25d3c2c0
core   0: 0x800052c4 (0x0000717d) c.addi16sp sp, -16
core   0: 3 0x800052c4 (0x717d) x2  0xffffffe0
core   0: 0x800052c6 (0x06957e93) andi    t4, a0, 105
core   0: 3 0x800052c6 (0x06957e93) x29 0x00000001
core   0: 0x800052ca (0x0375a133) mulhsu  sp, a1, s7
core   0: 3 0x800052ca (0x0375a133) x2  0x00000000
core   0: 0x800052ce (0xd65b8697) auipc   a3, 0xd65b8
core   0: 3 0x800052ce (0xd65b8697) x13 0x565bd2ce
core   0: 0x800052d2 (0x0000809d) c.srli  s1, 7
core   0: 3 0x800052d2 (0x809d) x9  0x00000009
core   0: 0x800052d4 (0x000091f2) c.add   gp, t3
core   0: 3 0x800052d4 (0x91f2) x3  0x698b228f
core   0: 0x800052d6 (0x011e1563) bne     t3, a7, pc + 10
core   0: 3 0x800052d6 (0x011e1563)
core   0: 0x800052e0 (0x1df303b7) lui     t2, 0x1df30
core   0: 3 0x800052e0 (0x1df303b7) x7  0x1df30000
core   0: 0x800052e4 (0xf3606793) ori     a5, zero, -202
core   0: 3 0x800052e4 (0xf3606793) x15 0xffffff36
core   0: 0x800052e8 (0x03b70433) mul     s0, a4, s11
core   0: 3 0x800052e8 (0x03b70433) x8  0x3d5231a1
core   0: 0x800052ec (0xe25e4d93) xori    s11, t3, -475
core   0: 3 0x800052ec (0xe25e4d93) x27 0x9674dcaf
core   0: 0x800052f0 (0x000089a6) c.mv    s3, s1
core   0: 3 0x800052f0 (0x89a6) x19 0x00000009
core   0: 0x800052f2 (0x00005bfd) c.li    s7, -1
core   0: 3 0x800052f2 (0x5bfd) x23 0xffffffff
core   0: 0x800052f4 (0x89bec993) xori    s3, t4, -1893
core   0: 3 0x800052f4 (0x89bec993) x19 0xfffff89a
core   0: 0x800052f8 (0x0000e701) c.bnez  a4, pc + 8
core   0: 3 0x800052f8 (0xe701)
core   0: 0x80005300 (0x020a77b3) remu    a5, s4, zero
core   0: 3 0x80005300 (0x020a77b3) x15 0x80029ce4
core   0: 0x80005304 (0x004a70b3) and     ra, s4, tp
core   0: 3 0x80005304 (0x004a70b3) x1  0x00000004
core   0: 0x80005308 (0x0178c963) blt     a7, s7, pc + 18
core   0: 3 0x80005308 (0x0178c963)
core   0: 0x8000530c (0x00008f75) c.and   a4, a3
core   0: 3 0x8000530c (0x8f75) x14 0x165bd2ce
core   0: 0x8000530e (0x00535b33) srl     s6, t1, t0
core   0: 3 0x8000530e (0x00535b33) x22 0x10004bc6
core   0: 0x80005312 (0x7a2bb817) auipc   a6, 0x7a2bb
core   0: 3 0x80005312 (0x7a2bb817) x16 0xfa2c0312
core   0: 0x80005316 (0x02bbf763) bgeu    s7, a1, pc + 46
core   0: 3 0x80005316 (0x02bbf763)
core   0: 0x80005344 (0xfaf2a293) slti    t0, t0, -81
core   0: 3 0x80005344 (0xfaf2a293) x5  0x00000000
core   0: 0x80005348 (0x000083d9) c.srli  a5, 22
core   0: 3 0x80005348 (0x83d9) x15 0x00000200
core   0: 0x8000534a (0xd2bca593) slti    a1, s9, -725
core   0: 3 0x8000534a (0xd2bca593) x11 0x00000001
core   0: 0x8000534e (0x017d7c33) and     s8, s10, s7
core   0: 3 0x8000534e (0x017d7c33) x24 0xffffffff
core   0: 0x80005352 (0x00008d0a) c.mv    s10, sp
core   0: 3 0x80005352 (0x8d0a) x26 0x00000000
core   0: 0x80005354 (0x00006191) c.lui   gp, 0x4
core   0: 3 0x80005354 (0x6191) x3  0x00004000
core   0: 0x80005356 (0x03410033) mul     zero, sp, s4
core   0: 3 0x80005356 (0x03410033)
core   0: 0x8000535a (0x0000cf11) c.beqz  a4, pc + 28
core   0: 3 0x8000535a (0xcf11)
core   0: 0x8000535c (0x0000874a) c.mv    a4, s2
core   0: 3 0x8000535c (0x874a) x14 0x80025e18
core   0: 0x8000535e (0x03ddf763) bgeu    s11, t4, pc + 46
core   0: 3 0x8000535e (0x03ddf763)
core   0: 0x8000538c (0xb9b53113) sltiu   sp, a0, -1125
core   0: 3 0x8000538c (0xb9b53113) x2  0x00000001
core   0: 0x80005390 (0x016c0bb3) add     s7, s8, s6
core   0: 3 0x80005390 (0x016c0bb3) x23 0x10004bc5
core   0: 0x80005394 (0x12f96513) ori     a0, s2, 303
core   0: 3 0x80005394 (0x12f96513) x10 0x80025f3f
core   0: 0x80005398 (0x020021b3) mulhsu  gp, zero, zero
core   0: 3 0x80005398 (0x020021b3) x3  0x00000000
core   0: 0x8000539c (0x007fd693) srli    a3, t6, 7
core   0: 3 0x8000539c (0x007fd693) x13 0x00000100
core   0: 0x800053a0 (0x03a45b33) divu    s6, s0, s10
core   0: 3 0x800053a0 (0x03a45b33) x22 0xffffffff
core   0: 0x800053a4 (0x032fe1b3) rem     gp, t6, s2
core   0: 3 0x800053a4 (0x032fe1b3) x3  0x00008000
core   0: 0x800053a8 (0x0186e333) or      t1, a3, s8
core   0: 3 0x800053a8 (0x0186e333) x6  0xffffffff
core   0: 0x800053ac (0x03068063) beq     a3, a6, pc + 32
core   0: 3 0x800053ac (0x03068063)
core   0: 0x800053b0 (0x033620b3) mulhsu  ra, a2, s3
core   0: 3 0x800053b0 (0x033620b3) x1  0x00000000
core   0: 0x800053b4 (0x01b0d333) srl     t1, ra, s11
core   0: 3 0x800053b4 (0x01b0d333) x6  0x00000000
core   0: 0x800053b8 (0x0000617d) c.addi16sp sp, 496
core   0: 3 0x800053b8 (0x617d) x2  0x000001f1
core   0: 0x800053ba (0x00006175) c.addi16sp sp, 368
core   0: 3 0x800053ba (0x6175) x2  0x00000361
core   0: 0x800053bc (0x7bf07593) andi    a1, zero, 1983
core   0: 3 0x800053bc (0x7bf07593) x11 0x00000000
core   0: 0x800053c0 (0x0002a433) slt     s0, t0, zero
core   0: 3 0x800053c0 (0x0002a433) x8  0x00000000
core   0: 0x800053c4 (0xedd80d13) addi    s10, a6, -291
core   0: 3 0x800053c4 (0xedd80d13) x26 0xfa2c01ef
core   0: 0x800053c8 (0x4075d133) sra     sp, a1, t2
core   0: 3 0x800053c8 (0x4075d133) x2  0x00000000
core   0: 0x800053cc (0x01a74bb3) xor     s7, a4, s10
core   0: 3 0x800053cc (0x01a74bb3) x23 0x7a2e5ff7
core   0: 0x800053d0 (0x01efad33) slt     s10, t6, t5
core   0: 3 0x800053d0 (0x01efad33) x26 0x00000000
core   0: 0x800053d4 (0x41115893) srai    a7, sp, 17
core   0: 3 0x800053d4 (0x41115893) x17 0x00000000
core   0: 0x800053d8 (0x000081f2) c.mv    gp, t3
core   0: 3 0x800053d8 (0x81f2) x3  0x698b228a
core   0: 0x800053da (0x007525b3) slt     a1, a0, t2
core   0: 3 0x800053da (0x007525b3) x11 0x00000001
core   0: 0x800053de (0x38530fb7) lui     t6, 0x38530
core   0: 3 0x800053de (0x38530fb7) x31 0x38530000
core   0: 0x800053e2 (0x41a65e33) sra     t3, a2, s10
core   0: 3 0x800053e2 (0x41a65e33) x28 0x00000000
core   0: 0x800053e6 (0x00008461) c.srai  s0, 24
core   0: 3 0x800053e6 (0x8461) x8  0x00000000
core   0: 0x800053e8 (0x00008d9d) c.sub   a1, a5
core   0: 3 0x800053e8 (0x8d9d) x11 0xfffffe01
core   0: 0x800053ea (0x00008bda) c.mv    s7, s6
core   0: 3 0x800053ea (0x8bda) x23 0xffffffff
core   0: 0x800053ec (0x8975c013) xori    zero, a1, -1897
core   0: 3 0x800053ec (0x8975c013)
core   0: 0x800053f0 (0x022415b3) mulh    a1, s0, sp
core   0: 3 0x800053f0 (0x022415b3) x11 0x00000000
core   0: 0x800053f4 (0x00225e13) srli    t3, tp, 2
core   0: 3 0x800053f4 (0x00225e13) x28 0x00000001
core   0: 0x800053f8 (0x00000001) c.nop
core   0: 3 0x800053f8 (0x0001)
core   0: 0x800053fa (0x002d93b3) sll     t2, s11, sp
core   0: 3 0x800053fa (0x002d93b3) x7  0x9674dcaf
core   0: 0x800053fe (0x0000611d) c.addi16sp sp, 416
core   0: 3 0x800053fe (0x611d) x2  0x000001a0
core   0: 0x80005400 (0x02690163) beq     s2, t1, pc + 34
core   0: 3 0x80005400 (0x02690163)
core   0: 0x80005404 (0x01899113) slli    sp, s3, 24
core   0: 3 0x80005404 (0x01899113) x2  0x9a000000
core   0: 0x80005408 (0x02beacb3) mulhsu  s9, t4, a1
core   0: 3 0x80005408 (0x02beacb3) x25 0x00000000
core   0: 0x8000540c (0x00008466) c.mv    s0, s9
core   0: 3 0x8000540c (0x8466) x8  0x00000000
core   0: 0x8000540e (0x40ba0133) sub     sp, s4, a1
core   0: 3 0x8000540e (0x40ba0133) x2  0x80029ce4
core   0: 0x80005412 (0x017e5db3) srl     s11, t3, s7
core   0: 3 0x80005412 (0x017e5db3) x27 0x00000000
core   0: 0x80005416 (0x7a3b5e97) auipc   t4, 0x7a3b5
core   0: 3 0x80005416 (0x7a3b5e97) x29 0xfa3ba416
core   0: 0x8000541a (0x850fef13) ori     t5, t6, -1968
core   0: 3 0x8000541a (0x850fef13) x30 0xfffff850
core   0: 0x8000541e (0x0248f6b3) remu    a3, a7, tp
core   0: 3 0x8000541e (0x0248f6b3) x13 0x00000000
core   0: 0x80005422 (0x000046d1) c.li    a3, 20
core   0: 3 0x80005422 (0x46d1) x13 0x00000014
core   0: 0x80005424 (0x005f1013) slli    zero, t5, 5
core   0: 3 0x80005424 (0x005f1013)
core   0: 0x80005428 (0x00000d36) c.slli  s10, 13
core   0: 3 0x80005428 (0x0d36) x26 0x00000000
core   0: 0x8000542a (0x0232fab3) remu    s5, t0, gp
core   0: 3 0x8000542a (0x0232fab3) x21 0x00000000
core   0: 0x8000542e (0x03881363) bne     a6, s8, pc + 38
core   0: 3 0x8000542e (0x03881363)
core   0: 0x80005454 (0x023072b3) remu    t0, zero, gp
core   0: 3 0x80005454 (0x023072b3) x5  0x00000000
core   0: 0x80005458 (0x00008f7d) c.and   a4, a5
core   0: 3 0x80005458 (0x8f7d) x14 0x00000200
core   0: 0x8000545a (0x00008785) c.srai  a5, 1
core   0: 3 0x8000545a (0x8785) x15 0x00000100
core   0: 0x8000545c (0x03f7ecb3) rem     s9, a5, t6
core   0: 3 0x8000545c (0x03f7ecb3) x25 0x00000100
core   0: 0x80005460 (0x00006d61) c.lui   s10, 0x18
core   0: 3 0x80005460 (0x6d61) x26 0x00018000
core   0: 0x80005462 (0x84c03113) sltiu   sp, zero, -1972
core   0: 3 0x80005462 (0x84c03113) x2  0x00000001
core   0: 0x80005466 (0x00000001) c.nop
core   0: 3 0x80005466 (0x0001)
core   0: 0x80005468 (0x00d03133) snez    sp, a3
core   0: 3 0x80005468 (0x00d03133) x2  0x00000001
core   0: 0x8000546c (0x0000e597) auipc   a1, 0xe
core   0: 3 0x8000546c (0x0000e597) x11 0x8001346c
core   0: 0x80005470 (0x71858593) addi    a1, a1, 1816
core   0: 3 0x80005470 (0x71858593) x11 0x80013b84
core   0: 0x80005474 (0x03003733) mulhu   a4, zero, a6
core   0: 3 0x80005474 (0x03003733) x14 0x00000000
core   0: 0x80005478 (0xf6f581a3) sb      a5, -157(a1)
core   0: 3 0x80005478 (0xf6f581a3) mem 0x80013ae7 0x00
core   0: 0x8000547c (0x01599733) sll     a4, s3, s5
core   0: 3 0x8000547c (0x01599733) x14 0xfffff89a
core   0: 0x80005480 (0xf4f5c383) lbu     t2, -177(a1)
core   0: 3 0x80005480 (0xf4f5c383) x7  0x00000047 mem 0x80013ad3
core   0: 0x80005484 (0x067586a3) sb      t2, 109(a1)
core   0: 3 0x80005484 (0x067586a3) mem 0x80013bf1 0x47
core   0: 0x80005488 (0x00000b36) c.slli  s6, 13
core   0: 3 0x80005488 (0x0b36) x22 0xffffe000
core   0: 0x8000548a (0x04458ca3) sb      tp, 89(a1)
core   0: 3 0x8000548a (0x04458ca3) mem 0x80013bdd 0x06
core   0: 0x8000548e (0x03d580a3) sb      t4, 33(a1)
core   0: 3 0x8000548e (0x03d580a3) mem 0x80013ba5 0x16
core   0: 0x80005492 (0x000082ed) c.srli  a3, 27
core   0: 3 0x80005492 (0x82ed) x13 0x00000000
core   0: 0x80005494 (0x02fffab3) remu    s5, t6, a5
core   0: 3 0x80005494 (0x02fffab3) x21 0x00000000
core   0: 0x80005498 (0x41cadd93) srai    s11, s5, 28
core   0: 3 0x80005498 (0x41cadd93) x27 0x00000000
core   0: 0x8000549c (0x00008c5d) c.or    s0, a5
core   0: 3 0x8000549c (0x8c5d) x8  0x00000100
core   0: 0x8000549e (0x00d0d7b3) srl     a5, ra, a3
core   0: 3 0x8000549e (0x00d0d7b3) x15 0x00000000
core   0: 0x800054a2 (0x03674db3) div     s11, a4, s6
core   0: 3 0x800054a2 (0x03674db3) x27 0x00000000
core   0: 0x800054a6 (0x5ac1c117) auipc   sp, 0x5ac1c
core   0: 3 0x800054a6 (0x5ac1c117) x2  0xdac214a6
core   0: 0x800054aa (0x00006419) c.lui   s0, 0x6
core   0: 3 0x800054aa (0x6419) x8  0x00006000
core   0: 0x800054ac (0xf4358ca3) sb      gp, -167(a1)
core   0: 3 0x800054ac (0xf4358ca3) mem 0x80013add 0x8a
core   0: 0x800054b0 (0x00008751) c.srai  a4, 20
core   0: 3 0x800054b0 (0x8751) x14 0xffffffff
core   0: 0x800054b2 (0x52140117) auipc   sp, 0x52140
core   0: 3 0x800054b2 (0x52140117) x2  0xd21454b2
core   0: 0x800054b6 (0x5d4c0e13) addi    t3, s8, 1492
core   0: 3 0x800054b6 (0x5d4c0e13) x28 0x000005d3
core   0: 0x800054ba (0x02c58223) sb      a2, 36(a1)
core   0: 3 0x800054ba (0x02c58223) mem 0x80013ba8 0x00
core   0: 0x800054be (0x00008c59) c.or    s0, a4
core   0: 3 0x800054be (0x8c59) x8  0xffffffff
core   0: 0x800054c0 (0xf885a803) lw      a6, -120(a1)
core   0: 3 0x800054c0 (0xf885a803) x16 0x6509728e mem 0x80013b0c
core   0: 0x800054c4 (0x024e2db3) mulhsu  s11, t3, tp
core   0: 3 0x800054c4 (0x024e2db3) x27 0x00000000
core   0: 0x800054c8 (0x01f5d793) srli    a5, a1, 31
core   0: 3 0x800054c8 (0x01f5d793) x15 0x00000001
core   0: 0x800054cc (0xf245a383) lw      t2, -220(a1)
core   0: 3 0x800054cc (0xf245a383) x7  0xca56ac22 mem 0x80013aa8
core   0: 0x800054d0 (0x00008c95) c.sub   s1, a3
core   0: 3 0x800054d0 (0x8c95) x9  0x00000009
core   0: 0x800054d2 (0x02b58ea3) sb      a1, 61(a1)
core   0: 3 0x800054d2 (0x02b58ea3) mem 0x80013bc1 0x84
core   0: 0x800054d6 (0x025cd033) divu    zero, s9, t0
core   0: 3 0x800054d6 (0x025cd033)
core   0: 0x800054da (0x00008e9d) c.sub   a3, a5
core   0: 3 0x800054da (0x8e9d) x13 0xffffffff
core   0: 0x800054dc (0x00e3b833) sltu    a6, t2, a4
core   0: 3 0x800054dc (0x00e3b833) x16 0x00000001
core   0: 0x800054e0 (0x00d18c63) beq     gp, a3, pc + 24
core   0: 3 0x800054e0 (0x00d18c63)
core   0: 0x800054e4 (0x00008015) c.srli  s0, 5
core   0: 3 0x800054e4 (0x8015) x8  0x07ffffff
core   0: 0x800054e6 (0x5b53c597) auipc   a1, 0x5b53c
core   0: 3 0x800054e6 (0x5b53c597) x11 0xdb5414e6
core   0: 0x800054ea (0x01472733) slt     a4, a4, s4
core   0: 3 0x800054ea (0x01472733) x14 0x00000000
core   0: 0x800054ee (0x00008d66) c.mv    s10, s9
core   0: 3 0x800054ee (0x8d66) x26 0x00000100
core   0: 0x800054f0 (0x00000f94) c.addi4spn a3, sp, 976
core   0: 3 0x800054f0 (0x0f94) x13 0xd2145882
core   0: 0x800054f2 (0x00008c41) c.or    s0, s0
core   0: 3 0x800054f2 (0x8c41) x8  0x07ffffff
core   0: 0x800054f4 (0x406fdb13) srai    s6, t6, 6
core   0: 3 0x800054f4 (0x406fdb13) x22 0x00e14c00
core   0: 0x800054f8 (0x0000517d) c.li    sp, -1
core   0: 3 0x800054f8 (0x517d) x2  0xffffffff
core   0: 0x800054fa (0x02237233) remu    tp, t1, sp
core   0: 3 0x800054fa (0x02237233) x4  0x00000000
core   0: 0x800054fe (0x0000717d) c.addi16sp sp, -16
core   0: 3 0x800054fe (0x717d) x2  0xffffffef
core   0: 0x80005500 (0x029c3eb3) mulhu   t4, s8, s1
core   0: 3 0x80005500 (0x029c3eb3) x29 0x00000008
core   0: 0x80005504 (0x00005c7d) c.li    s8, -1
core   0: 3 0x80005504 (0x5c7d) x24 0xffffffff
core   0: 0x80005506 (0x00000001) c.nop
core   0: 3 0x80005506 (0x0001)
core   0: 0x80005508 (0x0177a6b3) slt     a3, a5, s7
core   0: 3 0x80005508 (0x0177a6b3) x13 0x00000000
core   0: 0x8000550c (0x004dde33) srl     t3, s11, tp
core   0: 3 0x8000550c (0x004dde33) x28 0x00000000
core   0: 0x80005510 (0x00da6233) or      tp, s4, a3
core   0: 3 0x80005510 (0x00da6233) x4  0x80029ce4
core   0: 0x80005514 (0x0000717d) c.addi16sp sp, -16
core   0: 3 0x80005514 (0x717d) x2  0xffffffdf
core   0: 0x80005516 (0xbcdb2d13) slti    s10, s6, -1075
core   0: 3 0x80005516 (0xbcdb2d13) x26 0x00000000
core   0: 0x8000551a (0x0102d9b3) srl     s3, t0, a6
core   0: 3 0x8000551a (0x0102d9b3) x19 0x00000000
core   0: 0x8000551e (0xf87ebf17) auipc   t5, 0xf87eb
core   0: 3 0x8000551e (0xf87ebf17) x30 0x787f051e
core   0: 0x80005522 (0x0000c581) c.beqz  a1, pc + 8
core   0: 3 0x80005522 (0xc581)
core   0: 0x80005524 (0x00000ad1) c.addi  s5, 20
core   0: 3 0x80005524 (0x0ad1) x21 0x00000014
core   0: 0x80005526 (0x03f66e63) bltu    a2, t6, pc + 60
core   0: 3 0x80005526 (0x03f66e63)
core   0: 0x80005562 (0x01e57c93) andi    s9, a0, 30
core   0: 3 0x80005562 (0x01e57c93) x25 0x0000001e
core   0: 0x80005566 (0x978e8293) addi    t0, t4, -1672
core   0: 3 0x80005566 (0x978e8293) x5  0xfffff980
core   0: 0x8000556a (0x40785813) srai    a6, a6, 7
core   0: 3 0x8000556a (0x40785813) x16 0x00000000
core   0: 0x8000556e (0x00008aa5) c.andi  a3, 9
core   0: 3 0x8000556e (0x8aa5) x13 0x00000000
core   0: 0x80005570 (0x03bac433) div     s0, s5, s11
core   0: 3 0x80005570 (0x03bac433) x8  0xffffffff
core   0: 0x80005574 (0x0000428d) c.li    t0, 3
core   0: 3 0x80005574 (0x428d) x5  0x00000003
core   0: 0x80005576 (0xf559b993) sltiu   s3, s3, -171
core   0: 3 0x80005576 (0xf559b993) x19 0x00000001
core   0: 0x8000557a (0x00033333) sltu    t1, t1, zero
core   0: 3 0x8000557a (0x00033333) x6  0x00000000
core   0: 0x8000557e (0x012882b3) add     t0, a7, s2
core   0: 3 0x8000557e (0x012882b3) x5  0x80025e18
core   0: 0x80005582 (0x0074b533) sltu    a0, s1, t2
core   0: 3 0x80005582 (0x0074b533) x10 0x00000001
core   0: 0x80005586 (0x03367ab3) remu    s5, a2, s3
core   0: 3 0x80005586 (0x03367ab3) x21 0x00000000
core   0: 0x8000558a (0x40e65b13) srai    s6, a2, 14
core   0: 3 0x8000558a (0x40e65b13) x22 0x00000000
core   0: 0x8000558e (0x4167d413) srai    s0, a5, 22
core   0: 3 0x8000558e (0x4167d413) x8  0x00000000
core   0: 0x80005592 (0x00006175) c.addi16sp sp, 368
core   0: 3 0x80005592 (0x6175) x2  0x0000014f
core   0: 0x80005594 (0x0392cdb3) div     s11, t0, s9
core   0: 3 0x80005594 (0x0392cdb3) x27 0xfbbbcff0
core   0: 0x80005598 (0x0000547d) c.li    s0, -1
core   0: 3 0x80005598 (0x547d) x8  0xffffffff
core   0: 0x8000559a (0x0580d063) bge     ra, s8, pc + 64
core   0: 3 0x8000559a (0x0580d063)
core   0: 0x800055da (0x00db2133) slt     sp, s6, a3
core   0: 3 0x800055da (0x00db2133) x2  0x00000000
core   0: 0x800055de (0x01904563) blt     zero, s9, pc + 10
core   0: 3 0x800055de (0x01904563)
core   0: 0x800055e8 (0x000002e6) c.slli  t0, 25
core   0: 3 0x800055e8 (0x02e6) x5  0x30000000
core   0: 0x800055ea (0x01a4d563) bge     s1, s10, pc + 10
core   0: 3 0x800055ea (0x01a4d563)
core   0: 0x800055f4 (0x0344a2b3) mulhsu  t0, s1, s4
core   0: 3 0x800055f4 (0x0344a2b3) x5  0x00000004
core   0: 0x800055f8 (0x00008c21) c.xor   s0, s0
core   0: 3 0x800055f8 (0x8c21) x8  0x00000000
core   0: 0x800055fa (0x025ac663) blt     s5, t0, pc + 44
core   0: 3 0x800055fa (0x025ac663)
core   0: 0x80005626 (0x00000445) c.addi  s0, 17
core   0: 3 0x80005626 (0x0445) x8  0x00000011
core   0: 0x80005628 (0x01f7eb33) or      s6, a5, t6
core   0: 3 0x80005628 (0x01f7eb33) x22 0x38530001
core   0: 0x8000562c (0x00008319) c.srli  a4, 6
core   0: 3 0x8000562c (0x8319) x14 0x00000000
core   0: 0x8000562e (0x0000c715) c.beqz  a4, pc + 44
core   0: 3 0x8000562e (0xc715)
core   0: 0x8000565a (0x02e32e33) mulhsu  t3, t1, a4
core   0: 3 0x8000565a (0x02e32e33) x28 0x00000000
core   0: 0x8000565e (0x41c6d1b3) sra     gp, a3, t3
core   0: 3 0x8000565e (0x41c6d1b3) x3  0x00000000
core   0: 0x80005662 (0x27f66297) auipc   t0, 0x27f66
core   0: 3 0x80005662 (0x27f66297) x5  0xa7f6b662
core   0: 0x80005666 (0x024fd463) bge     t6, tp, pc + 40
core   0: 3 0x80005666 (0x024fd463)
core   0: 0x8000568e (0x00000001) c.nop
core   0: 3 0x8000568e (0x0001)
core   0: 0x80005690 (0x0179ed33) or      s10, s3, s7
core   0: 3 0x80005690 (0x0179ed33) x26 0xffffffff
core   0: 0x80005694 (0x3c140493) addi    s1, s0, 961
core   0: 3 0x80005694 (0x3c140493) x9  0x000003d2
core   0: 0x80005698 (0x023629b3) mulhsu  s3, a2, gp
core   0: 3 0x80005698 (0x023629b3) x19 0x00000000
core   0: 0x8000569c (0x000083b1) c.srli  a5, 12
core   0: 3 0x8000569c (0x83b1) x15 0x00000000
core   0: 0x8000569e (0x0000050a) c.slli  a0, 2
core   0: 3 0x8000569e (0x050a) x10 0x00000004
core   0: 0x800056a0 (0x153aec93) ori     s9, s5, 339
core   0: 3 0x800056a0 (0x153aec93) x25 0x00000153
core   0: 0x800056a4 (0x00858bb3) add     s7, a1, s0
core   0: 3 0x800056a4 (0x00858bb3) x23 0xdb5414f7
core   0: 0x800056a8 (0x000018fd) c.addi  a7, -1
core   0: 3 0x800056a8 (0x18fd) x17 0xffffffff
core   0: 0x800056aa (0x023efb33) remu    s6, t4, gp
core   0: 3 0x800056aa (0x023efb33) x22 0x00000008
core   0: 0x800056ae (0x00006b5d) c.lui   s6, 0x17
core   0: 3 0x800056ae (0x6b5d) x22 0x00017000
core   0: 0x800056b0 (0x457d3213) sltiu   tp, s10, 1111
core   0: 3 0x800056b0 (0x457d3213) x4  0x00000000
core   0: 0x800056b4 (0x02ac80b3) mul     ra, s9, a0
core   0: 3 0x800056b4 (0x02ac80b3) x1  0x0000054c
core   0: 0x800056b8 (0x00006549) c.lui   a0, 0x12
core   0: 3 0x800056b8 (0x6549) x10 0x00012000
core   0: 0x800056ba (0x0000614d) c.addi16sp sp, 176
core   0: 3 0x800056ba (0x614d) x2  0x000000b0
core   0: 0x800056bc (0x01245b93) srli    s7, s0, 18
core   0: 3 0x800056bc (0x01245b93) x23 0x00000000
core   0: 0x800056c0 (0x00008366) c.mv    t1, s9
core   0: 3 0x800056c0 (0x8366) x6  0x00000153
core   0: 0x800056c2 (0x00001a18) c.addi4spn a4, sp, 304
core   0: 3 0x800056c2 (0x1a18) x14 0x000001e0
core   0: 0x800056c4 (0x41030fb3) sub     t6, t1, a6
core   0: 3 0x800056c4 (0x41030fb3) x31 0x00000153
core   0: 0x800056c8 (0x01651ab3) sll     s5, a0, s6
core   0: 3 0x800056c8 (0x01651ab3) x21 0x00012000
core   0: 0x800056cc (0x41395493) srai    s1, s2, 19
core   0: 3 0x800056cc (0x41395493) x9  0xfffff000
core   0: 0x800056d0 (0x036587b3) mul     a5, a1, s6
core   0: 3 0x800056d0 (0x036587b3) x15 0xde0aa000
core   0: 0x800056d4 (0x8ef67693) andi    a3, a2, -1809
core   0: 3 0x800056d4 (0x8ef67693) x13 0x00000000
core   0: 0x800056d8 (0x035f76b3) remu    a3, t5, s5
core   0: 3 0x800056d8 (0x035f76b3) x13 0x0000a51e
core   0: 0x800056dc (0x00db0563) beq     s6, a3, pc + 10
core   0: 3 0x800056dc (0x00db0563)
core   0: 0x800056e0 (0x009ff0b3) and     ra, t6, s1
core   0: 3 0x800056e0 (0x009ff0b3) x1  0x00000000
core   0: 0x800056e4 (0x00006309) c.lui   t1, 0x2
core   0: 3 0x800056e4 (0x6309) x6  0x00002000
core   0: 0x800056e6 (0x00008d35) c.xor   a0, a3
core   0: 3 0x800056e6 (0x8d35) x10 0x0001851e
core   0: 0x800056e8 (0x03582433) mulhsu  s0, a6, s5
core   0: 3 0x800056e8 (0x03582433) x8  0x00000000
core   0: 0x800056ec (0x000094ee) c.add   s1, s11
core   0: 3 0x800056ec (0x94ee) x9  0xfbbbbff0
core   0: 0x800056ee (0x017a5b13) srli    s6, s4, 23
core   0: 3 0x800056ee (0x017a5b13) x22 0x00000100
core   0: 0x800056f2 (0x0000cd91) c.beqz  a1, pc + 28
core   0: 3 0x800056f2 (0xcd91)
core   0: 0x800056f4 (0x00008eb5) c.xor   a3, a3
core   0: 3 0x800056f4 (0x8eb5) x13 0x00000000
core   0: 0x800056f6 (0x031b0063) beq     s6, a7, pc + 32
core   0: 3 0x800056f6 (0x031b0063)
core   0: 0x800056fa (0x00008f85) c.sub   a5, s1
core   0: 3 0x800056fa (0x8f85) x15 0xe24ee010
core   0: 0x800056fc (0xf2026d93) ori     s11, tp, -224
core   0: 3 0x800056fc (0xf2026d93) x27 0xffffff20
core   0: 0x80005700 (0x02d4cfb3) div     t6, s1, a3
core   0: 3 0x80005700 (0x02d4cfb3) x31 0xffffffff
core   0: 0x80005704 (0x00008a89) c.andi  a3, 2
core   0: 3 0x80005704 (0x8a89) x13 0x00000000
core   0: 0x80005706 (0x40985693) srai    a3, a6, 9
core   0: 3 0x80005706 (0x40985693) x13 0x00000000
core   0: 0x8000570a (0xbab88493) addi    s1, a7, -1109
core   0: 3 0x8000570a (0xbab88493) x9  0xfffffbaa
core   0: 0x8000570e (0x015c0fb3) add     t6, s8, s5
core   0: 3 0x8000570e (0x015c0fb3) x31 0x00011fff
core   0: 0x80005712 (0x03185333) divu    t1, a6, a7
core   0: 3 0x80005712 (0x03185333) x6  0x00000000
core   0: 0x80005716 (0x00000001) c.nop
core   0: 3 0x80005716 (0x0001)
core   0: 0x80005718 (0x031530b3) mulhu   ra, a0, a7
core   0: 3 0x80005718 (0x031530b3) x1  0x0001851d
core   0: 0x8000571c (0x00004d3d) c.li    s10, 15
core   0: 3 0x8000571c (0x4d3d) x26 0x0000000f
core   0: 0x8000571e (0x00006e45) c.lui   t3, 0x11
core   0: 3 0x8000571e (0x6e45) x28 0x00011000
core   0: 0x80005720 (0x02fd6733) rem     a4, s10, a5
core   0: 3 0x80005720 (0x02fd6733) x14 0x0000000f
core   0: 0x80005724 (0x0001f7b3) and     a5, gp, zero
core   0: 3 0x80005724 (0x0001f7b3) x15 0x00000000
core   0: 0x80005728 (0x08a3e293) ori     t0, t2, 138
core   0: 3 0x80005728 (0x08a3e293) x5  0xca56acaa
core   0: 0x8000572c (0x008ad013) srli    zero, s5, 8
core   0: 3 0x8000572c (0x008ad013)
core   0: 0x80005730 (0x816dcb37) lui     s6, 0x816dc
core   0: 3 0x80005730 (0x816dcb37) x22 0x816dc000
core   0: 0x80005734 (0x00008115) c.srli  a0, 5
core   0: 3 0x80005734 (0x8115) x10 0x00000c28
core   0: 0x80005736 (0x01480233) add     tp, a6, s4
core   0: 3 0x80005736 (0x01480233) x4  0x80029ce4
core   0: 0x8000573a (0x0000612d) c.addi16sp sp, 224
core   0: 3 0x8000573a (0x612d) x2  0x00000190
core   0: 0x8000573c (0x1b2f4f97) auipc   t6, 0x1b2f4
core   0: 3 0x8000573c (0x1b2f4f97) x31 0x9b2f973c
core   0: 0x80005740 (0x00008c71) c.and   s0, a2
core   0: 3 0x80005740 (0x8c71) x8  0x00000000
core   0: 0x80005742 (0x00492083) lw      ra, 4(s2)
core   0: 3 0x80005742 (0x00492083) x1  0x80005988 mem 0x80025e1c
core   0: 0x80005746 (0x00008d19) c.sub   a0, a4
core   0: 3 0x80005746 (0x8d19) x10 0x00000c19
core   0: 0x80005748 (0x02de89b3) mul     s3, t4, a3
core   0: 3 0x80005748 (0x02de89b3) x19 0x00000000
core   0: 0x8000574c (0x03076db3) rem     s11, a4, a6
core   0: 3 0x8000574c (0x03076db3) x27 0x0000000f
core   0: 0x80005750 (0x00000951) c.addi  s2, 20
core   0: 3 0x80005750 (0x0951) x18 0x80025e2c
core   0: 0x80005752 (0x00006b79) c.lui   s6, 0x1e
core   0: 3 0x80005752 (0x6b79) x22 0x0001e000
core   0: 0x80005754 (0x00008893) mv      a7, ra
core   0: 3 0x80005754 (0x00008893) x17 0x80005988
core   0: 0x80005758 (0x000888e7) jalr    a7, a7, 0
core   0: 3 0x80005758 (0x000888e7) x17 0x8000575c
core   0: 0x80005988 (0x004c6c33) or      s8, s8, tp
core   0: 3 0x80005988 (0x004c6c33) x24 0xffffffff
core   0: 0x8000598c (0x01e69963) bne     a3, t5, pc + 18
core   0: 3 0x8000598c (0x01e69963)
core   0: 0x8000599e (0xdbfff0ef) jal     pc - 0x242
core   0: 3 0x8000599e (0xdbfff0ef) x1  0x800059a2
core   0: 0x8000575c (0x01bb28b3) slt     a7, s6, s11
core   0: 3 0x8000575c (0x01bb28b3) x17 0x00000000
core   0: 0x80005760 (0xfc890913) addi    s2, s2, -56
core   0: 3 0x80005760 (0xfc890913) x18 0x80025df4
core   0: 0x80005764 (0x0000829d) c.srli  a3, 7
core   0: 3 0x80005764 (0x829d) x13 0x00000000
core   0: 0x80005766 (0x00008c79) c.and   s0, a4
core   0: 3 0x80005766 (0x8c79) x8  0x00000000
core   0: 0x80005768 (0x00008685) c.srai  a3, 1
core   0: 3 0x80005768 (0x8685) x13 0x00000000
core   0: 0x8000576a (0x0059ac33) slt     s8, s3, t0
core   0: 3 0x8000576a (0x0059ac33) x24 0x00000000
core   0: 0x8000576e (0x00008741) c.srai  a4, 16
core   0: 3 0x8000576e (0x8741) x14 0x00000000
core   0: 0x80005770 (0x00192223) sw      ra, 4(s2)
core   0: 3 0x80005770 (0x00192223) mem 0x80025df8 0x800059a2
core   0: 0x80005774 (0x0000987d) c.andi  s0, -1
core   0: 3 0x80005774 (0x987d) x8  0x00000000
core   0: 0x80005776 (0x000081c1) c.srli  a1, 16
core   0: 3 0x80005776 (0x81c1) x11 0x0000db54
core   0: 0x80005778 (0x001ac533) xor     a0, s5, ra
core   0: 3 0x80005778 (0x001ac533) x10 0x800179a2
core   0: 0x8000577c (0x02531433) mulh    s0, t1, t0
core   0: 3 0x8000577c (0x02531433) x8  0x00000000
core   0: 0x80005780 (0xd26dbb93) sltiu   s7, s11, -730
core   0: 3 0x80005780 (0xd26dbb93) x23 0x00000001
core   0: 0x80005784 (0x03f4acb3) mulhsu  s9, s1, t6
core   0: 3 0x80005784 (0x03f4acb3) x25 0xfffffd5f
core   0: 0x80005788 (0x000086d6) c.mv    a3, s5
core   0: 3 0x80005788 (0x86d6) x13 0x00012000
core   0: 0x8000578a (0x029f2013) slti    zero, t5, 41
core   0: 3 0x8000578a (0x029f2013)
core   0: 0x8000578e (0x02933eb3) mulhu   t4, t1, s1
core   0: 3 0x8000578e (0x02933eb3) x29 0x00000000
core   0: 0x80005792 (0x02d4f563) bgeu    s1, a3, pc + 42
core   0: 3 0x80005792 (0x02d4f563)
core   0: 0x800057bc (0x02024c63) bltz    tp, pc + 56
core   0: 3 0x800057bc (0x02024c63)
core   0: 0x800057f4 (0x00f6cd63) blt     a3, a5, pc + 26
core   0: 3 0x800057f4 (0x00f6cd63)
core   0: 0x800057f8 (0x005ac033) xor     zero, s5, t0
core   0: 3 0x800057f8 (0x005ac033)
core   0: 0x800057fc (0x01b39413) slli    s0, t2, 27
core   0: 3 0x800057fc (0x01b39413) x8  0x10000000
core   0: 0x80005800 (0x0000e78d) c.bnez  a5, pc + 42
core   0: 3 0x80005800 (0xe78d)
core   0: 0x80005802 (0x40f00eb3) sub     t4, zero, a5
core   0: 3 0x80005802 (0x40f00eb3) x29 0x00000000
core   0: 0x80005806 (0x02c820b3) mulhsu  ra, a6, a2
core   0: 3 0x80005806 (0x02c820b3) x1  0x00000000
core   0: 0x8000580a (0x473bad13) slti    s10, s7, 1139
core   0: 3 0x8000580a (0x473bad13) x26 0x00000001
core   0: 0x8000580e (0x0000084a) c.slli  a6, 18
core   0: 3 0x8000580e (0x084a) x16 0x00000000
core   0: 0x80005810 (0x0074ea63) bltu    s1, t2, pc + 20
core   0: 3 0x80005810 (0x0074ea63)
core   0: 0x80005814 (0x00000826) c.slli  a6, 9
core   0: 3 0x80005814 (0x0826) x16 0x00000000
core   0: 0x80005816 (0xe6ce0a93) addi    s5, t3, -404
core   0: 3 0x80005816 (0xe6ce0a93) x21 0x00010e6c
core   0: 0x8000581a (0xee0d4f93) xori    t6, s10, -288
core   0: 3 0x8000581a (0xee0d4f93) x31 0xfffffee1
core   0: 0x8000581e (0x00001f00) c.addi4spn s0, sp, 944
core   0: 3 0x8000581e (0x1f00) x8  0x00000540
core   0: 0x80005820 (0x00008f71) c.and   a4, a2
core   0: 3 0x80005820 (0x8f71) x14 0x00000000
core   0: 0x80005822 (0x00000e31) c.addi  t3, 12
core   0: 3 0x80005822 (0x0e31) x28 0x0001100c
core   0: 0x80005824 (0x00000001) c.nop
core   0: 3 0x80005824 (0x0001)
core   0: 0x80005826 (0x342bfd13) andi    s10, s7, 834
core   0: 3 0x80005826 (0x342bfd13) x26 0x00000000
core   0: 0x8000582a (0x41df5f13) srai    t5, t5, 29
core   0: 3 0x8000582a (0x41df5f13) x30 0x00000003
core   0: 0x8000582e (0x0000cd0d) c.beqz  a0, pc + 58
core   0: 3 0x8000582e (0xcd0d)
core   0: 0x80005830 (0x01f51e13) slli    t3, a0, 31
core   0: 3 0x80005830 (0x01f51e13) x28 0x00000000
core   0: 0x80005834 (0x02f60f33) mul     t5, a2, a5
core   0: 3 0x80005834 (0x02f60f33) x30 0x00000000
core   0: 0x80005838 (0x031fccb3) div     s9, t6, a7
core   0: 3 0x80005838 (0x031fccb3) x25 0xffffffff
core   0: 0x8000583c (0x65bc4c13) xori    s8, s8, 1627
core   0: 3 0x8000583c (0x65bc4c13) x24 0x0000065b
core   0: 0x80005840 (0x03654733) div     a4, a0, s6
core   0: 3 0x80005840 (0x03654733) x14 0xffffbbbd
core   0: 0x80005844 (0xbcad6013) ori     zero, s10, -1078
core   0: 3 0x80005844 (0xbcad6013)
core   0: 0x80005848 (0x00110c33) add     s8, sp, ra
core   0: 3 0x80005848 (0x00110c33) x24 0x00000190
core   0: 0x8000584c (0x00009bfd) c.andi  a5, -1
core   0: 3 0x8000584c (0x9bfd) x15 0x00000000
core   0: 0x8000584e (0x01fad033) srl     zero, s5, t6
core   0: 3 0x8000584e (0x01fad033)
core   0: 0x80005852 (0x0393c863) blt     t2, s9, pc + 48
core   0: 3 0x80005852 (0x0393c863)
core   0: 0x80005882 (0x0138c4b3) xor     s1, a7, s3
core   0: 3 0x80005882 (0x0138c4b3) x9  0x00000000
core   0: 0x80005886 (0x022381b3) mul     gp, t2, sp
core   0: 3 0x80005886 (0x022381b3) x3  0x276cf520
core   0: 0x8000588a (0x03915f33) divu    t5, sp, s9
core   0: 3 0x8000588a (0x03915f33) x30 0x00000000
core   0: 0x8000588e (0x038c14b3) mulh    s1, s8, s8
core   0: 3 0x8000588e (0x038c14b3) x9  0x00000000
core   0: 0x80005892 (0x0000ef15) c.bnez  a4, pc + 60
core   0: 3 0x80005892 (0xef15)
core   0: 0x800058ce (0x02832533) mulhsu  a0, t1, s0
core   0: 3 0x800058ce (0x02832533) x10 0x00000000
core   0: 0x800058d2 (0x005533b3) sltu    t2, a0, t0
core   0: 3 0x800058d2 (0x005533b3) x7  0x00000001
core   0: 0x800058d6 (0x774d3413) sltiu   s0, s10, 1908
core   0: 3 0x800058d6 (0x774d3413) x8  0x00000001
core   0: 0x800058da (0x03a9d163) bge     s3, s10, pc + 34
core   0: 3 0x800058da (0x03a9d163)
core   0: 0x800058fc (0xa649ce93) xori    t4, s3, -1436
core   0: 3 0x800058fc (0xa649ce93) x29 0xfffffa64
core   0: 0x80005900 (0x0352e033) rem     zero, t0, s5
core   0: 3 0x80005900 (0x0352e033)
core   0: 0x80005904 (0x00e748b3) xor     a7, a4, a4
core   0: 3 0x80005904 (0x00e748b3) x17 0x00000000
core   0: 0x80005908 (0x00008971) c.andi  a0, 28
core   0: 3 0x80005908 (0x8971) x10 0x00000000
core   0: 0x8000590a (0x00492083) lw      ra, 4(s2)
core   0: 3 0x8000590a (0x00492083) x1  0x800059a2 mem 0x80025df8
core   0: 0x8000590e (0x020182b3) mul     t0, gp, zero
core   0: 3 0x8000590e (0x020182b3) x5  0x00000000
core   0: 0x80005912 (0x03890913) addi    s2, s2, 56
core   0: 3 0x80005912 (0x03890913) x18 0x80025e2c
core   0: 0x80005916 (0x00705c13) srli    s8, zero, 7
core   0: 3 0x80005916 (0x00705c13) x24 0x00000000
core   0: 0x8000591a (0x000098fd) c.andi  s1, -1
core   0: 3 0x8000591a (0x98fd) x9  0x00000000
core   0: 0x8000591c (0x00108c93) addi    s9, ra, 1
core   0: 3 0x8000591c (0x00108c93) x25 0x800059a3
core   0: 0x80005920 (0x00008c82) c.jr    s9
core   0: 3 0x80005920 (0x8c82)
core   0: 0x800059a2 (0x565fca93) xori    s5, t6, 1381
core   0: 3 0x800059a2 (0x565fca93) x21 0xfffffb84
core   0: 0x800059a6 (0x00003297) auipc   t0, 0x3
core   0: 3 0x800059a6 (0x00003297) x5  0x800089a6
core   0: 0x800059aa (0xe8828293) addi    t0, t0, -376
core   0: 3 0x800059aa (0xe8828293) x5  0x8000882e
core   0: 0x800059ae (0x018d5eb3) srl     t4, s10, s8
core   0: 3 0x800059ae (0x018d5eb3) x29 0x00000000
core   0: 0x800059b2 (0xe8c28293) addi    t0, t0, -372
core   0: 3 0x800059b2 (0xe8c28293) x5  0x800086ba
core   0: 0x800059b6 (0x00979d63) bne     a5, s1, pc + 26
core   0: 3 0x800059b6 (0x00979d63)
core   0: 0x800059ba (0x039205b3) mul     a1, tp, s9
core   0: 3 0x800059ba (0x039205b3) x11 0x6a35292c
core   0: 0x800059be (0x00008f55) c.or    a4, a3
core   0: 3 0x800059be (0x8f55) x14 0xffffbbbd
core   0: 0x800059c0 (0x00000001) c.nop
core   0: 3 0x800059c0 (0x0001)
core   0: 0x800059c2 (0x00008805) c.andi  s0, 1
core   0: 3 0x800059c2 (0x8805) x8  0x00000001
core   0: 0x800059c4 (0xa8c7ff13) andi    t5, a5, -1396
core   0: 3 0x800059c4 (0xa8c7ff13) x30 0x00000000
core   0: 0x800059c8 (0x01fc8ab3) add     s5, s9, t6
core   0: 3 0x800059c8 (0x01fc8ab3) x21 0x80005884
core   0: 0x800059cc (0x03d2a7b3) mulhsu  a5, t0, t4
core   0: 3 0x800059cc (0x03d2a7b3) x15 0x00000000
core   0: 0x800059d0 (0x175280e7) jalr    ra, t0, 373
core   0: 3 0x800059d0 (0x175280e7) x1  0x800059d4
core   0: 0x8000882e (0x40ca5f13) srai    t5, s4, 12
core   0: 3 0x8000882e (0x40ca5f13) x30 0xfff80029
core   0: 0x80008832 (0x037014b3) mulh    s1, zero, s7
core   0: 3 0x80008832 (0x037014b3) x9  0x00000000
core   0: 0x80008836 (0x014f5133) srl     sp, t5, s4
core   0: 3 0x80008836 (0x014f5133) x2  0x0fff8002
core   0: 0x8000883a (0xfc090913) addi    s2, s2, -64
core   0: 3 0x8000883a (0xfc090913) x18 0x80025dec
core   0: 0x8000883e (0x40b75b33) sra     s6, a4, a1
core   0: 3 0x8000883e (0x40b75b33) x22 0xfffffffb
core   0: 0x80008842 (0x535d09b7) lui     s3, 0x535d0
core   0: 3 0x80008842 (0x535d09b7) x19 0x535d0000
core   0: 0x80008846 (0x00192223) sw      ra, 4(s2)
core   0: 3 0x80008846 (0x00192223) mem 0x80025df0 0x800059d4
core   0: 0x8000884a (0x6a9db893) sltiu   a7, s11, 1705
core   0: 3 0x8000884a (0x6a9db893) x17 0x00000001
core   0: 0x8000884e (0x020cebb3) rem     s7, s9, zero
core   0: 3 0x8000884e (0x020cebb3) x23 0x800059a3
core   0: 0x80008852 (0x00008117) auipc   sp, 0x8
core   0: 3 0x80008852 (0x00008117) x2  0x80010852
core   0: 0x80008856 (0xae810113) addi    sp, sp, -1304
core   0: 3 0x80008856 (0xae810113) x2  0x8001033a
core   0: 0x8000885a (0xf41106a3) sb      ra, -179(sp)
core   0: 3 0x8000885a (0xf41106a3) mem 0x80010287 0xd4
core   0: 0x8000885e (0x015862b3) or      t0, a6, s5
core   0: 3 0x8000885e (0x015862b3) x5  0x80005884
core   0: 0x80008862 (0xd9212a83) lw      s5, -622(sp)
core   0: 3 0x80008862 (0xd9212a83) x21 0xdc866ab5 mem 0x800100cc
core   0: 0x80008866 (0x02ceeeb3) rem     t4, t4, a2
core   0: 3 0x80008866 (0x02ceeeb3) x29 0x00000000
core   0: 0x8000886a (0xf8f10d03) lb      s10, -113(sp)
core   0: 3 0x8000886a (0xf8f10d03) x26 0x0000004d mem 0x800102c9
core   0: 0x8000886e (0xec211823) sh      sp, -304(sp)
core   0: 3 0x8000886e (0xec211823) mem 0x8001020a 0x033a
core   0: 0x80008872 (0xc9f1c193) xori    gp, gp, -865
core   0: 3 0x80008872 (0xc9f1c193) x3  0xd89309bf
core   0: 0x80008876 (0x00004d8d) c.li    s11, 3
core   0: 3 0x80008876 (0x4d8d) x27 0x00000003
core   0: 0x80008878 (0xeca15e03) lhu     t3, -310(sp)
core   0: 3 0x80008878 (0xeca15e03) x28 0x00004f35 mem 0x80010204
core   0: 0x8000887c (0x01db1d93) slli    s11, s6, 29
core   0: 3 0x8000887c (0x01db1d93) x27 0x60000000
core   0: 0x80008880 (0x00008f59) c.or    a4, a4
core   0: 3 0x80008880 (0x8f59) x14 0xffffbbbd
core   0: 0x80008882 (0x51f104a3) sb      t6, 1289(sp)
core   0: 3 0x80008882 (0x51f104a3) mem 0x80010843 0xe1
core   0: 0x80008886 (0x41018333) sub     t1, gp, a6
core   0: 3 0x80008886 (0x41018333) x6  0xd89309bf
core   0: 0x8000888a (0x40170db3) sub     s11, a4, ra
core   0: 3 0x8000888a (0x40170db3) x27 0x7fff61e9
core   0: 0x8000888e (0x03ab4e33) div     t3, s6, s10
core   0: 3 0x8000888e (0x03ab4e33) x28 0x00000000
core   0: 0x80008892 (0xcfc237b7) lui     a5, 0xcfc23
core   0: 3 0x80008892 (0xcfc237b7) x15 0xcfc23000
core   0: 0x80008896 (0x74012d23) sw      zero, 1882(sp)
core   0: 3 0x80008896 (0x74012d23) mem 0x80010a94 0x00000000
core   0: 0x8000889a (0xe8910f03) lb      t5, -375(sp)
core   0: 3 0x8000889a (0xe8910f03) x30 0x0000001d mem 0x800101c3
core   0: 0x8000889e (0x00242033) slt     zero, s0, sp
core   0: 3 0x8000889e (0x00242033)
core   0: 0x800088a2 (0x00212c33) slt     s8, sp, sp
core   0: 3 0x800088a2 (0x00212c33) x24 0x00000000
core   0: 0x800088a6 (0x003470b3) and     ra, s0, gp
core   0: 3 0x800088a6 (0x003470b3) x1  0x00000001
core   0: 0x800088aa (0x000082e9) c.srli  a3, 26
core   0: 3 0x800088aa (0x82e9) x13 0x00000000
core   0: 0x800088ac (0x33615a83) lhu     s5, 822(sp)
core   0: 3 0x800088ac (0x33615a83) x21 0x0000cd31 mem 0x80010670
core   0: 0x800088b0 (0x000087cd) c.srai  a5, 19
core   0: 3 0x800088b0 (0x87cd) x15 0xfffff9f8
core   0: 0x800088b2 (0x00008461) c.srai  s0, 24
core   0: 3 0x800088b2 (0x8461) x8  0x00000000
core   0: 0x800088b4 (0x6b112b23) sw      a7, 1718(sp)
core   0: 3 0x800088b4 (0x6b112b23) mem 0x800109f0 0x00000001
core   0: 0x800088b8 (0xec110e03) lb      t3, -319(sp)
core   0: 3 0x800088b8 (0xec110e03) x28 0x00000079 mem 0x800101fb
core   0: 0x800088bc (0x00008c39) c.xor   s0, a4
core   0: 3 0x800088bc (0x8c39) x8  0xffffbbbd
core   0: 0x800088be (0x70311c23) sh      gp, 1816(sp)
core   0: 3 0x800088be (0x70311c23) mem 0x80010a52 0x09bf
core   0: 0x800088c2 (0x0000051d) c.addi  a0, 7
core   0: 3 0x800088c2 (0x051d) x10 0x00000007
core   0: 0x800088c4 (0x03e8abb3) mulhsu  s7, a7, t5
core   0: 3 0x800088c4 (0x03e8abb3) x23 0x00000000
core   0: 0x800088c8 (0x0c714503) lbu     a0, 199(sp)
core   0: 3 0x800088c8 (0x0c714503) x10 0x000000c5 mem 0x80010401
core   0: 0x800088cc (0x0a112f23) sw      ra, 190(sp)
core   0: 3 0x800088cc (0x0a112f23) mem 0x800103f8 0x00000001
core   0: 0x800088d0 (0x21615a83) lhu     s5, 534(sp)
core   0: 3 0x800088d0 (0x21615a83) x21 0x0000cbf8 mem 0x80010550
core   0: 0x800088d4 (0x00005efd) c.li    t4, -1
core   0: 3 0x800088d4 (0x5efd) x29 0xffffffff
core   0: 0x800088d6 (0x00008fea) c.mv    t6, s10
core   0: 3 0x800088d6 (0x8fea) x31 0x0000004d
core   0: 0x800088d8 (0x00008c85) c.sub   s1, s1
core   0: 3 0x800088d8 (0x8c85) x9  0x00000000
core   0: 0x800088da (0x02806233) rem     tp, zero, s0
core   0: 3 0x800088da (0x02806233) x4  0x00000000
core   0: 0x800088de (0x03452333) mulhsu  t1, a0, s4
core   0: 3 0x800088de (0x03452333) x6  0x00000062
core   0: 0x800088e2 (0xd3e12483) lw      s1, -706(sp)
core   0: 3 0x800088e2 (0xd3e12483) x9  0x35f9dcca mem 0x80010078
core   0: 0x800088e6 (0x7df14783) lbu     a5, 2015(sp)
core   0: 3 0x800088e6 (0x7df14783) x15 0x0000008f mem 0x80010b19
core   0: 0x800088ea (0x01325833) srl     a6, tp, s3
core   0: 3 0x800088ea (0x01325833) x16 0x00000000
core   0: 0x800088ee (0x01a75733) srl     a4, a4, s10
core   0: 3 0x800088ee (0x01a75733) x14 0x0007fffd
core   0: 0x800088f2 (0x22c15003) lhu     zero, 556(sp)
core   0: 3 0x800088f2 (0x22c15003) mem 0x80010566
core   0: 0x800088f6 (0x7a314503) lbu     a0, 1955(sp)
core   0: 3 0x800088f6 (0x7a314503) x10 0x00000032 mem 0x80010add
core   0: 0x800088fa (0x68b14883) lbu     a7, 1675(sp)
core   0: 3 0x800088fa (0x68b14883) x17 0x0000007e mem 0x800109c5
core   0: 0x800088fe (0x33415b03) lhu     s6, 820(sp)
core   0: 3 0x800088fe (0x33415b03) x22 0x00006c68 mem 0x8001066e
core   0: 0x80008902 (0x033c60b3) rem     ra, s8, s3
core   0: 3 0x80008902 (0x033c60b3) x1  0x00000000
core   0: 0x80008906 (0x3a86e6b7) lui     a3, 0x3a86e
core   0: 3 0x80008906 (0x3a86e6b7) x13 0x3a86e000
core   0: 0x8000890a (0x21a11383) lh      t2, 538(sp)
core   0: 3 0x8000890a (0x21a11383) x7  0x00000fb2 mem 0x80010554
core   0: 0x8000890e (0xd8110c23) sb      ra, -616(sp)
core   0: 3 0x8000890e (0xd8110c23) mem 0x800100d2 0x00
core   0: 0x80008912 (0x27d14403) lbu     s0, 637(sp)
core   0: 3 0x80008912 (0x27d14403) x8  0x00000045 mem 0x800105b7
core   0: 0x80008916 (0xf1010da3) sb      a6, -229(sp)
core   0: 3 0x80008916 (0xf1010da3) mem 0x80010255 0x00
core   0: 0x8000891a (0x11c11e23) sh      t3, 284(sp)
core   0: 3 0x8000891a (0x11c11e23) mem 0x80010456 0x0079
core   0: 0x8000891e (0x00814383) lbu     t2, 8(sp)
core   0: 3 0x8000891e (0x00814383) x7  0x000000a3 mem 0x80010342
core   0: 0x80008922 (0x00015097) auipc   ra, 0x15
core   0: 3 0x80008922 (0x00015097) x1  0x8001d922
core   0: 0x80008926 (0x19708093) addi    ra, ra, 407
core   0: 3 0x80008926 (0x19708093) x1  0x8001dab9
core   0: 0x8000892a (0xfe208503) lb      a0, -30(ra)
core   0: 3 0x8000892a (0xfe208503) x10 0x00000078 mem 0x8001da9b
core   0: 0x8000892e (0xfee08423) sb      a4, -24(ra)
core   0: 3 0x8000892e (0xfee08423) mem 0x8001daa1 0xfd
core   0: 0x80008932 (0x01f0a103) lw      sp, 31(ra)
core   0: 3 0x80008932 (0x01f0a103) x2  0x50f4d635 mem 0x8001dad8
core   0: 0x80008936 (0x01f0a883) lw      a7, 31(ra)
core   0: 3 0x80008936 (0x01f0a883) x17 0x50f4d635 mem 0x8001dad8
core   0: 0x8000893a (0x03a08e23) sb      s10, 60(ra)
core   0: 3 0x8000893a (0x03a08e23) mem 0x8001daf5 0x4d
core   0: 0x8000893e (0x00b094a3) sh      a1, 9(ra)
core   0: 3 0x8000893e (0x00b094a3) mem 0x8001dac2 0x292c
core   0: 0x80008942 (0x022c15b3) mulh    a1, s8, sp
core   0: 3 0x80008942 (0x022c15b3) x11 0x00000000
core   0: 0x80008946 (0x067fa213) slti    tp, t6, 103
core   0: 3 0x80008946 (0x067fa213) x4  0x00000001
core   0: 0x8000894a (0x45ece293) ori     t0, s9, 1118
core   0: 3 0x8000894a (0x45ece293) x5  0x80005dff
core   0: 0x8000894e (0x00d084a3) sb      a3, 9(ra)
core   0: 3 0x8000894e (0x00d084a3) mem 0x8001dac2 0x00
core   0: 0x80008952 (0x0170cd03) lbu     s10, 23(ra)
core   0: 3 0x80008952 (0x0170cd03) x26 0x0000000d mem 0x8001dad0
core   0: 0x80008956 (0x00308783) lb      a5, 3(ra)
core   0: 3 0x80008956 (0x00308783) x15 0x0000003f mem 0x8001dabc
core   0: 0x8000895a (0x01a08d23) sb      s10, 26(ra)
core   0: 3 0x8000895a (0x01a08d23) mem 0x8001dad3 0x0d
core   0: 0x8000895e (0x00409ca3) sh      tp, 25(ra)
core   0: 3 0x8000895e (0x00409ca3) mem 0x8001dad2 0x0001
core   0: 0x80008962 (0x00c8b6b3) sltu    a3, a7, a2
core   0: 3 0x80008962 (0x00c8b6b3) x13 0x00000000
core   0: 0x80008966 (0xfc8087a3) sb      s0, -49(ra)
core   0: 3 0x80008966 (0xfc8087a3) mem 0x8001da88 0x45
core   0: 0x8000896a (0x0390d283) lhu     t0, 57(ra)
core   0: 3 0x8000896a (0x0390d283) x5  0x0000d64a mem 0x8001daf2
core   0: 0x8000896e (0x03909103) lh      sp, 57(ra)
core   0: 3 0x8000896e (0x03909103) x2  0xffffd64a mem 0x8001daf2
core   0: 0x80008972 (0xfd108ea3) sb      a7, -35(ra)
core   0: 3 0x80008972 (0xfd108ea3) mem 0x8001da96 0x35
core   0: 0x80008976 (0x01a08403) lb      s0, 26(ra)
core   0: 3 0x80008976 (0x01a08403) x8  0x00000000 mem 0x8001dad3
core   0: 0x8000897a (0x00004695) c.li    a3, 5
core   0: 3 0x8000897a (0x4695) x13 0x00000005
core   0: 0x8000897c (0x000088e5) c.andi  s1, 25
core   0: 3 0x8000897c (0x88e5) x9  0x00000008
core   0: 0x8000897e (0x41518eb3) sub     t4, gp, s5
core   0: 3 0x8000897e (0x41518eb3) x29 0xd8923dc7
core   0: 0x80008982 (0x030c7fb3) remu    t6, s8, a6
core   0: 3 0x80008982 (0x030c7fb3) x31 0x00000000
core   0: 0x80008986 (0x90a61337) lui     t1, 0x90a61
core   0: 3 0x80008986 (0x90a61337) x6  0x90a61000
core   0: 0x8000898a (0x02c604b3) mul     s1, a2, a2
core   0: 3 0x8000898a (0x02c604b3) x9  0x00000000
core   0: 0x8000898e (0x6889a413) slti    s0, s3, 1672
core   0: 3 0x8000898e (0x6889a413) x8  0x00000000
core   0: 0x80008992 (0x00004dc9) c.li    s11, 18
core   0: 3 0x80008992 (0x4dc9) x27 0x00000012
core   0: 0x80008994 (0x034da7b3) mulhsu  a5, s11, s4
core   0: 3 0x80008994 (0x034da7b3) x15 0x00000009
core   0: 0x80008998 (0xbcb421b7) lui     gp, 0xbcb42
core   0: 3 0x80008998 (0xbcb421b7) x3  0xbcb42000
core   0: 0x8000899c (0x492282b7) lui     t0, 0x49228
core   0: 3 0x8000899c (0x492282b7) x5  0x49228000
core   0: 0x800089a0 (0x000087d9) c.srai  a5, 22
core   0: 3 0x800089a0 (0x87d9) x15 0x00000000
core   0: 0x800089a2 (0x00000685) c.addi  a3, 1
core   0: 3 0x800089a2 (0x0685) x13 0x00000006
core   0: 0x800089a4 (0x022869b3) rem     s3, a6, sp
core   0: 3 0x800089a4 (0x022869b3) x19 0x00000000
core   0: 0x800089a8 (0xffb698e3) bne     a3, s11, pc - 16
core   0: 3 0x800089a8 (0xffb698e3)
core   0: 0x80008998 (0xbcb421b7) lui     gp, 0xbcb42
core   0: 3 0x80008998 (0xbcb421b7) x3  0xbcb42000
core   0: 0x8000899c (0x492282b7) lui     t0, 0x49228
core   0: 3 0x8000899c (0x492282b7) x5  0x49228000
core   0: 0x800089a0 (0x000087d9) c.srai  a5, 22
core   0: 3 0x800089a0 (0x87d9) x15 0x00000000
core   0: 0x800089a2 (0x00000685) c.addi  a3, 1
core   0: 3 0x800089a2 (0x0685) x13 0x00000007
core   0: 0x800089a4 (0x022869b3) rem     s3, a6, sp
core   0: 3 0x800089a4 (0x022869b3) x19 0x00000000
core   0: 0x800089a8 (0xffb698e3) bne     a3, s11, pc - 16
core   0: 3 0x800089a8 (0xffb698e3)
core   0: 0x80008998 (0xbcb421b7) lui     gp, 0xbcb42
core   0: 3 0x80008998 (0xbcb421b7) x3  0xbcb42000
core   0: 0x8000899c (0x492282b7) lui     t0, 0x49228
core   0: 3 0x8000899c (0x492282b7) x5  0x49228000
core   0: 0x800089a0 (0x000087d9) c.srai  a5, 22
core   0: 3 0x800089a0 (0x87d9) x15 0x00000000
core   0: 0x800089a2 (0x00000685) c.addi  a3, 1
core   0: 3 0x800089a2 (0x0685) x13 0x00000008
core   0: 0x800089a4 (0x022869b3) rem     s3, a6, sp
core   0: 3 0x800089a4 (0x022869b3) x19 0x00000000
core   0: 0x800089a8 (0xffb698e3) bne     a3, s11, pc - 16
core   0: 3 0x800089a8 (0xffb698e3)
core   0: 0x80008998 (0xbcb421b7) lui     gp, 0xbcb42
core   0: 3 0x80008998 (0xbcb421b7) x3  0xbcb42000
core   0: 0x8000899c (0x492282b7) lui     t0, 0x49228
core   0: 3 0x8000899c (0x492282b7) x5  0x49228000
core   0: 0x800089a0 (0x000087d9) c.srai  a5, 22
core   0: 3 0x800089a0 (0x87d9) x15 0x00000000
core   0: 0x800089a2 (0x00000685) c.addi  a3, 1
core   0: 3 0x800089a2 (0x0685) x13 0x00000009
core   0: 0x800089a4 (0x022869b3) rem     s3, a6, sp
core   0: 3 0x800089a4 (0x022869b3) x19 0x00000000
core   0: 0x800089a8 (0xffb698e3) bne     a3, s11, pc - 16
core   0: 3 0x800089a8 (0xffb698e3)
core   0: 0x80008998 (0xbcb421b7) lui     gp, 0xbcb42
core   0: 3 0x80008998 (0xbcb421b7) x3  0xbcb42000
core   0: 0x8000899c (0x492282b7) lui     t0, 0x49228
core   0: 3 0x8000899c (0x492282b7) x5  0x49228000
core   0: 0x800089a0 (0x000087d9) c.srai  a5, 22
core   0: 3 0x800089a0 (0x87d9) x15 0x00000000
core   0: 0x800089a2 (0x00000685) c.addi  a3, 1
core   0: 3 0x800089a2 (0x0685) x13 0x0000000a
core   0: 0x800089a4 (0x022869b3) rem     s3, a6, sp
core   0: 3 0x800089a4 (0x022869b3) x19 0x00000000
core   0: 0x800089a8 (0xffb698e3) bne     a3, s11, pc - 16
core   0: 3 0x800089a8 (0xffb698e3)
core   0: 0x80008998 (0xbcb421b7) lui     gp, 0xbcb42
core   0: 3 0x80008998 (0xbcb421b7) x3  0xbcb42000
core   0: 0x8000899c (0x492282b7) lui     t0, 0x49228
core   0: 3 0x8000899c (0x492282b7) x5  0x49228000
core   0: 0x800089a0 (0x000087d9) c.srai  a5, 22
core   0: 3 0x800089a0 (0x87d9) x15 0x00000000
core   0: 0x800089a2 (0x00000685) c.addi  a3, 1
core   0: 3 0x800089a2 (0x0685) x13 0x0000000b
core   0: 0x800089a4 (0x022869b3) rem     s3, a6, sp
core   0: 3 0x800089a4 (0x022869b3) x19 0x00000000
core   0: 0x800089a8 (0xffb698e3) bne     a3, s11, pc - 16
core   0: 3 0x800089a8 (0xffb698e3)
core   0: 0x80008998 (0xbcb421b7) lui     gp, 0xbcb42
core   0: 3 0x80008998 (0xbcb421b7) x3  0xbcb42000
core   0: 0x8000899c (0x492282b7) lui     t0, 0x49228
core   0: 3 0x8000899c (0x492282b7) x5  0x49228000
core   0: 0x800089a0 (0x000087d9) c.srai  a5, 22
core   0: 3 0x800089a0 (0x87d9) x15 0x00000000
core   0: 0x800089a2 (0x00000685) c.addi  a3, 1
core   0: 3 0x800089a2 (0x0685) x13 0x0000000c
core   0: 0x800089a4 (0x022869b3) rem     s3, a6, sp
core   0: 3 0x800089a4 (0x022869b3) x19 0x00000000
core   0: 0x800089a8 (0xffb698e3) bne     a3, s11, pc - 16
core   0: 3 0x800089a8 (0xffb698e3)
core   0: 0x80008998 (0xbcb421b7) lui     gp, 0xbcb42
core   0: 3 0x80008998 (0xbcb421b7) x3  0xbcb42000
core   0: 0x8000899c (0x492282b7) lui     t0, 0x49228
core   0: 3 0x8000899c (0x492282b7) x5  0x49228000
core   0: 0x800089a0 (0x000087d9) c.srai  a5, 22
core   0: 3 0x800089a0 (0x87d9) x15 0x00000000
core   0: 0x800089a2 (0x00000685) c.addi  a3, 1
core   0: 3 0x800089a2 (0x0685) x13 0x0000000d
core   0: 0x800089a4 (0x022869b3) rem     s3, a6, sp
core   0: 3 0x800089a4 (0x022869b3) x19 0x00000000
core   0: 0x800089a8 (0xffb698e3) bne     a3, s11, pc - 16
core   0: 3 0x800089a8 (0xffb698e3)
core   0: 0x80008998 (0xbcb421b7) lui     gp, 0xbcb42
core   0: 3 0x80008998 (0xbcb421b7) x3  0xbcb42000
core   0: 0x8000899c (0x492282b7) lui     t0, 0x49228
core   0: 3 0x8000899c (0x492282b7) x5  0x49228000
core   0: 0x800089a0 (0x000087d9) c.srai  a5, 22
core   0: 3 0x800089a0 (0x87d9) x15 0x00000000
core   0: 0x800089a2 (0x00000685) c.addi  a3, 1
core   0: 3 0x800089a2 (0x0685) x13 0x0000000e
core   0: 0x800089a4 (0x022869b3) rem     s3, a6, sp
core   0: 3 0x800089a4 (0x022869b3) x19 0x00000000
core   0: 0x800089a8 (0xffb698e3) bne     a3, s11, pc - 16
core   0: 3 0x800089a8 (0xffb698e3)
core   0: 0x80008998 (0xbcb421b7) lui     gp, 0xbcb42
core   0: 3 0x80008998 (0xbcb421b7) x3  0xbcb42000
core   0: 0x8000899c (0x492282b7) lui     t0, 0x49228
core   0: 3 0x8000899c (0x492282b7) x5  0x49228000
core   0: 0x800089a0 (0x000087d9) c.srai  a5, 22
core   0: 3 0x800089a0 (0x87d9) x15 0x00000000
core   0: 0x800089a2 (0x00000685) c.addi  a3, 1
core   0: 3 0x800089a2 (0x0685) x13 0x0000000f
core   0: 0x800089a4 (0x022869b3) rem     s3, a6, sp
core   0: 3 0x800089a4 (0x022869b3) x19 0x00000000
core   0: 0x800089a8 (0xffb698e3) bne     a3, s11, pc - 16
core   0: 3 0x800089a8 (0xffb698e3)
core   0: 0x80008998 (0xbcb421b7) lui     gp, 0xbcb42
core   0: 3 0x80008998 (0xbcb421b7) x3  0xbcb42000
core   0: 0x8000899c (0x492282b7) lui     t0, 0x49228
core   0: 3 0x8000899c (0x492282b7) x5  0x49228000
core   0: 0x800089a0 (0x000087d9) c.srai  a5, 22
core   0: 3 0x800089a0 (0x87d9) x15 0x00000000
core   0: 0x800089a2 (0x00000685) c.addi  a3, 1
core   0: 3 0x800089a2 (0x0685) x13 0x00000010
core   0: 0x800089a4 (0x022869b3) rem     s3, a6, sp
core   0: 3 0x800089a4 (0x022869b3) x19 0x00000000
core   0: 0x800089a8 (0xffb698e3) bne     a3, s11, pc - 16
core   0: 3 0x800089a8 (0xffb698e3)
core   0: 0x80008998 (0xbcb421b7) lui     gp, 0xbcb42
core   0: 3 0x80008998 (0xbcb421b7) x3  0xbcb42000
core   0: 0x8000899c (0x492282b7) lui     t0, 0x49228
core   0: 3 0x8000899c (0x492282b7) x5  0x49228000
core   0: 0x800089a0 (0x000087d9) c.srai  a5, 22
core   0: 3 0x800089a0 (0x87d9) x15 0x00000000
core   0: 0x800089a2 (0x00000685) c.addi  a3, 1
core   0: 3 0x800089a2 (0x0685) x13 0x00000011
core   0: 0x800089a4 (0x022869b3) rem     s3, a6, sp
core   0: 3 0x800089a4 (0x022869b3) x19 0x00000000
core   0: 0x800089a8 (0xffb698e3) bne     a3, s11, pc - 16
core   0: 3 0x800089a8 (0xffb698e3)
core   0: 0x80008998 (0xbcb421b7) lui     gp, 0xbcb42
core   0: 3 0x80008998 (0xbcb421b7) x3  0xbcb42000
core   0: 0x8000899c (0x492282b7) lui     t0, 0x49228
core   0: 3 0x8000899c (0x492282b7) x5  0x49228000
core   0: 0x800089a0 (0x000087d9) c.srai  a5, 22
core   0: 3 0x800089a0 (0x87d9) x15 0x00000000
core   0: 0x800089a2 (0x00000685) c.addi  a3, 1
core   0: 3 0x800089a2 (0x0685) x13 0x00000012
core   0: 0x800089a4 (0x022869b3) rem     s3, a6, sp
core   0: 3 0x800089a4 (0x022869b3) x19 0x00000000
core   0: 0x800089a8 (0xffb698e3) bne     a3, s11, pc - 16
core   0: 3 0x800089a8 (0xffb698e3)
core   0: 0x800089ac (0x03215233) divu    tp, sp, s2
core   0: 3 0x800089ac (0x03215233) x4  0x00000001
core   0: 0x800089b0 (0x024000ef) jal     pc + 0x24
core   0: 3 0x800089b0 (0x024000ef) x1  0x800089b4
core   0: 0x800089d4 (0x010000ef) jal     pc + 0x10
core   0: 3 0x800089d4 (0x010000ef) x1  0x800089d8
core   0: 0x800089e4 (0xfe9ffdef) jal     s11, pc - 0x18
core   0: 3 0x800089e4 (0xfe9ffdef) x27 0x800089e8
core   0: 0x800089cc (0x0000a811) c.j     pc + 20
core   0: 3 0x800089cc (0xa811)
core   0: 0x800089e0 (0x0000b7dd) c.j     pc - 26
core   0: 3 0x800089e0 (0xb7dd)
core   0: 0x800089c6 (0x00002011) c.jal   pc + 4
core   0: 3 0x800089c6 (0x2011) x1  0x800089c8
core   0: 0x800089ca (0x00002039) c.jal   pc + 14
core   0: 3 0x800089ca (0x2039) x1  0x800089cc
core   0: 0x800089d8 (0x00003fed) c.jal   pc - 6
core   0: 3 0x800089d8 (0x3fed) x1  0x800089da
core   0: 0x800089d2 (0x0000b7dd) c.j     pc - 26
core   0: 3 0x800089d2 (0xb7dd)
core   0: 0x800089b8 (0x0000a819) c.j     pc + 22
core   0: 3 0x800089b8 (0xa819)
core   0: 0x800089ce (0xff1ffc6f) jal     s8, pc - 0x10
core   0: 3 0x800089ce (0xff1ffc6f) x24 0x800089d2
core   0: 0x800089be (0x01e005ef) jal     a1, pc + 0x1e
core   0: 3 0x800089be (0x01e005ef) x11 0x800089c2
core   0: 0x800089dc (0x0060036f) jal     t1, pc + 0x6
core   0: 3 0x800089dc (0x0060036f) x6  0x800089e0
core   0: 0x800089e2 (0x00003fd1) c.jal   pc - 44
core   0: 3 0x800089e2 (0x3fd1) x1  0x800089e4
core   0: 0x800089b6 (0x0000a015) c.j     pc + 36
core   0: 3 0x800089b6 (0xa015)
core   0: 0x800089da (0x000037e5) c.jal   pc - 24
core   0: 3 0x800089da (0x37e5) x1  0x800089dc
core   0: 0x800089c2 (0x0000bfe5) c.j     pc - 8
core   0: 3 0x800089c2 (0xbfe5)
core   0: 0x800089ba (0x00a0046f) jal     s0, pc + 0xa
core   0: 3 0x800089ba (0x00a0046f) x8  0x800089be
core   0: 0x800089c4 (0x0000a011) c.j     pc + 4
core   0: 3 0x800089c4 (0xa011)
core   0: 0x800089c8 (0x000037f5) c.jal   pc - 20
core   0: 3 0x800089c8 (0x37f5) x1  0x800089ca
core   0: 0x800089b4 (0x0000a815) c.j     pc + 52
core   0: 3 0x800089b4 (0xa815)
core   0: 0x800089e8 (0x00008d35) c.xor   a0, a3
core   0: 3 0x800089e8 (0x8d35) x10 0x0000006a
core   0: 0x800089ea (0x00008b17) auipc   s6, 0x8
core   0: 3 0x800089ea (0x00008b17) x22 0x800109ea
core   0: 0x800089ee (0x2cfb0b13) addi    s6, s6, 719
core   0: 3 0x800089ee (0x2cfb0b13) x22 0x80010cb9
core   0: 0x800089f2 (0x02ab0f23) sb      a0, 62(s6)
core   0: 3 0x800089f2 (0x02ab0f23) mem 0x80010cf7 0x6a
core   0: 0x800089f6 (0x016b0e23) sb      s6, 28(s6)
core   0: 3 0x800089f6 (0x016b0e23) mem 0x80010cd5 0xb9
core   0: 0x800089fa (0x006b0e23) sb      t1, 28(s6)
core   0: 3 0x800089fa (0x006b0e23) mem 0x80010cd5 0xe0
core   0: 0x800089fe (0x00008c89) c.sub   s1, a0
core   0: 3 0x800089fe (0x8c89) x9  0xffffff96
core   0: 0x80008a00 (0x01cb4383) lbu     t2, 28(s6)
core   0: 3 0x80008a00 (0x01cb4383) x7  0x000000e0 mem 0x80010cd5
core   0: 0x80008a04 (0x01cb8733) add     a4, s7, t3
core   0: 3 0x80008a04 (0x01cb8733) x14 0x00000079
core   0: 0x80008a08 (0x016b0e23) sb      s6, 28(s6)
core   0: 3 0x80008a08 (0x016b0e23) mem 0x80010cd5 0xb9
core   0: 0x80008a0c (0x00265513) srli    a0, a2, 2
core   0: 3 0x80008a0c (0x00265513) x10 0x00000000
core   0: 0x80008a10 (0x00006825) c.lui   a6, 0x9
core   0: 3 0x80008a10 (0x6825) x16 0x00009000
core   0: 0x80008a12 (0x00ab0583) lb      a1, 10(s6)
core   0: 3 0x80008a12 (0x00ab0583) x11 0xffffffca mem 0x80010cc3
core   0: 0x80008a16 (0x009b0523) sb      s1, 10(s6)
core   0: 3 0x80008a16 (0x009b0523) mem 0x80010cc3 0x96
core   0: 0x80008a1a (0xff4b06a3) sb      s4, -19(s6)
core   0: 3 0x80008a1a (0xff4b06a3) mem 0x80010ca6 0xe4
core   0: 0x80008a1e (0xfedb0403) lb      s0, -19(s6)
core   0: 3 0x80008a1e (0xfedb0403) x8  0xffffffe4 mem 0x80010ca6
core   0: 0x80008a22 (0x035b5d03) lhu     s10, 53(s6)
core   0: 3 0x80008a22 (0x035b5d03) x26 0x00009d99 mem 0x80010cee
core   0: 0x80008a26 (0x035b0e03) lb      t3, 53(s6)
core   0: 3 0x80008a26 (0x035b0e03) x28 0xffffff99 mem 0x80010cee
core   0: 0x80008a2a (0xfebb0e23) sb      a1, -4(s6)
core   0: 3 0x80008a2a (0xfebb0e23) mem 0x80010cb5 0xca
core   0: 0x80008a2e (0xffcb4d83) lbu     s11, -4(s6)
core   0: 3 0x80008a2e (0xffcb4d83) x27 0x000000ca mem 0x80010cb5
core   0: 0x80008a32 (0x000082e5) c.srli  a3, 25
core   0: 3 0x80008a32 (0x82e5) x13 0x00000000
core   0: 0x80008a34 (0xfe4b0e23) sb      tp, -4(s6)
core   0: 3 0x80008a34 (0xfe4b0e23) mem 0x80010cb5 0x01
core   0: 0x80008a38 (0x0000537d) c.li    t1, -1
core   0: 3 0x80008a38 (0x537d) x6  0xffffffff
core   0: 0x80008a3a (0xffdb5083) lhu     ra, -3(s6)
core   0: 3 0x80008a3a (0xffdb5083) x1  0x0000ff6a mem 0x80010cb6
core   0: 0x80008a3e (0xffdb1803) lh      a6, -3(s6)
core   0: 3 0x80008a3e (0xffdb1803) x16 0xffffff6a mem 0x80010cb6
core   0: 0x80008a42 (0xffdb0003) lb      zero, -3(s6)
core   0: 3 0x80008a42 (0xffdb0003) mem 0x80010cb6
core   0: 0x80008a46 (0x00000256) c.slli  tp, 21
core   0: 3 0x80008a46 (0x0256) x4  0x00200000
core   0: 0x80008a48 (0xfeeb0403) lb      s0, -18(s6)
core   0: 3 0x80008a48 (0xfeeb0403) x8  0xffffffd0 mem 0x80010ca7
core   0: 0x80008a4c (0x008b0483) lb      s1, 8(s6)
core   0: 3 0x80008a4c (0x008b0483) x9  0x00000079 mem 0x80010cc1
core   0: 0x80008a50 (0x00005471) c.li    s0, -4
core   0: 3 0x80008a50 (0x5471) x8  0xfffffffc
core   0: 0x80008a52 (0x00cbd233) srl     tp, s7, a2
core   0: 3 0x80008a52 (0x00cbd233) x4  0x00000000
core   0: 0x80008a56 (0x000043ad) c.li    t2, 11
core   0: 3 0x80008a56 (0x43ad) x7  0x0000000b
core   0: 0x80008a58 (0x015978b3) and     a7, s2, s5
core   0: 3 0x80008a58 (0x015978b3) x17 0x000049e8
core   0: 0x80008a5c (0x00008ef1) c.and   a3, a2
core   0: 3 0x80008a5c (0x8ef1) x13 0x00000000
core   0: 0x80008a5e (0x00000405) c.addi  s0, 1
core   0: 3 0x80008a5e (0x0405) x8  0xfffffffd
core   0: 0x80008a60 (0x000055f5) c.li    a1, -3
core   0: 3 0x80008a60 (0x55f5) x11 0xfffffffd
core   0: 0x80008a62 (0x00000001) c.nop
core   0: 3 0x80008a62 (0x0001)
core   0: 0x80008a64 (0x033d02b3) mul     t0, s10, s3
core   0: 3 0x80008a64 (0x033d02b3) x5  0x00000000
core   0: 0x80008a68 (0x00008339) c.srli  a4, 14
core   0: 3 0x80008a68 (0x8339) x14 0x00000000
core   0: 0x80008a6a (0x00bb31b3) sltu    gp, s6, a1
core   0: 3 0x80008a6a (0x00bb31b3) x3  0x00000001
core   0: 0x80008a6e (0x00000585) c.addi  a1, 1
core   0: 3 0x80008a6e (0x0585) x11 0xfffffffe
core   0: 0x80008a70 (0x0000fded) c.bnez  a1, pc - 6
core   0: 3 0x80008a70 (0xfded)
core   0: 0x80008a6a (0x00bb31b3) sltu    gp, s6, a1
core   0: 3 0x80008a6a (0x00bb31b3) x3  0x00000001
core   0: 0x80008a6e (0x00000585) c.addi  a1, 1
core   0: 3 0x80008a6e (0x0585) x11 0xffffffff
core   0: 0x80008a70 (0x0000fded) c.bnez  a1, pc - 6
core   0: 3 0x80008a70 (0xfded)
core   0: 0x80008a6a (0x00bb31b3) sltu    gp, s6, a1
core   0: 3 0x80008a6a (0x00bb31b3) x3  0x00000001
core   0: 0x80008a6e (0x00000585) c.addi  a1, 1
core   0: 3 0x80008a6e (0x0585) x11 0x00000000
core   0: 0x80008a70 (0x0000fded) c.bnez  a1, pc - 6
core   0: 3 0x80008a70 (0xfded)
core   0: 0x80008a72 (0x0138d7b3) srl     a5, a7, s3
core   0: 3 0x80008a72 (0x0138d7b3) x15 0x000049e8
core   0: 0x80008a76 (0xfe7443e3) blt     s0, t2, pc - 26
core   0: 3 0x80008a76 (0xfe7443e3)
core   0: 0x80008a5c (0x00008ef1) c.and   a3, a2
core   0: 3 0x80008a5c (0x8ef1) x13 0x00000000
core   0: 0x80008a5e (0x00000405) c.addi  s0, 1
core   0: 3 0x80008a5e (0x0405) x8  0xfffffffe
core   0: 0x80008a60 (0x000055f5) c.li    a1, -3
core   0: 3 0x80008a60 (0x55f5) x11 0xfffffffd
core   0: 0x80008a62 (0x00000001) c.nop
core   0: 3 0x80008a62 (0x0001)
core   0: 0x80008a64 (0x033d02b3) mul     t0, s10, s3
core   0: 3 0x80008a64 (0x033d02b3) x5  0x00000000
core   0: 0x80008a68 (0x00008339) c.srli  a4, 14
core   0: 3 0x80008a68 (0x8339) x14 0x00000000
core   0: 0x80008a6a (0x00bb31b3) sltu    gp, s6, a1
core   0: 3 0x80008a6a (0x00bb31b3) x3  0x00000001
core   0: 0x80008a6e (0x00000585) c.addi  a1, 1
core   0: 3 0x80008a6e (0x0585) x11 0xfffffffe
core   0: 0x80008a70 (0x0000fded) c.bnez  a1, pc - 6
core   0: 3 0x80008a70 (0xfded)
core   0: 0x80008a6a (0x00bb31b3) sltu    gp, s6, a1
core   0: 3 0x80008a6a (0x00bb31b3) x3  0x00000001
core   0: 0x80008a6e (0x00000585) c.addi  a1, 1
core   0: 3 0x80008a6e (0x0585) x11 0xffffffff
core   0: 0x80008a70 (0x0000fded) c.bnez  a1, pc - 6
core   0: 3 0x80008a70 (0xfded)
core   0: 0x80008a6a (0x00bb31b3) sltu    gp, s6, a1
core   0: 3 0x80008a6a (0x00bb31b3) x3  0x00000001
core   0: 0x80008a6e (0x00000585) c.addi  a1, 1
core   0: 3 0x80008a6e (0x0585) x11 0x00000000
core   0: 0x80008a70 (0x0000fded) c.bnez  a1, pc - 6
core   0: 3 0x80008a70 (0xfded)
core   0: 0x80008a72 (0x0138d7b3) srl     a5, a7, s3
core   0: 3 0x80008a72 (0x0138d7b3) x15 0x000049e8
core   0: 0x80008a76 (0xfe7443e3) blt     s0, t2, pc - 26
core   0: 3 0x80008a76 (0xfe7443e3)
core   0: 0x80008a5c (0x00008ef1) c.and   a3, a2
core   0: 3 0x80008a5c (0x8ef1) x13 0x00000000
core   0: 0x80008a5e (0x00000405) c.addi  s0, 1
core   0: 3 0x80008a5e (0x0405) x8  0xffffffff
core   0: 0x80008a60 (0x000055f5) c.li    a1, -3
core   0: 3 0x80008a60 (0x55f5) x11 0xfffffffd
core   0: 0x80008a62 (0x00000001) c.nop
core   0: 3 0x80008a62 (0x0001)
core   0: 0x80008a64 (0x033d02b3) mul     t0, s10, s3
core   0: 3 0x80008a64 (0x033d02b3) x5  0x00000000
core   0: 0x80008a68 (0x00008339) c.srli  a4, 14
core   0: 3 0x80008a68 (0x8339) x14 0x00000000
core   0: 0x80008a6a (0x00bb31b3) sltu    gp, s6, a1
core   0: 3 0x80008a6a (0x00bb31b3) x3  0x00000001
core   0: 0x80008a6e (0x00000585) c.addi  a1, 1
core   0: 3 0x80008a6e (0x0585) x11 0xfffffffe
core   0: 0x80008a70 (0x0000fded) c.bnez  a1, pc - 6
core   0: 3 0x80008a70 (0xfded)
core   0: 0x80008a6a (0x00bb31b3) sltu    gp, s6, a1
core   0: 3 0x80008a6a (0x00bb31b3) x3  0x00000001
core   0: 0x80008a6e (0x00000585) c.addi  a1, 1
core   0: 3 0x80008a6e (0x0585) x11 0xffffffff
core   0: 0x80008a70 (0x0000fded) c.bnez  a1, pc - 6
core   0: 3 0x80008a70 (0xfded)
core   0: 0x80008a6a (0x00bb31b3) sltu    gp, s6, a1
core   0: 3 0x80008a6a (0x00bb31b3) x3  0x00000001
core   0: 0x80008a6e (0x00000585) c.addi  a1, 1
core   0: 3 0x80008a6e (0x0585) x11 0x00000000
core   0: 0x80008a70 (0x0000fded) c.bnez  a1, pc - 6
core   0: 3 0x80008a70 (0xfded)
core   0: 0x80008a72 (0x0138d7b3) srl     a5, a7, s3
core   0: 3 0x80008a72 (0x0138d7b3) x15 0x000049e8
core   0: 0x80008a76 (0xfe7443e3) blt     s0, t2, pc - 26
core   0: 3 0x80008a76 (0xfe7443e3)
core   0: 0x80008a5c (0x00008ef1) c.and   a3, a2
core   0: 3 0x80008a5c (0x8ef1) x13 0x00000000
core   0: 0x80008a5e (0x00000405) c.addi  s0, 1
core   0: 3 0x80008a5e (0x0405) x8  0x00000000
core   0: 0x80008a60 (0x000055f5) c.li    a1, -3
core   0: 3 0x80008a60 (0x55f5) x11 0xfffffffd
core   0: 0x80008a62 (0x00000001) c.nop
core   0: 3 0x80008a62 (0x0001)
core   0: 0x80008a64 (0x033d02b3) mul     t0, s10, s3
core   0: 3 0x80008a64 (0x033d02b3) x5  0x00000000
core   0: 0x80008a68 (0x00008339) c.srli  a4, 14
core   0: 3 0x80008a68 (0x8339) x14 0x00000000
core   0: 0x80008a6a (0x00bb31b3) sltu    gp, s6, a1
core   0: 3 0x80008a6a (0x00bb31b3) x3  0x00000001
core   0: 0x80008a6e (0x00000585) c.addi  a1, 1
core   0: 3 0x80008a6e (0x0585) x11 0xfffffffe
core   0: 0x80008a70 (0x0000fded) c.bnez  a1, pc - 6
core   0: 3 0x80008a70 (0xfded)
core   0: 0x80008a6a (0x00bb31b3) sltu    gp, s6, a1
core   0: 3 0x80008a6a (0x00bb31b3) x3  0x00000001
core   0: 0x80008a6e (0x00000585) c.addi  a1, 1
core   0: 3 0x80008a6e (0x0585) x11 0xffffffff
core   0: 0x80008a70 (0x0000fded) c.bnez  a1, pc - 6
core   0: 3 0x80008a70 (0xfded)
core   0: 0x80008a6a (0x00bb31b3) sltu    gp, s6, a1
core   0: 3 0x80008a6a (0x00bb31b3) x3  0x00000001
core   0: 0x80008a6e (0x00000585) c.addi  a1, 1
core   0: 3 0x80008a6e (0x0585) x11 0x00000000
core   0: 0x80008a70 (0x0000fded) c.bnez  a1, pc - 6
core   0: 3 0x80008a70 (0xfded)
core   0: 0x80008a72 (0x0138d7b3) srl     a5, a7, s3
core   0: 3 0x80008a72 (0x0138d7b3) x15 0x000049e8
core   0: 0x80008a76 (0xfe7443e3) blt     s0, t2, pc - 26
core   0: 3 0x80008a76 (0xfe7443e3)
core   0: 0x80008a5c (0x00008ef1) c.and   a3, a2
core   0: 3 0x80008a5c (0x8ef1) x13 0x00000000
core   0: 0x80008a5e (0x00000405) c.addi  s0, 1
core   0: 3 0x80008a5e (0x0405) x8  0x00000001
core   0: 0x80008a60 (0x000055f5) c.li    a1, -3
core   0: 3 0x80008a60 (0x55f5) x11 0xfffffffd
core   0: 0x80008a62 (0x00000001) c.nop
core   0: 3 0x80008a62 (0x0001)
core   0: 0x80008a64 (0x033d02b3) mul     t0, s10, s3
core   0: 3 0x80008a64 (0x033d02b3) x5  0x00000000
core   0: 0x80008a68 (0x00008339) c.srli  a4, 14
core   0: 3 0x80008a68 (0x8339) x14 0x00000000
core   0: 0x80008a6a (0x00bb31b3) sltu    gp, s6, a1
core   0: 3 0x80008a6a (0x00bb31b3) x3  0x00000001
core   0: 0x80008a6e (0x00000585) c.addi  a1, 1
core   0: 3 0x80008a6e (0x0585) x11 0xfffffffe
core   0: 0x80008a70 (0x0000fded) c.bnez  a1, pc - 6
core   0: 3 0x80008a70 (0xfded)
core   0: 0x80008a6a (0x00bb31b3) sltu    gp, s6, a1
core   0: 3 0x80008a6a (0x00bb31b3) x3  0x00000001
core   0: 0x80008a6e (0x00000585) c.addi  a1, 1
core   0: 3 0x80008a6e (0x0585) x11 0xffffffff
core   0: 0x80008a70 (0x0000fded) c.bnez  a1, pc - 6
core   0: 3 0x80008a70 (0xfded)
core   0: 0x80008a6a (0x00bb31b3) sltu    gp, s6, a1
core   0: 3 0x80008a6a (0x00bb31b3) x3  0x00000001
core   0: 0x80008a6e (0x00000585) c.addi  a1, 1
core   0: 3 0x80008a6e (0x0585) x11 0x00000000
core   0: 0x80008a70 (0x0000fded) c.bnez  a1, pc - 6
core   0: 3 0x80008a70 (0xfded)
core   0: 0x80008a72 (0x0138d7b3) srl     a5, a7, s3
core   0: 3 0x80008a72 (0x0138d7b3) x15 0x000049e8
core   0: 0x80008a76 (0xfe7443e3) blt     s0, t2, pc - 26
core   0: 3 0x80008a76 (0xfe7443e3)
core   0: 0x80008a5c (0x00008ef1) c.and   a3, a2
core   0: 3 0x80008a5c (0x8ef1) x13 0x00000000
core   0: 0x80008a5e (0x00000405) c.addi  s0, 1
core   0: 3 0x80008a5e (0x0405) x8  0x00000002
core   0: 0x80008a60 (0x000055f5) c.li    a1, -3
core   0: 3 0x80008a60 (0x55f5) x11 0xfffffffd
core   0: 0x80008a62 (0x00000001) c.nop
core   0: 3 0x80008a62 (0x0001)
core   0: 0x80008a64 (0x033d02b3) mul     t0, s10, s3
core   0: 3 0x80008a64 (0x033d02b3) x5  0x00000000
core   0: 0x80008a68 (0x00008339) c.srli  a4, 14
core   0: 3 0x80008a68 (0x8339) x14 0x00000000
core   0: 0x80008a6a (0x00bb31b3) sltu    gp, s6, a1
core   0: 3 0x80008a6a (0x00bb31b3) x3  0x00000001
core   0: 0x80008a6e (0x00000585) c.addi  a1, 1
core   0: 3 0x80008a6e (0x0585) x11 0xfffffffe
core   0: 0x80008a70 (0x0000fded) c.bnez  a1, pc - 6
core   0: 3 0x80008a70 (0xfded)
core   0: 0x80008a6a (0x00bb31b3) sltu    gp, s6, a1
core   0: 3 0x80008a6a (0x00bb31b3) x3  0x00000001
core   0: 0x80008a6e (0x00000585) c.addi  a1, 1
core   0: 3 0x80008a6e (0x0585) x11 0xffffffff
core   0: 0x80008a70 (0x0000fded) c.bnez  a1, pc - 6
core   0: 3 0x80008a70 (0xfded)
core   0: 0x80008a6a (0x00bb31b3) sltu    gp, s6, a1
core   0: 3 0x80008a6a (0x00bb31b3) x3  0x00000001
core   0: 0x80008a6e (0x00000585) c.addi  a1, 1
core   0: 3 0x80008a6e (0x0585) x11 0x00000000
core   0: 0x80008a70 (0x0000fded) c.bnez  a1, pc - 6
core   0: 3 0x80008a70 (0xfded)
core   0: 0x80008a72 (0x0138d7b3) srl     a5, a7, s3
core   0: 3 0x80008a72 (0x0138d7b3) x15 0x000049e8
core   0: 0x80008a76 (0xfe7443e3) blt     s0, t2, pc - 26
core   0: 3 0x80008a76 (0xfe7443e3)
core   0: 0x80008a5c (0x00008ef1) c.and   a3, a2
core   0: 3 0x80008a5c (0x8ef1) x13 0x00000000
core   0: 0x80008a5e (0x00000405) c.addi  s0, 1
core   0: 3 0x80008a5e (0x0405) x8  0x00000003
core   0: 0x80008a60 (0x000055f5) c.li    a1, -3
core   0: 3 0x80008a60 (0x55f5) x11 0xfffffffd
core   0: 0x80008a62 (0x00000001) c.nop
core   0: 3 0x80008a62 (0x0001)
core   0: 0x80008a64 (0x033d02b3) mul     t0, s10, s3
core   0: 3 0x80008a64 (0x033d02b3) x5  0x00000000
core   0: 0x80008a68 (0x00008339) c.srli  a4, 14
core   0: 3 0x80008a68 (0x8339) x14 0x00000000
core   0: 0x80008a6a (0x00bb31b3) sltu    gp, s6, a1
core   0: 3 0x80008a6a (0x00bb31b3) x3  0x00000001
core   0: 0x80008a6e (0x00000585) c.addi  a1, 1
core   0: 3 0x80008a6e (0x0585) x11 0xfffffffe
core   0: 0x80008a70 (0x0000fded) c.bnez  a1, pc - 6
core   0: 3 0x80008a70 (0xfded)
core   0: 0x80008a6a (0x00bb31b3) sltu    gp, s6, a1
core   0: 3 0x80008a6a (0x00bb31b3) x3  0x00000001
core   0: 0x80008a6e (0x00000585) c.addi  a1, 1
core   0: 3 0x80008a6e (0x0585) x11 0xffffffff
core   0: 0x80008a70 (0x0000fded) c.bnez  a1, pc - 6
core   0: 3 0x80008a70 (0xfded)
core   0: 0x80008a6a (0x00bb31b3) sltu    gp, s6, a1
core   0: 3 0x80008a6a (0x00bb31b3) x3  0x00000001
core   0: 0x80008a6e (0x00000585) c.addi  a1, 1
core   0: 3 0x80008a6e (0x0585) x11 0x00000000
core   0: 0x80008a70 (0x0000fded) c.bnez  a1, pc - 6
core   0: 3 0x80008a70 (0xfded)
core   0: 0x80008a72 (0x0138d7b3) srl     a5, a7, s3
core   0: 3 0x80008a72 (0x0138d7b3) x15 0x000049e8
core   0: 0x80008a76 (0xfe7443e3) blt     s0, t2, pc - 26
core   0: 3 0x80008a76 (0xfe7443e3)
core   0: 0x80008a5c (0x00008ef1) c.and   a3, a2
core   0: 3 0x80008a5c (0x8ef1) x13 0x00000000
core   0: 0x80008a5e (0x00000405) c.addi  s0, 1
core   0: 3 0x80008a5e (0x0405) x8  0x00000004
core   0: 0x80008a60 (0x000055f5) c.li    a1, -3
core   0: 3 0x80008a60 (0x55f5) x11 0xfffffffd
core   0: 0x80008a62 (0x00000001) c.nop
core   0: 3 0x80008a62 (0x0001)
core   0: 0x80008a64 (0x033d02b3) mul     t0, s10, s3
core   0: 3 0x80008a64 (0x033d02b3) x5  0x00000000
core   0: 0x80008a68 (0x00008339) c.srli  a4, 14
core   0: 3 0x80008a68 (0x8339) x14 0x00000000
core   0: 0x80008a6a (0x00bb31b3) sltu    gp, s6, a1
core   0: 3 0x80008a6a (0x00bb31b3) x3  0x00000001
core   0: 0x80008a6e (0x00000585) c.addi  a1, 1
core   0: 3 0x80008a6e (0x0585) x11 0xfffffffe
core   0: 0x80008a70 (0x0000fded) c.bnez  a1, pc - 6
core   0: 3 0x80008a70 (0xfded)
core   0: 0x80008a6a (0x00bb31b3) sltu    gp, s6, a1
core   0: 3 0x80008a6a (0x00bb31b3) x3  0x00000001
core   0: 0x80008a6e (0x00000585) c.addi  a1, 1
core   0: 3 0x80008a6e (0x0585) x11 0xffffffff
core   0: 0x80008a70 (0x0000fded) c.bnez  a1, pc - 6
core   0: 3 0x80008a70 (0xfded)
core   0: 0x80008a6a (0x00bb31b3) sltu    gp, s6, a1
core   0: 3 0x80008a6a (0x00bb31b3) x3  0x00000001
core   0: 0x80008a6e (0x00000585) c.addi  a1, 1
core   0: 3 0x80008a6e (0x0585) x11 0x00000000
core   0: 0x80008a70 (0x0000fded) c.bnez  a1, pc - 6
core   0: 3 0x80008a70 (0xfded)
core   0: 0x80008a72 (0x0138d7b3) srl     a5, a7, s3
core   0: 3 0x80008a72 (0x0138d7b3) x15 0x000049e8
core   0: 0x80008a76 (0xfe7443e3) blt     s0, t2, pc - 26
core   0: 3 0x80008a76 (0xfe7443e3)
core   0: 0x80008a5c (0x00008ef1) c.and   a3, a2
core   0: 3 0x80008a5c (0x8ef1) x13 0x00000000
core   0: 0x80008a5e (0x00000405) c.addi  s0, 1
core   0: 3 0x80008a5e (0x0405) x8  0x00000005
core   0: 0x80008a60 (0x000055f5) c.li    a1, -3
core   0: 3 0x80008a60 (0x55f5) x11 0xfffffffd
core   0: 0x80008a62 (0x00000001) c.nop
core   0: 3 0x80008a62 (0x0001)
core   0: 0x80008a64 (0x033d02b3) mul     t0, s10, s3
core   0: 3 0x80008a64 (0x033d02b3) x5  0x00000000
core   0: 0x80008a68 (0x00008339) c.srli  a4, 14
core   0: 3 0x80008a68 (0x8339) x14 0x00000000
core   0: 0x80008a6a (0x00bb31b3) sltu    gp, s6, a1
core   0: 3 0x80008a6a (0x00bb31b3) x3  0x00000001
core   0: 0x80008a6e (0x00000585) c.addi  a1, 1
core   0: 3 0x80008a6e (0x0585) x11 0xfffffffe
core   0: 0x80008a70 (0x0000fded) c.bnez  a1, pc - 6
core   0: 3 0x80008a70 (0xfded)
core   0: 0x80008a6a (0x00bb31b3) sltu    gp, s6, a1
core   0: 3 0x80008a6a (0x00bb31b3) x3  0x00000001
core   0: 0x80008a6e (0x00000585) c.addi  a1, 1
core   0: 3 0x80008a6e (0x0585) x11 0xffffffff
core   0: 0x80008a70 (0x0000fded) c.bnez  a1, pc - 6
core   0: 3 0x80008a70 (0xfded)
core   0: 0x80008a6a (0x00bb31b3) sltu    gp, s6, a1
core   0: 3 0x80008a6a (0x00bb31b3) x3  0x00000001
core   0: 0x80008a6e (0x00000585) c.addi  a1, 1
core   0: 3 0x80008a6e (0x0585) x11 0x00000000
core   0: 0x80008a70 (0x0000fded) c.bnez  a1, pc - 6
core   0: 3 0x80008a70 (0xfded)
core   0: 0x80008a72 (0x0138d7b3) srl     a5, a7, s3
core   0: 3 0x80008a72 (0x0138d7b3) x15 0x000049e8
core   0: 0x80008a76 (0xfe7443e3) blt     s0, t2, pc - 26
core   0: 3 0x80008a76 (0xfe7443e3)
core   0: 0x80008a5c (0x00008ef1) c.and   a3, a2
core   0: 3 0x80008a5c (0x8ef1) x13 0x00000000
core   0: 0x80008a5e (0x00000405) c.addi  s0, 1
core   0: 3 0x80008a5e (0x0405) x8  0x00000006
core   0: 0x80008a60 (0x000055f5) c.li    a1, -3
core   0: 3 0x80008a60 (0x55f5) x11 0xfffffffd
core   0: 0x80008a62 (0x00000001) c.nop
core   0: 3 0x80008a62 (0x0001)
core   0: 0x80008a64 (0x033d02b3) mul     t0, s10, s3
core   0: 3 0x80008a64 (0x033d02b3) x5  0x00000000
core   0: 0x80008a68 (0x00008339) c.srli  a4, 14
core   0: 3 0x80008a68 (0x8339) x14 0x00000000
core   0: 0x80008a6a (0x00bb31b3) sltu    gp, s6, a1
core   0: 3 0x80008a6a (0x00bb31b3) x3  0x00000001
core   0: 0x80008a6e (0x00000585) c.addi  a1, 1
core   0: 3 0x80008a6e (0x0585) x11 0xfffffffe
core   0: 0x80008a70 (0x0000fded) c.bnez  a1, pc - 6
core   0: 3 0x80008a70 (0xfded)
core   0: 0x80008a6a (0x00bb31b3) sltu    gp, s6, a1
core   0: 3 0x80008a6a (0x00bb31b3) x3  0x00000001
core   0: 0x80008a6e (0x00000585) c.addi  a1, 1
core   0: 3 0x80008a6e (0x0585) x11 0xffffffff
core   0: 0x80008a70 (0x0000fded) c.bnez  a1, pc - 6
core   0: 3 0x80008a70 (0xfded)
core   0: 0x80008a6a (0x00bb31b3) sltu    gp, s6, a1
core   0: 3 0x80008a6a (0x00bb31b3) x3  0x00000001
core   0: 0x80008a6e (0x00000585) c.addi  a1, 1
core   0: 3 0x80008a6e (0x0585) x11 0x00000000
core   0: 0x80008a70 (0x0000fded) c.bnez  a1, pc - 6
core   0: 3 0x80008a70 (0xfded)
core   0: 0x80008a72 (0x0138d7b3) srl     a5, a7, s3
core   0: 3 0x80008a72 (0x0138d7b3) x15 0x000049e8
core   0: 0x80008a76 (0xfe7443e3) blt     s0, t2, pc - 26
core   0: 3 0x80008a76 (0xfe7443e3)
core   0: 0x80008a5c (0x00008ef1) c.and   a3, a2
core   0: 3 0x80008a5c (0x8ef1) x13 0x00000000
core   0: 0x80008a5e (0x00000405) c.addi  s0, 1
core   0: 3 0x80008a5e (0x0405) x8  0x00000007
core   0: 0x80008a60 (0x000055f5) c.li    a1, -3
core   0: 3 0x80008a60 (0x55f5) x11 0xfffffffd
core   0: 0x80008a62 (0x00000001) c.nop
core   0: 3 0x80008a62 (0x0001)
core   0: 0x80008a64 (0x033d02b3) mul     t0, s10, s3
core   0: 3 0x80008a64 (0x033d02b3) x5  0x00000000
core   0: 0x80008a68 (0x00008339) c.srli  a4, 14
core   0: 3 0x80008a68 (0x8339) x14 0x00000000
core   0: 0x80008a6a (0x00bb31b3) sltu    gp, s6, a1
core   0: 3 0x80008a6a (0x00bb31b3) x3  0x00000001
core   0: 0x80008a6e (0x00000585) c.addi  a1, 1
core   0: 3 0x80008a6e (0x0585) x11 0xfffffffe
core   0: 0x80008a70 (0x0000fded) c.bnez  a1, pc - 6
core   0: 3 0x80008a70 (0xfded)
core   0: 0x80008a6a (0x00bb31b3) sltu    gp, s6, a1
core   0: 3 0x80008a6a (0x00bb31b3) x3  0x00000001
core   0: 0x80008a6e (0x00000585) c.addi  a1, 1
core   0: 3 0x80008a6e (0x0585) x11 0xffffffff
core   0: 0x80008a70 (0x0000fded) c.bnez  a1, pc - 6
core   0: 3 0x80008a70 (0xfded)
core   0: 0x80008a6a (0x00bb31b3) sltu    gp, s6, a1
core   0: 3 0x80008a6a (0x00bb31b3) x3  0x00000001
core   0: 0x80008a6e (0x00000585) c.addi  a1, 1
core   0: 3 0x80008a6e (0x0585) x11 0x00000000
core   0: 0x80008a70 (0x0000fded) c.bnez  a1, pc - 6
core   0: 3 0x80008a70 (0xfded)
core   0: 0x80008a72 (0x0138d7b3) srl     a5, a7, s3
core   0: 3 0x80008a72 (0x0138d7b3) x15 0x000049e8
core   0: 0x80008a76 (0xfe7443e3) blt     s0, t2, pc - 26
core   0: 3 0x80008a76 (0xfe7443e3)
core   0: 0x80008a5c (0x00008ef1) c.and   a3, a2
core   0: 3 0x80008a5c (0x8ef1) x13 0x00000000
core   0: 0x80008a5e (0x00000405) c.addi  s0, 1
core   0: 3 0x80008a5e (0x0405) x8  0x00000008
core   0: 0x80008a60 (0x000055f5) c.li    a1, -3
core   0: 3 0x80008a60 (0x55f5) x11 0xfffffffd
core   0: 0x80008a62 (0x00000001) c.nop
core   0: 3 0x80008a62 (0x0001)
core   0: 0x80008a64 (0x033d02b3) mul     t0, s10, s3
core   0: 3 0x80008a64 (0x033d02b3) x5  0x00000000
core   0: 0x80008a68 (0x00008339) c.srli  a4, 14
core   0: 3 0x80008a68 (0x8339) x14 0x00000000
core   0: 0x80008a6a (0x00bb31b3) sltu    gp, s6, a1
core   0: 3 0x80008a6a (0x00bb31b3) x3  0x00000001
core   0: 0x80008a6e (0x00000585) c.addi  a1, 1
core   0: 3 0x80008a6e (0x0585) x11 0xfffffffe
core   0: 0x80008a70 (0x0000fded) c.bnez  a1, pc - 6
core   0: 3 0x80008a70 (0xfded)
core   0: 0x80008a6a (0x00bb31b3) sltu    gp, s6, a1
core   0: 3 0x80008a6a (0x00bb31b3) x3  0x00000001
core   0: 0x80008a6e (0x00000585) c.addi  a1, 1
core   0: 3 0x80008a6e (0x0585) x11 0xffffffff
core   0: 0x80008a70 (0x0000fded) c.bnez  a1, pc - 6
core   0: 3 0x80008a70 (0xfded)
core   0: 0x80008a6a (0x00bb31b3) sltu    gp, s6, a1
core   0: 3 0x80008a6a (0x00bb31b3) x3  0x00000001
core   0: 0x80008a6e (0x00000585) c.addi  a1, 1
core   0: 3 0x80008a6e (0x0585) x11 0x00000000
core   0: 0x80008a70 (0x0000fded) c.bnez  a1, pc - 6
core   0: 3 0x80008a70 (0xfded)
core   0: 0x80008a72 (0x0138d7b3) srl     a5, a7, s3
core   0: 3 0x80008a72 (0x0138d7b3) x15 0x000049e8
core   0: 0x80008a76 (0xfe7443e3) blt     s0, t2, pc - 26
core   0: 3 0x80008a76 (0xfe7443e3)
core   0: 0x80008a5c (0x00008ef1) c.and   a3, a2
core   0: 3 0x80008a5c (0x8ef1) x13 0x00000000
core   0: 0x80008a5e (0x00000405) c.addi  s0, 1
core   0: 3 0x80008a5e (0x0405) x8  0x00000009
core   0: 0x80008a60 (0x000055f5) c.li    a1, -3
core   0: 3 0x80008a60 (0x55f5) x11 0xfffffffd
core   0: 0x80008a62 (0x00000001) c.nop
core   0: 3 0x80008a62 (0x0001)
core   0: 0x80008a64 (0x033d02b3) mul     t0, s10, s3
core   0: 3 0x80008a64 (0x033d02b3) x5  0x00000000
core   0: 0x80008a68 (0x00008339) c.srli  a4, 14
core   0: 3 0x80008a68 (0x8339) x14 0x00000000
core   0: 0x80008a6a (0x00bb31b3) sltu    gp, s6, a1
core   0: 3 0x80008a6a (0x00bb31b3) x3  0x00000001
core   0: 0x80008a6e (0x00000585) c.addi  a1, 1
core   0: 3 0x80008a6e (0x0585) x11 0xfffffffe
core   0: 0x80008a70 (0x0000fded) c.bnez  a1, pc - 6
core   0: 3 0x80008a70 (0xfded)
core   0: 0x80008a6a (0x00bb31b3) sltu    gp, s6, a1
core   0: 3 0x80008a6a (0x00bb31b3) x3  0x00000001
core   0: 0x80008a6e (0x00000585) c.addi  a1, 1
core   0: 3 0x80008a6e (0x0585) x11 0xffffffff
core   0: 0x80008a70 (0x0000fded) c.bnez  a1, pc - 6
core   0: 3 0x80008a70 (0xfded)
core   0: 0x80008a6a (0x00bb31b3) sltu    gp, s6, a1
core   0: 3 0x80008a6a (0x00bb31b3) x3  0x00000001
core   0: 0x80008a6e (0x00000585) c.addi  a1, 1
core   0: 3 0x80008a6e (0x0585) x11 0x00000000
core   0: 0x80008a70 (0x0000fded) c.bnez  a1, pc - 6
core   0: 3 0x80008a70 (0xfded)
core   0: 0x80008a72 (0x0138d7b3) srl     a5, a7, s3
core   0: 3 0x80008a72 (0x0138d7b3) x15 0x000049e8
core   0: 0x80008a76 (0xfe7443e3) blt     s0, t2, pc - 26
core   0: 3 0x80008a76 (0xfe7443e3)
core   0: 0x80008a5c (0x00008ef1) c.and   a3, a2
core   0: 3 0x80008a5c (0x8ef1) x13 0x00000000
core   0: 0x80008a5e (0x00000405) c.addi  s0, 1
core   0: 3 0x80008a5e (0x0405) x8  0x0000000a
core   0: 0x80008a60 (0x000055f5) c.li    a1, -3
core   0: 3 0x80008a60 (0x55f5) x11 0xfffffffd
core   0: 0x80008a62 (0x00000001) c.nop
core   0: 3 0x80008a62 (0x0001)
core   0: 0x80008a64 (0x033d02b3) mul     t0, s10, s3
core   0: 3 0x80008a64 (0x033d02b3) x5  0x00000000
core   0: 0x80008a68 (0x00008339) c.srli  a4, 14
core   0: 3 0x80008a68 (0x8339) x14 0x00000000
core   0: 0x80008a6a (0x00bb31b3) sltu    gp, s6, a1
core   0: 3 0x80008a6a (0x00bb31b3) x3  0x00000001
core   0: 0x80008a6e (0x00000585) c.addi  a1, 1
core   0: 3 0x80008a6e (0x0585) x11 0xfffffffe
core   0: 0x80008a70 (0x0000fded) c.bnez  a1, pc - 6
core   0: 3 0x80008a70 (0xfded)
core   0: 0x80008a6a (0x00bb31b3) sltu    gp, s6, a1
core   0: 3 0x80008a6a (0x00bb31b3) x3  0x00000001
core   0: 0x80008a6e (0x00000585) c.addi  a1, 1
core   0: 3 0x80008a6e (0x0585) x11 0xffffffff
core   0: 0x80008a70 (0x0000fded) c.bnez  a1, pc - 6
core   0: 3 0x80008a70 (0xfded)
core   0: 0x80008a6a (0x00bb31b3) sltu    gp, s6, a1
core   0: 3 0x80008a6a (0x00bb31b3) x3  0x00000001
core   0: 0x80008a6e (0x00000585) c.addi  a1, 1
core   0: 3 0x80008a6e (0x0585) x11 0x00000000
core   0: 0x80008a70 (0x0000fded) c.bnez  a1, pc - 6
core   0: 3 0x80008a70 (0xfded)
core   0: 0x80008a72 (0x0138d7b3) srl     a5, a7, s3
core   0: 3 0x80008a72 (0x0138d7b3) x15 0x000049e8
core   0: 0x80008a76 (0xfe7443e3) blt     s0, t2, pc - 26
core   0: 3 0x80008a76 (0xfe7443e3)
core   0: 0x80008a5c (0x00008ef1) c.and   a3, a2
core   0: 3 0x80008a5c (0x8ef1) x13 0x00000000
core   0: 0x80008a5e (0x00000405) c.addi  s0, 1
core   0: 3 0x80008a5e (0x0405) x8  0x0000000b
core   0: 0x80008a60 (0x000055f5) c.li    a1, -3
core   0: 3 0x80008a60 (0x55f5) x11 0xfffffffd
core   0: 0x80008a62 (0x00000001) c.nop
core   0: 3 0x80008a62 (0x0001)
core   0: 0x80008a64 (0x033d02b3) mul     t0, s10, s3
core   0: 3 0x80008a64 (0x033d02b3) x5  0x00000000
core   0: 0x80008a68 (0x00008339) c.srli  a4, 14
core   0: 3 0x80008a68 (0x8339) x14 0x00000000
core   0: 0x80008a6a (0x00bb31b3) sltu    gp, s6, a1
core   0: 3 0x80008a6a (0x00bb31b3) x3  0x00000001
core   0: 0x80008a6e (0x00000585) c.addi  a1, 1
core   0: 3 0x80008a6e (0x0585) x11 0xfffffffe
core   0: 0x80008a70 (0x0000fded) c.bnez  a1, pc - 6
core   0: 3 0x80008a70 (0xfded)
core   0: 0x80008a6a (0x00bb31b3) sltu    gp, s6, a1
core   0: 3 0x80008a6a (0x00bb31b3) x3  0x00000001
core   0: 0x80008a6e (0x00000585) c.addi  a1, 1
core   0: 3 0x80008a6e (0x0585) x11 0xffffffff
core   0: 0x80008a70 (0x0000fded) c.bnez  a1, pc - 6
core   0: 3 0x80008a70 (0xfded)
core   0: 0x80008a6a (0x00bb31b3) sltu    gp, s6, a1
core   0: 3 0x80008a6a (0x00bb31b3) x3  0x00000001
core   0: 0x80008a6e (0x00000585) c.addi  a1, 1
core   0: 3 0x80008a6e (0x0585) x11 0x00000000
core   0: 0x80008a70 (0x0000fded) c.bnez  a1, pc - 6
core   0: 3 0x80008a70 (0xfded)
core   0: 0x80008a72 (0x0138d7b3) srl     a5, a7, s3
core   0: 3 0x80008a72 (0x0138d7b3) x15 0x000049e8
core   0: 0x80008a76 (0xfe7443e3) blt     s0, t2, pc - 26
core   0: 3 0x80008a76 (0xfe7443e3)
core   0: 0x80008a7a (0x00008492) c.mv    s1, tp
core   0: 3 0x80008a7a (0x8492) x9  0x00000000
core   0: 0x80008a7c (0x00016117) auipc   sp, 0x16
core   0: 3 0x80008a7c (0x00016117) x2  0x8001ea7c
core   0: 0x80008a80 (0x66510113) addi    sp, sp, 1637
core   0: 3 0x80008a80 (0x66510113) x2  0x8001f0e1
core   0: 0x80008a84 (0x0e910c03) lb      s8, 233(sp)
core   0: 3 0x80008a84 (0x0e910c03) x24 0xffffffbd mem 0x8001f1ca
core   0: 0x80008a88 (0x0341cab3) div     s5, gp, s4
core   0: 3 0x80008a88 (0x0341cab3) x21 0x00000000
core   0: 0x80008a8c (0xf05125a3) sw      t0, -245(sp)
core   0: 3 0x80008a8c (0xf05125a3) mem 0x8001efec 0x00000000
core   0: 0x80008a90 (0x00008da1) c.xor   a1, s0
core   0: 3 0x80008a90 (0x8da1) x11 0x0000000b
core   0: 0x80008a92 (0x413d55b3) sra     a1, s10, s3
core   0: 3 0x80008a92 (0x413d55b3) x11 0x00009d99
core   0: 0x80008a96 (0xf2515083) lhu     ra, -219(sp)
core   0: 3 0x80008a96 (0xf2515083) x1  0x0000d2c3 mem 0x8001f006
core   0: 0x80008a9a (0x40050233) sub     tp, a0, zero
core   0: 3 0x80008a9a (0x40050233) x4  0x00000000
core   0: 0x80008a9e (0xf1c11ca3) sh      t3, -231(sp)
core   0: 3 0x80008a9e (0xf1c11ca3) mem 0x8001effa 0xff99
core   0: 0x80008aa2 (0x00e14803) lbu     a6, 14(sp)
core   0: 3 0x80008aa2 (0x00e14803) x16 0x000000dd mem 0x8001f0ef
core   0: 0x80008aa6 (0x006dd4b3) srl     s1, s11, t1
core   0: 3 0x80008aa6 (0x006dd4b3) x9  0x00000000
core   0: 0x80008aaa (0x00000c8a) c.slli  s9, 2
core   0: 3 0x80008aaa (0x0c8a) x25 0x0001668c
core   0: 0x80008aac (0x00008412) c.mv    s0, tp
core   0: 3 0x80008aac (0x8412) x8  0x00000000
core   0: 0x80008aae (0xa8d20013) addi    zero, tp, -1395
core   0: 3 0x80008aae (0xa8d20013)
core   0: 0x80008ab2 (0xf8310003) lb      zero, -125(sp)
core   0: 3 0x80008ab2 (0xf8310003) mem 0x8001f064
core   0: 0x80008ab6 (0x0d410b83) lb      s7, 212(sp)
core   0: 3 0x80008ab6 (0x0d410b83) x23 0xffffff93 mem 0x8001f1b5
core   0: 0x80008aba (0xf6d10383) lb      t2, -147(sp)
core   0: 3 0x80008aba (0xf6d10383) x7  0x0000006b mem 0x8001f04e
core   0: 0x80008abe (0xf9a14503) lbu     a0, -102(sp)
core   0: 3 0x80008abe (0xf9a14503) x10 0x000000dd mem 0x8001f07b
core   0: 0x80008ac2 (0xf9314303) lbu     t1, -109(sp)
core   0: 3 0x80008ac2 (0xf9314303) x6  0x00000089 mem 0x8001f074
core   0: 0x80008ac6 (0xf4010fa3) sb      zero, -161(sp)
core   0: 3 0x80008ac6 (0xf4010fa3) mem 0x8001f040 0x00
core   0: 0x80008aca (0x00008d29) c.xor   a0, a0
core   0: 3 0x80008aca (0x8d29) x10 0x00000000
core   0: 0x80008acc (0x00000001) c.nop
core   0: 3 0x80008acc (0x0001)
core   0: 0x80008ace (0x09210683) lb      a3, 146(sp)
core   0: 3 0x80008ace (0x09210683) x13 0xffffff93 mem 0x8001f173
core   0: 0x80008ad2 (0xf4b15b03) lhu     s6, -181(sp)
core   0: 3 0x80008ad2 (0xf4b15b03) x22 0x0000a2b9 mem 0x8001f02c
core   0: 0x80008ad6 (0xf3d10c23) sb      t4, -200(sp)
core   0: 3 0x80008ad6 (0xf3d10c23) mem 0x8001f019 0xc7
core   0: 0x80008ada (0xfda10d83) lb      s11, -38(sp)
core   0: 3 0x80008ada (0xfda10d83) x27 0x00000067 mem 0x8001f0bb
core   0: 0x80008ade (0xf1f10e23) sb      t6, -228(sp)
core   0: 3 0x80008ade (0xf1f10e23) mem 0x8001effd 0x00
core   0: 0x80008ae2 (0x0a510e03) lb      t3, 165(sp)
core   0: 3 0x80008ae2 (0x0a510e03) x28 0xffffffb1 mem 0x8001f186
core   0: 0x80008ae6 (0x00e000ef) jal     pc + 0xe
core   0: 3 0x80008ae6 (0x00e000ef) x1  0x80008aea
core   0: 0x80008af4 (0x0160036f) jal     t1, pc + 0x16
core   0: 3 0x80008af4 (0x0160036f) x6  0x80008af8
core   0: 0x80008b0a (0x0000a811) c.j     pc + 20
core   0: 3 0x80008b0a (0xa811)
core   0: 0x80008b1e (0xfefff0ef) jal     pc - 0x12
core   0: 3 0x80008b1e (0xfefff0ef) x1  0x80008b22
core   0: 0x80008b0c (0x004000ef) jal     pc + 0x4
core   0: 3 0x80008b0c (0x004000ef) x1  0x80008b10
core   0: 0x80008b10 (0x00003fd5) c.jal   pc - 12
core   0: 3 0x80008b10 (0x3fd5) x1  0x80008b12
core   0: 0x80008b04 (0x0000bfed) c.j     pc - 6
core   0: 3 0x80008b04 (0xbfed)
core   0: 0x80008afe (0x004000ef) jal     pc + 0x4
core   0: 3 0x80008afe (0x004000ef) x1  0x80008b02
core   0: 0x80008b02 (0x00002829) c.jal   pc + 26
core   0: 3 0x80008b02 (0x2829) x1  0x80008b04
core   0: 0x80008b1c (0x0000b7ed) c.j     pc - 22
core   0: 3 0x80008b1c (0xb7ed)
core   0: 0x80008b06 (0x022000ef) jal     pc + 0x22
core   0: 3 0x80008b06 (0x022000ef) x1  0x80008b0a
core   0: 0x80008b28 (0x00003ff5) c.jal   pc - 4
core   0: 3 0x80008b28 (0x3ff5) x1  0x80008b2a
core   0: 0x80008b24 (0xfd5ff36f) jal     t1, pc - 0x2c
core   0: 3 0x80008b24 (0xfd5ff36f) x6  0x80008b28
core   0: 0x80008af8 (0x0000bfe5) c.j     pc - 8
core   0: 3 0x80008af8 (0xbfe5)
core   0: 0x80008af0 (0x032002ef) jal     t0, pc + 0x32
core   0: 3 0x80008af0 (0x032002ef) x5  0x80008af4
core   0: 0x80008b22 (0x00003fc5) c.jal   pc - 16
core   0: 3 0x80008b22 (0x3fc5) x1  0x80008b24
core   0: 0x80008b12 (0xfe9ff1ef) jal     gp, pc - 0x18
core   0: 3 0x80008b12 (0xfe9ff1ef) x3  0x80008b16
core   0: 0x80008afa (0x00002831) c.jal   pc + 28
core   0: 3 0x80008afa (0x2831) x1  0x80008afc
core   0: 0x80008b16 (0x00003fd1) c.jal   pc - 44
core   0: 3 0x80008b16 (0x3fd1) x1  0x80008b18
core   0: 0x80008aea (0x012000ef) jal     pc + 0x12
core   0: 3 0x80008aea (0x012000ef) x1  0x80008aee
core   0: 0x80008afc (0x00002831) c.jal   pc + 28
core   0: 3 0x80008afc (0x2831) x1  0x80008afe
core   0: 0x80008b18 (0x0000a009) c.j     pc + 2
core   0: 3 0x80008b18 (0xa009)
core   0: 0x80008b1a (0x0000bfd1) c.j     pc - 44
core   0: 3 0x80008b1a (0xbfd1)
core   0: 0x80008aee (0x0000a835) c.j     pc + 60
core   0: 3 0x80008aee (0xa835)
core   0: 0x80008b2a (0x00903433) snez    s0, s1
core   0: 3 0x80008b2a (0x00903433) x8  0x00000000
core   0: 0x80008b2e (0x00008717) auipc   a4, 0x8
core   0: 3 0x80008b2e (0x00008717) x14 0x80010b2e
core   0: 0x80008b32 (0x01470713) addi    a4, a4, 20
core   0: 3 0x80008b32 (0x01470713) x14 0x80010b42
core   0: 0x80008b36 (0x00006139) c.addi16sp sp, 448
core   0: 3 0x80008b36 (0x6139) x2  0x8001f2a1
core   0: 0x80008b38 (0xc170e313) ori     t1, ra, -1001
core   0: 3 0x80008b38 (0xc170e313) x6  0xfffffeff
core   0: 0x80008b3c (0x4c272f83) lw      t6, 1218(a4)
core   0: 3 0x80008b3c (0x4c272f83) x31 0x488eea4a mem 0x80011004
core   0: 0x80008b40 (0x15d70823) sb      t4, 336(a4)
core   0: 3 0x80008b40 (0x15d70823) mem 0x80010c92 0xc7
core   0: 0x80008b44 (0x84172d23) sw      ra, -1958(a4)
core   0: 3 0x80008b44 (0x84172d23) mem 0x8001039c 0x80008afe
core   0: 0x80008b48 (0x9da74303) lbu     t1, -1574(a4)
core   0: 3 0x80008b48 (0x9da74303) x6  0x00000012 mem 0x8001051c
core   0: 0x80008b4c (0x85170723) sb      a7, -1970(a4)
core   0: 3 0x80008b4c (0x85170723) mem 0x80010390 0xe8
core   0: 0x80008b50 (0xbb374c03) lbu     s8, -1101(a4)
core   0: 3 0x80008b50 (0xbb374c03) x24 0x000000ec mem 0x800106f5
core   0: 0x80008b54 (0x0269e233) rem     tp, s3, t1
core   0: 3 0x80008b54 (0x0269e233) x4  0x00000000
core   0: 0x80008b58 (0xba871323) sh      s0, -1114(a4)
core   0: 3 0x80008b58 (0xba871323) mem 0x800106e8 0x0000
core   0: 0x80008b5c (0x81470ca3) sb      s4, -2023(a4)
core   0: 3 0x80008b5c (0x81470ca3) mem 0x8001035b 0xe4
core   0: 0x80008b60 (0x01af3833) sltu    a6, t5, s10
core   0: 3 0x80008b60 (0x01af3833) x16 0x00000001
core   0: 0x80008b64 (0xad670a23) sb      s6, -1324(a4)
core   0: 3 0x80008b64 (0xad670a23) mem 0x80010616 0xb9
core   0: 0x80008b68 (0xcfabc013) xori    zero, s7, -774
core   0: 3 0x80008b68 (0xcfabc013)
core   0: 0x80008b6c (0x10071783) lh      a5, 256(a4)
core   0: 3 0x80008b6c (0x10071783) x15 0xffffe8d4 mem 0x80010c42
core   0: 0x80008b70 (0xd8870e83) lb      t4, -632(a4)
core   0: 3 0x80008b70 (0xd8870e83) x29 0xfffffff1 mem 0x800108ca
core   0: 0x80008b74 (0x00008c81) c.sub   s1, s0
core   0: 3 0x80008b74 (0x8c81) x9  0x00000000
core   0: 0x80008b76 (0x41150bb3) sub     s7, a0, a7
core   0: 3 0x80008b76 (0x41150bb3) x23 0xffffb618
core   0: 0x80008b7a (0x99d72723) sw      t4, -1650(a4)
core   0: 3 0x80008b7a (0x99d72723) mem 0x800104d0 0xfffffff1
core   0: 0x80008b7e (0xcbd74203) lbu     tp, -835(a4)
core   0: 3 0x80008b7e (0xcbd74203) x4  0x000000c1 mem 0x800107ff
core   0: 0x80008b82 (0x4df70403) lb      s0, 1247(a4)
core   0: 3 0x80008b82 (0x4df70403) x8  0xffffffda mem 0x80011021
core   0: 0x80008b86 (0xf1170c23) sb      a7, -232(a4)
core   0: 3 0x80008b86 (0xf1170c23) mem 0x80010a5a 0xe8
core   0: 0x80008b8a (0x00000529) c.addi  a0, 10
core   0: 3 0x80008b8a (0x0529) x10 0x0000000a
core   0: 0x80008b8c (0x0387b033) mulhu   zero, a5, s8
core   0: 3 0x80008b8c (0x0387b033)
core   0: 0x80008b90 (0x01931c33) sll     s8, t1, s9
core   0: 3 0x80008b90 (0x01931c33) x24 0x00012000
core   0: 0x80008b94 (0x4af70083) lb      ra, 1199(a4)
core   0: 3 0x80008b94 (0x4af70083) x1  0xffffffbb mem 0x80010ff1
core   0: 0x80008b98 (0xb9a72d23) sw      s10, -1126(a4)
core   0: 3 0x80008b98 (0xb9a72d23) mem 0x800106dc 0x00009d99
core   0: 0x80008b9c (0x0000587d) c.li    a6, -1
core   0: 3 0x80008b9c (0x587d) x16 0xffffffff
core   0: 0x80008b9e (0xb4d74303) lbu     t1, -1203(a4)
core   0: 3 0x80008b9e (0xb4d74303) x6  0x00000036 mem 0x8001068f
core   0: 0x80008ba2 (0x17d74003) lbu     zero, 381(a4)
core   0: 3 0x80008ba2 (0x17d74003) mem 0x80010cbf
core   0: 0x80008ba6 (0x8f62ec13) ori     s8, t0, -1802
core   0: 3 0x80008ba6 (0x8f62ec13) x24 0xfffffaf6
core   0: 0x80008baa (0x39e71283) lh      t0, 926(a4)
core   0: 3 0x80008baa (0x39e71283) x5  0x00001eb9 mem 0x80010ee0
core   0: 0x80008bae (0x17674013) xori    zero, a4, 374
core   0: 3 0x80008bae (0x17674013)
core   0: 0x80008bb2 (0x3bd99e97) auipc   t4, 0x3bd99
core   0: 3 0x80008bb2 (0x3bd99e97) x29 0xbbda1bb2
core   0: 0x80008bb6 (0xf3574983) lbu     s3, -203(a4)
core   0: 3 0x80008bb6 (0xf3574983) x19 0x00000003 mem 0x80010a77
core   0: 0x80008bba (0x00006111) c.addi16sp sp, 256
core   0: 3 0x80008bba (0x6111) x2  0x8001f3a1
core   0: 0x80008bbc (0xeee72483) lw      s1, -274(a4)
core   0: 3 0x80008bbc (0xeee72483) x9  0x561cad31 mem 0x80010a30
core   0: 0x80008bc0 (0xd7970823) sb      s9, -656(a4)
core   0: 3 0x80008bc0 (0xd7970823) mem 0x800108b2 0x8c
core   0: 0x80008bc4 (0x9d974d03) lbu     s10, -1575(a4)
core   0: 3 0x80008bc4 (0x9d974d03) x26 0x00000038 mem 0x8001051b
core   0: 0x80008bc8 (0x83170a83) lb      s5, -1999(a4)
core   0: 3 0x80008bc8 (0x83170a83) x21 0xffffffdf mem 0x80010373
core   0: 0x80008bcc (0x1a170183) lb      gp, 417(a4)
core   0: 3 0x80008bcc (0x1a170183) x3  0xffffffce mem 0x80010ce3
core   0: 0x80008bd0 (0x00008569) c.srai  a0, 26
core   0: 3 0x80008bd0 (0x8569) x10 0x00000000
core   0: 0x80008bd2 (0x00001c14) c.addi4spn a3, sp, 560
core   0: 3 0x80008bd2 (0x1c14) x13 0x8001f5d1
core   0: 0x80008bd4 (0x00008f72) c.mv    t5, t3
core   0: 3 0x80008bd4 (0x8f72) x30 0xffffffb1
core   0: 0x80008bd6 (0x81670ba3) sb      s6, -2025(a4)
core   0: 3 0x80008bd6 (0x81670ba3) mem 0x80010359 0xb9
core   0: 0x80008bda (0x02271d83) lh      s11, 34(a4)
core   0: 3 0x80008bda (0x02271d83) x27 0x00007214 mem 0x80010b64
core   0: 0x80008bde (0x02997233) remu    tp, s2, s1
core   0: 3 0x80008bde (0x02997233) x4  0x29e5b0bb
core   0: 0x80008be2 (0x01629693) slli    a3, t0, 22
core   0: 3 0x80008be2 (0x01629693) x13 0xae400000
core   0: 0x80008be6 (0x01bb9513) slli    a0, s7, 27
core   0: 3 0x80008be6 (0x01bb9513) x10 0xc0000000
core   0: 0x80008bea (0x00008092) c.mv    ra, tp
core   0: 3 0x80008bea (0x8092) x1  0x29e5b0bb
core   0: 0x80008bec (0xdab74803) lbu     a6, -597(a4)
core   0: 3 0x80008bec (0xdab74803) x16 0x000000a6 mem 0x800108ed
core   0: 0x80008bf0 (0xcfb70423) sb      s11, -792(a4)
core   0: 3 0x80008bf0 (0xcfb70423) mem 0x8001082a 0x14
core   0: 0x80008bf4 (0x00005ffd) c.li    t6, -1
core   0: 3 0x80008bf4 (0x5ffd) x31 0xffffffff
core   0: 0x80008bf6 (0x0006fe33) and     t3, a3, zero
core   0: 3 0x80008bf6 (0x0006fe33) x28 0x00000000
core   0: 0x80008bfa (0x03b0a333) mulhsu  t1, ra, s11
core   0: 3 0x80008bfa (0x03b0a333) x6  0x000012ab
core   0: 0x80008bfe (0x03a25cb3) divu    s9, tp, s10
core   0: 3 0x80008bfe (0x03a25cb3) x25 0x00bf87ba
core   0: 0x80008c02 (0x000095c2) c.add   a1, a6
core   0: 3 0x80008c02 (0x95c2) x11 0x00009e3f
core   0: 0x80008c04 (0x40e0d313) srai    t1, ra, 14
core   0: 3 0x80008c04 (0x40e0d313) x6  0x0000a796
core   0: 0x80008c08 (0x03144d33) div     s10, s0, a7
core   0: 3 0x80008c08 (0x03144d33) x26 0x00000000
core   0: 0x80008c0c (0x0247abb3) mulhsu  s7, a5, tp
core   0: 3 0x80008c0c (0x0247abb3) x23 0xfffffc35
core   0: 0x80008c10 (0x00008d8d) c.sub   a1, a1
core   0: 3 0x80008c10 (0x8d8d) x11 0x00000000
core   0: 0x80008c12 (0x00000001) c.nop
core   0: 3 0x80008c12 (0x0001)
core   0: 0x80008c14 (0xc00bc193) xori    gp, s7, -1024
core   0: 3 0x80008c14 (0xc00bc193) x3  0x00000035
core   0: 0x80008c18 (0x11b1b593) sltiu   a1, gp, 283
core   0: 3 0x80008c18 (0x11b1b593) x11 0x00000001
core   0: 0x80008c1c (0x0000439d) c.li    t2, 7
core   0: 3 0x80008c1c (0x439d) x7  0x00000007
core   0: 0x80008c1e (0x01fa5993) srli    s3, s4, 31
core   0: 3 0x80008c1e (0x01fa5993) x19 0x00000001
core   0: 0x80008c22 (0x01783cb3) sltu    s9, a6, s7
core   0: 3 0x80008c22 (0x01783cb3) x25 0x00000001
core   0: 0x80008c26 (0x00000f91) c.addi  t6, 4
core   0: 3 0x80008c26 (0x0f91) x31 0x00000003
core   0: 0x80008c28 (0x41f25713) srai    a4, tp, 31
core   0: 3 0x80008c28 (0x41f25713) x14 0x00000000
core   0: 0x80008c2c (0x016d6ab3) or      s5, s10, s6
core   0: 3 0x80008c2c (0x016d6ab3) x21 0x0000a2b9
core   0: 0x80008c30 (0x000048a9) c.li    a7, 10
core   0: 3 0x80008c30 (0x48a9) x17 0x0000000a
core   0: 0x80008c32 (0x00008c46) c.mv    s8, a7
core   0: 3 0x80008c32 (0x8c46) x24 0x0000000a
core   0: 0x80008c34 (0x00004529) c.li    a0, 10
core   0: 3 0x80008c34 (0x4529) x10 0x0000000a
core   0: 0x80008c36 (0x0000914e) c.add   sp, s3
core   0: 3 0x80008c36 (0x914e) x2  0x8001f3a2
core   0: 0x80008c38 (0x00008ae9) c.andi  a3, 26
core   0: 3 0x80008c38 (0x8ae9) x13 0x00000000
core   0: 0x80008c3a (0x000014fd) c.addi  s1, -1
core   0: 3 0x80008c3a (0x14fd) x9  0x561cad30
core   0: 0x80008c3c (0x00008df1) c.and   a1, a2
core   0: 3 0x80008c3c (0x8df1) x11 0x00000000
core   0: 0x80008c3e (0x0014acb3) slt     s9, s1, ra
core   0: 3 0x80008c3e (0x0014acb3) x25 0x00000000
core   0: 0x80008c42 (0x000018f1) c.addi  a7, -4
core   0: 3 0x80008c42 (0x18f1) x17 0x00000006
core   0: 0x80008c44 (0xfea8dbe3) bge     a7, a0, pc - 10
core   0: 3 0x80008c44 (0xfea8dbe3)
core   0: 0x80008c48 (0x009310b3) sll     ra, t1, s1
core   0: 3 0x80008c48 (0x009310b3) x1  0xa7960000
core   0: 0x80008c4c (0x6e023013) sltiu   zero, tp, 1760
core   0: 3 0x80008c4c (0x6e023013)
core   0: 0x80008c50 (0x00008fa1) c.xor   a5, s0
core   0: 3 0x80008c50 (0x8fa1) x15 0x0000170e
core   0: 0x80008c52 (0xfc7fc8e3) blt     t6, t2, pc - 48
core   0: 3 0x80008c52 (0xfc7fc8e3)
core   0: 0x80008c22 (0x01783cb3) sltu    s9, a6, s7
core   0: 3 0x80008c22 (0x01783cb3) x25 0x00000001
core   0: 0x80008c26 (0x00000f91) c.addi  t6, 4
core   0: 3 0x80008c26 (0x0f91) x31 0x00000007
core   0: 0x80008c28 (0x41f25713) srai    a4, tp, 31
core   0: 3 0x80008c28 (0x41f25713) x14 0x00000000
core   0: 0x80008c2c (0x016d6ab3) or      s5, s10, s6
core   0: 3 0x80008c2c (0x016d6ab3) x21 0x0000a2b9
core   0: 0x80008c30 (0x000048a9) c.li    a7, 10
core   0: 3 0x80008c30 (0x48a9) x17 0x0000000a
core   0: 0x80008c32 (0x00008c46) c.mv    s8, a7
core   0: 3 0x80008c32 (0x8c46) x24 0x0000000a
core   0: 0x80008c34 (0x00004529) c.li    a0, 10
core   0: 3 0x80008c34 (0x4529) x10 0x0000000a
core   0: 0x80008c36 (0x0000914e) c.add   sp, s3
core   0: 3 0x80008c36 (0x914e) x2  0x8001f3a3
core   0: 0x80008c38 (0x00008ae9) c.andi  a3, 26
core   0: 3 0x80008c38 (0x8ae9) x13 0x00000000
core   0: 0x80008c3a (0x000014fd) c.addi  s1, -1
core   0: 3 0x80008c3a (0x14fd) x9  0x561cad2f
core   0: 0x80008c3c (0x00008df1) c.and   a1, a2
core   0: 3 0x80008c3c (0x8df1) x11 0x00000000
core   0: 0x80008c3e (0x0014acb3) slt     s9, s1, ra
core   0: 3 0x80008c3e (0x0014acb3) x25 0x00000000
core   0: 0x80008c42 (0x000018f1) c.addi  a7, -4
core   0: 3 0x80008c42 (0x18f1) x17 0x00000006
core   0: 0x80008c44 (0xfea8dbe3) bge     a7, a0, pc - 10
core   0: 3 0x80008c44 (0xfea8dbe3)
core   0: 0x80008c48 (0x009310b3) sll     ra, t1, s1
core   0: 3 0x80008c48 (0x009310b3) x1  0x53cb0000
core   0: 0x80008c4c (0x6e023013) sltiu   zero, tp, 1760
core   0: 3 0x80008c4c (0x6e023013)
core   0: 0x80008c50 (0x00008fa1) c.xor   a5, s0
core   0: 3 0x80008c50 (0x8fa1) x15 0xffffe8d4
core   0: 0x80008c52 (0xfc7fc8e3) blt     t6, t2, pc - 48
core   0: 3 0x80008c52 (0xfc7fc8e3)
core   0: 0x80008c56 (0x01f74d33) xor     s10, a4, t6
core   0: 3 0x80008c56 (0x01f74d33) x26 0x00000007
core   0: 0x80008c5a (0x00008117) auipc   sp, 0x8
core   0: 3 0x80008c5a (0x00008117) x2  0x80010c5a
core   0: 0x80008c5e (0x1a510113) addi    sp, sp, 421
core   0: 3 0x80008c5e (0x1a510113) x2  0x80010dff
core   0: 0x80008c62 (0x17214703) lbu     a4, 370(sp)
core   0: 3 0x80008c62 (0x17214703) x14 0x000000c8 mem 0x80010f71
core   0: 0x80008c66 (0x00001bfd) c.addi  s7, -1
core   0: 3 0x80008c66 (0x1bfd) x23 0xfffffc34
core   0: 0x80008c68 (0x89a10c23) sb      s10, -1896(sp)
core   0: 3 0x80008c68 (0x89a10c23) mem 0x80010697 0x07
core   0: 0x80008c6c (0x76c43713) sltiu   a4, s0, 1900
core   0: 3 0x80008c6c (0x76c43713) x14 0x00000000
core   0: 0x80008c70 (0xfa014403) lbu     s0, -96(sp)
core   0: 3 0x80008c70 (0xfa014403) x8  0x000000e7 mem 0x80010d9f
core   0: 0x80008c74 (0x00005bfd) c.li    s7, -1
core   0: 3 0x80008c74 (0x5bfd) x23 0xffffffff
core   0: 0x80008c76 (0x00000bee) c.slli  s7, 27
core   0: 3 0x80008c76 (0x0bee) x23 0xf8000000
core   0: 0x80008c78 (0x06511403) lh      s0, 101(sp)
core   0: 3 0x80008c78 (0x06511403) x8  0xffff8827 mem 0x80010e64
core   0: 0x80008c7c (0x02948733) mul     a4, s1, s1
core   0: 3 0x80008c7c (0x02948733) x14 0xeb708ea1
core   0: 0x80008c80 (0x00008f61) c.and   a4, s0
core   0: 3 0x80008c80 (0x8f61) x14 0xeb708821
core   0: 0x80008c82 (0x187d4d13) xori    s10, s10, 391
core   0: 3 0x80008c82 (0x187d4d13) x26 0x00000180
core   0: 0x80008c86 (0xcc910f23) sb      s1, -802(sp)
core   0: 3 0x80008c86 (0xcc910f23) mem 0x80010add 0x2f
core   0: 0x80008c8a (0x14010703) lb      a4, 320(sp)
core   0: 3 0x80008c8a (0x14010703) x14 0x0000007b mem 0x80010f3f
core   0: 0x80008c8e (0xa2a14703) lbu     a4, -1494(sp)
core   0: 3 0x80008c8e (0xa2a14703) x14 0x0000008b mem 0x80010829
core   0: 0x80008c92 (0x70a83813) sltiu   a6, a6, 1802
core   0: 3 0x80008c92 (0x70a83813) x16 0x00000001
core   0: 0x80008c96 (0x00000d56) c.slli  s10, 21
core   0: 3 0x80008c96 (0x0d56) x26 0x30000000
core   0: 0x80008c98 (0x000088e5) c.andi  s1, 25
core   0: 3 0x80008c98 (0x88e5) x9  0x00000009
core   0: 0x80008c9a (0x01a71813) slli    a6, a4, 26
core   0: 3 0x80008c9a (0x01a71813) x16 0x2c000000
core   0: 0x80008c9e (0x00008321) c.srli  a4, 8
core   0: 3 0x80008c9e (0x8321) x14 0x00000000
core   0: 0x80008ca0 (0x01a814b3) sll     s1, a6, s10
core   0: 3 0x80008ca0 (0x01a814b3) x9  0x2c000000
core   0: 0x80008ca4 (0x22b15803) lhu     a6, 555(sp)
core   0: 3 0x80008ca4 (0x22b15803) x16 0x00008035 mem 0x8001102a
core   0: 0x80008ca8 (0x00008f59) c.or    a4, a4
core   0: 3 0x80008ca8 (0x8f59) x14 0x00000000
core   0: 0x80008caa (0x12d14703) lbu     a4, 301(sp)
core   0: 3 0x80008caa (0x12d14703) x14 0x00000096 mem 0x80010f2c
core   0: 0x80008cae (0x00000001) c.nop
core   0: 3 0x80008cae (0x0001)
core   0: 0x80008cb0 (0xc7e14483) lbu     s1, -898(sp)
core   0: 3 0x80008cb0 (0xc7e14483) x9  0x000000d3 mem 0x80010a7d
core   0: 0x80008cb4 (0x01785d13) srli    s10, a6, 23
core   0: 3 0x80008cb4 (0x01785d13) x26 0x00000000
core   0: 0x80008cb8 (0x0000577d) c.li    a4, -1
core   0: 3 0x80008cb8 (0x577d) x14 0xffffffff
core   0: 0x80008cba (0x00005d7d) c.li    s10, -1
core   0: 3 0x80008cba (0x5d7d) x26 0xffffffff
core   0: 0x80008cbc (0x47a0c717) auipc   a4, 0x47a0c
core   0: 3 0x80008cbc (0x47a0c717) x14 0xc7a14cbc
core   0: 0x80008cc0 (0xb0e10483) lb      s1, -1266(sp)
core   0: 3 0x80008cc0 (0xb0e10483) x9  0x0000004e mem 0x8001090d
core   0: 0x80008cc4 (0x00008f19) c.sub   a4, a4
core   0: 3 0x80008cc4 (0x8f19) x14 0x00000000
core   0: 0x80008cc6 (0xcdd10703) lb      a4, -803(sp)
core   0: 3 0x80008cc6 (0xcdd10703) x14 0xffffffe6 mem 0x80010adc
core   0: 0x80008cca (0x0000177d) c.addi  a4, -1
core   0: 3 0x80008cca (0x177d) x14 0xffffffe5
core   0: 0x80008ccc (0xc97109a3) sb      s7, -877(sp)
core   0: 3 0x80008ccc (0xc97109a3) mem 0x80010a92 0x00
core   0: 0x80008cd0 (0x01abad33) slt     s10, s7, s10
core   0: 3 0x80008cd0 (0x01abad33) x26 0x00000001
core   0: 0x80008cd4 (0xc7710a23) sb      s7, -908(sp)
core   0: 3 0x80008cd4 (0xc7710a23) mem 0x80010a73 0x00
core   0: 0x80008cd8 (0xf7f11703) lh      a4, -129(sp)
core   0: 3 0x80008cd8 (0xf7f11703) x14 0x00001232 mem 0x80010d7e
core   0: 0x80008cdc (0xda711b83) lh      s7, -601(sp)
core   0: 3 0x80008cdc (0xda711b83) x23 0xffff8ae9 mem 0x80010ba6
core   0: 0x80008ce0 (0xd2812aa3) sw      s0, -715(sp)
core   0: 3 0x80008ce0 (0xd2812aa3) mem 0x80010b34 0xffff8827
core   0: 0x80008ce4 (0x00008f61) c.and   a4, s0
core   0: 3 0x80008ce4 (0x8f61) x14 0x00000022
core   0: 0x80008ce6 (0x00005d7d) c.li    s10, -1
core   0: 3 0x80008ce6 (0x5d7d) x26 0xffffffff
core   0: 0x80008ce8 (0x029d14b3) mulh    s1, s10, s1
core   0: 3 0x80008ce8 (0x029d14b3) x9  0xffffffff
core   0: 0x80008cec (0xce810623) sb      s0, -788(sp)
core   0: 3 0x80008cec (0xce810623) mem 0x80010aeb 0x27
core   0: 0x80008cf0 (0xc3a11ea3) sh      s10, -963(sp)
core   0: 3 0x80008cf0 (0xc3a11ea3) mem 0x80010a3c 0xffff
core   0: 0x80008cf4 (0x0fa102a3) sb      s10, 229(sp)
core   0: 3 0x80008cf4 (0x0fa102a3) mem 0x80010ee4 0xff
core   0: 0x80008cf8 (0x030d7bb3) remu    s7, s10, a6
core   0: 3 0x80008cf8 (0x030d7bb3) x23 0x00002be3
core   0: 0x80008cfc (0x028834b3) mulhu   s1, a6, s0
core   0: 3 0x80008cfc (0x028834b3) x9  0x00008034
core   0: 0x80008d00 (0x01775493) srli    s1, a4, 23
core   0: 3 0x80008d00 (0x01775493) x9  0x00000000
core   0: 0x80008d04 (0x03070733) mul     a4, a4, a6
core   0: 3 0x80008d04 (0x03070733) x14 0x0011070a
core   0: 0x80008d08 (0x88810923) sb      s0, -1902(sp)
core   0: 3 0x80008d08 (0x88810923) mem 0x80010691 0x27
core   0: 0x80008d0c (0x010d6433) or      s0, s10, a6
core   0: 3 0x80008d0c (0x010d6433) x8  0xffffffff
core   0: 0x80008d10 (0xb1710a23) sb      s7, -1260(sp)
core   0: 3 0x80008d10 (0xb1710a23) mem 0x80010913 0xe3
core   0: 0x80008d14 (0x0000b117) auipc   sp, 0xb
core   0: 3 0x80008d14 (0x0000b117) x2  0x80013d14
core   0: 0x80008d18 (0x5b510113) addi    sp, sp, 1461
core   0: 3 0x80008d18 (0x5b510113) x2  0x800142c9
core   0: 0x80008d1c (0x00aa97b3) sll     a5, s5, a0
core   0: 3 0x80008d1c (0x00aa97b3) x15 0x028ae400
core   0: 0x80008d20 (0x6db53293) sltiu   t0, a0, 1755
core   0: 3 0x80008d20 (0x6db53293) x5  0x00000001
core   0: 0x80008d24 (0x69c5fa93) andi    s5, a1, 1692
core   0: 3 0x80008d24 (0x69c5fa93) x21 0x00000000
core   0: 0x80008d28 (0xfea10c23) sb      a0, -8(sp)
core   0: 3 0x80008d28 (0xfea10c23) mem 0x800142c1 0x0a
core   0: 0x80008d2c (0x00f15503) lhu     a0, 15(sp)
core   0: 3 0x80008d2c (0x00f15503) x10 0x0000ec78 mem 0x800142d8
core   0: 0x80008d30 (0xff810183) lb      gp, -8(sp)
core   0: 3 0x80008d30 (0xff810183) x3  0x0000000a mem 0x800142c1
core   0: 0x80008d34 (0x607af513) andi    a0, s5, 1543
core   0: 3 0x80008d34 (0x607af513) x10 0x00000000
core   0: 0x80008d38 (0x02a7a5b3) mulhsu  a1, a5, a0
core   0: 3 0x80008d38 (0x02a7a5b3) x11 0x00000000
core   0: 0x80008d3c (0x415581b3) sub     gp, a1, s5
core   0: 3 0x80008d3c (0x415581b3) x3  0x00000000
core   0: 0x80008d40 (0x001ad293) srli    t0, s5, 1
core   0: 3 0x80008d40 (0x001ad293) x5  0x00000000
core   0: 0x80008d44 (0x00410a83) lb      s5, 4(sp)
core   0: 3 0x80008d44 (0x00410a83) x21 0xffffffeb mem 0x800142cd
core   0: 0x80008d48 (0x405285b3) sub     a1, t0, t0
core   0: 3 0x80008d48 (0x405285b3) x11 0x00000000
core   0: 0x80008d4c (0x0057d533) srl     a0, a5, t0
core   0: 3 0x80008d4c (0x0057d533) x10 0x028ae400
core   0: 0x80008d50 (0x00e10a83) lb      s5, 14(sp)
core   0: 3 0x80008d50 (0x00e10a83) x21 0x0000001c mem 0x800142d7
core   0: 0x80008d54 (0x02faaab3) mulhsu  s5, s5, a5
core   0: 3 0x80008d54 (0x02faaab3) x21 0x00000000
core   0: 0x80008d58 (0xff510ba3) sb      s5, -9(sp)
core   0: 3 0x80008d58 (0xff510ba3) mem 0x800142c0 0x00
core   0: 0x80008d5c (0x0355e1b3) rem     gp, a1, s5
core   0: 3 0x80008d5c (0x0355e1b3) x3  0x00000000
core   0: 0x80008d60 (0x26057a93) andi    s5, a0, 608
core   0: 3 0x80008d60 (0x26057a93) x21 0x00000000
core   0: 0x80008d64 (0xff510783) lb      a5, -11(sp)
core   0: 3 0x80008d64 (0xff510783) x15 0xffffffe4 mem 0x800142be
core   0: 0x80008d68 (0x00c10503) lb      a0, 12(sp)
core   0: 3 0x80008d68 (0x00c10503) x10 0x0000001c mem 0x800142d5
core   0: 0x80008d6c (0xff915a83) lhu     s5, -7(sp)
core   0: 3 0x80008d6c (0xff915a83) x21 0x00000bf7 mem 0x800142c2
core   0: 0x80008d70 (0x00b10423) sb      a1, 8(sp)
core   0: 3 0x80008d70 (0x00b10423) mem 0x800142d1 0x00
core   0: 0x80008d74 (0xfe310e23) sb      gp, -4(sp)
core   0: 3 0x80008d74 (0xfe310e23) mem 0x800142c5 0x00
core   0: 0x80008d78 (0x8aa7c193) xori    gp, a5, -1878
core   0: 3 0x80008d78 (0x8aa7c193) x3  0x0000074e
core   0: 0x80008d7c (0x000007c2) c.slli  a5, 16
core   0: 3 0x80008d7c (0x07c2) x15 0xffe40000
core   0: 0x80008d7e (0x005116a3) sh      t0, 13(sp)
core   0: 3 0x80008d7e (0x005116a3) mem 0x800142d6 0x0000
core   0: 0x80008d82 (0x00a52ab3) slt     s5, a0, a0
core   0: 3 0x80008d82 (0x00a52ab3) x21 0x00000000
core   0: 0x80008d86 (0x005ac7b3) xor     a5, s5, t0
core   0: 3 0x80008d86 (0x005ac7b3) x15 0x00000000
core   0: 0x80008d8a (0x0031b533) sltu    a0, gp, gp
core   0: 3 0x80008d8a (0x0031b533) x10 0x00000000
core   0: 0x80008d8e (0x00ba9ab3) sll     s5, s5, a1
core   0: 3 0x80008d8e (0x00ba9ab3) x21 0x00000000
core   0: 0x80008d92 (0xf0c52793) slti    a5, a0, -244
core   0: 3 0x80008d92 (0xf0c52793) x15 0x00000000
core   0: 0x80008d96 (0x00005afd) c.li    s5, -1
core   0: 3 0x80008d96 (0x5afd) x21 0xffffffff
core   0: 0x80008d98 (0x00311503) lh      a0, 3(sp)
core   0: 3 0x80008d98 (0x00311503) x10 0xffffeb86 mem 0x800142cc
core   0: 0x80008d9c (0xff911283) lh      t0, -7(sp)
core   0: 3 0x80008d9c (0xff911283) x5  0x00000bf7 mem 0x800142c2
core   0: 0x80008da0 (0x00000001) c.nop
core   0: 3 0x80008da0 (0x0001)
core   0: 0x80008da2 (0xf92df197) auipc   gp, 0xf92df
core   0: 3 0x80008da2 (0xf92df197) x3  0x792e7da2
core   0: 0x80008da6 (0x00c10583) lb      a1, 12(sp)
core   0: 3 0x80008da6 (0x00c10583) x11 0x0000001c mem 0x800142d5
core   0: 0x80008daa (0xff414a83) lbu     s5, -12(sp)
core   0: 3 0x80008daa (0xff414a83) x21 0x000000ec mem 0x800142bd
core   0: 0x80008dae (0x0051e533) or      a0, gp, t0
core   0: 3 0x80008dae (0x0051e533) x10 0x792e7ff7
core   0: 0x80008db2 (0x000017fd) c.addi  a5, -1
core   0: 3 0x80008db2 (0x17fd) x15 0xffffffff
core   0: 0x80008db4 (0x01556ab3) or      s5, a0, s5
core   0: 3 0x80008db4 (0x01556ab3) x21 0x792e7fff
core   0: 0x80008db8 (0x02f185b3) mul     a1, gp, a5
core   0: 3 0x80008db8 (0x02f185b3) x11 0x86d1825e
core   0: 0x80008dbc (0x023592b3) mulh    t0, a1, gp
core   0: 3 0x80008dbc (0x023592b3) x5  0xc6a304cb
core   0: 0x80008dc0 (0xae7ac193) xori    gp, s5, -1305
core   0: 3 0x80008dc0 (0xae7ac193) x3  0x86d18518
core   0: 0x80008dc4 (0x40a552b3) sra     t0, a0, a0
core   0: 3 0x80008dc4 (0x40a552b3) x5  0x000000f2
core   0: 0x80008dc8 (0xff510e23) sb      s5, -4(sp)
core   0: 3 0x80008dc8 (0xff510e23) mem 0x800142c5 0xff
core   0: 0x80008dcc (0x415ad2b3) sra     t0, s5, s5
core   0: 3 0x80008dcc (0x415ad2b3) x5  0x00000000
core   0: 0x80008dd0 (0x00414283) lbu     t0, 4(sp)
core   0: 3 0x80008dd0 (0x00414283) x5  0x000000eb mem 0x800142cd
core   0: 0x80008dd4 (0x00510a83) lb      s5, 5(sp)
core   0: 3 0x80008dd4 (0x00510a83) x21 0x00000001 mem 0x800142ce
core   0: 0x80008dd8 (0xff510e23) sb      s5, -4(sp)
core   0: 3 0x80008dd8 (0xff510e23) mem 0x800142c5 0x01
core   0: 0x80008ddc (0x00012497) auipc   s1, 0x12
core   0: 3 0x80008ddc (0x00012497) x9  0x8001addc
core   0: 0x80008de0 (0x7d848493) addi    s1, s1, 2008
core   0: 3 0x80008de0 (0x7d848493) x9  0x8001b5b4
core   0: 0x80008de4 (0x00000455) c.addi  s0, 21
core   0: 3 0x80008de4 (0x0455) x8  0x00000014
core   0: 0x80008de6 (0x0398ceb7) lui     t4, 0x398c
core   0: 3 0x80008de6 (0x0398ceb7) x29 0x0398c000
core   0: 0x80008dea (0x6c849283) lh      t0, 1736(s1)
core   0: 3 0x80008dea (0x6c849283) x5  0xfffffbec mem 0x8001bc7c
core   0: 0x80008dee (0x01a45d33) srl     s10, s0, s10
core   0: 3 0x80008dee (0x01a45d33) x26 0x00000000
core   0: 0x80008df2 (0x0b84c283) lbu     t0, 184(s1)
core   0: 3 0x80008df2 (0x0b84c283) x5  0x00000088 mem 0x8001b66c
core   0: 0x80008df6 (0x7ba48aa3) sb      s10, 1973(s1)
core   0: 3 0x80008df6 (0x7ba48aa3) mem 0x8001bd69 0x00
core   0: 0x80008dfa (0x00e8e8b3) or      a7, a7, a4
core   0: 3 0x80008dfa (0x00e8e8b3) x17 0x0011070e
core   0: 0x80008dfe (0x1474cd03) lbu     s10, 327(s1)
core   0: 3 0x80008dfe (0x1474cd03) x26 0x00000091 mem 0x8001b6fb
core   0: 0x80008e02 (0xb8848023) sb      s0, -1152(s1)
core   0: 3 0x80008e02 (0xb8848023) mem 0x8001b134 0x14
core   0: 0x80008e06 (0xc9548403) lb      s0, -875(s1)
core   0: 3 0x80008e06 (0xc9548403) x8  0x0000007c mem 0x8001b249
core   0: 0x80008e0a (0x00008c19) c.sub   s0, a4
core   0: 3 0x80008e0a (0x8c19) x8  0xffeef972
core   0: 0x80008e0c (0xa6e4c403) lbu     s0, -1426(s1)
core   0: 3 0x80008e0c (0xa6e4c403) x8  0x0000005c mem 0x8001b022
core   0: 0x80008e10 (0xe044dd03) lhu     s10, -508(s1)
core   0: 3 0x80008e10 (0xe044dd03) x26 0x00006b81 mem 0x8001b3b8
core   0: 0x80008e14 (0x8ae48b23) sb      a4, -1866(s1)
core   0: 3 0x80008e14 (0x8ae48b23) mem 0x8001ae6a 0x0a
core   0: 0x80008e18 (0x00009eba) c.add   t4, a4
core   0: 3 0x80008e18 (0x9eba) x29 0x03a9c70a
core   0: 0x80008e1a (0xe1a482a3) sb      s10, -507(s1)
core   0: 3 0x80008e1a (0xe1a482a3) mem 0x8001b3b9 0x81
core   0: 0x80008e1e (0x23d4c283) lbu     t0, 573(s1)
core   0: 3 0x80008e1e (0x23d4c283) x5  0x000000cf mem 0x8001b7f1
core   0: 0x80008e22 (0xf5bd2893) slti    a7, s10, -165
core   0: 3 0x80008e22 (0xf5bd2893) x17 0x00000000
core   0: 0x80008e26 (0x2c049d03) lh      s10, 704(s1)
core   0: 3 0x80008e26 (0x2c049d03) x26 0xffff80b1 mem 0x8001b874
core   0: 0x80008e2a (0x4082d8b3) sra     a7, t0, s0
core   0: 3 0x80008e2a (0x4082d8b3) x17 0x00000000
core   0: 0x80008e2e (0x11249283) lh      t0, 274(s1)
core   0: 3 0x80008e2e (0x11249283) x5  0x00005116 mem 0x8001b6c6
core   0: 0x80008e32 (0xf4348883) lb      a7, -189(s1)
core   0: 3 0x80008e32 (0xf4348883) x17 0xffffffe0 mem 0x8001b4f7
core   0: 0x80008e36 (0x00e2f433) and     s0, t0, a4
core   0: 3 0x80008e36 (0x00e2f433) x8  0x00000102
core   0: 0x80008e3a (0x48e485a3) sb      a4, 1163(s1)
core   0: 3 0x80008e3a (0x48e485a3) mem 0x8001ba3f 0x0a
core   0: 0x80008e3e (0xd3f48883) lb      a7, -705(s1)
core   0: 3 0x80008e3e (0xd3f48883) x17 0xffffffef mem 0x8001b2f3
core   0: 0x80008e42 (0xf4b48e83) lb      t4, -181(s1)
core   0: 3 0x80008e42 (0xf4b48e83) x29 0xffffffc0 mem 0x8001b4ff
core   0: 0x80008e46 (0x50648883) lb      a7, 1286(s1)
core   0: 3 0x80008e46 (0x50648883) x17 0x00000008 mem 0x8001baba
core   0: 0x80008e4a (0x01d71e93) slli    t4, a4, 29
core   0: 3 0x80008e4a (0x01d71e93) x29 0x40000000
core   0: 0x80008e4e (0x0118e433) or      s0, a7, a7
core   0: 3 0x80008e4e (0x0118e433) x8  0x00000008
core   0: 0x80008e52 (0xa604ce83) lbu     t4, -1440(s1)
core   0: 3 0x80008e52 (0xa604ce83) x29 0x0000009e mem 0x8001b014
core   0: 0x80008e56 (0x3cf4c883) lbu     a7, 975(s1)
core   0: 3 0x80008e56 (0x3cf4c883) x17 0x00000007 mem 0x8001b983
core   0: 0x80008e5a (0x8234ce83) lbu     t4, -2013(s1)
core   0: 3 0x80008e5a (0x8234ce83) x29 0x000000cc mem 0x8001add7
core   0: 0x80008e5e (0x07448703) lb      a4, 116(s1)
core   0: 3 0x80008e5e (0x07448703) x14 0x0000000d mem 0x8001b628
core   0: 0x80008e62 (0x18a4d703) lhu     a4, 394(s1)
core   0: 3 0x80008e62 (0x18a4d703) x14 0x00000bf8 mem 0x8001b73e
core   0: 0x80008e66 (0x1854a823) sw      t0, 400(s1)
core   0: 3 0x80008e66 (0x1854a823) mem 0x8001b744 0x00005116
core   0: 0x80008e6a (0xe0a49e83) lh      t4, -502(s1)
core   0: 3 0x80008e6a (0xe0a49e83) x29 0x00006093 mem 0x8001b3be
core   0: 0x80008e6e (0x01a2f8b3) and     a7, t0, s10
core   0: 3 0x80008e6e (0x01a2f8b3) x17 0x00000010
core   0: 0x80008e72 (0x9ef4c703) lbu     a4, -1553(s1)
core   0: 3 0x80008e72 (0x9ef4c703) x14 0x0000005c mem 0x8001afa3
core   0: 0x80008e76 (0x1ac4cd03) lbu     s10, 428(s1)
core   0: 3 0x80008e76 (0x1ac4cd03) x26 0x000000e5 mem 0x8001b760
core   0: 0x80008e7a (0x41d2d2b3) sra     t0, t0, t4
core   0: 3 0x80008e7a (0x41d2d2b3) x5  0x00000000
core   0: 0x80008e7e (0x01ad1eb3) sll     t4, s10, s10
core   0: 3 0x80008e7e (0x01ad1eb3) x29 0x00001ca0
core   0: 0x80008e82 (0x4f148e23) sb      a7, 1276(s1)
core   0: 3 0x80008e82 (0x4f148e23) mem 0x8001bab0 0x10
core   0: 0x80008e86 (0xb1d48ba3) sb      t4, -1257(s1)
core   0: 3 0x80008e86 (0xb1d48ba3) mem 0x8001b0cb 0xa0
core   0: 0x80008e8a (0x01c000ef) jal     pc + 0x1c
core   0: 3 0x80008e8a (0x01c000ef) x1  0x80008e8e
core   0: 0x80008ea6 (0x0000a829) c.j     pc + 26
core   0: 3 0x80008ea6 (0xa829)
core   0: 0x80008ec0 (0x00003fe1) c.jal   pc - 40
core   0: 3 0x80008ec0 (0x3fe1) x1  0x80008ec2
core   0: 0x80008e98 (0x00002809) c.jal   pc + 18
core   0: 3 0x80008e98 (0x2809) x1  0x80008e9a
core   0: 0x80008eaa (0x0000bfc5) c.j     pc - 16
core   0: 3 0x80008eaa (0xbfc5)
core   0: 0x80008e9a (0x00002821) c.jal   pc + 24
core   0: 3 0x80008e9a (0x2821) x1  0x80008e9c
core   0: 0x80008eb2 (0x0000bfcd) c.j     pc - 14
core   0: 3 0x80008eb2 (0xbfcd)
core   0: 0x80008ea4 (0x00003fed) c.jal   pc - 6
core   0: 3 0x80008ea4 (0x3fed) x1  0x80008ea6
core   0: 0x80008e9e (0x00e000ef) jal     pc + 0xe
core   0: 3 0x80008e9e (0x00e000ef) x1  0x80008ea2
core   0: 0x80008eac (0x00c0036f) jal     t1, pc + 0xc
core   0: 3 0x80008eac (0x00c0036f) x6  0x80008eb0
core   0: 0x80008eb8 (0x0000bfe5) c.j     pc - 8
core   0: 3 0x80008eb8 (0xbfe5)
core   0: 0x80008eb0 (0x0000a039) c.j     pc + 14
core   0: 3 0x80008eb0 (0xa039)
core   0: 0x80008ebe (0x0000bfd1) c.j     pc - 44
core   0: 3 0x80008ebe (0xbfd1)
core   0: 0x80008e92 (0x030000ef) jal     pc + 0x30
core   0: 3 0x80008e92 (0x030000ef) x1  0x80008e96
core   0: 0x80008ec2 (0x0000bfd5) c.j     pc - 12
core   0: 3 0x80008ec2 (0xbfd5)
core   0: 0x80008eb6 (0x000037dd) c.jal   pc - 26
core   0: 3 0x80008eb6 (0x37dd) x1  0x80008eb8
core   0: 0x80008e9c (0x00002821) c.jal   pc + 24
core   0: 3 0x80008e9c (0x2821) x1  0x80008e9e
core   0: 0x80008eb4 (0x0000b7fd) c.j     pc - 18
core   0: 3 0x80008eb4 (0xb7fd)
core   0: 0x80008ea2 (0x0000b7f5) c.j     pc - 20
core   0: 3 0x80008ea2 (0xb7f5)
core   0: 0x80008e8e (0x0000a021) c.j     pc + 8
core   0: 3 0x80008e8e (0xa021)
core   0: 0x80008e96 (0x00002015) c.jal   pc + 36
core   0: 3 0x80008e96 (0x2015) x1  0x80008e98
core   0: 0x80008eba (0x00a0036f) jal     t1, pc + 0xa
core   0: 3 0x80008eba (0x00a0036f) x6  0x80008ebe
core   0: 0x80008ec4 (0xfcdffb6f) jal     s6, pc - 0x34
core   0: 3 0x80008ec4 (0xfcdffb6f) x22 0x80008ec8
core   0: 0x80008e90 (0x0000a825) c.j     pc + 56
core   0: 3 0x80008e90 (0xa825)
core   0: 0x80008ec8 (0x000037c5) c.jal   pc - 32
core   0: 3 0x80008ec8 (0x37c5) x1  0x80008eca
core   0: 0x80008ea8 (0x0000200d) c.jal   pc + 34
core   0: 3 0x80008ea8 (0x200d) x1  0x80008eaa
core   0: 0x80008eca (0xf0042b93) slti    s7, s0, -256
core   0: 3 0x80008eca (0xf0042b93) x23 0x00000000
core   0: 0x80008ece (0x00013117) auipc   sp, 0x13
core   0: 3 0x80008ece (0x00013117) x2  0x8001bece
core   0: 0x80008ed2 (0xd1710113) addi    sp, sp, -745
core   0: 3 0x80008ed2 (0xd1710113) x2  0x8001bbe5
core   0: 0x80008ed6 (0xfcc10423) sb      a2, -56(sp)
core   0: 3 0x80008ed6 (0xfcc10423) mem 0x8001bbad 0x00
core   0: 0x80008eda (0xfc812fa3) sw      s0, -33(sp)
core   0: 3 0x80008eda (0xfc812fa3) mem 0x8001bbc4 0x00000008
core   0: 0x80008ede (0xfdf15d83) lhu     s11, -33(sp)
core   0: 3 0x80008ede (0xfdf15d83) x27 0x00000008 mem 0x8001bbc4
core   0: 0x80008ee2 (0xfdf15203) lhu     tp, -33(sp)
core   0: 3 0x80008ee2 (0xfdf15203) x4  0x00000008 mem 0x8001bbc4
core   0: 0x80008ee6 (0x03511783) lh      a5, 53(sp)
core   0: 3 0x80008ee6 (0x03511783) x15 0x000053f7 mem 0x8001bc1a
core   0: 0x80008eea (0x01e10ba3) sb      t5, 23(sp)
core   0: 3 0x80008eea (0x01e10ba3) mem 0x8001bbfc 0xb1
core   0: 0x80008eee (0xffc107a3) sb      t3, -17(sp)
core   0: 3 0x80008eee (0xffc107a3) mem 0x8001bbd4 0x00
core   0: 0x80008ef2 (0xfef15683) lhu     a3, -17(sp)
core   0: 3 0x80008ef2 (0xfef15683) x13 0x0000ef00 mem 0x8001bbd4
core   0: 0x80008ef6 (0xfef14c83) lbu     s9, -17(sp)
core   0: 3 0x80008ef6 (0xfef14c83) x25 0x00000000 mem 0x8001bbd4
core   0: 0x80008efa (0xffd10523) sb      t4, -22(sp)
core   0: 3 0x80008efa (0xffd10523) mem 0x8001bbcf 0xa0
core   0: 0x80008efe (0x01fadd13) srli    s10, s5, 31
core   0: 3 0x80008efe (0x01fadd13) x26 0x00000000
core   0: 0x80008f02 (0x015936b3) sltu    a3, s2, s5
core   0: 3 0x80008f02 (0x015936b3) x13 0x00000000
core   0: 0x80008f06 (0xfe410f23) sb      tp, -2(sp)
core   0: 3 0x80008f06 (0xfe410f23) mem 0x8001bbe3 0x08
core   0: 0x80008f0a (0xffe10183) lb      gp, -2(sp)
core   0: 3 0x80008f0a (0xffe10183) x3  0x00000008 mem 0x8001bbe3
core   0: 0x80008f0e (0xffe10803) lb      a6, -2(sp)
core   0: 3 0x80008f0e (0xffe10803) x16 0x00000008 mem 0x8001bbe3
core   0: 0x80008f12 (0xd5ca4993) xori    s3, s4, -676
core   0: 3 0x80008f12 (0xd5ca4993) x19 0x7ffd61b8
core   0: 0x80008f16 (0xffe10403) lb      s0, -2(sp)
core   0: 3 0x80008f16 (0xffe10403) x8  0x00000008 mem 0x8001bbe3
core   0: 0x80008f1a (0xff510f23) sb      s5, -2(sp)
core   0: 3 0x80008f1a (0xff510f23) mem 0x8001bbe3 0x01
core   0: 0x80008f1e (0x03c000ef) jal     pc + 0x3c
core   0: 3 0x80008f1e (0x03c000ef) x1  0x80008f22
core   0: 0x80008f5a (0xfd5ff0ef) jal     pc - 0x2c
core   0: 3 0x80008f5a (0xfd5ff0ef) x1  0x80008f5e
core   0: 0x80008f2e (0x038000ef) jal     pc + 0x38
core   0: 3 0x80008f2e (0x038000ef) x1  0x80008f32
core   0: 0x80008f66 (0x00003fe1) c.jal   pc - 40
core   0: 3 0x80008f66 (0x3fe1) x1  0x80008f68
core   0: 0x80008f3e (0x0000bfd5) c.j     pc - 12
core   0: 3 0x80008f3e (0xbfd5)
core   0: 0x80008f32 (0x0000a029) c.j     pc + 10
core   0: 3 0x80008f32 (0xa029)
core   0: 0x80008f3c (0x0000a011) c.j     pc + 4
core   0: 3 0x80008f3c (0xa011)
core   0: 0x80008f40 (0x0000a009) c.j     pc + 2
core   0: 3 0x80008f40 (0xa009)
core   0: 0x80008f42 (0x028000ef) jal     pc + 0x28
core   0: 3 0x80008f42 (0x028000ef) x1  0x80008f46
core   0: 0x80008f6a (0x00003fc1) c.jal   pc - 48
core   0: 3 0x80008f6a (0x3fc1) x1  0x80008f6c
core   0: 0x80008f3a (0x0000203d) c.jal   pc + 46
core   0: 3 0x80008f3a (0x203d) x1  0x80008f3c
core   0: 0x80008f68 (0x0000b7d5) c.j     pc - 28
core   0: 3 0x80008f68 (0xb7d5)
core   0: 0x80008f4c (0x0120036f) jal     t1, pc + 0x12
core   0: 3 0x80008f4c (0x0120036f) x6  0x80008f50
core   0: 0x80008f5e (0xfd7ff36f) jal     t1, pc - 0x2a
core   0: 3 0x80008f5e (0xfd7ff36f) x6  0x80008f62
core   0: 0x80008f34 (0x0000a005) c.j     pc + 32
core   0: 3 0x80008f34 (0xa005)
core   0: 0x80008f54 (0xff7ff0ef) jal     pc - 0xa
core   0: 3 0x80008f54 (0xff7ff0ef) x1  0x80008f58
core   0: 0x80008f4a (0x0000bfe1) c.j     pc - 40
core   0: 3 0x80008f4a (0xbfe1)
core   0: 0x80008f22 (0x000020a9) c.jal   pc + 74
core   0: 3 0x80008f22 (0x20a9) x1  0x80008f24
core   0: 0x80008f6c (0x000037d5) c.jal   pc - 28
core   0: 3 0x80008f6c (0x37d5) x1  0x80008f6e
core   0: 0x80008f50 (0xfe7ffbef) jal     s7, pc - 0x1a
core   0: 3 0x80008f50 (0xfe7ffbef) x23 0x80008f54
core   0: 0x80008f36 (0xff3ff0ef) jal     pc - 0xe
core   0: 3 0x80008f36 (0xff3ff0ef) x1  0x80008f3a
core   0: 0x80008f28 (0x0000282d) c.jal   pc + 58
core   0: 3 0x80008f28 (0x282d) x1  0x80008f2a
core   0: 0x80008f62 (0xfe5ff56f) jal     a0, pc - 0x1c
core   0: 3 0x80008f62 (0xfe5ff56f) x10 0x80008f66
core   0: 0x80008f46 (0xfe1fff6f) jal     t5, pc - 0x20
core   0: 3 0x80008f46 (0xfe1fff6f) x30 0x80008f4a
core   0: 0x80008f26 (0x0000a80d) c.j     pc + 50
core   0: 3 0x80008f26 (0xa80d)
core   0: 0x80008f58 (0x000037f1) c.jal   pc - 52
core   0: 3 0x80008f58 (0x37f1) x1  0x80008f5a
core   0: 0x80008f24 (0x0000a019) c.j     pc + 6
core   0: 3 0x80008f24 (0xa019)
core   0: 0x80008f2a (0x044000ef) jal     pc + 0x44
core   0: 3 0x80008f2a (0x044000ef) x1  0x80008f2e
core   0: 0x80008f6e (0x02b23c33) mulhu   s8, tp, a1
core   0: 3 0x80008f6e (0x02b23c33) x24 0x00000004
core   0: 0x80008f72 (0x00007117) auipc   sp, 0x7
core   0: 3 0x80008f72 (0x00007117) x2  0x8000ff72
core   0: 0x80008f76 (0x11610113) addi    sp, sp, 278
core   0: 3 0x80008f76 (0x11610113) x2  0x80010088
core   0: 0x80008f7a (0x73d11023) sh      t4, 1824(sp)
core   0: 3 0x80008f7a (0x73d11023) mem 0x800107a8 0x1ca0
core   0: 0x80008f7e (0x0192e533) or      a0, t0, s9
core   0: 3 0x80008f7e (0x0192e533) x10 0x00000000
core   0: 0x80008f82 (0x39b14e83) lbu     t4, 923(sp)
core   0: 3 0x80008f82 (0x39b14e83) x29 0x00000073 mem 0x80010423
core   0: 0x80008f86 (0x39b10e83) lb      t4, 923(sp)
core   0: 3 0x80008f86 (0x39b10e83) x29 0x00000073 mem 0x80010423
core   0: 0x80008f8a (0x38a10da3) sb      a0, 923(sp)
core   0: 3 0x80008f8a (0x38a10da3) mem 0x80010423 0x00
core   0: 0x80008f8e (0x39b10b03) lb      s6, 923(sp)
core   0: 3 0x80008f8e (0x39b10b03) x22 0x00000000 mem 0x80010423
core   0: 0x80008f92 (0x200e6d93) ori     s11, t3, 512
core   0: 3 0x80008f92 (0x200e6d93) x27 0x00000200
core   0: 0x80008f96 (0x38c10da3) sb      a2, 923(sp)
core   0: 3 0x80008f96 (0x38c10da3) mem 0x80010423 0x00
core   0: 0x80008f9a (0x40fd5813) srai    a6, s10, 15
core   0: 3 0x80008f9a (0x40fd5813) x16 0x00000000
core   0: 0x80008f9e (0x39b10da3) sb      s11, 923(sp)
core   0: 3 0x80008f9e (0x39b10da3) mem 0x80010423 0x00
core   0: 0x80008fa2 (0x39b10a83) lb      s5, 923(sp)
core   0: 3 0x80008fa2 (0x39b10a83) x21 0x00000000 mem 0x80010423
core   0: 0x80008fa6 (0x56210503) lb      a0, 1378(sp)
core   0: 3 0x80008fa6 (0x56210503) x10 0xffffffc7 mem 0x800105ea
core   0: 0x80008faa (0x57a11123) sh      s10, 1378(sp)
core   0: 3 0x80008faa (0x57a11123) mem 0x800105ea 0x0000
core   0: 0x80008fae (0x0be11183) lh      gp, 190(sp)
core   0: 3 0x80008fae (0x0be11183) x3  0xffffd817 mem 0x80010146
core   0: 0x80008fb2 (0x0be14403) lbu     s0, 190(sp)
core   0: 3 0x80008fb2 (0x0be14403) x8  0x00000017 mem 0x80010146
core   0: 0x80008fb6 (0x22c6c993) xori    s3, a3, 556
core   0: 3 0x80008fb6 (0x22c6c993) x19 0x0000022c
core   0: 0x80008fba (0x00008dcd) c.or    a1, a1
core   0: 3 0x80008fba (0x8dcd) x11 0x86d1825e
core   0: 0x80008fbc (0x11310423) sb      s3, 264(sp)
core   0: 3 0x80008fbc (0x11310423) mem 0x80010190 0x2c
core   0: 0x80008fc0 (0x10814d83) lbu     s11, 264(sp)
core   0: 3 0x80008fc0 (0x10814d83) x27 0x0000002c mem 0x80010190
core   0: 0x80008fc4 (0x62012223) sw      zero, 1572(sp)
core   0: 3 0x80008fc4 (0x62012223) mem 0x800106ac 0x00000000
core   0: 0x80008fc8 (0x5fb10b03) lb      s6, 1531(sp)
core   0: 3 0x80008fc8 (0x5fb10b03) x22 0x00000036 mem 0x80010683
core   0: 0x80008fcc (0x066109a3) sb      t1, 115(sp)
core   0: 3 0x80008fcc (0x066109a3) mem 0x800100fb 0x62
core   0: 0x80008fd0 (0x000044a1) c.li    s1, 8
core   0: 3 0x80008fd0 (0x44a1) x9  0x00000008
core   0: 0x80008fd2 (0x0000717d) c.addi16sp sp, -16
core   0: 3 0x80008fd2 (0x717d) x2  0x80010078
core   0: 0x80008fd4 (0x58e70e93) addi    t4, a4, 1422
core   0: 3 0x80008fd4 (0x58e70e93) x29 0x000005ea
core   0: 0x80008fd8 (0x032d6fb3) rem     t6, s10, s2
core   0: 3 0x80008fd8 (0x032d6fb3) x31 0x00000000
core   0: 0x80008fdc (0x000082d1) c.srli  a3, 20
core   0: 3 0x80008fdc (0x82d1) x13 0x00000000
core   0: 0x80008fde (0x00000b36) c.slli  s6, 13
core   0: 3 0x80008fde (0x0b36) x22 0x0006c000
core   0: 0x80008fe0 (0x03879233) mulh    tp, a5, s8
core   0: 3 0x80008fe0 (0x03879233) x4  0x00000000
core   0: 0x80008fe4 (0x03632333) mulhsu  t1, t1, s6
core   0: 3 0x80008fe4 (0x03632333) x6  0xfffca003
core   0: 0x80008fe8 (0x41b3dd93) srai    s11, t2, 27
core   0: 3 0x80008fe8 (0x41b3dd93) x27 0x00000000
core   0: 0x80008fec (0x00009256) c.add   tp, s5
core   0: 3 0x80008fec (0x9256) x4  0x00000000
core   0: 0x80008fee (0x0116eab3) or      s5, a3, a7
core   0: 3 0x80008fee (0x0116eab3) x21 0x00000010
core   0: 0x80008ff2 (0x00000001) c.nop
core   0: 3 0x80008ff2 (0x0001)
core   0: 0x80008ff4 (0xfbabd9b7) lui     s3, 0xfbabd
core   0: 3 0x80008ff4 (0xfbabd9b7) x19 0xfbabd000
core   0: 0x80008ff8 (0x5b1fe413) ori     s0, t6, 1457
core   0: 3 0x80008ff8 (0x5b1fe413) x8  0x000005b1
core   0: 0x80008ffc (0x00006af5) c.lui   s5, 0x1d
core   0: 3 0x80008ffc (0x6af5) x21 0x0001d000
core   0: 0x80008ffe (0x000014f1) c.addi  s1, -4
core   0: 3 0x80008ffe (0x14f1) x9  0x00000004
core   0: 0x80009000 (0x00008e85) c.sub   a3, s1
core   0: 3 0x80009000 (0x8e85) x13 0xfffffffc
core   0: 0x80009002 (0x000046e1) c.li    a3, 24
core   0: 3 0x80009002 (0x46e1) x13 0x00000018
core   0: 0x80009004 (0x00008c05) c.sub   s0, s1
core   0: 3 0x80009004 (0x8c05) x8  0x000005ad
core   0: 0x80009006 (0x015bad33) slt     s10, s7, s5
core   0: 3 0x80009006 (0x015bad33) x26 0x00000001
core   0: 0x8000900a (0xb461a213) slti    tp, gp, -1210
core   0: 3 0x8000900a (0xb461a213) x4  0x00000001
core   0: 0x8000900e (0x010a9f33) sll     t5, s5, a6
core   0: 3 0x8000900e (0x010a9f33) x30 0x0001d000
core   0: 0x80009012 (0x02cc7f33) remu    t5, s8, a2
core   0: 3 0x80009012 (0x02cc7f33) x30 0x00000004
core   0: 0x80009016 (0x5dffe193) ori     gp, t6, 1503
core   0: 3 0x80009016 (0x5dffe193) x3  0x000005df
core   0: 0x8000901a (0x0000fce9) c.bnez  s1, pc - 38
core   0: 3 0x8000901a (0xfce9)
core   0: 0x80008ff4 (0xfbabd9b7) lui     s3, 0xfbabd
core   0: 3 0x80008ff4 (0xfbabd9b7) x19 0xfbabd000
core   0: 0x80008ff8 (0x5b1fe413) ori     s0, t6, 1457
core   0: 3 0x80008ff8 (0x5b1fe413) x8  0x000005b1
core   0: 0x80008ffc (0x00006af5) c.lui   s5, 0x1d
core   0: 3 0x80008ffc (0x6af5) x21 0x0001d000
core   0: 0x80008ffe (0x000014f1) c.addi  s1, -4
core   0: 3 0x80008ffe (0x14f1) x9  0x00000000
core   0: 0x80009000 (0x00008e85) c.sub   a3, s1
core   0: 3 0x80009000 (0x8e85) x13 0x00000018
core   0: 0x80009002 (0x000046e1) c.li    a3, 24
core   0: 3 0x80009002 (0x46e1) x13 0x00000018
core   0: 0x80009004 (0x00008c05) c.sub   s0, s1
core   0: 3 0x80009004 (0x8c05) x8  0x000005b1
core   0: 0x80009006 (0x015bad33) slt     s10, s7, s5
core   0: 3 0x80009006 (0x015bad33) x26 0x00000001
core   0: 0x8000900a (0xb461a213) slti    tp, gp, -1210
core   0: 3 0x8000900a (0xb461a213) x4  0x00000000
core   0: 0x8000900e (0x010a9f33) sll     t5, s5, a6
core   0: 3 0x8000900e (0x010a9f33) x30 0x0001d000
core   0: 0x80009012 (0x02cc7f33) remu    t5, s8, a2
core   0: 3 0x80009012 (0x02cc7f33) x30 0x00000004
core   0: 0x80009016 (0x5dffe193) ori     gp, t6, 1503
core   0: 3 0x80009016 (0x5dffe193) x3  0x000005df
core   0: 0x8000901a (0x0000fce9) c.bnez  s1, pc - 38
core   0: 3 0x8000901a (0xfce9)
core   0: 0x8000901c (0x3234ee93) ori     t4, s1, 803
core   0: 3 0x8000901c (0x3234ee93) x29 0x00000323
core   0: 0x80009020 (0x00010117) auipc   sp, 0x10
core   0: 3 0x80009020 (0x00010117) x2  0x80019020
core   0: 0x80009024 (0x02b10113) addi    sp, sp, 43
core   0: 3 0x80009024 (0x02b10113) x2  0x8001904b
core   0: 0x80009028 (0x01511983) lh      s3, 21(sp)
core   0: 3 0x80009028 (0x01511983) x19 0x00003412 mem 0x80019060
core   0: 0x8000902c (0x201d2993) slti    s3, s10, 513
core   0: 3 0x8000902c (0x201d2993) x19 0x00000001
core   0: 0x80009030 (0xfff14403) lbu     s0, -1(sp)
core   0: 3 0x80009030 (0xfff14403) x8  0x000000ce mem 0x8001904a
core   0: 0x80009034 (0xff814d83) lbu     s11, -8(sp)
core   0: 3 0x80009034 (0xff814d83) x27 0x000000ae mem 0x80019043
core   0: 0x80009038 (0x00e14f03) lbu     t5, 14(sp)
core   0: 3 0x80009038 (0x00e14f03) x30 0x000000f6 mem 0x80019059
core   0: 0x8000903c (0x0000045d) c.addi  s0, 23
core   0: 3 0x8000903c (0x045d) x8  0x000000e5
core   0: 0x8000903e (0x0000947a) c.add   s0, t5
core   0: 3 0x8000903e (0x947a) x8  0x000001db
core   0: 0x80009040 (0x7b8d6413) ori     s0, s10, 1976
core   0: 3 0x80009040 (0x7b8d6413) x8  0x000007b9
core   0: 0x80009044 (0xffb128a3) sw      s11, -15(sp)
core   0: 3 0x80009044 (0xffb128a3) mem 0x8001903c 0x000000ae
core   0: 0x80009048 (0xffa14983) lbu     s3, -6(sp)
core   0: 3 0x80009048 (0xffa14983) x19 0x000000f8 mem 0x80019045
core   0: 0x8000904c (0x033989b3) mul     s3, s3, s3
core   0: 3 0x8000904c (0x033989b3) x19 0x0000f040
core   0: 0x80009050 (0x40a9ddb3) sra     s11, s3, a0
core   0: 3 0x80009050 (0x40a9ddb3) x27 0x000001e0
core   0: 0x80009054 (0x03b11403) lh      s0, 59(sp)
core   0: 3 0x80009054 (0x03b11403) x8  0x00004e50 mem 0x80019086
core   0: 0x80009058 (0x00a9bf33) sltu    t5, s3, a0
core   0: 3 0x80009058 (0x00a9bf33) x30 0x00000001
core   0: 0x8000905c (0x03ed5433) divu    s0, s10, t5
core   0: 3 0x8000905c (0x03ed5433) x8  0x00000001
core   0: 0x80009060 (0x3599cd93) xori    s11, s3, 857
core   0: 3 0x80009060 (0x3599cd93) x27 0x0000f319
core   0: 0x80009064 (0xff310da3) sb      s3, -5(sp)
core   0: 3 0x80009064 (0xff310da3) mem 0x80019046 0x40
core   0: 0x80009068 (0xfdc14d83) lbu     s11, -36(sp)
core   0: 3 0x80009068 (0xfdc14d83) x27 0x00000055 mem 0x80019027
core   0: 0x8000906c (0x00910983) lb      s3, 9(sp)
core   0: 3 0x8000906c (0x00910983) x19 0xffffffe4 mem 0x80019054
core   0: 0x80009070 (0x03310923) sb      s3, 50(sp)
core   0: 3 0x80009070 (0x03310923) mem 0x8001907d 0xe4
core   0: 0x80009074 (0x03a117a3) sh      s10, 47(sp)
core   0: 3 0x80009074 (0x03a117a3) mem 0x8001907a 0x0001
core   0: 0x80009078 (0xfd912f03) lw      t5, -39(sp)
core   0: 3 0x80009078 (0xfd912f03) x30 0x556d94f2 mem 0x80019024
core   0: 0x8000907c (0xfca12ca3) sw      a0, -39(sp)
core   0: 3 0x8000907c (0xfca12ca3) mem 0x80019024 0xffffffc7
core   0: 0x80009080 (0xfda109a3) sb      s10, -45(sp)
core   0: 3 0x80009080 (0xfda109a3) mem 0x8001901e 0x01
core   0: 0x80009084 (0x01b44433) xor     s0, s0, s11
core   0: 3 0x80009084 (0x01b44433) x8  0x00000054
core   0: 0x80009088 (0x00008c29) c.xor   s0, a0
core   0: 3 0x80009088 (0x8c29) x8  0xffffff93
core   0: 0x8000908a (0x01810f03) lb      t5, 24(sp)
core   0: 3 0x8000908a (0x01810f03) x30 0x00000066 mem 0x80019063
core   0: 0x8000908e (0x00007117) auipc   sp, 0x7
core   0: 3 0x8000908e (0x00007117) x2  0x8001008e
core   0: 0x80009092 (0x47e10113) addi    sp, sp, 1150
core   0: 3 0x80009092 (0x47e10113) x2  0x8001050c
core   0: 0x80009096 (0x00004822) c.lwsp  a6, 8(sp)
core   0: 3 0x80009096 (0x4822) x16 0xfbff0104 mem 0x80010514
core   0: 0x80009098 (0x00004f22) c.lwsp  t5, 8(sp)
core   0: 3 0x80009098 (0x4f22) x30 0xfbff0104 mem 0x80010514
core   0: 0x8000909a (0x02a42433) mulhsu  s0, s0, a0
core   0: 3 0x8000909a (0x02a42433) x8  0xffffff93
core   0: 0x8000909e (0x00004c22) c.lwsp  s8, 8(sp)
core   0: 3 0x8000909e (0x4c22) x24 0xfbff0104 mem 0x80010514
core   0: 0x800090a0 (0x00004422) c.lwsp  s0, 8(sp)
core   0: 3 0x800090a0 (0x4422) x8  0xfbff0104 mem 0x80010514
core   0: 0x800090a2 (0x0000c416) c.swsp  t0, 8(sp)
core   0: 3 0x800090a2 (0xc416) mem 0x80010514 0x00000000
core   0: 0x800090a4 (0x0000c442) c.swsp  a6, 8(sp)
core   0: 3 0x800090a4 (0xc442) mem 0x80010514 0xfbff0104
core   0: 0x800090a6 (0x000044a2) c.lwsp  s1, 8(sp)
core   0: 3 0x800090a6 (0x44a2) x9  0xfbff0104 mem 0x80010514
core   0: 0x800090a8 (0x00008b21) c.andi  a4, 8
core   0: 3 0x800090a8 (0x8b21) x14 0x00000008
core   0: 0x800090aa (0x67549f97) auipc   t6, 0x67549
core   0: 3 0x800090aa (0x67549f97) x31 0xe75520aa
core   0: 0x800090ae (0x000098ba) c.add   a7, a4
core   0: 3 0x800090ae (0x98ba) x17 0x00000018
core   0: 0x800090b0 (0x00004fa2) c.lwsp  t6, 8(sp)
core   0: 3 0x800090b0 (0x4fa2) x31 0xfbff0104 mem 0x80010514
core   0: 0x800090b2 (0x00004e22) c.lwsp  t3, 8(sp)
core   0: 3 0x800090b2 (0x4e22) x28 0xfbff0104 mem 0x80010514
core   0: 0x800090b4 (0x0000c44a) c.swsp  s2, 8(sp)
core   0: 3 0x800090b4 (0xc44a) mem 0x80010514 0x80025dec
core   0: 0x800090b6 (0x006000ef) jal     pc + 0x6
core   0: 3 0x800090b6 (0x006000ef) x1  0x800090ba
core   0: 0x800090bc (0x0000a039) c.j     pc + 14
core   0: 3 0x800090bc (0xa039)
core   0: 0x800090ca (0x00003fdd) c.jal   pc - 10
core   0: 3 0x800090ca (0x3fdd) x1  0x800090cc
core   0: 0x800090c0 (0x0000a801) c.j     pc + 16
core   0: 3 0x800090c0 (0xa801)
core   0: 0x800090d0 (0xfebff0ef) jal     pc - 0x16
core   0: 3 0x800090d0 (0xfebff0ef) x1  0x800090d4
core   0: 0x800090ba (0x00002031) c.jal   pc + 12
core   0: 3 0x800090ba (0x2031) x1  0x800090bc
core   0: 0x800090c6 (0x006000ef) jal     pc + 0x6
core   0: 3 0x800090c6 (0x006000ef) x1  0x800090ca
core   0: 0x800090cc (0x00003fcd) c.jal   pc - 14
core   0: 3 0x800090cc (0x3fcd) x1  0x800090ce
core   0: 0x800090be (0x0000a011) c.j     pc + 4
core   0: 3 0x800090be (0xa011)
core   0: 0x800090c2 (0x00c0036f) jal     t1, pc + 0xc
core   0: 3 0x800090c2 (0x00c0036f) x6  0x800090c6
core   0: 0x800090ce (0x00002019) c.jal   pc + 6
core   0: 3 0x800090ce (0x2019) x1  0x800090d0
core   0: 0x800090d4 (0x0093b6b3) sltu    a3, t2, s1
core   0: 3 0x800090d4 (0x0093b6b3) x13 0x00000001
core   0: 0x800090d8 (0x0000e117) auipc   sp, 0xe
core   0: 3 0x800090d8 (0x0000e117) x2  0x800170d8
core   0: 0x800090dc (0x8e610113) addi    sp, sp, -1818
core   0: 3 0x800090dc (0x8e610113) x2  0x800169be
core   0: 0x800090e0 (0x03fc9f33) mulh    t5, s9, t6
core   0: 3 0x800090e0 (0x03fc9f33) x30 0x00000000
core   0: 0x800090e4 (0x02c14303) lbu     t1, 44(sp)
core   0: 3 0x800090e4 (0x02c14303) x6  0x00000003 mem 0x800169ea
core   0: 0x800090e8 (0xff0101a3) sb      a6, -29(sp)
core   0: 3 0x800090e8 (0xff0101a3) mem 0x800169a1 0x04
core   0: 0x800090ec (0xfc110c03) lb      s8, -63(sp)
core   0: 3 0x800090ec (0xfc110c03) x24 0xffffffad mem 0x8001697f
core   0: 0x800090f0 (0xfe612283) lw      t0, -26(sp)
core   0: 3 0x800090f0 (0xfe612283) x5  0x4fee34b9 mem 0x800169a4
core   0: 0x800090f4 (0x02212403) lw      s0, 34(sp)
core   0: 3 0x800090f4 (0x02212403) x8  0xd3a1f267 mem 0x800169e0
core   0: 0x800090f8 (0x01565213) srli    tp, a2, 21
core   0: 3 0x800090f8 (0x01565213) x4  0x00000000
core   0: 0x800090fc (0x000087d1) c.srai  a5, 20
core   0: 3 0x800090fc (0x87d1) x15 0x00000000
core   0: 0x800090fe (0x02615783) lhu     a5, 38(sp)
core   0: 3 0x800090fe (0x02615783) x15 0x0000379e mem 0x800169e4
core   0: 0x80009102 (0x00008c96) c.mv    s9, t0
core   0: 3 0x80009102 (0x8c96) x25 0x4fee34b9
core   0: 0x80009104 (0x00000726) c.slli  a4, 9
core   0: 3 0x80009104 (0x0726) x14 0x00001000
core   0: 0x80009106 (0xfc514203) lbu     tp, -59(sp)
core   0: 3 0x80009106 (0xfc514203) x4  0x00000078 mem 0x80016983
core   0: 0x8000910a (0xff910c03) lb      s8, -7(sp)
core   0: 3 0x8000910a (0xff910c03) x24 0xffffffb3 mem 0x800169b7
core   0: 0x8000910e (0x03410e03) lb      t3, 52(sp)
core   0: 3 0x8000910e (0x03410e03) x28 0xffffffce mem 0x800169f2
core   0: 0x80009112 (0x01612b23) sw      s6, 22(sp)
core   0: 3 0x80009112 (0x01612b23) mem 0x800169d4 0x0006c000
core   0: 0x80009116 (0x0091fe33) and     t3, gp, s1
core   0: 3 0x80009116 (0x0091fe33) x28 0x00000104
core   0: 0x8000911a (0xff610e03) lb      t3, -10(sp)
core   0: 3 0x8000911a (0xff610e03) x28 0xffffffa5 mem 0x800169b4
core   0: 0x8000911e (0x4176d193) srai    gp, a3, 23
core   0: 3 0x8000911e (0x4176d193) x3  0x00000000
core   0: 0x80009122 (0x00008d55) c.or    a0, a3
core   0: 3 0x80009122 (0x8d55) x10 0xffffffc7
core   0: 0x80009124 (0x00c07e33) and     t3, zero, a2
core   0: 3 0x80009124 (0x00c07e33) x28 0x00000000
core   0: 0x80009128 (0xfc910c23) sb      s1, -40(sp)
core   0: 3 0x80009128 (0xfc910c23) mem 0x80016996 0x04
core   0: 0x8000912c (0x0000547d) c.li    s0, -1
core   0: 3 0x8000912c (0x547d) x8  0xffffffff
core   0: 0x8000912e (0xfce11d23) sh      a4, -38(sp)
core   0: 3 0x8000912e (0xfce11d23) mem 0x80016998 0x1000
core   0: 0x80009132 (0xff810ea3) sb      s8, -3(sp)
core   0: 3 0x80009132 (0xff810ea3) mem 0x800169bb 0xb3
core   0: 0x80009136 (0x00000001) c.nop
core   0: 3 0x80009136 (0x0001)
core   0: 0x80009138 (0xffa10a83) lb      s5, -6(sp)
core   0: 3 0x80009138 (0xffa10a83) x21 0x00000072 mem 0x800169b8
core   0: 0x8000913c (0x00004b69) c.li    s6, 26
core   0: 3 0x8000913c (0x4b69) x22 0x0000001a
core   0: 0x8000913e (0x03c11403) lh      s0, 60(sp)
core   0: 3 0x8000913e (0x03c11403) x8  0xffffcf85 mem 0x800169fa
core   0: 0x80009142 (0xfe314483) lbu     s1, -29(sp)
core   0: 3 0x80009142 (0xfe314483) x9  0x00000004 mem 0x800169a1
core   0: 0x80009146 (0xffc11183) lh      gp, -4(sp)
core   0: 3 0x80009146 (0xffc11183) x3  0xffffb3d3 mem 0x800169ba
core   0: 0x8000914a (0x00008f85) c.sub   a5, s1
core   0: 3 0x8000914a (0x8f85) x15 0x0000379a
core   0: 0x8000914c (0x03c10e03) lb      t3, 60(sp)
core   0: 3 0x8000914c (0x03c10e03) x28 0xffffff85 mem 0x800169fa
core   0: 0x80009150 (0xfc410ea3) sb      tp, -35(sp)
core   0: 3 0x80009150 (0xfc410ea3) mem 0x8001699b 0x78
core   0: 0x80009154 (0xfca14683) lbu     a3, -54(sp)
core   0: 3 0x80009154 (0xfca14683) x13 0x000000ee mem 0x80016988
core   0: 0x80009158 (0x00bb1e13) slli    t3, s6, 11
core   0: 3 0x80009158 (0x00bb1e13) x28 0x0000d000
core   0: 0x8000915c (0x00000001) c.nop
core   0: 3 0x8000915c (0x0001)
core   0: 0x8000915e (0xf98f8d93) addi    s11, t6, -104
core   0: 3 0x8000915e (0xf98f8d93) x27 0xfbff009c
core   0: 0x80009162 (0x02211623) sh      sp, 44(sp)
core   0: 3 0x80009162 (0x02211623) mem 0x800169ea 0x69be
core   0: 0x80009166 (0x02b102a3) sb      a1, 37(sp)
core   0: 3 0x80009166 (0x02b102a3) mem 0x800169e3 0x5e
core   0: 0x8000916a (0xfe211a23) sh      sp, -12(sp)
core   0: 3 0x8000916a (0xfe211a23) mem 0x800169b2 0x69be
core   0: 0x8000916e (0x0000677d) c.lui   a4, 0x1f
core   0: 3 0x8000916e (0x677d) x14 0x0001f000
core   0: 0x80009170 (0xff310623) sb      s3, -20(sp)
core   0: 3 0x80009170 (0xff310623) mem 0x800169aa 0xe4
core   0: 0x80009174 (0xfee10283) lb      t0, -18(sp)
core   0: 3 0x80009174 (0xfee10283) x5  0x0000001e mem 0x800169ac
core   0: 0x80009178 (0x01e11d03) lh      s10, 30(sp)
core   0: 3 0x80009178 (0x01e11d03) x26 0x000011f9 mem 0x800169dc
core   0: 0x8000917c (0xfcd10da3) sb      a3, -37(sp)
core   0: 3 0x8000917c (0xfcd10da3) mem 0x80016999 0xee
core   0: 0x80009180 (0x00e10883) lb      a7, 14(sp)
core   0: 3 0x80009180 (0x00e10883) x17 0x00000061 mem 0x800169cc
core   0: 0x80009184 (0x03914b83) lbu     s7, 57(sp)
core   0: 3 0x80009184 (0x03914b83) x23 0x000000b5 mem 0x800169f7
core   0: 0x80009188 (0x00008117) auipc   sp, 0x8
core   0: 3 0x80009188 (0x00008117) x2  0x80011188
core   0: 0x8000918c (0xd5d10113) addi    sp, sp, -675
core   0: 3 0x8000918c (0xd5d10113) x2  0x80010ee5
core   0: 0x80009190 (0x03085033) divu    zero, a6, a6
core   0: 3 0x80009190 (0x03085033)
core   0: 0x80009194 (0x020dc7b3) div     a5, s11, zero
core   0: 3 0x80009194 (0x020dc7b3) x15 0xffffffff
core   0: 0x80009198 (0x00008fa1) c.xor   a5, s0
core   0: 3 0x80009198 (0x8fa1) x15 0x0000307a
core   0: 0x8000919a (0x02810d83) lb      s11, 40(sp)
core   0: 3 0x8000919a (0x02810d83) x27 0x0000004c mem 0x80010f0d
core   0: 0x8000919e (0x0000045a) c.slli  s0, 22
core   0: 3 0x8000919e (0x045a) x8  0xe1400000
core   0: 0x800091a0 (0x0000800d) c.srli  s0, 3
core   0: 3 0x800091a0 (0x800d) x8  0x1c280000
core   0: 0x800091a2 (0x03043833) mulhu   a6, s0, a6
core   0: 3 0x800091a2 (0x03043833) x16 0x1bb743f4
core   0: 0x800091a6 (0xfdb14403) lbu     s0, -37(sp)
core   0: 3 0x800091a6 (0xfdb14403) x8  0x00000081 mem 0x80010ec0
core   0: 0x800091aa (0x000d9f33) sll     t5, s11, zero
core   0: 3 0x800091aa (0x000d9f33) x30 0x0000004c
core   0: 0x800091ae (0x00010f03) lb      t5, 0(sp)
core   0: 3 0x800091ae (0x00010f03) x30 0xffffffd6 mem 0x80010ee5
core   0: 0x800091b2 (0x02086433) rem     s0, a6, zero
core   0: 3 0x800091b2 (0x02086433) x8  0x1bb743f4
core   0: 0x800091b6 (0x41b04437) lui     s0, 0x41b04
core   0: 3 0x800091b6 (0x41b04437) x8  0x41b04000
core   0: 0x800091ba (0xffb10823) sb      s11, -16(sp)
core   0: 3 0x800091ba (0xffb10823) mem 0x80010ed5 0x4c
core   0: 0x800091be (0x00ff6f33) or      t5, t5, a5
core   0: 3 0x800091be (0x00ff6f33) x30 0xfffffffe
core   0: 0x800091c2 (0x02f10fa3) sb      a5, 63(sp)
core   0: 3 0x800091c2 (0x02f10fa3) mem 0x80010f24 0x7a
core   0: 0x800091c6 (0xfcd11003) lh      zero, -51(sp)
core   0: 3 0x800091c6 (0xfcd11003) mem 0x80010eb2
core   0: 0x800091ca (0x02010f23) sb      zero, 62(sp)
core   0: 3 0x800091ca (0x02010f23) mem 0x80010f23 0x00
core   0: 0x800091ce (0x01a81f13) slli    t5, a6, 26
core   0: 3 0x800091ce (0x01a81f13) x30 0xd0000000
core   0: 0x800091d2 (0x00004445) c.li    s0, 17
core   0: 3 0x800091d2 (0x4445) x8  0x00000011
core   0: 0x800091d4 (0x920a8797) auipc   a5, 0x920a8
core   0: 3 0x800091d4 (0x920a8797) x15 0x120b11d4
core   0: 0x800091d8 (0x0000147d) c.addi  s0, -1
core   0: 3 0x800091d8 (0x147d) x8  0x00000010
core   0: 0x800091da (0xfda14403) lbu     s0, -38(sp)
core   0: 3 0x800091da (0xfda14403) x8  0x0000000d mem 0x80010ebf
core   0: 0x800091de (0x008d9433) sll     s0, s11, s0
core   0: 3 0x800091de (0x008d9433) x8  0x00098000
core   0: 0x800091e2 (0xfcb15f03) lhu     t5, -53(sp)
core   0: 3 0x800091e2 (0xfcb15f03) x30 0x0000b88a mem 0x80010eb0
core   0: 0x800091e6 (0x01014f03) lbu     t5, 16(sp)
core   0: 3 0x800091e6 (0x01014f03) x30 0x000000d3 mem 0x80010ef5
core   0: 0x800091ea (0x00ff2f33) slt     t5, t5, a5
core   0: 3 0x800091ea (0x00ff2f33) x30 0x00000001
core   0: 0x800091ee (0xea682d93) slti    s11, a6, -346
core   0: 3 0x800091ee (0xea682d93) x27 0x00000000
core   0: 0x800091f2 (0x00000001) c.nop
core   0: 3 0x800091f2 (0x0001)
core   0: 0x800091f4 (0x03114f03) lbu     t5, 49(sp)
core   0: 3 0x800091f4 (0x03114f03) x30 0x000000e5 mem 0x80010f16
core   0: 0x800091f8 (0x00a05793) srli    a5, zero, 10
core   0: 3 0x800091f8 (0x00a05793) x15 0x00000000
core   0: 0x800091fc (0xfcf11fa3) sh      a5, -33(sp)
core   0: 3 0x800091fc (0xfcf11fa3) mem 0x80010ec4 0x0000
core   0: 0x80009200 (0xff814f03) lbu     t5, -8(sp)
core   0: 3 0x80009200 (0xff814f03) x30 0x00000032 mem 0x80010edd
core   0: 0x80009204 (0x02114f03) lbu     t5, 33(sp)
core   0: 3 0x80009204 (0x02114f03) x30 0x00000000 mem 0x80010f06
core   0: 0x80009208 (0x00541d93) slli    s11, s0, 5
core   0: 3 0x80009208 (0x00541d93) x27 0x01300000
core   0: 0x8000920c (0x02fd9433) mulh    s0, s11, a5
core   0: 3 0x8000920c (0x02fd9433) x8  0x00000000
core   0: 0x80009210 (0x00008422) c.mv    s0, s0
core   0: 3 0x80009210 (0x8422) x8  0x00000000
core   0: 0x80009212 (0x00f45db3) srl     s11, s0, a5
core   0: 3 0x80009212 (0x00f45db3) x27 0x00000000
core   0: 0x80009216 (0xff0119a3) sh      a6, -13(sp)
core   0: 3 0x80009216 (0xff0119a3) mem 0x80010ed8 0x43f4
core   0: 0x8000921a (0x83ddef13) ori     t5, s11, -1987
core   0: 3 0x8000921a (0x83ddef13) x30 0xfffff83d
core   0: 0x8000921e (0x02010523) sb      zero, 42(sp)
core   0: 3 0x8000921e (0x02010523) mem 0x80010f0f 0x00
core   0: 0x80009222 (0xfdb10ea3) sb      s11, -35(sp)
core   0: 3 0x80009222 (0xfdb10ea3) mem 0x80010ec2 0x00
core   0: 0x80009226 (0xffa10783) lb      a5, -6(sp)
core   0: 3 0x80009226 (0xffa10783) x15 0xffffffab mem 0x80010edf
core   0: 0x8000922a (0x00810d83) lb      s11, 8(sp)
core   0: 3 0x8000922a (0x00810d83) x27 0xffffffd6 mem 0x80010eed
core   0: 0x8000922e (0xfd410003) lb      zero, -44(sp)
core   0: 3 0x8000922e (0xfd410003) mem 0x80010eb9
core   0: 0x80009232 (0x00008ffd) c.and   a5, a5
core   0: 3 0x80009232 (0x8ffd) x15 0xffffffab
core   0: 0x80009234 (0x414dd793) srai    a5, s11, 20
core   0: 3 0x80009234 (0x414dd793) x15 0xffffffff
core   0: 0x80009238 (0x020f5033) divu    zero, t5, zero
core   0: 3 0x80009238 (0x020f5033)
core   0: 0x8000923c (0x03614783) lbu     a5, 54(sp)
core   0: 3 0x8000923c (0x03614783) x15 0x000000f1 mem 0x80010f1b
core   0: 0x80009240 (0x035161b3) rem     gp, sp, s5
core   0: 3 0x80009240 (0x035161b3) x3  0xffffffc3
core   0: 0x80009244 (0x02f33e33) mulhu   t3, t1, a5
core   0: 3 0x80009244 (0x02f33e33) x28 0x00000000
core   0: 0x80009248 (0x00008f09) c.sub   a4, a0
core   0: 3 0x80009248 (0x8f09) x14 0x0001f039
core   0: 0x8000924a (0x0000973a) c.add   a4, a4
core   0: 3 0x8000924a (0x973a) x14 0x0003e072
core   0: 0x8000924c (0x045ae263) bltu    s5, t0, pc + 68
core   0: 3 0x8000924c (0x045ae263)
core   0: 0x80009250 (0x565bc593) xori    a1, s7, 1381
core   0: 3 0x80009250 (0x565bc593) x11 0x000005d0
core   0: 0x80009254 (0x0000050d) c.addi  a0, 3
core   0: 3 0x80009254 (0x050d) x10 0xffffffca
core   0: 0x80009256 (0x014efb33) and     s6, t4, s4
core   0: 3 0x80009256 (0x014efb33) x22 0x00000020
core   0: 0x8000925a (0x013f1833) sll     a6, t5, s3
core   0: 3 0x8000925a (0x013f1833) x16 0xffff83d0
core   0: 0x8000925e (0x02431d63) bne     t1, tp, pc + 58
core   0: 3 0x8000925e (0x02431d63)
core   0: 0x80009298 (0x00008dbd) c.xor   a1, a5
core   0: 3 0x80009298 (0x8dbd) x11 0x00000521
core   0: 0x8000929a (0xa30d3c13) sltiu   s8, s10, -1488
core   0: 3 0x8000929a (0xa30d3c13) x24 0x00000001
core   0: 0x8000929e (0x00bd5693) srli    a3, s10, 11
core   0: 3 0x8000929e (0x00bd5693) x13 0x00000002
core   0: 0x800092a2 (0x026d3ab3) mulhu   s5, s10, t1
core   0: 3 0x800092a2 (0x026d3ab3) x21 0x00000000
core   0: 0x800092a6 (0x00006125) c.addi16sp sp, 96
core   0: 3 0x800092a6 (0x6125) x2  0x80010f45
core   0: 0x800092a8 (0x00008f8d) c.sub   a5, a1
core   0: 3 0x800092a8 (0x8f8d) x15 0xfffffbd0
core   0: 0x800092aa (0x00000001) c.nop
core   0: 3 0x800092aa (0x0001)
core   0: 0x800092ac (0x30204817) auipc   a6, 0x30204
core   0: 3 0x800092ac (0x30204817) x16 0xb020d2ac
core   0: 0x800092b0 (0x0000e195) c.bnez  a1, pc + 36
core   0: 3 0x800092b0 (0xe195)
core   0: 0x800092d4 (0x00745b33) srl     s6, s0, t2
core   0: 3 0x800092d4 (0x00745b33) x22 0x00000000
core   0: 0x800092d8 (0x02121533) mulh    a0, tp, ra
core   0: 3 0x800092d8 (0x02121533) x10 0xffffffc4
core   0: 0x800092dc (0x6d80eb13) ori     s6, ra, 1752
core   0: 3 0x800092dc (0x6d80eb13) x22 0x800096d8
core   0: 0x800092e0 (0x000014fd) c.addi  s1, -1
core   0: 3 0x800092e0 (0x14fd) x9  0x00000003
core   0: 0x800092e2 (0x00000826) c.slli  a6, 9
core   0: 3 0x800092e2 (0x0826) x16 0x41a55800
core   0: 0x800092e4 (0x014a2133) slt     sp, s4, s4
core   0: 3 0x800092e4 (0x014a2133) x2  0x00000000
core   0: 0x800092e8 (0x00fec863) blt     t4, a5, pc + 16
core   0: 3 0x800092e8 (0x00fec863)
core   0: 0x800092ec (0x0000613d) c.addi16sp sp, 480
core   0: 3 0x800092ec (0x613d) x2  0x000001e0
core   0: 0x800092ee (0x00008c35) c.xor   s0, a3
core   0: 3 0x800092ee (0x8c35) x8  0x00000002
core   0: 0x800092f0 (0x017b12b3) sll     t0, s6, s7
core   0: 3 0x800092f0 (0x017b12b3) x5  0xdb000000
core   0: 0x800092f4 (0x21a20693) addi    a3, tp, 538
core   0: 3 0x800092f4 (0x21a20693) x13 0x00000292
core   0: 0x800092f8 (0x00254963) blt     a0, sp, pc + 18
core   0: 3 0x800092f8 (0x00254963)
core   0: 0x8000930a (0xa331efb7) lui     t6, 0xa331e
core   0: 3 0x8000930a (0xa331efb7) x31 0xa331e000
core   0: 0x8000930e (0x2910a393) slti    t2, ra, 657
core   0: 3 0x8000930e (0x2910a393) x7  0x00000001
core   0: 0x80009312 (0x033cfd33) remu    s10, s9, s3
core   0: 3 0x80009312 (0x033cfd33) x26 0x4fee34b9
core   0: 0x80009316 (0x41fb5433) sra     s0, s6, t6
core   0: 3 0x80009316 (0x41fb5433) x8  0x800096d8
core   0: 0x8000931a (0x0000610d) c.addi16sp sp, 160
core   0: 3 0x8000931a (0x610d) x2  0x00000280
core   0: 0x8000931c (0x02c5ff33) remu    t5, a1, a2
core   0: 3 0x8000931c (0x02c5ff33) x30 0x00000521
core   0: 0x80009320 (0x00000001) c.nop
core   0: 3 0x80009320 (0x0001)
core   0: 0x80009322 (0x02eaf533) remu    a0, s5, a4
core   0: 3 0x80009322 (0x02eaf533) x10 0x00000000
core   0: 0x80009326 (0x013d1f13) slli    t5, s10, 19
core   0: 3 0x80009326 (0x013d1f13) x30 0xa5c80000
core   0: 0x8000932a (0x000083c5) c.srli  a5, 17
core   0: 3 0x8000932a (0x83c5) x15 0x00007fff
core   0: 0x8000932c (0x00809e13) slli    t3, ra, 8
core   0: 3 0x8000932c (0x00809e13) x28 0x0090d000
core   0: 0x80009330 (0x000093e2) c.add   t2, s8
core   0: 3 0x80009330 (0x93e2) x7  0x00000002
core   0: 0x80009332 (0x02538233) mul     tp, t2, t0
core   0: 3 0x80009332 (0x02538233) x4  0xb6000000
core   0: 0x80009336 (0x030c5f33) divu    t5, s8, a6
core   0: 3 0x80009336 (0x030c5f33) x30 0x00000000
core   0: 0x8000933a (0x000e46b3) xor     a3, t3, zero
core   0: 3 0x8000933a (0x000e46b3) x13 0x0090d000
core   0: 0x8000933e (0xe820fb13) andi    s6, ra, -382
core   0: 3 0x8000933e (0xe820fb13) x22 0x80009080
core   0: 0x80009342 (0x03a1eab3) rem     s5, gp, s10
core   0: 3 0x80009342 (0x03a1eab3) x21 0xffffffc3
core   0: 0x80009346 (0x0000ca89) c.beqz  a3, pc + 18
core   0: 3 0x80009346 (0xca89)
core   0: 0x80009348 (0x0277b4b3) mulhu   s1, a5, t2
core   0: 3 0x80009348 (0x0277b4b3) x9  0x00000000
core   0: 0x8000934c (0x02a260b3) rem     ra, tp, a0
core   0: 3 0x8000934c (0x02a260b3) x1  0xb6000000
core   0: 0x80009350 (0x03270663) beq     a4, s2, pc + 44
core   0: 3 0x80009350 (0x03270663)
core   0: 0x80009354 (0x021e5c63) bge     t3, ra, pc + 56
core   0: 3 0x80009354 (0x021e5c63)
core   0: 0x8000938c (0x01df7533) and     a0, t5, t4
core   0: 3 0x8000938c (0x01df7533) x10 0x00000000
core   0: 0x80009390 (0x00008e99) c.sub   a3, a4
core   0: 3 0x80009390 (0x8e99) x13 0x008cef8e
core   0: 0x80009392 (0x000082d5) c.srli  a3, 21
core   0: 3 0x80009392 (0x82d5) x13 0x00000004
core   0: 0x80009394 (0x01f50e33) add     t3, a0, t6
core   0: 3 0x80009394 (0x01f50e33) x28 0xa331e000
core   0: 0x80009398 (0x014b9bb3) sll     s7, s7, s4
core   0: 3 0x80009398 (0x014b9bb3) x23 0x00000b50
core   0: 0x8000939c (0x00008e95) c.sub   a3, a3
core   0: 3 0x8000939c (0x8e95) x13 0x00000000
core   0: 0x8000939e (0x00006175) c.addi16sp sp, 368
core   0: 3 0x8000939e (0x6175) x2  0x000003f0
core   0: 0x800093a0 (0x02ddff33) remu    t5, s11, a3
core   0: 3 0x800093a0 (0x02ddff33) x30 0xffffffd6
core   0: 0x800093a4 (0x00004e71) c.li    t3, 28
core   0: 3 0x800093a4 (0x4e71) x28 0x0000001c
core   0: 0x800093a6 (0x019f9963) bne     t6, s9, pc + 18
core   0: 3 0x800093a6 (0x019f9963)
core   0: 0x800093b8 (0x0373e5b3) rem     a1, t2, s7
core   0: 3 0x800093b8 (0x0373e5b3) x11 0x00000002
core   0: 0x800093bc (0x0000031d) c.addi  t1, 7
core   0: 3 0x800093bc (0x031d) x6  0x0000000a
core   0: 0x800093be (0x00008a8d) c.andi  a3, 3
core   0: 3 0x800093be (0x8a8d) x13 0x00000000
core   0: 0x800093c0 (0x03aa1b33) mulh    s6, s4, s10
core   0: 3 0x800093c0 (0x03aa1b33) x22 0xd809b67c
core   0: 0x800093c4 (0x00000001) c.nop
core   0: 3 0x800093c4 (0x0001)
core   0: 0x800093c6 (0x03526f33) rem     t5, tp, s5
core   0: 3 0x800093c6 (0x03526f33) x30 0xfffffff0
core   0: 0x800093ca (0x0000968a) c.add   a3, sp
core   0: 3 0x800093ca (0x968a) x13 0x000003f0
core   0: 0x800093cc (0x03bd1333) mulh    t1, s10, s11
core   0: 3 0x800093cc (0x03bd1333) x6  0xfffffff2
core   0: 0x800093d0 (0x023e8bb3) mul     s7, t4, gp
core   0: 3 0x800093d0 (0x023e8bb3) x23 0xffff40a9
core   0: 0x800093d4 (0x92d68b93) addi    s7, a3, -1747
core   0: 3 0x800093d4 (0x92d68b93) x23 0xfffffd1d
core   0: 0x800093d8 (0x000cd213) srli    tp, s9, 0
core   0: 3 0x800093d8 (0x000cd213) x4  0x4fee34b9
core   0: 0x800093dc (0x0242c333) div     t1, t0, tp
core   0: 3 0x800093dc (0x0242c333) x6  0x00000000
core   0: 0x800093e0 (0x00008c05) c.sub   s0, s1
core   0: 3 0x800093e0 (0x8c05) x8  0x800096d8
core   0: 0x800093e2 (0x92533397) auipc   t2, 0x92533
core   0: 3 0x800093e2 (0x92533397) x7  0x1253c3e2
core   0: 0x800093e6 (0x03352ab3) mulhsu  s5, a0, s3
core   0: 3 0x800093e6 (0x03352ab3) x21 0x00000000
core   0: 0x800093ea (0x00d11963) bne     sp, a3, pc + 18
core   0: 3 0x800093ea (0x00d11963)
core   0: 0x800093ee (0x00008ec5) c.or    a3, s1
core   0: 3 0x800093ee (0x8ec5) x13 0x000003f0
core   0: 0x800093f0 (0x0149fc63) bgeu    s3, s4, pc + 24
core   0: 3 0x800093f0 (0x0149fc63)
core   0: 0x80009408 (0x03f73d33) mulhu   s10, a4, t6
core   0: 3 0x80009408 (0x03f73d33) x26 0x000278a9
core   0: 0x8000940c (0x00008d01) c.sub   a0, s0
core   0: 3 0x8000940c (0x8d01) x10 0x7fff6928
core   0: 0x8000940e (0xd4a9c213) xori    tp, s3, -694
core   0: 3 0x8000940e (0xd4a9c213) x4  0x000002ae
core   0: 0x80009412 (0x33854c97) auipc   s9, 0x33854
core   0: 3 0x80009412 (0x33854c97) x25 0xb385d412
core   0: 0x80009416 (0x000093ce) c.add   t2, s3
core   0: 3 0x80009416 (0x93ce) x7  0x1253c3c6
core   0: 0x80009418 (0x00000001) c.nop
core   0: 3 0x80009418 (0x0001)
core   0: 0x8000941a (0x03f2ee33) rem     t3, t0, t6
core   0: 3 0x8000941a (0x03f2ee33) x28 0xdb000000
core   0: 0x8000941e (0x0000611d) c.addi16sp sp, 416
core   0: 3 0x8000941e (0x611d) x2  0x00000590
core   0: 0x80009420 (0x0194dc33) srl     s8, s1, s9
core   0: 3 0x80009420 (0x0194dc33) x24 0x00000000
core   0: 0x80009424 (0x0349c233) div     tp, s3, s4
core   0: 3 0x80009424 (0x0349c233) x4  0x00000000
core   0: 0x80009428 (0x000019fd) c.addi  s3, -1
core   0: 3 0x80009428 (0x19fd) x19 0xffffffe3
core   0: 0x8000942a (0x00008aa9) c.andi  a3, 10
core   0: 3 0x8000942a (0x8aa9) x13 0x00000000
core   0: 0x8000942c (0x00006b5d) c.lui   s6, 0x17
core   0: 3 0x8000942c (0x6b5d) x22 0x00017000
core   0: 0x8000942e (0x000008b6) c.slli  a7, 13
core   0: 3 0x8000942e (0x08b6) x17 0x000c2000
core   0: 0x80009430 (0x00bb6233) or      tp, s6, a1
core   0: 3 0x80009430 (0x00bb6233) x4  0x00017002
core   0: 0x80009434 (0x00008025) c.srli  s0, 9
core   0: 3 0x80009434 (0x8025) x8  0x0040004b
core   0: 0x80009436 (0x0002dd13) srli    s10, t0, 0
core   0: 3 0x80009436 (0x0002dd13) x26 0xdb000000
core   0: 0x8000943a (0x03c1e063) bltu    gp, t3, pc + 32
core   0: 3 0x8000943a (0x03c1e063)
core   0: 0x8000943e (0xbb147817) auipc   a6, 0xbb147
core   0: 3 0x8000943e (0xbb147817) x16 0x3b15043e
core   0: 0x80009442 (0x00008d2d) c.xor   a0, a1
core   0: 3 0x80009442 (0x8d2d) x10 0x7fff692a
core   0: 0x80009444 (0x0000610d) c.addi16sp sp, 160
core   0: 3 0x80009444 (0x610d) x2  0x00000630
core   0: 0x80009446 (0x03ffe3b3) rem     t2, t6, t6
core   0: 3 0x80009446 (0x03ffe3b3) x7  0x00000000
core   0: 0x8000944a (0x0048c233) xor     tp, a7, tp
core   0: 3 0x8000944a (0x0048c233) x4  0x000d5002
core   0: 0x8000944e (0x00000001) c.nop
core   0: 3 0x8000944e (0x0001)
core   0: 0x80009450 (0x00000166) c.slli  sp, 25
core   0: 3 0x80009450 (0x0166) x2  0x60000000
core   0: 0x80009452 (0x009c7b33) and     s6, s8, s1
core   0: 3 0x80009452 (0x009c7b33) x22 0x00000000
core   0: 0x80009456 (0xbfa1fa93) andi    s5, gp, -1030
core   0: 3 0x80009456 (0xbfa1fa93) x21 0xfffffbc2
core   0: 0x8000945a (0x000010fd) c.addi  ra, -1
core   0: 3 0x8000945a (0x10fd) x1  0xb5ffffff
core   0: 0x8000945c (0x00008ed9) c.or    a3, a4
core   0: 3 0x8000945c (0x8ed9) x13 0x0003e072
core   0: 0x8000945e (0x000087e5) c.srai  a5, 25
core   0: 3 0x8000945e (0x87e5) x15 0x00000000
core   0: 0x80009460 (0x5726a997) auipc   s3, 0x5726a
core   0: 3 0x80009460 (0x5726a997) x19 0xd7273460
core   0: 0x80009464 (0x02b48fb3) mul     t6, s1, a1
core   0: 3 0x80009464 (0x02b48fb3) x31 0x00000000
core   0: 0x80009468 (0x00008055) c.srli  s0, 21
core   0: 3 0x80009468 (0x8055) x8  0x00000002
core   0: 0x8000946a (0x0000717d) c.addi16sp sp, -16
core   0: 3 0x8000946a (0x717d) x2  0x5ffffff0
core   0: 0x8000946c (0x03f74b33) div     s6, a4, t6
core   0: 3 0x8000946c (0x03f74b33) x22 0xffffffff
core   0: 0x80009470 (0x0000e401) c.bnez  s0, pc + 8
core   0: 3 0x80009470 (0xe401)
core   0: 0x80009478 (0x4000dd13) srai    s10, ra, 0
core   0: 3 0x80009478 (0x4000dd13) x26 0xb5ffffff
core   0: 0x8000947c (0x039bf963) bgeu    s7, s9, pc + 50
core   0: 3 0x8000947c (0x039bf963)
core   0: 0x800094ae (0x0232c863) blt     t0, gp, pc + 48
core   0: 3 0x800094ae (0x0232c863)
core   0: 0x800094de (0xdcfbffb7) lui     t6, 0xdcfbf
core   0: 3 0x800094de (0xdcfbffb7) x31 0xdcfbf000
core   0: 0x800094e2 (0x875094b7) lui     s1, 0x87509
core   0: 3 0x800094e2 (0x875094b7) x9  0x87509000
core   0: 0x800094e6 (0x01f7f533) and     a0, a5, t6
core   0: 3 0x800094e6 (0x01f7f533) x10 0x00000000
core   0: 0x800094ea (0x87770013) addi    zero, a4, -1929
core   0: 3 0x800094ea (0x87770013)
core   0: 0x800094ee (0x0000012d) c.addi  sp, 11
core   0: 3 0x800094ee (0x012d) x2  0x5ffffffb
core   0: 0x800094f0 (0x417282b3) sub     t0, t0, s7
core   0: 3 0x800094f0 (0x417282b3) x5  0xdb0002e3
core   0: 0x800094f4 (0x00000c0a) c.slli  s8, 2
core   0: 3 0x800094f4 (0x0c0a) x24 0x00000000
core   0: 0x800094f6 (0x01a74333) xor     t1, a4, s10
core   0: 3 0x800094f6 (0x01a74333) x6  0xb5fc1f8d
core   0: 0x800094fa (0x01ab8033) add     zero, s7, s10
core   0: 3 0x800094fa (0x01ab8033)
core   0: 0x800094fe (0x011bd713) srli    a4, s7, 17
core   0: 3 0x800094fe (0x011bd713) x14 0x00007fff
core   0: 0x80009502 (0x0191f863) bgeu    gp, s9, pc + 16
core   0: 3 0x80009502 (0x0191f863)
core   0: 0x80009512 (0x031ed233) divu    tp, t4, a7
core   0: 3 0x80009512 (0x031ed233) x4  0x00000000
core   0: 0x80009516 (0x00008ead) c.xor   a3, a1
core   0: 3 0x80009516 (0x8ead) x13 0x0003e070
core   0: 0x80009518 (0x03048fb3) mul     t6, s1, a6
core   0: 3 0x80009518 (0x03048fb3) x31 0xd7c2e000
core   0: 0x8000951c (0x01b25fb3) srl     t6, tp, s11
core   0: 3 0x8000951c (0x01b25fb3) x31 0x00000000
core   0: 0x80009520 (0x0266df63) bge     a3, t1, pc + 62
core   0: 3 0x80009520 (0x0266df63)
core   0: 0x8000955e (0x00008d19) c.sub   a0, a4
core   0: 3 0x8000955e (0x8d19) x10 0xffff8001
core   0: 0x80009560 (0x00008dfd) c.and   a1, a5
core   0: 3 0x80009560 (0x8dfd) x11 0x00000000
core   0: 0x80009562 (0x0000028e) c.slli  t0, 3
core   0: 3 0x80009562 (0x028e) x5  0xd8001718
core   0: 0x80009564 (0x00c3b233) sltu    tp, t2, a2
core   0: 3 0x80009564 (0x00c3b233) x4  0x00000000
core   0: 0x80009568 (0x03c6d763) bge     a3, t3, pc + 46
core   0: 3 0x80009568 (0x03c6d763)
core   0: 0x80009596 (0x03479d33) mulh    s10, a5, s4
core   0: 3 0x80009596 (0x03479d33) x26 0x00000000
core   0: 0x8000959a (0x00008cfd) c.and   s1, a5
core   0: 3 0x8000959a (0x8cfd) x9  0x00000000
core   0: 0x8000959c (0xc099be13) sltiu   t3, s3, -1015
core   0: 3 0x8000959c (0xc099be13) x28 0x00000001
core   0: 0x800095a0 (0x0000812d) c.srli  a0, 11
core   0: 3 0x800095a0 (0x812d) x10 0x001ffff0
core   0: 0x800095a2 (0xa2c13f93) sltiu   t6, sp, -1492
core   0: 3 0x800095a2 (0xa2c13f93) x31 0x00000001
core   0: 0x800095a6 (0x00008b1d) c.andi  a4, 7
core   0: 3 0x800095a6 (0x8b1d) x14 0x00000007
core   0: 0x800095a8 (0x03066eb3) rem     t4, a2, a6
core   0: 3 0x800095a8 (0x03066eb3) x29 0x00000000
core   0: 0x800095ac (0x00008e99) c.sub   a3, a4
core   0: 3 0x800095ac (0x8e99) x13 0x0003e069
core   0: 0x800095ae (0x0000869d) c.srai  a3, 7
core   0: 3 0x800095ae (0x869d) x13 0x000007c0
core   0: 0x800095b0 (0xdbe64793) xori    a5, a2, -578
core   0: 3 0x800095b0 (0xdbe64793) x15 0xfffffdbe
core   0: 0x800095b4 (0x00000001) c.nop
core   0: 3 0x800095b4 (0x0001)
core   0: 0x800095b6 (0xd11cab13) slti    s6, s9, -751
core   0: 3 0x800095b6 (0xd11cab13) x22 0x00000001
core   0: 0x800095ba (0x414d8b33) sub     s6, s11, s4
core   0: 3 0x800095ba (0x414d8b33) x22 0x7ffd62f2
core   0: 0x800095be (0x84eb6237) lui     tp, 0x84eb6
core   0: 3 0x800095be (0x84eb6237) x4  0x84eb6000
core   0: 0x800095c2 (0x0000948a) c.add   s1, sp
core   0: 3 0x800095c2 (0x948a) x9  0x5ffffffb
core   0: 0x800095c4 (0x01589033) sll     zero, a7, s5
core   0: 3 0x800095c4 (0x01589033)
core   0: 0x800095c8 (0x000080b1) c.srli  s1, 12
core   0: 3 0x800095c8 (0x80b1) x9  0x0005ffff
core   0: 0x800095ca (0x01486663) bltu    a6, s4, pc + 12
core   0: 3 0x800095ca (0x01486663)
core   0: 0x800095d6 (0x00008795) c.srai  a5, 5
core   0: 3 0x800095d6 (0x8795) x15 0xffffffed
core   0: 0x800095d8 (0x01309e13) slli    t3, ra, 19
core   0: 3 0x800095d8 (0x01309e13) x28 0xfff80000
core   0: 0x800095dc (0x0ec1f713) andi    a4, gp, 236
core   0: 3 0x800095dc (0x0ec1f713) x14 0x000000c0
core   0: 0x800095e0 (0xe91d1817) auipc   a6, 0xe91d1
core   0: 3 0x800095e0 (0xe91d1817) x16 0x691da5e0
core   0: 0x800095e4 (0x41d3d193) srai    gp, t2, 29
core   0: 3 0x800095e4 (0x41d3d193) x3  0x00000000
core   0: 0x800095e8 (0x019bd093) srli    ra, s7, 25
core   0: 3 0x800095e8 (0x019bd093) x1  0x0000007f
core   0: 0x800095ec (0x0000922e) c.add   tp, a1
core   0: 3 0x800095ec (0x922e) x4  0x84eb6000
core   0: 0x800095ee (0xfc5ee993) ori     s3, t4, -59
core   0: 3 0x800095ee (0xfc5ee993) x19 0xffffffc5
core   0: 0x800095f2 (0x0000c799) c.beqz  a5, pc + 14
core   0: 3 0x800095f2 (0xc799)
core   0: 0x800095f4 (0x00000cb2) c.slli  s9, 12
core   0: 3 0x800095f4 (0x0cb2) x25 0x5d412000
core   0: 0x800095f6 (0x0000c491) c.beqz  s1, pc + 12
core   0: 3 0x800095f6 (0xc491)
core   0: 0x800095f8 (0x00008f61) c.and   a4, s0
core   0: 3 0x800095f8 (0x8f61) x14 0x00000000
core   0: 0x800095fa (0xb9f6eb93) ori     s7, a3, -1121
core   0: 3 0x800095fa (0xb9f6eb93) x23 0xffffffdf
core   0: 0x800095fe (0x0000c809) c.beqz  s0, pc + 18
core   0: 3 0x800095fe (0xc809)
core   0: 0x80009600 (0x0000483d) c.li    a6, 15
core   0: 3 0x80009600 (0x483d) x16 0x0000000f
core   0: 0x80009602 (0x41495333) sra     t1, s2, s4
core   0: 3 0x80009602 (0x41495333) x6  0xf80025de
core   0: 0x80009606 (0x00008915) c.andi  a0, 5
core   0: 3 0x80009606 (0x8915) x10 0x00000000
core   0: 0x80009608 (0x01d0fc33) and     s8, ra, t4
core   0: 3 0x80009608 (0x01d0fc33) x24 0x00000000
core   0: 0x8000960c (0x4072d293) srai    t0, t0, 7
core   0: 3 0x8000960c (0x4072d293) x5  0xffb0002e
core   0: 0x80009610 (0x4077d2b3) sra     t0, a5, t2
core   0: 3 0x80009610 (0x4077d2b3) x5  0xffffffed
core   0: 0x80009614 (0x023e4fb3) div     t6, t3, gp
core   0: 3 0x80009614 (0x023e4fb3) x31 0xffffffff
core   0: 0x80009618 (0x28afcd17) auipc   s10, 0x28afc
core   0: 3 0x80009618 (0x28afcd17) x26 0xa8b05618
core   0: 0x8000961c (0x033b7233) remu    tp, s6, s3
core   0: 3 0x8000961c (0x033b7233) x4  0x7ffd62f2
core   0: 0x80009620 (0x00000c9c) c.addi4spn a5, sp, 592
core   0: 3 0x80009620 (0x0c9c) x15 0x6000024b
core   0: 0x80009622 (0x00008f25) c.xor   a4, s1
core   0: 3 0x80009622 (0x8f25) x14 0x0005ffff
core   0: 0x80009624 (0x00000001) c.nop
core   0: 3 0x80009624 (0x0001)
core   0: 0x80009626 (0x0000717d) c.addi16sp sp, -16
core   0: 3 0x80009626 (0x717d) x2  0x5fffffeb
core   0: 0x80009628 (0x007c8893) addi    a7, s9, 7
core   0: 3 0x80009628 (0x007c8893) x17 0x5d412007
core   0: 0x8000962c (0x41f10f33) sub     t5, sp, t6
core   0: 3 0x8000962c (0x41f10f33) x30 0x5fffffec
core   0: 0x80009630 (0x2ecc8f13) addi    t5, s9, 748
core   0: 3 0x80009630 (0x2ecc8f13) x30 0x5d4122ec
core   0: 0x80009634 (0x26f4ac13) slti    s8, s1, 623
core   0: 3 0x80009634 (0x26f4ac13) x24 0x00000000
core   0: 0x80009638 (0x03743eb3) mulhu   t4, s0, s7
core   0: 3 0x80009638 (0x03743eb3) x29 0x00000001
core   0: 0x8000963c (0x03a165b3) rem     a1, sp, s10
core   0: 3 0x8000963c (0x03a165b3) x11 0x08b05603
core   0: 0x80009640 (0x004abcb3) sltu    s9, s5, tp
core   0: 3 0x80009640 (0x004abcb3) x25 0x00000000
core   0: 0x80009644 (0x0f369363) bne     a3, s3, pc + 230
core   0: 3 0x80009644 (0x0f369363)
core   0: 0x8000972a (0x00165c63) bge     a2, ra, pc + 24
core   0: 3 0x8000972a (0x00165c63)
core   0: 0x8000972e (0x02829363) bne     t0, s0, pc + 38
core   0: 3 0x8000972e (0x02829363)
core   0: 0x80009754 (0x018ac2b3) xor     t0, s5, s8
core   0: 3 0x80009754 (0x018ac2b3) x5  0xfffffbc2
core   0: 0x80009758 (0x0182afb3) slt     t6, t0, s8
core   0: 3 0x80009758 (0x0182afb3) x31 0x00000001
core   0: 0x8000975c (0x00e7cf33) xor     t5, a5, a4
core   0: 3 0x8000975c (0x00e7cf33) x30 0x6005fdb4
core   0: 0x80009760 (0x02c1f863) bgeu    gp, a2, pc + 48
core   0: 3 0x80009760 (0x02c1f863)
core   0: 0x80009790 (0x037362b3) rem     t0, t1, s7
core   0: 3 0x80009790 (0x037362b3) x5  0xfffffffc
core   0: 0x80009794 (0x831892b7) lui     t0, 0x83189
core   0: 3 0x80009794 (0x831892b7) x5  0x83189000
core   0: 0x80009798 (0x0000e591) c.bnez  a1, pc + 12
core   0: 3 0x80009798 (0xe591)
core   0: 0x800097a4 (0x01a17663) bgeu    sp, s10, pc + 12
core   0: 3 0x800097a4 (0x01a17663)
core   0: 0x800097a8 (0x03a51b63) bne     a0, s10, pc + 54
core   0: 3 0x800097a8 (0x03a51b63)
core   0: 0x800097de (0x020f20b3) mulhsu  ra, t5, zero
core   0: 3 0x800097de (0x020f20b3) x1  0x00000000
core   0: 0x800097e2 (0x003a5693) srli    a3, s4, 3
core   0: 3 0x800097e2 (0x003a5693) x13 0x1000539c
core   0: 0x800097e6 (0x0255e133) rem     sp, a1, t0
core   0: 3 0x800097e6 (0x0255e133) x2  0x08b05603
core   0: 0x800097ea (0x0250dc33) divu    s8, ra, t0
core   0: 3 0x800097ea (0x0250dc33) x24 0x00000000
core   0: 0x800097ee (0x40890e33) sub     t3, s2, s0
core   0: 3 0x800097ee (0x40890e33) x28 0x80025dea
core   0: 0x800097f2 (0x039e81b3) mul     gp, t4, s9
core   0: 3 0x800097f2 (0x039e81b3) x3  0x00000000
core   0: 0x800097f6 (0x026d5f33) divu    t5, s10, t1
core   0: 3 0x800097f6 (0x026d5f33) x30 0x00000000
core   0: 0x800097fa (0x00000001) c.nop
core   0: 3 0x800097fa (0x0001)
core   0: 0x800097fc (0x00000151) c.addi  sp, 20
core   0: 3 0x800097fc (0x0151) x2  0x08b05617
core   0: 0x800097fe (0x00000001) c.nop
core   0: 3 0x800097fe (0x0001)
core   0: 0x80009800 (0x0000847d) c.srai  s0, 31
core   0: 3 0x80009800 (0x847d) x8  0x00000000
core   0: 0x80009802 (0x000089c6) c.mv    s3, a7
core   0: 3 0x80009802 (0x89c6) x19 0x5d412007
core   0: 0x80009804 (0x0219f733) remu    a4, s3, ra
core   0: 3 0x80009804 (0x0219f733) x14 0x5d412007
core   0: 0x80009808 (0x404f5213) srai    tp, t5, 4
core   0: 3 0x80009808 (0x404f5213) x4  0x00000000
core   0: 0x8000980c (0x034c89b3) mul     s3, s9, s4
core   0: 3 0x8000980c (0x034c89b3) x19 0x00000000
core   0: 0x80009810 (0x02d09db3) mulh    s11, ra, a3
core   0: 3 0x80009810 (0x02d09db3) x27 0x00000000
core   0: 0x80009814 (0x0342d263) bge     t0, s4, pc + 36
core   0: 3 0x80009814 (0x0342d263)
core   0: 0x80009838 (0x5e6e8213) addi    tp, t4, 1510
core   0: 3 0x80009838 (0x5e6e8213) x4  0x000005e7
core   0: 0x8000983c (0x00006689) c.lui   a3, 0x2
core   0: 3 0x8000983c (0x6689) x13 0x00002000
core   0: 0x8000983e (0x400e50b3) sra     ra, t3, zero
core   0: 3 0x8000983e (0x400e50b3) x1  0x80025dea
core   0: 0x80009842 (0x000006ba) c.slli  a3, 14
core   0: 3 0x80009842 (0x06ba) x13 0x08000000
core   0: 0x80009844 (0x17b3e713) ori     a4, t2, 379
core   0: 3 0x80009844 (0x17b3e713) x14 0x0000017b
core   0: 0x80009848 (0xa4700837) lui     a6, 0xa4700
core   0: 3 0x80009848 (0xa4700837) x16 0xa4700000
core   0: 0x8000984c (0x064c4263) blt     s8, tp, pc + 100
core   0: 3 0x8000984c (0x064c4263)
core   0: 0x800098b0 (0x0000011d) c.addi  sp, 7
core   0: 3 0x800098b0 (0x011d) x2  0x08b0561e
core   0: 0x800098b2 (0x0090bcb3) sltu    s9, ra, s1
core   0: 3 0x800098b2 (0x0090bcb3) x25 0x00000000
core   0: 0x800098b6 (0x020aef63) bltu    s5, zero, pc + 62
core   0: 3 0x800098b6 (0x020aef63)
core   0: 0x800098ba (0x77448e37) lui     t3, 0x77448
core   0: 3 0x800098ba (0x77448e37) x28 0x77448000
core   0: 0x800098be (0x0ceee993) ori     s3, t4, 206
core   0: 3 0x800098be (0x0ceee993) x19 0x000000cf
core   0: 0x800098c2 (0x03770f63) beq     a4, s7, pc + 62
core   0: 3 0x800098c2 (0x03770f63)
core   0: 0x800098c6 (0x02a348b3) div     a7, t1, a0
core   0: 3 0x800098c6 (0x02a348b3) x17 0xffffffff
core   0: 0x800098ca (0x019192b3) sll     t0, gp, s9
core   0: 3 0x800098ca (0x019192b3) x5  0x00000000
core   0: 0x800098ce (0x5597be17) auipc   t3, 0x5597b
core   0: 3 0x800098ce (0x5597be17) x28 0xd59848ce
core   0: 0x800098d2 (0x002c8663) beq     s9, sp, pc + 12
core   0: 3 0x800098d2 (0x002c8663)
core   0: 0x800098d6 (0x01987cb3) and     s9, a6, s9
core   0: 3 0x800098d6 (0x01987cb3) x25 0x00000000
core   0: 0x800098da (0x026838b3) mulhu   a7, a6, t1
core   0: 3 0x800098da (0x026838b3) x17 0x9f4c9852
core   0: 0x800098de (0x01725513) srli    a0, tp, 23
core   0: 3 0x800098de (0x01725513) x10 0x00000000
core   0: 0x800098e2 (0x00008f2d) c.xor   a4, a1
core   0: 3 0x800098e2 (0x8f2d) x14 0x08b05778
core   0: 0x800098e4 (0x1fad8f13) addi    t5, s11, 506
core   0: 3 0x800098e4 (0x1fad8f13) x30 0x000001fa
core   0: 0x800098e8 (0x01585113) srli    sp, a6, 21
core   0: 3 0x800098e8 (0x01585113) x2  0x00000523
core   0: 0x800098ec (0x00008d61) c.and   a0, s0
core   0: 3 0x800098ec (0x8d61) x10 0x00000000
core   0: 0x800098ee (0x02ef1b63) bne     t5, a4, pc + 54
core   0: 3 0x800098ee (0x02ef1b63)
core   0: 0x80009924 (0x822ba797) auipc   a5, 0x822ba
core   0: 3 0x80009924 (0x822ba797) x15 0x022c3924
core   0: 0x80009928 (0x03d1f733) remu    a4, gp, t4
core   0: 3 0x80009928 (0x03d1f733) x14 0x00000000
core   0: 0x8000992c (0x029f7c33) remu    s8, t5, s1
core   0: 3 0x8000992c (0x029f7c33) x24 0x000001fa
core   0: 0x80009930 (0x00000001) c.nop
core   0: 3 0x80009930 (0x0001)
core   0: 0x80009932 (0x000080e6) c.mv    ra, s9
core   0: 3 0x80009932 (0x80e6) x1  0x00000000
core   0: 0x80009934 (0x7d9e3f13) sltiu   t5, t3, 2009
core   0: 3 0x80009934 (0x7d9e3f13) x30 0x00000000
core   0: 0x80009938 (0x00008085) c.srli  s1, 1
core   0: 3 0x80009938 (0x8085) x9  0x0002ffff
core   0: 0x8000993a (0x0303e433) rem     s0, t2, a6
core   0: 3 0x8000993a (0x0303e433) x8  0x00000000
core   0: 0x8000993e (0x406a8bb3) sub     s7, s5, t1
core   0: 3 0x8000993e (0x406a8bb3) x23 0x07ffd5e4
core   0: 0x80009942 (0x00a53d33) sltu    s10, a0, a0
core   0: 3 0x80009942 (0x00a53d33) x26 0x00000000
core   0: 0x80009946 (0x0022e133) or      sp, t0, sp
core   0: 3 0x80009946 (0x0022e133) x2  0x00000523
core   0: 0x8000994a (0x001a6e33) or      t3, s4, ra
core   0: 3 0x8000994a (0x001a6e33) x28 0x80029ce4
core   0: 0x8000994e (0x02079133) mulh    sp, a5, zero
core   0: 3 0x8000994e (0x02079133) x2  0x00000000
core   0: 0x80009952 (0x00571833) sll     a6, a4, t0
core   0: 3 0x80009952 (0x00571833) x16 0x00000000
core   0: 0x80009956 (0x00006251) c.lui   tp, 0x14
core   0: 3 0x80009956 (0x6251) x4  0x00014000
core   0: 0x80009958 (0x00000001) c.nop
core   0: 3 0x80009958 (0x0001)
core   0: 0x8000995a (0x9e428813) addi    a6, t0, -1564
core   0: 3 0x8000995a (0x9e428813) x16 0xfffff9e4
core   0: 0x8000995e (0x0270dcb3) divu    s9, ra, t2
core   0: 3 0x8000995e (0x0270dcb3) x25 0xffffffff
core   0: 0x80009962 (0x40a78db3) sub     s11, a5, a0
core   0: 3 0x80009962 (0x40a78db3) x27 0x022c3924
core   0: 0x80009966 (0x4c890693) addi    a3, s2, 1224
core   0: 3 0x80009966 (0x4c890693) x13 0x800262b4
core   0: 0x8000996a (0x000013fd) c.addi  t2, -1
core   0: 3 0x8000996a (0x13fd) x7  0xffffffff
core   0: 0x8000996c (0x000079b3) and     s3, zero, zero
core   0: 3 0x8000996c (0x000079b3) x19 0x00000000
core   0: 0x80009970 (0xff6f0193) addi    gp, t5, -10
core   0: 3 0x80009970 (0xff6f0193) x3  0xfffffff6
core   0: 0x80009974 (0x01df8963) beq     t6, t4, pc + 18
core   0: 3 0x80009974 (0x01df8963)
core   0: 0x80009986 (0x00001b08) c.addi4spn a0, sp, 432
core   0: 3 0x80009986 (0x1b08) x10 0x000001b0
core   0: 0x80009988 (0x01ab3033) sltu    zero, s6, s10
core   0: 3 0x80009988 (0x01ab3033)
core   0: 0x8000998c (0x0000cb11) c.beqz  a4, pc + 20
core   0: 3 0x8000998c (0xcb11)
core   0: 0x800099a0 (0x00008bfa) c.mv    s7, t5
core   0: 3 0x800099a0 (0x8bfa) x23 0x00000000
core   0: 0x800099a2 (0x0291e533) rem     a0, gp, s1
core   0: 3 0x800099a2 (0x0291e533) x10 0xfffffff6
core   0: 0x800099a6 (0x00000001) c.nop
core   0: 3 0x800099a6 (0x0001)
core   0: 0x800099a8 (0x005e2fb3) slt     t6, t3, t0
core   0: 3 0x800099a8 (0x005e2fb3) x31 0x00000001
core   0: 0x800099ac (0x03a5beb3) mulhu   t4, a1, s10
core   0: 3 0x800099ac (0x03a5beb3) x29 0x00000000
core   0: 0x800099b0 (0x17ecb493) sltiu   s1, s9, 382
core   0: 3 0x800099b0 (0x17ecb493) x9  0x00000000
core   0: 0x800099b4 (0x00004295) c.li    t0, 5
core   0: 3 0x800099b4 (0x4295) x5  0x00000005
core   0: 0x800099b6 (0x40a4d0b3) sra     ra, s1, a0
core   0: 3 0x800099b6 (0x40a4d0b3) x1  0x00000000
core   0: 0x800099ba (0x2d48a797) auipc   a5, 0x2d48a
core   0: 3 0x800099ba (0x2d48a797) x15 0xad4939ba
core   0: 0x800099be (0x00f17db3) and     s11, sp, a5
core   0: 3 0x800099be (0x00f17db3) x27 0x00000000
core   0: 0x800099c2 (0x030d38b3) mulhu   a7, s10, a6
core   0: 3 0x800099c2 (0x030d38b3) x17 0x00000000
core   0: 0x800099c6 (0x0104de93) srli    t4, s1, 16
core   0: 3 0x800099c6 (0x0104de93) x29 0x00000000
core   0: 0x800099ca (0x024a4563) blt     s4, tp, pc + 42
core   0: 3 0x800099ca (0x024a4563)
core   0: 0x800099f4 (0x01f28e33) add     t3, t0, t6
core   0: 3 0x800099f4 (0x01f28e33) x28 0x00000006
core   0: 0x800099f8 (0x000080ed) c.srli  s1, 27
core   0: 3 0x800099f8 (0x80ed) x9  0x00000000
core   0: 0x800099fa (0x00948bb3) add     s7, s1, s1
core   0: 3 0x800099fa (0x00948bb3) x23 0x00000000
core   0: 0x800099fe (0x00b71593) slli    a1, a4, 11
core   0: 3 0x800099fe (0x00b71593) x11 0x00000000
core   0: 0x80009a02 (0x029c1e33) mulh    t3, s8, s1
core   0: 3 0x80009a02 (0x029c1e33) x28 0x00000000
core   0: 0x80009a06 (0x0123db33) srl     s6, t2, s2
core   0: 3 0x80009a06 (0x0123db33) x22 0x000fffff
core   0: 0x80009a0a (0x00008ef2) c.mv    t4, t3
core   0: 3 0x80009a0a (0x8ef2) x29 0x00000000
core   0: 0x80009a0c (0x02c56fb3) rem     t6, a0, a2
core   0: 3 0x80009a0c (0x02c56fb3) x31 0xfffffff6
core   0: 0x80009a10 (0x00008ded) c.and   a1, a1
core   0: 3 0x80009a10 (0x8ded) x11 0x00000000
core   0: 0x80009a12 (0x00006245) c.lui   tp, 0x11
core   0: 3 0x80009a12 (0x6245) x4  0x00011000
core   0: 0x80009a14 (0x00790a63) beq     s2, t2, pc + 20
core   0: 3 0x80009a14 (0x00790a63)
core   0: 0x80009a18 (0x000065f5) c.lui   a1, 0x1d
core   0: 3 0x80009a18 (0x65f5) x11 0x0001d000
core   0: 0x80009a1a (0x02522133) mulhsu  sp, tp, t0
core   0: 3 0x80009a1a (0x02522133) x2  0x00000000
core   0: 0x80009a1e (0x024e5a63) bge     t3, tp, pc + 52
core   0: 3 0x80009a1e (0x024e5a63)
core   0: 0x80009a22 (0x00006c25) c.lui   s8, 0x9
core   0: 3 0x80009a22 (0x6c25) x24 0x00009000
core   0: 0x80009a24 (0xacabc293) xori    t0, s7, -1334
core   0: 3 0x80009a24 (0xacabc293) x5  0xfffffaca
core   0: 0x80009a28 (0x00691ab3) sll     s5, s2, t1
core   0: 3 0x80009a28 (0x00691ab3) x21 0x00000000
core   0: 0x80009a2c (0x0065aeb3) slt     t4, a1, t1
core   0: 3 0x80009a2c (0x0065aeb3) x29 0x00000000
core   0: 0x80009a30 (0x021da533) mulhsu  a0, s11, ra
core   0: 3 0x80009a30 (0x021da533) x10 0x00000000
core   0: 0x80009a34 (0x890eff93) andi    t6, t4, -1904
core   0: 3 0x80009a34 (0x890eff93) x31 0x00000000
core   0: 0x80009a38 (0x03a7f4b3) remu    s1, a5, s10
core   0: 3 0x80009a38 (0x03a7f4b3) x9  0xad4939ba
core   0: 0x80009a3c (0xcde56213) ori     tp, a0, -802
core   0: 3 0x80009a3c (0xcde56213) x4  0xfffffcde
core   0: 0x80009a40 (0x00008c41) c.or    s0, s0
core   0: 3 0x80009a40 (0x8c41) x8  0x00000000
core   0: 0x80009a42 (0x00008dbd) c.xor   a1, a5
core   0: 3 0x80009a42 (0x8dbd) x11 0xad48e9ba
core   0: 0x80009a44 (0x970da1b7) lui     gp, 0x970da
core   0: 3 0x80009a44 (0x970da1b7) x3  0x970da000
core   0: 0x80009a48 (0x00006119) c.addi16sp sp, 384
core   0: 3 0x80009a48 (0x6119) x2  0x00000180
core   0: 0x80009a4a (0x40648733) sub     a4, s1, t1
core   0: 3 0x80009a4a (0x40648733) x14 0xb54913dc
core   0: 0x80009a4e (0x03768eb3) mul     t4, a3, s7
core   0: 3 0x80009a4e (0x03768eb3) x29 0x00000000
core   0: 0x80009a52 (0x05d38563) beq     t2, t4, pc + 74
core   0: 3 0x80009a52 (0x05d38563)
core   0: 0x80009a56 (0x026aa733) mulhsu  a4, s5, t1
core   0: 3 0x80009a56 (0x026aa733) x14 0x00000000
core   0: 0x80009a5a (0x5cfcc593) xori    a1, s9, 1487
core   0: 3 0x80009a5a (0x5cfcc593) x11 0xfffffa30
core   0: 0x80009a5e (0x0333d033) divu    zero, t2, s3
core   0: 3 0x80009a5e (0x0333d033)
core   0: 0x80009a62 (0x00005dfd) c.li    s11, -1
core   0: 3 0x80009a62 (0x5dfd) x27 0xffffffff
core   0: 0x80009a64 (0x4169d9b3) sra     s3, s3, s6
core   0: 3 0x80009a64 (0x4169d9b3) x19 0x00000000
core   0: 0x80009a68 (0x00004fbd) c.li    t6, 15
core   0: 3 0x80009a68 (0x4fbd) x31 0x0000000f
core   0: 0x80009a6a (0x032e4f33) div     t5, t3, s2
core   0: 3 0x80009a6a (0x032e4f33) x30 0x00000000
core   0: 0x80009a6e (0x024de5b3) rem     a1, s11, tp
core   0: 3 0x80009a6e (0x024de5b3) x11 0xffffffff
core   0: 0x80009a72 (0x038b7f33) remu    t5, s6, s8
core   0: 3 0x80009a72 (0x038b7f33) x30 0x00003fff
core   0: 0x80009a76 (0x01ca4733) xor     a4, s4, t3
core   0: 3 0x80009a76 (0x01ca4733) x14 0x80029ce4
core   0: 0x80009a7a (0x021f0833) mul     a6, t5, ra
core   0: 3 0x80009a7a (0x021f0833) x16 0x00000000
core   0: 0x80009a7e (0x033b9e33) mulh    t3, s7, s3
core   0: 3 0x80009a7e (0x033b9e33) x28 0x00000000
core   0: 0x80009a82 (0x004dbc33) sltu    s8, s11, tp
core   0: 3 0x80009a82 (0x004dbc33) x24 0x00000000
core   0: 0x80009a86 (0x0041c233) xor     tp, gp, tp
core   0: 3 0x80009a86 (0x0041c233) x4  0x68f25cde
core   0: 0x80009a8a (0x059b4163) blt     s6, s9, pc + 66
core   0: 3 0x80009a8a (0x059b4163)
core   0: 0x80009a8e (0x010c9e93) slli    t4, s9, 16
core   0: 3 0x80009a8e (0x010c9e93) x29 0xffff0000
core   0: 0x80009a92 (0x000090fe) c.add   ra, t6
core   0: 3 0x80009a92 (0x90fe) x1  0x0000000f
core   0: 0x80009a94 (0x015848b3) xor     a7, a6, s5
core   0: 3 0x80009a94 (0x015848b3) x17 0x00000000
core   0: 0x80009a98 (0x028d83b3) mul     t2, s11, s0
core   0: 3 0x80009a98 (0x028d83b3) x7  0x00000000
core   0: 0x80009a9c (0xd650ed93) ori     s11, ra, -667
core   0: 3 0x80009a9c (0xd650ed93) x27 0xfffffd6f
core   0: 0x80009aa0 (0x0000045d) c.addi  s0, 23
core   0: 3 0x80009aa0 (0x045d) x8  0x00000017
core   0: 0x80009aa2 (0x40d2d193) srai    gp, t0, 13
core   0: 3 0x80009aa2 (0x40d2d193) x3  0xffffffff
core   0: 0x80009aa6 (0x02190f33) mul     t5, s2, ra
core   0: 3 0x80009aa6 (0x02190f33) x30 0x802380d4
core   0: 0x80009aaa (0x5cc72c93) slti    s9, a4, 1484
core   0: 3 0x80009aaa (0x5cc72c93) x25 0x00000001
core   0: 0x80009aae (0x00000001) c.nop
core   0: 3 0x80009aae (0x0001)
core   0: 0x80009ab0 (0x00ab2e33) slt     t3, s6, a0
core   0: 3 0x80009ab0 (0x00ab2e33) x28 0x00000000
core   0: 0x80009ab4 (0x02bcf8b3) remu    a7, s9, a1
core   0: 3 0x80009ab4 (0x02bcf8b3) x17 0x00000001
core   0: 0x80009ab8 (0x00005dfd) c.li    s11, -1
core   0: 3 0x80009ab8 (0x5dfd) x27 0xffffffff
core   0: 0x80009aba (0x00de5d13) srli    s10, t3, 13
core   0: 3 0x80009aba (0x00de5d13) x26 0x00000000
core   0: 0x80009abe (0x038a1e63) bne     s4, s8, pc + 60
core   0: 3 0x80009abe (0x038a1e63)
core   0: 0x80009afa (0x40d65333) sra     t1, a2, a3
core   0: 3 0x80009afa (0x40d65333) x6  0x00000000
core   0: 0x80009afe (0x00001218) c.addi4spn a4, sp, 288
core   0: 3 0x80009afe (0x1218) x14 0x000002a0
core   0: 0x80009b00 (0x00008c29) c.xor   s0, a0
core   0: 3 0x80009b00 (0x8c29) x8  0x00000017
core   0: 0x80009b02 (0x00000001) c.nop
core   0: 3 0x80009b02 (0x0001)
core   0: 0x80009b04 (0x03ad06b3) mul     a3, s10, s10
core   0: 3 0x80009b04 (0x03ad06b3) x13 0x00000000
core   0: 0x80009b08 (0x01bbb233) sltu    tp, s7, s11
core   0: 3 0x80009b08 (0x01bbb233) x4  0x00000001
core   0: 0x80009b0c (0x012c34b3) sltu    s1, s8, s2
core   0: 3 0x80009b0c (0x012c34b3) x9  0x00000001
core   0: 0x80009b10 (0x000040e5) c.li    ra, 25
core   0: 3 0x80009b10 (0x40e5) x1  0x00000019
core   0: 0x80009b12 (0x00009d93) slli    s11, ra, 0
core   0: 3 0x80009b12 (0x00009d93) x27 0x00000019
core   0: 0x80009b16 (0x02be1fb3) mulh    t6, t3, a1
core   0: 3 0x80009b16 (0x02be1fb3) x31 0x00000000
core   0: 0x80009b1a (0x0a2bf193) andi    gp, s7, 162
core   0: 3 0x80009b1a (0x0a2bf193) x3  0x00000000
core   0: 0x80009b1e (0x00008ee5) c.and   a3, s1
core   0: 3 0x80009b1e (0x8ee5) x13 0x00000000
core   0: 0x80009b20 (0x01c2f7b3) and     a5, t0, t3
core   0: 3 0x80009b20 (0x01c2f7b3) x15 0x00000000
core   0: 0x80009b24 (0x007bdf33) srl     t5, s7, t2
core   0: 3 0x80009b24 (0x007bdf33) x30 0x00000000
core   0: 0x80009b28 (0x00008dc9) c.or    a1, a0
core   0: 3 0x80009b28 (0x8dc9) x11 0xffffffff
core   0: 0x80009b2a (0x02b09133) mulh    sp, ra, a1
core   0: 3 0x80009b2a (0x02b09133) x2  0xffffffff
core   0: 0x80009b2e (0x0000c885) c.beqz  s1, pc + 48
core   0: 3 0x80009b2e (0xc885)
core   0: 0x80009b30 (0x00008d69) c.and   a0, a0
core   0: 3 0x80009b30 (0x8d69) x10 0x00000000
core   0: 0x80009b32 (0x0000e499) c.bnez  s1, pc + 14
core   0: 3 0x80009b32 (0xe499)
core   0: 0x80009b40 (0x0000537d) c.li    t1, -1
core   0: 3 0x80009b40 (0x537d) x6  0xffffffff
core   0: 0x80009b42 (0xe893b213) sltiu   tp, t2, -375
core   0: 3 0x80009b42 (0xe893b213) x4  0x00000001
core   0: 0x80009b46 (0x026ba733) mulhsu  a4, s7, t1
core   0: 3 0x80009b46 (0x026ba733) x14 0x00000000
core   0: 0x80009b4a (0x02c0f1b3) remu    gp, ra, a2
core   0: 3 0x80009b4a (0x02c0f1b3) x3  0x00000019
core   0: 0x80009b4e (0x55b58d93) addi    s11, a1, 1371
core   0: 3 0x80009b4e (0x55b58d93) x27 0x0000055a
core   0: 0x80009b52 (0x00008ddd) c.or    a1, a5
core   0: 3 0x80009b52 (0x8ddd) x11 0xffffffff
core   0: 0x80009b54 (0x000083c9) c.srli  a5, 18
core   0: 3 0x80009b54 (0x83c9) x15 0x00000000
core   0: 0x80009b56 (0x0365e0b3) rem     ra, a1, s6
core   0: 3 0x80009b56 (0x0365e0b3) x1  0xffffffff
core   0: 0x80009b5a (0x43cd6293) ori     t0, s10, 1084
core   0: 3 0x80009b5a (0x43cd6293) x5  0x0000043c
core   0: 0x80009b5e (0x01f1ef63) bltu    gp, t6, pc + 30
core   0: 3 0x80009b5e (0x01f1ef63)
core   0: 0x80009b62 (0x00a15663) bge     sp, a0, pc + 12
core   0: 3 0x80009b62 (0x00a15663)
core   0: 0x80009b66 (0x03f18363) beq     gp, t6, pc + 38
core   0: 3 0x80009b66 (0x03f18363)
core   0: 0x80009b6a (0xf3867a93) andi    s5, a2, -200
core   0: 3 0x80009b6a (0xf3867a93) x21 0x00000000
core   0: 0x80009b6e (0x00000001) c.nop
core   0: 3 0x80009b6e (0x0001)
core   0: 0x80009b70 (0x41b7d513) srai    a0, a5, 27
core   0: 3 0x80009b70 (0x41b7d513) x10 0x00000000
core   0: 0x80009b74 (0x281f0713) addi    a4, t5, 641
core   0: 3 0x80009b74 (0x281f0713) x14 0x00000281
core   0: 0x80009b78 (0x018f3ab3) sltu    s5, t5, s8
core   0: 3 0x80009b78 (0x018f3ab3) x21 0x00000000
core   0: 0x80009b7c (0x6cd04413) xori    s0, zero, 1741
core   0: 3 0x80009b7c (0x6cd04413) x8  0x000006cd
core   0: 0x80009b80 (0x002dce33) xor     t3, s11, sp
core   0: 3 0x80009b80 (0x002dce33) x28 0xfffffaa5
core   0: 0x80009b84 (0x02f51533) mulh    a0, a0, a5
core   0: 3 0x80009b84 (0x02f51533) x10 0x00000000
core   0: 0x80009b88 (0x002a8b63) beq     s5, sp, pc + 22
core   0: 3 0x80009b88 (0x002a8b63)
core   0: 0x80009b8c (0x02f09d63) bne     ra, a5, pc + 58
core   0: 3 0x80009b8c (0x02f09d63)
core   0: 0x80009bc6 (0x02908f33) mul     t5, ra, s1
core   0: 3 0x80009bc6 (0x02908f33) x30 0xffffffff
core   0: 0x80009bca (0x01c1d233) srl     tp, gp, t3
core   0: 3 0x80009bca (0x01c1d233) x4  0x00000000
core   0: 0x80009bce (0x00c5f2b3) and     t0, a1, a2
core   0: 3 0x80009bce (0x00c5f2b3) x5  0x00000000
core   0: 0x80009bd2 (0x00008cc9) c.or    s1, a0
core   0: 3 0x80009bd2 (0x8cc9) x9  0x00000001
core   0: 0x80009bd4 (0x000012fd) c.addi  t0, -1
core   0: 3 0x80009bd4 (0x12fd) x5  0xffffffff
core   0: 0x80009bd6 (0x00006111) c.addi16sp sp, 256
core   0: 3 0x80009bd6 (0x6111) x2  0x000000ff
core   0: 0x80009bd8 (0x018f6f33) or      t5, t5, s8
core   0: 3 0x80009bd8 (0x018f6f33) x30 0xffffffff
core   0: 0x80009bdc (0x095d4963) blt     s10, s5, pc + 146
core   0: 3 0x80009bdc (0x095d4963)
core   0: 0x80009be0 (0x00000894) c.addi4spn a3, sp, 80
core   0: 3 0x80009be0 (0x0894) x13 0x0000014f
core   0: 0x80009be2 (0x0000717d) c.addi16sp sp, -16
core   0: 3 0x80009be2 (0x717d) x2  0x000000ef
core   0: 0x80009be4 (0x0083bb33) sltu    s6, t2, s0
core   0: 3 0x80009be4 (0x0083bb33) x22 0x00000001
core   0: 0x80009be8 (0x00014817) auipc   a6, 0x14
core   0: 3 0x80009be8 (0x00014817) x16 0x8001dbe8
core   0: 0x80009bec (0x96280813) addi    a6, a6, -1694
core   0: 3 0x80009bec (0x96280813) x16 0x8001d54a
core   0: 0x80009bf0 (0x00008fa9) c.xor   a5, a0
core   0: 3 0x80009bf0 (0x8fa9) x15 0x00000000
core   0: 0x80009bf2 (0x012d35b3) sltu    a1, s10, s2
core   0: 3 0x80009bf2 (0x012d35b3) x11 0x00000001
core   0: 0x80009bf6 (0x02a82083) lw      ra, 42(a6)
core   0: 3 0x80009bf6 (0x02a82083) x1  0xd478968c mem 0x8001d574
core   0: 0x80009bfa (0x0db81523) sh      s11, 202(a6)
core   0: 3 0x80009bfa (0x0db81523) mem 0x8001d614 0x055a
core   0: 0x80009bfe (0x0000888d) c.andi  s1, 3
core   0: 3 0x80009bfe (0x888d) x9  0x00000001
core   0: 0x80009c00 (0xfe684303) lbu     t1, -26(a6)
core   0: 3 0x80009c00 (0xfe684303) x6  0x000000aa mem 0x8001d530
core   0: 0x80009c04 (0x03d54433) div     s0, a0, t4
core   0: 3 0x80009c04 (0x03d54433) x8  0x00000000
core   0: 0x80009c08 (0x0df80a83) lb      s5, 223(a6)
core   0: 3 0x80009c08 (0x0df80a83) x21 0xffffffb2 mem 0x8001d629
core   0: 0x80009c0c (0x0a280823) sb      sp, 176(a6)
core   0: 3 0x80009c0c (0x0a280823) mem 0x8001d5fa 0xef
core   0: 0x80009c10 (0x01681183) lh      gp, 22(a6)
core   0: 3 0x80009c10 (0x01681183) x3  0xffffc31c mem 0x8001d560
core   0: 0x80009c14 (0xf5c81503) lh      a0, -164(a6)
core   0: 3 0x80009c14 (0xf5c81503) x10 0x0000612f mem 0x8001d4a6
core   0: 0x80009c18 (0x00008031) c.srli  s0, 12
core   0: 3 0x80009c18 (0x8031) x8  0x00000000
core   0: 0x80009c1a (0x04384b83) lbu     s7, 67(a6)
core   0: 3 0x80009c1a (0x04384b83) x23 0x0000002a mem 0x8001d58d
core   0: 0x80009c1e (0x40d80fb3) sub     t6, a6, a3
core   0: 3 0x80009c1e (0x40d80fb3) x31 0x8001d3fb
core   0: 0x80009c22 (0x0000127d) c.addi  tp, -1
core   0: 3 0x80009c22 (0x127d) x4  0xffffffff
core   0: 0x80009c24 (0x03039b33) mulh    s6, t2, a6
core   0: 3 0x80009c24 (0x03039b33) x22 0x00000000
core   0: 0x80009c28 (0x06d84d03) lbu     s10, 109(a6)
core   0: 3 0x80009c28 (0x06d84d03) x26 0x0000006a mem 0x8001d5b7
core   0: 0x80009c2c (0x011325b3) slt     a1, t1, a7
core   0: 3 0x80009c2c (0x011325b3) x11 0x00000000
core   0: 0x80009c30 (0x00008c29) c.xor   s0, a0
core   0: 3 0x80009c30 (0x8c29) x8  0x0000612f
core   0: 0x80009c32 (0xf0d80aa3) sb      a3, -235(a6)
core   0: 3 0x80009c32 (0xf0d80aa3) mem 0x8001d45f 0x4f
core   0: 0x80009c36 (0x08880623) sb      s0, 140(a6)
core   0: 3 0x80009c36 (0x08880623) mem 0x8001d5d6 0x2f
core   0: 0x80009c3a (0xcafcec13) ori     s8, s9, -849
core   0: 3 0x80009c3a (0xcafcec13) x24 0xfffffcaf
core   0: 0x80009c3e (0x00e45d13) srli    s10, s0, 14
core   0: 3 0x80009c3e (0x00e45d13) x26 0x00000001
core   0: 0x80009c42 (0xfbc1be13) sltiu   t3, gp, -68
core   0: 3 0x80009c42 (0xfbc1be13) x28 0x00000001
core   0: 0x80009c46 (0x0273a133) mulhsu  sp, t2, t2
core   0: 3 0x80009c46 (0x0273a133) x2  0x00000000
core   0: 0x80009c4a (0x00555313) srli    t1, a0, 5
core   0: 3 0x80009c4a (0x00555313) x6  0x00000309
core   0: 0x80009c4e (0x40f8de93) srai    t4, a7, 15
core   0: 3 0x80009c4e (0x40f8de93) x29 0x00000000
core   0: 0x80009c52 (0x00008fdd) c.or    a5, a5
core   0: 3 0x80009c52 (0x8fdd) x15 0x00000000
core   0: 0x80009c54 (0x41fd5bb3) sra     s7, s10, t6
core   0: 3 0x80009c54 (0x41fd5bb3) x23 0x00000000
core   0: 0x80009c58 (0x12093113) sltiu   sp, s2, 288
core   0: 3 0x80009c58 (0x12093113) x2  0x00000000
core   0: 0x80009c5c (0x00008586) c.mv    a1, ra
core   0: 3 0x80009c5c (0x8586) x11 0xd478968c
core   0: 0x80009c5e (0x00d04a63) blt     zero, a3, pc + 20
core   0: 3 0x80009c5e (0x00d04a63)
core   0: 0x80009c72 (0xbcd07713) andi    a4, zero, -1075
core   0: 3 0x80009c72 (0xbcd07713) x14 0x00000000
core   0: 0x80009c76 (0x000000ee) c.slli  ra, 27
core   0: 3 0x80009c76 (0x00ee) x1  0x60000000
core   0: 0x80009c78 (0x03ddbf33) mulhu   t5, s11, t4
core   0: 3 0x80009c78 (0x03ddbf33) x30 0x00000000
core   0: 0x80009c7c (0x0240cab3) div     s5, ra, tp
core   0: 3 0x80009c7c (0x0240cab3) x21 0xa0000000
core   0: 0x80009c80 (0x7bec6e93) ori     t4, s8, 1982
core   0: 3 0x80009c80 (0x7bec6e93) x29 0xffffffbf
core   0: 0x80009c84 (0x00b66cb3) or      s9, a2, a1
core   0: 3 0x80009c84 (0x00b66cb3) x25 0xd478968c
core   0: 0x80009c88 (0x00006145) c.addi16sp sp, 48
core   0: 3 0x80009c88 (0x6145) x2  0x00000030
core   0: 0x80009c8a (0x024b1a63) bne     s6, tp, pc + 52
core   0: 3 0x80009c8a (0x024b1a63)
core   0: 0x80009cbe (0x008cbdb3) sltu    s11, s9, s0
core   0: 3 0x80009cbe (0x008cbdb3) x27 0x00000000
core   0: 0x80009cc2 (0x02e00cb3) mul     s9, zero, a4
core   0: 3 0x80009cc2 (0x02e00cb3) x25 0x00000000
core   0: 0x80009cc6 (0x039bfbb3) remu    s7, s7, s9
core   0: 3 0x80009cc6 (0x039bfbb3) x23 0x00000000
core   0: 0x80009cca (0x039d1963) bne     s10, s9, pc + 50
core   0: 3 0x80009cca (0x039d1963)
core   0: 0x80009cfc (0x204dcfb7) lui     t6, 0x204dc
core   0: 3 0x80009cfc (0x204dcfb7) x31 0x204dc000
core   0: 0x80009d00 (0x00000f94) c.addi4spn a3, sp, 976
core   0: 3 0x80009d00 (0x0f94) x13 0x00000400
core   0: 0x80009d02 (0x00008f4d) c.or    a4, a1
core   0: 3 0x80009d02 (0x8f4d) x14 0xd478968c
core   0: 0x80009d04 (0x03dbd833) divu    a6, s7, t4
core   0: 3 0x80009d04 (0x03dbd833) x16 0x00000000
core   0: 0x80009d08 (0x02eaef63) bltu    s5, a4, pc + 62
core   0: 3 0x80009d08 (0x02eaef63)
core   0: 0x80009d46 (0x000015fd) c.addi  a1, -1
core   0: 3 0x80009d46 (0x15fd) x11 0xd478968b
core   0: 0x80009d48 (0x8eedf793) andi    a5, s11, -1810
core   0: 3 0x80009d48 (0x8eedf793) x15 0x00000000
core   0: 0x80009d4c (0x029fa4b3) mulhsu  s1, t6, s1
core   0: 3 0x80009d4c (0x029fa4b3) x9  0x00000000
core   0: 0x80009d50 (0x01779e13) slli    t3, a5, 23
core   0: 3 0x80009d50 (0x01779e13) x28 0x00000000
core   0: 0x80009d54 (0x013e18b3) sll     a7, t3, s3
core   0: 3 0x80009d54 (0x013e18b3) x17 0x00000000
core   0: 0x80009d58 (0x000080e9) c.srli  s1, 26
core   0: 3 0x80009d58 (0x80e9) x9  0x00000000
core   0: 0x80009d5a (0x029a0f33) mul     t5, s4, s1
core   0: 3 0x80009d5a (0x029a0f33) x30 0x00000000
core   0: 0x80009d5e (0x01aaa7b3) slt     a5, s5, s10
core   0: 3 0x80009d5e (0x01aaa7b3) x15 0x00000001
core   0: 0x80009d62 (0x00006371) c.lui   t1, 0x1c
core   0: 3 0x80009d62 (0x6371) x6  0x0001c000
core   0: 0x80009d64 (0x00ef4e63) blt     t5, a4, pc + 28
core   0: 3 0x80009d64 (0x00ef4e63)
core   0: 0x80009d68 (0x0057e0b3) or      ra, a5, t0
core   0: 3 0x80009d68 (0x0057e0b3) x1  0xffffffff
core   0: 0x80009d6c (0x03457163) bgeu    a0, s4, pc + 34
core   0: 3 0x80009d6c (0x03457163)
core   0: 0x80009d70 (0x0000010e) c.slli  sp, 3
core   0: 3 0x80009d70 (0x010e) x2  0x00000180
core   0: 0x80009d72 (0x00006109) c.addi16sp sp, 128
core   0: 3 0x80009d72 (0x6109) x2  0x00000200
core   0: 0x80009d74 (0x01b83ab3) sltu    s5, a6, s11
core   0: 3 0x80009d74 (0x01b83ab3) x21 0x00000000
core   0: 0x80009d78 (0x6a7852b7) lui     t0, 0x6a785
core   0: 3 0x80009d78 (0x6a7852b7) x5  0x6a785000
core   0: 0x80009d7c (0x03c17d33) remu    s10, sp, t3
core   0: 3 0x80009d7c (0x03c17d33) x26 0x00000200
core   0: 0x80009d80 (0x07ae8c93) addi    s9, t4, 122
core   0: 3 0x80009d80 (0x07ae8c93) x25 0x00000039
core   0: 0x80009d84 (0x00009e26) c.add   t3, s1
core   0: 3 0x80009d84 (0x9e26) x28 0x00000000
core   0: 0x80009d86 (0x021cb533) mulhu   a0, s9, ra
core   0: 3 0x80009d86 (0x021cb533) x10 0x00000038
core   0: 0x80009d8a (0x024fcd63) blt     t6, tp, pc + 58
core   0: 3 0x80009d8a (0x024fcd63)
core   0: 0x80009d8e (0x00001d84) c.addi4spn s1, sp, 752
core   0: 3 0x80009d8e (0x1d84) x9  0x000004f0
core   0: 0x80009d90 (0x011fd563) bge     t6, a7, pc + 10
core   0: 3 0x80009d90 (0x011fd563)
core   0: 0x80009d9a (0x00008f69) c.and   a4, a0
core   0: 3 0x80009d9a (0x8f69) x14 0x00000008
core   0: 0x80009d9c (0x01e8feb3) and     t4, a7, t5
core   0: 3 0x80009d9c (0x01e8feb3) x29 0x00000000
core   0: 0x80009da0 (0x00009bce) c.add   s7, s3
core   0: 3 0x80009da0 (0x9bce) x23 0x00000000
core   0: 0x80009da2 (0x0000717d) c.addi16sp sp, -16
core   0: 3 0x80009da2 (0x717d) x2  0x000001f0
core   0: 0x80009da4 (0x6428b313) sltiu   t1, a7, 1602
core   0: 3 0x80009da4 (0x6428b313) x6  0x00000001
core   0: 0x80009da8 (0x00008f61) c.and   a4, s0
core   0: 3 0x80009da8 (0x8f61) x14 0x00000008
core   0: 0x80009daa (0x000083d1) c.srli  a5, 20
core   0: 3 0x80009daa (0x83d1) x15 0x00000000
core   0: 0x80009dac (0x00c85493) srli    s1, a6, 12
core   0: 3 0x80009dac (0x00c85493) x9  0x00000000
core   0: 0x80009db0 (0x00735e13) srli    t3, t1, 7
core   0: 3 0x80009db0 (0x00735e13) x28 0x00000000
core   0: 0x80009db4 (0x4697ef93) ori     t6, a5, 1129
core   0: 3 0x80009db4 (0x4697ef93) x31 0x00000469
core   0: 0x80009db8 (0x02f288b3) mul     a7, t0, a5
core   0: 3 0x80009db8 (0x02f288b3) x17 0x00000000
core   0: 0x80009dbc (0x00008305) c.srli  a4, 1
core   0: 3 0x80009dbc (0x8305) x14 0x00000004
core   0: 0x80009dbe (0x1088d317) auipc   t1, 0x1088d
core   0: 3 0x80009dbe (0x1088d317) x6  0x90896dbe
core   0: 0x80009dc2 (0x00008f3d) c.xor   a4, a5
core   0: 3 0x80009dc2 (0x8f3d) x14 0x00000004
core   0: 0x80009dc4 (0x00698033) add     zero, s3, t1
core   0: 3 0x80009dc4 (0x00698033)
core   0: 0x80009dc8 (0x01439a63) bne     t2, s4, pc + 20
core   0: 3 0x80009dc8 (0x01439a63)
core   0: 0x80009ddc (0xa29a8137) lui     sp, 0xa29a8
core   0: 3 0x80009ddc (0xa29a8137) x2  0xa29a8000
core   0: 0x80009de0 (0xe36ff0b7) lui     ra, 0xe36ff
core   0: 3 0x80009de0 (0xe36ff0b7) x1  0xe36ff000
core   0: 0x80009de4 (0x0000127d) c.addi  tp, -1
core   0: 3 0x80009de4 (0x127d) x4  0xfffffffe
core   0: 0x80009de6 (0x00124e33) xor     t3, tp, ra
core   0: 3 0x80009de6 (0x00124e33) x28 0x1c900ffe
core   0: 0x80009dea (0x00004431) c.li    s0, 12
core   0: 3 0x80009dea (0x4431) x8  0x0000000c
core   0: 0x80009dec (0x017615b3) sll     a1, a2, s7
core   0: 3 0x80009dec (0x017615b3) x11 0x00000000
core   0: 0x80009df0 (0x01b66963) bltu    a2, s11, pc + 18
core   0: 3 0x80009df0 (0x01b66963)
core   0: 0x80009df4 (0x4142d693) srai    a3, t0, 20
core   0: 3 0x80009df4 (0x4142d693) x13 0x000006a7
core   0: 0x80009df8 (0x41f4dc13) srai    s8, s1, 31
core   0: 3 0x80009df8 (0x41f4dc13) x24 0x00000000
core   0: 0x80009dfc (0x41175ab3) sra     s5, a4, a7
core   0: 3 0x80009dfc (0x41175ab3) x21 0x00000004
core   0: 0x80009e00 (0x000018fd) c.addi  a7, -1
core   0: 3 0x80009e00 (0x18fd) x17 0xffffffff
core   0: 0x80009e02 (0x00009df6) c.add   s11, t4
core   0: 3 0x80009e02 (0x9df6) x27 0x00000000
core   0: 0x80009e04 (0x00008c99) c.sub   s1, a4
core   0: 3 0x80009e04 (0x8c99) x9  0xfffffffc
core   0: 0x80009e06 (0x00008851) c.andi  s0, 20
core   0: 3 0x80009e06 (0x8851) x8  0x00000004
core   0: 0x80009e08 (0x00008ea1) c.xor   a3, s0
core   0: 3 0x80009e08 (0x8ea1) x13 0x000006a3
core   0: 0x80009e0a (0x020d7133) remu    sp, s10, zero
core   0: 3 0x80009e0a (0x020d7133) x2  0x00000200
core   0: 0x80009e0e (0x0000869d) c.srai  a3, 7
core   0: 3 0x80009e0e (0x869d) x13 0x0000000d
core   0: 0x80009e10 (0x40578d33) sub     s10, a5, t0
core   0: 3 0x80009e10 (0x40578d33) x26 0x9587b000
core   0: 0x80009e14 (0x00da32b3) sltu    t0, s4, a3
core   0: 3 0x80009e14 (0x00da32b3) x5  0x00000000
core   0: 0x80009e18 (0x76364313) xori    t1, a2, 1891
core   0: 3 0x80009e18 (0x76364313) x6  0x00000763
core   0: 0x80009e1c (0x0000049c) c.addi4spn a5, sp, 576
core   0: 3 0x80009e1c (0x049c) x15 0x00000440
core   0: 0x80009e1e (0x00008f0d) c.sub   a4, a1
core   0: 3 0x80009e1e (0x8f0d) x14 0x00000004
core   0: 0x80009e20 (0x00008d4d) c.or    a0, a1
core   0: 3 0x80009e20 (0x8d4d) x10 0x00000038
core   0: 0x80009e22 (0x00000684) c.addi4spn s1, sp, 832
core   0: 3 0x80009e22 (0x0684) x9  0x00000540
core   0: 0x80009e24 (0x002b5d13) srli    s10, s6, 2
core   0: 3 0x80009e24 (0x002b5d13) x26 0x00000000
core   0: 0x80009e28 (0x00008ec5) c.or    a3, s1
core   0: 3 0x80009e28 (0x8ec5) x13 0x0000054d
core   0: 0x80009e2a (0x00008fb1) c.xor   a5, a2
core   0: 3 0x80009e2a (0x8fb1) x15 0x00000440
core   0: 0x80009e2c (0x008d1813) slli    a6, s10, 8
core   0: 3 0x80009e2c (0x008d1813) x16 0x00000000
core   0: 0x80009e30 (0x03f09963) bne     ra, t6, pc + 50
core   0: 3 0x80009e30 (0x03f09963)
core   0: 0x80009e62 (0x027ba233) mulhsu  tp, s7, t2
core   0: 3 0x80009e62 (0x027ba233) x4  0x00000000
core   0: 0x80009e66 (0x0000120c) c.addi4spn a1, sp, 288
core   0: 3 0x80009e66 (0x120c) x11 0x00000320
core   0: 0x80009e68 (0x08365363) bge     a2, gp, pc + 134
core   0: 3 0x80009e68 (0x08365363)
core   0: 0x80009eee (0x0af62eb7) lui     t4, 0xaf62
core   0: 3 0x80009eee (0x0af62eb7) x29 0x0af62000
core   0: 0x80009ef2 (0x00ae0263) beq     t3, a0, pc + 4
core   0: 3 0x80009ef2 (0x00ae0263)
core   0: 0x80009ef6 (0x3deec093) xori    ra, t4, 990
core   0: 3 0x80009ef6 (0x3deec093) x1  0x0af623de
core   0: 0x80009efa (0x0000717d) c.addi16sp sp, -16
core   0: 3 0x80009efa (0x717d) x2  0x000001f0
core   0: 0x80009efc (0x0000717d) c.addi16sp sp, -16
core   0: 3 0x80009efc (0x717d) x2  0x000001e0
core   0: 0x80009efe (0x00008755) c.srai  a4, 21
core   0: 3 0x80009efe (0x8755) x14 0x00000000
core   0: 0x80009f00 (0x02971763) bne     a4, s1, pc + 46
core   0: 3 0x80009f00 (0x02971763)
core   0: 0x80009f2e (0x036fc6b3) div     a3, t6, s6
core   0: 3 0x80009f2e (0x036fc6b3) x13 0xffffffff
core   0: 0x80009f32 (0x3886cb93) xori    s7, a3, 904
core   0: 3 0x80009f32 (0x3886cb93) x23 0xfffffc77
core   0: 0x80009f36 (0x02189b33) mulh    s6, a7, ra
core   0: 3 0x80009f36 (0x02189b33) x22 0xffffffff
core   0: 0x80009f3a (0x00000598) c.addi4spn a4, sp, 704
core   0: 3 0x80009f3a (0x0598) x14 0x000004a0
core   0: 0x80009f3c (0x05ca7363) bgeu    s4, t3, pc + 70
core   0: 3 0x80009f3c (0x05ca7363)
core   0: 0x80009f82 (0x00008766) c.mv    a4, s9
core   0: 3 0x80009f82 (0x8766) x14 0x00000039
core   0: 0x80009f84 (0x02eb2733) mulhsu  a4, s6, a4
core   0: 3 0x80009f84 (0x02eb2733) x14 0xffffffff
core   0: 0x80009f88 (0x00004229) c.li    tp, 10
core   0: 3 0x80009f88 (0x4229) x4  0x0000000a
core   0: 0x80009f8a (0x00319f63) bne     gp, gp, pc + 30
core   0: 3 0x80009f8a (0x00319f63)
core   0: 0x80009f8e (0x01f4d133) srl     sp, s1, t6
core   0: 3 0x80009f8e (0x01f4d133) x2  0x00000002
core   0: 0x80009f92 (0x0791c513) xori    a0, gp, 121
core   0: 3 0x80009f92 (0x0791c513) x10 0xffffc365
core   0: 0x80009f96 (0x405c5193) srai    gp, s8, 5
core   0: 3 0x80009f96 (0x405c5193) x3  0x00000000
core   0: 0x80009f9a (0x00009dea) c.add   s11, s10
core   0: 3 0x80009f9a (0x9dea) x27 0x00000000
core   0: 0x80009f9c (0xd6e88193) addi    gp, a7, -658
core   0: 3 0x80009f9c (0xd6e88193) x3  0xfffffd6d
core   0: 0x80009fa0 (0x3f3cab13) slti    s6, s9, 1011
core   0: 3 0x80009fa0 (0x3f3cab13) x22 0x00000001
core   0: 0x80009fa4 (0x02c56b33) rem     s6, a0, a2
core   0: 3 0x80009fa4 (0x02c56b33) x22 0xffffc365
core   0: 0x80009fa8 (0x03301033) mulh    zero, zero, s3
core   0: 3 0x80009fa8 (0x03301033)
core   0: 0x80009fac (0x0093aeb3) slt     t4, t2, s1
core   0: 3 0x80009fac (0x0093aeb3) x29 0x00000001
core   0: 0x80009fb0 (0x00001cfd) c.addi  s9, -1
core   0: 3 0x80009fb0 (0x1cfd) x25 0x00000038
core   0: 0x80009fb2 (0x01611393) slli    t2, sp, 22
core   0: 3 0x80009fb2 (0x01611393) x7  0x00800000
core   0: 0x80009fb6 (0x0436feb7) lui     t4, 0x436f
core   0: 3 0x80009fb6 (0x0436feb7) x29 0x0436f000
core   0: 0x80009fba (0x03a331b3) mulhu   gp, t1, s10
core   0: 3 0x80009fba (0x03a331b3) x3  0x00000000
core   0: 0x80009fbe (0x00a69413) slli    s0, a3, 10
core   0: 3 0x80009fbe (0x00a69413) x8  0xfffffc00
core   0: 0x80009fc2 (0x0000987e) c.add   a6, t6
core   0: 3 0x80009fc2 (0x987e) x16 0x00000469
core   0: 0x80009fc4 (0x02c621b3) mulhsu  gp, a2, a2
core   0: 3 0x80009fc4 (0x02c621b3) x3  0x00000000
core   0: 0x80009fc8 (0x000086f9) c.srai  a3, 30
core   0: 3 0x80009fc8 (0x86f9) x13 0xffffffff
core   0: 0x80009fca (0x013be663) bltu    s7, s3, pc + 12
core   0: 3 0x80009fca (0x013be663)
core   0: 0x80009fce (0x2635e1b7) lui     gp, 0x2635e
core   0: 3 0x80009fce (0x2635e1b7) x3  0x2635e000
core   0: 0x80009fd2 (0x86110413) addi    s0, sp, -1951
core   0: 3 0x80009fd2 (0x86110413) x8  0xfffff863
core   0: 0x80009fd6 (0x0101f863) bgeu    gp, a6, pc + 16
core   0: 3 0x80009fd6 (0x0101f863)
core   0: 0x80009fe6 (0x00008d81) c.sub   a1, s0
core   0: 3 0x80009fe6 (0x8d81) x11 0x00000abd
core   0: 0x80009fe8 (0x00008c6d) c.and   s0, a1
core   0: 3 0x80009fe8 (0x8c6d) x8  0x00000821
core   0: 0x80009fea (0x01887733) and     a4, a6, s8
core   0: 3 0x80009fea (0x01887733) x14 0x00000000
core   0: 0x80009fee (0x000b17b3) sll     a5, s6, zero
core   0: 3 0x80009fee (0x000b17b3) x15 0xffffc365
core   0: 0x80009ff2 (0x0000804d) c.srli  s0, 19
core   0: 3 0x80009ff2 (0x804d) x8  0x00000000
core   0: 0x80009ff4 (0x01dad8b3) srl     a7, s5, t4
core   0: 3 0x80009ff4 (0x01dad8b3) x17 0x00000004
core   0: 0x80009ff8 (0x409b5693) srai    a3, s6, 9
core   0: 3 0x80009ff8 (0x409b5693) x13 0xffffffe1
core   0: 0x80009ffc (0x0244fc33) remu    s8, s1, tp
core   0: 3 0x80009ffc (0x0244fc33) x24 0x00000004
core   0: 0x8000a000 (0x00006e69) c.lui   t3, 0x1a
core   0: 3 0x8000a000 (0x6e69) x28 0x0001a000
core   0: 0x8000a002 (0x016450b3) srl     ra, s0, s6
core   0: 3 0x8000a002 (0x016450b3) x1  0x00000000
core   0: 0x8000a006 (0x023e0fb3) mul     t6, t3, gp
core   0: 3 0x8000a006 (0x023e0fb3) x31 0x8c000000
core   0: 0x8000a00a (0x0000137d) c.addi  t1, -1
core   0: 3 0x8000a00a (0x137d) x6  0x00000762
core   0: 0x8000a00c (0x7a104c13) xori    s8, zero, 1953
core   0: 3 0x8000a00c (0x7a104c13) x24 0x000007a1
core   0: 0x8000a010 (0x00008dbd) c.xor   a1, a5
core   0: 3 0x8000a010 (0x8dbd) x11 0xffffc9d8
core   0: 0x8000a012 (0x01995413) srli    s0, s2, 25
core   0: 3 0x8000a012 (0x01995413) x8  0x00000040
core   0: 0x8000a016 (0x1e6b6593) ori     a1, s6, 486
core   0: 3 0x8000a016 (0x1e6b6593) x11 0xffffc3e7
core   0: 0x8000a01a (0x00cb21b3) slt     gp, s6, a2
core   0: 3 0x8000a01a (0x00cb21b3) x3  0x00000001
core   0: 0x8000a01e (0x41b38033) sub     zero, t2, s11
core   0: 3 0x8000a01e (0x41b38033)
core   0: 0x8000a022 (0x00658b33) add     s6, a1, t1
core   0: 3 0x8000a022 (0x00658b33) x22 0xffffcb49
core   0: 0x8000a026 (0x00008686) c.mv    a3, ra
core   0: 3 0x8000a026 (0x8686) x13 0x00000000
core   0: 0x8000a028 (0x00aa5763) bge     s4, a0, pc + 14
core   0: 3 0x8000a028 (0x00aa5763)
core   0: 0x8000a02c (0x0000e719) c.bnez  a4, pc + 14
core   0: 3 0x8000a02c (0xe719)
core   0: 0x8000a02e (0x0000e319) c.bnez  a4, pc + 6
core   0: 3 0x8000a02e (0xe319)
core   0: 0x8000a030 (0x0000ed11) c.bnez  a0, pc + 28
core   0: 3 0x8000a030 (0xed11)
core   0: 0x8000a04c (0x00000b1c) c.addi4spn a5, sp, 400
core   0: 3 0x8000a04c (0x0b1c) x15 0x00000192
core   0: 0x8000a04e (0x5864aa93) slti    s5, s1, 1414
core   0: 3 0x8000a04e (0x5864aa93) x21 0x00000001
core   0: 0x8000a052 (0x010ce463) bltu    s9, a6, pc + 8
core   0: 3 0x8000a052 (0x010ce463)
core   0: 0x8000a05a (0x0000639d) c.lui   t2, 0x7
core   0: 3 0x8000a05a (0x639d) x7  0x00007000
core   0: 0x8000a05c (0x0075d013) srli    zero, a1, 7
core   0: 3 0x8000a05c (0x0075d013)
core   0: 0x8000a060 (0x63280693) addi    a3, a6, 1586
core   0: 3 0x8000a060 (0x63280693) x13 0x00000a9b
core   0: 0x8000a064 (0x0122f4b3) and     s1, t0, s2
core   0: 3 0x8000a064 (0x0122f4b3) x9  0x00000000
core   0: 0x8000a068 (0x022f8833) mul     a6, t6, sp
core   0: 3 0x8000a068 (0x022f8833) x16 0x18000000
core   0: 0x8000a06c (0x000003c9) c.addi  t2, 18
core   0: 3 0x8000a06c (0x03c9) x7  0x00007012
core   0: 0x8000a06e (0x000058fd) c.li    a7, -1
core   0: 3 0x8000a06e (0x58fd) x17 0xffffffff
core   0: 0x8000a070 (0x00000356) c.slli  t1, 21
core   0: 3 0x8000a070 (0x0356) x6  0xec400000
core   0: 0x8000a072 (0x09bdeb63) bltu    s11, s11, pc + 150
core   0: 3 0x8000a072 (0x09bdeb63)
core   0: 0x8000a076 (0x021da7b3) mulhsu  a5, s11, ra
core   0: 3 0x8000a076 (0x021da7b3) x15 0x00000000
core   0: 0x8000a07a (0x022f7db3) remu    s11, t5, sp
core   0: 3 0x8000a07a (0x022f7db3) x27 0x00000000
core   0: 0x8000a07e (0x0146a1b3) slt     gp, a3, s4
core   0: 3 0x8000a07e (0x0146a1b3) x3  0x00000000
core   0: 0x8000a082 (0xbdc00093) li      ra, -1060
core   0: 3 0x8000a082 (0xbdc00093) x1  0xfffffbdc
core   0: 0x8000a086 (0x00009bb6) c.add   s7, a3
core   0: 3 0x8000a086 (0x9bb6) x23 0x00000712
core   0: 0x8000a088 (0x0959e063) bltu    s3, s5, pc + 128
core   0: 3 0x8000a088 (0x0959e063)
core   0: 0x8000a108 (0x036f5963) bge     t5, s6, pc + 50
core   0: 3 0x8000a108 (0x036f5963)
core   0: 0x8000a13a (0x4196b293) sltiu   t0, a3, 1049
core   0: 3 0x8000a13a (0x4196b293) x5  0x00000000
core   0: 0x8000a13e (0x40bc88b3) sub     a7, s9, a1
core   0: 3 0x8000a13e (0x40bc88b3) x17 0x00003c51
core   0: 0x8000a142 (0x00008cdd) c.or    s1, a5
core   0: 3 0x8000a142 (0x8cdd) x9  0x00000000
core   0: 0x8000a144 (0x011c6b63) bltu    s8, a7, pc + 22
core   0: 3 0x8000a144 (0x011c6b63)
core   0: 0x8000a15a (0x0000cb91) c.beqz  a5, pc + 20
core   0: 3 0x8000a15a (0xcb91)
core   0: 0x8000a16e (0x00008d95) c.sub   a1, a3
core   0: 3 0x8000a16e (0x8d95) x11 0xffffb94c
core   0: 0x8000a170 (0x02817ab3) remu    s5, sp, s0
core   0: 3 0x8000a170 (0x02817ab3) x21 0x00000002
core   0: 0x8000a174 (0x01a81893) slli    a7, a6, 26
core   0: 3 0x8000a174 (0x01a81893) x17 0x00000000
core   0: 0x8000a178 (0x41f35193) srai    gp, t1, 31
core   0: 3 0x8000a178 (0x41f35193) x3  0xffffffff
core   0: 0x8000a17c (0x0000698d) c.lui   s3, 0x3
core   0: 3 0x8000a17c (0x698d) x19 0x00003000
core   0: 0x8000a17e (0x033f16b3) mulh    a3, t5, s3
core   0: 3 0x8000a17e (0x033f16b3) x13 0x00000000
core   0: 0x8000a182 (0x89bec893) xori    a7, t4, -1893
core   0: 3 0x8000a182 (0x89bec893) x17 0xfbc9089b
core   0: 0x8000a186 (0x00008ec1) c.or    a3, s0
core   0: 3 0x8000a186 (0x8ec1) x13 0x00000040
core   0: 0x8000a188 (0x03e08a63) beq     ra, t5, pc + 52
core   0: 3 0x8000a188 (0x03e08a63)
core   0: 0x8000a18c (0x034fd363) bge     t6, s4, pc + 38
core   0: 3 0x8000a18c (0x034fd363)
core   0: 0x8000a1b2 (0x01d3c233) xor     tp, t2, t4
core   0: 3 0x8000a1b2 (0x01d3c233) x4  0x04368012
core   0: 0x8000a1b6 (0x00008f41) c.or    a4, s0
core   0: 3 0x8000a1b6 (0x8f41) x14 0x00000040
core   0: 0x8000a1b8 (0x02d5d2b3) divu    t0, a1, a3
core   0: 3 0x8000a1b8 (0x02d5d2b3) x5  0x03fffee5
core   0: 0x8000a1bc (0x005c1bb3) sll     s7, s8, t0
core   0: 3 0x8000a1bc (0x005c1bb3) x23 0x0000f420
core   0: 0x8000a1c0 (0x01bb7733) and     a4, s6, s11
core   0: 3 0x8000a1c0 (0x01bb7733) x14 0x00000000
core   0: 0x8000a1c4 (0x00008f8d) c.sub   a5, a1
core   0: 3 0x8000a1c4 (0x8f8d) x15 0x000046b4
core   0: 0x8000a1c6 (0x00001c8c) c.addi4spn a1, sp, 624
core   0: 3 0x8000a1c6 (0x1c8c) x11 0x00000272
core   0: 0x8000a1c8 (0x01f27b33) and     s6, tp, t6
core   0: 3 0x8000a1c8 (0x01f27b33) x22 0x04000000
core   0: 0x8000a1cc (0x00000236) c.slli  tp, 13
core   0: 3 0x8000a1cc (0x0236) x4  0xd0024000
core   0: 0x8000a1ce (0x00001d7d) c.addi  s10, -1
core   0: 3 0x8000a1ce (0x1d7d) x26 0xffffffff
core   0: 0x8000a1d0 (0x01fe38b3) sltu    a7, t3, t6
core   0: 3 0x8000a1d0 (0x01fe38b3) x17 0x00000001
core   0: 0x8000a1d4 (0x00000001) c.nop
core   0: 3 0x8000a1d4 (0x0001)
core   0: 0x8000a1d6 (0x00006db1) c.lui   s11, 0xc
core   0: 3 0x8000a1d6 (0x6db1) x27 0x0000c000
core   0: 0x8000a1d8 (0x6aed0713) addi    a4, s10, 1710
core   0: 3 0x8000a1d8 (0x6aed0713) x14 0x000006ad
core   0: 0x8000a1dc (0x015d6bb3) or      s7, s10, s5
core   0: 3 0x8000a1dc (0x015d6bb3) x23 0xffffffff
core   0: 0x8000a1e0 (0x00008f41) c.or    a4, s0
core   0: 3 0x8000a1e0 (0x8f41) x14 0x000006ed
core   0: 0x8000a1e2 (0x403a5ab3) sra     s5, s4, gp
core   0: 3 0x8000a1e2 (0x403a5ab3) x21 0xffffffff
core   0: 0x8000a1e6 (0x00006331) c.lui   t1, 0xc
core   0: 3 0x8000a1e6 (0x6331) x6  0x0000c000
core   0: 0x8000a1e8 (0x000098ae) c.add   a7, a1
core   0: 3 0x8000a1e8 (0x98ae) x17 0x00000273
core   0: 0x8000a1ea (0x027fecb3) rem     s9, t6, t2
core   0: 3 0x8000a1ea (0x027fecb3) x25 0xffff9182
core   0: 0x8000a1ee (0x0335d333) divu    t1, a1, s3
core   0: 3 0x8000a1ee (0x0335d333) x6  0x00000000
core   0: 0x8000a1f2 (0xf9e9a297) auipc   t0, 0xf9e9a
core   0: 3 0x8000a1f2 (0xf9e9a297) x5  0x79ea41f2
core   0: 0x8000a1f6 (0x021ffe63) bgeu    t6, ra, pc + 60
core   0: 3 0x8000a1f6 (0x021ffe63)
core   0: 0x8000a1fa (0x000089d2) c.mv    s3, s4
core   0: 3 0x8000a1fa (0x89d2) x19 0x80029ce4
core   0: 0x8000a1fc (0x73692113) slti    sp, s2, 1846
core   0: 3 0x8000a1fc (0x73692113) x2  0x00000001
core   0: 0x8000a200 (0x00008c41) c.or    s0, s0
core   0: 3 0x8000a200 (0x8c41) x8  0x00000040
core   0: 0x8000a202 (0x41ab89b3) sub     s3, s7, s10
core   0: 3 0x8000a202 (0x41ab89b3) x19 0x00000000
core   0: 0x8000a206 (0x023b3833) mulhu   a6, s6, gp
core   0: 3 0x8000a206 (0x023b3833) x16 0x03ffffff
core   0: 0x8000a20a (0x000015fd) c.addi  a1, -1
core   0: 3 0x8000a20a (0x15fd) x11 0x00000271
core   0: 0x8000a20c (0x023db9b3) mulhu   s3, s11, gp
core   0: 3 0x8000a20c (0x023db9b3) x19 0x0000bfff
core   0: 0x8000a210 (0x00001e1c) c.addi4spn a5, sp, 816
core   0: 3 0x8000a210 (0x1e1c) x15 0x00000331
core   0: 0x8000a212 (0x0000527d) c.li    tp, -1
core   0: 3 0x8000a212 (0x527d) x4  0xffffffff
core   0: 0x8000a214 (0xecd2b1b7) lui     gp, 0xecd2b
core   0: 3 0x8000a214 (0xecd2b1b7) x3  0xecd2b000
core   0: 0x8000a218 (0x03b0b7b3) mulhu   a5, ra, s11
core   0: 3 0x8000a218 (0x03b0b7b3) x15 0x0000bfff
core   0: 0x8000a21c (0x014b7563) bgeu    s6, s4, pc + 10
core   0: 3 0x8000a21c (0x014b7563)
core   0: 0x8000a220 (0x020f7f63) bgeu    t5, zero, pc + 62
core   0: 3 0x8000a220 (0x020f7f63)
core   0: 0x8000a25e (0x00fc1313) slli    t1, s8, 15
core   0: 3 0x8000a25e (0x00fc1313) x6  0x03d08000
core   0: 0x8000a262 (0x3f370337) lui     t1, 0x3f370
core   0: 3 0x8000a262 (0x3f370337) x6  0x3f370000
core   0: 0x8000a266 (0x00008a8a) c.mv    s5, sp
core   0: 3 0x8000a266 (0x8a8a) x21 0x00000001
core   0: 0x8000a268 (0xaec2fe13) andi    t3, t0, -1300
core   0: 3 0x8000a268 (0xaec2fe13) x28 0x79ea40e0
core   0: 0x8000a26c (0x00009b7d) c.andi  a4, -1
core   0: 3 0x8000a26c (0x9b7d) x14 0x000006ed
core   0: 0x8000a26e (0xa5ac6493) ori     s1, s8, -1446
core   0: 3 0x8000a26e (0xa5ac6493) x9  0xfffffffb
core   0: 0x8000a272 (0xcb680793) addi    a5, a6, -842
core   0: 3 0x8000a272 (0xcb680793) x15 0x03fffcb5
core   0: 0x8000a276 (0xef82c293) xori    t0, t0, -264
core   0: 3 0x8000a276 (0xef82c293) x5  0x8615bf0a
core   0: 0x8000a27a (0x026eed33) rem     s10, t4, t1
core   0: 3 0x8000a27a (0x026eed33) x26 0x0436f000
core   0: 0x8000a27e (0x035aa733) mulhsu  a4, s5, s5
core   0: 3 0x8000a27e (0x035aa733) x14 0x00000000
core   0: 0x8000a282 (0x02a7c3b3) div     t2, a5, a0
core   0: 3 0x8000a282 (0x02a7c3b3) x7  0xffffef1b
core   0: 0x8000a286 (0xa8834393) xori    t2, t1, -1400
core   0: 3 0x8000a286 (0xa8834393) x7  0xc0c8fa88
core   0: 0x8000a28a (0x00006515) c.lui   a0, 0x5
core   0: 3 0x8000a28a (0x6515) x10 0x00005000
core   0: 0x8000a28c (0x0000c01d) c.beqz  s0, pc + 38
core   0: 3 0x8000a28c (0xc01d)
core   0: 0x8000a28e (0x00008c9d) c.sub   s1, a5
core   0: 3 0x8000a28e (0x8c9d) x9  0xfc000346
core   0: 0x8000a290 (0x01630463) beq     t1, s6, pc + 8
core   0: 3 0x8000a290 (0x01630463)
core   0: 0x8000a294 (0x00006b4d) c.lui   s6, 0x13
core   0: 3 0x8000a294 (0x6b4d) x22 0x00013000
core   0: 0x8000a296 (0x00008d81) c.sub   a1, s0
core   0: 3 0x8000a296 (0x8d81) x11 0x00000231
core   0: 0x8000a298 (0x00009afd) c.andi  a3, -1
core   0: 3 0x8000a298 (0x9afd) x13 0x00000040
core   0: 0x8000a29a (0x8b590213) addi    tp, s2, -1867
core   0: 3 0x8000a29a (0x8b590213) x4  0x800256a1
core   0: 0x8000a29e (0x0139e563) bltu    s3, s3, pc + 10
core   0: 3 0x8000a29e (0x0139e563)
core   0: 0x8000a2a2 (0x00000b29) c.addi  s6, 10
core   0: 3 0x8000a2a2 (0x0b29) x22 0x0001300a
core   0: 0x8000a2a4 (0x01e60eb3) add     t4, a2, t5
core   0: 3 0x8000a2a4 (0x01e60eb3) x29 0x00000000
core   0: 0x8000a2a8 (0xd66f4693) xori    a3, t5, -666
core   0: 3 0x8000a2a8 (0xd66f4693) x13 0xfffffd66
core   0: 0x8000a2ac (0x00006115) c.addi16sp sp, 288
core   0: 3 0x8000a2ac (0x6115) x2  0x00000121
core   0: 0x8000a2ae (0x41638533) sub     a0, t2, s6
core   0: 3 0x8000a2ae (0x41638533) x10 0xc0c7ca7e
core   0: 0x8000a2b2 (0x00008d51) c.or    a0, a2
core   0: 3 0x8000a2b2 (0x8d51) x10 0xc0c7ca7e
core   0: 0x8000a2b4 (0x41c7d233) sra     tp, a5, t3
core   0: 3 0x8000a2b4 (0x41c7d233) x4  0x03fffcb5
core   0: 0x8000a2b8 (0x02cb8763) beq     s7, a2, pc + 46
core   0: 3 0x8000a2b8 (0x02cb8763)
core   0: 0x8000a2bc (0x000050fd) c.li    ra, -1
core   0: 3 0x8000a2bc (0x50fd) x1  0xffffffff
core   0: 0x8000a2be (0xcaa4f193) andi    gp, s1, -854
core   0: 3 0x8000a2be (0xcaa4f193) x3  0xfc000002
core   0: 0x8000a2c2 (0x4026da93) srai    s5, a3, 2
core   0: 3 0x8000a2c2 (0x4026da93) x21 0xffffff59
core   0: 0x8000a2c6 (0x03bd16b3) mulh    a3, s10, s11
core   0: 3 0x8000a2c6 (0x03bd16b3) x13 0x00000329
core   0: 0x8000a2ca (0x00008c1d) c.sub   s0, a5
core   0: 3 0x8000a2ca (0x8c1d) x8  0xfc00038b
core   0: 0x8000a2cc (0x003a9b33) sll     s6, s5, gp
core   0: 3 0x8000a2cc (0x003a9b33) x22 0xfffffd64
core   0: 0x8000a2d0 (0x00008dcd) c.or    a1, a1
core   0: 3 0x8000a2d0 (0x8dcd) x11 0x00000231
core   0: 0x8000a2d2 (0x022341b3) div     gp, t1, sp
core   0: 3 0x8000a2d2 (0x022341b3) x3  0x0037ff1d
core   0: 0x8000a2d6 (0x58d63513) sltiu   a0, a2, 1421
core   0: 3 0x8000a2d6 (0x58d63513) x10 0x00000001
core   0: 0x8000a2da (0x039aa9b3) mulhsu  s3, s5, s9
core   0: 3 0x8000a2da (0x039aa9b3) x19 0xffffff59
core   0: 0x8000a2de (0x0000812d) c.srli  a0, 11
core   0: 3 0x8000a2de (0x812d) x10 0x00000000
core   0: 0x8000a2e0 (0x0000ed05) c.bnez  a0, pc + 56
core   0: 3 0x8000a2e0 (0xed05)
core   0: 0x8000a2e2 (0x00545513) srli    a0, s0, 5
core   0: 3 0x8000a2e2 (0x00545513) x10 0x07e0001c
core   0: 0x8000a2e6 (0x00008c92) c.mv    s9, tp
core   0: 3 0x8000a2e6 (0x8c92) x25 0x03fffcb5
core   0: 0x8000a2e8 (0x00006135) c.addi16sp sp, 352
core   0: 3 0x8000a2e8 (0x6135) x2  0x00000281
core   0: 0x8000a2ea (0x404187b3) sub     a5, gp, tp
core   0: 3 0x8000a2ea (0x404187b3) x15 0xfc380268
core   0: 0x8000a2ee (0x01d85a63) bge     a6, t4, pc + 20
core   0: 3 0x8000a2ee (0x01d85a63)
core   0: 0x8000a302 (0x0167ff63) bgeu    a5, s6, pc + 30
core   0: 3 0x8000a302 (0x0167ff63)
core   0: 0x8000a306 (0x00a38c63) beq     t2, a0, pc + 24
core   0: 3 0x8000a306 (0x00a38c63)
core   0: 0x8000a30a (0x006938b3) sltu    a7, s2, t1
core   0: 3 0x8000a30a (0x006938b3) x17 0x00000000
core   0: 0x8000a30e (0x03bbdfb3) divu    t6, s7, s11
core   0: 3 0x8000a30e (0x03bbdfb3) x31 0x00015555
core   0: 0x8000a312 (0x0148fc33) and     s8, a7, s4
core   0: 3 0x8000a312 (0x0148fc33) x24 0x00000000
core   0: 0x8000a316 (0x0000717d) c.addi16sp sp, -16
core   0: 3 0x8000a316 (0x717d) x2  0x00000271
core   0: 0x8000a318 (0x4076d8b3) sra     a7, a3, t2
core   0: 3 0x8000a318 (0x4076d8b3) x17 0x00000003
core   0: 0x8000a31c (0x0000717d) c.addi16sp sp, -16
core   0: 3 0x8000a31c (0x717d) x2  0x00000261
core   0: 0x8000a31e (0x0000008e) c.slli  ra, 3
core   0: 3 0x8000a31e (0x008e) x1  0xfffffff8
core   0: 0x8000a320 (0x02fa76b3) remu    a3, s4, a5
core   0: 3 0x8000a320 (0x02fa76b3) x13 0x80029ce4
core   0: 0x8000a324 (0x0000e189) c.bnez  a1, pc + 2
core   0: 3 0x8000a324 (0xe189)
core   0: 0x8000a326 (0x0000806d) c.srli  s0, 27
core   0: 3 0x8000a326 (0x806d) x8  0x0000001f
core   0: 0x8000a328 (0x00000001) c.nop
core   0: 3 0x8000a328 (0x0001)
core   0: 0x8000a32a (0x022e24b3) mulhsu  s1, t3, sp
core   0: 3 0x8000a32a (0x022e24b3) x9  0x00000122
core   0: 0x8000a32e (0x00008eb5) c.xor   a3, a3
core   0: 3 0x8000a32e (0x8eb5) x13 0x00000000
core   0: 0x8000a330 (0x03004b63) blt     zero, a6, pc + 54
core   0: 3 0x8000a330 (0x03004b63)
core   0: 0x8000a366 (0x02c4eb63) bltu    s1, a2, pc + 54
core   0: 3 0x8000a366 (0x02c4eb63)
core   0: 0x8000a36a (0x00058bb3) add     s7, a1, zero
core   0: 3 0x8000a36a (0x00058bb3) x23 0x00000231
core   0: 0x8000a36e (0x03896333) rem     t1, s2, s8
core   0: 3 0x8000a36e (0x03896333) x6  0x80025dec
core   0: 0x8000a372 (0x03050e33) mul     t3, a0, a6
core   0: 3 0x8000a372 (0x03050e33) x28 0x681fffe4
core   0: 0x8000a376 (0x01a19833) sll     a6, gp, s10
core   0: 3 0x8000a376 (0x01a19833) x16 0x0037ff1d
core   0: 0x8000a37a (0x11b79ab7) lui     s5, 0x11b79
core   0: 3 0x8000a37a (0x11b79ab7) x21 0x11b79000
core   0: 0x8000a37e (0x011bca63) blt     s7, a7, pc + 20
core   0: 3 0x8000a37e (0x011bca63)
core   0: 0x8000a382 (0x031f7e63) bgeu    t5, a7, pc + 60
core   0: 3 0x8000a382 (0x031f7e63)
core   0: 0x8000a386 (0x71f03793) sltiu   a5, zero, 1823
core   0: 3 0x8000a386 (0x71f03793) x15 0x00000001
core   0: 0x8000a38a (0x00008cbd) c.xor   s1, a5
core   0: 3 0x8000a38a (0x8cbd) x9  0x00000123
core   0: 0x8000a38c (0x0000987d) c.andi  s0, -1
core   0: 3 0x8000a38c (0x987d) x8  0x0000001f
core   0: 0x8000a38e (0x00781c93) slli    s9, a6, 7
core   0: 3 0x8000a38e (0x00781c93) x25 0x1bff8e80
core   0: 0x8000a392 (0x000099fd) c.andi  a1, -1
core   0: 3 0x8000a392 (0x99fd) x11 0x00000231
core   0: 0x8000a394 (0x03fd1033) mulh    zero, s10, t6
core   0: 3 0x8000a394 (0x03fd1033)
core   0: 0x8000a398 (0x41d75193) srai    gp, a4, 29
core   0: 3 0x8000a398 (0x41d75193) x3  0x00000000
core   0: 0x8000a39c (0x04985263) bge     a6, s1, pc + 68
core   0: 3 0x8000a39c (0x04985263)
core   0: 0x8000a3e0 (0x0000717d) c.addi16sp sp, -16
core   0: 3 0x8000a3e0 (0x717d) x2  0x00000251
core   0: 0x8000a3e2 (0x02c3f733) remu    a4, t2, a2
core   0: 3 0x8000a3e2 (0x02c3f733) x14 0xc0c8fa88
core   0: 0x8000a3e6 (0x03592fb3) mulhsu  t6, s2, s5
core   0: 3 0x8000a3e6 (0x03592fb3) x31 0xf72461ef
core   0: 0x8000a3ea (0x021f6b33) rem     s6, t5, ra
core   0: 3 0x8000a3ea (0x021f6b33) x22 0x00000000
core   0: 0x8000a3ee (0x01ffa733) slt     a4, t6, t6
core   0: 3 0x8000a3ee (0x01ffa733) x14 0x00000000
core   0: 0x8000a3f2 (0x0000c595) c.beqz  a1, pc + 44
core   0: 3 0x8000a3f2 (0xc595)
core   0: 0x8000a3f4 (0x00008ec9) c.or    a3, a0
core   0: 3 0x8000a3f4 (0x8ec9) x13 0x07e0001c
core   0: 0x8000a3f6 (0xf635ed13) ori     s10, a1, -157
core   0: 3 0x8000a3f6 (0xf635ed13) x26 0xffffff73
core   0: 0x8000a3fa (0x00004155) c.li    sp, 21
core   0: 3 0x8000a3fa (0x4155) x2  0x00000015
core   0: 0x8000a3fc (0x009cfd33) and     s10, s9, s1
core   0: 3 0x8000a3fc (0x009cfd33) x26 0x00000000
core   0: 0x8000a400 (0x00cce833) or      a6, s9, a2
core   0: 3 0x8000a400 (0x00cce833) x16 0x1bff8e80
core   0: 0x8000a404 (0x0000c819) c.beqz  s0, pc + 22
core   0: 3 0x8000a404 (0xc819)
core   0: 0x8000a406 (0x0b126593) ori     a1, tp, 177
core   0: 3 0x8000a406 (0x0b126593) x11 0x03fffcb5
core   0: 0x8000a40a (0x0264ee63) bltu    s1, t1, pc + 60
core   0: 3 0x8000a40a (0x0264ee63)
core   0: 0x8000a446 (0xd1aee393) ori     t2, t4, -742
core   0: 3 0x8000a446 (0xd1aee393) x7  0xfffffd1a
core   0: 0x8000a44a (0x023b6a63) bltu    s6, gp, pc + 52
core   0: 3 0x8000a44a (0x023b6a63)
core   0: 0x8000a44e (0x000099fd) c.andi  a1, -1
core   0: 3 0x8000a44e (0x99fd) x11 0x03fffcb5
core   0: 0x8000a450 (0x02eb2fb3) mulhsu  t6, s6, a4
core   0: 3 0x8000a450 (0x02eb2fb3) x31 0x00000000
core   0: 0x8000a454 (0x00000001) c.nop
core   0: 3 0x8000a454 (0x0001)
core   0: 0x8000a456 (0xeb838813) addi    a6, t2, -328
core   0: 3 0x8000a456 (0xeb838813) x16 0xfffffbd2
core   0: 0x8000a45a (0x0035c863) blt     a1, gp, pc + 16
core   0: 3 0x8000a45a (0x0035c863)
core   0: 0x8000a45e (0x0000015e) c.slli  sp, 23
core   0: 3 0x8000a45e (0x015e) x2  0x0a800000
core   0: 0x8000a460 (0x003d9e13) slli    t3, s11, 3
core   0: 3 0x8000a460 (0x003d9e13) x28 0x00060000
core   0: 0x8000a464 (0x00609c63) bne     ra, t1, pc + 24
core   0: 3 0x8000a464 (0x00609c63)
core   0: 0x8000a47c (0x000080e6) c.mv    ra, s9
core   0: 3 0x8000a47c (0x80e6) x1  0x1bff8e80
core   0: 0x8000a47e (0x09ab7893) andi    a7, s6, 154
core   0: 3 0x8000a47e (0x09ab7893) x17 0x00000000
core   0: 0x8000a482 (0x000065a1) c.lui   a1, 0x8
core   0: 3 0x8000a482 (0x65a1) x11 0x00008000
core   0: 0x8000a484 (0xc9832d13) slti    s10, t1, -872
core   0: 3 0x8000a484 (0xc9832d13) x26 0x00000001
core   0: 0x8000a488 (0x02614db3) div     s11, sp, t1
core   0: 3 0x8000a488 (0x02614db3) x27 0x00000000
core   0: 0x8000a48c (0x00e87963) bgeu    a6, a4, pc + 18
core   0: 3 0x8000a48c (0x00e87963)
core   0: 0x8000a49e (0x41d68733) sub     a4, a3, t4
core   0: 3 0x8000a49e (0x41d68733) x14 0x07e0001c
core   0: 0x8000a4a2 (0x000088d5) c.andi  s1, 21
core   0: 3 0x8000a4a2 (0x88d5) x9  0x00000001
core   0: 0x8000a4a4 (0x031da833) mulhsu  a6, s11, a7
core   0: 3 0x8000a4a4 (0x031da833) x16 0x00000000
core   0: 0x8000a4a8 (0x00000886) c.slli  a7, 1
core   0: 3 0x8000a4a8 (0x0886) x17 0x00000000
core   0: 0x8000a4aa (0x000edab3) srl     s5, t4, zero
core   0: 3 0x8000a4aa (0x000edab3) x21 0x00000000
core   0: 0x8000a4ae (0x00001d08) c.addi4spn a0, sp, 688
core   0: 3 0x8000a4ae (0x1d08) x10 0x0a8002b0
core   0: 0x8000a4b0 (0x00542033) slt     zero, s0, t0
core   0: 3 0x8000a4b0 (0x00542033)
core   0: 0x8000a4b4 (0x0000034e) c.slli  t1, 19
core   0: 3 0x8000a4b4 (0x034e) x6  0xef600000
core   0: 0x8000a4b6 (0xf511f213) andi    tp, gp, -175
core   0: 3 0x8000a4b6 (0xf511f213) x4  0x00000000
core   0: 0x8000a4ba (0x03f79db3) mulh    s11, a5, t6
core   0: 3 0x8000a4ba (0x03f79db3) x27 0x00000000
core   0: 0x8000a4be (0x019fbe33) sltu    t3, t6, s9
core   0: 3 0x8000a4be (0x019fbe33) x28 0x00000001
core   0: 0x8000a4c2 (0x0040d5b3) srl     a1, ra, tp
core   0: 3 0x8000a4c2 (0x0040d5b3) x11 0x1bff8e80
core   0: 0x8000a4c6 (0x036ce763) bltu    s9, s6, pc + 46
core   0: 3 0x8000a4c6 (0x036ce763)
core   0: 0x8000a4ca (0xe22dfd13) andi    s10, s11, -478
core   0: 3 0x8000a4ca (0xe22dfd13) x26 0x00000000
core   0: 0x8000a4ce (0x01452b33) slt     s6, a0, s4
core   0: 3 0x8000a4ce (0x01452b33) x22 0x00000000
core   0: 0x8000a4d2 (0x00008d7d) c.and   a0, a5
core   0: 3 0x8000a4d2 (0x8d7d) x10 0x00000000
core   0: 0x8000a4d4 (0x0000859d) c.srai  a1, 7
core   0: 3 0x8000a4d4 (0x859d) x11 0x0037ff1d
core   0: 0x8000a4d6 (0x036c5db3) divu    s11, s8, s6
core   0: 3 0x8000a4d6 (0x036c5db3) x27 0xffffffff
core   0: 0x8000a4da (0xbab91bb7) lui     s7, 0xbab91
core   0: 3 0x8000a4da (0xbab91bb7) x23 0xbab91000
core   0: 0x8000a4de (0x017932b3) sltu    t0, s2, s7
core   0: 3 0x8000a4de (0x017932b3) x5  0x00000001
core   0: 0x8000a4e2 (0x00913ab3) sltu    s5, sp, s1
core   0: 3 0x8000a4e2 (0x00913ab3) x21 0x00000000
core   0: 0x8000a4e6 (0x00000180) c.addi4spn s0, sp, 192
core   0: 3 0x8000a4e6 (0x0180) x8  0x0a8000c0
core   0: 0x8000a4e8 (0xcfd77413) andi    s0, a4, -771
core   0: 3 0x8000a4e8 (0xcfd77413) x8  0x07e0001c
core   0: 0x8000a4ec (0x026227b3) mulhsu  a5, tp, t1
core   0: 3 0x8000a4ec (0x026227b3) x15 0x00000000
core   0: 0x8000a4f0 (0x03b815b3) mulh    a1, a6, s11
core   0: 3 0x8000a4f0 (0x03b815b3) x11 0x00000000
core   0: 0x8000a4f4 (0x0000e3a1) c.bnez  a5, pc + 64
core   0: 3 0x8000a4f4 (0xe3a1)
core   0: 0x8000a4f6 (0x40b75b13) srai    s6, a4, 11
core   0: 3 0x8000a4f6 (0x40b75b13) x22 0x0000fc00
core   0: 0x8000a4fa (0x0351e9b3) rem     s3, gp, s5
core   0: 3 0x8000a4fa (0x0351e9b3) x19 0x00000000
core   0: 0x8000a4fe (0x7b3b7b93) andi    s7, s6, 1971
core   0: 3 0x8000a4fe (0x7b3b7b93) x23 0x00000400
core   0: 0x8000a502 (0x0000844a) c.mv    s0, s2
core   0: 3 0x8000a502 (0x844a) x8  0x80025dec
core   0: 0x8000a504 (0x033f8b63) beq     t6, s3, pc + 54
core   0: 3 0x8000a504 (0x033f8b63)
core   0: 0x8000a53a (0x00008f21) c.xor   a4, s0
core   0: 3 0x8000a53a (0x8f21) x14 0x87e25df0
core   0: 0x8000a53c (0x020fc033) div     zero, t6, zero
core   0: 3 0x8000a53c (0x020fc033)
core   0: 0x8000a540 (0x47a0b197) auipc   gp, 0x47a0b
core   0: 3 0x8000a540 (0x47a0b197) x3  0xc7a15540
core   0: 0x8000a544 (0x000014fd) c.addi  s1, -1
core   0: 3 0x8000a544 (0x14fd) x9  0x00000000
core   0: 0x8000a546 (0xa5083f97) auipc   t6, 0xa5083
core   0: 3 0x8000a546 (0xa5083f97) x31 0x2508d546
core   0: 0x8000a54a (0x0335c563) blt     a1, s3, pc + 42
core   0: 3 0x8000a54a (0x0335c563)
core   0: 0x8000a54e (0x038d4f63) blt     s10, s8, pc + 62
core   0: 3 0x8000a54e (0x038d4f63)
core   0: 0x8000a552 (0x0000717d) c.addi16sp sp, -16
core   0: 3 0x8000a552 (0x717d) x2  0x0a7ffff0
core   0: 0x8000a554 (0x01269b13) slli    s6, a3, 18
core   0: 3 0x8000a554 (0x01269b13) x22 0x00700000
core   0: 0x8000a558 (0x037473b3) remu    t2, s0, s7
core   0: 3 0x8000a558 (0x037473b3) x7  0x000001ec
core   0: 0x8000a55c (0x416f8233) sub     tp, t6, s6
core   0: 3 0x8000a55c (0x416f8233) x4  0x2498d546
core   0: 0x8000a560 (0x6782f013) andi    zero, t0, 1656
core   0: 3 0x8000a560 (0x6782f013)
core   0: 0x8000a564 (0x00008c5d) c.or    s0, a5
core   0: 3 0x8000a564 (0x8c5d) x8  0x80025dec
core   0: 0x8000a566 (0x000001fe) c.slli  gp, 31
core   0: 3 0x8000a566 (0x01fe) x3  0x00000000
core   0: 0x8000a568 (0x037cf5b3) remu    a1, s9, s7
core   0: 3 0x8000a568 (0x037cf5b3) x11 0x00000280
core   0: 0x8000a56c (0x01da5033) srl     zero, s4, t4
core   0: 3 0x8000a56c (0x01da5033)
core   0: 0x8000a570 (0x02f55fb3) divu    t6, a0, a5
core   0: 3 0x8000a570 (0x02f55fb3) x31 0xffffffff
core   0: 0x8000a574 (0x0322bfb3) mulhu   t6, t0, s2
core   0: 3 0x8000a574 (0x0322bfb3) x31 0x00000000
core   0: 0x8000a578 (0x0234bc33) mulhu   s8, s1, gp
core   0: 3 0x8000a578 (0x0234bc33) x24 0x00000000
core   0: 0x8000a57c (0xfd2a0213) addi    tp, s4, -46
core   0: 3 0x8000a57c (0xfd2a0213) x4  0x80029cb6
core   0: 0x8000a580 (0xff55ae13) slti    t3, a1, -11
core   0: 3 0x8000a580 (0xff55ae13) x28 0x00000000
core   0: 0x8000a584 (0x01e2df63) bge     t0, t5, pc + 30
core   0: 3 0x8000a584 (0x01e2df63)
core   0: 0x8000a5a2 (0x01170a63) beq     a4, a7, pc + 20
core   0: 3 0x8000a5a2 (0x01170a63)
core   0: 0x8000a5a6 (0x00005ffd) c.li    t6, -1
core   0: 3 0x8000a5a6 (0x5ffd) x31 0xffffffff
core   0: 0x8000a5a8 (0x038b6563) bltu    s6, s8, pc + 42
core   0: 3 0x8000a5a8 (0x038b6563)
core   0: 0x8000a5ac (0x00006591) c.lui   a1, 0x4
core   0: 3 0x8000a5ac (0x6591) x11 0x00004000
core   0: 0x8000a5ae (0x03771d63) bne     a4, s7, pc + 58
core   0: 3 0x8000a5ae (0x03771d63)
core   0: 0x8000a5e8 (0x01dd5993) srli    s3, s10, 29
core   0: 3 0x8000a5e8 (0x01dd5993) x19 0x00000000
core   0: 0x8000a5ec (0x4180d193) srai    gp, ra, 24
core   0: 3 0x8000a5ec (0x4180d193) x3  0x0000001b
core   0: 0x8000a5f0 (0x2f128f93) addi    t6, t0, 753
core   0: 3 0x8000a5f0 (0x2f128f93) x31 0x000002f2
core   0: 0x8000a5f4 (0x00000001) c.nop
core   0: 3 0x8000a5f4 (0x0001)
core   0: 0x8000a5f6 (0x0000817d) c.srli  a0, 31
core   0: 3 0x8000a5f6 (0x817d) x10 0x00000000
core   0: 0x8000a5f8 (0x0000819e) c.mv    gp, t2
core   0: 3 0x8000a5f8 (0x819e) x3  0x000001ec
core   0: 0x8000a5fa (0x00000001) c.nop
core   0: 3 0x8000a5fa (0x0001)
core   0: 0x8000a5fc (0x8810c997) auipc   s3, 0x8810c
core   0: 3 0x8000a5fc (0x8810c997) x19 0x081165fc
core   0: 0x8000a600 (0x01c29663) bne     t0, t3, pc + 12
core   0: 3 0x8000a600 (0x01c29663)
core   0: 0x8000a60c (0x00006769) c.lui   a4, 0x1a
core   0: 3 0x8000a60c (0x6769) x14 0x0001a000
core   0: 0x8000a60e (0x0b34f563) bgeu    s1, s3, pc + 170
core   0: 3 0x8000a60e (0x0b34f563)
core   0: 0x8000a612 (0x00006e17) auipc   t3, 0x6
core   0: 3 0x8000a612 (0x00006e17) x28 0x80010612
core   0: 0x8000a616 (0xf0de0e13) addi    t3, t3, -243
core   0: 3 0x8000a616 (0xf0de0e13) x28 0x8001051f
core   0: 0x8000a61a (0x14ea3f13) sltiu   t5, s4, 334
core   0: 3 0x8000a61a (0x14ea3f13) x30 0x00000000
core   0: 0x8000a61e (0xf90fff37) lui     t5, 0xf90ff
core   0: 3 0x8000a61e (0xf90fff37) x30 0xf90ff000
core   0: 0x8000a622 (0xc71e5483) lhu     s1, -911(t3)
core   0: 3 0x8000a622 (0xc71e5483) x9  0x00005f2c mem 0x80010190
core   0: 0x8000a626 (0xf23e5383) lhu     t2, -221(t3)
core   0: 3 0x8000a626 (0xf23e5383) x7  0x00000f7f mem 0x80010442
core   0: 0x8000a62a (0x37be1ca3) sh      s11, 889(t3)
core   0: 3 0x8000a62a (0x37be1ca3) mem 0x80010898 0xffff
core   0: 0x8000a62e (0x69be0383) lb      t2, 1691(t3)
core   0: 3 0x8000a62e (0x69be0383) x7  0xffffffde mem 0x80010bba
core   0: 0x8000a632 (0xf56cf493) andi    s1, s9, -170
core   0: 3 0x8000a632 (0xf56cf493) x9  0x1bff8e00
core   0: 0x8000a636 (0xc3be07a3) sb      s11, -977(t3)
core   0: 3 0x8000a636 (0xc3be07a3) mem 0x8001014e 0xff
core   0: 0x8000a63a (0x01436233) or      tp, t1, s4
core   0: 3 0x8000a63a (0x01436233) x4  0xef629ce4
core   0: 0x8000a63e (0xbe7e4a83) lbu     s5, -1049(t3)
core   0: 3 0x8000a63e (0xbe7e4a83) x21 0x00000056 mem 0x80010106
core   0: 0x8000a642 (0x00000df2) c.slli  s11, 28
core   0: 3 0x8000a642 (0x0df2) x27 0xf0000000
core   0: 0x8000a644 (0x148e0283) lb      t0, 328(t3)
core   0: 3 0x8000a644 (0x148e0283) x5  0x0000007f mem 0x80010667
core   0: 0x8000a648 (0x00008f66) c.mv    t5, s9
core   0: 3 0x8000a648 (0x8f66) x30 0x1bff8e80
core   0: 0x8000a64a (0x1fee4b03) lbu     s6, 510(t3)
core   0: 3 0x8000a64a (0x1fee4b03) x22 0x00000080 mem 0x8001071d
core   0: 0x8000a64e (0xe0fe0503) lb      a0, -497(t3)
core   0: 3 0x8000a64e (0xe0fe0503) x10 0x00000000 mem 0x8001032e
core   0: 0x8000a652 (0x6a1e2783) lw      a5, 1697(t3)
core   0: 3 0x8000a652 (0x6a1e2783) x15 0x9c10d3e1 mem 0x80010bc0
core   0: 0x8000a656 (0x70ee4c83) lbu     s9, 1806(t3)
core   0: 3 0x8000a656 (0x70ee4c83) x25 0x000000c4 mem 0x80010c2d
core   0: 0x8000a65a (0xe6ee13a3) sh      a4, -409(t3)
core   0: 3 0x8000a65a (0xe6ee13a3) mem 0x80010386 0xa000
core   0: 0x8000a65e (0xda0e0103) lb      sp, -608(t3)
core   0: 3 0x8000a65e (0xda0e0103) x2  0xffffffdf mem 0x800102bf
core   0: 0x8000a662 (0xce2e0c03) lb      s8, -798(t3)
core   0: 3 0x8000a662 (0xce2e0c03) x24 0xffffffff mem 0x80010201
core   0: 0x8000a666 (0x7252ad13) slti    s10, t0, 1829
core   0: 3 0x8000a666 (0x7252ad13) x26 0x00000001
core   0: 0x8000a66a (0x00008841) c.andi  s0, 16
core   0: 3 0x8000a66a (0x8841) x8  0x00000000
core   0: 0x8000a66c (0x7eee0d23) sb      a4, 2042(t3)
core   0: 3 0x8000a66c (0x7eee0d23) mem 0x80010d19 0x00
core   0: 0x8000a670 (0xd97e1283) lh      t0, -617(t3)
core   0: 3 0x8000a670 (0xd97e1283) x5  0xffffcc0b mem 0x800102b6
core   0: 0x8000a674 (0x73ee0303) lb      t1, 1854(t3)
core   0: 3 0x8000a674 (0x73ee0303) x6  0xffffffb8 mem 0x80010c5d
core   0: 0x8000a678 (0xdcfab493) sltiu   s1, s5, -561
core   0: 3 0x8000a678 (0xdcfab493) x9  0x00000001
core   0: 0x8000a67c (0x03e45233) divu    tp, s0, t5
core   0: 3 0x8000a67c (0x03e45233) x4  0x00000000
core   0: 0x8000a680 (0x69766393) ori     t2, a2, 1687
core   0: 3 0x8000a680 (0x69766393) x7  0x00000697
core   0: 0x8000a684 (0x01ddd493) srli    s1, s11, 29
core   0: 3 0x8000a684 (0x01ddd493) x9  0x00000007
core   0: 0x8000a688 (0xc1ae4003) lbu     zero, -998(t3)
core   0: 3 0x8000a688 (0xc1ae4003) mem 0x80010139
core   0: 0x8000a68c (0xc48e2ca3) sw      s0, -935(t3)
core   0: 3 0x8000a68c (0xc48e2ca3) mem 0x80010178 0x00000000
core   0: 0x8000a690 (0x49de5c83) lhu     s9, 1181(t3)
core   0: 3 0x8000a690 (0x49de5c83) x25 0x00000b61 mem 0x800109bc
core   0: 0x8000a694 (0x63fe1d83) lh      s11, 1599(t3)
core   0: 3 0x8000a694 (0x63fe1d83) x27 0xfffff5b6 mem 0x80010b5e
core   0: 0x8000a698 (0xd20e0a23) sb      zero, -716(t3)
core   0: 3 0x8000a698 (0xd20e0a23) mem 0x80010253 0x00
core   0: 0x8000a69c (0x229e4f83) lbu     t6, 553(t3)
core   0: 3 0x8000a69c (0x229e4f83) x31 0x00000068 mem 0x80010748
core   0: 0x8000a6a0 (0xcd3e0b23) sb      s3, -810(t3)
core   0: 3 0x8000a6a0 (0xcd3e0b23) mem 0x800101f5 0xfc
core   0: 0x8000a6a4 (0xb2be0e83) lb      t4, -1237(t3)
core   0: 3 0x8000a6a4 (0xb2be0e83) x29 0xffffffe3 mem 0x8001004a
core   0: 0x8000a6a8 (0x0177a533) slt     a0, a5, s7
core   0: 3 0x8000a6a8 (0x0177a533) x10 0x00000001
core   0: 0x8000a6ac (0x00008f61) c.and   a4, s0
core   0: 3 0x8000a6ac (0x8f61) x14 0x00000000
core   0: 0x8000a6ae (0x0307db33) divu    s6, a5, a6
core   0: 3 0x8000a6ae (0x0307db33) x22 0xffffffff
core   0: 0x8000a6b2 (0x000098b6) c.add   a7, a3
core   0: 3 0x8000a6b2 (0x98b6) x17 0x07e0001c
core   0: 0x8000a6b4 (0x3cde3737) lui     a4, 0x3cde3
core   0: 3 0x8000a6b4 (0x3cde3737) x14 0x3cde3000
core   0: 0x8000a6b8 (0x00008f11) c.sub   a4, a2
core   0: 3 0x8000a6b8 (0x8f11) x14 0x3cde3000
core   0: 0x8000a6ba (0x003d33b3) sltu    t2, s10, gp
core   0: 3 0x8000a6ba (0x003d33b3) x7  0x00000001
core   0: 0x8000a6be (0xb9810113) addi    sp, sp, -1128
core   0: 3 0x8000a6be (0xb9810113) x2  0xfffffb77
core   0: 0x8000a6c2 (0x50063717) auipc   a4, 0x50063
core   0: 3 0x8000a6c2 (0x50063717) x14 0xd006d6c2
core   0: 0x8000a6c6 (0x000090ca) c.add   ra, s2
core   0: 3 0x8000a6c6 (0x90ca) x1  0x9c01ec6c
core   0: 0x8000a6c8 (0x011f1763) bne     t5, a7, pc + 14
core   0: 3 0x8000a6c8 (0x011f1763)
core   0: 0x8000a6d6 (0x00e13733) sltu    a4, sp, a4
core   0: 3 0x8000a6d6 (0x00e13733) x14 0x00000000
core   0: 0x8000a6da (0x03f2a033) mulhsu  zero, t0, t6
core   0: 3 0x8000a6da (0x03f2a033)
core   0: 0x8000a6de (0x01831e33) sll     t3, t1, s8
core   0: 3 0x8000a6de (0x01831e33) x28 0x00000000
core   0: 0x8000a6e2 (0x00008925) c.andi  a0, 9
core   0: 3 0x8000a6e2 (0x8925) x10 0x00000001
core   0: 0x8000a6e4 (0x006fe263) bltu    t6, t1, pc + 4
core   0: 3 0x8000a6e4 (0x006fe263)
core   0: 0x8000a6e8 (0x0369ee33) rem     t3, s3, s6
core   0: 3 0x8000a6e8 (0x0369ee33) x28 0x00000000
core   0: 0x8000a6ec (0x002f5963) bge     t5, sp, pc + 18
core   0: 3 0x8000a6ec (0x002f5963)
core   0: 0x8000a6fe (0x0090da93) srli    s5, ra, 9
core   0: 3 0x8000a6fe (0x0090da93) x21 0x004e00f6
core   0: 0x8000a702 (0x02228b33) mul     s6, t0, sp
core   0: 3 0x8000a702 (0x02228b33) x22 0x00eba21d
core   0: 0x8000a706 (0x410b8c33) sub     s8, s7, a6
core   0: 3 0x8000a706 (0x410b8c33) x24 0x00000400
core   0: 0x8000a70a (0x036da7b3) mulhsu  a5, s11, s6
core   0: 3 0x8000a70a (0x036da7b3) x15 0xfffffff6
core   0: 0x8000a70e (0x418bd213) srai    tp, s7, 24
core   0: 3 0x8000a70e (0x418bd213) x4  0x00000000
core   0: 0x8000a712 (0x0000cf1d) c.beqz  a4, pc + 62
core   0: 3 0x8000a712 (0xcf1d)
core   0: 0x8000a750 (0x0182d733) srl     a4, t0, s8
core   0: 3 0x8000a750 (0x0182d733) x14 0xffffcc0b
core   0: 0x8000a754 (0x00000001) c.nop
core   0: 3 0x8000a754 (0x0001)
core   0: 0x8000a756 (0x00006105) c.addi16sp sp, 32
core   0: 3 0x8000a756 (0x6105) x2  0xfffffb97
core   0: 0x8000a758 (0x40df5e33) sra     t3, t5, a3
core   0: 3 0x8000a758 (0x40df5e33) x28 0x00000001
core   0: 0x8000a75c (0x00001b80) c.addi4spn s0, sp, 496
core   0: 3 0x8000a75c (0x1b80) x8  0xfffffd87
core   0: 0x8000a75e (0x00006297) auipc   t0, 0x6
core   0: 3 0x8000a75e (0x00006297) x5  0x8001075e
core   0: 0x8000a762 (0xffb28293) addi    t0, t0, -5
core   0: 3 0x8000a762 (0xffb28293) x5  0x80010759
core   0: 0x8000a766 (0xffc28a83) lb      s5, -4(t0)
core   0: 3 0x8000a766 (0xffc28a83) x21 0x0000002b mem 0x80010755
core   0: 0x8000a76a (0x000057fd) c.li    a5, -1
core   0: 3 0x8000a76a (0x57fd) x15 0xffffffff
core   0: 0x8000a76c (0x0042c203) lbu     tp, 4(t0)
core   0: 3 0x8000a76c (0x0042c203) x4  0x00000099 mem 0x8001075d
core   0: 0x8000a770 (0xff028d23) sb      a6, -6(t0)
core   0: 3 0x8000a770 (0xff028d23) mem 0x80010753 0x00
core   0: 0x8000a774 (0x00528183) lb      gp, 5(t0)
core   0: 3 0x8000a774 (0x00528183) x3  0xffffff81 mem 0x8001075e
core   0: 0x8000a778 (0x00b2a703) lw      a4, 11(t0)
core   0: 3 0x8000a778 (0x00b2a703) x14 0xd1f5de22 mem 0x80010764
core   0: 0x8000a77c (0x00b28c83) lb      s9, 11(t0)
core   0: 3 0x8000a77c (0x00b28c83) x25 0x00000022 mem 0x80010764
core   0: 0x8000a780 (0x00b2af83) lw      t6, 11(t0)
core   0: 3 0x8000a780 (0x00b2af83) x31 0xd1f5de22 mem 0x80010764
core   0: 0x8000a784 (0x002295a3) sh      sp, 11(t0)
core   0: 3 0x8000a784 (0x002295a3) mem 0x80010764 0xfb97
core   0: 0x8000a788 (0x013297a3) sh      s3, 15(t0)
core   0: 3 0x8000a788 (0x013297a3) mem 0x80010768 0x65fc
core   0: 0x8000a78c (0xffa28303) lb      t1, -6(t0)
core   0: 3 0x8000a78c (0xffa28303) x6  0x00000000 mem 0x80010753
core   0: 0x8000a790 (0xeda32293) slti    t0, t1, -294
core   0: 3 0x8000a790 (0xeda32293) x5  0x00000000
core   0: 0x8000a794 (0x00008c21) c.xor   s0, s0
core   0: 3 0x8000a794 (0x8c21) x8  0x00000000
core   0: 0x8000a796 (0x02fa9533) mulh    a0, s5, a5
core   0: 3 0x8000a796 (0x02fa9533) x10 0xffffffff
core   0: 0x8000a79a (0x08a48193) addi    gp, s1, 138
core   0: 3 0x8000a79a (0x08a48193) x3  0x00000091
core   0: 0x8000a79e (0x56fa4b97) auipc   s7, 0x56fa4
core   0: 3 0x8000a79e (0x56fa4b97) x23 0xd6fae79e
core   0: 0x8000a7a2 (0x00fd2433) slt     s0, s10, a5
core   0: 3 0x8000a7a2 (0x00fd2433) x8  0x00000000
core   0: 0x8000a7a6 (0x02bb9533) mulh    a0, s7, a1
core   0: 3 0x8000a7a6 (0x02bb9533) x10 0xfffff5be
core   0: 0x8000a7aa (0x2cafa813) slti    a6, t6, 714
core   0: 3 0x8000a7aa (0x2cafa813) x16 0x00000001
core   0: 0x8000a7ae (0x04c21263) bne     tp, a2, pc + 68
core   0: 3 0x8000a7ae (0x04c21263)
core   0: 0x8000a7f2 (0x00000498) c.addi4spn a4, sp, 576
core   0: 3 0x8000a7f2 (0x0498) x14 0xfffffdd7
core   0: 0x8000a7f4 (0x00000001) c.nop
core   0: 3 0x8000a7f4 (0x0001)
core   0: 0x8000a7f6 (0xe086a713) slti    a4, a3, -504
core   0: 3 0x8000a7f6 (0xe086a713) x14 0x00000000
core   0: 0x8000a7fa (0x00e0fbb3) and     s7, ra, a4
core   0: 3 0x8000a7fa (0x00e0fbb3) x23 0x00000000
core   0: 0x8000a7fe (0x4029da93) srai    s5, s3, 2
core   0: 3 0x8000a7fe (0x4029da93) x21 0x0204597f
core   0: 0x8000a802 (0x0d928893) addi    a7, t0, 217
core   0: 3 0x8000a802 (0x0d928893) x17 0x000000d9
core   0: 0x8000a806 (0x00008d19) c.sub   a0, a4
core   0: 3 0x8000a806 (0x8d19) x10 0xfffff5be
core   0: 0x8000a808 (0x01f59bb3) sll     s7, a1, t6
core   0: 3 0x8000a808 (0x01f59bb3) x23 0x00010000
core   0: 0x8000a80c (0x13364893) xori    a7, a2, 307
core   0: 3 0x8000a80c (0x13364893) x17 0x00000133
core   0: 0x8000a810 (0x00008ae2) c.mv    s5, s8
core   0: 3 0x8000a810 (0x8ae2) x21 0x00000400
core   0: 0x8000a812 (0x0253d133) divu    sp, t2, t0
core   0: 3 0x8000a812 (0x0253d133) x2  0xffffffff
core   0: 0x8000a816 (0x0110df33) srl     t5, ra, a7
core   0: 3 0x8000a816 (0x0110df33) x30 0x00001380
core   0: 0x8000a81a (0x0000e985) c.bnez  a1, pc + 48
core   0: 3 0x8000a81a (0xe985)
core   0: 0x8000a84a (0x40c7d593) srai    a1, a5, 12
core   0: 3 0x8000a84a (0x40c7d593) x11 0xffffffff
core   0: 0x8000a84e (0x025607b3) mul     a5, a2, t0
core   0: 3 0x8000a84e (0x025607b3) x15 0x00000000
core   0: 0x8000a852 (0x444fca97) auipc   s5, 0x444fc
core   0: 3 0x8000a852 (0x444fca97) x21 0xc4506852
core   0: 0x8000a856 (0x867fe293) ori     t0, t6, -1945
core   0: 3 0x8000a856 (0x867fe293) x5  0xfffffe67
core   0: 0x8000a85a (0x005a1793) slli    a5, s4, 5
core   0: 3 0x8000a85a (0x005a1793) x15 0x00539c80
core   0: 0x8000a85e (0x00000001) c.nop
core   0: 3 0x8000a85e (0x0001)
core   0: 0x8000a860 (0x40b35813) srai    a6, t1, 11
core   0: 3 0x8000a860 (0x40b35813) x16 0x00000000
core   0: 0x8000a864 (0x006acab3) xor     s5, s5, t1
core   0: 3 0x8000a864 (0x006acab3) x21 0xc4506852
core   0: 0x8000a868 (0x00008fc9) c.or    a5, a0
core   0: 3 0x8000a868 (0x8fc9) x15 0xfffffdbe
core   0: 0x8000a86a (0x00008cb5) c.xor   s1, a3
core   0: 3 0x8000a86a (0x8cb5) x9  0x07e0001b
core   0: 0x8000a86c (0x02eeb1b3) mulhu   gp, t4, a4
core   0: 3 0x8000a86c (0x02eeb1b3) x3  0x00000000
core   0: 0x8000a870 (0x01de4d33) xor     s10, t3, t4
core   0: 3 0x8000a870 (0x01de4d33) x26 0xffffffe2
core   0: 0x8000a874 (0x02307e33) remu    t3, zero, gp
core   0: 3 0x8000a874 (0x02307e33) x28 0x00000000
core   0: 0x8000a878 (0x07b86d13) ori     s10, a6, 123
core   0: 3 0x8000a878 (0x07b86d13) x26 0x0000007b
core   0: 0x8000a87c (0x000004c9) c.addi  s1, 18
core   0: 3 0x8000a87c (0x04c9) x9  0x07e0002d
core   0: 0x8000a87e (0x0000018e) c.slli  gp, 3
core   0: 3 0x8000a87e (0x018e) x3  0x00000000
core   0: 0x8000a880 (0x00008c59) c.or    s0, a4
core   0: 3 0x8000a880 (0x8c59) x8  0x00000000
core   0: 0x8000a882 (0x4157dd13) srai    s10, a5, 21
core   0: 3 0x8000a882 (0x4157dd13) x26 0xffffffff
core   0: 0x8000a886 (0x00008d4d) c.or    a0, a1
core   0: 3 0x8000a886 (0x8d4d) x10 0xffffffff
core   0: 0x8000a888 (0x00005c7d) c.li    s8, -1
core   0: 3 0x8000a888 (0x5c7d) x24 0xffffffff
core   0: 0x8000a88a (0x00008429) c.srai  s0, 10
core   0: 3 0x8000a88a (0x8429) x8  0x00000000
core   0: 0x8000a88c (0x00035693) srli    a3, t1, 0
core   0: 3 0x8000a88c (0x00035693) x13 0x00000000
core   0: 0x8000a890 (0x0000851d) c.srai  a0, 7
core   0: 3 0x8000a890 (0x851d) x10 0xffffffff
core   0: 0x8000a892 (0x00000001) c.nop
core   0: 3 0x8000a892 (0x0001)
core   0: 0x8000a894 (0x00008c3d) c.xor   s0, a5
core   0: 3 0x8000a894 (0x8c3d) x8  0xfffffdbe
core   0: 0x8000a896 (0x00dbcd33) xor     s10, s7, a3
core   0: 3 0x8000a896 (0x00dbcd33) x26 0x00010000
core   0: 0x8000a89a (0x023d20b3) mulhsu  ra, s10, gp
core   0: 3 0x8000a89a (0x023d20b3) x1  0x00000000
core   0: 0x8000a89e (0x00008d21) c.xor   a0, s0
core   0: 3 0x8000a89e (0x8d21) x10 0x00000241
core   0: 0x8000a8a0 (0x018e4c63) blt     t3, s8, pc + 24
core   0: 3 0x8000a8a0 (0x018e4c63)
core   0: 0x8000a8a4 (0x037f2fb3) mulhsu  t6, t5, s7
core   0: 3 0x8000a8a4 (0x037f2fb3) x31 0x00000000
core   0: 0x8000a8a8 (0x00a725b3) slt     a1, a4, a0
core   0: 3 0x8000a8a8 (0x00a725b3) x11 0x00000001
core   0: 0x8000a8ac (0x03bee363) bltu    t4, s11, pc + 38
core   0: 3 0x8000a8ac (0x03bee363)
core   0: 0x8000a8b0 (0x00b45563) bge     s0, a1, pc + 10
core   0: 3 0x8000a8b0 (0x00b45563)
core   0: 0x8000a8b4 (0x01ba9863) bne     s5, s11, pc + 16
core   0: 3 0x8000a8b4 (0x01ba9863)
core   0: 0x8000a8c4 (0x000040e1) c.li    ra, 24
core   0: 3 0x8000a8c4 (0x40e1) x1  0x00000018
core   0: 0x8000a8c6 (0x007afd63) bgeu    s5, t2, pc + 26
core   0: 3 0x8000a8c6 (0x007afd63)
core   0: 0x8000a8e0 (0x0323c4b3) div     s1, t2, s2
core   0: 3 0x8000a8e0 (0x0323c4b3) x9  0x00000000
core   0: 0x8000a8e4 (0x03d44c33) div     s8, s0, t4
core   0: 3 0x8000a8e4 (0x03d44c33) x24 0x00000013
core   0: 0x8000a8e8 (0x00a5a133) slt     sp, a1, a0
core   0: 3 0x8000a8e8 (0x00a5a133) x2  0x00000001
core   0: 0x8000a8ec (0x57c9c293) xori    t0, s3, 1404
core   0: 3 0x8000a8ec (0x57c9c293) x5  0x08116080
core   0: 0x8000a8f0 (0xeb278693) addi    a3, a5, -334
core   0: 3 0x8000a8f0 (0xeb278693) x13 0xfffffc70
core   0: 0x8000a8f4 (0x00008165) c.srli  a0, 25
core   0: 3 0x8000a8f4 (0x8165) x10 0x00000000
core   0: 0x8000a8f6 (0x00399193) slli    gp, s3, 3
core   0: 3 0x8000a8f6 (0x00399193) x3  0x408b2fe0
core   0: 0x8000a8fa (0x00008742) c.mv    a4, a6
core   0: 3 0x8000a8fa (0x8742) x14 0x00000000
core   0: 0x8000a8fc (0xb87f6813) ori     a6, t5, -1145
core   0: 3 0x8000a8fc (0xb87f6813) x16 0xfffffb87
core   0: 0x8000a900 (0x0206f3b3) remu    t2, a3, zero
core   0: 3 0x8000a900 (0x0206f3b3) x7  0xfffffc70
core   0: 0x8000a904 (0x0000c989) c.beqz  a1, pc + 18
core   0: 3 0x8000a904 (0xc989)
core   0: 0x8000a906 (0x03611ab3) mulh    s5, sp, s6
core   0: 3 0x8000a906 (0x03611ab3) x21 0x00000000
core   0: 0x8000a90a (0x00a4ca63) blt     s1, a0, pc + 20
core   0: 3 0x8000a90a (0x00a4ca63)
core   0: 0x8000a90e (0x00008d01) c.sub   a0, s0
core   0: 3 0x8000a90e (0x8d01) x10 0x00000242
core   0: 0x8000a910 (0x00000dd6) c.slli  s11, 21
core   0: 3 0x8000a910 (0x0dd6) x27 0xb6c00000
core   0: 0x8000a912 (0x00616533) or      a0, sp, t1
core   0: 3 0x8000a912 (0x00616533) x10 0x00000001
core   0: 0x8000a916 (0x0000e401) c.bnez  s0, pc + 8
core   0: 3 0x8000a916 (0xe401)
core   0: 0x8000a91e (0x038a9b33) mulh    s6, s5, s8
core   0: 3 0x8000a91e (0x038a9b33) x22 0x00000000
core   0: 0x8000a922 (0x02b578b3) remu    a7, a0, a1
core   0: 3 0x8000a922 (0x02b578b3) x17 0x00000000
core   0: 0x8000a926 (0x03eb71b3) remu    gp, s6, t5
core   0: 3 0x8000a926 (0x03eb71b3) x3  0x00000000
core   0: 0x8000a92a (0x00492083) lw      ra, 4(s2)
core   0: 3 0x8000a92a (0x00492083) x1  0x800059d4 mem 0x80025df0
core   0: 0x8000a92e (0x0387a733) mulhsu  a4, a5, s8
core   0: 3 0x8000a92e (0x0387a733) x14 0xffffffff
core   0: 0x8000a932 (0x00b0db93) srli    s7, ra, 11
core   0: 3 0x8000a932 (0x00b0db93) x23 0x0010000b
core   0: 0x8000a936 (0x04090913) addi    s2, s2, 64
core   0: 3 0x8000a936 (0x04090913) x18 0x80025e2c
core   0: 0x8000a93a (0x000066a9) c.lui   a3, 0xa
core   0: 3 0x8000a93a (0x66a9) x13 0x0000a000
core   0: 0x8000a93c (0x0024d433) srl     s0, s1, sp
core   0: 3 0x8000a93c (0x0024d433) x8  0x00000000
core   0: 0x8000a940 (0x332b7e13) andi    t3, s6, 818
core   0: 3 0x8000a940 (0x332b7e13) x28 0x00000000
core   0: 0x8000a944 (0x00008b93) mv      s7, ra
core   0: 3 0x8000a944 (0x00008b93) x23 0x800059d4
core   0: 0x8000a948 (0x00009b82) c.jalr  s7
core   0: 3 0x8000a948 (0x9b82) x1  0x8000a94a
core   0: 0x800059d4 (0x004000ef) jal     pc + 0x4
core   0: 3 0x800059d4 (0x004000ef) x1  0x800059d8
core   0: 0x800059d8 (0x0220036f) jal     t1, pc + 0x22
core   0: 3 0x800059d8 (0x0220036f) x6  0x800059dc
core   0: 0x800059fa (0x0000b7cd) c.j     pc - 30
core   0: 3 0x800059fa (0xb7cd)
core   0: 0x800059dc (0x012000ef) jal     pc + 0x12
core   0: 3 0x800059dc (0x012000ef) x1  0x800059e0
core   0: 0x800059ee (0x00003fe5) c.jal   pc - 8
core   0: 3 0x800059ee (0x3fe5) x1  0x800059f0
core   0: 0x800059e6 (0x00002009) c.jal   pc + 2
core   0: 3 0x800059e6 (0x2009) x1  0x800059e8
core   0: 0x800059e8 (0x0000a821) c.j     pc + 24
core   0: 3 0x800059e8 (0xa821)
core   0: 0x80005a00 (0xfe1ff4ef) jal     s1, pc - 0x20
core   0: 3 0x80005a00 (0xfe1ff4ef) x9  0x80005a04
core   0: 0x800059e0 (0x0000203d) c.jal   pc + 46
core   0: 3 0x800059e0 (0x203d) x1  0x800059e2
core   0: 0x80005a0e (0x000037dd) c.jal   pc - 26
core   0: 3 0x80005a0e (0x37dd) x1  0x80005a10
core   0: 0x800059f4 (0x014000ef) jal     pc + 0x14
core   0: 3 0x800059f4 (0x014000ef) x1  0x800059f8
core   0: 0x80005a08 (0xff1ff36f) jal     t1, pc - 0x10
core   0: 3 0x80005a08 (0xff1ff36f) x6  0x80005a0c
core   0: 0x800059f8 (0x0000a811) c.j     pc + 20
core   0: 3 0x800059f8 (0xa811)
core   0: 0x80005a0c (0x00003ff9) c.jal   pc - 34
core   0: 3 0x80005a0c (0x3ff9) x1  0x80005a0e
core   0: 0x800059ea (0xff9ff0ef) jal     pc - 0x8
core   0: 3 0x800059ea (0xff9ff0ef) x1  0x800059ee
core   0: 0x800059e2 (0x022000ef) jal     pc + 0x22
core   0: 3 0x800059e2 (0x022000ef) x1  0x800059e6
core   0: 0x80005a04 (0xff9ff0ef) jal     pc - 0x8
core   0: 3 0x80005a04 (0xff9ff0ef) x1  0x80005a08
core   0: 0x800059fc (0xff5ff0ef) jal     pc - 0xc
core   0: 3 0x800059fc (0xff5ff0ef) x1  0x80005a00
core   0: 0x800059f0 (0x020000ef) jal     pc + 0x20
core   0: 3 0x800059f0 (0x020000ef) x1  0x800059f4
core   0: 0x80005a10 (0x0000868d) c.srai  a3, 3
core   0: 3 0x80005a10 (0x868d) x13 0x00001400
core   0: 0x80005a12 (0x0000b297) auipc   t0, 0xb
core   0: 3 0x80005a12 (0x0000b297) x5  0x80010a12
core   0: 0x80005a16 (0xd8a28293) addi    t0, t0, -630
core   0: 3 0x80005a16 (0xd8a28293) x5  0x8001079c
core   0: 0x80005a1a (0x00008c1d) c.sub   s0, a5
core   0: 3 0x80005a1a (0x8c1d) x8  0x00000242
core   0: 0x80005a1c (0x00008ea1) c.xor   a3, s0
core   0: 3 0x80005a1c (0x8ea1) x13 0x00001642
core   0: 0x80005a1e (0x00828883) lb      a7, 8(t0)
core   0: 3 0x80005a1e (0x00828883) x17 0x00000065 mem 0x800107a4
core   0: 0x80005a22 (0x41cddd13) srai    s10, s11, 28
core   0: 3 0x80005a22 (0x41cddd13) x26 0xfffffffb
core   0: 0x80005a26 (0xfee2ae23) sw      a4, -4(t0)
core   0: 3 0x80005a26 (0xfee2ae23) mem 0x80010798 0xffffffff
core   0: 0x80005a2a (0x0005e733) or      a4, a1, zero
core   0: 3 0x80005a2a (0x0005e733) x14 0x00000001
core   0: 0x80005a2e (0x007282a3) sb      t2, 5(t0)
core   0: 3 0x80005a2e (0x007282a3) mem 0x800107a1 0x70
core   0: 0x80005a32 (0x00000001) c.nop
core   0: 3 0x80005a32 (0x0001)
core   0: 0x80005a34 (0x00008145) c.srli  a0, 17
core   0: 3 0x80005a34 (0x8145) x10 0x00000000
core   0: 0x80005a36 (0xff72c983) lbu     s3, -9(t0)
core   0: 3 0x80005a36 (0xff72c983) x19 0x000000cb mem 0x80010793
core   0: 0x80005a3a (0x00b2c383) lbu     t2, 11(t0)
core   0: 3 0x80005a3a (0x00b2c383) x7  0x000000df mem 0x800107a7
core   0: 0x80005a3e (0x00629123) sh      t1, 2(t0)
core   0: 3 0x80005a3e (0x00629123) mem 0x8001079e 0x5a0c
core   0: 0x80005a42 (0x1c2ff513) andi    a0, t6, 450
core   0: 3 0x80005a42 (0x1c2ff513) x10 0x00000000
core   0: 0x80005a46 (0xb4d41237) lui     tp, 0xb4d41
core   0: 3 0x80005a46 (0xb4d41237) x4  0xb4d41000
core   0: 0x80005a4a (0x00000212) c.slli  tp, 4
core   0: 3 0x80005a4a (0x0212) x4  0x4d410000
core   0: 0x80005a4c (0x016c74b3) and     s1, s8, s6
core   0: 3 0x80005a4c (0x016c74b3) x9  0x00000000
core   0: 0x80005a50 (0x01129723) sh      a7, 14(t0)
core   0: 3 0x80005a50 (0x01129723) mem 0x800107aa 0x0065
core   0: 0x80005a54 (0x00008409) c.srai  s0, 2
core   0: 3 0x80005a54 (0x8409) x8  0x00000090
core   0: 0x80005a56 (0x00000001) c.nop
core   0: 3 0x80005a56 (0x0001)
core   0: 0x80005a58 (0x1042f693) andi    a3, t0, 260
core   0: 3 0x80005a58 (0x1042f693) x13 0x00000104
core   0: 0x80005a5c (0x00008e99) c.sub   a3, a4
core   0: 3 0x80005a5c (0x8e99) x13 0x00000103
core   0: 0x80005a5e (0x00008dc9) c.or    a1, a0
core   0: 3 0x80005a5e (0x8dc9) x11 0x00000001
core   0: 0x80005a60 (0x008281a3) sb      s0, 3(t0)
core   0: 3 0x80005a60 (0x008281a3) mem 0x8001079f 0x90
core   0: 0x80005a64 (0xffb2c583) lbu     a1, -5(t0)
core   0: 3 0x80005a64 (0xffb2c583) x11 0x000000da mem 0x80010797
core   0: 0x80005a68 (0x0000836d) c.srli  a4, 27
core   0: 3 0x80005a68 (0x836d) x14 0x00000000
core   0: 0x80005a6a (0x034aa433) mulhsu  s0, s5, s4
core   0: 3 0x80005a6a (0x034aa433) x8  0x00000000
core   0: 0x80005a6e (0x00000001) c.nop
core   0: 3 0x80005a6e (0x0001)
core   0: 0x80005a70 (0xff52cc83) lbu     s9, -11(t0)
core   0: 3 0x80005a70 (0xff52cc83) x25 0x000000d0 mem 0x80010791
core   0: 0x80005a74 (0x0000613d) c.addi16sp sp, 480
core   0: 3 0x80005a74 (0x613d) x2  0x000001e1
core   0: 0x80005a76 (0x0054b9b3) sltu    s3, s1, t0
core   0: 3 0x80005a76 (0x0054b9b3) x19 0x00000001
core   0: 0x80005a7a (0xff928083) lb      ra, -7(t0)
core   0: 3 0x80005a7a (0xff928083) x1  0xffffffbb mem 0x80010795
core   0: 0x80005a7e (0x00328103) lb      sp, 3(t0)
core   0: 3 0x80005a7e (0x00328103) x2  0xffffff90 mem 0x8001079f
core   0: 0x80005a82 (0xec4a4413) xori    s0, s4, -316
core   0: 3 0x80005a82 (0xec4a4413) x8  0x7ffd6220
core   0: 0x80005a86 (0xff429583) lh      a1, -12(t0)
core   0: 3 0x80005a86 (0xff429583) x11 0xffffd0d8 mem 0x80010790
core   0: 0x80005a8a (0x00428703) lb      a4, 4(t0)
core   0: 3 0x80005a8a (0x00428703) x14 0x0000007f mem 0x800107a0
core   0: 0x80005a8e (0x002287a3) sb      sp, 15(t0)
core   0: 3 0x80005a8e (0x002287a3) mem 0x800107ab 0x90
core   0: 0x80005a92 (0x038000ef) jal     pc + 0x38
core   0: 3 0x80005a92 (0x038000ef) x1  0x80005a96
core   0: 0x80005aca (0x00003ffd) c.jal   pc - 2
core   0: 3 0x80005aca (0x3ffd) x1  0x80005acc
core   0: 0x80005ac8 (0x0000b7f9) c.j     pc - 50
core   0: 3 0x80005ac8 (0xb7f9)
core   0: 0x80005a96 (0x004000ef) jal     pc + 0x4
core   0: 3 0x80005a96 (0x004000ef) x1  0x80005a9a
core   0: 0x80005a9a (0x0000a809) c.j     pc + 18
core   0: 3 0x80005a9a (0xa809)
core   0: 0x80005aac (0x00002035) c.jal   pc + 44
core   0: 3 0x80005aac (0x2035) x1  0x80005aae
core   0: 0x80005ad8 (0xffdff16f) jal     sp, pc - 0x4
core   0: 3 0x80005ad8 (0xffdff16f) x2  0x80005adc
core   0: 0x80005ad4 (0xff9ff9ef) jal     s3, pc - 0x8
core   0: 3 0x80005ad4 (0xff9ff9ef) x19 0x80005ad8
core   0: 0x80005acc (0x000037cd) c.jal   pc - 30
core   0: 3 0x80005acc (0x37cd) x1  0x80005ace
core   0: 0x80005aae (0x004000ef) jal     pc + 0x4
core   0: 3 0x80005aae (0x004000ef) x1  0x80005ab2
core   0: 0x80005ab2 (0x0000bfd5) c.j     pc - 12
core   0: 3 0x80005ab2 (0xbfd5)
core   0: 0x80005aa6 (0x00002039) c.jal   pc + 14
core   0: 3 0x80005aa6 (0x2039) x1  0x80005aa8
core   0: 0x80005ab4 (0x0000a039) c.j     pc + 14
core   0: 3 0x80005ab4 (0xa039)
core   0: 0x80005ac2 (0xfe1ff0ef) jal     pc - 0x20
core   0: 3 0x80005ac2 (0xfe1ff0ef) x1  0x80005ac6
core   0: 0x80005aa2 (0x00002019) c.jal   pc + 6
core   0: 3 0x80005aa2 (0x2019) x1  0x80005aa4
core   0: 0x80005aa8 (0x028000ef) jal     pc + 0x28
core   0: 3 0x80005aa8 (0x028000ef) x1  0x80005aac
core   0: 0x80005ad0 (0x000037fd) c.jal   pc - 18
core   0: 3 0x80005ad0 (0x37fd) x1  0x80005ad2
core   0: 0x80005abe (0xffbff0ef) jal     pc - 0x6
core   0: 3 0x80005abe (0xffbff0ef) x1  0x80005ac2
core   0: 0x80005ab8 (0x0000a819) c.j     pc + 22
core   0: 3 0x80005ab8 (0xa819)
core   0: 0x80005ace (0x0000b7f5) c.j     pc - 20
core   0: 3 0x80005ace (0xb7f5)
core   0: 0x80005aba (0x000037cd) c.jal   pc - 30
core   0: 3 0x80005aba (0x37cd) x1  0x80005abc
core   0: 0x80005a9c (0x020009ef) jal     s3, pc + 0x20
core   0: 3 0x80005a9c (0x020009ef) x19 0x80005aa0
core   0: 0x80005abc (0x000037d5) c.jal   pc - 28
core   0: 3 0x80005abc (0x37d5) x1  0x80005abe
core   0: 0x80005aa0 (0x0000a011) c.j     pc + 4
core   0: 3 0x80005aa0 (0xa011)
core   0: 0x80005aa4 (0x0000203d) c.jal   pc + 46
core   0: 3 0x80005aa4 (0x203d) x1  0x80005aa6
core   0: 0x80005ad2 (0x00003fd5) c.jal   pc - 12
core   0: 3 0x80005ad2 (0x3fd5) x1  0x80005ad4
core   0: 0x80005ac6 (0x0000bfc5) c.j     pc - 16
core   0: 3 0x80005ac6 (0xbfc5)
core   0: 0x80005ab6 (0x0000a01d) c.j     pc + 38
core   0: 3 0x80005ab6 (0xa01d)
core   0: 0x80005adc (0x00000001) c.nop
core   0: 3 0x80005adc (0x0001)
core   0: 0x80005ade (0x0000b197) auipc   gp, 0xb
core   0: 3 0x80005ade (0x0000b197) x3  0x80010ade
core   0: 0x80005ae2 (0xd6b18193) addi    gp, gp, -661
core   0: 3 0x80005ae2 (0xd6b18193) x3  0x80010849
core   0: 0x80005ae6 (0x03518e83) lb      t4, 53(gp)
core   0: 3 0x80005ae6 (0x03518e83) x29 0x0000004f mem 0x8001087e
core   0: 0x80005aea (0xfe11d503) lhu     a0, -31(gp)
core   0: 3 0x80005aea (0xfe11d503) x10 0x0000eb14 mem 0x8001082a
core   0: 0x80005aee (0x02b54533) div     a0, a0, a1
core   0: 3 0x80005aee (0x02b54533) x10 0xfffffffc
core   0: 0x80005af2 (0xfcd19aa3) sh      a3, -43(gp)
core   0: 3 0x80005af2 (0xfcd19aa3) mem 0x8001081e 0x0103
core   0: 0x80005af6 (0x41f50eb3) sub     t4, a0, t6
core   0: 3 0x80005af6 (0x41f50eb3) x29 0xfffffffc
core   0: 0x80005afa (0x0000819d) c.srli  a1, 7
core   0: 3 0x80005afa (0x819d) x11 0x01ffffa1
core   0: 0x80005afc (0xfde18683) lb      a3, -34(gp)
core   0: 3 0x80005afc (0xfde18683) x13 0x0000007f mem 0x80010827
core   0: 0x80005b00 (0xfcd19ca3) sh      a3, -39(gp)
core   0: 3 0x80005b00 (0xfcd19ca3) mem 0x80010822 0x007f
core   0: 0x80005b04 (0xfe519503) lh      a0, -27(gp)
core   0: 3 0x80005b04 (0xfe519503) x10 0xffffd7c0 mem 0x8001082e
core   0: 0x80005b08 (0x40ae8533) sub     a0, t4, a0
core   0: 3 0x80005b08 (0x40ae8533) x10 0x0000283c
core   0: 0x80005b0c (0x03d5ddb3) divu    s11, a1, t4
core   0: 3 0x80005b0c (0x03d5ddb3) x27 0x00000000
core   0: 0x80005b10 (0x00000001) c.nop
core   0: 3 0x80005b10 (0x0001)
core   0: 0x80005b12 (0xfdf18923) sb      t6, -46(gp)
core   0: 3 0x80005b12 (0xfdf18923) mem 0x8001081b 0x00
core   0: 0x80005b16 (0x2205e513) ori     a0, a1, 544
core   0: 3 0x80005b16 (0x2205e513) x10 0x01ffffa1
core   0: 0x80005b1a (0x01b6c6b3) xor     a3, a3, s11
core   0: 3 0x80005b1a (0x01b6c6b3) x13 0x0000007f
core   0: 0x80005b1e (0x00008d15) c.sub   a0, a3
core   0: 3 0x80005b1e (0x8d15) x10 0x01ffff22
core   0: 0x80005b20 (0x01418683) lb      a3, 20(gp)
core   0: 3 0x80005b20 (0x01418683) x13 0xffffffe1 mem 0x8001085d
core   0: 0x80005b24 (0x01119e83) lh      t4, 17(gp)
core   0: 3 0x80005b24 (0x01119e83) x29 0x000034c1 mem 0x8001085a
core   0: 0x80005b28 (0x00008d0d) c.sub   a0, a1
core   0: 3 0x80005b28 (0x8d0d) x10 0xffffff81
core   0: 0x80005b2a (0x02a6d533) divu    a0, a3, a0
core   0: 3 0x80005b2a (0x02a6d533) x10 0x00000001
core   0: 0x80005b2e (0xfcd18e23) sb      a3, -36(gp)
core   0: 3 0x80005b2e (0xfcd18e23) mem 0x80010825 0xe1
core   0: 0x80005b32 (0x50409697) auipc   a3, 0x50409
core   0: 3 0x80005b32 (0x50409697) x13 0xd040eb32
core   0: 0x80005b36 (0xfe719f83) lh      t6, -25(gp)
core   0: 3 0x80005b36 (0xfe719f83) x31 0x00000d2f mem 0x80010830
core   0: 0x80005b3a (0x00008a95) c.andi  a3, 5
core   0: 3 0x80005b3a (0x8a95) x13 0x00000000
core   0: 0x80005b3c (0x03fecdb3) div     s11, t4, t6
core   0: 3 0x80005b3c (0x03fecdb3) x27 0x00000004
core   0: 0x80005b40 (0x03b51db3) mulh    s11, a0, s11
core   0: 3 0x80005b40 (0x03b51db3) x27 0x00000000
core   0: 0x80005b44 (0x03b18c23) sb      s11, 56(gp)
core   0: 3 0x80005b44 (0x03b18c23) mem 0x80010881 0x00
core   0: 0x80005b48 (0x0331ce83) lbu     t4, 51(gp)
core   0: 3 0x80005b48 (0x0331ce83) x29 0x00000062 mem 0x8001087c
core   0: 0x80005b4c (0x0361cf83) lbu     t6, 54(gp)
core   0: 3 0x80005b4c (0x0361cf83) x31 0x0000001f mem 0x8001087f
core   0: 0x80005b50 (0x01bdcfb3) xor     t6, s11, s11
core   0: 3 0x80005b50 (0x01bdcfb3) x31 0x00000000
core   0: 0x80005b54 (0x02bfa533) mulhsu  a0, t6, a1
core   0: 3 0x80005b54 (0x02bfa533) x10 0x00000000
core   0: 0x80005b58 (0x01dee6b3) or      a3, t4, t4
core   0: 3 0x80005b58 (0x01dee6b3) x13 0x00000062
core   0: 0x80005b5c (0xfd118e83) lb      t4, -47(gp)
core   0: 3 0x80005b5c (0xfd118e83) x29 0xffffffda mem 0x8001081a
core   0: 0x80005b60 (0x00000001) c.nop
core   0: 3 0x80005b60 (0x0001)
core   0: 0x80005b62 (0x03a18503) lb      a0, 58(gp)
core   0: 3 0x80005b62 (0x03a18503) x10 0xfffffff4 mem 0x80010883
core   0: 0x80005b66 (0x00000fb5) c.addi  t6, 13
core   0: 3 0x80005b66 (0x0fb5) x31 0x0000000d
core   0: 0x80005b68 (0xfebfa513) slti    a0, t6, -21
core   0: 3 0x80005b68 (0xfebfa513) x10 0x00000000
core   0: 0x80005b6c (0x02a193a3) sh      a0, 39(gp)
core   0: 3 0x80005b6c (0x02a193a3) mem 0x80010870 0x0000
core   0: 0x80005b70 (0xfcc18e83) lb      t4, -52(gp)
core   0: 3 0x80005b70 (0xfcc18e83) x29 0xfffffff3 mem 0x80010815
core   0: 0x80005b74 (0x0000bb97) auipc   s7, 0xb
core   0: 3 0x80005b74 (0x0000bb97) x23 0x80010b74
core   0: 0x80005b78 (0xaf1b8b93) addi    s7, s7, -1295
core   0: 3 0x80005b78 (0xaf1b8b93) x23 0x80010665
core   0: 0x80005b7c (0xf8fb9d83) lh      s11, -113(s7)
core   0: 3 0x80005b7c (0xf8fb9d83) x27 0xffffde1b mem 0x800105f4
core   0: 0x80005b80 (0x031bd3b3) divu    t2, s7, a7
core   0: 3 0x80005b80 (0x031bd3b3) x7  0x0144721f
core   0: 0x80005b84 (0x00006ad5) c.lui   s5, 0x15
core   0: 3 0x80005b84 (0x6ad5) x21 0x00015000
core   0: 0x80005b86 (0xfe2b8023) sb      sp, -32(s7)
core   0: 3 0x80005b86 (0xfe2b8023) mem 0x80010645 0xdc
core   0: 0x80005b8a (0x0351a1b3) mulhsu  gp, gp, s5
core   0: 3 0x80005b8a (0x0351a1b3) x3  0xffff5801
core   0: 0x80005b8e (0x024ccb33) div     s6, s9, tp
core   0: 3 0x80005b8e (0x024ccb33) x22 0x00000000
core   0: 0x80005b92 (0xfe7b9883) lh      a7, -25(s7)
core   0: 3 0x80005b92 (0xfe7b9883) x17 0xffff86b9 mem 0x8001064c
core   0: 0x80005b96 (0xf09b8003) lb      zero, -247(s7)
core   0: 3 0x80005b96 (0xf09b8003) mem 0x8001056e
core   0: 0x80005b9a (0xfb7bc183) lbu     gp, -73(s7)
core   0: 3 0x80005b9a (0xfb7bc183) x3  0x00000023 mem 0x8001061c
core   0: 0x80005b9e (0x00052d33) slt     s10, a0, zero
core   0: 3 0x80005b9e (0x00052d33) x26 0x00000000
core   0: 0x80005ba2 (0x03dbdc83) lhu     s9, 61(s7)
core   0: 3 0x80005ba2 (0x03dbdc83) x25 0x00003d0d mem 0x800106a2
core   0: 0x80005ba6 (0xf09b9683) lh      a3, -247(s7)
core   0: 3 0x80005ba6 (0xf09b9683) x13 0xffffb8f0 mem 0x8001056e
core   0: 0x80005baa (0x0a7b9583) lh      a1, 167(s7)
core   0: 3 0x80005baa (0x0a7b9583) x11 0x00001534 mem 0x8001070c
core   0: 0x80005bae (0xfbab85a3) sb      s10, -85(s7)
core   0: 3 0x80005bae (0xfbab85a3) mem 0x80010610 0x00
core   0: 0x80005bb2 (0x78c98413) addi    s0, s3, 1932
core   0: 3 0x80005bb2 (0x78c98413) x8  0x8000622c
core   0: 0x80005bb6 (0x018a9fb3) sll     t6, s5, s8
core   0: 3 0x80005bb6 (0x018a9fb3) x31 0x80000000
core   0: 0x80005bba (0xf76b8803) lb      a6, -138(s7)
core   0: 3 0x80005bba (0xf76b8803) x16 0xffffffdb mem 0x800105db
core   0: 0x80005bbe (0xf5eb8323) sb      t5, -186(s7)
core   0: 3 0x80005bbe (0xf5eb8323) mem 0x800105ab 0x80
core   0: 0x80005bc2 (0x00a99313) slli    t1, s3, 10
core   0: 3 0x80005bc2 (0x00a99313) x6  0x016a8000
core   0: 0x80005bc6 (0xfabbac83) lw      s9, -85(s7)
core   0: 3 0x80005bc6 (0xfabbac83) x25 0x3ae89100 mem 0x80010610
core   0: 0x80005bca (0x0acbce03) lbu     t3, 172(s7)
core   0: 3 0x80005bca (0x0acbce03) x28 0x000000ba mem 0x80010711
core   0: 0x80005bce (0x025442b3) div     t0, s0, t0
core   0: 3 0x80005bce (0x025442b3) x5  0x00000001
core   0: 0x80005bd2 (0x097ba403) lw      s0, 151(s7)
core   0: 3 0x80005bd2 (0x097ba403) x8  0x14e4d0c7 mem 0x800106fc
core   0: 0x80005bd6 (0x000048cd) c.li    a7, 19
core   0: 3 0x80005bd6 (0x48cd) x17 0x00000013
core   0: 0x80005bd8 (0x03ee3b13) sltiu   s6, t3, 62
core   0: 3 0x80005bd8 (0x03ee3b13) x22 0x00000000
core   0: 0x80005bdc (0x098b91a3) sh      s8, 131(s7)
core   0: 3 0x80005bdc (0x098b91a3) mem 0x800106e8 0x0013
core   0: 0x80005be0 (0x000084b1) c.srai  s1, 12
core   0: 3 0x80005be0 (0x84b1) x9  0x00000000
core   0: 0x80005be2 (0x0000717d) c.addi16sp sp, -16
core   0: 3 0x80005be2 (0x717d) x2  0x80005acc
core   0: 0x80005be4 (0x037f9133) mulh    sp, t6, s7
core   0: 3 0x80005be4 (0x037f9133) x2  0x3fff7ccd
core   0: 0x80005be8 (0x00e958b3) srl     a7, s2, a4
core   0: 3 0x80005be8 (0x00e958b3) x17 0x00000001
core   0: 0x80005bec (0x096c8d93) addi    s11, s9, 150
core   0: 3 0x80005bec (0x096c8d93) x27 0x3ae89196
core   0: 0x80005bf0 (0x005bc483) lbu     s1, 5(s7)
core   0: 3 0x80005bf0 (0x005bc483) x9  0x000000ff mem 0x8001066a
core   0: 0x80005bf4 (0x012b8ea3) sb      s2, 29(s7)
core   0: 3 0x80005bf4 (0x012b8ea3) mem 0x80010682 0x2c
core   0: 0x80005bf8 (0x00765c33) srl     s8, a2, t2
core   0: 3 0x80005bf8 (0x00765c33) x24 0x00000000
core   0: 0x80005bfc (0x026c7cb3) remu    s9, s8, t1
core   0: 3 0x80005bfc (0x026c7cb3) x25 0x00000000
core   0: 0x80005c00 (0x00001cfd) c.addi  s9, -1
core   0: 3 0x80005c00 (0x1cfd) x25 0xffffffff
core   0: 0x80005c02 (0x01fbc483) lbu     s1, 31(s7)
core   0: 3 0x80005c02 (0x01fbc483) x9  0x00000000 mem 0x80010684
core   0: 0x80005c06 (0x07ab8403) lb      s0, 122(s7)
core   0: 3 0x80005c06 (0x07ab8403) x8  0x00000000 mem 0x800106df
core   0: 0x80005c0a (0x00eb86a3) sb      a4, 13(s7)
core   0: 3 0x80005c0a (0x00eb86a3) mem 0x80010672 0x7f
core   0: 0x80005c0e (0x006b8b03) lb      s6, 6(s7)
core   0: 3 0x80005c0e (0x006b8b03) x22 0xffffff96 mem 0x8001066b
core   0: 0x80005c12 (0x046bc803) lbu     a6, 70(s7)
core   0: 3 0x80005c12 (0x046bc803) x16 0x00000098 mem 0x800106ab
core   0: 0x80005c16 (0x00018117) auipc   sp, 0x18
core   0: 3 0x80005c16 (0x00018117) x2  0x8001dc16
core   0: 0x80005c1a (0x3b210113) addi    sp, sp, 946
core   0: 3 0x80005c1a (0x3b210113) x2  0x8001dfc8
core   0: 0x80005c1e (0x90111323) sh      ra, -1786(sp)
core   0: 3 0x80005c1e (0x90111323) mem 0x8001d8ce 0x5ad4
core   0: 0x80005c22 (0x00f833b3) sltu    t2, a6, a5
core   0: 3 0x80005c22 (0x00f833b3) x7  0x00000001
core   0: 0x80005c26 (0xa4a11683) lh      a3, -1462(sp)
core   0: 3 0x80005c26 (0xa4a11683) x13 0xffff9f2e mem 0x8001da12
core   0: 0x80005c2a (0x01ff8733) add     a4, t6, t6
core   0: 3 0x80005c2a (0x01ff8733) x14 0x00000000
core   0: 0x80005c2e (0x41da5d93) srai    s11, s4, 29
core   0: 3 0x80005c2e (0x41da5d93) x27 0xfffffffc
core   0: 0x80005c32 (0x00055a93) srli    s5, a0, 0
core   0: 3 0x80005c32 (0x00055a93) x21 0x00000000
core   0: 0x80005c36 (0xd7310403) lb      s0, -653(sp)
core   0: 3 0x80005c36 (0xd7310403) x8  0xffffffbf mem 0x8001dd3b
core   0: 0x80005c3a (0x414251b3) sra     gp, tp, s4
core   0: 3 0x80005c3a (0x414251b3) x3  0x04d41000
core   0: 0x80005c3e (0x00f41693) slli    a3, s0, 15
core   0: 3 0x80005c3e (0x00f41693) x13 0xffdf8000
core   0: 0x80005c42 (0xbe611703) lh      a4, -1050(sp)
core   0: 3 0x80005c42 (0xbe611703) x14 0x00001c70 mem 0x8001dbae
core   0: 0x80005c46 (0x9b414303) lbu     t1, -1612(sp)
core   0: 3 0x80005c46 (0x9b414303) x6  0x000000fc mem 0x8001d97c
core   0: 0x80005c4a (0x00b508b3) add     a7, a0, a1
core   0: 3 0x80005c4a (0x00b508b3) x17 0x00001534
core   0: 0x80005c4e (0x74f12823) sw      a5, 1872(sp)
core   0: 3 0x80005c4e (0x74f12823) mem 0x8001e718 0xfffffdbe
core   0: 0x80005c52 (0xc8d14683) lbu     a3, -883(sp)
core   0: 3 0x80005c52 (0xc8d14683) x13 0x0000005e mem 0x8001dc55
core   0: 0x80005c56 (0x03ad6f33) rem     t5, s10, s10
core   0: 3 0x80005c56 (0x03ad6f33) x30 0x00000000
core   0: 0x80005c5a (0x56610b23) sb      t1, 1398(sp)
core   0: 3 0x80005c5a (0x56610b23) mem 0x8001e53e 0xfc
core   0: 0x80005c5e (0x007fde93) srli    t4, t6, 7
core   0: 3 0x80005c5e (0x007fde93) x29 0x01000000
core   0: 0x80005c62 (0xa8effdb7) lui     s11, 0xa8eff
core   0: 3 0x80005c62 (0xa8effdb7) x27 0xa8eff000
core   0: 0x80005c66 (0xbb310083) lb      ra, -1101(sp)
core   0: 3 0x80005c66 (0xbb310083) x1  0xffffffc7 mem 0x8001db7b
core   0: 0x80005c6a (0x016abb33) sltu    s6, s5, s6
core   0: 3 0x80005c6a (0x016abb33) x22 0x00000001
core   0: 0x80005c6e (0x000005f9) c.addi  a1, 30
core   0: 3 0x80005c6e (0x05f9) x11 0x00001552
core   0: 0x80005c70 (0x6db12223) sw      s11, 1732(sp)
core   0: 3 0x80005c70 (0x6db12223) mem 0x8001e68c 0xa8eff000
core   0: 0x80005c74 (0x20310503) lb      a0, 515(sp)
core   0: 3 0x80005c74 (0x20310503) x10 0xffffff81 mem 0x8001e1cb
core   0: 0x80005c78 (0x00009f8e) c.add   t6, gp
core   0: 3 0x80005c78 (0x9f8e) x31 0x84d41000
core   0: 0x80005c7a (0x37210c83) lb      s9, 882(sp)
core   0: 3 0x80005c7a (0x37210c83) x25 0xffffffa6 mem 0x8001e33a
core   0: 0x80005c7e (0x0000bf17) auipc   t5, 0xb
core   0: 3 0x80005c7e (0x0000bf17) x30 0x80010c7e
core   0: 0x80005c82 (0xd6ff0f13) addi    t5, t5, -657
core   0: 3 0x80005c82 (0xd6ff0f13) x30 0x800109ed
core   0: 0x80005c86 (0x6b0cf697) auipc   a3, 0x6b0cf
core   0: 3 0x80005c86 (0x6b0cf697) x13 0xeb0d4c86
core   0: 0x80005c8a (0x02192cb3) mulhsu  s9, s2, ra
core   0: 3 0x80005c8a (0x02192cb3) x25 0x80025e48
core   0: 0x80005c8e (0x0c9f0303) lb      t1, 201(t5)
core   0: 3 0x80005c8e (0x0c9f0303) x6  0x00000058 mem 0x80010ab6
core   0: 0x80005c92 (0x0cbf14a3) sh      a1, 201(t5)
core   0: 3 0x80005c92 (0x0cbf14a3) mem 0x80010ab6 0x1552
core   0: 0x80005c96 (0x41cbd013) srai    zero, s7, 28
core   0: 3 0x80005c96 (0x41cbd013)
core   0: 0x80005c9a (0x02bfd533) divu    a0, t6, a1
core   0: 3 0x80005c9a (0x02bfd533) x10 0x00063ae9
core   0: 0x80005c9e (0x0c2f14a3) sh      sp, 201(t5)
core   0: 3 0x80005c9e (0x0c2f14a3) mem 0x80010ab6 0xdfc8
core   0: 0x80005ca2 (0x0c9f5f83) lhu     t6, 201(t5)
core   0: 3 0x80005ca2 (0x0c9f5f83) x31 0x0000dfc8 mem 0x80010ab6
core   0: 0x80005ca6 (0x0c9f0d83) lb      s11, 201(t5)
core   0: 3 0x80005ca6 (0x0c9f0d83) x27 0xffffffc8 mem 0x80010ab6
core   0: 0x80005caa (0x0cdf04a3) sb      a3, 201(t5)
core   0: 3 0x80005caa (0x0cdf04a3) mem 0x80010ab6 0x86
core   0: 0x80005cae (0x0cff14a3) sh      a5, 201(t5)
core   0: 3 0x80005cae (0x0cff14a3) mem 0x80010ab6 0xfdbe
core   0: 0x80005cb2 (0x0c9f1e83) lh      t4, 201(t5)
core   0: 3 0x80005cb2 (0x0c9f1e83) x29 0xfffffdbe mem 0x80010ab6
core   0: 0x80005cb6 (0x0000171c) c.addi4spn a5, sp, 928
core   0: 3 0x80005cb6 (0x171c) x15 0x8001e368
core   0: 0x80005cb8 (0x0c9f4283) lbu     t0, 201(t5)
core   0: 3 0x80005cb8 (0x0c9f4283) x5  0x000000be mem 0x80010ab6
core   0: 0x80005cbc (0x0c9f4003) lbu     zero, 201(t5)
core   0: 3 0x80005cbc (0x0c9f4003) mem 0x80010ab6
core   0: 0x80005cc0 (0x0c9f4d83) lbu     s11, 201(t5)
core   0: 3 0x80005cc0 (0x0c9f4d83) x27 0x000000be mem 0x80010ab6
core   0: 0x80005cc4 (0x0c9f0e83) lb      t4, 201(t5)
core   0: 3 0x80005cc4 (0x0c9f0e83) x29 0xffffffbe mem 0x80010ab6
core   0: 0x80005cc8 (0x0c9f1f83) lh      t6, 201(t5)
core   0: 3 0x80005cc8 (0x0c9f1f83) x31 0xfffffdbe mem 0x80010ab6
core   0: 0x80005ccc (0x02f2d333) divu    t1, t0, a5
core   0: 3 0x80005ccc (0x02f2d333) x6  0x00000000
core   0: 0x80005cd0 (0x0dbf04a3) sb      s11, 201(t5)
core   0: 3 0x80005cd0 (0x0dbf04a3) mem 0x80010ab6 0xbe
core   0: 0x80005cd4 (0x0c9f0383) lb      t2, 201(t5)
core   0: 3 0x80005cd4 (0x0c9f0383) x7  0xffffffbe mem 0x80010ab6
core   0: 0x80005cd8 (0x0000587d) c.li    a6, -1
core   0: 3 0x80005cd8 (0x587d) x16 0xffffffff
core   0: 0x80005cda (0x0064d733) srl     a4, s1, t1
core   0: 3 0x80005cda (0x0064d733) x14 0x00000000
core   0: 0x80005cde (0x020c1d33) mulh    s10, s8, zero
core   0: 3 0x80005cde (0x020c1d33) x26 0x00000000
core   0: 0x80005ce2 (0x00004c05) c.li    s8, 1
core   0: 3 0x80005ce2 (0x4c05) x24 0x00000001
core   0: 0x80005ce4 (0x0220dab3) divu    s5, ra, sp
core   0: 3 0x80005ce4 (0x0220dab3) x21 0x00000001
core   0: 0x80005ce8 (0x02356733) rem     a4, a0, gp
core   0: 3 0x80005ce8 (0x02356733) x14 0x00063ae9
core   0: 0x80005cec (0x0000829d) c.srli  a3, 7
core   0: 3 0x80005cec (0x829d) x13 0x01d61a99
core   0: 0x80005cee (0xde9b4993) xori    s3, s6, -535
core   0: 3 0x80005cee (0xde9b4993) x19 0xfffffde8
core   0: 0x80005cf2 (0x40a6da93) srai    s5, a3, 10
core   0: 3 0x80005cf2 (0x40a6da93) x21 0x00007586
core   0: 0x80005cf6 (0x41168533) sub     a0, a3, a7
core   0: 3 0x80005cf6 (0x41168533) x10 0x01d60565
core   0: 0x80005cfa (0x0000446d) c.li    s0, 27
core   0: 3 0x80005cfa (0x446d) x8  0x0000001b
core   0: 0x80005cfc (0x00000809) c.addi  a6, 2
core   0: 3 0x80005cfc (0x0809) x16 0x00000001
core   0: 0x80005cfe (0x00005f6d) c.li    t5, -5
core   0: 3 0x80005cfe (0x5f6d) x30 0xfffffffb
core   0: 0x80005d00 (0x000051e9) c.li    gp, -6
core   0: 3 0x80005d00 (0x51e9) x3  0xfffffffa
core   0: 0x80005d02 (0x00006371) c.lui   t1, 0x1c
core   0: 3 0x80005d02 (0x6371) x6  0x0001c000
core   0: 0x80005d04 (0x00008cf5) c.and   s1, a3
core   0: 3 0x80005d04 (0x8cf5) x9  0x00000000
core   0: 0x80005d06 (0x00001cfd) c.addi  s9, -1
core   0: 3 0x80005d06 (0x1cfd) x25 0x80025e47
core   0: 0x80005d08 (0x00001f61) c.addi  t5, -8
core   0: 3 0x80005d08 (0x1f61) x30 0xfffffff3
core   0: 0x80005d0a (0xfe3f5ee3) bge     t5, gp, pc - 4
core   0: 3 0x80005d0a (0xfe3f5ee3)
core   0: 0x80005d0e (0x40578cb3) sub     s9, a5, t0
core   0: 3 0x80005d0e (0x40578cb3) x25 0x8001e2aa
core   0: 0x80005d12 (0x001a5393) srli    t2, s4, 1
core   0: 3 0x80005d12 (0x001a5393) x7  0x40014e72
core   0: 0x80005d16 (0x02af08b3) mul     a7, t5, a0
core   0: 3 0x80005d16 (0x02af08b3) x17 0xe821b9df
core   0: 0x80005d1a (0x000099fd) c.andi  a1, -1
core   0: 3 0x80005d1a (0x99fd) x11 0x00001552
core   0: 0x80005d1c (0xfd8806e3) beq     a6, s8, pc - 52
core   0: 3 0x80005d1c (0xfd8806e3)
core   0: 0x80005ce8 (0x02356733) rem     a4, a0, gp
core   0: 3 0x80005ce8 (0x02356733) x14 0x00000003
core   0: 0x80005cec (0x0000829d) c.srli  a3, 7
core   0: 3 0x80005cec (0x829d) x13 0x0003ac35
core   0: 0x80005cee (0xde9b4993) xori    s3, s6, -535
core   0: 3 0x80005cee (0xde9b4993) x19 0xfffffde8
core   0: 0x80005cf2 (0x40a6da93) srai    s5, a3, 10
core   0: 3 0x80005cf2 (0x40a6da93) x21 0x000000eb
core   0: 0x80005cf6 (0x41168533) sub     a0, a3, a7
core   0: 3 0x80005cf6 (0x41168533) x10 0x17e1f256
core   0: 0x80005cfa (0x0000446d) c.li    s0, 27
core   0: 3 0x80005cfa (0x446d) x8  0x0000001b
core   0: 0x80005cfc (0x00000809) c.addi  a6, 2
core   0: 3 0x80005cfc (0x0809) x16 0x00000003
core   0: 0x80005cfe (0x00005f6d) c.li    t5, -5
core   0: 3 0x80005cfe (0x5f6d) x30 0xfffffffb
core   0: 0x80005d00 (0x000051e9) c.li    gp, -6
core   0: 3 0x80005d00 (0x51e9) x3  0xfffffffa
core   0: 0x80005d02 (0x00006371) c.lui   t1, 0x1c
core   0: 3 0x80005d02 (0x6371) x6  0x0001c000
core   0: 0x80005d04 (0x00008cf5) c.and   s1, a3
core   0: 3 0x80005d04 (0x8cf5) x9  0x00000000
core   0: 0x80005d06 (0x00001cfd) c.addi  s9, -1
core   0: 3 0x80005d06 (0x1cfd) x25 0x8001e2a9
core   0: 0x80005d08 (0x00001f61) c.addi  t5, -8
core   0: 3 0x80005d08 (0x1f61) x30 0xfffffff3
core   0: 0x80005d0a (0xfe3f5ee3) bge     t5, gp, pc - 4
core   0: 3 0x80005d0a (0xfe3f5ee3)
core   0: 0x80005d0e (0x40578cb3) sub     s9, a5, t0
core   0: 3 0x80005d0e (0x40578cb3) x25 0x8001e2aa
core   0: 0x80005d12 (0x001a5393) srli    t2, s4, 1
core   0: 3 0x80005d12 (0x001a5393) x7  0x40014e72
core   0: 0x80005d16 (0x02af08b3) mul     a7, t5, a0
core   0: 3 0x80005d16 (0x02af08b3) x17 0xc986b1a2
core   0: 0x80005d1a (0x000099fd) c.andi  a1, -1
core   0: 3 0x80005d1a (0x99fd) x11 0x00001552
core   0: 0x80005d1c (0xfd8806e3) beq     a6, s8, pc - 52
core   0: 3 0x80005d1c (0xfd8806e3)
core   0: 0x80005d20 (0x0000458d) c.li    a1, 3
core   0: 3 0x80005d20 (0x458d) x11 0x00000003
core   0: 0x80005d22 (0x00017117) auipc   sp, 0x17
core   0: 3 0x80005d22 (0x00017117) x2  0x8001cd22
core   0: 0x80005d26 (0x0d510113) addi    sp, sp, 213
core   0: 3 0x80005d26 (0x0d510113) x2  0x8001cdf7
core   0: 0x80005d2a (0x0000057a) c.slli  a0, 30
core   0: 3 0x80005d2a (0x057a) x10 0x80000000
core   0: 0x80005d2c (0x02f14a83) lbu     s5, 47(sp)
core   0: 3 0x80005d2c (0x02f14a83) x21 0x00000034 mem 0x8001ce26
core   0: 0x80005d30 (0x02f15783) lhu     a5, 47(sp)
core   0: 3 0x80005d30 (0x02f15783) x15 0x0000a734 mem 0x8001ce26
core   0: 0x80005d34 (0xffb10d83) lb      s11, -5(sp)
core   0: 3 0x80005d34 (0xffb10d83) x27 0xffffff81 mem 0x8001cdf2
core   0: 0x80005d38 (0xffb10383) lb      t2, -5(sp)
core   0: 3 0x80005d38 (0xffb10383) x7  0xffffff81 mem 0x8001cdf2
core   0: 0x80005d3c (0x02310883) lb      a7, 35(sp)
core   0: 3 0x80005d3c (0x02310883) x17 0x00000025 mem 0x8001ce1a
core   0: 0x80005d40 (0x01e10e03) lb      t3, 30(sp)
core   0: 3 0x80005d40 (0x01e10e03) x28 0xffffff83 mem 0x8001ce15
core   0: 0x80005d44 (0x01e10d03) lb      s10, 30(sp)
core   0: 3 0x80005d44 (0x01e10d03) x26 0xffffff83 mem 0x8001ce15
core   0: 0x80005d48 (0xfdf10823) sb      t6, -48(sp)
core   0: 3 0x80005d48 (0xfdf10823) mem 0x8001cdc7 0xbe
core   0: 0x80005d4c (0xfd014703) lbu     a4, -48(sp)
core   0: 3 0x80005d4c (0xfd014703) x14 0x000000be mem 0x8001cdc7
core   0: 0x80005d50 (0xfd014d83) lbu     s11, -48(sp)
core   0: 3 0x80005d50 (0xfd014d83) x27 0x000000be mem 0x8001cdc7
core   0: 0x80005d54 (0xfd014503) lbu     a0, -48(sp)
core   0: 3 0x80005d54 (0xfd014503) x10 0x000000be mem 0x8001cdc7
core   0: 0x80005d58 (0x01e128a3) sw      t5, 17(sp)
core   0: 3 0x80005d58 (0x01e128a3) mem 0x8001ce08 0xfffffff3
core   0: 0x80005d5c (0x00004b0d) c.li    s6, 3
core   0: 3 0x80005d5c (0x4b0d) x22 0x00000003
core   0: 0x80005d5e (0x772f8397) auipc   t2, 0x772f8
core   0: 3 0x80005d5e (0x772f8397) x7  0xf72fdd5e
core   0: 0x80005d62 (0x00004da5) c.li    s11, 9
core   0: 3 0x80005d62 (0x4da5) x27 0x00000009
core   0: 0x80005d64 (0x0000015a) c.slli  sp, 22
core   0: 3 0x80005d64 (0x015a) x2  0x7dc00000
core   0: 0x80005d66 (0xb4cabd13) sltiu   s10, s5, -1204
core   0: 3 0x80005d66 (0xb4cabd13) x26 0x00000001
core   0: 0x80005d6a (0x00000bd6) c.slli  s7, 21
core   0: 3 0x80005d6a (0x0bd6) x23 0xcca00000
core   0: 0x80005d6c (0x00000b29) c.addi  s6, 10
core   0: 3 0x80005d6c (0x0b29) x22 0x0000000d
core   0: 0x80005d6e (0x000057f9) c.li    a5, -2
core   0: 3 0x80005d6e (0x57f9) x15 0xfffffffe
core   0: 0x80005d70 (0x00006fc1) c.lui   t6, 0x10
core   0: 3 0x80005d70 (0x6fc1) x31 0x00010000
core   0: 0x80005d72 (0x00000001) c.nop
core   0: 3 0x80005d72 (0x0001)
core   0: 0x80005d74 (0x000084ca) c.mv    s1, s2
core   0: 3 0x80005d74 (0x84ca) x9  0x80025e2c
core   0: 0x80005d76 (0x00000785) c.addi  a5, 1
core   0: 3 0x80005d76 (0x0785) x15 0xffffffff
core   0: 0x80005d78 (0x0000fff5) c.bnez  a5, pc - 4
core   0: 3 0x80005d78 (0xfff5)
core   0: 0x80005d74 (0x000084ca) c.mv    s1, s2
core   0: 3 0x80005d74 (0x84ca) x9  0x80025e2c
core   0: 0x80005d76 (0x00000785) c.addi  a5, 1
core   0: 3 0x80005d76 (0x0785) x15 0x00000000
core   0: 0x80005d78 (0x0000fff5) c.bnez  a5, pc - 4
core   0: 3 0x80005d78 (0xfff5)
core   0: 0x80005d7a (0x0000883d) c.andi  s0, 15
core   0: 3 0x80005d7a (0x883d) x8  0x0000000b
core   0: 0x80005d7c (0xffbb45e3) blt     s6, s11, pc - 22
core   0: 3 0x80005d7c (0xffbb45e3)
core   0: 0x80005d80 (0x00225433) srl     s0, tp, sp
core   0: 3 0x80005d80 (0x00225433) x8  0x4d410000
core   0: 0x80005d84 (0x0000da97) auipc   s5, 0xd
core   0: 3 0x80005d84 (0x0000da97) x21 0x80012d84
core   0: 0x80005d88 (0x9d3a8a93) addi    s5, s5, -1581
core   0: 3 0x80005d88 (0x9d3a8a93) x21 0x80012757
core   0: 0x80005d8c (0x0085d493) srli    s1, a1, 8
core   0: 3 0x80005d8c (0x0085d493) x9  0x00000000
core   0: 0x80005d90 (0xebd244b7) lui     s1, 0xebd24
core   0: 3 0x80005d90 (0xebd244b7) x9  0xebd24000
core   0: 0x80005d94 (0xfffa8a23) sb      t6, -12(s5)
core   0: 3 0x80005d94 (0xfffa8a23) mem 0x8001274b 0x00
core   0: 0x80005d98 (0xfffa8f23) sb      t6, -2(s5)
core   0: 3 0x80005d98 (0xfffa8f23) mem 0x80012755 0x00
core   0: 0x80005d9c (0x000098fd) c.andi  s1, -1
core   0: 3 0x80005d9c (0x98fd) x9  0xebd24000
core   0: 0x80005d9e (0x00bade83) lhu     t4, 11(s5)
core   0: 3 0x80005d9e (0x00bade83) x29 0x000034f0 mem 0x80012762
core   0: 0x80005da2 (0xff6acf83) lbu     t6, -10(s5)
core   0: 3 0x80005da2 (0xff6acf83) x31 0x00000056 mem 0x8001274d
core   0: 0x80005da6 (0x6405ae93) slti    t4, a1, 1600
core   0: 3 0x80005da6 (0x6405ae93) x29 0x00000001
core   0: 0x80005daa (0xfffa9d83) lh      s11, -1(s5)
core   0: 3 0x80005daa (0xfffa9d83) x27 0x00003c77 mem 0x80012756
core   0: 0x80005dae (0x00ba81a3) sb      a1, 3(s5)
core   0: 3 0x80005dae (0x00ba81a3) mem 0x8001275a 0x03
core   0: 0x80005db2 (0xfe9a8b23) sb      s1, -10(s5)
core   0: 3 0x80005db2 (0xfe9a8b23) mem 0x8001274d 0x00
core   0: 0x80005db6 (0xff6a8d83) lb      s11, -10(s5)
core   0: 3 0x80005db6 (0xff6a8d83) x27 0x00000000 mem 0x8001274d
core   0: 0x80005dba (0xffda9e83) lh      t4, -3(s5)
core   0: 3 0x80005dba (0xffda9e83) x29 0x00000014 mem 0x80012754
core   0: 0x80005dbe (0xfffa9483) lh      s1, -1(s5)
core   0: 3 0x80005dbe (0xfffa9483) x9  0x00003c77 mem 0x80012756
core   0: 0x80005dc2 (0xffea8e83) lb      t4, -2(s5)
core   0: 3 0x80005dc2 (0xffea8e83) x29 0x00000000 mem 0x80012755
core   0: 0x80005dc6 (0x03f49db3) mulh    s11, s1, t6
core   0: 3 0x80005dc6 (0x03f49db3) x27 0x00000000
core   0: 0x80005dca (0xa8948493) addi    s1, s1, -1399
core   0: 3 0x80005dca (0xa8948493) x9  0x00003700
core   0: 0x80005dce (0x009badb3) slt     s11, s7, s1
core   0: 3 0x80005dce (0x009badb3) x27 0x00000001
core   0: 0x80005dd2 (0x005ace83) lbu     t4, 5(s5)
core   0: 3 0x80005dd2 (0x005ace83) x29 0x0000002d mem 0x8001275c
core   0: 0x80005dd6 (0x009a8523) sb      s1, 10(s5)
core   0: 3 0x80005dd6 (0x009a8523) mem 0x80012761 0x00
core   0: 0x80005dda (0x00008c8d) c.sub   s1, a1
core   0: 3 0x80005dda (0x8c8d) x9  0x000036fd
core   0: 0x80005ddc (0xff2acd83) lbu     s11, -14(s5)
core   0: 3 0x80005ddc (0xff2acd83) x27 0x000000c3 mem 0x80012749
core   0: 0x80005de0 (0xffda8e83) lb      t4, -3(s5)
core   0: 3 0x80005de0 (0xffda8e83) x29 0x00000014 mem 0x80012754
core   0: 0x80005de4 (0x41dfddb3) sra     s11, t6, t4
core   0: 3 0x80005de4 (0x41dfddb3) x27 0x00000000
core   0: 0x80005de8 (0x017a8523) sb      s7, 10(s5)
core   0: 3 0x80005de8 (0x017a8523) mem 0x80012761 0x00
core   0: 0x80005dec (0x010a8b83) lb      s7, 16(s5)
core   0: 3 0x80005dec (0x010a8b83) x23 0x0000005a mem 0x80012767
core   0: 0x80005df0 (0x00bbb4b3) sltu    s1, s7, a1
core   0: 3 0x80005df0 (0x00bbb4b3) x9  0x00000000
core   0: 0x80005df4 (0xffca8f83) lb      t6, -4(s5)
core   0: 3 0x80005df4 (0xffca8f83) x31 0xffffffe5 mem 0x80012753
core   0: 0x80005df8 (0xff1add83) lhu     s11, -15(s5)
core   0: 3 0x80005df8 (0xff1add83) x27 0x0000c3c2 mem 0x80012748
core   0: 0x80005dfc (0x00008cad) c.xor   s1, a1
core   0: 3 0x80005dfc (0x8cad) x9  0x00000003
core   0: 0x80005dfe (0xffdaab83) lw      s7, -3(s5)
core   0: 3 0x80005dfe (0xffdaab83) x23 0x3c770014 mem 0x80012754
core   0: 0x80005e02 (0xff2acb83) lbu     s7, -14(s5)
core   0: 3 0x80005e02 (0xff2acb83) x23 0x000000c3 mem 0x80012749
core   0: 0x80005e06 (0x002ac583) lbu     a1, 2(s5)
core   0: 3 0x80005e06 (0x002ac583) x11 0x000000ce mem 0x80012759
core   0: 0x80005e0a (0x00fad583) lhu     a1, 15(s5)
core   0: 3 0x80005e0a (0x00fad583) x11 0x00005af9 mem 0x80012766
core   0: 0x80005e0e (0x002f9593) slli    a1, t6, 2
core   0: 3 0x80005e0e (0x002f9593) x11 0xffffff94
core   0: 0x80005e12 (0x009a8823) sb      s1, 16(s5)
core   0: 3 0x80005e12 (0x009a8823) mem 0x80012767 0x03
core   0: 0x80005e16 (0x01ba8823) sb      s11, 16(s5)
core   0: 3 0x80005e16 (0x01ba8823) mem 0x80012767 0xc2
core   0: 0x80005e1a (0x00ba8223) sb      a1, 4(s5)
core   0: 3 0x80005e1a (0x00ba8223) mem 0x8001275b 0x94
core   0: 0x80005e1e (0x005aab83) lw      s7, 5(s5)
core   0: 3 0x80005e1e (0x005aab83) x23 0x5dfafa2d mem 0x8001275c
core   0: 0x80005e22 (0x000ac483) lbu     s1, 0(s5)
core   0: 3 0x80005e22 (0x000ac483) x9  0x0000003c mem 0x80012757
core   0: 0x80005e26 (0x01fa8823) sb      t6, 16(s5)
core   0: 3 0x80005e26 (0x01fa8823) mem 0x80012767 0xe5
core   0: 0x80005e2a (0x95c3d4b7) lui     s1, 0x95c3d
core   0: 3 0x80005e2a (0x95c3d4b7) x9  0x95c3d000
core   0: 0x80005e2e (0x00004bc9) c.li    s7, 18
core   0: 3 0x80005e2e (0x4bc9) x23 0x00000012
core   0: 0x80005e30 (0x00001dfd) c.addi  s11, -1
core   0: 3 0x80005e30 (0x1dfd) x27 0x0000c3c1
core   0: 0x80005e32 (0xfe9a8da3) sb      s1, -5(s5)
core   0: 3 0x80005e32 (0xfe9a8da3) mem 0x80012752 0x00
core   0: 0x80005e36 (0x00004599) c.li    a1, 6
core   0: 3 0x80005e36 (0x4599) x11 0x00000006
core   0: 0x80005e38 (0x00008c8d) c.sub   s1, a1
core   0: 3 0x80005e38 (0x8c8d) x9  0x95c3cffa
core   0: 0x80005e3a (0xc6f40213) addi    tp, s0, -913
core   0: 3 0x80005e3a (0xc6f40213) x4  0x4d40fc6f
core   0: 0x80005e3e (0x00aa90b3) sll     ra, s5, a0
core   0: 3 0x80005e3e (0x00aa90b3) x1  0xc0000000
core   0: 0x80005e42 (0x00004b19) c.li    s6, 6
core   0: 3 0x80005e42 (0x4b19) x22 0x00000006
core   0: 0x80005e44 (0x0281e533) rem     a0, gp, s0
core   0: 3 0x80005e44 (0x0281e533) x10 0xfffffffa
core   0: 0x80005e48 (0x0024a3b3) slt     t2, s1, sp
core   0: 3 0x80005e48 (0x0024a3b3) x7  0x00000001
core   0: 0x80005e4c (0x000015d9) c.addi  a1, -10
core   0: 3 0x80005e4c (0x15d9) x11 0xfffffffc
core   0: 0x80005e4e (0x00008f9d) c.sub   a5, a5
core   0: 3 0x80005e4e (0x8f9d) x15 0x00000000
core   0: 0x80005e50 (0x00008c3d) c.xor   s0, a5
core   0: 3 0x80005e50 (0x8c3d) x8  0x4d410000
core   0: 0x80005e52 (0x00005865) c.li    a6, -7
core   0: 3 0x80005e52 (0x5865) x16 0xfffffff9
core   0: 0x80005e54 (0x02ab0cb3) mul     s9, s6, a0
core   0: 3 0x80005e54 (0x02ab0cb3) x25 0xffffffdc
core   0: 0x80005e58 (0x01ccc8b3) xor     a7, s9, t3
core   0: 3 0x80005e58 (0x01ccc8b3) x17 0x0000005f
core   0: 0x80005e5c (0x00005c65) c.li    s8, -7
core   0: 3 0x80005e5c (0x5c65) x24 0xfffffff9
core   0: 0x80005e5e (0x04a97693) andi    a3, s2, 74
core   0: 3 0x80005e5e (0x04a97693) x13 0x00000008
core   0: 0x80005e62 (0x0000939a) c.add   t2, t1
core   0: 3 0x80005e62 (0x939a) x7  0x0001c001
core   0: 0x80005e64 (0x03bf9db3) mulh    s11, t6, s11
core   0: 3 0x80005e64 (0x03bf9db3) x27 0xffffffff
core   0: 0x80005e68 (0x036110b3) mulh    ra, sp, s6
core   0: 3 0x80005e68 (0x036110b3) x1  0x00000002
core   0: 0x80005e6c (0x008ba7b3) slt     a5, s7, s0
core   0: 3 0x80005e6c (0x008ba7b3) x15 0x00000001
core   0: 0x80005e70 (0x41d2d413) srai    s0, t0, 29
core   0: 3 0x80005e70 (0x41d2d413) x8  0x00000000
core   0: 0x80005e74 (0x00008e91) c.sub   a3, a2
core   0: 3 0x80005e74 (0x8e91) x13 0x00000008
core   0: 0x80005e76 (0x003b44b3) xor     s1, s6, gp
core   0: 3 0x80005e76 (0x003b44b3) x9  0xfffffffc
core   0: 0x80005e7a (0x00008ed5) c.or    a3, a3
core   0: 3 0x80005e7a (0x8ed5) x13 0x00000008
core   0: 0x80005e7c (0x00001875) c.addi  a6, -3
core   0: 3 0x80005e7c (0x1875) x16 0xfffffff6
core   0: 0x80005e7e (0xff885be3) bge     a6, s8, pc - 10
core   0: 3 0x80005e7e (0xff885be3)
core   0: 0x80005e82 (0x03dffeb3) remu    t4, t6, t4
core   0: 3 0x80005e82 (0x03dffeb3) x29 0x00000009
core   0: 0x80005e86 (0xfb65dfe3) bge     a1, s6, pc - 66
core   0: 3 0x80005e86 (0xfb65dfe3)
core   0: 0x80005e8a (0x000099c6) c.add   s3, a7
core   0: 3 0x80005e8a (0x99c6) x19 0xfffffe47
core   0: 0x80005e8c (0x0001a117) auipc   sp, 0x1a
core   0: 3 0x80005e8c (0x0001a117) x2  0x8001fe8c
core   0: 0x80005e90 (0xd6c10113) addi    sp, sp, -660
core   0: 3 0x80005e90 (0xd6c10113) x2  0x8001fbf8
core   0: 0x80005e94 (0x0080c3b3) xor     t2, ra, s0
core   0: 3 0x80005e94 (0x0080c3b3) x7  0x00000002
core   0: 0x80005e98 (0xfc810323) sb      s0, -58(sp)
core   0: 3 0x80005e98 (0xfc810323) mem 0x8001fbbe 0x00
core   0: 0x80005e9c (0x021f60b3) rem     ra, t5, ra
core   0: 3 0x80005e9c (0x021f60b3) x1  0xffffffff
core   0: 0x80005ea0 (0x00000b25) c.addi  s6, 9
core   0: 3 0x80005ea0 (0x0b25) x22 0x0000000f
core   0: 0x80005ea2 (0xfe811083) lh      ra, -24(sp)
core   0: 3 0x80005ea2 (0xfe811083) x1  0x00004342 mem 0x8001fbe0
core   0: 0x80005ea6 (0x0280d3b3) divu    t2, ra, s0
core   0: 3 0x80005ea6 (0x0280d3b3) x7  0xffffffff
core   0: 0x80005eaa (0xfcf10f03) lb      t5, -49(sp)
core   0: 3 0x80005eaa (0xfcf10f03) x30 0xffffffce mem 0x8001fbc7
core   0: 0x80005eae (0x01514d83) lbu     s11, 21(sp)
core   0: 3 0x80005eae (0x01514d83) x27 0x00000061 mem 0x8001fc0d
core   0: 0x80005eb2 (0x02510083) lb      ra, 37(sp)
core   0: 3 0x80005eb2 (0x02510083) x1  0x0000001e mem 0x8001fc1d
core   0: 0x80005eb6 (0x00005b02) c.lwsp  s6, 32(sp)
core   0: 3 0x80005eb6 (0x5b02) x22 0xd68113b7 mem 0x8001fc18
core   0: 0x80005eb8 (0x000003de) c.slli  t2, 23
core   0: 3 0x80005eb8 (0x03de) x7  0xff800000
core   0: 0x80005eba (0x021102a3) sb      ra, 37(sp)
core   0: 3 0x80005eba (0x021102a3) mem 0x8001fc1d 0x1e
core   0: 0x80005ebe (0x20838d93) addi    s11, t2, 520
core   0: 3 0x80005ebe (0x20838d93) x27 0xff800208
core   0: 0x80005ec2 (0x019ddb13) srli    s6, s11, 25
core   0: 3 0x80005ec2 (0x019ddb13) x22 0x0000007f
core   0: 0x80005ec6 (0xfd6109a3) sb      s6, -45(sp)
core   0: 3 0x80005ec6 (0xfd6109a3) mem 0x8001fbcb 0x7f
core   0: 0x80005eca (0xfcb14f03) lbu     t5, -53(sp)
core   0: 3 0x80005eca (0xfcb14f03) x30 0x000000ea mem 0x8001fbc3
core   0: 0x80005ece (0x03e3db33) divu    s6, t2, t5
core   0: 3 0x80005ece (0x03e3db33) x22 0x01178578
core   0: 0x80005ed2 (0x0360bb33) mulhu   s6, ra, s6
core   0: 3 0x80005ed2 (0x0360bb33) x22 0x00000000
core   0: 0x80005ed6 (0xba436437) lui     s0, 0xba436
core   0: 3 0x80005ed6 (0xba436437) x8  0xba436000
core   0: 0x80005eda (0x00008c21) c.xor   s0, s0
core   0: 3 0x80005eda (0x8c21) x8  0x00000000
core   0: 0x80005edc (0x013d9413) slli    s0, s11, 19
core   0: 3 0x80005edc (0x013d9413) x8  0x10400000
core   0: 0x80005ee0 (0x00004b22) c.lwsp  s6, 8(sp)
core   0: 3 0x80005ee0 (0x4b22) x22 0x1b06bd30 mem 0x8001fc00
core   0: 0x80005ee2 (0x0363d0b3) divu    ra, t2, s6
core   0: 3 0x80005ee2 (0x0363d0b3) x1  0x00000009
core   0: 0x80005ee6 (0x41b40f33) sub     t5, s0, s11
core   0: 3 0x80005ee6 (0x41b40f33) x30 0x10bffdf8
core   0: 0x80005eea (0x01b450b3) srl     ra, s0, s11
core   0: 3 0x80005eea (0x01b450b3) x1  0x00104000
core   0: 0x80005eee (0x02747b33) remu    s6, s0, t2
core   0: 3 0x80005eee (0x02747b33) x22 0x10400000
core   0: 0x80005ef2 (0xfe810523) sb      s0, -22(sp)
core   0: 3 0x80005ef2 (0xfe810523) mem 0x8001fbe2 0x00
core   0: 0x80005ef6 (0xfe112a23) sw      ra, -12(sp)
core   0: 3 0x80005ef6 (0xfe112a23) mem 0x8001fbec 0x00104000
core   0: 0x80005efa (0x00000f49) c.addi  t5, 18
core   0: 3 0x80005efa (0x0f49) x30 0x10bffe0a
core   0: 0x80005efc (0x00009422) c.add   s0, s0
core   0: 3 0x80005efc (0x9422) x8  0x20800000
core   0: 0x80005efe (0x00000001) c.nop
core   0: 3 0x80005efe (0x0001)
core   0: 0x80005f00 (0x01edddb3) srl     s11, s11, t5
core   0: 3 0x80005f00 (0x01edddb3) x27 0x003fe000
core   0: 0x80005f04 (0x02711523) sh      t2, 42(sp)
core   0: 3 0x80005f04 (0x02711523) mem 0x8001fc22 0x0000
core   0: 0x80005f08 (0x021103a3) sb      ra, 39(sp)
core   0: 3 0x80005f08 (0x021103a3) mem 0x8001fc1f 0x00
core   0: 0x80005f0c (0xfdb14383) lbu     t2, -37(sp)
core   0: 3 0x80005f0c (0xfdb14383) x7  0x00000097 mem 0x8001fbd3
core   0: 0x80005f10 (0x01b400b3) add     ra, s0, s11
core   0: 3 0x80005f10 (0x01b400b3) x1  0x20bfe000
core   0: 0x80005f14 (0xfc7104a3) sb      t2, -55(sp)
core   0: 3 0x80005f14 (0xfc7104a3) mem 0x8001fbc1 0x97
core   0: 0x80005f18 (0x00006db1) c.lui   s11, 0xc
core   0: 3 0x80005f18 (0x6db1) x27 0x0000c000
core   0: 0x80005f1a (0x01638f33) add     t5, t2, s6
core   0: 3 0x80005f1a (0x01638f33) x30 0x10400097
core   0: 0x80005f1e (0x000003ae) c.slli  t2, 11
core   0: 3 0x80005f1e (0x03ae) x7  0x0004b800
core   0: 0x80005f20 (0x01bf0b33) add     s6, t5, s11
core   0: 3 0x80005f20 (0x01bf0b33) x22 0x1040c097
core   0: 0x80005f24 (0x000003a2) c.slli  t2, 8
core   0: 3 0x80005f24 (0x03a2) x7  0x04b80000
core   0: 0x80005f26 (0x00004b72) c.lwsp  s6, 28(sp)
core   0: 3 0x80005f26 (0x4b72) x22 0x975d098a mem 0x8001fc14
core   0: 0x80005f28 (0x0000f117) auipc   sp, 0xf
core   0: 3 0x80005f28 (0x0000f117) x2  0x80014f28
core   0: 0x80005f2c (0xd4e10113) addi    sp, sp, -690
core   0: 3 0x80005f2c (0xd4e10113) x2  0x80014c76
core   0: 0x80005f30 (0x0f011623) sh      a6, 236(sp)
core   0: 3 0x80005f30 (0x0f011623) mem 0x80014d62 0xfff6
core   0: 0x80005f34 (0x0ec15c03) lhu     s8, 236(sp)
core   0: 3 0x80005f34 (0x0ec15c03) x24 0x0000fff6 mem 0x80014d62
core   0: 0x80005f38 (0x0ec15a83) lhu     s5, 236(sp)
core   0: 3 0x80005f38 (0x0ec15a83) x21 0x0000fff6 mem 0x80014d62
core   0: 0x80005f3c (0xf5a11683) lh      a3, -166(sp)
core   0: 3 0x80005f3c (0xf5a11683) x13 0x00000e8d mem 0x80014bd0
core   0: 0x80005f40 (0x01d42533) slt     a0, s0, t4
core   0: 3 0x80005f40 (0x01d42533) x10 0x00000000
core   0: 0x80005f44 (0xf5a14c83) lbu     s9, -166(sp)
core   0: 3 0x80005f44 (0xf5a14c83) x25 0x0000008d mem 0x80014bd0
core   0: 0x80005f48 (0xf5a14f83) lbu     t6, -166(sp)
core   0: 3 0x80005f48 (0xf5a14f83) x31 0x0000008d mem 0x80014bd0
core   0: 0x80005f4c (0xf4212d23) sw      sp, -166(sp)
core   0: 3 0x80005f4c (0xf4212d23) mem 0x80014bd0 0x80014c76
core   0: 0x80005f50 (0xf5712d23) sw      s7, -166(sp)
core   0: 3 0x80005f50 (0xf5712d23) mem 0x80014bd0 0x00000012
core   0: 0x80005f54 (0xf5a10583) lb      a1, -166(sp)
core   0: 3 0x80005f54 (0xf5a10583) x11 0x00000012 mem 0x80014bd0
core   0: 0x80005f58 (0xf6910803) lb      a6, -151(sp)
core   0: 3 0x80005f58 (0xf6910803) x16 0xffffffca mem 0x80014bdf
core   0: 0x80005f5c (0xf7f104a3) sb      t6, -151(sp)
core   0: 3 0x80005f5c (0xf7f104a3) mem 0x80014bdf 0x8d
core   0: 0x80005f60 (0x04714d03) lbu     s10, 71(sp)
core   0: 3 0x80005f60 (0x04714d03) x26 0x00000000 mem 0x80014cbd
core   0: 0x80005f64 (0x04710a83) lb      s5, 71(sp)
core   0: 3 0x80005f64 (0x04710a83) x21 0x00000000 mem 0x80014cbd
core   0: 0x80005f68 (0x030074b3) remu    s1, zero, a6
core   0: 3 0x80005f68 (0x030074b3) x9  0x00000000
core   0: 0x80005f6c (0x04710803) lb      a6, 71(sp)
core   0: 3 0x80005f6c (0x04710803) x16 0x00000000 mem 0x80014cbd
core   0: 0x80005f70 (0x05f103a3) sb      t6, 71(sp)
core   0: 3 0x80005f70 (0x05f103a3) mem 0x80014cbd 0x8d
core   0: 0x80005f74 (0x04710883) lb      a7, 71(sp)
core   0: 3 0x80005f74 (0x04710883) x17 0xffffff8d mem 0x80014cbd
core   0: 0x80005f78 (0x000086a1) c.srai  a3, 8
core   0: 3 0x80005f78 (0x86a1) x13 0x0000000e
core   0: 0x80005f7a (0x04d103a3) sb      a3, 71(sp)
core   0: 3 0x80005f7a (0x04d103a3) mem 0x80014cbd 0x0e
core   0: 0x80005f7e (0x04710683) lb      a3, 71(sp)
core   0: 3 0x80005f7e (0x04710683) x13 0x0000000e mem 0x80014cbd
core   0: 0x80005f82 (0x04714303) lbu     t1, 71(sp)
core   0: 3 0x80005f82 (0x04714303) x6  0x0000000e mem 0x80014cbd
core   0: 0x80005f86 (0x01a000ef) jal     pc + 0x1a
core   0: 3 0x80005f86 (0x01a000ef) x1  0x80005f8a
core   0: 0x80005fa0 (0x00002019) c.jal   pc + 6
core   0: 3 0x80005fa0 (0x2019) x1  0x80005fa2
core   0: 0x80005fa6 (0xfefff0ef) jal     pc - 0x12
core   0: 3 0x80005fa6 (0xfefff0ef) x1  0x80005faa
core   0: 0x80005f94 (0x0000a839) c.j     pc + 30
core   0: 3 0x80005f94 (0xa839)
core   0: 0x80005fb2 (0x00003ff9) c.jal   pc - 34
core   0: 3 0x80005fb2 (0x3ff9) x1  0x80005fb4
core   0: 0x80005f90 (0x01e000ef) jal     pc + 0x1e
core   0: 3 0x80005f90 (0x01e000ef) x1  0x80005f94
core   0: 0x80005fae (0xff1ff36f) jal     t1, pc - 0x10
core   0: 3 0x80005fae (0xff1ff36f) x6  0x80005fb2
core   0: 0x80005f9e (0x000037fd) c.jal   pc - 18
core   0: 3 0x80005f9e (0x37fd) x1  0x80005fa0
core   0: 0x80005f8c (0x028000ef) jal     pc + 0x28
core   0: 3 0x80005f8c (0x028000ef) x1  0x80005f90
core   0: 0x80005fb4 (0x000037dd) c.jal   pc - 26
core   0: 3 0x80005fb4 (0x37dd) x1  0x80005fb6
core   0: 0x80005f9a (0x010000ef) jal     pc + 0x10
core   0: 3 0x80005f9a (0x010000ef) x1  0x80005f9e
core   0: 0x80005faa (0xfedff0ef) jal     pc - 0x14
core   0: 3 0x80005faa (0xfedff0ef) x1  0x80005fae
core   0: 0x80005f96 (0x00c000ef) jal     pc + 0xc
core   0: 3 0x80005f96 (0x00c000ef) x1  0x80005f9a
core   0: 0x80005fa2 (0xfe9ff0ef) jal     pc - 0x18
core   0: 3 0x80005fa2 (0xfe9ff0ef) x1  0x80005fa6
core   0: 0x80005f8a (0x0000a035) c.j     pc + 44
core   0: 3 0x80005f8a (0xa035)
core   0: 0x80005fb6 (0x013e6b33) or      s6, t3, s3
core   0: 3 0x80005fb6 (0x013e6b33) x22 0xffffffc7
core   0: 0x80005fba (0x000059ed) c.li    s3, -5
core   0: 3 0x80005fba (0x59ed) x19 0xfffffffb
core   0: 0x80005fbc (0x5aae8093) addi    ra, t4, 1450
core   0: 3 0x80005fbc (0x5aae8093) x1  0x000005b3
core   0: 0x80005fc0 (0x00e0b233) sltu    tp, ra, a4
core   0: 3 0x80005fc0 (0x00e0b233) x4  0x00000000
core   0: 0x80005fc4 (0x00008ec5) c.or    a3, s1
core   0: 3 0x80005fc4 (0x8ec5) x13 0x0000000e
core   0: 0x80005fc6 (0x90bdac13) slti    s8, s11, -1781
core   0: 3 0x80005fc6 (0x90bdac13) x24 0x00000000
core   0: 0x80005fca (0x00008d75) c.and   a0, a3
core   0: 3 0x80005fca (0x8d75) x10 0x00000000
core   0: 0x80005fcc (0x000047c1) c.li    a5, 16
core   0: 3 0x80005fcc (0x47c1) x15 0x00000010
core   0: 0x80005fce (0x00e55693) srli    a3, a0, 14
core   0: 3 0x80005fce (0x00e55693) x13 0x00000000
core   0: 0x80005fd2 (0x7ddfa593) slti    a1, t6, 2013
core   0: 3 0x80005fd2 (0x7ddfa593) x11 0x00000001
core   0: 0x80005fd6 (0x03bacc33) div     s8, s5, s11
core   0: 3 0x80005fd6 (0x03bacc33) x24 0x00000000
core   0: 0x80005fda (0x00009e52) c.add   t3, s4
core   0: 3 0x80005fda (0x9e52) x28 0x80029c67
core   0: 0x80005fdc (0x00008de9) c.and   a1, a0
core   0: 3 0x80005fdc (0x8de9) x11 0x00000000
core   0: 0x80005fde (0x02ef1ab3) mulh    s5, t5, a4
core   0: 3 0x80005fde (0x02ef1ab3) x21 0x0000000c
core   0: 0x80005fe2 (0x000009a5) c.addi  s3, 9
core   0: 3 0x80005fe2 (0x09a5) x19 0x00000004
core   0: 0x80005fe4 (0x0000997d) c.andi  a0, -1
core   0: 3 0x80005fe4 (0x997d) x10 0x00000000
core   0: 0x80005fe6 (0x40b38033) sub     zero, t2, a1
core   0: 3 0x80005fe6 (0x40b38033)
core   0: 0x80005fea (0x023d8133) mul     sp, s11, gp
core   0: 3 0x80005fea (0x023d8133) x2  0xfffb8000
core   0: 0x80005fee (0x00004425) c.li    s0, 9
core   0: 3 0x80005fee (0x4425) x8  0x00000009
core   0: 0x80005ff0 (0x00bc3f33) sltu    t5, s8, a1
core   0: 3 0x80005ff0 (0x00bc3f33) x30 0x00000000
core   0: 0x80005ff4 (0x00004735) c.li    a4, 13
core   0: 3 0x80005ff4 (0x4735) x14 0x0000000d
core   0: 0x80005ff6 (0x0045b033) sltu    zero, a1, tp
core   0: 3 0x80005ff6 (0x0045b033)
core   0: 0x80005ffa (0x036b0233) mul     tp, s6, s6
core   0: 3 0x80005ffa (0x036b0233) x4  0x00000cb1
core   0: 0x80005ffe (0x00008515) c.srai  a0, 5
core   0: 3 0x80005ffe (0x8515) x10 0x00000000
core   0: 0x80006000 (0x00000405) c.addi  s0, 1
core   0: 3 0x80006000 (0x0405) x8  0x0000000a
core   0: 0x80006002 (0x00008dad) c.xor   a1, a1
core   0: 3 0x80006002 (0x8dad) x11 0x00000000
core   0: 0x80006004 (0xfee41be3) bne     s0, a4, pc - 10
core   0: 3 0x80006004 (0xfee41be3)
core   0: 0x80005ffa (0x036b0233) mul     tp, s6, s6
core   0: 3 0x80005ffa (0x036b0233) x4  0x00000cb1
core   0: 0x80005ffe (0x00008515) c.srai  a0, 5
core   0: 3 0x80005ffe (0x8515) x10 0x00000000
core   0: 0x80006000 (0x00000405) c.addi  s0, 1
core   0: 3 0x80006000 (0x0405) x8  0x0000000b
core   0: 0x80006002 (0x00008dad) c.xor   a1, a1
core   0: 3 0x80006002 (0x8dad) x11 0x00000000
core   0: 0x80006004 (0xfee41be3) bne     s0, a4, pc - 10
core   0: 3 0x80006004 (0xfee41be3)
core   0: 0x80005ffa (0x036b0233) mul     tp, s6, s6
core   0: 3 0x80005ffa (0x036b0233) x4  0x00000cb1
core   0: 0x80005ffe (0x00008515) c.srai  a0, 5
core   0: 3 0x80005ffe (0x8515) x10 0x00000000
core   0: 0x80006000 (0x00000405) c.addi  s0, 1
core   0: 3 0x80006000 (0x0405) x8  0x0000000c
core   0: 0x80006002 (0x00008dad) c.xor   a1, a1
core   0: 3 0x80006002 (0x8dad) x11 0x00000000
core   0: 0x80006004 (0xfee41be3) bne     s0, a4, pc - 10
core   0: 3 0x80006004 (0xfee41be3)
core   0: 0x80005ffa (0x036b0233) mul     tp, s6, s6
core   0: 3 0x80005ffa (0x036b0233) x4  0x00000cb1
core   0: 0x80005ffe (0x00008515) c.srai  a0, 5
core   0: 3 0x80005ffe (0x8515) x10 0x00000000
core   0: 0x80006000 (0x00000405) c.addi  s0, 1
core   0: 3 0x80006000 (0x0405) x8  0x0000000d
core   0: 0x80006002 (0x00008dad) c.xor   a1, a1
core   0: 3 0x80006002 (0x8dad) x11 0x00000000
core   0: 0x80006004 (0xfee41be3) bne     s0, a4, pc - 10
core   0: 3 0x80006004 (0xfee41be3)
core   0: 0x80006008 (0x0296df33) divu    t5, a3, s1
core   0: 3 0x80006008 (0x0296df33) x30 0xffffffff
core   0: 0x8000600c (0x4ea19537) lui     a0, 0x4ea19
core   0: 3 0x8000600c (0x4ea19537) x10 0x4ea19000
core   0: 0x80006010 (0x0372cdb3) div     s11, t0, s7
core   0: 3 0x80006010 (0x0372cdb3) x27 0x0000000a
core   0: 0x80006014 (0x02097c33) remu    s8, s2, zero
core   0: 3 0x80006014 (0x02097c33) x24 0x80025e2c
core   0: 0x80006018 (0x2ca64113) xori    sp, a2, 714
core   0: 3 0x80006018 (0x2ca64113) x2  0x000002ca
core   0: 0x8000601c (0x00008cb5) c.xor   s1, a3
core   0: 3 0x8000601c (0x8cb5) x9  0x00000000
core   0: 0x8000601e (0xfaf9eae3) bltu    s3, a5, pc - 76
core   0: 3 0x8000601e (0xfaf9eae3)
core   0: 0x80005fd2 (0x7ddfa593) slti    a1, t6, 2013
core   0: 3 0x80005fd2 (0x7ddfa593) x11 0x00000001
core   0: 0x80005fd6 (0x03bacc33) div     s8, s5, s11
core   0: 3 0x80005fd6 (0x03bacc33) x24 0x00000001
core   0: 0x80005fda (0x00009e52) c.add   t3, s4
core   0: 3 0x80005fda (0x9e52) x28 0x0005394b
core   0: 0x80005fdc (0x00008de9) c.and   a1, a0
core   0: 3 0x80005fdc (0x8de9) x11 0x00000000
core   0: 0x80005fde (0x02ef1ab3) mulh    s5, t5, a4
core   0: 3 0x80005fde (0x02ef1ab3) x21 0xffffffff
core   0: 0x80005fe2 (0x000009a5) c.addi  s3, 9
core   0: 3 0x80005fe2 (0x09a5) x19 0x0000000d
core   0: 0x80005fe4 (0x0000997d) c.andi  a0, -1
core   0: 3 0x80005fe4 (0x997d) x10 0x4ea19000
core   0: 0x80005fe6 (0x40b38033) sub     zero, t2, a1
core   0: 3 0x80005fe6 (0x40b38033)
core   0: 0x80005fea (0x023d8133) mul     sp, s11, gp
core   0: 3 0x80005fea (0x023d8133) x2  0xffffffc4
core   0: 0x80005fee (0x00004425) c.li    s0, 9
core   0: 3 0x80005fee (0x4425) x8  0x00000009
core   0: 0x80005ff0 (0x00bc3f33) sltu    t5, s8, a1
core   0: 3 0x80005ff0 (0x00bc3f33) x30 0x00000000
core   0: 0x80005ff4 (0x00004735) c.li    a4, 13
core   0: 3 0x80005ff4 (0x4735) x14 0x0000000d
core   0: 0x80005ff6 (0x0045b033) sltu    zero, a1, tp
core   0: 3 0x80005ff6 (0x0045b033)
core   0: 0x80005ffa (0x036b0233) mul     tp, s6, s6
core   0: 3 0x80005ffa (0x036b0233) x4  0x00000cb1
core   0: 0x80005ffe (0x00008515) c.srai  a0, 5
core   0: 3 0x80005ffe (0x8515) x10 0x02750c80
core   0: 0x80006000 (0x00000405) c.addi  s0, 1
core   0: 3 0x80006000 (0x0405) x8  0x0000000a
core   0: 0x80006002 (0x00008dad) c.xor   a1, a1
core   0: 3 0x80006002 (0x8dad) x11 0x00000000
core   0: 0x80006004 (0xfee41be3) bne     s0, a4, pc - 10
core   0: 3 0x80006004 (0xfee41be3)
core   0: 0x80005ffa (0x036b0233) mul     tp, s6, s6
core   0: 3 0x80005ffa (0x036b0233) x4  0x00000cb1
core   0: 0x80005ffe (0x00008515) c.srai  a0, 5
core   0: 3 0x80005ffe (0x8515) x10 0x0013a864
core   0: 0x80006000 (0x00000405) c.addi  s0, 1
core   0: 3 0x80006000 (0x0405) x8  0x0000000b
core   0: 0x80006002 (0x00008dad) c.xor   a1, a1
core   0: 3 0x80006002 (0x8dad) x11 0x00000000
core   0: 0x80006004 (0xfee41be3) bne     s0, a4, pc - 10
core   0: 3 0x80006004 (0xfee41be3)
core   0: 0x80005ffa (0x036b0233) mul     tp, s6, s6
core   0: 3 0x80005ffa (0x036b0233) x4  0x00000cb1
core   0: 0x80005ffe (0x00008515) c.srai  a0, 5
core   0: 3 0x80005ffe (0x8515) x10 0x00009d43
core   0: 0x80006000 (0x00000405) c.addi  s0, 1
core   0: 3 0x80006000 (0x0405) x8  0x0000000c
core   0: 0x80006002 (0x00008dad) c.xor   a1, a1
core   0: 3 0x80006002 (0x8dad) x11 0x00000000
core   0: 0x80006004 (0xfee41be3) bne     s0, a4, pc - 10
core   0: 3 0x80006004 (0xfee41be3)
core   0: 0x80005ffa (0x036b0233) mul     tp, s6, s6
core   0: 3 0x80005ffa (0x036b0233) x4  0x00000cb1
core   0: 0x80005ffe (0x00008515) c.srai  a0, 5
core   0: 3 0x80005ffe (0x8515) x10 0x000004ea
core   0: 0x80006000 (0x00000405) c.addi  s0, 1
core   0: 3 0x80006000 (0x0405) x8  0x0000000d
core   0: 0x80006002 (0x00008dad) c.xor   a1, a1
core   0: 3 0x80006002 (0x8dad) x11 0x00000000
core   0: 0x80006004 (0xfee41be3) bne     s0, a4, pc - 10
core   0: 3 0x80006004 (0xfee41be3)
core   0: 0x80006008 (0x0296df33) divu    t5, a3, s1
core   0: 3 0x80006008 (0x0296df33) x30 0xffffffff
core   0: 0x8000600c (0x4ea19537) lui     a0, 0x4ea19
core   0: 3 0x8000600c (0x4ea19537) x10 0x4ea19000
core   0: 0x80006010 (0x0372cdb3) div     s11, t0, s7
core   0: 3 0x80006010 (0x0372cdb3) x27 0x0000000a
core   0: 0x80006014 (0x02097c33) remu    s8, s2, zero
core   0: 3 0x80006014 (0x02097c33) x24 0x80025e2c
core   0: 0x80006018 (0x2ca64113) xori    sp, a2, 714
core   0: 3 0x80006018 (0x2ca64113) x2  0x000002ca
core   0: 0x8000601c (0x00008cb5) c.xor   s1, a3
core   0: 3 0x8000601c (0x8cb5) x9  0x00000000
core   0: 0x8000601e (0xfaf9eae3) bltu    s3, a5, pc - 76
core   0: 3 0x8000601e (0xfaf9eae3)
core   0: 0x80005fd2 (0x7ddfa593) slti    a1, t6, 2013
core   0: 3 0x80005fd2 (0x7ddfa593) x11 0x00000001
core   0: 0x80005fd6 (0x03bacc33) div     s8, s5, s11
core   0: 3 0x80005fd6 (0x03bacc33) x24 0x00000000
core   0: 0x80005fda (0x00009e52) c.add   t3, s4
core   0: 3 0x80005fda (0x9e52) x28 0x8007d62f
core   0: 0x80005fdc (0x00008de9) c.and   a1, a0
core   0: 3 0x80005fdc (0x8de9) x11 0x00000000
core   0: 0x80005fde (0x02ef1ab3) mulh    s5, t5, a4
core   0: 3 0x80005fde (0x02ef1ab3) x21 0xffffffff
core   0: 0x80005fe2 (0x000009a5) c.addi  s3, 9
core   0: 3 0x80005fe2 (0x09a5) x19 0x00000016
core   0: 0x80005fe4 (0x0000997d) c.andi  a0, -1
core   0: 3 0x80005fe4 (0x997d) x10 0x4ea19000
core   0: 0x80005fe6 (0x40b38033) sub     zero, t2, a1
core   0: 3 0x80005fe6 (0x40b38033)
core   0: 0x80005fea (0x023d8133) mul     sp, s11, gp
core   0: 3 0x80005fea (0x023d8133) x2  0xffffffc4
core   0: 0x80005fee (0x00004425) c.li    s0, 9
core   0: 3 0x80005fee (0x4425) x8  0x00000009
core   0: 0x80005ff0 (0x00bc3f33) sltu    t5, s8, a1
core   0: 3 0x80005ff0 (0x00bc3f33) x30 0x00000000
core   0: 0x80005ff4 (0x00004735) c.li    a4, 13
core   0: 3 0x80005ff4 (0x4735) x14 0x0000000d
core   0: 0x80005ff6 (0x0045b033) sltu    zero, a1, tp
core   0: 3 0x80005ff6 (0x0045b033)
core   0: 0x80005ffa (0x036b0233) mul     tp, s6, s6
core   0: 3 0x80005ffa (0x036b0233) x4  0x00000cb1
core   0: 0x80005ffe (0x00008515) c.srai  a0, 5
core   0: 3 0x80005ffe (0x8515) x10 0x02750c80
core   0: 0x80006000 (0x00000405) c.addi  s0, 1
core   0: 3 0x80006000 (0x0405) x8  0x0000000a
core   0: 0x80006002 (0x00008dad) c.xor   a1, a1
core   0: 3 0x80006002 (0x8dad) x11 0x00000000
core   0: 0x80006004 (0xfee41be3) bne     s0, a4, pc - 10
core   0: 3 0x80006004 (0xfee41be3)
core   0: 0x80005ffa (0x036b0233) mul     tp, s6, s6
core   0: 3 0x80005ffa (0x036b0233) x4  0x00000cb1
core   0: 0x80005ffe (0x00008515) c.srai  a0, 5
core   0: 3 0x80005ffe (0x8515) x10 0x0013a864
core   0: 0x80006000 (0x00000405) c.addi  s0, 1
core   0: 3 0x80006000 (0x0405) x8  0x0000000b
core   0: 0x80006002 (0x00008dad) c.xor   a1, a1
core   0: 3 0x80006002 (0x8dad) x11 0x00000000
core   0: 0x80006004 (0xfee41be3) bne     s0, a4, pc - 10
core   0: 3 0x80006004 (0xfee41be3)
core   0: 0x80005ffa (0x036b0233) mul     tp, s6, s6
core   0: 3 0x80005ffa (0x036b0233) x4  0x00000cb1
core   0: 0x80005ffe (0x00008515) c.srai  a0, 5
core   0: 3 0x80005ffe (0x8515) x10 0x00009d43
core   0: 0x80006000 (0x00000405) c.addi  s0, 1
core   0: 3 0x80006000 (0x0405) x8  0x0000000c
core   0: 0x80006002 (0x00008dad) c.xor   a1, a1
core   0: 3 0x80006002 (0x8dad) x11 0x00000000
core   0: 0x80006004 (0xfee41be3) bne     s0, a4, pc - 10
core   0: 3 0x80006004 (0xfee41be3)
core   0: 0x80005ffa (0x036b0233) mul     tp, s6, s6
core   0: 3 0x80005ffa (0x036b0233) x4  0x00000cb1
core   0: 0x80005ffe (0x00008515) c.srai  a0, 5
core   0: 3 0x80005ffe (0x8515) x10 0x000004ea
core   0: 0x80006000 (0x00000405) c.addi  s0, 1
core   0: 3 0x80006000 (0x0405) x8  0x0000000d
core   0: 0x80006002 (0x00008dad) c.xor   a1, a1
core   0: 3 0x80006002 (0x8dad) x11 0x00000000
core   0: 0x80006004 (0xfee41be3) bne     s0, a4, pc - 10
core   0: 3 0x80006004 (0xfee41be3)
core   0: 0x80006008 (0x0296df33) divu    t5, a3, s1
core   0: 3 0x80006008 (0x0296df33) x30 0xffffffff
core   0: 0x8000600c (0x4ea19537) lui     a0, 0x4ea19
core   0: 3 0x8000600c (0x4ea19537) x10 0x4ea19000
core   0: 0x80006010 (0x0372cdb3) div     s11, t0, s7
core   0: 3 0x80006010 (0x0372cdb3) x27 0x0000000a
core   0: 0x80006014 (0x02097c33) remu    s8, s2, zero
core   0: 3 0x80006014 (0x02097c33) x24 0x80025e2c
core   0: 0x80006018 (0x2ca64113) xori    sp, a2, 714
core   0: 3 0x80006018 (0x2ca64113) x2  0x000002ca
core   0: 0x8000601c (0x00008cb5) c.xor   s1, a3
core   0: 3 0x8000601c (0x8cb5) x9  0x00000000
core   0: 0x8000601e (0xfaf9eae3) bltu    s3, a5, pc - 76
core   0: 3 0x8000601e (0xfaf9eae3)
core   0: 0x80006022 (0x00000562) c.slli  a0, 24
core   0: 3 0x80006022 (0x0562) x10 0x00000000
core   0: 0x80006024 (0x0000448d) c.li    s1, 3
core   0: 3 0x80006024 (0x448d) x9  0x00000003
core   0: 0x80006026 (0x000085ed) c.srai  a1, 27
core   0: 3 0x80006026 (0x85ed) x11 0x00000000
core   0: 0x80006028 (0x03dddb33) divu    s6, s11, t4
core   0: 3 0x80006028 (0x03dddb33) x22 0x00000001
core   0: 0x8000602c (0x00008df5) c.and   a1, a3
core   0: 3 0x8000602c (0x8df5) x11 0x00000000
core   0: 0x8000602e (0x013ed833) srl     a6, t4, s3
core   0: 3 0x8000602e (0x013ed833) x16 0x00000000
core   0: 0x80006032 (0x00004c99) c.li    s9, 6
core   0: 3 0x80006032 (0x4c99) x25 0x00000006
core   0: 0x80006034 (0xe4f24f93) xori    t6, tp, -433
core   0: 3 0x80006034 (0xe4f24f93) x31 0xfffff2fe
core   0: 0x80006038 (0x008fe133) or      sp, t6, s0
core   0: 3 0x80006038 (0x008fe133) x2  0xfffff2ff
core   0: 0x8000603c (0x000098a2) c.add   a7, s0
core   0: 3 0x8000603c (0x98a2) x17 0xffffff9a
core   0: 0x8000603e (0xae6a8d13) addi    s10, s5, -1306
core   0: 3 0x8000603e (0xae6a8d13) x26 0xfffffae5
core   0: 0x80006042 (0x00637c33) and     s8, t1, t1
core   0: 3 0x80006042 (0x00637c33) x24 0x80005fb2
core   0: 0x80006046 (0x3724c217) auipc   tp, 0x3724c
core   0: 3 0x80006046 (0x3724c217) x4  0xb7252046
core   0: 0x8000604a (0x3a6ab213) sltiu   tp, s5, 934
core   0: 3 0x8000604a (0x3a6ab213) x4  0x00000000
core   0: 0x8000604e (0x00000001) c.nop
core   0: 3 0x8000604e (0x0001)
core   0: 0x80006050 (0x00008c36) c.mv    s8, a3
core   0: 3 0x80006050 (0x8c36) x24 0x00000000
core   0: 0x80006052 (0x00008fc1) c.or    a5, s0
core   0: 3 0x80006052 (0x8fc1) x15 0x0000001d
core   0: 0x80006054 (0x41755e33) sra     t3, a0, s7
core   0: 3 0x80006054 (0x41755e33) x28 0x00000000
core   0: 0x80006058 (0x00064233) xor     tp, a2, zero
core   0: 3 0x80006058 (0x00064233) x4  0x00000000
core   0: 0x8000605c (0x00000485) c.addi  s1, 1
core   0: 3 0x8000605c (0x0485) x9  0x00000004
core   0: 0x8000605e (0x00d39833) sll     a6, t2, a3
core   0: 3 0x8000605e (0x00d39833) x16 0x04b80000
core   0: 0x80006062 (0x005e7eb3) and     t4, t3, t0
core   0: 3 0x80006062 (0x005e7eb3) x29 0x00000000
core   0: 0x80006066 (0xfd9497e3) bne     s1, s9, pc - 50
core   0: 3 0x80006066 (0xfd9497e3)
core   0: 0x80006034 (0xe4f24f93) xori    t6, tp, -433
core   0: 3 0x80006034 (0xe4f24f93) x31 0xfffffe4f
core   0: 0x80006038 (0x008fe133) or      sp, t6, s0
core   0: 3 0x80006038 (0x008fe133) x2  0xfffffe4f
core   0: 0x8000603c (0x000098a2) c.add   a7, s0
core   0: 3 0x8000603c (0x98a2) x17 0xffffffa7
core   0: 0x8000603e (0xae6a8d13) addi    s10, s5, -1306
core   0: 3 0x8000603e (0xae6a8d13) x26 0xfffffae5
core   0: 0x80006042 (0x00637c33) and     s8, t1, t1
core   0: 3 0x80006042 (0x00637c33) x24 0x80005fb2
core   0: 0x80006046 (0x3724c217) auipc   tp, 0x3724c
core   0: 3 0x80006046 (0x3724c217) x4  0xb7252046
core   0: 0x8000604a (0x3a6ab213) sltiu   tp, s5, 934
core   0: 3 0x8000604a (0x3a6ab213) x4  0x00000000
core   0: 0x8000604e (0x00000001) c.nop
core   0: 3 0x8000604e (0x0001)
core   0: 0x80006050 (0x00008c36) c.mv    s8, a3
core   0: 3 0x80006050 (0x8c36) x24 0x00000000
core   0: 0x80006052 (0x00008fc1) c.or    a5, s0
core   0: 3 0x80006052 (0x8fc1) x15 0x0000001d
core   0: 0x80006054 (0x41755e33) sra     t3, a0, s7
core   0: 3 0x80006054 (0x41755e33) x28 0x00000000
core   0: 0x80006058 (0x00064233) xor     tp, a2, zero
core   0: 3 0x80006058 (0x00064233) x4  0x00000000
core   0: 0x8000605c (0x00000485) c.addi  s1, 1
core   0: 3 0x8000605c (0x0485) x9  0x00000005
core   0: 0x8000605e (0x00d39833) sll     a6, t2, a3
core   0: 3 0x8000605e (0x00d39833) x16 0x04b80000
core   0: 0x80006062 (0x005e7eb3) and     t4, t3, t0
core   0: 3 0x80006062 (0x005e7eb3) x29 0x00000000
core   0: 0x80006066 (0xfd9497e3) bne     s1, s9, pc - 50
core   0: 3 0x80006066 (0xfd9497e3)
core   0: 0x80006034 (0xe4f24f93) xori    t6, tp, -433
core   0: 3 0x80006034 (0xe4f24f93) x31 0xfffffe4f
core   0: 0x80006038 (0x008fe133) or      sp, t6, s0
core   0: 3 0x80006038 (0x008fe133) x2  0xfffffe4f
core   0: 0x8000603c (0x000098a2) c.add   a7, s0
core   0: 3 0x8000603c (0x98a2) x17 0xffffffb4
core   0: 0x8000603e (0xae6a8d13) addi    s10, s5, -1306
core   0: 3 0x8000603e (0xae6a8d13) x26 0xfffffae5
core   0: 0x80006042 (0x00637c33) and     s8, t1, t1
core   0: 3 0x80006042 (0x00637c33) x24 0x80005fb2
core   0: 0x80006046 (0x3724c217) auipc   tp, 0x3724c
core   0: 3 0x80006046 (0x3724c217) x4  0xb7252046
core   0: 0x8000604a (0x3a6ab213) sltiu   tp, s5, 934
core   0: 3 0x8000604a (0x3a6ab213) x4  0x00000000
core   0: 0x8000604e (0x00000001) c.nop
core   0: 3 0x8000604e (0x0001)
core   0: 0x80006050 (0x00008c36) c.mv    s8, a3
core   0: 3 0x80006050 (0x8c36) x24 0x00000000
core   0: 0x80006052 (0x00008fc1) c.or    a5, s0
core   0: 3 0x80006052 (0x8fc1) x15 0x0000001d
core   0: 0x80006054 (0x41755e33) sra     t3, a0, s7
core   0: 3 0x80006054 (0x41755e33) x28 0x00000000
core   0: 0x80006058 (0x00064233) xor     tp, a2, zero
core   0: 3 0x80006058 (0x00064233) x4  0x00000000
core   0: 0x8000605c (0x00000485) c.addi  s1, 1
core   0: 3 0x8000605c (0x0485) x9  0x00000006
core   0: 0x8000605e (0x00d39833) sll     a6, t2, a3
core   0: 3 0x8000605e (0x00d39833) x16 0x04b80000
core   0: 0x80006062 (0x005e7eb3) and     t4, t3, t0
core   0: 3 0x80006062 (0x005e7eb3) x29 0x00000000
core   0: 0x80006066 (0xfd9497e3) bne     s1, s9, pc - 50
core   0: 3 0x80006066 (0xfd9497e3)
core   0: 0x8000606a (0x00008d59) c.or    a0, a4
core   0: 3 0x8000606a (0x8d59) x10 0x0000000d
core   0: 0x8000606c (0x018000ef) jal     pc + 0x18
core   0: 3 0x8000606c (0x018000ef) x1  0x80006070
core   0: 0x80006084 (0x01c000ef) jal     pc + 0x1c
core   0: 3 0x80006084 (0x01c000ef) x1  0x80006088
core   0: 0x800060a0 (0x0000b7fd) c.j     pc - 18
core   0: 3 0x800060a0 (0xb7fd)
core   0: 0x8000608e (0xffbff36f) jal     t1, pc - 0x6
core   0: 3 0x8000608e (0xffbff36f) x6  0x80006092
core   0: 0x80006088 (0x00002829) c.jal   pc + 26
core   0: 3 0x80006088 (0x2829) x1  0x8000608a
core   0: 0x800060a2 (0x004000ef) jal     pc + 0x4
core   0: 3 0x800060a2 (0x004000ef) x1  0x800060a6
core   0: 0x800060a6 (0xff5ff0ef) jal     pc - 0xc
core   0: 3 0x800060a6 (0xff5ff0ef) x1  0x800060aa
core   0: 0x8000609a (0x0000bff5) c.j     pc - 4
core   0: 3 0x8000609a (0xbff5)
core   0: 0x80006096 (0x0000bfd5) c.j     pc - 12
core   0: 3 0x80006096 (0xbfd5)
core   0: 0x8000608a (0xfe7ff0ef) jal     pc - 0x1a
core   0: 3 0x8000608a (0xfe7ff0ef) x1  0x8000608e
core   0: 0x80006070 (0x00002025) c.jal   pc + 40
core   0: 3 0x80006070 (0x2025) x1  0x80006072
core   0: 0x80006098 (0x0000bfe9) c.j     pc - 38
core   0: 3 0x80006098 (0xbfe9)
core   0: 0x80006072 (0x0220036f) jal     t1, pc + 0x22
core   0: 3 0x80006072 (0x0220036f) x6  0x80006076
core   0: 0x80006094 (0x0000b7f5) c.j     pc - 20
core   0: 3 0x80006094 (0xb7f5)
core   0: 0x80006080 (0x0000bfe5) c.j     pc - 8
core   0: 3 0x80006080 (0xbfe5)
core   0: 0x80006078 (0x0000a015) c.j     pc + 36
core   0: 3 0x80006078 (0xa015)
core   0: 0x8000609c (0xfdbff36f) jal     t1, pc - 0x26
core   0: 3 0x8000609c (0xfdbff36f) x6  0x800060a0
core   0: 0x80006076 (0x00002011) c.jal   pc + 4
core   0: 3 0x80006076 (0x2011) x1  0x80006078
core   0: 0x8000607a (0x0000a821) c.j     pc + 24
core   0: 3 0x8000607a (0xa821)
core   0: 0x80006092 (0x00003fc5) c.jal   pc - 16
core   0: 3 0x80006092 (0x3fc5) x1  0x80006094
core   0: 0x80006082 (0x00003fed) c.jal   pc - 6
core   0: 3 0x80006082 (0x3fed) x1  0x80006084
core   0: 0x8000607c (0x02e0036f) jal     t1, pc + 0x2e
core   0: 3 0x8000607c (0x02e0036f) x6  0x80006080
core   0: 0x800060aa (0x0000987d) c.andi  s0, -1
core   0: 3 0x800060aa (0x987d) x8  0x0000000d
core   0: 0x800060ac (0x024000ef) jal     pc + 0x24
core   0: 3 0x800060ac (0x024000ef) x1  0x800060b0
core   0: 0x800060d0 (0x0000b7e5) c.j     pc - 24
core   0: 3 0x800060d0 (0xb7e5)
core   0: 0x800060b8 (0xfffffbef) jal     s7, pc - 0x2
core   0: 3 0x800060b8 (0xfffffbef) x23 0x800060bc
core   0: 0x800060b6 (0x00002831) c.jal   pc + 28
core   0: 3 0x800060b6 (0x2831) x1  0x800060b8
core   0: 0x800060d2 (0x0000a811) c.j     pc + 20
core   0: 3 0x800060d2 (0xa811)
core   0: 0x800060e6 (0x00003fd9) c.jal   pc - 42
core   0: 3 0x800060e6 (0x3fd9) x1  0x800060e8
core   0: 0x800060bc (0x00002831) c.jal   pc + 28
core   0: 3 0x800060bc (0x2831) x1  0x800060be
core   0: 0x800060d8 (0x004000ef) jal     pc + 0x4
core   0: 3 0x800060d8 (0x004000ef) x1  0x800060dc
core   0: 0x800060dc (0x0000b7fd) c.j     pc - 18
core   0: 3 0x800060dc (0xb7fd)
core   0: 0x800060ca (0x00002839) c.jal   pc + 30
core   0: 3 0x800060ca (0x2839) x1  0x800060cc
core   0: 0x800060e8 (0x0000b7fd) c.j     pc - 18
core   0: 3 0x800060e8 (0xb7fd)
core   0: 0x800060d6 (0x00003ffd) c.jal   pc - 2
core   0: 3 0x800060d6 (0x3ffd) x1  0x800060d8
core   0: 0x800060d4 (0x0000a029) c.j     pc + 10
core   0: 3 0x800060d4 (0xa029)
core   0: 0x800060de (0x0000b7e5) c.j     pc - 24
core   0: 3 0x800060de (0xb7e5)
core   0: 0x800060c6 (0x0000bff5) c.j     pc - 4
core   0: 3 0x800060c6 (0xbff5)
core   0: 0x800060c2 (0x00003fc5) c.jal   pc - 16
core   0: 3 0x800060c2 (0x3fc5) x1  0x800060c4
core   0: 0x800060b2 (0x01a0016f) jal     sp, pc + 0x1a
core   0: 3 0x800060b2 (0x01a0016f) x2  0x800060b6
core   0: 0x800060cc (0xfe5ff36f) jal     t1, pc - 0x1c
core   0: 3 0x800060cc (0xfe5ff36f) x6  0x800060d0
core   0: 0x800060b0 (0x0000a821) c.j     pc + 24
core   0: 3 0x800060b0 (0xa821)
core   0: 0x800060c8 (0x00003fdd) c.jal   pc - 10
core   0: 3 0x800060c8 (0x3fdd) x1  0x800060ca
core   0: 0x800060be (0x0220036f) jal     t1, pc + 0x22
core   0: 3 0x800060be (0x0220036f) x6  0x800060c2
core   0: 0x800060e0 (0xfe5ff36f) jal     t1, pc - 0x1c
core   0: 3 0x800060e0 (0xfe5ff36f) x6  0x800060e4
core   0: 0x800060c4 (0x0000a005) c.j     pc + 32
core   0: 3 0x800060c4 (0xa005)
core   0: 0x800060e4 (0x00002019) c.jal   pc + 6
core   0: 3 0x800060e4 (0x2019) x1  0x800060e6
core   0: 0x800060ea (0x03a38c33) mul     s8, t2, s10
core   0: 3 0x800060ea (0x03a38c33) x24 0xe8980000
core   0: 0x800060ee (0x00014c97) auipc   s9, 0x14
core   0: 3 0x800060ee (0x00014c97) x25 0x8001a0ee
core   0: 0x800060f2 (0xc8ec8c93) addi    s9, s9, -882
core   0: 3 0x800060f2 (0xc8ec8c93) x25 0x80019d7c
core   0: 0x800060f6 (0x03ed3f33) mulhu   t5, s10, t5
core   0: 3 0x800060f6 (0x03ed3f33) x30 0xfffffae4
core   0: 0x800060fa (0x27cea693) slti    a3, t4, 636
core   0: 3 0x800060fa (0x27cea693) x13 0x00000001
core   0: 0x800060fe (0x0000881d) c.andi  s0, 7
core   0: 3 0x800060fe (0x881d) x8  0x00000005
core   0: 0x80006100 (0x0000987d) c.andi  s0, -1
core   0: 3 0x80006100 (0x987d) x8  0x00000005
core   0: 0x80006102 (0x02df6f33) rem     t5, t5, a3
core   0: 3 0x80006102 (0x02df6f33) x30 0x00000000
core   0: 0x80006106 (0x03d6bf33) mulhu   t5, a3, t4
core   0: 3 0x80006106 (0x03d6bf33) x30 0x00000000
core   0: 0x8000610a (0x00008c41) c.or    s0, s0
core   0: 3 0x8000610a (0x8c41) x8  0x00000005
core   0: 0x8000610c (0x02dd5033) divu    zero, s10, a3
core   0: 3 0x8000610c (0x02dd5033)
core   0: 0x80006110 (0xd81c8d03) lb      s10, -639(s9)
core   0: 3 0x80006110 (0xd81c8d03) x26 0xffffff8c mem 0x80019afd
core   0: 0x80006114 (0x41ed0eb3) sub     t4, s10, t5
core   0: 3 0x80006114 (0x41ed0eb3) x29 0xffffff8c
core   0: 0x80006118 (0x7c6cde83) lhu     t4, 1990(s9)
core   0: 3 0x80006118 (0x7c6cde83) x29 0x0000b310 mem 0x8001a542
core   0: 0x8000611c (0x409f5e93) srai    t4, t5, 9
core   0: 3 0x8000611c (0x409f5e93) x29 0x00000000
core   0: 0x80006120 (0x841c8683) lb      a3, -1983(s9)
core   0: 3 0x80006120 (0x841c8683) x13 0xffffffcd mem 0x800195bd
core   0: 0x80006124 (0x100c87a3) sb      zero, 271(s9)
core   0: 3 0x80006124 (0x100c87a3) mem 0x80019e8b 0x00
core   0: 0x80006128 (0x000e9433) sll     s0, t4, zero
core   0: 3 0x80006128 (0x000e9433) x8  0x00000000
core   0: 0x8000612c (0x6bac9003) lh      zero, 1722(s9)
core   0: 3 0x8000612c (0x6bac9003) mem 0x8001a436
core   0: 0x80006130 (0xccdc83a3) sb      a3, -825(s9)
core   0: 3 0x80006130 (0xccdc83a3) mem 0x80019a43 0xcd
core   0: 0x80006134 (0x01e47433) and     s0, s0, t5
core   0: 3 0x80006134 (0x01e47433) x8  0x00000000
core   0: 0x80006138 (0x028d6433) rem     s0, s10, s0
core   0: 3 0x80006138 (0x028d6433) x8  0xffffff8c
core   0: 0x8000613c (0x03e05433) divu    s0, zero, t5
core   0: 3 0x8000613c (0x03e05433) x8  0xffffffff
core   0: 0x80006140 (0x38ec8403) lb      s0, 910(s9)
core   0: 3 0x80006140 (0x38ec8403) x8  0xffffffab mem 0x8001a10a
core   0: 0x80006144 (0x37ecd403) lhu     s0, 894(s9)
core   0: 3 0x80006144 (0x37ecd403) x8  0x0000c233 mem 0x8001a0fa
core   0: 0x80006148 (0x9e0c9123) sh      zero, -1566(s9)
core   0: 3 0x80006148 (0x9e0c9123) mem 0x8001975e 0x0000
core   0: 0x8000614c (0x00000001) c.nop
core   0: 3 0x8000614c (0x0001)
core   0: 0x8000614e (0x910c9003) lh      zero, -1776(s9)
core   0: 3 0x8000614e (0x910c9003) mem 0x8001968c
core   0: 0x80006152 (0x7cfc8f03) lb      t5, 1999(s9)
core   0: 3 0x80006152 (0x7cfc8f03) x30 0xffffffe2 mem 0x8001a54b
core   0: 0x80006156 (0x178caf03) lw      t5, 376(s9)
core   0: 3 0x80006156 (0x178caf03) x30 0x2f1bd7ca mem 0x80019ef4
core   0: 0x8000615a (0x457cc683) lbu     a3, 1111(s9)
core   0: 3 0x8000615a (0x457cc683) x13 0x0000006b mem 0x8001a1d3
core   0: 0x8000615e (0xfc4eaf13) slti    t5, t4, -60
core   0: 3 0x8000615e (0xfc4eaf13) x30 0x00000000
core   0: 0x80006162 (0xa9dc9423) sh      t4, -1400(s9)
core   0: 3 0x80006162 (0xa9dc9423) mem 0x80019804 0x0000
core   0: 0x80006166 (0xb46c8e83) lb      t4, -1210(s9)
core   0: 3 0x80006166 (0xb46c8e83) x29 0xfffffff6 mem 0x800198c2
core   0: 0x8000616a (0x13dc8fa3) sb      t4, 319(s9)
core   0: 3 0x8000616a (0x13dc8fa3) mem 0x80019ebb 0xf6
core   0: 0x8000616e (0xf3acdd03) lhu     s10, -198(s9)
core   0: 3 0x8000616e (0xf3acdd03) x26 0x0000224f mem 0x80019cb6
core   0: 0x80006172 (0x00debeb3) sltu    t4, t4, a3
core   0: 3 0x80006172 (0x00debeb3) x29 0x00000000
core   0: 0x80006176 (0xf5dc88a3) sb      t4, -175(s9)
core   0: 3 0x80006176 (0xf5dc88a3) mem 0x80019ccd 0x00
core   0: 0x8000617a (0x01dd4f33) xor     t5, s10, t4
core   0: 3 0x8000617a (0x01dd4f33) x30 0x0000224f
core   0: 0x8000617e (0x037ccd03) lbu     s10, 55(s9)
core   0: 3 0x8000617e (0x037ccd03) x26 0x00000074 mem 0x80019db3
core   0: 0x80006182 (0x02001f33) mulh    t5, zero, zero
core   0: 3 0x80006182 (0x02001f33) x30 0x00000000
core   0: 0x80006186 (0x05ec8da3) sb      t5, 91(s9)
core   0: 3 0x80006186 (0x05ec8da3) mem 0x80019dd7 0x00
core   0: 0x8000618a (0x02dd5d33) divu    s10, s10, a3
core   0: 3 0x8000618a (0x02dd5d33) x26 0x00000001
core   0: 0x8000618e (0x703cc403) lbu     s0, 1795(s9)
core   0: 3 0x8000618e (0x703cc403) x8  0x000000ef mem 0x8001a47f
core   0: 0x80006192 (0x827c8e83) lb      t4, -2009(s9)
core   0: 3 0x80006192 (0x827c8e83) x29 0xffffffad mem 0x800195a3
core   0: 0x80006196 (0xd31e7017) auipc   zero, 0xd31e7
core   0: 3 0x80006196 (0xd31e7017)
core   0: 0x8000619a (0x8a8ca003) lw      zero, -1880(s9)
core   0: 3 0x8000619a (0x8a8ca003) mem 0x80019624
core   0: 0x8000619e (0x221c8f03) lb      t5, 545(s9)
core   0: 3 0x8000619e (0x221c8f03) x30 0x00000027 mem 0x80019f9d
core   0: 0x800061a2 (0x169cc003) lbu     zero, 361(s9)
core   0: 3 0x800061a2 (0x169cc003) mem 0x80019ee5
core   0: 0x800061a6 (0x008d5d13) srli    s10, s10, 8
core   0: 3 0x800061a6 (0x008d5d13) x26 0x00000000
core   0: 0x800061aa (0x00008c75) c.and   s0, a3
core   0: 3 0x800061aa (0x8c75) x8  0x0000006b
core   0: 0x800061ac (0x017f5413) srli    s0, t5, 23
core   0: 3 0x800061ac (0x017f5413) x8  0x00000000
core   0: 0x800061b0 (0x00008819) c.andi  s0, 6
core   0: 3 0x800061b0 (0x8819) x8  0x00000000
core   0: 0x800061b2 (0x03d6df33) divu    t5, a3, t4
core   0: 3 0x800061b2 (0x03d6df33) x30 0x00000000
core   0: 0x800061b6 (0xc03c8003) lb      zero, -1021(s9)
core   0: 3 0x800061b6 (0xc03c8003) mem 0x8001997f
core   0: 0x800061ba (0xf0fc8683) lb      a3, -241(s9)
core   0: 3 0x800061ba (0xf0fc8683) x13 0xffffffe1 mem 0x80019c8b
core   0: 0x800061be (0x4e0cc403) lbu     s0, 1248(s9)
core   0: 3 0x800061be (0x4e0cc403) x8  0x00000020 mem 0x8001a25c
core   0: 0x800061c2 (0xa52cdd03) lhu     s10, -1454(s9)
core   0: 3 0x800061c2 (0xa52cdd03) x26 0x0000f27a mem 0x800197ce
core   0: 0x800061c6 (0x9b7c8d03) lb      s10, -1609(s9)
core   0: 3 0x800061c6 (0x9b7c8d03) x26 0x0000003e mem 0x80019733
core   0: 0x800061ca (0x0000b117) auipc   sp, 0xb
core   0: 3 0x800061ca (0x0000b117) x2  0x800111ca
core   0: 0x800061ce (0xb3b10113) addi    sp, sp, -1221
core   0: 3 0x800061ce (0xb3b10113) x2  0x80010d05
core   0: 0x800061d2 (0x00810483) lb      s1, 8(sp)
core   0: 3 0x800061d2 (0x00810483) x9  0x0000006a mem 0x80010d0d
core   0: 0x800061d6 (0x00110423) sb      ra, 8(sp)
core   0: 3 0x800061d6 (0x00110423) mem 0x80010d0d 0xe6
core   0: 0x800061da (0x00810f03) lb      t5, 8(sp)
core   0: 3 0x800061da (0x00810f03) x30 0xffffffe6 mem 0x80010d0d
core   0: 0x800061de (0x01110423) sb      a7, 8(sp)
core   0: 3 0x800061de (0x01110423) mem 0x80010d0d 0xb4
core   0: 0x800061e2 (0x01810423) sb      s8, 8(sp)
core   0: 3 0x800061e2 (0x01810423) mem 0x80010d0d 0x00
core   0: 0x800061e6 (0x00814683) lbu     a3, 8(sp)
core   0: 3 0x800061e6 (0x00814683) x13 0x00000000 mem 0x80010d0d
core   0: 0x800061ea (0x017037b3) snez    a5, s7
core   0: 3 0x800061ea (0x017037b3) x15 0x00000001
core   0: 0x800061ee (0x01810423) sb      s8, 8(sp)
core   0: 3 0x800061ee (0x01810423) mem 0x80010d0d 0x00
core   0: 0x800061f2 (0x01d10423) sb      t4, 8(sp)
core   0: 3 0x800061f2 (0x01d10423) mem 0x80010d0d 0xad
core   0: 0x800061f6 (0x01910423) sb      s9, 8(sp)
core   0: 3 0x800061f6 (0x01910423) mem 0x80010d0d 0x7c
core   0: 0x800061fa (0x00810083) lb      ra, 8(sp)
core   0: 3 0x800061fa (0x00810083) x1  0x0000007c mem 0x80010d0d
core   0: 0x800061fe (0x00810b83) lb      s7, 8(sp)
core   0: 3 0x800061fe (0x00810b83) x23 0x0000007c mem 0x80010d0d
core   0: 0x80006202 (0x00d10423) sb      a3, 8(sp)
core   0: 3 0x80006202 (0x00d10423) mem 0x80010d0d 0x00
core   0: 0x80006206 (0x00814503) lbu     a0, 8(sp)
core   0: 3 0x80006206 (0x00814503) x10 0x00000000 mem 0x80010d0d
core   0: 0x8000620a (0xbe24c213) xori    tp, s1, -1054
core   0: 3 0x8000620a (0xbe24c213) x4  0xfffffb88
core   0: 0x8000620e (0x00814303) lbu     t1, 8(sp)
core   0: 3 0x8000620e (0x00814303) x6  0x00000000 mem 0x80010d0d
core   0: 0x80006212 (0x00814203) lbu     tp, 8(sp)
core   0: 3 0x80006212 (0x00814203) x4  0x00000000 mem 0x80010d0d
core   0: 0x80006216 (0x00814b03) lbu     s6, 8(sp)
core   0: 3 0x80006216 (0x00814b03) x22 0x00000000 mem 0x80010d0d
core   0: 0x8000621a (0x00814d03) lbu     s10, 8(sp)
core   0: 3 0x8000621a (0x00814d03) x26 0x00000000 mem 0x80010d0d
core   0: 0x8000621e (0x01910423) sb      s9, 8(sp)
core   0: 3 0x8000621e (0x01910423) mem 0x80010d0d 0x7c
core   0: 0x80006222 (0x00f10423) sb      a5, 8(sp)
core   0: 3 0x80006222 (0x00f10423) mem 0x80010d0d 0x01
core   0: 0x80006226 (0x00810983) lb      s3, 8(sp)
core   0: 3 0x80006226 (0x00810983) x19 0x00000001 mem 0x80010d0d
core   0: 0x8000622a (0x0000a117) auipc   sp, 0xa
core   0: 3 0x8000622a (0x0000a117) x2  0x8001022a
core   0: 0x8000622e (0x25a10113) addi    sp, sp, 602
core   0: 3 0x8000622e (0x25a10113) x2  0x80010484
core   0: 0x80006232 (0xfd114c83) lbu     s9, -47(sp)
core   0: 3 0x80006232 (0xfd114c83) x25 0x000000a7 mem 0x80010455
core   0: 0x80006236 (0xfd414683) lbu     a3, -44(sp)
core   0: 3 0x80006236 (0xfd414683) x13 0x00000037 mem 0x80010458
core   0: 0x8000623a (0x00008f7d) c.and   a4, a5
core   0: 3 0x8000623a (0x8f7d) x14 0x00000001
core   0: 0x8000623c (0x02a769b3) rem     s3, a4, a0
core   0: 3 0x8000623c (0x02a769b3) x19 0x00000001
core   0: 0x80006240 (0x00008d69) c.and   a0, a0
core   0: 3 0x80006240 (0x8d69) x10 0x00000000
core   0: 0x80006242 (0xfef10283) lb      t0, -17(sp)
core   0: 3 0x80006242 (0xfef10283) x5  0xffffff9f mem 0x80010473
core   0: 0x80006246 (0x40f65093) srai    ra, a2, 15
core   0: 3 0x80006246 (0x40f65093) x1  0x00000000
core   0: 0x8000624a (0x00e1f2b3) and     t0, gp, a4
core   0: 3 0x8000624a (0x00e1f2b3) x5  0x00000000
core   0: 0x8000624e (0x00008806) c.mv    a6, ra
core   0: 3 0x8000624e (0x8806) x16 0x00000000
core   0: 0x80006250 (0xfd714303) lbu     t1, -41(sp)
core   0: 3 0x80006250 (0xfd714303) x6  0x000000f5 mem 0x8001045b
core   0: 0x80006254 (0xfd310183) lb      gp, -45(sp)
core   0: 3 0x80006254 (0xfd310183) x3  0x00000000 mem 0x80010457
core   0: 0x80006258 (0xfe811d03) lh      s10, -24(sp)
core   0: 3 0x80006258 (0xfe811d03) x26 0xffffa28c mem 0x8001046c
core   0: 0x8000625c (0x00000001) c.nop
core   0: 3 0x8000625c (0x0001)
core   0: 0x8000625e (0xfca10483) lb      s1, -54(sp)
core   0: 3 0x8000625e (0xfca10483) x9  0xffffffcf mem 0x8001044e
core   0: 0x80006262 (0x03310e03) lb      t3, 51(sp)
core   0: 3 0x80006262 (0x03310e03) x28 0x00000035 mem 0x800104b7
core   0: 0x80006266 (0x01d10983) lb      s3, 29(sp)
core   0: 3 0x80006266 (0x01d10983) x19 0x00000048 mem 0x800104a1
core   0: 0x8000626a (0xf91a7497) auipc   s1, 0xf91a7
core   0: 3 0x8000626a (0xf91a7497) x9  0x791ad26a
core   0: 0x8000626e (0x000052fd) c.li    t0, -1
core   0: 3 0x8000626e (0x52fd) x5  0xffffffff
core   0: 0x80006270 (0x75336037) lui     zero, 0x75336
core   0: 3 0x80006270 (0x75336037)
core   0: 0x80006274 (0x00008f59) c.or    a4, a4
core   0: 3 0x80006274 (0x8f59) x14 0x00000001
core   0: 0x80006276 (0xfb0e5717) auipc   a4, 0xfb0e5
core   0: 3 0x80006276 (0xfb0e5717) x14 0x7b0eb276
core   0: 0x8000627a (0x000099fd) c.andi  a1, -1
core   0: 3 0x8000627a (0x99fd) x11 0x00000000
core   0: 0x8000627c (0xff210c23) sb      s2, -8(sp)
core   0: 3 0x8000627c (0xff210c23) mem 0x8001047c 0x2c
core   0: 0x80006280 (0xfd6103a3) sb      s6, -57(sp)
core   0: 3 0x80006280 (0xfd6103a3) mem 0x8001044b 0x00
core   0: 0x80006284 (0xfcf10b03) lb      s6, -49(sp)
core   0: 3 0x80006284 (0xfcf10b03) x22 0xffffffce mem 0x80010453
core   0: 0x80006288 (0xfeb14503) lbu     a0, -21(sp)
core   0: 3 0x80006288 (0xfeb14503) x10 0x000000f7 mem 0x8001046f
core   0: 0x8000628c (0x417d0533) sub     a0, s10, s7
core   0: 3 0x8000628c (0x417d0533) x10 0xffffa210
core   0: 0x80006290 (0x03b11d23) sh      s11, 58(sp)
core   0: 3 0x80006290 (0x03b11d23) mem 0x800104be 0x000a
core   0: 0x80006294 (0x00000001) c.nop
core   0: 3 0x80006294 (0x0001)
core   0: 0x80006296 (0x000081f6) c.mv    gp, t4
core   0: 3 0x80006296 (0x81f6) x3  0xffffffad
core   0: 0x80006298 (0x01710c03) lb      s8, 23(sp)
core   0: 3 0x80006298 (0x01710c03) x24 0x00000035 mem 0x8001049b
core   0: 0x8000629c (0xb367b7b7) lui     a5, 0xb367b
core   0: 3 0x8000629c (0xb367b7b7) x15 0xb367b000
core   0: 0x800062a0 (0x0140c5b3) xor     a1, ra, s4
core   0: 3 0x800062a0 (0x0140c5b3) x11 0x80029ce4
core   0: 0x800062a4 (0xfe5100a3) sb      t0, -31(sp)
core   0: 3 0x800062a4 (0xfe5100a3) mem 0x80010465 0xff
core   0: 0x800062a8 (0x03610483) lb      s1, 54(sp)
core   0: 3 0x800062a8 (0x03610483) x9  0xffffffe3 mem 0x800104ba
core   0: 0x800062ac (0x00510783) lb      a5, 5(sp)
core   0: 3 0x800062ac (0x00510783) x15 0xffffffc3 mem 0x80010489
core   0: 0x800062b0 (0x2e538793) addi    a5, t2, 741
core   0: 3 0x800062b0 (0x2e538793) x15 0x04b802e5
core   0: 0x800062b4 (0x02fef3b3) remu    t2, t4, a5
core   0: 3 0x800062b4 (0x02fef3b3) x7  0x012f635f
core   0: 0x800062b8 (0xfee14b83) lbu     s7, -18(sp)
core   0: 3 0x800062b8 (0xfee14b83) x23 0x0000003e mem 0x80010472
core   0: 0x800062bc (0x0000b117) auipc   sp, 0xb
core   0: 3 0x800062bc (0x0000b117) x2  0x800112bc
core   0: 0x800062c0 (0x85e10113) addi    sp, sp, -1954
core   0: 3 0x800062c0 (0x85e10113) x2  0x80010b1a
core   0: 0x800062c4 (0x0d511923) sh      s5, 210(sp)
core   0: 3 0x800062c4 (0x0d511923) mem 0x80010bec 0xffff
core   0: 0x800062c8 (0x02557b33) remu    s6, a0, t0
core   0: 3 0x800062c8 (0x02557b33) x22 0xffffa210
core   0: 0x800062cc (0x07600837) lui     a6, 0x7600
core   0: 3 0x800062cc (0x07600837) x16 0x07600000
core   0: 0x800062d0 (0x08615303) lhu     t1, 134(sp)
core   0: 3 0x800062d0 (0x08615303) x6  0x0000655e mem 0x80010ba0
core   0: 0x800062d4 (0xf4070f17) auipc   t5, 0xf4070
core   0: 3 0x800062d4 (0xf4070f17) x30 0x740762d4
core   0: 0x800062d8 (0x08c15003) lhu     zero, 140(sp)
core   0: 3 0x800062d8 (0x08c15003) mem 0x80010ba6
core   0: 0x800062dc (0x02d572b3) remu    t0, a0, a3
core   0: 3 0x800062dc (0x02d572b3) x5  0x0000000d
core   0: 0x800062e0 (0x00008cf5) c.and   s1, a3
core   0: 3 0x800062e0 (0x8cf5) x9  0x00000023
core   0: 0x800062e2 (0x00000001) c.nop
core   0: 3 0x800062e2 (0x0001)
core   0: 0x800062e4 (0xf8f10c83) lb      s9, -113(sp)
core   0: 3 0x800062e4 (0xf8f10c83) x25 0x00000023 mem 0x80010aa9
core   0: 0x800062e8 (0x000097ee) c.add   a5, s11
core   0: 3 0x800062e8 (0x97ee) x15 0x04b802ef
core   0: 0x800062ea (0xf2714e03) lbu     t3, -217(sp)
core   0: 3 0x800062ea (0xf2714e03) x28 0x000000bf mem 0x80010a41
core   0: 0x800062ee (0x0000870d) c.srai  a4, 3
core   0: 3 0x800062ee (0x870d) x14 0x0f61d64e
core   0: 0x800062f0 (0xf3a12c83) lw      s9, -198(sp)
core   0: 3 0x800062f0 (0xf3a12c83) x25 0x338a32f3 mem 0x80010a54
core   0: 0x800062f4 (0xf4211123) sh      sp, -190(sp)
core   0: 3 0x800062f4 (0xf4211123) mem 0x80010a5c 0x0b1a
core   0: 0x800062f8 (0x070103a3) sb      a6, 103(sp)
core   0: 3 0x800062f8 (0x070103a3) mem 0x80010b81 0x00
core   0: 0x800062fc (0xf1215b83) lhu     s7, -238(sp)
core   0: 3 0x800062fc (0xf1215b83) x23 0x0000f14e mem 0x80010a2c
core   0: 0x80006300 (0x014ee6b3) or      a3, t4, s4
core   0: 3 0x80006300 (0x014ee6b3) x13 0xffffffed
core   0: 0x80006304 (0x0d815483) lhu     s1, 216(sp)
core   0: 3 0x80006304 (0x0d815483) x9  0x0000c854 mem 0x80010bf2
core   0: 0x80006308 (0x40f88233) sub     tp, a7, a5
core   0: 3 0x80006308 (0x40f88233) x4  0xfb47fcc5
core   0: 0x8000630c (0xf3910223) sb      s9, -220(sp)
core   0: 3 0x8000630c (0xf3910223) mem 0x80010a3e 0xf3
core   0: 0x80006310 (0x00019697) auipc   a3, 0x19
core   0: 3 0x80006310 (0x00019697) x13 0x8001f310
core   0: 0x80006314 (0x12368693) addi    a3, a3, 291
core   0: 3 0x80006314 (0x12368693) x13 0x8001f433
core   0: 0x80006318 (0xd8068303) lb      t1, -640(a3)
core   0: 3 0x80006318 (0xd8068303) x6  0xffffffcb mem 0x8001f1b3
core   0: 0x8000631c (0xdf547e93) andi    t4, s0, -523
core   0: 3 0x8000631c (0xdf547e93) x29 0x00000020
core   0: 0x80006320 (0xde668e23) sb      t1, -516(a3)
core   0: 3 0x80006320 (0xde668e23) mem 0x8001f22f 0xcb
core   0: 0x80006324 (0x00009c8a) c.add   s9, sp
core   0: 3 0x80006324 (0x9c8a) x25 0xb38b3e0d
core   0: 0x80006326 (0x019ceeb3) or      t4, s9, s9
core   0: 3 0x80006326 (0x019ceeb3) x29 0xb38b3e0d
core   0: 0x8000632a (0x00210433) add     s0, sp, sp
core   0: 3 0x8000632a (0x00210433) x8  0x00021634
core   0: 0x8000632e (0xe1968e23) sb      s9, -484(a3)
core   0: 3 0x8000632e (0xe1968e23) mem 0x8001f24f 0x0d
core   0: 0x80006332 (0x00009ee6) c.add   t4, s9
core   0: 3 0x80006332 (0x9ee6) x29 0x67167c1a
core   0: 0x80006334 (0x00008c41) c.or    s0, s0
core   0: 3 0x80006334 (0x8c41) x8  0x00021634
core   0: 0x80006336 (0x32a68e83) lb      t4, 810(a3)
core   0: 3 0x80006336 (0x32a68e83) x29 0xffffff92 mem 0x8001f75d
core   0: 0x8000633a (0x00000001) c.nop
core   0: 3 0x8000633a (0x0001)
core   0: 0x8000633c (0x0fd6de83) lhu     t4, 253(a3)
core   0: 3 0x8000633c (0x0fd6de83) x29 0x00002d89 mem 0x8001f530
core   0: 0x80006340 (0x9b968023) sb      s9, -1632(a3)
core   0: 3 0x80006340 (0x9b968023) mem 0x8001edd3 0x0d
core   0: 0x80006344 (0xf7d693a3) sh      t4, -153(a3)
core   0: 3 0x80006344 (0xf7d693a3) mem 0x8001f39a 0x2d89
core   0: 0x80006348 (0x00000001) c.nop
core   0: 3 0x80006348 (0x0001)
core   0: 0x8000634a (0x3cf6d303) lhu     t1, 975(a3)
core   0: 3 0x8000634a (0x3cf6d303) x6  0x00004dfa mem 0x8001f802
core   0: 0x8000634e (0xefb68103) lb      sp, -261(a3)
core   0: 3 0x8000634e (0xefb68103) x2  0x0000006f mem 0x8001f32e
core   0: 0x80006352 (0x41d45233) sra     tp, s0, t4
core   0: 3 0x80006352 (0x41d45233) x4  0x0000010b
core   0: 0x80006356 (0x00008c41) c.or    s0, s0
core   0: 3 0x80006356 (0x8c41) x8  0x00021634
core   0: 0x80006358 (0x022ec233) div     tp, t4, sp
core   0: 3 0x80006358 (0x022ec233) x4  0x00000069
core   0: 0x8000635c (0xf7c6cc83) lbu     s9, -132(a3)
core   0: 3 0x8000635c (0xf7c6cc83) x25 0x00000064 mem 0x8001f3af
core   0: 0x80006360 (0x00210eb3) add     t4, sp, sp
core   0: 3 0x80006360 (0x00210eb3) x29 0x000000de
core   0: 0x80006364 (0xc656dc83) lhu     s9, -923(a3)
core   0: 3 0x80006364 (0xc656dc83) x25 0x00003346 mem 0x8001f098
core   0: 0x80006368 (0x5d968d23) sb      s9, 1498(a3)
core   0: 3 0x80006368 (0x5d968d23) mem 0x8001fa0d 0x46
core   0: 0x8000636c (0x0000987d) c.andi  s0, -1
core   0: 3 0x8000636c (0x987d) x8  0x00021634
core   0: 0x8000636e (0x8d16a303) lw      t1, -1839(a3)
core   0: 3 0x8000636e (0x8d16a303) x6  0x9c6d2467 mem 0x8001ed04
core   0: 0x80006372 (0x348c8c93) addi    s9, s9, 840
core   0: 3 0x80006372 (0x348c8c93) x25 0x0000368e
core   0: 0x80006376 (0x5396a8a3) sw      s9, 1329(a3)
core   0: 3 0x80006376 (0x5396a8a3) mem 0x8001f964 0x0000368e
core   0: 0x8000637a (0x46268723) sb      sp, 1134(a3)
core   0: 3 0x8000637a (0x46268723) mem 0x8001f8a1 0x6f
core   0: 0x8000637e (0x4646aaa3) sw      tp, 1141(a3)
core   0: 3 0x8000637e (0x4646aaa3) mem 0x8001f8a8 0x00000069
core   0: 0x80006382 (0x028eecb3) rem     s9, t4, s0
core   0: 3 0x80006382 (0x028eecb3) x25 0x000000de
core   0: 0x80006386 (0x40235433) sra     s0, t1, sp
core   0: 3 0x80006386 (0x40235433) x8  0xffff38da
core   0: 0x8000638a (0x00008009) c.srli  s0, 2
core   0: 3 0x8000638a (0x8009) x8  0x3fffce36
core   0: 0x8000638c (0x00008c21) c.xor   s0, s0
core   0: 3 0x8000638c (0x8c21) x8  0x00000000
core   0: 0x8000638e (0x00009312) c.add   t1, tp
core   0: 3 0x8000638e (0x9312) x6  0x9c6d24d0
core   0: 0x80006390 (0x9a468223) sb      tp, -1628(a3)
core   0: 3 0x80006390 (0x9a468223) mem 0x8001edd7 0x69
core   0: 0x80006394 (0xa586c403) lbu     s0, -1448(a3)
core   0: 3 0x80006394 (0xa586c403) x8  0x00000014 mem 0x8001ee8b
core   0: 0x80006398 (0x00008435) c.srai  s0, 13
core   0: 3 0x80006398 (0x8435) x8  0x00000000
core   0: 0x8000639a (0x41b25413) srai    s0, tp, 27
core   0: 3 0x8000639a (0x41b25413) x8  0x00000000
core   0: 0x8000639e (0x03930eb3) mul     t4, t1, s9
core   0: 3 0x8000639e (0x03930eb3) x29 0xa6a5ec60
core   0: 0x800063a2 (0x7dfeac93) slti    s9, t4, 2015
core   0: 3 0x800063a2 (0x7dfeac93) x25 0x00000001
core   0: 0x800063a6 (0xaf16ce83) lbu     t4, -1295(a3)
core   0: 3 0x800063a6 (0xaf16ce83) x29 0x000000b7 mem 0x8001ef24
core   0: 0x800063aa (0x00008c92) c.mv    s9, tp
core   0: 3 0x800063aa (0x8c92) x25 0x00000069
core   0: 0x800063ac (0x00417333) and     t1, sp, tp
core   0: 3 0x800063ac (0x00417333) x6  0x00000069
core   0: 0x800063b0 (0x00000001) c.nop
core   0: 3 0x800063b0 (0x0001)
core   0: 0x800063b2 (0x93f68303) lb      t1, -1729(a3)
core   0: 3 0x800063b2 (0x93f68303) x6  0xffffffde mem 0x8001ed72
core   0: 0x800063b6 (0x5696a103) lw      sp, 1385(a3)
core   0: 3 0x800063b6 (0x5696a103) x2  0x88014497 mem 0x8001f99c
core   0: 0x800063ba (0x91733113) sltiu   sp, t1, -1769
core   0: 3 0x800063ba (0x91733113) x2  0x00000000
core   0: 0x800063be (0x87b6d303) lhu     t1, -1925(a3)
core   0: 3 0x800063be (0x87b6d303) x6  0x0000cb67 mem 0x8001ecae
core   0: 0x800063c2 (0x03acebb3) rem     s7, s9, s10
core   0: 3 0x800063c2 (0x03acebb3) x23 0x00000069
core   0: 0x800063c6 (0x00000af6) c.slli  s5, 29
core   0: 3 0x800063c6 (0x0af6) x21 0xe0000000
core   0: 0x800063c8 (0x023944b3) div     s1, s2, gp
core   0: 3 0x800063c8 (0x023944b3) x9  0x018ac443
core   0: 0x800063cc (0x00008dfd) c.and   a1, a5
core   0: 3 0x800063cc (0x8dfd) x11 0x000000e4
core   0: 0x800063ce (0x000098ca) c.add   a7, s2
core   0: 3 0x800063ce (0x98ca) x17 0x80025de0
core   0: 0x800063d0 (0x48ca0b37) lui     s6, 0x48ca0
core   0: 3 0x800063d0 (0x48ca0b37) x22 0x48ca0000
core   0: 0x800063d4 (0x021c0c33) mul     s8, s8, ra
core   0: 3 0x800063d4 (0x021c0c33) x24 0x00000000
core   0: 0x800063d8 (0xd3e85bb7) lui     s7, 0xd3e85
core   0: 3 0x800063d8 (0xd3e85bb7) x23 0xd3e85000
core   0: 0x800063dc (0x0000840d) c.srai  s0, 3
core   0: 3 0x800063dc (0x840d) x8  0x00000000
core   0: 0x800063de (0x00000ea6) c.slli  t4, 9
core   0: 3 0x800063de (0x0ea6) x29 0x00016e00
core   0: 0x800063e0 (0x01f83eb3) sltu    t4, a6, t6
core   0: 3 0x800063e0 (0x01f83eb3) x29 0x00000001
core   0: 0x800063e4 (0x0231f1b3) remu    gp, gp, gp
core   0: 3 0x800063e4 (0x0231f1b3) x3  0x00000000
core   0: 0x800063e8 (0x03a596b3) mulh    a3, a1, s10
core   0: 3 0x800063e8 (0x03a596b3) x13 0xffffffff
core   0: 0x800063ec (0xb1c6f293) andi    t0, a3, -1252
core   0: 3 0x800063ec (0xb1c6f293) x5  0xfffffb1c
core   0: 0x800063f0 (0x00006a99) c.lui   s5, 0x6
core   0: 3 0x800063f0 (0x6a99) x21 0x00006000
core   0: 0x800063f2 (0x40b5de33) sra     t3, a1, a1
core   0: 3 0x800063f2 (0x40b5de33) x28 0x0000000e
core   0: 0x800063f6 (0x00008d4a) c.mv    s10, s2
core   0: 3 0x800063f6 (0x8d4a) x26 0x80025e2c
core   0: 0x800063f8 (0x0000190c) c.addi4spn a1, sp, 176
core   0: 3 0x800063f8 (0x190c) x11 0x000000b0
core   0: 0x800063fa (0x4097d493) srai    s1, a5, 9
core   0: 3 0x800063fa (0x4097d493) x9  0x00025c01
core   0: 0x800063fe (0x014c46b3) xor     a3, s8, s4
core   0: 3 0x800063fe (0x014c46b3) x13 0x80029ce4
core   0: 0x80006402 (0x00900f63) beq     zero, s1, pc + 30
core   0: 3 0x80006402 (0x00900f63)
core   0: 0x80006406 (0x01eced63) bltu    s9, t5, pc + 26
core   0: 3 0x80006406 (0x01eced63)
core   0: 0x80006420 (0x0000c299) c.beqz  a3, pc + 6
core   0: 3 0x80006420 (0xc299)
core   0: 0x80006422 (0x02b2c563) blt     t0, a1, pc + 42
core   0: 3 0x80006422 (0x02b2c563)
core   0: 0x8000644c (0x02523f33) mulhu   t5, tp, t0
core   0: 3 0x8000644c (0x02523f33) x30 0x00000068
core   0: 0x80006450 (0x1a0a6713) ori     a4, s4, 416
core   0: 3 0x80006450 (0x1a0a6713) x14 0x80029de4
core   0: 0x80006454 (0x0000476d) c.li    a4, 27
core   0: 3 0x80006454 (0x476d) x14 0x0000001b
core   0: 0x80006456 (0x000007ba) c.slli  a5, 14
core   0: 3 0x80006456 (0x07ba) x15 0x00bbc000
core   0: 0x80006458 (0x028c3533) mulhu   a0, s8, s0
core   0: 3 0x80006458 (0x028c3533) x10 0x00000000
core   0: 0x8000645c (0x00000001) c.nop
core   0: 3 0x8000645c (0x0001)
core   0: 0x8000645e (0x03231033) mulh    zero, t1, s2
core   0: 3 0x8000645e (0x03231033)
core   0: 0x80006462 (0x66e6a393) slti    t2, a3, 1646
core   0: 3 0x80006462 (0x66e6a393) x7  0x00000001
core   0: 0x80006466 (0x0000e31d) c.bnez  a4, pc + 38
core   0: 3 0x80006466 (0xe31d)
core   0: 0x8000648c (0x0000cd15) c.beqz  a0, pc + 60
core   0: 3 0x8000648c (0xcd15)
core   0: 0x800064c8 (0x00008d71) c.and   a0, a2
core   0: 3 0x800064c8 (0x8d71) x10 0x00000000
core   0: 0x800064ca (0x40eb5333) sra     t1, s6, a4
core   0: 3 0x800064ca (0x40eb5333) x6  0x00000009
core   0: 0x800064ce (0x02f0ddb3) divu    s11, ra, a5
core   0: 3 0x800064ce (0x02f0ddb3) x27 0x00000000
core   0: 0x800064d2 (0x038d14b3) mulh    s1, s10, s8
core   0: 3 0x800064d2 (0x038d14b3) x9  0x00000000
core   0: 0x800064d6 (0x02b853b3) divu    t2, a6, a1
core   0: 3 0x800064d6 (0x02b853b3) x7  0x000aba2e
core   0: 0x800064da (0x000058fd) c.li    a7, -1
core   0: 3 0x800064da (0x58fd) x17 0xffffffff
core   0: 0x800064dc (0x01cfe563) bltu    t6, t3, pc + 10
core   0: 3 0x800064dc (0x01cfe563)
core   0: 0x800064e0 (0x00008431) c.srai  s0, 12
core   0: 3 0x800064e0 (0x8431) x8  0x00000000
core   0: 0x800064e2 (0x4b2f8e13) addi    t3, t6, 1202
core   0: 3 0x800064e2 (0x4b2f8e13) x28 0x00000301
core   0: 0x800064e6 (0x00006089) c.lui   ra, 0x2
core   0: 3 0x800064e6 (0x6089) x1  0x00002000
core   0: 0x800064e8 (0x0000717d) c.addi16sp sp, -16
core   0: 3 0x800064e8 (0x717d) x2  0xfffffff0
core   0: 0x800064ea (0x00008969) c.andi  a0, 26
core   0: 3 0x800064ea (0x8969) x10 0x00000000
core   0: 0x800064ec (0x00008741) c.srai  a4, 16
core   0: 3 0x800064ec (0x8741) x14 0x00000000
core   0: 0x800064ee (0xc791ffb7) lui     t6, 0xc791f
core   0: 3 0x800064ee (0xc791ffb7) x31 0xc791f000
core   0: 0x800064f2 (0x0000c305) c.beqz  a4, pc + 32
core   0: 3 0x800064f2 (0xc305)
core   0: 0x80006512 (0x000098be) c.add   a7, a5
core   0: 3 0x80006512 (0x98be) x17 0x00bbbfff
core   0: 0x80006514 (0x00008d51) c.or    a0, a2
core   0: 3 0x80006514 (0x8d51) x10 0x00000000
core   0: 0x80006516 (0x033e9e33) mulh    t3, t4, s3
core   0: 3 0x80006516 (0x033e9e33) x28 0x00000000
core   0: 0x8000651a (0x40648733) sub     a4, s1, t1
core   0: 3 0x8000651a (0x40648733) x14 0xfffffff7
core   0: 0x8000651e (0x00001298) c.addi4spn a4, sp, 352
core   0: 3 0x8000651e (0x1298) x14 0x00000150
core   0: 0x80006520 (0x01a6aeb3) slt     t4, a3, s10
core   0: 3 0x80006520 (0x01a6aeb3) x29 0x00000000
core   0: 0x80006524 (0x00008f49) c.or    a4, a0
core   0: 3 0x80006524 (0x8f49) x14 0x00000150
core   0: 0x80006526 (0x02c4cb63) blt     s1, a2, pc + 54
core   0: 3 0x80006526 (0x02c4cb63)
core   0: 0x8000652a (0x033ce9b3) rem     s3, s9, s3
core   0: 3 0x8000652a (0x033ce9b3) x19 0x00000021
core   0: 0x8000652e (0x010bebb3) or      s7, s7, a6
core   0: 3 0x8000652e (0x010bebb3) x23 0xd7e85000
core   0: 0x80006532 (0x02b48833) mul     a6, s1, a1
core   0: 3 0x80006532 (0x02b48833) x16 0x00000000
core   0: 0x80006536 (0x003a9133) sll     sp, s5, gp
core   0: 3 0x80006536 (0x003a9133) x2  0x00006000
core   0: 0x8000653a (0x0258dfb3) divu    t6, a7, t0
core   0: 3 0x8000653a (0x0258dfb3) x31 0x00000000
core   0: 0x8000653e (0x01ec5813) srli    a6, s8, 30
core   0: 3 0x8000653e (0x01ec5813) x16 0x00000000
core   0: 0x80006542 (0x000081c9) c.srli  a1, 18
core   0: 3 0x80006542 (0x81c9) x11 0x00000000
core   0: 0x80006544 (0x038ffab3) remu    s5, t6, s8
core   0: 3 0x80006544 (0x038ffab3) x21 0x00000000
core   0: 0x80006548 (0x0000e519) c.bnez  a0, pc + 14
core   0: 3 0x80006548 (0xe519)
core   0: 0x8000654a (0x00c65c13) srli    s8, a2, 12
core   0: 3 0x8000654a (0x00c65c13) x24 0x00000000
core   0: 0x8000654e (0x00008ea1) c.xor   a3, s0
core   0: 3 0x8000654e (0x8ea1) x13 0x80029ce4
core   0: 0x80006550 (0x00008f2a) c.mv    t5, a0
core   0: 3 0x80006550 (0x8f2a) x30 0x00000000
core   0: 0x80006552 (0x0000ed91) c.bnez  a1, pc + 28
core   0: 3 0x80006552 (0xed91)
core   0: 0x80006554 (0x00000516) c.slli  a0, 5
core   0: 3 0x80006554 (0x0516) x10 0x00000000
core   0: 0x80006556 (0x3ed77137) lui     sp, 0x3ed77
core   0: 3 0x80006556 (0x3ed77137) x2  0x3ed77000
core   0: 0x8000655a (0x00008d89) c.sub   a1, a0
core   0: 3 0x8000655a (0x8d89) x11 0x00000000
core   0: 0x8000655c (0x02d06233) rem     tp, zero, a3
core   0: 3 0x8000655c (0x02d06233) x4  0x00000000
core   0: 0x80006560 (0x000092ae) c.add   t0, a1
core   0: 3 0x80006560 (0x92ae) x5  0xfffffb1c
core   0: 0x80006562 (0x0158a1b3) slt     gp, a7, s5
core   0: 3 0x80006562 (0x0158a1b3) x3  0x00000000
core   0: 0x80006566 (0x41965693) srai    a3, a2, 25
core   0: 3 0x80006566 (0x41965693) x13 0x00000000
core   0: 0x8000656a (0x83c17793) andi    a5, sp, -1988
core   0: 3 0x8000656a (0x83c17793) x15 0x3ed77000
core   0: 0x8000656e (0x0000cb19) c.beqz  a4, pc + 22
core   0: 3 0x8000656e (0xcb19)
core   0: 0x80006570 (0x000009e2) c.slli  s3, 24
core   0: 3 0x80006570 (0x09e2) x19 0x21000000
core   0: 0x80006572 (0x024ad363) bge     s5, tp, pc + 38
core   0: 3 0x80006572 (0x024ad363)
core   0: 0x80006598 (0x1e0f5db7) lui     s11, 0x1e0f5
core   0: 3 0x80006598 (0x1e0f5db7) x27 0x1e0f5000
core   0: 0x8000659c (0xf9277013) andi    zero, a4, -110
core   0: 3 0x8000659c (0xf9277013)
core   0: 0x800065a0 (0x00f7cb33) xor     s6, a5, a5
core   0: 3 0x800065a0 (0x00f7cb33) x22 0x00000000
core   0: 0x800065a4 (0x0000127d) c.addi  tp, -1
core   0: 3 0x800065a4 (0x127d) x4  0xffffffff
core   0: 0x800065a6 (0x0253b0b3) mulhu   ra, t2, t0
core   0: 3 0x800065a6 (0x0253b0b3) x1  0x000aba2d
core   0: 0x800065aa (0x009c1133) sll     sp, s8, s1
core   0: 3 0x800065aa (0x009c1133) x2  0x00000000
core   0: 0x800065ae (0x00000b9d) c.addi  s7, 7
core   0: 3 0x800065ae (0x0b9d) x23 0xd7e85007
core   0: 0x800065b0 (0x0000032d) c.addi  t1, 11
core   0: 3 0x800065b0 (0x032d) x6  0x00000014
core   0: 0x800065b2 (0x00008c09) c.sub   s0, a0
core   0: 3 0x800065b2 (0x8c09) x8  0x00000000
core   0: 0x800065b4 (0x00595f63) bge     s2, t0, pc + 30
core   0: 3 0x800065b4 (0x00595f63)
core   0: 0x800065b8 (0x51b5b513) sltiu   a0, a1, 1307
core   0: 3 0x800065b8 (0x51b5b513) x10 0x00000001
core   0: 0x800065bc (0x1795c993) xori    s3, a1, 377
core   0: 3 0x800065bc (0x1795c993) x19 0x00000179
core   0: 0x800065c0 (0x400e5db3) sra     s11, t3, zero
core   0: 3 0x800065c0 (0x400e5db3) x27 0x00000000
core   0: 0x800065c4 (0x037a0c63) beq     s4, s7, pc + 56
core   0: 3 0x800065c4 (0x037a0c63)
core   0: 0x800065c8 (0x41b58f33) sub     t5, a1, s11
core   0: 3 0x800065c8 (0x41b58f33) x30 0x00000000
core   0: 0x800065cc (0x00008539) c.srai  a0, 14
core   0: 3 0x800065cc (0x8539) x10 0x00000000
core   0: 0x800065ce (0x75af3ab7) lui     s5, 0x75af3
core   0: 3 0x800065ce (0x75af3ab7) x21 0x75af3000
core   0: 0x800065d2 (0x00000001) c.nop
core   0: 3 0x800065d2 (0x0001)
core   0: 0x800065d4 (0x02bc7833) remu    a6, s8, a1
core   0: 3 0x800065d4 (0x02bc7833) x16 0x00000000
core   0: 0x800065d8 (0x00008b15) c.andi  a4, 5
core   0: 3 0x800065d8 (0x8b15) x14 0x00000000
core   0: 0x800065da (0x026011b3) mulh    gp, zero, t1
core   0: 3 0x800065da (0x026011b3) x3  0x00000000
core   0: 0x800065de (0x0143f033) and     zero, t2, s4
core   0: 3 0x800065de (0x0143f033)
core   0: 0x800065e2 (0x01040263) beq     s0, a6, pc + 4
core   0: 3 0x800065e2 (0x01040263)
core   0: 0x800065e6 (0x035f6397) auipc   t2, 0x35f6
core   0: 3 0x800065e6 (0x035f6397) x7  0x835fc5e6
core   0: 0x800065ea (0x00006321) c.lui   t1, 0x8
core   0: 3 0x800065ea (0x6321) x6  0x00008000
core   0: 0x800065ec (0x000059fd) c.li    s3, -1
core   0: 3 0x800065ec (0x59fd) x19 0xffffffff
core   0: 0x800065ee (0x03877833) remu    a6, a4, s8
core   0: 3 0x800065ee (0x03877833) x16 0x00000000
core   0: 0x800065f2 (0x00000846) c.slli  a6, 17
core   0: 3 0x800065f2 (0x0846) x16 0x00000000
core   0: 0x800065f4 (0x000081a2) c.mv    gp, s0
core   0: 3 0x800065f4 (0x81a2) x3  0x00000000
core   0: 0x800065f6 (0x02537d63) bgeu    t1, t0, pc + 58
core   0: 3 0x800065f6 (0x02537d63)
core   0: 0x800065fa (0x00000001) c.nop
core   0: 3 0x800065fa (0x0001)
core   0: 0x800065fc (0x00e6d6b3) srl     a3, a3, a4
core   0: 3 0x800065fc (0x00e6d6b3) x13 0x00000000
core   0: 0x80006600 (0x79d0c393) xori    t2, ra, 1949
core   0: 3 0x80006600 (0x79d0c393) x7  0x000abdb0
core   0: 0x80006604 (0x02963233) mulhu   tp, a2, s1
core   0: 3 0x80006604 (0x02963233) x4  0x00000000
core   0: 0x80006608 (0x00009e7e) c.add   t3, t6
core   0: 3 0x80006608 (0x9e7e) x28 0x00000000
core   0: 0x8000660a (0x01579463) bne     a5, s5, pc + 8
core   0: 3 0x8000660a (0x01579463)
core   0: 0x80006612 (0x0e360f93) addi    t6, a2, 227
core   0: 3 0x80006612 (0x0e360f93) x31 0x000000e3
core   0: 0x80006616 (0x01306c33) or      s8, zero, s3
core   0: 3 0x80006616 (0x01306c33) x24 0xffffffff
core   0: 0x8000661a (0x0221d563) bge     gp, sp, pc + 42
core   0: 3 0x8000661a (0x0221d563)
core   0: 0x80006644 (0x177ff737) lui     a4, 0x177ff
core   0: 3 0x80006644 (0x177ff737) x14 0x177ff000
core   0: 0x80006648 (0x00008d35) c.xor   a0, a3
core   0: 3 0x80006648 (0x8d35) x10 0x00000000
core   0: 0x8000664a (0x407b5f93) srai    t6, s6, 7
core   0: 3 0x8000664a (0x407b5f93) x31 0x00000000
core   0: 0x8000664e (0x01e48033) add     zero, s1, t5
core   0: 3 0x8000664e (0x01e48033)
core   0: 0x80006652 (0x00765733) srl     a4, a2, t2
core   0: 3 0x80006652 (0x00765733) x14 0x00000000
core   0: 0x80006656 (0x413102b3) sub     t0, sp, s3
core   0: 3 0x80006656 (0x413102b3) x5  0x00000001
core   0: 0x8000665a (0x0366bfb3) mulhu   t6, a3, s6
core   0: 3 0x8000665a (0x0366bfb3) x31 0x00000000
core   0: 0x8000665e (0x00009ba2) c.add   s7, s0
core   0: 3 0x8000665e (0x9ba2) x23 0xd7e85007
core   0: 0x80006660 (0x03682833) mulhsu  a6, a6, s6
core   0: 3 0x80006660 (0x03682833) x16 0x00000000
core   0: 0x80006664 (0x01b48733) add     a4, s1, s11
core   0: 3 0x80006664 (0x01b48733) x14 0x00000000
core   0: 0x80006668 (0x00008fb9) c.xor   a5, a4
core   0: 3 0x80006668 (0x8fb9) x15 0x3ed77000
core   0: 0x8000666a (0x02633eb3) mulhu   t4, t1, t1
core   0: 3 0x8000666a (0x02633eb3) x29 0x00000000
core   0: 0x8000666e (0x02645d33) divu    s10, s0, t1
core   0: 3 0x8000666e (0x02645d33) x26 0x00000000
core   0: 0x80006672 (0x01649133) sll     sp, s1, s6
core   0: 3 0x80006672 (0x01649133) x2  0x00000000
core   0: 0x80006676 (0xb1fc4e13) xori    t3, s8, -1249
core   0: 3 0x80006676 (0xb1fc4e13) x28 0x000004e0
core   0: 0x8000667a (0x01bdc263) blt     s11, s11, pc + 4
core   0: 3 0x8000667a (0x01bdc263)
core   0: 0x8000667e (0x03679763) bne     a5, s6, pc + 46
core   0: 3 0x8000667e (0x03679763)
core   0: 0x800066ac (0x0000008a) c.slli  ra, 2
core   0: 3 0x800066ac (0x008a) x1  0x002ae8b4
core   0: 0x800066ae (0x00008d79) c.and   a0, a4
core   0: 3 0x800066ae (0x8d79) x10 0x00000000
core   0: 0x800066b0 (0x00000c56) c.slli  s8, 21
core   0: 3 0x800066b0 (0x0c56) x24 0xffe00000
core   0: 0x800066b2 (0x7356f013) andi    zero, a3, 1845
core   0: 3 0x800066b2 (0x7356f013)
core   0: 0x800066b6 (0x00285293) srli    t0, a6, 2
core   0: 3 0x800066b6 (0x00285293) x5  0x00000000
core   0: 0x800066ba (0x02413733) mulhu   a4, sp, tp
core   0: 3 0x800066ba (0x02413733) x14 0x00000000
core   0: 0x800066be (0x0000c305) c.beqz  a4, pc + 32
core   0: 3 0x800066be (0xc305)
core   0: 0x800066de (0x00001f80) c.addi4spn s0, sp, 1008
core   0: 3 0x800066de (0x1f80) x8  0x000003f0
core   0: 0x800066e0 (0x031a23b3) mulhsu  t2, s4, a7
core   0: 3 0x800066e0 (0x031a23b3) x7  0xffa221eb
core   0: 0x800066e4 (0x00004851) c.li    a6, 20
core   0: 3 0x800066e4 (0x4851) x16 0x00000014
core   0: 0x800066e6 (0x0000c891) c.beqz  s1, pc + 20
core   0: 3 0x800066e6 (0xc891)
core   0: 0x800066fa (0x00006385) c.lui   t2, 0x1
core   0: 3 0x800066fa (0x6385) x7  0x00001000
core   0: 0x800066fc (0x000082c1) c.srli  a3, 16
core   0: 3 0x800066fc (0x82c1) x13 0x00000000
core   0: 0x800066fe (0x405cdcb3) sra     s9, s9, t0
core   0: 3 0x800066fe (0x405cdcb3) x25 0x00000069
core   0: 0x80006702 (0x02c44433) div     s0, s0, a2
core   0: 3 0x80006702 (0x02c44433) x8  0xffffffff
core   0: 0x80006706 (0x00000799) c.addi  a5, 6
core   0: 3 0x80006706 (0x0799) x15 0x3ed77006
core   0: 0x80006708 (0x00000576) c.slli  a0, 29
core   0: 3 0x80006708 (0x0576) x10 0x00000000
core   0: 0x8000670a (0x0023a133) slt     sp, t2, sp
core   0: 3 0x8000670a (0x0023a133) x2  0x00000000
core   0: 0x8000670e (0x00008399) c.srli  a5, 6
core   0: 3 0x8000670e (0x8399) x15 0x00fb5dc0
core   0: 0x80006710 (0x01239733) sll     a4, t2, s2
core   0: 3 0x80006710 (0x01239733) x14 0x01000000
core   0: 0x80006714 (0x0161ad33) slt     s10, gp, s6
core   0: 3 0x80006714 (0x0161ad33) x26 0x00000000
core   0: 0x80006718 (0x00000504) c.addi4spn s1, sp, 640
core   0: 3 0x80006718 (0x0504) x9  0x00000280
core   0: 0x8000671a (0x400ddf93) srai    t6, s11, 0
core   0: 3 0x8000671a (0x400ddf93) x31 0x00000000
core   0: 0x8000671e (0x000054fd) c.li    s1, -1
core   0: 3 0x8000671e (0x54fd) x9  0xffffffff
core   0: 0x80006720 (0x01012b33) slt     s6, sp, a6
core   0: 3 0x80006720 (0x01012b33) x22 0x00000001
core   0: 0x80006724 (0x00915eb3) srl     t4, sp, s1
core   0: 3 0x80006724 (0x00915eb3) x29 0x00000000
core   0: 0x80006728 (0x02af7133) remu    sp, t5, a0
core   0: 3 0x80006728 (0x02af7133) x2  0x00000000
core   0: 0x8000672c (0x00004825) c.li    a6, 9
core   0: 3 0x8000672c (0x4825) x16 0x00000009
core   0: 0x8000672e (0x01496463) bltu    s2, s4, pc + 8
core   0: 3 0x8000672e (0x01496463)
core   0: 0x80006736 (0x00006b59) c.lui   s6, 0x16
core   0: 3 0x80006736 (0x6b59) x22 0x00016000
core   0: 0x80006738 (0x00008ff1) c.and   a5, a2
core   0: 3 0x80006738 (0x8ff1) x15 0x00000000
core   0: 0x8000673a (0xaf9e8a93) addi    s5, t4, -1287
core   0: 3 0x8000673a (0xaf9e8a93) x21 0xfffffaf9
core   0: 0x8000673e (0x81ad4f93) xori    t6, s10, -2022
core   0: 3 0x8000673e (0x81ad4f93) x31 0xfffff81a
core   0: 0x80006742 (0x628e3f13) sltiu   t5, t3, 1576
core   0: 3 0x80006742 (0x628e3f13) x30 0x00000001
core   0: 0x80006746 (0x024a1bb3) mulh    s7, s4, tp
core   0: 3 0x80006746 (0x024a1bb3) x23 0x00000000
core   0: 0x8000674a (0xa1a30217) auipc   tp, 0xa1a30
core   0: 3 0x8000674a (0xa1a30217) x4  0x21a3674a
core   0: 0x8000674e (0x00188363) beq     a7, ra, pc + 6
core   0: 3 0x8000674e (0x00188363)
core   0: 0x80006752 (0x00008f95) c.sub   a5, a3
core   0: 3 0x80006752 (0x8f95) x15 0x00000000
core   0: 0x80006754 (0x002d1893) slli    a7, s10, 2
core   0: 3 0x80006754 (0x002d1893) x17 0x00000000
core   0: 0x80006758 (0x03503533) mulhu   a0, zero, s5
core   0: 3 0x80006758 (0x03503533) x10 0x00000000
core   0: 0x8000675c (0x01f3f033) and     zero, t2, t6
core   0: 3 0x8000675c (0x01f3f033)
core   0: 0x80006760 (0x01a1ccb3) xor     s9, gp, s10
core   0: 3 0x80006760 (0x01a1ccb3) x25 0x00000000
core   0: 0x80006764 (0x9d5ac513) xori    a0, s5, -1579
core   0: 3 0x80006764 (0x9d5ac513) x10 0x0000032c
core   0: 0x80006768 (0x00008495) c.srai  s1, 5
core   0: 3 0x80006768 (0x8495) x9  0xffffffff
core   0: 0x8000676a (0x755538b7) lui     a7, 0x75553
core   0: 3 0x8000676a (0x755538b7) x17 0x75553000
core   0: 0x8000676e (0x00001298) c.addi4spn a4, sp, 352
core   0: 3 0x8000676e (0x1298) x14 0x00000160
core   0: 0x80006770 (0x00006aa1) c.lui   s5, 0x8
core   0: 3 0x80006770 (0x6aa1) x21 0x00008000
core   0: 0x80006772 (0x55044e13) xori    t3, s0, 1360
core   0: 3 0x80006772 (0x55044e13) x28 0xfffffaaf
core   0: 0x80006776 (0x0000ed0d) c.bnez  a0, pc + 58
core   0: 3 0x80006776 (0xed0d)
core   0: 0x800067b0 (0x00008f7d) c.and   a4, a5
core   0: 3 0x800067b0 (0x8f7d) x14 0x00000000
core   0: 0x800067b2 (0x0e953693) sltiu   a3, a0, 233
core   0: 3 0x800067b2 (0x0e953693) x13 0x00000000
core   0: 0x800067b6 (0x00000001) c.nop
core   0: 3 0x800067b6 (0x0001)
core   0: 0x800067b8 (0x010029b3) slt     s3, zero, a6
core   0: 3 0x800067b8 (0x010029b3) x19 0x00000001
core   0: 0x800067bc (0x00008c4d) c.or    s0, a1
core   0: 3 0x800067bc (0x8c4d) x8  0xffffffff
core   0: 0x800067be (0x00d5fc33) and     s8, a1, a3
core   0: 3 0x800067be (0x00d5fc33) x24 0x00000000
core   0: 0x800067c2 (0x02f3fd33) remu    s10, t2, a5
core   0: 3 0x800067c2 (0x02f3fd33) x26 0x00001000
core   0: 0x800067c6 (0x0000841a) c.mv    s0, t1
core   0: 3 0x800067c6 (0x841a) x8  0x00008000
core   0: 0x800067c8 (0x00000ab1) c.addi  s5, 12
core   0: 3 0x800067c8 (0x0ab1) x21 0x0000800c
core   0: 0x800067ca (0x0323e733) rem     a4, t2, s2
core   0: 3 0x800067ca (0x0323e733) x14 0x00001000
core   0: 0x800067ce (0x41c752b3) sra     t0, a4, t3
core   0: 3 0x800067ce (0x41c752b3) x5  0x00000000
core   0: 0x800067d2 (0x02e4ac33) mulhsu  s8, s1, a4
core   0: 3 0x800067d2 (0x02e4ac33) x24 0xffffffff
core   0: 0x800067d6 (0x012dcdb3) xor     s11, s11, s2
core   0: 3 0x800067d6 (0x012dcdb3) x27 0x80025e2c
core   0: 0x800067da (0xeac9e4b7) lui     s1, 0xeac9e
core   0: 3 0x800067da (0xeac9e4b7) x9  0xeac9e000
core   0: 0x800067de (0x02126663) bltu    tp, ra, pc + 44
core   0: 3 0x800067de (0x02126663)
core   0: 0x800067e2 (0x02ccee63) bltu    s9, a2, pc + 60
core   0: 3 0x800067e2 (0x02ccee63)
core   0: 0x800067e6 (0x016edb13) srli    s6, t4, 22
core   0: 3 0x800067e6 (0x016edb13) x22 0x00000000
core   0: 0x800067ea (0x52882f13) slti    t5, a6, 1320
core   0: 3 0x800067ea (0x52882f13) x30 0x00000001
core   0: 0x800067ee (0x00000001) c.nop
core   0: 3 0x800067ee (0x0001)
core   0: 0x800067f0 (0x241cf993) andi    s3, s9, 577
core   0: 3 0x800067f0 (0x241cf993) x19 0x00000000
core   0: 0x800067f4 (0x00008139) c.srli  a0, 14
core   0: 3 0x800067f4 (0x8139) x10 0x00000000
core   0: 0x800067f6 (0x00008ec9) c.or    a3, a0
core   0: 3 0x800067f6 (0x8ec9) x13 0x00000000
core   0: 0x800067f8 (0x40595a93) srai    s5, s2, 5
core   0: 3 0x800067f8 (0x40595a93) x21 0xfc0012f1
core   0: 0x800067fc (0x40125413) srai    s0, tp, 1
core   0: 3 0x800067fc (0x40125413) x8  0x10d1b3a5
core   0: 0x80006800 (0x01026563) bltu    tp, a6, pc + 10
core   0: 3 0x80006800 (0x01026563)
core   0: 0x80006804 (0x00648ab3) add     s5, s1, t1
core   0: 3 0x80006804 (0x00648ab3) x21 0xeaca6000
core   0: 0x80006808 (0x000086bd) c.srai  a3, 15
core   0: 3 0x80006808 (0x86bd) x13 0x00000000
core   0: 0x8000680a (0x01f50c33) add     s8, a0, t6
core   0: 3 0x8000680a (0x01f50c33) x24 0xfffff81a
core   0: 0x8000680e (0x05cae163) bltu    s5, t3, pc + 66
core   0: 3 0x8000680e (0x05cae163)
core   0: 0x80006850 (0x017a9263) bne     s5, s7, pc + 4
core   0: 3 0x80006850 (0x017a9263)
core   0: 0x80006854 (0x00004ae1) c.li    s5, 24
core   0: 3 0x80006854 (0x4ae1) x21 0x00000018
core   0: 0x80006856 (0x000087d9) c.srai  a5, 22
core   0: 3 0x80006856 (0x87d9) x15 0x00000000
core   0: 0x80006858 (0x00008f6d) c.and   a4, a1
core   0: 3 0x80006858 (0x8f6d) x14 0x00000000
core   0: 0x8000685a (0x00008569) c.srai  a0, 26
core   0: 3 0x8000685a (0x8569) x10 0x00000000
core   0: 0x8000685c (0x2acee597) auipc   a1, 0x2acee
core   0: 3 0x8000685c (0x2acee597) x11 0xaacf485c
core   0: 0x80006860 (0x010587b3) add     a5, a1, a6
core   0: 3 0x80006860 (0x010587b3) x15 0xaacf4865
core   0: 0x80006864 (0x00001308) c.addi4spn a0, sp, 416
core   0: 3 0x80006864 (0x1308) x10 0x000001a0
core   0: 0x80006866 (0x0148d293) srli    t0, a7, 20
core   0: 3 0x80006866 (0x0148d293) x5  0x00000755
core   0: 0x8000686a (0x03507eb3) remu    t4, zero, s5
core   0: 3 0x8000686a (0x03507eb3) x29 0x00000000
core   0: 0x8000686e (0x03f70c33) mul     s8, a4, t6
core   0: 3 0x8000686e (0x03f70c33) x24 0x00000000
core   0: 0x80006872 (0x0102a433) slt     s0, t0, a6
core   0: 3 0x80006872 (0x0102a433) x8  0x00000000
core   0: 0x80006876 (0x00008db1) c.xor   a1, a2
core   0: 3 0x80006876 (0x8db1) x11 0xaacf485c
core   0: 0x80006878 (0x41160433) sub     s0, a2, a7
core   0: 3 0x80006878 (0x41160433) x8  0x8aaad000
core   0: 0x8000687c (0x0000c285) c.beqz  a3, pc + 32
core   0: 3 0x8000687c (0xc285)
core   0: 0x8000689c (0x038d12b3) mulh    t0, s10, s8
core   0: 3 0x8000689c (0x038d12b3) x5  0x00000000
core   0: 0x800068a0 (0x0148de93) srli    t4, a7, 20
core   0: 3 0x800068a0 (0x0148de93) x29 0x00000755
core   0: 0x800068a4 (0x00008ffd) c.and   a5, a5
core   0: 3 0x800068a4 (0x8ffd) x15 0xaacf4865
core   0: 0x800068a6 (0x034a51b3) divu    gp, s4, s4
core   0: 3 0x800068a6 (0x034a51b3) x3  0x00000001
core   0: 0x800068aa (0x00033c33) sltu    s8, t1, zero
core   0: 3 0x800068aa (0x00033c33) x24 0x00000000
core   0: 0x800068ae (0x00009e9a) c.add   t4, t1
core   0: 3 0x800068ae (0x9e9a) x29 0x00008755
core   0: 0x800068b0 (0x01c85e63) bge     a6, t3, pc + 28
core   0: 3 0x800068b0 (0x01c85e63)
core   0: 0x800068cc (0x02881c63) bne     a6, s0, pc + 56
core   0: 3 0x800068cc (0x02881c63)
core   0: 0x80006904 (0xabadfb17) auipc   s6, 0xabadf
core   0: 3 0x80006904 (0xabadfb17) x22 0x2bae5904
core   0: 0x80006908 (0x40e80b33) sub     s6, a6, a4
core   0: 3 0x80006908 (0x40e80b33) x22 0x00000009
core   0: 0x8000690c (0xcd26f713) andi    a4, a3, -814
core   0: 3 0x8000690c (0xcd26f713) x14 0x00000000
core   0: 0x80006910 (0x7315e593) ori     a1, a1, 1841
core   0: 3 0x80006910 (0x7315e593) x11 0xaacf4f7d
core   0: 0x80006914 (0x01270f33) add     t5, a4, s2
core   0: 3 0x80006914 (0x01270f33) x30 0x80025e2c
core   0: 0x80006918 (0x03d9f0b3) remu    ra, s3, t4
core   0: 3 0x80006918 (0x03d9f0b3) x1  0x00000000
core   0: 0x8000691c (0x031f41b3) div     gp, t5, a7
core   0: 3 0x8000691c (0x031f41b3) x3  0xffffffff
core   0: 0x80006920 (0x01879e63) bne     a5, s8, pc + 28
core   0: 3 0x80006920 (0x01879e63)
core   0: 0x8000693c (0x005dee33) or      t3, s11, t0
core   0: 3 0x8000693c (0x005dee33) x28 0x80025e2c
core   0: 0x80006940 (0x00d87863) bgeu    a6, a3, pc + 16
core   0: 3 0x80006940 (0x00d87863)
core   0: 0x80006950 (0x06480b93) addi    s7, a6, 100
core   0: 3 0x80006950 (0x06480b93) x23 0x0000006d
core   0: 0x80006954 (0x031beb33) rem     s6, s7, a7
core   0: 3 0x80006954 (0x031beb33) x22 0x0000006d
core   0: 0x80006958 (0x023c7db3) remu    s11, s8, gp
core   0: 3 0x80006958 (0x023c7db3) x27 0x00000000
core   0: 0x8000695c (0x0000019e) c.slli  gp, 7
core   0: 3 0x8000695c (0x019e) x3  0xffffff80
core   0: 0x8000695e (0x02ede233) rem     tp, s11, a4
core   0: 3 0x8000695e (0x02ede233) x4  0x00000000
core   0: 0x80006962 (0x000086c5) c.srai  a3, 17
core   0: 3 0x80006962 (0x86c5) x13 0x00000000
core   0: 0x80006964 (0x4161d513) srai    a0, gp, 22
core   0: 3 0x80006964 (0x4161d513) x10 0xffffffff
core   0: 0x80006968 (0x00a5c463) blt     a1, a0, pc + 8
core   0: 3 0x80006968 (0x00a5c463)
core   0: 0x80006970 (0x40bb5793) srai    a5, s6, 11
core   0: 3 0x80006970 (0x40bb5793) x15 0x00000000
core   0: 0x80006974 (0x001ff2b3) and     t0, t6, ra
core   0: 3 0x80006974 (0x001ff2b3) x5  0x00000000
core   0: 0x80006978 (0xd8122097) auipc   ra, 0xd8122
core   0: 3 0x80006978 (0xd8122097) x1  0x58128978
core   0: 0x8000697c (0x0342b133) mulhu   sp, t0, s4
core   0: 3 0x8000697c (0x0342b133) x2  0x00000000
core   0: 0x80006980 (0x00000001) c.nop
core   0: 3 0x80006980 (0x0001)
core   0: 0x80006982 (0x00000812) c.slli  a6, 4
core   0: 3 0x80006982 (0x0812) x16 0x00000090
core   0: 0x80006984 (0x00000826) c.slli  a6, 9
core   0: 3 0x80006984 (0x0826) x16 0x00012000
core   0: 0x80006986 (0x00006105) c.addi16sp sp, 32
core   0: 3 0x80006986 (0x6105) x2  0x00000020
core   0: 0x80006988 (0x004f47b3) xor     a5, t5, tp
core   0: 3 0x80006988 (0x004f47b3) x15 0x80025e2c
core   0: 0x8000698c (0x571ee213) ori     tp, t4, 1393
core   0: 3 0x8000698c (0x571ee213) x4  0x00008775
core   0: 0x80006990 (0xd59c3837) lui     a6, 0xd59c3
core   0: 3 0x80006990 (0xd59c3837) x16 0xd59c3000
core   0: 0x80006994 (0x8e9da093) slti    ra, s11, -1815
core   0: 3 0x80006994 (0x8e9da093) x1  0x00000000
core   0: 0x80006998 (0x00006711) c.lui   a4, 0x4
core   0: 3 0x80006998 (0x6711) x14 0x00004000
core   0: 0x8000699a (0x00000001) c.nop
core   0: 3 0x8000699a (0x0001)
core   0: 0x8000699c (0x00008c35) c.xor   s0, a3
core   0: 3 0x8000699c (0x8c35) x8  0x8aaad000
core   0: 0x8000699e (0x00008dad) c.xor   a1, a1
core   0: 3 0x8000699e (0x8dad) x11 0x00000000
core   0: 0x800069a0 (0x00008699) c.srai  a3, 6
core   0: 3 0x800069a0 (0x8699) x13 0x00000000
core   0: 0x800069a2 (0x39753a93) sltiu   s5, a0, 919
core   0: 3 0x800069a2 (0x39753a93) x21 0x00000000
core   0: 0x800069a6 (0x024abab3) mulhu   s5, s5, tp
core   0: 3 0x800069a6 (0x024abab3) x21 0x00000000
core   0: 0x800069aa (0x0233e663) bltu    t2, gp, pc + 44
core   0: 3 0x800069aa (0x0233e663)
core   0: 0x800069d6 (0x24a01317) auipc   t1, 0x24a01
core   0: 3 0x800069d6 (0x24a01317) x6  0xa4a079d6
core   0: 0x800069da (0x0000e109) c.bnez  a0, pc + 2
core   0: 3 0x800069da (0xe109)
core   0: 0x800069dc (0x3d8cee97) auipc   t4, 0x3d8ce
core   0: 3 0x800069dc (0x3d8cee97) x29 0xbd8d49dc
core   0: 0x800069e0 (0x590ec313) xori    t1, t4, 1424
core   0: 3 0x800069e0 (0x590ec313) x6  0xbd8d4c4c
core   0: 0x800069e4 (0x03b8ed63) bltu    a7, s11, pc + 58
core   0: 3 0x800069e4 (0x03b8ed63)
core   0: 0x800069e8 (0x00008f61) c.and   a4, s0
core   0: 3 0x800069e8 (0x8f61) x14 0x00004000
core   0: 0x800069ea (0x00000284) c.addi4spn s1, sp, 320
core   0: 3 0x800069ea (0x0284) x9  0x00000160
core   0: 0x800069ec (0x016ec1b3) xor     gp, t4, s6
core   0: 3 0x800069ec (0x016ec1b3) x3  0xbd8d49b1
core   0: 0x800069f0 (0x029ad5b3) divu    a1, s5, s1
core   0: 3 0x800069f0 (0x029ad5b3) x11 0x00000000
core   0: 0x800069f4 (0x0000cc19) c.beqz  s0, pc + 30
core   0: 3 0x800069f4 (0xcc19)
core   0: 0x800069f6 (0x00d51c63) bne     a0, a3, pc + 24
core   0: 3 0x800069f6 (0x00d51c63)
core   0: 0x80006a0e (0x589dfb13) andi    s6, s11, 1417
core   0: 3 0x80006a0e (0x589dfb13) x22 0x00000000
core   0: 0x80006a12 (0x02213d33) mulhu   s10, sp, sp
core   0: 3 0x80006a12 (0x02213d33) x26 0x00000000
core   0: 0x80006a16 (0x00f56e63) bltu    a0, a5, pc + 28
core   0: 3 0x80006a16 (0x00f56e63)
core   0: 0x80006a1a (0x000cffb3) and     t6, s9, zero
core   0: 3 0x80006a1a (0x000cffb3) x31 0x00000000
core   0: 0x80006a1e (0x02aa5333) divu    t1, s4, a0
core   0: 3 0x80006a1e (0x02aa5333) x6  0x00000000
core   0: 0x80006a22 (0x02789f63) bne     a7, t2, pc + 62
core   0: 3 0x80006a22 (0x02789f63)
core   0: 0x80006a60 (0x00006335) c.lui   t1, 0xd
core   0: 3 0x80006a60 (0x6335) x6  0x0000d000
core   0: 0x80006a62 (0x03f90c33) mul     s8, s2, t6
core   0: 3 0x80006a62 (0x03f90c33) x24 0x00000000
core   0: 0x80006a66 (0x2ba72893) slti    a7, a4, 698
core   0: 3 0x80006a66 (0x2ba72893) x17 0x00000000
core   0: 0x80006a6a (0x03bfb7b3) mulhu   a5, t6, s11
core   0: 3 0x80006a6a (0x03bfb7b3) x15 0x00000000
core   0: 0x80006a6e (0x037268b3) rem     a7, tp, s7
core   0: 3 0x80006a6e (0x037268b3) x17 0x0000000f
core   0: 0x80006a72 (0x0000717d) c.addi16sp sp, -16
core   0: 3 0x80006a72 (0x717d) x2  0x00000010
core   0: 0x80006a74 (0x00008512) c.mv    a0, tp
core   0: 3 0x80006a74 (0x8512) x10 0x00008775
core   0: 0x80006a76 (0x000000fe) c.slli  ra, 31
core   0: 3 0x80006a76 (0x00fe) x1  0x00000000
core   0: 0x80006a78 (0x00637833) and     a6, t1, t1
core   0: 3 0x80006a78 (0x00637833) x16 0x0000d000
core   0: 0x80006a7c (0x41115733) sra     a4, sp, a7
core   0: 3 0x80006a7c (0x41115733) x14 0x00000000
core   0: 0x80006a80 (0x0000527d) c.li    tp, -1
core   0: 3 0x80006a80 (0x527d) x4  0xffffffff
core   0: 0x80006a82 (0x0000073a) c.slli  a4, 14
core   0: 3 0x80006a82 (0x073a) x14 0x00000000
core   0: 0x80006a84 (0x00000001) c.nop
core   0: 3 0x80006a84 (0x0001)
core   0: 0x80006a86 (0x02533e33) mulhu   t3, t1, t0
core   0: 3 0x80006a86 (0x02533e33) x28 0x00000000
core   0: 0x80006a8a (0x00008ea9) c.xor   a3, a0
core   0: 3 0x80006a8a (0x8ea9) x13 0x00008775
core   0: 0x80006a8c (0x00e8dc63) bge     a7, a4, pc + 24
core   0: 3 0x80006a8c (0x00e8dc63)
core   0: 0x80006aa4 (0x6e7c4337) lui     t1, 0x6e7c4
core   0: 3 0x80006aa4 (0x6e7c4337) x6  0x6e7c4000
core   0: 0x80006aa8 (0x00006df9) c.lui   s11, 0x1e
core   0: 3 0x80006aa8 (0x6df9) x27 0x0001e000
core   0: 0x80006aaa (0x419c8fb3) sub     t6, s9, s9
core   0: 3 0x80006aaa (0x419c8fb3) x31 0x00000000
core   0: 0x80006aae (0x00008cb1) c.xor   s1, a2
core   0: 3 0x80006aae (0x8cb1) x9  0x00000160
core   0: 0x80006ab0 (0x00000001) c.nop
core   0: 3 0x80006ab0 (0x0001)
core   0: 0x80006ab2 (0x0368f663) bgeu    a7, s6, pc + 44
core   0: 3 0x80006ab2 (0x0368f663)
core   0: 0x80006ade (0x004840b3) xor     ra, a6, tp
core   0: 3 0x80006ade (0x004840b3) x1  0xffff2fff
core   0: 0x80006ae2 (0x02fb6db3) rem     s11, s6, a5
core   0: 3 0x80006ae2 (0x02fb6db3) x27 0x00000000
core   0: 0x80006ae6 (0x00015d17) auipc   s10, 0x15
core   0: 3 0x80006ae6 (0x00015d17) x26 0x8001bae6
core   0: 0x80006aea (0x284d0d13) addi    s10, s10, 644
core   0: 3 0x80006aea (0x284d0d13) x26 0x8001bd6a
core   0: 0x80006aee (0xff8d5183) lhu     gp, -8(s10)
core   0: 3 0x80006aee (0xff8d5183) x3  0x0000acc5 mem 0x8001bd62
core   0: 0x80006af2 (0x00000001) c.nop
core   0: 3 0x80006af2 (0x0001)
core   0: 0x80006af4 (0xff8d5083) lhu     ra, -8(s10)
core   0: 3 0x80006af4 (0xff8d5083) x1  0x0000acc5 mem 0x8001bd62
core   0: 0x80006af8 (0xff8d0e03) lb      t3, -8(s10)
core   0: 3 0x80006af8 (0xff8d0e03) x28 0xffffffc5 mem 0x8001bd62
core   0: 0x80006afc (0x00008b1d) c.andi  a4, 7
core   0: 3 0x80006afc (0x8b1d) x14 0x00000000
core   0: 0x80006afe (0xff8d4983) lbu     s3, -8(s10)
core   0: 3 0x80006afe (0xff8d4983) x19 0x000000c5 mem 0x8001bd62
core   0: 0x80006b02 (0xffcd5583) lhu     a1, -4(s10)
core   0: 3 0x80006b02 (0xffcd5583) x11 0x00005233 mem 0x8001bd66
core   0: 0x80006b06 (0xfead0a23) sb      a0, -12(s10)
core   0: 3 0x80006b06 (0xfead0a23) mem 0x8001bd5e 0x75
core   0: 0x80006b0a (0xff3d0a23) sb      s3, -12(s10)
core   0: 3 0x80006b0a (0xff3d0a23) mem 0x8001bd5e 0xc5
core   0: 0x80006b0e (0xff0d0f23) sb      a6, -2(s10)
core   0: 3 0x80006b0e (0xff0d0f23) mem 0x8001bd68 0x00
core   0: 0x80006b12 (0xff2d1d23) sh      s2, -6(s10)
core   0: 3 0x80006b12 (0xff2d1d23) mem 0x8001bd64 0x5e2c
core   0: 0x80006b16 (0x00009bb6) c.add   s7, a3
core   0: 3 0x80006b16 (0x9bb6) x23 0x000087e2
core   0: 0x80006b18 (0x4f006113) ori     sp, zero, 1264
core   0: 3 0x80006b18 (0x4f006113) x2  0x000004f0
core   0: 0x80006b1c (0xffad4403) lbu     s0, -6(s10)
core   0: 3 0x80006b1c (0xffad4403) x8  0x0000002c mem 0x8001bd64
core   0: 0x80006b20 (0xffad4a83) lbu     s5, -6(s10)
core   0: 3 0x80006b20 (0xffad4a83) x21 0x0000002c mem 0x8001bd64
core   0: 0x80006b24 (0xffad1e03) lh      t3, -6(s10)
core   0: 3 0x80006b24 (0xffad1e03) x28 0x00005e2c mem 0x8001bd64
core   0: 0x80006b28 (0xffad5983) lhu     s3, -6(s10)
core   0: 3 0x80006b28 (0xffad5983) x19 0x00005e2c mem 0x8001bd64
core   0: 0x80006b2c (0x000d0383) lb      t2, 0(s10)
core   0: 3 0x80006b2c (0x000d0383) x7  0x00000018 mem 0x8001bd6a
core   0: 0x80006b30 (0x000d0383) lb      t2, 0(s10)
core   0: 3 0x80006b30 (0x000d0383) x7  0x00000018 mem 0x8001bd6a
core   0: 0x80006b34 (0x01cd1023) sh      t3, 0(s10)
core   0: 3 0x80006b34 (0x01cd1023) mem 0x8001bd6a 0x5e2c
core   0: 0x80006b38 (0x01fd0823) sb      t6, 16(s10)
core   0: 3 0x80006b38 (0x01fd0823) mem 0x8001bd7a 0x00
core   0: 0x80006b3c (0x010d0723) sb      a6, 14(s10)
core   0: 3 0x80006b3c (0x010d0723) mem 0x8001bd78 0x00
core   0: 0x80006b40 (0x00ed2203) lw      tp, 14(s10)
core   0: 3 0x80006b40 (0x00ed2203) x4  0xe400f200 mem 0x8001bd78
core   0: 0x80006b44 (0x019d1423) sh      s9, 8(s10)
core   0: 3 0x80006b44 (0x019d1423) mem 0x8001bd72 0x0000
core   0: 0x80006b48 (0x0002abb3) slt     s7, t0, zero
core   0: 3 0x80006b48 (0x0002abb3) x23 0x00000000
core   0: 0x80006b4c (0x02cf8133) mul     sp, t6, a2
core   0: 3 0x80006b4c (0x02cf8133) x2  0x00000000
core   0: 0x80006b50 (0x00008f0d) c.sub   a4, a1
core   0: 3 0x80006b50 (0x8f0d) x14 0xffffadcd
core   0: 0x80006b52 (0x0320a233) mulhsu  tp, ra, s2
core   0: 3 0x80006b52 (0x0320a233) x4  0x00005664
core   0: 0x80006b56 (0x0142d7b3) srl     a5, t0, s4
core   0: 3 0x80006b56 (0x0142d7b3) x15 0x00000000
core   0: 0x80006b5a (0x00e08bb3) add     s7, ra, a4
core   0: 3 0x80006b5a (0x00e08bb3) x23 0x00005a92
core   0: 0x80006b5e (0x0000841a) c.mv    s0, t1
core   0: 3 0x80006b5e (0x841a) x8  0x6e7c4000
core   0: 0x80006b60 (0x00008e89) c.sub   a3, a0
core   0: 3 0x80006b60 (0x8e89) x13 0x00000000
core   0: 0x80006b62 (0x00282db3) slt     s11, a6, sp
core   0: 3 0x80006b62 (0x00282db3) x27 0x00000000
core   0: 0x80006b66 (0x014b8363) beq     s7, s4, pc + 6
core   0: 3 0x80006b66 (0x014b8363)
core   0: 0x80006b6a (0x0000e30d) c.bnez  a4, pc + 34
core   0: 3 0x80006b6a (0xe30d)
core   0: 0x80006b8c (0x32b72b93) slti    s7, a4, 811
core   0: 3 0x80006b8c (0x32b72b93) x23 0x00000001
core   0: 0x80006b90 (0x03453533) mulhu   a0, a0, s4
core   0: 3 0x80006b90 (0x03453533) x10 0x000043bb
core   0: 0x80006b94 (0x00c3c733) xor     a4, t2, a2
core   0: 3 0x80006b94 (0x00c3c733) x14 0x00000018
core   0: 0x80006b98 (0x41d95d93) srai    s11, s2, 29
core   0: 3 0x80006b98 (0x41d95d93) x27 0xfffffffc
core   0: 0x80006b9c (0x000082b9) c.srli  a3, 14
core   0: 3 0x80006b9c (0x82b9) x13 0x00000000
core   0: 0x80006b9e (0x00e1c263) blt     gp, a4, pc + 4
core   0: 3 0x80006b9e (0x00e1c263)
core   0: 0x80006ba2 (0x01df73b3) and     t2, t5, t4
core   0: 3 0x80006ba2 (0x01df73b3) x7  0x8000480c
core   0: 0x80006ba6 (0x01fe9013) slli    zero, t4, 31
core   0: 3 0x80006ba6 (0x01fe9013)
core   0: 0x80006baa (0x41b5d013) srai    zero, a1, 27
core   0: 3 0x80006baa (0x41b5d013)
core   0: 0x80006bae (0x021916b3) mulh    a3, s2, ra
core   0: 3 0x80006bae (0x021916b3) x13 0xffffa99f
core   0: 0x80006bb2 (0x027358b3) divu    a7, t1, t2
core   0: 3 0x80006bb2 (0x027358b3) x17 0x00000000
core   0: 0x80006bb6 (0x00000001) c.nop
core   0: 3 0x80006bb6 (0x0001)
core   0: 0x80006bb8 (0x00008169) c.srli  a0, 26
core   0: 3 0x80006bb8 (0x8169) x10 0x00000000
core   0: 0x80006bba (0x00001e94) c.addi4spn a3, sp, 880
core   0: 3 0x80006bba (0x1e94) x13 0x00000370
core   0: 0x80006bbc (0xc58d3513) sltiu   a0, s10, -936
core   0: 3 0x80006bbc (0xc58d3513) x10 0x00000001
core   0: 0x80006bc0 (0x021c4133) div     sp, s8, ra
core   0: 3 0x80006bc0 (0x021c4133) x2  0x00000000
core   0: 0x80006bc4 (0x02966763) bltu    a2, s1, pc + 46
core   0: 3 0x80006bc4 (0x02966763)
core   0: 0x80006bf2 (0x0091f5b3) and     a1, gp, s1
core   0: 3 0x80006bf2 (0x0091f5b3) x11 0x00000040
core   0: 0x80006bf6 (0x02f51163) bne     a0, a5, pc + 34
core   0: 3 0x80006bf6 (0x02f51163)
core   0: 0x80006c18 (0x01e706b3) add     a3, a4, t5
core   0: 3 0x80006c18 (0x01e706b3) x13 0x80025e44
core   0: 0x80006c1c (0xb4777b93) andi    s7, a4, -1209
core   0: 3 0x80006c1c (0xb4777b93) x23 0x00000000
core   0: 0x80006c20 (0xbec3e297) auipc   t0, 0xbec3e
core   0: 3 0x80006c20 (0xbec3e297) x5  0x3ec44c20
core   0: 0x80006c24 (0x00ca2333) slt     t1, s4, a2
core   0: 3 0x80006c24 (0x00ca2333) x6  0x00000001
core   0: 0x80006c28 (0xd10eba93) sltiu   s5, t4, -752
core   0: 3 0x80006c28 (0xd10eba93) x21 0x00000001
core   0: 0x80006c2c (0x035bceb3) div     t4, s7, s5
core   0: 3 0x80006c2c (0x035bceb3) x29 0x00000000
core   0: 0x80006c30 (0x01e0cf33) xor     t5, ra, t5
core   0: 3 0x80006c30 (0x01e0cf33) x30 0x8002f2e9
core   0: 0x80006c34 (0xd2aa6993) ori     s3, s4, -726
core   0: 3 0x80006c34 (0xd2aa6993) x19 0xfffffdee
core   0: 0x80006c38 (0x01971893) slli    a7, a4, 25
core   0: 3 0x80006c38 (0x01971893) x17 0x30000000
core   0: 0x80006c3c (0x8cdb6d93) ori     s11, s6, -1843
core   0: 3 0x80006c3c (0x8cdb6d93) x27 0xfffff8cd
core   0: 0x80006c40 (0x00008e6a) c.mv    t3, s10
core   0: 3 0x80006c40 (0x8e6a) x28 0x8001bd6a
core   0: 0x80006c42 (0x0046f263) bgeu    a3, tp, pc + 4
core   0: 3 0x80006c42 (0x0046f263)
core   0: 0x80006c46 (0x0069d233) srl     tp, s3, t1
core   0: 3 0x80006c46 (0x0069d233) x4  0x7ffffef7
core   0: 0x80006c4a (0x000085e9) c.srai  a1, 26
core   0: 3 0x80006c4a (0x85e9) x11 0x00000000
core   0: 0x80006c4c (0x00c26833) or      a6, tp, a2
core   0: 3 0x80006c4c (0x00c26833) x16 0x7ffffef7
core   0: 0x80006c50 (0x01268533) add     a0, a3, s2
core   0: 3 0x80006c50 (0x01268533) x10 0x0004bc70
core   0: 0x80006c54 (0x00008ff1) c.and   a5, a2
core   0: 3 0x80006c54 (0x8ff1) x15 0x00000000
core   0: 0x80006c56 (0xd1f8b793) sltiu   a5, a7, -737
core   0: 3 0x80006c56 (0xd1f8b793) x15 0x00000001
core   0: 0x80006c5a (0x0000968a) c.add   a3, sp
core   0: 3 0x80006c5a (0x968a) x13 0x80025e44
core   0: 0x80006c5c (0x00000c94) c.addi4spn a3, sp, 592
core   0: 3 0x80006c5c (0x0c94) x13 0x00000250
core   0: 0x80006c5e (0x000085b9) c.srai  a1, 14
core   0: 3 0x80006c5e (0x85b9) x11 0x00000000
core   0: 0x80006c60 (0x02639133) mulh    sp, t2, t1
core   0: 3 0x80006c60 (0x02639133) x2  0xffffffff
core   0: 0x80006c64 (0x663eb993) sltiu   s3, t4, 1635
core   0: 3 0x80006c64 (0x663eb993) x19 0x00000001
core   0: 0x80006c68 (0x3d175137) lui     sp, 0x3d175
core   0: 3 0x80006c68 (0x3d175137) x2  0x3d175000
core   0: 0x80006c6c (0x01b67b33) and     s6, a2, s11
core   0: 3 0x80006c6c (0x01b67b33) x22 0x00000000
core   0: 0x80006c70 (0x1a9e2f13) slti    t5, t3, 425
core   0: 3 0x80006c70 (0x1a9e2f13) x30 0x00000001
core   0: 0x80006c74 (0x00569393) slli    t2, a3, 5
core   0: 3 0x80006c74 (0x00569393) x7  0x00004a00
core   0: 0x80006c78 (0x00008fbd) c.xor   a5, a5
core   0: 3 0x80006c78 (0x8fbd) x15 0x00000000
core   0: 0x80006c7a (0x000062c5) c.lui   t0, 0x11
core   0: 3 0x80006c7a (0x62c5) x5  0x00011000
core   0: 0x80006c7c (0x4166d833) sra     a6, a3, s6
core   0: 3 0x80006c7c (0x4166d833) x16 0x00000250
core   0: 0x80006c80 (0x00006ced) c.lui   s9, 0x1b
core   0: 3 0x80006c80 (0x6ced) x25 0x0001b000
core   0: 0x80006c82 (0xab5d5597) auipc   a1, 0xab5d5
core   0: 3 0x80006c82 (0xab5d5597) x11 0x2b5dbc82
core   0: 0x80006c86 (0x03f69463) bne     a3, t6, pc + 40
core   0: 3 0x80006c86 (0x03f69463)
core   0: 0x80006cae (0x00f4cab3) xor     s5, s1, a5
core   0: 3 0x80006cae (0x00f4cab3) x21 0x00000160
core   0: 0x80006cb2 (0x00969863) bne     a3, s1, pc + 16
core   0: 3 0x80006cb2 (0x00969863)
core   0: 0x80006cc2 (0x029a6163) bltu    s4, s1, pc + 34
core   0: 3 0x80006cc2 (0x029a6163)
core   0: 0x80006cc6 (0x00000399) c.addi  t2, 6
core   0: 3 0x80006cc6 (0x0399) x7  0x00004a06
core   0: 0x80006cc8 (0x01459563) bne     a1, s4, pc + 10
core   0: 3 0x80006cc8 (0x01459563)
core   0: 0x80006cd2 (0x4122d433) sra     s0, t0, s2
core   0: 3 0x80006cd2 (0x4122d433) x8  0x00000011
core   0: 0x80006cd6 (0x7239fe93) andi    t4, s3, 1827
core   0: 3 0x80006cd6 (0x7239fe93) x29 0x00000001
core   0: 0x80006cda (0x00008cc1) c.or    s1, s0
core   0: 3 0x80006cda (0x8cc1) x9  0x00000171
core   0: 0x80006cdc (0x00288463) beq     a7, sp, pc + 8
core   0: 3 0x80006cdc (0x00288463)
core   0: 0x80006ce0 (0x02573233) mulhu   tp, a4, t0
core   0: 3 0x80006ce0 (0x02573233) x4  0x00000000
core   0: 0x80006ce4 (0x0000527d) c.li    tp, -1
core   0: 3 0x80006ce4 (0x527d) x4  0xffffffff
core   0: 0x80006ce6 (0x0241f1b3) remu    gp, gp, tp
core   0: 3 0x80006ce6 (0x0241f1b3) x3  0x0000acc5
core   0: 0x80006cea (0x000066a9) c.lui   a3, 0xa
core   0: 3 0x80006cea (0x66a9) x13 0x0000a000
core   0: 0x80006cec (0x037b8293) addi    t0, s7, 55
core   0: 3 0x80006cec (0x037b8293) x5  0x00000037
core   0: 0x80006cf0 (0x013865b3) or      a1, a6, s3
core   0: 3 0x80006cf0 (0x013865b3) x11 0x00000251
core   0: 0x80006cf4 (0x0357cf63) blt     a5, s5, pc + 62
core   0: 3 0x80006cf4 (0x0357cf63)
core   0: 0x80006d32 (0x0000cd0d) c.beqz  a0, pc + 58
core   0: 3 0x80006d32 (0xcd0d)
core   0: 0x80006d34 (0x00000f6e) c.slli  t5, 27
core   0: 3 0x80006d34 (0x0f6e) x30 0x08000000
core   0: 0x80006d36 (0x0000717d) c.addi16sp sp, -16
core   0: 3 0x80006d36 (0x717d) x2  0x3d174ff0
core   0: 0x80006d38 (0x00008049) c.srli  s0, 18
core   0: 3 0x80006d38 (0x8049) x8  0x00000000
core   0: 0x80006d3a (0x418e5d33) sra     s10, t3, s8
core   0: 3 0x80006d3a (0x418e5d33) x26 0x8001bd6a
core   0: 0x80006d3e (0x00005e7d) c.li    t3, -1
core   0: 3 0x80006d3e (0x5e7d) x28 0xffffffff
core   0: 0x80006d40 (0x01d3e533) or      a0, t2, t4
core   0: 3 0x80006d40 (0x01d3e533) x10 0x00004a07
core   0: 0x80006d44 (0x02308863) beq     ra, gp, pc + 48
core   0: 3 0x80006d44 (0x02308863)
core   0: 0x80006d74 (0x410084b3) sub     s1, ra, a6
core   0: 3 0x80006d74 (0x410084b3) x9  0x0000aa75
core   0: 0x80006d78 (0x0000987d) c.andi  s0, -1
core   0: 3 0x80006d78 (0x987d) x8  0x00000000
core   0: 0x80006d7a (0x01770533) add     a0, a4, s7
core   0: 3 0x80006d7a (0x01770533) x10 0x00000018
core   0: 0x80006d7e (0x0009cd33) xor     s10, s3, zero
core   0: 3 0x80006d7e (0x0009cd33) x26 0x00000001
core   0: 0x80006d82 (0x03189463) bne     a7, a7, pc + 40
core   0: 3 0x80006d82 (0x03189463)
core   0: 0x80006d86 (0x0104eb33) or      s6, s1, a6
core   0: 3 0x80006d86 (0x0104eb33) x22 0x0000aa75
core   0: 0x80006d8a (0x2b5cfb13) andi    s6, s9, 693
core   0: 3 0x80006d8a (0x2b5cfb13) x22 0x00000000
core   0: 0x80006d8e (0x00000001) c.nop
core   0: 3 0x80006d8e (0x0001)
core   0: 0x80006d90 (0x0000ca9d) c.beqz  a3, pc + 54
core   0: 3 0x80006d90 (0xca9d)
core   0: 0x80006d92 (0x00ec0e63) beq     s8, a4, pc + 28
core   0: 3 0x80006d92 (0x00ec0e63)
core   0: 0x80006d96 (0x00000d3a) c.slli  s10, 14
core   0: 3 0x80006d96 (0x0d3a) x26 0x00004000
core   0: 0x80006d98 (0x01d474b3) and     s1, s0, t4
core   0: 3 0x80006d98 (0x01d474b3) x9  0x00000000
core   0: 0x80006d9c (0xd22a1997) auipc   s3, 0xd22a1
core   0: 3 0x80006d9c (0xd22a1997) x19 0x522a7d9c
core   0: 0x80006da0 (0x90510893) addi    a7, sp, -1787
core   0: 3 0x80006da0 (0x90510893) x17 0x3d1748f5
core   0: 0x80006da4 (0x0260c063) blt     ra, t1, pc + 32
core   0: 3 0x80006da4 (0x0260c063)
core   0: 0x80006da8 (0x00006dd9) c.lui   s11, 0x16
core   0: 3 0x80006da8 (0x6dd9) x27 0x00016000
core   0: 0x80006daa (0xa5af0993) addi    s3, t5, -1446
core   0: 3 0x80006daa (0xa5af0993) x19 0x07fffa5a
core   0: 0x80006dae (0x00006155) c.addi16sp sp, 304
core   0: 3 0x80006dae (0x6155) x2  0x3d175120
core   0: 0x80006db0 (0x00543c33) sltu    s8, s0, t0
core   0: 3 0x80006db0 (0x00543c33) x24 0x00000001
core   0: 0x80006db4 (0x016b76b3) and     a3, s6, s6
core   0: 3 0x80006db4 (0x016b76b3) x13 0x00000000
core   0: 0x80006db8 (0x037618b3) mulh    a7, a2, s7
core   0: 3 0x80006db8 (0x037618b3) x17 0x00000000
core   0: 0x80006dbc (0x02d66db3) rem     s11, a2, a3
core   0: 3 0x80006dbc (0x02d66db3) x27 0x00000000
core   0: 0x80006dc0 (0x01e35113) srli    sp, t1, 30
core   0: 3 0x80006dc0 (0x01e35113) x2  0x00000000
core   0: 0x80006dc4 (0x00008ea1) c.xor   a3, s0
core   0: 3 0x80006dc4 (0x8ea1) x13 0x00000000
core   0: 0x80006dc6 (0x7dc1a713) slti    a4, gp, 2012
core   0: 3 0x80006dc6 (0x7dc1a713) x14 0x00000000
core   0: 0x80006dca (0x030302b3) mul     t0, t1, a6
core   0: 3 0x80006dca (0x030302b3) x5  0x00000250
core   0: 0x80006dce (0x00ea5013) srli    zero, s4, 14
core   0: 3 0x80006dce (0x00ea5013)
core   0: 0x80006dd2 (0x05688063) beq     a7, s6, pc + 64
core   0: 3 0x80006dd2 (0x05688063)
core   0: 0x80006e12 (0x000088a2) c.mv    a7, s0
core   0: 3 0x80006e12 (0x88a2) x17 0x00000000
core   0: 0x80006e14 (0x00000115) c.addi  sp, 5
core   0: 3 0x80006e14 (0x0115) x2  0x00000005
core   0: 0x80006e16 (0x0000e09d) c.bnez  s1, pc + 38
core   0: 3 0x80006e16 (0xe09d)
core   0: 0x80006e18 (0x010d14b3) sll     s1, s10, a6
core   0: 3 0x80006e18 (0x010d14b3) x9  0x40000000
core   0: 0x80006e1c (0x62f42d93) slti    s11, s0, 1583
core   0: 3 0x80006e1c (0x62f42d93) x27 0x00000001
core   0: 0x80006e20 (0x01301f33) sll     t5, zero, s3
core   0: 3 0x80006e20 (0x01301f33) x30 0x00000000
core   0: 0x80006e24 (0xe2fba113) slti    sp, s7, -465
core   0: 3 0x80006e24 (0xe2fba113) x2  0x00000000
core   0: 0x80006e28 (0x03909333) mulh    t1, ra, s9
core   0: 3 0x80006e28 (0x03909333) x6  0x00000001
core   0: 0x80006e2c (0x00000a88) c.addi4spn a0, sp, 336
core   0: 3 0x80006e2c (0x0a88) x10 0x00000150
core   0: 0x80006e2e (0x000010fd) c.addi  ra, -1
core   0: 3 0x80006e2e (0x10fd) x1  0x0000acc4
core   0: 0x80006e30 (0x01380233) add     tp, a6, s3
core   0: 3 0x80006e30 (0x01380233) x4  0x07fffcaa
core   0: 0x80006e34 (0x02690733) mul     a4, s2, t1
core   0: 3 0x80006e34 (0x02690733) x14 0x80025e2c
core   0: 0x80006e38 (0x02755333) divu    t1, a0, t2
core   0: 3 0x80006e38 (0x02755333) x6  0x00000000
core   0: 0x80006e3c (0x0a9ae593) ori     a1, s5, 169
core   0: 3 0x80006e3c (0x0a9ae593) x11 0x000001e9
core   0: 0x80006e40 (0x0054a233) slt     tp, s1, t0
core   0: 3 0x80006e40 (0x0054a233) x4  0x00000000
core   0: 0x80006e44 (0x0280d833) divu    a6, ra, s0
core   0: 3 0x80006e44 (0x0280d833) x16 0xffffffff
core   0: 0x80006e48 (0x00000461) c.addi  s0, 24
core   0: 3 0x80006e48 (0x0461) x8  0x00000018
core   0: 0x80006e4a (0x01edbb33) sltu    s6, s11, t5
core   0: 3 0x80006e4a (0x01edbb33) x22 0x00000000
core   0: 0x80006e4e (0x01083533) sltu    a0, a6, a6
core   0: 3 0x80006e4e (0x01083533) x10 0x00000000
core   0: 0x80006e52 (0x035c8963) beq     s9, s5, pc + 50
core   0: 3 0x80006e52 (0x035c8963)
core   0: 0x80006e56 (0xe26b9c97) auipc   s9, 0xe26b9
core   0: 3 0x80006e56 (0xe26b9c97) x25 0x626bfe56
core   0: 0x80006e5a (0x00008d5d) c.or    a0, a5
core   0: 3 0x80006e5a (0x8d5d) x10 0x00000000
core   0: 0x80006e5c (0x0169fc33) and     s8, s3, s6
core   0: 3 0x80006e5c (0x0169fc33) x24 0x00000000
core   0: 0x80006e60 (0x03f399b3) mulh    s3, t2, t6
core   0: 3 0x80006e60 (0x03f399b3) x19 0x00000000
core   0: 0x80006e64 (0x022c7063) bgeu    s8, sp, pc + 32
core   0: 3 0x80006e64 (0x022c7063)
core   0: 0x80006e84 (0xa8866813) ori     a6, a2, -1400
core   0: 3 0x80006e84 (0xa8866813) x16 0xfffffa88
core   0: 0x80006e88 (0x02e8d333) divu    t1, a7, a4
core   0: 3 0x80006e88 (0x02e8d333) x6  0x00000000
core   0: 0x80006e8c (0x41ffd7b3) sra     a5, t6, t6
core   0: 3 0x80006e8c (0x41ffd7b3) x15 0x00000000
core   0: 0x80006e90 (0x000087ed) c.srai  a5, 27
core   0: 3 0x80006e90 (0x87ed) x15 0x00000000
core   0: 0x80006e92 (0x02341cb3) mulh    s9, s0, gp
core   0: 3 0x80006e92 (0x02341cb3) x25 0x00000000
core   0: 0x80006e96 (0x410dd193) srai    gp, s11, 16
core   0: 3 0x80006e96 (0x410dd193) x3  0x00000000
core   0: 0x80006e9a (0x019956b3) srl     a3, s2, s9
core   0: 3 0x80006e9a (0x019956b3) x13 0x80025e2c
core   0: 0x80006e9e (0xcfcc3213) sltiu   tp, s8, -772
core   0: 3 0x80006e9e (0xcfcc3213) x4  0x00000001
core   0: 0x80006ea2 (0x0099a833) slt     a6, s3, s1
core   0: 3 0x80006ea2 (0x0099a833) x16 0x00000001
core   0: 0x80006ea6 (0x00abdab3) srl     s5, s7, a0
core   0: 3 0x80006ea6 (0x00abdab3) x21 0x00000000
core   0: 0x80006eaa (0x0294e1b3) rem     gp, s1, s1
core   0: 3 0x80006eaa (0x0294e1b3) x3  0x00000000
core   0: 0x80006eae (0x00105d63) bge     zero, ra, pc + 26
core   0: 3 0x80006eae (0x00105d63)
core   0: 0x80006eb2 (0x04bc8063) beq     s9, a1, pc + 64
core   0: 3 0x80006eb2 (0x04bc8063)
core   0: 0x80006eb6 (0x019f5213) srli    tp, t5, 25
core   0: 3 0x80006eb6 (0x019f5213) x4  0x00000000
core   0: 0x80006eba (0x00008b35) c.andi  a4, 13
core   0: 3 0x80006eba (0x8b35) x14 0x0000000c
core   0: 0x80006ebc (0x00008d59) c.or    a0, a4
core   0: 3 0x80006ebc (0x8d59) x10 0x0000000c
core   0: 0x80006ebe (0x410205b3) sub     a1, tp, a6
core   0: 3 0x80006ebe (0x410205b3) x11 0xffffffff
core   0: 0x80006ec2 (0x00004445) c.li    s0, 17
core   0: 3 0x80006ec2 (0x4445) x8  0x00000011
core   0: 0x80006ec4 (0x00eb6463) bltu    s6, a4, pc + 8
core   0: 3 0x80006ec4 (0x00eb6463)
core   0: 0x80006ecc (0x000011fd) c.addi  gp, -1
core   0: 3 0x80006ecc (0x11fd) x3  0xffffffff
core   0: 0x80006ece (0x038b9ab3) mulh    s5, s7, s8
core   0: 3 0x80006ece (0x038b9ab3) x21 0x00000000
core   0: 0x80006ed2 (0x49aca193) slti    gp, s9, 1178
core   0: 3 0x80006ed2 (0x49aca193) x3  0x00000001
core   0: 0x80006ed6 (0x00006095) c.lui   ra, 0x5
core   0: 3 0x80006ed6 (0x6095) x1  0x00005000
core   0: 0x80006ed8 (0x41aed813) srai    a6, t4, 26
core   0: 3 0x80006ed8 (0x41aed813) x16 0x00000000
core   0: 0x80006edc (0x01ae4533) xor     a0, t3, s10
core   0: 3 0x80006edc (0x01ae4533) x10 0xffffbfff
core   0: 0x80006ee0 (0x1efec9b7) lui     s3, 0x1efec
core   0: 3 0x80006ee0 (0x1efec9b7) x19 0x1efec000
core   0: 0x80006ee4 (0x02d334b3) mulhu   s1, t1, a3
core   0: 3 0x80006ee4 (0x02d334b3) x9  0x00000000
core   0: 0x80006ee8 (0x025766b3) rem     a3, a4, t0
core   0: 3 0x80006ee8 (0x025766b3) x13 0x0000000c
core   0: 0x80006eec (0x0000717d) c.addi16sp sp, -16
core   0: 3 0x80006eec (0x717d) x2  0xfffffff0
core   0: 0x80006eee (0x01f15c13) srli    s8, sp, 31
core   0: 3 0x80006eee (0x01f15c13) x24 0x00000001
core   0: 0x80006ef2 (0x6429b213) sltiu   tp, s3, 1602
core   0: 3 0x80006ef2 (0x6429b213) x4  0x00000000
core   0: 0x80006ef6 (0x0000717d) c.addi16sp sp, -16
core   0: 3 0x80006ef6 (0x717d) x2  0xffffffe0
core   0: 0x80006ef8 (0x037d2833) mulhsu  a6, s10, s7
core   0: 3 0x80006ef8 (0x037d2833) x16 0x00000000
core   0: 0x80006efc (0x0000e309) c.bnez  a4, pc + 2
core   0: 3 0x80006efc (0xe309)
core   0: 0x80006efe (0x00d90c63) beq     s2, a3, pc + 24
core   0: 3 0x80006efe (0x00d90c63)
core   0: 0x80006f02 (0x00008f99) c.sub   a5, a4
core   0: 3 0x80006f02 (0x8f99) x15 0xfffffff4
core   0: 0x80006f04 (0x000084fd) c.srai  s1, 31
core   0: 3 0x80006f04 (0x84fd) x9  0x00000000
core   0: 0x80006f06 (0x00008cf5) c.and   s1, a3
core   0: 3 0x80006f06 (0x8cf5) x9  0x00000000
core   0: 0x80006f08 (0x00000001) c.nop
core   0: 3 0x80006f08 (0x0001)
core   0: 0x80006f0a (0xcdeeb313) sltiu   t1, t4, -802
core   0: 3 0x80006f0a (0xcdeeb313) x6  0x00000001
core   0: 0x80006f0e (0x01263bb3) sltu    s7, a2, s2
core   0: 3 0x80006f0e (0x01263bb3) x23 0x00000001
core   0: 0x80006f12 (0x028ca6b3) mulhsu  a3, s9, s0
core   0: 3 0x80006f12 (0x028ca6b3) x13 0x00000000
core   0: 0x80006f16 (0x00360e63) beq     a2, gp, pc + 28
core   0: 3 0x80006f16 (0x00360e63)
core   0: 0x80006f1a (0x406b0b33) sub     s6, s6, t1
core   0: 3 0x80006f1a (0x406b0b33) x22 0xffffffff
core   0: 0x80006f1e (0x01a44bb3) xor     s7, s0, s10
core   0: 3 0x80006f1e (0x01a44bb3) x23 0x00004011
core   0: 0x80006f22 (0x00d68db3) add     s11, a3, a3
core   0: 3 0x80006f22 (0x00d68db3) x27 0x00000000
core   0: 0x80006f26 (0x01eff363) bgeu    t6, t5, pc + 6
core   0: 3 0x80006f26 (0x01eff363)
core   0: 0x80006f2c (0x00000f84) c.addi4spn s1, sp, 976
core   0: 3 0x80006f2c (0x0f84) x9  0x000003b0
core   0: 0x80006f2e (0xf7566f93) ori     t6, a2, -139
core   0: 3 0x80006f2e (0xf7566f93) x31 0xffffff75
core   0: 0x80006f32 (0x00055bb3) srl     s7, a0, zero
core   0: 3 0x80006f32 (0x00055bb3) x23 0xffffbfff
core   0: 0x80006f36 (0xf9d102b7) lui     t0, 0xf9d10
core   0: 3 0x80006f36 (0xf9d102b7) x5  0xf9d10000
core   0: 0x80006f3a (0x00001914) c.addi4spn a3, sp, 176
core   0: 3 0x80006f3a (0x1914) x13 0x00000090
core   0: 0x80006f3c (0xec7eba93) sltiu   s5, t4, -313
core   0: 3 0x80006f3c (0xec7eba93) x21 0x00000001
core   0: 0x80006f40 (0x00005ffd) c.li    t6, -1
core   0: 3 0x80006f40 (0x5ffd) x31 0xffffffff
core   0: 0x80006f42 (0x418c52b3) sra     t0, s8, s8
core   0: 3 0x80006f42 (0x418c52b3) x5  0x00000000
core   0: 0x80006f46 (0x31484093) xori    ra, a6, 788
core   0: 3 0x80006f46 (0x31484093) x1  0x00000314
core   0: 0x80006f4a (0x03bab2b3) mulhu   t0, s5, s11
core   0: 3 0x80006f4a (0x03bab2b3) x5  0x00000000
core   0: 0x80006f4e (0x00008b45) c.andi  a4, 17
core   0: 3 0x80006f4e (0x8b45) x14 0x00000000
core   0: 0x80006f50 (0x003d58b3) srl     a7, s10, gp
core   0: 3 0x80006f50 (0x003d58b3) x17 0x00002000
core   0: 0x80006f54 (0x0000cf09) c.beqz  a4, pc + 26
core   0: 3 0x80006f54 (0xcf09)
core   0: 0x80006f6e (0x00001184) c.addi4spn s1, sp, 224
core   0: 3 0x80006f6e (0x1184) x9  0x000000c0
core   0: 0x80006f70 (0x00004b9d) c.li    s7, 7
core   0: 3 0x80006f70 (0x4b9d) x23 0x00000007
core   0: 0x80006f72 (0x03ee8733) mul     a4, t4, t5
core   0: 3 0x80006f72 (0x03ee8733) x14 0x00000000
core   0: 0x80006f76 (0x00570fb3) add     t6, a4, t0
core   0: 3 0x80006f76 (0x00570fb3) x31 0x00000000
core   0: 0x80006f7a (0x037f4163) blt     t5, s7, pc + 34
core   0: 3 0x80006f7a (0x037f4163)
core   0: 0x80006f9c (0x00008cd5) c.or    s1, a3
core   0: 3 0x80006f9c (0x8cd5) x9  0x000000d0
core   0: 0x80006f9e (0x5717fc93) andi    s9, a5, 1393
core   0: 3 0x80006f9e (0x5717fc93) x25 0x00000570
core   0: 0x80006fa2 (0x00b1af33) slt     t5, gp, a1
core   0: 3 0x80006fa2 (0x00b1af33) x30 0x00000000
core   0: 0x80006fa6 (0x00009bfd) c.andi  a5, -1
core   0: 3 0x80006fa6 (0x9bfd) x15 0xfffffff4
core   0: 0x80006fa8 (0x0234f0b3) remu    ra, s1, gp
core   0: 3 0x80006fa8 (0x0234f0b3) x1  0x00000000
core   0: 0x80006fac (0x00000001) c.nop
core   0: 3 0x80006fac (0x0001)
core   0: 0x80006fae (0x000096fe) c.add   a3, t6
core   0: 3 0x80006fae (0x96fe) x13 0x00000090
core   0: 0x80006fb0 (0x89d87b93) andi    s7, a6, -1891
core   0: 3 0x80006fb0 (0x89d87b93) x23 0x00000000
core   0: 0x80006fb4 (0x03c8b1b3) mulhu   gp, a7, t3
core   0: 3 0x80006fb4 (0x03c8b1b3) x3  0x00001fff
core   0: 0x80006fb8 (0x00000001) c.nop
core   0: 3 0x80006fb8 (0x0001)
core   0: 0x80006fba (0x01a1aab3) slt     s5, gp, s10
core   0: 3 0x80006fba (0x01a1aab3) x21 0x00000001
core   0: 0x80006fbe (0x0000717d) c.addi16sp sp, -16
core   0: 3 0x80006fbe (0x717d) x2  0xffffffd0
core   0: 0x80006fc0 (0x036e65b3) rem     a1, t3, s6
core   0: 3 0x80006fc0 (0x036e65b3) x11 0x00000000
core   0: 0x80006fc4 (0x00004e19) c.li    t3, 6
core   0: 3 0x80006fc4 (0x4e19) x28 0x00000006
core   0: 0x80006fc6 (0x028bb133) mulhu   sp, s7, s0
core   0: 3 0x80006fc6 (0x028bb133) x2  0x00000000
core   0: 0x80006fca (0x00000001) c.nop
core   0: 3 0x80006fca (0x0001)
core   0: 0x80006fcc (0x00000001) c.nop
core   0: 3 0x80006fcc (0x0001)
core   0: 0x80006fce (0x3dec0513) addi    a0, s8, 990
core   0: 3 0x80006fce (0x3dec0513) x10 0x000003df
core   0: 0x80006fd2 (0x0000547d) c.li    s0, -1
core   0: 3 0x80006fd2 (0x547d) x8  0xffffffff
core   0: 0x80006fd4 (0x020691b3) mulh    gp, a3, zero
core   0: 3 0x80006fd4 (0x020691b3) x3  0x00000000
core   0: 0x80006fd8 (0x008d6133) or      sp, s10, s0
core   0: 3 0x80006fd8 (0x008d6133) x2  0xffffffff
core   0: 0x80006fdc (0x01d1b433) sltu    s0, gp, t4
core   0: 3 0x80006fdc (0x01d1b433) x8  0x00000001
core   0: 0x80006fe0 (0x03bad7b3) divu    a5, s5, s11
core   0: 3 0x80006fe0 (0x03bad7b3) x15 0xffffffff
core   0: 0x80006fe4 (0x01c53533) sltu    a0, a0, t3
core   0: 3 0x80006fe4 (0x01c53533) x10 0x00000000
core   0: 0x80006fe8 (0x010de133) or      sp, s11, a6
core   0: 3 0x80006fe8 (0x010de133) x2  0x00000000
core   0: 0x80006fec (0x00cf9263) bne     t6, a2, pc + 4
core   0: 3 0x80006fec (0x00cf9263)
core   0: 0x80006ff0 (0x01e94e63) blt     s2, t5, pc + 28
core   0: 3 0x80006ff0 (0x01e94e63)
core   0: 0x8000700c (0x8409c213) xori    tp, s3, -1984
core   0: 3 0x8000700c (0x8409c213) x4  0xe1013840
core   0: 0x80007010 (0x014b7133) and     sp, s6, s4
core   0: 3 0x80007010 (0x014b7133) x2  0x80029ce4
core   0: 0x80007014 (0x00ff1213) slli    tp, t5, 15
core   0: 3 0x80007014 (0x00ff1213) x4  0x00000000
core   0: 0x80007018 (0x01365463) bge     a2, s3, pc + 8
core   0: 3 0x80007018 (0x01365463)
core   0: 0x8000701c (0x017671b3) and     gp, a2, s7
core   0: 3 0x8000701c (0x017671b3) x3  0x00000000
core   0: 0x80007020 (0x019ecd33) xor     s10, t4, s9
core   0: 3 0x80007020 (0x019ecd33) x26 0x00000571
core   0: 0x80007024 (0x19ee8513) addi    a0, t4, 414
core   0: 3 0x80007024 (0x19ee8513) x10 0x0000019f
core   0: 0x80007028 (0x75f783b7) lui     t2, 0x75f78
core   0: 3 0x80007028 (0x75f783b7) x7  0x75f78000
core   0: 0x8000702c (0x029e6563) bltu    t3, s1, pc + 42
core   0: 3 0x8000702c (0x029e6563)
core   0: 0x80007056 (0x0000148c) c.addi4spn a1, sp, 608
core   0: 3 0x80007056 (0x148c) x11 0x80029f44
core   0: 0x80007058 (0x00d1c533) xor     a0, gp, a3
core   0: 3 0x80007058 (0x00d1c533) x10 0x00000090
core   0: 0x8000705c (0x00e49263) bne     s1, a4, pc + 4
core   0: 3 0x8000705c (0x00e49263)
core   0: 0x80007060 (0x02768d33) mul     s10, a3, t2
core   0: 3 0x80007060 (0x02768d33) x26 0x5b380000
core   0: 0x80007064 (0x03ca8763) beq     s5, t3, pc + 46
core   0: 3 0x80007064 (0x03ca8763)
core   0: 0x80007068 (0x0353e463) bltu    t2, s5, pc + 40
core   0: 3 0x80007068 (0x0353e463)
core   0: 0x8000706c (0x01171033) sll     zero, a4, a7
core   0: 3 0x8000706c (0x01171033)
core   0: 0x80007070 (0x032b1ab3) mulh    s5, s6, s2
core   0: 3 0x80007070 (0x032b1ab3) x21 0x00000000
core   0: 0x80007074 (0x00644533) xor     a0, s0, t1
core   0: 3 0x80007074 (0x00644533) x10 0x00000000
core   0: 0x80007078 (0x00000f06) c.slli  t5, 1
core   0: 3 0x80007078 (0x0f06) x30 0x00000000
core   0: 0x8000707a (0x03a6ecb3) rem     s9, a3, s10
core   0: 3 0x8000707a (0x03a6ecb3) x25 0x00000090
core   0: 0x8000707e (0x0059d663) bge     s3, t0, pc + 12
core   0: 3 0x8000707e (0x0059d663)
core   0: 0x8000708a (0x0000e999) c.bnez  a1, pc + 22
core   0: 3 0x8000708a (0xe999)
core   0: 0x800070a0 (0x6c10af13) slti    t5, ra, 1729
core   0: 3 0x800070a0 (0x6c10af13) x30 0x00000001
core   0: 0x800070a4 (0x03e222b3) mulhsu  t0, tp, t5
core   0: 3 0x800070a4 (0x03e222b3) x5  0x00000000
core   0: 0x800070a8 (0x02110033) mul     zero, sp, ra
core   0: 3 0x800070a8 (0x02110033)
core   0: 0x800070ac (0x00006f29) c.lui   t5, 0xa
core   0: 3 0x800070ac (0x6f29) x30 0x0000a000
core   0: 0x800070ae (0x0357bf33) mulhu   t5, a5, s5
core   0: 3 0x800070ae (0x0357bf33) x30 0x00000000
core   0: 0x800070b2 (0x4a29c493) xori    s1, s3, 1186
core   0: 3 0x800070b2 (0x4a29c493) x9  0x1efec4a2
core   0: 0x800070b6 (0xe5270493) addi    s1, a4, -430
core   0: 3 0x800070b6 (0xe5270493) x9  0xfffffe52
core   0: 0x800070ba (0xcd3d0993) addi    s3, s10, -813
core   0: 3 0x800070ba (0xcd3d0993) x19 0x5b37fcd3
core   0: 0x800070be (0x00000df9) c.addi  s11, 30
core   0: 3 0x800070be (0x0df9) x27 0x0000001e
core   0: 0x800070c0 (0x0cf74d13) xori    s10, a4, 207
core   0: 3 0x800070c0 (0x0cf74d13) x26 0x000000cf
core   0: 0x800070c4 (0x00008d91) c.sub   a1, a2
core   0: 3 0x800070c4 (0x8d91) x11 0x80029f44
core   0: 0x800070c6 (0xea3c3837) lui     a6, 0xea3c3
core   0: 3 0x800070c6 (0xea3c3837) x16 0xea3c3000
core   0: 0x800070ca (0x0000e81d) c.bnez  s0, pc + 54
core   0: 3 0x800070ca (0xe81d)
core   0: 0x80007100 (0x00009386) c.add   t2, ra
core   0: 3 0x80007100 (0x9386) x7  0x75f78000
core   0: 0x80007102 (0x40a855b3) sra     a1, a6, a0
core   0: 3 0x80007102 (0x40a855b3) x11 0xea3c3000
core   0: 0x80007106 (0x0000147d) c.addi  s0, -1
core   0: 3 0x80007106 (0x147d) x8  0x00000000
core   0: 0x80007108 (0x00004d91) c.li    s11, 4
core   0: 3 0x80007108 (0x4d91) x27 0x00000004
core   0: 0x8000710a (0x41d50133) sub     sp, a0, t4
core   0: 3 0x8000710a (0x41d50133) x2  0xffffffff
core   0: 0x8000710e (0x000eb133) sltu    sp, t4, zero
core   0: 3 0x8000710e (0x000eb133) x2  0x00000000
core   0: 0x80007112 (0x02462fb3) mulhsu  t6, a2, tp
core   0: 3 0x80007112 (0x02462fb3) x31 0x00000000
core   0: 0x80007116 (0x033708b3) mul     a7, a4, s3
core   0: 3 0x80007116 (0x033708b3) x17 0x00000000
core   0: 0x8000711a (0x00008ccd) c.or    s1, a1
core   0: 3 0x8000711a (0x8ccd) x9  0xfffffe52
core   0: 0x8000711c (0x023b5233) divu    tp, s6, gp
core   0: 3 0x8000711c (0x023b5233) x4  0xffffffff
core   0: 0x80007120 (0x00000545) c.addi  a0, 17
core   0: 3 0x80007120 (0x0545) x10 0x00000011
core   0: 0x80007122 (0x00000001) c.nop
core   0: 3 0x80007122 (0x0001)
core   0: 0x80007124 (0x35848313) addi    t1, s1, 856
core   0: 3 0x80007124 (0x35848313) x6  0x000001aa
core   0: 0x80007128 (0x027a4d63) blt     s4, t2, pc + 58
core   0: 3 0x80007128 (0x027a4d63)
core   0: 0x80007162 (0xe194b193) sltiu   gp, s1, -487
core   0: 3 0x80007162 (0xe194b193) x3  0x00000000
core   0: 0x80007166 (0x000066fd) c.lui   a3, 0x1f
core   0: 3 0x80007166 (0x66fd) x13 0x0001f000
core   0: 0x80007168 (0x01e4f0b3) and     ra, s1, t5
core   0: 3 0x80007168 (0x01e4f0b3) x1  0x00000000
core   0: 0x8000716c (0x023bd433) divu    s0, s7, gp
core   0: 3 0x8000716c (0x023bd433) x8  0xffffffff
core   0: 0x80007170 (0x14ab3d13) sltiu   s10, s6, 330
core   0: 3 0x80007170 (0x14ab3d13) x26 0x00000000
core   0: 0x80007174 (0x034004b3) mul     s1, zero, s4
core   0: 3 0x80007174 (0x034004b3) x9  0x00000000
core   0: 0x80007178 (0x00008345) c.srli  a4, 17
core   0: 3 0x80007178 (0x8345) x14 0x00000000
core   0: 0x8000717a (0x02f385b3) mul     a1, t2, a5
core   0: 3 0x8000717a (0x02f385b3) x11 0x8a088000
core   0: 0x8000717e (0x000083c9) c.srli  a5, 18
core   0: 3 0x8000717e (0x83c9) x15 0x00003fff
core   0: 0x80007180 (0x02d327b3) mulhsu  a5, t1, a3
core   0: 3 0x80007180 (0x02d327b3) x15 0x00000000
core   0: 0x80007184 (0x000046d9) c.li    a3, 22
core   0: 3 0x80007184 (0x46d9) x13 0x00000016
core   0: 0x80007186 (0x413a5b13) srai    s6, s4, 19
core   0: 3 0x80007186 (0x413a5b13) x22 0xfffff000
core   0: 0x8000718a (0x00000001) c.nop
core   0: 3 0x8000718a (0x0001)
core   0: 0x8000718c (0x00008c65) c.and   s0, s1
core   0: 3 0x8000718c (0x8c65) x8  0x00000000
core   0: 0x8000718e (0x415a0c33) sub     s8, s4, s5
core   0: 3 0x8000718e (0x415a0c33) x24 0x80029ce4
core   0: 0x80007192 (0x76efe113) ori     sp, t6, 1902
core   0: 3 0x80007192 (0x76efe113) x2  0x0000076e
core   0: 0x80007196 (0x0000986a) c.add   a6, s10
core   0: 3 0x80007196 (0x986a) x16 0xea3c3000
core   0: 0x80007198 (0x00001b7d) c.addi  s6, -1
core   0: 3 0x80007198 (0x1b7d) x22 0xffffefff
core   0: 0x8000719a (0x41bf5813) srai    a6, t5, 27
core   0: 3 0x8000719a (0x41bf5813) x16 0x00000000
core   0: 0x8000719e (0x02fbacb3) mulhsu  s9, s7, a5
core   0: 3 0x8000719e (0x02fbacb3) x25 0x00000000
core   0: 0x800071a2 (0x016d63b3) or      t2, s10, s6
core   0: 3 0x800071a2 (0x016d63b3) x7  0xffffefff
core   0: 0x800071a6 (0x0271e133) rem     sp, gp, t2
core   0: 3 0x800071a6 (0x0271e133) x2  0x00000000
core   0: 0x800071aa (0x49e4a113) slti    sp, s1, 1182
core   0: 3 0x800071aa (0x49e4a113) x2  0x00000001
core   0: 0x800071ae (0x5dd07113) andi    sp, zero, 1501
core   0: 3 0x800071ae (0x5dd07113) x2  0x00000000
core   0: 0x800071b2 (0x00008e8d) c.sub   a3, a1
core   0: 3 0x800071b2 (0x8e8d) x13 0x75f78016
core   0: 0x800071b4 (0x00008edd) c.or    a3, a5
core   0: 3 0x800071b4 (0x8edd) x13 0x75f78016
core   0: 0x800071b6 (0x022ceeb3) rem     t4, s9, sp
core   0: 3 0x800071b6 (0x022ceeb3) x29 0x00000000
core   0: 0x800071ba (0x01b0c8b3) xor     a7, ra, s11
core   0: 3 0x800071ba (0x01b0c8b3) x17 0x00000004
core   0: 0x800071be (0x2c2c1b37) lui     s6, 0x2c2c1
core   0: 3 0x800071be (0x2c2c1b37) x22 0x2c2c1000
core   0: 0x800071c2 (0x03526863) bltu    tp, s5, pc + 48
core   0: 3 0x800071c2 (0x03526863)
core   0: 0x800071c6 (0x0138cc63) blt     a7, s3, pc + 24
core   0: 3 0x800071c6 (0x0138cc63)
core   0: 0x800071de (0x0362ceb3) div     t4, t0, s6
core   0: 3 0x800071de (0x0362ceb3) x29 0x00000000
core   0: 0x800071e2 (0x0318cd63) blt     a7, a7, pc + 58
core   0: 3 0x800071e2 (0x0318cd63)
core   0: 0x800071e6 (0x00008ff1) c.and   a5, a2
core   0: 3 0x800071e6 (0x8ff1) x15 0x00000000
core   0: 0x800071e8 (0x01fbf233) and     tp, s7, t6
core   0: 3 0x800071e8 (0x01fbf233) x4  0x00000000
core   0: 0x800071ec (0x01397b63) bgeu    s2, s3, pc + 22
core   0: 3 0x800071ec (0x01397b63)
core   0: 0x80007202 (0x00008c09) c.sub   s0, a0
core   0: 3 0x80007202 (0x8c09) x8  0xffffffef
core   0: 0x80007204 (0x00fabd33) sltu    s10, s5, a5
core   0: 3 0x80007204 (0x00fabd33) x26 0x00000000
core   0: 0x80007208 (0x00ad5d13) srli    s10, s10, 10
core   0: 3 0x80007208 (0x00ad5d13) x26 0x00000000
core   0: 0x8000720c (0x41fa8133) sub     sp, s5, t6
core   0: 3 0x8000720c (0x41fa8133) x2  0x00000000
core   0: 0x80007210 (0x037c6663) bltu    s8, s7, pc + 44
core   0: 3 0x80007210 (0x037c6663)
core   0: 0x80007214 (0x0000881e) c.mv    a6, t2
core   0: 3 0x80007214 (0x881e) x16 0xffffefff
core   0: 0x80007216 (0x0000527d) c.li    tp, -1
core   0: 3 0x80007216 (0x527d) x4  0xffffffff
core   0: 0x80007218 (0x03678d63) beq     a5, s6, pc + 58
core   0: 3 0x80007218 (0x03678d63)
core   0: 0x8000721c (0x028e1e33) mulh    t3, t3, s0
core   0: 3 0x8000721c (0x028e1e33) x28 0xffffffff
core   0: 0x80007220 (0x01af2433) slt     s0, t5, s10
core   0: 3 0x80007220 (0x01af2433) x8  0x00000000
core   0: 0x80007224 (0x00000001) c.nop
core   0: 3 0x80007224 (0x0001)
core   0: 0x80007226 (0x02f26e33) rem     t3, tp, a5
core   0: 3 0x80007226 (0x02f26e33) x28 0xffffffff
core   0: 0x8000722a (0x01f0d213) srli    tp, ra, 31
core   0: 3 0x8000722a (0x01f0d213) x4  0x00000000
core   0: 0x8000722e (0x000099fd) c.andi  a1, -1
core   0: 3 0x8000722e (0x99fd) x11 0x8a088000
core   0: 0x80007230 (0x0f1af297) auipc   t0, 0xf1af
core   0: 3 0x80007230 (0x0f1af297) x5  0x8f1b6230
core   0: 0x80007234 (0x00ef6b63) bltu    t5, a4, pc + 22
core   0: 3 0x80007234 (0x00ef6b63)
core   0: 0x80007238 (0x0388a9b3) mulhsu  s3, a7, s8
core   0: 3 0x80007238 (0x0388a9b3) x19 0x00000002
core   0: 0x8000723c (0x00000695) c.addi  a3, 5
core   0: 3 0x8000723c (0x0695) x13 0x75f7801b
core   0: 0x8000723e (0x00000908) c.addi4spn a0, sp, 144
core   0: 3 0x8000723e (0x0908) x10 0x00000090
core   0: 0x80007240 (0x0000188c) c.addi4spn a1, sp, 112
core   0: 3 0x80007240 (0x188c) x11 0x00000070
core   0: 0x80007242 (0x00008cb9) c.xor   s1, a4
core   0: 3 0x80007242 (0x8cb9) x9  0x00000000
core   0: 0x80007244 (0x00000001) c.nop
core   0: 3 0x80007244 (0x0001)
core   0: 0x80007246 (0x3bf61f17) auipc   t5, 0x3bf61
core   0: 3 0x80007246 (0x3bf61f17) x30 0xbbf68246
core   0: 0x8000724a (0x00aa8b33) add     s6, s5, a0
core   0: 3 0x8000724a (0x00aa8b33) x22 0x00000090
core   0: 0x8000724e (0x01bee133) or      sp, t4, s11
core   0: 3 0x8000724e (0x01bee133) x2  0x00000004
core   0: 0x80007252 (0x00736533) or      a0, t1, t2
core   0: 3 0x80007252 (0x00736533) x10 0xffffefff
core   0: 0x80007256 (0x034fe533) rem     a0, t6, s4
core   0: 3 0x80007256 (0x034fe533) x10 0x00000000
core   0: 0x8000725a (0x0136d263) bge     a3, s3, pc + 4
core   0: 3 0x8000725a (0x0136d263)
core   0: 0x8000725e (0x01d0e533) or      a0, ra, t4
core   0: 3 0x8000725e (0x01d0e533) x10 0x00000000
core   0: 0x80007262 (0x000cd9b3) srl     s3, s9, zero
core   0: 3 0x80007262 (0x000cd9b3) x19 0x00000000
core   0: 0x80007266 (0x0263acb3) mulhsu  s9, t2, t1
core   0: 3 0x80007266 (0x0263acb3) x25 0xffffffff
core   0: 0x8000726a (0x003f6cb3) or      s9, t5, gp
core   0: 3 0x8000726a (0x003f6cb3) x25 0xbbf68246
core   0: 0x8000726e (0x02154533) div     a0, a0, ra
core   0: 3 0x8000726e (0x02154533) x10 0xffffffff
core   0: 0x80007272 (0xfe41c493) xori    s1, gp, -28
core   0: 3 0x80007272 (0xfe41c493) x9  0xffffffe4
core   0: 0x80007276 (0x03ed9733) mulh    a4, s11, t5
core   0: 3 0x80007276 (0x03ed9733) x14 0xfffffffe
core   0: 0x8000727a (0x0000839d) c.srli  a5, 7
core   0: 3 0x8000727a (0x839d) x15 0x00000000
core   0: 0x8000727c (0x00001b7d) c.addi  s6, -1
core   0: 3 0x8000727c (0x1b7d) x22 0x0000008f
core   0: 0x8000727e (0x0026f463) bgeu    a3, sp, pc + 8
core   0: 3 0x8000727e (0x0026f463)
core   0: 0x80007286 (0xd4b82817) auipc   a6, 0xd4b82
core   0: 3 0x80007286 (0xd4b82817) x16 0x54b89286
core   0: 0x8000728a (0x03cddf33) divu    t5, s11, t3
core   0: 3 0x8000728a (0x03cddf33) x30 0x00000000
core   0: 0x8000728e (0x52333c93) sltiu   s9, t1, 1315
core   0: 3 0x8000728e (0x52333c93) x25 0x00000001
core   0: 0x80007292 (0xaaa41c37) lui     s8, 0xaaa41
core   0: 3 0x80007292 (0xaaa41c37) x24 0xaaa41000
core   0: 0x80007296 (0x009f7833) and     a6, t5, s1
core   0: 3 0x80007296 (0x009f7833) x16 0x00000000
core   0: 0x8000729a (0x01fb9c93) slli    s9, s7, 31
core   0: 3 0x8000729a (0x01fb9c93) x25 0x00000000
core   0: 0x8000729e (0x418d84b3) sub     s1, s11, s8
core   0: 3 0x8000729e (0x418d84b3) x9  0x555bf004
core   0: 0x800072a2 (0x40088233) sub     tp, a7, zero
core   0: 3 0x800072a2 (0x40088233) x4  0x00000004
core   0: 0x800072a6 (0x019f44b3) xor     s1, t5, s9
core   0: 3 0x800072a6 (0x019f44b3) x9  0x00000000
core   0: 0x800072aa (0x0000cc11) c.beqz  s0, pc + 28
core   0: 3 0x800072aa (0xcc11)
core   0: 0x800072c6 (0x9593c293) xori    t0, t2, -1703
core   0: 3 0x800072c6 (0x9593c293) x5  0x000016a6
core   0: 0x800072ca (0x92c4d7b7) lui     a5, 0x92c4d
core   0: 3 0x800072ca (0x92c4d7b7) x15 0x92c4d000
core   0: 0x800072ce (0x00501b93) slli    s7, zero, 5
core   0: 3 0x800072ce (0x00501b93) x23 0x00000000
core   0: 0x800072d2 (0x00e7ec33) or      s8, a5, a4
core   0: 3 0x800072d2 (0x00e7ec33) x24 0xfffffffe
core   0: 0x800072d6 (0x018910b3) sll     ra, s2, s8
core   0: 3 0x800072d6 (0x018910b3) x1  0x00000000
core   0: 0x800072da (0x00c83033) sltu    zero, a6, a2
core   0: 3 0x800072da (0x00c83033)
core   0: 0x800072de (0x0302d363) bge     t0, a6, pc + 38
core   0: 3 0x800072de (0x0302d363)
core   0: 0x80007304 (0x0000c685) c.beqz  a3, pc + 40
core   0: 3 0x80007304 (0xc685)
core   0: 0x80007306 (0xdcc38513) addi    a0, t2, -564
core   0: 3 0x80007306 (0xdcc38513) x10 0xffffedcb
core   0: 0x8000730a (0x00000001) c.nop
core   0: 3 0x8000730a (0x0001)
core   0: 0x8000730c (0x03cb1763) bne     s6, t3, pc + 46
core   0: 3 0x8000730c (0x03cb1763)
core   0: 0x8000733a (0x019b19b3) sll     s3, s6, s9
core   0: 3 0x8000733a (0x019b19b3) x19 0x0000008f
core   0: 0x8000733e (0xc9704d93) xori    s11, zero, -873
core   0: 3 0x8000733e (0xc9704d93) x27 0xfffffc97
core   0: 0x80007342 (0x00001c7d) c.addi  s8, -1
core   0: 3 0x80007342 (0x1c7d) x24 0xfffffffd
core   0: 0x80007344 (0x04ab1063) bne     s6, a0, pc + 64
core   0: 3 0x80007344 (0x04ab1063)
core   0: 0x80007384 (0x00006159) c.addi16sp sp, 400
core   0: 3 0x80007384 (0x6159) x2  0x00000194
core   0: 0x80007386 (0x00000001) c.nop
core   0: 3 0x80007386 (0x0001)
core   0: 0x80007388 (0x00b51113) slli    sp, a0, 11
core   0: 3 0x80007388 (0x00b51113) x2  0xff6e5800
core   0: 0x8000738c (0x39094813) xori    a6, s2, 912
core   0: 3 0x8000738c (0x39094813) x16 0x80025dbc
core   0: 0x80007390 (0x00160e33) add     t3, a2, ra
core   0: 3 0x80007390 (0x00160e33) x28 0x00000000
core   0: 0x80007394 (0x000065d9) c.lui   a1, 0x16
core   0: 3 0x80007394 (0x65d9) x11 0x00016000
core   0: 0x80007396 (0x41965113) srai    sp, a2, 25
core   0: 3 0x80007396 (0x41965113) x2  0x00000000
core   0: 0x8000739a (0x00005f7d) c.li    t5, -1
core   0: 3 0x8000739a (0x5f7d) x30 0xffffffff
core   0: 0x8000739c (0x00000001) c.nop
core   0: 3 0x8000739c (0x0001)
core   0: 0x8000739e (0x00c37fb3) and     t6, t1, a2
core   0: 3 0x8000739e (0x00c37fb3) x31 0x00000000
core   0: 0x800073a2 (0x01407663) bgeu    zero, s4, pc + 12
core   0: 3 0x800073a2 (0x01407663)
core   0: 0x800073a6 (0x026db233) mulhu   tp, s11, t1
core   0: 3 0x800073a6 (0x026db233) x4  0x000001a9
core   0: 0x800073aa (0x40b4d133) sra     sp, s1, a1
core   0: 3 0x800073aa (0x40b4d133) x2  0x00000000
core   0: 0x800073ae (0x00000500) c.addi4spn s0, sp, 640
core   0: 3 0x800073ae (0x0500) x8  0x00000280
core   0: 0x800073b0 (0x00008031) c.srli  s0, 12
core   0: 3 0x800073b0 (0x8031) x8  0x00000000
core   0: 0x800073b2 (0x1f5dcf13) xori    t5, s11, 501
core   0: 3 0x800073b2 (0x1f5dcf13) x30 0xfffffd62
core   0: 0x800073b6 (0x03a4bd33) mulhu   s10, s1, s10
core   0: 3 0x800073b6 (0x03a4bd33) x26 0x00000000
core   0: 0x800073ba (0x980d7b93) andi    s7, s10, -1664
core   0: 3 0x800073ba (0x980d7b93) x23 0x00000000
core   0: 0x800073be (0x034f4463) blt     t5, s4, pc + 40
core   0: 3 0x800073be (0x034f4463)
core   0: 0x800073c2 (0x01819b93) slli    s7, gp, 24
core   0: 3 0x800073c2 (0x01819b93) x23 0x00000000
core   0: 0x800073c6 (0x02c7fe63) bgeu    a5, a2, pc + 60
core   0: 3 0x800073c6 (0x02c7fe63)
core   0: 0x80007402 (0x0097f833) and     a6, a5, s1
core   0: 3 0x80007402 (0x0097f833) x16 0x00000000
core   0: 0x80007406 (0x00006175) c.addi16sp sp, 368
core   0: 3 0x80007406 (0x6175) x2  0x00000170
core   0: 0x80007408 (0x41dddc93) srai    s9, s11, 29
core   0: 3 0x80007408 (0x41dddc93) x25 0xffffffff
core   0: 0x8000740c (0x00004b79) c.li    s6, 30
core   0: 3 0x8000740c (0x4b79) x22 0x0000001e
core   0: 0x8000740e (0x027ec063) blt     t4, t2, pc + 32
core   0: 3 0x8000740e (0x027ec063)
core   0: 0x80007412 (0x6b5d6b13) ori     s6, s10, 1717
core   0: 3 0x80007412 (0x6b5d6b13) x22 0x000006b5
core   0: 0x80007416 (0x03b69fb3) mulh    t6, a3, s11
core   0: 3 0x80007416 (0x03b69fb3) x31 0xfffffe6d
core   0: 0x8000741a (0x03784533) div     a0, a6, s7
core   0: 3 0x8000741a (0x03784533) x10 0xffffffff
core   0: 0x8000741e (0x0000c881) c.beqz  s1, pc + 16
core   0: 3 0x8000741e (0xc881)
core   0: 0x8000742e (0x00008ee5) c.and   a3, s1
core   0: 3 0x8000742e (0x8ee5) x13 0x00000000
core   0: 0x80007430 (0x00008f15) c.sub   a4, a3
core   0: 3 0x80007430 (0x8f15) x14 0xfffffffe
core   0: 0x80007432 (0x44c47cb7) lui     s9, 0x44c47
core   0: 3 0x80007432 (0x44c47cb7) x25 0x44c47000
core   0: 0x80007436 (0x1b648293) addi    t0, s1, 438
core   0: 3 0x80007436 (0x1b648293) x5  0x000001b6
core   0: 0x8000743a (0x01156f33) or      t5, a0, a7
core   0: 3 0x8000743a (0x01156f33) x30 0xffffffff
core   0: 0x8000743e (0x01a4cfb3) xor     t6, s1, s10
core   0: 3 0x8000743e (0x01a4cfb3) x31 0x00000000
core   0: 0x80007442 (0x03813233) mulhu   tp, sp, s8
core   0: 3 0x80007442 (0x03813233) x4  0x0000016f
core   0: 0x80007446 (0x415681b3) sub     gp, a3, s5
core   0: 3 0x80007446 (0x415681b3) x3  0x00000000
core   0: 0x8000744a (0x00000001) c.nop
core   0: 3 0x8000744a (0x0001)
core   0: 0x8000744c (0x034b9f33) mulh    t5, s7, s4
core   0: 3 0x8000744c (0x034b9f33) x30 0x00000000
core   0: 0x80007450 (0xb616e437) lui     s0, 0xb616e
core   0: 3 0x80007450 (0xb616e437) x8  0xb616e000
core   0: 0x80007454 (0x034d4233) div     tp, s10, s4
core   0: 3 0x80007454 (0x034d4233) x4  0x00000000
core   0: 0x80007458 (0x000081bd) c.srli  a1, 15
core   0: 3 0x80007458 (0x81bd) x11 0x00000002
core   0: 0x8000745a (0x55333413) sltiu   s0, t1, 1363
core   0: 3 0x8000745a (0x55333413) x8  0x00000001
core   0: 0x8000745e (0x00008015) c.srli  s0, 5
core   0: 3 0x8000745e (0x8015) x8  0x00000000
core   0: 0x80007460 (0x00112d13) slti    s10, sp, 1
core   0: 3 0x80007460 (0x00112d13) x26 0x00000000
core   0: 0x80007464 (0x00008cf9) c.and   s1, a4
core   0: 3 0x80007464 (0x8cf9) x9  0x00000000
core   0: 0x80007466 (0x00ed21b3) slt     gp, s10, a4
core   0: 3 0x80007466 (0x00ed21b3) x3  0x00000000
core   0: 0x8000746a (0x03c2b7b3) mulhu   a5, t0, t3
core   0: 3 0x8000746a (0x03c2b7b3) x15 0x00000000
core   0: 0x8000746e (0x408d81b3) sub     gp, s11, s0
core   0: 3 0x8000746e (0x408d81b3) x3  0xfffffc97
core   0: 0x80007472 (0xdb71c293) xori    t0, gp, -585
core   0: 3 0x80007472 (0xdb71c293) x5  0x00000120
core   0: 0x80007476 (0x01161233) sll     tp, a2, a7
core   0: 3 0x80007476 (0x01161233) x4  0x00000000
core   0: 0x8000747a (0x3f920f93) addi    t6, tp, 1017
core   0: 3 0x8000747a (0x3f920f93) x31 0x000003f9
core   0: 0x8000747e (0x00340133) add     sp, s0, gp
core   0: 3 0x8000747e (0x00340133) x2  0xfffffc97
core   0: 0x80007482 (0x010e5263) bge     t3, a6, pc + 4
core   0: 3 0x80007482 (0x010e5263)
core   0: 0x80007486 (0x4193d233) sra     tp, t2, s9
core   0: 3 0x80007486 (0x4193d233) x4  0xffffefff
core   0: 0x8000748a (0x022d80b3) mul     ra, s11, sp
core   0: 3 0x8000748a (0x022d80b3) x1  0x000ba111
core   0: 0x8000748e (0x0000717d) c.addi16sp sp, -16
core   0: 3 0x8000748e (0x717d) x2  0xfffffc87
core   0: 0x80007490 (0x000088bd) c.andi  s1, 15
core   0: 3 0x80007490 (0x88bd) x9  0x00000000
core   0: 0x80007492 (0x00000001) c.nop
core   0: 3 0x80007492 (0x0001)
core   0: 0x80007494 (0x015ba2b3) slt     t0, s7, s5
core   0: 3 0x80007494 (0x015ba2b3) x5  0x00000000
core   0: 0x80007498 (0x0000ef09) c.bnez  a4, pc + 26
core   0: 3 0x80007498 (0xef09)
core   0: 0x800074b2 (0x00551f33) sll     t5, a0, t0
core   0: 3 0x800074b2 (0x00551f33) x30 0xffffffff
core   0: 0x800074b6 (0x03e51e33) mulh    t3, a0, t5
core   0: 3 0x800074b6 (0x03e51e33) x28 0x00000000
core   0: 0x800074ba (0x41a25713) srai    a4, tp, 26
core   0: 3 0x800074ba (0x41a25713) x14 0xffffffff
core   0: 0x800074be (0x03bfa733) mulhsu  a4, t6, s11
core   0: 3 0x800074be (0x03bfa733) x14 0x000003f8
core   0: 0x800074c2 (0x40c8da93) srai    s5, a7, 12
core   0: 3 0x800074c2 (0x40c8da93) x21 0x00000000
core   0: 0x800074c6 (0x000016fd) c.addi  a3, -1
core   0: 3 0x800074c6 (0x16fd) x13 0xffffffff
core   0: 0x800074c8 (0x00c59c93) slli    s9, a1, 12
core   0: 3 0x800074c8 (0x00c59c93) x25 0x00002000
core   0: 0x800074cc (0x41b50c33) sub     s8, a0, s11
core   0: 3 0x800074cc (0x41b50c33) x24 0x00000368
core   0: 0x800074d0 (0x013df233) and     tp, s11, s3
core   0: 3 0x800074d0 (0x013df233) x4  0x00000087
core   0: 0x800074d4 (0x0000ef01) c.bnez  a4, pc + 24
core   0: 3 0x800074d4 (0xef01)
core   0: 0x800074ec (0x022add63) bge     s5, sp, pc + 58
core   0: 3 0x800074ec (0x022add63)
core   0: 0x80007526 (0x00825263) bge     tp, s0, pc + 4
core   0: 3 0x80007526 (0x00825263)
core   0: 0x8000752a (0x56d9a093) slti    ra, s3, 1389
core   0: 3 0x8000752a (0x56d9a093) x1  0x00000001
core   0: 0x8000752e (0x00008cbd) c.xor   s1, a5
core   0: 3 0x8000752e (0x8cbd) x9  0x00000000
core   0: 0x80007530 (0x2784e813) ori     a6, s1, 632
core   0: 3 0x80007530 (0x2784e813) x16 0x00000278
core   0: 0x80007534 (0x6986c813) xori    a6, a3, 1688
core   0: 3 0x80007534 (0x6986c813) x16 0xfffff967
core   0: 0x80007538 (0x41d55233) sra     tp, a0, t4
core   0: 3 0x80007538 (0x41d55233) x4  0xffffffff
core   0: 0x8000753c (0x0000cc95) c.beqz  s1, pc + 60
core   0: 3 0x8000753c (0xcc95)
core   0: 0x80007578 (0x000066b1) c.lui   a3, 0xc
core   0: 3 0x80007578 (0x66b1) x13 0x0000c000
core   0: 0x8000757a (0x00000ec9) c.addi  t4, 18
core   0: 3 0x8000757a (0x0ec9) x29 0x00000012
core   0: 0x8000757c (0x33a5e897) auipc   a7, 0x33a5e
core   0: 3 0x8000757c (0x33a5e897) x17 0xb3a6557c
core   0: 0x80007580 (0x00008c3d) c.xor   s0, a5
core   0: 3 0x80007580 (0x8c3d) x8  0x00000000
core   0: 0x80007582 (0x03b77bb3) remu    s7, a4, s11
core   0: 3 0x80007582 (0x03b77bb3) x23 0x000003f8
core   0: 0x80007586 (0x0000929a) c.add   t0, t1
core   0: 3 0x80007586 (0x929a) x5  0x000001aa
core   0: 0x80007588 (0x0000025d) c.addi  tp, 23
core   0: 3 0x80007588 (0x025d) x4  0x00000016
core   0: 0x8000758a (0x40db0bb3) sub     s7, s6, a3
core   0: 3 0x8000758a (0x40db0bb3) x23 0xffff46b5
core   0: 0x8000758e (0x0000c31d) c.beqz  a4, pc + 38
core   0: 3 0x8000758e (0xc31d)
core   0: 0x80007590 (0x00008f55) c.or    a4, a3
core   0: 3 0x80007590 (0x8f55) x14 0x0000c3f8
core   0: 0x80007592 (0x00008ef5) c.and   a3, a3
core   0: 3 0x80007592 (0x8ef5) x13 0x0000c000
core   0: 0x80007594 (0x00008f75) c.and   a4, a3
core   0: 3 0x80007594 (0x8f75) x14 0x0000c000
core   0: 0x80007596 (0x00000001) c.nop
core   0: 3 0x80007596 (0x0001)
core   0: 0x80007598 (0x00008dfd) c.and   a1, a5
core   0: 3 0x80007598 (0x8dfd) x11 0x00000000
core   0: 0x8000759a (0x02287463) bgeu    a6, sp, pc + 40
core   0: 3 0x8000759a (0x02287463)
core   0: 0x8000759e (0x00009bfd) c.andi  a5, -1
core   0: 3 0x8000759e (0x9bfd) x15 0x00000000
core   0: 0x800075a0 (0x00006169) c.addi16sp sp, 208
core   0: 3 0x800075a0 (0x6169) x2  0xfffffd57
core   0: 0x800075a2 (0x00001e8c) c.addi4spn a1, sp, 880
core   0: 3 0x800075a2 (0x1e8c) x11 0x000000c7
core   0: 0x800075a4 (0xe7186813) ori     a6, a6, -399
core   0: 3 0x800075a4 (0xe7186813) x16 0xffffff77
core   0: 0x800075a8 (0x958b98b7) lui     a7, 0x958b9
core   0: 3 0x800075a8 (0x958b98b7) x17 0x958b9000
core   0: 0x800075ac (0x030c36b3) mulhu   a3, s8, a6
core   0: 3 0x800075ac (0x030c36b3) x13 0x00000367
core   0: 0x800075b0 (0x01789463) bne     a7, s7, pc + 8
core   0: 3 0x800075b0 (0x01789463)
core   0: 0x800075b8 (0x0256ef63) bltu    a3, t0, pc + 62
core   0: 3 0x800075b8 (0x0256ef63)
core   0: 0x800075bc (0x000007b9) c.addi  a5, 14
core   0: 3 0x800075bc (0x07b9) x15 0x0000000e
core   0: 0x800075be (0x00b5c833) xor     a6, a1, a1
core   0: 3 0x800075be (0x00b5c833) x16 0x00000000
core   0: 0x800075c2 (0x00009c8e) c.add   s9, gp
core   0: 3 0x800075c2 (0x9c8e) x25 0x00001c97
core   0: 0x800075c4 (0x413fd013) srai    zero, t6, 19
core   0: 3 0x800075c4 (0x413fd013)
core   0: 0x800075c8 (0x00001d7d) c.addi  s10, -1
core   0: 3 0x800075c8 (0x1d7d) x26 0xffffffff
core   0: 0x800075ca (0x401d86b3) sub     a3, s11, ra
core   0: 3 0x800075ca (0x401d86b3) x13 0xfffffc96
core   0: 0x800075ce (0x40535e33) sra     t3, t1, t0
core   0: 3 0x800075ce (0x40535e33) x28 0x00000000
core   0: 0x800075d2 (0x60a93a93) sltiu   s5, s2, 1546
core   0: 3 0x800075d2 (0x60a93a93) x21 0x00000000
core   0: 0x800075d6 (0x00008edd) c.or    a3, a5
core   0: 3 0x800075d6 (0x8edd) x13 0xfffffc9e
core   0: 0x800075d8 (0x0148dd63) bge     a7, s4, pc + 26
core   0: 3 0x800075d8 (0x0148dd63)
core   0: 0x800075f2 (0x40775513) srai    a0, a4, 7
core   0: 3 0x800075f2 (0x40775513) x10 0x00000180
core   0: 0x800075f6 (0x034ad833) divu    a6, s5, s4
core   0: 3 0x800075f6 (0x034ad833) x16 0x00000000
core   0: 0x800075fa (0x01a555b3) srl     a1, a0, s10
core   0: 3 0x800075fa (0x01a555b3) x11 0x00000000
core   0: 0x800075fe (0x034b4463) blt     s6, s4, pc + 40
core   0: 3 0x800075fe (0x034b4463)
core   0: 0x80007602 (0x0037d1b3) srl     gp, a5, gp
core   0: 3 0x80007602 (0x0037d1b3) x3  0x00000000
core   0: 0x80007606 (0x02626263) bltu    tp, t1, pc + 36
core   0: 3 0x80007606 (0x02626263)
core   0: 0x8000762a (0x027d9c63) bne     s11, t2, pc + 56
core   0: 3 0x8000762a (0x027d9c63)
core   0: 0x80007662 (0x00000001) c.nop
core   0: 3 0x80007662 (0x0001)
core   0: 0x80007664 (0x01a20263) beq     tp, s10, pc + 4
core   0: 3 0x80007664 (0x01a20263)
core   0: 0x80007668 (0x00319093) slli    ra, gp, 3
core   0: 3 0x80007668 (0x00319093) x1  0x00000000
core   0: 0x8000766c (0x81f48597) auipc   a1, 0x81f48
core   0: 3 0x8000766c (0x81f48597) x11 0x01f4f66c
core   0: 0x80007670 (0x16c4c193) xori    gp, s1, 364
core   0: 3 0x80007670 (0x16c4c193) x3  0x0000016c
core   0: 0x80007674 (0x00000001) c.nop
core   0: 3 0x80007674 (0x0001)
core   0: 0x80007676 (0x00008049) c.srli  s0, 18
core   0: 3 0x80007676 (0x8049) x8  0x00000000
core   0: 0x80007678 (0x00008d3d) c.xor   a0, a5
core   0: 3 0x80007678 (0x8d3d) x10 0x0000018e
core   0: 0x8000767a (0x0171ed63) bltu    gp, s7, pc + 26
core   0: 3 0x8000767a (0x0171ed63)
core   0: 0x80007694 (0x032277b3) remu    a5, tp, s2
core   0: 3 0x80007694 (0x032277b3) x15 0x00000016
core   0: 0x80007698 (0x0000892d) c.andi  a0, 11
core   0: 3 0x80007698 (0x892d) x10 0x0000000a
core   0: 0x8000769a (0x00008405) c.srai  s0, 1
core   0: 3 0x8000769a (0x8405) x8  0x00000000
core   0: 0x8000769c (0x0040dbb3) srl     s7, ra, tp
core   0: 3 0x8000769c (0x0040dbb3) x23 0x00000000
core   0: 0x800076a0 (0x000086fd) c.srai  a3, 31
core   0: 3 0x800076a0 (0x86fd) x13 0xffffffff
core   0: 0x800076a2 (0x00dc4ab3) xor     s5, s8, a3
core   0: 3 0x800076a2 (0x00dc4ab3) x21 0xfffffc97
core   0: 0x800076a6 (0xd951bd13) sltiu   s10, gp, -619
core   0: 3 0x800076a6 (0xd951bd13) x26 0x00000001
core   0: 0x800076aa (0x02d9e833) rem     a6, s3, a3
core   0: 3 0x800076aa (0x02d9e833) x16 0x00000000
core   0: 0x800076ae (0x00c39d33) sll     s10, t2, a2
core   0: 3 0x800076ae (0x00c39d33) x26 0xffffefff
core   0: 0x800076b2 (0x0173eeb3) or      t4, t2, s7
core   0: 3 0x800076b2 (0x0173eeb3) x29 0xffffefff
core   0: 0x800076b6 (0x00000997) auipc   s3, 0x0
core   0: 3 0x800076b6 (0x00000997) x19 0x800076b6
core   0: 0x800076ba (0x0ba98993) addi    s3, s3, 186
core   0: 3 0x800076ba (0x0ba98993) x19 0x80007770
core   0: 0x800076be (0xac804513) xori    a0, zero, -1336
core   0: 3 0x800076be (0xac804513) x10 0xfffffac8
core   0: 0x800076c2 (0x756b2f93) slti    t6, s6, 1878
core   0: 3 0x800076c2 (0x756b2f93) x31 0x00000001
core   0: 0x800076c6 (0x0000611d) c.addi16sp sp, 416
core   0: 3 0x800076c6 (0x611d) x2  0xfffffef7
core   0: 0x800076c8 (0x00000985) c.addi  s3, 1
core   0: 3 0x800076c8 (0x0985) x19 0x80007771
core   0: 0x800076ca (0x00008c89) c.sub   s1, a0
core   0: 3 0x800076ca (0x8c89) x9  0x00000538
core   0: 0x800076cc (0x00fb8663) beq     s7, a5, pc + 12
core   0: 3 0x800076cc (0x00fb8663)
core   0: 0x800076d0 (0x0000888a) c.mv    a7, sp
core   0: 3 0x800076d0 (0x888a) x17 0xfffffef7
core   0: 0x800076d2 (0x0159d093) srli    ra, s3, 21
core   0: 3 0x800076d2 (0x0159d093) x1  0x00000400
core   0: 0x800076d6 (0x00008ada) c.mv    s5, s6
core   0: 3 0x800076d6 (0x8ada) x21 0x000006b5
core   0: 0x800076d8 (0x00009982) c.jalr  s3
core   0: 3 0x800076d8 (0x9982) x1  0x800076da
core   0: 0x80007770 (0x0000020a) c.slli  tp, 2
core   0: 3 0x80007770 (0x020a) x4  0x00000058
core   0: 0x80007772 (0x40258bb3) sub     s7, a1, sp
core   0: 3 0x80007772 (0x40258bb3) x23 0x01f4f775
core   0: 0x80007776 (0x00001931) c.addi  s2, -20
core   0: 3 0x80007776 (0x1931) x18 0x80025e18
core   0: 0x80007778 (0x000092f6) c.add   t0, t4
core   0: 3 0x80007778 (0x92f6) x5  0xfffff1a9
core   0: 0x8000777a (0x00192223) sw      ra, 4(s2)
core   0: 3 0x8000777a (0x00192223) mem 0x80025e1c 0x800076da
core   0: 0x8000777e (0xd821c193) xori    gp, gp, -638
core   0: 3 0x8000777e (0xd821c193) x3  0xfffffcee
core   0: 0x80007782 (0x03244c33) div     s8, s0, s2
core   0: 3 0x80007782 (0x03244c33) x24 0x00000000
core   0: 0x80007786 (0x00008f0d) c.sub   a4, a1
core   0: 3 0x80007786 (0x8f0d) x14 0xfe0bc994
core   0: 0x80007788 (0x00005ded) c.li    s11, -5
core   0: 3 0x80007788 (0x5ded) x27 0xfffffffb
core   0: 0x8000778a (0xcf1af393) andi    t2, s5, -783
core   0: 3 0x8000778a (0xcf1af393) x7  0x000004b1
core   0: 0x8000778e (0x016296b3) sll     a3, t0, s6
core   0: 3 0x8000778e (0x016296b3) x13 0x35200000
core   0: 0x80007792 (0x00008be6) c.mv    s7, s9
core   0: 3 0x80007792 (0x8be6) x23 0x00001c97
core   0: 0x80007794 (0x012abeb3) sltu    t4, s5, s2
core   0: 3 0x80007794 (0x012abeb3) x29 0x00000001
core   0: 0x80007798 (0x34223813) sltiu   a6, tp, 834
core   0: 3 0x80007798 (0x34223813) x16 0x00000001
core   0: 0x8000779c (0x00005255) c.li    tp, -11
core   0: 3 0x8000779c (0x5255) x4  0xfffffff5
core   0: 0x8000779e (0x01e16c33) or      s8, sp, t5
core   0: 3 0x8000779e (0x01e16c33) x24 0xffffffff
core   0: 0x800077a2 (0x6290c813) xori    a6, ra, 1577
core   0: 3 0x800077a2 (0x6290c813) x16 0x800070f3
core   0: 0x800077a6 (0x00001c18) c.addi4spn a4, sp, 560
core   0: 3 0x800077a6 (0x1c18) x14 0x00000127
core   0: 0x800077a8 (0x00008369) c.srli  a4, 26
core   0: 3 0x800077a8 (0x8369) x14 0x00000000
core   0: 0x800077aa (0x00008f49) c.or    a4, a0
core   0: 3 0x800077aa (0x8f49) x14 0xfffffac8
core   0: 0x800077ac (0x00001ded) c.addi  s11, -5
core   0: 3 0x800077ac (0x1ded) x27 0xfffffff6
core   0: 0x800077ae (0x00008fbd) c.xor   a5, a5
core   0: 3 0x800077ae (0x8fbd) x15 0x00000000
core   0: 0x800077b0 (0x03505b33) divu    s6, zero, s5
core   0: 3 0x800077b0 (0x03505b33) x22 0x00000000
core   0: 0x800077b4 (0x7134df37) lui     t5, 0x7134d
core   0: 3 0x800077b4 (0x7134df37) x30 0x7134d000
core   0: 0x800077b8 (0x002405b3) add     a1, s0, sp
core   0: 3 0x800077b8 (0x002405b3) x11 0xfffffef7
core   0: 0x800077bc (0x00006cd1) c.lui   s9, 0x14
core   0: 3 0x800077bc (0x6cd1) x25 0x00014000
core   0: 0x800077be (0x000081e5) c.srli  a1, 25
core   0: 3 0x800077be (0x81e5) x11 0x0000007f
core   0: 0x800077c0 (0xfe4dd3e3) bge     s11, tp, pc - 26
core   0: 3 0x800077c0 (0xfe4dd3e3)
core   0: 0x800077a6 (0x00001c18) c.addi4spn a4, sp, 560
core   0: 3 0x800077a6 (0x1c18) x14 0x00000127
core   0: 0x800077a8 (0x00008369) c.srli  a4, 26
core   0: 3 0x800077a8 (0x8369) x14 0x00000000
core   0: 0x800077aa (0x00008f49) c.or    a4, a0
core   0: 3 0x800077aa (0x8f49) x14 0xfffffac8
core   0: 0x800077ac (0x00001ded) c.addi  s11, -5
core   0: 3 0x800077ac (0x1ded) x27 0xfffffff1
core   0: 0x800077ae (0x00008fbd) c.xor   a5, a5
core   0: 3 0x800077ae (0x8fbd) x15 0x00000000
core   0: 0x800077b0 (0x03505b33) divu    s6, zero, s5
core   0: 3 0x800077b0 (0x03505b33) x22 0x00000000
core   0: 0x800077b4 (0x7134df37) lui     t5, 0x7134d
core   0: 3 0x800077b4 (0x7134df37) x30 0x7134d000
core   0: 0x800077b8 (0x002405b3) add     a1, s0, sp
core   0: 3 0x800077b8 (0x002405b3) x11 0xfffffef7
core   0: 0x800077bc (0x00006cd1) c.lui   s9, 0x14
core   0: 3 0x800077bc (0x6cd1) x25 0x00014000
core   0: 0x800077be (0x000081e5) c.srli  a1, 25
core   0: 3 0x800077be (0x81e5) x11 0x0000007f
core   0: 0x800077c0 (0xfe4dd3e3) bge     s11, tp, pc - 26
core   0: 3 0x800077c0 (0xfe4dd3e3)
core   0: 0x800077c4 (0x0000987d) c.andi  s0, -1
core   0: 3 0x800077c4 (0x987d) x8  0x00000000
core   0: 0x800077c6 (0x00009117) auipc   sp, 0x9
core   0: 3 0x800077c6 (0x00009117) x2  0x800107c6
core   0: 0x800077ca (0x9bb10113) addi    sp, sp, -1605
core   0: 3 0x800077ca (0x9bb10113) x2  0x80010181
core   0: 0x800077ce (0x1c7c0313) addi    t1, s8, 455
core   0: 3 0x800077ce (0x1c7c0313) x6  0x000001c6
core   0: 0x800077d2 (0x03a7ab33) mulhsu  s6, a5, s10
core   0: 3 0x800077d2 (0x03a7ab33) x22 0x00000000
core   0: 0x800077d6 (0x00b11c03) lh      s8, 11(sp)
core   0: 3 0x800077d6 (0x00b11c03) x24 0x0000002a mem 0x8001018c
core   0: 0x800077da (0xff410683) lb      a3, -12(sp)
core   0: 3 0x800077da (0xff410683) x13 0x00000006 mem 0x80010175
core   0: 0x800077de (0xff410803) lb      a6, -12(sp)
core   0: 3 0x800077de (0xff410803) x16 0x00000006 mem 0x80010175
core   0: 0x800077e2 (0xfef10823) sb      a5, -16(sp)
core   0: 3 0x800077e2 (0xfef10823) mem 0x80010171 0x00
core   0: 0x800077e6 (0xff915503) lhu     a0, -7(sp)
core   0: 3 0x800077e6 (0xff915503) x10 0x00000000 mem 0x8001017a
core   0: 0x800077ea (0xff910a83) lb      s5, -7(sp)
core   0: 3 0x800077ea (0xff910a83) x21 0x00000000 mem 0x8001017a
core   0: 0x800077ee (0xfff15883) lhu     a7, -1(sp)
core   0: 3 0x800077ee (0xfff15883) x17 0x000033df mem 0x80010180
core   0: 0x800077f2 (0x00510623) sb      t0, 12(sp)
core   0: 3 0x800077f2 (0x00510623) mem 0x8001018d 0xa9
core   0: 0x800077f6 (0x482a8813) addi    a6, s5, 1154
core   0: 3 0x800077f6 (0x482a8813) x16 0x00000482
core   0: 0x800077fa (0x128fc417) auipc   s0, 0x128fc
core   0: 3 0x800077fa (0x128fc417) x8  0x929037fa
core   0: 0x800077fe (0x00c10183) lb      gp, 12(sp)
core   0: 3 0x800077fe (0x00c10183) x3  0xffffffa9 mem 0x8001018d
core   0: 0x80007802 (0x404b5e13) srai    t3, s6, 4
core   0: 3 0x80007802 (0x404b5e13) x28 0x00000000
core   0: 0x80007806 (0x00000ffe) c.slli  t6, 31
core   0: 3 0x80007806 (0x0ffe) x31 0x80000000
core   0: 0x80007808 (0x01014203) lbu     tp, 16(sp)
core   0: 3 0x80007808 (0x01014203) x4  0x0000005f mem 0x80010191
core   0: 0x8000780c (0xff110f83) lb      t6, -15(sp)
core   0: 3 0x8000780c (0xff110f83) x31 0x00000075 mem 0x80010172
core   0: 0x80007810 (0x00006fa1) c.lui   t6, 0x8
core   0: 3 0x80007810 (0x6fa1) x31 0x00008000
core   0: 0x80007812 (0xfff12383) lw      t2, -1(sp)
core   0: 3 0x80007812 (0xfff12383) x7  0xe85c33df mem 0x80010180
core   0: 0x80007816 (0xfff15303) lhu     t1, -1(sp)
core   0: 3 0x80007816 (0xfff15303) x6  0x000033df mem 0x80010180
core   0: 0x8000781a (0x00010897) auipc   a7, 0x10
core   0: 3 0x8000781a (0x00010897) x17 0x8001781a
core   0: 0x8000781e (0x15f88893) addi    a7, a7, 351
core   0: 3 0x8000781e (0x15f88893) x17 0x80017979
core   0: 0x80007822 (0xfca88723) sb      a0, -50(a7)
core   0: 3 0x80007822 (0xfca88723) mem 0x80017947 0x00
core   0: 0x80007826 (0x00000001) c.nop
core   0: 3 0x80007826 (0x0001)
core   0: 0x80007828 (0x03a88b03) lb      s6, 58(a7)
core   0: 3 0x80007828 (0x03a88b03) x22 0xffffffaf mem 0x800179b3
core   0: 0x8000782c (0xfdf88123) sb      t6, -62(a7)
core   0: 3 0x8000782c (0xfdf88123) mem 0x8001793b 0x00
core   0: 0x80007830 (0x004b5413) srli    s0, s6, 4
core   0: 3 0x80007830 (0x004b5413) x8  0x0ffffffa
core   0: 0x80007834 (0x03a42b33) mulhsu  s6, s0, s10
core   0: 3 0x80007834 (0x03a42b33) x22 0x0ffffef9
core   0: 0x80007838 (0xfd688ca3) sb      s6, -39(a7)
core   0: 3 0x80007838 (0xfd688ca3) mem 0x80017952 0xf9
core   0: 0x8000783c (0x0308c783) lbu     a5, 48(a7)
core   0: 3 0x8000783c (0x0308c783) x15 0x000000de mem 0x800179a9
core   0: 0x80007840 (0x01ab2fb3) slt     t6, s6, s10
core   0: 3 0x80007840 (0x01ab2fb3) x31 0x00000000
core   0: 0x80007844 (0x00008fe9) c.and   a5, a0
core   0: 3 0x80007844 (0x8fe9) x15 0x00000000
core   0: 0x80007846 (0x00a52b33) slt     s6, a0, a0
core   0: 3 0x80007846 (0x00a52b33) x22 0x00000000
core   0: 0x8000784a (0x01ffd7b3) srl     a5, t6, t6
core   0: 3 0x8000784a (0x01ffd7b3) x15 0x00000000
core   0: 0x8000784e (0x01afe433) or      s0, t6, s10
core   0: 3 0x8000784e (0x01afe433) x8  0xffffefff
core   0: 0x80007852 (0xfe98d783) lhu     a5, -23(a7)
core   0: 3 0x80007852 (0xfe98d783) x15 0x0000b753 mem 0x80017962
core   0: 0x80007856 (0xfc989b03) lh      s6, -55(a7)
core   0: 3 0x80007856 (0xfc989b03) x22 0xffffd509 mem 0x80017942
core   0: 0x8000785a (0xd73b4f93) xori    t6, s6, -653
core   0: 3 0x8000785a (0xd73b4f93) x31 0x0000287a
core   0: 0x8000785e (0x881fcb37) lui     s6, 0x881fc
core   0: 3 0x8000785e (0x881fcb37) x22 0x881fc000
core   0: 0x80007862 (0xfe888d23) sb      s0, -6(a7)
core   0: 3 0x80007862 (0xfe888d23) mem 0x80017973 0xff
core   0: 0x80007866 (0xfc188403) lb      s0, -63(a7)
core   0: 3 0x80007866 (0xfc188403) x8  0xffffffdd mem 0x8001793a
core   0: 0x8000786a (0x008ff533) and     a0, t6, s0
core   0: 3 0x8000786a (0x008ff533) x10 0x00002858
core   0: 0x8000786e (0x00008c69) c.and   s0, a0
core   0: 3 0x8000786e (0x8c69) x8  0x00002858
core   0: 0x80007870 (0x008b4b33) xor     s6, s6, s0
core   0: 3 0x80007870 (0x008b4b33) x22 0x881fe858
core   0: 0x80007874 (0x000097ea) c.add   a5, s10
core   0: 3 0x80007874 (0x97ea) x15 0x0000a752
core   0: 0x80007876 (0x02f8afa3) sw      a5, 63(a7)
core   0: 3 0x80007876 (0x02f8afa3) mem 0x800179b8 0x0000a752
core   0: 0x8000787a (0x00844b33) xor     s6, s0, s0
core   0: 3 0x8000787a (0x00844b33) x22 0x00000000
core   0: 0x8000787e (0x0378ad03) lw      s10, 55(a7)
core   0: 3 0x8000787e (0x0378ad03) x26 0xaf1c7af6 mem 0x800179b0
core   0: 0x80007882 (0x03588403) lb      s0, 53(a7)
core   0: 3 0x80007882 (0x03588403) x8  0xffffffa5 mem 0x800179ae
core   0: 0x80007886 (0x03f88c23) sb      t6, 56(a7)
core   0: 3 0x80007886 (0x03f88c23) mem 0x800179b1 0x7a
core   0: 0x8000788a (0xbecd2b13) slti    s6, s10, -1044
core   0: 3 0x8000788a (0xbecd2b13) x22 0x00000001
core   0: 0x8000788e (0xfff89aa3) sh      t6, -11(a7)
core   0: 3 0x8000788e (0xfff89aa3) mem 0x8001796e 0x287a
core   0: 0x80007892 (0x008b37b3) sltu    a5, s6, s0
core   0: 3 0x80007892 (0x008b37b3) x15 0x00000001
core   0: 0x80007896 (0x03f894a3) sh      t6, 41(a7)
core   0: 3 0x80007896 (0x03f894a3) mem 0x800179a2 0x287a
core   0: 0x8000789a (0x03ffd433) divu    s0, t6, t6
core   0: 3 0x8000789a (0x03ffd433) x8  0x00000001
core   0: 0x8000789e (0x2a77af93) slti    t6, a5, 679
core   0: 3 0x8000789e (0x2a77af93) x31 0x00000001
core   0: 0x800078a2 (0xfdd89403) lh      s0, -35(a7)
core   0: 3 0x800078a2 (0xfdd89403) x8  0xffff9ad3 mem 0x80017956
core   0: 0x800078a6 (0xfff88c23) sb      t6, -8(a7)
core   0: 3 0x800078a6 (0xfff88c23) mem 0x80017971 0x01
core   0: 0x800078aa (0xff68cb03) lbu     s6, -10(a7)
core   0: 3 0x800078aa (0xff68cb03) x22 0x00000028 mem 0x8001796f
core   0: 0x800078ae (0x02e8cb03) lbu     s6, 46(a7)
core   0: 3 0x800078ae (0x02e8cb03) x22 0x000000b7 mem 0x800179a7
core   0: 0x800078b2 (0x02a46b33) rem     s6, s0, a0
core   0: 3 0x800078b2 (0x02a46b33) x22 0xffffeb83
core   0: 0x800078b6 (0x01a88403) lb      s0, 26(a7)
core   0: 3 0x800078b6 (0x01a88403) x8  0x00000079 mem 0x80017993
core   0: 0x800078ba (0x0000847d) c.srai  s0, 31
core   0: 3 0x800078ba (0x847d) x8  0x00000000
core   0: 0x800078bc (0xfea8cf83) lbu     t6, -22(a7)
core   0: 3 0x800078bc (0xfea8cf83) x31 0x000000b7 mem 0x80017963
core   0: 0x800078c0 (0xfc78db03) lhu     s6, -57(a7)
core   0: 3 0x800078c0 (0xfc78db03) x22 0x0000fc90 mem 0x80017940
core   0: 0x800078c4 (0x02688d03) lb      s10, 38(a7)
core   0: 3 0x800078c4 (0x02688d03) x26 0x00000051 mem 0x8001799f
core   0: 0x800078c8 (0x03fd2b33) mulhsu  s6, s10, t6
core   0: 3 0x800078c8 (0x03fd2b33) x22 0x00000000
core   0: 0x800078cc (0x00a88723) sb      a0, 14(a7)
core   0: 3 0x800078cc (0x00a88723) mem 0x80017987 0x58
core   0: 0x800078d0 (0x000083f9) c.srli  a5, 30
core   0: 3 0x800078d0 (0x83f9) x15 0x00000000
core   0: 0x800078d2 (0x00b8cb03) lbu     s6, 11(a7)
core   0: 3 0x800078d2 (0x00b8cb03) x22 0x00000057 mem 0x80017984
core   0: 0x800078d6 (0x02afd533) divu    a0, t6, a0
core   0: 3 0x800078d6 (0x02afd533) x10 0x00000000
core   0: 0x800078da (0x0368cb03) lbu     s6, 54(a7)
core   0: 3 0x800078da (0x0368cb03) x22 0x0000004b mem 0x800179af
core   0: 0x800078de (0x019b1513) slli    a0, s6, 25
core   0: 3 0x800078de (0x019b1513) x10 0x96000000
core   0: 0x800078e2 (0x03d8db03) lhu     s6, 61(a7)
core   0: 3 0x800078e2 (0x03d8db03) x22 0x000078cd mem 0x800179b6
core   0: 0x800078e6 (0x036000ef) jal     pc + 0x36
core   0: 3 0x800078e6 (0x036000ef) x1  0x800078ea
core   0: 0x8000791c (0x000037f9) c.jal   pc - 50
core   0: 3 0x8000791c (0x37f9) x1  0x8000791e
core   0: 0x800078ea (0x028001ef) jal     gp, pc + 0x28
core   0: 3 0x800078ea (0x028001ef) x3  0x800078ee
core   0: 0x80007912 (0x0000b7ed) c.j     pc - 22
core   0: 3 0x80007912 (0xb7ed)
core   0: 0x800078fc (0x00003fcd) c.jal   pc - 14
core   0: 3 0x800078fc (0x3fcd) x1  0x800078fe
core   0: 0x800078ee (0x0000a829) c.j     pc + 26
core   0: 3 0x800078ee (0xa829)
core   0: 0x80007908 (0xff9ff5ef) jal     a1, pc - 0x8
core   0: 3 0x80007908 (0xff9ff5ef) x11 0x8000790c
core   0: 0x80007900 (0x0000a811) c.j     pc + 20
core   0: 3 0x80007900 (0xa811)
core   0: 0x80007914 (0x0000a009) c.j     pc + 2
core   0: 3 0x80007914 (0xa009)
core   0: 0x80007916 (0x0000bfe5) c.j     pc - 8
core   0: 3 0x80007916 (0xbfe5)
core   0: 0x8000790e (0x000037cd) c.jal   pc - 30
core   0: 3 0x8000790e (0x37cd) x1  0x80007910
core   0: 0x800078f0 (0x01c00aef) jal     s5, pc + 0x1c
core   0: 3 0x800078f0 (0x01c00aef) x21 0x800078f4
core   0: 0x8000790c (0x000037fd) c.jal   pc - 18
core   0: 3 0x8000790c (0x37fd) x1  0x8000790e
core   0: 0x800078fa (0x0000a011) c.j     pc + 4
core   0: 3 0x800078fa (0xa011)
core   0: 0x800078fe (0x0000a831) c.j     pc + 28
core   0: 3 0x800078fe (0xa831)
core   0: 0x8000791a (0x0000bfe9) c.j     pc - 38
core   0: 3 0x8000791a (0xbfe9)
core   0: 0x800078f4 (0x00002011) c.jal   pc + 4
core   0: 3 0x800078f4 (0x2011) x1  0x800078f6
core   0: 0x800078f8 (0x0000a01d) c.j     pc + 38
core   0: 3 0x800078f8 (0xa01d)
core   0: 0x8000791e (0x00003fe1) c.jal   pc - 40
core   0: 3 0x8000791e (0x3fe1) x1  0x80007920
core   0: 0x800078f6 (0x0000a81d) c.j     pc + 54
core   0: 3 0x800078f6 (0xa81d)
core   0: 0x8000792c (0x00003fe1) c.jal   pc - 40
core   0: 3 0x8000792c (0x3fe1) x1  0x8000792e
core   0: 0x80007904 (0xfffff0ef) jal     pc - 0x2
core   0: 3 0x80007904 (0xfffff0ef) x1  0x80007908
core   0: 0x80007902 (0x00002819) c.jal   pc + 22
core   0: 3 0x80007902 (0x2819) x1  0x80007904
core   0: 0x80007918 (0x00003fe5) c.jal   pc - 8
core   0: 3 0x80007918 (0x3fe5) x1  0x8000791a
core   0: 0x80007910 (0x0000a821) c.j     pc + 24
core   0: 3 0x80007910 (0xa821)
core   0: 0x80007928 (0xffbff0ef) jal     pc - 0x6
core   0: 3 0x80007928 (0xffbff0ef) x1  0x8000792c
core   0: 0x80007922 (0x00003ffd) c.jal   pc - 2
core   0: 3 0x80007922 (0x3ffd) x1  0x80007924
core   0: 0x80007920 (0x0000a011) c.j     pc + 4
core   0: 3 0x80007920 (0xa011)
core   0: 0x80007924 (0x00a000ef) jal     pc + 0xa
core   0: 3 0x80007924 (0x00a000ef) x1  0x80007928
core   0: 0x8000792e (0x00fe94b3) sll     s1, t4, a5
core   0: 3 0x8000792e (0x00fe94b3) x9  0x00000001
core   0: 0x80007932 (0x00009f17) auipc   t5, 0x9
core   0: 3 0x80007932 (0x00009f17) x30 0x80010932
core   0: 0x80007936 (0x9faf0f13) addi    t5, t5, -1542
core   0: 3 0x80007936 (0x9faf0f13) x30 0x8001032c
core   0: 0x8000793a (0x007f4c03) lbu     s8, 7(t5)
core   0: 3 0x8000793a (0x007f4c03) x24 0x00000000 mem 0x80010333
core   0: 0x8000793e (0x00af4803) lbu     a6, 10(t5)
core   0: 3 0x8000793e (0x00af4803) x16 0x000000ba mem 0x80010336
core   0: 0x80007942 (0x00006275) c.lui   tp, 0x1d
core   0: 3 0x80007942 (0x6275) x4  0x0001d000
core   0: 0x80007944 (0x009f4683) lbu     a3, 9(t5)
core   0: 3 0x80007944 (0x009f4683) x13 0x00000008 mem 0x80010335
core   0: 0x80007948 (0x02439eb3) mulh    t4, t2, tp
core   0: 3 0x80007948 (0x02439eb3) x29 0xffffd527
core   0: 0x8000794c (0x00df0b03) lb      s6, 13(t5)
core   0: 3 0x8000794c (0x00df0b03) x22 0x00000033 mem 0x80010339
core   0: 0x80007950 (0xffcf1d83) lh      s11, -4(t5)
core   0: 3 0x80007950 (0xffcf1d83) x27 0x000048a8 mem 0x80010328
core   0: 0x80007954 (0x00ff4883) lbu     a7, 15(t5)
core   0: 3 0x80007954 (0x00ff4883) x17 0x00000000 mem 0x8001033b
core   0: 0x80007958 (0x000050fd) c.li    ra, -1
core   0: 3 0x80007958 (0x50fd) x1  0xffffffff
core   0: 0x8000795a (0x00008cf9) c.and   s1, a4
core   0: 3 0x8000795a (0x8cf9) x9  0x00000000
core   0: 0x8000795c (0x001f4083) lbu     ra, 1(t5)
core   0: 3 0x8000795c (0x001f4083) x1  0x00000000 mem 0x8001032d
core   0: 0x80007960 (0x006f2623) sw      t1, 12(t5)
core   0: 3 0x80007960 (0x006f2623) mem 0x80010338 0x000033df
core   0: 0x80007964 (0x002f0e83) lb      t4, 2(t5)
core   0: 3 0x80007964 (0x002f0e83) x29 0x00000000 mem 0x8001032e
core   0: 0x80007968 (0x00ef5183) lhu     gp, 14(t5)
core   0: 3 0x80007968 (0x00ef5183) x3  0x00000000 mem 0x8001033a
core   0: 0x8000796c (0x009f2023) sw      s1, 0(t5)
core   0: 3 0x8000796c (0x009f2023) mem 0x8001032c 0x00000000
core   0: 0x80007970 (0x00008c0d) c.sub   s0, a1
core   0: 3 0x80007970 (0x8c0d) x8  0x7fff86f4
core   0: 0x80007972 (0xff2f4003) lbu     zero, -14(t5)
core   0: 3 0x80007972 (0xff2f4003) mem 0x8001031e
core   0: 0x80007976 (0x00ff4d03) lbu     s10, 15(t5)
core   0: 3 0x80007976 (0x00ff4d03) x26 0x00000000 mem 0x8001033b
core   0: 0x8000797a (0x41af0033) sub     zero, t5, s10
core   0: 3 0x8000797a (0x41af0033)
core   0: 0x8000797e (0x00ff1323) sh      a5, 6(t5)
core   0: 3 0x8000797e (0x00ff1323) mem 0x80010332 0x0000
core   0: 0x80007982 (0xffef4c03) lbu     s8, -2(t5)
core   0: 3 0x80007982 (0xffef4c03) x24 0x0000001b mem 0x8001032a
core   0: 0x80007986 (0x010f4883) lbu     a7, 16(t5)
core   0: 3 0x80007986 (0x010f4883) x17 0x000000f4 mem 0x8001033c
core   0: 0x8000798a (0xff0f5b83) lhu     s7, -16(t5)
core   0: 3 0x8000798a (0xff0f5b83) x23 0x00007afe mem 0x8001031c
core   0: 0x8000798e (0x015f2823) sw      s5, 16(t5)
core   0: 3 0x8000798e (0x015f2823) mem 0x8001033c 0x800078f4
core   0: 0x80007992 (0x002f4003) lbu     zero, 2(t5)
core   0: 3 0x80007992 (0x002f4003) mem 0x8001032e
core   0: 0x80007996 (0x59c86593) ori     a1, a6, 1436
core   0: 3 0x80007996 (0x59c86593) x11 0x000005be
core   0: 0x8000799a (0xff7f0483) lb      s1, -9(t5)
core   0: 3 0x8000799a (0xff7f0483) x9  0xffffffde mem 0x80010323
core   0: 0x8000799e (0xff2f5a83) lhu     s5, -14(t5)
core   0: 3 0x8000799e (0xff2f5a83) x21 0x0000aecc mem 0x8001031e
core   0: 0x800079a2 (0x001644b3) xor     s1, a2, ra
core   0: 3 0x800079a2 (0x001644b3) x9  0x00000000
core   0: 0x800079a6 (0x0200ec33) rem     s8, ra, zero
core   0: 3 0x800079a6 (0x0200ec33) x24 0x00000000
core   0: 0x800079aa (0x003f0803) lb      a6, 3(t5)
core   0: 3 0x800079aa (0x003f0803) x16 0x00000000 mem 0x8001032f
core   0: 0x800079ae (0x00c6d133) srl     sp, a3, a2
core   0: 3 0x800079ae (0x00c6d133) x2  0x00000008
core   0: 0x800079b2 (0xfe0f0fa3) sb      zero, -1(t5)
core   0: 3 0x800079b2 (0xfe0f0fa3) mem 0x8001032b 0x00
core   0: 0x800079b6 (0x002f1e03) lh      t3, 2(t5)
core   0: 3 0x800079b6 (0x002f1e03) x28 0x00000000 mem 0x8001032e
core   0: 0x800079ba (0xffbf4683) lbu     a3, -5(t5)
core   0: 3 0x800079ba (0xffbf4683) x13 0x000000f0 mem 0x80010327
core   0: 0x800079be (0xffef4103) lbu     sp, -2(t5)
core   0: 3 0x800079be (0xffef4103) x2  0x0000001b mem 0x8001032a
core   0: 0x800079c2 (0x00a59c33) sll     s8, a1, a0
core   0: 3 0x800079c2 (0x00a59c33) x24 0x000005be
core   0: 0x800079c6 (0xffdf4e03) lbu     t3, -3(t5)
core   0: 3 0x800079c6 (0xffdf4e03) x28 0x00000048 mem 0x80010329
core   0: 0x800079ca (0x007f0e83) lb      t4, 7(t5)
core   0: 3 0x800079ca (0x007f0e83) x29 0x00000000 mem 0x80010333
core   0: 0x800079ce (0x00bf0783) lb      a5, 11(t5)
core   0: 3 0x800079ce (0x00bf0783) x15 0x0000007e mem 0x80010337
core   0: 0x800079d2 (0xff6f5e83) lhu     t4, -10(t5)
core   0: 3 0x800079d2 (0xff6f5e83) x29 0x0000de33 mem 0x80010322
core   0: 0x800079d6 (0x00010c17) auipc   s8, 0x10
core   0: 3 0x800079d6 (0x00010c17) x24 0x800179d6
core   0: 0x800079da (0x65cc0c13) addi    s8, s8, 1628
core   0: 3 0x800079da (0x65cc0c13) x24 0x80018032
core   0: 0x800079de (0x00f48f33) add     t5, s1, a5
core   0: 3 0x800079de (0x00f48f33) x30 0x0000007e
core   0: 0x800079e2 (0xf54c0ea3) sb      s4, -163(s8)
core   0: 3 0x800079e2 (0xf54c0ea3) mem 0x80017f8f 0xe4
core   0: 0x800079e6 (0xeb19a797) auipc   a5, 0xeb19a
core   0: 3 0x800079e6 (0xeb19a797) x15 0x6b1a19e6
core   0: 0x800079ea (0x03716733) rem     a4, sp, s7
core   0: 3 0x800079ea (0x03716733) x14 0x0000001b
core   0: 0x800079ee (0x00008315) c.srli  a4, 5
core   0: 3 0x800079ee (0x8315) x14 0x00000000
core   0: 0x800079f0 (0x00008ff5) c.and   a5, a3
core   0: 3 0x800079f0 (0x8ff5) x15 0x000000e0
core   0: 0x800079f2 (0x00251b33) sll     s6, a0, sp
core   0: 3 0x800079f2 (0x00251b33) x22 0x00000000
core   0: 0x800079f6 (0x3abc4503) lbu     a0, 939(s8)
core   0: 3 0x800079f6 (0x3abc4503) x10 0x00000024 mem 0x800183dd
core   0: 0x800079fa (0x757c0883) lb      a7, 1879(s8)
core   0: 3 0x800079fa (0x757c0883) x17 0x00000020 mem 0x80018789
core   0: 0x800079fe (0x02aae2b3) rem     t0, s5, a0
core   0: 3 0x800079fe (0x02aae2b3) x5  0x00000000
core   0: 0x80007a02 (0xa58c1303) lh      t1, -1448(s8)
core   0: 3 0x80007a02 (0xa58c1303) x6  0x00006240 mem 0x80017a8a
core   0: 0x80007a06 (0x03acd433) divu    s0, s9, s10
core   0: 3 0x80007a06 (0x03acd433) x8  0xffffffff
core   0: 0x80007a0a (0x853c0b03) lb      s6, -1965(s8)
core   0: 3 0x80007a0a (0x853c0b03) x22 0xffffffbb mem 0x80017885
core   0: 0x80007a0e (0x87efc793) xori    a5, t6, -1922
core   0: 3 0x80007a0e (0x87efc793) x15 0xfffff8c9
core   0: 0x80007a12 (0x27bc0ea3) sb      s11, 637(s8)
core   0: 3 0x80007a12 (0x27bc0ea3) mem 0x800182af 0xa8
core   0: 0x80007a16 (0x00008c9d) c.sub   s1, a5
core   0: 3 0x80007a16 (0x8c9d) x9  0x00000737
core   0: 0x80007a18 (0x5f1c0703) lb      a4, 1521(s8)
core   0: 3 0x80007a18 (0x5f1c0703) x14 0xffffff9a mem 0x80018623
core   0: 0x80007a1c (0x63bc4703) lbu     a4, 1595(s8)
core   0: 3 0x80007a1c (0x63bc4703) x14 0x000000fe mem 0x8001866d
core   0: 0x80007a20 (0xdf4c0803) lb      a6, -524(s8)
core   0: 3 0x80007a20 (0xdf4c0803) x16 0x0000003b mem 0x80017e26
core   0: 0x80007a24 (0x99fc4e03) lbu     t3, -1633(s8)
core   0: 3 0x80007a24 (0x99fc4e03) x28 0x0000000b mem 0x800179d1
core   0: 0x80007a28 (0xe75c0883) lb      a7, -395(s8)
core   0: 3 0x80007a28 (0xe75c0883) x17 0xffffffe7 mem 0x80017ea7
core   0: 0x80007a2c (0xc7fc4103) lbu     sp, -897(s8)
core   0: 3 0x80007a2c (0xc7fc4103) x2  0x00000037 mem 0x80017cb1
core   0: 0x80007a30 (0x010788b3) add     a7, a5, a6
core   0: 3 0x80007a30 (0x010788b3) x17 0xfffff904
core   0: 0x80007a34 (0xf1ec0c83) lb      s9, -226(s8)
core   0: 3 0x80007a34 (0xf1ec0c83) x25 0xffffff91 mem 0x80017f50
core   0: 0x80007a38 (0x497c0a83) lb      s5, 1175(s8)
core   0: 3 0x80007a38 (0x497c0a83) x21 0xffffffa5 mem 0x800184c9
core   0: 0x80007a3c (0x257c4c83) lbu     s9, 599(s8)
core   0: 3 0x80007a3c (0x257c4c83) x25 0x00000055 mem 0x80018289
core   0: 0x80007a40 (0x802c5503) lhu     a0, -2046(s8)
core   0: 3 0x80007a40 (0x802c5503) x10 0x00001b5c mem 0x80017834
core   0: 0x80007a44 (0xd25c0ba3) sb      t0, -713(s8)
core   0: 3 0x80007a44 (0xd25c0ba3) mem 0x80017d69 0x00
core   0: 0x80007a48 (0x5a5d4237) lui     tp, 0x5a5d4
core   0: 3 0x80007a48 (0x5a5d4237) x4  0x5a5d4000
core   0: 0x80007a4c (0x00006e75) c.lui   t3, 0x1d
core   0: 3 0x80007a4c (0x6e75) x28 0x0001d000
core   0: 0x80007a4e (0xd77c0103) lb      sp, -649(s8)
core   0: 3 0x80007a4e (0xd77c0103) x2  0x00000062 mem 0x80017da9
core   0: 0x80007a52 (0x02bd85b3) mul     a1, s11, a1
core   0: 3 0x80007a52 (0x02bd85b3) x11 0x01a134b0
core   0: 0x80007a56 (0xab4c1b23) sh      s4, -1354(s8)
core   0: 3 0x80007a56 (0xab4c1b23) mem 0x80017ae8 0x9ce4
core   0: 0x80007a5a (0xae4c1583) lh      a1, -1308(s8)
core   0: 3 0x80007a5a (0xae4c1583) x11 0xffff9e0c mem 0x80017b16
core   0: 0x80007a5e (0x104c1c23) sh      tp, 280(s8)
core   0: 3 0x80007a5e (0x104c1c23) mem 0x8001814a 0x4000
core   0: 0x80007a62 (0xd55c0103) lb      sp, -683(s8)
core   0: 3 0x80007a62 (0xd55c0103) x2  0xffffffd0 mem 0x80017d87
core   0: 0x80007a66 (0x0114bd33) sltu    s10, s1, a7
core   0: 3 0x80007a66 (0x0114bd33) x26 0x00000001
core   0: 0x80007a6a (0xca2c0583) lb      a1, -862(s8)
core   0: 3 0x80007a6a (0xca2c0583) x11 0xffffffa3 mem 0x80017cd4
core   0: 0x80007a6e (0x000057f5) c.li    a5, -3
core   0: 3 0x80007a6e (0x57f5) x15 0xfffffffd
core   0: 0x80007a70 (0x00008d45) c.or    a0, s1
core   0: 3 0x80007a70 (0x8d45) x10 0x00001f7f
core   0: 0x80007a72 (0x01baab33) slt     s6, s5, s11
core   0: 3 0x80007a72 (0x01baab33) x22 0x00000001
core   0: 0x80007a76 (0x02d3ae33) mulhsu  t3, t2, a3
core   0: 3 0x80007a76 (0x02d3ae33) x28 0xffffffe9
core   0: 0x80007a7a (0x00004209) c.li    tp, 2
core   0: 3 0x80007a7a (0x4209) x4  0x00000002
core   0: 0x80007a7c (0x00008d79) c.and   a0, a4
core   0: 3 0x80007a7c (0x8d79) x10 0x0000007e
core   0: 0x80007a7e (0x1544fcb7) lui     s9, 0x1544f
core   0: 3 0x80007a7e (0x1544fcb7) x25 0x1544f000
core   0: 0x80007a82 (0x02a69833) mulh    a6, a3, a0
core   0: 3 0x80007a82 (0x02a69833) x16 0x00000000
core   0: 0x80007a86 (0xe1af7693) andi    a3, t5, -486
core   0: 3 0x80007a86 (0xe1af7693) x13 0x0000001a
core   0: 0x80007a8a (0x024c1bb3) mulh    s7, s8, tp
core   0: 3 0x80007a8a (0x024c1bb3) x23 0xffffffff
core   0: 0x80007a8e (0x00000785) c.addi  a5, 1
core   0: 3 0x80007a8e (0x0785) x15 0xfffffffe
core   0: 0x80007a90 (0x41b0d813) srai    a6, ra, 27
core   0: 3 0x80007a90 (0x41b0d813) x16 0x00000000
core   0: 0x80007a94 (0x000055e1) c.li    a1, -8
core   0: 3 0x80007a94 (0x55e1) x11 0xfffffff8
core   0: 0x80007a96 (0x09b84493) xori    s1, a6, 155
core   0: 3 0x80007a96 (0x09b84493) x9  0x0000009b
core   0: 0x80007a9a (0x410954b3) sra     s1, s2, a6
core   0: 3 0x80007a9a (0x410954b3) x9  0x80025e18
core   0: 0x80007a9e (0x03f53fb3) mulhu   t6, a0, t6
core   0: 3 0x80007a9e (0x03f53fb3) x31 0x00000000
core   0: 0x80007aa2 (0x00000001) c.nop
core   0: 3 0x80007aa2 (0x0001)
core   0: 0x80007aa4 (0x0679ae17) auipc   t3, 0x679a
core   0: 3 0x80007aa4 (0x0679ae17) x28 0x867a1aa4
core   0: 0x80007aa8 (0x03f4f9b3) remu    s3, s1, t6
core   0: 3 0x80007aa8 (0x03f4f9b3) x19 0x80025e18
core   0: 0x80007aac (0x027030b3) mulhu   ra, zero, t2
core   0: 3 0x80007aac (0x027030b3) x1  0x00000000
core   0: 0x80007ab0 (0x03c90bb3) mul     s7, s2, t3
core   0: 3 0x80007ab0 (0x03c90bb3) x23 0xa682b760
core   0: 0x80007ab4 (0x033971b3) remu    gp, s2, s3
core   0: 3 0x80007ab4 (0x033971b3) x3  0x00000000
core   0: 0x80007ab8 (0x035472b3) remu    t0, s0, s5
core   0: 3 0x80007ab8 (0x035472b3) x5  0x0000005a
core   0: 0x80007abc (0x03773eb3) mulhu   t4, a4, s7
core   0: 3 0x80007abc (0x03773eb3) x29 0x000000a5
core   0: 0x80007ac0 (0x00000585) c.addi  a1, 1
core   0: 3 0x80007ac0 (0x0585) x11 0xfffffff9
core   0: 0x80007ac2 (0x004e93b3) sll     t2, t4, tp
core   0: 3 0x80007ac2 (0x004e93b3) x7  0x00000294
core   0: 0x80007ac6 (0x0000d1ed) c.beqz  a1, pc - 30
core   0: 3 0x80007ac6 (0xd1ed)
core   0: 0x80007ac8 (0x00aa4bb3) xor     s7, s4, a0
core   0: 3 0x80007ac8 (0x00aa4bb3) x23 0x80029c9a
core   0: 0x80007acc (0x002626b3) slt     a3, a2, sp
core   0: 3 0x80007acc (0x002626b3) x13 0x00000000
core   0: 0x80007ad0 (0x01666433) or      s0, a2, s6
core   0: 3 0x80007ad0 (0x01666433) x8  0x00000001
core   0: 0x80007ad4 (0x00f3f333) and     t1, t2, a5
core   0: 3 0x80007ad4 (0x00f3f333) x6  0x00000294
core   0: 0x80007ad8 (0xfa47e5e3) bltu    a5, tp, pc - 86
core   0: 3 0x80007ad8 (0xfa47e5e3)
core   0: 0x80007adc (0xfe6bfe13) andi    t3, s7, -26
core   0: 3 0x80007adc (0xfe6bfe13) x28 0x80029c82
core   0: 0x80007ae0 (0x026000ef) jal     pc + 0x26
core   0: 3 0x80007ae0 (0x026000ef) x1  0x80007ae4
core   0: 0x80007b06 (0x00a000ef) jal     pc + 0xa
core   0: 3 0x80007b06 (0x00a000ef) x1  0x80007b0a
core   0: 0x80007b10 (0xfe3ff0ef) jal     pc - 0x1e
core   0: 3 0x80007b10 (0xfe3ff0ef) x1  0x80007b14
core   0: 0x80007af2 (0xff7ff0ef) jal     pc - 0xa
core   0: 3 0x80007af2 (0xff7ff0ef) x1  0x80007af6
core   0: 0x80007ae8 (0x00002019) c.jal   pc + 6
core   0: 3 0x80007ae8 (0x2019) x1  0x80007aea
core   0: 0x80007aee (0x0080036f) jal     t1, pc + 0x8
core   0: 3 0x80007aee (0x0080036f) x6  0x80007af2
core   0: 0x80007af6 (0x0000a811) c.j     pc + 20
core   0: 3 0x80007af6 (0xa811)
core   0: 0x80007b0a (0x0000b7c5) c.j     pc - 32
core   0: 3 0x80007b0a (0xb7c5)
core   0: 0x80007aea (0x012000ef) jal     pc + 0x12
core   0: 3 0x80007aea (0x012000ef) x1  0x80007aee
core   0: 0x80007afc (0x00600f6f) jal     t5, pc + 0x6
core   0: 3 0x80007afc (0x00600f6f) x30 0x80007b00
core   0: 0x80007b02 (0x00a000ef) jal     pc + 0xa
core   0: 3 0x80007b02 (0x00a000ef) x1  0x80007b06
core   0: 0x80007b0c (0x008000ef) jal     pc + 0x8
core   0: 3 0x80007b0c (0x008000ef) x1  0x80007b10
core   0: 0x80007b14 (0xfe7ff0ef) jal     pc - 0x1a
core   0: 3 0x80007b14 (0xfe7ff0ef) x1  0x80007b18
core   0: 0x80007afa (0x000037ed) c.jal   pc - 22
core   0: 3 0x80007afa (0x37ed) x1  0x80007afc
core   0: 0x80007ae4 (0x0360056f) jal     a0, pc + 0x36
core   0: 3 0x80007ae4 (0x0360056f) x10 0x80007ae8
core   0: 0x80007b1a (0x0000bff9) c.j     pc - 34
core   0: 3 0x80007b1a (0xbff9)
core   0: 0x80007af8 (0x0000a005) c.j     pc + 32
core   0: 3 0x80007af8 (0xa005)
core   0: 0x80007b18 (0x000037e5) c.jal   pc - 24
core   0: 3 0x80007b18 (0x37e5) x1  0x80007b1a
core   0: 0x80007b00 (0x0000a831) c.j     pc + 28
core   0: 3 0x80007b00 (0xa831)
core   0: 0x80007b1c (0x00008d21) c.xor   a0, s0
core   0: 3 0x80007b1c (0x8d21) x10 0x80007ae9
core   0: 0x80007b1e (0x0000c397) auipc   t2, 0xc
core   0: 3 0x80007b1e (0x0000c397) x7  0x80013b1e
core   0: 0x80007b22 (0x12f38393) addi    t2, t2, 303
core   0: 3 0x80007b22 (0x12f38393) x7  0x80013c4d
core   0: 0x80007b26 (0x0123ce83) lbu     t4, 18(t2)
core   0: 3 0x80007b26 (0x0123ce83) x29 0x00000000 mem 0x80013c5f
core   0: 0x80007b2a (0x01238e03) lb      t3, 18(t2)
core   0: 3 0x80007b2a (0x01238e03) x28 0x00000000 mem 0x80013c5f
core   0: 0x80007b2e (0x01238883) lb      a7, 18(t2)
core   0: 3 0x80007b2e (0x01238883) x17 0x00000000 mem 0x80013c5f
core   0: 0x80007b32 (0x0123c983) lbu     s3, 18(t2)
core   0: 3 0x80007b32 (0x0123c983) x19 0x00000000 mem 0x80013c5f
core   0: 0x80007b36 (0x01738923) sb      s7, 18(t2)
core   0: 3 0x80007b36 (0x01738923) mem 0x80013c5f 0x9a
core   0: 0x80007b3a (0x0123c703) lbu     a4, 18(t2)
core   0: 3 0x80007b3a (0x0123c703) x14 0x0000009a mem 0x80013c5f
core   0: 0x80007b3e (0x00338923) sb      gp, 18(t2)
core   0: 3 0x80007b3e (0x00338923) mem 0x80013c5f 0x00
core   0: 0x80007b42 (0x0123c303) lbu     t1, 18(t2)
core   0: 3 0x80007b42 (0x0123c303) x6  0x00000000 mem 0x80013c5f
core   0: 0x80007b46 (0x01238d03) lb      s10, 18(t2)
core   0: 3 0x80007b46 (0x01238d03) x26 0x00000000 mem 0x80013c5f
core   0: 0x80007b4a (0x003e5f93) srli    t6, t3, 3
core   0: 3 0x80007b4a (0x003e5f93) x31 0x00000000
core   0: 0x80007b4e (0x0123cb03) lbu     s6, 18(t2)
core   0: 3 0x80007b4e (0x0123cb03) x22 0x00000000 mem 0x80013c5f
core   0: 0x80007b52 (0xfe139483) lh      s1, -31(t2)
core   0: 3 0x80007b52 (0xfe139483) x9  0xffff860b mem 0x80013c2e
core   0: 0x80007b56 (0x018000ef) jal     pc + 0x18
core   0: 3 0x80007b56 (0x018000ef) x1  0x80007b5a
core   0: 0x80007b6e (0x0000a019) c.j     pc + 6
core   0: 3 0x80007b6e (0xa019)
core   0: 0x80007b74 (0x0000bfd5) c.j     pc - 12
core   0: 3 0x80007b74 (0xbfd5)
core   0: 0x80007b68 (0x026000ef) jal     pc + 0x26
core   0: 3 0x80007b68 (0x026000ef) x1  0x80007b6c
core   0: 0x80007b8e (0x00003ff5) c.jal   pc - 4
core   0: 3 0x80007b8e (0x3ff5) x1  0x80007b90
core   0: 0x80007b8a (0x00003fd5) c.jal   pc - 12
core   0: 3 0x80007b8a (0x3fd5) x1  0x80007b8c
core   0: 0x80007b7e (0x012000ef) jal     pc + 0x12
core   0: 3 0x80007b7e (0x012000ef) x1  0x80007b82
core   0: 0x80007b90 (0xfe1ffcef) jal     s9, pc - 0x20
core   0: 3 0x80007b90 (0xfe1ffcef) x25 0x80007b94
core   0: 0x80007b70 (0x00002009) c.jal   pc + 2
core   0: 3 0x80007b70 (0x2009) x1  0x80007b72
core   0: 0x80007b72 (0x0000bfc5) c.j     pc - 16
core   0: 3 0x80007b72 (0xbfc5)
core   0: 0x80007b62 (0x0000a01d) c.j     pc + 38
core   0: 3 0x80007b62 (0xa01d)
core   0: 0x80007b88 (0x00003fc5) c.jal   pc - 16
core   0: 3 0x80007b88 (0x3fc5) x1  0x80007b8a
core   0: 0x80007b78 (0x014000ef) jal     pc + 0x14
core   0: 3 0x80007b78 (0x014000ef) x1  0x80007b7c
core   0: 0x80007b8c (0x00003fc5) c.jal   pc - 16
core   0: 3 0x80007b8c (0x3fc5) x1  0x80007b8e
core   0: 0x80007b7c (0x00002019) c.jal   pc + 6
core   0: 3 0x80007b7c (0x2019) x1  0x80007b7e
core   0: 0x80007b82 (0x0000b7d5) c.j     pc - 28
core   0: 3 0x80007b82 (0xb7d5)
core   0: 0x80007b66 (0x00002005) c.jal   pc + 32
core   0: 3 0x80007b66 (0x2005) x1  0x80007b68
core   0: 0x80007b86 (0x00002039) c.jal   pc + 14
core   0: 3 0x80007b86 (0x2039) x1  0x80007b88
core   0: 0x80007b94 (0x000037e1) c.jal   pc - 56
core   0: 3 0x80007b94 (0x37e1) x1  0x80007b96
core   0: 0x80007b5c (0x00002025) c.jal   pc + 40
core   0: 3 0x80007b5c (0x2025) x1  0x80007b5e
core   0: 0x80007b84 (0x0000bfe9) c.j     pc - 38
core   0: 3 0x80007b84 (0xbfe9)
core   0: 0x80007b5e (0x00002039) c.jal   pc + 14
core   0: 3 0x80007b5e (0x2039) x1  0x80007b60
core   0: 0x80007b6c (0x000037fd) c.jal   pc - 18
core   0: 3 0x80007b6c (0x37fd) x1  0x80007b6e
core   0: 0x80007b5a (0x00002835) c.jal   pc + 60
core   0: 3 0x80007b5a (0x2835) x1  0x80007b5c
core   0: 0x80007b96 (0x000037f9) c.jal   pc - 50
core   0: 3 0x80007b96 (0x37f9) x1  0x80007b98
core   0: 0x80007b64 (0x00002809) c.jal   pc + 18
core   0: 3 0x80007b64 (0x2809) x1  0x80007b66
core   0: 0x80007b76 (0x0000b7ed) c.j     pc - 22
core   0: 3 0x80007b76 (0xb7ed)
core   0: 0x80007b60 (0x00002825) c.jal   pc + 56
core   0: 3 0x80007b60 (0x2825) x1  0x80007b62
core   0: 0x80007b98 (0x03c4cf33) div     t5, s1, t3
core   0: 3 0x80007b98 (0x03c4cf33) x30 0xffffffff
core   0: 0x80007b9c (0x00009117) auipc   sp, 0x9
core   0: 3 0x80007b9c (0x00009117) x2  0x80010b9c
core   0: 0x80007ba0 (0x9cf10113) addi    sp, sp, -1585
core   0: 3 0x80007ba0 (0x9cf10113) x2  0x8001056b
core   0: 0x80007ba4 (0xfde10ba3) sb      t5, -41(sp)
core   0: 3 0x80007ba4 (0xfde10ba3) mem 0x80010542 0xff
core   0: 0x80007ba8 (0xfd714b03) lbu     s6, -41(sp)
core   0: 3 0x80007ba8 (0xfd714b03) x22 0x000000ff mem 0x80010542
core   0: 0x80007bac (0xfca10ba3) sb      a0, -41(sp)
core   0: 3 0x80007bac (0xfca10ba3) mem 0x80010542 0xe9
core   0: 0x80007bb0 (0x000d8e33) add     t3, s11, zero
core   0: 3 0x80007bb0 (0x000d8e33) x28 0x000048a8
core   0: 0x80007bb4 (0xfd710c83) lb      s9, -41(sp)
core   0: 3 0x80007bb4 (0xfd710c83) x25 0xffffffe9 mem 0x80010542
core   0: 0x80007bb8 (0x00814083) lbu     ra, 8(sp)
core   0: 3 0x80007bb8 (0x00814083) x1  0x00000094 mem 0x80010573
core   0: 0x80007bbc (0x00005ffd) c.li    t6, -1
core   0: 3 0x80007bbc (0x5ffd) x31 0xffffffff
core   0: 0x80007bbe (0x00814583) lbu     a1, 8(sp)
core   0: 3 0x80007bbe (0x00814583) x11 0x00000094 mem 0x80010573
core   0: 0x80007bc2 (0x03210683) lb      a3, 50(sp)
core   0: 3 0x80007bc2 (0x03210683) x13 0xfffffffa mem 0x8001059d
core   0: 0x80007bc6 (0x03214f83) lbu     t6, 50(sp)
core   0: 3 0x80007bc6 (0x03214f83) x31 0x000000fa mem 0x8001059d
core   0: 0x80007bca (0x03210183) lb      gp, 50(sp)
core   0: 3 0x80007bca (0x03210183) x3  0xfffffffa mem 0x8001059d
core   0: 0x80007bce (0x405383b3) sub     t2, t2, t0
core   0: 3 0x80007bce (0x405383b3) x7  0x80013bf3
core   0: 0x80007bd2 (0x03214803) lbu     a6, 50(sp)
core   0: 3 0x80007bd2 (0x03214803) x16 0x000000fa mem 0x8001059d
core   0: 0x80007bd6 (0x03214083) lbu     ra, 50(sp)
core   0: 3 0x80007bd6 (0x03214083) x1  0x000000fa mem 0x8001059d
core   0: 0x80007bda (0x03010d23) sb      a6, 58(sp)
core   0: 3 0x80007bda (0x03010d23) mem 0x800105a5 0xfa
core   0: 0x80007bde (0x00008345) c.srli  a4, 17
core   0: 3 0x80007bde (0x8345) x14 0x00000000
core   0: 0x80007be0 (0x03a10e03) lb      t3, 58(sp)
core   0: 3 0x80007be0 (0x03a10e03) x28 0xfffffffa mem 0x800105a5
core   0: 0x80007be4 (0x03a14503) lbu     a0, 58(sp)
core   0: 3 0x80007be4 (0x03a14503) x10 0x000000fa mem 0x800105a5
core   0: 0x80007be8 (0x00011597) auipc   a1, 0x11
core   0: 3 0x80007be8 (0x00011597) x11 0x80018be8
core   0: 0x80007bec (0xd2558593) addi    a1, a1, -731
core   0: 3 0x80007bec (0xd2558593) x11 0x8001890d
core   0: 0x80007bf0 (0x0055d783) lhu     a5, 5(a1)
core   0: 3 0x80007bf0 (0x0055d783) x15 0x0000946d mem 0x80018912
core   0: 0x80007bf4 (0x00c58e83) lb      t4, 12(a1)
core   0: 3 0x80007bf4 (0x00c58e83) x29 0x00000003 mem 0x80018919
core   0: 0x80007bf8 (0x00e76d33) or      s10, a4, a4
core   0: 3 0x80007bf8 (0x00e76d33) x26 0x00000000
core   0: 0x80007bfc (0x01d58123) sb      t4, 2(a1)
core   0: 3 0x80007bfc (0x01d58123) mem 0x8001890f 0x03
core   0: 0x80007c00 (0x00000e9d) c.addi  t4, 7
core   0: 3 0x80007c00 (0x0e9d) x29 0x0000000a
core   0: 0x80007c02 (0xffc58103) lb      sp, -4(a1)
core   0: 3 0x80007c02 (0xffc58103) x2  0xffffffc0 mem 0x80018909
core   0: 0x80007c06 (0xff15c783) lbu     a5, -15(a1)
core   0: 3 0x80007c06 (0xff15c783) x15 0x000000b6 mem 0x800188fe
core   0: 0x80007c0a (0x00b58d03) lb      s10, 11(a1)
core   0: 3 0x80007c0a (0x00b58d03) x26 0xffffff9a mem 0x80018918
core   0: 0x80007c0e (0x0085c283) lbu     t0, 8(a1)
core   0: 3 0x80007c0e (0x0085c283) x5  0x0000009a mem 0x80018915
core   0: 0x80007c12 (0x00a58e83) lb      t4, 10(a1)
core   0: 3 0x80007c12 (0x00a58e83) x29 0x00000050 mem 0x80018917
core   0: 0x80007c16 (0x01d580a3) sb      t4, 1(a1)
core   0: 3 0x80007c16 (0x01d580a3) mem 0x8001890e 0x50
core   0: 0x80007c1a (0xff65c283) lbu     t0, -10(a1)
core   0: 3 0x80007c1a (0xff65c283) x5  0x000000af mem 0x80018903
core   0: 0x80007c1e (0x00c58e83) lb      t4, 12(a1)
core   0: 3 0x80007c1e (0x00c58e83) x29 0x00000003 mem 0x80018919
core   0: 0x80007c22 (0xff358283) lb      t0, -13(a1)
core   0: 3 0x80007c22 (0xff358283) x5  0xffffffe5 mem 0x80018900
core   0: 0x80007c26 (0xfee58823) sb      a4, -16(a1)
core   0: 3 0x80007c26 (0xfee58823) mem 0x800188fd 0x00
core   0: 0x80007c2a (0xffa5afa3) sw      s10, -1(a1)
core   0: 3 0x80007c2a (0xffa5afa3) mem 0x8001890c 0xffffff9a
core   0: 0x80007c2e (0x00d5ce83) lbu     t4, 13(a1)
core   0: 3 0x80007c2e (0x00d5ce83) x29 0x00000055 mem 0x8001891a
core   0: 0x80007c32 (0xfff5a103) lw      sp, -1(a1)
core   0: 3 0x80007c32 (0xfff5a103) x2  0xffffff9a mem 0x8001890c
core   0: 0x80007c36 (0x00006121) c.addi16sp sp, 64
core   0: 3 0x80007c36 (0x6121) x2  0xffffffda
core   0: 0x80007c38 (0xffa58d23) sb      s10, -6(a1)
core   0: 3 0x80007c38 (0xffa58d23) mem 0x80018907 0x9a
core   0: 0x80007c3c (0x00d59e83) lh      t4, 13(a1)
core   0: 3 0x80007c3c (0x00d59e83) x29 0xffffc355 mem 0x8001891a
core   0: 0x80007c40 (0x00001e98) c.addi4spn a4, sp, 880
core   0: 3 0x80007c40 (0x1e98) x14 0x0000034a
core   0: 0x80007c42 (0x01a58423) sb      s10, 8(a1)
core   0: 3 0x80007c42 (0x01a58423) mem 0x80018915 0x9a
core   0: 0x80007c46 (0x01ad1293) slli    t0, s10, 26
core   0: 3 0x80007c46 (0x01ad1293) x5  0x68000000
core   0: 0x80007c4a (0x00f5c103) lbu     sp, 15(a1)
core   0: 3 0x80007c4a (0x00f5c103) x2  0x000000e4 mem 0x8001891c
core   0: 0x80007c4e (0x00008bf1) c.andi  a5, 28
core   0: 3 0x80007c4e (0x8bf1) x15 0x00000014
core   0: 0x80007c50 (0x00009116) c.add   sp, t0
core   0: 3 0x80007c50 (0x9116) x2  0x680000e4
core   0: 0x80007c52 (0x00c5c283) lbu     t0, 12(a1)
core   0: 3 0x80007c52 (0x00c5c283) x5  0x00000003 mem 0x80018919
core   0: 0x80007c56 (0x025d1133) mulh    sp, s10, t0
core   0: 3 0x80007c56 (0x025d1133) x2  0xffffffff
core   0: 0x80007c5a (0x01eed113) srli    sp, t4, 30
core   0: 3 0x80007c5a (0x01eed113) x2  0x00000003
core   0: 0x80007c5e (0x00258623) sb      sp, 12(a1)
core   0: 3 0x80007c5e (0x00258623) mem 0x80018919 0x03
core   0: 0x80007c62 (0x03a152b3) divu    t0, sp, s10
core   0: 3 0x80007c62 (0x03a152b3) x5  0x00000000
core   0: 0x80007c66 (0x00f5d783) lhu     a5, 15(a1)
core   0: 3 0x80007c66 (0x00f5d783) x15 0x0000d3e4 mem 0x8001891c
core   0: 0x80007c6a (0xff058703) lb      a4, -16(a1)
core   0: 3 0x80007c6a (0xff058703) x14 0x00000000 mem 0x800188fd
core   0: 0x80007c6e (0x00159283) lh      t0, 1(a1)
core   0: 3 0x80007c6e (0x00159283) x5  0xffffffff mem 0x8001890e
core   0: 0x80007c72 (0xff95dd03) lhu     s10, -7(a1)
core   0: 3 0x80007c72 (0xff95dd03) x26 0x00009a0b mem 0x80018906
core   0: 0x80007c76 (0x00e5c783) lbu     a5, 14(a1)
core   0: 3 0x80007c76 (0x00e5c783) x15 0x000000c3 mem 0x8001891b
core   0: 0x80007c7a (0x00017f17) auipc   t5, 0x17
core   0: 3 0x80007c7a (0x00017f17) x30 0x8001ec7a
core   0: 0x80007c7e (0x365f0f13) addi    t5, t5, 869
core   0: 3 0x80007c7e (0x365f0f13) x30 0x8001efdf
core   0: 0x80007c82 (0xf5bf0b23) sb      s11, -170(t5)
core   0: 3 0x80007c82 (0xf5bf0b23) mem 0x8001ef35 0xa8
core   0: 0x80007c86 (0x01af34b3) sltu    s1, t5, s10
core   0: 3 0x80007c86 (0x01af34b3) x9  0x00000000
core   0: 0x80007c8a (0x01009813) slli    a6, ra, 16
core   0: 3 0x80007c8a (0x01009813) x16 0x00fa0000
core   0: 0x80007c8e (0x000081d9) c.srli  a1, 22
core   0: 3 0x80007c8e (0x81d9) x11 0x00000200
core   0: 0x80007c90 (0xfcbf5d03) lhu     s10, -53(t5)
core   0: 3 0x80007c90 (0xfcbf5d03) x26 0x00008a1e mem 0x8001efaa
core   0: 0x80007c94 (0x01de17b3) sll     a5, t3, t4
core   0: 3 0x80007c94 (0x01de17b3) x15 0xff400000
core   0: 0x80007c98 (0x01df5083) lhu     ra, 29(t5)
core   0: 3 0x80007c98 (0x01df5083) x1  0x00000084 mem 0x8001effc
core   0: 0x80007c9c (0x025922b3) mulhsu  t0, s2, t0
core   0: 3 0x80007c9c (0x025922b3) x5  0x80025e18
core   0: 0x80007ca0 (0xf9bd2193) slti    gp, s10, -101
core   0: 3 0x80007ca0 (0xf9bd2193) x3  0x00000000
core   0: 0x80007ca4 (0x066f0d83) lb      s11, 102(t5)
core   0: 3 0x80007ca4 (0x066f0d83) x27 0xffffff86 mem 0x8001f045
core   0: 0x80007ca8 (0x0000717d) c.addi16sp sp, -16
core   0: 3 0x80007ca8 (0x717d) x2  0xfffffff3
core   0: 0x80007caa (0xf3ef4103) lbu     sp, -194(t5)
core   0: 3 0x80007caa (0xf3ef4103) x2  0x00000076 mem 0x8001ef1d
core   0: 0x80007cae (0x013c2db3) slt     s11, s8, s3
core   0: 3 0x80007cae (0x013c2db3) x27 0x00000001
core   0: 0x80007cb2 (0x022576b3) remu    a3, a0, sp
core   0: 3 0x80007cb2 (0x022576b3) x13 0x0000000e
core   0: 0x80007cb6 (0x01e79433) sll     s0, a5, t5
core   0: 3 0x80007cb6 (0x01e79433) x8  0x00000000
core   0: 0x80007cba (0x14a7b113) sltiu   sp, a5, 330
core   0: 3 0x80007cba (0x14a7b113) x2  0x00000000
core   0: 0x80007cbe (0xfdaf4d83) lbu     s11, -38(t5)
core   0: 3 0x80007cbe (0xfdaf4d83) x27 0x000000f1 mem 0x8001efb9
core   0: 0x80007cc2 (0x00008cfd) c.and   s1, a5
core   0: 3 0x80007cc2 (0x8cfd) x9  0x00000000
core   0: 0x80007cc4 (0x00008c69) c.and   s0, a0
core   0: 3 0x80007cc4 (0x8c69) x8  0x00000000
core   0: 0x80007cc6 (0xc5333893) sltiu   a7, t1, -941
core   0: 3 0x80007cc6 (0xc5333893) x17 0x00000001
core   0: 0x80007cca (0x00000ae2) c.slli  s5, 24
core   0: 3 0x80007cca (0x0ae2) x21 0xa5000000
core   0: 0x80007ccc (0x00905c93) srli    s9, zero, 9
core   0: 3 0x80007ccc (0x00905c93) x25 0x00000000
core   0: 0x80007cd0 (0xfcef28a3) sw      a4, -47(t5)
core   0: 3 0x80007cd0 (0xfcef28a3) mem 0x8001efb0 0x00000000
core   0: 0x80007cd4 (0x32464c93) xori    s9, a2, 804
core   0: 3 0x80007cd4 (0x32464c93) x25 0x00000324
core   0: 0x80007cd8 (0x05ef0a23) sb      t5, 84(t5)
core   0: 3 0x80007cd8 (0x05ef0a23) mem 0x8001f033 0xdf
core   0: 0x80007cdc (0x00000f88) c.addi4spn a0, sp, 976
core   0: 3 0x80007cdc (0x0f88) x10 0x000003d0
core   0: 0x80007cde (0x41750833) sub     a6, a0, s7
core   0: 3 0x80007cde (0x41750833) x16 0x7ffd6736
core   0: 0x80007ce2 (0xf7364713) xori    a4, a2, -141
core   0: 3 0x80007ce2 (0xf7364713) x14 0xffffff73
core   0: 0x80007ce6 (0x025c6333) rem     t1, s8, t0
core   0: 3 0x80007ce6 (0x025c6333) x6  0xffff221a
core   0: 0x80007cea (0x00008d75) c.and   a0, a3
core   0: 3 0x80007cea (0x8d75) x10 0x00000000
core   0: 0x80007cec (0x00698133) add     sp, s3, t1
core   0: 3 0x80007cec (0x00698133) x2  0xffff221a
core   0: 0x80007cf0 (0x00008f3d) c.xor   a4, a5
core   0: 3 0x80007cf0 (0x8f3d) x14 0x00bfff73
core   0: 0x80007cf2 (0x038aa0b3) mulhsu  ra, s5, s8
core   0: 3 0x80007cf2 (0x038aa0b3) x1  0xd27f776e
core   0: 0x80007cf6 (0x4c9de993) ori     s3, s11, 1225
core   0: 3 0x80007cf6 (0x4c9de993) x19 0x000004f9
core   0: 0x80007cfa (0x09ff0a23) sb      t6, 148(t5)
core   0: 3 0x80007cfa (0x09ff0a23) mem 0x8001f073 0xfa
core   0: 0x80007cfe (0x0f9f5b83) lhu     s7, 249(t5)
core   0: 3 0x80007cfe (0x0f9f5b83) x23 0x000040ad mem 0x8001f0d8
core   0: 0x80007d02 (0x03f79033) mulh    zero, a5, t6
core   0: 3 0x80007d02 (0x03f79033)
core   0: 0x80007d06 (0xf67f1783) lh      a5, -153(t5)
core   0: 3 0x80007d06 (0xf67f1783) x15 0xffffdc2d mem 0x8001ef46
core   0: 0x80007d0a (0x0000cd97) auipc   s11, 0xc
core   0: 3 0x80007d0a (0x0000cd97) x27 0x80013d0a
core   0: 0x80007d0e (0xed1d8d93) addi    s11, s11, -303
core   0: 3 0x80007d0e (0xed1d8d93) x27 0x80013bdb
core   0: 0x80007d12 (0x1448e9b7) lui     s3, 0x1448e
core   0: 3 0x80007d12 (0x1448e9b7) x19 0x1448e000
core   0: 0x80007d16 (0x02d3f6b3) remu    a3, t2, a3
core   0: 3 0x80007d16 (0x02d3f6b3) x13 0x00000007
core   0: 0x80007d1a (0x7f63e013) ori     zero, t2, 2038
core   0: 3 0x80007d1a (0x7f63e013)
core   0: 0x80007d1e (0xfb5daca3) sw      s5, -71(s11)
core   0: 3 0x80007d1e (0xfb5daca3) mem 0x80013b94 0xa5000000
core   0: 0x80007d22 (0x0b3d90a3) sh      s3, 161(s11)
core   0: 3 0x80007d22 (0x0b3d90a3) mem 0x80013c7c 0xe000
core   0: 0x80007d26 (0x40da8ab3) sub     s5, s5, a3
core   0: 3 0x80007d26 (0x40da8ab3) x21 0xa4fffff9
core   0: 0x80007d2a (0x00f7b7b3) sltu    a5, a5, a5
core   0: 3 0x80007d2a (0x00f7b7b3) x15 0x00000000
core   0: 0x80007d2e (0x02d9f6b3) remu    a3, s3, a3
core   0: 3 0x80007d2e (0x02d9f6b3) x13 0x00000003
core   0: 0x80007d32 (0x02069033) mulh    zero, a3, zero
core   0: 3 0x80007d32 (0x02069033)
core   0: 0x80007d36 (0x0079b033) sltu    zero, s3, t2
core   0: 3 0x80007d36 (0x0079b033)
core   0: 0x80007d3a (0x4009d9b3) sra     s3, s3, zero
core   0: 3 0x80007d3a (0x4009d9b3) x19 0x1448e000
core   0: 0x80007d3e (0x00009bfd) c.andi  a5, -1
core   0: 3 0x80007d3e (0x9bfd) x15 0x00000000
core   0: 0x80007d40 (0x0000839e) c.mv    t2, t2
core   0: 3 0x80007d40 (0x839e) x7  0x80013bf3
core   0: 0x80007d42 (0x000007a6) c.slli  a5, 9
core   0: 3 0x80007d42 (0x07a6) x15 0x00000000
core   0: 0x80007d44 (0xf4dd99a3) sh      a3, -173(s11)
core   0: 3 0x80007d44 (0xf4dd99a3) mem 0x80013b2e 0x0003
core   0: 0x80007d48 (0x027ac033) div     zero, s5, t2
core   0: 3 0x80007d48 (0x027ac033)
core   0: 0x80007d4c (0xfcfd8523) sb      a5, -54(s11)
core   0: 3 0x80007d4c (0xfcfd8523) mem 0x80013ba5 0x00
core   0: 0x80007d50 (0x007ab033) sltu    zero, s5, t2
core   0: 3 0x80007d50 (0x007ab033)
core   0: 0x80007d54 (0xfd5d8b23) sb      s5, -42(s11)
core   0: 3 0x80007d54 (0xfd5d8b23) mem 0x80013bb1 0xf9
core   0: 0x80007d58 (0xff3d9da3) sh      s3, -5(s11)
core   0: 3 0x80007d58 (0xff3d9da3) mem 0x80013bd6 0xe000
core   0: 0x80007d5c (0x000083ce) c.mv    t2, s3
core   0: 3 0x80007d5c (0x83ce) x7  0x1448e000
core   0: 0x80007d5e (0xfbbdc783) lbu     a5, -69(s11)
core   0: 3 0x80007d5e (0xfbbdc783) x15 0x00000000 mem 0x80013b96
core   0: 0x80007d62 (0x000089d6) c.mv    s3, s5
core   0: 3 0x80007d62 (0x89d6) x19 0xa4fffff9
core   0: 0x80007d64 (0x00c01013) slli    zero, zero, 12
core   0: 3 0x80007d64 (0x00c01013)
core   0: 0x80007d68 (0xef99b993) sltiu   s3, s3, -263
core   0: 3 0x80007d68 (0xef99b993) x19 0x00000001
core   0: 0x80007d6c (0xf48d8783) lb      a5, -184(s11)
core   0: 3 0x80007d6c (0xf48d8783) x15 0xfffffff9 mem 0x80013b23
core   0: 0x80007d70 (0x43073017) auipc   zero, 0x43073
core   0: 3 0x80007d70 (0x43073017)
core   0: 0x80007d74 (0x4073d9b3) sra     s3, t2, t2
core   0: 3 0x80007d74 (0x4073d9b3) x19 0x1448e000
core   0: 0x80007d78 (0xf63dd003) lhu     zero, -157(s11)
core   0: 3 0x80007d78 (0xf63dd003) mem 0x80013b3e
core   0: 0x80007d7c (0x010d8a83) lb      s5, 16(s11)
core   0: 3 0x80007d7c (0x010d8a83) x21 0x0000005f mem 0x80013beb
core   0: 0x80007d80 (0xf5fdda83) lhu     s5, -161(s11)
core   0: 3 0x80007d80 (0xf5fdda83) x21 0x0000c6d3 mem 0x80013b3a
core   0: 0x80007d84 (0x00c9d793) srli    a5, s3, 12
core   0: 3 0x80007d84 (0x00c9d793) x15 0x0001448e
core   0: 0x80007d88 (0xe5738693) addi    a3, t2, -425
core   0: 3 0x80007d88 (0xe5738693) x13 0x1448de57
core   0: 0x80007d8c (0xfafda0a3) sw      a5, -95(s11)
core   0: 3 0x80007d8c (0xfafda0a3) mem 0x80013b7c 0x0001448e
core   0: 0x80007d90 (0x000ae033) or      zero, s5, zero
core   0: 3 0x80007d90 (0x000ae033)
core   0: 0x80007d94 (0xfecdc783) lbu     a5, -20(s11)
core   0: 3 0x80007d94 (0xfecdc783) x15 0x000000e1 mem 0x80013bc7
core   0: 0x80007d98 (0x44307a93) andi    s5, zero, 1091
core   0: 3 0x80007d98 (0x44307a93) x21 0x00000000
core   0: 0x80007d9c (0x0206b6b3) mulhu   a3, a3, zero
core   0: 3 0x80007d9c (0x0206b6b3) x13 0x00000000
core   0: 0x80007da0 (0x40d68033) sub     zero, a3, a3
core   0: 3 0x80007da0 (0x40d68033)
core   0: 0x80007da4 (0x00008fd5) c.or    a5, a3
core   0: 3 0x80007da4 (0x8fd5) x15 0x000000e1
core   0: 0x80007da6 (0xf5bdd683) lhu     a3, -165(s11)
core   0: 3 0x80007da6 (0xf5bdd683) x13 0x0000c878 mem 0x80013b36
core   0: 0x80007daa (0x035aa7b3) mulhsu  a5, s5, s5
core   0: 3 0x80007daa (0x035aa7b3) x15 0x00000000
core   0: 0x80007dae (0x038d8003) lb      zero, 56(s11)
core   0: 3 0x80007dae (0x038d8003) mem 0x80013c13
core   0: 0x80007db2 (0x0a4dc983) lbu     s3, 164(s11)
core   0: 3 0x80007db2 (0x0a4dc983) x19 0x00000078 mem 0x80013c7f
core   0: 0x80007db6 (0x02d076b3) remu    a3, zero, a3
core   0: 3 0x80007db6 (0x02d076b3) x13 0x00000000
core   0: 0x80007dba (0x0dad8983) lb      s3, 218(s11)
core   0: 3 0x80007dba (0x0dad8983) x19 0xffffff83 mem 0x80013cb5
core   0: 0x80007dbe (0x414a8d33) sub     s10, s5, s4
core   0: 3 0x80007dbe (0x414a8d33) x26 0x7ffd631c
core   0: 0x80007dc2 (0x0000717d) c.addi16sp sp, -16
core   0: 3 0x80007dc2 (0x717d) x2  0xffff220a
core   0: 0x80007dc4 (0x00001e7d) c.addi  t3, -1
core   0: 3 0x80007dc4 (0x1e7d) x28 0xfffffff9
core   0: 0x80007dc6 (0x00008f29) c.xor   a4, a0
core   0: 3 0x80007dc6 (0x8f29) x14 0x00bfff73
core   0: 0x80007dc8 (0x025f12b3) mulh    t0, t5, t0
core   0: 3 0x80007dc8 (0x025f12b3) x5  0x3ffdd909
core   0: 0x80007dcc (0x0127c0b3) xor     ra, a5, s2
core   0: 3 0x80007dcc (0x0127c0b3) x1  0x80025e18
core   0: 0x80007dd0 (0xac516c13) ori     s8, sp, -1339
core   0: 3 0x80007dd0 (0xac516c13) x24 0xfffffacf
core   0: 0x80007dd4 (0x05587263) bgeu    a6, s5, pc + 68
core   0: 3 0x80007dd4 (0x05587263)
core   0: 0x80007e18 (0x013b9e13) slli    t3, s7, 19
core   0: 3 0x80007e18 (0x013b9e13) x28 0x05680000
core   0: 0x80007e1c (0x031d5d33) divu    s10, s10, a7
core   0: 3 0x80007e1c (0x031d5d33) x26 0x7ffd631c
core   0: 0x80007e20 (0x0139cb33) xor     s6, s3, s3
core   0: 3 0x80007e20 (0x0139cb33) x22 0x00000000
core   0: 0x80007e24 (0x03e56eb3) rem     t4, a0, t5
core   0: 3 0x80007e24 (0x03e56eb3) x29 0x00000000
core   0: 0x80007e28 (0x00001504) c.addi4spn s1, sp, 672
core   0: 3 0x80007e28 (0x1504) x9  0xffff24aa
core   0: 0x80007e2a (0x402ddf33) sra     t5, s11, sp
core   0: 3 0x80007e2a (0x402ddf33) x30 0xffe0004e
core   0: 0x80007e2e (0x033daab3) mulhsu  s5, s11, s3
core   0: 3 0x80007e2e (0x033daab3) x21 0x80013c19
core   0: 0x80007e32 (0x01664eb3) xor     t4, a2, s6
core   0: 3 0x80007e32 (0x01664eb3) x29 0x00000000
core   0: 0x80007e36 (0x408fd033) sra     zero, t6, s0
core   0: 3 0x80007e36 (0x408fd033)
core   0: 0x80007e3a (0x00000001) c.nop
core   0: 3 0x80007e3a (0x0001)
core   0: 0x80007e3c (0x681fc893) xori    a7, t6, 1665
core   0: 3 0x80007e3c (0x681fc893) x17 0x0000067b
core   0: 0x80007e40 (0x001f72b3) and     t0, t5, ra
core   0: 3 0x80007e40 (0x001f72b3) x5  0x80000008
core   0: 0x80007e44 (0x0239e533) rem     a0, s3, gp
core   0: 3 0x80007e44 (0x0239e533) x10 0xffffff83
core   0: 0x80007e48 (0x00006ad5) c.lui   s5, 0x15
core   0: 3 0x80007e48 (0x6ad5) x21 0x00015000
core   0: 0x80007e4a (0x00008da1) c.xor   a1, s0
core   0: 3 0x80007e4a (0x8da1) x11 0x00000200
core   0: 0x80007e4c (0x03c79ab3) mulh    s5, a5, t3
core   0: 3 0x80007e4c (0x03c79ab3) x21 0x00000000
core   0: 0x80007e50 (0x01436463) bltu    t1, s4, pc + 8
core   0: 3 0x80007e50 (0x01436463)
core   0: 0x80007e54 (0x05e77263) bgeu    a4, t5, pc + 68
core   0: 3 0x80007e54 (0x05e77263)
core   0: 0x80007e58 (0x416000b3) sub     ra, zero, s6
core   0: 3 0x80007e58 (0x416000b3) x1  0x00000000
core   0: 0x80007e5c (0x0000cc19) c.beqz  s0, pc + 30
core   0: 3 0x80007e5c (0xcc19)
core   0: 0x80007e7a (0x02f7e133) rem     sp, a5, a5
core   0: 3 0x80007e7a (0x02f7e133) x2  0x00000000
core   0: 0x80007e7e (0x0129f433) and     s0, s3, s2
core   0: 3 0x80007e7e (0x0129f433) x8  0x80025e00
core   0: 0x80007e82 (0x40ecd213) srai    tp, s9, 14
core   0: 3 0x80007e82 (0x40ecd213) x4  0x00000000
core   0: 0x80007e86 (0x00008da6) c.mv    s11, s1
core   0: 3 0x80007e86 (0x8da6) x27 0xffff24aa
core   0: 0x80007e88 (0x009ec663) blt     t4, s1, pc + 12
core   0: 3 0x80007e88 (0x009ec663)
core   0: 0x80007e8c (0x95464493) xori    s1, a2, -1708
core   0: 3 0x80007e8c (0x95464493) x9  0xfffff954
core   0: 0x80007e90 (0x009072b3) and     t0, zero, s1
core   0: 3 0x80007e90 (0x009072b3) x5  0x00000000
core   0: 0x80007e94 (0x01a44333) xor     t1, s0, s10
core   0: 3 0x80007e94 (0x01a44333) x6  0xffff3d1c
core   0: 0x80007e98 (0x02416d63) bltu    sp, tp, pc + 58
core   0: 3 0x80007e98 (0x02416d63)
core   0: 0x80007e9c (0x00000001) c.nop
core   0: 3 0x80007e9c (0x0001)
core   0: 0x80007e9e (0x00006159) c.addi16sp sp, 400
core   0: 3 0x80007e9e (0x6159) x2  0x00000190
core   0: 0x80007ea0 (0x0196ac33) slt     s8, a3, s9
core   0: 3 0x80007ea0 (0x0196ac33) x24 0x00000001
core   0: 0x80007ea4 (0x000005da) c.slli  a1, 22
core   0: 3 0x80007ea4 (0x05da) x11 0x80000000
core   0: 0x80007ea6 (0x00008dd1) c.or    a1, a2
core   0: 3 0x80007ea6 (0x8dd1) x11 0x80000000
core   0: 0x80007ea8 (0x9cfce293) ori     t0, s9, -1585
core   0: 3 0x80007ea8 (0x9cfce293) x5  0xfffffbef
core   0: 0x80007eac (0x00c57fb3) and     t6, a0, a2
core   0: 3 0x80007eac (0x00c57fb3) x31 0x00000000
core   0: 0x80007eb0 (0x02338cb3) mul     s9, t2, gp
core   0: 3 0x80007eb0 (0x02338cb3) x25 0x00000000
core   0: 0x80007eb4 (0x02c11533) mulh    a0, sp, a2
core   0: 3 0x80007eb4 (0x02c11533) x10 0x00000000
core   0: 0x80007eb8 (0x00e6d793) srli    a5, a3, 14
core   0: 3 0x80007eb8 (0x00e6d793) x15 0x00000000
core   0: 0x80007ebc (0x01cdd0b3) srl     ra, s11, t3
core   0: 3 0x80007ebc (0x01cdd0b3) x1  0xffff24aa
core   0: 0x80007ec0 (0x0000717d) c.addi16sp sp, -16
core   0: 3 0x80007ec0 (0x717d) x2  0x00000180
core   0: 0x80007ec2 (0x9d8f7c97) auipc   s9, 0x9d8f7
core   0: 3 0x80007ec2 (0x9d8f7c97) x25 0x1d8feec2
core   0: 0x80007ec6 (0x0187ea63) bltu    a5, s8, pc + 20
core   0: 3 0x80007ec6 (0x0187ea63)
core   0: 0x80007eda (0x00692ab3) slt     s5, s2, t1
core   0: 3 0x80007eda (0x00692ab3) x21 0x00000001
core   0: 0x80007ede (0x0075dc33) srl     s8, a1, t2
core   0: 3 0x80007ede (0x0075dc33) x24 0x80000000
core   0: 0x80007ee2 (0x03381963) bne     a6, s3, pc + 50
core   0: 3 0x80007ee2 (0x03381963)
core   0: 0x80007f14 (0x77bfff93) andi    t6, t6, 1915
core   0: 3 0x80007f14 (0x77bfff93) x31 0x00000000
core   0: 0x80007f18 (0x01a051b3) srl     gp, zero, s10
core   0: 3 0x80007f18 (0x01a051b3) x3  0x00000000
core   0: 0x80007f1c (0x009c0233) add     tp, s8, s1
core   0: 3 0x80007f1c (0x009c0233) x4  0x7ffff954
core   0: 0x80007f20 (0x01e61b63) bne     a2, t5, pc + 22
core   0: 3 0x80007f20 (0x01e61b63)
core   0: 0x80007f36 (0x01389eb3) sll     t4, a7, s3
core   0: 3 0x80007f36 (0x01389eb3) x29 0x000033d8
core   0: 0x80007f3a (0x005761b3) or      gp, a4, t0
core   0: 3 0x80007f3a (0x005761b3) x3  0xffffffff
core   0: 0x80007f3e (0x00008c19) c.sub   s0, a4
core   0: 3 0x80007f3e (0x8c19) x8  0x7f425e8d
core   0: 0x80007f40 (0x0000cc9d) c.beqz  s1, pc + 62
core   0: 3 0x80007f40 (0xcc9d)
core   0: 0x80007f42 (0x02a1eb33) rem     s6, gp, a0
core   0: 3 0x80007f42 (0x02a1eb33) x22 0xffffffff
core   0: 0x80007f46 (0x01348463) beq     s1, s3, pc + 8
core   0: 3 0x80007f46 (0x01348463)
core   0: 0x80007f4a (0x036c1333) mulh    t1, s8, s6
core   0: 3 0x80007f4a (0x036c1333) x6  0x00000000
core   0: 0x80007f4e (0x00008c09) c.sub   s0, a0
core   0: 3 0x80007f4e (0x8c09) x8  0x7f425e8d
core   0: 0x80007f50 (0x00000001) c.nop
core   0: 3 0x80007f50 (0x0001)
core   0: 0x80007f52 (0x000065d1) c.lui   a1, 0x14
core   0: 3 0x80007f52 (0x65d1) x11 0x00014000
core   0: 0x80007f54 (0x022ecab3) div     s5, t4, sp
core   0: 3 0x80007f54 (0x022ecab3) x21 0x00000022
core   0: 0x80007f58 (0x01d1fab3) and     s5, gp, t4
core   0: 3 0x80007f58 (0x01d1fab3) x21 0x000033d8
core   0: 0x80007f5c (0x03341ab3) mulh    s5, s0, s3
core   0: 3 0x80007f5c (0x03341ab3) x21 0xffffffc1
core   0: 0x80007f60 (0x03580bb3) mul     s7, a6, s5
core   0: 3 0x80007f60 (0x03580bb3) x23 0x80a399b6
core   0: 0x80007f64 (0x416cd713) srai    a4, s9, 22
core   0: 3 0x80007f64 (0x416cd713) x14 0x00000076
core   0: 0x80007f68 (0x003a8263) beq     s5, gp, pc + 4
core   0: 3 0x80007f68 (0x003a8263)
core   0: 0x80007f6c (0x024f4ab3) div     s5, t5, tp
core   0: 3 0x80007f6c (0x024f4ab3) x21 0x00000000
core   0: 0x80007f70 (0x00004b75) c.li    s6, 29
core   0: 3 0x80007f70 (0x4b75) x22 0x0000001d
core   0: 0x80007f72 (0x00f85013) srli    zero, a6, 15
core   0: 3 0x80007f72 (0x00f85013)
core   0: 0x80007f76 (0x019b1863) bne     s6, s9, pc + 16
core   0: 3 0x80007f76 (0x019b1863)
core   0: 0x80007f86 (0x0000c895) c.beqz  s1, pc + 52
core   0: 3 0x80007f86 (0xc895)
core   0: 0x80007f88 (0x00008005) c.srli  s0, 1
core   0: 3 0x80007f88 (0x8005) x8  0x3fa12f46
core   0: 0x80007f8a (0x02dd56b3) divu    a3, s10, a3
core   0: 3 0x80007f8a (0x02dd56b3) x13 0xffffffff
core   0: 0x80007f8e (0x00008f69) c.and   a4, a0
core   0: 3 0x80007f8e (0x8f69) x14 0x00000000
core   0: 0x80007f90 (0x41cd5093) srai    ra, s10, 28
core   0: 3 0x80007f90 (0x41cd5093) x1  0x00000007
core   0: 0x80007f94 (0x03b0d9b3) divu    s3, ra, s11
core   0: 3 0x80007f94 (0x03b0d9b3) x19 0x00000000
core   0: 0x80007f98 (0x41165f13) srai    t5, a2, 17
core   0: 3 0x80007f98 (0x41165f13) x30 0x00000000
core   0: 0x80007f9c (0x0259db33) divu    s6, s3, t0
core   0: 3 0x80007f9c (0x0259db33) x22 0x00000000
core   0: 0x80007fa0 (0x284baf13) slti    t5, s7, 644
core   0: 3 0x80007fa0 (0x284baf13) x30 0x00000001
core   0: 0x80007fa4 (0x0000859e) c.mv    a1, t2
core   0: 3 0x80007fa4 (0x859e) x11 0x1448e000
core   0: 0x80007fa6 (0x00cd7533) and     a0, s10, a2
core   0: 3 0x80007fa6 (0x00cd7533) x10 0x00000000
core   0: 0x80007faa (0xede47813) andi    a6, s0, -290
core   0: 3 0x80007faa (0xede47813) x16 0x3fa12e46
core   0: 0x80007fae (0x00008c9d) c.sub   s1, a5
core   0: 3 0x80007fae (0x8c9d) x9  0xfffff954
core   0: 0x80007fb0 (0x00000001) c.nop
core   0: 3 0x80007fb0 (0x0001)
core   0: 0x80007fb2 (0x02f8ee33) rem     t3, a7, a5
core   0: 3 0x80007fb2 (0x02f8ee33) x28 0x0000067b
core   0: 0x80007fb6 (0x00000001) c.nop
core   0: 3 0x80007fb6 (0x0001)
core   0: 0x80007fb8 (0x00006169) c.addi16sp sp, 208
core   0: 3 0x80007fb8 (0x6169) x2  0x00000250
core   0: 0x80007fba (0x00e39d33) sll     s10, t2, a4
core   0: 3 0x80007fba (0x00e39d33) x26 0x1448e000
core   0: 0x80007fbe (0x03b9e433) rem     s0, s3, s11
core   0: 3 0x80007fbe (0x03b9e433) x8  0x00000000
core   0: 0x80007fc2 (0x3b9d4d13) xori    s10, s10, 953
core   0: 3 0x80007fc2 (0x3b9d4d13) x26 0x1448e3b9
core   0: 0x80007fc6 (0x028eb833) mulhu   a6, t4, s0
core   0: 3 0x80007fc6 (0x028eb833) x16 0x00000000
core   0: 0x80007fca (0x000068f9) c.lui   a7, 0x1e
core   0: 3 0x80007fca (0x68f9) x17 0x0001e000
core   0: 0x80007fcc (0x0223a9b3) mulhsu  s3, t2, sp
core   0: 3 0x80007fcc (0x0223a9b3) x19 0x0000002e
core   0: 0x80007fd0 (0x00000001) c.nop
core   0: 3 0x80007fd0 (0x0001)
core   0: 0x80007fd2 (0x00009afd) c.andi  a3, -1
core   0: 3 0x80007fd2 (0x9afd) x13 0xffffffff
core   0: 0x80007fd4 (0x00008d2e) c.mv    s10, a1
core   0: 3 0x80007fd4 (0x8d2e) x26 0x1448e000
core   0: 0x80007fd6 (0x382e8713) addi    a4, t4, 898
core   0: 3 0x80007fd6 (0x382e8713) x14 0x0000375a
core   0: 0x80007fda (0x03e42433) mulhsu  s0, s0, t5
core   0: 3 0x80007fda (0x03e42433) x8  0x00000000
core   0: 0x80007fde (0x00008c19) c.sub   s0, a4
core   0: 3 0x80007fde (0x8c19) x8  0xffffc8a6
core   0: 0x80007fe0 (0xeeea6813) ori     a6, s4, -274
core   0: 3 0x80007fe0 (0xeeea6813) x16 0xfffffeee
core   0: 0x80007fe4 (0x01f672b3) and     t0, a2, t6
core   0: 3 0x80007fe4 (0x01f672b3) x5  0x00000000
core   0: 0x80007fe8 (0x02437033) remu    zero, t1, tp
core   0: 3 0x80007fe8 (0x02437033)
core   0: 0x80007fec (0x00006255) c.lui   tp, 0x15
core   0: 3 0x80007fec (0x6255) x4  0x00015000
core   0: 0x80007fee (0x0c89cd13) xori    s10, s3, 200
core   0: 3 0x80007fee (0x0c89cd13) x26 0x000000e6
core   0: 0x80007ff2 (0x01aa4d33) xor     s10, s4, s10
core   0: 3 0x80007ff2 (0x01aa4d33) x26 0x80029c02
core   0: 0x80007ff6 (0x40c082b3) sub     t0, ra, a2
core   0: 3 0x80007ff6 (0x40c082b3) x5  0x00000007
core   0: 0x80007ffa (0x9a7c7f13) andi    t5, s8, -1625
core   0: 3 0x80007ffa (0x9a7c7f13) x30 0x80000000
core   0: 0x80007ffe (0x00008c8d) c.sub   s1, a1
core   0: 3 0x80007ffe (0x8c8d) x9  0xebb71954
core   0: 0x80008000 (0x000790b3) sll     ra, a5, zero
core   0: 3 0x80008000 (0x000790b3) x1  0x00000000
core   0: 0x80008004 (0x00f97cb3) and     s9, s2, a5
core   0: 3 0x80008004 (0x00f97cb3) x25 0x00000000
core   0: 0x80008008 (0x00c932b3) sltu    t0, s2, a2
core   0: 3 0x80008008 (0x00c932b3) x5  0x00000000
core   0: 0x8000800c (0x00000001) c.nop
core   0: 3 0x8000800c (0x0001)
core   0: 0x8000800e (0x00eddcb3) srl     s9, s11, a4
core   0: 3 0x8000800e (0x00eddcb3) x25 0x0000003f
core   0: 0x80008012 (0x00008dd1) c.or    a1, a2
core   0: 3 0x80008012 (0x8dd1) x11 0x1448e000
core   0: 0x80008014 (0x0000c299) c.beqz  a3, pc + 6
core   0: 3 0x80008014 (0xc299)
core   0: 0x80008016 (0x000ea7b3) slt     a5, t4, zero
core   0: 3 0x80008016 (0x000ea7b3) x15 0x00000000
core   0: 0x8000801a (0x00008e99) c.sub   a3, a4
core   0: 3 0x8000801a (0x8e99) x13 0xffffc8a5
core   0: 0x8000801c (0x00008419) c.srai  s0, 6
core   0: 3 0x8000801c (0x8419) x8  0xffffff22
core   0: 0x8000801e (0x0374e763) bltu    s1, s7, pc + 46
core   0: 3 0x8000801e (0x0374e763)
core   0: 0x80008022 (0x00008c5a) c.mv    s8, s6
core   0: 3 0x80008022 (0x8c5a) x24 0x00000000
core   0: 0x80008024 (0x40cdd7b3) sra     a5, s11, a2
core   0: 3 0x80008024 (0x40cdd7b3) x15 0xffff24aa
core   0: 0x80008028 (0x5f92c113) xori    sp, t0, 1529
core   0: 3 0x80008028 (0x5f92c113) x2  0x000005f9
core   0: 0x8000802c (0x22904893) xori    a7, zero, 553
core   0: 3 0x8000802c (0x22904893) x17 0x00000229
core   0: 0x80008030 (0x83f64013) xori    zero, a2, -1985
core   0: 3 0x80008030 (0x83f64013)
core   0: 0x80008034 (0x01218b33) add     s6, gp, s2
core   0: 3 0x80008034 (0x01218b33) x22 0x80025e17
core   0: 0x80008038 (0x00001a00) c.addi4spn s0, sp, 304
core   0: 3 0x80008038 (0x1a00) x8  0x00000729
core   0: 0x8000803a (0x6e4ded93) ori     s11, s11, 1764
core   0: 3 0x8000803a (0x6e4ded93) x27 0xffff26ee
core   0: 0x8000803e (0x037a6433) rem     s0, s4, s7
core   0: 3 0x8000803e (0x037a6433) x8  0xff5f032e
core   0: 0x80008042 (0x02d97eb3) remu    t4, s2, a3
core   0: 3 0x80008042 (0x02d97eb3) x29 0x80025e18
core   0: 0x80008046 (0x00000001) c.nop
core   0: 3 0x80008046 (0x0001)
core   0: 0x80008048 (0x00006099) c.lui   ra, 0x6
core   0: 3 0x80008048 (0x6099) x1  0x00006000
core   0: 0x8000804a (0x000099fd) c.andi  a1, -1
core   0: 3 0x8000804a (0x99fd) x11 0x1448e000
core   0: 0x8000804c (0x00000e86) c.slli  t4, 1
core   0: 3 0x8000804c (0x0e86) x29 0x0004bc30
core   0: 0x8000804e (0x1683b1b7) lui     gp, 0x1683b
core   0: 3 0x8000804e (0x1683b1b7) x3  0x1683b000
core   0: 0x80008052 (0x00000001) c.nop
core   0: 3 0x80008052 (0x0001)
core   0: 0x80008054 (0x00008c71) c.and   s0, a2
core   0: 3 0x80008054 (0x8c71) x8  0x00000000
core   0: 0x80008056 (0xf96726b7) lui     a3, 0xf9672
core   0: 3 0x80008056 (0xf96726b7) x13 0xf9672000
core   0: 0x8000805a (0x0202c7b3) div     a5, t0, zero
core   0: 3 0x8000805a (0x0202c7b3) x15 0xffffffff
core   0: 0x8000805e (0x0000717d) c.addi16sp sp, -16
core   0: 3 0x8000805e (0x717d) x2  0x000005e9
core   0: 0x80008060 (0x00009afd) c.andi  a3, -1
core   0: 3 0x80008060 (0x9afd) x13 0xf9672000
core   0: 0x80008062 (0x02d76fb3) rem     t6, a4, a3
core   0: 3 0x80008062 (0x02d76fb3) x31 0x0000375a
core   0: 0x80008066 (0x01419e13) slli    t3, gp, 20
core   0: 3 0x80008066 (0x01419e13) x28 0x00000000
core   0: 0x8000806a (0x00008d5a) c.mv    s10, s6
core   0: 3 0x8000806a (0x8d5a) x26 0x80025e17
core   0: 0x8000806c (0x03386a63) bltu    a6, s3, pc + 52
core   0: 3 0x8000806c (0x03386a63)
core   0: 0x80008070 (0x00008ac5) c.andi  a3, 17
core   0: 3 0x80008070 (0x8ac5) x13 0x00000000
core   0: 0x80008072 (0x02d16d33) rem     s10, sp, a3
core   0: 3 0x80008072 (0x02d16d33) x26 0x000005e9
core   0: 0x80008076 (0x007959b3) srl     s3, s2, t2
core   0: 3 0x80008076 (0x007959b3) x19 0x80025e18
core   0: 0x8000807a (0x02647bb3) remu    s7, s0, t1
core   0: 3 0x8000807a (0x02647bb3) x23 0x00000000
core   0: 0x8000807e (0x010b1b63) bne     s6, a6, pc + 22
core   0: 3 0x8000807e (0x010b1b63)
core   0: 0x80008094 (0x00005e7d) c.li    t3, -1
core   0: 3 0x80008094 (0x5e7d) x28 0xffffffff
core   0: 0x80008096 (0x00000001) c.nop
core   0: 3 0x80008096 (0x0001)
core   0: 0x80008098 (0x000066bd) c.lui   a3, 0xf
core   0: 3 0x80008098 (0x66bd) x13 0x0000f000
core   0: 0x8000809a (0x97684b97) auipc   s7, 0x97684
core   0: 3 0x8000809a (0x97684b97) x23 0x1768c09a
core   0: 0x8000809e (0x0000527d) c.li    tp, -1
core   0: 3 0x8000809e (0x527d) x4  0xffffffff
core   0: 0x800080a0 (0x00cc20b3) slt     ra, s8, a2
core   0: 3 0x800080a0 (0x00cc20b3) x1  0x00000000
core   0: 0x800080a4 (0x00008cd1) c.or    s1, a2
core   0: 3 0x800080a4 (0x8cd1) x9  0xebb71954
core   0: 0x800080a6 (0x00009afd) c.andi  a3, -1
core   0: 3 0x800080a6 (0x9afd) x13 0x0000f000
core   0: 0x800080a8 (0x45cda4b7) lui     s1, 0x45cda
core   0: 3 0x800080a8 (0x45cda4b7) x9  0x45cda000
core   0: 0x800080ac (0x008c8e33) add     t3, s9, s0
core   0: 3 0x800080ac (0x008c8e33) x28 0x0000003f
core   0: 0x800080b0 (0xd7772f93) slti    t6, a4, -649
core   0: 3 0x800080b0 (0xd7772f93) x31 0x00000000
core   0: 0x800080b4 (0x40e60b33) sub     s6, a2, a4
core   0: 3 0x800080b4 (0x40e60b33) x22 0xffffc8a6
core   0: 0x800080b8 (0x003318b3) sll     a7, t1, gp
core   0: 3 0x800080b8 (0x003318b3) x17 0x00000000
core   0: 0x800080bc (0x02ff7e33) remu    t3, t5, a5
core   0: 3 0x800080bc (0x02ff7e33) x28 0x80000000
core   0: 0x800080c0 (0x00009bce) c.add   s7, s3
core   0: 3 0x800080c0 (0x9bce) x23 0x976b1eb2
core   0: 0x800080c2 (0x0f822a93) slti    s5, tp, 248
core   0: 3 0x800080c2 (0x0f822a93) x21 0x00000001
core   0: 0x800080c6 (0x03475c63) bge     a4, s4, pc + 56
core   0: 3 0x800080c6 (0x03475c63)
core   0: 0x800080fe (0x00008eb9) c.xor   a3, a4
core   0: 3 0x800080fe (0x8eb9) x13 0x0000c75a
core   0: 0x80008100 (0x01597d33) and     s10, s2, s5
core   0: 3 0x80008100 (0x01597d33) x26 0x00000000
core   0: 0x80008104 (0x032941b3) div     gp, s2, s2
core   0: 3 0x80008104 (0x032941b3) x3  0x00000001
core   0: 0x80008108 (0xb4d6ba93) sltiu   s5, a3, -1203
core   0: 3 0x80008108 (0xb4d6ba93) x21 0x00000001
core   0: 0x8000810c (0x03a88033) mul     zero, a7, s10
core   0: 3 0x8000810c (0x03a88033)
core   0: 0x80008110 (0x035c3cb3) mulhu   s9, s8, s5
core   0: 3 0x80008110 (0x035c3cb3) x25 0x00000000
core   0: 0x80008114 (0x0009d033) srl     zero, s3, zero
core   0: 3 0x80008114 (0x0009d033)
core   0: 0x80008118 (0xc5f14d37) lui     s10, 0xc5f14
core   0: 3 0x80008118 (0xc5f14d37) x26 0xc5f14000
core   0: 0x8000811c (0x00004111) c.li    sp, 4
core   0: 3 0x8000811c (0x4111) x2  0x00000004
core   0: 0x8000811e (0x01b3bb33) sltu    s6, t2, s11
core   0: 3 0x8000811e (0x01b3bb33) x22 0x00000001
core   0: 0x80008122 (0x00005efd) c.li    t4, -1
core   0: 3 0x80008122 (0x5efd) x29 0xffffffff
core   0: 0x80008124 (0x02dac297) auipc   t0, 0x2dac
core   0: 3 0x80008124 (0x02dac297) x5  0x82db4124
core   0: 0x80008128 (0x0005ed63) bltu    a1, zero, pc + 26
core   0: 3 0x80008128 (0x0005ed63)
core   0: 0x8000812c (0xc70aee13) ori     t3, s5, -912
core   0: 3 0x8000812c (0xc70aee13) x28 0xfffffc71
core   0: 0x80008130 (0x0132cc33) xor     s8, t0, s3
core   0: 3 0x80008130 (0x0132cc33) x24 0x02d91f3c
core   0: 0x80008134 (0x35168c13) addi    s8, a3, 849
core   0: 3 0x80008134 (0x35168c13) x24 0x0000caab
core   0: 0x80008138 (0x88dae813) ori     a6, s5, -1907
core   0: 3 0x80008138 (0x88dae813) x16 0xfffff88d
core   0: 0x8000813c (0x00005c7d) c.li    s8, -1
core   0: 3 0x8000813c (0x5c7d) x24 0xffffffff
core   0: 0x8000813e (0x03bad6b3) divu    a3, s5, s11
core   0: 3 0x8000813e (0x03bad6b3) x13 0x00000000
core   0: 0x80008142 (0x00f80eb3) add     t4, a6, a5
core   0: 3 0x80008142 (0x00f80eb3) x29 0xfffff88c
core   0: 0x80008146 (0x00001e84) c.addi4spn s1, sp, 880
core   0: 3 0x80008146 (0x1e84) x9  0x00000374
core   0: 0x80008148 (0x00008b72) c.mv    s6, t3
core   0: 3 0x80008148 (0x8b72) x22 0xfffffc71
core   0: 0x8000814a (0x03454733) div     a4, a0, s4
core   0: 3 0x8000814a (0x03454733) x14 0x00000000
core   0: 0x8000814e (0x00008cf5) c.and   s1, a3
core   0: 3 0x8000814e (0x8cf5) x9  0x00000000
core   0: 0x80008150 (0xfe9f8813) addi    a6, t6, -23
core   0: 3 0x80008150 (0xfe9f8813) x16 0xffffffe9
core   0: 0x80008154 (0x00000001) c.nop
core   0: 3 0x80008154 (0x0001)
core   0: 0x80008156 (0x005b27b3) slt     a5, s6, t0
core   0: 3 0x80008156 (0x005b27b3) x15 0x00000000
core   0: 0x8000815a (0x209dea97) auipc   s5, 0x209de
core   0: 3 0x8000815a (0x209dea97) x21 0xa09e615a
core   0: 0x8000815e (0x00009dba) c.add   s11, a4
core   0: 3 0x8000815e (0x9dba) x27 0xffff26ee
core   0: 0x80008160 (0x00008c45) c.or    s0, s1
core   0: 3 0x80008160 (0x8c45) x8  0x00000000
core   0: 0x80008162 (0x00008ed1) c.or    a3, a2
core   0: 3 0x80008162 (0x8ed1) x13 0x00000000
core   0: 0x80008164 (0x01fb5363) bge     s6, t6, pc + 6
core   0: 3 0x80008164 (0x01fb5363)
core   0: 0x80008168 (0x00006141) c.addi16sp sp, 16
core   0: 3 0x80008168 (0x6141) x2  0x00000014
core   0: 0x8000816a (0x01a349b3) xor     s3, t1, s10
core   0: 3 0x8000816a (0x01a349b3) x19 0xc5f14000
core   0: 0x8000816e (0x00006265) c.lui   tp, 0x19
core   0: 3 0x8000816e (0x6265) x4  0x00019000
core   0: 0x80008170 (0x03765b33) divu    s6, a2, s7
core   0: 3 0x80008170 (0x03765b33) x22 0x00000000
core   0: 0x80008174 (0x00c3ff33) and     t5, t2, a2
core   0: 3 0x80008174 (0x00c3ff33) x30 0x00000000
core   0: 0x80008178 (0x021516b3) mulh    a3, a0, ra
core   0: 3 0x80008178 (0x021516b3) x13 0x00000000
core   0: 0x8000817c (0x0000e80d) c.bnez  s0, pc + 50
core   0: 3 0x8000817c (0xe80d)
core   0: 0x8000817e (0x00d7c763) blt     a5, a3, pc + 14
core   0: 3 0x8000817e (0x00d7c763)
core   0: 0x80008182 (0x00000236) c.slli  tp, 13
core   0: 3 0x80008182 (0x0236) x4  0x32000000
core   0: 0x80008184 (0x416b8ab3) sub     s5, s7, s6
core   0: 3 0x80008184 (0x416b8ab3) x21 0x976b1eb2
core   0: 0x80008188 (0x000080e9) c.srli  s1, 26
core   0: 3 0x80008188 (0x80e9) x9  0x00000000
core   0: 0x8000818a (0x00000001) c.nop
core   0: 3 0x8000818a (0x0001)
core   0: 0x8000818c (0x025587b3) mul     a5, a1, t0
core   0: 3 0x8000818c (0x025587b3) x15 0xfb1f8000
core   0: 0x80008190 (0x00b0f0b3) and     ra, ra, a1
core   0: 3 0x80008190 (0x00b0f0b3) x1  0x00000000
core   0: 0x80008194 (0x00008876) c.mv    a6, t4
core   0: 3 0x80008194 (0x8876) x16 0xfffff88c
core   0: 0x80008196 (0xde7d8a93) addi    s5, s11, -537
core   0: 3 0x80008196 (0xde7d8a93) x21 0xffff24d5
core   0: 0x8000819a (0x0077cbb3) xor     s7, a5, t2
core   0: 3 0x8000819a (0x0077cbb3) x23 0xef576000
core   0: 0x8000819e (0x0161d233) srl     tp, gp, s6
core   0: 3 0x8000819e (0x0161d233) x4  0x00000001
core   0: 0x800081a2 (0x00b1da63) bge     gp, a1, pc + 20
core   0: 3 0x800081a2 (0x00b1da63)
core   0: 0x800081a6 (0x02c99f63) bne     s3, a2, pc + 62
core   0: 3 0x800081a6 (0x02c99f63)
core   0: 0x800081e4 (0x012a5d63) bge     s4, s2, pc + 26
core   0: 3 0x800081e4 (0x012a5d63)
core   0: 0x800081fe (0x02312cb3) mulhsu  s9, sp, gp
core   0: 3 0x800081fe (0x02312cb3) x25 0x00000000
core   0: 0x80008202 (0x025b9eb3) mulh    t4, s7, t0
core   0: 3 0x80008202 (0x025b9eb3) x29 0x0824ba41
core   0: 0x80008206 (0x0313b6b3) mulhu   a3, t2, a7
core   0: 3 0x80008206 (0x0313b6b3) x13 0x00000000
core   0: 0x8000820a (0x00008f19) c.sub   a4, a4
core   0: 3 0x8000820a (0x8f19) x14 0x00000000
core   0: 0x8000820c (0x41ff8eb3) sub     t4, t6, t6
core   0: 3 0x8000820c (0x41ff8eb3) x29 0x00000000
core   0: 0x80008210 (0x00000e00) c.addi4spn s0, sp, 784
core   0: 3 0x80008210 (0x0e00) x8  0x00000324
core   0: 0x80008212 (0x94f3a513) slti    a0, t2, -1713
core   0: 3 0x80008212 (0x94f3a513) x10 0x00000000
core   0: 0x80008216 (0x00000001) c.nop
core   0: 3 0x80008216 (0x0001)
core   0: 0x80008218 (0x0000ef0d) c.bnez  a4, pc + 58
core   0: 3 0x80008218 (0xef0d)
core   0: 0x8000821a (0x023cfd33) remu    s10, s9, gp
core   0: 3 0x8000821a (0x023cfd33) x26 0x00000000
core   0: 0x8000821e (0x000080b5) c.srli  s1, 13
core   0: 3 0x8000821e (0x80b5) x9  0x00000000
core   0: 0x80008220 (0x02f625b3) mulhsu  a1, a2, a5
core   0: 3 0x80008220 (0x02f625b3) x11 0x00000000
core   0: 0x80008224 (0x009a5793) srli    a5, s4, 9
core   0: 3 0x80008224 (0x009a5793) x15 0x0040014e
core   0: 0x80008228 (0x40a0d233) sra     tp, ra, a0
core   0: 3 0x80008228 (0x40a0d233) x4  0x00000000
core   0: 0x8000822c (0x00cd1463) bne     s10, a2, pc + 8
core   0: 3 0x8000822c (0x00cd1463)
core   0: 0x80008230 (0x02be9db3) mulh    s11, t4, a1
core   0: 3 0x80008230 (0x02be9db3) x27 0x00000000
core   0: 0x80008234 (0x022eda63) bge     t4, sp, pc + 52
core   0: 3 0x80008234 (0x022eda63)
core   0: 0x80008238 (0x00008d0d) c.sub   a0, a1
core   0: 3 0x80008238 (0x8d0d) x10 0x00000000
core   0: 0x8000823a (0x00008c59) c.or    s0, a4
core   0: 3 0x8000823a (0x8c59) x8  0x00000324
core   0: 0x8000823c (0xce018e13) addi    t3, gp, -800
core   0: 3 0x8000823c (0xce018e13) x28 0xfffffce1
core   0: 0x80008240 (0x038e91b3) mulh    gp, t4, s8
core   0: 3 0x80008240 (0x038e91b3) x3  0x00000000
core   0: 0x80008244 (0x01a22b33) slt     s6, tp, s10
core   0: 3 0x80008244 (0x01a22b33) x22 0x00000000
core   0: 0x80008248 (0x0000e59d) c.bnez  a1, pc + 46
core   0: 3 0x80008248 (0xe59d)
core   0: 0x8000824a (0x00a52c33) slt     s8, a0, a0
core   0: 3 0x8000824a (0x00a52c33) x24 0x00000000
core   0: 0x8000824e (0x9470a213) slti    tp, ra, -1721
core   0: 3 0x8000824e (0x9470a213) x4  0x00000000
core   0: 0x80008252 (0xdb8c2593) slti    a1, s8, -584
core   0: 3 0x80008252 (0xdb8c2593) x11 0x00000000
core   0: 0x80008256 (0x0000ec95) c.bnez  s1, pc + 60
core   0: 3 0x80008256 (0xec95)
core   0: 0x80008258 (0x00008d8e) c.mv    s11, gp
core   0: 3 0x80008258 (0x8d8e) x27 0x00000000
core   0: 0x8000825a (0x36e1b393) sltiu   t2, gp, 878
core   0: 3 0x8000825a (0x36e1b393) x7  0x00000001
core   0: 0x8000825e (0x40955ab3) sra     s5, a0, s1
core   0: 3 0x8000825e (0x40955ab3) x21 0x00000000
core   0: 0x80008262 (0x0000837a) c.mv    t1, t5
core   0: 3 0x80008262 (0x837a) x6  0x00000000
core   0: 0x80008264 (0x01537333) and     t1, t1, s5
core   0: 3 0x80008264 (0x01537333) x6  0x00000000
core   0: 0x80008268 (0x00256263) bltu    a0, sp, pc + 4
core   0: 3 0x80008268 (0x00256263)
core   0: 0x8000826c (0x02ca9fb3) mulh    t6, s5, a2
core   0: 3 0x8000826c (0x02ca9fb3) x31 0x00000000
core   0: 0x80008270 (0x0000717d) c.addi16sp sp, -16
core   0: 3 0x80008270 (0x717d) x2  0x00000004
core   0: 0x80008272 (0x9e5e33b7) lui     t2, 0x9e5e3
core   0: 3 0x80008272 (0x9e5e33b7) x7  0x9e5e3000
core   0: 0x80008276 (0x00008f55) c.or    a4, a3
core   0: 3 0x80008276 (0x8f55) x14 0x00000000
core   0: 0x80008278 (0x00008b15) c.andi  a4, 5
core   0: 3 0x80008278 (0x8b15) x14 0x00000000
core   0: 0x8000827a (0x0000127d) c.addi  tp, -1
core   0: 3 0x8000827a (0x127d) x4  0xffffffff
core   0: 0x8000827c (0x00261c93) slli    s9, a2, 2
core   0: 3 0x8000827c (0x00261c93) x25 0x00000000
core   0: 0x80008280 (0x037c4fb3) div     t6, s8, s7
core   0: 3 0x80008280 (0x037c4fb3) x31 0x00000000
core   0: 0x80008284 (0x010f9bb3) sll     s7, t6, a6
core   0: 3 0x80008284 (0x010f9bb3) x23 0x00000000
core   0: 0x80008288 (0x01d1d293) srli    t0, gp, 29
core   0: 3 0x80008288 (0x01d1d293) x5  0x00000000
core   0: 0x8000828c (0x00580863) beq     a6, t0, pc + 16
core   0: 3 0x8000828c (0x00580863)
core   0: 0x80008290 (0x00000001) c.nop
core   0: 3 0x80008290 (0x0001)
core   0: 0x80008292 (0x03536333) rem     t1, t1, s5
core   0: 3 0x80008292 (0x03536333) x6  0x00000000
core   0: 0x80008296 (0x0000950a) c.add   a0, sp
core   0: 3 0x80008296 (0x950a) x10 0x00000004
core   0: 0x80008298 (0x00008c41) c.or    s0, s0
core   0: 3 0x80008298 (0x8c41) x8  0x00000324
core   0: 0x8000829a (0x00008f3d) c.xor   a4, a5
core   0: 3 0x8000829a (0x8f3d) x14 0x0040014e
core   0: 0x8000829c (0x00008de9) c.and   a1, a0
core   0: 3 0x8000829c (0x8de9) x11 0x00000000
core   0: 0x8000829e (0x00005dfd) c.li    s11, -1
core   0: 3 0x8000829e (0x5dfd) x27 0xffffffff
core   0: 0x800082a0 (0xe2fc3217) auipc   tp, 0xe2fc3
core   0: 3 0x800082a0 (0xe2fc3217) x4  0x62fcb2a0
core   0: 0x800082a4 (0x0000c091) c.beqz  s1, pc + 4
core   0: 3 0x800082a4 (0xc091)
core   0: 0x800082a8 (0x81dd7793) andi    a5, s10, -2019
core   0: 3 0x800082a8 (0x81dd7793) x15 0x00000000
core   0: 0x800082ac (0x007da033) slt     zero, s11, t2
core   0: 3 0x800082ac (0x007da033)
core   0: 0x800082b0 (0x00f46bb3) or      s7, s0, a5
core   0: 3 0x800082b0 (0x00f46bb3) x23 0x00000324
core   0: 0x800082b4 (0x00008c75) c.and   s0, a3
core   0: 3 0x800082b4 (0x8c75) x8  0x00000000
core   0: 0x800082b6 (0x035f5b33) divu    s6, t5, s5
core   0: 3 0x800082b6 (0x035f5b33) x22 0xffffffff
core   0: 0x800082ba (0x40f05d13) srai    s10, zero, 15
core   0: 3 0x800082ba (0x40f05d13) x26 0x00000000
core   0: 0x800082be (0x00d2d463) bge     t0, a3, pc + 8
core   0: 3 0x800082be (0x00d2d463)
core   0: 0x800082c6 (0x4061d233) sra     tp, gp, t1
core   0: 3 0x800082c6 (0x4061d233) x4  0x00000000
core   0: 0x800082ca (0x0236abb3) mulhsu  s7, a3, gp
core   0: 3 0x800082ca (0x0236abb3) x23 0x00000000
core   0: 0x800082ce (0x0335ce33) div     t3, a1, s3
core   0: 3 0x800082ce (0x0335ce33) x28 0x00000000
core   0: 0x800082d2 (0x00008bed) c.andi  a5, 27
core   0: 3 0x800082d2 (0x8bed) x15 0x00000000
core   0: 0x800082d4 (0x02bef4b3) remu    s1, t4, a1
core   0: 3 0x800082d4 (0x02bef4b3) x9  0x00000000
core   0: 0x800082d8 (0x00000001) c.nop
core   0: 3 0x800082d8 (0x0001)
core   0: 0x800082da (0x4140dc13) srai    s8, ra, 20
core   0: 3 0x800082da (0x4140dc13) x24 0x00000000
core   0: 0x800082de (0x0078c233) xor     tp, a7, t2
core   0: 3 0x800082de (0x0078c233) x4  0x9e5e3000
core   0: 0x800082e2 (0x00008f01) c.sub   a4, s0
core   0: 3 0x800082e2 (0x8f01) x14 0x0040014e
core   0: 0x800082e4 (0x02452833) mulhsu  a6, a0, tp
core   0: 3 0x800082e4 (0x02452833) x16 0x00000002
core   0: 0x800082e8 (0x0000c805) c.beqz  s0, pc + 48
core   0: 3 0x800082e8 (0xc805)
core   0: 0x80008318 (0x00008d3d) c.xor   a0, a5
core   0: 3 0x80008318 (0x8d3d) x10 0x00000004
core   0: 0x8000831a (0x024b6b63) bltu    s6, tp, pc + 54
core   0: 3 0x8000831a (0x024b6b63)
core   0: 0x8000831e (0x185cc013) xori    zero, s9, 389
core   0: 3 0x8000831e (0x185cc013)
core   0: 0x80008322 (0x814b3513) sltiu   a0, s6, -2028
core   0: 3 0x80008322 (0x814b3513) x10 0x00000000
core   0: 0x80008326 (0x00008389) c.srli  a5, 2
core   0: 3 0x80008326 (0x8389) x15 0x00000000
core   0: 0x80008328 (0x02e5fe33) remu    t3, a1, a4
core   0: 3 0x80008328 (0x02e5fe33) x28 0x00000000
core   0: 0x8000832c (0x29b62413) slti    s0, a2, 667
core   0: 3 0x8000832c (0x29b62413) x8  0x00000001
core   0: 0x80008330 (0x00000001) c.nop
core   0: 3 0x80008330 (0x0001)
core   0: 0x80008332 (0x00005dfd) c.li    s11, -1
core   0: 3 0x80008332 (0x5dfd) x27 0xffffffff
core   0: 0x80008334 (0x0168de13) srli    t3, a7, 22
core   0: 3 0x80008334 (0x0168de13) x28 0x00000000
core   0: 0x80008338 (0xc0737213) andi    tp, t1, -1017
core   0: 3 0x80008338 (0xc0737213) x4  0x00000000
core   0: 0x8000833c (0x00d0bab3) sltu    s5, ra, a3
core   0: 3 0x8000833c (0x00d0bab3) x21 0x00000000
core   0: 0x80008340 (0x024e76b3) remu    a3, t3, tp
core   0: 3 0x80008340 (0x024e76b3) x13 0x00000000
core   0: 0x80008344 (0x00008cad) c.xor   s1, a1
core   0: 3 0x80008344 (0x8cad) x9  0x00000000
core   0: 0x80008346 (0x0000c811) c.beqz  s0, pc + 20
core   0: 3 0x80008346 (0xc811)
core   0: 0x80008348 (0x17665317) auipc   t1, 0x17665
core   0: 3 0x80008348 (0x17665317) x6  0x9766d348
core   0: 0x8000834c (0x047ce363) bltu    s9, t2, pc + 70
core   0: 3 0x8000834c (0x047ce363)
core   0: 0x80008392 (0x028bf833) remu    a6, s7, s0
core   0: 3 0x80008392 (0x028bf833) x16 0x00000000
core   0: 0x80008396 (0x3a672113) slti    sp, a4, 934
core   0: 3 0x80008396 (0x3a672113) x2  0x00000000
core   0: 0x8000839a (0x00009252) c.add   tp, s4
core   0: 3 0x8000839a (0x9252) x4  0x80029ce4
core   0: 0x8000839c (0x03d5b5b3) mulhu   a1, a1, t4
core   0: 3 0x8000839c (0x03d5b5b3) x11 0x00000000
core   0: 0x800083a0 (0x026ece63) blt     t4, t1, pc + 60
core   0: 3 0x800083a0 (0x026ece63)
core   0: 0x800083a4 (0x0354c263) blt     s1, s5, pc + 36
core   0: 3 0x800083a4 (0x0354c263)
core   0: 0x800083a8 (0x00cb5193) srli    gp, s6, 12
core   0: 3 0x800083a8 (0x00cb5193) x3  0x000fffff
core   0: 0x800083ac (0x0000828d) c.srli  a3, 3
core   0: 3 0x800083ac (0x828d) x13 0x00000000
core   0: 0x800083ae (0x40e3d113) srai    sp, t2, 14
core   0: 3 0x800083ae (0x40e3d113) x2  0xfffe7978
core   0: 0x800083b2 (0x2941b713) sltiu   a4, gp, 660
core   0: 3 0x800083b2 (0x2941b713) x14 0x00000000
core   0: 0x800083b6 (0x02dfa133) mulhsu  sp, t6, a3
core   0: 3 0x800083b6 (0x02dfa133) x2  0x00000000
core   0: 0x800083ba (0x000098fd) c.andi  s1, -1
core   0: 3 0x800083ba (0x98fd) x9  0x00000000
core   0: 0x800083bc (0x00000001) c.nop
core   0: 3 0x800083bc (0x0001)
core   0: 0x800083be (0x03bd7733) remu    a4, s10, s11
core   0: 3 0x800083be (0x03bd7733) x14 0x00000000
core   0: 0x800083c2 (0x41dc8f33) sub     t5, s9, t4
core   0: 3 0x800083c2 (0x41dc8f33) x30 0x00000000
core   0: 0x800083c6 (0x00008fbd) c.xor   a5, a5
core   0: 3 0x800083c6 (0x8fbd) x15 0x00000000
core   0: 0x800083c8 (0xaa0ca593) slti    a1, s9, -1376
core   0: 3 0x800083c8 (0xaa0ca593) x11 0x00000000
core   0: 0x800083cc (0x1a4cac93) slti    s9, s9, 420
core   0: 3 0x800083cc (0x1a4cac93) x25 0x00000001
core   0: 0x800083d0 (0x0374e163) bltu    s1, s7, pc + 34
core   0: 3 0x800083d0 (0x0374e163)
core   0: 0x800083d4 (0x00008d6d) c.and   a0, a1
core   0: 3 0x800083d4 (0x8d6d) x10 0x00000000
core   0: 0x800083d6 (0x154d3113) sltiu   sp, s10, 340
core   0: 3 0x800083d6 (0x154d3113) x2  0x00000001
core   0: 0x800083da (0x00000001) c.nop
core   0: 3 0x800083da (0x0001)
core   0: 0x800083dc (0xaf2f8993) addi    s3, t6, -1294
core   0: 3 0x800083dc (0xaf2f8993) x19 0xfffffaf2
core   0: 0x800083e0 (0x00008d61) c.and   a0, s0
core   0: 3 0x800083e0 (0x8d61) x10 0x00000000
core   0: 0x800083e2 (0xe8e65b37) lui     s6, 0xe8e65
core   0: 3 0x800083e2 (0xe8e65b37) x22 0xe8e65000
core   0: 0x800083e6 (0x00bdf663) bgeu    s11, a1, pc + 12
core   0: 3 0x800083e6 (0x00bdf663)
core   0: 0x800083f2 (0x4193d213) srai    tp, t2, 25
core   0: 3 0x800083f2 (0x4193d213) x4  0xffffffcf
core   0: 0x800083f6 (0x77464593) xori    a1, a2, 1908
core   0: 3 0x800083f6 (0x77464593) x11 0x00000774
core   0: 0x800083fa (0x02b55963) bge     a0, a1, pc + 50
core   0: 3 0x800083fa (0x02b55963)
core   0: 0x800083fe (0x403b8033) sub     zero, s7, gp
core   0: 3 0x800083fe (0x403b8033)
core   0: 0x80008402 (0x00000001) c.nop
core   0: 3 0x80008402 (0x0001)
core   0: 0x80008404 (0x03f86033) rem     zero, a6, t6
core   0: 3 0x80008404 (0x03f86033)
core   0: 0x80008408 (0x02841eb3) mulh    t4, s0, s0
core   0: 3 0x80008408 (0x02841eb3) x29 0x00000000
core   0: 0x8000840c (0x030f0163) beq     t5, a6, pc + 34
core   0: 3 0x8000840c (0x030f0163)
core   0: 0x8000842e (0x00f2fdb3) and     s11, t0, a5
core   0: 3 0x8000842e (0x00f2fdb3) x27 0x00000000
core   0: 0x80008432 (0x00000001) c.nop
core   0: 3 0x80008432 (0x0001)
core   0: 0x80008434 (0x01f55663) bge     a0, t6, pc + 12
core   0: 3 0x80008434 (0x01f55663)
core   0: 0x80008440 (0x027ba9b3) mulhsu  s3, s7, t2
core   0: 3 0x80008440 (0x027ba9b3) x19 0x00000000
core   0: 0x80008444 (0x0037a533) slt     a0, a5, gp
core   0: 3 0x80008444 (0x0037a533) x10 0x00000001
core   0: 0x80008448 (0x00788733) add     a4, a7, t2
core   0: 3 0x80008448 (0x00788733) x14 0x9e5e3000
core   0: 0x8000844c (0x270f6093) ori     ra, t5, 624
core   0: 3 0x8000844c (0x270f6093) x1  0x00000270
core   0: 0x80008450 (0x022afa63) bgeu    s5, sp, pc + 52
core   0: 3 0x80008450 (0x022afa63)
core   0: 0x80008454 (0x34677f13) andi    t5, a4, 838
core   0: 3 0x80008454 (0x34677f13) x30 0x00000000
core   0: 0x80008458 (0x00009b36) c.add   s6, a3
core   0: 3 0x80008458 (0x9b36) x22 0xe8e65000
core   0: 0x8000845a (0x00001318) c.addi4spn a4, sp, 416
core   0: 3 0x8000845a (0x1318) x14 0x000001a1
core   0: 0x8000845c (0x56ee2837) lui     a6, 0x56ee2
core   0: 3 0x8000845c (0x56ee2837) x16 0x56ee2000
core   0: 0x80008460 (0x00005b7d) c.li    s6, -1
core   0: 3 0x80008460 (0x5b7d) x22 0xffffffff
core   0: 0x80008462 (0x03e27b63) bgeu    tp, t5, pc + 54
core   0: 3 0x80008462 (0x03e27b63)
core   0: 0x80008498 (0x4f4ca113) slti    sp, s9, 1268
core   0: 3 0x80008498 (0x4f4ca113) x2  0x00000001
core   0: 0x8000849c (0x00000001) c.nop
core   0: 3 0x8000849c (0x0001)
core   0: 0x8000849e (0xa3ade093) ori     ra, s11, -1478
core   0: 3 0x8000849e (0xa3ade093) x1  0xfffffa3a
core   0: 0x800084a2 (0x03190133) mul     sp, s2, a7
core   0: 3 0x800084a2 (0x03190133) x2  0x00000000
core   0: 0x800084a6 (0x0187a3b3) slt     t2, a5, s8
core   0: 3 0x800084a6 (0x0187a3b3) x7  0x00000000
core   0: 0x800084aa (0x00a90f33) add     t5, s2, a0
core   0: 3 0x800084aa (0x00a90f33) x30 0x80025e19
core   0: 0x800084ae (0x0a1b7263) bgeu    s6, ra, pc + 164
core   0: 3 0x800084ae (0x0a1b7263)
core   0: 0x80008552 (0x96ab0b93) addi    s7, s6, -1686
core   0: 3 0x80008552 (0x96ab0b93) x23 0xfffff969
core   0: 0x80008556 (0x00008db6) c.mv    s11, a3
core   0: 3 0x80008556 (0x8db6) x27 0x00000000
core   0: 0x80008558 (0x020ea1b3) mulhsu  gp, t4, zero
core   0: 3 0x80008558 (0x020ea1b3) x3  0x00000000
core   0: 0x8000855c (0x00009886) c.add   a7, ra
core   0: 3 0x8000855c (0x9886) x17 0xfffffa3a
core   0: 0x8000855e (0x7f1f8113) addi    sp, t6, 2033
core   0: 3 0x8000855e (0x7f1f8113) x2  0x000007f1
core   0: 0x80008562 (0xbe284f93) xori    t6, a6, -1054
core   0: 3 0x80008562 (0xbe284f93) x31 0xa911dbe2
core   0: 0x80008566 (0x157eae37) lui     t3, 0x157ea
core   0: 3 0x80008566 (0x157eae37) x28 0x157ea000
core   0: 0x8000856a (0xa9a00b93) li      s7, -1382
core   0: 3 0x8000856a (0xa9a00b93) x23 0xfffffa9a
core   0: 0x8000856e (0x0256deb3) divu    t4, a3, t0
core   0: 3 0x8000856e (0x0256deb3) x29 0xffffffff
core   0: 0x80008572 (0x00008599) c.srai  a1, 6
core   0: 3 0x80008572 (0x8599) x11 0x0000001d
core   0: 0x80008574 (0x0000cf01) c.beqz  a4, pc + 24
core   0: 3 0x80008574 (0xcf01)
core   0: 0x80008576 (0x00e12033) slt     zero, sp, a4
core   0: 3 0x80008576 (0x00e12033)
core   0: 0x8000857a (0xca92cc93) xori    s9, t0, -855
core   0: 3 0x8000857a (0xca92cc93) x25 0xfffffca9
core   0: 0x8000857e (0x00008ecd) c.or    a3, a1
core   0: 3 0x8000857e (0x8ecd) x13 0x0000001d
core   0: 0x80008580 (0x63286d93) ori     s11, a6, 1586
core   0: 3 0x80008580 (0x63286d93) x27 0x56ee2632
core   0: 0x80008584 (0x64ffed93) ori     s11, t6, 1615
core   0: 3 0x80008584 (0x64ffed93) x27 0xa911dfef
core   0: 0x80008588 (0x5e30c013) xori    zero, ra, 1507
core   0: 3 0x80008588 (0x5e30c013)
core   0: 0x8000858c (0x000087fd) c.srai  a5, 31
core   0: 3 0x8000858c (0x87fd) x15 0x00000000
core   0: 0x8000858e (0x00004241) c.li    tp, 16
core   0: 3 0x8000858e (0x4241) x4  0x00000010
core   0: 0x80008590 (0x413cd013) srai    zero, s9, 19
core   0: 3 0x80008590 (0x413cd013)
core   0: 0x80008594 (0x00008d19) c.sub   a0, a4
core   0: 3 0x80008594 (0x8d19) x10 0xfffffe60
core   0: 0x80008596 (0x03725bb3) divu    s7, tp, s7
core   0: 3 0x80008596 (0x03725bb3) x23 0x00000000
core   0: 0x8000859a (0x00000001) c.nop
core   0: 3 0x8000859a (0x0001)
core   0: 0x8000859c (0x0000623d) c.lui   tp, 0xf
core   0: 3 0x8000859c (0x623d) x4  0x0000f000
core   0: 0x8000859e (0x00325893) srli    a7, tp, 3
core   0: 3 0x8000859e (0x00325893) x17 0x00001e00
core   0: 0x800085a2 (0x028f3db3) mulhu   s11, t5, s0
core   0: 3 0x800085a2 (0x028f3db3) x27 0x00000000
core   0: 0x800085a6 (0x1e37c413) xori    s0, a5, 483
core   0: 3 0x800085a6 (0x1e37c413) x8  0x000001e3
core   0: 0x800085aa (0x000048c9) c.li    a7, 18
core   0: 3 0x800085aa (0x48c9) x17 0x00000012
core   0: 0x800085ac (0x00005dfd) c.li    s11, -1
core   0: 3 0x800085ac (0x5dfd) x27 0xffffffff
core   0: 0x800085ae (0x00008fa9) c.xor   a5, a0
core   0: 3 0x800085ae (0x8fa9) x15 0xfffffe60
core   0: 0x800085b0 (0x017e2ab3) slt     s5, t3, s7
core   0: 3 0x800085b0 (0x017e2ab3) x21 0x00000000
core   0: 0x800085b4 (0x093de693) ori     a3, s11, 147
core   0: 3 0x800085b4 (0x093de693) x13 0xffffffff
core   0: 0x800085b8 (0x02542e33) mulhsu  t3, s0, t0
core   0: 3 0x800085b8 (0x02542e33) x28 0x00000000
core   0: 0x800085bc (0x00004f79) c.li    t5, 30
core   0: 3 0x800085bc (0x4f79) x30 0x0000001e
core   0: 0x800085be (0x00000001) c.nop
core   0: 3 0x800085be (0x0001)
core   0: 0x800085c0 (0x03fd57b3) divu    a5, s10, t6
core   0: 3 0x800085c0 (0x03fd57b3) x15 0x00000000
core   0: 0x800085c4 (0x011b70b3) and     ra, s6, a7
core   0: 3 0x800085c4 (0x011b70b3) x1  0x00000012
core   0: 0x800085c8 (0x0000011c) c.addi4spn a5, sp, 128
core   0: 3 0x800085c8 (0x011c) x15 0x00000871
core   0: 0x800085ca (0x00006161) c.addi16sp sp, 80
core   0: 3 0x800085ca (0x6161) x2  0x00000841
core   0: 0x800085cc (0x010fc263) blt     t6, a6, pc + 4
core   0: 3 0x800085cc (0x010fc263)
core   0: 0x800085d0 (0x035045b3) div     a1, zero, s5
core   0: 3 0x800085d0 (0x035045b3) x11 0xffffffff
core   0: 0x800085d4 (0x01277733) and     a4, a4, s2
core   0: 3 0x800085d4 (0x01277733) x14 0x00000000
core   0: 0x800085d8 (0x019dc463) blt     s11, s9, pc + 8
core   0: 3 0x800085d8 (0x019dc463)
core   0: 0x800085dc (0xe9e90593) addi    a1, s2, -354
core   0: 3 0x800085dc (0xe9e90593) x11 0x80025cb6
core   0: 0x800085e0 (0x028f4133) div     sp, t5, s0
core   0: 3 0x800085e0 (0x028f4133) x2  0x00000000
core   0: 0x800085e4 (0x00e17833) and     a6, sp, a4
core   0: 3 0x800085e4 (0x00e17833) x16 0x00000000
core   0: 0x800085e8 (0x02a2dcb3) divu    s9, t0, a0
core   0: 3 0x800085e8 (0x02a2dcb3) x25 0x00000000
core   0: 0x800085ec (0x030acb33) div     s6, s5, a6
core   0: 3 0x800085ec (0x030acb33) x22 0xffffffff
core   0: 0x800085f0 (0x0321d4b3) divu    s1, gp, s2
core   0: 3 0x800085f0 (0x0321d4b3) x9  0x00000000
core   0: 0x800085f4 (0x0000e339) c.bnez  a4, pc + 70
core   0: 3 0x800085f4 (0xe339)
core   0: 0x800085f6 (0x030f7e63) bgeu    t5, a6, pc + 60
core   0: 3 0x800085f6 (0x030f7e63)
core   0: 0x80008632 (0x00641463) bne     s0, t1, pc + 8
core   0: 3 0x80008632 (0x00641463)
core   0: 0x8000863a (0x022134b3) mulhu   s1, sp, sp
core   0: 3 0x8000863a (0x022134b3) x9  0x00000000
core   0: 0x8000863e (0x001c1313) slli    t1, s8, 1
core   0: 3 0x8000863e (0x001c1313) x6  0x00000000
core   0: 0x80008642 (0x023f6133) rem     sp, t5, gp
core   0: 3 0x80008642 (0x023f6133) x2  0x0000001e
core   0: 0x80008646 (0x0000c285) c.beqz  a3, pc + 32
core   0: 3 0x80008646 (0xc285)
core   0: 0x80008648 (0x00000001) c.nop
core   0: 3 0x80008648 (0x0001)
core   0: 0x8000864a (0x00008f3e) c.mv    t5, a5
core   0: 3 0x8000864a (0x8f3e) x30 0x00000871
core   0: 0x8000864c (0x0000cf0d) c.beqz  a4, pc + 58
core   0: 3 0x8000864c (0xcf0d)
core   0: 0x80008686 (0x000000c9) c.addi  ra, 18
core   0: 3 0x80008686 (0x00c9) x1  0x00000024
core   0: 0x80008688 (0x00008b5d) c.andi  a4, 23
core   0: 3 0x80008688 (0x8b5d) x14 0x00000000
core   0: 0x8000868a (0x0000819d) c.srli  a1, 7
core   0: 3 0x8000868a (0x819d) x11 0x010004b9
core   0: 0x8000868c (0x01da5b93) srli    s7, s4, 29
core   0: 3 0x8000868c (0x01da5b93) x23 0x00000004
core   0: 0x80008690 (0x00008292) c.mv    t0, tp
core   0: 3 0x80008690 (0x8292) x5  0x0000f000
core   0: 0x80008692 (0x00008dd9) c.or    a1, a4
core   0: 3 0x80008692 (0x8dd9) x11 0x010004b9
core   0: 0x80008694 (0x0396d863) bge     a3, s9, pc + 48
core   0: 3 0x80008694 (0x0396d863)
core   0: 0x80008698 (0x01bcc563) blt     s9, s11, pc + 10
core   0: 3 0x80008698 (0x01bcc563)
core   0: 0x8000869c (0x0000611d) c.addi16sp sp, 416
core   0: 3 0x8000869c (0x611d) x2  0x000001be
core   0: 0x8000869e (0x11786f93) ori     t6, a6, 279
core   0: 3 0x8000869e (0x11786f93) x31 0x00000117
core   0: 0x800086a2 (0x00008c31) c.xor   s0, a2
core   0: 3 0x800086a2 (0x8c31) x8  0x000001e3
core   0: 0x800086a4 (0x00008005) c.srli  s0, 1
core   0: 3 0x800086a4 (0x8005) x8  0x000000f1
core   0: 0x800086a6 (0x00008c29) c.xor   s0, a0
core   0: 3 0x800086a6 (0x8c29) x8  0xfffffe91
core   0: 0x800086a8 (0x2203be93) sltiu   t4, t2, 544
core   0: 3 0x800086a8 (0x2203be93) x29 0x00000001
core   0: 0x800086ac (0x00000f16) c.slli  t5, 5
core   0: 3 0x800086ac (0x0f16) x30 0x00010e20
core   0: 0x800086ae (0x6a108813) addi    a6, ra, 1697
core   0: 3 0x800086ae (0x6a108813) x16 0x000006c5
core   0: 0x800086b2 (0x00000001) c.nop
core   0: 3 0x800086b2 (0x0001)
core   0: 0x800086b4 (0x0227e133) rem     sp, a5, sp
core   0: 3 0x800086b4 (0x0227e133) x2  0x00000179
core   0: 0x800086b8 (0x00b41893) slli    a7, s0, 11
core   0: 3 0x800086b8 (0x00b41893) x17 0xfff48800
core   0: 0x800086bc (0x4010d1b3) sra     gp, ra, ra
core   0: 3 0x800086bc (0x4010d1b3) x3  0x00000002
core   0: 0x800086c0 (0x035276b3) remu    a3, tp, s5
core   0: 3 0x800086c0 (0x035276b3) x13 0x0000f000
core   0: 0x800086c4 (0x0000c905) c.beqz  a0, pc + 48
core   0: 3 0x800086c4 (0xc905)
core   0: 0x800086c6 (0x011a9463) bne     s5, a7, pc + 8
core   0: 3 0x800086c6 (0x011a9463)
core   0: 0x800086ce (0x00008422) c.mv    s0, s0
core   0: 3 0x800086ce (0x8422) x8  0xfffffe91
core   0: 0x800086d0 (0x00008ec5) c.or    a3, s1
core   0: 3 0x800086d0 (0x8ec5) x13 0x0000f000
core   0: 0x800086d2 (0x006135b3) sltu    a1, sp, t1
core   0: 3 0x800086d2 (0x006135b3) x11 0x00000000
core   0: 0x800086d6 (0x00008ee5) c.and   a3, s1
core   0: 3 0x800086d6 (0x8ee5) x13 0x00000000
core   0: 0x800086d8 (0x0137e033) or      zero, a5, s3
core   0: 3 0x800086d8 (0x0137e033)
core   0: 0x800086dc (0x00001e04) c.addi4spn s1, sp, 816
core   0: 3 0x800086dc (0x1e04) x9  0x000004a9
core   0: 0x800086de (0x005eb233) sltu    tp, t4, t0
core   0: 3 0x800086de (0x005eb233) x4  0x00000001
core   0: 0x800086e2 (0x00ec2333) slt     t1, s8, a4
core   0: 3 0x800086e2 (0x00ec2333) x6  0x00000000
core   0: 0x800086e6 (0x00009d62) c.add   s10, s8
core   0: 3 0x800086e6 (0x9d62) x26 0x00000000
core   0: 0x800086e8 (0x010bbab3) sltu    s5, s7, a6
core   0: 3 0x800086e8 (0x010bbab3) x21 0x00000001
core   0: 0x800086ec (0x006ffb63) bgeu    t6, t1, pc + 22
core   0: 3 0x800086ec (0x006ffb63)
core   0: 0x80008702 (0x41da01b3) sub     gp, s4, t4
core   0: 3 0x80008702 (0x41da01b3) x3  0x80029ce3
core   0: 0x80008706 (0x41dbd8b3) sra     a7, s7, t4
core   0: 3 0x80008706 (0x41dbd8b3) x17 0x00000002
core   0: 0x8000870a (0x03afbcb3) mulhu   s9, t6, s10
core   0: 3 0x8000870a (0x03afbcb3) x25 0x00000000
core   0: 0x8000870e (0x5c25e437) lui     s0, 0x5c25e
core   0: 3 0x8000870e (0x5c25e437) x8  0x5c25e000
core   0: 0x80008712 (0x40ce80b3) sub     ra, t4, a2
core   0: 3 0x80008712 (0x40ce80b3) x1  0x00000001
core   0: 0x80008716 (0x00009e8a) c.add   t4, sp
core   0: 3 0x80008716 (0x9e8a) x29 0x0000017a
core   0: 0x80008718 (0x000082f1) c.srli  a3, 28
core   0: 3 0x80008718 (0x82f1) x13 0x00000000
core   0: 0x8000871a (0x00008fd1) c.or    a5, a2
core   0: 3 0x8000871a (0x8fd1) x15 0x00000871
core   0: 0x8000871c (0x00000f9d) c.addi  t6, 7
core   0: 3 0x8000871c (0x0f9d) x31 0x0000011e
core   0: 0x8000871e (0x32eb6193) ori     gp, s6, 814
core   0: 3 0x8000871e (0x32eb6193) x3  0xffffffff
core   0: 0x80008722 (0x0210afb3) mulhsu  t6, ra, ra
core   0: 3 0x80008722 (0x0210afb3) x31 0x00000000
core   0: 0x80008726 (0x037ec763) blt     t4, s7, pc + 46
core   0: 3 0x80008726 (0x037ec763)
core   0: 0x8000872a (0x1cb6e813) ori     a6, a3, 459
core   0: 3 0x8000872a (0x1cb6e813) x16 0x000001cb
core   0: 0x8000872e (0x00513d33) sltu    s10, sp, t0
core   0: 3 0x8000872e (0x00513d33) x26 0x00000001
core   0: 0x80008732 (0x00000001) c.nop
core   0: 3 0x80008732 (0x0001)
core   0: 0x80008734 (0x0000477d) c.li    a4, 31
core   0: 3 0x80008734 (0x477d) x14 0x0000001f
core   0: 0x80008736 (0x01c5ebb3) or      s7, a1, t3
core   0: 3 0x80008736 (0x01c5ebb3) x23 0x00000000
core   0: 0x8000873a (0x01251c13) slli    s8, a0, 18
core   0: 3 0x8000873a (0x01251c13) x24 0xf9800000
core   0: 0x8000873e (0x409c82b3) sub     t0, s9, s1
core   0: 3 0x8000873e (0x409c82b3) x5  0xfffffb57
core   0: 0x80008742 (0x00f70b63) beq     a4, a5, pc + 22
core   0: 3 0x80008742 (0x00f70b63)
core   0: 0x80008746 (0x00008f09) c.sub   a4, a0
core   0: 3 0x80008746 (0x8f09) x14 0x000001bf
core   0: 0x80008748 (0x000080c1) c.srli  s1, 16
core   0: 3 0x80008748 (0x80c1) x9  0x00000000
core   0: 0x8000874a (0x000082a5) c.srli  a3, 9
core   0: 3 0x8000874a (0x82a5) x13 0x00000000
core   0: 0x8000874c (0x030213b3) mulh    t2, tp, a6
core   0: 3 0x8000874c (0x030213b3) x7  0x00000000
core   0: 0x80008750 (0xf7548ab7) lui     s5, 0xf7548
core   0: 3 0x80008750 (0xf7548ab7) x21 0xf7548000
core   0: 0x80008754 (0xb7b5f993) andi    s3, a1, -1157
core   0: 3 0x80008754 (0xb7b5f993) x19 0x00000000
core   0: 0x80008758 (0x0067beb3) sltu    t4, a5, t1
core   0: 3 0x80008758 (0x0067beb3) x29 0x00000000
core   0: 0x8000875c (0x5126b213) sltiu   tp, a3, 1298
core   0: 3 0x8000875c (0x5126b213) x4  0x00000001
core   0: 0x80008760 (0x0000717d) c.addi16sp sp, -16
core   0: 3 0x80008760 (0x717d) x2  0x00000169
core   0: 0x80008762 (0x00000288) c.addi4spn a0, sp, 320
core   0: 3 0x80008762 (0x0288) x10 0x000002a9
core   0: 0x80008764 (0xb042a137) lui     sp, 0xb042a
core   0: 3 0x80008764 (0xb042a137) x2  0xb042a000
core   0: 0x80008768 (0x01aaab33) slt     s6, s5, s10
core   0: 3 0x80008768 (0x01aaab33) x22 0x00000001
core   0: 0x8000876c (0x01cb9593) slli    a1, s7, 28
core   0: 3 0x8000876c (0x01cb9593) x11 0x00000000
core   0: 0x80008770 (0x00c37f63) bgeu    t1, a2, pc + 30
core   0: 3 0x80008770 (0x00c37f63)
core   0: 0x8000878e (0x00008f01) c.sub   a4, s0
core   0: 3 0x8000878e (0x8f01) x14 0xa3da21bf
core   0: 0x80008790 (0x41315813) srai    a6, sp, 19
core   0: 3 0x80008790 (0x41315813) x16 0xfffff608
core   0: 0x80008794 (0xe9a856b7) lui     a3, 0xe9a85
core   0: 3 0x80008794 (0xe9a856b7) x13 0xe9a85000
core   0: 0x80008798 (0x00000819) c.addi  a6, 6
core   0: 3 0x80008798 (0x0819) x16 0xfffff60e
core   0: 0x8000879a (0xf0143813) sltiu   a6, s0, -255
core   0: 3 0x8000879a (0xf0143813) x16 0x00000001
core   0: 0x8000879e (0x00008d35) c.xor   a0, a3
core   0: 3 0x8000879e (0x8d35) x10 0xe9a852a9
core   0: 0x800087a0 (0x00006105) c.addi16sp sp, 32
core   0: 3 0x800087a0 (0x6105) x2  0xb042a020
core   0: 0x800087a2 (0x02583c33) mulhu   s8, a6, t0
core   0: 3 0x800087a2 (0x02583c33) x24 0x00000000
core   0: 0x800087a6 (0x407d8c33) sub     s8, s11, t2
core   0: 3 0x800087a6 (0x407d8c33) x24 0xffffffff
core   0: 0x800087aa (0x00008ee9) c.and   a3, a0
core   0: 3 0x800087aa (0x8ee9) x13 0xe9a85000
core   0: 0x800087ac (0x00000001) c.nop
core   0: 3 0x800087ac (0x0001)
core   0: 0x800087ae (0x00000546) c.slli  a0, 17
core   0: 3 0x800087ae (0x0546) x10 0xa5520000
core   0: 0x800087b0 (0x00000001) c.nop
core   0: 3 0x800087b0 (0x0001)
core   0: 0x800087b2 (0x00000caa) c.slli  s9, 10
core   0: 3 0x800087b2 (0x0caa) x25 0x00000000
core   0: 0x800087b4 (0x41b75d13) srai    s10, a4, 27
core   0: 3 0x800087b4 (0x41b75d13) x26 0xfffffff4
core   0: 0x800087b8 (0x01e17533) and     a0, sp, t5
core   0: 3 0x800087b8 (0x01e17533) x10 0x00000020
core   0: 0x800087bc (0x00000c00) c.addi4spn s0, sp, 528
core   0: 3 0x800087bc (0x0c00) x8  0xb042a230
core   0: 0x800087be (0x40ebd893) srai    a7, s7, 14
core   0: 3 0x800087be (0x40ebd893) x17 0x00000000
core   0: 0x800087c2 (0xe7343a93) sltiu   s5, s0, -397
core   0: 3 0x800087c2 (0xe7343a93) x21 0x00000001
core   0: 0x800087c6 (0x63bec213) xori    tp, t4, 1595
core   0: 3 0x800087c6 (0x63bec213) x4  0x0000063b
core   0: 0x800087ca (0x293c0a93) addi    s5, s8, 659
core   0: 3 0x800087ca (0x293c0a93) x21 0x00000292
core   0: 0x800087ce (0xc4c10b13) addi    s6, sp, -948
core   0: 3 0x800087ce (0xc4c10b13) x22 0xb0429c6c
core   0: 0x800087d2 (0x033d5cb3) divu    s9, s10, s3
core   0: 3 0x800087d2 (0x033d5cb3) x25 0xffffffff
core   0: 0x800087d6 (0x00000001) c.nop
core   0: 3 0x800087d6 (0x0001)
core   0: 0x800087d8 (0xd42b4413) xori    s0, s6, -702
core   0: 3 0x800087d8 (0xd42b4413) x8  0x4fbd612e
core   0: 0x800087dc (0x00000001) c.nop
core   0: 3 0x800087dc (0x0001)
core   0: 0x800087de (0x0000717d) c.addi16sp sp, -16
core   0: 3 0x800087de (0x717d) x2  0xb042a010
core   0: 0x800087e0 (0x01e575b3) and     a1, a0, t5
core   0: 3 0x800087e0 (0x01e575b3) x11 0x00000020
core   0: 0x800087e4 (0x031f23b3) mulhsu  t2, t5, a7
core   0: 3 0x800087e4 (0x031f23b3) x7  0x00000000
core   0: 0x800087e8 (0x01c7c363) blt     a5, t3, pc + 6
core   0: 3 0x800087e8 (0x01c7c363)
core   0: 0x800087ec (0x0000ca81) c.beqz  a3, pc + 16
core   0: 3 0x800087ec (0xca81)
core   0: 0x800087ee (0x6a04b293) sltiu   t0, s1, 1696
core   0: 3 0x800087ee (0x6a04b293) x5  0x00000001
core   0: 0x800087f2 (0x01a38bb3) add     s7, t2, s10
core   0: 3 0x800087f2 (0x01a38bb3) x23 0xfffffff4
core   0: 0x800087f6 (0x00e3bab3) sltu    s5, t2, a4
core   0: 3 0x800087f6 (0x00e3bab3) x21 0x00000001
core   0: 0x800087fa (0x00000001) c.nop
core   0: 3 0x800087fa (0x0001)
core   0: 0x800087fc (0x031a65b3) rem     a1, s4, a7
core   0: 3 0x800087fc (0x031a65b3) x11 0x80029ce4
core   0: 0x80008800 (0x008c52b3) srl     t0, s8, s0
core   0: 3 0x80008800 (0x008c52b3) x5  0x0003ffff
core   0: 0x80008804 (0x03a7ad33) mulhsu  s10, a5, s10
core   0: 3 0x80008804 (0x03a7ad33) x26 0x00000870
core   0: 0x80008808 (0x49dbb093) sltiu   ra, s7, 1181
core   0: 3 0x80008808 (0x49dbb093) x1  0x00000000
core   0: 0x8000880c (0x00008f2d) c.xor   a4, a1
core   0: 3 0x8000880c (0x8f2d) x14 0x23d8bd5b
core   0: 0x8000880e (0x00009b7d) c.andi  a4, -1
core   0: 3 0x8000880e (0x9b7d) x14 0x23d8bd5b
core   0: 0x80008810 (0x00492083) lw      ra, 4(s2)
core   0: 3 0x80008810 (0x00492083) x1  0x800076da mem 0x80025e1c
core   0: 0x80008814 (0x030056b3) divu    a3, zero, a6
core   0: 3 0x80008814 (0x030056b3) x13 0x00000000
core   0: 0x80008818 (0x0275deb3) divu    t4, a1, t2
core   0: 3 0x80008818 (0x0275deb3) x29 0xffffffff
core   0: 0x8000881c (0x00009bc6) c.add   s7, a7
core   0: 3 0x8000881c (0x9bc6) x23 0xfffffff4
core   0: 0x8000881e (0x00000951) c.addi  s2, 20
core   0: 3 0x8000881e (0x0951) x18 0x80025e2c
core   0: 0x80008820 (0x01e8e433) or      s0, a7, t5
core   0: 3 0x80008820 (0x01e8e433) x8  0x00010e20
core   0: 0x80008824 (0x00000ab6) c.slli  s5, 13
core   0: 3 0x80008824 (0x0ab6) x21 0x00002000
core   0: 0x80008826 (0x00008513) mv      a0, ra
core   0: 3 0x80008826 (0x00008513) x10 0x800076da
core   0: 0x8000882a (0x00050567) jalr    a0, a0, 0
core   0: 3 0x8000882a (0x00050567) x10 0x8000882e
core   0: 0x800076da (0x0088bab3) sltu    s5, a7, s0
core   0: 3 0x800076da (0x0088bab3) x21 0x00000001
core   0: 0x800076de (0x0017d733) srl     a4, a5, ra
core   0: 3 0x800076de (0x0017d733) x14 0x00000000
core   0: 0x800076e2 (0x0000c599) c.beqz  a1, pc + 14
core   0: 3 0x800076e2 (0xc599)
core   0: 0x800076e4 (0x00000001) c.nop
core   0: 3 0x800076e4 (0x0001)
core   0: 0x800076e6 (0x157b7413) andi    s0, s6, 343
core   0: 3 0x800076e6 (0x157b7413) x8  0x00000044
core   0: 0x800076ea (0x00000001) c.nop
core   0: 3 0x800076ea (0x0001)
core   0: 0x800076ec (0x0279b333) mulhu   t1, s3, t2
core   0: 3 0x800076ec (0x0279b333) x6  0x00000000
core   0: 0x800076f0 (0xf3c2ff13) andi    t5, t0, -196
core   0: 3 0x800076f0 (0xf3c2ff13) x30 0x0003ff3c
core   0: 0x800076f4 (0x0b3b5ab7) lui     s5, 0xb3b5
core   0: 3 0x800076f4 (0x0b3b5ab7) x21 0x0b3b5000
core   0: 0x800076f8 (0x031cb3b3) mulhu   t2, s9, a7
core   0: 3 0x800076f8 (0x031cb3b3) x7  0x00000000
core   0: 0x800076fc (0x0060ee33) or      t3, ra, t1
core   0: 3 0x800076fc (0x0060ee33) x28 0x800076da
core   0: 0x80007700 (0x02368b33) mul     s6, a3, gp
core   0: 3 0x80007700 (0x02368b33) x22 0x00000000
core   0: 0x80007704 (0x0071f133) and     sp, gp, t2
core   0: 3 0x80007704 (0x0071f133) x2  0x00000000
core   0: 0x80007708 (0x000002ca) c.slli  t0, 18
core   0: 3 0x80007708 (0x02ca) x5  0xfffc0000
core   0: 0x8000770a (0x000082dd) c.srli  a3, 23
core   0: 3 0x8000770a (0x82dd) x13 0x00000000
core   0: 0x8000770c (0x16b56713) ori     a4, a0, 363
core   0: 3 0x8000770c (0x16b56713) x14 0x8000896f
core   0: 0x80007710 (0x00d7dfb3) srl     t6, a5, a3
core   0: 3 0x80007710 (0x00d7dfb3) x31 0x00000871
core   0: 0x80007714 (0x4129dd33) sra     s10, s3, s2
core   0: 3 0x80007714 (0x4129dd33) x26 0x00000000
core   0: 0x80007718 (0x00000d80) c.addi4spn s0, sp, 720
core   0: 3 0x80007718 (0x0d80) x8  0x000002d0
core   0: 0x8000771a (0x0000830e) c.mv    t1, gp
core   0: 3 0x8000771a (0x830e) x6  0xffffffff
core   0: 0x8000771c (0x01019133) sll     sp, gp, a6
core   0: 3 0x8000771c (0x01019133) x2  0xfffffffe
core   0: 0x80007720 (0x593c6d13) ori     s10, s8, 1427
core   0: 3 0x80007720 (0x593c6d13) x26 0xffffffff
core   0: 0x80007724 (0x03a91cb3) mulh    s9, s2, s10
core   0: 3 0x80007724 (0x03a91cb3) x25 0x00000000
core   0: 0x80007728 (0x000054fd) c.li    s1, -1
core   0: 3 0x80007728 (0x54fd) x9  0xffffffff
core   0: 0x8000772a (0x014c6ab3) or      s5, s8, s4
core   0: 3 0x8000772a (0x014c6ab3) x21 0xffffffff
core   0: 0x8000772e (0x00582233) slt     tp, a6, t0
core   0: 3 0x8000772e (0x00582233) x4  0x00000000
core   0: 0x80007732 (0x00001b7d) c.addi  s6, -1
core   0: 3 0x80007732 (0x1b7d) x22 0xffffffff
core   0: 0x80007734 (0x0054cb33) xor     s6, s1, t0
core   0: 3 0x80007734 (0x0054cb33) x22 0x0003ffff
core   0: 0x80007738 (0x413c55b3) sra     a1, s8, s3
core   0: 3 0x80007738 (0x413c55b3) x11 0xffffffff
core   0: 0x8000773c (0x00454bb3) xor     s7, a0, tp
core   0: 3 0x8000773c (0x00454bb3) x23 0x8000882e
core   0: 0x80007740 (0x51350b17) auipc   s6, 0x51350
core   0: 3 0x80007740 (0x51350b17) x22 0xd1357740
core   0: 0x80007744 (0x00000001) c.nop
core   0: 3 0x80007744 (0x0001)
core   0: 0x80007746 (0x00000809) c.addi  a6, 2
core   0: 3 0x80007746 (0x0809) x16 0x00000003
core   0: 0x80007748 (0x000088e6) c.mv    a7, s9
core   0: 3 0x80007748 (0x88e6) x17 0x00000000
core   0: 0x8000774a (0x03e71bb3) mulh    s7, a4, t5
core   0: 3 0x8000774a (0x03e71bb3) x23 0xfffe0064
core   0: 0x8000774e (0x00008329) c.srli  a4, 10
core   0: 3 0x8000774e (0x8329) x14 0x00200022
core   0: 0x80007750 (0x000057fd) c.li    a5, -1
core   0: 3 0x80007750 (0x57fd) x15 0xffffffff
core   0: 0x80007752 (0x00724733) xor     a4, tp, t2
core   0: 3 0x80007752 (0x00724733) x14 0x00000000
core   0: 0x80007756 (0x00492083) lw      ra, 4(s2)
core   0: 3 0x80007756 (0x00492083) x1  0x80001d4c mem 0x80025e30
core   0: 0x8000775a (0x0000800d) c.srli  s0, 3
core   0: 3 0x8000775a (0x800d) x8  0x0000005a
core   0: 0x8000775c (0x00008011) c.srli  s0, 4
core   0: 3 0x8000775c (0x8011) x8  0x00000005
core   0: 0x8000775e (0x00008f79) c.and   a4, a4
core   0: 3 0x8000775e (0x8f79) x14 0x00000000
core   0: 0x80007760 (0x030ea033) mulhsu  zero, t4, a6
core   0: 3 0x80007760 (0x030ea033)
core   0: 0x80007764 (0x03890913) addi    s2, s2, 56
core   0: 3 0x80007764 (0x03890913) x18 0x80025e64
core   0: 0x80007768 (0x00008969) c.andi  a0, 26
core   0: 3 0x80007768 (0x8969) x10 0x0000000a
core   0: 0x8000776a (0x00108a93) addi    s5, ra, 1
core   0: 3 0x8000776a (0x00108a93) x21 0x80001d4d
core   0: 0x8000776e (0x00008a82) c.jr    s5
core   0: 3 0x8000776e (0x8a82)
core   0: 0x80001d4c (0x00008f31) c.xor   a4, a2
core   0: 3 0x80001d4c (0x8f31) x14 0x00000000
core   0: 0x80001d4e (0x00000001) c.nop
core   0: 3 0x80001d4e (0x0001)
core   0: 0x80001d50 (0x407e5993) srai    s3, t3, 7
core   0: 3 0x80001d50 (0x407e5993) x19 0xff0000ed
core   0: 0x80001d54 (0x00601463) bne     zero, t1, pc + 8
core   0: 3 0x80001d54 (0x00601463)
core   0: 0x80001d5c (0x00008045) c.srli  s0, 17
core   0: 3 0x80001d5c (0x8045) x8  0x00000000
core   0: 0x80001d5e (0x00008c01) c.sub   s0, s0
core   0: 3 0x80001d5e (0x8c01) x8  0x00000000
core   0: 0x80001d60 (0x00008005) c.srli  s0, 1
core   0: 3 0x80001d60 (0x8005) x8  0x00000000
core   0: 0x80001d62 (0x0207c833) div     a6, a5, zero
core   0: 3 0x80001d62 (0x0207c833) x16 0xffffffff
core   0: 0x80001d66 (0x01aef9b3) and     s3, t4, s10
core   0: 3 0x80001d66 (0x01aef9b3) x19 0xffffffff
core   0: 0x80001d6a (0x7ee97693) andi    a3, s2, 2030
core   0: 3 0x80001d6a (0x7ee97693) x13 0x00000664
core   0: 0x80001d6e (0x40218d33) sub     s10, gp, sp
core   0: 3 0x80001d6e (0x40218d33) x26 0x00000001
core   0: 0x80001d72 (0x03d61463) bne     a2, t4, pc + 40
core   0: 3 0x80001d72 (0x03d61463)
core   0: 0x80001d9a (0xcf438037) lui     zero, 0xcf438
core   0: 3 0x80001d9a (0xcf438037)
core   0: 0x80001d9e (0x03eff5b3) remu    a1, t6, t5
core   0: 3 0x80001d9e (0x03eff5b3) x11 0x00000871
core   0: 0x80001da2 (0x000ea3b3) slt     t2, t4, zero
core   0: 3 0x80001da2 (0x000ea3b3) x7  0x00000001
core   0: 0x80001da6 (0x406fd6b3) sra     a3, t6, t1
core   0: 3 0x80001da6 (0x406fd6b3) x13 0x00000000
core   0: 0x80001daa (0x001f9093) slli    ra, t6, 1
core   0: 3 0x80001daa (0x001f9093) x1  0x000010e2
core   0: 0x80001dae (0x00001308) c.addi4spn a0, sp, 416
core   0: 3 0x80001dae (0x1308) x10 0x0000019e
core   0: 0x80001db0 (0x41bc0bb3) sub     s7, s8, s11
core   0: 3 0x80001db0 (0x41bc0bb3) x23 0x00000000
core   0: 0x80001db4 (0x00008d12) c.mv    s10, tp
core   0: 3 0x80001db4 (0x8d12) x26 0x00000000
core   0: 0x80001db6 (0x0000014a) c.slli  sp, 18
core   0: 3 0x80001db6 (0x014a) x2  0xfff80000
core   0: 0x80001db8 (0x964167b7) lui     a5, 0x96416
core   0: 3 0x80001db8 (0x964167b7) x15 0x96416000
core   0: 0x80001dbc (0x00000b1a) c.slli  s6, 6
core   0: 3 0x80001dbc (0x0b1a) x22 0x4d5dd000
core   0: 0x80001dbe (0x00008455) c.srai  s0, 21
core   0: 3 0x80001dbe (0x8455) x8  0x00000000
core   0: 0x80001dc0 (0x0000527d) c.li    tp, -1
core   0: 3 0x80001dc0 (0x527d) x4  0xffffffff
core   0: 0x80001dc2 (0x0000e58d) c.bnez  a1, pc + 42
core   0: 3 0x80001dc2 (0xe58d)
core   0: 0x80001dec (0x0042bb33) sltu    s6, t0, tp
core   0: 3 0x80001dec (0x0042bb33) x22 0x00000001
core   0: 0x80001df0 (0x00008f19) c.sub   a4, a4
core   0: 3 0x80001df0 (0x8f19) x14 0x00000000
core   0: 0x80001df2 (0x00008c19) c.sub   s0, a4
core   0: 3 0x80001df2 (0x8c19) x8  0x00000000
core   0: 0x80001df4 (0x55586393) ori     t2, a6, 1365
core   0: 3 0x80001df4 (0x55586393) x7  0xffffffff
core   0: 0x80001df8 (0x0029c563) blt     s3, sp, pc + 10
core   0: 3 0x80001df8 (0x0029c563)
core   0: 0x80001dfc (0x00000780) c.addi4spn s0, sp, 960
core   0: 3 0x80001dfc (0x0780) x8  0xfff803c0
core   0: 0x80001dfe (0x0230c7b3) div     a5, ra, gp
core   0: 3 0x80001dfe (0x0230c7b3) x15 0xffffef1e
core   0: 0x80001e02 (0x00008c21) c.xor   s0, s0
core   0: 3 0x80001e02 (0x8c21) x8  0x00000000
core   0: 0x80001e04 (0x0000557d) c.li    a0, -1
core   0: 3 0x80001e04 (0x557d) x10 0xffffffff
core   0: 0x80001e06 (0x000086dd) c.srai  a3, 23
core   0: 3 0x80001e06 (0x86dd) x13 0x00000000
core   0: 0x80001e08 (0x02c38563) beq     t2, a2, pc + 42
core   0: 3 0x80001e08 (0x02c38563)
core   0: 0x80001e0c (0x021105b3) mul     a1, sp, ra
core   0: 3 0x80001e0c (0x021105b3) x11 0x78f00000
core   0: 0x80001e10 (0x007ed493) srli    s1, t4, 7
core   0: 3 0x80001e10 (0x007ed493) x9  0x01ffffff
core   0: 0x80001e14 (0x0053b033) sltu    zero, t2, t0
core   0: 3 0x80001e14 (0x0053b033)
core   0: 0x80001e18 (0x000084c6) c.mv    s1, a7
core   0: 3 0x80001e18 (0x84c6) x9  0x00000000
core   0: 0x80001e1a (0x01354133) xor     sp, a0, s3
core   0: 3 0x80001e1a (0x01354133) x2  0x00000000
core   0: 0x80001e1e (0x01e26433) or      s0, tp, t5
core   0: 3 0x80001e1e (0x01e26433) x8  0xffffffff
core   0: 0x80001e22 (0xb6f1f513) andi    a0, gp, -1169
core   0: 3 0x80001e22 (0xb6f1f513) x10 0xfffffb6f
core   0: 0x80001e26 (0x02a119b3) mulh    s3, sp, a0
core   0: 3 0x80001e26 (0x02a119b3) x19 0x00000000
core   0: 0x80001e2a (0xd2a7ef13) ori     t5, a5, -726
core   0: 3 0x80001e2a (0xd2a7ef13) x30 0xffffff3e
core   0: 0x80001e2e (0x035a65b3) rem     a1, s4, s5
core   0: 3 0x80001e2e (0x035a65b3) x11 0x80029ce4
core   0: 0x80001e32 (0x00d499b3) sll     s3, s1, a3
core   0: 3 0x80001e32 (0x00d499b3) x19 0x00000000
core   0: 0x80001e36 (0x00009afd) c.andi  a3, -1
core   0: 3 0x80001e36 (0x9afd) x13 0x00000000
core   0: 0x80001e38 (0x40de8d33) sub     s10, t4, a3
core   0: 3 0x80001e38 (0x40de8d33) x26 0xffffffff
core   0: 0x80001e3c (0x45fe4113) xori    sp, t3, 1119
core   0: 3 0x80001e3c (0x45fe4113) x2  0x80007285
core   0: 0x80001e40 (0x026631b3) mulhu   gp, a2, t1
core   0: 3 0x80001e40 (0x026631b3) x3  0x00000000
core   0: 0x80001e44 (0x03a037b3) mulhu   a5, zero, s10
core   0: 3 0x80001e44 (0x03a037b3) x15 0x00000000
core   0: 0x80001e48 (0x037512b3) mulh    t0, a0, s7
core   0: 3 0x80001e48 (0x037512b3) x5  0x00000000
core   0: 0x80001e4c (0x03b0e2b3) rem     t0, ra, s11
core   0: 3 0x80001e4c (0x03b0e2b3) x5  0x00000000
core   0: 0x80001e50 (0x024f7b33) remu    s6, t5, tp
core   0: 3 0x80001e50 (0x024f7b33) x22 0xffffff3e
core   0: 0x80001e54 (0x036278b3) remu    a7, tp, s6
core   0: 3 0x80001e54 (0x036278b3) x17 0x000000c1
core   0: 0x80001e58 (0x02ab94b3) mulh    s1, s7, a0
core   0: 3 0x80001e58 (0x02ab94b3) x9  0x00000000
core   0: 0x80001e5c (0x00159333) sll     t1, a1, ra
core   0: 3 0x80001e5c (0x00159333) x6  0x000a7390
core   0: 0x80001e60 (0x00000c8a) c.slli  s9, 2
core   0: 3 0x80001e60 (0x0c8a) x25 0x00000000
core   0: 0x80001e62 (0x41a28b33) sub     s6, t0, s10
core   0: 3 0x80001e62 (0x41a28b33) x22 0x00000001
core   0: 0x80001e66 (0x14babc13) sltiu   s8, s5, 331
core   0: 3 0x80001e66 (0x14babc13) x24 0x00000000
core   0: 0x80001e6a (0x016f2bb3) slt     s7, t5, s6
core   0: 3 0x80001e6a (0x016f2bb3) x23 0x00000001
core   0: 0x80001e6e (0x00008cd1) c.or    s1, a2
core   0: 3 0x80001e6e (0x8cd1) x9  0x00000000
core   0: 0x80001e70 (0x00008369) c.srli  a4, 26
core   0: 3 0x80001e70 (0x8369) x14 0x00000000
core   0: 0x80001e72 (0x01e892b3) sll     t0, a7, t5
core   0: 3 0x80001e72 (0x01e892b3) x5  0x40000000
core   0: 0x80001e76 (0x02488d63) beq     a7, tp, pc + 58
core   0: 3 0x80001e76 (0x02488d63)
core   0: 0x80001e7a (0x021d0163) beq     s10, ra, pc + 34
core   0: 3 0x80001e7a (0x021d0163)
core   0: 0x80001e7e (0x01b19b63) bne     gp, s11, pc + 22
core   0: 3 0x80001e7e (0x01b19b63)
core   0: 0x80001e94 (0x00000001) c.nop
core   0: 3 0x80001e94 (0x0001)
core   0: 0x80001e96 (0x69476213) ori     tp, a4, 1684
core   0: 3 0x80001e96 (0x69476213) x4  0x00000694
core   0: 0x80001e9a (0x0000954e) c.add   a0, s3
core   0: 3 0x80001e9a (0x954e) x10 0xfffffb6f
core   0: 0x80001e9c (0xc1296313) ori     t1, s2, -1006
core   0: 3 0x80001e9c (0xc1296313) x6  0xfffffe76
core   0: 0x80001ea0 (0x02b6ca63) blt     a3, a1, pc + 52
core   0: 3 0x80001ea0 (0x02b6ca63)
core   0: 0x80001ea4 (0x42527a93) andi    s5, tp, 1061
core   0: 3 0x80001ea4 (0x42527a93) x21 0x00000404
core   0: 0x80001ea8 (0x00c8f263) bgeu    a7, a2, pc + 4
core   0: 3 0x80001ea8 (0x00c8f263)
core   0: 0x80001eac (0xd1f66b13) ori     s6, a2, -737
core   0: 3 0x80001eac (0xd1f66b13) x22 0xfffffd1f
core   0: 0x80001eb0 (0x02ffe033) rem     zero, t6, a5
core   0: 3 0x80001eb0 (0x02ffe033)
core   0: 0x80001eb4 (0x00001f7d) c.addi  t5, -1
core   0: 3 0x80001eb4 (0x1f7d) x30 0xffffff3d
core   0: 0x80001eb6 (0x00008ea9) c.xor   a3, a0
core   0: 3 0x80001eb6 (0x8ea9) x13 0xfffffb6f
core   0: 0x80001eb8 (0x01f97963) bgeu    s2, t6, pc + 18
core   0: 3 0x80001eb8 (0x01f97963)
core   0: 0x80001eca (0x0303f433) remu    s0, t2, a6
core   0: 3 0x80001eca (0x0303f433) x8  0x00000000
core   0: 0x80001ece (0x03f52333) mulhsu  t1, a0, t6
core   0: 3 0x80001ece (0x03f52333) x6  0xffffffff
core   0: 0x80001ed2 (0x00000001) c.nop
core   0: 3 0x80001ed2 (0x0001)
core   0: 0x80001ed4 (0x0489a493) slti    s1, s3, 72
core   0: 3 0x80001ed4 (0x0489a493) x9  0x00000001
core   0: 0x80001ed8 (0xc1b50d93) addi    s11, a0, -997
core   0: 3 0x80001ed8 (0xc1b50d93) x27 0xfffff78a
core   0: 0x80001edc (0xd1506593) ori     a1, zero, -747
core   0: 3 0x80001edc (0xd1506593) x11 0xfffffd15
core   0: 0x80001ee0 (0x0000921a) c.add   tp, t1
core   0: 3 0x80001ee0 (0x921a) x4  0x00000693
core   0: 0x80001ee2 (0x03e6a433) mulhsu  s0, a3, t5
core   0: 3 0x80001ee2 (0x03e6a433) x8  0xfffffb6f
core   0: 0x80001ee6 (0x34193413) sltiu   s0, s2, 833
core   0: 3 0x80001ee6 (0x34193413) x8  0x00000000
core   0: 0x80001eea (0x007f4cb3) xor     s9, t5, t2
core   0: 3 0x80001eea (0x007f4cb3) x25 0x000000c2
core   0: 0x80001eee (0x40d77c93) andi    s9, a4, 1037
core   0: 3 0x80001eee (0x40d77c93) x25 0x00000000
core   0: 0x80001ef2 (0xcf4ab813) sltiu   a6, s5, -780
core   0: 3 0x80001ef2 (0xcf4ab813) x16 0x00000001
core   0: 0x80001ef6 (0x4022d433) sra     s0, t0, sp
core   0: 3 0x80001ef6 (0x4022d433) x8  0x02000000
core   0: 0x80001efa (0x00001d08) c.addi4spn a0, sp, 688
core   0: 3 0x80001efa (0x1d08) x10 0x80007535
core   0: 0x80001efc (0x01a3c363) blt     t2, s10, pc + 6
core   0: 3 0x80001efc (0x01a3c363)
core   0: 0x80001f00 (0x00000001) c.nop
core   0: 3 0x80001f00 (0x0001)
core   0: 0x80001f02 (0x00095e33) srl     t3, s2, zero
core   0: 3 0x80001f02 (0x00095e33) x28 0x80025e64
core   0: 0x80001f06 (0x0000e49d) c.bnez  s1, pc + 46
core   0: 3 0x80001f06 (0xe49d)
core   0: 0x80001f34 (0x00008b65) c.andi  a4, 25
core   0: 3 0x80001f34 (0x8b65) x14 0x00000000
core   0: 0x80001f36 (0x03a5d563) bge     a1, s10, pc + 42
core   0: 3 0x80001f36 (0x03a5d563)
core   0: 0x80001f3a (0x0190aab3) slt     s5, ra, s9
core   0: 3 0x80001f3a (0x0190aab3) x21 0x00000000
core   0: 0x80001f3e (0x015e42b3) xor     t0, t3, s5
core   0: 3 0x80001f3e (0x015e42b3) x5  0x80025e64
core   0: 0x80001f42 (0x0062aab3) slt     s5, t0, t1
core   0: 3 0x80001f42 (0x0062aab3) x21 0x00000001
core   0: 0x80001f46 (0x006d6663) bltu    s10, t1, pc + 12
core   0: 3 0x80001f46 (0x006d6663)
core   0: 0x80001f4a (0x011505b3) add     a1, a0, a7
core   0: 3 0x80001f4a (0x011505b3) x11 0x800075f6
core   0: 0x80001f4e (0x00000798) c.addi4spn a4, sp, 960
core   0: 3 0x80001f4e (0x0798) x14 0x80007645
core   0: 0x80001f50 (0x000019fd) c.addi  s3, -1
core   0: 3 0x80001f50 (0x19fd) x19 0xffffffff
core   0: 0x80001f52 (0x000084fd) c.srai  s1, 31
core   0: 3 0x80001f52 (0x84fd) x9  0x00000000
core   0: 0x80001f54 (0x034e53b3) divu    t2, t3, s4
core   0: 3 0x80001f54 (0x034e53b3) x7  0x00000000
core   0: 0x80001f58 (0x41775513) srai    a0, a4, 23
core   0: 3 0x80001f58 (0x41775513) x10 0xffffff00
core   0: 0x80001f5c (0x016e60b3) or      ra, t3, s6
core   0: 3 0x80001f5c (0x016e60b3) x1  0xffffff7f
core   0: 0x80001f60 (0x03a366b3) rem     a3, t1, s10
core   0: 3 0x80001f60 (0x03a366b3) x13 0x00000000
core   0: 0x80001f64 (0x028bd763) bge     s7, s0, pc + 46
core   0: 3 0x80001f64 (0x028bd763)
core   0: 0x80001f68 (0x0297a4b3) mulhsu  s1, a5, s1
core   0: 3 0x80001f68 (0x0297a4b3) x9  0x00000000
core   0: 0x80001f6c (0x027dc733) div     a4, s11, t2
core   0: 3 0x80001f6c (0x027dc733) x14 0xffffffff
core   0: 0x80001f70 (0x00000001) c.nop
core   0: 3 0x80001f70 (0x0001)
core   0: 0x80001f72 (0x037ee463) bltu    t4, s7, pc + 40
core   0: 3 0x80001f72 (0x037ee463)
core   0: 0x80001f76 (0x0347fe33) remu    t3, a5, s4
core   0: 3 0x80001f76 (0x0347fe33) x28 0x00000000
core   0: 0x80001f7a (0x00000001) c.nop
core   0: 3 0x80001f7a (0x0001)
core   0: 0x80001f7c (0x00008f75) c.and   a4, a3
core   0: 3 0x80001f7c (0x8f75) x14 0x00000000
core   0: 0x80001f7e (0x028b81b3) mul     gp, s7, s0
core   0: 3 0x80001f7e (0x028b81b3) x3  0x02000000
core   0: 0x80001f82 (0x023d6433) rem     s0, s10, gp
core   0: 3 0x80001f82 (0x023d6433) x8  0xffffffff
core   0: 0x80001f86 (0xf41acc13) xori    s8, s5, -191
core   0: 3 0x80001f86 (0xf41acc13) x24 0xffffff40
core   0: 0x80001f8a (0x00000751) c.addi  a4, 20
core   0: 3 0x80001f8a (0x0751) x14 0x00000014
core   0: 0x80001f8c (0x0000587d) c.li    a6, -1
core   0: 3 0x80001f8c (0x587d) x16 0xffffffff
core   0: 0x80001f8e (0x00000e98) c.addi4spn a4, sp, 848
core   0: 3 0x80001f8e (0x0e98) x14 0x800075d5
core   0: 0x80001f90 (0x00001d08) c.addi4spn a0, sp, 688
core   0: 3 0x80001f90 (0x1d08) x10 0x80007535
core   0: 0x80001f92 (0xc0e38b37) lui     s6, 0xc0e38
core   0: 3 0x80001f92 (0xc0e38b37) x22 0xc0e38000
core   0: 0x80001f96 (0x000d1e93) slli    t4, s10, 0
core   0: 3 0x80001f96 (0x000d1e93) x29 0xffffffff
core   0: 0x80001f9a (0x00e95ab3) srl     s5, s2, a4
core   0: 3 0x80001f9a (0x00e95ab3) x21 0x00000400
core   0: 0x80001f9e (0x00f7e6b3) or      a3, a5, a5
core   0: 3 0x80001f9e (0x00f7e6b3) x13 0x00000000
core   0: 0x80001fa2 (0x01e49eb3) sll     t4, s1, t5
core   0: 3 0x80001fa2 (0x01e49eb3) x29 0x00000000
core   0: 0x80001fa6 (0x00008fa1) c.xor   a5, s0
core   0: 3 0x80001fa6 (0x8fa1) x15 0xffffffff
core   0: 0x80001fa8 (0x003ea233) slt     tp, t4, gp
core   0: 3 0x80001fa8 (0x003ea233) x4  0x00000001
core   0: 0x80001fac (0x01af5eb3) srl     t4, t5, s10
core   0: 3 0x80001fac (0x01af5eb3) x29 0x00000001
core   0: 0x80001fb0 (0x87718013) addi    zero, gp, -1929
core   0: 3 0x80001fb0 (0x87718013)
core   0: 0x80001fb4 (0x006b6d33) or      s10, s6, t1
core   0: 3 0x80001fb4 (0x006b6d33) x26 0xffffffff
core   0: 0x80001fb8 (0x0000856e) c.mv    a0, s11
core   0: 3 0x80001fb8 (0x856e) x10 0xfffff78a
core   0: 0x80001fba (0x000c18b3) sll     a7, s8, zero
core   0: 3 0x80001fba (0x000c18b3) x17 0xffffff40
core   0: 0x80001fbe (0x00c841b3) xor     gp, a6, a2
core   0: 3 0x80001fbe (0x00c841b3) x3  0xffffffff
core   0: 0x80001fc2 (0x00389ab3) sll     s5, a7, gp
core   0: 3 0x80001fc2 (0x00389ab3) x21 0x00000000
core   0: 0x80001fc6 (0x0000cb85) c.beqz  a5, pc + 48
core   0: 3 0x80001fc6 (0xcb85)
core   0: 0x80001fc8 (0x41c7de33) sra     t3, a5, t3
core   0: 3 0x80001fc8 (0x41c7de33) x28 0xffffffff
core   0: 0x80001fcc (0x13bdd017) auipc   zero, 0x13bdd
core   0: 3 0x80001fcc (0x13bdd017)
core   0: 0x80001fd0 (0x05fb7063) bgeu    s6, t6, pc + 64
core   0: 3 0x80001fd0 (0x05fb7063)
core   0: 0x80002010 (0x00008ebd) c.xor   a3, a5
core   0: 3 0x80002010 (0x8ebd) x13 0xffffffff
core   0: 0x80002012 (0x02675463) bge     a4, t1, pc + 40
core   0: 3 0x80002012 (0x02675463)
core   0: 0x80002016 (0xbe940193) addi    gp, s0, -1047
core   0: 3 0x80002016 (0xbe940193) x3  0xfffffbe8
core   0: 0x8000201a (0x0344f663) bgeu    s1, s4, pc + 44
core   0: 3 0x8000201a (0x0344f663)
core   0: 0x8000201e (0x0046a233) slt     tp, a3, tp
core   0: 3 0x8000201e (0x0046a233) x4  0x00000001
core   0: 0x80002022 (0x00e2d833) srl     a6, t0, a4
core   0: 3 0x80002022 (0x00e2d833) x16 0x00000400
core   0: 0x80002026 (0xd814b993) sltiu   s3, s1, -639
core   0: 3 0x80002026 (0xd814b993) x19 0x00000001
core   0: 0x8000202a (0x00a047b3) xor     a5, zero, a0
core   0: 3 0x8000202a (0x00a047b3) x15 0xfffff78a
core   0: 0x8000202e (0x0000c285) c.beqz  a3, pc + 32
core   0: 3 0x8000202e (0xc285)
core   0: 0x80002030 (0x97cddab7) lui     s5, 0x97cdd
core   0: 3 0x80002030 (0x97cddab7) x21 0x97cdd000
core   0: 0x80002034 (0x00008f29) c.xor   a4, a0
core   0: 3 0x80002034 (0x8f29) x14 0x7fff825f
core   0: 0x80002036 (0x2a07a213) slti    tp, a5, 672
core   0: 3 0x80002036 (0x2a07a213) x4  0x00000001
core   0: 0x8000203a (0x0000985e) c.add   a6, s7
core   0: 3 0x8000203a (0x985e) x16 0x00000401
core   0: 0x8000203c (0x00c74563) blt     a4, a2, pc + 10
core   0: 3 0x8000203c (0x00c74563)
core   0: 0x80002040 (0x0299f063) bgeu    s3, s1, pc + 32
core   0: 3 0x80002040 (0x0299f063)
core   0: 0x80002060 (0x01c30a63) beq     t1, t3, pc + 20
core   0: 3 0x80002060 (0x01c30a63)
core   0: 0x80002074 (0x037a0eb3) mul     t4, s4, s7
core   0: 3 0x80002074 (0x037a0eb3) x29 0x80029ce4
core   0: 0x80002078 (0x01672233) slt     tp, a4, s6
core   0: 3 0x80002078 (0x01672233) x4  0x00000000
core   0: 0x8000207c (0x02f21fb3) mulh    t6, tp, a5
core   0: 3 0x8000207c (0x02f21fb3) x31 0x00000000
core   0: 0x80002080 (0x029ec233) div     tp, t4, s1
core   0: 3 0x80002080 (0x029ec233) x4  0xffffffff
core   0: 0x80002084 (0x031c9463) bne     s9, a7, pc + 40
core   0: 3 0x80002084 (0x031c9463)
core   0: 0x800020ac (0x0000e095) c.bnez  s1, pc + 36
core   0: 3 0x800020ac (0xe095)
core   0: 0x800020ae (0x011d8b63) beq     s11, a7, pc + 22
core   0: 3 0x800020ae (0x011d8b63)
core   0: 0x800020b2 (0x0000610d) c.addi16sp sp, 160
core   0: 3 0x800020b2 (0x610d) x2  0x80007325
core   0: 0x800020b4 (0x02f30233) mul     tp, t1, a5
core   0: 3 0x800020b4 (0x02f30233) x4  0x00000876
core   0: 0x800020b8 (0x00fc1463) bne     s8, a5, pc + 8
core   0: 3 0x800020b8 (0x00fc1463)
core   0: 0x800020c0 (0x0000c015) c.beqz  s0, pc + 36
core   0: 3 0x800020c0 (0xc015)
core   0: 0x800020c2 (0x00006ff5) c.lui   t6, 0x1d
core   0: 3 0x800020c2 (0x6ff5) x31 0x0001d000
core   0: 0x800020c4 (0x00008cad) c.xor   s1, a1
core   0: 3 0x800020c4 (0x8cad) x9  0x800075f6
core   0: 0x800020c6 (0x00000001) c.nop
core   0: 3 0x800020c6 (0x0001)
core   0: 0x800020c8 (0x047a6263) bltu    s4, t2, pc + 68
core   0: 3 0x800020c8 (0x047a6263)
core   0: 0x800020cc (0x1bc1ed93) ori     s11, gp, 444
core   0: 3 0x800020cc (0x1bc1ed93) x27 0xfffffbfc
core   0: 0x800020d0 (0x00000001) c.nop
core   0: 3 0x800020d0 (0x0001)
core   0: 0x800020d2 (0x03815a63) bge     sp, s8, pc + 52
core   0: 3 0x800020d2 (0x03815a63)
core   0: 0x800020d6 (0x013ca1b3) slt     gp, s9, s3
core   0: 3 0x800020d6 (0x013ca1b3) x3  0x00000001
core   0: 0x800020da (0x00000001) c.nop
core   0: 3 0x800020da (0x0001)
core   0: 0x800020dc (0x03e1cbb3) div     s7, gp, t5
core   0: 3 0x800020dc (0x03e1cbb3) x23 0x00000000
core   0: 0x800020e0 (0x4c264d37) lui     s10, 0x4c264
core   0: 3 0x800020e0 (0x4c264d37) x26 0x4c264000
core   0: 0x800020e4 (0x35a48e13) addi    t3, s1, 858
core   0: 3 0x800020e4 (0x35a48e13) x28 0x80007950
core   0: 0x800020e8 (0x00000001) c.nop
core   0: 3 0x800020e8 (0x0001)
core   0: 0x800020ea (0x01c63233) sltu    tp, a2, t3
core   0: 3 0x800020ea (0x01c63233) x4  0x00000001
core   0: 0x800020ee (0x03c5bb33) mulhu   s6, a1, t3
core   0: 3 0x800020ee (0x03c5bb33) x22 0x400077a3
core   0: 0x800020f2 (0x01507033) and     zero, zero, s5
core   0: 3 0x800020f2 (0x01507033)
core   0: 0x800020f6 (0x0263eb33) rem     s6, t2, t1
core   0: 3 0x800020f6 (0x0263eb33) x22 0x00000000
core   0: 0x800020fa (0x00000001) c.nop
core   0: 3 0x800020fa (0x0001)
core   0: 0x800020fc (0x41e00b33) sub     s6, zero, t5
core   0: 3 0x800020fc (0x41e00b33) x22 0x000000c3
core   0: 0x80002100 (0x0115c763) blt     a1, a7, pc + 14
core   0: 3 0x80002100 (0x0115c763)
core   0: 0x8000210e (0x006912b3) sll     t0, s2, t1
core   0: 3 0x8000210e (0x006912b3) x5  0x00000000
core   0: 0x80002112 (0x02994833) div     a6, s2, s1
core   0: 3 0x80002112 (0x02994833) x16 0x00000000
core   0: 0x80002116 (0x0136cab3) xor     s5, a3, s3
core   0: 3 0x80002116 (0x0136cab3) x21 0xfffffffe
core   0: 0x8000211a (0x0000089c) c.addi4spn a5, sp, 80
core   0: 3 0x8000211a (0x089c) x15 0x80007375
core   0: 0x8000211c (0x0000ec05) c.bnez  s0, pc + 56
core   0: 3 0x8000211c (0xec05)
core   0: 0x80002154 (0xb6298b13) addi    s6, s3, -1182
core   0: 3 0x80002154 (0xb6298b13) x22 0xfffffb63
core   0: 0x80002158 (0x00682fb3) slt     t6, a6, t1
core   0: 3 0x80002158 (0x00682fb3) x31 0x00000000
core   0: 0x8000215c (0x02df4eb3) div     t4, t5, a3
core   0: 3 0x8000215c (0x02df4eb3) x29 0x000000c3
core   0: 0x80002160 (0x000002b6) c.slli  t0, 13
core   0: 3 0x80002160 (0x02b6) x5  0x00000000
core   0: 0x80002162 (0x0000c28d) c.beqz  a3, pc + 34
core   0: 3 0x80002162 (0xc28d)
core   0: 0x80002164 (0x01d8b233) sltu    tp, a7, t4
core   0: 3 0x80002164 (0x01d8b233) x4  0x00000000
core   0: 0x80002168 (0x6c732c93) slti    s9, t1, 1735
core   0: 3 0x80002168 (0x6c732c93) x25 0x00000001
core   0: 0x8000216c (0x00008375) c.srli  a4, 29
core   0: 3 0x8000216c (0x8375) x14 0x00000003
core   0: 0x8000216e (0x3ec10e93) addi    t4, sp, 1004
core   0: 3 0x8000216e (0x3ec10e93) x29 0x80007711
core   0: 0x80002172 (0x40c680b3) sub     ra, a3, a2
core   0: 3 0x80002172 (0x40c680b3) x1  0xffffffff
core   0: 0x80002176 (0x00ddd3b3) srl     t2, s11, a3
core   0: 3 0x80002176 (0x00ddd3b3) x7  0x00000001
core   0: 0x8000217a (0x00006a8d) c.lui   s5, 0x3
core   0: 3 0x8000217a (0x6a8d) x21 0x00003000
core   0: 0x8000217c (0x00ab9193) slli    gp, s7, 10
core   0: 3 0x8000217c (0x00ab9193) x3  0x00000000
core   0: 0x80002180 (0x00001100) c.addi4spn s0, sp, 160
core   0: 3 0x80002180 (0x1100) x8  0x800073c5
core   0: 0x80002182 (0x00000001) c.nop
core   0: 3 0x80002182 (0x0001)
core   0: 0x80002184 (0x01b12033) slt     zero, sp, s11
core   0: 3 0x80002184 (0x01b12033)
core   0: 0x80002188 (0x03d07d63) bgeu    zero, t4, pc + 58
core   0: 3 0x80002188 (0x03d07d63)
core   0: 0x8000218c (0x249bee93) ori     t4, s7, 585
core   0: 3 0x8000218c (0x249bee93) x29 0x00000249
core   0: 0x80002190 (0x017499b3) sll     s3, s1, s7
core   0: 3 0x80002190 (0x017499b3) x19 0x800075f6
core   0: 0x80002194 (0x00008fbe) c.mv    t6, a5
core   0: 3 0x80002194 (0x8fbe) x31 0x80007375
core   0: 0x80002196 (0x00001f08) c.addi4spn a0, sp, 944
core   0: 3 0x80002196 (0x1f08) x10 0x800076d5
core   0: 0x80002198 (0x01048d63) beq     s1, a6, pc + 26
core   0: 3 0x80002198 (0x01048d63)
core   0: 0x8000219c (0x3b72ad13) slti    s10, t0, 951
core   0: 3 0x8000219c (0x3b72ad13) x26 0x00000001
core   0: 0x800021a0 (0x03ce3bb3) mulhu   s7, t3, t3
core   0: 3 0x800021a0 (0x03ce3bb3) x23 0x40007950
core   0: 0x800021a4 (0x0000158c) c.addi4spn a1, sp, 736
core   0: 3 0x800021a4 (0x158c) x11 0x80007605
core   0: 0x800021a6 (0x029e3733) mulhu   a4, t3, s1
core   0: 3 0x800021a6 (0x029e3733) x14 0x400077a3
core   0: 0x800021aa (0x029c4e63) blt     s8, s1, pc + 60
core   0: 3 0x800021aa (0x029c4e63)
core   0: 0x800021ae (0xd571ad13) slti    s10, gp, -681
core   0: 3 0x800021ae (0xd571ad13) x26 0x00000000
core   0: 0x800021b2 (0x0344d663) bge     s1, s4, pc + 44
core   0: 3 0x800021b2 (0x0344d663)
core   0: 0x800021b6 (0x00008f1d) c.sub   a4, a5
core   0: 3 0x800021b6 (0x8f1d) x14 0xc000042e
core   0: 0x800021b8 (0x00009286) c.add   t0, ra
core   0: 3 0x800021b8 (0x9286) x5  0xffffffff
core   0: 0x800021ba (0x02440433) mul     s0, s0, tp
core   0: 3 0x800021ba (0x02440433) x8  0x00000000
core   0: 0x800021be (0x015be663) bltu    s7, s5, pc + 12
core   0: 3 0x800021be (0x015be663)
core   0: 0x800021c2 (0x8f56a213) slti    tp, a3, -1803
core   0: 3 0x800021c2 (0x8f56a213) x4  0x00000000
core   0: 0x800021c6 (0x03ba6563) bltu    s4, s11, pc + 42
core   0: 3 0x800021c6 (0x03ba6563)
core   0: 0x800021f0 (0x030b64b3) rem     s1, s6, a6
core   0: 3 0x800021f0 (0x030b64b3) x9  0xfffffb63
core   0: 0x800021f4 (0x00008f15) c.sub   a4, a3
core   0: 3 0x800021f4 (0x8f15) x14 0xc000042f
core   0: 0x800021f6 (0x00fa1d33) sll     s10, s4, a5
core   0: 3 0x800021f6 (0x00fa1d33) x26 0x9c800000
core   0: 0x800021fa (0x03399b63) bne     s3, s3, pc + 54
core   0: 3 0x800021fa (0x03399b63)
core   0: 0x800021fe (0x000086d9) c.srai  a3, 22
core   0: 3 0x800021fe (0x86d9) x13 0xffffffff
core   0: 0x80002200 (0x038905b3) mul     a1, s2, s8
core   0: 3 0x80002200 (0x038905b3) x11 0xfe393500
core   0: 0x80002204 (0x001838b3) sltu    a7, a6, ra
core   0: 3 0x80002204 (0x001838b3) x17 0x00000001
core   0: 0x80002208 (0x031c74b3) remu    s1, s8, a7
core   0: 3 0x80002208 (0x031c74b3) x9  0x00000000
core   0: 0x8000220c (0x40255493) srai    s1, a0, 2
core   0: 3 0x8000220c (0x40255493) x9  0xe0001db5
core   0: 0x80002210 (0x0000717d) c.addi16sp sp, -16
core   0: 3 0x80002210 (0x717d) x2  0x80007315
core   0: 0x80002212 (0x03cc4b33) div     s6, s8, t3
core   0: 3 0x80002212 (0x03cc4b33) x22 0x00000000
core   0: 0x80002216 (0x01ce9b63) bne     t4, t3, pc + 22
core   0: 3 0x80002216 (0x01ce9b63)
core   0: 0x8000222c (0x020e6833) rem     a6, t3, zero
core   0: 3 0x8000222c (0x020e6833) x16 0x80007950
core   0: 0x80002230 (0x000017fd) c.addi  a5, -1
core   0: 3 0x80002230 (0x17fd) x15 0x80007374
core   0: 0x80002232 (0x01834d33) xor     s10, t1, s8
core   0: 3 0x80002232 (0x01834d33) x26 0x000000bf
core   0: 0x80002236 (0xdea2c013) xori    zero, t0, -534
core   0: 3 0x80002236 (0xdea2c013)
core   0: 0x8000223a (0x00008c21) c.xor   s0, s0
core   0: 3 0x8000223a (0x8c21) x8  0x00000000
core   0: 0x8000223c (0x411c8d33) sub     s10, s9, a7
core   0: 3 0x8000223c (0x411c8d33) x26 0x00000000
core   0: 0x80002240 (0x418f0cb3) sub     s9, t5, s8
core   0: 3 0x80002240 (0x418f0cb3) x25 0xfffffffd
core   0: 0x80002244 (0x03188733) mul     a4, a7, a7
core   0: 3 0x80002244 (0x03188733) x14 0x00000001
core   0: 0x80002248 (0x24e66237) lui     tp, 0x24e66
core   0: 3 0x80002248 (0x24e66237) x4  0x24e66000
core   0: 0x8000224c (0xd67a3b93) sltiu   s7, s4, -665
core   0: 3 0x8000224c (0xd67a3b93) x23 0x00000001
core   0: 0x80002250 (0x024e15b3) mulh    a1, t3, tp
core   0: 3 0x80002250 (0x024e15b3) x11 0xed8ce17c
core   0: 0x80002254 (0xd0c88217) auipc   tp, 0xd0c88
core   0: 3 0x80002254 (0xd0c88217) x4  0x50c8a254
core   0: 0x80002258 (0x00965a93) srli    s5, a2, 9
core   0: 3 0x80002258 (0x00965a93) x21 0x00000000
core   0: 0x8000225c (0x02528233) mul     tp, t0, t0
core   0: 3 0x8000225c (0x02528233) x4  0x00000001
core   0: 0x80002260 (0x3826a993) slti    s3, a3, 898
core   0: 3 0x80002260 (0x3826a993) x19 0x00000001
core   0: 0x80002264 (0x01b37263) bgeu    t1, s11, pc + 4
core   0: 3 0x80002264 (0x01b37263)
core   0: 0x80002268 (0x000000d5) c.addi  ra, 21
core   0: 3 0x80002268 (0x00d5) x1  0x00000014
core   0: 0x8000226a (0x00000001) c.nop
core   0: 3 0x8000226a (0x0001)
core   0: 0x8000226c (0x01135eb3) srl     t4, t1, a7
core   0: 3 0x8000226c (0x01135eb3) x29 0x7fffffff
core   0: 0x80002270 (0xc2840b13) addi    s6, s0, -984
core   0: 3 0x80002270 (0xc2840b13) x22 0xfffffc28
core   0: 0x80002274 (0x00000001) c.nop
core   0: 3 0x80002274 (0x0001)
core   0: 0x80002276 (0x41a95493) srai    s1, s2, 26
core   0: 3 0x80002276 (0x41a95493) x9  0xffffffe0
core   0: 0x8000227a (0x00006f15) c.lui   t5, 0x5
core   0: 3 0x8000227a (0x6f15) x30 0x00005000
core   0: 0x8000227c (0x006f2bb3) slt     s7, t5, t1
core   0: 3 0x8000227c (0x006f2bb3) x23 0x00000000
core   0: 0x80002280 (0xb863e713) ori     a4, t2, -1146
core   0: 3 0x80002280 (0xb863e713) x14 0xfffffb87
core   0: 0x80002284 (0x00000001) c.nop
core   0: 3 0x80002284 (0x0001)
core   0: 0x80002286 (0xd7572c13) slti    s8, a4, -651
core   0: 3 0x80002286 (0xd7572c13) x24 0x00000001
core   0: 0x8000228a (0xa13eca93) xori    s5, t4, -1517
core   0: 3 0x8000228a (0xa13eca93) x21 0x800005ec
core   0: 0x8000228e (0x0000068e) c.slli  a3, 3
core   0: 3 0x8000228e (0x068e) x13 0xfffffff8
core   0: 0x80002290 (0xa8afb013) sltiu   zero, t6, -1398
core   0: 3 0x80002290 (0xa8afb013)
core   0: 0x80002294 (0x73fd7693) andi    a3, s10, 1855
core   0: 3 0x80002294 (0x73fd7693) x13 0x00000000
core   0: 0x80002298 (0x000086f2) c.mv    a3, t3
core   0: 3 0x80002298 (0x86f2) x13 0x80007950
core   0: 0x8000229a (0x0000484d) c.li    a6, 19
core   0: 3 0x8000229a (0x484d) x16 0x00000013
core   0: 0x8000229c (0x00009566) c.add   a0, s9
core   0: 3 0x8000229c (0x9566) x10 0x800076d2
core   0: 0x8000229e (0x03c76d33) rem     s10, a4, t3
core   0: 3 0x8000229e (0x03c76d33) x26 0xfffffb87
core   0: 0x800022a2 (0x01b342b3) xor     t0, t1, s11
core   0: 3 0x800022a2 (0x01b342b3) x5  0x00000403
core   0: 0x800022a6 (0x0108bbb3) sltu    s7, a7, a6
core   0: 3 0x800022a6 (0x0108bbb3) x23 0x00000001
core   0: 0x800022aa (0x410b89b3) sub     s3, s7, a6
core   0: 3 0x800022aa (0x410b89b3) x19 0xffffffee
core   0: 0x800022ae (0x40ce09b3) sub     s3, t3, a2
core   0: 3 0x800022ae (0x40ce09b3) x19 0x80007950
core   0: 0x800022b2 (0x008763b3) or      t2, a4, s0
core   0: 3 0x800022b2 (0x008763b3) x7  0xfffffb87
core   0: 0x800022b6 (0x4117d213) srai    tp, a5, 17
core   0: 3 0x800022b6 (0x4117d213) x4  0xffffc000
core   0: 0x800022ba (0x0000083e) c.slli  a6, 15
core   0: 3 0x800022ba (0x083e) x16 0x00098000
core   0: 0x800022bc (0x00000001) c.nop
core   0: 3 0x800022bc (0x0001)
core   0: 0x800022be (0x00008c15) c.sub   s0, a3
core   0: 3 0x800022be (0x8c15) x8  0x7fff86b0
core   0: 0x800022c0 (0x00000f14) c.addi4spn a3, sp, 912
core   0: 3 0x800022c0 (0x0f14) x13 0x800076a5
core   0: 0x800022c2 (0x05b54163) blt     a0, s11, pc + 66
core   0: 3 0x800022c2 (0x05b54163)
core   0: 0x80002304 (0x00008e8d) c.sub   a3, a1
core   0: 3 0x80002304 (0x8e8d) x13 0x92739529
core   0: 0x80002306 (0x6f49fa93) andi    s5, s3, 1780
core   0: 3 0x80002306 (0x6f49fa93) x21 0x00000050
core   0: 0x8000230a (0x63a97093) andi    ra, s2, 1594
core   0: 3 0x8000230a (0x63a97093) x1  0x00000620
core   0: 0x8000230e (0x40780cb3) sub     s9, a6, t2
core   0: 3 0x8000230e (0x40780cb3) x25 0x00098479
core   0: 0x80002312 (0x03bf4db3) div     s11, t5, s11
core   0: 3 0x80002312 (0x03bf4db3) x27 0xffffffed
core   0: 0x80002316 (0x41a10db3) sub     s11, sp, s10
core   0: 3 0x80002316 (0x41a10db3) x27 0x8000778e
core   0: 0x8000231a (0x00000cf2) c.slli  s9, 28
core   0: 3 0x8000231a (0x0cf2) x25 0x90000000
core   0: 0x8000231c (0x7c770893) addi    a7, a4, 1991
core   0: 3 0x8000231c (0x7c770893) x17 0x0000034e
core   0: 0x80002320 (0x00000001) c.nop
core   0: 3 0x80002320 (0x0001)
core   0: 0x80002322 (0x0cf78163) beq     a5, a5, pc + 194
core   0: 3 0x80002322 (0x0cf78163)
core   0: 0x800023e4 (0x0366beb3) mulhu   t4, a3, s6
core   0: 3 0x800023e4 (0x0366beb3) x29 0x927392f6
core   0: 0x800023e8 (0x00e39293) slli    t0, t2, 14
core   0: 3 0x800023e8 (0x00e39293) x5  0xfee1c000
core   0: 0x800023ec (0x02e5d963) bge     a1, a4, pc + 50
core   0: 3 0x800023ec (0x02e5d963)
core   0: 0x800023f0 (0x00375e13) srli    t3, a4, 3
core   0: 3 0x800023f0 (0x00375e13) x28 0x1fffff70
core   0: 0x800023f4 (0x02065b33) divu    s6, a2, zero
core   0: 3 0x800023f4 (0x02065b33) x22 0xffffffff
core   0: 0x800023f8 (0x0000952a) c.add   a0, a0
core   0: 3 0x800023f8 (0x952a) x10 0x0000eda4
core   0: 0x800023fa (0x40e20233) sub     tp, tp, a4
core   0: 3 0x800023fa (0x40e20233) x4  0xffffc479
core   0: 0x800023fe (0x00006c05) c.lui   s8, 0x1
core   0: 3 0x800023fe (0x6c05) x24 0x00001000
core   0: 0x80002400 (0x03ff3833) mulhu   a6, t5, t6
core   0: 3 0x80002400 (0x03ff3833) x16 0x00002800
core   0: 0x80002404 (0x012cec33) or      s8, s9, s2
core   0: 3 0x80002404 (0x012cec33) x24 0x90025e64
core   0: 0x80002408 (0x00008411) c.srai  s0, 4
core   0: 3 0x80002408 (0x8411) x8  0x07fff86b
core   0: 0x8000240a (0x022ba8b3) mulhsu  a7, s7, sp
core   0: 3 0x8000240a (0x022ba8b3) x17 0x00000000
core   0: 0x8000240e (0xe9574d17) auipc   s10, 0xe9574
core   0: 3 0x8000240e (0xe9574d17) x26 0x6957640e
core   0: 0x80002412 (0x00008fc1) c.or    a5, s0
core   0: 3 0x80002412 (0x8fc1) x15 0x87fffb7f
core   0: 0x80002414 (0x00008d79) c.and   a0, a4
core   0: 3 0x80002414 (0x8d79) x10 0x0000e984
core   0: 0x80002416 (0x4102dc93) srai    s9, t0, 16
core   0: 3 0x80002416 (0x4102dc93) x25 0xfffffee1
core   0: 0x8000241a (0x033463b3) rem     t2, s0, s3
core   0: 3 0x8000241a (0x033463b3) x7  0x07fff86b
core   0: 0x8000241e (0x0000147d) c.addi  s0, -1
core   0: 3 0x8000241e (0x147d) x8  0x07fff86a
core   0: 0x80002420 (0x0000187d) c.addi  a6, -1
core   0: 3 0x80002420 (0x187d) x16 0x000027ff
core   0: 0x80002422 (0x01da6363) bltu    s4, t4, pc + 6
core   0: 3 0x80002422 (0x01da6363)
core   0: 0x80002428 (0x0000071c) c.addi4spn a5, sp, 896
core   0: 3 0x80002428 (0x071c) x15 0x80007695
core   0: 0x8000242a (0x03b2a6b3) mulhsu  a3, t0, s11
core   0: 3 0x8000242a (0x03b2a6b3) x13 0xff70df7a
core   0: 0x8000242e (0x00000304) c.addi4spn s1, sp, 384
core   0: 3 0x8000242e (0x0304) x9  0x80007495
core   0: 0x80002430 (0x41ab5c93) srai    s9, s6, 26
core   0: 3 0x80002430 (0x41ab5c93) x25 0xffffffff
core   0: 0x80002434 (0x013ade13) srli    t3, s5, 19
core   0: 3 0x80002434 (0x013ade13) x28 0x00000000
core   0: 0x80002438 (0x026194b3) mulh    s1, gp, t1
core   0: 3 0x80002438 (0x026194b3) x9  0x00000000
core   0: 0x8000243c (0x0017e6b3) or      a3, a5, ra
core   0: 3 0x8000243c (0x0017e6b3) x13 0x800076b5
core   0: 0x80002440 (0x02686263) bltu    a6, t1, pc + 36
core   0: 3 0x80002440 (0x02686263)
core   0: 0x80002464 (0x0000e68d) c.bnez  a3, pc + 42
core   0: 3 0x80002464 (0xe68d)
core   0: 0x8000248e (0x037039b3) mulhu   s3, zero, s7
core   0: 3 0x8000248e (0x037039b3) x19 0x00000000
core   0: 0x80002492 (0x0000c70d) c.beqz  a4, pc + 42
core   0: 3 0x80002492 (0xc70d)
core   0: 0x80002494 (0x04444163) blt     s0, tp, pc + 66
core   0: 3 0x80002494 (0x04444163)
core   0: 0x80002498 (0x000089e9) c.andi  a1, 26
core   0: 3 0x80002498 (0x89e9) x11 0x00000018
core   0: 0x8000249a (0x03b276b3) remu    a3, tp, s11
core   0: 3 0x8000249a (0x03b276b3) x13 0x7fff4ceb
core   0: 0x8000249e (0x01445b33) srl     s6, s0, s4
core   0: 3 0x8000249e (0x01445b33) x22 0x007fff86
core   0: 0x800024a2 (0x03a3c133) div     sp, t2, s10
core   0: 3 0x800024a2 (0x03a3c133) x2  0x00000000
core   0: 0x800024a6 (0x00004b95) c.li    s7, 5
core   0: 3 0x800024a6 (0x4b95) x23 0x00000005
core   0: 0x800024a8 (0x03331d63) bne     t1, s3, pc + 58
core   0: 3 0x800024a8 (0x03331d63)
core   0: 0x800024e2 (0x00525ab3) srl     s5, tp, t0
core   0: 3 0x800024e2 (0x00525ab3) x21 0xffffc479
core   0: 0x800024e6 (0x00006259) c.lui   tp, 0x16
core   0: 3 0x800024e6 (0x6259) x4  0x00016000
core   0: 0x800024e8 (0x02df68b3) rem     a7, t5, a3
core   0: 3 0x800024e8 (0x02df68b3) x17 0x00005000
core   0: 0x800024ec (0x01adda93) srli    s5, s11, 26
core   0: 3 0x800024ec (0x01adda93) x21 0x00000020
core   0: 0x800024f0 (0x47ec4117) auipc   sp, 0x47ec4
core   0: 3 0x800024f0 (0x47ec4117) x2  0xc7ec64f0
core   0: 0x800024f4 (0xbc056d93) ori     s11, a0, -1088
core   0: 3 0x800024f4 (0xbc056d93) x27 0xfffffbc4
core   0: 0x800024f8 (0x00576833) or      a6, a4, t0
core   0: 3 0x800024f8 (0x00576833) x16 0xfffffb87
core   0: 0x800024fc (0x0212f963) bgeu    t0, ra, pc + 50
core   0: 3 0x800024fc (0x0212f963)
core   0: 0x8000252e (0x00008b52) c.mv    s6, s4
core   0: 3 0x8000252e (0x8b52) x22 0x80029ce4
core   0: 0x80002530 (0x40ea85b3) sub     a1, s5, a4
core   0: 3 0x80002530 (0x40ea85b3) x11 0x00000499
core   0: 0x80002534 (0x0213e833) rem     a6, t2, ra
core   0: 3 0x80002534 (0x0213e833) x16 0x000004eb
core   0: 0x80002538 (0x005779b3) and     s3, a4, t0
core   0: 3 0x80002538 (0x005779b3) x19 0xfee1c000
core   0: 0x8000253c (0x03ad9963) bne     s11, s10, pc + 50
core   0: 3 0x8000253c (0x03ad9963)
core   0: 0x8000256e (0x011b5713) srli    a4, s6, 17
core   0: 3 0x8000256e (0x011b5713) x14 0x00004001
core   0: 0x80002572 (0x04c5f593) andi    a1, a1, 76
core   0: 3 0x80002572 (0x04c5f593) x11 0x00000008
core   0: 0x80002576 (0x00000001) c.nop
core   0: 3 0x80002576 (0x0001)
core   0: 0x80002578 (0x02848f33) mul     t5, s1, s0
core   0: 3 0x80002578 (0x02848f33) x30 0x00000000
core   0: 0x8000257c (0x035f1563) bne     t5, s5, pc + 42
core   0: 3 0x8000257c (0x035f1563)
core   0: 0x800025a6 (0x009dd833) srl     a6, s11, s1
core   0: 3 0x800025a6 (0x009dd833) x16 0xfffffbc4
core   0: 0x800025aa (0x0000830a) c.mv    t1, sp
core   0: 3 0x800025aa (0x830a) x6  0xc7ec64f0
core   0: 0x800025ac (0x00000d2d) c.addi  s10, 11
core   0: 3 0x800025ac (0x0d2d) x26 0x69576419
core   0: 0x800025ae (0x0000717d) c.addi16sp sp, -16
core   0: 3 0x800025ae (0x717d) x2  0xc7ec64e0
core   0: 0x800025b0 (0x418b2993) slti    s3, s6, 1048
core   0: 3 0x800025b0 (0x418b2993) x19 0x00000001
core   0: 0x800025b4 (0x027574b3) remu    s1, a0, t2
core   0: 3 0x800025b4 (0x027574b3) x9  0x0000e984
core   0: 0x800025b8 (0x00004229) c.li    tp, 10
core   0: 3 0x800025b8 (0x4229) x4  0x0000000a
core   0: 0x800025ba (0x00005dfd) c.li    s11, -1
core   0: 3 0x800025ba (0x5dfd) x27 0xffffffff
core   0: 0x800025bc (0x0000c1a9) c.beqz  a1, pc + 66
core   0: 3 0x800025bc (0xc1a9)
core   0: 0x800025be (0x00000001) c.nop
core   0: 3 0x800025be (0x0001)
core   0: 0x800025c0 (0x00006141) c.addi16sp sp, 16
core   0: 3 0x800025c0 (0x6141) x2  0xc7ec64f0
core   0: 0x800025c2 (0x03171463) bne     a4, a7, pc + 40
core   0: 3 0x800025c2 (0x03171463)
core   0: 0x800025ea (0x03e2a833) mulhsu  a6, t0, t5
core   0: 3 0x800025ea (0x03e2a833) x16 0x00000000
core   0: 0x800025ee (0x3506a093) slti    ra, a3, 848
core   0: 3 0x800025ee (0x3506a093) x1  0x00000000
core   0: 0x800025f2 (0x865f2c97) auipc   s9, 0x865f2
core   0: 3 0x800025f2 (0x865f2c97) x25 0x065f45f2
core   0: 0x800025f6 (0x03e8e533) rem     a0, a7, t5
core   0: 3 0x800025f6 (0x03e8e533) x10 0x00005000
core   0: 0x800025fa (0x03a89833) mulh    a6, a7, s10
core   0: 3 0x800025fa (0x03a89833) x16 0x000020eb
core   0: 0x800025fe (0x711e8893) addi    a7, t4, 1809
core   0: 3 0x800025fe (0x711e8893) x17 0x92739a07
core   0: 0x80002602 (0x025e0663) beq     t3, t0, pc + 44
core   0: 3 0x80002602 (0x025e0663)
core   0: 0x80002606 (0x00008b55) c.andi  a4, 21
core   0: 3 0x80002606 (0x8b55) x14 0x00000001
core   0: 0x80002608 (0x00008ad5) c.andi  a3, 21
core   0: 3 0x80002608 (0x8ad5) x13 0x00000001
core   0: 0x8000260a (0x00000180) c.addi4spn s0, sp, 192
core   0: 3 0x8000260a (0x0180) x8  0xc7ec65b0
core   0: 0x8000260c (0x0344f9b3) remu    s3, s1, s4
core   0: 3 0x8000260c (0x0344f9b3) x19 0x0000e984
core   0: 0x80002610 (0x00001894) c.addi4spn a3, sp, 112
core   0: 3 0x80002610 (0x1894) x13 0xc7ec6560
core   0: 0x80002612 (0x005d5a63) bge     s10, t0, pc + 20
core   0: 3 0x80002612 (0x005d5a63)
core   0: 0x80002626 (0x03701663) bne     zero, s7, pc + 44
core   0: 3 0x80002626 (0x03701663)
core   0: 0x80002652 (0xee2f7893) andi    a7, t5, -286
core   0: 3 0x80002652 (0xee2f7893) x17 0x00000000
core   0: 0x80002656 (0xca132d37) lui     s10, 0xca132
core   0: 3 0x80002656 (0xca132d37) x26 0xca132000
core   0: 0x8000265a (0x02381fb3) mulh    t6, a6, gp
core   0: 3 0x8000265a (0x02381fb3) x31 0x00000000
core   0: 0x8000265e (0x01ad1b13) slli    s6, s10, 26
core   0: 3 0x8000265e (0x01ad1b13) x22 0x00000000
core   0: 0x80002662 (0x00a7da93) srli    s5, a5, 10
core   0: 3 0x80002662 (0x00a7da93) x21 0x0020001d
core   0: 0x80002666 (0x6ec25697) auipc   a3, 0x6ec25
core   0: 3 0x80002666 (0x6ec25697) x13 0xeec27666
core   0: 0x8000266a (0x00991d63) bne     s2, s1, pc + 26
core   0: 3 0x8000266a (0x00991d63)
core   0: 0x80002684 (0x01386c33) or      s8, a6, s3
core   0: 3 0x80002684 (0x01386c33) x24 0x0000e9ef
core   0: 0x80002688 (0x000008fd) c.addi  a7, 31
core   0: 3 0x80002688 (0x08fd) x17 0x0000001f
core   0: 0x8000268a (0x04788163) beq     a7, t2, pc + 66
core   0: 3 0x8000268a (0x04788163)
core   0: 0x8000268e (0x026502b3) mul     t0, a0, t1
core   0: 3 0x8000268e (0x026502b3) x5  0xdf8b0000
core   0: 0x80002692 (0x035d7ab3) remu    s5, s10, s5
core   0: 3 0x80002692 (0x035d7ab3) x21 0x001268f0
core   0: 0x80002696 (0x000086e2) c.mv    a3, s8
core   0: 3 0x80002696 (0x86e2) x13 0x0000e9ef
core   0: 0x80002698 (0xadb1e0b7) lui     ra, 0xadb1e
core   0: 3 0x80002698 (0xadb1e0b7) x1  0xadb1e000
core   0: 0x8000269c (0x03070433) mul     s0, a4, a6
core   0: 3 0x8000269c (0x03070433) x8  0x000020eb
core   0: 0x800026a0 (0xad8b8113) addi    sp, s7, -1320
core   0: 3 0x800026a0 (0xad8b8113) x2  0xfffffadd
core   0: 0x800026a4 (0x0270f663) bgeu    ra, t2, pc + 44
core   0: 3 0x800026a4 (0x0270f663)
core   0: 0x800026d0 (0x0384e563) bltu    s1, s8, pc + 42
core   0: 3 0x800026d0 (0x0384e563)
core   0: 0x800026fa (0x01bd7f33) and     t5, s10, s11
core   0: 3 0x800026fa (0x01bd7f33) x30 0xca132000
core   0: 0x800026fe (0x37152a93) slti    s5, a0, 881
core   0: 3 0x800026fe (0x37152a93) x21 0x00000000
core   0: 0x80002702 (0x401b0433) sub     s0, s6, ra
core   0: 3 0x80002702 (0x401b0433) x8  0x524e2000
core   0: 0x80002706 (0x03e0c433) div     s0, ra, t5
core   0: 3 0x80002706 (0x03e0c433) x8  0x00000001
core   0: 0x8000270a (0x00008c89) c.sub   s1, a0
core   0: 3 0x8000270a (0x8c89) x9  0x00009984
core   0: 0x8000270c (0x028d94b3) mulh    s1, s11, s0
core   0: 3 0x8000270c (0x028d94b3) x9  0xffffffff
core   0: 0x80002710 (0x00008eb9) c.xor   a3, a4
core   0: 3 0x80002710 (0x8eb9) x13 0x0000e9ee
core   0: 0x80002712 (0x03f2b133) mulhu   sp, t0, t6
core   0: 3 0x80002712 (0x03f2b133) x2  0x00000000
core   0: 0x80002716 (0xa1804413) xori    s0, zero, -1512
core   0: 3 0x80002716 (0xa1804413) x8  0xfffffa18
core   0: 0x8000271a (0x7f65a213) slti    tp, a1, 2038
core   0: 3 0x8000271a (0x7f65a213) x4  0x00000001
core   0: 0x8000271e (0x00415e13) srli    t3, sp, 4
core   0: 3 0x8000271e (0x00415e13) x28 0x00000000
core   0: 0x80002722 (0x00008c69) c.and   s0, a0
core   0: 3 0x80002722 (0x8c69) x8  0x00005000
core   0: 0x80002724 (0x020795b3) mulh    a1, a5, zero
core   0: 3 0x80002724 (0x020795b3) x11 0x00000000
core   0: 0x80002728 (0x1a2ea293) slti    t0, t4, 418
core   0: 3 0x80002728 (0x1a2ea293) x5  0x00000001
core   0: 0x8000272c (0x8fd1fe13) andi    t3, gp, -1795
core   0: 3 0x8000272c (0x8fd1fe13) x28 0x00000000
core   0: 0x80002730 (0x000093b6) c.add   t2, a3
core   0: 3 0x80002730 (0x93b6) x7  0x0800e259
core   0: 0x80002732 (0x0000ed95) c.bnez  a1, pc + 60
core   0: 3 0x80002732 (0xed95)
core   0: 0x80002734 (0x41ebd1b3) sra     gp, s7, t5
core   0: 3 0x80002734 (0x41ebd1b3) x3  0x00000005
core   0: 0x80002738 (0x00005bfd) c.li    s7, -1
core   0: 3 0x80002738 (0x5bfd) x23 0xffffffff
core   0: 0x8000273a (0x3e694793) xori    a5, s2, 998
core   0: 3 0x8000273a (0x3e694793) x15 0x80025d82
core   0: 0x8000273e (0x02c23d33) mulhu   s10, tp, a2
core   0: 3 0x8000273e (0x02c23d33) x26 0x00000000
core   0: 0x80002742 (0x19633693) sltiu   a3, t1, 406
core   0: 3 0x80002742 (0x19633693) x13 0x00000000
core   0: 0x80002746 (0x00000819) c.addi  a6, 6
core   0: 3 0x80002746 (0x0819) x16 0x000020f1
core   0: 0x80002748 (0x41f203b3) sub     t2, tp, t6
core   0: 3 0x80002748 (0x41f203b3) x7  0x00000001
core   0: 0x8000274c (0x021e5eb3) divu    t4, t3, ra
core   0: 3 0x8000274c (0x021e5eb3) x29 0x00000000
core   0: 0x80002750 (0x03510833) mul     a6, sp, s5
core   0: 3 0x80002750 (0x03510833) x16 0x00000000
core   0: 0x80002754 (0x00008ad6) c.mv    s5, s5
core   0: 3 0x80002754 (0x8ad6) x21 0x00000000
core   0: 0x80002756 (0x00008cad) c.xor   s1, a1
core   0: 3 0x80002756 (0x8cad) x9  0xffffffff
core   0: 0x80002758 (0x000090be) c.add   ra, a5
core   0: 3 0x80002758 (0x90be) x1  0x2db43d82
core   0: 0x8000275a (0x000095ca) c.add   a1, s2
core   0: 3 0x8000275a (0x95ca) x11 0x80025e64
core   0: 0x8000275c (0x41d86893) ori     a7, a6, 1053
core   0: 3 0x8000275c (0x41d86893) x17 0x0000041d
core   0: 0x80002760 (0x037d7c63) bgeu    s10, s7, pc + 56
core   0: 3 0x80002760 (0x037d7c63)
core   0: 0x80002764 (0x01a8d263) bge     a7, s10, pc + 4
core   0: 3 0x80002764 (0x01a8d263)
core   0: 0x80002768 (0x00006169) c.addi16sp sp, 208
core   0: 3 0x80002768 (0x6169) x2  0x000000d0
core   0: 0x8000276a (0x4b127813) andi    a6, tp, 1201
core   0: 3 0x8000276a (0x4b127813) x16 0x00000001
core   0: 0x8000276e (0x0175e8b3) or      a7, a1, s7
core   0: 3 0x8000276e (0x0175e8b3) x17 0xffffffff
core   0: 0x80002772 (0xfa6d6593) ori     a1, s10, -90
core   0: 3 0x80002772 (0xfa6d6593) x11 0xffffffa6
core   0: 0x80002776 (0x023b2233) mulhsu  tp, s6, gp
core   0: 3 0x80002776 (0x023b2233) x4  0x00000000
core   0: 0x8000277a (0x01476033) or      zero, a4, s4
core   0: 3 0x8000277a (0x01476033)
core   0: 0x8000277e (0x026e5363) bge     t3, t1, pc + 38
core   0: 3 0x8000277e (0x026e5363)
core   0: 0x800027a4 (0x40edd5b3) sra     a1, s11, a4
core   0: 3 0x800027a4 (0x40edd5b3) x11 0xffffffff
core   0: 0x800027a8 (0x03293db3) mulhu   s11, s2, s2
core   0: 3 0x800027a8 (0x03293db3) x27 0x40025e69
core   0: 0x800027ac (0x010af6b3) and     a3, s5, a6
core   0: 3 0x800027ac (0x010af6b3) x13 0x00000000
core   0: 0x800027b0 (0x14927813) andi    a6, tp, 329
core   0: 3 0x800027b0 (0x14927813) x16 0x00000000
core   0: 0x800027b4 (0x00001c7d) c.addi  s8, -1
core   0: 3 0x800027b4 (0x1c7d) x24 0x0000e9ee
core   0: 0x800027b6 (0xd1aa3813) sltiu   a6, s4, -742
core   0: 3 0x800027b6 (0xd1aa3813) x16 0x00000001
core   0: 0x800027ba (0x00008c4d) c.or    s0, a1
core   0: 3 0x800027ba (0x8c4d) x8  0xffffffff
core   0: 0x800027bc (0x00000001) c.nop
core   0: 3 0x800027bc (0x0001)
core   0: 0x800027be (0x038cee33) rem     t3, s9, s8
core   0: 3 0x800027be (0x038cee33) x28 0x00002974
core   0: 0x800027c2 (0xb8802e13) slti    t3, zero, -1144
core   0: 3 0x800027c2 (0xb8802e13) x28 0x00000000
core   0: 0x800027c6 (0x016cfbb3) and     s7, s9, s6
core   0: 3 0x800027c6 (0x016cfbb3) x23 0x00000000
core   0: 0x800027ca (0x00008f71) c.and   a4, a2
core   0: 3 0x800027ca (0x8f71) x14 0x00000000
core   0: 0x800027cc (0x00008c65) c.and   s0, s1
core   0: 3 0x800027cc (0x8c65) x8  0xffffffff
core   0: 0x800027ce (0x00000001) c.nop
core   0: 3 0x800027ce (0x0001)
core   0: 0x800027d0 (0x03500333) mul     t1, zero, s5
core   0: 3 0x800027d0 (0x03500333) x6  0x00000000
core   0: 0x800027d4 (0x2ffb8113) addi    sp, s7, 767
core   0: 3 0x800027d4 (0x2ffb8113) x2  0x000002ff
core   0: 0x800027d8 (0x81ddd117) auipc   sp, 0x81ddd
core   0: 3 0x800027d8 (0x81ddd117) x2  0x01ddf7d8
core   0: 0x800027dc (0x00c176b3) and     a3, sp, a2
core   0: 3 0x800027dc (0x00c176b3) x13 0x00000000
core   0: 0x800027e0 (0xfa374713) xori    a4, a4, -93
core   0: 3 0x800027e0 (0xfa374713) x14 0xffffffa3
core   0: 0x800027e4 (0x02bcc533) div     a0, s9, a1
core   0: 3 0x800027e4 (0x02bcc533) x10 0xf9a0ba0e
core   0: 0x800027e8 (0x403b8c33) sub     s8, s7, gp
core   0: 3 0x800027e8 (0x403b8c33) x24 0xfffffffb
core   0: 0x800027ec (0x40970ab3) sub     s5, a4, s1
core   0: 3 0x800027ec (0x40970ab3) x21 0xffffffa4
core   0: 0x800027f0 (0x0000cb91) c.beqz  a5, pc + 20
core   0: 3 0x800027f0 (0xcb91)
core   0: 0x800027f2 (0xcd3dbd37) lui     s10, 0xcd3db
core   0: 3 0x800027f2 (0xcd3dbd37) x26 0xcd3db000
core   0: 0x800027f6 (0x03c49763) bne     s1, t3, pc + 46
core   0: 3 0x800027f6 (0x03c49763)
core   0: 0x80002824 (0x03b9a5b3) mulhsu  a1, s3, s11
core   0: 3 0x80002824 (0x03b9a5b3) x11 0x00003a63
core   0: 0x80002828 (0x01a3d463) bge     t2, s10, pc + 8
core   0: 3 0x80002828 (0x01a3d463)
core   0: 0x80002830 (0x00008711) c.srai  a4, 4
core   0: 3 0x80002830 (0x8711) x14 0xfffffffa
core   0: 0x80002832 (0x00000001) c.nop
core   0: 3 0x80002832 (0x0001)
core   0: 0x80002834 (0x00008d99) c.sub   a1, a4
core   0: 3 0x80002834 (0x8d99) x11 0x00003a69
core   0: 0x80002836 (0x000083b5) c.srli  a5, 13
core   0: 3 0x80002836 (0x83b5) x15 0x00040012
core   0: 0x80002838 (0x03d7bcb3) mulhu   s9, a5, t4
core   0: 3 0x80002838 (0x03d7bcb3) x25 0x00000000
core   0: 0x8000283c (0x01de5593) srli    a1, t3, 29
core   0: 3 0x8000283c (0x01de5593) x11 0x00000000
core   0: 0x80002840 (0x00d089b3) add     s3, ra, a3
core   0: 3 0x80002840 (0x00d089b3) x19 0x2db43d82
core   0: 0x80002844 (0x000088aa) c.mv    a7, a0
core   0: 3 0x80002844 (0x88aa) x17 0xf9a0ba0e
core   0: 0x80002846 (0x0000ee8d) c.bnez  a3, pc + 58
core   0: 3 0x80002846 (0xee8d)
core   0: 0x80002848 (0x00008ec6) c.mv    t4, a7
core   0: 3 0x80002848 (0x8ec6) x29 0xf9a0ba0e
core   0: 0x8000284a (0x8e572d13) slti    s10, a4, -1819
core   0: 3 0x8000284a (0x8e572d13) x26 0x00000000
core   0: 0x8000284e (0x0b350493) addi    s1, a0, 179
core   0: 3 0x8000284e (0x0b350493) x9  0xf9a0bac1
core   0: 0x80002852 (0x00006429) c.lui   s0, 0xa
core   0: 3 0x80002852 (0x6429) x8  0x0000a000
core   0: 0x80002854 (0x00008061) c.srli  s0, 24
core   0: 3 0x80002854 (0x8061) x8  0x00000000
core   0: 0x80002856 (0x02003e33) mulhu   t3, zero, zero
core   0: 3 0x80002856 (0x02003e33) x28 0x00000000
core   0: 0x8000285a (0x0cf0af93) slti    t6, ra, 207
core   0: 3 0x8000285a (0x0cf0af93) x31 0x00000000
core   0: 0x8000285e (0x006ef833) and     a6, t4, t1
core   0: 3 0x8000285e (0x006ef833) x16 0x00000000
core   0: 0x80002862 (0x00005dfd) c.li    s11, -1
core   0: 3 0x80002862 (0x5dfd) x27 0xffffffff
core   0: 0x80002864 (0x005343b3) xor     t2, t1, t0
core   0: 3 0x80002864 (0x005343b3) x7  0x00000001
core   0: 0x80002868 (0x02abd963) bge     s7, a0, pc + 50
core   0: 3 0x80002868 (0x02abd963)
core   0: 0x8000289a (0x01447533) and     a0, s0, s4
core   0: 3 0x8000289a (0x01447533) x10 0x00000000
core   0: 0x8000289e (0x02c7c263) blt     a5, a2, pc + 36
core   0: 3 0x8000289e (0x02c7c263)
core   0: 0x800028a2 (0x00008ee2) c.mv    t4, s8
core   0: 3 0x800028a2 (0x8ee2) x29 0xfffffffb
core   0: 0x800028a4 (0x03315463) bge     sp, s3, pc + 40
core   0: 3 0x800028a4 (0x03315463)
core   0: 0x800028a8 (0x00686d63) bltu    a6, t1, pc + 26
core   0: 3 0x800028a8 (0x00686d63)
core   0: 0x800028ac (0x84437d13) andi    s10, t1, -1980
core   0: 3 0x800028ac (0x84437d13) x26 0x00000000
core   0: 0x800028b0 (0x0000023e) c.slli  tp, 15
core   0: 3 0x800028b0 (0x023e) x4  0x00000000
core   0: 0x800028b2 (0x00000249) c.addi  tp, 18
core   0: 3 0x800028b2 (0x0249) x4  0x00000012
core   0: 0x800028b4 (0x0000717d) c.addi16sp sp, -16
core   0: 3 0x800028b4 (0x717d) x2  0x01ddf7c8
core   0: 0x800028b6 (0x004959b3) srl     s3, s2, tp
core   0: 3 0x800028b6 (0x004959b3) x19 0x00002000
core   0: 0x800028ba (0x02350763) beq     a0, gp, pc + 46
core   0: 3 0x800028ba (0x02350763)
core   0: 0x800028be (0x00006165) c.addi16sp sp, 112
core   0: 3 0x800028be (0x6165) x2  0x01ddf838
core   0: 0x800028c0 (0x0000612d) c.addi16sp sp, 224
core   0: 3 0x800028c0 (0x612d) x2  0x01ddf918
core   0: 0x800028c2 (0x011b5c63) bge     s6, a7, pc + 24
core   0: 3 0x800028c2 (0x011b5c63)
core   0: 0x800028da (0x03e11163) bne     sp, t5, pc + 34
core   0: 3 0x800028da (0x03e11163)
core   0: 0x800028fc (0x16188393) addi    t2, a7, 353
core   0: 3 0x800028fc (0x16188393) x7  0xf9a0bb6f
core   0: 0x80002900 (0x0000cf1d) c.beqz  a4, pc + 62
core   0: 3 0x80002900 (0xcf1d)
core   0: 0x80002902 (0x015cf833) and     a6, s9, s5
core   0: 3 0x80002902 (0x015cf833) x16 0x00000000
core   0: 0x80002906 (0x949f4113) xori    sp, t5, -1719
core   0: 3 0x80002906 (0x949f4113) x2  0x35ecd949
core   0: 0x8000290a (0x00008c65) c.and   s0, s1
core   0: 3 0x8000290a (0x8c65) x8  0x00000000
core   0: 0x8000290c (0x40e505b3) sub     a1, a0, a4
core   0: 3 0x8000290c (0x40e505b3) x11 0x00000006
core   0: 0x80002910 (0x4013dbb3) sra     s7, t2, ra
core   0: 3 0x80002910 (0x4013dbb3) x23 0xfe682edb
core   0: 0x80002914 (0x0000044d) c.addi  s0, 19
core   0: 3 0x80002914 (0x044d) x8  0x00000013
core   0: 0x80002916 (0x02fa3b33) mulhu   s6, s4, a5
core   0: 3 0x80002916 (0x02fa3b33) x22 0x00020013
core   0: 0x8000291a (0x000015fd) c.addi  a1, -1
core   0: 3 0x8000291a (0x15fd) x11 0x00000005
core   0: 0x8000291c (0x00008771) c.srai  a4, 28
core   0: 3 0x8000291c (0x8771) x14 0xffffffff
core   0: 0x8000291e (0x00008061) c.srli  s0, 24
core   0: 3 0x8000291e (0x8061) x8  0x00000000
core   0: 0x80002920 (0x00000001) c.nop
core   0: 3 0x80002920 (0x0001)
core   0: 0x80002922 (0x00000104) c.addi4spn s1, sp, 128
core   0: 3 0x80002922 (0x0104) x9  0x35ecd9c9
core   0: 0x80002924 (0x03c84eb3) div     t4, a6, t3
core   0: 3 0x80002924 (0x03c84eb3) x29 0xffffffff
core   0: 0x80002928 (0x00301eb3) sll     t4, zero, gp
core   0: 3 0x80002928 (0x00301eb3) x29 0x00000000
core   0: 0x8000292c (0x0348d863) bge     a7, s4, pc + 48
core   0: 3 0x8000292c (0x0348d863)
core   0: 0x8000295c (0x03a3d263) bge     t2, s10, pc + 36
core   0: 3 0x8000295c (0x03a3d263)
core   0: 0x80002960 (0x00000e88) c.addi4spn a0, sp, 848
core   0: 3 0x80002960 (0x0e88) x10 0x35ecdc99
core   0: 0x80002962 (0x88f7f313) andi    t1, a5, -1905
core   0: 3 0x80002962 (0x88f7f313) x6  0x00040002
core   0: 0x80002966 (0x0238f333) remu    t1, a7, gp
core   0: 3 0x80002966 (0x0238f333) x6  0x00000004
core   0: 0x8000296a (0x017588b3) add     a7, a1, s7
core   0: 3 0x8000296a (0x017588b3) x17 0xfe682ee0
core   0: 0x8000296e (0x00008c3d) c.xor   s0, a5
core   0: 3 0x8000296e (0x8c3d) x8  0x00040012
core   0: 0x80002970 (0x00009186) c.add   gp, ra
core   0: 3 0x80002970 (0x9186) x3  0x2db43d87
core   0: 0x80002972 (0x02a12d33) mulhsu  s10, sp, a0
core   0: 3 0x80002972 (0x02a12d33) x26 0x0b5bedcc
core   0: 0x80002976 (0x010c0533) add     a0, s8, a6
core   0: 3 0x80002976 (0x010c0533) x10 0xfffffffb
core   0: 0x8000297a (0x02e9c233) div     tp, s3, a4
core   0: 3 0x8000297a (0x02e9c233) x4  0xffffe000
core   0: 0x8000297e (0x00008cd9) c.or    s1, a4
core   0: 3 0x8000297e (0x8cd9) x9  0xffffffff
core   0: 0x80002980 (0x01002833) slt     a6, zero, a6
core   0: 3 0x80002980 (0x01002833) x16 0x00000000
core   0: 0x80002984 (0x013bab33) slt     s6, s7, s3
core   0: 3 0x80002984 (0x013bab33) x22 0x00000001
core   0: 0x80002988 (0x00005c61) c.li    s8, -8
core   0: 3 0x80002988 (0x5c61) x24 0xfffffff8
core   0: 0x8000298a (0x00008546) c.mv    a0, a7
core   0: 3 0x8000298a (0x8546) x10 0xfe682ee0
core   0: 0x8000298c (0x0097a133) slt     sp, a5, s1
core   0: 3 0x8000298c (0x0097a133) x2  0x00000000
core   0: 0x80002990 (0x000054f5) c.li    s1, -3
core   0: 3 0x80002990 (0x54f5) x9  0xfffffffd
core   0: 0x80002992 (0x02d6f2b3) remu    t0, a3, a3
core   0: 3 0x80002992 (0x02d6f2b3) x5  0x00000000
core   0: 0x80002996 (0x00008ea5) c.xor   a3, s1
core   0: 3 0x80002996 (0x8ea5) x13 0xfffffffd
core   0: 0x80002998 (0x00000c15) c.addi  s8, 5
core   0: 3 0x80002998 (0x0c15) x24 0xfffffffd
core   0: 0x8000299a (0xd533f293) andi    t0, t2, -685
core   0: 3 0x8000299a (0xd533f293) x5  0xf9a0b943
core   0: 0x8000299e (0xfe9c1ae3) bne     s8, s1, pc - 12
core   0: 3 0x8000299e (0xfe9c1ae3)
core   0: 0x800029a2 (0x00008fed) c.and   a5, a1
core   0: 3 0x800029a2 (0x8fed) x15 0x00000000
core   0: 0x800029a4 (0x405ed2b3) sra     t0, t4, t0
core   0: 3 0x800029a4 (0x405ed2b3) x5  0x00000000
core   0: 0x800029a8 (0x02c86863) bltu    a6, a2, pc + 48
core   0: 3 0x800029a8 (0x02c86863)
core   0: 0x800029ac (0x1969a393) slti    t2, s3, 406
core   0: 3 0x800029ac (0x1969a393) x7  0x00000000
core   0: 0x800029b0 (0x01278663) beq     a5, s2, pc + 12
core   0: 3 0x800029b0 (0x01278663)
core   0: 0x800029b4 (0x411e5e33) sra     t3, t3, a7
core   0: 3 0x800029b4 (0x411e5e33) x28 0x00000000
core   0: 0x800029b8 (0x0000918a) c.add   gp, sp
core   0: 3 0x800029b8 (0x918a) x3  0x2db43d87
core   0: 0x800029ba (0x00008d01) c.sub   a0, s0
core   0: 3 0x800029ba (0x8d01) x10 0xfe642ece
core   0: 0x800029bc (0x00000001) c.nop
core   0: 3 0x800029bc (0x0001)
core   0: 0x800029be (0x03bb8c33) mul     s8, s7, s11
core   0: 3 0x800029be (0x03bb8c33) x24 0x0197d125
core   0: 0x800029c2 (0x00000001) c.nop
core   0: 3 0x800029c2 (0x0001)
core   0: 0x800029c4 (0x01f0d263) bge     ra, t6, pc + 4
core   0: 3 0x800029c4 (0x01f0d263)
core   0: 0x800029c8 (0x007d6463) bltu    s10, t2, pc + 8
core   0: 3 0x800029c8 (0x007d6463)
core   0: 0x800029cc (0x00770eb3) add     t4, a4, t2
core   0: 3 0x800029cc (0x00770eb3) x29 0xffffffff
core   0: 0x800029d0 (0x557abb37) lui     s6, 0x557ab
core   0: 3 0x800029d0 (0x557abb37) x22 0x557ab000
core   0: 0x800029d4 (0xd6437493) andi    s1, t1, -668
core   0: 3 0x800029d4 (0xd6437493) x9  0x00000004
core   0: 0x800029d8 (0x00008fd1) c.or    a5, a2
core   0: 3 0x800029d8 (0x8fd1) x15 0x00000000
core   0: 0x800029da (0x59c8e193) ori     gp, a7, 1436
core   0: 3 0x800029da (0x59c8e193) x3  0xfe682ffc
core   0: 0x800029de (0x01351293) slli    t0, a0, 19
core   0: 3 0x800029de (0x01351293) x5  0x76700000
core   0: 0x800029e2 (0x02710c63) beq     sp, t2, pc + 56
core   0: 3 0x800029e2 (0x02710c63)
core   0: 0x80002a1a (0x000055fd) c.li    a1, -1
core   0: 3 0x80002a1a (0x55fd) x11 0xffffffff
core   0: 0x80002a1c (0x00008ebd) c.xor   a3, a5
core   0: 3 0x80002a1c (0x8ebd) x13 0xfffffffd
core   0: 0x80002a1e (0x0000127d) c.addi  tp, -1
core   0: 3 0x80002a1e (0x127d) x4  0xffffdfff
core   0: 0x80002a20 (0x41880bb3) sub     s7, a6, s8
core   0: 3 0x80002a20 (0x41880bb3) x23 0xfe682edb
core   0: 0x80002a24 (0x00008bb2) c.mv    s7, a2
core   0: 3 0x80002a24 (0x8bb2) x23 0x00000000
core   0: 0x80002a26 (0x00008ea5) c.xor   a3, s1
core   0: 3 0x80002a26 (0x8ea5) x13 0xfffffff9
core   0: 0x80002a28 (0x00008f25) c.xor   a4, s1
core   0: 3 0x80002a28 (0x8f25) x14 0xfffffffb
core   0: 0x80002a2a (0x00006bf5) c.lui   s7, 0x1d
core   0: 3 0x80002a2a (0x6bf5) x23 0x0001d000
core   0: 0x80002a2c (0x0000127d) c.addi  tp, -1
core   0: 3 0x80002a2c (0x127d) x4  0xffffdffe
core   0: 0x80002a2e (0x01989193) slli    gp, a7, 25
core   0: 3 0x80002a2e (0x01989193) x3  0xc0000000
core   0: 0x80002a32 (0x02db6db3) rem     s11, s6, a3
core   0: 3 0x80002a32 (0x02db6db3) x27 0x00000004
core   0: 0x80002a36 (0x03319233) mulh    tp, gp, s3
core   0: 3 0x80002a36 (0x03319233) x4  0xfffff800
core   0: 0x80002a3a (0x2396fc93) andi    s9, a3, 569
core   0: 3 0x80002a3a (0x2396fc93) x25 0x00000239
core   0: 0x80002a3e (0x0ecc0317) auipc   t1, 0xecc0
core   0: 3 0x80002a3e (0x0ecc0317) x6  0x8ecc2a3e
core   0: 0x80002a42 (0x00008c59) c.or    s0, a4
core   0: 3 0x80002a42 (0x8c59) x8  0xfffffffb
core   0: 0x80002a44 (0x00009e5e) c.add   t3, s7
core   0: 3 0x80002a44 (0x9e5e) x28 0x0001d000
core   0: 0x80002a46 (0x7b8aa513) slti    a0, s5, 1976
core   0: 3 0x80002a46 (0x7b8aa513) x10 0x00000001
core   0: 0x80002a4a (0x00000001) c.nop
core   0: 3 0x80002a4a (0x0001)
core   0: 0x80002a4c (0x00001898) c.addi4spn a4, sp, 112
core   0: 3 0x80002a4c (0x1898) x14 0x00000070
core   0: 0x80002a4e (0x406c5293) srai    t0, s8, 6
core   0: 3 0x80002a4e (0x406c5293) x5  0x00065f44
core   0: 0x80002a52 (0x80bf0b13) addi    s6, t5, -2037
core   0: 3 0x80002a52 (0x80bf0b13) x22 0xca13180b
core   0: 0x80002a56 (0x26cf0d93) addi    s11, t5, 620
core   0: 3 0x80002a56 (0x26cf0d93) x27 0xca13226c
core   0: 0x80002a5a (0x02d6f5b3) remu    a1, a3, a3
core   0: 3 0x80002a5a (0x02d6f5b3) x11 0x00000000
core   0: 0x80002a5e (0xd6b52293) slti    t0, a0, -661
core   0: 3 0x80002a5e (0xd6b52293) x5  0x00000000
core   0: 0x80002a62 (0x0000187d) c.addi  a6, -1
core   0: 3 0x80002a62 (0x187d) x16 0xffffffff
core   0: 0x80002a64 (0x00008eb1) c.xor   a3, a2
core   0: 3 0x80002a64 (0x8eb1) x13 0xfffffff9
core   0: 0x80002a66 (0x0132e5b3) or      a1, t0, s3
core   0: 3 0x80002a66 (0x0132e5b3) x11 0x00002000
core   0: 0x80002a6a (0x361be293) ori     t0, s7, 865
core   0: 3 0x80002a6a (0x361be293) x5  0x0001d361
core   0: 0x80002a6e (0x039ac533) div     a0, s5, s9
core   0: 3 0x80002a6e (0x039ac533) x10 0x00000000
core   0: 0x80002a72 (0x026f0963) beq     t5, t1, pc + 50
core   0: 3 0x80002a72 (0x026f0963)
core   0: 0x80002a76 (0x021a1833) mulh    a6, s4, ra
core   0: 3 0x80002a76 (0x021a1833) x16 0xe92658aa
core   0: 0x80002a7a (0x00009b7d) c.andi  a4, -1
core   0: 3 0x80002a7a (0x9b7d) x14 0x00000070
core   0: 0x80002a7c (0x01261b13) slli    s6, a2, 18
core   0: 3 0x80002a7c (0x01261b13) x22 0x00000000
core   0: 0x80002a80 (0xac277213) andi    tp, a4, -1342
core   0: 3 0x80002a80 (0xac277213) x4  0x00000040
core   0: 0x80002a84 (0x00ec6233) or      tp, s8, a4
core   0: 3 0x80002a84 (0x00ec6233) x4  0x0197d175
core   0: 0x80002a88 (0x01b877b3) and     a5, a6, s11
core   0: 3 0x80002a88 (0x01b877b3) x15 0xc8020028
core   0: 0x80002a8c (0x00006c69) c.lui   s8, 0x1a
core   0: 3 0x80002a8c (0x6c69) x24 0x0001a000
core   0: 0x80002a8e (0x00008c51) c.or    s0, a2
core   0: 3 0x80002a8e (0x8c51) x8  0xfffffffb
core   0: 0x80002a90 (0x03798533) mul     a0, s3, s7
core   0: 3 0x80002a90 (0x03798533) x10 0x3a000000
core   0: 0x80002a94 (0x00ad9c13) slli    s8, s11, 10
core   0: 3 0x80002a94 (0x00ad9c13) x24 0x4c89b000
core   0: 0x80002a98 (0x013d1b33) sll     s6, s10, s3
core   0: 3 0x80002a98 (0x013d1b33) x22 0x0b5bedcc
core   0: 0x80002a9c (0x00004485) c.li    s1, 1
core   0: 3 0x80002a9c (0x4485) x9  0x00000001
core   0: 0x80002a9e (0x01e07f33) and     t5, zero, t5
core   0: 3 0x80002a9e (0x01e07f33) x30 0x00000000
core   0: 0x80002aa2 (0x0000987a) c.add   a6, t5
core   0: 3 0x80002aa2 (0x987a) x16 0xe92658aa
core   0: 0x80002aa4 (0x00008ca1) c.xor   s1, s0
core   0: 3 0x80002aa4 (0x8ca1) x9  0xfffffffa
core   0: 0x80002aa6 (0x0000e29d) c.bnez  a3, pc + 38
core   0: 3 0x80002aa6 (0xe29d)
core   0: 0x80002acc (0x339c7d97) auipc   s11, 0x339c7
core   0: 3 0x80002acc (0x339c7d97) x27 0xb39c9acc
core   0: 0x80002ad0 (0x0000c401) c.beqz  s0, pc + 8
core   0: 3 0x80002ad0 (0xc401)
core   0: 0x80002ad2 (0x00008039) c.srli  s0, 14
core   0: 3 0x80002ad2 (0x8039) x8  0x0003ffff
core   0: 0x80002ad4 (0x02a0dcb3) divu    s9, ra, a0
core   0: 3 0x80002ad4 (0x02a0dcb3) x25 0x00000000
core   0: 0x80002ad8 (0x02fd7263) bgeu    s10, a5, pc + 36
core   0: 3 0x80002ad8 (0x02fd7263)
core   0: 0x80002adc (0x00001efd) c.addi  t4, -1
core   0: 3 0x80002adc (0x1efd) x29 0xfffffffe
core   0: 0x80002ade (0x003a9d13) slli    s10, s5, 3
core   0: 3 0x80002ade (0x003a9d13) x26 0xfffffd20
core   0: 0x80002ae2 (0x000016b3) sll     a3, zero, zero
core   0: 3 0x80002ae2 (0x000016b3) x13 0x00000000
core   0: 0x80002ae6 (0x4105d693) srai    a3, a1, 16
core   0: 3 0x80002ae6 (0x4105d693) x13 0x00000000
core   0: 0x80002aea (0x03b2a9b3) mulhsu  s3, t0, s11
core   0: 3 0x80002aea (0x03b2a9b3) x19 0x000147ea
core   0: 0x80002aee (0x016fa3b3) slt     t2, t6, s6
core   0: 3 0x80002aee (0x016fa3b3) x7  0x00000001
core   0: 0x80002af2 (0x40c4db93) srai    s7, s1, 12
core   0: 3 0x80002af2 (0x40c4db93) x23 0xffffffff
core   0: 0x80002af6 (0x037b31b3) mulhu   gp, s6, s7
core   0: 3 0x80002af6 (0x037b31b3) x3  0x0b5bedcb
core   0: 0x80002afa (0x00008da1) c.xor   a1, s0
core   0: 3 0x80002afa (0x8da1) x11 0x0003dfff
core   0: 0x80002afc (0xb4dd2497) auipc   s1, 0xb4dd2
core   0: 3 0x80002afc (0xb4dd2497) x9  0x34dd4afc
core   0: 0x80002b00 (0x00008c6d) c.and   s0, a1
core   0: 3 0x80002b00 (0x8c6d) x8  0x0003dfff
core   0: 0x80002b02 (0x03965863) bge     a2, s9, pc + 48
core   0: 3 0x80002b02 (0x03965863)
core   0: 0x80002b32 (0x0000e991) c.bnez  a1, pc + 20
core   0: 3 0x80002b32 (0xe991)
core   0: 0x80002b46 (0x0000830d) c.srli  a4, 3
core   0: 3 0x80002b46 (0x830d) x14 0x0000000e
core   0: 0x80002b48 (0x00008ff9) c.and   a5, a4
core   0: 3 0x80002b48 (0x8ff9) x15 0x00000008
core   0: 0x80002b4a (0x02551533) mulh    a0, a0, t0
core   0: 3 0x80002b4a (0x02551533) x10 0x000069e3
core   0: 0x80002b4e (0x00008fd1) c.or    a5, a2
core   0: 3 0x80002b4e (0x8fd1) x15 0x00000008
core   0: 0x80002b50 (0x41478233) sub     tp, a5, s4
core   0: 3 0x80002b50 (0x41478233) x4  0x7ffd6324
core   0: 0x80002b54 (0x415a81b3) sub     gp, s5, s5
core   0: 3 0x80002b54 (0x415a81b3) x3  0x00000000
core   0: 0x80002b58 (0x0000ce81) c.beqz  a3, pc + 24
core   0: 3 0x80002b58 (0xce81)
core   0: 0x80002b70 (0x0173fb33) and     s6, t2, s7
core   0: 3 0x80002b70 (0x0173fb33) x22 0x00000001
core   0: 0x80002b74 (0x00000001) c.nop
core   0: 3 0x80002b74 (0x0001)
core   0: 0x80002b76 (0x41378833) sub     a6, a5, s3
core   0: 3 0x80002b76 (0x41378833) x16 0xfffeb81e
core   0: 0x80002b7a (0x00a65c13) srli    s8, a2, 10
core   0: 3 0x80002b7a (0x00a65c13) x24 0x00000000
core   0: 0x80002b7e (0x7eed8cb7) lui     s9, 0x7eed8
core   0: 3 0x80002b7e (0x7eed8cb7) x25 0x7eed8000
core   0: 0x80002b82 (0x00006b25) c.lui   s6, 0x9
core   0: 3 0x80002b82 (0x6b25) x22 0x00009000
core   0: 0x80002b84 (0x0000c41d) c.beqz  s0, pc + 46
core   0: 3 0x80002b84 (0xc41d)
core   0: 0x80002b86 (0x40168133) sub     sp, a3, ra
core   0: 3 0x80002b86 (0x40168133) x2  0xd24bc27e
core   0: 0x80002b8a (0x03385663) bge     a6, s3, pc + 44
core   0: 3 0x80002b8a (0x03385663)
core   0: 0x80002b8e (0x00c31013) slli    zero, t1, 12
core   0: 3 0x80002b8e (0x00c31013)
core   0: 0x80002b92 (0x0a489b63) bne     a7, tp, pc + 182
core   0: 3 0x80002b92 (0x0a489b63)
core   0: 0x80002c48 (0x0000187d) c.addi  a6, -1
core   0: 3 0x80002c48 (0x187d) x16 0xfffeb81d
core   0: 0x80002c4a (0x0000e58d) c.bnez  a1, pc + 42
core   0: 3 0x80002c4a (0xe58d)
core   0: 0x80002c74 (0x03829563) bne     t0, s8, pc + 42
core   0: 3 0x80002c74 (0x03829563)
core   0: 0x80002c9e (0x00008f91) c.sub   a5, a2
core   0: 3 0x80002c9e (0x8f91) x15 0x00000008
core   0: 0x80002ca0 (0x00006841) c.lui   a6, 0x10
core   0: 3 0x80002ca0 (0x6841) x16 0x00010000
core   0: 0x80002ca2 (0x0361d463) bge     gp, s6, pc + 40
core   0: 3 0x80002ca2 (0x0361d463)
core   0: 0x80002ca6 (0x00009186) c.add   gp, ra
core   0: 3 0x80002ca6 (0x9186) x3  0x2db43d82
core   0: 0x80002ca8 (0x02747663) bgeu    s0, t2, pc + 44
core   0: 3 0x80002ca8 (0x02747663)
core   0: 0x80002cd4 (0x310c7093) andi    ra, s8, 784
core   0: 3 0x80002cd4 (0x310c7093) x1  0x00000000
core   0: 0x80002cd8 (0x009245b3) xor     a1, tp, s1
core   0: 3 0x80002cd8 (0x009245b3) x11 0x4b2029d8
core   0: 0x80002cdc (0x034f5f63) bge     t5, s4, pc + 62
core   0: 3 0x80002cdc (0x034f5f63)
core   0: 0x80002d1a (0x00008025) c.srli  s0, 9
core   0: 3 0x80002d1a (0x8025) x8  0x000001ef
core   0: 0x80002d1c (0x00001a9c) c.addi4spn a5, sp, 368
core   0: 3 0x80002d1c (0x1a9c) x15 0xd24bc3ee
core   0: 0x80002d1e (0x015fdc93) srli    s9, t6, 21
core   0: 3 0x80002d1e (0x015fdc93) x25 0x00000000
core   0: 0x80002d22 (0x0286d533) divu    a0, a3, s0
core   0: 3 0x80002d22 (0x0286d533) x10 0x00000000
core   0: 0x80002d26 (0x000069e5) c.lui   s3, 0x19
core   0: 3 0x80002d26 (0x69e5) x19 0x00019000
core   0: 0x80002d28 (0x017624b3) slt     s1, a2, s7
core   0: 3 0x80002d28 (0x017624b3) x9  0x00000000
core   0: 0x80002d2c (0x01cc0d33) add     s10, s8, t3
core   0: 3 0x80002d2c (0x01cc0d33) x26 0x0001d000
core   0: 0x80002d30 (0x030e1663) bne     t3, a6, pc + 44
core   0: 3 0x80002d30 (0x030e1663)
core   0: 0x80002d5c (0x02be4b33) div     s6, t3, a1
core   0: 3 0x80002d5c (0x02be4b33) x22 0x00000000
core   0: 0x80002d60 (0x0000557d) c.li    a0, -1
core   0: 3 0x80002d60 (0x557d) x10 0xffffffff
core   0: 0x80002d62 (0x0000987d) c.andi  s0, -1
core   0: 3 0x80002d62 (0x987d) x8  0x000001ef
core   0: 0x80002d64 (0x032114b3) mulh    s1, sp, s2
core   0: 3 0x80002d64 (0x032114b3) x9  0x16d9b27e
core   0: 0x80002d68 (0x0311d763) bge     gp, a7, pc + 46
core   0: 3 0x80002d68 (0x0311d763)
core   0: 0x80002d96 (0x00004865) c.li    a6, 25
core   0: 3 0x80002d96 (0x4865) x16 0x00000019
core   0: 0x80002d98 (0x00008d25) c.xor   a0, s1
core   0: 3 0x80002d98 (0x8d25) x10 0xe9264d81
core   0: 0x80002d9a (0xd1b40b97) auipc   s7, 0xd1b40
core   0: 3 0x80002d9a (0xd1b40b97) x23 0x51b42d9a
core   0: 0x80002d9e (0x0000854d) c.srai  a0, 19
core   0: 3 0x80002d9e (0x854d) x10 0xfffffd24
core   0: 0x80002da0 (0x02419463) bne     gp, tp, pc + 40
core   0: 3 0x80002da0 (0x02419463)
core   0: 0x80002dc8 (0x03f0c763) blt     ra, t6, pc + 46
core   0: 3 0x80002dc8 (0x03f0c763)
core   0: 0x80002dcc (0x00008fe9) c.and   a5, a0
core   0: 3 0x80002dcc (0x8fe9) x15 0xd24bc124
core   0: 0x80002dce (0x00006d25) c.lui   s10, 0x9
core   0: 3 0x80002dce (0x6d25) x26 0x00009000
core   0: 0x80002dd0 (0x02d75733) divu    a4, a4, a3
core   0: 3 0x80002dd0 (0x02d75733) x14 0xffffffff
core   0: 0x80002dd4 (0x00465b63) bge     a2, tp, pc + 22
core   0: 3 0x80002dd4 (0x00465b63)
core   0: 0x80002dd8 (0x015b55b3) srl     a1, s6, s5
core   0: 3 0x80002dd8 (0x015b55b3) x11 0x00000000
core   0: 0x80002ddc (0x02b9eb63) bltu    s3, a1, pc + 54
core   0: 3 0x80002ddc (0x02b9eb63)
core   0: 0x80002de0 (0x01a5cb63) blt     a1, s10, pc + 22
core   0: 3 0x80002de0 (0x01a5cb63)
core   0: 0x80002df6 (0x0000c31d) c.beqz  a4, pc + 38
core   0: 3 0x80002df6 (0xc31d)
core   0: 0x80002df8 (0x03f40e33) mul     t3, s0, t6
core   0: 3 0x80002df8 (0x03f40e33) x28 0x00000000
core   0: 0x80002dfc (0x01c38233) add     tp, t2, t3
core   0: 3 0x80002dfc (0x01c38233) x4  0x00000001
core   0: 0x80002e00 (0x00008305) c.srli  a4, 1
core   0: 3 0x80002e00 (0x8305) x14 0x7fffffff
core   0: 0x80002e02 (0x407b5093) srai    ra, s6, 7
core   0: 3 0x80002e02 (0x407b5093) x1  0x00000000
core   0: 0x80002e06 (0x00000f3e) c.slli  t5, 15
core   0: 3 0x80002e06 (0x0f3e) x30 0x00000000
core   0: 0x80002e08 (0x00008885) c.andi  s1, 1
core   0: 3 0x80002e08 (0x8885) x9  0x00000000
core   0: 0x80002e0a (0x03770363) beq     a4, s7, pc + 38
core   0: 3 0x80002e0a (0x03770363)
core   0: 0x80002e0e (0x00c01b33) sll     s6, zero, a2
core   0: 3 0x80002e0e (0x00c01b33) x22 0x00000000
core   0: 0x80002e12 (0x00000001) c.nop
core   0: 3 0x80002e12 (0x0001)
core   0: 0x80002e14 (0x000080bd) c.srli  s1, 15
core   0: 3 0x80002e14 (0x80bd) x9  0x00000000
core   0: 0x80002e16 (0x0000976e) c.add   a4, s11
core   0: 3 0x80002e16 (0x976e) x14 0x339c9acb
core   0: 0x80002e18 (0x03f95363) bge     s2, t6, pc + 38
core   0: 3 0x80002e18 (0x03f95363)
core   0: 0x80002e1c (0xbafbcf13) xori    t5, s7, -1105
core   0: 3 0x80002e1c (0xbafbcf13) x30 0xae4bd635
core   0: 0x80002e20 (0x00008b92) c.mv    s7, tp
core   0: 3 0x80002e20 (0x8b92) x23 0x00000001
core   0: 0x80002e22 (0x000089e6) c.mv    s3, s9
core   0: 3 0x80002e22 (0x89e6) x19 0x00000000
core   0: 0x80002e24 (0x00008ea1) c.xor   a3, s0
core   0: 3 0x80002e24 (0x8ea1) x13 0x000001ef
core   0: 0x80002e26 (0x0d70c513) xori    a0, ra, 215
core   0: 3 0x80002e26 (0x0d70c513) x10 0x000000d7
core   0: 0x80002e2a (0x00752c33) slt     s8, a0, t2
core   0: 3 0x80002e2a (0x00752c33) x24 0x00000000
core   0: 0x80002e2e (0x000003b9) c.addi  t2, 14
core   0: 3 0x80002e2e (0x03b9) x7  0x0000000f
core   0: 0x80002e30 (0x0000e991) c.bnez  a1, pc + 20
core   0: 3 0x80002e30 (0xe991)
core   0: 0x80002e32 (0x00000da2) c.slli  s11, 8
core   0: 3 0x80002e32 (0x0da2) x27 0x9c9acc00
core   0: 0x80002e34 (0x0176d833) srl     a6, a3, s7
core   0: 3 0x80002e34 (0x0176d833) x16 0x000000f7
core   0: 0x80002e38 (0x0016cf63) blt     a3, ra, pc + 30
core   0: 3 0x80002e38 (0x0016cf63)
core   0: 0x80002e3c (0x000087ce) c.mv    a5, s3
core   0: 3 0x80002e3c (0x87ce) x15 0x00000000
core   0: 0x80002e3e (0x000048b1) c.li    a7, 12
core   0: 3 0x80002e3e (0x48b1) x17 0x0000000c
core   0: 0x80002e40 (0x01351fb3) sll     t6, a0, s3
core   0: 3 0x80002e40 (0x01351fb3) x31 0x000000d7
core   0: 0x80002e44 (0x001796b3) sll     a3, a5, ra
core   0: 3 0x80002e44 (0x001796b3) x13 0x00000000
core   0: 0x80002e48 (0x03581533) mulh    a0, a6, s5
core   0: 3 0x80002e48 (0x03581533) x10 0xffffffff
core   0: 0x80002e4c (0x000060ed) c.lui   ra, 0x1b
core   0: 3 0x80002e4c (0x60ed) x1  0x0001b000
core   0: 0x80002e4e (0x02a7d5b3) divu    a1, a5, a0
core   0: 3 0x80002e4e (0x02a7d5b3) x11 0x00000000
core   0: 0x80002e52 (0x034b0433) mul     s0, s6, s4
core   0: 3 0x80002e52 (0x034b0433) x8  0x00000000
core   0: 0x80002e56 (0x01bd4463) blt     s10, s11, pc + 8
core   0: 3 0x80002e56 (0x01bd4463)
core   0: 0x80002e5a (0x011384b3) add     s1, t2, a7
core   0: 3 0x80002e5a (0x011384b3) x9  0x0000001b
core   0: 0x80002e5e (0x00009e1e) c.add   t3, t2
core   0: 3 0x80002e5e (0x9e1e) x28 0x0000000f
core   0: 0x80002e60 (0x00009afd) c.andi  a3, -1
core   0: 3 0x80002e60 (0x9afd) x13 0x00000000
core   0: 0x80002e62 (0xec85bb37) lui     s6, 0xec85b
core   0: 3 0x80002e62 (0xec85bb37) x22 0xec85b000
core   0: 0x80002e66 (0x769ecb13) xori    s6, t4, 1897
core   0: 3 0x80002e66 (0x769ecb13) x22 0xfffff897
core   0: 0x80002e6a (0x039e4463) blt     t3, s9, pc + 40
core   0: 3 0x80002e6a (0x039e4463)
core   0: 0x80002e6e (0x5d553293) sltiu   t0, a0, 1493
core   0: 3 0x80002e6e (0x5d553293) x5  0x00000000
core   0: 0x80002e72 (0x0348ee63) bltu    a7, s4, pc + 60
core   0: 3 0x80002e72 (0x0348ee63)
core   0: 0x80002eae (0x00000fd1) c.addi  t6, 20
core   0: 3 0x80002eae (0x0fd1) x31 0x000000eb
core   0: 0x80002eb0 (0x0000883d) c.andi  s0, 15
core   0: 3 0x80002eb0 (0x883d) x8  0x00000000
core   0: 0x80002eb2 (0x00de9cb3) sll     s9, t4, a3
core   0: 3 0x80002eb2 (0x00de9cb3) x25 0xfffffffe
core   0: 0x80002eb6 (0x01d2e463) bltu    t0, t4, pc + 8
core   0: 3 0x80002eb6 (0x01d2e463)
core   0: 0x80002ebe (0x03cdd133) divu    sp, s11, t3
core   0: 3 0x80002ebe (0x03cdd133) x2  0x0a70b844
core   0: 0x80002ec2 (0x02e70463) beq     a4, a4, pc + 40
core   0: 3 0x80002ec2 (0x02e70463)
core   0: 0x80002eea (0x00009136) c.add   sp, a3
core   0: 3 0x80002eea (0x9136) x2  0x0a70b844
core   0: 0x80002eec (0x0000c00d) c.beqz  s0, pc + 34
core   0: 3 0x80002eec (0xc00d)
core   0: 0x80002f0e (0x2e0b00b7) lui     ra, 0x2e0b0
core   0: 3 0x80002f0e (0x2e0b00b7) x1  0x2e0b0000
core   0: 0x80002f12 (0x7ffebe13) sltiu   t3, t4, 2047
core   0: 3 0x80002f12 (0x7ffebe13) x28 0x00000000
core   0: 0x80002f16 (0x023d28b3) mulhsu  a7, s10, gp
core   0: 3 0x80002f16 (0x023d28b3) x17 0x000019b5
core   0: 0x80002f1a (0x001e06b3) add     a3, t3, ra
core   0: 3 0x80002f1a (0x001e06b3) x13 0x2e0b0000
core   0: 0x80002f1e (0x0f547f97) auipc   t6, 0xf547
core   0: 3 0x80002f1e (0x0f547f97) x31 0x8f549f1e
core   0: 0x80002f22 (0x00006109) c.addi16sp sp, 128
core   0: 3 0x80002f22 (0x6109) x2  0x0a70b8c4
core   0: 0x80002f24 (0x0000c71d) c.beqz  a4, pc + 46
core   0: 3 0x80002f24 (0xc71d)
core   0: 0x80002f26 (0x02a17e33) remu    t3, sp, a0
core   0: 3 0x80002f26 (0x02a17e33) x28 0x0a70b8c4
core   0: 0x80002f2a (0x01629093) slli    ra, t0, 22
core   0: 3 0x80002f2a (0x01629093) x1  0x00000000
core   0: 0x80002f2e (0x417884b3) sub     s1, a7, s7
core   0: 3 0x80002f2e (0x417884b3) x9  0x000019b4
core   0: 0x80002f32 (0xee56c693) xori    a3, a3, -283
core   0: 3 0x80002f32 (0xee56c693) x13 0xd1f4fee5
core   0: 0x80002f36 (0x01afcb63) blt     t6, s10, pc + 22
core   0: 3 0x80002f36 (0x01afcb63)
core   0: 0x80002f4c (0x00008591) c.srai  a1, 4
core   0: 3 0x80002f4c (0x8591) x11 0x00000000
core   0: 0x80002f4e (0x0153db63) bge     t2, s5, pc + 22
core   0: 3 0x80002f4e (0x0153db63)
core   0: 0x80002f64 (0x024bf133) remu    sp, s7, tp
core   0: 3 0x80002f64 (0x024bf133) x2  0x00000000
core   0: 0x80002f68 (0x03a66bb3) rem     s7, a2, s10
core   0: 3 0x80002f68 (0x03a66bb3) x23 0x00000000
core   0: 0x80002f6c (0xc4278d93) addi    s11, a5, -958
core   0: 3 0x80002f6c (0xc4278d93) x27 0xfffffc42
core   0: 0x80002f70 (0x00008ed5) c.or    a3, a3
core   0: 3 0x80002f70 (0x8ed5) x13 0xd1f4fee5
core   0: 0x80002f72 (0x92ae0d13) addi    s10, t3, -1750
core   0: 3 0x80002f72 (0x92ae0d13) x26 0x0a70b1ee
core   0: 0x80002f76 (0x00f714b3) sll     s1, a4, a5
core   0: 3 0x80002f76 (0x00f714b3) x9  0x339c9acb
core   0: 0x80002f7a (0x00008511) c.srai  a0, 4
core   0: 3 0x80002f7a (0x8511) x10 0xffffffff
core   0: 0x80002f7c (0x020106b3) mul     a3, sp, zero
core   0: 3 0x80002f7c (0x020106b3) x13 0x00000000
core   0: 0x80002f80 (0x400e0eb3) sub     t4, t3, zero
core   0: 3 0x80002f80 (0x400e0eb3) x29 0x0a70b8c4
core   0: 0x80002f84 (0x018232b3) sltu    t0, tp, s8
core   0: 3 0x80002f84 (0x018232b3) x5  0x00000000
core   0: 0x80002f88 (0x021c8bb3) mul     s7, s9, ra
core   0: 3 0x80002f88 (0x021c8bb3) x23 0x00000000
core   0: 0x80002f8c (0x00008cb9) c.xor   s1, a4
core   0: 3 0x80002f8c (0x8cb9) x9  0x00000000
core   0: 0x80002f8e (0x01f118b3) sll     a7, sp, t6
core   0: 3 0x80002f8e (0x01f118b3) x17 0x00000000
core   0: 0x80002f92 (0xcca0ff93) andi    t6, ra, -822
core   0: 3 0x80002f92 (0xcca0ff93) x31 0x00000000
core   0: 0x80002f96 (0x40d4d6b3) sra     a3, s1, a3
core   0: 3 0x80002f96 (0x40d4d6b3) x13 0x00000000
core   0: 0x80002f9a (0x03fcca63) blt     s9, t6, pc + 52
core   0: 3 0x80002f9a (0x03fcca63)
core   0: 0x80002fce (0x033f6b63) bltu    t5, s3, pc + 54
core   0: 3 0x80002fce (0x033f6b63)
core   0: 0x80002fd2 (0x00f6cab3) xor     s5, a3, a5
core   0: 3 0x80002fd2 (0x00f6cab3) x21 0x00000000
core   0: 0x80002fd6 (0x5bee6137) lui     sp, 0x5bee6
core   0: 3 0x80002fd6 (0x5bee6137) x2  0x5bee6000
core   0: 0x80002fda (0x00008495) c.srai  s1, 5
core   0: 3 0x80002fda (0x8495) x9  0x00000000
core   0: 0x80002fdc (0x03ccce33) div     t3, s9, t3
core   0: 3 0x80002fdc (0x03ccce33) x28 0x00000000
core   0: 0x80002fe0 (0x2404bb93) sltiu   s7, s1, 576
core   0: 3 0x80002fe0 (0x2404bb93) x23 0x00000001
core   0: 0x80002fe4 (0x014a29b3) slt     s3, s4, s4
core   0: 3 0x80002fe4 (0x014a29b3) x19 0x00000000
core   0: 0x80002fe8 (0x000084dd) c.srai  s1, 23
core   0: 3 0x80002fe8 (0x84dd) x9  0x00000000
core   0: 0x80002fea (0x02820b63) beq     tp, s0, pc + 54
core   0: 3 0x80002fea (0x02820b63)
core   0: 0x80002fee (0x00008d19) c.sub   a0, a4
core   0: 3 0x80002fee (0x8d19) x10 0xcc636534
core   0: 0x80002ff0 (0x0340d663) bge     ra, s4, pc + 44
core   0: 3 0x80002ff0 (0x0340d663)
core   0: 0x8000301c (0x41a95db3) sra     s11, s2, s10
core   0: 3 0x8000301c (0x41a95db3) x27 0xfffe0009
core   0: 0x80003020 (0x000041bd) c.li    gp, 15
core   0: 3 0x80003020 (0x41bd) x3  0x0000000f
core   0: 0x80003022 (0x00004269) c.li    tp, 26
core   0: 3 0x80003022 (0x4269) x4  0x0000001a
core   0: 0x80003024 (0x0274e863) bltu    s1, t2, pc + 48
core   0: 3 0x80003024 (0x0274e863)
core   0: 0x80003054 (0x002c1213) slli    tp, s8, 2
core   0: 3 0x80003054 (0x002c1213) x4  0x00000000
core   0: 0x80003058 (0x491e9b37) lui     s6, 0x491e9
core   0: 3 0x80003058 (0x491e9b37) x22 0x491e9000
core   0: 0x8000305c (0x37dedf97) auipc   t6, 0x37ded
core   0: 3 0x8000305c (0x37dedf97) x31 0xb7df005c
core   0: 0x80003060 (0x00008fb2) c.mv    t6, a2
core   0: 3 0x80003060 (0x8fb2) x31 0x00000000
core   0: 0x80003062 (0x0000e98d) c.bnez  a1, pc + 50
core   0: 3 0x80003062 (0xe98d)
core   0: 0x80003064 (0x0000577d) c.li    a4, -1
core   0: 3 0x80003064 (0x577d) x14 0xffffffff
core   0: 0x80003066 (0x019e1863) bne     t3, s9, pc + 16
core   0: 3 0x80003066 (0x019e1863)
core   0: 0x80003076 (0x032fb433) mulhu   s0, t6, s2
core   0: 3 0x80003076 (0x032fb433) x8  0x00000000
core   0: 0x8000307a (0x00006265) c.lui   tp, 0x19
core   0: 3 0x8000307a (0x6265) x4  0x00019000
core   0: 0x8000307c (0x01554b63) blt     a0, s5, pc + 22
core   0: 3 0x8000307c (0x01554b63)
core   0: 0x80003092 (0x00004099) c.li    ra, 6
core   0: 3 0x80003092 (0x4099) x1  0x00000006
core   0: 0x80003094 (0xb3db2093) slti    ra, s6, -1219
core   0: 3 0x80003094 (0xb3db2093) x1  0x00000000
core   0: 0x80003098 (0x03941b63) bne     s0, s9, pc + 54
core   0: 3 0x80003098 (0x03941b63)
core   0: 0x800030ce (0x00008495) c.srai  s1, 5
core   0: 3 0x800030ce (0x8495) x9  0x00000000
core   0: 0x800030d0 (0x00000001) c.nop
core   0: 3 0x800030d0 (0x0001)
core   0: 0x800030d2 (0x00001a14) c.addi4spn a3, sp, 304
core   0: 3 0x800030d2 (0x1a14) x13 0x5bee6130
core   0: 0x800030d4 (0x00007133) and     sp, zero, zero
core   0: 3 0x800030d4 (0x00007133) x2  0x00000000
core   0: 0x800030d8 (0x00ce9db3) sll     s11, t4, a2
core   0: 3 0x800030d8 (0x00ce9db3) x27 0x0a70b8c4
core   0: 0x800030dc (0x00000f9c) c.addi4spn a5, sp, 976
core   0: 3 0x800030dc (0x0f9c) x15 0x000003d0
core   0: 0x800030de (0x01d41fb3) sll     t6, s0, t4
core   0: 3 0x800030de (0x01d41fb3) x31 0x00000000
core   0: 0x800030e2 (0x02487863) bgeu    a6, tp, pc + 48
core   0: 3 0x800030e2 (0x02487863)
core   0: 0x800030e6 (0x00004ad5) c.li    s5, 21
core   0: 3 0x800030e6 (0x4ad5) x21 0x00000015
core   0: 0x800030e8 (0x0192c533) xor     a0, t0, s9
core   0: 3 0x800030e8 (0x0192c533) x10 0xfffffffe
core   0: 0x800030ec (0x00382e33) slt     t3, a6, gp
core   0: 3 0x800030ec (0x00382e33) x28 0x00000000
core   0: 0x800030f0 (0x0000c881) c.beqz  s1, pc + 16
core   0: 3 0x800030f0 (0xc881)
core   0: 0x80003100 (0x024c6d63) bltu    s8, tp, pc + 58
core   0: 3 0x80003100 (0x024c6d63)
core   0: 0x8000313a (0x000099fd) c.andi  a1, -1
core   0: 3 0x8000313a (0x99fd) x11 0x00000000
core   0: 0x8000313c (0x0000c509) c.beqz  a0, pc + 10
core   0: 3 0x8000313c (0xc509)
core   0: 0x8000313e (0xf837e193) ori     gp, a5, -125
core   0: 3 0x8000313e (0xf837e193) x3  0xffffffd3
core   0: 0x80003142 (0x01beebb3) or      s7, t4, s11
core   0: 3 0x80003142 (0x01beebb3) x23 0x0a70b8c4
core   0: 0x80003146 (0x01e89863) bne     a7, t5, pc + 16
core   0: 3 0x80003146 (0x01e89863)
core   0: 0x80003156 (0x024faeb3) mulhsu  t4, t6, tp
core   0: 3 0x80003156 (0x024faeb3) x29 0x00000000
core   0: 0x8000315a (0x00cd05b3) add     a1, s10, a2
core   0: 3 0x8000315a (0x00cd05b3) x11 0x0a70b1ee
core   0: 0x8000315e (0x0000e685) c.bnez  a3, pc + 40
core   0: 3 0x8000315e (0xe685)
core   0: 0x80003186 (0x03d4f533) remu    a0, s1, t4
core   0: 3 0x80003186 (0x03d4f533) x10 0x00000000
core   0: 0x8000318a (0x00000001) c.nop
core   0: 3 0x8000318a (0x0001)
core   0: 0x8000318c (0x01021db3) sll     s11, tp, a6
core   0: 3 0x8000318c (0x01021db3) x27 0x00000000
core   0: 0x80003190 (0x009d7b33) and     s6, s10, s1
core   0: 3 0x80003190 (0x009d7b33) x22 0x00000000
core   0: 0x80003194 (0x00000251) c.addi  tp, 20
core   0: 3 0x80003194 (0x0251) x4  0x00019014
core   0: 0x80003196 (0x00000f2e) c.slli  t5, 11
core   0: 3 0x80003196 (0x0f2e) x30 0x5eb1a800
core   0: 0x80003198 (0x62299337) lui     t1, 0x62299
core   0: 3 0x80003198 (0x62299337) x6  0x62299000
core   0: 0x8000319c (0x00008469) c.srai  s0, 26
core   0: 3 0x8000319c (0x8469) x8  0x00000000
core   0: 0x8000319e (0x0355d363) bge     a1, s5, pc + 38
core   0: 3 0x8000319e (0x0355d363)
core   0: 0x800031c4 (0x00008fd9) c.or    a5, a4
core   0: 3 0x800031c4 (0x8fd9) x15 0xffffffff
core   0: 0x800031c6 (0x0225d4b3) divu    s1, a1, sp
core   0: 3 0x800031c6 (0x0225d4b3) x9  0xffffffff
core   0: 0x800031ca (0x03d6d563) bge     a3, t4, pc + 42
core   0: 3 0x800031ca (0x03d6d563)
core   0: 0x800031f4 (0x000087c1) c.srai  a5, 16
core   0: 3 0x800031f4 (0x87c1) x15 0xffffffff
core   0: 0x800031f6 (0x02fc20b3) mulhsu  ra, s8, a5
core   0: 3 0x800031f6 (0x02fc20b3) x1  0x00000000
core   0: 0x800031fa (0x0bed8f13) addi    t5, s11, 190
core   0: 3 0x800031fa (0x0bed8f13) x30 0x000000be
core   0: 0x800031fe (0x00e1edb3) or      s11, gp, a4
core   0: 3 0x800031fe (0x00e1edb3) x27 0xffffffff
core   0: 0x80003202 (0x000099fd) c.andi  a1, -1
core   0: 3 0x80003202 (0x99fd) x11 0x0a70b1ee
core   0: 0x80003204 (0x03ea8163) beq     s5, t5, pc + 34
core   0: 3 0x80003204 (0x03ea8163)
core   0: 0x80003208 (0x00006391) c.lui   t2, 0x4
core   0: 3 0x80003208 (0x6391) x7  0x00004000
core   0: 0x8000320a (0x0000717d) c.addi16sp sp, -16
core   0: 3 0x8000320a (0x717d) x2  0xfffffff0
core   0: 0x8000320c (0x0000c41d) c.beqz  s0, pc + 46
core   0: 3 0x8000320c (0xc41d)
core   0: 0x8000323a (0x00009afd) c.andi  a3, -1
core   0: 3 0x8000323a (0x9afd) x13 0x5bee6130
core   0: 0x8000323c (0x414f5193) srai    gp, t5, 20
core   0: 3 0x8000323c (0x414f5193) x3  0x00000000
core   0: 0x80003240 (0x031d8663) beq     s11, a7, pc + 44
core   0: 3 0x80003240 (0x031d8663)
core   0: 0x80003244 (0x0e43f313) andi    t1, t2, 228
core   0: 3 0x80003244 (0x0e43f313) x6  0x00000000
core   0: 0x80003248 (0xef58bd97) auipc   s11, 0xef58b
core   0: 3 0x80003248 (0xef58bd97) x27 0x6f58e248
core   0: 0x8000324c (0xd0afadb7) lui     s11, 0xd0afa
core   0: 3 0x8000324c (0xd0afadb7) x27 0xd0afa000
core   0: 0x80003250 (0xd30ea193) slti    gp, t4, -720
core   0: 3 0x80003250 (0xd30ea193) x3  0x00000000
core   0: 0x80003254 (0xe0040593) addi    a1, s0, -512
core   0: 3 0x80003254 (0xe0040593) x11 0xfffffe00
core   0: 0x80003258 (0x00000001) c.nop
core   0: 3 0x80003258 (0x0001)
core   0: 0x8000325a (0x03a49db3) mulh    s11, s1, s10
core   0: 3 0x8000325a (0x03a49db3) x27 0xffffffff
core   0: 0x8000325e (0x010151b3) srl     gp, sp, a6
core   0: 3 0x8000325e (0x010151b3) x3  0x000001ff
core   0: 0x80003262 (0x01f25463) bge     tp, t6, pc + 8
core   0: 3 0x80003262 (0x01f25463)
core   0: 0x8000326a (0x00008f45) c.or    a4, s1
core   0: 3 0x8000326a (0x8f45) x14 0xffffffff
core   0: 0x8000326c (0x12da6b13) ori     s6, s4, 301
core   0: 3 0x8000326c (0x12da6b13) x22 0x80029ded
core   0: 0x80003270 (0x0041c033) xor     zero, gp, tp
core   0: 3 0x80003270 (0x0041c033)
core   0: 0x80003274 (0x00008025) c.srli  s0, 9
core   0: 3 0x80003274 (0x8025) x8  0x00000000
core   0: 0x80003276 (0x0378c9b3) div     s3, a7, s7
core   0: 3 0x80003276 (0x0378c9b3) x19 0x00000000
core   0: 0x8000327a (0x00db96b3) sll     a3, s7, a3
core   0: 3 0x8000327a (0x00db96b3) x13 0xb8c40000
core   0: 0x8000327e (0x02f70963) beq     a4, a5, pc + 50
core   0: 3 0x8000327e (0x02f70963)
core   0: 0x800032b0 (0x00008fb9) c.xor   a5, a4
core   0: 3 0x800032b0 (0x8fb9) x15 0x00000000
core   0: 0x800032b2 (0x00008ba2) c.mv    s7, s0
core   0: 3 0x800032b2 (0x8ba2) x23 0x00000000
core   0: 0x800032b4 (0x03a91333) mulh    t1, s2, s10
core   0: 3 0x800032b4 (0x03a91333) x6  0xfac7bfc3
core   0: 0x800032b8 (0x01720263) beq     tp, s7, pc + 4
core   0: 3 0x800032b8 (0x01720263)
core   0: 0x800032bc (0x01083833) sltu    a6, a6, a6
core   0: 3 0x800032bc (0x01083833) x16 0x00000000
core   0: 0x800032c0 (0x01821f13) slli    t5, tp, 24
core   0: 3 0x800032c0 (0x01821f13) x30 0x14000000
core   0: 0x800032c4 (0x41808c33) sub     s8, ra, s8
core   0: 3 0x800032c4 (0x41808c33) x24 0x00000000
core   0: 0x800032c8 (0x00004f81) c.li    t6, 0
core   0: 3 0x800032c8 (0x4f81) x31 0x00000000
core   0: 0x800032ca (0x40b25d13) srai    s10, tp, 11
core   0: 3 0x800032ca (0x40b25d13) x26 0x00000032
core   0: 0x800032ce (0x003651b3) srl     gp, a2, gp
core   0: 3 0x800032ce (0x003651b3) x3  0x00000000
core   0: 0x800032d2 (0x215d7893) andi    a7, s10, 533
core   0: 3 0x800032d2 (0x215d7893) x17 0x00000010
core   0: 0x800032d6 (0x00008ac9) c.andi  a3, 18
core   0: 3 0x800032d6 (0x8ac9) x13 0x00000000
core   0: 0x800032d8 (0x1d8a4b13) xori    s6, s4, 472
core   0: 3 0x800032d8 (0x1d8a4b13) x22 0x80029d3c
core   0: 0x800032dc (0x027d7263) bgeu    s10, t2, pc + 36
core   0: 3 0x800032dc (0x027d7263)
core   0: 0x800032e0 (0x00685713) srli    a4, a6, 6
core   0: 3 0x800032e0 (0x00685713) x14 0x00000000
core   0: 0x800032e4 (0x005f8433) add     s0, t6, t0
core   0: 3 0x800032e4 (0x005f8433) x8  0x00000000
core   0: 0x800032e8 (0x00554e93) xori    t4, a0, 5
core   0: 3 0x800032e8 (0x00554e93) x29 0x00000005
core   0: 0x800032ec (0x0276a833) mulhsu  a6, a3, t2
core   0: 3 0x800032ec (0x0276a833) x16 0x00000000
core   0: 0x800032f0 (0x00ad1763) bne     s10, a0, pc + 14
core   0: 3 0x800032f0 (0x00ad1763)
core   0: 0x800032fe (0x0000717d) c.addi16sp sp, -16
core   0: 3 0x800032fe (0x717d) x2  0xffffffe0
core   0: 0x80003300 (0x00008f7d) c.and   a4, a5
core   0: 3 0x80003300 (0x8f7d) x14 0x00000000
core   0: 0x80003302 (0xa410a893) slti    a7, ra, -1471
core   0: 3 0x80003302 (0xa410a893) x17 0x00000000
core   0: 0x80003306 (0x03631eb3) mulh    t4, t1, s6
core   0: 3 0x80003306 (0x03631eb3) x29 0x029c1279
core   0: 0x8000330a (0x01f39193) slli    gp, t2, 31
core   0: 3 0x8000330a (0x01f39193) x3  0x00000000
core   0: 0x8000330e (0x01991c93) slli    s9, s2, 25
core   0: 3 0x8000330e (0x01991c93) x25 0xc8000000
core   0: 0x80003312 (0x00008692) c.mv    a3, tp
core   0: 3 0x80003312 (0x8692) x13 0x00019014
core   0: 0x80003314 (0x031ea433) mulhsu  s0, t4, a7
core   0: 3 0x80003314 (0x031ea433) x8  0x00000000
core   0: 0x80003318 (0x02c355b3) divu    a1, t1, a2
core   0: 3 0x80003318 (0x02c355b3) x11 0xffffffff
core   0: 0x8000331c (0x00008f91) c.sub   a5, a2
core   0: 3 0x8000331c (0x8f91) x15 0x00000000
core   0: 0x8000331e (0x03d4e863) bltu    s1, t4, pc + 48
core   0: 3 0x8000331e (0x03d4e863)
core   0: 0x80003322 (0x0082b2b3) sltu    t0, t0, s0
core   0: 3 0x80003322 (0x0082b2b3) x5  0x00000000
core   0: 0x80003326 (0x008f56b3) srl     a3, t5, s0
core   0: 3 0x80003326 (0x008f56b3) x13 0x14000000
core   0: 0x8000332a (0x011d7d63) bgeu    s10, a7, pc + 26
core   0: 3 0x8000332a (0x011d7d63)
core   0: 0x80003344 (0x4a918c93) addi    s9, gp, 1193
core   0: 3 0x80003344 (0x4a918c93) x25 0x000004a9
core   0: 0x80003348 (0x00c9d093) srli    ra, s3, 12
core   0: 3 0x80003348 (0x00c9d093) x1  0x00000000
core   0: 0x8000334c (0x0000ef15) c.bnez  a4, pc + 60
core   0: 3 0x8000334c (0xef15)
core   0: 0x8000334e (0x00000afa) c.slli  s5, 30
core   0: 3 0x8000334e (0x0afa) x21 0x40000000
core   0: 0x80003350 (0x2b3d2193) slti    gp, s10, 691
core   0: 3 0x80003350 (0x2b3d2193) x3  0x00000001
core   0: 0x80003354 (0x2ece0f37) lui     t5, 0x2ece0
core   0: 3 0x80003354 (0x2ece0f37) x30 0x2ece0000
core   0: 0x80003358 (0xa7f78997) auipc   s3, 0xa7f78
core   0: 3 0x80003358 (0xa7f78997) x19 0x27f7b358
core   0: 0x8000335c (0x76b06113) ori     sp, zero, 1899
core   0: 3 0x8000335c (0x76b06113) x2  0x0000076b
core   0: 0x80003360 (0x00008ead) c.xor   a3, a1
core   0: 3 0x80003360 (0x8ead) x13 0xebffffff
core   0: 0x80003362 (0x00000001) c.nop
core   0: 3 0x80003362 (0x0001)
core   0: 0x80003364 (0x000085f5) c.srai  a1, 29
core   0: 3 0x80003364 (0x85f5) x11 0xffffffff
core   0: 0x80003366 (0x03f363b3) rem     t2, t1, t6
core   0: 3 0x80003366 (0x03f363b3) x7  0xfac7bfc3
core   0: 0x8000336a (0x02179fb3) mulh    t6, a5, ra
core   0: 3 0x8000336a (0x02179fb3) x31 0x00000000
core   0: 0x8000336e (0x0000872d) c.srai  a4, 11
core   0: 3 0x8000336e (0x872d) x14 0x00000000
core   0: 0x80003370 (0x019a0c33) add     s8, s4, s9
core   0: 3 0x80003370 (0x019a0c33) x24 0x8002a18d
core   0: 0x80003374 (0x0409bc97) auipc   s9, 0x409b
core   0: 3 0x80003374 (0x0409bc97) x25 0x8409e374
core   0: 0x80003378 (0x63da7993) andi    s3, s4, 1597
core   0: 3 0x80003378 (0x63da7993) x19 0x00000424
core   0: 0x8000337c (0xc56fff13) andi    t5, t6, -938
core   0: 3 0x8000337c (0xc56fff13) x30 0x00000000
core   0: 0x80003380 (0x00008dc9) c.or    a1, a0
core   0: 3 0x80003380 (0x8dc9) x11 0xffffffff
core   0: 0x80003382 (0x03f639b3) mulhu   s3, a2, t6
core   0: 3 0x80003382 (0x03f639b3) x19 0x00000000
core   0: 0x80003386 (0x00008d2e) c.mv    s10, a1
core   0: 3 0x80003386 (0x8d2e) x26 0xffffffff
core   0: 0x80003388 (0x00005b7d) c.li    s6, -1
core   0: 3 0x80003388 (0x5b7d) x22 0xffffffff
core   0: 0x8000338a (0x00008e89) c.sub   a3, a0
core   0: 3 0x8000338a (0x8e89) x13 0xebffffff
core   0: 0x8000338c (0x00008fb5) c.xor   a5, a3
core   0: 3 0x8000338c (0x8fb5) x15 0xebffffff
core   0: 0x8000338e (0x004d9cb3) sll     s9, s11, tp
core   0: 3 0x8000338e (0x004d9cb3) x25 0xfff00000
core   0: 0x80003392 (0x00a38b63) beq     t2, a0, pc + 22
core   0: 3 0x80003392 (0x00a38b63)
core   0: 0x80003396 (0x00008a91) c.andi  a3, 4
core   0: 3 0x80003396 (0x8a91) x13 0x00000004
core   0: 0x80003398 (0x01c8eeb3) or      t4, a7, t3
core   0: 3 0x80003398 (0x01c8eeb3) x29 0x00000000
core   0: 0x8000339c (0x00008f05) c.sub   a4, s1
core   0: 3 0x8000339c (0x8f05) x14 0x00000001
core   0: 0x8000339e (0x41875393) srai    t2, a4, 24
core   0: 3 0x8000339e (0x41875393) x7  0x00000000
core   0: 0x800033a2 (0x0000814d) c.srli  a0, 19
core   0: 3 0x800033a2 (0x814d) x10 0x00000000
core   0: 0x800033a4 (0x45e23693) sltiu   a3, tp, 1118
core   0: 3 0x800033a4 (0x45e23693) x13 0x00000000
core   0: 0x800033a8 (0xc0fca4b7) lui     s1, 0xc0fca
core   0: 3 0x800033a8 (0xc0fca4b7) x9  0xc0fca000
core   0: 0x800033ac (0x01405593) srli    a1, zero, 20
core   0: 3 0x800033ac (0x01405593) x11 0x00000000
core   0: 0x800033b0 (0x0000c119) c.beqz  a0, pc + 6
core   0: 3 0x800033b0 (0xc119)
core   0: 0x800033b6 (0x00f841b3) xor     gp, a6, a5
core   0: 3 0x800033b6 (0x00f841b3) x3  0xebffffff
core   0: 0x800033ba (0x0000c085) c.beqz  s1, pc + 32
core   0: 3 0x800033ba (0xc085)
core   0: 0x800033bc (0x03ccbd33) mulhu   s10, s9, t3
core   0: 3 0x800033bc (0x03ccbd33) x26 0x00000000
core   0: 0x800033c0 (0x53f4a313) slti    t1, s1, 1343
core   0: 3 0x800033c0 (0x53f4a313) x6  0x00000001
core   0: 0x800033c4 (0x02dad363) bge     s5, a3, pc + 38
core   0: 3 0x800033c4 (0x02dad363)
core   0: 0x800033ea (0x01d1b433) sltu    s0, gp, t4
core   0: 3 0x800033ea (0x01d1b433) x8  0x00000000
core   0: 0x800033ee (0x0162c963) blt     t0, s6, pc + 18
core   0: 3 0x800033ee (0x0162c963)
core   0: 0x800033f2 (0x03b19663) bne     gp, s11, pc + 44
core   0: 3 0x800033f2 (0x03b19663)
core   0: 0x8000341e (0x00861233) sll     tp, a2, s0
core   0: 3 0x8000341e (0x00861233) x4  0x00000000
core   0: 0x80003422 (0xd7b06313) ori     t1, zero, -645
core   0: 3 0x80003422 (0xd7b06313) x6  0xfffffd7b
core   0: 0x80003426 (0x026970b3) remu    ra, s2, t1
core   0: 3 0x80003426 (0x026970b3) x1  0x80025e64
core   0: 0x8000342a (0xab133113) sltiu   sp, t1, -1359
core   0: 3 0x8000342a (0xab133113) x2  0x00000000
core   0: 0x8000342e (0x419b5bb3) sra     s7, s6, s9
core   0: 3 0x8000342e (0x419b5bb3) x23 0xffffffff
core   0: 0x80003432 (0xa9754993) xori    s3, a0, -1385
core   0: 3 0x80003432 (0xa9754993) x19 0xfffffa97
core   0: 0x80003436 (0x00000001) c.nop
core   0: 3 0x80003436 (0x0001)
core   0: 0x80003438 (0x502b4693) xori    a3, s6, 1282
core   0: 3 0x80003438 (0x502b4693) x13 0xfffffafd
core   0: 0x8000343c (0x0197c8b3) xor     a7, a5, s9
core   0: 3 0x8000343c (0x0197c8b3) x17 0x140fffff
core   0: 0x80003440 (0xa0a5cf93) xori    t6, a1, -1526
core   0: 3 0x80003440 (0xa0a5cf93) x31 0xfffffa0a
core   0: 0x80003444 (0x012c6263) bltu    s8, s2, pc + 4
core   0: 3 0x80003444 (0x012c6263)
core   0: 0x80003448 (0x009791b3) sll     gp, a5, s1
core   0: 3 0x80003448 (0x009791b3) x3  0xebffffff
core   0: 0x8000344c (0x0000612d) c.addi16sp sp, 224
core   0: 3 0x8000344c (0x612d) x2  0x000000e0
core   0: 0x8000344e (0x008127b3) slt     a5, sp, s0
core   0: 3 0x8000344e (0x008127b3) x15 0x00000000
core   0: 0x80003452 (0x0238e533) rem     a0, a7, gp
core   0: 3 0x80003452 (0x0238e533) x10 0x000ffffe
core   0: 0x80003456 (0x0000cb09) c.beqz  a4, pc + 18
core   0: 3 0x80003456 (0xcb09)
core   0: 0x80003458 (0x00000001) c.nop
core   0: 3 0x80003458 (0x0001)
core   0: 0x8000345a (0x025d30b3) mulhu   ra, s10, t0
core   0: 3 0x8000345a (0x025d30b3) x1  0x00000000
core   0: 0x8000345e (0x0000c59d) c.beqz  a1, pc + 46
core   0: 3 0x8000345e (0xc59d)
core   0: 0x8000348c (0x036b0733) mul     a4, s6, s6
core   0: 3 0x8000348c (0x036b0733) x14 0x00000001
core   0: 0x80003490 (0x00006ee1) c.lui   t4, 0x18
core   0: 3 0x80003490 (0x6ee1) x29 0x00018000
core   0: 0x80003492 (0x00116733) or      a4, sp, ra
core   0: 3 0x80003492 (0x00116733) x14 0x000000e0
core   0: 0x80003496 (0x01e3d433) srl     s0, t2, t5
core   0: 3 0x80003496 (0x01e3d433) x8  0x00000000
core   0: 0x8000349a (0x039b8563) beq     s7, s9, pc + 42
core   0: 3 0x8000349a (0x039b8563)
core   0: 0x8000349e (0x2dcba093) slti    ra, s7, 732
core   0: 3 0x8000349e (0x2dcba093) x1  0x00000001
core   0: 0x800034a2 (0x00008d59) c.or    a0, a4
core   0: 3 0x800034a2 (0x8d59) x10 0x000ffffe
core   0: 0x800034a4 (0x000041a1) c.li    gp, 8
core   0: 3 0x800034a4 (0x41a1) x3  0x00000008
core   0: 0x800034a6 (0x000083c9) c.srli  a5, 18
core   0: 3 0x800034a6 (0x83c9) x15 0x00000000
core   0: 0x800034a8 (0x03acbb33) mulhu   s6, s9, s10
core   0: 3 0x800034a8 (0x03acbb33) x22 0x00000000
core   0: 0x800034ac (0x000094ea) c.add   s1, s10
core   0: 3 0x800034ac (0x94ea) x9  0xc0fca000
core   0: 0x800034ae (0x0353e463) bltu    t2, s5, pc + 40
core   0: 3 0x800034ae (0x0353e463)
core   0: 0x800034d6 (0x00008695) c.srai  a3, 5
core   0: 3 0x800034d6 (0x8695) x13 0xffffffd7
core   0: 0x800034d8 (0x0449c263) blt     s3, tp, pc + 68
core   0: 3 0x800034d8 (0x0449c263)
core   0: 0x8000351c (0x000084f9) c.srai  s1, 30
core   0: 3 0x8000351c (0x84f9) x9  0xffffffff
core   0: 0x8000351e (0x000087bd) c.srai  a5, 15
core   0: 3 0x8000351e (0x87bd) x15 0x00000000
core   0: 0x80003520 (0x00008dd9) c.or    a1, a4
core   0: 3 0x80003520 (0x8dd9) x11 0x000000e0
core   0: 0x80003522 (0x014f5993) srli    s3, t5, 20
core   0: 3 0x80003522 (0x014f5993) x19 0x00000000
core   0: 0x80003526 (0xbb366193) ori     gp, a2, -1101
core   0: 3 0x80003526 (0xbb366193) x3  0xfffffbb3
core   0: 0x8000352a (0x0245cdb3) div     s11, a1, tp
core   0: 3 0x8000352a (0x0245cdb3) x27 0xffffffff
core   0: 0x8000352e (0x244650b7) lui     ra, 0x24465
core   0: 3 0x8000352e (0x244650b7) x1  0x24465000
core   0: 0x80003532 (0x03e90363) beq     s2, t5, pc + 38
core   0: 3 0x80003532 (0x03e90363)
core   0: 0x80003536 (0x00009afd) c.andi  a3, -1
core   0: 3 0x80003536 (0x9afd) x13 0xffffffd7
core   0: 0x80003538 (0x000082ad) c.srli  a3, 11
core   0: 3 0x80003538 (0x82ad) x13 0x001fffff
core   0: 0x8000353a (0x00008465) c.srai  s0, 25
core   0: 3 0x8000353a (0x8465) x8  0x00000000
core   0: 0x8000353c (0x01bff9b3) and     s3, t6, s11
core   0: 3 0x8000353c (0x01bff9b3) x19 0xfffffa0a
core   0: 0x80003540 (0x00338533) add     a0, t2, gp
core   0: 3 0x80003540 (0x00338533) x10 0xfffffbb3
core   0: 0x80003544 (0x000089c1) c.andi  a1, 16
core   0: 3 0x80003544 (0x89c1) x11 0x00000000
core   0: 0x80003546 (0x000000d2) c.slli  ra, 20
core   0: 3 0x80003546 (0x00d2) x1  0x00000000
core   0: 0x80003548 (0x00008d3d) c.xor   a0, a5
core   0: 3 0x80003548 (0x8d3d) x10 0xfffffbb3
core   0: 0x8000354a (0x2a0ba813) slti    a6, s7, 672
core   0: 3 0x8000354a (0x2a0ba813) x16 0x00000001
core   0: 0x8000354e (0x0000082a) c.slli  a6, 10
core   0: 3 0x8000354e (0x082a) x16 0x00000400
core   0: 0x80003550 (0x003ab8b3) sltu    a7, s5, gp
core   0: 3 0x80003550 (0x003ab8b3) x17 0x00000001
core   0: 0x80003554 (0x00eb6233) or      tp, s6, a4
core   0: 3 0x80003554 (0x00eb6233) x4  0x000000e0
core   0: 0x80003558 (0x00555e93) srli    t4, a0, 5
core   0: 3 0x80003558 (0x00555e93) x29 0x07ffffdd
core   0: 0x8000355c (0x000089b2) c.mv    s3, a2
core   0: 3 0x8000355c (0x89b2) x19 0x00000000
core   0: 0x8000355e (0x0263fc63) bgeu    t2, t1, pc + 56
core   0: 3 0x8000355e (0x0263fc63)
core   0: 0x80003562 (0x03995ab3) divu    s5, s2, s9
core   0: 3 0x80003562 (0x03995ab3) x21 0x00000000
core   0: 0x80003566 (0x40840033) sub     zero, s0, s0
core   0: 3 0x80003566 (0x40840033)
core   0: 0x8000356a (0x0000015a) c.slli  sp, 22
core   0: 3 0x8000356a (0x015a) x2  0x38000000
core   0: 0x8000356c (0x003cacb3) slt     s9, s9, gp
core   0: 3 0x8000356c (0x003cacb3) x25 0x00000001
core   0: 0x80003570 (0x00008ef1) c.and   a3, a2
core   0: 3 0x80003570 (0x8ef1) x13 0x00000000
core   0: 0x80003572 (0x00fec733) xor     a4, t4, a5
core   0: 3 0x80003572 (0x00fec733) x14 0x07ffffdd
core   0: 0x80003576 (0x00a58c33) add     s8, a1, a0
core   0: 3 0x80003576 (0x00a58c33) x24 0xfffffbb3
core   0: 0x8000357a (0x00008fb1) c.xor   a5, a2
core   0: 3 0x8000357a (0x8fb1) x15 0x00000000
core   0: 0x8000357c (0x40c35513) srai    a0, t1, 12
core   0: 3 0x8000357c (0x40c35513) x10 0xffffffff
core   0: 0x80003580 (0x0000717d) c.addi16sp sp, -16
core   0: 3 0x80003580 (0x717d) x2  0x37fffff0
core   0: 0x80003582 (0x000067e5) c.lui   a5, 0x19
core   0: 3 0x80003582 (0x67e5) x15 0x00019000
core   0: 0x80003584 (0x00792b33) slt     s6, s2, t2
core   0: 3 0x80003584 (0x00792b33) x22 0x00000001
core   0: 0x80003588 (0x0104fc63) bgeu    s1, a6, pc + 24
core   0: 3 0x80003588 (0x0104fc63)
core   0: 0x800035a0 (0x013ec7b3) xor     a5, t4, s3
core   0: 3 0x800035a0 (0x013ec7b3) x15 0x07ffffdd
core   0: 0x800035a4 (0x00008f51) c.or    a4, a2
core   0: 3 0x800035a4 (0x8f51) x14 0x07ffffdd
core   0: 0x800035a6 (0x000087b1) c.srai  a5, 12
core   0: 3 0x800035a6 (0x87b1) x15 0x00007fff
core   0: 0x800035a8 (0x00008491) c.srai  s1, 4
core   0: 3 0x800035a8 (0x8491) x9  0xffffffff
core   0: 0x800035aa (0x0000c69d) c.beqz  a3, pc + 46
core   0: 3 0x800035aa (0xc69d)
core   0: 0x800035d8 (0x00565c63) bge     a2, t0, pc + 24
core   0: 3 0x800035d8 (0x00565c63)
core   0: 0x800035f0 (0x00008f29) c.xor   a4, a0
core   0: 3 0x800035f0 (0x8f29) x14 0xf8000022
core   0: 0x800035f2 (0x03981c33) mulh    s8, a6, s9
core   0: 3 0x800035f2 (0x03981c33) x24 0x00000000
core   0: 0x800035f6 (0x00004199) c.li    gp, 6
core   0: 3 0x800035f6 (0x4199) x3  0x00000006
core   0: 0x800035f8 (0x03e29db3) mulh    s11, t0, t5
core   0: 3 0x800035f8 (0x03e29db3) x27 0x00000000
core   0: 0x800035fc (0x00001984) c.addi4spn s1, sp, 240
core   0: 3 0x800035fc (0x1984) x9  0x380000e0
core   0: 0x800035fe (0x001a6ab3) or      s5, s4, ra
core   0: 3 0x800035fe (0x001a6ab3) x21 0x80029ce4
core   0: 0x80003602 (0x0304d463) bge     s1, a6, pc + 40
core   0: 3 0x80003602 (0x0304d463)
core   0: 0x8000362a (0x41655733) sra     a4, a0, s6
core   0: 3 0x8000362a (0x41655733) x14 0xffffffff
core   0: 0x8000362e (0x0cdc7063) bgeu    s8, a3, pc + 192
core   0: 3 0x8000362e (0x0cdc7063)
core   0: 0x800036ee (0x49153113) sltiu   sp, a0, 1169
core   0: 3 0x800036ee (0x49153113) x2  0x00000000
core   0: 0x800036f2 (0x038a0763) beq     s4, s8, pc + 46
core   0: 3 0x800036f2 (0x038a0763)
core   0: 0x800036f6 (0x0104fd63) bgeu    s1, a6, pc + 26
core   0: 3 0x800036f6 (0x0104fd63)
core   0: 0x80003710 (0x0100adb3) slt     s11, ra, a6
core   0: 3 0x80003710 (0x0100adb3) x27 0x00000001
core   0: 0x80003714 (0x00008c69) c.and   s0, a0
core   0: 3 0x80003714 (0x8c69) x8  0x00000000
core   0: 0x80003716 (0x03da5663) bge     s4, t4, pc + 44
core   0: 3 0x80003716 (0x03da5663)
core   0: 0x8000371a (0x00008f99) c.sub   a5, a4
core   0: 3 0x8000371a (0x8f99) x15 0x00008000
core   0: 0x8000371c (0x020a9963) bnez    s5, pc + 50
core   0: 3 0x8000371c (0x020a9963)
core   0: 0x8000374e (0x00009b46) c.add   s6, a7
core   0: 3 0x8000374e (0x9b46) x22 0x00000002
core   0: 0x80003750 (0x0000980a) c.add   a6, sp
core   0: 3 0x80003750 (0x980a) x16 0x00000400
core   0: 0x80003752 (0x015dd993) srli    s3, s11, 21
core   0: 3 0x80003752 (0x015dd993) x19 0x00000000
core   0: 0x80003756 (0x00229d63) bne     t0, sp, pc + 26
core   0: 3 0x80003756 (0x00229d63)
core   0: 0x8000375a (0xfca37113) andi    sp, t1, -54
core   0: 3 0x8000375a (0xfca37113) x2  0xfffffd4a
core   0: 0x8000375e (0x0000e30d) c.bnez  a4, pc + 34
core   0: 3 0x8000375e (0xe30d)
core   0: 0x80003780 (0x00008cdd) c.or    s1, a5
core   0: 3 0x80003780 (0x8cdd) x9  0x380080e0
core   0: 0x80003782 (0x00000472) c.slli  s0, 28
core   0: 3 0x80003782 (0x0472) x8  0x00000000
core   0: 0x80003784 (0x032a3c33) mulhu   s8, s4, s2
core   0: 3 0x80003784 (0x032a3c33) x24 0x40027daa
core   0: 0x80003788 (0x00008c0d) c.sub   s0, a1
core   0: 3 0x80003788 (0x8c0d) x8  0x00000000
core   0: 0x8000378a (0x000ee233) or      tp, t4, zero
core   0: 3 0x8000378a (0x000ee233) x4  0x07ffffdd
core   0: 0x8000378e (0x000081d1) c.srli  a1, 20
core   0: 3 0x8000378e (0x81d1) x11 0x00000000
core   0: 0x80003790 (0x02c38e33) mul     t3, t2, a2
core   0: 3 0x80003790 (0x02c38e33) x28 0x00000000
core   0: 0x80003794 (0x02c7e0b3) rem     ra, a5, a2
core   0: 3 0x80003794 (0x02c7e0b3) x1  0x00008000
core   0: 0x80003798 (0x03466a63) bltu    a2, s4, pc + 52
core   0: 3 0x80003798 (0x03466a63)
core   0: 0x800037cc (0x00008699) c.srai  a3, 6
core   0: 3 0x800037cc (0x8699) x13 0x00000000
core   0: 0x800037ce (0x0011a1b3) slt     gp, gp, ra
core   0: 3 0x800037ce (0x0011a1b3) x3  0x00000001
core   0: 0x800037d2 (0x000058fd) c.li    a7, -1
core   0: 3 0x800037d2 (0x58fd) x17 0xffffffff
core   0: 0x800037d4 (0x033c7c63) bgeu    s8, s3, pc + 56
core   0: 3 0x800037d4 (0x033c7c63)
core   0: 0x8000380c (0x00df7733) and     a4, t5, a3
core   0: 3 0x8000380c (0x00df7733) x14 0x00000000
core   0: 0x80003810 (0x00008f5d) c.or    a4, a5
core   0: 3 0x80003810 (0x8f5d) x14 0x00008000
core   0: 0x80003812 (0x01d42533) slt     a0, s0, t4
core   0: 3 0x80003812 (0x01d42533) x10 0x00000001
core   0: 0x80003816 (0x00000001) c.nop
core   0: 3 0x80003816 (0x0001)
core   0: 0x80003818 (0x409edb33) sra     s6, t4, s1
core   0: 3 0x80003818 (0x409edb33) x22 0x07ffffdd
core   0: 0x8000381c (0x00008f8d) c.sub   a5, a1
core   0: 3 0x8000381c (0x8f8d) x15 0x00008000
core   0: 0x8000381e (0xf3f2b113) sltiu   sp, t0, -193
core   0: 3 0x8000381e (0xf3f2b113) x2  0x00000001
core   0: 0x80003822 (0x00000001) c.nop
core   0: 3 0x80003822 (0x0001)
core   0: 0x80003824 (0x06426213) ori     tp, tp, 100
core   0: 3 0x80003824 (0x06426213) x4  0x07fffffd
core   0: 0x80003828 (0xf6fbba97) auipc   s5, 0xf6fbb
core   0: 3 0x80003828 (0xf6fbba97) x21 0x76fbe828
core   0: 0x8000382c (0x03546033) rem     zero, s0, s5
core   0: 3 0x8000382c (0x03546033)
core   0: 0x80003830 (0x000081ad) c.srli  a1, 11
core   0: 3 0x80003830 (0x81ad) x11 0x00000000
core   0: 0x80003832 (0x000081e5) c.srli  a1, 25
core   0: 3 0x80003832 (0x81e5) x11 0x00000000
core   0: 0x80003834 (0x1236cd13) xori    s10, a3, 291
core   0: 3 0x80003834 (0x1236cd13) x26 0x00000123
core   0: 0x80003838 (0x00008c49) c.or    s0, a0
core   0: 3 0x80003838 (0x8c49) x8  0x00000001
core   0: 0x8000383a (0x021eb0b3) mulhu   ra, t4, ra
core   0: 3 0x8000383a (0x021eb0b3) x1  0x000003ff
core   0: 0x8000383e (0x00000001) c.nop
core   0: 3 0x8000383e (0x0001)
core   0: 0x80003840 (0x8833c7b7) lui     a5, 0x8833c
core   0: 3 0x80003840 (0x8833c7b7) x15 0x8833c000
core   0: 0x80003844 (0x00000a8c) c.addi4spn a1, sp, 336
core   0: 3 0x80003844 (0x0a8c) x11 0x00000151
core   0: 0x80003846 (0x002a83b3) add     t2, s5, sp
core   0: 3 0x80003846 (0x002a83b3) x7  0x76fbe829
core   0: 0x8000384a (0x00006115) c.addi16sp sp, 288
core   0: 3 0x8000384a (0x6115) x2  0x00000121
core   0: 0x8000384c (0x01a60863) beq     a2, s10, pc + 16
core   0: 3 0x8000384c (0x01a60863)
core   0: 0x80003850 (0x004e9713) slli    a4, t4, 4
core   0: 3 0x80003850 (0x004e9713) x14 0x7ffffdd0
core   0: 0x80003854 (0x0008db63) bgez    a7, pc + 22
core   0: 3 0x80003854 (0x0008db63)
core   0: 0x80003858 (0x000095fa) c.add   a1, t5
core   0: 3 0x80003858 (0x95fa) x11 0x00000151
core   0: 0x8000385a (0x00008ee6) c.mv    t4, s9
core   0: 3 0x8000385a (0x8ee6) x29 0x00000001
core   0: 0x8000385c (0x57d3f013) andi    zero, t2, 1405
core   0: 3 0x8000385c (0x57d3f013)
core   0: 0x80003860 (0x00008df1) c.and   a1, a2
core   0: 3 0x80003860 (0x8df1) x11 0x00000000
core   0: 0x80003862 (0x034b1233) mulh    tp, s6, s4
core   0: 3 0x80003862 (0x034b1233) x4  0xfc0014f8
core   0: 0x80003866 (0xa0ae0597) auipc   a1, 0xa0ae0
core   0: 3 0x80003866 (0xa0ae0597) x11 0x20ae3866
core   0: 0x8000386a (0x0030c263) blt     ra, gp, pc + 4
core   0: 3 0x8000386a (0x0030c263)
core   0: 0x8000386e (0x011c5a93) srli    s5, s8, 17
core   0: 3 0x8000386e (0x011c5a93) x21 0x00002001
core   0: 0x80003872 (0x00659d33) sll     s10, a1, t1
core   0: 3 0x80003872 (0x00659d33) x26 0x30000000
core   0: 0x80003876 (0x00004a95) c.li    s5, 5
core   0: 3 0x80003876 (0x4a95) x21 0x00000005
core   0: 0x80003878 (0x00001d0c) c.addi4spn a1, sp, 688
core   0: 3 0x80003878 (0x1d0c) x11 0x000003d1
core   0: 0x8000387a (0x01337db3) and     s11, t1, s3
core   0: 3 0x8000387a (0x01337db3) x27 0x00000000
core   0: 0x8000387e (0x000061f9) c.lui   gp, 0x1e
core   0: 3 0x8000387e (0x61f9) x3  0x0001e000
core   0: 0x80003880 (0x00008d15) c.sub   a0, a3
core   0: 3 0x80003880 (0x8d15) x10 0x00000001
core   0: 0x80003882 (0x405c5333) sra     t1, s8, t0
core   0: 3 0x80003882 (0x405c5333) x6  0x40027daa
core   0: 0x80003886 (0x41d05db3) sra     s11, zero, t4
core   0: 3 0x80003886 (0x41d05db3) x27 0x00000000
core   0: 0x8000388a (0x00168eb3) add     t4, a3, ra
core   0: 3 0x8000388a (0x00168eb3) x29 0x000003ff
core   0: 0x8000388e (0x027f4833) div     a6, t5, t2
core   0: 3 0x8000388e (0x027f4833) x16 0x00000000
core   0: 0x80003892 (0x41d20fb3) sub     t6, tp, t4
core   0: 3 0x80003892 (0x41d20fb3) x31 0xfc0010f9
core   0: 0x80003896 (0x015243b3) xor     t2, tp, s5
core   0: 3 0x80003896 (0x015243b3) x7  0xfc0014fd
core   0: 0x8000389a (0x00a11713) slli    a4, sp, 10
core   0: 3 0x8000389a (0x00a11713) x14 0x00048400
core   0: 0x8000389e (0x3a2b2093) slti    ra, s6, 930
core   0: 3 0x8000389e (0x3a2b2093) x1  0x00000000
core   0: 0x800038a2 (0x0000e585) c.bnez  a1, pc + 40
core   0: 3 0x800038a2 (0xe585)
core   0: 0x800038ca (0x00a4f433) and     s0, s1, a0
core   0: 3 0x800038ca (0x00a4f433) x8  0x00000000
core   0: 0x800038ce (0x035023b3) mulhsu  t2, zero, s5
core   0: 3 0x800038ce (0x035023b3) x7  0x00000000
core   0: 0x800038d2 (0x00008589) c.srai  a1, 2
core   0: 3 0x800038d2 (0x8589) x11 0x000000f4
core   0: 0x800038d4 (0x000092ce) c.add   t0, s3
core   0: 3 0x800038d4 (0x92ce) x5  0x00000000
core   0: 0x800038d6 (0x03de5a63) bge     t3, t4, pc + 52
core   0: 3 0x800038d6 (0x03de5a63)
core   0: 0x800038da (0x00000001) c.nop
core   0: 3 0x800038da (0x0001)
core   0: 0x800038dc (0x01fed733) srl     a4, t4, t6
core   0: 3 0x800038dc (0x01fed733) x14 0x00000000
core   0: 0x800038e0 (0xb8028993) addi    s3, t0, -1152
core   0: 3 0x800038e0 (0xb8028993) x19 0xfffffb80
core   0: 0x800038e4 (0x00000001) c.nop
core   0: 3 0x800038e4 (0x0001)
core   0: 0x800038e6 (0x02b5a7b3) mulhsu  a5, a1, a1
core   0: 3 0x800038e6 (0x02b5a7b3) x15 0x00000000
core   0: 0x800038ea (0x00011f93) slli    t6, sp, 0
core   0: 3 0x800038ea (0x00011f93) x31 0x00000121
core   0: 0x800038ee (0x01b79893) slli    a7, a5, 27
core   0: 3 0x800038ee (0x01b79893) x17 0x00000000
core   0: 0x800038f2 (0x41515c33) sra     s8, sp, s5
core   0: 3 0x800038f2 (0x41515c33) x24 0x00000009
core   0: 0x800038f6 (0x014f1213) slli    tp, t5, 20
core   0: 3 0x800038f6 (0x014f1213) x4  0x00000000
core   0: 0x800038fa (0x01eb5813) srli    a6, s6, 30
core   0: 3 0x800038fa (0x01eb5813) x16 0x00000000
core   0: 0x800038fe (0x01b491b3) sll     gp, s1, s11
core   0: 3 0x800038fe (0x01b491b3) x3  0x380080e0
core   0: 0x80003902 (0x0267a293) slti    t0, a5, 38
core   0: 3 0x80003902 (0x0267a293) x5  0x00000001
core   0: 0x80003906 (0x00008f19) c.sub   a4, a4
core   0: 3 0x80003906 (0x8f19) x14 0x00000000
core   0: 0x80003908 (0x0000e019) c.bnez  s0, pc + 6
core   0: 3 0x80003908 (0xe019)
core   0: 0x8000390a (0x02b59333) mulh    t1, a1, a1
core   0: 3 0x8000390a (0x02b59333) x6  0x00000000
core   0: 0x8000390e (0x025990b3) mulh    ra, s3, t0
core   0: 3 0x8000390e (0x025990b3) x1  0xffffffff
core   0: 0x80003912 (0x020642b3) div     t0, a2, zero
core   0: 3 0x80003912 (0x020642b3) x5  0xffffffff
core   0: 0x80003916 (0x0261f563) bgeu    gp, t1, pc + 42
core   0: 3 0x80003916 (0x0261f563)
core   0: 0x80003940 (0x00000001) c.nop
core   0: 3 0x80003940 (0x0001)
core   0: 0x80003942 (0x01975513) srli    a0, a4, 25
core   0: 3 0x80003942 (0x01975513) x10 0x00000000
core   0: 0x80003946 (0x01240133) add     sp, s0, s2
core   0: 3 0x80003946 (0x01240133) x2  0x80025e64
core   0: 0x8000394a (0x000777b3) and     a5, a4, zero
core   0: 3 0x8000394a (0x000777b3) x15 0x00000000
core   0: 0x8000394e (0x0000cf0d) c.beqz  a4, pc + 58
core   0: 3 0x8000394e (0xcf0d)
core   0: 0x80003988 (0x01c95db3) srl     s11, s2, t3
core   0: 3 0x80003988 (0x01c95db3) x27 0x80025e64
core   0: 0x8000398c (0x0145da93) srli    s5, a1, 20
core   0: 3 0x8000398c (0x0145da93) x21 0x00000000
core   0: 0x80003990 (0x01680463) beq     a6, s6, pc + 8
core   0: 3 0x80003990 (0x01680463)
core   0: 0x80003994 (0x01c69f63) bne     a3, t3, pc + 30
core   0: 3 0x80003994 (0x01c69f63)
core   0: 0x80003998 (0x48ac4093) xori    ra, s8, 1162
core   0: 3 0x80003998 (0x48ac4093) x1  0x00000483
core   0: 0x8000399c (0x0180e8b3) or      a7, ra, s8
core   0: 3 0x8000399c (0x0180e8b3) x17 0x0000048b
core   0: 0x800039a0 (0x84074e93) xori    t4, a4, -1984
core   0: 3 0x800039a0 (0x84074e93) x29 0xfffff840
core   0: 0x800039a4 (0x00000001) c.nop
core   0: 3 0x800039a4 (0x0001)
core   0: 0x800039a6 (0x998d3813) sltiu   a6, s10, -1640
core   0: 3 0x800039a6 (0x998d3813) x16 0x00000001
core   0: 0x800039aa (0x00008c95) c.sub   s1, a3
core   0: 3 0x800039aa (0x8c95) x9  0x380080e0
core   0: 0x800039ac (0xedd3d437) lui     s0, 0xedd3d
core   0: 3 0x800039ac (0xedd3d437) x8  0xedd3d000
core   0: 0x800039b0 (0x0000081a) c.slli  a6, 6
core   0: 3 0x800039b0 (0x081a) x16 0x00000040
core   0: 0x800039b2 (0x03414ab3) div     s5, sp, s4
core   0: 3 0x800039b2 (0x03414ab3) x21 0x00000001
core   0: 0x800039b6 (0x028f6263) bltu    t5, s0, pc + 36
core   0: 3 0x800039b6 (0x028f6263)
core   0: 0x800039da (0x00273c33) sltu    s8, a4, sp
core   0: 3 0x800039da (0x00273c33) x24 0x00000001
core   0: 0x800039de (0x401fd493) srai    s1, t6, 1
core   0: 3 0x800039de (0x401fd493) x9  0x00000090
core   0: 0x800039e2 (0x021ad833) divu    a6, s5, ra
core   0: 3 0x800039e2 (0x021ad833) x16 0x00000000
core   0: 0x800039e6 (0x0000cd19) c.beqz  a0, pc + 30
core   0: 3 0x800039e6 (0xcd19)
core   0: 0x80003a04 (0x00008e91) c.sub   a3, a2
core   0: 3 0x80003a04 (0x8e91) x13 0x00000000
core   0: 0x80003a06 (0xa8674213) xori    tp, a4, -1402
core   0: 3 0x80003a06 (0xa8674213) x4  0xfffffa86
core   0: 0x80003a0a (0x01245813) srli    a6, s0, 18
core   0: 3 0x80003a0a (0x01245813) x16 0x00003b74
core   0: 0x80003a0e (0x89423593) sltiu   a1, tp, -1900
core   0: 3 0x80003a0e (0x89423593) x11 0x00000000
core   0: 0x80003a12 (0x036e5733) divu    a4, t3, s6
core   0: 3 0x80003a12 (0x036e5733) x14 0x00000000
core   0: 0x80003a16 (0x01005413) srli    s0, zero, 16
core   0: 3 0x80003a16 (0x01005413) x8  0x00000000
core   0: 0x80003a1a (0x000083b9) c.srli  a5, 14
core   0: 3 0x80003a1a (0x83b9) x15 0x00000000
core   0: 0x80003a1c (0x5679ed97) auipc   s11, 0x5679e
core   0: 3 0x80003a1c (0x5679ed97) x27 0xd67a1a1c
core   0: 0x80003a20 (0x02afc963) blt     t6, a0, pc + 50
core   0: 3 0x80003a20 (0x02afc963)
core   0: 0x80003a24 (0x02595fb3) divu    t6, s2, t0
core   0: 3 0x80003a24 (0x02595fb3) x31 0x00000000
core   0: 0x80003a28 (0x0338fdb3) remu    s11, a7, s3
core   0: 3 0x80003a28 (0x0338fdb3) x27 0x0000048b
core   0: 0x80003a2c (0x00000001) c.nop
core   0: 3 0x80003a2c (0x0001)
core   0: 0x80003a2e (0x0287be33) mulhu   t3, a5, s0
core   0: 3 0x80003a2e (0x0287be33) x28 0x00000000
core   0: 0x80003a32 (0x02197a63) bgeu    s2, ra, pc + 52
core   0: 3 0x80003a32 (0x02197a63)
core   0: 0x80003a66 (0x02000363) beqz    zero, pc + 38
core   0: 3 0x80003a66 (0x02000363)
core   0: 0x80003a8c (0x00008862) c.mv    a6, s8
core   0: 3 0x80003a8c (0x8862) x16 0x00000001
core   0: 0x80003a8e (0x41390eb3) sub     t4, s2, s3
core   0: 3 0x80003a8e (0x41390eb3) x29 0x800262e4
core   0: 0x80003a92 (0x01430b33) add     s6, t1, s4
core   0: 3 0x80003a92 (0x01430b33) x22 0x80029ce4
core   0: 0x80003a96 (0x05965163) bge     a2, s9, pc + 66
core   0: 3 0x80003a96 (0x05965163)
core   0: 0x80003a9a (0x03976533) rem     a0, a4, s9
core   0: 3 0x80003a9a (0x03976533) x10 0x00000000
core   0: 0x80003a9e (0x02b6b0b3) mulhu   ra, a3, a1
core   0: 3 0x80003a9e (0x02b6b0b3) x1  0x00000000
core   0: 0x80003aa2 (0x000086d5) c.srai  a3, 21
core   0: 3 0x80003aa2 (0x86d5) x13 0x00000000
core   0: 0x80003aa4 (0x41dcd293) srai    t0, s9, 29
core   0: 3 0x80003aa4 (0x41dcd293) x5  0x00000000
core   0: 0x80003aa8 (0x0000809e) c.mv    ra, t2
core   0: 3 0x80003aa8 (0x809e) x1  0x00000000
core   0: 0x80003aaa (0x00000001) c.nop
core   0: 3 0x80003aaa (0x0001)
core   0: 0x80003aac (0x03919fb3) mulh    t6, gp, s9
core   0: 3 0x80003aac (0x03919fb3) x31 0x00000000
core   0: 0x80003ab0 (0x00000436) c.slli  s0, 13
core   0: 3 0x80003ab0 (0x0436) x8  0x00000000
core   0: 0x80003ab2 (0x9e8d6e93) ori     t4, s10, -1560
core   0: 3 0x80003ab2 (0x9e8d6e93) x29 0xfffff9e8
core   0: 0x80003ab6 (0x000000fa) c.slli  ra, 30
core   0: 3 0x80003ab6 (0x00fa) x1  0x00000000
core   0: 0x80003ab8 (0x02ee3133) mulhu   sp, t3, a4
core   0: 3 0x80003ab8 (0x02ee3133) x2  0x00000000
core   0: 0x80003abc (0x00008b9a) c.mv    s7, t1
core   0: 3 0x80003abc (0x8b9a) x23 0x00000000
core   0: 0x80003abe (0x02e4ccb3) div     s9, s1, a4
core   0: 3 0x80003abe (0x02e4ccb3) x25 0xffffffff
core   0: 0x80003ac2 (0x02d160b3) rem     ra, sp, a3
core   0: 3 0x80003ac2 (0x02d160b3) x1  0x00000000
core   0: 0x80003ac6 (0x01927863) bgeu    tp, s9, pc + 16
core   0: 3 0x80003ac6 (0x01927863)
core   0: 0x80003aca (0xfe22ab17) auipc   s6, 0xfe22a
core   0: 3 0x80003aca (0xfe22ab17) x22 0x7e22daca
core   0: 0x80003ace (0x03756033) rem     zero, a0, s7
core   0: 3 0x80003ace (0x03756033)
core   0: 0x80003ad2 (0x0126b133) sltu    sp, a3, s2
core   0: 3 0x80003ad2 (0x0126b133) x2  0x00000001
core   0: 0x80003ad6 (0x0000940e) c.add   s0, gp
core   0: 3 0x80003ad6 (0x940e) x8  0x380080e0
core   0: 0x80003ad8 (0xd3d28d93) addi    s11, t0, -707
core   0: 3 0x80003ad8 (0xd3d28d93) x27 0xfffffd3d
core   0: 0x80003adc (0x00006f69) c.lui   t5, 0x1a
core   0: 3 0x80003adc (0x6f69) x30 0x0001a000
core   0: 0x80003ade (0x00000f08) c.addi4spn a0, sp, 912
core   0: 3 0x80003ade (0x0f08) x10 0x00000391
core   0: 0x80003ae0 (0x01ea06b3) add     a3, s4, t5
core   0: 3 0x80003ae0 (0x01ea06b3) x13 0x80043ce4
core   0: 0x80003ae4 (0x00000001) c.nop
core   0: 3 0x80003ae4 (0x0001)
core   0: 0x80003ae6 (0x02c84663) blt     a6, a2, pc + 44
core   0: 3 0x80003ae6 (0x02c84663)
core   0: 0x80003aea (0x02e5d663) bge     a1, a4, pc + 44
core   0: 3 0x80003aea (0x02e5d663)
core   0: 0x80003b16 (0x00000998) c.addi4spn a4, sp, 208
core   0: 3 0x80003b16 (0x0998) x14 0x000000d1
core   0: 0x80003b18 (0x89aff4b7) lui     s1, 0x89aff
core   0: 3 0x80003b18 (0x89aff4b7) x9  0x89aff000
core   0: 0x80003b1c (0x7cb20713) addi    a4, tp, 1995
core   0: 3 0x80003b1c (0x7cb20713) x14 0x00000251
core   0: 0x80003b20 (0x03b60763) beq     a2, s11, pc + 46
core   0: 3 0x80003b20 (0x03b60763)
core   0: 0x80003b24 (0x01d80433) add     s0, a6, t4
core   0: 3 0x80003b24 (0x01d80433) x8  0xfffff9e9
core   0: 0x80003b28 (0x00137733) and     a4, t1, ra
core   0: 3 0x80003b28 (0x00137733) x14 0x00000000
core   0: 0x80003b2c (0x00008fa9) c.xor   a5, a0
core   0: 3 0x80003b2c (0x8fa9) x15 0x00000391
core   0: 0x80003b2e (0x00000c8d) c.addi  s9, 3
core   0: 3 0x80003b2e (0x0c8d) x25 0x00000002
core   0: 0x80003b30 (0x0000717d) c.addi16sp sp, -16
core   0: 3 0x80003b30 (0x717d) x2  0xfffffff1
core   0: 0x80003b32 (0x41828833) sub     a6, t0, s8
core   0: 3 0x80003b32 (0x41828833) x16 0xffffffff
core   0: 0x80003b36 (0x03f2e463) bltu    t0, t6, pc + 40
core   0: 3 0x80003b36 (0x03f2e463)
core   0: 0x80003b3a (0x03498963) beq     s3, s4, pc + 50
core   0: 3 0x80003b3a (0x03498963)
core   0: 0x80003b3e (0x0378a533) mulhsu  a0, a7, s7
core   0: 3 0x80003b3e (0x0378a533) x10 0x00000000
core   0: 0x80003b42 (0x0005f463) bgeu    a1, zero, pc + 8
core   0: 3 0x80003b42 (0x0005f463)
core   0: 0x80003b4a (0x029a0063) beq     s4, s1, pc + 32
core   0: 3 0x80003b4a (0x029a0063)
core   0: 0x80003b4e (0x9de72c93) slti    s9, a4, -1570
core   0: 3 0x80003b4e (0x9de72c93) x25 0x00000000
core   0: 0x80003b52 (0x00186bb3) or      s7, a6, ra
core   0: 3 0x80003b52 (0x00186bb3) x23 0xffffffff
core   0: 0x80003b56 (0x0054a6b3) slt     a3, s1, t0
core   0: 3 0x80003b56 (0x0054a6b3) x13 0x00000001
core   0: 0x80003b5a (0x00008f11) c.sub   a4, a2
core   0: 3 0x80003b5a (0x8f11) x14 0x00000000
core   0: 0x80003b5c (0x00008865) c.andi  s0, 25
core   0: 3 0x80003b5c (0x8865) x8  0x00000009
core   0: 0x80003b5e (0x00008dfd) c.and   a1, a5
core   0: 3 0x80003b5e (0x8dfd) x11 0x00000000
core   0: 0x80003b60 (0x400f8e33) sub     t3, t6, zero
core   0: 3 0x80003b60 (0x400f8e33) x28 0x00000000
core   0: 0x80003b64 (0x02a2fab3) remu    s5, t0, a0
core   0: 3 0x80003b64 (0x02a2fab3) x21 0x00000000
core   0: 0x80003b68 (0x0000e905) c.bnez  a0, pc + 48
core   0: 3 0x80003b68 (0xe905)
core   0: 0x80003b6a (0x00008b66) c.mv    s6, s9
core   0: 3 0x80003b6a (0x8b66) x22 0x00000000
core   0: 0x80003b6c (0x02fd43b3) div     t2, s10, a5
core   0: 3 0x80003b6c (0x02fd43b3) x7  0x000d757c
core   0: 0x80003b70 (0x03851563) bne     a0, s8, pc + 42
core   0: 3 0x80003b70 (0x03851563)
core   0: 0x80003b9a (0x409b5993) srai    s3, s6, 9
core   0: 3 0x80003b9a (0x409b5993) x19 0x00000000
core   0: 0x80003b9e (0xa72b7d93) andi    s11, s6, -1422
core   0: 3 0x80003b9e (0xa72b7d93) x27 0x00000000
core   0: 0x80003ba2 (0x01989f63) bne     a7, s9, pc + 30
core   0: 3 0x80003ba2 (0x01989f63)
core   0: 0x80003bc0 (0x0000943a) c.add   s0, a4
core   0: 3 0x80003bc0 (0x943a) x8  0x00000009
core   0: 0x80003bc2 (0x41bcde33) sra     t3, s9, s11
core   0: 3 0x80003bc2 (0x41bcde33) x28 0x00000000
core   0: 0x80003bc6 (0x012337b3) sltu    a5, t1, s2
core   0: 3 0x80003bc6 (0x012337b3) x15 0x00000001
core   0: 0x80003bca (0x41685733) sra     a4, a6, s6
core   0: 3 0x80003bca (0x41685733) x14 0xffffffff
core   0: 0x80003bce (0x582ac593) xori    a1, s5, 1410
core   0: 3 0x80003bce (0x582ac593) x11 0x00000582
core   0: 0x80003bd2 (0x008b49b3) xor     s3, s6, s0
core   0: 3 0x80003bd2 (0x008b49b3) x19 0x00000009
core   0: 0x80003bd6 (0x00fa1463) bne     s4, a5, pc + 8
core   0: 3 0x80003bd6 (0x00fa1463)
core   0: 0x80003bde (0x02bc8733) mul     a4, s9, a1
core   0: 3 0x80003bde (0x02bc8733) x14 0x00000000
core   0: 0x80003be2 (0x00008ebd) c.xor   a3, a5
core   0: 3 0x80003be2 (0x8ebd) x13 0x00000000
core   0: 0x80003be4 (0xae7bf7b7) lui     a5, 0xae7bf
core   0: 3 0x80003be4 (0xae7bf7b7) x15 0xae7bf000
core   0: 0x80003be8 (0x00008422) c.mv    s0, s0
core   0: 3 0x80003be8 (0x8422) x8  0x00000009
core   0: 0x80003bea (0x00000001) c.nop
core   0: 3 0x80003bea (0x0001)
core   0: 0x80003bec (0x000062c1) c.lui   t0, 0x10
core   0: 3 0x80003bec (0x62c1) x5  0x00010000
core   0: 0x80003bee (0x00324fb3) xor     t6, tp, gp
core   0: 3 0x80003bee (0x00324fb3) x31 0xc7ff7a66
core   0: 0x80003bf2 (0x00339533) sll     a0, t2, gp
core   0: 3 0x80003bf2 (0x00339533) x10 0x000d757c
core   0: 0x80003bf6 (0x02880b33) mul     s6, a6, s0
core   0: 3 0x80003bf6 (0x02880b33) x22 0xfffffff7
core   0: 0x80003bfa (0xcba48413) addi    s0, s1, -838
core   0: 3 0x80003bfa (0xcba48413) x8  0x89afecba
core   0: 0x80003bfe (0x008a5a93) srli    s5, s4, 8
core   0: 3 0x80003bfe (0x008a5a93) x21 0x0080029c
core   0: 0x80003c02 (0x82e8bd13) sltiu   s10, a7, -2002
core   0: 3 0x80003c02 (0x82e8bd13) x26 0x00000001
core   0: 0x80003c06 (0x40f8dcb3) sra     s9, a7, a5
core   0: 3 0x80003c06 (0x40f8dcb3) x25 0x0000048b
core   0: 0x80003c0a (0x0000717d) c.addi16sp sp, -16
core   0: 3 0x80003c0a (0x717d) x2  0xffffffe1
core   0: 0x80003c0c (0x00001318) c.addi4spn a4, sp, 416
core   0: 3 0x80003c0c (0x1318) x14 0x00000181
core   0: 0x80003c0e (0x0000c689) c.beqz  a3, pc + 10
core   0: 3 0x80003c0e (0xc689)
core   0: 0x80003c18 (0x02ebff33) remu    t5, s7, a4
core   0: 3 0x80003c18 (0x02ebff33) x30 0x00000050
core   0: 0x80003c1c (0xef8cc713) xori    a4, s9, -264
core   0: 3 0x80003c1c (0xef8cc713) x14 0xfffffa73
core   0: 0x80003c20 (0x03c69fb3) mulh    t6, a3, t3
core   0: 3 0x80003c20 (0x03c69fb3) x31 0x00000000
core   0: 0x80003c24 (0x00008fc9) c.or    a5, a0
core   0: 3 0x80003c24 (0x8fc9) x15 0xae7ff57c
core   0: 0x80003c26 (0x00f0c333) xor     t1, ra, a5
core   0: 3 0x80003c26 (0x00f0c333) x6  0xae7ff57c
core   0: 0x80003c2a (0x008a1733) sll     a4, s4, s0
core   0: 3 0x80003c2a (0x008a1733) x14 0x90000000
core   0: 0x80003c2e (0xb2a1a813) slti    a6, gp, -1238
core   0: 3 0x80003c2e (0xb2a1a813) x16 0x00000000
core   0: 0x80003c32 (0x3b776593) ori     a1, a4, 951
core   0: 3 0x80003c32 (0x3b776593) x11 0x900003b7
core   0: 0x80003c36 (0x00fb9713) slli    a4, s7, 15
core   0: 3 0x80003c36 (0x00fb9713) x14 0xffff8000
core   0: 0x80003c3a (0x012edf13) srli    t5, t4, 18
core   0: 3 0x80003c3a (0x012edf13) x30 0x00003fff
core   0: 0x80003c3e (0x00004459) c.li    s0, 22
core   0: 3 0x80003c3e (0x4459) x8  0x00000016
core   0: 0x80003c40 (0x00008eb5) c.xor   a3, a3
core   0: 3 0x80003c40 (0x8eb5) x13 0x00000000
core   0: 0x80003c42 (0x0000988a) c.add   a7, sp
core   0: 3 0x80003c42 (0x988a) x17 0x0000046c
core   0: 0x80003c44 (0x039cf563) bgeu    s9, s9, pc + 42
core   0: 3 0x80003c44 (0x039cf563)
core   0: 0x80003c6e (0x00008c91) c.sub   s1, a2
core   0: 3 0x80003c6e (0x8c91) x9  0x89aff000
core   0: 0x80003c70 (0x00009772) c.add   a4, t3
core   0: 3 0x80003c70 (0x9772) x14 0xffff8000
core   0: 0x80003c72 (0x02e6d033) divu    zero, a3, a4
core   0: 3 0x80003c72 (0x02e6d033)
core   0: 0x80003c76 (0xee7deb13) ori     s6, s11, -281
core   0: 3 0x80003c76 (0xee7deb13) x22 0xfffffee7
core   0: 0x80003c7a (0x0321f663) bgeu    gp, s2, pc + 44
core   0: 3 0x80003c7a (0x0321f663)
core   0: 0x80003c7e (0x008298b3) sll     a7, t0, s0
core   0: 3 0x80003c7e (0x008298b3) x17 0x00000000
core   0: 0x80003c82 (0xffeea293) slti    t0, t4, -2
core   0: 3 0x80003c82 (0xffeea293) x5  0x00000001
core   0: 0x80003c86 (0x00001b18) c.addi4spn a4, sp, 432
core   0: 3 0x80003c86 (0x1b18) x14 0x00000191
core   0: 0x80003c88 (0x00745e13) srli    t3, s0, 7
core   0: 3 0x80003c88 (0x00745e13) x28 0x00000000
core   0: 0x80003c8c (0x00008c4d) c.or    s0, a1
core   0: 3 0x80003c8c (0x8c4d) x8  0x900003b7
core   0: 0x80003c8e (0x00473233) sltu    tp, a4, tp
core   0: 3 0x80003c8e (0x00473233) x4  0x00000001
core   0: 0x80003c92 (0x03abeb33) rem     s6, s7, s10
core   0: 3 0x80003c92 (0x03abeb33) x22 0x00000000
core   0: 0x80003c96 (0x0867fa63) bgeu    a5, t1, pc + 148
core   0: 3 0x80003c96 (0x0867fa63)
core   0: 0x80003d2a (0x19c6e0b7) lui     ra, 0x19c6e
core   0: 3 0x80003d2a (0x19c6e0b7) x1  0x19c6e000
core   0: 0x80003d2e (0x0000470d) c.li    a4, 3
core   0: 3 0x80003d2e (0x470d) x14 0x00000003
core   0: 0x80003d30 (0x00762d33) slt     s10, a2, t2
core   0: 3 0x80003d30 (0x00762d33) x26 0x00000001
core   0: 0x80003d34 (0x00799333) sll     t1, s3, t2
core   0: 3 0x80003d34 (0x00799333) x6  0x90000000
core   0: 0x80003d38 (0x00008c4e) c.mv    s8, s3
core   0: 3 0x80003d38 (0x8c4e) x24 0x00000009
core   0: 0x80003d3a (0x00001ffd) c.addi  t6, -1
core   0: 3 0x80003d3a (0x1ffd) x31 0xffffffff
core   0: 0x80003d3c (0x00008af5) c.andi  a3, 29
core   0: 3 0x80003d3c (0x8af5) x13 0x00000000
core   0: 0x80003d3e (0x00001394) c.addi4spn a3, sp, 480
core   0: 3 0x80003d3e (0x1394) x13 0x000001c1
core   0: 0x80003d40 (0x00ac7533) and     a0, s8, a0
core   0: 3 0x80003d40 (0x00ac7533) x10 0x00000008
core   0: 0x80003d44 (0x022c19b3) mulh    s3, s8, sp
core   0: 3 0x80003d44 (0x022c19b3) x19 0xffffffff
core   0: 0x80003d48 (0x00000001) c.nop
core   0: 3 0x80003d48 (0x0001)
core   0: 0x80003d4a (0x004571b3) and     gp, a0, tp
core   0: 3 0x80003d4a (0x004571b3) x3  0x00000000
core   0: 0x80003d4e (0x00d09593) slli    a1, ra, 13
core   0: 3 0x80003d4e (0x00d09593) x11 0xdc000000
core   0: 0x80003d52 (0x000007fd) c.addi  a5, 31
core   0: 3 0x80003d52 (0x07fd) x15 0xae7ff59b
core   0: 0x80003d54 (0x40add213) srai    tp, s11, 10
core   0: 3 0x80003d54 (0x40add213) x4  0x00000000
core   0: 0x80003d58 (0x00008fad) c.xor   a5, a1
core   0: 3 0x80003d58 (0x8fad) x15 0x727ff59b
core   0: 0x80003d5a (0x0000c69d) c.beqz  a3, pc + 46
core   0: 3 0x80003d5a (0xc69d)
core   0: 0x80003d5c (0x01ed4c33) xor     s8, s10, t5
core   0: 3 0x80003d5c (0x01ed4c33) x24 0x00003ffe
core   0: 0x80003d60 (0x01603833) snez    a6, s6
core   0: 3 0x80003d60 (0x01603833) x16 0x00000000
core   0: 0x80003d64 (0x1d196d13) ori     s10, s2, 465
core   0: 3 0x80003d64 (0x1d196d13) x26 0x80025ff5
core   0: 0x80003d68 (0x014df233) and     tp, s11, s4
core   0: 3 0x80003d68 (0x014df233) x4  0x00000000
core   0: 0x80003d6c (0x03c88733) mul     a4, a7, t3
core   0: 3 0x80003d6c (0x03c88733) x14 0x00000000
core   0: 0x80003d70 (0x412cdc13) srai    s8, s9, 18
core   0: 3 0x80003d70 (0x412cdc13) x24 0x00000000
core   0: 0x80003d74 (0x004724b3) slt     s1, a4, tp
core   0: 3 0x80003d74 (0x004724b3) x9  0x00000000
core   0: 0x80003d78 (0xc6072093) slti    ra, a4, -928
core   0: 3 0x80003d78 (0xc6072093) x1  0x00000000
core   0: 0x80003d7c (0x034878b3) remu    a7, a6, s4
core   0: 3 0x80003d7c (0x034878b3) x17 0x00000000
core   0: 0x80003d80 (0x01d39e33) sll     t3, t2, t4
core   0: 3 0x80003d80 (0x01d39e33) x28 0x0d757c00
core   0: 0x80003d84 (0x038632b3) mulhu   t0, a2, s8
core   0: 3 0x80003d84 (0x038632b3) x5  0x00000000
core   0: 0x80003d88 (0x01f6adb3) slt     s11, a3, t6
core   0: 3 0x80003d88 (0x01f6adb3) x27 0x00000000
core   0: 0x80003d8c (0x01a33db3) sltu    s11, t1, s10
core   0: 3 0x80003d8c (0x01a33db3) x27 0x00000000
core   0: 0x80003d90 (0x0000c105) c.beqz  a0, pc + 32
core   0: 3 0x80003d90 (0xc105)
core   0: 0x80003d92 (0x03551163) bne     a0, s5, pc + 34
core   0: 3 0x80003d92 (0x03551163)
core   0: 0x80003db4 (0x00000001) c.nop
core   0: 3 0x80003db4 (0x0001)
core   0: 0x80003db6 (0x00006155) c.addi16sp sp, 304
core   0: 3 0x80003db6 (0x6155) x2  0x00000111
core   0: 0x80003db8 (0x03006733) rem     a4, zero, a6
core   0: 3 0x80003db8 (0x03006733) x14 0x00000000
core   0: 0x80003dbc (0x012cf8b3) and     a7, s9, s2
core   0: 3 0x80003dbc (0x012cf8b3) x17 0x00000400
core   0: 0x80003dc0 (0x00000001) c.nop
core   0: 3 0x80003dc0 (0x0001)
core   0: 0x80003dc2 (0x00006b09) c.lui   s6, 0x2
core   0: 3 0x80003dc2 (0x6b09) x22 0x00002000
core   0: 0x80003dc4 (0x00309d93) slli    s11, ra, 3
core   0: 3 0x80003dc4 (0x00309d93) x27 0x00000000
core   0: 0x80003dc8 (0x413e8bb3) sub     s7, t4, s3
core   0: 3 0x80003dc8 (0x413e8bb3) x23 0xfffff9e9
core   0: 0x80003dcc (0x023ecb33) div     s6, t4, gp
core   0: 3 0x80003dcc (0x023ecb33) x22 0xffffffff
core   0: 0x80003dd0 (0x0000717d) c.addi16sp sp, -16
core   0: 3 0x80003dd0 (0x717d) x2  0x00000101
core   0: 0x80003dd2 (0x00422733) slt     a4, tp, tp
core   0: 3 0x80003dd2 (0x00422733) x14 0x00000000
core   0: 0x80003dd6 (0x033859b3) divu    s3, a6, s3
core   0: 3 0x80003dd6 (0x033859b3) x19 0x00000000
core   0: 0x80003dda (0x0219c763) blt     s3, ra, pc + 46
core   0: 3 0x80003dda (0x0219c763)
core   0: 0x80003dde (0x00006ab5) c.lui   s5, 0xd
core   0: 3 0x80003dde (0x6ab5) x21 0x0000d000
core   0: 0x80003de0 (0x00000001) c.nop
core   0: 3 0x80003de0 (0x0001)
core   0: 0x80003de2 (0x0000717d) c.addi16sp sp, -16
core   0: 3 0x80003de2 (0x717d) x2  0x000000f1
core   0: 0x80003de4 (0x00fbd133) srl     sp, s7, a5
core   0: 3 0x80003de4 (0x00fbd133) x2  0x0000001f
core   0: 0x80003de8 (0x000092a6) c.add   t0, s1
core   0: 3 0x80003de8 (0x92a6) x5  0x00000000
core   0: 0x80003dea (0xbb92b993) sltiu   s3, t0, -1095
core   0: 3 0x80003dea (0xbb92b993) x19 0x00000001
core   0: 0x80003dee (0x000099fd) c.andi  a1, -1
core   0: 3 0x80003dee (0x99fd) x11 0xdc000000
core   0: 0x80003df0 (0x02629133) mulh    sp, t0, t1
core   0: 3 0x80003df0 (0x02629133) x2  0x00000000
core   0: 0x80003df4 (0x01cc6833) or      a6, s8, t3
core   0: 3 0x80003df4 (0x01cc6833) x16 0x0d757c00
core   0: 0x80003df8 (0x00d64133) xor     sp, a2, a3
core   0: 3 0x80003df8 (0x00d64133) x2  0x000001c1
core   0: 0x80003dfc (0x4be3fe13) andi    t3, t2, 1214
core   0: 3 0x80003dfc (0x4be3fe13) x28 0x0000043c
core   0: 0x80003e00 (0x00a29b63) bne     t0, a0, pc + 22
core   0: 3 0x80003e00 (0x00a29b63)
core   0: 0x80003e16 (0x0005a733) slt     a4, a1, zero
core   0: 3 0x80003e16 (0x0005a733) x14 0x00000001
core   0: 0x80003e1a (0x4140d833) sra     a6, ra, s4
core   0: 3 0x80003e1a (0x4140d833) x16 0x00000000
core   0: 0x80003e1e (0x0138fa63) bgeu    a7, s3, pc + 20
core   0: 3 0x80003e1e (0x0138fa63)
core   0: 0x80003e32 (0x007c9b63) bne     s9, t2, pc + 22
core   0: 3 0x80003e32 (0x007c9b63)
core   0: 0x80003e48 (0x031430b3) mulhu   ra, s0, a7
core   0: 3 0x80003e48 (0x031430b3) x1  0x00000240
core   0: 0x80003e4c (0x00009822) c.add   a6, s0
core   0: 3 0x80003e4c (0x9822) x16 0x900003b7
core   0: 0x80003e4e (0x00006149) c.addi16sp sp, 144
core   0: 3 0x80003e4e (0x6149) x2  0x00000251
core   0: 0x80003e50 (0x02609db3) mulh    s11, ra, t1
core   0: 3 0x80003e50 (0x02609db3) x27 0xffffff04
core   0: 0x80003e54 (0x02738333) mul     t1, t2, t2
core   0: 3 0x80003e54 (0x02738333) x6  0x24829410
core   0: 0x80003e58 (0x02491833) mulh    a6, s2, tp
core   0: 3 0x80003e58 (0x02491833) x16 0x00000000
core   0: 0x80003e5c (0x00008c69) c.and   s0, a0
core   0: 3 0x80003e5c (0x8c69) x8  0x00000000
core   0: 0x80003e5e (0x00006d45) c.lui   s10, 0x11
core   0: 3 0x80003e5e (0x6d45) x26 0x00011000
core   0: 0x80003e60 (0x03b8e833) rem     a6, a7, s11
core   0: 3 0x80003e60 (0x03b8e833) x16 0x00000010
core   0: 0x80003e64 (0x00000001) c.nop
core   0: 3 0x80003e64 (0x0001)
core   0: 0x80003e66 (0xaa8fc313) xori    t1, t6, -1368
core   0: 3 0x80003e66 (0xaa8fc313) x6  0x00000557
core   0: 0x80003e6a (0x02a35433) divu    s0, t1, a0
core   0: 3 0x80003e6a (0x02a35433) x8  0x000000aa
core   0: 0x80003e6e (0x0000717d) c.addi16sp sp, -16
core   0: 3 0x80003e6e (0x717d) x2  0x00000241
core   0: 0x80003e70 (0x01c965b3) or      a1, s2, t3
core   0: 3 0x80003e70 (0x01c965b3) x11 0x80025e7c
core   0: 0x80003e74 (0x0240e0b3) rem     ra, ra, tp
core   0: 3 0x80003e74 (0x0240e0b3) x1  0x00000240
core   0: 0x80003e78 (0x03e27c33) remu    s8, tp, t5
core   0: 3 0x80003e78 (0x03e27c33) x24 0x00000000
core   0: 0x80003e7c (0x00008d31) c.xor   a0, a2
core   0: 3 0x80003e7c (0x8d31) x10 0x00000008
core   0: 0x80003e7e (0x01e552b3) srl     t0, a0, t5
core   0: 3 0x80003e7e (0x01e552b3) x5  0x00000000
core   0: 0x80003e82 (0x03ebeb33) rem     s6, s7, t5
core   0: 3 0x80003e82 (0x03ebeb33) x22 0xfffff9e9
core   0: 0x80003e86 (0x953160b7) lui     ra, 0x95316
core   0: 3 0x80003e86 (0x953160b7) x1  0x95316000
core   0: 0x80003e8a (0x00000436) c.slli  s0, 13
core   0: 3 0x80003e8a (0x0436) x8  0x00154000
core   0: 0x80003e8c (0x00000001) c.nop
core   0: 3 0x80003e8c (0x0001)
core   0: 0x80003e8e (0x031c0cb3) mul     s9, s8, a7
core   0: 3 0x80003e8e (0x031c0cb3) x25 0x00000000
core   0: 0x80003e92 (0x023ea2b3) mulhsu  t0, t4, gp
core   0: 3 0x80003e92 (0x023ea2b3) x5  0x00000000
core   0: 0x80003e96 (0x7ee56013) ori     zero, a0, 2030
core   0: 3 0x80003e96 (0x7ee56013)
core   0: 0x80003e9a (0x015233b3) sltu    t2, tp, s5
core   0: 3 0x80003e9a (0x015233b3) x7  0x00000001
core   0: 0x80003e9e (0x0000025e) c.slli  tp, 23
core   0: 3 0x80003e9e (0x025e) x4  0x00000000
core   0: 0x80003ea0 (0x00008de1) c.and   a1, s0
core   0: 3 0x80003ea0 (0x8de1) x11 0x00004000
core   0: 0x80003ea2 (0x03250863) beq     a0, s2, pc + 48
core   0: 3 0x80003ea2 (0x03250863)
core   0: 0x80003ea6 (0x00000001) c.nop
core   0: 3 0x80003ea6 (0x0001)
core   0: 0x80003ea8 (0x00a47e33) and     t3, s0, a0
core   0: 3 0x80003ea8 (0x00a47e33) x28 0x00000000
core   0: 0x80003eac (0x01282133) slt     sp, a6, s2
core   0: 3 0x80003eac (0x01282133) x2  0x00000000
core   0: 0x80003eb0 (0x011bd033) srl     zero, s7, a7
core   0: 3 0x80003eb0 (0x011bd033)
core   0: 0x80003eb4 (0x000060b9) c.lui   ra, 0xe
core   0: 3 0x80003eb4 (0x60b9) x1  0x0000e000
core   0: 0x80003eb6 (0x00009cf2) c.add   s9, t3
core   0: 3 0x80003eb6 (0x9cf2) x25 0x00000000
core   0: 0x80003eb8 (0x00000b98) c.addi4spn a4, sp, 464
core   0: 3 0x80003eb8 (0x0b98) x14 0x000001d0
core   0: 0x80003eba (0x400f5a93) srai    s5, t5, 0
core   0: 3 0x80003eba (0x400f5a93) x21 0x00003fff
core   0: 0x80003ebe (0x8d578993) addi    s3, a5, -1835
core   0: 3 0x80003ebe (0x8d578993) x19 0x727fee70
core   0: 0x80003ec2 (0x0000008a) c.slli  ra, 2
core   0: 3 0x80003ec2 (0x008a) x1  0x00038000
core   0: 0x80003ec4 (0x000052fd) c.li    t0, -1
core   0: 3 0x80003ec4 (0x52fd) x5  0xffffffff
core   0: 0x80003ec6 (0x000067bd) c.lui   a5, 0xf
core   0: 3 0x80003ec6 (0x67bd) x15 0x0000f000
core   0: 0x80003ec8 (0x00008ee5) c.and   a3, s1
core   0: 3 0x80003ec8 (0x8ee5) x13 0x00000000
core   0: 0x80003eca (0x0000e985) c.bnez  a1, pc + 48
core   0: 3 0x80003eca (0xe985)
core   0: 0x80003efa (0xdc6609b7) lui     s3, 0xdc660
core   0: 3 0x80003efa (0xdc6609b7) x19 0xdc660000
core   0: 0x80003efe (0x008c56b3) srl     a3, s8, s0
core   0: 3 0x80003efe (0x008c56b3) x13 0x00000000
core   0: 0x80003f02 (0x42dd2013) slti    zero, s10, 1069
core   0: 3 0x80003f02 (0x42dd2013)
core   0: 0x80003f06 (0x017cdc63) bge     s9, s7, pc + 24
core   0: 3 0x80003f06 (0x017cdc63)
core   0: 0x80003f1e (0x02a8dc33) divu    s8, a7, a0
core   0: 3 0x80003f1e (0x02a8dc33) x24 0x00000080
core   0: 0x80003f22 (0x417b5ab3) sra     s5, s6, s7
core   0: 3 0x80003f22 (0x417b5ab3) x21 0xfffffffc
core   0: 0x80003f26 (0x00008f01) c.sub   a4, s0
core   0: 3 0x80003f26 (0x8f01) x14 0xffeac1d0
core   0: 0x80003f28 (0xe0efbf13) sltiu   t5, t6, -498
core   0: 3 0x80003f28 (0xe0efbf13) x30 0x00000000
core   0: 0x80003f2c (0x00637363) bgeu    t1, t1, pc + 6
core   0: 3 0x80003f2c (0x00637363)
core   0: 0x80003f32 (0x00008561) c.srai  a0, 24
core   0: 3 0x80003f32 (0x8561) x10 0x00000000
core   0: 0x80003f34 (0x743bfc17) auipc   s8, 0x743bf
core   0: 3 0x80003f34 (0x743bfc17) x24 0xf43c2f34
core   0: 0x80003f38 (0x3521e693) ori     a3, gp, 850
core   0: 3 0x80003f38 (0x3521e693) x13 0x00000352
core   0: 0x80003f3c (0x92c02b93) slti    s7, zero, -1748
core   0: 3 0x80003f3c (0x92c02b93) x23 0x00000000
core   0: 0x80003f40 (0x02556663) bltu    a0, t0, pc + 44
core   0: 3 0x80003f40 (0x02556663)
core   0: 0x80003f6c (0x007bf233) and     tp, s7, t2
core   0: 3 0x80003f6c (0x007bf233) x4  0x00000000
core   0: 0x80003f70 (0x018863b3) or      t2, a6, s8
core   0: 3 0x80003f70 (0x018863b3) x7  0xf43c2f34
core   0: 0x80003f74 (0x0000e689) c.bnez  a3, pc + 10
core   0: 3 0x80003f74 (0xe689)
core   0: 0x80003f7e (0x0000937a) c.add   t1, t5
core   0: 3 0x80003f7e (0x937a) x6  0x00000557
core   0: 0x80003f80 (0x00009daa) c.add   s11, a0
core   0: 3 0x80003f80 (0x9daa) x27 0xffffff04
core   0: 0x80003f82 (0x00004f55) c.li    t5, 21
core   0: 3 0x80003f82 (0x4f55) x30 0x00000015
core   0: 0x80003f84 (0xfe6a4813) xori    a6, s4, -26
core   0: 3 0x80003f84 (0xfe6a4813) x16 0x7ffd6302
core   0: 0x80003f88 (0x00009472) c.add   s0, t3
core   0: 3 0x80003f88 (0x9472) x8  0x00154000
core   0: 0x80003f8a (0x00369c13) slli    s8, a3, 3
core   0: 3 0x80003f8a (0x00369c13) x24 0x00001a90
core   0: 0x80003f8e (0x41f25233) sra     tp, tp, t6
core   0: 3 0x80003f8e (0x41f25233) x4  0x00000000
core   0: 0x80003f92 (0x000087ce) c.mv    a5, s3
core   0: 3 0x80003f92 (0x87ce) x15 0xdc660000
core   0: 0x80003f94 (0x08cb2413) slti    s0, s6, 140
core   0: 3 0x80003f94 (0x08cb2413) x8  0x00000001
core   0: 0x80003f98 (0x00000518) c.addi4spn a4, sp, 640
core   0: 3 0x80003f98 (0x0518) x14 0x00000280
core   0: 0x80003f9a (0x02f8beb3) mulhu   t4, a7, a5
core   0: 3 0x80003f9a (0x02f8beb3) x29 0x00000371
core   0: 0x80003f9e (0x00008031) c.srli  s0, 12
core   0: 3 0x80003f9e (0x8031) x8  0x00000000
core   0: 0x80003fa0 (0xc563c893) xori    a7, t2, -938
core   0: 3 0x80003fa0 (0xc563c893) x17 0x0bc3d362
core   0: 0x80003fa4 (0x007a7bb3) and     s7, s4, t2
core   0: 3 0x80003fa4 (0x007a7bb3) x23 0x80000c24
core   0: 0x80003fa8 (0x02292e33) mulhsu  t3, s2, sp
core   0: 3 0x80003fa8 (0x02292e33) x28 0x00000000
core   0: 0x80003fac (0x00d01b93) slli    s7, zero, 13
core   0: 3 0x80003fac (0x00d01b93) x23 0x00000000
core   0: 0x80003fb0 (0x033aee33) rem     t3, s5, s3
core   0: 3 0x80003fb0 (0x033aee33) x28 0xfffffffc
core   0: 0x80003fb4 (0x00006c95) c.lui   s9, 0x5
core   0: 3 0x80003fb4 (0x6c95) x25 0x00005000
core   0: 0x80003fb6 (0x00008f2d) c.xor   a4, a1
core   0: 3 0x80003fb6 (0x8f2d) x14 0x00004280
core   0: 0x80003fb8 (0x00001b98) c.addi4spn a4, sp, 496
core   0: 3 0x80003fb8 (0x1b98) x14 0x000001f0
core   0: 0x80003fba (0xd676fd13) andi    s10, a3, -665
core   0: 3 0x80003fba (0xd676fd13) x26 0x00000142
core   0: 0x80003fbe (0x00195113) srli    sp, s2, 1
core   0: 3 0x80003fbe (0x00195113) x2  0x40012f32
core   0: 0x80003fc2 (0x0000840e) c.mv    s0, gp
core   0: 3 0x80003fc2 (0x840e) x8  0x00000000
core   0: 0x80003fc4 (0x0000617d) c.addi16sp sp, 496
core   0: 3 0x80003fc4 (0x617d) x2  0x40013122
core   0: 0x80003fc6 (0x00006f61) c.lui   t5, 0x18
core   0: 3 0x80003fc6 (0x6f61) x30 0x00018000
core   0: 0x80003fc8 (0x00008705) c.srai  a4, 1
core   0: 3 0x80003fc8 (0x8705) x14 0x000000f8
core   0: 0x80003fca (0xc6898b13) addi    s6, s3, -920
core   0: 3 0x80003fca (0xc6898b13) x22 0xdc65fc68
core   0: 0x80003fce (0x00d51533) sll     a0, a0, a3
core   0: 3 0x80003fce (0x00d51533) x10 0x00000000
core   0: 0x80003fd2 (0x00000001) c.nop
core   0: 3 0x80003fd2 (0x0001)
core   0: 0x80003fd4 (0x03706263) bltu    zero, s7, pc + 36
core   0: 3 0x80003fd4 (0x03706263)
core   0: 0x80003fd8 (0x000098b6) c.add   a7, a3
core   0: 3 0x80003fd8 (0x98b6) x17 0x0bc3d6b4
core   0: 0x80003fda (0x000053fd) c.li    t2, -1
core   0: 3 0x80003fda (0x53fd) x7  0xffffffff
core   0: 0x80003fdc (0x92f88093) addi    ra, a7, -1745
core   0: 3 0x80003fdc (0x92f88093) x1  0x0bc3cfe3
core   0: 0x80003fe0 (0x000086fd) c.srai  a3, 31
core   0: 3 0x80003fe0 (0x86fd) x13 0x00000000
core   0: 0x80003fe2 (0x00009196) c.add   gp, t0
core   0: 3 0x80003fe2 (0x9196) x3  0xffffffff
core   0: 0x80003fe4 (0x031b75b3) remu    a1, s6, a7
core   0: 3 0x80003fe4 (0x031b75b3) x11 0x08a0e3c0
core   0: 0x80003fe8 (0x03f04463) blt     zero, t6, pc + 40
core   0: 3 0x80003fe8 (0x03f04463)
core   0: 0x80003fec (0x01229213) slli    tp, t0, 18
core   0: 3 0x80003fec (0x01229213) x4  0xfffc0000
core   0: 0x80003ff0 (0x009c1b63) bne     s8, s1, pc + 22
core   0: 3 0x80003ff0 (0x009c1b63)
core   0: 0x80004006 (0x02571563) bne     a4, t0, pc + 42
core   0: 3 0x80004006 (0x02571563)
core   0: 0x80004030 (0x02e993b3) mulh    t2, s3, a4
core   0: 3 0x80004030 (0x02e993b3) x7  0xffffffdd
core   0: 0x80004034 (0x85786a93) ori     s5, a6, -1961
core   0: 3 0x80004034 (0x85786a93) x21 0xfffffb57
core   0: 0x80004038 (0x0193d693) srli    a3, t2, 25
core   0: 3 0x80004038 (0x0193d693) x13 0x0000007f
core   0: 0x8000403c (0xca8a2213) slti    tp, s4, -856
core   0: 3 0x8000403c (0xca8a2213) x4  0x00000001
core   0: 0x80004040 (0x00a7b5b3) sltu    a1, a5, a0
core   0: 3 0x80004040 (0x00a7b5b3) x11 0x00000000
core   0: 0x80004044 (0x0000987d) c.andi  s0, -1
core   0: 3 0x80004044 (0x987d) x8  0x00000000
core   0: 0x80004046 (0x006a2e33) slt     t3, s4, t1
core   0: 3 0x80004046 (0x006a2e33) x28 0x00000001
core   0: 0x8000404a (0x05c94063) blt     s2, t3, pc + 64
core   0: 3 0x8000404a (0x05c94063)
core   0: 0x8000408a (0x09841963) bne     s0, s8, pc + 146
core   0: 3 0x8000408a (0x09841963)
core   0: 0x8000411c (0xd146ac13) slti    s8, a3, -748
core   0: 3 0x8000411c (0xd146ac13) x24 0x00000000
core   0: 0x80004120 (0x000067dd) c.lui   a5, 0x17
core   0: 3 0x80004120 (0x67dd) x15 0x00017000
core   0: 0x80004122 (0x00507833) and     a6, zero, t0
core   0: 3 0x80004122 (0x00507833) x16 0x00000000
core   0: 0x80004126 (0x000080d5) c.srli  s1, 21
core   0: 3 0x80004126 (0x80d5) x9  0x00000000
core   0: 0x80004128 (0x0000987d) c.andi  s0, -1
core   0: 3 0x80004128 (0x987d) x8  0x00000000
core   0: 0x8000412a (0xd6451f97) auipc   t6, 0xd6451
core   0: 3 0x8000412a (0xd6451f97) x31 0x5645512a
core   0: 0x8000412e (0x2113ad13) slti    s10, t2, 529
core   0: 3 0x8000412e (0x2113ad13) x26 0x00000001
core   0: 0x80004132 (0x405b8033) sub     zero, s7, t0
core   0: 3 0x80004132 (0x405b8033)
core   0: 0x80004136 (0xed9d2213) slti    tp, s10, -295
core   0: 3 0x80004136 (0xed9d2213) x4  0x00000000
core   0: 0x8000413a (0x00380563) beq     a6, gp, pc + 10
core   0: 3 0x8000413a (0x00380563)
core   0: 0x8000413e (0x028cae33) mulhsu  t3, s9, s0
core   0: 3 0x8000413e (0x028cae33) x28 0x00000000
core   0: 0x80004142 (0x00008d56) c.mv    s10, s5
core   0: 3 0x80004142 (0x8d56) x26 0xfffffb57
core   0: 0x80004144 (0x032e80b3) mul     ra, t4, s2
core   0: 3 0x80004144 (0x032e80b3) x1  0x8826d624
core   0: 0x80004148 (0x013d97b3) sll     a5, s11, s3
core   0: 3 0x80004148 (0x013d97b3) x15 0xffffff04
core   0: 0x8000414c (0x00008dad) c.xor   a1, a1
core   0: 3 0x8000414c (0x8dad) x11 0x00000000
core   0: 0x8000414e (0x0224dc63) bge     s1, sp, pc + 56
core   0: 3 0x8000414e (0x0224dc63)
core   0: 0x80004152 (0x0328beb3) mulhu   t4, a7, s2
core   0: 3 0x80004152 (0x0328beb3) x29 0x05e20738
core   0: 0x80004156 (0x40065693) srai    a3, a2, 0
core   0: 3 0x80004156 (0x40065693) x13 0x00000000
core   0: 0x8000415a (0x0333cb63) blt     t2, s3, pc + 54
core   0: 3 0x8000415a (0x0333cb63)
core   0: 0x8000415e (0x000098fd) c.andi  s1, -1
core   0: 3 0x8000415e (0x98fd) x9  0x00000000
core   0: 0x80004160 (0x03def863) bgeu    t4, t4, pc + 48
core   0: 3 0x80004160 (0x03def863)
core   0: 0x80004190 (0x0209e033) rem     zero, s3, zero
core   0: 3 0x80004190 (0x0209e033)
core   0: 0x80004194 (0x01420263) beq     tp, s4, pc + 4
core   0: 3 0x80004194 (0x01420263)
core   0: 0x80004198 (0x0aacae37) lui     t3, 0xaaca
core   0: 3 0x80004198 (0x0aacae37) x28 0x0aaca000
core   0: 0x8000419c (0x00000617) auipc   a2, 0x0
core   0: 3 0x8000419c (0x00000617) x12 0x8000419c
core   0: 0x800041a0 (0x00c60613) addi    a2, a2, 12
core   0: 3 0x800041a0 (0x00c60613) x12 0x800041a8
core   0: 0x800041a4 (0x00060067) jr      a2
core   0: 3 0x800041a4 (0x00060067)
core   0: 0x800041a8 (0x00004185) c.li    gp, 1
core   0: 3 0x800041a8 (0x4185) x3  0x00000001
core   0: 0x800041aa (0x00000073) ecall
core   0: exception trap_machine_ecall, epc 0x800041aa
core   0: >>>>  mtvec_handler
core   0: 0x8000b350 (0x0400006f) j       pc + 0x40
core   0: 3 0x8000b350 (0x0400006f)
core   0: 0x8000b390 (0x00001a71) c.addi  s4, -4
core   0: 3 0x8000b390 (0x1a71) x20 0x80029ce0
core   0: 0x8000b392 (0x012a2023) sw      s2, 0(s4)
core   0: 3 0x8000b392 (0x012a2023) mem 0x80029ce0 0x80025e64
core   0: 0x8000b396 (0x000a0933) add     s2, s4, zero
core   0: 3 0x8000b396 (0x000a0933) x18 0x80029ce0
core   0: 0x8000b39a (0xf8090913) addi    s2, s2, -128
core   0: 3 0x8000b39a (0xf8090913) x18 0x80029c60
core   0: 0x8000b39e (0x00192223) sw      ra, 4(s2)
core   0: 3 0x8000b39e (0x00192223) mem 0x80029c64 0x8826d624
core   0: 0x8000b3a2 (0x00292423) sw      sp, 8(s2)
core   0: 3 0x8000b3a2 (0x00292423) mem 0x80029c68 0x40013122
core   0: 0x8000b3a6 (0x00392623) sw      gp, 12(s2)
core   0: 3 0x8000b3a6 (0x00392623) mem 0x80029c6c 0x00000001
core   0: 0x8000b3aa (0x00492823) sw      tp, 16(s2)
core   0: 3 0x8000b3aa (0x00492823) mem 0x80029c70 0x00000000
core   0: 0x8000b3ae (0x00592a23) sw      t0, 20(s2)
core   0: 3 0x8000b3ae (0x00592a23) mem 0x80029c74 0xffffffff
core   0: 0x8000b3b2 (0x00692c23) sw      t1, 24(s2)
core   0: 3 0x8000b3b2 (0x00692c23) mem 0x80029c78 0x00000557
core   0: 0x8000b3b6 (0x00792e23) sw      t2, 28(s2)
core   0: 3 0x8000b3b6 (0x00792e23) mem 0x80029c7c 0xffffffdd
core   0: 0x8000b3ba (0x02892023) sw      s0, 32(s2)
core   0: 3 0x8000b3ba (0x02892023) mem 0x80029c80 0x00000000
core   0: 0x8000b3be (0x02992223) sw      s1, 36(s2)
core   0: 3 0x8000b3be (0x02992223) mem 0x80029c84 0x00000000
core   0: 0x8000b3c2 (0x02a92423) sw      a0, 40(s2)
core   0: 3 0x8000b3c2 (0x02a92423) mem 0x80029c88 0x00000000
core   0: 0x8000b3c6 (0x02b92623) sw      a1, 44(s2)
core   0: 3 0x8000b3c6 (0x02b92623) mem 0x80029c8c 0x00000000
core   0: 0x8000b3ca (0x02c92823) sw      a2, 48(s2)
core   0: 3 0x8000b3ca (0x02c92823) mem 0x80029c90 0x800041a8
core   0: 0x8000b3ce (0x02d92a23) sw      a3, 52(s2)
core   0: 3 0x8000b3ce (0x02d92a23) mem 0x80029c94 0x00000000
core   0: 0x8000b3d2 (0x02e92c23) sw      a4, 56(s2)
core   0: 3 0x8000b3d2 (0x02e92c23) mem 0x80029c98 0x000000f8
core   0: 0x8000b3d6 (0x02f92e23) sw      a5, 60(s2)
core   0: 3 0x8000b3d6 (0x02f92e23) mem 0x80029c9c 0xffffff04
core   0: 0x8000b3da (0x05092023) sw      a6, 64(s2)
core   0: 3 0x8000b3da (0x05092023) mem 0x80029ca0 0x00000000
core   0: 0x8000b3de (0x05192223) sw      a7, 68(s2)
core   0: 3 0x8000b3de (0x05192223) mem 0x80029ca4 0x0bc3d6b4
core   0: 0x8000b3e2 (0x05292423) sw      s2, 72(s2)
core   0: 3 0x8000b3e2 (0x05292423) mem 0x80029ca8 0x80029c60
core   0: 0x8000b3e6 (0x05392623) sw      s3, 76(s2)
core   0: 3 0x8000b3e6 (0x05392623) mem 0x80029cac 0xdc660000
core   0: 0x8000b3ea (0x05492823) sw      s4, 80(s2)
core   0: 3 0x8000b3ea (0x05492823) mem 0x80029cb0 0x80029ce0
core   0: 0x8000b3ee (0x05592a23) sw      s5, 84(s2)
core   0: 3 0x8000b3ee (0x05592a23) mem 0x80029cb4 0xfffffb57
core   0: 0x8000b3f2 (0x05692c23) sw      s6, 88(s2)
core   0: 3 0x8000b3f2 (0x05692c23) mem 0x80029cb8 0xdc65fc68
core   0: 0x8000b3f6 (0x05792e23) sw      s7, 92(s2)
core   0: 3 0x8000b3f6 (0x05792e23) mem 0x80029cbc 0x00000000
core   0: 0x8000b3fa (0x07892023) sw      s8, 96(s2)
core   0: 3 0x8000b3fa (0x07892023) mem 0x80029cc0 0x00000000
core   0: 0x8000b3fe (0x07992223) sw      s9, 100(s2)
core   0: 3 0x8000b3fe (0x07992223) mem 0x80029cc4 0x00005000
core   0: 0x8000b402 (0x07a92423) sw      s10, 104(s2)
core   0: 3 0x8000b402 (0x07a92423) mem 0x80029cc8 0xfffffb57
core   0: 0x8000b406 (0x07b92623) sw      s11, 108(s2)
core   0: 3 0x8000b406 (0x07b92623) mem 0x80029ccc 0xffffff04
core   0: 0x8000b40a (0x07c92823) sw      t3, 112(s2)
core   0: 3 0x8000b40a (0x07c92823) mem 0x80029cd0 0x0aaca000
core   0: 0x8000b40e (0x07d92a23) sw      t4, 116(s2)
core   0: 3 0x8000b40e (0x07d92a23) mem 0x80029cd4 0x05e20738
core   0: 0x8000b412 (0x07e92c23) sw      t5, 120(s2)
core   0: 3 0x8000b412 (0x07e92c23) mem 0x80029cd8 0x00018000
core   0: 0x8000b416 (0x07f92e23) sw      t6, 124(s2)
core   0: 3 0x8000b416 (0x07f92e23) mem 0x80029cdc 0x5645512a
core   0: 0x8000b41a (0x00090a33) add     s4, s2, zero
core   0: 3 0x8000b41a (0x00090a33) x20 0x80029c60
core   0: 0x8000b41e (0x34102bf3) csrr    s7, mepc
core   0: 3 0x8000b41e (0x34102bf3) x23 0x800041aa
core   0: 0x8000b422 (0x34202bf3) csrr    s7, mcause
core   0: 3 0x8000b422 (0x34202bf3) x23 0x0000000b
core   0: 0x8000b426 (0x0000480d) c.li    a6, 3
core   0: 3 0x8000b426 (0x480d) x16 0x00000003
core   0: 0x8000b428 (0x290b8d63) beq     s7, a6, pc + 666
core   0: 3 0x8000b428 (0x290b8d63)
core   0: 0x8000b42c (0x00004821) c.li    a6, 8
core   0: 3 0x8000b42c (0x4821) x16 0x00000008
core   0: 0x8000b42e (0x050b8563) beq     s7, a6, pc + 74
core   0: 3 0x8000b42e (0x050b8563)
core   0: 0x8000b432 (0x00004825) c.li    a6, 9
core   0: 3 0x8000b432 (0x4825) x16 0x00000009
core   0: 0x8000b434 (0x050b8263) beq     s7, a6, pc + 68
core   0: 3 0x8000b434 (0x050b8263)
core   0: 0x8000b438 (0x0000482d) c.li    a6, 11
core   0: 3 0x8000b438 (0x482d) x16 0x0000000b
core   0: 0x8000b43a (0x030b8f63) beq     s7, a6, pc + 62
core   0: 3 0x8000b43a (0x030b8f63)
core   0: 0x8000b478 (0xffff5b97) auipc   s7, 0xffff5
core   0: 3 0x8000b478 (0xffff5b97) x23 0x80000478
core   0: 0x8000b47c (0xb88b8b93) addi    s7, s7, -1144
core   0: 3 0x8000b47c (0xb88b8b93) x23 0x80000000
core   0: 0x8000b480 (0x000ba023) sw      zero, 0(s7)
core   0: 3 0x8000b480 (0x000ba023) mem 0x80000000 0x00000000
core   0: 0x8000b484 (0x001ba223) sw      ra, 4(s7)
core   0: 3 0x8000b484 (0x001ba223) mem 0x80000004 0x8826d624
core   0: 0x8000b488 (0x002ba423) sw      sp, 8(s7)
core   0: 3 0x8000b488 (0x002ba423) mem 0x80000008 0x40013122
core   0: 0x8000b48c (0x003ba623) sw      gp, 12(s7)
core   0: 3 0x8000b48c (0x003ba623) mem 0x8000000c 0x00000001
core   0: 0x8000b490 (0x004ba823) sw      tp, 16(s7)
core   0: 3 0x8000b490 (0x004ba823) mem 0x80000010 0x00000000
core   0: 0x8000b494 (0x005baa23) sw      t0, 20(s7)
core   0: 3 0x8000b494 (0x005baa23) mem 0x80000014 0xffffffff
core   0: 0x8000b498 (0x006bac23) sw      t1, 24(s7)
core   0: 3 0x8000b498 (0x006bac23) mem 0x80000018 0x00000557
core   0: 0x8000b49c (0x007bae23) sw      t2, 28(s7)
core   0: 3 0x8000b49c (0x007bae23) mem 0x8000001c 0xffffffdd
core   0: 0x8000b4a0 (0x028ba023) sw      s0, 32(s7)
core   0: 3 0x8000b4a0 (0x028ba023) mem 0x80000020 0x00000000
core   0: 0x8000b4a4 (0x029ba223) sw      s1, 36(s7)
core   0: 3 0x8000b4a4 (0x029ba223) mem 0x80000024 0x00000000
core   0: 0x8000b4a8 (0x02aba423) sw      a0, 40(s7)
core   0: 3 0x8000b4a8 (0x02aba423) mem 0x80000028 0x00000000
core   0: 0x8000b4ac (0x02bba623) sw      a1, 44(s7)
core   0: 3 0x8000b4ac (0x02bba623) mem 0x8000002c 0x00000000
core   0: 0x8000b4b0 (0x02cba823) sw      a2, 48(s7)
core   0: 3 0x8000b4b0 (0x02cba823) mem 0x80000030 0x800041a8
core   0: 0x8000b4b4 (0x02dbaa23) sw      a3, 52(s7)
core   0: 3 0x8000b4b4 (0x02dbaa23) mem 0x80000034 0x00000000
core   0: 0x8000b4b8 (0x02ebac23) sw      a4, 56(s7)
core   0: 3 0x8000b4b8 (0x02ebac23) mem 0x80000038 0x000000f8
core   0: 0x8000b4bc (0x02fbae23) sw      a5, 60(s7)
core   0: 3 0x8000b4bc (0x02fbae23) mem 0x8000003c 0xffffff04
core   0: 0x8000b4c0 (0x050ba023) sw      a6, 64(s7)
core   0: 3 0x8000b4c0 (0x050ba023) mem 0x80000040 0x0000000b
core   0: 0x8000b4c4 (0x051ba223) sw      a7, 68(s7)
core   0: 3 0x8000b4c4 (0x051ba223) mem 0x80000044 0x0bc3d6b4
core   0: 0x8000b4c8 (0x052ba423) sw      s2, 72(s7)
core   0: 3 0x8000b4c8 (0x052ba423) mem 0x80000048 0x80029c60
core   0: 0x8000b4cc (0x053ba623) sw      s3, 76(s7)
core   0: 3 0x8000b4cc (0x053ba623) mem 0x8000004c 0xdc660000
core   0: 0x8000b4d0 (0x054ba823) sw      s4, 80(s7)
core   0: 3 0x8000b4d0 (0x054ba823) mem 0x80000050 0x80029c60
core   0: 0x8000b4d4 (0x055baa23) sw      s5, 84(s7)
core   0: 3 0x8000b4d4 (0x055baa23) mem 0x80000054 0xfffffb57
core   0: 0x8000b4d8 (0x056bac23) sw      s6, 88(s7)
core   0: 3 0x8000b4d8 (0x056bac23) mem 0x80000058 0xdc65fc68
core   0: 0x8000b4dc (0x057bae23) sw      s7, 92(s7)
core   0: 3 0x8000b4dc (0x057bae23) mem 0x8000005c 0x80000000
core   0: 0x8000b4e0 (0x078ba023) sw      s8, 96(s7)
core   0: 3 0x8000b4e0 (0x078ba023) mem 0x80000060 0x00000000
core   0: 0x8000b4e4 (0x079ba223) sw      s9, 100(s7)
core   0: 3 0x8000b4e4 (0x079ba223) mem 0x80000064 0x00005000
core   0: 0x8000b4e8 (0x07aba423) sw      s10, 104(s7)
core   0: 3 0x8000b4e8 (0x07aba423) mem 0x80000068 0xfffffb57
core   0: 0x8000b4ec (0x07bba623) sw      s11, 108(s7)
core   0: 3 0x8000b4ec (0x07bba623) mem 0x8000006c 0xffffff04
core   0: 0x8000b4f0 (0x07cba823) sw      t3, 112(s7)
core   0: 3 0x8000b4f0 (0x07cba823) mem 0x80000070 0x0aaca000
core   0: 0x8000b4f4 (0x07dbaa23) sw      t4, 116(s7)
core   0: 3 0x8000b4f4 (0x07dbaa23) mem 0x80000074 0x05e20738
core   0: 0x8000b4f8 (0x07ebac23) sw      t5, 120(s7)
core   0: 3 0x8000b4f8 (0x07ebac23) mem 0x80000078 0x00018000
core   0: 0x8000b4fc (0x07fbae23) sw      t6, 124(s7)
core   0: 3 0x8000b4fc (0x07fbae23) mem 0x8000007c 0x5645512a
core   0: 0x8000b500 (0xfffff617) auipc   a2, 0xfffff
core   0: 3 0x8000b500 (0xfffff617) x12 0x8000a500
core   0: 0x8000b504 (0x44a60613) addi    a2, a2, 1098
core   0: 3 0x8000b504 (0x44a60613) x12 0x8000a94a
core   0: 0x8000b508 (0x00060067) jr      a2
core   0: 3 0x8000b508 (0x00060067)
core   0: 0x8000a94a (0x00005f17) auipc   t5, 0x5
core   0: 3 0x8000a94a (0x00005f17) x30 0x8000f94a
core   0: 0x8000a94e (0x6a3f2b23) sw      gp, 1718(t5)
core   0: 3 0x8000a94e (0x6a3f2b23) mem 0x80010000 0x00000001
core   0: 0x8000a952 (0x0000bfe5) c.j     pc - 8
core   0: 3 0x8000a952 (0xbfe5)
core   0: 0x8000a94a (0x00005f17) auipc   t5, 0x5
core   0: 3 0x8000a94a (0x00005f17) x30 0x8000f94a
core   0: 0x8000a94e (0x6a3f2b23) sw      gp, 1718(t5)
core   0: 3 0x8000a94e (0x6a3f2b23) mem 0x80010000 0x00000001
core   0: 0x8000a952 (0x0000bfe5) c.j     pc - 8
core   0: 3 0x8000a952 (0xbfe5)
core   0: 0x8000a94a (0x00005f17) auipc   t5, 0x5
core   0: 3 0x8000a94a (0x00005f17) x30 0x8000f94a
core   0: 0x8000a94e (0x6a3f2b23) sw      gp, 1718(t5)
core   0: 3 0x8000a94e (0x6a3f2b23) mem 0x80010000 0x00000001
core   0: 0x8000a952 (0x0000bfe5) c.j     pc - 8
core   0: 3 0x8000a952 (0xbfe5)
core   0: 0x8000a94a (0x00005f17) auipc   t5, 0x5
core   0: 3 0x8000a94a (0x00005f17) x30 0x8000f94a
core   0: 0x8000a94e (0x6a3f2b23) sw      gp, 1718(t5)
core   0: 3 0x8000a94e (0x6a3f2b23) mem 0x80010000 0x00000001
core   0: 0x8000a952 (0x0000bfe5) c.j     pc - 8
core   0: 3 0x8000a952 (0xbfe5)
core   0: 0x8000a94a (0x00005f17) auipc   t5, 0x5
core   0: 3 0x8000a94a (0x00005f17) x30 0x8000f94a
core   0: 0x8000a94e (0x6a3f2b23) sw      gp, 1718(t5)
core   0: 3 0x8000a94e (0x6a3f2b23) mem 0x80010000 0x00000001
core   0: 0x8000a952 (0x0000bfe5) c.j     pc - 8
core   0: 3 0x8000a952 (0xbfe5)
core   0: 0x8000a94a (0x00005f17) auipc   t5, 0x5
core   0: 3 0x8000a94a (0x00005f17) x30 0x8000f94a
core   0: 0x8000a94e (0x6a3f2b23) sw      gp, 1718(t5)
core   0: 3 0x8000a94e (0x6a3f2b23) mem 0x80010000 0x00000001
core   0: 0x8000a952 (0x0000bfe5) c.j     pc - 8
core   0: 3 0x8000a952 (0xbfe5)
core   0: 0x8000a94a (0x00005f17) auipc   t5, 0x5
core   0: 3 0x8000a94a (0x00005f17) x30 0x8000f94a
core   0: 0x8000a94e (0x6a3f2b23) sw      gp, 1718(t5)
core   0: 3 0x8000a94e (0x6a3f2b23) mem 0x80010000 0x00000001
core   0: 0x8000a952 (0x0000bfe5) c.j     pc - 8
core   0: 3 0x8000a952 (0xbfe5)
core   0: 0x8000a94a (0x00005f17) auipc   t5, 0x5
core   0: 3 0x8000a94a (0x00005f17) x30 0x8000f94a
core   0: 0x8000a94e (0x6a3f2b23) sw      gp, 1718(t5)
core   0: 3 0x8000a94e (0x6a3f2b23) mem 0x80010000 0x00000001
core   0: 0x8000a952 (0x0000bfe5) c.j     pc - 8
core   0: 3 0x8000a952 (0xbfe5)
core   0: 0x8000a94a (0x00005f17) auipc   t5, 0x5
core   0: 3 0x8000a94a (0x00005f17) x30 0x8000f94a
core   0: 0x8000a94e (0x6a3f2b23) sw      gp, 1718(t5)
core   0: 3 0x8000a94e (0x6a3f2b23) mem 0x80010000 0x00000001
core   0: 0x8000a952 (0x0000bfe5) c.j     pc - 8
core   0: 3 0x8000a952 (0xbfe5)
core   0: 0x8000a94a (0x00005f17) auipc   t5, 0x5
core   0: 3 0x8000a94a (0x00005f17) x30 0x8000f94a
core   0: 0x8000a94e (0x6a3f2b23) sw      gp, 1718(t5)
core   0: 3 0x8000a94e (0x6a3f2b23) mem 0x80010000 0x00000001
core   0: 0x8000a952 (0x0000bfe5) c.j     pc - 8
core   0: 3 0x8000a952 (0xbfe5)
core   0: 0x8000a94a (0x00005f17) auipc   t5, 0x5
core   0: 3 0x8000a94a (0x00005f17) x30 0x8000f94a
core   0: 0x8000a94e (0x6a3f2b23) sw      gp, 1718(t5)
core   0: 3 0x8000a94e (0x6a3f2b23) mem 0x80010000 0x00000001
core   0: 0x8000a952 (0x0000bfe5) c.j     pc - 8
core   0: 3 0x8000a952 (0xbfe5)
core   0: 0x8000a94a (0x00005f17) auipc   t5, 0x5
core   0: 3 0x8000a94a (0x00005f17) x30 0x8000f94a
core   0: 0x8000a94e (0x6a3f2b23) sw      gp, 1718(t5)
core   0: 3 0x8000a94e (0x6a3f2b23) mem 0x80010000 0x00000001
core   0: 0x8000a952 (0x0000bfe5) c.j     pc - 8
core   0: 3 0x8000a952 (0xbfe5)
core   0: 0x8000a94a (0x00005f17) auipc   t5, 0x5
core   0: 3 0x8000a94a (0x00005f17) x30 0x8000f94a
core   0: 0x8000a94e (0x6a3f2b23) sw      gp, 1718(t5)
core   0: 3 0x8000a94e (0x6a3f2b23) mem 0x80010000 0x00000001
core   0: 0x8000a952 (0x0000bfe5) c.j     pc - 8
core   0: 3 0x8000a952 (0xbfe5)
core   0: 0x8000a94a (0x00005f17) auipc   t5, 0x5
core   0: 3 0x8000a94a (0x00005f17) x30 0x8000f94a
core   0: 0x8000a94e (0x6a3f2b23) sw      gp, 1718(t5)
core   0: 3 0x8000a94e (0x6a3f2b23) mem 0x80010000 0x00000001
core   0: 0x8000a952 (0x0000bfe5) c.j     pc - 8
core   0: 3 0x8000a952 (0xbfe5)
core   0: 0x8000a94a (0x00005f17) auipc   t5, 0x5
core   0: 3 0x8000a94a (0x00005f17) x30 0x8000f94a
core   0: 0x8000a94e (0x6a3f2b23) sw      gp, 1718(t5)
core   0: 3 0x8000a94e (0x6a3f2b23) mem 0x80010000 0x00000001
core   0: 0x8000a952 (0x0000bfe5) c.j     pc - 8
core   0: 3 0x8000a952 (0xbfe5)
core   0: 0x8000a94a (0x00005f17) auipc   t5, 0x5
core   0: 3 0x8000a94a (0x00005f17) x30 0x8000f94a
core   0: 0x8000a94e (0x6a3f2b23) sw      gp, 1718(t5)
core   0: 3 0x8000a94e (0x6a3f2b23) mem 0x80010000 0x00000001
core   0: 0x8000a952 (0x0000bfe5) c.j     pc - 8
core   0: 3 0x8000a952 (0xbfe5)
core   0: 0x8000a94a (0x00005f17) auipc   t5, 0x5
core   0: 3 0x8000a94a (0x00005f17) x30 0x8000f94a
core   0: 0x8000a94e (0x6a3f2b23) sw      gp, 1718(t5)
core   0: 3 0x8000a94e (0x6a3f2b23) mem 0x80010000 0x00000001
core   0: 0x8000a952 (0x0000bfe5) c.j     pc - 8
core   0: 3 0x8000a952 (0xbfe5)
core   0: 0x8000a94a (0x00005f17) auipc   t5, 0x5
core   0: 3 0x8000a94a (0x00005f17) x30 0x8000f94a
core   0: 0x8000a94e (0x6a3f2b23) sw      gp, 1718(t5)
core   0: 3 0x8000a94e (0x6a3f2b23) mem 0x80010000 0x00000001
core   0: 0x8000a952 (0x0000bfe5) c.j     pc - 8
core   0: 3 0x8000a952 (0xbfe5)
core   0: 0x8000a94a (0x00005f17) auipc   t5, 0x5
core   0: 3 0x8000a94a (0x00005f17) x30 0x8000f94a
core   0: 0x8000a94e (0x6a3f2b23) sw      gp, 1718(t5)
core   0: 3 0x8000a94e (0x6a3f2b23) mem 0x80010000 0x00000001
core   0: 0x8000a952 (0x0000bfe5) c.j     pc - 8
core   0: 3 0x8000a952 (0xbfe5)
core   0: 0x8000a94a (0x00005f17) auipc   t5, 0x5
core   0: 3 0x8000a94a (0x00005f17) x30 0x8000f94a
core   0: 0x8000a94e (0x6a3f2b23) sw      gp, 1718(t5)
core   0: 3 0x8000a94e (0x6a3f2b23) mem 0x80010000 0x00000001
core   0: 0x8000a952 (0x0000bfe5) c.j     pc - 8
core   0: 3 0x8000a952 (0xbfe5)
core   0: 0x8000a94a (0x00005f17) auipc   t5, 0x5
core   0: 3 0x8000a94a (0x00005f17) x30 0x8000f94a
core   0: 0x8000a94e (0x6a3f2b23) sw      gp, 1718(t5)
core   0: 3 0x8000a94e (0x6a3f2b23) mem 0x80010000 0x00000001
core   0: 0x8000a952 (0x0000bfe5) c.j     pc - 8
core   0: 3 0x8000a952 (0xbfe5)
core   0: 0x8000a94a (0x00005f17) auipc   t5, 0x5
core   0: 3 0x8000a94a (0x00005f17) x30 0x8000f94a
core   0: 0x8000a94e (0x6a3f2b23) sw      gp, 1718(t5)
core   0: 3 0x8000a94e (0x6a3f2b23) mem 0x80010000 0x00000001
core   0: 0x8000a952 (0x0000bfe5) c.j     pc - 8
core   0: 3 0x8000a952 (0xbfe5)
core   0: 0x8000a94a (0x00005f17) auipc   t5, 0x5
core   0: 3 0x8000a94a (0x00005f17) x30 0x8000f94a
core   0: 0x8000a94e (0x6a3f2b23) sw      gp, 1718(t5)
core   0: 3 0x8000a94e (0x6a3f2b23) mem 0x80010000 0x00000001
core   0: 0x8000a952 (0x0000bfe5) c.j     pc - 8
core   0: 3 0x8000a952 (0xbfe5)
core   0: 0x8000a94a (0x00005f17) auipc   t5, 0x5
core   0: 3 0x8000a94a (0x00005f17) x30 0x8000f94a
core   0: 0x8000a94e (0x6a3f2b23) sw      gp, 1718(t5)
core   0: 3 0x8000a94e (0x6a3f2b23) mem 0x80010000 0x00000001
core   0: 0x8000a952 (0x0000bfe5) c.j     pc - 8
core   0: 3 0x8000a952 (0xbfe5)
core   0: 0x8000a94a (0x00005f17) auipc   t5, 0x5
core   0: 3 0x8000a94a (0x00005f17) x30 0x8000f94a
core   0: 0x8000a94e (0x6a3f2b23) sw      gp, 1718(t5)
core   0: 3 0x8000a94e (0x6a3f2b23) mem 0x80010000 0x00000001
core   0: 0x8000a952 (0x0000bfe5) c.j     pc - 8
core   0: 3 0x8000a952 (0xbfe5)
core   0: 0x8000a94a (0x00005f17) auipc   t5, 0x5
core   0: 3 0x8000a94a (0x00005f17) x30 0x8000f94a
core   0: 0x8000a94e (0x6a3f2b23) sw      gp, 1718(t5)
core   0: 3 0x8000a94e (0x6a3f2b23) mem 0x80010000 0x00000001
core   0: 0x8000a952 (0x0000bfe5) c.j     pc - 8
core   0: 3 0x8000a952 (0xbfe5)
core   0: 0x8000a94a (0x00005f17) auipc   t5, 0x5
core   0: 3 0x8000a94a (0x00005f17) x30 0x8000f94a
core   0: 0x8000a94e (0x6a3f2b23) sw      gp, 1718(t5)
core   0: 3 0x8000a94e (0x6a3f2b23) mem 0x80010000 0x00000001
core   0: 0x8000a952 (0x0000bfe5) c.j     pc - 8
core   0: 3 0x8000a952 (0xbfe5)
core   0: 0x8000a94a (0x00005f17) auipc   t5, 0x5
core   0: 3 0x8000a94a (0x00005f17) x30 0x8000f94a
core   0: 0x8000a94e (0x6a3f2b23) sw      gp, 1718(t5)
core   0: 3 0x8000a94e (0x6a3f2b23) mem 0x80010000 0x00000001
core   0: 0x8000a952 (0x0000bfe5) c.j     pc - 8
core   0: 3 0x8000a952 (0xbfe5)
core   0: 0x8000a94a (0x00005f17) auipc   t5, 0x5
core   0: 3 0x8000a94a (0x00005f17) x30 0x8000f94a
core   0: 0x8000a94e (0x6a3f2b23) sw      gp, 1718(t5)
core   0: 3 0x8000a94e (0x6a3f2b23) mem 0x80010000 0x00000001
core   0: 0x8000a952 (0x0000bfe5) c.j     pc - 8
core   0: 3 0x8000a952 (0xbfe5)
core   0: 0x8000a94a (0x00005f17) auipc   t5, 0x5
core   0: 3 0x8000a94a (0x00005f17) x30 0x8000f94a
core   0: 0x8000a94e (0x6a3f2b23) sw      gp, 1718(t5)
core   0: 3 0x8000a94e (0x6a3f2b23) mem 0x80010000 0x00000001
core   0: 0x8000a952 (0x0000bfe5) c.j     pc - 8
core   0: 3 0x8000a952 (0xbfe5)
core   0: 0x8000a94a (0x00005f17) auipc   t5, 0x5
core   0: 3 0x8000a94a (0x00005f17) x30 0x8000f94a
core   0: 0x8000a94e (0x6a3f2b23) sw      gp, 1718(t5)
core   0: 3 0x8000a94e (0x6a3f2b23) mem 0x80010000 0x00000001
core   0: 0x8000a952 (0x0000bfe5) c.j     pc - 8
core   0: 3 0x8000a952 (0xbfe5)
core   0: 0x8000a94a (0x00005f17) auipc   t5, 0x5
core   0: 3 0x8000a94a (0x00005f17) x30 0x8000f94a
core   0: 0x8000a94e (0x6a3f2b23) sw      gp, 1718(t5)
core   0: 3 0x8000a94e (0x6a3f2b23) mem 0x80010000 0x00000001
core   0: 0x8000a952 (0x0000bfe5) c.j     pc - 8
core   0: 3 0x8000a952 (0xbfe5)
core   0: 0x8000a94a (0x00005f17) auipc   t5, 0x5
core   0: 3 0x8000a94a (0x00005f17) x30 0x8000f94a
core   0: 0x8000a94e (0x6a3f2b23) sw      gp, 1718(t5)
core   0: 3 0x8000a94e (0x6a3f2b23) mem 0x80010000 0x00000001
core   0: 0x8000a952 (0x0000bfe5) c.j     pc - 8
core   0: 3 0x8000a952 (0xbfe5)
core   0: 0x8000a94a (0x00005f17) auipc   t5, 0x5
core   0: 3 0x8000a94a (0x00005f17) x30 0x8000f94a
core   0: 0x8000a94e (0x6a3f2b23) sw      gp, 1718(t5)
core   0: 3 0x8000a94e (0x6a3f2b23) mem 0x80010000 0x00000001
core   0: 0x8000a952 (0x0000bfe5) c.j     pc - 8
core   0: 3 0x8000a952 (0xbfe5)
core   0: 0x8000a94a (0x00005f17) auipc   t5, 0x5
core   0: 3 0x8000a94a (0x00005f17) x30 0x8000f94a
core   0: 0x8000a94e (0x6a3f2b23) sw      gp, 1718(t5)
core   0: 3 0x8000a94e (0x6a3f2b23) mem 0x80010000 0x00000001
core   0: 0x8000a952 (0x0000bfe5) c.j     pc - 8
core   0: 3 0x8000a952 (0xbfe5)
core   0: 0x8000a94a (0x00005f17) auipc   t5, 0x5
core   0: 3 0x8000a94a (0x00005f17) x30 0x8000f94a
core   0: 0x8000a94e (0x6a3f2b23) sw      gp, 1718(t5)
core   0: 3 0x8000a94e (0x6a3f2b23) mem 0x80010000 0x00000001
core   0: 0x8000a952 (0x0000bfe5) c.j     pc - 8
core   0: 3 0x8000a952 (0xbfe5)
core   0: 0x8000a94a (0x00005f17) auipc   t5, 0x5
core   0: 3 0x8000a94a (0x00005f17) x30 0x8000f94a
core   0: 0x8000a94e (0x6a3f2b23) sw      gp, 1718(t5)
core   0: 3 0x8000a94e (0x6a3f2b23) mem 0x80010000 0x00000001
core   0: 0x8000a952 (0x0000bfe5) c.j     pc - 8
core   0: 3 0x8000a952 (0xbfe5)
core   0: 0x8000a94a (0x00005f17) auipc   t5, 0x5
core   0: 3 0x8000a94a (0x00005f17) x30 0x8000f94a
core   0: 0x8000a94e (0x6a3f2b23) sw      gp, 1718(t5)
core   0: 3 0x8000a94e (0x6a3f2b23) mem 0x80010000 0x00000001
core   0: 0x8000a952 (0x0000bfe5) c.j     pc - 8
core   0: 3 0x8000a952 (0xbfe5)
core   0: 0x8000a94a (0x00005f17) auipc   t5, 0x5
core   0: 3 0x8000a94a (0x00005f17) x30 0x8000f94a
core   0: 0x8000a94e (0x6a3f2b23) sw      gp, 1718(t5)
core   0: 3 0x8000a94e (0x6a3f2b23) mem 0x80010000 0x00000001
core   0: 0x8000a952 (0x0000bfe5) c.j     pc - 8
core   0: 3 0x8000a952 (0xbfe5)
core   0: 0x8000a94a (0x00005f17) auipc   t5, 0x5
core   0: 3 0x8000a94a (0x00005f17) x30 0x8000f94a
core   0: 0x8000a94e (0x6a3f2b23) sw      gp, 1718(t5)
core   0: 3 0x8000a94e (0x6a3f2b23) mem 0x80010000 0x00000001
core   0: 0x8000a952 (0x0000bfe5) c.j     pc - 8
core   0: 3 0x8000a952 (0xbfe5)
core   0: 0x8000a94a (0x00005f17) auipc   t5, 0x5
core   0: 3 0x8000a94a (0x00005f17) x30 0x8000f94a
core   0: 0x8000a94e (0x6a3f2b23) sw      gp, 1718(t5)
core   0: 3 0x8000a94e (0x6a3f2b23) mem 0x80010000 0x00000001
core   0: 0x8000a952 (0x0000bfe5) c.j     pc - 8
core   0: 3 0x8000a952 (0xbfe5)
core   0: 0x8000a94a (0x00005f17) auipc   t5, 0x5
core   0: 3 0x8000a94a (0x00005f17) x30 0x8000f94a
core   0: 0x8000a94e (0x6a3f2b23) sw      gp, 1718(t5)
core   0: 3 0x8000a94e (0x6a3f2b23) mem 0x80010000 0x00000001
core   0: 0x8000a952 (0x0000bfe5) c.j     pc - 8
core   0: 3 0x8000a952 (0xbfe5)
core   0: 0x8000a94a (0x00005f17) auipc   t5, 0x5
core   0: 3 0x8000a94a (0x00005f17) x30 0x8000f94a
core   0: 0x8000a94e (0x6a3f2b23) sw      gp, 1718(t5)
core   0: 3 0x8000a94e (0x6a3f2b23) mem 0x80010000 0x00000001
core   0: 0x8000a952 (0x0000bfe5) c.j     pc - 8
core   0: 3 0x8000a952 (0xbfe5)
core   0: 0x8000a94a (0x00005f17) auipc   t5, 0x5
core   0: 3 0x8000a94a (0x00005f17) x30 0x8000f94a
core   0: 0x8000a94e (0x6a3f2b23) sw      gp, 1718(t5)
core   0: 3 0x8000a94e (0x6a3f2b23) mem 0x80010000 0x00000001
core   0: 0x8000a952 (0x0000bfe5) c.j     pc - 8
core   0: 3 0x8000a952 (0xbfe5)
core   0: 0x8000a94a (0x00005f17) auipc   t5, 0x5
core   0: 3 0x8000a94a (0x00005f17) x30 0x8000f94a
core   0: 0x8000a94e (0x6a3f2b23) sw      gp, 1718(t5)
core   0: 3 0x8000a94e (0x6a3f2b23) mem 0x80010000 0x00000001
core   0: 0x8000a952 (0x0000bfe5) c.j     pc - 8
core   0: 3 0x8000a952 (0xbfe5)
core   0: 0x8000a94a (0x00005f17) auipc   t5, 0x5
core   0: 3 0x8000a94a (0x00005f17) x30 0x8000f94a
core   0: 0x8000a94e (0x6a3f2b23) sw      gp, 1718(t5)
core   0: 3 0x8000a94e (0x6a3f2b23) mem 0x80010000 0x00000001
core   0: 0x8000a952 (0x0000bfe5) c.j     pc - 8
core   0: 3 0x8000a952 (0xbfe5)
core   0: 0x8000a94a (0x00005f17) auipc   t5, 0x5
core   0: 3 0x8000a94a (0x00005f17) x30 0x8000f94a
core   0: 0x8000a94e (0x6a3f2b23) sw      gp, 1718(t5)
core   0: 3 0x8000a94e (0x6a3f2b23) mem 0x80010000 0x00000001
core   0: 0x8000a952 (0x0000bfe5) c.j     pc - 8
core   0: 3 0x8000a952 (0xbfe5)
core   0: 0x8000a94a (0x00005f17) auipc   t5, 0x5
core   0: 3 0x8000a94a (0x00005f17) x30 0x8000f94a
core   0: 0x8000a94e (0x6a3f2b23) sw      gp, 1718(t5)
core   0: 3 0x8000a94e (0x6a3f2b23) mem 0x80010000 0x00000001
core   0: 0x8000a952 (0x0000bfe5) c.j     pc - 8
core   0: 3 0x8000a952 (0xbfe5)
core   0: 0x8000a94a (0x00005f17) auipc   t5, 0x5
core   0: 3 0x8000a94a (0x00005f17) x30 0x8000f94a
core   0: 0x8000a94e (0x6a3f2b23) sw      gp, 1718(t5)
core   0: 3 0x8000a94e (0x6a3f2b23) mem 0x80010000 0x00000001
core   0: 0x8000a952 (0x0000bfe5) c.j     pc - 8
core   0: 3 0x8000a952 (0xbfe5)
core   0: 0x8000a94a (0x00005f17) auipc   t5, 0x5
core   0: 3 0x8000a94a (0x00005f17) x30 0x8000f94a
core   0: 0x8000a94e (0x6a3f2b23) sw      gp, 1718(t5)
core   0: 3 0x8000a94e (0x6a3f2b23) mem 0x80010000 0x00000001
core   0: 0x8000a952 (0x0000bfe5) c.j     pc - 8
core   0: 3 0x8000a952 (0xbfe5)
core   0: 0x8000a94a (0x00005f17) auipc   t5, 0x5
core   0: 3 0x8000a94a (0x00005f17) x30 0x8000f94a
core   0: 0x8000a94e (0x6a3f2b23) sw      gp, 1718(t5)
core   0: 3 0x8000a94e (0x6a3f2b23) mem 0x80010000 0x00000001
core   0: 0x8000a952 (0x0000bfe5) c.j     pc - 8
core   0: 3 0x8000a952 (0xbfe5)
core   0: 0x8000a94a (0x00005f17) auipc   t5, 0x5
core   0: 3 0x8000a94a (0x00005f17) x30 0x8000f94a
core   0: 0x8000a94e (0x6a3f2b23) sw      gp, 1718(t5)
core   0: 3 0x8000a94e (0x6a3f2b23) mem 0x80010000 0x00000001
core   0: 0x8000a952 (0x0000bfe5) c.j     pc - 8
core   0: 3 0x8000a952 (0xbfe5)
core   0: 0x8000a94a (0x00005f17) auipc   t5, 0x5
core   0: 3 0x8000a94a (0x00005f17) x30 0x8000f94a
core   0: 0x8000a94e (0x6a3f2b23) sw      gp, 1718(t5)
core   0: 3 0x8000a94e (0x6a3f2b23) mem 0x80010000 0x00000001
core   0: 0x8000a952 (0x0000bfe5) c.j     pc - 8
core   0: 3 0x8000a952 (0xbfe5)
core   0: 0x8000a94a (0x00005f17) auipc   t5, 0x5
core   0: 3 0x8000a94a (0x00005f17) x30 0x8000f94a
core   0: 0x8000a94e (0x6a3f2b23) sw      gp, 1718(t5)
core   0: 3 0x8000a94e (0x6a3f2b23) mem 0x80010000 0x00000001
core   0: 0x8000a952 (0x0000bfe5) c.j     pc - 8
core   0: 3 0x8000a952 (0xbfe5)
core   0: 0x8000a94a (0x00005f17) auipc   t5, 0x5
core   0: 3 0x8000a94a (0x00005f17) x30 0x8000f94a
core   0: 0x8000a94e (0x6a3f2b23) sw      gp, 1718(t5)
core   0: 3 0x8000a94e (0x6a3f2b23) mem 0x80010000 0x00000001
core   0: 0x8000a952 (0x0000bfe5) c.j     pc - 8
core   0: 3 0x8000a952 (0xbfe5)
core   0: 0x8000a94a (0x00005f17) auipc   t5, 0x5
core   0: 3 0x8000a94a (0x00005f17) x30 0x8000f94a
core   0: 0x8000a94e (0x6a3f2b23) sw      gp, 1718(t5)
core   0: 3 0x8000a94e (0x6a3f2b23) mem 0x80010000 0x00000001
core   0: 0x8000a952 (0x0000bfe5) c.j     pc - 8
core   0: 3 0x8000a952 (0xbfe5)
core   0: 0x8000a94a (0x00005f17) auipc   t5, 0x5
core   0: 3 0x8000a94a (0x00005f17) x30 0x8000f94a
core   0: 0x8000a94e (0x6a3f2b23) sw      gp, 1718(t5)
core   0: 3 0x8000a94e (0x6a3f2b23) mem 0x80010000 0x00000001
core   0: 0x8000a952 (0x0000bfe5) c.j     pc - 8
core   0: 3 0x8000a952 (0xbfe5)
core   0: 0x8000a94a (0x00005f17) auipc   t5, 0x5
core   0: 3 0x8000a94a (0x00005f17) x30 0x8000f94a
core   0: 0x8000a94e (0x6a3f2b23) sw      gp, 1718(t5)
core   0: 3 0x8000a94e (0x6a3f2b23) mem 0x80010000 0x00000001
core   0: 0x8000a952 (0x0000bfe5) c.j     pc - 8
core   0: 3 0x8000a952 (0xbfe5)
core   0: 0x8000a94a (0x00005f17) auipc   t5, 0x5
core   0: 3 0x8000a94a (0x00005f17) x30 0x8000f94a
core   0: 0x8000a94e (0x6a3f2b23) sw      gp, 1718(t5)
core   0: 3 0x8000a94e (0x6a3f2b23) mem 0x80010000 0x00000001
core   0: 0x8000a952 (0x0000bfe5) c.j     pc - 8
core   0: 3 0x8000a952 (0xbfe5)
core   0: 0x8000a94a (0x00005f17) auipc   t5, 0x5
core   0: 3 0x8000a94a (0x00005f17) x30 0x8000f94a
core   0: 0x8000a94e (0x6a3f2b23) sw      gp, 1718(t5)
core   0: 3 0x8000a94e (0x6a3f2b23) mem 0x80010000 0x00000001
core   0: 0x8000a952 (0x0000bfe5) c.j     pc - 8
core   0: 3 0x8000a952 (0xbfe5)
core   0: 0x8000a94a (0x00005f17) auipc   t5, 0x5
core   0: 3 0x8000a94a (0x00005f17) x30 0x8000f94a
core   0: 0x8000a94e (0x6a3f2b23) sw      gp, 1718(t5)
core   0: 3 0x8000a94e (0x6a3f2b23) mem 0x80010000 0x00000001
core   0: 0x8000a952 (0x0000bfe5) c.j     pc - 8
core   0: 3 0x8000a952 (0xbfe5)
core   0: 0x8000a94a (0x00005f17) auipc   t5, 0x5
core   0: 3 0x8000a94a (0x00005f17) x30 0x8000f94a
core   0: 0x8000a94e (0x6a3f2b23) sw      gp, 1718(t5)
core   0: 3 0x8000a94e (0x6a3f2b23) mem 0x80010000 0x00000001
core   0: 0x8000a952 (0x0000bfe5) c.j     pc - 8
core   0: 3 0x8000a952 (0xbfe5)
core   0: 0x8000a94a (0x00005f17) auipc   t5, 0x5
core   0: 3 0x8000a94a (0x00005f17) x30 0x8000f94a
core   0: 0x8000a94e (0x6a3f2b23) sw      gp, 1718(t5)
core   0: 3 0x8000a94e (0x6a3f2b23) mem 0x80010000 0x00000001
core   0: 0x8000a952 (0x0000bfe5) c.j     pc - 8
core   0: 3 0x8000a952 (0xbfe5)
core   0: 0x8000a94a (0x00005f17) auipc   t5, 0x5
core   0: 3 0x8000a94a (0x00005f17) x30 0x8000f94a
core   0: 0x8000a94e (0x6a3f2b23) sw      gp, 1718(t5)
core   0: 3 0x8000a94e (0x6a3f2b23) mem 0x80010000 0x00000001
core   0: 0x8000a952 (0x0000bfe5) c.j     pc - 8
core   0: 3 0x8000a952 (0xbfe5)
core   0: 0x8000a94a (0x00005f17) auipc   t5, 0x5
core   0: 3 0x8000a94a (0x00005f17) x30 0x8000f94a
core   0: 0x8000a94e (0x6a3f2b23) sw      gp, 1718(t5)
core   0: 3 0x8000a94e (0x6a3f2b23) mem 0x80010000 0x00000001
core   0: 0x8000a952 (0x0000bfe5) c.j     pc - 8
core   0: 3 0x8000a952 (0xbfe5)
core   0: 0x8000a94a (0x00005f17) auipc   t5, 0x5
core   0: 3 0x8000a94a (0x00005f17) x30 0x8000f94a
core   0: 0x8000a94e (0x6a3f2b23) sw      gp, 1718(t5)
core   0: 3 0x8000a94e (0x6a3f2b23) mem 0x80010000 0x00000001
core   0: 0x8000a952 (0x0000bfe5) c.j     pc - 8
core   0: 3 0x8000a952 (0xbfe5)
core   0: 0x8000a94a (0x00005f17) auipc   t5, 0x5
core   0: 3 0x8000a94a (0x00005f17) x30 0x8000f94a
core   0: 0x8000a94e (0x6a3f2b23) sw      gp, 1718(t5)
core   0: 3 0x8000a94e (0x6a3f2b23) mem 0x80010000 0x00000001
core   0: 0x8000a952 (0x0000bfe5) c.j     pc - 8
core   0: 3 0x8000a952 (0xbfe5)
core   0: 0x8000a94a (0x00005f17) auipc   t5, 0x5
core   0: 3 0x8000a94a (0x00005f17) x30 0x8000f94a
core   0: 0x8000a94e (0x6a3f2b23) sw      gp, 1718(t5)
core   0: 3 0x8000a94e (0x6a3f2b23) mem 0x80010000 0x00000001
core   0: 0x8000a952 (0x0000bfe5) c.j     pc - 8
core   0: 3 0x8000a952 (0xbfe5)
core   0: 0x8000a94a (0x00005f17) auipc   t5, 0x5
core   0: 3 0x8000a94a (0x00005f17) x30 0x8000f94a
core   0: 0x8000a94e (0x6a3f2b23) sw      gp, 1718(t5)
core   0: 3 0x8000a94e (0x6a3f2b23) mem 0x80010000 0x00000001
core   0: 0x8000a952 (0x0000bfe5) c.j     pc - 8
core   0: 3 0x8000a952 (0xbfe5)
core   0: 0x8000a94a (0x00005f17) auipc   t5, 0x5
core   0: 3 0x8000a94a (0x00005f17) x30 0x8000f94a
core   0: 0x8000a94e (0x6a3f2b23) sw      gp, 1718(t5)
core   0: 3 0x8000a94e (0x6a3f2b23) mem 0x80010000 0x00000001
core   0: 0x8000a952 (0x0000bfe5) c.j     pc - 8
core   0: 3 0x8000a952 (0xbfe5)
core   0: 0x8000a94a (0x00005f17) auipc   t5, 0x5
core   0: 3 0x8000a94a (0x00005f17) x30 0x8000f94a
core   0: 0x8000a94e (0x6a3f2b23) sw      gp, 1718(t5)
core   0: 3 0x8000a94e (0x6a3f2b23) mem 0x80010000 0x00000001
core   0: 0x8000a952 (0x0000bfe5) c.j     pc - 8
core   0: 3 0x8000a952 (0xbfe5)
core   0: 0x8000a94a (0x00005f17) auipc   t5, 0x5
core   0: 3 0x8000a94a (0x00005f17) x30 0x8000f94a
core   0: 0x8000a94e (0x6a3f2b23) sw      gp, 1718(t5)
core   0: 3 0x8000a94e (0x6a3f2b23) mem 0x80010000 0x00000001
core   0: 0x8000a952 (0x0000bfe5) c.j     pc - 8
core   0: 3 0x8000a952 (0xbfe5)
core   0: 0x8000a94a (0x00005f17) auipc   t5, 0x5
core   0: 3 0x8000a94a (0x00005f17) x30 0x8000f94a
core   0: 0x8000a94e (0x6a3f2b23) sw      gp, 1718(t5)
core   0: 3 0x8000a94e (0x6a3f2b23) mem 0x80010000 0x00000001
core   0: 0x8000a952 (0x0000bfe5) c.j     pc - 8
core   0: 3 0x8000a952 (0xbfe5)
core   0: 0x8000a94a (0x00005f17) auipc   t5, 0x5
core   0: 3 0x8000a94a (0x00005f17) x30 0x8000f94a
core   0: 0x8000a94e (0x6a3f2b23) sw      gp, 1718(t5)
core   0: 3 0x8000a94e (0x6a3f2b23) mem 0x80010000 0x00000001
core   0: 0x8000a952 (0x0000bfe5) c.j     pc - 8
core   0: 3 0x8000a952 (0xbfe5)
core   0: 0x8000a94a (0x00005f17) auipc   t5, 0x5
core   0: 3 0x8000a94a (0x00005f17) x30 0x8000f94a
core   0: 0x8000a94e (0x6a3f2b23) sw      gp, 1718(t5)
core   0: 3 0x8000a94e (0x6a3f2b23) mem 0x80010000 0x00000001
core   0: 0x8000a952 (0x0000bfe5) c.j     pc - 8
core   0: 3 0x8000a952 (0xbfe5)
core   0: 0x8000a94a (0x00005f17) auipc   t5, 0x5
core   0: 3 0x8000a94a (0x00005f17) x30 0x8000f94a
core   0: 0x8000a94e (0x6a3f2b23) sw      gp, 1718(t5)
core   0: 3 0x8000a94e (0x6a3f2b23) mem 0x80010000 0x00000001
core   0: 0x8000a952 (0x0000bfe5) c.j     pc - 8
core   0: 3 0x8000a952 (0xbfe5)
core   0: 0x8000a94a (0x00005f17) auipc   t5, 0x5
core   0: 3 0x8000a94a (0x00005f17) x30 0x8000f94a
core   0: 0x8000a94e (0x6a3f2b23) sw      gp, 1718(t5)
core   0: 3 0x8000a94e (0x6a3f2b23) mem 0x80010000 0x00000001
core   0: 0x8000a952 (0x0000bfe5) c.j     pc - 8
core   0: 3 0x8000a952 (0xbfe5)
core   0: 0x8000a94a (0x00005f17) auipc   t5, 0x5
core   0: 3 0x8000a94a (0x00005f17) x30 0x8000f94a
core   0: 0x8000a94e (0x6a3f2b23) sw      gp, 1718(t5)
core   0: 3 0x8000a94e (0x6a3f2b23) mem 0x80010000 0x00000001
core   0: 0x8000a952 (0x0000bfe5) c.j     pc - 8
core   0: 3 0x8000a952 (0xbfe5)
core   0: 0x8000a94a (0x00005f17) auipc   t5, 0x5
core   0: 3 0x8000a94a (0x00005f17) x30 0x8000f94a
core   0: 0x8000a94e (0x6a3f2b23) sw      gp, 1718(t5)
core   0: 3 0x8000a94e (0x6a3f2b23) mem 0x80010000 0x00000001
core   0: 0x8000a952 (0x0000bfe5) c.j     pc - 8
core   0: 3 0x8000a952 (0xbfe5)
core   0: 0x8000a94a (0x00005f17) auipc   t5, 0x5
core   0: 3 0x8000a94a (0x00005f17) x30 0x8000f94a
core   0: 0x8000a94e (0x6a3f2b23) sw      gp, 1718(t5)
core   0: 3 0x8000a94e (0x6a3f2b23) mem 0x80010000 0x00000001
core   0: 0x8000a952 (0x0000bfe5) c.j     pc - 8
core   0: 3 0x8000a952 (0xbfe5)
core   0: 0x8000a94a (0x00005f17) auipc   t5, 0x5
core   0: 3 0x8000a94a (0x00005f17) x30 0x8000f94a
core   0: 0x8000a94e (0x6a3f2b23) sw      gp, 1718(t5)
core   0: 3 0x8000a94e (0x6a3f2b23) mem 0x80010000 0x00000001
core   0: 0x8000a952 (0x0000bfe5) c.j     pc - 8
core   0: 3 0x8000a952 (0xbfe5)
core   0: 0x8000a94a (0x00005f17) auipc   t5, 0x5
core   0: 3 0x8000a94a (0x00005f17) x30 0x8000f94a
core   0: 0x8000a94e (0x6a3f2b23) sw      gp, 1718(t5)
core   0: 3 0x8000a94e (0x6a3f2b23) mem 0x80010000 0x00000001
core   0: 0x8000a952 (0x0000bfe5) c.j     pc - 8
core   0: 3 0x8000a952 (0xbfe5)
core   0: 0x8000a94a (0x00005f17) auipc   t5, 0x5
core   0: 3 0x8000a94a (0x00005f17) x30 0x8000f94a
core   0: 0x8000a94e (0x6a3f2b23) sw      gp, 1718(t5)
core   0: 3 0x8000a94e (0x6a3f2b23) mem 0x80010000 0x00000001
core   0: 0x8000a952 (0x0000bfe5) c.j     pc - 8
core   0: 3 0x8000a952 (0xbfe5)
core   0: 0x8000a94a (0x00005f17) auipc   t5, 0x5
core   0: 3 0x8000a94a (0x00005f17) x30 0x8000f94a
core   0: 0x8000a94e (0x6a3f2b23) sw      gp, 1718(t5)
core   0: 3 0x8000a94e (0x6a3f2b23) mem 0x80010000 0x00000001
core   0: 0x8000a952 (0x0000bfe5) c.j     pc - 8
core   0: 3 0x8000a952 (0xbfe5)
core   0: 0x8000a94a (0x00005f17) auipc   t5, 0x5
core   0: 3 0x8000a94a (0x00005f17) x30 0x8000f94a
core   0: 0x8000a94e (0x6a3f2b23) sw      gp, 1718(t5)
core   0: 3 0x8000a94e (0x6a3f2b23) mem 0x80010000 0x00000001
core   0: 0x8000a952 (0x0000bfe5) c.j     pc - 8
core   0: 3 0x8000a952 (0xbfe5)
core   0: 0x8000a94a (0x00005f17) auipc   t5, 0x5
core   0: 3 0x8000a94a (0x00005f17) x30 0x8000f94a
core   0: 0x8000a94e (0x6a3f2b23) sw      gp, 1718(t5)
core   0: 3 0x8000a94e (0x6a3f2b23) mem 0x80010000 0x00000001
core   0: 0x8000a952 (0x0000bfe5) c.j     pc - 8
core   0: 3 0x8000a952 (0xbfe5)
core   0: 0x8000a94a (0x00005f17) auipc   t5, 0x5
core   0: 3 0x8000a94a (0x00005f17) x30 0x8000f94a
core   0: 0x8000a94e (0x6a3f2b23) sw      gp, 1718(t5)
core   0: 3 0x8000a94e (0x6a3f2b23) mem 0x80010000 0x00000001
core   0: 0x8000a952 (0x0000bfe5) c.j     pc - 8
core   0: 3 0x8000a952 (0xbfe5)
core   0: 0x8000a94a (0x00005f17) auipc   t5, 0x5
core   0: 3 0x8000a94a (0x00005f17) x30 0x8000f94a
core   0: 0x8000a94e (0x6a3f2b23) sw      gp, 1718(t5)
core   0: 3 0x8000a94e (0x6a3f2b23) mem 0x80010000 0x00000001
core   0: 0x8000a952 (0x0000bfe5) c.j     pc - 8
core   0: 3 0x8000a952 (0xbfe5)
core   0: 0x8000a94a (0x00005f17) auipc   t5, 0x5
core   0: 3 0x8000a94a (0x00005f17) x30 0x8000f94a
core   0: 0x8000a94e (0x6a3f2b23) sw      gp, 1718(t5)
core   0: 3 0x8000a94e (0x6a3f2b23) mem 0x80010000 0x00000001
core   0: 0x8000a952 (0x0000bfe5) c.j     pc - 8
core   0: 3 0x8000a952 (0xbfe5)
core   0: 0x8000a94a (0x00005f17) auipc   t5, 0x5
core   0: 3 0x8000a94a (0x00005f17) x30 0x8000f94a
core   0: 0x8000a94e (0x6a3f2b23) sw      gp, 1718(t5)
core   0: 3 0x8000a94e (0x6a3f2b23) mem 0x80010000 0x00000001
core   0: 0x8000a952 (0x0000bfe5) c.j     pc - 8
core   0: 3 0x8000a952 (0xbfe5)
core   0: 0x8000a94a (0x00005f17) auipc   t5, 0x5
core   0: 3 0x8000a94a (0x00005f17) x30 0x8000f94a
core   0: 0x8000a94e (0x6a3f2b23) sw      gp, 1718(t5)
core   0: 3 0x8000a94e (0x6a3f2b23) mem 0x80010000 0x00000001
core   0: 0x8000a952 (0x0000bfe5) c.j     pc - 8
core   0: 3 0x8000a952 (0xbfe5)
core   0: 0x8000a94a (0x00005f17) auipc   t5, 0x5
core   0: 3 0x8000a94a (0x00005f17) x30 0x8000f94a
core   0: 0x8000a94e (0x6a3f2b23) sw      gp, 1718(t5)
core   0: 3 0x8000a94e (0x6a3f2b23) mem 0x80010000 0x00000001
core   0: 0x8000a952 (0x0000bfe5) c.j     pc - 8
core   0: 3 0x8000a952 (0xbfe5)
core   0: 0x8000a94a (0x00005f17) auipc   t5, 0x5
core   0: 3 0x8000a94a (0x00005f17) x30 0x8000f94a
core   0: 0x8000a94e (0x6a3f2b23) sw      gp, 1718(t5)
core   0: 3 0x8000a94e (0x6a3f2b23) mem 0x80010000 0x00000001
core   0: 0x8000a952 (0x0000bfe5) c.j     pc - 8
core   0: 3 0x8000a952 (0xbfe5)
core   0: 0x8000a94a (0x00005f17) auipc   t5, 0x5
core   0: 3 0x8000a94a (0x00005f17) x30 0x8000f94a
core   0: 0x8000a94e (0x6a3f2b23) sw      gp, 1718(t5)
core   0: 3 0x8000a94e (0x6a3f2b23) mem 0x80010000 0x00000001
core   0: 0x8000a952 (0x0000bfe5) c.j     pc - 8
core   0: 3 0x8000a952 (0xbfe5)
core   0: 0x8000a94a (0x00005f17) auipc   t5, 0x5
core   0: 3 0x8000a94a (0x00005f17) x30 0x8000f94a
core   0: 0x8000a94e (0x6a3f2b23) sw      gp, 1718(t5)
core   0: 3 0x8000a94e (0x6a3f2b23) mem 0x80010000 0x00000001
core   0: 0x8000a952 (0x0000bfe5) c.j     pc - 8
core   0: 3 0x8000a952 (0xbfe5)
core   0: 0x8000a94a (0x00005f17) auipc   t5, 0x5
core   0: 3 0x8000a94a (0x00005f17) x30 0x8000f94a
core   0: 0x8000a94e (0x6a3f2b23) sw      gp, 1718(t5)
core   0: 3 0x8000a94e (0x6a3f2b23) mem 0x80010000 0x00000001
core   0: 0x8000a952 (0x0000bfe5) c.j     pc - 8
core   0: 3 0x8000a952 (0xbfe5)
core   0: 0x8000a94a (0x00005f17) auipc   t5, 0x5
core   0: 3 0x8000a94a (0x00005f17) x30 0x8000f94a
core   0: 0x8000a94e (0x6a3f2b23) sw      gp, 1718(t5)
core   0: 3 0x8000a94e (0x6a3f2b23) mem 0x80010000 0x00000001
core   0: 0x8000a952 (0x0000bfe5) c.j     pc - 8
core   0: 3 0x8000a952 (0xbfe5)
core   0: 0x8000a94a (0x00005f17) auipc   t5, 0x5
core   0: 3 0x8000a94a (0x00005f17) x30 0x8000f94a
core   0: 0x8000a94e (0x6a3f2b23) sw      gp, 1718(t5)
core   0: 3 0x8000a94e (0x6a3f2b23) mem 0x80010000 0x00000001
core   0: 0x8000a952 (0x0000bfe5) c.j     pc - 8
core   0: 3 0x8000a952 (0xbfe5)
core   0: 0x8000a94a (0x00005f17) auipc   t5, 0x5
core   0: 3 0x8000a94a (0x00005f17) x30 0x8000f94a
core   0: 0x8000a94e (0x6a3f2b23) sw      gp, 1718(t5)
core   0: 3 0x8000a94e (0x6a3f2b23) mem 0x80010000 0x00000001
core   0: 0x8000a952 (0x0000bfe5) c.j     pc - 8
core   0: 3 0x8000a952 (0xbfe5)
core   0: 0x8000a94a (0x00005f17) auipc   t5, 0x5
core   0: 3 0x8000a94a (0x00005f17) x30 0x8000f94a
core   0: 0x8000a94e (0x6a3f2b23) sw      gp, 1718(t5)
core   0: 3 0x8000a94e (0x6a3f2b23) mem 0x80010000 0x00000001
core   0: 0x8000a952 (0x0000bfe5) c.j     pc - 8
core   0: 3 0x8000a952 (0xbfe5)
core   0: 0x8000a94a (0x00005f17) auipc   t5, 0x5
core   0: 3 0x8000a94a (0x00005f17) x30 0x8000f94a
core   0: 0x8000a94e (0x6a3f2b23) sw      gp, 1718(t5)
core   0: 3 0x8000a94e (0x6a3f2b23) mem 0x80010000 0x00000001
core   0: 0x8000a952 (0x0000bfe5) c.j     pc - 8
core   0: 3 0x8000a952 (0xbfe5)
core   0: 0x8000a94a (0x00005f17) auipc   t5, 0x5
core   0: 3 0x8000a94a (0x00005f17) x30 0x8000f94a
core   0: 0x8000a94e (0x6a3f2b23) sw      gp, 1718(t5)
core   0: 3 0x8000a94e (0x6a3f2b23) mem 0x80010000 0x00000001
core   0: 0x8000a952 (0x0000bfe5) c.j     pc - 8
core   0: 3 0x8000a952 (0xbfe5)
core   0: 0x8000a94a (0x00005f17) auipc   t5, 0x5
core   0: 3 0x8000a94a (0x00005f17) x30 0x8000f94a
core   0: 0x8000a94e (0x6a3f2b23) sw      gp, 1718(t5)
core   0: 3 0x8000a94e (0x6a3f2b23) mem 0x80010000 0x00000001
core   0: 0x8000a952 (0x0000bfe5) c.j     pc - 8
core   0: 3 0x8000a952 (0xbfe5)
core   0: 0x8000a94a (0x00005f17) auipc   t5, 0x5
core   0: 3 0x8000a94a (0x00005f17) x30 0x8000f94a
core   0: 0x8000a94e (0x6a3f2b23) sw      gp, 1718(t5)
core   0: 3 0x8000a94e (0x6a3f2b23) mem 0x80010000 0x00000001
core   0: 0x8000a952 (0x0000bfe5) c.j     pc - 8
core   0: 3 0x8000a952 (0xbfe5)
core   0: 0x8000a94a (0x00005f17) auipc   t5, 0x5
core   0: 3 0x8000a94a (0x00005f17) x30 0x8000f94a
core   0: 0x8000a94e (0x6a3f2b23) sw      gp, 1718(t5)
core   0: 3 0x8000a94e (0x6a3f2b23) mem 0x80010000 0x00000001
core   0: 0x8000a952 (0x0000bfe5) c.j     pc - 8
core   0: 3 0x8000a952 (0xbfe5)
core   0: 0x8000a94a (0x00005f17) auipc   t5, 0x5
core   0: 3 0x8000a94a (0x00005f17) x30 0x8000f94a
core   0: 0x8000a94e (0x6a3f2b23) sw      gp, 1718(t5)
core   0: 3 0x8000a94e (0x6a3f2b23) mem 0x80010000 0x00000001
core   0: 0x8000a952 (0x0000bfe5) c.j     pc - 8
core   0: 3 0x8000a952 (0xbfe5)
core   0: 0x8000a94a (0x00005f17) auipc   t5, 0x5
core   0: 3 0x8000a94a (0x00005f17) x30 0x8000f94a
core   0: 0x8000a94e (0x6a3f2b23) sw      gp, 1718(t5)
core   0: 3 0x8000a94e (0x6a3f2b23) mem 0x80010000 0x00000001
core   0: 0x8000a952 (0x0000bfe5) c.j     pc - 8
core   0: 3 0x8000a952 (0xbfe5)
core   0: 0x8000a94a (0x00005f17) auipc   t5, 0x5
core   0: 3 0x8000a94a (0x00005f17) x30 0x8000f94a
core   0: 0x8000a94e (0x6a3f2b23) sw      gp, 1718(t5)
core   0: 3 0x8000a94e (0x6a3f2b23) mem 0x80010000 0x00000001
core   0: 0x8000a952 (0x0000bfe5) c.j     pc - 8
core   0: 3 0x8000a952 (0xbfe5)
core   0: 0x8000a94a (0x00005f17) auipc   t5, 0x5
core   0: 3 0x8000a94a (0x00005f17) x30 0x8000f94a
core   0: 0x8000a94e (0x6a3f2b23) sw      gp, 1718(t5)
core   0: 3 0x8000a94e (0x6a3f2b23) mem 0x80010000 0x00000001
core   0: 0x8000a952 (0x0000bfe5) c.j     pc - 8
core   0: 3 0x8000a952 (0xbfe5)
core   0: 0x8000a94a (0x00005f17) auipc   t5, 0x5
core   0: 3 0x8000a94a (0x00005f17) x30 0x8000f94a
core   0: 0x8000a94e (0x6a3f2b23) sw      gp, 1718(t5)
core   0: 3 0x8000a94e (0x6a3f2b23) mem 0x80010000 0x00000001
core   0: 0x8000a952 (0x0000bfe5) c.j     pc - 8
core   0: 3 0x8000a952 (0xbfe5)
core   0: 0x8000a94a (0x00005f17) auipc   t5, 0x5
core   0: 3 0x8000a94a (0x00005f17) x30 0x8000f94a
core   0: 0x8000a94e (0x6a3f2b23) sw      gp, 1718(t5)
core   0: 3 0x8000a94e (0x6a3f2b23) mem 0x80010000 0x00000001
core   0: 0x8000a952 (0x0000bfe5) c.j     pc - 8
core   0: 3 0x8000a952 (0xbfe5)
core   0: 0x8000a94a (0x00005f17) auipc   t5, 0x5
core   0: 3 0x8000a94a (0x00005f17) x30 0x8000f94a
core   0: 0x8000a94e (0x6a3f2b23) sw      gp, 1718(t5)
core   0: 3 0x8000a94e (0x6a3f2b23) mem 0x80010000 0x00000001
core   0: 0x8000a952 (0x0000bfe5) c.j     pc - 8
core   0: 3 0x8000a952 (0xbfe5)
core   0: 0x8000a94a (0x00005f17) auipc   t5, 0x5
core   0: 3 0x8000a94a (0x00005f17) x30 0x8000f94a
core   0: 0x8000a94e (0x6a3f2b23) sw      gp, 1718(t5)
core   0: 3 0x8000a94e (0x6a3f2b23) mem 0x80010000 0x00000001
core   0: 0x8000a952 (0x0000bfe5) c.j     pc - 8
core   0: 3 0x8000a952 (0xbfe5)
core   0: 0x8000a94a (0x00005f17) auipc   t5, 0x5
core   0: 3 0x8000a94a (0x00005f17) x30 0x8000f94a
core   0: 0x8000a94e (0x6a3f2b23) sw      gp, 1718(t5)
core   0: 3 0x8000a94e (0x6a3f2b23) mem 0x80010000 0x00000001
core   0: 0x8000a952 (0x0000bfe5) c.j     pc - 8
core   0: 3 0x8000a952 (0xbfe5)
core   0: 0x8000a94a (0x00005f17) auipc   t5, 0x5
core   0: 3 0x8000a94a (0x00005f17) x30 0x8000f94a
core   0: 0x8000a94e (0x6a3f2b23) sw      gp, 1718(t5)
core   0: 3 0x8000a94e (0x6a3f2b23) mem 0x80010000 0x00000001
core   0: 0x8000a952 (0x0000bfe5) c.j     pc - 8
core   0: 3 0x8000a952 (0xbfe5)
core   0: 0x8000a94a (0x00005f17) auipc   t5, 0x5
core   0: 3 0x8000a94a (0x00005f17) x30 0x8000f94a
core   0: 0x8000a94e (0x6a3f2b23) sw      gp, 1718(t5)
core   0: 3 0x8000a94e (0x6a3f2b23) mem 0x80010000 0x00000001
core   0: 0x8000a952 (0x0000bfe5) c.j     pc - 8
core   0: 3 0x8000a952 (0xbfe5)
core   0: 0x8000a94a (0x00005f17) auipc   t5, 0x5
core   0: 3 0x8000a94a (0x00005f17) x30 0x8000f94a
core   0: 0x8000a94e (0x6a3f2b23) sw      gp, 1718(t5)
core   0: 3 0x8000a94e (0x6a3f2b23) mem 0x80010000 0x00000001
core   0: 0x8000a952 (0x0000bfe5) c.j     pc - 8
core   0: 3 0x8000a952 (0xbfe5)
core   0: 0x8000a94a (0x00005f17) auipc   t5, 0x5
core   0: 3 0x8000a94a (0x00005f17) x30 0x8000f94a
core   0: 0x8000a94e (0x6a3f2b23) sw      gp, 1718(t5)
core   0: 3 0x8000a94e (0x6a3f2b23) mem 0x80010000 0x00000001
core   0: 0x8000a952 (0x0000bfe5) c.j     pc - 8
core   0: 3 0x8000a952 (0xbfe5)
core   0: 0x8000a94a (0x00005f17) auipc   t5, 0x5
core   0: 3 0x8000a94a (0x00005f17) x30 0x8000f94a
core   0: 0x8000a94e (0x6a3f2b23) sw      gp, 1718(t5)
core   0: 3 0x8000a94e (0x6a3f2b23) mem 0x80010000 0x00000001
core   0: 0x8000a952 (0x0000bfe5) c.j     pc - 8
core   0: 3 0x8000a952 (0xbfe5)
core   0: 0x8000a94a (0x00005f17) auipc   t5, 0x5
core   0: 3 0x8000a94a (0x00005f17) x30 0x8000f94a
core   0: 0x8000a94e (0x6a3f2b23) sw      gp, 1718(t5)
core   0: 3 0x8000a94e (0x6a3f2b23) mem 0x80010000 0x00000001
core   0: 0x8000a952 (0x0000bfe5) c.j     pc - 8
core   0: 3 0x8000a952 (0xbfe5)
core   0: 0x8000a94a (0x00005f17) auipc   t5, 0x5
core   0: 3 0x8000a94a (0x00005f17) x30 0x8000f94a
core   0: 0x8000a94e (0x6a3f2b23) sw      gp, 1718(t5)
core   0: 3 0x8000a94e (0x6a3f2b23) mem 0x80010000 0x00000001
core   0: 0x8000a952 (0x0000bfe5) c.j     pc - 8
core   0: 3 0x8000a952 (0xbfe5)
core   0: 0x8000a94a (0x00005f17) auipc   t5, 0x5
core   0: 3 0x8000a94a (0x00005f17) x30 0x8000f94a
core   0: 0x8000a94e (0x6a3f2b23) sw      gp, 1718(t5)
core   0: 3 0x8000a94e (0x6a3f2b23) mem 0x80010000 0x00000001
core   0: 0x8000a952 (0x0000bfe5) c.j     pc - 8
core   0: 3 0x8000a952 (0xbfe5)
core   0: 0x8000a94a (0x00005f17) auipc   t5, 0x5
core   0: 3 0x8000a94a (0x00005f17) x30 0x8000f94a
core   0: 0x8000a94e (0x6a3f2b23) sw      gp, 1718(t5)
core   0: 3 0x8000a94e (0x6a3f2b23) mem 0x80010000 0x00000001
core   0: 0x8000a952 (0x0000bfe5) c.j     pc - 8
core   0: 3 0x8000a952 (0xbfe5)
core   0: 0x8000a94a (0x00005f17) auipc   t5, 0x5
core   0: 3 0x8000a94a (0x00005f17) x30 0x8000f94a
core   0: 0x8000a94e (0x6a3f2b23) sw      gp, 1718(t5)
core   0: 3 0x8000a94e (0x6a3f2b23) mem 0x80010000 0x00000001
core   0: 0x8000a952 (0x0000bfe5) c.j     pc - 8
core   0: 3 0x8000a952 (0xbfe5)
core   0: 0x8000a94a (0x00005f17) auipc   t5, 0x5
core   0: 3 0x8000a94a (0x00005f17) x30 0x8000f94a
core   0: 0x8000a94e (0x6a3f2b23) sw      gp, 1718(t5)
core   0: 3 0x8000a94e (0x6a3f2b23) mem 0x80010000 0x00000001
core   0: 0x8000a952 (0x0000bfe5) c.j     pc - 8
core   0: 3 0x8000a952 (0xbfe5)
core   0: 0x8000a94a (0x00005f17) auipc   t5, 0x5
core   0: 3 0x8000a94a (0x00005f17) x30 0x8000f94a
core   0: 0x8000a94e (0x6a3f2b23) sw      gp, 1718(t5)
core   0: 3 0x8000a94e (0x6a3f2b23) mem 0x80010000 0x00000001
core   0: 0x8000a952 (0x0000bfe5) c.j     pc - 8
core   0: 3 0x8000a952 (0xbfe5)
core   0: 0x8000a94a (0x00005f17) auipc   t5, 0x5
core   0: 3 0x8000a94a (0x00005f17) x30 0x8000f94a
core   0: 0x8000a94e (0x6a3f2b23) sw      gp, 1718(t5)
core   0: 3 0x8000a94e (0x6a3f2b23) mem 0x80010000 0x00000001
core   0: 0x8000a952 (0x0000bfe5) c.j     pc - 8
core   0: 3 0x8000a952 (0xbfe5)
core   0: 0x8000a94a (0x00005f17) auipc   t5, 0x5
core   0: 3 0x8000a94a (0x00005f17) x30 0x8000f94a
core   0: 0x8000a94e (0x6a3f2b23) sw      gp, 1718(t5)
core   0: 3 0x8000a94e (0x6a3f2b23) mem 0x80010000 0x00000001
core   0: 0x8000a952 (0x0000bfe5) c.j     pc - 8
core   0: 3 0x8000a952 (0xbfe5)
core   0: 0x8000a94a (0x00005f17) auipc   t5, 0x5
core   0: 3 0x8000a94a (0x00005f17) x30 0x8000f94a
core   0: 0x8000a94e (0x6a3f2b23) sw      gp, 1718(t5)
core   0: 3 0x8000a94e (0x6a3f2b23) mem 0x80010000 0x00000001
core   0: 0x8000a952 (0x0000bfe5) c.j     pc - 8
core   0: 3 0x8000a952 (0xbfe5)
core   0: 0x8000a94a (0x00005f17) auipc   t5, 0x5
core   0: 3 0x8000a94a (0x00005f17) x30 0x8000f94a
core   0: 0x8000a94e (0x6a3f2b23) sw      gp, 1718(t5)
core   0: 3 0x8000a94e (0x6a3f2b23) mem 0x80010000 0x00000001
core   0: 0x8000a952 (0x0000bfe5) c.j     pc - 8
core   0: 3 0x8000a952 (0xbfe5)
core   0: 0x8000a94a (0x00005f17) auipc   t5, 0x5
core   0: 3 0x8000a94a (0x00005f17) x30 0x8000f94a
core   0: 0x8000a94e (0x6a3f2b23) sw      gp, 1718(t5)
core   0: 3 0x8000a94e (0x6a3f2b23) mem 0x80010000 0x00000001
core   0: 0x8000a952 (0x0000bfe5) c.j     pc - 8
core   0: 3 0x8000a952 (0xbfe5)
core   0: 0x8000a94a (0x00005f17) auipc   t5, 0x5
core   0: 3 0x8000a94a (0x00005f17) x30 0x8000f94a
core   0: 0x8000a94e (0x6a3f2b23) sw      gp, 1718(t5)
core   0: 3 0x8000a94e (0x6a3f2b23) mem 0x80010000 0x00000001
core   0: 0x8000a952 (0x0000bfe5) c.j     pc - 8
core   0: 3 0x8000a952 (0xbfe5)
core   0: 0x8000a94a (0x00005f17) auipc   t5, 0x5
core   0: 3 0x8000a94a (0x00005f17) x30 0x8000f94a
core   0: 0x8000a94e (0x6a3f2b23) sw      gp, 1718(t5)
core   0: 3 0x8000a94e (0x6a3f2b23) mem 0x80010000 0x00000001
core   0: 0x8000a952 (0x0000bfe5) c.j     pc - 8
core   0: 3 0x8000a952 (0xbfe5)
core   0: 0x8000a94a (0x00005f17) auipc   t5, 0x5
core   0: 3 0x8000a94a (0x00005f17) x30 0x8000f94a
core   0: 0x8000a94e (0x6a3f2b23) sw      gp, 1718(t5)
core   0: 3 0x8000a94e (0x6a3f2b23) mem 0x80010000 0x00000001
core   0: 0x8000a952 (0x0000bfe5) c.j     pc - 8
core   0: 3 0x8000a952 (0xbfe5)
core   0: 0x8000a94a (0x00005f17) auipc   t5, 0x5
core   0: 3 0x8000a94a (0x00005f17) x30 0x8000f94a
core   0: 0x8000a94e (0x6a3f2b23) sw      gp, 1718(t5)
core   0: 3 0x8000a94e (0x6a3f2b23) mem 0x80010000 0x00000001
core   0: 0x8000a952 (0x0000bfe5) c.j     pc - 8
core   0: 3 0x8000a952 (0xbfe5)
core   0: 0x8000a94a (0x00005f17) auipc   t5, 0x5
core   0: 3 0x8000a94a (0x00005f17) x30 0x8000f94a
core   0: 0x8000a94e (0x6a3f2b23) sw      gp, 1718(t5)
core   0: 3 0x8000a94e (0x6a3f2b23) mem 0x80010000 0x00000001
core   0: 0x8000a952 (0x0000bfe5) c.j     pc - 8
core   0: 3 0x8000a952 (0xbfe5)
core   0: 0x8000a94a (0x00005f17) auipc   t5, 0x5
core   0: 3 0x8000a94a (0x00005f17) x30 0x8000f94a
core   0: 0x8000a94e (0x6a3f2b23) sw      gp, 1718(t5)
core   0: 3 0x8000a94e (0x6a3f2b23) mem 0x80010000 0x00000001
core   0: 0x8000a952 (0x0000bfe5) c.j     pc - 8
core   0: 3 0x8000a952 (0xbfe5)
core   0: 0x8000a94a (0x00005f17) auipc   t5, 0x5
core   0: 3 0x8000a94a (0x00005f17) x30 0x8000f94a
core   0: 0x8000a94e (0x6a3f2b23) sw      gp, 1718(t5)
core   0: 3 0x8000a94e (0x6a3f2b23) mem 0x80010000 0x00000001
core   0: 0x8000a952 (0x0000bfe5) c.j     pc - 8
core   0: 3 0x8000a952 (0xbfe5)
core   0: 0x8000a94a (0x00005f17) auipc   t5, 0x5
core   0: 3 0x8000a94a (0x00005f17) x30 0x8000f94a
core   0: 0x8000a94e (0x6a3f2b23) sw      gp, 1718(t5)
core   0: 3 0x8000a94e (0x6a3f2b23) mem 0x80010000 0x00000001
core   0: 0x8000a952 (0x0000bfe5) c.j     pc - 8
core   0: 3 0x8000a952 (0xbfe5)
core   0: 0x8000a94a (0x00005f17) auipc   t5, 0x5
core   0: 3 0x8000a94a (0x00005f17) x30 0x8000f94a
core   0: 0x8000a94e (0x6a3f2b23) sw      gp, 1718(t5)
core   0: 3 0x8000a94e (0x6a3f2b23) mem 0x80010000 0x00000001
core   0: 0x8000a952 (0x0000bfe5) c.j     pc - 8
core   0: 3 0x8000a952 (0xbfe5)
core   0: 0x8000a94a (0x00005f17) auipc   t5, 0x5
core   0: 3 0x8000a94a (0x00005f17) x30 0x8000f94a
core   0: 0x8000a94e (0x6a3f2b23) sw      gp, 1718(t5)
core   0: 3 0x8000a94e (0x6a3f2b23) mem 0x80010000 0x00000001
core   0: 0x8000a952 (0x0000bfe5) c.j     pc - 8
core   0: 3 0x8000a952 (0xbfe5)
core   0: 0x8000a94a (0x00005f17) auipc   t5, 0x5
core   0: 3 0x8000a94a (0x00005f17) x30 0x8000f94a
core   0: 0x8000a94e (0x6a3f2b23) sw      gp, 1718(t5)
core   0: 3 0x8000a94e (0x6a3f2b23) mem 0x80010000 0x00000001
core   0: 0x8000a952 (0x0000bfe5) c.j     pc - 8
core   0: 3 0x8000a952 (0xbfe5)
core   0: 0x8000a94a (0x00005f17) auipc   t5, 0x5
core   0: 3 0x8000a94a (0x00005f17) x30 0x8000f94a
core   0: 0x8000a94e (0x6a3f2b23) sw      gp, 1718(t5)
core   0: 3 0x8000a94e (0x6a3f2b23) mem 0x80010000 0x00000001
core   0: 0x8000a952 (0x0000bfe5) c.j     pc - 8
core   0: 3 0x8000a952 (0xbfe5)
core   0: 0x8000a94a (0x00005f17) auipc   t5, 0x5
core   0: 3 0x8000a94a (0x00005f17) x30 0x8000f94a
core   0: 0x8000a94e (0x6a3f2b23) sw      gp, 1718(t5)
core   0: 3 0x8000a94e (0x6a3f2b23) mem 0x80010000 0x00000001
core   0: 0x8000a952 (0x0000bfe5) c.j     pc - 8
core   0: 3 0x8000a952 (0xbfe5)
core   0: 0x8000a94a (0x00005f17) auipc   t5, 0x5
core   0: 3 0x8000a94a (0x00005f17) x30 0x8000f94a
core   0: 0x8000a94e (0x6a3f2b23) sw      gp, 1718(t5)
core   0: 3 0x8000a94e (0x6a3f2b23) mem 0x80010000 0x00000001
core   0: 0x8000a952 (0x0000bfe5) c.j     pc - 8
core   0: 3 0x8000a952 (0xbfe5)
core   0: 0x8000a94a (0x00005f17) auipc   t5, 0x5
core   0: 3 0x8000a94a (0x00005f17) x30 0x8000f94a
core   0: 0x8000a94e (0x6a3f2b23) sw      gp, 1718(t5)
core   0: 3 0x8000a94e (0x6a3f2b23) mem 0x80010000 0x00000001
core   0: 0x8000a952 (0x0000bfe5) c.j     pc - 8
core   0: 3 0x8000a952 (0xbfe5)
core   0: 0x8000a94a (0x00005f17) auipc   t5, 0x5
core   0: 3 0x8000a94a (0x00005f17) x30 0x8000f94a
core   0: 0x8000a94e (0x6a3f2b23) sw      gp, 1718(t5)
core   0: 3 0x8000a94e (0x6a3f2b23) mem 0x80010000 0x00000001
core   0: 0x8000a952 (0x0000bfe5) c.j     pc - 8
core   0: 3 0x8000a952 (0xbfe5)
core   0: 0x8000a94a (0x00005f17) auipc   t5, 0x5
core   0: 3 0x8000a94a (0x00005f17) x30 0x8000f94a
core   0: 0x8000a94e (0x6a3f2b23) sw      gp, 1718(t5)
core   0: 3 0x8000a94e (0x6a3f2b23) mem 0x80010000 0x00000001
core   0: 0x8000a952 (0x0000bfe5) c.j     pc - 8
core   0: 3 0x8000a952 (0xbfe5)
core   0: 0x8000a94a (0x00005f17) auipc   t5, 0x5
core   0: 3 0x8000a94a (0x00005f17) x30 0x8000f94a
core   0: 0x8000a94e (0x6a3f2b23) sw      gp, 1718(t5)
core   0: 3 0x8000a94e (0x6a3f2b23) mem 0x80010000 0x00000001
core   0: 0x8000a952 (0x0000bfe5) c.j     pc - 8
core   0: 3 0x8000a952 (0xbfe5)
core   0: 0x8000a94a (0x00005f17) auipc   t5, 0x5
core   0: 3 0x8000a94a (0x00005f17) x30 0x8000f94a
core   0: 0x8000a94e (0x6a3f2b23) sw      gp, 1718(t5)
core   0: 3 0x8000a94e (0x6a3f2b23) mem 0x80010000 0x00000001
core   0: 0x8000a952 (0x0000bfe5) c.j     pc - 8
core   0: 3 0x8000a952 (0xbfe5)
core   0: 0x8000a94a (0x00005f17) auipc   t5, 0x5
core   0: 3 0x8000a94a (0x00005f17) x30 0x8000f94a
core   0: 0x8000a94e (0x6a3f2b23) sw      gp, 1718(t5)
core   0: 3 0x8000a94e (0x6a3f2b23) mem 0x80010000 0x00000001
core   0: 0x8000a952 (0x0000bfe5) c.j     pc - 8
core   0: 3 0x8000a952 (0xbfe5)
core   0: 0x8000a94a (0x00005f17) auipc   t5, 0x5
core   0: 3 0x8000a94a (0x00005f17) x30 0x8000f94a
core   0: 0x8000a94e (0x6a3f2b23) sw      gp, 1718(t5)
core   0: 3 0x8000a94e (0x6a3f2b23) mem 0x80010000 0x00000001
core   0: 0x8000a952 (0x0000bfe5) c.j     pc - 8
core   0: 3 0x8000a952 (0xbfe5)
core   0: 0x8000a94a (0x00005f17) auipc   t5, 0x5
core   0: 3 0x8000a94a (0x00005f17) x30 0x8000f94a
core   0: 0x8000a94e (0x6a3f2b23) sw      gp, 1718(t5)
core   0: 3 0x8000a94e (0x6a3f2b23) mem 0x80010000 0x00000001
core   0: 0x8000a952 (0x0000bfe5) c.j     pc - 8
core   0: 3 0x8000a952 (0xbfe5)
core   0: 0x8000a94a (0x00005f17) auipc   t5, 0x5
core   0: 3 0x8000a94a (0x00005f17) x30 0x8000f94a
core   0: 0x8000a94e (0x6a3f2b23) sw      gp, 1718(t5)
core   0: 3 0x8000a94e (0x6a3f2b23) mem 0x80010000 0x00000001
core   0: 0x8000a952 (0x0000bfe5) c.j     pc - 8
core   0: 3 0x8000a952 (0xbfe5)
core   0: 0x8000a94a (0x00005f17) auipc   t5, 0x5
core   0: 3 0x8000a94a (0x00005f17) x30 0x8000f94a
core   0: 0x8000a94e (0x6a3f2b23) sw      gp, 1718(t5)
core   0: 3 0x8000a94e (0x6a3f2b23) mem 0x80010000 0x00000001
core   0: 0x8000a952 (0x0000bfe5) c.j     pc - 8
core   0: 3 0x8000a952 (0xbfe5)
core   0: 0x8000a94a (0x00005f17) auipc   t5, 0x5
core   0: 3 0x8000a94a (0x00005f17) x30 0x8000f94a
core   0: 0x8000a94e (0x6a3f2b23) sw      gp, 1718(t5)
core   0: 3 0x8000a94e (0x6a3f2b23) mem 0x80010000 0x00000001
core   0: 0x8000a952 (0x0000bfe5) c.j     pc - 8
core   0: 3 0x8000a952 (0xbfe5)
core   0: 0x8000a94a (0x00005f17) auipc   t5, 0x5
core   0: 3 0x8000a94a (0x00005f17) x30 0x8000f94a
core   0: 0x8000a94e (0x6a3f2b23) sw      gp, 1718(t5)
core   0: 3 0x8000a94e (0x6a3f2b23) mem 0x80010000 0x00000001
core   0: 0x8000a952 (0x0000bfe5) c.j     pc - 8
core   0: 3 0x8000a952 (0xbfe5)
core   0: 0x8000a94a (0x00005f17) auipc   t5, 0x5
core   0: 3 0x8000a94a (0x00005f17) x30 0x8000f94a
core   0: 0x8000a94e (0x6a3f2b23) sw      gp, 1718(t5)
core   0: 3 0x8000a94e (0x6a3f2b23) mem 0x80010000 0x00000001
core   0: 0x8000a952 (0x0000bfe5) c.j     pc - 8
core   0: 3 0x8000a952 (0xbfe5)
core   0: 0x8000a94a (0x00005f17) auipc   t5, 0x5
core   0: 3 0x8000a94a (0x00005f17) x30 0x8000f94a
core   0: 0x8000a94e (0x6a3f2b23) sw      gp, 1718(t5)
core   0: 3 0x8000a94e (0x6a3f2b23) mem 0x80010000 0x00000001
core   0: 0x8000a952 (0x0000bfe5) c.j     pc - 8
core   0: 3 0x8000a952 (0xbfe5)
core   0: 0x8000a94a (0x00005f17) auipc   t5, 0x5
core   0: 3 0x8000a94a (0x00005f17) x30 0x8000f94a
core   0: 0x8000a94e (0x6a3f2b23) sw      gp, 1718(t5)
core   0: 3 0x8000a94e (0x6a3f2b23) mem 0x80010000 0x00000001
core   0: 0x8000a952 (0x0000bfe5) c.j     pc - 8
core   0: 3 0x8000a952 (0xbfe5)
core   0: 0x8000a94a (0x00005f17) auipc   t5, 0x5
core   0: 3 0x8000a94a (0x00005f17) x30 0x8000f94a
core   0: 0x8000a94e (0x6a3f2b23) sw      gp, 1718(t5)
core   0: 3 0x8000a94e (0x6a3f2b23) mem 0x80010000 0x00000001
core   0: 0x8000a952 (0x0000bfe5) c.j     pc - 8
core   0: 3 0x8000a952 (0xbfe5)
core   0: 0x8000a94a (0x00005f17) auipc   t5, 0x5
core   0: 3 0x8000a94a (0x00005f17) x30 0x8000f94a
core   0: 0x8000a94e (0x6a3f2b23) sw      gp, 1718(t5)
core   0: 3 0x8000a94e (0x6a3f2b23) mem 0x80010000 0x00000001
core   0: 0x8000a952 (0x0000bfe5) c.j     pc - 8
core   0: 3 0x8000a952 (0xbfe5)
core   0: 0x8000a94a (0x00005f17) auipc   t5, 0x5
core   0: 3 0x8000a94a (0x00005f17) x30 0x8000f94a
core   0: 0x8000a94e (0x6a3f2b23) sw      gp, 1718(t5)
core   0: 3 0x8000a94e (0x6a3f2b23) mem 0x80010000 0x00000001
core   0: 0x8000a952 (0x0000bfe5) c.j     pc - 8
core   0: 3 0x8000a952 (0xbfe5)
core   0: 0x8000a94a (0x00005f17) auipc   t5, 0x5
core   0: 3 0x8000a94a (0x00005f17) x30 0x8000f94a
core   0: 0x8000a94e (0x6a3f2b23) sw      gp, 1718(t5)
core   0: 3 0x8000a94e (0x6a3f2b23) mem 0x80010000 0x00000001
core   0: 0x8000a952 (0x0000bfe5) c.j     pc - 8
core   0: 3 0x8000a952 (0xbfe5)
core   0: 0x8000a94a (0x00005f17) auipc   t5, 0x5
core   0: 3 0x8000a94a (0x00005f17) x30 0x8000f94a
core   0: 0x8000a94e (0x6a3f2b23) sw      gp, 1718(t5)
core   0: 3 0x8000a94e (0x6a3f2b23) mem 0x80010000 0x00000001
core   0: 0x8000a952 (0x0000bfe5) c.j     pc - 8
core   0: 3 0x8000a952 (0xbfe5)
core   0: 0x8000a94a (0x00005f17) auipc   t5, 0x5
core   0: 3 0x8000a94a (0x00005f17) x30 0x8000f94a
core   0: 0x8000a94e (0x6a3f2b23) sw      gp, 1718(t5)
core   0: 3 0x8000a94e (0x6a3f2b23) mem 0x80010000 0x00000001
core   0: 0x8000a952 (0x0000bfe5) c.j     pc - 8
core   0: 3 0x8000a952 (0xbfe5)
core   0: 0x8000a94a (0x00005f17) auipc   t5, 0x5
core   0: 3 0x8000a94a (0x00005f17) x30 0x8000f94a
core   0: 0x8000a94e (0x6a3f2b23) sw      gp, 1718(t5)
core   0: 3 0x8000a94e (0x6a3f2b23) mem 0x80010000 0x00000001
core   0: 0x8000a952 (0x0000bfe5) c.j     pc - 8
core   0: 3 0x8000a952 (0xbfe5)
core   0: 0x8000a94a (0x00005f17) auipc   t5, 0x5
core   0: 3 0x8000a94a (0x00005f17) x30 0x8000f94a
core   0: 0x8000a94e (0x6a3f2b23) sw      gp, 1718(t5)
core   0: 3 0x8000a94e (0x6a3f2b23) mem 0x80010000 0x00000001
core   0: 0x8000a952 (0x0000bfe5) c.j     pc - 8
core   0: 3 0x8000a952 (0xbfe5)
core   0: 0x8000a94a (0x00005f17) auipc   t5, 0x5
core   0: 3 0x8000a94a (0x00005f17) x30 0x8000f94a
core   0: 0x8000a94e (0x6a3f2b23) sw      gp, 1718(t5)
core   0: 3 0x8000a94e (0x6a3f2b23) mem 0x80010000 0x00000001
core   0: 0x8000a952 (0x0000bfe5) c.j     pc - 8
core   0: 3 0x8000a952 (0xbfe5)
core   0: 0x8000a94a (0x00005f17) auipc   t5, 0x5
core   0: 3 0x8000a94a (0x00005f17) x30 0x8000f94a
core   0: 0x8000a94e (0x6a3f2b23) sw      gp, 1718(t5)
core   0: 3 0x8000a94e (0x6a3f2b23) mem 0x80010000 0x00000001
core   0: 0x8000a952 (0x0000bfe5) c.j     pc - 8
core   0: 3 0x8000a952 (0xbfe5)
core   0: 0x8000a94a (0x00005f17) auipc   t5, 0x5
core   0: 3 0x8000a94a (0x00005f17) x30 0x8000f94a
core   0: 0x8000a94e (0x6a3f2b23) sw      gp, 1718(t5)
core   0: 3 0x8000a94e (0x6a3f2b23) mem 0x80010000 0x00000001
core   0: 0x8000a952 (0x0000bfe5) c.j     pc - 8
core   0: 3 0x8000a952 (0xbfe5)
core   0: 0x8000a94a (0x00005f17) auipc   t5, 0x5
core   0: 3 0x8000a94a (0x00005f17) x30 0x8000f94a
core   0: 0x8000a94e (0x6a3f2b23) sw      gp, 1718(t5)
core   0: 3 0x8000a94e (0x6a3f2b23) mem 0x80010000 0x00000001
core   0: 0x8000a952 (0x0000bfe5) c.j     pc - 8
core   0: 3 0x8000a952 (0xbfe5)
core   0: 0x8000a94a (0x00005f17) auipc   t5, 0x5
core   0: 3 0x8000a94a (0x00005f17) x30 0x8000f94a
core   0: 0x8000a94e (0x6a3f2b23) sw      gp, 1718(t5)
core   0: 3 0x8000a94e (0x6a3f2b23) mem 0x80010000 0x00000001
core   0: 0x8000a952 (0x0000bfe5) c.j     pc - 8
core   0: 3 0x8000a952 (0xbfe5)
core   0: 0x8000a94a (0x00005f17) auipc   t5, 0x5
core   0: 3 0x8000a94a (0x00005f17) x30 0x8000f94a
core   0: 0x8000a94e (0x6a3f2b23) sw      gp, 1718(t5)
core   0: 3 0x8000a94e (0x6a3f2b23) mem 0x80010000 0x00000001
core   0: 0x8000a952 (0x0000bfe5) c.j     pc - 8
core   0: 3 0x8000a952 (0xbfe5)
core   0: 0x8000a94a (0x00005f17) auipc   t5, 0x5
core   0: 3 0x8000a94a (0x00005f17) x30 0x8000f94a
core   0: 0x8000a94e (0x6a3f2b23) sw      gp, 1718(t5)
core   0: 3 0x8000a94e (0x6a3f2b23) mem 0x80010000 0x00000001
core   0: 0x8000a952 (0x0000bfe5) c.j     pc - 8
core   0: 3 0x8000a952 (0xbfe5)
core   0: 0x8000a94a (0x00005f17) auipc   t5, 0x5
core   0: 3 0x8000a94a (0x00005f17) x30 0x8000f94a
core   0: 0x8000a94e (0x6a3f2b23) sw      gp, 1718(t5)
core   0: 3 0x8000a94e (0x6a3f2b23) mem 0x80010000 0x00000001
core   0: 0x8000a952 (0x0000bfe5) c.j     pc - 8
core   0: 3 0x8000a952 (0xbfe5)
core   0: 0x8000a94a (0x00005f17) auipc   t5, 0x5
core   0: 3 0x8000a94a (0x00005f17) x30 0x8000f94a
core   0: 0x8000a94e (0x6a3f2b23) sw      gp, 1718(t5)
core   0: 3 0x8000a94e (0x6a3f2b23) mem 0x80010000 0x00000001
core   0: 0x8000a952 (0x0000bfe5) c.j     pc - 8
core   0: 3 0x8000a952 (0xbfe5)
core   0: 0x8000a94a (0x00005f17) auipc   t5, 0x5
core   0: 3 0x8000a94a (0x00005f17) x30 0x8000f94a
core   0: 0x8000a94e (0x6a3f2b23) sw      gp, 1718(t5)
core   0: 3 0x8000a94e (0x6a3f2b23) mem 0x80010000 0x00000001
core   0: 0x8000a952 (0x0000bfe5) c.j     pc - 8
core   0: 3 0x8000a952 (0xbfe5)
core   0: 0x8000a94a (0x00005f17) auipc   t5, 0x5
core   0: 3 0x8000a94a (0x00005f17) x30 0x8000f94a
core   0: 0x8000a94e (0x6a3f2b23) sw      gp, 1718(t5)
core   0: 3 0x8000a94e (0x6a3f2b23) mem 0x80010000 0x00000001
core   0: 0x8000a952 (0x0000bfe5) c.j     pc - 8
core   0: 3 0x8000a952 (0xbfe5)
core   0: 0x8000a94a (0x00005f17) auipc   t5, 0x5
core   0: 3 0x8000a94a (0x00005f17) x30 0x8000f94a
core   0: 0x8000a94e (0x6a3f2b23) sw      gp, 1718(t5)
core   0: 3 0x8000a94e (0x6a3f2b23) mem 0x80010000 0x00000001
core   0: 0x8000a952 (0x0000bfe5) c.j     pc - 8
core   0: 3 0x8000a952 (0xbfe5)
core   0: 0x8000a94a (0x00005f17) auipc   t5, 0x5
core   0: 3 0x8000a94a (0x00005f17) x30 0x8000f94a
core   0: 0x8000a94e (0x6a3f2b23) sw      gp, 1718(t5)
core   0: 3 0x8000a94e (0x6a3f2b23) mem 0x80010000 0x00000001
core   0: 0x8000a952 (0x0000bfe5) c.j     pc - 8
core   0: 3 0x8000a952 (0xbfe5)
core   0: 0x8000a94a (0x00005f17) auipc   t5, 0x5
core   0: 3 0x8000a94a (0x00005f17) x30 0x8000f94a
core   0: 0x8000a94e (0x6a3f2b23) sw      gp, 1718(t5)
core   0: 3 0x8000a94e (0x6a3f2b23) mem 0x80010000 0x00000001
core   0: 0x8000a952 (0x0000bfe5) c.j     pc - 8
core   0: 3 0x8000a952 (0xbfe5)
core   0: 0x8000a94a (0x00005f17) auipc   t5, 0x5
core   0: 3 0x8000a94a (0x00005f17) x30 0x8000f94a
core   0: 0x8000a94e (0x6a3f2b23) sw      gp, 1718(t5)
core   0: 3 0x8000a94e (0x6a3f2b23) mem 0x80010000 0x00000001
core   0: 0x8000a952 (0x0000bfe5) c.j     pc - 8
core   0: 3 0x8000a952 (0xbfe5)
core   0: 0x8000a94a (0x00005f17) auipc   t5, 0x5
core   0: 3 0x8000a94a (0x00005f17) x30 0x8000f94a
core   0: 0x8000a94e (0x6a3f2b23) sw      gp, 1718(t5)
core   0: 3 0x8000a94e (0x6a3f2b23) mem 0x80010000 0x00000001
core   0: 0x8000a952 (0x0000bfe5) c.j     pc - 8
core   0: 3 0x8000a952 (0xbfe5)
core   0: 0x8000a94a (0x00005f17) auipc   t5, 0x5
core   0: 3 0x8000a94a (0x00005f17) x30 0x8000f94a
core   0: 0x8000a94e (0x6a3f2b23) sw      gp, 1718(t5)
core   0: 3 0x8000a94e (0x6a3f2b23) mem 0x80010000 0x00000001
core   0: 0x8000a952 (0x0000bfe5) c.j     pc - 8
core   0: 3 0x8000a952 (0xbfe5)
core   0: 0x8000a94a (0x00005f17) auipc   t5, 0x5
core   0: 3 0x8000a94a (0x00005f17) x30 0x8000f94a
core   0: 0x8000a94e (0x6a3f2b23) sw      gp, 1718(t5)
core   0: 3 0x8000a94e (0x6a3f2b23) mem 0x80010000 0x00000001
core   0: 0x8000a952 (0x0000bfe5) c.j     pc - 8
core   0: 3 0x8000a952 (0xbfe5)
core   0: 0x8000a94a (0x00005f17) auipc   t5, 0x5
core   0: 3 0x8000a94a (0x00005f17) x30 0x8000f94a
core   0: 0x8000a94e (0x6a3f2b23) sw      gp, 1718(t5)
core   0: 3 0x8000a94e (0x6a3f2b23) mem 0x80010000 0x00000001
core   0: 0x8000a952 (0x0000bfe5) c.j     pc - 8
core   0: 3 0x8000a952 (0xbfe5)
core   0: 0x8000a94a (0x00005f17) auipc   t5, 0x5
core   0: 3 0x8000a94a (0x00005f17) x30 0x8000f94a
core   0: 0x8000a94e (0x6a3f2b23) sw      gp, 1718(t5)
core   0: 3 0x8000a94e (0x6a3f2b23) mem 0x80010000 0x00000001
core   0: 0x8000a952 (0x0000bfe5) c.j     pc - 8
core   0: 3 0x8000a952 (0xbfe5)
core   0: 0x8000a94a (0x00005f17) auipc   t5, 0x5
core   0: 3 0x8000a94a (0x00005f17) x30 0x8000f94a
core   0: 0x8000a94e (0x6a3f2b23) sw      gp, 1718(t5)
core   0: 3 0x8000a94e (0x6a3f2b23) mem 0x80010000 0x00000001
core   0: 0x8000a952 (0x0000bfe5) c.j     pc - 8
core   0: 3 0x8000a952 (0xbfe5)
core   0: 0x8000a94a (0x00005f17) auipc   t5, 0x5
core   0: 3 0x8000a94a (0x00005f17) x30 0x8000f94a
core   0: 0x8000a94e (0x6a3f2b23) sw      gp, 1718(t5)
core   0: 3 0x8000a94e (0x6a3f2b23) mem 0x80010000 0x00000001
core   0: 0x8000a952 (0x0000bfe5) c.j     pc - 8
core   0: 3 0x8000a952 (0xbfe5)
core   0: 0x8000a94a (0x00005f17) auipc   t5, 0x5
core   0: 3 0x8000a94a (0x00005f17) x30 0x8000f94a
core   0: 0x8000a94e (0x6a3f2b23) sw      gp, 1718(t5)
core   0: 3 0x8000a94e (0x6a3f2b23) mem 0x80010000 0x00000001
core   0: 0x8000a952 (0x0000bfe5) c.j     pc - 8
core   0: 3 0x8000a952 (0xbfe5)
core   0: 0x8000a94a (0x00005f17) auipc   t5, 0x5
core   0: 3 0x8000a94a (0x00005f17) x30 0x8000f94a
core   0: 0x8000a94e (0x6a3f2b23) sw      gp, 1718(t5)
core   0: 3 0x8000a94e (0x6a3f2b23) mem 0x80010000 0x00000001
core   0: 0x8000a952 (0x0000bfe5) c.j     pc - 8
core   0: 3 0x8000a952 (0xbfe5)
core   0: 0x8000a94a (0x00005f17) auipc   t5, 0x5
core   0: 3 0x8000a94a (0x00005f17) x30 0x8000f94a
core   0: 0x8000a94e (0x6a3f2b23) sw      gp, 1718(t5)
core   0: 3 0x8000a94e (0x6a3f2b23) mem 0x80010000 0x00000001
core   0: 0x8000a952 (0x0000bfe5) c.j     pc - 8
core   0: 3 0x8000a952 (0xbfe5)
core   0: 0x8000a94a (0x00005f17) auipc   t5, 0x5
core   0: 3 0x8000a94a (0x00005f17) x30 0x8000f94a
core   0: 0x8000a94e (0x6a3f2b23) sw      gp, 1718(t5)
core   0: 3 0x8000a94e (0x6a3f2b23) mem 0x80010000 0x00000001
core   0: 0x8000a952 (0x0000bfe5) c.j     pc - 8
core   0: 3 0x8000a952 (0xbfe5)
core   0: 0x8000a94a (0x00005f17) auipc   t5, 0x5
core   0: 3 0x8000a94a (0x00005f17) x30 0x8000f94a
core   0: 0x8000a94e (0x6a3f2b23) sw      gp, 1718(t5)
core   0: 3 0x8000a94e (0x6a3f2b23) mem 0x80010000 0x00000001
core   0: 0x8000a952 (0x0000bfe5) c.j     pc - 8
core   0: 3 0x8000a952 (0xbfe5)
core   0: 0x8000a94a (0x00005f17) auipc   t5, 0x5
core   0: 3 0x8000a94a (0x00005f17) x30 0x8000f94a
core   0: 0x8000a94e (0x6a3f2b23) sw      gp, 1718(t5)
core   0: 3 0x8000a94e (0x6a3f2b23) mem 0x80010000 0x00000001
core   0: 0x8000a952 (0x0000bfe5) c.j     pc - 8
core   0: 3 0x8000a952 (0xbfe5)
core   0: 0x8000a94a (0x00005f17) auipc   t5, 0x5
core   0: 3 0x8000a94a (0x00005f17) x30 0x8000f94a
core   0: 0x8000a94e (0x6a3f2b23) sw      gp, 1718(t5)
core   0: 3 0x8000a94e (0x6a3f2b23) mem 0x80010000 0x00000001
core   0: 0x8000a952 (0x0000bfe5) c.j     pc - 8
core   0: 3 0x8000a952 (0xbfe5)
core   0: 0x8000a94a (0x00005f17) auipc   t5, 0x5
core   0: 3 0x8000a94a (0x00005f17) x30 0x8000f94a
core   0: 0x8000a94e (0x6a3f2b23) sw      gp, 1718(t5)
core   0: 3 0x8000a94e (0x6a3f2b23) mem 0x80010000 0x00000001
core   0: 0x8000a952 (0x0000bfe5) c.j     pc - 8
core   0: 3 0x8000a952 (0xbfe5)
core   0: 0x8000a94a (0x00005f17) auipc   t5, 0x5
core   0: 3 0x8000a94a (0x00005f17) x30 0x8000f94a
core   0: 0x8000a94e (0x6a3f2b23) sw      gp, 1718(t5)
core   0: 3 0x8000a94e (0x6a3f2b23) mem 0x80010000 0x00000001
core   0: 0x8000a952 (0x0000bfe5) c.j     pc - 8
core   0: 3 0x8000a952 (0xbfe5)
core   0: 0x8000a94a (0x00005f17) auipc   t5, 0x5
core   0: 3 0x8000a94a (0x00005f17) x30 0x8000f94a
core   0: 0x8000a94e (0x6a3f2b23) sw      gp, 1718(t5)
core   0: 3 0x8000a94e (0x6a3f2b23) mem 0x80010000 0x00000001
core   0: 0x8000a952 (0x0000bfe5) c.j     pc - 8
core   0: 3 0x8000a952 (0xbfe5)
core   0: 0x8000a94a (0x00005f17) auipc   t5, 0x5
core   0: 3 0x8000a94a (0x00005f17) x30 0x8000f94a
core   0: 0x8000a94e (0x6a3f2b23) sw      gp, 1718(t5)
core   0: 3 0x8000a94e (0x6a3f2b23) mem 0x80010000 0x00000001
core   0: 0x8000a952 (0x0000bfe5) c.j     pc - 8
core   0: 3 0x8000a952 (0xbfe5)
core   0: 0x8000a94a (0x00005f17) auipc   t5, 0x5
core   0: 3 0x8000a94a (0x00005f17) x30 0x8000f94a
core   0: 0x8000a94e (0x6a3f2b23) sw      gp, 1718(t5)
core   0: 3 0x8000a94e (0x6a3f2b23) mem 0x80010000 0x00000001
core   0: 0x8000a952 (0x0000bfe5) c.j     pc - 8
core   0: 3 0x8000a952 (0xbfe5)
core   0: 0x8000a94a (0x00005f17) auipc   t5, 0x5
core   0: 3 0x8000a94a (0x00005f17) x30 0x8000f94a
core   0: 0x8000a94e (0x6a3f2b23) sw      gp, 1718(t5)
core   0: 3 0x8000a94e (0x6a3f2b23) mem 0x80010000 0x00000001
core   0: 0x8000a952 (0x0000bfe5) c.j     pc - 8
core   0: 3 0x8000a952 (0xbfe5)
core   0: 0x8000a94a (0x00005f17) auipc   t5, 0x5
core   0: 3 0x8000a94a (0x00005f17) x30 0x8000f94a
core   0: 0x8000a94e (0x6a3f2b23) sw      gp, 1718(t5)
core   0: 3 0x8000a94e (0x6a3f2b23) mem 0x80010000 0x00000001
core   0: 0x8000a952 (0x0000bfe5) c.j     pc - 8
core   0: 3 0x8000a952 (0xbfe5)
core   0: 0x8000a94a (0x00005f17) auipc   t5, 0x5
core   0: 3 0x8000a94a (0x00005f17) x30 0x8000f94a
core   0: 0x8000a94e (0x6a3f2b23) sw      gp, 1718(t5)
core   0: 3 0x8000a94e (0x6a3f2b23) mem 0x80010000 0x00000001
core   0: 0x8000a952 (0x0000bfe5) c.j     pc - 8
core   0: 3 0x8000a952 (0xbfe5)
core   0: 0x8000a94a (0x00005f17) auipc   t5, 0x5
core   0: 3 0x8000a94a (0x00005f17) x30 0x8000f94a
core   0: 0x8000a94e (0x6a3f2b23) sw      gp, 1718(t5)
core   0: 3 0x8000a94e (0x6a3f2b23) mem 0x80010000 0x00000001
core   0: 0x8000a952 (0x0000bfe5) c.j     pc - 8
core   0: 3 0x8000a952 (0xbfe5)
core   0: 0x8000a94a (0x00005f17) auipc   t5, 0x5
core   0: 3 0x8000a94a (0x00005f17) x30 0x8000f94a
core   0: 0x8000a94e (0x6a3f2b23) sw      gp, 1718(t5)
core   0: 3 0x8000a94e (0x6a3f2b23) mem 0x80010000 0x00000001
core   0: 0x8000a952 (0x0000bfe5) c.j     pc - 8
core   0: 3 0x8000a952 (0xbfe5)
core   0: 0x8000a94a (0x00005f17) auipc   t5, 0x5
core   0: 3 0x8000a94a (0x00005f17) x30 0x8000f94a
core   0: 0x8000a94e (0x6a3f2b23) sw      gp, 1718(t5)
core   0: 3 0x8000a94e (0x6a3f2b23) mem 0x80010000 0x00000001
core   0: 0x8000a952 (0x0000bfe5) c.j     pc - 8
core   0: 3 0x8000a952 (0xbfe5)
core   0: 0x8000a94a (0x00005f17) auipc   t5, 0x5
core   0: 3 0x8000a94a (0x00005f17) x30 0x8000f94a
core   0: 0x8000a94e (0x6a3f2b23) sw      gp, 1718(t5)
core   0: 3 0x8000a94e (0x6a3f2b23) mem 0x80010000 0x00000001
core   0: 0x8000a952 (0x0000bfe5) c.j     pc - 8
core   0: 3 0x8000a952 (0xbfe5)
core   0: 0x8000a94a (0x00005f17) auipc   t5, 0x5
core   0: 3 0x8000a94a (0x00005f17) x30 0x8000f94a
core   0: 0x8000a94e (0x6a3f2b23) sw      gp, 1718(t5)
core   0: 3 0x8000a94e (0x6a3f2b23) mem 0x80010000 0x00000001
core   0: 0x8000a952 (0x0000bfe5) c.j     pc - 8
core   0: 3 0x8000a952 (0xbfe5)
core   0: 0x8000a94a (0x00005f17) auipc   t5, 0x5
core   0: 3 0x8000a94a (0x00005f17) x30 0x8000f94a
core   0: 0x8000a94e (0x6a3f2b23) sw      gp, 1718(t5)
core   0: 3 0x8000a94e (0x6a3f2b23) mem 0x80010000 0x00000001
core   0: 0x8000a952 (0x0000bfe5) c.j     pc - 8
core   0: 3 0x8000a952 (0xbfe5)
core   0: 0x8000a94a (0x00005f17) auipc   t5, 0x5
core   0: 3 0x8000a94a (0x00005f17) x30 0x8000f94a
core   0: 0x8000a94e (0x6a3f2b23) sw      gp, 1718(t5)
core   0: 3 0x8000a94e (0x6a3f2b23) mem 0x80010000 0x00000001
core   0: 0x8000a952 (0x0000bfe5) c.j     pc - 8
core   0: 3 0x8000a952 (0xbfe5)
core   0: 0x8000a94a (0x00005f17) auipc   t5, 0x5
core   0: 3 0x8000a94a (0x00005f17) x30 0x8000f94a
core   0: 0x8000a94e (0x6a3f2b23) sw      gp, 1718(t5)
core   0: 3 0x8000a94e (0x6a3f2b23) mem 0x80010000 0x00000001
core   0: 0x8000a952 (0x0000bfe5) c.j     pc - 8
core   0: 3 0x8000a952 (0xbfe5)
core   0: 0x8000a94a (0x00005f17) auipc   t5, 0x5
core   0: 3 0x8000a94a (0x00005f17) x30 0x8000f94a
core   0: 0x8000a94e (0x6a3f2b23) sw      gp, 1718(t5)
core   0: 3 0x8000a94e (0x6a3f2b23) mem 0x80010000 0x00000001
core   0: 0x8000a952 (0x0000bfe5) c.j     pc - 8
core   0: 3 0x8000a952 (0xbfe5)
core   0: 0x8000a94a (0x00005f17) auipc   t5, 0x5
core   0: 3 0x8000a94a (0x00005f17) x30 0x8000f94a
core   0: 0x8000a94e (0x6a3f2b23) sw      gp, 1718(t5)
core   0: 3 0x8000a94e (0x6a3f2b23) mem 0x80010000 0x00000001
core   0: 0x8000a952 (0x0000bfe5) c.j     pc - 8
core   0: 3 0x8000a952 (0xbfe5)
core   0: 0x8000a94a (0x00005f17) auipc   t5, 0x5
core   0: 3 0x8000a94a (0x00005f17) x30 0x8000f94a
core   0: 0x8000a94e (0x6a3f2b23) sw      gp, 1718(t5)
core   0: 3 0x8000a94e (0x6a3f2b23) mem 0x80010000 0x00000001
core   0: 0x8000a952 (0x0000bfe5) c.j     pc - 8
core   0: 3 0x8000a952 (0xbfe5)
core   0: 0x8000a94a (0x00005f17) auipc   t5, 0x5
core   0: 3 0x8000a94a (0x00005f17) x30 0x8000f94a
core   0: 0x8000a94e (0x6a3f2b23) sw      gp, 1718(t5)
core   0: 3 0x8000a94e (0x6a3f2b23) mem 0x80010000 0x00000001
core   0: 0x8000a952 (0x0000bfe5) c.j     pc - 8
core   0: 3 0x8000a952 (0xbfe5)
core   0: 0x8000a94a (0x00005f17) auipc   t5, 0x5
core   0: 3 0x8000a94a (0x00005f17) x30 0x8000f94a
core   0: 0x8000a94e (0x6a3f2b23) sw      gp, 1718(t5)
core   0: 3 0x8000a94e (0x6a3f2b23) mem 0x80010000 0x00000001
core   0: 0x8000a952 (0x0000bfe5) c.j     pc - 8
core   0: 3 0x8000a952 (0xbfe5)
core   0: 0x8000a94a (0x00005f17) auipc   t5, 0x5
core   0: 3 0x8000a94a (0x00005f17) x30 0x8000f94a
core   0: 0x8000a94e (0x6a3f2b23) sw      gp, 1718(t5)
core   0: 3 0x8000a94e (0x6a3f2b23) mem 0x80010000 0x00000001
core   0: 0x8000a952 (0x0000bfe5) c.j     pc - 8
core   0: 3 0x8000a952 (0xbfe5)
core   0: 0x8000a94a (0x00005f17) auipc   t5, 0x5
core   0: 3 0x8000a94a (0x00005f17) x30 0x8000f94a
core   0: 0x8000a94e (0x6a3f2b23) sw      gp, 1718(t5)
core   0: 3 0x8000a94e (0x6a3f2b23) mem 0x80010000 0x00000001
core   0: 0x8000a952 (0x0000bfe5) c.j     pc - 8
core   0: 3 0x8000a952 (0xbfe5)
core   0: 0x8000a94a (0x00005f17) auipc   t5, 0x5
core   0: 3 0x8000a94a (0x00005f17) x30 0x8000f94a
core   0: 0x8000a94e (0x6a3f2b23) sw      gp, 1718(t5)
core   0: 3 0x8000a94e (0x6a3f2b23) mem 0x80010000 0x00000001
core   0: 0x8000a952 (0x0000bfe5) c.j     pc - 8
core   0: 3 0x8000a952 (0xbfe5)
core   0: 0x8000a94a (0x00005f17) auipc   t5, 0x5
core   0: 3 0x8000a94a (0x00005f17) x30 0x8000f94a
core   0: 0x8000a94e (0x6a3f2b23) sw      gp, 1718(t5)
core   0: 3 0x8000a94e (0x6a3f2b23) mem 0x80010000 0x00000001
core   0: 0x8000a952 (0x0000bfe5) c.j     pc - 8
core   0: 3 0x8000a952 (0xbfe5)
core   0: 0x8000a94a (0x00005f17) auipc   t5, 0x5
core   0: 3 0x8000a94a (0x00005f17) x30 0x8000f94a
core   0: 0x8000a94e (0x6a3f2b23) sw      gp, 1718(t5)
core   0: 3 0x8000a94e (0x6a3f2b23) mem 0x80010000 0x00000001
core   0: 0x8000a952 (0x0000bfe5) c.j     pc - 8
core   0: 3 0x8000a952 (0xbfe5)
core   0: 0x8000a94a (0x00005f17) auipc   t5, 0x5
core   0: 3 0x8000a94a (0x00005f17) x30 0x8000f94a
core   0: 0x8000a94e (0x6a3f2b23) sw      gp, 1718(t5)
core   0: 3 0x8000a94e (0x6a3f2b23) mem 0x80010000 0x00000001
core   0: 0x8000a952 (0x0000bfe5) c.j     pc - 8
core   0: 3 0x8000a952 (0xbfe5)
core   0: 0x8000a94a (0x00005f17) auipc   t5, 0x5
core   0: 3 0x8000a94a (0x00005f17) x30 0x8000f94a
core   0: 0x8000a94e (0x6a3f2b23) sw      gp, 1718(t5)
core   0: 3 0x8000a94e (0x6a3f2b23) mem 0x80010000 0x00000001
core   0: 0x8000a952 (0x0000bfe5) c.j     pc - 8
core   0: 3 0x8000a952 (0xbfe5)
core   0: 0x8000a94a (0x00005f17) auipc   t5, 0x5
core   0: 3 0x8000a94a (0x00005f17) x30 0x8000f94a
core   0: 0x8000a94e (0x6a3f2b23) sw      gp, 1718(t5)
core   0: 3 0x8000a94e (0x6a3f2b23) mem 0x80010000 0x00000001
core   0: 0x8000a952 (0x0000bfe5) c.j     pc - 8
core   0: 3 0x8000a952 (0xbfe5)
core   0: 0x8000a94a (0x00005f17) auipc   t5, 0x5
core   0: 3 0x8000a94a (0x00005f17) x30 0x8000f94a
core   0: 0x8000a94e (0x6a3f2b23) sw      gp, 1718(t5)
core   0: 3 0x8000a94e (0x6a3f2b23) mem 0x80010000 0x00000001
core   0: 0x8000a952 (0x0000bfe5) c.j     pc - 8
core   0: 3 0x8000a952 (0xbfe5)
core   0: 0x8000a94a (0x00005f17) auipc   t5, 0x5
core   0: 3 0x8000a94a (0x00005f17) x30 0x8000f94a
core   0: 0x8000a94e (0x6a3f2b23) sw      gp, 1718(t5)
core   0: 3 0x8000a94e (0x6a3f2b23) mem 0x80010000 0x00000001
core   0: 0x8000a952 (0x0000bfe5) c.j     pc - 8
core   0: 3 0x8000a952 (0xbfe5)
core   0: 0x8000a94a (0x00005f17) auipc   t5, 0x5
core   0: 3 0x8000a94a (0x00005f17) x30 0x8000f94a
core   0: 0x8000a94e (0x6a3f2b23) sw      gp, 1718(t5)
core   0: 3 0x8000a94e (0x6a3f2b23) mem 0x80010000 0x00000001
core   0: 0x8000a952 (0x0000bfe5) c.j     pc - 8
core   0: 3 0x8000a952 (0xbfe5)
core   0: 0x8000a94a (0x00005f17) auipc   t5, 0x5
core   0: 3 0x8000a94a (0x00005f17) x30 0x8000f94a
core   0: 0x8000a94e (0x6a3f2b23) sw      gp, 1718(t5)
core   0: 3 0x8000a94e (0x6a3f2b23) mem 0x80010000 0x00000001
core   0: 0x8000a952 (0x0000bfe5) c.j     pc - 8
core   0: 3 0x8000a952 (0xbfe5)
core   0: 0x8000a94a (0x00005f17) auipc   t5, 0x5
core   0: 3 0x8000a94a (0x00005f17) x30 0x8000f94a
core   0: 0x8000a94e (0x6a3f2b23) sw      gp, 1718(t5)
core   0: 3 0x8000a94e (0x6a3f2b23) mem 0x80010000 0x00000001
core   0: 0x8000a952 (0x0000bfe5) c.j     pc - 8
core   0: 3 0x8000a952 (0xbfe5)
core   0: 0x8000a94a (0x00005f17) auipc   t5, 0x5
core   0: 3 0x8000a94a (0x00005f17) x30 0x8000f94a
core   0: 0x8000a94e (0x6a3f2b23) sw      gp, 1718(t5)
core   0: 3 0x8000a94e (0x6a3f2b23) mem 0x80010000 0x00000001
core   0: 0x8000a952 (0x0000bfe5) c.j     pc - 8
core   0: 3 0x8000a952 (0xbfe5)
core   0: 0x8000a94a (0x00005f17) auipc   t5, 0x5
core   0: 3 0x8000a94a (0x00005f17) x30 0x8000f94a
core   0: 0x8000a94e (0x6a3f2b23) sw      gp, 1718(t5)
core   0: 3 0x8000a94e (0x6a3f2b23) mem 0x80010000 0x00000001
core   0: 0x8000a952 (0x0000bfe5) c.j     pc - 8
core   0: 3 0x8000a952 (0xbfe5)
core   0: 0x8000a94a (0x00005f17) auipc   t5, 0x5
core   0: 3 0x8000a94a (0x00005f17) x30 0x8000f94a
core   0: 0x8000a94e (0x6a3f2b23) sw      gp, 1718(t5)
core   0: 3 0x8000a94e (0x6a3f2b23) mem 0x80010000 0x00000001
core   0: 0x8000a952 (0x0000bfe5) c.j     pc - 8
core   0: 3 0x8000a952 (0xbfe5)
core   0: 0x8000a94a (0x00005f17) auipc   t5, 0x5
core   0: 3 0x8000a94a (0x00005f17) x30 0x8000f94a
core   0: 0x8000a94e (0x6a3f2b23) sw      gp, 1718(t5)
core   0: 3 0x8000a94e (0x6a3f2b23) mem 0x80010000 0x00000001
core   0: 0x8000a952 (0x0000bfe5) c.j     pc - 8
core   0: 3 0x8000a952 (0xbfe5)
core   0: 0x8000a94a (0x00005f17) auipc   t5, 0x5
core   0: 3 0x8000a94a (0x00005f17) x30 0x8000f94a
core   0: 0x8000a94e (0x6a3f2b23) sw      gp, 1718(t5)
core   0: 3 0x8000a94e (0x6a3f2b23) mem 0x80010000 0x00000001
core   0: 0x8000a952 (0x0000bfe5) c.j     pc - 8
core   0: 3 0x8000a952 (0xbfe5)
core   0: 0x8000a94a (0x00005f17) auipc   t5, 0x5
core   0: 3 0x8000a94a (0x00005f17) x30 0x8000f94a
core   0: 0x8000a94e (0x6a3f2b23) sw      gp, 1718(t5)
core   0: 3 0x8000a94e (0x6a3f2b23) mem 0x80010000 0x00000001
core   0: 0x8000a952 (0x0000bfe5) c.j     pc - 8
core   0: 3 0x8000a952 (0xbfe5)
core   0: 0x8000a94a (0x00005f17) auipc   t5, 0x5
core   0: 3 0x8000a94a (0x00005f17) x30 0x8000f94a
core   0: 0x8000a94e (0x6a3f2b23) sw      gp, 1718(t5)
core   0: 3 0x8000a94e (0x6a3f2b23) mem 0x80010000 0x00000001
core   0: 0x8000a952 (0x0000bfe5) c.j     pc - 8
core   0: 3 0x8000a952 (0xbfe5)
core   0: 0x8000a94a (0x00005f17) auipc   t5, 0x5
core   0: 3 0x8000a94a (0x00005f17) x30 0x8000f94a
core   0: 0x8000a94e (0x6a3f2b23) sw      gp, 1718(t5)
core   0: 3 0x8000a94e (0x6a3f2b23) mem 0x80010000 0x00000001
core   0: 0x8000a952 (0x0000bfe5) c.j     pc - 8
core   0: 3 0x8000a952 (0xbfe5)
core   0: 0x8000a94a (0x00005f17) auipc   t5, 0x5
core   0: 3 0x8000a94a (0x00005f17) x30 0x8000f94a
core   0: 0x8000a94e (0x6a3f2b23) sw      gp, 1718(t5)
core   0: 3 0x8000a94e (0x6a3f2b23) mem 0x80010000 0x00000001
core   0: 0x8000a952 (0x0000bfe5) c.j     pc - 8
core   0: 3 0x8000a952 (0xbfe5)
core   0: 0x8000a94a (0x00005f17) auipc   t5, 0x5
core   0: 3 0x8000a94a (0x00005f17) x30 0x8000f94a
core   0: 0x8000a94e (0x6a3f2b23) sw      gp, 1718(t5)
core   0: 3 0x8000a94e (0x6a3f2b23) mem 0x80010000 0x00000001
core   0: 0x8000a952 (0x0000bfe5) c.j     pc - 8
core   0: 3 0x8000a952 (0xbfe5)
core   0: 0x8000a94a (0x00005f17) auipc   t5, 0x5
core   0: 3 0x8000a94a (0x00005f17) x30 0x8000f94a
core   0: 0x8000a94e (0x6a3f2b23) sw      gp, 1718(t5)
core   0: 3 0x8000a94e (0x6a3f2b23) mem 0x80010000 0x00000001
core   0: 0x8000a952 (0x0000bfe5) c.j     pc - 8
core   0: 3 0x8000a952 (0xbfe5)
core   0: 0x8000a94a (0x00005f17) auipc   t5, 0x5
core   0: 3 0x8000a94a (0x00005f17) x30 0x8000f94a
core   0: 0x8000a94e (0x6a3f2b23) sw      gp, 1718(t5)
core   0: 3 0x8000a94e (0x6a3f2b23) mem 0x80010000 0x00000001
core   0: 0x8000a952 (0x0000bfe5) c.j     pc - 8
core   0: 3 0x8000a952 (0xbfe5)
core   0: 0x8000a94a (0x00005f17) auipc   t5, 0x5
core   0: 3 0x8000a94a (0x00005f17) x30 0x8000f94a
core   0: 0x8000a94e (0x6a3f2b23) sw      gp, 1718(t5)
core   0: 3 0x8000a94e (0x6a3f2b23) mem 0x80010000 0x00000001
core   0: 0x8000a952 (0x0000bfe5) c.j     pc - 8
core   0: 3 0x8000a952 (0xbfe5)
core   0: 0x8000a94a (0x00005f17) auipc   t5, 0x5
core   0: 3 0x8000a94a (0x00005f17) x30 0x8000f94a
core   0: 0x8000a94e (0x6a3f2b23) sw      gp, 1718(t5)
core   0: 3 0x8000a94e (0x6a3f2b23) mem 0x80010000 0x00000001
core   0: 0x8000a952 (0x0000bfe5) c.j     pc - 8
core   0: 3 0x8000a952 (0xbfe5)
core   0: 0x8000a94a (0x00005f17) auipc   t5, 0x5
core   0: 3 0x8000a94a (0x00005f17) x30 0x8000f94a
core   0: 0x8000a94e (0x6a3f2b23) sw      gp, 1718(t5)
core   0: 3 0x8000a94e (0x6a3f2b23) mem 0x80010000 0x00000001
core   0: 0x8000a952 (0x0000bfe5) c.j     pc - 8
core   0: 3 0x8000a952 (0xbfe5)
core   0: 0x8000a94a (0x00005f17) auipc   t5, 0x5
core   0: 3 0x8000a94a (0x00005f17) x30 0x8000f94a
core   0: 0x8000a94e (0x6a3f2b23) sw      gp, 1718(t5)
core   0: 3 0x8000a94e (0x6a3f2b23) mem 0x80010000 0x00000001
core   0: 0x8000a952 (0x0000bfe5) c.j     pc - 8
core   0: 3 0x8000a952 (0xbfe5)
core   0: 0x8000a94a (0x00005f17) auipc   t5, 0x5
core   0: 3 0x8000a94a (0x00005f17) x30 0x8000f94a
core   0: 0x8000a94e (0x6a3f2b23) sw      gp, 1718(t5)
core   0: 3 0x8000a94e (0x6a3f2b23) mem 0x80010000 0x00000001
core   0: 0x8000a952 (0x0000bfe5) c.j     pc - 8
core   0: 3 0x8000a952 (0xbfe5)
core   0: 0x8000a94a (0x00005f17) auipc   t5, 0x5
core   0: 3 0x8000a94a (0x00005f17) x30 0x8000f94a
core   0: 0x8000a94e (0x6a3f2b23) sw      gp, 1718(t5)
core   0: 3 0x8000a94e (0x6a3f2b23) mem 0x80010000 0x00000001
core   0: 0x8000a952 (0x0000bfe5) c.j     pc - 8
core   0: 3 0x8000a952 (0xbfe5)
core   0: 0x8000a94a (0x00005f17) auipc   t5, 0x5
core   0: 3 0x8000a94a (0x00005f17) x30 0x8000f94a
core   0: 0x8000a94e (0x6a3f2b23) sw      gp, 1718(t5)
core   0: 3 0x8000a94e (0x6a3f2b23) mem 0x80010000 0x00000001
core   0: 0x8000a952 (0x0000bfe5) c.j     pc - 8
core   0: 3 0x8000a952 (0xbfe5)
core   0: 0x8000a94a (0x00005f17) auipc   t5, 0x5
core   0: 3 0x8000a94a (0x00005f17) x30 0x8000f94a
core   0: 0x8000a94e (0x6a3f2b23) sw      gp, 1718(t5)
core   0: 3 0x8000a94e (0x6a3f2b23) mem 0x80010000 0x00000001
core   0: 0x8000a952 (0x0000bfe5) c.j     pc - 8
core   0: 3 0x8000a952 (0xbfe5)
core   0: 0x8000a94a (0x00005f17) auipc   t5, 0x5
core   0: 3 0x8000a94a (0x00005f17) x30 0x8000f94a
core   0: 0x8000a94e (0x6a3f2b23) sw      gp, 1718(t5)
core   0: 3 0x8000a94e (0x6a3f2b23) mem 0x80010000 0x00000001
core   0: 0x8000a952 (0x0000bfe5) c.j     pc - 8
core   0: 3 0x8000a952 (0xbfe5)
core   0: 0x8000a94a (0x00005f17) auipc   t5, 0x5
core   0: 3 0x8000a94a (0x00005f17) x30 0x8000f94a
core   0: 0x8000a94e (0x6a3f2b23) sw      gp, 1718(t5)
core   0: 3 0x8000a94e (0x6a3f2b23) mem 0x80010000 0x00000001
core   0: 0x8000a952 (0x0000bfe5) c.j     pc - 8
core   0: 3 0x8000a952 (0xbfe5)
core   0: 0x8000a94a (0x00005f17) auipc   t5, 0x5
core   0: 3 0x8000a94a (0x00005f17) x30 0x8000f94a
core   0: 0x8000a94e (0x6a3f2b23) sw      gp, 1718(t5)
core   0: 3 0x8000a94e (0x6a3f2b23) mem 0x80010000 0x00000001
core   0: 0x8000a952 (0x0000bfe5) c.j     pc - 8
core   0: 3 0x8000a952 (0xbfe5)
core   0: 0x8000a94a (0x00005f17) auipc   t5, 0x5
core   0: 3 0x8000a94a (0x00005f17) x30 0x8000f94a
core   0: 0x8000a94e (0x6a3f2b23) sw      gp, 1718(t5)
core   0: 3 0x8000a94e (0x6a3f2b23) mem 0x80010000 0x00000001
core   0: 0x8000a952 (0x0000bfe5) c.j     pc - 8
core   0: 3 0x8000a952 (0xbfe5)
core   0: 0x8000a94a (0x00005f17) auipc   t5, 0x5
core   0: 3 0x8000a94a (0x00005f17) x30 0x8000f94a
core   0: 0x8000a94e (0x6a3f2b23) sw      gp, 1718(t5)
core   0: 3 0x8000a94e (0x6a3f2b23) mem 0x80010000 0x00000001
core   0: 0x8000a952 (0x0000bfe5) c.j     pc - 8
core   0: 3 0x8000a952 (0xbfe5)
core   0: 0x8000a94a (0x00005f17) auipc   t5, 0x5
core   0: 3 0x8000a94a (0x00005f17) x30 0x8000f94a
core   0: 0x8000a94e (0x6a3f2b23) sw      gp, 1718(t5)
core   0: 3 0x8000a94e (0x6a3f2b23) mem 0x80010000 0x00000001
core   0: 0x8000a952 (0x0000bfe5) c.j     pc - 8
core   0: 3 0x8000a952 (0xbfe5)
core   0: 0x8000a94a (0x00005f17) auipc   t5, 0x5
core   0: 3 0x8000a94a (0x00005f17) x30 0x8000f94a
core   0: 0x8000a94e (0x6a3f2b23) sw      gp, 1718(t5)
core   0: 3 0x8000a94e (0x6a3f2b23) mem 0x80010000 0x00000001
core   0: 0x8000a952 (0x0000bfe5) c.j     pc - 8
core   0: 3 0x8000a952 (0xbfe5)
core   0: 0x8000a94a (0x00005f17) auipc   t5, 0x5
core   0: 3 0x8000a94a (0x00005f17) x30 0x8000f94a
core   0: 0x8000a94e (0x6a3f2b23) sw      gp, 1718(t5)
core   0: 3 0x8000a94e (0x6a3f2b23) mem 0x80010000 0x00000001
core   0: 0x8000a952 (0x0000bfe5) c.j     pc - 8
core   0: 3 0x8000a952 (0xbfe5)
core   0: 0x8000a94a (0x00005f17) auipc   t5, 0x5
core   0: 3 0x8000a94a (0x00005f17) x30 0x8000f94a
core   0: 0x8000a94e (0x6a3f2b23) sw      gp, 1718(t5)
core   0: 3 0x8000a94e (0x6a3f2b23) mem 0x80010000 0x00000001
core   0: 0x8000a952 (0x0000bfe5) c.j     pc - 8
core   0: 3 0x8000a952 (0xbfe5)
core   0: 0x8000a94a (0x00005f17) auipc   t5, 0x5
core   0: 3 0x8000a94a (0x00005f17) x30 0x8000f94a
core   0: 0x8000a94e (0x6a3f2b23) sw      gp, 1718(t5)
core   0: 3 0x8000a94e (0x6a3f2b23) mem 0x80010000 0x00000001
core   0: 0x8000a952 (0x0000bfe5) c.j     pc - 8
core   0: 3 0x8000a952 (0xbfe5)
core   0: 0x8000a94a (0x00005f17) auipc   t5, 0x5
core   0: 3 0x8000a94a (0x00005f17) x30 0x8000f94a
core   0: 0x8000a94e (0x6a3f2b23) sw      gp, 1718(t5)
core   0: 3 0x8000a94e (0x6a3f2b23) mem 0x80010000 0x00000001
core   0: 0x8000a952 (0x0000bfe5) c.j     pc - 8
core   0: 3 0x8000a952 (0xbfe5)
core   0: 0x8000a94a (0x00005f17) auipc   t5, 0x5
core   0: 3 0x8000a94a (0x00005f17) x30 0x8000f94a
core   0: 0x8000a94e (0x6a3f2b23) sw      gp, 1718(t5)
core   0: 3 0x8000a94e (0x6a3f2b23) mem 0x80010000 0x00000001
core   0: 0x8000a952 (0x0000bfe5) c.j     pc - 8
core   0: 3 0x8000a952 (0xbfe5)
core   0: 0x8000a94a (0x00005f17) auipc   t5, 0x5
core   0: 3 0x8000a94a (0x00005f17) x30 0x8000f94a
core   0: 0x8000a94e (0x6a3f2b23) sw      gp, 1718(t5)
core   0: 3 0x8000a94e (0x6a3f2b23) mem 0x80010000 0x00000001
core   0: 0x8000a952 (0x0000bfe5) c.j     pc - 8
core   0: 3 0x8000a952 (0xbfe5)
core   0: 0x8000a94a (0x00005f17) auipc   t5, 0x5
core   0: 3 0x8000a94a (0x00005f17) x30 0x8000f94a
core   0: 0x8000a94e (0x6a3f2b23) sw      gp, 1718(t5)
core   0: 3 0x8000a94e (0x6a3f2b23) mem 0x80010000 0x00000001
core   0: 0x8000a952 (0x0000bfe5) c.j     pc - 8
core   0: 3 0x8000a952 (0xbfe5)
core   0: 0x8000a94a (0x00005f17) auipc   t5, 0x5
core   0: 3 0x8000a94a (0x00005f17) x30 0x8000f94a
core   0: 0x8000a94e (0x6a3f2b23) sw      gp, 1718(t5)
core   0: 3 0x8000a94e (0x6a3f2b23) mem 0x80010000 0x00000001
core   0: 0x8000a952 (0x0000bfe5) c.j     pc - 8
core   0: 3 0x8000a952 (0xbfe5)
core   0: 0x8000a94a (0x00005f17) auipc   t5, 0x5
core   0: 3 0x8000a94a (0x00005f17) x30 0x8000f94a
core   0: 0x8000a94e (0x6a3f2b23) sw      gp, 1718(t5)
core   0: 3 0x8000a94e (0x6a3f2b23) mem 0x80010000 0x00000001
core   0: 0x8000a952 (0x0000bfe5) c.j     pc - 8
core   0: 3 0x8000a952 (0xbfe5)
core   0: 0x8000a94a (0x00005f17) auipc   t5, 0x5
core   0: 3 0x8000a94a (0x00005f17) x30 0x8000f94a
core   0: 0x8000a94e (0x6a3f2b23) sw      gp, 1718(t5)
core   0: 3 0x8000a94e (0x6a3f2b23) mem 0x80010000 0x00000001
core   0: 0x8000a952 (0x0000bfe5) c.j     pc - 8
core   0: 3 0x8000a952 (0xbfe5)
core   0: 0x8000a94a (0x00005f17) auipc   t5, 0x5
core   0: 3 0x8000a94a (0x00005f17) x30 0x8000f94a
core   0: 0x8000a94e (0x6a3f2b23) sw      gp, 1718(t5)
core   0: 3 0x8000a94e (0x6a3f2b23) mem 0x80010000 0x00000001
core   0: 0x8000a952 (0x0000bfe5) c.j     pc - 8
core   0: 3 0x8000a952 (0xbfe5)
core   0: 0x8000a94a (0x00005f17) auipc   t5, 0x5
core   0: 3 0x8000a94a (0x00005f17) x30 0x8000f94a
core   0: 0x8000a94e (0x6a3f2b23) sw      gp, 1718(t5)
core   0: 3 0x8000a94e (0x6a3f2b23) mem 0x80010000 0x00000001
core   0: 0x8000a952 (0x0000bfe5) c.j     pc - 8
core   0: 3 0x8000a952 (0xbfe5)
core   0: 0x8000a94a (0x00005f17) auipc   t5, 0x5
core   0: 3 0x8000a94a (0x00005f17) x30 0x8000f94a
core   0: 0x8000a94e (0x6a3f2b23) sw      gp, 1718(t5)
core   0: 3 0x8000a94e (0x6a3f2b23) mem 0x80010000 0x00000001
core   0: 0x8000a952 (0x0000bfe5) c.j     pc - 8
core   0: 3 0x8000a952 (0xbfe5)
core   0: 0x8000a94a (0x00005f17) auipc   t5, 0x5
core   0: 3 0x8000a94a (0x00005f17) x30 0x8000f94a
core   0: 0x8000a94e (0x6a3f2b23) sw      gp, 1718(t5)
core   0: 3 0x8000a94e (0x6a3f2b23) mem 0x80010000 0x00000001
core   0: 0x8000a952 (0x0000bfe5) c.j     pc - 8
core   0: 3 0x8000a952 (0xbfe5)
core   0: 0x8000a94a (0x00005f17) auipc   t5, 0x5
core   0: 3 0x8000a94a (0x00005f17) x30 0x8000f94a
core   0: 0x8000a94e (0x6a3f2b23) sw      gp, 1718(t5)
core   0: 3 0x8000a94e (0x6a3f2b23) mem 0x80010000 0x00000001
core   0: 0x8000a952 (0x0000bfe5) c.j     pc - 8
core   0: 3 0x8000a952 (0xbfe5)
core   0: 0x8000a94a (0x00005f17) auipc   t5, 0x5
core   0: 3 0x8000a94a (0x00005f17) x30 0x8000f94a
core   0: 0x8000a94e (0x6a3f2b23) sw      gp, 1718(t5)
core   0: 3 0x8000a94e (0x6a3f2b23) mem 0x80010000 0x00000001
core   0: 0x8000a952 (0x0000bfe5) c.j     pc - 8
core   0: 3 0x8000a952 (0xbfe5)
core   0: 0x8000a94a (0x00005f17) auipc   t5, 0x5
core   0: 3 0x8000a94a (0x00005f17) x30 0x8000f94a
core   0: 0x8000a94e (0x6a3f2b23) sw      gp, 1718(t5)
core   0: 3 0x8000a94e (0x6a3f2b23) mem 0x80010000 0x00000001
core   0: 0x8000a952 (0x0000bfe5) c.j     pc - 8
core   0: 3 0x8000a952 (0xbfe5)
core   0: 0x8000a94a (0x00005f17) auipc   t5, 0x5
core   0: 3 0x8000a94a (0x00005f17) x30 0x8000f94a
core   0: 0x8000a94e (0x6a3f2b23) sw      gp, 1718(t5)
core   0: 3 0x8000a94e (0x6a3f2b23) mem 0x80010000 0x00000001
core   0: 0x8000a952 (0x0000bfe5) c.j     pc - 8
core   0: 3 0x8000a952 (0xbfe5)
core   0: 0x8000a94a (0x00005f17) auipc   t5, 0x5
core   0: 3 0x8000a94a (0x00005f17) x30 0x8000f94a
core   0: 0x8000a94e (0x6a3f2b23) sw      gp, 1718(t5)
core   0: 3 0x8000a94e (0x6a3f2b23) mem 0x80010000 0x00000001
core   0: 0x8000a952 (0x0000bfe5) c.j     pc - 8
core   0: 3 0x8000a952 (0xbfe5)
core   0: 0x8000a94a (0x00005f17) auipc   t5, 0x5
core   0: 3 0x8000a94a (0x00005f17) x30 0x8000f94a
core   0: 0x8000a94e (0x6a3f2b23) sw      gp, 1718(t5)
core   0: 3 0x8000a94e (0x6a3f2b23) mem 0x80010000 0x00000001
core   0: 0x8000a952 (0x0000bfe5) c.j     pc - 8
core   0: 3 0x8000a952 (0xbfe5)
core   0: 0x8000a94a (0x00005f17) auipc   t5, 0x5
core   0: 3 0x8000a94a (0x00005f17) x30 0x8000f94a
core   0: 0x8000a94e (0x6a3f2b23) sw      gp, 1718(t5)
core   0: 3 0x8000a94e (0x6a3f2b23) mem 0x80010000 0x00000001
core   0: 0x8000a952 (0x0000bfe5) c.j     pc - 8
core   0: 3 0x8000a952 (0xbfe5)
core   0: 0x8000a94a (0x00005f17) auipc   t5, 0x5
core   0: 3 0x8000a94a (0x00005f17) x30 0x8000f94a
core   0: 0x8000a94e (0x6a3f2b23) sw      gp, 1718(t5)
core   0: 3 0x8000a94e (0x6a3f2b23) mem 0x80010000 0x00000001
core   0: 0x8000a952 (0x0000bfe5) c.j     pc - 8
core   0: 3 0x8000a952 (0xbfe5)
core   0: 0x8000a94a (0x00005f17) auipc   t5, 0x5
core   0: 3 0x8000a94a (0x00005f17) x30 0x8000f94a
core   0: 0x8000a94e (0x6a3f2b23) sw      gp, 1718(t5)
core   0: 3 0x8000a94e (0x6a3f2b23) mem 0x80010000 0x00000001
core   0: 0x8000a952 (0x0000bfe5) c.j     pc - 8
core   0: 3 0x8000a952 (0xbfe5)
core   0: 0x8000a94a (0x00005f17) auipc   t5, 0x5
core   0: 3 0x8000a94a (0x00005f17) x30 0x8000f94a
core   0: 0x8000a94e (0x6a3f2b23) sw      gp, 1718(t5)
core   0: 3 0x8000a94e (0x6a3f2b23) mem 0x80010000 0x00000001
core   0: 0x8000a952 (0x0000bfe5) c.j     pc - 8
core   0: 3 0x8000a952 (0xbfe5)
core   0: 0x8000a94a (0x00005f17) auipc   t5, 0x5
core   0: 3 0x8000a94a (0x00005f17) x30 0x8000f94a
core   0: 0x8000a94e (0x6a3f2b23) sw      gp, 1718(t5)
core   0: 3 0x8000a94e (0x6a3f2b23) mem 0x80010000 0x00000001
core   0: 0x8000a952 (0x0000bfe5) c.j     pc - 8
core   0: 3 0x8000a952 (0xbfe5)
core   0: 0x8000a94a (0x00005f17) auipc   t5, 0x5
core   0: 3 0x8000a94a (0x00005f17) x30 0x8000f94a
core   0: 0x8000a94e (0x6a3f2b23) sw      gp, 1718(t5)
core   0: 3 0x8000a94e (0x6a3f2b23) mem 0x80010000 0x00000001
core   0: 0x8000a952 (0x0000bfe5) c.j     pc - 8
core   0: 3 0x8000a952 (0xbfe5)
core   0: 0x8000a94a (0x00005f17) auipc   t5, 0x5
core   0: 3 0x8000a94a (0x00005f17) x30 0x8000f94a
core   0: 0x8000a94e (0x6a3f2b23) sw      gp, 1718(t5)
core   0: 3 0x8000a94e (0x6a3f2b23) mem 0x80010000 0x00000001
core   0: 0x8000a952 (0x0000bfe5) c.j     pc - 8
core   0: 3 0x8000a952 (0xbfe5)
core   0: 0x8000a94a (0x00005f17) auipc   t5, 0x5
core   0: 3 0x8000a94a (0x00005f17) x30 0x8000f94a
core   0: 0x8000a94e (0x6a3f2b23) sw      gp, 1718(t5)
core   0: 3 0x8000a94e (0x6a3f2b23) mem 0x80010000 0x00000001
core   0: 0x8000a952 (0x0000bfe5) c.j     pc - 8
core   0: 3 0x8000a952 (0xbfe5)
core   0: 0x8000a94a (0x00005f17) auipc   t5, 0x5
core   0: 3 0x8000a94a (0x00005f17) x30 0x8000f94a
core   0: 0x8000a94e (0x6a3f2b23) sw      gp, 1718(t5)
core   0: 3 0x8000a94e (0x6a3f2b23) mem 0x80010000 0x00000001
core   0: 0x8000a952 (0x0000bfe5) c.j     pc - 8
core   0: 3 0x8000a952 (0xbfe5)
core   0: 0x8000a94a (0x00005f17) auipc   t5, 0x5
core   0: 3 0x8000a94a (0x00005f17) x30 0x8000f94a
core   0: 0x8000a94e (0x6a3f2b23) sw      gp, 1718(t5)
core   0: 3 0x8000a94e (0x6a3f2b23) mem 0x80010000 0x00000001
core   0: 0x8000a952 (0x0000bfe5) c.j     pc - 8
core   0: 3 0x8000a952 (0xbfe5)
core   0: 0x8000a94a (0x00005f17) auipc   t5, 0x5
core   0: 3 0x8000a94a (0x00005f17) x30 0x8000f94a
core   0: 0x8000a94e (0x6a3f2b23) sw      gp, 1718(t5)
core   0: 3 0x8000a94e (0x6a3f2b23) mem 0x80010000 0x00000001
core   0: 0x8000a952 (0x0000bfe5) c.j     pc - 8
core   0: 3 0x8000a952 (0xbfe5)
core   0: 0x8000a94a (0x00005f17) auipc   t5, 0x5
core   0: 3 0x8000a94a (0x00005f17) x30 0x8000f94a
core   0: 0x8000a94e (0x6a3f2b23) sw      gp, 1718(t5)
core   0: 3 0x8000a94e (0x6a3f2b23) mem 0x80010000 0x00000001
core   0: 0x8000a952 (0x0000bfe5) c.j     pc - 8
core   0: 3 0x8000a952 (0xbfe5)
core   0: 0x8000a94a (0x00005f17) auipc   t5, 0x5
core   0: 3 0x8000a94a (0x00005f17) x30 0x8000f94a
core   0: 0x8000a94e (0x6a3f2b23) sw      gp, 1718(t5)
core   0: 3 0x8000a94e (0x6a3f2b23) mem 0x80010000 0x00000001
core   0: 0x8000a952 (0x0000bfe5) c.j     pc - 8
core   0: 3 0x8000a952 (0xbfe5)
core   0: 0x8000a94a (0x00005f17) auipc   t5, 0x5
core   0: 3 0x8000a94a (0x00005f17) x30 0x8000f94a
core   0: 0x8000a94e (0x6a3f2b23) sw      gp, 1718(t5)
core   0: 3 0x8000a94e (0x6a3f2b23) mem 0x80010000 0x00000001
core   0: 0x8000a952 (0x0000bfe5) c.j     pc - 8
core   0: 3 0x8000a952 (0xbfe5)
core   0: 0x8000a94a (0x00005f17) auipc   t5, 0x5
core   0: 3 0x8000a94a (0x00005f17) x30 0x8000f94a
core   0: 0x8000a94e (0x6a3f2b23) sw      gp, 1718(t5)
core   0: 3 0x8000a94e (0x6a3f2b23) mem 0x80010000 0x00000001
core   0: 0x8000a952 (0x0000bfe5) c.j     pc - 8
core   0: 3 0x8000a952 (0xbfe5)
core   0: 0x8000a94a (0x00005f17) auipc   t5, 0x5
core   0: 3 0x8000a94a (0x00005f17) x30 0x8000f94a
core   0: 0x8000a94e (0x6a3f2b23) sw      gp, 1718(t5)
core   0: 3 0x8000a94e (0x6a3f2b23) mem 0x80010000 0x00000001
core   0: 0x8000a952 (0x0000bfe5) c.j     pc - 8
core   0: 3 0x8000a952 (0xbfe5)
core   0: 0x8000a94a (0x00005f17) auipc   t5, 0x5
core   0: 3 0x8000a94a (0x00005f17) x30 0x8000f94a
core   0: 0x8000a94e (0x6a3f2b23) sw      gp, 1718(t5)
core   0: 3 0x8000a94e (0x6a3f2b23) mem 0x80010000 0x00000001
core   0: 0x8000a952 (0x0000bfe5) c.j     pc - 8
core   0: 3 0x8000a952 (0xbfe5)
core   0: 0x8000a94a (0x00005f17) auipc   t5, 0x5
core   0: 3 0x8000a94a (0x00005f17) x30 0x8000f94a
core   0: 0x8000a94e (0x6a3f2b23) sw      gp, 1718(t5)
core   0: 3 0x8000a94e (0x6a3f2b23) mem 0x80010000 0x00000001
core   0: 0x8000a952 (0x0000bfe5) c.j     pc - 8
core   0: 3 0x8000a952 (0xbfe5)
core   0: 0x8000a94a (0x00005f17) auipc   t5, 0x5
core   0: 3 0x8000a94a (0x00005f17) x30 0x8000f94a
core   0: 0x8000a94e (0x6a3f2b23) sw      gp, 1718(t5)
core   0: 3 0x8000a94e (0x6a3f2b23) mem 0x80010000 0x00000001
core   0: 0x8000a952 (0x0000bfe5) c.j     pc - 8
core   0: 3 0x8000a952 (0xbfe5)
core   0: 0x8000a94a (0x00005f17) auipc   t5, 0x5
core   0: 3 0x8000a94a (0x00005f17) x30 0x8000f94a
core   0: 0x8000a94e (0x6a3f2b23) sw      gp, 1718(t5)
core   0: 3 0x8000a94e (0x6a3f2b23) mem 0x80010000 0x00000001
core   0: 0x8000a952 (0x0000bfe5) c.j     pc - 8
core   0: 3 0x8000a952 (0xbfe5)
core   0: 0x8000a94a (0x00005f17) auipc   t5, 0x5
core   0: 3 0x8000a94a (0x00005f17) x30 0x8000f94a
core   0: 0x8000a94e (0x6a3f2b23) sw      gp, 1718(t5)
core   0: 3 0x8000a94e (0x6a3f2b23) mem 0x80010000 0x00000001
core   0: 0x8000a952 (0x0000bfe5) c.j     pc - 8
core   0: 3 0x8000a952 (0xbfe5)
core   0: 0x8000a94a (0x00005f17) auipc   t5, 0x5
core   0: 3 0x8000a94a (0x00005f17) x30 0x8000f94a
core   0: 0x8000a94e (0x6a3f2b23) sw      gp, 1718(t5)
core   0: 3 0x8000a94e (0x6a3f2b23) mem 0x80010000 0x00000001
core   0: 0x8000a952 (0x0000bfe5) c.j     pc - 8
core   0: 3 0x8000a952 (0xbfe5)
core   0: 0x8000a94a (0x00005f17) auipc   t5, 0x5
core   0: 3 0x8000a94a (0x00005f17) x30 0x8000f94a
core   0: 0x8000a94e (0x6a3f2b23) sw      gp, 1718(t5)
core   0: 3 0x8000a94e (0x6a3f2b23) mem 0x80010000 0x00000001
core   0: 0x8000a952 (0x0000bfe5) c.j     pc - 8
core   0: 3 0x8000a952 (0xbfe5)
core   0: 0x8000a94a (0x00005f17) auipc   t5, 0x5
core   0: 3 0x8000a94a (0x00005f17) x30 0x8000f94a
core   0: 0x8000a94e (0x6a3f2b23) sw      gp, 1718(t5)
core   0: 3 0x8000a94e (0x6a3f2b23) mem 0x80010000 0x00000001
core   0: 0x8000a952 (0x0000bfe5) c.j     pc - 8
core   0: 3 0x8000a952 (0xbfe5)
core   0: 0x8000a94a (0x00005f17) auipc   t5, 0x5
core   0: 3 0x8000a94a (0x00005f17) x30 0x8000f94a
core   0: 0x8000a94e (0x6a3f2b23) sw      gp, 1718(t5)
core   0: 3 0x8000a94e (0x6a3f2b23) mem 0x80010000 0x00000001
core   0: 0x8000a952 (0x0000bfe5) c.j     pc - 8
core   0: 3 0x8000a952 (0xbfe5)
core   0: 0x8000a94a (0x00005f17) auipc   t5, 0x5
core   0: 3 0x8000a94a (0x00005f17) x30 0x8000f94a
core   0: 0x8000a94e (0x6a3f2b23) sw      gp, 1718(t5)
core   0: 3 0x8000a94e (0x6a3f2b23) mem 0x80010000 0x00000001
core   0: 0x8000a952 (0x0000bfe5) c.j     pc - 8
core   0: 3 0x8000a952 (0xbfe5)
core   0: 0x8000a94a (0x00005f17) auipc   t5, 0x5
core   0: 3 0x8000a94a (0x00005f17) x30 0x8000f94a
core   0: 0x8000a94e (0x6a3f2b23) sw      gp, 1718(t5)
core   0: 3 0x8000a94e (0x6a3f2b23) mem 0x80010000 0x00000001
core   0: 0x8000a952 (0x0000bfe5) c.j     pc - 8
core   0: 3 0x8000a952 (0xbfe5)
core   0: 0x8000a94a (0x00005f17) auipc   t5, 0x5
core   0: 3 0x8000a94a (0x00005f17) x30 0x8000f94a
core   0: 0x8000a94e (0x6a3f2b23) sw      gp, 1718(t5)
core   0: 3 0x8000a94e (0x6a3f2b23) mem 0x80010000 0x00000001
core   0: 0x8000a952 (0x0000bfe5) c.j     pc - 8
core   0: 3 0x8000a952 (0xbfe5)
core   0: 0x8000a94a (0x00005f17) auipc   t5, 0x5
core   0: 3 0x8000a94a (0x00005f17) x30 0x8000f94a
core   0: 0x8000a94e (0x6a3f2b23) sw      gp, 1718(t5)
core   0: 3 0x8000a94e (0x6a3f2b23) mem 0x80010000 0x00000001
core   0: 0x8000a952 (0x0000bfe5) c.j     pc - 8
core   0: 3 0x8000a952 (0xbfe5)
core   0: 0x8000a94a (0x00005f17) auipc   t5, 0x5
core   0: 3 0x8000a94a (0x00005f17) x30 0x8000f94a
core   0: 0x8000a94e (0x6a3f2b23) sw      gp, 1718(t5)
core   0: 3 0x8000a94e (0x6a3f2b23) mem 0x80010000 0x00000001
core   0: 0x8000a952 (0x0000bfe5) c.j     pc - 8
core   0: 3 0x8000a952 (0xbfe5)
core   0: 0x8000a94a (0x00005f17) auipc   t5, 0x5
core   0: 3 0x8000a94a (0x00005f17) x30 0x8000f94a
core   0: 0x8000a94e (0x6a3f2b23) sw      gp, 1718(t5)
core   0: 3 0x8000a94e (0x6a3f2b23) mem 0x80010000 0x00000001
core   0: 0x8000a952 (0x0000bfe5) c.j     pc - 8
core   0: 3 0x8000a952 (0xbfe5)
core   0: 0x8000a94a (0x00005f17) auipc   t5, 0x5
core   0: 3 0x8000a94a (0x00005f17) x30 0x8000f94a
core   0: 0x8000a94e (0x6a3f2b23) sw      gp, 1718(t5)
core   0: 3 0x8000a94e (0x6a3f2b23) mem 0x80010000 0x00000001
core   0: 0x8000a952 (0x0000bfe5) c.j     pc - 8
core   0: 3 0x8000a952 (0xbfe5)
core   0: 0x8000a94a (0x00005f17) auipc   t5, 0x5
core   0: 3 0x8000a94a (0x00005f17) x30 0x8000f94a
core   0: 0x8000a94e (0x6a3f2b23) sw      gp, 1718(t5)
core   0: 3 0x8000a94e (0x6a3f2b23) mem 0x80010000 0x00000001
core   0: 0x8000a952 (0x0000bfe5) c.j     pc - 8
core   0: 3 0x8000a952 (0xbfe5)
core   0: 0x8000a94a (0x00005f17) auipc   t5, 0x5
core   0: 3 0x8000a94a (0x00005f17) x30 0x8000f94a
core   0: 0x8000a94e (0x6a3f2b23) sw      gp, 1718(t5)
core   0: 3 0x8000a94e (0x6a3f2b23) mem 0x80010000 0x00000001
core   0: 0x8000a952 (0x0000bfe5) c.j     pc - 8
core   0: 3 0x8000a952 (0xbfe5)
core   0: 0x8000a94a (0x00005f17) auipc   t5, 0x5
core   0: 3 0x8000a94a (0x00005f17) x30 0x8000f94a
core   0: 0x8000a94e (0x6a3f2b23) sw      gp, 1718(t5)
core   0: 3 0x8000a94e (0x6a3f2b23) mem 0x80010000 0x00000001
core   0: 0x8000a952 (0x0000bfe5) c.j     pc - 8
core   0: 3 0x8000a952 (0xbfe5)
core   0: 0x8000a94a (0x00005f17) auipc   t5, 0x5
core   0: 3 0x8000a94a (0x00005f17) x30 0x8000f94a
core   0: 0x8000a94e (0x6a3f2b23) sw      gp, 1718(t5)
core   0: 3 0x8000a94e (0x6a3f2b23) mem 0x80010000 0x00000001
core   0: 0x8000a952 (0x0000bfe5) c.j     pc - 8
core   0: 3 0x8000a952 (0xbfe5)
core   0: 0x8000a94a (0x00005f17) auipc   t5, 0x5
core   0: 3 0x8000a94a (0x00005f17) x30 0x8000f94a
core   0: 0x8000a94e (0x6a3f2b23) sw      gp, 1718(t5)
core   0: 3 0x8000a94e (0x6a3f2b23) mem 0x80010000 0x00000001
core   0: 0x8000a952 (0x0000bfe5) c.j     pc - 8
core   0: 3 0x8000a952 (0xbfe5)
core   0: 0x8000a94a (0x00005f17) auipc   t5, 0x5
core   0: 3 0x8000a94a (0x00005f17) x30 0x8000f94a
core   0: 0x8000a94e (0x6a3f2b23) sw      gp, 1718(t5)
core   0: 3 0x8000a94e (0x6a3f2b23) mem 0x80010000 0x00000001
core   0: 0x8000a952 (0x0000bfe5) c.j     pc - 8
core   0: 3 0x8000a952 (0xbfe5)
core   0: 0x8000a94a (0x00005f17) auipc   t5, 0x5
core   0: 3 0x8000a94a (0x00005f17) x30 0x8000f94a
core   0: 0x8000a94e (0x6a3f2b23) sw      gp, 1718(t5)
core   0: 3 0x8000a94e (0x6a3f2b23) mem 0x80010000 0x00000001
core   0: 0x8000a952 (0x0000bfe5) c.j     pc - 8
core   0: 3 0x8000a952 (0xbfe5)
core   0: 0x8000a94a (0x00005f17) auipc   t5, 0x5
core   0: 3 0x8000a94a (0x00005f17) x30 0x8000f94a
core   0: 0x8000a94e (0x6a3f2b23) sw      gp, 1718(t5)
core   0: 3 0x8000a94e (0x6a3f2b23) mem 0x80010000 0x00000001
core   0: 0x8000a952 (0x0000bfe5) c.j     pc - 8
core   0: 3 0x8000a952 (0xbfe5)
core   0: 0x8000a94a (0x00005f17) auipc   t5, 0x5
core   0: 3 0x8000a94a (0x00005f17) x30 0x8000f94a
core   0: 0x8000a94e (0x6a3f2b23) sw      gp, 1718(t5)
core   0: 3 0x8000a94e (0x6a3f2b23) mem 0x80010000 0x00000001
core   0: 0x8000a952 (0x0000bfe5) c.j     pc - 8
core   0: 3 0x8000a952 (0xbfe5)
core   0: 0x8000a94a (0x00005f17) auipc   t5, 0x5
core   0: 3 0x8000a94a (0x00005f17) x30 0x8000f94a
core   0: 0x8000a94e (0x6a3f2b23) sw      gp, 1718(t5)
core   0: 3 0x8000a94e (0x6a3f2b23) mem 0x80010000 0x00000001
core   0: 0x8000a952 (0x0000bfe5) c.j     pc - 8
core   0: 3 0x8000a952 (0xbfe5)
core   0: 0x8000a94a (0x00005f17) auipc   t5, 0x5
core   0: 3 0x8000a94a (0x00005f17) x30 0x8000f94a
core   0: 0x8000a94e (0x6a3f2b23) sw      gp, 1718(t5)
core   0: 3 0x8000a94e (0x6a3f2b23) mem 0x80010000 0x00000001
core   0: 0x8000a952 (0x0000bfe5) c.j     pc - 8
core   0: 3 0x8000a952 (0xbfe5)
core   0: 0x8000a94a (0x00005f17) auipc   t5, 0x5
core   0: 3 0x8000a94a (0x00005f17) x30 0x8000f94a
core   0: 0x8000a94e (0x6a3f2b23) sw      gp, 1718(t5)
core   0: 3 0x8000a94e (0x6a3f2b23) mem 0x80010000 0x00000001
core   0: 0x8000a952 (0x0000bfe5) c.j     pc - 8
core   0: 3 0x8000a952 (0xbfe5)
core   0: 0x8000a94a (0x00005f17) auipc   t5, 0x5
core   0: 3 0x8000a94a (0x00005f17) x30 0x8000f94a
core   0: 0x8000a94e (0x6a3f2b23) sw      gp, 1718(t5)
core   0: 3 0x8000a94e (0x6a3f2b23) mem 0x80010000 0x00000001
core   0: 0x8000a952 (0x0000bfe5) c.j     pc - 8
core   0: 3 0x8000a952 (0xbfe5)
core   0: 0x8000a94a (0x00005f17) auipc   t5, 0x5
core   0: 3 0x8000a94a (0x00005f17) x30 0x8000f94a
core   0: 0x8000a94e (0x6a3f2b23) sw      gp, 1718(t5)
core   0: 3 0x8000a94e (0x6a3f2b23) mem 0x80010000 0x00000001
core   0: 0x8000a952 (0x0000bfe5) c.j     pc - 8
core   0: 3 0x8000a952 (0xbfe5)
core   0: 0x8000a94a (0x00005f17) auipc   t5, 0x5
core   0: 3 0x8000a94a (0x00005f17) x30 0x8000f94a
core   0: 0x8000a94e (0x6a3f2b23) sw      gp, 1718(t5)
core   0: 3 0x8000a94e (0x6a3f2b23) mem 0x80010000 0x00000001
core   0: 0x8000a952 (0x0000bfe5) c.j     pc - 8
core   0: 3 0x8000a952 (0xbfe5)
core   0: 0x8000a94a (0x00005f17) auipc   t5, 0x5
core   0: 3 0x8000a94a (0x00005f17) x30 0x8000f94a
core   0: 0x8000a94e (0x6a3f2b23) sw      gp, 1718(t5)
core   0: 3 0x8000a94e (0x6a3f2b23) mem 0x80010000 0x00000001
core   0: 0x8000a952 (0x0000bfe5) c.j     pc - 8
core   0: 3 0x8000a952 (0xbfe5)
core   0: 0x8000a94a (0x00005f17) auipc   t5, 0x5
core   0: 3 0x8000a94a (0x00005f17) x30 0x8000f94a
core   0: 0x8000a94e (0x6a3f2b23) sw      gp, 1718(t5)
core   0: 3 0x8000a94e (0x6a3f2b23) mem 0x80010000 0x00000001
core   0: 0x8000a952 (0x0000bfe5) c.j     pc - 8
core   0: 3 0x8000a952 (0xbfe5)
core   0: 0x8000a94a (0x00005f17) auipc   t5, 0x5
core   0: 3 0x8000a94a (0x00005f17) x30 0x8000f94a
core   0: 0x8000a94e (0x6a3f2b23) sw      gp, 1718(t5)
core   0: 3 0x8000a94e (0x6a3f2b23) mem 0x80010000 0x00000001
core   0: 0x8000a952 (0x0000bfe5) c.j     pc - 8
core   0: 3 0x8000a952 (0xbfe5)
core   0: 0x8000a94a (0x00005f17) auipc   t5, 0x5
core   0: 3 0x8000a94a (0x00005f17) x30 0x8000f94a
core   0: 0x8000a94e (0x6a3f2b23) sw      gp, 1718(t5)
core   0: 3 0x8000a94e (0x6a3f2b23) mem 0x80010000 0x00000001
core   0: 0x8000a952 (0x0000bfe5) c.j     pc - 8
core   0: 3 0x8000a952 (0xbfe5)
core   0: 0x8000a94a (0x00005f17) auipc   t5, 0x5
core   0: 3 0x8000a94a (0x00005f17) x30 0x8000f94a
core   0: 0x8000a94e (0x6a3f2b23) sw      gp, 1718(t5)
core   0: 3 0x8000a94e (0x6a3f2b23) mem 0x80010000 0x00000001
core   0: 0x8000a952 (0x0000bfe5) c.j     pc - 8
core   0: 3 0x8000a952 (0xbfe5)
core   0: 0x8000a94a (0x00005f17) auipc   t5, 0x5
core   0: 3 0x8000a94a (0x00005f17) x30 0x8000f94a
core   0: 0x8000a94e (0x6a3f2b23) sw      gp, 1718(t5)
core   0: 3 0x8000a94e (0x6a3f2b23) mem 0x80010000 0x00000001
core   0: 0x8000a952 (0x0000bfe5) c.j     pc - 8
core   0: 3 0x8000a952 (0xbfe5)
core   0: 0x8000a94a (0x00005f17) auipc   t5, 0x5
core   0: 3 0x8000a94a (0x00005f17) x30 0x8000f94a
core   0: 0x8000a94e (0x6a3f2b23) sw      gp, 1718(t5)
core   0: 3 0x8000a94e (0x6a3f2b23) mem 0x80010000 0x00000001
core   0: 0x8000a952 (0x0000bfe5) c.j     pc - 8
core   0: 3 0x8000a952 (0xbfe5)
core   0: 0x8000a94a (0x00005f17) auipc   t5, 0x5
core   0: 3 0x8000a94a (0x00005f17) x30 0x8000f94a
core   0: 0x8000a94e (0x6a3f2b23) sw      gp, 1718(t5)
core   0: 3 0x8000a94e (0x6a3f2b23) mem 0x80010000 0x00000001
core   0: 0x8000a952 (0x0000bfe5) c.j     pc - 8
core   0: 3 0x8000a952 (0xbfe5)
core   0: 0x8000a94a (0x00005f17) auipc   t5, 0x5
core   0: 3 0x8000a94a (0x00005f17) x30 0x8000f94a
core   0: 0x8000a94e (0x6a3f2b23) sw      gp, 1718(t5)
core   0: 3 0x8000a94e (0x6a3f2b23) mem 0x80010000 0x00000001
core   0: 0x8000a952 (0x0000bfe5) c.j     pc - 8
core   0: 3 0x8000a952 (0xbfe5)
core   0: 0x8000a94a (0x00005f17) auipc   t5, 0x5
core   0: 3 0x8000a94a (0x00005f17) x30 0x8000f94a
core   0: 0x8000a94e (0x6a3f2b23) sw      gp, 1718(t5)
core   0: 3 0x8000a94e (0x6a3f2b23) mem 0x80010000 0x00000001
core   0: 0x8000a952 (0x0000bfe5) c.j     pc - 8
core   0: 3 0x8000a952 (0xbfe5)
core   0: 0x8000a94a (0x00005f17) auipc   t5, 0x5
core   0: 3 0x8000a94a (0x00005f17) x30 0x8000f94a
core   0: 0x8000a94e (0x6a3f2b23) sw      gp, 1718(t5)
core   0: 3 0x8000a94e (0x6a3f2b23) mem 0x80010000 0x00000001
core   0: 0x8000a952 (0x0000bfe5) c.j     pc - 8
core   0: 3 0x8000a952 (0xbfe5)
core   0: 0x8000a94a (0x00005f17) auipc   t5, 0x5
core   0: 3 0x8000a94a (0x00005f17) x30 0x8000f94a
core   0: 0x8000a94e (0x6a3f2b23) sw      gp, 1718(t5)
core   0: 3 0x8000a94e (0x6a3f2b23) mem 0x80010000 0x00000001
core   0: 0x8000a952 (0x0000bfe5) c.j     pc - 8
core   0: 3 0x8000a952 (0xbfe5)
core   0: 0x8000a94a (0x00005f17) auipc   t5, 0x5
core   0: 3 0x8000a94a (0x00005f17) x30 0x8000f94a
core   0: 0x8000a94e (0x6a3f2b23) sw      gp, 1718(t5)
core   0: 3 0x8000a94e (0x6a3f2b23) mem 0x80010000 0x00000001
core   0: 0x8000a952 (0x0000bfe5) c.j     pc - 8
core   0: 3 0x8000a952 (0xbfe5)
core   0: 0x8000a94a (0x00005f17) auipc   t5, 0x5
core   0: 3 0x8000a94a (0x00005f17) x30 0x8000f94a
core   0: 0x8000a94e (0x6a3f2b23) sw      gp, 1718(t5)
core   0: 3 0x8000a94e (0x6a3f2b23) mem 0x80010000 0x00000001
core   0: 0x8000a952 (0x0000bfe5) c.j     pc - 8
core   0: 3 0x8000a952 (0xbfe5)
core   0: 0x8000a94a (0x00005f17) auipc   t5, 0x5
core   0: 3 0x8000a94a (0x00005f17) x30 0x8000f94a
core   0: 0x8000a94e (0x6a3f2b23) sw      gp, 1718(t5)
core   0: 3 0x8000a94e (0x6a3f2b23) mem 0x80010000 0x00000001
core   0: 0x8000a952 (0x0000bfe5) c.j     pc - 8
core   0: 3 0x8000a952 (0xbfe5)
core   0: 0x8000a94a (0x00005f17) auipc   t5, 0x5
core   0: 3 0x8000a94a (0x00005f17) x30 0x8000f94a
core   0: 0x8000a94e (0x6a3f2b23) sw      gp, 1718(t5)
core   0: 3 0x8000a94e (0x6a3f2b23) mem 0x80010000 0x00000001
core   0: 0x8000a952 (0x0000bfe5) c.j     pc - 8
core   0: 3 0x8000a952 (0xbfe5)
core   0: 0x8000a94a (0x00005f17) auipc   t5, 0x5
core   0: 3 0x8000a94a (0x00005f17) x30 0x8000f94a
core   0: 0x8000a94e (0x6a3f2b23) sw      gp, 1718(t5)
core   0: 3 0x8000a94e (0x6a3f2b23) mem 0x80010000 0x00000001
core   0: 0x8000a952 (0x0000bfe5) c.j     pc - 8
core   0: 3 0x8000a952 (0xbfe5)
core   0: 0x8000a94a (0x00005f17) auipc   t5, 0x5
core   0: 3 0x8000a94a (0x00005f17) x30 0x8000f94a
core   0: 0x8000a94e (0x6a3f2b23) sw      gp, 1718(t5)
core   0: 3 0x8000a94e (0x6a3f2b23) mem 0x80010000 0x00000001
core   0: 0x8000a952 (0x0000bfe5) c.j     pc - 8
core   0: 3 0x8000a952 (0xbfe5)
core   0: 0x8000a94a (0x00005f17) auipc   t5, 0x5
core   0: 3 0x8000a94a (0x00005f17) x30 0x8000f94a
core   0: 0x8000a94e (0x6a3f2b23) sw      gp, 1718(t5)
core   0: 3 0x8000a94e (0x6a3f2b23) mem 0x80010000 0x00000001
core   0: 0x8000a952 (0x0000bfe5) c.j     pc - 8
core   0: 3 0x8000a952 (0xbfe5)
core   0: 0x8000a94a (0x00005f17) auipc   t5, 0x5
core   0: 3 0x8000a94a (0x00005f17) x30 0x8000f94a
core   0: 0x8000a94e (0x6a3f2b23) sw      gp, 1718(t5)
core   0: 3 0x8000a94e (0x6a3f2b23) mem 0x80010000 0x00000001
core   0: 0x8000a952 (0x0000bfe5) c.j     pc - 8
core   0: 3 0x8000a952 (0xbfe5)
core   0: 0x8000a94a (0x00005f17) auipc   t5, 0x5
core   0: 3 0x8000a94a (0x00005f17) x30 0x8000f94a
core   0: 0x8000a94e (0x6a3f2b23) sw      gp, 1718(t5)
core   0: 3 0x8000a94e (0x6a3f2b23) mem 0x80010000 0x00000001
core   0: 0x8000a952 (0x0000bfe5) c.j     pc - 8
core   0: 3 0x8000a952 (0xbfe5)
core   0: 0x8000a94a (0x00005f17) auipc   t5, 0x5
core   0: 3 0x8000a94a (0x00005f17) x30 0x8000f94a
core   0: 0x8000a94e (0x6a3f2b23) sw      gp, 1718(t5)
core   0: 3 0x8000a94e (0x6a3f2b23) mem 0x80010000 0x00000001
core   0: 0x8000a952 (0x0000bfe5) c.j     pc - 8
core   0: 3 0x8000a952 (0xbfe5)
core   0: 0x8000a94a (0x00005f17) auipc   t5, 0x5
core   0: 3 0x8000a94a (0x00005f17) x30 0x8000f94a
core   0: 0x8000a94e (0x6a3f2b23) sw      gp, 1718(t5)
core   0: 3 0x8000a94e (0x6a3f2b23) mem 0x80010000 0x00000001
core   0: 0x8000a952 (0x0000bfe5) c.j     pc - 8
core   0: 3 0x8000a952 (0xbfe5)
core   0: 0x8000a94a (0x00005f17) auipc   t5, 0x5
core   0: 3 0x8000a94a (0x00005f17) x30 0x8000f94a
core   0: 0x8000a94e (0x6a3f2b23) sw      gp, 1718(t5)
core   0: 3 0x8000a94e (0x6a3f2b23) mem 0x80010000 0x00000001
core   0: 0x8000a952 (0x0000bfe5) c.j     pc - 8
core   0: 3 0x8000a952 (0xbfe5)
core   0: 0x8000a94a (0x00005f17) auipc   t5, 0x5
core   0: 3 0x8000a94a (0x00005f17) x30 0x8000f94a
core   0: 0x8000a94e (0x6a3f2b23) sw      gp, 1718(t5)
core   0: 3 0x8000a94e (0x6a3f2b23) mem 0x80010000 0x00000001
core   0: 0x8000a952 (0x0000bfe5) c.j     pc - 8
core   0: 3 0x8000a952 (0xbfe5)
core   0: 0x8000a94a (0x00005f17) auipc   t5, 0x5
core   0: 3 0x8000a94a (0x00005f17) x30 0x8000f94a
core   0: 0x8000a94e (0x6a3f2b23) sw      gp, 1718(t5)
core   0: 3 0x8000a94e (0x6a3f2b23) mem 0x80010000 0x00000001
core   0: 0x8000a952 (0x0000bfe5) c.j     pc - 8
core   0: 3 0x8000a952 (0xbfe5)
core   0: 0x8000a94a (0x00005f17) auipc   t5, 0x5
core   0: 3 0x8000a94a (0x00005f17) x30 0x8000f94a
core   0: 0x8000a94e (0x6a3f2b23) sw      gp, 1718(t5)
core   0: 3 0x8000a94e (0x6a3f2b23) mem 0x80010000 0x00000001
core   0: 0x8000a952 (0x0000bfe5) c.j     pc - 8
core   0: 3 0x8000a952 (0xbfe5)
core   0: 0x8000a94a (0x00005f17) auipc   t5, 0x5
core   0: 3 0x8000a94a (0x00005f17) x30 0x8000f94a
core   0: 0x8000a94e (0x6a3f2b23) sw      gp, 1718(t5)
core   0: 3 0x8000a94e (0x6a3f2b23) mem 0x80010000 0x00000001
core   0: 0x8000a952 (0x0000bfe5) c.j     pc - 8
core   0: 3 0x8000a952 (0xbfe5)
core   0: 0x8000a94a (0x00005f17) auipc   t5, 0x5
core   0: 3 0x8000a94a (0x00005f17) x30 0x8000f94a
core   0: 0x8000a94e (0x6a3f2b23) sw      gp, 1718(t5)
core   0: 3 0x8000a94e (0x6a3f2b23) mem 0x80010000 0x00000001
core   0: 0x8000a952 (0x0000bfe5) c.j     pc - 8
core   0: 3 0x8000a952 (0xbfe5)
core   0: 0x8000a94a (0x00005f17) auipc   t5, 0x5
core   0: 3 0x8000a94a (0x00005f17) x30 0x8000f94a
core   0: 0x8000a94e (0x6a3f2b23) sw      gp, 1718(t5)
core   0: 3 0x8000a94e (0x6a3f2b23) mem 0x80010000 0x00000001
core   0: 0x8000a952 (0x0000bfe5) c.j     pc - 8
core   0: 3 0x8000a952 (0xbfe5)
core   0: 0x8000a94a (0x00005f17) auipc   t5, 0x5
core   0: 3 0x8000a94a (0x00005f17) x30 0x8000f94a
core   0: 0x8000a94e (0x6a3f2b23) sw      gp, 1718(t5)
core   0: 3 0x8000a94e (0x6a3f2b23) mem 0x80010000 0x00000001
core   0: 0x8000a952 (0x0000bfe5) c.j     pc - 8
core   0: 3 0x8000a952 (0xbfe5)
core   0: 0x8000a94a (0x00005f17) auipc   t5, 0x5
core   0: 3 0x8000a94a (0x00005f17) x30 0x8000f94a
core   0: 0x8000a94e (0x6a3f2b23) sw      gp, 1718(t5)
core   0: 3 0x8000a94e (0x6a3f2b23) mem 0x80010000 0x00000001
core   0: 0x8000a952 (0x0000bfe5) c.j     pc - 8
core   0: 3 0x8000a952 (0xbfe5)
core   0: 0x8000a94a (0x00005f17) auipc   t5, 0x5
core   0: 3 0x8000a94a (0x00005f17) x30 0x8000f94a
core   0: 0x8000a94e (0x6a3f2b23) sw      gp, 1718(t5)
core   0: 3 0x8000a94e (0x6a3f2b23) mem 0x80010000 0x00000001
core   0: 0x8000a952 (0x0000bfe5) c.j     pc - 8
core   0: 3 0x8000a952 (0xbfe5)
core   0: 0x8000a94a (0x00005f17) auipc   t5, 0x5
core   0: 3 0x8000a94a (0x00005f17) x30 0x8000f94a
core   0: 0x8000a94e (0x6a3f2b23) sw      gp, 1718(t5)
core   0: 3 0x8000a94e (0x6a3f2b23) mem 0x80010000 0x00000001
core   0: 0x8000a952 (0x0000bfe5) c.j     pc - 8
core   0: 3 0x8000a952 (0xbfe5)
core   0: 0x8000a94a (0x00005f17) auipc   t5, 0x5
core   0: 3 0x8000a94a (0x00005f17) x30 0x8000f94a
core   0: 0x8000a94e (0x6a3f2b23) sw      gp, 1718(t5)
core   0: 3 0x8000a94e (0x6a3f2b23) mem 0x80010000 0x00000001
core   0: 0x8000a952 (0x0000bfe5) c.j     pc - 8
core   0: 3 0x8000a952 (0xbfe5)
core   0: 0x8000a94a (0x00005f17) auipc   t5, 0x5
core   0: 3 0x8000a94a (0x00005f17) x30 0x8000f94a
core   0: 0x8000a94e (0x6a3f2b23) sw      gp, 1718(t5)
core   0: 3 0x8000a94e (0x6a3f2b23) mem 0x80010000 0x00000001
core   0: 0x8000a952 (0x0000bfe5) c.j     pc - 8
core   0: 3 0x8000a952 (0xbfe5)
core   0: 0x8000a94a (0x00005f17) auipc   t5, 0x5
core   0: 3 0x8000a94a (0x00005f17) x30 0x8000f94a
core   0: 0x8000a94e (0x6a3f2b23) sw      gp, 1718(t5)
core   0: 3 0x8000a94e (0x6a3f2b23) mem 0x80010000 0x00000001
core   0: 0x8000a952 (0x0000bfe5) c.j     pc - 8
core   0: 3 0x8000a952 (0xbfe5)
core   0: 0x8000a94a (0x00005f17) auipc   t5, 0x5
core   0: 3 0x8000a94a (0x00005f17) x30 0x8000f94a
core   0: 0x8000a94e (0x6a3f2b23) sw      gp, 1718(t5)
core   0: 3 0x8000a94e (0x6a3f2b23) mem 0x80010000 0x00000001
core   0: 0x8000a952 (0x0000bfe5) c.j     pc - 8
core   0: 3 0x8000a952 (0xbfe5)
core   0: 0x8000a94a (0x00005f17) auipc   t5, 0x5
core   0: 3 0x8000a94a (0x00005f17) x30 0x8000f94a
core   0: 0x8000a94e (0x6a3f2b23) sw      gp, 1718(t5)
core   0: 3 0x8000a94e (0x6a3f2b23) mem 0x80010000 0x00000001
core   0: 0x8000a952 (0x0000bfe5) c.j     pc - 8
core   0: 3 0x8000a952 (0xbfe5)
core   0: 0x8000a94a (0x00005f17) auipc   t5, 0x5
core   0: 3 0x8000a94a (0x00005f17) x30 0x8000f94a
core   0: 0x8000a94e (0x6a3f2b23) sw      gp, 1718(t5)
core   0: 3 0x8000a94e (0x6a3f2b23) mem 0x80010000 0x00000001
core   0: 0x8000a952 (0x0000bfe5) c.j     pc - 8
core   0: 3 0x8000a952 (0xbfe5)
core   0: 0x8000a94a (0x00005f17) auipc   t5, 0x5
core   0: 3 0x8000a94a (0x00005f17) x30 0x8000f94a
core   0: 0x8000a94e (0x6a3f2b23) sw      gp, 1718(t5)
core   0: 3 0x8000a94e (0x6a3f2b23) mem 0x80010000 0x00000001
core   0: 0x8000a952 (0x0000bfe5) c.j     pc - 8
core   0: 3 0x8000a952 (0xbfe5)
core   0: 0x8000a94a (0x00005f17) auipc   t5, 0x5
core   0: 3 0x8000a94a (0x00005f17) x30 0x8000f94a
core   0: 0x8000a94e (0x6a3f2b23) sw      gp, 1718(t5)
core   0: 3 0x8000a94e (0x6a3f2b23) mem 0x80010000 0x00000001
core   0: 0x8000a952 (0x0000bfe5) c.j     pc - 8
core   0: 3 0x8000a952 (0xbfe5)
core   0: 0x8000a94a (0x00005f17) auipc   t5, 0x5
core   0: 3 0x8000a94a (0x00005f17) x30 0x8000f94a
core   0: 0x8000a94e (0x6a3f2b23) sw      gp, 1718(t5)
core   0: 3 0x8000a94e (0x6a3f2b23) mem 0x80010000 0x00000001
core   0: 0x8000a952 (0x0000bfe5) c.j     pc - 8
core   0: 3 0x8000a952 (0xbfe5)
core   0: 0x8000a94a (0x00005f17) auipc   t5, 0x5
core   0: 3 0x8000a94a (0x00005f17) x30 0x8000f94a
core   0: 0x8000a94e (0x6a3f2b23) sw      gp, 1718(t5)
core   0: 3 0x8000a94e (0x6a3f2b23) mem 0x80010000 0x00000001
core   0: 0x8000a952 (0x0000bfe5) c.j     pc - 8
core   0: 3 0x8000a952 (0xbfe5)
core   0: 0x8000a94a (0x00005f17) auipc   t5, 0x5
core   0: 3 0x8000a94a (0x00005f17) x30 0x8000f94a
core   0: 0x8000a94e (0x6a3f2b23) sw      gp, 1718(t5)
core   0: 3 0x8000a94e (0x6a3f2b23) mem 0x80010000 0x00000001
core   0: 0x8000a952 (0x0000bfe5) c.j     pc - 8
core   0: 3 0x8000a952 (0xbfe5)
core   0: 0x8000a94a (0x00005f17) auipc   t5, 0x5
core   0: 3 0x8000a94a (0x00005f17) x30 0x8000f94a
core   0: 0x8000a94e (0x6a3f2b23) sw      gp, 1718(t5)
core   0: 3 0x8000a94e (0x6a3f2b23) mem 0x80010000 0x00000001
core   0: 0x8000a952 (0x0000bfe5) c.j     pc - 8
core   0: 3 0x8000a952 (0xbfe5)
core   0: 0x8000a94a (0x00005f17) auipc   t5, 0x5
core   0: 3 0x8000a94a (0x00005f17) x30 0x8000f94a
core   0: 0x8000a94e (0x6a3f2b23) sw      gp, 1718(t5)
core   0: 3 0x8000a94e (0x6a3f2b23) mem 0x80010000 0x00000001
core   0: 0x8000a952 (0x0000bfe5) c.j     pc - 8
core   0: 3 0x8000a952 (0xbfe5)
core   0: 0x8000a94a (0x00005f17) auipc   t5, 0x5
core   0: 3 0x8000a94a (0x00005f17) x30 0x8000f94a
core   0: 0x8000a94e (0x6a3f2b23) sw      gp, 1718(t5)
core   0: 3 0x8000a94e (0x6a3f2b23) mem 0x80010000 0x00000001
core   0: 0x8000a952 (0x0000bfe5) c.j     pc - 8
core   0: 3 0x8000a952 (0xbfe5)
core   0: 0x8000a94a (0x00005f17) auipc   t5, 0x5
core   0: 3 0x8000a94a (0x00005f17) x30 0x8000f94a
core   0: 0x8000a94e (0x6a3f2b23) sw      gp, 1718(t5)
core   0: 3 0x8000a94e (0x6a3f2b23) mem 0x80010000 0x00000001
core   0: 0x8000a952 (0x0000bfe5) c.j     pc - 8
core   0: 3 0x8000a952 (0xbfe5)
core   0: 0x8000a94a (0x00005f17) auipc   t5, 0x5
core   0: 3 0x8000a94a (0x00005f17) x30 0x8000f94a
core   0: 0x8000a94e (0x6a3f2b23) sw      gp, 1718(t5)
core   0: 3 0x8000a94e (0x6a3f2b23) mem 0x80010000 0x00000001
core   0: 0x8000a952 (0x0000bfe5) c.j     pc - 8
core   0: 3 0x8000a952 (0xbfe5)
core   0: 0x8000a94a (0x00005f17) auipc   t5, 0x5
core   0: 3 0x8000a94a (0x00005f17) x30 0x8000f94a
core   0: 0x8000a94e (0x6a3f2b23) sw      gp, 1718(t5)
core   0: 3 0x8000a94e (0x6a3f2b23) mem 0x80010000 0x00000001
core   0: 0x8000a952 (0x0000bfe5) c.j     pc - 8
core   0: 3 0x8000a952 (0xbfe5)
core   0: 0x8000a94a (0x00005f17) auipc   t5, 0x5
core   0: 3 0x8000a94a (0x00005f17) x30 0x8000f94a
core   0: 0x8000a94e (0x6a3f2b23) sw      gp, 1718(t5)
core   0: 3 0x8000a94e (0x6a3f2b23) mem 0x80010000 0x00000001
core   0: 0x8000a952 (0x0000bfe5) c.j     pc - 8
core   0: 3 0x8000a952 (0xbfe5)
core   0: 0x8000a94a (0x00005f17) auipc   t5, 0x5
core   0: 3 0x8000a94a (0x00005f17) x30 0x8000f94a
core   0: 0x8000a94e (0x6a3f2b23) sw      gp, 1718(t5)
core   0: 3 0x8000a94e (0x6a3f2b23) mem 0x80010000 0x00000001
core   0: 0x8000a952 (0x0000bfe5) c.j     pc - 8
core   0: 3 0x8000a952 (0xbfe5)
core   0: 0x8000a94a (0x00005f17) auipc   t5, 0x5
core   0: 3 0x8000a94a (0x00005f17) x30 0x8000f94a
core   0: 0x8000a94e (0x6a3f2b23) sw      gp, 1718(t5)
core   0: 3 0x8000a94e (0x6a3f2b23) mem 0x80010000 0x00000001
core   0: 0x8000a952 (0x0000bfe5) c.j     pc - 8
core   0: 3 0x8000a952 (0xbfe5)
core   0: 0x8000a94a (0x00005f17) auipc   t5, 0x5
core   0: 3 0x8000a94a (0x00005f17) x30 0x8000f94a
core   0: 0x8000a94e (0x6a3f2b23) sw      gp, 1718(t5)
core   0: 3 0x8000a94e (0x6a3f2b23) mem 0x80010000 0x00000001
core   0: 0x8000a952 (0x0000bfe5) c.j     pc - 8
core   0: 3 0x8000a952 (0xbfe5)
core   0: 0x8000a94a (0x00005f17) auipc   t5, 0x5
core   0: 3 0x8000a94a (0x00005f17) x30 0x8000f94a
core   0: 0x8000a94e (0x6a3f2b23) sw      gp, 1718(t5)
core   0: 3 0x8000a94e (0x6a3f2b23) mem 0x80010000 0x00000001
core   0: 0x8000a952 (0x0000bfe5) c.j     pc - 8
core   0: 3 0x8000a952 (0xbfe5)
core   0: 0x8000a94a (0x00005f17) auipc   t5, 0x5
core   0: 3 0x8000a94a (0x00005f17) x30 0x8000f94a
core   0: 0x8000a94e (0x6a3f2b23) sw      gp, 1718(t5)
core   0: 3 0x8000a94e (0x6a3f2b23) mem 0x80010000 0x00000001
core   0: 0x8000a952 (0x0000bfe5) c.j     pc - 8
core   0: 3 0x8000a952 (0xbfe5)
core   0: 0x8000a94a (0x00005f17) auipc   t5, 0x5
core   0: 3 0x8000a94a (0x00005f17) x30 0x8000f94a
core   0: 0x8000a94e (0x6a3f2b23) sw      gp, 1718(t5)
core   0: 3 0x8000a94e (0x6a3f2b23) mem 0x80010000 0x00000001
core   0: 0x8000a952 (0x0000bfe5) c.j     pc - 8
core   0: 3 0x8000a952 (0xbfe5)
core   0: 0x8000a94a (0x00005f17) auipc   t5, 0x5
core   0: 3 0x8000a94a (0x00005f17) x30 0x8000f94a
core   0: 0x8000a94e (0x6a3f2b23) sw      gp, 1718(t5)
core   0: 3 0x8000a94e (0x6a3f2b23) mem 0x80010000 0x00000001
core   0: 0x8000a952 (0x0000bfe5) c.j     pc - 8
core   0: 3 0x8000a952 (0xbfe5)
core   0: 0x8000a94a (0x00005f17) auipc   t5, 0x5
core   0: 3 0x8000a94a (0x00005f17) x30 0x8000f94a
core   0: 0x8000a94e (0x6a3f2b23) sw      gp, 1718(t5)
core   0: 3 0x8000a94e (0x6a3f2b23) mem 0x80010000 0x00000001
core   0: 0x8000a952 (0x0000bfe5) c.j     pc - 8
core   0: 3 0x8000a952 (0xbfe5)
core   0: 0x8000a94a (0x00005f17) auipc   t5, 0x5
core   0: 3 0x8000a94a (0x00005f17) x30 0x8000f94a
core   0: 0x8000a94e (0x6a3f2b23) sw      gp, 1718(t5)
core   0: 3 0x8000a94e (0x6a3f2b23) mem 0x80010000 0x00000001
core   0: 0x8000a952 (0x0000bfe5) c.j     pc - 8
core   0: 3 0x8000a952 (0xbfe5)
core   0: 0x8000a94a (0x00005f17) auipc   t5, 0x5
core   0: 3 0x8000a94a (0x00005f17) x30 0x8000f94a
core   0: 0x8000a94e (0x6a3f2b23) sw      gp, 1718(t5)
core   0: 3 0x8000a94e (0x6a3f2b23) mem 0x80010000 0x00000001
core   0: 0x8000a952 (0x0000bfe5) c.j     pc - 8
core   0: 3 0x8000a952 (0xbfe5)
core   0: 0x8000a94a (0x00005f17) auipc   t5, 0x5
core   0: 3 0x8000a94a (0x00005f17) x30 0x8000f94a
core   0: 0x8000a94e (0x6a3f2b23) sw      gp, 1718(t5)
core   0: 3 0x8000a94e (0x6a3f2b23) mem 0x80010000 0x00000001
core   0: 0x8000a952 (0x0000bfe5) c.j     pc - 8
core   0: 3 0x8000a952 (0xbfe5)
core   0: 0x8000a94a (0x00005f17) auipc   t5, 0x5
core   0: 3 0x8000a94a (0x00005f17) x30 0x8000f94a
core   0: 0x8000a94e (0x6a3f2b23) sw      gp, 1718(t5)
core   0: 3 0x8000a94e (0x6a3f2b23) mem 0x80010000 0x00000001
core   0: 0x8000a952 (0x0000bfe5) c.j     pc - 8
core   0: 3 0x8000a952 (0xbfe5)
core   0: 0x8000a94a (0x00005f17) auipc   t5, 0x5
core   0: 3 0x8000a94a (0x00005f17) x30 0x8000f94a
core   0: 0x8000a94e (0x6a3f2b23) sw      gp, 1718(t5)
core   0: 3 0x8000a94e (0x6a3f2b23) mem 0x80010000 0x00000001
core   0: 0x8000a952 (0x0000bfe5) c.j     pc - 8
core   0: 3 0x8000a952 (0xbfe5)
core   0: 0x8000a94a (0x00005f17) auipc   t5, 0x5
core   0: 3 0x8000a94a (0x00005f17) x30 0x8000f94a
core   0: 0x8000a94e (0x6a3f2b23) sw      gp, 1718(t5)
core   0: 3 0x8000a94e (0x6a3f2b23) mem 0x80010000 0x00000001
core   0: 0x8000a952 (0x0000bfe5) c.j     pc - 8
core   0: 3 0x8000a952 (0xbfe5)
core   0: 0x8000a94a (0x00005f17) auipc   t5, 0x5
core   0: 3 0x8000a94a (0x00005f17) x30 0x8000f94a
core   0: 0x8000a94e (0x6a3f2b23) sw      gp, 1718(t5)
core   0: 3 0x8000a94e (0x6a3f2b23) mem 0x80010000 0x00000001
core   0: 0x8000a952 (0x0000bfe5) c.j     pc - 8
core   0: 3 0x8000a952 (0xbfe5)
core   0: 0x8000a94a (0x00005f17) auipc   t5, 0x5
core   0: 3 0x8000a94a (0x00005f17) x30 0x8000f94a
core   0: 0x8000a94e (0x6a3f2b23) sw      gp, 1718(t5)
core   0: 3 0x8000a94e (0x6a3f2b23) mem 0x80010000 0x00000001
core   0: 0x8000a952 (0x0000bfe5) c.j     pc - 8
core   0: 3 0x8000a952 (0xbfe5)
core   0: 0x8000a94a (0x00005f17) auipc   t5, 0x5
core   0: 3 0x8000a94a (0x00005f17) x30 0x8000f94a
core   0: 0x8000a94e (0x6a3f2b23) sw      gp, 1718(t5)
core   0: 3 0x8000a94e (0x6a3f2b23) mem 0x80010000 0x00000001
core   0: 0x8000a952 (0x0000bfe5) c.j     pc - 8
core   0: 3 0x8000a952 (0xbfe5)
core   0: 0x8000a94a (0x00005f17) auipc   t5, 0x5
core   0: 3 0x8000a94a (0x00005f17) x30 0x8000f94a
core   0: 0x8000a94e (0x6a3f2b23) sw      gp, 1718(t5)
core   0: 3 0x8000a94e (0x6a3f2b23) mem 0x80010000 0x00000001
core   0: 0x8000a952 (0x0000bfe5) c.j     pc - 8
core   0: 3 0x8000a952 (0xbfe5)
core   0: 0x8000a94a (0x00005f17) auipc   t5, 0x5
core   0: 3 0x8000a94a (0x00005f17) x30 0x8000f94a
core   0: 0x8000a94e (0x6a3f2b23) sw      gp, 1718(t5)
core   0: 3 0x8000a94e (0x6a3f2b23) mem 0x80010000 0x00000001
core   0: 0x8000a952 (0x0000bfe5) c.j     pc - 8
core   0: 3 0x8000a952 (0xbfe5)
core   0: 0x8000a94a (0x00005f17) auipc   t5, 0x5
core   0: 3 0x8000a94a (0x00005f17) x30 0x8000f94a
core   0: 0x8000a94e (0x6a3f2b23) sw      gp, 1718(t5)
core   0: 3 0x8000a94e (0x6a3f2b23) mem 0x80010000 0x00000001
core   0: 0x8000a952 (0x0000bfe5) c.j     pc - 8
core   0: 3 0x8000a952 (0xbfe5)
core   0: 0x8000a94a (0x00005f17) auipc   t5, 0x5
core   0: 3 0x8000a94a (0x00005f17) x30 0x8000f94a
core   0: 0x8000a94e (0x6a3f2b23) sw      gp, 1718(t5)
core   0: 3 0x8000a94e (0x6a3f2b23) mem 0x80010000 0x00000001
core   0: 0x8000a952 (0x0000bfe5) c.j     pc - 8
core   0: 3 0x8000a952 (0xbfe5)
core   0: 0x8000a94a (0x00005f17) auipc   t5, 0x5
core   0: 3 0x8000a94a (0x00005f17) x30 0x8000f94a
core   0: 0x8000a94e (0x6a3f2b23) sw      gp, 1718(t5)
core   0: 3 0x8000a94e (0x6a3f2b23) mem 0x80010000 0x00000001
core   0: 0x8000a952 (0x0000bfe5) c.j     pc - 8
core   0: 3 0x8000a952 (0xbfe5)
core   0: 0x8000a94a (0x00005f17) auipc   t5, 0x5
core   0: 3 0x8000a94a (0x00005f17) x30 0x8000f94a
core   0: 0x8000a94e (0x6a3f2b23) sw      gp, 1718(t5)
core   0: 3 0x8000a94e (0x6a3f2b23) mem 0x80010000 0x00000001
core   0: 0x8000a952 (0x0000bfe5) c.j     pc - 8
core   0: 3 0x8000a952 (0xbfe5)
core   0: 0x8000a94a (0x00005f17) auipc   t5, 0x5
core   0: 3 0x8000a94a (0x00005f17) x30 0x8000f94a
core   0: 0x8000a94e (0x6a3f2b23) sw      gp, 1718(t5)
core   0: 3 0x8000a94e (0x6a3f2b23) mem 0x80010000 0x00000001
core   0: 0x8000a952 (0x0000bfe5) c.j     pc - 8
core   0: 3 0x8000a952 (0xbfe5)
core   0: 0x8000a94a (0x00005f17) auipc   t5, 0x5
core   0: 3 0x8000a94a (0x00005f17) x30 0x8000f94a
core   0: 0x8000a94e (0x6a3f2b23) sw      gp, 1718(t5)
core   0: 3 0x8000a94e (0x6a3f2b23) mem 0x80010000 0x00000001
core   0: 0x8000a952 (0x0000bfe5) c.j     pc - 8
core   0: 3 0x8000a952 (0xbfe5)
core   0: 0x8000a94a (0x00005f17) auipc   t5, 0x5
core   0: 3 0x8000a94a (0x00005f17) x30 0x8000f94a
core   0: 0x8000a94e (0x6a3f2b23) sw      gp, 1718(t5)
core   0: 3 0x8000a94e (0x6a3f2b23) mem 0x80010000 0x00000001
core   0: 0x8000a952 (0x0000bfe5) c.j     pc - 8
core   0: 3 0x8000a952 (0xbfe5)
core   0: 0x8000a94a (0x00005f17) auipc   t5, 0x5
core   0: 3 0x8000a94a (0x00005f17) x30 0x8000f94a
core   0: 0x8000a94e (0x6a3f2b23) sw      gp, 1718(t5)
core   0: 3 0x8000a94e (0x6a3f2b23) mem 0x80010000 0x00000001
core   0: 0x8000a952 (0x0000bfe5) c.j     pc - 8
core   0: 3 0x8000a952 (0xbfe5)
core   0: 0x8000a94a (0x00005f17) auipc   t5, 0x5
core   0: 3 0x8000a94a (0x00005f17) x30 0x8000f94a
core   0: 0x8000a94e (0x6a3f2b23) sw      gp, 1718(t5)
core   0: 3 0x8000a94e (0x6a3f2b23) mem 0x80010000 0x00000001
core   0: 0x8000a952 (0x0000bfe5) c.j     pc - 8
core   0: 3 0x8000a952 (0xbfe5)
core   0: 0x8000a94a (0x00005f17) auipc   t5, 0x5
core   0: 3 0x8000a94a (0x00005f17) x30 0x8000f94a
core   0: 0x8000a94e (0x6a3f2b23) sw      gp, 1718(t5)
core   0: 3 0x8000a94e (0x6a3f2b23) mem 0x80010000 0x00000001
core   0: 0x8000a952 (0x0000bfe5) c.j     pc - 8
core   0: 3 0x8000a952 (0xbfe5)
core   0: 0x8000a94a (0x00005f17) auipc   t5, 0x5
core   0: 3 0x8000a94a (0x00005f17) x30 0x8000f94a
core   0: 0x8000a94e (0x6a3f2b23) sw      gp, 1718(t5)
core   0: 3 0x8000a94e (0x6a3f2b23) mem 0x80010000 0x00000001
core   0: 0x8000a952 (0x0000bfe5) c.j     pc - 8
core   0: 3 0x8000a952 (0xbfe5)
core   0: 0x8000a94a (0x00005f17) auipc   t5, 0x5
core   0: 3 0x8000a94a (0x00005f17) x30 0x8000f94a
core   0: 0x8000a94e (0x6a3f2b23) sw      gp, 1718(t5)
core   0: 3 0x8000a94e (0x6a3f2b23) mem 0x80010000 0x00000001
core   0: 0x8000a952 (0x0000bfe5) c.j     pc - 8
core   0: 3 0x8000a952 (0xbfe5)
core   0: 0x8000a94a (0x00005f17) auipc   t5, 0x5
core   0: 3 0x8000a94a (0x00005f17) x30 0x8000f94a
core   0: 0x8000a94e (0x6a3f2b23) sw      gp, 1718(t5)
core   0: 3 0x8000a94e (0x6a3f2b23) mem 0x80010000 0x00000001
core   0: 0x8000a952 (0x0000bfe5) c.j     pc - 8
core   0: 3 0x8000a952 (0xbfe5)
core   0: 0x8000a94a (0x00005f17) auipc   t5, 0x5
core   0: 3 0x8000a94a (0x00005f17) x30 0x8000f94a
core   0: 0x8000a94e (0x6a3f2b23) sw      gp, 1718(t5)
core   0: 3 0x8000a94e (0x6a3f2b23) mem 0x80010000 0x00000001
core   0: 0x8000a952 (0x0000bfe5) c.j     pc - 8
core   0: 3 0x8000a952 (0xbfe5)
core   0: 0x8000a94a (0x00005f17) auipc   t5, 0x5
core   0: 3 0x8000a94a (0x00005f17) x30 0x8000f94a
core   0: 0x8000a94e (0x6a3f2b23) sw      gp, 1718(t5)
core   0: 3 0x8000a94e (0x6a3f2b23) mem 0x80010000 0x00000001
core   0: 0x8000a952 (0x0000bfe5) c.j     pc - 8
core   0: 3 0x8000a952 (0xbfe5)
core   0: 0x8000a94a (0x00005f17) auipc   t5, 0x5
core   0: 3 0x8000a94a (0x00005f17) x30 0x8000f94a
core   0: 0x8000a94e (0x6a3f2b23) sw      gp, 1718(t5)
core   0: 3 0x8000a94e (0x6a3f2b23) mem 0x80010000 0x00000001
core   0: 0x8000a952 (0x0000bfe5) c.j     pc - 8
core   0: 3 0x8000a952 (0xbfe5)
core   0: 0x8000a94a (0x00005f17) auipc   t5, 0x5
core   0: 3 0x8000a94a (0x00005f17) x30 0x8000f94a
core   0: 0x8000a94e (0x6a3f2b23) sw      gp, 1718(t5)
core   0: 3 0x8000a94e (0x6a3f2b23) mem 0x80010000 0x00000001
core   0: 0x8000a952 (0x0000bfe5) c.j     pc - 8
core   0: 3 0x8000a952 (0xbfe5)
core   0: 0x8000a94a (0x00005f17) auipc   t5, 0x5
core   0: 3 0x8000a94a (0x00005f17) x30 0x8000f94a
core   0: 0x8000a94e (0x6a3f2b23) sw      gp, 1718(t5)
core   0: 3 0x8000a94e (0x6a3f2b23) mem 0x80010000 0x00000001
core   0: 0x8000a952 (0x0000bfe5) c.j     pc - 8
core   0: 3 0x8000a952 (0xbfe5)
core   0: 0x8000a94a (0x00005f17) auipc   t5, 0x5
core   0: 3 0x8000a94a (0x00005f17) x30 0x8000f94a
core   0: 0x8000a94e (0x6a3f2b23) sw      gp, 1718(t5)
core   0: 3 0x8000a94e (0x6a3f2b23) mem 0x80010000 0x00000001
core   0: 0x8000a952 (0x0000bfe5) c.j     pc - 8
core   0: 3 0x8000a952 (0xbfe5)
core   0: 0x8000a94a (0x00005f17) auipc   t5, 0x5
core   0: 3 0x8000a94a (0x00005f17) x30 0x8000f94a
core   0: 0x8000a94e (0x6a3f2b23) sw      gp, 1718(t5)
core   0: 3 0x8000a94e (0x6a3f2b23) mem 0x80010000 0x00000001
core   0: 0x8000a952 (0x0000bfe5) c.j     pc - 8
core   0: 3 0x8000a952 (0xbfe5)
core   0: 0x8000a94a (0x00005f17) auipc   t5, 0x5
core   0: 3 0x8000a94a (0x00005f17) x30 0x8000f94a
core   0: 0x8000a94e (0x6a3f2b23) sw      gp, 1718(t5)
core   0: 3 0x8000a94e (0x6a3f2b23) mem 0x80010000 0x00000001
core   0: 0x8000a952 (0x0000bfe5) c.j     pc - 8
core   0: 3 0x8000a952 (0xbfe5)
core   0: 0x8000a94a (0x00005f17) auipc   t5, 0x5
core   0: 3 0x8000a94a (0x00005f17) x30 0x8000f94a
core   0: 0x8000a94e (0x6a3f2b23) sw      gp, 1718(t5)
core   0: 3 0x8000a94e (0x6a3f2b23) mem 0x80010000 0x00000001
core   0: 0x8000a952 (0x0000bfe5) c.j     pc - 8
core   0: 3 0x8000a952 (0xbfe5)
core   0: 0x8000a94a (0x00005f17) auipc   t5, 0x5
core   0: 3 0x8000a94a (0x00005f17) x30 0x8000f94a
core   0: 0x8000a94e (0x6a3f2b23) sw      gp, 1718(t5)
core   0: 3 0x8000a94e (0x6a3f2b23) mem 0x80010000 0x00000001
core   0: 0x8000a952 (0x0000bfe5) c.j     pc - 8
core   0: 3 0x8000a952 (0xbfe5)
core   0: 0x8000a94a (0x00005f17) auipc   t5, 0x5
core   0: 3 0x8000a94a (0x00005f17) x30 0x8000f94a
core   0: 0x8000a94e (0x6a3f2b23) sw      gp, 1718(t5)
core   0: 3 0x8000a94e (0x6a3f2b23) mem 0x80010000 0x00000001
core   0: 0x8000a952 (0x0000bfe5) c.j     pc - 8
core   0: 3 0x8000a952 (0xbfe5)
core   0: 0x8000a94a (0x00005f17) auipc   t5, 0x5
core   0: 3 0x8000a94a (0x00005f17) x30 0x8000f94a
core   0: 0x8000a94e (0x6a3f2b23) sw      gp, 1718(t5)
core   0: 3 0x8000a94e (0x6a3f2b23) mem 0x80010000 0x00000001
core   0: 0x8000a952 (0x0000bfe5) c.j     pc - 8
core   0: 3 0x8000a952 (0xbfe5)
core   0: 0x8000a94a (0x00005f17) auipc   t5, 0x5
core   0: 3 0x8000a94a (0x00005f17) x30 0x8000f94a
core   0: 0x8000a94e (0x6a3f2b23) sw      gp, 1718(t5)
core   0: 3 0x8000a94e (0x6a3f2b23) mem 0x80010000 0x00000001
core   0: 0x8000a952 (0x0000bfe5) c.j     pc - 8
core   0: 3 0x8000a952 (0xbfe5)
core   0: 0x8000a94a (0x00005f17) auipc   t5, 0x5
core   0: 3 0x8000a94a (0x00005f17) x30 0x8000f94a
core   0: 0x8000a94e (0x6a3f2b23) sw      gp, 1718(t5)
core   0: 3 0x8000a94e (0x6a3f2b23) mem 0x80010000 0x00000001
core   0: 0x8000a952 (0x0000bfe5) c.j     pc - 8
core   0: 3 0x8000a952 (0xbfe5)
core   0: 0x8000a94a (0x00005f17) auipc   t5, 0x5
core   0: 3 0x8000a94a (0x00005f17) x30 0x8000f94a
core   0: 0x8000a94e (0x6a3f2b23) sw      gp, 1718(t5)
core   0: 3 0x8000a94e (0x6a3f2b23) mem 0x80010000 0x00000001
core   0: 0x8000a952 (0x0000bfe5) c.j     pc - 8
core   0: 3 0x8000a952 (0xbfe5)
core   0: 0x8000a94a (0x00005f17) auipc   t5, 0x5
core   0: 3 0x8000a94a (0x00005f17) x30 0x8000f94a
core   0: 0x8000a94e (0x6a3f2b23) sw      gp, 1718(t5)
core   0: 3 0x8000a94e (0x6a3f2b23) mem 0x80010000 0x00000001
core   0: 0x8000a952 (0x0000bfe5) c.j     pc - 8
core   0: 3 0x8000a952 (0xbfe5)
core   0: 0x8000a94a (0x00005f17) auipc   t5, 0x5
core   0: 3 0x8000a94a (0x00005f17) x30 0x8000f94a
core   0: 0x8000a94e (0x6a3f2b23) sw      gp, 1718(t5)
core   0: 3 0x8000a94e (0x6a3f2b23) mem 0x80010000 0x00000001
core   0: 0x8000a952 (0x0000bfe5) c.j     pc - 8
core   0: 3 0x8000a952 (0xbfe5)
core   0: 0x8000a94a (0x00005f17) auipc   t5, 0x5
core   0: 3 0x8000a94a (0x00005f17) x30 0x8000f94a
core   0: 0x8000a94e (0x6a3f2b23) sw      gp, 1718(t5)
core   0: 3 0x8000a94e (0x6a3f2b23) mem 0x80010000 0x00000001
core   0: 0x8000a952 (0x0000bfe5) c.j     pc - 8
core   0: 3 0x8000a952 (0xbfe5)
core   0: 0x8000a94a (0x00005f17) auipc   t5, 0x5
core   0: 3 0x8000a94a (0x00005f17) x30 0x8000f94a
core   0: 0x8000a94e (0x6a3f2b23) sw      gp, 1718(t5)
core   0: 3 0x8000a94e (0x6a3f2b23) mem 0x80010000 0x00000001
core   0: 0x8000a952 (0x0000bfe5) c.j     pc - 8
core   0: 3 0x8000a952 (0xbfe5)
core   0: 0x8000a94a (0x00005f17) auipc   t5, 0x5
core   0: 3 0x8000a94a (0x00005f17) x30 0x8000f94a
core   0: 0x8000a94e (0x6a3f2b23) sw      gp, 1718(t5)
core   0: 3 0x8000a94e (0x6a3f2b23) mem 0x80010000 0x00000001
core   0: 0x8000a952 (0x0000bfe5) c.j     pc - 8
core   0: 3 0x8000a952 (0xbfe5)
core   0: 0x8000a94a (0x00005f17) auipc   t5, 0x5
core   0: 3 0x8000a94a (0x00005f17) x30 0x8000f94a
core   0: 0x8000a94e (0x6a3f2b23) sw      gp, 1718(t5)
core   0: 3 0x8000a94e (0x6a3f2b23) mem 0x80010000 0x00000001
core   0: 0x8000a952 (0x0000bfe5) c.j     pc - 8
core   0: 3 0x8000a952 (0xbfe5)
core   0: 0x8000a94a (0x00005f17) auipc   t5, 0x5
core   0: 3 0x8000a94a (0x00005f17) x30 0x8000f94a
core   0: 0x8000a94e (0x6a3f2b23) sw      gp, 1718(t5)
core   0: 3 0x8000a94e (0x6a3f2b23) mem 0x80010000 0x00000001
core   0: 0x8000a952 (0x0000bfe5) c.j     pc - 8
core   0: 3 0x8000a952 (0xbfe5)
core   0: 0x8000a94a (0x00005f17) auipc   t5, 0x5
core   0: 3 0x8000a94a (0x00005f17) x30 0x8000f94a
core   0: 0x8000a94e (0x6a3f2b23) sw      gp, 1718(t5)
core   0: 3 0x8000a94e (0x6a3f2b23) mem 0x80010000 0x00000001
core   0: 0x8000a952 (0x0000bfe5) c.j     pc - 8
core   0: 3 0x8000a952 (0xbfe5)
core   0: 0x8000a94a (0x00005f17) auipc   t5, 0x5
core   0: 3 0x8000a94a (0x00005f17) x30 0x8000f94a
core   0: 0x8000a94e (0x6a3f2b23) sw      gp, 1718(t5)
core   0: 3 0x8000a94e (0x6a3f2b23) mem 0x80010000 0x00000001
core   0: 0x8000a952 (0x0000bfe5) c.j     pc - 8
core   0: 3 0x8000a952 (0xbfe5)
core   0: 0x8000a94a (0x00005f17) auipc   t5, 0x5
core   0: 3 0x8000a94a (0x00005f17) x30 0x8000f94a
core   0: 0x8000a94e (0x6a3f2b23) sw      gp, 1718(t5)
core   0: 3 0x8000a94e (0x6a3f2b23) mem 0x80010000 0x00000001
core   0: 0x8000a952 (0x0000bfe5) c.j     pc - 8
core   0: 3 0x8000a952 (0xbfe5)
core   0: 0x8000a94a (0x00005f17) auipc   t5, 0x5
core   0: 3 0x8000a94a (0x00005f17) x30 0x8000f94a
core   0: 0x8000a94e (0x6a3f2b23) sw      gp, 1718(t5)
core   0: 3 0x8000a94e (0x6a3f2b23) mem 0x80010000 0x00000001
core   0: 0x8000a952 (0x0000bfe5) c.j     pc - 8
core   0: 3 0x8000a952 (0xbfe5)
core   0: 0x8000a94a (0x00005f17) auipc   t5, 0x5
core   0: 3 0x8000a94a (0x00005f17) x30 0x8000f94a
core   0: 0x8000a94e (0x6a3f2b23) sw      gp, 1718(t5)
core   0: 3 0x8000a94e (0x6a3f2b23) mem 0x80010000 0x00000001
core   0: 0x8000a952 (0x0000bfe5) c.j     pc - 8
core   0: 3 0x8000a952 (0xbfe5)
core   0: 0x8000a94a (0x00005f17) auipc   t5, 0x5
core   0: 3 0x8000a94a (0x00005f17) x30 0x8000f94a
core   0: 0x8000a94e (0x6a3f2b23) sw      gp, 1718(t5)
core   0: 3 0x8000a94e (0x6a3f2b23) mem 0x80010000 0x00000001
core   0: 0x8000a952 (0x0000bfe5) c.j     pc - 8
core   0: 3 0x8000a952 (0xbfe5)
core   0: 0x8000a94a (0x00005f17) auipc   t5, 0x5
core   0: 3 0x8000a94a (0x00005f17) x30 0x8000f94a
core   0: 0x8000a94e (0x6a3f2b23) sw      gp, 1718(t5)
core   0: 3 0x8000a94e (0x6a3f2b23) mem 0x80010000 0x00000001
core   0: 0x8000a952 (0x0000bfe5) c.j     pc - 8
core   0: 3 0x8000a952 (0xbfe5)
core   0: 0x8000a94a (0x00005f17) auipc   t5, 0x5
core   0: 3 0x8000a94a (0x00005f17) x30 0x8000f94a
core   0: 0x8000a94e (0x6a3f2b23) sw      gp, 1718(t5)
core   0: 3 0x8000a94e (0x6a3f2b23) mem 0x80010000 0x00000001
core   0: 0x8000a952 (0x0000bfe5) c.j     pc - 8
core   0: 3 0x8000a952 (0xbfe5)
core   0: 0x8000a94a (0x00005f17) auipc   t5, 0x5
core   0: 3 0x8000a94a (0x00005f17) x30 0x8000f94a
core   0: 0x8000a94e (0x6a3f2b23) sw      gp, 1718(t5)
core   0: 3 0x8000a94e (0x6a3f2b23) mem 0x80010000 0x00000001
core   0: 0x8000a952 (0x0000bfe5) c.j     pc - 8
core   0: 3 0x8000a952 (0xbfe5)
core   0: 0x8000a94a (0x00005f17) auipc   t5, 0x5
core   0: 3 0x8000a94a (0x00005f17) x30 0x8000f94a
core   0: 0x8000a94e (0x6a3f2b23) sw      gp, 1718(t5)
core   0: 3 0x8000a94e (0x6a3f2b23) mem 0x80010000 0x00000001
core   0: 0x8000a952 (0x0000bfe5) c.j     pc - 8
core   0: 3 0x8000a952 (0xbfe5)
core   0: 0x8000a94a (0x00005f17) auipc   t5, 0x5
core   0: 3 0x8000a94a (0x00005f17) x30 0x8000f94a
core   0: 0x8000a94e (0x6a3f2b23) sw      gp, 1718(t5)
core   0: 3 0x8000a94e (0x6a3f2b23) mem 0x80010000 0x00000001
core   0: 0x8000a952 (0x0000bfe5) c.j     pc - 8
core   0: 3 0x8000a952 (0xbfe5)
core   0: 0x8000a94a (0x00005f17) auipc   t5, 0x5
core   0: 3 0x8000a94a (0x00005f17) x30 0x8000f94a
core   0: 0x8000a94e (0x6a3f2b23) sw      gp, 1718(t5)
core   0: 3 0x8000a94e (0x6a3f2b23) mem 0x80010000 0x00000001
core   0: 0x8000a952 (0x0000bfe5) c.j     pc - 8
core   0: 3 0x8000a952 (0xbfe5)
core   0: 0x8000a94a (0x00005f17) auipc   t5, 0x5
core   0: 3 0x8000a94a (0x00005f17) x30 0x8000f94a
core   0: 0x8000a94e (0x6a3f2b23) sw      gp, 1718(t5)
core   0: 3 0x8000a94e (0x6a3f2b23) mem 0x80010000 0x00000001
core   0: 0x8000a952 (0x0000bfe5) c.j     pc - 8
core   0: 3 0x8000a952 (0xbfe5)
core   0: 0x8000a94a (0x00005f17) auipc   t5, 0x5
core   0: 3 0x8000a94a (0x00005f17) x30 0x8000f94a
core   0: 0x8000a94e (0x6a3f2b23) sw      gp, 1718(t5)
core   0: 3 0x8000a94e (0x6a3f2b23) mem 0x80010000 0x00000001
core   0: 0x8000a952 (0x0000bfe5) c.j     pc - 8
core   0: 3 0x8000a952 (0xbfe5)
core   0: 0x8000a94a (0x00005f17) auipc   t5, 0x5
core   0: 3 0x8000a94a (0x00005f17) x30 0x8000f94a
core   0: 0x8000a94e (0x6a3f2b23) sw      gp, 1718(t5)
core   0: 3 0x8000a94e (0x6a3f2b23) mem 0x80010000 0x00000001
core   0: 0x8000a952 (0x0000bfe5) c.j     pc - 8
core   0: 3 0x8000a952 (0xbfe5)
core   0: 0x8000a94a (0x00005f17) auipc   t5, 0x5
core   0: 3 0x8000a94a (0x00005f17) x30 0x8000f94a
core   0: 0x8000a94e (0x6a3f2b23) sw      gp, 1718(t5)
core   0: 3 0x8000a94e (0x6a3f2b23) mem 0x80010000 0x00000001
core   0: 0x8000a952 (0x0000bfe5) c.j     pc - 8
core   0: 3 0x8000a952 (0xbfe5)
core   0: 0x8000a94a (0x00005f17) auipc   t5, 0x5
core   0: 3 0x8000a94a (0x00005f17) x30 0x8000f94a
core   0: 0x8000a94e (0x6a3f2b23) sw      gp, 1718(t5)
core   0: 3 0x8000a94e (0x6a3f2b23) mem 0x80010000 0x00000001
core   0: 0x8000a952 (0x0000bfe5) c.j     pc - 8
core   0: 3 0x8000a952 (0xbfe5)
core   0: 0x8000a94a (0x00005f17) auipc   t5, 0x5
core   0: 3 0x8000a94a (0x00005f17) x30 0x8000f94a
core   0: 0x8000a94e (0x6a3f2b23) sw      gp, 1718(t5)
core   0: 3 0x8000a94e (0x6a3f2b23) mem 0x80010000 0x00000001
core   0: 0x8000a952 (0x0000bfe5) c.j     pc - 8
core   0: 3 0x8000a952 (0xbfe5)
core   0: 0x8000a94a (0x00005f17) auipc   t5, 0x5
core   0: 3 0x8000a94a (0x00005f17) x30 0x8000f94a
core   0: 0x8000a94e (0x6a3f2b23) sw      gp, 1718(t5)
core   0: 3 0x8000a94e (0x6a3f2b23) mem 0x80010000 0x00000001
core   0: 0x8000a952 (0x0000bfe5) c.j     pc - 8
core   0: 3 0x8000a952 (0xbfe5)
core   0: 0x8000a94a (0x00005f17) auipc   t5, 0x5
core   0: 3 0x8000a94a (0x00005f17) x30 0x8000f94a
core   0: 0x8000a94e (0x6a3f2b23) sw      gp, 1718(t5)
core   0: 3 0x8000a94e (0x6a3f2b23) mem 0x80010000 0x00000001
core   0: 0x8000a952 (0x0000bfe5) c.j     pc - 8
core   0: 3 0x8000a952 (0xbfe5)
core   0: 0x8000a94a (0x00005f17) auipc   t5, 0x5
core   0: 3 0x8000a94a (0x00005f17) x30 0x8000f94a
core   0: 0x8000a94e (0x6a3f2b23) sw      gp, 1718(t5)
core   0: 3 0x8000a94e (0x6a3f2b23) mem 0x80010000 0x00000001
core   0: 0x8000a952 (0x0000bfe5) c.j     pc - 8
core   0: 3 0x8000a952 (0xbfe5)
core   0: 0x8000a94a (0x00005f17) auipc   t5, 0x5
core   0: 3 0x8000a94a (0x00005f17) x30 0x8000f94a
core   0: 0x8000a94e (0x6a3f2b23) sw      gp, 1718(t5)
core   0: 3 0x8000a94e (0x6a3f2b23) mem 0x80010000 0x00000001
core   0: 0x8000a952 (0x0000bfe5) c.j     pc - 8
core   0: 3 0x8000a952 (0xbfe5)
core   0: 0x8000a94a (0x00005f17) auipc   t5, 0x5
core   0: 3 0x8000a94a (0x00005f17) x30 0x8000f94a
core   0: 0x8000a94e (0x6a3f2b23) sw      gp, 1718(t5)
core   0: 3 0x8000a94e (0x6a3f2b23) mem 0x80010000 0x00000001
core   0: 0x8000a952 (0x0000bfe5) c.j     pc - 8
core   0: 3 0x8000a952 (0xbfe5)
core   0: 0x8000a94a (0x00005f17) auipc   t5, 0x5
core   0: 3 0x8000a94a (0x00005f17) x30 0x8000f94a
core   0: 0x8000a94e (0x6a3f2b23) sw      gp, 1718(t5)
core   0: 3 0x8000a94e (0x6a3f2b23) mem 0x80010000 0x00000001
core   0: 0x8000a952 (0x0000bfe5) c.j     pc - 8
core   0: 3 0x8000a952 (0xbfe5)
core   0: 0x8000a94a (0x00005f17) auipc   t5, 0x5
core   0: 3 0x8000a94a (0x00005f17) x30 0x8000f94a
core   0: 0x8000a94e (0x6a3f2b23) sw      gp, 1718(t5)
core   0: 3 0x8000a94e (0x6a3f2b23) mem 0x80010000 0x00000001
core   0: 0x8000a952 (0x0000bfe5) c.j     pc - 8
core   0: 3 0x8000a952 (0xbfe5)
core   0: 0x8000a94a (0x00005f17) auipc   t5, 0x5
core   0: 3 0x8000a94a (0x00005f17) x30 0x8000f94a
core   0: 0x8000a94e (0x6a3f2b23) sw      gp, 1718(t5)
core   0: 3 0x8000a94e (0x6a3f2b23) mem 0x80010000 0x00000001
core   0: 0x8000a952 (0x0000bfe5) c.j     pc - 8
core   0: 3 0x8000a952 (0xbfe5)
core   0: 0x8000a94a (0x00005f17) auipc   t5, 0x5
core   0: 3 0x8000a94a (0x00005f17) x30 0x8000f94a
core   0: 0x8000a94e (0x6a3f2b23) sw      gp, 1718(t5)
core   0: 3 0x8000a94e (0x6a3f2b23) mem 0x80010000 0x00000001
core   0: 0x8000a952 (0x0000bfe5) c.j     pc - 8
core   0: 3 0x8000a952 (0xbfe5)
core   0: 0x8000a94a (0x00005f17) auipc   t5, 0x5
core   0: 3 0x8000a94a (0x00005f17) x30 0x8000f94a
core   0: 0x8000a94e (0x6a3f2b23) sw      gp, 1718(t5)
core   0: 3 0x8000a94e (0x6a3f2b23) mem 0x80010000 0x00000001
core   0: 0x8000a952 (0x0000bfe5) c.j     pc - 8
core   0: 3 0x8000a952 (0xbfe5)
core   0: 0x8000a94a (0x00005f17) auipc   t5, 0x5
core   0: 3 0x8000a94a (0x00005f17) x30 0x8000f94a
core   0: 0x8000a94e (0x6a3f2b23) sw      gp, 1718(t5)
core   0: 3 0x8000a94e (0x6a3f2b23) mem 0x80010000 0x00000001
core   0: 0x8000a952 (0x0000bfe5) c.j     pc - 8
core   0: 3 0x8000a952 (0xbfe5)
core   0: 0x8000a94a (0x00005f17) auipc   t5, 0x5
core   0: 3 0x8000a94a (0x00005f17) x30 0x8000f94a
core   0: 0x8000a94e (0x6a3f2b23) sw      gp, 1718(t5)
core   0: 3 0x8000a94e (0x6a3f2b23) mem 0x80010000 0x00000001
core   0: 0x8000a952 (0x0000bfe5) c.j     pc - 8
core   0: 3 0x8000a952 (0xbfe5)
core   0: 0x8000a94a (0x00005f17) auipc   t5, 0x5
core   0: 3 0x8000a94a (0x00005f17) x30 0x8000f94a
core   0: 0x8000a94e (0x6a3f2b23) sw      gp, 1718(t5)
core   0: 3 0x8000a94e (0x6a3f2b23) mem 0x80010000 0x00000001
core   0: 0x8000a952 (0x0000bfe5) c.j     pc - 8
core   0: 3 0x8000a952 (0xbfe5)
core   0: 0x8000a94a (0x00005f17) auipc   t5, 0x5
core   0: 3 0x8000a94a (0x00005f17) x30 0x8000f94a
core   0: 0x8000a94e (0x6a3f2b23) sw      gp, 1718(t5)
core   0: 3 0x8000a94e (0x6a3f2b23) mem 0x80010000 0x00000001
core   0: 0x8000a952 (0x0000bfe5) c.j     pc - 8
core   0: 3 0x8000a952 (0xbfe5)
core   0: 0x8000a94a (0x00005f17) auipc   t5, 0x5
core   0: 3 0x8000a94a (0x00005f17) x30 0x8000f94a
core   0: 0x8000a94e (0x6a3f2b23) sw      gp, 1718(t5)
core   0: 3 0x8000a94e (0x6a3f2b23) mem 0x80010000 0x00000001
core   0: 0x8000a952 (0x0000bfe5) c.j     pc - 8
core   0: 3 0x8000a952 (0xbfe5)
core   0: 0x8000a94a (0x00005f17) auipc   t5, 0x5
core   0: 3 0x8000a94a (0x00005f17) x30 0x8000f94a
core   0: 0x8000a94e (0x6a3f2b23) sw      gp, 1718(t5)
core   0: 3 0x8000a94e (0x6a3f2b23) mem 0x80010000 0x00000001
core   0: 0x8000a952 (0x0000bfe5) c.j     pc - 8
core   0: 3 0x8000a952 (0xbfe5)
core   0: 0x8000a94a (0x00005f17) auipc   t5, 0x5
core   0: 3 0x8000a94a (0x00005f17) x30 0x8000f94a
core   0: 0x8000a94e (0x6a3f2b23) sw      gp, 1718(t5)
core   0: 3 0x8000a94e (0x6a3f2b23) mem 0x80010000 0x00000001
core   0: 0x8000a952 (0x0000bfe5) c.j     pc - 8
core   0: 3 0x8000a952 (0xbfe5)
core   0: 0x8000a94a (0x00005f17) auipc   t5, 0x5
core   0: 3 0x8000a94a (0x00005f17) x30 0x8000f94a
core   0: 0x8000a94e (0x6a3f2b23) sw      gp, 1718(t5)
core   0: 3 0x8000a94e (0x6a3f2b23) mem 0x80010000 0x00000001
core   0: 0x8000a952 (0x0000bfe5) c.j     pc - 8
core   0: 3 0x8000a952 (0xbfe5)
core   0: 0x8000a94a (0x00005f17) auipc   t5, 0x5
core   0: 3 0x8000a94a (0x00005f17) x30 0x8000f94a
core   0: 0x8000a94e (0x6a3f2b23) sw      gp, 1718(t5)
core   0: 3 0x8000a94e (0x6a3f2b23) mem 0x80010000 0x00000001
core   0: 0x8000a952 (0x0000bfe5) c.j     pc - 8
core   0: 3 0x8000a952 (0xbfe5)
core   0: 0x8000a94a (0x00005f17) auipc   t5, 0x5
core   0: 3 0x8000a94a (0x00005f17) x30 0x8000f94a
core   0: 0x8000a94e (0x6a3f2b23) sw      gp, 1718(t5)
core   0: 3 0x8000a94e (0x6a3f2b23) mem 0x80010000 0x00000001
core   0: 0x8000a952 (0x0000bfe5) c.j     pc - 8
core   0: 3 0x8000a952 (0xbfe5)
core   0: 0x8000a94a (0x00005f17) auipc   t5, 0x5
core   0: 3 0x8000a94a (0x00005f17) x30 0x8000f94a
core   0: 0x8000a94e (0x6a3f2b23) sw      gp, 1718(t5)
core   0: 3 0x8000a94e (0x6a3f2b23) mem 0x80010000 0x00000001
core   0: 0x8000a952 (0x0000bfe5) c.j     pc - 8
core   0: 3 0x8000a952 (0xbfe5)
core   0: 0x8000a94a (0x00005f17) auipc   t5, 0x5
core   0: 3 0x8000a94a (0x00005f17) x30 0x8000f94a
core   0: 0x8000a94e (0x6a3f2b23) sw      gp, 1718(t5)
core   0: 3 0x8000a94e (0x6a3f2b23) mem 0x80010000 0x00000001
core   0: 0x8000a952 (0x0000bfe5) c.j     pc - 8
core   0: 3 0x8000a952 (0xbfe5)
core   0: 0x8000a94a (0x00005f17) auipc   t5, 0x5
core   0: 3 0x8000a94a (0x00005f17) x30 0x8000f94a
core   0: 0x8000a94e (0x6a3f2b23) sw      gp, 1718(t5)
core   0: 3 0x8000a94e (0x6a3f2b23) mem 0x80010000 0x00000001
core   0: 0x8000a952 (0x0000bfe5) c.j     pc - 8
core   0: 3 0x8000a952 (0xbfe5)
core   0: 0x8000a94a (0x00005f17) auipc   t5, 0x5
core   0: 3 0x8000a94a (0x00005f17) x30 0x8000f94a
core   0: 0x8000a94e (0x6a3f2b23) sw      gp, 1718(t5)
core   0: 3 0x8000a94e (0x6a3f2b23) mem 0x80010000 0x00000001
core   0: 0x8000a952 (0x0000bfe5) c.j     pc - 8
core   0: 3 0x8000a952 (0xbfe5)
core   0: 0x8000a94a (0x00005f17) auipc   t5, 0x5
core   0: 3 0x8000a94a (0x00005f17) x30 0x8000f94a
core   0: 0x8000a94e (0x6a3f2b23) sw      gp, 1718(t5)
core   0: 3 0x8000a94e (0x6a3f2b23) mem 0x80010000 0x00000001
core   0: 0x8000a952 (0x0000bfe5) c.j     pc - 8
core   0: 3 0x8000a952 (0xbfe5)
core   0: 0x8000a94a (0x00005f17) auipc   t5, 0x5
core   0: 3 0x8000a94a (0x00005f17) x30 0x8000f94a
core   0: 0x8000a94e (0x6a3f2b23) sw      gp, 1718(t5)
core   0: 3 0x8000a94e (0x6a3f2b23) mem 0x80010000 0x00000001
core   0: 0x8000a952 (0x0000bfe5) c.j     pc - 8
core   0: 3 0x8000a952 (0xbfe5)
core   0: 0x8000a94a (0x00005f17) auipc   t5, 0x5
core   0: 3 0x8000a94a (0x00005f17) x30 0x8000f94a
core   0: 0x8000a94e (0x6a3f2b23) sw      gp, 1718(t5)
core   0: 3 0x8000a94e (0x6a3f2b23) mem 0x80010000 0x00000001
core   0: 0x8000a952 (0x0000bfe5) c.j     pc - 8
core   0: 3 0x8000a952 (0xbfe5)
core   0: 0x8000a94a (0x00005f17) auipc   t5, 0x5
core   0: 3 0x8000a94a (0x00005f17) x30 0x8000f94a
core   0: 0x8000a94e (0x6a3f2b23) sw      gp, 1718(t5)
core   0: 3 0x8000a94e (0x6a3f2b23) mem 0x80010000 0x00000001
core   0: 0x8000a952 (0x0000bfe5) c.j     pc - 8
core   0: 3 0x8000a952 (0xbfe5)
core   0: 0x8000a94a (0x00005f17) auipc   t5, 0x5
core   0: 3 0x8000a94a (0x00005f17) x30 0x8000f94a
core   0: 0x8000a94e (0x6a3f2b23) sw      gp, 1718(t5)
core   0: 3 0x8000a94e (0x6a3f2b23) mem 0x80010000 0x00000001
core   0: 0x8000a952 (0x0000bfe5) c.j     pc - 8
core   0: 3 0x8000a952 (0xbfe5)
core   0: 0x8000a94a (0x00005f17) auipc   t5, 0x5
core   0: 3 0x8000a94a (0x00005f17) x30 0x8000f94a
core   0: 0x8000a94e (0x6a3f2b23) sw      gp, 1718(t5)
core   0: 3 0x8000a94e (0x6a3f2b23) mem 0x80010000 0x00000001
core   0: 0x8000a952 (0x0000bfe5) c.j     pc - 8
core   0: 3 0x8000a952 (0xbfe5)
core   0: 0x8000a94a (0x00005f17) auipc   t5, 0x5
core   0: 3 0x8000a94a (0x00005f17) x30 0x8000f94a
core   0: 0x8000a94e (0x6a3f2b23) sw      gp, 1718(t5)
core   0: 3 0x8000a94e (0x6a3f2b23) mem 0x80010000 0x00000001
core   0: 0x8000a952 (0x0000bfe5) c.j     pc - 8
core   0: 3 0x8000a952 (0xbfe5)
core   0: 0x8000a94a (0x00005f17) auipc   t5, 0x5
core   0: 3 0x8000a94a (0x00005f17) x30 0x8000f94a
core   0: 0x8000a94e (0x6a3f2b23) sw      gp, 1718(t5)
core   0: 3 0x8000a94e (0x6a3f2b23) mem 0x80010000 0x00000001
core   0: 0x8000a952 (0x0000bfe5) c.j     pc - 8
core   0: 3 0x8000a952 (0xbfe5)
core   0: 0x8000a94a (0x00005f17) auipc   t5, 0x5
core   0: 3 0x8000a94a (0x00005f17) x30 0x8000f94a
core   0: 0x8000a94e (0x6a3f2b23) sw      gp, 1718(t5)
core   0: 3 0x8000a94e (0x6a3f2b23) mem 0x80010000 0x00000001
core   0: 0x8000a952 (0x0000bfe5) c.j     pc - 8
core   0: 3 0x8000a952 (0xbfe5)
core   0: 0x8000a94a (0x00005f17) auipc   t5, 0x5
core   0: 3 0x8000a94a (0x00005f17) x30 0x8000f94a
core   0: 0x8000a94e (0x6a3f2b23) sw      gp, 1718(t5)
core   0: 3 0x8000a94e (0x6a3f2b23) mem 0x80010000 0x00000001
core   0: 0x8000a952 (0x0000bfe5) c.j     pc - 8
core   0: 3 0x8000a952 (0xbfe5)
core   0: 0x8000a94a (0x00005f17) auipc   t5, 0x5
core   0: 3 0x8000a94a (0x00005f17) x30 0x8000f94a
core   0: 0x8000a94e (0x6a3f2b23) sw      gp, 1718(t5)
core   0: 3 0x8000a94e (0x6a3f2b23) mem 0x80010000 0x00000001
core   0: 0x8000a952 (0x0000bfe5) c.j     pc - 8
core   0: 3 0x8000a952 (0xbfe5)
core   0: 0x8000a94a (0x00005f17) auipc   t5, 0x5
core   0: 3 0x8000a94a (0x00005f17) x30 0x8000f94a
core   0: 0x8000a94e (0x6a3f2b23) sw      gp, 1718(t5)
core   0: 3 0x8000a94e (0x6a3f2b23) mem 0x80010000 0x00000001
core   0: 0x8000a952 (0x0000bfe5) c.j     pc - 8
core   0: 3 0x8000a952 (0xbfe5)
core   0: 0x8000a94a (0x00005f17) auipc   t5, 0x5
core   0: 3 0x8000a94a (0x00005f17) x30 0x8000f94a
core   0: 0x8000a94e (0x6a3f2b23) sw      gp, 1718(t5)
core   0: 3 0x8000a94e (0x6a3f2b23) mem 0x80010000 0x00000001
core   0: 0x8000a952 (0x0000bfe5) c.j     pc - 8
core   0: 3 0x8000a952 (0xbfe5)
core   0: 0x8000a94a (0x00005f17) auipc   t5, 0x5
core   0: 3 0x8000a94a (0x00005f17) x30 0x8000f94a
core   0: 0x8000a94e (0x6a3f2b23) sw      gp, 1718(t5)
core   0: 3 0x8000a94e (0x6a3f2b23) mem 0x80010000 0x00000001
core   0: 0x8000a952 (0x0000bfe5) c.j     pc - 8
core   0: 3 0x8000a952 (0xbfe5)
core   0: 0x8000a94a (0x00005f17) auipc   t5, 0x5
core   0: 3 0x8000a94a (0x00005f17) x30 0x8000f94a
core   0: 0x8000a94e (0x6a3f2b23) sw      gp, 1718(t5)
core   0: 3 0x8000a94e (0x6a3f2b23) mem 0x80010000 0x00000001
core   0: 0x8000a952 (0x0000bfe5) c.j     pc - 8
core   0: 3 0x8000a952 (0xbfe5)
core   0: 0x8000a94a (0x00005f17) auipc   t5, 0x5
core   0: 3 0x8000a94a (0x00005f17) x30 0x8000f94a
core   0: 0x8000a94e (0x6a3f2b23) sw      gp, 1718(t5)
core   0: 3 0x8000a94e (0x6a3f2b23) mem 0x80010000 0x00000001
core   0: 0x8000a952 (0x0000bfe5) c.j     pc - 8
core   0: 3 0x8000a952 (0xbfe5)
core   0: 0x8000a94a (0x00005f17) auipc   t5, 0x5
core   0: 3 0x8000a94a (0x00005f17) x30 0x8000f94a
core   0: 0x8000a94e (0x6a3f2b23) sw      gp, 1718(t5)
core   0: 3 0x8000a94e (0x6a3f2b23) mem 0x80010000 0x00000001
core   0: 0x8000a952 (0x0000bfe5) c.j     pc - 8
core   0: 3 0x8000a952 (0xbfe5)
core   0: 0x8000a94a (0x00005f17) auipc   t5, 0x5
core   0: 3 0x8000a94a (0x00005f17) x30 0x8000f94a
core   0: 0x8000a94e (0x6a3f2b23) sw      gp, 1718(t5)
core   0: 3 0x8000a94e (0x6a3f2b23) mem 0x80010000 0x00000001
core   0: 0x8000a952 (0x0000bfe5) c.j     pc - 8
core   0: 3 0x8000a952 (0xbfe5)
core   0: 0x8000a94a (0x00005f17) auipc   t5, 0x5
core   0: 3 0x8000a94a (0x00005f17) x30 0x8000f94a
core   0: 0x8000a94e (0x6a3f2b23) sw      gp, 1718(t5)
core   0: 3 0x8000a94e (0x6a3f2b23) mem 0x80010000 0x00000001
core   0: 0x8000a952 (0x0000bfe5) c.j     pc - 8
core   0: 3 0x8000a952 (0xbfe5)
core   0: 0x8000a94a (0x00005f17) auipc   t5, 0x5
core   0: 3 0x8000a94a (0x00005f17) x30 0x8000f94a
core   0: 0x8000a94e (0x6a3f2b23) sw      gp, 1718(t5)
core   0: 3 0x8000a94e (0x6a3f2b23) mem 0x80010000 0x00000001
core   0: 0x8000a952 (0x0000bfe5) c.j     pc - 8
core   0: 3 0x8000a952 (0xbfe5)
core   0: 0x8000a94a (0x00005f17) auipc   t5, 0x5
core   0: 3 0x8000a94a (0x00005f17) x30 0x8000f94a
core   0: 0x8000a94e (0x6a3f2b23) sw      gp, 1718(t5)
core   0: 3 0x8000a94e (0x6a3f2b23) mem 0x80010000 0x00000001
core   0: 0x8000a952 (0x0000bfe5) c.j     pc - 8
core   0: 3 0x8000a952 (0xbfe5)
core   0: 0x8000a94a (0x00005f17) auipc   t5, 0x5
core   0: 3 0x8000a94a (0x00005f17) x30 0x8000f94a
core   0: 0x8000a94e (0x6a3f2b23) sw      gp, 1718(t5)
core   0: 3 0x8000a94e (0x6a3f2b23) mem 0x80010000 0x00000001
core   0: 0x8000a952 (0x0000bfe5) c.j     pc - 8
core   0: 3 0x8000a952 (0xbfe5)
core   0: 0x8000a94a (0x00005f17) auipc   t5, 0x5
core   0: 3 0x8000a94a (0x00005f17) x30 0x8000f94a
core   0: 0x8000a94e (0x6a3f2b23) sw      gp, 1718(t5)
core   0: 3 0x8000a94e (0x6a3f2b23) mem 0x80010000 0x00000001
core   0: 0x8000a952 (0x0000bfe5) c.j     pc - 8
core   0: 3 0x8000a952 (0xbfe5)
core   0: 0x8000a94a (0x00005f17) auipc   t5, 0x5
core   0: 3 0x8000a94a (0x00005f17) x30 0x8000f94a
core   0: 0x8000a94e (0x6a3f2b23) sw      gp, 1718(t5)
core   0: 3 0x8000a94e (0x6a3f2b23) mem 0x80010000 0x00000001
core   0: 0x8000a952 (0x0000bfe5) c.j     pc - 8
core   0: 3 0x8000a952 (0xbfe5)
core   0: 0x8000a94a (0x00005f17) auipc   t5, 0x5
core   0: 3 0x8000a94a (0x00005f17) x30 0x8000f94a
core   0: 0x8000a94e (0x6a3f2b23) sw      gp, 1718(t5)
core   0: 3 0x8000a94e (0x6a3f2b23) mem 0x80010000 0x00000001
core   0: 0x8000a952 (0x0000bfe5) c.j     pc - 8
core   0: 3 0x8000a952 (0xbfe5)
core   0: 0x8000a94a (0x00005f17) auipc   t5, 0x5
core   0: 3 0x8000a94a (0x00005f17) x30 0x8000f94a
core   0: 0x8000a94e (0x6a3f2b23) sw      gp, 1718(t5)
core   0: 3 0x8000a94e (0x6a3f2b23) mem 0x80010000 0x00000001
core   0: 0x8000a952 (0x0000bfe5) c.j     pc - 8
core   0: 3 0x8000a952 (0xbfe5)
core   0: 0x8000a94a (0x00005f17) auipc   t5, 0x5
core   0: 3 0x8000a94a (0x00005f17) x30 0x8000f94a
core   0: 0x8000a94e (0x6a3f2b23) sw      gp, 1718(t5)
core   0: 3 0x8000a94e (0x6a3f2b23) mem 0x80010000 0x00000001
core   0: 0x8000a952 (0x0000bfe5) c.j     pc - 8
core   0: 3 0x8000a952 (0xbfe5)
core   0: 0x8000a94a (0x00005f17) auipc   t5, 0x5
core   0: 3 0x8000a94a (0x00005f17) x30 0x8000f94a
core   0: 0x8000a94e (0x6a3f2b23) sw      gp, 1718(t5)
core   0: 3 0x8000a94e (0x6a3f2b23) mem 0x80010000 0x00000001
core   0: 0x8000a952 (0x0000bfe5) c.j     pc - 8
core   0: 3 0x8000a952 (0xbfe5)
core   0: 0x8000a94a (0x00005f17) auipc   t5, 0x5
core   0: 3 0x8000a94a (0x00005f17) x30 0x8000f94a
core   0: 0x8000a94e (0x6a3f2b23) sw      gp, 1718(t5)
core   0: 3 0x8000a94e (0x6a3f2b23) mem 0x80010000 0x00000001
core   0: 0x8000a952 (0x0000bfe5) c.j     pc - 8
core   0: 3 0x8000a952 (0xbfe5)
core   0: 0x8000a94a (0x00005f17) auipc   t5, 0x5
core   0: 3 0x8000a94a (0x00005f17) x30 0x8000f94a
core   0: 0x8000a94e (0x6a3f2b23) sw      gp, 1718(t5)
core   0: 3 0x8000a94e (0x6a3f2b23) mem 0x80010000 0x00000001
core   0: 0x8000a952 (0x0000bfe5) c.j     pc - 8
core   0: 3 0x8000a952 (0xbfe5)
core   0: 0x8000a94a (0x00005f17) auipc   t5, 0x5
core   0: 3 0x8000a94a (0x00005f17) x30 0x8000f94a
core   0: 0x8000a94e (0x6a3f2b23) sw      gp, 1718(t5)
core   0: 3 0x8000a94e (0x6a3f2b23) mem 0x80010000 0x00000001
core   0: 0x8000a952 (0x0000bfe5) c.j     pc - 8
core   0: 3 0x8000a952 (0xbfe5)
core   0: 0x8000a94a (0x00005f17) auipc   t5, 0x5
core   0: 3 0x8000a94a (0x00005f17) x30 0x8000f94a
core   0: 0x8000a94e (0x6a3f2b23) sw      gp, 1718(t5)
core   0: 3 0x8000a94e (0x6a3f2b23) mem 0x80010000 0x00000001
core   0: 0x8000a952 (0x0000bfe5) c.j     pc - 8
core   0: 3 0x8000a952 (0xbfe5)
core   0: 0x8000a94a (0x00005f17) auipc   t5, 0x5
core   0: 3 0x8000a94a (0x00005f17) x30 0x8000f94a
core   0: 0x8000a94e (0x6a3f2b23) sw      gp, 1718(t5)
core   0: 3 0x8000a94e (0x6a3f2b23) mem 0x80010000 0x00000001
core   0: 0x8000a952 (0x0000bfe5) c.j     pc - 8
core   0: 3 0x8000a952 (0xbfe5)
core   0: 0x8000a94a (0x00005f17) auipc   t5, 0x5
core   0: 3 0x8000a94a (0x00005f17) x30 0x8000f94a
core   0: 0x8000a94e (0x6a3f2b23) sw      gp, 1718(t5)
core   0: 3 0x8000a94e (0x6a3f2b23) mem 0x80010000 0x00000001
core   0: 0x8000a952 (0x0000bfe5) c.j     pc - 8
core   0: 3 0x8000a952 (0xbfe5)
core   0: 0x8000a94a (0x00005f17) auipc   t5, 0x5
core   0: 3 0x8000a94a (0x00005f17) x30 0x8000f94a
core   0: 0x8000a94e (0x6a3f2b23) sw      gp, 1718(t5)
core   0: 3 0x8000a94e (0x6a3f2b23) mem 0x80010000 0x00000001
core   0: 0x8000a952 (0x0000bfe5) c.j     pc - 8
core   0: 3 0x8000a952 (0xbfe5)
core   0: 0x8000a94a (0x00005f17) auipc   t5, 0x5
core   0: 3 0x8000a94a (0x00005f17) x30 0x8000f94a
core   0: 0x8000a94e (0x6a3f2b23) sw      gp, 1718(t5)
core   0: 3 0x8000a94e (0x6a3f2b23) mem 0x80010000 0x00000001
core   0: 0x8000a952 (0x0000bfe5) c.j     pc - 8
core   0: 3 0x8000a952 (0xbfe5)
core   0: 0x8000a94a (0x00005f17) auipc   t5, 0x5
core   0: 3 0x8000a94a (0x00005f17) x30 0x8000f94a
core   0: 0x8000a94e (0x6a3f2b23) sw      gp, 1718(t5)
core   0: 3 0x8000a94e (0x6a3f2b23) mem 0x80010000 0x00000001
core   0: 0x8000a952 (0x0000bfe5) c.j     pc - 8
core   0: 3 0x8000a952 (0xbfe5)
core   0: 0x8000a94a (0x00005f17) auipc   t5, 0x5
core   0: 3 0x8000a94a (0x00005f17) x30 0x8000f94a
core   0: 0x8000a94e (0x6a3f2b23) sw      gp, 1718(t5)
core   0: 3 0x8000a94e (0x6a3f2b23) mem 0x80010000 0x00000001
core   0: 0x8000a952 (0x0000bfe5) c.j     pc - 8
core   0: 3 0x8000a952 (0xbfe5)
core   0: 0x8000a94a (0x00005f17) auipc   t5, 0x5
core   0: 3 0x8000a94a (0x00005f17) x30 0x8000f94a
core   0: 0x8000a94e (0x6a3f2b23) sw      gp, 1718(t5)
core   0: 3 0x8000a94e (0x6a3f2b23) mem 0x80010000 0x00000001
core   0: 0x8000a952 (0x0000bfe5) c.j     pc - 8
core   0: 3 0x8000a952 (0xbfe5)
core   0: 0x8000a94a (0x00005f17) auipc   t5, 0x5
core   0: 3 0x8000a94a (0x00005f17) x30 0x8000f94a
core   0: 0x8000a94e (0x6a3f2b23) sw      gp, 1718(t5)
core   0: 3 0x8000a94e (0x6a3f2b23) mem 0x80010000 0x00000001
core   0: 0x8000a952 (0x0000bfe5) c.j     pc - 8
core   0: 3 0x8000a952 (0xbfe5)
core   0: 0x8000a94a (0x00005f17) auipc   t5, 0x5
core   0: 3 0x8000a94a (0x00005f17) x30 0x8000f94a
core   0: 0x8000a94e (0x6a3f2b23) sw      gp, 1718(t5)
core   0: 3 0x8000a94e (0x6a3f2b23) mem 0x80010000 0x00000001
core   0: 0x8000a952 (0x0000bfe5) c.j     pc - 8
core   0: 3 0x8000a952 (0xbfe5)
core   0: 0x8000a94a (0x00005f17) auipc   t5, 0x5
core   0: 3 0x8000a94a (0x00005f17) x30 0x8000f94a
core   0: 0x8000a94e (0x6a3f2b23) sw      gp, 1718(t5)
core   0: 3 0x8000a94e (0x6a3f2b23) mem 0x80010000 0x00000001
core   0: 0x8000a952 (0x0000bfe5) c.j     pc - 8
core   0: 3 0x8000a952 (0xbfe5)
core   0: 0x8000a94a (0x00005f17) auipc   t5, 0x5
core   0: 3 0x8000a94a (0x00005f17) x30 0x8000f94a
core   0: 0x8000a94e (0x6a3f2b23) sw      gp, 1718(t5)
core   0: 3 0x8000a94e (0x6a3f2b23) mem 0x80010000 0x00000001
core   0: 0x8000a952 (0x0000bfe5) c.j     pc - 8
core   0: 3 0x8000a952 (0xbfe5)
core   0: 0x8000a94a (0x00005f17) auipc   t5, 0x5
core   0: 3 0x8000a94a (0x00005f17) x30 0x8000f94a
core   0: 0x8000a94e (0x6a3f2b23) sw      gp, 1718(t5)
core   0: 3 0x8000a94e (0x6a3f2b23) mem 0x80010000 0x00000001
core   0: 0x8000a952 (0x0000bfe5) c.j     pc - 8
core   0: 3 0x8000a952 (0xbfe5)
core   0: 0x8000a94a (0x00005f17) auipc   t5, 0x5
core   0: 3 0x8000a94a (0x00005f17) x30 0x8000f94a
core   0: 0x8000a94e (0x6a3f2b23) sw      gp, 1718(t5)
core   0: 3 0x8000a94e (0x6a3f2b23) mem 0x80010000 0x00000001
core   0: 0x8000a952 (0x0000bfe5) c.j     pc - 8
core   0: 3 0x8000a952 (0xbfe5)
core   0: 0x8000a94a (0x00005f17) auipc   t5, 0x5
core   0: 3 0x8000a94a (0x00005f17) x30 0x8000f94a
core   0: 0x8000a94e (0x6a3f2b23) sw      gp, 1718(t5)
core   0: 3 0x8000a94e (0x6a3f2b23) mem 0x80010000 0x00000001
core   0: 0x8000a952 (0x0000bfe5) c.j     pc - 8
core   0: 3 0x8000a952 (0xbfe5)
core   0: 0x8000a94a (0x00005f17) auipc   t5, 0x5
core   0: 3 0x8000a94a (0x00005f17) x30 0x8000f94a
core   0: 0x8000a94e (0x6a3f2b23) sw      gp, 1718(t5)
core   0: 3 0x8000a94e (0x6a3f2b23) mem 0x80010000 0x00000001
core   0: 0x8000a952 (0x0000bfe5) c.j     pc - 8
core   0: 3 0x8000a952 (0xbfe5)
core   0: 0x8000a94a (0x00005f17) auipc   t5, 0x5
core   0: 3 0x8000a94a (0x00005f17) x30 0x8000f94a
core   0: 0x8000a94e (0x6a3f2b23) sw      gp, 1718(t5)
core   0: 3 0x8000a94e (0x6a3f2b23) mem 0x80010000 0x00000001
core   0: 0x8000a952 (0x0000bfe5) c.j     pc - 8
core   0: 3 0x8000a952 (0xbfe5)
core   0: 0x8000a94a (0x00005f17) auipc   t5, 0x5
core   0: 3 0x8000a94a (0x00005f17) x30 0x8000f94a
core   0: 0x8000a94e (0x6a3f2b23) sw      gp, 1718(t5)
core   0: 3 0x8000a94e (0x6a3f2b23) mem 0x80010000 0x00000001
core   0: 0x8000a952 (0x0000bfe5) c.j     pc - 8
core   0: 3 0x8000a952 (0xbfe5)
core   0: 0x8000a94a (0x00005f17) auipc   t5, 0x5
core   0: 3 0x8000a94a (0x00005f17) x30 0x8000f94a
core   0: 0x8000a94e (0x6a3f2b23) sw      gp, 1718(t5)
core   0: 3 0x8000a94e (0x6a3f2b23) mem 0x80010000 0x00000001
core   0: 0x8000a952 (0x0000bfe5) c.j     pc - 8
core   0: 3 0x8000a952 (0xbfe5)
core   0: 0x8000a94a (0x00005f17) auipc   t5, 0x5
core   0: 3 0x8000a94a (0x00005f17) x30 0x8000f94a
core   0: 0x8000a94e (0x6a3f2b23) sw      gp, 1718(t5)
core   0: 3 0x8000a94e (0x6a3f2b23) mem 0x80010000 0x00000001
core   0: 0x8000a952 (0x0000bfe5) c.j     pc - 8
core   0: 3 0x8000a952 (0xbfe5)
core   0: 0x8000a94a (0x00005f17) auipc   t5, 0x5
core   0: 3 0x8000a94a (0x00005f17) x30 0x8000f94a
core   0: 0x8000a94e (0x6a3f2b23) sw      gp, 1718(t5)
core   0: 3 0x8000a94e (0x6a3f2b23) mem 0x80010000 0x00000001
core   0: 0x8000a952 (0x0000bfe5) c.j     pc - 8
core   0: 3 0x8000a952 (0xbfe5)
core   0: 0x8000a94a (0x00005f17) auipc   t5, 0x5
core   0: 3 0x8000a94a (0x00005f17) x30 0x8000f94a
core   0: 0x8000a94e (0x6a3f2b23) sw      gp, 1718(t5)
core   0: 3 0x8000a94e (0x6a3f2b23) mem 0x80010000 0x00000001
core   0: 0x8000a952 (0x0000bfe5) c.j     pc - 8
core   0: 3 0x8000a952 (0xbfe5)
core   0: 0x8000a94a (0x00005f17) auipc   t5, 0x5
core   0: 3 0x8000a94a (0x00005f17) x30 0x8000f94a
core   0: 0x8000a94e (0x6a3f2b23) sw      gp, 1718(t5)
core   0: 3 0x8000a94e (0x6a3f2b23) mem 0x80010000 0x00000001
core   0: 0x8000a952 (0x0000bfe5) c.j     pc - 8
core   0: 3 0x8000a952 (0xbfe5)
core   0: 0x8000a94a (0x00005f17) auipc   t5, 0x5
core   0: 3 0x8000a94a (0x00005f17) x30 0x8000f94a
core   0: 0x8000a94e (0x6a3f2b23) sw      gp, 1718(t5)
core   0: 3 0x8000a94e (0x6a3f2b23) mem 0x80010000 0x00000001
core   0: 0x8000a952 (0x0000bfe5) c.j     pc - 8
core   0: 3 0x8000a952 (0xbfe5)
core   0: 0x8000a94a (0x00005f17) auipc   t5, 0x5
core   0: 3 0x8000a94a (0x00005f17) x30 0x8000f94a
core   0: 0x8000a94e (0x6a3f2b23) sw      gp, 1718(t5)
core   0: 3 0x8000a94e (0x6a3f2b23) mem 0x80010000 0x00000001
core   0: 0x8000a952 (0x0000bfe5) c.j     pc - 8
core   0: 3 0x8000a952 (0xbfe5)
core   0: 0x8000a94a (0x00005f17) auipc   t5, 0x5
core   0: 3 0x8000a94a (0x00005f17) x30 0x8000f94a
core   0: 0x8000a94e (0x6a3f2b23) sw      gp, 1718(t5)
core   0: 3 0x8000a94e (0x6a3f2b23) mem 0x80010000 0x00000001
core   0: 0x8000a952 (0x0000bfe5) c.j     pc - 8
core   0: 3 0x8000a952 (0xbfe5)
core   0: 0x8000a94a (0x00005f17) auipc   t5, 0x5
core   0: 3 0x8000a94a (0x00005f17) x30 0x8000f94a
core   0: 0x8000a94e (0x6a3f2b23) sw      gp, 1718(t5)
core   0: 3 0x8000a94e (0x6a3f2b23) mem 0x80010000 0x00000001
core   0: 0x8000a952 (0x0000bfe5) c.j     pc - 8
core   0: 3 0x8000a952 (0xbfe5)
core   0: 0x8000a94a (0x00005f17) auipc   t5, 0x5
core   0: 3 0x8000a94a (0x00005f17) x30 0x8000f94a
core   0: 0x8000a94e (0x6a3f2b23) sw      gp, 1718(t5)
core   0: 3 0x8000a94e (0x6a3f2b23) mem 0x80010000 0x00000001
core   0: 0x8000a952 (0x0000bfe5) c.j     pc - 8
core   0: 3 0x8000a952 (0xbfe5)
core   0: 0x8000a94a (0x00005f17) auipc   t5, 0x5
core   0: 3 0x8000a94a (0x00005f17) x30 0x8000f94a
core   0: 0x8000a94e (0x6a3f2b23) sw      gp, 1718(t5)
core   0: 3 0x8000a94e (0x6a3f2b23) mem 0x80010000 0x00000001
core   0: 0x8000a952 (0x0000bfe5) c.j     pc - 8
core   0: 3 0x8000a952 (0xbfe5)
core   0: 0x8000a94a (0x00005f17) auipc   t5, 0x5
core   0: 3 0x8000a94a (0x00005f17) x30 0x8000f94a
core   0: 0x8000a94e (0x6a3f2b23) sw      gp, 1718(t5)
core   0: 3 0x8000a94e (0x6a3f2b23) mem 0x80010000 0x00000001
core   0: 0x8000a952 (0x0000bfe5) c.j     pc - 8
core   0: 3 0x8000a952 (0xbfe5)
core   0: 0x8000a94a (0x00005f17) auipc   t5, 0x5
core   0: 3 0x8000a94a (0x00005f17) x30 0x8000f94a
core   0: 0x8000a94e (0x6a3f2b23) sw      gp, 1718(t5)
core   0: 3 0x8000a94e (0x6a3f2b23) mem 0x80010000 0x00000001
core   0: 0x8000a952 (0x0000bfe5) c.j     pc - 8
core   0: 3 0x8000a952 (0xbfe5)
core   0: 0x8000a94a (0x00005f17) auipc   t5, 0x5
core   0: 3 0x8000a94a (0x00005f17) x30 0x8000f94a
core   0: 0x8000a94e (0x6a3f2b23) sw      gp, 1718(t5)
core   0: 3 0x8000a94e (0x6a3f2b23) mem 0x80010000 0x00000001
core   0: 0x8000a952 (0x0000bfe5) c.j     pc - 8
core   0: 3 0x8000a952 (0xbfe5)
core   0: 0x8000a94a (0x00005f17) auipc   t5, 0x5
core   0: 3 0x8000a94a (0x00005f17) x30 0x8000f94a
core   0: 0x8000a94e (0x6a3f2b23) sw      gp, 1718(t5)
core   0: 3 0x8000a94e (0x6a3f2b23) mem 0x80010000 0x00000001
core   0: 0x8000a952 (0x0000bfe5) c.j     pc - 8
core   0: 3 0x8000a952 (0xbfe5)
core   0: 0x8000a94a (0x00005f17) auipc   t5, 0x5
core   0: 3 0x8000a94a (0x00005f17) x30 0x8000f94a
core   0: 0x8000a94e (0x6a3f2b23) sw      gp, 1718(t5)
core   0: 3 0x8000a94e (0x6a3f2b23) mem 0x80010000 0x00000001
core   0: 0x8000a952 (0x0000bfe5) c.j     pc - 8
core   0: 3 0x8000a952 (0xbfe5)
core   0: 0x8000a94a (0x00005f17) auipc   t5, 0x5
core   0: 3 0x8000a94a (0x00005f17) x30 0x8000f94a
core   0: 0x8000a94e (0x6a3f2b23) sw      gp, 1718(t5)
core   0: 3 0x8000a94e (0x6a3f2b23) mem 0x80010000 0x00000001
core   0: 0x8000a952 (0x0000bfe5) c.j     pc - 8
core   0: 3 0x8000a952 (0xbfe5)
core   0: 0x8000a94a (0x00005f17) auipc   t5, 0x5
core   0: 3 0x8000a94a (0x00005f17) x30 0x8000f94a
core   0: 0x8000a94e (0x6a3f2b23) sw      gp, 1718(t5)
core   0: 3 0x8000a94e (0x6a3f2b23) mem 0x80010000 0x00000001
core   0: 0x8000a952 (0x0000bfe5) c.j     pc - 8
core   0: 3 0x8000a952 (0xbfe5)
core   0: 0x8000a94a (0x00005f17) auipc   t5, 0x5
core   0: 3 0x8000a94a (0x00005f17) x30 0x8000f94a
core   0: 0x8000a94e (0x6a3f2b23) sw      gp, 1718(t5)
core   0: 3 0x8000a94e (0x6a3f2b23) mem 0x80010000 0x00000001
core   0: 0x8000a952 (0x0000bfe5) c.j     pc - 8
core   0: 3 0x8000a952 (0xbfe5)
core   0: 0x8000a94a (0x00005f17) auipc   t5, 0x5
core   0: 3 0x8000a94a (0x00005f17) x30 0x8000f94a
core   0: 0x8000a94e (0x6a3f2b23) sw      gp, 1718(t5)
core   0: 3 0x8000a94e (0x6a3f2b23) mem 0x80010000 0x00000001
core   0: 0x8000a952 (0x0000bfe5) c.j     pc - 8
core   0: 3 0x8000a952 (0xbfe5)
core   0: 0x8000a94a (0x00005f17) auipc   t5, 0x5
core   0: 3 0x8000a94a (0x00005f17) x30 0x8000f94a
core   0: 0x8000a94e (0x6a3f2b23) sw      gp, 1718(t5)
core   0: 3 0x8000a94e (0x6a3f2b23) mem 0x80010000 0x00000001
core   0: 0x8000a952 (0x0000bfe5) c.j     pc - 8
core   0: 3 0x8000a952 (0xbfe5)
core   0: 0x8000a94a (0x00005f17) auipc   t5, 0x5
core   0: 3 0x8000a94a (0x00005f17) x30 0x8000f94a
core   0: 0x8000a94e (0x6a3f2b23) sw      gp, 1718(t5)
core   0: 3 0x8000a94e (0x6a3f2b23) mem 0x80010000 0x00000001
core   0: 0x8000a952 (0x0000bfe5) c.j     pc - 8
core   0: 3 0x8000a952 (0xbfe5)
core   0: 0x8000a94a (0x00005f17) auipc   t5, 0x5
core   0: 3 0x8000a94a (0x00005f17) x30 0x8000f94a
core   0: 0x8000a94e (0x6a3f2b23) sw      gp, 1718(t5)
core   0: 3 0x8000a94e (0x6a3f2b23) mem 0x80010000 0x00000001
core   0: 0x8000a952 (0x0000bfe5) c.j     pc - 8
core   0: 3 0x8000a952 (0xbfe5)
core   0: 0x8000a94a (0x00005f17) auipc   t5, 0x5
core   0: 3 0x8000a94a (0x00005f17) x30 0x8000f94a
core   0: 0x8000a94e (0x6a3f2b23) sw      gp, 1718(t5)
core   0: 3 0x8000a94e (0x6a3f2b23) mem 0x80010000 0x00000001
core   0: 0x8000a952 (0x0000bfe5) c.j     pc - 8
core   0: 3 0x8000a952 (0xbfe5)
core   0: 0x8000a94a (0x00005f17) auipc   t5, 0x5
core   0: 3 0x8000a94a (0x00005f17) x30 0x8000f94a
core   0: 0x8000a94e (0x6a3f2b23) sw      gp, 1718(t5)
core   0: 3 0x8000a94e (0x6a3f2b23) mem 0x80010000 0x00000001
core   0: 0x8000a952 (0x0000bfe5) c.j     pc - 8
core   0: 3 0x8000a952 (0xbfe5)
core   0: 0x8000a94a (0x00005f17) auipc   t5, 0x5
core   0: 3 0x8000a94a (0x00005f17) x30 0x8000f94a
core   0: 0x8000a94e (0x6a3f2b23) sw      gp, 1718(t5)
core   0: 3 0x8000a94e (0x6a3f2b23) mem 0x80010000 0x00000001
core   0: 0x8000a952 (0x0000bfe5) c.j     pc - 8
core   0: 3 0x8000a952 (0xbfe5)
core   0: 0x8000a94a (0x00005f17) auipc   t5, 0x5
core   0: 3 0x8000a94a (0x00005f17) x30 0x8000f94a
core   0: 0x8000a94e (0x6a3f2b23) sw      gp, 1718(t5)
core   0: 3 0x8000a94e (0x6a3f2b23) mem 0x80010000 0x00000001
core   0: 0x8000a952 (0x0000bfe5) c.j     pc - 8
core   0: 3 0x8000a952 (0xbfe5)
core   0: 0x8000a94a (0x00005f17) auipc   t5, 0x5
core   0: 3 0x8000a94a (0x00005f17) x30 0x8000f94a
core   0: 0x8000a94e (0x6a3f2b23) sw      gp, 1718(t5)
core   0: 3 0x8000a94e (0x6a3f2b23) mem 0x80010000 0x00000001
core   0: 0x8000a952 (0x0000bfe5) c.j     pc - 8
core   0: 3 0x8000a952 (0xbfe5)
core   0: 0x8000a94a (0x00005f17) auipc   t5, 0x5
core   0: 3 0x8000a94a (0x00005f17) x30 0x8000f94a
core   0: 0x8000a94e (0x6a3f2b23) sw      gp, 1718(t5)
core   0: 3 0x8000a94e (0x6a3f2b23) mem 0x80010000 0x00000001
core   0: 0x8000a952 (0x0000bfe5) c.j     pc - 8
core   0: 3 0x8000a952 (0xbfe5)
core   0: 0x8000a94a (0x00005f17) auipc   t5, 0x5
core   0: 3 0x8000a94a (0x00005f17) x30 0x8000f94a
core   0: 0x8000a94e (0x6a3f2b23) sw      gp, 1718(t5)
core   0: 3 0x8000a94e (0x6a3f2b23) mem 0x80010000 0x00000001
core   0: 0x8000a952 (0x0000bfe5) c.j     pc - 8
core   0: 3 0x8000a952 (0xbfe5)
core   0: 0x8000a94a (0x00005f17) auipc   t5, 0x5
core   0: 3 0x8000a94a (0x00005f17) x30 0x8000f94a
core   0: 0x8000a94e (0x6a3f2b23) sw      gp, 1718(t5)
core   0: 3 0x8000a94e (0x6a3f2b23) mem 0x80010000 0x00000001
core   0: 0x8000a952 (0x0000bfe5) c.j     pc - 8
core   0: 3 0x8000a952 (0xbfe5)
core   0: 0x8000a94a (0x00005f17) auipc   t5, 0x5
core   0: 3 0x8000a94a (0x00005f17) x30 0x8000f94a
core   0: 0x8000a94e (0x6a3f2b23) sw      gp, 1718(t5)
core   0: 3 0x8000a94e (0x6a3f2b23) mem 0x80010000 0x00000001
core   0: 0x8000a952 (0x0000bfe5) c.j     pc - 8
core   0: 3 0x8000a952 (0xbfe5)
core   0: 0x8000a94a (0x00005f17) auipc   t5, 0x5
core   0: 3 0x8000a94a (0x00005f17) x30 0x8000f94a
core   0: 0x8000a94e (0x6a3f2b23) sw      gp, 1718(t5)
core   0: 3 0x8000a94e (0x6a3f2b23) mem 0x80010000 0x00000001
core   0: 0x8000a952 (0x0000bfe5) c.j     pc - 8
core   0: 3 0x8000a952 (0xbfe5)
core   0: 0x8000a94a (0x00005f17) auipc   t5, 0x5
core   0: 3 0x8000a94a (0x00005f17) x30 0x8000f94a
core   0: 0x8000a94e (0x6a3f2b23) sw      gp, 1718(t5)
core   0: 3 0x8000a94e (0x6a3f2b23) mem 0x80010000 0x00000001
core   0: 0x8000a952 (0x0000bfe5) c.j     pc - 8
core   0: 3 0x8000a952 (0xbfe5)
core   0: 0x8000a94a (0x00005f17) auipc   t5, 0x5
core   0: 3 0x8000a94a (0x00005f17) x30 0x8000f94a
core   0: 0x8000a94e (0x6a3f2b23) sw      gp, 1718(t5)
core   0: 3 0x8000a94e (0x6a3f2b23) mem 0x80010000 0x00000001
core   0: 0x8000a952 (0x0000bfe5) c.j     pc - 8
core   0: 3 0x8000a952 (0xbfe5)
core   0: 0x8000a94a (0x00005f17) auipc   t5, 0x5
core   0: 3 0x8000a94a (0x00005f17) x30 0x8000f94a
core   0: 0x8000a94e (0x6a3f2b23) sw      gp, 1718(t5)
core   0: 3 0x8000a94e (0x6a3f2b23) mem 0x80010000 0x00000001
core   0: 0x8000a952 (0x0000bfe5) c.j     pc - 8
core   0: 3 0x8000a952 (0xbfe5)
core   0: 0x8000a94a (0x00005f17) auipc   t5, 0x5
core   0: 3 0x8000a94a (0x00005f17) x30 0x8000f94a
core   0: 0x8000a94e (0x6a3f2b23) sw      gp, 1718(t5)
core   0: 3 0x8000a94e (0x6a3f2b23) mem 0x80010000 0x00000001
core   0: 0x8000a952 (0x0000bfe5) c.j     pc - 8
core   0: 3 0x8000a952 (0xbfe5)
core   0: 0x8000a94a (0x00005f17) auipc   t5, 0x5
core   0: 3 0x8000a94a (0x00005f17) x30 0x8000f94a
core   0: 0x8000a94e (0x6a3f2b23) sw      gp, 1718(t5)
core   0: 3 0x8000a94e (0x6a3f2b23) mem 0x80010000 0x00000001
core   0: 0x8000a952 (0x0000bfe5) c.j     pc - 8
core   0: 3 0x8000a952 (0xbfe5)
core   0: 0x8000a94a (0x00005f17) auipc   t5, 0x5
core   0: 3 0x8000a94a (0x00005f17) x30 0x8000f94a
core   0: 0x8000a94e (0x6a3f2b23) sw      gp, 1718(t5)
core   0: 3 0x8000a94e (0x6a3f2b23) mem 0x80010000 0x00000001
core   0: 0x8000a952 (0x0000bfe5) c.j     pc - 8
core   0: 3 0x8000a952 (0xbfe5)
core   0: 0x8000a94a (0x00005f17) auipc   t5, 0x5
core   0: 3 0x8000a94a (0x00005f17) x30 0x8000f94a
core   0: 0x8000a94e (0x6a3f2b23) sw      gp, 1718(t5)
core   0: 3 0x8000a94e (0x6a3f2b23) mem 0x80010000 0x00000001
core   0: 0x8000a952 (0x0000bfe5) c.j     pc - 8
core   0: 3 0x8000a952 (0xbfe5)
core   0: 0x8000a94a (0x00005f17) auipc   t5, 0x5
core   0: 3 0x8000a94a (0x00005f17) x30 0x8000f94a
core   0: 0x8000a94e (0x6a3f2b23) sw      gp, 1718(t5)
core   0: 3 0x8000a94e (0x6a3f2b23) mem 0x80010000 0x00000001
core   0: 0x8000a952 (0x0000bfe5) c.j     pc - 8
core   0: 3 0x8000a952 (0xbfe5)
core   0: 0x8000a94a (0x00005f17) auipc   t5, 0x5
core   0: 3 0x8000a94a (0x00005f17) x30 0x8000f94a
core   0: 0x8000a94e (0x6a3f2b23) sw      gp, 1718(t5)
core   0: 3 0x8000a94e (0x6a3f2b23) mem 0x80010000 0x00000001
core   0: 0x8000a952 (0x0000bfe5) c.j     pc - 8
core   0: 3 0x8000a952 (0xbfe5)
core   0: 0x8000a94a (0x00005f17) auipc   t5, 0x5
core   0: 3 0x8000a94a (0x00005f17) x30 0x8000f94a
core   0: 0x8000a94e (0x6a3f2b23) sw      gp, 1718(t5)
core   0: 3 0x8000a94e (0x6a3f2b23) mem 0x80010000 0x00000001
core   0: 0x8000a952 (0x0000bfe5) c.j     pc - 8
core   0: 3 0x8000a952 (0xbfe5)
core   0: 0x8000a94a (0x00005f17) auipc   t5, 0x5
core   0: 3 0x8000a94a (0x00005f17) x30 0x8000f94a
core   0: 0x8000a94e (0x6a3f2b23) sw      gp, 1718(t5)
core   0: 3 0x8000a94e (0x6a3f2b23) mem 0x80010000 0x00000001
core   0: 0x8000a952 (0x0000bfe5) c.j     pc - 8
core   0: 3 0x8000a952 (0xbfe5)
core   0: 0x8000a94a (0x00005f17) auipc   t5, 0x5
core   0: 3 0x8000a94a (0x00005f17) x30 0x8000f94a
core   0: 0x8000a94e (0x6a3f2b23) sw      gp, 1718(t5)
core   0: 3 0x8000a94e (0x6a3f2b23) mem 0x80010000 0x00000001
core   0: 0x8000a952 (0x0000bfe5) c.j     pc - 8
core   0: 3 0x8000a952 (0xbfe5)
core   0: 0x8000a94a (0x00005f17) auipc   t5, 0x5
core   0: 3 0x8000a94a (0x00005f17) x30 0x8000f94a
core   0: 0x8000a94e (0x6a3f2b23) sw      gp, 1718(t5)
core   0: 3 0x8000a94e (0x6a3f2b23) mem 0x80010000 0x00000001
core   0: 0x8000a952 (0x0000bfe5) c.j     pc - 8
core   0: 3 0x8000a952 (0xbfe5)
core   0: 0x8000a94a (0x00005f17) auipc   t5, 0x5
core   0: 3 0x8000a94a (0x00005f17) x30 0x8000f94a
core   0: 0x8000a94e (0x6a3f2b23) sw      gp, 1718(t5)
core   0: 3 0x8000a94e (0x6a3f2b23) mem 0x80010000 0x00000001
core   0: 0x8000a952 (0x0000bfe5) c.j     pc - 8
core   0: 3 0x8000a952 (0xbfe5)
core   0: 0x8000a94a (0x00005f17) auipc   t5, 0x5
core   0: 3 0x8000a94a (0x00005f17) x30 0x8000f94a
core   0: 0x8000a94e (0x6a3f2b23) sw      gp, 1718(t5)
core   0: 3 0x8000a94e (0x6a3f2b23) mem 0x80010000 0x00000001
core   0: 0x8000a952 (0x0000bfe5) c.j     pc - 8
core   0: 3 0x8000a952 (0xbfe5)
core   0: 0x8000a94a (0x00005f17) auipc   t5, 0x5
core   0: 3 0x8000a94a (0x00005f17) x30 0x8000f94a
core   0: 0x8000a94e (0x6a3f2b23) sw      gp, 1718(t5)
core   0: 3 0x8000a94e (0x6a3f2b23) mem 0x80010000 0x00000001
core   0: 0x8000a952 (0x0000bfe5) c.j     pc - 8
core   0: 3 0x8000a952 (0xbfe5)
core   0: 0x8000a94a (0x00005f17) auipc   t5, 0x5
core   0: 3 0x8000a94a (0x00005f17) x30 0x8000f94a
core   0: 0x8000a94e (0x6a3f2b23) sw      gp, 1718(t5)
core   0: 3 0x8000a94e (0x6a3f2b23) mem 0x80010000 0x00000001
core   0: 0x8000a952 (0x0000bfe5) c.j     pc - 8
core   0: 3 0x8000a952 (0xbfe5)
core   0: 0x8000a94a (0x00005f17) auipc   t5, 0x5
core   0: 3 0x8000a94a (0x00005f17) x30 0x8000f94a
core   0: 0x8000a94e (0x6a3f2b23) sw      gp, 1718(t5)
core   0: 3 0x8000a94e (0x6a3f2b23) mem 0x80010000 0x00000001
core   0: 0x8000a952 (0x0000bfe5) c.j     pc - 8
core   0: 3 0x8000a952 (0xbfe5)
core   0: 0x8000a94a (0x00005f17) auipc   t5, 0x5
core   0: 3 0x8000a94a (0x00005f17) x30 0x8000f94a
core   0: 0x8000a94e (0x6a3f2b23) sw      gp, 1718(t5)
core   0: 3 0x8000a94e (0x6a3f2b23) mem 0x80010000 0x00000001
core   0: 0x8000a952 (0x0000bfe5) c.j     pc - 8
core   0: 3 0x8000a952 (0xbfe5)
core   0: 0x8000a94a (0x00005f17) auipc   t5, 0x5
core   0: 3 0x8000a94a (0x00005f17) x30 0x8000f94a
core   0: 0x8000a94e (0x6a3f2b23) sw      gp, 1718(t5)
core   0: 3 0x8000a94e (0x6a3f2b23) mem 0x80010000 0x00000001
core   0: 0x8000a952 (0x0000bfe5) c.j     pc - 8
core   0: 3 0x8000a952 (0xbfe5)
core   0: 0x8000a94a (0x00005f17) auipc   t5, 0x5
core   0: 3 0x8000a94a (0x00005f17) x30 0x8000f94a
core   0: 0x8000a94e (0x6a3f2b23) sw      gp, 1718(t5)
core   0: 3 0x8000a94e (0x6a3f2b23) mem 0x80010000 0x00000001
core   0: 0x8000a952 (0x0000bfe5) c.j     pc - 8
core   0: 3 0x8000a952 (0xbfe5)
core   0: 0x8000a94a (0x00005f17) auipc   t5, 0x5
core   0: 3 0x8000a94a (0x00005f17) x30 0x8000f94a
core   0: 0x8000a94e (0x6a3f2b23) sw      gp, 1718(t5)
core   0: 3 0x8000a94e (0x6a3f2b23) mem 0x80010000 0x00000001
core   0: 0x8000a952 (0x0000bfe5) c.j     pc - 8
core   0: 3 0x8000a952 (0xbfe5)
core   0: 0x8000a94a (0x00005f17) auipc   t5, 0x5
core   0: 3 0x8000a94a (0x00005f17) x30 0x8000f94a
core   0: 0x8000a94e (0x6a3f2b23) sw      gp, 1718(t5)
core   0: 3 0x8000a94e (0x6a3f2b23) mem 0x80010000 0x00000001
core   0: 0x8000a952 (0x0000bfe5) c.j     pc - 8
core   0: 3 0x8000a952 (0xbfe5)
core   0: 0x8000a94a (0x00005f17) auipc   t5, 0x5
core   0: 3 0x8000a94a (0x00005f17) x30 0x8000f94a
core   0: 0x8000a94e (0x6a3f2b23) sw      gp, 1718(t5)
core   0: 3 0x8000a94e (0x6a3f2b23) mem 0x80010000 0x00000001
core   0: 0x8000a952 (0x0000bfe5) c.j     pc - 8
core   0: 3 0x8000a952 (0xbfe5)
core   0: 0x8000a94a (0x00005f17) auipc   t5, 0x5
core   0: 3 0x8000a94a (0x00005f17) x30 0x8000f94a
core   0: 0x8000a94e (0x6a3f2b23) sw      gp, 1718(t5)
core   0: 3 0x8000a94e (0x6a3f2b23) mem 0x80010000 0x00000001
core   0: 0x8000a952 (0x0000bfe5) c.j     pc - 8
core   0: 3 0x8000a952 (0xbfe5)
core   0: 0x8000a94a (0x00005f17) auipc   t5, 0x5
core   0: 3 0x8000a94a (0x00005f17) x30 0x8000f94a
core   0: 0x8000a94e (0x6a3f2b23) sw      gp, 1718(t5)
core   0: 3 0x8000a94e (0x6a3f2b23) mem 0x80010000 0x00000001
core   0: 0x8000a952 (0x0000bfe5) c.j     pc - 8
core   0: 3 0x8000a952 (0xbfe5)
core   0: 0x8000a94a (0x00005f17) auipc   t5, 0x5
core   0: 3 0x8000a94a (0x00005f17) x30 0x8000f94a
core   0: 0x8000a94e (0x6a3f2b23) sw      gp, 1718(t5)
core   0: 3 0x8000a94e (0x6a3f2b23) mem 0x80010000 0x00000001
core   0: 0x8000a952 (0x0000bfe5) c.j     pc - 8
core   0: 3 0x8000a952 (0xbfe5)
core   0: 0x8000a94a (0x00005f17) auipc   t5, 0x5
core   0: 3 0x8000a94a (0x00005f17) x30 0x8000f94a
core   0: 0x8000a94e (0x6a3f2b23) sw      gp, 1718(t5)
core   0: 3 0x8000a94e (0x6a3f2b23) mem 0x80010000 0x00000001
core   0: 0x8000a952 (0x0000bfe5) c.j     pc - 8
core   0: 3 0x8000a952 (0xbfe5)
core   0: 0x8000a94a (0x00005f17) auipc   t5, 0x5
core   0: 3 0x8000a94a (0x00005f17) x30 0x8000f94a
core   0: 0x8000a94e (0x6a3f2b23) sw      gp, 1718(t5)
core   0: 3 0x8000a94e (0x6a3f2b23) mem 0x80010000 0x00000001
core   0: 0x8000a952 (0x0000bfe5) c.j     pc - 8
core   0: 3 0x8000a952 (0xbfe5)
core   0: 0x8000a94a (0x00005f17) auipc   t5, 0x5
core   0: 3 0x8000a94a (0x00005f17) x30 0x8000f94a
core   0: 0x8000a94e (0x6a3f2b23) sw      gp, 1718(t5)
core   0: 3 0x8000a94e (0x6a3f2b23) mem 0x80010000 0x00000001
core   0: 0x8000a952 (0x0000bfe5) c.j     pc - 8
core   0: 3 0x8000a952 (0xbfe5)
core   0: 0x8000a94a (0x00005f17) auipc   t5, 0x5
core   0: 3 0x8000a94a (0x00005f17) x30 0x8000f94a
core   0: 0x8000a94e (0x6a3f2b23) sw      gp, 1718(t5)
core   0: 3 0x8000a94e (0x6a3f2b23) mem 0x80010000 0x00000001
core   0: 0x8000a952 (0x0000bfe5) c.j     pc - 8
core   0: 3 0x8000a952 (0xbfe5)
core   0: 0x8000a94a (0x00005f17) auipc   t5, 0x5
core   0: 3 0x8000a94a (0x00005f17) x30 0x8000f94a
core   0: 0x8000a94e (0x6a3f2b23) sw      gp, 1718(t5)
core   0: 3 0x8000a94e (0x6a3f2b23) mem 0x80010000 0x00000001
core   0: 0x8000a952 (0x0000bfe5) c.j     pc - 8
core   0: 3 0x8000a952 (0xbfe5)
core   0: 0x8000a94a (0x00005f17) auipc   t5, 0x5
core   0: 3 0x8000a94a (0x00005f17) x30 0x8000f94a
core   0: 0x8000a94e (0x6a3f2b23) sw      gp, 1718(t5)
core   0: 3 0x8000a94e (0x6a3f2b23) mem 0x80010000 0x00000001
core   0: 0x8000a952 (0x0000bfe5) c.j     pc - 8
core   0: 3 0x8000a952 (0xbfe5)
core   0: 0x8000a94a (0x00005f17) auipc   t5, 0x5
core   0: 3 0x8000a94a (0x00005f17) x30 0x8000f94a
core   0: 0x8000a94e (0x6a3f2b23) sw      gp, 1718(t5)
core   0: 3 0x8000a94e (0x6a3f2b23) mem 0x80010000 0x00000001
core   0: 0x8000a952 (0x0000bfe5) c.j     pc - 8
core   0: 3 0x8000a952 (0xbfe5)
core   0: 0x8000a94a (0x00005f17) auipc   t5, 0x5
core   0: 3 0x8000a94a (0x00005f17) x30 0x8000f94a
core   0: 0x8000a94e (0x6a3f2b23) sw      gp, 1718(t5)
core   0: 3 0x8000a94e (0x6a3f2b23) mem 0x80010000 0x00000001
core   0: 0x8000a952 (0x0000bfe5) c.j     pc - 8
core   0: 3 0x8000a952 (0xbfe5)
core   0: 0x8000a94a (0x00005f17) auipc   t5, 0x5
core   0: 3 0x8000a94a (0x00005f17) x30 0x8000f94a
core   0: 0x8000a94e (0x6a3f2b23) sw      gp, 1718(t5)
core   0: 3 0x8000a94e (0x6a3f2b23) mem 0x80010000 0x00000001
core   0: 0x8000a952 (0x0000bfe5) c.j     pc - 8
core   0: 3 0x8000a952 (0xbfe5)
core   0: 0x8000a94a (0x00005f17) auipc   t5, 0x5
core   0: 3 0x8000a94a (0x00005f17) x30 0x8000f94a
core   0: 0x8000a94e (0x6a3f2b23) sw      gp, 1718(t5)
core   0: 3 0x8000a94e (0x6a3f2b23) mem 0x80010000 0x00000001
core   0: 0x8000a952 (0x0000bfe5) c.j     pc - 8
core   0: 3 0x8000a952 (0xbfe5)
core   0: 0x8000a94a (0x00005f17) auipc   t5, 0x5
core   0: 3 0x8000a94a (0x00005f17) x30 0x8000f94a
core   0: 0x8000a94e (0x6a3f2b23) sw      gp, 1718(t5)
core   0: 3 0x8000a94e (0x6a3f2b23) mem 0x80010000 0x00000001
core   0: 0x8000a952 (0x0000bfe5) c.j     pc - 8
core   0: 3 0x8000a952 (0xbfe5)
core   0: 0x8000a94a (0x00005f17) auipc   t5, 0x5
core   0: 3 0x8000a94a (0x00005f17) x30 0x8000f94a
core   0: 0x8000a94e (0x6a3f2b23) sw      gp, 1718(t5)
core   0: 3 0x8000a94e (0x6a3f2b23) mem 0x80010000 0x00000001
core   0: 0x8000a952 (0x0000bfe5) c.j     pc - 8
core   0: 3 0x8000a952 (0xbfe5)
core   0: 0x8000a94a (0x00005f17) auipc   t5, 0x5
core   0: 3 0x8000a94a (0x00005f17) x30 0x8000f94a
core   0: 0x8000a94e (0x6a3f2b23) sw      gp, 1718(t5)
core   0: 3 0x8000a94e (0x6a3f2b23) mem 0x80010000 0x00000001
core   0: 0x8000a952 (0x0000bfe5) c.j     pc - 8
core   0: 3 0x8000a952 (0xbfe5)
core   0: 0x8000a94a (0x00005f17) auipc   t5, 0x5
core   0: 3 0x8000a94a (0x00005f17) x30 0x8000f94a
core   0: 0x8000a94e (0x6a3f2b23) sw      gp, 1718(t5)
core   0: 3 0x8000a94e (0x6a3f2b23) mem 0x80010000 0x00000001
core   0: 0x8000a952 (0x0000bfe5) c.j     pc - 8
core   0: 3 0x8000a952 (0xbfe5)
core   0: 0x8000a94a (0x00005f17) auipc   t5, 0x5
core   0: 3 0x8000a94a (0x00005f17) x30 0x8000f94a
core   0: 0x8000a94e (0x6a3f2b23) sw      gp, 1718(t5)
core   0: 3 0x8000a94e (0x6a3f2b23) mem 0x80010000 0x00000001
core   0: 0x8000a952 (0x0000bfe5) c.j     pc - 8
core   0: 3 0x8000a952 (0xbfe5)
core   0: 0x8000a94a (0x00005f17) auipc   t5, 0x5
core   0: 3 0x8000a94a (0x00005f17) x30 0x8000f94a
core   0: 0x8000a94e (0x6a3f2b23) sw      gp, 1718(t5)
core   0: 3 0x8000a94e (0x6a3f2b23) mem 0x80010000 0x00000001
core   0: 0x8000a952 (0x0000bfe5) c.j     pc - 8
core   0: 3 0x8000a952 (0xbfe5)
core   0: 0x8000a94a (0x00005f17) auipc   t5, 0x5
core   0: 3 0x8000a94a (0x00005f17) x30 0x8000f94a
core   0: 0x8000a94e (0x6a3f2b23) sw      gp, 1718(t5)
core   0: 3 0x8000a94e (0x6a3f2b23) mem 0x80010000 0x00000001
core   0: 0x8000a952 (0x0000bfe5) c.j     pc - 8
core   0: 3 0x8000a952 (0xbfe5)
core   0: 0x8000a94a (0x00005f17) auipc   t5, 0x5
core   0: 3 0x8000a94a (0x00005f17) x30 0x8000f94a
core   0: 0x8000a94e (0x6a3f2b23) sw      gp, 1718(t5)
core   0: 3 0x8000a94e (0x6a3f2b23) mem 0x80010000 0x00000001
core   0: 0x8000a952 (0x0000bfe5) c.j     pc - 8
core   0: 3 0x8000a952 (0xbfe5)
core   0: 0x8000a94a (0x00005f17) auipc   t5, 0x5
core   0: 3 0x8000a94a (0x00005f17) x30 0x8000f94a
core   0: 0x8000a94e (0x6a3f2b23) sw      gp, 1718(t5)
core   0: 3 0x8000a94e (0x6a3f2b23) mem 0x80010000 0x00000001
core   0: 0x8000a952 (0x0000bfe5) c.j     pc - 8
core   0: 3 0x8000a952 (0xbfe5)
core   0: 0x8000a94a (0x00005f17) auipc   t5, 0x5
core   0: 3 0x8000a94a (0x00005f17) x30 0x8000f94a
core   0: 0x8000a94e (0x6a3f2b23) sw      gp, 1718(t5)
core   0: 3 0x8000a94e (0x6a3f2b23) mem 0x80010000 0x00000001
core   0: 0x8000a952 (0x0000bfe5) c.j     pc - 8
core   0: 3 0x8000a952 (0xbfe5)
core   0: 0x8000a94a (0x00005f17) auipc   t5, 0x5
core   0: 3 0x8000a94a (0x00005f17) x30 0x8000f94a
core   0: 0x8000a94e (0x6a3f2b23) sw      gp, 1718(t5)
core   0: 3 0x8000a94e (0x6a3f2b23) mem 0x80010000 0x00000001
core   0: 0x8000a952 (0x0000bfe5) c.j     pc - 8
core   0: 3 0x8000a952 (0xbfe5)
core   0: 0x8000a94a (0x00005f17) auipc   t5, 0x5
core   0: 3 0x8000a94a (0x00005f17) x30 0x8000f94a
core   0: 0x8000a94e (0x6a3f2b23) sw      gp, 1718(t5)
core   0: 3 0x8000a94e (0x6a3f2b23) mem 0x80010000 0x00000001
core   0: 0x8000a952 (0x0000bfe5) c.j     pc - 8
core   0: 3 0x8000a952 (0xbfe5)
core   0: 0x8000a94a (0x00005f17) auipc   t5, 0x5
core   0: 3 0x8000a94a (0x00005f17) x30 0x8000f94a
core   0: 0x8000a94e (0x6a3f2b23) sw      gp, 1718(t5)
core   0: 3 0x8000a94e (0x6a3f2b23) mem 0x80010000 0x00000001
core   0: 0x8000a952 (0x0000bfe5) c.j     pc - 8
core   0: 3 0x8000a952 (0xbfe5)
core   0: 0x8000a94a (0x00005f17) auipc   t5, 0x5
core   0: 3 0x8000a94a (0x00005f17) x30 0x8000f94a
core   0: 0x8000a94e (0x6a3f2b23) sw      gp, 1718(t5)
core   0: 3 0x8000a94e (0x6a3f2b23) mem 0x80010000 0x00000001
core   0: 0x8000a952 (0x0000bfe5) c.j     pc - 8
core   0: 3 0x8000a952 (0xbfe5)
core   0: 0x8000a94a (0x00005f17) auipc   t5, 0x5
core   0: 3 0x8000a94a (0x00005f17) x30 0x8000f94a
core   0: 0x8000a94e (0x6a3f2b23) sw      gp, 1718(t5)
core   0: 3 0x8000a94e (0x6a3f2b23) mem 0x80010000 0x00000001
core   0: 0x8000a952 (0x0000bfe5) c.j     pc - 8
core   0: 3 0x8000a952 (0xbfe5)
core   0: 0x8000a94a (0x00005f17) auipc   t5, 0x5
core   0: 3 0x8000a94a (0x00005f17) x30 0x8000f94a
core   0: 0x8000a94e (0x6a3f2b23) sw      gp, 1718(t5)
core   0: 3 0x8000a94e (0x6a3f2b23) mem 0x80010000 0x00000001
core   0: 0x8000a952 (0x0000bfe5) c.j     pc - 8
core   0: 3 0x8000a952 (0xbfe5)
core   0: 0x8000a94a (0x00005f17) auipc   t5, 0x5
core   0: 3 0x8000a94a (0x00005f17) x30 0x8000f94a
core   0: 0x8000a94e (0x6a3f2b23) sw      gp, 1718(t5)
core   0: 3 0x8000a94e (0x6a3f2b23) mem 0x80010000 0x00000001
core   0: 0x8000a952 (0x0000bfe5) c.j     pc - 8
core   0: 3 0x8000a952 (0xbfe5)
core   0: 0x8000a94a (0x00005f17) auipc   t5, 0x5
core   0: 3 0x8000a94a (0x00005f17) x30 0x8000f94a
core   0: 0x8000a94e (0x6a3f2b23) sw      gp, 1718(t5)
core   0: 3 0x8000a94e (0x6a3f2b23) mem 0x80010000 0x00000001
core   0: 0x8000a952 (0x0000bfe5) c.j     pc - 8
core   0: 3 0x8000a952 (0xbfe5)
core   0: 0x8000a94a (0x00005f17) auipc   t5, 0x5
core   0: 3 0x8000a94a (0x00005f17) x30 0x8000f94a
core   0: 0x8000a94e (0x6a3f2b23) sw      gp, 1718(t5)
core   0: 3 0x8000a94e (0x6a3f2b23) mem 0x80010000 0x00000001
core   0: 0x8000a952 (0x0000bfe5) c.j     pc - 8
core   0: 3 0x8000a952 (0xbfe5)
core   0: 0x8000a94a (0x00005f17) auipc   t5, 0x5
core   0: 3 0x8000a94a (0x00005f17) x30 0x8000f94a
core   0: 0x8000a94e (0x6a3f2b23) sw      gp, 1718(t5)
core   0: 3 0x8000a94e (0x6a3f2b23) mem 0x80010000 0x00000001
core   0: 0x8000a952 (0x0000bfe5) c.j     pc - 8
core   0: 3 0x8000a952 (0xbfe5)
core   0: 0x8000a94a (0x00005f17) auipc   t5, 0x5
core   0: 3 0x8000a94a (0x00005f17) x30 0x8000f94a
core   0: 0x8000a94e (0x6a3f2b23) sw      gp, 1718(t5)
core   0: 3 0x8000a94e (0x6a3f2b23) mem 0x80010000 0x00000001
core   0: 0x8000a952 (0x0000bfe5) c.j     pc - 8
core   0: 3 0x8000a952 (0xbfe5)
core   0: 0x8000a94a (0x00005f17) auipc   t5, 0x5
core   0: 3 0x8000a94a (0x00005f17) x30 0x8000f94a
core   0: 0x8000a94e (0x6a3f2b23) sw      gp, 1718(t5)
core   0: 3 0x8000a94e (0x6a3f2b23) mem 0x80010000 0x00000001
core   0: 0x8000a952 (0x0000bfe5) c.j     pc - 8
core   0: 3 0x8000a952 (0xbfe5)
core   0: 0x8000a94a (0x00005f17) auipc   t5, 0x5
core   0: 3 0x8000a94a (0x00005f17) x30 0x8000f94a
core   0: 0x8000a94e (0x6a3f2b23) sw      gp, 1718(t5)
core   0: 3 0x8000a94e (0x6a3f2b23) mem 0x80010000 0x00000001
core   0: 0x8000a952 (0x0000bfe5) c.j     pc - 8
core   0: 3 0x8000a952 (0xbfe5)
core   0: 0x8000a94a (0x00005f17) auipc   t5, 0x5
core   0: 3 0x8000a94a (0x00005f17) x30 0x8000f94a
core   0: 0x8000a94e (0x6a3f2b23) sw      gp, 1718(t5)
core   0: 3 0x8000a94e (0x6a3f2b23) mem 0x80010000 0x00000001
core   0: 0x8000a952 (0x0000bfe5) c.j     pc - 8
core   0: 3 0x8000a952 (0xbfe5)
core   0: 0x8000a94a (0x00005f17) auipc   t5, 0x5
core   0: 3 0x8000a94a (0x00005f17) x30 0x8000f94a
core   0: 0x8000a94e (0x6a3f2b23) sw      gp, 1718(t5)
core   0: 3 0x8000a94e (0x6a3f2b23) mem 0x80010000 0x00000001
core   0: 0x8000a952 (0x0000bfe5) c.j     pc - 8
core   0: 3 0x8000a952 (0xbfe5)
core   0: 0x8000a94a (0x00005f17) auipc   t5, 0x5
core   0: 3 0x8000a94a (0x00005f17) x30 0x8000f94a
core   0: 0x8000a94e (0x6a3f2b23) sw      gp, 1718(t5)
core   0: 3 0x8000a94e (0x6a3f2b23) mem 0x80010000 0x00000001
core   0: 0x8000a952 (0x0000bfe5) c.j     pc - 8
core   0: 3 0x8000a952 (0xbfe5)
core   0: 0x8000a94a (0x00005f17) auipc   t5, 0x5
core   0: 3 0x8000a94a (0x00005f17) x30 0x8000f94a
core   0: 0x8000a94e (0x6a3f2b23) sw      gp, 1718(t5)
core   0: 3 0x8000a94e (0x6a3f2b23) mem 0x80010000 0x00000001
core   0: 0x8000a952 (0x0000bfe5) c.j     pc - 8
core   0: 3 0x8000a952 (0xbfe5)
core   0: 0x8000a94a (0x00005f17) auipc   t5, 0x5
core   0: 3 0x8000a94a (0x00005f17) x30 0x8000f94a
core   0: 0x8000a94e (0x6a3f2b23) sw      gp, 1718(t5)
core   0: 3 0x8000a94e (0x6a3f2b23) mem 0x80010000 0x00000001
core   0: 0x8000a952 (0x0000bfe5) c.j     pc - 8
core   0: 3 0x8000a952 (0xbfe5)
core   0: 0x8000a94a (0x00005f17) auipc   t5, 0x5
core   0: 3 0x8000a94a (0x00005f17) x30 0x8000f94a
core   0: 0x8000a94e (0x6a3f2b23) sw      gp, 1718(t5)
core   0: 3 0x8000a94e (0x6a3f2b23) mem 0x80010000 0x00000001
core   0: 0x8000a952 (0x0000bfe5) c.j     pc - 8
core   0: 3 0x8000a952 (0xbfe5)
core   0: 0x8000a94a (0x00005f17) auipc   t5, 0x5
core   0: 3 0x8000a94a (0x00005f17) x30 0x8000f94a
core   0: 0x8000a94e (0x6a3f2b23) sw      gp, 1718(t5)
core   0: 3 0x8000a94e (0x6a3f2b23) mem 0x80010000 0x00000001
core   0: 0x8000a952 (0x0000bfe5) c.j     pc - 8
core   0: 3 0x8000a952 (0xbfe5)
core   0: 0x8000a94a (0x00005f17) auipc   t5, 0x5
core   0: 3 0x8000a94a (0x00005f17) x30 0x8000f94a
core   0: 0x8000a94e (0x6a3f2b23) sw      gp, 1718(t5)
core   0: 3 0x8000a94e (0x6a3f2b23) mem 0x80010000 0x00000001
core   0: 0x8000a952 (0x0000bfe5) c.j     pc - 8
core   0: 3 0x8000a952 (0xbfe5)
core   0: 0x8000a94a (0x00005f17) auipc   t5, 0x5
core   0: 3 0x8000a94a (0x00005f17) x30 0x8000f94a
core   0: 0x8000a94e (0x6a3f2b23) sw      gp, 1718(t5)
core   0: 3 0x8000a94e (0x6a3f2b23) mem 0x80010000 0x00000001
core   0: 0x8000a952 (0x0000bfe5) c.j     pc - 8
core   0: 3 0x8000a952 (0xbfe5)
core   0: 0x8000a94a (0x00005f17) auipc   t5, 0x5
core   0: 3 0x8000a94a (0x00005f17) x30 0x8000f94a
core   0: 0x8000a94e (0x6a3f2b23) sw      gp, 1718(t5)
core   0: 3 0x8000a94e (0x6a3f2b23) mem 0x80010000 0x00000001
core   0: 0x8000a952 (0x0000bfe5) c.j     pc - 8
core   0: 3 0x8000a952 (0xbfe5)
core   0: 0x8000a94a (0x00005f17) auipc   t5, 0x5
core   0: 3 0x8000a94a (0x00005f17) x30 0x8000f94a
core   0: 0x8000a94e (0x6a3f2b23) sw      gp, 1718(t5)
core   0: 3 0x8000a94e (0x6a3f2b23) mem 0x80010000 0x00000001
core   0: 0x8000a952 (0x0000bfe5) c.j     pc - 8
core   0: 3 0x8000a952 (0xbfe5)
core   0: 0x8000a94a (0x00005f17) auipc   t5, 0x5
core   0: 3 0x8000a94a (0x00005f17) x30 0x8000f94a
core   0: 0x8000a94e (0x6a3f2b23) sw      gp, 1718(t5)
core   0: 3 0x8000a94e (0x6a3f2b23) mem 0x80010000 0x00000001
core   0: 0x8000a952 (0x0000bfe5) c.j     pc - 8
core   0: 3 0x8000a952 (0xbfe5)
core   0: 0x8000a94a (0x00005f17) auipc   t5, 0x5
core   0: 3 0x8000a94a (0x00005f17) x30 0x8000f94a
core   0: 0x8000a94e (0x6a3f2b23) sw      gp, 1718(t5)
core   0: 3 0x8000a94e (0x6a3f2b23) mem 0x80010000 0x00000001
core   0: 0x8000a952 (0x0000bfe5) c.j     pc - 8
core   0: 3 0x8000a952 (0xbfe5)
core   0: 0x8000a94a (0x00005f17) auipc   t5, 0x5
core   0: 3 0x8000a94a (0x00005f17) x30 0x8000f94a
core   0: 0x8000a94e (0x6a3f2b23) sw      gp, 1718(t5)
core   0: 3 0x8000a94e (0x6a3f2b23) mem 0x80010000 0x00000001
core   0: 0x8000a952 (0x0000bfe5) c.j     pc - 8
core   0: 3 0x8000a952 (0xbfe5)
core   0: 0x8000a94a (0x00005f17) auipc   t5, 0x5
core   0: 3 0x8000a94a (0x00005f17) x30 0x8000f94a
core   0: 0x8000a94e (0x6a3f2b23) sw      gp, 1718(t5)
core   0: 3 0x8000a94e (0x6a3f2b23) mem 0x80010000 0x00000001
core   0: 0x8000a952 (0x0000bfe5) c.j     pc - 8
core   0: 3 0x8000a952 (0xbfe5)
core   0: 0x8000a94a (0x00005f17) auipc   t5, 0x5
core   0: 3 0x8000a94a (0x00005f17) x30 0x8000f94a
core   0: 0x8000a94e (0x6a3f2b23) sw      gp, 1718(t5)
core   0: 3 0x8000a94e (0x6a3f2b23) mem 0x80010000 0x00000001
core   0: 0x8000a952 (0x0000bfe5) c.j     pc - 8
core   0: 3 0x8000a952 (0xbfe5)
core   0: 0x8000a94a (0x00005f17) auipc   t5, 0x5
core   0: 3 0x8000a94a (0x00005f17) x30 0x8000f94a
core   0: 0x8000a94e (0x6a3f2b23) sw      gp, 1718(t5)
core   0: 3 0x8000a94e (0x6a3f2b23) mem 0x80010000 0x00000001
core   0: 0x8000a952 (0x0000bfe5) c.j     pc - 8
core   0: 3 0x8000a952 (0xbfe5)
core   0: 0x8000a94a (0x00005f17) auipc   t5, 0x5
core   0: 3 0x8000a94a (0x00005f17) x30 0x8000f94a
core   0: 0x8000a94e (0x6a3f2b23) sw      gp, 1718(t5)
core   0: 3 0x8000a94e (0x6a3f2b23) mem 0x80010000 0x00000001
core   0: 0x8000a952 (0x0000bfe5) c.j     pc - 8
core   0: 3 0x8000a952 (0xbfe5)
core   0: 0x8000a94a (0x00005f17) auipc   t5, 0x5
core   0: 3 0x8000a94a (0x00005f17) x30 0x8000f94a
core   0: 0x8000a94e (0x6a3f2b23) sw      gp, 1718(t5)
core   0: 3 0x8000a94e (0x6a3f2b23) mem 0x80010000 0x00000001
core   0: 0x8000a952 (0x0000bfe5) c.j     pc - 8
core   0: 3 0x8000a952 (0xbfe5)
core   0: 0x8000a94a (0x00005f17) auipc   t5, 0x5
core   0: 3 0x8000a94a (0x00005f17) x30 0x8000f94a
core   0: 0x8000a94e (0x6a3f2b23) sw      gp, 1718(t5)
core   0: 3 0x8000a94e (0x6a3f2b23) mem 0x80010000 0x00000001
core   0: 0x8000a952 (0x0000bfe5) c.j     pc - 8
core   0: 3 0x8000a952 (0xbfe5)
core   0: 0x8000a94a (0x00005f17) auipc   t5, 0x5
core   0: 3 0x8000a94a (0x00005f17) x30 0x8000f94a
core   0: 0x8000a94e (0x6a3f2b23) sw      gp, 1718(t5)
core   0: 3 0x8000a94e (0x6a3f2b23) mem 0x80010000 0x00000001
core   0: 0x8000a952 (0x0000bfe5) c.j     pc - 8
core   0: 3 0x8000a952 (0xbfe5)
core   0: 0x8000a94a (0x00005f17) auipc   t5, 0x5
core   0: 3 0x8000a94a (0x00005f17) x30 0x8000f94a
core   0: 0x8000a94e (0x6a3f2b23) sw      gp, 1718(t5)
core   0: 3 0x8000a94e (0x6a3f2b23) mem 0x80010000 0x00000001
core   0: 0x8000a952 (0x0000bfe5) c.j     pc - 8
core   0: 3 0x8000a952 (0xbfe5)
core   0: 0x8000a94a (0x00005f17) auipc   t5, 0x5
core   0: 3 0x8000a94a (0x00005f17) x30 0x8000f94a
core   0: 0x8000a94e (0x6a3f2b23) sw      gp, 1718(t5)
core   0: 3 0x8000a94e (0x6a3f2b23) mem 0x80010000 0x00000001
core   0: 0x8000a952 (0x0000bfe5) c.j     pc - 8
core   0: 3 0x8000a952 (0xbfe5)
core   0: 0x8000a94a (0x00005f17) auipc   t5, 0x5
core   0: 3 0x8000a94a (0x00005f17) x30 0x8000f94a
core   0: 0x8000a94e (0x6a3f2b23) sw      gp, 1718(t5)
core   0: 3 0x8000a94e (0x6a3f2b23) mem 0x80010000 0x00000001
core   0: 0x8000a952 (0x0000bfe5) c.j     pc - 8
core   0: 3 0x8000a952 (0xbfe5)
core   0: 0x8000a94a (0x00005f17) auipc   t5, 0x5
core   0: 3 0x8000a94a (0x00005f17) x30 0x8000f94a
core   0: 0x8000a94e (0x6a3f2b23) sw      gp, 1718(t5)
core   0: 3 0x8000a94e (0x6a3f2b23) mem 0x80010000 0x00000001
core   0: 0x8000a952 (0x0000bfe5) c.j     pc - 8
core   0: 3 0x8000a952 (0xbfe5)
core   0: 0x8000a94a (0x00005f17) auipc   t5, 0x5
core   0: 3 0x8000a94a (0x00005f17) x30 0x8000f94a
core   0: 0x8000a94e (0x6a3f2b23) sw      gp, 1718(t5)
core   0: 3 0x8000a94e (0x6a3f2b23) mem 0x80010000 0x00000001
core   0: 0x8000a952 (0x0000bfe5) c.j     pc - 8
core   0: 3 0x8000a952 (0xbfe5)
core   0: 0x8000a94a (0x00005f17) auipc   t5, 0x5
core   0: 3 0x8000a94a (0x00005f17) x30 0x8000f94a
core   0: 0x8000a94e (0x6a3f2b23) sw      gp, 1718(t5)
core   0: 3 0x8000a94e (0x6a3f2b23) mem 0x80010000 0x00000001
core   0: 0x8000a952 (0x0000bfe5) c.j     pc - 8
core   0: 3 0x8000a952 (0xbfe5)
core   0: 0x8000a94a (0x00005f17) auipc   t5, 0x5
core   0: 3 0x8000a94a (0x00005f17) x30 0x8000f94a
core   0: 0x8000a94e (0x6a3f2b23) sw      gp, 1718(t5)
core   0: 3 0x8000a94e (0x6a3f2b23) mem 0x80010000 0x00000001
core   0: 0x8000a952 (0x0000bfe5) c.j     pc - 8
core   0: 3 0x8000a952 (0xbfe5)
core   0: 0x8000a94a (0x00005f17) auipc   t5, 0x5
core   0: 3 0x8000a94a (0x00005f17) x30 0x8000f94a
core   0: 0x8000a94e (0x6a3f2b23) sw      gp, 1718(t5)
core   0: 3 0x8000a94e (0x6a3f2b23) mem 0x80010000 0x00000001
core   0: 0x8000a952 (0x0000bfe5) c.j     pc - 8
core   0: 3 0x8000a952 (0xbfe5)
core   0: 0x8000a94a (0x00005f17) auipc   t5, 0x5
core   0: 3 0x8000a94a (0x00005f17) x30 0x8000f94a
core   0: 0x8000a94e (0x6a3f2b23) sw      gp, 1718(t5)
core   0: 3 0x8000a94e (0x6a3f2b23) mem 0x80010000 0x00000001
core   0: 0x8000a952 (0x0000bfe5) c.j     pc - 8
core   0: 3 0x8000a952 (0xbfe5)
core   0: 0x8000a94a (0x00005f17) auipc   t5, 0x5
core   0: 3 0x8000a94a (0x00005f17) x30 0x8000f94a
core   0: 0x8000a94e (0x6a3f2b23) sw      gp, 1718(t5)
core   0: 3 0x8000a94e (0x6a3f2b23) mem 0x80010000 0x00000001
core   0: 0x8000a952 (0x0000bfe5) c.j     pc - 8
core   0: 3 0x8000a952 (0xbfe5)
core   0: 0x8000a94a (0x00005f17) auipc   t5, 0x5
core   0: 3 0x8000a94a (0x00005f17) x30 0x8000f94a
core   0: 0x8000a94e (0x6a3f2b23) sw      gp, 1718(t5)
core   0: 3 0x8000a94e (0x6a3f2b23) mem 0x80010000 0x00000001
core   0: 0x8000a952 (0x0000bfe5) c.j     pc - 8
core   0: 3 0x8000a952 (0xbfe5)
core   0: 0x8000a94a (0x00005f17) auipc   t5, 0x5
core   0: 3 0x8000a94a (0x00005f17) x30 0x8000f94a
core   0: 0x8000a94e (0x6a3f2b23) sw      gp, 1718(t5)
core   0: 3 0x8000a94e (0x6a3f2b23) mem 0x80010000 0x00000001
core   0: 0x8000a952 (0x0000bfe5) c.j     pc - 8
core   0: 3 0x8000a952 (0xbfe5)
core   0: 0x8000a94a (0x00005f17) auipc   t5, 0x5
core   0: 3 0x8000a94a (0x00005f17) x30 0x8000f94a
core   0: 0x8000a94e (0x6a3f2b23) sw      gp, 1718(t5)
core   0: 3 0x8000a94e (0x6a3f2b23) mem 0x80010000 0x00000001
core   0: 0x8000a952 (0x0000bfe5) c.j     pc - 8
core   0: 3 0x8000a952 (0xbfe5)
core   0: 0x8000a94a (0x00005f17) auipc   t5, 0x5
core   0: 3 0x8000a94a (0x00005f17) x30 0x8000f94a
core   0: 0x8000a94e (0x6a3f2b23) sw      gp, 1718(t5)
core   0: 3 0x8000a94e (0x6a3f2b23) mem 0x80010000 0x00000001
core   0: 0x8000a952 (0x0000bfe5) c.j     pc - 8
core   0: 3 0x8000a952 (0xbfe5)
core   0: 0x8000a94a (0x00005f17) auipc   t5, 0x5
core   0: 3 0x8000a94a (0x00005f17) x30 0x8000f94a
core   0: 0x8000a94e (0x6a3f2b23) sw      gp, 1718(t5)
core   0: 3 0x8000a94e (0x6a3f2b23) mem 0x80010000 0x00000001
core   0: 0x8000a952 (0x0000bfe5) c.j     pc - 8
core   0: 3 0x8000a952 (0xbfe5)
core   0: 0x8000a94a (0x00005f17) auipc   t5, 0x5
core   0: 3 0x8000a94a (0x00005f17) x30 0x8000f94a
core   0: 0x8000a94e (0x6a3f2b23) sw      gp, 1718(t5)
core   0: 3 0x8000a94e (0x6a3f2b23) mem 0x80010000 0x00000001
core   0: 0x8000a952 (0x0000bfe5) c.j     pc - 8
core   0: 3 0x8000a952 (0xbfe5)
core   0: 0x8000a94a (0x00005f17) auipc   t5, 0x5
core   0: 3 0x8000a94a (0x00005f17) x30 0x8000f94a
core   0: 0x8000a94e (0x6a3f2b23) sw      gp, 1718(t5)
core   0: 3 0x8000a94e (0x6a3f2b23) mem 0x80010000 0x00000001
core   0: 0x8000a952 (0x0000bfe5) c.j     pc - 8
core   0: 3 0x8000a952 (0xbfe5)
core   0: 0x8000a94a (0x00005f17) auipc   t5, 0x5
core   0: 3 0x8000a94a (0x00005f17) x30 0x8000f94a
core   0: 0x8000a94e (0x6a3f2b23) sw      gp, 1718(t5)
core   0: 3 0x8000a94e (0x6a3f2b23) mem 0x80010000 0x00000001
core   0: 0x8000a952 (0x0000bfe5) c.j     pc - 8
core   0: 3 0x8000a952 (0xbfe5)
core   0: 0x8000a94a (0x00005f17) auipc   t5, 0x5
core   0: 3 0x8000a94a (0x00005f17) x30 0x8000f94a
core   0: 0x8000a94e (0x6a3f2b23) sw      gp, 1718(t5)
core   0: 3 0x8000a94e (0x6a3f2b23) mem 0x80010000 0x00000001
core   0: 0x8000a952 (0x0000bfe5) c.j     pc - 8
core   0: 3 0x8000a952 (0xbfe5)
core   0: 0x8000a94a (0x00005f17) auipc   t5, 0x5
core   0: 3 0x8000a94a (0x00005f17) x30 0x8000f94a
core   0: 0x8000a94e (0x6a3f2b23) sw      gp, 1718(t5)
core   0: 3 0x8000a94e (0x6a3f2b23) mem 0x80010000 0x00000001
core   0: 0x8000a952 (0x0000bfe5) c.j     pc - 8
core   0: 3 0x8000a952 (0xbfe5)
core   0: 0x8000a94a (0x00005f17) auipc   t5, 0x5
core   0: 3 0x8000a94a (0x00005f17) x30 0x8000f94a
core   0: 0x8000a94e (0x6a3f2b23) sw      gp, 1718(t5)
core   0: 3 0x8000a94e (0x6a3f2b23) mem 0x80010000 0x00000001
core   0: 0x8000a952 (0x0000bfe5) c.j     pc - 8
core   0: 3 0x8000a952 (0xbfe5)
core   0: 0x8000a94a (0x00005f17) auipc   t5, 0x5
core   0: 3 0x8000a94a (0x00005f17) x30 0x8000f94a
core   0: 0x8000a94e (0x6a3f2b23) sw      gp, 1718(t5)
core   0: 3 0x8000a94e (0x6a3f2b23) mem 0x80010000 0x00000001
core   0: 0x8000a952 (0x0000bfe5) c.j     pc - 8
core   0: 3 0x8000a952 (0xbfe5)
core   0: 0x8000a94a (0x00005f17) auipc   t5, 0x5
core   0: 3 0x8000a94a (0x00005f17) x30 0x8000f94a
core   0: 0x8000a94e (0x6a3f2b23) sw      gp, 1718(t5)
core   0: 3 0x8000a94e (0x6a3f2b23) mem 0x80010000 0x00000001
core   0: 0x8000a952 (0x0000bfe5) c.j     pc - 8
core   0: 3 0x8000a952 (0xbfe5)
core   0: 0x8000a94a (0x00005f17) auipc   t5, 0x5
core   0: 3 0x8000a94a (0x00005f17) x30 0x8000f94a
core   0: 0x8000a94e (0x6a3f2b23) sw      gp, 1718(t5)
core   0: 3 0x8000a94e (0x6a3f2b23) mem 0x80010000 0x00000001
core   0: 0x8000a952 (0x0000bfe5) c.j     pc - 8
core   0: 3 0x8000a952 (0xbfe5)
core   0: 0x8000a94a (0x00005f17) auipc   t5, 0x5
core   0: 3 0x8000a94a (0x00005f17) x30 0x8000f94a
core   0: 0x8000a94e (0x6a3f2b23) sw      gp, 1718(t5)
core   0: 3 0x8000a94e (0x6a3f2b23) mem 0x80010000 0x00000001
core   0: 0x8000a952 (0x0000bfe5) c.j     pc - 8
core   0: 3 0x8000a952 (0xbfe5)
core   0: 0x8000a94a (0x00005f17) auipc   t5, 0x5
core   0: 3 0x8000a94a (0x00005f17) x30 0x8000f94a
core   0: 0x8000a94e (0x6a3f2b23) sw      gp, 1718(t5)
core   0: 3 0x8000a94e (0x6a3f2b23) mem 0x80010000 0x00000001
core   0: 0x8000a952 (0x0000bfe5) c.j     pc - 8
core   0: 3 0x8000a952 (0xbfe5)
core   0: 0x8000a94a (0x00005f17) auipc   t5, 0x5
core   0: 3 0x8000a94a (0x00005f17) x30 0x8000f94a
core   0: 0x8000a94e (0x6a3f2b23) sw      gp, 1718(t5)
core   0: 3 0x8000a94e (0x6a3f2b23) mem 0x80010000 0x00000001
core   0: 0x8000a952 (0x0000bfe5) c.j     pc - 8
core   0: 3 0x8000a952 (0xbfe5)
core   0: 0x8000a94a (0x00005f17) auipc   t5, 0x5
core   0: 3 0x8000a94a (0x00005f17) x30 0x8000f94a
core   0: 0x8000a94e (0x6a3f2b23) sw      gp, 1718(t5)
core   0: 3 0x8000a94e (0x6a3f2b23) mem 0x80010000 0x00000001
core   0: 0x8000a952 (0x0000bfe5) c.j     pc - 8
core   0: 3 0x8000a952 (0xbfe5)
core   0: 0x8000a94a (0x00005f17) auipc   t5, 0x5
core   0: 3 0x8000a94a (0x00005f17) x30 0x8000f94a
core   0: 0x8000a94e (0x6a3f2b23) sw      gp, 1718(t5)
core   0: 3 0x8000a94e (0x6a3f2b23) mem 0x80010000 0x00000001
core   0: 0x8000a952 (0x0000bfe5) c.j     pc - 8
core   0: 3 0x8000a952 (0xbfe5)
core   0: 0x8000a94a (0x00005f17) auipc   t5, 0x5
core   0: 3 0x8000a94a (0x00005f17) x30 0x8000f94a
core   0: 0x8000a94e (0x6a3f2b23) sw      gp, 1718(t5)
core   0: 3 0x8000a94e (0x6a3f2b23) mem 0x80010000 0x00000001
core   0: 0x8000a952 (0x0000bfe5) c.j     pc - 8
core   0: 3 0x8000a952 (0xbfe5)
core   0: 0x8000a94a (0x00005f17) auipc   t5, 0x5
core   0: 3 0x8000a94a (0x00005f17) x30 0x8000f94a
core   0: 0x8000a94e (0x6a3f2b23) sw      gp, 1718(t5)
core   0: 3 0x8000a94e (0x6a3f2b23) mem 0x80010000 0x00000001
core   0: 0x8000a952 (0x0000bfe5) c.j     pc - 8
core   0: 3 0x8000a952 (0xbfe5)
core   0: 0x8000a94a (0x00005f17) auipc   t5, 0x5
core   0: 3 0x8000a94a (0x00005f17) x30 0x8000f94a
core   0: 0x8000a94e (0x6a3f2b23) sw      gp, 1718(t5)
core   0: 3 0x8000a94e (0x6a3f2b23) mem 0x80010000 0x00000001
core   0: 0x8000a952 (0x0000bfe5) c.j     pc - 8
core   0: 3 0x8000a952 (0xbfe5)
core   0: 0x8000a94a (0x00005f17) auipc   t5, 0x5
core   0: 3 0x8000a94a (0x00005f17) x30 0x8000f94a
core   0: 0x8000a94e (0x6a3f2b23) sw      gp, 1718(t5)
core   0: 3 0x8000a94e (0x6a3f2b23) mem 0x80010000 0x00000001
core   0: 0x8000a952 (0x0000bfe5) c.j     pc - 8
core   0: 3 0x8000a952 (0xbfe5)
core   0: 0x8000a94a (0x00005f17) auipc   t5, 0x5
core   0: 3 0x8000a94a (0x00005f17) x30 0x8000f94a
core   0: 0x8000a94e (0x6a3f2b23) sw      gp, 1718(t5)
core   0: 3 0x8000a94e (0x6a3f2b23) mem 0x80010000 0x00000001
core   0: 0x8000a952 (0x0000bfe5) c.j     pc - 8
core   0: 3 0x8000a952 (0xbfe5)
core   0: 0x8000a94a (0x00005f17) auipc   t5, 0x5
core   0: 3 0x8000a94a (0x00005f17) x30 0x8000f94a
core   0: 0x8000a94e (0x6a3f2b23) sw      gp, 1718(t5)
core   0: 3 0x8000a94e (0x6a3f2b23) mem 0x80010000 0x00000001
core   0: 0x8000a952 (0x0000bfe5) c.j     pc - 8
core   0: 3 0x8000a952 (0xbfe5)
core   0: 0x8000a94a (0x00005f17) auipc   t5, 0x5
core   0: 3 0x8000a94a (0x00005f17) x30 0x8000f94a
core   0: 0x8000a94e (0x6a3f2b23) sw      gp, 1718(t5)
core   0: 3 0x8000a94e (0x6a3f2b23) mem 0x80010000 0x00000001
core   0: 0x8000a952 (0x0000bfe5) c.j     pc - 8
core   0: 3 0x8000a952 (0xbfe5)
core   0: 0x8000a94a (0x00005f17) auipc   t5, 0x5
core   0: 3 0x8000a94a (0x00005f17) x30 0x8000f94a
core   0: 0x8000a94e (0x6a3f2b23) sw      gp, 1718(t5)
core   0: 3 0x8000a94e (0x6a3f2b23) mem 0x80010000 0x00000001
core   0: 0x8000a952 (0x0000bfe5) c.j     pc - 8
core   0: 3 0x8000a952 (0xbfe5)
core   0: 0x8000a94a (0x00005f17) auipc   t5, 0x5
core   0: 3 0x8000a94a (0x00005f17) x30 0x8000f94a
core   0: 0x8000a94e (0x6a3f2b23) sw      gp, 1718(t5)
core   0: 3 0x8000a94e (0x6a3f2b23) mem 0x80010000 0x00000001
core   0: 0x8000a952 (0x0000bfe5) c.j     pc - 8
core   0: 3 0x8000a952 (0xbfe5)
core   0: 0x8000a94a (0x00005f17) auipc   t5, 0x5
core   0: 3 0x8000a94a (0x00005f17) x30 0x8000f94a
core   0: 0x8000a94e (0x6a3f2b23) sw      gp, 1718(t5)
core   0: 3 0x8000a94e (0x6a3f2b23) mem 0x80010000 0x00000001
core   0: 0x8000a952 (0x0000bfe5) c.j     pc - 8
core   0: 3 0x8000a952 (0xbfe5)
core   0: 0x8000a94a (0x00005f17) auipc   t5, 0x5
core   0: 3 0x8000a94a (0x00005f17) x30 0x8000f94a
core   0: 0x8000a94e (0x6a3f2b23) sw      gp, 1718(t5)
core   0: 3 0x8000a94e (0x6a3f2b23) mem 0x80010000 0x00000001
core   0: 0x8000a952 (0x0000bfe5) c.j     pc - 8
core   0: 3 0x8000a952 (0xbfe5)
core   0: 0x8000a94a (0x00005f17) auipc   t5, 0x5
core   0: 3 0x8000a94a (0x00005f17) x30 0x8000f94a
core   0: 0x8000a94e (0x6a3f2b23) sw      gp, 1718(t5)
core   0: 3 0x8000a94e (0x6a3f2b23) mem 0x80010000 0x00000001
core   0: 0x8000a952 (0x0000bfe5) c.j     pc - 8
core   0: 3 0x8000a952 (0xbfe5)
core   0: 0x8000a94a (0x00005f17) auipc   t5, 0x5
core   0: 3 0x8000a94a (0x00005f17) x30 0x8000f94a
core   0: 0x8000a94e (0x6a3f2b23) sw      gp, 1718(t5)
core   0: 3 0x8000a94e (0x6a3f2b23) mem 0x80010000 0x00000001
core   0: 0x8000a952 (0x0000bfe5) c.j     pc - 8
core   0: 3 0x8000a952 (0xbfe5)
core   0: 0x8000a94a (0x00005f17) auipc   t5, 0x5
core   0: 3 0x8000a94a (0x00005f17) x30 0x8000f94a
core   0: 0x8000a94e (0x6a3f2b23) sw      gp, 1718(t5)
core   0: 3 0x8000a94e (0x6a3f2b23) mem 0x80010000 0x00000001
core   0: 0x8000a952 (0x0000bfe5) c.j     pc - 8
core   0: 3 0x8000a952 (0xbfe5)
core   0: 0x8000a94a (0x00005f17) auipc   t5, 0x5
core   0: 3 0x8000a94a (0x00005f17) x30 0x8000f94a
core   0: 0x8000a94e (0x6a3f2b23) sw      gp, 1718(t5)
core   0: 3 0x8000a94e (0x6a3f2b23) mem 0x80010000 0x00000001
core   0: 0x8000a952 (0x0000bfe5) c.j     pc - 8
core   0: 3 0x8000a952 (0xbfe5)
core   0: 0x8000a94a (0x00005f17) auipc   t5, 0x5
core   0: 3 0x8000a94a (0x00005f17) x30 0x8000f94a
core   0: 0x8000a94e (0x6a3f2b23) sw      gp, 1718(t5)
core   0: 3 0x8000a94e (0x6a3f2b23) mem 0x80010000 0x00000001
core   0: 0x8000a952 (0x0000bfe5) c.j     pc - 8
core   0: 3 0x8000a952 (0xbfe5)
core   0: 0x8000a94a (0x00005f17) auipc   t5, 0x5
core   0: 3 0x8000a94a (0x00005f17) x30 0x8000f94a
core   0: 0x8000a94e (0x6a3f2b23) sw      gp, 1718(t5)
core   0: 3 0x8000a94e (0x6a3f2b23) mem 0x80010000 0x00000001
core   0: 0x8000a952 (0x0000bfe5) c.j     pc - 8
core   0: 3 0x8000a952 (0xbfe5)
core   0: 0x8000a94a (0x00005f17) auipc   t5, 0x5
core   0: 3 0x8000a94a (0x00005f17) x30 0x8000f94a
core   0: 0x8000a94e (0x6a3f2b23) sw      gp, 1718(t5)
core   0: 3 0x8000a94e (0x6a3f2b23) mem 0x80010000 0x00000001
core   0: 0x8000a952 (0x0000bfe5) c.j     pc - 8
core   0: 3 0x8000a952 (0xbfe5)
core   0: 0x8000a94a (0x00005f17) auipc   t5, 0x5
core   0: 3 0x8000a94a (0x00005f17) x30 0x8000f94a
core   0: 0x8000a94e (0x6a3f2b23) sw      gp, 1718(t5)
core   0: 3 0x8000a94e (0x6a3f2b23) mem 0x80010000 0x00000001
core   0: 0x8000a952 (0x0000bfe5) c.j     pc - 8
core   0: 3 0x8000a952 (0xbfe5)
core   0: 0x8000a94a (0x00005f17) auipc   t5, 0x5
core   0: 3 0x8000a94a (0x00005f17) x30 0x8000f94a
core   0: 0x8000a94e (0x6a3f2b23) sw      gp, 1718(t5)
core   0: 3 0x8000a94e (0x6a3f2b23) mem 0x80010000 0x00000001
core   0: 0x8000a952 (0x0000bfe5) c.j     pc - 8
core   0: 3 0x8000a952 (0xbfe5)
core   0: 0x8000a94a (0x00005f17) auipc   t5, 0x5
core   0: 3 0x8000a94a (0x00005f17) x30 0x8000f94a
core   0: 0x8000a94e (0x6a3f2b23) sw      gp, 1718(t5)
core   0: 3 0x8000a94e (0x6a3f2b23) mem 0x80010000 0x00000001
core   0: 0x8000a952 (0x0000bfe5) c.j     pc - 8
core   0: 3 0x8000a952 (0xbfe5)
core   0: 0x8000a94a (0x00005f17) auipc   t5, 0x5
core   0: 3 0x8000a94a (0x00005f17) x30 0x8000f94a
core   0: 0x8000a94e (0x6a3f2b23) sw      gp, 1718(t5)
core   0: 3 0x8000a94e (0x6a3f2b23) mem 0x80010000 0x00000001
core   0: 0x8000a952 (0x0000bfe5) c.j     pc - 8
core   0: 3 0x8000a952 (0xbfe5)
core   0: 0x8000a94a (0x00005f17) auipc   t5, 0x5
core   0: 3 0x8000a94a (0x00005f17) x30 0x8000f94a
core   0: 0x8000a94e (0x6a3f2b23) sw      gp, 1718(t5)
core   0: 3 0x8000a94e (0x6a3f2b23) mem 0x80010000 0x00000001
core   0: 0x8000a952 (0x0000bfe5) c.j     pc - 8
core   0: 3 0x8000a952 (0xbfe5)
core   0: 0x8000a94a (0x00005f17) auipc   t5, 0x5
core   0: 3 0x8000a94a (0x00005f17) x30 0x8000f94a
core   0: 0x8000a94e (0x6a3f2b23) sw      gp, 1718(t5)
core   0: 3 0x8000a94e (0x6a3f2b23) mem 0x80010000 0x00000001
core   0: 0x8000a952 (0x0000bfe5) c.j     pc - 8
core   0: 3 0x8000a952 (0xbfe5)
core   0: 0x8000a94a (0x00005f17) auipc   t5, 0x5
core   0: 3 0x8000a94a (0x00005f17) x30 0x8000f94a
core   0: 0x8000a94e (0x6a3f2b23) sw      gp, 1718(t5)
core   0: 3 0x8000a94e (0x6a3f2b23) mem 0x80010000 0x00000001
core   0: 0x8000a952 (0x0000bfe5) c.j     pc - 8
core   0: 3 0x8000a952 (0xbfe5)
core   0: 0x8000a94a (0x00005f17) auipc   t5, 0x5
core   0: 3 0x8000a94a (0x00005f17) x30 0x8000f94a
core   0: 0x8000a94e (0x6a3f2b23) sw      gp, 1718(t5)
core   0: 3 0x8000a94e (0x6a3f2b23) mem 0x80010000 0x00000001
core   0: 0x8000a952 (0x0000bfe5) c.j     pc - 8
core   0: 3 0x8000a952 (0xbfe5)
core   0: 0x8000a94a (0x00005f17) auipc   t5, 0x5
core   0: 3 0x8000a94a (0x00005f17) x30 0x8000f94a
core   0: 0x8000a94e (0x6a3f2b23) sw      gp, 1718(t5)
core   0: 3 0x8000a94e (0x6a3f2b23) mem 0x80010000 0x00000001
core   0: 0x8000a952 (0x0000bfe5) c.j     pc - 8
core   0: 3 0x8000a952 (0xbfe5)
core   0: 0x8000a94a (0x00005f17) auipc   t5, 0x5
core   0: 3 0x8000a94a (0x00005f17) x30 0x8000f94a
core   0: 0x8000a94e (0x6a3f2b23) sw      gp, 1718(t5)
core   0: 3 0x8000a94e (0x6a3f2b23) mem 0x80010000 0x00000001
core   0: 0x8000a952 (0x0000bfe5) c.j     pc - 8
core   0: 3 0x8000a952 (0xbfe5)
core   0: 0x8000a94a (0x00005f17) auipc   t5, 0x5
core   0: 3 0x8000a94a (0x00005f17) x30 0x8000f94a
core   0: 0x8000a94e (0x6a3f2b23) sw      gp, 1718(t5)
core   0: 3 0x8000a94e (0x6a3f2b23) mem 0x80010000 0x00000001
core   0: 0x8000a952 (0x0000bfe5) c.j     pc - 8
core   0: 3 0x8000a952 (0xbfe5)
core   0: 0x8000a94a (0x00005f17) auipc   t5, 0x5
core   0: 3 0x8000a94a (0x00005f17) x30 0x8000f94a
core   0: 0x8000a94e (0x6a3f2b23) sw      gp, 1718(t5)
core   0: 3 0x8000a94e (0x6a3f2b23) mem 0x80010000 0x00000001
core   0: 0x8000a952 (0x0000bfe5) c.j     pc - 8
core   0: 3 0x8000a952 (0xbfe5)
core   0: 0x8000a94a (0x00005f17) auipc   t5, 0x5
core   0: 3 0x8000a94a (0x00005f17) x30 0x8000f94a
core   0: 0x8000a94e (0x6a3f2b23) sw      gp, 1718(t5)
core   0: 3 0x8000a94e (0x6a3f2b23) mem 0x80010000 0x00000001
core   0: 0x8000a952 (0x0000bfe5) c.j     pc - 8
core   0: 3 0x8000a952 (0xbfe5)
core   0: 0x8000a94a (0x00005f17) auipc   t5, 0x5
core   0: 3 0x8000a94a (0x00005f17) x30 0x8000f94a
core   0: 0x8000a94e (0x6a3f2b23) sw      gp, 1718(t5)
core   0: 3 0x8000a94e (0x6a3f2b23) mem 0x80010000 0x00000001
core   0: 0x8000a952 (0x0000bfe5) c.j     pc - 8
core   0: 3 0x8000a952 (0xbfe5)
core   0: 0x8000a94a (0x00005f17) auipc   t5, 0x5
core   0: 3 0x8000a94a (0x00005f17) x30 0x8000f94a
core   0: 0x8000a94e (0x6a3f2b23) sw      gp, 1718(t5)
core   0: 3 0x8000a94e (0x6a3f2b23) mem 0x80010000 0x00000001
core   0: 0x8000a952 (0x0000bfe5) c.j     pc - 8
core   0: 3 0x8000a952 (0xbfe5)
core   0: 0x8000a94a (0x00005f17) auipc   t5, 0x5
core   0: 3 0x8000a94a (0x00005f17) x30 0x8000f94a
core   0: 0x8000a94e (0x6a3f2b23) sw      gp, 1718(t5)
core   0: 3 0x8000a94e (0x6a3f2b23) mem 0x80010000 0x00000001
core   0: 0x8000a952 (0x0000bfe5) c.j     pc - 8
core   0: 3 0x8000a952 (0xbfe5)
core   0: 0x8000a94a (0x00005f17) auipc   t5, 0x5
core   0: 3 0x8000a94a (0x00005f17) x30 0x8000f94a
core   0: 0x8000a94e (0x6a3f2b23) sw      gp, 1718(t5)
core   0: 3 0x8000a94e (0x6a3f2b23) mem 0x80010000 0x00000001
core   0: 0x8000a952 (0x0000bfe5) c.j     pc - 8
core   0: 3 0x8000a952 (0xbfe5)
core   0: 0x8000a94a (0x00005f17) auipc   t5, 0x5
core   0: 3 0x8000a94a (0x00005f17) x30 0x8000f94a
core   0: 0x8000a94e (0x6a3f2b23) sw      gp, 1718(t5)
core   0: 3 0x8000a94e (0x6a3f2b23) mem 0x80010000 0x00000001
core   0: 0x8000a952 (0x0000bfe5) c.j     pc - 8
core   0: 3 0x8000a952 (0xbfe5)
core   0: 0x8000a94a (0x00005f17) auipc   t5, 0x5
core   0: 3 0x8000a94a (0x00005f17) x30 0x8000f94a
core   0: 0x8000a94e (0x6a3f2b23) sw      gp, 1718(t5)
core   0: 3 0x8000a94e (0x6a3f2b23) mem 0x80010000 0x00000001
core   0: 0x8000a952 (0x0000bfe5) c.j     pc - 8
core   0: 3 0x8000a952 (0xbfe5)
core   0: 0x8000a94a (0x00005f17) auipc   t5, 0x5
core   0: 3 0x8000a94a (0x00005f17) x30 0x8000f94a
core   0: 0x8000a94e (0x6a3f2b23) sw      gp, 1718(t5)
core   0: 3 0x8000a94e (0x6a3f2b23) mem 0x80010000 0x00000001
core   0: 0x8000a952 (0x0000bfe5) c.j     pc - 8
core   0: 3 0x8000a952 (0xbfe5)
core   0: 0x8000a94a (0x00005f17) auipc   t5, 0x5
core   0: 3 0x8000a94a (0x00005f17) x30 0x8000f94a
core   0: 0x8000a94e (0x6a3f2b23) sw      gp, 1718(t5)
core   0: 3 0x8000a94e (0x6a3f2b23) mem 0x80010000 0x00000001
core   0: 0x8000a952 (0x0000bfe5) c.j     pc - 8
core   0: 3 0x8000a952 (0xbfe5)
core   0: 0x8000a94a (0x00005f17) auipc   t5, 0x5
core   0: 3 0x8000a94a (0x00005f17) x30 0x8000f94a
core   0: 0x8000a94e (0x6a3f2b23) sw      gp, 1718(t5)
core   0: 3 0x8000a94e (0x6a3f2b23) mem 0x80010000 0x00000001
core   0: 0x8000a952 (0x0000bfe5) c.j     pc - 8
core   0: 3 0x8000a952 (0xbfe5)
core   0: 0x8000a94a (0x00005f17) auipc   t5, 0x5
core   0: 3 0x8000a94a (0x00005f17) x30 0x8000f94a
core   0: 0x8000a94e (0x6a3f2b23) sw      gp, 1718(t5)
core   0: 3 0x8000a94e (0x6a3f2b23) mem 0x80010000 0x00000001
core   0: 0x8000a952 (0x0000bfe5) c.j     pc - 8
core   0: 3 0x8000a952 (0xbfe5)
core   0: 0x8000a94a (0x00005f17) auipc   t5, 0x5
core   0: 3 0x8000a94a (0x00005f17) x30 0x8000f94a
core   0: 0x8000a94e (0x6a3f2b23) sw      gp, 1718(t5)
core   0: 3 0x8000a94e (0x6a3f2b23) mem 0x80010000 0x00000001
core   0: 0x8000a952 (0x0000bfe5) c.j     pc - 8
core   0: 3 0x8000a952 (0xbfe5)
core   0: 0x8000a94a (0x00005f17) auipc   t5, 0x5
core   0: 3 0x8000a94a (0x00005f17) x30 0x8000f94a
core   0: 0x8000a94e (0x6a3f2b23) sw      gp, 1718(t5)
core   0: 3 0x8000a94e (0x6a3f2b23) mem 0x80010000 0x00000001
core   0: 0x8000a952 (0x0000bfe5) c.j     pc - 8
core   0: 3 0x8000a952 (0xbfe5)
core   0: 0x8000a94a (0x00005f17) auipc   t5, 0x5
core   0: 3 0x8000a94a (0x00005f17) x30 0x8000f94a
core   0: 0x8000a94e (0x6a3f2b23) sw      gp, 1718(t5)
core   0: 3 0x8000a94e (0x6a3f2b23) mem 0x80010000 0x00000001
core   0: 0x8000a952 (0x0000bfe5) c.j     pc - 8
core   0: 3 0x8000a952 (0xbfe5)
core   0: 0x8000a94a (0x00005f17) auipc   t5, 0x5
core   0: 3 0x8000a94a (0x00005f17) x30 0x8000f94a
core   0: 0x8000a94e (0x6a3f2b23) sw      gp, 1718(t5)
core   0: 3 0x8000a94e (0x6a3f2b23) mem 0x80010000 0x00000001
core   0: 0x8000a952 (0x0000bfe5) c.j     pc - 8
core   0: 3 0x8000a952 (0xbfe5)
core   0: 0x8000a94a (0x00005f17) auipc   t5, 0x5
core   0: 3 0x8000a94a (0x00005f17) x30 0x8000f94a
core   0: 0x8000a94e (0x6a3f2b23) sw      gp, 1718(t5)
core   0: 3 0x8000a94e (0x6a3f2b23) mem 0x80010000 0x00000001
core   0: 0x8000a952 (0x0000bfe5) c.j     pc - 8
core   0: 3 0x8000a952 (0xbfe5)
core   0: 0x8000a94a (0x00005f17) auipc   t5, 0x5
core   0: 3 0x8000a94a (0x00005f17) x30 0x8000f94a
core   0: 0x8000a94e (0x6a3f2b23) sw      gp, 1718(t5)
core   0: 3 0x8000a94e (0x6a3f2b23) mem 0x80010000 0x00000001
core   0: 0x8000a952 (0x0000bfe5) c.j     pc - 8
core   0: 3 0x8000a952 (0xbfe5)
core   0: 0x8000a94a (0x00005f17) auipc   t5, 0x5
core   0: 3 0x8000a94a (0x00005f17) x30 0x8000f94a
core   0: 0x8000a94e (0x6a3f2b23) sw      gp, 1718(t5)
core   0: 3 0x8000a94e (0x6a3f2b23) mem 0x80010000 0x00000001
core   0: 0x8000a952 (0x0000bfe5) c.j     pc - 8
core   0: 3 0x8000a952 (0xbfe5)
core   0: 0x8000a94a (0x00005f17) auipc   t5, 0x5
core   0: 3 0x8000a94a (0x00005f17) x30 0x8000f94a
core   0: 0x8000a94e (0x6a3f2b23) sw      gp, 1718(t5)
core   0: 3 0x8000a94e (0x6a3f2b23) mem 0x80010000 0x00000001
core   0: 0x8000a952 (0x0000bfe5) c.j     pc - 8
core   0: 3 0x8000a952 (0xbfe5)
core   0: 0x8000a94a (0x00005f17) auipc   t5, 0x5
core   0: 3 0x8000a94a (0x00005f17) x30 0x8000f94a
core   0: 0x8000a94e (0x6a3f2b23) sw      gp, 1718(t5)
core   0: 3 0x8000a94e (0x6a3f2b23) mem 0x80010000 0x00000001
core   0: 0x8000a952 (0x0000bfe5) c.j     pc - 8
core   0: 3 0x8000a952 (0xbfe5)
core   0: 0x8000a94a (0x00005f17) auipc   t5, 0x5
core   0: 3 0x8000a94a (0x00005f17) x30 0x8000f94a
core   0: 0x8000a94e (0x6a3f2b23) sw      gp, 1718(t5)
core   0: 3 0x8000a94e (0x6a3f2b23) mem 0x80010000 0x00000001
core   0: 0x8000a952 (0x0000bfe5) c.j     pc - 8
core   0: 3 0x8000a952 (0xbfe5)
core   0: 0x8000a94a (0x00005f17) auipc   t5, 0x5
core   0: 3 0x8000a94a (0x00005f17) x30 0x8000f94a
core   0: 0x8000a94e (0x6a3f2b23) sw      gp, 1718(t5)
core   0: 3 0x8000a94e (0x6a3f2b23) mem 0x80010000 0x00000001
core   0: 0x8000a952 (0x0000bfe5) c.j     pc - 8
core   0: 3 0x8000a952 (0xbfe5)
core   0: 0x8000a94a (0x00005f17) auipc   t5, 0x5
core   0: 3 0x8000a94a (0x00005f17) x30 0x8000f94a
core   0: 0x8000a94e (0x6a3f2b23) sw      gp, 1718(t5)
core   0: 3 0x8000a94e (0x6a3f2b23) mem 0x80010000 0x00000001
core   0: 0x8000a952 (0x0000bfe5) c.j     pc - 8
core   0: 3 0x8000a952 (0xbfe5)
core   0: 0x8000a94a (0x00005f17) auipc   t5, 0x5
core   0: 3 0x8000a94a (0x00005f17) x30 0x8000f94a
core   0: 0x8000a94e (0x6a3f2b23) sw      gp, 1718(t5)
core   0: 3 0x8000a94e (0x6a3f2b23) mem 0x80010000 0x00000001
core   0: 0x8000a952 (0x0000bfe5) c.j     pc - 8
core   0: 3 0x8000a952 (0xbfe5)
core   0: 0x8000a94a (0x00005f17) auipc   t5, 0x5
core   0: 3 0x8000a94a (0x00005f17) x30 0x8000f94a
core   0: 0x8000a94e (0x6a3f2b23) sw      gp, 1718(t5)
core   0: 3 0x8000a94e (0x6a3f2b23) mem 0x80010000 0x00000001
core   0: 0x8000a952 (0x0000bfe5) c.j     pc - 8
core   0: 3 0x8000a952 (0xbfe5)
core   0: 0x8000a94a (0x00005f17) auipc   t5, 0x5
core   0: 3 0x8000a94a (0x00005f17) x30 0x8000f94a
core   0: 0x8000a94e (0x6a3f2b23) sw      gp, 1718(t5)
core   0: 3 0x8000a94e (0x6a3f2b23) mem 0x80010000 0x00000001
core   0: 0x8000a952 (0x0000bfe5) c.j     pc - 8
core   0: 3 0x8000a952 (0xbfe5)
core   0: 0x8000a94a (0x00005f17) auipc   t5, 0x5
core   0: 3 0x8000a94a (0x00005f17) x30 0x8000f94a
core   0: 0x8000a94e (0x6a3f2b23) sw      gp, 1718(t5)
core   0: 3 0x8000a94e (0x6a3f2b23) mem 0x80010000 0x00000001
core   0: 0x8000a952 (0x0000bfe5) c.j     pc - 8
core   0: 3 0x8000a952 (0xbfe5)
core   0: 0x8000a94a (0x00005f17) auipc   t5, 0x5
core   0: 3 0x8000a94a (0x00005f17) x30 0x8000f94a
core   0: 0x8000a94e (0x6a3f2b23) sw      gp, 1718(t5)
core   0: 3 0x8000a94e (0x6a3f2b23) mem 0x80010000 0x00000001
core   0: 0x8000a952 (0x0000bfe5) c.j     pc - 8
core   0: 3 0x8000a952 (0xbfe5)
core   0: 0x8000a94a (0x00005f17) auipc   t5, 0x5
core   0: 3 0x8000a94a (0x00005f17) x30 0x8000f94a
core   0: 0x8000a94e (0x6a3f2b23) sw      gp, 1718(t5)
core   0: 3 0x8000a94e (0x6a3f2b23) mem 0x80010000 0x00000001
core   0: 0x8000a952 (0x0000bfe5) c.j     pc - 8
core   0: 3 0x8000a952 (0xbfe5)
core   0: 0x8000a94a (0x00005f17) auipc   t5, 0x5
core   0: 3 0x8000a94a (0x00005f17) x30 0x8000f94a
core   0: 0x8000a94e (0x6a3f2b23) sw      gp, 1718(t5)
core   0: 3 0x8000a94e (0x6a3f2b23) mem 0x80010000 0x00000001
core   0: 0x8000a952 (0x0000bfe5) c.j     pc - 8
core   0: 3 0x8000a952 (0xbfe5)
core   0: 0x8000a94a (0x00005f17) auipc   t5, 0x5
core   0: 3 0x8000a94a (0x00005f17) x30 0x8000f94a
core   0: 0x8000a94e (0x6a3f2b23) sw      gp, 1718(t5)
core   0: 3 0x8000a94e (0x6a3f2b23) mem 0x80010000 0x00000001
core   0: 0x8000a952 (0x0000bfe5) c.j     pc - 8
core   0: 3 0x8000a952 (0xbfe5)
core   0: 0x8000a94a (0x00005f17) auipc   t5, 0x5
core   0: 3 0x8000a94a (0x00005f17) x30 0x8000f94a
core   0: 0x8000a94e (0x6a3f2b23) sw      gp, 1718(t5)
core   0: 3 0x8000a94e (0x6a3f2b23) mem 0x80010000 0x00000001
core   0: 0x8000a952 (0x0000bfe5) c.j     pc - 8
core   0: 3 0x8000a952 (0xbfe5)
core   0: 0x8000a94a (0x00005f17) auipc   t5, 0x5
core   0: 3 0x8000a94a (0x00005f17) x30 0x8000f94a
core   0: 0x8000a94e (0x6a3f2b23) sw      gp, 1718(t5)
core   0: 3 0x8000a94e (0x6a3f2b23) mem 0x80010000 0x00000001
core   0: 0x8000a952 (0x0000bfe5) c.j     pc - 8
core   0: 3 0x8000a952 (0xbfe5)
core   0: 0x8000a94a (0x00005f17) auipc   t5, 0x5
core   0: 3 0x8000a94a (0x00005f17) x30 0x8000f94a
core   0: 0x8000a94e (0x6a3f2b23) sw      gp, 1718(t5)
core   0: 3 0x8000a94e (0x6a3f2b23) mem 0x80010000 0x00000001
core   0: 0x8000a952 (0x0000bfe5) c.j     pc - 8
core   0: 3 0x8000a952 (0xbfe5)
core   0: 0x8000a94a (0x00005f17) auipc   t5, 0x5
core   0: 3 0x8000a94a (0x00005f17) x30 0x8000f94a
core   0: 0x8000a94e (0x6a3f2b23) sw      gp, 1718(t5)
core   0: 3 0x8000a94e (0x6a3f2b23) mem 0x80010000 0x00000001
core   0: 0x8000a952 (0x0000bfe5) c.j     pc - 8
core   0: 3 0x8000a952 (0xbfe5)
core   0: 0x8000a94a (0x00005f17) auipc   t5, 0x5
core   0: 3 0x8000a94a (0x00005f17) x30 0x8000f94a
core   0: 0x8000a94e (0x6a3f2b23) sw      gp, 1718(t5)
core   0: 3 0x8000a94e (0x6a3f2b23) mem 0x80010000 0x00000001
core   0: 0x8000a952 (0x0000bfe5) c.j     pc - 8
core   0: 3 0x8000a952 (0xbfe5)
core   0: 0x8000a94a (0x00005f17) auipc   t5, 0x5
core   0: 3 0x8000a94a (0x00005f17) x30 0x8000f94a
core   0: 0x8000a94e (0x6a3f2b23) sw      gp, 1718(t5)
core   0: 3 0x8000a94e (0x6a3f2b23) mem 0x80010000 0x00000001
core   0: 0x8000a952 (0x0000bfe5) c.j     pc - 8
core   0: 3 0x8000a952 (0xbfe5)
core   0: 0x8000a94a (0x00005f17) auipc   t5, 0x5
core   0: 3 0x8000a94a (0x00005f17) x30 0x8000f94a
core   0: 0x8000a94e (0x6a3f2b23) sw      gp, 1718(t5)
core   0: 3 0x8000a94e (0x6a3f2b23) mem 0x80010000 0x00000001
core   0: 0x8000a952 (0x0000bfe5) c.j     pc - 8
core   0: 3 0x8000a952 (0xbfe5)
core   0: 0x8000a94a (0x00005f17) auipc   t5, 0x5
core   0: 3 0x8000a94a (0x00005f17) x30 0x8000f94a
core   0: 0x8000a94e (0x6a3f2b23) sw      gp, 1718(t5)
core   0: 3 0x8000a94e (0x6a3f2b23) mem 0x80010000 0x00000001
core   0: 0x8000a952 (0x0000bfe5) c.j     pc - 8
core   0: 3 0x8000a952 (0xbfe5)
core   0: 0x8000a94a (0x00005f17) auipc   t5, 0x5
core   0: 3 0x8000a94a (0x00005f17) x30 0x8000f94a
core   0: 0x8000a94e (0x6a3f2b23) sw      gp, 1718(t5)
core   0: 3 0x8000a94e (0x6a3f2b23) mem 0x80010000 0x00000001
core   0: 0x8000a952 (0x0000bfe5) c.j     pc - 8
core   0: 3 0x8000a952 (0xbfe5)
core   0: 0x8000a94a (0x00005f17) auipc   t5, 0x5
core   0: 3 0x8000a94a (0x00005f17) x30 0x8000f94a
core   0: 0x8000a94e (0x6a3f2b23) sw      gp, 1718(t5)
core   0: 3 0x8000a94e (0x6a3f2b23) mem 0x80010000 0x00000001
core   0: 0x8000a952 (0x0000bfe5) c.j     pc - 8
core   0: 3 0x8000a952 (0xbfe5)
core   0: 0x8000a94a (0x00005f17) auipc   t5, 0x5
core   0: 3 0x8000a94a (0x00005f17) x30 0x8000f94a
core   0: 0x8000a94e (0x6a3f2b23) sw      gp, 1718(t5)
core   0: 3 0x8000a94e (0x6a3f2b23) mem 0x80010000 0x00000001
core   0: 0x8000a952 (0x0000bfe5) c.j     pc - 8
core   0: 3 0x8000a952 (0xbfe5)
core   0: 0x8000a94a (0x00005f17) auipc   t5, 0x5
core   0: 3 0x8000a94a (0x00005f17) x30 0x8000f94a
core   0: 0x8000a94e (0x6a3f2b23) sw      gp, 1718(t5)
core   0: 3 0x8000a94e (0x6a3f2b23) mem 0x80010000 0x00000001
core   0: 0x8000a952 (0x0000bfe5) c.j     pc - 8
core   0: 3 0x8000a952 (0xbfe5)
core   0: 0x8000a94a (0x00005f17) auipc   t5, 0x5
core   0: 3 0x8000a94a (0x00005f17) x30 0x8000f94a
core   0: 0x8000a94e (0x6a3f2b23) sw      gp, 1718(t5)
core   0: 3 0x8000a94e (0x6a3f2b23) mem 0x80010000 0x00000001
core   0: 0x8000a952 (0x0000bfe5) c.j     pc - 8
core   0: 3 0x8000a952 (0xbfe5)
core   0: 0x8000a94a (0x00005f17) auipc   t5, 0x5
core   0: 3 0x8000a94a (0x00005f17) x30 0x8000f94a
core   0: 0x8000a94e (0x6a3f2b23) sw      gp, 1718(t5)
core   0: 3 0x8000a94e (0x6a3f2b23) mem 0x80010000 0x00000001
core   0: 0x8000a952 (0x0000bfe5) c.j     pc - 8
core   0: 3 0x8000a952 (0xbfe5)
core   0: 0x8000a94a (0x00005f17) auipc   t5, 0x5
core   0: 3 0x8000a94a (0x00005f17) x30 0x8000f94a
core   0: 0x8000a94e (0x6a3f2b23) sw      gp, 1718(t5)
core   0: 3 0x8000a94e (0x6a3f2b23) mem 0x80010000 0x00000001
core   0: 0x8000a952 (0x0000bfe5) c.j     pc - 8
core   0: 3 0x8000a952 (0xbfe5)
core   0: 0x8000a94a (0x00005f17) auipc   t5, 0x5
core   0: 3 0x8000a94a (0x00005f17) x30 0x8000f94a
core   0: 0x8000a94e (0x6a3f2b23) sw      gp, 1718(t5)
core   0: 3 0x8000a94e (0x6a3f2b23) mem 0x80010000 0x00000001
core   0: 0x8000a952 (0x0000bfe5) c.j     pc - 8
core   0: 3 0x8000a952 (0xbfe5)
core   0: 0x8000a94a (0x00005f17) auipc   t5, 0x5
core   0: 3 0x8000a94a (0x00005f17) x30 0x8000f94a
core   0: 0x8000a94e (0x6a3f2b23) sw      gp, 1718(t5)
core   0: 3 0x8000a94e (0x6a3f2b23) mem 0x80010000 0x00000001
core   0: 0x8000a952 (0x0000bfe5) c.j     pc - 8
core   0: 3 0x8000a952 (0xbfe5)
core   0: 0x8000a94a (0x00005f17) auipc   t5, 0x5
core   0: 3 0x8000a94a (0x00005f17) x30 0x8000f94a
core   0: 0x8000a94e (0x6a3f2b23) sw      gp, 1718(t5)
core   0: 3 0x8000a94e (0x6a3f2b23) mem 0x80010000 0x00000001
core   0: 0x8000a952 (0x0000bfe5) c.j     pc - 8
core   0: 3 0x8000a952 (0xbfe5)
core   0: 0x8000a94a (0x00005f17) auipc   t5, 0x5
core   0: 3 0x8000a94a (0x00005f17) x30 0x8000f94a
core   0: 0x8000a94e (0x6a3f2b23) sw      gp, 1718(t5)
core   0: 3 0x8000a94e (0x6a3f2b23) mem 0x80010000 0x00000001
core   0: 0x8000a952 (0x0000bfe5) c.j     pc - 8
core   0: 3 0x8000a952 (0xbfe5)
core   0: 0x8000a94a (0x00005f17) auipc   t5, 0x5
core   0: 3 0x8000a94a (0x00005f17) x30 0x8000f94a
core   0: 0x8000a94e (0x6a3f2b23) sw      gp, 1718(t5)
core   0: 3 0x8000a94e (0x6a3f2b23) mem 0x80010000 0x00000001
core   0: 0x8000a952 (0x0000bfe5) c.j     pc - 8
core   0: 3 0x8000a952 (0xbfe5)
core   0: 0x8000a94a (0x00005f17) auipc   t5, 0x5
core   0: 3 0x8000a94a (0x00005f17) x30 0x8000f94a
core   0: 0x8000a94e (0x6a3f2b23) sw      gp, 1718(t5)
core   0: 3 0x8000a94e (0x6a3f2b23) mem 0x80010000 0x00000001
core   0: 0x8000a952 (0x0000bfe5) c.j     pc - 8
core   0: 3 0x8000a952 (0xbfe5)
core   0: 0x8000a94a (0x00005f17) auipc   t5, 0x5
core   0: 3 0x8000a94a (0x00005f17) x30 0x8000f94a
core   0: 0x8000a94e (0x6a3f2b23) sw      gp, 1718(t5)
core   0: 3 0x8000a94e (0x6a3f2b23) mem 0x80010000 0x00000001
core   0: 0x8000a952 (0x0000bfe5) c.j     pc - 8
core   0: 3 0x8000a952 (0xbfe5)
core   0: 0x8000a94a (0x00005f17) auipc   t5, 0x5
core   0: 3 0x8000a94a (0x00005f17) x30 0x8000f94a
core   0: 0x8000a94e (0x6a3f2b23) sw      gp, 1718(t5)
core   0: 3 0x8000a94e (0x6a3f2b23) mem 0x80010000 0x00000001
core   0: 0x8000a952 (0x0000bfe5) c.j     pc - 8
core   0: 3 0x8000a952 (0xbfe5)
core   0: 0x8000a94a (0x00005f17) auipc   t5, 0x5
core   0: 3 0x8000a94a (0x00005f17) x30 0x8000f94a
core   0: 0x8000a94e (0x6a3f2b23) sw      gp, 1718(t5)
core   0: 3 0x8000a94e (0x6a3f2b23) mem 0x80010000 0x00000001
core   0: 0x8000a952 (0x0000bfe5) c.j     pc - 8
core   0: 3 0x8000a952 (0xbfe5)
core   0: 0x8000a94a (0x00005f17) auipc   t5, 0x5
core   0: 3 0x8000a94a (0x00005f17) x30 0x8000f94a
core   0: 0x8000a94e (0x6a3f2b23) sw      gp, 1718(t5)
core   0: 3 0x8000a94e (0x6a3f2b23) mem 0x80010000 0x00000001
core   0: 0x8000a952 (0x0000bfe5) c.j     pc - 8
core   0: 3 0x8000a952 (0xbfe5)
core   0: 0x8000a94a (0x00005f17) auipc   t5, 0x5
core   0: 3 0x8000a94a (0x00005f17) x30 0x8000f94a
core   0: 0x8000a94e (0x6a3f2b23) sw      gp, 1718(t5)
core   0: 3 0x8000a94e (0x6a3f2b23) mem 0x80010000 0x00000001
core   0: 0x8000a952 (0x0000bfe5) c.j     pc - 8
core   0: 3 0x8000a952 (0xbfe5)
core   0: 0x8000a94a (0x00005f17) auipc   t5, 0x5
core   0: 3 0x8000a94a (0x00005f17) x30 0x8000f94a
core   0: 0x8000a94e (0x6a3f2b23) sw      gp, 1718(t5)
core   0: 3 0x8000a94e (0x6a3f2b23) mem 0x80010000 0x00000001
core   0: 0x8000a952 (0x0000bfe5) c.j     pc - 8
core   0: 3 0x8000a952 (0xbfe5)
core   0: 0x8000a94a (0x00005f17) auipc   t5, 0x5
core   0: 3 0x8000a94a (0x00005f17) x30 0x8000f94a
core   0: 0x8000a94e (0x6a3f2b23) sw      gp, 1718(t5)
core   0: 3 0x8000a94e (0x6a3f2b23) mem 0x80010000 0x00000001
core   0: 0x8000a952 (0x0000bfe5) c.j     pc - 8
core   0: 3 0x8000a952 (0xbfe5)
core   0: 0x8000a94a (0x00005f17) auipc   t5, 0x5
core   0: 3 0x8000a94a (0x00005f17) x30 0x8000f94a
core   0: 0x8000a94e (0x6a3f2b23) sw      gp, 1718(t5)
core   0: 3 0x8000a94e (0x6a3f2b23) mem 0x80010000 0x00000001
core   0: 0x8000a952 (0x0000bfe5) c.j     pc - 8
core   0: 3 0x8000a952 (0xbfe5)
core   0: 0x8000a94a (0x00005f17) auipc   t5, 0x5
core   0: 3 0x8000a94a (0x00005f17) x30 0x8000f94a
core   0: 0x8000a94e (0x6a3f2b23) sw      gp, 1718(t5)
core   0: 3 0x8000a94e (0x6a3f2b23) mem 0x80010000 0x00000001
core   0: 0x8000a952 (0x0000bfe5) c.j     pc - 8
core   0: 3 0x8000a952 (0xbfe5)
core   0: 0x8000a94a (0x00005f17) auipc   t5, 0x5
core   0: 3 0x8000a94a (0x00005f17) x30 0x8000f94a
core   0: 0x8000a94e (0x6a3f2b23) sw      gp, 1718(t5)
core   0: 3 0x8000a94e (0x6a3f2b23) mem 0x80010000 0x00000001
core   0: 0x8000a952 (0x0000bfe5) c.j     pc - 8
core   0: 3 0x8000a952 (0xbfe5)
core   0: 0x8000a94a (0x00005f17) auipc   t5, 0x5
core   0: 3 0x8000a94a (0x00005f17) x30 0x8000f94a
core   0: 0x8000a94e (0x6a3f2b23) sw      gp, 1718(t5)
core   0: 3 0x8000a94e (0x6a3f2b23) mem 0x80010000 0x00000001
core   0: 0x8000a952 (0x0000bfe5) c.j     pc - 8
core   0: 3 0x8000a952 (0xbfe5)
core   0: 0x8000a94a (0x00005f17) auipc   t5, 0x5
core   0: 3 0x8000a94a (0x00005f17) x30 0x8000f94a
core   0: 0x8000a94e (0x6a3f2b23) sw      gp, 1718(t5)
core   0: 3 0x8000a94e (0x6a3f2b23) mem 0x80010000 0x00000001
core   0: 0x8000a952 (0x0000bfe5) c.j     pc - 8
core   0: 3 0x8000a952 (0xbfe5)
core   0: 0x8000a94a (0x00005f17) auipc   t5, 0x5
core   0: 3 0x8000a94a (0x00005f17) x30 0x8000f94a
core   0: 0x8000a94e (0x6a3f2b23) sw      gp, 1718(t5)
core   0: 3 0x8000a94e (0x6a3f2b23) mem 0x80010000 0x00000001
core   0: 0x8000a952 (0x0000bfe5) c.j     pc - 8
core   0: 3 0x8000a952 (0xbfe5)
core   0: 0x8000a94a (0x00005f17) auipc   t5, 0x5
core   0: 3 0x8000a94a (0x00005f17) x30 0x8000f94a
core   0: 0x8000a94e (0x6a3f2b23) sw      gp, 1718(t5)
core   0: 3 0x8000a94e (0x6a3f2b23) mem 0x80010000 0x00000001
core   0: 0x8000a952 (0x0000bfe5) c.j     pc - 8
core   0: 3 0x8000a952 (0xbfe5)
core   0: 0x8000a94a (0x00005f17) auipc   t5, 0x5
core   0: 3 0x8000a94a (0x00005f17) x30 0x8000f94a
core   0: 0x8000a94e (0x6a3f2b23) sw      gp, 1718(t5)
core   0: 3 0x8000a94e (0x6a3f2b23) mem 0x80010000 0x00000001
core   0: 0x8000a952 (0x0000bfe5) c.j     pc - 8
core   0: 3 0x8000a952 (0xbfe5)
core   0: 0x8000a94a (0x00005f17) auipc   t5, 0x5
core   0: 3 0x8000a94a (0x00005f17) x30 0x8000f94a
core   0: 0x8000a94e (0x6a3f2b23) sw      gp, 1718(t5)
core   0: 3 0x8000a94e (0x6a3f2b23) mem 0x80010000 0x00000001
core   0: 0x8000a952 (0x0000bfe5) c.j     pc - 8
core   0: 3 0x8000a952 (0xbfe5)
core   0: 0x8000a94a (0x00005f17) auipc   t5, 0x5
core   0: 3 0x8000a94a (0x00005f17) x30 0x8000f94a
core   0: 0x8000a94e (0x6a3f2b23) sw      gp, 1718(t5)
core   0: 3 0x8000a94e (0x6a3f2b23) mem 0x80010000 0x00000001
core   0: 0x8000a952 (0x0000bfe5) c.j     pc - 8
core   0: 3 0x8000a952 (0xbfe5)
core   0: 0x8000a94a (0x00005f17) auipc   t5, 0x5
core   0: 3 0x8000a94a (0x00005f17) x30 0x8000f94a
core   0: 0x8000a94e (0x6a3f2b23) sw      gp, 1718(t5)
core   0: 3 0x8000a94e (0x6a3f2b23) mem 0x80010000 0x00000001
core   0: 0x8000a952 (0x0000bfe5) c.j     pc - 8
core   0: 3 0x8000a952 (0xbfe5)
core   0: 0x8000a94a (0x00005f17) auipc   t5, 0x5
core   0: 3 0x8000a94a (0x00005f17) x30 0x8000f94a
core   0: 0x8000a94e (0x6a3f2b23) sw      gp, 1718(t5)
core   0: 3 0x8000a94e (0x6a3f2b23) mem 0x80010000 0x00000001
core   0: 0x8000a952 (0x0000bfe5) c.j     pc - 8
core   0: 3 0x8000a952 (0xbfe5)
core   0: 0x8000a94a (0x00005f17) auipc   t5, 0x5
core   0: 3 0x8000a94a (0x00005f17) x30 0x8000f94a
core   0: 0x8000a94e (0x6a3f2b23) sw      gp, 1718(t5)
core   0: 3 0x8000a94e (0x6a3f2b23) mem 0x80010000 0x00000001
core   0: 0x8000a952 (0x0000bfe5) c.j     pc - 8
core   0: 3 0x8000a952 (0xbfe5)
core   0: 0x8000a94a (0x00005f17) auipc   t5, 0x5
core   0: 3 0x8000a94a (0x00005f17) x30 0x8000f94a
core   0: 0x8000a94e (0x6a3f2b23) sw      gp, 1718(t5)
core   0: 3 0x8000a94e (0x6a3f2b23) mem 0x80010000 0x00000001
core   0: 0x8000a952 (0x0000bfe5) c.j     pc - 8
core   0: 3 0x8000a952 (0xbfe5)
core   0: 0x8000a94a (0x00005f17) auipc   t5, 0x5
core   0: 3 0x8000a94a (0x00005f17) x30 0x8000f94a
core   0: 0x8000a94e (0x6a3f2b23) sw      gp, 1718(t5)
core   0: 3 0x8000a94e (0x6a3f2b23) mem 0x80010000 0x00000001
core   0: 0x8000a952 (0x0000bfe5) c.j     pc - 8
core   0: 3 0x8000a952 (0xbfe5)
core   0: 0x8000a94a (0x00005f17) auipc   t5, 0x5
core   0: 3 0x8000a94a (0x00005f17) x30 0x8000f94a
core   0: 0x8000a94e (0x6a3f2b23) sw      gp, 1718(t5)
core   0: 3 0x8000a94e (0x6a3f2b23) mem 0x80010000 0x00000001
core   0: 0x8000a952 (0x0000bfe5) c.j     pc - 8
core   0: 3 0x8000a952 (0xbfe5)
core   0: 0x8000a94a (0x00005f17) auipc   t5, 0x5
core   0: 3 0x8000a94a (0x00005f17) x30 0x8000f94a
core   0: 0x8000a94e (0x6a3f2b23) sw      gp, 1718(t5)
core   0: 3 0x8000a94e (0x6a3f2b23) mem 0x80010000 0x00000001
core   0: 0x8000a952 (0x0000bfe5) c.j     pc - 8
core   0: 3 0x8000a952 (0xbfe5)
core   0: 0x8000a94a (0x00005f17) auipc   t5, 0x5
core   0: 3 0x8000a94a (0x00005f17) x30 0x8000f94a
core   0: 0x8000a94e (0x6a3f2b23) sw      gp, 1718(t5)
core   0: 3 0x8000a94e (0x6a3f2b23) mem 0x80010000 0x00000001
core   0: 0x8000a952 (0x0000bfe5) c.j     pc - 8
core   0: 3 0x8000a952 (0xbfe5)
core   0: 0x8000a94a (0x00005f17) auipc   t5, 0x5
core   0: 3 0x8000a94a (0x00005f17) x30 0x8000f94a
core   0: 0x8000a94e (0x6a3f2b23) sw      gp, 1718(t5)
core   0: 3 0x8000a94e (0x6a3f2b23) mem 0x80010000 0x00000001
core   0: 0x8000a952 (0x0000bfe5) c.j     pc - 8
core   0: 3 0x8000a952 (0xbfe5)
core   0: 0x8000a94a (0x00005f17) auipc   t5, 0x5
core   0: 3 0x8000a94a (0x00005f17) x30 0x8000f94a
core   0: 0x8000a94e (0x6a3f2b23) sw      gp, 1718(t5)
core   0: 3 0x8000a94e (0x6a3f2b23) mem 0x80010000 0x00000001
core   0: 0x8000a952 (0x0000bfe5) c.j     pc - 8
core   0: 3 0x8000a952 (0xbfe5)
core   0: 0x8000a94a (0x00005f17) auipc   t5, 0x5
core   0: 3 0x8000a94a (0x00005f17) x30 0x8000f94a
core   0: 0x8000a94e (0x6a3f2b23) sw      gp, 1718(t5)
core   0: 3 0x8000a94e (0x6a3f2b23) mem 0x80010000 0x00000001
core   0: 0x8000a952 (0x0000bfe5) c.j     pc - 8
core   0: 3 0x8000a952 (0xbfe5)
core   0: 0x8000a94a (0x00005f17) auipc   t5, 0x5
core   0: 3 0x8000a94a (0x00005f17) x30 0x8000f94a
core   0: 0x8000a94e (0x6a3f2b23) sw      gp, 1718(t5)
core   0: 3 0x8000a94e (0x6a3f2b23) mem 0x80010000 0x00000001
core   0: 0x8000a952 (0x0000bfe5) c.j     pc - 8
core   0: 3 0x8000a952 (0xbfe5)
core   0: 0x8000a94a (0x00005f17) auipc   t5, 0x5
core   0: 3 0x8000a94a (0x00005f17) x30 0x8000f94a
core   0: 0x8000a94e (0x6a3f2b23) sw      gp, 1718(t5)
core   0: 3 0x8000a94e (0x6a3f2b23) mem 0x80010000 0x00000001
core   0: 0x8000a952 (0x0000bfe5) c.j     pc - 8
core   0: 3 0x8000a952 (0xbfe5)
core   0: 0x8000a94a (0x00005f17) auipc   t5, 0x5
core   0: 3 0x8000a94a (0x00005f17) x30 0x8000f94a
core   0: 0x8000a94e (0x6a3f2b23) sw      gp, 1718(t5)
core   0: 3 0x8000a94e (0x6a3f2b23) mem 0x80010000 0x00000001
core   0: 0x8000a952 (0x0000bfe5) c.j     pc - 8
core   0: 3 0x8000a952 (0xbfe5)
core   0: 0x8000a94a (0x00005f17) auipc   t5, 0x5
core   0: 3 0x8000a94a (0x00005f17) x30 0x8000f94a
core   0: 0x8000a94e (0x6a3f2b23) sw      gp, 1718(t5)
core   0: 3 0x8000a94e (0x6a3f2b23) mem 0x80010000 0x00000001
core   0: 0x8000a952 (0x0000bfe5) c.j     pc - 8
core   0: 3 0x8000a952 (0xbfe5)
core   0: 0x8000a94a (0x00005f17) auipc   t5, 0x5
core   0: 3 0x8000a94a (0x00005f17) x30 0x8000f94a
core   0: 0x8000a94e (0x6a3f2b23) sw      gp, 1718(t5)
core   0: 3 0x8000a94e (0x6a3f2b23) mem 0x80010000 0x00000001
core   0: 0x8000a952 (0x0000bfe5) c.j     pc - 8
core   0: 3 0x8000a952 (0xbfe5)
core   0: 0x8000a94a (0x00005f17) auipc   t5, 0x5
core   0: 3 0x8000a94a (0x00005f17) x30 0x8000f94a
core   0: 0x8000a94e (0x6a3f2b23) sw      gp, 1718(t5)
core   0: 3 0x8000a94e (0x6a3f2b23) mem 0x80010000 0x00000001
core   0: 0x8000a952 (0x0000bfe5) c.j     pc - 8
core   0: 3 0x8000a952 (0xbfe5)
core   0: 0x8000a94a (0x00005f17) auipc   t5, 0x5
core   0: 3 0x8000a94a (0x00005f17) x30 0x8000f94a
core   0: 0x8000a94e (0x6a3f2b23) sw      gp, 1718(t5)
core   0: 3 0x8000a94e (0x6a3f2b23) mem 0x80010000 0x00000001
core   0: 0x8000a952 (0x0000bfe5) c.j     pc - 8
core   0: 3 0x8000a952 (0xbfe5)
core   0: 0x8000a94a (0x00005f17) auipc   t5, 0x5
core   0: 3 0x8000a94a (0x00005f17) x30 0x8000f94a
core   0: 0x8000a94e (0x6a3f2b23) sw      gp, 1718(t5)
core   0: 3 0x8000a94e (0x6a3f2b23) mem 0x80010000 0x00000001
core   0: 0x8000a952 (0x0000bfe5) c.j     pc - 8
core   0: 3 0x8000a952 (0xbfe5)
core   0: 0x8000a94a (0x00005f17) auipc   t5, 0x5
core   0: 3 0x8000a94a (0x00005f17) x30 0x8000f94a
core   0: 0x8000a94e (0x6a3f2b23) sw      gp, 1718(t5)
core   0: 3 0x8000a94e (0x6a3f2b23) mem 0x80010000 0x00000001
core   0: 0x8000a952 (0x0000bfe5) c.j     pc - 8
core   0: 3 0x8000a952 (0xbfe5)
core   0: 0x8000a94a (0x00005f17) auipc   t5, 0x5
core   0: 3 0x8000a94a (0x00005f17) x30 0x8000f94a
core   0: 0x8000a94e (0x6a3f2b23) sw      gp, 1718(t5)
core   0: 3 0x8000a94e (0x6a3f2b23) mem 0x80010000 0x00000001
core   0: 0x8000a952 (0x0000bfe5) c.j     pc - 8
core   0: 3 0x8000a952 (0xbfe5)
core   0: 0x8000a94a (0x00005f17) auipc   t5, 0x5
core   0: 3 0x8000a94a (0x00005f17) x30 0x8000f94a
core   0: 0x8000a94e (0x6a3f2b23) sw      gp, 1718(t5)
core   0: 3 0x8000a94e (0x6a3f2b23) mem 0x80010000 0x00000001
core   0: 0x8000a952 (0x0000bfe5) c.j     pc - 8
core   0: 3 0x8000a952 (0xbfe5)
core   0: 0x8000a94a (0x00005f17) auipc   t5, 0x5
core   0: 3 0x8000a94a (0x00005f17) x30 0x8000f94a
core   0: 0x8000a94e (0x6a3f2b23) sw      gp, 1718(t5)
core   0: 3 0x8000a94e (0x6a3f2b23) mem 0x80010000 0x00000001
core   0: 0x8000a952 (0x0000bfe5) c.j     pc - 8
core   0: 3 0x8000a952 (0xbfe5)
core   0: 0x8000a94a (0x00005f17) auipc   t5, 0x5
core   0: 3 0x8000a94a (0x00005f17) x30 0x8000f94a
core   0: 0x8000a94e (0x6a3f2b23) sw      gp, 1718(t5)
core   0: 3 0x8000a94e (0x6a3f2b23) mem 0x80010000 0x00000001
core   0: 0x8000a952 (0x0000bfe5) c.j     pc - 8
core   0: 3 0x8000a952 (0xbfe5)
core   0: 0x8000a94a (0x00005f17) auipc   t5, 0x5
core   0: 3 0x8000a94a (0x00005f17) x30 0x8000f94a
core   0: 0x8000a94e (0x6a3f2b23) sw      gp, 1718(t5)
core   0: 3 0x8000a94e (0x6a3f2b23) mem 0x80010000 0x00000001
core   0: 0x8000a952 (0x0000bfe5) c.j     pc - 8
core   0: 3 0x8000a952 (0xbfe5)
core   0: 0x8000a94a (0x00005f17) auipc   t5, 0x5
core   0: 3 0x8000a94a (0x00005f17) x30 0x8000f94a
core   0: 0x8000a94e (0x6a3f2b23) sw      gp, 1718(t5)
core   0: 3 0x8000a94e (0x6a3f2b23) mem 0x80010000 0x00000001
core   0: 0x8000a952 (0x0000bfe5) c.j     pc - 8
core   0: 3 0x8000a952 (0xbfe5)
core   0: 0x8000a94a (0x00005f17) auipc   t5, 0x5
core   0: 3 0x8000a94a (0x00005f17) x30 0x8000f94a
core   0: 0x8000a94e (0x6a3f2b23) sw      gp, 1718(t5)
core   0: 3 0x8000a94e (0x6a3f2b23) mem 0x80010000 0x00000001
core   0: 0x8000a952 (0x0000bfe5) c.j     pc - 8
core   0: 3 0x8000a952 (0xbfe5)
core   0: 0x8000a94a (0x00005f17) auipc   t5, 0x5
core   0: 3 0x8000a94a (0x00005f17) x30 0x8000f94a
core   0: 0x8000a94e (0x6a3f2b23) sw      gp, 1718(t5)
core   0: 3 0x8000a94e (0x6a3f2b23) mem 0x80010000 0x00000001
core   0: 0x8000a952 (0x0000bfe5) c.j     pc - 8
core   0: 3 0x8000a952 (0xbfe5)
core   0: 0x8000a94a (0x00005f17) auipc   t5, 0x5
core   0: 3 0x8000a94a (0x00005f17) x30 0x8000f94a
core   0: 0x8000a94e (0x6a3f2b23) sw      gp, 1718(t5)
core   0: 3 0x8000a94e (0x6a3f2b23) mem 0x80010000 0x00000001
core   0: 0x8000a952 (0x0000bfe5) c.j     pc - 8
core   0: 3 0x8000a952 (0xbfe5)
core   0: 0x8000a94a (0x00005f17) auipc   t5, 0x5
core   0: 3 0x8000a94a (0x00005f17) x30 0x8000f94a
core   0: 0x8000a94e (0x6a3f2b23) sw      gp, 1718(t5)
core   0: 3 0x8000a94e (0x6a3f2b23) mem 0x80010000 0x00000001
core   0: 0x8000a952 (0x0000bfe5) c.j     pc - 8
core   0: 3 0x8000a952 (0xbfe5)
core   0: 0x8000a94a (0x00005f17) auipc   t5, 0x5
core   0: 3 0x8000a94a (0x00005f17) x30 0x8000f94a
core   0: 0x8000a94e (0x6a3f2b23) sw      gp, 1718(t5)
core   0: 3 0x8000a94e (0x6a3f2b23) mem 0x80010000 0x00000001
core   0: 0x8000a952 (0x0000bfe5) c.j     pc - 8
core   0: 3 0x8000a952 (0xbfe5)
core   0: 0x8000a94a (0x00005f17) auipc   t5, 0x5
core   0: 3 0x8000a94a (0x00005f17) x30 0x8000f94a
core   0: 0x8000a94e (0x6a3f2b23) sw      gp, 1718(t5)
core   0: 3 0x8000a94e (0x6a3f2b23) mem 0x80010000 0x00000001
core   0: 0x8000a952 (0x0000bfe5) c.j     pc - 8
core   0: 3 0x8000a952 (0xbfe5)
core   0: 0x8000a94a (0x00005f17) auipc   t5, 0x5
core   0: 3 0x8000a94a (0x00005f17) x30 0x8000f94a
core   0: 0x8000a94e (0x6a3f2b23) sw      gp, 1718(t5)
core   0: 3 0x8000a94e (0x6a3f2b23) mem 0x80010000 0x00000001
core   0: 0x8000a952 (0x0000bfe5) c.j     pc - 8
core   0: 3 0x8000a952 (0xbfe5)
core   0: 0x8000a94a (0x00005f17) auipc   t5, 0x5
core   0: 3 0x8000a94a (0x00005f17) x30 0x8000f94a
core   0: 0x8000a94e (0x6a3f2b23) sw      gp, 1718(t5)
core   0: 3 0x8000a94e (0x6a3f2b23) mem 0x80010000 0x00000001
core   0: 0x8000a952 (0x0000bfe5) c.j     pc - 8
core   0: 3 0x8000a952 (0xbfe5)
core   0: 0x8000a94a (0x00005f17) auipc   t5, 0x5
core   0: 3 0x8000a94a (0x00005f17) x30 0x8000f94a
core   0: 0x8000a94e (0x6a3f2b23) sw      gp, 1718(t5)
core   0: 3 0x8000a94e (0x6a3f2b23) mem 0x80010000 0x00000001
core   0: 0x8000a952 (0x0000bfe5) c.j     pc - 8
core   0: 3 0x8000a952 (0xbfe5)
core   0: 0x8000a94a (0x00005f17) auipc   t5, 0x5
core   0: 3 0x8000a94a (0x00005f17) x30 0x8000f94a
core   0: 0x8000a94e (0x6a3f2b23) sw      gp, 1718(t5)
core   0: 3 0x8000a94e (0x6a3f2b23) mem 0x80010000 0x00000001
core   0: 0x8000a952 (0x0000bfe5) c.j     pc - 8
core   0: 3 0x8000a952 (0xbfe5)
core   0: 0x8000a94a (0x00005f17) auipc   t5, 0x5
core   0: 3 0x8000a94a (0x00005f17) x30 0x8000f94a
core   0: 0x8000a94e (0x6a3f2b23) sw      gp, 1718(t5)
core   0: 3 0x8000a94e (0x6a3f2b23) mem 0x80010000 0x00000001
core   0: 0x8000a952 (0x0000bfe5) c.j     pc - 8
core   0: 3 0x8000a952 (0xbfe5)
core   0: 0x8000a94a (0x00005f17) auipc   t5, 0x5
core   0: 3 0x8000a94a (0x00005f17) x30 0x8000f94a
core   0: 0x8000a94e (0x6a3f2b23) sw      gp, 1718(t5)
core   0: 3 0x8000a94e (0x6a3f2b23) mem 0x80010000 0x00000001
core   0: 0x8000a952 (0x0000bfe5) c.j     pc - 8
core   0: 3 0x8000a952 (0xbfe5)
core   0: 0x8000a94a (0x00005f17) auipc   t5, 0x5
core   0: 3 0x8000a94a (0x00005f17) x30 0x8000f94a
core   0: 0x8000a94e (0x6a3f2b23) sw      gp, 1718(t5)
core   0: 3 0x8000a94e (0x6a3f2b23) mem 0x80010000 0x00000001
core   0: 0x8000a952 (0x0000bfe5) c.j     pc - 8
core   0: 3 0x8000a952 (0xbfe5)
core   0: 0x8000a94a (0x00005f17) auipc   t5, 0x5
core   0: 3 0x8000a94a (0x00005f17) x30 0x8000f94a
core   0: 0x8000a94e (0x6a3f2b23) sw      gp, 1718(t5)
core   0: 3 0x8000a94e (0x6a3f2b23) mem 0x80010000 0x00000001
core   0: 0x8000a952 (0x0000bfe5) c.j     pc - 8
core   0: 3 0x8000a952 (0xbfe5)
core   0: 0x8000a94a (0x00005f17) auipc   t5, 0x5
core   0: 3 0x8000a94a (0x00005f17) x30 0x8000f94a
core   0: 0x8000a94e (0x6a3f2b23) sw      gp, 1718(t5)
core   0: 3 0x8000a94e (0x6a3f2b23) mem 0x80010000 0x00000001
core   0: 0x8000a952 (0x0000bfe5) c.j     pc - 8
core   0: 3 0x8000a952 (0xbfe5)
core   0: 0x8000a94a (0x00005f17) auipc   t5, 0x5
core   0: 3 0x8000a94a (0x00005f17) x30 0x8000f94a
core   0: 0x8000a94e (0x6a3f2b23) sw      gp, 1718(t5)
core   0: 3 0x8000a94e (0x6a3f2b23) mem 0x80010000 0x00000001
core   0: 0x8000a952 (0x0000bfe5) c.j     pc - 8
core   0: 3 0x8000a952 (0xbfe5)
core   0: 0x8000a94a (0x00005f17) auipc   t5, 0x5
core   0: 3 0x8000a94a (0x00005f17) x30 0x8000f94a
core   0: 0x8000a94e (0x6a3f2b23) sw      gp, 1718(t5)
core   0: 3 0x8000a94e (0x6a3f2b23) mem 0x80010000 0x00000001
core   0: 0x8000a952 (0x0000bfe5) c.j     pc - 8
core   0: 3 0x8000a952 (0xbfe5)
core   0: 0x8000a94a (0x00005f17) auipc   t5, 0x5
core   0: 3 0x8000a94a (0x00005f17) x30 0x8000f94a
core   0: 0x8000a94e (0x6a3f2b23) sw      gp, 1718(t5)
core   0: 3 0x8000a94e (0x6a3f2b23) mem 0x80010000 0x00000001
core   0: 0x8000a952 (0x0000bfe5) c.j     pc - 8
core   0: 3 0x8000a952 (0xbfe5)
core   0: 0x8000a94a (0x00005f17) auipc   t5, 0x5
core   0: 3 0x8000a94a (0x00005f17) x30 0x8000f94a
core   0: 0x8000a94e (0x6a3f2b23) sw      gp, 1718(t5)
core   0: 3 0x8000a94e (0x6a3f2b23) mem 0x80010000 0x00000001
core   0: 0x8000a952 (0x0000bfe5) c.j     pc - 8
core   0: 3 0x8000a952 (0xbfe5)
core   0: 0x8000a94a (0x00005f17) auipc   t5, 0x5
core   0: 3 0x8000a94a (0x00005f17) x30 0x8000f94a
core   0: 0x8000a94e (0x6a3f2b23) sw      gp, 1718(t5)
core   0: 3 0x8000a94e (0x6a3f2b23) mem 0x80010000 0x00000001
core   0: 0x8000a952 (0x0000bfe5) c.j     pc - 8
core   0: 3 0x8000a952 (0xbfe5)
core   0: 0x8000a94a (0x00005f17) auipc   t5, 0x5
core   0: 3 0x8000a94a (0x00005f17) x30 0x8000f94a
core   0: 0x8000a94e (0x6a3f2b23) sw      gp, 1718(t5)
core   0: 3 0x8000a94e (0x6a3f2b23) mem 0x80010000 0x00000001
core   0: 0x8000a952 (0x0000bfe5) c.j     pc - 8
core   0: 3 0x8000a952 (0xbfe5)
core   0: 0x8000a94a (0x00005f17) auipc   t5, 0x5
core   0: 3 0x8000a94a (0x00005f17) x30 0x8000f94a
core   0: 0x8000a94e (0x6a3f2b23) sw      gp, 1718(t5)
core   0: 3 0x8000a94e (0x6a3f2b23) mem 0x80010000 0x00000001
core   0: 0x8000a952 (0x0000bfe5) c.j     pc - 8
core   0: 3 0x8000a952 (0xbfe5)
core   0: 0x8000a94a (0x00005f17) auipc   t5, 0x5
core   0: 3 0x8000a94a (0x00005f17) x30 0x8000f94a
core   0: 0x8000a94e (0x6a3f2b23) sw      gp, 1718(t5)
core   0: 3 0x8000a94e (0x6a3f2b23) mem 0x80010000 0x00000001
core   0: 0x8000a952 (0x0000bfe5) c.j     pc - 8
core   0: 3 0x8000a952 (0xbfe5)
core   0: 0x8000a94a (0x00005f17) auipc   t5, 0x5
core   0: 3 0x8000a94a (0x00005f17) x30 0x8000f94a
core   0: 0x8000a94e (0x6a3f2b23) sw      gp, 1718(t5)
core   0: 3 0x8000a94e (0x6a3f2b23) mem 0x80010000 0x00000001
core   0: 0x8000a952 (0x0000bfe5) c.j     pc - 8
core   0: 3 0x8000a952 (0xbfe5)
core   0: 0x8000a94a (0x00005f17) auipc   t5, 0x5
core   0: 3 0x8000a94a (0x00005f17) x30 0x8000f94a
core   0: 0x8000a94e (0x6a3f2b23) sw      gp, 1718(t5)
core   0: 3 0x8000a94e (0x6a3f2b23) mem 0x80010000 0x00000001
core   0: 0x8000a952 (0x0000bfe5) c.j     pc - 8
core   0: 3 0x8000a952 (0xbfe5)
core   0: 0x8000a94a (0x00005f17) auipc   t5, 0x5
core   0: 3 0x8000a94a (0x00005f17) x30 0x8000f94a
core   0: 0x8000a94e (0x6a3f2b23) sw      gp, 1718(t5)
core   0: 3 0x8000a94e (0x6a3f2b23) mem 0x80010000 0x00000001
core   0: 0x8000a952 (0x0000bfe5) c.j     pc - 8
core   0: 3 0x8000a952 (0xbfe5)
core   0: 0x8000a94a (0x00005f17) auipc   t5, 0x5
core   0: 3 0x8000a94a (0x00005f17) x30 0x8000f94a
core   0: 0x8000a94e (0x6a3f2b23) sw      gp, 1718(t5)
core   0: 3 0x8000a94e (0x6a3f2b23) mem 0x80010000 0x00000001
core   0: 0x8000a952 (0x0000bfe5) c.j     pc - 8
core   0: 3 0x8000a952 (0xbfe5)
core   0: 0x8000a94a (0x00005f17) auipc   t5, 0x5
core   0: 3 0x8000a94a (0x00005f17) x30 0x8000f94a
core   0: 0x8000a94e (0x6a3f2b23) sw      gp, 1718(t5)
core   0: 3 0x8000a94e (0x6a3f2b23) mem 0x80010000 0x00000001
core   0: 0x8000a952 (0x0000bfe5) c.j     pc - 8
core   0: 3 0x8000a952 (0xbfe5)
core   0: 0x8000a94a (0x00005f17) auipc   t5, 0x5
core   0: 3 0x8000a94a (0x00005f17) x30 0x8000f94a
core   0: 0x8000a94e (0x6a3f2b23) sw      gp, 1718(t5)
core   0: 3 0x8000a94e (0x6a3f2b23) mem 0x80010000 0x00000001
core   0: 0x8000a952 (0x0000bfe5) c.j     pc - 8
core   0: 3 0x8000a952 (0xbfe5)
core   0: 0x8000a94a (0x00005f17) auipc   t5, 0x5
core   0: 3 0x8000a94a (0x00005f17) x30 0x8000f94a
core   0: 0x8000a94e (0x6a3f2b23) sw      gp, 1718(t5)
core   0: 3 0x8000a94e (0x6a3f2b23) mem 0x80010000 0x00000001
core   0: 0x8000a952 (0x0000bfe5) c.j     pc - 8
core   0: 3 0x8000a952 (0xbfe5)
core   0: 0x8000a94a (0x00005f17) auipc   t5, 0x5
core   0: 3 0x8000a94a (0x00005f17) x30 0x8000f94a
core   0: 0x8000a94e (0x6a3f2b23) sw      gp, 1718(t5)
core   0: 3 0x8000a94e (0x6a3f2b23) mem 0x80010000 0x00000001
core   0: 0x8000a952 (0x0000bfe5) c.j     pc - 8
core   0: 3 0x8000a952 (0xbfe5)
core   0: 0x8000a94a (0x00005f17) auipc   t5, 0x5
core   0: 3 0x8000a94a (0x00005f17) x30 0x8000f94a
core   0: 0x8000a94e (0x6a3f2b23) sw      gp, 1718(t5)
core   0: 3 0x8000a94e (0x6a3f2b23) mem 0x80010000 0x00000001
core   0: 0x8000a952 (0x0000bfe5) c.j     pc - 8
core   0: 3 0x8000a952 (0xbfe5)
core   0: 0x8000a94a (0x00005f17) auipc   t5, 0x5
core   0: 3 0x8000a94a (0x00005f17) x30 0x8000f94a
core   0: 0x8000a94e (0x6a3f2b23) sw      gp, 1718(t5)
core   0: 3 0x8000a94e (0x6a3f2b23) mem 0x80010000 0x00000001
core   0: 0x8000a952 (0x0000bfe5) c.j     pc - 8
core   0: 3 0x8000a952 (0xbfe5)
core   0: 0x8000a94a (0x00005f17) auipc   t5, 0x5
core   0: 3 0x8000a94a (0x00005f17) x30 0x8000f94a
core   0: 0x8000a94e (0x6a3f2b23) sw      gp, 1718(t5)
core   0: 3 0x8000a94e (0x6a3f2b23) mem 0x80010000 0x00000001
core   0: 0x8000a952 (0x0000bfe5) c.j     pc - 8
core   0: 3 0x8000a952 (0xbfe5)
core   0: 0x8000a94a (0x00005f17) auipc   t5, 0x5
core   0: 3 0x8000a94a (0x00005f17) x30 0x8000f94a
core   0: 0x8000a94e (0x6a3f2b23) sw      gp, 1718(t5)
core   0: 3 0x8000a94e (0x6a3f2b23) mem 0x80010000 0x00000001
core   0: 0x8000a952 (0x0000bfe5) c.j     pc - 8
core   0: 3 0x8000a952 (0xbfe5)
core   0: 0x8000a94a (0x00005f17) auipc   t5, 0x5
core   0: 3 0x8000a94a (0x00005f17) x30 0x8000f94a
core   0: 0x8000a94e (0x6a3f2b23) sw      gp, 1718(t5)
core   0: 3 0x8000a94e (0x6a3f2b23) mem 0x80010000 0x00000001
core   0: 0x8000a952 (0x0000bfe5) c.j     pc - 8
core   0: 3 0x8000a952 (0xbfe5)
core   0: 0x8000a94a (0x00005f17) auipc   t5, 0x5
core   0: 3 0x8000a94a (0x00005f17) x30 0x8000f94a
core   0: 0x8000a94e (0x6a3f2b23) sw      gp, 1718(t5)
core   0: 3 0x8000a94e (0x6a3f2b23) mem 0x80010000 0x00000001
core   0: 0x8000a952 (0x0000bfe5) c.j     pc - 8
core   0: 3 0x8000a952 (0xbfe5)
core   0: 0x8000a94a (0x00005f17) auipc   t5, 0x5
core   0: 3 0x8000a94a (0x00005f17) x30 0x8000f94a
core   0: 0x8000a94e (0x6a3f2b23) sw      gp, 1718(t5)
core   0: 3 0x8000a94e (0x6a3f2b23) mem 0x80010000 0x00000001
core   0: 0x8000a952 (0x0000bfe5) c.j     pc - 8
core   0: 3 0x8000a952 (0xbfe5)
core   0: 0x8000a94a (0x00005f17) auipc   t5, 0x5
core   0: 3 0x8000a94a (0x00005f17) x30 0x8000f94a
core   0: 0x8000a94e (0x6a3f2b23) sw      gp, 1718(t5)
core   0: 3 0x8000a94e (0x6a3f2b23) mem 0x80010000 0x00000001
core   0: 0x8000a952 (0x0000bfe5) c.j     pc - 8
core   0: 3 0x8000a952 (0xbfe5)
core   0: 0x8000a94a (0x00005f17) auipc   t5, 0x5
core   0: 3 0x8000a94a (0x00005f17) x30 0x8000f94a
core   0: 0x8000a94e (0x6a3f2b23) sw      gp, 1718(t5)
core   0: 3 0x8000a94e (0x6a3f2b23) mem 0x80010000 0x00000001
core   0: 0x8000a952 (0x0000bfe5) c.j     pc - 8
core   0: 3 0x8000a952 (0xbfe5)
core   0: 0x8000a94a (0x00005f17) auipc   t5, 0x5
core   0: 3 0x8000a94a (0x00005f17) x30 0x8000f94a
core   0: 0x8000a94e (0x6a3f2b23) sw      gp, 1718(t5)
core   0: 3 0x8000a94e (0x6a3f2b23) mem 0x80010000 0x00000001
core   0: 0x8000a952 (0x0000bfe5) c.j     pc - 8
core   0: 3 0x8000a952 (0xbfe5)
core   0: 0x8000a94a (0x00005f17) auipc   t5, 0x5
core   0: 3 0x8000a94a (0x00005f17) x30 0x8000f94a
core   0: 0x8000a94e (0x6a3f2b23) sw      gp, 1718(t5)
core   0: 3 0x8000a94e (0x6a3f2b23) mem 0x80010000 0x00000001
core   0: 0x8000a952 (0x0000bfe5) c.j     pc - 8
core   0: 3 0x8000a952 (0xbfe5)
core   0: 0x8000a94a (0x00005f17) auipc   t5, 0x5
core   0: 3 0x8000a94a (0x00005f17) x30 0x8000f94a
core   0: 0x8000a94e (0x6a3f2b23) sw      gp, 1718(t5)
core   0: 3 0x8000a94e (0x6a3f2b23) mem 0x80010000 0x00000001
core   0: 0x8000a952 (0x0000bfe5) c.j     pc - 8
core   0: 3 0x8000a952 (0xbfe5)
core   0: 0x8000a94a (0x00005f17) auipc   t5, 0x5
core   0: 3 0x8000a94a (0x00005f17) x30 0x8000f94a
core   0: 0x8000a94e (0x6a3f2b23) sw      gp, 1718(t5)
core   0: 3 0x8000a94e (0x6a3f2b23) mem 0x80010000 0x00000001
core   0: 0x8000a952 (0x0000bfe5) c.j     pc - 8
core   0: 3 0x8000a952 (0xbfe5)
core   0: 0x8000a94a (0x00005f17) auipc   t5, 0x5
core   0: 3 0x8000a94a (0x00005f17) x30 0x8000f94a
core   0: 0x8000a94e (0x6a3f2b23) sw      gp, 1718(t5)
core   0: 3 0x8000a94e (0x6a3f2b23) mem 0x80010000 0x00000001
core   0: 0x8000a952 (0x0000bfe5) c.j     pc - 8
core   0: 3 0x8000a952 (0xbfe5)
core   0: 0x8000a94a (0x00005f17) auipc   t5, 0x5
core   0: 3 0x8000a94a (0x00005f17) x30 0x8000f94a
core   0: 0x8000a94e (0x6a3f2b23) sw      gp, 1718(t5)
core   0: 3 0x8000a94e (0x6a3f2b23) mem 0x80010000 0x00000001
core   0: 0x8000a952 (0x0000bfe5) c.j     pc - 8
core   0: 3 0x8000a952 (0xbfe5)
core   0: 0x8000a94a (0x00005f17) auipc   t5, 0x5
core   0: 3 0x8000a94a (0x00005f17) x30 0x8000f94a
core   0: 0x8000a94e (0x6a3f2b23) sw      gp, 1718(t5)
core   0: 3 0x8000a94e (0x6a3f2b23) mem 0x80010000 0x00000001
core   0: 0x8000a952 (0x0000bfe5) c.j     pc - 8
core   0: 3 0x8000a952 (0xbfe5)
core   0: 0x8000a94a (0x00005f17) auipc   t5, 0x5
core   0: 3 0x8000a94a (0x00005f17) x30 0x8000f94a
core   0: 0x8000a94e (0x6a3f2b23) sw      gp, 1718(t5)
core   0: 3 0x8000a94e (0x6a3f2b23) mem 0x80010000 0x00000001
core   0: 0x8000a952 (0x0000bfe5) c.j     pc - 8
core   0: 3 0x8000a952 (0xbfe5)
core   0: 0x8000a94a (0x00005f17) auipc   t5, 0x5
core   0: 3 0x8000a94a (0x00005f17) x30 0x8000f94a
core   0: 0x8000a94e (0x6a3f2b23) sw      gp, 1718(t5)
core   0: 3 0x8000a94e (0x6a3f2b23) mem 0x80010000 0x00000001
core   0: 0x8000a952 (0x0000bfe5) c.j     pc - 8
core   0: 3 0x8000a952 (0xbfe5)
core   0: 0x8000a94a (0x00005f17) auipc   t5, 0x5
core   0: 3 0x8000a94a (0x00005f17) x30 0x8000f94a
core   0: 0x8000a94e (0x6a3f2b23) sw      gp, 1718(t5)
core   0: 3 0x8000a94e (0x6a3f2b23) mem 0x80010000 0x00000001
core   0: 0x8000a952 (0x0000bfe5) c.j     pc - 8
core   0: 3 0x8000a952 (0xbfe5)
core   0: 0x8000a94a (0x00005f17) auipc   t5, 0x5
core   0: 3 0x8000a94a (0x00005f17) x30 0x8000f94a
core   0: 0x8000a94e (0x6a3f2b23) sw      gp, 1718(t5)
core   0: 3 0x8000a94e (0x6a3f2b23) mem 0x80010000 0x00000001
core   0: 0x8000a952 (0x0000bfe5) c.j     pc - 8
core   0: 3 0x8000a952 (0xbfe5)
core   0: 0x8000a94a (0x00005f17) auipc   t5, 0x5
core   0: 3 0x8000a94a (0x00005f17) x30 0x8000f94a
core   0: 0x8000a94e (0x6a3f2b23) sw      gp, 1718(t5)
core   0: 3 0x8000a94e (0x6a3f2b23) mem 0x80010000 0x00000001
core   0: 0x8000a952 (0x0000bfe5) c.j     pc - 8
core   0: 3 0x8000a952 (0xbfe5)
core   0: 0x8000a94a (0x00005f17) auipc   t5, 0x5
core   0: 3 0x8000a94a (0x00005f17) x30 0x8000f94a
core   0: 0x8000a94e (0x6a3f2b23) sw      gp, 1718(t5)
core   0: 3 0x8000a94e (0x6a3f2b23) mem 0x80010000 0x00000001
core   0: 0x8000a952 (0x0000bfe5) c.j     pc - 8
core   0: 3 0x8000a952 (0xbfe5)
core   0: 0x8000a94a (0x00005f17) auipc   t5, 0x5
core   0: 3 0x8000a94a (0x00005f17) x30 0x8000f94a
core   0: 0x8000a94e (0x6a3f2b23) sw      gp, 1718(t5)
core   0: 3 0x8000a94e (0x6a3f2b23) mem 0x80010000 0x00000001
core   0: 0x8000a952 (0x0000bfe5) c.j     pc - 8
core   0: 3 0x8000a952 (0xbfe5)
core   0: 0x8000a94a (0x00005f17) auipc   t5, 0x5
core   0: 3 0x8000a94a (0x00005f17) x30 0x8000f94a
core   0: 0x8000a94e (0x6a3f2b23) sw      gp, 1718(t5)
core   0: 3 0x8000a94e (0x6a3f2b23) mem 0x80010000 0x00000001
core   0: 0x8000a952 (0x0000bfe5) c.j     pc - 8
core   0: 3 0x8000a952 (0xbfe5)
core   0: 0x8000a94a (0x00005f17) auipc   t5, 0x5
core   0: 3 0x8000a94a (0x00005f17) x30 0x8000f94a
core   0: 0x8000a94e (0x6a3f2b23) sw      gp, 1718(t5)
core   0: 3 0x8000a94e (0x6a3f2b23) mem 0x80010000 0x00000001
core   0: 0x8000a952 (0x0000bfe5) c.j     pc - 8
core   0: 3 0x8000a952 (0xbfe5)
core   0: 0x8000a94a (0x00005f17) auipc   t5, 0x5
core   0: 3 0x8000a94a (0x00005f17) x30 0x8000f94a
core   0: 0x8000a94e (0x6a3f2b23) sw      gp, 1718(t5)
core   0: 3 0x8000a94e (0x6a3f2b23) mem 0x80010000 0x00000001
core   0: 0x8000a952 (0x0000bfe5) c.j     pc - 8
core   0: 3 0x8000a952 (0xbfe5)
core   0: 0x8000a94a (0x00005f17) auipc   t5, 0x5
core   0: 3 0x8000a94a (0x00005f17) x30 0x8000f94a
core   0: 0x8000a94e (0x6a3f2b23) sw      gp, 1718(t5)
core   0: 3 0x8000a94e (0x6a3f2b23) mem 0x80010000 0x00000001
core   0: 0x8000a952 (0x0000bfe5) c.j     pc - 8
core   0: 3 0x8000a952 (0xbfe5)
core   0: 0x8000a94a (0x00005f17) auipc   t5, 0x5
core   0: 3 0x8000a94a (0x00005f17) x30 0x8000f94a
core   0: 0x8000a94e (0x6a3f2b23) sw      gp, 1718(t5)
core   0: 3 0x8000a94e (0x6a3f2b23) mem 0x80010000 0x00000001
core   0: 0x8000a952 (0x0000bfe5) c.j     pc - 8
core   0: 3 0x8000a952 (0xbfe5)
core   0: 0x8000a94a (0x00005f17) auipc   t5, 0x5
core   0: 3 0x8000a94a (0x00005f17) x30 0x8000f94a
core   0: 0x8000a94e (0x6a3f2b23) sw      gp, 1718(t5)
core   0: 3 0x8000a94e (0x6a3f2b23) mem 0x80010000 0x00000001
core   0: 0x8000a952 (0x0000bfe5) c.j     pc - 8
core   0: 3 0x8000a952 (0xbfe5)
core   0: 0x8000a94a (0x00005f17) auipc   t5, 0x5
core   0: 3 0x8000a94a (0x00005f17) x30 0x8000f94a
core   0: 0x8000a94e (0x6a3f2b23) sw      gp, 1718(t5)
core   0: 3 0x8000a94e (0x6a3f2b23) mem 0x80010000 0x00000001
core   0: 0x8000a952 (0x0000bfe5) c.j     pc - 8
core   0: 3 0x8000a952 (0xbfe5)
core   0: 0x8000a94a (0x00005f17) auipc   t5, 0x5
core   0: 3 0x8000a94a (0x00005f17) x30 0x8000f94a
core   0: 0x8000a94e (0x6a3f2b23) sw      gp, 1718(t5)
core   0: 3 0x8000a94e (0x6a3f2b23) mem 0x80010000 0x00000001
core   0: 0x8000a952 (0x0000bfe5) c.j     pc - 8
core   0: 3 0x8000a952 (0xbfe5)
core   0: 0x8000a94a (0x00005f17) auipc   t5, 0x5
core   0: 3 0x8000a94a (0x00005f17) x30 0x8000f94a
core   0: 0x8000a94e (0x6a3f2b23) sw      gp, 1718(t5)
core   0: 3 0x8000a94e (0x6a3f2b23) mem 0x80010000 0x00000001
core   0: 0x8000a952 (0x0000bfe5) c.j     pc - 8
core   0: 3 0x8000a952 (0xbfe5)
core   0: 0x8000a94a (0x00005f17) auipc   t5, 0x5
core   0: 3 0x8000a94a (0x00005f17) x30 0x8000f94a
core   0: 0x8000a94e (0x6a3f2b23) sw      gp, 1718(t5)
core   0: 3 0x8000a94e (0x6a3f2b23) mem 0x80010000 0x00000001
core   0: 0x8000a952 (0x0000bfe5) c.j     pc - 8
core   0: 3 0x8000a952 (0xbfe5)
core   0: 0x8000a94a (0x00005f17) auipc   t5, 0x5
core   0: 3 0x8000a94a (0x00005f17) x30 0x8000f94a
core   0: 0x8000a94e (0x6a3f2b23) sw      gp, 1718(t5)
core   0: 3 0x8000a94e (0x6a3f2b23) mem 0x80010000 0x00000001
core   0: 0x8000a952 (0x0000bfe5) c.j     pc - 8
core   0: 3 0x8000a952 (0xbfe5)
core   0: 0x8000a94a (0x00005f17) auipc   t5, 0x5
core   0: 3 0x8000a94a (0x00005f17) x30 0x8000f94a
core   0: 0x8000a94e (0x6a3f2b23) sw      gp, 1718(t5)
core   0: 3 0x8000a94e (0x6a3f2b23) mem 0x80010000 0x00000001
core   0: 0x8000a952 (0x0000bfe5) c.j     pc - 8
core   0: 3 0x8000a952 (0xbfe5)
core   0: 0x8000a94a (0x00005f17) auipc   t5, 0x5
core   0: 3 0x8000a94a (0x00005f17) x30 0x8000f94a
core   0: 0x8000a94e (0x6a3f2b23) sw      gp, 1718(t5)
core   0: 3 0x8000a94e (0x6a3f2b23) mem 0x80010000 0x00000001
core   0: 0x8000a952 (0x0000bfe5) c.j     pc - 8
core   0: 3 0x8000a952 (0xbfe5)
core   0: 0x8000a94a (0x00005f17) auipc   t5, 0x5
core   0: 3 0x8000a94a (0x00005f17) x30 0x8000f94a
core   0: 0x8000a94e (0x6a3f2b23) sw      gp, 1718(t5)
core   0: 3 0x8000a94e (0x6a3f2b23) mem 0x80010000 0x00000001
core   0: 0x8000a952 (0x0000bfe5) c.j     pc - 8
core   0: 3 0x8000a952 (0xbfe5)
core   0: 0x8000a94a (0x00005f17) auipc   t5, 0x5
core   0: 3 0x8000a94a (0x00005f17) x30 0x8000f94a
core   0: 0x8000a94e (0x6a3f2b23) sw      gp, 1718(t5)
core   0: 3 0x8000a94e (0x6a3f2b23) mem 0x80010000 0x00000001
core   0: 0x8000a952 (0x0000bfe5) c.j     pc - 8
core   0: 3 0x8000a952 (0xbfe5)
core   0: 0x8000a94a (0x00005f17) auipc   t5, 0x5
core   0: 3 0x8000a94a (0x00005f17) x30 0x8000f94a
core   0: 0x8000a94e (0x6a3f2b23) sw      gp, 1718(t5)
core   0: 3 0x8000a94e (0x6a3f2b23) mem 0x80010000 0x00000001
core   0: 0x8000a952 (0x0000bfe5) c.j     pc - 8
core   0: 3 0x8000a952 (0xbfe5)
core   0: 0x8000a94a (0x00005f17) auipc   t5, 0x5
core   0: 3 0x8000a94a (0x00005f17) x30 0x8000f94a
core   0: 0x8000a94e (0x6a3f2b23) sw      gp, 1718(t5)
core   0: 3 0x8000a94e (0x6a3f2b23) mem 0x80010000 0x00000001
core   0: 0x8000a952 (0x0000bfe5) c.j     pc - 8
core   0: 3 0x8000a952 (0xbfe5)
core   0: 0x8000a94a (0x00005f17) auipc   t5, 0x5
core   0: 3 0x8000a94a (0x00005f17) x30 0x8000f94a
core   0: 0x8000a94e (0x6a3f2b23) sw      gp, 1718(t5)
core   0: 3 0x8000a94e (0x6a3f2b23) mem 0x80010000 0x00000001
core   0: 0x8000a952 (0x0000bfe5) c.j     pc - 8
core   0: 3 0x8000a952 (0xbfe5)
core   0: 0x8000a94a (0x00005f17) auipc   t5, 0x5
core   0: 3 0x8000a94a (0x00005f17) x30 0x8000f94a
core   0: 0x8000a94e (0x6a3f2b23) sw      gp, 1718(t5)
core   0: 3 0x8000a94e (0x6a3f2b23) mem 0x80010000 0x00000001
core   0: 0x8000a952 (0x0000bfe5) c.j     pc - 8
core   0: 3 0x8000a952 (0xbfe5)
core   0: 0x8000a94a (0x00005f17) auipc   t5, 0x5
core   0: 3 0x8000a94a (0x00005f17) x30 0x8000f94a
core   0: 0x8000a94e (0x6a3f2b23) sw      gp, 1718(t5)
core   0: 3 0x8000a94e (0x6a3f2b23) mem 0x80010000 0x00000001
core   0: 0x8000a952 (0x0000bfe5) c.j     pc - 8
core   0: 3 0x8000a952 (0xbfe5)
core   0: 0x8000a94a (0x00005f17) auipc   t5, 0x5
core   0: 3 0x8000a94a (0x00005f17) x30 0x8000f94a
core   0: 0x8000a94e (0x6a3f2b23) sw      gp, 1718(t5)
core   0: 3 0x8000a94e (0x6a3f2b23) mem 0x80010000 0x00000001
core   0: 0x8000a952 (0x0000bfe5) c.j     pc - 8
core   0: 3 0x8000a952 (0xbfe5)
core   0: 0x8000a94a (0x00005f17) auipc   t5, 0x5
core   0: 3 0x8000a94a (0x00005f17) x30 0x8000f94a
core   0: 0x8000a94e (0x6a3f2b23) sw      gp, 1718(t5)
core   0: 3 0x8000a94e (0x6a3f2b23) mem 0x80010000 0x00000001
core   0: 0x8000a952 (0x0000bfe5) c.j     pc - 8
core   0: 3 0x8000a952 (0xbfe5)
core   0: 0x8000a94a (0x00005f17) auipc   t5, 0x5
core   0: 3 0x8000a94a (0x00005f17) x30 0x8000f94a
core   0: 0x8000a94e (0x6a3f2b23) sw      gp, 1718(t5)
core   0: 3 0x8000a94e (0x6a3f2b23) mem 0x80010000 0x00000001
core   0: 0x8000a952 (0x0000bfe5) c.j     pc - 8
core   0: 3 0x8000a952 (0xbfe5)
core   0: 0x8000a94a (0x00005f17) auipc   t5, 0x5
core   0: 3 0x8000a94a (0x00005f17) x30 0x8000f94a
core   0: 0x8000a94e (0x6a3f2b23) sw      gp, 1718(t5)
core   0: 3 0x8000a94e (0x6a3f2b23) mem 0x80010000 0x00000001
core   0: 0x8000a952 (0x0000bfe5) c.j     pc - 8
core   0: 3 0x8000a952 (0xbfe5)
core   0: 0x8000a94a (0x00005f17) auipc   t5, 0x5
core   0: 3 0x8000a94a (0x00005f17) x30 0x8000f94a
core   0: 0x8000a94e (0x6a3f2b23) sw      gp, 1718(t5)
core   0: 3 0x8000a94e (0x6a3f2b23) mem 0x80010000 0x00000001
core   0: 0x8000a952 (0x0000bfe5) c.j     pc - 8
core   0: 3 0x8000a952 (0xbfe5)
core   0: 0x8000a94a (0x00005f17) auipc   t5, 0x5
core   0: 3 0x8000a94a (0x00005f17) x30 0x8000f94a
core   0: 0x8000a94e (0x6a3f2b23) sw      gp, 1718(t5)
core   0: 3 0x8000a94e (0x6a3f2b23) mem 0x80010000 0x00000001
core   0: 0x8000a952 (0x0000bfe5) c.j     pc - 8
core   0: 3 0x8000a952 (0xbfe5)
core   0: 0x8000a94a (0x00005f17) auipc   t5, 0x5
core   0: 3 0x8000a94a (0x00005f17) x30 0x8000f94a
core   0: 0x8000a94e (0x6a3f2b23) sw      gp, 1718(t5)
core   0: 3 0x8000a94e (0x6a3f2b23) mem 0x80010000 0x00000001
core   0: 0x8000a952 (0x0000bfe5) c.j     pc - 8
core   0: 3 0x8000a952 (0xbfe5)
core   0: 0x8000a94a (0x00005f17) auipc   t5, 0x5
core   0: 3 0x8000a94a (0x00005f17) x30 0x8000f94a
core   0: 0x8000a94e (0x6a3f2b23) sw      gp, 1718(t5)
core   0: 3 0x8000a94e (0x6a3f2b23) mem 0x80010000 0x00000001
core   0: 0x8000a952 (0x0000bfe5) c.j     pc - 8
core   0: 3 0x8000a952 (0xbfe5)
core   0: 0x8000a94a (0x00005f17) auipc   t5, 0x5
core   0: 3 0x8000a94a (0x00005f17) x30 0x8000f94a
core   0: 0x8000a94e (0x6a3f2b23) sw      gp, 1718(t5)
core   0: 3 0x8000a94e (0x6a3f2b23) mem 0x80010000 0x00000001
core   0: 0x8000a952 (0x0000bfe5) c.j     pc - 8
core   0: 3 0x8000a952 (0xbfe5)
core   0: 0x8000a94a (0x00005f17) auipc   t5, 0x5
core   0: 3 0x8000a94a (0x00005f17) x30 0x8000f94a
core   0: 0x8000a94e (0x6a3f2b23) sw      gp, 1718(t5)
core   0: 3 0x8000a94e (0x6a3f2b23) mem 0x80010000 0x00000001
core   0: 0x8000a952 (0x0000bfe5) c.j     pc - 8
core   0: 3 0x8000a952 (0xbfe5)
core   0: 0x8000a94a (0x00005f17) auipc   t5, 0x5
core   0: 3 0x8000a94a (0x00005f17) x30 0x8000f94a
core   0: 0x8000a94e (0x6a3f2b23) sw      gp, 1718(t5)
core   0: 3 0x8000a94e (0x6a3f2b23) mem 0x80010000 0x00000001
core   0: 0x8000a952 (0x0000bfe5) c.j     pc - 8
core   0: 3 0x8000a952 (0xbfe5)
core   0: 0x8000a94a (0x00005f17) auipc   t5, 0x5
core   0: 3 0x8000a94a (0x00005f17) x30 0x8000f94a
core   0: 0x8000a94e (0x6a3f2b23) sw      gp, 1718(t5)
core   0: 3 0x8000a94e (0x6a3f2b23) mem 0x80010000 0x00000001
core   0: 0x8000a952 (0x0000bfe5) c.j     pc - 8
core   0: 3 0x8000a952 (0xbfe5)
core   0: 0x8000a94a (0x00005f17) auipc   t5, 0x5
core   0: 3 0x8000a94a (0x00005f17) x30 0x8000f94a
core   0: 0x8000a94e (0x6a3f2b23) sw      gp, 1718(t5)
core   0: 3 0x8000a94e (0x6a3f2b23) mem 0x80010000 0x00000001
core   0: 0x8000a952 (0x0000bfe5) c.j     pc - 8
core   0: 3 0x8000a952 (0xbfe5)
core   0: 0x8000a94a (0x00005f17) auipc   t5, 0x5
core   0: 3 0x8000a94a (0x00005f17) x30 0x8000f94a
core   0: 0x8000a94e (0x6a3f2b23) sw      gp, 1718(t5)
core   0: 3 0x8000a94e (0x6a3f2b23) mem 0x80010000 0x00000001
core   0: 0x8000a952 (0x0000bfe5) c.j     pc - 8
core   0: 3 0x8000a952 (0xbfe5)
core   0: 0x8000a94a (0x00005f17) auipc   t5, 0x5
core   0: 3 0x8000a94a (0x00005f17) x30 0x8000f94a
core   0: 0x8000a94e (0x6a3f2b23) sw      gp, 1718(t5)
core   0: 3 0x8000a94e (0x6a3f2b23) mem 0x80010000 0x00000001
core   0: 0x8000a952 (0x0000bfe5) c.j     pc - 8
core   0: 3 0x8000a952 (0xbfe5)
core   0: 0x8000a94a (0x00005f17) auipc   t5, 0x5
core   0: 3 0x8000a94a (0x00005f17) x30 0x8000f94a
core   0: 0x8000a94e (0x6a3f2b23) sw      gp, 1718(t5)
core   0: 3 0x8000a94e (0x6a3f2b23) mem 0x80010000 0x00000001
core   0: 0x8000a952 (0x0000bfe5) c.j     pc - 8
core   0: 3 0x8000a952 (0xbfe5)
core   0: 0x8000a94a (0x00005f17) auipc   t5, 0x5
core   0: 3 0x8000a94a (0x00005f17) x30 0x8000f94a
core   0: 0x8000a94e (0x6a3f2b23) sw      gp, 1718(t5)
core   0: 3 0x8000a94e (0x6a3f2b23) mem 0x80010000 0x00000001
core   0: 0x8000a952 (0x0000bfe5) c.j     pc - 8
core   0: 3 0x8000a952 (0xbfe5)
core   0: 0x8000a94a (0x00005f17) auipc   t5, 0x5
core   0: 3 0x8000a94a (0x00005f17) x30 0x8000f94a
core   0: 0x8000a94e (0x6a3f2b23) sw      gp, 1718(t5)
core   0: 3 0x8000a94e (0x6a3f2b23) mem 0x80010000 0x00000001
core   0: 0x8000a952 (0x0000bfe5) c.j     pc - 8
core   0: 3 0x8000a952 (0xbfe5)
core   0: 0x8000a94a (0x00005f17) auipc   t5, 0x5
core   0: 3 0x8000a94a (0x00005f17) x30 0x8000f94a
core   0: 0x8000a94e (0x6a3f2b23) sw      gp, 1718(t5)
core   0: 3 0x8000a94e (0x6a3f2b23) mem 0x80010000 0x00000001
core   0: 0x8000a952 (0x0000bfe5) c.j     pc - 8
core   0: 3 0x8000a952 (0xbfe5)
core   0: 0x8000a94a (0x00005f17) auipc   t5, 0x5
core   0: 3 0x8000a94a (0x00005f17) x30 0x8000f94a
core   0: 0x8000a94e (0x6a3f2b23) sw      gp, 1718(t5)
core   0: 3 0x8000a94e (0x6a3f2b23) mem 0x80010000 0x00000001
core   0: 0x8000a952 (0x0000bfe5) c.j     pc - 8
core   0: 3 0x8000a952 (0xbfe5)
core   0: 0x8000a94a (0x00005f17) auipc   t5, 0x5
core   0: 3 0x8000a94a (0x00005f17) x30 0x8000f94a
core   0: 0x8000a94e (0x6a3f2b23) sw      gp, 1718(t5)
core   0: 3 0x8000a94e (0x6a3f2b23) mem 0x80010000 0x00000001
core   0: 0x8000a952 (0x0000bfe5) c.j     pc - 8
core   0: 3 0x8000a952 (0xbfe5)
core   0: 0x8000a94a (0x00005f17) auipc   t5, 0x5
core   0: 3 0x8000a94a (0x00005f17) x30 0x8000f94a
core   0: 0x8000a94e (0x6a3f2b23) sw      gp, 1718(t5)
core   0: 3 0x8000a94e (0x6a3f2b23) mem 0x80010000 0x00000001
core   0: 0x8000a952 (0x0000bfe5) c.j     pc - 8
core   0: 3 0x8000a952 (0xbfe5)
core   0: 0x8000a94a (0x00005f17) auipc   t5, 0x5
core   0: 3 0x8000a94a (0x00005f17) x30 0x8000f94a
core   0: 0x8000a94e (0x6a3f2b23) sw      gp, 1718(t5)
core   0: 3 0x8000a94e (0x6a3f2b23) mem 0x80010000 0x00000001
core   0: 0x8000a952 (0x0000bfe5) c.j     pc - 8
core   0: 3 0x8000a952 (0xbfe5)
core   0: 0x8000a94a (0x00005f17) auipc   t5, 0x5
core   0: 3 0x8000a94a (0x00005f17) x30 0x8000f94a
core   0: 0x8000a94e (0x6a3f2b23) sw      gp, 1718(t5)
core   0: 3 0x8000a94e (0x6a3f2b23) mem 0x80010000 0x00000001
core   0: 0x8000a952 (0x0000bfe5) c.j     pc - 8
core   0: 3 0x8000a952 (0xbfe5)
core   0: 0x8000a94a (0x00005f17) auipc   t5, 0x5
core   0: 3 0x8000a94a (0x00005f17) x30 0x8000f94a
core   0: 0x8000a94e (0x6a3f2b23) sw      gp, 1718(t5)
core   0: 3 0x8000a94e (0x6a3f2b23) mem 0x80010000 0x00000001
core   0: 0x8000a952 (0x0000bfe5) c.j     pc - 8
core   0: 3 0x8000a952 (0xbfe5)
core   0: 0x8000a94a (0x00005f17) auipc   t5, 0x5
core   0: 3 0x8000a94a (0x00005f17) x30 0x8000f94a
core   0: 0x8000a94e (0x6a3f2b23) sw      gp, 1718(t5)
core   0: 3 0x8000a94e (0x6a3f2b23) mem 0x80010000 0x00000001
core   0: 0x8000a952 (0x0000bfe5) c.j     pc - 8
core   0: 3 0x8000a952 (0xbfe5)
core   0: 0x8000a94a (0x00005f17) auipc   t5, 0x5
core   0: 3 0x8000a94a (0x00005f17) x30 0x8000f94a
core   0: 0x8000a94e (0x6a3f2b23) sw      gp, 1718(t5)
core   0: 3 0x8000a94e (0x6a3f2b23) mem 0x80010000 0x00000001
core   0: 0x8000a952 (0x0000bfe5) c.j     pc - 8
core   0: 3 0x8000a952 (0xbfe5)
core   0: 0x8000a94a (0x00005f17) auipc   t5, 0x5
core   0: 3 0x8000a94a (0x00005f17) x30 0x8000f94a
core   0: 0x8000a94e (0x6a3f2b23) sw      gp, 1718(t5)
core   0: 3 0x8000a94e (0x6a3f2b23) mem 0x80010000 0x00000001
core   0: 0x8000a952 (0x0000bfe5) c.j     pc - 8
core   0: 3 0x8000a952 (0xbfe5)
core   0: 0x8000a94a (0x00005f17) auipc   t5, 0x5
core   0: 3 0x8000a94a (0x00005f17) x30 0x8000f94a
core   0: 0x8000a94e (0x6a3f2b23) sw      gp, 1718(t5)
core   0: 3 0x8000a94e (0x6a3f2b23) mem 0x80010000 0x00000001
core   0: 0x8000a952 (0x0000bfe5) c.j     pc - 8
core   0: 3 0x8000a952 (0xbfe5)
core   0: 0x8000a94a (0x00005f17) auipc   t5, 0x5
core   0: 3 0x8000a94a (0x00005f17) x30 0x8000f94a
core   0: 0x8000a94e (0x6a3f2b23) sw      gp, 1718(t5)
core   0: 3 0x8000a94e (0x6a3f2b23) mem 0x80010000 0x00000001
core   0: 0x8000a952 (0x0000bfe5) c.j     pc - 8
core   0: 3 0x8000a952 (0xbfe5)
core   0: 0x8000a94a (0x00005f17) auipc   t5, 0x5
core   0: 3 0x8000a94a (0x00005f17) x30 0x8000f94a
core   0: 0x8000a94e (0x6a3f2b23) sw      gp, 1718(t5)
core   0: 3 0x8000a94e (0x6a3f2b23) mem 0x80010000 0x00000001
core   0: 0x8000a952 (0x0000bfe5) c.j     pc - 8
core   0: 3 0x8000a952 (0xbfe5)
core   0: 0x8000a94a (0x00005f17) auipc   t5, 0x5
core   0: 3 0x8000a94a (0x00005f17) x30 0x8000f94a
core   0: 0x8000a94e (0x6a3f2b23) sw      gp, 1718(t5)
core   0: 3 0x8000a94e (0x6a3f2b23) mem 0x80010000 0x00000001
core   0: 0x8000a952 (0x0000bfe5) c.j     pc - 8
core   0: 3 0x8000a952 (0xbfe5)
core   0: 0x8000a94a (0x00005f17) auipc   t5, 0x5
core   0: 3 0x8000a94a (0x00005f17) x30 0x8000f94a
core   0: 0x8000a94e (0x6a3f2b23) sw      gp, 1718(t5)
core   0: 3 0x8000a94e (0x6a3f2b23) mem 0x80010000 0x00000001
core   0: 0x8000a952 (0x0000bfe5) c.j     pc - 8
core   0: 3 0x8000a952 (0xbfe5)
core   0: 0x8000a94a (0x00005f17) auipc   t5, 0x5
core   0: 3 0x8000a94a (0x00005f17) x30 0x8000f94a
core   0: 0x8000a94e (0x6a3f2b23) sw      gp, 1718(t5)
core   0: 3 0x8000a94e (0x6a3f2b23) mem 0x80010000 0x00000001
core   0: 0x8000a952 (0x0000bfe5) c.j     pc - 8
core   0: 3 0x8000a952 (0xbfe5)
core   0: 0x8000a94a (0x00005f17) auipc   t5, 0x5
core   0: 3 0x8000a94a (0x00005f17) x30 0x8000f94a
core   0: 0x8000a94e (0x6a3f2b23) sw      gp, 1718(t5)
core   0: 3 0x8000a94e (0x6a3f2b23) mem 0x80010000 0x00000001
core   0: 0x8000a952 (0x0000bfe5) c.j     pc - 8
core   0: 3 0x8000a952 (0xbfe5)
core   0: 0x8000a94a (0x00005f17) auipc   t5, 0x5
core   0: 3 0x8000a94a (0x00005f17) x30 0x8000f94a
core   0: 0x8000a94e (0x6a3f2b23) sw      gp, 1718(t5)
core   0: 3 0x8000a94e (0x6a3f2b23) mem 0x80010000 0x00000001
core   0: 0x8000a952 (0x0000bfe5) c.j     pc - 8
core   0: 3 0x8000a952 (0xbfe5)
core   0: 0x8000a94a (0x00005f17) auipc   t5, 0x5
core   0: 3 0x8000a94a (0x00005f17) x30 0x8000f94a
core   0: 0x8000a94e (0x6a3f2b23) sw      gp, 1718(t5)
core   0: 3 0x8000a94e (0x6a3f2b23) mem 0x80010000 0x00000001
core   0: 0x8000a952 (0x0000bfe5) c.j     pc - 8
core   0: 3 0x8000a952 (0xbfe5)
core   0: 0x8000a94a (0x00005f17) auipc   t5, 0x5
core   0: 3 0x8000a94a (0x00005f17) x30 0x8000f94a
core   0: 0x8000a94e (0x6a3f2b23) sw      gp, 1718(t5)
core   0: 3 0x8000a94e (0x6a3f2b23) mem 0x80010000 0x00000001
core   0: 0x8000a952 (0x0000bfe5) c.j     pc - 8
core   0: 3 0x8000a952 (0xbfe5)
core   0: 0x8000a94a (0x00005f17) auipc   t5, 0x5
core   0: 3 0x8000a94a (0x00005f17) x30 0x8000f94a
core   0: 0x8000a94e (0x6a3f2b23) sw      gp, 1718(t5)
core   0: 3 0x8000a94e (0x6a3f2b23) mem 0x80010000 0x00000001
core   0: 0x8000a952 (0x0000bfe5) c.j     pc - 8
core   0: 3 0x8000a952 (0xbfe5)
core   0: 0x8000a94a (0x00005f17) auipc   t5, 0x5
core   0: 3 0x8000a94a (0x00005f17) x30 0x8000f94a
core   0: 0x8000a94e (0x6a3f2b23) sw      gp, 1718(t5)
core   0: 3 0x8000a94e (0x6a3f2b23) mem 0x80010000 0x00000001
core   0: 0x8000a952 (0x0000bfe5) c.j     pc - 8
core   0: 3 0x8000a952 (0xbfe5)
core   0: 0x8000a94a (0x00005f17) auipc   t5, 0x5
core   0: 3 0x8000a94a (0x00005f17) x30 0x8000f94a
core   0: 0x8000a94e (0x6a3f2b23) sw      gp, 1718(t5)
core   0: 3 0x8000a94e (0x6a3f2b23) mem 0x80010000 0x00000001
core   0: 0x8000a952 (0x0000bfe5) c.j     pc - 8
core   0: 3 0x8000a952 (0xbfe5)
core   0: 0x8000a94a (0x00005f17) auipc   t5, 0x5
core   0: 3 0x8000a94a (0x00005f17) x30 0x8000f94a
core   0: 0x8000a94e (0x6a3f2b23) sw      gp, 1718(t5)
core   0: 3 0x8000a94e (0x6a3f2b23) mem 0x80010000 0x00000001
core   0: 0x8000a952 (0x0000bfe5) c.j     pc - 8
core   0: 3 0x8000a952 (0xbfe5)
core   0: 0x8000a94a (0x00005f17) auipc   t5, 0x5
core   0: 3 0x8000a94a (0x00005f17) x30 0x8000f94a
core   0: 0x8000a94e (0x6a3f2b23) sw      gp, 1718(t5)
core   0: 3 0x8000a94e (0x6a3f2b23) mem 0x80010000 0x00000001
core   0: 0x8000a952 (0x0000bfe5) c.j     pc - 8
core   0: 3 0x8000a952 (0xbfe5)
core   0: 0x8000a94a (0x00005f17) auipc   t5, 0x5
core   0: 3 0x8000a94a (0x00005f17) x30 0x8000f94a
core   0: 0x8000a94e (0x6a3f2b23) sw      gp, 1718(t5)
core   0: 3 0x8000a94e (0x6a3f2b23) mem 0x80010000 0x00000001
core   0: 0x8000a952 (0x0000bfe5) c.j     pc - 8
core   0: 3 0x8000a952 (0xbfe5)
core   0: 0x8000a94a (0x00005f17) auipc   t5, 0x5
core   0: 3 0x8000a94a (0x00005f17) x30 0x8000f94a
core   0: 0x8000a94e (0x6a3f2b23) sw      gp, 1718(t5)
core   0: 3 0x8000a94e (0x6a3f2b23) mem 0x80010000 0x00000001
core   0: 0x8000a952 (0x0000bfe5) c.j     pc - 8
core   0: 3 0x8000a952 (0xbfe5)
core   0: 0x8000a94a (0x00005f17) auipc   t5, 0x5
core   0: 3 0x8000a94a (0x00005f17) x30 0x8000f94a
core   0: 0x8000a94e (0x6a3f2b23) sw      gp, 1718(t5)
core   0: 3 0x8000a94e (0x6a3f2b23) mem 0x80010000 0x00000001
core   0: 0x8000a952 (0x0000bfe5) c.j     pc - 8
core   0: 3 0x8000a952 (0xbfe5)
core   0: 0x8000a94a (0x00005f17) auipc   t5, 0x5
core   0: 3 0x8000a94a (0x00005f17) x30 0x8000f94a
core   0: 0x8000a94e (0x6a3f2b23) sw      gp, 1718(t5)
core   0: 3 0x8000a94e (0x6a3f2b23) mem 0x80010000 0x00000001
core   0: 0x8000a952 (0x0000bfe5) c.j     pc - 8
core   0: 3 0x8000a952 (0xbfe5)
core   0: 0x8000a94a (0x00005f17) auipc   t5, 0x5
core   0: 3 0x8000a94a (0x00005f17) x30 0x8000f94a
core   0: 0x8000a94e (0x6a3f2b23) sw      gp, 1718(t5)
core   0: 3 0x8000a94e (0x6a3f2b23) mem 0x80010000 0x00000001
core   0: 0x8000a952 (0x0000bfe5) c.j     pc - 8
core   0: 3 0x8000a952 (0xbfe5)
core   0: 0x8000a94a (0x00005f17) auipc   t5, 0x5
core   0: 3 0x8000a94a (0x00005f17) x30 0x8000f94a
core   0: 0x8000a94e (0x6a3f2b23) sw      gp, 1718(t5)
core   0: 3 0x8000a94e (0x6a3f2b23) mem 0x80010000 0x00000001
core   0: 0x8000a952 (0x0000bfe5) c.j     pc - 8
core   0: 3 0x8000a952 (0xbfe5)
core   0: 0x8000a94a (0x00005f17) auipc   t5, 0x5
core   0: 3 0x8000a94a (0x00005f17) x30 0x8000f94a
core   0: 0x8000a94e (0x6a3f2b23) sw      gp, 1718(t5)
core   0: 3 0x8000a94e (0x6a3f2b23) mem 0x80010000 0x00000001
core   0: 0x8000a952 (0x0000bfe5) c.j     pc - 8
core   0: 3 0x8000a952 (0xbfe5)
core   0: 0x8000a94a (0x00005f17) auipc   t5, 0x5
core   0: 3 0x8000a94a (0x00005f17) x30 0x8000f94a
core   0: 0x8000a94e (0x6a3f2b23) sw      gp, 1718(t5)
core   0: 3 0x8000a94e (0x6a3f2b23) mem 0x80010000 0x00000001
core   0: 0x8000a952 (0x0000bfe5) c.j     pc - 8
core   0: 3 0x8000a952 (0xbfe5)
core   0: 0x8000a94a (0x00005f17) auipc   t5, 0x5
core   0: 3 0x8000a94a (0x00005f17) x30 0x8000f94a
core   0: 0x8000a94e (0x6a3f2b23) sw      gp, 1718(t5)
core   0: 3 0x8000a94e (0x6a3f2b23) mem 0x80010000 0x00000001
core   0: 0x8000a952 (0x0000bfe5) c.j     pc - 8
core   0: 3 0x8000a952 (0xbfe5)
core   0: 0x8000a94a (0x00005f17) auipc   t5, 0x5
core   0: 3 0x8000a94a (0x00005f17) x30 0x8000f94a
core   0: 0x8000a94e (0x6a3f2b23) sw      gp, 1718(t5)
core   0: 3 0x8000a94e (0x6a3f2b23) mem 0x80010000 0x00000001
core   0: 0x8000a952 (0x0000bfe5) c.j     pc - 8
core   0: 3 0x8000a952 (0xbfe5)
core   0: 0x8000a94a (0x00005f17) auipc   t5, 0x5
core   0: 3 0x8000a94a (0x00005f17) x30 0x8000f94a
core   0: 0x8000a94e (0x6a3f2b23) sw      gp, 1718(t5)
core   0: 3 0x8000a94e (0x6a3f2b23) mem 0x80010000 0x00000001
core   0: 0x8000a952 (0x0000bfe5) c.j     pc - 8
core   0: 3 0x8000a952 (0xbfe5)
core   0: 0x8000a94a (0x00005f17) auipc   t5, 0x5
core   0: 3 0x8000a94a (0x00005f17) x30 0x8000f94a
core   0: 0x8000a94e (0x6a3f2b23) sw      gp, 1718(t5)
core   0: 3 0x8000a94e (0x6a3f2b23) mem 0x80010000 0x00000001
core   0: 0x8000a952 (0x0000bfe5) c.j     pc - 8
core   0: 3 0x8000a952 (0xbfe5)
core   0: 0x8000a94a (0x00005f17) auipc   t5, 0x5
core   0: 3 0x8000a94a (0x00005f17) x30 0x8000f94a
core   0: 0x8000a94e (0x6a3f2b23) sw      gp, 1718(t5)
core   0: 3 0x8000a94e (0x6a3f2b23) mem 0x80010000 0x00000001
core   0: 0x8000a952 (0x0000bfe5) c.j     pc - 8
core   0: 3 0x8000a952 (0xbfe5)
core   0: 0x8000a94a (0x00005f17) auipc   t5, 0x5
core   0: 3 0x8000a94a (0x00005f17) x30 0x8000f94a
core   0: 0x8000a94e (0x6a3f2b23) sw      gp, 1718(t5)
core   0: 3 0x8000a94e (0x6a3f2b23) mem 0x80010000 0x00000001
core   0: 0x8000a952 (0x0000bfe5) c.j     pc - 8
core   0: 3 0x8000a952 (0xbfe5)
core   0: 0x8000a94a (0x00005f17) auipc   t5, 0x5
core   0: 3 0x8000a94a (0x00005f17) x30 0x8000f94a
core   0: 0x8000a94e (0x6a3f2b23) sw      gp, 1718(t5)
core   0: 3 0x8000a94e (0x6a3f2b23) mem 0x80010000 0x00000001
core   0: 0x8000a952 (0x0000bfe5) c.j     pc - 8
core   0: 3 0x8000a952 (0xbfe5)
core   0: 0x8000a94a (0x00005f17) auipc   t5, 0x5
core   0: 3 0x8000a94a (0x00005f17) x30 0x8000f94a
core   0: 0x8000a94e (0x6a3f2b23) sw      gp, 1718(t5)
core   0: 3 0x8000a94e (0x6a3f2b23) mem 0x80010000 0x00000001
core   0: 0x8000a952 (0x0000bfe5) c.j     pc - 8
core   0: 3 0x8000a952 (0xbfe5)
core   0: 0x8000a94a (0x00005f17) auipc   t5, 0x5
core   0: 3 0x8000a94a (0x00005f17) x30 0x8000f94a
core   0: 0x8000a94e (0x6a3f2b23) sw      gp, 1718(t5)
core   0: 3 0x8000a94e (0x6a3f2b23) mem 0x80010000 0x00000001
core   0: 0x8000a952 (0x0000bfe5) c.j     pc - 8
core   0: 3 0x8000a952 (0xbfe5)
core   0: 0x8000a94a (0x00005f17) auipc   t5, 0x5
core   0: 3 0x8000a94a (0x00005f17) x30 0x8000f94a
core   0: 0x8000a94e (0x6a3f2b23) sw      gp, 1718(t5)
core   0: 3 0x8000a94e (0x6a3f2b23) mem 0x80010000 0x00000001
core   0: 0x8000a952 (0x0000bfe5) c.j     pc - 8
core   0: 3 0x8000a952 (0xbfe5)
core   0: 0x8000a94a (0x00005f17) auipc   t5, 0x5
core   0: 3 0x8000a94a (0x00005f17) x30 0x8000f94a
core   0: 0x8000a94e (0x6a3f2b23) sw      gp, 1718(t5)
core   0: 3 0x8000a94e (0x6a3f2b23) mem 0x80010000 0x00000001
core   0: 0x8000a952 (0x0000bfe5) c.j     pc - 8
core   0: 3 0x8000a952 (0xbfe5)
core   0: 0x8000a94a (0x00005f17) auipc   t5, 0x5
core   0: 3 0x8000a94a (0x00005f17) x30 0x8000f94a
core   0: 0x8000a94e (0x6a3f2b23) sw      gp, 1718(t5)
core   0: 3 0x8000a94e (0x6a3f2b23) mem 0x80010000 0x00000001
core   0: 0x8000a952 (0x0000bfe5) c.j     pc - 8
core   0: 3 0x8000a952 (0xbfe5)
core   0: 0x8000a94a (0x00005f17) auipc   t5, 0x5
core   0: 3 0x8000a94a (0x00005f17) x30 0x8000f94a
core   0: 0x8000a94e (0x6a3f2b23) sw      gp, 1718(t5)
core   0: 3 0x8000a94e (0x6a3f2b23) mem 0x80010000 0x00000001
core   0: 0x8000a952 (0x0000bfe5) c.j     pc - 8
core   0: 3 0x8000a952 (0xbfe5)
core   0: 0x8000a94a (0x00005f17) auipc   t5, 0x5
core   0: 3 0x8000a94a (0x00005f17) x30 0x8000f94a
core   0: 0x8000a94e (0x6a3f2b23) sw      gp, 1718(t5)
core   0: 3 0x8000a94e (0x6a3f2b23) mem 0x80010000 0x00000001
core   0: 0x8000a952 (0x0000bfe5) c.j     pc - 8
core   0: 3 0x8000a952 (0xbfe5)
core   0: 0x8000a94a (0x00005f17) auipc   t5, 0x5
core   0: 3 0x8000a94a (0x00005f17) x30 0x8000f94a
core   0: 0x8000a94e (0x6a3f2b23) sw      gp, 1718(t5)
core   0: 3 0x8000a94e (0x6a3f2b23) mem 0x80010000 0x00000001
core   0: 0x8000a952 (0x0000bfe5) c.j     pc - 8
core   0: 3 0x8000a952 (0xbfe5)
core   0: 0x8000a94a (0x00005f17) auipc   t5, 0x5
core   0: 3 0x8000a94a (0x00005f17) x30 0x8000f94a
core   0: 0x8000a94e (0x6a3f2b23) sw      gp, 1718(t5)
core   0: 3 0x8000a94e (0x6a3f2b23) mem 0x80010000 0x00000001
core   0: 0x8000a952 (0x0000bfe5) c.j     pc - 8
core   0: 3 0x8000a952 (0xbfe5)
core   0: 0x8000a94a (0x00005f17) auipc   t5, 0x5
core   0: 3 0x8000a94a (0x00005f17) x30 0x8000f94a
core   0: 0x8000a94e (0x6a3f2b23) sw      gp, 1718(t5)
core   0: 3 0x8000a94e (0x6a3f2b23) mem 0x80010000 0x00000001
core   0: 0x8000a952 (0x0000bfe5) c.j     pc - 8
core   0: 3 0x8000a952 (0xbfe5)
core   0: 0x8000a94a (0x00005f17) auipc   t5, 0x5
core   0: 3 0x8000a94a (0x00005f17) x30 0x8000f94a
core   0: 0x8000a94e (0x6a3f2b23) sw      gp, 1718(t5)
core   0: 3 0x8000a94e (0x6a3f2b23) mem 0x80010000 0x00000001
core   0: 0x8000a952 (0x0000bfe5) c.j     pc - 8
core   0: 3 0x8000a952 (0xbfe5)
core   0: 0x8000a94a (0x00005f17) auipc   t5, 0x5
core   0: 3 0x8000a94a (0x00005f17) x30 0x8000f94a
core   0: 0x8000a94e (0x6a3f2b23) sw      gp, 1718(t5)
core   0: 3 0x8000a94e (0x6a3f2b23) mem 0x80010000 0x00000001
core   0: 0x8000a952 (0x0000bfe5) c.j     pc - 8
core   0: 3 0x8000a952 (0xbfe5)
core   0: 0x8000a94a (0x00005f17) auipc   t5, 0x5
core   0: 3 0x8000a94a (0x00005f17) x30 0x8000f94a
core   0: 0x8000a94e (0x6a3f2b23) sw      gp, 1718(t5)
core   0: 3 0x8000a94e (0x6a3f2b23) mem 0x80010000 0x00000001
core   0: 0x8000a952 (0x0000bfe5) c.j     pc - 8
core   0: 3 0x8000a952 (0xbfe5)
core   0: 0x8000a94a (0x00005f17) auipc   t5, 0x5
core   0: 3 0x8000a94a (0x00005f17) x30 0x8000f94a
core   0: 0x8000a94e (0x6a3f2b23) sw      gp, 1718(t5)
core   0: 3 0x8000a94e (0x6a3f2b23) mem 0x80010000 0x00000001
core   0: 0x8000a952 (0x0000bfe5) c.j     pc - 8
core   0: 3 0x8000a952 (0xbfe5)
core   0: 0x8000a94a (0x00005f17) auipc   t5, 0x5
core   0: 3 0x8000a94a (0x00005f17) x30 0x8000f94a
core   0: 0x8000a94e (0x6a3f2b23) sw      gp, 1718(t5)
core   0: 3 0x8000a94e (0x6a3f2b23) mem 0x80010000 0x00000001
core   0: 0x8000a952 (0x0000bfe5) c.j     pc - 8
core   0: 3 0x8000a952 (0xbfe5)
core   0: 0x8000a94a (0x00005f17) auipc   t5, 0x5
core   0: 3 0x8000a94a (0x00005f17) x30 0x8000f94a
core   0: 0x8000a94e (0x6a3f2b23) sw      gp, 1718(t5)
core   0: 3 0x8000a94e (0x6a3f2b23) mem 0x80010000 0x00000001
core   0: 0x8000a952 (0x0000bfe5) c.j     pc - 8
core   0: 3 0x8000a952 (0xbfe5)
core   0: 0x8000a94a (0x00005f17) auipc   t5, 0x5
core   0: 3 0x8000a94a (0x00005f17) x30 0x8000f94a
core   0: 0x8000a94e (0x6a3f2b23) sw      gp, 1718(t5)
core   0: 3 0x8000a94e (0x6a3f2b23) mem 0x80010000 0x00000001
core   0: 0x8000a952 (0x0000bfe5) c.j     pc - 8
core   0: 3 0x8000a952 (0xbfe5)
core   0: 0x8000a94a (0x00005f17) auipc   t5, 0x5
core   0: 3 0x8000a94a (0x00005f17) x30 0x8000f94a
core   0: 0x8000a94e (0x6a3f2b23) sw      gp, 1718(t5)
core   0: 3 0x8000a94e (0x6a3f2b23) mem 0x80010000 0x00000001
core   0: 0x8000a952 (0x0000bfe5) c.j     pc - 8
core   0: 3 0x8000a952 (0xbfe5)
core   0: 0x8000a94a (0x00005f17) auipc   t5, 0x5
core   0: 3 0x8000a94a (0x00005f17) x30 0x8000f94a
core   0: 0x8000a94e (0x6a3f2b23) sw      gp, 1718(t5)
core   0: 3 0x8000a94e (0x6a3f2b23) mem 0x80010000 0x00000001
core   0: 0x8000a952 (0x0000bfe5) c.j     pc - 8
core   0: 3 0x8000a952 (0xbfe5)
core   0: 0x8000a94a (0x00005f17) auipc   t5, 0x5
core   0: 3 0x8000a94a (0x00005f17) x30 0x8000f94a
core   0: 0x8000a94e (0x6a3f2b23) sw      gp, 1718(t5)
core   0: 3 0x8000a94e (0x6a3f2b23) mem 0x80010000 0x00000001
core   0: 0x8000a952 (0x0000bfe5) c.j     pc - 8
core   0: 3 0x8000a952 (0xbfe5)
core   0: 0x8000a94a (0x00005f17) auipc   t5, 0x5
core   0: 3 0x8000a94a (0x00005f17) x30 0x8000f94a
core   0: 0x8000a94e (0x6a3f2b23) sw      gp, 1718(t5)
core   0: 3 0x8000a94e (0x6a3f2b23) mem 0x80010000 0x00000001
core   0: 0x8000a952 (0x0000bfe5) c.j     pc - 8
core   0: 3 0x8000a952 (0xbfe5)
core   0: 0x8000a94a (0x00005f17) auipc   t5, 0x5
core   0: 3 0x8000a94a (0x00005f17) x30 0x8000f94a
core   0: 0x8000a94e (0x6a3f2b23) sw      gp, 1718(t5)
core   0: 3 0x8000a94e (0x6a3f2b23) mem 0x80010000 0x00000001
core   0: 0x8000a952 (0x0000bfe5) c.j     pc - 8
core   0: 3 0x8000a952 (0xbfe5)
core   0: 0x8000a94a (0x00005f17) auipc   t5, 0x5
core   0: 3 0x8000a94a (0x00005f17) x30 0x8000f94a
core   0: 0x8000a94e (0x6a3f2b23) sw      gp, 1718(t5)
core   0: 3 0x8000a94e (0x6a3f2b23) mem 0x80010000 0x00000001
core   0: 0x8000a952 (0x0000bfe5) c.j     pc - 8
core   0: 3 0x8000a952 (0xbfe5)
core   0: 0x8000a94a (0x00005f17) auipc   t5, 0x5
core   0: 3 0x8000a94a (0x00005f17) x30 0x8000f94a
core   0: 0x8000a94e (0x6a3f2b23) sw      gp, 1718(t5)
core   0: 3 0x8000a94e (0x6a3f2b23) mem 0x80010000 0x00000001
core   0: 0x8000a952 (0x0000bfe5) c.j     pc - 8
core   0: 3 0x8000a952 (0xbfe5)
core   0: 0x8000a94a (0x00005f17) auipc   t5, 0x5
core   0: 3 0x8000a94a (0x00005f17) x30 0x8000f94a
core   0: 0x8000a94e (0x6a3f2b23) sw      gp, 1718(t5)
core   0: 3 0x8000a94e (0x6a3f2b23) mem 0x80010000 0x00000001
core   0: 0x8000a952 (0x0000bfe5) c.j     pc - 8
core   0: 3 0x8000a952 (0xbfe5)
core   0: 0x8000a94a (0x00005f17) auipc   t5, 0x5
core   0: 3 0x8000a94a (0x00005f17) x30 0x8000f94a
core   0: 0x8000a94e (0x6a3f2b23) sw      gp, 1718(t5)
core   0: 3 0x8000a94e (0x6a3f2b23) mem 0x80010000 0x00000001
core   0: 0x8000a952 (0x0000bfe5) c.j     pc - 8
core   0: 3 0x8000a952 (0xbfe5)
core   0: 0x8000a94a (0x00005f17) auipc   t5, 0x5
core   0: 3 0x8000a94a (0x00005f17) x30 0x8000f94a
core   0: 0x8000a94e (0x6a3f2b23) sw      gp, 1718(t5)
core   0: 3 0x8000a94e (0x6a3f2b23) mem 0x80010000 0x00000001
core   0: 0x8000a952 (0x0000bfe5) c.j     pc - 8
core   0: 3 0x8000a952 (0xbfe5)
core   0: 0x8000a94a (0x00005f17) auipc   t5, 0x5
core   0: 3 0x8000a94a (0x00005f17) x30 0x8000f94a
core   0: 0x8000a94e (0x6a3f2b23) sw      gp, 1718(t5)
core   0: 3 0x8000a94e (0x6a3f2b23) mem 0x80010000 0x00000001
core   0: 0x8000a952 (0x0000bfe5) c.j     pc - 8
core   0: 3 0x8000a952 (0xbfe5)
core   0: 0x8000a94a (0x00005f17) auipc   t5, 0x5
core   0: 3 0x8000a94a (0x00005f17) x30 0x8000f94a
core   0: 0x8000a94e (0x6a3f2b23) sw      gp, 1718(t5)
core   0: 3 0x8000a94e (0x6a3f2b23) mem 0x80010000 0x00000001
core   0: 0x8000a952 (0x0000bfe5) c.j     pc - 8
core   0: 3 0x8000a952 (0xbfe5)
core   0: 0x8000a94a (0x00005f17) auipc   t5, 0x5
core   0: 3 0x8000a94a (0x00005f17) x30 0x8000f94a
core   0: 0x8000a94e (0x6a3f2b23) sw      gp, 1718(t5)
core   0: 3 0x8000a94e (0x6a3f2b23) mem 0x80010000 0x00000001
core   0: 0x8000a952 (0x0000bfe5) c.j     pc - 8
core   0: 3 0x8000a952 (0xbfe5)
core   0: 0x8000a94a (0x00005f17) auipc   t5, 0x5
core   0: 3 0x8000a94a (0x00005f17) x30 0x8000f94a
core   0: 0x8000a94e (0x6a3f2b23) sw      gp, 1718(t5)
core   0: 3 0x8000a94e (0x6a3f2b23) mem 0x80010000 0x00000001
core   0: 0x8000a952 (0x0000bfe5) c.j     pc - 8
core   0: 3 0x8000a952 (0xbfe5)
core   0: 0x8000a94a (0x00005f17) auipc   t5, 0x5
core   0: 3 0x8000a94a (0x00005f17) x30 0x8000f94a
core   0: 0x8000a94e (0x6a3f2b23) sw      gp, 1718(t5)
core   0: 3 0x8000a94e (0x6a3f2b23) mem 0x80010000 0x00000001
core   0: 0x8000a952 (0x0000bfe5) c.j     pc - 8
core   0: 3 0x8000a952 (0xbfe5)
core   0: 0x8000a94a (0x00005f17) auipc   t5, 0x5
core   0: 3 0x8000a94a (0x00005f17) x30 0x8000f94a
core   0: 0x8000a94e (0x6a3f2b23) sw      gp, 1718(t5)
core   0: 3 0x8000a94e (0x6a3f2b23) mem 0x80010000 0x00000001
core   0: 0x8000a952 (0x0000bfe5) c.j     pc - 8
core   0: 3 0x8000a952 (0xbfe5)
core   0: 0x8000a94a (0x00005f17) auipc   t5, 0x5
core   0: 3 0x8000a94a (0x00005f17) x30 0x8000f94a
core   0: 0x8000a94e (0x6a3f2b23) sw      gp, 1718(t5)
core   0: 3 0x8000a94e (0x6a3f2b23) mem 0x80010000 0x00000001
core   0: 0x8000a952 (0x0000bfe5) c.j     pc - 8
core   0: 3 0x8000a952 (0xbfe5)
core   0: 0x8000a94a (0x00005f17) auipc   t5, 0x5
core   0: 3 0x8000a94a (0x00005f17) x30 0x8000f94a
core   0: 0x8000a94e (0x6a3f2b23) sw      gp, 1718(t5)
core   0: 3 0x8000a94e (0x6a3f2b23) mem 0x80010000 0x00000001
core   0: 0x8000a952 (0x0000bfe5) c.j     pc - 8
core   0: 3 0x8000a952 (0xbfe5)
core   0: 0x8000a94a (0x00005f17) auipc   t5, 0x5
core   0: 3 0x8000a94a (0x00005f17) x30 0x8000f94a
core   0: 0x8000a94e (0x6a3f2b23) sw      gp, 1718(t5)
core   0: 3 0x8000a94e (0x6a3f2b23) mem 0x80010000 0x00000001
core   0: 0x8000a952 (0x0000bfe5) c.j     pc - 8
core   0: 3 0x8000a952 (0xbfe5)
core   0: 0x8000a94a (0x00005f17) auipc   t5, 0x5
core   0: 3 0x8000a94a (0x00005f17) x30 0x8000f94a
core   0: 0x8000a94e (0x6a3f2b23) sw      gp, 1718(t5)
core   0: 3 0x8000a94e (0x6a3f2b23) mem 0x80010000 0x00000001
core   0: 0x8000a952 (0x0000bfe5) c.j     pc - 8
core   0: 3 0x8000a952 (0xbfe5)
core   0: 0x8000a94a (0x00005f17) auipc   t5, 0x5
core   0: 3 0x8000a94a (0x00005f17) x30 0x8000f94a
core   0: 0x8000a94e (0x6a3f2b23) sw      gp, 1718(t5)
core   0: 3 0x8000a94e (0x6a3f2b23) mem 0x80010000 0x00000001
core   0: 0x8000a952 (0x0000bfe5) c.j     pc - 8
core   0: 3 0x8000a952 (0xbfe5)
core   0: 0x8000a94a (0x00005f17) auipc   t5, 0x5
core   0: 3 0x8000a94a (0x00005f17) x30 0x8000f94a
core   0: 0x8000a94e (0x6a3f2b23) sw      gp, 1718(t5)
core   0: 3 0x8000a94e (0x6a3f2b23) mem 0x80010000 0x00000001
core   0: 0x8000a952 (0x0000bfe5) c.j     pc - 8
core   0: 3 0x8000a952 (0xbfe5)
core   0: 0x8000a94a (0x00005f17) auipc   t5, 0x5
core   0: 3 0x8000a94a (0x00005f17) x30 0x8000f94a
core   0: 0x8000a94e (0x6a3f2b23) sw      gp, 1718(t5)
core   0: 3 0x8000a94e (0x6a3f2b23) mem 0x80010000 0x00000001
core   0: 0x8000a952 (0x0000bfe5) c.j     pc - 8
core   0: 3 0x8000a952 (0xbfe5)
core   0: 0x8000a94a (0x00005f17) auipc   t5, 0x5
core   0: 3 0x8000a94a (0x00005f17) x30 0x8000f94a
core   0: 0x8000a94e (0x6a3f2b23) sw      gp, 1718(t5)
core   0: 3 0x8000a94e (0x6a3f2b23) mem 0x80010000 0x00000001
core   0: 0x8000a952 (0x0000bfe5) c.j     pc - 8
core   0: 3 0x8000a952 (0xbfe5)
core   0: 0x8000a94a (0x00005f17) auipc   t5, 0x5
core   0: 3 0x8000a94a (0x00005f17) x30 0x8000f94a
core   0: 0x8000a94e (0x6a3f2b23) sw      gp, 1718(t5)
core   0: 3 0x8000a94e (0x6a3f2b23) mem 0x80010000 0x00000001
core   0: 0x8000a952 (0x0000bfe5) c.j     pc - 8
core   0: 3 0x8000a952 (0xbfe5)
core   0: 0x8000a94a (0x00005f17) auipc   t5, 0x5
core   0: 3 0x8000a94a (0x00005f17) x30 0x8000f94a
core   0: 0x8000a94e (0x6a3f2b23) sw      gp, 1718(t5)
core   0: 3 0x8000a94e (0x6a3f2b23) mem 0x80010000 0x00000001
core   0: 0x8000a952 (0x0000bfe5) c.j     pc - 8
core   0: 3 0x8000a952 (0xbfe5)
core   0: 0x8000a94a (0x00005f17) auipc   t5, 0x5
core   0: 3 0x8000a94a (0x00005f17) x30 0x8000f94a
core   0: 0x8000a94e (0x6a3f2b23) sw      gp, 1718(t5)
core   0: 3 0x8000a94e (0x6a3f2b23) mem 0x80010000 0x00000001
core   0: 0x8000a952 (0x0000bfe5) c.j     pc - 8
core   0: 3 0x8000a952 (0xbfe5)
core   0: 0x8000a94a (0x00005f17) auipc   t5, 0x5
core   0: 3 0x8000a94a (0x00005f17) x30 0x8000f94a
core   0: 0x8000a94e (0x6a3f2b23) sw      gp, 1718(t5)
core   0: 3 0x8000a94e (0x6a3f2b23) mem 0x80010000 0x00000001
core   0: 0x8000a952 (0x0000bfe5) c.j     pc - 8
core   0: 3 0x8000a952 (0xbfe5)
core   0: 0x8000a94a (0x00005f17) auipc   t5, 0x5
core   0: 3 0x8000a94a (0x00005f17) x30 0x8000f94a
core   0: 0x8000a94e (0x6a3f2b23) sw      gp, 1718(t5)
core   0: 3 0x8000a94e (0x6a3f2b23) mem 0x80010000 0x00000001
core   0: 0x8000a952 (0x0000bfe5) c.j     pc - 8
core   0: 3 0x8000a952 (0xbfe5)
core   0: 0x8000a94a (0x00005f17) auipc   t5, 0x5
core   0: 3 0x8000a94a (0x00005f17) x30 0x8000f94a
core   0: 0x8000a94e (0x6a3f2b23) sw      gp, 1718(t5)
core   0: 3 0x8000a94e (0x6a3f2b23) mem 0x80010000 0x00000001
core   0: 0x8000a952 (0x0000bfe5) c.j     pc - 8
core   0: 3 0x8000a952 (0xbfe5)
core   0: 0x8000a94a (0x00005f17) auipc   t5, 0x5
core   0: 3 0x8000a94a (0x00005f17) x30 0x8000f94a
core   0: 0x8000a94e (0x6a3f2b23) sw      gp, 1718(t5)
core   0: 3 0x8000a94e (0x6a3f2b23) mem 0x80010000 0x00000001
core   0: 0x8000a952 (0x0000bfe5) c.j     pc - 8
core   0: 3 0x8000a952 (0xbfe5)
core   0: 0x8000a94a (0x00005f17) auipc   t5, 0x5
core   0: 3 0x8000a94a (0x00005f17) x30 0x8000f94a
core   0: 0x8000a94e (0x6a3f2b23) sw      gp, 1718(t5)
core   0: 3 0x8000a94e (0x6a3f2b23) mem 0x80010000 0x00000001
core   0: 0x8000a952 (0x0000bfe5) c.j     pc - 8
core   0: 3 0x8000a952 (0xbfe5)
core   0: 0x8000a94a (0x00005f17) auipc   t5, 0x5
core   0: 3 0x8000a94a (0x00005f17) x30 0x8000f94a
core   0: 0x8000a94e (0x6a3f2b23) sw      gp, 1718(t5)
core   0: 3 0x8000a94e (0x6a3f2b23) mem 0x80010000 0x00000001
core   0: 0x8000a952 (0x0000bfe5) c.j     pc - 8
core   0: 3 0x8000a952 (0xbfe5)
core   0: 0x8000a94a (0x00005f17) auipc   t5, 0x5
core   0: 3 0x8000a94a (0x00005f17) x30 0x8000f94a
core   0: 0x8000a94e (0x6a3f2b23) sw      gp, 1718(t5)
core   0: 3 0x8000a94e (0x6a3f2b23) mem 0x80010000 0x00000001
core   0: 0x8000a952 (0x0000bfe5) c.j     pc - 8
core   0: 3 0x8000a952 (0xbfe5)
core   0: 0x8000a94a (0x00005f17) auipc   t5, 0x5
core   0: 3 0x8000a94a (0x00005f17) x30 0x8000f94a
core   0: 0x8000a94e (0x6a3f2b23) sw      gp, 1718(t5)
core   0: 3 0x8000a94e (0x6a3f2b23) mem 0x80010000 0x00000001
core   0: 0x8000a952 (0x0000bfe5) c.j     pc - 8
core   0: 3 0x8000a952 (0xbfe5)
core   0: 0x8000a94a (0x00005f17) auipc   t5, 0x5
core   0: 3 0x8000a94a (0x00005f17) x30 0x8000f94a
core   0: 0x8000a94e (0x6a3f2b23) sw      gp, 1718(t5)
core   0: 3 0x8000a94e (0x6a3f2b23) mem 0x80010000 0x00000001
core   0: 0x8000a952 (0x0000bfe5) c.j     pc - 8
core   0: 3 0x8000a952 (0xbfe5)
core   0: 0x8000a94a (0x00005f17) auipc   t5, 0x5
core   0: 3 0x8000a94a (0x00005f17) x30 0x8000f94a
core   0: 0x8000a94e (0x6a3f2b23) sw      gp, 1718(t5)
core   0: 3 0x8000a94e (0x6a3f2b23) mem 0x80010000 0x00000001
core   0: 0x8000a952 (0x0000bfe5) c.j     pc - 8
core   0: 3 0x8000a952 (0xbfe5)
core   0: 0x8000a94a (0x00005f17) auipc   t5, 0x5
core   0: 3 0x8000a94a (0x00005f17) x30 0x8000f94a
core   0: 0x8000a94e (0x6a3f2b23) sw      gp, 1718(t5)
core   0: 3 0x8000a94e (0x6a3f2b23) mem 0x80010000 0x00000001
core   0: 0x8000a952 (0x0000bfe5) c.j     pc - 8
core   0: 3 0x8000a952 (0xbfe5)
core   0: 0x8000a94a (0x00005f17) auipc   t5, 0x5
core   0: 3 0x8000a94a (0x00005f17) x30 0x8000f94a
core   0: 0x8000a94e (0x6a3f2b23) sw      gp, 1718(t5)
core   0: 3 0x8000a94e (0x6a3f2b23) mem 0x80010000 0x00000001
core   0: 0x8000a952 (0x0000bfe5) c.j     pc - 8
core   0: 3 0x8000a952 (0xbfe5)
core   0: 0x8000a94a (0x00005f17) auipc   t5, 0x5
core   0: 3 0x8000a94a (0x00005f17) x30 0x8000f94a
core   0: 0x8000a94e (0x6a3f2b23) sw      gp, 1718(t5)
core   0: 3 0x8000a94e (0x6a3f2b23) mem 0x80010000 0x00000001
core   0: 0x8000a952 (0x0000bfe5) c.j     pc - 8
core   0: 3 0x8000a952 (0xbfe5)
core   0: 0x8000a94a (0x00005f17) auipc   t5, 0x5
core   0: 3 0x8000a94a (0x00005f17) x30 0x8000f94a
core   0: 0x8000a94e (0x6a3f2b23) sw      gp, 1718(t5)
core   0: 3 0x8000a94e (0x6a3f2b23) mem 0x80010000 0x00000001
core   0: 0x8000a952 (0x0000bfe5) c.j     pc - 8
core   0: 3 0x8000a952 (0xbfe5)
core   0: 0x8000a94a (0x00005f17) auipc   t5, 0x5
core   0: 3 0x8000a94a (0x00005f17) x30 0x8000f94a
core   0: 0x8000a94e (0x6a3f2b23) sw      gp, 1718(t5)
core   0: 3 0x8000a94e (0x6a3f2b23) mem 0x80010000 0x00000001
core   0: 0x8000a952 (0x0000bfe5) c.j     pc - 8
core   0: 3 0x8000a952 (0xbfe5)
core   0: 0x8000a94a (0x00005f17) auipc   t5, 0x5
core   0: 3 0x8000a94a (0x00005f17) x30 0x8000f94a
core   0: 0x8000a94e (0x6a3f2b23) sw      gp, 1718(t5)
core   0: 3 0x8000a94e (0x6a3f2b23) mem 0x80010000 0x00000001
core   0: 0x8000a952 (0x0000bfe5) c.j     pc - 8
core   0: 3 0x8000a952 (0xbfe5)
core   0: 0x8000a94a (0x00005f17) auipc   t5, 0x5
core   0: 3 0x8000a94a (0x00005f17) x30 0x8000f94a
core   0: 0x8000a94e (0x6a3f2b23) sw      gp, 1718(t5)
core   0: 3 0x8000a94e (0x6a3f2b23) mem 0x80010000 0x00000001
core   0: 0x8000a952 (0x0000bfe5) c.j     pc - 8
core   0: 3 0x8000a952 (0xbfe5)
core   0: 0x8000a94a (0x00005f17) auipc   t5, 0x5
core   0: 3 0x8000a94a (0x00005f17) x30 0x8000f94a
core   0: 0x8000a94e (0x6a3f2b23) sw      gp, 1718(t5)
core   0: 3 0x8000a94e (0x6a3f2b23) mem 0x80010000 0x00000001
core   0: 0x8000a952 (0x0000bfe5) c.j     pc - 8
core   0: 3 0x8000a952 (0xbfe5)
core   0: 0x8000a94a (0x00005f17) auipc   t5, 0x5
core   0: 3 0x8000a94a (0x00005f17) x30 0x8000f94a
core   0: 0x8000a94e (0x6a3f2b23) sw      gp, 1718(t5)
core   0: 3 0x8000a94e (0x6a3f2b23) mem 0x80010000 0x00000001
core   0: 0x8000a952 (0x0000bfe5) c.j     pc - 8
core   0: 3 0x8000a952 (0xbfe5)
core   0: 0x8000a94a (0x00005f17) auipc   t5, 0x5
core   0: 3 0x8000a94a (0x00005f17) x30 0x8000f94a
core   0: 0x8000a94e (0x6a3f2b23) sw      gp, 1718(t5)
core   0: 3 0x8000a94e (0x6a3f2b23) mem 0x80010000 0x00000001
core   0: 0x8000a952 (0x0000bfe5) c.j     pc - 8
core   0: 3 0x8000a952 (0xbfe5)
core   0: 0x8000a94a (0x00005f17) auipc   t5, 0x5
core   0: 3 0x8000a94a (0x00005f17) x30 0x8000f94a
core   0: 0x8000a94e (0x6a3f2b23) sw      gp, 1718(t5)
core   0: 3 0x8000a94e (0x6a3f2b23) mem 0x80010000 0x00000001
core   0: 0x8000a952 (0x0000bfe5) c.j     pc - 8
core   0: 3 0x8000a952 (0xbfe5)
core   0: 0x8000a94a (0x00005f17) auipc   t5, 0x5
core   0: 3 0x8000a94a (0x00005f17) x30 0x8000f94a
core   0: 0x8000a94e (0x6a3f2b23) sw      gp, 1718(t5)
core   0: 3 0x8000a94e (0x6a3f2b23) mem 0x80010000 0x00000001
core   0: 0x8000a952 (0x0000bfe5) c.j     pc - 8
core   0: 3 0x8000a952 (0xbfe5)
core   0: 0x8000a94a (0x00005f17) auipc   t5, 0x5
core   0: 3 0x8000a94a (0x00005f17) x30 0x8000f94a
core   0: 0x8000a94e (0x6a3f2b23) sw      gp, 1718(t5)
core   0: 3 0x8000a94e (0x6a3f2b23) mem 0x80010000 0x00000001
core   0: 0x8000a952 (0x0000bfe5) c.j     pc - 8
core   0: 3 0x8000a952 (0xbfe5)
core   0: 0x8000a94a (0x00005f17) auipc   t5, 0x5
core   0: 3 0x8000a94a (0x00005f17) x30 0x8000f94a
core   0: 0x8000a94e (0x6a3f2b23) sw      gp, 1718(t5)
core   0: 3 0x8000a94e (0x6a3f2b23) mem 0x80010000 0x00000001
core   0: 0x8000a952 (0x0000bfe5) c.j     pc - 8
core   0: 3 0x8000a952 (0xbfe5)
core   0: 0x8000a94a (0x00005f17) auipc   t5, 0x5
core   0: 3 0x8000a94a (0x00005f17) x30 0x8000f94a
core   0: 0x8000a94e (0x6a3f2b23) sw      gp, 1718(t5)
core   0: 3 0x8000a94e (0x6a3f2b23) mem 0x80010000 0x00000001
core   0: 0x8000a952 (0x0000bfe5) c.j     pc - 8
core   0: 3 0x8000a952 (0xbfe5)
core   0: 0x8000a94a (0x00005f17) auipc   t5, 0x5
core   0: 3 0x8000a94a (0x00005f17) x30 0x8000f94a
core   0: 0x8000a94e (0x6a3f2b23) sw      gp, 1718(t5)
core   0: 3 0x8000a94e (0x6a3f2b23) mem 0x80010000 0x00000001
core   0: 0x8000a952 (0x0000bfe5) c.j     pc - 8
core   0: 3 0x8000a952 (0xbfe5)
core   0: 0x8000a94a (0x00005f17) auipc   t5, 0x5
core   0: 3 0x8000a94a (0x00005f17) x30 0x8000f94a
core   0: 0x8000a94e (0x6a3f2b23) sw      gp, 1718(t5)
core   0: 3 0x8000a94e (0x6a3f2b23) mem 0x80010000 0x00000001
core   0: 0x8000a952 (0x0000bfe5) c.j     pc - 8
core   0: 3 0x8000a952 (0xbfe5)
core   0: 0x8000a94a (0x00005f17) auipc   t5, 0x5
core   0: 3 0x8000a94a (0x00005f17) x30 0x8000f94a
core   0: 0x8000a94e (0x6a3f2b23) sw      gp, 1718(t5)
core   0: 3 0x8000a94e (0x6a3f2b23) mem 0x80010000 0x00000001
core   0: 0x8000a952 (0x0000bfe5) c.j     pc - 8
core   0: 3 0x8000a952 (0xbfe5)
core   0: 0x8000a94a (0x00005f17) auipc   t5, 0x5
core   0: 3 0x8000a94a (0x00005f17) x30 0x8000f94a
core   0: 0x8000a94e (0x6a3f2b23) sw      gp, 1718(t5)
core   0: 3 0x8000a94e (0x6a3f2b23) mem 0x80010000 0x00000001
core   0: 0x8000a952 (0x0000bfe5) c.j     pc - 8
core   0: 3 0x8000a952 (0xbfe5)
core   0: 0x8000a94a (0x00005f17) auipc   t5, 0x5
core   0: 3 0x8000a94a (0x00005f17) x30 0x8000f94a
core   0: 0x8000a94e (0x6a3f2b23) sw      gp, 1718(t5)
core   0: 3 0x8000a94e (0x6a3f2b23) mem 0x80010000 0x00000001
core   0: 0x8000a952 (0x0000bfe5) c.j     pc - 8
core   0: 3 0x8000a952 (0xbfe5)
core   0: 0x8000a94a (0x00005f17) auipc   t5, 0x5
core   0: 3 0x8000a94a (0x00005f17) x30 0x8000f94a
core   0: 0x8000a94e (0x6a3f2b23) sw      gp, 1718(t5)
core   0: 3 0x8000a94e (0x6a3f2b23) mem 0x80010000 0x00000001
core   0: 0x8000a952 (0x0000bfe5) c.j     pc - 8
core   0: 3 0x8000a952 (0xbfe5)
core   0: 0x8000a94a (0x00005f17) auipc   t5, 0x5
core   0: 3 0x8000a94a (0x00005f17) x30 0x8000f94a
core   0: 0x8000a94e (0x6a3f2b23) sw      gp, 1718(t5)
core   0: 3 0x8000a94e (0x6a3f2b23) mem 0x80010000 0x00000001
core   0: 0x8000a952 (0x0000bfe5) c.j     pc - 8
core   0: 3 0x8000a952 (0xbfe5)
core   0: 0x8000a94a (0x00005f17) auipc   t5, 0x5
core   0: 3 0x8000a94a (0x00005f17) x30 0x8000f94a
core   0: 0x8000a94e (0x6a3f2b23) sw      gp, 1718(t5)
core   0: 3 0x8000a94e (0x6a3f2b23) mem 0x80010000 0x00000001
core   0: 0x8000a952 (0x0000bfe5) c.j     pc - 8
core   0: 3 0x8000a952 (0xbfe5)
core   0: 0x8000a94a (0x00005f17) auipc   t5, 0x5
core   0: 3 0x8000a94a (0x00005f17) x30 0x8000f94a
core   0: 0x8000a94e (0x6a3f2b23) sw      gp, 1718(t5)
core   0: 3 0x8000a94e (0x6a3f2b23) mem 0x80010000 0x00000001
core   0: 0x8000a952 (0x0000bfe5) c.j     pc - 8
core   0: 3 0x8000a952 (0xbfe5)
core   0: 0x8000a94a (0x00005f17) auipc   t5, 0x5
core   0: 3 0x8000a94a (0x00005f17) x30 0x8000f94a
core   0: 0x8000a94e (0x6a3f2b23) sw      gp, 1718(t5)
core   0: 3 0x8000a94e (0x6a3f2b23) mem 0x80010000 0x00000001
core   0: 0x8000a952 (0x0000bfe5) c.j     pc - 8
core   0: 3 0x8000a952 (0xbfe5)
core   0: 0x8000a94a (0x00005f17) auipc   t5, 0x5
core   0: 3 0x8000a94a (0x00005f17) x30 0x8000f94a
core   0: 0x8000a94e (0x6a3f2b23) sw      gp, 1718(t5)
core   0: 3 0x8000a94e (0x6a3f2b23) mem 0x80010000 0x00000001
core   0: 0x8000a952 (0x0000bfe5) c.j     pc - 8
core   0: 3 0x8000a952 (0xbfe5)
core   0: 0x8000a94a (0x00005f17) auipc   t5, 0x5
core   0: 3 0x8000a94a (0x00005f17) x30 0x8000f94a
core   0: 0x8000a94e (0x6a3f2b23) sw      gp, 1718(t5)
core   0: 3 0x8000a94e (0x6a3f2b23) mem 0x80010000 0x00000001
core   0: 0x8000a952 (0x0000bfe5) c.j     pc - 8
core   0: 3 0x8000a952 (0xbfe5)
core   0: 0x8000a94a (0x00005f17) auipc   t5, 0x5
core   0: 3 0x8000a94a (0x00005f17) x30 0x8000f94a
core   0: 0x8000a94e (0x6a3f2b23) sw      gp, 1718(t5)
core   0: 3 0x8000a94e (0x6a3f2b23) mem 0x80010000 0x00000001
core   0: 0x8000a952 (0x0000bfe5) c.j     pc - 8
core   0: 3 0x8000a952 (0xbfe5)
core   0: 0x8000a94a (0x00005f17) auipc   t5, 0x5
core   0: 3 0x8000a94a (0x00005f17) x30 0x8000f94a
core   0: 0x8000a94e (0x6a3f2b23) sw      gp, 1718(t5)
core   0: 3 0x8000a94e (0x6a3f2b23) mem 0x80010000 0x00000001
core   0: 0x8000a952 (0x0000bfe5) c.j     pc - 8
core   0: 3 0x8000a952 (0xbfe5)
core   0: 0x8000a94a (0x00005f17) auipc   t5, 0x5
core   0: 3 0x8000a94a (0x00005f17) x30 0x8000f94a
core   0: 0x8000a94e (0x6a3f2b23) sw      gp, 1718(t5)
core   0: 3 0x8000a94e (0x6a3f2b23) mem 0x80010000 0x00000001
core   0: 0x8000a952 (0x0000bfe5) c.j     pc - 8
core   0: 3 0x8000a952 (0xbfe5)
core   0: 0x8000a94a (0x00005f17) auipc   t5, 0x5
core   0: 3 0x8000a94a (0x00005f17) x30 0x8000f94a
core   0: 0x8000a94e (0x6a3f2b23) sw      gp, 1718(t5)
core   0: 3 0x8000a94e (0x6a3f2b23) mem 0x80010000 0x00000001
core   0: 0x8000a952 (0x0000bfe5) c.j     pc - 8
core   0: 3 0x8000a952 (0xbfe5)
core   0: 0x8000a94a (0x00005f17) auipc   t5, 0x5
core   0: 3 0x8000a94a (0x00005f17) x30 0x8000f94a
core   0: 0x8000a94e (0x6a3f2b23) sw      gp, 1718(t5)
core   0: 3 0x8000a94e (0x6a3f2b23) mem 0x80010000 0x00000001
core   0: 0x8000a952 (0x0000bfe5) c.j     pc - 8
core   0: 3 0x8000a952 (0xbfe5)
core   0: 0x8000a94a (0x00005f17) auipc   t5, 0x5
core   0: 3 0x8000a94a (0x00005f17) x30 0x8000f94a
core   0: 0x8000a94e (0x6a3f2b23) sw      gp, 1718(t5)
core   0: 3 0x8000a94e (0x6a3f2b23) mem 0x80010000 0x00000001
core   0: 0x8000a952 (0x0000bfe5) c.j     pc - 8
core   0: 3 0x8000a952 (0xbfe5)
core   0: 0x8000a94a (0x00005f17) auipc   t5, 0x5
core   0: 3 0x8000a94a (0x00005f17) x30 0x8000f94a
core   0: 0x8000a94e (0x6a3f2b23) sw      gp, 1718(t5)
core   0: 3 0x8000a94e (0x6a3f2b23) mem 0x80010000 0x00000001
core   0: 0x8000a952 (0x0000bfe5) c.j     pc - 8
core   0: 3 0x8000a952 (0xbfe5)
core   0: 0x8000a94a (0x00005f17) auipc   t5, 0x5
core   0: 3 0x8000a94a (0x00005f17) x30 0x8000f94a
core   0: 0x8000a94e (0x6a3f2b23) sw      gp, 1718(t5)
core   0: 3 0x8000a94e (0x6a3f2b23) mem 0x80010000 0x00000001
core   0: 0x8000a952 (0x0000bfe5) c.j     pc - 8
core   0: 3 0x8000a952 (0xbfe5)
core   0: 0x8000a94a (0x00005f17) auipc   t5, 0x5
core   0: 3 0x8000a94a (0x00005f17) x30 0x8000f94a
core   0: 0x8000a94e (0x6a3f2b23) sw      gp, 1718(t5)
core   0: 3 0x8000a94e (0x6a3f2b23) mem 0x80010000 0x00000001
core   0: 0x8000a952 (0x0000bfe5) c.j     pc - 8
core   0: 3 0x8000a952 (0xbfe5)
core   0: 0x8000a94a (0x00005f17) auipc   t5, 0x5
core   0: 3 0x8000a94a (0x00005f17) x30 0x8000f94a
core   0: 0x8000a94e (0x6a3f2b23) sw      gp, 1718(t5)
core   0: 3 0x8000a94e (0x6a3f2b23) mem 0x80010000 0x00000001
core   0: 0x8000a952 (0x0000bfe5) c.j     pc - 8
core   0: 3 0x8000a952 (0xbfe5)
core   0: 0x8000a94a (0x00005f17) auipc   t5, 0x5
core   0: 3 0x8000a94a (0x00005f17) x30 0x8000f94a
core   0: 0x8000a94e (0x6a3f2b23) sw      gp, 1718(t5)
core   0: 3 0x8000a94e (0x6a3f2b23) mem 0x80010000 0x00000001
core   0: 0x8000a952 (0x0000bfe5) c.j     pc - 8
core   0: 3 0x8000a952 (0xbfe5)
core   0: 0x8000a94a (0x00005f17) auipc   t5, 0x5
core   0: 3 0x8000a94a (0x00005f17) x30 0x8000f94a
core   0: 0x8000a94e (0x6a3f2b23) sw      gp, 1718(t5)
core   0: 3 0x8000a94e (0x6a3f2b23) mem 0x80010000 0x00000001
core   0: 0x8000a952 (0x0000bfe5) c.j     pc - 8
core   0: 3 0x8000a952 (0xbfe5)
core   0: 0x8000a94a (0x00005f17) auipc   t5, 0x5
core   0: 3 0x8000a94a (0x00005f17) x30 0x8000f94a
core   0: 0x8000a94e (0x6a3f2b23) sw      gp, 1718(t5)
core   0: 3 0x8000a94e (0x6a3f2b23) mem 0x80010000 0x00000001
core   0: 0x8000a952 (0x0000bfe5) c.j     pc - 8
core   0: 3 0x8000a952 (0xbfe5)
core   0: 0x8000a94a (0x00005f17) auipc   t5, 0x5
core   0: 3 0x8000a94a (0x00005f17) x30 0x8000f94a
core   0: 0x8000a94e (0x6a3f2b23) sw      gp, 1718(t5)
core   0: 3 0x8000a94e (0x6a3f2b23) mem 0x80010000 0x00000001
core   0: 0x8000a952 (0x0000bfe5) c.j     pc - 8
core   0: 3 0x8000a952 (0xbfe5)
core   0: 0x8000a94a (0x00005f17) auipc   t5, 0x5
core   0: 3 0x8000a94a (0x00005f17) x30 0x8000f94a
core   0: 0x8000a94e (0x6a3f2b23) sw      gp, 1718(t5)
core   0: 3 0x8000a94e (0x6a3f2b23) mem 0x80010000 0x00000001
core   0: 0x8000a952 (0x0000bfe5) c.j     pc - 8
core   0: 3 0x8000a952 (0xbfe5)
core   0: 0x8000a94a (0x00005f17) auipc   t5, 0x5
core   0: 3 0x8000a94a (0x00005f17) x30 0x8000f94a
core   0: 0x8000a94e (0x6a3f2b23) sw      gp, 1718(t5)
core   0: 3 0x8000a94e (0x6a3f2b23) mem 0x80010000 0x00000001
core   0: 0x8000a952 (0x0000bfe5) c.j     pc - 8
core   0: 3 0x8000a952 (0xbfe5)
core   0: 0x8000a94a (0x00005f17) auipc   t5, 0x5
core   0: 3 0x8000a94a (0x00005f17) x30 0x8000f94a
core   0: 0x8000a94e (0x6a3f2b23) sw      gp, 1718(t5)
core   0: 3 0x8000a94e (0x6a3f2b23) mem 0x80010000 0x00000001
core   0: 0x8000a952 (0x0000bfe5) c.j     pc - 8
core   0: 3 0x8000a952 (0xbfe5)
core   0: 0x8000a94a (0x00005f17) auipc   t5, 0x5
core   0: 3 0x8000a94a (0x00005f17) x30 0x8000f94a
core   0: 0x8000a94e (0x6a3f2b23) sw      gp, 1718(t5)
core   0: 3 0x8000a94e (0x6a3f2b23) mem 0x80010000 0x00000001
core   0: 0x8000a952 (0x0000bfe5) c.j     pc - 8
core   0: 3 0x8000a952 (0xbfe5)
core   0: 0x8000a94a (0x00005f17) auipc   t5, 0x5
core   0: 3 0x8000a94a (0x00005f17) x30 0x8000f94a
core   0: 0x8000a94e (0x6a3f2b23) sw      gp, 1718(t5)
core   0: 3 0x8000a94e (0x6a3f2b23) mem 0x80010000 0x00000001
core   0: 0x8000a952 (0x0000bfe5) c.j     pc - 8
core   0: 3 0x8000a952 (0xbfe5)
core   0: 0x8000a94a (0x00005f17) auipc   t5, 0x5
core   0: 3 0x8000a94a (0x00005f17) x30 0x8000f94a
core   0: 0x8000a94e (0x6a3f2b23) sw      gp, 1718(t5)
core   0: 3 0x8000a94e (0x6a3f2b23) mem 0x80010000 0x00000001
core   0: 0x8000a952 (0x0000bfe5) c.j     pc - 8
core   0: 3 0x8000a952 (0xbfe5)
core   0: 0x8000a94a (0x00005f17) auipc   t5, 0x5
core   0: 3 0x8000a94a (0x00005f17) x30 0x8000f94a
core   0: 0x8000a94e (0x6a3f2b23) sw      gp, 1718(t5)
core   0: 3 0x8000a94e (0x6a3f2b23) mem 0x80010000 0x00000001
core   0: 0x8000a952 (0x0000bfe5) c.j     pc - 8
core   0: 3 0x8000a952 (0xbfe5)
core   0: 0x8000a94a (0x00005f17) auipc   t5, 0x5
core   0: 3 0x8000a94a (0x00005f17) x30 0x8000f94a
core   0: 0x8000a94e (0x6a3f2b23) sw      gp, 1718(t5)
core   0: 3 0x8000a94e (0x6a3f2b23) mem 0x80010000 0x00000001
core   0: 0x8000a952 (0x0000bfe5) c.j     pc - 8
core   0: 3 0x8000a952 (0xbfe5)
core   0: 0x8000a94a (0x00005f17) auipc   t5, 0x5
core   0: 3 0x8000a94a (0x00005f17) x30 0x8000f94a
core   0: 0x8000a94e (0x6a3f2b23) sw      gp, 1718(t5)
core   0: 3 0x8000a94e (0x6a3f2b23) mem 0x80010000 0x00000001
core   0: 0x8000a952 (0x0000bfe5) c.j     pc - 8
core   0: 3 0x8000a952 (0xbfe5)
core   0: 0x8000a94a (0x00005f17) auipc   t5, 0x5
core   0: 3 0x8000a94a (0x00005f17) x30 0x8000f94a
core   0: 0x8000a94e (0x6a3f2b23) sw      gp, 1718(t5)
core   0: 3 0x8000a94e (0x6a3f2b23) mem 0x80010000 0x00000001
core   0: 0x8000a952 (0x0000bfe5) c.j     pc - 8
core   0: 3 0x8000a952 (0xbfe5)
core   0: 0x8000a94a (0x00005f17) auipc   t5, 0x5
core   0: 3 0x8000a94a (0x00005f17) x30 0x8000f94a
core   0: 0x8000a94e (0x6a3f2b23) sw      gp, 1718(t5)
core   0: 3 0x8000a94e (0x6a3f2b23) mem 0x80010000 0x00000001
core   0: 0x8000a952 (0x0000bfe5) c.j     pc - 8
core   0: 3 0x8000a952 (0xbfe5)
core   0: 0x8000a94a (0x00005f17) auipc   t5, 0x5
core   0: 3 0x8000a94a (0x00005f17) x30 0x8000f94a
core   0: 0x8000a94e (0x6a3f2b23) sw      gp, 1718(t5)
core   0: 3 0x8000a94e (0x6a3f2b23) mem 0x80010000 0x00000001
core   0: 0x8000a952 (0x0000bfe5) c.j     pc - 8
core   0: 3 0x8000a952 (0xbfe5)
core   0: 0x8000a94a (0x00005f17) auipc   t5, 0x5
core   0: 3 0x8000a94a (0x00005f17) x30 0x8000f94a
core   0: 0x8000a94e (0x6a3f2b23) sw      gp, 1718(t5)
core   0: 3 0x8000a94e (0x6a3f2b23) mem 0x80010000 0x00000001
core   0: 0x8000a952 (0x0000bfe5) c.j     pc - 8
core   0: 3 0x8000a952 (0xbfe5)
core   0: 0x8000a94a (0x00005f17) auipc   t5, 0x5
core   0: 3 0x8000a94a (0x00005f17) x30 0x8000f94a
core   0: 0x8000a94e (0x6a3f2b23) sw      gp, 1718(t5)
core   0: 3 0x8000a94e (0x6a3f2b23) mem 0x80010000 0x00000001
core   0: 0x8000a952 (0x0000bfe5) c.j     pc - 8
core   0: 3 0x8000a952 (0xbfe5)
core   0: 0x8000a94a (0x00005f17) auipc   t5, 0x5
core   0: 3 0x8000a94a (0x00005f17) x30 0x8000f94a
core   0: 0x8000a94e (0x6a3f2b23) sw      gp, 1718(t5)
core   0: 3 0x8000a94e (0x6a3f2b23) mem 0x80010000 0x00000001
core   0: 0x8000a952 (0x0000bfe5) c.j     pc - 8
core   0: 3 0x8000a952 (0xbfe5)
core   0: 0x8000a94a (0x00005f17) auipc   t5, 0x5
core   0: 3 0x8000a94a (0x00005f17) x30 0x8000f94a
core   0: 0x8000a94e (0x6a3f2b23) sw      gp, 1718(t5)
core   0: 3 0x8000a94e (0x6a3f2b23) mem 0x80010000 0x00000001
core   0: 0x8000a952 (0x0000bfe5) c.j     pc - 8
core   0: 3 0x8000a952 (0xbfe5)
core   0: 0x8000a94a (0x00005f17) auipc   t5, 0x5
core   0: 3 0x8000a94a (0x00005f17) x30 0x8000f94a
core   0: 0x8000a94e (0x6a3f2b23) sw      gp, 1718(t5)
core   0: 3 0x8000a94e (0x6a3f2b23) mem 0x80010000 0x00000001
core   0: 0x8000a952 (0x0000bfe5) c.j     pc - 8
core   0: 3 0x8000a952 (0xbfe5)
core   0: 0x8000a94a (0x00005f17) auipc   t5, 0x5
core   0: 3 0x8000a94a (0x00005f17) x30 0x8000f94a
core   0: 0x8000a94e (0x6a3f2b23) sw      gp, 1718(t5)
core   0: 3 0x8000a94e (0x6a3f2b23) mem 0x80010000 0x00000001
core   0: 0x8000a952 (0x0000bfe5) c.j     pc - 8
core   0: 3 0x8000a952 (0xbfe5)
core   0: 0x8000a94a (0x00005f17) auipc   t5, 0x5
core   0: 3 0x8000a94a (0x00005f17) x30 0x8000f94a
core   0: 0x8000a94e (0x6a3f2b23) sw      gp, 1718(t5)
core   0: 3 0x8000a94e (0x6a3f2b23) mem 0x80010000 0x00000001
core   0: 0x8000a952 (0x0000bfe5) c.j     pc - 8
core   0: 3 0x8000a952 (0xbfe5)
core   0: 0x8000a94a (0x00005f17) auipc   t5, 0x5
core   0: 3 0x8000a94a (0x00005f17) x30 0x8000f94a
core   0: 0x8000a94e (0x6a3f2b23) sw      gp, 1718(t5)
core   0: 3 0x8000a94e (0x6a3f2b23) mem 0x80010000 0x00000001
core   0: 0x8000a952 (0x0000bfe5) c.j     pc - 8
core   0: 3 0x8000a952 (0xbfe5)
core   0: 0x8000a94a (0x00005f17) auipc   t5, 0x5
core   0: 3 0x8000a94a (0x00005f17) x30 0x8000f94a
core   0: 0x8000a94e (0x6a3f2b23) sw      gp, 1718(t5)
core   0: 3 0x8000a94e (0x6a3f2b23) mem 0x80010000 0x00000001
core   0: 0x8000a952 (0x0000bfe5) c.j     pc - 8
core   0: 3 0x8000a952 (0xbfe5)
core   0: 0x8000a94a (0x00005f17) auipc   t5, 0x5
core   0: 3 0x8000a94a (0x00005f17) x30 0x8000f94a
core   0: 0x8000a94e (0x6a3f2b23) sw      gp, 1718(t5)
core   0: 3 0x8000a94e (0x6a3f2b23) mem 0x80010000 0x00000001
core   0: 0x8000a952 (0x0000bfe5) c.j     pc - 8
core   0: 3 0x8000a952 (0xbfe5)
core   0: 0x8000a94a (0x00005f17) auipc   t5, 0x5
core   0: 3 0x8000a94a (0x00005f17) x30 0x8000f94a
core   0: 0x8000a94e (0x6a3f2b23) sw      gp, 1718(t5)
core   0: 3 0x8000a94e (0x6a3f2b23) mem 0x80010000 0x00000001
core   0: 0x8000a952 (0x0000bfe5) c.j     pc - 8
core   0: 3 0x8000a952 (0xbfe5)
core   0: 0x8000a94a (0x00005f17) auipc   t5, 0x5
core   0: 3 0x8000a94a (0x00005f17) x30 0x8000f94a
core   0: 0x8000a94e (0x6a3f2b23) sw      gp, 1718(t5)
core   0: 3 0x8000a94e (0x6a3f2b23) mem 0x80010000 0x00000001
core   0: 0x8000a952 (0x0000bfe5) c.j     pc - 8
core   0: 3 0x8000a952 (0xbfe5)
core   0: 0x8000a94a (0x00005f17) auipc   t5, 0x5
core   0: 3 0x8000a94a (0x00005f17) x30 0x8000f94a
core   0: 0x8000a94e (0x6a3f2b23) sw      gp, 1718(t5)
core   0: 3 0x8000a94e (0x6a3f2b23) mem 0x80010000 0x00000001
core   0: 0x8000a952 (0x0000bfe5) c.j     pc - 8
core   0: 3 0x8000a952 (0xbfe5)
core   0: 0x8000a94a (0x00005f17) auipc   t5, 0x5
core   0: 3 0x8000a94a (0x00005f17) x30 0x8000f94a
core   0: 0x8000a94e (0x6a3f2b23) sw      gp, 1718(t5)
core   0: 3 0x8000a94e (0x6a3f2b23) mem 0x80010000 0x00000001
core   0: 0x8000a952 (0x0000bfe5) c.j     pc - 8
core   0: 3 0x8000a952 (0xbfe5)
core   0: 0x8000a94a (0x00005f17) auipc   t5, 0x5
core   0: 3 0x8000a94a (0x00005f17) x30 0x8000f94a
core   0: 0x8000a94e (0x6a3f2b23) sw      gp, 1718(t5)
core   0: 3 0x8000a94e (0x6a3f2b23) mem 0x80010000 0x00000001
core   0: 0x8000a952 (0x0000bfe5) c.j     pc - 8
core   0: 3 0x8000a952 (0xbfe5)
core   0: 0x8000a94a (0x00005f17) auipc   t5, 0x5
core   0: 3 0x8000a94a (0x00005f17) x30 0x8000f94a
core   0: 0x8000a94e (0x6a3f2b23) sw      gp, 1718(t5)
core   0: 3 0x8000a94e (0x6a3f2b23) mem 0x80010000 0x00000001
core   0: 0x8000a952 (0x0000bfe5) c.j     pc - 8
core   0: 3 0x8000a952 (0xbfe5)
core   0: 0x8000a94a (0x00005f17) auipc   t5, 0x5
core   0: 3 0x8000a94a (0x00005f17) x30 0x8000f94a
core   0: 0x8000a94e (0x6a3f2b23) sw      gp, 1718(t5)
core   0: 3 0x8000a94e (0x6a3f2b23) mem 0x80010000 0x00000001
core   0: 0x8000a952 (0x0000bfe5) c.j     pc - 8
core   0: 3 0x8000a952 (0xbfe5)
core   0: 0x8000a94a (0x00005f17) auipc   t5, 0x5
core   0: 3 0x8000a94a (0x00005f17) x30 0x8000f94a
core   0: 0x8000a94e (0x6a3f2b23) sw      gp, 1718(t5)
core   0: 3 0x8000a94e (0x6a3f2b23) mem 0x80010000 0x00000001
core   0: 0x8000a952 (0x0000bfe5) c.j     pc - 8
core   0: 3 0x8000a952 (0xbfe5)
core   0: 0x8000a94a (0x00005f17) auipc   t5, 0x5
core   0: 3 0x8000a94a (0x00005f17) x30 0x8000f94a
core   0: 0x8000a94e (0x6a3f2b23) sw      gp, 1718(t5)
core   0: 3 0x8000a94e (0x6a3f2b23) mem 0x80010000 0x00000001
core   0: 0x8000a952 (0x0000bfe5) c.j     pc - 8
core   0: 3 0x8000a952 (0xbfe5)
core   0: 0x8000a94a (0x00005f17) auipc   t5, 0x5
core   0: 3 0x8000a94a (0x00005f17) x30 0x8000f94a
core   0: 0x8000a94e (0x6a3f2b23) sw      gp, 1718(t5)
core   0: 3 0x8000a94e (0x6a3f2b23) mem 0x80010000 0x00000001
core   0: 0x8000a952 (0x0000bfe5) c.j     pc - 8
core   0: 3 0x8000a952 (0xbfe5)
core   0: 0x8000a94a (0x00005f17) auipc   t5, 0x5
core   0: 3 0x8000a94a (0x00005f17) x30 0x8000f94a
core   0: 0x8000a94e (0x6a3f2b23) sw      gp, 1718(t5)
core   0: 3 0x8000a94e (0x6a3f2b23) mem 0x80010000 0x00000001
core   0: 0x8000a952 (0x0000bfe5) c.j     pc - 8
core   0: 3 0x8000a952 (0xbfe5)
core   0: 0x8000a94a (0x00005f17) auipc   t5, 0x5
core   0: 3 0x8000a94a (0x00005f17) x30 0x8000f94a
core   0: 0x8000a94e (0x6a3f2b23) sw      gp, 1718(t5)
core   0: 3 0x8000a94e (0x6a3f2b23) mem 0x80010000 0x00000001
core   0: 0x8000a952 (0x0000bfe5) c.j     pc - 8
core   0: 3 0x8000a952 (0xbfe5)
core   0: 0x8000a94a (0x00005f17) auipc   t5, 0x5
core   0: 3 0x8000a94a (0x00005f17) x30 0x8000f94a
core   0: 0x8000a94e (0x6a3f2b23) sw      gp, 1718(t5)
core   0: 3 0x8000a94e (0x6a3f2b23) mem 0x80010000 0x00000001
core   0: 0x8000a952 (0x0000bfe5) c.j     pc - 8
core   0: 3 0x8000a952 (0xbfe5)
core   0: 0x8000a94a (0x00005f17) auipc   t5, 0x5
core   0: 3 0x8000a94a (0x00005f17) x30 0x8000f94a
core   0: 0x8000a94e (0x6a3f2b23) sw      gp, 1718(t5)
core   0: 3 0x8000a94e (0x6a3f2b23) mem 0x80010000 0x00000001
core   0: 0x8000a952 (0x0000bfe5) c.j     pc - 8
core   0: 3 0x8000a952 (0xbfe5)
core   0: 0x8000a94a (0x00005f17) auipc   t5, 0x5
core   0: 3 0x8000a94a (0x00005f17) x30 0x8000f94a
core   0: 0x8000a94e (0x6a3f2b23) sw      gp, 1718(t5)
core   0: 3 0x8000a94e (0x6a3f2b23) mem 0x80010000 0x00000001
core   0: 0x8000a952 (0x0000bfe5) c.j     pc - 8
core   0: 3 0x8000a952 (0xbfe5)
core   0: 0x8000a94a (0x00005f17) auipc   t5, 0x5
core   0: 3 0x8000a94a (0x00005f17) x30 0x8000f94a
core   0: 0x8000a94e (0x6a3f2b23) sw      gp, 1718(t5)
core   0: 3 0x8000a94e (0x6a3f2b23) mem 0x80010000 0x00000001
core   0: 0x8000a952 (0x0000bfe5) c.j     pc - 8
core   0: 3 0x8000a952 (0xbfe5)
core   0: 0x8000a94a (0x00005f17) auipc   t5, 0x5
core   0: 3 0x8000a94a (0x00005f17) x30 0x8000f94a
core   0: 0x8000a94e (0x6a3f2b23) sw      gp, 1718(t5)
core   0: 3 0x8000a94e (0x6a3f2b23) mem 0x80010000 0x00000001
core   0: 0x8000a952 (0x0000bfe5) c.j     pc - 8
core   0: 3 0x8000a952 (0xbfe5)
core   0: 0x8000a94a (0x00005f17) auipc   t5, 0x5
core   0: 3 0x8000a94a (0x00005f17) x30 0x8000f94a
core   0: 0x8000a94e (0x6a3f2b23) sw      gp, 1718(t5)
core   0: 3 0x8000a94e (0x6a3f2b23) mem 0x80010000 0x00000001
core   0: 0x8000a952 (0x0000bfe5) c.j     pc - 8
core   0: 3 0x8000a952 (0xbfe5)
core   0: 0x8000a94a (0x00005f17) auipc   t5, 0x5
core   0: 3 0x8000a94a (0x00005f17) x30 0x8000f94a
core   0: 0x8000a94e (0x6a3f2b23) sw      gp, 1718(t5)
core   0: 3 0x8000a94e (0x6a3f2b23) mem 0x80010000 0x00000001
core   0: 0x8000a952 (0x0000bfe5) c.j     pc - 8
core   0: 3 0x8000a952 (0xbfe5)
core   0: 0x8000a94a (0x00005f17) auipc   t5, 0x5
core   0: 3 0x8000a94a (0x00005f17) x30 0x8000f94a
core   0: 0x8000a94e (0x6a3f2b23) sw      gp, 1718(t5)
core   0: 3 0x8000a94e (0x6a3f2b23) mem 0x80010000 0x00000001
core   0: 0x8000a952 (0x0000bfe5) c.j     pc - 8
core   0: 3 0x8000a952 (0xbfe5)
core   0: 0x8000a94a (0x00005f17) auipc   t5, 0x5
core   0: 3 0x8000a94a (0x00005f17) x30 0x8000f94a
core   0: 0x8000a94e (0x6a3f2b23) sw      gp, 1718(t5)
core   0: 3 0x8000a94e (0x6a3f2b23) mem 0x80010000 0x00000001
core   0: 0x8000a952 (0x0000bfe5) c.j     pc - 8
core   0: 3 0x8000a952 (0xbfe5)
core   0: 0x8000a94a (0x00005f17) auipc   t5, 0x5
core   0: 3 0x8000a94a (0x00005f17) x30 0x8000f94a
core   0: 0x8000a94e (0x6a3f2b23) sw      gp, 1718(t5)
core   0: 3 0x8000a94e (0x6a3f2b23) mem 0x80010000 0x00000001
core   0: 0x8000a952 (0x0000bfe5) c.j     pc - 8
core   0: 3 0x8000a952 (0xbfe5)
core   0: 0x8000a94a (0x00005f17) auipc   t5, 0x5
core   0: 3 0x8000a94a (0x00005f17) x30 0x8000f94a
core   0: 0x8000a94e (0x6a3f2b23) sw      gp, 1718(t5)
core   0: 3 0x8000a94e (0x6a3f2b23) mem 0x80010000 0x00000001
core   0: 0x8000a952 (0x0000bfe5) c.j     pc - 8
core   0: 3 0x8000a952 (0xbfe5)
core   0: 0x8000a94a (0x00005f17) auipc   t5, 0x5
core   0: 3 0x8000a94a (0x00005f17) x30 0x8000f94a
core   0: 0x8000a94e (0x6a3f2b23) sw      gp, 1718(t5)
core   0: 3 0x8000a94e (0x6a3f2b23) mem 0x80010000 0x00000001
core   0: 0x8000a952 (0x0000bfe5) c.j     pc - 8
core   0: 3 0x8000a952 (0xbfe5)
core   0: 0x8000a94a (0x00005f17) auipc   t5, 0x5
core   0: 3 0x8000a94a (0x00005f17) x30 0x8000f94a
core   0: 0x8000a94e (0x6a3f2b23) sw      gp, 1718(t5)
core   0: 3 0x8000a94e (0x6a3f2b23) mem 0x80010000 0x00000001
core   0: 0x8000a952 (0x0000bfe5) c.j     pc - 8
core   0: 3 0x8000a952 (0xbfe5)
core   0: 0x8000a94a (0x00005f17) auipc   t5, 0x5
core   0: 3 0x8000a94a (0x00005f17) x30 0x8000f94a
core   0: 0x8000a94e (0x6a3f2b23) sw      gp, 1718(t5)
core   0: 3 0x8000a94e (0x6a3f2b23) mem 0x80010000 0x00000001
core   0: 0x8000a952 (0x0000bfe5) c.j     pc - 8
core   0: 3 0x8000a952 (0xbfe5)
core   0: 0x8000a94a (0x00005f17) auipc   t5, 0x5
core   0: 3 0x8000a94a (0x00005f17) x30 0x8000f94a
core   0: 0x8000a94e (0x6a3f2b23) sw      gp, 1718(t5)
core   0: 3 0x8000a94e (0x6a3f2b23) mem 0x80010000 0x00000001
core   0: 0x8000a952 (0x0000bfe5) c.j     pc - 8
core   0: 3 0x8000a952 (0xbfe5)
core   0: 0x8000a94a (0x00005f17) auipc   t5, 0x5
core   0: 3 0x8000a94a (0x00005f17) x30 0x8000f94a
core   0: 0x8000a94e (0x6a3f2b23) sw      gp, 1718(t5)
core   0: 3 0x8000a94e (0x6a3f2b23) mem 0x80010000 0x00000001
core   0: 0x8000a952 (0x0000bfe5) c.j     pc - 8
core   0: 3 0x8000a952 (0xbfe5)
core   0: 0x8000a94a (0x00005f17) auipc   t5, 0x5
core   0: 3 0x8000a94a (0x00005f17) x30 0x8000f94a
core   0: 0x8000a94e (0x6a3f2b23) sw      gp, 1718(t5)
core   0: 3 0x8000a94e (0x6a3f2b23) mem 0x80010000 0x00000001
core   0: 0x8000a952 (0x0000bfe5) c.j     pc - 8
core   0: 3 0x8000a952 (0xbfe5)
core   0: 0x8000a94a (0x00005f17) auipc   t5, 0x5
core   0: 3 0x8000a94a (0x00005f17) x30 0x8000f94a
core   0: 0x8000a94e (0x6a3f2b23) sw      gp, 1718(t5)
core   0: 3 0x8000a94e (0x6a3f2b23) mem 0x80010000 0x00000001
core   0: 0x8000a952 (0x0000bfe5) c.j     pc - 8
core   0: 3 0x8000a952 (0xbfe5)
core   0: 0x8000a94a (0x00005f17) auipc   t5, 0x5
core   0: 3 0x8000a94a (0x00005f17) x30 0x8000f94a
core   0: 0x8000a94e (0x6a3f2b23) sw      gp, 1718(t5)
core   0: 3 0x8000a94e (0x6a3f2b23) mem 0x80010000 0x00000001
core   0: 0x8000a952 (0x0000bfe5) c.j     pc - 8
core   0: 3 0x8000a952 (0xbfe5)
core   0: 0x8000a94a (0x00005f17) auipc   t5, 0x5
core   0: 3 0x8000a94a (0x00005f17) x30 0x8000f94a
core   0: 0x8000a94e (0x6a3f2b23) sw      gp, 1718(t5)
core   0: 3 0x8000a94e (0x6a3f2b23) mem 0x80010000 0x00000001
core   0: 0x8000a952 (0x0000bfe5) c.j     pc - 8
core   0: 3 0x8000a952 (0xbfe5)
core   0: 0x8000a94a (0x00005f17) auipc   t5, 0x5
core   0: 3 0x8000a94a (0x00005f17) x30 0x8000f94a
core   0: 0x8000a94e (0x6a3f2b23) sw      gp, 1718(t5)
core   0: 3 0x8000a94e (0x6a3f2b23) mem 0x80010000 0x00000001
core   0: 0x8000a952 (0x0000bfe5) c.j     pc - 8
core   0: 3 0x8000a952 (0xbfe5)
core   0: 0x8000a94a (0x00005f17) auipc   t5, 0x5
core   0: 3 0x8000a94a (0x00005f17) x30 0x8000f94a
core   0: 0x8000a94e (0x6a3f2b23) sw      gp, 1718(t5)
core   0: 3 0x8000a94e (0x6a3f2b23) mem 0x80010000 0x00000001
core   0: 0x8000a952 (0x0000bfe5) c.j     pc - 8
core   0: 3 0x8000a952 (0xbfe5)
core   0: 0x8000a94a (0x00005f17) auipc   t5, 0x5
core   0: 3 0x8000a94a (0x00005f17) x30 0x8000f94a
core   0: 0x8000a94e (0x6a3f2b23) sw      gp, 1718(t5)
core   0: 3 0x8000a94e (0x6a3f2b23) mem 0x80010000 0x00000001
core   0: 0x8000a952 (0x0000bfe5) c.j     pc - 8
core   0: 3 0x8000a952 (0xbfe5)
core   0: 0x8000a94a (0x00005f17) auipc   t5, 0x5
core   0: 3 0x8000a94a (0x00005f17) x30 0x8000f94a
core   0: 0x8000a94e (0x6a3f2b23) sw      gp, 1718(t5)
core   0: 3 0x8000a94e (0x6a3f2b23) mem 0x80010000 0x00000001
core   0: 0x8000a952 (0x0000bfe5) c.j     pc - 8
core   0: 3 0x8000a952 (0xbfe5)
core   0: 0x8000a94a (0x00005f17) auipc   t5, 0x5
core   0: 3 0x8000a94a (0x00005f17) x30 0x8000f94a
core   0: 0x8000a94e (0x6a3f2b23) sw      gp, 1718(t5)
core   0: 3 0x8000a94e (0x6a3f2b23) mem 0x80010000 0x00000001
core   0: 0x8000a952 (0x0000bfe5) c.j     pc - 8
core   0: 3 0x8000a952 (0xbfe5)
core   0: 0x8000a94a (0x00005f17) auipc   t5, 0x5
core   0: 3 0x8000a94a (0x00005f17) x30 0x8000f94a
core   0: 0x8000a94e (0x6a3f2b23) sw      gp, 1718(t5)
core   0: 3 0x8000a94e (0x6a3f2b23) mem 0x80010000 0x00000001
core   0: 0x8000a952 (0x0000bfe5) c.j     pc - 8
core   0: 3 0x8000a952 (0xbfe5)
core   0: 0x8000a94a (0x00005f17) auipc   t5, 0x5
core   0: 3 0x8000a94a (0x00005f17) x30 0x8000f94a
core   0: 0x8000a94e (0x6a3f2b23) sw      gp, 1718(t5)
core   0: 3 0x8000a94e (0x6a3f2b23) mem 0x80010000 0x00000001
core   0: 0x8000a952 (0x0000bfe5) c.j     pc - 8
core   0: 3 0x8000a952 (0xbfe5)
core   0: 0x8000a94a (0x00005f17) auipc   t5, 0x5
core   0: 3 0x8000a94a (0x00005f17) x30 0x8000f94a
core   0: 0x8000a94e (0x6a3f2b23) sw      gp, 1718(t5)
core   0: 3 0x8000a94e (0x6a3f2b23) mem 0x80010000 0x00000001
core   0: 0x8000a952 (0x0000bfe5) c.j     pc - 8
core   0: 3 0x8000a952 (0xbfe5)
core   0: 0x8000a94a (0x00005f17) auipc   t5, 0x5
core   0: 3 0x8000a94a (0x00005f17) x30 0x8000f94a
core   0: 0x8000a94e (0x6a3f2b23) sw      gp, 1718(t5)
core   0: 3 0x8000a94e (0x6a3f2b23) mem 0x80010000 0x00000001
core   0: 0x8000a952 (0x0000bfe5) c.j     pc - 8
core   0: 3 0x8000a952 (0xbfe5)
core   0: 0x8000a94a (0x00005f17) auipc   t5, 0x5
core   0: 3 0x8000a94a (0x00005f17) x30 0x8000f94a
core   0: 0x8000a94e (0x6a3f2b23) sw      gp, 1718(t5)
core   0: 3 0x8000a94e (0x6a3f2b23) mem 0x80010000 0x00000001
core   0: 0x8000a952 (0x0000bfe5) c.j     pc - 8
core   0: 3 0x8000a952 (0xbfe5)
core   0: 0x8000a94a (0x00005f17) auipc   t5, 0x5
core   0: 3 0x8000a94a (0x00005f17) x30 0x8000f94a
core   0: 0x8000a94e (0x6a3f2b23) sw      gp, 1718(t5)
core   0: 3 0x8000a94e (0x6a3f2b23) mem 0x80010000 0x00000001
core   0: 0x8000a952 (0x0000bfe5) c.j     pc - 8
core   0: 3 0x8000a952 (0xbfe5)
core   0: 0x8000a94a (0x00005f17) auipc   t5, 0x5
core   0: 3 0x8000a94a (0x00005f17) x30 0x8000f94a
core   0: 0x8000a94e (0x6a3f2b23) sw      gp, 1718(t5)
core   0: 3 0x8000a94e (0x6a3f2b23) mem 0x80010000 0x00000001
core   0: 0x8000a952 (0x0000bfe5) c.j     pc - 8
core   0: 3 0x8000a952 (0xbfe5)
core   0: 0x8000a94a (0x00005f17) auipc   t5, 0x5
core   0: 3 0x8000a94a (0x00005f17) x30 0x8000f94a
core   0: 0x8000a94e (0x6a3f2b23) sw      gp, 1718(t5)
core   0: 3 0x8000a94e (0x6a3f2b23) mem 0x80010000 0x00000001
core   0: 0x8000a952 (0x0000bfe5) c.j     pc - 8
core   0: 3 0x8000a952 (0xbfe5)
core   0: 0x8000a94a (0x00005f17) auipc   t5, 0x5
core   0: 3 0x8000a94a (0x00005f17) x30 0x8000f94a
core   0: 0x8000a94e (0x6a3f2b23) sw      gp, 1718(t5)
core   0: 3 0x8000a94e (0x6a3f2b23) mem 0x80010000 0x00000001
core   0: 0x8000a952 (0x0000bfe5) c.j     pc - 8
core   0: 3 0x8000a952 (0xbfe5)
core   0: 0x8000a94a (0x00005f17) auipc   t5, 0x5
core   0: 3 0x8000a94a (0x00005f17) x30 0x8000f94a
core   0: 0x8000a94e (0x6a3f2b23) sw      gp, 1718(t5)
core   0: 3 0x8000a94e (0x6a3f2b23) mem 0x80010000 0x00000001
core   0: 0x8000a952 (0x0000bfe5) c.j     pc - 8
core   0: 3 0x8000a952 (0xbfe5)
core   0: 0x8000a94a (0x00005f17) auipc   t5, 0x5
core   0: 3 0x8000a94a (0x00005f17) x30 0x8000f94a
core   0: 0x8000a94e (0x6a3f2b23) sw      gp, 1718(t5)
core   0: 3 0x8000a94e (0x6a3f2b23) mem 0x80010000 0x00000001
core   0: 0x8000a952 (0x0000bfe5) c.j     pc - 8
core   0: 3 0x8000a952 (0xbfe5)
core   0: 0x8000a94a (0x00005f17) auipc   t5, 0x5
core   0: 3 0x8000a94a (0x00005f17) x30 0x8000f94a
core   0: 0x8000a94e (0x6a3f2b23) sw      gp, 1718(t5)
core   0: 3 0x8000a94e (0x6a3f2b23) mem 0x80010000 0x00000001
core   0: 0x8000a952 (0x0000bfe5) c.j     pc - 8
core   0: 3 0x8000a952 (0xbfe5)
core   0: 0x8000a94a (0x00005f17) auipc   t5, 0x5
core   0: 3 0x8000a94a (0x00005f17) x30 0x8000f94a
core   0: 0x8000a94e (0x6a3f2b23) sw      gp, 1718(t5)
core   0: 3 0x8000a94e (0x6a3f2b23) mem 0x80010000 0x00000001
core   0: 0x8000a952 (0x0000bfe5) c.j     pc - 8
core   0: 3 0x8000a952 (0xbfe5)
core   0: 0x8000a94a (0x00005f17) auipc   t5, 0x5
core   0: 3 0x8000a94a (0x00005f17) x30 0x8000f94a
core   0: 0x8000a94e (0x6a3f2b23) sw      gp, 1718(t5)
core   0: 3 0x8000a94e (0x6a3f2b23) mem 0x80010000 0x00000001
core   0: 0x8000a952 (0x0000bfe5) c.j     pc - 8
core   0: 3 0x8000a952 (0xbfe5)
core   0: 0x8000a94a (0x00005f17) auipc   t5, 0x5
core   0: 3 0x8000a94a (0x00005f17) x30 0x8000f94a
core   0: 0x8000a94e (0x6a3f2b23) sw      gp, 1718(t5)
core   0: 3 0x8000a94e (0x6a3f2b23) mem 0x80010000 0x00000001
core   0: 0x8000a952 (0x0000bfe5) c.j     pc - 8
core   0: 3 0x8000a952 (0xbfe5)
core   0: 0x8000a94a (0x00005f17) auipc   t5, 0x5
core   0: 3 0x8000a94a (0x00005f17) x30 0x8000f94a
core   0: 0x8000a94e (0x6a3f2b23) sw      gp, 1718(t5)
core   0: 3 0x8000a94e (0x6a3f2b23) mem 0x80010000 0x00000001
core   0: 0x8000a952 (0x0000bfe5) c.j     pc - 8
core   0: 3 0x8000a952 (0xbfe5)
core   0: 0x8000a94a (0x00005f17) auipc   t5, 0x5
core   0: 3 0x8000a94a (0x00005f17) x30 0x8000f94a
core   0: 0x8000a94e (0x6a3f2b23) sw      gp, 1718(t5)
core   0: 3 0x8000a94e (0x6a3f2b23) mem 0x80010000 0x00000001
core   0: 0x8000a952 (0x0000bfe5) c.j     pc - 8
core   0: 3 0x8000a952 (0xbfe5)
core   0: 0x8000a94a (0x00005f17) auipc   t5, 0x5
core   0: 3 0x8000a94a (0x00005f17) x30 0x8000f94a
core   0: 0x8000a94e (0x6a3f2b23) sw      gp, 1718(t5)
core   0: 3 0x8000a94e (0x6a3f2b23) mem 0x80010000 0x00000001
core   0: 0x8000a952 (0x0000bfe5) c.j     pc - 8
core   0: 3 0x8000a952 (0xbfe5)
core   0: 0x8000a94a (0x00005f17) auipc   t5, 0x5
core   0: 3 0x8000a94a (0x00005f17) x30 0x8000f94a
core   0: 0x8000a94e (0x6a3f2b23) sw      gp, 1718(t5)
core   0: 3 0x8000a94e (0x6a3f2b23) mem 0x80010000 0x00000001
core   0: 0x8000a952 (0x0000bfe5) c.j     pc - 8
core   0: 3 0x8000a952 (0xbfe5)
core   0: 0x8000a94a (0x00005f17) auipc   t5, 0x5
core   0: 3 0x8000a94a (0x00005f17) x30 0x8000f94a
core   0: 0x8000a94e (0x6a3f2b23) sw      gp, 1718(t5)
core   0: 3 0x8000a94e (0x6a3f2b23) mem 0x80010000 0x00000001
core   0: 0x8000a952 (0x0000bfe5) c.j     pc - 8
core   0: 3 0x8000a952 (0xbfe5)
core   0: 0x8000a94a (0x00005f17) auipc   t5, 0x5
core   0: 3 0x8000a94a (0x00005f17) x30 0x8000f94a
core   0: 0x8000a94e (0x6a3f2b23) sw      gp, 1718(t5)
core   0: 3 0x8000a94e (0x6a3f2b23) mem 0x80010000 0x00000001
core   0: 0x8000a952 (0x0000bfe5) c.j     pc - 8
core   0: 3 0x8000a952 (0xbfe5)
core   0: 0x8000a94a (0x00005f17) auipc   t5, 0x5
core   0: 3 0x8000a94a (0x00005f17) x30 0x8000f94a
core   0: 0x8000a94e (0x6a3f2b23) sw      gp, 1718(t5)
core   0: 3 0x8000a94e (0x6a3f2b23) mem 0x80010000 0x00000001
core   0: 0x8000a952 (0x0000bfe5) c.j     pc - 8
core   0: 3 0x8000a952 (0xbfe5)
core   0: 0x8000a94a (0x00005f17) auipc   t5, 0x5
core   0: 3 0x8000a94a (0x00005f17) x30 0x8000f94a
core   0: 0x8000a94e (0x6a3f2b23) sw      gp, 1718(t5)
core   0: 3 0x8000a94e (0x6a3f2b23) mem 0x80010000 0x00000001
core   0: 0x8000a952 (0x0000bfe5) c.j     pc - 8
core   0: 3 0x8000a952 (0xbfe5)
core   0: 0x8000a94a (0x00005f17) auipc   t5, 0x5
core   0: 3 0x8000a94a (0x00005f17) x30 0x8000f94a
core   0: 0x8000a94e (0x6a3f2b23) sw      gp, 1718(t5)
core   0: 3 0x8000a94e (0x6a3f2b23) mem 0x80010000 0x00000001
core   0: 0x8000a952 (0x0000bfe5) c.j     pc - 8
core   0: 3 0x8000a952 (0xbfe5)
core   0: 0x8000a94a (0x00005f17) auipc   t5, 0x5
core   0: 3 0x8000a94a (0x00005f17) x30 0x8000f94a
core   0: 0x8000a94e (0x6a3f2b23) sw      gp, 1718(t5)
core   0: 3 0x8000a94e (0x6a3f2b23) mem 0x80010000 0x00000001
core   0: 0x8000a952 (0x0000bfe5) c.j     pc - 8
core   0: 3 0x8000a952 (0xbfe5)
core   0: 0x8000a94a (0x00005f17) auipc   t5, 0x5
core   0: 3 0x8000a94a (0x00005f17) x30 0x8000f94a
core   0: 0x8000a94e (0x6a3f2b23) sw      gp, 1718(t5)
core   0: 3 0x8000a94e (0x6a3f2b23) mem 0x80010000 0x00000001
core   0: 0x8000a952 (0x0000bfe5) c.j     pc - 8
core   0: 3 0x8000a952 (0xbfe5)
core   0: 0x8000a94a (0x00005f17) auipc   t5, 0x5
core   0: 3 0x8000a94a (0x00005f17) x30 0x8000f94a
core   0: 0x8000a94e (0x6a3f2b23) sw      gp, 1718(t5)
core   0: 3 0x8000a94e (0x6a3f2b23) mem 0x80010000 0x00000001
core   0: 0x8000a952 (0x0000bfe5) c.j     pc - 8
core   0: 3 0x8000a952 (0xbfe5)
core   0: 0x8000a94a (0x00005f17) auipc   t5, 0x5
core   0: 3 0x8000a94a (0x00005f17) x30 0x8000f94a
core   0: 0x8000a94e (0x6a3f2b23) sw      gp, 1718(t5)
core   0: 3 0x8000a94e (0x6a3f2b23) mem 0x80010000 0x00000001
core   0: 0x8000a952 (0x0000bfe5) c.j     pc - 8
core   0: 3 0x8000a952 (0xbfe5)
core   0: 0x8000a94a (0x00005f17) auipc   t5, 0x5
core   0: 3 0x8000a94a (0x00005f17) x30 0x8000f94a
core   0: 0x8000a94e (0x6a3f2b23) sw      gp, 1718(t5)
core   0: 3 0x8000a94e (0x6a3f2b23) mem 0x80010000 0x00000001
core   0: 0x8000a952 (0x0000bfe5) c.j     pc - 8
core   0: 3 0x8000a952 (0xbfe5)
core   0: 0x8000a94a (0x00005f17) auipc   t5, 0x5
core   0: 3 0x8000a94a (0x00005f17) x30 0x8000f94a
core   0: 0x8000a94e (0x6a3f2b23) sw      gp, 1718(t5)
core   0: 3 0x8000a94e (0x6a3f2b23) mem 0x80010000 0x00000001
core   0: 0x8000a952 (0x0000bfe5) c.j     pc - 8
core   0: 3 0x8000a952 (0xbfe5)
core   0: 0x8000a94a (0x00005f17) auipc   t5, 0x5
core   0: 3 0x8000a94a (0x00005f17) x30 0x8000f94a
core   0: 0x8000a94e (0x6a3f2b23) sw      gp, 1718(t5)
core   0: 3 0x8000a94e (0x6a3f2b23) mem 0x80010000 0x00000001
core   0: 0x8000a952 (0x0000bfe5) c.j     pc - 8
core   0: 3 0x8000a952 (0xbfe5)
core   0: 0x8000a94a (0x00005f17) auipc   t5, 0x5
core   0: 3 0x8000a94a (0x00005f17) x30 0x8000f94a
core   0: 0x8000a94e (0x6a3f2b23) sw      gp, 1718(t5)
core   0: 3 0x8000a94e (0x6a3f2b23) mem 0x80010000 0x00000001
core   0: 0x8000a952 (0x0000bfe5) c.j     pc - 8
core   0: 3 0x8000a952 (0xbfe5)
core   0: 0x8000a94a (0x00005f17) auipc   t5, 0x5
core   0: 3 0x8000a94a (0x00005f17) x30 0x8000f94a
core   0: 0x8000a94e (0x6a3f2b23) sw      gp, 1718(t5)
core   0: 3 0x8000a94e (0x6a3f2b23) mem 0x80010000 0x00000001
core   0: 0x8000a952 (0x0000bfe5) c.j     pc - 8
core   0: 3 0x8000a952 (0xbfe5)
core   0: 0x8000a94a (0x00005f17) auipc   t5, 0x5
core   0: 3 0x8000a94a (0x00005f17) x30 0x8000f94a
core   0: 0x8000a94e (0x6a3f2b23) sw      gp, 1718(t5)
core   0: 3 0x8000a94e (0x6a3f2b23) mem 0x80010000 0x00000001
core   0: 0x8000a952 (0x0000bfe5) c.j     pc - 8
core   0: 3 0x8000a952 (0xbfe5)
core   0: 0x8000a94a (0x00005f17) auipc   t5, 0x5
core   0: 3 0x8000a94a (0x00005f17) x30 0x8000f94a
core   0: 0x8000a94e (0x6a3f2b23) sw      gp, 1718(t5)
core   0: 3 0x8000a94e (0x6a3f2b23) mem 0x80010000 0x00000001
core   0: 0x8000a952 (0x0000bfe5) c.j     pc - 8
core   0: 3 0x8000a952 (0xbfe5)
core   0: 0x8000a94a (0x00005f17) auipc   t5, 0x5
core   0: 3 0x8000a94a (0x00005f17) x30 0x8000f94a
core   0: 0x8000a94e (0x6a3f2b23) sw      gp, 1718(t5)
core   0: 3 0x8000a94e (0x6a3f2b23) mem 0x80010000 0x00000001
core   0: 0x8000a952 (0x0000bfe5) c.j     pc - 8
core   0: 3 0x8000a952 (0xbfe5)
core   0: 0x8000a94a (0x00005f17) auipc   t5, 0x5
core   0: 3 0x8000a94a (0x00005f17) x30 0x8000f94a
core   0: 0x8000a94e (0x6a3f2b23) sw      gp, 1718(t5)
core   0: 3 0x8000a94e (0x6a3f2b23) mem 0x80010000 0x00000001
core   0: 0x8000a952 (0x0000bfe5) c.j     pc - 8
core   0: 3 0x8000a952 (0xbfe5)
core   0: 0x8000a94a (0x00005f17) auipc   t5, 0x5
core   0: 3 0x8000a94a (0x00005f17) x30 0x8000f94a
core   0: 0x8000a94e (0x6a3f2b23) sw      gp, 1718(t5)
core   0: 3 0x8000a94e (0x6a3f2b23) mem 0x80010000 0x00000001
core   0: 0x8000a952 (0x0000bfe5) c.j     pc - 8
core   0: 3 0x8000a952 (0xbfe5)
core   0: 0x8000a94a (0x00005f17) auipc   t5, 0x5
core   0: 3 0x8000a94a (0x00005f17) x30 0x8000f94a
core   0: 0x8000a94e (0x6a3f2b23) sw      gp, 1718(t5)
core   0: 3 0x8000a94e (0x6a3f2b23) mem 0x80010000 0x00000001
core   0: 0x8000a952 (0x0000bfe5) c.j     pc - 8
core   0: 3 0x8000a952 (0xbfe5)
core   0: 0x8000a94a (0x00005f17) auipc   t5, 0x5
core   0: 3 0x8000a94a (0x00005f17) x30 0x8000f94a
core   0: 0x8000a94e (0x6a3f2b23) sw      gp, 1718(t5)
core   0: 3 0x8000a94e (0x6a3f2b23) mem 0x80010000 0x00000001
core   0: 0x8000a952 (0x0000bfe5) c.j     pc - 8
core   0: 3 0x8000a952 (0xbfe5)
core   0: 0x8000a94a (0x00005f17) auipc   t5, 0x5
core   0: 3 0x8000a94a (0x00005f17) x30 0x8000f94a
core   0: 0x8000a94e (0x6a3f2b23) sw      gp, 1718(t5)
core   0: 3 0x8000a94e (0x6a3f2b23) mem 0x80010000 0x00000001
core   0: 0x8000a952 (0x0000bfe5) c.j     pc - 8
core   0: 3 0x8000a952 (0xbfe5)
core   0: 0x8000a94a (0x00005f17) auipc   t5, 0x5
core   0: 3 0x8000a94a (0x00005f17) x30 0x8000f94a
core   0: 0x8000a94e (0x6a3f2b23) sw      gp, 1718(t5)
core   0: 3 0x8000a94e (0x6a3f2b23) mem 0x80010000 0x00000001
core   0: 0x8000a952 (0x0000bfe5) c.j     pc - 8
core   0: 3 0x8000a952 (0xbfe5)
core   0: 0x8000a94a (0x00005f17) auipc   t5, 0x5
core   0: 3 0x8000a94a (0x00005f17) x30 0x8000f94a
core   0: 0x8000a94e (0x6a3f2b23) sw      gp, 1718(t5)
core   0: 3 0x8000a94e (0x6a3f2b23) mem 0x80010000 0x00000001
core   0: 0x8000a952 (0x0000bfe5) c.j     pc - 8
core   0: 3 0x8000a952 (0xbfe5)
core   0: 0x8000a94a (0x00005f17) auipc   t5, 0x5
core   0: 3 0x8000a94a (0x00005f17) x30 0x8000f94a
core   0: 0x8000a94e (0x6a3f2b23) sw      gp, 1718(t5)
core   0: 3 0x8000a94e (0x6a3f2b23) mem 0x80010000 0x00000001
core   0: 0x8000a952 (0x0000bfe5) c.j     pc - 8
core   0: 3 0x8000a952 (0xbfe5)
core   0: 0x8000a94a (0x00005f17) auipc   t5, 0x5
core   0: 3 0x8000a94a (0x00005f17) x30 0x8000f94a
core   0: 0x8000a94e (0x6a3f2b23) sw      gp, 1718(t5)
core   0: 3 0x8000a94e (0x6a3f2b23) mem 0x80010000 0x00000001
core   0: 0x8000a952 (0x0000bfe5) c.j     pc - 8
core   0: 3 0x8000a952 (0xbfe5)
core   0: 0x8000a94a (0x00005f17) auipc   t5, 0x5
core   0: 3 0x8000a94a (0x00005f17) x30 0x8000f94a
core   0: 0x8000a94e (0x6a3f2b23) sw      gp, 1718(t5)
core   0: 3 0x8000a94e (0x6a3f2b23) mem 0x80010000 0x00000001
core   0: 0x8000a952 (0x0000bfe5) c.j     pc - 8
core   0: 3 0x8000a952 (0xbfe5)
core   0: 0x8000a94a (0x00005f17) auipc   t5, 0x5
core   0: 3 0x8000a94a (0x00005f17) x30 0x8000f94a
core   0: 0x8000a94e (0x6a3f2b23) sw      gp, 1718(t5)
core   0: 3 0x8000a94e (0x6a3f2b23) mem 0x80010000 0x00000001
core   0: 0x8000a952 (0x0000bfe5) c.j     pc - 8
core   0: 3 0x8000a952 (0xbfe5)
core   0: 0x8000a94a (0x00005f17) auipc   t5, 0x5
core   0: 3 0x8000a94a (0x00005f17) x30 0x8000f94a
core   0: 0x8000a94e (0x6a3f2b23) sw      gp, 1718(t5)
core   0: 3 0x8000a94e (0x6a3f2b23) mem 0x80010000 0x00000001
core   0: 0x8000a952 (0x0000bfe5) c.j     pc - 8
core   0: 3 0x8000a952 (0xbfe5)
core   0: 0x8000a94a (0x00005f17) auipc   t5, 0x5
core   0: 3 0x8000a94a (0x00005f17) x30 0x8000f94a
core   0: 0x8000a94e (0x6a3f2b23) sw      gp, 1718(t5)
core   0: 3 0x8000a94e (0x6a3f2b23) mem 0x80010000 0x00000001
core   0: 0x8000a952 (0x0000bfe5) c.j     pc - 8
core   0: 3 0x8000a952 (0xbfe5)
core   0: 0x8000a94a (0x00005f17) auipc   t5, 0x5
core   0: 3 0x8000a94a (0x00005f17) x30 0x8000f94a
core   0: 0x8000a94e (0x6a3f2b23) sw      gp, 1718(t5)
core   0: 3 0x8000a94e (0x6a3f2b23) mem 0x80010000 0x00000001
core   0: 0x8000a952 (0x0000bfe5) c.j     pc - 8
core   0: 3 0x8000a952 (0xbfe5)
core   0: 0x8000a94a (0x00005f17) auipc   t5, 0x5
core   0: 3 0x8000a94a (0x00005f17) x30 0x8000f94a
core   0: 0x8000a94e (0x6a3f2b23) sw      gp, 1718(t5)
core   0: 3 0x8000a94e (0x6a3f2b23) mem 0x80010000 0x00000001
core   0: 0x8000a952 (0x0000bfe5) c.j     pc - 8
core   0: 3 0x8000a952 (0xbfe5)
core   0: 0x8000a94a (0x00005f17) auipc   t5, 0x5
core   0: 3 0x8000a94a (0x00005f17) x30 0x8000f94a
core   0: 0x8000a94e (0x6a3f2b23) sw      gp, 1718(t5)
core   0: 3 0x8000a94e (0x6a3f2b23) mem 0x80010000 0x00000001
core   0: 0x8000a952 (0x0000bfe5) c.j     pc - 8
core   0: 3 0x8000a952 (0xbfe5)
core   0: 0x8000a94a (0x00005f17) auipc   t5, 0x5
core   0: 3 0x8000a94a (0x00005f17) x30 0x8000f94a
core   0: 0x8000a94e (0x6a3f2b23) sw      gp, 1718(t5)
core   0: 3 0x8000a94e (0x6a3f2b23) mem 0x80010000 0x00000001
core   0: 0x8000a952 (0x0000bfe5) c.j     pc - 8
core   0: 3 0x8000a952 (0xbfe5)
core   0: 0x8000a94a (0x00005f17) auipc   t5, 0x5
core   0: 3 0x8000a94a (0x00005f17) x30 0x8000f94a
core   0: 0x8000a94e (0x6a3f2b23) sw      gp, 1718(t5)
core   0: 3 0x8000a94e (0x6a3f2b23) mem 0x80010000 0x00000001
core   0: 0x8000a952 (0x0000bfe5) c.j     pc - 8
core   0: 3 0x8000a952 (0xbfe5)
core   0: 0x8000a94a (0x00005f17) auipc   t5, 0x5
core   0: 3 0x8000a94a (0x00005f17) x30 0x8000f94a
core   0: 0x8000a94e (0x6a3f2b23) sw      gp, 1718(t5)
core   0: 3 0x8000a94e (0x6a3f2b23) mem 0x80010000 0x00000001
core   0: 0x8000a952 (0x0000bfe5) c.j     pc - 8
core   0: 3 0x8000a952 (0xbfe5)
core   0: 0x8000a94a (0x00005f17) auipc   t5, 0x5
core   0: 3 0x8000a94a (0x00005f17) x30 0x8000f94a
core   0: 0x8000a94e (0x6a3f2b23) sw      gp, 1718(t5)
core   0: 3 0x8000a94e (0x6a3f2b23) mem 0x80010000 0x00000001
core   0: 0x8000a952 (0x0000bfe5) c.j     pc - 8
core   0: 3 0x8000a952 (0xbfe5)
core   0: 0x8000a94a (0x00005f17) auipc   t5, 0x5
core   0: 3 0x8000a94a (0x00005f17) x30 0x8000f94a
core   0: 0x8000a94e (0x6a3f2b23) sw      gp, 1718(t5)
core   0: 3 0x8000a94e (0x6a3f2b23) mem 0x80010000 0x00000001
core   0: 0x8000a952 (0x0000bfe5) c.j     pc - 8
core   0: 3 0x8000a952 (0xbfe5)
core   0: 0x8000a94a (0x00005f17) auipc   t5, 0x5
core   0: 3 0x8000a94a (0x00005f17) x30 0x8000f94a
core   0: 0x8000a94e (0x6a3f2b23) sw      gp, 1718(t5)
core   0: 3 0x8000a94e (0x6a3f2b23) mem 0x80010000 0x00000001
core   0: 0x8000a952 (0x0000bfe5) c.j     pc - 8
core   0: 3 0x8000a952 (0xbfe5)
core   0: 0x8000a94a (0x00005f17) auipc   t5, 0x5
core   0: 3 0x8000a94a (0x00005f17) x30 0x8000f94a
core   0: 0x8000a94e (0x6a3f2b23) sw      gp, 1718(t5)
core   0: 3 0x8000a94e (0x6a3f2b23) mem 0x80010000 0x00000001
core   0: 0x8000a952 (0x0000bfe5) c.j     pc - 8
core   0: 3 0x8000a952 (0xbfe5)
core   0: 0x8000a94a (0x00005f17) auipc   t5, 0x5
core   0: 3 0x8000a94a (0x00005f17) x30 0x8000f94a
core   0: 0x8000a94e (0x6a3f2b23) sw      gp, 1718(t5)
core   0: 3 0x8000a94e (0x6a3f2b23) mem 0x80010000 0x00000001
core   0: 0x8000a952 (0x0000bfe5) c.j     pc - 8
core   0: 3 0x8000a952 (0xbfe5)
core   0: 0x8000a94a (0x00005f17) auipc   t5, 0x5
core   0: 3 0x8000a94a (0x00005f17) x30 0x8000f94a
core   0: 0x8000a94e (0x6a3f2b23) sw      gp, 1718(t5)
core   0: 3 0x8000a94e (0x6a3f2b23) mem 0x80010000 0x00000001
core   0: 0x8000a952 (0x0000bfe5) c.j     pc - 8
core   0: 3 0x8000a952 (0xbfe5)
core   0: 0x8000a94a (0x00005f17) auipc   t5, 0x5
core   0: 3 0x8000a94a (0x00005f17) x30 0x8000f94a
core   0: 0x8000a94e (0x6a3f2b23) sw      gp, 1718(t5)
core   0: 3 0x8000a94e (0x6a3f2b23) mem 0x80010000 0x00000001
core   0: 0x8000a952 (0x0000bfe5) c.j     pc - 8
core   0: 3 0x8000a952 (0xbfe5)
core   0: 0x8000a94a (0x00005f17) auipc   t5, 0x5
core   0: 3 0x8000a94a (0x00005f17) x30 0x8000f94a
core   0: 0x8000a94e (0x6a3f2b23) sw      gp, 1718(t5)
core   0: 3 0x8000a94e (0x6a3f2b23) mem 0x80010000 0x00000001
core   0: 0x8000a952 (0x0000bfe5) c.j     pc - 8
core   0: 3 0x8000a952 (0xbfe5)
core   0: 0x8000a94a (0x00005f17) auipc   t5, 0x5
core   0: 3 0x8000a94a (0x00005f17) x30 0x8000f94a
core   0: 0x8000a94e (0x6a3f2b23) sw      gp, 1718(t5)
core   0: 3 0x8000a94e (0x6a3f2b23) mem 0x80010000 0x00000001
core   0: 0x8000a952 (0x0000bfe5) c.j     pc - 8
core   0: 3 0x8000a952 (0xbfe5)
core   0: 0x8000a94a (0x00005f17) auipc   t5, 0x5
core   0: 3 0x8000a94a (0x00005f17) x30 0x8000f94a
core   0: 0x8000a94e (0x6a3f2b23) sw      gp, 1718(t5)
core   0: 3 0x8000a94e (0x6a3f2b23) mem 0x80010000 0x00000001
core   0: 0x8000a952 (0x0000bfe5) c.j     pc - 8
core   0: 3 0x8000a952 (0xbfe5)
core   0: 0x8000a94a (0x00005f17) auipc   t5, 0x5
core   0: 3 0x8000a94a (0x00005f17) x30 0x8000f94a
core   0: 0x8000a94e (0x6a3f2b23) sw      gp, 1718(t5)
core   0: 3 0x8000a94e (0x6a3f2b23) mem 0x80010000 0x00000001
core   0: 0x8000a952 (0x0000bfe5) c.j     pc - 8
core   0: 3 0x8000a952 (0xbfe5)
core   0: 0x8000a94a (0x00005f17) auipc   t5, 0x5
core   0: 3 0x8000a94a (0x00005f17) x30 0x8000f94a
core   0: 0x8000a94e (0x6a3f2b23) sw      gp, 1718(t5)
core   0: 3 0x8000a94e (0x6a3f2b23) mem 0x80010000 0x00000001
core   0: 0x8000a952 (0x0000bfe5) c.j     pc - 8
core   0: 3 0x8000a952 (0xbfe5)
core   0: 0x8000a94a (0x00005f17) auipc   t5, 0x5
core   0: 3 0x8000a94a (0x00005f17) x30 0x8000f94a
core   0: 0x8000a94e (0x6a3f2b23) sw      gp, 1718(t5)
core   0: 3 0x8000a94e (0x6a3f2b23) mem 0x80010000 0x00000001
core   0: 0x8000a952 (0x0000bfe5) c.j     pc - 8
core   0: 3 0x8000a952 (0xbfe5)
core   0: 0x8000a94a (0x00005f17) auipc   t5, 0x5
core   0: 3 0x8000a94a (0x00005f17) x30 0x8000f94a
core   0: 0x8000a94e (0x6a3f2b23) sw      gp, 1718(t5)
core   0: 3 0x8000a94e (0x6a3f2b23) mem 0x80010000 0x00000001
core   0: 0x8000a952 (0x0000bfe5) c.j     pc - 8
core   0: 3 0x8000a952 (0xbfe5)
core   0: 0x8000a94a (0x00005f17) auipc   t5, 0x5
core   0: 3 0x8000a94a (0x00005f17) x30 0x8000f94a
core   0: 0x8000a94e (0x6a3f2b23) sw      gp, 1718(t5)
core   0: 3 0x8000a94e (0x6a3f2b23) mem 0x80010000 0x00000001
core   0: 0x8000a952 (0x0000bfe5) c.j     pc - 8
core   0: 3 0x8000a952 (0xbfe5)
core   0: 0x8000a94a (0x00005f17) auipc   t5, 0x5
core   0: 3 0x8000a94a (0x00005f17) x30 0x8000f94a
core   0: 0x8000a94e (0x6a3f2b23) sw      gp, 1718(t5)
core   0: 3 0x8000a94e (0x6a3f2b23) mem 0x80010000 0x00000001
core   0: 0x8000a952 (0x0000bfe5) c.j     pc - 8
core   0: 3 0x8000a952 (0xbfe5)
core   0: 0x8000a94a (0x00005f17) auipc   t5, 0x5
core   0: 3 0x8000a94a (0x00005f17) x30 0x8000f94a
core   0: 0x8000a94e (0x6a3f2b23) sw      gp, 1718(t5)
core   0: 3 0x8000a94e (0x6a3f2b23) mem 0x80010000 0x00000001
core   0: 0x8000a952 (0x0000bfe5) c.j     pc - 8
core   0: 3 0x8000a952 (0xbfe5)
core   0: 0x8000a94a (0x00005f17) auipc   t5, 0x5
core   0: 3 0x8000a94a (0x00005f17) x30 0x8000f94a
core   0: 0x8000a94e (0x6a3f2b23) sw      gp, 1718(t5)
core   0: 3 0x8000a94e (0x6a3f2b23) mem 0x80010000 0x00000001
core   0: 0x8000a952 (0x0000bfe5) c.j     pc - 8
core   0: 3 0x8000a952 (0xbfe5)
core   0: 0x8000a94a (0x00005f17) auipc   t5, 0x5
core   0: 3 0x8000a94a (0x00005f17) x30 0x8000f94a
core   0: 0x8000a94e (0x6a3f2b23) sw      gp, 1718(t5)
core   0: 3 0x8000a94e (0x6a3f2b23) mem 0x80010000 0x00000001
core   0: 0x8000a952 (0x0000bfe5) c.j     pc - 8
core   0: 3 0x8000a952 (0xbfe5)
core   0: 0x8000a94a (0x00005f17) auipc   t5, 0x5
core   0: 3 0x8000a94a (0x00005f17) x30 0x8000f94a
core   0: 0x8000a94e (0x6a3f2b23) sw      gp, 1718(t5)
core   0: 3 0x8000a94e (0x6a3f2b23) mem 0x80010000 0x00000001
core   0: 0x8000a952 (0x0000bfe5) c.j     pc - 8
core   0: 3 0x8000a952 (0xbfe5)
core   0: 0x8000a94a (0x00005f17) auipc   t5, 0x5
core   0: 3 0x8000a94a (0x00005f17) x30 0x8000f94a
core   0: 0x8000a94e (0x6a3f2b23) sw      gp, 1718(t5)
core   0: 3 0x8000a94e (0x6a3f2b23) mem 0x80010000 0x00000001
core   0: 0x8000a952 (0x0000bfe5) c.j     pc - 8
core   0: 3 0x8000a952 (0xbfe5)
core   0: 0x8000a94a (0x00005f17) auipc   t5, 0x5
core   0: 3 0x8000a94a (0x00005f17) x30 0x8000f94a
core   0: 0x8000a94e (0x6a3f2b23) sw      gp, 1718(t5)
core   0: 3 0x8000a94e (0x6a3f2b23) mem 0x80010000 0x00000001
core   0: 0x8000a952 (0x0000bfe5) c.j     pc - 8
core   0: 3 0x8000a952 (0xbfe5)
core   0: 0x8000a94a (0x00005f17) auipc   t5, 0x5
core   0: 3 0x8000a94a (0x00005f17) x30 0x8000f94a
core   0: 0x8000a94e (0x6a3f2b23) sw      gp, 1718(t5)
core   0: 3 0x8000a94e (0x6a3f2b23) mem 0x80010000 0x00000001
core   0: 0x8000a952 (0x0000bfe5) c.j     pc - 8
core   0: 3 0x8000a952 (0xbfe5)
core   0: 0x8000a94a (0x00005f17) auipc   t5, 0x5
core   0: 3 0x8000a94a (0x00005f17) x30 0x8000f94a
core   0: 0x8000a94e (0x6a3f2b23) sw      gp, 1718(t5)
core   0: 3 0x8000a94e (0x6a3f2b23) mem 0x80010000 0x00000001
core   0: 0x8000a952 (0x0000bfe5) c.j     pc - 8
core   0: 3 0x8000a952 (0xbfe5)
core   0: 0x8000a94a (0x00005f17) auipc   t5, 0x5
core   0: 3 0x8000a94a (0x00005f17) x30 0x8000f94a
core   0: 0x8000a94e (0x6a3f2b23) sw      gp, 1718(t5)
core   0: 3 0x8000a94e (0x6a3f2b23) mem 0x80010000 0x00000001
core   0: 0x8000a952 (0x0000bfe5) c.j     pc - 8
core   0: 3 0x8000a952 (0xbfe5)
core   0: 0x8000a94a (0x00005f17) auipc   t5, 0x5
core   0: 3 0x8000a94a (0x00005f17) x30 0x8000f94a
core   0: 0x8000a94e (0x6a3f2b23) sw      gp, 1718(t5)
core   0: 3 0x8000a94e (0x6a3f2b23) mem 0x80010000 0x00000001
core   0: 0x8000a952 (0x0000bfe5) c.j     pc - 8
core   0: 3 0x8000a952 (0xbfe5)
core   0: 0x8000a94a (0x00005f17) auipc   t5, 0x5
core   0: 3 0x8000a94a (0x00005f17) x30 0x8000f94a
core   0: 0x8000a94e (0x6a3f2b23) sw      gp, 1718(t5)
core   0: 3 0x8000a94e (0x6a3f2b23) mem 0x80010000 0x00000001
core   0: 0x8000a952 (0x0000bfe5) c.j     pc - 8
core   0: 3 0x8000a952 (0xbfe5)
core   0: 0x8000a94a (0x00005f17) auipc   t5, 0x5
core   0: 3 0x8000a94a (0x00005f17) x30 0x8000f94a
core   0: 0x8000a94e (0x6a3f2b23) sw      gp, 1718(t5)
core   0: 3 0x8000a94e (0x6a3f2b23) mem 0x80010000 0x00000001
core   0: 0x8000a952 (0x0000bfe5) c.j     pc - 8
core   0: 3 0x8000a952 (0xbfe5)
core   0: 0x8000a94a (0x00005f17) auipc   t5, 0x5
core   0: 3 0x8000a94a (0x00005f17) x30 0x8000f94a
core   0: 0x8000a94e (0x6a3f2b23) sw      gp, 1718(t5)
core   0: 3 0x8000a94e (0x6a3f2b23) mem 0x80010000 0x00000001
core   0: 0x8000a952 (0x0000bfe5) c.j     pc - 8
core   0: 3 0x8000a952 (0xbfe5)
core   0: 0x8000a94a (0x00005f17) auipc   t5, 0x5
core   0: 3 0x8000a94a (0x00005f17) x30 0x8000f94a
core   0: 0x8000a94e (0x6a3f2b23) sw      gp, 1718(t5)
core   0: 3 0x8000a94e (0x6a3f2b23) mem 0x80010000 0x00000001
core   0: 0x8000a952 (0x0000bfe5) c.j     pc - 8
core   0: 3 0x8000a952 (0xbfe5)
core   0: 0x8000a94a (0x00005f17) auipc   t5, 0x5
core   0: 3 0x8000a94a (0x00005f17) x30 0x8000f94a
core   0: 0x8000a94e (0x6a3f2b23) sw      gp, 1718(t5)
core   0: 3 0x8000a94e (0x6a3f2b23) mem 0x80010000 0x00000001
core   0: 0x8000a952 (0x0000bfe5) c.j     pc - 8
core   0: 3 0x8000a952 (0xbfe5)
core   0: 0x8000a94a (0x00005f17) auipc   t5, 0x5
core   0: 3 0x8000a94a (0x00005f17) x30 0x8000f94a
core   0: 0x8000a94e (0x6a3f2b23) sw      gp, 1718(t5)
core   0: 3 0x8000a94e (0x6a3f2b23) mem 0x80010000 0x00000001
core   0: 0x8000a952 (0x0000bfe5) c.j     pc - 8
core   0: 3 0x8000a952 (0xbfe5)
core   0: 0x8000a94a (0x00005f17) auipc   t5, 0x5
core   0: 3 0x8000a94a (0x00005f17) x30 0x8000f94a
core   0: 0x8000a94e (0x6a3f2b23) sw      gp, 1718(t5)
core   0: 3 0x8000a94e (0x6a3f2b23) mem 0x80010000 0x00000001
core   0: 0x8000a952 (0x0000bfe5) c.j     pc - 8
core   0: 3 0x8000a952 (0xbfe5)
core   0: 0x8000a94a (0x00005f17) auipc   t5, 0x5
core   0: 3 0x8000a94a (0x00005f17) x30 0x8000f94a
core   0: 0x8000a94e (0x6a3f2b23) sw      gp, 1718(t5)
core   0: 3 0x8000a94e (0x6a3f2b23) mem 0x80010000 0x00000001
core   0: 0x8000a952 (0x0000bfe5) c.j     pc - 8
core   0: 3 0x8000a952 (0xbfe5)
core   0: 0x8000a94a (0x00005f17) auipc   t5, 0x5
core   0: 3 0x8000a94a (0x00005f17) x30 0x8000f94a
core   0: 0x8000a94e (0x6a3f2b23) sw      gp, 1718(t5)
core   0: 3 0x8000a94e (0x6a3f2b23) mem 0x80010000 0x00000001
core   0: 0x8000a952 (0x0000bfe5) c.j     pc - 8
core   0: 3 0x8000a952 (0xbfe5)
core   0: 0x8000a94a (0x00005f17) auipc   t5, 0x5
core   0: 3 0x8000a94a (0x00005f17) x30 0x8000f94a
core   0: 0x8000a94e (0x6a3f2b23) sw      gp, 1718(t5)
core   0: 3 0x8000a94e (0x6a3f2b23) mem 0x80010000 0x00000001
core   0: 0x8000a952 (0x0000bfe5) c.j     pc - 8
core   0: 3 0x8000a952 (0xbfe5)
core   0: 0x8000a94a (0x00005f17) auipc   t5, 0x5
core   0: 3 0x8000a94a (0x00005f17) x30 0x8000f94a
core   0: 0x8000a94e (0x6a3f2b23) sw      gp, 1718(t5)
core   0: 3 0x8000a94e (0x6a3f2b23) mem 0x80010000 0x00000001
core   0: 0x8000a952 (0x0000bfe5) c.j     pc - 8
core   0: 3 0x8000a952 (0xbfe5)
core   0: 0x8000a94a (0x00005f17) auipc   t5, 0x5
core   0: 3 0x8000a94a (0x00005f17) x30 0x8000f94a
core   0: 0x8000a94e (0x6a3f2b23) sw      gp, 1718(t5)
core   0: 3 0x8000a94e (0x6a3f2b23) mem 0x80010000 0x00000001
core   0: 0x8000a952 (0x0000bfe5) c.j     pc - 8
core   0: 3 0x8000a952 (0xbfe5)
core   0: 0x8000a94a (0x00005f17) auipc   t5, 0x5
core   0: 3 0x8000a94a (0x00005f17) x30 0x8000f94a
core   0: 0x8000a94e (0x6a3f2b23) sw      gp, 1718(t5)
core   0: 3 0x8000a94e (0x6a3f2b23) mem 0x80010000 0x00000001
core   0: 0x8000a952 (0x0000bfe5) c.j     pc - 8
core   0: 3 0x8000a952 (0xbfe5)
core   0: 0x8000a94a (0x00005f17) auipc   t5, 0x5
core   0: 3 0x8000a94a (0x00005f17) x30 0x8000f94a
core   0: 0x8000a94e (0x6a3f2b23) sw      gp, 1718(t5)
core   0: 3 0x8000a94e (0x6a3f2b23) mem 0x80010000 0x00000001
core   0: 0x8000a952 (0x0000bfe5) c.j     pc - 8
core   0: 3 0x8000a952 (0xbfe5)
core   0: 0x8000a94a (0x00005f17) auipc   t5, 0x5
core   0: 3 0x8000a94a (0x00005f17) x30 0x8000f94a
core   0: 0x8000a94e (0x6a3f2b23) sw      gp, 1718(t5)
core   0: 3 0x8000a94e (0x6a3f2b23) mem 0x80010000 0x00000001
core   0: 0x8000a952 (0x0000bfe5) c.j     pc - 8
core   0: 3 0x8000a952 (0xbfe5)
core   0: 0x8000a94a (0x00005f17) auipc   t5, 0x5
core   0: 3 0x8000a94a (0x00005f17) x30 0x8000f94a
core   0: 0x8000a94e (0x6a3f2b23) sw      gp, 1718(t5)
core   0: 3 0x8000a94e (0x6a3f2b23) mem 0x80010000 0x00000001
core   0: 0x8000a952 (0x0000bfe5) c.j     pc - 8
core   0: 3 0x8000a952 (0xbfe5)
core   0: 0x8000a94a (0x00005f17) auipc   t5, 0x5
core   0: 3 0x8000a94a (0x00005f17) x30 0x8000f94a
core   0: 0x8000a94e (0x6a3f2b23) sw      gp, 1718(t5)
core   0: 3 0x8000a94e (0x6a3f2b23) mem 0x80010000 0x00000001
core   0: 0x8000a952 (0x0000bfe5) c.j     pc - 8
core   0: 3 0x8000a952 (0xbfe5)
core   0: 0x8000a94a (0x00005f17) auipc   t5, 0x5
core   0: 3 0x8000a94a (0x00005f17) x30 0x8000f94a
core   0: 0x8000a94e (0x6a3f2b23) sw      gp, 1718(t5)
core   0: 3 0x8000a94e (0x6a3f2b23) mem 0x80010000 0x00000001
core   0: 0x8000a952 (0x0000bfe5) c.j     pc - 8
core   0: 3 0x8000a952 (0xbfe5)
core   0: 0x8000a94a (0x00005f17) auipc   t5, 0x5
core   0: 3 0x8000a94a (0x00005f17) x30 0x8000f94a
core   0: 0x8000a94e (0x6a3f2b23) sw      gp, 1718(t5)
core   0: 3 0x8000a94e (0x6a3f2b23) mem 0x80010000 0x00000001
core   0: 0x8000a952 (0x0000bfe5) c.j     pc - 8
core   0: 3 0x8000a952 (0xbfe5)
core   0: 0x8000a94a (0x00005f17) auipc   t5, 0x5
core   0: 3 0x8000a94a (0x00005f17) x30 0x8000f94a
core   0: 0x8000a94e (0x6a3f2b23) sw      gp, 1718(t5)
core   0: 3 0x8000a94e (0x6a3f2b23) mem 0x80010000 0x00000001
core   0: 0x8000a952 (0x0000bfe5) c.j     pc - 8
core   0: 3 0x8000a952 (0xbfe5)
core   0: 0x8000a94a (0x00005f17) auipc   t5, 0x5
core   0: 3 0x8000a94a (0x00005f17) x30 0x8000f94a
core   0: 0x8000a94e (0x6a3f2b23) sw      gp, 1718(t5)
core   0: 3 0x8000a94e (0x6a3f2b23) mem 0x80010000 0x00000001
core   0: 0x8000a952 (0x0000bfe5) c.j     pc - 8
core   0: 3 0x8000a952 (0xbfe5)
core   0: 0x8000a94a (0x00005f17) auipc   t5, 0x5
core   0: 3 0x8000a94a (0x00005f17) x30 0x8000f94a
core   0: 0x8000a94e (0x6a3f2b23) sw      gp, 1718(t5)
core   0: 3 0x8000a94e (0x6a3f2b23) mem 0x80010000 0x00000001
core   0: 0x8000a952 (0x0000bfe5) c.j     pc - 8
core   0: 3 0x8000a952 (0xbfe5)
core   0: 0x8000a94a (0x00005f17) auipc   t5, 0x5
core   0: 3 0x8000a94a (0x00005f17) x30 0x8000f94a
core   0: 0x8000a94e (0x6a3f2b23) sw      gp, 1718(t5)
core   0: 3 0x8000a94e (0x6a3f2b23) mem 0x80010000 0x00000001
core   0: 0x8000a952 (0x0000bfe5) c.j     pc - 8
core   0: 3 0x8000a952 (0xbfe5)
core   0: 0x8000a94a (0x00005f17) auipc   t5, 0x5
core   0: 3 0x8000a94a (0x00005f17) x30 0x8000f94a
core   0: 0x8000a94e (0x6a3f2b23) sw      gp, 1718(t5)
core   0: 3 0x8000a94e (0x6a3f2b23) mem 0x80010000 0x00000001
core   0: 0x8000a952 (0x0000bfe5) c.j     pc - 8
core   0: 3 0x8000a952 (0xbfe5)
core   0: 0x8000a94a (0x00005f17) auipc   t5, 0x5
core   0: 3 0x8000a94a (0x00005f17) x30 0x8000f94a
core   0: 0x8000a94e (0x6a3f2b23) sw      gp, 1718(t5)
core   0: 3 0x8000a94e (0x6a3f2b23) mem 0x80010000 0x00000001
core   0: 0x8000a952 (0x0000bfe5) c.j     pc - 8
core   0: 3 0x8000a952 (0xbfe5)
core   0: 0x8000a94a (0x00005f17) auipc   t5, 0x5
core   0: 3 0x8000a94a (0x00005f17) x30 0x8000f94a
core   0: 0x8000a94e (0x6a3f2b23) sw      gp, 1718(t5)
core   0: 3 0x8000a94e (0x6a3f2b23) mem 0x80010000 0x00000001
core   0: 0x8000a952 (0x0000bfe5) c.j     pc - 8
core   0: 3 0x8000a952 (0xbfe5)
core   0: 0x8000a94a (0x00005f17) auipc   t5, 0x5
core   0: 3 0x8000a94a (0x00005f17) x30 0x8000f94a
core   0: 0x8000a94e (0x6a3f2b23) sw      gp, 1718(t5)
core   0: 3 0x8000a94e (0x6a3f2b23) mem 0x80010000 0x00000001
core   0: 0x8000a952 (0x0000bfe5) c.j     pc - 8
core   0: 3 0x8000a952 (0xbfe5)
core   0: 0x8000a94a (0x00005f17) auipc   t5, 0x5
core   0: 3 0x8000a94a (0x00005f17) x30 0x8000f94a
core   0: 0x8000a94e (0x6a3f2b23) sw      gp, 1718(t5)
core   0: 3 0x8000a94e (0x6a3f2b23) mem 0x80010000 0x00000001
core   0: 0x8000a952 (0x0000bfe5) c.j     pc - 8
core   0: 3 0x8000a952 (0xbfe5)
core   0: 0x8000a94a (0x00005f17) auipc   t5, 0x5
core   0: 3 0x8000a94a (0x00005f17) x30 0x8000f94a
core   0: 0x8000a94e (0x6a3f2b23) sw      gp, 1718(t5)
core   0: 3 0x8000a94e (0x6a3f2b23) mem 0x80010000 0x00000001
core   0: 0x8000a952 (0x0000bfe5) c.j     pc - 8
core   0: 3 0x8000a952 (0xbfe5)
core   0: 0x8000a94a (0x00005f17) auipc   t5, 0x5
core   0: 3 0x8000a94a (0x00005f17) x30 0x8000f94a
core   0: 0x8000a94e (0x6a3f2b23) sw      gp, 1718(t5)
core   0: 3 0x8000a94e (0x6a3f2b23) mem 0x80010000 0x00000001
core   0: 0x8000a952 (0x0000bfe5) c.j     pc - 8
core   0: 3 0x8000a952 (0xbfe5)
core   0: 0x8000a94a (0x00005f17) auipc   t5, 0x5
core   0: 3 0x8000a94a (0x00005f17) x30 0x8000f94a
core   0: 0x8000a94e (0x6a3f2b23) sw      gp, 1718(t5)
core   0: 3 0x8000a94e (0x6a3f2b23) mem 0x80010000 0x00000001
core   0: 0x8000a952 (0x0000bfe5) c.j     pc - 8
core   0: 3 0x8000a952 (0xbfe5)
core   0: 0x8000a94a (0x00005f17) auipc   t5, 0x5
core   0: 3 0x8000a94a (0x00005f17) x30 0x8000f94a
core   0: 0x8000a94e (0x6a3f2b23) sw      gp, 1718(t5)
core   0: 3 0x8000a94e (0x6a3f2b23) mem 0x80010000 0x00000001
core   0: 0x8000a952 (0x0000bfe5) c.j     pc - 8
core   0: 3 0x8000a952 (0xbfe5)
core   0: 0x8000a94a (0x00005f17) auipc   t5, 0x5
core   0: 3 0x8000a94a (0x00005f17) x30 0x8000f94a
core   0: 0x8000a94e (0x6a3f2b23) sw      gp, 1718(t5)
core   0: 3 0x8000a94e (0x6a3f2b23) mem 0x80010000 0x00000001
core   0: 0x8000a952 (0x0000bfe5) c.j     pc - 8
core   0: 3 0x8000a952 (0xbfe5)
core   0: 0x8000a94a (0x00005f17) auipc   t5, 0x5
core   0: 3 0x8000a94a (0x00005f17) x30 0x8000f94a
core   0: 0x8000a94e (0x6a3f2b23) sw      gp, 1718(t5)
core   0: 3 0x8000a94e (0x6a3f2b23) mem 0x80010000 0x00000001
core   0: 0x8000a952 (0x0000bfe5) c.j     pc - 8
core   0: 3 0x8000a952 (0xbfe5)
core   0: 0x8000a94a (0x00005f17) auipc   t5, 0x5
core   0: 3 0x8000a94a (0x00005f17) x30 0x8000f94a
core   0: 0x8000a94e (0x6a3f2b23) sw      gp, 1718(t5)
core   0: 3 0x8000a94e (0x6a3f2b23) mem 0x80010000 0x00000001
core   0: 0x8000a952 (0x0000bfe5) c.j     pc - 8
core   0: 3 0x8000a952 (0xbfe5)
core   0: 0x8000a94a (0x00005f17) auipc   t5, 0x5
core   0: 3 0x8000a94a (0x00005f17) x30 0x8000f94a
core   0: 0x8000a94e (0x6a3f2b23) sw      gp, 1718(t5)
core   0: 3 0x8000a94e (0x6a3f2b23) mem 0x80010000 0x00000001
core   0: 0x8000a952 (0x0000bfe5) c.j     pc - 8
core   0: 3 0x8000a952 (0xbfe5)
core   0: 0x8000a94a (0x00005f17) auipc   t5, 0x5
core   0: 3 0x8000a94a (0x00005f17) x30 0x8000f94a
core   0: 0x8000a94e (0x6a3f2b23) sw      gp, 1718(t5)
core   0: 3 0x8000a94e (0x6a3f2b23) mem 0x80010000 0x00000001
core   0: 0x8000a952 (0x0000bfe5) c.j     pc - 8
core   0: 3 0x8000a952 (0xbfe5)
core   0: 0x8000a94a (0x00005f17) auipc   t5, 0x5
core   0: 3 0x8000a94a (0x00005f17) x30 0x8000f94a
core   0: 0x8000a94e (0x6a3f2b23) sw      gp, 1718(t5)
core   0: 3 0x8000a94e (0x6a3f2b23) mem 0x80010000 0x00000001
core   0: 0x8000a952 (0x0000bfe5) c.j     pc - 8
core   0: 3 0x8000a952 (0xbfe5)
core   0: 0x8000a94a (0x00005f17) auipc   t5, 0x5
core   0: 3 0x8000a94a (0x00005f17) x30 0x8000f94a
core   0: 0x8000a94e (0x6a3f2b23) sw      gp, 1718(t5)
core   0: 3 0x8000a94e (0x6a3f2b23) mem 0x80010000 0x00000001
core   0: 0x8000a952 (0x0000bfe5) c.j     pc - 8
core   0: 3 0x8000a952 (0xbfe5)
core   0: 0x8000a94a (0x00005f17) auipc   t5, 0x5
core   0: 3 0x8000a94a (0x00005f17) x30 0x8000f94a
core   0: 0x8000a94e (0x6a3f2b23) sw      gp, 1718(t5)
core   0: 3 0x8000a94e (0x6a3f2b23) mem 0x80010000 0x00000001
core   0: 0x8000a952 (0x0000bfe5) c.j     pc - 8
core   0: 3 0x8000a952 (0xbfe5)
core   0: 0x8000a94a (0x00005f17) auipc   t5, 0x5
core   0: 3 0x8000a94a (0x00005f17) x30 0x8000f94a
core   0: 0x8000a94e (0x6a3f2b23) sw      gp, 1718(t5)
core   0: 3 0x8000a94e (0x6a3f2b23) mem 0x80010000 0x00000001
core   0: 0x8000a952 (0x0000bfe5) c.j     pc - 8
core   0: 3 0x8000a952 (0xbfe5)
core   0: 0x8000a94a (0x00005f17) auipc   t5, 0x5
core   0: 3 0x8000a94a (0x00005f17) x30 0x8000f94a
core   0: 0x8000a94e (0x6a3f2b23) sw      gp, 1718(t5)
core   0: 3 0x8000a94e (0x6a3f2b23) mem 0x80010000 0x00000001
core   0: 0x8000a952 (0x0000bfe5) c.j     pc - 8
core   0: 3 0x8000a952 (0xbfe5)
core   0: 0x8000a94a (0x00005f17) auipc   t5, 0x5
core   0: 3 0x8000a94a (0x00005f17) x30 0x8000f94a
core   0: 0x8000a94e (0x6a3f2b23) sw      gp, 1718(t5)
core   0: 3 0x8000a94e (0x6a3f2b23) mem 0x80010000 0x00000001
core   0: 0x8000a952 (0x0000bfe5) c.j     pc - 8
core   0: 3 0x8000a952 (0xbfe5)
core   0: 0x8000a94a (0x00005f17) auipc   t5, 0x5
core   0: 3 0x8000a94a (0x00005f17) x30 0x8000f94a
core   0: 0x8000a94e (0x6a3f2b23) sw      gp, 1718(t5)
core   0: 3 0x8000a94e (0x6a3f2b23) mem 0x80010000 0x00000001
core   0: 0x8000a952 (0x0000bfe5) c.j     pc - 8
core   0: 3 0x8000a952 (0xbfe5)
core   0: 0x8000a94a (0x00005f17) auipc   t5, 0x5
core   0: 3 0x8000a94a (0x00005f17) x30 0x8000f94a
core   0: 0x8000a94e (0x6a3f2b23) sw      gp, 1718(t5)
core   0: 3 0x8000a94e (0x6a3f2b23) mem 0x80010000 0x00000001
core   0: 0x8000a952 (0x0000bfe5) c.j     pc - 8
core   0: 3 0x8000a952 (0xbfe5)
core   0: 0x8000a94a (0x00005f17) auipc   t5, 0x5
core   0: 3 0x8000a94a (0x00005f17) x30 0x8000f94a
core   0: 0x8000a94e (0x6a3f2b23) sw      gp, 1718(t5)
core   0: 3 0x8000a94e (0x6a3f2b23) mem 0x80010000 0x00000001
core   0: 0x8000a952 (0x0000bfe5) c.j     pc - 8
core   0: 3 0x8000a952 (0xbfe5)
core   0: 0x8000a94a (0x00005f17) auipc   t5, 0x5
core   0: 3 0x8000a94a (0x00005f17) x30 0x8000f94a
core   0: 0x8000a94e (0x6a3f2b23) sw      gp, 1718(t5)
core   0: 3 0x8000a94e (0x6a3f2b23) mem 0x80010000 0x00000001
core   0: 0x8000a952 (0x0000bfe5) c.j     pc - 8
core   0: 3 0x8000a952 (0xbfe5)
core   0: 0x8000a94a (0x00005f17) auipc   t5, 0x5
core   0: 3 0x8000a94a (0x00005f17) x30 0x8000f94a
core   0: 0x8000a94e (0x6a3f2b23) sw      gp, 1718(t5)
core   0: 3 0x8000a94e (0x6a3f2b23) mem 0x80010000 0x00000001
core   0: 0x8000a952 (0x0000bfe5) c.j     pc - 8
core   0: 3 0x8000a952 (0xbfe5)
core   0: 0x8000a94a (0x00005f17) auipc   t5, 0x5
core   0: 3 0x8000a94a (0x00005f17) x30 0x8000f94a
core   0: 0x8000a94e (0x6a3f2b23) sw      gp, 1718(t5)
core   0: 3 0x8000a94e (0x6a3f2b23) mem 0x80010000 0x00000001
core   0: 0x8000a952 (0x0000bfe5) c.j     pc - 8
core   0: 3 0x8000a952 (0xbfe5)
core   0: 0x8000a94a (0x00005f17) auipc   t5, 0x5
core   0: 3 0x8000a94a (0x00005f17) x30 0x8000f94a
core   0: 0x8000a94e (0x6a3f2b23) sw      gp, 1718(t5)
core   0: 3 0x8000a94e (0x6a3f2b23) mem 0x80010000 0x00000001
core   0: 0x8000a952 (0x0000bfe5) c.j     pc - 8
core   0: 3 0x8000a952 (0xbfe5)
core   0: 0x8000a94a (0x00005f17) auipc   t5, 0x5
core   0: 3 0x8000a94a (0x00005f17) x30 0x8000f94a
core   0: 0x8000a94e (0x6a3f2b23) sw      gp, 1718(t5)
core   0: 3 0x8000a94e (0x6a3f2b23) mem 0x80010000 0x00000001
core   0: 0x8000a952 (0x0000bfe5) c.j     pc - 8
core   0: 3 0x8000a952 (0xbfe5)
core   0: 0x8000a94a (0x00005f17) auipc   t5, 0x5
core   0: 3 0x8000a94a (0x00005f17) x30 0x8000f94a
core   0: 0x8000a94e (0x6a3f2b23) sw      gp, 1718(t5)
core   0: 3 0x8000a94e (0x6a3f2b23) mem 0x80010000 0x00000001
core   0: 0x8000a952 (0x0000bfe5) c.j     pc - 8
core   0: 3 0x8000a952 (0xbfe5)
core   0: 0x8000a94a (0x00005f17) auipc   t5, 0x5
core   0: 3 0x8000a94a (0x00005f17) x30 0x8000f94a
core   0: 0x8000a94e (0x6a3f2b23) sw      gp, 1718(t5)
core   0: 3 0x8000a94e (0x6a3f2b23) mem 0x80010000 0x00000001
core   0: 0x8000a952 (0x0000bfe5) c.j     pc - 8
core   0: 3 0x8000a952 (0xbfe5)
core   0: 0x8000a94a (0x00005f17) auipc   t5, 0x5
core   0: 3 0x8000a94a (0x00005f17) x30 0x8000f94a
core   0: 0x8000a94e (0x6a3f2b23) sw      gp, 1718(t5)
core   0: 3 0x8000a94e (0x6a3f2b23) mem 0x80010000 0x00000001
core   0: 0x8000a952 (0x0000bfe5) c.j     pc - 8
core   0: 3 0x8000a952 (0xbfe5)
core   0: 0x8000a94a (0x00005f17) auipc   t5, 0x5
core   0: 3 0x8000a94a (0x00005f17) x30 0x8000f94a
core   0: 0x8000a94e (0x6a3f2b23) sw      gp, 1718(t5)
core   0: 3 0x8000a94e (0x6a3f2b23) mem 0x80010000 0x00000001
core   0: 0x8000a952 (0x0000bfe5) c.j     pc - 8
core   0: 3 0x8000a952 (0xbfe5)
core   0: 0x8000a94a (0x00005f17) auipc   t5, 0x5
core   0: 3 0x8000a94a (0x00005f17) x30 0x8000f94a
core   0: 0x8000a94e (0x6a3f2b23) sw      gp, 1718(t5)
core   0: 3 0x8000a94e (0x6a3f2b23) mem 0x80010000 0x00000001
core   0: 0x8000a952 (0x0000bfe5) c.j     pc - 8
core   0: 3 0x8000a952 (0xbfe5)
core   0: 0x8000a94a (0x00005f17) auipc   t5, 0x5
core   0: 3 0x8000a94a (0x00005f17) x30 0x8000f94a
core   0: 0x8000a94e (0x6a3f2b23) sw      gp, 1718(t5)
core   0: 3 0x8000a94e (0x6a3f2b23) mem 0x80010000 0x00000001
core   0: 0x8000a952 (0x0000bfe5) c.j     pc - 8
core   0: 3 0x8000a952 (0xbfe5)
core   0: 0x8000a94a (0x00005f17) auipc   t5, 0x5
core   0: 3 0x8000a94a (0x00005f17) x30 0x8000f94a
core   0: 0x8000a94e (0x6a3f2b23) sw      gp, 1718(t5)
core   0: 3 0x8000a94e (0x6a3f2b23) mem 0x80010000 0x00000001
core   0: 0x8000a952 (0x0000bfe5) c.j     pc - 8
core   0: 3 0x8000a952 (0xbfe5)
core   0: 0x8000a94a (0x00005f17) auipc   t5, 0x5
core   0: 3 0x8000a94a (0x00005f17) x30 0x8000f94a
core   0: 0x8000a94e (0x6a3f2b23) sw      gp, 1718(t5)
core   0: 3 0x8000a94e (0x6a3f2b23) mem 0x80010000 0x00000001
core   0: 0x8000a952 (0x0000bfe5) c.j     pc - 8
core   0: 3 0x8000a952 (0xbfe5)
core   0: 0x8000a94a (0x00005f17) auipc   t5, 0x5
core   0: 3 0x8000a94a (0x00005f17) x30 0x8000f94a
core   0: 0x8000a94e (0x6a3f2b23) sw      gp, 1718(t5)
core   0: 3 0x8000a94e (0x6a3f2b23) mem 0x80010000 0x00000001
core   0: 0x8000a952 (0x0000bfe5) c.j     pc - 8
core   0: 3 0x8000a952 (0xbfe5)
core   0: 0x8000a94a (0x00005f17) auipc   t5, 0x5
core   0: 3 0x8000a94a (0x00005f17) x30 0x8000f94a
core   0: 0x8000a94e (0x6a3f2b23) sw      gp, 1718(t5)
core   0: 3 0x8000a94e (0x6a3f2b23) mem 0x80010000 0x00000001
core   0: 0x8000a952 (0x0000bfe5) c.j     pc - 8
core   0: 3 0x8000a952 (0xbfe5)
core   0: 0x8000a94a (0x00005f17) auipc   t5, 0x5
core   0: 3 0x8000a94a (0x00005f17) x30 0x8000f94a
core   0: 0x8000a94e (0x6a3f2b23) sw      gp, 1718(t5)
core   0: 3 0x8000a94e (0x6a3f2b23) mem 0x80010000 0x00000001
core   0: 0x8000a952 (0x0000bfe5) c.j     pc - 8
core   0: 3 0x8000a952 (0xbfe5)
core   0: 0x8000a94a (0x00005f17) auipc   t5, 0x5
core   0: 3 0x8000a94a (0x00005f17) x30 0x8000f94a
core   0: 0x8000a94e (0x6a3f2b23) sw      gp, 1718(t5)
core   0: 3 0x8000a94e (0x6a3f2b23) mem 0x80010000 0x00000001
core   0: 0x8000a952 (0x0000bfe5) c.j     pc - 8
core   0: 3 0x8000a952 (0xbfe5)
core   0: 0x8000a94a (0x00005f17) auipc   t5, 0x5
core   0: 3 0x8000a94a (0x00005f17) x30 0x8000f94a
core   0: 0x8000a94e (0x6a3f2b23) sw      gp, 1718(t5)
core   0: 3 0x8000a94e (0x6a3f2b23) mem 0x80010000 0x00000001
core   0: 0x8000a952 (0x0000bfe5) c.j     pc - 8
core   0: 3 0x8000a952 (0xbfe5)
core   0: 0x8000a94a (0x00005f17) auipc   t5, 0x5
core   0: 3 0x8000a94a (0x00005f17) x30 0x8000f94a
core   0: 0x8000a94e (0x6a3f2b23) sw      gp, 1718(t5)
core   0: 3 0x8000a94e (0x6a3f2b23) mem 0x80010000 0x00000001
core   0: 0x8000a952 (0x0000bfe5) c.j     pc - 8
core   0: 3 0x8000a952 (0xbfe5)
core   0: 0x8000a94a (0x00005f17) auipc   t5, 0x5
core   0: 3 0x8000a94a (0x00005f17) x30 0x8000f94a
core   0: 0x8000a94e (0x6a3f2b23) sw      gp, 1718(t5)
core   0: 3 0x8000a94e (0x6a3f2b23) mem 0x80010000 0x00000001
core   0: 0x8000a952 (0x0000bfe5) c.j     pc - 8
core   0: 3 0x8000a952 (0xbfe5)
core   0: 0x8000a94a (0x00005f17) auipc   t5, 0x5
core   0: 3 0x8000a94a (0x00005f17) x30 0x8000f94a
core   0: 0x8000a94e (0x6a3f2b23) sw      gp, 1718(t5)
core   0: 3 0x8000a94e (0x6a3f2b23) mem 0x80010000 0x00000001
core   0: 0x8000a952 (0x0000bfe5) c.j     pc - 8
core   0: 3 0x8000a952 (0xbfe5)
core   0: 0x8000a94a (0x00005f17) auipc   t5, 0x5
core   0: 3 0x8000a94a (0x00005f17) x30 0x8000f94a
core   0: 0x8000a94e (0x6a3f2b23) sw      gp, 1718(t5)
core   0: 3 0x8000a94e (0x6a3f2b23) mem 0x80010000 0x00000001
core   0: 0x8000a952 (0x0000bfe5) c.j     pc - 8
core   0: 3 0x8000a952 (0xbfe5)
core   0: 0x8000a94a (0x00005f17) auipc   t5, 0x5
core   0: 3 0x8000a94a (0x00005f17) x30 0x8000f94a
core   0: 0x8000a94e (0x6a3f2b23) sw      gp, 1718(t5)
core   0: 3 0x8000a94e (0x6a3f2b23) mem 0x80010000 0x00000001
core   0: 0x8000a952 (0x0000bfe5) c.j     pc - 8
core   0: 3 0x8000a952 (0xbfe5)
core   0: 0x8000a94a (0x00005f17) auipc   t5, 0x5
core   0: 3 0x8000a94a (0x00005f17) x30 0x8000f94a
core   0: 0x8000a94e (0x6a3f2b23) sw      gp, 1718(t5)
core   0: 3 0x8000a94e (0x6a3f2b23) mem 0x80010000 0x00000001
core   0: 0x8000a952 (0x0000bfe5) c.j     pc - 8
core   0: 3 0x8000a952 (0xbfe5)
core   0: 0x8000a94a (0x00005f17) auipc   t5, 0x5
core   0: 3 0x8000a94a (0x00005f17) x30 0x8000f94a
core   0: 0x8000a94e (0x6a3f2b23) sw      gp, 1718(t5)
core   0: 3 0x8000a94e (0x6a3f2b23) mem 0x80010000 0x00000001
core   0: 0x8000a952 (0x0000bfe5) c.j     pc - 8
core   0: 3 0x8000a952 (0xbfe5)
core   0: 0x8000a94a (0x00005f17) auipc   t5, 0x5
core   0: 3 0x8000a94a (0x00005f17) x30 0x8000f94a
core   0: 0x8000a94e (0x6a3f2b23) sw      gp, 1718(t5)
core   0: 3 0x8000a94e (0x6a3f2b23) mem 0x80010000 0x00000001
core   0: 0x8000a952 (0x0000bfe5) c.j     pc - 8
core   0: 3 0x8000a952 (0xbfe5)
core   0: 0x8000a94a (0x00005f17) auipc   t5, 0x5
core   0: 3 0x8000a94a (0x00005f17) x30 0x8000f94a
core   0: 0x8000a94e (0x6a3f2b23) sw      gp, 1718(t5)
core   0: 3 0x8000a94e (0x6a3f2b23) mem 0x80010000 0x00000001
core   0: 0x8000a952 (0x0000bfe5) c.j     pc - 8
core   0: 3 0x8000a952 (0xbfe5)
core   0: 0x8000a94a (0x00005f17) auipc   t5, 0x5
core   0: 3 0x8000a94a (0x00005f17) x30 0x8000f94a
core   0: 0x8000a94e (0x6a3f2b23) sw      gp, 1718(t5)
core   0: 3 0x8000a94e (0x6a3f2b23) mem 0x80010000 0x00000001
core   0: 0x8000a952 (0x0000bfe5) c.j     pc - 8
core   0: 3 0x8000a952 (0xbfe5)
core   0: 0x8000a94a (0x00005f17) auipc   t5, 0x5
core   0: 3 0x8000a94a (0x00005f17) x30 0x8000f94a
core   0: 0x8000a94e (0x6a3f2b23) sw      gp, 1718(t5)
core   0: 3 0x8000a94e (0x6a3f2b23) mem 0x80010000 0x00000001
core   0: 0x8000a952 (0x0000bfe5) c.j     pc - 8
core   0: 3 0x8000a952 (0xbfe5)
core   0: 0x8000a94a (0x00005f17) auipc   t5, 0x5
core   0: 3 0x8000a94a (0x00005f17) x30 0x8000f94a
core   0: 0x8000a94e (0x6a3f2b23) sw      gp, 1718(t5)
core   0: 3 0x8000a94e (0x6a3f2b23) mem 0x80010000 0x00000001
core   0: 0x8000a952 (0x0000bfe5) c.j     pc - 8
core   0: 3 0x8000a952 (0xbfe5)
core   0: 0x8000a94a (0x00005f17) auipc   t5, 0x5
core   0: 3 0x8000a94a (0x00005f17) x30 0x8000f94a
core   0: 0x8000a94e (0x6a3f2b23) sw      gp, 1718(t5)
core   0: 3 0x8000a94e (0x6a3f2b23) mem 0x80010000 0x00000001
core   0: 0x8000a952 (0x0000bfe5) c.j     pc - 8
core   0: 3 0x8000a952 (0xbfe5)
core   0: 0x8000a94a (0x00005f17) auipc   t5, 0x5
core   0: 3 0x8000a94a (0x00005f17) x30 0x8000f94a
core   0: 0x8000a94e (0x6a3f2b23) sw      gp, 1718(t5)
core   0: 3 0x8000a94e (0x6a3f2b23) mem 0x80010000 0x00000001
core   0: 0x8000a952 (0x0000bfe5) c.j     pc - 8
core   0: 3 0x8000a952 (0xbfe5)
core   0: 0x8000a94a (0x00005f17) auipc   t5, 0x5
core   0: 3 0x8000a94a (0x00005f17) x30 0x8000f94a
core   0: 0x8000a94e (0x6a3f2b23) sw      gp, 1718(t5)
core   0: 3 0x8000a94e (0x6a3f2b23) mem 0x80010000 0x00000001
core   0: 0x8000a952 (0x0000bfe5) c.j     pc - 8
core   0: 3 0x8000a952 (0xbfe5)
core   0: 0x8000a94a (0x00005f17) auipc   t5, 0x5
core   0: 3 0x8000a94a (0x00005f17) x30 0x8000f94a
core   0: 0x8000a94e (0x6a3f2b23) sw      gp, 1718(t5)
core   0: 3 0x8000a94e (0x6a3f2b23) mem 0x80010000 0x00000001
core   0: 0x8000a952 (0x0000bfe5) c.j     pc - 8
core   0: 3 0x8000a952 (0xbfe5)
core   0: 0x8000a94a (0x00005f17) auipc   t5, 0x5
core   0: 3 0x8000a94a (0x00005f17) x30 0x8000f94a
core   0: 0x8000a94e (0x6a3f2b23) sw      gp, 1718(t5)
core   0: 3 0x8000a94e (0x6a3f2b23) mem 0x80010000 0x00000001
core   0: 0x8000a952 (0x0000bfe5) c.j     pc - 8
core   0: 3 0x8000a952 (0xbfe5)
core   0: 0x8000a94a (0x00005f17) auipc   t5, 0x5
core   0: 3 0x8000a94a (0x00005f17) x30 0x8000f94a
core   0: 0x8000a94e (0x6a3f2b23) sw      gp, 1718(t5)
core   0: 3 0x8000a94e (0x6a3f2b23) mem 0x80010000 0x00000001
core   0: 0x8000a952 (0x0000bfe5) c.j     pc - 8
core   0: 3 0x8000a952 (0xbfe5)
core   0: 0x8000a94a (0x00005f17) auipc   t5, 0x5
core   0: 3 0x8000a94a (0x00005f17) x30 0x8000f94a
core   0: 0x8000a94e (0x6a3f2b23) sw      gp, 1718(t5)
core   0: 3 0x8000a94e (0x6a3f2b23) mem 0x80010000 0x00000001
core   0: 0x8000a952 (0x0000bfe5) c.j     pc - 8
core   0: 3 0x8000a952 (0xbfe5)
core   0: 0x8000a94a (0x00005f17) auipc   t5, 0x5
core   0: 3 0x8000a94a (0x00005f17) x30 0x8000f94a
core   0: 0x8000a94e (0x6a3f2b23) sw      gp, 1718(t5)
core   0: 3 0x8000a94e (0x6a3f2b23) mem 0x80010000 0x00000001
core   0: 0x8000a952 (0x0000bfe5) c.j     pc - 8
core   0: 3 0x8000a952 (0xbfe5)
core   0: 0x8000a94a (0x00005f17) auipc   t5, 0x5
core   0: 3 0x8000a94a (0x00005f17) x30 0x8000f94a
core   0: 0x8000a94e (0x6a3f2b23) sw      gp, 1718(t5)
core   0: 3 0x8000a94e (0x6a3f2b23) mem 0x80010000 0x00000001
core   0: 0x8000a952 (0x0000bfe5) c.j     pc - 8
core   0: 3 0x8000a952 (0xbfe5)
core   0: 0x8000a94a (0x00005f17) auipc   t5, 0x5
core   0: 3 0x8000a94a (0x00005f17) x30 0x8000f94a
core   0: 0x8000a94e (0x6a3f2b23) sw      gp, 1718(t5)
core   0: 3 0x8000a94e (0x6a3f2b23) mem 0x80010000 0x00000001
core   0: 0x8000a952 (0x0000bfe5) c.j     pc - 8
core   0: 3 0x8000a952 (0xbfe5)
core   0: 0x8000a94a (0x00005f17) auipc   t5, 0x5
core   0: 3 0x8000a94a (0x00005f17) x30 0x8000f94a
core   0: 0x8000a94e (0x6a3f2b23) sw      gp, 1718(t5)
core   0: 3 0x8000a94e (0x6a3f2b23) mem 0x80010000 0x00000001
core   0: 0x8000a952 (0x0000bfe5) c.j     pc - 8
core   0: 3 0x8000a952 (0xbfe5)
core   0: 0x8000a94a (0x00005f17) auipc   t5, 0x5
core   0: 3 0x8000a94a (0x00005f17) x30 0x8000f94a
core   0: 0x8000a94e (0x6a3f2b23) sw      gp, 1718(t5)
core   0: 3 0x8000a94e (0x6a3f2b23) mem 0x80010000 0x00000001
core   0: 0x8000a952 (0x0000bfe5) c.j     pc - 8
core   0: 3 0x8000a952 (0xbfe5)
core   0: 0x8000a94a (0x00005f17) auipc   t5, 0x5
core   0: 3 0x8000a94a (0x00005f17) x30 0x8000f94a
core   0: 0x8000a94e (0x6a3f2b23) sw      gp, 1718(t5)
core   0: 3 0x8000a94e (0x6a3f2b23) mem 0x80010000 0x00000001
core   0: 0x8000a952 (0x0000bfe5) c.j     pc - 8
core   0: 3 0x8000a952 (0xbfe5)
core   0: 0x8000a94a (0x00005f17) auipc   t5, 0x5
core   0: 3 0x8000a94a (0x00005f17) x30 0x8000f94a
core   0: 0x8000a94e (0x6a3f2b23) sw      gp, 1718(t5)
core   0: 3 0x8000a94e (0x6a3f2b23) mem 0x80010000 0x00000001
core   0: 0x8000a952 (0x0000bfe5) c.j     pc - 8
core   0: 3 0x8000a952 (0xbfe5)
core   0: 0x8000a94a (0x00005f17) auipc   t5, 0x5
core   0: 3 0x8000a94a (0x00005f17) x30 0x8000f94a
core   0: 0x8000a94e (0x6a3f2b23) sw      gp, 1718(t5)
core   0: 3 0x8000a94e (0x6a3f2b23) mem 0x80010000 0x00000001
core   0: 0x8000a952 (0x0000bfe5) c.j     pc - 8
core   0: 3 0x8000a952 (0xbfe5)
core   0: 0x8000a94a (0x00005f17) auipc   t5, 0x5
core   0: 3 0x8000a94a (0x00005f17) x30 0x8000f94a
core   0: 0x8000a94e (0x6a3f2b23) sw      gp, 1718(t5)
core   0: 3 0x8000a94e (0x6a3f2b23) mem 0x80010000 0x00000001
core   0: 0x8000a952 (0x0000bfe5) c.j     pc - 8
core   0: 3 0x8000a952 (0xbfe5)
core   0: 0x8000a94a (0x00005f17) auipc   t5, 0x5
core   0: 3 0x8000a94a (0x00005f17) x30 0x8000f94a
core   0: 0x8000a94e (0x6a3f2b23) sw      gp, 1718(t5)
core   0: 3 0x8000a94e (0x6a3f2b23) mem 0x80010000 0x00000001
core   0: 0x8000a952 (0x0000bfe5) c.j     pc - 8
core   0: 3 0x8000a952 (0xbfe5)
core   0: 0x8000a94a (0x00005f17) auipc   t5, 0x5
core   0: 3 0x8000a94a (0x00005f17) x30 0x8000f94a
core   0: 0x8000a94e (0x6a3f2b23) sw      gp, 1718(t5)
core   0: 3 0x8000a94e (0x6a3f2b23) mem 0x80010000 0x00000001
core   0: 0x8000a952 (0x0000bfe5) c.j     pc - 8
core   0: 3 0x8000a952 (0xbfe5)
core   0: 0x8000a94a (0x00005f17) auipc   t5, 0x5
core   0: 3 0x8000a94a (0x00005f17) x30 0x8000f94a
core   0: 0x8000a94e (0x6a3f2b23) sw      gp, 1718(t5)
core   0: 3 0x8000a94e (0x6a3f2b23) mem 0x80010000 0x00000001
core   0: 0x8000a952 (0x0000bfe5) c.j     pc - 8
core   0: 3 0x8000a952 (0xbfe5)
core   0: 0x8000a94a (0x00005f17) auipc   t5, 0x5
core   0: 3 0x8000a94a (0x00005f17) x30 0x8000f94a
core   0: 0x8000a94e (0x6a3f2b23) sw      gp, 1718(t5)
core   0: 3 0x8000a94e (0x6a3f2b23) mem 0x80010000 0x00000001
core   0: 0x8000a952 (0x0000bfe5) c.j     pc - 8
core   0: 3 0x8000a952 (0xbfe5)
core   0: 0x8000a94a (0x00005f17) auipc   t5, 0x5
core   0: 3 0x8000a94a (0x00005f17) x30 0x8000f94a
core   0: 0x8000a94e (0x6a3f2b23) sw      gp, 1718(t5)
core   0: 3 0x8000a94e (0x6a3f2b23) mem 0x80010000 0x00000001
core   0: 0x8000a952 (0x0000bfe5) c.j     pc - 8
core   0: 3 0x8000a952 (0xbfe5)
core   0: 0x8000a94a (0x00005f17) auipc   t5, 0x5
core   0: 3 0x8000a94a (0x00005f17) x30 0x8000f94a
core   0: 0x8000a94e (0x6a3f2b23) sw      gp, 1718(t5)
core   0: 3 0x8000a94e (0x6a3f2b23) mem 0x80010000 0x00000001
core   0: 0x8000a952 (0x0000bfe5) c.j     pc - 8
core   0: 3 0x8000a952 (0xbfe5)
core   0: 0x8000a94a (0x00005f17) auipc   t5, 0x5
core   0: 3 0x8000a94a (0x00005f17) x30 0x8000f94a
core   0: 0x8000a94e (0x6a3f2b23) sw      gp, 1718(t5)
core   0: 3 0x8000a94e (0x6a3f2b23) mem 0x80010000 0x00000001
core   0: 0x8000a952 (0x0000bfe5) c.j     pc - 8
core   0: 3 0x8000a952 (0xbfe5)
core   0: 0x8000a94a (0x00005f17) auipc   t5, 0x5
core   0: 3 0x8000a94a (0x00005f17) x30 0x8000f94a
core   0: 0x8000a94e (0x6a3f2b23) sw      gp, 1718(t5)
core   0: 3 0x8000a94e (0x6a3f2b23) mem 0x80010000 0x00000001
core   0: 0x8000a952 (0x0000bfe5) c.j     pc - 8
core   0: 3 0x8000a952 (0xbfe5)
core   0: 0x8000a94a (0x00005f17) auipc   t5, 0x5
core   0: 3 0x8000a94a (0x00005f17) x30 0x8000f94a
core   0: 0x8000a94e (0x6a3f2b23) sw      gp, 1718(t5)
core   0: 3 0x8000a94e (0x6a3f2b23) mem 0x80010000 0x00000001
core   0: 0x8000a952 (0x0000bfe5) c.j     pc - 8
core   0: 3 0x8000a952 (0xbfe5)
core   0: 0x8000a94a (0x00005f17) auipc   t5, 0x5
core   0: 3 0x8000a94a (0x00005f17) x30 0x8000f94a
core   0: 0x8000a94e (0x6a3f2b23) sw      gp, 1718(t5)
core   0: 3 0x8000a94e (0x6a3f2b23) mem 0x80010000 0x00000001
core   0: 0x8000a952 (0x0000bfe5) c.j     pc - 8
core   0: 3 0x8000a952 (0xbfe5)
core   0: 0x8000a94a (0x00005f17) auipc   t5, 0x5
core   0: 3 0x8000a94a (0x00005f17) x30 0x8000f94a
core   0: 0x8000a94e (0x6a3f2b23) sw      gp, 1718(t5)
core   0: 3 0x8000a94e (0x6a3f2b23) mem 0x80010000 0x00000001
core   0: 0x8000a952 (0x0000bfe5) c.j     pc - 8
core   0: 3 0x8000a952 (0xbfe5)
core   0: 0x8000a94a (0x00005f17) auipc   t5, 0x5
core   0: 3 0x8000a94a (0x00005f17) x30 0x8000f94a
core   0: 0x8000a94e (0x6a3f2b23) sw      gp, 1718(t5)
core   0: 3 0x8000a94e (0x6a3f2b23) mem 0x80010000 0x00000001
core   0: 0x8000a952 (0x0000bfe5) c.j     pc - 8
core   0: 3 0x8000a952 (0xbfe5)
core   0: 0x8000a94a (0x00005f17) auipc   t5, 0x5
core   0: 3 0x8000a94a (0x00005f17) x30 0x8000f94a
core   0: 0x8000a94e (0x6a3f2b23) sw      gp, 1718(t5)
core   0: 3 0x8000a94e (0x6a3f2b23) mem 0x80010000 0x00000001
core   0: 0x8000a952 (0x0000bfe5) c.j     pc - 8
core   0: 3 0x8000a952 (0xbfe5)
core   0: 0x8000a94a (0x00005f17) auipc   t5, 0x5
core   0: 3 0x8000a94a (0x00005f17) x30 0x8000f94a
core   0: 0x8000a94e (0x6a3f2b23) sw      gp, 1718(t5)
core   0: 3 0x8000a94e (0x6a3f2b23) mem 0x80010000 0x00000001
core   0: 0x8000a952 (0x0000bfe5) c.j     pc - 8
core   0: 3 0x8000a952 (0xbfe5)
core   0: 0x8000a94a (0x00005f17) auipc   t5, 0x5
core   0: 3 0x8000a94a (0x00005f17) x30 0x8000f94a
core   0: 0x8000a94e (0x6a3f2b23) sw      gp, 1718(t5)
core   0: 3 0x8000a94e (0x6a3f2b23) mem 0x80010000 0x00000001
core   0: 0x8000a952 (0x0000bfe5) c.j     pc - 8
core   0: 3 0x8000a952 (0xbfe5)
core   0: 0x8000a94a (0x00005f17) auipc   t5, 0x5
core   0: 3 0x8000a94a (0x00005f17) x30 0x8000f94a
core   0: 0x8000a94e (0x6a3f2b23) sw      gp, 1718(t5)
core   0: 3 0x8000a94e (0x6a3f2b23) mem 0x80010000 0x00000001
core   0: 0x8000a952 (0x0000bfe5) c.j     pc - 8
core   0: 3 0x8000a952 (0xbfe5)
core   0: 0x8000a94a (0x00005f17) auipc   t5, 0x5
core   0: 3 0x8000a94a (0x00005f17) x30 0x8000f94a
core   0: 0x8000a94e (0x6a3f2b23) sw      gp, 1718(t5)
core   0: 3 0x8000a94e (0x6a3f2b23) mem 0x80010000 0x00000001
core   0: 0x8000a952 (0x0000bfe5) c.j     pc - 8
core   0: 3 0x8000a952 (0xbfe5)
core   0: 0x8000a94a (0x00005f17) auipc   t5, 0x5
core   0: 3 0x8000a94a (0x00005f17) x30 0x8000f94a
core   0: 0x8000a94e (0x6a3f2b23) sw      gp, 1718(t5)
core   0: 3 0x8000a94e (0x6a3f2b23) mem 0x80010000 0x00000001
core   0: 0x8000a952 (0x0000bfe5) c.j     pc - 8
core   0: 3 0x8000a952 (0xbfe5)
core   0: 0x8000a94a (0x00005f17) auipc   t5, 0x5
core   0: 3 0x8000a94a (0x00005f17) x30 0x8000f94a
core   0: 0x8000a94e (0x6a3f2b23) sw      gp, 1718(t5)
core   0: 3 0x8000a94e (0x6a3f2b23) mem 0x80010000 0x00000001
core   0: 0x8000a952 (0x0000bfe5) c.j     pc - 8
core   0: 3 0x8000a952 (0xbfe5)
core   0: 0x8000a94a (0x00005f17) auipc   t5, 0x5
core   0: 3 0x8000a94a (0x00005f17) x30 0x8000f94a
core   0: 0x8000a94e (0x6a3f2b23) sw      gp, 1718(t5)
core   0: 3 0x8000a94e (0x6a3f2b23) mem 0x80010000 0x00000001
core   0: 0x8000a952 (0x0000bfe5) c.j     pc - 8
core   0: 3 0x8000a952 (0xbfe5)
core   0: 0x8000a94a (0x00005f17) auipc   t5, 0x5
core   0: 3 0x8000a94a (0x00005f17) x30 0x8000f94a
core   0: 0x8000a94e (0x6a3f2b23) sw      gp, 1718(t5)
core   0: 3 0x8000a94e (0x6a3f2b23) mem 0x80010000 0x00000001
core   0: 0x8000a952 (0x0000bfe5) c.j     pc - 8
core   0: 3 0x8000a952 (0xbfe5)
core   0: 0x8000a94a (0x00005f17) auipc   t5, 0x5
core   0: 3 0x8000a94a (0x00005f17) x30 0x8000f94a
core   0: 0x8000a94e (0x6a3f2b23) sw      gp, 1718(t5)
core   0: 3 0x8000a94e (0x6a3f2b23) mem 0x80010000 0x00000001
core   0: 0x8000a952 (0x0000bfe5) c.j     pc - 8
core   0: 3 0x8000a952 (0xbfe5)
core   0: 0x8000a94a (0x00005f17) auipc   t5, 0x5
core   0: 3 0x8000a94a (0x00005f17) x30 0x8000f94a
core   0: 0x8000a94e (0x6a3f2b23) sw      gp, 1718(t5)
core   0: 3 0x8000a94e (0x6a3f2b23) mem 0x80010000 0x00000001
core   0: 0x8000a952 (0x0000bfe5) c.j     pc - 8
core   0: 3 0x8000a952 (0xbfe5)
core   0: 0x8000a94a (0x00005f17) auipc   t5, 0x5
core   0: 3 0x8000a94a (0x00005f17) x30 0x8000f94a
core   0: 0x8000a94e (0x6a3f2b23) sw      gp, 1718(t5)
core   0: 3 0x8000a94e (0x6a3f2b23) mem 0x80010000 0x00000001
core   0: 0x8000a952 (0x0000bfe5) c.j     pc - 8
core   0: 3 0x8000a952 (0xbfe5)
core   0: 0x8000a94a (0x00005f17) auipc   t5, 0x5
core   0: 3 0x8000a94a (0x00005f17) x30 0x8000f94a
core   0: 0x8000a94e (0x6a3f2b23) sw      gp, 1718(t5)
core   0: 3 0x8000a94e (0x6a3f2b23) mem 0x80010000 0x00000001
core   0: 0x8000a952 (0x0000bfe5) c.j     pc - 8
core   0: 3 0x8000a952 (0xbfe5)
core   0: 0x8000a94a (0x00005f17) auipc   t5, 0x5
core   0: 3 0x8000a94a (0x00005f17) x30 0x8000f94a
core   0: 0x8000a94e (0x6a3f2b23) sw      gp, 1718(t5)
core   0: 3 0x8000a94e (0x6a3f2b23) mem 0x80010000 0x00000001
core   0: 0x8000a952 (0x0000bfe5) c.j     pc - 8
core   0: 3 0x8000a952 (0xbfe5)
core   0: 0x8000a94a (0x00005f17) auipc   t5, 0x5
core   0: 3 0x8000a94a (0x00005f17) x30 0x8000f94a
core   0: 0x8000a94e (0x6a3f2b23) sw      gp, 1718(t5)
core   0: 3 0x8000a94e (0x6a3f2b23) mem 0x80010000 0x00000001
core   0: 0x8000a952 (0x0000bfe5) c.j     pc - 8
core   0: 3 0x8000a952 (0xbfe5)
core   0: 0x8000a94a (0x00005f17) auipc   t5, 0x5
core   0: 3 0x8000a94a (0x00005f17) x30 0x8000f94a
core   0: 0x8000a94e (0x6a3f2b23) sw      gp, 1718(t5)
core   0: 3 0x8000a94e (0x6a3f2b23) mem 0x80010000 0x00000001
core   0: 0x8000a952 (0x0000bfe5) c.j     pc - 8
core   0: 3 0x8000a952 (0xbfe5)
core   0: 0x8000a94a (0x00005f17) auipc   t5, 0x5
core   0: 3 0x8000a94a (0x00005f17) x30 0x8000f94a
core   0: 0x8000a94e (0x6a3f2b23) sw      gp, 1718(t5)
core   0: 3 0x8000a94e (0x6a3f2b23) mem 0x80010000 0x00000001
core   0: 0x8000a952 (0x0000bfe5) c.j     pc - 8
core   0: 3 0x8000a952 (0xbfe5)
core   0: 0x8000a94a (0x00005f17) auipc   t5, 0x5
core   0: 3 0x8000a94a (0x00005f17) x30 0x8000f94a
core   0: 0x8000a94e (0x6a3f2b23) sw      gp, 1718(t5)
core   0: 3 0x8000a94e (0x6a3f2b23) mem 0x80010000 0x00000001
core   0: 0x8000a952 (0x0000bfe5) c.j     pc - 8
core   0: 3 0x8000a952 (0xbfe5)
core   0: 0x8000a94a (0x00005f17) auipc   t5, 0x5
core   0: 3 0x8000a94a (0x00005f17) x30 0x8000f94a
core   0: 0x8000a94e (0x6a3f2b23) sw      gp, 1718(t5)
core   0: 3 0x8000a94e (0x6a3f2b23) mem 0x80010000 0x00000001
core   0: 0x8000a952 (0x0000bfe5) c.j     pc - 8
core   0: 3 0x8000a952 (0xbfe5)
core   0: 0x8000a94a (0x00005f17) auipc   t5, 0x5
core   0: 3 0x8000a94a (0x00005f17) x30 0x8000f94a
core   0: 0x8000a94e (0x6a3f2b23) sw      gp, 1718(t5)
core   0: 3 0x8000a94e (0x6a3f2b23) mem 0x80010000 0x00000001
core   0: 0x8000a952 (0x0000bfe5) c.j     pc - 8
core   0: 3 0x8000a952 (0xbfe5)
core   0: 0x8000a94a (0x00005f17) auipc   t5, 0x5
core   0: 3 0x8000a94a (0x00005f17) x30 0x8000f94a
core   0: 0x8000a94e (0x6a3f2b23) sw      gp, 1718(t5)
core   0: 3 0x8000a94e (0x6a3f2b23) mem 0x80010000 0x00000001
core   0: 0x8000a952 (0x0000bfe5) c.j     pc - 8
core   0: 3 0x8000a952 (0xbfe5)
core   0: 0x8000a94a (0x00005f17) auipc   t5, 0x5
core   0: 3 0x8000a94a (0x00005f17) x30 0x8000f94a
core   0: 0x8000a94e (0x6a3f2b23) sw      gp, 1718(t5)
core   0: 3 0x8000a94e (0x6a3f2b23) mem 0x80010000 0x00000001
core   0: 0x8000a952 (0x0000bfe5) c.j     pc - 8
core   0: 3 0x8000a952 (0xbfe5)
core   0: 0x8000a94a (0x00005f17) auipc   t5, 0x5
core   0: 3 0x8000a94a (0x00005f17) x30 0x8000f94a
core   0: 0x8000a94e (0x6a3f2b23) sw      gp, 1718(t5)
core   0: 3 0x8000a94e (0x6a3f2b23) mem 0x80010000 0x00000001
core   0: 0x8000a952 (0x0000bfe5) c.j     pc - 8
core   0: 3 0x8000a952 (0xbfe5)
core   0: 0x8000a94a (0x00005f17) auipc   t5, 0x5
core   0: 3 0x8000a94a (0x00005f17) x30 0x8000f94a
core   0: 0x8000a94e (0x6a3f2b23) sw      gp, 1718(t5)
core   0: 3 0x8000a94e (0x6a3f2b23) mem 0x80010000 0x00000001
core   0: 0x8000a952 (0x0000bfe5) c.j     pc - 8
core   0: 3 0x8000a952 (0xbfe5)
core   0: 0x8000a94a (0x00005f17) auipc   t5, 0x5
core   0: 3 0x8000a94a (0x00005f17) x30 0x8000f94a
core   0: 0x8000a94e (0x6a3f2b23) sw      gp, 1718(t5)
core   0: 3 0x8000a94e (0x6a3f2b23) mem 0x80010000 0x00000001
core   0: 0x8000a952 (0x0000bfe5) c.j     pc - 8
core   0: 3 0x8000a952 (0xbfe5)
core   0: 0x8000a94a (0x00005f17) auipc   t5, 0x5
core   0: 3 0x8000a94a (0x00005f17) x30 0x8000f94a
core   0: 0x8000a94e (0x6a3f2b23) sw      gp, 1718(t5)
core   0: 3 0x8000a94e (0x6a3f2b23) mem 0x80010000 0x00000001
core   0: 0x8000a952 (0x0000bfe5) c.j     pc - 8
core   0: 3 0x8000a952 (0xbfe5)
core   0: 0x8000a94a (0x00005f17) auipc   t5, 0x5
core   0: 3 0x8000a94a (0x00005f17) x30 0x8000f94a
core   0: 0x8000a94e (0x6a3f2b23) sw      gp, 1718(t5)
core   0: 3 0x8000a94e (0x6a3f2b23) mem 0x80010000 0x00000001
core   0: 0x8000a952 (0x0000bfe5) c.j     pc - 8
core   0: 3 0x8000a952 (0xbfe5)
core   0: 0x8000a94a (0x00005f17) auipc   t5, 0x5
core   0: 3 0x8000a94a (0x00005f17) x30 0x8000f94a
core   0: 0x8000a94e (0x6a3f2b23) sw      gp, 1718(t5)
core   0: 3 0x8000a94e (0x6a3f2b23) mem 0x80010000 0x00000001
core   0: 0x8000a952 (0x0000bfe5) c.j     pc - 8
core   0: 3 0x8000a952 (0xbfe5)
core   0: 0x8000a94a (0x00005f17) auipc   t5, 0x5
core   0: 3 0x8000a94a (0x00005f17) x30 0x8000f94a
core   0: 0x8000a94e (0x6a3f2b23) sw      gp, 1718(t5)
core   0: 3 0x8000a94e (0x6a3f2b23) mem 0x80010000 0x00000001
core   0: 0x8000a952 (0x0000bfe5) c.j     pc - 8
core   0: 3 0x8000a952 (0xbfe5)
core   0: 0x8000a94a (0x00005f17) auipc   t5, 0x5
core   0: 3 0x8000a94a (0x00005f17) x30 0x8000f94a
core   0: 0x8000a94e (0x6a3f2b23) sw      gp, 1718(t5)
core   0: 3 0x8000a94e (0x6a3f2b23) mem 0x80010000 0x00000001
core   0: 0x8000a952 (0x0000bfe5) c.j     pc - 8
core   0: 3 0x8000a952 (0xbfe5)
core   0: 0x8000a94a (0x00005f17) auipc   t5, 0x5
core   0: 3 0x8000a94a (0x00005f17) x30 0x8000f94a
core   0: 0x8000a94e (0x6a3f2b23) sw      gp, 1718(t5)
core   0: 3 0x8000a94e (0x6a3f2b23) mem 0x80010000 0x00000001
core   0: 0x8000a952 (0x0000bfe5) c.j     pc - 8
core   0: 3 0x8000a952 (0xbfe5)
core   0: 0x8000a94a (0x00005f17) auipc   t5, 0x5
core   0: 3 0x8000a94a (0x00005f17) x30 0x8000f94a
core   0: 0x8000a94e (0x6a3f2b23) sw      gp, 1718(t5)
core   0: 3 0x8000a94e (0x6a3f2b23) mem 0x80010000 0x00000001
core   0: 0x8000a952 (0x0000bfe5) c.j     pc - 8
core   0: 3 0x8000a952 (0xbfe5)
core   0: 0x8000a94a (0x00005f17) auipc   t5, 0x5
core   0: 3 0x8000a94a (0x00005f17) x30 0x8000f94a
core   0: 0x8000a94e (0x6a3f2b23) sw      gp, 1718(t5)
core   0: 3 0x8000a94e (0x6a3f2b23) mem 0x80010000 0x00000001
core   0: 0x8000a952 (0x0000bfe5) c.j     pc - 8
core   0: 3 0x8000a952 (0xbfe5)
core   0: 0x8000a94a (0x00005f17) auipc   t5, 0x5
core   0: 3 0x8000a94a (0x00005f17) x30 0x8000f94a
core   0: 0x8000a94e (0x6a3f2b23) sw      gp, 1718(t5)
core   0: 3 0x8000a94e (0x6a3f2b23) mem 0x80010000 0x00000001
core   0: 0x8000a952 (0x0000bfe5) c.j     pc - 8
core   0: 3 0x8000a952 (0xbfe5)
core   0: 0x8000a94a (0x00005f17) auipc   t5, 0x5
core   0: 3 0x8000a94a (0x00005f17) x30 0x8000f94a
core   0: 0x8000a94e (0x6a3f2b23) sw      gp, 1718(t5)
core   0: 3 0x8000a94e (0x6a3f2b23) mem 0x80010000 0x00000001
core   0: 0x8000a952 (0x0000bfe5) c.j     pc - 8
core   0: 3 0x8000a952 (0xbfe5)
core   0: 0x8000a94a (0x00005f17) auipc   t5, 0x5
core   0: 3 0x8000a94a (0x00005f17) x30 0x8000f94a
core   0: 0x8000a94e (0x6a3f2b23) sw      gp, 1718(t5)
core   0: 3 0x8000a94e (0x6a3f2b23) mem 0x80010000 0x00000001
core   0: 0x8000a952 (0x0000bfe5) c.j     pc - 8
core   0: 3 0x8000a952 (0xbfe5)
core   0: 0x8000a94a (0x00005f17) auipc   t5, 0x5
core   0: 3 0x8000a94a (0x00005f17) x30 0x8000f94a
core   0: 0x8000a94e (0x6a3f2b23) sw      gp, 1718(t5)
core   0: 3 0x8000a94e (0x6a3f2b23) mem 0x80010000 0x00000001
core   0: 0x8000a952 (0x0000bfe5) c.j     pc - 8
core   0: 3 0x8000a952 (0xbfe5)
core   0: 0x8000a94a (0x00005f17) auipc   t5, 0x5
core   0: 3 0x8000a94a (0x00005f17) x30 0x8000f94a
core   0: 0x8000a94e (0x6a3f2b23) sw      gp, 1718(t5)
core   0: 3 0x8000a94e (0x6a3f2b23) mem 0x80010000 0x00000001
core   0: 0x8000a952 (0x0000bfe5) c.j     pc - 8
core   0: 3 0x8000a952 (0xbfe5)
core   0: 0x8000a94a (0x00005f17) auipc   t5, 0x5
core   0: 3 0x8000a94a (0x00005f17) x30 0x8000f94a
core   0: 0x8000a94e (0x6a3f2b23) sw      gp, 1718(t5)
core   0: 3 0x8000a94e (0x6a3f2b23) mem 0x80010000 0x00000001
core   0: 0x8000a952 (0x0000bfe5) c.j     pc - 8
core   0: 3 0x8000a952 (0xbfe5)
core   0: 0x8000a94a (0x00005f17) auipc   t5, 0x5
core   0: 3 0x8000a94a (0x00005f17) x30 0x8000f94a
core   0: 0x8000a94e (0x6a3f2b23) sw      gp, 1718(t5)
core   0: 3 0x8000a94e (0x6a3f2b23) mem 0x80010000 0x00000001
core   0: 0x8000a952 (0x0000bfe5) c.j     pc - 8
core   0: 3 0x8000a952 (0xbfe5)
core   0: 0x8000a94a (0x00005f17) auipc   t5, 0x5
core   0: 3 0x8000a94a (0x00005f17) x30 0x8000f94a
core   0: 0x8000a94e (0x6a3f2b23) sw      gp, 1718(t5)
core   0: 3 0x8000a94e (0x6a3f2b23) mem 0x80010000 0x00000001
core   0: 0x8000a952 (0x0000bfe5) c.j     pc - 8
core   0: 3 0x8000a952 (0xbfe5)
core   0: 0x8000a94a (0x00005f17) auipc   t5, 0x5
core   0: 3 0x8000a94a (0x00005f17) x30 0x8000f94a
core   0: 0x8000a94e (0x6a3f2b23) sw      gp, 1718(t5)
core   0: 3 0x8000a94e (0x6a3f2b23) mem 0x80010000 0x00000001
core   0: 0x8000a952 (0x0000bfe5) c.j     pc - 8
core   0: 3 0x8000a952 (0xbfe5)
core   0: 0x8000a94a (0x00005f17) auipc   t5, 0x5
core   0: 3 0x8000a94a (0x00005f17) x30 0x8000f94a
core   0: 0x8000a94e (0x6a3f2b23) sw      gp, 1718(t5)
core   0: 3 0x8000a94e (0x6a3f2b23) mem 0x80010000 0x00000001
core   0: 0x8000a952 (0x0000bfe5) c.j     pc - 8
core   0: 3 0x8000a952 (0xbfe5)
core   0: 0x8000a94a (0x00005f17) auipc   t5, 0x5
core   0: 3 0x8000a94a (0x00005f17) x30 0x8000f94a
core   0: 0x8000a94e (0x6a3f2b23) sw      gp, 1718(t5)
core   0: 3 0x8000a94e (0x6a3f2b23) mem 0x80010000 0x00000001
core   0: 0x8000a952 (0x0000bfe5) c.j     pc - 8
core   0: 3 0x8000a952 (0xbfe5)
core   0: 0x8000a94a (0x00005f17) auipc   t5, 0x5
core   0: 3 0x8000a94a (0x00005f17) x30 0x8000f94a
core   0: 0x8000a94e (0x6a3f2b23) sw      gp, 1718(t5)
core   0: 3 0x8000a94e (0x6a3f2b23) mem 0x80010000 0x00000001
core   0: 0x8000a952 (0x0000bfe5) c.j     pc - 8
core   0: 3 0x8000a952 (0xbfe5)
core   0: 0x8000a94a (0x00005f17) auipc   t5, 0x5
core   0: 3 0x8000a94a (0x00005f17) x30 0x8000f94a
core   0: 0x8000a94e (0x6a3f2b23) sw      gp, 1718(t5)
core   0: 3 0x8000a94e (0x6a3f2b23) mem 0x80010000 0x00000001
core   0: 0x8000a952 (0x0000bfe5) c.j     pc - 8
core   0: 3 0x8000a952 (0xbfe5)
core   0: 0x8000a94a (0x00005f17) auipc   t5, 0x5
core   0: 3 0x8000a94a (0x00005f17) x30 0x8000f94a
core   0: 0x8000a94e (0x6a3f2b23) sw      gp, 1718(t5)
core   0: 3 0x8000a94e (0x6a3f2b23) mem 0x80010000 0x00000001
core   0: 0x8000a952 (0x0000bfe5) c.j     pc - 8
core   0: 3 0x8000a952 (0xbfe5)
core   0: 0x8000a94a (0x00005f17) auipc   t5, 0x5
core   0: 3 0x8000a94a (0x00005f17) x30 0x8000f94a
core   0: 0x8000a94e (0x6a3f2b23) sw      gp, 1718(t5)
core   0: 3 0x8000a94e (0x6a3f2b23) mem 0x80010000 0x00000001
core   0: 0x8000a952 (0x0000bfe5) c.j     pc - 8
core   0: 3 0x8000a952 (0xbfe5)
core   0: 0x8000a94a (0x00005f17) auipc   t5, 0x5
core   0: 3 0x8000a94a (0x00005f17) x30 0x8000f94a
core   0: 0x8000a94e (0x6a3f2b23) sw      gp, 1718(t5)
core   0: 3 0x8000a94e (0x6a3f2b23) mem 0x80010000 0x00000001
core   0: 0x8000a952 (0x0000bfe5) c.j     pc - 8
core   0: 3 0x8000a952 (0xbfe5)
core   0: 0x8000a94a (0x00005f17) auipc   t5, 0x5
core   0: 3 0x8000a94a (0x00005f17) x30 0x8000f94a
core   0: 0x8000a94e (0x6a3f2b23) sw      gp, 1718(t5)
core   0: 3 0x8000a94e (0x6a3f2b23) mem 0x80010000 0x00000001
core   0: 0x8000a952 (0x0000bfe5) c.j     pc - 8
core   0: 3 0x8000a952 (0xbfe5)
core   0: 0x8000a94a (0x00005f17) auipc   t5, 0x5
core   0: 3 0x8000a94a (0x00005f17) x30 0x8000f94a
core   0: 0x8000a94e (0x6a3f2b23) sw      gp, 1718(t5)
core   0: 3 0x8000a94e (0x6a3f2b23) mem 0x80010000 0x00000001
core   0: 0x8000a952 (0x0000bfe5) c.j     pc - 8
core   0: 3 0x8000a952 (0xbfe5)
core   0: 0x8000a94a (0x00005f17) auipc   t5, 0x5
core   0: 3 0x8000a94a (0x00005f17) x30 0x8000f94a
core   0: 0x8000a94e (0x6a3f2b23) sw      gp, 1718(t5)
core   0: 3 0x8000a94e (0x6a3f2b23) mem 0x80010000 0x00000001
core   0: 0x8000a952 (0x0000bfe5) c.j     pc - 8
core   0: 3 0x8000a952 (0xbfe5)
core   0: 0x8000a94a (0x00005f17) auipc   t5, 0x5
core   0: 3 0x8000a94a (0x00005f17) x30 0x8000f94a
core   0: 0x8000a94e (0x6a3f2b23) sw      gp, 1718(t5)
core   0: 3 0x8000a94e (0x6a3f2b23) mem 0x80010000 0x00000001
core   0: 0x8000a952 (0x0000bfe5) c.j     pc - 8
core   0: 3 0x8000a952 (0xbfe5)
core   0: 0x8000a94a (0x00005f17) auipc   t5, 0x5
core   0: 3 0x8000a94a (0x00005f17) x30 0x8000f94a
core   0: 0x8000a94e (0x6a3f2b23) sw      gp, 1718(t5)
core   0: 3 0x8000a94e (0x6a3f2b23) mem 0x80010000 0x00000001
core   0: 0x8000a952 (0x0000bfe5) c.j     pc - 8
core   0: 3 0x8000a952 (0xbfe5)
core   0: 0x8000a94a (0x00005f17) auipc   t5, 0x5
core   0: 3 0x8000a94a (0x00005f17) x30 0x8000f94a
core   0: 0x8000a94e (0x6a3f2b23) sw      gp, 1718(t5)
core   0: 3 0x8000a94e (0x6a3f2b23) mem 0x80010000 0x00000001
core   0: 0x8000a952 (0x0000bfe5) c.j     pc - 8
core   0: 3 0x8000a952 (0xbfe5)
core   0: 0x8000a94a (0x00005f17) auipc   t5, 0x5
core   0: 3 0x8000a94a (0x00005f17) x30 0x8000f94a
core   0: 0x8000a94e (0x6a3f2b23) sw      gp, 1718(t5)
core   0: 3 0x8000a94e (0x6a3f2b23) mem 0x80010000 0x00000001
core   0: 0x8000a952 (0x0000bfe5) c.j     pc - 8
core   0: 3 0x8000a952 (0xbfe5)
core   0: 0x8000a94a (0x00005f17) auipc   t5, 0x5
core   0: 3 0x8000a94a (0x00005f17) x30 0x8000f94a
core   0: 0x8000a94e (0x6a3f2b23) sw      gp, 1718(t5)
core   0: 3 0x8000a94e (0x6a3f2b23) mem 0x80010000 0x00000001
core   0: 0x8000a952 (0x0000bfe5) c.j     pc - 8
core   0: 3 0x8000a952 (0xbfe5)
core   0: 0x8000a94a (0x00005f17) auipc   t5, 0x5
core   0: 3 0x8000a94a (0x00005f17) x30 0x8000f94a
core   0: 0x8000a94e (0x6a3f2b23) sw      gp, 1718(t5)
core   0: 3 0x8000a94e (0x6a3f2b23) mem 0x80010000 0x00000001
core   0: 0x8000a952 (0x0000bfe5) c.j     pc - 8
core   0: 3 0x8000a952 (0xbfe5)
core   0: 0x8000a94a (0x00005f17) auipc   t5, 0x5
core   0: 3 0x8000a94a (0x00005f17) x30 0x8000f94a
core   0: 0x8000a94e (0x6a3f2b23) sw      gp, 1718(t5)
core   0: 3 0x8000a94e (0x6a3f2b23) mem 0x80010000 0x00000001
core   0: 0x8000a952 (0x0000bfe5) c.j     pc - 8
core   0: 3 0x8000a952 (0xbfe5)
core   0: 0x8000a94a (0x00005f17) auipc   t5, 0x5
core   0: 3 0x8000a94a (0x00005f17) x30 0x8000f94a
core   0: 0x8000a94e (0x6a3f2b23) sw      gp, 1718(t5)
core   0: 3 0x8000a94e (0x6a3f2b23) mem 0x80010000 0x00000001
core   0: 0x8000a952 (0x0000bfe5) c.j     pc - 8
core   0: 3 0x8000a952 (0xbfe5)
core   0: 0x8000a94a (0x00005f17) auipc   t5, 0x5
core   0: 3 0x8000a94a (0x00005f17) x30 0x8000f94a
core   0: 0x8000a94e (0x6a3f2b23) sw      gp, 1718(t5)
core   0: 3 0x8000a94e (0x6a3f2b23) mem 0x80010000 0x00000001
core   0: 0x8000a952 (0x0000bfe5) c.j     pc - 8
core   0: 3 0x8000a952 (0xbfe5)
core   0: 0x8000a94a (0x00005f17) auipc   t5, 0x5
core   0: 3 0x8000a94a (0x00005f17) x30 0x8000f94a
core   0: 0x8000a94e (0x6a3f2b23) sw      gp, 1718(t5)
core   0: 3 0x8000a94e (0x6a3f2b23) mem 0x80010000 0x00000001
core   0: 0x8000a952 (0x0000bfe5) c.j     pc - 8
core   0: 3 0x8000a952 (0xbfe5)
core   0: 0x8000a94a (0x00005f17) auipc   t5, 0x5
core   0: 3 0x8000a94a (0x00005f17) x30 0x8000f94a
core   0: 0x8000a94e (0x6a3f2b23) sw      gp, 1718(t5)
core   0: 3 0x8000a94e (0x6a3f2b23) mem 0x80010000 0x00000001
core   0: 0x8000a952 (0x0000bfe5) c.j     pc - 8
core   0: 3 0x8000a952 (0xbfe5)
core   0: 0x8000a94a (0x00005f17) auipc   t5, 0x5
core   0: 3 0x8000a94a (0x00005f17) x30 0x8000f94a
core   0: 0x8000a94e (0x6a3f2b23) sw      gp, 1718(t5)
core   0: 3 0x8000a94e (0x6a3f2b23) mem 0x80010000 0x00000001
core   0: 0x8000a952 (0x0000bfe5) c.j     pc - 8
core   0: 3 0x8000a952 (0xbfe5)
core   0: 0x8000a94a (0x00005f17) auipc   t5, 0x5
core   0: 3 0x8000a94a (0x00005f17) x30 0x8000f94a
core   0: 0x8000a94e (0x6a3f2b23) sw      gp, 1718(t5)
core   0: 3 0x8000a94e (0x6a3f2b23) mem 0x80010000 0x00000001
core   0: 0x8000a952 (0x0000bfe5) c.j     pc - 8
core   0: 3 0x8000a952 (0xbfe5)
core   0: 0x8000a94a (0x00005f17) auipc   t5, 0x5
core   0: 3 0x8000a94a (0x00005f17) x30 0x8000f94a
core   0: 0x8000a94e (0x6a3f2b23) sw      gp, 1718(t5)
core   0: 3 0x8000a94e (0x6a3f2b23) mem 0x80010000 0x00000001
core   0: 0x8000a952 (0x0000bfe5) c.j     pc - 8
core   0: 3 0x8000a952 (0xbfe5)
core   0: 0x8000a94a (0x00005f17) auipc   t5, 0x5
core   0: 3 0x8000a94a (0x00005f17) x30 0x8000f94a
core   0: 0x8000a94e (0x6a3f2b23) sw      gp, 1718(t5)
core   0: 3 0x8000a94e (0x6a3f2b23) mem 0x80010000 0x00000001
core   0: 0x8000a952 (0x0000bfe5) c.j     pc - 8
core   0: 3 0x8000a952 (0xbfe5)
core   0: 0x8000a94a (0x00005f17) auipc   t5, 0x5
core   0: 3 0x8000a94a (0x00005f17) x30 0x8000f94a
core   0: 0x8000a94e (0x6a3f2b23) sw      gp, 1718(t5)
core   0: 3 0x8000a94e (0x6a3f2b23) mem 0x80010000 0x00000001
core   0: 0x8000a952 (0x0000bfe5) c.j     pc - 8
core   0: 3 0x8000a952 (0xbfe5)
core   0: 0x8000a94a (0x00005f17) auipc   t5, 0x5
core   0: 3 0x8000a94a (0x00005f17) x30 0x8000f94a
core   0: 0x8000a94e (0x6a3f2b23) sw      gp, 1718(t5)
core   0: 3 0x8000a94e (0x6a3f2b23) mem 0x80010000 0x00000001
core   0: 0x8000a952 (0x0000bfe5) c.j     pc - 8
core   0: 3 0x8000a952 (0xbfe5)
core   0: 0x8000a94a (0x00005f17) auipc   t5, 0x5
core   0: 3 0x8000a94a (0x00005f17) x30 0x8000f94a
core   0: 0x8000a94e (0x6a3f2b23) sw      gp, 1718(t5)
core   0: 3 0x8000a94e (0x6a3f2b23) mem 0x80010000 0x00000001
core   0: 0x8000a952 (0x0000bfe5) c.j     pc - 8
core   0: 3 0x8000a952 (0xbfe5)
core   0: 0x8000a94a (0x00005f17) auipc   t5, 0x5
core   0: 3 0x8000a94a (0x00005f17) x30 0x8000f94a
core   0: 0x8000a94e (0x6a3f2b23) sw      gp, 1718(t5)
core   0: 3 0x8000a94e (0x6a3f2b23) mem 0x80010000 0x00000001
core   0: 0x8000a952 (0x0000bfe5) c.j     pc - 8
core   0: 3 0x8000a952 (0xbfe5)
core   0: 0x8000a94a (0x00005f17) auipc   t5, 0x5
core   0: 3 0x8000a94a (0x00005f17) x30 0x8000f94a
core   0: 0x8000a94e (0x6a3f2b23) sw      gp, 1718(t5)
core   0: 3 0x8000a94e (0x6a3f2b23) mem 0x80010000 0x00000001
core   0: 0x8000a952 (0x0000bfe5) c.j     pc - 8
core   0: 3 0x8000a952 (0xbfe5)
core   0: 0x8000a94a (0x00005f17) auipc   t5, 0x5
core   0: 3 0x8000a94a (0x00005f17) x30 0x8000f94a
core   0: 0x8000a94e (0x6a3f2b23) sw      gp, 1718(t5)
core   0: 3 0x8000a94e (0x6a3f2b23) mem 0x80010000 0x00000001
core   0: 0x8000a952 (0x0000bfe5) c.j     pc - 8
core   0: 3 0x8000a952 (0xbfe5)
core   0: 0x8000a94a (0x00005f17) auipc   t5, 0x5
core   0: 3 0x8000a94a (0x00005f17) x30 0x8000f94a
core   0: 0x8000a94e (0x6a3f2b23) sw      gp, 1718(t5)
core   0: 3 0x8000a94e (0x6a3f2b23) mem 0x80010000 0x00000001
core   0: 0x8000a952 (0x0000bfe5) c.j     pc - 8
core   0: 3 0x8000a952 (0xbfe5)
core   0: 0x8000a94a (0x00005f17) auipc   t5, 0x5
core   0: 3 0x8000a94a (0x00005f17) x30 0x8000f94a
core   0: 0x8000a94e (0x6a3f2b23) sw      gp, 1718(t5)
core   0: 3 0x8000a94e (0x6a3f2b23) mem 0x80010000 0x00000001
core   0: 0x8000a952 (0x0000bfe5) c.j     pc - 8
core   0: 3 0x8000a952 (0xbfe5)
core   0: 0x8000a94a (0x00005f17) auipc   t5, 0x5
core   0: 3 0x8000a94a (0x00005f17) x30 0x8000f94a
core   0: 0x8000a94e (0x6a3f2b23) sw      gp, 1718(t5)
core   0: 3 0x8000a94e (0x6a3f2b23) mem 0x80010000 0x00000001
core   0: 0x8000a952 (0x0000bfe5) c.j     pc - 8
core   0: 3 0x8000a952 (0xbfe5)
core   0: 0x8000a94a (0x00005f17) auipc   t5, 0x5
core   0: 3 0x8000a94a (0x00005f17) x30 0x8000f94a
core   0: 0x8000a94e (0x6a3f2b23) sw      gp, 1718(t5)
core   0: 3 0x8000a94e (0x6a3f2b23) mem 0x80010000 0x00000001
core   0: 0x8000a952 (0x0000bfe5) c.j     pc - 8
core   0: 3 0x8000a952 (0xbfe5)
core   0: 0x8000a94a (0x00005f17) auipc   t5, 0x5
core   0: 3 0x8000a94a (0x00005f17) x30 0x8000f94a
core   0: 0x8000a94e (0x6a3f2b23) sw      gp, 1718(t5)
core   0: 3 0x8000a94e (0x6a3f2b23) mem 0x80010000 0x00000001
core   0: 0x8000a952 (0x0000bfe5) c.j     pc - 8
core   0: 3 0x8000a952 (0xbfe5)
core   0: 0x8000a94a (0x00005f17) auipc   t5, 0x5
core   0: 3 0x8000a94a (0x00005f17) x30 0x8000f94a
core   0: 0x8000a94e (0x6a3f2b23) sw      gp, 1718(t5)
core   0: 3 0x8000a94e (0x6a3f2b23) mem 0x80010000 0x00000001
core   0: 0x8000a952 (0x0000bfe5) c.j     pc - 8
core   0: 3 0x8000a952 (0xbfe5)
core   0: 0x8000a94a (0x00005f17) auipc   t5, 0x5
core   0: 3 0x8000a94a (0x00005f17) x30 0x8000f94a
core   0: 0x8000a94e (0x6a3f2b23) sw      gp, 1718(t5)
core   0: 3 0x8000a94e (0x6a3f2b23) mem 0x80010000 0x00000001
core   0: 0x8000a952 (0x0000bfe5) c.j     pc - 8
core   0: 3 0x8000a952 (0xbfe5)
core   0: 0x8000a94a (0x00005f17) auipc   t5, 0x5
core   0: 3 0x8000a94a (0x00005f17) x30 0x8000f94a
core   0: 0x8000a94e (0x6a3f2b23) sw      gp, 1718(t5)
core   0: 3 0x8000a94e (0x6a3f2b23) mem 0x80010000 0x00000001
core   0: 0x8000a952 (0x0000bfe5) c.j     pc - 8
core   0: 3 0x8000a952 (0xbfe5)
core   0: 0x8000a94a (0x00005f17) auipc   t5, 0x5
core   0: 3 0x8000a94a (0x00005f17) x30 0x8000f94a
core   0: 0x8000a94e (0x6a3f2b23) sw      gp, 1718(t5)
core   0: 3 0x8000a94e (0x6a3f2b23) mem 0x80010000 0x00000001
core   0: 0x8000a952 (0x0000bfe5) c.j     pc - 8
core   0: 3 0x8000a952 (0xbfe5)
core   0: 0x8000a94a (0x00005f17) auipc   t5, 0x5
core   0: 3 0x8000a94a (0x00005f17) x30 0x8000f94a
core   0: 0x8000a94e (0x6a3f2b23) sw      gp, 1718(t5)
core   0: 3 0x8000a94e (0x6a3f2b23) mem 0x80010000 0x00000001
core   0: 0x8000a952 (0x0000bfe5) c.j     pc - 8
core   0: 3 0x8000a952 (0xbfe5)
core   0: 0x8000a94a (0x00005f17) auipc   t5, 0x5
core   0: 3 0x8000a94a (0x00005f17) x30 0x8000f94a
core   0: 0x8000a94e (0x6a3f2b23) sw      gp, 1718(t5)
core   0: 3 0x8000a94e (0x6a3f2b23) mem 0x80010000 0x00000001
core   0: 0x8000a952 (0x0000bfe5) c.j     pc - 8
core   0: 3 0x8000a952 (0xbfe5)
core   0: 0x8000a94a (0x00005f17) auipc   t5, 0x5
core   0: 3 0x8000a94a (0x00005f17) x30 0x8000f94a
core   0: 0x8000a94e (0x6a3f2b23) sw      gp, 1718(t5)
core   0: 3 0x8000a94e (0x6a3f2b23) mem 0x80010000 0x00000001
core   0: 0x8000a952 (0x0000bfe5) c.j     pc - 8
core   0: 3 0x8000a952 (0xbfe5)
core   0: 0x8000a94a (0x00005f17) auipc   t5, 0x5
core   0: 3 0x8000a94a (0x00005f17) x30 0x8000f94a
core   0: 0x8000a94e (0x6a3f2b23) sw      gp, 1718(t5)
core   0: 3 0x8000a94e (0x6a3f2b23) mem 0x80010000 0x00000001
core   0: 0x8000a952 (0x0000bfe5) c.j     pc - 8
core   0: 3 0x8000a952 (0xbfe5)
core   0: 0x8000a94a (0x00005f17) auipc   t5, 0x5
core   0: 3 0x8000a94a (0x00005f17) x30 0x8000f94a
core   0: 0x8000a94e (0x6a3f2b23) sw      gp, 1718(t5)
core   0: 3 0x8000a94e (0x6a3f2b23) mem 0x80010000 0x00000001
core   0: 0x8000a952 (0x0000bfe5) c.j     pc - 8
core   0: 3 0x8000a952 (0xbfe5)
core   0: 0x8000a94a (0x00005f17) auipc   t5, 0x5
core   0: 3 0x8000a94a (0x00005f17) x30 0x8000f94a
core   0: 0x8000a94e (0x6a3f2b23) sw      gp, 1718(t5)
core   0: 3 0x8000a94e (0x6a3f2b23) mem 0x80010000 0x00000001
core   0: 0x8000a952 (0x0000bfe5) c.j     pc - 8
core   0: 3 0x8000a952 (0xbfe5)
core   0: 0x8000a94a (0x00005f17) auipc   t5, 0x5
core   0: 3 0x8000a94a (0x00005f17) x30 0x8000f94a
core   0: 0x8000a94e (0x6a3f2b23) sw      gp, 1718(t5)
core   0: 3 0x8000a94e (0x6a3f2b23) mem 0x80010000 0x00000001
core   0: 0x8000a952 (0x0000bfe5) c.j     pc - 8
core   0: 3 0x8000a952 (0xbfe5)
core   0: 0x8000a94a (0x00005f17) auipc   t5, 0x5
core   0: 3 0x8000a94a (0x00005f17) x30 0x8000f94a
core   0: 0x8000a94e (0x6a3f2b23) sw      gp, 1718(t5)
core   0: 3 0x8000a94e (0x6a3f2b23) mem 0x80010000 0x00000001
core   0: 0x8000a952 (0x0000bfe5) c.j     pc - 8
core   0: 3 0x8000a952 (0xbfe5)
core   0: 0x8000a94a (0x00005f17) auipc   t5, 0x5
core   0: 3 0x8000a94a (0x00005f17) x30 0x8000f94a
core   0: 0x8000a94e (0x6a3f2b23) sw      gp, 1718(t5)
core   0: 3 0x8000a94e (0x6a3f2b23) mem 0x80010000 0x00000001
core   0: 0x8000a952 (0x0000bfe5) c.j     pc - 8
core   0: 3 0x8000a952 (0xbfe5)
core   0: 0x8000a94a (0x00005f17) auipc   t5, 0x5
core   0: 3 0x8000a94a (0x00005f17) x30 0x8000f94a
core   0: 0x8000a94e (0x6a3f2b23) sw      gp, 1718(t5)
core   0: 3 0x8000a94e (0x6a3f2b23) mem 0x80010000 0x00000001
core   0: 0x8000a952 (0x0000bfe5) c.j     pc - 8
core   0: 3 0x8000a952 (0xbfe5)
core   0: 0x8000a94a (0x00005f17) auipc   t5, 0x5
core   0: 3 0x8000a94a (0x00005f17) x30 0x8000f94a
core   0: 0x8000a94e (0x6a3f2b23) sw      gp, 1718(t5)
core   0: 3 0x8000a94e (0x6a3f2b23) mem 0x80010000 0x00000001
core   0: 0x8000a952 (0x0000bfe5) c.j     pc - 8
core   0: 3 0x8000a952 (0xbfe5)
core   0: 0x8000a94a (0x00005f17) auipc   t5, 0x5
core   0: 3 0x8000a94a (0x00005f17) x30 0x8000f94a
core   0: 0x8000a94e (0x6a3f2b23) sw      gp, 1718(t5)
core   0: 3 0x8000a94e (0x6a3f2b23) mem 0x80010000 0x00000001
core   0: 0x8000a952 (0x0000bfe5) c.j     pc - 8
core   0: 3 0x8000a952 (0xbfe5)
core   0: 0x8000a94a (0x00005f17) auipc   t5, 0x5
core   0: 3 0x8000a94a (0x00005f17) x30 0x8000f94a
core   0: 0x8000a94e (0x6a3f2b23) sw      gp, 1718(t5)
core   0: 3 0x8000a94e (0x6a3f2b23) mem 0x80010000 0x00000001
core   0: 0x8000a952 (0x0000bfe5) c.j     pc - 8
core   0: 3 0x8000a952 (0xbfe5)
core   0: 0x8000a94a (0x00005f17) auipc   t5, 0x5
core   0: 3 0x8000a94a (0x00005f17) x30 0x8000f94a
core   0: 0x8000a94e (0x6a3f2b23) sw      gp, 1718(t5)
core   0: 3 0x8000a94e (0x6a3f2b23) mem 0x80010000 0x00000001
core   0: 0x8000a952 (0x0000bfe5) c.j     pc - 8
core   0: 3 0x8000a952 (0xbfe5)
core   0: 0x8000a94a (0x00005f17) auipc   t5, 0x5
core   0: 3 0x8000a94a (0x00005f17) x30 0x8000f94a
core   0: 0x8000a94e (0x6a3f2b23) sw      gp, 1718(t5)
core   0: 3 0x8000a94e (0x6a3f2b23) mem 0x80010000 0x00000001
core   0: 0x8000a952 (0x0000bfe5) c.j     pc - 8
core   0: 3 0x8000a952 (0xbfe5)
core   0: 0x8000a94a (0x00005f17) auipc   t5, 0x5
core   0: 3 0x8000a94a (0x00005f17) x30 0x8000f94a
core   0: 0x8000a94e (0x6a3f2b23) sw      gp, 1718(t5)
core   0: 3 0x8000a94e (0x6a3f2b23) mem 0x80010000 0x00000001
core   0: 0x8000a952 (0x0000bfe5) c.j     pc - 8
core   0: 3 0x8000a952 (0xbfe5)
core   0: 0x8000a94a (0x00005f17) auipc   t5, 0x5
core   0: 3 0x8000a94a (0x00005f17) x30 0x8000f94a
core   0: 0x8000a94e (0x6a3f2b23) sw      gp, 1718(t5)
core   0: 3 0x8000a94e (0x6a3f2b23) mem 0x80010000 0x00000001
core   0: 0x8000a952 (0x0000bfe5) c.j     pc - 8
core   0: 3 0x8000a952 (0xbfe5)
core   0: 0x8000a94a (0x00005f17) auipc   t5, 0x5
core   0: 3 0x8000a94a (0x00005f17) x30 0x8000f94a
core   0: 0x8000a94e (0x6a3f2b23) sw      gp, 1718(t5)
core   0: 3 0x8000a94e (0x6a3f2b23) mem 0x80010000 0x00000001
core   0: 0x8000a952 (0x0000bfe5) c.j     pc - 8
core   0: 3 0x8000a952 (0xbfe5)
core   0: 0x8000a94a (0x00005f17) auipc   t5, 0x5
core   0: 3 0x8000a94a (0x00005f17) x30 0x8000f94a
core   0: 0x8000a94e (0x6a3f2b23) sw      gp, 1718(t5)
core   0: 3 0x8000a94e (0x6a3f2b23) mem 0x80010000 0x00000001
core   0: 0x8000a952 (0x0000bfe5) c.j     pc - 8
core   0: 3 0x8000a952 (0xbfe5)
core   0: 0x8000a94a (0x00005f17) auipc   t5, 0x5
core   0: 3 0x8000a94a (0x00005f17) x30 0x8000f94a
core   0: 0x8000a94e (0x6a3f2b23) sw      gp, 1718(t5)
core   0: 3 0x8000a94e (0x6a3f2b23) mem 0x80010000 0x00000001
core   0: 0x8000a952 (0x0000bfe5) c.j     pc - 8
core   0: 3 0x8000a952 (0xbfe5)
core   0: 0x8000a94a (0x00005f17) auipc   t5, 0x5
core   0: 3 0x8000a94a (0x00005f17) x30 0x8000f94a
core   0: 0x8000a94e (0x6a3f2b23) sw      gp, 1718(t5)
core   0: 3 0x8000a94e (0x6a3f2b23) mem 0x80010000 0x00000001
core   0: 0x8000a952 (0x0000bfe5) c.j     pc - 8
core   0: 3 0x8000a952 (0xbfe5)
core   0: 0x8000a94a (0x00005f17) auipc   t5, 0x5
core   0: 3 0x8000a94a (0x00005f17) x30 0x8000f94a
core   0: 0x8000a94e (0x6a3f2b23) sw      gp, 1718(t5)
core   0: 3 0x8000a94e (0x6a3f2b23) mem 0x80010000 0x00000001
core   0: 0x8000a952 (0x0000bfe5) c.j     pc - 8
core   0: 3 0x8000a952 (0xbfe5)
core   0: 0x8000a94a (0x00005f17) auipc   t5, 0x5
core   0: 3 0x8000a94a (0x00005f17) x30 0x8000f94a
core   0: 0x8000a94e (0x6a3f2b23) sw      gp, 1718(t5)
core   0: 3 0x8000a94e (0x6a3f2b23) mem 0x80010000 0x00000001
core   0: 0x8000a952 (0x0000bfe5) c.j     pc - 8
core   0: 3 0x8000a952 (0xbfe5)
core   0: 0x8000a94a (0x00005f17) auipc   t5, 0x5
core   0: 3 0x8000a94a (0x00005f17) x30 0x8000f94a
core   0: 0x8000a94e (0x6a3f2b23) sw      gp, 1718(t5)
core   0: 3 0x8000a94e (0x6a3f2b23) mem 0x80010000 0x00000001
core   0: 0x8000a952 (0x0000bfe5) c.j     pc - 8
core   0: 3 0x8000a952 (0xbfe5)
core   0: 0x8000a94a (0x00005f17) auipc   t5, 0x5
core   0: 3 0x8000a94a (0x00005f17) x30 0x8000f94a
core   0: 0x8000a94e (0x6a3f2b23) sw      gp, 1718(t5)
core   0: 3 0x8000a94e (0x6a3f2b23) mem 0x80010000 0x00000001
core   0: 0x8000a952 (0x0000bfe5) c.j     pc - 8
core   0: 3 0x8000a952 (0xbfe5)
core   0: 0x8000a94a (0x00005f17) auipc   t5, 0x5
core   0: 3 0x8000a94a (0x00005f17) x30 0x8000f94a
core   0: 0x8000a94e (0x6a3f2b23) sw      gp, 1718(t5)
core   0: 3 0x8000a94e (0x6a3f2b23) mem 0x80010000 0x00000001
core   0: 0x8000a952 (0x0000bfe5) c.j     pc - 8
core   0: 3 0x8000a952 (0xbfe5)
core   0: 0x8000a94a (0x00005f17) auipc   t5, 0x5
core   0: 3 0x8000a94a (0x00005f17) x30 0x8000f94a
core   0: 0x8000a94e (0x6a3f2b23) sw      gp, 1718(t5)
core   0: 3 0x8000a94e (0x6a3f2b23) mem 0x80010000 0x00000001
core   0: 0x8000a952 (0x0000bfe5) c.j     pc - 8
core   0: 3 0x8000a952 (0xbfe5)
core   0: 0x8000a94a (0x00005f17) auipc   t5, 0x5
core   0: 3 0x8000a94a (0x00005f17) x30 0x8000f94a
core   0: 0x8000a94e (0x6a3f2b23) sw      gp, 1718(t5)
core   0: 3 0x8000a94e (0x6a3f2b23) mem 0x80010000 0x00000001
core   0: 0x8000a952 (0x0000bfe5) c.j     pc - 8
core   0: 3 0x8000a952 (0xbfe5)
core   0: 0x8000a94a (0x00005f17) auipc   t5, 0x5
core   0: 3 0x8000a94a (0x00005f17) x30 0x8000f94a
core   0: 0x8000a94e (0x6a3f2b23) sw      gp, 1718(t5)
core   0: 3 0x8000a94e (0x6a3f2b23) mem 0x80010000 0x00000001
core   0: 0x8000a952 (0x0000bfe5) c.j     pc - 8
core   0: 3 0x8000a952 (0xbfe5)
core   0: 0x8000a94a (0x00005f17) auipc   t5, 0x5
core   0: 3 0x8000a94a (0x00005f17) x30 0x8000f94a
core   0: 0x8000a94e (0x6a3f2b23) sw      gp, 1718(t5)
core   0: 3 0x8000a94e (0x6a3f2b23) mem 0x80010000 0x00000001
core   0: 0x8000a952 (0x0000bfe5) c.j     pc - 8
core   0: 3 0x8000a952 (0xbfe5)
core   0: 0x8000a94a (0x00005f17) auipc   t5, 0x5
core   0: 3 0x8000a94a (0x00005f17) x30 0x8000f94a
core   0: 0x8000a94e (0x6a3f2b23) sw      gp, 1718(t5)
core   0: 3 0x8000a94e (0x6a3f2b23) mem 0x80010000 0x00000001
core   0: 0x8000a952 (0x0000bfe5) c.j     pc - 8
core   0: 3 0x8000a952 (0xbfe5)
core   0: 0x8000a94a (0x00005f17) auipc   t5, 0x5
core   0: 3 0x8000a94a (0x00005f17) x30 0x8000f94a
core   0: 0x8000a94e (0x6a3f2b23) sw      gp, 1718(t5)
core   0: 3 0x8000a94e (0x6a3f2b23) mem 0x80010000 0x00000001
core   0: 0x8000a952 (0x0000bfe5) c.j     pc - 8
core   0: 3 0x8000a952 (0xbfe5)
core   0: 0x8000a94a (0x00005f17) auipc   t5, 0x5
core   0: 3 0x8000a94a (0x00005f17) x30 0x8000f94a
core   0: 0x8000a94e (0x6a3f2b23) sw      gp, 1718(t5)
core   0: 3 0x8000a94e (0x6a3f2b23) mem 0x80010000 0x00000001
core   0: 0x8000a952 (0x0000bfe5) c.j     pc - 8
core   0: 3 0x8000a952 (0xbfe5)
core   0: 0x8000a94a (0x00005f17) auipc   t5, 0x5
core   0: 3 0x8000a94a (0x00005f17) x30 0x8000f94a
core   0: 0x8000a94e (0x6a3f2b23) sw      gp, 1718(t5)
core   0: 3 0x8000a94e (0x6a3f2b23) mem 0x80010000 0x00000001
core   0: 0x8000a952 (0x0000bfe5) c.j     pc - 8
core   0: 3 0x8000a952 (0xbfe5)
core   0: 0x8000a94a (0x00005f17) auipc   t5, 0x5
core   0: 3 0x8000a94a (0x00005f17) x30 0x8000f94a
core   0: 0x8000a94e (0x6a3f2b23) sw      gp, 1718(t5)
core   0: 3 0x8000a94e (0x6a3f2b23) mem 0x80010000 0x00000001
core   0: 0x8000a952 (0x0000bfe5) c.j     pc - 8
core   0: 3 0x8000a952 (0xbfe5)
core   0: 0x8000a94a (0x00005f17) auipc   t5, 0x5
core   0: 3 0x8000a94a (0x00005f17) x30 0x8000f94a
core   0: 0x8000a94e (0x6a3f2b23) sw      gp, 1718(t5)
core   0: 3 0x8000a94e (0x6a3f2b23) mem 0x80010000 0x00000001
core   0: 0x8000a952 (0x0000bfe5) c.j     pc - 8
core   0: 3 0x8000a952 (0xbfe5)
core   0: 0x8000a94a (0x00005f17) auipc   t5, 0x5
core   0: 3 0x8000a94a (0x00005f17) x30 0x8000f94a
core   0: 0x8000a94e (0x6a3f2b23) sw      gp, 1718(t5)
core   0: 3 0x8000a94e (0x6a3f2b23) mem 0x80010000 0x00000001
core   0: 0x8000a952 (0x0000bfe5) c.j     pc - 8
core   0: 3 0x8000a952 (0xbfe5)
core   0: 0x8000a94a (0x00005f17) auipc   t5, 0x5
core   0: 3 0x8000a94a (0x00005f17) x30 0x8000f94a
core   0: 0x8000a94e (0x6a3f2b23) sw      gp, 1718(t5)
core   0: 3 0x8000a94e (0x6a3f2b23) mem 0x80010000 0x00000001
core   0: 0x8000a952 (0x0000bfe5) c.j     pc - 8
core   0: 3 0x8000a952 (0xbfe5)
core   0: 0x8000a94a (0x00005f17) auipc   t5, 0x5
core   0: 3 0x8000a94a (0x00005f17) x30 0x8000f94a
core   0: 0x8000a94e (0x6a3f2b23) sw      gp, 1718(t5)
core   0: 3 0x8000a94e (0x6a3f2b23) mem 0x80010000 0x00000001
core   0: 0x8000a952 (0x0000bfe5) c.j     pc - 8
core   0: 3 0x8000a952 (0xbfe5)
core   0: 0x8000a94a (0x00005f17) auipc   t5, 0x5
core   0: 3 0x8000a94a (0x00005f17) x30 0x8000f94a
core   0: 0x8000a94e (0x6a3f2b23) sw      gp, 1718(t5)
core   0: 3 0x8000a94e (0x6a3f2b23) mem 0x80010000 0x00000001
core   0: 0x8000a952 (0x0000bfe5) c.j     pc - 8
core   0: 3 0x8000a952 (0xbfe5)
core   0: 0x8000a94a (0x00005f17) auipc   t5, 0x5
core   0: 3 0x8000a94a (0x00005f17) x30 0x8000f94a
core   0: 0x8000a94e (0x6a3f2b23) sw      gp, 1718(t5)
core   0: 3 0x8000a94e (0x6a3f2b23) mem 0x80010000 0x00000001
core   0: 0x8000a952 (0x0000bfe5) c.j     pc - 8
core   0: 3 0x8000a952 (0xbfe5)
core   0: 0x8000a94a (0x00005f17) auipc   t5, 0x5
core   0: 3 0x8000a94a (0x00005f17) x30 0x8000f94a
core   0: 0x8000a94e (0x6a3f2b23) sw      gp, 1718(t5)
core   0: 3 0x8000a94e (0x6a3f2b23) mem 0x80010000 0x00000001
core   0: 0x8000a952 (0x0000bfe5) c.j     pc - 8
core   0: 3 0x8000a952 (0xbfe5)
core   0: 0x8000a94a (0x00005f17) auipc   t5, 0x5
core   0: 3 0x8000a94a (0x00005f17) x30 0x8000f94a
core   0: 0x8000a94e (0x6a3f2b23) sw      gp, 1718(t5)
core   0: 3 0x8000a94e (0x6a3f2b23) mem 0x80010000 0x00000001
core   0: 0x8000a952 (0x0000bfe5) c.j     pc - 8
core   0: 3 0x8000a952 (0xbfe5)
core   0: 0x8000a94a (0x00005f17) auipc   t5, 0x5
core   0: 3 0x8000a94a (0x00005f17) x30 0x8000f94a
core   0: 0x8000a94e (0x6a3f2b23) sw      gp, 1718(t5)
core   0: 3 0x8000a94e (0x6a3f2b23) mem 0x80010000 0x00000001
core   0: 0x8000a952 (0x0000bfe5) c.j     pc - 8
core   0: 3 0x8000a952 (0xbfe5)
core   0: 0x8000a94a (0x00005f17) auipc   t5, 0x5
core   0: 3 0x8000a94a (0x00005f17) x30 0x8000f94a
core   0: 0x8000a94e (0x6a3f2b23) sw      gp, 1718(t5)
core   0: 3 0x8000a94e (0x6a3f2b23) mem 0x80010000 0x00000001
core   0: 0x8000a952 (0x0000bfe5) c.j     pc - 8
core   0: 3 0x8000a952 (0xbfe5)
core   0: 0x8000a94a (0x00005f17) auipc   t5, 0x5
core   0: 3 0x8000a94a (0x00005f17) x30 0x8000f94a
core   0: 0x8000a94e (0x6a3f2b23) sw      gp, 1718(t5)
core   0: 3 0x8000a94e (0x6a3f2b23) mem 0x80010000 0x00000001
core   0: 0x8000a952 (0x0000bfe5) c.j     pc - 8
core   0: 3 0x8000a952 (0xbfe5)
core   0: 0x8000a94a (0x00005f17) auipc   t5, 0x5
core   0: 3 0x8000a94a (0x00005f17) x30 0x8000f94a
core   0: 0x8000a94e (0x6a3f2b23) sw      gp, 1718(t5)
core   0: 3 0x8000a94e (0x6a3f2b23) mem 0x80010000 0x00000001
core   0: 0x8000a952 (0x0000bfe5) c.j     pc - 8
core   0: 3 0x8000a952 (0xbfe5)
core   0: 0x8000a94a (0x00005f17) auipc   t5, 0x5
core   0: 3 0x8000a94a (0x00005f17) x30 0x8000f94a
core   0: 0x8000a94e (0x6a3f2b23) sw      gp, 1718(t5)
core   0: 3 0x8000a94e (0x6a3f2b23) mem 0x80010000 0x00000001
core   0: 0x8000a952 (0x0000bfe5) c.j     pc - 8
core   0: 3 0x8000a952 (0xbfe5)
core   0: 0x8000a94a (0x00005f17) auipc   t5, 0x5
core   0: 3 0x8000a94a (0x00005f17) x30 0x8000f94a
core   0: 0x8000a94e (0x6a3f2b23) sw      gp, 1718(t5)
core   0: 3 0x8000a94e (0x6a3f2b23) mem 0x80010000 0x00000001
core   0: 0x8000a952 (0x0000bfe5) c.j     pc - 8
core   0: 3 0x8000a952 (0xbfe5)
core   0: 0x8000a94a (0x00005f17) auipc   t5, 0x5
core   0: 3 0x8000a94a (0x00005f17) x30 0x8000f94a
core   0: 0x8000a94e (0x6a3f2b23) sw      gp, 1718(t5)
core   0: 3 0x8000a94e (0x6a3f2b23) mem 0x80010000 0x00000001
core   0: 0x8000a952 (0x0000bfe5) c.j     pc - 8
core   0: 3 0x8000a952 (0xbfe5)
core   0: 0x8000a94a (0x00005f17) auipc   t5, 0x5
core   0: 3 0x8000a94a (0x00005f17) x30 0x8000f94a
core   0: 0x8000a94e (0x6a3f2b23) sw      gp, 1718(t5)
core   0: 3 0x8000a94e (0x6a3f2b23) mem 0x80010000 0x00000001
core   0: 0x8000a952 (0x0000bfe5) c.j     pc - 8
core   0: 3 0x8000a952 (0xbfe5)
core   0: 0x8000a94a (0x00005f17) auipc   t5, 0x5
core   0: 3 0x8000a94a (0x00005f17) x30 0x8000f94a
core   0: 0x8000a94e (0x6a3f2b23) sw      gp, 1718(t5)
core   0: 3 0x8000a94e (0x6a3f2b23) mem 0x80010000 0x00000001
core   0: 0x8000a952 (0x0000bfe5) c.j     pc - 8
core   0: 3 0x8000a952 (0xbfe5)
core   0: 0x8000a94a (0x00005f17) auipc   t5, 0x5
core   0: 3 0x8000a94a (0x00005f17) x30 0x8000f94a
core   0: 0x8000a94e (0x6a3f2b23) sw      gp, 1718(t5)
core   0: 3 0x8000a94e (0x6a3f2b23) mem 0x80010000 0x00000001
core   0: 0x8000a952 (0x0000bfe5) c.j     pc - 8
core   0: 3 0x8000a952 (0xbfe5)
core   0: 0x8000a94a (0x00005f17) auipc   t5, 0x5
core   0: 3 0x8000a94a (0x00005f17) x30 0x8000f94a
core   0: 0x8000a94e (0x6a3f2b23) sw      gp, 1718(t5)
core   0: 3 0x8000a94e (0x6a3f2b23) mem 0x80010000 0x00000001
core   0: 0x8000a952 (0x0000bfe5) c.j     pc - 8
core   0: 3 0x8000a952 (0xbfe5)
core   0: 0x8000a94a (0x00005f17) auipc   t5, 0x5
core   0: 3 0x8000a94a (0x00005f17) x30 0x8000f94a
core   0: 0x8000a94e (0x6a3f2b23) sw      gp, 1718(t5)
core   0: 3 0x8000a94e (0x6a3f2b23) mem 0x80010000 0x00000001
core   0: 0x8000a952 (0x0000bfe5) c.j     pc - 8
core   0: 3 0x8000a952 (0xbfe5)
core   0: 0x8000a94a (0x00005f17) auipc   t5, 0x5
core   0: 3 0x8000a94a (0x00005f17) x30 0x8000f94a
core   0: 0x8000a94e (0x6a3f2b23) sw      gp, 1718(t5)
core   0: 3 0x8000a94e (0x6a3f2b23) mem 0x80010000 0x00000001
core   0: 0x8000a952 (0x0000bfe5) c.j     pc - 8
core   0: 3 0x8000a952 (0xbfe5)
core   0: 0x8000a94a (0x00005f17) auipc   t5, 0x5
core   0: 3 0x8000a94a (0x00005f17) x30 0x8000f94a
core   0: 0x8000a94e (0x6a3f2b23) sw      gp, 1718(t5)
core   0: 3 0x8000a94e (0x6a3f2b23) mem 0x80010000 0x00000001
core   0: 0x8000a952 (0x0000bfe5) c.j     pc - 8
core   0: 3 0x8000a952 (0xbfe5)
core   0: 0x8000a94a (0x00005f17) auipc   t5, 0x5
core   0: 3 0x8000a94a (0x00005f17) x30 0x8000f94a
core   0: 0x8000a94e (0x6a3f2b23) sw      gp, 1718(t5)
core   0: 3 0x8000a94e (0x6a3f2b23) mem 0x80010000 0x00000001
core   0: 0x8000a952 (0x0000bfe5) c.j     pc - 8
core   0: 3 0x8000a952 (0xbfe5)
core   0: 0x8000a94a (0x00005f17) auipc   t5, 0x5
core   0: 3 0x8000a94a (0x00005f17) x30 0x8000f94a
core   0: 0x8000a94e (0x6a3f2b23) sw      gp, 1718(t5)
core   0: 3 0x8000a94e (0x6a3f2b23) mem 0x80010000 0x00000001
core   0: 0x8000a952 (0x0000bfe5) c.j     pc - 8
core   0: 3 0x8000a952 (0xbfe5)
core   0: 0x8000a94a (0x00005f17) auipc   t5, 0x5
core   0: 3 0x8000a94a (0x00005f17) x30 0x8000f94a
core   0: 0x8000a94e (0x6a3f2b23) sw      gp, 1718(t5)
core   0: 3 0x8000a94e (0x6a3f2b23) mem 0x80010000 0x00000001
core   0: 0x8000a952 (0x0000bfe5) c.j     pc - 8
core   0: 3 0x8000a952 (0xbfe5)
core   0: 0x8000a94a (0x00005f17) auipc   t5, 0x5
core   0: 3 0x8000a94a (0x00005f17) x30 0x8000f94a
core   0: 0x8000a94e (0x6a3f2b23) sw      gp, 1718(t5)
core   0: 3 0x8000a94e (0x6a3f2b23) mem 0x80010000 0x00000001
core   0: 0x8000a952 (0x0000bfe5) c.j     pc - 8
core   0: 3 0x8000a952 (0xbfe5)
core   0: 0x8000a94a (0x00005f17) auipc   t5, 0x5
core   0: 3 0x8000a94a (0x00005f17) x30 0x8000f94a
core   0: 0x8000a94e (0x6a3f2b23) sw      gp, 1718(t5)
core   0: 3 0x8000a94e (0x6a3f2b23) mem 0x80010000 0x00000001
core   0: 0x8000a952 (0x0000bfe5) c.j     pc - 8
core   0: 3 0x8000a952 (0xbfe5)
core   0: 0x8000a94a (0x00005f17) auipc   t5, 0x5
core   0: 3 0x8000a94a (0x00005f17) x30 0x8000f94a
core   0: 0x8000a94e (0x6a3f2b23) sw      gp, 1718(t5)
core   0: 3 0x8000a94e (0x6a3f2b23) mem 0x80010000 0x00000001
core   0: 0x8000a952 (0x0000bfe5) c.j     pc - 8
core   0: 3 0x8000a952 (0xbfe5)
core   0: 0x8000a94a (0x00005f17) auipc   t5, 0x5
core   0: 3 0x8000a94a (0x00005f17) x30 0x8000f94a
core   0: 0x8000a94e (0x6a3f2b23) sw      gp, 1718(t5)
core   0: 3 0x8000a94e (0x6a3f2b23) mem 0x80010000 0x00000001
core   0: 0x8000a952 (0x0000bfe5) c.j     pc - 8
core   0: 3 0x8000a952 (0xbfe5)
core   0: 0x8000a94a (0x00005f17) auipc   t5, 0x5
core   0: 3 0x8000a94a (0x00005f17) x30 0x8000f94a
core   0: 0x8000a94e (0x6a3f2b23) sw      gp, 1718(t5)
core   0: 3 0x8000a94e (0x6a3f2b23) mem 0x80010000 0x00000001
core   0: 0x8000a952 (0x0000bfe5) c.j     pc - 8
core   0: 3 0x8000a952 (0xbfe5)
core   0: 0x8000a94a (0x00005f17) auipc   t5, 0x5
core   0: 3 0x8000a94a (0x00005f17) x30 0x8000f94a
core   0: 0x8000a94e (0x6a3f2b23) sw      gp, 1718(t5)
core   0: 3 0x8000a94e (0x6a3f2b23) mem 0x80010000 0x00000001
core   0: 0x8000a952 (0x0000bfe5) c.j     pc - 8
core   0: 3 0x8000a952 (0xbfe5)
core   0: 0x8000a94a (0x00005f17) auipc   t5, 0x5
core   0: 3 0x8000a94a (0x00005f17) x30 0x8000f94a
core   0: 0x8000a94e (0x6a3f2b23) sw      gp, 1718(t5)
core   0: 3 0x8000a94e (0x6a3f2b23) mem 0x80010000 0x00000001
core   0: 0x8000a952 (0x0000bfe5) c.j     pc - 8
core   0: 3 0x8000a952 (0xbfe5)
core   0: 0x8000a94a (0x00005f17) auipc   t5, 0x5
core   0: 3 0x8000a94a (0x00005f17) x30 0x8000f94a
core   0: 0x8000a94e (0x6a3f2b23) sw      gp, 1718(t5)
core   0: 3 0x8000a94e (0x6a3f2b23) mem 0x80010000 0x00000001
core   0: 0x8000a952 (0x0000bfe5) c.j     pc - 8
core   0: 3 0x8000a952 (0xbfe5)
core   0: 0x8000a94a (0x00005f17) auipc   t5, 0x5
core   0: 3 0x8000a94a (0x00005f17) x30 0x8000f94a
core   0: 0x8000a94e (0x6a3f2b23) sw      gp, 1718(t5)
core   0: 3 0x8000a94e (0x6a3f2b23) mem 0x80010000 0x00000001
core   0: 0x8000a952 (0x0000bfe5) c.j     pc - 8
core   0: 3 0x8000a952 (0xbfe5)
core   0: 0x8000a94a (0x00005f17) auipc   t5, 0x5
core   0: 3 0x8000a94a (0x00005f17) x30 0x8000f94a
core   0: 0x8000a94e (0x6a3f2b23) sw      gp, 1718(t5)
core   0: 3 0x8000a94e (0x6a3f2b23) mem 0x80010000 0x00000001
core   0: 0x8000a952 (0x0000bfe5) c.j     pc - 8
core   0: 3 0x8000a952 (0xbfe5)
core   0: 0x8000a94a (0x00005f17) auipc   t5, 0x5
core   0: 3 0x8000a94a (0x00005f17) x30 0x8000f94a
core   0: 0x8000a94e (0x6a3f2b23) sw      gp, 1718(t5)
core   0: 3 0x8000a94e (0x6a3f2b23) mem 0x80010000 0x00000001
core   0: 0x8000a952 (0x0000bfe5) c.j     pc - 8
core   0: 3 0x8000a952 (0xbfe5)
core   0: 0x8000a94a (0x00005f17) auipc   t5, 0x5
core   0: 3 0x8000a94a (0x00005f17) x30 0x8000f94a
core   0: 0x8000a94e (0x6a3f2b23) sw      gp, 1718(t5)
core   0: 3 0x8000a94e (0x6a3f2b23) mem 0x80010000 0x00000001
core   0: 0x8000a952 (0x0000bfe5) c.j     pc - 8
core   0: 3 0x8000a952 (0xbfe5)
core   0: 0x8000a94a (0x00005f17) auipc   t5, 0x5
core   0: 3 0x8000a94a (0x00005f17) x30 0x8000f94a
core   0: 0x8000a94e (0x6a3f2b23) sw      gp, 1718(t5)
core   0: 3 0x8000a94e (0x6a3f2b23) mem 0x80010000 0x00000001
core   0: 0x8000a952 (0x0000bfe5) c.j     pc - 8
core   0: 3 0x8000a952 (0xbfe5)
core   0: 0x8000a94a (0x00005f17) auipc   t5, 0x5
core   0: 3 0x8000a94a (0x00005f17) x30 0x8000f94a
core   0: 0x8000a94e (0x6a3f2b23) sw      gp, 1718(t5)
core   0: 3 0x8000a94e (0x6a3f2b23) mem 0x80010000 0x00000001
core   0: 0x8000a952 (0x0000bfe5) c.j     pc - 8
core   0: 3 0x8000a952 (0xbfe5)
core   0: 0x8000a94a (0x00005f17) auipc   t5, 0x5
core   0: 3 0x8000a94a (0x00005f17) x30 0x8000f94a
core   0: 0x8000a94e (0x6a3f2b23) sw      gp, 1718(t5)
core   0: 3 0x8000a94e (0x6a3f2b23) mem 0x80010000 0x00000001
core   0: 0x8000a952 (0x0000bfe5) c.j     pc - 8
core   0: 3 0x8000a952 (0xbfe5)
core   0: 0x8000a94a (0x00005f17) auipc   t5, 0x5
core   0: 3 0x8000a94a (0x00005f17) x30 0x8000f94a
core   0: 0x8000a94e (0x6a3f2b23) sw      gp, 1718(t5)
core   0: 3 0x8000a94e (0x6a3f2b23) mem 0x80010000 0x00000001
core   0: 0x8000a952 (0x0000bfe5) c.j     pc - 8
core   0: 3 0x8000a952 (0xbfe5)
core   0: 0x8000a94a (0x00005f17) auipc   t5, 0x5
core   0: 3 0x8000a94a (0x00005f17) x30 0x8000f94a
core   0: 0x8000a94e (0x6a3f2b23) sw      gp, 1718(t5)
core   0: 3 0x8000a94e (0x6a3f2b23) mem 0x80010000 0x00000001
core   0: 0x8000a952 (0x0000bfe5) c.j     pc - 8
core   0: 3 0x8000a952 (0xbfe5)
core   0: 0x8000a94a (0x00005f17) auipc   t5, 0x5
core   0: 3 0x8000a94a (0x00005f17) x30 0x8000f94a
core   0: 0x8000a94e (0x6a3f2b23) sw      gp, 1718(t5)
core   0: 3 0x8000a94e (0x6a3f2b23) mem 0x80010000 0x00000001
core   0: 0x8000a952 (0x0000bfe5) c.j     pc - 8
core   0: 3 0x8000a952 (0xbfe5)
core   0: 0x8000a94a (0x00005f17) auipc   t5, 0x5
core   0: 3 0x8000a94a (0x00005f17) x30 0x8000f94a
core   0: 0x8000a94e (0x6a3f2b23) sw      gp, 1718(t5)
core   0: 3 0x8000a94e (0x6a3f2b23) mem 0x80010000 0x00000001
core   0: 0x8000a952 (0x0000bfe5) c.j     pc - 8
core   0: 3 0x8000a952 (0xbfe5)
core   0: 0x8000a94a (0x00005f17) auipc   t5, 0x5
core   0: 3 0x8000a94a (0x00005f17) x30 0x8000f94a
core   0: 0x8000a94e (0x6a3f2b23) sw      gp, 1718(t5)
core   0: 3 0x8000a94e (0x6a3f2b23) mem 0x80010000 0x00000001
core   0: 0x8000a952 (0x0000bfe5) c.j     pc - 8
core   0: 3 0x8000a952 (0xbfe5)
core   0: 0x8000a94a (0x00005f17) auipc   t5, 0x5
core   0: 3 0x8000a94a (0x00005f17) x30 0x8000f94a
core   0: 0x8000a94e (0x6a3f2b23) sw      gp, 1718(t5)
core   0: 3 0x8000a94e (0x6a3f2b23) mem 0x80010000 0x00000001
core   0: 0x8000a952 (0x0000bfe5) c.j     pc - 8
core   0: 3 0x8000a952 (0xbfe5)
core   0: 0x8000a94a (0x00005f17) auipc   t5, 0x5
core   0: 3 0x8000a94a (0x00005f17) x30 0x8000f94a
core   0: 0x8000a94e (0x6a3f2b23) sw      gp, 1718(t5)
core   0: 3 0x8000a94e (0x6a3f2b23) mem 0x80010000 0x00000001
core   0: 0x8000a952 (0x0000bfe5) c.j     pc - 8
core   0: 3 0x8000a952 (0xbfe5)
core   0: 0x8000a94a (0x00005f17) auipc   t5, 0x5
core   0: 3 0x8000a94a (0x00005f17) x30 0x8000f94a
core   0: 0x8000a94e (0x6a3f2b23) sw      gp, 1718(t5)
core   0: 3 0x8000a94e (0x6a3f2b23) mem 0x80010000 0x00000001
core   0: 0x8000a952 (0x0000bfe5) c.j     pc - 8
core   0: 3 0x8000a952 (0xbfe5)
core   0: 0x8000a94a (0x00005f17) auipc   t5, 0x5
core   0: 3 0x8000a94a (0x00005f17) x30 0x8000f94a
core   0: 0x8000a94e (0x6a3f2b23) sw      gp, 1718(t5)
core   0: 3 0x8000a94e (0x6a3f2b23) mem 0x80010000 0x00000001
core   0: 0x8000a952 (0x0000bfe5) c.j     pc - 8
core   0: 3 0x8000a952 (0xbfe5)
core   0: 0x8000a94a (0x00005f17) auipc   t5, 0x5
core   0: 3 0x8000a94a (0x00005f17) x30 0x8000f94a
core   0: 0x8000a94e (0x6a3f2b23) sw      gp, 1718(t5)
core   0: 3 0x8000a94e (0x6a3f2b23) mem 0x80010000 0x00000001
core   0: 0x8000a952 (0x0000bfe5) c.j     pc - 8
core   0: 3 0x8000a952 (0xbfe5)
core   0: 0x8000a94a (0x00005f17) auipc   t5, 0x5
core   0: 3 0x8000a94a (0x00005f17) x30 0x8000f94a
core   0: 0x8000a94e (0x6a3f2b23) sw      gp, 1718(t5)
core   0: 3 0x8000a94e (0x6a3f2b23) mem 0x80010000 0x00000001
core   0: 0x8000a952 (0x0000bfe5) c.j     pc - 8
core   0: 3 0x8000a952 (0xbfe5)
core   0: 0x8000a94a (0x00005f17) auipc   t5, 0x5
core   0: 3 0x8000a94a (0x00005f17) x30 0x8000f94a
core   0: 0x8000a94e (0x6a3f2b23) sw      gp, 1718(t5)
core   0: 3 0x8000a94e (0x6a3f2b23) mem 0x80010000 0x00000001
core   0: 0x8000a952 (0x0000bfe5) c.j     pc - 8
core   0: 3 0x8000a952 (0xbfe5)
core   0: 0x8000a94a (0x00005f17) auipc   t5, 0x5
core   0: 3 0x8000a94a (0x00005f17) x30 0x8000f94a
core   0: 0x8000a94e (0x6a3f2b23) sw      gp, 1718(t5)
core   0: 3 0x8000a94e (0x6a3f2b23) mem 0x80010000 0x00000001
core   0: 0x8000a952 (0x0000bfe5) c.j     pc - 8
core   0: 3 0x8000a952 (0xbfe5)
core   0: 0x8000a94a (0x00005f17) auipc   t5, 0x5
core   0: 3 0x8000a94a (0x00005f17) x30 0x8000f94a
core   0: 0x8000a94e (0x6a3f2b23) sw      gp, 1718(t5)
core   0: 3 0x8000a94e (0x6a3f2b23) mem 0x80010000 0x00000001
core   0: 0x8000a952 (0x0000bfe5) c.j     pc - 8
core   0: 3 0x8000a952 (0xbfe5)
core   0: 0x8000a94a (0x00005f17) auipc   t5, 0x5
core   0: 3 0x8000a94a (0x00005f17) x30 0x8000f94a
core   0: 0x8000a94e (0x6a3f2b23) sw      gp, 1718(t5)
core   0: 3 0x8000a94e (0x6a3f2b23) mem 0x80010000 0x00000001
core   0: 0x8000a952 (0x0000bfe5) c.j     pc - 8
core   0: 3 0x8000a952 (0xbfe5)
core   0: 0x8000a94a (0x00005f17) auipc   t5, 0x5
core   0: 3 0x8000a94a (0x00005f17) x30 0x8000f94a
core   0: 0x8000a94e (0x6a3f2b23) sw      gp, 1718(t5)
core   0: 3 0x8000a94e (0x6a3f2b23) mem 0x80010000 0x00000001
core   0: 0x8000a952 (0x0000bfe5) c.j     pc - 8
core   0: 3 0x8000a952 (0xbfe5)
core   0: 0x8000a94a (0x00005f17) auipc   t5, 0x5
core   0: 3 0x8000a94a (0x00005f17) x30 0x8000f94a
core   0: 0x8000a94e (0x6a3f2b23) sw      gp, 1718(t5)
core   0: 3 0x8000a94e (0x6a3f2b23) mem 0x80010000 0x00000001
core   0: 0x8000a952 (0x0000bfe5) c.j     pc - 8
core   0: 3 0x8000a952 (0xbfe5)
core   0: 0x8000a94a (0x00005f17) auipc   t5, 0x5
core   0: 3 0x8000a94a (0x00005f17) x30 0x8000f94a
core   0: 0x8000a94e (0x6a3f2b23) sw      gp, 1718(t5)
core   0: 3 0x8000a94e (0x6a3f2b23) mem 0x80010000 0x00000001
core   0: 0x8000a952 (0x0000bfe5) c.j     pc - 8
core   0: 3 0x8000a952 (0xbfe5)
core   0: 0x8000a94a (0x00005f17) auipc   t5, 0x5
core   0: 3 0x8000a94a (0x00005f17) x30 0x8000f94a
core   0: 0x8000a94e (0x6a3f2b23) sw      gp, 1718(t5)
core   0: 3 0x8000a94e (0x6a3f2b23) mem 0x80010000 0x00000001
core   0: 0x8000a952 (0x0000bfe5) c.j     pc - 8
core   0: 3 0x8000a952 (0xbfe5)
core   0: 0x8000a94a (0x00005f17) auipc   t5, 0x5
core   0: 3 0x8000a94a (0x00005f17) x30 0x8000f94a
core   0: 0x8000a94e (0x6a3f2b23) sw      gp, 1718(t5)
core   0: 3 0x8000a94e (0x6a3f2b23) mem 0x80010000 0x00000001
core   0: 0x8000a952 (0x0000bfe5) c.j     pc - 8
core   0: 3 0x8000a952 (0xbfe5)
core   0: 0x8000a94a (0x00005f17) auipc   t5, 0x5
core   0: 3 0x8000a94a (0x00005f17) x30 0x8000f94a
core   0: 0x8000a94e (0x6a3f2b23) sw      gp, 1718(t5)
core   0: 3 0x8000a94e (0x6a3f2b23) mem 0x80010000 0x00000001
core   0: 0x8000a952 (0x0000bfe5) c.j     pc - 8
core   0: 3 0x8000a952 (0xbfe5)
core   0: 0x8000a94a (0x00005f17) auipc   t5, 0x5
core   0: 3 0x8000a94a (0x00005f17) x30 0x8000f94a
core   0: 0x8000a94e (0x6a3f2b23) sw      gp, 1718(t5)
core   0: 3 0x8000a94e (0x6a3f2b23) mem 0x80010000 0x00000001
core   0: 0x8000a952 (0x0000bfe5) c.j     pc - 8
core   0: 3 0x8000a952 (0xbfe5)
core   0: 0x8000a94a (0x00005f17) auipc   t5, 0x5
core   0: 3 0x8000a94a (0x00005f17) x30 0x8000f94a
core   0: 0x8000a94e (0x6a3f2b23) sw      gp, 1718(t5)
core   0: 3 0x8000a94e (0x6a3f2b23) mem 0x80010000 0x00000001
core   0: 0x8000a952 (0x0000bfe5) c.j     pc - 8
core   0: 3 0x8000a952 (0xbfe5)
core   0: 0x8000a94a (0x00005f17) auipc   t5, 0x5
core   0: 3 0x8000a94a (0x00005f17) x30 0x8000f94a
core   0: 0x8000a94e (0x6a3f2b23) sw      gp, 1718(t5)
core   0: 3 0x8000a94e (0x6a3f2b23) mem 0x80010000 0x00000001
core   0: 0x8000a952 (0x0000bfe5) c.j     pc - 8
core   0: 3 0x8000a952 (0xbfe5)
core   0: 0x8000a94a (0x00005f17) auipc   t5, 0x5
core   0: 3 0x8000a94a (0x00005f17) x30 0x8000f94a
core   0: 0x8000a94e (0x6a3f2b23) sw      gp, 1718(t5)
core   0: 3 0x8000a94e (0x6a3f2b23) mem 0x80010000 0x00000001
core   0: 0x8000a952 (0x0000bfe5) c.j     pc - 8
core   0: 3 0x8000a952 (0xbfe5)
core   0: 0x8000a94a (0x00005f17) auipc   t5, 0x5
core   0: 3 0x8000a94a (0x00005f17) x30 0x8000f94a
core   0: 0x8000a94e (0x6a3f2b23) sw      gp, 1718(t5)
core   0: 3 0x8000a94e (0x6a3f2b23) mem 0x80010000 0x00000001
core   0: 0x8000a952 (0x0000bfe5) c.j     pc - 8
core   0: 3 0x8000a952 (0xbfe5)
core   0: 0x8000a94a (0x00005f17) auipc   t5, 0x5
core   0: 3 0x8000a94a (0x00005f17) x30 0x8000f94a
core   0: 0x8000a94e (0x6a3f2b23) sw      gp, 1718(t5)
core   0: 3 0x8000a94e (0x6a3f2b23) mem 0x80010000 0x00000001
core   0: 0x8000a952 (0x0000bfe5) c.j     pc - 8
core   0: 3 0x8000a952 (0xbfe5)
core   0: 0x8000a94a (0x00005f17) auipc   t5, 0x5
core   0: 3 0x8000a94a (0x00005f17) x30 0x8000f94a
core   0: 0x8000a94e (0x6a3f2b23) sw      gp, 1718(t5)
core   0: 3 0x8000a94e (0x6a3f2b23) mem 0x80010000 0x00000001
core   0: 0x8000a952 (0x0000bfe5) c.j     pc - 8
core   0: 3 0x8000a952 (0xbfe5)
core   0: 0x8000a94a (0x00005f17) auipc   t5, 0x5
core   0: 3 0x8000a94a (0x00005f17) x30 0x8000f94a
core   0: 0x8000a94e (0x6a3f2b23) sw      gp, 1718(t5)
core   0: 3 0x8000a94e (0x6a3f2b23) mem 0x80010000 0x00000001
core   0: 0x8000a952 (0x0000bfe5) c.j     pc - 8
core   0: 3 0x8000a952 (0xbfe5)
core   0: 0x8000a94a (0x00005f17) auipc   t5, 0x5
core   0: 3 0x8000a94a (0x00005f17) x30 0x8000f94a
core   0: 0x8000a94e (0x6a3f2b23) sw      gp, 1718(t5)
core   0: 3 0x8000a94e (0x6a3f2b23) mem 0x80010000 0x00000001
core   0: 0x8000a952 (0x0000bfe5) c.j     pc - 8
core   0: 3 0x8000a952 (0xbfe5)
core   0: 0x8000a94a (0x00005f17) auipc   t5, 0x5
core   0: 3 0x8000a94a (0x00005f17) x30 0x8000f94a
core   0: 0x8000a94e (0x6a3f2b23) sw      gp, 1718(t5)
core   0: 3 0x8000a94e (0x6a3f2b23) mem 0x80010000 0x00000001
core   0: 0x8000a952 (0x0000bfe5) c.j     pc - 8
core   0: 3 0x8000a952 (0xbfe5)
core   0: 0x8000a94a (0x00005f17) auipc   t5, 0x5
core   0: 3 0x8000a94a (0x00005f17) x30 0x8000f94a
core   0: 0x8000a94e (0x6a3f2b23) sw      gp, 1718(t5)
core   0: 3 0x8000a94e (0x6a3f2b23) mem 0x80010000 0x00000001
core   0: 0x8000a952 (0x0000bfe5) c.j     pc - 8
core   0: 3 0x8000a952 (0xbfe5)
core   0: 0x8000a94a (0x00005f17) auipc   t5, 0x5
core   0: 3 0x8000a94a (0x00005f17) x30 0x8000f94a
core   0: 0x8000a94e (0x6a3f2b23) sw      gp, 1718(t5)
core   0: 3 0x8000a94e (0x6a3f2b23) mem 0x80010000 0x00000001
core   0: 0x8000a952 (0x0000bfe5) c.j     pc - 8
core   0: 3 0x8000a952 (0xbfe5)
core   0: 0x8000a94a (0x00005f17) auipc   t5, 0x5
core   0: 3 0x8000a94a (0x00005f17) x30 0x8000f94a
core   0: 0x8000a94e (0x6a3f2b23) sw      gp, 1718(t5)
core   0: 3 0x8000a94e (0x6a3f2b23) mem 0x80010000 0x00000001
core   0: 0x8000a952 (0x0000bfe5) c.j     pc - 8
core   0: 3 0x8000a952 (0xbfe5)
core   0: 0x8000a94a (0x00005f17) auipc   t5, 0x5
core   0: 3 0x8000a94a (0x00005f17) x30 0x8000f94a
core   0: 0x8000a94e (0x6a3f2b23) sw      gp, 1718(t5)
core   0: 3 0x8000a94e (0x6a3f2b23) mem 0x80010000 0x00000001
core   0: 0x8000a952 (0x0000bfe5) c.j     pc - 8
core   0: 3 0x8000a952 (0xbfe5)
core   0: 0x8000a94a (0x00005f17) auipc   t5, 0x5
core   0: 3 0x8000a94a (0x00005f17) x30 0x8000f94a
core   0: 0x8000a94e (0x6a3f2b23) sw      gp, 1718(t5)
core   0: 3 0x8000a94e (0x6a3f2b23) mem 0x80010000 0x00000001
core   0: 0x8000a952 (0x0000bfe5) c.j     pc - 8
core   0: 3 0x8000a952 (0xbfe5)
core   0: 0x8000a94a (0x00005f17) auipc   t5, 0x5
core   0: 3 0x8000a94a (0x00005f17) x30 0x8000f94a
core   0: 0x8000a94e (0x6a3f2b23) sw      gp, 1718(t5)
core   0: 3 0x8000a94e (0x6a3f2b23) mem 0x80010000 0x00000001
core   0: 0x8000a952 (0x0000bfe5) c.j     pc - 8
core   0: 3 0x8000a952 (0xbfe5)
core   0: 0x8000a94a (0x00005f17) auipc   t5, 0x5
core   0: 3 0x8000a94a (0x00005f17) x30 0x8000f94a
core   0: 0x8000a94e (0x6a3f2b23) sw      gp, 1718(t5)
core   0: 3 0x8000a94e (0x6a3f2b23) mem 0x80010000 0x00000001
core   0: 0x8000a952 (0x0000bfe5) c.j     pc - 8
core   0: 3 0x8000a952 (0xbfe5)
core   0: 0x8000a94a (0x00005f17) auipc   t5, 0x5
core   0: 3 0x8000a94a (0x00005f17) x30 0x8000f94a
core   0: 0x8000a94e (0x6a3f2b23) sw      gp, 1718(t5)
core   0: 3 0x8000a94e (0x6a3f2b23) mem 0x80010000 0x00000001
core   0: 0x8000a952 (0x0000bfe5) c.j     pc - 8
core   0: 3 0x8000a952 (0xbfe5)
core   0: 0x8000a94a (0x00005f17) auipc   t5, 0x5
core   0: 3 0x8000a94a (0x00005f17) x30 0x8000f94a
core   0: 0x8000a94e (0x6a3f2b23) sw      gp, 1718(t5)
core   0: 3 0x8000a94e (0x6a3f2b23) mem 0x80010000 0x00000001
core   0: 0x8000a952 (0x0000bfe5) c.j     pc - 8
core   0: 3 0x8000a952 (0xbfe5)
core   0: 0x8000a94a (0x00005f17) auipc   t5, 0x5
core   0: 3 0x8000a94a (0x00005f17) x30 0x8000f94a
core   0: 0x8000a94e (0x6a3f2b23) sw      gp, 1718(t5)
core   0: 3 0x8000a94e (0x6a3f2b23) mem 0x80010000 0x00000001
core   0: 0x8000a952 (0x0000bfe5) c.j     pc - 8
core   0: 3 0x8000a952 (0xbfe5)
core   0: 0x8000a94a (0x00005f17) auipc   t5, 0x5
core   0: 3 0x8000a94a (0x00005f17) x30 0x8000f94a
core   0: 0x8000a94e (0x6a3f2b23) sw      gp, 1718(t5)
core   0: 3 0x8000a94e (0x6a3f2b23) mem 0x80010000 0x00000001
core   0: 0x8000a952 (0x0000bfe5) c.j     pc - 8
core   0: 3 0x8000a952 (0xbfe5)
core   0: 0x8000a94a (0x00005f17) auipc   t5, 0x5
core   0: 3 0x8000a94a (0x00005f17) x30 0x8000f94a
core   0: 0x8000a94e (0x6a3f2b23) sw      gp, 1718(t5)
core   0: 3 0x8000a94e (0x6a3f2b23) mem 0x80010000 0x00000001
core   0: 0x8000a952 (0x0000bfe5) c.j     pc - 8
core   0: 3 0x8000a952 (0xbfe5)
core   0: 0x8000a94a (0x00005f17) auipc   t5, 0x5
core   0: 3 0x8000a94a (0x00005f17) x30 0x8000f94a
core   0: 0x8000a94e (0x6a3f2b23) sw      gp, 1718(t5)
core   0: 3 0x8000a94e (0x6a3f2b23) mem 0x80010000 0x00000001
core   0: 0x8000a952 (0x0000bfe5) c.j     pc - 8
core   0: 3 0x8000a952 (0xbfe5)
core   0: 0x8000a94a (0x00005f17) auipc   t5, 0x5
core   0: 3 0x8000a94a (0x00005f17) x30 0x8000f94a
core   0: 0x8000a94e (0x6a3f2b23) sw      gp, 1718(t5)
core   0: 3 0x8000a94e (0x6a3f2b23) mem 0x80010000 0x00000001
core   0: 0x8000a952 (0x0000bfe5) c.j     pc - 8
core   0: 3 0x8000a952 (0xbfe5)
core   0: 0x8000a94a (0x00005f17) auipc   t5, 0x5
core   0: 3 0x8000a94a (0x00005f17) x30 0x8000f94a
core   0: 0x8000a94e (0x6a3f2b23) sw      gp, 1718(t5)
core   0: 3 0x8000a94e (0x6a3f2b23) mem 0x80010000 0x00000001
core   0: 0x8000a952 (0x0000bfe5) c.j     pc - 8
core   0: 3 0x8000a952 (0xbfe5)
core   0: 0x8000a94a (0x00005f17) auipc   t5, 0x5
core   0: 3 0x8000a94a (0x00005f17) x30 0x8000f94a
core   0: 0x8000a94e (0x6a3f2b23) sw      gp, 1718(t5)
core   0: 3 0x8000a94e (0x6a3f2b23) mem 0x80010000 0x00000001
core   0: 0x8000a952 (0x0000bfe5) c.j     pc - 8
core   0: 3 0x8000a952 (0xbfe5)
core   0: 0x8000a94a (0x00005f17) auipc   t5, 0x5
core   0: 3 0x8000a94a (0x00005f17) x30 0x8000f94a
core   0: 0x8000a94e (0x6a3f2b23) sw      gp, 1718(t5)
core   0: 3 0x8000a94e (0x6a3f2b23) mem 0x80010000 0x00000001
core   0: 0x8000a952 (0x0000bfe5) c.j     pc - 8
core   0: 3 0x8000a952 (0xbfe5)
core   0: 0x8000a94a (0x00005f17) auipc   t5, 0x5
core   0: 3 0x8000a94a (0x00005f17) x30 0x8000f94a
core   0: 0x8000a94e (0x6a3f2b23) sw      gp, 1718(t5)
core   0: 3 0x8000a94e (0x6a3f2b23) mem 0x80010000 0x00000001
core   0: 0x8000a952 (0x0000bfe5) c.j     pc - 8
core   0: 3 0x8000a952 (0xbfe5)
core   0: 0x8000a94a (0x00005f17) auipc   t5, 0x5
core   0: 3 0x8000a94a (0x00005f17) x30 0x8000f94a
core   0: 0x8000a94e (0x6a3f2b23) sw      gp, 1718(t5)
core   0: 3 0x8000a94e (0x6a3f2b23) mem 0x80010000 0x00000001
core   0: 0x8000a952 (0x0000bfe5) c.j     pc - 8
core   0: 3 0x8000a952 (0xbfe5)
core   0: 0x8000a94a (0x00005f17) auipc   t5, 0x5
core   0: 3 0x8000a94a (0x00005f17) x30 0x8000f94a
core   0: 0x8000a94e (0x6a3f2b23) sw      gp, 1718(t5)
core   0: 3 0x8000a94e (0x6a3f2b23) mem 0x80010000 0x00000001
core   0: 0x8000a952 (0x0000bfe5) c.j     pc - 8
core   0: 3 0x8000a952 (0xbfe5)
core   0: 0x8000a94a (0x00005f17) auipc   t5, 0x5
core   0: 3 0x8000a94a (0x00005f17) x30 0x8000f94a
core   0: 0x8000a94e (0x6a3f2b23) sw      gp, 1718(t5)
core   0: 3 0x8000a94e (0x6a3f2b23) mem 0x80010000 0x00000001
core   0: 0x8000a952 (0x0000bfe5) c.j     pc - 8
core   0: 3 0x8000a952 (0xbfe5)
core   0: 0x8000a94a (0x00005f17) auipc   t5, 0x5
core   0: 3 0x8000a94a (0x00005f17) x30 0x8000f94a
core   0: 0x8000a94e (0x6a3f2b23) sw      gp, 1718(t5)
core   0: 3 0x8000a94e (0x6a3f2b23) mem 0x80010000 0x00000001
core   0: 0x8000a952 (0x0000bfe5) c.j     pc - 8
core   0: 3 0x8000a952 (0xbfe5)
core   0: 0x8000a94a (0x00005f17) auipc   t5, 0x5
core   0: 3 0x8000a94a (0x00005f17) x30 0x8000f94a
core   0: 0x8000a94e (0x6a3f2b23) sw      gp, 1718(t5)
core   0: 3 0x8000a94e (0x6a3f2b23) mem 0x80010000 0x00000001
core   0: 0x8000a952 (0x0000bfe5) c.j     pc - 8
core   0: 3 0x8000a952 (0xbfe5)
core   0: 0x8000a94a (0x00005f17) auipc   t5, 0x5
core   0: 3 0x8000a94a (0x00005f17) x30 0x8000f94a
core   0: 0x8000a94e (0x6a3f2b23) sw      gp, 1718(t5)
core   0: 3 0x8000a94e (0x6a3f2b23) mem 0x80010000 0x00000001
core   0: 0x8000a952 (0x0000bfe5) c.j     pc - 8
core   0: 3 0x8000a952 (0xbfe5)
core   0: 0x8000a94a (0x00005f17) auipc   t5, 0x5
core   0: 3 0x8000a94a (0x00005f17) x30 0x8000f94a
core   0: 0x8000a94e (0x6a3f2b23) sw      gp, 1718(t5)
core   0: 3 0x8000a94e (0x6a3f2b23) mem 0x80010000 0x00000001
core   0: 0x8000a952 (0x0000bfe5) c.j     pc - 8
core   0: 3 0x8000a952 (0xbfe5)
core   0: 0x8000a94a (0x00005f17) auipc   t5, 0x5
core   0: 3 0x8000a94a (0x00005f17) x30 0x8000f94a
core   0: 0x8000a94e (0x6a3f2b23) sw      gp, 1718(t5)
core   0: 3 0x8000a94e (0x6a3f2b23) mem 0x80010000 0x00000001
core   0: 0x8000a952 (0x0000bfe5) c.j     pc - 8
core   0: 3 0x8000a952 (0xbfe5)
core   0: 0x8000a94a (0x00005f17) auipc   t5, 0x5
core   0: 3 0x8000a94a (0x00005f17) x30 0x8000f94a
core   0: 0x8000a94e (0x6a3f2b23) sw      gp, 1718(t5)
core   0: 3 0x8000a94e (0x6a3f2b23) mem 0x80010000 0x00000001
core   0: 0x8000a952 (0x0000bfe5) c.j     pc - 8
core   0: 3 0x8000a952 (0xbfe5)
core   0: 0x8000a94a (0x00005f17) auipc   t5, 0x5
core   0: 3 0x8000a94a (0x00005f17) x30 0x8000f94a
core   0: 0x8000a94e (0x6a3f2b23) sw      gp, 1718(t5)
core   0: 3 0x8000a94e (0x6a3f2b23) mem 0x80010000 0x00000001
core   0: 0x8000a952 (0x0000bfe5) c.j     pc - 8
core   0: 3 0x8000a952 (0xbfe5)
core   0: 0x8000a94a (0x00005f17) auipc   t5, 0x5
core   0: 3 0x8000a94a (0x00005f17) x30 0x8000f94a
core   0: 0x8000a94e (0x6a3f2b23) sw      gp, 1718(t5)
core   0: 3 0x8000a94e (0x6a3f2b23) mem 0x80010000 0x00000001
core   0: 0x8000a952 (0x0000bfe5) c.j     pc - 8
core   0: 3 0x8000a952 (0xbfe5)
core   0: 0x8000a94a (0x00005f17) auipc   t5, 0x5
core   0: 3 0x8000a94a (0x00005f17) x30 0x8000f94a
core   0: 0x8000a94e (0x6a3f2b23) sw      gp, 1718(t5)
core   0: 3 0x8000a94e (0x6a3f2b23) mem 0x80010000 0x00000001
core   0: 0x8000a952 (0x0000bfe5) c.j     pc - 8
core   0: 3 0x8000a952 (0xbfe5)
core   0: 0x8000a94a (0x00005f17) auipc   t5, 0x5
core   0: 3 0x8000a94a (0x00005f17) x30 0x8000f94a
core   0: 0x8000a94e (0x6a3f2b23) sw      gp, 1718(t5)
core   0: 3 0x8000a94e (0x6a3f2b23) mem 0x80010000 0x00000001
core   0: 0x8000a952 (0x0000bfe5) c.j     pc - 8
core   0: 3 0x8000a952 (0xbfe5)
core   0: 0x8000a94a (0x00005f17) auipc   t5, 0x5
core   0: 3 0x8000a94a (0x00005f17) x30 0x8000f94a
core   0: 0x8000a94e (0x6a3f2b23) sw      gp, 1718(t5)
core   0: 3 0x8000a94e (0x6a3f2b23) mem 0x80010000 0x00000001
core   0: 0x8000a952 (0x0000bfe5) c.j     pc - 8
core   0: 3 0x8000a952 (0xbfe5)
core   0: 0x8000a94a (0x00005f17) auipc   t5, 0x5
core   0: 3 0x8000a94a (0x00005f17) x30 0x8000f94a
core   0: 0x8000a94e (0x6a3f2b23) sw      gp, 1718(t5)
core   0: 3 0x8000a94e (0x6a3f2b23) mem 0x80010000 0x00000001
core   0: 0x8000a952 (0x0000bfe5) c.j     pc - 8
core   0: 3 0x8000a952 (0xbfe5)
core   0: 0x8000a94a (0x00005f17) auipc   t5, 0x5
core   0: 3 0x8000a94a (0x00005f17) x30 0x8000f94a
core   0: 0x8000a94e (0x6a3f2b23) sw      gp, 1718(t5)
core   0: 3 0x8000a94e (0x6a3f2b23) mem 0x80010000 0x00000001
core   0: 0x8000a952 (0x0000bfe5) c.j     pc - 8
core   0: 3 0x8000a952 (0xbfe5)
core   0: 0x8000a94a (0x00005f17) auipc   t5, 0x5
core   0: 3 0x8000a94a (0x00005f17) x30 0x8000f94a
core   0: 0x8000a94e (0x6a3f2b23) sw      gp, 1718(t5)
core   0: 3 0x8000a94e (0x6a3f2b23) mem 0x80010000 0x00000001
core   0: 0x8000a952 (0x0000bfe5) c.j     pc - 8
core   0: 3 0x8000a952 (0xbfe5)
core   0: 0x8000a94a (0x00005f17) auipc   t5, 0x5
core   0: 3 0x8000a94a (0x00005f17) x30 0x8000f94a
core   0: 0x8000a94e (0x6a3f2b23) sw      gp, 1718(t5)
core   0: 3 0x8000a94e (0x6a3f2b23) mem 0x80010000 0x00000001
core   0: 0x8000a952 (0x0000bfe5) c.j     pc - 8
core   0: 3 0x8000a952 (0xbfe5)
core   0: 0x8000a94a (0x00005f17) auipc   t5, 0x5
core   0: 3 0x8000a94a (0x00005f17) x30 0x8000f94a
core   0: 0x8000a94e (0x6a3f2b23) sw      gp, 1718(t5)
core   0: 3 0x8000a94e (0x6a3f2b23) mem 0x80010000 0x00000001
core   0: 0x8000a952 (0x0000bfe5) c.j     pc - 8
core   0: 3 0x8000a952 (0xbfe5)
core   0: 0x8000a94a (0x00005f17) auipc   t5, 0x5
core   0: 3 0x8000a94a (0x00005f17) x30 0x8000f94a
core   0: 0x8000a94e (0x6a3f2b23) sw      gp, 1718(t5)
core   0: 3 0x8000a94e (0x6a3f2b23) mem 0x80010000 0x00000001
core   0: 0x8000a952 (0x0000bfe5) c.j     pc - 8
core   0: 3 0x8000a952 (0xbfe5)
core   0: 0x8000a94a (0x00005f17) auipc   t5, 0x5
core   0: 3 0x8000a94a (0x00005f17) x30 0x8000f94a
core   0: 0x8000a94e (0x6a3f2b23) sw      gp, 1718(t5)
core   0: 3 0x8000a94e (0x6a3f2b23) mem 0x80010000 0x00000001
core   0: 0x8000a952 (0x0000bfe5) c.j     pc - 8
core   0: 3 0x8000a952 (0xbfe5)
core   0: 0x8000a94a (0x00005f17) auipc   t5, 0x5
core   0: 3 0x8000a94a (0x00005f17) x30 0x8000f94a
core   0: 0x8000a94e (0x6a3f2b23) sw      gp, 1718(t5)
core   0: 3 0x8000a94e (0x6a3f2b23) mem 0x80010000 0x00000001
core   0: 0x8000a952 (0x0000bfe5) c.j     pc - 8
core   0: 3 0x8000a952 (0xbfe5)
core   0: 0x8000a94a (0x00005f17) auipc   t5, 0x5
core   0: 3 0x8000a94a (0x00005f17) x30 0x8000f94a
core   0: 0x8000a94e (0x6a3f2b23) sw      gp, 1718(t5)
core   0: 3 0x8000a94e (0x6a3f2b23) mem 0x80010000 0x00000001
core   0: 0x8000a952 (0x0000bfe5) c.j     pc - 8
core   0: 3 0x8000a952 (0xbfe5)
core   0: 0x8000a94a (0x00005f17) auipc   t5, 0x5
core   0: 3 0x8000a94a (0x00005f17) x30 0x8000f94a
core   0: 0x8000a94e (0x6a3f2b23) sw      gp, 1718(t5)
core   0: 3 0x8000a94e (0x6a3f2b23) mem 0x80010000 0x00000001
core   0: 0x8000a952 (0x0000bfe5) c.j     pc - 8
core   0: 3 0x8000a952 (0xbfe5)
core   0: 0x8000a94a (0x00005f17) auipc   t5, 0x5
core   0: 3 0x8000a94a (0x00005f17) x30 0x8000f94a
core   0: 0x8000a94e (0x6a3f2b23) sw      gp, 1718(t5)
core   0: 3 0x8000a94e (0x6a3f2b23) mem 0x80010000 0x00000001
core   0: 0x8000a952 (0x0000bfe5) c.j     pc - 8
core   0: 3 0x8000a952 (0xbfe5)
core   0: 0x8000a94a (0x00005f17) auipc   t5, 0x5
core   0: 3 0x8000a94a (0x00005f17) x30 0x8000f94a
core   0: 0x8000a94e (0x6a3f2b23) sw      gp, 1718(t5)
core   0: 3 0x8000a94e (0x6a3f2b23) mem 0x80010000 0x00000001
core   0: 0x8000a952 (0x0000bfe5) c.j     pc - 8
core   0: 3 0x8000a952 (0xbfe5)
core   0: 0x8000a94a (0x00005f17) auipc   t5, 0x5
core   0: 3 0x8000a94a (0x00005f17) x30 0x8000f94a
core   0: 0x8000a94e (0x6a3f2b23) sw      gp, 1718(t5)
core   0: 3 0x8000a94e (0x6a3f2b23) mem 0x80010000 0x00000001
core   0: 0x8000a952 (0x0000bfe5) c.j     pc - 8
core   0: 3 0x8000a952 (0xbfe5)
core   0: 0x8000a94a (0x00005f17) auipc   t5, 0x5
core   0: 3 0x8000a94a (0x00005f17) x30 0x8000f94a
core   0: 0x8000a94e (0x6a3f2b23) sw      gp, 1718(t5)
core   0: 3 0x8000a94e (0x6a3f2b23) mem 0x80010000 0x00000001
core   0: 0x8000a952 (0x0000bfe5) c.j     pc - 8
core   0: 3 0x8000a952 (0xbfe5)
core   0: 0x8000a94a (0x00005f17) auipc   t5, 0x5
core   0: 3 0x8000a94a (0x00005f17) x30 0x8000f94a
core   0: 0x8000a94e (0x6a3f2b23) sw      gp, 1718(t5)
core   0: 3 0x8000a94e (0x6a3f2b23) mem 0x80010000 0x00000001
core   0: 0x8000a952 (0x0000bfe5) c.j     pc - 8
core   0: 3 0x8000a952 (0xbfe5)
core   0: 0x8000a94a (0x00005f17) auipc   t5, 0x5
core   0: 3 0x8000a94a (0x00005f17) x30 0x8000f94a
core   0: 0x8000a94e (0x6a3f2b23) sw      gp, 1718(t5)
core   0: 3 0x8000a94e (0x6a3f2b23) mem 0x80010000 0x00000001
core   0: 0x8000a952 (0x0000bfe5) c.j     pc - 8
core   0: 3 0x8000a952 (0xbfe5)
core   0: 0x8000a94a (0x00005f17) auipc   t5, 0x5
core   0: 3 0x8000a94a (0x00005f17) x30 0x8000f94a
core   0: 0x8000a94e (0x6a3f2b23) sw      gp, 1718(t5)
core   0: 3 0x8000a94e (0x6a3f2b23) mem 0x80010000 0x00000001
core   0: 0x8000a952 (0x0000bfe5) c.j     pc - 8
core   0: 3 0x8000a952 (0xbfe5)
core   0: 0x8000a94a (0x00005f17) auipc   t5, 0x5
core   0: 3 0x8000a94a (0x00005f17) x30 0x8000f94a
core   0: 0x8000a94e (0x6a3f2b23) sw      gp, 1718(t5)
core   0: 3 0x8000a94e (0x6a3f2b23) mem 0x80010000 0x00000001
core   0: 0x8000a952 (0x0000bfe5) c.j     pc - 8
core   0: 3 0x8000a952 (0xbfe5)
core   0: 0x8000a94a (0x00005f17) auipc   t5, 0x5
core   0: 3 0x8000a94a (0x00005f17) x30 0x8000f94a
core   0: 0x8000a94e (0x6a3f2b23) sw      gp, 1718(t5)
core   0: 3 0x8000a94e (0x6a3f2b23) mem 0x80010000 0x00000001
core   0: 0x8000a952 (0x0000bfe5) c.j     pc - 8
core   0: 3 0x8000a952 (0xbfe5)
core   0: 0x8000a94a (0x00005f17) auipc   t5, 0x5
core   0: 3 0x8000a94a (0x00005f17) x30 0x8000f94a
core   0: 0x8000a94e (0x6a3f2b23) sw      gp, 1718(t5)
core   0: 3 0x8000a94e (0x6a3f2b23) mem 0x80010000 0x00000001
core   0: 0x8000a952 (0x0000bfe5) c.j     pc - 8
core   0: 3 0x8000a952 (0xbfe5)
core   0: 0x8000a94a (0x00005f17) auipc   t5, 0x5
core   0: 3 0x8000a94a (0x00005f17) x30 0x8000f94a
core   0: 0x8000a94e (0x6a3f2b23) sw      gp, 1718(t5)
core   0: 3 0x8000a94e (0x6a3f2b23) mem 0x80010000 0x00000001
core   0: 0x8000a952 (0x0000bfe5) c.j     pc - 8
core   0: 3 0x8000a952 (0xbfe5)
core   0: 0x8000a94a (0x00005f17) auipc   t5, 0x5
core   0: 3 0x8000a94a (0x00005f17) x30 0x8000f94a
core   0: 0x8000a94e (0x6a3f2b23) sw      gp, 1718(t5)
core   0: 3 0x8000a94e (0x6a3f2b23) mem 0x80010000 0x00000001
core   0: 0x8000a952 (0x0000bfe5) c.j     pc - 8
core   0: 3 0x8000a952 (0xbfe5)
core   0: 0x8000a94a (0x00005f17) auipc   t5, 0x5
core   0: 3 0x8000a94a (0x00005f17) x30 0x8000f94a
core   0: 0x8000a94e (0x6a3f2b23) sw      gp, 1718(t5)
core   0: 3 0x8000a94e (0x6a3f2b23) mem 0x80010000 0x00000001
core   0: 0x8000a952 (0x0000bfe5) c.j     pc - 8
core   0: 3 0x8000a952 (0xbfe5)
core   0: 0x8000a94a (0x00005f17) auipc   t5, 0x5
core   0: 3 0x8000a94a (0x00005f17) x30 0x8000f94a
core   0: 0x8000a94e (0x6a3f2b23) sw      gp, 1718(t5)
core   0: 3 0x8000a94e (0x6a3f2b23) mem 0x80010000 0x00000001
core   0: 0x8000a952 (0x0000bfe5) c.j     pc - 8
core   0: 3 0x8000a952 (0xbfe5)
core   0: 0x8000a94a (0x00005f17) auipc   t5, 0x5
core   0: 3 0x8000a94a (0x00005f17) x30 0x8000f94a
core   0: 0x8000a94e (0x6a3f2b23) sw      gp, 1718(t5)
core   0: 3 0x8000a94e (0x6a3f2b23) mem 0x80010000 0x00000001
core   0: 0x8000a952 (0x0000bfe5) c.j     pc - 8
core   0: 3 0x8000a952 (0xbfe5)
core   0: 0x8000a94a (0x00005f17) auipc   t5, 0x5
core   0: 3 0x8000a94a (0x00005f17) x30 0x8000f94a
core   0: 0x8000a94e (0x6a3f2b23) sw      gp, 1718(t5)
core   0: 3 0x8000a94e (0x6a3f2b23) mem 0x80010000 0x00000001
core   0: 0x8000a952 (0x0000bfe5) c.j     pc - 8
core   0: 3 0x8000a952 (0xbfe5)
core   0: 0x8000a94a (0x00005f17) auipc   t5, 0x5
core   0: 3 0x8000a94a (0x00005f17) x30 0x8000f94a
core   0: 0x8000a94e (0x6a3f2b23) sw      gp, 1718(t5)
core   0: 3 0x8000a94e (0x6a3f2b23) mem 0x80010000 0x00000001
core   0: 0x8000a952 (0x0000bfe5) c.j     pc - 8
core   0: 3 0x8000a952 (0xbfe5)
core   0: 0x8000a94a (0x00005f17) auipc   t5, 0x5
core   0: 3 0x8000a94a (0x00005f17) x30 0x8000f94a
core   0: 0x8000a94e (0x6a3f2b23) sw      gp, 1718(t5)
core   0: 3 0x8000a94e (0x6a3f2b23) mem 0x80010000 0x00000001
core   0: 0x8000a952 (0x0000bfe5) c.j     pc - 8
core   0: 3 0x8000a952 (0xbfe5)
core   0: 0x8000a94a (0x00005f17) auipc   t5, 0x5
core   0: 3 0x8000a94a (0x00005f17) x30 0x8000f94a
core   0: 0x8000a94e (0x6a3f2b23) sw      gp, 1718(t5)
core   0: 3 0x8000a94e (0x6a3f2b23) mem 0x80010000 0x00000001
core   0: 0x8000a952 (0x0000bfe5) c.j     pc - 8
core   0: 3 0x8000a952 (0xbfe5)
core   0: 0x8000a94a (0x00005f17) auipc   t5, 0x5
core   0: 3 0x8000a94a (0x00005f17) x30 0x8000f94a
core   0: 0x8000a94e (0x6a3f2b23) sw      gp, 1718(t5)
core   0: 3 0x8000a94e (0x6a3f2b23) mem 0x80010000 0x00000001
core   0: 0x8000a952 (0x0000bfe5) c.j     pc - 8
core   0: 3 0x8000a952 (0xbfe5)
core   0: 0x8000a94a (0x00005f17) auipc   t5, 0x5
core   0: 3 0x8000a94a (0x00005f17) x30 0x8000f94a
core   0: 0x8000a94e (0x6a3f2b23) sw      gp, 1718(t5)
core   0: 3 0x8000a94e (0x6a3f2b23) mem 0x80010000 0x00000001
core   0: 0x8000a952 (0x0000bfe5) c.j     pc - 8
core   0: 3 0x8000a952 (0xbfe5)
core   0: 0x8000a94a (0x00005f17) auipc   t5, 0x5
core   0: 3 0x8000a94a (0x00005f17) x30 0x8000f94a
core   0: 0x8000a94e (0x6a3f2b23) sw      gp, 1718(t5)
core   0: 3 0x8000a94e (0x6a3f2b23) mem 0x80010000 0x00000001
core   0: 0x8000a952 (0x0000bfe5) c.j     pc - 8
core   0: 3 0x8000a952 (0xbfe5)
core   0: 0x8000a94a (0x00005f17) auipc   t5, 0x5
core   0: 3 0x8000a94a (0x00005f17) x30 0x8000f94a
core   0: 0x8000a94e (0x6a3f2b23) sw      gp, 1718(t5)
core   0: 3 0x8000a94e (0x6a3f2b23) mem 0x80010000 0x00000001
core   0: 0x8000a952 (0x0000bfe5) c.j     pc - 8
core   0: 3 0x8000a952 (0xbfe5)
core   0: 0x8000a94a (0x00005f17) auipc   t5, 0x5
core   0: 3 0x8000a94a (0x00005f17) x30 0x8000f94a
core   0: 0x8000a94e (0x6a3f2b23) sw      gp, 1718(t5)
core   0: 3 0x8000a94e (0x6a3f2b23) mem 0x80010000 0x00000001
core   0: 0x8000a952 (0x0000bfe5) c.j     pc - 8
core   0: 3 0x8000a952 (0xbfe5)
core   0: 0x8000a94a (0x00005f17) auipc   t5, 0x5
core   0: 3 0x8000a94a (0x00005f17) x30 0x8000f94a
core   0: 0x8000a94e (0x6a3f2b23) sw      gp, 1718(t5)
core   0: 3 0x8000a94e (0x6a3f2b23) mem 0x80010000 0x00000001
core   0: 0x8000a952 (0x0000bfe5) c.j     pc - 8
core   0: 3 0x8000a952 (0xbfe5)
core   0: 0x8000a94a (0x00005f17) auipc   t5, 0x5
core   0: 3 0x8000a94a (0x00005f17) x30 0x8000f94a
core   0: 0x8000a94e (0x6a3f2b23) sw      gp, 1718(t5)
core   0: 3 0x8000a94e (0x6a3f2b23) mem 0x80010000 0x00000001
core   0: 0x8000a952 (0x0000bfe5) c.j     pc - 8
core   0: 3 0x8000a952 (0xbfe5)
core   0: 0x8000a94a (0x00005f17) auipc   t5, 0x5
core   0: 3 0x8000a94a (0x00005f17) x30 0x8000f94a
core   0: 0x8000a94e (0x6a3f2b23) sw      gp, 1718(t5)
core   0: 3 0x8000a94e (0x6a3f2b23) mem 0x80010000 0x00000001
core   0: 0x8000a952 (0x0000bfe5) c.j     pc - 8
core   0: 3 0x8000a952 (0xbfe5)
core   0: 0x8000a94a (0x00005f17) auipc   t5, 0x5
core   0: 3 0x8000a94a (0x00005f17) x30 0x8000f94a
core   0: 0x8000a94e (0x6a3f2b23) sw      gp, 1718(t5)
core   0: 3 0x8000a94e (0x6a3f2b23) mem 0x80010000 0x00000001
core   0: 0x8000a952 (0x0000bfe5) c.j     pc - 8
core   0: 3 0x8000a952 (0xbfe5)
core   0: 0x8000a94a (0x00005f17) auipc   t5, 0x5
core   0: 3 0x8000a94a (0x00005f17) x30 0x8000f94a
core   0: 0x8000a94e (0x6a3f2b23) sw      gp, 1718(t5)
core   0: 3 0x8000a94e (0x6a3f2b23) mem 0x80010000 0x00000001
core   0: 0x8000a952 (0x0000bfe5) c.j     pc - 8
core   0: 3 0x8000a952 (0xbfe5)
core   0: 0x8000a94a (0x00005f17) auipc   t5, 0x5
core   0: 3 0x8000a94a (0x00005f17) x30 0x8000f94a
core   0: 0x8000a94e (0x6a3f2b23) sw      gp, 1718(t5)
core   0: 3 0x8000a94e (0x6a3f2b23) mem 0x80010000 0x00000001
core   0: 0x8000a952 (0x0000bfe5) c.j     pc - 8
core   0: 3 0x8000a952 (0xbfe5)
core   0: 0x8000a94a (0x00005f17) auipc   t5, 0x5
core   0: 3 0x8000a94a (0x00005f17) x30 0x8000f94a
core   0: 0x8000a94e (0x6a3f2b23) sw      gp, 1718(t5)
core   0: 3 0x8000a94e (0x6a3f2b23) mem 0x80010000 0x00000001
core   0: 0x8000a952 (0x0000bfe5) c.j     pc - 8
core   0: 3 0x8000a952 (0xbfe5)
core   0: 0x8000a94a (0x00005f17) auipc   t5, 0x5
core   0: 3 0x8000a94a (0x00005f17) x30 0x8000f94a
core   0: 0x8000a94e (0x6a3f2b23) sw      gp, 1718(t5)
core   0: 3 0x8000a94e (0x6a3f2b23) mem 0x80010000 0x00000001
core   0: 0x8000a952 (0x0000bfe5) c.j     pc - 8
core   0: 3 0x8000a952 (0xbfe5)
core   0: 0x8000a94a (0x00005f17) auipc   t5, 0x5
core   0: 3 0x8000a94a (0x00005f17) x30 0x8000f94a
core   0: 0x8000a94e (0x6a3f2b23) sw      gp, 1718(t5)
core   0: 3 0x8000a94e (0x6a3f2b23) mem 0x80010000 0x00000001
core   0: 0x8000a952 (0x0000bfe5) c.j     pc - 8
core   0: 3 0x8000a952 (0xbfe5)
core   0: 0x8000a94a (0x00005f17) auipc   t5, 0x5
core   0: 3 0x8000a94a (0x00005f17) x30 0x8000f94a
core   0: 0x8000a94e (0x6a3f2b23) sw      gp, 1718(t5)
core   0: 3 0x8000a94e (0x6a3f2b23) mem 0x80010000 0x00000001
core   0: 0x8000a952 (0x0000bfe5) c.j     pc - 8
core   0: 3 0x8000a952 (0xbfe5)
core   0: 0x8000a94a (0x00005f17) auipc   t5, 0x5
core   0: 3 0x8000a94a (0x00005f17) x30 0x8000f94a
core   0: 0x8000a94e (0x6a3f2b23) sw      gp, 1718(t5)
core   0: 3 0x8000a94e (0x6a3f2b23) mem 0x80010000 0x00000001
core   0: 0x8000a952 (0x0000bfe5) c.j     pc - 8
core   0: 3 0x8000a952 (0xbfe5)
core   0: 0x8000a94a (0x00005f17) auipc   t5, 0x5
core   0: 3 0x8000a94a (0x00005f17) x30 0x8000f94a
core   0: 0x8000a94e (0x6a3f2b23) sw      gp, 1718(t5)
core   0: 3 0x8000a94e (0x6a3f2b23) mem 0x80010000 0x00000001
core   0: 0x8000a952 (0x0000bfe5) c.j     pc - 8
core   0: 3 0x8000a952 (0xbfe5)
core   0: 0x8000a94a (0x00005f17) auipc   t5, 0x5
core   0: 3 0x8000a94a (0x00005f17) x30 0x8000f94a
core   0: 0x8000a94e (0x6a3f2b23) sw      gp, 1718(t5)
core   0: 3 0x8000a94e (0x6a3f2b23) mem 0x80010000 0x00000001
core   0: 0x8000a952 (0x0000bfe5) c.j     pc - 8
core   0: 3 0x8000a952 (0xbfe5)
core   0: 0x8000a94a (0x00005f17) auipc   t5, 0x5
core   0: 3 0x8000a94a (0x00005f17) x30 0x8000f94a
core   0: 0x8000a94e (0x6a3f2b23) sw      gp, 1718(t5)
core   0: 3 0x8000a94e (0x6a3f2b23) mem 0x80010000 0x00000001
core   0: 0x8000a952 (0x0000bfe5) c.j     pc - 8
core   0: 3 0x8000a952 (0xbfe5)
core   0: 0x8000a94a (0x00005f17) auipc   t5, 0x5
core   0: 3 0x8000a94a (0x00005f17) x30 0x8000f94a
core   0: 0x8000a94e (0x6a3f2b23) sw      gp, 1718(t5)
core   0: 3 0x8000a94e (0x6a3f2b23) mem 0x80010000 0x00000001
core   0: 0x8000a952 (0x0000bfe5) c.j     pc - 8
core   0: 3 0x8000a952 (0xbfe5)
core   0: 0x8000a94a (0x00005f17) auipc   t5, 0x5
core   0: 3 0x8000a94a (0x00005f17) x30 0x8000f94a
core   0: 0x8000a94e (0x6a3f2b23) sw      gp, 1718(t5)
core   0: 3 0x8000a94e (0x6a3f2b23) mem 0x80010000 0x00000001
core   0: 0x8000a952 (0x0000bfe5) c.j     pc - 8
core   0: 3 0x8000a952 (0xbfe5)
core   0: 0x8000a94a (0x00005f17) auipc   t5, 0x5
core   0: 3 0x8000a94a (0x00005f17) x30 0x8000f94a
core   0: 0x8000a94e (0x6a3f2b23) sw      gp, 1718(t5)
core   0: 3 0x8000a94e (0x6a3f2b23) mem 0x80010000 0x00000001
core   0: 0x8000a952 (0x0000bfe5) c.j     pc - 8
core   0: 3 0x8000a952 (0xbfe5)
core   0: 0x8000a94a (0x00005f17) auipc   t5, 0x5
core   0: 3 0x8000a94a (0x00005f17) x30 0x8000f94a
core   0: 0x8000a94e (0x6a3f2b23) sw      gp, 1718(t5)
core   0: 3 0x8000a94e (0x6a3f2b23) mem 0x80010000 0x00000001
core   0: 0x8000a952 (0x0000bfe5) c.j     pc - 8
core   0: 3 0x8000a952 (0xbfe5)
core   0: 0x8000a94a (0x00005f17) auipc   t5, 0x5
core   0: 3 0x8000a94a (0x00005f17) x30 0x8000f94a
core   0: 0x8000a94e (0x6a3f2b23) sw      gp, 1718(t5)
core   0: 3 0x8000a94e (0x6a3f2b23) mem 0x80010000 0x00000001
core   0: 0x8000a952 (0x0000bfe5) c.j     pc - 8
core   0: 3 0x8000a952 (0xbfe5)
core   0: 0x8000a94a (0x00005f17) auipc   t5, 0x5
core   0: 3 0x8000a94a (0x00005f17) x30 0x8000f94a
core   0: 0x8000a94e (0x6a3f2b23) sw      gp, 1718(t5)
core   0: 3 0x8000a94e (0x6a3f2b23) mem 0x80010000 0x00000001
core   0: 0x8000a952 (0x0000bfe5) c.j     pc - 8
core   0: 3 0x8000a952 (0xbfe5)
core   0: 0x8000a94a (0x00005f17) auipc   t5, 0x5
core   0: 3 0x8000a94a (0x00005f17) x30 0x8000f94a
core   0: 0x8000a94e (0x6a3f2b23) sw      gp, 1718(t5)
core   0: 3 0x8000a94e (0x6a3f2b23) mem 0x80010000 0x00000001
core   0: 0x8000a952 (0x0000bfe5) c.j     pc - 8
core   0: 3 0x8000a952 (0xbfe5)
core   0: 0x8000a94a (0x00005f17) auipc   t5, 0x5
core   0: 3 0x8000a94a (0x00005f17) x30 0x8000f94a
core   0: 0x8000a94e (0x6a3f2b23) sw      gp, 1718(t5)
core   0: 3 0x8000a94e (0x6a3f2b23) mem 0x80010000 0x00000001
core   0: 0x8000a952 (0x0000bfe5) c.j     pc - 8
core   0: 3 0x8000a952 (0xbfe5)
core   0: 0x8000a94a (0x00005f17) auipc   t5, 0x5
core   0: 3 0x8000a94a (0x00005f17) x30 0x8000f94a
core   0: 0x8000a94e (0x6a3f2b23) sw      gp, 1718(t5)
core   0: 3 0x8000a94e (0x6a3f2b23) mem 0x80010000 0x00000001
core   0: 0x8000a952 (0x0000bfe5) c.j     pc - 8
core   0: 3 0x8000a952 (0xbfe5)
core   0: 0x8000a94a (0x00005f17) auipc   t5, 0x5
core   0: 3 0x8000a94a (0x00005f17) x30 0x8000f94a
core   0: 0x8000a94e (0x6a3f2b23) sw      gp, 1718(t5)
core   0: 3 0x8000a94e (0x6a3f2b23) mem 0x80010000 0x00000001
core   0: 0x8000a952 (0x0000bfe5) c.j     pc - 8
core   0: 3 0x8000a952 (0xbfe5)
core   0: 0x8000a94a (0x00005f17) auipc   t5, 0x5
core   0: 3 0x8000a94a (0x00005f17) x30 0x8000f94a
core   0: 0x8000a94e (0x6a3f2b23) sw      gp, 1718(t5)
core   0: 3 0x8000a94e (0x6a3f2b23) mem 0x80010000 0x00000001
core   0: 0x8000a952 (0x0000bfe5) c.j     pc - 8
core   0: 3 0x8000a952 (0xbfe5)
core   0: 0x8000a94a (0x00005f17) auipc   t5, 0x5
core   0: 3 0x8000a94a (0x00005f17) x30 0x8000f94a
core   0: 0x8000a94e (0x6a3f2b23) sw      gp, 1718(t5)
core   0: 3 0x8000a94e (0x6a3f2b23) mem 0x80010000 0x00000001
core   0: 0x8000a952 (0x0000bfe5) c.j     pc - 8
core   0: 3 0x8000a952 (0xbfe5)
core   0: 0x8000a94a (0x00005f17) auipc   t5, 0x5
core   0: 3 0x8000a94a (0x00005f17) x30 0x8000f94a
core   0: 0x8000a94e (0x6a3f2b23) sw      gp, 1718(t5)
core   0: 3 0x8000a94e (0x6a3f2b23) mem 0x80010000 0x00000001
core   0: 0x8000a952 (0x0000bfe5) c.j     pc - 8
core   0: 3 0x8000a952 (0xbfe5)
core   0: 0x8000a94a (0x00005f17) auipc   t5, 0x5
core   0: 3 0x8000a94a (0x00005f17) x30 0x8000f94a
core   0: 0x8000a94e (0x6a3f2b23) sw      gp, 1718(t5)
core   0: 3 0x8000a94e (0x6a3f2b23) mem 0x80010000 0x00000001
core   0: 0x8000a952 (0x0000bfe5) c.j     pc - 8
core   0: 3 0x8000a952 (0xbfe5)
core   0: 0x8000a94a (0x00005f17) auipc   t5, 0x5
core   0: 3 0x8000a94a (0x00005f17) x30 0x8000f94a
core   0: 0x8000a94e (0x6a3f2b23) sw      gp, 1718(t5)
core   0: 3 0x8000a94e (0x6a3f2b23) mem 0x80010000 0x00000001
core   0: 0x8000a952 (0x0000bfe5) c.j     pc - 8
core   0: 3 0x8000a952 (0xbfe5)
core   0: 0x8000a94a (0x00005f17) auipc   t5, 0x5
core   0: 3 0x8000a94a (0x00005f17) x30 0x8000f94a
core   0: 0x8000a94e (0x6a3f2b23) sw      gp, 1718(t5)
core   0: 3 0x8000a94e (0x6a3f2b23) mem 0x80010000 0x00000001
core   0: 0x8000a952 (0x0000bfe5) c.j     pc - 8
core   0: 3 0x8000a952 (0xbfe5)
core   0: 0x8000a94a (0x00005f17) auipc   t5, 0x5
core   0: 3 0x8000a94a (0x00005f17) x30 0x8000f94a
core   0: 0x8000a94e (0x6a3f2b23) sw      gp, 1718(t5)
core   0: 3 0x8000a94e (0x6a3f2b23) mem 0x80010000 0x00000001
core   0: 0x8000a952 (0x0000bfe5) c.j     pc - 8
core   0: 3 0x8000a952 (0xbfe5)
core   0: 0x8000a94a (0x00005f17) auipc   t5, 0x5
core   0: 3 0x8000a94a (0x00005f17) x30 0x8000f94a
core   0: 0x8000a94e (0x6a3f2b23) sw      gp, 1718(t5)
core   0: 3 0x8000a94e (0x6a3f2b23) mem 0x80010000 0x00000001
core   0: 0x8000a952 (0x0000bfe5) c.j     pc - 8
core   0: 3 0x8000a952 (0xbfe5)
core   0: 0x8000a94a (0x00005f17) auipc   t5, 0x5
core   0: 3 0x8000a94a (0x00005f17) x30 0x8000f94a
core   0: 0x8000a94e (0x6a3f2b23) sw      gp, 1718(t5)
core   0: 3 0x8000a94e (0x6a3f2b23) mem 0x80010000 0x00000001
core   0: 0x8000a952 (0x0000bfe5) c.j     pc - 8
core   0: 3 0x8000a952 (0xbfe5)
core   0: 0x8000a94a (0x00005f17) auipc   t5, 0x5
core   0: 3 0x8000a94a (0x00005f17) x30 0x8000f94a
core   0: 0x8000a94e (0x6a3f2b23) sw      gp, 1718(t5)
core   0: 3 0x8000a94e (0x6a3f2b23) mem 0x80010000 0x00000001
core   0: 0x8000a952 (0x0000bfe5) c.j     pc - 8
core   0: 3 0x8000a952 (0xbfe5)
core   0: 0x8000a94a (0x00005f17) auipc   t5, 0x5
core   0: 3 0x8000a94a (0x00005f17) x30 0x8000f94a
core   0: 0x8000a94e (0x6a3f2b23) sw      gp, 1718(t5)
core   0: 3 0x8000a94e (0x6a3f2b23) mem 0x80010000 0x00000001
core   0: 0x8000a952 (0x0000bfe5) c.j     pc - 8
core   0: 3 0x8000a952 (0xbfe5)
core   0: 0x8000a94a (0x00005f17) auipc   t5, 0x5
core   0: 3 0x8000a94a (0x00005f17) x30 0x8000f94a
core   0: 0x8000a94e (0x6a3f2b23) sw      gp, 1718(t5)
core   0: 3 0x8000a94e (0x6a3f2b23) mem 0x80010000 0x00000001
core   0: 0x8000a952 (0x0000bfe5) c.j     pc - 8
core   0: 3 0x8000a952 (0xbfe5)
core   0: 0x8000a94a (0x00005f17) auipc   t5, 0x5
core   0: 3 0x8000a94a (0x00005f17) x30 0x8000f94a
core   0: 0x8000a94e (0x6a3f2b23) sw      gp, 1718(t5)
core   0: 3 0x8000a94e (0x6a3f2b23) mem 0x80010000 0x00000001
core   0: 0x8000a952 (0x0000bfe5) c.j     pc - 8
core   0: 3 0x8000a952 (0xbfe5)
core   0: 0x8000a94a (0x00005f17) auipc   t5, 0x5
core   0: 3 0x8000a94a (0x00005f17) x30 0x8000f94a
core   0: 0x8000a94e (0x6a3f2b23) sw      gp, 1718(t5)
core   0: 3 0x8000a94e (0x6a3f2b23) mem 0x80010000 0x00000001
core   0: 0x8000a952 (0x0000bfe5) c.j     pc - 8
core   0: 3 0x8000a952 (0xbfe5)
core   0: 0x8000a94a (0x00005f17) auipc   t5, 0x5
core   0: 3 0x8000a94a (0x00005f17) x30 0x8000f94a
core   0: 0x8000a94e (0x6a3f2b23) sw      gp, 1718(t5)
core   0: 3 0x8000a94e (0x6a3f2b23) mem 0x80010000 0x00000001
core   0: 0x8000a952 (0x0000bfe5) c.j     pc - 8
core   0: 3 0x8000a952 (0xbfe5)
core   0: 0x8000a94a (0x00005f17) auipc   t5, 0x5
core   0: 3 0x8000a94a (0x00005f17) x30 0x8000f94a
core   0: 0x8000a94e (0x6a3f2b23) sw      gp, 1718(t5)
core   0: 3 0x8000a94e (0x6a3f2b23) mem 0x80010000 0x00000001
core   0: 0x8000a952 (0x0000bfe5) c.j     pc - 8
core   0: 3 0x8000a952 (0xbfe5)
core   0: 0x8000a94a (0x00005f17) auipc   t5, 0x5
core   0: 3 0x8000a94a (0x00005f17) x30 0x8000f94a
core   0: 0x8000a94e (0x6a3f2b23) sw      gp, 1718(t5)
core   0: 3 0x8000a94e (0x6a3f2b23) mem 0x80010000 0x00000001
core   0: 0x8000a952 (0x0000bfe5) c.j     pc - 8
core   0: 3 0x8000a952 (0xbfe5)
core   0: 0x8000a94a (0x00005f17) auipc   t5, 0x5
core   0: 3 0x8000a94a (0x00005f17) x30 0x8000f94a
core   0: 0x8000a94e (0x6a3f2b23) sw      gp, 1718(t5)
core   0: 3 0x8000a94e (0x6a3f2b23) mem 0x80010000 0x00000001
core   0: 0x8000a952 (0x0000bfe5) c.j     pc - 8
core   0: 3 0x8000a952 (0xbfe5)
core   0: 0x8000a94a (0x00005f17) auipc   t5, 0x5
core   0: 3 0x8000a94a (0x00005f17) x30 0x8000f94a
core   0: 0x8000a94e (0x6a3f2b23) sw      gp, 1718(t5)
core   0: 3 0x8000a94e (0x6a3f2b23) mem 0x80010000 0x00000001
core   0: 0x8000a952 (0x0000bfe5) c.j     pc - 8
core   0: 3 0x8000a952 (0xbfe5)
core   0: 0x8000a94a (0x00005f17) auipc   t5, 0x5
core   0: 3 0x8000a94a (0x00005f17) x30 0x8000f94a
core   0: 0x8000a94e (0x6a3f2b23) sw      gp, 1718(t5)
core   0: 3 0x8000a94e (0x6a3f2b23) mem 0x80010000 0x00000001
core   0: 0x8000a952 (0x0000bfe5) c.j     pc - 8
core   0: 3 0x8000a952 (0xbfe5)
core   0: 0x8000a94a (0x00005f17) auipc   t5, 0x5
core   0: 3 0x8000a94a (0x00005f17) x30 0x8000f94a
core   0: 0x8000a94e (0x6a3f2b23) sw      gp, 1718(t5)
core   0: 3 0x8000a94e (0x6a3f2b23) mem 0x80010000 0x00000001
core   0: 0x8000a952 (0x0000bfe5) c.j     pc - 8
core   0: 3 0x8000a952 (0xbfe5)
core   0: 0x8000a94a (0x00005f17) auipc   t5, 0x5
core   0: 3 0x8000a94a (0x00005f17) x30 0x8000f94a
core   0: 0x8000a94e (0x6a3f2b23) sw      gp, 1718(t5)
core   0: 3 0x8000a94e (0x6a3f2b23) mem 0x80010000 0x00000001
core   0: 0x8000a952 (0x0000bfe5) c.j     pc - 8
core   0: 3 0x8000a952 (0xbfe5)
core   0: 0x8000a94a (0x00005f17) auipc   t5, 0x5
core   0: 3 0x8000a94a (0x00005f17) x30 0x8000f94a
core   0: 0x8000a94e (0x6a3f2b23) sw      gp, 1718(t5)
core   0: 3 0x8000a94e (0x6a3f2b23) mem 0x80010000 0x00000001
core   0: 0x8000a952 (0x0000bfe5) c.j     pc - 8
core   0: 3 0x8000a952 (0xbfe5)
core   0: 0x8000a94a (0x00005f17) auipc   t5, 0x5
core   0: 3 0x8000a94a (0x00005f17) x30 0x8000f94a
core   0: 0x8000a94e (0x6a3f2b23) sw      gp, 1718(t5)
core   0: 3 0x8000a94e (0x6a3f2b23) mem 0x80010000 0x00000001
core   0: 0x8000a952 (0x0000bfe5) c.j     pc - 8
core   0: 3 0x8000a952 (0xbfe5)
core   0: 0x8000a94a (0x00005f17) auipc   t5, 0x5
core   0: 3 0x8000a94a (0x00005f17) x30 0x8000f94a
core   0: 0x8000a94e (0x6a3f2b23) sw      gp, 1718(t5)
core   0: 3 0x8000a94e (0x6a3f2b23) mem 0x80010000 0x00000001
core   0: 0x8000a952 (0x0000bfe5) c.j     pc - 8
core   0: 3 0x8000a952 (0xbfe5)
core   0: 0x8000a94a (0x00005f17) auipc   t5, 0x5
core   0: 3 0x8000a94a (0x00005f17) x30 0x8000f94a
core   0: 0x8000a94e (0x6a3f2b23) sw      gp, 1718(t5)
core   0: 3 0x8000a94e (0x6a3f2b23) mem 0x80010000 0x00000001
core   0: 0x8000a952 (0x0000bfe5) c.j     pc - 8
core   0: 3 0x8000a952 (0xbfe5)
core   0: 0x8000a94a (0x00005f17) auipc   t5, 0x5
core   0: 3 0x8000a94a (0x00005f17) x30 0x8000f94a
core   0: 0x8000a94e (0x6a3f2b23) sw      gp, 1718(t5)
core   0: 3 0x8000a94e (0x6a3f2b23) mem 0x80010000 0x00000001
core   0: 0x8000a952 (0x0000bfe5) c.j     pc - 8
core   0: 3 0x8000a952 (0xbfe5)
core   0: 0x8000a94a (0x00005f17) auipc   t5, 0x5
core   0: 3 0x8000a94a (0x00005f17) x30 0x8000f94a
core   0: 0x8000a94e (0x6a3f2b23) sw      gp, 1718(t5)
core   0: 3 0x8000a94e (0x6a3f2b23) mem 0x80010000 0x00000001
core   0: 0x8000a952 (0x0000bfe5) c.j     pc - 8
core   0: 3 0x8000a952 (0xbfe5)
core   0: 0x8000a94a (0x00005f17) auipc   t5, 0x5
core   0: 3 0x8000a94a (0x00005f17) x30 0x8000f94a
core   0: 0x8000a94e (0x6a3f2b23) sw      gp, 1718(t5)
core   0: 3 0x8000a94e (0x6a3f2b23) mem 0x80010000 0x00000001
core   0: 0x8000a952 (0x0000bfe5) c.j     pc - 8
core   0: 3 0x8000a952 (0xbfe5)
core   0: 0x8000a94a (0x00005f17) auipc   t5, 0x5
core   0: 3 0x8000a94a (0x00005f17) x30 0x8000f94a
core   0: 0x8000a94e (0x6a3f2b23) sw      gp, 1718(t5)
core   0: 3 0x8000a94e (0x6a3f2b23) mem 0x80010000 0x00000001
core   0: 0x8000a952 (0x0000bfe5) c.j     pc - 8
core   0: 3 0x8000a952 (0xbfe5)
core   0: 0x8000a94a (0x00005f17) auipc   t5, 0x5
core   0: 3 0x8000a94a (0x00005f17) x30 0x8000f94a
core   0: 0x8000a94e (0x6a3f2b23) sw      gp, 1718(t5)
core   0: 3 0x8000a94e (0x6a3f2b23) mem 0x80010000 0x00000001
core   0: 0x8000a952 (0x0000bfe5) c.j     pc - 8
core   0: 3 0x8000a952 (0xbfe5)
core   0: 0x8000a94a (0x00005f17) auipc   t5, 0x5
core   0: 3 0x8000a94a (0x00005f17) x30 0x8000f94a
core   0: 0x8000a94e (0x6a3f2b23) sw      gp, 1718(t5)
core   0: 3 0x8000a94e (0x6a3f2b23) mem 0x80010000 0x00000001
core   0: 0x8000a952 (0x0000bfe5) c.j     pc - 8
core   0: 3 0x8000a952 (0xbfe5)
core   0: 0x8000a94a (0x00005f17) auipc   t5, 0x5
core   0: 3 0x8000a94a (0x00005f17) x30 0x8000f94a
core   0: 0x8000a94e (0x6a3f2b23) sw      gp, 1718(t5)
core   0: 3 0x8000a94e (0x6a3f2b23) mem 0x80010000 0x00000001
core   0: 0x8000a952 (0x0000bfe5) c.j     pc - 8
core   0: 3 0x8000a952 (0xbfe5)
core   0: 0x8000a94a (0x00005f17) auipc   t5, 0x5
core   0: 3 0x8000a94a (0x00005f17) x30 0x8000f94a
core   0: 0x8000a94e (0x6a3f2b23) sw      gp, 1718(t5)
core   0: 3 0x8000a94e (0x6a3f2b23) mem 0x80010000 0x00000001
core   0: 0x8000a952 (0x0000bfe5) c.j     pc - 8
core   0: 3 0x8000a952 (0xbfe5)
core   0: 0x8000a94a (0x00005f17) auipc   t5, 0x5
core   0: 3 0x8000a94a (0x00005f17) x30 0x8000f94a
core   0: 0x8000a94e (0x6a3f2b23) sw      gp, 1718(t5)
core   0: 3 0x8000a94e (0x6a3f2b23) mem 0x80010000 0x00000001
core   0: 0x8000a952 (0x0000bfe5) c.j     pc - 8
core   0: 3 0x8000a952 (0xbfe5)
core   0: 0x8000a94a (0x00005f17) auipc   t5, 0x5
core   0: 3 0x8000a94a (0x00005f17) x30 0x8000f94a
core   0: 0x8000a94e (0x6a3f2b23) sw      gp, 1718(t5)
core   0: 3 0x8000a94e (0x6a3f2b23) mem 0x80010000 0x00000001
core   0: 0x8000a952 (0x0000bfe5) c.j     pc - 8
core   0: 3 0x8000a952 (0xbfe5)
core   0: 0x8000a94a (0x00005f17) auipc   t5, 0x5
core   0: 3 0x8000a94a (0x00005f17) x30 0x8000f94a
core   0: 0x8000a94e (0x6a3f2b23) sw      gp, 1718(t5)
core   0: 3 0x8000a94e (0x6a3f2b23) mem 0x80010000 0x00000001
core   0: 0x8000a952 (0x0000bfe5) c.j     pc - 8
core   0: 3 0x8000a952 (0xbfe5)
core   0: 0x8000a94a (0x00005f17) auipc   t5, 0x5
core   0: 3 0x8000a94a (0x00005f17) x30 0x8000f94a
core   0: 0x8000a94e (0x6a3f2b23) sw      gp, 1718(t5)
core   0: 3 0x8000a94e (0x6a3f2b23) mem 0x80010000 0x00000001
core   0: 0x8000a952 (0x0000bfe5) c.j     pc - 8
core   0: 3 0x8000a952 (0xbfe5)
core   0: 0x8000a94a (0x00005f17) auipc   t5, 0x5
core   0: 3 0x8000a94a (0x00005f17) x30 0x8000f94a
core   0: 0x8000a94e (0x6a3f2b23) sw      gp, 1718(t5)
core   0: 3 0x8000a94e (0x6a3f2b23) mem 0x80010000 0x00000001
core   0: 0x8000a952 (0x0000bfe5) c.j     pc - 8
core   0: 3 0x8000a952 (0xbfe5)
core   0: 0x8000a94a (0x00005f17) auipc   t5, 0x5
core   0: 3 0x8000a94a (0x00005f17) x30 0x8000f94a
core   0: 0x8000a94e (0x6a3f2b23) sw      gp, 1718(t5)
core   0: 3 0x8000a94e (0x6a3f2b23) mem 0x80010000 0x00000001
core   0: 0x8000a952 (0x0000bfe5) c.j     pc - 8
core   0: 3 0x8000a952 (0xbfe5)
core   0: 0x8000a94a (0x00005f17) auipc   t5, 0x5
core   0: 3 0x8000a94a (0x00005f17) x30 0x8000f94a
core   0: 0x8000a94e (0x6a3f2b23) sw      gp, 1718(t5)
core   0: 3 0x8000a94e (0x6a3f2b23) mem 0x80010000 0x00000001
core   0: 0x8000a952 (0x0000bfe5) c.j     pc - 8
core   0: 3 0x8000a952 (0xbfe5)
core   0: 0x8000a94a (0x00005f17) auipc   t5, 0x5
core   0: 3 0x8000a94a (0x00005f17) x30 0x8000f94a
core   0: 0x8000a94e (0x6a3f2b23) sw      gp, 1718(t5)
core   0: 3 0x8000a94e (0x6a3f2b23) mem 0x80010000 0x00000001
core   0: 0x8000a952 (0x0000bfe5) c.j     pc - 8
core   0: 3 0x8000a952 (0xbfe5)
core   0: 0x8000a94a (0x00005f17) auipc   t5, 0x5
core   0: 3 0x8000a94a (0x00005f17) x30 0x8000f94a
core   0: 0x8000a94e (0x6a3f2b23) sw      gp, 1718(t5)
core   0: 3 0x8000a94e (0x6a3f2b23) mem 0x80010000 0x00000001
core   0: 0x8000a952 (0x0000bfe5) c.j     pc - 8
core   0: 3 0x8000a952 (0xbfe5)
core   0: 0x8000a94a (0x00005f17) auipc   t5, 0x5
core   0: 3 0x8000a94a (0x00005f17) x30 0x8000f94a
core   0: 0x8000a94e (0x6a3f2b23) sw      gp, 1718(t5)
core   0: 3 0x8000a94e (0x6a3f2b23) mem 0x80010000 0x00000001
core   0: 0x8000a952 (0x0000bfe5) c.j     pc - 8
core   0: 3 0x8000a952 (0xbfe5)
core   0: 0x8000a94a (0x00005f17) auipc   t5, 0x5
core   0: 3 0x8000a94a (0x00005f17) x30 0x8000f94a
core   0: 0x8000a94e (0x6a3f2b23) sw      gp, 1718(t5)
core   0: 3 0x8000a94e (0x6a3f2b23) mem 0x80010000 0x00000001
core   0: 0x8000a952 (0x0000bfe5) c.j     pc - 8
core   0: 3 0x8000a952 (0xbfe5)
core   0: 0x8000a94a (0x00005f17) auipc   t5, 0x5
core   0: 3 0x8000a94a (0x00005f17) x30 0x8000f94a
core   0: 0x8000a94e (0x6a3f2b23) sw      gp, 1718(t5)
core   0: 3 0x8000a94e (0x6a3f2b23) mem 0x80010000 0x00000001
core   0: 0x8000a952 (0x0000bfe5) c.j     pc - 8
core   0: 3 0x8000a952 (0xbfe5)
core   0: 0x8000a94a (0x00005f17) auipc   t5, 0x5
core   0: 3 0x8000a94a (0x00005f17) x30 0x8000f94a
core   0: 0x8000a94e (0x6a3f2b23) sw      gp, 1718(t5)
core   0: 3 0x8000a94e (0x6a3f2b23) mem 0x80010000 0x00000001
core   0: 0x8000a952 (0x0000bfe5) c.j     pc - 8
core   0: 3 0x8000a952 (0xbfe5)
core   0: 0x8000a94a (0x00005f17) auipc   t5, 0x5
core   0: 3 0x8000a94a (0x00005f17) x30 0x8000f94a
core   0: 0x8000a94e (0x6a3f2b23) sw      gp, 1718(t5)
core   0: 3 0x8000a94e (0x6a3f2b23) mem 0x80010000 0x00000001
core   0: 0x8000a952 (0x0000bfe5) c.j     pc - 8
core   0: 3 0x8000a952 (0xbfe5)
core   0: 0x8000a94a (0x00005f17) auipc   t5, 0x5
core   0: 3 0x8000a94a (0x00005f17) x30 0x8000f94a
core   0: 0x8000a94e (0x6a3f2b23) sw      gp, 1718(t5)
core   0: 3 0x8000a94e (0x6a3f2b23) mem 0x80010000 0x00000001
core   0: 0x8000a952 (0x0000bfe5) c.j     pc - 8
core   0: 3 0x8000a952 (0xbfe5)
core   0: 0x8000a94a (0x00005f17) auipc   t5, 0x5
core   0: 3 0x8000a94a (0x00005f17) x30 0x8000f94a
core   0: 0x8000a94e (0x6a3f2b23) sw      gp, 1718(t5)
core   0: 3 0x8000a94e (0x6a3f2b23) mem 0x80010000 0x00000001
core   0: 0x8000a952 (0x0000bfe5) c.j     pc - 8
core   0: 3 0x8000a952 (0xbfe5)
core   0: 0x8000a94a (0x00005f17) auipc   t5, 0x5
core   0: 3 0x8000a94a (0x00005f17) x30 0x8000f94a
core   0: 0x8000a94e (0x6a3f2b23) sw      gp, 1718(t5)
core   0: 3 0x8000a94e (0x6a3f2b23) mem 0x80010000 0x00000001
core   0: 0x8000a952 (0x0000bfe5) c.j     pc - 8
core   0: 3 0x8000a952 (0xbfe5)
core   0: 0x8000a94a (0x00005f17) auipc   t5, 0x5
core   0: 3 0x8000a94a (0x00005f17) x30 0x8000f94a
core   0: 0x8000a94e (0x6a3f2b23) sw      gp, 1718(t5)
core   0: 3 0x8000a94e (0x6a3f2b23) mem 0x80010000 0x00000001
core   0: 0x8000a952 (0x0000bfe5) c.j     pc - 8
core   0: 3 0x8000a952 (0xbfe5)
core   0: 0x8000a94a (0x00005f17) auipc   t5, 0x5
core   0: 3 0x8000a94a (0x00005f17) x30 0x8000f94a
core   0: 0x8000a94e (0x6a3f2b23) sw      gp, 1718(t5)
core   0: 3 0x8000a94e (0x6a3f2b23) mem 0x80010000 0x00000001
core   0: 0x8000a952 (0x0000bfe5) c.j     pc - 8
core   0: 3 0x8000a952 (0xbfe5)
core   0: 0x8000a94a (0x00005f17) auipc   t5, 0x5
core   0: 3 0x8000a94a (0x00005f17) x30 0x8000f94a
core   0: 0x8000a94e (0x6a3f2b23) sw      gp, 1718(t5)
core   0: 3 0x8000a94e (0x6a3f2b23) mem 0x80010000 0x00000001
core   0: 0x8000a952 (0x0000bfe5) c.j     pc - 8
core   0: 3 0x8000a952 (0xbfe5)
core   0: 0x8000a94a (0x00005f17) auipc   t5, 0x5
core   0: 3 0x8000a94a (0x00005f17) x30 0x8000f94a
core   0: 0x8000a94e (0x6a3f2b23) sw      gp, 1718(t5)
core   0: 3 0x8000a94e (0x6a3f2b23) mem 0x80010000 0x00000001
core   0: 0x8000a952 (0x0000bfe5) c.j     pc - 8
core   0: 3 0x8000a952 (0xbfe5)
core   0: 0x8000a94a (0x00005f17) auipc   t5, 0x5
core   0: 3 0x8000a94a (0x00005f17) x30 0x8000f94a
core   0: 0x8000a94e (0x6a3f2b23) sw      gp, 1718(t5)
core   0: 3 0x8000a94e (0x6a3f2b23) mem 0x80010000 0x00000001
core   0: 0x8000a952 (0x0000bfe5) c.j     pc - 8
core   0: 3 0x8000a952 (0xbfe5)
core   0: 0x8000a94a (0x00005f17) auipc   t5, 0x5
core   0: 3 0x8000a94a (0x00005f17) x30 0x8000f94a
core   0: 0x8000a94e (0x6a3f2b23) sw      gp, 1718(t5)
core   0: 3 0x8000a94e (0x6a3f2b23) mem 0x80010000 0x00000001
core   0: 0x8000a952 (0x0000bfe5) c.j     pc - 8
core   0: 3 0x8000a952 (0xbfe5)
core   0: 0x8000a94a (0x00005f17) auipc   t5, 0x5
core   0: 3 0x8000a94a (0x00005f17) x30 0x8000f94a
core   0: 0x8000a94e (0x6a3f2b23) sw      gp, 1718(t5)
core   0: 3 0x8000a94e (0x6a3f2b23) mem 0x80010000 0x00000001
core   0: 0x8000a952 (0x0000bfe5) c.j     pc - 8
core   0: 3 0x8000a952 (0xbfe5)
core   0: 0x8000a94a (0x00005f17) auipc   t5, 0x5
core   0: 3 0x8000a94a (0x00005f17) x30 0x8000f94a
core   0: 0x8000a94e (0x6a3f2b23) sw      gp, 1718(t5)
core   0: 3 0x8000a94e (0x6a3f2b23) mem 0x80010000 0x00000001
core   0: 0x8000a952 (0x0000bfe5) c.j     pc - 8
core   0: 3 0x8000a952 (0xbfe5)
core   0: 0x8000a94a (0x00005f17) auipc   t5, 0x5
core   0: 3 0x8000a94a (0x00005f17) x30 0x8000f94a
core   0: 0x8000a94e (0x6a3f2b23) sw      gp, 1718(t5)
core   0: 3 0x8000a94e (0x6a3f2b23) mem 0x80010000 0x00000001
core   0: 0x8000a952 (0x0000bfe5) c.j     pc - 8
core   0: 3 0x8000a952 (0xbfe5)
core   0: 0x8000a94a (0x00005f17) auipc   t5, 0x5
core   0: 3 0x8000a94a (0x00005f17) x30 0x8000f94a
core   0: 0x8000a94e (0x6a3f2b23) sw      gp, 1718(t5)
core   0: 3 0x8000a94e (0x6a3f2b23) mem 0x80010000 0x00000001
core   0: 0x8000a952 (0x0000bfe5) c.j     pc - 8
core   0: 3 0x8000a952 (0xbfe5)
core   0: 0x8000a94a (0x00005f17) auipc   t5, 0x5
core   0: 3 0x8000a94a (0x00005f17) x30 0x8000f94a
core   0: 0x8000a94e (0x6a3f2b23) sw      gp, 1718(t5)
core   0: 3 0x8000a94e (0x6a3f2b23) mem 0x80010000 0x00000001
core   0: 0x8000a952 (0x0000bfe5) c.j     pc - 8
core   0: 3 0x8000a952 (0xbfe5)
core   0: 0x8000a94a (0x00005f17) auipc   t5, 0x5
core   0: 3 0x8000a94a (0x00005f17) x30 0x8000f94a
core   0: 0x8000a94e (0x6a3f2b23) sw      gp, 1718(t5)
core   0: 3 0x8000a94e (0x6a3f2b23) mem 0x80010000 0x00000001
core   0: 0x8000a952 (0x0000bfe5) c.j     pc - 8
core   0: 3 0x8000a952 (0xbfe5)
core   0: 0x8000a94a (0x00005f17) auipc   t5, 0x5
core   0: 3 0x8000a94a (0x00005f17) x30 0x8000f94a
core   0: 0x8000a94e (0x6a3f2b23) sw      gp, 1718(t5)
core   0: 3 0x8000a94e (0x6a3f2b23) mem 0x80010000 0x00000001
core   0: 0x8000a952 (0x0000bfe5) c.j     pc - 8
core   0: 3 0x8000a952 (0xbfe5)
core   0: 0x8000a94a (0x00005f17) auipc   t5, 0x5
core   0: 3 0x8000a94a (0x00005f17) x30 0x8000f94a
core   0: 0x8000a94e (0x6a3f2b23) sw      gp, 1718(t5)
core   0: 3 0x8000a94e (0x6a3f2b23) mem 0x80010000 0x00000001
core   0: 0x8000a952 (0x0000bfe5) c.j     pc - 8
core   0: 3 0x8000a952 (0xbfe5)
core   0: 0x8000a94a (0x00005f17) auipc   t5, 0x5
core   0: 3 0x8000a94a (0x00005f17) x30 0x8000f94a
core   0: 0x8000a94e (0x6a3f2b23) sw      gp, 1718(t5)
core   0: 3 0x8000a94e (0x6a3f2b23) mem 0x80010000 0x00000001
core   0: 0x8000a952 (0x0000bfe5) c.j     pc - 8
core   0: 3 0x8000a952 (0xbfe5)
core   0: 0x8000a94a (0x00005f17) auipc   t5, 0x5
core   0: 3 0x8000a94a (0x00005f17) x30 0x8000f94a
core   0: 0x8000a94e (0x6a3f2b23) sw      gp, 1718(t5)
core   0: 3 0x8000a94e (0x6a3f2b23) mem 0x80010000 0x00000001
core   0: 0x8000a952 (0x0000bfe5) c.j     pc - 8
core   0: 3 0x8000a952 (0xbfe5)
core   0: 0x8000a94a (0x00005f17) auipc   t5, 0x5
core   0: 3 0x8000a94a (0x00005f17) x30 0x8000f94a
core   0: 0x8000a94e (0x6a3f2b23) sw      gp, 1718(t5)
core   0: 3 0x8000a94e (0x6a3f2b23) mem 0x80010000 0x00000001
core   0: 0x8000a952 (0x0000bfe5) c.j     pc - 8
core   0: 3 0x8000a952 (0xbfe5)
core   0: 0x8000a94a (0x00005f17) auipc   t5, 0x5
core   0: 3 0x8000a94a (0x00005f17) x30 0x8000f94a
core   0: 0x8000a94e (0x6a3f2b23) sw      gp, 1718(t5)
core   0: 3 0x8000a94e (0x6a3f2b23) mem 0x80010000 0x00000001
core   0: 0x8000a952 (0x0000bfe5) c.j     pc - 8
core   0: 3 0x8000a952 (0xbfe5)
core   0: 0x8000a94a (0x00005f17) auipc   t5, 0x5
core   0: 3 0x8000a94a (0x00005f17) x30 0x8000f94a
core   0: 0x8000a94e (0x6a3f2b23) sw      gp, 1718(t5)
core   0: 3 0x8000a94e (0x6a3f2b23) mem 0x80010000 0x00000001
core   0: 0x8000a952 (0x0000bfe5) c.j     pc - 8
core   0: 3 0x8000a952 (0xbfe5)
core   0: 0x8000a94a (0x00005f17) auipc   t5, 0x5
core   0: 3 0x8000a94a (0x00005f17) x30 0x8000f94a
core   0: 0x8000a94e (0x6a3f2b23) sw      gp, 1718(t5)
core   0: 3 0x8000a94e (0x6a3f2b23) mem 0x80010000 0x00000001
core   0: 0x8000a952 (0x0000bfe5) c.j     pc - 8
core   0: 3 0x8000a952 (0xbfe5)
core   0: 0x8000a94a (0x00005f17) auipc   t5, 0x5
core   0: 3 0x8000a94a (0x00005f17) x30 0x8000f94a
core   0: 0x8000a94e (0x6a3f2b23) sw      gp, 1718(t5)
core   0: 3 0x8000a94e (0x6a3f2b23) mem 0x80010000 0x00000001
core   0: 0x8000a952 (0x0000bfe5) c.j     pc - 8
core   0: 3 0x8000a952 (0xbfe5)
core   0: 0x8000a94a (0x00005f17) auipc   t5, 0x5
core   0: 3 0x8000a94a (0x00005f17) x30 0x8000f94a
core   0: 0x8000a94e (0x6a3f2b23) sw      gp, 1718(t5)
core   0: 3 0x8000a94e (0x6a3f2b23) mem 0x80010000 0x00000001
core   0: 0x8000a952 (0x0000bfe5) c.j     pc - 8
core   0: 3 0x8000a952 (0xbfe5)
core   0: 0x8000a94a (0x00005f17) auipc   t5, 0x5
core   0: 3 0x8000a94a (0x00005f17) x30 0x8000f94a
core   0: 0x8000a94e (0x6a3f2b23) sw      gp, 1718(t5)
core   0: 3 0x8000a94e (0x6a3f2b23) mem 0x80010000 0x00000001
core   0: 0x8000a952 (0x0000bfe5) c.j     pc - 8
core   0: 3 0x8000a952 (0xbfe5)
core   0: 0x8000a94a (0x00005f17) auipc   t5, 0x5
core   0: 3 0x8000a94a (0x00005f17) x30 0x8000f94a
core   0: 0x8000a94e (0x6a3f2b23) sw      gp, 1718(t5)
core   0: 3 0x8000a94e (0x6a3f2b23) mem 0x80010000 0x00000001
core   0: 0x8000a952 (0x0000bfe5) c.j     pc - 8
core   0: 3 0x8000a952 (0xbfe5)
core   0: 0x8000a94a (0x00005f17) auipc   t5, 0x5
core   0: 3 0x8000a94a (0x00005f17) x30 0x8000f94a
core   0: 0x8000a94e (0x6a3f2b23) sw      gp, 1718(t5)
core   0: 3 0x8000a94e (0x6a3f2b23) mem 0x80010000 0x00000001
core   0: 0x8000a952 (0x0000bfe5) c.j     pc - 8
core   0: 3 0x8000a952 (0xbfe5)
core   0: 0x8000a94a (0x00005f17) auipc   t5, 0x5
core   0: 3 0x8000a94a (0x00005f17) x30 0x8000f94a
core   0: 0x8000a94e (0x6a3f2b23) sw      gp, 1718(t5)
core   0: 3 0x8000a94e (0x6a3f2b23) mem 0x80010000 0x00000001
core   0: 0x8000a952 (0x0000bfe5) c.j     pc - 8
core   0: 3 0x8000a952 (0xbfe5)
core   0: 0x8000a94a (0x00005f17) auipc   t5, 0x5
core   0: 3 0x8000a94a (0x00005f17) x30 0x8000f94a
core   0: 0x8000a94e (0x6a3f2b23) sw      gp, 1718(t5)
core   0: 3 0x8000a94e (0x6a3f2b23) mem 0x80010000 0x00000001
core   0: 0x8000a952 (0x0000bfe5) c.j     pc - 8
core   0: 3 0x8000a952 (0xbfe5)
core   0: 0x8000a94a (0x00005f17) auipc   t5, 0x5
core   0: 3 0x8000a94a (0x00005f17) x30 0x8000f94a
core   0: 0x8000a94e (0x6a3f2b23) sw      gp, 1718(t5)
core   0: 3 0x8000a94e (0x6a3f2b23) mem 0x80010000 0x00000001
core   0: 0x8000a952 (0x0000bfe5) c.j     pc - 8
core   0: 3 0x8000a952 (0xbfe5)
core   0: 0x8000a94a (0x00005f17) auipc   t5, 0x5
core   0: 3 0x8000a94a (0x00005f17) x30 0x8000f94a
core   0: 0x8000a94e (0x6a3f2b23) sw      gp, 1718(t5)
core   0: 3 0x8000a94e (0x6a3f2b23) mem 0x80010000 0x00000001
core   0: 0x8000a952 (0x0000bfe5) c.j     pc - 8
core   0: 3 0x8000a952 (0xbfe5)
core   0: 0x8000a94a (0x00005f17) auipc   t5, 0x5
core   0: 3 0x8000a94a (0x00005f17) x30 0x8000f94a
core   0: 0x8000a94e (0x6a3f2b23) sw      gp, 1718(t5)
core   0: 3 0x8000a94e (0x6a3f2b23) mem 0x80010000 0x00000001
core   0: 0x8000a952 (0x0000bfe5) c.j     pc - 8
core   0: 3 0x8000a952 (0xbfe5)
core   0: 0x8000a94a (0x00005f17) auipc   t5, 0x5
core   0: 3 0x8000a94a (0x00005f17) x30 0x8000f94a
core   0: 0x8000a94e (0x6a3f2b23) sw      gp, 1718(t5)
core   0: 3 0x8000a94e (0x6a3f2b23) mem 0x80010000 0x00000001
core   0: 0x8000a952 (0x0000bfe5) c.j     pc - 8
core   0: 3 0x8000a952 (0xbfe5)
core   0: 0x8000a94a (0x00005f17) auipc   t5, 0x5
core   0: 3 0x8000a94a (0x00005f17) x30 0x8000f94a
core   0: 0x8000a94e (0x6a3f2b23) sw      gp, 1718(t5)
core   0: 3 0x8000a94e (0x6a3f2b23) mem 0x80010000 0x00000001
core   0: 0x8000a952 (0x0000bfe5) c.j     pc - 8
core   0: 3 0x8000a952 (0xbfe5)
core   0: 0x8000a94a (0x00005f17) auipc   t5, 0x5
core   0: 3 0x8000a94a (0x00005f17) x30 0x8000f94a
core   0: 0x8000a94e (0x6a3f2b23) sw      gp, 1718(t5)
core   0: 3 0x8000a94e (0x6a3f2b23) mem 0x80010000 0x00000001
core   0: 0x8000a952 (0x0000bfe5) c.j     pc - 8
core   0: 3 0x8000a952 (0xbfe5)
core   0: 0x8000a94a (0x00005f17) auipc   t5, 0x5
core   0: 3 0x8000a94a (0x00005f17) x30 0x8000f94a
core   0: 0x8000a94e (0x6a3f2b23) sw      gp, 1718(t5)
core   0: 3 0x8000a94e (0x6a3f2b23) mem 0x80010000 0x00000001
core   0: 0x8000a952 (0x0000bfe5) c.j     pc - 8
core   0: 3 0x8000a952 (0xbfe5)
core   0: 0x8000a94a (0x00005f17) auipc   t5, 0x5
core   0: 3 0x8000a94a (0x00005f17) x30 0x8000f94a
core   0: 0x8000a94e (0x6a3f2b23) sw      gp, 1718(t5)
core   0: 3 0x8000a94e (0x6a3f2b23) mem 0x80010000 0x00000001
core   0: 0x8000a952 (0x0000bfe5) c.j     pc - 8
core   0: 3 0x8000a952 (0xbfe5)
core   0: 0x8000a94a (0x00005f17) auipc   t5, 0x5
core   0: 3 0x8000a94a (0x00005f17) x30 0x8000f94a
core   0: 0x8000a94e (0x6a3f2b23) sw      gp, 1718(t5)
core   0: 3 0x8000a94e (0x6a3f2b23) mem 0x80010000 0x00000001
core   0: 0x8000a952 (0x0000bfe5) c.j     pc - 8
core   0: 3 0x8000a952 (0xbfe5)
core   0: 0x8000a94a (0x00005f17) auipc   t5, 0x5
core   0: 3 0x8000a94a (0x00005f17) x30 0x8000f94a
core   0: 0x8000a94e (0x6a3f2b23) sw      gp, 1718(t5)
core   0: 3 0x8000a94e (0x6a3f2b23) mem 0x80010000 0x00000001
core   0: 0x8000a952 (0x0000bfe5) c.j     pc - 8
core   0: 3 0x8000a952 (0xbfe5)
core   0: 0x8000a94a (0x00005f17) auipc   t5, 0x5
core   0: 3 0x8000a94a (0x00005f17) x30 0x8000f94a
core   0: 0x8000a94e (0x6a3f2b23) sw      gp, 1718(t5)
core   0: 3 0x8000a94e (0x6a3f2b23) mem 0x80010000 0x00000001
core   0: 0x8000a952 (0x0000bfe5) c.j     pc - 8
core   0: 3 0x8000a952 (0xbfe5)
core   0: 0x8000a94a (0x00005f17) auipc   t5, 0x5
core   0: 3 0x8000a94a (0x00005f17) x30 0x8000f94a
core   0: 0x8000a94e (0x6a3f2b23) sw      gp, 1718(t5)
core   0: 3 0x8000a94e (0x6a3f2b23) mem 0x80010000 0x00000001
core   0: 0x8000a952 (0x0000bfe5) c.j     pc - 8
core   0: 3 0x8000a952 (0xbfe5)
core   0: 0x8000a94a (0x00005f17) auipc   t5, 0x5
core   0: 3 0x8000a94a (0x00005f17) x30 0x8000f94a
core   0: 0x8000a94e (0x6a3f2b23) sw      gp, 1718(t5)
core   0: 3 0x8000a94e (0x6a3f2b23) mem 0x80010000 0x00000001
core   0: 0x8000a952 (0x0000bfe5) c.j     pc - 8
core   0: 3 0x8000a952 (0xbfe5)
core   0: 0x8000a94a (0x00005f17) auipc   t5, 0x5
core   0: 3 0x8000a94a (0x00005f17) x30 0x8000f94a
core   0: 0x8000a94e (0x6a3f2b23) sw      gp, 1718(t5)
core   0: 3 0x8000a94e (0x6a3f2b23) mem 0x80010000 0x00000001
core   0: 0x8000a952 (0x0000bfe5) c.j     pc - 8
core   0: 3 0x8000a952 (0xbfe5)
core   0: 0x8000a94a (0x00005f17) auipc   t5, 0x5
core   0: 3 0x8000a94a (0x00005f17) x30 0x8000f94a
core   0: 0x8000a94e (0x6a3f2b23) sw      gp, 1718(t5)
core   0: 3 0x8000a94e (0x6a3f2b23) mem 0x80010000 0x00000001
core   0: 0x8000a952 (0x0000bfe5) c.j     pc - 8
core   0: 3 0x8000a952 (0xbfe5)
core   0: 0x8000a94a (0x00005f17) auipc   t5, 0x5
core   0: 3 0x8000a94a (0x00005f17) x30 0x8000f94a
core   0: 0x8000a94e (0x6a3f2b23) sw      gp, 1718(t5)
core   0: 3 0x8000a94e (0x6a3f2b23) mem 0x80010000 0x00000001
core   0: 0x8000a952 (0x0000bfe5) c.j     pc - 8
core   0: 3 0x8000a952 (0xbfe5)
core   0: 0x8000a94a (0x00005f17) auipc   t5, 0x5
core   0: 3 0x8000a94a (0x00005f17) x30 0x8000f94a
core   0: 0x8000a94e (0x6a3f2b23) sw      gp, 1718(t5)
core   0: 3 0x8000a94e (0x6a3f2b23) mem 0x80010000 0x00000001
core   0: 0x8000a952 (0x0000bfe5) c.j     pc - 8
core   0: 3 0x8000a952 (0xbfe5)
core   0: 0x8000a94a (0x00005f17) auipc   t5, 0x5
core   0: 3 0x8000a94a (0x00005f17) x30 0x8000f94a
core   0: 0x8000a94e (0x6a3f2b23) sw      gp, 1718(t5)
core   0: 3 0x8000a94e (0x6a3f2b23) mem 0x80010000 0x00000001
core   0: 0x8000a952 (0x0000bfe5) c.j     pc - 8
core   0: 3 0x8000a952 (0xbfe5)
core   0: 0x8000a94a (0x00005f17) auipc   t5, 0x5
core   0: 3 0x8000a94a (0x00005f17) x30 0x8000f94a
core   0: 0x8000a94e (0x6a3f2b23) sw      gp, 1718(t5)
core   0: 3 0x8000a94e (0x6a3f2b23) mem 0x80010000 0x00000001
core   0: 0x8000a952 (0x0000bfe5) c.j     pc - 8
core   0: 3 0x8000a952 (0xbfe5)
core   0: 0x8000a94a (0x00005f17) auipc   t5, 0x5
core   0: 3 0x8000a94a (0x00005f17) x30 0x8000f94a
core   0: 0x8000a94e (0x6a3f2b23) sw      gp, 1718(t5)
core   0: 3 0x8000a94e (0x6a3f2b23) mem 0x80010000 0x00000001
core   0: 0x8000a952 (0x0000bfe5) c.j     pc - 8
core   0: 3 0x8000a952 (0xbfe5)
core   0: 0x8000a94a (0x00005f17) auipc   t5, 0x5
core   0: 3 0x8000a94a (0x00005f17) x30 0x8000f94a
core   0: 0x8000a94e (0x6a3f2b23) sw      gp, 1718(t5)
core   0: 3 0x8000a94e (0x6a3f2b23) mem 0x80010000 0x00000001
core   0: 0x8000a952 (0x0000bfe5) c.j     pc - 8
core   0: 3 0x8000a952 (0xbfe5)
core   0: 0x8000a94a (0x00005f17) auipc   t5, 0x5
core   0: 3 0x8000a94a (0x00005f17) x30 0x8000f94a
core   0: 0x8000a94e (0x6a3f2b23) sw      gp, 1718(t5)
core   0: 3 0x8000a94e (0x6a3f2b23) mem 0x80010000 0x00000001
